Makefile:14: must set CVA6_REPO_DIR to point at the root of CVA6 sources and CVA6_TB_DIR to point here -- doing it for you...
LD_LIBRARY_PATH="$(realpath ../../tools/spike/lib):$LD_LIBRARY_PATH" \
	/home/server/RISCV/cva6/tools/spike/bin/spike --steps=2000000  --log-commits --isa=rv64gc_zba_zbb_zbs_zbc_zicsr_zifencei --priv=msu -l /home/server/RISCV/cva6/verif/sim/out/seed_1512/directed_asm_tests/new_seeds_1512_.o
[SPIKE] Max simulation steps: 2000000
[SPIKE] Proc 0 | ISA: rv64gc_zba_zbb_zbs_zbc_zicsr_zifencei PRIV: msu
[SPIKE] Initializing memories...
core   0: 0x0000000000010000 (0x00100413) li      s0, 1
core   0: 3 0x0000000000010000 (0x00100413) x8  0x0000000000000001
core   0: 0x0000000000010004 (0x01f41413) slli    s0, s0, 31
core   0: 3 0x0000000000010004 (0x01f41413) x8  0x0000000080000000
core   0: 0x0000000000010008 (0xf1402573) csrrs   a0, mhartid, zero
core   0: 3 0x0000000000010008 (0xf1402573) x10 0x0000000000000000
core   0: 0x000000000001000c (0x00000597) auipc   a1, 0x0
core   0: 3 0x000000000001000c (0x00000597) x11 0x000000000001000c
core   0: 0x0000000000010010 (0x07458593) addi    a1, a1, 116
core   0: 3 0x0000000000010010 (0x07458593) x11 0x0000000000010080
core   0: 0x0000000000010014 (0x00040067) jr      s0
core   0: 3 0x0000000000010014 (0x00040067)
core   0: >>>>  _start
core   0: 0x0000000080000000 (0x00004081) c.li    ra, 0
core   0: 3 0x0000000080000000 (0x4081) x1  0x0000000000000000
core   0: 0x0000000080000002 (0x00004101) c.li    sp, 0
core   0: 3 0x0000000080000002 (0x4101) x2  0x0000000000000000
core   0: 0x0000000080000004 (0x00004181) c.li    gp, 0
core   0: 3 0x0000000080000004 (0x4181) x3  0x0000000000000000
core   0: 0x0000000080000006 (0x00004201) c.li    tp, 0
core   0: 3 0x0000000080000006 (0x4201) x4  0x0000000000000000
core   0: 0x0000000080000008 (0x00004281) c.li    t0, 0
core   0: 3 0x0000000080000008 (0x4281) x5  0x0000000000000000
core   0: 0x000000008000000a (0x00004301) c.li    t1, 0
core   0: 3 0x000000008000000a (0x4301) x6  0x0000000000000000
core   0: 0x000000008000000c (0x00004381) c.li    t2, 0
core   0: 3 0x000000008000000c (0x4381) x7  0x0000000000000000
core   0: 0x000000008000000e (0x00004401) c.li    s0, 0
core   0: 3 0x000000008000000e (0x4401) x8  0x0000000000000000
core   0: 0x0000000080000010 (0x00004481) c.li    s1, 0
core   0: 3 0x0000000080000010 (0x4481) x9  0x0000000000000000
core   0: 0x0000000080000012 (0x00004501) c.li    a0, 0
core   0: 3 0x0000000080000012 (0x4501) x10 0x0000000000000000
core   0: 0x0000000080000014 (0x00004581) c.li    a1, 0
core   0: 3 0x0000000080000014 (0x4581) x11 0x0000000000000000
core   0: 0x0000000080000016 (0x00004601) c.li    a2, 0
core   0: 3 0x0000000080000016 (0x4601) x12 0x0000000000000000
core   0: 0x0000000080000018 (0x00004681) c.li    a3, 0
core   0: 3 0x0000000080000018 (0x4681) x13 0x0000000000000000
core   0: 0x000000008000001a (0x00004701) c.li    a4, 0
core   0: 3 0x000000008000001a (0x4701) x14 0x0000000000000000
core   0: 0x000000008000001c (0x00004781) c.li    a5, 0
core   0: 3 0x000000008000001c (0x4781) x15 0x0000000000000000
core   0: 0x000000008000001e (0x00004801) c.li    a6, 0
core   0: 3 0x000000008000001e (0x4801) x16 0x0000000000000000
core   0: 0x0000000080000020 (0x00004881) c.li    a7, 0
core   0: 3 0x0000000080000020 (0x4881) x17 0x0000000000000000
core   0: 0x0000000080000022 (0x00004901) c.li    s2, 0
core   0: 3 0x0000000080000022 (0x4901) x18 0x0000000000000000
core   0: 0x0000000080000024 (0x00004981) c.li    s3, 0
core   0: 3 0x0000000080000024 (0x4981) x19 0x0000000000000000
core   0: 0x0000000080000026 (0x00004a01) c.li    s4, 0
core   0: 3 0x0000000080000026 (0x4a01) x20 0x0000000000000000
core   0: 0x0000000080000028 (0x00004a81) c.li    s5, 0
core   0: 3 0x0000000080000028 (0x4a81) x21 0x0000000000000000
core   0: 0x000000008000002a (0x00004b01) c.li    s6, 0
core   0: 3 0x000000008000002a (0x4b01) x22 0x0000000000000000
core   0: 0x000000008000002c (0x00004b81) c.li    s7, 0
core   0: 3 0x000000008000002c (0x4b81) x23 0x0000000000000000
core   0: 0x000000008000002e (0x00004c01) c.li    s8, 0
core   0: 3 0x000000008000002e (0x4c01) x24 0x0000000000000000
core   0: 0x0000000080000030 (0x00004c81) c.li    s9, 0
core   0: 3 0x0000000080000030 (0x4c81) x25 0x0000000000000000
core   0: 0x0000000080000032 (0x00004d01) c.li    s10, 0
core   0: 3 0x0000000080000032 (0x4d01) x26 0x0000000000000000
core   0: 0x0000000080000034 (0x00004d81) c.li    s11, 0
core   0: 3 0x0000000080000034 (0x4d81) x27 0x0000000000000000
core   0: 0x0000000080000036 (0x00004e01) c.li    t3, 0
core   0: 3 0x0000000080000036 (0x4e01) x28 0x0000000000000000
core   0: 0x0000000080000038 (0x00004e81) c.li    t4, 0
core   0: 3 0x0000000080000038 (0x4e81) x29 0x0000000000000000
core   0: 0x000000008000003a (0x00004f01) c.li    t5, 0
core   0: 3 0x000000008000003a (0x4f01) x30 0x0000000000000000
core   0: 0x000000008000003c (0x00004f81) c.li    t6, 0
core   0: 3 0x000000008000003c (0x4f81) x31 0x0000000000000000
core   0: 0x000000008000003e (0x000062f9) c.lui   t0, 0x1e
core   0: 3 0x000000008000003e (0x62f9) x5  0x000000000001e000
core   0: 0x0000000080000040 (0x3002a073) csrrs   zero, mstatus, t0
core   0: 3 0x0000000080000040 (0x3002a073) c768_mstatus 0x8000000a00006000
core   0: 0x0000000080000044 (0x00004285) c.li    t0, 1
core   0: 3 0x0000000080000044 (0x4285) x5  0x0000000000000001
core   0: 0x0000000080000046 (0x000002fe) c.slli  t0, 31
core   0: 3 0x0000000080000046 (0x02fe) x5  0x0000000080000000
core   0: 0x0000000080000048 (0x0002d863) bge     t0, zero, pc + 16
core   0: 3 0x0000000080000048 (0x0002d863)
core   0: 0x0000000080000058 (0x00000297) auipc   t0, 0x0
core   0: 3 0x0000000080000058 (0x00000297) x5  0x0000000080000058
core   0: 0x000000008000005c (0x09028293) addi    t0, t0, 144
core   0: 3 0x000000008000005c (0x09028293) x5  0x00000000800000e8
core   0: 0x0000000080000060 (0x30529073) csrrw   zero, mtvec, t0
core   0: 3 0x0000000080000060 (0x30529073) c773_mtvec 0x00000000800000e8
core   0: 0x0000000080000064 (0x00301073) csrrw   zero, fcsr, zero
core   0: 3 0x0000000080000064 (0x00301073) c1_fflags 0x0000000000000000 c2_frm 0x0000000000000000
core   0: 0x0000000080000068 (0xf0000053) fmv.w.x ft0, zero
core   0: 3 0x0000000080000068 (0xf0000053) f0  0xffffffff00000000
core   0: 0x000000008000006c (0xf00000d3) fmv.w.x ft1, zero
core   0: 3 0x000000008000006c (0xf00000d3) f1  0xffffffff00000000
core   0: 0x0000000080000070 (0xf0000153) fmv.w.x ft2, zero
core   0: 3 0x0000000080000070 (0xf0000153) f2  0xffffffff00000000
core   0: 0x0000000080000074 (0xf00001d3) fmv.w.x ft3, zero
core   0: 3 0x0000000080000074 (0xf00001d3) f3  0xffffffff00000000
core   0: 0x0000000080000078 (0xf0000253) fmv.w.x ft4, zero
core   0: 3 0x0000000080000078 (0xf0000253) f4  0xffffffff00000000
core   0: 0x000000008000007c (0xf00002d3) fmv.w.x ft5, zero
core   0: 3 0x000000008000007c (0xf00002d3) f5  0xffffffff00000000
core   0: 0x0000000080000080 (0xf0000353) fmv.w.x ft6, zero
core   0: 3 0x0000000080000080 (0xf0000353) f6  0xffffffff00000000
core   0: 0x0000000080000084 (0xf00003d3) fmv.w.x ft7, zero
core   0: 3 0x0000000080000084 (0xf00003d3) f7  0xffffffff00000000
core   0: 0x0000000080000088 (0xf0000453) fmv.w.x fs0, zero
core   0: 3 0x0000000080000088 (0xf0000453) f8  0xffffffff00000000
core   0: 0x000000008000008c (0xf00004d3) fmv.w.x fs1, zero
core   0: 3 0x000000008000008c (0xf00004d3) f9  0xffffffff00000000
core   0: 0x0000000080000090 (0xf0000553) fmv.w.x fa0, zero
core   0: 3 0x0000000080000090 (0xf0000553) f10 0xffffffff00000000
core   0: 0x0000000080000094 (0xf00005d3) fmv.w.x fa1, zero
core   0: 3 0x0000000080000094 (0xf00005d3) f11 0xffffffff00000000
core   0: 0x0000000080000098 (0xf0000653) fmv.w.x fa2, zero
core   0: 3 0x0000000080000098 (0xf0000653) f12 0xffffffff00000000
core   0: 0x000000008000009c (0xf00006d3) fmv.w.x fa3, zero
core   0: 3 0x000000008000009c (0xf00006d3) f13 0xffffffff00000000
core   0: 0x00000000800000a0 (0xf0000753) fmv.w.x fa4, zero
core   0: 3 0x00000000800000a0 (0xf0000753) f14 0xffffffff00000000
core   0: 0x00000000800000a4 (0xf00007d3) fmv.w.x fa5, zero
core   0: 3 0x00000000800000a4 (0xf00007d3) f15 0xffffffff00000000
core   0: 0x00000000800000a8 (0xf0000853) fmv.w.x fa6, zero
core   0: 3 0x00000000800000a8 (0xf0000853) f16 0xffffffff00000000
core   0: 0x00000000800000ac (0xf00008d3) fmv.w.x fa7, zero
core   0: 3 0x00000000800000ac (0xf00008d3) f17 0xffffffff00000000
core   0: 0x00000000800000b0 (0xf0000953) fmv.w.x fs2, zero
core   0: 3 0x00000000800000b0 (0xf0000953) f18 0xffffffff00000000
core   0: 0x00000000800000b4 (0xf00009d3) fmv.w.x fs3, zero
core   0: 3 0x00000000800000b4 (0xf00009d3) f19 0xffffffff00000000
core   0: 0x00000000800000b8 (0xf0000a53) fmv.w.x fs4, zero
core   0: 3 0x00000000800000b8 (0xf0000a53) f20 0xffffffff00000000
core   0: 0x00000000800000bc (0xf0000ad3) fmv.w.x fs5, zero
core   0: 3 0x00000000800000bc (0xf0000ad3) f21 0xffffffff00000000
core   0: 0x00000000800000c0 (0xf0000b53) fmv.w.x fs6, zero
core   0: 3 0x00000000800000c0 (0xf0000b53) f22 0xffffffff00000000
core   0: 0x00000000800000c4 (0xf0000bd3) fmv.w.x fs7, zero
core   0: 3 0x00000000800000c4 (0xf0000bd3) f23 0xffffffff00000000
core   0: 0x00000000800000c8 (0xf0000c53) fmv.w.x fs8, zero
core   0: 3 0x00000000800000c8 (0xf0000c53) f24 0xffffffff00000000
core   0: 0x00000000800000cc (0xf0000cd3) fmv.w.x fs9, zero
core   0: 3 0x00000000800000cc (0xf0000cd3) f25 0xffffffff00000000
core   0: 0x00000000800000d0 (0xf0000d53) fmv.w.x fs10, zero
core   0: 3 0x00000000800000d0 (0xf0000d53) f26 0xffffffff00000000
core   0: 0x00000000800000d4 (0xf0000dd3) fmv.w.x fs11, zero
core   0: 3 0x00000000800000d4 (0xf0000dd3) f27 0xffffffff00000000
core   0: 0x00000000800000d8 (0xf0000e53) fmv.w.x ft8, zero
core   0: 3 0x00000000800000d8 (0xf0000e53) f28 0xffffffff00000000
core   0: 0x00000000800000dc (0xf0000ed3) fmv.w.x ft9, zero
core   0: 3 0x00000000800000dc (0xf0000ed3) f29 0xffffffff00000000
core   0: 0x00000000800000e0 (0xf0000f53) fmv.w.x ft10, zero
core   0: 3 0x00000000800000e0 (0xf0000f53) f30 0xffffffff00000000
core   0: 0x00000000800000e4 (0xf0000fd3) fmv.w.x ft11, zero
core   0: 3 0x00000000800000e4 (0xf0000fd3) f31 0xffffffff00000000
core   0: 0x00000000800000e8 (0x00000297) auipc   t0, 0x0
core   0: 3 0x00000000800000e8 (0x00000297) x5  0x00000000800000e8
core   0: 0x00000000800000ec (0x03c28293) addi    t0, t0, 60
core   0: 3 0x00000000800000ec (0x03c28293) x5  0x0000000080000124
core   0: 0x00000000800000f0 (0x30529073) csrrw   zero, mtvec, t0
core   0: 3 0x00000000800000f0 (0x30529073) c773_mtvec 0x0000000080000124
core   0: 0x00000000800000f4 (0x00012197) auipc   gp, 0x12
core   0: 3 0x00000000800000f4 (0x00012197) x3  0x00000000800120f4
core   0: 0x00000000800000f8 (0x73418193) addi    gp, gp, 1844
core   0: 3 0x00000000800000f8 (0x73418193) x3  0x0000000080012828
core   0: 0x00000000800000fc (0x00012217) auipc   tp, 0x12
core   0: 3 0x00000000800000fc (0x00012217) x4  0x00000000800120fc
core   0: 0x0000000080000100 (0xf8320213) addi    tp, tp, -125
core   0: 3 0x0000000080000100 (0xf8320213) x4  0x000000008001207f
core   0: 0x0000000080000104 (0xfc027213) andi    tp, tp, -64
core   0: 3 0x0000000080000104 (0xfc027213) x4  0x0000000080012040
core   0: 0x0000000080000108 (0xf1402573) csrrs   a0, mhartid, zero
core   0: 3 0x0000000080000108 (0xf1402573) x10 0x0000000000000000
core   0: 0x000000008000010c (0x00004585) c.li    a1, 1
core   0: 3 0x000000008000010c (0x4585) x11 0x0000000000000001
core   0: 0x000000008000010e (0x00b57063) bgeu    a0, a1, pc + 0
core   0: 3 0x000000008000010e (0x00b57063)
core   0: 0x0000000080000112 (0x00150113) addi    sp, a0, 1
core   0: 3 0x0000000080000112 (0x00150113) x2  0x0000000000000001
core   0: 0x0000000080000116 (0x00000146) c.slli  sp, 17
core   0: 3 0x0000000080000116 (0x0146) x2  0x0000000000020000
core   0: 0x0000000080000118 (0x00009112) c.add   sp, tp
core   0: 3 0x0000000080000118 (0x9112) x2  0x0000000080032040
core   0: 0x000000008000011a (0x01151613) slli    a2, a0, 17
core   0: 3 0x000000008000011a (0x01151613) x12 0x0000000000000000
core   0: 0x000000008000011e (0x00009232) c.add   tp, a2
core   0: 3 0x000000008000011e (0x9232) x4  0x0000000080012040
core   0: 0x0000000080000120 (0x4100f06f) j       pc + 0xf410
core   0: 3 0x0000000080000120 (0x4100f06f)
core   0: >>>>  _init
core   0: 0x000000008000f530 (0x00007171) c.addi16sp sp, -176
core   0: 3 0x000000008000f530 (0x7171) x2  0x0000000080031f90
core   0: 0x000000008000f532 (0x0000f506) c.sdsp  ra, 168(sp)
core   0: 3 0x000000008000f532 (0xf506) mem 0x0000000080032038 0x0000000000000000
core   0: 0x000000008000f534 (0x0000f122) c.sdsp  s0, 160(sp)
core   0: 3 0x000000008000f534 (0xf122) mem 0x0000000080032030 0x0000000000000000
core   0: 0x000000008000f536 (0x0000ed26) c.sdsp  s1, 152(sp)
core   0: 3 0x000000008000f536 (0xed26) mem 0x0000000080032028 0x0000000000000000
core   0: 0x000000008000f538 (0x00001900) c.addi4spn s0, sp, 176
core   0: 3 0x000000008000f538 (0x1900) x8  0x0000000080032040
core   0: 0x000000008000f53a (0x000087aa) c.mv    a5, a0
core   0: 3 0x000000008000f53a (0x87aa) x15 0x0000000000000000
core   0: 0x000000008000f53c (0x0000872e) c.mv    a4, a1
core   0: 3 0x000000008000f53c (0x872e) x14 0x0000000000000001
core   0: 0x000000008000f53e (0xf4f42e23) sw      a5, -164(s0)
core   0: 3 0x000000008000f53e (0xf4f42e23) mem 0x0000000080031f9c 0x00000000
core   0: 0x000000008000f542 (0x000087ba) c.mv    a5, a4
core   0: 3 0x000000008000f542 (0x87ba) x15 0x0000000000000001
core   0: 0x000000008000f544 (0xf4f42c23) sw      a5, -168(s0)
core   0: 3 0x000000008000f544 (0xf4f42c23) mem 0x0000000080031f98 0x00000001
core   0: 0x000000008000f548 (0xfe040793) addi    a5, s0, -32
core   0: 3 0x000000008000f548 (0xfe040793) x15 0x0000000080032020
core   0: 0x000000008000f54c (0xf4f43823) sd      a5, -176(s0)
core   0: 3 0x000000008000f54c (0xf4f43823) mem 0x0000000080031f90 0x0000000080032020
core   0: 0x000000008000f550 (0xf5043783) ld      a5, -176(s0)
core   0: 3 0x000000008000f550 (0xf5043783) x15 0x0000000080032020 mem 0x0000000080031f90
core   0: 0x000000008000f554 (0xf8078793) addi    a5, a5, -128
core   0: 3 0x000000008000f554 (0xf8078793) x15 0x0000000080031fa0
core   0: 0x000000008000f558 (0x03f78793) addi    a5, a5, 63
core   0: 3 0x000000008000f558 (0x03f78793) x15 0x0000000080031fdf
core   0: 0x000000008000f55c (0x00008399) c.srli  a5, 6
core   0: 3 0x000000008000f55c (0x8399) x15 0x0000000002000c7f
core   0: 0x000000008000f55e (0x00679493) slli    s1, a5, 6
core   0: 3 0x000000008000f55e (0x00679493) x9  0x0000000080031fc0
core   0: 0x000000008000f562 (0xf65ff0ef) jal     pc - 0x9c
core   0: 3 0x000000008000f562 (0xf65ff0ef) x1  0x000000008000f566
core   0: >>>>  init_tls
core   0: 0x000000008000f4c6 (0x00001101) c.addi  sp, -32
core   0: 3 0x000000008000f4c6 (0x1101) x2  0x0000000080031f70
core   0: 0x000000008000f4c8 (0x0000ec06) c.sdsp  ra, 24(sp)
core   0: 3 0x000000008000f4c8 (0xec06) mem 0x0000000080031f88 0x000000008000f566
core   0: 0x000000008000f4ca (0x0000e822) c.sdsp  s0, 16(sp)
core   0: 3 0x000000008000f4ca (0xe822) mem 0x0000000080031f80 0x0000000080032040
core   0: 0x000000008000f4cc (0x00001000) c.addi4spn s0, sp, 32
core   0: 3 0x000000008000f4cc (0x1000) x8  0x0000000080031f90
core   0: 0x000000008000f4ce (0x00003717) auipc   a4, 0x3
core   0: 3 0x000000008000f4ce (0x00003717) x14 0x00000000800124ce
core   0: 0x000000008000f4d2 (0xb5a70713) addi    a4, a4, -1190
core   0: 3 0x000000008000f4d2 (0xb5a70713) x14 0x0000000080012028
core   0: 0x000000008000f4d6 (0x00003797) auipc   a5, 0x3
core   0: 3 0x000000008000f4d6 (0x00003797) x15 0x00000000800124d6
core   0: 0x000000008000f4da (0xb5278793) addi    a5, a5, -1198
core   0: 3 0x000000008000f4da (0xb5278793) x15 0x0000000080012028
core   0: 0x000000008000f4de (0x40f707b3) sub     a5, a4, a5
core   0: 3 0x000000008000f4de (0x40f707b3) x15 0x0000000000000000
core   0: 0x000000008000f4e2 (0xfef43423) sd      a5, -24(s0)
core   0: 3 0x000000008000f4e2 (0xfef43423) mem 0x0000000080031f78 0x0000000000000000
core   0: 0x000000008000f4e6 (0x00008792) c.mv    a5, tp
core   0: 3 0x000000008000f4e6 (0x8792) x15 0x0000000080012040
core   0: 0x000000008000f4e8 (0xfe843603) ld      a2, -24(s0)
core   0: 3 0x000000008000f4e8 (0xfe843603) x12 0x0000000000000000 mem 0x0000000080031f78
core   0: 0x000000008000f4ec (0x00003597) auipc   a1, 0x3
core   0: 3 0x000000008000f4ec (0x00003597) x11 0x00000000800124ec
core   0: 0x000000008000f4f0 (0xb3c58593) addi    a1, a1, -1220
core   0: 3 0x000000008000f4f0 (0xb3c58593) x11 0x0000000080012028
core   0: 0x000000008000f4f4 (0x0000853e) c.mv    a0, a5
core   0: 3 0x000000008000f4f4 (0x853e) x10 0x0000000080012040
core   0: 0x000000008000f4f6 (0x0f9000ef) jal     pc + 0x8f8
core   0: 3 0x000000008000f4f6 (0x0f9000ef) x1  0x000000008000f4fa
core   0: >>>>  memcpy
core   0: 0x000000008000fdee (0x0000715d) c.addi16sp sp, -80
core   0: 3 0x000000008000fdee (0x715d) x2  0x0000000080031f20
core   0: 0x000000008000fdf0 (0x0000e4a2) c.sdsp  s0, 72(sp)
core   0: 3 0x000000008000fdf0 (0xe4a2) mem 0x0000000080031f68 0x0000000080031f90
core   0: 0x000000008000fdf2 (0x00000880) c.addi4spn s0, sp, 80
core   0: 3 0x000000008000fdf2 (0x0880) x8  0x0000000080031f70
core   0: 0x000000008000fdf4 (0xfca43423) sd      a0, -56(s0)
core   0: 3 0x000000008000fdf4 (0xfca43423) mem 0x0000000080031f38 0x0000000080012040
core   0: 0x000000008000fdf8 (0xfcb43023) sd      a1, -64(s0)
core   0: 3 0x000000008000fdf8 (0xfcb43023) mem 0x0000000080031f30 0x0000000080012028
core   0: 0x000000008000fdfc (0xfac43c23) sd      a2, -72(s0)
core   0: 3 0x000000008000fdfc (0xfac43c23) mem 0x0000000080031f28 0x0000000000000000
core   0: 0x000000008000fe00 (0xfc843703) ld      a4, -56(s0)
core   0: 3 0x000000008000fe00 (0xfc843703) x14 0x0000000080012040 mem 0x0000000080031f38
core   0: 0x000000008000fe04 (0xfc043783) ld      a5, -64(s0)
core   0: 3 0x000000008000fe04 (0xfc043783) x15 0x0000000080012028 mem 0x0000000080031f30
core   0: 0x000000008000fe08 (0x00008f5d) c.or    a4, a5
core   0: 3 0x000000008000fe08 (0x8f5d) x14 0x0000000080012068
core   0: 0x000000008000fe0a (0xfb843783) ld      a5, -72(s0)
core   0: 3 0x000000008000fe0a (0xfb843783) x15 0x0000000000000000 mem 0x0000000080031f28
core   0: 0x000000008000fe0e (0x00008fd9) c.or    a5, a4
core   0: 3 0x000000008000fe0e (0x8fd9) x15 0x0000000080012068
core   0: 0x000000008000fe10 (0x00008b9d) c.andi  a5, 7
core   0: 3 0x000000008000fe10 (0x8b9d) x15 0x0000000000000000
core   0: 0x000000008000fe12 (0x0000e3b1) c.bnez  a5, pc + 68
core   0: 3 0x000000008000fe12 (0xe3b1)
core   0: 0x000000008000fe14 (0xfc043783) ld      a5, -64(s0)
core   0: 3 0x000000008000fe14 (0xfc043783) x15 0x0000000080012028 mem 0x0000000080031f30
core   0: 0x000000008000fe18 (0xfef43423) sd      a5, -24(s0)
core   0: 3 0x000000008000fe18 (0xfef43423) mem 0x0000000080031f58 0x0000000080012028
core   0: 0x000000008000fe1c (0xfc843783) ld      a5, -56(s0)
core   0: 3 0x000000008000fe1c (0xfc843783) x15 0x0000000080012040 mem 0x0000000080031f38
core   0: 0x000000008000fe20 (0xfef43023) sd      a5, -32(s0)
core   0: 3 0x000000008000fe20 (0xfef43023) mem 0x0000000080031f50 0x0000000080012040
core   0: 0x000000008000fe24 (0x0000a839) c.j     pc + 30
core   0: 3 0x000000008000fe24 (0xa839)
core   0: 0x000000008000fe42 (0xfc843703) ld      a4, -56(s0)
core   0: 3 0x000000008000fe42 (0xfc843703) x14 0x0000000080012040 mem 0x0000000080031f38
core   0: 0x000000008000fe46 (0xfb843783) ld      a5, -72(s0)
core   0: 3 0x000000008000fe46 (0xfb843783) x15 0x0000000000000000 mem 0x0000000080031f28
core   0: 0x000000008000fe4a (0x000097ba) c.add   a5, a4
core   0: 3 0x000000008000fe4a (0x97ba) x15 0x0000000080012040
core   0: 0x000000008000fe4c (0xfe043703) ld      a4, -32(s0)
core   0: 3 0x000000008000fe4c (0xfe043703) x14 0x0000000080012040 mem 0x0000000080031f50
core   0: 0x000000008000fe50 (0xfcf76be3) bltu    a4, a5, pc - 42
core   0: 3 0x000000008000fe50 (0xfcf76be3)
core   0: 0x000000008000fe54 (0x0000a099) c.j     pc + 70
core   0: 3 0x000000008000fe54 (0xa099)
core   0: 0x000000008000fe9a (0xfc843783) ld      a5, -56(s0)
core   0: 3 0x000000008000fe9a (0xfc843783) x15 0x0000000080012040 mem 0x0000000080031f38
core   0: 0x000000008000fe9e (0x0000853e) c.mv    a0, a5
core   0: 3 0x000000008000fe9e (0x853e) x10 0x0000000080012040
core   0: 0x000000008000fea0 (0x00006426) c.ldsp  s0, 72(sp)
core   0: 3 0x000000008000fea0 (0x6426) x8  0x0000000080031f90 mem 0x0000000080031f68
core   0: 0x000000008000fea2 (0x00006161) c.addi16sp sp, 80
core   0: 3 0x000000008000fea2 (0x6161) x2  0x0000000080031f70
core   0: 0x000000008000fea4 (0x00008082) ret
core   0: 3 0x000000008000fea4 (0x8082)
core   0: 0x000000008000f4fa (0x00003717) auipc   a4, 0x3
core   0: 3 0x000000008000f4fa (0x00003717) x14 0x00000000800124fa
core   0: 0x000000008000f4fe (0xbca70713) addi    a4, a4, -1078
core   0: 3 0x000000008000f4fe (0xbca70713) x14 0x00000000800120c4
core   0: 0x000000008000f502 (0x00003797) auipc   a5, 0x3
core   0: 3 0x000000008000f502 (0x00003797) x15 0x0000000080012502
core   0: 0x000000008000f506 (0xb2678793) addi    a5, a5, -1242
core   0: 3 0x000000008000f506 (0xb2678793) x15 0x0000000080012028
core   0: 0x000000008000f50a (0x40f707b3) sub     a5, a4, a5
core   0: 3 0x000000008000f50a (0x40f707b3) x15 0x000000000000009c
core   0: 0x000000008000f50e (0xfef43023) sd      a5, -32(s0)
core   0: 3 0x000000008000f50e (0xfef43023) mem 0x0000000080031f70 0x000000000000009c
core   0: 0x000000008000f512 (0x00008712) c.mv    a4, tp
core   0: 3 0x000000008000f512 (0x8712) x14 0x0000000080012040
core   0: 0x000000008000f514 (0xfe843783) ld      a5, -24(s0)
core   0: 3 0x000000008000f514 (0xfe843783) x15 0x0000000000000000 mem 0x0000000080031f78
core   0: 0x000000008000f518 (0x000097ba) c.add   a5, a4
core   0: 3 0x000000008000f518 (0x97ba) x15 0x0000000080012040
core   0: 0x000000008000f51a (0xfe043603) ld      a2, -32(s0)
core   0: 3 0x000000008000f51a (0xfe043603) x12 0x000000000000009c mem 0x0000000080031f70
core   0: 0x000000008000f51e (0x00004581) c.li    a1, 0
core   0: 3 0x000000008000f51e (0x4581) x11 0x0000000000000000
core   0: 0x000000008000f520 (0x0000853e) c.mv    a0, a5
core   0: 3 0x000000008000f520 (0x853e) x10 0x0000000080012040
core   0: 0x000000008000f522 (0x185000ef) jal     pc + 0x984
core   0: 3 0x000000008000f522 (0x185000ef) x1  0x000000008000f526
core   0: >>>>  memset
core   0: 0x000000008000fea6 (0x0000715d) c.addi16sp sp, -80
core   0: 3 0x000000008000fea6 (0x715d) x2  0x0000000080031f20
core   0: 0x000000008000fea8 (0x0000e4a2) c.sdsp  s0, 72(sp)
core   0: 3 0x000000008000fea8 (0xe4a2) mem 0x0000000080031f68 0x0000000080031f90
core   0: 0x000000008000feaa (0x00000880) c.addi4spn s0, sp, 80
core   0: 3 0x000000008000feaa (0x0880) x8  0x0000000080031f70
core   0: 0x000000008000feac (0xfca43423) sd      a0, -56(s0)
core   0: 3 0x000000008000feac (0xfca43423) mem 0x0000000080031f38 0x0000000080012040
core   0: 0x000000008000feb0 (0x000087ae) c.mv    a5, a1
core   0: 3 0x000000008000feb0 (0x87ae) x15 0x0000000000000000
core   0: 0x000000008000feb2 (0xfac43c23) sd      a2, -72(s0)
core   0: 3 0x000000008000feb2 (0xfac43c23) mem 0x0000000080031f28 0x000000000000009c
core   0: 0x000000008000feb6 (0xfcf42223) sw      a5, -60(s0)
core   0: 3 0x000000008000feb6 (0xfcf42223) mem 0x0000000080031f34 0x00000000
core   0: 0x000000008000feba (0xfc843703) ld      a4, -56(s0)
core   0: 3 0x000000008000feba (0xfc843703) x14 0x0000000080012040 mem 0x0000000080031f38
core   0: 0x000000008000febe (0xfb843783) ld      a5, -72(s0)
core   0: 3 0x000000008000febe (0xfb843783) x15 0x000000000000009c mem 0x0000000080031f28
core   0: 0x000000008000fec2 (0x00008fd9) c.or    a5, a4
core   0: 3 0x000000008000fec2 (0x8fd9) x15 0x00000000800120dc
core   0: 0x000000008000fec4 (0x00008b9d) c.andi  a5, 7
core   0: 3 0x000000008000fec4 (0x8b9d) x15 0x0000000000000004
core   0: 0x000000008000fec6 (0x0000e7bd) c.bnez  a5, pc + 110
core   0: 3 0x000000008000fec6 (0xe7bd)
core   0: 0x000000008000ff34 (0xfc843783) ld      a5, -56(s0)
core   0: 3 0x000000008000ff34 (0xfc843783) x15 0x0000000080012040 mem 0x0000000080031f38
core   0: 0x000000008000ff38 (0xfef43023) sd      a5, -32(s0)
core   0: 3 0x000000008000ff38 (0xfef43023) mem 0x0000000080031f50 0x0000000080012040
core   0: 0x000000008000ff3c (0x0000a829) c.j     pc + 26
core   0: 3 0x000000008000ff3c (0xa829)
core   0: 0x000000008000ff56 (0xfc843703) ld      a4, -56(s0)
core   0: 3 0x000000008000ff56 (0xfc843703) x14 0x0000000080012040 mem 0x0000000080031f38
core   0: 0x000000008000ff5a (0xfb843783) ld      a5, -72(s0)
core   0: 3 0x000000008000ff5a (0xfb843783) x15 0x000000000000009c mem 0x0000000080031f28
core   0: 0x000000008000ff5e (0x000097ba) c.add   a5, a4
core   0: 3 0x000000008000ff5e (0x97ba) x15 0x00000000800120dc
core   0: 0x000000008000ff60 (0xfe043703) ld      a4, -32(s0)
core   0: 3 0x000000008000ff60 (0xfe043703) x14 0x0000000080012040 mem 0x0000000080031f50
core   0: 0x000000008000ff64 (0xfcf76de3) bltu    a4, a5, pc - 38
core   0: 3 0x000000008000ff64 (0xfcf76de3)
core   0: 0x000000008000ff3e (0xfe043783) ld      a5, -32(s0)
core   0: 3 0x000000008000ff3e (0xfe043783) x15 0x0000000080012040 mem 0x0000000080031f50
core   0: 0x000000008000ff42 (0x00178713) addi    a4, a5, 1
core   0: 3 0x000000008000ff42 (0x00178713) x14 0x0000000080012041
core   0: 0x000000008000ff46 (0xfee43023) sd      a4, -32(s0)
core   0: 3 0x000000008000ff46 (0xfee43023) mem 0x0000000080031f50 0x0000000080012041
core   0: 0x000000008000ff4a (0xfc442703) lw      a4, -60(s0)
core   0: 3 0x000000008000ff4a (0xfc442703) x14 0x0000000000000000 mem 0x0000000080031f34
core   0: 0x000000008000ff4e (0x0ff77713) andi    a4, a4, 255
core   0: 3 0x000000008000ff4e (0x0ff77713) x14 0x0000000000000000
core   0: 0x000000008000ff52 (0x00e78023) sb      a4, 0(a5)
core   0: 3 0x000000008000ff52 (0x00e78023) mem 0x0000000080012040 0x00
core   0: 0x000000008000ff56 (0xfc843703) ld      a4, -56(s0)
core   0: 3 0x000000008000ff56 (0xfc843703) x14 0x0000000080012040 mem 0x0000000080031f38
core   0: 0x000000008000ff5a (0xfb843783) ld      a5, -72(s0)
core   0: 3 0x000000008000ff5a (0xfb843783) x15 0x000000000000009c mem 0x0000000080031f28
core   0: 0x000000008000ff5e (0x000097ba) c.add   a5, a4
core   0: 3 0x000000008000ff5e (0x97ba) x15 0x00000000800120dc
core   0: 0x000000008000ff60 (0xfe043703) ld      a4, -32(s0)
core   0: 3 0x000000008000ff60 (0xfe043703) x14 0x0000000080012041 mem 0x0000000080031f50
core   0: 0x000000008000ff64 (0xfcf76de3) bltu    a4, a5, pc - 38
core   0: 3 0x000000008000ff64 (0xfcf76de3)
core   0: 0x000000008000ff3e (0xfe043783) ld      a5, -32(s0)
core   0: 3 0x000000008000ff3e (0xfe043783) x15 0x0000000080012041 mem 0x0000000080031f50
core   0: 0x000000008000ff42 (0x00178713) addi    a4, a5, 1
core   0: 3 0x000000008000ff42 (0x00178713) x14 0x0000000080012042
core   0: 0x000000008000ff46 (0xfee43023) sd      a4, -32(s0)
core   0: 3 0x000000008000ff46 (0xfee43023) mem 0x0000000080031f50 0x0000000080012042
core   0: 0x000000008000ff4a (0xfc442703) lw      a4, -60(s0)
core   0: 3 0x000000008000ff4a (0xfc442703) x14 0x0000000000000000 mem 0x0000000080031f34
core   0: 0x000000008000ff4e (0x0ff77713) andi    a4, a4, 255
core   0: 3 0x000000008000ff4e (0x0ff77713) x14 0x0000000000000000
core   0: 0x000000008000ff52 (0x00e78023) sb      a4, 0(a5)
core   0: 3 0x000000008000ff52 (0x00e78023) mem 0x0000000080012041 0x00
core   0: 0x000000008000ff56 (0xfc843703) ld      a4, -56(s0)
core   0: 3 0x000000008000ff56 (0xfc843703) x14 0x0000000080012040 mem 0x0000000080031f38
core   0: 0x000000008000ff5a (0xfb843783) ld      a5, -72(s0)
core   0: 3 0x000000008000ff5a (0xfb843783) x15 0x000000000000009c mem 0x0000000080031f28
core   0: 0x000000008000ff5e (0x000097ba) c.add   a5, a4
core   0: 3 0x000000008000ff5e (0x97ba) x15 0x00000000800120dc
core   0: 0x000000008000ff60 (0xfe043703) ld      a4, -32(s0)
core   0: 3 0x000000008000ff60 (0xfe043703) x14 0x0000000080012042 mem 0x0000000080031f50
core   0: 0x000000008000ff64 (0xfcf76de3) bltu    a4, a5, pc - 38
core   0: 3 0x000000008000ff64 (0xfcf76de3)
core   0: 0x000000008000ff3e (0xfe043783) ld      a5, -32(s0)
core   0: 3 0x000000008000ff3e (0xfe043783) x15 0x0000000080012042 mem 0x0000000080031f50
core   0: 0x000000008000ff42 (0x00178713) addi    a4, a5, 1
core   0: 3 0x000000008000ff42 (0x00178713) x14 0x0000000080012043
core   0: 0x000000008000ff46 (0xfee43023) sd      a4, -32(s0)
core   0: 3 0x000000008000ff46 (0xfee43023) mem 0x0000000080031f50 0x0000000080012043
core   0: 0x000000008000ff4a (0xfc442703) lw      a4, -60(s0)
core   0: 3 0x000000008000ff4a (0xfc442703) x14 0x0000000000000000 mem 0x0000000080031f34
core   0: 0x000000008000ff4e (0x0ff77713) andi    a4, a4, 255
core   0: 3 0x000000008000ff4e (0x0ff77713) x14 0x0000000000000000
core   0: 0x000000008000ff52 (0x00e78023) sb      a4, 0(a5)
core   0: 3 0x000000008000ff52 (0x00e78023) mem 0x0000000080012042 0x00
core   0: 0x000000008000ff56 (0xfc843703) ld      a4, -56(s0)
core   0: 3 0x000000008000ff56 (0xfc843703) x14 0x0000000080012040 mem 0x0000000080031f38
core   0: 0x000000008000ff5a (0xfb843783) ld      a5, -72(s0)
core   0: 3 0x000000008000ff5a (0xfb843783) x15 0x000000000000009c mem 0x0000000080031f28
core   0: 0x000000008000ff5e (0x000097ba) c.add   a5, a4
core   0: 3 0x000000008000ff5e (0x97ba) x15 0x00000000800120dc
core   0: 0x000000008000ff60 (0xfe043703) ld      a4, -32(s0)
core   0: 3 0x000000008000ff60 (0xfe043703) x14 0x0000000080012043 mem 0x0000000080031f50
core   0: 0x000000008000ff64 (0xfcf76de3) bltu    a4, a5, pc - 38
core   0: 3 0x000000008000ff64 (0xfcf76de3)
core   0: 0x000000008000ff3e (0xfe043783) ld      a5, -32(s0)
core   0: 3 0x000000008000ff3e (0xfe043783) x15 0x0000000080012043 mem 0x0000000080031f50
core   0: 0x000000008000ff42 (0x00178713) addi    a4, a5, 1
core   0: 3 0x000000008000ff42 (0x00178713) x14 0x0000000080012044
core   0: 0x000000008000ff46 (0xfee43023) sd      a4, -32(s0)
core   0: 3 0x000000008000ff46 (0xfee43023) mem 0x0000000080031f50 0x0000000080012044
core   0: 0x000000008000ff4a (0xfc442703) lw      a4, -60(s0)
core   0: 3 0x000000008000ff4a (0xfc442703) x14 0x0000000000000000 mem 0x0000000080031f34
core   0: 0x000000008000ff4e (0x0ff77713) andi    a4, a4, 255
core   0: 3 0x000000008000ff4e (0x0ff77713) x14 0x0000000000000000
core   0: 0x000000008000ff52 (0x00e78023) sb      a4, 0(a5)
core   0: 3 0x000000008000ff52 (0x00e78023) mem 0x0000000080012043 0x00
core   0: 0x000000008000ff56 (0xfc843703) ld      a4, -56(s0)
core   0: 3 0x000000008000ff56 (0xfc843703) x14 0x0000000080012040 mem 0x0000000080031f38
core   0: 0x000000008000ff5a (0xfb843783) ld      a5, -72(s0)
core   0: 3 0x000000008000ff5a (0xfb843783) x15 0x000000000000009c mem 0x0000000080031f28
core   0: 0x000000008000ff5e (0x000097ba) c.add   a5, a4
core   0: 3 0x000000008000ff5e (0x97ba) x15 0x00000000800120dc
core   0: 0x000000008000ff60 (0xfe043703) ld      a4, -32(s0)
core   0: 3 0x000000008000ff60 (0xfe043703) x14 0x0000000080012044 mem 0x0000000080031f50
core   0: 0x000000008000ff64 (0xfcf76de3) bltu    a4, a5, pc - 38
core   0: 3 0x000000008000ff64 (0xfcf76de3)
core   0: 0x000000008000ff3e (0xfe043783) ld      a5, -32(s0)
core   0: 3 0x000000008000ff3e (0xfe043783) x15 0x0000000080012044 mem 0x0000000080031f50
core   0: 0x000000008000ff42 (0x00178713) addi    a4, a5, 1
core   0: 3 0x000000008000ff42 (0x00178713) x14 0x0000000080012045
core   0: 0x000000008000ff46 (0xfee43023) sd      a4, -32(s0)
core   0: 3 0x000000008000ff46 (0xfee43023) mem 0x0000000080031f50 0x0000000080012045
core   0: 0x000000008000ff4a (0xfc442703) lw      a4, -60(s0)
core   0: 3 0x000000008000ff4a (0xfc442703) x14 0x0000000000000000 mem 0x0000000080031f34
core   0: 0x000000008000ff4e (0x0ff77713) andi    a4, a4, 255
core   0: 3 0x000000008000ff4e (0x0ff77713) x14 0x0000000000000000
core   0: 0x000000008000ff52 (0x00e78023) sb      a4, 0(a5)
core   0: 3 0x000000008000ff52 (0x00e78023) mem 0x0000000080012044 0x00
core   0: 0x000000008000ff56 (0xfc843703) ld      a4, -56(s0)
core   0: 3 0x000000008000ff56 (0xfc843703) x14 0x0000000080012040 mem 0x0000000080031f38
core   0: 0x000000008000ff5a (0xfb843783) ld      a5, -72(s0)
core   0: 3 0x000000008000ff5a (0xfb843783) x15 0x000000000000009c mem 0x0000000080031f28
core   0: 0x000000008000ff5e (0x000097ba) c.add   a5, a4
core   0: 3 0x000000008000ff5e (0x97ba) x15 0x00000000800120dc
core   0: 0x000000008000ff60 (0xfe043703) ld      a4, -32(s0)
core   0: 3 0x000000008000ff60 (0xfe043703) x14 0x0000000080012045 mem 0x0000000080031f50
core   0: 0x000000008000ff64 (0xfcf76de3) bltu    a4, a5, pc - 38
core   0: 3 0x000000008000ff64 (0xfcf76de3)
core   0: 0x000000008000ff3e (0xfe043783) ld      a5, -32(s0)
core   0: 3 0x000000008000ff3e (0xfe043783) x15 0x0000000080012045 mem 0x0000000080031f50
core   0: 0x000000008000ff42 (0x00178713) addi    a4, a5, 1
core   0: 3 0x000000008000ff42 (0x00178713) x14 0x0000000080012046
core   0: 0x000000008000ff46 (0xfee43023) sd      a4, -32(s0)
core   0: 3 0x000000008000ff46 (0xfee43023) mem 0x0000000080031f50 0x0000000080012046
core   0: 0x000000008000ff4a (0xfc442703) lw      a4, -60(s0)
core   0: 3 0x000000008000ff4a (0xfc442703) x14 0x0000000000000000 mem 0x0000000080031f34
core   0: 0x000000008000ff4e (0x0ff77713) andi    a4, a4, 255
core   0: 3 0x000000008000ff4e (0x0ff77713) x14 0x0000000000000000
core   0: 0x000000008000ff52 (0x00e78023) sb      a4, 0(a5)
core   0: 3 0x000000008000ff52 (0x00e78023) mem 0x0000000080012045 0x00
core   0: 0x000000008000ff56 (0xfc843703) ld      a4, -56(s0)
core   0: 3 0x000000008000ff56 (0xfc843703) x14 0x0000000080012040 mem 0x0000000080031f38
core   0: 0x000000008000ff5a (0xfb843783) ld      a5, -72(s0)
core   0: 3 0x000000008000ff5a (0xfb843783) x15 0x000000000000009c mem 0x0000000080031f28
core   0: 0x000000008000ff5e (0x000097ba) c.add   a5, a4
core   0: 3 0x000000008000ff5e (0x97ba) x15 0x00000000800120dc
core   0: 0x000000008000ff60 (0xfe043703) ld      a4, -32(s0)
core   0: 3 0x000000008000ff60 (0xfe043703) x14 0x0000000080012046 mem 0x0000000080031f50
core   0: 0x000000008000ff64 (0xfcf76de3) bltu    a4, a5, pc - 38
core   0: 3 0x000000008000ff64 (0xfcf76de3)
core   0: 0x000000008000ff3e (0xfe043783) ld      a5, -32(s0)
core   0: 3 0x000000008000ff3e (0xfe043783) x15 0x0000000080012046 mem 0x0000000080031f50
core   0: 0x000000008000ff42 (0x00178713) addi    a4, a5, 1
core   0: 3 0x000000008000ff42 (0x00178713) x14 0x0000000080012047
core   0: 0x000000008000ff46 (0xfee43023) sd      a4, -32(s0)
core   0: 3 0x000000008000ff46 (0xfee43023) mem 0x0000000080031f50 0x0000000080012047
core   0: 0x000000008000ff4a (0xfc442703) lw      a4, -60(s0)
core   0: 3 0x000000008000ff4a (0xfc442703) x14 0x0000000000000000 mem 0x0000000080031f34
core   0: 0x000000008000ff4e (0x0ff77713) andi    a4, a4, 255
core   0: 3 0x000000008000ff4e (0x0ff77713) x14 0x0000000000000000
core   0: 0x000000008000ff52 (0x00e78023) sb      a4, 0(a5)
core   0: 3 0x000000008000ff52 (0x00e78023) mem 0x0000000080012046 0x00
core   0: 0x000000008000ff56 (0xfc843703) ld      a4, -56(s0)
core   0: 3 0x000000008000ff56 (0xfc843703) x14 0x0000000080012040 mem 0x0000000080031f38
core   0: 0x000000008000ff5a (0xfb843783) ld      a5, -72(s0)
core   0: 3 0x000000008000ff5a (0xfb843783) x15 0x000000000000009c mem 0x0000000080031f28
core   0: 0x000000008000ff5e (0x000097ba) c.add   a5, a4
core   0: 3 0x000000008000ff5e (0x97ba) x15 0x00000000800120dc
core   0: 0x000000008000ff60 (0xfe043703) ld      a4, -32(s0)
core   0: 3 0x000000008000ff60 (0xfe043703) x14 0x0000000080012047 mem 0x0000000080031f50
core   0: 0x000000008000ff64 (0xfcf76de3) bltu    a4, a5, pc - 38
core   0: 3 0x000000008000ff64 (0xfcf76de3)
core   0: 0x000000008000ff3e (0xfe043783) ld      a5, -32(s0)
core   0: 3 0x000000008000ff3e (0xfe043783) x15 0x0000000080012047 mem 0x0000000080031f50
core   0: 0x000000008000ff42 (0x00178713) addi    a4, a5, 1
core   0: 3 0x000000008000ff42 (0x00178713) x14 0x0000000080012048
core   0: 0x000000008000ff46 (0xfee43023) sd      a4, -32(s0)
core   0: 3 0x000000008000ff46 (0xfee43023) mem 0x0000000080031f50 0x0000000080012048
core   0: 0x000000008000ff4a (0xfc442703) lw      a4, -60(s0)
core   0: 3 0x000000008000ff4a (0xfc442703) x14 0x0000000000000000 mem 0x0000000080031f34
core   0: 0x000000008000ff4e (0x0ff77713) andi    a4, a4, 255
core   0: 3 0x000000008000ff4e (0x0ff77713) x14 0x0000000000000000
core   0: 0x000000008000ff52 (0x00e78023) sb      a4, 0(a5)
core   0: 3 0x000000008000ff52 (0x00e78023) mem 0x0000000080012047 0x00
core   0: 0x000000008000ff56 (0xfc843703) ld      a4, -56(s0)
core   0: 3 0x000000008000ff56 (0xfc843703) x14 0x0000000080012040 mem 0x0000000080031f38
core   0: 0x000000008000ff5a (0xfb843783) ld      a5, -72(s0)
core   0: 3 0x000000008000ff5a (0xfb843783) x15 0x000000000000009c mem 0x0000000080031f28
core   0: 0x000000008000ff5e (0x000097ba) c.add   a5, a4
core   0: 3 0x000000008000ff5e (0x97ba) x15 0x00000000800120dc
core   0: 0x000000008000ff60 (0xfe043703) ld      a4, -32(s0)
core   0: 3 0x000000008000ff60 (0xfe043703) x14 0x0000000080012048 mem 0x0000000080031f50
core   0: 0x000000008000ff64 (0xfcf76de3) bltu    a4, a5, pc - 38
core   0: 3 0x000000008000ff64 (0xfcf76de3)
core   0: 0x000000008000ff3e (0xfe043783) ld      a5, -32(s0)
core   0: 3 0x000000008000ff3e (0xfe043783) x15 0x0000000080012048 mem 0x0000000080031f50
core   0: 0x000000008000ff42 (0x00178713) addi    a4, a5, 1
core   0: 3 0x000000008000ff42 (0x00178713) x14 0x0000000080012049
core   0: 0x000000008000ff46 (0xfee43023) sd      a4, -32(s0)
core   0: 3 0x000000008000ff46 (0xfee43023) mem 0x0000000080031f50 0x0000000080012049
core   0: 0x000000008000ff4a (0xfc442703) lw      a4, -60(s0)
core   0: 3 0x000000008000ff4a (0xfc442703) x14 0x0000000000000000 mem 0x0000000080031f34
core   0: 0x000000008000ff4e (0x0ff77713) andi    a4, a4, 255
core   0: 3 0x000000008000ff4e (0x0ff77713) x14 0x0000000000000000
core   0: 0x000000008000ff52 (0x00e78023) sb      a4, 0(a5)
core   0: 3 0x000000008000ff52 (0x00e78023) mem 0x0000000080012048 0x00
core   0: 0x000000008000ff56 (0xfc843703) ld      a4, -56(s0)
core   0: 3 0x000000008000ff56 (0xfc843703) x14 0x0000000080012040 mem 0x0000000080031f38
core   0: 0x000000008000ff5a (0xfb843783) ld      a5, -72(s0)
core   0: 3 0x000000008000ff5a (0xfb843783) x15 0x000000000000009c mem 0x0000000080031f28
core   0: 0x000000008000ff5e (0x000097ba) c.add   a5, a4
core   0: 3 0x000000008000ff5e (0x97ba) x15 0x00000000800120dc
core   0: 0x000000008000ff60 (0xfe043703) ld      a4, -32(s0)
core   0: 3 0x000000008000ff60 (0xfe043703) x14 0x0000000080012049 mem 0x0000000080031f50
core   0: 0x000000008000ff64 (0xfcf76de3) bltu    a4, a5, pc - 38
core   0: 3 0x000000008000ff64 (0xfcf76de3)
core   0: 0x000000008000ff3e (0xfe043783) ld      a5, -32(s0)
core   0: 3 0x000000008000ff3e (0xfe043783) x15 0x0000000080012049 mem 0x0000000080031f50
core   0: 0x000000008000ff42 (0x00178713) addi    a4, a5, 1
core   0: 3 0x000000008000ff42 (0x00178713) x14 0x000000008001204a
core   0: 0x000000008000ff46 (0xfee43023) sd      a4, -32(s0)
core   0: 3 0x000000008000ff46 (0xfee43023) mem 0x0000000080031f50 0x000000008001204a
core   0: 0x000000008000ff4a (0xfc442703) lw      a4, -60(s0)
core   0: 3 0x000000008000ff4a (0xfc442703) x14 0x0000000000000000 mem 0x0000000080031f34
core   0: 0x000000008000ff4e (0x0ff77713) andi    a4, a4, 255
core   0: 3 0x000000008000ff4e (0x0ff77713) x14 0x0000000000000000
core   0: 0x000000008000ff52 (0x00e78023) sb      a4, 0(a5)
core   0: 3 0x000000008000ff52 (0x00e78023) mem 0x0000000080012049 0x00
core   0: 0x000000008000ff56 (0xfc843703) ld      a4, -56(s0)
core   0: 3 0x000000008000ff56 (0xfc843703) x14 0x0000000080012040 mem 0x0000000080031f38
core   0: 0x000000008000ff5a (0xfb843783) ld      a5, -72(s0)
core   0: 3 0x000000008000ff5a (0xfb843783) x15 0x000000000000009c mem 0x0000000080031f28
core   0: 0x000000008000ff5e (0x000097ba) c.add   a5, a4
core   0: 3 0x000000008000ff5e (0x97ba) x15 0x00000000800120dc
core   0: 0x000000008000ff60 (0xfe043703) ld      a4, -32(s0)
core   0: 3 0x000000008000ff60 (0xfe043703) x14 0x000000008001204a mem 0x0000000080031f50
core   0: 0x000000008000ff64 (0xfcf76de3) bltu    a4, a5, pc - 38
core   0: 3 0x000000008000ff64 (0xfcf76de3)
core   0: 0x000000008000ff3e (0xfe043783) ld      a5, -32(s0)
core   0: 3 0x000000008000ff3e (0xfe043783) x15 0x000000008001204a mem 0x0000000080031f50
core   0: 0x000000008000ff42 (0x00178713) addi    a4, a5, 1
core   0: 3 0x000000008000ff42 (0x00178713) x14 0x000000008001204b
core   0: 0x000000008000ff46 (0xfee43023) sd      a4, -32(s0)
core   0: 3 0x000000008000ff46 (0xfee43023) mem 0x0000000080031f50 0x000000008001204b
core   0: 0x000000008000ff4a (0xfc442703) lw      a4, -60(s0)
core   0: 3 0x000000008000ff4a (0xfc442703) x14 0x0000000000000000 mem 0x0000000080031f34
core   0: 0x000000008000ff4e (0x0ff77713) andi    a4, a4, 255
core   0: 3 0x000000008000ff4e (0x0ff77713) x14 0x0000000000000000
core   0: 0x000000008000ff52 (0x00e78023) sb      a4, 0(a5)
core   0: 3 0x000000008000ff52 (0x00e78023) mem 0x000000008001204a 0x00
core   0: 0x000000008000ff56 (0xfc843703) ld      a4, -56(s0)
core   0: 3 0x000000008000ff56 (0xfc843703) x14 0x0000000080012040 mem 0x0000000080031f38
core   0: 0x000000008000ff5a (0xfb843783) ld      a5, -72(s0)
core   0: 3 0x000000008000ff5a (0xfb843783) x15 0x000000000000009c mem 0x0000000080031f28
core   0: 0x000000008000ff5e (0x000097ba) c.add   a5, a4
core   0: 3 0x000000008000ff5e (0x97ba) x15 0x00000000800120dc
core   0: 0x000000008000ff60 (0xfe043703) ld      a4, -32(s0)
core   0: 3 0x000000008000ff60 (0xfe043703) x14 0x000000008001204b mem 0x0000000080031f50
core   0: 0x000000008000ff64 (0xfcf76de3) bltu    a4, a5, pc - 38
core   0: 3 0x000000008000ff64 (0xfcf76de3)
core   0: 0x000000008000ff3e (0xfe043783) ld      a5, -32(s0)
core   0: 3 0x000000008000ff3e (0xfe043783) x15 0x000000008001204b mem 0x0000000080031f50
core   0: 0x000000008000ff42 (0x00178713) addi    a4, a5, 1
core   0: 3 0x000000008000ff42 (0x00178713) x14 0x000000008001204c
core   0: 0x000000008000ff46 (0xfee43023) sd      a4, -32(s0)
core   0: 3 0x000000008000ff46 (0xfee43023) mem 0x0000000080031f50 0x000000008001204c
core   0: 0x000000008000ff4a (0xfc442703) lw      a4, -60(s0)
core   0: 3 0x000000008000ff4a (0xfc442703) x14 0x0000000000000000 mem 0x0000000080031f34
core   0: 0x000000008000ff4e (0x0ff77713) andi    a4, a4, 255
core   0: 3 0x000000008000ff4e (0x0ff77713) x14 0x0000000000000000
core   0: 0x000000008000ff52 (0x00e78023) sb      a4, 0(a5)
core   0: 3 0x000000008000ff52 (0x00e78023) mem 0x000000008001204b 0x00
core   0: 0x000000008000ff56 (0xfc843703) ld      a4, -56(s0)
core   0: 3 0x000000008000ff56 (0xfc843703) x14 0x0000000080012040 mem 0x0000000080031f38
core   0: 0x000000008000ff5a (0xfb843783) ld      a5, -72(s0)
core   0: 3 0x000000008000ff5a (0xfb843783) x15 0x000000000000009c mem 0x0000000080031f28
core   0: 0x000000008000ff5e (0x000097ba) c.add   a5, a4
core   0: 3 0x000000008000ff5e (0x97ba) x15 0x00000000800120dc
core   0: 0x000000008000ff60 (0xfe043703) ld      a4, -32(s0)
core   0: 3 0x000000008000ff60 (0xfe043703) x14 0x000000008001204c mem 0x0000000080031f50
core   0: 0x000000008000ff64 (0xfcf76de3) bltu    a4, a5, pc - 38
core   0: 3 0x000000008000ff64 (0xfcf76de3)
core   0: 0x000000008000ff3e (0xfe043783) ld      a5, -32(s0)
core   0: 3 0x000000008000ff3e (0xfe043783) x15 0x000000008001204c mem 0x0000000080031f50
core   0: 0x000000008000ff42 (0x00178713) addi    a4, a5, 1
core   0: 3 0x000000008000ff42 (0x00178713) x14 0x000000008001204d
core   0: 0x000000008000ff46 (0xfee43023) sd      a4, -32(s0)
core   0: 3 0x000000008000ff46 (0xfee43023) mem 0x0000000080031f50 0x000000008001204d
core   0: 0x000000008000ff4a (0xfc442703) lw      a4, -60(s0)
core   0: 3 0x000000008000ff4a (0xfc442703) x14 0x0000000000000000 mem 0x0000000080031f34
core   0: 0x000000008000ff4e (0x0ff77713) andi    a4, a4, 255
core   0: 3 0x000000008000ff4e (0x0ff77713) x14 0x0000000000000000
core   0: 0x000000008000ff52 (0x00e78023) sb      a4, 0(a5)
core   0: 3 0x000000008000ff52 (0x00e78023) mem 0x000000008001204c 0x00
core   0: 0x000000008000ff56 (0xfc843703) ld      a4, -56(s0)
core   0: 3 0x000000008000ff56 (0xfc843703) x14 0x0000000080012040 mem 0x0000000080031f38
core   0: 0x000000008000ff5a (0xfb843783) ld      a5, -72(s0)
core   0: 3 0x000000008000ff5a (0xfb843783) x15 0x000000000000009c mem 0x0000000080031f28
core   0: 0x000000008000ff5e (0x000097ba) c.add   a5, a4
core   0: 3 0x000000008000ff5e (0x97ba) x15 0x00000000800120dc
core   0: 0x000000008000ff60 (0xfe043703) ld      a4, -32(s0)
core   0: 3 0x000000008000ff60 (0xfe043703) x14 0x000000008001204d mem 0x0000000080031f50
core   0: 0x000000008000ff64 (0xfcf76de3) bltu    a4, a5, pc - 38
core   0: 3 0x000000008000ff64 (0xfcf76de3)
core   0: 0x000000008000ff3e (0xfe043783) ld      a5, -32(s0)
core   0: 3 0x000000008000ff3e (0xfe043783) x15 0x000000008001204d mem 0x0000000080031f50
core   0: 0x000000008000ff42 (0x00178713) addi    a4, a5, 1
core   0: 3 0x000000008000ff42 (0x00178713) x14 0x000000008001204e
core   0: 0x000000008000ff46 (0xfee43023) sd      a4, -32(s0)
core   0: 3 0x000000008000ff46 (0xfee43023) mem 0x0000000080031f50 0x000000008001204e
core   0: 0x000000008000ff4a (0xfc442703) lw      a4, -60(s0)
core   0: 3 0x000000008000ff4a (0xfc442703) x14 0x0000000000000000 mem 0x0000000080031f34
core   0: 0x000000008000ff4e (0x0ff77713) andi    a4, a4, 255
core   0: 3 0x000000008000ff4e (0x0ff77713) x14 0x0000000000000000
core   0: 0x000000008000ff52 (0x00e78023) sb      a4, 0(a5)
core   0: 3 0x000000008000ff52 (0x00e78023) mem 0x000000008001204d 0x00
core   0: 0x000000008000ff56 (0xfc843703) ld      a4, -56(s0)
core   0: 3 0x000000008000ff56 (0xfc843703) x14 0x0000000080012040 mem 0x0000000080031f38
core   0: 0x000000008000ff5a (0xfb843783) ld      a5, -72(s0)
core   0: 3 0x000000008000ff5a (0xfb843783) x15 0x000000000000009c mem 0x0000000080031f28
core   0: 0x000000008000ff5e (0x000097ba) c.add   a5, a4
core   0: 3 0x000000008000ff5e (0x97ba) x15 0x00000000800120dc
core   0: 0x000000008000ff60 (0xfe043703) ld      a4, -32(s0)
core   0: 3 0x000000008000ff60 (0xfe043703) x14 0x000000008001204e mem 0x0000000080031f50
core   0: 0x000000008000ff64 (0xfcf76de3) bltu    a4, a5, pc - 38
core   0: 3 0x000000008000ff64 (0xfcf76de3)
core   0: 0x000000008000ff3e (0xfe043783) ld      a5, -32(s0)
core   0: 3 0x000000008000ff3e (0xfe043783) x15 0x000000008001204e mem 0x0000000080031f50
core   0: 0x000000008000ff42 (0x00178713) addi    a4, a5, 1
core   0: 3 0x000000008000ff42 (0x00178713) x14 0x000000008001204f
core   0: 0x000000008000ff46 (0xfee43023) sd      a4, -32(s0)
core   0: 3 0x000000008000ff46 (0xfee43023) mem 0x0000000080031f50 0x000000008001204f
core   0: 0x000000008000ff4a (0xfc442703) lw      a4, -60(s0)
core   0: 3 0x000000008000ff4a (0xfc442703) x14 0x0000000000000000 mem 0x0000000080031f34
core   0: 0x000000008000ff4e (0x0ff77713) andi    a4, a4, 255
core   0: 3 0x000000008000ff4e (0x0ff77713) x14 0x0000000000000000
core   0: 0x000000008000ff52 (0x00e78023) sb      a4, 0(a5)
core   0: 3 0x000000008000ff52 (0x00e78023) mem 0x000000008001204e 0x00
core   0: 0x000000008000ff56 (0xfc843703) ld      a4, -56(s0)
core   0: 3 0x000000008000ff56 (0xfc843703) x14 0x0000000080012040 mem 0x0000000080031f38
core   0: 0x000000008000ff5a (0xfb843783) ld      a5, -72(s0)
core   0: 3 0x000000008000ff5a (0xfb843783) x15 0x000000000000009c mem 0x0000000080031f28
core   0: 0x000000008000ff5e (0x000097ba) c.add   a5, a4
core   0: 3 0x000000008000ff5e (0x97ba) x15 0x00000000800120dc
core   0: 0x000000008000ff60 (0xfe043703) ld      a4, -32(s0)
core   0: 3 0x000000008000ff60 (0xfe043703) x14 0x000000008001204f mem 0x0000000080031f50
core   0: 0x000000008000ff64 (0xfcf76de3) bltu    a4, a5, pc - 38
core   0: 3 0x000000008000ff64 (0xfcf76de3)
core   0: 0x000000008000ff3e (0xfe043783) ld      a5, -32(s0)
core   0: 3 0x000000008000ff3e (0xfe043783) x15 0x000000008001204f mem 0x0000000080031f50
core   0: 0x000000008000ff42 (0x00178713) addi    a4, a5, 1
core   0: 3 0x000000008000ff42 (0x00178713) x14 0x0000000080012050
core   0: 0x000000008000ff46 (0xfee43023) sd      a4, -32(s0)
core   0: 3 0x000000008000ff46 (0xfee43023) mem 0x0000000080031f50 0x0000000080012050
core   0: 0x000000008000ff4a (0xfc442703) lw      a4, -60(s0)
core   0: 3 0x000000008000ff4a (0xfc442703) x14 0x0000000000000000 mem 0x0000000080031f34
core   0: 0x000000008000ff4e (0x0ff77713) andi    a4, a4, 255
core   0: 3 0x000000008000ff4e (0x0ff77713) x14 0x0000000000000000
core   0: 0x000000008000ff52 (0x00e78023) sb      a4, 0(a5)
core   0: 3 0x000000008000ff52 (0x00e78023) mem 0x000000008001204f 0x00
core   0: 0x000000008000ff56 (0xfc843703) ld      a4, -56(s0)
core   0: 3 0x000000008000ff56 (0xfc843703) x14 0x0000000080012040 mem 0x0000000080031f38
core   0: 0x000000008000ff5a (0xfb843783) ld      a5, -72(s0)
core   0: 3 0x000000008000ff5a (0xfb843783) x15 0x000000000000009c mem 0x0000000080031f28
core   0: 0x000000008000ff5e (0x000097ba) c.add   a5, a4
core   0: 3 0x000000008000ff5e (0x97ba) x15 0x00000000800120dc
core   0: 0x000000008000ff60 (0xfe043703) ld      a4, -32(s0)
core   0: 3 0x000000008000ff60 (0xfe043703) x14 0x0000000080012050 mem 0x0000000080031f50
core   0: 0x000000008000ff64 (0xfcf76de3) bltu    a4, a5, pc - 38
core   0: 3 0x000000008000ff64 (0xfcf76de3)
core   0: 0x000000008000ff3e (0xfe043783) ld      a5, -32(s0)
core   0: 3 0x000000008000ff3e (0xfe043783) x15 0x0000000080012050 mem 0x0000000080031f50
core   0: 0x000000008000ff42 (0x00178713) addi    a4, a5, 1
core   0: 3 0x000000008000ff42 (0x00178713) x14 0x0000000080012051
core   0: 0x000000008000ff46 (0xfee43023) sd      a4, -32(s0)
core   0: 3 0x000000008000ff46 (0xfee43023) mem 0x0000000080031f50 0x0000000080012051
core   0: 0x000000008000ff4a (0xfc442703) lw      a4, -60(s0)
core   0: 3 0x000000008000ff4a (0xfc442703) x14 0x0000000000000000 mem 0x0000000080031f34
core   0: 0x000000008000ff4e (0x0ff77713) andi    a4, a4, 255
core   0: 3 0x000000008000ff4e (0x0ff77713) x14 0x0000000000000000
core   0: 0x000000008000ff52 (0x00e78023) sb      a4, 0(a5)
core   0: 3 0x000000008000ff52 (0x00e78023) mem 0x0000000080012050 0x00
core   0: 0x000000008000ff56 (0xfc843703) ld      a4, -56(s0)
core   0: 3 0x000000008000ff56 (0xfc843703) x14 0x0000000080012040 mem 0x0000000080031f38
core   0: 0x000000008000ff5a (0xfb843783) ld      a5, -72(s0)
core   0: 3 0x000000008000ff5a (0xfb843783) x15 0x000000000000009c mem 0x0000000080031f28
core   0: 0x000000008000ff5e (0x000097ba) c.add   a5, a4
core   0: 3 0x000000008000ff5e (0x97ba) x15 0x00000000800120dc
core   0: 0x000000008000ff60 (0xfe043703) ld      a4, -32(s0)
core   0: 3 0x000000008000ff60 (0xfe043703) x14 0x0000000080012051 mem 0x0000000080031f50
core   0: 0x000000008000ff64 (0xfcf76de3) bltu    a4, a5, pc - 38
core   0: 3 0x000000008000ff64 (0xfcf76de3)
core   0: 0x000000008000ff3e (0xfe043783) ld      a5, -32(s0)
core   0: 3 0x000000008000ff3e (0xfe043783) x15 0x0000000080012051 mem 0x0000000080031f50
core   0: 0x000000008000ff42 (0x00178713) addi    a4, a5, 1
core   0: 3 0x000000008000ff42 (0x00178713) x14 0x0000000080012052
core   0: 0x000000008000ff46 (0xfee43023) sd      a4, -32(s0)
core   0: 3 0x000000008000ff46 (0xfee43023) mem 0x0000000080031f50 0x0000000080012052
core   0: 0x000000008000ff4a (0xfc442703) lw      a4, -60(s0)
core   0: 3 0x000000008000ff4a (0xfc442703) x14 0x0000000000000000 mem 0x0000000080031f34
core   0: 0x000000008000ff4e (0x0ff77713) andi    a4, a4, 255
core   0: 3 0x000000008000ff4e (0x0ff77713) x14 0x0000000000000000
core   0: 0x000000008000ff52 (0x00e78023) sb      a4, 0(a5)
core   0: 3 0x000000008000ff52 (0x00e78023) mem 0x0000000080012051 0x00
core   0: 0x000000008000ff56 (0xfc843703) ld      a4, -56(s0)
core   0: 3 0x000000008000ff56 (0xfc843703) x14 0x0000000080012040 mem 0x0000000080031f38
core   0: 0x000000008000ff5a (0xfb843783) ld      a5, -72(s0)
core   0: 3 0x000000008000ff5a (0xfb843783) x15 0x000000000000009c mem 0x0000000080031f28
core   0: 0x000000008000ff5e (0x000097ba) c.add   a5, a4
core   0: 3 0x000000008000ff5e (0x97ba) x15 0x00000000800120dc
core   0: 0x000000008000ff60 (0xfe043703) ld      a4, -32(s0)
core   0: 3 0x000000008000ff60 (0xfe043703) x14 0x0000000080012052 mem 0x0000000080031f50
core   0: 0x000000008000ff64 (0xfcf76de3) bltu    a4, a5, pc - 38
core   0: 3 0x000000008000ff64 (0xfcf76de3)
core   0: 0x000000008000ff3e (0xfe043783) ld      a5, -32(s0)
core   0: 3 0x000000008000ff3e (0xfe043783) x15 0x0000000080012052 mem 0x0000000080031f50
core   0: 0x000000008000ff42 (0x00178713) addi    a4, a5, 1
core   0: 3 0x000000008000ff42 (0x00178713) x14 0x0000000080012053
core   0: 0x000000008000ff46 (0xfee43023) sd      a4, -32(s0)
core   0: 3 0x000000008000ff46 (0xfee43023) mem 0x0000000080031f50 0x0000000080012053
core   0: 0x000000008000ff4a (0xfc442703) lw      a4, -60(s0)
core   0: 3 0x000000008000ff4a (0xfc442703) x14 0x0000000000000000 mem 0x0000000080031f34
core   0: 0x000000008000ff4e (0x0ff77713) andi    a4, a4, 255
core   0: 3 0x000000008000ff4e (0x0ff77713) x14 0x0000000000000000
core   0: 0x000000008000ff52 (0x00e78023) sb      a4, 0(a5)
core   0: 3 0x000000008000ff52 (0x00e78023) mem 0x0000000080012052 0x00
core   0: 0x000000008000ff56 (0xfc843703) ld      a4, -56(s0)
core   0: 3 0x000000008000ff56 (0xfc843703) x14 0x0000000080012040 mem 0x0000000080031f38
core   0: 0x000000008000ff5a (0xfb843783) ld      a5, -72(s0)
core   0: 3 0x000000008000ff5a (0xfb843783) x15 0x000000000000009c mem 0x0000000080031f28
core   0: 0x000000008000ff5e (0x000097ba) c.add   a5, a4
core   0: 3 0x000000008000ff5e (0x97ba) x15 0x00000000800120dc
core   0: 0x000000008000ff60 (0xfe043703) ld      a4, -32(s0)
core   0: 3 0x000000008000ff60 (0xfe043703) x14 0x0000000080012053 mem 0x0000000080031f50
core   0: 0x000000008000ff64 (0xfcf76de3) bltu    a4, a5, pc - 38
core   0: 3 0x000000008000ff64 (0xfcf76de3)
core   0: 0x000000008000ff3e (0xfe043783) ld      a5, -32(s0)
core   0: 3 0x000000008000ff3e (0xfe043783) x15 0x0000000080012053 mem 0x0000000080031f50
core   0: 0x000000008000ff42 (0x00178713) addi    a4, a5, 1
core   0: 3 0x000000008000ff42 (0x00178713) x14 0x0000000080012054
core   0: 0x000000008000ff46 (0xfee43023) sd      a4, -32(s0)
core   0: 3 0x000000008000ff46 (0xfee43023) mem 0x0000000080031f50 0x0000000080012054
core   0: 0x000000008000ff4a (0xfc442703) lw      a4, -60(s0)
core   0: 3 0x000000008000ff4a (0xfc442703) x14 0x0000000000000000 mem 0x0000000080031f34
core   0: 0x000000008000ff4e (0x0ff77713) andi    a4, a4, 255
core   0: 3 0x000000008000ff4e (0x0ff77713) x14 0x0000000000000000
core   0: 0x000000008000ff52 (0x00e78023) sb      a4, 0(a5)
core   0: 3 0x000000008000ff52 (0x00e78023) mem 0x0000000080012053 0x00
core   0: 0x000000008000ff56 (0xfc843703) ld      a4, -56(s0)
core   0: 3 0x000000008000ff56 (0xfc843703) x14 0x0000000080012040 mem 0x0000000080031f38
core   0: 0x000000008000ff5a (0xfb843783) ld      a5, -72(s0)
core   0: 3 0x000000008000ff5a (0xfb843783) x15 0x000000000000009c mem 0x0000000080031f28
core   0: 0x000000008000ff5e (0x000097ba) c.add   a5, a4
core   0: 3 0x000000008000ff5e (0x97ba) x15 0x00000000800120dc
core   0: 0x000000008000ff60 (0xfe043703) ld      a4, -32(s0)
core   0: 3 0x000000008000ff60 (0xfe043703) x14 0x0000000080012054 mem 0x0000000080031f50
core   0: 0x000000008000ff64 (0xfcf76de3) bltu    a4, a5, pc - 38
core   0: 3 0x000000008000ff64 (0xfcf76de3)
core   0: 0x000000008000ff3e (0xfe043783) ld      a5, -32(s0)
core   0: 3 0x000000008000ff3e (0xfe043783) x15 0x0000000080012054 mem 0x0000000080031f50
core   0: 0x000000008000ff42 (0x00178713) addi    a4, a5, 1
core   0: 3 0x000000008000ff42 (0x00178713) x14 0x0000000080012055
core   0: 0x000000008000ff46 (0xfee43023) sd      a4, -32(s0)
core   0: 3 0x000000008000ff46 (0xfee43023) mem 0x0000000080031f50 0x0000000080012055
core   0: 0x000000008000ff4a (0xfc442703) lw      a4, -60(s0)
core   0: 3 0x000000008000ff4a (0xfc442703) x14 0x0000000000000000 mem 0x0000000080031f34
core   0: 0x000000008000ff4e (0x0ff77713) andi    a4, a4, 255
core   0: 3 0x000000008000ff4e (0x0ff77713) x14 0x0000000000000000
core   0: 0x000000008000ff52 (0x00e78023) sb      a4, 0(a5)
core   0: 3 0x000000008000ff52 (0x00e78023) mem 0x0000000080012054 0x00
core   0: 0x000000008000ff56 (0xfc843703) ld      a4, -56(s0)
core   0: 3 0x000000008000ff56 (0xfc843703) x14 0x0000000080012040 mem 0x0000000080031f38
core   0: 0x000000008000ff5a (0xfb843783) ld      a5, -72(s0)
core   0: 3 0x000000008000ff5a (0xfb843783) x15 0x000000000000009c mem 0x0000000080031f28
core   0: 0x000000008000ff5e (0x000097ba) c.add   a5, a4
core   0: 3 0x000000008000ff5e (0x97ba) x15 0x00000000800120dc
core   0: 0x000000008000ff60 (0xfe043703) ld      a4, -32(s0)
core   0: 3 0x000000008000ff60 (0xfe043703) x14 0x0000000080012055 mem 0x0000000080031f50
core   0: 0x000000008000ff64 (0xfcf76de3) bltu    a4, a5, pc - 38
core   0: 3 0x000000008000ff64 (0xfcf76de3)
core   0: 0x000000008000ff3e (0xfe043783) ld      a5, -32(s0)
core   0: 3 0x000000008000ff3e (0xfe043783) x15 0x0000000080012055 mem 0x0000000080031f50
core   0: 0x000000008000ff42 (0x00178713) addi    a4, a5, 1
core   0: 3 0x000000008000ff42 (0x00178713) x14 0x0000000080012056
core   0: 0x000000008000ff46 (0xfee43023) sd      a4, -32(s0)
core   0: 3 0x000000008000ff46 (0xfee43023) mem 0x0000000080031f50 0x0000000080012056
core   0: 0x000000008000ff4a (0xfc442703) lw      a4, -60(s0)
core   0: 3 0x000000008000ff4a (0xfc442703) x14 0x0000000000000000 mem 0x0000000080031f34
core   0: 0x000000008000ff4e (0x0ff77713) andi    a4, a4, 255
core   0: 3 0x000000008000ff4e (0x0ff77713) x14 0x0000000000000000
core   0: 0x000000008000ff52 (0x00e78023) sb      a4, 0(a5)
core   0: 3 0x000000008000ff52 (0x00e78023) mem 0x0000000080012055 0x00
core   0: 0x000000008000ff56 (0xfc843703) ld      a4, -56(s0)
core   0: 3 0x000000008000ff56 (0xfc843703) x14 0x0000000080012040 mem 0x0000000080031f38
core   0: 0x000000008000ff5a (0xfb843783) ld      a5, -72(s0)
core   0: 3 0x000000008000ff5a (0xfb843783) x15 0x000000000000009c mem 0x0000000080031f28
core   0: 0x000000008000ff5e (0x000097ba) c.add   a5, a4
core   0: 3 0x000000008000ff5e (0x97ba) x15 0x00000000800120dc
core   0: 0x000000008000ff60 (0xfe043703) ld      a4, -32(s0)
core   0: 3 0x000000008000ff60 (0xfe043703) x14 0x0000000080012056 mem 0x0000000080031f50
core   0: 0x000000008000ff64 (0xfcf76de3) bltu    a4, a5, pc - 38
core   0: 3 0x000000008000ff64 (0xfcf76de3)
core   0: 0x000000008000ff3e (0xfe043783) ld      a5, -32(s0)
core   0: 3 0x000000008000ff3e (0xfe043783) x15 0x0000000080012056 mem 0x0000000080031f50
core   0: 0x000000008000ff42 (0x00178713) addi    a4, a5, 1
core   0: 3 0x000000008000ff42 (0x00178713) x14 0x0000000080012057
core   0: 0x000000008000ff46 (0xfee43023) sd      a4, -32(s0)
core   0: 3 0x000000008000ff46 (0xfee43023) mem 0x0000000080031f50 0x0000000080012057
core   0: 0x000000008000ff4a (0xfc442703) lw      a4, -60(s0)
core   0: 3 0x000000008000ff4a (0xfc442703) x14 0x0000000000000000 mem 0x0000000080031f34
core   0: 0x000000008000ff4e (0x0ff77713) andi    a4, a4, 255
core   0: 3 0x000000008000ff4e (0x0ff77713) x14 0x0000000000000000
core   0: 0x000000008000ff52 (0x00e78023) sb      a4, 0(a5)
core   0: 3 0x000000008000ff52 (0x00e78023) mem 0x0000000080012056 0x00
core   0: 0x000000008000ff56 (0xfc843703) ld      a4, -56(s0)
core   0: 3 0x000000008000ff56 (0xfc843703) x14 0x0000000080012040 mem 0x0000000080031f38
core   0: 0x000000008000ff5a (0xfb843783) ld      a5, -72(s0)
core   0: 3 0x000000008000ff5a (0xfb843783) x15 0x000000000000009c mem 0x0000000080031f28
core   0: 0x000000008000ff5e (0x000097ba) c.add   a5, a4
core   0: 3 0x000000008000ff5e (0x97ba) x15 0x00000000800120dc
core   0: 0x000000008000ff60 (0xfe043703) ld      a4, -32(s0)
core   0: 3 0x000000008000ff60 (0xfe043703) x14 0x0000000080012057 mem 0x0000000080031f50
core   0: 0x000000008000ff64 (0xfcf76de3) bltu    a4, a5, pc - 38
core   0: 3 0x000000008000ff64 (0xfcf76de3)
core   0: 0x000000008000ff3e (0xfe043783) ld      a5, -32(s0)
core   0: 3 0x000000008000ff3e (0xfe043783) x15 0x0000000080012057 mem 0x0000000080031f50
core   0: 0x000000008000ff42 (0x00178713) addi    a4, a5, 1
core   0: 3 0x000000008000ff42 (0x00178713) x14 0x0000000080012058
core   0: 0x000000008000ff46 (0xfee43023) sd      a4, -32(s0)
core   0: 3 0x000000008000ff46 (0xfee43023) mem 0x0000000080031f50 0x0000000080012058
core   0: 0x000000008000ff4a (0xfc442703) lw      a4, -60(s0)
core   0: 3 0x000000008000ff4a (0xfc442703) x14 0x0000000000000000 mem 0x0000000080031f34
core   0: 0x000000008000ff4e (0x0ff77713) andi    a4, a4, 255
core   0: 3 0x000000008000ff4e (0x0ff77713) x14 0x0000000000000000
core   0: 0x000000008000ff52 (0x00e78023) sb      a4, 0(a5)
core   0: 3 0x000000008000ff52 (0x00e78023) mem 0x0000000080012057 0x00
core   0: 0x000000008000ff56 (0xfc843703) ld      a4, -56(s0)
core   0: 3 0x000000008000ff56 (0xfc843703) x14 0x0000000080012040 mem 0x0000000080031f38
core   0: 0x000000008000ff5a (0xfb843783) ld      a5, -72(s0)
core   0: 3 0x000000008000ff5a (0xfb843783) x15 0x000000000000009c mem 0x0000000080031f28
core   0: 0x000000008000ff5e (0x000097ba) c.add   a5, a4
core   0: 3 0x000000008000ff5e (0x97ba) x15 0x00000000800120dc
core   0: 0x000000008000ff60 (0xfe043703) ld      a4, -32(s0)
core   0: 3 0x000000008000ff60 (0xfe043703) x14 0x0000000080012058 mem 0x0000000080031f50
core   0: 0x000000008000ff64 (0xfcf76de3) bltu    a4, a5, pc - 38
core   0: 3 0x000000008000ff64 (0xfcf76de3)
core   0: 0x000000008000ff3e (0xfe043783) ld      a5, -32(s0)
core   0: 3 0x000000008000ff3e (0xfe043783) x15 0x0000000080012058 mem 0x0000000080031f50
core   0: 0x000000008000ff42 (0x00178713) addi    a4, a5, 1
core   0: 3 0x000000008000ff42 (0x00178713) x14 0x0000000080012059
core   0: 0x000000008000ff46 (0xfee43023) sd      a4, -32(s0)
core   0: 3 0x000000008000ff46 (0xfee43023) mem 0x0000000080031f50 0x0000000080012059
core   0: 0x000000008000ff4a (0xfc442703) lw      a4, -60(s0)
core   0: 3 0x000000008000ff4a (0xfc442703) x14 0x0000000000000000 mem 0x0000000080031f34
core   0: 0x000000008000ff4e (0x0ff77713) andi    a4, a4, 255
core   0: 3 0x000000008000ff4e (0x0ff77713) x14 0x0000000000000000
core   0: 0x000000008000ff52 (0x00e78023) sb      a4, 0(a5)
core   0: 3 0x000000008000ff52 (0x00e78023) mem 0x0000000080012058 0x00
core   0: 0x000000008000ff56 (0xfc843703) ld      a4, -56(s0)
core   0: 3 0x000000008000ff56 (0xfc843703) x14 0x0000000080012040 mem 0x0000000080031f38
core   0: 0x000000008000ff5a (0xfb843783) ld      a5, -72(s0)
core   0: 3 0x000000008000ff5a (0xfb843783) x15 0x000000000000009c mem 0x0000000080031f28
core   0: 0x000000008000ff5e (0x000097ba) c.add   a5, a4
core   0: 3 0x000000008000ff5e (0x97ba) x15 0x00000000800120dc
core   0: 0x000000008000ff60 (0xfe043703) ld      a4, -32(s0)
core   0: 3 0x000000008000ff60 (0xfe043703) x14 0x0000000080012059 mem 0x0000000080031f50
core   0: 0x000000008000ff64 (0xfcf76de3) bltu    a4, a5, pc - 38
core   0: 3 0x000000008000ff64 (0xfcf76de3)
core   0: 0x000000008000ff3e (0xfe043783) ld      a5, -32(s0)
core   0: 3 0x000000008000ff3e (0xfe043783) x15 0x0000000080012059 mem 0x0000000080031f50
core   0: 0x000000008000ff42 (0x00178713) addi    a4, a5, 1
core   0: 3 0x000000008000ff42 (0x00178713) x14 0x000000008001205a
core   0: 0x000000008000ff46 (0xfee43023) sd      a4, -32(s0)
core   0: 3 0x000000008000ff46 (0xfee43023) mem 0x0000000080031f50 0x000000008001205a
core   0: 0x000000008000ff4a (0xfc442703) lw      a4, -60(s0)
core   0: 3 0x000000008000ff4a (0xfc442703) x14 0x0000000000000000 mem 0x0000000080031f34
core   0: 0x000000008000ff4e (0x0ff77713) andi    a4, a4, 255
core   0: 3 0x000000008000ff4e (0x0ff77713) x14 0x0000000000000000
core   0: 0x000000008000ff52 (0x00e78023) sb      a4, 0(a5)
core   0: 3 0x000000008000ff52 (0x00e78023) mem 0x0000000080012059 0x00
core   0: 0x000000008000ff56 (0xfc843703) ld      a4, -56(s0)
core   0: 3 0x000000008000ff56 (0xfc843703) x14 0x0000000080012040 mem 0x0000000080031f38
core   0: 0x000000008000ff5a (0xfb843783) ld      a5, -72(s0)
core   0: 3 0x000000008000ff5a (0xfb843783) x15 0x000000000000009c mem 0x0000000080031f28
core   0: 0x000000008000ff5e (0x000097ba) c.add   a5, a4
core   0: 3 0x000000008000ff5e (0x97ba) x15 0x00000000800120dc
core   0: 0x000000008000ff60 (0xfe043703) ld      a4, -32(s0)
core   0: 3 0x000000008000ff60 (0xfe043703) x14 0x000000008001205a mem 0x0000000080031f50
core   0: 0x000000008000ff64 (0xfcf76de3) bltu    a4, a5, pc - 38
core   0: 3 0x000000008000ff64 (0xfcf76de3)
core   0: 0x000000008000ff3e (0xfe043783) ld      a5, -32(s0)
core   0: 3 0x000000008000ff3e (0xfe043783) x15 0x000000008001205a mem 0x0000000080031f50
core   0: 0x000000008000ff42 (0x00178713) addi    a4, a5, 1
core   0: 3 0x000000008000ff42 (0x00178713) x14 0x000000008001205b
core   0: 0x000000008000ff46 (0xfee43023) sd      a4, -32(s0)
core   0: 3 0x000000008000ff46 (0xfee43023) mem 0x0000000080031f50 0x000000008001205b
core   0: 0x000000008000ff4a (0xfc442703) lw      a4, -60(s0)
core   0: 3 0x000000008000ff4a (0xfc442703) x14 0x0000000000000000 mem 0x0000000080031f34
core   0: 0x000000008000ff4e (0x0ff77713) andi    a4, a4, 255
core   0: 3 0x000000008000ff4e (0x0ff77713) x14 0x0000000000000000
core   0: 0x000000008000ff52 (0x00e78023) sb      a4, 0(a5)
core   0: 3 0x000000008000ff52 (0x00e78023) mem 0x000000008001205a 0x00
core   0: 0x000000008000ff56 (0xfc843703) ld      a4, -56(s0)
core   0: 3 0x000000008000ff56 (0xfc843703) x14 0x0000000080012040 mem 0x0000000080031f38
core   0: 0x000000008000ff5a (0xfb843783) ld      a5, -72(s0)
core   0: 3 0x000000008000ff5a (0xfb843783) x15 0x000000000000009c mem 0x0000000080031f28
core   0: 0x000000008000ff5e (0x000097ba) c.add   a5, a4
core   0: 3 0x000000008000ff5e (0x97ba) x15 0x00000000800120dc
core   0: 0x000000008000ff60 (0xfe043703) ld      a4, -32(s0)
core   0: 3 0x000000008000ff60 (0xfe043703) x14 0x000000008001205b mem 0x0000000080031f50
core   0: 0x000000008000ff64 (0xfcf76de3) bltu    a4, a5, pc - 38
core   0: 3 0x000000008000ff64 (0xfcf76de3)
core   0: 0x000000008000ff3e (0xfe043783) ld      a5, -32(s0)
core   0: 3 0x000000008000ff3e (0xfe043783) x15 0x000000008001205b mem 0x0000000080031f50
core   0: 0x000000008000ff42 (0x00178713) addi    a4, a5, 1
core   0: 3 0x000000008000ff42 (0x00178713) x14 0x000000008001205c
core   0: 0x000000008000ff46 (0xfee43023) sd      a4, -32(s0)
core   0: 3 0x000000008000ff46 (0xfee43023) mem 0x0000000080031f50 0x000000008001205c
core   0: 0x000000008000ff4a (0xfc442703) lw      a4, -60(s0)
core   0: 3 0x000000008000ff4a (0xfc442703) x14 0x0000000000000000 mem 0x0000000080031f34
core   0: 0x000000008000ff4e (0x0ff77713) andi    a4, a4, 255
core   0: 3 0x000000008000ff4e (0x0ff77713) x14 0x0000000000000000
core   0: 0x000000008000ff52 (0x00e78023) sb      a4, 0(a5)
core   0: 3 0x000000008000ff52 (0x00e78023) mem 0x000000008001205b 0x00
core   0: 0x000000008000ff56 (0xfc843703) ld      a4, -56(s0)
core   0: 3 0x000000008000ff56 (0xfc843703) x14 0x0000000080012040 mem 0x0000000080031f38
core   0: 0x000000008000ff5a (0xfb843783) ld      a5, -72(s0)
core   0: 3 0x000000008000ff5a (0xfb843783) x15 0x000000000000009c mem 0x0000000080031f28
core   0: 0x000000008000ff5e (0x000097ba) c.add   a5, a4
core   0: 3 0x000000008000ff5e (0x97ba) x15 0x00000000800120dc
core   0: 0x000000008000ff60 (0xfe043703) ld      a4, -32(s0)
core   0: 3 0x000000008000ff60 (0xfe043703) x14 0x000000008001205c mem 0x0000000080031f50
core   0: 0x000000008000ff64 (0xfcf76de3) bltu    a4, a5, pc - 38
core   0: 3 0x000000008000ff64 (0xfcf76de3)
core   0: 0x000000008000ff3e (0xfe043783) ld      a5, -32(s0)
core   0: 3 0x000000008000ff3e (0xfe043783) x15 0x000000008001205c mem 0x0000000080031f50
core   0: 0x000000008000ff42 (0x00178713) addi    a4, a5, 1
core   0: 3 0x000000008000ff42 (0x00178713) x14 0x000000008001205d
core   0: 0x000000008000ff46 (0xfee43023) sd      a4, -32(s0)
core   0: 3 0x000000008000ff46 (0xfee43023) mem 0x0000000080031f50 0x000000008001205d
core   0: 0x000000008000ff4a (0xfc442703) lw      a4, -60(s0)
core   0: 3 0x000000008000ff4a (0xfc442703) x14 0x0000000000000000 mem 0x0000000080031f34
core   0: 0x000000008000ff4e (0x0ff77713) andi    a4, a4, 255
core   0: 3 0x000000008000ff4e (0x0ff77713) x14 0x0000000000000000
core   0: 0x000000008000ff52 (0x00e78023) sb      a4, 0(a5)
core   0: 3 0x000000008000ff52 (0x00e78023) mem 0x000000008001205c 0x00
core   0: 0x000000008000ff56 (0xfc843703) ld      a4, -56(s0)
core   0: 3 0x000000008000ff56 (0xfc843703) x14 0x0000000080012040 mem 0x0000000080031f38
core   0: 0x000000008000ff5a (0xfb843783) ld      a5, -72(s0)
core   0: 3 0x000000008000ff5a (0xfb843783) x15 0x000000000000009c mem 0x0000000080031f28
core   0: 0x000000008000ff5e (0x000097ba) c.add   a5, a4
core   0: 3 0x000000008000ff5e (0x97ba) x15 0x00000000800120dc
core   0: 0x000000008000ff60 (0xfe043703) ld      a4, -32(s0)
core   0: 3 0x000000008000ff60 (0xfe043703) x14 0x000000008001205d mem 0x0000000080031f50
core   0: 0x000000008000ff64 (0xfcf76de3) bltu    a4, a5, pc - 38
core   0: 3 0x000000008000ff64 (0xfcf76de3)
core   0: 0x000000008000ff3e (0xfe043783) ld      a5, -32(s0)
core   0: 3 0x000000008000ff3e (0xfe043783) x15 0x000000008001205d mem 0x0000000080031f50
core   0: 0x000000008000ff42 (0x00178713) addi    a4, a5, 1
core   0: 3 0x000000008000ff42 (0x00178713) x14 0x000000008001205e
core   0: 0x000000008000ff46 (0xfee43023) sd      a4, -32(s0)
core   0: 3 0x000000008000ff46 (0xfee43023) mem 0x0000000080031f50 0x000000008001205e
core   0: 0x000000008000ff4a (0xfc442703) lw      a4, -60(s0)
core   0: 3 0x000000008000ff4a (0xfc442703) x14 0x0000000000000000 mem 0x0000000080031f34
core   0: 0x000000008000ff4e (0x0ff77713) andi    a4, a4, 255
core   0: 3 0x000000008000ff4e (0x0ff77713) x14 0x0000000000000000
core   0: 0x000000008000ff52 (0x00e78023) sb      a4, 0(a5)
core   0: 3 0x000000008000ff52 (0x00e78023) mem 0x000000008001205d 0x00
core   0: 0x000000008000ff56 (0xfc843703) ld      a4, -56(s0)
core   0: 3 0x000000008000ff56 (0xfc843703) x14 0x0000000080012040 mem 0x0000000080031f38
core   0: 0x000000008000ff5a (0xfb843783) ld      a5, -72(s0)
core   0: 3 0x000000008000ff5a (0xfb843783) x15 0x000000000000009c mem 0x0000000080031f28
core   0: 0x000000008000ff5e (0x000097ba) c.add   a5, a4
core   0: 3 0x000000008000ff5e (0x97ba) x15 0x00000000800120dc
core   0: 0x000000008000ff60 (0xfe043703) ld      a4, -32(s0)
core   0: 3 0x000000008000ff60 (0xfe043703) x14 0x000000008001205e mem 0x0000000080031f50
core   0: 0x000000008000ff64 (0xfcf76de3) bltu    a4, a5, pc - 38
core   0: 3 0x000000008000ff64 (0xfcf76de3)
core   0: 0x000000008000ff3e (0xfe043783) ld      a5, -32(s0)
core   0: 3 0x000000008000ff3e (0xfe043783) x15 0x000000008001205e mem 0x0000000080031f50
core   0: 0x000000008000ff42 (0x00178713) addi    a4, a5, 1
core   0: 3 0x000000008000ff42 (0x00178713) x14 0x000000008001205f
core   0: 0x000000008000ff46 (0xfee43023) sd      a4, -32(s0)
core   0: 3 0x000000008000ff46 (0xfee43023) mem 0x0000000080031f50 0x000000008001205f
core   0: 0x000000008000ff4a (0xfc442703) lw      a4, -60(s0)
core   0: 3 0x000000008000ff4a (0xfc442703) x14 0x0000000000000000 mem 0x0000000080031f34
core   0: 0x000000008000ff4e (0x0ff77713) andi    a4, a4, 255
core   0: 3 0x000000008000ff4e (0x0ff77713) x14 0x0000000000000000
core   0: 0x000000008000ff52 (0x00e78023) sb      a4, 0(a5)
core   0: 3 0x000000008000ff52 (0x00e78023) mem 0x000000008001205e 0x00
core   0: 0x000000008000ff56 (0xfc843703) ld      a4, -56(s0)
core   0: 3 0x000000008000ff56 (0xfc843703) x14 0x0000000080012040 mem 0x0000000080031f38
core   0: 0x000000008000ff5a (0xfb843783) ld      a5, -72(s0)
core   0: 3 0x000000008000ff5a (0xfb843783) x15 0x000000000000009c mem 0x0000000080031f28
core   0: 0x000000008000ff5e (0x000097ba) c.add   a5, a4
core   0: 3 0x000000008000ff5e (0x97ba) x15 0x00000000800120dc
core   0: 0x000000008000ff60 (0xfe043703) ld      a4, -32(s0)
core   0: 3 0x000000008000ff60 (0xfe043703) x14 0x000000008001205f mem 0x0000000080031f50
core   0: 0x000000008000ff64 (0xfcf76de3) bltu    a4, a5, pc - 38
core   0: 3 0x000000008000ff64 (0xfcf76de3)
core   0: 0x000000008000ff3e (0xfe043783) ld      a5, -32(s0)
core   0: 3 0x000000008000ff3e (0xfe043783) x15 0x000000008001205f mem 0x0000000080031f50
core   0: 0x000000008000ff42 (0x00178713) addi    a4, a5, 1
core   0: 3 0x000000008000ff42 (0x00178713) x14 0x0000000080012060
core   0: 0x000000008000ff46 (0xfee43023) sd      a4, -32(s0)
core   0: 3 0x000000008000ff46 (0xfee43023) mem 0x0000000080031f50 0x0000000080012060
core   0: 0x000000008000ff4a (0xfc442703) lw      a4, -60(s0)
core   0: 3 0x000000008000ff4a (0xfc442703) x14 0x0000000000000000 mem 0x0000000080031f34
core   0: 0x000000008000ff4e (0x0ff77713) andi    a4, a4, 255
core   0: 3 0x000000008000ff4e (0x0ff77713) x14 0x0000000000000000
core   0: 0x000000008000ff52 (0x00e78023) sb      a4, 0(a5)
core   0: 3 0x000000008000ff52 (0x00e78023) mem 0x000000008001205f 0x00
core   0: 0x000000008000ff56 (0xfc843703) ld      a4, -56(s0)
core   0: 3 0x000000008000ff56 (0xfc843703) x14 0x0000000080012040 mem 0x0000000080031f38
core   0: 0x000000008000ff5a (0xfb843783) ld      a5, -72(s0)
core   0: 3 0x000000008000ff5a (0xfb843783) x15 0x000000000000009c mem 0x0000000080031f28
core   0: 0x000000008000ff5e (0x000097ba) c.add   a5, a4
core   0: 3 0x000000008000ff5e (0x97ba) x15 0x00000000800120dc
core   0: 0x000000008000ff60 (0xfe043703) ld      a4, -32(s0)
core   0: 3 0x000000008000ff60 (0xfe043703) x14 0x0000000080012060 mem 0x0000000080031f50
core   0: 0x000000008000ff64 (0xfcf76de3) bltu    a4, a5, pc - 38
core   0: 3 0x000000008000ff64 (0xfcf76de3)
core   0: 0x000000008000ff3e (0xfe043783) ld      a5, -32(s0)
core   0: 3 0x000000008000ff3e (0xfe043783) x15 0x0000000080012060 mem 0x0000000080031f50
core   0: 0x000000008000ff42 (0x00178713) addi    a4, a5, 1
core   0: 3 0x000000008000ff42 (0x00178713) x14 0x0000000080012061
core   0: 0x000000008000ff46 (0xfee43023) sd      a4, -32(s0)
core   0: 3 0x000000008000ff46 (0xfee43023) mem 0x0000000080031f50 0x0000000080012061
core   0: 0x000000008000ff4a (0xfc442703) lw      a4, -60(s0)
core   0: 3 0x000000008000ff4a (0xfc442703) x14 0x0000000000000000 mem 0x0000000080031f34
core   0: 0x000000008000ff4e (0x0ff77713) andi    a4, a4, 255
core   0: 3 0x000000008000ff4e (0x0ff77713) x14 0x0000000000000000
core   0: 0x000000008000ff52 (0x00e78023) sb      a4, 0(a5)
core   0: 3 0x000000008000ff52 (0x00e78023) mem 0x0000000080012060 0x00
core   0: 0x000000008000ff56 (0xfc843703) ld      a4, -56(s0)
core   0: 3 0x000000008000ff56 (0xfc843703) x14 0x0000000080012040 mem 0x0000000080031f38
core   0: 0x000000008000ff5a (0xfb843783) ld      a5, -72(s0)
core   0: 3 0x000000008000ff5a (0xfb843783) x15 0x000000000000009c mem 0x0000000080031f28
core   0: 0x000000008000ff5e (0x000097ba) c.add   a5, a4
core   0: 3 0x000000008000ff5e (0x97ba) x15 0x00000000800120dc
core   0: 0x000000008000ff60 (0xfe043703) ld      a4, -32(s0)
core   0: 3 0x000000008000ff60 (0xfe043703) x14 0x0000000080012061 mem 0x0000000080031f50
core   0: 0x000000008000ff64 (0xfcf76de3) bltu    a4, a5, pc - 38
core   0: 3 0x000000008000ff64 (0xfcf76de3)
core   0: 0x000000008000ff3e (0xfe043783) ld      a5, -32(s0)
core   0: 3 0x000000008000ff3e (0xfe043783) x15 0x0000000080012061 mem 0x0000000080031f50
core   0: 0x000000008000ff42 (0x00178713) addi    a4, a5, 1
core   0: 3 0x000000008000ff42 (0x00178713) x14 0x0000000080012062
core   0: 0x000000008000ff46 (0xfee43023) sd      a4, -32(s0)
core   0: 3 0x000000008000ff46 (0xfee43023) mem 0x0000000080031f50 0x0000000080012062
core   0: 0x000000008000ff4a (0xfc442703) lw      a4, -60(s0)
core   0: 3 0x000000008000ff4a (0xfc442703) x14 0x0000000000000000 mem 0x0000000080031f34
core   0: 0x000000008000ff4e (0x0ff77713) andi    a4, a4, 255
core   0: 3 0x000000008000ff4e (0x0ff77713) x14 0x0000000000000000
core   0: 0x000000008000ff52 (0x00e78023) sb      a4, 0(a5)
core   0: 3 0x000000008000ff52 (0x00e78023) mem 0x0000000080012061 0x00
core   0: 0x000000008000ff56 (0xfc843703) ld      a4, -56(s0)
core   0: 3 0x000000008000ff56 (0xfc843703) x14 0x0000000080012040 mem 0x0000000080031f38
core   0: 0x000000008000ff5a (0xfb843783) ld      a5, -72(s0)
core   0: 3 0x000000008000ff5a (0xfb843783) x15 0x000000000000009c mem 0x0000000080031f28
core   0: 0x000000008000ff5e (0x000097ba) c.add   a5, a4
core   0: 3 0x000000008000ff5e (0x97ba) x15 0x00000000800120dc
core   0: 0x000000008000ff60 (0xfe043703) ld      a4, -32(s0)
core   0: 3 0x000000008000ff60 (0xfe043703) x14 0x0000000080012062 mem 0x0000000080031f50
core   0: 0x000000008000ff64 (0xfcf76de3) bltu    a4, a5, pc - 38
core   0: 3 0x000000008000ff64 (0xfcf76de3)
core   0: 0x000000008000ff3e (0xfe043783) ld      a5, -32(s0)
core   0: 3 0x000000008000ff3e (0xfe043783) x15 0x0000000080012062 mem 0x0000000080031f50
core   0: 0x000000008000ff42 (0x00178713) addi    a4, a5, 1
core   0: 3 0x000000008000ff42 (0x00178713) x14 0x0000000080012063
core   0: 0x000000008000ff46 (0xfee43023) sd      a4, -32(s0)
core   0: 3 0x000000008000ff46 (0xfee43023) mem 0x0000000080031f50 0x0000000080012063
core   0: 0x000000008000ff4a (0xfc442703) lw      a4, -60(s0)
core   0: 3 0x000000008000ff4a (0xfc442703) x14 0x0000000000000000 mem 0x0000000080031f34
core   0: 0x000000008000ff4e (0x0ff77713) andi    a4, a4, 255
core   0: 3 0x000000008000ff4e (0x0ff77713) x14 0x0000000000000000
core   0: 0x000000008000ff52 (0x00e78023) sb      a4, 0(a5)
core   0: 3 0x000000008000ff52 (0x00e78023) mem 0x0000000080012062 0x00
core   0: 0x000000008000ff56 (0xfc843703) ld      a4, -56(s0)
core   0: 3 0x000000008000ff56 (0xfc843703) x14 0x0000000080012040 mem 0x0000000080031f38
core   0: 0x000000008000ff5a (0xfb843783) ld      a5, -72(s0)
core   0: 3 0x000000008000ff5a (0xfb843783) x15 0x000000000000009c mem 0x0000000080031f28
core   0: 0x000000008000ff5e (0x000097ba) c.add   a5, a4
core   0: 3 0x000000008000ff5e (0x97ba) x15 0x00000000800120dc
core   0: 0x000000008000ff60 (0xfe043703) ld      a4, -32(s0)
core   0: 3 0x000000008000ff60 (0xfe043703) x14 0x0000000080012063 mem 0x0000000080031f50
core   0: 0x000000008000ff64 (0xfcf76de3) bltu    a4, a5, pc - 38
core   0: 3 0x000000008000ff64 (0xfcf76de3)
core   0: 0x000000008000ff3e (0xfe043783) ld      a5, -32(s0)
core   0: 3 0x000000008000ff3e (0xfe043783) x15 0x0000000080012063 mem 0x0000000080031f50
core   0: 0x000000008000ff42 (0x00178713) addi    a4, a5, 1
core   0: 3 0x000000008000ff42 (0x00178713) x14 0x0000000080012064
core   0: 0x000000008000ff46 (0xfee43023) sd      a4, -32(s0)
core   0: 3 0x000000008000ff46 (0xfee43023) mem 0x0000000080031f50 0x0000000080012064
core   0: 0x000000008000ff4a (0xfc442703) lw      a4, -60(s0)
core   0: 3 0x000000008000ff4a (0xfc442703) x14 0x0000000000000000 mem 0x0000000080031f34
core   0: 0x000000008000ff4e (0x0ff77713) andi    a4, a4, 255
core   0: 3 0x000000008000ff4e (0x0ff77713) x14 0x0000000000000000
core   0: 0x000000008000ff52 (0x00e78023) sb      a4, 0(a5)
core   0: 3 0x000000008000ff52 (0x00e78023) mem 0x0000000080012063 0x00
core   0: 0x000000008000ff56 (0xfc843703) ld      a4, -56(s0)
core   0: 3 0x000000008000ff56 (0xfc843703) x14 0x0000000080012040 mem 0x0000000080031f38
core   0: 0x000000008000ff5a (0xfb843783) ld      a5, -72(s0)
core   0: 3 0x000000008000ff5a (0xfb843783) x15 0x000000000000009c mem 0x0000000080031f28
core   0: 0x000000008000ff5e (0x000097ba) c.add   a5, a4
core   0: 3 0x000000008000ff5e (0x97ba) x15 0x00000000800120dc
core   0: 0x000000008000ff60 (0xfe043703) ld      a4, -32(s0)
core   0: 3 0x000000008000ff60 (0xfe043703) x14 0x0000000080012064 mem 0x0000000080031f50
core   0: 0x000000008000ff64 (0xfcf76de3) bltu    a4, a5, pc - 38
core   0: 3 0x000000008000ff64 (0xfcf76de3)
core   0: 0x000000008000ff3e (0xfe043783) ld      a5, -32(s0)
core   0: 3 0x000000008000ff3e (0xfe043783) x15 0x0000000080012064 mem 0x0000000080031f50
core   0: 0x000000008000ff42 (0x00178713) addi    a4, a5, 1
core   0: 3 0x000000008000ff42 (0x00178713) x14 0x0000000080012065
core   0: 0x000000008000ff46 (0xfee43023) sd      a4, -32(s0)
core   0: 3 0x000000008000ff46 (0xfee43023) mem 0x0000000080031f50 0x0000000080012065
core   0: 0x000000008000ff4a (0xfc442703) lw      a4, -60(s0)
core   0: 3 0x000000008000ff4a (0xfc442703) x14 0x0000000000000000 mem 0x0000000080031f34
core   0: 0x000000008000ff4e (0x0ff77713) andi    a4, a4, 255
core   0: 3 0x000000008000ff4e (0x0ff77713) x14 0x0000000000000000
core   0: 0x000000008000ff52 (0x00e78023) sb      a4, 0(a5)
core   0: 3 0x000000008000ff52 (0x00e78023) mem 0x0000000080012064 0x00
core   0: 0x000000008000ff56 (0xfc843703) ld      a4, -56(s0)
core   0: 3 0x000000008000ff56 (0xfc843703) x14 0x0000000080012040 mem 0x0000000080031f38
core   0: 0x000000008000ff5a (0xfb843783) ld      a5, -72(s0)
core   0: 3 0x000000008000ff5a (0xfb843783) x15 0x000000000000009c mem 0x0000000080031f28
core   0: 0x000000008000ff5e (0x000097ba) c.add   a5, a4
core   0: 3 0x000000008000ff5e (0x97ba) x15 0x00000000800120dc
core   0: 0x000000008000ff60 (0xfe043703) ld      a4, -32(s0)
core   0: 3 0x000000008000ff60 (0xfe043703) x14 0x0000000080012065 mem 0x0000000080031f50
core   0: 0x000000008000ff64 (0xfcf76de3) bltu    a4, a5, pc - 38
core   0: 3 0x000000008000ff64 (0xfcf76de3)
core   0: 0x000000008000ff3e (0xfe043783) ld      a5, -32(s0)
core   0: 3 0x000000008000ff3e (0xfe043783) x15 0x0000000080012065 mem 0x0000000080031f50
core   0: 0x000000008000ff42 (0x00178713) addi    a4, a5, 1
core   0: 3 0x000000008000ff42 (0x00178713) x14 0x0000000080012066
core   0: 0x000000008000ff46 (0xfee43023) sd      a4, -32(s0)
core   0: 3 0x000000008000ff46 (0xfee43023) mem 0x0000000080031f50 0x0000000080012066
core   0: 0x000000008000ff4a (0xfc442703) lw      a4, -60(s0)
core   0: 3 0x000000008000ff4a (0xfc442703) x14 0x0000000000000000 mem 0x0000000080031f34
core   0: 0x000000008000ff4e (0x0ff77713) andi    a4, a4, 255
core   0: 3 0x000000008000ff4e (0x0ff77713) x14 0x0000000000000000
core   0: 0x000000008000ff52 (0x00e78023) sb      a4, 0(a5)
core   0: 3 0x000000008000ff52 (0x00e78023) mem 0x0000000080012065 0x00
core   0: 0x000000008000ff56 (0xfc843703) ld      a4, -56(s0)
core   0: 3 0x000000008000ff56 (0xfc843703) x14 0x0000000080012040 mem 0x0000000080031f38
core   0: 0x000000008000ff5a (0xfb843783) ld      a5, -72(s0)
core   0: 3 0x000000008000ff5a (0xfb843783) x15 0x000000000000009c mem 0x0000000080031f28
core   0: 0x000000008000ff5e (0x000097ba) c.add   a5, a4
core   0: 3 0x000000008000ff5e (0x97ba) x15 0x00000000800120dc
core   0: 0x000000008000ff60 (0xfe043703) ld      a4, -32(s0)
core   0: 3 0x000000008000ff60 (0xfe043703) x14 0x0000000080012066 mem 0x0000000080031f50
core   0: 0x000000008000ff64 (0xfcf76de3) bltu    a4, a5, pc - 38
core   0: 3 0x000000008000ff64 (0xfcf76de3)
core   0: 0x000000008000ff3e (0xfe043783) ld      a5, -32(s0)
core   0: 3 0x000000008000ff3e (0xfe043783) x15 0x0000000080012066 mem 0x0000000080031f50
core   0: 0x000000008000ff42 (0x00178713) addi    a4, a5, 1
core   0: 3 0x000000008000ff42 (0x00178713) x14 0x0000000080012067
core   0: 0x000000008000ff46 (0xfee43023) sd      a4, -32(s0)
core   0: 3 0x000000008000ff46 (0xfee43023) mem 0x0000000080031f50 0x0000000080012067
core   0: 0x000000008000ff4a (0xfc442703) lw      a4, -60(s0)
core   0: 3 0x000000008000ff4a (0xfc442703) x14 0x0000000000000000 mem 0x0000000080031f34
core   0: 0x000000008000ff4e (0x0ff77713) andi    a4, a4, 255
core   0: 3 0x000000008000ff4e (0x0ff77713) x14 0x0000000000000000
core   0: 0x000000008000ff52 (0x00e78023) sb      a4, 0(a5)
core   0: 3 0x000000008000ff52 (0x00e78023) mem 0x0000000080012066 0x00
core   0: 0x000000008000ff56 (0xfc843703) ld      a4, -56(s0)
core   0: 3 0x000000008000ff56 (0xfc843703) x14 0x0000000080012040 mem 0x0000000080031f38
core   0: 0x000000008000ff5a (0xfb843783) ld      a5, -72(s0)
core   0: 3 0x000000008000ff5a (0xfb843783) x15 0x000000000000009c mem 0x0000000080031f28
core   0: 0x000000008000ff5e (0x000097ba) c.add   a5, a4
core   0: 3 0x000000008000ff5e (0x97ba) x15 0x00000000800120dc
core   0: 0x000000008000ff60 (0xfe043703) ld      a4, -32(s0)
core   0: 3 0x000000008000ff60 (0xfe043703) x14 0x0000000080012067 mem 0x0000000080031f50
core   0: 0x000000008000ff64 (0xfcf76de3) bltu    a4, a5, pc - 38
core   0: 3 0x000000008000ff64 (0xfcf76de3)
core   0: 0x000000008000ff3e (0xfe043783) ld      a5, -32(s0)
core   0: 3 0x000000008000ff3e (0xfe043783) x15 0x0000000080012067 mem 0x0000000080031f50
core   0: 0x000000008000ff42 (0x00178713) addi    a4, a5, 1
core   0: 3 0x000000008000ff42 (0x00178713) x14 0x0000000080012068
core   0: 0x000000008000ff46 (0xfee43023) sd      a4, -32(s0)
core   0: 3 0x000000008000ff46 (0xfee43023) mem 0x0000000080031f50 0x0000000080012068
core   0: 0x000000008000ff4a (0xfc442703) lw      a4, -60(s0)
core   0: 3 0x000000008000ff4a (0xfc442703) x14 0x0000000000000000 mem 0x0000000080031f34
core   0: 0x000000008000ff4e (0x0ff77713) andi    a4, a4, 255
core   0: 3 0x000000008000ff4e (0x0ff77713) x14 0x0000000000000000
core   0: 0x000000008000ff52 (0x00e78023) sb      a4, 0(a5)
core   0: 3 0x000000008000ff52 (0x00e78023) mem 0x0000000080012067 0x00
core   0: 0x000000008000ff56 (0xfc843703) ld      a4, -56(s0)
core   0: 3 0x000000008000ff56 (0xfc843703) x14 0x0000000080012040 mem 0x0000000080031f38
core   0: 0x000000008000ff5a (0xfb843783) ld      a5, -72(s0)
core   0: 3 0x000000008000ff5a (0xfb843783) x15 0x000000000000009c mem 0x0000000080031f28
core   0: 0x000000008000ff5e (0x000097ba) c.add   a5, a4
core   0: 3 0x000000008000ff5e (0x97ba) x15 0x00000000800120dc
core   0: 0x000000008000ff60 (0xfe043703) ld      a4, -32(s0)
core   0: 3 0x000000008000ff60 (0xfe043703) x14 0x0000000080012068 mem 0x0000000080031f50
core   0: 0x000000008000ff64 (0xfcf76de3) bltu    a4, a5, pc - 38
core   0: 3 0x000000008000ff64 (0xfcf76de3)
core   0: 0x000000008000ff3e (0xfe043783) ld      a5, -32(s0)
core   0: 3 0x000000008000ff3e (0xfe043783) x15 0x0000000080012068 mem 0x0000000080031f50
core   0: 0x000000008000ff42 (0x00178713) addi    a4, a5, 1
core   0: 3 0x000000008000ff42 (0x00178713) x14 0x0000000080012069
core   0: 0x000000008000ff46 (0xfee43023) sd      a4, -32(s0)
core   0: 3 0x000000008000ff46 (0xfee43023) mem 0x0000000080031f50 0x0000000080012069
core   0: 0x000000008000ff4a (0xfc442703) lw      a4, -60(s0)
core   0: 3 0x000000008000ff4a (0xfc442703) x14 0x0000000000000000 mem 0x0000000080031f34
core   0: 0x000000008000ff4e (0x0ff77713) andi    a4, a4, 255
core   0: 3 0x000000008000ff4e (0x0ff77713) x14 0x0000000000000000
core   0: 0x000000008000ff52 (0x00e78023) sb      a4, 0(a5)
core   0: 3 0x000000008000ff52 (0x00e78023) mem 0x0000000080012068 0x00
core   0: 0x000000008000ff56 (0xfc843703) ld      a4, -56(s0)
core   0: 3 0x000000008000ff56 (0xfc843703) x14 0x0000000080012040 mem 0x0000000080031f38
core   0: 0x000000008000ff5a (0xfb843783) ld      a5, -72(s0)
core   0: 3 0x000000008000ff5a (0xfb843783) x15 0x000000000000009c mem 0x0000000080031f28
core   0: 0x000000008000ff5e (0x000097ba) c.add   a5, a4
core   0: 3 0x000000008000ff5e (0x97ba) x15 0x00000000800120dc
core   0: 0x000000008000ff60 (0xfe043703) ld      a4, -32(s0)
core   0: 3 0x000000008000ff60 (0xfe043703) x14 0x0000000080012069 mem 0x0000000080031f50
core   0: 0x000000008000ff64 (0xfcf76de3) bltu    a4, a5, pc - 38
core   0: 3 0x000000008000ff64 (0xfcf76de3)
core   0: 0x000000008000ff3e (0xfe043783) ld      a5, -32(s0)
core   0: 3 0x000000008000ff3e (0xfe043783) x15 0x0000000080012069 mem 0x0000000080031f50
core   0: 0x000000008000ff42 (0x00178713) addi    a4, a5, 1
core   0: 3 0x000000008000ff42 (0x00178713) x14 0x000000008001206a
core   0: 0x000000008000ff46 (0xfee43023) sd      a4, -32(s0)
core   0: 3 0x000000008000ff46 (0xfee43023) mem 0x0000000080031f50 0x000000008001206a
core   0: 0x000000008000ff4a (0xfc442703) lw      a4, -60(s0)
core   0: 3 0x000000008000ff4a (0xfc442703) x14 0x0000000000000000 mem 0x0000000080031f34
core   0: 0x000000008000ff4e (0x0ff77713) andi    a4, a4, 255
core   0: 3 0x000000008000ff4e (0x0ff77713) x14 0x0000000000000000
core   0: 0x000000008000ff52 (0x00e78023) sb      a4, 0(a5)
core   0: 3 0x000000008000ff52 (0x00e78023) mem 0x0000000080012069 0x00
core   0: 0x000000008000ff56 (0xfc843703) ld      a4, -56(s0)
core   0: 3 0x000000008000ff56 (0xfc843703) x14 0x0000000080012040 mem 0x0000000080031f38
core   0: 0x000000008000ff5a (0xfb843783) ld      a5, -72(s0)
core   0: 3 0x000000008000ff5a (0xfb843783) x15 0x000000000000009c mem 0x0000000080031f28
core   0: 0x000000008000ff5e (0x000097ba) c.add   a5, a4
core   0: 3 0x000000008000ff5e (0x97ba) x15 0x00000000800120dc
core   0: 0x000000008000ff60 (0xfe043703) ld      a4, -32(s0)
core   0: 3 0x000000008000ff60 (0xfe043703) x14 0x000000008001206a mem 0x0000000080031f50
core   0: 0x000000008000ff64 (0xfcf76de3) bltu    a4, a5, pc - 38
core   0: 3 0x000000008000ff64 (0xfcf76de3)
core   0: 0x000000008000ff3e (0xfe043783) ld      a5, -32(s0)
core   0: 3 0x000000008000ff3e (0xfe043783) x15 0x000000008001206a mem 0x0000000080031f50
core   0: 0x000000008000ff42 (0x00178713) addi    a4, a5, 1
core   0: 3 0x000000008000ff42 (0x00178713) x14 0x000000008001206b
core   0: 0x000000008000ff46 (0xfee43023) sd      a4, -32(s0)
core   0: 3 0x000000008000ff46 (0xfee43023) mem 0x0000000080031f50 0x000000008001206b
core   0: 0x000000008000ff4a (0xfc442703) lw      a4, -60(s0)
core   0: 3 0x000000008000ff4a (0xfc442703) x14 0x0000000000000000 mem 0x0000000080031f34
core   0: 0x000000008000ff4e (0x0ff77713) andi    a4, a4, 255
core   0: 3 0x000000008000ff4e (0x0ff77713) x14 0x0000000000000000
core   0: 0x000000008000ff52 (0x00e78023) sb      a4, 0(a5)
core   0: 3 0x000000008000ff52 (0x00e78023) mem 0x000000008001206a 0x00
core   0: 0x000000008000ff56 (0xfc843703) ld      a4, -56(s0)
core   0: 3 0x000000008000ff56 (0xfc843703) x14 0x0000000080012040 mem 0x0000000080031f38
core   0: 0x000000008000ff5a (0xfb843783) ld      a5, -72(s0)
core   0: 3 0x000000008000ff5a (0xfb843783) x15 0x000000000000009c mem 0x0000000080031f28
core   0: 0x000000008000ff5e (0x000097ba) c.add   a5, a4
core   0: 3 0x000000008000ff5e (0x97ba) x15 0x00000000800120dc
core   0: 0x000000008000ff60 (0xfe043703) ld      a4, -32(s0)
core   0: 3 0x000000008000ff60 (0xfe043703) x14 0x000000008001206b mem 0x0000000080031f50
core   0: 0x000000008000ff64 (0xfcf76de3) bltu    a4, a5, pc - 38
core   0: 3 0x000000008000ff64 (0xfcf76de3)
core   0: 0x000000008000ff3e (0xfe043783) ld      a5, -32(s0)
core   0: 3 0x000000008000ff3e (0xfe043783) x15 0x000000008001206b mem 0x0000000080031f50
core   0: 0x000000008000ff42 (0x00178713) addi    a4, a5, 1
core   0: 3 0x000000008000ff42 (0x00178713) x14 0x000000008001206c
core   0: 0x000000008000ff46 (0xfee43023) sd      a4, -32(s0)
core   0: 3 0x000000008000ff46 (0xfee43023) mem 0x0000000080031f50 0x000000008001206c
core   0: 0x000000008000ff4a (0xfc442703) lw      a4, -60(s0)
core   0: 3 0x000000008000ff4a (0xfc442703) x14 0x0000000000000000 mem 0x0000000080031f34
core   0: 0x000000008000ff4e (0x0ff77713) andi    a4, a4, 255
core   0: 3 0x000000008000ff4e (0x0ff77713) x14 0x0000000000000000
core   0: 0x000000008000ff52 (0x00e78023) sb      a4, 0(a5)
core   0: 3 0x000000008000ff52 (0x00e78023) mem 0x000000008001206b 0x00
core   0: 0x000000008000ff56 (0xfc843703) ld      a4, -56(s0)
core   0: 3 0x000000008000ff56 (0xfc843703) x14 0x0000000080012040 mem 0x0000000080031f38
core   0: 0x000000008000ff5a (0xfb843783) ld      a5, -72(s0)
core   0: 3 0x000000008000ff5a (0xfb843783) x15 0x000000000000009c mem 0x0000000080031f28
core   0: 0x000000008000ff5e (0x000097ba) c.add   a5, a4
core   0: 3 0x000000008000ff5e (0x97ba) x15 0x00000000800120dc
core   0: 0x000000008000ff60 (0xfe043703) ld      a4, -32(s0)
core   0: 3 0x000000008000ff60 (0xfe043703) x14 0x000000008001206c mem 0x0000000080031f50
core   0: 0x000000008000ff64 (0xfcf76de3) bltu    a4, a5, pc - 38
core   0: 3 0x000000008000ff64 (0xfcf76de3)
core   0: 0x000000008000ff3e (0xfe043783) ld      a5, -32(s0)
core   0: 3 0x000000008000ff3e (0xfe043783) x15 0x000000008001206c mem 0x0000000080031f50
core   0: 0x000000008000ff42 (0x00178713) addi    a4, a5, 1
core   0: 3 0x000000008000ff42 (0x00178713) x14 0x000000008001206d
core   0: 0x000000008000ff46 (0xfee43023) sd      a4, -32(s0)
core   0: 3 0x000000008000ff46 (0xfee43023) mem 0x0000000080031f50 0x000000008001206d
core   0: 0x000000008000ff4a (0xfc442703) lw      a4, -60(s0)
core   0: 3 0x000000008000ff4a (0xfc442703) x14 0x0000000000000000 mem 0x0000000080031f34
core   0: 0x000000008000ff4e (0x0ff77713) andi    a4, a4, 255
core   0: 3 0x000000008000ff4e (0x0ff77713) x14 0x0000000000000000
core   0: 0x000000008000ff52 (0x00e78023) sb      a4, 0(a5)
core   0: 3 0x000000008000ff52 (0x00e78023) mem 0x000000008001206c 0x00
core   0: 0x000000008000ff56 (0xfc843703) ld      a4, -56(s0)
core   0: 3 0x000000008000ff56 (0xfc843703) x14 0x0000000080012040 mem 0x0000000080031f38
core   0: 0x000000008000ff5a (0xfb843783) ld      a5, -72(s0)
core   0: 3 0x000000008000ff5a (0xfb843783) x15 0x000000000000009c mem 0x0000000080031f28
core   0: 0x000000008000ff5e (0x000097ba) c.add   a5, a4
core   0: 3 0x000000008000ff5e (0x97ba) x15 0x00000000800120dc
core   0: 0x000000008000ff60 (0xfe043703) ld      a4, -32(s0)
core   0: 3 0x000000008000ff60 (0xfe043703) x14 0x000000008001206d mem 0x0000000080031f50
core   0: 0x000000008000ff64 (0xfcf76de3) bltu    a4, a5, pc - 38
core   0: 3 0x000000008000ff64 (0xfcf76de3)
core   0: 0x000000008000ff3e (0xfe043783) ld      a5, -32(s0)
core   0: 3 0x000000008000ff3e (0xfe043783) x15 0x000000008001206d mem 0x0000000080031f50
core   0: 0x000000008000ff42 (0x00178713) addi    a4, a5, 1
core   0: 3 0x000000008000ff42 (0x00178713) x14 0x000000008001206e
core   0: 0x000000008000ff46 (0xfee43023) sd      a4, -32(s0)
core   0: 3 0x000000008000ff46 (0xfee43023) mem 0x0000000080031f50 0x000000008001206e
core   0: 0x000000008000ff4a (0xfc442703) lw      a4, -60(s0)
core   0: 3 0x000000008000ff4a (0xfc442703) x14 0x0000000000000000 mem 0x0000000080031f34
core   0: 0x000000008000ff4e (0x0ff77713) andi    a4, a4, 255
core   0: 3 0x000000008000ff4e (0x0ff77713) x14 0x0000000000000000
core   0: 0x000000008000ff52 (0x00e78023) sb      a4, 0(a5)
core   0: 3 0x000000008000ff52 (0x00e78023) mem 0x000000008001206d 0x00
core   0: 0x000000008000ff56 (0xfc843703) ld      a4, -56(s0)
core   0: 3 0x000000008000ff56 (0xfc843703) x14 0x0000000080012040 mem 0x0000000080031f38
core   0: 0x000000008000ff5a (0xfb843783) ld      a5, -72(s0)
core   0: 3 0x000000008000ff5a (0xfb843783) x15 0x000000000000009c mem 0x0000000080031f28
core   0: 0x000000008000ff5e (0x000097ba) c.add   a5, a4
core   0: 3 0x000000008000ff5e (0x97ba) x15 0x00000000800120dc
core   0: 0x000000008000ff60 (0xfe043703) ld      a4, -32(s0)
core   0: 3 0x000000008000ff60 (0xfe043703) x14 0x000000008001206e mem 0x0000000080031f50
core   0: 0x000000008000ff64 (0xfcf76de3) bltu    a4, a5, pc - 38
core   0: 3 0x000000008000ff64 (0xfcf76de3)
core   0: 0x000000008000ff3e (0xfe043783) ld      a5, -32(s0)
core   0: 3 0x000000008000ff3e (0xfe043783) x15 0x000000008001206e mem 0x0000000080031f50
core   0: 0x000000008000ff42 (0x00178713) addi    a4, a5, 1
core   0: 3 0x000000008000ff42 (0x00178713) x14 0x000000008001206f
core   0: 0x000000008000ff46 (0xfee43023) sd      a4, -32(s0)
core   0: 3 0x000000008000ff46 (0xfee43023) mem 0x0000000080031f50 0x000000008001206f
core   0: 0x000000008000ff4a (0xfc442703) lw      a4, -60(s0)
core   0: 3 0x000000008000ff4a (0xfc442703) x14 0x0000000000000000 mem 0x0000000080031f34
core   0: 0x000000008000ff4e (0x0ff77713) andi    a4, a4, 255
core   0: 3 0x000000008000ff4e (0x0ff77713) x14 0x0000000000000000
core   0: 0x000000008000ff52 (0x00e78023) sb      a4, 0(a5)
core   0: 3 0x000000008000ff52 (0x00e78023) mem 0x000000008001206e 0x00
core   0: 0x000000008000ff56 (0xfc843703) ld      a4, -56(s0)
core   0: 3 0x000000008000ff56 (0xfc843703) x14 0x0000000080012040 mem 0x0000000080031f38
core   0: 0x000000008000ff5a (0xfb843783) ld      a5, -72(s0)
core   0: 3 0x000000008000ff5a (0xfb843783) x15 0x000000000000009c mem 0x0000000080031f28
core   0: 0x000000008000ff5e (0x000097ba) c.add   a5, a4
core   0: 3 0x000000008000ff5e (0x97ba) x15 0x00000000800120dc
core   0: 0x000000008000ff60 (0xfe043703) ld      a4, -32(s0)
core   0: 3 0x000000008000ff60 (0xfe043703) x14 0x000000008001206f mem 0x0000000080031f50
core   0: 0x000000008000ff64 (0xfcf76de3) bltu    a4, a5, pc - 38
core   0: 3 0x000000008000ff64 (0xfcf76de3)
core   0: 0x000000008000ff3e (0xfe043783) ld      a5, -32(s0)
core   0: 3 0x000000008000ff3e (0xfe043783) x15 0x000000008001206f mem 0x0000000080031f50
core   0: 0x000000008000ff42 (0x00178713) addi    a4, a5, 1
core   0: 3 0x000000008000ff42 (0x00178713) x14 0x0000000080012070
core   0: 0x000000008000ff46 (0xfee43023) sd      a4, -32(s0)
core   0: 3 0x000000008000ff46 (0xfee43023) mem 0x0000000080031f50 0x0000000080012070
core   0: 0x000000008000ff4a (0xfc442703) lw      a4, -60(s0)
core   0: 3 0x000000008000ff4a (0xfc442703) x14 0x0000000000000000 mem 0x0000000080031f34
core   0: 0x000000008000ff4e (0x0ff77713) andi    a4, a4, 255
core   0: 3 0x000000008000ff4e (0x0ff77713) x14 0x0000000000000000
core   0: 0x000000008000ff52 (0x00e78023) sb      a4, 0(a5)
core   0: 3 0x000000008000ff52 (0x00e78023) mem 0x000000008001206f 0x00
core   0: 0x000000008000ff56 (0xfc843703) ld      a4, -56(s0)
core   0: 3 0x000000008000ff56 (0xfc843703) x14 0x0000000080012040 mem 0x0000000080031f38
core   0: 0x000000008000ff5a (0xfb843783) ld      a5, -72(s0)
core   0: 3 0x000000008000ff5a (0xfb843783) x15 0x000000000000009c mem 0x0000000080031f28
core   0: 0x000000008000ff5e (0x000097ba) c.add   a5, a4
core   0: 3 0x000000008000ff5e (0x97ba) x15 0x00000000800120dc
core   0: 0x000000008000ff60 (0xfe043703) ld      a4, -32(s0)
core   0: 3 0x000000008000ff60 (0xfe043703) x14 0x0000000080012070 mem 0x0000000080031f50
core   0: 0x000000008000ff64 (0xfcf76de3) bltu    a4, a5, pc - 38
core   0: 3 0x000000008000ff64 (0xfcf76de3)
core   0: 0x000000008000ff3e (0xfe043783) ld      a5, -32(s0)
core   0: 3 0x000000008000ff3e (0xfe043783) x15 0x0000000080012070 mem 0x0000000080031f50
core   0: 0x000000008000ff42 (0x00178713) addi    a4, a5, 1
core   0: 3 0x000000008000ff42 (0x00178713) x14 0x0000000080012071
core   0: 0x000000008000ff46 (0xfee43023) sd      a4, -32(s0)
core   0: 3 0x000000008000ff46 (0xfee43023) mem 0x0000000080031f50 0x0000000080012071
core   0: 0x000000008000ff4a (0xfc442703) lw      a4, -60(s0)
core   0: 3 0x000000008000ff4a (0xfc442703) x14 0x0000000000000000 mem 0x0000000080031f34
core   0: 0x000000008000ff4e (0x0ff77713) andi    a4, a4, 255
core   0: 3 0x000000008000ff4e (0x0ff77713) x14 0x0000000000000000
core   0: 0x000000008000ff52 (0x00e78023) sb      a4, 0(a5)
core   0: 3 0x000000008000ff52 (0x00e78023) mem 0x0000000080012070 0x00
core   0: 0x000000008000ff56 (0xfc843703) ld      a4, -56(s0)
core   0: 3 0x000000008000ff56 (0xfc843703) x14 0x0000000080012040 mem 0x0000000080031f38
core   0: 0x000000008000ff5a (0xfb843783) ld      a5, -72(s0)
core   0: 3 0x000000008000ff5a (0xfb843783) x15 0x000000000000009c mem 0x0000000080031f28
core   0: 0x000000008000ff5e (0x000097ba) c.add   a5, a4
core   0: 3 0x000000008000ff5e (0x97ba) x15 0x00000000800120dc
core   0: 0x000000008000ff60 (0xfe043703) ld      a4, -32(s0)
core   0: 3 0x000000008000ff60 (0xfe043703) x14 0x0000000080012071 mem 0x0000000080031f50
core   0: 0x000000008000ff64 (0xfcf76de3) bltu    a4, a5, pc - 38
core   0: 3 0x000000008000ff64 (0xfcf76de3)
core   0: 0x000000008000ff3e (0xfe043783) ld      a5, -32(s0)
core   0: 3 0x000000008000ff3e (0xfe043783) x15 0x0000000080012071 mem 0x0000000080031f50
core   0: 0x000000008000ff42 (0x00178713) addi    a4, a5, 1
core   0: 3 0x000000008000ff42 (0x00178713) x14 0x0000000080012072
core   0: 0x000000008000ff46 (0xfee43023) sd      a4, -32(s0)
core   0: 3 0x000000008000ff46 (0xfee43023) mem 0x0000000080031f50 0x0000000080012072
core   0: 0x000000008000ff4a (0xfc442703) lw      a4, -60(s0)
core   0: 3 0x000000008000ff4a (0xfc442703) x14 0x0000000000000000 mem 0x0000000080031f34
core   0: 0x000000008000ff4e (0x0ff77713) andi    a4, a4, 255
core   0: 3 0x000000008000ff4e (0x0ff77713) x14 0x0000000000000000
core   0: 0x000000008000ff52 (0x00e78023) sb      a4, 0(a5)
core   0: 3 0x000000008000ff52 (0x00e78023) mem 0x0000000080012071 0x00
core   0: 0x000000008000ff56 (0xfc843703) ld      a4, -56(s0)
core   0: 3 0x000000008000ff56 (0xfc843703) x14 0x0000000080012040 mem 0x0000000080031f38
core   0: 0x000000008000ff5a (0xfb843783) ld      a5, -72(s0)
core   0: 3 0x000000008000ff5a (0xfb843783) x15 0x000000000000009c mem 0x0000000080031f28
core   0: 0x000000008000ff5e (0x000097ba) c.add   a5, a4
core   0: 3 0x000000008000ff5e (0x97ba) x15 0x00000000800120dc
core   0: 0x000000008000ff60 (0xfe043703) ld      a4, -32(s0)
core   0: 3 0x000000008000ff60 (0xfe043703) x14 0x0000000080012072 mem 0x0000000080031f50
core   0: 0x000000008000ff64 (0xfcf76de3) bltu    a4, a5, pc - 38
core   0: 3 0x000000008000ff64 (0xfcf76de3)
core   0: 0x000000008000ff3e (0xfe043783) ld      a5, -32(s0)
core   0: 3 0x000000008000ff3e (0xfe043783) x15 0x0000000080012072 mem 0x0000000080031f50
core   0: 0x000000008000ff42 (0x00178713) addi    a4, a5, 1
core   0: 3 0x000000008000ff42 (0x00178713) x14 0x0000000080012073
core   0: 0x000000008000ff46 (0xfee43023) sd      a4, -32(s0)
core   0: 3 0x000000008000ff46 (0xfee43023) mem 0x0000000080031f50 0x0000000080012073
core   0: 0x000000008000ff4a (0xfc442703) lw      a4, -60(s0)
core   0: 3 0x000000008000ff4a (0xfc442703) x14 0x0000000000000000 mem 0x0000000080031f34
core   0: 0x000000008000ff4e (0x0ff77713) andi    a4, a4, 255
core   0: 3 0x000000008000ff4e (0x0ff77713) x14 0x0000000000000000
core   0: 0x000000008000ff52 (0x00e78023) sb      a4, 0(a5)
core   0: 3 0x000000008000ff52 (0x00e78023) mem 0x0000000080012072 0x00
core   0: 0x000000008000ff56 (0xfc843703) ld      a4, -56(s0)
core   0: 3 0x000000008000ff56 (0xfc843703) x14 0x0000000080012040 mem 0x0000000080031f38
core   0: 0x000000008000ff5a (0xfb843783) ld      a5, -72(s0)
core   0: 3 0x000000008000ff5a (0xfb843783) x15 0x000000000000009c mem 0x0000000080031f28
core   0: 0x000000008000ff5e (0x000097ba) c.add   a5, a4
core   0: 3 0x000000008000ff5e (0x97ba) x15 0x00000000800120dc
core   0: 0x000000008000ff60 (0xfe043703) ld      a4, -32(s0)
core   0: 3 0x000000008000ff60 (0xfe043703) x14 0x0000000080012073 mem 0x0000000080031f50
core   0: 0x000000008000ff64 (0xfcf76de3) bltu    a4, a5, pc - 38
core   0: 3 0x000000008000ff64 (0xfcf76de3)
core   0: 0x000000008000ff3e (0xfe043783) ld      a5, -32(s0)
core   0: 3 0x000000008000ff3e (0xfe043783) x15 0x0000000080012073 mem 0x0000000080031f50
core   0: 0x000000008000ff42 (0x00178713) addi    a4, a5, 1
core   0: 3 0x000000008000ff42 (0x00178713) x14 0x0000000080012074
core   0: 0x000000008000ff46 (0xfee43023) sd      a4, -32(s0)
core   0: 3 0x000000008000ff46 (0xfee43023) mem 0x0000000080031f50 0x0000000080012074
core   0: 0x000000008000ff4a (0xfc442703) lw      a4, -60(s0)
core   0: 3 0x000000008000ff4a (0xfc442703) x14 0x0000000000000000 mem 0x0000000080031f34
core   0: 0x000000008000ff4e (0x0ff77713) andi    a4, a4, 255
core   0: 3 0x000000008000ff4e (0x0ff77713) x14 0x0000000000000000
core   0: 0x000000008000ff52 (0x00e78023) sb      a4, 0(a5)
core   0: 3 0x000000008000ff52 (0x00e78023) mem 0x0000000080012073 0x00
core   0: 0x000000008000ff56 (0xfc843703) ld      a4, -56(s0)
core   0: 3 0x000000008000ff56 (0xfc843703) x14 0x0000000080012040 mem 0x0000000080031f38
core   0: 0x000000008000ff5a (0xfb843783) ld      a5, -72(s0)
core   0: 3 0x000000008000ff5a (0xfb843783) x15 0x000000000000009c mem 0x0000000080031f28
core   0: 0x000000008000ff5e (0x000097ba) c.add   a5, a4
core   0: 3 0x000000008000ff5e (0x97ba) x15 0x00000000800120dc
core   0: 0x000000008000ff60 (0xfe043703) ld      a4, -32(s0)
core   0: 3 0x000000008000ff60 (0xfe043703) x14 0x0000000080012074 mem 0x0000000080031f50
core   0: 0x000000008000ff64 (0xfcf76de3) bltu    a4, a5, pc - 38
core   0: 3 0x000000008000ff64 (0xfcf76de3)
core   0: 0x000000008000ff3e (0xfe043783) ld      a5, -32(s0)
core   0: 3 0x000000008000ff3e (0xfe043783) x15 0x0000000080012074 mem 0x0000000080031f50
core   0: 0x000000008000ff42 (0x00178713) addi    a4, a5, 1
core   0: 3 0x000000008000ff42 (0x00178713) x14 0x0000000080012075
core   0: 0x000000008000ff46 (0xfee43023) sd      a4, -32(s0)
core   0: 3 0x000000008000ff46 (0xfee43023) mem 0x0000000080031f50 0x0000000080012075
core   0: 0x000000008000ff4a (0xfc442703) lw      a4, -60(s0)
core   0: 3 0x000000008000ff4a (0xfc442703) x14 0x0000000000000000 mem 0x0000000080031f34
core   0: 0x000000008000ff4e (0x0ff77713) andi    a4, a4, 255
core   0: 3 0x000000008000ff4e (0x0ff77713) x14 0x0000000000000000
core   0: 0x000000008000ff52 (0x00e78023) sb      a4, 0(a5)
core   0: 3 0x000000008000ff52 (0x00e78023) mem 0x0000000080012074 0x00
core   0: 0x000000008000ff56 (0xfc843703) ld      a4, -56(s0)
core   0: 3 0x000000008000ff56 (0xfc843703) x14 0x0000000080012040 mem 0x0000000080031f38
core   0: 0x000000008000ff5a (0xfb843783) ld      a5, -72(s0)
core   0: 3 0x000000008000ff5a (0xfb843783) x15 0x000000000000009c mem 0x0000000080031f28
core   0: 0x000000008000ff5e (0x000097ba) c.add   a5, a4
core   0: 3 0x000000008000ff5e (0x97ba) x15 0x00000000800120dc
core   0: 0x000000008000ff60 (0xfe043703) ld      a4, -32(s0)
core   0: 3 0x000000008000ff60 (0xfe043703) x14 0x0000000080012075 mem 0x0000000080031f50
core   0: 0x000000008000ff64 (0xfcf76de3) bltu    a4, a5, pc - 38
core   0: 3 0x000000008000ff64 (0xfcf76de3)
core   0: 0x000000008000ff3e (0xfe043783) ld      a5, -32(s0)
core   0: 3 0x000000008000ff3e (0xfe043783) x15 0x0000000080012075 mem 0x0000000080031f50
core   0: 0x000000008000ff42 (0x00178713) addi    a4, a5, 1
core   0: 3 0x000000008000ff42 (0x00178713) x14 0x0000000080012076
core   0: 0x000000008000ff46 (0xfee43023) sd      a4, -32(s0)
core   0: 3 0x000000008000ff46 (0xfee43023) mem 0x0000000080031f50 0x0000000080012076
core   0: 0x000000008000ff4a (0xfc442703) lw      a4, -60(s0)
core   0: 3 0x000000008000ff4a (0xfc442703) x14 0x0000000000000000 mem 0x0000000080031f34
core   0: 0x000000008000ff4e (0x0ff77713) andi    a4, a4, 255
core   0: 3 0x000000008000ff4e (0x0ff77713) x14 0x0000000000000000
core   0: 0x000000008000ff52 (0x00e78023) sb      a4, 0(a5)
core   0: 3 0x000000008000ff52 (0x00e78023) mem 0x0000000080012075 0x00
core   0: 0x000000008000ff56 (0xfc843703) ld      a4, -56(s0)
core   0: 3 0x000000008000ff56 (0xfc843703) x14 0x0000000080012040 mem 0x0000000080031f38
core   0: 0x000000008000ff5a (0xfb843783) ld      a5, -72(s0)
core   0: 3 0x000000008000ff5a (0xfb843783) x15 0x000000000000009c mem 0x0000000080031f28
core   0: 0x000000008000ff5e (0x000097ba) c.add   a5, a4
core   0: 3 0x000000008000ff5e (0x97ba) x15 0x00000000800120dc
core   0: 0x000000008000ff60 (0xfe043703) ld      a4, -32(s0)
core   0: 3 0x000000008000ff60 (0xfe043703) x14 0x0000000080012076 mem 0x0000000080031f50
core   0: 0x000000008000ff64 (0xfcf76de3) bltu    a4, a5, pc - 38
core   0: 3 0x000000008000ff64 (0xfcf76de3)
core   0: 0x000000008000ff3e (0xfe043783) ld      a5, -32(s0)
core   0: 3 0x000000008000ff3e (0xfe043783) x15 0x0000000080012076 mem 0x0000000080031f50
core   0: 0x000000008000ff42 (0x00178713) addi    a4, a5, 1
core   0: 3 0x000000008000ff42 (0x00178713) x14 0x0000000080012077
core   0: 0x000000008000ff46 (0xfee43023) sd      a4, -32(s0)
core   0: 3 0x000000008000ff46 (0xfee43023) mem 0x0000000080031f50 0x0000000080012077
core   0: 0x000000008000ff4a (0xfc442703) lw      a4, -60(s0)
core   0: 3 0x000000008000ff4a (0xfc442703) x14 0x0000000000000000 mem 0x0000000080031f34
core   0: 0x000000008000ff4e (0x0ff77713) andi    a4, a4, 255
core   0: 3 0x000000008000ff4e (0x0ff77713) x14 0x0000000000000000
core   0: 0x000000008000ff52 (0x00e78023) sb      a4, 0(a5)
core   0: 3 0x000000008000ff52 (0x00e78023) mem 0x0000000080012076 0x00
core   0: 0x000000008000ff56 (0xfc843703) ld      a4, -56(s0)
core   0: 3 0x000000008000ff56 (0xfc843703) x14 0x0000000080012040 mem 0x0000000080031f38
core   0: 0x000000008000ff5a (0xfb843783) ld      a5, -72(s0)
core   0: 3 0x000000008000ff5a (0xfb843783) x15 0x000000000000009c mem 0x0000000080031f28
core   0: 0x000000008000ff5e (0x000097ba) c.add   a5, a4
core   0: 3 0x000000008000ff5e (0x97ba) x15 0x00000000800120dc
core   0: 0x000000008000ff60 (0xfe043703) ld      a4, -32(s0)
core   0: 3 0x000000008000ff60 (0xfe043703) x14 0x0000000080012077 mem 0x0000000080031f50
core   0: 0x000000008000ff64 (0xfcf76de3) bltu    a4, a5, pc - 38
core   0: 3 0x000000008000ff64 (0xfcf76de3)
core   0: 0x000000008000ff3e (0xfe043783) ld      a5, -32(s0)
core   0: 3 0x000000008000ff3e (0xfe043783) x15 0x0000000080012077 mem 0x0000000080031f50
core   0: 0x000000008000ff42 (0x00178713) addi    a4, a5, 1
core   0: 3 0x000000008000ff42 (0x00178713) x14 0x0000000080012078
core   0: 0x000000008000ff46 (0xfee43023) sd      a4, -32(s0)
core   0: 3 0x000000008000ff46 (0xfee43023) mem 0x0000000080031f50 0x0000000080012078
core   0: 0x000000008000ff4a (0xfc442703) lw      a4, -60(s0)
core   0: 3 0x000000008000ff4a (0xfc442703) x14 0x0000000000000000 mem 0x0000000080031f34
core   0: 0x000000008000ff4e (0x0ff77713) andi    a4, a4, 255
core   0: 3 0x000000008000ff4e (0x0ff77713) x14 0x0000000000000000
core   0: 0x000000008000ff52 (0x00e78023) sb      a4, 0(a5)
core   0: 3 0x000000008000ff52 (0x00e78023) mem 0x0000000080012077 0x00
core   0: 0x000000008000ff56 (0xfc843703) ld      a4, -56(s0)
core   0: 3 0x000000008000ff56 (0xfc843703) x14 0x0000000080012040 mem 0x0000000080031f38
core   0: 0x000000008000ff5a (0xfb843783) ld      a5, -72(s0)
core   0: 3 0x000000008000ff5a (0xfb843783) x15 0x000000000000009c mem 0x0000000080031f28
core   0: 0x000000008000ff5e (0x000097ba) c.add   a5, a4
core   0: 3 0x000000008000ff5e (0x97ba) x15 0x00000000800120dc
core   0: 0x000000008000ff60 (0xfe043703) ld      a4, -32(s0)
core   0: 3 0x000000008000ff60 (0xfe043703) x14 0x0000000080012078 mem 0x0000000080031f50
core   0: 0x000000008000ff64 (0xfcf76de3) bltu    a4, a5, pc - 38
core   0: 3 0x000000008000ff64 (0xfcf76de3)
core   0: 0x000000008000ff3e (0xfe043783) ld      a5, -32(s0)
core   0: 3 0x000000008000ff3e (0xfe043783) x15 0x0000000080012078 mem 0x0000000080031f50
core   0: 0x000000008000ff42 (0x00178713) addi    a4, a5, 1
core   0: 3 0x000000008000ff42 (0x00178713) x14 0x0000000080012079
core   0: 0x000000008000ff46 (0xfee43023) sd      a4, -32(s0)
core   0: 3 0x000000008000ff46 (0xfee43023) mem 0x0000000080031f50 0x0000000080012079
core   0: 0x000000008000ff4a (0xfc442703) lw      a4, -60(s0)
core   0: 3 0x000000008000ff4a (0xfc442703) x14 0x0000000000000000 mem 0x0000000080031f34
core   0: 0x000000008000ff4e (0x0ff77713) andi    a4, a4, 255
core   0: 3 0x000000008000ff4e (0x0ff77713) x14 0x0000000000000000
core   0: 0x000000008000ff52 (0x00e78023) sb      a4, 0(a5)
core   0: 3 0x000000008000ff52 (0x00e78023) mem 0x0000000080012078 0x00
core   0: 0x000000008000ff56 (0xfc843703) ld      a4, -56(s0)
core   0: 3 0x000000008000ff56 (0xfc843703) x14 0x0000000080012040 mem 0x0000000080031f38
core   0: 0x000000008000ff5a (0xfb843783) ld      a5, -72(s0)
core   0: 3 0x000000008000ff5a (0xfb843783) x15 0x000000000000009c mem 0x0000000080031f28
core   0: 0x000000008000ff5e (0x000097ba) c.add   a5, a4
core   0: 3 0x000000008000ff5e (0x97ba) x15 0x00000000800120dc
core   0: 0x000000008000ff60 (0xfe043703) ld      a4, -32(s0)
core   0: 3 0x000000008000ff60 (0xfe043703) x14 0x0000000080012079 mem 0x0000000080031f50
core   0: 0x000000008000ff64 (0xfcf76de3) bltu    a4, a5, pc - 38
core   0: 3 0x000000008000ff64 (0xfcf76de3)
core   0: 0x000000008000ff3e (0xfe043783) ld      a5, -32(s0)
core   0: 3 0x000000008000ff3e (0xfe043783) x15 0x0000000080012079 mem 0x0000000080031f50
core   0: 0x000000008000ff42 (0x00178713) addi    a4, a5, 1
core   0: 3 0x000000008000ff42 (0x00178713) x14 0x000000008001207a
core   0: 0x000000008000ff46 (0xfee43023) sd      a4, -32(s0)
core   0: 3 0x000000008000ff46 (0xfee43023) mem 0x0000000080031f50 0x000000008001207a
core   0: 0x000000008000ff4a (0xfc442703) lw      a4, -60(s0)
core   0: 3 0x000000008000ff4a (0xfc442703) x14 0x0000000000000000 mem 0x0000000080031f34
core   0: 0x000000008000ff4e (0x0ff77713) andi    a4, a4, 255
core   0: 3 0x000000008000ff4e (0x0ff77713) x14 0x0000000000000000
core   0: 0x000000008000ff52 (0x00e78023) sb      a4, 0(a5)
core   0: 3 0x000000008000ff52 (0x00e78023) mem 0x0000000080012079 0x00
core   0: 0x000000008000ff56 (0xfc843703) ld      a4, -56(s0)
core   0: 3 0x000000008000ff56 (0xfc843703) x14 0x0000000080012040 mem 0x0000000080031f38
core   0: 0x000000008000ff5a (0xfb843783) ld      a5, -72(s0)
core   0: 3 0x000000008000ff5a (0xfb843783) x15 0x000000000000009c mem 0x0000000080031f28
core   0: 0x000000008000ff5e (0x000097ba) c.add   a5, a4
core   0: 3 0x000000008000ff5e (0x97ba) x15 0x00000000800120dc
core   0: 0x000000008000ff60 (0xfe043703) ld      a4, -32(s0)
core   0: 3 0x000000008000ff60 (0xfe043703) x14 0x000000008001207a mem 0x0000000080031f50
core   0: 0x000000008000ff64 (0xfcf76de3) bltu    a4, a5, pc - 38
core   0: 3 0x000000008000ff64 (0xfcf76de3)
core   0: 0x000000008000ff3e (0xfe043783) ld      a5, -32(s0)
core   0: 3 0x000000008000ff3e (0xfe043783) x15 0x000000008001207a mem 0x0000000080031f50
core   0: 0x000000008000ff42 (0x00178713) addi    a4, a5, 1
core   0: 3 0x000000008000ff42 (0x00178713) x14 0x000000008001207b
core   0: 0x000000008000ff46 (0xfee43023) sd      a4, -32(s0)
core   0: 3 0x000000008000ff46 (0xfee43023) mem 0x0000000080031f50 0x000000008001207b
core   0: 0x000000008000ff4a (0xfc442703) lw      a4, -60(s0)
core   0: 3 0x000000008000ff4a (0xfc442703) x14 0x0000000000000000 mem 0x0000000080031f34
core   0: 0x000000008000ff4e (0x0ff77713) andi    a4, a4, 255
core   0: 3 0x000000008000ff4e (0x0ff77713) x14 0x0000000000000000
core   0: 0x000000008000ff52 (0x00e78023) sb      a4, 0(a5)
core   0: 3 0x000000008000ff52 (0x00e78023) mem 0x000000008001207a 0x00
core   0: 0x000000008000ff56 (0xfc843703) ld      a4, -56(s0)
core   0: 3 0x000000008000ff56 (0xfc843703) x14 0x0000000080012040 mem 0x0000000080031f38
core   0: 0x000000008000ff5a (0xfb843783) ld      a5, -72(s0)
core   0: 3 0x000000008000ff5a (0xfb843783) x15 0x000000000000009c mem 0x0000000080031f28
core   0: 0x000000008000ff5e (0x000097ba) c.add   a5, a4
core   0: 3 0x000000008000ff5e (0x97ba) x15 0x00000000800120dc
core   0: 0x000000008000ff60 (0xfe043703) ld      a4, -32(s0)
core   0: 3 0x000000008000ff60 (0xfe043703) x14 0x000000008001207b mem 0x0000000080031f50
core   0: 0x000000008000ff64 (0xfcf76de3) bltu    a4, a5, pc - 38
core   0: 3 0x000000008000ff64 (0xfcf76de3)
core   0: 0x000000008000ff3e (0xfe043783) ld      a5, -32(s0)
core   0: 3 0x000000008000ff3e (0xfe043783) x15 0x000000008001207b mem 0x0000000080031f50
core   0: 0x000000008000ff42 (0x00178713) addi    a4, a5, 1
core   0: 3 0x000000008000ff42 (0x00178713) x14 0x000000008001207c
core   0: 0x000000008000ff46 (0xfee43023) sd      a4, -32(s0)
core   0: 3 0x000000008000ff46 (0xfee43023) mem 0x0000000080031f50 0x000000008001207c
core   0: 0x000000008000ff4a (0xfc442703) lw      a4, -60(s0)
core   0: 3 0x000000008000ff4a (0xfc442703) x14 0x0000000000000000 mem 0x0000000080031f34
core   0: 0x000000008000ff4e (0x0ff77713) andi    a4, a4, 255
core   0: 3 0x000000008000ff4e (0x0ff77713) x14 0x0000000000000000
core   0: 0x000000008000ff52 (0x00e78023) sb      a4, 0(a5)
core   0: 3 0x000000008000ff52 (0x00e78023) mem 0x000000008001207b 0x00
core   0: 0x000000008000ff56 (0xfc843703) ld      a4, -56(s0)
core   0: 3 0x000000008000ff56 (0xfc843703) x14 0x0000000080012040 mem 0x0000000080031f38
core   0: 0x000000008000ff5a (0xfb843783) ld      a5, -72(s0)
core   0: 3 0x000000008000ff5a (0xfb843783) x15 0x000000000000009c mem 0x0000000080031f28
core   0: 0x000000008000ff5e (0x000097ba) c.add   a5, a4
core   0: 3 0x000000008000ff5e (0x97ba) x15 0x00000000800120dc
core   0: 0x000000008000ff60 (0xfe043703) ld      a4, -32(s0)
core   0: 3 0x000000008000ff60 (0xfe043703) x14 0x000000008001207c mem 0x0000000080031f50
core   0: 0x000000008000ff64 (0xfcf76de3) bltu    a4, a5, pc - 38
core   0: 3 0x000000008000ff64 (0xfcf76de3)
core   0: 0x000000008000ff3e (0xfe043783) ld      a5, -32(s0)
core   0: 3 0x000000008000ff3e (0xfe043783) x15 0x000000008001207c mem 0x0000000080031f50
core   0: 0x000000008000ff42 (0x00178713) addi    a4, a5, 1
core   0: 3 0x000000008000ff42 (0x00178713) x14 0x000000008001207d
core   0: 0x000000008000ff46 (0xfee43023) sd      a4, -32(s0)
core   0: 3 0x000000008000ff46 (0xfee43023) mem 0x0000000080031f50 0x000000008001207d
core   0: 0x000000008000ff4a (0xfc442703) lw      a4, -60(s0)
core   0: 3 0x000000008000ff4a (0xfc442703) x14 0x0000000000000000 mem 0x0000000080031f34
core   0: 0x000000008000ff4e (0x0ff77713) andi    a4, a4, 255
core   0: 3 0x000000008000ff4e (0x0ff77713) x14 0x0000000000000000
core   0: 0x000000008000ff52 (0x00e78023) sb      a4, 0(a5)
core   0: 3 0x000000008000ff52 (0x00e78023) mem 0x000000008001207c 0x00
core   0: 0x000000008000ff56 (0xfc843703) ld      a4, -56(s0)
core   0: 3 0x000000008000ff56 (0xfc843703) x14 0x0000000080012040 mem 0x0000000080031f38
core   0: 0x000000008000ff5a (0xfb843783) ld      a5, -72(s0)
core   0: 3 0x000000008000ff5a (0xfb843783) x15 0x000000000000009c mem 0x0000000080031f28
core   0: 0x000000008000ff5e (0x000097ba) c.add   a5, a4
core   0: 3 0x000000008000ff5e (0x97ba) x15 0x00000000800120dc
core   0: 0x000000008000ff60 (0xfe043703) ld      a4, -32(s0)
core   0: 3 0x000000008000ff60 (0xfe043703) x14 0x000000008001207d mem 0x0000000080031f50
core   0: 0x000000008000ff64 (0xfcf76de3) bltu    a4, a5, pc - 38
core   0: 3 0x000000008000ff64 (0xfcf76de3)
core   0: 0x000000008000ff3e (0xfe043783) ld      a5, -32(s0)
core   0: 3 0x000000008000ff3e (0xfe043783) x15 0x000000008001207d mem 0x0000000080031f50
core   0: 0x000000008000ff42 (0x00178713) addi    a4, a5, 1
core   0: 3 0x000000008000ff42 (0x00178713) x14 0x000000008001207e
core   0: 0x000000008000ff46 (0xfee43023) sd      a4, -32(s0)
core   0: 3 0x000000008000ff46 (0xfee43023) mem 0x0000000080031f50 0x000000008001207e
core   0: 0x000000008000ff4a (0xfc442703) lw      a4, -60(s0)
core   0: 3 0x000000008000ff4a (0xfc442703) x14 0x0000000000000000 mem 0x0000000080031f34
core   0: 0x000000008000ff4e (0x0ff77713) andi    a4, a4, 255
core   0: 3 0x000000008000ff4e (0x0ff77713) x14 0x0000000000000000
core   0: 0x000000008000ff52 (0x00e78023) sb      a4, 0(a5)
core   0: 3 0x000000008000ff52 (0x00e78023) mem 0x000000008001207d 0x00
core   0: 0x000000008000ff56 (0xfc843703) ld      a4, -56(s0)
core   0: 3 0x000000008000ff56 (0xfc843703) x14 0x0000000080012040 mem 0x0000000080031f38
core   0: 0x000000008000ff5a (0xfb843783) ld      a5, -72(s0)
core   0: 3 0x000000008000ff5a (0xfb843783) x15 0x000000000000009c mem 0x0000000080031f28
core   0: 0x000000008000ff5e (0x000097ba) c.add   a5, a4
core   0: 3 0x000000008000ff5e (0x97ba) x15 0x00000000800120dc
core   0: 0x000000008000ff60 (0xfe043703) ld      a4, -32(s0)
core   0: 3 0x000000008000ff60 (0xfe043703) x14 0x000000008001207e mem 0x0000000080031f50
core   0: 0x000000008000ff64 (0xfcf76de3) bltu    a4, a5, pc - 38
core   0: 3 0x000000008000ff64 (0xfcf76de3)
core   0: 0x000000008000ff3e (0xfe043783) ld      a5, -32(s0)
core   0: 3 0x000000008000ff3e (0xfe043783) x15 0x000000008001207e mem 0x0000000080031f50
core   0: 0x000000008000ff42 (0x00178713) addi    a4, a5, 1
core   0: 3 0x000000008000ff42 (0x00178713) x14 0x000000008001207f
core   0: 0x000000008000ff46 (0xfee43023) sd      a4, -32(s0)
core   0: 3 0x000000008000ff46 (0xfee43023) mem 0x0000000080031f50 0x000000008001207f
core   0: 0x000000008000ff4a (0xfc442703) lw      a4, -60(s0)
core   0: 3 0x000000008000ff4a (0xfc442703) x14 0x0000000000000000 mem 0x0000000080031f34
core   0: 0x000000008000ff4e (0x0ff77713) andi    a4, a4, 255
core   0: 3 0x000000008000ff4e (0x0ff77713) x14 0x0000000000000000
core   0: 0x000000008000ff52 (0x00e78023) sb      a4, 0(a5)
core   0: 3 0x000000008000ff52 (0x00e78023) mem 0x000000008001207e 0x00
core   0: 0x000000008000ff56 (0xfc843703) ld      a4, -56(s0)
core   0: 3 0x000000008000ff56 (0xfc843703) x14 0x0000000080012040 mem 0x0000000080031f38
core   0: 0x000000008000ff5a (0xfb843783) ld      a5, -72(s0)
core   0: 3 0x000000008000ff5a (0xfb843783) x15 0x000000000000009c mem 0x0000000080031f28
core   0: 0x000000008000ff5e (0x000097ba) c.add   a5, a4
core   0: 3 0x000000008000ff5e (0x97ba) x15 0x00000000800120dc
core   0: 0x000000008000ff60 (0xfe043703) ld      a4, -32(s0)
core   0: 3 0x000000008000ff60 (0xfe043703) x14 0x000000008001207f mem 0x0000000080031f50
core   0: 0x000000008000ff64 (0xfcf76de3) bltu    a4, a5, pc - 38
core   0: 3 0x000000008000ff64 (0xfcf76de3)
core   0: 0x000000008000ff3e (0xfe043783) ld      a5, -32(s0)
core   0: 3 0x000000008000ff3e (0xfe043783) x15 0x000000008001207f mem 0x0000000080031f50
core   0: 0x000000008000ff42 (0x00178713) addi    a4, a5, 1
core   0: 3 0x000000008000ff42 (0x00178713) x14 0x0000000080012080
core   0: 0x000000008000ff46 (0xfee43023) sd      a4, -32(s0)
core   0: 3 0x000000008000ff46 (0xfee43023) mem 0x0000000080031f50 0x0000000080012080
core   0: 0x000000008000ff4a (0xfc442703) lw      a4, -60(s0)
core   0: 3 0x000000008000ff4a (0xfc442703) x14 0x0000000000000000 mem 0x0000000080031f34
core   0: 0x000000008000ff4e (0x0ff77713) andi    a4, a4, 255
core   0: 3 0x000000008000ff4e (0x0ff77713) x14 0x0000000000000000
core   0: 0x000000008000ff52 (0x00e78023) sb      a4, 0(a5)
core   0: 3 0x000000008000ff52 (0x00e78023) mem 0x000000008001207f 0x00
core   0: 0x000000008000ff56 (0xfc843703) ld      a4, -56(s0)
core   0: 3 0x000000008000ff56 (0xfc843703) x14 0x0000000080012040 mem 0x0000000080031f38
core   0: 0x000000008000ff5a (0xfb843783) ld      a5, -72(s0)
core   0: 3 0x000000008000ff5a (0xfb843783) x15 0x000000000000009c mem 0x0000000080031f28
core   0: 0x000000008000ff5e (0x000097ba) c.add   a5, a4
core   0: 3 0x000000008000ff5e (0x97ba) x15 0x00000000800120dc
core   0: 0x000000008000ff60 (0xfe043703) ld      a4, -32(s0)
core   0: 3 0x000000008000ff60 (0xfe043703) x14 0x0000000080012080 mem 0x0000000080031f50
core   0: 0x000000008000ff64 (0xfcf76de3) bltu    a4, a5, pc - 38
core   0: 3 0x000000008000ff64 (0xfcf76de3)
core   0: 0x000000008000ff3e (0xfe043783) ld      a5, -32(s0)
core   0: 3 0x000000008000ff3e (0xfe043783) x15 0x0000000080012080 mem 0x0000000080031f50
core   0: 0x000000008000ff42 (0x00178713) addi    a4, a5, 1
core   0: 3 0x000000008000ff42 (0x00178713) x14 0x0000000080012081
core   0: 0x000000008000ff46 (0xfee43023) sd      a4, -32(s0)
core   0: 3 0x000000008000ff46 (0xfee43023) mem 0x0000000080031f50 0x0000000080012081
core   0: 0x000000008000ff4a (0xfc442703) lw      a4, -60(s0)
core   0: 3 0x000000008000ff4a (0xfc442703) x14 0x0000000000000000 mem 0x0000000080031f34
core   0: 0x000000008000ff4e (0x0ff77713) andi    a4, a4, 255
core   0: 3 0x000000008000ff4e (0x0ff77713) x14 0x0000000000000000
core   0: 0x000000008000ff52 (0x00e78023) sb      a4, 0(a5)
core   0: 3 0x000000008000ff52 (0x00e78023) mem 0x0000000080012080 0x00
core   0: 0x000000008000ff56 (0xfc843703) ld      a4, -56(s0)
core   0: 3 0x000000008000ff56 (0xfc843703) x14 0x0000000080012040 mem 0x0000000080031f38
core   0: 0x000000008000ff5a (0xfb843783) ld      a5, -72(s0)
core   0: 3 0x000000008000ff5a (0xfb843783) x15 0x000000000000009c mem 0x0000000080031f28
core   0: 0x000000008000ff5e (0x000097ba) c.add   a5, a4
core   0: 3 0x000000008000ff5e (0x97ba) x15 0x00000000800120dc
core   0: 0x000000008000ff60 (0xfe043703) ld      a4, -32(s0)
core   0: 3 0x000000008000ff60 (0xfe043703) x14 0x0000000080012081 mem 0x0000000080031f50
core   0: 0x000000008000ff64 (0xfcf76de3) bltu    a4, a5, pc - 38
core   0: 3 0x000000008000ff64 (0xfcf76de3)
core   0: 0x000000008000ff3e (0xfe043783) ld      a5, -32(s0)
core   0: 3 0x000000008000ff3e (0xfe043783) x15 0x0000000080012081 mem 0x0000000080031f50
core   0: 0x000000008000ff42 (0x00178713) addi    a4, a5, 1
core   0: 3 0x000000008000ff42 (0x00178713) x14 0x0000000080012082
core   0: 0x000000008000ff46 (0xfee43023) sd      a4, -32(s0)
core   0: 3 0x000000008000ff46 (0xfee43023) mem 0x0000000080031f50 0x0000000080012082
core   0: 0x000000008000ff4a (0xfc442703) lw      a4, -60(s0)
core   0: 3 0x000000008000ff4a (0xfc442703) x14 0x0000000000000000 mem 0x0000000080031f34
core   0: 0x000000008000ff4e (0x0ff77713) andi    a4, a4, 255
core   0: 3 0x000000008000ff4e (0x0ff77713) x14 0x0000000000000000
core   0: 0x000000008000ff52 (0x00e78023) sb      a4, 0(a5)
core   0: 3 0x000000008000ff52 (0x00e78023) mem 0x0000000080012081 0x00
core   0: 0x000000008000ff56 (0xfc843703) ld      a4, -56(s0)
core   0: 3 0x000000008000ff56 (0xfc843703) x14 0x0000000080012040 mem 0x0000000080031f38
core   0: 0x000000008000ff5a (0xfb843783) ld      a5, -72(s0)
core   0: 3 0x000000008000ff5a (0xfb843783) x15 0x000000000000009c mem 0x0000000080031f28
core   0: 0x000000008000ff5e (0x000097ba) c.add   a5, a4
core   0: 3 0x000000008000ff5e (0x97ba) x15 0x00000000800120dc
core   0: 0x000000008000ff60 (0xfe043703) ld      a4, -32(s0)
core   0: 3 0x000000008000ff60 (0xfe043703) x14 0x0000000080012082 mem 0x0000000080031f50
core   0: 0x000000008000ff64 (0xfcf76de3) bltu    a4, a5, pc - 38
core   0: 3 0x000000008000ff64 (0xfcf76de3)
core   0: 0x000000008000ff3e (0xfe043783) ld      a5, -32(s0)
core   0: 3 0x000000008000ff3e (0xfe043783) x15 0x0000000080012082 mem 0x0000000080031f50
core   0: 0x000000008000ff42 (0x00178713) addi    a4, a5, 1
core   0: 3 0x000000008000ff42 (0x00178713) x14 0x0000000080012083
core   0: 0x000000008000ff46 (0xfee43023) sd      a4, -32(s0)
core   0: 3 0x000000008000ff46 (0xfee43023) mem 0x0000000080031f50 0x0000000080012083
core   0: 0x000000008000ff4a (0xfc442703) lw      a4, -60(s0)
core   0: 3 0x000000008000ff4a (0xfc442703) x14 0x0000000000000000 mem 0x0000000080031f34
core   0: 0x000000008000ff4e (0x0ff77713) andi    a4, a4, 255
core   0: 3 0x000000008000ff4e (0x0ff77713) x14 0x0000000000000000
core   0: 0x000000008000ff52 (0x00e78023) sb      a4, 0(a5)
core   0: 3 0x000000008000ff52 (0x00e78023) mem 0x0000000080012082 0x00
core   0: 0x000000008000ff56 (0xfc843703) ld      a4, -56(s0)
core   0: 3 0x000000008000ff56 (0xfc843703) x14 0x0000000080012040 mem 0x0000000080031f38
core   0: 0x000000008000ff5a (0xfb843783) ld      a5, -72(s0)
core   0: 3 0x000000008000ff5a (0xfb843783) x15 0x000000000000009c mem 0x0000000080031f28
core   0: 0x000000008000ff5e (0x000097ba) c.add   a5, a4
core   0: 3 0x000000008000ff5e (0x97ba) x15 0x00000000800120dc
core   0: 0x000000008000ff60 (0xfe043703) ld      a4, -32(s0)
core   0: 3 0x000000008000ff60 (0xfe043703) x14 0x0000000080012083 mem 0x0000000080031f50
core   0: 0x000000008000ff64 (0xfcf76de3) bltu    a4, a5, pc - 38
core   0: 3 0x000000008000ff64 (0xfcf76de3)
core   0: 0x000000008000ff3e (0xfe043783) ld      a5, -32(s0)
core   0: 3 0x000000008000ff3e (0xfe043783) x15 0x0000000080012083 mem 0x0000000080031f50
core   0: 0x000000008000ff42 (0x00178713) addi    a4, a5, 1
core   0: 3 0x000000008000ff42 (0x00178713) x14 0x0000000080012084
core   0: 0x000000008000ff46 (0xfee43023) sd      a4, -32(s0)
core   0: 3 0x000000008000ff46 (0xfee43023) mem 0x0000000080031f50 0x0000000080012084
core   0: 0x000000008000ff4a (0xfc442703) lw      a4, -60(s0)
core   0: 3 0x000000008000ff4a (0xfc442703) x14 0x0000000000000000 mem 0x0000000080031f34
core   0: 0x000000008000ff4e (0x0ff77713) andi    a4, a4, 255
core   0: 3 0x000000008000ff4e (0x0ff77713) x14 0x0000000000000000
core   0: 0x000000008000ff52 (0x00e78023) sb      a4, 0(a5)
core   0: 3 0x000000008000ff52 (0x00e78023) mem 0x0000000080012083 0x00
core   0: 0x000000008000ff56 (0xfc843703) ld      a4, -56(s0)
core   0: 3 0x000000008000ff56 (0xfc843703) x14 0x0000000080012040 mem 0x0000000080031f38
core   0: 0x000000008000ff5a (0xfb843783) ld      a5, -72(s0)
core   0: 3 0x000000008000ff5a (0xfb843783) x15 0x000000000000009c mem 0x0000000080031f28
core   0: 0x000000008000ff5e (0x000097ba) c.add   a5, a4
core   0: 3 0x000000008000ff5e (0x97ba) x15 0x00000000800120dc
core   0: 0x000000008000ff60 (0xfe043703) ld      a4, -32(s0)
core   0: 3 0x000000008000ff60 (0xfe043703) x14 0x0000000080012084 mem 0x0000000080031f50
core   0: 0x000000008000ff64 (0xfcf76de3) bltu    a4, a5, pc - 38
core   0: 3 0x000000008000ff64 (0xfcf76de3)
core   0: 0x000000008000ff3e (0xfe043783) ld      a5, -32(s0)
core   0: 3 0x000000008000ff3e (0xfe043783) x15 0x0000000080012084 mem 0x0000000080031f50
core   0: 0x000000008000ff42 (0x00178713) addi    a4, a5, 1
core   0: 3 0x000000008000ff42 (0x00178713) x14 0x0000000080012085
core   0: 0x000000008000ff46 (0xfee43023) sd      a4, -32(s0)
core   0: 3 0x000000008000ff46 (0xfee43023) mem 0x0000000080031f50 0x0000000080012085
core   0: 0x000000008000ff4a (0xfc442703) lw      a4, -60(s0)
core   0: 3 0x000000008000ff4a (0xfc442703) x14 0x0000000000000000 mem 0x0000000080031f34
core   0: 0x000000008000ff4e (0x0ff77713) andi    a4, a4, 255
core   0: 3 0x000000008000ff4e (0x0ff77713) x14 0x0000000000000000
core   0: 0x000000008000ff52 (0x00e78023) sb      a4, 0(a5)
core   0: 3 0x000000008000ff52 (0x00e78023) mem 0x0000000080012084 0x00
core   0: 0x000000008000ff56 (0xfc843703) ld      a4, -56(s0)
core   0: 3 0x000000008000ff56 (0xfc843703) x14 0x0000000080012040 mem 0x0000000080031f38
core   0: 0x000000008000ff5a (0xfb843783) ld      a5, -72(s0)
core   0: 3 0x000000008000ff5a (0xfb843783) x15 0x000000000000009c mem 0x0000000080031f28
core   0: 0x000000008000ff5e (0x000097ba) c.add   a5, a4
core   0: 3 0x000000008000ff5e (0x97ba) x15 0x00000000800120dc
core   0: 0x000000008000ff60 (0xfe043703) ld      a4, -32(s0)
core   0: 3 0x000000008000ff60 (0xfe043703) x14 0x0000000080012085 mem 0x0000000080031f50
core   0: 0x000000008000ff64 (0xfcf76de3) bltu    a4, a5, pc - 38
core   0: 3 0x000000008000ff64 (0xfcf76de3)
core   0: 0x000000008000ff3e (0xfe043783) ld      a5, -32(s0)
core   0: 3 0x000000008000ff3e (0xfe043783) x15 0x0000000080012085 mem 0x0000000080031f50
core   0: 0x000000008000ff42 (0x00178713) addi    a4, a5, 1
core   0: 3 0x000000008000ff42 (0x00178713) x14 0x0000000080012086
core   0: 0x000000008000ff46 (0xfee43023) sd      a4, -32(s0)
core   0: 3 0x000000008000ff46 (0xfee43023) mem 0x0000000080031f50 0x0000000080012086
core   0: 0x000000008000ff4a (0xfc442703) lw      a4, -60(s0)
core   0: 3 0x000000008000ff4a (0xfc442703) x14 0x0000000000000000 mem 0x0000000080031f34
core   0: 0x000000008000ff4e (0x0ff77713) andi    a4, a4, 255
core   0: 3 0x000000008000ff4e (0x0ff77713) x14 0x0000000000000000
core   0: 0x000000008000ff52 (0x00e78023) sb      a4, 0(a5)
core   0: 3 0x000000008000ff52 (0x00e78023) mem 0x0000000080012085 0x00
core   0: 0x000000008000ff56 (0xfc843703) ld      a4, -56(s0)
core   0: 3 0x000000008000ff56 (0xfc843703) x14 0x0000000080012040 mem 0x0000000080031f38
core   0: 0x000000008000ff5a (0xfb843783) ld      a5, -72(s0)
core   0: 3 0x000000008000ff5a (0xfb843783) x15 0x000000000000009c mem 0x0000000080031f28
core   0: 0x000000008000ff5e (0x000097ba) c.add   a5, a4
core   0: 3 0x000000008000ff5e (0x97ba) x15 0x00000000800120dc
core   0: 0x000000008000ff60 (0xfe043703) ld      a4, -32(s0)
core   0: 3 0x000000008000ff60 (0xfe043703) x14 0x0000000080012086 mem 0x0000000080031f50
core   0: 0x000000008000ff64 (0xfcf76de3) bltu    a4, a5, pc - 38
core   0: 3 0x000000008000ff64 (0xfcf76de3)
core   0: 0x000000008000ff3e (0xfe043783) ld      a5, -32(s0)
core   0: 3 0x000000008000ff3e (0xfe043783) x15 0x0000000080012086 mem 0x0000000080031f50
core   0: 0x000000008000ff42 (0x00178713) addi    a4, a5, 1
core   0: 3 0x000000008000ff42 (0x00178713) x14 0x0000000080012087
core   0: 0x000000008000ff46 (0xfee43023) sd      a4, -32(s0)
core   0: 3 0x000000008000ff46 (0xfee43023) mem 0x0000000080031f50 0x0000000080012087
core   0: 0x000000008000ff4a (0xfc442703) lw      a4, -60(s0)
core   0: 3 0x000000008000ff4a (0xfc442703) x14 0x0000000000000000 mem 0x0000000080031f34
core   0: 0x000000008000ff4e (0x0ff77713) andi    a4, a4, 255
core   0: 3 0x000000008000ff4e (0x0ff77713) x14 0x0000000000000000
core   0: 0x000000008000ff52 (0x00e78023) sb      a4, 0(a5)
core   0: 3 0x000000008000ff52 (0x00e78023) mem 0x0000000080012086 0x00
core   0: 0x000000008000ff56 (0xfc843703) ld      a4, -56(s0)
core   0: 3 0x000000008000ff56 (0xfc843703) x14 0x0000000080012040 mem 0x0000000080031f38
core   0: 0x000000008000ff5a (0xfb843783) ld      a5, -72(s0)
core   0: 3 0x000000008000ff5a (0xfb843783) x15 0x000000000000009c mem 0x0000000080031f28
core   0: 0x000000008000ff5e (0x000097ba) c.add   a5, a4
core   0: 3 0x000000008000ff5e (0x97ba) x15 0x00000000800120dc
core   0: 0x000000008000ff60 (0xfe043703) ld      a4, -32(s0)
core   0: 3 0x000000008000ff60 (0xfe043703) x14 0x0000000080012087 mem 0x0000000080031f50
core   0: 0x000000008000ff64 (0xfcf76de3) bltu    a4, a5, pc - 38
core   0: 3 0x000000008000ff64 (0xfcf76de3)
core   0: 0x000000008000ff3e (0xfe043783) ld      a5, -32(s0)
core   0: 3 0x000000008000ff3e (0xfe043783) x15 0x0000000080012087 mem 0x0000000080031f50
core   0: 0x000000008000ff42 (0x00178713) addi    a4, a5, 1
core   0: 3 0x000000008000ff42 (0x00178713) x14 0x0000000080012088
core   0: 0x000000008000ff46 (0xfee43023) sd      a4, -32(s0)
core   0: 3 0x000000008000ff46 (0xfee43023) mem 0x0000000080031f50 0x0000000080012088
core   0: 0x000000008000ff4a (0xfc442703) lw      a4, -60(s0)
core   0: 3 0x000000008000ff4a (0xfc442703) x14 0x0000000000000000 mem 0x0000000080031f34
core   0: 0x000000008000ff4e (0x0ff77713) andi    a4, a4, 255
core   0: 3 0x000000008000ff4e (0x0ff77713) x14 0x0000000000000000
core   0: 0x000000008000ff52 (0x00e78023) sb      a4, 0(a5)
core   0: 3 0x000000008000ff52 (0x00e78023) mem 0x0000000080012087 0x00
core   0: 0x000000008000ff56 (0xfc843703) ld      a4, -56(s0)
core   0: 3 0x000000008000ff56 (0xfc843703) x14 0x0000000080012040 mem 0x0000000080031f38
core   0: 0x000000008000ff5a (0xfb843783) ld      a5, -72(s0)
core   0: 3 0x000000008000ff5a (0xfb843783) x15 0x000000000000009c mem 0x0000000080031f28
core   0: 0x000000008000ff5e (0x000097ba) c.add   a5, a4
core   0: 3 0x000000008000ff5e (0x97ba) x15 0x00000000800120dc
core   0: 0x000000008000ff60 (0xfe043703) ld      a4, -32(s0)
core   0: 3 0x000000008000ff60 (0xfe043703) x14 0x0000000080012088 mem 0x0000000080031f50
core   0: 0x000000008000ff64 (0xfcf76de3) bltu    a4, a5, pc - 38
core   0: 3 0x000000008000ff64 (0xfcf76de3)
core   0: 0x000000008000ff3e (0xfe043783) ld      a5, -32(s0)
core   0: 3 0x000000008000ff3e (0xfe043783) x15 0x0000000080012088 mem 0x0000000080031f50
core   0: 0x000000008000ff42 (0x00178713) addi    a4, a5, 1
core   0: 3 0x000000008000ff42 (0x00178713) x14 0x0000000080012089
core   0: 0x000000008000ff46 (0xfee43023) sd      a4, -32(s0)
core   0: 3 0x000000008000ff46 (0xfee43023) mem 0x0000000080031f50 0x0000000080012089
core   0: 0x000000008000ff4a (0xfc442703) lw      a4, -60(s0)
core   0: 3 0x000000008000ff4a (0xfc442703) x14 0x0000000000000000 mem 0x0000000080031f34
core   0: 0x000000008000ff4e (0x0ff77713) andi    a4, a4, 255
core   0: 3 0x000000008000ff4e (0x0ff77713) x14 0x0000000000000000
core   0: 0x000000008000ff52 (0x00e78023) sb      a4, 0(a5)
core   0: 3 0x000000008000ff52 (0x00e78023) mem 0x0000000080012088 0x00
core   0: 0x000000008000ff56 (0xfc843703) ld      a4, -56(s0)
core   0: 3 0x000000008000ff56 (0xfc843703) x14 0x0000000080012040 mem 0x0000000080031f38
core   0: 0x000000008000ff5a (0xfb843783) ld      a5, -72(s0)
core   0: 3 0x000000008000ff5a (0xfb843783) x15 0x000000000000009c mem 0x0000000080031f28
core   0: 0x000000008000ff5e (0x000097ba) c.add   a5, a4
core   0: 3 0x000000008000ff5e (0x97ba) x15 0x00000000800120dc
core   0: 0x000000008000ff60 (0xfe043703) ld      a4, -32(s0)
core   0: 3 0x000000008000ff60 (0xfe043703) x14 0x0000000080012089 mem 0x0000000080031f50
core   0: 0x000000008000ff64 (0xfcf76de3) bltu    a4, a5, pc - 38
core   0: 3 0x000000008000ff64 (0xfcf76de3)
core   0: 0x000000008000ff3e (0xfe043783) ld      a5, -32(s0)
core   0: 3 0x000000008000ff3e (0xfe043783) x15 0x0000000080012089 mem 0x0000000080031f50
core   0: 0x000000008000ff42 (0x00178713) addi    a4, a5, 1
core   0: 3 0x000000008000ff42 (0x00178713) x14 0x000000008001208a
core   0: 0x000000008000ff46 (0xfee43023) sd      a4, -32(s0)
core   0: 3 0x000000008000ff46 (0xfee43023) mem 0x0000000080031f50 0x000000008001208a
core   0: 0x000000008000ff4a (0xfc442703) lw      a4, -60(s0)
core   0: 3 0x000000008000ff4a (0xfc442703) x14 0x0000000000000000 mem 0x0000000080031f34
core   0: 0x000000008000ff4e (0x0ff77713) andi    a4, a4, 255
core   0: 3 0x000000008000ff4e (0x0ff77713) x14 0x0000000000000000
core   0: 0x000000008000ff52 (0x00e78023) sb      a4, 0(a5)
core   0: 3 0x000000008000ff52 (0x00e78023) mem 0x0000000080012089 0x00
core   0: 0x000000008000ff56 (0xfc843703) ld      a4, -56(s0)
core   0: 3 0x000000008000ff56 (0xfc843703) x14 0x0000000080012040 mem 0x0000000080031f38
core   0: 0x000000008000ff5a (0xfb843783) ld      a5, -72(s0)
core   0: 3 0x000000008000ff5a (0xfb843783) x15 0x000000000000009c mem 0x0000000080031f28
core   0: 0x000000008000ff5e (0x000097ba) c.add   a5, a4
core   0: 3 0x000000008000ff5e (0x97ba) x15 0x00000000800120dc
core   0: 0x000000008000ff60 (0xfe043703) ld      a4, -32(s0)
core   0: 3 0x000000008000ff60 (0xfe043703) x14 0x000000008001208a mem 0x0000000080031f50
core   0: 0x000000008000ff64 (0xfcf76de3) bltu    a4, a5, pc - 38
core   0: 3 0x000000008000ff64 (0xfcf76de3)
core   0: 0x000000008000ff3e (0xfe043783) ld      a5, -32(s0)
core   0: 3 0x000000008000ff3e (0xfe043783) x15 0x000000008001208a mem 0x0000000080031f50
core   0: 0x000000008000ff42 (0x00178713) addi    a4, a5, 1
core   0: 3 0x000000008000ff42 (0x00178713) x14 0x000000008001208b
core   0: 0x000000008000ff46 (0xfee43023) sd      a4, -32(s0)
core   0: 3 0x000000008000ff46 (0xfee43023) mem 0x0000000080031f50 0x000000008001208b
core   0: 0x000000008000ff4a (0xfc442703) lw      a4, -60(s0)
core   0: 3 0x000000008000ff4a (0xfc442703) x14 0x0000000000000000 mem 0x0000000080031f34
core   0: 0x000000008000ff4e (0x0ff77713) andi    a4, a4, 255
core   0: 3 0x000000008000ff4e (0x0ff77713) x14 0x0000000000000000
core   0: 0x000000008000ff52 (0x00e78023) sb      a4, 0(a5)
core   0: 3 0x000000008000ff52 (0x00e78023) mem 0x000000008001208a 0x00
core   0: 0x000000008000ff56 (0xfc843703) ld      a4, -56(s0)
core   0: 3 0x000000008000ff56 (0xfc843703) x14 0x0000000080012040 mem 0x0000000080031f38
core   0: 0x000000008000ff5a (0xfb843783) ld      a5, -72(s0)
core   0: 3 0x000000008000ff5a (0xfb843783) x15 0x000000000000009c mem 0x0000000080031f28
core   0: 0x000000008000ff5e (0x000097ba) c.add   a5, a4
core   0: 3 0x000000008000ff5e (0x97ba) x15 0x00000000800120dc
core   0: 0x000000008000ff60 (0xfe043703) ld      a4, -32(s0)
core   0: 3 0x000000008000ff60 (0xfe043703) x14 0x000000008001208b mem 0x0000000080031f50
core   0: 0x000000008000ff64 (0xfcf76de3) bltu    a4, a5, pc - 38
core   0: 3 0x000000008000ff64 (0xfcf76de3)
core   0: 0x000000008000ff3e (0xfe043783) ld      a5, -32(s0)
core   0: 3 0x000000008000ff3e (0xfe043783) x15 0x000000008001208b mem 0x0000000080031f50
core   0: 0x000000008000ff42 (0x00178713) addi    a4, a5, 1
core   0: 3 0x000000008000ff42 (0x00178713) x14 0x000000008001208c
core   0: 0x000000008000ff46 (0xfee43023) sd      a4, -32(s0)
core   0: 3 0x000000008000ff46 (0xfee43023) mem 0x0000000080031f50 0x000000008001208c
core   0: 0x000000008000ff4a (0xfc442703) lw      a4, -60(s0)
core   0: 3 0x000000008000ff4a (0xfc442703) x14 0x0000000000000000 mem 0x0000000080031f34
core   0: 0x000000008000ff4e (0x0ff77713) andi    a4, a4, 255
core   0: 3 0x000000008000ff4e (0x0ff77713) x14 0x0000000000000000
core   0: 0x000000008000ff52 (0x00e78023) sb      a4, 0(a5)
core   0: 3 0x000000008000ff52 (0x00e78023) mem 0x000000008001208b 0x00
core   0: 0x000000008000ff56 (0xfc843703) ld      a4, -56(s0)
core   0: 3 0x000000008000ff56 (0xfc843703) x14 0x0000000080012040 mem 0x0000000080031f38
core   0: 0x000000008000ff5a (0xfb843783) ld      a5, -72(s0)
core   0: 3 0x000000008000ff5a (0xfb843783) x15 0x000000000000009c mem 0x0000000080031f28
core   0: 0x000000008000ff5e (0x000097ba) c.add   a5, a4
core   0: 3 0x000000008000ff5e (0x97ba) x15 0x00000000800120dc
core   0: 0x000000008000ff60 (0xfe043703) ld      a4, -32(s0)
core   0: 3 0x000000008000ff60 (0xfe043703) x14 0x000000008001208c mem 0x0000000080031f50
core   0: 0x000000008000ff64 (0xfcf76de3) bltu    a4, a5, pc - 38
core   0: 3 0x000000008000ff64 (0xfcf76de3)
core   0: 0x000000008000ff3e (0xfe043783) ld      a5, -32(s0)
core   0: 3 0x000000008000ff3e (0xfe043783) x15 0x000000008001208c mem 0x0000000080031f50
core   0: 0x000000008000ff42 (0x00178713) addi    a4, a5, 1
core   0: 3 0x000000008000ff42 (0x00178713) x14 0x000000008001208d
core   0: 0x000000008000ff46 (0xfee43023) sd      a4, -32(s0)
core   0: 3 0x000000008000ff46 (0xfee43023) mem 0x0000000080031f50 0x000000008001208d
core   0: 0x000000008000ff4a (0xfc442703) lw      a4, -60(s0)
core   0: 3 0x000000008000ff4a (0xfc442703) x14 0x0000000000000000 mem 0x0000000080031f34
core   0: 0x000000008000ff4e (0x0ff77713) andi    a4, a4, 255
core   0: 3 0x000000008000ff4e (0x0ff77713) x14 0x0000000000000000
core   0: 0x000000008000ff52 (0x00e78023) sb      a4, 0(a5)
core   0: 3 0x000000008000ff52 (0x00e78023) mem 0x000000008001208c 0x00
core   0: 0x000000008000ff56 (0xfc843703) ld      a4, -56(s0)
core   0: 3 0x000000008000ff56 (0xfc843703) x14 0x0000000080012040 mem 0x0000000080031f38
core   0: 0x000000008000ff5a (0xfb843783) ld      a5, -72(s0)
core   0: 3 0x000000008000ff5a (0xfb843783) x15 0x000000000000009c mem 0x0000000080031f28
core   0: 0x000000008000ff5e (0x000097ba) c.add   a5, a4
core   0: 3 0x000000008000ff5e (0x97ba) x15 0x00000000800120dc
core   0: 0x000000008000ff60 (0xfe043703) ld      a4, -32(s0)
core   0: 3 0x000000008000ff60 (0xfe043703) x14 0x000000008001208d mem 0x0000000080031f50
core   0: 0x000000008000ff64 (0xfcf76de3) bltu    a4, a5, pc - 38
core   0: 3 0x000000008000ff64 (0xfcf76de3)
core   0: 0x000000008000ff3e (0xfe043783) ld      a5, -32(s0)
core   0: 3 0x000000008000ff3e (0xfe043783) x15 0x000000008001208d mem 0x0000000080031f50
core   0: 0x000000008000ff42 (0x00178713) addi    a4, a5, 1
core   0: 3 0x000000008000ff42 (0x00178713) x14 0x000000008001208e
core   0: 0x000000008000ff46 (0xfee43023) sd      a4, -32(s0)
core   0: 3 0x000000008000ff46 (0xfee43023) mem 0x0000000080031f50 0x000000008001208e
core   0: 0x000000008000ff4a (0xfc442703) lw      a4, -60(s0)
core   0: 3 0x000000008000ff4a (0xfc442703) x14 0x0000000000000000 mem 0x0000000080031f34
core   0: 0x000000008000ff4e (0x0ff77713) andi    a4, a4, 255
core   0: 3 0x000000008000ff4e (0x0ff77713) x14 0x0000000000000000
core   0: 0x000000008000ff52 (0x00e78023) sb      a4, 0(a5)
core   0: 3 0x000000008000ff52 (0x00e78023) mem 0x000000008001208d 0x00
core   0: 0x000000008000ff56 (0xfc843703) ld      a4, -56(s0)
core   0: 3 0x000000008000ff56 (0xfc843703) x14 0x0000000080012040 mem 0x0000000080031f38
core   0: 0x000000008000ff5a (0xfb843783) ld      a5, -72(s0)
core   0: 3 0x000000008000ff5a (0xfb843783) x15 0x000000000000009c mem 0x0000000080031f28
core   0: 0x000000008000ff5e (0x000097ba) c.add   a5, a4
core   0: 3 0x000000008000ff5e (0x97ba) x15 0x00000000800120dc
core   0: 0x000000008000ff60 (0xfe043703) ld      a4, -32(s0)
core   0: 3 0x000000008000ff60 (0xfe043703) x14 0x000000008001208e mem 0x0000000080031f50
core   0: 0x000000008000ff64 (0xfcf76de3) bltu    a4, a5, pc - 38
core   0: 3 0x000000008000ff64 (0xfcf76de3)
core   0: 0x000000008000ff3e (0xfe043783) ld      a5, -32(s0)
core   0: 3 0x000000008000ff3e (0xfe043783) x15 0x000000008001208e mem 0x0000000080031f50
core   0: 0x000000008000ff42 (0x00178713) addi    a4, a5, 1
core   0: 3 0x000000008000ff42 (0x00178713) x14 0x000000008001208f
core   0: 0x000000008000ff46 (0xfee43023) sd      a4, -32(s0)
core   0: 3 0x000000008000ff46 (0xfee43023) mem 0x0000000080031f50 0x000000008001208f
core   0: 0x000000008000ff4a (0xfc442703) lw      a4, -60(s0)
core   0: 3 0x000000008000ff4a (0xfc442703) x14 0x0000000000000000 mem 0x0000000080031f34
core   0: 0x000000008000ff4e (0x0ff77713) andi    a4, a4, 255
core   0: 3 0x000000008000ff4e (0x0ff77713) x14 0x0000000000000000
core   0: 0x000000008000ff52 (0x00e78023) sb      a4, 0(a5)
core   0: 3 0x000000008000ff52 (0x00e78023) mem 0x000000008001208e 0x00
core   0: 0x000000008000ff56 (0xfc843703) ld      a4, -56(s0)
core   0: 3 0x000000008000ff56 (0xfc843703) x14 0x0000000080012040 mem 0x0000000080031f38
core   0: 0x000000008000ff5a (0xfb843783) ld      a5, -72(s0)
core   0: 3 0x000000008000ff5a (0xfb843783) x15 0x000000000000009c mem 0x0000000080031f28
core   0: 0x000000008000ff5e (0x000097ba) c.add   a5, a4
core   0: 3 0x000000008000ff5e (0x97ba) x15 0x00000000800120dc
core   0: 0x000000008000ff60 (0xfe043703) ld      a4, -32(s0)
core   0: 3 0x000000008000ff60 (0xfe043703) x14 0x000000008001208f mem 0x0000000080031f50
core   0: 0x000000008000ff64 (0xfcf76de3) bltu    a4, a5, pc - 38
core   0: 3 0x000000008000ff64 (0xfcf76de3)
core   0: 0x000000008000ff3e (0xfe043783) ld      a5, -32(s0)
core   0: 3 0x000000008000ff3e (0xfe043783) x15 0x000000008001208f mem 0x0000000080031f50
core   0: 0x000000008000ff42 (0x00178713) addi    a4, a5, 1
core   0: 3 0x000000008000ff42 (0x00178713) x14 0x0000000080012090
core   0: 0x000000008000ff46 (0xfee43023) sd      a4, -32(s0)
core   0: 3 0x000000008000ff46 (0xfee43023) mem 0x0000000080031f50 0x0000000080012090
core   0: 0x000000008000ff4a (0xfc442703) lw      a4, -60(s0)
core   0: 3 0x000000008000ff4a (0xfc442703) x14 0x0000000000000000 mem 0x0000000080031f34
core   0: 0x000000008000ff4e (0x0ff77713) andi    a4, a4, 255
core   0: 3 0x000000008000ff4e (0x0ff77713) x14 0x0000000000000000
core   0: 0x000000008000ff52 (0x00e78023) sb      a4, 0(a5)
core   0: 3 0x000000008000ff52 (0x00e78023) mem 0x000000008001208f 0x00
core   0: 0x000000008000ff56 (0xfc843703) ld      a4, -56(s0)
core   0: 3 0x000000008000ff56 (0xfc843703) x14 0x0000000080012040 mem 0x0000000080031f38
core   0: 0x000000008000ff5a (0xfb843783) ld      a5, -72(s0)
core   0: 3 0x000000008000ff5a (0xfb843783) x15 0x000000000000009c mem 0x0000000080031f28
core   0: 0x000000008000ff5e (0x000097ba) c.add   a5, a4
core   0: 3 0x000000008000ff5e (0x97ba) x15 0x00000000800120dc
core   0: 0x000000008000ff60 (0xfe043703) ld      a4, -32(s0)
core   0: 3 0x000000008000ff60 (0xfe043703) x14 0x0000000080012090 mem 0x0000000080031f50
core   0: 0x000000008000ff64 (0xfcf76de3) bltu    a4, a5, pc - 38
core   0: 3 0x000000008000ff64 (0xfcf76de3)
core   0: 0x000000008000ff3e (0xfe043783) ld      a5, -32(s0)
core   0: 3 0x000000008000ff3e (0xfe043783) x15 0x0000000080012090 mem 0x0000000080031f50
core   0: 0x000000008000ff42 (0x00178713) addi    a4, a5, 1
core   0: 3 0x000000008000ff42 (0x00178713) x14 0x0000000080012091
core   0: 0x000000008000ff46 (0xfee43023) sd      a4, -32(s0)
core   0: 3 0x000000008000ff46 (0xfee43023) mem 0x0000000080031f50 0x0000000080012091
core   0: 0x000000008000ff4a (0xfc442703) lw      a4, -60(s0)
core   0: 3 0x000000008000ff4a (0xfc442703) x14 0x0000000000000000 mem 0x0000000080031f34
core   0: 0x000000008000ff4e (0x0ff77713) andi    a4, a4, 255
core   0: 3 0x000000008000ff4e (0x0ff77713) x14 0x0000000000000000
core   0: 0x000000008000ff52 (0x00e78023) sb      a4, 0(a5)
core   0: 3 0x000000008000ff52 (0x00e78023) mem 0x0000000080012090 0x00
core   0: 0x000000008000ff56 (0xfc843703) ld      a4, -56(s0)
core   0: 3 0x000000008000ff56 (0xfc843703) x14 0x0000000080012040 mem 0x0000000080031f38
core   0: 0x000000008000ff5a (0xfb843783) ld      a5, -72(s0)
core   0: 3 0x000000008000ff5a (0xfb843783) x15 0x000000000000009c mem 0x0000000080031f28
core   0: 0x000000008000ff5e (0x000097ba) c.add   a5, a4
core   0: 3 0x000000008000ff5e (0x97ba) x15 0x00000000800120dc
core   0: 0x000000008000ff60 (0xfe043703) ld      a4, -32(s0)
core   0: 3 0x000000008000ff60 (0xfe043703) x14 0x0000000080012091 mem 0x0000000080031f50
core   0: 0x000000008000ff64 (0xfcf76de3) bltu    a4, a5, pc - 38
core   0: 3 0x000000008000ff64 (0xfcf76de3)
core   0: 0x000000008000ff3e (0xfe043783) ld      a5, -32(s0)
core   0: 3 0x000000008000ff3e (0xfe043783) x15 0x0000000080012091 mem 0x0000000080031f50
core   0: 0x000000008000ff42 (0x00178713) addi    a4, a5, 1
core   0: 3 0x000000008000ff42 (0x00178713) x14 0x0000000080012092
core   0: 0x000000008000ff46 (0xfee43023) sd      a4, -32(s0)
core   0: 3 0x000000008000ff46 (0xfee43023) mem 0x0000000080031f50 0x0000000080012092
core   0: 0x000000008000ff4a (0xfc442703) lw      a4, -60(s0)
core   0: 3 0x000000008000ff4a (0xfc442703) x14 0x0000000000000000 mem 0x0000000080031f34
core   0: 0x000000008000ff4e (0x0ff77713) andi    a4, a4, 255
core   0: 3 0x000000008000ff4e (0x0ff77713) x14 0x0000000000000000
core   0: 0x000000008000ff52 (0x00e78023) sb      a4, 0(a5)
core   0: 3 0x000000008000ff52 (0x00e78023) mem 0x0000000080012091 0x00
core   0: 0x000000008000ff56 (0xfc843703) ld      a4, -56(s0)
core   0: 3 0x000000008000ff56 (0xfc843703) x14 0x0000000080012040 mem 0x0000000080031f38
core   0: 0x000000008000ff5a (0xfb843783) ld      a5, -72(s0)
core   0: 3 0x000000008000ff5a (0xfb843783) x15 0x000000000000009c mem 0x0000000080031f28
core   0: 0x000000008000ff5e (0x000097ba) c.add   a5, a4
core   0: 3 0x000000008000ff5e (0x97ba) x15 0x00000000800120dc
core   0: 0x000000008000ff60 (0xfe043703) ld      a4, -32(s0)
core   0: 3 0x000000008000ff60 (0xfe043703) x14 0x0000000080012092 mem 0x0000000080031f50
core   0: 0x000000008000ff64 (0xfcf76de3) bltu    a4, a5, pc - 38
core   0: 3 0x000000008000ff64 (0xfcf76de3)
core   0: 0x000000008000ff3e (0xfe043783) ld      a5, -32(s0)
core   0: 3 0x000000008000ff3e (0xfe043783) x15 0x0000000080012092 mem 0x0000000080031f50
core   0: 0x000000008000ff42 (0x00178713) addi    a4, a5, 1
core   0: 3 0x000000008000ff42 (0x00178713) x14 0x0000000080012093
core   0: 0x000000008000ff46 (0xfee43023) sd      a4, -32(s0)
core   0: 3 0x000000008000ff46 (0xfee43023) mem 0x0000000080031f50 0x0000000080012093
core   0: 0x000000008000ff4a (0xfc442703) lw      a4, -60(s0)
core   0: 3 0x000000008000ff4a (0xfc442703) x14 0x0000000000000000 mem 0x0000000080031f34
core   0: 0x000000008000ff4e (0x0ff77713) andi    a4, a4, 255
core   0: 3 0x000000008000ff4e (0x0ff77713) x14 0x0000000000000000
core   0: 0x000000008000ff52 (0x00e78023) sb      a4, 0(a5)
core   0: 3 0x000000008000ff52 (0x00e78023) mem 0x0000000080012092 0x00
core   0: 0x000000008000ff56 (0xfc843703) ld      a4, -56(s0)
core   0: 3 0x000000008000ff56 (0xfc843703) x14 0x0000000080012040 mem 0x0000000080031f38
core   0: 0x000000008000ff5a (0xfb843783) ld      a5, -72(s0)
core   0: 3 0x000000008000ff5a (0xfb843783) x15 0x000000000000009c mem 0x0000000080031f28
core   0: 0x000000008000ff5e (0x000097ba) c.add   a5, a4
core   0: 3 0x000000008000ff5e (0x97ba) x15 0x00000000800120dc
core   0: 0x000000008000ff60 (0xfe043703) ld      a4, -32(s0)
core   0: 3 0x000000008000ff60 (0xfe043703) x14 0x0000000080012093 mem 0x0000000080031f50
core   0: 0x000000008000ff64 (0xfcf76de3) bltu    a4, a5, pc - 38
core   0: 3 0x000000008000ff64 (0xfcf76de3)
core   0: 0x000000008000ff3e (0xfe043783) ld      a5, -32(s0)
core   0: 3 0x000000008000ff3e (0xfe043783) x15 0x0000000080012093 mem 0x0000000080031f50
core   0: 0x000000008000ff42 (0x00178713) addi    a4, a5, 1
core   0: 3 0x000000008000ff42 (0x00178713) x14 0x0000000080012094
core   0: 0x000000008000ff46 (0xfee43023) sd      a4, -32(s0)
core   0: 3 0x000000008000ff46 (0xfee43023) mem 0x0000000080031f50 0x0000000080012094
core   0: 0x000000008000ff4a (0xfc442703) lw      a4, -60(s0)
core   0: 3 0x000000008000ff4a (0xfc442703) x14 0x0000000000000000 mem 0x0000000080031f34
core   0: 0x000000008000ff4e (0x0ff77713) andi    a4, a4, 255
core   0: 3 0x000000008000ff4e (0x0ff77713) x14 0x0000000000000000
core   0: 0x000000008000ff52 (0x00e78023) sb      a4, 0(a5)
core   0: 3 0x000000008000ff52 (0x00e78023) mem 0x0000000080012093 0x00
core   0: 0x000000008000ff56 (0xfc843703) ld      a4, -56(s0)
core   0: 3 0x000000008000ff56 (0xfc843703) x14 0x0000000080012040 mem 0x0000000080031f38
core   0: 0x000000008000ff5a (0xfb843783) ld      a5, -72(s0)
core   0: 3 0x000000008000ff5a (0xfb843783) x15 0x000000000000009c mem 0x0000000080031f28
core   0: 0x000000008000ff5e (0x000097ba) c.add   a5, a4
core   0: 3 0x000000008000ff5e (0x97ba) x15 0x00000000800120dc
core   0: 0x000000008000ff60 (0xfe043703) ld      a4, -32(s0)
core   0: 3 0x000000008000ff60 (0xfe043703) x14 0x0000000080012094 mem 0x0000000080031f50
core   0: 0x000000008000ff64 (0xfcf76de3) bltu    a4, a5, pc - 38
core   0: 3 0x000000008000ff64 (0xfcf76de3)
core   0: 0x000000008000ff3e (0xfe043783) ld      a5, -32(s0)
core   0: 3 0x000000008000ff3e (0xfe043783) x15 0x0000000080012094 mem 0x0000000080031f50
core   0: 0x000000008000ff42 (0x00178713) addi    a4, a5, 1
core   0: 3 0x000000008000ff42 (0x00178713) x14 0x0000000080012095
core   0: 0x000000008000ff46 (0xfee43023) sd      a4, -32(s0)
core   0: 3 0x000000008000ff46 (0xfee43023) mem 0x0000000080031f50 0x0000000080012095
core   0: 0x000000008000ff4a (0xfc442703) lw      a4, -60(s0)
core   0: 3 0x000000008000ff4a (0xfc442703) x14 0x0000000000000000 mem 0x0000000080031f34
core   0: 0x000000008000ff4e (0x0ff77713) andi    a4, a4, 255
core   0: 3 0x000000008000ff4e (0x0ff77713) x14 0x0000000000000000
core   0: 0x000000008000ff52 (0x00e78023) sb      a4, 0(a5)
core   0: 3 0x000000008000ff52 (0x00e78023) mem 0x0000000080012094 0x00
core   0: 0x000000008000ff56 (0xfc843703) ld      a4, -56(s0)
core   0: 3 0x000000008000ff56 (0xfc843703) x14 0x0000000080012040 mem 0x0000000080031f38
core   0: 0x000000008000ff5a (0xfb843783) ld      a5, -72(s0)
core   0: 3 0x000000008000ff5a (0xfb843783) x15 0x000000000000009c mem 0x0000000080031f28
core   0: 0x000000008000ff5e (0x000097ba) c.add   a5, a4
core   0: 3 0x000000008000ff5e (0x97ba) x15 0x00000000800120dc
core   0: 0x000000008000ff60 (0xfe043703) ld      a4, -32(s0)
core   0: 3 0x000000008000ff60 (0xfe043703) x14 0x0000000080012095 mem 0x0000000080031f50
core   0: 0x000000008000ff64 (0xfcf76de3) bltu    a4, a5, pc - 38
core   0: 3 0x000000008000ff64 (0xfcf76de3)
core   0: 0x000000008000ff3e (0xfe043783) ld      a5, -32(s0)
core   0: 3 0x000000008000ff3e (0xfe043783) x15 0x0000000080012095 mem 0x0000000080031f50
core   0: 0x000000008000ff42 (0x00178713) addi    a4, a5, 1
core   0: 3 0x000000008000ff42 (0x00178713) x14 0x0000000080012096
core   0: 0x000000008000ff46 (0xfee43023) sd      a4, -32(s0)
core   0: 3 0x000000008000ff46 (0xfee43023) mem 0x0000000080031f50 0x0000000080012096
core   0: 0x000000008000ff4a (0xfc442703) lw      a4, -60(s0)
core   0: 3 0x000000008000ff4a (0xfc442703) x14 0x0000000000000000 mem 0x0000000080031f34
core   0: 0x000000008000ff4e (0x0ff77713) andi    a4, a4, 255
core   0: 3 0x000000008000ff4e (0x0ff77713) x14 0x0000000000000000
core   0: 0x000000008000ff52 (0x00e78023) sb      a4, 0(a5)
core   0: 3 0x000000008000ff52 (0x00e78023) mem 0x0000000080012095 0x00
core   0: 0x000000008000ff56 (0xfc843703) ld      a4, -56(s0)
core   0: 3 0x000000008000ff56 (0xfc843703) x14 0x0000000080012040 mem 0x0000000080031f38
core   0: 0x000000008000ff5a (0xfb843783) ld      a5, -72(s0)
core   0: 3 0x000000008000ff5a (0xfb843783) x15 0x000000000000009c mem 0x0000000080031f28
core   0: 0x000000008000ff5e (0x000097ba) c.add   a5, a4
core   0: 3 0x000000008000ff5e (0x97ba) x15 0x00000000800120dc
core   0: 0x000000008000ff60 (0xfe043703) ld      a4, -32(s0)
core   0: 3 0x000000008000ff60 (0xfe043703) x14 0x0000000080012096 mem 0x0000000080031f50
core   0: 0x000000008000ff64 (0xfcf76de3) bltu    a4, a5, pc - 38
core   0: 3 0x000000008000ff64 (0xfcf76de3)
core   0: 0x000000008000ff3e (0xfe043783) ld      a5, -32(s0)
core   0: 3 0x000000008000ff3e (0xfe043783) x15 0x0000000080012096 mem 0x0000000080031f50
core   0: 0x000000008000ff42 (0x00178713) addi    a4, a5, 1
core   0: 3 0x000000008000ff42 (0x00178713) x14 0x0000000080012097
core   0: 0x000000008000ff46 (0xfee43023) sd      a4, -32(s0)
core   0: 3 0x000000008000ff46 (0xfee43023) mem 0x0000000080031f50 0x0000000080012097
core   0: 0x000000008000ff4a (0xfc442703) lw      a4, -60(s0)
core   0: 3 0x000000008000ff4a (0xfc442703) x14 0x0000000000000000 mem 0x0000000080031f34
core   0: 0x000000008000ff4e (0x0ff77713) andi    a4, a4, 255
core   0: 3 0x000000008000ff4e (0x0ff77713) x14 0x0000000000000000
core   0: 0x000000008000ff52 (0x00e78023) sb      a4, 0(a5)
core   0: 3 0x000000008000ff52 (0x00e78023) mem 0x0000000080012096 0x00
core   0: 0x000000008000ff56 (0xfc843703) ld      a4, -56(s0)
core   0: 3 0x000000008000ff56 (0xfc843703) x14 0x0000000080012040 mem 0x0000000080031f38
core   0: 0x000000008000ff5a (0xfb843783) ld      a5, -72(s0)
core   0: 3 0x000000008000ff5a (0xfb843783) x15 0x000000000000009c mem 0x0000000080031f28
core   0: 0x000000008000ff5e (0x000097ba) c.add   a5, a4
core   0: 3 0x000000008000ff5e (0x97ba) x15 0x00000000800120dc
core   0: 0x000000008000ff60 (0xfe043703) ld      a4, -32(s0)
core   0: 3 0x000000008000ff60 (0xfe043703) x14 0x0000000080012097 mem 0x0000000080031f50
core   0: 0x000000008000ff64 (0xfcf76de3) bltu    a4, a5, pc - 38
core   0: 3 0x000000008000ff64 (0xfcf76de3)
core   0: 0x000000008000ff3e (0xfe043783) ld      a5, -32(s0)
core   0: 3 0x000000008000ff3e (0xfe043783) x15 0x0000000080012097 mem 0x0000000080031f50
core   0: 0x000000008000ff42 (0x00178713) addi    a4, a5, 1
core   0: 3 0x000000008000ff42 (0x00178713) x14 0x0000000080012098
core   0: 0x000000008000ff46 (0xfee43023) sd      a4, -32(s0)
core   0: 3 0x000000008000ff46 (0xfee43023) mem 0x0000000080031f50 0x0000000080012098
core   0: 0x000000008000ff4a (0xfc442703) lw      a4, -60(s0)
core   0: 3 0x000000008000ff4a (0xfc442703) x14 0x0000000000000000 mem 0x0000000080031f34
core   0: 0x000000008000ff4e (0x0ff77713) andi    a4, a4, 255
core   0: 3 0x000000008000ff4e (0x0ff77713) x14 0x0000000000000000
core   0: 0x000000008000ff52 (0x00e78023) sb      a4, 0(a5)
core   0: 3 0x000000008000ff52 (0x00e78023) mem 0x0000000080012097 0x00
core   0: 0x000000008000ff56 (0xfc843703) ld      a4, -56(s0)
core   0: 3 0x000000008000ff56 (0xfc843703) x14 0x0000000080012040 mem 0x0000000080031f38
core   0: 0x000000008000ff5a (0xfb843783) ld      a5, -72(s0)
core   0: 3 0x000000008000ff5a (0xfb843783) x15 0x000000000000009c mem 0x0000000080031f28
core   0: 0x000000008000ff5e (0x000097ba) c.add   a5, a4
core   0: 3 0x000000008000ff5e (0x97ba) x15 0x00000000800120dc
core   0: 0x000000008000ff60 (0xfe043703) ld      a4, -32(s0)
core   0: 3 0x000000008000ff60 (0xfe043703) x14 0x0000000080012098 mem 0x0000000080031f50
core   0: 0x000000008000ff64 (0xfcf76de3) bltu    a4, a5, pc - 38
core   0: 3 0x000000008000ff64 (0xfcf76de3)
core   0: 0x000000008000ff3e (0xfe043783) ld      a5, -32(s0)
core   0: 3 0x000000008000ff3e (0xfe043783) x15 0x0000000080012098 mem 0x0000000080031f50
core   0: 0x000000008000ff42 (0x00178713) addi    a4, a5, 1
core   0: 3 0x000000008000ff42 (0x00178713) x14 0x0000000080012099
core   0: 0x000000008000ff46 (0xfee43023) sd      a4, -32(s0)
core   0: 3 0x000000008000ff46 (0xfee43023) mem 0x0000000080031f50 0x0000000080012099
core   0: 0x000000008000ff4a (0xfc442703) lw      a4, -60(s0)
core   0: 3 0x000000008000ff4a (0xfc442703) x14 0x0000000000000000 mem 0x0000000080031f34
core   0: 0x000000008000ff4e (0x0ff77713) andi    a4, a4, 255
core   0: 3 0x000000008000ff4e (0x0ff77713) x14 0x0000000000000000
core   0: 0x000000008000ff52 (0x00e78023) sb      a4, 0(a5)
core   0: 3 0x000000008000ff52 (0x00e78023) mem 0x0000000080012098 0x00
core   0: 0x000000008000ff56 (0xfc843703) ld      a4, -56(s0)
core   0: 3 0x000000008000ff56 (0xfc843703) x14 0x0000000080012040 mem 0x0000000080031f38
core   0: 0x000000008000ff5a (0xfb843783) ld      a5, -72(s0)
core   0: 3 0x000000008000ff5a (0xfb843783) x15 0x000000000000009c mem 0x0000000080031f28
core   0: 0x000000008000ff5e (0x000097ba) c.add   a5, a4
core   0: 3 0x000000008000ff5e (0x97ba) x15 0x00000000800120dc
core   0: 0x000000008000ff60 (0xfe043703) ld      a4, -32(s0)
core   0: 3 0x000000008000ff60 (0xfe043703) x14 0x0000000080012099 mem 0x0000000080031f50
core   0: 0x000000008000ff64 (0xfcf76de3) bltu    a4, a5, pc - 38
core   0: 3 0x000000008000ff64 (0xfcf76de3)
core   0: 0x000000008000ff3e (0xfe043783) ld      a5, -32(s0)
core   0: 3 0x000000008000ff3e (0xfe043783) x15 0x0000000080012099 mem 0x0000000080031f50
core   0: 0x000000008000ff42 (0x00178713) addi    a4, a5, 1
core   0: 3 0x000000008000ff42 (0x00178713) x14 0x000000008001209a
core   0: 0x000000008000ff46 (0xfee43023) sd      a4, -32(s0)
core   0: 3 0x000000008000ff46 (0xfee43023) mem 0x0000000080031f50 0x000000008001209a
core   0: 0x000000008000ff4a (0xfc442703) lw      a4, -60(s0)
core   0: 3 0x000000008000ff4a (0xfc442703) x14 0x0000000000000000 mem 0x0000000080031f34
core   0: 0x000000008000ff4e (0x0ff77713) andi    a4, a4, 255
core   0: 3 0x000000008000ff4e (0x0ff77713) x14 0x0000000000000000
core   0: 0x000000008000ff52 (0x00e78023) sb      a4, 0(a5)
core   0: 3 0x000000008000ff52 (0x00e78023) mem 0x0000000080012099 0x00
core   0: 0x000000008000ff56 (0xfc843703) ld      a4, -56(s0)
core   0: 3 0x000000008000ff56 (0xfc843703) x14 0x0000000080012040 mem 0x0000000080031f38
core   0: 0x000000008000ff5a (0xfb843783) ld      a5, -72(s0)
core   0: 3 0x000000008000ff5a (0xfb843783) x15 0x000000000000009c mem 0x0000000080031f28
core   0: 0x000000008000ff5e (0x000097ba) c.add   a5, a4
core   0: 3 0x000000008000ff5e (0x97ba) x15 0x00000000800120dc
core   0: 0x000000008000ff60 (0xfe043703) ld      a4, -32(s0)
core   0: 3 0x000000008000ff60 (0xfe043703) x14 0x000000008001209a mem 0x0000000080031f50
core   0: 0x000000008000ff64 (0xfcf76de3) bltu    a4, a5, pc - 38
core   0: 3 0x000000008000ff64 (0xfcf76de3)
core   0: 0x000000008000ff3e (0xfe043783) ld      a5, -32(s0)
core   0: 3 0x000000008000ff3e (0xfe043783) x15 0x000000008001209a mem 0x0000000080031f50
core   0: 0x000000008000ff42 (0x00178713) addi    a4, a5, 1
core   0: 3 0x000000008000ff42 (0x00178713) x14 0x000000008001209b
core   0: 0x000000008000ff46 (0xfee43023) sd      a4, -32(s0)
core   0: 3 0x000000008000ff46 (0xfee43023) mem 0x0000000080031f50 0x000000008001209b
core   0: 0x000000008000ff4a (0xfc442703) lw      a4, -60(s0)
core   0: 3 0x000000008000ff4a (0xfc442703) x14 0x0000000000000000 mem 0x0000000080031f34
core   0: 0x000000008000ff4e (0x0ff77713) andi    a4, a4, 255
core   0: 3 0x000000008000ff4e (0x0ff77713) x14 0x0000000000000000
core   0: 0x000000008000ff52 (0x00e78023) sb      a4, 0(a5)
core   0: 3 0x000000008000ff52 (0x00e78023) mem 0x000000008001209a 0x00
core   0: 0x000000008000ff56 (0xfc843703) ld      a4, -56(s0)
core   0: 3 0x000000008000ff56 (0xfc843703) x14 0x0000000080012040 mem 0x0000000080031f38
core   0: 0x000000008000ff5a (0xfb843783) ld      a5, -72(s0)
core   0: 3 0x000000008000ff5a (0xfb843783) x15 0x000000000000009c mem 0x0000000080031f28
core   0: 0x000000008000ff5e (0x000097ba) c.add   a5, a4
core   0: 3 0x000000008000ff5e (0x97ba) x15 0x00000000800120dc
core   0: 0x000000008000ff60 (0xfe043703) ld      a4, -32(s0)
core   0: 3 0x000000008000ff60 (0xfe043703) x14 0x000000008001209b mem 0x0000000080031f50
core   0: 0x000000008000ff64 (0xfcf76de3) bltu    a4, a5, pc - 38
core   0: 3 0x000000008000ff64 (0xfcf76de3)
core   0: 0x000000008000ff3e (0xfe043783) ld      a5, -32(s0)
core   0: 3 0x000000008000ff3e (0xfe043783) x15 0x000000008001209b mem 0x0000000080031f50
core   0: 0x000000008000ff42 (0x00178713) addi    a4, a5, 1
core   0: 3 0x000000008000ff42 (0x00178713) x14 0x000000008001209c
core   0: 0x000000008000ff46 (0xfee43023) sd      a4, -32(s0)
core   0: 3 0x000000008000ff46 (0xfee43023) mem 0x0000000080031f50 0x000000008001209c
core   0: 0x000000008000ff4a (0xfc442703) lw      a4, -60(s0)
core   0: 3 0x000000008000ff4a (0xfc442703) x14 0x0000000000000000 mem 0x0000000080031f34
core   0: 0x000000008000ff4e (0x0ff77713) andi    a4, a4, 255
core   0: 3 0x000000008000ff4e (0x0ff77713) x14 0x0000000000000000
core   0: 0x000000008000ff52 (0x00e78023) sb      a4, 0(a5)
core   0: 3 0x000000008000ff52 (0x00e78023) mem 0x000000008001209b 0x00
core   0: 0x000000008000ff56 (0xfc843703) ld      a4, -56(s0)
core   0: 3 0x000000008000ff56 (0xfc843703) x14 0x0000000080012040 mem 0x0000000080031f38
core   0: 0x000000008000ff5a (0xfb843783) ld      a5, -72(s0)
core   0: 3 0x000000008000ff5a (0xfb843783) x15 0x000000000000009c mem 0x0000000080031f28
core   0: 0x000000008000ff5e (0x000097ba) c.add   a5, a4
core   0: 3 0x000000008000ff5e (0x97ba) x15 0x00000000800120dc
core   0: 0x000000008000ff60 (0xfe043703) ld      a4, -32(s0)
core   0: 3 0x000000008000ff60 (0xfe043703) x14 0x000000008001209c mem 0x0000000080031f50
core   0: 0x000000008000ff64 (0xfcf76de3) bltu    a4, a5, pc - 38
core   0: 3 0x000000008000ff64 (0xfcf76de3)
core   0: 0x000000008000ff3e (0xfe043783) ld      a5, -32(s0)
core   0: 3 0x000000008000ff3e (0xfe043783) x15 0x000000008001209c mem 0x0000000080031f50
core   0: 0x000000008000ff42 (0x00178713) addi    a4, a5, 1
core   0: 3 0x000000008000ff42 (0x00178713) x14 0x000000008001209d
core   0: 0x000000008000ff46 (0xfee43023) sd      a4, -32(s0)
core   0: 3 0x000000008000ff46 (0xfee43023) mem 0x0000000080031f50 0x000000008001209d
core   0: 0x000000008000ff4a (0xfc442703) lw      a4, -60(s0)
core   0: 3 0x000000008000ff4a (0xfc442703) x14 0x0000000000000000 mem 0x0000000080031f34
core   0: 0x000000008000ff4e (0x0ff77713) andi    a4, a4, 255
core   0: 3 0x000000008000ff4e (0x0ff77713) x14 0x0000000000000000
core   0: 0x000000008000ff52 (0x00e78023) sb      a4, 0(a5)
core   0: 3 0x000000008000ff52 (0x00e78023) mem 0x000000008001209c 0x00
core   0: 0x000000008000ff56 (0xfc843703) ld      a4, -56(s0)
core   0: 3 0x000000008000ff56 (0xfc843703) x14 0x0000000080012040 mem 0x0000000080031f38
core   0: 0x000000008000ff5a (0xfb843783) ld      a5, -72(s0)
core   0: 3 0x000000008000ff5a (0xfb843783) x15 0x000000000000009c mem 0x0000000080031f28
core   0: 0x000000008000ff5e (0x000097ba) c.add   a5, a4
core   0: 3 0x000000008000ff5e (0x97ba) x15 0x00000000800120dc
core   0: 0x000000008000ff60 (0xfe043703) ld      a4, -32(s0)
core   0: 3 0x000000008000ff60 (0xfe043703) x14 0x000000008001209d mem 0x0000000080031f50
core   0: 0x000000008000ff64 (0xfcf76de3) bltu    a4, a5, pc - 38
core   0: 3 0x000000008000ff64 (0xfcf76de3)
core   0: 0x000000008000ff3e (0xfe043783) ld      a5, -32(s0)
core   0: 3 0x000000008000ff3e (0xfe043783) x15 0x000000008001209d mem 0x0000000080031f50
core   0: 0x000000008000ff42 (0x00178713) addi    a4, a5, 1
core   0: 3 0x000000008000ff42 (0x00178713) x14 0x000000008001209e
core   0: 0x000000008000ff46 (0xfee43023) sd      a4, -32(s0)
core   0: 3 0x000000008000ff46 (0xfee43023) mem 0x0000000080031f50 0x000000008001209e
core   0: 0x000000008000ff4a (0xfc442703) lw      a4, -60(s0)
core   0: 3 0x000000008000ff4a (0xfc442703) x14 0x0000000000000000 mem 0x0000000080031f34
core   0: 0x000000008000ff4e (0x0ff77713) andi    a4, a4, 255
core   0: 3 0x000000008000ff4e (0x0ff77713) x14 0x0000000000000000
core   0: 0x000000008000ff52 (0x00e78023) sb      a4, 0(a5)
core   0: 3 0x000000008000ff52 (0x00e78023) mem 0x000000008001209d 0x00
core   0: 0x000000008000ff56 (0xfc843703) ld      a4, -56(s0)
core   0: 3 0x000000008000ff56 (0xfc843703) x14 0x0000000080012040 mem 0x0000000080031f38
core   0: 0x000000008000ff5a (0xfb843783) ld      a5, -72(s0)
core   0: 3 0x000000008000ff5a (0xfb843783) x15 0x000000000000009c mem 0x0000000080031f28
core   0: 0x000000008000ff5e (0x000097ba) c.add   a5, a4
core   0: 3 0x000000008000ff5e (0x97ba) x15 0x00000000800120dc
core   0: 0x000000008000ff60 (0xfe043703) ld      a4, -32(s0)
core   0: 3 0x000000008000ff60 (0xfe043703) x14 0x000000008001209e mem 0x0000000080031f50
core   0: 0x000000008000ff64 (0xfcf76de3) bltu    a4, a5, pc - 38
core   0: 3 0x000000008000ff64 (0xfcf76de3)
core   0: 0x000000008000ff3e (0xfe043783) ld      a5, -32(s0)
core   0: 3 0x000000008000ff3e (0xfe043783) x15 0x000000008001209e mem 0x0000000080031f50
core   0: 0x000000008000ff42 (0x00178713) addi    a4, a5, 1
core   0: 3 0x000000008000ff42 (0x00178713) x14 0x000000008001209f
core   0: 0x000000008000ff46 (0xfee43023) sd      a4, -32(s0)
core   0: 3 0x000000008000ff46 (0xfee43023) mem 0x0000000080031f50 0x000000008001209f
core   0: 0x000000008000ff4a (0xfc442703) lw      a4, -60(s0)
core   0: 3 0x000000008000ff4a (0xfc442703) x14 0x0000000000000000 mem 0x0000000080031f34
core   0: 0x000000008000ff4e (0x0ff77713) andi    a4, a4, 255
core   0: 3 0x000000008000ff4e (0x0ff77713) x14 0x0000000000000000
core   0: 0x000000008000ff52 (0x00e78023) sb      a4, 0(a5)
core   0: 3 0x000000008000ff52 (0x00e78023) mem 0x000000008001209e 0x00
core   0: 0x000000008000ff56 (0xfc843703) ld      a4, -56(s0)
core   0: 3 0x000000008000ff56 (0xfc843703) x14 0x0000000080012040 mem 0x0000000080031f38
core   0: 0x000000008000ff5a (0xfb843783) ld      a5, -72(s0)
core   0: 3 0x000000008000ff5a (0xfb843783) x15 0x000000000000009c mem 0x0000000080031f28
core   0: 0x000000008000ff5e (0x000097ba) c.add   a5, a4
core   0: 3 0x000000008000ff5e (0x97ba) x15 0x00000000800120dc
core   0: 0x000000008000ff60 (0xfe043703) ld      a4, -32(s0)
core   0: 3 0x000000008000ff60 (0xfe043703) x14 0x000000008001209f mem 0x0000000080031f50
core   0: 0x000000008000ff64 (0xfcf76de3) bltu    a4, a5, pc - 38
core   0: 3 0x000000008000ff64 (0xfcf76de3)
core   0: 0x000000008000ff3e (0xfe043783) ld      a5, -32(s0)
core   0: 3 0x000000008000ff3e (0xfe043783) x15 0x000000008001209f mem 0x0000000080031f50
core   0: 0x000000008000ff42 (0x00178713) addi    a4, a5, 1
core   0: 3 0x000000008000ff42 (0x00178713) x14 0x00000000800120a0
core   0: 0x000000008000ff46 (0xfee43023) sd      a4, -32(s0)
core   0: 3 0x000000008000ff46 (0xfee43023) mem 0x0000000080031f50 0x00000000800120a0
core   0: 0x000000008000ff4a (0xfc442703) lw      a4, -60(s0)
core   0: 3 0x000000008000ff4a (0xfc442703) x14 0x0000000000000000 mem 0x0000000080031f34
core   0: 0x000000008000ff4e (0x0ff77713) andi    a4, a4, 255
core   0: 3 0x000000008000ff4e (0x0ff77713) x14 0x0000000000000000
core   0: 0x000000008000ff52 (0x00e78023) sb      a4, 0(a5)
core   0: 3 0x000000008000ff52 (0x00e78023) mem 0x000000008001209f 0x00
core   0: 0x000000008000ff56 (0xfc843703) ld      a4, -56(s0)
core   0: 3 0x000000008000ff56 (0xfc843703) x14 0x0000000080012040 mem 0x0000000080031f38
core   0: 0x000000008000ff5a (0xfb843783) ld      a5, -72(s0)
core   0: 3 0x000000008000ff5a (0xfb843783) x15 0x000000000000009c mem 0x0000000080031f28
core   0: 0x000000008000ff5e (0x000097ba) c.add   a5, a4
core   0: 3 0x000000008000ff5e (0x97ba) x15 0x00000000800120dc
core   0: 0x000000008000ff60 (0xfe043703) ld      a4, -32(s0)
core   0: 3 0x000000008000ff60 (0xfe043703) x14 0x00000000800120a0 mem 0x0000000080031f50
core   0: 0x000000008000ff64 (0xfcf76de3) bltu    a4, a5, pc - 38
core   0: 3 0x000000008000ff64 (0xfcf76de3)
core   0: 0x000000008000ff3e (0xfe043783) ld      a5, -32(s0)
core   0: 3 0x000000008000ff3e (0xfe043783) x15 0x00000000800120a0 mem 0x0000000080031f50
core   0: 0x000000008000ff42 (0x00178713) addi    a4, a5, 1
core   0: 3 0x000000008000ff42 (0x00178713) x14 0x00000000800120a1
core   0: 0x000000008000ff46 (0xfee43023) sd      a4, -32(s0)
core   0: 3 0x000000008000ff46 (0xfee43023) mem 0x0000000080031f50 0x00000000800120a1
core   0: 0x000000008000ff4a (0xfc442703) lw      a4, -60(s0)
core   0: 3 0x000000008000ff4a (0xfc442703) x14 0x0000000000000000 mem 0x0000000080031f34
core   0: 0x000000008000ff4e (0x0ff77713) andi    a4, a4, 255
core   0: 3 0x000000008000ff4e (0x0ff77713) x14 0x0000000000000000
core   0: 0x000000008000ff52 (0x00e78023) sb      a4, 0(a5)
core   0: 3 0x000000008000ff52 (0x00e78023) mem 0x00000000800120a0 0x00
core   0: 0x000000008000ff56 (0xfc843703) ld      a4, -56(s0)
core   0: 3 0x000000008000ff56 (0xfc843703) x14 0x0000000080012040 mem 0x0000000080031f38
core   0: 0x000000008000ff5a (0xfb843783) ld      a5, -72(s0)
core   0: 3 0x000000008000ff5a (0xfb843783) x15 0x000000000000009c mem 0x0000000080031f28
core   0: 0x000000008000ff5e (0x000097ba) c.add   a5, a4
core   0: 3 0x000000008000ff5e (0x97ba) x15 0x00000000800120dc
core   0: 0x000000008000ff60 (0xfe043703) ld      a4, -32(s0)
core   0: 3 0x000000008000ff60 (0xfe043703) x14 0x00000000800120a1 mem 0x0000000080031f50
core   0: 0x000000008000ff64 (0xfcf76de3) bltu    a4, a5, pc - 38
core   0: 3 0x000000008000ff64 (0xfcf76de3)
core   0: 0x000000008000ff3e (0xfe043783) ld      a5, -32(s0)
core   0: 3 0x000000008000ff3e (0xfe043783) x15 0x00000000800120a1 mem 0x0000000080031f50
core   0: 0x000000008000ff42 (0x00178713) addi    a4, a5, 1
core   0: 3 0x000000008000ff42 (0x00178713) x14 0x00000000800120a2
core   0: 0x000000008000ff46 (0xfee43023) sd      a4, -32(s0)
core   0: 3 0x000000008000ff46 (0xfee43023) mem 0x0000000080031f50 0x00000000800120a2
core   0: 0x000000008000ff4a (0xfc442703) lw      a4, -60(s0)
core   0: 3 0x000000008000ff4a (0xfc442703) x14 0x0000000000000000 mem 0x0000000080031f34
core   0: 0x000000008000ff4e (0x0ff77713) andi    a4, a4, 255
core   0: 3 0x000000008000ff4e (0x0ff77713) x14 0x0000000000000000
core   0: 0x000000008000ff52 (0x00e78023) sb      a4, 0(a5)
core   0: 3 0x000000008000ff52 (0x00e78023) mem 0x00000000800120a1 0x00
core   0: 0x000000008000ff56 (0xfc843703) ld      a4, -56(s0)
core   0: 3 0x000000008000ff56 (0xfc843703) x14 0x0000000080012040 mem 0x0000000080031f38
core   0: 0x000000008000ff5a (0xfb843783) ld      a5, -72(s0)
core   0: 3 0x000000008000ff5a (0xfb843783) x15 0x000000000000009c mem 0x0000000080031f28
core   0: 0x000000008000ff5e (0x000097ba) c.add   a5, a4
core   0: 3 0x000000008000ff5e (0x97ba) x15 0x00000000800120dc
core   0: 0x000000008000ff60 (0xfe043703) ld      a4, -32(s0)
core   0: 3 0x000000008000ff60 (0xfe043703) x14 0x00000000800120a2 mem 0x0000000080031f50
core   0: 0x000000008000ff64 (0xfcf76de3) bltu    a4, a5, pc - 38
core   0: 3 0x000000008000ff64 (0xfcf76de3)
core   0: 0x000000008000ff3e (0xfe043783) ld      a5, -32(s0)
core   0: 3 0x000000008000ff3e (0xfe043783) x15 0x00000000800120a2 mem 0x0000000080031f50
core   0: 0x000000008000ff42 (0x00178713) addi    a4, a5, 1
core   0: 3 0x000000008000ff42 (0x00178713) x14 0x00000000800120a3
core   0: 0x000000008000ff46 (0xfee43023) sd      a4, -32(s0)
core   0: 3 0x000000008000ff46 (0xfee43023) mem 0x0000000080031f50 0x00000000800120a3
core   0: 0x000000008000ff4a (0xfc442703) lw      a4, -60(s0)
core   0: 3 0x000000008000ff4a (0xfc442703) x14 0x0000000000000000 mem 0x0000000080031f34
core   0: 0x000000008000ff4e (0x0ff77713) andi    a4, a4, 255
core   0: 3 0x000000008000ff4e (0x0ff77713) x14 0x0000000000000000
core   0: 0x000000008000ff52 (0x00e78023) sb      a4, 0(a5)
core   0: 3 0x000000008000ff52 (0x00e78023) mem 0x00000000800120a2 0x00
core   0: 0x000000008000ff56 (0xfc843703) ld      a4, -56(s0)
core   0: 3 0x000000008000ff56 (0xfc843703) x14 0x0000000080012040 mem 0x0000000080031f38
core   0: 0x000000008000ff5a (0xfb843783) ld      a5, -72(s0)
core   0: 3 0x000000008000ff5a (0xfb843783) x15 0x000000000000009c mem 0x0000000080031f28
core   0: 0x000000008000ff5e (0x000097ba) c.add   a5, a4
core   0: 3 0x000000008000ff5e (0x97ba) x15 0x00000000800120dc
core   0: 0x000000008000ff60 (0xfe043703) ld      a4, -32(s0)
core   0: 3 0x000000008000ff60 (0xfe043703) x14 0x00000000800120a3 mem 0x0000000080031f50
core   0: 0x000000008000ff64 (0xfcf76de3) bltu    a4, a5, pc - 38
core   0: 3 0x000000008000ff64 (0xfcf76de3)
core   0: 0x000000008000ff3e (0xfe043783) ld      a5, -32(s0)
core   0: 3 0x000000008000ff3e (0xfe043783) x15 0x00000000800120a3 mem 0x0000000080031f50
core   0: 0x000000008000ff42 (0x00178713) addi    a4, a5, 1
core   0: 3 0x000000008000ff42 (0x00178713) x14 0x00000000800120a4
core   0: 0x000000008000ff46 (0xfee43023) sd      a4, -32(s0)
core   0: 3 0x000000008000ff46 (0xfee43023) mem 0x0000000080031f50 0x00000000800120a4
core   0: 0x000000008000ff4a (0xfc442703) lw      a4, -60(s0)
core   0: 3 0x000000008000ff4a (0xfc442703) x14 0x0000000000000000 mem 0x0000000080031f34
core   0: 0x000000008000ff4e (0x0ff77713) andi    a4, a4, 255
core   0: 3 0x000000008000ff4e (0x0ff77713) x14 0x0000000000000000
core   0: 0x000000008000ff52 (0x00e78023) sb      a4, 0(a5)
core   0: 3 0x000000008000ff52 (0x00e78023) mem 0x00000000800120a3 0x00
core   0: 0x000000008000ff56 (0xfc843703) ld      a4, -56(s0)
core   0: 3 0x000000008000ff56 (0xfc843703) x14 0x0000000080012040 mem 0x0000000080031f38
core   0: 0x000000008000ff5a (0xfb843783) ld      a5, -72(s0)
core   0: 3 0x000000008000ff5a (0xfb843783) x15 0x000000000000009c mem 0x0000000080031f28
core   0: 0x000000008000ff5e (0x000097ba) c.add   a5, a4
core   0: 3 0x000000008000ff5e (0x97ba) x15 0x00000000800120dc
core   0: 0x000000008000ff60 (0xfe043703) ld      a4, -32(s0)
core   0: 3 0x000000008000ff60 (0xfe043703) x14 0x00000000800120a4 mem 0x0000000080031f50
core   0: 0x000000008000ff64 (0xfcf76de3) bltu    a4, a5, pc - 38
core   0: 3 0x000000008000ff64 (0xfcf76de3)
core   0: 0x000000008000ff3e (0xfe043783) ld      a5, -32(s0)
core   0: 3 0x000000008000ff3e (0xfe043783) x15 0x00000000800120a4 mem 0x0000000080031f50
core   0: 0x000000008000ff42 (0x00178713) addi    a4, a5, 1
core   0: 3 0x000000008000ff42 (0x00178713) x14 0x00000000800120a5
core   0: 0x000000008000ff46 (0xfee43023) sd      a4, -32(s0)
core   0: 3 0x000000008000ff46 (0xfee43023) mem 0x0000000080031f50 0x00000000800120a5
core   0: 0x000000008000ff4a (0xfc442703) lw      a4, -60(s0)
core   0: 3 0x000000008000ff4a (0xfc442703) x14 0x0000000000000000 mem 0x0000000080031f34
core   0: 0x000000008000ff4e (0x0ff77713) andi    a4, a4, 255
core   0: 3 0x000000008000ff4e (0x0ff77713) x14 0x0000000000000000
core   0: 0x000000008000ff52 (0x00e78023) sb      a4, 0(a5)
core   0: 3 0x000000008000ff52 (0x00e78023) mem 0x00000000800120a4 0x00
core   0: 0x000000008000ff56 (0xfc843703) ld      a4, -56(s0)
core   0: 3 0x000000008000ff56 (0xfc843703) x14 0x0000000080012040 mem 0x0000000080031f38
core   0: 0x000000008000ff5a (0xfb843783) ld      a5, -72(s0)
core   0: 3 0x000000008000ff5a (0xfb843783) x15 0x000000000000009c mem 0x0000000080031f28
core   0: 0x000000008000ff5e (0x000097ba) c.add   a5, a4
core   0: 3 0x000000008000ff5e (0x97ba) x15 0x00000000800120dc
core   0: 0x000000008000ff60 (0xfe043703) ld      a4, -32(s0)
core   0: 3 0x000000008000ff60 (0xfe043703) x14 0x00000000800120a5 mem 0x0000000080031f50
core   0: 0x000000008000ff64 (0xfcf76de3) bltu    a4, a5, pc - 38
core   0: 3 0x000000008000ff64 (0xfcf76de3)
core   0: 0x000000008000ff3e (0xfe043783) ld      a5, -32(s0)
core   0: 3 0x000000008000ff3e (0xfe043783) x15 0x00000000800120a5 mem 0x0000000080031f50
core   0: 0x000000008000ff42 (0x00178713) addi    a4, a5, 1
core   0: 3 0x000000008000ff42 (0x00178713) x14 0x00000000800120a6
core   0: 0x000000008000ff46 (0xfee43023) sd      a4, -32(s0)
core   0: 3 0x000000008000ff46 (0xfee43023) mem 0x0000000080031f50 0x00000000800120a6
core   0: 0x000000008000ff4a (0xfc442703) lw      a4, -60(s0)
core   0: 3 0x000000008000ff4a (0xfc442703) x14 0x0000000000000000 mem 0x0000000080031f34
core   0: 0x000000008000ff4e (0x0ff77713) andi    a4, a4, 255
core   0: 3 0x000000008000ff4e (0x0ff77713) x14 0x0000000000000000
core   0: 0x000000008000ff52 (0x00e78023) sb      a4, 0(a5)
core   0: 3 0x000000008000ff52 (0x00e78023) mem 0x00000000800120a5 0x00
core   0: 0x000000008000ff56 (0xfc843703) ld      a4, -56(s0)
core   0: 3 0x000000008000ff56 (0xfc843703) x14 0x0000000080012040 mem 0x0000000080031f38
core   0: 0x000000008000ff5a (0xfb843783) ld      a5, -72(s0)
core   0: 3 0x000000008000ff5a (0xfb843783) x15 0x000000000000009c mem 0x0000000080031f28
core   0: 0x000000008000ff5e (0x000097ba) c.add   a5, a4
core   0: 3 0x000000008000ff5e (0x97ba) x15 0x00000000800120dc
core   0: 0x000000008000ff60 (0xfe043703) ld      a4, -32(s0)
core   0: 3 0x000000008000ff60 (0xfe043703) x14 0x00000000800120a6 mem 0x0000000080031f50
core   0: 0x000000008000ff64 (0xfcf76de3) bltu    a4, a5, pc - 38
core   0: 3 0x000000008000ff64 (0xfcf76de3)
core   0: 0x000000008000ff3e (0xfe043783) ld      a5, -32(s0)
core   0: 3 0x000000008000ff3e (0xfe043783) x15 0x00000000800120a6 mem 0x0000000080031f50
core   0: 0x000000008000ff42 (0x00178713) addi    a4, a5, 1
core   0: 3 0x000000008000ff42 (0x00178713) x14 0x00000000800120a7
core   0: 0x000000008000ff46 (0xfee43023) sd      a4, -32(s0)
core   0: 3 0x000000008000ff46 (0xfee43023) mem 0x0000000080031f50 0x00000000800120a7
core   0: 0x000000008000ff4a (0xfc442703) lw      a4, -60(s0)
core   0: 3 0x000000008000ff4a (0xfc442703) x14 0x0000000000000000 mem 0x0000000080031f34
core   0: 0x000000008000ff4e (0x0ff77713) andi    a4, a4, 255
core   0: 3 0x000000008000ff4e (0x0ff77713) x14 0x0000000000000000
core   0: 0x000000008000ff52 (0x00e78023) sb      a4, 0(a5)
core   0: 3 0x000000008000ff52 (0x00e78023) mem 0x00000000800120a6 0x00
core   0: 0x000000008000ff56 (0xfc843703) ld      a4, -56(s0)
core   0: 3 0x000000008000ff56 (0xfc843703) x14 0x0000000080012040 mem 0x0000000080031f38
core   0: 0x000000008000ff5a (0xfb843783) ld      a5, -72(s0)
core   0: 3 0x000000008000ff5a (0xfb843783) x15 0x000000000000009c mem 0x0000000080031f28
core   0: 0x000000008000ff5e (0x000097ba) c.add   a5, a4
core   0: 3 0x000000008000ff5e (0x97ba) x15 0x00000000800120dc
core   0: 0x000000008000ff60 (0xfe043703) ld      a4, -32(s0)
core   0: 3 0x000000008000ff60 (0xfe043703) x14 0x00000000800120a7 mem 0x0000000080031f50
core   0: 0x000000008000ff64 (0xfcf76de3) bltu    a4, a5, pc - 38
core   0: 3 0x000000008000ff64 (0xfcf76de3)
core   0: 0x000000008000ff3e (0xfe043783) ld      a5, -32(s0)
core   0: 3 0x000000008000ff3e (0xfe043783) x15 0x00000000800120a7 mem 0x0000000080031f50
core   0: 0x000000008000ff42 (0x00178713) addi    a4, a5, 1
core   0: 3 0x000000008000ff42 (0x00178713) x14 0x00000000800120a8
core   0: 0x000000008000ff46 (0xfee43023) sd      a4, -32(s0)
core   0: 3 0x000000008000ff46 (0xfee43023) mem 0x0000000080031f50 0x00000000800120a8
core   0: 0x000000008000ff4a (0xfc442703) lw      a4, -60(s0)
core   0: 3 0x000000008000ff4a (0xfc442703) x14 0x0000000000000000 mem 0x0000000080031f34
core   0: 0x000000008000ff4e (0x0ff77713) andi    a4, a4, 255
core   0: 3 0x000000008000ff4e (0x0ff77713) x14 0x0000000000000000
core   0: 0x000000008000ff52 (0x00e78023) sb      a4, 0(a5)
core   0: 3 0x000000008000ff52 (0x00e78023) mem 0x00000000800120a7 0x00
core   0: 0x000000008000ff56 (0xfc843703) ld      a4, -56(s0)
core   0: 3 0x000000008000ff56 (0xfc843703) x14 0x0000000080012040 mem 0x0000000080031f38
core   0: 0x000000008000ff5a (0xfb843783) ld      a5, -72(s0)
core   0: 3 0x000000008000ff5a (0xfb843783) x15 0x000000000000009c mem 0x0000000080031f28
core   0: 0x000000008000ff5e (0x000097ba) c.add   a5, a4
core   0: 3 0x000000008000ff5e (0x97ba) x15 0x00000000800120dc
core   0: 0x000000008000ff60 (0xfe043703) ld      a4, -32(s0)
core   0: 3 0x000000008000ff60 (0xfe043703) x14 0x00000000800120a8 mem 0x0000000080031f50
core   0: 0x000000008000ff64 (0xfcf76de3) bltu    a4, a5, pc - 38
core   0: 3 0x000000008000ff64 (0xfcf76de3)
core   0: 0x000000008000ff3e (0xfe043783) ld      a5, -32(s0)
core   0: 3 0x000000008000ff3e (0xfe043783) x15 0x00000000800120a8 mem 0x0000000080031f50
core   0: 0x000000008000ff42 (0x00178713) addi    a4, a5, 1
core   0: 3 0x000000008000ff42 (0x00178713) x14 0x00000000800120a9
core   0: 0x000000008000ff46 (0xfee43023) sd      a4, -32(s0)
core   0: 3 0x000000008000ff46 (0xfee43023) mem 0x0000000080031f50 0x00000000800120a9
core   0: 0x000000008000ff4a (0xfc442703) lw      a4, -60(s0)
core   0: 3 0x000000008000ff4a (0xfc442703) x14 0x0000000000000000 mem 0x0000000080031f34
core   0: 0x000000008000ff4e (0x0ff77713) andi    a4, a4, 255
core   0: 3 0x000000008000ff4e (0x0ff77713) x14 0x0000000000000000
core   0: 0x000000008000ff52 (0x00e78023) sb      a4, 0(a5)
core   0: 3 0x000000008000ff52 (0x00e78023) mem 0x00000000800120a8 0x00
core   0: 0x000000008000ff56 (0xfc843703) ld      a4, -56(s0)
core   0: 3 0x000000008000ff56 (0xfc843703) x14 0x0000000080012040 mem 0x0000000080031f38
core   0: 0x000000008000ff5a (0xfb843783) ld      a5, -72(s0)
core   0: 3 0x000000008000ff5a (0xfb843783) x15 0x000000000000009c mem 0x0000000080031f28
core   0: 0x000000008000ff5e (0x000097ba) c.add   a5, a4
core   0: 3 0x000000008000ff5e (0x97ba) x15 0x00000000800120dc
core   0: 0x000000008000ff60 (0xfe043703) ld      a4, -32(s0)
core   0: 3 0x000000008000ff60 (0xfe043703) x14 0x00000000800120a9 mem 0x0000000080031f50
core   0: 0x000000008000ff64 (0xfcf76de3) bltu    a4, a5, pc - 38
core   0: 3 0x000000008000ff64 (0xfcf76de3)
core   0: 0x000000008000ff3e (0xfe043783) ld      a5, -32(s0)
core   0: 3 0x000000008000ff3e (0xfe043783) x15 0x00000000800120a9 mem 0x0000000080031f50
core   0: 0x000000008000ff42 (0x00178713) addi    a4, a5, 1
core   0: 3 0x000000008000ff42 (0x00178713) x14 0x00000000800120aa
core   0: 0x000000008000ff46 (0xfee43023) sd      a4, -32(s0)
core   0: 3 0x000000008000ff46 (0xfee43023) mem 0x0000000080031f50 0x00000000800120aa
core   0: 0x000000008000ff4a (0xfc442703) lw      a4, -60(s0)
core   0: 3 0x000000008000ff4a (0xfc442703) x14 0x0000000000000000 mem 0x0000000080031f34
core   0: 0x000000008000ff4e (0x0ff77713) andi    a4, a4, 255
core   0: 3 0x000000008000ff4e (0x0ff77713) x14 0x0000000000000000
core   0: 0x000000008000ff52 (0x00e78023) sb      a4, 0(a5)
core   0: 3 0x000000008000ff52 (0x00e78023) mem 0x00000000800120a9 0x00
core   0: 0x000000008000ff56 (0xfc843703) ld      a4, -56(s0)
core   0: 3 0x000000008000ff56 (0xfc843703) x14 0x0000000080012040 mem 0x0000000080031f38
core   0: 0x000000008000ff5a (0xfb843783) ld      a5, -72(s0)
core   0: 3 0x000000008000ff5a (0xfb843783) x15 0x000000000000009c mem 0x0000000080031f28
core   0: 0x000000008000ff5e (0x000097ba) c.add   a5, a4
core   0: 3 0x000000008000ff5e (0x97ba) x15 0x00000000800120dc
core   0: 0x000000008000ff60 (0xfe043703) ld      a4, -32(s0)
core   0: 3 0x000000008000ff60 (0xfe043703) x14 0x00000000800120aa mem 0x0000000080031f50
core   0: 0x000000008000ff64 (0xfcf76de3) bltu    a4, a5, pc - 38
core   0: 3 0x000000008000ff64 (0xfcf76de3)
core   0: 0x000000008000ff3e (0xfe043783) ld      a5, -32(s0)
core   0: 3 0x000000008000ff3e (0xfe043783) x15 0x00000000800120aa mem 0x0000000080031f50
core   0: 0x000000008000ff42 (0x00178713) addi    a4, a5, 1
core   0: 3 0x000000008000ff42 (0x00178713) x14 0x00000000800120ab
core   0: 0x000000008000ff46 (0xfee43023) sd      a4, -32(s0)
core   0: 3 0x000000008000ff46 (0xfee43023) mem 0x0000000080031f50 0x00000000800120ab
core   0: 0x000000008000ff4a (0xfc442703) lw      a4, -60(s0)
core   0: 3 0x000000008000ff4a (0xfc442703) x14 0x0000000000000000 mem 0x0000000080031f34
core   0: 0x000000008000ff4e (0x0ff77713) andi    a4, a4, 255
core   0: 3 0x000000008000ff4e (0x0ff77713) x14 0x0000000000000000
core   0: 0x000000008000ff52 (0x00e78023) sb      a4, 0(a5)
core   0: 3 0x000000008000ff52 (0x00e78023) mem 0x00000000800120aa 0x00
core   0: 0x000000008000ff56 (0xfc843703) ld      a4, -56(s0)
core   0: 3 0x000000008000ff56 (0xfc843703) x14 0x0000000080012040 mem 0x0000000080031f38
core   0: 0x000000008000ff5a (0xfb843783) ld      a5, -72(s0)
core   0: 3 0x000000008000ff5a (0xfb843783) x15 0x000000000000009c mem 0x0000000080031f28
core   0: 0x000000008000ff5e (0x000097ba) c.add   a5, a4
core   0: 3 0x000000008000ff5e (0x97ba) x15 0x00000000800120dc
core   0: 0x000000008000ff60 (0xfe043703) ld      a4, -32(s0)
core   0: 3 0x000000008000ff60 (0xfe043703) x14 0x00000000800120ab mem 0x0000000080031f50
core   0: 0x000000008000ff64 (0xfcf76de3) bltu    a4, a5, pc - 38
core   0: 3 0x000000008000ff64 (0xfcf76de3)
core   0: 0x000000008000ff3e (0xfe043783) ld      a5, -32(s0)
core   0: 3 0x000000008000ff3e (0xfe043783) x15 0x00000000800120ab mem 0x0000000080031f50
core   0: 0x000000008000ff42 (0x00178713) addi    a4, a5, 1
core   0: 3 0x000000008000ff42 (0x00178713) x14 0x00000000800120ac
core   0: 0x000000008000ff46 (0xfee43023) sd      a4, -32(s0)
core   0: 3 0x000000008000ff46 (0xfee43023) mem 0x0000000080031f50 0x00000000800120ac
core   0: 0x000000008000ff4a (0xfc442703) lw      a4, -60(s0)
core   0: 3 0x000000008000ff4a (0xfc442703) x14 0x0000000000000000 mem 0x0000000080031f34
core   0: 0x000000008000ff4e (0x0ff77713) andi    a4, a4, 255
core   0: 3 0x000000008000ff4e (0x0ff77713) x14 0x0000000000000000
core   0: 0x000000008000ff52 (0x00e78023) sb      a4, 0(a5)
core   0: 3 0x000000008000ff52 (0x00e78023) mem 0x00000000800120ab 0x00
core   0: 0x000000008000ff56 (0xfc843703) ld      a4, -56(s0)
core   0: 3 0x000000008000ff56 (0xfc843703) x14 0x0000000080012040 mem 0x0000000080031f38
core   0: 0x000000008000ff5a (0xfb843783) ld      a5, -72(s0)
core   0: 3 0x000000008000ff5a (0xfb843783) x15 0x000000000000009c mem 0x0000000080031f28
core   0: 0x000000008000ff5e (0x000097ba) c.add   a5, a4
core   0: 3 0x000000008000ff5e (0x97ba) x15 0x00000000800120dc
core   0: 0x000000008000ff60 (0xfe043703) ld      a4, -32(s0)
core   0: 3 0x000000008000ff60 (0xfe043703) x14 0x00000000800120ac mem 0x0000000080031f50
core   0: 0x000000008000ff64 (0xfcf76de3) bltu    a4, a5, pc - 38
core   0: 3 0x000000008000ff64 (0xfcf76de3)
core   0: 0x000000008000ff3e (0xfe043783) ld      a5, -32(s0)
core   0: 3 0x000000008000ff3e (0xfe043783) x15 0x00000000800120ac mem 0x0000000080031f50
core   0: 0x000000008000ff42 (0x00178713) addi    a4, a5, 1
core   0: 3 0x000000008000ff42 (0x00178713) x14 0x00000000800120ad
core   0: 0x000000008000ff46 (0xfee43023) sd      a4, -32(s0)
core   0: 3 0x000000008000ff46 (0xfee43023) mem 0x0000000080031f50 0x00000000800120ad
core   0: 0x000000008000ff4a (0xfc442703) lw      a4, -60(s0)
core   0: 3 0x000000008000ff4a (0xfc442703) x14 0x0000000000000000 mem 0x0000000080031f34
core   0: 0x000000008000ff4e (0x0ff77713) andi    a4, a4, 255
core   0: 3 0x000000008000ff4e (0x0ff77713) x14 0x0000000000000000
core   0: 0x000000008000ff52 (0x00e78023) sb      a4, 0(a5)
core   0: 3 0x000000008000ff52 (0x00e78023) mem 0x00000000800120ac 0x00
core   0: 0x000000008000ff56 (0xfc843703) ld      a4, -56(s0)
core   0: 3 0x000000008000ff56 (0xfc843703) x14 0x0000000080012040 mem 0x0000000080031f38
core   0: 0x000000008000ff5a (0xfb843783) ld      a5, -72(s0)
core   0: 3 0x000000008000ff5a (0xfb843783) x15 0x000000000000009c mem 0x0000000080031f28
core   0: 0x000000008000ff5e (0x000097ba) c.add   a5, a4
core   0: 3 0x000000008000ff5e (0x97ba) x15 0x00000000800120dc
core   0: 0x000000008000ff60 (0xfe043703) ld      a4, -32(s0)
core   0: 3 0x000000008000ff60 (0xfe043703) x14 0x00000000800120ad mem 0x0000000080031f50
core   0: 0x000000008000ff64 (0xfcf76de3) bltu    a4, a5, pc - 38
core   0: 3 0x000000008000ff64 (0xfcf76de3)
core   0: 0x000000008000ff3e (0xfe043783) ld      a5, -32(s0)
core   0: 3 0x000000008000ff3e (0xfe043783) x15 0x00000000800120ad mem 0x0000000080031f50
core   0: 0x000000008000ff42 (0x00178713) addi    a4, a5, 1
core   0: 3 0x000000008000ff42 (0x00178713) x14 0x00000000800120ae
core   0: 0x000000008000ff46 (0xfee43023) sd      a4, -32(s0)
core   0: 3 0x000000008000ff46 (0xfee43023) mem 0x0000000080031f50 0x00000000800120ae
core   0: 0x000000008000ff4a (0xfc442703) lw      a4, -60(s0)
core   0: 3 0x000000008000ff4a (0xfc442703) x14 0x0000000000000000 mem 0x0000000080031f34
core   0: 0x000000008000ff4e (0x0ff77713) andi    a4, a4, 255
core   0: 3 0x000000008000ff4e (0x0ff77713) x14 0x0000000000000000
core   0: 0x000000008000ff52 (0x00e78023) sb      a4, 0(a5)
core   0: 3 0x000000008000ff52 (0x00e78023) mem 0x00000000800120ad 0x00
core   0: 0x000000008000ff56 (0xfc843703) ld      a4, -56(s0)
core   0: 3 0x000000008000ff56 (0xfc843703) x14 0x0000000080012040 mem 0x0000000080031f38
core   0: 0x000000008000ff5a (0xfb843783) ld      a5, -72(s0)
core   0: 3 0x000000008000ff5a (0xfb843783) x15 0x000000000000009c mem 0x0000000080031f28
core   0: 0x000000008000ff5e (0x000097ba) c.add   a5, a4
core   0: 3 0x000000008000ff5e (0x97ba) x15 0x00000000800120dc
core   0: 0x000000008000ff60 (0xfe043703) ld      a4, -32(s0)
core   0: 3 0x000000008000ff60 (0xfe043703) x14 0x00000000800120ae mem 0x0000000080031f50
core   0: 0x000000008000ff64 (0xfcf76de3) bltu    a4, a5, pc - 38
core   0: 3 0x000000008000ff64 (0xfcf76de3)
core   0: 0x000000008000ff3e (0xfe043783) ld      a5, -32(s0)
core   0: 3 0x000000008000ff3e (0xfe043783) x15 0x00000000800120ae mem 0x0000000080031f50
core   0: 0x000000008000ff42 (0x00178713) addi    a4, a5, 1
core   0: 3 0x000000008000ff42 (0x00178713) x14 0x00000000800120af
core   0: 0x000000008000ff46 (0xfee43023) sd      a4, -32(s0)
core   0: 3 0x000000008000ff46 (0xfee43023) mem 0x0000000080031f50 0x00000000800120af
core   0: 0x000000008000ff4a (0xfc442703) lw      a4, -60(s0)
core   0: 3 0x000000008000ff4a (0xfc442703) x14 0x0000000000000000 mem 0x0000000080031f34
core   0: 0x000000008000ff4e (0x0ff77713) andi    a4, a4, 255
core   0: 3 0x000000008000ff4e (0x0ff77713) x14 0x0000000000000000
core   0: 0x000000008000ff52 (0x00e78023) sb      a4, 0(a5)
core   0: 3 0x000000008000ff52 (0x00e78023) mem 0x00000000800120ae 0x00
core   0: 0x000000008000ff56 (0xfc843703) ld      a4, -56(s0)
core   0: 3 0x000000008000ff56 (0xfc843703) x14 0x0000000080012040 mem 0x0000000080031f38
core   0: 0x000000008000ff5a (0xfb843783) ld      a5, -72(s0)
core   0: 3 0x000000008000ff5a (0xfb843783) x15 0x000000000000009c mem 0x0000000080031f28
core   0: 0x000000008000ff5e (0x000097ba) c.add   a5, a4
core   0: 3 0x000000008000ff5e (0x97ba) x15 0x00000000800120dc
core   0: 0x000000008000ff60 (0xfe043703) ld      a4, -32(s0)
core   0: 3 0x000000008000ff60 (0xfe043703) x14 0x00000000800120af mem 0x0000000080031f50
core   0: 0x000000008000ff64 (0xfcf76de3) bltu    a4, a5, pc - 38
core   0: 3 0x000000008000ff64 (0xfcf76de3)
core   0: 0x000000008000ff3e (0xfe043783) ld      a5, -32(s0)
core   0: 3 0x000000008000ff3e (0xfe043783) x15 0x00000000800120af mem 0x0000000080031f50
core   0: 0x000000008000ff42 (0x00178713) addi    a4, a5, 1
core   0: 3 0x000000008000ff42 (0x00178713) x14 0x00000000800120b0
core   0: 0x000000008000ff46 (0xfee43023) sd      a4, -32(s0)
core   0: 3 0x000000008000ff46 (0xfee43023) mem 0x0000000080031f50 0x00000000800120b0
core   0: 0x000000008000ff4a (0xfc442703) lw      a4, -60(s0)
core   0: 3 0x000000008000ff4a (0xfc442703) x14 0x0000000000000000 mem 0x0000000080031f34
core   0: 0x000000008000ff4e (0x0ff77713) andi    a4, a4, 255
core   0: 3 0x000000008000ff4e (0x0ff77713) x14 0x0000000000000000
core   0: 0x000000008000ff52 (0x00e78023) sb      a4, 0(a5)
core   0: 3 0x000000008000ff52 (0x00e78023) mem 0x00000000800120af 0x00
core   0: 0x000000008000ff56 (0xfc843703) ld      a4, -56(s0)
core   0: 3 0x000000008000ff56 (0xfc843703) x14 0x0000000080012040 mem 0x0000000080031f38
core   0: 0x000000008000ff5a (0xfb843783) ld      a5, -72(s0)
core   0: 3 0x000000008000ff5a (0xfb843783) x15 0x000000000000009c mem 0x0000000080031f28
core   0: 0x000000008000ff5e (0x000097ba) c.add   a5, a4
core   0: 3 0x000000008000ff5e (0x97ba) x15 0x00000000800120dc
core   0: 0x000000008000ff60 (0xfe043703) ld      a4, -32(s0)
core   0: 3 0x000000008000ff60 (0xfe043703) x14 0x00000000800120b0 mem 0x0000000080031f50
core   0: 0x000000008000ff64 (0xfcf76de3) bltu    a4, a5, pc - 38
core   0: 3 0x000000008000ff64 (0xfcf76de3)
core   0: 0x000000008000ff3e (0xfe043783) ld      a5, -32(s0)
core   0: 3 0x000000008000ff3e (0xfe043783) x15 0x00000000800120b0 mem 0x0000000080031f50
core   0: 0x000000008000ff42 (0x00178713) addi    a4, a5, 1
core   0: 3 0x000000008000ff42 (0x00178713) x14 0x00000000800120b1
core   0: 0x000000008000ff46 (0xfee43023) sd      a4, -32(s0)
core   0: 3 0x000000008000ff46 (0xfee43023) mem 0x0000000080031f50 0x00000000800120b1
core   0: 0x000000008000ff4a (0xfc442703) lw      a4, -60(s0)
core   0: 3 0x000000008000ff4a (0xfc442703) x14 0x0000000000000000 mem 0x0000000080031f34
core   0: 0x000000008000ff4e (0x0ff77713) andi    a4, a4, 255
core   0: 3 0x000000008000ff4e (0x0ff77713) x14 0x0000000000000000
core   0: 0x000000008000ff52 (0x00e78023) sb      a4, 0(a5)
core   0: 3 0x000000008000ff52 (0x00e78023) mem 0x00000000800120b0 0x00
core   0: 0x000000008000ff56 (0xfc843703) ld      a4, -56(s0)
core   0: 3 0x000000008000ff56 (0xfc843703) x14 0x0000000080012040 mem 0x0000000080031f38
core   0: 0x000000008000ff5a (0xfb843783) ld      a5, -72(s0)
core   0: 3 0x000000008000ff5a (0xfb843783) x15 0x000000000000009c mem 0x0000000080031f28
core   0: 0x000000008000ff5e (0x000097ba) c.add   a5, a4
core   0: 3 0x000000008000ff5e (0x97ba) x15 0x00000000800120dc
core   0: 0x000000008000ff60 (0xfe043703) ld      a4, -32(s0)
core   0: 3 0x000000008000ff60 (0xfe043703) x14 0x00000000800120b1 mem 0x0000000080031f50
core   0: 0x000000008000ff64 (0xfcf76de3) bltu    a4, a5, pc - 38
core   0: 3 0x000000008000ff64 (0xfcf76de3)
core   0: 0x000000008000ff3e (0xfe043783) ld      a5, -32(s0)
core   0: 3 0x000000008000ff3e (0xfe043783) x15 0x00000000800120b1 mem 0x0000000080031f50
core   0: 0x000000008000ff42 (0x00178713) addi    a4, a5, 1
core   0: 3 0x000000008000ff42 (0x00178713) x14 0x00000000800120b2
core   0: 0x000000008000ff46 (0xfee43023) sd      a4, -32(s0)
core   0: 3 0x000000008000ff46 (0xfee43023) mem 0x0000000080031f50 0x00000000800120b2
core   0: 0x000000008000ff4a (0xfc442703) lw      a4, -60(s0)
core   0: 3 0x000000008000ff4a (0xfc442703) x14 0x0000000000000000 mem 0x0000000080031f34
core   0: 0x000000008000ff4e (0x0ff77713) andi    a4, a4, 255
core   0: 3 0x000000008000ff4e (0x0ff77713) x14 0x0000000000000000
core   0: 0x000000008000ff52 (0x00e78023) sb      a4, 0(a5)
core   0: 3 0x000000008000ff52 (0x00e78023) mem 0x00000000800120b1 0x00
core   0: 0x000000008000ff56 (0xfc843703) ld      a4, -56(s0)
core   0: 3 0x000000008000ff56 (0xfc843703) x14 0x0000000080012040 mem 0x0000000080031f38
core   0: 0x000000008000ff5a (0xfb843783) ld      a5, -72(s0)
core   0: 3 0x000000008000ff5a (0xfb843783) x15 0x000000000000009c mem 0x0000000080031f28
core   0: 0x000000008000ff5e (0x000097ba) c.add   a5, a4
core   0: 3 0x000000008000ff5e (0x97ba) x15 0x00000000800120dc
core   0: 0x000000008000ff60 (0xfe043703) ld      a4, -32(s0)
core   0: 3 0x000000008000ff60 (0xfe043703) x14 0x00000000800120b2 mem 0x0000000080031f50
core   0: 0x000000008000ff64 (0xfcf76de3) bltu    a4, a5, pc - 38
core   0: 3 0x000000008000ff64 (0xfcf76de3)
core   0: 0x000000008000ff3e (0xfe043783) ld      a5, -32(s0)
core   0: 3 0x000000008000ff3e (0xfe043783) x15 0x00000000800120b2 mem 0x0000000080031f50
core   0: 0x000000008000ff42 (0x00178713) addi    a4, a5, 1
core   0: 3 0x000000008000ff42 (0x00178713) x14 0x00000000800120b3
core   0: 0x000000008000ff46 (0xfee43023) sd      a4, -32(s0)
core   0: 3 0x000000008000ff46 (0xfee43023) mem 0x0000000080031f50 0x00000000800120b3
core   0: 0x000000008000ff4a (0xfc442703) lw      a4, -60(s0)
core   0: 3 0x000000008000ff4a (0xfc442703) x14 0x0000000000000000 mem 0x0000000080031f34
core   0: 0x000000008000ff4e (0x0ff77713) andi    a4, a4, 255
core   0: 3 0x000000008000ff4e (0x0ff77713) x14 0x0000000000000000
core   0: 0x000000008000ff52 (0x00e78023) sb      a4, 0(a5)
core   0: 3 0x000000008000ff52 (0x00e78023) mem 0x00000000800120b2 0x00
core   0: 0x000000008000ff56 (0xfc843703) ld      a4, -56(s0)
core   0: 3 0x000000008000ff56 (0xfc843703) x14 0x0000000080012040 mem 0x0000000080031f38
core   0: 0x000000008000ff5a (0xfb843783) ld      a5, -72(s0)
core   0: 3 0x000000008000ff5a (0xfb843783) x15 0x000000000000009c mem 0x0000000080031f28
core   0: 0x000000008000ff5e (0x000097ba) c.add   a5, a4
core   0: 3 0x000000008000ff5e (0x97ba) x15 0x00000000800120dc
core   0: 0x000000008000ff60 (0xfe043703) ld      a4, -32(s0)
core   0: 3 0x000000008000ff60 (0xfe043703) x14 0x00000000800120b3 mem 0x0000000080031f50
core   0: 0x000000008000ff64 (0xfcf76de3) bltu    a4, a5, pc - 38
core   0: 3 0x000000008000ff64 (0xfcf76de3)
core   0: 0x000000008000ff3e (0xfe043783) ld      a5, -32(s0)
core   0: 3 0x000000008000ff3e (0xfe043783) x15 0x00000000800120b3 mem 0x0000000080031f50
core   0: 0x000000008000ff42 (0x00178713) addi    a4, a5, 1
core   0: 3 0x000000008000ff42 (0x00178713) x14 0x00000000800120b4
core   0: 0x000000008000ff46 (0xfee43023) sd      a4, -32(s0)
core   0: 3 0x000000008000ff46 (0xfee43023) mem 0x0000000080031f50 0x00000000800120b4
core   0: 0x000000008000ff4a (0xfc442703) lw      a4, -60(s0)
core   0: 3 0x000000008000ff4a (0xfc442703) x14 0x0000000000000000 mem 0x0000000080031f34
core   0: 0x000000008000ff4e (0x0ff77713) andi    a4, a4, 255
core   0: 3 0x000000008000ff4e (0x0ff77713) x14 0x0000000000000000
core   0: 0x000000008000ff52 (0x00e78023) sb      a4, 0(a5)
core   0: 3 0x000000008000ff52 (0x00e78023) mem 0x00000000800120b3 0x00
core   0: 0x000000008000ff56 (0xfc843703) ld      a4, -56(s0)
core   0: 3 0x000000008000ff56 (0xfc843703) x14 0x0000000080012040 mem 0x0000000080031f38
core   0: 0x000000008000ff5a (0xfb843783) ld      a5, -72(s0)
core   0: 3 0x000000008000ff5a (0xfb843783) x15 0x000000000000009c mem 0x0000000080031f28
core   0: 0x000000008000ff5e (0x000097ba) c.add   a5, a4
core   0: 3 0x000000008000ff5e (0x97ba) x15 0x00000000800120dc
core   0: 0x000000008000ff60 (0xfe043703) ld      a4, -32(s0)
core   0: 3 0x000000008000ff60 (0xfe043703) x14 0x00000000800120b4 mem 0x0000000080031f50
core   0: 0x000000008000ff64 (0xfcf76de3) bltu    a4, a5, pc - 38
core   0: 3 0x000000008000ff64 (0xfcf76de3)
core   0: 0x000000008000ff3e (0xfe043783) ld      a5, -32(s0)
core   0: 3 0x000000008000ff3e (0xfe043783) x15 0x00000000800120b4 mem 0x0000000080031f50
core   0: 0x000000008000ff42 (0x00178713) addi    a4, a5, 1
core   0: 3 0x000000008000ff42 (0x00178713) x14 0x00000000800120b5
core   0: 0x000000008000ff46 (0xfee43023) sd      a4, -32(s0)
core   0: 3 0x000000008000ff46 (0xfee43023) mem 0x0000000080031f50 0x00000000800120b5
core   0: 0x000000008000ff4a (0xfc442703) lw      a4, -60(s0)
core   0: 3 0x000000008000ff4a (0xfc442703) x14 0x0000000000000000 mem 0x0000000080031f34
core   0: 0x000000008000ff4e (0x0ff77713) andi    a4, a4, 255
core   0: 3 0x000000008000ff4e (0x0ff77713) x14 0x0000000000000000
core   0: 0x000000008000ff52 (0x00e78023) sb      a4, 0(a5)
core   0: 3 0x000000008000ff52 (0x00e78023) mem 0x00000000800120b4 0x00
core   0: 0x000000008000ff56 (0xfc843703) ld      a4, -56(s0)
core   0: 3 0x000000008000ff56 (0xfc843703) x14 0x0000000080012040 mem 0x0000000080031f38
core   0: 0x000000008000ff5a (0xfb843783) ld      a5, -72(s0)
core   0: 3 0x000000008000ff5a (0xfb843783) x15 0x000000000000009c mem 0x0000000080031f28
core   0: 0x000000008000ff5e (0x000097ba) c.add   a5, a4
core   0: 3 0x000000008000ff5e (0x97ba) x15 0x00000000800120dc
core   0: 0x000000008000ff60 (0xfe043703) ld      a4, -32(s0)
core   0: 3 0x000000008000ff60 (0xfe043703) x14 0x00000000800120b5 mem 0x0000000080031f50
core   0: 0x000000008000ff64 (0xfcf76de3) bltu    a4, a5, pc - 38
core   0: 3 0x000000008000ff64 (0xfcf76de3)
core   0: 0x000000008000ff3e (0xfe043783) ld      a5, -32(s0)
core   0: 3 0x000000008000ff3e (0xfe043783) x15 0x00000000800120b5 mem 0x0000000080031f50
core   0: 0x000000008000ff42 (0x00178713) addi    a4, a5, 1
core   0: 3 0x000000008000ff42 (0x00178713) x14 0x00000000800120b6
core   0: 0x000000008000ff46 (0xfee43023) sd      a4, -32(s0)
core   0: 3 0x000000008000ff46 (0xfee43023) mem 0x0000000080031f50 0x00000000800120b6
core   0: 0x000000008000ff4a (0xfc442703) lw      a4, -60(s0)
core   0: 3 0x000000008000ff4a (0xfc442703) x14 0x0000000000000000 mem 0x0000000080031f34
core   0: 0x000000008000ff4e (0x0ff77713) andi    a4, a4, 255
core   0: 3 0x000000008000ff4e (0x0ff77713) x14 0x0000000000000000
core   0: 0x000000008000ff52 (0x00e78023) sb      a4, 0(a5)
core   0: 3 0x000000008000ff52 (0x00e78023) mem 0x00000000800120b5 0x00
core   0: 0x000000008000ff56 (0xfc843703) ld      a4, -56(s0)
core   0: 3 0x000000008000ff56 (0xfc843703) x14 0x0000000080012040 mem 0x0000000080031f38
core   0: 0x000000008000ff5a (0xfb843783) ld      a5, -72(s0)
core   0: 3 0x000000008000ff5a (0xfb843783) x15 0x000000000000009c mem 0x0000000080031f28
core   0: 0x000000008000ff5e (0x000097ba) c.add   a5, a4
core   0: 3 0x000000008000ff5e (0x97ba) x15 0x00000000800120dc
core   0: 0x000000008000ff60 (0xfe043703) ld      a4, -32(s0)
core   0: 3 0x000000008000ff60 (0xfe043703) x14 0x00000000800120b6 mem 0x0000000080031f50
core   0: 0x000000008000ff64 (0xfcf76de3) bltu    a4, a5, pc - 38
core   0: 3 0x000000008000ff64 (0xfcf76de3)
core   0: 0x000000008000ff3e (0xfe043783) ld      a5, -32(s0)
core   0: 3 0x000000008000ff3e (0xfe043783) x15 0x00000000800120b6 mem 0x0000000080031f50
core   0: 0x000000008000ff42 (0x00178713) addi    a4, a5, 1
core   0: 3 0x000000008000ff42 (0x00178713) x14 0x00000000800120b7
core   0: 0x000000008000ff46 (0xfee43023) sd      a4, -32(s0)
core   0: 3 0x000000008000ff46 (0xfee43023) mem 0x0000000080031f50 0x00000000800120b7
core   0: 0x000000008000ff4a (0xfc442703) lw      a4, -60(s0)
core   0: 3 0x000000008000ff4a (0xfc442703) x14 0x0000000000000000 mem 0x0000000080031f34
core   0: 0x000000008000ff4e (0x0ff77713) andi    a4, a4, 255
core   0: 3 0x000000008000ff4e (0x0ff77713) x14 0x0000000000000000
core   0: 0x000000008000ff52 (0x00e78023) sb      a4, 0(a5)
core   0: 3 0x000000008000ff52 (0x00e78023) mem 0x00000000800120b6 0x00
core   0: 0x000000008000ff56 (0xfc843703) ld      a4, -56(s0)
core   0: 3 0x000000008000ff56 (0xfc843703) x14 0x0000000080012040 mem 0x0000000080031f38
core   0: 0x000000008000ff5a (0xfb843783) ld      a5, -72(s0)
core   0: 3 0x000000008000ff5a (0xfb843783) x15 0x000000000000009c mem 0x0000000080031f28
core   0: 0x000000008000ff5e (0x000097ba) c.add   a5, a4
core   0: 3 0x000000008000ff5e (0x97ba) x15 0x00000000800120dc
core   0: 0x000000008000ff60 (0xfe043703) ld      a4, -32(s0)
core   0: 3 0x000000008000ff60 (0xfe043703) x14 0x00000000800120b7 mem 0x0000000080031f50
core   0: 0x000000008000ff64 (0xfcf76de3) bltu    a4, a5, pc - 38
core   0: 3 0x000000008000ff64 (0xfcf76de3)
core   0: 0x000000008000ff3e (0xfe043783) ld      a5, -32(s0)
core   0: 3 0x000000008000ff3e (0xfe043783) x15 0x00000000800120b7 mem 0x0000000080031f50
core   0: 0x000000008000ff42 (0x00178713) addi    a4, a5, 1
core   0: 3 0x000000008000ff42 (0x00178713) x14 0x00000000800120b8
core   0: 0x000000008000ff46 (0xfee43023) sd      a4, -32(s0)
core   0: 3 0x000000008000ff46 (0xfee43023) mem 0x0000000080031f50 0x00000000800120b8
core   0: 0x000000008000ff4a (0xfc442703) lw      a4, -60(s0)
core   0: 3 0x000000008000ff4a (0xfc442703) x14 0x0000000000000000 mem 0x0000000080031f34
core   0: 0x000000008000ff4e (0x0ff77713) andi    a4, a4, 255
core   0: 3 0x000000008000ff4e (0x0ff77713) x14 0x0000000000000000
core   0: 0x000000008000ff52 (0x00e78023) sb      a4, 0(a5)
core   0: 3 0x000000008000ff52 (0x00e78023) mem 0x00000000800120b7 0x00
core   0: 0x000000008000ff56 (0xfc843703) ld      a4, -56(s0)
core   0: 3 0x000000008000ff56 (0xfc843703) x14 0x0000000080012040 mem 0x0000000080031f38
core   0: 0x000000008000ff5a (0xfb843783) ld      a5, -72(s0)
core   0: 3 0x000000008000ff5a (0xfb843783) x15 0x000000000000009c mem 0x0000000080031f28
core   0: 0x000000008000ff5e (0x000097ba) c.add   a5, a4
core   0: 3 0x000000008000ff5e (0x97ba) x15 0x00000000800120dc
core   0: 0x000000008000ff60 (0xfe043703) ld      a4, -32(s0)
core   0: 3 0x000000008000ff60 (0xfe043703) x14 0x00000000800120b8 mem 0x0000000080031f50
core   0: 0x000000008000ff64 (0xfcf76de3) bltu    a4, a5, pc - 38
core   0: 3 0x000000008000ff64 (0xfcf76de3)
core   0: 0x000000008000ff3e (0xfe043783) ld      a5, -32(s0)
core   0: 3 0x000000008000ff3e (0xfe043783) x15 0x00000000800120b8 mem 0x0000000080031f50
core   0: 0x000000008000ff42 (0x00178713) addi    a4, a5, 1
core   0: 3 0x000000008000ff42 (0x00178713) x14 0x00000000800120b9
core   0: 0x000000008000ff46 (0xfee43023) sd      a4, -32(s0)
core   0: 3 0x000000008000ff46 (0xfee43023) mem 0x0000000080031f50 0x00000000800120b9
core   0: 0x000000008000ff4a (0xfc442703) lw      a4, -60(s0)
core   0: 3 0x000000008000ff4a (0xfc442703) x14 0x0000000000000000 mem 0x0000000080031f34
core   0: 0x000000008000ff4e (0x0ff77713) andi    a4, a4, 255
core   0: 3 0x000000008000ff4e (0x0ff77713) x14 0x0000000000000000
core   0: 0x000000008000ff52 (0x00e78023) sb      a4, 0(a5)
core   0: 3 0x000000008000ff52 (0x00e78023) mem 0x00000000800120b8 0x00
core   0: 0x000000008000ff56 (0xfc843703) ld      a4, -56(s0)
core   0: 3 0x000000008000ff56 (0xfc843703) x14 0x0000000080012040 mem 0x0000000080031f38
core   0: 0x000000008000ff5a (0xfb843783) ld      a5, -72(s0)
core   0: 3 0x000000008000ff5a (0xfb843783) x15 0x000000000000009c mem 0x0000000080031f28
core   0: 0x000000008000ff5e (0x000097ba) c.add   a5, a4
core   0: 3 0x000000008000ff5e (0x97ba) x15 0x00000000800120dc
core   0: 0x000000008000ff60 (0xfe043703) ld      a4, -32(s0)
core   0: 3 0x000000008000ff60 (0xfe043703) x14 0x00000000800120b9 mem 0x0000000080031f50
core   0: 0x000000008000ff64 (0xfcf76de3) bltu    a4, a5, pc - 38
core   0: 3 0x000000008000ff64 (0xfcf76de3)
core   0: 0x000000008000ff3e (0xfe043783) ld      a5, -32(s0)
core   0: 3 0x000000008000ff3e (0xfe043783) x15 0x00000000800120b9 mem 0x0000000080031f50
core   0: 0x000000008000ff42 (0x00178713) addi    a4, a5, 1
core   0: 3 0x000000008000ff42 (0x00178713) x14 0x00000000800120ba
core   0: 0x000000008000ff46 (0xfee43023) sd      a4, -32(s0)
core   0: 3 0x000000008000ff46 (0xfee43023) mem 0x0000000080031f50 0x00000000800120ba
core   0: 0x000000008000ff4a (0xfc442703) lw      a4, -60(s0)
core   0: 3 0x000000008000ff4a (0xfc442703) x14 0x0000000000000000 mem 0x0000000080031f34
core   0: 0x000000008000ff4e (0x0ff77713) andi    a4, a4, 255
core   0: 3 0x000000008000ff4e (0x0ff77713) x14 0x0000000000000000
core   0: 0x000000008000ff52 (0x00e78023) sb      a4, 0(a5)
core   0: 3 0x000000008000ff52 (0x00e78023) mem 0x00000000800120b9 0x00
core   0: 0x000000008000ff56 (0xfc843703) ld      a4, -56(s0)
core   0: 3 0x000000008000ff56 (0xfc843703) x14 0x0000000080012040 mem 0x0000000080031f38
core   0: 0x000000008000ff5a (0xfb843783) ld      a5, -72(s0)
core   0: 3 0x000000008000ff5a (0xfb843783) x15 0x000000000000009c mem 0x0000000080031f28
core   0: 0x000000008000ff5e (0x000097ba) c.add   a5, a4
core   0: 3 0x000000008000ff5e (0x97ba) x15 0x00000000800120dc
core   0: 0x000000008000ff60 (0xfe043703) ld      a4, -32(s0)
core   0: 3 0x000000008000ff60 (0xfe043703) x14 0x00000000800120ba mem 0x0000000080031f50
core   0: 0x000000008000ff64 (0xfcf76de3) bltu    a4, a5, pc - 38
core   0: 3 0x000000008000ff64 (0xfcf76de3)
core   0: 0x000000008000ff3e (0xfe043783) ld      a5, -32(s0)
core   0: 3 0x000000008000ff3e (0xfe043783) x15 0x00000000800120ba mem 0x0000000080031f50
core   0: 0x000000008000ff42 (0x00178713) addi    a4, a5, 1
core   0: 3 0x000000008000ff42 (0x00178713) x14 0x00000000800120bb
core   0: 0x000000008000ff46 (0xfee43023) sd      a4, -32(s0)
core   0: 3 0x000000008000ff46 (0xfee43023) mem 0x0000000080031f50 0x00000000800120bb
core   0: 0x000000008000ff4a (0xfc442703) lw      a4, -60(s0)
core   0: 3 0x000000008000ff4a (0xfc442703) x14 0x0000000000000000 mem 0x0000000080031f34
core   0: 0x000000008000ff4e (0x0ff77713) andi    a4, a4, 255
core   0: 3 0x000000008000ff4e (0x0ff77713) x14 0x0000000000000000
core   0: 0x000000008000ff52 (0x00e78023) sb      a4, 0(a5)
core   0: 3 0x000000008000ff52 (0x00e78023) mem 0x00000000800120ba 0x00
core   0: 0x000000008000ff56 (0xfc843703) ld      a4, -56(s0)
core   0: 3 0x000000008000ff56 (0xfc843703) x14 0x0000000080012040 mem 0x0000000080031f38
core   0: 0x000000008000ff5a (0xfb843783) ld      a5, -72(s0)
core   0: 3 0x000000008000ff5a (0xfb843783) x15 0x000000000000009c mem 0x0000000080031f28
core   0: 0x000000008000ff5e (0x000097ba) c.add   a5, a4
core   0: 3 0x000000008000ff5e (0x97ba) x15 0x00000000800120dc
core   0: 0x000000008000ff60 (0xfe043703) ld      a4, -32(s0)
core   0: 3 0x000000008000ff60 (0xfe043703) x14 0x00000000800120bb mem 0x0000000080031f50
core   0: 0x000000008000ff64 (0xfcf76de3) bltu    a4, a5, pc - 38
core   0: 3 0x000000008000ff64 (0xfcf76de3)
core   0: 0x000000008000ff3e (0xfe043783) ld      a5, -32(s0)
core   0: 3 0x000000008000ff3e (0xfe043783) x15 0x00000000800120bb mem 0x0000000080031f50
core   0: 0x000000008000ff42 (0x00178713) addi    a4, a5, 1
core   0: 3 0x000000008000ff42 (0x00178713) x14 0x00000000800120bc
core   0: 0x000000008000ff46 (0xfee43023) sd      a4, -32(s0)
core   0: 3 0x000000008000ff46 (0xfee43023) mem 0x0000000080031f50 0x00000000800120bc
core   0: 0x000000008000ff4a (0xfc442703) lw      a4, -60(s0)
core   0: 3 0x000000008000ff4a (0xfc442703) x14 0x0000000000000000 mem 0x0000000080031f34
core   0: 0x000000008000ff4e (0x0ff77713) andi    a4, a4, 255
core   0: 3 0x000000008000ff4e (0x0ff77713) x14 0x0000000000000000
core   0: 0x000000008000ff52 (0x00e78023) sb      a4, 0(a5)
core   0: 3 0x000000008000ff52 (0x00e78023) mem 0x00000000800120bb 0x00
core   0: 0x000000008000ff56 (0xfc843703) ld      a4, -56(s0)
core   0: 3 0x000000008000ff56 (0xfc843703) x14 0x0000000080012040 mem 0x0000000080031f38
core   0: 0x000000008000ff5a (0xfb843783) ld      a5, -72(s0)
core   0: 3 0x000000008000ff5a (0xfb843783) x15 0x000000000000009c mem 0x0000000080031f28
core   0: 0x000000008000ff5e (0x000097ba) c.add   a5, a4
core   0: 3 0x000000008000ff5e (0x97ba) x15 0x00000000800120dc
core   0: 0x000000008000ff60 (0xfe043703) ld      a4, -32(s0)
core   0: 3 0x000000008000ff60 (0xfe043703) x14 0x00000000800120bc mem 0x0000000080031f50
core   0: 0x000000008000ff64 (0xfcf76de3) bltu    a4, a5, pc - 38
core   0: 3 0x000000008000ff64 (0xfcf76de3)
core   0: 0x000000008000ff3e (0xfe043783) ld      a5, -32(s0)
core   0: 3 0x000000008000ff3e (0xfe043783) x15 0x00000000800120bc mem 0x0000000080031f50
core   0: 0x000000008000ff42 (0x00178713) addi    a4, a5, 1
core   0: 3 0x000000008000ff42 (0x00178713) x14 0x00000000800120bd
core   0: 0x000000008000ff46 (0xfee43023) sd      a4, -32(s0)
core   0: 3 0x000000008000ff46 (0xfee43023) mem 0x0000000080031f50 0x00000000800120bd
core   0: 0x000000008000ff4a (0xfc442703) lw      a4, -60(s0)
core   0: 3 0x000000008000ff4a (0xfc442703) x14 0x0000000000000000 mem 0x0000000080031f34
core   0: 0x000000008000ff4e (0x0ff77713) andi    a4, a4, 255
core   0: 3 0x000000008000ff4e (0x0ff77713) x14 0x0000000000000000
core   0: 0x000000008000ff52 (0x00e78023) sb      a4, 0(a5)
core   0: 3 0x000000008000ff52 (0x00e78023) mem 0x00000000800120bc 0x00
core   0: 0x000000008000ff56 (0xfc843703) ld      a4, -56(s0)
core   0: 3 0x000000008000ff56 (0xfc843703) x14 0x0000000080012040 mem 0x0000000080031f38
core   0: 0x000000008000ff5a (0xfb843783) ld      a5, -72(s0)
core   0: 3 0x000000008000ff5a (0xfb843783) x15 0x000000000000009c mem 0x0000000080031f28
core   0: 0x000000008000ff5e (0x000097ba) c.add   a5, a4
core   0: 3 0x000000008000ff5e (0x97ba) x15 0x00000000800120dc
core   0: 0x000000008000ff60 (0xfe043703) ld      a4, -32(s0)
core   0: 3 0x000000008000ff60 (0xfe043703) x14 0x00000000800120bd mem 0x0000000080031f50
core   0: 0x000000008000ff64 (0xfcf76de3) bltu    a4, a5, pc - 38
core   0: 3 0x000000008000ff64 (0xfcf76de3)
core   0: 0x000000008000ff3e (0xfe043783) ld      a5, -32(s0)
core   0: 3 0x000000008000ff3e (0xfe043783) x15 0x00000000800120bd mem 0x0000000080031f50
core   0: 0x000000008000ff42 (0x00178713) addi    a4, a5, 1
core   0: 3 0x000000008000ff42 (0x00178713) x14 0x00000000800120be
core   0: 0x000000008000ff46 (0xfee43023) sd      a4, -32(s0)
core   0: 3 0x000000008000ff46 (0xfee43023) mem 0x0000000080031f50 0x00000000800120be
core   0: 0x000000008000ff4a (0xfc442703) lw      a4, -60(s0)
core   0: 3 0x000000008000ff4a (0xfc442703) x14 0x0000000000000000 mem 0x0000000080031f34
core   0: 0x000000008000ff4e (0x0ff77713) andi    a4, a4, 255
core   0: 3 0x000000008000ff4e (0x0ff77713) x14 0x0000000000000000
core   0: 0x000000008000ff52 (0x00e78023) sb      a4, 0(a5)
core   0: 3 0x000000008000ff52 (0x00e78023) mem 0x00000000800120bd 0x00
core   0: 0x000000008000ff56 (0xfc843703) ld      a4, -56(s0)
core   0: 3 0x000000008000ff56 (0xfc843703) x14 0x0000000080012040 mem 0x0000000080031f38
core   0: 0x000000008000ff5a (0xfb843783) ld      a5, -72(s0)
core   0: 3 0x000000008000ff5a (0xfb843783) x15 0x000000000000009c mem 0x0000000080031f28
core   0: 0x000000008000ff5e (0x000097ba) c.add   a5, a4
core   0: 3 0x000000008000ff5e (0x97ba) x15 0x00000000800120dc
core   0: 0x000000008000ff60 (0xfe043703) ld      a4, -32(s0)
core   0: 3 0x000000008000ff60 (0xfe043703) x14 0x00000000800120be mem 0x0000000080031f50
core   0: 0x000000008000ff64 (0xfcf76de3) bltu    a4, a5, pc - 38
core   0: 3 0x000000008000ff64 (0xfcf76de3)
core   0: 0x000000008000ff3e (0xfe043783) ld      a5, -32(s0)
core   0: 3 0x000000008000ff3e (0xfe043783) x15 0x00000000800120be mem 0x0000000080031f50
core   0: 0x000000008000ff42 (0x00178713) addi    a4, a5, 1
core   0: 3 0x000000008000ff42 (0x00178713) x14 0x00000000800120bf
core   0: 0x000000008000ff46 (0xfee43023) sd      a4, -32(s0)
core   0: 3 0x000000008000ff46 (0xfee43023) mem 0x0000000080031f50 0x00000000800120bf
core   0: 0x000000008000ff4a (0xfc442703) lw      a4, -60(s0)
core   0: 3 0x000000008000ff4a (0xfc442703) x14 0x0000000000000000 mem 0x0000000080031f34
core   0: 0x000000008000ff4e (0x0ff77713) andi    a4, a4, 255
core   0: 3 0x000000008000ff4e (0x0ff77713) x14 0x0000000000000000
core   0: 0x000000008000ff52 (0x00e78023) sb      a4, 0(a5)
core   0: 3 0x000000008000ff52 (0x00e78023) mem 0x00000000800120be 0x00
core   0: 0x000000008000ff56 (0xfc843703) ld      a4, -56(s0)
core   0: 3 0x000000008000ff56 (0xfc843703) x14 0x0000000080012040 mem 0x0000000080031f38
core   0: 0x000000008000ff5a (0xfb843783) ld      a5, -72(s0)
core   0: 3 0x000000008000ff5a (0xfb843783) x15 0x000000000000009c mem 0x0000000080031f28
core   0: 0x000000008000ff5e (0x000097ba) c.add   a5, a4
core   0: 3 0x000000008000ff5e (0x97ba) x15 0x00000000800120dc
core   0: 0x000000008000ff60 (0xfe043703) ld      a4, -32(s0)
core   0: 3 0x000000008000ff60 (0xfe043703) x14 0x00000000800120bf mem 0x0000000080031f50
core   0: 0x000000008000ff64 (0xfcf76de3) bltu    a4, a5, pc - 38
core   0: 3 0x000000008000ff64 (0xfcf76de3)
core   0: 0x000000008000ff3e (0xfe043783) ld      a5, -32(s0)
core   0: 3 0x000000008000ff3e (0xfe043783) x15 0x00000000800120bf mem 0x0000000080031f50
core   0: 0x000000008000ff42 (0x00178713) addi    a4, a5, 1
core   0: 3 0x000000008000ff42 (0x00178713) x14 0x00000000800120c0
core   0: 0x000000008000ff46 (0xfee43023) sd      a4, -32(s0)
core   0: 3 0x000000008000ff46 (0xfee43023) mem 0x0000000080031f50 0x00000000800120c0
core   0: 0x000000008000ff4a (0xfc442703) lw      a4, -60(s0)
core   0: 3 0x000000008000ff4a (0xfc442703) x14 0x0000000000000000 mem 0x0000000080031f34
core   0: 0x000000008000ff4e (0x0ff77713) andi    a4, a4, 255
core   0: 3 0x000000008000ff4e (0x0ff77713) x14 0x0000000000000000
core   0: 0x000000008000ff52 (0x00e78023) sb      a4, 0(a5)
core   0: 3 0x000000008000ff52 (0x00e78023) mem 0x00000000800120bf 0x00
core   0: 0x000000008000ff56 (0xfc843703) ld      a4, -56(s0)
core   0: 3 0x000000008000ff56 (0xfc843703) x14 0x0000000080012040 mem 0x0000000080031f38
core   0: 0x000000008000ff5a (0xfb843783) ld      a5, -72(s0)
core   0: 3 0x000000008000ff5a (0xfb843783) x15 0x000000000000009c mem 0x0000000080031f28
core   0: 0x000000008000ff5e (0x000097ba) c.add   a5, a4
core   0: 3 0x000000008000ff5e (0x97ba) x15 0x00000000800120dc
core   0: 0x000000008000ff60 (0xfe043703) ld      a4, -32(s0)
core   0: 3 0x000000008000ff60 (0xfe043703) x14 0x00000000800120c0 mem 0x0000000080031f50
core   0: 0x000000008000ff64 (0xfcf76de3) bltu    a4, a5, pc - 38
core   0: 3 0x000000008000ff64 (0xfcf76de3)
core   0: 0x000000008000ff3e (0xfe043783) ld      a5, -32(s0)
core   0: 3 0x000000008000ff3e (0xfe043783) x15 0x00000000800120c0 mem 0x0000000080031f50
core   0: 0x000000008000ff42 (0x00178713) addi    a4, a5, 1
core   0: 3 0x000000008000ff42 (0x00178713) x14 0x00000000800120c1
core   0: 0x000000008000ff46 (0xfee43023) sd      a4, -32(s0)
core   0: 3 0x000000008000ff46 (0xfee43023) mem 0x0000000080031f50 0x00000000800120c1
core   0: 0x000000008000ff4a (0xfc442703) lw      a4, -60(s0)
core   0: 3 0x000000008000ff4a (0xfc442703) x14 0x0000000000000000 mem 0x0000000080031f34
core   0: 0x000000008000ff4e (0x0ff77713) andi    a4, a4, 255
core   0: 3 0x000000008000ff4e (0x0ff77713) x14 0x0000000000000000
core   0: 0x000000008000ff52 (0x00e78023) sb      a4, 0(a5)
core   0: 3 0x000000008000ff52 (0x00e78023) mem 0x00000000800120c0 0x00
core   0: 0x000000008000ff56 (0xfc843703) ld      a4, -56(s0)
core   0: 3 0x000000008000ff56 (0xfc843703) x14 0x0000000080012040 mem 0x0000000080031f38
core   0: 0x000000008000ff5a (0xfb843783) ld      a5, -72(s0)
core   0: 3 0x000000008000ff5a (0xfb843783) x15 0x000000000000009c mem 0x0000000080031f28
core   0: 0x000000008000ff5e (0x000097ba) c.add   a5, a4
core   0: 3 0x000000008000ff5e (0x97ba) x15 0x00000000800120dc
core   0: 0x000000008000ff60 (0xfe043703) ld      a4, -32(s0)
core   0: 3 0x000000008000ff60 (0xfe043703) x14 0x00000000800120c1 mem 0x0000000080031f50
core   0: 0x000000008000ff64 (0xfcf76de3) bltu    a4, a5, pc - 38
core   0: 3 0x000000008000ff64 (0xfcf76de3)
core   0: 0x000000008000ff3e (0xfe043783) ld      a5, -32(s0)
core   0: 3 0x000000008000ff3e (0xfe043783) x15 0x00000000800120c1 mem 0x0000000080031f50
core   0: 0x000000008000ff42 (0x00178713) addi    a4, a5, 1
core   0: 3 0x000000008000ff42 (0x00178713) x14 0x00000000800120c2
core   0: 0x000000008000ff46 (0xfee43023) sd      a4, -32(s0)
core   0: 3 0x000000008000ff46 (0xfee43023) mem 0x0000000080031f50 0x00000000800120c2
core   0: 0x000000008000ff4a (0xfc442703) lw      a4, -60(s0)
core   0: 3 0x000000008000ff4a (0xfc442703) x14 0x0000000000000000 mem 0x0000000080031f34
core   0: 0x000000008000ff4e (0x0ff77713) andi    a4, a4, 255
core   0: 3 0x000000008000ff4e (0x0ff77713) x14 0x0000000000000000
core   0: 0x000000008000ff52 (0x00e78023) sb      a4, 0(a5)
core   0: 3 0x000000008000ff52 (0x00e78023) mem 0x00000000800120c1 0x00
core   0: 0x000000008000ff56 (0xfc843703) ld      a4, -56(s0)
core   0: 3 0x000000008000ff56 (0xfc843703) x14 0x0000000080012040 mem 0x0000000080031f38
core   0: 0x000000008000ff5a (0xfb843783) ld      a5, -72(s0)
core   0: 3 0x000000008000ff5a (0xfb843783) x15 0x000000000000009c mem 0x0000000080031f28
core   0: 0x000000008000ff5e (0x000097ba) c.add   a5, a4
core   0: 3 0x000000008000ff5e (0x97ba) x15 0x00000000800120dc
core   0: 0x000000008000ff60 (0xfe043703) ld      a4, -32(s0)
core   0: 3 0x000000008000ff60 (0xfe043703) x14 0x00000000800120c2 mem 0x0000000080031f50
core   0: 0x000000008000ff64 (0xfcf76de3) bltu    a4, a5, pc - 38
core   0: 3 0x000000008000ff64 (0xfcf76de3)
core   0: 0x000000008000ff3e (0xfe043783) ld      a5, -32(s0)
core   0: 3 0x000000008000ff3e (0xfe043783) x15 0x00000000800120c2 mem 0x0000000080031f50
core   0: 0x000000008000ff42 (0x00178713) addi    a4, a5, 1
core   0: 3 0x000000008000ff42 (0x00178713) x14 0x00000000800120c3
core   0: 0x000000008000ff46 (0xfee43023) sd      a4, -32(s0)
core   0: 3 0x000000008000ff46 (0xfee43023) mem 0x0000000080031f50 0x00000000800120c3
core   0: 0x000000008000ff4a (0xfc442703) lw      a4, -60(s0)
core   0: 3 0x000000008000ff4a (0xfc442703) x14 0x0000000000000000 mem 0x0000000080031f34
core   0: 0x000000008000ff4e (0x0ff77713) andi    a4, a4, 255
core   0: 3 0x000000008000ff4e (0x0ff77713) x14 0x0000000000000000
core   0: 0x000000008000ff52 (0x00e78023) sb      a4, 0(a5)
core   0: 3 0x000000008000ff52 (0x00e78023) mem 0x00000000800120c2 0x00
core   0: 0x000000008000ff56 (0xfc843703) ld      a4, -56(s0)
core   0: 3 0x000000008000ff56 (0xfc843703) x14 0x0000000080012040 mem 0x0000000080031f38
core   0: 0x000000008000ff5a (0xfb843783) ld      a5, -72(s0)
core   0: 3 0x000000008000ff5a (0xfb843783) x15 0x000000000000009c mem 0x0000000080031f28
core   0: 0x000000008000ff5e (0x000097ba) c.add   a5, a4
core   0: 3 0x000000008000ff5e (0x97ba) x15 0x00000000800120dc
core   0: 0x000000008000ff60 (0xfe043703) ld      a4, -32(s0)
core   0: 3 0x000000008000ff60 (0xfe043703) x14 0x00000000800120c3 mem 0x0000000080031f50
core   0: 0x000000008000ff64 (0xfcf76de3) bltu    a4, a5, pc - 38
core   0: 3 0x000000008000ff64 (0xfcf76de3)
core   0: 0x000000008000ff3e (0xfe043783) ld      a5, -32(s0)
core   0: 3 0x000000008000ff3e (0xfe043783) x15 0x00000000800120c3 mem 0x0000000080031f50
core   0: 0x000000008000ff42 (0x00178713) addi    a4, a5, 1
core   0: 3 0x000000008000ff42 (0x00178713) x14 0x00000000800120c4
core   0: 0x000000008000ff46 (0xfee43023) sd      a4, -32(s0)
core   0: 3 0x000000008000ff46 (0xfee43023) mem 0x0000000080031f50 0x00000000800120c4
core   0: 0x000000008000ff4a (0xfc442703) lw      a4, -60(s0)
core   0: 3 0x000000008000ff4a (0xfc442703) x14 0x0000000000000000 mem 0x0000000080031f34
core   0: 0x000000008000ff4e (0x0ff77713) andi    a4, a4, 255
core   0: 3 0x000000008000ff4e (0x0ff77713) x14 0x0000000000000000
core   0: 0x000000008000ff52 (0x00e78023) sb      a4, 0(a5)
core   0: 3 0x000000008000ff52 (0x00e78023) mem 0x00000000800120c3 0x00
core   0: 0x000000008000ff56 (0xfc843703) ld      a4, -56(s0)
core   0: 3 0x000000008000ff56 (0xfc843703) x14 0x0000000080012040 mem 0x0000000080031f38
core   0: 0x000000008000ff5a (0xfb843783) ld      a5, -72(s0)
core   0: 3 0x000000008000ff5a (0xfb843783) x15 0x000000000000009c mem 0x0000000080031f28
core   0: 0x000000008000ff5e (0x000097ba) c.add   a5, a4
core   0: 3 0x000000008000ff5e (0x97ba) x15 0x00000000800120dc
core   0: 0x000000008000ff60 (0xfe043703) ld      a4, -32(s0)
core   0: 3 0x000000008000ff60 (0xfe043703) x14 0x00000000800120c4 mem 0x0000000080031f50
core   0: 0x000000008000ff64 (0xfcf76de3) bltu    a4, a5, pc - 38
core   0: 3 0x000000008000ff64 (0xfcf76de3)
core   0: 0x000000008000ff3e (0xfe043783) ld      a5, -32(s0)
core   0: 3 0x000000008000ff3e (0xfe043783) x15 0x00000000800120c4 mem 0x0000000080031f50
core   0: 0x000000008000ff42 (0x00178713) addi    a4, a5, 1
core   0: 3 0x000000008000ff42 (0x00178713) x14 0x00000000800120c5
core   0: 0x000000008000ff46 (0xfee43023) sd      a4, -32(s0)
core   0: 3 0x000000008000ff46 (0xfee43023) mem 0x0000000080031f50 0x00000000800120c5
core   0: 0x000000008000ff4a (0xfc442703) lw      a4, -60(s0)
core   0: 3 0x000000008000ff4a (0xfc442703) x14 0x0000000000000000 mem 0x0000000080031f34
core   0: 0x000000008000ff4e (0x0ff77713) andi    a4, a4, 255
core   0: 3 0x000000008000ff4e (0x0ff77713) x14 0x0000000000000000
core   0: 0x000000008000ff52 (0x00e78023) sb      a4, 0(a5)
core   0: 3 0x000000008000ff52 (0x00e78023) mem 0x00000000800120c4 0x00
core   0: 0x000000008000ff56 (0xfc843703) ld      a4, -56(s0)
core   0: 3 0x000000008000ff56 (0xfc843703) x14 0x0000000080012040 mem 0x0000000080031f38
core   0: 0x000000008000ff5a (0xfb843783) ld      a5, -72(s0)
core   0: 3 0x000000008000ff5a (0xfb843783) x15 0x000000000000009c mem 0x0000000080031f28
core   0: 0x000000008000ff5e (0x000097ba) c.add   a5, a4
core   0: 3 0x000000008000ff5e (0x97ba) x15 0x00000000800120dc
core   0: 0x000000008000ff60 (0xfe043703) ld      a4, -32(s0)
core   0: 3 0x000000008000ff60 (0xfe043703) x14 0x00000000800120c5 mem 0x0000000080031f50
core   0: 0x000000008000ff64 (0xfcf76de3) bltu    a4, a5, pc - 38
core   0: 3 0x000000008000ff64 (0xfcf76de3)
core   0: 0x000000008000ff3e (0xfe043783) ld      a5, -32(s0)
core   0: 3 0x000000008000ff3e (0xfe043783) x15 0x00000000800120c5 mem 0x0000000080031f50
core   0: 0x000000008000ff42 (0x00178713) addi    a4, a5, 1
core   0: 3 0x000000008000ff42 (0x00178713) x14 0x00000000800120c6
core   0: 0x000000008000ff46 (0xfee43023) sd      a4, -32(s0)
core   0: 3 0x000000008000ff46 (0xfee43023) mem 0x0000000080031f50 0x00000000800120c6
core   0: 0x000000008000ff4a (0xfc442703) lw      a4, -60(s0)
core   0: 3 0x000000008000ff4a (0xfc442703) x14 0x0000000000000000 mem 0x0000000080031f34
core   0: 0x000000008000ff4e (0x0ff77713) andi    a4, a4, 255
core   0: 3 0x000000008000ff4e (0x0ff77713) x14 0x0000000000000000
core   0: 0x000000008000ff52 (0x00e78023) sb      a4, 0(a5)
core   0: 3 0x000000008000ff52 (0x00e78023) mem 0x00000000800120c5 0x00
core   0: 0x000000008000ff56 (0xfc843703) ld      a4, -56(s0)
core   0: 3 0x000000008000ff56 (0xfc843703) x14 0x0000000080012040 mem 0x0000000080031f38
core   0: 0x000000008000ff5a (0xfb843783) ld      a5, -72(s0)
core   0: 3 0x000000008000ff5a (0xfb843783) x15 0x000000000000009c mem 0x0000000080031f28
core   0: 0x000000008000ff5e (0x000097ba) c.add   a5, a4
core   0: 3 0x000000008000ff5e (0x97ba) x15 0x00000000800120dc
core   0: 0x000000008000ff60 (0xfe043703) ld      a4, -32(s0)
core   0: 3 0x000000008000ff60 (0xfe043703) x14 0x00000000800120c6 mem 0x0000000080031f50
core   0: 0x000000008000ff64 (0xfcf76de3) bltu    a4, a5, pc - 38
core   0: 3 0x000000008000ff64 (0xfcf76de3)
core   0: 0x000000008000ff3e (0xfe043783) ld      a5, -32(s0)
core   0: 3 0x000000008000ff3e (0xfe043783) x15 0x00000000800120c6 mem 0x0000000080031f50
core   0: 0x000000008000ff42 (0x00178713) addi    a4, a5, 1
core   0: 3 0x000000008000ff42 (0x00178713) x14 0x00000000800120c7
core   0: 0x000000008000ff46 (0xfee43023) sd      a4, -32(s0)
core   0: 3 0x000000008000ff46 (0xfee43023) mem 0x0000000080031f50 0x00000000800120c7
core   0: 0x000000008000ff4a (0xfc442703) lw      a4, -60(s0)
core   0: 3 0x000000008000ff4a (0xfc442703) x14 0x0000000000000000 mem 0x0000000080031f34
core   0: 0x000000008000ff4e (0x0ff77713) andi    a4, a4, 255
core   0: 3 0x000000008000ff4e (0x0ff77713) x14 0x0000000000000000
core   0: 0x000000008000ff52 (0x00e78023) sb      a4, 0(a5)
core   0: 3 0x000000008000ff52 (0x00e78023) mem 0x00000000800120c6 0x00
core   0: 0x000000008000ff56 (0xfc843703) ld      a4, -56(s0)
core   0: 3 0x000000008000ff56 (0xfc843703) x14 0x0000000080012040 mem 0x0000000080031f38
core   0: 0x000000008000ff5a (0xfb843783) ld      a5, -72(s0)
core   0: 3 0x000000008000ff5a (0xfb843783) x15 0x000000000000009c mem 0x0000000080031f28
core   0: 0x000000008000ff5e (0x000097ba) c.add   a5, a4
core   0: 3 0x000000008000ff5e (0x97ba) x15 0x00000000800120dc
core   0: 0x000000008000ff60 (0xfe043703) ld      a4, -32(s0)
core   0: 3 0x000000008000ff60 (0xfe043703) x14 0x00000000800120c7 mem 0x0000000080031f50
core   0: 0x000000008000ff64 (0xfcf76de3) bltu    a4, a5, pc - 38
core   0: 3 0x000000008000ff64 (0xfcf76de3)
core   0: 0x000000008000ff3e (0xfe043783) ld      a5, -32(s0)
core   0: 3 0x000000008000ff3e (0xfe043783) x15 0x00000000800120c7 mem 0x0000000080031f50
core   0: 0x000000008000ff42 (0x00178713) addi    a4, a5, 1
core   0: 3 0x000000008000ff42 (0x00178713) x14 0x00000000800120c8
core   0: 0x000000008000ff46 (0xfee43023) sd      a4, -32(s0)
core   0: 3 0x000000008000ff46 (0xfee43023) mem 0x0000000080031f50 0x00000000800120c8
core   0: 0x000000008000ff4a (0xfc442703) lw      a4, -60(s0)
core   0: 3 0x000000008000ff4a (0xfc442703) x14 0x0000000000000000 mem 0x0000000080031f34
core   0: 0x000000008000ff4e (0x0ff77713) andi    a4, a4, 255
core   0: 3 0x000000008000ff4e (0x0ff77713) x14 0x0000000000000000
core   0: 0x000000008000ff52 (0x00e78023) sb      a4, 0(a5)
core   0: 3 0x000000008000ff52 (0x00e78023) mem 0x00000000800120c7 0x00
core   0: 0x000000008000ff56 (0xfc843703) ld      a4, -56(s0)
core   0: 3 0x000000008000ff56 (0xfc843703) x14 0x0000000080012040 mem 0x0000000080031f38
core   0: 0x000000008000ff5a (0xfb843783) ld      a5, -72(s0)
core   0: 3 0x000000008000ff5a (0xfb843783) x15 0x000000000000009c mem 0x0000000080031f28
core   0: 0x000000008000ff5e (0x000097ba) c.add   a5, a4
core   0: 3 0x000000008000ff5e (0x97ba) x15 0x00000000800120dc
core   0: 0x000000008000ff60 (0xfe043703) ld      a4, -32(s0)
core   0: 3 0x000000008000ff60 (0xfe043703) x14 0x00000000800120c8 mem 0x0000000080031f50
core   0: 0x000000008000ff64 (0xfcf76de3) bltu    a4, a5, pc - 38
core   0: 3 0x000000008000ff64 (0xfcf76de3)
core   0: 0x000000008000ff3e (0xfe043783) ld      a5, -32(s0)
core   0: 3 0x000000008000ff3e (0xfe043783) x15 0x00000000800120c8 mem 0x0000000080031f50
core   0: 0x000000008000ff42 (0x00178713) addi    a4, a5, 1
core   0: 3 0x000000008000ff42 (0x00178713) x14 0x00000000800120c9
core   0: 0x000000008000ff46 (0xfee43023) sd      a4, -32(s0)
core   0: 3 0x000000008000ff46 (0xfee43023) mem 0x0000000080031f50 0x00000000800120c9
core   0: 0x000000008000ff4a (0xfc442703) lw      a4, -60(s0)
core   0: 3 0x000000008000ff4a (0xfc442703) x14 0x0000000000000000 mem 0x0000000080031f34
core   0: 0x000000008000ff4e (0x0ff77713) andi    a4, a4, 255
core   0: 3 0x000000008000ff4e (0x0ff77713) x14 0x0000000000000000
core   0: 0x000000008000ff52 (0x00e78023) sb      a4, 0(a5)
core   0: 3 0x000000008000ff52 (0x00e78023) mem 0x00000000800120c8 0x00
core   0: 0x000000008000ff56 (0xfc843703) ld      a4, -56(s0)
core   0: 3 0x000000008000ff56 (0xfc843703) x14 0x0000000080012040 mem 0x0000000080031f38
core   0: 0x000000008000ff5a (0xfb843783) ld      a5, -72(s0)
core   0: 3 0x000000008000ff5a (0xfb843783) x15 0x000000000000009c mem 0x0000000080031f28
core   0: 0x000000008000ff5e (0x000097ba) c.add   a5, a4
core   0: 3 0x000000008000ff5e (0x97ba) x15 0x00000000800120dc
core   0: 0x000000008000ff60 (0xfe043703) ld      a4, -32(s0)
core   0: 3 0x000000008000ff60 (0xfe043703) x14 0x00000000800120c9 mem 0x0000000080031f50
core   0: 0x000000008000ff64 (0xfcf76de3) bltu    a4, a5, pc - 38
core   0: 3 0x000000008000ff64 (0xfcf76de3)
core   0: 0x000000008000ff3e (0xfe043783) ld      a5, -32(s0)
core   0: 3 0x000000008000ff3e (0xfe043783) x15 0x00000000800120c9 mem 0x0000000080031f50
core   0: 0x000000008000ff42 (0x00178713) addi    a4, a5, 1
core   0: 3 0x000000008000ff42 (0x00178713) x14 0x00000000800120ca
core   0: 0x000000008000ff46 (0xfee43023) sd      a4, -32(s0)
core   0: 3 0x000000008000ff46 (0xfee43023) mem 0x0000000080031f50 0x00000000800120ca
core   0: 0x000000008000ff4a (0xfc442703) lw      a4, -60(s0)
core   0: 3 0x000000008000ff4a (0xfc442703) x14 0x0000000000000000 mem 0x0000000080031f34
core   0: 0x000000008000ff4e (0x0ff77713) andi    a4, a4, 255
core   0: 3 0x000000008000ff4e (0x0ff77713) x14 0x0000000000000000
core   0: 0x000000008000ff52 (0x00e78023) sb      a4, 0(a5)
core   0: 3 0x000000008000ff52 (0x00e78023) mem 0x00000000800120c9 0x00
core   0: 0x000000008000ff56 (0xfc843703) ld      a4, -56(s0)
core   0: 3 0x000000008000ff56 (0xfc843703) x14 0x0000000080012040 mem 0x0000000080031f38
core   0: 0x000000008000ff5a (0xfb843783) ld      a5, -72(s0)
core   0: 3 0x000000008000ff5a (0xfb843783) x15 0x000000000000009c mem 0x0000000080031f28
core   0: 0x000000008000ff5e (0x000097ba) c.add   a5, a4
core   0: 3 0x000000008000ff5e (0x97ba) x15 0x00000000800120dc
core   0: 0x000000008000ff60 (0xfe043703) ld      a4, -32(s0)
core   0: 3 0x000000008000ff60 (0xfe043703) x14 0x00000000800120ca mem 0x0000000080031f50
core   0: 0x000000008000ff64 (0xfcf76de3) bltu    a4, a5, pc - 38
core   0: 3 0x000000008000ff64 (0xfcf76de3)
core   0: 0x000000008000ff3e (0xfe043783) ld      a5, -32(s0)
core   0: 3 0x000000008000ff3e (0xfe043783) x15 0x00000000800120ca mem 0x0000000080031f50
core   0: 0x000000008000ff42 (0x00178713) addi    a4, a5, 1
core   0: 3 0x000000008000ff42 (0x00178713) x14 0x00000000800120cb
core   0: 0x000000008000ff46 (0xfee43023) sd      a4, -32(s0)
core   0: 3 0x000000008000ff46 (0xfee43023) mem 0x0000000080031f50 0x00000000800120cb
core   0: 0x000000008000ff4a (0xfc442703) lw      a4, -60(s0)
core   0: 3 0x000000008000ff4a (0xfc442703) x14 0x0000000000000000 mem 0x0000000080031f34
core   0: 0x000000008000ff4e (0x0ff77713) andi    a4, a4, 255
core   0: 3 0x000000008000ff4e (0x0ff77713) x14 0x0000000000000000
core   0: 0x000000008000ff52 (0x00e78023) sb      a4, 0(a5)
core   0: 3 0x000000008000ff52 (0x00e78023) mem 0x00000000800120ca 0x00
core   0: 0x000000008000ff56 (0xfc843703) ld      a4, -56(s0)
core   0: 3 0x000000008000ff56 (0xfc843703) x14 0x0000000080012040 mem 0x0000000080031f38
core   0: 0x000000008000ff5a (0xfb843783) ld      a5, -72(s0)
core   0: 3 0x000000008000ff5a (0xfb843783) x15 0x000000000000009c mem 0x0000000080031f28
core   0: 0x000000008000ff5e (0x000097ba) c.add   a5, a4
core   0: 3 0x000000008000ff5e (0x97ba) x15 0x00000000800120dc
core   0: 0x000000008000ff60 (0xfe043703) ld      a4, -32(s0)
core   0: 3 0x000000008000ff60 (0xfe043703) x14 0x00000000800120cb mem 0x0000000080031f50
core   0: 0x000000008000ff64 (0xfcf76de3) bltu    a4, a5, pc - 38
core   0: 3 0x000000008000ff64 (0xfcf76de3)
core   0: 0x000000008000ff3e (0xfe043783) ld      a5, -32(s0)
core   0: 3 0x000000008000ff3e (0xfe043783) x15 0x00000000800120cb mem 0x0000000080031f50
core   0: 0x000000008000ff42 (0x00178713) addi    a4, a5, 1
core   0: 3 0x000000008000ff42 (0x00178713) x14 0x00000000800120cc
core   0: 0x000000008000ff46 (0xfee43023) sd      a4, -32(s0)
core   0: 3 0x000000008000ff46 (0xfee43023) mem 0x0000000080031f50 0x00000000800120cc
core   0: 0x000000008000ff4a (0xfc442703) lw      a4, -60(s0)
core   0: 3 0x000000008000ff4a (0xfc442703) x14 0x0000000000000000 mem 0x0000000080031f34
core   0: 0x000000008000ff4e (0x0ff77713) andi    a4, a4, 255
core   0: 3 0x000000008000ff4e (0x0ff77713) x14 0x0000000000000000
core   0: 0x000000008000ff52 (0x00e78023) sb      a4, 0(a5)
core   0: 3 0x000000008000ff52 (0x00e78023) mem 0x00000000800120cb 0x00
core   0: 0x000000008000ff56 (0xfc843703) ld      a4, -56(s0)
core   0: 3 0x000000008000ff56 (0xfc843703) x14 0x0000000080012040 mem 0x0000000080031f38
core   0: 0x000000008000ff5a (0xfb843783) ld      a5, -72(s0)
core   0: 3 0x000000008000ff5a (0xfb843783) x15 0x000000000000009c mem 0x0000000080031f28
core   0: 0x000000008000ff5e (0x000097ba) c.add   a5, a4
core   0: 3 0x000000008000ff5e (0x97ba) x15 0x00000000800120dc
core   0: 0x000000008000ff60 (0xfe043703) ld      a4, -32(s0)
core   0: 3 0x000000008000ff60 (0xfe043703) x14 0x00000000800120cc mem 0x0000000080031f50
core   0: 0x000000008000ff64 (0xfcf76de3) bltu    a4, a5, pc - 38
core   0: 3 0x000000008000ff64 (0xfcf76de3)
core   0: 0x000000008000ff3e (0xfe043783) ld      a5, -32(s0)
core   0: 3 0x000000008000ff3e (0xfe043783) x15 0x00000000800120cc mem 0x0000000080031f50
core   0: 0x000000008000ff42 (0x00178713) addi    a4, a5, 1
core   0: 3 0x000000008000ff42 (0x00178713) x14 0x00000000800120cd
core   0: 0x000000008000ff46 (0xfee43023) sd      a4, -32(s0)
core   0: 3 0x000000008000ff46 (0xfee43023) mem 0x0000000080031f50 0x00000000800120cd
core   0: 0x000000008000ff4a (0xfc442703) lw      a4, -60(s0)
core   0: 3 0x000000008000ff4a (0xfc442703) x14 0x0000000000000000 mem 0x0000000080031f34
core   0: 0x000000008000ff4e (0x0ff77713) andi    a4, a4, 255
core   0: 3 0x000000008000ff4e (0x0ff77713) x14 0x0000000000000000
core   0: 0x000000008000ff52 (0x00e78023) sb      a4, 0(a5)
core   0: 3 0x000000008000ff52 (0x00e78023) mem 0x00000000800120cc 0x00
core   0: 0x000000008000ff56 (0xfc843703) ld      a4, -56(s0)
core   0: 3 0x000000008000ff56 (0xfc843703) x14 0x0000000080012040 mem 0x0000000080031f38
core   0: 0x000000008000ff5a (0xfb843783) ld      a5, -72(s0)
core   0: 3 0x000000008000ff5a (0xfb843783) x15 0x000000000000009c mem 0x0000000080031f28
core   0: 0x000000008000ff5e (0x000097ba) c.add   a5, a4
core   0: 3 0x000000008000ff5e (0x97ba) x15 0x00000000800120dc
core   0: 0x000000008000ff60 (0xfe043703) ld      a4, -32(s0)
core   0: 3 0x000000008000ff60 (0xfe043703) x14 0x00000000800120cd mem 0x0000000080031f50
core   0: 0x000000008000ff64 (0xfcf76de3) bltu    a4, a5, pc - 38
core   0: 3 0x000000008000ff64 (0xfcf76de3)
core   0: 0x000000008000ff3e (0xfe043783) ld      a5, -32(s0)
core   0: 3 0x000000008000ff3e (0xfe043783) x15 0x00000000800120cd mem 0x0000000080031f50
core   0: 0x000000008000ff42 (0x00178713) addi    a4, a5, 1
core   0: 3 0x000000008000ff42 (0x00178713) x14 0x00000000800120ce
core   0: 0x000000008000ff46 (0xfee43023) sd      a4, -32(s0)
core   0: 3 0x000000008000ff46 (0xfee43023) mem 0x0000000080031f50 0x00000000800120ce
core   0: 0x000000008000ff4a (0xfc442703) lw      a4, -60(s0)
core   0: 3 0x000000008000ff4a (0xfc442703) x14 0x0000000000000000 mem 0x0000000080031f34
core   0: 0x000000008000ff4e (0x0ff77713) andi    a4, a4, 255
core   0: 3 0x000000008000ff4e (0x0ff77713) x14 0x0000000000000000
core   0: 0x000000008000ff52 (0x00e78023) sb      a4, 0(a5)
core   0: 3 0x000000008000ff52 (0x00e78023) mem 0x00000000800120cd 0x00
core   0: 0x000000008000ff56 (0xfc843703) ld      a4, -56(s0)
core   0: 3 0x000000008000ff56 (0xfc843703) x14 0x0000000080012040 mem 0x0000000080031f38
core   0: 0x000000008000ff5a (0xfb843783) ld      a5, -72(s0)
core   0: 3 0x000000008000ff5a (0xfb843783) x15 0x000000000000009c mem 0x0000000080031f28
core   0: 0x000000008000ff5e (0x000097ba) c.add   a5, a4
core   0: 3 0x000000008000ff5e (0x97ba) x15 0x00000000800120dc
core   0: 0x000000008000ff60 (0xfe043703) ld      a4, -32(s0)
core   0: 3 0x000000008000ff60 (0xfe043703) x14 0x00000000800120ce mem 0x0000000080031f50
core   0: 0x000000008000ff64 (0xfcf76de3) bltu    a4, a5, pc - 38
core   0: 3 0x000000008000ff64 (0xfcf76de3)
core   0: 0x000000008000ff3e (0xfe043783) ld      a5, -32(s0)
core   0: 3 0x000000008000ff3e (0xfe043783) x15 0x00000000800120ce mem 0x0000000080031f50
core   0: 0x000000008000ff42 (0x00178713) addi    a4, a5, 1
core   0: 3 0x000000008000ff42 (0x00178713) x14 0x00000000800120cf
core   0: 0x000000008000ff46 (0xfee43023) sd      a4, -32(s0)
core   0: 3 0x000000008000ff46 (0xfee43023) mem 0x0000000080031f50 0x00000000800120cf
core   0: 0x000000008000ff4a (0xfc442703) lw      a4, -60(s0)
core   0: 3 0x000000008000ff4a (0xfc442703) x14 0x0000000000000000 mem 0x0000000080031f34
core   0: 0x000000008000ff4e (0x0ff77713) andi    a4, a4, 255
core   0: 3 0x000000008000ff4e (0x0ff77713) x14 0x0000000000000000
core   0: 0x000000008000ff52 (0x00e78023) sb      a4, 0(a5)
core   0: 3 0x000000008000ff52 (0x00e78023) mem 0x00000000800120ce 0x00
core   0: 0x000000008000ff56 (0xfc843703) ld      a4, -56(s0)
core   0: 3 0x000000008000ff56 (0xfc843703) x14 0x0000000080012040 mem 0x0000000080031f38
core   0: 0x000000008000ff5a (0xfb843783) ld      a5, -72(s0)
core   0: 3 0x000000008000ff5a (0xfb843783) x15 0x000000000000009c mem 0x0000000080031f28
core   0: 0x000000008000ff5e (0x000097ba) c.add   a5, a4
core   0: 3 0x000000008000ff5e (0x97ba) x15 0x00000000800120dc
core   0: 0x000000008000ff60 (0xfe043703) ld      a4, -32(s0)
core   0: 3 0x000000008000ff60 (0xfe043703) x14 0x00000000800120cf mem 0x0000000080031f50
core   0: 0x000000008000ff64 (0xfcf76de3) bltu    a4, a5, pc - 38
core   0: 3 0x000000008000ff64 (0xfcf76de3)
core   0: 0x000000008000ff3e (0xfe043783) ld      a5, -32(s0)
core   0: 3 0x000000008000ff3e (0xfe043783) x15 0x00000000800120cf mem 0x0000000080031f50
core   0: 0x000000008000ff42 (0x00178713) addi    a4, a5, 1
core   0: 3 0x000000008000ff42 (0x00178713) x14 0x00000000800120d0
core   0: 0x000000008000ff46 (0xfee43023) sd      a4, -32(s0)
core   0: 3 0x000000008000ff46 (0xfee43023) mem 0x0000000080031f50 0x00000000800120d0
core   0: 0x000000008000ff4a (0xfc442703) lw      a4, -60(s0)
core   0: 3 0x000000008000ff4a (0xfc442703) x14 0x0000000000000000 mem 0x0000000080031f34
core   0: 0x000000008000ff4e (0x0ff77713) andi    a4, a4, 255
core   0: 3 0x000000008000ff4e (0x0ff77713) x14 0x0000000000000000
core   0: 0x000000008000ff52 (0x00e78023) sb      a4, 0(a5)
core   0: 3 0x000000008000ff52 (0x00e78023) mem 0x00000000800120cf 0x00
core   0: 0x000000008000ff56 (0xfc843703) ld      a4, -56(s0)
core   0: 3 0x000000008000ff56 (0xfc843703) x14 0x0000000080012040 mem 0x0000000080031f38
core   0: 0x000000008000ff5a (0xfb843783) ld      a5, -72(s0)
core   0: 3 0x000000008000ff5a (0xfb843783) x15 0x000000000000009c mem 0x0000000080031f28
core   0: 0x000000008000ff5e (0x000097ba) c.add   a5, a4
core   0: 3 0x000000008000ff5e (0x97ba) x15 0x00000000800120dc
core   0: 0x000000008000ff60 (0xfe043703) ld      a4, -32(s0)
core   0: 3 0x000000008000ff60 (0xfe043703) x14 0x00000000800120d0 mem 0x0000000080031f50
core   0: 0x000000008000ff64 (0xfcf76de3) bltu    a4, a5, pc - 38
core   0: 3 0x000000008000ff64 (0xfcf76de3)
core   0: 0x000000008000ff3e (0xfe043783) ld      a5, -32(s0)
core   0: 3 0x000000008000ff3e (0xfe043783) x15 0x00000000800120d0 mem 0x0000000080031f50
core   0: 0x000000008000ff42 (0x00178713) addi    a4, a5, 1
core   0: 3 0x000000008000ff42 (0x00178713) x14 0x00000000800120d1
core   0: 0x000000008000ff46 (0xfee43023) sd      a4, -32(s0)
core   0: 3 0x000000008000ff46 (0xfee43023) mem 0x0000000080031f50 0x00000000800120d1
core   0: 0x000000008000ff4a (0xfc442703) lw      a4, -60(s0)
core   0: 3 0x000000008000ff4a (0xfc442703) x14 0x0000000000000000 mem 0x0000000080031f34
core   0: 0x000000008000ff4e (0x0ff77713) andi    a4, a4, 255
core   0: 3 0x000000008000ff4e (0x0ff77713) x14 0x0000000000000000
core   0: 0x000000008000ff52 (0x00e78023) sb      a4, 0(a5)
core   0: 3 0x000000008000ff52 (0x00e78023) mem 0x00000000800120d0 0x00
core   0: 0x000000008000ff56 (0xfc843703) ld      a4, -56(s0)
core   0: 3 0x000000008000ff56 (0xfc843703) x14 0x0000000080012040 mem 0x0000000080031f38
core   0: 0x000000008000ff5a (0xfb843783) ld      a5, -72(s0)
core   0: 3 0x000000008000ff5a (0xfb843783) x15 0x000000000000009c mem 0x0000000080031f28
core   0: 0x000000008000ff5e (0x000097ba) c.add   a5, a4
core   0: 3 0x000000008000ff5e (0x97ba) x15 0x00000000800120dc
core   0: 0x000000008000ff60 (0xfe043703) ld      a4, -32(s0)
core   0: 3 0x000000008000ff60 (0xfe043703) x14 0x00000000800120d1 mem 0x0000000080031f50
core   0: 0x000000008000ff64 (0xfcf76de3) bltu    a4, a5, pc - 38
core   0: 3 0x000000008000ff64 (0xfcf76de3)
core   0: 0x000000008000ff3e (0xfe043783) ld      a5, -32(s0)
core   0: 3 0x000000008000ff3e (0xfe043783) x15 0x00000000800120d1 mem 0x0000000080031f50
core   0: 0x000000008000ff42 (0x00178713) addi    a4, a5, 1
core   0: 3 0x000000008000ff42 (0x00178713) x14 0x00000000800120d2
core   0: 0x000000008000ff46 (0xfee43023) sd      a4, -32(s0)
core   0: 3 0x000000008000ff46 (0xfee43023) mem 0x0000000080031f50 0x00000000800120d2
core   0: 0x000000008000ff4a (0xfc442703) lw      a4, -60(s0)
core   0: 3 0x000000008000ff4a (0xfc442703) x14 0x0000000000000000 mem 0x0000000080031f34
core   0: 0x000000008000ff4e (0x0ff77713) andi    a4, a4, 255
core   0: 3 0x000000008000ff4e (0x0ff77713) x14 0x0000000000000000
core   0: 0x000000008000ff52 (0x00e78023) sb      a4, 0(a5)
core   0: 3 0x000000008000ff52 (0x00e78023) mem 0x00000000800120d1 0x00
core   0: 0x000000008000ff56 (0xfc843703) ld      a4, -56(s0)
core   0: 3 0x000000008000ff56 (0xfc843703) x14 0x0000000080012040 mem 0x0000000080031f38
core   0: 0x000000008000ff5a (0xfb843783) ld      a5, -72(s0)
core   0: 3 0x000000008000ff5a (0xfb843783) x15 0x000000000000009c mem 0x0000000080031f28
core   0: 0x000000008000ff5e (0x000097ba) c.add   a5, a4
core   0: 3 0x000000008000ff5e (0x97ba) x15 0x00000000800120dc
core   0: 0x000000008000ff60 (0xfe043703) ld      a4, -32(s0)
core   0: 3 0x000000008000ff60 (0xfe043703) x14 0x00000000800120d2 mem 0x0000000080031f50
core   0: 0x000000008000ff64 (0xfcf76de3) bltu    a4, a5, pc - 38
core   0: 3 0x000000008000ff64 (0xfcf76de3)
core   0: 0x000000008000ff3e (0xfe043783) ld      a5, -32(s0)
core   0: 3 0x000000008000ff3e (0xfe043783) x15 0x00000000800120d2 mem 0x0000000080031f50
core   0: 0x000000008000ff42 (0x00178713) addi    a4, a5, 1
core   0: 3 0x000000008000ff42 (0x00178713) x14 0x00000000800120d3
core   0: 0x000000008000ff46 (0xfee43023) sd      a4, -32(s0)
core   0: 3 0x000000008000ff46 (0xfee43023) mem 0x0000000080031f50 0x00000000800120d3
core   0: 0x000000008000ff4a (0xfc442703) lw      a4, -60(s0)
core   0: 3 0x000000008000ff4a (0xfc442703) x14 0x0000000000000000 mem 0x0000000080031f34
core   0: 0x000000008000ff4e (0x0ff77713) andi    a4, a4, 255
core   0: 3 0x000000008000ff4e (0x0ff77713) x14 0x0000000000000000
core   0: 0x000000008000ff52 (0x00e78023) sb      a4, 0(a5)
core   0: 3 0x000000008000ff52 (0x00e78023) mem 0x00000000800120d2 0x00
core   0: 0x000000008000ff56 (0xfc843703) ld      a4, -56(s0)
core   0: 3 0x000000008000ff56 (0xfc843703) x14 0x0000000080012040 mem 0x0000000080031f38
core   0: 0x000000008000ff5a (0xfb843783) ld      a5, -72(s0)
core   0: 3 0x000000008000ff5a (0xfb843783) x15 0x000000000000009c mem 0x0000000080031f28
core   0: 0x000000008000ff5e (0x000097ba) c.add   a5, a4
core   0: 3 0x000000008000ff5e (0x97ba) x15 0x00000000800120dc
core   0: 0x000000008000ff60 (0xfe043703) ld      a4, -32(s0)
core   0: 3 0x000000008000ff60 (0xfe043703) x14 0x00000000800120d3 mem 0x0000000080031f50
core   0: 0x000000008000ff64 (0xfcf76de3) bltu    a4, a5, pc - 38
core   0: 3 0x000000008000ff64 (0xfcf76de3)
core   0: 0x000000008000ff3e (0xfe043783) ld      a5, -32(s0)
core   0: 3 0x000000008000ff3e (0xfe043783) x15 0x00000000800120d3 mem 0x0000000080031f50
core   0: 0x000000008000ff42 (0x00178713) addi    a4, a5, 1
core   0: 3 0x000000008000ff42 (0x00178713) x14 0x00000000800120d4
core   0: 0x000000008000ff46 (0xfee43023) sd      a4, -32(s0)
core   0: 3 0x000000008000ff46 (0xfee43023) mem 0x0000000080031f50 0x00000000800120d4
core   0: 0x000000008000ff4a (0xfc442703) lw      a4, -60(s0)
core   0: 3 0x000000008000ff4a (0xfc442703) x14 0x0000000000000000 mem 0x0000000080031f34
core   0: 0x000000008000ff4e (0x0ff77713) andi    a4, a4, 255
core   0: 3 0x000000008000ff4e (0x0ff77713) x14 0x0000000000000000
core   0: 0x000000008000ff52 (0x00e78023) sb      a4, 0(a5)
core   0: 3 0x000000008000ff52 (0x00e78023) mem 0x00000000800120d3 0x00
core   0: 0x000000008000ff56 (0xfc843703) ld      a4, -56(s0)
core   0: 3 0x000000008000ff56 (0xfc843703) x14 0x0000000080012040 mem 0x0000000080031f38
core   0: 0x000000008000ff5a (0xfb843783) ld      a5, -72(s0)
core   0: 3 0x000000008000ff5a (0xfb843783) x15 0x000000000000009c mem 0x0000000080031f28
core   0: 0x000000008000ff5e (0x000097ba) c.add   a5, a4
core   0: 3 0x000000008000ff5e (0x97ba) x15 0x00000000800120dc
core   0: 0x000000008000ff60 (0xfe043703) ld      a4, -32(s0)
core   0: 3 0x000000008000ff60 (0xfe043703) x14 0x00000000800120d4 mem 0x0000000080031f50
core   0: 0x000000008000ff64 (0xfcf76de3) bltu    a4, a5, pc - 38
core   0: 3 0x000000008000ff64 (0xfcf76de3)
core   0: 0x000000008000ff3e (0xfe043783) ld      a5, -32(s0)
core   0: 3 0x000000008000ff3e (0xfe043783) x15 0x00000000800120d4 mem 0x0000000080031f50
core   0: 0x000000008000ff42 (0x00178713) addi    a4, a5, 1
core   0: 3 0x000000008000ff42 (0x00178713) x14 0x00000000800120d5
core   0: 0x000000008000ff46 (0xfee43023) sd      a4, -32(s0)
core   0: 3 0x000000008000ff46 (0xfee43023) mem 0x0000000080031f50 0x00000000800120d5
core   0: 0x000000008000ff4a (0xfc442703) lw      a4, -60(s0)
core   0: 3 0x000000008000ff4a (0xfc442703) x14 0x0000000000000000 mem 0x0000000080031f34
core   0: 0x000000008000ff4e (0x0ff77713) andi    a4, a4, 255
core   0: 3 0x000000008000ff4e (0x0ff77713) x14 0x0000000000000000
core   0: 0x000000008000ff52 (0x00e78023) sb      a4, 0(a5)
core   0: 3 0x000000008000ff52 (0x00e78023) mem 0x00000000800120d4 0x00
core   0: 0x000000008000ff56 (0xfc843703) ld      a4, -56(s0)
core   0: 3 0x000000008000ff56 (0xfc843703) x14 0x0000000080012040 mem 0x0000000080031f38
core   0: 0x000000008000ff5a (0xfb843783) ld      a5, -72(s0)
core   0: 3 0x000000008000ff5a (0xfb843783) x15 0x000000000000009c mem 0x0000000080031f28
core   0: 0x000000008000ff5e (0x000097ba) c.add   a5, a4
core   0: 3 0x000000008000ff5e (0x97ba) x15 0x00000000800120dc
core   0: 0x000000008000ff60 (0xfe043703) ld      a4, -32(s0)
core   0: 3 0x000000008000ff60 (0xfe043703) x14 0x00000000800120d5 mem 0x0000000080031f50
core   0: 0x000000008000ff64 (0xfcf76de3) bltu    a4, a5, pc - 38
core   0: 3 0x000000008000ff64 (0xfcf76de3)
core   0: 0x000000008000ff3e (0xfe043783) ld      a5, -32(s0)
core   0: 3 0x000000008000ff3e (0xfe043783) x15 0x00000000800120d5 mem 0x0000000080031f50
core   0: 0x000000008000ff42 (0x00178713) addi    a4, a5, 1
core   0: 3 0x000000008000ff42 (0x00178713) x14 0x00000000800120d6
core   0: 0x000000008000ff46 (0xfee43023) sd      a4, -32(s0)
core   0: 3 0x000000008000ff46 (0xfee43023) mem 0x0000000080031f50 0x00000000800120d6
core   0: 0x000000008000ff4a (0xfc442703) lw      a4, -60(s0)
core   0: 3 0x000000008000ff4a (0xfc442703) x14 0x0000000000000000 mem 0x0000000080031f34
core   0: 0x000000008000ff4e (0x0ff77713) andi    a4, a4, 255
core   0: 3 0x000000008000ff4e (0x0ff77713) x14 0x0000000000000000
core   0: 0x000000008000ff52 (0x00e78023) sb      a4, 0(a5)
core   0: 3 0x000000008000ff52 (0x00e78023) mem 0x00000000800120d5 0x00
core   0: 0x000000008000ff56 (0xfc843703) ld      a4, -56(s0)
core   0: 3 0x000000008000ff56 (0xfc843703) x14 0x0000000080012040 mem 0x0000000080031f38
core   0: 0x000000008000ff5a (0xfb843783) ld      a5, -72(s0)
core   0: 3 0x000000008000ff5a (0xfb843783) x15 0x000000000000009c mem 0x0000000080031f28
core   0: 0x000000008000ff5e (0x000097ba) c.add   a5, a4
core   0: 3 0x000000008000ff5e (0x97ba) x15 0x00000000800120dc
core   0: 0x000000008000ff60 (0xfe043703) ld      a4, -32(s0)
core   0: 3 0x000000008000ff60 (0xfe043703) x14 0x00000000800120d6 mem 0x0000000080031f50
core   0: 0x000000008000ff64 (0xfcf76de3) bltu    a4, a5, pc - 38
core   0: 3 0x000000008000ff64 (0xfcf76de3)
core   0: 0x000000008000ff3e (0xfe043783) ld      a5, -32(s0)
core   0: 3 0x000000008000ff3e (0xfe043783) x15 0x00000000800120d6 mem 0x0000000080031f50
core   0: 0x000000008000ff42 (0x00178713) addi    a4, a5, 1
core   0: 3 0x000000008000ff42 (0x00178713) x14 0x00000000800120d7
core   0: 0x000000008000ff46 (0xfee43023) sd      a4, -32(s0)
core   0: 3 0x000000008000ff46 (0xfee43023) mem 0x0000000080031f50 0x00000000800120d7
core   0: 0x000000008000ff4a (0xfc442703) lw      a4, -60(s0)
core   0: 3 0x000000008000ff4a (0xfc442703) x14 0x0000000000000000 mem 0x0000000080031f34
core   0: 0x000000008000ff4e (0x0ff77713) andi    a4, a4, 255
core   0: 3 0x000000008000ff4e (0x0ff77713) x14 0x0000000000000000
core   0: 0x000000008000ff52 (0x00e78023) sb      a4, 0(a5)
core   0: 3 0x000000008000ff52 (0x00e78023) mem 0x00000000800120d6 0x00
core   0: 0x000000008000ff56 (0xfc843703) ld      a4, -56(s0)
core   0: 3 0x000000008000ff56 (0xfc843703) x14 0x0000000080012040 mem 0x0000000080031f38
core   0: 0x000000008000ff5a (0xfb843783) ld      a5, -72(s0)
core   0: 3 0x000000008000ff5a (0xfb843783) x15 0x000000000000009c mem 0x0000000080031f28
core   0: 0x000000008000ff5e (0x000097ba) c.add   a5, a4
core   0: 3 0x000000008000ff5e (0x97ba) x15 0x00000000800120dc
core   0: 0x000000008000ff60 (0xfe043703) ld      a4, -32(s0)
core   0: 3 0x000000008000ff60 (0xfe043703) x14 0x00000000800120d7 mem 0x0000000080031f50
core   0: 0x000000008000ff64 (0xfcf76de3) bltu    a4, a5, pc - 38
core   0: 3 0x000000008000ff64 (0xfcf76de3)
core   0: 0x000000008000ff3e (0xfe043783) ld      a5, -32(s0)
core   0: 3 0x000000008000ff3e (0xfe043783) x15 0x00000000800120d7 mem 0x0000000080031f50
core   0: 0x000000008000ff42 (0x00178713) addi    a4, a5, 1
core   0: 3 0x000000008000ff42 (0x00178713) x14 0x00000000800120d8
core   0: 0x000000008000ff46 (0xfee43023) sd      a4, -32(s0)
core   0: 3 0x000000008000ff46 (0xfee43023) mem 0x0000000080031f50 0x00000000800120d8
core   0: 0x000000008000ff4a (0xfc442703) lw      a4, -60(s0)
core   0: 3 0x000000008000ff4a (0xfc442703) x14 0x0000000000000000 mem 0x0000000080031f34
core   0: 0x000000008000ff4e (0x0ff77713) andi    a4, a4, 255
core   0: 3 0x000000008000ff4e (0x0ff77713) x14 0x0000000000000000
core   0: 0x000000008000ff52 (0x00e78023) sb      a4, 0(a5)
core   0: 3 0x000000008000ff52 (0x00e78023) mem 0x00000000800120d7 0x00
core   0: 0x000000008000ff56 (0xfc843703) ld      a4, -56(s0)
core   0: 3 0x000000008000ff56 (0xfc843703) x14 0x0000000080012040 mem 0x0000000080031f38
core   0: 0x000000008000ff5a (0xfb843783) ld      a5, -72(s0)
core   0: 3 0x000000008000ff5a (0xfb843783) x15 0x000000000000009c mem 0x0000000080031f28
core   0: 0x000000008000ff5e (0x000097ba) c.add   a5, a4
core   0: 3 0x000000008000ff5e (0x97ba) x15 0x00000000800120dc
core   0: 0x000000008000ff60 (0xfe043703) ld      a4, -32(s0)
core   0: 3 0x000000008000ff60 (0xfe043703) x14 0x00000000800120d8 mem 0x0000000080031f50
core   0: 0x000000008000ff64 (0xfcf76de3) bltu    a4, a5, pc - 38
core   0: 3 0x000000008000ff64 (0xfcf76de3)
core   0: 0x000000008000ff3e (0xfe043783) ld      a5, -32(s0)
core   0: 3 0x000000008000ff3e (0xfe043783) x15 0x00000000800120d8 mem 0x0000000080031f50
core   0: 0x000000008000ff42 (0x00178713) addi    a4, a5, 1
core   0: 3 0x000000008000ff42 (0x00178713) x14 0x00000000800120d9
core   0: 0x000000008000ff46 (0xfee43023) sd      a4, -32(s0)
core   0: 3 0x000000008000ff46 (0xfee43023) mem 0x0000000080031f50 0x00000000800120d9
core   0: 0x000000008000ff4a (0xfc442703) lw      a4, -60(s0)
core   0: 3 0x000000008000ff4a (0xfc442703) x14 0x0000000000000000 mem 0x0000000080031f34
core   0: 0x000000008000ff4e (0x0ff77713) andi    a4, a4, 255
core   0: 3 0x000000008000ff4e (0x0ff77713) x14 0x0000000000000000
core   0: 0x000000008000ff52 (0x00e78023) sb      a4, 0(a5)
core   0: 3 0x000000008000ff52 (0x00e78023) mem 0x00000000800120d8 0x00
core   0: 0x000000008000ff56 (0xfc843703) ld      a4, -56(s0)
core   0: 3 0x000000008000ff56 (0xfc843703) x14 0x0000000080012040 mem 0x0000000080031f38
core   0: 0x000000008000ff5a (0xfb843783) ld      a5, -72(s0)
core   0: 3 0x000000008000ff5a (0xfb843783) x15 0x000000000000009c mem 0x0000000080031f28
core   0: 0x000000008000ff5e (0x000097ba) c.add   a5, a4
core   0: 3 0x000000008000ff5e (0x97ba) x15 0x00000000800120dc
core   0: 0x000000008000ff60 (0xfe043703) ld      a4, -32(s0)
core   0: 3 0x000000008000ff60 (0xfe043703) x14 0x00000000800120d9 mem 0x0000000080031f50
core   0: 0x000000008000ff64 (0xfcf76de3) bltu    a4, a5, pc - 38
core   0: 3 0x000000008000ff64 (0xfcf76de3)
core   0: 0x000000008000ff3e (0xfe043783) ld      a5, -32(s0)
core   0: 3 0x000000008000ff3e (0xfe043783) x15 0x00000000800120d9 mem 0x0000000080031f50
core   0: 0x000000008000ff42 (0x00178713) addi    a4, a5, 1
core   0: 3 0x000000008000ff42 (0x00178713) x14 0x00000000800120da
core   0: 0x000000008000ff46 (0xfee43023) sd      a4, -32(s0)
core   0: 3 0x000000008000ff46 (0xfee43023) mem 0x0000000080031f50 0x00000000800120da
core   0: 0x000000008000ff4a (0xfc442703) lw      a4, -60(s0)
core   0: 3 0x000000008000ff4a (0xfc442703) x14 0x0000000000000000 mem 0x0000000080031f34
core   0: 0x000000008000ff4e (0x0ff77713) andi    a4, a4, 255
core   0: 3 0x000000008000ff4e (0x0ff77713) x14 0x0000000000000000
core   0: 0x000000008000ff52 (0x00e78023) sb      a4, 0(a5)
core   0: 3 0x000000008000ff52 (0x00e78023) mem 0x00000000800120d9 0x00
core   0: 0x000000008000ff56 (0xfc843703) ld      a4, -56(s0)
core   0: 3 0x000000008000ff56 (0xfc843703) x14 0x0000000080012040 mem 0x0000000080031f38
core   0: 0x000000008000ff5a (0xfb843783) ld      a5, -72(s0)
core   0: 3 0x000000008000ff5a (0xfb843783) x15 0x000000000000009c mem 0x0000000080031f28
core   0: 0x000000008000ff5e (0x000097ba) c.add   a5, a4
core   0: 3 0x000000008000ff5e (0x97ba) x15 0x00000000800120dc
core   0: 0x000000008000ff60 (0xfe043703) ld      a4, -32(s0)
core   0: 3 0x000000008000ff60 (0xfe043703) x14 0x00000000800120da mem 0x0000000080031f50
core   0: 0x000000008000ff64 (0xfcf76de3) bltu    a4, a5, pc - 38
core   0: 3 0x000000008000ff64 (0xfcf76de3)
core   0: 0x000000008000ff3e (0xfe043783) ld      a5, -32(s0)
core   0: 3 0x000000008000ff3e (0xfe043783) x15 0x00000000800120da mem 0x0000000080031f50
core   0: 0x000000008000ff42 (0x00178713) addi    a4, a5, 1
core   0: 3 0x000000008000ff42 (0x00178713) x14 0x00000000800120db
core   0: 0x000000008000ff46 (0xfee43023) sd      a4, -32(s0)
core   0: 3 0x000000008000ff46 (0xfee43023) mem 0x0000000080031f50 0x00000000800120db
core   0: 0x000000008000ff4a (0xfc442703) lw      a4, -60(s0)
core   0: 3 0x000000008000ff4a (0xfc442703) x14 0x0000000000000000 mem 0x0000000080031f34
core   0: 0x000000008000ff4e (0x0ff77713) andi    a4, a4, 255
core   0: 3 0x000000008000ff4e (0x0ff77713) x14 0x0000000000000000
core   0: 0x000000008000ff52 (0x00e78023) sb      a4, 0(a5)
core   0: 3 0x000000008000ff52 (0x00e78023) mem 0x00000000800120da 0x00
core   0: 0x000000008000ff56 (0xfc843703) ld      a4, -56(s0)
core   0: 3 0x000000008000ff56 (0xfc843703) x14 0x0000000080012040 mem 0x0000000080031f38
core   0: 0x000000008000ff5a (0xfb843783) ld      a5, -72(s0)
core   0: 3 0x000000008000ff5a (0xfb843783) x15 0x000000000000009c mem 0x0000000080031f28
core   0: 0x000000008000ff5e (0x000097ba) c.add   a5, a4
core   0: 3 0x000000008000ff5e (0x97ba) x15 0x00000000800120dc
core   0: 0x000000008000ff60 (0xfe043703) ld      a4, -32(s0)
core   0: 3 0x000000008000ff60 (0xfe043703) x14 0x00000000800120db mem 0x0000000080031f50
core   0: 0x000000008000ff64 (0xfcf76de3) bltu    a4, a5, pc - 38
core   0: 3 0x000000008000ff64 (0xfcf76de3)
core   0: 0x000000008000ff3e (0xfe043783) ld      a5, -32(s0)
core   0: 3 0x000000008000ff3e (0xfe043783) x15 0x00000000800120db mem 0x0000000080031f50
core   0: 0x000000008000ff42 (0x00178713) addi    a4, a5, 1
core   0: 3 0x000000008000ff42 (0x00178713) x14 0x00000000800120dc
core   0: 0x000000008000ff46 (0xfee43023) sd      a4, -32(s0)
core   0: 3 0x000000008000ff46 (0xfee43023) mem 0x0000000080031f50 0x00000000800120dc
core   0: 0x000000008000ff4a (0xfc442703) lw      a4, -60(s0)
core   0: 3 0x000000008000ff4a (0xfc442703) x14 0x0000000000000000 mem 0x0000000080031f34
core   0: 0x000000008000ff4e (0x0ff77713) andi    a4, a4, 255
core   0: 3 0x000000008000ff4e (0x0ff77713) x14 0x0000000000000000
core   0: 0x000000008000ff52 (0x00e78023) sb      a4, 0(a5)
core   0: 3 0x000000008000ff52 (0x00e78023) mem 0x00000000800120db 0x00
core   0: 0x000000008000ff56 (0xfc843703) ld      a4, -56(s0)
core   0: 3 0x000000008000ff56 (0xfc843703) x14 0x0000000080012040 mem 0x0000000080031f38
core   0: 0x000000008000ff5a (0xfb843783) ld      a5, -72(s0)
core   0: 3 0x000000008000ff5a (0xfb843783) x15 0x000000000000009c mem 0x0000000080031f28
core   0: 0x000000008000ff5e (0x000097ba) c.add   a5, a4
core   0: 3 0x000000008000ff5e (0x97ba) x15 0x00000000800120dc
core   0: 0x000000008000ff60 (0xfe043703) ld      a4, -32(s0)
core   0: 3 0x000000008000ff60 (0xfe043703) x14 0x00000000800120dc mem 0x0000000080031f50
core   0: 0x000000008000ff64 (0xfcf76de3) bltu    a4, a5, pc - 38
core   0: 3 0x000000008000ff64 (0xfcf76de3)
core   0: 0x000000008000ff68 (0xfc843783) ld      a5, -56(s0)
core   0: 3 0x000000008000ff68 (0xfc843783) x15 0x0000000080012040 mem 0x0000000080031f38
core   0: 0x000000008000ff6c (0x0000853e) c.mv    a0, a5
core   0: 3 0x000000008000ff6c (0x853e) x10 0x0000000080012040
core   0: 0x000000008000ff6e (0x00006426) c.ldsp  s0, 72(sp)
core   0: 3 0x000000008000ff6e (0x6426) x8  0x0000000080031f90 mem 0x0000000080031f68
core   0: 0x000000008000ff70 (0x00006161) c.addi16sp sp, 80
core   0: 3 0x000000008000ff70 (0x6161) x2  0x0000000080031f70
core   0: 0x000000008000ff72 (0x00008082) ret
core   0: 3 0x000000008000ff72 (0x8082)
core   0: 0x000000008000f526 (0x00000001) c.nop
core   0: 3 0x000000008000f526 (0x0001)
core   0: 0x000000008000f528 (0x000060e2) c.ldsp  ra, 24(sp)
core   0: 3 0x000000008000f528 (0x60e2) x1  0x000000008000f566 mem 0x0000000080031f88
core   0: 0x000000008000f52a (0x00006442) c.ldsp  s0, 16(sp)
core   0: 3 0x000000008000f52a (0x6442) x8  0x0000000080032040 mem 0x0000000080031f80
core   0: 0x000000008000f52c (0x00006105) c.addi16sp sp, 32
core   0: 3 0x000000008000f52c (0x6105) x2  0x0000000080031f90
core   0: 0x000000008000f52e (0x00008082) ret
core   0: 3 0x000000008000f52e (0x8082)
core   0: 0x000000008000f566 (0xf5842703) lw      a4, -168(s0)
core   0: 3 0x000000008000f566 (0xf5842703) x14 0x0000000000000001 mem 0x0000000080031f98
core   0: 0x000000008000f56a (0xf5c42783) lw      a5, -164(s0)
core   0: 3 0x000000008000f56a (0xf5c42783) x15 0x0000000000000000 mem 0x0000000080031f9c
core   0: 0x000000008000f56e (0x000085ba) c.mv    a1, a4
core   0: 3 0x000000008000f56e (0x85ba) x11 0x0000000000000001
core   0: 0x000000008000f570 (0x0000853e) c.mv    a0, a5
core   0: 3 0x000000008000f570 (0x853e) x10 0x0000000000000000
core   0: 0x000000008000f572 (0xf03ff0ef) jal     pc - 0xfe
core   0: 3 0x000000008000f572 (0xf03ff0ef) x1  0x000000008000f576
core   0: >>>>  thread_entry
core   0: 0x000000008000f474 (0x00001101) c.addi  sp, -32
core   0: 3 0x000000008000f474 (0x1101) x2  0x0000000080031f70
core   0: 0x000000008000f476 (0x0000ec22) c.sdsp  s0, 24(sp)
core   0: 3 0x000000008000f476 (0xec22) mem 0x0000000080031f88 0x0000000080032040
core   0: 0x000000008000f478 (0x00001000) c.addi4spn s0, sp, 32
core   0: 3 0x000000008000f478 (0x1000) x8  0x0000000080031f90
core   0: 0x000000008000f47a (0x000087aa) c.mv    a5, a0
core   0: 3 0x000000008000f47a (0x87aa) x15 0x0000000000000000
core   0: 0x000000008000f47c (0x0000872e) c.mv    a4, a1
core   0: 3 0x000000008000f47c (0x872e) x14 0x0000000000000001
core   0: 0x000000008000f47e (0xfef42623) sw      a5, -20(s0)
core   0: 3 0x000000008000f47e (0xfef42623) mem 0x0000000080031f7c 0x00000000
core   0: 0x000000008000f482 (0x000087ba) c.mv    a5, a4
core   0: 3 0x000000008000f482 (0x87ba) x15 0x0000000000000001
core   0: 0x000000008000f484 (0xfef42423) sw      a5, -24(s0)
core   0: 3 0x000000008000f484 (0xfef42423) mem 0x0000000080031f78 0x00000001
core   0: 0x000000008000f488 (0x00000001) c.nop
core   0: 3 0x000000008000f488 (0x0001)
core   0: 0x000000008000f48a (0xfec42783) lw      a5, -20(s0)
core   0: 3 0x000000008000f48a (0xfec42783) x15 0x0000000000000000 mem 0x0000000080031f7c
core   0: 0x000000008000f48e (0x00002781) c.addiw a5, 0
core   0: 3 0x000000008000f48e (0x2781) x15 0x0000000000000000
core   0: 0x000000008000f490 (0x0000ffed) c.bnez  a5, pc - 6
core   0: 3 0x000000008000f490 (0xffed)
core   0: 0x000000008000f492 (0x00000001) c.nop
core   0: 3 0x000000008000f492 (0x0001)
core   0: 0x000000008000f494 (0x00000001) c.nop
core   0: 3 0x000000008000f494 (0x0001)
core   0: 0x000000008000f496 (0x00006462) c.ldsp  s0, 24(sp)
core   0: 3 0x000000008000f496 (0x6462) x8  0x0000000080032040 mem 0x0000000080031f88
core   0: 0x000000008000f498 (0x00006105) c.addi16sp sp, 32
core   0: 3 0x000000008000f498 (0x6105) x2  0x0000000080031f90
core   0: 0x000000008000f49a (0x00008082) ret
core   0: 3 0x000000008000f49a (0x8082)
core   0: 0x000000008000f576 (0x00004581) c.li    a1, 0
core   0: 3 0x000000008000f576 (0x4581) x11 0x0000000000000000
core   0: 0x000000008000f578 (0x00004501) c.li    a0, 0
core   0: 3 0x000000008000f578 (0x4501) x10 0x0000000000000000
core   0: 0x000000008000f57a (0xa87f20ef) jal     pc - 0xd57a
core   0: 3 0x000000008000f57a (0xa87f20ef) x1  0x000000008000f57e
core   0: >>>>  main
core   0: 0x0000000080002000 (0x00000001) c.nop
core   0: 3 0x0000000080002000 (0x0001)
core   0: >>>>  trap_vec_init
core   0: 0x0000000080002002 (0x00002797) auipc   a5, 0x2
core   0: 3 0x0000000080002002 (0x00002797) x15 0x0000000080004002
core   0: 0x0000000080002006 (0xffe78793) addi    a5, a5, -2
core   0: 3 0x0000000080002006 (0xffe78793) x15 0x0000000080004000
core   0: 0x000000008000200a (0x30579073) csrrw   zero, mtvec, a5
core   0: 3 0x000000008000200a (0x30579073) c773_mtvec 0x0000000080004000
core   0: >>>>  pmp_setup
core   0: 0x000000008000200e (0x00002c17) auipc   s8, 0x2
core   0: 3 0x000000008000200e (0x00002c17) x24 0x000000008000400e
core   0: 0x0000000080002012 (0x022c0c13) addi    s8, s8, 34
core   0: 3 0x0000000080002012 (0x022c0c13) x24 0x0000000080004030
core   0: 0x0000000080002016 (0x00004781) c.li    a5, 0
core   0: 3 0x0000000080002016 (0x4781) x15 0x0000000000000000
core   0: 0x0000000080002018 (0x00009c3e) c.add   s8, a5
core   0: 3 0x0000000080002018 (0x9c3e) x24 0x0000000080004030
core   0: 0x000000008000201a (0x3b0c1073) csrrw   zero, pmpaddr0, s8
core   0: 3 0x000000008000201a (0x3b0c1073) c944_pmpaddr0 0x0000000080004030
core   0: 0x000000008000201e (0x00004c3d) c.li    s8, 15
core   0: 3 0x000000008000201e (0x4c3d) x24 0x000000000000000f
core   0: 0x0000000080002020 (0x3a0c1073) csrrw   zero, pmpcfg0, s8
core   0: 3 0x0000000080002020 (0x3a0c1073) c928_pmpcfg0 0x000000000000000f
core   0: 0x0000000080002024 (0x12000073) sfence.vma zero, zero
core   0: 3 0x0000000080002024 (0x12000073)
core   0: >>>>  mepc_setup
core   0: 0x0000000080002028 (0x00002797) auipc   a5, 0x2
core   0: 3 0x0000000080002028 (0x00002797) x15 0x0000000080004028
core   0: 0x000000008000202c (0x00878793) addi    a5, a5, 8
core   0: 3 0x000000008000202c (0x00878793) x15 0x0000000080004030
core   0: 0x0000000080002030 (0x34179073) csrrw   zero, mepc, a5
core   0: 3 0x0000000080002030 (0x34179073) c833_mepc 0x0000000080004030
core   0: >>>>  custom_csr_setup
core   0: 0x0000000080002034 (0x00100f9b) addiw   t6, zero, 1
core   0: 3 0x0000000080002034 (0x00100f9b) x31 0x0000000000000001
core   0: 0x0000000080002038 (0x00000ffe) c.slli  t6, 31
core   0: 3 0x0000000080002038 (0x0ffe) x31 0x0000000080000000
core   0: 0x000000008000203a (0x00000001) c.nop
core   0: 3 0x000000008000203a (0x0001)
core   0: >>>>  init_s_mode
core   0: 0x000000008000203c (0xfff0079b) addiw   a5, zero, -1
core   0: 3 0x000000008000203c (0xfff0079b) x15 0xffffffffffffffff
core   0: 0x0000000080002040 (0x000017fe) c.slli  a5, 63
core   0: 3 0x0000000080002040 (0x17fe) x15 0x8000000000000000
core   0: 0x0000000080002042 (0x18079073) csrrw   zero, satp, a5
core   0: 3 0x0000000080002042 (0x18079073) c384_satp 0x8000000000000000
core   0: 0x0000000080002046 (0x0000f797) auipc   a5, 0xf
core   0: 3 0x0000000080002046 (0x0000f797) x15 0x0000000080011046
core   0: 0x000000008000204a (0xfba78793) addi    a5, a5, -70
core   0: 3 0x000000008000204a (0xfba78793) x15 0x0000000080011000
core   0: 0x000000008000204e (0x000083b1) c.srli  a5, 12
core   0: 3 0x000000008000204e (0x83b1) x15 0x0000000000080011
core   0: 0x0000000080002050 (0x0010061b) addiw   a2, zero, 1
core   0: 3 0x0000000080002050 (0x0010061b) x12 0x0000000000000001
core   0: 0x0000000080002054 (0x00001632) c.slli  a2, 44
core   0: 3 0x0000000080002054 (0x1632) x12 0x0000100000000000
core   0: 0x0000000080002056 (0x0000167d) c.addi  a2, -1
core   0: 3 0x0000000080002056 (0x167d) x12 0x00000fffffffffff
core   0: 0x0000000080002058 (0x00008ff1) c.and   a5, a2
core   0: 3 0x0000000080002058 (0x8ff1) x15 0x0000000000080011
core   0: 0x000000008000205a (0x1807a073) csrrs   zero, satp, a5
core   0: 3 0x000000008000205a (0x1807a073) c384_satp 0x8000000000080011
core   0: 0x000000008000205e (0x00a005b7) lui     a1, 0xa00
core   0: 3 0x000000008000205e (0x00a005b7) x11 0x0000000000a00000
core   0: 0x0000000080002062 (0x10b5859b) addiw   a1, a1, 267
core   0: 3 0x0000000080002062 (0x10b5859b) x11 0x0000000000a0010b
core   0: 0x0000000080002066 (0x000005b2) c.slli  a1, 12
core   0: 3 0x0000000080002066 (0x05b2) x11 0x0000000a0010b000
core   0: 0x0000000080002068 (0xa0058593) addi    a1, a1, -1536
core   0: 3 0x0000000080002068 (0xa0058593) x11 0x0000000a0010aa00
core   0: 0x000000008000206c (0x30059073) csrrw   zero, mstatus, a1
core   0: 3 0x000000008000206c (0x30059073) c768_mstatus 0x0000000a00102800
core   0: 0x0000000080002070 (0x30459073) csrrw   zero, mie, a1
core   0: 3 0x0000000080002070 (0x30459073) c772_mie 0x0000000000000a00
core   0: 0x0000000080002074 (0x00a005b7) lui     a1, 0xa00
core   0: 3 0x0000000080002074 (0x00a005b7) x11 0x0000000000a00000
core   0: 0x0000000080002078 (0x10b5859b) addiw   a1, a1, 267
core   0: 3 0x0000000080002078 (0x10b5859b) x11 0x0000000000a0010b
core   0: 0x000000008000207c (0x000005b2) c.slli  a1, 12
core   0: 3 0x000000008000207c (0x05b2) x11 0x0000000a0010b000
core   0: 0x000000008000207e (0xa0058593) addi    a1, a1, -1536
core   0: 3 0x000000008000207e (0xa0058593) x11 0x0000000a0010aa00
core   0: 0x0000000080002082 (0x10059073) csrrw   zero, sstatus, a1
core   0: 3 0x0000000080002082 (0x10059073) c768_mstatus 0x0000000a00102800
core   0: 0x0000000080002086 (0x10459073) csrrw   zero, sie, a1
core   0: 3 0x0000000080002086 (0x10459073) c772_mie 0x0000000000000a00
core   0: 0x000000008000208a (0x30200073) mret
core   0: 3 0x000000008000208a (0x30200073) c768_mstatus 0x0000000a00102080
core   0: >>>>  main_g
core   0: 0x0000000080004030 (0x02709213) slli    tp, ra, 39
core   0: 1 0x0000000080004030 (0x02709213) x4  0x007abf0000000000
core   0: 0x0000000080004034 (0xd02efbd3) fcvt.s.l fs7, t4
core   0: 1 0x0000000080004034 (0xd02efbd3) c768_mstatus 0x8000000a00106080 f23 0xffffffff00000000
core   0: 0x0000000080004038 (0x0138943b) sllw    s0, a7, s3
core   0: 1 0x0000000080004038 (0x0138943b) x8  0x0000000000000000
core   0: 0x000000008000403c (0xe20a8b53) fmv.x.d s6, fs5
core   0: 1 0x000000008000403c (0xe20a8b53) x22 0xffffffff00000000
core   0: 0x0000000080004040 (0x408bda1b) sraiw   s4, s7, 8
core   0: 1 0x0000000080004040 (0x408bda1b) x20 0x0000000000000000
core   0: 0x0000000080004044 (0x0073ddbb) srlw    s11, t2, t2
core   0: 1 0x0000000080004044 (0x0073ddbb) x27 0x0000000000000000
core   0: 0x0000000080004048 (0xd6b34517) auipc   a0, 0xd6b34
core   0: 1 0x0000000080004048 (0xd6b34517) x10 0x0000000056b38048
core   0: 0x000000008000404c (0xa2e508d3) fle.d   a7, fa0, fa4
core   0: 1 0x000000008000404c (0xa2e508d3) c1_fflags 0x0000000000000010 x17 0x0000000000000000
core   0: 0x0000000080004050 (0xc22bfed3) fcvt.l.d t4, fs7
core   0: 1 0x0000000080004050 (0xc22bfed3) c1_fflags 0x0000000000000010 x29 0x7fffffffffffffff
core   0: 0x0000000080004054 (0x41095e33) sra     t3, s2, a6
core   0: 1 0x0000000080004054 (0x41095e33) x28 0x0000000000000000
core   0: 0x0000000080004058 (0x000e9c13) slli    s8, t4, 0
core   0: 1 0x0000000080004058 (0x000e9c13) x24 0x7fffffffffffffff
core   0: 0x000000008000405c (0x018064b3) or      s1, zero, s8
core   0: 1 0x000000008000405c (0x018064b3) x9  0x7fffffffffffffff
core   0: 0x0000000080004060 (0xd2327853) fcvt.d.lu fa6, tp
core   0: 1 0x0000000080004060 (0xd2327853) f16 0x435eafc000000000
core   0: 0x0000000080004064 (0xb82919f3) csrrw   s3, minstreth, s2
core   0: exception trap_illegal_instruction, epc 0x0000000080004064
core   0:           tval 0x00000000b82919f3
core   0: >>>>  $xrv64i2p1_m2p0_a2p1_f2p2_d2p2_zicsr2p0_zifencei2p0_zmmul1p0_zba1p0_zbb1p0_zbc1p0_zbs1p0
core   0: 0x0000000080004000 (0x0080006f) j       pc + 0x8
core   0: 3 0x0000000080004000 (0x0080006f)
core   0: >>>>  mmode_exception_handler
core   0: 0x0000000080004008 (0x00002c17) auipc   s8, 0x2
core   0: 3 0x0000000080004008 (0x00002c17) x24 0x0000000080006008
core   0: 0x000000008000400c (0x014c0c13) addi    s8, s8, 20
core   0: 3 0x000000008000400c (0x014c0c13) x24 0x000000008000601c
core   0: 0x0000000080004010 (0x000c00e7) jalr    s8
core   0: 3 0x0000000080004010 (0x000c00e7) x1  0x0000000080004014
core   0: >>>>  any_handler
core   0: 0x000000008000601c (0x341027f3) csrrs   a5, mepc, zero
core   0: 3 0x000000008000601c (0x341027f3) x15 0x0000000080004064
core   0: 0x0000000080006020 (0x34202773) csrrs   a4, mcause, zero
core   0: 3 0x0000000080006020 (0x34202773) x14 0x0000000000000002
core   0: 0x0000000080006024 (0x142026f3) csrrs   a3, scause, zero
core   0: 3 0x0000000080006024 (0x142026f3) x13 0x0000000000000000
core   0: 0x0000000080006028 (0x30402673) csrrs   a2, mie, zero
core   0: 3 0x0000000080006028 (0x30402673) x12 0x0000000000000a00
core   0: 0x000000008000602c (0x344025f3) csrrs   a1, mip, zero
core   0: 3 0x000000008000602c (0x344025f3) x11 0x0000000000000080
core   0: 0x0000000080006030 (0x343025f3) csrrs   a1, mtval, zero
core   0: 3 0x0000000080006030 (0x343025f3) x11 0x00000000b82919f3
core   0: 0x0000000080006034 (0x14302573) csrrs   a0, stval, zero
core   0: 3 0x0000000080006034 (0x14302573) x10 0x0000000000000000
core   0: 0x0000000080006038 (0xb02024f3) csrrs   s1, minstret, zero
core   0: 3 0x0000000080006038 (0xb02024f3) x9  0x00000000000007d8
core   0: 0x000000008000603c (0x0000a811) c.j     pc + 20
core   0: 3 0x000000008000603c (0xa811)
core   0: >>>>  mepc_4
core   0: 0x0000000080006050 (0x00000791) c.addi  a5, 4
core   0: 3 0x0000000080006050 (0x0791) x15 0x0000000080004068
core   0: 0x0000000080006052 (0x34179073) csrrw   zero, mepc, a5
core   0: 3 0x0000000080006052 (0x34179073) c833_mepc 0x0000000080004068
core   0: 0x0000000080006056 (0x30200073) mret
core   0: 3 0x0000000080006056 (0x30200073) c768_mstatus 0x8000000a00106080
core   0: 0x0000000080004068 (0x034850b3) divu    ra, a6, s4
core   0: 1 0x0000000080004068 (0x034850b3) x1  0xffffffffffffffff
core   0: 0x000000008000406c (0x23fba9d3) fsgnjx.d fs3, fs7, ft11
core   0: 1 0x000000008000406c (0x23fba9d3) f19 0x7fffffff00000000
core   0: 0x0000000080004070 (0x0ff0000f) fence   iorw,iorw
core   0: 1 0x0000000080004070 (0x0ff0000f)
core   0: 0x0000000080004074 (0x40f00733) sub     a4, zero, a5
core   0: 1 0x0000000080004074 (0x40f00733) x14 0xffffffff7fffbf98
core   0: 0x0000000080004078 (0x0265e2bb) remw    t0, a1, t1
core   0: 1 0x0000000080004078 (0x0265e2bb) x5  0xffffffffb82919f3
core   0: 0x000000008000407c (0x010c9abb) sllw    s5, s9, a6
core   0: 1 0x000000008000407c (0x010c9abb) x21 0x0000000000000000
core   0: 0x0000000080004080 (0x03dbebb3) rem     s7, s7, t4
core   0: 1 0x0000000080004080 (0x03dbebb3) x23 0x0000000000000000
core   0: 0x0000000080004084 (0xe366e9b7) lui     s3, 0xe366e
core   0: 1 0x0000000080004084 (0xe366e9b7) x19 0xffffffffe366e000
core   0: 0x0000000080004088 (0xda9dfdc7) fmsub.d fs11, fs11, fs1, fs11
core   0: 1 0x0000000080004088 (0xda9dfdc7) f27 0x7ff8000000000000
core   0: 0x000000008000408c (0x000114bb) sllw    s1, sp, zero
core   0: 1 0x000000008000408c (0x000114bb) x9  0xffffffff80031f90
core   0: 0x0000000080004090 (0x037e9eb3) mulh    t4, t4, s7
core   0: 1 0x0000000080004090 (0x037e9eb3) x29 0x0000000000000000
core   0: 0x0000000080004094 (0x013d4d33) xor     s10, s10, s3
core   0: 1 0x0000000080004094 (0x013d4d33) x26 0xffffffffe366e000
core   0: 0x0000000080004098 (0xc0227b53) fcvt.l.s s6, ft4
core   0: 1 0x0000000080004098 (0xc0227b53) x22 0x0000000000000000
core   0: 0x000000008000409c (0xd030f1d3) fcvt.s.lu ft3, ra
core   0: 1 0x000000008000409c (0xd030f1d3) c1_fflags 0x0000000000000011 f3  0xffffffff5f800000
core   0: 0x00000000800040a0 (0x033cccb3) div     s9, s9, s3
core   0: 1 0x00000000800040a0 (0x033cccb3) x25 0x0000000000000000
core   0: 0x00000000800040a4 (0xc02577d3) fcvt.l.s a5, fa0
core   0: 1 0x00000000800040a4 (0xc02577d3) x15 0x0000000000000000
core   0: 0x00000000800040a8 (0x7e1b4513) xori    a0, s6, 2017
core   0: 1 0x00000000800040a8 (0x7e1b4513) x10 0x00000000000007e1
core   0: 0x00000000800040ac (0x1b66f453) fdiv.d  fs0, fa3, fs6
core   0: 1 0x00000000800040ac (0x1b66f453) f8  0x7ff8000000000000
core   0: 0x00000000800040b0 (0x060591b7) lui     gp, 0x6059
core   0: 1 0x00000000800040b0 (0x060591b7) x3  0x0000000006059000
core   0: 0x00000000800040b4 (0xeaf1819b) addiw   gp, gp, -337
core   0: 1 0x00000000800040b4 (0xeaf1819b) x3  0x0000000006058eaf
core   0: 0x00000000800040b8 (0x000001b2) c.slli  gp, 12
core   0: 1 0x00000000800040b8 (0x01b2) x3  0x0000006058eaf000
core   0: 0x00000000800040ba (0x36418193) addi    gp, gp, 868
core   0: 1 0x00000000800040ba (0x36418193) x3  0x0000006058eaf364
core   0: 0x00000000800040be (0x019c9cbb) sllw    s9, s9, s9
core   0: 1 0x00000000800040be (0x019c9cbb) x25 0x0000000000000000
core   0: 0x00000000800040c2 (0x039d9433) mulh    s0, s11, s9
core   0: 1 0x00000000800040c2 (0x039d9433) x8  0x0000000000000000
core   0: 0x00000000800040c6 (0x009ba9b7) lui     s3, 0x9ba
core   0: 1 0x00000000800040c6 (0x009ba9b7) x19 0x00000000009ba000
core   0: 0x00000000800040ca (0x24b9899b) addiw   s3, s3, 587
core   0: 1 0x00000000800040ca (0x24b9899b) x19 0x00000000009ba24b
core   0: 0x00000000800040ce (0x000009b2) c.slli  s3, 12
core   0: 1 0x00000000800040ce (0x09b2) x19 0x00000009ba24b000
core   0: 0x00000000800040d0 (0x62898993) addi    s3, s3, 1576
core   0: 1 0x00000000800040d0 (0x62898993) x19 0x00000009ba24b628
core   0: 0x00000000800040d4 (0x41ab8c33) sub     s8, s7, s10
core   0: 1 0x00000000800040d4 (0x41ab8c33) x24 0x000000001c992000
core   0: 0x00000000800040d8 (0x01c677b3) and     a5, a2, t3
core   0: 1 0x00000000800040d8 (0x01c677b3) x15 0x0000000000000000
core   0: 0x00000000800040dc (0x02f5653b) remw    a0, a0, a5
core   0: 1 0x00000000800040dc (0x02f5653b) x10 0x00000000000007e1
core   0: 0x00000000800040e0 (0x00d7cbb3) xor     s7, a5, a3
core   0: 1 0x00000000800040e0 (0x00d7cbb3) x23 0x0000000000000000
core   0: 0x00000000800040e4 (0xd03575d3) fcvt.s.lu fa1, a0
core   0: 1 0x00000000800040e4 (0xd03575d3) f11 0xffffffff44fc2000
core   0: 0x00000000800040e8 (0x5a0778d3) fsqrt.d fa7, fa4
core   0: 1 0x00000000800040e8 (0x5a0778d3) f17 0x7ff8000000000000
core   0: 0x00000000800040ec (0x22b88dd3) fsgnj.d fs11, fa7, fa1
core   0: 1 0x00000000800040ec (0x22b88dd3) f27 0xfff8000000000000
core   0: 0x00000000800040f0 (0x401ada9b) sraiw   s5, s5, 1
core   0: 1 0x00000000800040f0 (0x401ada9b) x21 0x0000000000000000
core   0: 0x00000000800040f4 (0xe20f82d3) fmv.x.d t0, ft11
core   0: 1 0x00000000800040f4 (0xe20f82d3) x5  0xffffffff00000000
core   0: 0x00000000800040f8 (0x418d89bb) subw    s3, s11, s8
core   0: 1 0x00000000800040f8 (0x418d89bb) x19 0xffffffffe366e000
core   0: 0x00000000800040fc (0x01ae0b3b) addw    s6, t3, s10
core   0: 1 0x00000000800040fc (0x01ae0b3b) x22 0xffffffffe366e000
core   0: 0x0000000080004100 (0x40145193) srai    gp, s0, 1
core   0: 1 0x0000000080004100 (0x40145193) x3  0x0000000000000000
core   0: 0x0000000080004104 (0x01b6e6b3) or      a3, a3, s11
core   0: 1 0x0000000080004104 (0x01b6e6b3) x13 0x0000000000000000
core   0: 0x0000000080004108 (0x2b968cd3) fmin.d  fs9, fa3, fs9
core   0: 1 0x0000000080004108 (0x2b968cd3) f25 0x7ff8000000000000
core   0: 0x000000008000410c (0x00000001) c.nop
core   0: 1 0x000000008000410c (0x0001)
core   0: 0x000000008000410e (0x0094a4b3) slt     s1, s1, s1
core   0: 1 0x000000008000410e (0x0094a4b3) x9  0x0000000000000000
core   0: 0x0000000080004112 (0x002d15f3) csrrw   a1, frm, s10
core   0: 1 0x0000000080004112 (0x002d15f3) x11 0x0000000000000000 c2_frm 0x0000000000000000
core   0: 0x0000000080004116 (0x02bffb53) fadd.d  fs6, ft11, fa1
core   0: 1 0x0000000080004116 (0x02bffb53) f22 0x7ff8000000000000
core   0: 0x000000008000411a (0x01ded833) srl     a6, t4, t4
core   0: 1 0x000000008000411a (0x01ded833) x16 0x0000000000000000
core   0: 0x000000008000411e (0xc235f853) fcvt.lu.d a6, fa1
core   0: 1 0x000000008000411e (0xc235f853) c1_fflags 0x0000000000000011 x16 0xffffffffffffffff
core   0: 0x0000000080004122 (0x411e87bb) subw    a5, t4, a7
core   0: 1 0x0000000080004122 (0x411e87bb) x15 0x0000000000000000
core   0: 0x0000000080004126 (0x02455233) divu    tp, a0, tp
core   0: 1 0x0000000080004126 (0x02455233) x4  0x0000000000000000
core   0: 0x000000008000412a (0x42080153) fcvt.d.s ft2, fa6
core   0: 1 0x000000008000412a (0x42080153) f2  0x7ff8000000000000
core   0: 0x000000008000412e (0x00141473) csrrw   s0, fflags, s0
core   0: 1 0x000000008000412e (0x00141473) x8  0x0000000000000011 c1_fflags 0x0000000000000000
core   0: 0x0000000080004132 (0x0ff0000f) fence   iorw,iorw
core   0: 1 0x0000000080004132 (0x0ff0000f)
core   0: 0x0000000080004136 (0x41d1d1bb) sraw    gp, gp, t4
core   0: 1 0x0000000080004136 (0x41d1d1bb) x3  0x0000000000000000
core   0: 0x000000008000413a (0x03917c53) fadd.d  fs8, ft2, fs9
core   0: 1 0x000000008000413a (0x03917c53) f24 0x7ff8000000000000
core   0: 0x000000008000413e (0x0237da33) divu    s4, a5, gp
core   0: 1 0x000000008000413e (0x0237da33) x20 0xffffffffffffffff
core   0: 0x0000000080004142 (0x221b9253) fsgnjn.d ft4, fs7, ft1
core   0: 1 0x0000000080004142 (0x221b9253) f4  0x7fffffff00000000
core   0: 0x0000000080004146 (0x00f66533) or      a0, a2, a5
core   0: 1 0x0000000080004146 (0x00f66533) x10 0x0000000000000a00
core   0: 0x000000008000414a (0xd2000f53) fcvt.d.w ft10, zero
core   0: 1 0x000000008000414a (0xd2000f53) f30 0x0000000000000000
core   0: 0x000000008000414e (0x23931a53) fsgnjn.d fs4, ft6, fs9
core   0: 1 0x000000008000414e (0x23931a53) f20 0xffffffff00000000
core   0: 0x0000000080004152 (0x00575abb) srlw    s5, a4, t0
core   0: 1 0x0000000080004152 (0x00575abb) x21 0x000000007fffbf98
core   0: 0x0000000080004156 (0x00114bb3) xor     s7, sp, ra
core   0: 1 0x0000000080004156 (0x00114bb3) x23 0xffffffff7ffce06f
core   0: 0x000000008000415a (0x0126dcbb) srlw    s9, a3, s2
core   0: 1 0x000000008000415a (0x0126dcbb) x25 0x0000000000000000
core   0: 0x000000008000415e (0x419d5d33) sra     s10, s10, s9
core   0: 1 0x000000008000415e (0x419d5d33) x26 0xffffffffe366e000
core   0: 0x0000000080004162 (0x00000001) c.nop
core   0: 1 0x0000000080004162 (0x0001)
core   0: 0x0000000080004164 (0xc220f6d3) fcvt.l.d a3, ft1
core   0: 1 0x0000000080004164 (0xc220f6d3) c1_fflags 0x0000000000000010 x13 0x7fffffffffffffff
core   0: 0x0000000080004168 (0x648a0e93) addi    t4, s4, 1608
core   0: 1 0x0000000080004168 (0x648a0e93) x29 0x0000000000000647
core   0: 0x000000008000416c (0xc21f78d3) fcvt.wu.d a7, ft10
core   0: 1 0x000000008000416c (0xc21f78d3) x17 0x0000000000000000
core   0: 0x0000000080004170 (0xf28477cb) fnmsub.d fa5, fs0, fs0, ft10
core   0: 1 0x0000000080004170 (0xf28477cb) f15 0x7ff8000000000000
core   0: 0x0000000080004174 (0xfffee993) ori     s3, t4, -1
core   0: 1 0x0000000080004174 (0xfffee993) x19 0xffffffffffffffff
core   0: 0x0000000080004178 (0x0065523b) srlw    tp, a0, t1
core   0: 1 0x0000000080004178 (0x0065523b) x4  0x0000000000000a00
core   0: 0x000000008000417c (0x00051013) slli    zero, a0, 0
core   0: 1 0x000000008000417c (0x00051013)
core   0: 0x0000000080004180 (0x02167cb3) remu    s9, a2, ra
core   0: 1 0x0000000080004180 (0x02167cb3) x25 0x0000000000000a00
core   0: 0x0000000080004184 (0x018189bb) addw    s3, gp, s8
core   0: 1 0x0000000080004184 (0x018189bb) x19 0x000000001c992000
core   0: 0x0000000080004188 (0x234a0553) fsgnj.d fa0, fs4, fs4
core   0: 1 0x0000000080004188 (0x234a0553) f10 0xffffffff00000000
core   0: 0x000000008000418c (0xc2357653) fcvt.lu.d a2, fa0
core   0: 1 0x000000008000418c (0xc2357653) c1_fflags 0x0000000000000010 x12 0xffffffffffffffff
core   0: 0x0000000080004190 (0x2d619db7) lui     s11, 0x2d619
core   0: 1 0x0000000080004190 (0x2d619db7) x27 0x000000002d619000
core   0: 0x0000000080004194 (0x413c5abb) sraw    s5, s8, s3
core   0: 1 0x0000000080004194 (0x413c5abb) x21 0x000000001c992000
core   0: 0x0000000080004198 (0x1a1c4413) xori    s0, s8, 417
core   0: 1 0x0000000080004198 (0x1a1c4413) x8  0x000000001c9921a1
core   0: 0x000000008000419c (0x400ed89b) sraiw   a7, t4, 0
core   0: 1 0x000000008000419c (0x400ed89b) x17 0x0000000000000647
core   0: 0x00000000800041a0 (0x009e23b3) slt     t2, t3, s1
core   0: 1 0x00000000800041a0 (0x009e23b3) x7  0x0000000000000000
core   0: 0x00000000800041a4 (0x00076893) ori     a7, a4, 0
core   0: 1 0x00000000800041a4 (0x00076893) x17 0xffffffff7fffbf98
core   0: 0x00000000800041a8 (0x914cceb7) lui     t4, 0x914cc
core   0: 1 0x00000000800041a8 (0x914cceb7) x29 0xffffffff914cc000
core   0: 0x00000000800041ac (0x4108d4b3) sra     s1, a7, a6
core   0: 1 0x00000000800041ac (0x4108d4b3) x9  0xffffffffffffffff
core   0: 0x00000000800041b0 (0x005352b3) srl     t0, t1, t0
core   0: 1 0x00000000800041b0 (0x005352b3) x5  0x0000000000000000
core   0: 0x00000000800041b4 (0xa2110e53) fle.d   t3, ft2, ft1
core   0: 1 0x00000000800041b4 (0xa2110e53) c1_fflags 0x0000000000000010 x28 0x0000000000000000
core   0: 0x00000000800041b8 (0x8006c413) xori    s0, a3, -2048
core   0: 1 0x00000000800041b8 (0x8006c413) x8  0x80000000000007ff
core   0: 0x00000000800041bc (0x1a247153) fdiv.d  ft2, fs0, ft2
core   0: 1 0x00000000800041bc (0x1a247153) f2  0x7ff8000000000000
core   0: 0x00000000800041c0 (0x1221fa53) fmul.d  fs4, ft3, ft2
core   0: 1 0x00000000800041c0 (0x1221fa53) f20 0x7ff8000000000000
core   0: 0x00000000800041c4 (0x00140513) addi    a0, s0, 1
core   0: 1 0x00000000800041c4 (0x00140513) x10 0x8000000000000800
core   0: 0x00000000800041c8 (0x001695f3) csrrw   a1, fflags, a3
core   0: 1 0x00000000800041c8 (0x001695f3) x11 0x0000000000000010 c1_fflags 0x000000000000001f
core   0: 0x00000000800041cc (0x12a9f393) andi    t2, s3, 298
core   0: 1 0x00000000800041cc (0x12a9f393) x7  0x0000000000000000
core   0: 0x00000000800041d0 (0x034e7c3b) remuw   s8, t3, s4
core   0: 1 0x00000000800041d0 (0x034e7c3b) x24 0x0000000000000000
core   0: 0x00000000800041d4 (0x2b6d8b53) fmin.d  fs6, fs11, fs6
core   0: 1 0x00000000800041d4 (0x2b6d8b53) f22 0x7ff8000000000000
core   0: 0x00000000800041d8 (0x019d5233) srl     tp, s10, s9
core   0: 1 0x00000000800041d8 (0x019d5233) x4  0xffffffffe366e000
core   0: 0x00000000800041dc (0x02727ed3) fadd.d  ft9, ft4, ft7
core   0: 1 0x00000000800041dc (0x02727ed3) f29 0x7ff8000000000000
core   0: 0x00000000800041e0 (0x747d6d73) csrrsi  s10, mseccfg, 26
core   0: exception trap_illegal_instruction, epc 0x00000000800041e0
core   0:           tval 0x00000000747d6d73
core   0: >>>>  $xrv64i2p1_m2p0_a2p1_f2p2_d2p2_zicsr2p0_zifencei2p0_zmmul1p0_zba1p0_zbb1p0_zbc1p0_zbs1p0
core   0: 0x0000000080004000 (0x0080006f) j       pc + 0x8
core   0: 3 0x0000000080004000 (0x0080006f)
core   0: >>>>  mmode_exception_handler
core   0: 0x0000000080004008 (0x00002c17) auipc   s8, 0x2
core   0: 3 0x0000000080004008 (0x00002c17) x24 0x0000000080006008
core   0: 0x000000008000400c (0x014c0c13) addi    s8, s8, 20
core   0: 3 0x000000008000400c (0x014c0c13) x24 0x000000008000601c
core   0: 0x0000000080004010 (0x000c00e7) jalr    s8
core   0: 3 0x0000000080004010 (0x000c00e7) x1  0x0000000080004014
core   0: >>>>  any_handler
core   0: 0x000000008000601c (0x341027f3) csrrs   a5, mepc, zero
core   0: 3 0x000000008000601c (0x341027f3) x15 0x00000000800041e0
core   0: 0x0000000080006020 (0x34202773) csrrs   a4, mcause, zero
core   0: 3 0x0000000080006020 (0x34202773) x14 0x0000000000000002
core   0: 0x0000000080006024 (0x142026f3) csrrs   a3, scause, zero
core   0: 3 0x0000000080006024 (0x142026f3) x13 0x0000000000000000
core   0: 0x0000000080006028 (0x30402673) csrrs   a2, mie, zero
core   0: 3 0x0000000080006028 (0x30402673) x12 0x0000000000000a00
core   0: 0x000000008000602c (0x344025f3) csrrs   a1, mip, zero
core   0: 3 0x000000008000602c (0x344025f3) x11 0x0000000000000080
core   0: 0x0000000080006030 (0x343025f3) csrrs   a1, mtval, zero
core   0: 3 0x0000000080006030 (0x343025f3) x11 0x00000000747d6d73
core   0: 0x0000000080006034 (0x14302573) csrrs   a0, stval, zero
core   0: 3 0x0000000080006034 (0x14302573) x10 0x0000000000000000
core   0: 0x0000000080006038 (0xb02024f3) csrrs   s1, minstret, zero
core   0: 3 0x0000000080006038 (0xb02024f3) x9  0x0000000000000848
core   0: 0x000000008000603c (0x0000a811) c.j     pc + 20
core   0: 3 0x000000008000603c (0xa811)
core   0: >>>>  mepc_4
core   0: 0x0000000080006050 (0x00000791) c.addi  a5, 4
core   0: 3 0x0000000080006050 (0x0791) x15 0x00000000800041e4
core   0: 0x0000000080006052 (0x34179073) csrrw   zero, mepc, a5
core   0: 3 0x0000000080006052 (0x34179073) c833_mepc 0x00000000800041e4
core   0: 0x0000000080006056 (0x30200073) mret
core   0: 3 0x0000000080006056 (0x30200073) c768_mstatus 0x8000000a00106080
core   0: 0x00000000800041e4 (0x03ad3bb3) mulhu   s7, s10, s10
core   0: 1 0x00000000800041e4 (0x03ad3bb3) x23 0xffffffffc6cdc000
core   0: 0x00000000800041e8 (0x52d59c97) auipc   s9, 0x52d59
core   0: 1 0x00000000800041e8 (0x52d59c97) x25 0x00000000d2d5d1e8
core   0: 0x00000000800041ec (0x030d5293) srli    t0, s10, 48
core   0: 1 0x00000000800041ec (0x030d5293) x5  0x000000000000ffff
core   0: 0x00000000800041f0 (0x001d91f3) csrrw   gp, fflags, s11
core   0: 1 0x00000000800041f0 (0x001d91f3) x3  0x000000000000001f c1_fflags 0x0000000000000000
core   0: 0x00000000800041f4 (0x40310b33) sub     s6, sp, gp
core   0: 1 0x00000000800041f4 (0x40310b33) x22 0x0000000080031f71
core   0: 0x00000000800041f8 (0x03abf3bb) remuw   t2, s7, s10
core   0: 1 0x00000000800041f8 (0x03abf3bb) x7  0xffffffffc6cdc000
core   0: 0x00000000800041fc (0x00cc5633) srl     a2, s8, a2
core   0: 1 0x00000000800041fc (0x00cc5633) x12 0x000000008000601c
core   0: 0x0000000080004200 (0x001c93b3) sll     t2, s9, ra
core   0: 1 0x0000000080004200 (0x001c93b3) x7  0x000d2d5d1e800000
core   0: 0x0000000080004204 (0xc05054f3) csrrwi  s1, hpmcounter5, 0
core   0: exception trap_illegal_instruction, epc 0x0000000080004204
core   0:           tval 0x00000000c05054f3
core   0: >>>>  $xrv64i2p1_m2p0_a2p1_f2p2_d2p2_zicsr2p0_zifencei2p0_zmmul1p0_zba1p0_zbb1p0_zbc1p0_zbs1p0
core   0: 0x0000000080004000 (0x0080006f) j       pc + 0x8
core   0: 3 0x0000000080004000 (0x0080006f)
core   0: >>>>  mmode_exception_handler
core   0: 0x0000000080004008 (0x00002c17) auipc   s8, 0x2
core   0: 3 0x0000000080004008 (0x00002c17) x24 0x0000000080006008
core   0: 0x000000008000400c (0x014c0c13) addi    s8, s8, 20
core   0: 3 0x000000008000400c (0x014c0c13) x24 0x000000008000601c
core   0: 0x0000000080004010 (0x000c00e7) jalr    s8
core   0: 3 0x0000000080004010 (0x000c00e7) x1  0x0000000080004014
core   0: >>>>  any_handler
core   0: 0x000000008000601c (0x341027f3) csrrs   a5, mepc, zero
core   0: 3 0x000000008000601c (0x341027f3) x15 0x0000000080004204
core   0: 0x0000000080006020 (0x34202773) csrrs   a4, mcause, zero
core   0: 3 0x0000000080006020 (0x34202773) x14 0x0000000000000002
core   0: 0x0000000080006024 (0x142026f3) csrrs   a3, scause, zero
core   0: 3 0x0000000080006024 (0x142026f3) x13 0x0000000000000000
core   0: 0x0000000080006028 (0x30402673) csrrs   a2, mie, zero
core   0: 3 0x0000000080006028 (0x30402673) x12 0x0000000000000a00
core   0: 0x000000008000602c (0x344025f3) csrrs   a1, mip, zero
core   0: 3 0x000000008000602c (0x344025f3) x11 0x0000000000000080
core   0: 0x0000000080006030 (0x343025f3) csrrs   a1, mtval, zero
core   0: 3 0x0000000080006030 (0x343025f3) x11 0x00000000c05054f3
core   0: 0x0000000080006034 (0x14302573) csrrs   a0, stval, zero
core   0: 3 0x0000000080006034 (0x14302573) x10 0x0000000000000000
core   0: 0x0000000080006038 (0xb02024f3) csrrs   s1, minstret, zero
core   0: 3 0x0000000080006038 (0xb02024f3) x9  0x0000000000000860
core   0: 0x000000008000603c (0x0000a811) c.j     pc + 20
core   0: 3 0x000000008000603c (0xa811)
core   0: >>>>  mepc_4
core   0: 0x0000000080006050 (0x00000791) c.addi  a5, 4
core   0: 3 0x0000000080006050 (0x0791) x15 0x0000000080004208
core   0: 0x0000000080006052 (0x34179073) csrrw   zero, mepc, a5
core   0: 3 0x0000000080006052 (0x34179073) c833_mepc 0x0000000080004208
core   0: 0x0000000080006056 (0x30200073) mret
core   0: 3 0x0000000080006056 (0x30200073) c768_mstatus 0x8000000a00106080
core   0: 0x0000000080004208 (0x0061961b) slliw   a2, gp, 6
core   0: 1 0x0000000080004208 (0x0061961b) x12 0x00000000000007c0
core   0: 0x000000008000420c (0x4066de1b) sraiw   t3, a3, 6
core   0: 1 0x000000008000420c (0x4066de1b) x28 0x0000000000000000
core   0: 0x0000000080004210 (0x410e5033) sra     zero, t3, a6
core   0: 1 0x0000000080004210 (0x410e5033)
core   0: 0x0000000080004214 (0x01094ab3) xor     s5, s2, a6
core   0: 1 0x0000000080004214 (0x01094ab3) x21 0xffffffffffffffff
core   0: 0x0000000080004218 (0x1a007553) fdiv.d  fa0, ft0, ft0
core   0: 1 0x0000000080004218 (0x1a007553) f10 0x7ff8000000000000
core   0: 0x000000008000421c (0x03001d93) slli    s11, zero, 48
core   0: 1 0x000000008000421c (0x03001d93) x27 0x0000000000000000
core   0: 0x0000000080004220 (0xd0297253) fcvt.s.l ft4, s2
core   0: 1 0x0000000080004220 (0xd0297253) f4  0xffffffff00000000
core   0: 0x0000000080004224 (0x01c74533) xor     a0, a4, t3
core   0: 1 0x0000000080004224 (0x01c74533) x10 0x0000000000000002
core   0: 0x0000000080004228 (0x5a027bd3) fsqrt.d fs7, ft4
core   0: 1 0x0000000080004228 (0x5a027bd3) f23 0x7ff8000000000000
core   0: 0x000000008000422c (0x00428b3b) addw    s6, t0, tp
core   0: 1 0x000000008000422c (0x00428b3b) x22 0xffffffffe367dfff
core   0: 0x0000000080004230 (0x2b1f0453) fmin.d  fs0, ft10, fa7
core   0: 1 0x0000000080004230 (0x2b1f0453) f8  0x0000000000000000
core   0: 0x0000000080004234 (0x416b59bb) sraw    s3, s6, s6
core   0: 1 0x0000000080004234 (0x416b59bb) x19 0xffffffffffffffff
core   0: 0x0000000080004238 (0x0ff0000f) fence   iorw,iorw
core   0: 1 0x0000000080004238 (0x0ff0000f)
core   0: 0x000000008000423c (0xd02a7053) fcvt.s.l ft0, s4
core   0: 1 0x000000008000423c (0xd02a7053) f0  0xffffffffbf800000
core   0: 0x0000000080004240 (0x027b6cb3) rem     s9, s6, t2
core   0: 1 0x0000000080004240 (0x027b6cb3) x25 0xffffffffe367dfff
core   0: 0x0000000080004244 (0xc06071f3) csrrci  gp, hpmcounter6, 0
core   0: exception trap_illegal_instruction, epc 0x0000000080004244
core   0:           tval 0x00000000c06071f3
core   0: >>>>  $xrv64i2p1_m2p0_a2p1_f2p2_d2p2_zicsr2p0_zifencei2p0_zmmul1p0_zba1p0_zbb1p0_zbc1p0_zbs1p0
core   0: 0x0000000080004000 (0x0080006f) j       pc + 0x8
core   0: 3 0x0000000080004000 (0x0080006f)
core   0: >>>>  mmode_exception_handler
core   0: 0x0000000080004008 (0x00002c17) auipc   s8, 0x2
core   0: 3 0x0000000080004008 (0x00002c17) x24 0x0000000080006008
core   0: 0x000000008000400c (0x014c0c13) addi    s8, s8, 20
core   0: 3 0x000000008000400c (0x014c0c13) x24 0x000000008000601c
core   0: 0x0000000080004010 (0x000c00e7) jalr    s8
core   0: 3 0x0000000080004010 (0x000c00e7) x1  0x0000000080004014
core   0: >>>>  any_handler
core   0: 0x000000008000601c (0x341027f3) csrrs   a5, mepc, zero
core   0: 3 0x000000008000601c (0x341027f3) x15 0x0000000080004244
core   0: 0x0000000080006020 (0x34202773) csrrs   a4, mcause, zero
core   0: 3 0x0000000080006020 (0x34202773) x14 0x0000000000000002
core   0: 0x0000000080006024 (0x142026f3) csrrs   a3, scause, zero
core   0: 3 0x0000000080006024 (0x142026f3) x13 0x0000000000000000
core   0: 0x0000000080006028 (0x30402673) csrrs   a2, mie, zero
core   0: 3 0x0000000080006028 (0x30402673) x12 0x0000000000000a00
core   0: 0x000000008000602c (0x344025f3) csrrs   a1, mip, zero
core   0: 3 0x000000008000602c (0x344025f3) x11 0x0000000000000080
core   0: 0x0000000080006030 (0x343025f3) csrrs   a1, mtval, zero
core   0: 3 0x0000000080006030 (0x343025f3) x11 0x00000000c06071f3
core   0: 0x0000000080006034 (0x14302573) csrrs   a0, stval, zero
core   0: 3 0x0000000080006034 (0x14302573) x10 0x0000000000000000
core   0: 0x0000000080006038 (0xb02024f3) csrrs   s1, minstret, zero
core   0: 3 0x0000000080006038 (0xb02024f3) x9  0x000000000000087f
core   0: 0x000000008000603c (0x0000a811) c.j     pc + 20
core   0: 3 0x000000008000603c (0xa811)
core   0: >>>>  mepc_4
core   0: 0x0000000080006050 (0x00000791) c.addi  a5, 4
core   0: 3 0x0000000080006050 (0x0791) x15 0x0000000080004248
core   0: 0x0000000080006052 (0x34179073) csrrw   zero, mepc, a5
core   0: 3 0x0000000080006052 (0x34179073) c833_mepc 0x0000000080004248
core   0: 0x0000000080006056 (0x30200073) mret
core   0: 3 0x0000000080006056 (0x30200073) c768_mstatus 0x8000000a00106080
core   0: 0x0000000080004248 (0x419a0a33) sub     s4, s4, s9
core   0: 1 0x0000000080004248 (0x419a0a33) x20 0x000000001c982000
core   0: 0x000000008000424c (0x00511133) sll     sp, sp, t0
core   0: 1 0x000000008000424c (0x00511133) x2  0x0000000000000000
core   0: 0x0000000080004250 (0x02d149b3) div     s3, sp, a3
core   0: 1 0x0000000080004250 (0x02d149b3) x19 0xffffffffffffffff
core   0: 0x0000000080004254 (0x41f9db9b) sraiw   s7, s3, 31
core   0: 1 0x0000000080004254 (0x41f9db9b) x23 0xffffffffffffffff
core   0: 0x0000000080004258 (0x003e9a9b) slliw   s5, t4, 3
core   0: 1 0x0000000080004258 (0x003e9a9b) x21 0xffffffff8a660000
core   0: 0x000000008000425c (0x015b583b) srlw    a6, s6, s5
core   0: 1 0x000000008000425c (0x015b583b) x16 0xffffffffe367dfff
core   0: 0x0000000080004260 (0x1ac4fe43) fmadd.d ft8, fs1, fa2, ft3
core   0: 1 0x0000000080004260 (0x1ac4fe43) f28 0x7ff8000000000000
core   0: 0x0000000080004264 (0x02dd4c3b) divw    s8, s10, a3
core   0: 1 0x0000000080004264 (0x02dd4c3b) x24 0xffffffffffffffff
core   0: 0x0000000080004268 (0x0396da93) srli    s5, a3, 57
core   0: 1 0x0000000080004268 (0x0396da93) x21 0x0000000000000000
core   0: 0x000000008000426c (0xc232fb53) fcvt.lu.d s6, ft5
core   0: 1 0x000000008000426c (0xc232fb53) c1_fflags 0x0000000000000010 x22 0xffffffffffffffff
core   0: 0x0000000080004270 (0x0171d1bb) srlw    gp, gp, s7
core   0: 1 0x0000000080004270 (0x0171d1bb) x3  0x0000000000000000
core   0: 0x0000000080004274 (0x129eff53) fmul.d  ft10, ft9, fs1
core   0: 1 0x0000000080004274 (0x129eff53) f30 0x7ff8000000000000
core   0: 0x0000000080004278 (0x4012f153) fcvt.s.d ft2, ft5
core   0: 1 0x0000000080004278 (0x4012f153) f2  0xffffffff7fc00000
core   0: 0x000000008000427c (0x001193f3) csrrw   t2, fflags, gp
core   0: 1 0x000000008000427c (0x001193f3) x7  0x0000000000000010 c1_fflags 0x0000000000000000
core   0: 0x0000000080004280 (0x02f25a13) srli    s4, tp, 47
core   0: 1 0x0000000080004280 (0x02f25a13) x20 0x000000000001ffff
core   0: 0x0000000080004284 (0x0ff0000f) fence   iorw,iorw
core   0: 1 0x0000000080004284 (0x0ff0000f)
core   0: 0x0000000080004288 (0x00281173) csrrw   sp, frm, a6
core   0: 1 0x0000000080004288 (0x00281173) x2  0x0000000000000000 c2_frm 0x0000000000000007
core   0: 0x000000008000428c (0xf11fe1f3) csrrsi  gp, mvendorid, 31
core   0: exception trap_illegal_instruction, epc 0x000000008000428c
core   0:           tval 0x00000000f11fe1f3
core   0: >>>>  $xrv64i2p1_m2p0_a2p1_f2p2_d2p2_zicsr2p0_zifencei2p0_zmmul1p0_zba1p0_zbb1p0_zbc1p0_zbs1p0
core   0: 0x0000000080004000 (0x0080006f) j       pc + 0x8
core   0: 3 0x0000000080004000 (0x0080006f)
core   0: >>>>  mmode_exception_handler
core   0: 0x0000000080004008 (0x00002c17) auipc   s8, 0x2
core   0: 3 0x0000000080004008 (0x00002c17) x24 0x0000000080006008
core   0: 0x000000008000400c (0x014c0c13) addi    s8, s8, 20
core   0: 3 0x000000008000400c (0x014c0c13) x24 0x000000008000601c
core   0: 0x0000000080004010 (0x000c00e7) jalr    s8
core   0: 3 0x0000000080004010 (0x000c00e7) x1  0x0000000080004014
core   0: >>>>  any_handler
core   0: 0x000000008000601c (0x341027f3) csrrs   a5, mepc, zero
core   0: 3 0x000000008000601c (0x341027f3) x15 0x000000008000428c
core   0: 0x0000000080006020 (0x34202773) csrrs   a4, mcause, zero
core   0: 3 0x0000000080006020 (0x34202773) x14 0x0000000000000002
core   0: 0x0000000080006024 (0x142026f3) csrrs   a3, scause, zero
core   0: 3 0x0000000080006024 (0x142026f3) x13 0x0000000000000000
core   0: 0x0000000080006028 (0x30402673) csrrs   a2, mie, zero
core   0: 3 0x0000000080006028 (0x30402673) x12 0x0000000000000a00
core   0: 0x000000008000602c (0x344025f3) csrrs   a1, mip, zero
core   0: 3 0x000000008000602c (0x344025f3) x11 0x0000000000000080
core   0: 0x0000000080006030 (0x343025f3) csrrs   a1, mtval, zero
core   0: 3 0x0000000080006030 (0x343025f3) x11 0x00000000f11fe1f3
core   0: 0x0000000080006034 (0x14302573) csrrs   a0, stval, zero
core   0: 3 0x0000000080006034 (0x14302573) x10 0x0000000000000000
core   0: 0x0000000080006038 (0xb02024f3) csrrs   s1, minstret, zero
core   0: 3 0x0000000080006038 (0xb02024f3) x9  0x00000000000008a0
core   0: 0x000000008000603c (0x0000a811) c.j     pc + 20
core   0: 3 0x000000008000603c (0xa811)
core   0: >>>>  mepc_4
core   0: 0x0000000080006050 (0x00000791) c.addi  a5, 4
core   0: 3 0x0000000080006050 (0x0791) x15 0x0000000080004290
core   0: 0x0000000080006052 (0x34179073) csrrw   zero, mepc, a5
core   0: 3 0x0000000080006052 (0x34179073) c833_mepc 0x0000000080004290
core   0: 0x0000000080006056 (0x30200073) mret
core   0: 3 0x0000000080006056 (0x30200073) c768_mstatus 0x8000000a00106080
core   0: 0x0000000080004290 (0x12c67ed3) fmul.d  ft9, fa2, fa2
core   0: exception trap_illegal_instruction, epc 0x0000000080004290
core   0:           tval 0x0000000012c67ed3
core   0: >>>>  $xrv64i2p1_m2p0_a2p1_f2p2_d2p2_zicsr2p0_zifencei2p0_zmmul1p0_zba1p0_zbb1p0_zbc1p0_zbs1p0
core   0: 0x0000000080004000 (0x0080006f) j       pc + 0x8
core   0: 3 0x0000000080004000 (0x0080006f)
core   0: >>>>  mmode_exception_handler
core   0: 0x0000000080004008 (0x00002c17) auipc   s8, 0x2
core   0: 3 0x0000000080004008 (0x00002c17) x24 0x0000000080006008
core   0: 0x000000008000400c (0x014c0c13) addi    s8, s8, 20
core   0: 3 0x000000008000400c (0x014c0c13) x24 0x000000008000601c
core   0: 0x0000000080004010 (0x000c00e7) jalr    s8
core   0: 3 0x0000000080004010 (0x000c00e7) x1  0x0000000080004014
core   0: >>>>  any_handler
core   0: 0x000000008000601c (0x341027f3) csrrs   a5, mepc, zero
core   0: 3 0x000000008000601c (0x341027f3) x15 0x0000000080004290
core   0: 0x0000000080006020 (0x34202773) csrrs   a4, mcause, zero
core   0: 3 0x0000000080006020 (0x34202773) x14 0x0000000000000002
core   0: 0x0000000080006024 (0x142026f3) csrrs   a3, scause, zero
core   0: 3 0x0000000080006024 (0x142026f3) x13 0x0000000000000000
core   0: 0x0000000080006028 (0x30402673) csrrs   a2, mie, zero
core   0: 3 0x0000000080006028 (0x30402673) x12 0x0000000000000a00
core   0: 0x000000008000602c (0x344025f3) csrrs   a1, mip, zero
core   0: 3 0x000000008000602c (0x344025f3) x11 0x0000000000000080
core   0: 0x0000000080006030 (0x343025f3) csrrs   a1, mtval, zero
core   0: 3 0x0000000080006030 (0x343025f3) x11 0x0000000012c67ed3
core   0: 0x0000000080006034 (0x14302573) csrrs   a0, stval, zero
core   0: 3 0x0000000080006034 (0x14302573) x10 0x0000000000000000
core   0: 0x0000000080006038 (0xb02024f3) csrrs   s1, minstret, zero
core   0: 3 0x0000000080006038 (0xb02024f3) x9  0x00000000000008b0
core   0: 0x000000008000603c (0x0000a811) c.j     pc + 20
core   0: 3 0x000000008000603c (0xa811)
core   0: >>>>  mepc_4
core   0: 0x0000000080006050 (0x00000791) c.addi  a5, 4
core   0: 3 0x0000000080006050 (0x0791) x15 0x0000000080004294
core   0: 0x0000000080006052 (0x34179073) csrrw   zero, mepc, a5
core   0: 3 0x0000000080006052 (0x34179073) c833_mepc 0x0000000080004294
core   0: 0x0000000080006056 (0x30200073) mret
core   0: 3 0x0000000080006056 (0x30200073) c768_mstatus 0x8000000a00106080
core   0: 0x0000000080004294 (0x0011941b) slliw   s0, gp, 1
core   0: 1 0x0000000080004294 (0x0011941b) x8  0x0000000000000000
core   0: 0x0000000080004298 (0x03d90833) mul     a6, s2, t4
core   0: 1 0x0000000080004298 (0x03d90833) x16 0x0000000000000000
core   0: 0x000000008000429c (0x032b7733) remu    a4, s6, s2
core   0: 1 0x000000008000429c (0x032b7733) x14 0xffffffffffffffff
core   0: 0x00000000800042a0 (0xc200f353) fcvt.w.d t1, ft1
core   0: exception trap_illegal_instruction, epc 0x00000000800042a0
core   0:           tval 0x00000000c200f353
core   0: >>>>  $xrv64i2p1_m2p0_a2p1_f2p2_d2p2_zicsr2p0_zifencei2p0_zmmul1p0_zba1p0_zbb1p0_zbc1p0_zbs1p0
core   0: 0x0000000080004000 (0x0080006f) j       pc + 0x8
core   0: 3 0x0000000080004000 (0x0080006f)
core   0: >>>>  mmode_exception_handler
core   0: 0x0000000080004008 (0x00002c17) auipc   s8, 0x2
core   0: 3 0x0000000080004008 (0x00002c17) x24 0x0000000080006008
core   0: 0x000000008000400c (0x014c0c13) addi    s8, s8, 20
core   0: 3 0x000000008000400c (0x014c0c13) x24 0x000000008000601c
core   0: 0x0000000080004010 (0x000c00e7) jalr    s8
core   0: 3 0x0000000080004010 (0x000c00e7) x1  0x0000000080004014
core   0: >>>>  any_handler
core   0: 0x000000008000601c (0x341027f3) csrrs   a5, mepc, zero
core   0: 3 0x000000008000601c (0x341027f3) x15 0x00000000800042a0
core   0: 0x0000000080006020 (0x34202773) csrrs   a4, mcause, zero
core   0: 3 0x0000000080006020 (0x34202773) x14 0x0000000000000002
core   0: 0x0000000080006024 (0x142026f3) csrrs   a3, scause, zero
core   0: 3 0x0000000080006024 (0x142026f3) x13 0x0000000000000000
core   0: 0x0000000080006028 (0x30402673) csrrs   a2, mie, zero
core   0: 3 0x0000000080006028 (0x30402673) x12 0x0000000000000a00
core   0: 0x000000008000602c (0x344025f3) csrrs   a1, mip, zero
core   0: 3 0x000000008000602c (0x344025f3) x11 0x0000000000000080
core   0: 0x0000000080006030 (0x343025f3) csrrs   a1, mtval, zero
core   0: 3 0x0000000080006030 (0x343025f3) x11 0x00000000c200f353
core   0: 0x0000000080006034 (0x14302573) csrrs   a0, stval, zero
core   0: 3 0x0000000080006034 (0x14302573) x10 0x0000000000000000
core   0: 0x0000000080006038 (0xb02024f3) csrrs   s1, minstret, zero
core   0: 3 0x0000000080006038 (0xb02024f3) x9  0x00000000000008c3
core   0: 0x000000008000603c (0x0000a811) c.j     pc + 20
core   0: 3 0x000000008000603c (0xa811)
core   0: >>>>  mepc_4
core   0: 0x0000000080006050 (0x00000791) c.addi  a5, 4
core   0: 3 0x0000000080006050 (0x0791) x15 0x00000000800042a4
core   0: 0x0000000080006052 (0x34179073) csrrw   zero, mepc, a5
core   0: 3 0x0000000080006052 (0x34179073) c833_mepc 0x00000000800042a4
core   0: 0x0000000080006056 (0x30200073) mret
core   0: 3 0x0000000080006056 (0x30200073) c768_mstatus 0x8000000a00106080
core   0: 0x00000000800042a4 (0x41a25233) sra     tp, tp, s10
core   0: 1 0x00000000800042a4 (0x41a25233) x4  0xffffffffe366e000
core   0: 0x00000000800042a8 (0xbc040e93) addi    t4, s0, -1088
core   0: 1 0x00000000800042a8 (0xbc040e93) x29 0xfffffffffffffbc0
core   0: 0x00000000800042ac (0x1a14fcd3) fdiv.d  fs9, fs1, ft1
core   0: exception trap_illegal_instruction, epc 0x00000000800042ac
core   0:           tval 0x000000001a14fcd3
core   0: >>>>  $xrv64i2p1_m2p0_a2p1_f2p2_d2p2_zicsr2p0_zifencei2p0_zmmul1p0_zba1p0_zbb1p0_zbc1p0_zbs1p0
core   0: 0x0000000080004000 (0x0080006f) j       pc + 0x8
core   0: 3 0x0000000080004000 (0x0080006f)
core   0: >>>>  mmode_exception_handler
core   0: 0x0000000080004008 (0x00002c17) auipc   s8, 0x2
core   0: 3 0x0000000080004008 (0x00002c17) x24 0x0000000080006008
core   0: 0x000000008000400c (0x014c0c13) addi    s8, s8, 20
core   0: 3 0x000000008000400c (0x014c0c13) x24 0x000000008000601c
core   0: 0x0000000080004010 (0x000c00e7) jalr    s8
core   0: 3 0x0000000080004010 (0x000c00e7) x1  0x0000000080004014
core   0: >>>>  any_handler
core   0: 0x000000008000601c (0x341027f3) csrrs   a5, mepc, zero
core   0: 3 0x000000008000601c (0x341027f3) x15 0x00000000800042ac
core   0: 0x0000000080006020 (0x34202773) csrrs   a4, mcause, zero
core   0: 3 0x0000000080006020 (0x34202773) x14 0x0000000000000002
core   0: 0x0000000080006024 (0x142026f3) csrrs   a3, scause, zero
core   0: 3 0x0000000080006024 (0x142026f3) x13 0x0000000000000000
core   0: 0x0000000080006028 (0x30402673) csrrs   a2, mie, zero
core   0: 3 0x0000000080006028 (0x30402673) x12 0x0000000000000a00
core   0: 0x000000008000602c (0x344025f3) csrrs   a1, mip, zero
core   0: 3 0x000000008000602c (0x344025f3) x11 0x0000000000000080
core   0: 0x0000000080006030 (0x343025f3) csrrs   a1, mtval, zero
core   0: 3 0x0000000080006030 (0x343025f3) x11 0x000000001a14fcd3
core   0: 0x0000000080006034 (0x14302573) csrrs   a0, stval, zero
core   0: 3 0x0000000080006034 (0x14302573) x10 0x0000000000000000
core   0: 0x0000000080006038 (0xb02024f3) csrrs   s1, minstret, zero
core   0: 3 0x0000000080006038 (0xb02024f3) x9  0x00000000000008d5
core   0: 0x000000008000603c (0x0000a811) c.j     pc + 20
core   0: 3 0x000000008000603c (0xa811)
core   0: >>>>  mepc_4
core   0: 0x0000000080006050 (0x00000791) c.addi  a5, 4
core   0: 3 0x0000000080006050 (0x0791) x15 0x00000000800042b0
core   0: 0x0000000080006052 (0x34179073) csrrw   zero, mepc, a5
core   0: 3 0x0000000080006052 (0x34179073) c833_mepc 0x00000000800042b0
core   0: 0x0000000080006056 (0x30200073) mret
core   0: 3 0x0000000080006056 (0x30200073) c768_mstatus 0x8000000a00106080
core   0: 0x00000000800042b0 (0x03c441b3) div     gp, s0, t3
core   0: 1 0x00000000800042b0 (0x03c441b3) x3  0xffffffffffffffff
core   0: 0x00000000800042b4 (0xf11056f3) csrrwi  a3, mvendorid, 0
core   0: exception trap_illegal_instruction, epc 0x00000000800042b4
core   0:           tval 0x00000000f11056f3
core   0: >>>>  $xrv64i2p1_m2p0_a2p1_f2p2_d2p2_zicsr2p0_zifencei2p0_zmmul1p0_zba1p0_zbb1p0_zbc1p0_zbs1p0
core   0: 0x0000000080004000 (0x0080006f) j       pc + 0x8
core   0: 3 0x0000000080004000 (0x0080006f)
core   0: >>>>  mmode_exception_handler
core   0: 0x0000000080004008 (0x00002c17) auipc   s8, 0x2
core   0: 3 0x0000000080004008 (0x00002c17) x24 0x0000000080006008
core   0: 0x000000008000400c (0x014c0c13) addi    s8, s8, 20
core   0: 3 0x000000008000400c (0x014c0c13) x24 0x000000008000601c
core   0: 0x0000000080004010 (0x000c00e7) jalr    s8
core   0: 3 0x0000000080004010 (0x000c00e7) x1  0x0000000080004014
core   0: >>>>  any_handler
core   0: 0x000000008000601c (0x341027f3) csrrs   a5, mepc, zero
core   0: 3 0x000000008000601c (0x341027f3) x15 0x00000000800042b4
core   0: 0x0000000080006020 (0x34202773) csrrs   a4, mcause, zero
core   0: 3 0x0000000080006020 (0x34202773) x14 0x0000000000000002
core   0: 0x0000000080006024 (0x142026f3) csrrs   a3, scause, zero
core   0: 3 0x0000000080006024 (0x142026f3) x13 0x0000000000000000
core   0: 0x0000000080006028 (0x30402673) csrrs   a2, mie, zero
core   0: 3 0x0000000080006028 (0x30402673) x12 0x0000000000000a00
core   0: 0x000000008000602c (0x344025f3) csrrs   a1, mip, zero
core   0: 3 0x000000008000602c (0x344025f3) x11 0x0000000000000080
core   0: 0x0000000080006030 (0x343025f3) csrrs   a1, mtval, zero
core   0: 3 0x0000000080006030 (0x343025f3) x11 0x00000000f11056f3
core   0: 0x0000000080006034 (0x14302573) csrrs   a0, stval, zero
core   0: 3 0x0000000080006034 (0x14302573) x10 0x0000000000000000
core   0: 0x0000000080006038 (0xb02024f3) csrrs   s1, minstret, zero
core   0: 3 0x0000000080006038 (0xb02024f3) x9  0x00000000000008e6
core   0: 0x000000008000603c (0x0000a811) c.j     pc + 20
core   0: 3 0x000000008000603c (0xa811)
core   0: >>>>  mepc_4
core   0: 0x0000000080006050 (0x00000791) c.addi  a5, 4
core   0: 3 0x0000000080006050 (0x0791) x15 0x00000000800042b8
core   0: 0x0000000080006052 (0x34179073) csrrw   zero, mepc, a5
core   0: 3 0x0000000080006052 (0x34179073) c833_mepc 0x00000000800042b8
core   0: 0x0000000080006056 (0x30200073) mret
core   0: 3 0x0000000080006056 (0x30200073) c768_mstatus 0x8000000a00106080
core   0: 0x00000000800042b8 (0x03d67eb3) remu    t4, a2, t4
core   0: 1 0x00000000800042b8 (0x03d67eb3) x29 0x0000000000000a00
core   0: 0x00000000800042bc (0x238ea353) fsgnjx.d ft6, ft9, fs8
core   0: 1 0x00000000800042bc (0x238ea353) f6  0x7ff8000000000000
core   0: 0x00000000800042c0 (0x00372433) slt     s0, a4, gp
core   0: 1 0x00000000800042c0 (0x00372433) x8  0x0000000000000000
core   0: 0x00000000800042c4 (0x41d40ebb) subw    t4, s0, t4
core   0: 1 0x00000000800042c4 (0x41d40ebb) x29 0xfffffffffffff600
core   0: 0x00000000800042c8 (0x00325d1b) srliw   s10, tp, 3
core   0: 1 0x00000000800042c8 (0x00325d1b) x26 0x000000001c6cdc00
core   0: 0x00000000800042cc (0x222117d3) fsgnjn.d fa5, ft2, ft2
core   0: 1 0x00000000800042cc (0x222117d3) f15 0x7fffffff7fc00000
core   0: 0x00000000800042d0 (0x024de633) rem     a2, s11, tp
core   0: 1 0x00000000800042d0 (0x024de633) x12 0x0000000000000000
core   0: 0x00000000800042d4 (0x034a3a33) mulhu   s4, s4, s4
core   0: 1 0x00000000800042d4 (0x034a3a33) x20 0x0000000000000000
core   0: 0x00000000800042d8 (0x0384f953) fadd.d  fs2, fs1, fs8
core   0: exception trap_illegal_instruction, epc 0x00000000800042d8
core   0:           tval 0x000000000384f953
core   0: >>>>  $xrv64i2p1_m2p0_a2p1_f2p2_d2p2_zicsr2p0_zifencei2p0_zmmul1p0_zba1p0_zbb1p0_zbc1p0_zbs1p0
core   0: 0x0000000080004000 (0x0080006f) j       pc + 0x8
core   0: 3 0x0000000080004000 (0x0080006f)
core   0: >>>>  mmode_exception_handler
core   0: 0x0000000080004008 (0x00002c17) auipc   s8, 0x2
core   0: 3 0x0000000080004008 (0x00002c17) x24 0x0000000080006008
core   0: 0x000000008000400c (0x014c0c13) addi    s8, s8, 20
core   0: 3 0x000000008000400c (0x014c0c13) x24 0x000000008000601c
core   0: 0x0000000080004010 (0x000c00e7) jalr    s8
core   0: 3 0x0000000080004010 (0x000c00e7) x1  0x0000000080004014
core   0: >>>>  any_handler
core   0: 0x000000008000601c (0x341027f3) csrrs   a5, mepc, zero
core   0: 3 0x000000008000601c (0x341027f3) x15 0x00000000800042d8
core   0: 0x0000000080006020 (0x34202773) csrrs   a4, mcause, zero
core   0: 3 0x0000000080006020 (0x34202773) x14 0x0000000000000002
core   0: 0x0000000080006024 (0x142026f3) csrrs   a3, scause, zero
core   0: 3 0x0000000080006024 (0x142026f3) x13 0x0000000000000000
core   0: 0x0000000080006028 (0x30402673) csrrs   a2, mie, zero
core   0: 3 0x0000000080006028 (0x30402673) x12 0x0000000000000a00
core   0: 0x000000008000602c (0x344025f3) csrrs   a1, mip, zero
core   0: 3 0x000000008000602c (0x344025f3) x11 0x0000000000000080
core   0: 0x0000000080006030 (0x343025f3) csrrs   a1, mtval, zero
core   0: 3 0x0000000080006030 (0x343025f3) x11 0x000000000384f953
core   0: 0x0000000080006034 (0x14302573) csrrs   a0, stval, zero
core   0: 3 0x0000000080006034 (0x14302573) x10 0x0000000000000000
core   0: 0x0000000080006038 (0xb02024f3) csrrs   s1, minstret, zero
core   0: 3 0x0000000080006038 (0xb02024f3) x9  0x00000000000008fe
core   0: 0x000000008000603c (0x0000a811) c.j     pc + 20
core   0: 3 0x000000008000603c (0xa811)
core   0: >>>>  mepc_4
core   0: 0x0000000080006050 (0x00000791) c.addi  a5, 4
core   0: 3 0x0000000080006050 (0x0791) x15 0x00000000800042dc
core   0: 0x0000000080006052 (0x34179073) csrrw   zero, mepc, a5
core   0: 3 0x0000000080006052 (0x34179073) c833_mepc 0x00000000800042dc
core   0: 0x0000000080006056 (0x30200073) mret
core   0: 3 0x0000000080006056 (0x30200073) c768_mstatus 0x8000000a00106080
core   0: 0x00000000800042dc (0x232e0bd3) fsgnj.d fs7, ft8, fs2
core   0: 1 0x00000000800042dc (0x232e0bd3) f23 0xfff8000000000000
core   0: 0x00000000800042e0 (0x22841cd3) fsgnjn.d fs9, fs0, fs0
core   0: 1 0x00000000800042e0 (0x22841cd3) f25 0x8000000000000000
core   0: 0x00000000800042e4 (0xf1a81a97) auipc   s5, 0xf1a81
core   0: 1 0x00000000800042e4 (0xf1a81a97) x21 0x0000000071a852e4
core   0: 0x00000000800042e8 (0x00e19613) slli    a2, gp, 14
core   0: 1 0x00000000800042e8 (0x00e19613) x12 0xffffffffffffc000
core   0: 0x00000000800042ec (0x023a80b3) mul     ra, s5, gp
core   0: 1 0x00000000800042ec (0x023a80b3) x1  0xffffffff8e57ad1c
core   0: 0x00000000800042f0 (0xd22277d3) fcvt.d.l fa5, tp
core   0: exception trap_illegal_instruction, epc 0x00000000800042f0
core   0:           tval 0x00000000d22277d3
core   0: >>>>  $xrv64i2p1_m2p0_a2p1_f2p2_d2p2_zicsr2p0_zifencei2p0_zmmul1p0_zba1p0_zbb1p0_zbc1p0_zbs1p0
core   0: 0x0000000080004000 (0x0080006f) j       pc + 0x8
core   0: 3 0x0000000080004000 (0x0080006f)
core   0: >>>>  mmode_exception_handler
core   0: 0x0000000080004008 (0x00002c17) auipc   s8, 0x2
core   0: 3 0x0000000080004008 (0x00002c17) x24 0x0000000080006008
core   0: 0x000000008000400c (0x014c0c13) addi    s8, s8, 20
core   0: 3 0x000000008000400c (0x014c0c13) x24 0x000000008000601c
core   0: 0x0000000080004010 (0x000c00e7) jalr    s8
core   0: 3 0x0000000080004010 (0x000c00e7) x1  0x0000000080004014
core   0: >>>>  any_handler
core   0: 0x000000008000601c (0x341027f3) csrrs   a5, mepc, zero
core   0: 3 0x000000008000601c (0x341027f3) x15 0x00000000800042f0
core   0: 0x0000000080006020 (0x34202773) csrrs   a4, mcause, zero
core   0: 3 0x0000000080006020 (0x34202773) x14 0x0000000000000002
core   0: 0x0000000080006024 (0x142026f3) csrrs   a3, scause, zero
core   0: 3 0x0000000080006024 (0x142026f3) x13 0x0000000000000000
core   0: 0x0000000080006028 (0x30402673) csrrs   a2, mie, zero
core   0: 3 0x0000000080006028 (0x30402673) x12 0x0000000000000a00
core   0: 0x000000008000602c (0x344025f3) csrrs   a1, mip, zero
core   0: 3 0x000000008000602c (0x344025f3) x11 0x0000000000000080
core   0: 0x0000000080006030 (0x343025f3) csrrs   a1, mtval, zero
core   0: 3 0x0000000080006030 (0x343025f3) x11 0x00000000d22277d3
core   0: 0x0000000080006034 (0x14302573) csrrs   a0, stval, zero
core   0: 3 0x0000000080006034 (0x14302573) x10 0x0000000000000000
core   0: 0x0000000080006038 (0xb02024f3) csrrs   s1, minstret, zero
core   0: 3 0x0000000080006038 (0xb02024f3) x9  0x0000000000000913
core   0: 0x000000008000603c (0x0000a811) c.j     pc + 20
core   0: 3 0x000000008000603c (0xa811)
core   0: >>>>  mepc_4
core   0: 0x0000000080006050 (0x00000791) c.addi  a5, 4
core   0: 3 0x0000000080006050 (0x0791) x15 0x00000000800042f4
core   0: 0x0000000080006052 (0x34179073) csrrw   zero, mepc, a5
core   0: 3 0x0000000080006052 (0x34179073) c833_mepc 0x00000000800042f4
core   0: 0x0000000080006056 (0x30200073) mret
core   0: 3 0x0000000080006056 (0x30200073) c768_mstatus 0x8000000a00106080
core   0: 0x00000000800042f4 (0x1259fa53) fmul.d  fs4, fs3, ft5
core   0: exception trap_illegal_instruction, epc 0x00000000800042f4
core   0:           tval 0x000000001259fa53
core   0: >>>>  $xrv64i2p1_m2p0_a2p1_f2p2_d2p2_zicsr2p0_zifencei2p0_zmmul1p0_zba1p0_zbb1p0_zbc1p0_zbs1p0
core   0: 0x0000000080004000 (0x0080006f) j       pc + 0x8
core   0: 3 0x0000000080004000 (0x0080006f)
core   0: >>>>  mmode_exception_handler
core   0: 0x0000000080004008 (0x00002c17) auipc   s8, 0x2
core   0: 3 0x0000000080004008 (0x00002c17) x24 0x0000000080006008
core   0: 0x000000008000400c (0x014c0c13) addi    s8, s8, 20
core   0: 3 0x000000008000400c (0x014c0c13) x24 0x000000008000601c
core   0: 0x0000000080004010 (0x000c00e7) jalr    s8
core   0: 3 0x0000000080004010 (0x000c00e7) x1  0x0000000080004014
core   0: >>>>  any_handler
core   0: 0x000000008000601c (0x341027f3) csrrs   a5, mepc, zero
core   0: 3 0x000000008000601c (0x341027f3) x15 0x00000000800042f4
core   0: 0x0000000080006020 (0x34202773) csrrs   a4, mcause, zero
core   0: 3 0x0000000080006020 (0x34202773) x14 0x0000000000000002
core   0: 0x0000000080006024 (0x142026f3) csrrs   a3, scause, zero
core   0: 3 0x0000000080006024 (0x142026f3) x13 0x0000000000000000
core   0: 0x0000000080006028 (0x30402673) csrrs   a2, mie, zero
core   0: 3 0x0000000080006028 (0x30402673) x12 0x0000000000000a00
core   0: 0x000000008000602c (0x344025f3) csrrs   a1, mip, zero
core   0: 3 0x000000008000602c (0x344025f3) x11 0x0000000000000080
core   0: 0x0000000080006030 (0x343025f3) csrrs   a1, mtval, zero
core   0: 3 0x0000000080006030 (0x343025f3) x11 0x000000001259fa53
core   0: 0x0000000080006034 (0x14302573) csrrs   a0, stval, zero
core   0: 3 0x0000000080006034 (0x14302573) x10 0x0000000000000000
core   0: 0x0000000080006038 (0xb02024f3) csrrs   s1, minstret, zero
core   0: 3 0x0000000080006038 (0xb02024f3) x9  0x0000000000000923
core   0: 0x000000008000603c (0x0000a811) c.j     pc + 20
core   0: 3 0x000000008000603c (0xa811)
core   0: >>>>  mepc_4
core   0: 0x0000000080006050 (0x00000791) c.addi  a5, 4
core   0: 3 0x0000000080006050 (0x0791) x15 0x00000000800042f8
core   0: 0x0000000080006052 (0x34179073) csrrw   zero, mepc, a5
core   0: 3 0x0000000080006052 (0x34179073) c833_mepc 0x00000000800042f8
core   0: 0x0000000080006056 (0x30200073) mret
core   0: 3 0x0000000080006056 (0x30200073) c768_mstatus 0x8000000a00106080
core   0: 0x00000000800042f8 (0x01ce1e33) sll     t3, t3, t3
core   0: 1 0x00000000800042f8 (0x01ce1e33) x28 0x0000000000000000
core   0: 0x00000000800042fc (0x01c08db3) add     s11, ra, t3
core   0: 1 0x00000000800042fc (0x01c08db3) x27 0x0000000080004014
core   0: 0x0000000080004300 (0x0221c1b3) div     gp, gp, sp
core   0: 1 0x0000000080004300 (0x0221c1b3) x3  0xffffffffffffffff
core   0: 0x0000000080004304 (0x00b79ab3) sll     s5, a5, a1
core   0: 1 0x0000000080004304 (0x00b79ab3) x21 0x0004000217c00000
core   0: 0x0000000080004308 (0x0190db93) srli    s7, ra, 25
core   0: 1 0x0000000080004308 (0x0190db93) x23 0x0000000000000040
core   0: 0x000000008000430c (0x004911b3) sll     gp, s2, tp
core   0: 1 0x000000008000430c (0x004911b3) x3  0x0000000000000000
core   0: 0x0000000080004310 (0x41370db3) sub     s11, a4, s3
core   0: 1 0x0000000080004310 (0x41370db3) x27 0x0000000000000003
core   0: 0x0000000080004314 (0x13e2ff53) fmul.d  ft10, ft5, ft10
core   0: exception trap_illegal_instruction, epc 0x0000000080004314
core   0:           tval 0x0000000013e2ff53
core   0: >>>>  $xrv64i2p1_m2p0_a2p1_f2p2_d2p2_zicsr2p0_zifencei2p0_zmmul1p0_zba1p0_zbb1p0_zbc1p0_zbs1p0
core   0: 0x0000000080004000 (0x0080006f) j       pc + 0x8
core   0: 3 0x0000000080004000 (0x0080006f)
core   0: >>>>  mmode_exception_handler
core   0: 0x0000000080004008 (0x00002c17) auipc   s8, 0x2
core   0: 3 0x0000000080004008 (0x00002c17) x24 0x0000000080006008
core   0: 0x000000008000400c (0x014c0c13) addi    s8, s8, 20
core   0: 3 0x000000008000400c (0x014c0c13) x24 0x000000008000601c
core   0: 0x0000000080004010 (0x000c00e7) jalr    s8
core   0: 3 0x0000000080004010 (0x000c00e7) x1  0x0000000080004014
core   0: >>>>  any_handler
core   0: 0x000000008000601c (0x341027f3) csrrs   a5, mepc, zero
core   0: 3 0x000000008000601c (0x341027f3) x15 0x0000000080004314
core   0: 0x0000000080006020 (0x34202773) csrrs   a4, mcause, zero
core   0: 3 0x0000000080006020 (0x34202773) x14 0x0000000000000002
core   0: 0x0000000080006024 (0x142026f3) csrrs   a3, scause, zero
core   0: 3 0x0000000080006024 (0x142026f3) x13 0x0000000000000000
core   0: 0x0000000080006028 (0x30402673) csrrs   a2, mie, zero
core   0: 3 0x0000000080006028 (0x30402673) x12 0x0000000000000a00
core   0: 0x000000008000602c (0x344025f3) csrrs   a1, mip, zero
core   0: 3 0x000000008000602c (0x344025f3) x11 0x0000000000000080
core   0: 0x0000000080006030 (0x343025f3) csrrs   a1, mtval, zero
core   0: 3 0x0000000080006030 (0x343025f3) x11 0x0000000013e2ff53
core   0: 0x0000000080006034 (0x14302573) csrrs   a0, stval, zero
core   0: 3 0x0000000080006034 (0x14302573) x10 0x0000000000000000
core   0: 0x0000000080006038 (0xb02024f3) csrrs   s1, minstret, zero
core   0: 3 0x0000000080006038 (0xb02024f3) x9  0x000000000000093a
core   0: 0x000000008000603c (0x0000a811) c.j     pc + 20
core   0: 3 0x000000008000603c (0xa811)
core   0: >>>>  mepc_4
core   0: 0x0000000080006050 (0x00000791) c.addi  a5, 4
core   0: 3 0x0000000080006050 (0x0791) x15 0x0000000080004318
core   0: 0x0000000080006052 (0x34179073) csrrw   zero, mepc, a5
core   0: 3 0x0000000080006052 (0x34179073) c833_mepc 0x0000000080004318
core   0: 0x0000000080006056 (0x30200073) mret
core   0: 3 0x0000000080006056 (0x30200073) c768_mstatus 0x8000000a00106080
core   0: 0x0000000080004318 (0x3407b5f3) csrrc   a1, mscratch, a5
core   0: exception trap_illegal_instruction, epc 0x0000000080004318
core   0:           tval 0x000000003407b5f3
core   0: >>>>  $xrv64i2p1_m2p0_a2p1_f2p2_d2p2_zicsr2p0_zifencei2p0_zmmul1p0_zba1p0_zbb1p0_zbc1p0_zbs1p0
core   0: 0x0000000080004000 (0x0080006f) j       pc + 0x8
core   0: 3 0x0000000080004000 (0x0080006f)
core   0: >>>>  mmode_exception_handler
core   0: 0x0000000080004008 (0x00002c17) auipc   s8, 0x2
core   0: 3 0x0000000080004008 (0x00002c17) x24 0x0000000080006008
core   0: 0x000000008000400c (0x014c0c13) addi    s8, s8, 20
core   0: 3 0x000000008000400c (0x014c0c13) x24 0x000000008000601c
core   0: 0x0000000080004010 (0x000c00e7) jalr    s8
core   0: 3 0x0000000080004010 (0x000c00e7) x1  0x0000000080004014
core   0: >>>>  any_handler
core   0: 0x000000008000601c (0x341027f3) csrrs   a5, mepc, zero
core   0: 3 0x000000008000601c (0x341027f3) x15 0x0000000080004318
core   0: 0x0000000080006020 (0x34202773) csrrs   a4, mcause, zero
core   0: 3 0x0000000080006020 (0x34202773) x14 0x0000000000000002
core   0: 0x0000000080006024 (0x142026f3) csrrs   a3, scause, zero
core   0: 3 0x0000000080006024 (0x142026f3) x13 0x0000000000000000
core   0: 0x0000000080006028 (0x30402673) csrrs   a2, mie, zero
core   0: 3 0x0000000080006028 (0x30402673) x12 0x0000000000000a00
core   0: 0x000000008000602c (0x344025f3) csrrs   a1, mip, zero
core   0: 3 0x000000008000602c (0x344025f3) x11 0x0000000000000080
core   0: 0x0000000080006030 (0x343025f3) csrrs   a1, mtval, zero
core   0: 3 0x0000000080006030 (0x343025f3) x11 0x000000003407b5f3
core   0: 0x0000000080006034 (0x14302573) csrrs   a0, stval, zero
core   0: 3 0x0000000080006034 (0x14302573) x10 0x0000000000000000
core   0: 0x0000000080006038 (0xb02024f3) csrrs   s1, minstret, zero
core   0: 3 0x0000000080006038 (0xb02024f3) x9  0x000000000000094a
core   0: 0x000000008000603c (0x0000a811) c.j     pc + 20
core   0: 3 0x000000008000603c (0xa811)
core   0: >>>>  mepc_4
core   0: 0x0000000080006050 (0x00000791) c.addi  a5, 4
core   0: 3 0x0000000080006050 (0x0791) x15 0x000000008000431c
core   0: 0x0000000080006052 (0x34179073) csrrw   zero, mepc, a5
core   0: 3 0x0000000080006052 (0x34179073) c833_mepc 0x000000008000431c
core   0: 0x0000000080006056 (0x30200073) mret
core   0: 3 0x0000000080006056 (0x30200073) c768_mstatus 0x8000000a00106080
core   0: 0x000000008000431c (0x01021c13) slli    s8, tp, 16
core   0: 1 0x000000008000431c (0x01021c13) x24 0xffffe366e0000000
core   0: 0x0000000080004320 (0xc207f953) fcvt.w.d s2, fa5
core   0: exception trap_illegal_instruction, epc 0x0000000080004320
core   0:           tval 0x00000000c207f953
core   0: >>>>  $xrv64i2p1_m2p0_a2p1_f2p2_d2p2_zicsr2p0_zifencei2p0_zmmul1p0_zba1p0_zbb1p0_zbc1p0_zbs1p0
core   0: 0x0000000080004000 (0x0080006f) j       pc + 0x8
core   0: 3 0x0000000080004000 (0x0080006f)
core   0: >>>>  mmode_exception_handler
core   0: 0x0000000080004008 (0x00002c17) auipc   s8, 0x2
core   0: 3 0x0000000080004008 (0x00002c17) x24 0x0000000080006008
core   0: 0x000000008000400c (0x014c0c13) addi    s8, s8, 20
core   0: 3 0x000000008000400c (0x014c0c13) x24 0x000000008000601c
core   0: 0x0000000080004010 (0x000c00e7) jalr    s8
core   0: 3 0x0000000080004010 (0x000c00e7) x1  0x0000000080004014
core   0: >>>>  any_handler
core   0: 0x000000008000601c (0x341027f3) csrrs   a5, mepc, zero
core   0: 3 0x000000008000601c (0x341027f3) x15 0x0000000080004320
core   0: 0x0000000080006020 (0x34202773) csrrs   a4, mcause, zero
core   0: 3 0x0000000080006020 (0x34202773) x14 0x0000000000000002
core   0: 0x0000000080006024 (0x142026f3) csrrs   a3, scause, zero
core   0: 3 0x0000000080006024 (0x142026f3) x13 0x0000000000000000
core   0: 0x0000000080006028 (0x30402673) csrrs   a2, mie, zero
core   0: 3 0x0000000080006028 (0x30402673) x12 0x0000000000000a00
core   0: 0x000000008000602c (0x344025f3) csrrs   a1, mip, zero
core   0: 3 0x000000008000602c (0x344025f3) x11 0x0000000000000080
core   0: 0x0000000080006030 (0x343025f3) csrrs   a1, mtval, zero
core   0: 3 0x0000000080006030 (0x343025f3) x11 0x00000000c207f953
core   0: 0x0000000080006034 (0x14302573) csrrs   a0, stval, zero
core   0: 3 0x0000000080006034 (0x14302573) x10 0x0000000000000000
core   0: 0x0000000080006038 (0xb02024f3) csrrs   s1, minstret, zero
core   0: 3 0x0000000080006038 (0xb02024f3) x9  0x000000000000095b
core   0: 0x000000008000603c (0x0000a811) c.j     pc + 20
core   0: 3 0x000000008000603c (0xa811)
core   0: >>>>  mepc_4
core   0: 0x0000000080006050 (0x00000791) c.addi  a5, 4
core   0: 3 0x0000000080006050 (0x0791) x15 0x0000000080004324
core   0: 0x0000000080006052 (0x34179073) csrrw   zero, mepc, a5
core   0: 3 0x0000000080006052 (0x34179073) c833_mepc 0x0000000080004324
core   0: 0x0000000080006056 (0x30200073) mret
core   0: 3 0x0000000080006056 (0x30200073) c768_mstatus 0x8000000a00106080
core   0: 0x0000000080004324 (0x0194581b) srliw   a6, s0, 25
core   0: 1 0x0000000080004324 (0x0194581b) x16 0x0000000000000000
core   0: 0x0000000080004328 (0x002022f3) csrrs   t0, frm, zero
core   0: 1 0x0000000080004328 (0x002022f3) x5  0x0000000000000007
core   0: 0x000000008000432c (0x4158583b) sraw    a6, a6, s5
core   0: 1 0x000000008000432c (0x4158583b) x16 0x0000000000000000
core   0: 0x0000000080004330 (0x002394f3) csrrw   s1, frm, t2
core   0: 1 0x0000000080004330 (0x002394f3) x9  0x0000000000000007 c2_frm 0x0000000000000000
core   0: 0x0000000080004334 (0x14101af3) csrrw   s5, sepc, zero
core   0: 1 0x0000000080004334 (0x14101af3) x21 0x0000000000000000 c321_sepc 0x0000000000000000
core   0: 0x0000000080004338 (0x2294a6d3) fsgnjx.d fa3, fs1, fs1
core   0: 1 0x0000000080004338 (0x2294a6d3) f13 0x7fffffff00000000
core   0: 0x000000008000433c (0x00141b33) sll     s6, s0, ra
core   0: 1 0x000000008000433c (0x00141b33) x22 0x0000000000000000
core   0: 0x0000000080004340 (0x2ac6fb47) fmsub.d fs6, fa3, fa2, ft5
core   0: 1 0x0000000080004340 (0x2ac6fb47) f22 0x7ff8000000000000
core   0: 0x0000000080004344 (0xf20b00d3) fmv.d.x ft1, s6
core   0: 1 0x0000000080004344 (0xf20b00d3) f1  0x0000000000000000
core   0: 0x0000000080004348 (0xfff08113) addi    sp, ra, -1
core   0: 1 0x0000000080004348 (0xfff08113) x2  0x0000000080004013
core   0: 0x000000008000434c (0xe2d77cc3) fmadd.d fs9, fa4, fa3, ft8
core   0: 1 0x000000008000434c (0xe2d77cc3) f25 0x7ff8000000000000
core   0: 0x0000000080004350 (0xd02cff53) fcvt.s.l ft10, s9
core   0: 1 0x0000000080004350 (0xd02cff53) c1_fflags 0x0000000000000001 f30 0xffffffffcde4c100
core   0: 0x0000000080004354 (0x5917a917) auipc   s2, 0x5917a
core   0: 1 0x0000000080004354 (0x5917a917) x18 0x00000000d917e354
core   0: 0x0000000080004358 (0x0146db93) srli    s7, a3, 20
core   0: 1 0x0000000080004358 (0x0146db93) x23 0x0000000000000000
core   0: 0x000000008000435c (0x00e5111b) slliw   sp, a0, 14
core   0: 1 0x000000008000435c (0x00e5111b) x2  0x0000000000000000
core   0: 0x0000000080004360 (0x02357633) remu    a2, a0, gp
core   0: 1 0x0000000080004360 (0x02357633) x12 0x0000000000000000
core   0: 0x0000000080004364 (0x337d8293) addi    t0, s11, 823
core   0: 1 0x0000000080004364 (0x337d8293) x5  0x000000000000033a
core   0: 0x0000000080004368 (0xe20807d3) fmv.x.d a5, fa6
core   0: 1 0x0000000080004368 (0xe20807d3) x15 0x435eafc000000000
core   0: 0x000000008000436c (0x00202573) csrrs   a0, frm, zero
core   0: 1 0x000000008000436c (0x00202573) x10 0x0000000000000000
core   0: 0x0000000080004370 (0xf11055f3) csrrwi  a1, mvendorid, 0
core   0: exception trap_illegal_instruction, epc 0x0000000080004370
core   0:           tval 0x00000000f11055f3
core   0: >>>>  $xrv64i2p1_m2p0_a2p1_f2p2_d2p2_zicsr2p0_zifencei2p0_zmmul1p0_zba1p0_zbb1p0_zbc1p0_zbs1p0
core   0: 0x0000000080004000 (0x0080006f) j       pc + 0x8
core   0: 3 0x0000000080004000 (0x0080006f)
core   0: >>>>  mmode_exception_handler
core   0: 0x0000000080004008 (0x00002c17) auipc   s8, 0x2
core   0: 3 0x0000000080004008 (0x00002c17) x24 0x0000000080006008
core   0: 0x000000008000400c (0x014c0c13) addi    s8, s8, 20
core   0: 3 0x000000008000400c (0x014c0c13) x24 0x000000008000601c
core   0: 0x0000000080004010 (0x000c00e7) jalr    s8
core   0: 3 0x0000000080004010 (0x000c00e7) x1  0x0000000080004014
core   0: >>>>  any_handler
core   0: 0x000000008000601c (0x341027f3) csrrs   a5, mepc, zero
core   0: 3 0x000000008000601c (0x341027f3) x15 0x0000000080004370
core   0: 0x0000000080006020 (0x34202773) csrrs   a4, mcause, zero
core   0: 3 0x0000000080006020 (0x34202773) x14 0x0000000000000002
core   0: 0x0000000080006024 (0x142026f3) csrrs   a3, scause, zero
core   0: 3 0x0000000080006024 (0x142026f3) x13 0x0000000000000000
core   0: 0x0000000080006028 (0x30402673) csrrs   a2, mie, zero
core   0: 3 0x0000000080006028 (0x30402673) x12 0x0000000000000a00
core   0: 0x000000008000602c (0x344025f3) csrrs   a1, mip, zero
core   0: 3 0x000000008000602c (0x344025f3) x11 0x0000000000000080
core   0: 0x0000000080006030 (0x343025f3) csrrs   a1, mtval, zero
core   0: 3 0x0000000080006030 (0x343025f3) x11 0x00000000f11055f3
core   0: 0x0000000080006034 (0x14302573) csrrs   a0, stval, zero
core   0: 3 0x0000000080006034 (0x14302573) x10 0x0000000000000000
core   0: 0x0000000080006038 (0xb02024f3) csrrs   s1, minstret, zero
core   0: 3 0x0000000080006038 (0xb02024f3) x9  0x000000000000097e
core   0: 0x000000008000603c (0x0000a811) c.j     pc + 20
core   0: 3 0x000000008000603c (0xa811)
core   0: >>>>  mepc_4
core   0: 0x0000000080006050 (0x00000791) c.addi  a5, 4
core   0: 3 0x0000000080006050 (0x0791) x15 0x0000000080004374
core   0: 0x0000000080006052 (0x34179073) csrrw   zero, mepc, a5
core   0: 3 0x0000000080006052 (0x34179073) c833_mepc 0x0000000080004374
core   0: 0x0000000080006056 (0x30200073) mret
core   0: 3 0x0000000080006056 (0x30200073) c768_mstatus 0x8000000a00106080
core   0: 0x0000000080004374 (0x02a413b3) mulh    t2, s0, a0
core   0: 1 0x0000000080004374 (0x02a413b3) x7  0x0000000000000000
core   0: 0x0000000080004378 (0x00000001) c.nop
core   0: 1 0x0000000080004378 (0x0001)
core   0: 0x000000008000437a (0x00731333) sll     t1, t1, t2
core   0: 1 0x000000008000437a (0x00731333) x6  0x0000000000000000
core   0: 0x000000008000437e (0x02cc583b) divuw   a6, s8, a2
core   0: 1 0x000000008000437e (0x02cc583b) x16 0x00000000000cccd6
core   0: 0x0000000080004382 (0x00e393bb) sllw    t2, t2, a4
core   0: 1 0x0000000080004382 (0x00e393bb) x7  0x0000000000000000
core   0: 0x0000000080004386 (0x41bbdd3b) sraw    s10, s7, s11
core   0: 1 0x0000000080004386 (0x41bbdd3b) x26 0x0000000000000000
core   0: 0x000000008000438a (0xd21b0ed3) fcvt.d.wu ft9, s6
core   0: 1 0x000000008000438a (0xd21b0ed3) f29 0x0000000000000000
core   0: 0x000000008000438e (0x4151d1bb) sraw    gp, gp, s5
core   0: 1 0x000000008000438e (0x4151d1bb) x3  0x0000000000000000
core   0: 0x0000000080004392 (0xc23a7153) fcvt.lu.d sp, fs4
core   0: 1 0x0000000080004392 (0xc23a7153) c1_fflags 0x0000000000000011 x2  0xffffffffffffffff
core   0: 0x0000000080004396 (0x401d7c53) fcvt.s.d fs8, fs10
core   0: 1 0x0000000080004396 (0x401d7c53) f24 0xffffffff7fc00000
core   0: 0x000000008000439a (0x638c744b) fnmsub.d fs0, fs8, fs8, fa2
core   0: 1 0x000000008000439a (0x638c744b) f8  0x7ff8000000000000
core   0: 0x000000008000439e (0x00261c73) csrrw   s8, frm, a2
core   0: 1 0x000000008000439e (0x00261c73) x24 0x0000000000000000 c2_frm 0x0000000000000000
core   0: 0x00000000800043a2 (0x4117d4bb) sraw    s1, a5, a7
core   0: 1 0x00000000800043a2 (0x4117d4bb) x9  0xffffffffffffff80
core   0: 0x00000000800043a6 (0x2d19ea93) ori     s5, s3, 721
core   0: 1 0x00000000800043a6 (0x2d19ea93) x21 0xffffffffffffffff
core   0: 0x00000000800043aa (0x03f97953) fadd.d  fs2, fs2, ft11
core   0: 1 0x00000000800043aa (0x03f97953) f18 0x7ff8000000000000
core   0: 0x00000000800043ae (0x0102ceb3) xor     t4, t0, a6
core   0: 1 0x00000000800043ae (0x0102ceb3) x29 0x00000000000ccfec
core   0: 0x00000000800043b2 (0x01db1b3b) sllw    s6, s6, t4
core   0: 1 0x00000000800043b2 (0x01db1b3b) x22 0x0000000000000000
core   0: 0x00000000800043b6 (0x028bf4b3) remu    s1, s7, s0
core   0: 1 0x00000000800043b6 (0x028bf4b3) x9  0x0000000000000000
core   0: 0x00000000800043ba (0x01bcd713) srli    a4, s9, 27
core   0: 1 0x00000000800043ba (0x01bcd713) x14 0x0000001ffffffffc
core   0: 0x00000000800043be (0xf20704d3) fmv.d.x fs1, a4
core   0: 1 0x00000000800043be (0xf20704d3) f9  0x0000001ffffffffc
core   0: 0x00000000800043c2 (0x00f6c833) xor     a6, a3, a5
core   0: 1 0x00000000800043c2 (0x00f6c833) x16 0x0000000080004374
core   0: 0x00000000800043c6 (0xd2140a53) fcvt.d.wu fs4, s0
core   0: 1 0x00000000800043c6 (0xd2140a53) f20 0x0000000000000000
core   0: 0x00000000800043ca (0x01cd119b) slliw   gp, s10, 28
core   0: 1 0x00000000800043ca (0x01cd119b) x3  0x0000000000000000
core   0: 0x00000000800043ce (0x01a18e3b) addw    t3, gp, s10
core   0: 1 0x00000000800043ce (0x01a18e3b) x28 0x0000000000000000
core   0: 0x00000000800043d2 (0x22dfafd3) fsgnjx.d ft11, ft11, fa3
core   0: 1 0x00000000800043d2 (0x22dfafd3) f31 0xffffffff00000000
core   0: 0x00000000800043d6 (0x412c8533) sub     a0, s9, s2
core   0: 1 0x00000000800043d6 (0x412c8533) x10 0xffffffff0a4ffcab
core   0: 0x00000000800043da (0x01a518b3) sll     a7, a0, s10
core   0: 1 0x00000000800043da (0x01a518b3) x17 0xffffffff0a4ffcab
core   0: 0x00000000800043de (0x4108da93) srai    s5, a7, 16
core   0: 1 0x00000000800043de (0x4108da93) x21 0xffffffffffff0a4f
core   0: 0x00000000800043e2 (0xd02e75d3) fcvt.s.l fa1, t3
core   0: 1 0x00000000800043e2 (0xd02e75d3) f11 0xffffffff00000000
core   0: 0x00000000800043e6 (0x022ae0b3) rem     ra, s5, sp
core   0: 1 0x00000000800043e6 (0x022ae0b3) x1  0x0000000000000000
core   0: 0x00000000800043ea (0xc013a3f3) csrrs   t2, time, t2
core   0: exception trap_illegal_instruction, epc 0x00000000800043ea
core   0:           tval 0x00000000c013a3f3
core   0: >>>>  $xrv64i2p1_m2p0_a2p1_f2p2_d2p2_zicsr2p0_zifencei2p0_zmmul1p0_zba1p0_zbb1p0_zbc1p0_zbs1p0
core   0: 0x0000000080004000 (0x0080006f) j       pc + 0x8
core   0: 3 0x0000000080004000 (0x0080006f)
core   0: >>>>  mmode_exception_handler
core   0: 0x0000000080004008 (0x00002c17) auipc   s8, 0x2
core   0: 3 0x0000000080004008 (0x00002c17) x24 0x0000000080006008
core   0: 0x000000008000400c (0x014c0c13) addi    s8, s8, 20
core   0: 3 0x000000008000400c (0x014c0c13) x24 0x000000008000601c
core   0: 0x0000000080004010 (0x000c00e7) jalr    s8
core   0: 3 0x0000000080004010 (0x000c00e7) x1  0x0000000080004014
core   0: >>>>  any_handler
core   0: 0x000000008000601c (0x341027f3) csrrs   a5, mepc, zero
core   0: 3 0x000000008000601c (0x341027f3) x15 0x00000000800043ea
core   0: 0x0000000080006020 (0x34202773) csrrs   a4, mcause, zero
core   0: 3 0x0000000080006020 (0x34202773) x14 0x0000000000000002
core   0: 0x0000000080006024 (0x142026f3) csrrs   a3, scause, zero
core   0: 3 0x0000000080006024 (0x142026f3) x13 0x0000000000000000
core   0: 0x0000000080006028 (0x30402673) csrrs   a2, mie, zero
core   0: 3 0x0000000080006028 (0x30402673) x12 0x0000000000000a00
core   0: 0x000000008000602c (0x344025f3) csrrs   a1, mip, zero
core   0: 3 0x000000008000602c (0x344025f3) x11 0x0000000000000080
core   0: 0x0000000080006030 (0x343025f3) csrrs   a1, mtval, zero
core   0: 3 0x0000000080006030 (0x343025f3) x11 0x00000000c013a3f3
core   0: 0x0000000080006034 (0x14302573) csrrs   a0, stval, zero
core   0: 3 0x0000000080006034 (0x14302573) x10 0x0000000000000000
core   0: 0x0000000080006038 (0xb02024f3) csrrs   s1, minstret, zero
core   0: 3 0x0000000080006038 (0xb02024f3) x9  0x00000000000009ac
core   0: 0x000000008000603c (0x0000a811) c.j     pc + 20
core   0: 3 0x000000008000603c (0xa811)
core   0: >>>>  mepc_4
core   0: 0x0000000080006050 (0x00000791) c.addi  a5, 4
core   0: 3 0x0000000080006050 (0x0791) x15 0x00000000800043ee
core   0: 0x0000000080006052 (0x34179073) csrrw   zero, mepc, a5
core   0: 3 0x0000000080006052 (0x34179073) c833_mepc 0x00000000800043ee
core   0: 0x0000000080006056 (0x30200073) mret
core   0: 3 0x0000000080006056 (0x30200073) c768_mstatus 0x8000000a00106080
core   0: 0x00000000800043ee (0xf19d8813) addi    a6, s11, -231
core   0: 1 0x00000000800043ee (0xf19d8813) x16 0xffffffffffffff1c
core   0: 0x00000000800043f2 (0x00b85593) srli    a1, a6, 11
core   0: 1 0x00000000800043f2 (0x00b85593) x11 0x001fffffffffffff
core   0: 0x00000000800043f6 (0xdb7dfdc7) fmsub.d fs11, fs11, fs7, fs11
core   0: 1 0x00000000800043f6 (0xdb7dfdc7) f27 0x7ff8000000000000
core   0: 0x00000000800043fa (0x401ef8d3) fcvt.s.d fa7, ft9
core   0: 1 0x00000000800043fa (0x401ef8d3) f17 0xffffffff00000000
core   0: 0x00000000800043fe (0x0355fa33) remu    s4, a1, s5
core   0: 1 0x00000000800043fe (0x0355fa33) x20 0x001fffffffffffff
core   0: 0x0000000080004402 (0x00d1171b) slliw   a4, sp, 13
core   0: 1 0x0000000080004402 (0x00d1171b) x14 0xffffffffffffe000
core   0: 0x0000000080004406 (0x40e7533b) sraw    t1, a4, a4
core   0: 1 0x0000000080004406 (0x40e7533b) x6  0xffffffffffffe000
core   0: 0x000000008000440a (0x000ea7b7) lui     a5, 0xea
core   0: 1 0x000000008000440a (0x000ea7b7) x15 0x00000000000ea000
core   0: 0x000000008000440e (0x6cd7879b) addiw   a5, a5, 1741
core   0: 1 0x000000008000440e (0x6cd7879b) x15 0x00000000000ea6cd
core   0: 0x0000000080004412 (0x000007ca) c.slli  a5, 18
core   0: 1 0x0000000080004412 (0x07ca) x15 0x0000003a9b340000
core   0: 0x0000000080004414 (0x000017b1) c.addi  a5, -20
core   0: 1 0x0000000080004414 (0x17b1) x15 0x0000003a9b33ffec
core   0: 0x0000000080004416 (0xc035fdd3) fcvt.lu.s s11, fa1
core   0: 1 0x0000000080004416 (0xc035fdd3) x27 0x0000000000000000
core   0: 0x000000008000441a (0x40085c1b) sraiw   s8, a6, 0
core   0: 1 0x000000008000441a (0x40085c1b) x24 0xffffffffffffff1c
core   0: 0x000000008000441e (0x0077d213) srli    tp, a5, 7
core   0: 1 0x000000008000441e (0x0077d213) x4  0x00000000753667ff
core   0: 0x0000000080004422 (0x39accc93) xori    s9, s9, 922
core   0: 1 0x0000000080004422 (0x39accc93) x25 0xffffffffe367dc65
core   0: 0x0000000080004426 (0x0118c9b3) xor     s3, a7, a7
core   0: 1 0x0000000080004426 (0x0118c9b3) x19 0x0000000000000000
core   0: 0x000000008000442a (0xd0327453) fcvt.s.lu fs0, tp
core   0: 1 0x000000008000442a (0xd0327453) c1_fflags 0x0000000000000011 f8  0xffffffff4eea6cd0
core   0: 0x000000008000442e (0xc20f7653) fcvt.w.d a2, ft10
core   0: 1 0x000000008000442e (0xc20f7653) c1_fflags 0x0000000000000011 x12 0x000000007fffffff
core   0: 0x0000000080004432 (0x40117153) fcvt.s.d ft2, ft2
core   0: 1 0x0000000080004432 (0x40117153) f2  0xffffffff7fc00000
core   0: 0x0000000080004436 (0x00485c3b) srlw    s8, a6, tp
core   0: 1 0x0000000080004436 (0x00485c3b) x24 0x0000000000000001
core   0: 0x000000008000443a (0x03b4ddb3) divu    s11, s1, s11
core   0: 1 0x000000008000443a (0x03b4ddb3) x27 0xffffffffffffffff
core   0: 0x000000008000443e (0x404989bb) subw    s3, s3, tp
core   0: 1 0x000000008000443e (0x404989bb) x19 0xffffffff8ac99801
core   0: 0x0000000080004442 (0x2b399953) fmax.d  fs2, fs3, fs3
core   0: 1 0x0000000080004442 (0x2b399953) f18 0x7ff8000000000000
core   0: 0x0000000080004446 (0x00009876) c.add   a6, t4
core   0: 1 0x0000000080004446 (0x9876) x16 0x00000000000ccf08
core   0: 0x0000000080004448 (0x03d848b3) div     a7, a6, t4
core   0: 1 0x0000000080004448 (0x03d848b3) x17 0x0000000000000000
core   0: 0x000000008000444c (0xd20808d3) fcvt.d.w fa7, a6
core   0: 1 0x000000008000444c (0xd20808d3) f17 0x41299e1000000000
core   0: 0x0000000080004450 (0x1ad97a53) fdiv.d  fs4, fs2, fa3
core   0: 1 0x0000000080004450 (0x1ad97a53) f20 0x7ff8000000000000
core   0: 0x0000000080004454 (0x1bb9f653) fdiv.d  fa2, fs3, fs11
core   0: 1 0x0000000080004454 (0x1bb9f653) f12 0x7ff8000000000000
core   0: 0x0000000080004458 (0x00672ab3) slt     s5, a4, t1
core   0: 1 0x0000000080004458 (0x00672ab3) x21 0x0000000000000000
core   0: 0x000000008000445c (0xc02dfcd3) fcvt.l.s s9, fs11
core   0: 1 0x000000008000445c (0xc02dfcd3) c1_fflags 0x0000000000000011 x25 0x7fffffffffffffff
core   0: 0x0000000080004460 (0x01110833) add     a6, sp, a7
core   0: 1 0x0000000080004460 (0x01110833) x16 0xffffffffffffffff
core   0: 0x0000000080004464 (0x0005053b) addw    a0, a0, zero
core   0: 1 0x0000000080004464 (0x0005053b) x10 0x0000000000000000
core   0: 0x0000000080004468 (0x03b08bbb) mulw    s7, ra, s11
core   0: 1 0x0000000080004468 (0x03b08bbb) x23 0x000000007fffbfec
core   0: 0x000000008000446c (0xc02679d3) fcvt.l.s s3, fa2
core   0: 1 0x000000008000446c (0xc02679d3) c1_fflags 0x0000000000000011 x19 0x7fffffffffffffff
core   0: 0x0000000080004470 (0xf482079b) addiw   a5, tp, -184
core   0: 1 0x0000000080004470 (0xf482079b) x15 0x0000000075366747
core   0: 0x0000000080004474 (0x000ed793) srli    a5, t4, 0
core   0: 1 0x0000000080004474 (0x000ed793) x15 0x00000000000ccfec
core   0: 0x0000000080004478 (0x02e2d43b) divuw   s0, t0, a4
core   0: 1 0x0000000080004478 (0x02e2d43b) x8  0x0000000000000000
core   0: 0x000000008000447c (0x00000001) c.nop
core   0: 1 0x000000008000447c (0x0001)
core   0: 0x000000008000447e (0x10ad6073) csrrsi  zero, senvcfg, 26
core   0: 1 0x000000008000447e (0x10ad6073) c266_senvcfg 0x0000000000000000
core   0: 0x0000000080004482 (0xf11fd973) csrrwi  s2, mvendorid, 31
core   0: exception trap_illegal_instruction, epc 0x0000000080004482
core   0:           tval 0x00000000f11fd973
core   0: >>>>  $xrv64i2p1_m2p0_a2p1_f2p2_d2p2_zicsr2p0_zifencei2p0_zmmul1p0_zba1p0_zbb1p0_zbc1p0_zbs1p0
core   0: 0x0000000080004000 (0x0080006f) j       pc + 0x8
core   0: 3 0x0000000080004000 (0x0080006f)
core   0: >>>>  mmode_exception_handler
core   0: 0x0000000080004008 (0x00002c17) auipc   s8, 0x2
core   0: 3 0x0000000080004008 (0x00002c17) x24 0x0000000080006008
core   0: 0x000000008000400c (0x014c0c13) addi    s8, s8, 20
core   0: 3 0x000000008000400c (0x014c0c13) x24 0x000000008000601c
core   0: 0x0000000080004010 (0x000c00e7) jalr    s8
core   0: 3 0x0000000080004010 (0x000c00e7) x1  0x0000000080004014
core   0: >>>>  any_handler
core   0: 0x000000008000601c (0x341027f3) csrrs   a5, mepc, zero
core   0: 3 0x000000008000601c (0x341027f3) x15 0x0000000080004482
core   0: 0x0000000080006020 (0x34202773) csrrs   a4, mcause, zero
core   0: 3 0x0000000080006020 (0x34202773) x14 0x0000000000000002
core   0: 0x0000000080006024 (0x142026f3) csrrs   a3, scause, zero
core   0: 3 0x0000000080006024 (0x142026f3) x13 0x0000000000000000
core   0: 0x0000000080006028 (0x30402673) csrrs   a2, mie, zero
core   0: 3 0x0000000080006028 (0x30402673) x12 0x0000000000000a00
core   0: 0x000000008000602c (0x344025f3) csrrs   a1, mip, zero
core   0: 3 0x000000008000602c (0x344025f3) x11 0x0000000000000080
core   0: 0x0000000080006030 (0x343025f3) csrrs   a1, mtval, zero
core   0: 3 0x0000000080006030 (0x343025f3) x11 0x00000000f11fd973
core   0: 0x0000000080006034 (0x14302573) csrrs   a0, stval, zero
core   0: 3 0x0000000080006034 (0x14302573) x10 0x0000000000000000
core   0: 0x0000000080006038 (0xb02024f3) csrrs   s1, minstret, zero
core   0: 3 0x0000000080006038 (0xb02024f3) x9  0x00000000000009e3
core   0: 0x000000008000603c (0x0000a811) c.j     pc + 20
core   0: 3 0x000000008000603c (0xa811)
core   0: >>>>  mepc_4
core   0: 0x0000000080006050 (0x00000791) c.addi  a5, 4
core   0: 3 0x0000000080006050 (0x0791) x15 0x0000000080004486
core   0: 0x0000000080006052 (0x34179073) csrrw   zero, mepc, a5
core   0: 3 0x0000000080006052 (0x34179073) c833_mepc 0x0000000080004486
core   0: 0x0000000080006056 (0x30200073) mret
core   0: 3 0x0000000080006056 (0x30200073) c768_mstatus 0x8000000a00106080
core   0: 0x0000000080004486 (0x8127879b) addiw   a5, a5, -2030
core   0: 1 0x0000000080004486 (0x8127879b) x15 0xffffffff80003c98
core   0: 0x000000008000448a (0x2ac31bd3) fmax.d  fs7, ft6, fa2
core   0: 1 0x000000008000448a (0x2ac31bd3) f23 0x7ff8000000000000
core   0: 0x000000008000448e (0x03d57533) remu    a0, a0, t4
core   0: 1 0x000000008000448e (0x03d57533) x10 0x0000000000000000
core   0: 0x0000000080004492 (0x007544b3) xor     s1, a0, t2
core   0: 1 0x0000000080004492 (0x007544b3) x9  0x0000000000000000
core   0: 0x0000000080004496 (0x2b3c89d3) fmin.d  fs3, fs9, fs3
core   0: 1 0x0000000080004496 (0x2b3c89d3) f19 0x7ff8000000000000
core   0: 0x000000008000449a (0x0004991b) slliw   s2, s1, 0
core   0: 1 0x000000008000449a (0x0004991b) x18 0x0000000000000000
core   0: 0x000000008000449e (0x1224f2d3) fmul.d  ft5, fs1, ft2
core   0: 1 0x000000008000449e (0x1224f2d3) f5  0x7ff8000000000000
core   0: 0x00000000800044a2 (0xdbe08413) addi    s0, ra, -578
core   0: 1 0x00000000800044a2 (0xdbe08413) x8  0x0000000080003dd2
core   0: 0x00000000800044a6 (0x0382e9bb) remw    s3, t0, s8
core   0: 1 0x00000000800044a6 (0x0382e9bb) x19 0x000000000000033a
core   0: 0x00000000800044aa (0x420286d3) fcvt.d.s fa3, ft5
core   0: 1 0x00000000800044aa (0x420286d3) f13 0x7ff8000000000000
core   0: 0x00000000800044ae (0x419ddcbb) sraw    s9, s11, s9
core   0: 1 0x00000000800044ae (0x419ddcbb) x25 0xffffffffffffffff
core   0: 0x00000000800044b2 (0x401ddb13) srai    s6, s11, 1
core   0: 1 0x00000000800044b2 (0x401ddb13) x22 0xffffffffffffffff
core   0: 0x00000000800044b6 (0xd03b77d3) fcvt.s.lu fa5, s6
core   0: 1 0x00000000800044b6 (0xd03b77d3) c1_fflags 0x0000000000000011 f15 0xffffffff5f800000
core   0: 0x00000000800044ba (0xe2088dd3) fmv.x.d s11, fa7
core   0: 1 0x00000000800044ba (0xe2088dd3) x27 0x41299e1000000000
core   0: 0x00000000800044be (0xa30b8ad3) fle.d   s5, fs7, fa6
core   0: 1 0x00000000800044be (0xa30b8ad3) c1_fflags 0x0000000000000011 x21 0x0000000000000000
core   0: 0x00000000800044c2 (0x011d143b) sllw    s0, s10, a7
core   0: 1 0x00000000800044c2 (0x011d143b) x8  0x0000000000000000
core   0: 0x00000000800044c6 (0x45bb6b13) ori     s6, s6, 1115
core   0: 1 0x00000000800044c6 (0x45bb6b13) x22 0xffffffffffffffff
core   0: 0x00000000800044ca (0x1363f4c7) fmsub.d fs1, ft7, fs6, ft2
core   0: 1 0x00000000800044ca (0x1363f4c7) f9  0x7ff8000000000000
core   0: 0x00000000800044ce (0x4055d59b) sraiw   a1, a1, 5
core   0: 1 0x00000000800044ce (0x4055d59b) x11 0xffffffffff88fecb
core   0: 0x00000000800044d2 (0x41a484bb) subw    s1, s1, s10
core   0: 1 0x00000000800044d2 (0x41a484bb) x9  0x0000000000000000
core   0: 0x00000000800044d6 (0x0154dc93) srli    s9, s1, 21
core   0: 1 0x00000000800044d6 (0x0154dc93) x25 0x0000000000000000
core   0: 0x00000000800044da (0x6b2bf64b) fnmsub.d fa2, fs7, fs2, fa3
core   0: 1 0x00000000800044da (0x6b2bf64b) f12 0x7ff8000000000000
core   0: 0x00000000800044de (0x0ff0000f) fence   iorw,iorw
core   0: 1 0x00000000800044de (0x0ff0000f)
core   0: 0x00000000800044e2 (0x02c6fe53) fadd.d  ft8, fa3, fa2
core   0: 1 0x00000000800044e2 (0x02c6fe53) f28 0x7ff8000000000000
core   0: 0x00000000800044e6 (0xda427d47) fmsub.d fs10, ft4, ft4, fs11
core   0: 1 0x00000000800044e6 (0xda427d47) f26 0x7ff8000000000000
core   0: 0x00000000800044ea (0x0319f9b3) remu    s3, s3, a7
core   0: 1 0x00000000800044ea (0x0319f9b3) x19 0x000000000000033a
core   0: 0x00000000800044ee (0x00246533) or      a0, s0, sp
core   0: 1 0x00000000800044ee (0x00246533) x10 0xffffffffffffffff
core   0: 0x00000000800044f2 (0x013ed893) srli    a7, t4, 19
core   0: 1 0x00000000800044f2 (0x013ed893) x17 0x0000000000000001
core   0: 0x00000000800044f6 (0x225a8653) fsgnj.d fa2, fs5, ft5
core   0: 1 0x00000000800044f6 (0x225a8653) f12 0x7fffffff00000000
core   0: 0x00000000800044fa (0xc21af553) fcvt.wu.d a0, fs5
core   0: 1 0x00000000800044fa (0xc21af553) c1_fflags 0x0000000000000011 x10 0xffffffffffffffff
core   0: 0x00000000800044fe (0x027563b3) rem     t2, a0, t2
core   0: 1 0x00000000800044fe (0x027563b3) x7  0xffffffffffffffff
core   0: 0x0000000080004502 (0x001e9073) csrrw   zero, fflags, t4
core   0: 1 0x0000000080004502 (0x001e9073) c1_fflags 0x000000000000000c
core   0: 0x0000000080004506 (0x0006063b) addw    a2, a2, zero
core   0: 1 0x0000000080004506 (0x0006063b) x12 0x0000000000000a00
core   0: 0x000000008000450a (0x0ff0000f) fence   iorw,iorw
core   0: 1 0x000000008000450a (0x0ff0000f)
core   0: 0x000000008000450e (0xfff06793) ori     a5, zero, -1
core   0: 1 0x000000008000450e (0xfff06793) x15 0xffffffffffffffff
core   0: 0x0000000080004512 (0x02c4f453) fadd.d  fs0, fs1, fa2
core   0: 1 0x0000000080004512 (0x02c4f453) f8  0x7ff8000000000000
core   0: 0x0000000080004516 (0x030904bb) mulw    s1, s2, a6
core   0: 1 0x0000000080004516 (0x030904bb) x9  0x0000000000000000
core   0: 0x000000008000451a (0x001713f3) csrrw   t2, fflags, a4
core   0: 1 0x000000008000451a (0x001713f3) x7  0x000000000000000c c1_fflags 0x0000000000000002
core   0: 0x000000008000451e (0x1a86f1cf) fnmadd.d ft3, fa3, fs0, ft3
core   0: 1 0x000000008000451e (0x1a86f1cf) f3  0x7ff8000000000000
core   0: 0x0000000080004522 (0x227393d3) fsgnjn.d ft7, ft7, ft7
core   0: 1 0x0000000080004522 (0x227393d3) f7  0x7fffffff00000000
core   0: 0x0000000080004526 (0x037a80b3) mul     ra, s5, s7
core   0: 1 0x0000000080004526 (0x037a80b3) x1  0x0000000000000000
core   0: 0x000000008000452a (0x0064f133) and     sp, s1, t1
core   0: 1 0x000000008000452a (0x0064f133) x2  0x0000000000000000
core   0: 0x000000008000452e (0x22110bd3) fsgnj.d fs7, ft2, ft1
core   0: 1 0x000000008000452e (0x22110bd3) f23 0x7fffffff7fc00000
core   0: 0x0000000080004532 (0x5a06f9d3) fsqrt.d fs3, fa3
core   0: 1 0x0000000080004532 (0x5a06f9d3) f19 0x7ff8000000000000
core   0: 0x0000000080004536 (0x0229f633) remu    a2, s3, sp
core   0: 1 0x0000000080004536 (0x0229f633) x12 0x000000000000033a
core   0: 0x000000008000453a (0xd2100b53) fcvt.d.wu fs6, zero
core   0: 1 0x000000008000453a (0xd2100b53) f22 0x0000000000000000
core   0: 0x000000008000453e (0x00a380b3) add     ra, t2, a0
core   0: 1 0x000000008000453e (0x00a380b3) x1  0x000000000000000b
core   0: 0x0000000080004542 (0x02c6c333) div     t1, a3, a2
core   0: 1 0x0000000080004542 (0x02c6c333) x6  0x0000000000000000
core   0: 0x0000000080004546 (0x003352bb) srlw    t0, t1, gp
core   0: 1 0x0000000080004546 (0x003352bb) x5  0x0000000000000000
core   0: 0x000000008000454a (0xc03b71d3) fcvt.lu.s gp, fs6
core   0: 1 0x000000008000454a (0xc03b71d3) c1_fflags 0x0000000000000012 x3  0xffffffffffffffff
core   0: 0x000000008000454e (0x00e161b3) or      gp, sp, a4
core   0: 1 0x000000008000454e (0x00e161b3) x3  0x0000000000000002
core   0: 0x0000000080004552 (0x227e10d3) fsgnjn.d ft1, ft8, ft7
core   0: 1 0x0000000080004552 (0x227e10d3) f1  0xfff8000000000000
core   0: 0x0000000080004556 (0x0159d73b) srlw    a4, s3, s5
core   0: 1 0x0000000080004556 (0x0159d73b) x14 0x000000000000033a
core   0: 0x000000008000455a (0x015dc633) xor     a2, s11, s5
core   0: 1 0x000000008000455a (0x015dc633) x12 0x41299e1000000000
core   0: 0x000000008000455e (0x232b14d3) fsgnjn.d fs1, fs6, fs2
core   0: 1 0x000000008000455e (0x232b14d3) f9  0x8000000000000000
core   0: 0x0000000080004562 (0x002714f3) csrrw   s1, frm, a4
core   0: 1 0x0000000080004562 (0x002714f3) x9  0x0000000000000000 c2_frm 0x0000000000000002
core   0: 0x0000000080004566 (0x0014d193) srli    gp, s1, 1
core   0: 1 0x0000000080004566 (0x0014d193) x3  0x0000000000000000
core   0: 0x000000008000456a (0x5a07f6d3) fsqrt.d fa3, fa5
core   0: 1 0x000000008000456a (0x5a07f6d3) f13 0x7ff8000000000000
core   0: 0x000000008000456e (0x00000001) c.nop
core   0: 1 0x000000008000456e (0x0001)
core   0: 0x0000000080004570 (0xa2d6fecf) fnmadd.d ft9, fa3, fa3, fs4
core   0: 1 0x0000000080004570 (0xa2d6fecf) f29 0x7ff8000000000000
core   0: 0x0000000080004574 (0x0034921b) slliw   tp, s1, 3
core   0: 1 0x0000000080004574 (0x0034921b) x4  0x0000000000000000
core   0: 0x0000000080004578 (0x4105d033) sra     zero, a1, a6
core   0: 1 0x0000000080004578 (0x4105d033)
core   0: 0x000000008000457c (0x4015f453) fcvt.s.d fs0, fa1
core   0: 1 0x000000008000457c (0x4015f453) f8  0xffffffff7fc00000
core   0: 0x0000000080004580 (0x7fd26817) auipc   a6, 0x7fd26
core   0: 1 0x0000000080004580 (0x7fd26817) x16 0x00000000ffd2a580
core   0: 0x0000000080004584 (0x7ffa7a93) andi    s5, s4, 2047
core   0: 1 0x0000000080004584 (0x7ffa7a93) x21 0x00000000000007ff
core   0: 0x0000000080004588 (0x0017931b) slliw   t1, a5, 1
core   0: 1 0x0000000080004588 (0x0017931b) x6  0xfffffffffffffffe
core   0: 0x000000008000458c (0x01335e3b) srlw    t3, t1, s3
core   0: 1 0x000000008000458c (0x01335e3b) x28 0x000000000000003f
core   0: 0x0000000080004590 (0xc22ef2d3) fcvt.l.d t0, ft9
core   0: 1 0x0000000080004590 (0xc22ef2d3) c1_fflags 0x0000000000000012 x5  0x7fffffffffffffff
core   0: 0x0000000080004594 (0x0041a0b3) slt     ra, gp, tp
core   0: 1 0x0000000080004594 (0x0041a0b3) x1  0x0000000000000000
core   0: 0x0000000080004598 (0xd20e03d3) fcvt.d.w ft7, t3
core   0: 1 0x0000000080004598 (0xd20e03d3) f7  0x404f800000000000
core   0: 0x000000008000459c (0x40a55c3b) sraw    s8, a0, a0
core   0: 1 0x000000008000459c (0x40a55c3b) x24 0xffffffffffffffff
core   0: 0x00000000800045a0 (0x80080a1b) addiw   s4, a6, -2048
core   0: 1 0x00000000800045a0 (0x80080a1b) x20 0xffffffffffd29d80
core   0: 0x00000000800045a4 (0x0015553b) srlw    a0, a0, ra
core   0: 1 0x00000000800045a4 (0x0015553b) x10 0xffffffffffffffff
core   0: 0x00000000800045a8 (0x012e2e33) slt     t3, t3, s2
core   0: 1 0x00000000800045a8 (0x012e2e33) x28 0x0000000000000000
core   0: 0x00000000800045ac (0x00202873) csrrs   a6, frm, zero
core   0: 1 0x00000000800045ac (0x00202873) x16 0x0000000000000002
core   0: 0x00000000800045b0 (0x00d6043b) addw    s0, a2, a3
core   0: 1 0x00000000800045b0 (0x00d6043b) x8  0x0000000000000000
core   0: 0x00000000800045b4 (0x020060bb) remw    ra, zero, zero
core   0: 1 0x00000000800045b4 (0x020060bb) x1  0x0000000000000000
core   0: 0x00000000800045b8 (0x0371cabb) divw    s5, gp, s7
core   0: 1 0x00000000800045b8 (0x0371cabb) x21 0x0000000000000000
core   0: 0x00000000800045bc (0x415086b3) sub     a3, ra, s5
core   0: 1 0x00000000800045bc (0x415086b3) x13 0x0000000000000000
core   0: 0x00000000800045c0 (0x015e0e3b) addw    t3, t3, s5
core   0: 1 0x00000000800045c0 (0x015e0e3b) x28 0x0000000000000000
core   0: 0x00000000800045c4 (0x003e509b) srliw   ra, t3, 3
core   0: 1 0x00000000800045c4 (0x003e509b) x1  0x0000000000000000
core   0: 0x00000000800045c8 (0x0216ab33) mulhsu  s6, a3, ra
core   0: 1 0x00000000800045c8 (0x0216ab33) x22 0x0000000000000000
core   0: 0x00000000800045cc (0xe2088953) fmv.x.d s2, fa7
core   0: 1 0x00000000800045cc (0xe2088953) x18 0x41299e1000000000
core   0: 0x00000000800045d0 (0xd03379d3) fcvt.s.lu fs3, t1
core   0: 1 0x00000000800045d0 (0xd03379d3) c1_fflags 0x0000000000000013 f19 0xffffffff5f7fffff
core   0: 0x00000000800045d4 (0x001390f3) csrrw   ra, fflags, t2
core   0: 1 0x00000000800045d4 (0x001390f3) x1  0x0000000000000013 c1_fflags 0x000000000000000c
core   0: 0x00000000800045d8 (0x21a76713) ori     a4, a4, 538
core   0: 1 0x00000000800045d8 (0x21a76713) x14 0x000000000000033a
core   0: 0x00000000800045dc (0xa24a7fcf) fnmadd.d ft11, fs4, ft4, fs4
core   0: 1 0x00000000800045dc (0xa24a7fcf) f31 0x7ff8000000000000
core   0: 0x00000000800045e0 (0x00056893) ori     a7, a0, 0
core   0: 1 0x00000000800045e0 (0x00056893) x17 0xffffffffffffffff
core   0: 0x00000000800045e4 (0x10a41073) csrrw   zero, senvcfg, s0
core   0: 1 0x00000000800045e4 (0x10a41073) c266_senvcfg 0x0000000000000000
core   0: 0x00000000800045e8 (0x09f9c537) lui     a0, 0x9f9c
core   0: 1 0x00000000800045e8 (0x09f9c537) x10 0x0000000009f9c000
core   0: 0x00000000800045ec (0xe54d4297) auipc   t0, 0xe54d4
core   0: 1 0x00000000800045ec (0xe54d4297) x5  0x00000000654d85ec
core   0: 0x00000000800045f0 (0xc205f7d3) fcvt.w.d a5, fa1
core   0: 1 0x00000000800045f0 (0xc205f7d3) c1_fflags 0x000000000000001c x15 0x000000007fffffff
core   0: 0x00000000800045f4 (0xfea7ba37) lui     s4, 0xfea7b
core   0: 1 0x00000000800045f4 (0xfea7ba37) x20 0xfffffffffea7b000
core   0: 0x00000000800045f8 (0x5afa0a1b) addiw   s4, s4, 1455
core   0: 1 0x00000000800045f8 (0x5afa0a1b) x20 0xfffffffffea7b5af
core   0: 0x00000000800045fc (0x00000a3a) c.slli  s4, 14
core   0: 1 0x00000000800045fc (0x0a3a) x20 0xffffffa9ed6bc000
core   0: 0x00000000800045fe (0xf6ba0a13) addi    s4, s4, -149
core   0: 1 0x00000000800045fe (0xf6ba0a13) x20 0xffffffa9ed6bbf6b
core   0: 0x0000000080004602 (0xd022f9d3) fcvt.s.l fs3, t0
core   0: 1 0x0000000080004602 (0xd022f9d3) c1_fflags 0x000000000000001d f19 0xffffffff4eca9b0b
core   0: 0x0000000080004606 (0x01571b33) sll     s6, a4, s5
core   0: 1 0x0000000080004606 (0x01571b33) x22 0x000000000000033a
core   0: 0x000000008000460a (0x2b3881d3) fmin.d  ft3, fa7, fs3
core   0: 1 0x000000008000460a (0x2b3881d3) f3  0x41299e1000000000
core   0: 0x000000008000460e (0x002a99bb) sllw    s3, s5, sp
core   0: 1 0x000000008000460e (0x002a99bb) x19 0x0000000000000000
core   0: 0x0000000080004612 (0x02fdd7b3) divu    a5, s11, a5
core   0: 1 0x0000000080004612 (0x02fdd7b3) x15 0x0000000082533c21
core   0: 0x0000000080004616 (0x0033531b) srliw   t1, t1, 3
core   0: 1 0x0000000080004616 (0x0033531b) x6  0x000000001fffffff
core   0: 0x000000008000461a (0x00345c33) srl     s8, s0, gp
core   0: 1 0x000000008000461a (0x00345c33) x24 0x0000000000000000
core   0: 0x000000008000461e (0xc212fd53) fcvt.wu.d s10, ft5
core   0: 1 0x000000008000461e (0xc212fd53) c1_fflags 0x000000000000001d x26 0xffffffffffffffff
core   0: 0x0000000080004622 (0x0000969e) c.add   a3, t2
core   0: 1 0x0000000080004622 (0x969e) x13 0x000000000000000c
core   0: 0x0000000080004624 (0x03113d33) mulhu   s10, sp, a7
core   0: 1 0x0000000080004624 (0x03113d33) x26 0x0000000000000000
core   0: 0x0000000080004628 (0x74a95db7) lui     s11, 0x74a95
core   0: 1 0x0000000080004628 (0x74a95db7) x27 0x0000000074a95000
core   0: 0x000000008000462c (0x7abc809b) addiw   ra, s9, 1963
core   0: 1 0x000000008000462c (0x7abc809b) x1  0x00000000000007ab
core   0: 0x0000000080004630 (0xf2008f53) fmv.d.x ft10, ra
core   0: 1 0x0000000080004630 (0xf2008f53) f30 0x00000000000007ab
core   0: 0x0000000080004634 (0x017d9a9b) slliw   s5, s11, 23
core   0: 1 0x0000000080004634 (0x017d9a9b) x21 0x0000000000000000
core   0: 0x0000000080004638 (0x7ffd859b) addiw   a1, s11, 2047
core   0: 1 0x0000000080004638 (0x7ffd859b) x11 0x0000000074a957ff
core   0: 0x000000008000463c (0x008cd61b) srliw   a2, s9, 8
core   0: 1 0x000000008000463c (0x008cd61b) x12 0x0000000000000000
core   0: 0x0000000080004640 (0x03ad51bb) divuw   gp, s10, s10
core   0: 1 0x0000000080004640 (0x03ad51bb) x3  0xffffffffffffffff
core   0: 0x0000000080004644 (0x4001da1b) sraiw   s4, gp, 0
core   0: 1 0x0000000080004644 (0x4001da1b) x20 0xffffffffffffffff
core   0: 0x0000000080004648 (0x9afd77c3) fmadd.d fa5, fs10, fa5, fs3
core   0: 1 0x0000000080004648 (0x9afd77c3) f15 0x7ff8000000000000
core   0: 0x000000008000464c (0x01d1ab33) slt     s6, gp, t4
core   0: 1 0x000000008000464c (0x01d1ab33) x22 0x0000000000000001
core   0: 0x0000000080004650 (0x416a073b) subw    a4, s4, s6
core   0: 1 0x0000000080004650 (0x416a073b) x14 0xfffffffffffffffe
core   0: 0x0000000080004654 (0x00e515b7) lui     a1, 0xe51
core   0: 1 0x0000000080004654 (0x00e515b7) x11 0x0000000000e51000
core   0: 0x0000000080004658 (0x51b5859b) addiw   a1, a1, 1307
core   0: 1 0x0000000080004658 (0x51b5859b) x11 0x0000000000e5151b
core   0: 0x000000008000465c (0x000005b6) c.slli  a1, 13
core   0: 1 0x000000008000465c (0x05b6) x11 0x0000001ca2a36000
core   0: 0x000000008000465e (0x06e58593) addi    a1, a1, 110
core   0: 1 0x000000008000465e (0x06e58593) x11 0x0000001ca2a3606e
core   0: 0x0000000080004662 (0x01a5d4bb) srlw    s1, a1, s10
core   0: 1 0x0000000080004662 (0x01a5d4bb) x9  0xffffffffa2a3606e
core   0: 0x0000000080004666 (0x14305873) csrrwi  a6, stval, 0
core   0: 1 0x0000000080004666 (0x14305873) x16 0x0000000000000000 c323_stval 0x0000000000000000
core   0: 0x000000008000466a (0x001c9073) csrrw   zero, fflags, s9
core   0: 1 0x000000008000466a (0x001c9073) c1_fflags 0x0000000000000000
core   0: 0x000000008000466e (0x002c1773) csrrw   a4, frm, s8
core   0: 1 0x000000008000466e (0x002c1773) x14 0x0000000000000002 c2_frm 0x0000000000000000
core   0: 0x0000000080004672 (0x1aedd1b7) lui     gp, 0x1aedd
core   0: 1 0x0000000080004672 (0x1aedd1b7) x3  0x000000001aedd000
core   0: 0x0000000080004676 (0x00be6b33) or      s6, t3, a1
core   0: 1 0x0000000080004676 (0x00be6b33) x22 0x0000001ca2a3606e
core   0: 0x000000008000467a (0x31a977f3) csrrci  a5, menvcfgh, 18
core   0: exception trap_illegal_instruction, epc 0x000000008000467a
core   0:           tval 0x0000000031a977f3
core   0: >>>>  $xrv64i2p1_m2p0_a2p1_f2p2_d2p2_zicsr2p0_zifencei2p0_zmmul1p0_zba1p0_zbb1p0_zbc1p0_zbs1p0
core   0: 0x0000000080004000 (0x0080006f) j       pc + 0x8
core   0: 3 0x0000000080004000 (0x0080006f)
core   0: >>>>  mmode_exception_handler
core   0: 0x0000000080004008 (0x00002c17) auipc   s8, 0x2
core   0: 3 0x0000000080004008 (0x00002c17) x24 0x0000000080006008
core   0: 0x000000008000400c (0x014c0c13) addi    s8, s8, 20
core   0: 3 0x000000008000400c (0x014c0c13) x24 0x000000008000601c
core   0: 0x0000000080004010 (0x000c00e7) jalr    s8
core   0: 3 0x0000000080004010 (0x000c00e7) x1  0x0000000080004014
core   0: >>>>  any_handler
core   0: 0x000000008000601c (0x341027f3) csrrs   a5, mepc, zero
core   0: 3 0x000000008000601c (0x341027f3) x15 0x000000008000467a
core   0: 0x0000000080006020 (0x34202773) csrrs   a4, mcause, zero
core   0: 3 0x0000000080006020 (0x34202773) x14 0x0000000000000002
core   0: 0x0000000080006024 (0x142026f3) csrrs   a3, scause, zero
core   0: 3 0x0000000080006024 (0x142026f3) x13 0x0000000000000000
core   0: 0x0000000080006028 (0x30402673) csrrs   a2, mie, zero
core   0: 3 0x0000000080006028 (0x30402673) x12 0x0000000000000a00
core   0: 0x000000008000602c (0x344025f3) csrrs   a1, mip, zero
core   0: 3 0x000000008000602c (0x344025f3) x11 0x0000000000000080
core   0: 0x0000000080006030 (0x343025f3) csrrs   a1, mtval, zero
core   0: 3 0x0000000080006030 (0x343025f3) x11 0x0000000031a977f3
core   0: 0x0000000080006034 (0x14302573) csrrs   a0, stval, zero
core   0: 3 0x0000000080006034 (0x14302573) x10 0x0000000000000000
core   0: 0x0000000080006038 (0xb02024f3) csrrs   s1, minstret, zero
core   0: 3 0x0000000080006038 (0xb02024f3) x9  0x0000000000000a72
core   0: 0x000000008000603c (0x0000a811) c.j     pc + 20
core   0: 3 0x000000008000603c (0xa811)
core   0: >>>>  mepc_4
core   0: 0x0000000080006050 (0x00000791) c.addi  a5, 4
core   0: 3 0x0000000080006050 (0x0791) x15 0x000000008000467e
core   0: 0x0000000080006052 (0x34179073) csrrw   zero, mepc, a5
core   0: 3 0x0000000080006052 (0x34179073) c833_mepc 0x000000008000467e
core   0: 0x0000000080006056 (0x30200073) mret
core   0: 3 0x0000000080006056 (0x30200073) c768_mstatus 0x8000000a00106080
core   0: 0x000000008000467e (0x5a07f9d3) fsqrt.d fs3, fa5
core   0: 1 0x000000008000467e (0x5a07f9d3) f19 0x7ff8000000000000
core   0: 0x0000000080004682 (0xc029f9d3) fcvt.l.s s3, fs3
core   0: 1 0x0000000080004682 (0xc029f9d3) c1_fflags 0x0000000000000010 x19 0x7fffffffffffffff
core   0: 0x0000000080004686 (0xfff96c13) ori     s8, s2, -1
core   0: 1 0x0000000080004686 (0xfff96c13) x24 0xffffffffffffffff
core   0: 0x000000008000468a (0x2bae1853) fmax.d  fa6, ft8, fs10
core   0: 1 0x000000008000468a (0x2bae1853) f16 0x7ff8000000000000
core   0: 0x000000008000468e (0xd02671d3) fcvt.s.l ft3, a2
core   0: 1 0x000000008000468e (0xd02671d3) f3  0xffffffff45200000
core   0: 0x0000000080004692 (0x0031c933) xor     s2, gp, gp
core   0: 1 0x0000000080004692 (0x0031c933) x18 0x0000000000000000
core   0: 0x0000000080004696 (0x221b8053) fsgnj.d ft0, fs7, ft1
core   0: 1 0x0000000080004696 (0x221b8053) f0  0xffffffff7fc00000
core   0: 0x000000008000469a (0x025283b3) mul     t2, t0, t0
core   0: 1 0x000000008000469a (0x025283b3) x7  0x281643260e071190
core   0: 0x000000008000469e (0x02ada933) mulhsu  s2, s11, a0
core   0: 1 0x000000008000469e (0x02ada933) x18 0x0000000000000000
core   0: 0x00000000800046a2 (0x02f75613) srli    a2, a4, 47
core   0: 1 0x00000000800046a2 (0x02f75613) x12 0x0000000000000000
core   0: 0x00000000800046a6 (0x02c2edbb) remw    s11, t0, a2
core   0: 1 0x00000000800046a6 (0x02c2edbb) x27 0x00000000654d85ec
core   0: 0x00000000800046aa (0xc2107ed3) fcvt.wu.d t4, ft0
core   0: 1 0x00000000800046aa (0xc2107ed3) c1_fflags 0x0000000000000010 x29 0xffffffffffffffff
core   0: 0x00000000800046ae (0x00202473) csrrs   s0, frm, zero
core   0: 1 0x00000000800046ae (0x00202473) x8  0x0000000000000000
core   0: 0x00000000800046b2 (0x02f13bb3) mulhu   s7, sp, a5
core   0: 1 0x00000000800046b2 (0x02f13bb3) x23 0x0000000000000000
core   0: 0x00000000800046b6 (0x41f9531b) sraiw   t1, s2, 31
core   0: 1 0x00000000800046b6 (0x41f9531b) x6  0x0000000000000000
core   0: 0x00000000800046ba (0x2eae8213) addi    tp, t4, 746
core   0: 1 0x00000000800046ba (0x2eae8213) x4  0x00000000000002e9
core   0: 0x00000000800046be (0xd02978d3) fcvt.s.l fa7, s2
core   0: 1 0x00000000800046be (0xd02978d3) f17 0xffffffff00000000
core   0: 0x00000000800046c2 (0x00fb4433) xor     s0, s6, a5
core   0: 1 0x00000000800046c2 (0x00fb4433) x8  0x0000001c22a32610
core   0: 0x00000000800046c6 (0x01f5561b) srliw   a2, a0, 31
core   0: 1 0x00000000800046c6 (0x01f5561b) x12 0x0000000000000000
core   0: 0x00000000800046ca (0x41b55db3) sra     s11, a0, s11
core   0: 1 0x00000000800046ca (0x41b55db3) x27 0x0000000000000000
core   0: 0x00000000800046ce (0xc2227a53) fcvt.l.d s4, ft4
core   0: 1 0x00000000800046ce (0xc2227a53) c1_fflags 0x0000000000000010 x20 0x7fffffffffffffff
core   0: 0x00000000800046d2 (0x01b31333) sll     t1, t1, s11
core   0: 1 0x00000000800046d2 (0x01b31333) x6  0x0000000000000000
core   0: 0x00000000800046d6 (0x03b82d33) mulhsu  s10, a6, s11
core   0: 1 0x00000000800046d6 (0x03b82d33) x26 0x0000000000000000
core   0: 0x00000000800046da (0x01da9093) slli    ra, s5, 29
core   0: 1 0x00000000800046da (0x01da9093) x1  0x0000000000000000
core   0: 0x00000000800046de (0x40107dd3) fcvt.s.d fs11, ft0
core   0: 1 0x00000000800046de (0x40107dd3) f27 0xffffffff7fc00000
core   0: 0x00000000800046e2 (0xa2338d53) fle.d   s10, ft7, ft3
core   0: 1 0x00000000800046e2 (0xa2338d53) c1_fflags 0x0000000000000010 x26 0x0000000000000000
core   0: 0x00000000800046e6 (0x5a04fcd3) fsqrt.d fs9, fs1
core   0: 1 0x00000000800046e6 (0x5a04fcd3) f25 0x8000000000000000
core   0: 0x00000000800046ea (0xd2178853) fcvt.d.wu fa6, a5
core   0: 1 0x00000000800046ea (0xd2178853) f16 0x41e00008cfc00000
core   0: 0x00000000800046ee (0x02f7ecbb) remw    s9, a5, a5
core   0: 1 0x00000000800046ee (0x02f7ecbb) x25 0x0000000000000000
core   0: 0x00000000800046f2 (0x234b1f53) fsgnjn.d ft10, fs6, fs4
core   0: 1 0x00000000800046f2 (0x234b1f53) f30 0x8000000000000000
core   0: 0x00000000800046f6 (0x015890b3) sll     ra, a7, s5
core   0: 1 0x00000000800046f6 (0x015890b3) x1  0xffffffffffffffff
core   0: 0x00000000800046fa (0x00db75b3) and     a1, s6, a3
core   0: 1 0x00000000800046fa (0x00db75b3) x11 0x0000000000000000
core   0: 0x00000000800046fe (0x0171db3b) srlw    s6, gp, s7
core   0: 1 0x00000000800046fe (0x0171db3b) x22 0x000000001aedd000
core   0: 0x0000000080004702 (0x401c7cd3) fcvt.s.d fs9, fs8
core   0: 1 0x0000000080004702 (0x401c7cd3) f25 0xffffffff7fc00000
core   0: 0x0000000080004706 (0xf26a4597) auipc   a1, 0xf26a4
core   0: 1 0x0000000080004706 (0xf26a4597) x11 0x00000000726a8706
core   0: 0x000000008000470a (0x001e99f3) csrrw   s3, fflags, t4
core   0: 1 0x000000008000470a (0x001e99f3) x19 0x0000000000000010 c1_fflags 0x000000000000001f
core   0: 0x000000008000470e (0x01499833) sll     a6, s3, s4
core   0: 1 0x000000008000470e (0x01499833) x16 0x0000000000000000
core   0: 0x0000000080004712 (0x0b9cf0d3) fsub.d  ft1, fs9, fs9
core   0: 1 0x0000000080004712 (0x0b9cf0d3) f1  0x7ff8000000000000
core   0: 0x0000000080004716 (0x0240d533) divu    a0, ra, tp
core   0: 1 0x0000000080004716 (0x0240d533) x10 0x0057f7c0c5ed71bd
core   0: 0x000000008000471a (0xf2080f53) fmv.d.x ft10, a6
core   0: 1 0x000000008000471a (0xf2080f53) f30 0x0000000000000000
core   0: 0x000000008000471e (0x0211f2d3) fadd.d  ft5, ft3, ft1
core   0: 1 0x000000008000471e (0x0211f2d3) f5  0x7ff8000000000000
core   0: 0x0000000080004722 (0x004988b3) add     a7, s3, tp
core   0: 1 0x0000000080004722 (0x004988b3) x17 0x00000000000002f9
core   0: 0x0000000080004726 (0x03745bbb) divuw   s7, s0, s7
core   0: 1 0x0000000080004726 (0x03745bbb) x23 0xffffffffffffffff
core   0: 0x000000008000472a (0x400a5713) srai    a4, s4, 0
core   0: 1 0x000000008000472a (0x400a5713) x14 0x7fffffffffffffff
core   0: 0x000000008000472e (0xe20087d3) fmv.x.d a5, ft1
core   0: 1 0x000000008000472e (0xe20087d3) x15 0x7ff8000000000000
core   0: 0x0000000080004732 (0x0060533b) srlw    t1, zero, t1
core   0: 1 0x0000000080004732 (0x0060533b) x6  0x0000000000000000
core   0: 0x0000000080004736 (0x0132d0bb) srlw    ra, t0, s3
core   0: 1 0x0000000080004736 (0x0132d0bb) x1  0x000000000000654d
core   0: 0x000000008000473a (0x8007049b) addiw   s1, a4, -2048
core   0: 1 0x000000008000473a (0x8007049b) x9  0xfffffffffffff7ff
core   0: 0x000000008000473e (0x0372fd33) remu    s10, t0, s7
core   0: 1 0x000000008000473e (0x0372fd33) x26 0x00000000654d85ec
core   0: 0x0000000080004742 (0xe2a1fe47) fmsub.d ft8, ft3, fa0, ft8
core   0: 1 0x0000000080004742 (0xe2a1fe47) f28 0x7ff8000000000000
core   0: 0x0000000080004746 (0x1a38f8d3) fdiv.d  fa7, fa7, ft3
core   0: 1 0x0000000080004746 (0x1a38f8d3) f17 0x7ff8000000000000
core   0: 0x000000008000474a (0x01642433) slt     s0, s0, s6
core   0: 1 0x000000008000474a (0x01642433) x8  0x0000000000000000
core   0: 0x000000008000474e (0xe2018bd3) fmv.x.d s7, ft3
core   0: 1 0x000000008000474e (0xe2018bd3) x23 0xffffffff45200000
core   0: 0x0000000080004752 (0x403e8db3) sub     s11, t4, gp
core   0: 1 0x0000000080004752 (0x403e8db3) x27 0xffffffffe5122fff
core   0: 0x0000000080004756 (0x028be5b3) rem     a1, s7, s0
core   0: 1 0x0000000080004756 (0x028be5b3) x11 0xffffffff45200000
core   0: 0x000000008000475a (0x02ebf1b3) remu    gp, s7, a4
core   0: 1 0x000000008000475a (0x02ebf1b3) x3  0x7fffffff45200001
core   0: 0x000000008000475e (0xdbb5facf) fnmadd.d fs5, fa1, fs11, fs11
core   0: 1 0x000000008000475e (0xdbb5facf) f21 0x7ff8000000000000
core   0: 0x0000000080004762 (0x0289f433) remu    s0, s3, s0
core   0: 1 0x0000000080004762 (0x0289f433) x8  0x0000000000000010
core   0: 0x0000000080004766 (0x0376f1bb) remuw   gp, a3, s7
core   0: 1 0x0000000080004766 (0x0376f1bb) x3  0x0000000000000000
core   0: 0x000000008000476a (0x0129053b) addw    a0, s2, s2
core   0: 1 0x000000008000476a (0x0129053b) x10 0x0000000000000000
core   0: 0x000000008000476e (0x02ab6433) rem     s0, s6, a0
core   0: 1 0x000000008000476e (0x02ab6433) x8  0x000000001aedd000
core   0: 0x0000000080004772 (0x0001d193) srli    gp, gp, 0
core   0: 1 0x0000000080004772 (0x0001d193) x3  0x0000000000000000
core   0: 0x0000000080004776 (0x025686bb) mulw    a3, a3, t0
core   0: 1 0x0000000080004776 (0x025686bb) x13 0x0000000000000000
core   0: 0x000000008000477a (0xc22c7e53) fcvt.l.d t3, fs8
core   0: 1 0x000000008000477a (0xc22c7e53) c1_fflags 0x000000000000001f x28 0x7fffffffffffffff
core   0: 0x000000008000477e (0x02c612b3) mulh    t0, a2, a2
core   0: 1 0x000000008000477e (0x02c612b3) x5  0x0000000000000000
core   0: 0x0000000080004782 (0xfffc8a9b) addiw   s5, s9, -1
core   0: 1 0x0000000080004782 (0xfffc8a9b) x21 0xffffffffffffffff
core   0: 0x0000000080004786 (0x54328093) addi    ra, t0, 1347
core   0: 1 0x0000000080004786 (0x54328093) x1  0x0000000000000543
core   0: 0x000000008000478a (0x5a037cd3) fsqrt.d fs9, ft6
core   0: 1 0x000000008000478a (0x5a037cd3) f25 0x7ff8000000000000
core   0: 0x000000008000478e (0x0216d3b3) divu    t2, a3, ra
core   0: 1 0x000000008000478e (0x0216d3b3) x7  0x0000000000000000
core   0: 0x0000000080004792 (0x00202573) csrrs   a0, frm, zero
core   0: 1 0x0000000080004792 (0x00202573) x10 0x0000000000000000
core   0: 0x0000000080004796 (0xd2150253) fcvt.d.wu ft4, a0
core   0: 1 0x0000000080004796 (0xd2150253) f4  0x0000000000000000
core   0: 0x000000008000479a (0x017bae33) slt     t3, s7, s7
core   0: 1 0x000000008000479a (0x017bae33) x28 0x0000000000000000
core   0: 0x000000008000479e (0x407001b3) sub     gp, zero, t2
core   0: 1 0x000000008000479e (0x407001b3) x3  0x0000000000000000
core   0: 0x00000000800047a2 (0x01175c3b) srlw    s8, a4, a7
core   0: 1 0x00000000800047a2 (0x01175c3b) x24 0x000000000000007f
core   0: 0x00000000800047a6 (0x40147053) fcvt.s.d ft0, fs0
core   0: 1 0x00000000800047a6 (0x40147053) f0  0xffffffff7fc00000
core   0: 0x00000000800047aa (0x02b20cbb) mulw    s9, tp, a1
core   0: 1 0x00000000800047aa (0x02b20cbb) x25 0x000000002a200000
core   0: 0x00000000800047ae (0x00468eb3) add     t4, a3, tp
core   0: 1 0x00000000800047ae (0x00468eb3) x29 0x00000000000002e9
core   0: 0x00000000800047b2 (0x1b1a7f53) fdiv.d  ft10, fs4, fa7
core   0: 1 0x00000000800047b2 (0x1b1a7f53) f30 0x7ff8000000000000
core   0: 0x00000000800047b6 (0x00000001) c.nop
core   0: 1 0x00000000800047b6 (0x0001)
core   0: 0x00000000800047b8 (0xd0227fd3) fcvt.s.l ft11, tp
core   0: 1 0x00000000800047b8 (0xd0227fd3) f31 0xffffffff443a4000
core   0: 0x00000000800047bc (0xd03cf553) fcvt.s.lu fa0, s9
core   0: 1 0x00000000800047bc (0xd03cf553) f10 0xffffffff4e288000
core   0: 0x00000000800047c0 (0x008b91bb) sllw    gp, s7, s0
core   0: 1 0x00000000800047c0 (0x008b91bb) x3  0x0000000045200000
core   0: 0x00000000800047c4 (0x2a460653) fmin.d  fa2, fa2, ft4
core   0: 1 0x00000000800047c4 (0x2a460653) f12 0x0000000000000000
core   0: 0x00000000800047c8 (0x001a529b) srliw   t0, s4, 1
core   0: 1 0x00000000800047c8 (0x001a529b) x5  0x000000007fffffff
core   0: 0x00000000800047cc (0x40505033) sra     zero, zero, t0
core   0: 1 0x00000000800047cc (0x40505033)
core   0: 0x00000000800047d0 (0x02c2f73b) remuw   a4, t0, a2
core   0: 1 0x00000000800047d0 (0x02c2f73b) x14 0x000000007fffffff
core   0: 0x00000000800047d4 (0x0334873b) mulw    a4, s1, s3
core   0: 1 0x00000000800047d4 (0x0334873b) x14 0xffffffffffff7ff0
core   0: 0x00000000800047d8 (0x193fb017) auipc   zero, 0x193fb
core   0: 1 0x00000000800047d8 (0x193fb017)
core   0: 0x00000000800047dc (0x01bc80b3) add     ra, s9, s11
core   0: 1 0x00000000800047dc (0x01bc80b3) x1  0x000000000f322fff
core   0: 0x00000000800047e0 (0x08b2b917) auipc   s2, 0x8b2b
core   0: 1 0x00000000800047e0 (0x08b2b917) x18 0x0000000088b2f7e0
core   0: 0x00000000800047e4 (0x01a0fb33) and     s6, ra, s10
core   0: 1 0x00000000800047e4 (0x01a0fb33) x22 0x00000000050005ec
core   0: 0x00000000800047e8 (0x420c0453) fcvt.d.s fs0, fs8
core   0: 1 0x00000000800047e8 (0x420c0453) f8  0x7ff8000000000000
core   0: 0x00000000800047ec (0x239888d3) fsgnj.d fa7, fa7, fs9
core   0: 1 0x00000000800047ec (0x239888d3) f17 0x7ff8000000000000
core   0: 0x00000000800047f0 (0x016504b3) add     s1, a0, s6
core   0: 1 0x00000000800047f0 (0x016504b3) x9  0x00000000050005ec
core   0: 0x00000000800047f4 (0x01959c1b) slliw   s8, a1, 25
core   0: 1 0x00000000800047f4 (0x01959c1b) x24 0x0000000000000000
core   0: 0x00000000800047f8 (0x0246f23b) remuw   tp, a3, tp
core   0: 1 0x00000000800047f8 (0x0246f23b) x4  0x0000000000000000
core   0: 0x00000000800047fc (0xc20cf353) fcvt.w.d t1, fs9
core   0: 1 0x00000000800047fc (0xc20cf353) c1_fflags 0x000000000000001f x6  0x000000007fffffff
core   0: 0x0000000080004800 (0xf20307d3) fmv.d.x fa5, t1
core   0: 1 0x0000000080004800 (0xf20307d3) f15 0x000000007fffffff
core   0: 0x0000000080004804 (0xc2147253) fcvt.wu.d tp, fs0
core   0: 1 0x0000000080004804 (0xc2147253) c1_fflags 0x000000000000001f x4  0xffffffffffffffff
core   0: 0x0000000080004808 (0xc2067053) fcvt.w.d zero, fa2
core   0: 1 0x0000000080004808 (0xc2067053)
core   0: 0x000000008000480c (0x0003dc3b) srlw    s8, t2, zero
core   0: 1 0x000000008000480c (0x0003dc3b) x24 0x0000000000000000
core   0: 0x0000000080004810 (0xc02a7d53) fcvt.l.s s10, fs4
core   0: 1 0x0000000080004810 (0xc02a7d53) c1_fflags 0x000000000000001f x26 0x7fffffffffffffff
core   0: 0x0000000080004814 (0xe2078053) fmv.x.d zero, fa5
core   0: 1 0x0000000080004814 (0xe2078053)
core   0: 0x0000000080004818 (0x40ea87bb) subw    a5, s5, a4
core   0: 1 0x0000000080004818 (0x40ea87bb) x15 0x000000000000800f
core   0: 0x000000008000481c (0x00eba1b3) slt     gp, s7, a4
core   0: 1 0x000000008000481c (0x00eba1b3) x3  0x0000000000000001
core   0: 0x0000000080004820 (0x00119ab3) sll     s5, gp, ra
core   0: 1 0x0000000080004820 (0x00119ab3) x21 0x8000000000000000
core   0: 0x0000000080004824 (0x01718b3b) addw    s6, gp, s7
core   0: 1 0x0000000080004824 (0x01718b3b) x22 0x0000000045200001
core   0: 0x0000000080004828 (0xa6eb7713) andi    a4, s6, -1426
core   0: 1 0x0000000080004828 (0xa6eb7713) x14 0x0000000045200000
core   0: 0x000000008000482c (0x6af37f4b) fnmsub.d ft10, ft6, fa5, fa3
core   0: 1 0x000000008000482c (0x6af37f4b) f30 0x7ff8000000000000
core   0: 0x0000000080004830 (0x0017099b) addiw   s3, a4, 1
core   0: 1 0x0000000080004830 (0x0017099b) x19 0x0000000045200001
core   0: 0x0000000080004834 (0xd02afe53) fcvt.s.l ft8, s5
core   0: 1 0x0000000080004834 (0xd02afe53) f28 0xffffffffdf000000
core   0: 0x0000000080004838 (0x001714f3) csrrw   s1, fflags, a4
core   0: 1 0x0000000080004838 (0x001714f3) x9  0x000000000000001f c1_fflags 0x0000000000000000
core   0: 0x000000008000483c (0xc21e73d3) fcvt.wu.d t2, ft8
core   0: 1 0x000000008000483c (0xc21e73d3) c1_fflags 0x0000000000000010 x7  0xffffffffffffffff
core   0: 0x0000000080004840 (0xd22afad3) fcvt.d.l fs5, s5
core   0: 1 0x0000000080004840 (0xd22afad3) f21 0xc3e0000000000000
core   0: 0x0000000080004844 (0xb6ce7e13) andi    t3, t3, -1172
core   0: 1 0x0000000080004844 (0xb6ce7e13) x28 0x0000000000000000
core   0: 0x0000000080004848 (0x00625c13) srli    s8, tp, 6
core   0: 1 0x0000000080004848 (0x00625c13) x24 0x03ffffffffffffff
core   0: 0x000000008000484c (0x017c933b) sllw    t1, s9, s7
core   0: 1 0x000000008000484c (0x017c933b) x6  0x000000002a200000
core   0: 0x0000000080004850 (0xd03cffd3) fcvt.s.lu ft11, s9
core   0: 1 0x0000000080004850 (0xd03cffd3) f31 0xffffffff4e288000
core   0: 0x0000000080004854 (0x5a007ad3) fsqrt.d fs5, ft0
core   0: 1 0x0000000080004854 (0x5a007ad3) f21 0x7ff8000000000000
core   0: 0x0000000080004858 (0x00277733) and     a4, a4, sp
core   0: 1 0x0000000080004858 (0x00277733) x14 0x0000000000000000
core   0: 0x000000008000485c (0x401af7d3) fcvt.s.d fa5, fs5
core   0: 1 0x000000008000485c (0x401af7d3) f15 0xffffffff7fc00000
core   0: 0x0000000080004860 (0x40fe09bb) subw    s3, t3, a5
core   0: 1 0x0000000080004860 (0x40fe09bb) x19 0xffffffffffff7ff1
core   0: 0x0000000080004864 (0x4015d61b) sraiw   a2, a1, 1
core   0: 1 0x0000000080004864 (0x4015d61b) x12 0x0000000022900000
core   0: 0x0000000080004868 (0xefc124b7) lui     s1, 0xefc12
core   0: 1 0x0000000080004868 (0xefc124b7) x9  0xffffffffefc12000
core   0: 0x000000008000486c (0x0009191b) slliw   s2, s2, 0
core   0: 1 0x000000008000486c (0x0009191b) x18 0xffffffff88b2f7e0
core   0: 0x0000000080004870 (0x83e7fe47) fmsub.d ft8, fa5, ft10, fa6
core   0: 1 0x0000000080004870 (0x83e7fe47) f28 0x7ff8000000000000
core   0: 0x0000000080004874 (0x01f6d31b) srliw   t1, a3, 31
core   0: 1 0x0000000080004874 (0x01f6d31b) x6  0x0000000000000000
core   0: 0x0000000080004878 (0x00eed21b) srliw   tp, t4, 14
core   0: 1 0x0000000080004878 (0x00eed21b) x4  0x0000000000000000
core   0: 0x000000008000487c (0x004ea0b3) slt     ra, t4, tp
core   0: 1 0x000000008000487c (0x004ea0b3) x1  0x0000000000000000
core   0: 0x0000000080004880 (0x00008785) c.srai  a5, 1
core   0: 1 0x0000000080004880 (0x8785) x15 0x0000000000004007
core   0: 0x0000000080004882 (0x00e711b3) sll     gp, a4, a4
core   0: 1 0x0000000080004882 (0x00e711b3) x3  0x0000000000000000
core   0: 0x0000000080004886 (0xfff1ee13) ori     t3, gp, -1
core   0: 1 0x0000000080004886 (0xfff1ee13) x28 0xffffffffffffffff
core   0: 0x000000008000488a (0xc0287ed3) fcvt.l.s t4, fa6
core   0: 1 0x000000008000488a (0xc0287ed3) c1_fflags 0x0000000000000010 x29 0x7fffffffffffffff
core   0: 0x000000008000488e (0x034252bb) divuw   t0, tp, s4
core   0: 1 0x000000008000488e (0x034252bb) x5  0x0000000000000000
core   0: 0x0000000080004892 (0xd23575d3) fcvt.d.lu fa1, a0
core   0: 1 0x0000000080004892 (0xd23575d3) f11 0x0000000000000000
core   0: 0x0000000080004896 (0x0069013b) addw    sp, s2, t1
core   0: 1 0x0000000080004896 (0x0069013b) x2  0xffffffff88b2f7e0
core   0: 0x000000008000489a (0x419cd433) sra     s0, s9, s9
core   0: 1 0x000000008000489a (0x419cd433) x8  0x000000002a200000
core   0: 0x000000008000489e (0x14007ef3) csrrci  t4, sscratch, 0
core   0: 1 0x000000008000489e (0x14007ef3) x29 0x0000000000000000
core   0: 0x00000000800048a2 (0x012346b3) xor     a3, t1, s2
core   0: 1 0x00000000800048a2 (0x012346b3) x13 0xffffffff88b2f7e0
core   0: 0x00000000800048a6 (0x015ade93) srli    t4, s5, 21
core   0: 1 0x00000000800048a6 (0x015ade93) x29 0x0000040000000000
core   0: 0x00000000800048aa (0x4017d693) srai    a3, a5, 1
core   0: 1 0x00000000800048aa (0x4017d693) x13 0x0000000000002003
core   0: 0x00000000800048ae (0x014a1333) sll     t1, s4, s4
core   0: 1 0x00000000800048ae (0x014a1333) x6  0x8000000000000000
core   0: 0x00000000800048b2 (0x01591bb3) sll     s7, s2, s5
core   0: 1 0x00000000800048b2 (0x01591bb3) x23 0xffffffff88b2f7e0
core   0: 0x00000000800048b6 (0x03fb1293) slli    t0, s6, 63
core   0: 1 0x00000000800048b6 (0x03fb1293) x5  0x8000000000000000
core   0: 0x00000000800048ba (0x5abf7a4b) fnmsub.d fs4, ft10, fa1, fa1
core   0: 1 0x00000000800048ba (0x5abf7a4b) f20 0x7ff8000000000000
core   0: 0x00000000800048be (0x030bdc93) srli    s9, s7, 48
core   0: 1 0x00000000800048be (0x030bdc93) x25 0x000000000000ffff
core   0: 0x00000000800048c2 (0x5a0af253) fsqrt.d ft4, fs5
core   0: 1 0x00000000800048c2 (0x5a0af253) f4  0x7ff8000000000000
core   0: 0x00000000800048c6 (0x01737bb3) and     s7, t1, s7
core   0: 1 0x00000000800048c6 (0x01737bb3) x23 0x8000000000000000
core   0: 0x00000000800048ca (0x00002c01) c.addiw s8, 0
core   0: 1 0x00000000800048ca (0x2c01) x24 0xffffffffffffffff
core   0: 0x00000000800048cc (0x0392fbd3) fadd.d  fs7, ft5, fs9
core   0: 1 0x00000000800048cc (0x0392fbd3) f23 0x7ff8000000000000
core   0: 0x00000000800048d0 (0x00c85933) srl     s2, a6, a2
core   0: 1 0x00000000800048d0 (0x00c85933) x18 0x0000000000000000
core   0: 0x00000000800048d4 (0x134273d3) fmul.d  ft7, ft4, fs4
core   0: 1 0x00000000800048d4 (0x134273d3) f7  0x7ff8000000000000
core   0: 0x00000000800048d8 (0x13caf2d3) fmul.d  ft5, fs5, ft8
core   0: 1 0x00000000800048d8 (0x13caf2d3) f5  0x7ff8000000000000
core   0: 0x00000000800048dc (0x028f7f53) fadd.d  ft10, ft10, fs0
core   0: 1 0x00000000800048dc (0x028f7f53) f30 0x7ff8000000000000
core   0: 0x00000000800048e0 (0x037a4733) div     a4, s4, s7
core   0: 1 0x00000000800048e0 (0x037a4733) x14 0x0000000000000000
core   0: 0x00000000800048e4 (0x029a5bb3) divu    s7, s4, s1
core   0: 1 0x00000000800048e4 (0x029a5bb3) x23 0x0000000000000000
core   0: 0x00000000800048e8 (0x0318b8b3) mulhu   a7, a7, a7
core   0: 1 0x00000000800048e8 (0x0318b8b3) x17 0x0000000000000000
core   0: 0x00000000800048ec (0x2bef07d3) fmin.d  fa5, ft10, ft10
core   0: 1 0x00000000800048ec (0x2bef07d3) f15 0x7ff8000000000000
core   0: 0x00000000800048f0 (0x3420a173) csrrs   sp, mcause, ra
core   0: exception trap_illegal_instruction, epc 0x00000000800048f0
core   0:           tval 0x000000003420a173
core   0: >>>>  $xrv64i2p1_m2p0_a2p1_f2p2_d2p2_zicsr2p0_zifencei2p0_zmmul1p0_zba1p0_zbb1p0_zbc1p0_zbs1p0
core   0: 0x0000000080004000 (0x0080006f) j       pc + 0x8
core   0: 3 0x0000000080004000 (0x0080006f)
core   0: >>>>  mmode_exception_handler
core   0: 0x0000000080004008 (0x00002c17) auipc   s8, 0x2
core   0: 3 0x0000000080004008 (0x00002c17) x24 0x0000000080006008
core   0: 0x000000008000400c (0x014c0c13) addi    s8, s8, 20
core   0: 3 0x000000008000400c (0x014c0c13) x24 0x000000008000601c
core   0: 0x0000000080004010 (0x000c00e7) jalr    s8
core   0: 3 0x0000000080004010 (0x000c00e7) x1  0x0000000080004014
core   0: >>>>  any_handler
core   0: 0x000000008000601c (0x341027f3) csrrs   a5, mepc, zero
core   0: 3 0x000000008000601c (0x341027f3) x15 0x00000000800048f0
core   0: 0x0000000080006020 (0x34202773) csrrs   a4, mcause, zero
core   0: 3 0x0000000080006020 (0x34202773) x14 0x0000000000000002
core   0: 0x0000000080006024 (0x142026f3) csrrs   a3, scause, zero
core   0: 3 0x0000000080006024 (0x142026f3) x13 0x0000000000000000
core   0: 0x0000000080006028 (0x30402673) csrrs   a2, mie, zero
core   0: 3 0x0000000080006028 (0x30402673) x12 0x0000000000000a00
core   0: 0x000000008000602c (0x344025f3) csrrs   a1, mip, zero
core   0: 3 0x000000008000602c (0x344025f3) x11 0x0000000000000080
core   0: 0x0000000080006030 (0x343025f3) csrrs   a1, mtval, zero
core   0: 3 0x0000000080006030 (0x343025f3) x11 0x000000003420a173
core   0: 0x0000000080006034 (0x14302573) csrrs   a0, stval, zero
core   0: 3 0x0000000080006034 (0x14302573) x10 0x0000000000000000
core   0: 0x0000000080006038 (0xb02024f3) csrrs   s1, minstret, zero
core   0: 3 0x0000000080006038 (0xb02024f3) x9  0x0000000000000b20
core   0: 0x000000008000603c (0x0000a811) c.j     pc + 20
core   0: 3 0x000000008000603c (0xa811)
core   0: >>>>  mepc_4
core   0: 0x0000000080006050 (0x00000791) c.addi  a5, 4
core   0: 3 0x0000000080006050 (0x0791) x15 0x00000000800048f4
core   0: 0x0000000080006052 (0x34179073) csrrw   zero, mepc, a5
core   0: 3 0x0000000080006052 (0x34179073) c833_mepc 0x00000000800048f4
core   0: 0x0000000080006056 (0x30200073) mret
core   0: 3 0x0000000080006056 (0x30200073) c768_mstatus 0x8000000a00106080
core   0: 0x00000000800048f4 (0x10870293) addi    t0, a4, 264
core   0: 1 0x00000000800048f4 (0x10870293) x5  0x000000000000010a
core   0: 0x00000000800048f8 (0x0003e213) ori     tp, t2, 0
core   0: 1 0x00000000800048f8 (0x0003e213) x4  0xffffffffffffffff
core   0: 0x00000000800048fc (0x002029f3) csrrs   s3, frm, zero
core   0: 1 0x00000000800048fc (0x002029f3) x19 0x0000000000000000
core   0: 0x0000000080004900 (0x00102073) csrrs   zero, fflags, zero
core   0: 1 0x0000000080004900 (0x00102073)
core   0: 0x0000000080004904 (0x22e88353) fsgnj.d ft6, fa7, fa4
core   0: 1 0x0000000080004904 (0x22e88353) f6  0xfff8000000000000
core   0: 0x0000000080004908 (0x00139573) csrrw   a0, fflags, t2
core   0: 1 0x0000000080004908 (0x00139573) x10 0x0000000000000010 c1_fflags 0x000000000000001f
core   0: 0x000000008000490c (0x002d1d3b) sllw    s10, s10, sp
core   0: 1 0x000000008000490c (0x002d1d3b) x26 0xffffffffffffffff
core   0: 0x0000000080004910 (0xa21880d3) fle.d   ra, fa7, ft1
core   0: 1 0x0000000080004910 (0xa21880d3) c1_fflags 0x000000000000001f x1  0x0000000000000000
core   0: 0x0000000080004914 (0x225df04b) fnmsub.d ft0, fs11, ft5, ft4
core   0: 1 0x0000000080004914 (0x225df04b) f0  0x7ff8000000000000
core   0: 0x0000000080004918 (0x01f0d19b) srliw   gp, ra, 31
core   0: 1 0x0000000080004918 (0x01f0d19b) x3  0x0000000000000000
core   0: 0x000000008000491c (0xd2297153) fcvt.d.l ft2, s2
core   0: 1 0x000000008000491c (0xd2297153) f2  0x0000000000000000
core   0: 0x0000000080004920 (0xf13fdc73) csrrwi  s8, mimpid, 31
core   0: exception trap_illegal_instruction, epc 0x0000000080004920
core   0:           tval 0x00000000f13fdc73
core   0: >>>>  $xrv64i2p1_m2p0_a2p1_f2p2_d2p2_zicsr2p0_zifencei2p0_zmmul1p0_zba1p0_zbb1p0_zbc1p0_zbs1p0
core   0: 0x0000000080004000 (0x0080006f) j       pc + 0x8
core   0: 3 0x0000000080004000 (0x0080006f)
core   0: >>>>  mmode_exception_handler
core   0: 0x0000000080004008 (0x00002c17) auipc   s8, 0x2
core   0: 3 0x0000000080004008 (0x00002c17) x24 0x0000000080006008
core   0: 0x000000008000400c (0x014c0c13) addi    s8, s8, 20
core   0: 3 0x000000008000400c (0x014c0c13) x24 0x000000008000601c
core   0: 0x0000000080004010 (0x000c00e7) jalr    s8
core   0: 3 0x0000000080004010 (0x000c00e7) x1  0x0000000080004014
core   0: >>>>  any_handler
core   0: 0x000000008000601c (0x341027f3) csrrs   a5, mepc, zero
core   0: 3 0x000000008000601c (0x341027f3) x15 0x0000000080004920
core   0: 0x0000000080006020 (0x34202773) csrrs   a4, mcause, zero
core   0: 3 0x0000000080006020 (0x34202773) x14 0x0000000000000002
core   0: 0x0000000080006024 (0x142026f3) csrrs   a3, scause, zero
core   0: 3 0x0000000080006024 (0x142026f3) x13 0x0000000000000000
core   0: 0x0000000080006028 (0x30402673) csrrs   a2, mie, zero
core   0: 3 0x0000000080006028 (0x30402673) x12 0x0000000000000a00
core   0: 0x000000008000602c (0x344025f3) csrrs   a1, mip, zero
core   0: 3 0x000000008000602c (0x344025f3) x11 0x0000000000000080
core   0: 0x0000000080006030 (0x343025f3) csrrs   a1, mtval, zero
core   0: 3 0x0000000080006030 (0x343025f3) x11 0x00000000f13fdc73
core   0: 0x0000000080006034 (0x14302573) csrrs   a0, stval, zero
core   0: 3 0x0000000080006034 (0x14302573) x10 0x0000000000000000
core   0: 0x0000000080006038 (0xb02024f3) csrrs   s1, minstret, zero
core   0: 3 0x0000000080006038 (0xb02024f3) x9  0x0000000000000b3b
core   0: 0x000000008000603c (0x0000a811) c.j     pc + 20
core   0: 3 0x000000008000603c (0xa811)
core   0: >>>>  mepc_4
core   0: 0x0000000080006050 (0x00000791) c.addi  a5, 4
core   0: 3 0x0000000080006050 (0x0791) x15 0x0000000080004924
core   0: 0x0000000080006052 (0x34179073) csrrw   zero, mepc, a5
core   0: 3 0x0000000080006052 (0x34179073) c833_mepc 0x0000000080004924
core   0: 0x0000000080006056 (0x30200073) mret
core   0: 3 0x0000000080006056 (0x30200073) c768_mstatus 0x8000000a00106080
core   0: 0x0000000080004924 (0x3fb5049b) addiw   s1, a0, 1019
core   0: 1 0x0000000080004924 (0x3fb5049b) x9  0x00000000000003fb
core   0: 0x0000000080004928 (0x03a274b3) remu    s1, tp, s10
core   0: 1 0x0000000080004928 (0x03a274b3) x9  0x0000000000000000
core   0: 0x000000008000492c (0x00000001) c.nop
core   0: 1 0x000000008000492c (0x0001)
core   0: 0x000000008000492e (0x0380f753) fadd.d  fa4, ft1, fs8
core   0: 1 0x000000008000492e (0x0380f753) f14 0x7ff8000000000000
core   0: 0x0000000080004932 (0xd027f3d3) fcvt.s.l ft7, a5
core   0: 1 0x0000000080004932 (0xd027f3d3) c1_fflags 0x000000000000001f f7  0xffffffff4f000049
core   0: 0x0000000080004936 (0xbbab8a9b) addiw   s5, s7, -1094
core   0: 1 0x0000000080004936 (0xbbab8a9b) x21 0xfffffffffffffbba
core   0: 0x000000008000493a (0xc023f2d3) fcvt.l.s t0, ft7
core   0: 1 0x000000008000493a (0xc023f2d3) x5  0x0000000080004900
core   0: 0x000000008000493e (0x03c070b3) remu    ra, zero, t3
core   0: 1 0x000000008000493e (0x03c070b3) x1  0x0000000000000000
core   0: 0x0000000080004942 (0x40c0d613) srai    a2, ra, 12
core   0: 1 0x0000000080004942 (0x40c0d613) x12 0x0000000000000000
core   0: 0x0000000080004946 (0x41708e33) sub     t3, ra, s7
core   0: 1 0x0000000080004946 (0x41708e33) x28 0x0000000000000000
core   0: 0x000000008000494a (0x02460233) mul     tp, a2, tp
core   0: 1 0x000000008000494a (0x02460233) x4  0x0000000000000000
core   0: 0x000000008000494e (0x02043833) mulhu   a6, s0, zero
core   0: 1 0x000000008000494e (0x02043833) x16 0x0000000000000000
core   0: 0x0000000080004952 (0x42060753) fcvt.d.s fa4, fa2
core   0: 1 0x0000000080004952 (0x42060753) f14 0x7ff8000000000000
core   0: 0x0000000080004956 (0x00dd9a13) slli    s4, s11, 13
core   0: 1 0x0000000080004956 (0x00dd9a13) x20 0xfffffca245ffe000
core   0: 0x000000008000495a (0x407e5e33) sra     t3, t3, t2
core   0: 1 0x000000008000495a (0x407e5e33) x28 0x0000000000000000
core   0: 0x000000008000495e (0x40d684b3) sub     s1, a3, a3
core   0: 1 0x000000008000495e (0x40d684b3) x9  0x0000000000000000
core   0: 0x0000000080004962 (0xd026fa53) fcvt.s.l fs4, a3
core   0: 1 0x0000000080004962 (0xd026fa53) f20 0xffffffff00000000
core   0: 0x0000000080004966 (0x011d033b) addw    t1, s10, a7
core   0: 1 0x0000000080004966 (0x011d033b) x6  0xffffffffffffffff
core   0: 0x000000008000496a (0x3107a7f3) csrrs   a5, mstatush, a5
core   0: exception trap_illegal_instruction, epc 0x000000008000496a
core   0:           tval 0x000000003107a7f3
core   0: >>>>  $xrv64i2p1_m2p0_a2p1_f2p2_d2p2_zicsr2p0_zifencei2p0_zmmul1p0_zba1p0_zbb1p0_zbc1p0_zbs1p0
core   0: 0x0000000080004000 (0x0080006f) j       pc + 0x8
core   0: 3 0x0000000080004000 (0x0080006f)
core   0: >>>>  mmode_exception_handler
core   0: 0x0000000080004008 (0x00002c17) auipc   s8, 0x2
core   0: 3 0x0000000080004008 (0x00002c17) x24 0x0000000080006008
core   0: 0x000000008000400c (0x014c0c13) addi    s8, s8, 20
core   0: 3 0x000000008000400c (0x014c0c13) x24 0x000000008000601c
core   0: 0x0000000080004010 (0x000c00e7) jalr    s8
core   0: 3 0x0000000080004010 (0x000c00e7) x1  0x0000000080004014
core   0: >>>>  any_handler
core   0: 0x000000008000601c (0x341027f3) csrrs   a5, mepc, zero
core   0: 3 0x000000008000601c (0x341027f3) x15 0x000000008000496a
core   0: 0x0000000080006020 (0x34202773) csrrs   a4, mcause, zero
core   0: 3 0x0000000080006020 (0x34202773) x14 0x0000000000000002
core   0: 0x0000000080006024 (0x142026f3) csrrs   a3, scause, zero
core   0: 3 0x0000000080006024 (0x142026f3) x13 0x0000000000000000
core   0: 0x0000000080006028 (0x30402673) csrrs   a2, mie, zero
core   0: 3 0x0000000080006028 (0x30402673) x12 0x0000000000000a00
core   0: 0x000000008000602c (0x344025f3) csrrs   a1, mip, zero
core   0: 3 0x000000008000602c (0x344025f3) x11 0x0000000000000080
core   0: 0x0000000080006030 (0x343025f3) csrrs   a1, mtval, zero
core   0: 3 0x0000000080006030 (0x343025f3) x11 0x000000003107a7f3
core   0: 0x0000000080006034 (0x14302573) csrrs   a0, stval, zero
core   0: 3 0x0000000080006034 (0x14302573) x10 0x0000000000000000
core   0: 0x0000000080006038 (0xb02024f3) csrrs   s1, minstret, zero
core   0: 3 0x0000000080006038 (0xb02024f3) x9  0x0000000000000b5d
core   0: 0x000000008000603c (0x0000a811) c.j     pc + 20
core   0: 3 0x000000008000603c (0xa811)
core   0: >>>>  mepc_4
core   0: 0x0000000080006050 (0x00000791) c.addi  a5, 4
core   0: 3 0x0000000080006050 (0x0791) x15 0x000000008000496e
core   0: 0x0000000080006052 (0x34179073) csrrw   zero, mepc, a5
core   0: 3 0x0000000080006052 (0x34179073) c833_mepc 0x000000008000496e
core   0: 0x0000000080006056 (0x30200073) mret
core   0: 3 0x0000000080006056 (0x30200073) c768_mstatus 0x8000000a00106080
core   0: 0x000000008000496e (0xbd3a3497) auipc   s1, 0xbd3a3
core   0: 1 0x000000008000496e (0xbd3a3497) x9  0x000000003d3a796e
core   0: 0x0000000080004972 (0x0180e1b3) or      gp, ra, s8
core   0: 1 0x0000000080004972 (0x0180e1b3) x3  0x000000008000601c
core   0: 0x0000000080004976 (0x01d99113) slli    sp, s3, 29
core   0: 1 0x0000000080004976 (0x01d99113) x2  0x0000000000000000
core   0: 0x000000008000497a (0x1349fbd3) fmul.d  fs7, fs3, fs4
core   0: 1 0x000000008000497a (0x1349fbd3) f23 0x7ff8000000000000
core   0: 0x000000008000497e (0xd03a7e53) fcvt.s.lu ft8, s4
core   0: 1 0x000000008000497e (0xd03a7e53) c1_fflags 0x000000000000001f f28 0xffffffff5f7ffffd
core   0: 0x0000000080004982 (0x017b0d3b) addw    s10, s6, s7
core   0: 1 0x0000000080004982 (0x017b0d3b) x26 0x0000000045200001
core   0: 0x0000000080004986 (0x0129951b) slliw   a0, s3, 18
core   0: 1 0x0000000080004986 (0x0129951b) x10 0x0000000000000000
core   0: 0x000000008000498a (0x001216f3) csrrw   a3, fflags, tp
core   0: 1 0x000000008000498a (0x001216f3) x13 0x000000000000001f c1_fflags 0x0000000000000000
core   0: 0x000000008000498e (0xc22bf4d3) fcvt.l.d s1, fs7
core   0: 1 0x000000008000498e (0xc22bf4d3) c1_fflags 0x0000000000000010 x9  0x7fffffffffffffff
core   0: 0x0000000080004992 (0x00000001) c.nop
core   0: 1 0x0000000080004992 (0x0001)
core   0: 0x0000000080004994 (0x40fb843b) subw    s0, s7, a5
core   0: 1 0x0000000080004994 (0x40fb843b) x8  0x000000007fffb692
core   0: 0x0000000080004998 (0x0a747253) fsub.d  ft4, fs0, ft7
core   0: 1 0x0000000080004998 (0x0a747253) f4  0x7ff8000000000000
core   0: 0x000000008000499c (0x014b4a33) xor     s4, s6, s4
core   0: 1 0x000000008000499c (0x014b4a33) x20 0xfffffca200dfe001
core   0: 0x00000000800049a0 (0xfbf27bc7) fmsub.d fs7, ft4, ft11, ft11
core   0: 1 0x00000000800049a0 (0xfbf27bc7) f23 0x7ff8000000000000
core   0: 0x00000000800049a4 (0x000b0c1b) sext.w  s8, s6
core   0: 1 0x00000000800049a4 (0x000b0c1b) x24 0x0000000045200001
core   0: 0x00000000800049a8 (0x40f80433) sub     s0, a6, a5
core   0: 1 0x00000000800049a8 (0x40f80433) x8  0xffffffff7fffb692
core   0: 0x00000000800049ac (0xd3aff5cf) fnmadd.d fa1, ft11, fs10, fs10
core   0: 1 0x00000000800049ac (0xd3aff5cf) f11 0x7ff8000000000000
core   0: 0x00000000800049b0 (0xc2387d53) fcvt.lu.d s10, fa6
core   0: 1 0x00000000800049b0 (0xc2387d53) x26 0x000000008000467e
core   0: 0x00000000800049b4 (0x02eae8bb) remw    a7, s5, a4
core   0: 1 0x00000000800049b4 (0x02eae8bb) x17 0x0000000000000000
core   0: 0x00000000800049b8 (0x020d0233) mul     tp, s10, zero
core   0: 1 0x00000000800049b8 (0x020d0233) x4  0x0000000000000000
core   0: 0x00000000800049bc (0x0007d893) srli    a7, a5, 0
core   0: 1 0x00000000800049bc (0x0007d893) x17 0x000000008000496e
core   0: 0x00000000800049c0 (0xfff88b93) addi    s7, a7, -1
core   0: 1 0x00000000800049c0 (0xfff88b93) x23 0x000000008000496d
core   0: 0x00000000800049c4 (0x00c64db3) xor     s11, a2, a2
core   0: 1 0x00000000800049c4 (0x00c64db3) x27 0x0000000000000000
core   0: 0x00000000800049c8 (0x2a621253) fmax.d  ft4, ft4, ft6
core   0: 1 0x00000000800049c8 (0x2a621253) f4  0x7ff8000000000000
core   0: 0x00000000800049cc (0x05de1eb7) lui     t4, 0x5de1
core   0: 1 0x00000000800049cc (0x05de1eb7) x29 0x0000000005de1000
core   0: 0x00000000800049d0 (0xeffe8e9b) addiw   t4, t4, -257
core   0: 1 0x00000000800049d0 (0xeffe8e9b) x29 0x0000000005de0eff
core   0: 0x00000000800049d4 (0x00000eb2) c.slli  t4, 12
core   0: 1 0x00000000800049d4 (0x0eb2) x29 0x0000005de0eff000
core   0: 0x00000000800049d6 (0x4f4e8e93) addi    t4, t4, 1268
core   0: 1 0x00000000800049d6 (0x4f4e8e93) x29 0x0000005de0eff4f4
core   0: 0x00000000800049da (0x013619b3) sll     s3, a2, s3
core   0: 1 0x00000000800049da (0x013619b3) x19 0x0000000000000a00
core   0: 0x00000000800049de (0xcdfec097) auipc   ra, 0xcdfec
core   0: 1 0x00000000800049de (0xcdfec097) x1  0x000000004dff09de
core   0: 0x00000000800049e2 (0x03d2463b) divw    a2, tp, t4
core   0: 1 0x00000000800049e2 (0x03d2463b) x12 0x0000000000000000
core   0: 0x00000000800049e6 (0x1286f147) fmsub.d ft2, fa3, fs0, ft2
core   0: 1 0x00000000800049e6 (0x1286f147) f2  0x7ff8000000000000
core   0: 0x00000000800049ea (0x0b917fd3) fsub.d  ft11, ft2, fs9
core   0: 1 0x00000000800049ea (0x0b917fd3) f31 0x7ff8000000000000
core   0: 0x00000000800049ee (0x0166121b) slliw   tp, a2, 22
core   0: 1 0x00000000800049ee (0x0166121b) x4  0x0000000000000000
core   0: 0x00000000800049f2 (0x04c9cab7) lui     s5, 0x4c9c
core   0: 1 0x00000000800049f2 (0x04c9cab7) x21 0x0000000004c9c000
core   0: 0x00000000800049f6 (0x6d5a8a9b) addiw   s5, s5, 1749
core   0: 1 0x00000000800049f6 (0x6d5a8a9b) x21 0x0000000004c9c6d5
core   0: 0x00000000800049fa (0x00000ab2) c.slli  s5, 12
core   0: 1 0x00000000800049fa (0x0ab2) x21 0x0000004c9c6d5000
core   0: 0x00000000800049fc (0x710a8a93) addi    s5, s5, 1808
core   0: 1 0x00000000800049fc (0x710a8a93) x21 0x0000004c9c6d5710
core   0: 0x0000000080004a00 (0x0ff0000f) fence   iorw,iorw
core   0: 1 0x0000000080004a00 (0x0ff0000f)
core   0: 0x0000000080004a04 (0x0ff0000f) fence   iorw,iorw
core   0: 1 0x0000000080004a04 (0x0ff0000f)
core   0: 0x0000000080004a08 (0xc0317353) fcvt.lu.s t1, ft2
core   0: 1 0x0000000080004a08 (0xc0317353) c1_fflags 0x0000000000000010 x6  0xffffffffffffffff
core   0: 0x0000000080004a0c (0xd03bfd53) fcvt.s.lu fs10, s7
core   0: 1 0x0000000080004a0c (0xd03bfd53) c1_fflags 0x0000000000000011 f26 0xffffffff4f000049
core   0: 0x0000000080004a10 (0x41bb8c33) sub     s8, s7, s11
core   0: 1 0x0000000080004a10 (0x41bb8c33) x24 0x000000008000496d
core   0: 0x0000000080004a14 (0x23a11a53) fsgnjn.d fs4, ft2, fs10
core   0: 1 0x0000000080004a14 (0x23a11a53) f20 0x7ff8000000000000
core   0: 0x0000000080004a18 (0xe2090cd3) fmv.x.d s9, fs2
core   0: 1 0x0000000080004a18 (0xe2090cd3) x25 0x7ff8000000000000
core   0: 0x0000000080004a1c (0x414c5d13) srai    s10, s8, 20
core   0: 1 0x0000000080004a1c (0x414c5d13) x26 0x0000000000000800
core   0: 0x0000000080004a20 (0x134478d3) fmul.d  fa7, fs0, fs4
core   0: 1 0x0000000080004a20 (0x134478d3) f17 0x7ff8000000000000
core   0: 0x0000000080004a24 (0x001cf413) andi    s0, s9, 1
core   0: 1 0x0000000080004a24 (0x001cf413) x8  0x0000000000000000
core   0: 0x0000000080004a28 (0x008b863b) addw    a2, s7, s0
core   0: 1 0x0000000080004a28 (0x008b863b) x12 0xffffffff8000496d
core   0: 0x0000000080004a2c (0x0349e9b3) rem     s3, s3, s4
core   0: 1 0x0000000080004a2c (0x0349e9b3) x19 0x0000000000000a00
core   0: 0x0000000080004a30 (0x8ac879cf) fnmadd.d fs3, fa6, fa2, fa7
core   0: 1 0x0000000080004a30 (0x8ac879cf) f19 0x7ff8000000000000
core   0: 0x0000000080004a34 (0x00ea8a33) add     s4, s5, a4
core   0: 1 0x0000000080004a34 (0x00ea8a33) x20 0x0000004c9c6d5712
core   0: 0x0000000080004a38 (0xc03374d3) fcvt.lu.s s1, ft6
core   0: 1 0x0000000080004a38 (0xc03374d3) c1_fflags 0x0000000000000011 x9  0xffffffffffffffff
core   0: 0x0000000080004a3c (0x02e1d833) divu    a6, gp, a4
core   0: 1 0x0000000080004a3c (0x02e1d833) x16 0x000000004000300e
core   0: 0x0000000080004a40 (0x017d0dbb) addw    s11, s10, s7
core   0: 1 0x0000000080004a40 (0x017d0dbb) x27 0xffffffff8000516d
core   0: 0x0000000080004a44 (0x7ff04213) xori    tp, zero, 2047
core   0: 1 0x0000000080004a44 (0x7ff04213) x4  0x00000000000007ff
core   0: 0x0000000080004a48 (0x03107f53) fadd.d  ft10, ft0, fa7
core   0: 1 0x0000000080004a48 (0x03107f53) f30 0x7ff8000000000000
core   0: 0x0000000080004a4c (0x009485bb) addw    a1, s1, s1
core   0: 1 0x0000000080004a4c (0x009485bb) x11 0xfffffffffffffffe
core   0: 0x0000000080004a50 (0x035b5e3b) divuw   t3, s6, s5
core   0: 1 0x0000000080004a50 (0x035b5e3b) x28 0x0000000000000000
core   0: 0x0000000080004a54 (0x009200bb) addw    ra, tp, s1
core   0: 1 0x0000000080004a54 (0x009200bb) x1  0x00000000000007fe
core   0: 0x0000000080004a58 (0x4009d7bb) sraw    a5, s3, zero
core   0: 1 0x0000000080004a58 (0x4009d7bb) x15 0x0000000000000a00
core   0: 0x0000000080004a5c (0x41260b3b) subw    s6, a2, s2
core   0: 1 0x0000000080004a5c (0x41260b3b) x22 0xffffffff8000496d
core   0: 0x0000000080004a60 (0xd2397053) fcvt.d.lu ft0, s2
core   0: 1 0x0000000080004a60 (0xd2397053) f0  0x0000000000000000
core   0: 0x0000000080004a64 (0x001b6713) ori     a4, s6, 1
core   0: 1 0x0000000080004a64 (0x001b6713) x14 0xffffffff8000496d
core   0: 0x0000000080004a68 (0x2a669453) fmax.d  fs0, fa3, ft6
core   0: 1 0x0000000080004a68 (0x2a669453) f8  0x7ff8000000000000
core   0: 0x0000000080004a6c (0xd21084d3) fcvt.d.wu fs1, ra
core   0: 1 0x0000000080004a6c (0xd21084d3) f9  0x409ff80000000000
core   0: 0x0000000080004a70 (0x002026f3) csrrs   a3, frm, zero
core   0: 1 0x0000000080004a70 (0x002026f3) x13 0x0000000000000000
core   0: 0x0000000080004a74 (0xfa2eacb7) lui     s9, 0xfa2ea
core   0: 1 0x0000000080004a74 (0xfa2eacb7) x25 0xfffffffffa2ea000
core   0: 0x0000000080004a78 (0x33dc8c9b) addiw   s9, s9, 829
core   0: 1 0x0000000080004a78 (0x33dc8c9b) x25 0xfffffffffa2ea33d
core   0: 0x0000000080004a7c (0x00000cb2) c.slli  s9, 12
core   0: 1 0x0000000080004a7c (0x0cb2) x25 0xffffffa2ea33d000
core   0: 0x0000000080004a7e (0xe9dc8c93) addi    s9, s9, -355
core   0: 1 0x0000000080004a7e (0xe9dc8c93) x25 0xffffffa2ea33ce9d
core   0: 0x0000000080004a82 (0x42018653) fcvt.d.s fa2, ft3
core   0: 1 0x0000000080004a82 (0x42018653) f12 0x40a4000000000000
core   0: 0x0000000080004a86 (0x2bff9653) fmax.d  fa2, ft11, ft11
core   0: 1 0x0000000080004a86 (0x2bff9653) f12 0x7ff8000000000000
core   0: 0x0000000080004a8a (0x001094f3) csrrw   s1, fflags, ra
core   0: 1 0x0000000080004a8a (0x001094f3) x9  0x0000000000000011 c1_fflags 0x000000000000001e
core   0: 0x0000000080004a8e (0x02234133) div     sp, t1, sp
core   0: 1 0x0000000080004a8e (0x02234133) x2  0xffffffffffffffff
core   0: 0x0000000080004a92 (0xd944809b) addiw   ra, s1, -620
core   0: 1 0x0000000080004a92 (0xd944809b) x1  0xfffffffffffffda5
core   0: 0x0000000080004a96 (0x41bc5db3) sra     s11, s8, s11
core   0: 1 0x0000000080004a96 (0x41bc5db3) x27 0x0000000000000000
core   0: 0x0000000080004a9a (0x0194d4b3) srl     s1, s1, s9
core   0: 1 0x0000000080004a9a (0x0194d4b3) x9  0x0000000000000000
core   0: 0x0000000080004a9e (0x41c883bb) subw    t2, a7, t3
core   0: 1 0x0000000080004a9e (0x41c883bb) x7  0xffffffff8000496e
core   0: 0x0000000080004aa2 (0x03f39793) slli    a5, t2, 63
core   0: 1 0x0000000080004aa2 (0x03f39793) x15 0x0000000000000000
core   0: 0x0000000080004aa6 (0x2318a9d3) fsgnjx.d fs3, fa7, fa7
core   0: 1 0x0000000080004aa6 (0x2318a9d3) f19 0x7ff8000000000000
core   0: 0x0000000080004aaa (0x0173d9bb) srlw    s3, t2, s7
core   0: 1 0x0000000080004aaa (0x0173d9bb) x19 0x0000000000040002
core   0: 0x0000000080004aae (0x01452a33) slt     s4, a0, s4
core   0: 1 0x0000000080004aae (0x01452a33) x20 0x0000000000000001
core   0: 0x0000000080004ab2 (0x5a0b7cd3) fsqrt.d fs9, fs6
core   0: 1 0x0000000080004ab2 (0x5a0b7cd3) f25 0x0000000000000000
core   0: 0x0000000080004ab6 (0x4019f5d3) fcvt.s.d fa1, fs3
core   0: 1 0x0000000080004ab6 (0x4019f5d3) f11 0xffffffff7fc00000
core   0: 0x0000000080004aba (0x00202973) csrrs   s2, frm, zero
core   0: 1 0x0000000080004aba (0x00202973) x18 0x0000000000000000
core   0: 0x0000000080004abe (0xc214f2d3) fcvt.wu.d t0, fs1
core   0: 1 0x0000000080004abe (0xc214f2d3) x5  0x00000000000007fe
core   0: 0x0000000080004ac2 (0x3d21c613) xori    a2, gp, 978
core   0: 1 0x0000000080004ac2 (0x3d21c613) x12 0x00000000800063ce
core   0: 0x0000000080004ac6 (0x41c20433) sub     s0, tp, t3
core   0: 1 0x0000000080004ac6 (0x41c20433) x8  0x00000000000007ff
core   0: 0x0000000080004aca (0x00ead39b) srliw   t2, s5, 14
core   0: 1 0x0000000080004aca (0x00ead39b) x7  0x00000000000271b5
core   0: 0x0000000080004ace (0x03ecfcd3) fadd.d  fs9, fs9, ft10
core   0: 1 0x0000000080004ace (0x03ecfcd3) f25 0x7ff8000000000000
core   0: 0x0000000080004ad2 (0xd027fd53) fcvt.s.l fs10, a5
core   0: 1 0x0000000080004ad2 (0xd027fd53) f26 0xffffffff00000000
core   0: 0x0000000080004ad6 (0x037d5733) divu    a4, s10, s7
core   0: 1 0x0000000080004ad6 (0x037d5733) x14 0x0000000000000000
core   0: 0x0000000080004ada (0x26b47293) andi    t0, s0, 619
core   0: 1 0x0000000080004ada (0x26b47293) x5  0x000000000000026b
core   0: 0x0000000080004ade (0x104b3673) csrrc   a2, sie, s6
core   0: 1 0x0000000080004ade (0x104b3673) x12 0x0000000000000000 c772_mie 0x0000000000000a00
core   0: 0x0000000080004ae2 (0x03867cbb) remuw   s9, a2, s8
core   0: 1 0x0000000080004ae2 (0x03867cbb) x25 0x0000000000000000
core   0: 0x0000000080004ae6 (0x03a4d0b3) divu    ra, s1, s10
core   0: 1 0x0000000080004ae6 (0x03a4d0b3) x1  0x0000000000000000
core   0: 0x0000000080004aea (0x41d0893b) subw    s2, ra, t4
core   0: 1 0x0000000080004aea (0x41d0893b) x18 0x000000001f100b0c
core   0: 0x0000000080004aee (0x2b6c0c53) fmin.d  fs8, fs8, fs6
core   0: 1 0x0000000080004aee (0x2b6c0c53) f24 0x0000000000000000
core   0: 0x0000000080004af2 (0x000ede1b) srliw   t3, t4, 0
core   0: 1 0x0000000080004af2 (0x000ede1b) x28 0xffffffffe0eff4f4
core   0: 0x0000000080004af6 (0x02527f53) fadd.d  ft10, ft4, ft5
core   0: 1 0x0000000080004af6 (0x02527f53) f30 0x7ff8000000000000
core   0: 0x0000000080004afa (0x001595f3) csrrw   a1, fflags, a1
core   0: 1 0x0000000080004afa (0x001595f3) x11 0x000000000000001e c1_fflags 0x000000000000001e
core   0: 0x0000000080004afe (0x0259bb37) lui     s6, 0x259b
core   0: 1 0x0000000080004afe (0x0259bb37) x22 0x000000000259b000
core   0: 0x0000000080004b02 (0xc2387453) fcvt.lu.d s0, fa6
core   0: 1 0x0000000080004b02 (0xc2387453) x8  0x000000008000467e
core   0: 0x0000000080004b06 (0x40e45a33) sra     s4, s0, a4
core   0: 1 0x0000000080004b06 (0x40e45a33) x20 0x000000008000467e
core   0: 0x0000000080004b0a (0xd2387153) fcvt.d.lu ft2, a6
core   0: 1 0x0000000080004b0a (0xd2387153) f2  0x41d0000c03800000
core   0: 0x0000000080004b0e (0x0316063b) mulw    a2, a2, a7
core   0: 1 0x0000000080004b0e (0x0316063b) x12 0x0000000000000000
core   0: 0x0000000080004b12 (0x5600fb93) andi    s7, ra, 1376
core   0: 1 0x0000000080004b12 (0x5600fb93) x23 0x0000000000000000
core   0: 0x0000000080004b16 (0x22220ed3) fsgnj.d ft9, ft4, ft2
core   0: 1 0x0000000080004b16 (0x22220ed3) f29 0x7ff8000000000000
core   0: 0x0000000080004b1a (0x00000001) c.nop
core   0: 1 0x0000000080004b1a (0x0001)
core   0: 0x0000000080004b1c (0x030278d3) fadd.d  fa7, ft4, fa6
core   0: 1 0x0000000080004b1c (0x030278d3) f17 0x7ff8000000000000
core   0: 0x0000000080004b20 (0x4028d13b) sraw    sp, a7, sp
core   0: 1 0x0000000080004b20 (0x4028d13b) x2  0xffffffffffffffff
core   0: 0x0000000080004b24 (0x40e1023b) subw    tp, sp, a4
core   0: 1 0x0000000080004b24 (0x40e1023b) x4  0xffffffffffffffff
core   0: 0x0000000080004b28 (0xd0377b53) fcvt.s.lu fs6, a4
core   0: 1 0x0000000080004b28 (0xd0377b53) f22 0xffffffff00000000
core   0: 0x0000000080004b2c (0xee3a41b7) lui     gp, 0xee3a4
core   0: 1 0x0000000080004b2c (0xee3a41b7) x3  0xffffffffee3a4000
core   0: 0x0000000080004b30 (0x40137153) fcvt.s.d ft2, ft6
core   0: 1 0x0000000080004b30 (0x40137153) f2  0xffffffff7fc00000
core   0: 0x0000000080004b34 (0x0ff0000f) fence   iorw,iorw
core   0: 1 0x0000000080004b34 (0x0ff0000f)
core   0: 0x0000000080004b38 (0x1a2572d3) fdiv.d  ft5, fa0, ft2
core   0: 1 0x0000000080004b38 (0x1a2572d3) f5  0x7ff8000000000000
core   0: 0x0000000080004b3c (0x63b6fdc7) fmsub.d fs11, fa3, fs11, fa2
core   0: 1 0x0000000080004b3c (0x63b6fdc7) f27 0x7ff8000000000000
core   0: 0x0000000080004b40 (0x4029513b) sraw    sp, s2, sp
core   0: 1 0x0000000080004b40 (0x4029513b) x2  0x0000000000000000
core   0: 0x0000000080004b44 (0x032bfbbb) remuw   s7, s7, s2
core   0: 1 0x0000000080004b44 (0x032bfbbb) x23 0x0000000000000000
core   0: 0x0000000080004b48 (0xc78b5617) auipc   a2, 0xc78b5
core   0: 1 0x0000000080004b48 (0xc78b5617) x12 0x00000000478b9b48
core   0: 0x0000000080004b4c (0x74317993) andi    s3, sp, 1859
core   0: 1 0x0000000080004b4c (0x74317993) x19 0x0000000000000000
core   0: 0x0000000080004b50 (0x0039ecb3) or      s9, s3, gp
core   0: 1 0x0000000080004b50 (0x0039ecb3) x25 0xffffffffee3a4000
core   0: 0x0000000080004b54 (0x031d68bb) remw    a7, s10, a7
core   0: 1 0x0000000080004b54 (0x031d68bb) x17 0x0000000000000800
core   0: 0x0000000080004b58 (0x0096d03b) srlw    zero, a3, s1
core   0: 1 0x0000000080004b58 (0x0096d03b)
core   0: 0x0000000080004b5c (0x03806d33) rem     s10, zero, s8
core   0: 1 0x0000000080004b5c (0x03806d33) x26 0x0000000000000000
core   0: 0x0000000080004b60 (0x00021a93) slli    s5, tp, 0
core   0: 1 0x0000000080004b60 (0x00021a93) x21 0xffffffffffffffff
core   0: 0x0000000080004b64 (0x01a05cbb) srlw    s9, zero, s10
core   0: 1 0x0000000080004b64 (0x01a05cbb) x25 0x0000000000000000
core   0: 0x0000000080004b68 (0x4007571b) sraiw   a4, a4, 0
core   0: 1 0x0000000080004b68 (0x4007571b) x14 0x0000000000000000
core   0: 0x0000000080004b6c (0x00102373) csrrs   t1, fflags, zero
core   0: 1 0x0000000080004b6c (0x00102373) x6  0x000000000000001e
core   0: 0x0000000080004b70 (0xc03ff9d3) fcvt.lu.s s3, ft11
core   0: 1 0x0000000080004b70 (0xc03ff9d3) c1_fflags 0x000000000000001e x19 0xffffffffffffffff
core   0: 0x0000000080004b74 (0xc022fe53) fcvt.l.s t3, ft5
core   0: 1 0x0000000080004b74 (0xc022fe53) c1_fflags 0x000000000000001e x28 0x7fffffffffffffff
core   0: 0x0000000080004b78 (0x00b992b3) sll     t0, s3, a1
core   0: 1 0x0000000080004b78 (0x00b992b3) x5  0xffffffffc0000000
core   0: 0x0000000080004b7c (0x02607233) remu    tp, zero, t1
core   0: 1 0x0000000080004b7c (0x02607233) x4  0x0000000000000000
core   0: 0x0000000080004b80 (0x036aeb3b) remw    s6, s5, s6
core   0: 1 0x0000000080004b80 (0x036aeb3b) x22 0xffffffffffffffff
core   0: 0x0000000080004b84 (0x001ac893) xori    a7, s5, 1
core   0: 1 0x0000000080004b84 (0x001ac893) x17 0xfffffffffffffffe
core   0: 0x0000000080004b88 (0xd02b7cd3) fcvt.s.l fs9, s6
core   0: 1 0x0000000080004b88 (0xd02b7cd3) f25 0xffffffffbf800000
core   0: 0x0000000080004b8c (0xf8fac817) auipc   a6, 0xf8fac
core   0: 1 0x0000000080004b8c (0xf8fac817) x16 0x0000000078fb0b8c
core   0: 0x0000000080004b90 (0x40117d53) fcvt.s.d fs10, ft2
core   0: 1 0x0000000080004b90 (0x40117d53) f26 0xffffffff7fc00000
core   0: 0x0000000080004b94 (0x0241f23b) remuw   tp, gp, tp
core   0: 1 0x0000000080004b94 (0x0241f23b) x4  0xffffffffee3a4000
core   0: 0x0000000080004b98 (0x5375754b) fnmsub.d fa0, fa0, fs7, fa0
core   0: 1 0x0000000080004b98 (0x5375754b) f10 0x7ff8000000000000
core   0: 0x0000000080004b9c (0x00008b05) c.andi  a4, 1
core   0: 1 0x0000000080004b9c (0x8b05) x14 0x0000000000000000
core   0: 0x0000000080004b9e (0x40825a1b) sraiw   s4, tp, 8
core   0: 1 0x0000000080004b9e (0x40825a1b) x20 0xffffffffffee3a40
core   0: 0x0000000080004ba2 (0x013bdbbb) srlw    s7, s7, s3
core   0: 1 0x0000000080004ba2 (0x013bdbbb) x23 0x0000000000000000
core   0: 0x0000000080004ba6 (0xc03cf853) fcvt.lu.s a6, fs9
core   0: 1 0x0000000080004ba6 (0xc03cf853) c1_fflags 0x000000000000001e x16 0x0000000000000000
core   0: 0x0000000080004baa (0xc204f3d3) fcvt.w.d t2, fs1
core   0: 1 0x0000000080004baa (0xc204f3d3) x7  0x00000000000007fe
core   0: 0x0000000080004bae (0x410b50bb) sraw    ra, s6, a6
core   0: 1 0x0000000080004bae (0x410b50bb) x1  0xffffffffffffffff
core   0: 0x0000000080004bb2 (0x000a033b) addw    t1, s4, zero
core   0: 1 0x0000000080004bb2 (0x000a033b) x6  0xffffffffffee3a40
core   0: 0x0000000080004bb6 (0x0269db33) divu    s6, s3, t1
core   0: 1 0x0000000080004bb6 (0x0269db33) x22 0x0000000000000001
core   0: 0x0000000080004bba (0x2209f993) andi    s3, s3, 544
core   0: 1 0x0000000080004bba (0x2209f993) x19 0x0000000000000220
core   0: 0x0000000080004bbe (0x01671e3b) sllw    t3, a4, s6
core   0: 1 0x0000000080004bbe (0x01671e3b) x28 0x0000000000000000
core   0: 0x0000000080004bc2 (0x0bae0293) addi    t0, t3, 186
core   0: 1 0x0000000080004bc2 (0x0bae0293) x5  0x00000000000000ba
core   0: 0x0000000080004bc6 (0xc0079973) csrrw   s2, cycle, a5
core   0: exception trap_illegal_instruction, epc 0x0000000080004bc6
core   0:           tval 0x00000000c0079973
core   0: >>>>  $xrv64i2p1_m2p0_a2p1_f2p2_d2p2_zicsr2p0_zifencei2p0_zmmul1p0_zba1p0_zbb1p0_zbc1p0_zbs1p0
core   0: 0x0000000080004000 (0x0080006f) j       pc + 0x8
core   0: 3 0x0000000080004000 (0x0080006f)
core   0: >>>>  mmode_exception_handler
core   0: 0x0000000080004008 (0x00002c17) auipc   s8, 0x2
core   0: 3 0x0000000080004008 (0x00002c17) x24 0x0000000080006008
core   0: 0x000000008000400c (0x014c0c13) addi    s8, s8, 20
core   0: 3 0x000000008000400c (0x014c0c13) x24 0x000000008000601c
core   0: 0x0000000080004010 (0x000c00e7) jalr    s8
core   0: 3 0x0000000080004010 (0x000c00e7) x1  0x0000000080004014
core   0: >>>>  any_handler
core   0: 0x000000008000601c (0x341027f3) csrrs   a5, mepc, zero
core   0: 3 0x000000008000601c (0x341027f3) x15 0x0000000080004bc6
core   0: 0x0000000080006020 (0x34202773) csrrs   a4, mcause, zero
core   0: 3 0x0000000080006020 (0x34202773) x14 0x0000000000000002
core   0: 0x0000000080006024 (0x142026f3) csrrs   a3, scause, zero
core   0: 3 0x0000000080006024 (0x142026f3) x13 0x0000000000000000
core   0: 0x0000000080006028 (0x30402673) csrrs   a2, mie, zero
core   0: 3 0x0000000080006028 (0x30402673) x12 0x0000000000000a00
core   0: 0x000000008000602c (0x344025f3) csrrs   a1, mip, zero
core   0: 3 0x000000008000602c (0x344025f3) x11 0x0000000000000080
core   0: 0x0000000080006030 (0x343025f3) csrrs   a1, mtval, zero
core   0: 3 0x0000000080006030 (0x343025f3) x11 0x00000000c0079973
core   0: 0x0000000080006034 (0x14302573) csrrs   a0, stval, zero
core   0: 3 0x0000000080006034 (0x14302573) x10 0x0000000000000000
core   0: 0x0000000080006038 (0xb02024f3) csrrs   s1, minstret, zero
core   0: 3 0x0000000080006038 (0xb02024f3) x9  0x0000000000000c06
core   0: 0x000000008000603c (0x0000a811) c.j     pc + 20
core   0: 3 0x000000008000603c (0xa811)
core   0: >>>>  mepc_4
core   0: 0x0000000080006050 (0x00000791) c.addi  a5, 4
core   0: 3 0x0000000080006050 (0x0791) x15 0x0000000080004bca
core   0: 0x0000000080006052 (0x34179073) csrrw   zero, mepc, a5
core   0: 3 0x0000000080006052 (0x34179073) c833_mepc 0x0000000080004bca
core   0: 0x0000000080006056 (0x30200073) mret
core   0: 3 0x0000000080006056 (0x30200073) c768_mstatus 0x8000000a00106080
core   0: 0x0000000080004bca (0xd21c87d3) fcvt.d.wu fa5, s9
core   0: 1 0x0000000080004bca (0xd21c87d3) f15 0x0000000000000000
core   0: 0x0000000080004bce (0x00102cf3) csrrs   s9, fflags, zero
core   0: 1 0x0000000080004bce (0x00102cf3) x25 0x000000000000001e
core   0: 0x0000000080004bd2 (0x41d8599b) sraiw   s3, a6, 29
core   0: 1 0x0000000080004bd2 (0x41d8599b) x19 0x0000000000000000
core   0: 0x0000000080004bd6 (0x00202173) csrrs   sp, frm, zero
core   0: 1 0x0000000080004bd6 (0x00202173) x2  0x0000000000000000
core   0: 0x0000000080004bda (0x00b98d93) addi    s11, s3, 11
core   0: 1 0x0000000080004bda (0x00b98d93) x27 0x000000000000000b
core   0: 0x0000000080004bde (0x01b450b3) srl     ra, s0, s11
core   0: 1 0x0000000080004bde (0x01b450b3) x1  0x0000000000100008
core   0: 0x0000000080004be2 (0x41e7dd1b) sraiw   s10, a5, 30
core   0: 1 0x0000000080004be2 (0x41e7dd1b) x26 0xfffffffffffffffe
core   0: 0x0000000080004be6 (0xc02cf753) fcvt.l.s a4, fs9
core   0: 1 0x0000000080004be6 (0xc02cf753) x14 0xffffffffffffffff
core   0: 0x0000000080004bea (0x01acdcbb) srlw    s9, s9, s10
core   0: 1 0x0000000080004bea (0x01acdcbb) x25 0x0000000000000000
core   0: 0x0000000080004bee (0x0000d89b) srliw   a7, ra, 0
core   0: 1 0x0000000080004bee (0x0000d89b) x17 0x0000000000100008
core   0: 0x0000000080004bf2 (0x017addb3) srl     s11, s5, s7
core   0: 1 0x0000000080004bf2 (0x017addb3) x27 0xffffffffffffffff
core   0: 0x0000000080004bf6 (0x22af8fd3) fsgnj.d ft11, ft11, fa0
core   0: 1 0x0000000080004bf6 (0x22af8fd3) f31 0x7ff8000000000000
core   0: 0x0000000080004bfa (0x03b29b33) mulh    s6, t0, s11
core   0: 1 0x0000000080004bfa (0x03b29b33) x22 0xffffffffffffffff
core   0: 0x0000000080004bfe (0x0290fe33) remu    t3, ra, s1
core   0: 1 0x0000000080004bfe (0x0290fe33) x28 0x0000000000000810
core   0: 0x0000000080004c02 (0x036bf9bb) remuw   s3, s7, s6
core   0: 1 0x0000000080004c02 (0x036bf9bb) x19 0x0000000000000000
core   0: 0x0000000080004c06 (0xe2060853) fmv.x.d a6, fa2
core   0: 1 0x0000000080004c06 (0xe2060853) x16 0x7ff8000000000000
core   0: 0x0000000080004c0a (0x0090a633) slt     a2, ra, s1
core   0: 1 0x0000000080004c0a (0x0090a633) x12 0x0000000000000000
core   0: 0x0000000080004c0e (0xd21d89d3) fcvt.d.wu fs3, s11
core   0: 1 0x0000000080004c0e (0xd21d89d3) f19 0x41efffffffe00000
core   0: 0x0000000080004c12 (0x0bfe7053) fsub.d  ft0, ft8, ft11
core   0: 1 0x0000000080004c12 (0x0bfe7053) f0  0x7ff8000000000000
core   0: 0x0000000080004c16 (0x40ea5a1b) sraiw   s4, s4, 14
core   0: 1 0x0000000080004c16 (0x40ea5a1b) x20 0xffffffffffffffb8
core   0: 0x0000000080004c1a (0x3332fecf) fnmadd.d ft9, ft5, fs3, ft6
core   0: 1 0x0000000080004c1a (0x3332fecf) f29 0x7ff8000000000000
core   0: 0x0000000080004c1e (0x0294d4bb) divuw   s1, s1, s1
core   0: 1 0x0000000080004c1e (0x0294d4bb) x9  0x0000000000000001
core   0: 0x0000000080004c22 (0x005857bb) srlw    a5, a6, t0
core   0: 1 0x0000000080004c22 (0x005857bb) x15 0x0000000000000000
core   0: 0x0000000080004c26 (0x02f48d33) mul     s10, s1, a5
core   0: 1 0x0000000080004c26 (0x02f48d33) x26 0x0000000000000000
core   0: 0x0000000080004c2a (0x00f7a533) slt     a0, a5, a5
core   0: 1 0x0000000080004c2a (0x00f7a533) x10 0x0000000000000000
core   0: 0x0000000080004c2e (0x3373c9b7) lui     s3, 0x3373c
core   0: 1 0x0000000080004c2e (0x3373c9b7) x19 0x000000003373c000
core   0: 0x0000000080004c32 (0x41300cbb) subw    s9, zero, s3
core   0: 1 0x0000000080004c32 (0x41300cbb) x25 0xffffffffcc8c4000
core   0: 0x0000000080004c36 (0x2b6e8553) fmin.d  fa0, ft9, fs6
core   0: 1 0x0000000080004c36 (0x2b6e8553) f10 0x7ff8000000000000
core   0: 0x0000000080004c3a (0x13a07a53) fmul.d  fs4, ft0, fs10
core   0: 1 0x0000000080004c3a (0x13a07a53) f20 0x7ff8000000000000
core   0: 0x0000000080004c3e (0xd0307e53) fcvt.s.lu ft8, zero
core   0: 1 0x0000000080004c3e (0xd0307e53) f28 0xffffffff00000000
core   0: 0x0000000080004c42 (0xd41e8b37) lui     s6, 0xd41e8
core   0: 1 0x0000000080004c42 (0xd41e8b37) x22 0xffffffffd41e8000
core   0: 0x0000000080004c46 (0x0002f7b3) and     a5, t0, zero
core   0: 1 0x0000000080004c46 (0x0002f7b3) x15 0x0000000000000000
core   0: 0x0000000080004c4a (0x00c5f2b3) and     t0, a1, a2
core   0: 1 0x0000000080004c4a (0x00c5f2b3) x5  0x0000000000000000
core   0: 0x0000000080004c4e (0xc03e7453) fcvt.lu.s s0, ft8
core   0: 1 0x0000000080004c4e (0xc03e7453) x8  0x0000000000000000
core   0: 0x0000000080004c52 (0xc21e76d3) fcvt.wu.d a3, ft8
core   0: 1 0x0000000080004c52 (0xc21e76d3) c1_fflags 0x000000000000001e x13 0xffffffffffffffff
core   0: 0x0000000080004c56 (0x401dfe53) fcvt.s.d ft8, fs11
core   0: 1 0x0000000080004c56 (0x401dfe53) f28 0xffffffff7fc00000
core   0: 0x0000000080004c5a (0xe2000653) fmv.x.d a2, ft0
core   0: 1 0x0000000080004c5a (0xe2000653) x12 0x7ff8000000000000
core   0: 0x0000000080004c5e (0x0ff0000f) fence   iorw,iorw
core   0: 1 0x0000000080004c5e (0x0ff0000f)
core   0: 0x0000000080004c62 (0x1220fad3) fmul.d  fs5, ft1, ft2
core   0: 1 0x0000000080004c62 (0x1220fad3) f21 0x7ff8000000000000
core   0: 0x0000000080004c66 (0x410e0abb) subw    s5, t3, a6
core   0: 1 0x0000000080004c66 (0x410e0abb) x21 0x0000000000000810
core   0: 0x0000000080004c6a (0x5a01f653) fsqrt.d fa2, ft3
core   0: 1 0x0000000080004c6a (0x5a01f653) f12 0x7ff8000000000000
core   0: 0x0000000080004c6e (0x59368b13) addi    s6, a3, 1427
core   0: 1 0x0000000080004c6e (0x59368b13) x22 0x0000000000000592
core   0: 0x0000000080004c72 (0x22200d53) fsgnj.d fs10, ft0, ft2
core   0: 1 0x0000000080004c72 (0x22200d53) f26 0xfff8000000000000
core   0: 0x0000000080004c76 (0x003b053b) addw    a0, s6, gp
core   0: 1 0x0000000080004c76 (0x003b053b) x10 0xffffffffee3a4592
core   0: 0x0000000080004c7a (0x0019179b) slliw   a5, s2, 1
core   0: 1 0x0000000080004c7a (0x0019179b) x15 0x000000003e201618
core   0: 0x0000000080004c7e (0x98085297) auipc   t0, 0x98085
core   0: 1 0x0000000080004c7e (0x98085297) x5  0x0000000018089c7e
core   0: 0x0000000080004c82 (0x02d9693b) remw    s2, s2, a3
core   0: 1 0x0000000080004c82 (0x02d9693b) x18 0x0000000000000000
core   0: 0x0000000080004c86 (0x43f7d513) srai    a0, a5, 63
core   0: 1 0x0000000080004c86 (0x43f7d513) x10 0x0000000000000000
core   0: 0x0000000080004c8a (0x23000153) fsgnj.d ft2, ft0, fa6
core   0: 1 0x0000000080004c8a (0x23000153) f2  0x7ff8000000000000
core   0: 0x0000000080004c8e (0x00000001) c.nop
core   0: 1 0x0000000080004c8e (0x0001)
core   0: 0x0000000080004c90 (0x230f29d3) fsgnjx.d fs3, ft10, fa6
core   0: 1 0x0000000080004c90 (0x230f29d3) f19 0x7ff8000000000000
core   0: 0x0000000080004c94 (0x01da1233) sll     tp, s4, t4
core   0: 1 0x0000000080004c94 (0x01da1233) x4  0xfb80000000000000
core   0: 0x0000000080004c98 (0x010e183b) sllw    a6, t3, a6
core   0: 1 0x0000000080004c98 (0x010e183b) x16 0x0000000000000810
core   0: 0x0000000080004c9c (0x03f81693) slli    a3, a6, 63
core   0: 1 0x0000000080004c9c (0x03f81693) x13 0x0000000000000000
core   0: 0x0000000080004ca0 (0x2a070053) fmin.d  ft0, fa4, ft0
core   0: 1 0x0000000080004ca0 (0x2a070053) f0  0x7ff8000000000000
core   0: 0x0000000080004ca4 (0x0048e5b3) or      a1, a7, tp
core   0: 1 0x0000000080004ca4 (0x0048e5b3) x11 0xfb80000000100008
core   0: 0x0000000080004ca8 (0x6e2c6d13) ori     s10, s8, 1762
core   0: 1 0x0000000080004ca8 (0x6e2c6d13) x26 0x00000000800066fe
core   0: 0x0000000080004cac (0x3275f993) andi    s3, a1, 807
core   0: 1 0x0000000080004cac (0x3275f993) x19 0x0000000000000000
core   0: 0x0000000080004cb0 (0xe215879b) addiw   a5, a1, -479
core   0: 1 0x0000000080004cb0 (0xe215879b) x15 0x00000000000ffe29
core   0: 0x0000000080004cb4 (0x0015e413) ori     s0, a1, 1
core   0: 1 0x0000000080004cb4 (0x0015e413) x8  0xfb80000000100009
core   0: 0x0000000080004cb8 (0x000dd093) srli    ra, s11, 0
core   0: 1 0x0000000080004cb8 (0x000dd093) x1  0xffffffffffffffff
core   0: 0x0000000080004cbc (0x00d9a133) slt     sp, s3, a3
core   0: 1 0x0000000080004cbc (0x00d9a133) x2  0x0000000000000000
core   0: 0x0000000080004cc0 (0x00f42b33) slt     s6, s0, a5
core   0: 1 0x0000000080004cc0 (0x00f42b33) x22 0x0000000000000001
core   0: 0x0000000080004cc4 (0x00000001) c.nop
core   0: 1 0x0000000080004cc4 (0x0001)
core   0: 0x0000000080004cc6 (0x40155493) srai    s1, a0, 1
core   0: 1 0x0000000080004cc6 (0x40155493) x9  0x0000000000000000
core   0: 0x0000000080004cca (0xecbcce93) xori    t4, s9, -309
core   0: 1 0x0000000080004cca (0xecbcce93) x29 0x000000003373becb
core   0: 0x0000000080004cce (0x4120d43b) sraw    s0, ra, s2
core   0: 1 0x0000000080004cce (0x4120d43b) x8  0xffffffffffffffff
core   0: 0x0000000080004cd2 (0x41bad11b) sraiw   sp, s5, 27
core   0: 1 0x0000000080004cd2 (0x41bad11b) x2  0x0000000000000000
core   0: 0x0000000080004cd6 (0x0336f03b) remuw   zero, a3, s3
core   0: 1 0x0000000080004cd6 (0x0336f03b)
core   0: 0x0000000080004cda (0x03738ebb) mulw    t4, t2, s7
core   0: 1 0x0000000080004cda (0x03738ebb) x29 0x0000000000000000
core   0: 0x0000000080004cde (0x0250eb3b) remw    s6, ra, t0
core   0: 1 0x0000000080004cde (0x0250eb3b) x22 0xffffffffffffffff
core   0: 0x0000000080004ce2 (0x22719353) fsgnjn.d ft6, ft3, ft7
core   0: 1 0x0000000080004ce2 (0x22719353) f6  0x7fffffff45200000
core   0: 0x0000000080004ce6 (0x22201a53) fsgnjn.d fs4, ft0, ft2
core   0: 1 0x0000000080004ce6 (0x22201a53) f20 0xfff8000000000000
core   0: 0x0000000080004cea (0x0b48f0c3) fmadd.d ft1, fa7, fs4, ft1
core   0: 1 0x0000000080004cea (0x0b48f0c3) f1  0x7ff8000000000000
core   0: 0x0000000080004cee (0x5f946097) auipc   ra, 0x5f946
core   0: 1 0x0000000080004cee (0x5f946097) x1  0x00000000df94acee
core   0: 0x0000000080004cf2 (0x42090453) fcvt.d.s fs0, fs2
core   0: 1 0x0000000080004cf2 (0x42090453) f8  0x7ff8000000000000
core   0: 0x0000000080004cf6 (0x41aede9b) sraiw   t4, t4, 26
core   0: 1 0x0000000080004cf6 (0x41aede9b) x29 0x0000000000000000
core   0: 0x0000000080004cfa (0x928afec7) fmsub.d ft9, fs5, fs0, fs2
core   0: 1 0x0000000080004cfa (0x928afec7) f29 0x7ff8000000000000
core   0: 0x0000000080004cfe (0xd0337dd3) fcvt.s.lu fs11, t1
core   0: 1 0x0000000080004cfe (0xd0337dd3) c1_fflags 0x000000000000001f f27 0xffffffff5f800000
core   0: 0x0000000080004d02 (0x80036213) ori     tp, t1, -2048
core   0: 1 0x0000000080004d02 (0x80036213) x4  0xfffffffffffffa40
core   0: 0x0000000080004d06 (0x0ff0000f) fence   iorw,iorw
core   0: 1 0x0000000080004d06 (0x0ff0000f)
core   0: 0x0000000080004d0a (0x0320b0b3) mulhu   ra, ra, s2
core   0: 1 0x0000000080004d0a (0x0320b0b3) x1  0x0000000000000000
core   0: 0x0000000080004d0e (0x5a0bf553) fsqrt.d fa0, fs7
core   0: 1 0x0000000080004d0e (0x5a0bf553) f10 0x7ff8000000000000
core   0: 0x0000000080004d12 (0x0022d813) srli    a6, t0, 2
core   0: 1 0x0000000080004d12 (0x0022d813) x16 0x000000000602271f
core   0: 0x0000000080004d16 (0x0100c5b3) xor     a1, ra, a6
core   0: 1 0x0000000080004d16 (0x0100c5b3) x11 0x000000000602271f
core   0: 0x0000000080004d1a (0x03bacebb) divw    t4, s5, s11
core   0: 1 0x0000000080004d1a (0x03bacebb) x29 0xfffffffffffff7f0
core   0: 0x0000000080004d1e (0x429dd993) srai    s3, s11, 41
core   0: 1 0x0000000080004d1e (0x429dd993) x19 0xffffffffffffffff
core   0: 0x0000000080004d22 (0xc02ad0f3) csrrwi  ra, instret, 21
core   0: exception trap_illegal_instruction, epc 0x0000000080004d22
core   0:           tval 0x00000000c02ad0f3
core   0: >>>>  $xrv64i2p1_m2p0_a2p1_f2p2_d2p2_zicsr2p0_zifencei2p0_zmmul1p0_zba1p0_zbb1p0_zbc1p0_zbs1p0
core   0: 0x0000000080004000 (0x0080006f) j       pc + 0x8
core   0: 3 0x0000000080004000 (0x0080006f)
core   0: >>>>  mmode_exception_handler
core   0: 0x0000000080004008 (0x00002c17) auipc   s8, 0x2
core   0: 3 0x0000000080004008 (0x00002c17) x24 0x0000000080006008
core   0: 0x000000008000400c (0x014c0c13) addi    s8, s8, 20
core   0: 3 0x000000008000400c (0x014c0c13) x24 0x000000008000601c
core   0: 0x0000000080004010 (0x000c00e7) jalr    s8
core   0: 3 0x0000000080004010 (0x000c00e7) x1  0x0000000080004014
core   0: >>>>  any_handler
core   0: 0x000000008000601c (0x341027f3) csrrs   a5, mepc, zero
core   0: 3 0x000000008000601c (0x341027f3) x15 0x0000000080004d22
core   0: 0x0000000080006020 (0x34202773) csrrs   a4, mcause, zero
core   0: 3 0x0000000080006020 (0x34202773) x14 0x0000000000000002
core   0: 0x0000000080006024 (0x142026f3) csrrs   a3, scause, zero
core   0: 3 0x0000000080006024 (0x142026f3) x13 0x0000000000000000
core   0: 0x0000000080006028 (0x30402673) csrrs   a2, mie, zero
core   0: 3 0x0000000080006028 (0x30402673) x12 0x0000000000000a00
core   0: 0x000000008000602c (0x344025f3) csrrs   a1, mip, zero
core   0: 3 0x000000008000602c (0x344025f3) x11 0x0000000000000080
core   0: 0x0000000080006030 (0x343025f3) csrrs   a1, mtval, zero
core   0: 3 0x0000000080006030 (0x343025f3) x11 0x00000000c02ad0f3
core   0: 0x0000000080006034 (0x14302573) csrrs   a0, stval, zero
core   0: 3 0x0000000080006034 (0x14302573) x10 0x0000000000000000
core   0: 0x0000000080006038 (0xb02024f3) csrrs   s1, minstret, zero
core   0: 3 0x0000000080006038 (0xb02024f3) x9  0x0000000000000c6d
core   0: 0x000000008000603c (0x0000a811) c.j     pc + 20
core   0: 3 0x000000008000603c (0xa811)
core   0: >>>>  mepc_4
core   0: 0x0000000080006050 (0x00000791) c.addi  a5, 4
core   0: 3 0x0000000080006050 (0x0791) x15 0x0000000080004d26
core   0: 0x0000000080006052 (0x34179073) csrrw   zero, mepc, a5
core   0: 3 0x0000000080006052 (0x34179073) c833_mepc 0x0000000080004d26
core   0: 0x0000000080006056 (0x30200073) mret
core   0: 3 0x0000000080006056 (0x30200073) c768_mstatus 0x8000000a00106080
core   0: 0x0000000080004d26 (0x5a0ff3d3) fsqrt.d ft7, ft11
core   0: 1 0x0000000080004d26 (0x5a0ff3d3) f7  0x7ff8000000000000
core   0: 0x0000000080004d2a (0x00185013) srli    zero, a6, 1
core   0: 1 0x0000000080004d2a (0x00185013)
core   0: 0x0000000080004d2e (0x415ed9bb) sraw    s3, t4, s5
core   0: 1 0x0000000080004d2e (0x415ed9bb) x19 0xffffffffffffffff
core   0: 0x0000000080004d32 (0x00009e86) c.add   t4, ra
core   0: 1 0x0000000080004d32 (0x9e86) x29 0x0000000080003804
core   0: 0x0000000080004d34 (0x0002e413) ori     s0, t0, 0
core   0: 1 0x0000000080004d34 (0x0002e413) x8  0x0000000018089c7e
core   0: 0x0000000080004d38 (0x00000001) c.nop
core   0: 1 0x0000000080004d38 (0x0001)
core   0: 0x0000000080004d3a (0x79d6c893) xori    a7, a3, 1949
core   0: 1 0x0000000080004d3a (0x79d6c893) x17 0x000000000000079d
core   0: 0x0000000080004d3e (0xc21ef853) fcvt.wu.d a6, ft9
core   0: 1 0x0000000080004d3e (0xc21ef853) c1_fflags 0x000000000000001f x16 0xffffffffffffffff
core   0: 0x0000000080004d42 (0xc22ff8d3) fcvt.l.d a7, ft11
core   0: 1 0x0000000080004d42 (0xc22ff8d3) c1_fflags 0x000000000000001f x17 0x7fffffffffffffff
core   0: 0x0000000080004d46 (0xcb2979cb) fnmsub.d fs3, fs2, fs2, fs9
core   0: 1 0x0000000080004d46 (0xcb2979cb) f19 0x7ff8000000000000
core   0: 0x0000000080004d4a (0x00f0a233) slt     tp, ra, a5
core   0: 1 0x0000000080004d4a (0x00f0a233) x4  0x0000000000000001
core   0: 0x0000000080004d4e (0x9ed1ea37) lui     s4, 0x9ed1e
core   0: 1 0x0000000080004d4e (0x9ed1ea37) x20 0xffffffff9ed1e000
core   0: 0x0000000080004d52 (0xff3bbc37) lui     s8, 0xff3bb
core   0: 1 0x0000000080004d52 (0xff3bbc37) x24 0xffffffffff3bb000
core   0: 0x0000000080004d56 (0x157c0c1b) addiw   s8, s8, 343
core   0: 1 0x0000000080004d56 (0x157c0c1b) x24 0xffffffffff3bb157
core   0: 0x0000000080004d5a (0x00000c3e) c.slli  s8, 15
core   0: 1 0x0000000080004d5a (0x0c3e) x24 0xffffff9dd8ab8000
core   0: 0x0000000080004d5c (0xa88c0c13) addi    s8, s8, -1400
core   0: 1 0x0000000080004d5c (0xa88c0c13) x24 0xffffff9dd8ab7a88
core   0: 0x0000000080004d60 (0xd2070fd3) fcvt.d.w ft11, a4
core   0: 1 0x0000000080004d60 (0xd2070fd3) f31 0x4000000000000000
core   0: 0x0000000080004d64 (0x13357053) fmul.d  ft0, fa0, fs3
core   0: 1 0x0000000080004d64 (0x13357053) f0  0x7ff8000000000000
core   0: 0x0000000080004d68 (0xc229fb53) fcvt.l.d s6, fs3
core   0: 1 0x0000000080004d68 (0xc229fb53) c1_fflags 0x000000000000001f x22 0x7fffffffffffffff
core   0: 0x0000000080004d6c (0x4153d3bb) sraw    t2, t2, s5
core   0: 1 0x0000000080004d6c (0x4153d3bb) x7  0x0000000000000000
core   0: 0x0000000080004d70 (0x40cc8cbb) subw    s9, s9, a2
core   0: 1 0x0000000080004d70 (0x40cc8cbb) x25 0xffffffffcc8c3600
core   0: 0x0000000080004d74 (0xd02cfb53) fcvt.s.l fs6, s9
core   0: 1 0x0000000080004d74 (0xd02cfb53) f22 0xffffffffce4dcf28
core   0: 0x0000000080004d78 (0x0001919b) slliw   gp, gp, 0
core   0: 1 0x0000000080004d78 (0x0001919b) x3  0xffffffffee3a4000
core   0: 0x0000000080004d7c (0x40f950b3) sra     ra, s2, a5
core   0: 1 0x0000000080004d7c (0x40f950b3) x1  0x0000000000000000
core   0: 0x0000000080004d80 (0xc030fbd3) fcvt.lu.s s7, ft1
core   0: 1 0x0000000080004d80 (0xc030fbd3) c1_fflags 0x000000000000001f x23 0xffffffffffffffff
core   0: 0x0000000080004d84 (0x4285db93) srai    s7, a1, 40
core   0: 1 0x0000000080004d84 (0x4285db93) x23 0x0000000000000000
core   0: 0x0000000080004d88 (0xc23b7bd3) fcvt.lu.d s7, fs6
core   0: 1 0x0000000080004d88 (0xc23b7bd3) c1_fflags 0x000000000000001f x23 0xffffffffffffffff
core   0: 0x0000000080004d8c (0x41358cbb) subw    s9, a1, s3
core   0: 1 0x0000000080004d8c (0x41358cbb) x25 0xffffffffc02ad0f4
core   0: 0x0000000080004d90 (0x1287f953) fmul.d  fs2, fa5, fs0
core   0: 1 0x0000000080004d90 (0x1287f953) f18 0x7ff8000000000000
core   0: 0x0000000080004d94 (0x01607533) and     a0, zero, s6
core   0: 1 0x0000000080004d94 (0x01607533) x10 0x0000000000000000
core   0: 0x0000000080004d98 (0x00ac88b3) add     a7, s9, a0
core   0: 1 0x0000000080004d98 (0x00ac88b3) x17 0xffffffffc02ad0f4
core   0: 0x0000000080004d9c (0x00b993bb) sllw    t2, s3, a1
core   0: 1 0x0000000080004d9c (0x00b993bb) x7  0xfffffffffff80000
core   0: 0x0000000080004da0 (0x5223fa43) fmadd.d fs4, ft7, ft2, fa0
core   0: 1 0x0000000080004da0 (0x5223fa43) f20 0x7ff8000000000000
core   0: 0x0000000080004da4 (0x75127337) lui     t1, 0x75127
core   0: 1 0x0000000080004da4 (0x75127337) x6  0x0000000075127000
core   0: 0x0000000080004da8 (0x9bf2f0cb) fnmsub.d ft1, ft5, ft11, fs3
core   0: 1 0x0000000080004da8 (0x9bf2f0cb) f1  0x7ff8000000000000
core   0: 0x0000000080004dac (0x0b06f8b7) lui     a7, 0xb06f
core   0: 1 0x0000000080004dac (0x0b06f8b7) x17 0x000000000b06f000
core   0: 0x0000000080004db0 (0x036307b3) mul     a5, t1, s6
core   0: 1 0x0000000080004db0 (0x036307b3) x15 0xffffffff8aed9000
core   0: 0x0000000080004db4 (0x40c78333) sub     t1, a5, a2
core   0: 1 0x0000000080004db4 (0x40c78333) x6  0xffffffff8aed8600
core   0: 0x0000000080004db8 (0xd02cf053) fcvt.s.l ft0, s9
core   0: 1 0x0000000080004db8 (0xd02cf053) c1_fflags 0x000000000000001f f0  0xffffffffce7f54bc
core   0: 0x0000000080004dbc (0x2bdd7d4f) fnmadd.d fs10, fs10, ft9, ft5
core   0: 1 0x0000000080004dbc (0x2bdd7d4f) f26 0x7ff8000000000000
core   0: 0x0000000080004dc0 (0x01fa1d1b) slliw   s10, s4, 31
core   0: 1 0x0000000080004dc0 (0x01fa1d1b) x26 0x0000000000000000
core   0: 0x0000000080004dc4 (0x0ff0000f) fence   iorw,iorw
core   0: 1 0x0000000080004dc4 (0x0ff0000f)
core   0: 0x0000000080004dc8 (0xd2158553) fcvt.d.wu fa0, a1
core   0: 1 0x0000000080004dc8 (0xd2158553) f10 0x41e8055a1e600000
core   0: 0x0000000080004dcc (0x2baa18d3) fmax.d  fa7, fs4, fs10
core   0: 1 0x0000000080004dcc (0x2baa18d3) f17 0x7ff8000000000000
core   0: 0x0000000080004dd0 (0x5a077ad3) fsqrt.d fs5, fa4
core   0: 1 0x0000000080004dd0 (0x5a077ad3) f21 0x7ff8000000000000
core   0: 0x0000000080004dd4 (0x02c45493) srli    s1, s0, 44
core   0: 1 0x0000000080004dd4 (0x02c45493) x9  0x0000000000000000
core   0: 0x0000000080004dd8 (0x0358f8d3) fadd.d  fa7, fa7, fs5
core   0: 1 0x0000000080004dd8 (0x0358f8d3) f17 0x7ff8000000000000
core   0: 0x0000000080004ddc (0xe2000e53) fmv.x.d t3, ft0
core   0: 1 0x0000000080004ddc (0xe2000e53) x28 0xffffffffce7f54bc
core   0: 0x0000000080004de0 (0xf32f76cb) fnmsub.d fa3, ft10, fs2, ft10
core   0: 1 0x0000000080004de0 (0xf32f76cb) f13 0x7ff8000000000000
core   0: 0x0000000080004de4 (0x6e9cf297) auipc   t0, 0x6e9cf
core   0: 1 0x0000000080004de4 (0x6e9cf297) x5  0x00000000ee9d3de4
core   0: 0x0000000080004de8 (0x0004111b) slliw   sp, s0, 0
core   0: 1 0x0000000080004de8 (0x0004111b) x2  0x0000000018089c7e
core   0: 0x0000000080004dec (0xc2207553) fcvt.l.d a0, ft0
core   0: 1 0x0000000080004dec (0xc2207553) c1_fflags 0x000000000000001f x10 0x7fffffffffffffff
core   0: 0x0000000080004df0 (0x5c009617) auipc   a2, 0x5c009
core   0: 1 0x0000000080004df0 (0x5c009617) x12 0x00000000dc00ddf0
core   0: 0x0000000080004df4 (0xd2050fd3) fcvt.d.w ft11, a0
core   0: 1 0x0000000080004df4 (0xd2050fd3) f31 0xbff0000000000000
core   0: 0x0000000080004df8 (0x4134d43b) sraw    s0, s1, s3
core   0: 1 0x0000000080004df8 (0x4134d43b) x8  0x0000000000000000
core   0: 0x0000000080004dfc (0x015586bb) addw    a3, a1, s5
core   0: 1 0x0000000080004dfc (0x015586bb) x13 0xffffffffc02ad903
core   0: 0x0000000080004e00 (0xfa7da337) lui     t1, 0xfa7da
core   0: 1 0x0000000080004e00 (0xfa7da337) x6  0xfffffffffa7da000
core   0: 0x0000000080004e04 (0xef33031b) addiw   t1, t1, -269
core   0: 1 0x0000000080004e04 (0xef33031b) x6  0xfffffffffa7d9ef3
core   0: 0x0000000080004e08 (0x00000332) c.slli  t1, 12
core   0: 1 0x0000000080004e08 (0x0332) x6  0xffffffa7d9ef3000
core   0: 0x0000000080004e0a (0x2ce30313) addi    t1, t1, 718
core   0: 1 0x0000000080004e0a (0x2ce30313) x6  0xffffffa7d9ef32ce
core   0: 0x0000000080004e0e (0x223184d3) fsgnj.d fs1, ft3, ft3
core   0: 1 0x0000000080004e0e (0x223184d3) f9  0xffffffff45200000
core   0: 0x0000000080004e12 (0xd2168853) fcvt.d.wu fa6, a3
core   0: 1 0x0000000080004e12 (0xd2168853) f16 0x41e8055b20600000
core   0: 0x0000000080004e16 (0x00055513) srli    a0, a0, 0
core   0: 1 0x0000000080004e16 (0x00055513) x10 0x7fffffffffffffff
core   0: 0x0000000080004e1a (0x012cfcb3) and     s9, s9, s2
core   0: 1 0x0000000080004e1a (0x012cfcb3) x25 0x0000000000000000
core   0: 0x0000000080004e1e (0x41fcd61b) sraiw   a2, s9, 31
core   0: 1 0x0000000080004e1e (0x41fcd61b) x12 0x0000000000000000
core   0: 0x0000000080004e22 (0xd022fb53) fcvt.s.l fs6, t0
core   0: 1 0x0000000080004e22 (0xd022fb53) c1_fflags 0x000000000000001f f22 0xffffffff4f6e9d3e
core   0: 0x0000000080004e26 (0xc203f8d3) fcvt.w.d a7, ft7
core   0: 1 0x0000000080004e26 (0xc203f8d3) c1_fflags 0x000000000000001f x17 0x000000007fffffff
core   0: 0x0000000080004e2a (0x01a9d913) srli    s2, s3, 26
core   0: 1 0x0000000080004e2a (0x01a9d913) x18 0x0000003fffffffff
core   0: 0x0000000080004e2e (0x0391ecbb) remw    s9, gp, s9
core   0: 1 0x0000000080004e2e (0x0391ecbb) x25 0xffffffffee3a4000
core   0: 0x0000000080004e32 (0x018c2e33) slt     t3, s8, s8
core   0: 1 0x0000000080004e32 (0x018c2e33) x28 0x0000000000000000
core   0: 0x0000000080004e36 (0x02f3a7b3) mulhsu  a5, t2, a5
core   0: 1 0x0000000080004e36 (0x02f3a7b3) x15 0xfffffffffff80000
core   0: 0x0000000080004e3a (0x03a2dd33) divu    s10, t0, s10
core   0: 1 0x0000000080004e3a (0x03a2dd33) x26 0xffffffffffffffff
core   0: 0x0000000080004e3e (0x02f5d733) divu    a4, a1, a5
core   0: 1 0x0000000080004e3e (0x02f5d733) x14 0x0000000000000000
core   0: 0x0000000080004e42 (0xd20a87d3) fcvt.d.w fa5, s5
core   0: 1 0x0000000080004e42 (0xd20a87d3) f15 0x40a0200000000000
core   0: 0x0000000080004e46 (0x0077d13b) srlw    sp, a5, t2
core   0: 1 0x0000000080004e46 (0x0077d13b) x2  0xfffffffffff80000
core   0: 0x0000000080004e4a (0xc231f8d3) fcvt.lu.d a7, ft3
core   0: 1 0x0000000080004e4a (0xc231f8d3) c1_fflags 0x000000000000001f x17 0xffffffffffffffff
core   0: 0x0000000080004e4e (0xf2088653) fmv.d.x fa2, a7
core   0: 1 0x0000000080004e4e (0xf2088653) f12 0xffffffffffffffff
core   0: 0x0000000080004e52 (0xa2ad8353) fle.d   t1, fs11, fa0
core   0: 1 0x0000000080004e52 (0xa2ad8353) c1_fflags 0x000000000000001f x6  0x0000000000000000
core   0: 0x0000000080004e56 (0x0057dc3b) srlw    s8, a5, t0
core   0: 1 0x0000000080004e56 (0x0057dc3b) x24 0x000000000fff8000
core   0: 0x0000000080004e5a (0xabcc0a1b) addiw   s4, s8, -1348
core   0: 1 0x0000000080004e5a (0xabcc0a1b) x20 0x000000000fff7abc
core   0: 0x0000000080004e5e (0x238e2e53) fsgnjx.d ft8, ft8, fs8
core   0: 1 0x0000000080004e5e (0x238e2e53) f28 0xffffffff7fc00000
core   0: 0x0000000080004e62 (0x00000001) c.nop
core   0: 1 0x0000000080004e62 (0x0001)
core   0: 0x0000000080004e64 (0xc23e7753) fcvt.lu.d a4, ft8
core   0: 1 0x0000000080004e64 (0xc23e7753) c1_fflags 0x000000000000001f x14 0xffffffffffffffff
core   0: 0x0000000080004e68 (0x00f7023b) addw    tp, a4, a5
core   0: 1 0x0000000080004e68 (0x00f7023b) x4  0xfffffffffff7ffff
core   0: 0x0000000080004e6c (0x02a258b3) divu    a7, tp, a0
core   0: 1 0x0000000080004e6c (0x02a258b3) x17 0x0000000000000001
core   0: 0x0000000080004e70 (0x4066813b) subw    sp, a3, t1
core   0: 1 0x0000000080004e70 (0x4066813b) x2  0xffffffffc02ad903
core   0: 0x0000000080004e74 (0x004116bb) sllw    a3, sp, tp
core   0: 1 0x0000000080004e74 (0x004116bb) x13 0xffffffff80000000
core   0: 0x0000000080004e78 (0x00151cf3) csrrw   s9, fflags, a0
core   0: 1 0x0000000080004e78 (0x00151cf3) x25 0x000000000000001f c1_fflags 0x000000000000001f
core   0: 0x0000000080004e7c (0xd025fbd3) fcvt.s.l fs7, a1
core   0: 1 0x0000000080004e7c (0xd025fbd3) c1_fflags 0x000000000000001f f23 0xffffffff4f402ad1
core   0: 0x0000000080004e80 (0xa39c0453) fle.d   s0, fs8, fs9
core   0: 1 0x0000000080004e80 (0xa39c0453) c1_fflags 0x000000000000001f x8  0x0000000000000000
core   0: 0x0000000080004e84 (0x022e14b3) mulh    s1, t3, sp
core   0: 1 0x0000000080004e84 (0x022e14b3) x9  0x0000000000000000
core   0: 0x0000000080004e88 (0x1bc377d3) fdiv.d  fa5, ft6, ft8
core   0: 1 0x0000000080004e88 (0x1bc377d3) f15 0x7ff8000000000000
core   0: 0x0000000080004e8c (0x05584e93) xori    t4, a6, 85
core   0: 1 0x0000000080004e8c (0x05584e93) x29 0xffffffffffffffaa
core   0: 0x0000000080004e90 (0x03fd7fd3) fadd.d  ft11, fs10, ft11
core   0: 1 0x0000000080004e90 (0x03fd7fd3) f31 0x7ff8000000000000
core   0: 0x0000000080004e94 (0x037efcb3) remu    s9, t4, s7
core   0: 1 0x0000000080004e94 (0x037efcb3) x25 0xffffffffffffffaa
core   0: 0x0000000080004e98 (0x4197d6bb) sraw    a3, a5, s9
core   0: 1 0x0000000080004e98 (0x4197d6bb) x13 0xfffffffffffffe00
core   0: 0x0000000080004e9c (0x41068233) sub     tp, a3, a6
core   0: 1 0x0000000080004e9c (0x41068233) x4  0xfffffffffffffe01
core   0: 0x0000000080004ea0 (0x00000001) c.nop
core   0: 1 0x0000000080004ea0 (0x0001)
core   0: 0x0000000080004ea2 (0x74ab9c97) auipc   s9, 0x74ab9
core   0: 1 0x0000000080004ea2 (0x74ab9c97) x25 0x00000000f4abdea2
core   0: 0x0000000080004ea6 (0x01cd5b3b) srlw    s6, s10, t3
core   0: 1 0x0000000080004ea6 (0x01cd5b3b) x22 0xffffffffffffffff
core   0: 0x0000000080004eaa (0x00ed179b) slliw   a5, s10, 14
core   0: 1 0x0000000080004eaa (0x00ed179b) x15 0xffffffffffffc000
core   0: 0x0000000080004eae (0x02c59033) mulh    zero, a1, a2
core   0: 1 0x0000000080004eae (0x02c59033)
core   0: 0x0000000080004eb2 (0x001c4193) xori    gp, s8, 1
core   0: 1 0x0000000080004eb2 (0x001c4193) x3  0x000000000fff8001
core   0: 0x0000000080004eb6 (0x00da4633) xor     a2, s4, a3
core   0: 1 0x0000000080004eb6 (0x00da4633) x12 0xfffffffff00084bc
core   0: 0x0000000080004eba (0x01cd5b33) srl     s6, s10, t3
core   0: 1 0x0000000080004eba (0x01cd5b33) x22 0xffffffffffffffff
core   0: 0x0000000080004ebe (0xc203f3d3) fcvt.w.d t2, ft7
core   0: 1 0x0000000080004ebe (0xc203f3d3) c1_fflags 0x000000000000001f x7  0x000000007fffffff
core   0: 0x0000000080004ec2 (0x01bcdb33) srl     s6, s9, s11
core   0: 1 0x0000000080004ec2 (0x01bcdb33) x22 0x0000000000000000
core   0: 0x0000000080004ec6 (0xc023fbd3) fcvt.l.s s7, ft7
core   0: 1 0x0000000080004ec6 (0xc023fbd3) c1_fflags 0x000000000000001f x23 0x7fffffffffffffff
core   0: 0x0000000080004eca (0xf20c08d3) fmv.d.x fa7, s8
core   0: 1 0x0000000080004eca (0xf20c08d3) f17 0x000000000fff8000
core   0: 0x0000000080004ece (0xa36d85d3) fle.d   a1, fs11, fs6
core   0: 1 0x0000000080004ece (0xa36d85d3) c1_fflags 0x000000000000001f x11 0x0000000000000000
core   0: 0x0000000080004ed2 (0x0035973b) sllw    a4, a1, gp
core   0: 1 0x0000000080004ed2 (0x0035973b) x14 0x0000000000000000
core   0: 0x0000000080004ed6 (0x8b0b72cb) fnmsub.d ft5, fs6, fa6, fa7
core   0: 1 0x0000000080004ed6 (0x8b0b72cb) f5  0x7ff8000000000000
core   0: 0x0000000080004eda (0x01f6dc1b) srliw   s8, a3, 31
core   0: 1 0x0000000080004eda (0x01f6dc1b) x24 0x0000000000000001
core   0: 0x0000000080004ede (0x018901b3) add     gp, s2, s8
core   0: 1 0x0000000080004ede (0x018901b3) x3  0x0000004000000000
core   0: 0x0000000080004ee2 (0xa3550a53) fle.d   s4, fa0, fs5
core   0: 1 0x0000000080004ee2 (0xa3550a53) c1_fflags 0x000000000000001f x20 0x0000000000000000
core   0: 0x0000000080004ee6 (0x031a38b3) mulhu   a7, s4, a7
core   0: 1 0x0000000080004ee6 (0x031a38b3) x17 0x0000000000000000
core   0: 0x0000000080004eea (0x03de9eb3) mulh    t4, t4, t4
core   0: 1 0x0000000080004eea (0x03de9eb3) x29 0x0000000000000000
core   0: 0x0000000080004eee (0x40d25533) sra     a0, tp, a3
core   0: 1 0x0000000080004eee (0x40d25533) x10 0xfffffffffffffe01
core   0: 0x0000000080004ef2 (0xc218fb53) fcvt.wu.d s6, fa7
core   0: 1 0x0000000080004ef2 (0xc218fb53) c1_fflags 0x000000000000001f x22 0x0000000000000000
core   0: 0x0000000080004ef6 (0x4168d8bb) sraw    a7, a7, s6
core   0: 1 0x0000000080004ef6 (0x4168d8bb) x17 0x0000000000000000
core   0: 0x0000000080004efa (0x000c951b) slliw   a0, s9, 0
core   0: 1 0x0000000080004efa (0x000c951b) x10 0xfffffffff4abdea2
core   0: 0x0000000080004efe (0x00e3833b) addw    t1, t2, a4
core   0: 1 0x0000000080004efe (0x00e3833b) x6  0x000000007fffffff
core   0: 0x0000000080004f02 (0x00574a33) xor     s4, a4, t0
core   0: 1 0x0000000080004f02 (0x00574a33) x20 0x00000000ee9d3de4
core   0: 0x0000000080004f06 (0x406284bb) subw    s1, t0, t1
core   0: 1 0x0000000080004f06 (0x406284bb) x9  0x000000006e9d3de5
core   0: 0x0000000080004f0a (0x034966bb) remw    a3, s2, s4
core   0: 1 0x0000000080004f0a (0x034966bb) x13 0xffffffffffffffff
core   0: 0x0000000080004f0e (0x4010d713) srai    a4, ra, 1
core   0: 1 0x0000000080004f0e (0x4010d713) x14 0x0000000000000000
core   0: 0x0000000080004f12 (0xe20e0c53) fmv.x.d s8, ft8
core   0: 1 0x0000000080004f12 (0xe20e0c53) x24 0xffffffff7fc00000
core   0: 0x0000000080004f16 (0xa3508a53) fle.d   s4, ft1, fs5
core   0: 1 0x0000000080004f16 (0xa3508a53) c1_fflags 0x000000000000001f x20 0x0000000000000000
core   0: 0x0000000080004f1a (0x005a0e3b) addw    t3, s4, t0
core   0: 1 0x0000000080004f1a (0x005a0e3b) x28 0xffffffffee9d3de4
core   0: 0x0000000080004f1e (0x41a2d2b3) sra     t0, t0, s10
core   0: 1 0x0000000080004f1e (0x41a2d2b3) x5  0x0000000000000000
core   0: 0x0000000080004f22 (0x03deeebb) remw    t4, t4, t4
core   0: 1 0x0000000080004f22 (0x03deeebb) x29 0x0000000000000000
core   0: 0x0000000080004f26 (0xab4ef74f) fnmadd.d fa4, ft9, fs4, fs5
core   0: 1 0x0000000080004f26 (0xab4ef74f) f14 0x7ff8000000000000
core   0: 0x0000000080004f2a (0x00ee7837) lui     a6, 0xee7
core   0: 1 0x0000000080004f2a (0x00ee7837) x16 0x0000000000ee7000
core   0: 0x0000000080004f2e (0xec98081b) addiw   a6, a6, -311
core   0: 1 0x0000000080004f2e (0xec98081b) x16 0x0000000000ee6ec9
core   0: 0x0000000080004f32 (0x0000083e) c.slli  a6, 15
core   0: 1 0x0000000080004f32 (0x083e) x16 0x0000007737648000
core   0: 0x0000000080004f34 (0x5ce80813) addi    a6, a6, 1486
core   0: 1 0x0000000080004f34 (0x5ce80813) x16 0x00000077376485ce
core   0: 0x0000000080004f38 (0x0019571b) srliw   a4, s2, 1
core   0: 1 0x0000000080004f38 (0x0019571b) x14 0x000000007fffffff
core   0: 0x0000000080004f3c (0x0326d3bb) divuw   t2, a3, s2
core   0: 1 0x0000000080004f3c (0x0326d3bb) x7  0x0000000000000001
core   0: 0x0000000080004f40 (0x40948bbb) subw    s7, s1, s1
core   0: 1 0x0000000080004f40 (0x40948bbb) x23 0x0000000000000000
core   0: 0x0000000080004f44 (0xa35b03d3) fle.d   t2, fs6, fs5
core   0: 1 0x0000000080004f44 (0xa35b03d3) c1_fflags 0x000000000000001f x7  0x0000000000000000
core   0: 0x0000000080004f48 (0x001999bb) sllw    s3, s3, ra
core   0: 1 0x0000000080004f48 (0x001999bb) x19 0xffffffffffffffff
core   0: 0x0000000080004f4c (0x016e6e33) or      t3, t3, s6
core   0: 1 0x0000000080004f4c (0x016e6e33) x28 0xffffffffee9d3de4
core   0: 0x0000000080004f50 (0x035e6533) rem     a0, t3, s5
core   0: 1 0x0000000080004f50 (0x035e6533) x10 0xfffffffffffffe64
core   0: 0x0000000080004f54 (0xd20709d3) fcvt.d.w fs3, a4
core   0: 1 0x0000000080004f54 (0xd20709d3) f19 0x41dfffffffc00000
core   0: 0x0000000080004f58 (0x000090bd) c.srli  s1, 47
core   0: 1 0x0000000080004f58 (0x90bd) x9  0x0000000000000000
core   0: 0x0000000080004f5a (0x7ea11a97) auipc   s5, 0x7ea11
core   0: 1 0x0000000080004f5a (0x7ea11a97) x21 0x00000000fea15f5a
core   0: 0x0000000080004f5e (0x4066d5bb) sraw    a1, a3, t1
core   0: 1 0x0000000080004f5e (0x4066d5bb) x11 0xffffffffffffffff
core   0: 0x0000000080004f62 (0x41bcdc93) srai    s9, s9, 27
core   0: 1 0x0000000080004f62 (0x41bcdc93) x25 0x000000000000001e
core   0: 0x0000000080004f66 (0x02c69633) mulh    a2, a3, a2
core   0: 1 0x0000000080004f66 (0x02c69633) x12 0x0000000000000000
core   0: 0x0000000080004f6a (0x0ff0000f) fence   iorw,iorw
core   0: 1 0x0000000080004f6a (0x0ff0000f)
core   0: 0x0000000080004f6e (0x8651ea97) auipc   s5, 0x8651e
core   0: 1 0x0000000080004f6e (0x8651ea97) x21 0x0000000006522f6e
core   0: 0x0000000080004f72 (0x034a5a3b) divuw   s4, s4, s4
core   0: 1 0x0000000080004f72 (0x034a5a3b) x20 0xffffffffffffffff
core   0: 0x0000000080004f76 (0x02634db3) div     s11, t1, t1
core   0: 1 0x0000000080004f76 (0x02634db3) x27 0x0000000000000001
core   0: 0x0000000080004f7a (0x031a58bb) divuw   a7, s4, a7
core   0: 1 0x0000000080004f7a (0x031a58bb) x17 0xffffffffffffffff
core   0: 0x0000000080004f7e (0x006a2933) slt     s2, s4, t1
core   0: 1 0x0000000080004f7e (0x006a2933) x18 0x0000000000000001
core   0: 0x0000000080004f82 (0x00289133) sll     sp, a7, sp
core   0: 1 0x0000000080004f82 (0x00289133) x2  0xfffffffffffffff8
core   0: 0x0000000080004f86 (0x0019ed93) ori     s11, s3, 1
core   0: 1 0x0000000080004f86 (0x0019ed93) x27 0xffffffffffffffff
core   0: 0x0000000080004f8a (0x00000001) c.nop
core   0: 1 0x0000000080004f8a (0x0001)
core   0: 0x0000000080004f8c (0x0379debb) divuw   t4, s3, s7
core   0: 1 0x0000000080004f8c (0x0379debb) x29 0xffffffffffffffff
core   0: 0x0000000080004f90 (0x02671bb3) mulh    s7, a4, t1
core   0: 1 0x0000000080004f90 (0x02671bb3) x23 0x0000000000000000
core   0: 0x0000000080004f94 (0x035e5db3) divu    s11, t3, s5
core   0: 1 0x0000000080004f94 (0x035e5db3) x27 0x000000287feb9b7c
core   0: 0x0000000080004f98 (0x224e1853) fsgnjn.d fa6, ft8, ft4
core   0: 1 0x0000000080004f98 (0x224e1853) f16 0xffffffff7fc00000
core   0: 0x0000000080004f9c (0xf95b37b7) lui     a5, 0xf95b3
core   0: 1 0x0000000080004f9c (0xf95b37b7) x15 0xfffffffff95b3000
core   0: 0x0000000080004fa0 (0x8157879b) addiw   a5, a5, -2027
core   0: 1 0x0000000080004fa0 (0x8157879b) x15 0xfffffffff95b2815
core   0: 0x0000000080004fa4 (0x000007b2) c.slli  a5, 12
core   0: 1 0x0000000080004fa4 (0x07b2) x15 0xffffff95b2815000
core   0: 0x0000000080004fa6 (0x7ff78793) addi    a5, a5, 2047
core   0: 1 0x0000000080004fa6 (0x7ff78793) x15 0xffffff95b28157ff
core   0: 0x0000000080004faa (0x227e83d3) fsgnj.d ft7, ft9, ft7
core   0: 1 0x0000000080004faa (0x227e83d3) f7  0x7ff8000000000000
core   0: 0x0000000080004fae (0x03935ebb) divuw   t4, t1, s9
core   0: 1 0x0000000080004fae (0x03935ebb) x29 0x0000000004444444
core   0: 0x0000000080004fb2 (0x0b707bd3) fsub.d  fs7, ft0, fs7
core   0: 1 0x0000000080004fb2 (0x0b707bd3) f23 0x7ff8000000000000
core   0: 0x0000000080004fb6 (0x4198d8b3) sra     a7, a7, s9
core   0: 1 0x0000000080004fb6 (0x4198d8b3) x17 0xffffffffffffffff
core   0: 0x0000000080004fba (0x230591d3) fsgnjn.d ft3, fa1, fa6
core   0: 1 0x0000000080004fba (0x230591d3) f3  0x7fffffff7fc00000
core   0: 0x0000000080004fbe (0x00d504b3) add     s1, a0, a3
core   0: 1 0x0000000080004fbe (0x00d504b3) x9  0xfffffffffffffe63
core   0: 0x0000000080004fc2 (0x002d98f3) csrrw   a7, frm, s11
core   0: 1 0x0000000080004fc2 (0x002d98f3) x17 0x0000000000000000 c2_frm 0x0000000000000004
core   0: 0x0000000080004fc6 (0x00e3073b) addw    a4, t1, a4
core   0: 1 0x0000000080004fc6 (0x00e3073b) x14 0xfffffffffffffffe
core   0: 0x0000000080004fca (0x00008572) c.mv    a0, t3
core   0: 1 0x0000000080004fca (0x8572) x10 0xffffffffee9d3de4
core   0: 0x0000000080004fcc (0x40075813) srai    a6, a4, 0
core   0: 1 0x0000000080004fcc (0x40075813) x16 0xfffffffffffffffe
core   0: 0x0000000080004fd0 (0x4120d41b) sraiw   s0, ra, 18
core   0: 1 0x0000000080004fd0 (0x4120d41b) x8  0x0000000000000000
core   0: 0x0000000080004fd4 (0xc1c3c993) xori    s3, t2, -996
core   0: 1 0x0000000080004fd4 (0xc1c3c993) x19 0xfffffffffffffc1c
core   0: 0x0000000080004fd8 (0x02ecf753) fadd.d  fa4, fs9, fa4
core   0: 1 0x0000000080004fd8 (0x02ecf753) f14 0x7ff8000000000000
core   0: 0x0000000080004fdc (0x01a3d73b) srlw    a4, t2, s10
core   0: 1 0x0000000080004fdc (0x01a3d73b) x14 0x0000000000000000
core   0: 0x0000000080004fe0 (0x019d3c33) sltu    s8, s10, s9
core   0: 1 0x0000000080004fe0 (0x019d3c33) x24 0x0000000000000000
core   0: 0x0000000080004fe4 (0x0285d3b3) divu    t2, a1, s0
core   0: 1 0x0000000080004fe4 (0x0285d3b3) x7  0xffffffffffffffff
core   0: 0x0000000080004fe8 (0x00102b73) csrrs   s6, fflags, zero
core   0: 1 0x0000000080004fe8 (0x00102b73) x22 0x000000000000001f
core   0: 0x0000000080004fec (0x223f0dd3) fsgnj.d fs11, ft10, ft3
core   0: 1 0x0000000080004fec (0x223f0dd3) f27 0x7ff8000000000000
core   0: 0x0000000080004ff0 (0x0249a9b3) mulhsu  s3, s3, tp
core   0: 1 0x0000000080004ff0 (0x0249a9b3) x19 0xfffffffffffffc1c
core   0: 0x0000000080004ff4 (0xffdc14b7) lui     s1, 0xffdc1
core   0: 1 0x0000000080004ff4 (0xffdc14b7) x9  0xffffffffffdc1000
core   0: 0x0000000080004ff8 (0x8f74849b) addiw   s1, s1, -1801
core   0: 1 0x0000000080004ff8 (0x8f74849b) x9  0xffffffffffdc08f7
core   0: 0x0000000080004ffc (0x000004b6) c.slli  s1, 13
core   0: 1 0x0000000080004ffc (0x04b6) x9  0xfffffffb811ee000
core   0: 0x0000000080004ffe (0xf5148493) addi    s1, s1, -175
core   0: 1 0x0000000080004ffe (0xf5148493) x9  0xfffffffb811edf51
core   0: 0x0000000080005002 (0x127f70d3) fmul.d  ft1, ft10, ft7
core   0: 1 0x0000000080005002 (0x127f70d3) f1  0x7ff8000000000000
core   0: 0x0000000080005006 (0x01bdddb3) srl     s11, s11, s11
core   0: 1 0x0000000080005006 (0x01bdddb3) x27 0x0000000000000000
core   0: 0x000000008000500a (0x0009c213) xori    tp, s3, 0
core   0: 1 0x000000008000500a (0x0009c213) x4  0xfffffffffffffc1c
core   0: 0x000000008000500e (0x1bbcfc53) fdiv.d  fs8, fs9, fs11
core   0: 1 0x000000008000500e (0x1bbcfc53) f24 0x7ff8000000000000
core   0: 0x0000000080005012 (0x02bcb9b3) mulhu   s3, s9, a1
core   0: 1 0x0000000080005012 (0x02bcb9b3) x19 0x000000000000001d
core   0: 0x0000000080005016 (0x00000001) c.nop
core   0: 1 0x0000000080005016 (0x0001)
core   0: 0x0000000080005018 (0x42fc5713) srai    a4, s8, 47
core   0: 1 0x0000000080005018 (0x42fc5713) x14 0x0000000000000000
core   0: 0x000000008000501c (0x02ba623b) remw    tp, s4, a1
core   0: 1 0x000000008000501c (0x02ba623b) x4  0x0000000000000000
core   0: 0x0000000080005020 (0xc22e77d3) fcvt.l.d a5, ft8
core   0: 1 0x0000000080005020 (0xc22e77d3) c1_fflags 0x000000000000001f x15 0x7fffffffffffffff
core   0: 0x0000000080005024 (0x00102bf3) csrrs   s7, fflags, zero
core   0: 1 0x0000000080005024 (0x00102bf3) x23 0x000000000000001f
core   0: 0x0000000080005028 (0x02f789bb) mulw    s3, a5, a5
core   0: 1 0x0000000080005028 (0x02f789bb) x19 0x0000000000000001
core   0: 0x000000008000502c (0x025efebb) remuw   t4, t4, t0
core   0: 1 0x000000008000502c (0x025efebb) x29 0x0000000004444444
core   0: 0x0000000080005030 (0xc030f753) fcvt.lu.s a4, ft1
core   0: 1 0x0000000080005030 (0xc030f753) c1_fflags 0x000000000000001f x14 0xffffffffffffffff
core   0: 0x0000000080005034 (0x02dbdbbb) divuw   s7, s7, a3
core   0: 1 0x0000000080005034 (0x02dbdbbb) x23 0x0000000000000000
core   0: 0x0000000080005038 (0x0011983b) sllw    a6, gp, ra
core   0: 1 0x0000000080005038 (0x0011983b) x16 0x0000000000000000
core   0: 0x000000008000503c (0x001805bb) addw    a1, a6, ra
core   0: 1 0x000000008000503c (0x001805bb) x11 0x0000000000000000
core   0: 0x0000000080005040 (0x223f22d3) fsgnjx.d ft5, ft10, ft3
core   0: 1 0x0000000080005040 (0x223f22d3) f5  0x7ff8000000000000
core   0: 0x0000000080005044 (0x8008021b) addiw   tp, a6, -2048
core   0: 1 0x0000000080005044 (0x8008021b) x4  0xfffffffffffff800
core   0: 0x0000000080005048 (0xc227f253) fcvt.l.d tp, fa5
core   0: 1 0x0000000080005048 (0xc227f253) c1_fflags 0x000000000000001f x4  0x7fffffffffffffff
core   0: 0x000000008000504c (0xc22472d3) fcvt.l.d t0, fs0
core   0: 1 0x000000008000504c (0xc22472d3) c1_fflags 0x000000000000001f x5  0x7fffffffffffffff
core   0: 0x0000000080005050 (0x018280b3) add     ra, t0, s8
core   0: 1 0x0000000080005050 (0x018280b3) x1  0x7fffffffffffffff
core   0: 0x0000000080005054 (0x3d704013) xori    zero, zero, 983
core   0: 1 0x0000000080005054 (0x3d704013)
core   0: 0x0000000080005058 (0x00000001) c.nop
core   0: 1 0x0000000080005058 (0x0001)
core   0: 0x000000008000505a (0x2a5716d3) fmax.d  fa3, fa4, ft5
core   0: 1 0x000000008000505a (0x2a5716d3) f13 0x7ff8000000000000
core   0: 0x000000008000505e (0x02405eb3) divu    t4, zero, tp
core   0: 1 0x000000008000505e (0x02405eb3) x29 0x0000000000000000
core   0: 0x0000000080005062 (0x02da76b3) remu    a3, s4, a3
core   0: 1 0x0000000080005062 (0x02da76b3) x13 0x0000000000000000
core   0: 0x0000000080005066 (0x417455bb) sraw    a1, s0, s7
core   0: 1 0x0000000080005066 (0x417455bb) x11 0x0000000000000000
core   0: 0x000000008000506a (0xc21474d3) fcvt.wu.d s1, fs0
core   0: 1 0x000000008000506a (0xc21474d3) c1_fflags 0x000000000000001f x9  0xffffffffffffffff
core   0: 0x000000008000506e (0xf7230213) addi    tp, t1, -142
core   0: 1 0x000000008000506e (0xf7230213) x4  0x000000007fffff71
core   0: 0x0000000080005072 (0x404603bb) subw    t2, a2, tp
core   0: 1 0x0000000080005072 (0x404603bb) x7  0xffffffff8000008f
core   0: 0x0000000080005076 (0x00c25eb3) srl     t4, tp, a2
core   0: 1 0x0000000080005076 (0x00c25eb3) x29 0x000000007fffff71
core   0: 0x000000008000507a (0x039ee03b) remw    zero, t4, s9
core   0: 1 0x000000008000507a (0x039ee03b)
core   0: 0x000000008000507e (0x00102273) csrrs   tp, fflags, zero
core   0: 1 0x000000008000507e (0x00102273) x4  0x000000000000001f
core   0: 0x0000000080005082 (0xcba6f84f) fnmadd.d fa6, fa3, fs10, fs9
core   0: 1 0x0000000080005082 (0xcba6f84f) f16 0x7ff8000000000000
core   0: 0x0000000080005086 (0x03c2d033) divu    zero, t0, t3
core   0: 1 0x0000000080005086 (0x03c2d033)
core   0: 0x000000008000508a (0x03789733) mulh    a4, a7, s7
core   0: 1 0x000000008000508a (0x03789733) x14 0x0000000000000000
core   0: 0x000000008000508e (0xc45bb393) sltiu   t2, s7, -955
core   0: 1 0x000000008000508e (0xc45bb393) x7  0x0000000000000001
core   0: 0x0000000080005092 (0x13ad7053) fmul.d  ft0, fs10, fs10
core   0: 1 0x0000000080005092 (0x13ad7053) f0  0x7ff8000000000000
core   0: 0x0000000080005096 (0x00179d73) csrrw   s10, fflags, a5
core   0: 1 0x0000000080005096 (0x00179d73) x26 0x000000000000001f c1_fflags 0x000000000000001f
core   0: 0x000000008000509a (0x0167941b) slliw   s0, a5, 22
core   0: 1 0x000000008000509a (0x0167941b) x8  0xffffffffffc00000
core   0: 0x000000008000509e (0x031a8e33) mul     t3, s5, a7
core   0: 1 0x000000008000509e (0x031a8e33) x28 0x0000000000000000
core   0: 0x00000000800050a2 (0x00135313) srli    t1, t1, 1
core   0: 1 0x00000000800050a2 (0x00135313) x6  0x000000003fffffff
core   0: 0x00000000800050a6 (0x56c62017) auipc   zero, 0x56c62
core   0: 1 0x00000000800050a6 (0x56c62017)
core   0: 0x00000000800050aa (0xd028f2d3) fcvt.s.l ft5, a7
core   0: 1 0x00000000800050aa (0xd028f2d3) f5  0xffffffff00000000
core   0: 0x00000000800050ae (0x016a543b) srlw    s0, s4, s6
core   0: 1 0x00000000800050ae (0x016a543b) x8  0x0000000000000001
core   0: 0x00000000800050b2 (0x00102073) csrrs   zero, fflags, zero
core   0: 1 0x00000000800050b2 (0x00102073)
core   0: 0x00000000800050b6 (0x01d6d633) srl     a2, a3, t4
core   0: 1 0x00000000800050b6 (0x01d6d633) x12 0x0000000000000000
core   0: 0x00000000800050ba (0xc02bf553) fcvt.l.s a0, fs7
core   0: 1 0x00000000800050ba (0xc02bf553) c1_fflags 0x000000000000001f x10 0x7fffffffffffffff
core   0: 0x00000000800050be (0x00d5debb) srlw    t4, a1, a3
core   0: 1 0x00000000800050be (0x00d5debb) x29 0x0000000000000000
core   0: 0x00000000800050c2 (0x7ff28193) addi    gp, t0, 2047
core   0: 1 0x00000000800050c2 (0x7ff28193) x3  0x80000000000007fe
core   0: 0x00000000800050c6 (0x5a0b7bd3) fsqrt.d fs7, fs6
core   0: 1 0x00000000800050c6 (0x5a0b7bd3) f23 0x7ff8000000000000
core   0: 0x00000000800050ca (0x22d525d3) fsgnjx.d fa1, fa0, fa3
core   0: 1 0x00000000800050ca (0x22d525d3) f11 0x41e8055a1e600000
core   0: 0x00000000800050ce (0xc02a2bf3) csrrs   s7, instret, s4
core   0: exception trap_illegal_instruction, epc 0x00000000800050ce
core   0:           tval 0x00000000c02a2bf3
core   0: >>>>  $xrv64i2p1_m2p0_a2p1_f2p2_d2p2_zicsr2p0_zifencei2p0_zmmul1p0_zba1p0_zbb1p0_zbc1p0_zbs1p0
core   0: 0x0000000080004000 (0x0080006f) j       pc + 0x8
core   0: 3 0x0000000080004000 (0x0080006f)
core   0: >>>>  mmode_exception_handler
core   0: 0x0000000080004008 (0x00002c17) auipc   s8, 0x2
core   0: 3 0x0000000080004008 (0x00002c17) x24 0x0000000080006008
core   0: 0x000000008000400c (0x014c0c13) addi    s8, s8, 20
core   0: 3 0x000000008000400c (0x014c0c13) x24 0x000000008000601c
core   0: 0x0000000080004010 (0x000c00e7) jalr    s8
core   0: 3 0x0000000080004010 (0x000c00e7) x1  0x0000000080004014
core   0: >>>>  any_handler
core   0: 0x000000008000601c (0x341027f3) csrrs   a5, mepc, zero
core   0: 3 0x000000008000601c (0x341027f3) x15 0x00000000800050ce
core   0: 0x0000000080006020 (0x34202773) csrrs   a4, mcause, zero
core   0: 3 0x0000000080006020 (0x34202773) x14 0x0000000000000002
core   0: 0x0000000080006024 (0x142026f3) csrrs   a3, scause, zero
core   0: 3 0x0000000080006024 (0x142026f3) x13 0x0000000000000000
core   0: 0x0000000080006028 (0x30402673) csrrs   a2, mie, zero
core   0: 3 0x0000000080006028 (0x30402673) x12 0x0000000000000a00
core   0: 0x000000008000602c (0x344025f3) csrrs   a1, mip, zero
core   0: 3 0x000000008000602c (0x344025f3) x11 0x0000000000000080
core   0: 0x0000000080006030 (0x343025f3) csrrs   a1, mtval, zero
core   0: 3 0x0000000080006030 (0x343025f3) x11 0x00000000c02a2bf3
core   0: 0x0000000080006034 (0x14302573) csrrs   a0, stval, zero
core   0: 3 0x0000000080006034 (0x14302573) x10 0x0000000000000000
core   0: 0x0000000080006038 (0xb02024f3) csrrs   s1, minstret, zero
core   0: 3 0x0000000080006038 (0xb02024f3) x9  0x0000000000000d6e
core   0: 0x000000008000603c (0x0000a811) c.j     pc + 20
core   0: 3 0x000000008000603c (0xa811)
core   0: >>>>  mepc_4
core   0: 0x0000000080006050 (0x00000791) c.addi  a5, 4
core   0: 3 0x0000000080006050 (0x0791) x15 0x00000000800050d2
core   0: 0x0000000080006052 (0x34179073) csrrw   zero, mepc, a5
core   0: 3 0x0000000080006052 (0x34179073) c833_mepc 0x00000000800050d2
core   0: 0x0000000080006056 (0x30200073) mret
core   0: 3 0x0000000080006056 (0x30200073) c768_mstatus 0x8000000a00106080
core   0: 0x00000000800050d2 (0xc842069b) addiw   a3, tp, -892
core   0: 1 0x00000000800050d2 (0xc842069b) x13 0xfffffffffffffca3
core   0: 0x00000000800050d6 (0x036bf13b) remuw   sp, s7, s6
core   0: 1 0x00000000800050d6 (0x036bf13b) x2  0x0000000000000000
core   0: 0x00000000800050da (0x7ffee813) ori     a6, t4, 2047
core   0: 1 0x00000000800050da (0x7ffee813) x16 0x00000000000007ff
core   0: 0x00000000800050de (0x02410ebb) mulw    t4, sp, tp
core   0: 1 0x00000000800050de (0x02410ebb) x29 0x0000000000000000
core   0: 0x00000000800050e2 (0x03236bb3) rem     s7, t1, s2
core   0: 1 0x00000000800050e2 (0x03236bb3) x23 0x0000000000000000
core   0: 0x00000000800050e6 (0x018b4c33) xor     s8, s6, s8
core   0: 1 0x00000000800050e6 (0x018b4c33) x24 0x0000000080006003
core   0: 0x00000000800050ea (0x82c76813) ori     a6, a4, -2004
core   0: 1 0x00000000800050ea (0x82c76813) x16 0xfffffffffffff82e
core   0: 0x00000000800050ee (0x8f96c113) xori    sp, a3, -1799
core   0: 1 0x00000000800050ee (0x8f96c113) x2  0x000000000000045a
core   0: 0x00000000800050f2 (0x00279037) lui     zero, 0x279
core   0: 1 0x00000000800050f2 (0x00279037)
core   0: 0x00000000800050f6 (0x60f0001b) addiw   zero, zero, 1551
core   0: 1 0x00000000800050f6 (0x60f0001b)
core   0: 0x00000000800050fa (0x01101013) slli    zero, zero, 17
core   0: 1 0x00000000800050fa (0x01101013)
core   0: 0x00000000800050fe (0x1d900013) li      zero, 473
core   0: 1 0x00000000800050fe (0x1d900013)
core   0: 0x0000000080005102 (0x01d502b3) add     t0, a0, t4
core   0: 1 0x0000000080005102 (0x01d502b3) x5  0x0000000000000000
core   0: 0x0000000080005106 (0x00151bf3) csrrw   s7, fflags, a0
core   0: 1 0x0000000080005106 (0x00151bf3) x23 0x000000000000001f c1_fflags 0x0000000000000000
core   0: 0x000000008000510a (0x41398c3b) subw    s8, s3, s3
core   0: 1 0x000000008000510a (0x41398c3b) x24 0x0000000000000000
core   0: 0x000000008000510e (0xc0327ad3) fcvt.lu.s s5, ft4
core   0: 1 0x000000008000510e (0xc0327ad3) c1_fflags 0x0000000000000010 x21 0xffffffffffffffff
core   0: 0x0000000080005112 (0xd21381d3) fcvt.d.wu ft3, t2
core   0: 1 0x0000000080005112 (0xd21381d3) f3  0x3ff0000000000000
core   0: 0x0000000080005116 (0x7ff4c493) xori    s1, s1, 2047
core   0: 1 0x0000000080005116 (0x7ff4c493) x9  0x0000000000000a91
core   0: 0x000000008000511a (0x00295ebb) srlw    t4, s2, sp
core   0: 1 0x000000008000511a (0x00295ebb) x29 0x0000000000000000
core   0: 0x000000008000511e (0x02ec433b) divw    t1, s8, a4
core   0: 1 0x000000008000511e (0x02ec433b) x6  0x0000000000000000
core   0: 0x0000000080005122 (0x009216bb) sllw    a3, tp, s1
core   0: 1 0x0000000080005122 (0x009216bb) x13 0x00000000003e0000
core   0: 0x0000000080005126 (0xa3510b53) fle.d   s6, ft2, fs5
core   0: 1 0x0000000080005126 (0xa3510b53) c1_fflags 0x0000000000000010 x22 0x0000000000000000
core   0: 0x000000008000512a (0x232187d3) fsgnj.d fa5, ft3, fs2
core   0: 1 0x000000008000512a (0x232187d3) f15 0x3ff0000000000000
core   0: 0x000000008000512e (0x4017f353) fcvt.s.d ft6, fa5
core   0: 1 0x000000008000512e (0x4017f353) f6  0xffffffff3f800000
core   0: 0x0000000080005132 (0x231b8bd3) fsgnj.d fs7, fs7, fa7
core   0: 1 0x0000000080005132 (0x231b8bd3) f23 0x7ff8000000000000
core   0: 0x0000000080005136 (0x02eef9bb) remuw   s3, t4, a4
core   0: 1 0x0000000080005136 (0x02eef9bb) x19 0x0000000000000000
core   0: 0x000000008000513a (0x80010d1b) addiw   s10, sp, -2048
core   0: 1 0x000000008000513a (0x80010d1b) x26 0xfffffffffffffc5a
core   0: 0x000000008000513e (0xc05b6c93) ori     s9, s6, -1019
core   0: 1 0x000000008000513e (0xc05b6c93) x25 0xfffffffffffffc05
core   0: 0x0000000080005142 (0x02ecfbbb) remuw   s7, s9, a4
core   0: 1 0x0000000080005142 (0x02ecfbbb) x23 0x0000000000000001
core   0: 0x0000000080005146 (0x02deb033) mulhu   zero, t4, a3
core   0: 1 0x0000000080005146 (0x02deb033)
core   0: 0x000000008000514a (0x414a073b) subw    a4, s4, s4
core   0: 1 0x000000008000514a (0x414a073b) x14 0x0000000000000000
core   0: 0x000000008000514e (0x323896f3) csrrw   a3, mhpmevent3, a7
core   0: exception trap_illegal_instruction, epc 0x000000008000514e
core   0:           tval 0x00000000323896f3
core   0: >>>>  $xrv64i2p1_m2p0_a2p1_f2p2_d2p2_zicsr2p0_zifencei2p0_zmmul1p0_zba1p0_zbb1p0_zbc1p0_zbs1p0
core   0: 0x0000000080004000 (0x0080006f) j       pc + 0x8
core   0: 3 0x0000000080004000 (0x0080006f)
core   0: >>>>  mmode_exception_handler
core   0: 0x0000000080004008 (0x00002c17) auipc   s8, 0x2
core   0: 3 0x0000000080004008 (0x00002c17) x24 0x0000000080006008
core   0: 0x000000008000400c (0x014c0c13) addi    s8, s8, 20
core   0: 3 0x000000008000400c (0x014c0c13) x24 0x000000008000601c
core   0: 0x0000000080004010 (0x000c00e7) jalr    s8
core   0: 3 0x0000000080004010 (0x000c00e7) x1  0x0000000080004014
core   0: >>>>  any_handler
core   0: 0x000000008000601c (0x341027f3) csrrs   a5, mepc, zero
core   0: 3 0x000000008000601c (0x341027f3) x15 0x000000008000514e
core   0: 0x0000000080006020 (0x34202773) csrrs   a4, mcause, zero
core   0: 3 0x0000000080006020 (0x34202773) x14 0x0000000000000002
core   0: 0x0000000080006024 (0x142026f3) csrrs   a3, scause, zero
core   0: 3 0x0000000080006024 (0x142026f3) x13 0x0000000000000000
core   0: 0x0000000080006028 (0x30402673) csrrs   a2, mie, zero
core   0: 3 0x0000000080006028 (0x30402673) x12 0x0000000000000a00
core   0: 0x000000008000602c (0x344025f3) csrrs   a1, mip, zero
core   0: 3 0x000000008000602c (0x344025f3) x11 0x0000000000000080
core   0: 0x0000000080006030 (0x343025f3) csrrs   a1, mtval, zero
core   0: 3 0x0000000080006030 (0x343025f3) x11 0x00000000323896f3
core   0: 0x0000000080006034 (0x14302573) csrrs   a0, stval, zero
core   0: 3 0x0000000080006034 (0x14302573) x10 0x0000000000000000
core   0: 0x0000000080006038 (0xb02024f3) csrrs   s1, minstret, zero
core   0: 3 0x0000000080006038 (0xb02024f3) x9  0x0000000000000d9d
core   0: 0x000000008000603c (0x0000a811) c.j     pc + 20
core   0: 3 0x000000008000603c (0xa811)
core   0: >>>>  mepc_4
core   0: 0x0000000080006050 (0x00000791) c.addi  a5, 4
core   0: 3 0x0000000080006050 (0x0791) x15 0x0000000080005152
core   0: 0x0000000080006052 (0x34179073) csrrw   zero, mepc, a5
core   0: 3 0x0000000080006052 (0x34179073) c833_mepc 0x0000000080005152
core   0: 0x0000000080006056 (0x30200073) mret
core   0: 3 0x0000000080006056 (0x30200073) c768_mstatus 0x8000000a00106080
core   0: 0x0000000080005152 (0x4a624913) xori    s2, tp, 1190
core   0: 1 0x0000000080005152 (0x4a624913) x18 0x00000000000004b9
core   0: 0x0000000080005156 (0x4149da3b) sraw    s4, s3, s4
core   0: 1 0x0000000080005156 (0x4149da3b) x20 0x0000000000000000
core   0: 0x000000008000515a (0xdb4ee493) ori     s1, t4, -588
core   0: 1 0x000000008000515a (0xdb4ee493) x9  0xfffffffffffffdb4
core   0: 0x000000008000515e (0x1b7e7747) fmsub.d fa4, ft8, fs7, ft3
core   0: 1 0x000000008000515e (0x1b7e7747) f14 0x7ff8000000000000
core   0: 0x0000000080005162 (0x2b7e14d3) fmax.d  fs1, ft8, fs7
core   0: 1 0x0000000080005162 (0x2b7e14d3) f9  0x7ff8000000000000
core   0: 0x0000000080005166 (0x016cd53b) srlw    a0, s9, s6
core   0: 1 0x0000000080005166 (0x016cd53b) x10 0xfffffffffffffc05
core   0: 0x000000008000516a (0xc20e7c53) fcvt.w.d s8, ft8
core   0: 1 0x000000008000516a (0xc20e7c53) c1_fflags 0x0000000000000010 x24 0x000000007fffffff
core   0: 0x000000008000516e (0x01fcd51b) srliw   a0, s9, 31
core   0: 1 0x000000008000516e (0x01fcd51b) x10 0x0000000000000001
core   0: 0x0000000080005172 (0x22e48d53) fsgnj.d fs10, fs1, fa4
core   0: 1 0x0000000080005172 (0x22e48d53) f26 0x7ff8000000000000
core   0: 0x0000000080005176 (0xf20c8ad3) fmv.d.x fs5, s9
core   0: 1 0x0000000080005176 (0xf20c8ad3) f21 0xfffffffffffffc05
core   0: 0x000000008000517a (0x003adc33) srl     s8, s5, gp
core   0: 1 0x000000008000517a (0x003adc33) x24 0x0000000000000003
core   0: 0x000000008000517e (0x0081033b) addw    t1, sp, s0
core   0: 1 0x000000008000517e (0x0081033b) x6  0x000000000000045b
core   0: 0x0000000080005182 (0x01c30433) add     s0, t1, t3
core   0: 1 0x0000000080005182 (0x01c30433) x8  0x000000000000045b
core   0: 0x0000000080005186 (0x42010153) fcvt.d.s ft2, ft2
core   0: 1 0x0000000080005186 (0x42010153) f2  0x7ff8000000000000
core   0: 0x000000008000518a (0x00191cf3) csrrw   s9, fflags, s2
core   0: 1 0x000000008000518a (0x00191cf3) x25 0x0000000000000010 c1_fflags 0x0000000000000019
core   0: 0x000000008000518e (0x039bd533) divu    a0, s7, s9
core   0: 1 0x000000008000518e (0x039bd533) x10 0x0000000000000000
core   0: 0x0000000080005192 (0x00000001) c.nop
core   0: 1 0x0000000080005192 (0x0001)
core   0: 0x0000000080005194 (0x12e176d3) fmul.d  fa3, ft2, fa4
core   0: 1 0x0000000080005194 (0x12e176d3) f13 0x7ff8000000000000
core   0: 0x0000000080005198 (0x0170fbb3) and     s7, ra, s7
core   0: 1 0x0000000080005198 (0x0170fbb3) x23 0x0000000000000000
core   0: 0x000000008000519c (0x09560313) addi    t1, a2, 149
core   0: 1 0x000000008000519c (0x09560313) x6  0x0000000000000a95
core   0: 0x00000000800051a0 (0x026b8233) mul     tp, s7, t1
core   0: 1 0x00000000800051a0 (0x026b8233) x4  0x0000000000000000
core   0: 0x00000000800051a4 (0xcd39fc37) lui     s8, 0xcd39f
core   0: 1 0x00000000800051a4 (0xcd39fc37) x24 0xffffffffcd39f000
core   0: 0x00000000800051a8 (0x3af3fd47) fmsub.d fs10, ft7, fa5, ft7
core   0: 1 0x00000000800051a8 (0x3af3fd47) f26 0x7ff8000000000000
core   0: 0x00000000800051ac (0xe20104d3) fmv.x.d s1, ft2
core   0: 1 0x00000000800051ac (0xe20104d3) x9  0x7ff8000000000000
core   0: 0x00000000800051b0 (0x01d4c633) xor     a2, s1, t4
core   0: 1 0x00000000800051b0 (0x01d4c633) x12 0x7ff8000000000000
core   0: 0x00000000800051b4 (0x00c18dbb) addw    s11, gp, a2
core   0: 1 0x00000000800051b4 (0x00c18dbb) x27 0x00000000000007fe
core   0: 0x00000000800051b8 (0xc02d76d3) fcvt.l.s a3, fs10
core   0: 1 0x00000000800051b8 (0xc02d76d3) c1_fflags 0x0000000000000019 x13 0x7fffffffffffffff
core   0: 0x00000000800051bc (0x00ddd9bb) srlw    s3, s11, a3
core   0: 1 0x00000000800051bc (0x00ddd9bb) x19 0x0000000000000000
core   0: 0x00000000800051c0 (0x039cee3b) remw    t3, s9, s9
core   0: 1 0x00000000800051c0 (0x039cee3b) x28 0x0000000000000000
core   0: 0x00000000800051c4 (0x42060653) fcvt.d.s fa2, fa2
core   0: 1 0x00000000800051c4 (0x42060653) f12 0x7ff8000000000000
core   0: 0x00000000800051c8 (0x42078253) fcvt.d.s ft4, fa5
core   0: 1 0x00000000800051c8 (0x42078253) f4  0x7ff8000000000000
core   0: 0x00000000800051cc (0xe36b76c7) fmsub.d fa3, fs6, fs6, ft8
core   0: 1 0x00000000800051cc (0xe36b76c7) f13 0x7ff8000000000000
core   0: 0x00000000800051d0 (0x0b4efe53) fsub.d  ft8, ft9, fs4
core   0: 1 0x00000000800051d0 (0x0b4efe53) f28 0x7ff8000000000000
core   0: 0x00000000800051d4 (0xc21cf2d3) fcvt.wu.d t0, fs9
core   0: 1 0x00000000800051d4 (0xc21cf2d3) c1_fflags 0x0000000000000019 x5  0xffffffffffffffff
core   0: 0x00000000800051d8 (0x01630733) add     a4, t1, s6
core   0: 1 0x00000000800051d8 (0x01630733) x14 0x0000000000000a95
core   0: 0x00000000800051dc (0xc20a7953) fcvt.w.d s2, fs4
core   0: 1 0x00000000800051dc (0xc20a7953) c1_fflags 0x0000000000000019 x18 0x000000007fffffff
core   0: 0x00000000800051e0 (0x00b995bb) sllw    a1, s3, a1
core   0: 1 0x00000000800051e0 (0x00b995bb) x11 0x0000000000000000
core   0: 0x00000000800051e4 (0x0318e933) rem     s2, a7, a7
core   0: 1 0x00000000800051e4 (0x0318e933) x18 0x0000000000000000
core   0: 0x00000000800051e8 (0x00102d73) csrrs   s10, fflags, zero
core   0: 1 0x00000000800051e8 (0x00102d73) x26 0x0000000000000019
core   0: 0x00000000800051ec (0x13cb7153) fmul.d  ft2, fs6, ft8
core   0: 1 0x00000000800051ec (0x13cb7153) f2  0x7ff8000000000000
core   0: 0x00000000800051f0 (0xd2178553) fcvt.d.wu fa0, a5
core   0: 1 0x00000000800051f0 (0xd2178553) f10 0x41e0000a2a400000
core   0: 0x00000000800051f4 (0xc23cf053) fcvt.lu.d zero, fs9
core   0: 1 0x00000000800051f4 (0xc23cf053) c1_fflags 0x0000000000000019
core   0: 0x00000000800051f8 (0x415004bb) subw    s1, zero, s5
core   0: 1 0x00000000800051f8 (0x415004bb) x9  0x0000000000000001
core   0: 0x00000000800051fc (0x002497f3) csrrw   a5, frm, s1
core   0: 1 0x00000000800051fc (0x002497f3) x15 0x0000000000000004 c2_frm 0x0000000000000001
core   0: 0x0000000080005200 (0x001029f3) csrrs   s3, fflags, zero
core   0: 1 0x0000000080005200 (0x001029f3) x19 0x0000000000000019
core   0: 0x0000000080005204 (0xc2057bd3) fcvt.w.d s7, fa0
core   0: 1 0x0000000080005204 (0xc2057bd3) c1_fflags 0x0000000000000019 x23 0x000000007fffffff
core   0: 0x0000000080005208 (0x00109bf3) csrrw   s7, fflags, ra
core   0: 1 0x0000000080005208 (0x00109bf3) x23 0x0000000000000019 c1_fflags 0x0000000000000014
core   0: 0x000000008000520c (0x00bba6b3) slt     a3, s7, a1
core   0: 1 0x000000008000520c (0x00bba6b3) x13 0x0000000000000000
core   0: 0x0000000080005210 (0x00b5d1b3) srl     gp, a1, a1
core   0: 1 0x0000000080005210 (0x00b5d1b3) x3  0x0000000000000000
core   0: 0x0000000080005214 (0x005e48b3) xor     a7, t3, t0
core   0: 1 0x0000000080005214 (0x005e48b3) x17 0xffffffffffffffff
core   0: 0x0000000080005218 (0x0325e93b) remw    s2, a1, s2
core   0: 1 0x0000000080005218 (0x0325e93b) x18 0x0000000000000000
core   0: 0x000000008000521c (0x23c01a53) fsgnjn.d fs4, ft0, ft8
core   0: 1 0x000000008000521c (0x23c01a53) f20 0xfff8000000000000
core   0: 0x0000000080005220 (0x7c112c97) auipc   s9, 0x7c112
core   0: 1 0x0000000080005220 (0x7c112c97) x25 0x00000000fc117220
core   0: 0x0000000080005224 (0x02094e33) div     t3, s2, zero
core   0: 1 0x0000000080005224 (0x02094e33) x28 0xffffffffffffffff
core   0: 0x0000000080005228 (0x41c0d1bb) sraw    gp, ra, t3
core   0: 1 0x0000000080005228 (0x41c0d1bb) x3  0xffffffffffffffff
core   0: 0x000000008000522c (0x00000001) c.nop
core   0: 1 0x000000008000522c (0x0001)
core   0: 0x000000008000522e (0x4071d33b) sraw    t1, gp, t2
core   0: 1 0x000000008000522e (0x4071d33b) x6  0xffffffffffffffff
core   0: 0x0000000080005232 (0x00a81833) sll     a6, a6, a0
core   0: 1 0x0000000080005232 (0x00a81833) x16 0xfffffffffffff82e
core   0: 0x0000000080005236 (0x00002e85) c.addiw t4, 1
core   0: 1 0x0000000080005236 (0x2e85) x29 0x0000000000000001
core   0: 0x0000000080005238 (0x00fa2a33) slt     s4, s4, a5
core   0: 1 0x0000000080005238 (0x00fa2a33) x20 0x0000000000000001
core   0: 0x000000008000523c (0x0367a6b3) mulhsu  a3, a5, s6
core   0: 1 0x000000008000523c (0x0367a6b3) x13 0x0000000000000000
core   0: 0x0000000080005240 (0xeb28fd37) lui     s10, 0xeb28f
core   0: 1 0x0000000080005240 (0xeb28fd37) x26 0xffffffffeb28f000
core   0: 0x0000000080005244 (0x008ad69b) srliw   a3, s5, 8
core   0: 1 0x0000000080005244 (0x008ad69b) x13 0x0000000000ffffff
core   0: 0x0000000080005248 (0x2d868e9b) addiw   t4, a3, 728
core   0: 1 0x0000000080005248 (0x2d868e9b) x29 0x00000000010002d7
core   0: 0x000000008000524c (0x4056d7b3) sra     a5, a3, t0
core   0: 1 0x000000008000524c (0x4056d7b3) x15 0x0000000000000000
core   0: 0x0000000080005250 (0x0019e413) ori     s0, s3, 1
core   0: 1 0x0000000080005250 (0x0019e413) x8  0x0000000000000019
core   0: 0x0000000080005254 (0x03d9d63b) divuw   a2, s3, t4
core   0: 1 0x0000000080005254 (0x03d9d63b) x12 0x0000000000000000
core   0: 0x0000000080005258 (0x00102573) csrrs   a0, fflags, zero
core   0: 1 0x0000000080005258 (0x00102573) x10 0x0000000000000014
core   0: 0x000000008000525c (0xc028fd53) fcvt.l.s s10, fa7
core   0: 1 0x000000008000525c (0xc028fd53) c1_fflags 0x0000000000000014 x26 0x7fffffffffffffff
core   0: 0x0000000080005260 (0x0289f9b3) remu    s3, s3, s0
core   0: 1 0x0000000080005260 (0x0289f9b3) x19 0x0000000000000000
core   0: 0x0000000080005264 (0xc2277a53) fcvt.l.d s4, fa4
core   0: 1 0x0000000080005264 (0xc2277a53) c1_fflags 0x0000000000000014 x20 0x7fffffffffffffff
core   0: 0x0000000080005268 (0x0339fbbb) remuw   s7, s3, s3
core   0: 1 0x0000000080005268 (0x0339fbbb) x23 0x0000000000000000
core   0: 0x000000008000526c (0x106a1073) csrrw   zero, scounteren, s4
core   0: 1 0x000000008000526c (0x106a1073) c262_scounteren 0x0000000000000000
core   0: 0x0000000080005270 (0x2bc892d3) fmax.d  ft5, fa7, ft8
core   0: 1 0x0000000080005270 (0x2bc892d3) f5  0x000000000fff8000
core   0: 0x0000000080005274 (0x406703bb) subw    t2, a4, t1
core   0: 1 0x0000000080005274 (0x406703bb) x7  0x0000000000000a96
core   0: 0x0000000080005278 (0xd20e0353) fcvt.d.w ft6, t3
core   0: 1 0x0000000080005278 (0xd20e0353) f6  0xbff0000000000000
core   0: 0x000000008000527c (0x02d18e33) mul     t3, gp, a3
core   0: 1 0x000000008000527c (0x02d18e33) x28 0xffffffffff000001
core   0: 0x0000000080005280 (0x001d83b3) add     t2, s11, ra
core   0: 1 0x0000000080005280 (0x001d83b3) x7  0x0000000080004812
core   0: 0x0000000080005284 (0x0ab1f0d3) fsub.d  ft1, ft3, fa1
core   0: 1 0x0000000080005284 (0x0ab1f0d3) f1  0xc1e8055a1e400000
core   0: 0x0000000080005288 (0xd22dfd53) fcvt.d.l fs10, s11
core   0: 1 0x0000000080005288 (0xd22dfd53) f26 0x409ff80000000000
core   0: 0x000000008000528c (0x008d80b3) add     ra, s11, s0
core   0: 1 0x000000008000528c (0x008d80b3) x1  0x0000000000000817
core   0: 0x0000000080005290 (0x02ee9ab3) mulh    s5, t4, a4
core   0: 1 0x0000000080005290 (0x02ee9ab3) x21 0x0000000000000000
core   0: 0x0000000080005294 (0x00000001) c.nop
core   0: 1 0x0000000080005294 (0x0001)
core   0: 0x0000000080005296 (0x031448bb) divw    a7, s0, a7
core   0: 1 0x0000000080005296 (0x031448bb) x17 0xffffffffffffffe7
core   0: 0x000000008000529a (0x022157bb) divuw   a5, sp, sp
core   0: 1 0x000000008000529a (0x022157bb) x15 0x0000000000000001
core   0: 0x000000008000529e (0xd2168dd3) fcvt.d.wu fs11, a3
core   0: 1 0x000000008000529e (0xd2168dd3) f27 0x416fffffe0000000
core   0: 0x00000000800052a2 (0xd237f3d3) fcvt.d.lu ft7, a5
core   0: 1 0x00000000800052a2 (0xd237f3d3) f7  0x3ff0000000000000
core   0: 0x00000000800052a6 (0x43485313) srai    t1, a6, 52
core   0: 1 0x00000000800052a6 (0x43485313) x6  0xffffffffffffffff
core   0: 0x00000000800052aa (0xc21d7653) fcvt.wu.d a2, fs10
core   0: 1 0x00000000800052aa (0xc21d7653) x12 0x00000000000007fe
core   0: 0x00000000800052ae (0x99d64c13) xori    s8, a2, -1635
core   0: 1 0x00000000800052ae (0x99d64c13) x24 0xfffffffffffffe63
core   0: 0x00000000800052b2 (0x341a6a13) ori     s4, s4, 833
core   0: 1 0x00000000800052b2 (0x341a6a13) x20 0x7fffffffffffffff
core   0: 0x00000000800052b6 (0x1badf8d3) fdiv.d  fa7, fs11, fs10
core   0: 1 0x00000000800052b6 (0x1badf8d3) c1_fflags 0x0000000000000015 f17 0x40c00400f03c0f03
core   0: 0x00000000800052ba (0x8be4f747) fmsub.d fa4, fs1, ft10, fa7
core   0: 1 0x00000000800052ba (0x8be4f747) f14 0x7ff8000000000000
core   0: 0x00000000800052be (0x02d2b2b3) mulhu   t0, t0, a3
core   0: 1 0x00000000800052be (0x02d2b2b3) x5  0x0000000000fffffe
core   0: 0x00000000800052c2 (0x034059bb) divuw   s3, zero, s4
core   0: 1 0x00000000800052c2 (0x034059bb) x19 0x0000000000000000
core   0: 0x00000000800052c6 (0x7ca2881b) addiw   a6, t0, 1994
core   0: 1 0x00000000800052c6 (0x7ca2881b) x16 0x00000000010007c8
core   0: 0x00000000800052ca (0x0390c93b) divw    s2, ra, s9
core   0: 1 0x00000000800052ca (0x0390c93b) x18 0x0000000000000000
core   0: 0x00000000800052ce (0x0127043b) addw    s0, a4, s2
core   0: 1 0x00000000800052ce (0x0127043b) x8  0x0000000000000a95
core   0: 0x00000000800052d2 (0x00c72e33) slt     t3, a4, a2
core   0: 1 0x00000000800052d2 (0x00c72e33) x28 0x0000000000000000
core   0: 0x00000000800052d6 (0x00102df3) csrrs   s11, fflags, zero
core   0: 1 0x00000000800052d6 (0x00102df3) x27 0x0000000000000015
core   0: 0x00000000800052da (0x03b7f3bb) remuw   t2, a5, s11
core   0: 1 0x00000000800052da (0x03b7f3bb) x7  0x0000000000000001
core   0: 0x00000000800052de (0xc21778d3) fcvt.wu.d a7, fa4
core   0: 1 0x00000000800052de (0xc21778d3) c1_fflags 0x0000000000000015 x17 0xffffffffffffffff
core   0: 0x00000000800052e2 (0x2b981dd3) fmax.d  fs11, fa6, fs9
core   0: 1 0x00000000800052e2 (0x2b981dd3) f27 0x7ff8000000000000
core   0: 0x00000000800052e6 (0x032e723b) remuw   tp, t3, s2
core   0: 1 0x00000000800052e6 (0x032e723b) x4  0x0000000000000000
core   0: 0x00000000800052ea (0x01795ebb) srlw    t4, s2, s7
core   0: 1 0x00000000800052ea (0x01795ebb) x29 0x0000000000000000
core   0: 0x00000000800052ee (0x016455b3) srl     a1, s0, s6
core   0: 1 0x00000000800052ee (0x016455b3) x11 0x0000000000000a95
core   0: 0x00000000800052f2 (0xd03b71d3) fcvt.s.lu ft3, s6
core   0: 1 0x00000000800052f2 (0xd03b71d3) f3  0xffffffff00000000
core   0: 0x00000000800052f6 (0xd025f853) fcvt.s.l fa6, a1
core   0: 1 0x00000000800052f6 (0xd025f853) f16 0xffffffff45295000
core   0: 0x00000000800052fa (0x41ded6bb) sraw    a3, t4, t4
core   0: 1 0x00000000800052fa (0x41ded6bb) x13 0x0000000000000000
core   0: 0x00000000800052fe (0x00169a9b) slliw   s5, a3, 1
core   0: 1 0x00000000800052fe (0x00169a9b) x21 0x0000000000000000
core   0: 0x0000000080005302 (0x026af5bb) remuw   a1, s5, t1
core   0: 1 0x0000000080005302 (0x026af5bb) x11 0x0000000000000000
core   0: 0x0000000080005306 (0x42018253) fcvt.d.s ft4, ft3
core   0: 1 0x0000000080005306 (0x42018253) f4  0x0000000000000000
core   0: 0x000000008000530a (0x00dad5b3) srl     a1, s5, a3
core   0: 1 0x000000008000530a (0x00dad5b3) x11 0x0000000000000000
core   0: 0x000000008000530e (0xc2047ed3) fcvt.w.d t4, fs0
core   0: 1 0x000000008000530e (0xc2047ed3) c1_fflags 0x0000000000000015 x29 0x000000007fffffff
core   0: 0x0000000080005312 (0x23bd1ad3) fsgnjn.d fs5, fs10, fs11
core   0: 1 0x0000000080005312 (0x23bd1ad3) f21 0xc09ff80000000000
core   0: 0x0000000080005316 (0x4b48ff4b) fnmsub.d ft10, fa7, fs4, fs1
core   0: 1 0x0000000080005316 (0x4b48ff4b) f30 0x7ff8000000000000
core   0: 0x000000008000531a (0xd03ef4d3) fcvt.s.lu fs1, t4
core   0: 1 0x000000008000531a (0xd03ef4d3) c1_fflags 0x0000000000000015 f9  0xffffffff4effffff
core   0: 0x000000008000531e (0x2b5d1253) fmax.d  ft4, fs10, fs5
core   0: 1 0x000000008000531e (0x2b5d1253) f4  0x409ff80000000000
core   0: 0x0000000080005322 (0x2a9b8953) fmin.d  fs2, fs7, fs1
core   0: 1 0x0000000080005322 (0x2a9b8953) f18 0x7ff8000000000000
core   0: 0x0000000080005326 (0x00eaf4b3) and     s1, s5, a4
core   0: 1 0x0000000080005326 (0x00eaf4b3) x9  0x0000000000000000
core   0: 0x000000008000532a (0x0252cbbb) divw    s7, t0, t0
core   0: 1 0x000000008000532a (0x0252cbbb) x23 0x0000000000000001
core   0: 0x000000008000532e (0x038e5893) srli    a7, t3, 56
core   0: 1 0x000000008000532e (0x038e5893) x17 0x0000000000000000
core   0: 0x0000000080005332 (0xeb59744f) fnmadd.d fs0, fs2, fs5, ft9
core   0: 1 0x0000000080005332 (0xeb59744f) f8  0x7ff8000000000000
core   0: 0x0000000080005336 (0x02d41a33) mulh    s4, s0, a3
core   0: 1 0x0000000080005336 (0x02d41a33) x20 0x0000000000000000
core   0: 0x000000008000533a (0x420d0b53) fcvt.d.s fs6, fs10
core   0: 1 0x000000008000533a (0x420d0b53) f22 0x7ff8000000000000
core   0: 0x000000008000533e (0x3067f573) csrrci  a0, mcounteren, 15
core   0: exception trap_illegal_instruction, epc 0x000000008000533e
core   0:           tval 0x000000003067f573
core   0: >>>>  $xrv64i2p1_m2p0_a2p1_f2p2_d2p2_zicsr2p0_zifencei2p0_zmmul1p0_zba1p0_zbb1p0_zbc1p0_zbs1p0
core   0: 0x0000000080004000 (0x0080006f) j       pc + 0x8
core   0: 3 0x0000000080004000 (0x0080006f)
core   0: >>>>  mmode_exception_handler
core   0: 0x0000000080004008 (0x00002c17) auipc   s8, 0x2
core   0: 3 0x0000000080004008 (0x00002c17) x24 0x0000000080006008
core   0: 0x000000008000400c (0x014c0c13) addi    s8, s8, 20
core   0: 3 0x000000008000400c (0x014c0c13) x24 0x000000008000601c
core   0: 0x0000000080004010 (0x000c00e7) jalr    s8
core   0: 3 0x0000000080004010 (0x000c00e7) x1  0x0000000080004014
core   0: >>>>  any_handler
core   0: 0x000000008000601c (0x341027f3) csrrs   a5, mepc, zero
core   0: 3 0x000000008000601c (0x341027f3) x15 0x000000008000533e
core   0: 0x0000000080006020 (0x34202773) csrrs   a4, mcause, zero
core   0: 3 0x0000000080006020 (0x34202773) x14 0x0000000000000002
core   0: 0x0000000080006024 (0x142026f3) csrrs   a3, scause, zero
core   0: 3 0x0000000080006024 (0x142026f3) x13 0x0000000000000000
core   0: 0x0000000080006028 (0x30402673) csrrs   a2, mie, zero
core   0: 3 0x0000000080006028 (0x30402673) x12 0x0000000000000a00
core   0: 0x000000008000602c (0x344025f3) csrrs   a1, mip, zero
core   0: 3 0x000000008000602c (0x344025f3) x11 0x0000000000000080
core   0: 0x0000000080006030 (0x343025f3) csrrs   a1, mtval, zero
core   0: 3 0x0000000080006030 (0x343025f3) x11 0x000000003067f573
core   0: 0x0000000080006034 (0x14302573) csrrs   a0, stval, zero
core   0: 3 0x0000000080006034 (0x14302573) x10 0x0000000000000000
core   0: 0x0000000080006038 (0xb02024f3) csrrs   s1, minstret, zero
core   0: 3 0x0000000080006038 (0xb02024f3) x9  0x0000000000000e2a
core   0: 0x000000008000603c (0x0000a811) c.j     pc + 20
core   0: 3 0x000000008000603c (0xa811)
core   0: >>>>  mepc_4
core   0: 0x0000000080006050 (0x00000791) c.addi  a5, 4
core   0: 3 0x0000000080006050 (0x0791) x15 0x0000000080005342
core   0: 0x0000000080006052 (0x34179073) csrrw   zero, mepc, a5
core   0: 3 0x0000000080006052 (0x34179073) c833_mepc 0x0000000080005342
core   0: 0x0000000080006056 (0x30200073) mret
core   0: 3 0x0000000080006056 (0x30200073) c768_mstatus 0x8000000a00106080
core   0: 0x0000000080005342 (0x01fd561b) srliw   a2, s10, 31
core   0: 1 0x0000000080005342 (0x01fd561b) x12 0x0000000000000001
core   0: 0x0000000080005346 (0x001b579b) srliw   a5, s6, 1
core   0: 1 0x0000000080005346 (0x001b579b) x15 0x0000000000000000
core   0: 0x000000008000534a (0x0239a233) mulhsu  tp, s3, gp
core   0: 1 0x000000008000534a (0x0239a233) x4  0x0000000000000000
core   0: 0x000000008000534e (0x00c1db93) srli    s7, gp, 12
core   0: 1 0x000000008000534e (0x00c1db93) x23 0x000fffffffffffff
core   0: 0x0000000080005352 (0x02a11a13) slli    s4, sp, 42
core   0: 1 0x0000000080005352 (0x02a11a13) x20 0x0011680000000000
core   0: 0x0000000080005356 (0x01011633) sll     a2, sp, a6
core   0: 1 0x0000000080005356 (0x01011633) x12 0x0000000000045a00
core   0: 0x000000008000535a (0x00c25bbb) srlw    s7, tp, a2
core   0: 1 0x000000008000535a (0x00c25bbb) x23 0x0000000000000000
core   0: 0x000000008000535e (0xb3a4724b) fnmsub.d ft4, fs0, fs10, fs6
core   0: 1 0x000000008000535e (0xb3a4724b) f4  0x7ff8000000000000
core   0: 0x0000000080005362 (0x008404bb) addw    s1, s0, s0
core   0: 1 0x0000000080005362 (0x008404bb) x9  0x000000000000152a
core   0: 0x0000000080005366 (0x0035ce37) lui     t3, 0x35c
core   0: 1 0x0000000080005366 (0x0035ce37) x28 0x000000000035c000
core   0: 0x000000008000536a (0xd13e0e1b) addiw   t3, t3, -749
core   0: 1 0x000000008000536a (0xd13e0e1b) x28 0x000000000035bd13
core   0: 0x000000008000536e (0x00000e3a) c.slli  t3, 14
core   0: 1 0x000000008000536e (0x0e3a) x28 0x0000000d6f44c000
core   0: 0x0000000080005370 (0x652e0e13) addi    t3, t3, 1618
core   0: 1 0x0000000080005370 (0x652e0e13) x28 0x0000000d6f44c652
core   0: 0x0000000080005374 (0xd2038ed3) fcvt.d.w ft9, t2
core   0: 1 0x0000000080005374 (0xd2038ed3) f29 0x3ff0000000000000
core   0: 0x0000000080005378 (0x00119bf3) csrrw   s7, fflags, gp
core   0: 1 0x0000000080005378 (0x00119bf3) x23 0x0000000000000015 c1_fflags 0x000000000000001f
core   0: 0x000000008000537c (0x402bdd33) sra     s10, s7, sp
core   0: 1 0x000000008000537c (0x402bdd33) x26 0x0000000000000000
core   0: 0x0000000080005380 (0xf4d38e17) auipc   t3, 0xf4d38
core   0: 1 0x0000000080005380 (0xf4d38e17) x28 0x0000000074d3d380
core   0: 0x0000000080005384 (0xd02d7e53) fcvt.s.l ft8, s10
core   0: 1 0x0000000080005384 (0xd02d7e53) f28 0xffffffff00000000
core   0: 0x0000000080005388 (0x001834b7) lui     s1, 0x183
core   0: 1 0x0000000080005388 (0x001834b7) x9  0x0000000000183000
core   0: 0x000000008000538c (0xa014849b) addiw   s1, s1, -1535
core   0: 1 0x000000008000538c (0xa014849b) x9  0x0000000000182a01
core   0: 0x0000000080005390 (0x000004c6) c.slli  s1, 17
core   0: 1 0x0000000080005390 (0x04c6) x9  0x0000003054020000
core   0: 0x0000000080005392 (0x9ca48493) addi    s1, s1, -1590
core   0: 1 0x0000000080005392 (0x9ca48493) x9  0x000000305401f9ca
core   0: 0x0000000080005396 (0x00f8c8b3) xor     a7, a7, a5
core   0: 1 0x0000000080005396 (0x00f8c8b3) x17 0x0000000000000000
core   0: 0x000000008000539a (0xd234f553) fcvt.d.lu fa0, s1
core   0: 1 0x000000008000539a (0xd234f553) f10 0x42482a00fce50000
core   0: 0x000000008000539e (0xd21e05d3) fcvt.d.wu fa1, t3
core   0: 1 0x000000008000539e (0xd21e05d3) f11 0x41dd34f4e0000000
core   0: 0x00000000800053a2 (0x5a0cfe53) fsqrt.d ft8, fs9
core   0: 1 0x00000000800053a2 (0x5a0cfe53) f28 0x7ff8000000000000
core   0: 0x00000000800053a6 (0x015cecb3) or      s9, s9, s5
core   0: 1 0x00000000800053a6 (0x015cecb3) x25 0x00000000fc117220
core   0: 0x00000000800053aa (0x00305bb3) srl     s7, zero, gp
core   0: 1 0x00000000800053aa (0x00305bb3) x23 0x0000000000000000
core   0: 0x00000000800053ae (0xf11afdf3) csrrci  s11, mvendorid, 21
core   0: exception trap_illegal_instruction, epc 0x00000000800053ae
core   0:           tval 0x00000000f11afdf3
core   0: >>>>  $xrv64i2p1_m2p0_a2p1_f2p2_d2p2_zicsr2p0_zifencei2p0_zmmul1p0_zba1p0_zbb1p0_zbc1p0_zbs1p0
core   0: 0x0000000080004000 (0x0080006f) j       pc + 0x8
core   0: 3 0x0000000080004000 (0x0080006f)
core   0: >>>>  mmode_exception_handler
core   0: 0x0000000080004008 (0x00002c17) auipc   s8, 0x2
core   0: 3 0x0000000080004008 (0x00002c17) x24 0x0000000080006008
core   0: 0x000000008000400c (0x014c0c13) addi    s8, s8, 20
core   0: 3 0x000000008000400c (0x014c0c13) x24 0x000000008000601c
core   0: 0x0000000080004010 (0x000c00e7) jalr    s8
core   0: 3 0x0000000080004010 (0x000c00e7) x1  0x0000000080004014
core   0: >>>>  any_handler
core   0: 0x000000008000601c (0x341027f3) csrrs   a5, mepc, zero
core   0: 3 0x000000008000601c (0x341027f3) x15 0x00000000800053ae
core   0: 0x0000000080006020 (0x34202773) csrrs   a4, mcause, zero
core   0: 3 0x0000000080006020 (0x34202773) x14 0x0000000000000002
core   0: 0x0000000080006024 (0x142026f3) csrrs   a3, scause, zero
core   0: 3 0x0000000080006024 (0x142026f3) x13 0x0000000000000000
core   0: 0x0000000080006028 (0x30402673) csrrs   a2, mie, zero
core   0: 3 0x0000000080006028 (0x30402673) x12 0x0000000000000a00
core   0: 0x000000008000602c (0x344025f3) csrrs   a1, mip, zero
core   0: 3 0x000000008000602c (0x344025f3) x11 0x0000000000000080
core   0: 0x0000000080006030 (0x343025f3) csrrs   a1, mtval, zero
core   0: 3 0x0000000080006030 (0x343025f3) x11 0x00000000f11afdf3
core   0: 0x0000000080006034 (0x14302573) csrrs   a0, stval, zero
core   0: 3 0x0000000080006034 (0x14302573) x10 0x0000000000000000
core   0: 0x0000000080006038 (0xb02024f3) csrrs   s1, minstret, zero
core   0: 3 0x0000000080006038 (0xb02024f3) x9  0x0000000000000e56
core   0: 0x000000008000603c (0x0000a811) c.j     pc + 20
core   0: 3 0x000000008000603c (0xa811)
core   0: >>>>  mepc_4
core   0: 0x0000000080006050 (0x00000791) c.addi  a5, 4
core   0: 3 0x0000000080006050 (0x0791) x15 0x00000000800053b2
core   0: 0x0000000080006052 (0x34179073) csrrw   zero, mepc, a5
core   0: 3 0x0000000080006052 (0x34179073) c833_mepc 0x00000000800053b2
core   0: 0x0000000080006056 (0x30200073) mret
core   0: 3 0x0000000080006056 (0x30200073) c768_mstatus 0x8000000a00106080
core   0: 0x00000000800053b2 (0xd20c81d3) fcvt.d.w ft3, s9
core   0: 1 0x00000000800053b2 (0xd20c81d3) f3  0xc18f746f00000000
core   0: 0x00000000800053b6 (0x027cd3bb) divuw   t2, s9, t2
core   0: 1 0x00000000800053b6 (0x027cd3bb) x7  0xfffffffffc117220
core   0: 0x00000000800053ba (0x22540953) fsgnj.d fs2, fs0, ft5
core   0: 1 0x00000000800053ba (0x22540953) f18 0x7ff8000000000000
core   0: 0x00000000800053be (0x0ff0000f) fence   iorw,iorw
core   0: 1 0x00000000800053be (0x0ff0000f)
core   0: 0x00000000800053c2 (0x00081b93) slli    s7, a6, 0
core   0: 1 0x00000000800053c2 (0x00081b93) x23 0x00000000010007c8
core   0: 0x00000000800053c6 (0x415d83bb) subw    t2, s11, s5
core   0: 1 0x00000000800053c6 (0x415d83bb) x7  0x0000000000000015
core   0: 0x00000000800053ca (0x0ba2ff53) fsub.d  ft10, ft5, fs10
core   0: 1 0x00000000800053ca (0x0ba2ff53) c1_fflags 0x000000000000001f f30 0xc09ff7ffffffffff
core   0: 0x00000000800053ce (0x01db919b) slliw   gp, s7, 29
core   0: 1 0x00000000800053ce (0x01db919b) x3  0x0000000000000000
core   0: 0x00000000800053d2 (0x2ab296d3) fmax.d  fa3, ft5, fa1
core   0: 1 0x00000000800053d2 (0x2ab296d3) f13 0x41dd34f4e0000000
core   0: 0x00000000800053d6 (0x0ff0000f) fence   iorw,iorw
core   0: 1 0x00000000800053d6 (0x0ff0000f)
core   0: 0x00000000800053da (0x0ff0000f) fence   iorw,iorw
core   0: 1 0x00000000800053da (0x0ff0000f)
core   0: 0x00000000800053de (0x02323d33) mulhu   s10, tp, gp
core   0: 1 0x00000000800053de (0x02323d33) x26 0x0000000000000000
core   0: 0x00000000800053e2 (0xf29c74cb) fnmsub.d fs1, fs8, fs1, ft10
core   0: 1 0x00000000800053e2 (0xf29c74cb) f9  0x7ff8000000000000
core   0: 0x00000000800053e6 (0x2b971753) fmax.d  fa4, fa4, fs9
core   0: 1 0x00000000800053e6 (0x2b971753) f14 0x7ff8000000000000
core   0: 0x00000000800053ea (0xf1b51637) lui     a2, 0xf1b51
core   0: 1 0x00000000800053ea (0xf1b51637) x12 0xfffffffff1b51000
core   0: 0x00000000800053ee (0x0321863b) mulw    a2, gp, s2
core   0: 1 0x00000000800053ee (0x0321863b) x12 0x0000000000000000
core   0: 0x00000000800053f2 (0x00cdf233) and     tp, s11, a2
core   0: 1 0x00000000800053f2 (0x00cdf233) x4  0x0000000000000000
core   0: 0x00000000800053f6 (0x403751b3) sra     gp, a4, gp
core   0: 1 0x00000000800053f6 (0x403751b3) x3  0x0000000000000002
core   0: 0x00000000800053fa (0xf1305cf3) csrrwi  s9, mimpid, 0
core   0: exception trap_illegal_instruction, epc 0x00000000800053fa
core   0:           tval 0x00000000f1305cf3
core   0: >>>>  $xrv64i2p1_m2p0_a2p1_f2p2_d2p2_zicsr2p0_zifencei2p0_zmmul1p0_zba1p0_zbb1p0_zbc1p0_zbs1p0
core   0: 0x0000000080004000 (0x0080006f) j       pc + 0x8
core   0: 3 0x0000000080004000 (0x0080006f)
core   0: >>>>  mmode_exception_handler
core   0: 0x0000000080004008 (0x00002c17) auipc   s8, 0x2
core   0: 3 0x0000000080004008 (0x00002c17) x24 0x0000000080006008
core   0: 0x000000008000400c (0x014c0c13) addi    s8, s8, 20
core   0: 3 0x000000008000400c (0x014c0c13) x24 0x000000008000601c
core   0: 0x0000000080004010 (0x000c00e7) jalr    s8
core   0: 3 0x0000000080004010 (0x000c00e7) x1  0x0000000080004014
core   0: >>>>  any_handler
core   0: 0x000000008000601c (0x341027f3) csrrs   a5, mepc, zero
core   0: 3 0x000000008000601c (0x341027f3) x15 0x00000000800053fa
core   0: 0x0000000080006020 (0x34202773) csrrs   a4, mcause, zero
core   0: 3 0x0000000080006020 (0x34202773) x14 0x0000000000000002
core   0: 0x0000000080006024 (0x142026f3) csrrs   a3, scause, zero
core   0: 3 0x0000000080006024 (0x142026f3) x13 0x0000000000000000
core   0: 0x0000000080006028 (0x30402673) csrrs   a2, mie, zero
core   0: 3 0x0000000080006028 (0x30402673) x12 0x0000000000000a00
core   0: 0x000000008000602c (0x344025f3) csrrs   a1, mip, zero
core   0: 3 0x000000008000602c (0x344025f3) x11 0x0000000000000080
core   0: 0x0000000080006030 (0x343025f3) csrrs   a1, mtval, zero
core   0: 3 0x0000000080006030 (0x343025f3) x11 0x00000000f1305cf3
core   0: 0x0000000080006034 (0x14302573) csrrs   a0, stval, zero
core   0: 3 0x0000000080006034 (0x14302573) x10 0x0000000000000000
core   0: 0x0000000080006038 (0xb02024f3) csrrs   s1, minstret, zero
core   0: 3 0x0000000080006038 (0xb02024f3) x9  0x0000000000000e78
core   0: 0x000000008000603c (0x0000a811) c.j     pc + 20
core   0: 3 0x000000008000603c (0xa811)
core   0: >>>>  mepc_4
core   0: 0x0000000080006050 (0x00000791) c.addi  a5, 4
core   0: 3 0x0000000080006050 (0x0791) x15 0x00000000800053fe
core   0: 0x0000000080006052 (0x34179073) csrrw   zero, mepc, a5
core   0: 3 0x0000000080006052 (0x34179073) c833_mepc 0x00000000800053fe
core   0: 0x0000000080006056 (0x30200073) mret
core   0: 3 0x0000000080006056 (0x30200073) c768_mstatus 0x8000000a00106080
core   0: 0x00000000800053fe (0x00d27e33) and     t3, tp, a3
core   0: 1 0x00000000800053fe (0x00d27e33) x28 0x0000000000000000
core   0: 0x0000000080005402 (0xc0397a53) fcvt.lu.s s4, fs2
core   0: 1 0x0000000080005402 (0xc0397a53) c1_fflags 0x000000000000001f x20 0xffffffffffffffff
core   0: 0x0000000080005406 (0x41718d33) sub     s10, gp, s7
core   0: 1 0x0000000080005406 (0x41718d33) x26 0xfffffffffefff83a
core   0: 0x000000008000540a (0x01b47b33) and     s6, s0, s11
core   0: 1 0x000000008000540a (0x01b47b33) x22 0x0000000000000015
core   0: 0x000000008000540e (0x03618e3b) mulw    t3, gp, s6
core   0: 1 0x000000008000540e (0x03618e3b) x28 0x000000000000002a
core   0: 0x0000000080005412 (0xfff8079b) addiw   a5, a6, -1
core   0: 1 0x0000000080005412 (0xfff8079b) x15 0x00000000010007c7
core   0: 0x0000000080005416 (0x40350933) sub     s2, a0, gp
core   0: 1 0x0000000080005416 (0x40350933) x18 0xfffffffffffffffe
core   0: 0x000000008000541a (0xa307f9c3) fmadd.d fs3, fa5, fa6, fs4
core   0: 1 0x000000008000541a (0xa307f9c3) f19 0x7ff8000000000000
core   0: 0x000000008000541e (0x0028d13b) srlw    sp, a7, sp
core   0: 1 0x000000008000541e (0x0028d13b) x2  0x0000000000000000
core   0: 0x0000000080005422 (0xb022e5f3) csrrsi  a1, minstret, 5
core   0: exception trap_illegal_instruction, epc 0x0000000080005422
core   0:           tval 0x00000000b022e5f3
core   0: >>>>  $xrv64i2p1_m2p0_a2p1_f2p2_d2p2_zicsr2p0_zifencei2p0_zmmul1p0_zba1p0_zbb1p0_zbc1p0_zbs1p0
core   0: 0x0000000080004000 (0x0080006f) j       pc + 0x8
core   0: 3 0x0000000080004000 (0x0080006f)
core   0: >>>>  mmode_exception_handler
core   0: 0x0000000080004008 (0x00002c17) auipc   s8, 0x2
core   0: 3 0x0000000080004008 (0x00002c17) x24 0x0000000080006008
core   0: 0x000000008000400c (0x014c0c13) addi    s8, s8, 20
core   0: 3 0x000000008000400c (0x014c0c13) x24 0x000000008000601c
core   0: 0x0000000080004010 (0x000c00e7) jalr    s8
core   0: 3 0x0000000080004010 (0x000c00e7) x1  0x0000000080004014
core   0: >>>>  any_handler
core   0: 0x000000008000601c (0x341027f3) csrrs   a5, mepc, zero
core   0: 3 0x000000008000601c (0x341027f3) x15 0x0000000080005422
core   0: 0x0000000080006020 (0x34202773) csrrs   a4, mcause, zero
core   0: 3 0x0000000080006020 (0x34202773) x14 0x0000000000000002
core   0: 0x0000000080006024 (0x142026f3) csrrs   a3, scause, zero
core   0: 3 0x0000000080006024 (0x142026f3) x13 0x0000000000000000
core   0: 0x0000000080006028 (0x30402673) csrrs   a2, mie, zero
core   0: 3 0x0000000080006028 (0x30402673) x12 0x0000000000000a00
core   0: 0x000000008000602c (0x344025f3) csrrs   a1, mip, zero
core   0: 3 0x000000008000602c (0x344025f3) x11 0x0000000000000080
core   0: 0x0000000080006030 (0x343025f3) csrrs   a1, mtval, zero
core   0: 3 0x0000000080006030 (0x343025f3) x11 0x00000000b022e5f3
core   0: 0x0000000080006034 (0x14302573) csrrs   a0, stval, zero
core   0: 3 0x0000000080006034 (0x14302573) x10 0x0000000000000000
core   0: 0x0000000080006038 (0xb02024f3) csrrs   s1, minstret, zero
core   0: 3 0x0000000080006038 (0xb02024f3) x9  0x0000000000000e91
core   0: 0x000000008000603c (0x0000a811) c.j     pc + 20
core   0: 3 0x000000008000603c (0xa811)
core   0: >>>>  mepc_4
core   0: 0x0000000080006050 (0x00000791) c.addi  a5, 4
core   0: 3 0x0000000080006050 (0x0791) x15 0x0000000080005426
core   0: 0x0000000080006052 (0x34179073) csrrw   zero, mepc, a5
core   0: 3 0x0000000080006052 (0x34179073) c833_mepc 0x0000000080005426
core   0: 0x0000000080006056 (0x30200073) mret
core   0: 3 0x0000000080006056 (0x30200073) c768_mstatus 0x8000000a00106080
core   0: 0x0000000080005426 (0x400a589b) sraiw   a7, s4, 0
core   0: 1 0x0000000080005426 (0x400a589b) x17 0xffffffffffffffff
core   0: 0x000000008000542a (0x016bd7b3) srl     a5, s7, s6
core   0: 1 0x000000008000542a (0x016bd7b3) x15 0x0000000000000008
core   0: 0x000000008000542e (0xc226fbd3) fcvt.l.d s7, fa3
core   0: 1 0x000000008000542e (0xc226fbd3) x23 0x0000000074d3d380
core   0: 0x0000000080005432 (0x02e6533b) divuw   t1, a2, a4
core   0: 1 0x0000000080005432 (0x02e6533b) x6  0x0000000000000500
core   0: 0x0000000080005436 (0x00000001) c.nop
core   0: 1 0x0000000080005436 (0x0001)
core   0: 0x0000000080005438 (0xf20b8e9b) addiw   t4, s7, -224
core   0: 1 0x0000000080005438 (0xf20b8e9b) x29 0x0000000074d3d2a0
core   0: 0x000000008000543c (0x011df933) and     s2, s11, a7
core   0: 1 0x000000008000543c (0x011df933) x18 0x0000000000000015
core   0: 0x0000000080005440 (0x39d4f493) andi    s1, s1, 925
core   0: 1 0x0000000080005440 (0x39d4f493) x9  0x0000000000000291
core   0: 0x0000000080005444 (0x01877ab3) and     s5, a4, s8
core   0: 1 0x0000000080005444 (0x01877ab3) x21 0x0000000000000000
core   0: 0x0000000080005448 (0x5a05fcd3) fsqrt.d fs9, fa1
core   0: 1 0x0000000080005448 (0x5a05fcd3) c1_fflags 0x000000000000001f f25 0x40e59e0a97e7f0a2
core   0: 0x000000008000544c (0xe20df44f) fnmadd.d fs0, fs11, ft0, ft8
core   0: 1 0x000000008000544c (0xe20df44f) f8  0x7ff8000000000000
core   0: 0x0000000080005450 (0x4d324213) xori    tp, tp, 1235
core   0: 1 0x0000000080005450 (0x4d324213) x4  0x00000000000004d3
core   0: 0x0000000080005454 (0xc2107853) fcvt.wu.d a6, ft0
core   0: 1 0x0000000080005454 (0xc2107853) c1_fflags 0x000000000000001f x16 0xffffffffffffffff
core   0: 0x0000000080005458 (0x22c39ed3) fsgnjn.d ft9, ft7, fa2
core   0: 1 0x0000000080005458 (0x22c39ed3) f29 0xbff0000000000000
core   0: 0x000000008000545c (0x030470b3) remu    ra, s0, a6
core   0: 1 0x000000008000545c (0x030470b3) x1  0x0000000000000a95
core   0: 0x0000000080005460 (0x4060da1b) sraiw   s4, ra, 6
core   0: 1 0x0000000080005460 (0x4060da1b) x20 0x000000000000002a
core   0: 0x0000000080005464 (0xc0217e53) fcvt.l.s t3, ft2
core   0: 1 0x0000000080005464 (0xc0217e53) c1_fflags 0x000000000000001f x28 0x7fffffffffffffff
core   0: 0x0000000080005468 (0x00b8de1b) srliw   t3, a7, 11
core   0: 1 0x0000000080005468 (0x00b8de1b) x28 0x00000000001fffff
core   0: 0x000000008000546c (0x1054d373) csrrwi  t1, stvec, 9
core   0: 1 0x000000008000546c (0x1054d373) x6  0x0000000000000000 c261_stvec 0x0000000000000009
core   0: 0x0000000080005470 (0x7b9877c7) fmsub.d fa5, fa6, fs9, fa5
core   0: 1 0x0000000080005470 (0x7b9877c7) f15 0x7ff8000000000000
core   0: 0x0000000080005474 (0xc201fe53) fcvt.w.d t3, ft3
core   0: 1 0x0000000080005474 (0xc201fe53) x28 0xfffffffffc117220
core   0: 0x0000000080005478 (0xc227f753) fcvt.l.d a4, fa5
core   0: 1 0x0000000080005478 (0xc227f753) c1_fflags 0x000000000000001f x14 0x7fffffffffffffff
core   0: 0x000000008000547c (0x01808533) add     a0, ra, s8
core   0: 1 0x000000008000547c (0x01808533) x10 0x0000000080006ab1
core   0: 0x0000000080005480 (0x0062023b) addw    tp, tp, t1
core   0: 1 0x0000000080005480 (0x0062023b) x4  0x00000000000004d3
core   0: 0x0000000080005484 (0x00000001) c.nop
core   0: 1 0x0000000080005484 (0x0001)
core   0: 0x0000000080005486 (0x1b17f0d3) fdiv.d  ft1, fa5, fa7
core   0: 1 0x0000000080005486 (0x1b17f0d3) f1  0x7ff8000000000000
core   0: 0x000000008000548a (0xa5d54993) xori    s3, a0, -1443
core   0: 1 0x000000008000548a (0xa5d54993) x19 0xffffffff7fff90ec
core   0: 0x000000008000548e (0x34482973) csrrs   s2, mip, a6
core   0: exception trap_illegal_instruction, epc 0x000000008000548e
core   0:           tval 0x0000000034482973
core   0: >>>>  $xrv64i2p1_m2p0_a2p1_f2p2_d2p2_zicsr2p0_zifencei2p0_zmmul1p0_zba1p0_zbb1p0_zbc1p0_zbs1p0
core   0: 0x0000000080004000 (0x0080006f) j       pc + 0x8
core   0: 3 0x0000000080004000 (0x0080006f)
core   0: >>>>  mmode_exception_handler
core   0: 0x0000000080004008 (0x00002c17) auipc   s8, 0x2
core   0: 3 0x0000000080004008 (0x00002c17) x24 0x0000000080006008
core   0: 0x000000008000400c (0x014c0c13) addi    s8, s8, 20
core   0: 3 0x000000008000400c (0x014c0c13) x24 0x000000008000601c
core   0: 0x0000000080004010 (0x000c00e7) jalr    s8
core   0: 3 0x0000000080004010 (0x000c00e7) x1  0x0000000080004014
core   0: >>>>  any_handler
core   0: 0x000000008000601c (0x341027f3) csrrs   a5, mepc, zero
core   0: 3 0x000000008000601c (0x341027f3) x15 0x000000008000548e
core   0: 0x0000000080006020 (0x34202773) csrrs   a4, mcause, zero
core   0: 3 0x0000000080006020 (0x34202773) x14 0x0000000000000002
core   0: 0x0000000080006024 (0x142026f3) csrrs   a3, scause, zero
core   0: 3 0x0000000080006024 (0x142026f3) x13 0x0000000000000000
core   0: 0x0000000080006028 (0x30402673) csrrs   a2, mie, zero
core   0: 3 0x0000000080006028 (0x30402673) x12 0x0000000000000a00
core   0: 0x000000008000602c (0x344025f3) csrrs   a1, mip, zero
core   0: 3 0x000000008000602c (0x344025f3) x11 0x0000000000000080
core   0: 0x0000000080006030 (0x343025f3) csrrs   a1, mtval, zero
core   0: 3 0x0000000080006030 (0x343025f3) x11 0x0000000034482973
core   0: 0x0000000080006034 (0x14302573) csrrs   a0, stval, zero
core   0: 3 0x0000000080006034 (0x14302573) x10 0x0000000000000000
core   0: 0x0000000080006038 (0xb02024f3) csrrs   s1, minstret, zero
core   0: 3 0x0000000080006038 (0xb02024f3) x9  0x0000000000000ebc
core   0: 0x000000008000603c (0x0000a811) c.j     pc + 20
core   0: 3 0x000000008000603c (0xa811)
core   0: >>>>  mepc_4
core   0: 0x0000000080006050 (0x00000791) c.addi  a5, 4
core   0: 3 0x0000000080006050 (0x0791) x15 0x0000000080005492
core   0: 0x0000000080006052 (0x34179073) csrrw   zero, mepc, a5
core   0: 3 0x0000000080006052 (0x34179073) c833_mepc 0x0000000080005492
core   0: 0x0000000080006056 (0x30200073) mret
core   0: 3 0x0000000080006056 (0x30200073) c768_mstatus 0x8000000a00106080
core   0: 0x0000000080005492 (0x230282d3) fsgnj.d ft5, ft5, fa6
core   0: 1 0x0000000080005492 (0x230282d3) f5  0x800000000fff8000
core   0: 0x0000000080005496 (0x00f26a33) or      s4, tp, a5
core   0: 1 0x0000000080005496 (0x00f26a33) x20 0x00000000800054d3
core   0: 0x000000008000549a (0x0c49879b) addiw   a5, s3, 196
core   0: 1 0x000000008000549a (0x0c49879b) x15 0x000000007fff91b0
core   0: 0x000000008000549e (0x40065293) srai    t0, a2, 0
core   0: 1 0x000000008000549e (0x40065293) x5  0x0000000000000a00
core   0: 0x00000000800054a2 (0x03cbe5bb) remw    a1, s7, t3
core   0: 1 0x00000000800054a2 (0x03cbe5bb) x11 0x0000000002cdc120
core   0: 0x00000000800054a6 (0x40b5d93b) sraw    s2, a1, a1
core   0: 1 0x00000000800054a6 (0x40b5d93b) x18 0x0000000002cdc120
core   0: 0x00000000800054aa (0x412505bb) subw    a1, a0, s2
core   0: 1 0x00000000800054aa (0x412505bb) x11 0xfffffffffd323ee0
core   0: 0x00000000800054ae (0x227faa53) fsgnjx.d fs4, ft11, ft7
core   0: 1 0x00000000800054ae (0x227faa53) f20 0x7ff8000000000000
core   0: 0x00000000800054b2 (0xe2038453) fmv.x.d s0, ft7
core   0: 1 0x00000000800054b2 (0xe2038453) x8  0x3ff0000000000000
core   0: 0x00000000800054b6 (0x2da5c013) xori    zero, a1, 730
core   0: 1 0x00000000800054b6 (0x2da5c013)
core   0: 0x00000000800054ba (0x0209e9bb) remw    s3, s3, zero
core   0: 1 0x00000000800054ba (0x0209e9bb) x19 0x000000007fff90ec
core   0: 0x00000000800054be (0x019d7533) and     a0, s10, s9
core   0: 1 0x00000000800054be (0x019d7533) x10 0x00000000fc117020
core   0: 0x00000000800054c2 (0x4047571b) sraiw   a4, a4, 4
core   0: 1 0x00000000800054c2 (0x4047571b) x14 0x0000000000000000
core   0: 0x00000000800054c6 (0x400cda93) srai    s5, s9, 0
core   0: 1 0x00000000800054c6 (0x400cda93) x21 0x00000000fc117220
core   0: 0x00000000800054ca (0x01dd8dbb) addw    s11, s11, t4
core   0: 1 0x00000000800054ca (0x01dd8dbb) x27 0x0000000074d3d2b5
core   0: 0x00000000800054ce (0xc22b7ed3) fcvt.l.d t4, fs6
core   0: 1 0x00000000800054ce (0xc22b7ed3) c1_fflags 0x000000000000001f x29 0x7fffffffffffffff
core   0: 0x00000000800054d2 (0x02e7ebb3) rem     s7, a5, a4
core   0: 1 0x00000000800054d2 (0x02e7ebb3) x23 0x000000007fff91b0
core   0: 0x00000000800054d6 (0xc203f253) fcvt.w.d tp, ft7
core   0: 1 0x00000000800054d6 (0xc203f253) x4  0x0000000000000001
core   0: 0x00000000800054da (0xd038f653) fcvt.s.lu fa2, a7
core   0: 1 0x00000000800054da (0xd038f653) c1_fflags 0x000000000000001f f12 0xffffffff5f7fffff
core   0: 0x00000000800054de (0x403ad7bb) sraw    a5, s5, gp
core   0: 1 0x00000000800054de (0x403ad7bb) x15 0xffffffffff045c88
core   0: 0x00000000800054e2 (0x0001841b) sext.w  s0, gp
core   0: 1 0x00000000800054e2 (0x0001841b) x8  0x0000000000000002
core   0: 0x00000000800054e6 (0x226c74c3) fmadd.d fs1, fs8, ft6, ft4
core   0: 1 0x00000000800054e6 (0x226c74c3) f9  0x7ff8000000000000
core   0: 0x00000000800054ea (0xc2227ad3) fcvt.l.d s5, ft4
core   0: 1 0x00000000800054ea (0xc2227ad3) c1_fflags 0x000000000000001f x21 0x7fffffffffffffff
core   0: 0x00000000800054ee (0x00179073) csrrw   zero, fflags, a5
core   0: 1 0x00000000800054ee (0x00179073) c1_fflags 0x0000000000000008
core   0: 0x00000000800054f2 (0x02402233) mulhsu  tp, zero, tp
core   0: 1 0x00000000800054f2 (0x02402233) x4  0x0000000000000000
core   0: 0x00000000800054f6 (0x00a52133) slt     sp, a0, a0
core   0: 1 0x00000000800054f6 (0x00a52133) x2  0x0000000000000000
core   0: 0x00000000800054fa (0x03c0c0bb) divw    ra, ra, t3
core   0: 1 0x00000000800054fa (0x03c0c0bb) x1  0x0000000000000020
core   0: 0x00000000800054fe (0x13f9ffd3) fmul.d  ft11, fs3, ft11
core   0: 1 0x00000000800054fe (0x13f9ffd3) f31 0x7ff8000000000000
core   0: 0x0000000080005502 (0xd21c81d3) fcvt.d.wu ft3, s9
core   0: 1 0x0000000080005502 (0xd21c81d3) f3  0x41ef822e44000000
core   0: 0x0000000080005506 (0x653e6b93) ori     s7, t3, 1619
core   0: 1 0x0000000080005506 (0x653e6b93) x23 0xfffffffffc117673
core   0: 0x000000008000550a (0x0025acb3) slt     s9, a1, sp
core   0: 1 0x000000008000550a (0x0025acb3) x25 0x0000000000000001
core   0: 0x000000008000550e (0xc23b77d3) fcvt.lu.d a5, fs6
core   0: 1 0x000000008000550e (0xc23b77d3) c1_fflags 0x0000000000000018 x15 0xffffffffffffffff
core   0: 0x0000000080005512 (0xc211f9d3) fcvt.wu.d s3, ft3
core   0: 1 0x0000000080005512 (0xc211f9d3) x19 0xfffffffffc117220
core   0: 0x0000000080005516 (0x60284a13) xori    s4, a6, 1538
core   0: 1 0x0000000080005516 (0x60284a13) x20 0xfffffffffffff9fd
core   0: 0x000000008000551a (0xf20b0953) fmv.d.x fs2, s6
core   0: 1 0x000000008000551a (0xf20b0953) f18 0x0000000000000015
core   0: 0x000000008000551e (0xe37d7e47) fmsub.d ft8, fs10, fs7, ft8
core   0: 1 0x000000008000551e (0xe37d7e47) f28 0x7ff8000000000000
core   0: 0x0000000080005522 (0x0300f0b3) remu    ra, ra, a6
core   0: 1 0x0000000080005522 (0x0300f0b3) x1  0x0000000000000020
core   0: 0x0000000080005526 (0xe20b82d3) fmv.x.d t0, fs7
core   0: 1 0x0000000080005526 (0xe20b82d3) x5  0x7ff8000000000000
core   0: 0x000000008000552a (0x0ff0000f) fence   iorw,iorw
core   0: 1 0x000000008000552a (0x0ff0000f)
core   0: 0x000000008000552e (0xe20d07d3) fmv.x.d a5, fs10
core   0: 1 0x000000008000552e (0xe20d07d3) x15 0x409ff80000000000
core   0: 0x0000000080005532 (0xa37e0153) fle.d   sp, ft8, fs7
core   0: 1 0x0000000080005532 (0xa37e0153) c1_fflags 0x0000000000000018 x2  0x0000000000000000
core   0: 0x0000000080005536 (0x23d78dd3) fsgnj.d fs11, fa5, ft9
core   0: 1 0x0000000080005536 (0x23d78dd3) f27 0xfff8000000000000
core   0: 0x000000008000553a (0x03731bb3) mulh    s7, t1, s7
core   0: 1 0x000000008000553a (0x03731bb3) x23 0x0000000000000000
core   0: 0x000000008000553e (0x61df8637) lui     a2, 0x61df8
core   0: 1 0x000000008000553e (0x61df8637) x12 0x0000000061df8000
core   0: 0x0000000080005542 (0x0368c5b3) div     a1, a7, s6
core   0: 1 0x0000000080005542 (0x0368c5b3) x11 0x0000000000000000
core   0: 0x0000000080005546 (0x031642bb) divw    t0, a2, a7
core   0: 1 0x0000000080005546 (0x031642bb) x5  0xffffffff9e208000
core   0: 0x000000008000554a (0x0a78f1d3) fsub.d  ft3, fa7, ft7
core   0: 1 0x000000008000554a (0x0a78f1d3) f3  0x40c00380f03c0f03
core   0: 0x000000008000554e (0x1290f5d3) fmul.d  fa1, ft1, fs1
core   0: 1 0x000000008000554e (0x1290f5d3) f11 0x7ff8000000000000
core   0: 0x0000000080005552 (0x0088913b) sllw    sp, a7, s0
core   0: 1 0x0000000080005552 (0x0088913b) x2  0xfffffffffffffffc
core   0: 0x0000000080005556 (0x001023f3) csrrs   t2, fflags, zero
core   0: 1 0x0000000080005556 (0x001023f3) x7  0x0000000000000018
core   0: 0x000000008000555a (0xc23176d3) fcvt.lu.d a3, ft2
core   0: 1 0x000000008000555a (0xc23176d3) c1_fflags 0x0000000000000018 x13 0xffffffffffffffff
core   0: 0x000000008000555e (0x401e551b) sraiw   a0, t3, 1
core   0: 1 0x000000008000555e (0x401e551b) x10 0xfffffffffe08b910
core   0: 0x0000000080005562 (0x40a2d2b3) sra     t0, t0, a0
core   0: 1 0x0000000080005562 (0x40a2d2b3) x5  0xffffffffffff9e20
core   0: 0x0000000080005566 (0x0014dd9b) srliw   s11, s1, 1
core   0: 1 0x0000000080005566 (0x0014dd9b) x27 0x000000000000075e
core   0: 0x000000008000556a (0x02048533) mul     a0, s1, zero
core   0: 1 0x000000008000556a (0x02048533) x10 0x0000000000000000
core   0: 0x000000008000556e (0x7ff8cc93) xori    s9, a7, 2047
core   0: 1 0x000000008000556e (0x7ff8cc93) x25 0xfffffffffffff800
core   0: 0x0000000080005572 (0x00ed2d33) slt     s10, s10, a4
core   0: 1 0x0000000080005572 (0x00ed2d33) x26 0x0000000000000001
core   0: 0x0000000080005576 (0xd02b7b53) fcvt.s.l fs6, s6
core   0: 1 0x0000000080005576 (0xd02b7b53) f22 0xffffffff41a80000
core   0: 0x000000008000557a (0x031862b3) rem     t0, a6, a7
core   0: 1 0x000000008000557a (0x031862b3) x5  0x0000000000000000
core   0: 0x000000008000557e (0x03475833) divu    a6, a4, s4
core   0: 1 0x000000008000557e (0x03475833) x16 0x0000000000000000
core   0: 0x0000000080005582 (0x03f3d913) srli    s2, t2, 63
core   0: 1 0x0000000080005582 (0x03f3d913) x18 0x0000000000000000
core   0: 0x0000000080005586 (0x00000001) c.nop
core   0: 1 0x0000000080005586 (0x0001)
core   0: 0x0000000080005588 (0x00000001) c.nop
core   0: 1 0x0000000080005588 (0x0001)
core   0: 0x000000008000558a (0x7a550793) addi    a5, a0, 1957
core   0: 1 0x000000008000558a (0x7a550793) x15 0x00000000000007a5
core   0: 0x000000008000558e (0xf20789d3) fmv.d.x fs3, a5
core   0: 1 0x000000008000558e (0xf20789d3) f19 0x00000000000007a5
core   0: 0x0000000080005592 (0x0120f137) lui     sp, 0x120f
core   0: 1 0x0000000080005592 (0x0120f137) x2  0x000000000120f000
core   0: 0x0000000080005596 (0x7851011b) addiw   sp, sp, 1925
core   0: 1 0x0000000080005596 (0x7851011b) x2  0x000000000120f785
core   0: 0x000000008000559a (0x0000013a) c.slli  sp, 14
core   0: 1 0x000000008000559a (0x013a) x2  0x000000483de14000
core   0: 0x000000008000559c (0x52910113) addi    sp, sp, 1321
core   0: 1 0x000000008000559c (0x52910113) x2  0x000000483de14529
core   0: 0x00000000800055a0 (0x0bef7f53) fsub.d  ft10, ft10, ft10
core   0: 1 0x00000000800055a0 (0x0bef7f53) f30 0x0000000000000000
core   0: 0x00000000800055a4 (0x00000001) c.nop
core   0: 1 0x00000000800055a4 (0x0001)
core   0: 0x00000000800055a6 (0x0056d33b) srlw    t1, a3, t0
core   0: 1 0x00000000800055a6 (0x0056d33b) x6  0xffffffffffffffff
core   0: 0x00000000800055aa (0x014b0cbb) addw    s9, s6, s4
core   0: 1 0x00000000800055aa (0x014b0cbb) x25 0xfffffffffffffa12
core   0: 0x00000000800055ae (0x67294297) auipc   t0, 0x67294
core   0: 1 0x00000000800055ae (0x67294297) x5  0x00000000e72995ae
core   0: 0x00000000800055b2 (0x02045113) srli    sp, s0, 32
core   0: 1 0x00000000800055b2 (0x02045113) x2  0x0000000000000000
core   0: 0x00000000800055b6 (0x407a833b) subw    t1, s5, t2
core   0: 1 0x00000000800055b6 (0x407a833b) x6  0xffffffffffffffe7
core   0: 0x00000000800055ba (0x0069003b) addw    zero, s2, t1
core   0: 1 0x00000000800055ba (0x0069003b)
core   0: 0x00000000800055be (0x001021f3) csrrs   gp, fflags, zero
core   0: 1 0x00000000800055be (0x001021f3) x3  0x0000000000000018
core   0: 0x00000000800055c2 (0x43285013) srai    zero, a6, 50
core   0: 1 0x00000000800055c2 (0x43285013)
core   0: 0x00000000800055c6 (0x2b4318d3) fmax.d  fa7, ft6, fs4
core   0: 1 0x00000000800055c6 (0x2b4318d3) f17 0xbff0000000000000
core   0: 0x00000000800055ca (0xc02a78d3) fcvt.l.s a7, fs4
core   0: 1 0x00000000800055ca (0xc02a78d3) c1_fflags 0x0000000000000018 x17 0x7fffffffffffffff
core   0: 0x00000000800055ce (0x03fb5393) srli    t2, s6, 63
core   0: 1 0x00000000800055ce (0x03fb5393) x7  0x0000000000000000
core   0: 0x00000000800055d2 (0x0133c2b3) xor     t0, t2, s3
core   0: 1 0x00000000800055d2 (0x0133c2b3) x5  0xfffffffffc117220
core   0: 0x00000000800055d6 (0xb025e173) csrrsi  sp, minstret, 11
core   0: exception trap_illegal_instruction, epc 0x00000000800055d6
core   0:           tval 0x00000000b025e173
core   0: >>>>  $xrv64i2p1_m2p0_a2p1_f2p2_d2p2_zicsr2p0_zifencei2p0_zmmul1p0_zba1p0_zbb1p0_zbc1p0_zbs1p0
core   0: 0x0000000080004000 (0x0080006f) j       pc + 0x8
core   0: 3 0x0000000080004000 (0x0080006f)
core   0: >>>>  mmode_exception_handler
core   0: 0x0000000080004008 (0x00002c17) auipc   s8, 0x2
core   0: 3 0x0000000080004008 (0x00002c17) x24 0x0000000080006008
core   0: 0x000000008000400c (0x014c0c13) addi    s8, s8, 20
core   0: 3 0x000000008000400c (0x014c0c13) x24 0x000000008000601c
core   0: 0x0000000080004010 (0x000c00e7) jalr    s8
core   0: 3 0x0000000080004010 (0x000c00e7) x1  0x0000000080004014
core   0: >>>>  any_handler
core   0: 0x000000008000601c (0x341027f3) csrrs   a5, mepc, zero
core   0: 3 0x000000008000601c (0x341027f3) x15 0x00000000800055d6
core   0: 0x0000000080006020 (0x34202773) csrrs   a4, mcause, zero
core   0: 3 0x0000000080006020 (0x34202773) x14 0x0000000000000002
core   0: 0x0000000080006024 (0x142026f3) csrrs   a3, scause, zero
core   0: 3 0x0000000080006024 (0x142026f3) x13 0x0000000000000000
core   0: 0x0000000080006028 (0x30402673) csrrs   a2, mie, zero
core   0: 3 0x0000000080006028 (0x30402673) x12 0x0000000000000a00
core   0: 0x000000008000602c (0x344025f3) csrrs   a1, mip, zero
core   0: 3 0x000000008000602c (0x344025f3) x11 0x0000000000000080
core   0: 0x0000000080006030 (0x343025f3) csrrs   a1, mtval, zero
core   0: 3 0x0000000080006030 (0x343025f3) x11 0x00000000b025e173
core   0: 0x0000000080006034 (0x14302573) csrrs   a0, stval, zero
core   0: 3 0x0000000080006034 (0x14302573) x10 0x0000000000000000
core   0: 0x0000000080006038 (0xb02024f3) csrrs   s1, minstret, zero
core   0: 3 0x0000000080006038 (0xb02024f3) x9  0x0000000000000f1f
core   0: 0x000000008000603c (0x0000a811) c.j     pc + 20
core   0: 3 0x000000008000603c (0xa811)
core   0: >>>>  mepc_4
core   0: 0x0000000080006050 (0x00000791) c.addi  a5, 4
core   0: 3 0x0000000080006050 (0x0791) x15 0x00000000800055da
core   0: 0x0000000080006052 (0x34179073) csrrw   zero, mepc, a5
core   0: 3 0x0000000080006052 (0x34179073) c833_mepc 0x00000000800055da
core   0: 0x0000000080006056 (0x30200073) mret
core   0: 3 0x0000000080006056 (0x30200073) c768_mstatus 0x8000000a00106080
core   0: 0x00000000800055da (0x01b6919b) slliw   gp, a3, 27
core   0: 1 0x00000000800055da (0x01b6919b) x3  0x0000000000000000
core   0: 0x00000000800055de (0x016ddd3b) srlw    s10, s11, s6
core   0: 1 0x00000000800055de (0x016ddd3b) x26 0x0000000000000000
core   0: 0x00000000800055e2 (0xf2008853) fmv.d.x fa6, ra
core   0: 1 0x00000000800055e2 (0xf2008853) f16 0x0000000080004014
core   0: 0x00000000800055e6 (0x8ab94293) xori    t0, s2, -1877
core   0: 1 0x00000000800055e6 (0x8ab94293) x5  0xfffffffffffff8ab
core   0: 0x00000000800055ea (0x00691a33) sll     s4, s2, t1
core   0: 1 0x00000000800055ea (0x00691a33) x20 0x0000000000000000
core   0: 0x00000000800055ee (0x02500033) mul     zero, zero, t0
core   0: 1 0x00000000800055ee (0x02500033)
core   0: 0x00000000800055f2 (0x01399d33) sll     s10, s3, s3
core   0: 1 0x00000000800055f2 (0x01399d33) x26 0xfc11722000000000
core   0: 0x00000000800055f6 (0x8007079b) addiw   a5, a4, -2048
core   0: 1 0x00000000800055f6 (0x8007079b) x15 0xfffffffffffff802
core   0: 0x00000000800055fa (0x40b9d9b3) sra     s3, s3, a1
core   0: 1 0x00000000800055fa (0x40b9d9b3) x19 0xffffffffffffffff
core   0: 0x00000000800055fe (0xcb878113) addi    sp, a5, -840
core   0: 1 0x00000000800055fe (0xcb878113) x2  0xfffffffffffff4ba
core   0: 0x0000000080005602 (0x00221433) sll     s0, tp, sp
core   0: 1 0x0000000080005602 (0x00221433) x8  0x0000000000000000
core   0: 0x0000000080005606 (0x228aaf53) fsgnjx.d ft10, fs5, fs0
core   0: 1 0x0000000080005606 (0x228aaf53) f30 0xc09ff80000000000
core   0: 0x000000008000560a (0x413759b3) sra     s3, a4, s3
core   0: 1 0x000000008000560a (0x413759b3) x19 0x0000000000000000
core   0: 0x000000008000560e (0xd22a71d3) fcvt.d.l ft3, s4
core   0: 1 0x000000008000560e (0xd22a71d3) f3  0x0000000000000000
core   0: 0x0000000080005612 (0x0ff0000f) fence   iorw,iorw
core   0: 1 0x0000000080005612 (0x0ff0000f)
core   0: 0x0000000080005616 (0x40bb5833) sra     a6, s6, a1
core   0: 1 0x0000000080005616 (0x40bb5833) x16 0x0000000000000000
core   0: 0x000000008000561a (0xf20483d3) fmv.d.x ft7, s1
core   0: 1 0x000000008000561a (0xf20483d3) f7  0x0000000000000f1f
core   0: 0x000000008000561e (0x0026949b) slliw   s1, a3, 2
core   0: 1 0x000000008000561e (0x0026949b) x9  0x0000000000000000
core   0: 0x0000000080005622 (0x702e9b97) auipc   s7, 0x702e9
core   0: 1 0x0000000080005622 (0x702e9b97) x23 0x00000000f02ee622
core   0: 0x0000000080005626 (0x1a1efed3) fdiv.d  ft9, ft9, ft1
core   0: 1 0x0000000080005626 (0x1a1efed3) f29 0x7ff8000000000000
core   0: 0x000000008000562a (0x00000001) c.nop
core   0: 1 0x000000008000562a (0x0001)
core   0: 0x000000008000562c (0x5a0e74d3) fsqrt.d fs1, ft8
core   0: 1 0x000000008000562c (0x5a0e74d3) f9  0x7ff8000000000000
core   0: 0x0000000080005630 (0x031442bb) divw    t0, s0, a7
core   0: 1 0x0000000080005630 (0x031442bb) x5  0x0000000000000000
core   0: 0x0000000080005634 (0xf2000653) fmv.d.x fa2, zero
core   0: 1 0x0000000080005634 (0xf2000653) f12 0x0000000000000000
core   0: 0x0000000080005638 (0xc02bf953) fcvt.l.s s2, fs7
core   0: 1 0x0000000080005638 (0xc02bf953) c1_fflags 0x0000000000000018 x18 0x7fffffffffffffff
core   0: 0x000000008000563c (0xd22ef053) fcvt.d.l ft0, t4
core   0: 1 0x000000008000563c (0xd22ef053) c1_fflags 0x0000000000000019 f0  0x43dfffffffffffff
core   0: 0x0000000080005640 (0xa20f09d3) fle.d   s3, ft10, ft0
core   0: 1 0x0000000080005640 (0xa20f09d3) x19 0x0000000000000001
core   0: 0x0000000080005644 (0x00c35c9b) srliw   s9, t1, 12
core   0: 1 0x0000000080005644 (0x00c35c9b) x25 0x00000000000fffff
core   0: 0x0000000080005648 (0x030f7053) fadd.d  ft0, ft10, fa6
core   0: 1 0x0000000080005648 (0x030f7053) c1_fflags 0x0000000000000019 f0  0xc09ff7ffffffffff
core   0: 0x000000008000564c (0x5a007e53) fsqrt.d ft8, ft0
core   0: 1 0x000000008000564c (0x5a007e53) c1_fflags 0x0000000000000019 f28 0x7ff8000000000000
core   0: 0x0000000080005650 (0x00000001) c.nop
core   0: 1 0x0000000080005650 (0x0001)
core   0: 0x0000000080005652 (0xe1f34913) xori    s2, t1, -481
core   0: 1 0x0000000080005652 (0xe1f34913) x18 0x00000000000001f8
core   0: 0x0000000080005656 (0x035b7c33) remu    s8, s6, s5
core   0: 1 0x0000000080005656 (0x035b7c33) x24 0x0000000000000015
core   0: 0x000000008000565a (0x5137ee17) auipc   t3, 0x5137e
core   0: 1 0x000000008000565a (0x5137ee17) x28 0x00000000d138365a
core   0: 0x000000008000565e (0x001c1293) slli    t0, s8, 1
core   0: 1 0x000000008000565e (0x001c1293) x5  0x000000000000002a
core   0: 0x0000000080005662 (0x1452f713) andi    a4, t0, 325
core   0: 1 0x0000000080005662 (0x1452f713) x14 0x0000000000000000
core   0: 0x0000000080005666 (0xf2070c53) fmv.d.x fs8, a4
core   0: 1 0x0000000080005666 (0xf2070c53) f24 0x0000000000000000
core   0: 0x000000008000566a (0x009e14bb) sllw    s1, t3, s1
core   0: 1 0x000000008000566a (0x009e14bb) x9  0xffffffffd138365a
core   0: 0x000000008000566e (0x22f997d3) fsgnjn.d fa5, fs3, fa5
core   0: 1 0x000000008000566e (0x22f997d3) f15 0x80000000000007a5
core   0: 0x0000000080005672 (0x009490b3) sll     ra, s1, s1
core   0: 1 0x0000000080005672 (0x009490b3) x1  0xff44e0d968000000
core   0: 0x0000000080005676 (0x0ac67d53) fsub.d  fs10, fa2, fa2
core   0: 1 0x0000000080005676 (0x0ac67d53) f26 0x0000000000000000
core   0: 0x000000008000567a (0x5910d537) lui     a0, 0x5910d
core   0: 1 0x000000008000567a (0x5910d537) x10 0x000000005910d000
core   0: 0x000000008000567e (0xe2038753) fmv.x.d a4, ft7
core   0: 1 0x000000008000567e (0xe2038753) x14 0x0000000000000f1f
core   0: 0x0000000080005682 (0x1be5ff53) fdiv.d  ft10, fa1, ft10
core   0: 1 0x0000000080005682 (0x1be5ff53) f30 0x7ff8000000000000
core   0: 0x0000000080005686 (0x03b450b3) divu    ra, s0, s11
core   0: 1 0x0000000080005686 (0x03b450b3) x1  0x0000000000000000
core   0: 0x000000008000568a (0x401ddb13) srai    s6, s11, 1
core   0: 1 0x000000008000568a (0x401ddb13) x22 0x00000000000003af
core   0: 0x000000008000568e (0x03d5053b) mulw    a0, a0, t4
core   0: 1 0x000000008000568e (0x03d5053b) x10 0xffffffffa6ef3000
core   0: 0x0000000080005692 (0x4a5ae013) ori     zero, s5, 1189
core   0: 1 0x0000000080005692 (0x4a5ae013)
core   0: 0x0000000080005696 (0x2215ae53) fsgnjx.d ft8, fa1, ft1
core   0: 1 0x0000000080005696 (0x2215ae53) f28 0x7ff8000000000000
core   0: 0x000000008000569a (0x00000001) c.nop
core   0: 1 0x000000008000569a (0x0001)
core   0: 0x000000008000569c (0x0313fc53) fadd.d  fs8, ft7, fa7
core   0: 1 0x000000008000569c (0x0313fc53) c1_fflags 0x0000000000000019 f24 0xbfefffffffffffff
core   0: 0x00000000800056a0 (0x2bef9fd3) fmax.d  ft11, ft11, ft10
core   0: 1 0x00000000800056a0 (0x2bef9fd3) f31 0x7ff8000000000000
core   0: 0x00000000800056a4 (0x34499397) auipc   t2, 0x34499
core   0: 1 0x00000000800056a4 (0x34499397) x7  0x00000000b449e6a4
core   0: 0x00000000800056a8 (0x23c12153) fsgnjx.d ft2, ft2, ft8
core   0: 1 0x00000000800056a8 (0x23c12153) f2  0x7ff8000000000000
core   0: 0x00000000800056ac (0x015d8e33) add     t3, s11, s5
core   0: 1 0x00000000800056ac (0x015d8e33) x28 0x800000000000075d
core   0: 0x00000000800056b0 (0x000e571b) srliw   a4, t3, 0
core   0: 1 0x00000000800056b0 (0x000e571b) x14 0x000000000000075d
core   0: 0x00000000800056b4 (0x2388d437) lui     s0, 0x2388d
core   0: 1 0x00000000800056b4 (0x2388d437) x8  0x000000002388d000
core   0: 0x00000000800056b8 (0xd20a0a53) fcvt.d.w fs4, s4
core   0: 1 0x00000000800056b8 (0xd20a0a53) f20 0x0000000000000000
core   0: 0x00000000800056bc (0x00151ef3) csrrw   t4, fflags, a0
core   0: 1 0x00000000800056bc (0x00151ef3) x29 0x0000000000000019 c1_fflags 0x0000000000000000
core   0: 0x00000000800056c0 (0xd02a74d3) fcvt.s.l fs1, s4
core   0: 1 0x00000000800056c0 (0xd02a74d3) f9  0xffffffff00000000
core   0: 0x00000000800056c4 (0x4087d1bb) sraw    gp, a5, s0
core   0: 1 0x00000000800056c4 (0x4087d1bb) x3  0xfffffffffffff802
core   0: 0x00000000800056c8 (0xf11c5273) csrrwi  tp, mvendorid, 24
core   0: exception trap_illegal_instruction, epc 0x00000000800056c8
core   0:           tval 0x00000000f11c5273
core   0: >>>>  $xrv64i2p1_m2p0_a2p1_f2p2_d2p2_zicsr2p0_zifencei2p0_zmmul1p0_zba1p0_zbb1p0_zbc1p0_zbs1p0
core   0: 0x0000000080004000 (0x0080006f) j       pc + 0x8
core   0: 3 0x0000000080004000 (0x0080006f)
core   0: >>>>  mmode_exception_handler
core   0: 0x0000000080004008 (0x00002c17) auipc   s8, 0x2
core   0: 3 0x0000000080004008 (0x00002c17) x24 0x0000000080006008
core   0: 0x000000008000400c (0x014c0c13) addi    s8, s8, 20
core   0: 3 0x000000008000400c (0x014c0c13) x24 0x000000008000601c
core   0: 0x0000000080004010 (0x000c00e7) jalr    s8
core   0: 3 0x0000000080004010 (0x000c00e7) x1  0x0000000080004014
core   0: >>>>  any_handler
core   0: 0x000000008000601c (0x341027f3) csrrs   a5, mepc, zero
core   0: 3 0x000000008000601c (0x341027f3) x15 0x00000000800056c8
core   0: 0x0000000080006020 (0x34202773) csrrs   a4, mcause, zero
core   0: 3 0x0000000080006020 (0x34202773) x14 0x0000000000000002
core   0: 0x0000000080006024 (0x142026f3) csrrs   a3, scause, zero
core   0: 3 0x0000000080006024 (0x142026f3) x13 0x0000000000000000
core   0: 0x0000000080006028 (0x30402673) csrrs   a2, mie, zero
core   0: 3 0x0000000080006028 (0x30402673) x12 0x0000000000000a00
core   0: 0x000000008000602c (0x344025f3) csrrs   a1, mip, zero
core   0: 3 0x000000008000602c (0x344025f3) x11 0x0000000000000080
core   0: 0x0000000080006030 (0x343025f3) csrrs   a1, mtval, zero
core   0: 3 0x0000000080006030 (0x343025f3) x11 0x00000000f11c5273
core   0: 0x0000000080006034 (0x14302573) csrrs   a0, stval, zero
core   0: 3 0x0000000080006034 (0x14302573) x10 0x0000000000000000
core   0: 0x0000000080006038 (0xb02024f3) csrrs   s1, minstret, zero
core   0: 3 0x0000000080006038 (0xb02024f3) x9  0x0000000000000f6c
core   0: 0x000000008000603c (0x0000a811) c.j     pc + 20
core   0: 3 0x000000008000603c (0xa811)
core   0: >>>>  mepc_4
core   0: 0x0000000080006050 (0x00000791) c.addi  a5, 4
core   0: 3 0x0000000080006050 (0x0791) x15 0x00000000800056cc
core   0: 0x0000000080006052 (0x34179073) csrrw   zero, mepc, a5
core   0: 3 0x0000000080006052 (0x34179073) c833_mepc 0x00000000800056cc
core   0: 0x0000000080006056 (0x30200073) mret
core   0: 3 0x0000000080006056 (0x30200073) c768_mstatus 0x8000000a00106080
core   0: 0x00000000800056cc (0x02ca73d3) fadd.d  ft7, fs4, fa2
core   0: 1 0x00000000800056cc (0x02ca73d3) f7  0x0000000000000000
core   0: 0x00000000800056d0 (0x025ef833) remu    a6, t4, t0
core   0: 1 0x00000000800056d0 (0x025ef833) x16 0x0000000000000019
core   0: 0x00000000800056d4 (0x0274f9d3) fadd.d  fs3, fs1, ft7
core   0: 1 0x00000000800056d4 (0x0274f9d3) f19 0x7ff8000000000000
core   0: 0x00000000800056d8 (0xd025f353) fcvt.s.l ft6, a1
core   0: 1 0x00000000800056d8 (0xd025f353) c1_fflags 0x0000000000000001 f6  0xffffffff4f711c52
core   0: 0x00000000800056dc (0x40420633) sub     a2, tp, tp
core   0: 1 0x00000000800056dc (0x40420633) x12 0x0000000000000000
core   0: 0x00000000800056e0 (0x009678b3) and     a7, a2, s1
core   0: 1 0x00000000800056e0 (0x009678b3) x17 0x0000000000000000
core   0: 0x00000000800056e4 (0x00000001) c.nop
core   0: 1 0x00000000800056e4 (0x0001)
core   0: 0x00000000800056e6 (0x226aab53) fsgnjx.d fs6, fs5, ft6
core   0: 1 0x00000000800056e6 (0x226aab53) f22 0x409ff80000000000
core   0: 0x00000000800056ea (0x40980d33) sub     s10, a6, s1
core   0: 1 0x00000000800056ea (0x40980d33) x26 0xfffffffffffff0ad
core   0: 0x00000000800056ee (0xc067ddf3) csrrwi  s11, hpmcounter6, 15
core   0: exception trap_illegal_instruction, epc 0x00000000800056ee
core   0:           tval 0x00000000c067ddf3
core   0: >>>>  $xrv64i2p1_m2p0_a2p1_f2p2_d2p2_zicsr2p0_zifencei2p0_zmmul1p0_zba1p0_zbb1p0_zbc1p0_zbs1p0
core   0: 0x0000000080004000 (0x0080006f) j       pc + 0x8
core   0: 3 0x0000000080004000 (0x0080006f)
core   0: >>>>  mmode_exception_handler
core   0: 0x0000000080004008 (0x00002c17) auipc   s8, 0x2
core   0: 3 0x0000000080004008 (0x00002c17) x24 0x0000000080006008
core   0: 0x000000008000400c (0x014c0c13) addi    s8, s8, 20
core   0: 3 0x000000008000400c (0x014c0c13) x24 0x000000008000601c
core   0: 0x0000000080004010 (0x000c00e7) jalr    s8
core   0: 3 0x0000000080004010 (0x000c00e7) x1  0x0000000080004014
core   0: >>>>  any_handler
core   0: 0x000000008000601c (0x341027f3) csrrs   a5, mepc, zero
core   0: 3 0x000000008000601c (0x341027f3) x15 0x00000000800056ee
core   0: 0x0000000080006020 (0x34202773) csrrs   a4, mcause, zero
core   0: 3 0x0000000080006020 (0x34202773) x14 0x0000000000000002
core   0: 0x0000000080006024 (0x142026f3) csrrs   a3, scause, zero
core   0: 3 0x0000000080006024 (0x142026f3) x13 0x0000000000000000
core   0: 0x0000000080006028 (0x30402673) csrrs   a2, mie, zero
core   0: 3 0x0000000080006028 (0x30402673) x12 0x0000000000000a00
core   0: 0x000000008000602c (0x344025f3) csrrs   a1, mip, zero
core   0: 3 0x000000008000602c (0x344025f3) x11 0x0000000000000080
core   0: 0x0000000080006030 (0x343025f3) csrrs   a1, mtval, zero
core   0: 3 0x0000000080006030 (0x343025f3) x11 0x00000000c067ddf3
core   0: 0x0000000080006034 (0x14302573) csrrs   a0, stval, zero
core   0: 3 0x0000000080006034 (0x14302573) x10 0x0000000000000000
core   0: 0x0000000080006038 (0xb02024f3) csrrs   s1, minstret, zero
core   0: 3 0x0000000080006038 (0xb02024f3) x9  0x0000000000000f85
core   0: 0x000000008000603c (0x0000a811) c.j     pc + 20
core   0: 3 0x000000008000603c (0xa811)
core   0: >>>>  mepc_4
core   0: 0x0000000080006050 (0x00000791) c.addi  a5, 4
core   0: 3 0x0000000080006050 (0x0791) x15 0x00000000800056f2
core   0: 0x0000000080006052 (0x34179073) csrrw   zero, mepc, a5
core   0: 3 0x0000000080006052 (0x34179073) c833_mepc 0x00000000800056f2
core   0: 0x0000000080006056 (0x30200073) mret
core   0: 3 0x0000000080006056 (0x30200073) c768_mstatus 0x8000000a00106080
core   0: 0x00000000800056f2 (0x01a18333) add     t1, gp, s10
core   0: 1 0x00000000800056f2 (0x01a18333) x6  0xffffffffffffe8af
core   0: 0x00000000800056f6 (0x03397833) remu    a6, s2, s3
core   0: 1 0x00000000800056f6 (0x03397833) x16 0x0000000000000000
core   0: 0x00000000800056fa (0x420383d3) fcvt.d.s ft7, ft7
core   0: 1 0x00000000800056fa (0x420383d3) f7  0x7ff8000000000000
core   0: 0x00000000800056fe (0xc03af753) fcvt.lu.s a4, fs5
core   0: 1 0x00000000800056fe (0xc03af753) c1_fflags 0x0000000000000011 x14 0xffffffffffffffff
core   0: 0x0000000080005702 (0x02500cbb) mulw    s9, zero, t0
core   0: 1 0x0000000080005702 (0x02500cbb) x25 0x0000000000000000
core   0: 0x0000000080005706 (0x720071cb) fnmsub.d ft3, ft0, ft0, fa4
core   0: 1 0x0000000080005706 (0x720071cb) f3  0x7ff8000000000000
core   0: 0x000000008000570a (0x223c9ad3) fsgnjn.d fs5, fs9, ft3
core   0: 1 0x000000008000570a (0x223c9ad3) f21 0xc0e59e0a97e7f0a2
core   0: 0x000000008000570e (0x015d9e33) sll     t3, s11, s5
core   0: 1 0x000000008000570e (0x015d9e33) x28 0x0000000000000000
core   0: 0x0000000080005712 (0xc395fc47) fmsub.d fs8, fa1, fs9, fs8
core   0: 1 0x0000000080005712 (0xc395fc47) f24 0x7ff8000000000000
core   0: 0x0000000080005716 (0x035e0ab3) mul     s5, t3, s5
core   0: 1 0x0000000080005716 (0x035e0ab3) x21 0x0000000000000000
core   0: 0x000000008000571a (0x001e0c13) addi    s8, t3, 1
core   0: 1 0x000000008000571a (0x001e0c13) x24 0x0000000000000001
core   0: 0x000000008000571e (0x00008785) c.srai  a5, 1
core   0: 1 0x000000008000571e (0x8785) x15 0x0000000040002b79
core   0: 0x0000000080005720 (0x01f7531b) srliw   t1, a4, 31
core   0: 1 0x0000000080005720 (0x01f7531b) x6  0x0000000000000001
core   0: 0x0000000080005724 (0x025e1bb3) mulh    s7, t3, t0
core   0: 1 0x0000000080005724 (0x025e1bb3) x23 0x0000000000000000
core   0: 0x0000000080005728 (0x00202d73) csrrs   s10, frm, zero
core   0: 1 0x0000000080005728 (0x00202d73) x26 0x0000000000000001
core   0: 0x000000008000572c (0xd222f1d3) fcvt.d.l ft3, t0
core   0: 1 0x000000008000572c (0xd222f1d3) f3  0x4045000000000000
core   0: 0x0000000080005730 (0x5a00f0d3) fsqrt.d ft1, ft1
core   0: 1 0x0000000080005730 (0x5a00f0d3) f1  0x7ff8000000000000
core   0: 0x0000000080005734 (0x00128b1b) addiw   s6, t0, 1
core   0: 1 0x0000000080005734 (0x00128b1b) x22 0x000000000000002b
core   0: 0x0000000080005738 (0xb4f2cc13) xori    s8, t0, -1201
core   0: 1 0x0000000080005738 (0xb4f2cc13) x24 0xfffffffffffffb65
core   0: 0x000000008000573c (0x025c58b3) divu    a7, s8, t0
core   0: 1 0x000000008000573c (0x025c58b3) x17 0x06186186186185fc
core   0: 0x0000000080005740 (0x405b533b) sraw    t1, s6, t0
core   0: 1 0x0000000080005740 (0x405b533b) x6  0x0000000000000000
core   0: 0x0000000080005744 (0xfff8811b) addiw   sp, a7, -1
core   0: 1 0x0000000080005744 (0xfff8811b) x2  0x00000000186185fb
core   0: 0x0000000080005748 (0x0106573b) srlw    a4, a2, a6
core   0: 1 0x0000000080005748 (0x0106573b) x14 0x0000000000000a00
core   0: 0x000000008000574c (0x00a55d1b) srliw   s10, a0, 10
core   0: 1 0x000000008000574c (0x00a55d1b) x26 0x0000000000000000
core   0: 0x0000000080005750 (0xc035fbf3) csrrci  s7, hpmcounter3, 11
core   0: exception trap_illegal_instruction, epc 0x0000000080005750
core   0:           tval 0x00000000c035fbf3
core   0: >>>>  $xrv64i2p1_m2p0_a2p1_f2p2_d2p2_zicsr2p0_zifencei2p0_zmmul1p0_zba1p0_zbb1p0_zbc1p0_zbs1p0
core   0: 0x0000000080004000 (0x0080006f) j       pc + 0x8
core   0: 3 0x0000000080004000 (0x0080006f)
core   0: >>>>  mmode_exception_handler
core   0: 0x0000000080004008 (0x00002c17) auipc   s8, 0x2
core   0: 3 0x0000000080004008 (0x00002c17) x24 0x0000000080006008
core   0: 0x000000008000400c (0x014c0c13) addi    s8, s8, 20
core   0: 3 0x000000008000400c (0x014c0c13) x24 0x000000008000601c
core   0: 0x0000000080004010 (0x000c00e7) jalr    s8
core   0: 3 0x0000000080004010 (0x000c00e7) x1  0x0000000080004014
core   0: >>>>  any_handler
core   0: 0x000000008000601c (0x341027f3) csrrs   a5, mepc, zero
core   0: 3 0x000000008000601c (0x341027f3) x15 0x0000000080005750
core   0: 0x0000000080006020 (0x34202773) csrrs   a4, mcause, zero
core   0: 3 0x0000000080006020 (0x34202773) x14 0x0000000000000002
core   0: 0x0000000080006024 (0x142026f3) csrrs   a3, scause, zero
core   0: 3 0x0000000080006024 (0x142026f3) x13 0x0000000000000000
core   0: 0x0000000080006028 (0x30402673) csrrs   a2, mie, zero
core   0: 3 0x0000000080006028 (0x30402673) x12 0x0000000000000a00
core   0: 0x000000008000602c (0x344025f3) csrrs   a1, mip, zero
core   0: 3 0x000000008000602c (0x344025f3) x11 0x0000000000000080
core   0: 0x0000000080006030 (0x343025f3) csrrs   a1, mtval, zero
core   0: 3 0x0000000080006030 (0x343025f3) x11 0x00000000c035fbf3
core   0: 0x0000000080006034 (0x14302573) csrrs   a0, stval, zero
core   0: 3 0x0000000080006034 (0x14302573) x10 0x0000000000000000
core   0: 0x0000000080006038 (0xb02024f3) csrrs   s1, minstret, zero
core   0: 3 0x0000000080006038 (0xb02024f3) x9  0x0000000000000fad
core   0: 0x000000008000603c (0x0000a811) c.j     pc + 20
core   0: 3 0x000000008000603c (0xa811)
core   0: >>>>  mepc_4
core   0: 0x0000000080006050 (0x00000791) c.addi  a5, 4
core   0: 3 0x0000000080006050 (0x0791) x15 0x0000000080005754
core   0: 0x0000000080006052 (0x34179073) csrrw   zero, mepc, a5
core   0: 3 0x0000000080006052 (0x34179073) c833_mepc 0x0000000080005754
core   0: 0x0000000080006056 (0x30200073) mret
core   0: 3 0x0000000080006056 (0x30200073) c768_mstatus 0x8000000a00106080
core   0: 0x0000000080005754 (0x031185bb) mulw    a1, gp, a7
core   0: 1 0x0000000080005754 (0x031185bb) x11 0x0000000024932bf8
core   0: 0x0000000080005758 (0x9ba0f44f) fnmadd.d fs0, ft1, fs10, fs3
core   0: 1 0x0000000080005758 (0x9ba0f44f) f8  0x7ff8000000000000
core   0: 0x000000008000575c (0x02c8d313) srli    t1, a7, 44
core   0: 1 0x000000008000575c (0x02c8d313) x6  0x0000000000006186
core   0: 0x0000000080005760 (0x22598553) fsgnj.d fa0, fs3, ft5
core   0: 1 0x0000000080005760 (0x22598553) f10 0xfff8000000000000
core   0: 0x0000000080005764 (0x415ad53b) sraw    a0, s5, s5
core   0: 1 0x0000000080005764 (0x415ad53b) x10 0x0000000000000000
core   0: 0x0000000080005768 (0x0397d7bb) divuw   a5, a5, s9
core   0: 1 0x0000000080005768 (0x0397d7bb) x15 0xffffffffffffffff
core   0: 0x000000008000576c (0x01b7d33b) srlw    t1, a5, s11
core   0: 1 0x000000008000576c (0x01b7d33b) x6  0x0000000000000003
core   0: 0x0000000080005770 (0x00102af3) csrrs   s5, fflags, zero
core   0: 1 0x0000000080005770 (0x00102af3) x21 0x0000000000000011
core   0: 0x0000000080005774 (0x034e8433) mul     s0, t4, s4
core   0: 1 0x0000000080005774 (0x034e8433) x8  0x0000000000000000
core   0: 0x0000000080005778 (0x32affd43) fmadd.d fs10, ft11, fa0, ft6
core   0: 1 0x0000000080005778 (0x32affd43) f26 0x7ff8000000000000
core   0: 0x000000008000577c (0xc20d7253) fcvt.w.d tp, fs10
core   0: 1 0x000000008000577c (0xc20d7253) c1_fflags 0x0000000000000011 x4  0x000000007fffffff
core   0: 0x0000000080005780 (0x226f8a53) fsgnj.d fs4, ft11, ft6
core   0: 1 0x0000000080005780 (0x226f8a53) f20 0xfff8000000000000
core   0: 0x0000000080005784 (0xad017413) andi    s0, sp, -1328
core   0: 1 0x0000000080005784 (0xad017413) x8  0x00000000186180d0
core   0: 0x0000000080005788 (0x0ff0000f) fence   iorw,iorw
core   0: 1 0x0000000080005788 (0x0ff0000f)
core   0: 0x000000008000578c (0x5a0d7953) fsqrt.d fs2, fs10
core   0: 1 0x000000008000578c (0x5a0d7953) f18 0x7ff8000000000000
core   0: 0x0000000080005790 (0xc2157053) fcvt.wu.d zero, fa0
core   0: 1 0x0000000080005790 (0xc2157053) c1_fflags 0x0000000000000011
core   0: 0x0000000080005794 (0x22842653) fsgnjx.d fa2, fs0, fs0
core   0: 1 0x0000000080005794 (0x22842653) f12 0x7ff8000000000000
core   0: 0x0000000080005798 (0x4003d613) srai    a2, t2, 0
core   0: 1 0x0000000080005798 (0x4003d613) x12 0x00000000b449e6a4
core   0: 0x000000008000579c (0xfff64513) not     a0, a2
core   0: 1 0x000000008000579c (0xfff64513) x10 0xffffffff4bb6195b
core   0: 0x00000000800057a0 (0x017026b3) slt     a3, zero, s7
core   0: 1 0x00000000800057a0 (0x017026b3) x13 0x0000000000000000
core   0: 0x00000000800057a4 (0x1402d773) csrrwi  a4, sscratch, 5
core   0: 1 0x00000000800057a4 (0x1402d773) x14 0x0000000000000000 c320_sscratch 0x0000000000000005
core   0: 0x00000000800057a8 (0xd20b8853) fcvt.d.w fa6, s7
core   0: 1 0x00000000800057a8 (0xd20b8853) f16 0x0000000000000000
core   0: 0x00000000800057ac (0x03087ed3) fadd.d  ft9, fa6, fa6
core   0: 1 0x00000000800057ac (0x03087ed3) f29 0x0000000000000000
core   0: 0x00000000800057b0 (0x03774b3b) divw    s6, a4, s7
core   0: 1 0x00000000800057b0 (0x03774b3b) x22 0xffffffffffffffff
core   0: 0x00000000800057b4 (0x800ece93) xori    t4, t4, -2048
core   0: 1 0x00000000800057b4 (0x800ece93) x29 0xfffffffffffff819
core   0: 0x00000000800057b8 (0x00000001) c.nop
core   0: 1 0x00000000800057b8 (0x0001)
core   0: 0x00000000800057ba (0x03dac9b3) div     s3, s5, t4
core   0: 1 0x00000000800057ba (0x03dac9b3) x19 0x0000000000000000
core   0: 0x00000000800057be (0x132ef553) fmul.d  fa0, ft9, fs2
core   0: 1 0x00000000800057be (0x132ef553) f10 0x7ff8000000000000
core   0: 0x00000000800057c2 (0xfef9a937) lui     s2, 0xfef9a
core   0: 1 0x00000000800057c2 (0xfef9a937) x18 0xfffffffffef9a000
core   0: 0x00000000800057c6 (0xef39091b) addiw   s2, s2, -269
core   0: 1 0x00000000800057c6 (0xef39091b) x18 0xfffffffffef99ef3
core   0: 0x00000000800057ca (0x00000936) c.slli  s2, 13
core   0: 1 0x00000000800057ca (0x0936) x18 0xffffffdf33de6000
core   0: 0x00000000800057cc (0x66f90913) addi    s2, s2, 1647
core   0: 1 0x00000000800057cc (0x66f90913) x18 0xffffffdf33de666f
core   0: 0x00000000800057d0 (0x23d52ad3) fsgnjx.d fs5, fa0, ft9
core   0: 1 0x00000000800057d0 (0x23d52ad3) f21 0x7ff8000000000000
core   0: 0x00000000800057d4 (0x03397ab3) remu    s5, s2, s3
core   0: 1 0x00000000800057d4 (0x03397ab3) x21 0xffffffdf33de666f
core   0: 0x00000000800057d8 (0x5a0cf153) fsqrt.d ft2, fs9
core   0: 1 0x00000000800057d8 (0x5a0cf153) c1_fflags 0x0000000000000011 f2  0x406a4d1dffa5da89
core   0: 0x00000000800057dc (0xf5cb4e93) xori    t4, s6, -164
core   0: 1 0x00000000800057dc (0xf5cb4e93) x29 0x00000000000000a3
core   0: 0x00000000800057e0 (0x03d892b3) mulh    t0, a7, t4
core   0: 1 0x00000000800057e0 (0x03d892b3) x5  0x0000000000000003
core   0: 0x00000000800057e4 (0xfff46d13) ori     s10, s0, -1
core   0: 1 0x00000000800057e4 (0xfff46d13) x26 0xffffffffffffffff
core   0: 0x00000000800057e8 (0x00aec9b3) xor     s3, t4, a0
core   0: 1 0x00000000800057e8 (0x00aec9b3) x19 0xffffffff4bb619f8
core   0: 0x00000000800057ec (0x23f9a1d3) fsgnjx.d ft3, fs3, ft11
core   0: 1 0x00000000800057ec (0x23f9a1d3) f3  0x7ff8000000000000
core   0: 0x00000000800057f0 (0xc201f353) fcvt.w.d t1, ft3
core   0: 1 0x00000000800057f0 (0xc201f353) c1_fflags 0x0000000000000011 x6  0x000000007fffffff
core   0: 0x00000000800057f4 (0x00000001) c.nop
core   0: 1 0x00000000800057f4 (0x0001)
core   0: 0x00000000800057f6 (0x5a02fa53) fsqrt.d fs4, ft5
core   0: 1 0x00000000800057f6 (0x5a02fa53) c1_fflags 0x0000000000000011 f20 0x7ff8000000000000
core   0: 0x00000000800057fa (0x02d9d4b3) divu    s1, s3, a3
core   0: 1 0x00000000800057fa (0x02d9d4b3) x9  0xffffffffffffffff
core   0: 0x00000000800057fe (0x949cc897) auipc   a7, 0x949cc
core   0: 1 0x00000000800057fe (0x949cc897) x17 0x00000000149d17fe
core   0: 0x0000000080005802 (0x0abaf5d3) fsub.d  fa1, fs5, fa1
core   0: 1 0x0000000080005802 (0x0abaf5d3) f11 0x7ff8000000000000
core   0: 0x0000000080005806 (0x0bff7fd3) fsub.d  ft11, ft10, ft11
core   0: 1 0x0000000080005806 (0x0bff7fd3) f31 0x7ff8000000000000
core   0: 0x000000008000580a (0xc2137253) fcvt.wu.d tp, ft6
core   0: 1 0x000000008000580a (0xc2137253) c1_fflags 0x0000000000000011 x4  0xffffffffffffffff
core   0: 0x000000008000580e (0x00ccd913) srli    s2, s9, 12
core   0: 1 0x000000008000580e (0x00ccd913) x18 0x0000000000000000
core   0: 0x0000000080005812 (0x03817c33) remu    s8, sp, s8
core   0: 1 0x0000000080005812 (0x03817c33) x24 0x00000000186185fb
core   0: 0x0000000080005816 (0x5a03fad3) fsqrt.d fs5, ft7
core   0: 1 0x0000000080005816 (0x5a03fad3) f21 0x7ff8000000000000
core   0: 0x000000008000581a (0x00c9913b) sllw    sp, s3, a2
core   0: 1 0x000000008000581a (0x00c9913b) x2  0xffffffffbb619f80
core   0: 0x000000008000581e (0xc2177a53) fcvt.wu.d s4, fa4
core   0: 1 0x000000008000581e (0xc2177a53) c1_fflags 0x0000000000000011 x20 0xffffffffffffffff
core   0: 0x0000000080005822 (0x1b6dfb53) fdiv.d  fs6, fs11, fs6
core   0: 1 0x0000000080005822 (0x1b6dfb53) f22 0x7ff8000000000000
core   0: 0x0000000080005826 (0x400ad913) srai    s2, s5, 0
core   0: 1 0x0000000080005826 (0x400ad913) x18 0xffffffdf33de666f
core   0: 0x000000008000582a (0x0344043b) mulw    s0, s0, s4
core   0: 1 0x000000008000582a (0x0344043b) x8  0xffffffffe79e7f30
core   0: 0x000000008000582e (0x408607bb) subw    a5, a2, s0
core   0: 1 0x000000008000582e (0x408607bb) x15 0xffffffffccab6774
core   0: 0x0000000080005832 (0x41dedcbb) sraw    s9, t4, t4
core   0: 1 0x0000000080005832 (0x41dedcbb) x25 0x0000000000000014
core   0: 0x0000000080005836 (0x2aca9953) fmax.d  fs2, fs5, fa2
core   0: 1 0x0000000080005836 (0x2aca9953) f18 0x7ff8000000000000
core   0: 0x000000008000583a (0x93b77a47) fmsub.d fs4, fa4, fs11, fs2
core   0: 1 0x000000008000583a (0x93b77a47) f20 0x7ff8000000000000
core   0: 0x000000008000583e (0x340cfd13) andi    s10, s9, 832
core   0: 1 0x000000008000583e (0x340cfd13) x26 0x0000000000000000
core   0: 0x0000000080005842 (0x40ecdc1b) sraiw   s8, s9, 14
core   0: 1 0x0000000080005842 (0x40ecdc1b) x24 0x0000000000000000
core   0: 0x0000000080005846 (0xd22df4d3) fcvt.d.l fs1, s11
core   0: 1 0x0000000080005846 (0xd22df4d3) f9  0x409d780000000000
core   0: 0x000000008000584a (0x800d879b) addiw   a5, s11, -2048
core   0: 1 0x000000008000584a (0x800d879b) x15 0xffffffffffffff5e
core   0: 0x000000008000584e (0x02797453) fadd.d  fs0, fs2, ft7
core   0: 1 0x000000008000584e (0x02797453) f8  0x7ff8000000000000
core   0: 0x0000000080005852 (0x4047dd3b) sraw    s10, a5, tp
core   0: 1 0x0000000080005852 (0x4047dd3b) x26 0xffffffffffffffff
core   0: 0x0000000080005856 (0x00125e1b) srliw   t3, tp, 1
core   0: 1 0x0000000080005856 (0x00125e1b) x28 0x000000007fffffff
core   0: 0x000000008000585a (0x011a563b) srlw    a2, s4, a7
core   0: 1 0x000000008000585a (0x011a563b) x12 0x0000000000000003
core   0: 0x000000008000585e (0xf2070253) fmv.d.x ft4, a4
core   0: 1 0x000000008000585e (0xf2070253) f4  0x0000000000000000
core   0: 0x0000000080005862 (0x40395733) sra     a4, s2, gp
core   0: 1 0x0000000080005862 (0x40395733) x14 0xfffffff7ccf7999b
core   0: 0x0000000080005866 (0x039614b3) mulh    s1, a2, s9
core   0: 1 0x0000000080005866 (0x039614b3) x9  0x0000000000000000
core   0: 0x000000008000586a (0x03d6f353) fadd.d  ft6, fa3, ft9
core   0: 1 0x000000008000586a (0x03d6f353) f6  0x41dd34f4e0000000
core   0: 0x000000008000586e (0xd20909d3) fcvt.d.w fs3, s2
core   0: 1 0x000000008000586e (0xd20909d3) f19 0x41c9ef3337800000
core   0: 0x0000000080005872 (0x03400933) mul     s2, zero, s4
core   0: 1 0x0000000080005872 (0x03400933) x18 0x0000000000000000
core   0: 0x0000000080005876 (0x00191373) csrrw   t1, fflags, s2
core   0: 1 0x0000000080005876 (0x00191373) x6  0x0000000000000011 c1_fflags 0x0000000000000000
core   0: 0x000000008000587a (0x0071093b) addw    s2, sp, t2
core   0: 1 0x000000008000587a (0x0071093b) x18 0x000000006fab8624
core   0: 0x000000008000587e (0x31a39573) csrrw   a0, menvcfgh, t2
core   0: exception trap_illegal_instruction, epc 0x000000008000587e
core   0:           tval 0x0000000031a39573
core   0: >>>>  $xrv64i2p1_m2p0_a2p1_f2p2_d2p2_zicsr2p0_zifencei2p0_zmmul1p0_zba1p0_zbb1p0_zbc1p0_zbs1p0
core   0: 0x0000000080004000 (0x0080006f) j       pc + 0x8
core   0: 3 0x0000000080004000 (0x0080006f)
core   0: >>>>  mmode_exception_handler
core   0: 0x0000000080004008 (0x00002c17) auipc   s8, 0x2
core   0: 3 0x0000000080004008 (0x00002c17) x24 0x0000000080006008
core   0: 0x000000008000400c (0x014c0c13) addi    s8, s8, 20
core   0: 3 0x000000008000400c (0x014c0c13) x24 0x000000008000601c
core   0: 0x0000000080004010 (0x000c00e7) jalr    s8
core   0: 3 0x0000000080004010 (0x000c00e7) x1  0x0000000080004014
core   0: >>>>  any_handler
core   0: 0x000000008000601c (0x341027f3) csrrs   a5, mepc, zero
core   0: 3 0x000000008000601c (0x341027f3) x15 0x000000008000587e
core   0: 0x0000000080006020 (0x34202773) csrrs   a4, mcause, zero
core   0: 3 0x0000000080006020 (0x34202773) x14 0x0000000000000002
core   0: 0x0000000080006024 (0x142026f3) csrrs   a3, scause, zero
core   0: 3 0x0000000080006024 (0x142026f3) x13 0x0000000000000000
core   0: 0x0000000080006028 (0x30402673) csrrs   a2, mie, zero
core   0: 3 0x0000000080006028 (0x30402673) x12 0x0000000000000a00
core   0: 0x000000008000602c (0x344025f3) csrrs   a1, mip, zero
core   0: 3 0x000000008000602c (0x344025f3) x11 0x0000000000000080
core   0: 0x0000000080006030 (0x343025f3) csrrs   a1, mtval, zero
core   0: 3 0x0000000080006030 (0x343025f3) x11 0x0000000031a39573
core   0: 0x0000000080006034 (0x14302573) csrrs   a0, stval, zero
core   0: 3 0x0000000080006034 (0x14302573) x10 0x0000000000000000
core   0: 0x0000000080006038 (0xb02024f3) csrrs   s1, minstret, zero
core   0: 3 0x0000000080006038 (0xb02024f3) x9  0x0000000000001009
core   0: 0x000000008000603c (0x0000a811) c.j     pc + 20
core   0: 3 0x000000008000603c (0xa811)
core   0: >>>>  mepc_4
core   0: 0x0000000080006050 (0x00000791) c.addi  a5, 4
core   0: 3 0x0000000080006050 (0x0791) x15 0x0000000080005882
core   0: 0x0000000080006052 (0x34179073) csrrw   zero, mepc, a5
core   0: 3 0x0000000080006052 (0x34179073) c833_mepc 0x0000000080005882
core   0: 0x0000000080006056 (0x30200073) mret
core   0: 3 0x0000000080006056 (0x30200073) c768_mstatus 0x8000000a00106080
core   0: 0x0000000080005882 (0xc039f0d3) fcvt.lu.s ra, fs3
core   0: 1 0x0000000080005882 (0xc039f0d3) c1_fflags 0x0000000000000010 x1  0xffffffffffffffff
core   0: 0x0000000080005886 (0xc229f153) fcvt.l.d sp, fs3
core   0: 1 0x0000000080005886 (0xc229f153) x2  0x0000000033de666f
core   0: 0x000000008000588a (0xd030fdd3) fcvt.s.lu fs11, ra
core   0: 1 0x000000008000588a (0xd030fdd3) c1_fflags 0x0000000000000011 f27 0xffffffff5f7fffff
core   0: 0x000000008000588e (0x00c60cbb) addw    s9, a2, a2
core   0: 1 0x000000008000588e (0x00c60cbb) x25 0x0000000000001400
core   0: 0x0000000080005892 (0x0224ea3b) remw    s4, s1, sp
core   0: 1 0x0000000080005892 (0x0224ea3b) x20 0x0000000000001009
core   0: 0x0000000080005896 (0x00081d9b) slliw   s11, a6, 0
core   0: 1 0x0000000080005896 (0x00081d9b) x27 0x0000000000000000
core   0: 0x000000008000589a (0x00008ec5) c.or    a3, s1
core   0: 1 0x000000008000589a (0x8ec5) x13 0x0000000000001009
core   0: 0x000000008000589c (0x0031e2b3) or      t0, gp, gp
core   0: 1 0x000000008000589c (0x0031e2b3) x5  0xfffffffffffff802
core   0: 0x00000000800058a0 (0x011689b3) add     s3, a3, a7
core   0: 1 0x00000000800058a0 (0x011689b3) x19 0x00000000149d2807
core   0: 0x00000000800058a4 (0x02187a33) remu    s4, a6, ra
core   0: 1 0x00000000800058a4 (0x02187a33) x20 0x0000000000000000
core   0: 0x00000000800058a8 (0x00269073) csrrw   zero, frm, a3
core   0: 1 0x00000000800058a8 (0x00269073) c2_frm 0x0000000000000001
core   0: 0x00000000800058ac (0x401cf0d3) fcvt.s.d ft1, fs9
core   0: 1 0x00000000800058ac (0x401cf0d3) c1_fflags 0x0000000000000011 f1  0xffffffff472cf054
core   0: 0x00000000800058b0 (0x03b6dbb3) divu    s7, a3, s11
core   0: 1 0x00000000800058b0 (0x03b6dbb3) x23 0xffffffffffffffff
core   0: 0x00000000800058b4 (0x417d533b) sraw    t1, s10, s7
core   0: 1 0x00000000800058b4 (0x417d533b) x6  0xffffffffffffffff
core   0: 0x00000000800058b8 (0x02a00533) mul     a0, zero, a0
core   0: 1 0x00000000800058b8 (0x02a00533) x10 0x0000000000000000
core   0: 0x00000000800058bc (0xd0207853) fcvt.s.l fa6, zero
core   0: 1 0x00000000800058bc (0xd0207853) f16 0xffffffff00000000
core   0: 0x00000000800058c0 (0x02e6e133) rem     sp, a3, a4
core   0: 1 0x00000000800058c0 (0x02e6e133) x2  0x0000000000000001
core   0: 0x00000000800058c4 (0x01415a33) srl     s4, sp, s4
core   0: 1 0x00000000800058c4 (0x01415a33) x20 0x0000000000000001
core   0: 0x00000000800058c8 (0x01405d33) srl     s10, zero, s4
core   0: 1 0x00000000800058c8 (0x01405d33) x26 0x0000000000000000
core   0: 0x00000000800058cc (0x014a7633) and     a2, s4, s4
core   0: 1 0x00000000800058cc (0x014a7633) x12 0x0000000000000001
core   0: 0x00000000800058d0 (0xd23d7dd3) fcvt.d.lu fs11, s10
core   0: 1 0x00000000800058d0 (0xd23d7dd3) f27 0x0000000000000000
core   0: 0x00000000800058d4 (0x2baf8fd3) fmin.d  ft11, ft11, fs10
core   0: 1 0x00000000800058d4 (0x2baf8fd3) f31 0x7ff8000000000000
core   0: 0x00000000800058d8 (0x032cfb53) fadd.d  fs6, fs9, fs2
core   0: 1 0x00000000800058d8 (0x032cfb53) f22 0x7ff8000000000000
core   0: 0x00000000800058dc (0x020eb9b3) mulhu   s3, t4, zero
core   0: 1 0x00000000800058dc (0x020eb9b3) x19 0x0000000000000000
core   0: 0x00000000800058e0 (0x02504c33) div     s8, zero, t0
core   0: 1 0x00000000800058e0 (0x02504c33) x24 0x0000000000000000
core   0: 0x00000000800058e4 (0x00000001) c.nop
core   0: 1 0x00000000800058e4 (0x0001)
core   0: 0x00000000800058e6 (0x0118dc33) srl     s8, a7, a7
core   0: 1 0x00000000800058e6 (0x0118dc33) x24 0x0000000000000000
core   0: 0x00000000800058ea (0x1fc9c513) xori    a0, s3, 508
core   0: 1 0x00000000800058ea (0x1fc9c513) x10 0x00000000000001fc
core   0: 0x00000000800058ee (0xc022e5f3) csrrsi  a1, instret, 5
core   0: exception trap_illegal_instruction, epc 0x00000000800058ee
core   0:           tval 0x00000000c022e5f3
core   0: >>>>  $xrv64i2p1_m2p0_a2p1_f2p2_d2p2_zicsr2p0_zifencei2p0_zmmul1p0_zba1p0_zbb1p0_zbc1p0_zbs1p0
core   0: 0x0000000080004000 (0x0080006f) j       pc + 0x8
core   0: 3 0x0000000080004000 (0x0080006f)
core   0: >>>>  mmode_exception_handler
core   0: 0x0000000080004008 (0x00002c17) auipc   s8, 0x2
core   0: 3 0x0000000080004008 (0x00002c17) x24 0x0000000080006008
core   0: 0x000000008000400c (0x014c0c13) addi    s8, s8, 20
core   0: 3 0x000000008000400c (0x014c0c13) x24 0x000000008000601c
core   0: 0x0000000080004010 (0x000c00e7) jalr    s8
core   0: 3 0x0000000080004010 (0x000c00e7) x1  0x0000000080004014
core   0: >>>>  any_handler
core   0: 0x000000008000601c (0x341027f3) csrrs   a5, mepc, zero
core   0: 3 0x000000008000601c (0x341027f3) x15 0x00000000800058ee
core   0: 0x0000000080006020 (0x34202773) csrrs   a4, mcause, zero
core   0: 3 0x0000000080006020 (0x34202773) x14 0x0000000000000002
core   0: 0x0000000080006024 (0x142026f3) csrrs   a3, scause, zero
core   0: 3 0x0000000080006024 (0x142026f3) x13 0x0000000000000000
core   0: 0x0000000080006028 (0x30402673) csrrs   a2, mie, zero
core   0: 3 0x0000000080006028 (0x30402673) x12 0x0000000000000a00
core   0: 0x000000008000602c (0x344025f3) csrrs   a1, mip, zero
core   0: 3 0x000000008000602c (0x344025f3) x11 0x0000000000000080
core   0: 0x0000000080006030 (0x343025f3) csrrs   a1, mtval, zero
core   0: 3 0x0000000080006030 (0x343025f3) x11 0x00000000c022e5f3
core   0: 0x0000000080006034 (0x14302573) csrrs   a0, stval, zero
core   0: 3 0x0000000080006034 (0x14302573) x10 0x0000000000000000
core   0: 0x0000000080006038 (0xb02024f3) csrrs   s1, minstret, zero
core   0: 3 0x0000000080006038 (0xb02024f3) x9  0x0000000000001035
core   0: 0x000000008000603c (0x0000a811) c.j     pc + 20
core   0: 3 0x000000008000603c (0xa811)
core   0: >>>>  mepc_4
core   0: 0x0000000080006050 (0x00000791) c.addi  a5, 4
core   0: 3 0x0000000080006050 (0x0791) x15 0x00000000800058f2
core   0: 0x0000000080006052 (0x34179073) csrrw   zero, mepc, a5
core   0: 3 0x0000000080006052 (0x34179073) c833_mepc 0x00000000800058f2
core   0: 0x0000000080006056 (0x30200073) mret
core   0: 3 0x0000000080006056 (0x30200073) c768_mstatus 0x8000000a00106080
core   0: 0x00000000800058f2 (0x01845b33) srl     s6, s0, s8
core   0: 1 0x00000000800058f2 (0x01845b33) x22 0x0000000ffffffffe
core   0: 0x00000000800058f6 (0x22640453) fsgnj.d fs0, fs0, ft6
core   0: 1 0x00000000800058f6 (0x22640453) f8  0x7ff8000000000000
core   0: 0x00000000800058fa (0xd024f4d3) fcvt.s.l fs1, s1
core   0: 1 0x00000000800058fa (0xd024f4d3) f9  0xffffffff4581a800
core   0: 0x00000000800058fe (0x03c850bb) divuw   ra, a6, t3
core   0: 1 0x00000000800058fe (0x03c850bb) x1  0x0000000000000000
core   0: 0x0000000080005902 (0x401d03bb) subw    t2, s10, ra
core   0: 1 0x0000000080005902 (0x401d03bb) x7  0x0000000000000000
core   0: 0x0000000080005906 (0x016b03b3) add     t2, s6, s6
core   0: 1 0x0000000080005906 (0x016b03b3) x7  0x0000001ffffffffc
core   0: 0x000000008000590a (0x4079d433) sra     s0, s3, t2
core   0: 1 0x000000008000590a (0x4079d433) x8  0x0000000000000000
core   0: 0x000000008000590e (0x004b1d3b) sllw    s10, s6, tp
core   0: 1 0x000000008000590e (0x004b1d3b) x26 0x0000000000000000
core   0: 0x0000000080005912 (0x13eff14f) fnmadd.d ft2, ft11, ft10, ft2
core   0: 1 0x0000000080005912 (0x13eff14f) f2  0x7ff8000000000000
core   0: 0x0000000080005916 (0x0213d733) divu    a4, t2, ra
core   0: 1 0x0000000080005916 (0x0213d733) x14 0xffffffffffffffff
core   0: 0x000000008000591a (0x40e7523b) sraw    tp, a4, a4
core   0: 1 0x000000008000591a (0x40e7523b) x4  0xffffffffffffffff
core   0: 0x000000008000591e (0x02d6de33) divu    t3, a3, a3
core   0: 1 0x000000008000591e (0x02d6de33) x28 0xffffffffffffffff
core   0: 0x0000000080005922 (0xf28f7ecf) fnmadd.d ft9, ft10, fs0, ft10
core   0: 1 0x0000000080005922 (0xf28f7ecf) f29 0x7ff8000000000000
core   0: 0x0000000080005926 (0xe20f1753) fclass.d a4, ft10
core   0: 1 0x0000000080005926 (0xe20f1753) x14 0x0000000000000200
core   0: 0x000000008000592a (0x00e12133) slt     sp, sp, a4
core   0: 1 0x000000008000592a (0x00e12133) x2  0x0000000000000001
core   0: 0x000000008000592e (0x00202a73) csrrs   s4, frm, zero
core   0: 1 0x000000008000592e (0x00202a73) x20 0x0000000000000001
core   0: 0x0000000080005932 (0x0118dd3b) srlw    s10, a7, a7
core   0: 1 0x0000000080005932 (0x0118dd3b) x26 0x0000000000000000
core   0: 0x0000000080005936 (0x00000001) c.nop
core   0: 1 0x0000000080005936 (0x0001)
core   0: 0x0000000080005938 (0x035e0e33) mul     t3, t3, s5
core   0: 1 0x0000000080005938 (0x035e0e33) x28 0x00000020cc219991
core   0: 0x000000008000593c (0x00000001) c.nop
core   0: 1 0x000000008000593c (0x0001)
core   0: 0x000000008000593e (0x0233d1b7) lui     gp, 0x233d
core   0: 1 0x000000008000593e (0x0233d1b7) x3  0x000000000233d000
core   0: 0x0000000080005942 (0x3d91819b) addiw   gp, gp, 985
core   0: 1 0x0000000080005942 (0x3d91819b) x3  0x000000000233d3d9
core   0: 0x0000000080005946 (0x000001b2) c.slli  gp, 12
core   0: 1 0x0000000080005946 (0x01b2) x3  0x000000233d3d9000
core   0: 0x0000000080005948 (0x8c318193) addi    gp, gp, -1853
core   0: 1 0x0000000080005948 (0x8c318193) x3  0x000000233d3d88c3
core   0: 0x000000008000594c (0x00558bb3) add     s7, a1, t0
core   0: 1 0x000000008000594c (0x00558bb3) x23 0x00000000c022ddf5
core   0: 0x0000000080005950 (0x23de9853) fsgnjn.d fa6, ft9, ft9
core   0: 1 0x0000000080005950 (0x23de9853) f16 0xfff8000000000000
core   0: 0x0000000080005954 (0xc20ef353) fcvt.w.d t1, ft9
core   0: 1 0x0000000080005954 (0xc20ef353) c1_fflags 0x0000000000000011 x6  0x000000007fffffff
core   0: 0x0000000080005958 (0xd03bf353) fcvt.s.lu ft6, s7
core   0: 1 0x0000000080005958 (0xd03bf353) c1_fflags 0x0000000000000011 f6  0xffffffff4f4022dd
core   0: 0x000000008000595c (0x0384cc3b) divw    s8, s1, s8
core   0: 1 0x000000008000595c (0x0384cc3b) x24 0x0000000000000000
core   0: 0x0000000080005960 (0x01f2db1b) srliw   s6, t0, 31
core   0: 1 0x0000000080005960 (0x01f2db1b) x22 0x0000000000000001
core   0: 0x0000000080005964 (0x4255d693) srai    a3, a1, 37
core   0: 1 0x0000000080005964 (0x4255d693) x13 0x0000000000000000
core   0: 0x0000000080005968 (0x40c7d69b) sraiw   a3, a5, 12
core   0: 1 0x0000000080005968 (0x40c7d69b) x13 0xfffffffffff80005
core   0: 0x000000008000596c (0xd2198753) fcvt.d.wu fa4, s3
core   0: 1 0x000000008000596c (0xd2198753) f14 0x0000000000000000
core   0: 0x0000000080005970 (0x4180d5bb) sraw    a1, ra, s8
core   0: 1 0x0000000080005970 (0x4180d5bb) x11 0x0000000000000000
core   0: 0x0000000080005974 (0x0189d99b) srliw   s3, s3, 24
core   0: 1 0x0000000080005974 (0x0189d99b) x19 0x0000000000000000
core   0: 0x0000000080005978 (0x037df5bb) remuw   a1, s11, s7
core   0: 1 0x0000000080005978 (0x037df5bb) x11 0x0000000000000000
core   0: 0x000000008000597c (0xd22d7d53) fcvt.d.l fs10, s10
core   0: 1 0x000000008000597c (0xd22d7d53) f26 0x0000000000000000
core   0: 0x0000000080005980 (0xa2e68553) fle.d   a0, fa3, fa4
core   0: 1 0x0000000080005980 (0xa2e68553) x10 0x0000000000000000
core   0: 0x0000000080005984 (0xd23578d3) fcvt.d.lu fa7, a0
core   0: 1 0x0000000080005984 (0xd23578d3) f17 0x0000000000000000
core   0: 0x0000000080005988 (0x03b89133) mulh    sp, a7, s11
core   0: 1 0x0000000080005988 (0x03b89133) x2  0x0000000000000000
core   0: 0x000000008000598c (0x00a38a3b) addw    s4, t2, a0
core   0: 1 0x000000008000598c (0x00a38a3b) x20 0xfffffffffffffffc
core   0: 0x0000000080005990 (0x83787dcf) fnmadd.d fs11, fa6, fs7, fa6
core   0: 1 0x0000000080005990 (0x83787dcf) f27 0x7ff8000000000000
core   0: 0x0000000080005994 (0x01c51e33) sll     t3, a0, t3
core   0: 1 0x0000000080005994 (0x01c51e33) x28 0x0000000000000000
core   0: 0x0000000080005998 (0xd02dfc53) fcvt.s.l fs8, s11
core   0: 1 0x0000000080005998 (0xd02dfc53) f24 0xffffffff00000000
core   0: 0x000000008000599c (0x02088cb3) mul     s9, a7, zero
core   0: 1 0x000000008000599c (0x02088cb3) x25 0x0000000000000000
core   0: 0x00000000800059a0 (0x4015fcd3) fcvt.s.d fs9, fa1
core   0: 1 0x00000000800059a0 (0x4015fcd3) f25 0xffffffff7fc00000
core   0: 0x00000000800059a4 (0x4000d21b) sraiw   tp, ra, 0
core   0: 1 0x00000000800059a4 (0x4000d21b) x4  0x0000000000000000
core   0: 0x00000000800059a8 (0x02949c33) mulh    s8, s1, s1
core   0: 1 0x00000000800059a8 (0x02949c33) x24 0x0000000000000000
core   0: 0x00000000800059ac (0xe20d0cd3) fmv.x.d s9, fs10
core   0: 1 0x00000000800059ac (0xe20d0cd3) x25 0x0000000000000000
core   0: 0x00000000800059b0 (0x00000e1b) sext.w  t3, zero
core   0: 1 0x00000000800059b0 (0x00000e1b) x28 0x0000000000000000
core   0: 0x00000000800059b4 (0x001d9c73) csrrw   s8, fflags, s11
core   0: 1 0x00000000800059b4 (0x001d9c73) x24 0x0000000000000011 c1_fflags 0x0000000000000000
core   0: 0x00000000800059b8 (0xf115acf3) csrrs   s9, mvendorid, a1
core   0: exception trap_illegal_instruction, epc 0x00000000800059b8
core   0:           tval 0x00000000f115acf3
core   0: >>>>  $xrv64i2p1_m2p0_a2p1_f2p2_d2p2_zicsr2p0_zifencei2p0_zmmul1p0_zba1p0_zbb1p0_zbc1p0_zbs1p0
core   0: 0x0000000080004000 (0x0080006f) j       pc + 0x8
core   0: 3 0x0000000080004000 (0x0080006f)
core   0: >>>>  mmode_exception_handler
core   0: 0x0000000080004008 (0x00002c17) auipc   s8, 0x2
core   0: 3 0x0000000080004008 (0x00002c17) x24 0x0000000080006008
core   0: 0x000000008000400c (0x014c0c13) addi    s8, s8, 20
core   0: 3 0x000000008000400c (0x014c0c13) x24 0x000000008000601c
core   0: 0x0000000080004010 (0x000c00e7) jalr    s8
core   0: 3 0x0000000080004010 (0x000c00e7) x1  0x0000000080004014
core   0: >>>>  any_handler
core   0: 0x000000008000601c (0x341027f3) csrrs   a5, mepc, zero
core   0: 3 0x000000008000601c (0x341027f3) x15 0x00000000800059b8
core   0: 0x0000000080006020 (0x34202773) csrrs   a4, mcause, zero
core   0: 3 0x0000000080006020 (0x34202773) x14 0x0000000000000002
core   0: 0x0000000080006024 (0x142026f3) csrrs   a3, scause, zero
core   0: 3 0x0000000080006024 (0x142026f3) x13 0x0000000000000000
core   0: 0x0000000080006028 (0x30402673) csrrs   a2, mie, zero
core   0: 3 0x0000000080006028 (0x30402673) x12 0x0000000000000a00
core   0: 0x000000008000602c (0x344025f3) csrrs   a1, mip, zero
core   0: 3 0x000000008000602c (0x344025f3) x11 0x0000000000000080
core   0: 0x0000000080006030 (0x343025f3) csrrs   a1, mtval, zero
core   0: 3 0x0000000080006030 (0x343025f3) x11 0x00000000f115acf3
core   0: 0x0000000080006034 (0x14302573) csrrs   a0, stval, zero
core   0: 3 0x0000000080006034 (0x14302573) x10 0x0000000000000000
core   0: 0x0000000080006038 (0xb02024f3) csrrs   s1, minstret, zero
core   0: 3 0x0000000080006038 (0xb02024f3) x9  0x0000000000001078
core   0: 0x000000008000603c (0x0000a811) c.j     pc + 20
core   0: 3 0x000000008000603c (0xa811)
core   0: >>>>  mepc_4
core   0: 0x0000000080006050 (0x00000791) c.addi  a5, 4
core   0: 3 0x0000000080006050 (0x0791) x15 0x00000000800059bc
core   0: 0x0000000080006052 (0x34179073) csrrw   zero, mepc, a5
core   0: 3 0x0000000080006052 (0x34179073) c833_mepc 0x00000000800059bc
core   0: 0x0000000080006056 (0x30200073) mret
core   0: 3 0x0000000080006056 (0x30200073) c768_mstatus 0x8000000a00106080
core   0: 0x00000000800059bc (0xf135b073) csrrc   zero, mimpid, a1
core   0: exception trap_illegal_instruction, epc 0x00000000800059bc
core   0:           tval 0x00000000f135b073
core   0: >>>>  $xrv64i2p1_m2p0_a2p1_f2p2_d2p2_zicsr2p0_zifencei2p0_zmmul1p0_zba1p0_zbb1p0_zbc1p0_zbs1p0
core   0: 0x0000000080004000 (0x0080006f) j       pc + 0x8
core   0: 3 0x0000000080004000 (0x0080006f)
core   0: >>>>  mmode_exception_handler
core   0: 0x0000000080004008 (0x00002c17) auipc   s8, 0x2
core   0: 3 0x0000000080004008 (0x00002c17) x24 0x0000000080006008
core   0: 0x000000008000400c (0x014c0c13) addi    s8, s8, 20
core   0: 3 0x000000008000400c (0x014c0c13) x24 0x000000008000601c
core   0: 0x0000000080004010 (0x000c00e7) jalr    s8
core   0: 3 0x0000000080004010 (0x000c00e7) x1  0x0000000080004014
core   0: >>>>  any_handler
core   0: 0x000000008000601c (0x341027f3) csrrs   a5, mepc, zero
core   0: 3 0x000000008000601c (0x341027f3) x15 0x00000000800059bc
core   0: 0x0000000080006020 (0x34202773) csrrs   a4, mcause, zero
core   0: 3 0x0000000080006020 (0x34202773) x14 0x0000000000000002
core   0: 0x0000000080006024 (0x142026f3) csrrs   a3, scause, zero
core   0: 3 0x0000000080006024 (0x142026f3) x13 0x0000000000000000
core   0: 0x0000000080006028 (0x30402673) csrrs   a2, mie, zero
core   0: 3 0x0000000080006028 (0x30402673) x12 0x0000000000000a00
core   0: 0x000000008000602c (0x344025f3) csrrs   a1, mip, zero
core   0: 3 0x000000008000602c (0x344025f3) x11 0x0000000000000080
core   0: 0x0000000080006030 (0x343025f3) csrrs   a1, mtval, zero
core   0: 3 0x0000000080006030 (0x343025f3) x11 0x00000000f135b073
core   0: 0x0000000080006034 (0x14302573) csrrs   a0, stval, zero
core   0: 3 0x0000000080006034 (0x14302573) x10 0x0000000000000000
core   0: 0x0000000080006038 (0xb02024f3) csrrs   s1, minstret, zero
core   0: 3 0x0000000080006038 (0xb02024f3) x9  0x0000000000001088
core   0: 0x000000008000603c (0x0000a811) c.j     pc + 20
core   0: 3 0x000000008000603c (0xa811)
core   0: >>>>  mepc_4
core   0: 0x0000000080006050 (0x00000791) c.addi  a5, 4
core   0: 3 0x0000000080006050 (0x0791) x15 0x00000000800059c0
core   0: 0x0000000080006052 (0x34179073) csrrw   zero, mepc, a5
core   0: 3 0x0000000080006052 (0x34179073) c833_mepc 0x00000000800059c0
core   0: 0x0000000080006056 (0x30200073) mret
core   0: 3 0x0000000080006056 (0x30200073) c768_mstatus 0x8000000a00106080
core   0: 0x00000000800059c0 (0xc208f653) fcvt.w.d a2, fa7
core   0: 1 0x00000000800059c0 (0xc208f653) x12 0x0000000000000000
core   0: 0x00000000800059c4 (0x000cec13) ori     s8, s9, 0
core   0: 1 0x00000000800059c4 (0x000cec13) x24 0x0000000000000000
core   0: 0x00000000800059c8 (0x800c8a9b) addiw   s5, s9, -2048
core   0: 1 0x00000000800059c8 (0x800c8a9b) x21 0xfffffffffffff800
core   0: 0x00000000800059cc (0x1a52fbd3) fdiv.d  fs7, ft5, ft5
core   0: 1 0x00000000800059cc (0x1a52fbd3) f23 0x3ff0000000000000
core   0: 0x00000000800059d0 (0x00202373) csrrs   t1, frm, zero
core   0: 1 0x00000000800059d0 (0x00202373) x6  0x0000000000000001
core   0: 0x00000000800059d4 (0xc21dfe53) fcvt.wu.d t3, fs11
core   0: 1 0x00000000800059d4 (0xc21dfe53) c1_fflags 0x0000000000000010 x28 0xffffffffffffffff
core   0: 0x00000000800059d8 (0x02697c53) fadd.d  fs8, fs2, ft6
core   0: 1 0x00000000800059d8 (0x02697c53) f24 0x7ff8000000000000
core   0: 0x00000000800059dc (0x4151d193) srai    gp, gp, 21
core   0: 1 0x00000000800059dc (0x4151d193) x3  0x00000000000119e9
core   0: 0x00000000800059e0 (0xd03bfed3) fcvt.s.lu ft9, s7
core   0: 1 0x00000000800059e0 (0xd03bfed3) c1_fflags 0x0000000000000011 f29 0xffffffff4f4022dd
core   0: 0x00000000800059e4 (0x0123973b) sllw    a4, t2, s2
core   0: 1 0x00000000800059e4 (0x0123973b) x14 0xffffffffffffffc0
core   0: 0x00000000800059e8 (0xc206fc53) fcvt.w.d s8, fa3
core   0: 1 0x00000000800059e8 (0xc206fc53) x24 0x0000000074d3d380
core   0: 0x00000000800059ec (0xe20c17d3) fclass.d a5, fs8
core   0: 1 0x00000000800059ec (0xe20c17d3) x15 0x0000000000000200
core   0: 0x00000000800059f0 (0x000c971b) slliw   a4, s9, 0
core   0: 1 0x00000000800059f0 (0x000c971b) x14 0x0000000000000000
core   0: 0x00000000800059f4 (0x018c7db3) and     s11, s8, s8
core   0: 1 0x00000000800059f4 (0x018c7db3) x27 0x0000000074d3d380
core   0: 0x00000000800059f8 (0x00102273) csrrs   tp, fflags, zero
core   0: 1 0x00000000800059f8 (0x00102273) x4  0x0000000000000011
core   0: 0x00000000800059fc (0x0210eeb3) rem     t4, ra, ra
core   0: 1 0x00000000800059fc (0x0210eeb3) x29 0x0000000000000000
core   0: 0x0000000080005a00 (0xf2008bd3) fmv.d.x fs7, ra
core   0: 1 0x0000000080005a00 (0xf2008bd3) f23 0x0000000080004014
core   0: 0x0000000080005a04 (0x00000001) c.nop
core   0: 1 0x0000000080005a04 (0x0001)
core   0: 0x0000000080005a06 (0x41ded43b) sraw    s0, t4, t4
core   0: 1 0x0000000080005a06 (0x41ded43b) x8  0x0000000000000000
core   0: 0x0000000080005a0a (0xc23273d3) fcvt.lu.d t2, ft4
core   0: 1 0x0000000080005a0a (0xc23273d3) x7  0x0000000000000000
core   0: 0x0000000080005a0e (0x2b9f14d3) fmax.d  fs1, ft10, fs9
core   0: 1 0x0000000080005a0e (0x2b9f14d3) f9  0x7ff8000000000000
core   0: 0x0000000080005a12 (0x1843ce13) xori    t3, t2, 388
core   0: 1 0x0000000080005a12 (0x1843ce13) x28 0x0000000000000184
core   0: 0x0000000080005a16 (0xc02a7bd3) fcvt.l.s s7, fs4
core   0: 1 0x0000000080005a16 (0xc02a7bd3) c1_fflags 0x0000000000000011 x23 0x7fffffffffffffff
core   0: 0x0000000080005a1a (0x03e79093) slli    ra, a5, 62
core   0: 1 0x0000000080005a1a (0x03e79093) x1  0x0000000000000000
core   0: 0x0000000080005a1e (0x22929ad3) fsgnjn.d fs5, ft5, fs1
core   0: 1 0x0000000080005a1e (0x22929ad3) f21 0x800000000fff8000
core   0: 0x0000000080005a22 (0x01705213) srli    tp, zero, 23
core   0: 1 0x0000000080005a22 (0x01705213) x4  0x0000000000000000
core   0: 0x0000000080005a26 (0x0008d893) srli    a7, a7, 0
core   0: 1 0x0000000080005a26 (0x0008d893) x17 0x00000000149d17fe
core   0: 0x0000000080005a2a (0xd5734d93) xori    s11, t1, -681
core   0: 1 0x0000000080005a2a (0xd5734d93) x27 0xfffffffffffffd56
core   0: 0x0000000080005a2e (0x40f35c3b) sraw    s8, t1, a5
core   0: 1 0x0000000080005a2e (0x40f35c3b) x24 0x0000000000000001
core   0: 0x0000000080005a32 (0x023961bb) remw    gp, s2, gp
core   0: 1 0x0000000080005a32 (0x023961bb) x3  0x000000000000127c
core   0: 0x0000000080005a36 (0x00194913) xori    s2, s2, 1
core   0: 1 0x0000000080005a36 (0x00194913) x18 0x000000006fab8625
core   0: 0x0000000080005a3a (0xf130d473) csrrwi  s0, mimpid, 1
core   0: exception trap_illegal_instruction, epc 0x0000000080005a3a
core   0:           tval 0x00000000f130d473
core   0: >>>>  $xrv64i2p1_m2p0_a2p1_f2p2_d2p2_zicsr2p0_zifencei2p0_zmmul1p0_zba1p0_zbb1p0_zbc1p0_zbs1p0
core   0: 0x0000000080004000 (0x0080006f) j       pc + 0x8
core   0: 3 0x0000000080004000 (0x0080006f)
core   0: >>>>  mmode_exception_handler
core   0: 0x0000000080004008 (0x00002c17) auipc   s8, 0x2
core   0: 3 0x0000000080004008 (0x00002c17) x24 0x0000000080006008
core   0: 0x000000008000400c (0x014c0c13) addi    s8, s8, 20
core   0: 3 0x000000008000400c (0x014c0c13) x24 0x000000008000601c
core   0: 0x0000000080004010 (0x000c00e7) jalr    s8
core   0: 3 0x0000000080004010 (0x000c00e7) x1  0x0000000080004014
core   0: >>>>  any_handler
core   0: 0x000000008000601c (0x341027f3) csrrs   a5, mepc, zero
core   0: 3 0x000000008000601c (0x341027f3) x15 0x0000000080005a3a
core   0: 0x0000000080006020 (0x34202773) csrrs   a4, mcause, zero
core   0: 3 0x0000000080006020 (0x34202773) x14 0x0000000000000002
core   0: 0x0000000080006024 (0x142026f3) csrrs   a3, scause, zero
core   0: 3 0x0000000080006024 (0x142026f3) x13 0x0000000000000000
core   0: 0x0000000080006028 (0x30402673) csrrs   a2, mie, zero
core   0: 3 0x0000000080006028 (0x30402673) x12 0x0000000000000a00
core   0: 0x000000008000602c (0x344025f3) csrrs   a1, mip, zero
core   0: 3 0x000000008000602c (0x344025f3) x11 0x0000000000000080
core   0: 0x0000000080006030 (0x343025f3) csrrs   a1, mtval, zero
core   0: 3 0x0000000080006030 (0x343025f3) x11 0x00000000f130d473
core   0: 0x0000000080006034 (0x14302573) csrrs   a0, stval, zero
core   0: 3 0x0000000080006034 (0x14302573) x10 0x0000000000000000
core   0: 0x0000000080006038 (0xb02024f3) csrrs   s1, minstret, zero
core   0: 3 0x0000000080006038 (0xb02024f3) x9  0x00000000000010b7
core   0: 0x000000008000603c (0x0000a811) c.j     pc + 20
core   0: 3 0x000000008000603c (0xa811)
core   0: >>>>  mepc_4
core   0: 0x0000000080006050 (0x00000791) c.addi  a5, 4
core   0: 3 0x0000000080006050 (0x0791) x15 0x0000000080005a3e
core   0: 0x0000000080006052 (0x34179073) csrrw   zero, mepc, a5
core   0: 3 0x0000000080006052 (0x34179073) c833_mepc 0x0000000080005a3e
core   0: 0x0000000080006056 (0x30200073) mret
core   0: 3 0x0000000080006056 (0x30200073) c768_mstatus 0x8000000a00106080
core   0: 0x0000000080005a3e (0x02830d3b) mulw    s10, t1, s0
core   0: 1 0x0000000080005a3e (0x02830d3b) x26 0x0000000000000000
core   0: 0x0000000080005a42 (0xfebe4b37) lui     s6, 0xfebe4
core   0: 1 0x0000000080005a42 (0xfebe4b37) x22 0xfffffffffebe4000
core   0: 0x0000000080005a46 (0x539b0b1b) addiw   s6, s6, 1337
core   0: 1 0x0000000080005a46 (0x539b0b1b) x22 0xfffffffffebe4539
core   0: 0x0000000080005a4a (0x00000b3a) c.slli  s6, 14
core   0: 1 0x0000000080005a4a (0x0b3a) x22 0xffffffaf914e4000
core   0: 0x0000000080005a4c (0xe98b0b13) addi    s6, s6, -360
core   0: 1 0x0000000080005a4c (0xe98b0b13) x22 0xffffffaf914e3e98
core   0: 0x0000000080005a50 (0xf1106473) csrrsi  s0, mvendorid, 0
core   0: exception trap_illegal_instruction, epc 0x0000000080005a50
core   0:           tval 0x00000000f1106473
core   0: >>>>  $xrv64i2p1_m2p0_a2p1_f2p2_d2p2_zicsr2p0_zifencei2p0_zmmul1p0_zba1p0_zbb1p0_zbc1p0_zbs1p0
core   0: 0x0000000080004000 (0x0080006f) j       pc + 0x8
core   0: 3 0x0000000080004000 (0x0080006f)
core   0: >>>>  mmode_exception_handler
core   0: 0x0000000080004008 (0x00002c17) auipc   s8, 0x2
core   0: 3 0x0000000080004008 (0x00002c17) x24 0x0000000080006008
core   0: 0x000000008000400c (0x014c0c13) addi    s8, s8, 20
core   0: 3 0x000000008000400c (0x014c0c13) x24 0x000000008000601c
core   0: 0x0000000080004010 (0x000c00e7) jalr    s8
core   0: 3 0x0000000080004010 (0x000c00e7) x1  0x0000000080004014
core   0: >>>>  any_handler
core   0: 0x000000008000601c (0x341027f3) csrrs   a5, mepc, zero
core   0: 3 0x000000008000601c (0x341027f3) x15 0x0000000080005a50
core   0: 0x0000000080006020 (0x34202773) csrrs   a4, mcause, zero
core   0: 3 0x0000000080006020 (0x34202773) x14 0x0000000000000002
core   0: 0x0000000080006024 (0x142026f3) csrrs   a3, scause, zero
core   0: 3 0x0000000080006024 (0x142026f3) x13 0x0000000000000000
core   0: 0x0000000080006028 (0x30402673) csrrs   a2, mie, zero
core   0: 3 0x0000000080006028 (0x30402673) x12 0x0000000000000a00
core   0: 0x000000008000602c (0x344025f3) csrrs   a1, mip, zero
core   0: 3 0x000000008000602c (0x344025f3) x11 0x0000000000000080
core   0: 0x0000000080006030 (0x343025f3) csrrs   a1, mtval, zero
core   0: 3 0x0000000080006030 (0x343025f3) x11 0x00000000f1106473
core   0: 0x0000000080006034 (0x14302573) csrrs   a0, stval, zero
core   0: 3 0x0000000080006034 (0x14302573) x10 0x0000000000000000
core   0: 0x0000000080006038 (0xb02024f3) csrrs   s1, minstret, zero
core   0: 3 0x0000000080006038 (0xb02024f3) x9  0x00000000000010cc
core   0: 0x000000008000603c (0x0000a811) c.j     pc + 20
core   0: 3 0x000000008000603c (0xa811)
core   0: >>>>  mepc_4
core   0: 0x0000000080006050 (0x00000791) c.addi  a5, 4
core   0: 3 0x0000000080006050 (0x0791) x15 0x0000000080005a54
core   0: 0x0000000080006052 (0x34179073) csrrw   zero, mepc, a5
core   0: 3 0x0000000080006052 (0x34179073) c833_mepc 0x0000000080005a54
core   0: 0x0000000080006056 (0x30200073) mret
core   0: 3 0x0000000080006056 (0x30200073) c768_mstatus 0x8000000a00106080
core   0: 0x0000000080005a54 (0x001891f3) csrrw   gp, fflags, a7
core   0: 1 0x0000000080005a54 (0x001891f3) x3  0x0000000000000011 c1_fflags 0x000000000000001e
core   0: 0x0000000080005a58 (0x7b08b373) csrrc   t1, dcsr, a7
core   0: exception trap_illegal_instruction, epc 0x0000000080005a58
core   0:           tval 0x000000007b08b373
core   0: >>>>  $xrv64i2p1_m2p0_a2p1_f2p2_d2p2_zicsr2p0_zifencei2p0_zmmul1p0_zba1p0_zbb1p0_zbc1p0_zbs1p0
core   0: 0x0000000080004000 (0x0080006f) j       pc + 0x8
core   0: 3 0x0000000080004000 (0x0080006f)
core   0: >>>>  mmode_exception_handler
core   0: 0x0000000080004008 (0x00002c17) auipc   s8, 0x2
core   0: 3 0x0000000080004008 (0x00002c17) x24 0x0000000080006008
core   0: 0x000000008000400c (0x014c0c13) addi    s8, s8, 20
core   0: 3 0x000000008000400c (0x014c0c13) x24 0x000000008000601c
core   0: 0x0000000080004010 (0x000c00e7) jalr    s8
core   0: 3 0x0000000080004010 (0x000c00e7) x1  0x0000000080004014
core   0: >>>>  any_handler
core   0: 0x000000008000601c (0x341027f3) csrrs   a5, mepc, zero
core   0: 3 0x000000008000601c (0x341027f3) x15 0x0000000080005a58
core   0: 0x0000000080006020 (0x34202773) csrrs   a4, mcause, zero
core   0: 3 0x0000000080006020 (0x34202773) x14 0x0000000000000002
core   0: 0x0000000080006024 (0x142026f3) csrrs   a3, scause, zero
core   0: 3 0x0000000080006024 (0x142026f3) x13 0x0000000000000000
core   0: 0x0000000080006028 (0x30402673) csrrs   a2, mie, zero
core   0: 3 0x0000000080006028 (0x30402673) x12 0x0000000000000a00
core   0: 0x000000008000602c (0x344025f3) csrrs   a1, mip, zero
core   0: 3 0x000000008000602c (0x344025f3) x11 0x0000000000000080
core   0: 0x0000000080006030 (0x343025f3) csrrs   a1, mtval, zero
core   0: 3 0x0000000080006030 (0x343025f3) x11 0x000000007b08b373
core   0: 0x0000000080006034 (0x14302573) csrrs   a0, stval, zero
core   0: 3 0x0000000080006034 (0x14302573) x10 0x0000000000000000
core   0: 0x0000000080006038 (0xb02024f3) csrrs   s1, minstret, zero
core   0: 3 0x0000000080006038 (0xb02024f3) x9  0x00000000000010dd
core   0: 0x000000008000603c (0x0000a811) c.j     pc + 20
core   0: 3 0x000000008000603c (0xa811)
core   0: >>>>  mepc_4
core   0: 0x0000000080006050 (0x00000791) c.addi  a5, 4
core   0: 3 0x0000000080006050 (0x0791) x15 0x0000000080005a5c
core   0: 0x0000000080006052 (0x34179073) csrrw   zero, mepc, a5
core   0: 3 0x0000000080006052 (0x34179073) c833_mepc 0x0000000080005a5c
core   0: 0x0000000080006056 (0x30200073) mret
core   0: 3 0x0000000080006056 (0x30200073) c768_mstatus 0x8000000a00106080
core   0: 0x0000000080005a5c (0xd22cf853) fcvt.d.l fa6, s9
core   0: 1 0x0000000080005a5c (0xd22cf853) f16 0x0000000000000000
core   0: 0x0000000080005a60 (0x22528cd3) fsgnj.d fs9, ft5, ft5
core   0: 1 0x0000000080005a60 (0x22528cd3) f25 0x800000000fff8000
core   0: 0x0000000080005a64 (0x4016fed3) fcvt.s.d ft9, fa3
core   0: 1 0x0000000080005a64 (0x4016fed3) f29 0xffffffff4ee9a7a7
core   0: 0x0000000080005a68 (0x00219773) csrrw   a4, frm, gp
core   0: 1 0x0000000080005a68 (0x00219773) x14 0x0000000000000001 c2_frm 0x0000000000000001
core   0: 0x0000000080005a6c (0x236e84d3) fsgnj.d fs1, ft9, fs6
core   0: 1 0x0000000080005a6c (0x236e84d3) f9  0x7fffffff4ee9a7a7
core   0: 0x0000000080005a70 (0x001a80bb) addw    ra, s5, ra
core   0: 1 0x0000000080005a70 (0x001a80bb) x1  0xffffffff80003814
core   0: 0x0000000080005a74 (0x03c4a7b3) mulhsu  a5, s1, t3
core   0: 1 0x0000000080005a74 (0x03c4a7b3) x15 0x0000000000000000
core   0: 0x0000000080005a78 (0xc20cf9d3) fcvt.w.d s3, fs9
core   0: 1 0x0000000080005a78 (0xc20cf9d3) c1_fflags 0x000000000000001f x19 0x0000000000000000
core   0: 0x0000000080005a7c (0x028968bb) remw    a7, s2, s0
core   0: 1 0x0000000080005a7c (0x028968bb) x17 0x000000006fab8625
core   0: 0x0000000080005a80 (0x00102073) csrrs   zero, fflags, zero
core   0: 1 0x0000000080005a80 (0x00102073)
core   0: 0x0000000080005a84 (0xa3606d93) ori     s11, zero, -1482
core   0: 1 0x0000000080005a84 (0xa3606d93) x27 0xfffffffffffffa36
core   0: 0x0000000080005a88 (0x0ff0000f) fence   iorw,iorw
core   0: 1 0x0000000080005a88 (0x0ff0000f)
core   0: 0x0000000080005a8c (0xfe2d76b7) lui     a3, 0xfe2d7
core   0: 1 0x0000000080005a8c (0xfe2d76b7) x13 0xfffffffffe2d7000
core   0: 0x0000000080005a90 (0x8c56869b) addiw   a3, a3, -1851
core   0: 1 0x0000000080005a90 (0x8c56869b) x13 0xfffffffffe2d68c5
core   0: 0x0000000080005a94 (0x000006b6) c.slli  a3, 13
core   0: 1 0x0000000080005a94 (0x06b6) x13 0xffffffc5ad18a000
core   0: 0x0000000080005a96 (0x9d968693) addi    a3, a3, -1575
core   0: 1 0x0000000080005a96 (0x9d968693) x13 0xffffffc5ad1899d9
core   0: 0x0000000080005a9a (0x406ad33b) sraw    t1, s5, t1
core   0: 1 0x0000000080005a9a (0x406ad33b) x6  0xfffffffffffffc00
core   0: 0x0000000080005a9e (0x4155053b) subw    a0, a0, s5
core   0: 1 0x0000000080005a9e (0x4155053b) x10 0x0000000000000800
core   0: 0x0000000080005aa2 (0x02e544bb) divw    s1, a0, a4
core   0: 1 0x0000000080005aa2 (0x02e544bb) x9  0x0000000000000800
core   0: 0x0000000080005aa6 (0x00da56bb) srlw    a3, s4, a3
core   0: 1 0x0000000080005aa6 (0x00da56bb) x13 0x000000000000007f
core   0: 0x0000000080005aaa (0x01fa551b) srliw   a0, s4, 31
core   0: 1 0x0000000080005aaa (0x01fa551b) x10 0x0000000000000001
core   0: 0x0000000080005aae (0x8006ee13) ori     t3, a3, -2048
core   0: 1 0x0000000080005aae (0x8006ee13) x28 0xfffffffffffff87f
core   0: 0x0000000080005ab2 (0x3209b573) csrrc   a0, mcountinhibit, s3
core   0: exception trap_illegal_instruction, epc 0x0000000080005ab2
core   0:           tval 0x000000003209b573
core   0: >>>>  $xrv64i2p1_m2p0_a2p1_f2p2_d2p2_zicsr2p0_zifencei2p0_zmmul1p0_zba1p0_zbb1p0_zbc1p0_zbs1p0
core   0: 0x0000000080004000 (0x0080006f) j       pc + 0x8
core   0: 3 0x0000000080004000 (0x0080006f)
core   0: >>>>  mmode_exception_handler
core   0: 0x0000000080004008 (0x00002c17) auipc   s8, 0x2
core   0: 3 0x0000000080004008 (0x00002c17) x24 0x0000000080006008
core   0: 0x000000008000400c (0x014c0c13) addi    s8, s8, 20
core   0: 3 0x000000008000400c (0x014c0c13) x24 0x000000008000601c
core   0: 0x0000000080004010 (0x000c00e7) jalr    s8
core   0: 3 0x0000000080004010 (0x000c00e7) x1  0x0000000080004014
core   0: >>>>  any_handler
core   0: 0x000000008000601c (0x341027f3) csrrs   a5, mepc, zero
core   0: 3 0x000000008000601c (0x341027f3) x15 0x0000000080005ab2
core   0: 0x0000000080006020 (0x34202773) csrrs   a4, mcause, zero
core   0: 3 0x0000000080006020 (0x34202773) x14 0x0000000000000002
core   0: 0x0000000080006024 (0x142026f3) csrrs   a3, scause, zero
core   0: 3 0x0000000080006024 (0x142026f3) x13 0x0000000000000000
core   0: 0x0000000080006028 (0x30402673) csrrs   a2, mie, zero
core   0: 3 0x0000000080006028 (0x30402673) x12 0x0000000000000a00
core   0: 0x000000008000602c (0x344025f3) csrrs   a1, mip, zero
core   0: 3 0x000000008000602c (0x344025f3) x11 0x0000000000000080
core   0: 0x0000000080006030 (0x343025f3) csrrs   a1, mtval, zero
core   0: 3 0x0000000080006030 (0x343025f3) x11 0x000000003209b573
core   0: 0x0000000080006034 (0x14302573) csrrs   a0, stval, zero
core   0: 3 0x0000000080006034 (0x14302573) x10 0x0000000000000000
core   0: 0x0000000080006038 (0xb02024f3) csrrs   s1, minstret, zero
core   0: 3 0x0000000080006038 (0xb02024f3) x9  0x0000000000001103
core   0: 0x000000008000603c (0x0000a811) c.j     pc + 20
core   0: 3 0x000000008000603c (0xa811)
core   0: >>>>  mepc_4
core   0: 0x0000000080006050 (0x00000791) c.addi  a5, 4
core   0: 3 0x0000000080006050 (0x0791) x15 0x0000000080005ab6
core   0: 0x0000000080006052 (0x34179073) csrrw   zero, mepc, a5
core   0: 3 0x0000000080006052 (0x34179073) c833_mepc 0x0000000080005ab6
core   0: 0x0000000080006056 (0x30200073) mret
core   0: 3 0x0000000080006056 (0x30200073) c768_mstatus 0x8000000a00106080
core   0: 0x0000000080005ab6 (0x1a2b7dd3) fdiv.d  fs11, fs6, ft2
core   0: 1 0x0000000080005ab6 (0x1a2b7dd3) f27 0x7ff8000000000000
core   0: 0x0000000080005aba (0x00b260b3) or      ra, tp, a1
core   0: 1 0x0000000080005aba (0x00b260b3) x1  0x000000003209b573
core   0: 0x0000000080005abe (0xfe43a737) lui     a4, 0xfe43a
core   0: 1 0x0000000080005abe (0xfe43a737) x14 0xfffffffffe43a000
core   0: 0x0000000080005ac2 (0x1637071b) addiw   a4, a4, 355
core   0: 1 0x0000000080005ac2 (0x1637071b) x14 0xfffffffffe43a163
core   0: 0x0000000080005ac6 (0x00000736) c.slli  a4, 13
core   0: 1 0x0000000080005ac6 (0x0736) x14 0xffffffc8742c6000
core   0: 0x0000000080005ac8 (0xa6170713) addi    a4, a4, -1439
core   0: 1 0x0000000080005ac8 (0xa6170713) x14 0xffffffc8742c5a61
core   0: 0x0000000080005acc (0x011775b3) and     a1, a4, a7
core   0: 1 0x0000000080005acc (0x011775b3) x11 0x0000000064280221
core   0: 0x0000000080005ad0 (0x00219d73) csrrw   s10, frm, gp
core   0: 1 0x0000000080005ad0 (0x00219d73) x26 0x0000000000000001 c2_frm 0x0000000000000001
core   0: 0x0000000080005ad4 (0x00202ef3) csrrs   t4, frm, zero
core   0: 1 0x0000000080005ad4 (0x00202ef3) x29 0x0000000000000001
core   0: 0x0000000080005ad8 (0xd20c8ad3) fcvt.d.w fs5, s9
core   0: 1 0x0000000080005ad8 (0xd20c8ad3) f21 0x0000000000000000
core   0: 0x0000000080005adc (0xd20a0cd3) fcvt.d.w fs9, s4
core   0: 1 0x0000000080005adc (0xd20a0cd3) f25 0xc010000000000000
core   0: 0x0000000080005ae0 (0x0ff0000f) fence   iorw,iorw
core   0: 1 0x0000000080005ae0 (0x0ff0000f)
core   0: 0x0000000080005ae4 (0x00d0dabb) srlw    s5, ra, a3
core   0: 1 0x0000000080005ae4 (0x00d0dabb) x21 0x000000003209b573
core   0: 0x0000000080005ae8 (0x23aa0a53) fsgnj.d fs4, fs4, fs10
core   0: 1 0x0000000080005ae8 (0x23aa0a53) f20 0x7ff8000000000000
core   0: 0x0000000080005aec (0x231898d3) fsgnjn.d fa7, fa7, fa7
core   0: 1 0x0000000080005aec (0x231898d3) f17 0x8000000000000000
core   0: 0x0000000080005af0 (0xd23b75d3) fcvt.d.lu fa1, s6
core   0: 1 0x0000000080005af0 (0xd23b75d3) c1_fflags 0x000000000000001f f11 0x43effffff5f229c7
core   0: 0x0000000080005af4 (0x02a50533) mul     a0, a0, a0
core   0: 1 0x0000000080005af4 (0x02a50533) x10 0x0000000000000000
core   0: 0x0000000080005af8 (0x3a3a4637) lui     a2, 0x3a3a4
core   0: 1 0x0000000080005af8 (0x3a3a4637) x12 0x000000003a3a4000
core   0: 0x0000000080005afc (0x036c7b33) remu    s6, s8, s6
core   0: 1 0x0000000080005afc (0x036c7b33) x22 0x000000008000601c
core   0: 0x0000000080005b00 (0x036639b3) mulhu   s3, a2, s6
core   0: 1 0x0000000080005b00 (0x036639b3) x19 0x0000000000000000
core   0: 0x0000000080005b04 (0xc2037b53) fcvt.w.d s6, ft6
core   0: 1 0x0000000080005b04 (0xc2037b53) c1_fflags 0x000000000000001f x22 0x000000007fffffff
core   0: 0x0000000080005b08 (0xee644493) xori    s1, s0, -282
core   0: 1 0x0000000080005b08 (0xee644493) x9  0xfffffffffffffee6
core   0: 0x0000000080005b0c (0x01acd4b3) srl     s1, s9, s10
core   0: 1 0x0000000080005b0c (0x01acd4b3) x9  0x0000000000000000
core   0: 0x0000000080005b10 (0x039e6bb3) rem     s7, t3, s9
core   0: 1 0x0000000080005b10 (0x039e6bb3) x23 0xfffffffffffff87f
core   0: 0x0000000080005b14 (0x01d14eb3) xor     t4, sp, t4
core   0: 1 0x0000000080005b14 (0x01d14eb3) x29 0x0000000000000001
core   0: 0x0000000080005b18 (0x002d7a33) and     s4, s10, sp
core   0: 1 0x0000000080005b18 (0x002d7a33) x20 0x0000000000000000
core   0: 0x0000000080005b1c (0xc205fcd3) fcvt.w.d s9, fa1
core   0: 1 0x0000000080005b1c (0xc205fcd3) c1_fflags 0x000000000000001f x25 0x000000007fffffff
core   0: 0x0000000080005b20 (0x00202d73) csrrs   s10, frm, zero
core   0: 1 0x0000000080005b20 (0x00202d73) x26 0x0000000000000001
core   0: 0x0000000080005b24 (0xc046d173) csrrwi  sp, hpmcounter4, 13
core   0: exception trap_illegal_instruction, epc 0x0000000080005b24
core   0:           tval 0x00000000c046d173
core   0: >>>>  $xrv64i2p1_m2p0_a2p1_f2p2_d2p2_zicsr2p0_zifencei2p0_zmmul1p0_zba1p0_zbb1p0_zbc1p0_zbs1p0
core   0: 0x0000000080004000 (0x0080006f) j       pc + 0x8
core   0: 3 0x0000000080004000 (0x0080006f)
core   0: >>>>  mmode_exception_handler
core   0: 0x0000000080004008 (0x00002c17) auipc   s8, 0x2
core   0: 3 0x0000000080004008 (0x00002c17) x24 0x0000000080006008
core   0: 0x000000008000400c (0x014c0c13) addi    s8, s8, 20
core   0: 3 0x000000008000400c (0x014c0c13) x24 0x000000008000601c
core   0: 0x0000000080004010 (0x000c00e7) jalr    s8
core   0: 3 0x0000000080004010 (0x000c00e7) x1  0x0000000080004014
core   0: >>>>  any_handler
core   0: 0x000000008000601c (0x341027f3) csrrs   a5, mepc, zero
core   0: 3 0x000000008000601c (0x341027f3) x15 0x0000000080005b24
core   0: 0x0000000080006020 (0x34202773) csrrs   a4, mcause, zero
core   0: 3 0x0000000080006020 (0x34202773) x14 0x0000000000000002
core   0: 0x0000000080006024 (0x142026f3) csrrs   a3, scause, zero
core   0: 3 0x0000000080006024 (0x142026f3) x13 0x0000000000000000
core   0: 0x0000000080006028 (0x30402673) csrrs   a2, mie, zero
core   0: 3 0x0000000080006028 (0x30402673) x12 0x0000000000000a00
core   0: 0x000000008000602c (0x344025f3) csrrs   a1, mip, zero
core   0: 3 0x000000008000602c (0x344025f3) x11 0x0000000000000080
core   0: 0x0000000080006030 (0x343025f3) csrrs   a1, mtval, zero
core   0: 3 0x0000000080006030 (0x343025f3) x11 0x00000000c046d173
core   0: 0x0000000080006034 (0x14302573) csrrs   a0, stval, zero
core   0: 3 0x0000000080006034 (0x14302573) x10 0x0000000000000000
core   0: 0x0000000080006038 (0xb02024f3) csrrs   s1, minstret, zero
core   0: 3 0x0000000080006038 (0xb02024f3) x9  0x000000000000112f
core   0: 0x000000008000603c (0x0000a811) c.j     pc + 20
core   0: 3 0x000000008000603c (0xa811)
core   0: >>>>  mepc_4
core   0: 0x0000000080006050 (0x00000791) c.addi  a5, 4
core   0: 3 0x0000000080006050 (0x0791) x15 0x0000000080005b28
core   0: 0x0000000080006052 (0x34179073) csrrw   zero, mepc, a5
core   0: 3 0x0000000080006052 (0x34179073) c833_mepc 0x0000000080005b28
core   0: 0x0000000080006056 (0x30200073) mret
core   0: 3 0x0000000080006056 (0x30200073) c768_mstatus 0x8000000a00106080
core   0: 0x0000000080005b28 (0xc025f8d3) fcvt.l.s a7, fa1
core   0: 1 0x0000000080005b28 (0xc025f8d3) c1_fflags 0x000000000000001f x17 0x7fffffffffffffff
core   0: 0x0000000080005b2c (0x40177753) fcvt.s.d fa4, fa4
core   0: 1 0x0000000080005b2c (0x40177753) f14 0xffffffff00000000
core   0: 0x0000000080005b30 (0xc80c7b73) csrrci  s6, cycleh, 24
core   0: exception trap_illegal_instruction, epc 0x0000000080005b30
core   0:           tval 0x00000000c80c7b73
core   0: >>>>  $xrv64i2p1_m2p0_a2p1_f2p2_d2p2_zicsr2p0_zifencei2p0_zmmul1p0_zba1p0_zbb1p0_zbc1p0_zbs1p0
core   0: 0x0000000080004000 (0x0080006f) j       pc + 0x8
core   0: 3 0x0000000080004000 (0x0080006f)
core   0: >>>>  mmode_exception_handler
core   0: 0x0000000080004008 (0x00002c17) auipc   s8, 0x2
core   0: 3 0x0000000080004008 (0x00002c17) x24 0x0000000080006008
core   0: 0x000000008000400c (0x014c0c13) addi    s8, s8, 20
core   0: 3 0x000000008000400c (0x014c0c13) x24 0x000000008000601c
core   0: 0x0000000080004010 (0x000c00e7) jalr    s8
core   0: 3 0x0000000080004010 (0x000c00e7) x1  0x0000000080004014
core   0: >>>>  any_handler
core   0: 0x000000008000601c (0x341027f3) csrrs   a5, mepc, zero
core   0: 3 0x000000008000601c (0x341027f3) x15 0x0000000080005b30
core   0: 0x0000000080006020 (0x34202773) csrrs   a4, mcause, zero
core   0: 3 0x0000000080006020 (0x34202773) x14 0x0000000000000002
core   0: 0x0000000080006024 (0x142026f3) csrrs   a3, scause, zero
core   0: 3 0x0000000080006024 (0x142026f3) x13 0x0000000000000000
core   0: 0x0000000080006028 (0x30402673) csrrs   a2, mie, zero
core   0: 3 0x0000000080006028 (0x30402673) x12 0x0000000000000a00
core   0: 0x000000008000602c (0x344025f3) csrrs   a1, mip, zero
core   0: 3 0x000000008000602c (0x344025f3) x11 0x0000000000000080
core   0: 0x0000000080006030 (0x343025f3) csrrs   a1, mtval, zero
core   0: 3 0x0000000080006030 (0x343025f3) x11 0x00000000c80c7b73
core   0: 0x0000000080006034 (0x14302573) csrrs   a0, stval, zero
core   0: 3 0x0000000080006034 (0x14302573) x10 0x0000000000000000
core   0: 0x0000000080006038 (0xb02024f3) csrrs   s1, minstret, zero
core   0: 3 0x0000000080006038 (0xb02024f3) x9  0x0000000000001141
core   0: 0x000000008000603c (0x0000a811) c.j     pc + 20
core   0: 3 0x000000008000603c (0xa811)
core   0: >>>>  mepc_4
core   0: 0x0000000080006050 (0x00000791) c.addi  a5, 4
core   0: 3 0x0000000080006050 (0x0791) x15 0x0000000080005b34
core   0: 0x0000000080006052 (0x34179073) csrrw   zero, mepc, a5
core   0: 3 0x0000000080006052 (0x34179073) c833_mepc 0x0000000080005b34
core   0: 0x0000000080006056 (0x30200073) mret
core   0: 3 0x0000000080006056 (0x30200073) c768_mstatus 0x8000000a00106080
core   0: 0x0000000080005b34 (0xc023f2d3) fcvt.l.s t0, ft7
core   0: 1 0x0000000080005b34 (0xc023f2d3) c1_fflags 0x000000000000001f x5  0x7fffffffffffffff
core   0: 0x0000000080005b38 (0xc03b7a53) fcvt.lu.s s4, fs6
core   0: 1 0x0000000080005b38 (0xc03b7a53) c1_fflags 0x000000000000001f x20 0xffffffffffffffff
core   0: 0x0000000080005b3c (0x0041521b) srliw   tp, sp, 4
core   0: 1 0x0000000080005b3c (0x0041521b) x4  0x0000000000000000
core   0: 0x0000000080005b40 (0xe20b06d3) fmv.x.d a3, fs6
core   0: 1 0x0000000080005b40 (0xe20b06d3) x13 0x7ff8000000000000
core   0: 0x0000000080005b44 (0x0366db33) divu    s6, a3, s6
core   0: 1 0x0000000080005b44 (0x0366db33) x22 0x00000000fff00001
core   0: 0x0000000080005b48 (0x5a03f653) fsqrt.d fa2, ft7
core   0: 1 0x0000000080005b48 (0x5a03f653) f12 0x7ff8000000000000
core   0: 0x0000000080005b4c (0x0171c1b3) xor     gp, gp, s7
core   0: 1 0x0000000080005b4c (0x0171c1b3) x3  0xfffffffffffff86e
core   0: 0x0000000080005b50 (0x40c2813b) subw    sp, t0, a2
core   0: 1 0x0000000080005b50 (0x40c2813b) x2  0xfffffffffffff5ff
core   0: 0x0000000080005b54 (0x000e5e13) srli    t3, t3, 0
core   0: 1 0x0000000080005b54 (0x000e5e13) x28 0xfffffffffffff87f
core   0: 0x0000000080005b58 (0x5a067ed3) fsqrt.d ft9, fa2
core   0: 1 0x0000000080005b58 (0x5a067ed3) f29 0x7ff8000000000000
core   0: 0x0000000080005b5c (0x00102673) csrrs   a2, fflags, zero
core   0: 1 0x0000000080005b5c (0x00102673) x12 0x000000000000001f
core   0: 0x0000000080005b60 (0xe2028cd3) fmv.x.d s9, ft5
core   0: 1 0x0000000080005b60 (0xe2028cd3) x25 0x800000000fff8000
core   0: 0x0000000080005b64 (0xc2197953) fcvt.wu.d s2, fs2
core   0: 1 0x0000000080005b64 (0xc2197953) c1_fflags 0x000000000000001f x18 0xffffffffffffffff
core   0: 0x0000000080005b68 (0xc231fed3) fcvt.lu.d t4, ft3
core   0: 1 0x0000000080005b68 (0xc231fed3) c1_fflags 0x000000000000001f x29 0xffffffffffffffff
core   0: 0x0000000080005b6c (0x00b78637) lui     a2, 0xb78
core   0: 1 0x0000000080005b6c (0x00b78637) x12 0x0000000000b78000
core   0: 0x0000000080005b70 (0xd476061b) addiw   a2, a2, -697
core   0: 1 0x0000000080005b70 (0xd476061b) x12 0x0000000000b77d47
core   0: 0x0000000080005b74 (0x00000632) c.slli  a2, 12
core   0: 1 0x0000000080005b74 (0x0632) x12 0x0000000b77d47000
core   0: 0x0000000080005b76 (0x3b460613) addi    a2, a2, 948
core   0: 1 0x0000000080005b76 (0x3b460613) x12 0x0000000b77d473b4
core   0: 0x0000000080005b7a (0x03a57733) remu    a4, a0, s10
core   0: 1 0x0000000080005b7a (0x03a57733) x14 0x0000000000000000
core   0: 0x0000000080005b7e (0x0085d5b3) srl     a1, a1, s0
core   0: 1 0x0000000080005b7e (0x0085d5b3) x11 0x00000000c80c7b73
core   0: 0x0000000080005b82 (0x02833b33) mulhu   s6, t1, s0
core   0: 1 0x0000000080005b82 (0x02833b33) x22 0x0000000000000000
core   0: 0x0000000080005b86 (0x2a0484d3) fmin.d  fs1, fs1, ft0
core   0: 1 0x0000000080005b86 (0x2a0484d3) f9  0xc09ff7ffffffffff
core   0: 0x0000000080005b8a (0x000e9ebb) sllw    t4, t4, zero
core   0: 1 0x0000000080005b8a (0x000e9ebb) x29 0xffffffffffffffff
core   0: 0x0000000080005b8e (0x000a501b) srliw   zero, s4, 0
core   0: 1 0x0000000080005b8e (0x000a501b)
core   0: 0x0000000080005b92 (0x00195e13) srli    t3, s2, 1
core   0: 1 0x0000000080005b92 (0x00195e13) x28 0x7fffffffffffffff
core   0: 0x0000000080005b96 (0x22de23d3) fsgnjx.d ft7, ft8, fa3
core   0: 1 0x0000000080005b96 (0x22de23d3) f7  0x7ff8000000000000
core   0: 0x0000000080005b9a (0x01905e13) srli    t3, zero, 25
core   0: 1 0x0000000080005b9a (0x01905e13) x28 0x0000000000000000
core   0: 0x0000000080005b9e (0x2391ac53) fsgnjx.d fs8, ft3, fs9
core   0: 1 0x0000000080005b9e (0x2391ac53) f24 0xfff8000000000000
core   0: 0x0000000080005ba2 (0x005082bb) addw    t0, ra, t0
core   0: 1 0x0000000080005ba2 (0x005082bb) x5  0xffffffff80004013
core   0: 0x0000000080005ba6 (0xc22cf453) fcvt.l.d s0, fs9
core   0: 1 0x0000000080005ba6 (0xc22cf453) x8  0xfffffffffffffffc
core   0: 0x0000000080005baa (0x40b988b3) sub     a7, s3, a1
core   0: 1 0x0000000080005baa (0x40b988b3) x17 0xffffffff37f3848d
core   0: 0x0000000080005bae (0x013b973b) sllw    a4, s7, s3
core   0: 1 0x0000000080005bae (0x013b973b) x14 0xfffffffffffff87f
core   0: 0x0000000080005bb2 (0x01a751bb) srlw    gp, a4, s10
core   0: 1 0x0000000080005bb2 (0x01a751bb) x3  0x000000007ffffc3f
core   0: 0x0000000080005bb6 (0x40e08733) sub     a4, ra, a4
core   0: 1 0x0000000080005bb6 (0x40e08733) x14 0x0000000080004795
core   0: 0x0000000080005bba (0x014299bb) sllw    s3, t0, s4
core   0: 1 0x0000000080005bba (0x014299bb) x19 0xffffffff80000000
core   0: 0x0000000080005bbe (0x007473b3) and     t2, s0, t2
core   0: 1 0x0000000080005bbe (0x007473b3) x7  0x0000000000000000
core   0: 0x0000000080005bc2 (0x22f30bd3) fsgnj.d fs7, ft6, fa5
core   0: 1 0x0000000080005bc2 (0x22f30bd3) f23 0xffffffff4f4022dd
core   0: 0x0000000080005bc6 (0x0109dc33) srl     s8, s3, a6
core   0: 1 0x0000000080005bc6 (0x0109dc33) x24 0xffffffff80000000
core   0: 0x0000000080005bca (0x43f95693) srai    a3, s2, 63
core   0: 1 0x0000000080005bca (0x43f95693) x13 0xffffffffffffffff
core   0: 0x0000000080005bce (0x00134293) xori    t0, t1, 1
core   0: 1 0x0000000080005bce (0x00134293) x5  0xfffffffffffffc01
core   0: 0x0000000080005bd2 (0x0ff0000f) fence   iorw,iorw
core   0: 1 0x0000000080005bd2 (0x0ff0000f)
core   0: 0x0000000080005bd6 (0x40e4dc93) srai    s9, s1, 14
core   0: 1 0x0000000080005bd6 (0x40e4dc93) x25 0x0000000000000000
core   0: 0x0000000080005bda (0x223b9653) fsgnjn.d fa2, fs7, ft3
core   0: 1 0x0000000080005bda (0x223b9653) f12 0xffffffff4f4022dd
core   0: 0x0000000080005bde (0x4133d33b) sraw    t1, t2, s3
core   0: 1 0x0000000080005bde (0x4133d33b) x6  0x0000000000000000
core   0: 0x0000000080005be2 (0x0379f933) remu    s2, s3, s7
core   0: 1 0x0000000080005be2 (0x0379f933) x18 0xffffffff80000000
core   0: 0x0000000080005be6 (0x010689bb) addw    s3, a3, a6
core   0: 1 0x0000000080005be6 (0x010689bb) x19 0xffffffffffffffff
core   0: 0x0000000080005bea (0x23f620d3) fsgnjx.d ft1, fa2, ft11
core   0: 1 0x0000000080005bea (0x23f620d3) f1  0xffffffff4f4022dd
core   0: 0x0000000080005bee (0xd026fb53) fcvt.s.l fs6, a3
core   0: 1 0x0000000080005bee (0xd026fb53) f22 0xffffffffbf800000
core   0: 0x0000000080005bf2 (0x0229fab3) remu    s5, s3, sp
core   0: 1 0x0000000080005bf2 (0x0229fab3) x21 0x0000000000000a00
core   0: 0x0000000080005bf6 (0x01075433) srl     s0, a4, a6
core   0: 1 0x0000000080005bf6 (0x01075433) x8  0x0000000080004795
core   0: 0x0000000080005bfa (0x001ef3b3) and     t2, t4, ra
core   0: 1 0x0000000080005bfa (0x001ef3b3) x7  0x0000000080004014
core   0: 0x0000000080005bfe (0x407d8c3b) subw    s8, s11, t2
core   0: 1 0x0000000080005bfe (0x407d8c3b) x24 0x000000007fffba22
core   0: 0x0000000080005c02 (0x428e7ec7) fmsub.d ft9, ft8, fs0, fs0
core   0: 1 0x0000000080005c02 (0x428e7ec7) f29 0x7ff8000000000000
core   0: 0x0000000080005c06 (0x00202573) csrrs   a0, frm, zero
core   0: 1 0x0000000080005c06 (0x00202573) x10 0x0000000000000001
core   0: 0x0000000080005c0a (0xd027f053) fcvt.s.l ft0, a5
core   0: 1 0x0000000080005c0a (0xd027f053) c1_fflags 0x000000000000001f f0  0xffffffff4f00005b
core   0: 0x0000000080005c0e (0x7ffb7913) andi    s2, s6, 2047
core   0: 1 0x0000000080005c0e (0x7ffb7913) x18 0x0000000000000000
core   0: 0x0000000080005c12 (0x72b79e17) auipc   t3, 0x72b79
core   0: 1 0x0000000080005c12 (0x72b79e17) x28 0x00000000f2b7ec12
core   0: 0x0000000080005c16 (0xc22575d3) fcvt.l.d a1, fa0
core   0: 1 0x0000000080005c16 (0xc22575d3) c1_fflags 0x000000000000001f x11 0x7fffffffffffffff
core   0: 0x0000000080005c1a (0x235484d3) fsgnj.d fs1, fs1, fs5
core   0: 1 0x0000000080005c1a (0x235484d3) f9  0x409ff7ffffffffff
core   0: 0x0000000080005c1e (0xafdb0937) lui     s2, 0xafdb0
core   0: 1 0x0000000080005c1e (0xafdb0937) x18 0xffffffffafdb0000
core   0: 0x0000000080005c22 (0xc232f8d3) fcvt.lu.d a7, ft5
core   0: 1 0x0000000080005c22 (0xc232f8d3) c1_fflags 0x000000000000001f x17 0x0000000000000000
core   0: 0x0000000080005c26 (0x00202373) csrrs   t1, frm, zero
core   0: 1 0x0000000080005c26 (0x00202373) x6  0x0000000000000001
core   0: 0x0000000080005c2a (0x00550bbb) addw    s7, a0, t0
core   0: 1 0x0000000080005c2a (0x00550bbb) x23 0xfffffffffffffc02
core   0: 0x0000000080005c2e (0x43455413) srai    s0, a0, 52
core   0: 1 0x0000000080005c2e (0x43455413) x8  0x0000000000000000
core   0: 0x0000000080005c32 (0x40f383bb) subw    t2, t2, a5
core   0: 1 0x0000000080005c32 (0x40f383bb) x7  0xffffffffffffe4e0
core   0: 0x0000000080005c36 (0x0385fe53) fadd.d  ft8, fa1, fs8
core   0: 1 0x0000000080005c36 (0x0385fe53) f28 0x7ff8000000000000
core   0: 0x0000000080005c3a (0x00139ef3) csrrw   t4, fflags, t2
core   0: 1 0x0000000080005c3a (0x00139ef3) x29 0x000000000000001f c1_fflags 0x0000000000000000
core   0: 0x0000000080005c3e (0x00000001) c.nop
core   0: 1 0x0000000080005c3e (0x0001)
core   0: 0x0000000080005c40 (0xff14e637) lui     a2, 0xff14e
core   0: 1 0x0000000080005c40 (0xff14e637) x12 0xffffffffff14e000
core   0: 0x0000000080005c44 (0xc9f6061b) addiw   a2, a2, -865
core   0: 1 0x0000000080005c44 (0xc9f6061b) x12 0xffffffffff14dc9f
core   0: 0x0000000080005c48 (0x00000636) c.slli  a2, 13
core   0: 1 0x0000000080005c48 (0x0636) x12 0xffffffe29b93e000
core   0: 0x0000000080005c4a (0x11960613) addi    a2, a2, 281
core   0: 1 0x0000000080005c4a (0x11960613) x12 0xffffffe29b93e119
core   0: 0x0000000080005c4e (0x756d6417) auipc   s0, 0x756d6
core   0: 1 0x0000000080005c4e (0x756d6417) x8  0x00000000f56dbc4e
core   0: 0x0000000080005c52 (0xd0367d53) fcvt.s.lu fs10, a2
core   0: 1 0x0000000080005c52 (0xd0367d53) c1_fflags 0x0000000000000001 f26 0xffffffff5f7fffff
core   0: 0x0000000080005c56 (0x00000001) c.nop
core   0: 1 0x0000000080005c56 (0x0001)
core   0: 0x0000000080005c58 (0x00cddbbb) srlw    s7, s11, a2
core   0: 1 0x0000000080005c58 (0x00cddbbb) x23 0x000000000000007f
core   0: 0x0000000080005c5c (0x0375ebbb) remw    s7, a1, s7
core   0: 1 0x0000000080005c5c (0x0375ebbb) x23 0xffffffffffffffff
core   0: 0x0000000080005c60 (0x22ad1553) fsgnjn.d fa0, fs10, fa0
core   0: 1 0x0000000080005c60 (0x22ad1553) f10 0xffffffff5f7fffff
core   0: 0x0000000080005c64 (0x017b82b3) add     t0, s7, s7
core   0: 1 0x0000000080005c64 (0x017b82b3) x5  0xfffffffffffffffe
core   0: 0x0000000080005c68 (0x00102573) csrrs   a0, fflags, zero
core   0: 1 0x0000000080005c68 (0x00102573) x10 0x0000000000000001
core   0: 0x0000000080005c6c (0xd0357ad3) fcvt.s.lu fs5, a0
core   0: 1 0x0000000080005c6c (0xd0357ad3) f21 0xffffffff3f800000
core   0: 0x0000000080005c70 (0x0083a9b3) slt     s3, t2, s0
core   0: 1 0x0000000080005c70 (0x0083a9b3) x19 0x0000000000000001
core   0: 0x0000000080005c74 (0x1ab97cd3) fdiv.d  fs9, fs2, fa1
core   0: 1 0x0000000080005c74 (0x1ab97cd3) f25 0x7ff8000000000000
core   0: 0x0000000080005c78 (0x0369d213) srli    tp, s3, 54
core   0: 1 0x0000000080005c78 (0x0369d213) x4  0x0000000000000000
core   0: 0x0000000080005c7c (0x00221573) csrrw   a0, frm, tp
core   0: 1 0x0000000080005c7c (0x00221573) x10 0x0000000000000001 c2_frm 0x0000000000000000
core   0: 0x0000000080005c80 (0xf2078053) fmv.d.x ft0, a5
core   0: 1 0x0000000080005c80 (0xf2078053) f0  0x0000000080005b34
core   0: 0x0000000080005c84 (0xd0327b53) fcvt.s.lu fs6, tp
core   0: 1 0x0000000080005c84 (0xd0327b53) f22 0xffffffff00000000
core   0: 0x0000000080005c88 (0x03f41693) slli    a3, s0, 63
core   0: 1 0x0000000080005c88 (0x03f41693) x13 0x0000000000000000
core   0: 0x0000000080005c8c (0x42028f53) fcvt.d.s ft10, ft5
core   0: 1 0x0000000080005c8c (0x42028f53) f30 0x7ff8000000000000
core   0: 0x0000000080005c90 (0xb1ac6c13) ori     s8, s8, -1254
core   0: 1 0x0000000080005c90 (0xb1ac6c13) x24 0xfffffffffffffb3a
core   0: 0x0000000080005c94 (0x01c0f0b3) and     ra, ra, t3
core   0: 1 0x0000000080005c94 (0x01c0f0b3) x1  0x0000000080004010
core   0: 0x0000000080005c98 (0x4021d13b) sraw    sp, gp, sp
core   0: 1 0x0000000080005c98 (0x4021d13b) x2  0x0000000000000000
core   0: 0x0000000080005c9c (0x0a597e53) fsub.d  ft8, fs2, ft5
core   0: 1 0x0000000080005c9c (0x0a597e53) f28 0x7ff8000000000000
core   0: 0x0000000080005ca0 (0x5bf4c393) xori    t2, s1, 1471
core   0: 1 0x0000000080005ca0 (0x5bf4c393) x7  0x00000000000014fe
core   0: 0x0000000080005ca4 (0x2bde0e53) fmin.d  ft8, ft8, ft9
core   0: 1 0x0000000080005ca4 (0x2bde0e53) f28 0x7ff8000000000000
core   0: 0x0000000080005ca8 (0x5a0efed3) fsqrt.d ft9, ft9
core   0: 1 0x0000000080005ca8 (0x5a0efed3) f29 0x7ff8000000000000
core   0: 0x0000000080005cac (0xc23bf2d3) fcvt.lu.d t0, fs7
core   0: 1 0x0000000080005cac (0xc23bf2d3) c1_fflags 0x0000000000000011 x5  0xffffffffffffffff
core   0: 0x0000000080005cb0 (0x410a5a9b) sraiw   s5, s4, 16
core   0: 1 0x0000000080005cb0 (0x410a5a9b) x21 0xffffffffffffffff
core   0: 0x0000000080005cb4 (0x01a29533) sll     a0, t0, s10
core   0: 1 0x0000000080005cb4 (0x01a29533) x10 0xfffffffffffffffe
core   0: 0x0000000080005cb8 (0x0078dd33) srl     s10, a7, t2
core   0: 1 0x0000000080005cb8 (0x0078dd33) x26 0x0000000000000000
core   0: 0x0000000080005cbc (0xf92f4237) lui     tp, 0xf92f4
core   0: 1 0x0000000080005cbc (0xf92f4237) x4  0xfffffffff92f4000
core   0: 0x0000000080005cc0 (0xcaf2021b) addiw   tp, tp, -849
core   0: 1 0x0000000080005cc0 (0xcaf2021b) x4  0xfffffffff92f3caf
core   0: 0x0000000080005cc4 (0x00000232) c.slli  tp, 12
core   0: 1 0x0000000080005cc4 (0x0232) x4  0xffffff92f3caf000
core   0: 0x0000000080005cc6 (0x14420213) addi    tp, tp, 324
core   0: 1 0x0000000080005cc6 (0x14420213) x4  0xffffff92f3caf144
core   0: 0x0000000080005cca (0x01471a9b) slliw   s5, a4, 20
core   0: 1 0x0000000080005cca (0x01471a9b) x21 0x0000000079500000
core   0: 0x0000000080005cce (0xc21ef4d3) fcvt.wu.d s1, ft9
core   0: 1 0x0000000080005cce (0xc21ef4d3) c1_fflags 0x0000000000000011 x9  0xffffffffffffffff
core   0: 0x0000000080005cd2 (0x13c87653) fmul.d  fa2, fa6, ft8
core   0: 1 0x0000000080005cd2 (0x13c87653) f12 0x7ff8000000000000
core   0: 0x0000000080005cd6 (0x4308794b) fnmsub.d fs2, fa6, fa6, fs0
core   0: 1 0x0000000080005cd6 (0x4308794b) f18 0x7ff8000000000000
core   0: 0x0000000080005cda (0xb840c993) xori    s3, ra, -1148
core   0: 1 0x0000000080005cda (0xb840c993) x19 0xffffffff7fffbb94
core   0: 0x0000000080005cde (0x0385d7bb) divuw   a5, a1, s8
core   0: 1 0x0000000080005cde (0x0385d7bb) x15 0x0000000000000001
core   0: 0x0000000080005ce2 (0x41770c3b) subw    s8, a4, s7
core   0: 1 0x0000000080005ce2 (0x41770c3b) x24 0xffffffff80004796
core   0: 0x0000000080005ce6 (0x02f292b3) mulh    t0, t0, a5
core   0: 1 0x0000000080005ce6 (0x02f292b3) x5  0xffffffffffffffff
core   0: 0x0000000080005cea (0x0bd87d53) fsub.d  fs10, fa6, ft9
core   0: 1 0x0000000080005cea (0x0bd87d53) f26 0x7ff8000000000000
core   0: 0x0000000080005cee (0xf13cd873) csrrwi  a6, mimpid, 25
core   0: exception trap_illegal_instruction, epc 0x0000000080005cee
core   0:           tval 0x00000000f13cd873
core   0: >>>>  $xrv64i2p1_m2p0_a2p1_f2p2_d2p2_zicsr2p0_zifencei2p0_zmmul1p0_zba1p0_zbb1p0_zbc1p0_zbs1p0
core   0: 0x0000000080004000 (0x0080006f) j       pc + 0x8
core   0: 3 0x0000000080004000 (0x0080006f)
core   0: >>>>  mmode_exception_handler
core   0: 0x0000000080004008 (0x00002c17) auipc   s8, 0x2
core   0: 3 0x0000000080004008 (0x00002c17) x24 0x0000000080006008
core   0: 0x000000008000400c (0x014c0c13) addi    s8, s8, 20
core   0: 3 0x000000008000400c (0x014c0c13) x24 0x000000008000601c
core   0: 0x0000000080004010 (0x000c00e7) jalr    s8
core   0: 3 0x0000000080004010 (0x000c00e7) x1  0x0000000080004014
core   0: >>>>  any_handler
core   0: 0x000000008000601c (0x341027f3) csrrs   a5, mepc, zero
core   0: 3 0x000000008000601c (0x341027f3) x15 0x0000000080005cee
core   0: 0x0000000080006020 (0x34202773) csrrs   a4, mcause, zero
core   0: 3 0x0000000080006020 (0x34202773) x14 0x0000000000000002
core   0: 0x0000000080006024 (0x142026f3) csrrs   a3, scause, zero
core   0: 3 0x0000000080006024 (0x142026f3) x13 0x0000000000000000
core   0: 0x0000000080006028 (0x30402673) csrrs   a2, mie, zero
core   0: 3 0x0000000080006028 (0x30402673) x12 0x0000000000000a00
core   0: 0x000000008000602c (0x344025f3) csrrs   a1, mip, zero
core   0: 3 0x000000008000602c (0x344025f3) x11 0x0000000000000080
core   0: 0x0000000080006030 (0x343025f3) csrrs   a1, mtval, zero
core   0: 3 0x0000000080006030 (0x343025f3) x11 0x00000000f13cd873
core   0: 0x0000000080006034 (0x14302573) csrrs   a0, stval, zero
core   0: 3 0x0000000080006034 (0x14302573) x10 0x0000000000000000
core   0: 0x0000000080006038 (0xb02024f3) csrrs   s1, minstret, zero
core   0: 3 0x0000000080006038 (0xb02024f3) x9  0x00000000000011c2
core   0: 0x000000008000603c (0x0000a811) c.j     pc + 20
core   0: 3 0x000000008000603c (0xa811)
core   0: >>>>  mepc_4
core   0: 0x0000000080006050 (0x00000791) c.addi  a5, 4
core   0: 3 0x0000000080006050 (0x0791) x15 0x0000000080005cf2
core   0: 0x0000000080006052 (0x34179073) csrrw   zero, mepc, a5
core   0: 3 0x0000000080006052 (0x34179073) c833_mepc 0x0000000080005cf2
core   0: 0x0000000080006056 (0x30200073) mret
core   0: 3 0x0000000080006056 (0x30200073) c768_mstatus 0x8000000a00106080
core   0: 0x0000000080005cf2 (0x07f5d1b7) lui     gp, 0x7f5d
core   0: 1 0x0000000080005cf2 (0x07f5d1b7) x3  0x0000000007f5d000
core   0: 0x0000000080005cf6 (0xca31819b) addiw   gp, gp, -861
core   0: 1 0x0000000080005cf6 (0xca31819b) x3  0x0000000007f5cca3
core   0: 0x0000000080005cfa (0x000001b2) c.slli  gp, 12
core   0: 1 0x0000000080005cfa (0x01b2) x3  0x0000007f5cca3000
core   0: 0x0000000080005cfc (0x9c218193) addi    gp, gp, -1598
core   0: 1 0x0000000080005cfc (0x9c218193) x3  0x0000007f5cca29c2
core   0: 0x0000000080005d00 (0xc0367953) fcvt.lu.s s2, fa2
core   0: 1 0x0000000080005d00 (0xc0367953) c1_fflags 0x0000000000000011 x18 0xffffffffffffffff
core   0: 0x0000000080005d04 (0x03fad813) srli    a6, s5, 63
core   0: 1 0x0000000080005d04 (0x03fad813) x16 0x0000000000000000
core   0: 0x0000000080005d08 (0x414852bb) sraw    t0, a6, s4
core   0: 1 0x0000000080005d08 (0x414852bb) x5  0x0000000000000000
core   0: 0x0000000080005d0c (0x00a4a4b3) slt     s1, s1, a0
core   0: 1 0x0000000080005d0c (0x00a4a4b3) x9  0x0000000000000000
core   0: 0x0000000080005d10 (0xdbf972cf) fnmadd.d ft5, fs2, ft11, fs11
core   0: 1 0x0000000080005d10 (0xdbf972cf) f5  0x7ff8000000000000
core   0: 0x0000000080005d14 (0x010489b3) add     s3, s1, a6
core   0: 1 0x0000000080005d14 (0x010489b3) x19 0x0000000000000000
core   0: 0x0000000080005d18 (0x02bff9d3) fadd.d  fs3, ft11, fa1
core   0: 1 0x0000000080005d18 (0x02bff9d3) f19 0x7ff8000000000000
core   0: 0x0000000080005d1c (0x012a141b) slliw   s0, s4, 18
core   0: 1 0x0000000080005d1c (0x012a141b) x8  0xfffffffffffc0000
core   0: 0x0000000080005d20 (0x0954881b) addiw   a6, s1, 149
core   0: 1 0x0000000080005d20 (0x0954881b) x16 0x0000000000000095
core   0: 0x0000000080005d24 (0x1a5ff6c7) fmsub.d fa3, ft11, ft5, ft3
core   0: 1 0x0000000080005d24 (0x1a5ff6c7) f13 0x7ff8000000000000
core   0: 0x0000000080005d28 (0x00f7a133) slt     sp, a5, a5
core   0: 1 0x0000000080005d28 (0x00f7a133) x2  0x0000000000000000
core   0: 0x0000000080005d2c (0x0339ed3b) remw    s10, s3, s3
core   0: 1 0x0000000080005d2c (0x0339ed3b) x26 0x0000000000000000
core   0: 0x0000000080005d30 (0x0ff0000f) fence   iorw,iorw
core   0: 1 0x0000000080005d30 (0x0ff0000f)
core   0: 0x0000000080005d34 (0xe20f80d3) fmv.x.d ra, ft11
core   0: 1 0x0000000080005d34 (0xe20f80d3) x1  0x7ff8000000000000
core   0: 0x0000000080005d38 (0x0ff0000f) fence   iorw,iorw
core   0: 1 0x0000000080005d38 (0x0ff0000f)
core   0: 0x0000000080005d3c (0x233f1f53) fsgnjn.d ft10, ft10, fs3
core   0: 1 0x0000000080005d3c (0x233f1f53) f30 0xfff8000000000000
core   0: 0x0000000080005d40 (0x134e7247) fmsub.d ft4, ft8, fs4, ft2
core   0: 1 0x0000000080005d40 (0x134e7247) f4  0x7ff8000000000000
core   0: 0x0000000080005d44 (0x02c411b3) mulh    gp, s0, a2
core   0: 1 0x0000000080005d44 (0x02c411b3) x3  0xffffffffffffffff
core   0: 0x0000000080005d48 (0x5a07f553) fsqrt.d fa0, fa5
core   0: 1 0x0000000080005d48 (0x5a07f553) c1_fflags 0x0000000000000011 f10 0x7ff8000000000000
core   0: 0x0000000080005d4c (0xd021f8d3) fcvt.s.l fa7, gp
core   0: 1 0x0000000080005d4c (0xd021f8d3) f17 0xffffffffbf800000
core   0: 0x0000000080005d50 (0x00202773) csrrs   a4, frm, zero
core   0: 1 0x0000000080005d50 (0x00202773) x14 0x0000000000000000
core   0: 0x0000000080005d54 (0x23b895d3) fsgnjn.d fa1, fa7, fs11
core   0: 1 0x0000000080005d54 (0x23b895d3) f11 0xffffffffbf800000
core   0: 0x0000000080005d58 (0x43fed293) srai    t0, t4, 63
core   0: 1 0x0000000080005d58 (0x43fed293) x5  0x0000000000000000
core   0: 0x0000000080005d5c (0x10a72073) csrrs   zero, senvcfg, a4
core   0: 1 0x0000000080005d5c (0x10a72073) c266_senvcfg 0x0000000000000000
core   0: 0x0000000080005d60 (0xc02778d3) fcvt.l.s a7, fa4
core   0: 1 0x0000000080005d60 (0xc02778d3) x17 0x0000000000000000
core   0: 0x0000000080005d64 (0x40425233) sra     tp, tp, tp
core   0: 1 0x0000000080005d64 (0x40425233) x4  0xfffffff92f3caf14
core   0: 0x0000000080005d68 (0x004899b3) sll     s3, a7, tp
core   0: 1 0x0000000080005d68 (0x004899b3) x19 0x0000000000000000
core   0: 0x0000000080005d6c (0xd21d85d3) fcvt.d.wu fa1, s11
core   0: 1 0x0000000080005d6c (0xd21d85d3) f11 0x41efffff46c00000
core   0: 0x0000000080005d70 (0x012c11bb) sllw    gp, s8, s2
core   0: 1 0x0000000080005d70 (0x012c11bb) x3  0x0000000000000000
core   0: 0x0000000080005d74 (0x2b6c7a13) andi    s4, s8, 694
core   0: 1 0x0000000080005d74 (0x2b6c7a13) x20 0x0000000000000014
core   0: 0x0000000080005d78 (0x4017d993) srai    s3, a5, 1
core   0: 1 0x0000000080005d78 (0x4017d993) x19 0x0000000040002e79
core   0: 0x0000000080005d7c (0x1a20f1c3) fmadd.d ft3, ft1, ft2, ft3
core   0: 1 0x0000000080005d7c (0x1a20f1c3) f3  0x7ff8000000000000
core   0: 0x0000000080005d80 (0xdbb17c43) fmadd.d fs8, ft2, fs11, fs11
core   0: 1 0x0000000080005d80 (0xdbb17c43) f24 0x7ff8000000000000
core   0: 0x0000000080005d84 (0x007a1d1b) slliw   s10, s4, 7
core   0: 1 0x0000000080005d84 (0x007a1d1b) x26 0x0000000000000a00
core   0: 0x0000000080005d88 (0xd2267ad3) fcvt.d.l fs5, a2
core   0: 1 0x0000000080005d88 (0xd2267ad3) f21 0x40a4000000000000
core   0: 0x0000000080005d8c (0x00000001) c.nop
core   0: 1 0x0000000080005d8c (0x0001)
core   0: 0x0000000080005d8e (0x02f477bb) remuw   a5, s0, a5
core   0: 1 0x0000000080005d8e (0x02f477bb) x15 0x000000007ffba30e
core   0: 0x0000000080005d92 (0xe20c01d3) fmv.x.d gp, fs8
core   0: 1 0x0000000080005d92 (0xe20c01d3) x3  0x7ff8000000000000
core   0: 0x0000000080005d96 (0x40b05693) srai    a3, zero, 11
core   0: 1 0x0000000080005d96 (0x40b05693) x13 0x0000000000000000
core   0: 0x0000000080005d9a (0x328654b7) lui     s1, 0x32865
core   0: 1 0x0000000080005d9a (0x328654b7) x9  0x0000000032865000
core   0: 0x0000000080005d9e (0x03bdb5b3) mulhu   a1, s11, s11
core   0: 1 0x0000000080005d9e (0x03bdb5b3) x11 0xfffffffffffff46c
core   0: 0x0000000080005da2 (0x4b38019b) addiw   gp, a6, 1203
core   0: 1 0x0000000080005da2 (0x4b38019b) x3  0x0000000000000548
core   0: 0x0000000080005da6 (0x0011d89b) srliw   a7, gp, 1
core   0: 1 0x0000000080005da6 (0x0011d89b) x17 0x00000000000002a4
core   0: 0x0000000080005daa (0x1294f6d3) fmul.d  fa3, fs1, fs1
core   0: 1 0x0000000080005daa (0x1294f6d3) c1_fflags 0x0000000000000011 f13 0x414ff001fffffffe
core   0: 0x0000000080005dae (0x02f7ebb3) rem     s7, a5, a5
core   0: 1 0x0000000080005dae (0x02f7ebb3) x23 0x0000000000000000
core   0: 0x0000000080005db2 (0x2ad410d3) fmax.d  ft1, fs0, fa3
core   0: 1 0x0000000080005db2 (0x2ad410d3) f1  0x414ff001fffffffe
core   0: 0x0000000080005db6 (0x002b96f3) csrrw   a3, frm, s7
core   0: 1 0x0000000080005db6 (0x002b96f3) x13 0x0000000000000000 c2_frm 0x0000000000000000
core   0: 0x0000000080005dba (0xc208f753) fcvt.w.d a4, fa7
core   0: 1 0x0000000080005dba (0xc208f753) c1_fflags 0x0000000000000011 x14 0x000000007fffffff
core   0: 0x0000000080005dbe (0x7ff74193) xori    gp, a4, 2047
core   0: 1 0x0000000080005dbe (0x7ff74193) x3  0x000000007ffff800
core   0: 0x0000000080005dc2 (0x401c7c53) fcvt.s.d fs8, fs8
core   0: 1 0x0000000080005dc2 (0x401c7c53) f24 0xffffffff7fc00000
core   0: 0x0000000080005dc6 (0x3441adf3) csrrs   s11, mip, gp
core   0: exception trap_illegal_instruction, epc 0x0000000080005dc6
core   0:           tval 0x000000003441adf3
core   0: >>>>  $xrv64i2p1_m2p0_a2p1_f2p2_d2p2_zicsr2p0_zifencei2p0_zmmul1p0_zba1p0_zbb1p0_zbc1p0_zbs1p0
core   0: 0x0000000080004000 (0x0080006f) j       pc + 0x8
core   0: 3 0x0000000080004000 (0x0080006f)
core   0: >>>>  mmode_exception_handler
core   0: 0x0000000080004008 (0x00002c17) auipc   s8, 0x2
core   0: 3 0x0000000080004008 (0x00002c17) x24 0x0000000080006008
core   0: 0x000000008000400c (0x014c0c13) addi    s8, s8, 20
core   0: 3 0x000000008000400c (0x014c0c13) x24 0x000000008000601c
core   0: 0x0000000080004010 (0x000c00e7) jalr    s8
core   0: 3 0x0000000080004010 (0x000c00e7) x1  0x0000000080004014
core   0: >>>>  any_handler
core   0: 0x000000008000601c (0x341027f3) csrrs   a5, mepc, zero
core   0: 3 0x000000008000601c (0x341027f3) x15 0x0000000080005dc6
core   0: 0x0000000080006020 (0x34202773) csrrs   a4, mcause, zero
core   0: 3 0x0000000080006020 (0x34202773) x14 0x0000000000000002
core   0: 0x0000000080006024 (0x142026f3) csrrs   a3, scause, zero
core   0: 3 0x0000000080006024 (0x142026f3) x13 0x0000000000000000
core   0: 0x0000000080006028 (0x30402673) csrrs   a2, mie, zero
core   0: 3 0x0000000080006028 (0x30402673) x12 0x0000000000000a00
core   0: 0x000000008000602c (0x344025f3) csrrs   a1, mip, zero
core   0: 3 0x000000008000602c (0x344025f3) x11 0x0000000000000080
core   0: 0x0000000080006030 (0x343025f3) csrrs   a1, mtval, zero
core   0: 3 0x0000000080006030 (0x343025f3) x11 0x000000003441adf3
core   0: 0x0000000080006034 (0x14302573) csrrs   a0, stval, zero
core   0: 3 0x0000000080006034 (0x14302573) x10 0x0000000000000000
core   0: 0x0000000080006038 (0xb02024f3) csrrs   s1, minstret, zero
core   0: 3 0x0000000080006038 (0xb02024f3) x9  0x0000000000001208
core   0: 0x000000008000603c (0x0000a811) c.j     pc + 20
core   0: 3 0x000000008000603c (0xa811)
core   0: >>>>  mepc_4
core   0: 0x0000000080006050 (0x00000791) c.addi  a5, 4
core   0: 3 0x0000000080006050 (0x0791) x15 0x0000000080005dca
core   0: 0x0000000080006052 (0x34179073) csrrw   zero, mepc, a5
core   0: 3 0x0000000080006052 (0x34179073) c833_mepc 0x0000000080005dca
core   0: 0x0000000080006056 (0x30200073) mret
core   0: 3 0x0000000080006056 (0x30200073) c768_mstatus 0x8000000a00106080
core   0: 0x0000000080005dca (0x001027f3) csrrs   a5, fflags, zero
core   0: 1 0x0000000080005dca (0x001027f3) x15 0x0000000000000011
core   0: 0x0000000080005dce (0x00008946) c.mv    s2, a7
core   0: 1 0x0000000080005dce (0x8946) x18 0x00000000000002a4
core   0: 0x0000000080005dd0 (0x0256f03b) remuw   zero, a3, t0
core   0: 1 0x0000000080005dd0 (0x0256f03b)
core   0: 0x0000000080005dd4 (0x0ff0000f) fence   iorw,iorw
core   0: 1 0x0000000080005dd4 (0x0ff0000f)
core   0: 0x0000000080005dd8 (0x8bec0393) addi    t2, s8, -1858
core   0: 1 0x0000000080005dd8 (0x8bec0393) x7  0x00000000800058da
core   0: 0x0000000080005ddc (0x032cb9b3) mulhu   s3, s9, s2
core   0: 1 0x0000000080005ddc (0x032cb9b3) x19 0x0000000000000000
core   0: 0x0000000080005de0 (0x40c2893b) subw    s2, t0, a2
core   0: 1 0x0000000080005de0 (0x40c2893b) x18 0xfffffffffffff600
core   0: 0x0000000080005de4 (0x001a1d73) csrrw   s10, fflags, s4
core   0: 1 0x0000000080005de4 (0x001a1d73) x26 0x0000000000000011 c1_fflags 0x0000000000000014
core   0: 0x0000000080005de8 (0x22b804d3) fsgnj.d fs1, fa6, fa1
core   0: 1 0x0000000080005de8 (0x22b804d3) f9  0x0000000000000000
core   0: 0x0000000080005dec (0x00102573) csrrs   a0, fflags, zero
core   0: 1 0x0000000080005dec (0x00102573) x10 0x0000000000000014
core   0: 0x0000000080005df0 (0x001e8213) addi    tp, t4, 1
core   0: 1 0x0000000080005df0 (0x001e8213) x4  0x0000000000000020
core   0: 0x0000000080005df4 (0x0006d293) srli    t0, a3, 0
core   0: 1 0x0000000080005df4 (0x0006d293) x5  0x0000000000000000
core   0: 0x0000000080005df8 (0x420f0bd3) fcvt.d.s fs7, ft10
core   0: 1 0x0000000080005df8 (0x420f0bd3) f23 0x7ff8000000000000
core   0: 0x0000000080005dfc (0x02427ed3) fadd.d  ft9, ft4, ft4
core   0: 1 0x0000000080005dfc (0x02427ed3) f29 0x7ff8000000000000
core   0: 0x0000000080005e00 (0xd032f1d3) fcvt.s.lu ft3, t0
core   0: 1 0x0000000080005e00 (0xd032f1d3) f3  0xffffffff00000000
core   0: 0x0000000080005e04 (0x7ff28893) addi    a7, t0, 2047
core   0: 1 0x0000000080005e04 (0x7ff28893) x17 0x00000000000007ff
core   0: 0x0000000080005e08 (0x002897f3) csrrw   a5, frm, a7
core   0: 1 0x0000000080005e08 (0x002897f3) x15 0x0000000000000000 c2_frm 0x0000000000000007
core   0: 0x0000000080005e0c (0x0ff0000f) fence   iorw,iorw
core   0: 1 0x0000000080005e0c (0x0ff0000f)
core   0: 0x0000000080005e10 (0x002daeb7) lui     t4, 0x2da
core   0: 1 0x0000000080005e10 (0x002daeb7) x29 0x00000000002da000
core   0: 0x0000000080005e14 (0x5e3e8e9b) addiw   t4, t4, 1507
core   0: 1 0x0000000080005e14 (0x5e3e8e9b) x29 0x00000000002da5e3
core   0: 0x0000000080005e18 (0x00000ec2) c.slli  t4, 16
core   0: 1 0x0000000080005e18 (0x0ec2) x29 0x0000002da5e30000
core   0: 0x0000000080005e1a (0xd38e8e93) addi    t4, t4, -712
core   0: 1 0x0000000080005e1a (0xd38e8e93) x29 0x0000002da5e2fd38
core   0: 0x0000000080005e1e (0xd0267b53) fcvt.s.l fs6, a2
core   0: exception trap_illegal_instruction, epc 0x0000000080005e1e
core   0:           tval 0x00000000d0267b53
core   0: >>>>  $xrv64i2p1_m2p0_a2p1_f2p2_d2p2_zicsr2p0_zifencei2p0_zmmul1p0_zba1p0_zbb1p0_zbc1p0_zbs1p0
core   0: 0x0000000080004000 (0x0080006f) j       pc + 0x8
core   0: 3 0x0000000080004000 (0x0080006f)
core   0: >>>>  mmode_exception_handler
core   0: 0x0000000080004008 (0x00002c17) auipc   s8, 0x2
core   0: 3 0x0000000080004008 (0x00002c17) x24 0x0000000080006008
core   0: 0x000000008000400c (0x014c0c13) addi    s8, s8, 20
core   0: 3 0x000000008000400c (0x014c0c13) x24 0x000000008000601c
core   0: 0x0000000080004010 (0x000c00e7) jalr    s8
core   0: 3 0x0000000080004010 (0x000c00e7) x1  0x0000000080004014
core   0: >>>>  any_handler
core   0: 0x000000008000601c (0x341027f3) csrrs   a5, mepc, zero
core   0: 3 0x000000008000601c (0x341027f3) x15 0x0000000080005e1e
core   0: 0x0000000080006020 (0x34202773) csrrs   a4, mcause, zero
core   0: 3 0x0000000080006020 (0x34202773) x14 0x0000000000000002
core   0: 0x0000000080006024 (0x142026f3) csrrs   a3, scause, zero
core   0: 3 0x0000000080006024 (0x142026f3) x13 0x0000000000000000
core   0: 0x0000000080006028 (0x30402673) csrrs   a2, mie, zero
core   0: 3 0x0000000080006028 (0x30402673) x12 0x0000000000000a00
core   0: 0x000000008000602c (0x344025f3) csrrs   a1, mip, zero
core   0: 3 0x000000008000602c (0x344025f3) x11 0x0000000000000080
core   0: 0x0000000080006030 (0x343025f3) csrrs   a1, mtval, zero
core   0: 3 0x0000000080006030 (0x343025f3) x11 0x00000000d0267b53
core   0: 0x0000000080006034 (0x14302573) csrrs   a0, stval, zero
core   0: 3 0x0000000080006034 (0x14302573) x10 0x0000000000000000
core   0: 0x0000000080006038 (0xb02024f3) csrrs   s1, minstret, zero
core   0: 3 0x0000000080006038 (0xb02024f3) x9  0x000000000000122e
core   0: 0x000000008000603c (0x0000a811) c.j     pc + 20
core   0: 3 0x000000008000603c (0xa811)
core   0: >>>>  mepc_4
core   0: 0x0000000080006050 (0x00000791) c.addi  a5, 4
core   0: 3 0x0000000080006050 (0x0791) x15 0x0000000080005e22
core   0: 0x0000000080006052 (0x34179073) csrrw   zero, mepc, a5
core   0: 3 0x0000000080006052 (0x34179073) c833_mepc 0x0000000080005e22
core   0: 0x0000000080006056 (0x30200073) mret
core   0: 3 0x0000000080006056 (0x30200073) c768_mstatus 0x8000000a00106080
core   0: 0x0000000080005e22 (0x038efc33) remu    s8, t4, s8
core   0: 1 0x0000000080005e22 (0x038efc33) x24 0x0000000025c0d344
core   0: 0x0000000080005e26 (0x14fb46b7) lui     a3, 0x14fb4
core   0: 1 0x0000000080005e26 (0x14fb46b7) x13 0x0000000014fb4000
core   0: 0x0000000080005e2a (0x030cd1b3) divu    gp, s9, a6
core   0: 1 0x0000000080005e2a (0x030cd1b3) x3  0x0000000000000000
core   0: 0x0000000080005e2e (0x0006911b) slliw   sp, a3, 0
core   0: 1 0x0000000080005e2e (0x0006911b) x2  0x0000000014fb4000
core   0: 0x0000000080005e32 (0x2ad399d3) fmax.d  fs3, ft7, fa3
core   0: 1 0x0000000080005e32 (0x2ad399d3) f19 0x414ff001fffffffe
core   0: 0x0000000080005e36 (0x0021ddb3) srl     s11, gp, sp
core   0: 1 0x0000000080005e36 (0x0021ddb3) x27 0x0000000000000000
core   0: 0x0000000080005e3a (0x001c4c33) xor     s8, s8, ra
core   0: 1 0x0000000080005e3a (0x001c4c33) x24 0x00000000a5c09350
core   0: 0x0000000080005e3e (0xf20b8bd3) fmv.d.x fs7, s7
core   0: 1 0x0000000080005e3e (0xf20b8bd3) f23 0x0000000000000000
core   0: 0x0000000080005e42 (0xe20386d3) fmv.x.d a3, ft7
core   0: 1 0x0000000080005e42 (0xe20386d3) x13 0x7ff8000000000000
core   0: 0x0000000080005e46 (0x001d9893) slli    a7, s11, 1
core   0: 1 0x0000000080005e46 (0x001d9893) x17 0x0000000000000000
core   0: 0x0000000080005e4a (0xc21bf1d3) fcvt.wu.d gp, fs7
core   0: exception trap_illegal_instruction, epc 0x0000000080005e4a
core   0:           tval 0x00000000c21bf1d3
core   0: >>>>  $xrv64i2p1_m2p0_a2p1_f2p2_d2p2_zicsr2p0_zifencei2p0_zmmul1p0_zba1p0_zbb1p0_zbc1p0_zbs1p0
core   0: 0x0000000080004000 (0x0080006f) j       pc + 0x8
core   0: 3 0x0000000080004000 (0x0080006f)
core   0: >>>>  mmode_exception_handler
core   0: 0x0000000080004008 (0x00002c17) auipc   s8, 0x2
core   0: 3 0x0000000080004008 (0x00002c17) x24 0x0000000080006008
core   0: 0x000000008000400c (0x014c0c13) addi    s8, s8, 20
core   0: 3 0x000000008000400c (0x014c0c13) x24 0x000000008000601c
core   0: 0x0000000080004010 (0x000c00e7) jalr    s8
core   0: 3 0x0000000080004010 (0x000c00e7) x1  0x0000000080004014
core   0: >>>>  any_handler
core   0: 0x000000008000601c (0x341027f3) csrrs   a5, mepc, zero
core   0: 3 0x000000008000601c (0x341027f3) x15 0x0000000080005e4a
core   0: 0x0000000080006020 (0x34202773) csrrs   a4, mcause, zero
core   0: 3 0x0000000080006020 (0x34202773) x14 0x0000000000000002
core   0: 0x0000000080006024 (0x142026f3) csrrs   a3, scause, zero
core   0: 3 0x0000000080006024 (0x142026f3) x13 0x0000000000000000
core   0: 0x0000000080006028 (0x30402673) csrrs   a2, mie, zero
core   0: 3 0x0000000080006028 (0x30402673) x12 0x0000000000000a00
core   0: 0x000000008000602c (0x344025f3) csrrs   a1, mip, zero
core   0: 3 0x000000008000602c (0x344025f3) x11 0x0000000000000080
core   0: 0x0000000080006030 (0x343025f3) csrrs   a1, mtval, zero
core   0: 3 0x0000000080006030 (0x343025f3) x11 0x00000000c21bf1d3
core   0: 0x0000000080006034 (0x14302573) csrrs   a0, stval, zero
core   0: 3 0x0000000080006034 (0x14302573) x10 0x0000000000000000
core   0: 0x0000000080006038 (0xb02024f3) csrrs   s1, minstret, zero
core   0: 3 0x0000000080006038 (0xb02024f3) x9  0x0000000000001248
core   0: 0x000000008000603c (0x0000a811) c.j     pc + 20
core   0: 3 0x000000008000603c (0xa811)
core   0: >>>>  mepc_4
core   0: 0x0000000080006050 (0x00000791) c.addi  a5, 4
core   0: 3 0x0000000080006050 (0x0791) x15 0x0000000080005e4e
core   0: 0x0000000080006052 (0x34179073) csrrw   zero, mepc, a5
core   0: 3 0x0000000080006052 (0x34179073) c833_mepc 0x0000000080005e4e
core   0: 0x0000000080006056 (0x30200073) mret
core   0: 3 0x0000000080006056 (0x30200073) c768_mstatus 0x8000000a00106080
core   0: 0x0000000080005e4e (0xf9eeee93) ori     t4, t4, -98
core   0: 1 0x0000000080005e4e (0xf9eeee93) x29 0xffffffffffffffbe
core   0: 0x0000000080005e52 (0x41f65d9b) sraiw   s11, a2, 31
core   0: 1 0x0000000080005e52 (0x41f65d9b) x27 0x0000000000000000
core   0: 0x0000000080005e56 (0x03fa1e13) slli    t3, s4, 63
core   0: 1 0x0000000080005e56 (0x03fa1e13) x28 0x0000000000000000
core   0: 0x0000000080005e5a (0x000d9793) slli    a5, s11, 0
core   0: 1 0x0000000080005e5a (0x000d9793) x15 0x0000000000000000
core   0: 0x0000000080005e5e (0x00db1b33) sll     s6, s6, a3
core   0: 1 0x0000000080005e5e (0x00db1b33) x22 0x0000000000000000
core   0: 0x0000000080005e62 (0x3257cc93) xori    s9, a5, 805
core   0: 1 0x0000000080005e62 (0x3257cc93) x25 0x0000000000000325
core   0: 0x0000000080005e66 (0x00b319bb) sllw    s3, t1, a1
core   0: 1 0x0000000080005e66 (0x00b319bb) x19 0x0000000000080000
core   0: 0x0000000080005e6a (0xc00ba2f3) csrrs   t0, cycle, s7
core   0: exception trap_illegal_instruction, epc 0x0000000080005e6a
core   0:           tval 0x00000000c00ba2f3
core   0: >>>>  $xrv64i2p1_m2p0_a2p1_f2p2_d2p2_zicsr2p0_zifencei2p0_zmmul1p0_zba1p0_zbb1p0_zbc1p0_zbs1p0
core   0: 0x0000000080004000 (0x0080006f) j       pc + 0x8
core   0: 3 0x0000000080004000 (0x0080006f)
core   0: >>>>  mmode_exception_handler
core   0: 0x0000000080004008 (0x00002c17) auipc   s8, 0x2
core   0: 3 0x0000000080004008 (0x00002c17) x24 0x0000000080006008
core   0: 0x000000008000400c (0x014c0c13) addi    s8, s8, 20
core   0: 3 0x000000008000400c (0x014c0c13) x24 0x000000008000601c
core   0: 0x0000000080004010 (0x000c00e7) jalr    s8
core   0: 3 0x0000000080004010 (0x000c00e7) x1  0x0000000080004014
core   0: >>>>  any_handler
core   0: 0x000000008000601c (0x341027f3) csrrs   a5, mepc, zero
core   0: 3 0x000000008000601c (0x341027f3) x15 0x0000000080005e6a
core   0: 0x0000000080006020 (0x34202773) csrrs   a4, mcause, zero
core   0: 3 0x0000000080006020 (0x34202773) x14 0x0000000000000002
core   0: 0x0000000080006024 (0x142026f3) csrrs   a3, scause, zero
core   0: 3 0x0000000080006024 (0x142026f3) x13 0x0000000000000000
core   0: 0x0000000080006028 (0x30402673) csrrs   a2, mie, zero
core   0: 3 0x0000000080006028 (0x30402673) x12 0x0000000000000a00
core   0: 0x000000008000602c (0x344025f3) csrrs   a1, mip, zero
core   0: 3 0x000000008000602c (0x344025f3) x11 0x0000000000000080
core   0: 0x0000000080006030 (0x343025f3) csrrs   a1, mtval, zero
core   0: 3 0x0000000080006030 (0x343025f3) x11 0x00000000c00ba2f3
core   0: 0x0000000080006034 (0x14302573) csrrs   a0, stval, zero
core   0: 3 0x0000000080006034 (0x14302573) x10 0x0000000000000000
core   0: 0x0000000080006038 (0xb02024f3) csrrs   s1, minstret, zero
core   0: 3 0x0000000080006038 (0xb02024f3) x9  0x000000000000125f
core   0: 0x000000008000603c (0x0000a811) c.j     pc + 20
core   0: 3 0x000000008000603c (0xa811)
core   0: >>>>  mepc_4
core   0: 0x0000000080006050 (0x00000791) c.addi  a5, 4
core   0: 3 0x0000000080006050 (0x0791) x15 0x0000000080005e6e
core   0: 0x0000000080006052 (0x34179073) csrrw   zero, mepc, a5
core   0: 3 0x0000000080006052 (0x34179073) c833_mepc 0x0000000080005e6e
core   0: 0x0000000080006056 (0x30200073) mret
core   0: 3 0x0000000080006056 (0x30200073) c768_mstatus 0x8000000a00106080
core   0: 0x0000000080005e6e (0x02839b13) slli    s6, t2, 40
core   0: 1 0x0000000080005e6e (0x02839b13) x22 0x0058da0000000000
core   0: 0x0000000080005e72 (0x4239d713) srai    a4, s3, 35
core   0: 1 0x0000000080005e72 (0x4239d713) x14 0x0000000000000000
core   0: 0x0000000080005e76 (0x0ff0000f) fence   iorw,iorw
core   0: 1 0x0000000080005e76 (0x0ff0000f)
core   0: 0x0000000080005e7a (0x0372693b) remw    s2, tp, s7
core   0: 1 0x0000000080005e7a (0x0372693b) x18 0x0000000000000020
core   0: 0x0000000080005e7e (0xb8daa797) auipc   a5, 0xb8daa
core   0: 1 0x0000000080005e7e (0xb8daa797) x15 0x0000000038dafe7e
core   0: 0x0000000080005e82 (0x14022873) csrrs   a6, sscratch, tp
core   0: 1 0x0000000080005e82 (0x14022873) x16 0x0000000000000005 c320_sscratch 0x0000000000000025
core   0: 0x0000000080005e86 (0x93ca7a43) fmadd.d fs4, fs4, ft8, fs2
core   0: exception trap_illegal_instruction, epc 0x0000000080005e86
core   0:           tval 0x0000000093ca7a43
core   0: >>>>  $xrv64i2p1_m2p0_a2p1_f2p2_d2p2_zicsr2p0_zifencei2p0_zmmul1p0_zba1p0_zbb1p0_zbc1p0_zbs1p0
core   0: 0x0000000080004000 (0x0080006f) j       pc + 0x8
core   0: 3 0x0000000080004000 (0x0080006f)
core   0: >>>>  mmode_exception_handler
core   0: 0x0000000080004008 (0x00002c17) auipc   s8, 0x2
core   0: 3 0x0000000080004008 (0x00002c17) x24 0x0000000080006008
core   0: 0x000000008000400c (0x014c0c13) addi    s8, s8, 20
core   0: 3 0x000000008000400c (0x014c0c13) x24 0x000000008000601c
core   0: 0x0000000080004010 (0x000c00e7) jalr    s8
core   0: 3 0x0000000080004010 (0x000c00e7) x1  0x0000000080004014
core   0: >>>>  any_handler
core   0: 0x000000008000601c (0x341027f3) csrrs   a5, mepc, zero
core   0: 3 0x000000008000601c (0x341027f3) x15 0x0000000080005e86
core   0: 0x0000000080006020 (0x34202773) csrrs   a4, mcause, zero
core   0: 3 0x0000000080006020 (0x34202773) x14 0x0000000000000002
core   0: 0x0000000080006024 (0x142026f3) csrrs   a3, scause, zero
core   0: 3 0x0000000080006024 (0x142026f3) x13 0x0000000000000000
core   0: 0x0000000080006028 (0x30402673) csrrs   a2, mie, zero
core   0: 3 0x0000000080006028 (0x30402673) x12 0x0000000000000a00
core   0: 0x000000008000602c (0x344025f3) csrrs   a1, mip, zero
core   0: 3 0x000000008000602c (0x344025f3) x11 0x0000000000000080
core   0: 0x0000000080006030 (0x343025f3) csrrs   a1, mtval, zero
core   0: 3 0x0000000080006030 (0x343025f3) x11 0x0000000093ca7a43
core   0: 0x0000000080006034 (0x14302573) csrrs   a0, stval, zero
core   0: 3 0x0000000080006034 (0x14302573) x10 0x0000000000000000
core   0: 0x0000000080006038 (0xb02024f3) csrrs   s1, minstret, zero
core   0: 3 0x0000000080006038 (0xb02024f3) x9  0x0000000000001275
core   0: 0x000000008000603c (0x0000a811) c.j     pc + 20
core   0: 3 0x000000008000603c (0xa811)
core   0: >>>>  mepc_4
core   0: 0x0000000080006050 (0x00000791) c.addi  a5, 4
core   0: 3 0x0000000080006050 (0x0791) x15 0x0000000080005e8a
core   0: 0x0000000080006052 (0x34179073) csrrw   zero, mepc, a5
core   0: 3 0x0000000080006052 (0x34179073) c833_mepc 0x0000000080005e8a
core   0: 0x0000000080006056 (0x30200073) mret
core   0: 3 0x0000000080006056 (0x30200073) c768_mstatus 0x8000000a00106080
core   0: 0x0000000080005e8a (0x411ed8b3) sra     a7, t4, a7
core   0: 1 0x0000000080005e8a (0x411ed8b3) x17 0xffffffffffffffbe
core   0: 0x0000000080005e8e (0xc800e2f3) csrrsi  t0, cycleh, 1
core   0: exception trap_illegal_instruction, epc 0x0000000080005e8e
core   0:           tval 0x00000000c800e2f3
core   0: >>>>  $xrv64i2p1_m2p0_a2p1_f2p2_d2p2_zicsr2p0_zifencei2p0_zmmul1p0_zba1p0_zbb1p0_zbc1p0_zbs1p0
core   0: 0x0000000080004000 (0x0080006f) j       pc + 0x8
core   0: 3 0x0000000080004000 (0x0080006f)
core   0: >>>>  mmode_exception_handler
core   0: 0x0000000080004008 (0x00002c17) auipc   s8, 0x2
core   0: 3 0x0000000080004008 (0x00002c17) x24 0x0000000080006008
core   0: 0x000000008000400c (0x014c0c13) addi    s8, s8, 20
core   0: 3 0x000000008000400c (0x014c0c13) x24 0x000000008000601c
core   0: 0x0000000080004010 (0x000c00e7) jalr    s8
core   0: 3 0x0000000080004010 (0x000c00e7) x1  0x0000000080004014
core   0: >>>>  any_handler
core   0: 0x000000008000601c (0x341027f3) csrrs   a5, mepc, zero
core   0: 3 0x000000008000601c (0x341027f3) x15 0x0000000080005e8e
core   0: 0x0000000080006020 (0x34202773) csrrs   a4, mcause, zero
core   0: 3 0x0000000080006020 (0x34202773) x14 0x0000000000000002
core   0: 0x0000000080006024 (0x142026f3) csrrs   a3, scause, zero
core   0: 3 0x0000000080006024 (0x142026f3) x13 0x0000000000000000
core   0: 0x0000000080006028 (0x30402673) csrrs   a2, mie, zero
core   0: 3 0x0000000080006028 (0x30402673) x12 0x0000000000000a00
core   0: 0x000000008000602c (0x344025f3) csrrs   a1, mip, zero
core   0: 3 0x000000008000602c (0x344025f3) x11 0x0000000000000080
core   0: 0x0000000080006030 (0x343025f3) csrrs   a1, mtval, zero
core   0: 3 0x0000000080006030 (0x343025f3) x11 0x00000000c800e2f3
core   0: 0x0000000080006034 (0x14302573) csrrs   a0, stval, zero
core   0: 3 0x0000000080006034 (0x14302573) x10 0x0000000000000000
core   0: 0x0000000080006038 (0xb02024f3) csrrs   s1, minstret, zero
core   0: 3 0x0000000080006038 (0xb02024f3) x9  0x0000000000001286
core   0: 0x000000008000603c (0x0000a811) c.j     pc + 20
core   0: 3 0x000000008000603c (0xa811)
core   0: >>>>  mepc_4
core   0: 0x0000000080006050 (0x00000791) c.addi  a5, 4
core   0: 3 0x0000000080006050 (0x0791) x15 0x0000000080005e92
core   0: 0x0000000080006052 (0x34179073) csrrw   zero, mepc, a5
core   0: 3 0x0000000080006052 (0x34179073) c833_mepc 0x0000000080005e92
core   0: 0x0000000080006056 (0x30200073) mret
core   0: 3 0x0000000080006056 (0x30200073) c768_mstatus 0x8000000a00106080
core   0: 0x0000000080005e92 (0xd232f8d3) fcvt.d.lu fa7, t0
core   0: exception trap_illegal_instruction, epc 0x0000000080005e92
core   0:           tval 0x00000000d232f8d3
core   0: >>>>  $xrv64i2p1_m2p0_a2p1_f2p2_d2p2_zicsr2p0_zifencei2p0_zmmul1p0_zba1p0_zbb1p0_zbc1p0_zbs1p0
core   0: 0x0000000080004000 (0x0080006f) j       pc + 0x8
core   0: 3 0x0000000080004000 (0x0080006f)
core   0: >>>>  mmode_exception_handler
core   0: 0x0000000080004008 (0x00002c17) auipc   s8, 0x2
core   0: 3 0x0000000080004008 (0x00002c17) x24 0x0000000080006008
core   0: 0x000000008000400c (0x014c0c13) addi    s8, s8, 20
core   0: 3 0x000000008000400c (0x014c0c13) x24 0x000000008000601c
core   0: 0x0000000080004010 (0x000c00e7) jalr    s8
core   0: 3 0x0000000080004010 (0x000c00e7) x1  0x0000000080004014
core   0: >>>>  any_handler
core   0: 0x000000008000601c (0x341027f3) csrrs   a5, mepc, zero
core   0: 3 0x000000008000601c (0x341027f3) x15 0x0000000080005e92
core   0: 0x0000000080006020 (0x34202773) csrrs   a4, mcause, zero
core   0: 3 0x0000000080006020 (0x34202773) x14 0x0000000000000002
core   0: 0x0000000080006024 (0x142026f3) csrrs   a3, scause, zero
core   0: 3 0x0000000080006024 (0x142026f3) x13 0x0000000000000000
core   0: 0x0000000080006028 (0x30402673) csrrs   a2, mie, zero
core   0: 3 0x0000000080006028 (0x30402673) x12 0x0000000000000a00
core   0: 0x000000008000602c (0x344025f3) csrrs   a1, mip, zero
core   0: 3 0x000000008000602c (0x344025f3) x11 0x0000000000000080
core   0: 0x0000000080006030 (0x343025f3) csrrs   a1, mtval, zero
core   0: 3 0x0000000080006030 (0x343025f3) x11 0x00000000d232f8d3
core   0: 0x0000000080006034 (0x14302573) csrrs   a0, stval, zero
core   0: 3 0x0000000080006034 (0x14302573) x10 0x0000000000000000
core   0: 0x0000000080006038 (0xb02024f3) csrrs   s1, minstret, zero
core   0: 3 0x0000000080006038 (0xb02024f3) x9  0x0000000000001296
core   0: 0x000000008000603c (0x0000a811) c.j     pc + 20
core   0: 3 0x000000008000603c (0xa811)
core   0: >>>>  mepc_4
core   0: 0x0000000080006050 (0x00000791) c.addi  a5, 4
core   0: 3 0x0000000080006050 (0x0791) x15 0x0000000080005e96
core   0: 0x0000000080006052 (0x34179073) csrrw   zero, mepc, a5
core   0: 3 0x0000000080006052 (0x34179073) c833_mepc 0x0000000080005e96
core   0: 0x0000000080006056 (0x30200073) mret
core   0: 3 0x0000000080006056 (0x30200073) c768_mstatus 0x8000000a00106080
core   0: 0x0000000080005e96 (0x0313c233) div     tp, t2, a7
core   0: 1 0x0000000080005e96 (0x0313c233) x4  0xfffffffffe0f8289
core   0: 0x0000000080005e9a (0x00fd57bb) srlw    a5, s10, a5
core   0: 1 0x0000000080005e9a (0x00fd57bb) x15 0x0000000000000000
core   0: 0x0000000080005e9e (0x002a9bf3) csrrw   s7, frm, s5
core   0: 1 0x0000000080005e9e (0x002a9bf3) x23 0x0000000000000007 c2_frm 0x0000000000000000
core   0: 0x0000000080005ea2 (0x03a0783b) remuw   a6, zero, s10
core   0: 1 0x0000000080005ea2 (0x03a0783b) x16 0x0000000000000000
core   0: 0x0000000080005ea6 (0x000adc13) srli    s8, s5, 0
core   0: 1 0x0000000080005ea6 (0x000adc13) x24 0x0000000079500000
core   0: 0x0000000080005eaa (0x00188613) addi    a2, a7, 1
core   0: 1 0x0000000080005eaa (0x00188613) x12 0xffffffffffffffbf
core   0: 0x0000000080005eae (0xd0257253) fcvt.s.l ft4, a0
core   0: 1 0x0000000080005eae (0xd0257253) f4  0xffffffff00000000
core   0: 0x0000000080005eb2 (0x420b86d3) fcvt.d.s fa3, fs7
core   0: 1 0x0000000080005eb2 (0x420b86d3) f13 0x7ff8000000000000
core   0: 0x0000000080005eb6 (0x0373dbb3) divu    s7, t2, s7
core   0: 1 0x0000000080005eb6 (0x0373dbb3) x23 0x0000000012493143
core   0: 0x0000000080005eba (0xd2038c53) fcvt.d.w fs8, t2
core   0: 1 0x0000000080005eba (0xd2038c53) f24 0xc1dfffe9c9800000
core   0: 0x0000000080005ebe (0x01717133) and     sp, sp, s7
core   0: 1 0x0000000080005ebe (0x01717133) x2  0x0000000010490000
core   0: 0x0000000080005ec2 (0x02e9f03b) remuw   zero, s3, a4
core   0: 1 0x0000000080005ec2 (0x02e9f03b)
core   0: 0x0000000080005ec6 (0x0001ae33) slt     t3, gp, zero
core   0: 1 0x0000000080005ec6 (0x0001ae33) x28 0x0000000000000000
core   0: 0x0000000080005eca (0x030e4ebb) divw    t4, t3, a6
core   0: 1 0x0000000080005eca (0x030e4ebb) x29 0xffffffffffffffff
core   0: 0x0000000080005ece (0x41210933) sub     s2, sp, s2
core   0: 1 0x0000000080005ece (0x41210933) x18 0x000000001048ffe0
core   0: 0x0000000080005ed2 (0x2b8a8fd3) fmin.d  ft11, fs5, fs8
core   0: 1 0x0000000080005ed2 (0x2b8a8fd3) f31 0xc1dfffe9c9800000
core   0: 0x0000000080005ed6 (0x017adabb) srlw    s5, s5, s7
core   0: 1 0x0000000080005ed6 (0x017adabb) x21 0x000000000f2a0000
core   0: 0x0000000080005eda (0xc7684013) xori    zero, a6, -906
core   0: 1 0x0000000080005eda (0xc7684013)
core   0: 0x0000000080005ede (0x010809bb) addw    s3, a6, a6
core   0: 1 0x0000000080005ede (0x010809bb) x19 0x0000000000000000
core   0: 0x0000000080005ee2 (0x342a90f3) csrrw   ra, mcause, s5
core   0: exception trap_illegal_instruction, epc 0x0000000080005ee2
core   0:           tval 0x00000000342a90f3
core   0: >>>>  $xrv64i2p1_m2p0_a2p1_f2p2_d2p2_zicsr2p0_zifencei2p0_zmmul1p0_zba1p0_zbb1p0_zbc1p0_zbs1p0
core   0: 0x0000000080004000 (0x0080006f) j       pc + 0x8
core   0: 3 0x0000000080004000 (0x0080006f)
core   0: >>>>  mmode_exception_handler
core   0: 0x0000000080004008 (0x00002c17) auipc   s8, 0x2
core   0: 3 0x0000000080004008 (0x00002c17) x24 0x0000000080006008
core   0: 0x000000008000400c (0x014c0c13) addi    s8, s8, 20
core   0: 3 0x000000008000400c (0x014c0c13) x24 0x000000008000601c
core   0: 0x0000000080004010 (0x000c00e7) jalr    s8
core   0: 3 0x0000000080004010 (0x000c00e7) x1  0x0000000080004014
core   0: >>>>  any_handler
core   0: 0x000000008000601c (0x341027f3) csrrs   a5, mepc, zero
core   0: 3 0x000000008000601c (0x341027f3) x15 0x0000000080005ee2
core   0: 0x0000000080006020 (0x34202773) csrrs   a4, mcause, zero
core   0: 3 0x0000000080006020 (0x34202773) x14 0x0000000000000002
core   0: 0x0000000080006024 (0x142026f3) csrrs   a3, scause, zero
core   0: 3 0x0000000080006024 (0x142026f3) x13 0x0000000000000000
core   0: 0x0000000080006028 (0x30402673) csrrs   a2, mie, zero
core   0: 3 0x0000000080006028 (0x30402673) x12 0x0000000000000a00
core   0: 0x000000008000602c (0x344025f3) csrrs   a1, mip, zero
core   0: 3 0x000000008000602c (0x344025f3) x11 0x0000000000000080
core   0: 0x0000000080006030 (0x343025f3) csrrs   a1, mtval, zero
core   0: 3 0x0000000080006030 (0x343025f3) x11 0x00000000342a90f3
core   0: 0x0000000080006034 (0x14302573) csrrs   a0, stval, zero
core   0: 3 0x0000000080006034 (0x14302573) x10 0x0000000000000000
core   0: 0x0000000080006038 (0xb02024f3) csrrs   s1, minstret, zero
core   0: 3 0x0000000080006038 (0xb02024f3) x9  0x00000000000012b9
core   0: 0x000000008000603c (0x0000a811) c.j     pc + 20
core   0: 3 0x000000008000603c (0xa811)
core   0: >>>>  mepc_4
core   0: 0x0000000080006050 (0x00000791) c.addi  a5, 4
core   0: 3 0x0000000080006050 (0x0791) x15 0x0000000080005ee6
core   0: 0x0000000080006052 (0x34179073) csrrw   zero, mepc, a5
core   0: 3 0x0000000080006052 (0x34179073) c833_mepc 0x0000000080005ee6
core   0: 0x0000000080006056 (0x30200073) mret
core   0: 3 0x0000000080006056 (0x30200073) c768_mstatus 0x8000000a00106080
core   0: 0x0000000080005ee6 (0x239b2cd3) fsgnjx.d fs9, fs6, fs9
core   0: 1 0x0000000080005ee6 (0x239b2cd3) f25 0xffffffff00000000
core   0: 0x0000000080005eea (0xa21e8b53) fle.d   s6, ft9, ft1
core   0: 1 0x0000000080005eea (0xa21e8b53) c1_fflags 0x0000000000000014 x22 0x0000000000000000
core   0: 0x0000000080005eee (0xfff0c613) not     a2, ra
core   0: 1 0x0000000080005eee (0xfff0c613) x12 0xffffffff7fffbfeb
core   0: 0x0000000080005ef2 (0xd23ef1d3) fcvt.d.lu ft3, t4
core   0: 1 0x0000000080005ef2 (0xd23ef1d3) c1_fflags 0x0000000000000015 f3  0x43f0000000000000
core   0: 0x0000000080005ef6 (0x001d58bb) srlw    a7, s10, ra
core   0: 1 0x0000000080005ef6 (0x001d58bb) x17 0x0000000000000000
core   0: 0x0000000080005efa (0x0000157d) c.addi  a0, -1
core   0: 1 0x0000000080005efa (0x157d) x10 0xffffffffffffffff
core   0: 0x0000000080005efc (0x01b95bbb) srlw    s7, s2, s11
core   0: 1 0x0000000080005efc (0x01b95bbb) x23 0x000000001048ffe0
core   0: 0x0000000080005f00 (0x001020f3) csrrs   ra, fflags, zero
core   0: 1 0x0000000080005f00 (0x001020f3) x1  0x0000000000000015
core   0: 0x0000000080005f04 (0x41290cb3) sub     s9, s2, s2
core   0: 1 0x0000000080005f04 (0x41290cb3) x25 0x0000000000000000
core   0: 0x0000000080005f08 (0x001796f3) csrrw   a3, fflags, a5
core   0: 1 0x0000000080005f08 (0x001796f3) x13 0x0000000000000015 c1_fflags 0x0000000000000006
core   0: 0x0000000080005f0c (0x3100ae73) csrrs   t3, mstatush, ra
core   0: exception trap_illegal_instruction, epc 0x0000000080005f0c
core   0:           tval 0x000000003100ae73
core   0: >>>>  $xrv64i2p1_m2p0_a2p1_f2p2_d2p2_zicsr2p0_zifencei2p0_zmmul1p0_zba1p0_zbb1p0_zbc1p0_zbs1p0
core   0: 0x0000000080004000 (0x0080006f) j       pc + 0x8
core   0: 3 0x0000000080004000 (0x0080006f)
core   0: >>>>  mmode_exception_handler
core   0: 0x0000000080004008 (0x00002c17) auipc   s8, 0x2
core   0: 3 0x0000000080004008 (0x00002c17) x24 0x0000000080006008
core   0: 0x000000008000400c (0x014c0c13) addi    s8, s8, 20
core   0: 3 0x000000008000400c (0x014c0c13) x24 0x000000008000601c
core   0: 0x0000000080004010 (0x000c00e7) jalr    s8
core   0: 3 0x0000000080004010 (0x000c00e7) x1  0x0000000080004014
core   0: >>>>  any_handler
core   0: 0x000000008000601c (0x341027f3) csrrs   a5, mepc, zero
core   0: 3 0x000000008000601c (0x341027f3) x15 0x0000000080005f0c
core   0: 0x0000000080006020 (0x34202773) csrrs   a4, mcause, zero
core   0: 3 0x0000000080006020 (0x34202773) x14 0x0000000000000002
core   0: 0x0000000080006024 (0x142026f3) csrrs   a3, scause, zero
core   0: 3 0x0000000080006024 (0x142026f3) x13 0x0000000000000000
core   0: 0x0000000080006028 (0x30402673) csrrs   a2, mie, zero
core   0: 3 0x0000000080006028 (0x30402673) x12 0x0000000000000a00
core   0: 0x000000008000602c (0x344025f3) csrrs   a1, mip, zero
core   0: 3 0x000000008000602c (0x344025f3) x11 0x0000000000000080
core   0: 0x0000000080006030 (0x343025f3) csrrs   a1, mtval, zero
core   0: 3 0x0000000080006030 (0x343025f3) x11 0x000000003100ae73
core   0: 0x0000000080006034 (0x14302573) csrrs   a0, stval, zero
core   0: 3 0x0000000080006034 (0x14302573) x10 0x0000000000000000
core   0: 0x0000000080006038 (0xb02024f3) csrrs   s1, minstret, zero
core   0: 3 0x0000000080006038 (0xb02024f3) x9  0x00000000000012d3
core   0: 0x000000008000603c (0x0000a811) c.j     pc + 20
core   0: 3 0x000000008000603c (0xa811)
core   0: >>>>  mepc_4
core   0: 0x0000000080006050 (0x00000791) c.addi  a5, 4
core   0: 3 0x0000000080006050 (0x0791) x15 0x0000000080005f10
core   0: 0x0000000080006052 (0x34179073) csrrw   zero, mepc, a5
core   0: 3 0x0000000080006052 (0x34179073) c833_mepc 0x0000000080005f10
core   0: 0x0000000080006056 (0x30200073) mret
core   0: 3 0x0000000080006056 (0x30200073) c768_mstatus 0x8000000a00106080
core   0: 0x0000000080005f10 (0x0239bdb3) mulhu   s11, s3, gp
core   0: 1 0x0000000080005f10 (0x0239bdb3) x27 0x0000000000000000
core   0: 0x0000000080005f14 (0x001b9073) csrrw   zero, fflags, s7
core   0: 1 0x0000000080005f14 (0x001b9073) c1_fflags 0x0000000000000000
core   0: 0x0000000080005f18 (0x02bb9a13) slli    s4, s7, 43
core   0: 1 0x0000000080005f18 (0x02bb9a13) x20 0x47ff000000000000
core   0: 0x0000000080005f1c (0x800ce313) ori     t1, s9, -2048
core   0: 1 0x0000000080005f1c (0x800ce313) x6  0xfffffffffffff800
core   0: 0x0000000080005f20 (0x017b56bb) srlw    a3, s6, s7
core   0: 1 0x0000000080005f20 (0x017b56bb) x13 0x0000000000000000
core   0: 0x0000000080005f24 (0x015697b3) sll     a5, a3, s5
core   0: 1 0x0000000080005f24 (0x015697b3) x15 0x0000000000000000
core   0: 0x0000000080005f28 (0x004ae233) or      tp, s5, tp
core   0: 1 0x0000000080005f28 (0x004ae233) x4  0xffffffffff2f8289
core   0: 0x0000000080005f2c (0x008ea733) slt     a4, t4, s0
core   0: 1 0x0000000080005f2c (0x008ea733) x14 0x0000000000000000
core   0: 0x0000000080005f30 (0x220b0ed3) fsgnj.d ft9, fs6, ft0
core   0: 1 0x0000000080005f30 (0x220b0ed3) f29 0x7fffffff00000000
core   0: 0x0000000080005f34 (0xd21b8953) fcvt.d.wu fs2, s7
core   0: 1 0x0000000080005f34 (0xd21b8953) f18 0x41b048ffe0000000
core   0: 0x0000000080005f38 (0x00000001) c.nop
core   0: 1 0x0000000080005f38 (0x0001)
core   0: 0x0000000080005f3a (0x00009476) c.add   s0, t4
core   0: 1 0x0000000080005f3a (0x9476) x8  0xfffffffffffbffff
core   0: 0x0000000080005f3c (0xc025f1d3) fcvt.l.s gp, fa1
core   0: 1 0x0000000080005f3c (0xc025f1d3) c1_fflags 0x0000000000000010 x3  0x7fffffffffffffff
core   0: 0x0000000080005f40 (0x02e34ebb) divw    t4, t1, a4
core   0: 1 0x0000000080005f40 (0x02e34ebb) x29 0xffffffffffffffff
core   0: 0x0000000080005f44 (0x120ef753) fmul.d  fa4, ft9, ft0
core   0: 1 0x0000000080005f44 (0x120ef753) f14 0x7ff8000000000000
core   0: 0x0000000080005f48 (0xe2070653) fmv.x.d a2, fa4
core   0: 1 0x0000000080005f48 (0xe2070653) x12 0x7ff8000000000000
core   0: 0x0000000080005f4c (0xd02672d3) fcvt.s.l ft5, a2
core   0: 1 0x0000000080005f4c (0xd02672d3) f5  0xffffffff5efff000
core   0: 0x0000000080005f50 (0xc03972d3) fcvt.lu.s t0, fs2
core   0: 1 0x0000000080005f50 (0xc03972d3) c1_fflags 0x0000000000000010 x5  0xffffffffffffffff
core   0: 0x0000000080005f54 (0x01148033) add     zero, s1, a7
core   0: 1 0x0000000080005f54 (0x01148033)
core   0: 0x0000000080005f58 (0x00001813) slli    a6, zero, 0
core   0: 1 0x0000000080005f58 (0x00001813) x16 0x0000000000000000
core   0: 0x0000000080005f5c (0x4012d29b) sraiw   t0, t0, 1
core   0: 1 0x0000000080005f5c (0x4012d29b) x5  0xffffffffffffffff
core   0: 0x0000000080005f60 (0x80028b13) addi    s6, t0, -2048
core   0: 1 0x0000000080005f60 (0x80028b13) x22 0xfffffffffffff7ff
core   0: 0x0000000080005f64 (0x008e96b3) sll     a3, t4, s0
core   0: 1 0x0000000080005f64 (0x008e96b3) x13 0x8000000000000000
core   0: 0x0000000080005f68 (0x03c92e33) mulhsu  t3, s2, t3
core   0: 1 0x0000000080005f68 (0x03c92e33) x28 0x0000000000000000
core   0: 0x0000000080005f6c (0x228b2053) fsgnjx.d ft0, fs6, fs0
core   0: 1 0x0000000080005f6c (0x228b2053) f0  0xffffffff00000000
core   0: 0x0000000080005f70 (0x1285fa53) fmul.d  fs4, fa1, fs0
core   0: 1 0x0000000080005f70 (0x1285fa53) f20 0x7ff8000000000000
core   0: 0x0000000080005f74 (0xc2107b53) fcvt.wu.d s6, ft0
core   0: 1 0x0000000080005f74 (0xc2107b53) c1_fflags 0x0000000000000010 x22 0xffffffffffffffff
core   0: 0x0000000080005f78 (0x2b400953) fmin.d  fs2, ft0, fs4
core   0: 1 0x0000000080005f78 (0x2b400953) f18 0x7ff8000000000000
core   0: 0x0000000080005f7c (0x001ad993) srli    s3, s5, 1
core   0: 1 0x0000000080005f7c (0x001ad993) x19 0x0000000007950000
core   0: 0x0000000080005f80 (0xc21a7ad3) fcvt.wu.d s5, fs4
core   0: 1 0x0000000080005f80 (0xc21a7ad3) c1_fflags 0x0000000000000010 x21 0xffffffffffffffff
core   0: 0x0000000080005f84 (0x00cbadb3) slt     s11, s7, a2
core   0: 1 0x0000000080005f84 (0x00cbadb3) x27 0x0000000000000001
core   0: 0x0000000080005f88 (0x0a03f353) fsub.d  ft6, ft7, ft0
core   0: 1 0x0000000080005f88 (0x0a03f353) f6  0x7ff8000000000000
core   0: 0x0000000080005f8c (0x01b9d833) srl     a6, s3, s11
core   0: 1 0x0000000080005f8c (0x01b9d833) x16 0x0000000003ca8000
core   0: 0x0000000080005f90 (0x001797f3) csrrw   a5, fflags, a5
core   0: 1 0x0000000080005f90 (0x001797f3) x15 0x0000000000000010 c1_fflags 0x0000000000000000
core   0: 0x0000000080005f94 (0x7ff78a93) addi    s5, a5, 2047
core   0: 1 0x0000000080005f94 (0x7ff78a93) x21 0x000000000000080f
core   0: 0x0000000080005f98 (0x01859a1b) slliw   s4, a1, 24
core   0: 1 0x0000000080005f98 (0x01859a1b) x20 0x0000000073000000
core   0: 0x0000000080005f9c (0x400950bb) sraw    ra, s2, zero
core   0: 1 0x0000000080005f9c (0x400950bb) x1  0x000000001048ffe0
core   0: 0x0000000080005fa0 (0x0083e433) or      s0, t2, s0
core   0: 1 0x0000000080005fa0 (0x0083e433) x8  0xfffffffffffbffff
core   0: 0x0000000080005fa4 (0x02ae0e33) mul     t3, t3, a0
core   0: 1 0x0000000080005fa4 (0x02ae0e33) x28 0x0000000000000000
core   0: 0x0000000080005fa8 (0x007572b3) and     t0, a0, t2
core   0: 1 0x0000000080005fa8 (0x007572b3) x5  0x0000000000000000
core   0: 0x0000000080005fac (0xd03474d3) fcvt.s.lu fs1, s0
core   0: 1 0x0000000080005fac (0xd03474d3) c1_fflags 0x0000000000000001 f9  0xffffffff5f800000
core   0: 0x0000000080005fb0 (0x03830c3b) mulw    s8, t1, s8
core   0: 1 0x0000000080005fb0 (0x03830c3b) x24 0xfffffffffcff2000
core   0: 0x0000000080005fb4 (0x43c85813) srai    a6, a6, 60
core   0: 1 0x0000000080005fb4 (0x43c85813) x16 0x0000000000000000
core   0: 0x0000000080005fb8 (0x01fb1113) slli    sp, s6, 31
core   0: 1 0x0000000080005fb8 (0x01fb1113) x2  0xffffffff80000000
core   0: 0x0000000080005fbc (0x00b8d6bb) srlw    a3, a7, a1
core   0: 1 0x0000000080005fbc (0x00b8d6bb) x13 0x0000000000000000
core   0: 0x0000000080005fc0 (0xd028fad3) fcvt.s.l fs5, a7
core   0: 1 0x0000000080005fc0 (0xd028fad3) f21 0xffffffff00000000
core   0: 0x0000000080005fc4 (0x40865333) sra     t1, a2, s0
core   0: 1 0x0000000080005fc4 (0x40865333) x6  0x0000000000000000
core   0: 0x0000000080005fc8 (0xc024fa53) fcvt.l.s s4, fs1
core   0: 1 0x0000000080005fc8 (0xc024fa53) c1_fflags 0x0000000000000011 x20 0x7fffffffffffffff
core   0: 0x0000000080005fcc (0xc021f9d3) fcvt.l.s s3, ft3
core   0: 1 0x0000000080005fcc (0xc021f9d3) c1_fflags 0x0000000000000011 x19 0x7fffffffffffffff
core   0: 0x0000000080005fd0 (0x0139ecb3) or      s9, s3, s3
core   0: 1 0x0000000080005fd0 (0x0139ecb3) x25 0x7fffffffffffffff
core   0: 0x0000000080005fd4 (0xd0237f53) fcvt.s.l ft10, t1
core   0: 1 0x0000000080005fd4 (0xd0237f53) f30 0xffffffff00000000
core   0: 0x0000000080005fd8 (0x00000001) c.nop
core   0: 1 0x0000000080005fd8 (0x0001)
core   0: 0x0000000080005fda (0x0371fbb3) remu    s7, gp, s7
core   0: 1 0x0000000080005fda (0x0371fbb3) x23 0x00000000032a9e5f
core   0: 0x0000000080005fde (0xd231f3d3) fcvt.d.lu ft7, gp
core   0: 1 0x0000000080005fde (0xd231f3d3) c1_fflags 0x0000000000000011 f7  0x43e0000000000000
core   0: 0x0000000080005fe2 (0x0297c7bb) divw    a5, a5, s1
core   0: 1 0x0000000080005fe2 (0x0297c7bb) x15 0x0000000000000000
core   0: 0x0000000080005fe6 (0xc212fd53) fcvt.wu.d s10, ft5
core   0: 1 0x0000000080005fe6 (0xc212fd53) c1_fflags 0x0000000000000011 x26 0xffffffffffffffff
core   0: 0x0000000080005fea (0x1aa8f8d3) fdiv.d  fa7, fa7, fa0
core   0: 1 0x0000000080005fea (0x1aa8f8d3) f17 0x7ff8000000000000
core   0: 0x0000000080005fee (0x32b3794f) fnmadd.d fs2, ft6, fa1, ft6
core   0: 1 0x0000000080005fee (0x32b3794f) f18 0x7ff8000000000000
core   0: 0x0000000080005ff2 (0x4115d31b) sraiw   t1, a1, 17
core   0: 1 0x0000000080005ff2 (0x4115d31b) x6  0x0000000000001880
core   0: 0x0000000080005ff6 (0x00929db3) sll     s11, t0, s1
core   0: 1 0x0000000080005ff6 (0x00929db3) x27 0x0000000000000000
core   0: 0x0000000080005ffa (0x01b71113) slli    sp, a4, 27
core   0: 1 0x0000000080005ffa (0x01b71113) x2  0x0000000000000000
core   0: 0x0000000080005ffe (0x00000001) c.nop
core   0: 1 0x0000000080005ffe (0x0001)
core   0: 0x0000000080006000 (0x00575c1b) srliw   s8, a4, 5
core   0: 1 0x0000000080006000 (0x00575c1b) x24 0x0000000000000000
core   0: 0x0000000080006004 (0x31b10e13) addi    t3, sp, 795
core   0: 1 0x0000000080006004 (0x31b10e13) x28 0x000000000000031b
core   0: 0x0000000080006008 (0x001b14f3) csrrw   s1, fflags, s6
core   0: 1 0x0000000080006008 (0x001b14f3) x9  0x0000000000000011 c1_fflags 0x000000000000001f
core   0: 0x000000008000600c (0x00000001) c.nop
core   0: 1 0x000000008000600c (0x0001)
core   0: 0x000000008000600e (0x03ded03b) divuw   zero, t4, t4
core   0: 1 0x000000008000600e (0x03ded03b)
core   0: 0x0000000080006012 (0xc237f153) fcvt.lu.d sp, fa5
core   0: 1 0x0000000080006012 (0xc237f153) c1_fflags 0x000000000000001f x2  0x0000000000000000
core   0: >>>>  write_tohost
core   0: 0x0000000080006016 (0x9cefa0ef) jal     pc - 0x5e32
core   0: 1 0x0000000080006016 (0x9cefa0ef) x1  0x000000008000601a
core   0: >>>>  _exit
core   0: 0x00000000800001e4 (0x00004505) c.li    a0, 1
core   0: 1 0x00000000800001e4 (0x4505) x10 0x0000000000000001
core   0: 0x00000000800001e6 (0x00001f17) auipc   t5, 0x1
core   0: 1 0x00000000800001e6 (0x00001f17) x30 0x00000000800011e6
core   0: 0x00000000800001ea (0xe0af2d23) sw      a0, -486(t5)
core   0: 1 0x00000000800001ea (0xe0af2d23) mem 0x0000000080001000 0x00000001
cp /home/server/RISCV/cva6/verif/sim/out/seed_1512/spike_sim/new_seeds_1512_.cv64a6_imafdc_sv39.log.iss /home/server/RISCV/cva6/verif/sim/out/seed_1512/spike_sim/new_seeds_1512_.cv64a6_imafdc_sv39.log
