Makefile:14: must set CVA6_REPO_DIR to point at the root of CVA6 sources and CVA6_TB_DIR to point here -- doing it for you...
LD_LIBRARY_PATH="$(realpath ../../tools/spike/lib):$LD_LIBRARY_PATH" \
	/home/server/RISCV/cva6/tools/spike/bin/spike --steps=2000000  --log-commits --isa=rv64gc_zba_zbb_zbs_zbc_zicsr_zifencei --priv=msu -l /home/server/RISCV/cva6/verif/sim/out/seed_1526/directed_asm_tests/new_seeds_1526_.o
[SPIKE] Max simulation steps: 2000000
[SPIKE] Proc 0 | ISA: rv64gc_zba_zbb_zbs_zbc_zicsr_zifencei PRIV: msu
[SPIKE] Initializing memories...
core   0: 0x0000000000010000 (0x00100413) li      s0, 1
core   0: 3 0x0000000000010000 (0x00100413) x8  0x0000000000000001
core   0: 0x0000000000010004 (0x01f41413) slli    s0, s0, 31
core   0: 3 0x0000000000010004 (0x01f41413) x8  0x0000000080000000
core   0: 0x0000000000010008 (0xf1402573) csrrs   a0, mhartid, zero
core   0: 3 0x0000000000010008 (0xf1402573) x10 0x0000000000000000
core   0: 0x000000000001000c (0x00000597) auipc   a1, 0x0
core   0: 3 0x000000000001000c (0x00000597) x11 0x000000000001000c
core   0: 0x0000000000010010 (0x07458593) addi    a1, a1, 116
core   0: 3 0x0000000000010010 (0x07458593) x11 0x0000000000010080
core   0: 0x0000000000010014 (0x00040067) jr      s0
core   0: 3 0x0000000000010014 (0x00040067)
core   0: >>>>  _start
core   0: 0x0000000080000000 (0x00004081) c.li    ra, 0
core   0: 3 0x0000000080000000 (0x4081) x1  0x0000000000000000
core   0: 0x0000000080000002 (0x00004101) c.li    sp, 0
core   0: 3 0x0000000080000002 (0x4101) x2  0x0000000000000000
core   0: 0x0000000080000004 (0x00004181) c.li    gp, 0
core   0: 3 0x0000000080000004 (0x4181) x3  0x0000000000000000
core   0: 0x0000000080000006 (0x00004201) c.li    tp, 0
core   0: 3 0x0000000080000006 (0x4201) x4  0x0000000000000000
core   0: 0x0000000080000008 (0x00004281) c.li    t0, 0
core   0: 3 0x0000000080000008 (0x4281) x5  0x0000000000000000
core   0: 0x000000008000000a (0x00004301) c.li    t1, 0
core   0: 3 0x000000008000000a (0x4301) x6  0x0000000000000000
core   0: 0x000000008000000c (0x00004381) c.li    t2, 0
core   0: 3 0x000000008000000c (0x4381) x7  0x0000000000000000
core   0: 0x000000008000000e (0x00004401) c.li    s0, 0
core   0: 3 0x000000008000000e (0x4401) x8  0x0000000000000000
core   0: 0x0000000080000010 (0x00004481) c.li    s1, 0
core   0: 3 0x0000000080000010 (0x4481) x9  0x0000000000000000
core   0: 0x0000000080000012 (0x00004501) c.li    a0, 0
core   0: 3 0x0000000080000012 (0x4501) x10 0x0000000000000000
core   0: 0x0000000080000014 (0x00004581) c.li    a1, 0
core   0: 3 0x0000000080000014 (0x4581) x11 0x0000000000000000
core   0: 0x0000000080000016 (0x00004601) c.li    a2, 0
core   0: 3 0x0000000080000016 (0x4601) x12 0x0000000000000000
core   0: 0x0000000080000018 (0x00004681) c.li    a3, 0
core   0: 3 0x0000000080000018 (0x4681) x13 0x0000000000000000
core   0: 0x000000008000001a (0x00004701) c.li    a4, 0
core   0: 3 0x000000008000001a (0x4701) x14 0x0000000000000000
core   0: 0x000000008000001c (0x00004781) c.li    a5, 0
core   0: 3 0x000000008000001c (0x4781) x15 0x0000000000000000
core   0: 0x000000008000001e (0x00004801) c.li    a6, 0
core   0: 3 0x000000008000001e (0x4801) x16 0x0000000000000000
core   0: 0x0000000080000020 (0x00004881) c.li    a7, 0
core   0: 3 0x0000000080000020 (0x4881) x17 0x0000000000000000
core   0: 0x0000000080000022 (0x00004901) c.li    s2, 0
core   0: 3 0x0000000080000022 (0x4901) x18 0x0000000000000000
core   0: 0x0000000080000024 (0x00004981) c.li    s3, 0
core   0: 3 0x0000000080000024 (0x4981) x19 0x0000000000000000
core   0: 0x0000000080000026 (0x00004a01) c.li    s4, 0
core   0: 3 0x0000000080000026 (0x4a01) x20 0x0000000000000000
core   0: 0x0000000080000028 (0x00004a81) c.li    s5, 0
core   0: 3 0x0000000080000028 (0x4a81) x21 0x0000000000000000
core   0: 0x000000008000002a (0x00004b01) c.li    s6, 0
core   0: 3 0x000000008000002a (0x4b01) x22 0x0000000000000000
core   0: 0x000000008000002c (0x00004b81) c.li    s7, 0
core   0: 3 0x000000008000002c (0x4b81) x23 0x0000000000000000
core   0: 0x000000008000002e (0x00004c01) c.li    s8, 0
core   0: 3 0x000000008000002e (0x4c01) x24 0x0000000000000000
core   0: 0x0000000080000030 (0x00004c81) c.li    s9, 0
core   0: 3 0x0000000080000030 (0x4c81) x25 0x0000000000000000
core   0: 0x0000000080000032 (0x00004d01) c.li    s10, 0
core   0: 3 0x0000000080000032 (0x4d01) x26 0x0000000000000000
core   0: 0x0000000080000034 (0x00004d81) c.li    s11, 0
core   0: 3 0x0000000080000034 (0x4d81) x27 0x0000000000000000
core   0: 0x0000000080000036 (0x00004e01) c.li    t3, 0
core   0: 3 0x0000000080000036 (0x4e01) x28 0x0000000000000000
core   0: 0x0000000080000038 (0x00004e81) c.li    t4, 0
core   0: 3 0x0000000080000038 (0x4e81) x29 0x0000000000000000
core   0: 0x000000008000003a (0x00004f01) c.li    t5, 0
core   0: 3 0x000000008000003a (0x4f01) x30 0x0000000000000000
core   0: 0x000000008000003c (0x00004f81) c.li    t6, 0
core   0: 3 0x000000008000003c (0x4f81) x31 0x0000000000000000
core   0: 0x000000008000003e (0x000062f9) c.lui   t0, 0x1e
core   0: 3 0x000000008000003e (0x62f9) x5  0x000000000001e000
core   0: 0x0000000080000040 (0x3002a073) csrrs   zero, mstatus, t0
core   0: 3 0x0000000080000040 (0x3002a073) c768_mstatus 0x8000000a00006000
core   0: 0x0000000080000044 (0x00004285) c.li    t0, 1
core   0: 3 0x0000000080000044 (0x4285) x5  0x0000000000000001
core   0: 0x0000000080000046 (0x000002fe) c.slli  t0, 31
core   0: 3 0x0000000080000046 (0x02fe) x5  0x0000000080000000
core   0: 0x0000000080000048 (0x0002d863) bge     t0, zero, pc + 16
core   0: 3 0x0000000080000048 (0x0002d863)
core   0: 0x0000000080000058 (0x00000297) auipc   t0, 0x0
core   0: 3 0x0000000080000058 (0x00000297) x5  0x0000000080000058
core   0: 0x000000008000005c (0x09028293) addi    t0, t0, 144
core   0: 3 0x000000008000005c (0x09028293) x5  0x00000000800000e8
core   0: 0x0000000080000060 (0x30529073) csrrw   zero, mtvec, t0
core   0: 3 0x0000000080000060 (0x30529073) c773_mtvec 0x00000000800000e8
core   0: 0x0000000080000064 (0x00301073) csrrw   zero, fcsr, zero
core   0: 3 0x0000000080000064 (0x00301073) c1_fflags 0x0000000000000000 c2_frm 0x0000000000000000
core   0: 0x0000000080000068 (0xf0000053) fmv.w.x ft0, zero
core   0: 3 0x0000000080000068 (0xf0000053) f0  0xffffffff00000000
core   0: 0x000000008000006c (0xf00000d3) fmv.w.x ft1, zero
core   0: 3 0x000000008000006c (0xf00000d3) f1  0xffffffff00000000
core   0: 0x0000000080000070 (0xf0000153) fmv.w.x ft2, zero
core   0: 3 0x0000000080000070 (0xf0000153) f2  0xffffffff00000000
core   0: 0x0000000080000074 (0xf00001d3) fmv.w.x ft3, zero
core   0: 3 0x0000000080000074 (0xf00001d3) f3  0xffffffff00000000
core   0: 0x0000000080000078 (0xf0000253) fmv.w.x ft4, zero
core   0: 3 0x0000000080000078 (0xf0000253) f4  0xffffffff00000000
core   0: 0x000000008000007c (0xf00002d3) fmv.w.x ft5, zero
core   0: 3 0x000000008000007c (0xf00002d3) f5  0xffffffff00000000
core   0: 0x0000000080000080 (0xf0000353) fmv.w.x ft6, zero
core   0: 3 0x0000000080000080 (0xf0000353) f6  0xffffffff00000000
core   0: 0x0000000080000084 (0xf00003d3) fmv.w.x ft7, zero
core   0: 3 0x0000000080000084 (0xf00003d3) f7  0xffffffff00000000
core   0: 0x0000000080000088 (0xf0000453) fmv.w.x fs0, zero
core   0: 3 0x0000000080000088 (0xf0000453) f8  0xffffffff00000000
core   0: 0x000000008000008c (0xf00004d3) fmv.w.x fs1, zero
core   0: 3 0x000000008000008c (0xf00004d3) f9  0xffffffff00000000
core   0: 0x0000000080000090 (0xf0000553) fmv.w.x fa0, zero
core   0: 3 0x0000000080000090 (0xf0000553) f10 0xffffffff00000000
core   0: 0x0000000080000094 (0xf00005d3) fmv.w.x fa1, zero
core   0: 3 0x0000000080000094 (0xf00005d3) f11 0xffffffff00000000
core   0: 0x0000000080000098 (0xf0000653) fmv.w.x fa2, zero
core   0: 3 0x0000000080000098 (0xf0000653) f12 0xffffffff00000000
core   0: 0x000000008000009c (0xf00006d3) fmv.w.x fa3, zero
core   0: 3 0x000000008000009c (0xf00006d3) f13 0xffffffff00000000
core   0: 0x00000000800000a0 (0xf0000753) fmv.w.x fa4, zero
core   0: 3 0x00000000800000a0 (0xf0000753) f14 0xffffffff00000000
core   0: 0x00000000800000a4 (0xf00007d3) fmv.w.x fa5, zero
core   0: 3 0x00000000800000a4 (0xf00007d3) f15 0xffffffff00000000
core   0: 0x00000000800000a8 (0xf0000853) fmv.w.x fa6, zero
core   0: 3 0x00000000800000a8 (0xf0000853) f16 0xffffffff00000000
core   0: 0x00000000800000ac (0xf00008d3) fmv.w.x fa7, zero
core   0: 3 0x00000000800000ac (0xf00008d3) f17 0xffffffff00000000
core   0: 0x00000000800000b0 (0xf0000953) fmv.w.x fs2, zero
core   0: 3 0x00000000800000b0 (0xf0000953) f18 0xffffffff00000000
core   0: 0x00000000800000b4 (0xf00009d3) fmv.w.x fs3, zero
core   0: 3 0x00000000800000b4 (0xf00009d3) f19 0xffffffff00000000
core   0: 0x00000000800000b8 (0xf0000a53) fmv.w.x fs4, zero
core   0: 3 0x00000000800000b8 (0xf0000a53) f20 0xffffffff00000000
core   0: 0x00000000800000bc (0xf0000ad3) fmv.w.x fs5, zero
core   0: 3 0x00000000800000bc (0xf0000ad3) f21 0xffffffff00000000
core   0: 0x00000000800000c0 (0xf0000b53) fmv.w.x fs6, zero
core   0: 3 0x00000000800000c0 (0xf0000b53) f22 0xffffffff00000000
core   0: 0x00000000800000c4 (0xf0000bd3) fmv.w.x fs7, zero
core   0: 3 0x00000000800000c4 (0xf0000bd3) f23 0xffffffff00000000
core   0: 0x00000000800000c8 (0xf0000c53) fmv.w.x fs8, zero
core   0: 3 0x00000000800000c8 (0xf0000c53) f24 0xffffffff00000000
core   0: 0x00000000800000cc (0xf0000cd3) fmv.w.x fs9, zero
core   0: 3 0x00000000800000cc (0xf0000cd3) f25 0xffffffff00000000
core   0: 0x00000000800000d0 (0xf0000d53) fmv.w.x fs10, zero
core   0: 3 0x00000000800000d0 (0xf0000d53) f26 0xffffffff00000000
core   0: 0x00000000800000d4 (0xf0000dd3) fmv.w.x fs11, zero
core   0: 3 0x00000000800000d4 (0xf0000dd3) f27 0xffffffff00000000
core   0: 0x00000000800000d8 (0xf0000e53) fmv.w.x ft8, zero
core   0: 3 0x00000000800000d8 (0xf0000e53) f28 0xffffffff00000000
core   0: 0x00000000800000dc (0xf0000ed3) fmv.w.x ft9, zero
core   0: 3 0x00000000800000dc (0xf0000ed3) f29 0xffffffff00000000
core   0: 0x00000000800000e0 (0xf0000f53) fmv.w.x ft10, zero
core   0: 3 0x00000000800000e0 (0xf0000f53) f30 0xffffffff00000000
core   0: 0x00000000800000e4 (0xf0000fd3) fmv.w.x ft11, zero
core   0: 3 0x00000000800000e4 (0xf0000fd3) f31 0xffffffff00000000
core   0: 0x00000000800000e8 (0x00000297) auipc   t0, 0x0
core   0: 3 0x00000000800000e8 (0x00000297) x5  0x00000000800000e8
core   0: 0x00000000800000ec (0x03c28293) addi    t0, t0, 60
core   0: 3 0x00000000800000ec (0x03c28293) x5  0x0000000080000124
core   0: 0x00000000800000f0 (0x30529073) csrrw   zero, mtvec, t0
core   0: 3 0x00000000800000f0 (0x30529073) c773_mtvec 0x0000000080000124
core   0: 0x00000000800000f4 (0x00012197) auipc   gp, 0x12
core   0: 3 0x00000000800000f4 (0x00012197) x3  0x00000000800120f4
core   0: 0x00000000800000f8 (0x73418193) addi    gp, gp, 1844
core   0: 3 0x00000000800000f8 (0x73418193) x3  0x0000000080012828
core   0: 0x00000000800000fc (0x00012217) auipc   tp, 0x12
core   0: 3 0x00000000800000fc (0x00012217) x4  0x00000000800120fc
core   0: 0x0000000080000100 (0xf8320213) addi    tp, tp, -125
core   0: 3 0x0000000080000100 (0xf8320213) x4  0x000000008001207f
core   0: 0x0000000080000104 (0xfc027213) andi    tp, tp, -64
core   0: 3 0x0000000080000104 (0xfc027213) x4  0x0000000080012040
core   0: 0x0000000080000108 (0xf1402573) csrrs   a0, mhartid, zero
core   0: 3 0x0000000080000108 (0xf1402573) x10 0x0000000000000000
core   0: 0x000000008000010c (0x00004585) c.li    a1, 1
core   0: 3 0x000000008000010c (0x4585) x11 0x0000000000000001
core   0: 0x000000008000010e (0x00b57063) bgeu    a0, a1, pc + 0
core   0: 3 0x000000008000010e (0x00b57063)
core   0: 0x0000000080000112 (0x00150113) addi    sp, a0, 1
core   0: 3 0x0000000080000112 (0x00150113) x2  0x0000000000000001
core   0: 0x0000000080000116 (0x00000146) c.slli  sp, 17
core   0: 3 0x0000000080000116 (0x0146) x2  0x0000000000020000
core   0: 0x0000000080000118 (0x00009112) c.add   sp, tp
core   0: 3 0x0000000080000118 (0x9112) x2  0x0000000080032040
core   0: 0x000000008000011a (0x01151613) slli    a2, a0, 17
core   0: 3 0x000000008000011a (0x01151613) x12 0x0000000000000000
core   0: 0x000000008000011e (0x00009232) c.add   tp, a2
core   0: 3 0x000000008000011e (0x9232) x4  0x0000000080012040
core   0: 0x0000000080000120 (0x3e80f06f) j       pc + 0xf3e8
core   0: 3 0x0000000080000120 (0x3e80f06f)
core   0: >>>>  _init
core   0: 0x000000008000f508 (0x00007171) c.addi16sp sp, -176
core   0: 3 0x000000008000f508 (0x7171) x2  0x0000000080031f90
core   0: 0x000000008000f50a (0x0000f506) c.sdsp  ra, 168(sp)
core   0: 3 0x000000008000f50a (0xf506) mem 0x0000000080032038 0x0000000000000000
core   0: 0x000000008000f50c (0x0000f122) c.sdsp  s0, 160(sp)
core   0: 3 0x000000008000f50c (0xf122) mem 0x0000000080032030 0x0000000000000000
core   0: 0x000000008000f50e (0x0000ed26) c.sdsp  s1, 152(sp)
core   0: 3 0x000000008000f50e (0xed26) mem 0x0000000080032028 0x0000000000000000
core   0: 0x000000008000f510 (0x00001900) c.addi4spn s0, sp, 176
core   0: 3 0x000000008000f510 (0x1900) x8  0x0000000080032040
core   0: 0x000000008000f512 (0x000087aa) c.mv    a5, a0
core   0: 3 0x000000008000f512 (0x87aa) x15 0x0000000000000000
core   0: 0x000000008000f514 (0x0000872e) c.mv    a4, a1
core   0: 3 0x000000008000f514 (0x872e) x14 0x0000000000000001
core   0: 0x000000008000f516 (0xf4f42e23) sw      a5, -164(s0)
core   0: 3 0x000000008000f516 (0xf4f42e23) mem 0x0000000080031f9c 0x00000000
core   0: 0x000000008000f51a (0x000087ba) c.mv    a5, a4
core   0: 3 0x000000008000f51a (0x87ba) x15 0x0000000000000001
core   0: 0x000000008000f51c (0xf4f42c23) sw      a5, -168(s0)
core   0: 3 0x000000008000f51c (0xf4f42c23) mem 0x0000000080031f98 0x00000001
core   0: 0x000000008000f520 (0xfe040793) addi    a5, s0, -32
core   0: 3 0x000000008000f520 (0xfe040793) x15 0x0000000080032020
core   0: 0x000000008000f524 (0xf4f43823) sd      a5, -176(s0)
core   0: 3 0x000000008000f524 (0xf4f43823) mem 0x0000000080031f90 0x0000000080032020
core   0: 0x000000008000f528 (0xf5043783) ld      a5, -176(s0)
core   0: 3 0x000000008000f528 (0xf5043783) x15 0x0000000080032020 mem 0x0000000080031f90
core   0: 0x000000008000f52c (0xf8078793) addi    a5, a5, -128
core   0: 3 0x000000008000f52c (0xf8078793) x15 0x0000000080031fa0
core   0: 0x000000008000f530 (0x03f78793) addi    a5, a5, 63
core   0: 3 0x000000008000f530 (0x03f78793) x15 0x0000000080031fdf
core   0: 0x000000008000f534 (0x00008399) c.srli  a5, 6
core   0: 3 0x000000008000f534 (0x8399) x15 0x0000000002000c7f
core   0: 0x000000008000f536 (0x00679493) slli    s1, a5, 6
core   0: 3 0x000000008000f536 (0x00679493) x9  0x0000000080031fc0
core   0: 0x000000008000f53a (0xf65ff0ef) jal     pc - 0x9c
core   0: 3 0x000000008000f53a (0xf65ff0ef) x1  0x000000008000f53e
core   0: >>>>  init_tls
core   0: 0x000000008000f49e (0x00001101) c.addi  sp, -32
core   0: 3 0x000000008000f49e (0x1101) x2  0x0000000080031f70
core   0: 0x000000008000f4a0 (0x0000ec06) c.sdsp  ra, 24(sp)
core   0: 3 0x000000008000f4a0 (0xec06) mem 0x0000000080031f88 0x000000008000f53e
core   0: 0x000000008000f4a2 (0x0000e822) c.sdsp  s0, 16(sp)
core   0: 3 0x000000008000f4a2 (0xe822) mem 0x0000000080031f80 0x0000000080032040
core   0: 0x000000008000f4a4 (0x00001000) c.addi4spn s0, sp, 32
core   0: 3 0x000000008000f4a4 (0x1000) x8  0x0000000080031f90
core   0: 0x000000008000f4a6 (0x00003717) auipc   a4, 0x3
core   0: 3 0x000000008000f4a6 (0x00003717) x14 0x00000000800124a6
core   0: 0x000000008000f4aa (0xb8270713) addi    a4, a4, -1150
core   0: 3 0x000000008000f4aa (0xb8270713) x14 0x0000000080012028
core   0: 0x000000008000f4ae (0x00003797) auipc   a5, 0x3
core   0: 3 0x000000008000f4ae (0x00003797) x15 0x00000000800124ae
core   0: 0x000000008000f4b2 (0xb7a78793) addi    a5, a5, -1158
core   0: 3 0x000000008000f4b2 (0xb7a78793) x15 0x0000000080012028
core   0: 0x000000008000f4b6 (0x40f707b3) sub     a5, a4, a5
core   0: 3 0x000000008000f4b6 (0x40f707b3) x15 0x0000000000000000
core   0: 0x000000008000f4ba (0xfef43423) sd      a5, -24(s0)
core   0: 3 0x000000008000f4ba (0xfef43423) mem 0x0000000080031f78 0x0000000000000000
core   0: 0x000000008000f4be (0x00008792) c.mv    a5, tp
core   0: 3 0x000000008000f4be (0x8792) x15 0x0000000080012040
core   0: 0x000000008000f4c0 (0xfe843603) ld      a2, -24(s0)
core   0: 3 0x000000008000f4c0 (0xfe843603) x12 0x0000000000000000 mem 0x0000000080031f78
core   0: 0x000000008000f4c4 (0x00003597) auipc   a1, 0x3
core   0: 3 0x000000008000f4c4 (0x00003597) x11 0x00000000800124c4
core   0: 0x000000008000f4c8 (0xb6458593) addi    a1, a1, -1180
core   0: 3 0x000000008000f4c8 (0xb6458593) x11 0x0000000080012028
core   0: 0x000000008000f4cc (0x0000853e) c.mv    a0, a5
core   0: 3 0x000000008000f4cc (0x853e) x10 0x0000000080012040
core   0: 0x000000008000f4ce (0x0f9000ef) jal     pc + 0x8f8
core   0: 3 0x000000008000f4ce (0x0f9000ef) x1  0x000000008000f4d2
core   0: >>>>  memcpy
core   0: 0x000000008000fdc6 (0x0000715d) c.addi16sp sp, -80
core   0: 3 0x000000008000fdc6 (0x715d) x2  0x0000000080031f20
core   0: 0x000000008000fdc8 (0x0000e4a2) c.sdsp  s0, 72(sp)
core   0: 3 0x000000008000fdc8 (0xe4a2) mem 0x0000000080031f68 0x0000000080031f90
core   0: 0x000000008000fdca (0x00000880) c.addi4spn s0, sp, 80
core   0: 3 0x000000008000fdca (0x0880) x8  0x0000000080031f70
core   0: 0x000000008000fdcc (0xfca43423) sd      a0, -56(s0)
core   0: 3 0x000000008000fdcc (0xfca43423) mem 0x0000000080031f38 0x0000000080012040
core   0: 0x000000008000fdd0 (0xfcb43023) sd      a1, -64(s0)
core   0: 3 0x000000008000fdd0 (0xfcb43023) mem 0x0000000080031f30 0x0000000080012028
core   0: 0x000000008000fdd4 (0xfac43c23) sd      a2, -72(s0)
core   0: 3 0x000000008000fdd4 (0xfac43c23) mem 0x0000000080031f28 0x0000000000000000
core   0: 0x000000008000fdd8 (0xfc843703) ld      a4, -56(s0)
core   0: 3 0x000000008000fdd8 (0xfc843703) x14 0x0000000080012040 mem 0x0000000080031f38
core   0: 0x000000008000fddc (0xfc043783) ld      a5, -64(s0)
core   0: 3 0x000000008000fddc (0xfc043783) x15 0x0000000080012028 mem 0x0000000080031f30
core   0: 0x000000008000fde0 (0x00008f5d) c.or    a4, a5
core   0: 3 0x000000008000fde0 (0x8f5d) x14 0x0000000080012068
core   0: 0x000000008000fde2 (0xfb843783) ld      a5, -72(s0)
core   0: 3 0x000000008000fde2 (0xfb843783) x15 0x0000000000000000 mem 0x0000000080031f28
core   0: 0x000000008000fde6 (0x00008fd9) c.or    a5, a4
core   0: 3 0x000000008000fde6 (0x8fd9) x15 0x0000000080012068
core   0: 0x000000008000fde8 (0x00008b9d) c.andi  a5, 7
core   0: 3 0x000000008000fde8 (0x8b9d) x15 0x0000000000000000
core   0: 0x000000008000fdea (0x0000e3b1) c.bnez  a5, pc + 68
core   0: 3 0x000000008000fdea (0xe3b1)
core   0: 0x000000008000fdec (0xfc043783) ld      a5, -64(s0)
core   0: 3 0x000000008000fdec (0xfc043783) x15 0x0000000080012028 mem 0x0000000080031f30
core   0: 0x000000008000fdf0 (0xfef43423) sd      a5, -24(s0)
core   0: 3 0x000000008000fdf0 (0xfef43423) mem 0x0000000080031f58 0x0000000080012028
core   0: 0x000000008000fdf4 (0xfc843783) ld      a5, -56(s0)
core   0: 3 0x000000008000fdf4 (0xfc843783) x15 0x0000000080012040 mem 0x0000000080031f38
core   0: 0x000000008000fdf8 (0xfef43023) sd      a5, -32(s0)
core   0: 3 0x000000008000fdf8 (0xfef43023) mem 0x0000000080031f50 0x0000000080012040
core   0: 0x000000008000fdfc (0x0000a839) c.j     pc + 30
core   0: 3 0x000000008000fdfc (0xa839)
core   0: 0x000000008000fe1a (0xfc843703) ld      a4, -56(s0)
core   0: 3 0x000000008000fe1a (0xfc843703) x14 0x0000000080012040 mem 0x0000000080031f38
core   0: 0x000000008000fe1e (0xfb843783) ld      a5, -72(s0)
core   0: 3 0x000000008000fe1e (0xfb843783) x15 0x0000000000000000 mem 0x0000000080031f28
core   0: 0x000000008000fe22 (0x000097ba) c.add   a5, a4
core   0: 3 0x000000008000fe22 (0x97ba) x15 0x0000000080012040
core   0: 0x000000008000fe24 (0xfe043703) ld      a4, -32(s0)
core   0: 3 0x000000008000fe24 (0xfe043703) x14 0x0000000080012040 mem 0x0000000080031f50
core   0: 0x000000008000fe28 (0xfcf76be3) bltu    a4, a5, pc - 42
core   0: 3 0x000000008000fe28 (0xfcf76be3)
core   0: 0x000000008000fe2c (0x0000a099) c.j     pc + 70
core   0: 3 0x000000008000fe2c (0xa099)
core   0: 0x000000008000fe72 (0xfc843783) ld      a5, -56(s0)
core   0: 3 0x000000008000fe72 (0xfc843783) x15 0x0000000080012040 mem 0x0000000080031f38
core   0: 0x000000008000fe76 (0x0000853e) c.mv    a0, a5
core   0: 3 0x000000008000fe76 (0x853e) x10 0x0000000080012040
core   0: 0x000000008000fe78 (0x00006426) c.ldsp  s0, 72(sp)
core   0: 3 0x000000008000fe78 (0x6426) x8  0x0000000080031f90 mem 0x0000000080031f68
core   0: 0x000000008000fe7a (0x00006161) c.addi16sp sp, 80
core   0: 3 0x000000008000fe7a (0x6161) x2  0x0000000080031f70
core   0: 0x000000008000fe7c (0x00008082) ret
core   0: 3 0x000000008000fe7c (0x8082)
core   0: 0x000000008000f4d2 (0x00003717) auipc   a4, 0x3
core   0: 3 0x000000008000f4d2 (0x00003717) x14 0x00000000800124d2
core   0: 0x000000008000f4d6 (0xbf270713) addi    a4, a4, -1038
core   0: 3 0x000000008000f4d6 (0xbf270713) x14 0x00000000800120c4
core   0: 0x000000008000f4da (0x00003797) auipc   a5, 0x3
core   0: 3 0x000000008000f4da (0x00003797) x15 0x00000000800124da
core   0: 0x000000008000f4de (0xb4e78793) addi    a5, a5, -1202
core   0: 3 0x000000008000f4de (0xb4e78793) x15 0x0000000080012028
core   0: 0x000000008000f4e2 (0x40f707b3) sub     a5, a4, a5
core   0: 3 0x000000008000f4e2 (0x40f707b3) x15 0x000000000000009c
core   0: 0x000000008000f4e6 (0xfef43023) sd      a5, -32(s0)
core   0: 3 0x000000008000f4e6 (0xfef43023) mem 0x0000000080031f70 0x000000000000009c
core   0: 0x000000008000f4ea (0x00008712) c.mv    a4, tp
core   0: 3 0x000000008000f4ea (0x8712) x14 0x0000000080012040
core   0: 0x000000008000f4ec (0xfe843783) ld      a5, -24(s0)
core   0: 3 0x000000008000f4ec (0xfe843783) x15 0x0000000000000000 mem 0x0000000080031f78
core   0: 0x000000008000f4f0 (0x000097ba) c.add   a5, a4
core   0: 3 0x000000008000f4f0 (0x97ba) x15 0x0000000080012040
core   0: 0x000000008000f4f2 (0xfe043603) ld      a2, -32(s0)
core   0: 3 0x000000008000f4f2 (0xfe043603) x12 0x000000000000009c mem 0x0000000080031f70
core   0: 0x000000008000f4f6 (0x00004581) c.li    a1, 0
core   0: 3 0x000000008000f4f6 (0x4581) x11 0x0000000000000000
core   0: 0x000000008000f4f8 (0x0000853e) c.mv    a0, a5
core   0: 3 0x000000008000f4f8 (0x853e) x10 0x0000000080012040
core   0: 0x000000008000f4fa (0x185000ef) jal     pc + 0x984
core   0: 3 0x000000008000f4fa (0x185000ef) x1  0x000000008000f4fe
core   0: >>>>  memset
core   0: 0x000000008000fe7e (0x0000715d) c.addi16sp sp, -80
core   0: 3 0x000000008000fe7e (0x715d) x2  0x0000000080031f20
core   0: 0x000000008000fe80 (0x0000e4a2) c.sdsp  s0, 72(sp)
core   0: 3 0x000000008000fe80 (0xe4a2) mem 0x0000000080031f68 0x0000000080031f90
core   0: 0x000000008000fe82 (0x00000880) c.addi4spn s0, sp, 80
core   0: 3 0x000000008000fe82 (0x0880) x8  0x0000000080031f70
core   0: 0x000000008000fe84 (0xfca43423) sd      a0, -56(s0)
core   0: 3 0x000000008000fe84 (0xfca43423) mem 0x0000000080031f38 0x0000000080012040
core   0: 0x000000008000fe88 (0x000087ae) c.mv    a5, a1
core   0: 3 0x000000008000fe88 (0x87ae) x15 0x0000000000000000
core   0: 0x000000008000fe8a (0xfac43c23) sd      a2, -72(s0)
core   0: 3 0x000000008000fe8a (0xfac43c23) mem 0x0000000080031f28 0x000000000000009c
core   0: 0x000000008000fe8e (0xfcf42223) sw      a5, -60(s0)
core   0: 3 0x000000008000fe8e (0xfcf42223) mem 0x0000000080031f34 0x00000000
core   0: 0x000000008000fe92 (0xfc843703) ld      a4, -56(s0)
core   0: 3 0x000000008000fe92 (0xfc843703) x14 0x0000000080012040 mem 0x0000000080031f38
core   0: 0x000000008000fe96 (0xfb843783) ld      a5, -72(s0)
core   0: 3 0x000000008000fe96 (0xfb843783) x15 0x000000000000009c mem 0x0000000080031f28
core   0: 0x000000008000fe9a (0x00008fd9) c.or    a5, a4
core   0: 3 0x000000008000fe9a (0x8fd9) x15 0x00000000800120dc
core   0: 0x000000008000fe9c (0x00008b9d) c.andi  a5, 7
core   0: 3 0x000000008000fe9c (0x8b9d) x15 0x0000000000000004
core   0: 0x000000008000fe9e (0x0000e7bd) c.bnez  a5, pc + 110
core   0: 3 0x000000008000fe9e (0xe7bd)
core   0: 0x000000008000ff0c (0xfc843783) ld      a5, -56(s0)
core   0: 3 0x000000008000ff0c (0xfc843783) x15 0x0000000080012040 mem 0x0000000080031f38
core   0: 0x000000008000ff10 (0xfef43023) sd      a5, -32(s0)
core   0: 3 0x000000008000ff10 (0xfef43023) mem 0x0000000080031f50 0x0000000080012040
core   0: 0x000000008000ff14 (0x0000a829) c.j     pc + 26
core   0: 3 0x000000008000ff14 (0xa829)
core   0: 0x000000008000ff2e (0xfc843703) ld      a4, -56(s0)
core   0: 3 0x000000008000ff2e (0xfc843703) x14 0x0000000080012040 mem 0x0000000080031f38
core   0: 0x000000008000ff32 (0xfb843783) ld      a5, -72(s0)
core   0: 3 0x000000008000ff32 (0xfb843783) x15 0x000000000000009c mem 0x0000000080031f28
core   0: 0x000000008000ff36 (0x000097ba) c.add   a5, a4
core   0: 3 0x000000008000ff36 (0x97ba) x15 0x00000000800120dc
core   0: 0x000000008000ff38 (0xfe043703) ld      a4, -32(s0)
core   0: 3 0x000000008000ff38 (0xfe043703) x14 0x0000000080012040 mem 0x0000000080031f50
core   0: 0x000000008000ff3c (0xfcf76de3) bltu    a4, a5, pc - 38
core   0: 3 0x000000008000ff3c (0xfcf76de3)
core   0: 0x000000008000ff16 (0xfe043783) ld      a5, -32(s0)
core   0: 3 0x000000008000ff16 (0xfe043783) x15 0x0000000080012040 mem 0x0000000080031f50
core   0: 0x000000008000ff1a (0x00178713) addi    a4, a5, 1
core   0: 3 0x000000008000ff1a (0x00178713) x14 0x0000000080012041
core   0: 0x000000008000ff1e (0xfee43023) sd      a4, -32(s0)
core   0: 3 0x000000008000ff1e (0xfee43023) mem 0x0000000080031f50 0x0000000080012041
core   0: 0x000000008000ff22 (0xfc442703) lw      a4, -60(s0)
core   0: 3 0x000000008000ff22 (0xfc442703) x14 0x0000000000000000 mem 0x0000000080031f34
core   0: 0x000000008000ff26 (0x0ff77713) andi    a4, a4, 255
core   0: 3 0x000000008000ff26 (0x0ff77713) x14 0x0000000000000000
core   0: 0x000000008000ff2a (0x00e78023) sb      a4, 0(a5)
core   0: 3 0x000000008000ff2a (0x00e78023) mem 0x0000000080012040 0x00
core   0: 0x000000008000ff2e (0xfc843703) ld      a4, -56(s0)
core   0: 3 0x000000008000ff2e (0xfc843703) x14 0x0000000080012040 mem 0x0000000080031f38
core   0: 0x000000008000ff32 (0xfb843783) ld      a5, -72(s0)
core   0: 3 0x000000008000ff32 (0xfb843783) x15 0x000000000000009c mem 0x0000000080031f28
core   0: 0x000000008000ff36 (0x000097ba) c.add   a5, a4
core   0: 3 0x000000008000ff36 (0x97ba) x15 0x00000000800120dc
core   0: 0x000000008000ff38 (0xfe043703) ld      a4, -32(s0)
core   0: 3 0x000000008000ff38 (0xfe043703) x14 0x0000000080012041 mem 0x0000000080031f50
core   0: 0x000000008000ff3c (0xfcf76de3) bltu    a4, a5, pc - 38
core   0: 3 0x000000008000ff3c (0xfcf76de3)
core   0: 0x000000008000ff16 (0xfe043783) ld      a5, -32(s0)
core   0: 3 0x000000008000ff16 (0xfe043783) x15 0x0000000080012041 mem 0x0000000080031f50
core   0: 0x000000008000ff1a (0x00178713) addi    a4, a5, 1
core   0: 3 0x000000008000ff1a (0x00178713) x14 0x0000000080012042
core   0: 0x000000008000ff1e (0xfee43023) sd      a4, -32(s0)
core   0: 3 0x000000008000ff1e (0xfee43023) mem 0x0000000080031f50 0x0000000080012042
core   0: 0x000000008000ff22 (0xfc442703) lw      a4, -60(s0)
core   0: 3 0x000000008000ff22 (0xfc442703) x14 0x0000000000000000 mem 0x0000000080031f34
core   0: 0x000000008000ff26 (0x0ff77713) andi    a4, a4, 255
core   0: 3 0x000000008000ff26 (0x0ff77713) x14 0x0000000000000000
core   0: 0x000000008000ff2a (0x00e78023) sb      a4, 0(a5)
core   0: 3 0x000000008000ff2a (0x00e78023) mem 0x0000000080012041 0x00
core   0: 0x000000008000ff2e (0xfc843703) ld      a4, -56(s0)
core   0: 3 0x000000008000ff2e (0xfc843703) x14 0x0000000080012040 mem 0x0000000080031f38
core   0: 0x000000008000ff32 (0xfb843783) ld      a5, -72(s0)
core   0: 3 0x000000008000ff32 (0xfb843783) x15 0x000000000000009c mem 0x0000000080031f28
core   0: 0x000000008000ff36 (0x000097ba) c.add   a5, a4
core   0: 3 0x000000008000ff36 (0x97ba) x15 0x00000000800120dc
core   0: 0x000000008000ff38 (0xfe043703) ld      a4, -32(s0)
core   0: 3 0x000000008000ff38 (0xfe043703) x14 0x0000000080012042 mem 0x0000000080031f50
core   0: 0x000000008000ff3c (0xfcf76de3) bltu    a4, a5, pc - 38
core   0: 3 0x000000008000ff3c (0xfcf76de3)
core   0: 0x000000008000ff16 (0xfe043783) ld      a5, -32(s0)
core   0: 3 0x000000008000ff16 (0xfe043783) x15 0x0000000080012042 mem 0x0000000080031f50
core   0: 0x000000008000ff1a (0x00178713) addi    a4, a5, 1
core   0: 3 0x000000008000ff1a (0x00178713) x14 0x0000000080012043
core   0: 0x000000008000ff1e (0xfee43023) sd      a4, -32(s0)
core   0: 3 0x000000008000ff1e (0xfee43023) mem 0x0000000080031f50 0x0000000080012043
core   0: 0x000000008000ff22 (0xfc442703) lw      a4, -60(s0)
core   0: 3 0x000000008000ff22 (0xfc442703) x14 0x0000000000000000 mem 0x0000000080031f34
core   0: 0x000000008000ff26 (0x0ff77713) andi    a4, a4, 255
core   0: 3 0x000000008000ff26 (0x0ff77713) x14 0x0000000000000000
core   0: 0x000000008000ff2a (0x00e78023) sb      a4, 0(a5)
core   0: 3 0x000000008000ff2a (0x00e78023) mem 0x0000000080012042 0x00
core   0: 0x000000008000ff2e (0xfc843703) ld      a4, -56(s0)
core   0: 3 0x000000008000ff2e (0xfc843703) x14 0x0000000080012040 mem 0x0000000080031f38
core   0: 0x000000008000ff32 (0xfb843783) ld      a5, -72(s0)
core   0: 3 0x000000008000ff32 (0xfb843783) x15 0x000000000000009c mem 0x0000000080031f28
core   0: 0x000000008000ff36 (0x000097ba) c.add   a5, a4
core   0: 3 0x000000008000ff36 (0x97ba) x15 0x00000000800120dc
core   0: 0x000000008000ff38 (0xfe043703) ld      a4, -32(s0)
core   0: 3 0x000000008000ff38 (0xfe043703) x14 0x0000000080012043 mem 0x0000000080031f50
core   0: 0x000000008000ff3c (0xfcf76de3) bltu    a4, a5, pc - 38
core   0: 3 0x000000008000ff3c (0xfcf76de3)
core   0: 0x000000008000ff16 (0xfe043783) ld      a5, -32(s0)
core   0: 3 0x000000008000ff16 (0xfe043783) x15 0x0000000080012043 mem 0x0000000080031f50
core   0: 0x000000008000ff1a (0x00178713) addi    a4, a5, 1
core   0: 3 0x000000008000ff1a (0x00178713) x14 0x0000000080012044
core   0: 0x000000008000ff1e (0xfee43023) sd      a4, -32(s0)
core   0: 3 0x000000008000ff1e (0xfee43023) mem 0x0000000080031f50 0x0000000080012044
core   0: 0x000000008000ff22 (0xfc442703) lw      a4, -60(s0)
core   0: 3 0x000000008000ff22 (0xfc442703) x14 0x0000000000000000 mem 0x0000000080031f34
core   0: 0x000000008000ff26 (0x0ff77713) andi    a4, a4, 255
core   0: 3 0x000000008000ff26 (0x0ff77713) x14 0x0000000000000000
core   0: 0x000000008000ff2a (0x00e78023) sb      a4, 0(a5)
core   0: 3 0x000000008000ff2a (0x00e78023) mem 0x0000000080012043 0x00
core   0: 0x000000008000ff2e (0xfc843703) ld      a4, -56(s0)
core   0: 3 0x000000008000ff2e (0xfc843703) x14 0x0000000080012040 mem 0x0000000080031f38
core   0: 0x000000008000ff32 (0xfb843783) ld      a5, -72(s0)
core   0: 3 0x000000008000ff32 (0xfb843783) x15 0x000000000000009c mem 0x0000000080031f28
core   0: 0x000000008000ff36 (0x000097ba) c.add   a5, a4
core   0: 3 0x000000008000ff36 (0x97ba) x15 0x00000000800120dc
core   0: 0x000000008000ff38 (0xfe043703) ld      a4, -32(s0)
core   0: 3 0x000000008000ff38 (0xfe043703) x14 0x0000000080012044 mem 0x0000000080031f50
core   0: 0x000000008000ff3c (0xfcf76de3) bltu    a4, a5, pc - 38
core   0: 3 0x000000008000ff3c (0xfcf76de3)
core   0: 0x000000008000ff16 (0xfe043783) ld      a5, -32(s0)
core   0: 3 0x000000008000ff16 (0xfe043783) x15 0x0000000080012044 mem 0x0000000080031f50
core   0: 0x000000008000ff1a (0x00178713) addi    a4, a5, 1
core   0: 3 0x000000008000ff1a (0x00178713) x14 0x0000000080012045
core   0: 0x000000008000ff1e (0xfee43023) sd      a4, -32(s0)
core   0: 3 0x000000008000ff1e (0xfee43023) mem 0x0000000080031f50 0x0000000080012045
core   0: 0x000000008000ff22 (0xfc442703) lw      a4, -60(s0)
core   0: 3 0x000000008000ff22 (0xfc442703) x14 0x0000000000000000 mem 0x0000000080031f34
core   0: 0x000000008000ff26 (0x0ff77713) andi    a4, a4, 255
core   0: 3 0x000000008000ff26 (0x0ff77713) x14 0x0000000000000000
core   0: 0x000000008000ff2a (0x00e78023) sb      a4, 0(a5)
core   0: 3 0x000000008000ff2a (0x00e78023) mem 0x0000000080012044 0x00
core   0: 0x000000008000ff2e (0xfc843703) ld      a4, -56(s0)
core   0: 3 0x000000008000ff2e (0xfc843703) x14 0x0000000080012040 mem 0x0000000080031f38
core   0: 0x000000008000ff32 (0xfb843783) ld      a5, -72(s0)
core   0: 3 0x000000008000ff32 (0xfb843783) x15 0x000000000000009c mem 0x0000000080031f28
core   0: 0x000000008000ff36 (0x000097ba) c.add   a5, a4
core   0: 3 0x000000008000ff36 (0x97ba) x15 0x00000000800120dc
core   0: 0x000000008000ff38 (0xfe043703) ld      a4, -32(s0)
core   0: 3 0x000000008000ff38 (0xfe043703) x14 0x0000000080012045 mem 0x0000000080031f50
core   0: 0x000000008000ff3c (0xfcf76de3) bltu    a4, a5, pc - 38
core   0: 3 0x000000008000ff3c (0xfcf76de3)
core   0: 0x000000008000ff16 (0xfe043783) ld      a5, -32(s0)
core   0: 3 0x000000008000ff16 (0xfe043783) x15 0x0000000080012045 mem 0x0000000080031f50
core   0: 0x000000008000ff1a (0x00178713) addi    a4, a5, 1
core   0: 3 0x000000008000ff1a (0x00178713) x14 0x0000000080012046
core   0: 0x000000008000ff1e (0xfee43023) sd      a4, -32(s0)
core   0: 3 0x000000008000ff1e (0xfee43023) mem 0x0000000080031f50 0x0000000080012046
core   0: 0x000000008000ff22 (0xfc442703) lw      a4, -60(s0)
core   0: 3 0x000000008000ff22 (0xfc442703) x14 0x0000000000000000 mem 0x0000000080031f34
core   0: 0x000000008000ff26 (0x0ff77713) andi    a4, a4, 255
core   0: 3 0x000000008000ff26 (0x0ff77713) x14 0x0000000000000000
core   0: 0x000000008000ff2a (0x00e78023) sb      a4, 0(a5)
core   0: 3 0x000000008000ff2a (0x00e78023) mem 0x0000000080012045 0x00
core   0: 0x000000008000ff2e (0xfc843703) ld      a4, -56(s0)
core   0: 3 0x000000008000ff2e (0xfc843703) x14 0x0000000080012040 mem 0x0000000080031f38
core   0: 0x000000008000ff32 (0xfb843783) ld      a5, -72(s0)
core   0: 3 0x000000008000ff32 (0xfb843783) x15 0x000000000000009c mem 0x0000000080031f28
core   0: 0x000000008000ff36 (0x000097ba) c.add   a5, a4
core   0: 3 0x000000008000ff36 (0x97ba) x15 0x00000000800120dc
core   0: 0x000000008000ff38 (0xfe043703) ld      a4, -32(s0)
core   0: 3 0x000000008000ff38 (0xfe043703) x14 0x0000000080012046 mem 0x0000000080031f50
core   0: 0x000000008000ff3c (0xfcf76de3) bltu    a4, a5, pc - 38
core   0: 3 0x000000008000ff3c (0xfcf76de3)
core   0: 0x000000008000ff16 (0xfe043783) ld      a5, -32(s0)
core   0: 3 0x000000008000ff16 (0xfe043783) x15 0x0000000080012046 mem 0x0000000080031f50
core   0: 0x000000008000ff1a (0x00178713) addi    a4, a5, 1
core   0: 3 0x000000008000ff1a (0x00178713) x14 0x0000000080012047
core   0: 0x000000008000ff1e (0xfee43023) sd      a4, -32(s0)
core   0: 3 0x000000008000ff1e (0xfee43023) mem 0x0000000080031f50 0x0000000080012047
core   0: 0x000000008000ff22 (0xfc442703) lw      a4, -60(s0)
core   0: 3 0x000000008000ff22 (0xfc442703) x14 0x0000000000000000 mem 0x0000000080031f34
core   0: 0x000000008000ff26 (0x0ff77713) andi    a4, a4, 255
core   0: 3 0x000000008000ff26 (0x0ff77713) x14 0x0000000000000000
core   0: 0x000000008000ff2a (0x00e78023) sb      a4, 0(a5)
core   0: 3 0x000000008000ff2a (0x00e78023) mem 0x0000000080012046 0x00
core   0: 0x000000008000ff2e (0xfc843703) ld      a4, -56(s0)
core   0: 3 0x000000008000ff2e (0xfc843703) x14 0x0000000080012040 mem 0x0000000080031f38
core   0: 0x000000008000ff32 (0xfb843783) ld      a5, -72(s0)
core   0: 3 0x000000008000ff32 (0xfb843783) x15 0x000000000000009c mem 0x0000000080031f28
core   0: 0x000000008000ff36 (0x000097ba) c.add   a5, a4
core   0: 3 0x000000008000ff36 (0x97ba) x15 0x00000000800120dc
core   0: 0x000000008000ff38 (0xfe043703) ld      a4, -32(s0)
core   0: 3 0x000000008000ff38 (0xfe043703) x14 0x0000000080012047 mem 0x0000000080031f50
core   0: 0x000000008000ff3c (0xfcf76de3) bltu    a4, a5, pc - 38
core   0: 3 0x000000008000ff3c (0xfcf76de3)
core   0: 0x000000008000ff16 (0xfe043783) ld      a5, -32(s0)
core   0: 3 0x000000008000ff16 (0xfe043783) x15 0x0000000080012047 mem 0x0000000080031f50
core   0: 0x000000008000ff1a (0x00178713) addi    a4, a5, 1
core   0: 3 0x000000008000ff1a (0x00178713) x14 0x0000000080012048
core   0: 0x000000008000ff1e (0xfee43023) sd      a4, -32(s0)
core   0: 3 0x000000008000ff1e (0xfee43023) mem 0x0000000080031f50 0x0000000080012048
core   0: 0x000000008000ff22 (0xfc442703) lw      a4, -60(s0)
core   0: 3 0x000000008000ff22 (0xfc442703) x14 0x0000000000000000 mem 0x0000000080031f34
core   0: 0x000000008000ff26 (0x0ff77713) andi    a4, a4, 255
core   0: 3 0x000000008000ff26 (0x0ff77713) x14 0x0000000000000000
core   0: 0x000000008000ff2a (0x00e78023) sb      a4, 0(a5)
core   0: 3 0x000000008000ff2a (0x00e78023) mem 0x0000000080012047 0x00
core   0: 0x000000008000ff2e (0xfc843703) ld      a4, -56(s0)
core   0: 3 0x000000008000ff2e (0xfc843703) x14 0x0000000080012040 mem 0x0000000080031f38
core   0: 0x000000008000ff32 (0xfb843783) ld      a5, -72(s0)
core   0: 3 0x000000008000ff32 (0xfb843783) x15 0x000000000000009c mem 0x0000000080031f28
core   0: 0x000000008000ff36 (0x000097ba) c.add   a5, a4
core   0: 3 0x000000008000ff36 (0x97ba) x15 0x00000000800120dc
core   0: 0x000000008000ff38 (0xfe043703) ld      a4, -32(s0)
core   0: 3 0x000000008000ff38 (0xfe043703) x14 0x0000000080012048 mem 0x0000000080031f50
core   0: 0x000000008000ff3c (0xfcf76de3) bltu    a4, a5, pc - 38
core   0: 3 0x000000008000ff3c (0xfcf76de3)
core   0: 0x000000008000ff16 (0xfe043783) ld      a5, -32(s0)
core   0: 3 0x000000008000ff16 (0xfe043783) x15 0x0000000080012048 mem 0x0000000080031f50
core   0: 0x000000008000ff1a (0x00178713) addi    a4, a5, 1
core   0: 3 0x000000008000ff1a (0x00178713) x14 0x0000000080012049
core   0: 0x000000008000ff1e (0xfee43023) sd      a4, -32(s0)
core   0: 3 0x000000008000ff1e (0xfee43023) mem 0x0000000080031f50 0x0000000080012049
core   0: 0x000000008000ff22 (0xfc442703) lw      a4, -60(s0)
core   0: 3 0x000000008000ff22 (0xfc442703) x14 0x0000000000000000 mem 0x0000000080031f34
core   0: 0x000000008000ff26 (0x0ff77713) andi    a4, a4, 255
core   0: 3 0x000000008000ff26 (0x0ff77713) x14 0x0000000000000000
core   0: 0x000000008000ff2a (0x00e78023) sb      a4, 0(a5)
core   0: 3 0x000000008000ff2a (0x00e78023) mem 0x0000000080012048 0x00
core   0: 0x000000008000ff2e (0xfc843703) ld      a4, -56(s0)
core   0: 3 0x000000008000ff2e (0xfc843703) x14 0x0000000080012040 mem 0x0000000080031f38
core   0: 0x000000008000ff32 (0xfb843783) ld      a5, -72(s0)
core   0: 3 0x000000008000ff32 (0xfb843783) x15 0x000000000000009c mem 0x0000000080031f28
core   0: 0x000000008000ff36 (0x000097ba) c.add   a5, a4
core   0: 3 0x000000008000ff36 (0x97ba) x15 0x00000000800120dc
core   0: 0x000000008000ff38 (0xfe043703) ld      a4, -32(s0)
core   0: 3 0x000000008000ff38 (0xfe043703) x14 0x0000000080012049 mem 0x0000000080031f50
core   0: 0x000000008000ff3c (0xfcf76de3) bltu    a4, a5, pc - 38
core   0: 3 0x000000008000ff3c (0xfcf76de3)
core   0: 0x000000008000ff16 (0xfe043783) ld      a5, -32(s0)
core   0: 3 0x000000008000ff16 (0xfe043783) x15 0x0000000080012049 mem 0x0000000080031f50
core   0: 0x000000008000ff1a (0x00178713) addi    a4, a5, 1
core   0: 3 0x000000008000ff1a (0x00178713) x14 0x000000008001204a
core   0: 0x000000008000ff1e (0xfee43023) sd      a4, -32(s0)
core   0: 3 0x000000008000ff1e (0xfee43023) mem 0x0000000080031f50 0x000000008001204a
core   0: 0x000000008000ff22 (0xfc442703) lw      a4, -60(s0)
core   0: 3 0x000000008000ff22 (0xfc442703) x14 0x0000000000000000 mem 0x0000000080031f34
core   0: 0x000000008000ff26 (0x0ff77713) andi    a4, a4, 255
core   0: 3 0x000000008000ff26 (0x0ff77713) x14 0x0000000000000000
core   0: 0x000000008000ff2a (0x00e78023) sb      a4, 0(a5)
core   0: 3 0x000000008000ff2a (0x00e78023) mem 0x0000000080012049 0x00
core   0: 0x000000008000ff2e (0xfc843703) ld      a4, -56(s0)
core   0: 3 0x000000008000ff2e (0xfc843703) x14 0x0000000080012040 mem 0x0000000080031f38
core   0: 0x000000008000ff32 (0xfb843783) ld      a5, -72(s0)
core   0: 3 0x000000008000ff32 (0xfb843783) x15 0x000000000000009c mem 0x0000000080031f28
core   0: 0x000000008000ff36 (0x000097ba) c.add   a5, a4
core   0: 3 0x000000008000ff36 (0x97ba) x15 0x00000000800120dc
core   0: 0x000000008000ff38 (0xfe043703) ld      a4, -32(s0)
core   0: 3 0x000000008000ff38 (0xfe043703) x14 0x000000008001204a mem 0x0000000080031f50
core   0: 0x000000008000ff3c (0xfcf76de3) bltu    a4, a5, pc - 38
core   0: 3 0x000000008000ff3c (0xfcf76de3)
core   0: 0x000000008000ff16 (0xfe043783) ld      a5, -32(s0)
core   0: 3 0x000000008000ff16 (0xfe043783) x15 0x000000008001204a mem 0x0000000080031f50
core   0: 0x000000008000ff1a (0x00178713) addi    a4, a5, 1
core   0: 3 0x000000008000ff1a (0x00178713) x14 0x000000008001204b
core   0: 0x000000008000ff1e (0xfee43023) sd      a4, -32(s0)
core   0: 3 0x000000008000ff1e (0xfee43023) mem 0x0000000080031f50 0x000000008001204b
core   0: 0x000000008000ff22 (0xfc442703) lw      a4, -60(s0)
core   0: 3 0x000000008000ff22 (0xfc442703) x14 0x0000000000000000 mem 0x0000000080031f34
core   0: 0x000000008000ff26 (0x0ff77713) andi    a4, a4, 255
core   0: 3 0x000000008000ff26 (0x0ff77713) x14 0x0000000000000000
core   0: 0x000000008000ff2a (0x00e78023) sb      a4, 0(a5)
core   0: 3 0x000000008000ff2a (0x00e78023) mem 0x000000008001204a 0x00
core   0: 0x000000008000ff2e (0xfc843703) ld      a4, -56(s0)
core   0: 3 0x000000008000ff2e (0xfc843703) x14 0x0000000080012040 mem 0x0000000080031f38
core   0: 0x000000008000ff32 (0xfb843783) ld      a5, -72(s0)
core   0: 3 0x000000008000ff32 (0xfb843783) x15 0x000000000000009c mem 0x0000000080031f28
core   0: 0x000000008000ff36 (0x000097ba) c.add   a5, a4
core   0: 3 0x000000008000ff36 (0x97ba) x15 0x00000000800120dc
core   0: 0x000000008000ff38 (0xfe043703) ld      a4, -32(s0)
core   0: 3 0x000000008000ff38 (0xfe043703) x14 0x000000008001204b mem 0x0000000080031f50
core   0: 0x000000008000ff3c (0xfcf76de3) bltu    a4, a5, pc - 38
core   0: 3 0x000000008000ff3c (0xfcf76de3)
core   0: 0x000000008000ff16 (0xfe043783) ld      a5, -32(s0)
core   0: 3 0x000000008000ff16 (0xfe043783) x15 0x000000008001204b mem 0x0000000080031f50
core   0: 0x000000008000ff1a (0x00178713) addi    a4, a5, 1
core   0: 3 0x000000008000ff1a (0x00178713) x14 0x000000008001204c
core   0: 0x000000008000ff1e (0xfee43023) sd      a4, -32(s0)
core   0: 3 0x000000008000ff1e (0xfee43023) mem 0x0000000080031f50 0x000000008001204c
core   0: 0x000000008000ff22 (0xfc442703) lw      a4, -60(s0)
core   0: 3 0x000000008000ff22 (0xfc442703) x14 0x0000000000000000 mem 0x0000000080031f34
core   0: 0x000000008000ff26 (0x0ff77713) andi    a4, a4, 255
core   0: 3 0x000000008000ff26 (0x0ff77713) x14 0x0000000000000000
core   0: 0x000000008000ff2a (0x00e78023) sb      a4, 0(a5)
core   0: 3 0x000000008000ff2a (0x00e78023) mem 0x000000008001204b 0x00
core   0: 0x000000008000ff2e (0xfc843703) ld      a4, -56(s0)
core   0: 3 0x000000008000ff2e (0xfc843703) x14 0x0000000080012040 mem 0x0000000080031f38
core   0: 0x000000008000ff32 (0xfb843783) ld      a5, -72(s0)
core   0: 3 0x000000008000ff32 (0xfb843783) x15 0x000000000000009c mem 0x0000000080031f28
core   0: 0x000000008000ff36 (0x000097ba) c.add   a5, a4
core   0: 3 0x000000008000ff36 (0x97ba) x15 0x00000000800120dc
core   0: 0x000000008000ff38 (0xfe043703) ld      a4, -32(s0)
core   0: 3 0x000000008000ff38 (0xfe043703) x14 0x000000008001204c mem 0x0000000080031f50
core   0: 0x000000008000ff3c (0xfcf76de3) bltu    a4, a5, pc - 38
core   0: 3 0x000000008000ff3c (0xfcf76de3)
core   0: 0x000000008000ff16 (0xfe043783) ld      a5, -32(s0)
core   0: 3 0x000000008000ff16 (0xfe043783) x15 0x000000008001204c mem 0x0000000080031f50
core   0: 0x000000008000ff1a (0x00178713) addi    a4, a5, 1
core   0: 3 0x000000008000ff1a (0x00178713) x14 0x000000008001204d
core   0: 0x000000008000ff1e (0xfee43023) sd      a4, -32(s0)
core   0: 3 0x000000008000ff1e (0xfee43023) mem 0x0000000080031f50 0x000000008001204d
core   0: 0x000000008000ff22 (0xfc442703) lw      a4, -60(s0)
core   0: 3 0x000000008000ff22 (0xfc442703) x14 0x0000000000000000 mem 0x0000000080031f34
core   0: 0x000000008000ff26 (0x0ff77713) andi    a4, a4, 255
core   0: 3 0x000000008000ff26 (0x0ff77713) x14 0x0000000000000000
core   0: 0x000000008000ff2a (0x00e78023) sb      a4, 0(a5)
core   0: 3 0x000000008000ff2a (0x00e78023) mem 0x000000008001204c 0x00
core   0: 0x000000008000ff2e (0xfc843703) ld      a4, -56(s0)
core   0: 3 0x000000008000ff2e (0xfc843703) x14 0x0000000080012040 mem 0x0000000080031f38
core   0: 0x000000008000ff32 (0xfb843783) ld      a5, -72(s0)
core   0: 3 0x000000008000ff32 (0xfb843783) x15 0x000000000000009c mem 0x0000000080031f28
core   0: 0x000000008000ff36 (0x000097ba) c.add   a5, a4
core   0: 3 0x000000008000ff36 (0x97ba) x15 0x00000000800120dc
core   0: 0x000000008000ff38 (0xfe043703) ld      a4, -32(s0)
core   0: 3 0x000000008000ff38 (0xfe043703) x14 0x000000008001204d mem 0x0000000080031f50
core   0: 0x000000008000ff3c (0xfcf76de3) bltu    a4, a5, pc - 38
core   0: 3 0x000000008000ff3c (0xfcf76de3)
core   0: 0x000000008000ff16 (0xfe043783) ld      a5, -32(s0)
core   0: 3 0x000000008000ff16 (0xfe043783) x15 0x000000008001204d mem 0x0000000080031f50
core   0: 0x000000008000ff1a (0x00178713) addi    a4, a5, 1
core   0: 3 0x000000008000ff1a (0x00178713) x14 0x000000008001204e
core   0: 0x000000008000ff1e (0xfee43023) sd      a4, -32(s0)
core   0: 3 0x000000008000ff1e (0xfee43023) mem 0x0000000080031f50 0x000000008001204e
core   0: 0x000000008000ff22 (0xfc442703) lw      a4, -60(s0)
core   0: 3 0x000000008000ff22 (0xfc442703) x14 0x0000000000000000 mem 0x0000000080031f34
core   0: 0x000000008000ff26 (0x0ff77713) andi    a4, a4, 255
core   0: 3 0x000000008000ff26 (0x0ff77713) x14 0x0000000000000000
core   0: 0x000000008000ff2a (0x00e78023) sb      a4, 0(a5)
core   0: 3 0x000000008000ff2a (0x00e78023) mem 0x000000008001204d 0x00
core   0: 0x000000008000ff2e (0xfc843703) ld      a4, -56(s0)
core   0: 3 0x000000008000ff2e (0xfc843703) x14 0x0000000080012040 mem 0x0000000080031f38
core   0: 0x000000008000ff32 (0xfb843783) ld      a5, -72(s0)
core   0: 3 0x000000008000ff32 (0xfb843783) x15 0x000000000000009c mem 0x0000000080031f28
core   0: 0x000000008000ff36 (0x000097ba) c.add   a5, a4
core   0: 3 0x000000008000ff36 (0x97ba) x15 0x00000000800120dc
core   0: 0x000000008000ff38 (0xfe043703) ld      a4, -32(s0)
core   0: 3 0x000000008000ff38 (0xfe043703) x14 0x000000008001204e mem 0x0000000080031f50
core   0: 0x000000008000ff3c (0xfcf76de3) bltu    a4, a5, pc - 38
core   0: 3 0x000000008000ff3c (0xfcf76de3)
core   0: 0x000000008000ff16 (0xfe043783) ld      a5, -32(s0)
core   0: 3 0x000000008000ff16 (0xfe043783) x15 0x000000008001204e mem 0x0000000080031f50
core   0: 0x000000008000ff1a (0x00178713) addi    a4, a5, 1
core   0: 3 0x000000008000ff1a (0x00178713) x14 0x000000008001204f
core   0: 0x000000008000ff1e (0xfee43023) sd      a4, -32(s0)
core   0: 3 0x000000008000ff1e (0xfee43023) mem 0x0000000080031f50 0x000000008001204f
core   0: 0x000000008000ff22 (0xfc442703) lw      a4, -60(s0)
core   0: 3 0x000000008000ff22 (0xfc442703) x14 0x0000000000000000 mem 0x0000000080031f34
core   0: 0x000000008000ff26 (0x0ff77713) andi    a4, a4, 255
core   0: 3 0x000000008000ff26 (0x0ff77713) x14 0x0000000000000000
core   0: 0x000000008000ff2a (0x00e78023) sb      a4, 0(a5)
core   0: 3 0x000000008000ff2a (0x00e78023) mem 0x000000008001204e 0x00
core   0: 0x000000008000ff2e (0xfc843703) ld      a4, -56(s0)
core   0: 3 0x000000008000ff2e (0xfc843703) x14 0x0000000080012040 mem 0x0000000080031f38
core   0: 0x000000008000ff32 (0xfb843783) ld      a5, -72(s0)
core   0: 3 0x000000008000ff32 (0xfb843783) x15 0x000000000000009c mem 0x0000000080031f28
core   0: 0x000000008000ff36 (0x000097ba) c.add   a5, a4
core   0: 3 0x000000008000ff36 (0x97ba) x15 0x00000000800120dc
core   0: 0x000000008000ff38 (0xfe043703) ld      a4, -32(s0)
core   0: 3 0x000000008000ff38 (0xfe043703) x14 0x000000008001204f mem 0x0000000080031f50
core   0: 0x000000008000ff3c (0xfcf76de3) bltu    a4, a5, pc - 38
core   0: 3 0x000000008000ff3c (0xfcf76de3)
core   0: 0x000000008000ff16 (0xfe043783) ld      a5, -32(s0)
core   0: 3 0x000000008000ff16 (0xfe043783) x15 0x000000008001204f mem 0x0000000080031f50
core   0: 0x000000008000ff1a (0x00178713) addi    a4, a5, 1
core   0: 3 0x000000008000ff1a (0x00178713) x14 0x0000000080012050
core   0: 0x000000008000ff1e (0xfee43023) sd      a4, -32(s0)
core   0: 3 0x000000008000ff1e (0xfee43023) mem 0x0000000080031f50 0x0000000080012050
core   0: 0x000000008000ff22 (0xfc442703) lw      a4, -60(s0)
core   0: 3 0x000000008000ff22 (0xfc442703) x14 0x0000000000000000 mem 0x0000000080031f34
core   0: 0x000000008000ff26 (0x0ff77713) andi    a4, a4, 255
core   0: 3 0x000000008000ff26 (0x0ff77713) x14 0x0000000000000000
core   0: 0x000000008000ff2a (0x00e78023) sb      a4, 0(a5)
core   0: 3 0x000000008000ff2a (0x00e78023) mem 0x000000008001204f 0x00
core   0: 0x000000008000ff2e (0xfc843703) ld      a4, -56(s0)
core   0: 3 0x000000008000ff2e (0xfc843703) x14 0x0000000080012040 mem 0x0000000080031f38
core   0: 0x000000008000ff32 (0xfb843783) ld      a5, -72(s0)
core   0: 3 0x000000008000ff32 (0xfb843783) x15 0x000000000000009c mem 0x0000000080031f28
core   0: 0x000000008000ff36 (0x000097ba) c.add   a5, a4
core   0: 3 0x000000008000ff36 (0x97ba) x15 0x00000000800120dc
core   0: 0x000000008000ff38 (0xfe043703) ld      a4, -32(s0)
core   0: 3 0x000000008000ff38 (0xfe043703) x14 0x0000000080012050 mem 0x0000000080031f50
core   0: 0x000000008000ff3c (0xfcf76de3) bltu    a4, a5, pc - 38
core   0: 3 0x000000008000ff3c (0xfcf76de3)
core   0: 0x000000008000ff16 (0xfe043783) ld      a5, -32(s0)
core   0: 3 0x000000008000ff16 (0xfe043783) x15 0x0000000080012050 mem 0x0000000080031f50
core   0: 0x000000008000ff1a (0x00178713) addi    a4, a5, 1
core   0: 3 0x000000008000ff1a (0x00178713) x14 0x0000000080012051
core   0: 0x000000008000ff1e (0xfee43023) sd      a4, -32(s0)
core   0: 3 0x000000008000ff1e (0xfee43023) mem 0x0000000080031f50 0x0000000080012051
core   0: 0x000000008000ff22 (0xfc442703) lw      a4, -60(s0)
core   0: 3 0x000000008000ff22 (0xfc442703) x14 0x0000000000000000 mem 0x0000000080031f34
core   0: 0x000000008000ff26 (0x0ff77713) andi    a4, a4, 255
core   0: 3 0x000000008000ff26 (0x0ff77713) x14 0x0000000000000000
core   0: 0x000000008000ff2a (0x00e78023) sb      a4, 0(a5)
core   0: 3 0x000000008000ff2a (0x00e78023) mem 0x0000000080012050 0x00
core   0: 0x000000008000ff2e (0xfc843703) ld      a4, -56(s0)
core   0: 3 0x000000008000ff2e (0xfc843703) x14 0x0000000080012040 mem 0x0000000080031f38
core   0: 0x000000008000ff32 (0xfb843783) ld      a5, -72(s0)
core   0: 3 0x000000008000ff32 (0xfb843783) x15 0x000000000000009c mem 0x0000000080031f28
core   0: 0x000000008000ff36 (0x000097ba) c.add   a5, a4
core   0: 3 0x000000008000ff36 (0x97ba) x15 0x00000000800120dc
core   0: 0x000000008000ff38 (0xfe043703) ld      a4, -32(s0)
core   0: 3 0x000000008000ff38 (0xfe043703) x14 0x0000000080012051 mem 0x0000000080031f50
core   0: 0x000000008000ff3c (0xfcf76de3) bltu    a4, a5, pc - 38
core   0: 3 0x000000008000ff3c (0xfcf76de3)
core   0: 0x000000008000ff16 (0xfe043783) ld      a5, -32(s0)
core   0: 3 0x000000008000ff16 (0xfe043783) x15 0x0000000080012051 mem 0x0000000080031f50
core   0: 0x000000008000ff1a (0x00178713) addi    a4, a5, 1
core   0: 3 0x000000008000ff1a (0x00178713) x14 0x0000000080012052
core   0: 0x000000008000ff1e (0xfee43023) sd      a4, -32(s0)
core   0: 3 0x000000008000ff1e (0xfee43023) mem 0x0000000080031f50 0x0000000080012052
core   0: 0x000000008000ff22 (0xfc442703) lw      a4, -60(s0)
core   0: 3 0x000000008000ff22 (0xfc442703) x14 0x0000000000000000 mem 0x0000000080031f34
core   0: 0x000000008000ff26 (0x0ff77713) andi    a4, a4, 255
core   0: 3 0x000000008000ff26 (0x0ff77713) x14 0x0000000000000000
core   0: 0x000000008000ff2a (0x00e78023) sb      a4, 0(a5)
core   0: 3 0x000000008000ff2a (0x00e78023) mem 0x0000000080012051 0x00
core   0: 0x000000008000ff2e (0xfc843703) ld      a4, -56(s0)
core   0: 3 0x000000008000ff2e (0xfc843703) x14 0x0000000080012040 mem 0x0000000080031f38
core   0: 0x000000008000ff32 (0xfb843783) ld      a5, -72(s0)
core   0: 3 0x000000008000ff32 (0xfb843783) x15 0x000000000000009c mem 0x0000000080031f28
core   0: 0x000000008000ff36 (0x000097ba) c.add   a5, a4
core   0: 3 0x000000008000ff36 (0x97ba) x15 0x00000000800120dc
core   0: 0x000000008000ff38 (0xfe043703) ld      a4, -32(s0)
core   0: 3 0x000000008000ff38 (0xfe043703) x14 0x0000000080012052 mem 0x0000000080031f50
core   0: 0x000000008000ff3c (0xfcf76de3) bltu    a4, a5, pc - 38
core   0: 3 0x000000008000ff3c (0xfcf76de3)
core   0: 0x000000008000ff16 (0xfe043783) ld      a5, -32(s0)
core   0: 3 0x000000008000ff16 (0xfe043783) x15 0x0000000080012052 mem 0x0000000080031f50
core   0: 0x000000008000ff1a (0x00178713) addi    a4, a5, 1
core   0: 3 0x000000008000ff1a (0x00178713) x14 0x0000000080012053
core   0: 0x000000008000ff1e (0xfee43023) sd      a4, -32(s0)
core   0: 3 0x000000008000ff1e (0xfee43023) mem 0x0000000080031f50 0x0000000080012053
core   0: 0x000000008000ff22 (0xfc442703) lw      a4, -60(s0)
core   0: 3 0x000000008000ff22 (0xfc442703) x14 0x0000000000000000 mem 0x0000000080031f34
core   0: 0x000000008000ff26 (0x0ff77713) andi    a4, a4, 255
core   0: 3 0x000000008000ff26 (0x0ff77713) x14 0x0000000000000000
core   0: 0x000000008000ff2a (0x00e78023) sb      a4, 0(a5)
core   0: 3 0x000000008000ff2a (0x00e78023) mem 0x0000000080012052 0x00
core   0: 0x000000008000ff2e (0xfc843703) ld      a4, -56(s0)
core   0: 3 0x000000008000ff2e (0xfc843703) x14 0x0000000080012040 mem 0x0000000080031f38
core   0: 0x000000008000ff32 (0xfb843783) ld      a5, -72(s0)
core   0: 3 0x000000008000ff32 (0xfb843783) x15 0x000000000000009c mem 0x0000000080031f28
core   0: 0x000000008000ff36 (0x000097ba) c.add   a5, a4
core   0: 3 0x000000008000ff36 (0x97ba) x15 0x00000000800120dc
core   0: 0x000000008000ff38 (0xfe043703) ld      a4, -32(s0)
core   0: 3 0x000000008000ff38 (0xfe043703) x14 0x0000000080012053 mem 0x0000000080031f50
core   0: 0x000000008000ff3c (0xfcf76de3) bltu    a4, a5, pc - 38
core   0: 3 0x000000008000ff3c (0xfcf76de3)
core   0: 0x000000008000ff16 (0xfe043783) ld      a5, -32(s0)
core   0: 3 0x000000008000ff16 (0xfe043783) x15 0x0000000080012053 mem 0x0000000080031f50
core   0: 0x000000008000ff1a (0x00178713) addi    a4, a5, 1
core   0: 3 0x000000008000ff1a (0x00178713) x14 0x0000000080012054
core   0: 0x000000008000ff1e (0xfee43023) sd      a4, -32(s0)
core   0: 3 0x000000008000ff1e (0xfee43023) mem 0x0000000080031f50 0x0000000080012054
core   0: 0x000000008000ff22 (0xfc442703) lw      a4, -60(s0)
core   0: 3 0x000000008000ff22 (0xfc442703) x14 0x0000000000000000 mem 0x0000000080031f34
core   0: 0x000000008000ff26 (0x0ff77713) andi    a4, a4, 255
core   0: 3 0x000000008000ff26 (0x0ff77713) x14 0x0000000000000000
core   0: 0x000000008000ff2a (0x00e78023) sb      a4, 0(a5)
core   0: 3 0x000000008000ff2a (0x00e78023) mem 0x0000000080012053 0x00
core   0: 0x000000008000ff2e (0xfc843703) ld      a4, -56(s0)
core   0: 3 0x000000008000ff2e (0xfc843703) x14 0x0000000080012040 mem 0x0000000080031f38
core   0: 0x000000008000ff32 (0xfb843783) ld      a5, -72(s0)
core   0: 3 0x000000008000ff32 (0xfb843783) x15 0x000000000000009c mem 0x0000000080031f28
core   0: 0x000000008000ff36 (0x000097ba) c.add   a5, a4
core   0: 3 0x000000008000ff36 (0x97ba) x15 0x00000000800120dc
core   0: 0x000000008000ff38 (0xfe043703) ld      a4, -32(s0)
core   0: 3 0x000000008000ff38 (0xfe043703) x14 0x0000000080012054 mem 0x0000000080031f50
core   0: 0x000000008000ff3c (0xfcf76de3) bltu    a4, a5, pc - 38
core   0: 3 0x000000008000ff3c (0xfcf76de3)
core   0: 0x000000008000ff16 (0xfe043783) ld      a5, -32(s0)
core   0: 3 0x000000008000ff16 (0xfe043783) x15 0x0000000080012054 mem 0x0000000080031f50
core   0: 0x000000008000ff1a (0x00178713) addi    a4, a5, 1
core   0: 3 0x000000008000ff1a (0x00178713) x14 0x0000000080012055
core   0: 0x000000008000ff1e (0xfee43023) sd      a4, -32(s0)
core   0: 3 0x000000008000ff1e (0xfee43023) mem 0x0000000080031f50 0x0000000080012055
core   0: 0x000000008000ff22 (0xfc442703) lw      a4, -60(s0)
core   0: 3 0x000000008000ff22 (0xfc442703) x14 0x0000000000000000 mem 0x0000000080031f34
core   0: 0x000000008000ff26 (0x0ff77713) andi    a4, a4, 255
core   0: 3 0x000000008000ff26 (0x0ff77713) x14 0x0000000000000000
core   0: 0x000000008000ff2a (0x00e78023) sb      a4, 0(a5)
core   0: 3 0x000000008000ff2a (0x00e78023) mem 0x0000000080012054 0x00
core   0: 0x000000008000ff2e (0xfc843703) ld      a4, -56(s0)
core   0: 3 0x000000008000ff2e (0xfc843703) x14 0x0000000080012040 mem 0x0000000080031f38
core   0: 0x000000008000ff32 (0xfb843783) ld      a5, -72(s0)
core   0: 3 0x000000008000ff32 (0xfb843783) x15 0x000000000000009c mem 0x0000000080031f28
core   0: 0x000000008000ff36 (0x000097ba) c.add   a5, a4
core   0: 3 0x000000008000ff36 (0x97ba) x15 0x00000000800120dc
core   0: 0x000000008000ff38 (0xfe043703) ld      a4, -32(s0)
core   0: 3 0x000000008000ff38 (0xfe043703) x14 0x0000000080012055 mem 0x0000000080031f50
core   0: 0x000000008000ff3c (0xfcf76de3) bltu    a4, a5, pc - 38
core   0: 3 0x000000008000ff3c (0xfcf76de3)
core   0: 0x000000008000ff16 (0xfe043783) ld      a5, -32(s0)
core   0: 3 0x000000008000ff16 (0xfe043783) x15 0x0000000080012055 mem 0x0000000080031f50
core   0: 0x000000008000ff1a (0x00178713) addi    a4, a5, 1
core   0: 3 0x000000008000ff1a (0x00178713) x14 0x0000000080012056
core   0: 0x000000008000ff1e (0xfee43023) sd      a4, -32(s0)
core   0: 3 0x000000008000ff1e (0xfee43023) mem 0x0000000080031f50 0x0000000080012056
core   0: 0x000000008000ff22 (0xfc442703) lw      a4, -60(s0)
core   0: 3 0x000000008000ff22 (0xfc442703) x14 0x0000000000000000 mem 0x0000000080031f34
core   0: 0x000000008000ff26 (0x0ff77713) andi    a4, a4, 255
core   0: 3 0x000000008000ff26 (0x0ff77713) x14 0x0000000000000000
core   0: 0x000000008000ff2a (0x00e78023) sb      a4, 0(a5)
core   0: 3 0x000000008000ff2a (0x00e78023) mem 0x0000000080012055 0x00
core   0: 0x000000008000ff2e (0xfc843703) ld      a4, -56(s0)
core   0: 3 0x000000008000ff2e (0xfc843703) x14 0x0000000080012040 mem 0x0000000080031f38
core   0: 0x000000008000ff32 (0xfb843783) ld      a5, -72(s0)
core   0: 3 0x000000008000ff32 (0xfb843783) x15 0x000000000000009c mem 0x0000000080031f28
core   0: 0x000000008000ff36 (0x000097ba) c.add   a5, a4
core   0: 3 0x000000008000ff36 (0x97ba) x15 0x00000000800120dc
core   0: 0x000000008000ff38 (0xfe043703) ld      a4, -32(s0)
core   0: 3 0x000000008000ff38 (0xfe043703) x14 0x0000000080012056 mem 0x0000000080031f50
core   0: 0x000000008000ff3c (0xfcf76de3) bltu    a4, a5, pc - 38
core   0: 3 0x000000008000ff3c (0xfcf76de3)
core   0: 0x000000008000ff16 (0xfe043783) ld      a5, -32(s0)
core   0: 3 0x000000008000ff16 (0xfe043783) x15 0x0000000080012056 mem 0x0000000080031f50
core   0: 0x000000008000ff1a (0x00178713) addi    a4, a5, 1
core   0: 3 0x000000008000ff1a (0x00178713) x14 0x0000000080012057
core   0: 0x000000008000ff1e (0xfee43023) sd      a4, -32(s0)
core   0: 3 0x000000008000ff1e (0xfee43023) mem 0x0000000080031f50 0x0000000080012057
core   0: 0x000000008000ff22 (0xfc442703) lw      a4, -60(s0)
core   0: 3 0x000000008000ff22 (0xfc442703) x14 0x0000000000000000 mem 0x0000000080031f34
core   0: 0x000000008000ff26 (0x0ff77713) andi    a4, a4, 255
core   0: 3 0x000000008000ff26 (0x0ff77713) x14 0x0000000000000000
core   0: 0x000000008000ff2a (0x00e78023) sb      a4, 0(a5)
core   0: 3 0x000000008000ff2a (0x00e78023) mem 0x0000000080012056 0x00
core   0: 0x000000008000ff2e (0xfc843703) ld      a4, -56(s0)
core   0: 3 0x000000008000ff2e (0xfc843703) x14 0x0000000080012040 mem 0x0000000080031f38
core   0: 0x000000008000ff32 (0xfb843783) ld      a5, -72(s0)
core   0: 3 0x000000008000ff32 (0xfb843783) x15 0x000000000000009c mem 0x0000000080031f28
core   0: 0x000000008000ff36 (0x000097ba) c.add   a5, a4
core   0: 3 0x000000008000ff36 (0x97ba) x15 0x00000000800120dc
core   0: 0x000000008000ff38 (0xfe043703) ld      a4, -32(s0)
core   0: 3 0x000000008000ff38 (0xfe043703) x14 0x0000000080012057 mem 0x0000000080031f50
core   0: 0x000000008000ff3c (0xfcf76de3) bltu    a4, a5, pc - 38
core   0: 3 0x000000008000ff3c (0xfcf76de3)
core   0: 0x000000008000ff16 (0xfe043783) ld      a5, -32(s0)
core   0: 3 0x000000008000ff16 (0xfe043783) x15 0x0000000080012057 mem 0x0000000080031f50
core   0: 0x000000008000ff1a (0x00178713) addi    a4, a5, 1
core   0: 3 0x000000008000ff1a (0x00178713) x14 0x0000000080012058
core   0: 0x000000008000ff1e (0xfee43023) sd      a4, -32(s0)
core   0: 3 0x000000008000ff1e (0xfee43023) mem 0x0000000080031f50 0x0000000080012058
core   0: 0x000000008000ff22 (0xfc442703) lw      a4, -60(s0)
core   0: 3 0x000000008000ff22 (0xfc442703) x14 0x0000000000000000 mem 0x0000000080031f34
core   0: 0x000000008000ff26 (0x0ff77713) andi    a4, a4, 255
core   0: 3 0x000000008000ff26 (0x0ff77713) x14 0x0000000000000000
core   0: 0x000000008000ff2a (0x00e78023) sb      a4, 0(a5)
core   0: 3 0x000000008000ff2a (0x00e78023) mem 0x0000000080012057 0x00
core   0: 0x000000008000ff2e (0xfc843703) ld      a4, -56(s0)
core   0: 3 0x000000008000ff2e (0xfc843703) x14 0x0000000080012040 mem 0x0000000080031f38
core   0: 0x000000008000ff32 (0xfb843783) ld      a5, -72(s0)
core   0: 3 0x000000008000ff32 (0xfb843783) x15 0x000000000000009c mem 0x0000000080031f28
core   0: 0x000000008000ff36 (0x000097ba) c.add   a5, a4
core   0: 3 0x000000008000ff36 (0x97ba) x15 0x00000000800120dc
core   0: 0x000000008000ff38 (0xfe043703) ld      a4, -32(s0)
core   0: 3 0x000000008000ff38 (0xfe043703) x14 0x0000000080012058 mem 0x0000000080031f50
core   0: 0x000000008000ff3c (0xfcf76de3) bltu    a4, a5, pc - 38
core   0: 3 0x000000008000ff3c (0xfcf76de3)
core   0: 0x000000008000ff16 (0xfe043783) ld      a5, -32(s0)
core   0: 3 0x000000008000ff16 (0xfe043783) x15 0x0000000080012058 mem 0x0000000080031f50
core   0: 0x000000008000ff1a (0x00178713) addi    a4, a5, 1
core   0: 3 0x000000008000ff1a (0x00178713) x14 0x0000000080012059
core   0: 0x000000008000ff1e (0xfee43023) sd      a4, -32(s0)
core   0: 3 0x000000008000ff1e (0xfee43023) mem 0x0000000080031f50 0x0000000080012059
core   0: 0x000000008000ff22 (0xfc442703) lw      a4, -60(s0)
core   0: 3 0x000000008000ff22 (0xfc442703) x14 0x0000000000000000 mem 0x0000000080031f34
core   0: 0x000000008000ff26 (0x0ff77713) andi    a4, a4, 255
core   0: 3 0x000000008000ff26 (0x0ff77713) x14 0x0000000000000000
core   0: 0x000000008000ff2a (0x00e78023) sb      a4, 0(a5)
core   0: 3 0x000000008000ff2a (0x00e78023) mem 0x0000000080012058 0x00
core   0: 0x000000008000ff2e (0xfc843703) ld      a4, -56(s0)
core   0: 3 0x000000008000ff2e (0xfc843703) x14 0x0000000080012040 mem 0x0000000080031f38
core   0: 0x000000008000ff32 (0xfb843783) ld      a5, -72(s0)
core   0: 3 0x000000008000ff32 (0xfb843783) x15 0x000000000000009c mem 0x0000000080031f28
core   0: 0x000000008000ff36 (0x000097ba) c.add   a5, a4
core   0: 3 0x000000008000ff36 (0x97ba) x15 0x00000000800120dc
core   0: 0x000000008000ff38 (0xfe043703) ld      a4, -32(s0)
core   0: 3 0x000000008000ff38 (0xfe043703) x14 0x0000000080012059 mem 0x0000000080031f50
core   0: 0x000000008000ff3c (0xfcf76de3) bltu    a4, a5, pc - 38
core   0: 3 0x000000008000ff3c (0xfcf76de3)
core   0: 0x000000008000ff16 (0xfe043783) ld      a5, -32(s0)
core   0: 3 0x000000008000ff16 (0xfe043783) x15 0x0000000080012059 mem 0x0000000080031f50
core   0: 0x000000008000ff1a (0x00178713) addi    a4, a5, 1
core   0: 3 0x000000008000ff1a (0x00178713) x14 0x000000008001205a
core   0: 0x000000008000ff1e (0xfee43023) sd      a4, -32(s0)
core   0: 3 0x000000008000ff1e (0xfee43023) mem 0x0000000080031f50 0x000000008001205a
core   0: 0x000000008000ff22 (0xfc442703) lw      a4, -60(s0)
core   0: 3 0x000000008000ff22 (0xfc442703) x14 0x0000000000000000 mem 0x0000000080031f34
core   0: 0x000000008000ff26 (0x0ff77713) andi    a4, a4, 255
core   0: 3 0x000000008000ff26 (0x0ff77713) x14 0x0000000000000000
core   0: 0x000000008000ff2a (0x00e78023) sb      a4, 0(a5)
core   0: 3 0x000000008000ff2a (0x00e78023) mem 0x0000000080012059 0x00
core   0: 0x000000008000ff2e (0xfc843703) ld      a4, -56(s0)
core   0: 3 0x000000008000ff2e (0xfc843703) x14 0x0000000080012040 mem 0x0000000080031f38
core   0: 0x000000008000ff32 (0xfb843783) ld      a5, -72(s0)
core   0: 3 0x000000008000ff32 (0xfb843783) x15 0x000000000000009c mem 0x0000000080031f28
core   0: 0x000000008000ff36 (0x000097ba) c.add   a5, a4
core   0: 3 0x000000008000ff36 (0x97ba) x15 0x00000000800120dc
core   0: 0x000000008000ff38 (0xfe043703) ld      a4, -32(s0)
core   0: 3 0x000000008000ff38 (0xfe043703) x14 0x000000008001205a mem 0x0000000080031f50
core   0: 0x000000008000ff3c (0xfcf76de3) bltu    a4, a5, pc - 38
core   0: 3 0x000000008000ff3c (0xfcf76de3)
core   0: 0x000000008000ff16 (0xfe043783) ld      a5, -32(s0)
core   0: 3 0x000000008000ff16 (0xfe043783) x15 0x000000008001205a mem 0x0000000080031f50
core   0: 0x000000008000ff1a (0x00178713) addi    a4, a5, 1
core   0: 3 0x000000008000ff1a (0x00178713) x14 0x000000008001205b
core   0: 0x000000008000ff1e (0xfee43023) sd      a4, -32(s0)
core   0: 3 0x000000008000ff1e (0xfee43023) mem 0x0000000080031f50 0x000000008001205b
core   0: 0x000000008000ff22 (0xfc442703) lw      a4, -60(s0)
core   0: 3 0x000000008000ff22 (0xfc442703) x14 0x0000000000000000 mem 0x0000000080031f34
core   0: 0x000000008000ff26 (0x0ff77713) andi    a4, a4, 255
core   0: 3 0x000000008000ff26 (0x0ff77713) x14 0x0000000000000000
core   0: 0x000000008000ff2a (0x00e78023) sb      a4, 0(a5)
core   0: 3 0x000000008000ff2a (0x00e78023) mem 0x000000008001205a 0x00
core   0: 0x000000008000ff2e (0xfc843703) ld      a4, -56(s0)
core   0: 3 0x000000008000ff2e (0xfc843703) x14 0x0000000080012040 mem 0x0000000080031f38
core   0: 0x000000008000ff32 (0xfb843783) ld      a5, -72(s0)
core   0: 3 0x000000008000ff32 (0xfb843783) x15 0x000000000000009c mem 0x0000000080031f28
core   0: 0x000000008000ff36 (0x000097ba) c.add   a5, a4
core   0: 3 0x000000008000ff36 (0x97ba) x15 0x00000000800120dc
core   0: 0x000000008000ff38 (0xfe043703) ld      a4, -32(s0)
core   0: 3 0x000000008000ff38 (0xfe043703) x14 0x000000008001205b mem 0x0000000080031f50
core   0: 0x000000008000ff3c (0xfcf76de3) bltu    a4, a5, pc - 38
core   0: 3 0x000000008000ff3c (0xfcf76de3)
core   0: 0x000000008000ff16 (0xfe043783) ld      a5, -32(s0)
core   0: 3 0x000000008000ff16 (0xfe043783) x15 0x000000008001205b mem 0x0000000080031f50
core   0: 0x000000008000ff1a (0x00178713) addi    a4, a5, 1
core   0: 3 0x000000008000ff1a (0x00178713) x14 0x000000008001205c
core   0: 0x000000008000ff1e (0xfee43023) sd      a4, -32(s0)
core   0: 3 0x000000008000ff1e (0xfee43023) mem 0x0000000080031f50 0x000000008001205c
core   0: 0x000000008000ff22 (0xfc442703) lw      a4, -60(s0)
core   0: 3 0x000000008000ff22 (0xfc442703) x14 0x0000000000000000 mem 0x0000000080031f34
core   0: 0x000000008000ff26 (0x0ff77713) andi    a4, a4, 255
core   0: 3 0x000000008000ff26 (0x0ff77713) x14 0x0000000000000000
core   0: 0x000000008000ff2a (0x00e78023) sb      a4, 0(a5)
core   0: 3 0x000000008000ff2a (0x00e78023) mem 0x000000008001205b 0x00
core   0: 0x000000008000ff2e (0xfc843703) ld      a4, -56(s0)
core   0: 3 0x000000008000ff2e (0xfc843703) x14 0x0000000080012040 mem 0x0000000080031f38
core   0: 0x000000008000ff32 (0xfb843783) ld      a5, -72(s0)
core   0: 3 0x000000008000ff32 (0xfb843783) x15 0x000000000000009c mem 0x0000000080031f28
core   0: 0x000000008000ff36 (0x000097ba) c.add   a5, a4
core   0: 3 0x000000008000ff36 (0x97ba) x15 0x00000000800120dc
core   0: 0x000000008000ff38 (0xfe043703) ld      a4, -32(s0)
core   0: 3 0x000000008000ff38 (0xfe043703) x14 0x000000008001205c mem 0x0000000080031f50
core   0: 0x000000008000ff3c (0xfcf76de3) bltu    a4, a5, pc - 38
core   0: 3 0x000000008000ff3c (0xfcf76de3)
core   0: 0x000000008000ff16 (0xfe043783) ld      a5, -32(s0)
core   0: 3 0x000000008000ff16 (0xfe043783) x15 0x000000008001205c mem 0x0000000080031f50
core   0: 0x000000008000ff1a (0x00178713) addi    a4, a5, 1
core   0: 3 0x000000008000ff1a (0x00178713) x14 0x000000008001205d
core   0: 0x000000008000ff1e (0xfee43023) sd      a4, -32(s0)
core   0: 3 0x000000008000ff1e (0xfee43023) mem 0x0000000080031f50 0x000000008001205d
core   0: 0x000000008000ff22 (0xfc442703) lw      a4, -60(s0)
core   0: 3 0x000000008000ff22 (0xfc442703) x14 0x0000000000000000 mem 0x0000000080031f34
core   0: 0x000000008000ff26 (0x0ff77713) andi    a4, a4, 255
core   0: 3 0x000000008000ff26 (0x0ff77713) x14 0x0000000000000000
core   0: 0x000000008000ff2a (0x00e78023) sb      a4, 0(a5)
core   0: 3 0x000000008000ff2a (0x00e78023) mem 0x000000008001205c 0x00
core   0: 0x000000008000ff2e (0xfc843703) ld      a4, -56(s0)
core   0: 3 0x000000008000ff2e (0xfc843703) x14 0x0000000080012040 mem 0x0000000080031f38
core   0: 0x000000008000ff32 (0xfb843783) ld      a5, -72(s0)
core   0: 3 0x000000008000ff32 (0xfb843783) x15 0x000000000000009c mem 0x0000000080031f28
core   0: 0x000000008000ff36 (0x000097ba) c.add   a5, a4
core   0: 3 0x000000008000ff36 (0x97ba) x15 0x00000000800120dc
core   0: 0x000000008000ff38 (0xfe043703) ld      a4, -32(s0)
core   0: 3 0x000000008000ff38 (0xfe043703) x14 0x000000008001205d mem 0x0000000080031f50
core   0: 0x000000008000ff3c (0xfcf76de3) bltu    a4, a5, pc - 38
core   0: 3 0x000000008000ff3c (0xfcf76de3)
core   0: 0x000000008000ff16 (0xfe043783) ld      a5, -32(s0)
core   0: 3 0x000000008000ff16 (0xfe043783) x15 0x000000008001205d mem 0x0000000080031f50
core   0: 0x000000008000ff1a (0x00178713) addi    a4, a5, 1
core   0: 3 0x000000008000ff1a (0x00178713) x14 0x000000008001205e
core   0: 0x000000008000ff1e (0xfee43023) sd      a4, -32(s0)
core   0: 3 0x000000008000ff1e (0xfee43023) mem 0x0000000080031f50 0x000000008001205e
core   0: 0x000000008000ff22 (0xfc442703) lw      a4, -60(s0)
core   0: 3 0x000000008000ff22 (0xfc442703) x14 0x0000000000000000 mem 0x0000000080031f34
core   0: 0x000000008000ff26 (0x0ff77713) andi    a4, a4, 255
core   0: 3 0x000000008000ff26 (0x0ff77713) x14 0x0000000000000000
core   0: 0x000000008000ff2a (0x00e78023) sb      a4, 0(a5)
core   0: 3 0x000000008000ff2a (0x00e78023) mem 0x000000008001205d 0x00
core   0: 0x000000008000ff2e (0xfc843703) ld      a4, -56(s0)
core   0: 3 0x000000008000ff2e (0xfc843703) x14 0x0000000080012040 mem 0x0000000080031f38
core   0: 0x000000008000ff32 (0xfb843783) ld      a5, -72(s0)
core   0: 3 0x000000008000ff32 (0xfb843783) x15 0x000000000000009c mem 0x0000000080031f28
core   0: 0x000000008000ff36 (0x000097ba) c.add   a5, a4
core   0: 3 0x000000008000ff36 (0x97ba) x15 0x00000000800120dc
core   0: 0x000000008000ff38 (0xfe043703) ld      a4, -32(s0)
core   0: 3 0x000000008000ff38 (0xfe043703) x14 0x000000008001205e mem 0x0000000080031f50
core   0: 0x000000008000ff3c (0xfcf76de3) bltu    a4, a5, pc - 38
core   0: 3 0x000000008000ff3c (0xfcf76de3)
core   0: 0x000000008000ff16 (0xfe043783) ld      a5, -32(s0)
core   0: 3 0x000000008000ff16 (0xfe043783) x15 0x000000008001205e mem 0x0000000080031f50
core   0: 0x000000008000ff1a (0x00178713) addi    a4, a5, 1
core   0: 3 0x000000008000ff1a (0x00178713) x14 0x000000008001205f
core   0: 0x000000008000ff1e (0xfee43023) sd      a4, -32(s0)
core   0: 3 0x000000008000ff1e (0xfee43023) mem 0x0000000080031f50 0x000000008001205f
core   0: 0x000000008000ff22 (0xfc442703) lw      a4, -60(s0)
core   0: 3 0x000000008000ff22 (0xfc442703) x14 0x0000000000000000 mem 0x0000000080031f34
core   0: 0x000000008000ff26 (0x0ff77713) andi    a4, a4, 255
core   0: 3 0x000000008000ff26 (0x0ff77713) x14 0x0000000000000000
core   0: 0x000000008000ff2a (0x00e78023) sb      a4, 0(a5)
core   0: 3 0x000000008000ff2a (0x00e78023) mem 0x000000008001205e 0x00
core   0: 0x000000008000ff2e (0xfc843703) ld      a4, -56(s0)
core   0: 3 0x000000008000ff2e (0xfc843703) x14 0x0000000080012040 mem 0x0000000080031f38
core   0: 0x000000008000ff32 (0xfb843783) ld      a5, -72(s0)
core   0: 3 0x000000008000ff32 (0xfb843783) x15 0x000000000000009c mem 0x0000000080031f28
core   0: 0x000000008000ff36 (0x000097ba) c.add   a5, a4
core   0: 3 0x000000008000ff36 (0x97ba) x15 0x00000000800120dc
core   0: 0x000000008000ff38 (0xfe043703) ld      a4, -32(s0)
core   0: 3 0x000000008000ff38 (0xfe043703) x14 0x000000008001205f mem 0x0000000080031f50
core   0: 0x000000008000ff3c (0xfcf76de3) bltu    a4, a5, pc - 38
core   0: 3 0x000000008000ff3c (0xfcf76de3)
core   0: 0x000000008000ff16 (0xfe043783) ld      a5, -32(s0)
core   0: 3 0x000000008000ff16 (0xfe043783) x15 0x000000008001205f mem 0x0000000080031f50
core   0: 0x000000008000ff1a (0x00178713) addi    a4, a5, 1
core   0: 3 0x000000008000ff1a (0x00178713) x14 0x0000000080012060
core   0: 0x000000008000ff1e (0xfee43023) sd      a4, -32(s0)
core   0: 3 0x000000008000ff1e (0xfee43023) mem 0x0000000080031f50 0x0000000080012060
core   0: 0x000000008000ff22 (0xfc442703) lw      a4, -60(s0)
core   0: 3 0x000000008000ff22 (0xfc442703) x14 0x0000000000000000 mem 0x0000000080031f34
core   0: 0x000000008000ff26 (0x0ff77713) andi    a4, a4, 255
core   0: 3 0x000000008000ff26 (0x0ff77713) x14 0x0000000000000000
core   0: 0x000000008000ff2a (0x00e78023) sb      a4, 0(a5)
core   0: 3 0x000000008000ff2a (0x00e78023) mem 0x000000008001205f 0x00
core   0: 0x000000008000ff2e (0xfc843703) ld      a4, -56(s0)
core   0: 3 0x000000008000ff2e (0xfc843703) x14 0x0000000080012040 mem 0x0000000080031f38
core   0: 0x000000008000ff32 (0xfb843783) ld      a5, -72(s0)
core   0: 3 0x000000008000ff32 (0xfb843783) x15 0x000000000000009c mem 0x0000000080031f28
core   0: 0x000000008000ff36 (0x000097ba) c.add   a5, a4
core   0: 3 0x000000008000ff36 (0x97ba) x15 0x00000000800120dc
core   0: 0x000000008000ff38 (0xfe043703) ld      a4, -32(s0)
core   0: 3 0x000000008000ff38 (0xfe043703) x14 0x0000000080012060 mem 0x0000000080031f50
core   0: 0x000000008000ff3c (0xfcf76de3) bltu    a4, a5, pc - 38
core   0: 3 0x000000008000ff3c (0xfcf76de3)
core   0: 0x000000008000ff16 (0xfe043783) ld      a5, -32(s0)
core   0: 3 0x000000008000ff16 (0xfe043783) x15 0x0000000080012060 mem 0x0000000080031f50
core   0: 0x000000008000ff1a (0x00178713) addi    a4, a5, 1
core   0: 3 0x000000008000ff1a (0x00178713) x14 0x0000000080012061
core   0: 0x000000008000ff1e (0xfee43023) sd      a4, -32(s0)
core   0: 3 0x000000008000ff1e (0xfee43023) mem 0x0000000080031f50 0x0000000080012061
core   0: 0x000000008000ff22 (0xfc442703) lw      a4, -60(s0)
core   0: 3 0x000000008000ff22 (0xfc442703) x14 0x0000000000000000 mem 0x0000000080031f34
core   0: 0x000000008000ff26 (0x0ff77713) andi    a4, a4, 255
core   0: 3 0x000000008000ff26 (0x0ff77713) x14 0x0000000000000000
core   0: 0x000000008000ff2a (0x00e78023) sb      a4, 0(a5)
core   0: 3 0x000000008000ff2a (0x00e78023) mem 0x0000000080012060 0x00
core   0: 0x000000008000ff2e (0xfc843703) ld      a4, -56(s0)
core   0: 3 0x000000008000ff2e (0xfc843703) x14 0x0000000080012040 mem 0x0000000080031f38
core   0: 0x000000008000ff32 (0xfb843783) ld      a5, -72(s0)
core   0: 3 0x000000008000ff32 (0xfb843783) x15 0x000000000000009c mem 0x0000000080031f28
core   0: 0x000000008000ff36 (0x000097ba) c.add   a5, a4
core   0: 3 0x000000008000ff36 (0x97ba) x15 0x00000000800120dc
core   0: 0x000000008000ff38 (0xfe043703) ld      a4, -32(s0)
core   0: 3 0x000000008000ff38 (0xfe043703) x14 0x0000000080012061 mem 0x0000000080031f50
core   0: 0x000000008000ff3c (0xfcf76de3) bltu    a4, a5, pc - 38
core   0: 3 0x000000008000ff3c (0xfcf76de3)
core   0: 0x000000008000ff16 (0xfe043783) ld      a5, -32(s0)
core   0: 3 0x000000008000ff16 (0xfe043783) x15 0x0000000080012061 mem 0x0000000080031f50
core   0: 0x000000008000ff1a (0x00178713) addi    a4, a5, 1
core   0: 3 0x000000008000ff1a (0x00178713) x14 0x0000000080012062
core   0: 0x000000008000ff1e (0xfee43023) sd      a4, -32(s0)
core   0: 3 0x000000008000ff1e (0xfee43023) mem 0x0000000080031f50 0x0000000080012062
core   0: 0x000000008000ff22 (0xfc442703) lw      a4, -60(s0)
core   0: 3 0x000000008000ff22 (0xfc442703) x14 0x0000000000000000 mem 0x0000000080031f34
core   0: 0x000000008000ff26 (0x0ff77713) andi    a4, a4, 255
core   0: 3 0x000000008000ff26 (0x0ff77713) x14 0x0000000000000000
core   0: 0x000000008000ff2a (0x00e78023) sb      a4, 0(a5)
core   0: 3 0x000000008000ff2a (0x00e78023) mem 0x0000000080012061 0x00
core   0: 0x000000008000ff2e (0xfc843703) ld      a4, -56(s0)
core   0: 3 0x000000008000ff2e (0xfc843703) x14 0x0000000080012040 mem 0x0000000080031f38
core   0: 0x000000008000ff32 (0xfb843783) ld      a5, -72(s0)
core   0: 3 0x000000008000ff32 (0xfb843783) x15 0x000000000000009c mem 0x0000000080031f28
core   0: 0x000000008000ff36 (0x000097ba) c.add   a5, a4
core   0: 3 0x000000008000ff36 (0x97ba) x15 0x00000000800120dc
core   0: 0x000000008000ff38 (0xfe043703) ld      a4, -32(s0)
core   0: 3 0x000000008000ff38 (0xfe043703) x14 0x0000000080012062 mem 0x0000000080031f50
core   0: 0x000000008000ff3c (0xfcf76de3) bltu    a4, a5, pc - 38
core   0: 3 0x000000008000ff3c (0xfcf76de3)
core   0: 0x000000008000ff16 (0xfe043783) ld      a5, -32(s0)
core   0: 3 0x000000008000ff16 (0xfe043783) x15 0x0000000080012062 mem 0x0000000080031f50
core   0: 0x000000008000ff1a (0x00178713) addi    a4, a5, 1
core   0: 3 0x000000008000ff1a (0x00178713) x14 0x0000000080012063
core   0: 0x000000008000ff1e (0xfee43023) sd      a4, -32(s0)
core   0: 3 0x000000008000ff1e (0xfee43023) mem 0x0000000080031f50 0x0000000080012063
core   0: 0x000000008000ff22 (0xfc442703) lw      a4, -60(s0)
core   0: 3 0x000000008000ff22 (0xfc442703) x14 0x0000000000000000 mem 0x0000000080031f34
core   0: 0x000000008000ff26 (0x0ff77713) andi    a4, a4, 255
core   0: 3 0x000000008000ff26 (0x0ff77713) x14 0x0000000000000000
core   0: 0x000000008000ff2a (0x00e78023) sb      a4, 0(a5)
core   0: 3 0x000000008000ff2a (0x00e78023) mem 0x0000000080012062 0x00
core   0: 0x000000008000ff2e (0xfc843703) ld      a4, -56(s0)
core   0: 3 0x000000008000ff2e (0xfc843703) x14 0x0000000080012040 mem 0x0000000080031f38
core   0: 0x000000008000ff32 (0xfb843783) ld      a5, -72(s0)
core   0: 3 0x000000008000ff32 (0xfb843783) x15 0x000000000000009c mem 0x0000000080031f28
core   0: 0x000000008000ff36 (0x000097ba) c.add   a5, a4
core   0: 3 0x000000008000ff36 (0x97ba) x15 0x00000000800120dc
core   0: 0x000000008000ff38 (0xfe043703) ld      a4, -32(s0)
core   0: 3 0x000000008000ff38 (0xfe043703) x14 0x0000000080012063 mem 0x0000000080031f50
core   0: 0x000000008000ff3c (0xfcf76de3) bltu    a4, a5, pc - 38
core   0: 3 0x000000008000ff3c (0xfcf76de3)
core   0: 0x000000008000ff16 (0xfe043783) ld      a5, -32(s0)
core   0: 3 0x000000008000ff16 (0xfe043783) x15 0x0000000080012063 mem 0x0000000080031f50
core   0: 0x000000008000ff1a (0x00178713) addi    a4, a5, 1
core   0: 3 0x000000008000ff1a (0x00178713) x14 0x0000000080012064
core   0: 0x000000008000ff1e (0xfee43023) sd      a4, -32(s0)
core   0: 3 0x000000008000ff1e (0xfee43023) mem 0x0000000080031f50 0x0000000080012064
core   0: 0x000000008000ff22 (0xfc442703) lw      a4, -60(s0)
core   0: 3 0x000000008000ff22 (0xfc442703) x14 0x0000000000000000 mem 0x0000000080031f34
core   0: 0x000000008000ff26 (0x0ff77713) andi    a4, a4, 255
core   0: 3 0x000000008000ff26 (0x0ff77713) x14 0x0000000000000000
core   0: 0x000000008000ff2a (0x00e78023) sb      a4, 0(a5)
core   0: 3 0x000000008000ff2a (0x00e78023) mem 0x0000000080012063 0x00
core   0: 0x000000008000ff2e (0xfc843703) ld      a4, -56(s0)
core   0: 3 0x000000008000ff2e (0xfc843703) x14 0x0000000080012040 mem 0x0000000080031f38
core   0: 0x000000008000ff32 (0xfb843783) ld      a5, -72(s0)
core   0: 3 0x000000008000ff32 (0xfb843783) x15 0x000000000000009c mem 0x0000000080031f28
core   0: 0x000000008000ff36 (0x000097ba) c.add   a5, a4
core   0: 3 0x000000008000ff36 (0x97ba) x15 0x00000000800120dc
core   0: 0x000000008000ff38 (0xfe043703) ld      a4, -32(s0)
core   0: 3 0x000000008000ff38 (0xfe043703) x14 0x0000000080012064 mem 0x0000000080031f50
core   0: 0x000000008000ff3c (0xfcf76de3) bltu    a4, a5, pc - 38
core   0: 3 0x000000008000ff3c (0xfcf76de3)
core   0: 0x000000008000ff16 (0xfe043783) ld      a5, -32(s0)
core   0: 3 0x000000008000ff16 (0xfe043783) x15 0x0000000080012064 mem 0x0000000080031f50
core   0: 0x000000008000ff1a (0x00178713) addi    a4, a5, 1
core   0: 3 0x000000008000ff1a (0x00178713) x14 0x0000000080012065
core   0: 0x000000008000ff1e (0xfee43023) sd      a4, -32(s0)
core   0: 3 0x000000008000ff1e (0xfee43023) mem 0x0000000080031f50 0x0000000080012065
core   0: 0x000000008000ff22 (0xfc442703) lw      a4, -60(s0)
core   0: 3 0x000000008000ff22 (0xfc442703) x14 0x0000000000000000 mem 0x0000000080031f34
core   0: 0x000000008000ff26 (0x0ff77713) andi    a4, a4, 255
core   0: 3 0x000000008000ff26 (0x0ff77713) x14 0x0000000000000000
core   0: 0x000000008000ff2a (0x00e78023) sb      a4, 0(a5)
core   0: 3 0x000000008000ff2a (0x00e78023) mem 0x0000000080012064 0x00
core   0: 0x000000008000ff2e (0xfc843703) ld      a4, -56(s0)
core   0: 3 0x000000008000ff2e (0xfc843703) x14 0x0000000080012040 mem 0x0000000080031f38
core   0: 0x000000008000ff32 (0xfb843783) ld      a5, -72(s0)
core   0: 3 0x000000008000ff32 (0xfb843783) x15 0x000000000000009c mem 0x0000000080031f28
core   0: 0x000000008000ff36 (0x000097ba) c.add   a5, a4
core   0: 3 0x000000008000ff36 (0x97ba) x15 0x00000000800120dc
core   0: 0x000000008000ff38 (0xfe043703) ld      a4, -32(s0)
core   0: 3 0x000000008000ff38 (0xfe043703) x14 0x0000000080012065 mem 0x0000000080031f50
core   0: 0x000000008000ff3c (0xfcf76de3) bltu    a4, a5, pc - 38
core   0: 3 0x000000008000ff3c (0xfcf76de3)
core   0: 0x000000008000ff16 (0xfe043783) ld      a5, -32(s0)
core   0: 3 0x000000008000ff16 (0xfe043783) x15 0x0000000080012065 mem 0x0000000080031f50
core   0: 0x000000008000ff1a (0x00178713) addi    a4, a5, 1
core   0: 3 0x000000008000ff1a (0x00178713) x14 0x0000000080012066
core   0: 0x000000008000ff1e (0xfee43023) sd      a4, -32(s0)
core   0: 3 0x000000008000ff1e (0xfee43023) mem 0x0000000080031f50 0x0000000080012066
core   0: 0x000000008000ff22 (0xfc442703) lw      a4, -60(s0)
core   0: 3 0x000000008000ff22 (0xfc442703) x14 0x0000000000000000 mem 0x0000000080031f34
core   0: 0x000000008000ff26 (0x0ff77713) andi    a4, a4, 255
core   0: 3 0x000000008000ff26 (0x0ff77713) x14 0x0000000000000000
core   0: 0x000000008000ff2a (0x00e78023) sb      a4, 0(a5)
core   0: 3 0x000000008000ff2a (0x00e78023) mem 0x0000000080012065 0x00
core   0: 0x000000008000ff2e (0xfc843703) ld      a4, -56(s0)
core   0: 3 0x000000008000ff2e (0xfc843703) x14 0x0000000080012040 mem 0x0000000080031f38
core   0: 0x000000008000ff32 (0xfb843783) ld      a5, -72(s0)
core   0: 3 0x000000008000ff32 (0xfb843783) x15 0x000000000000009c mem 0x0000000080031f28
core   0: 0x000000008000ff36 (0x000097ba) c.add   a5, a4
core   0: 3 0x000000008000ff36 (0x97ba) x15 0x00000000800120dc
core   0: 0x000000008000ff38 (0xfe043703) ld      a4, -32(s0)
core   0: 3 0x000000008000ff38 (0xfe043703) x14 0x0000000080012066 mem 0x0000000080031f50
core   0: 0x000000008000ff3c (0xfcf76de3) bltu    a4, a5, pc - 38
core   0: 3 0x000000008000ff3c (0xfcf76de3)
core   0: 0x000000008000ff16 (0xfe043783) ld      a5, -32(s0)
core   0: 3 0x000000008000ff16 (0xfe043783) x15 0x0000000080012066 mem 0x0000000080031f50
core   0: 0x000000008000ff1a (0x00178713) addi    a4, a5, 1
core   0: 3 0x000000008000ff1a (0x00178713) x14 0x0000000080012067
core   0: 0x000000008000ff1e (0xfee43023) sd      a4, -32(s0)
core   0: 3 0x000000008000ff1e (0xfee43023) mem 0x0000000080031f50 0x0000000080012067
core   0: 0x000000008000ff22 (0xfc442703) lw      a4, -60(s0)
core   0: 3 0x000000008000ff22 (0xfc442703) x14 0x0000000000000000 mem 0x0000000080031f34
core   0: 0x000000008000ff26 (0x0ff77713) andi    a4, a4, 255
core   0: 3 0x000000008000ff26 (0x0ff77713) x14 0x0000000000000000
core   0: 0x000000008000ff2a (0x00e78023) sb      a4, 0(a5)
core   0: 3 0x000000008000ff2a (0x00e78023) mem 0x0000000080012066 0x00
core   0: 0x000000008000ff2e (0xfc843703) ld      a4, -56(s0)
core   0: 3 0x000000008000ff2e (0xfc843703) x14 0x0000000080012040 mem 0x0000000080031f38
core   0: 0x000000008000ff32 (0xfb843783) ld      a5, -72(s0)
core   0: 3 0x000000008000ff32 (0xfb843783) x15 0x000000000000009c mem 0x0000000080031f28
core   0: 0x000000008000ff36 (0x000097ba) c.add   a5, a4
core   0: 3 0x000000008000ff36 (0x97ba) x15 0x00000000800120dc
core   0: 0x000000008000ff38 (0xfe043703) ld      a4, -32(s0)
core   0: 3 0x000000008000ff38 (0xfe043703) x14 0x0000000080012067 mem 0x0000000080031f50
core   0: 0x000000008000ff3c (0xfcf76de3) bltu    a4, a5, pc - 38
core   0: 3 0x000000008000ff3c (0xfcf76de3)
core   0: 0x000000008000ff16 (0xfe043783) ld      a5, -32(s0)
core   0: 3 0x000000008000ff16 (0xfe043783) x15 0x0000000080012067 mem 0x0000000080031f50
core   0: 0x000000008000ff1a (0x00178713) addi    a4, a5, 1
core   0: 3 0x000000008000ff1a (0x00178713) x14 0x0000000080012068
core   0: 0x000000008000ff1e (0xfee43023) sd      a4, -32(s0)
core   0: 3 0x000000008000ff1e (0xfee43023) mem 0x0000000080031f50 0x0000000080012068
core   0: 0x000000008000ff22 (0xfc442703) lw      a4, -60(s0)
core   0: 3 0x000000008000ff22 (0xfc442703) x14 0x0000000000000000 mem 0x0000000080031f34
core   0: 0x000000008000ff26 (0x0ff77713) andi    a4, a4, 255
core   0: 3 0x000000008000ff26 (0x0ff77713) x14 0x0000000000000000
core   0: 0x000000008000ff2a (0x00e78023) sb      a4, 0(a5)
core   0: 3 0x000000008000ff2a (0x00e78023) mem 0x0000000080012067 0x00
core   0: 0x000000008000ff2e (0xfc843703) ld      a4, -56(s0)
core   0: 3 0x000000008000ff2e (0xfc843703) x14 0x0000000080012040 mem 0x0000000080031f38
core   0: 0x000000008000ff32 (0xfb843783) ld      a5, -72(s0)
core   0: 3 0x000000008000ff32 (0xfb843783) x15 0x000000000000009c mem 0x0000000080031f28
core   0: 0x000000008000ff36 (0x000097ba) c.add   a5, a4
core   0: 3 0x000000008000ff36 (0x97ba) x15 0x00000000800120dc
core   0: 0x000000008000ff38 (0xfe043703) ld      a4, -32(s0)
core   0: 3 0x000000008000ff38 (0xfe043703) x14 0x0000000080012068 mem 0x0000000080031f50
core   0: 0x000000008000ff3c (0xfcf76de3) bltu    a4, a5, pc - 38
core   0: 3 0x000000008000ff3c (0xfcf76de3)
core   0: 0x000000008000ff16 (0xfe043783) ld      a5, -32(s0)
core   0: 3 0x000000008000ff16 (0xfe043783) x15 0x0000000080012068 mem 0x0000000080031f50
core   0: 0x000000008000ff1a (0x00178713) addi    a4, a5, 1
core   0: 3 0x000000008000ff1a (0x00178713) x14 0x0000000080012069
core   0: 0x000000008000ff1e (0xfee43023) sd      a4, -32(s0)
core   0: 3 0x000000008000ff1e (0xfee43023) mem 0x0000000080031f50 0x0000000080012069
core   0: 0x000000008000ff22 (0xfc442703) lw      a4, -60(s0)
core   0: 3 0x000000008000ff22 (0xfc442703) x14 0x0000000000000000 mem 0x0000000080031f34
core   0: 0x000000008000ff26 (0x0ff77713) andi    a4, a4, 255
core   0: 3 0x000000008000ff26 (0x0ff77713) x14 0x0000000000000000
core   0: 0x000000008000ff2a (0x00e78023) sb      a4, 0(a5)
core   0: 3 0x000000008000ff2a (0x00e78023) mem 0x0000000080012068 0x00
core   0: 0x000000008000ff2e (0xfc843703) ld      a4, -56(s0)
core   0: 3 0x000000008000ff2e (0xfc843703) x14 0x0000000080012040 mem 0x0000000080031f38
core   0: 0x000000008000ff32 (0xfb843783) ld      a5, -72(s0)
core   0: 3 0x000000008000ff32 (0xfb843783) x15 0x000000000000009c mem 0x0000000080031f28
core   0: 0x000000008000ff36 (0x000097ba) c.add   a5, a4
core   0: 3 0x000000008000ff36 (0x97ba) x15 0x00000000800120dc
core   0: 0x000000008000ff38 (0xfe043703) ld      a4, -32(s0)
core   0: 3 0x000000008000ff38 (0xfe043703) x14 0x0000000080012069 mem 0x0000000080031f50
core   0: 0x000000008000ff3c (0xfcf76de3) bltu    a4, a5, pc - 38
core   0: 3 0x000000008000ff3c (0xfcf76de3)
core   0: 0x000000008000ff16 (0xfe043783) ld      a5, -32(s0)
core   0: 3 0x000000008000ff16 (0xfe043783) x15 0x0000000080012069 mem 0x0000000080031f50
core   0: 0x000000008000ff1a (0x00178713) addi    a4, a5, 1
core   0: 3 0x000000008000ff1a (0x00178713) x14 0x000000008001206a
core   0: 0x000000008000ff1e (0xfee43023) sd      a4, -32(s0)
core   0: 3 0x000000008000ff1e (0xfee43023) mem 0x0000000080031f50 0x000000008001206a
core   0: 0x000000008000ff22 (0xfc442703) lw      a4, -60(s0)
core   0: 3 0x000000008000ff22 (0xfc442703) x14 0x0000000000000000 mem 0x0000000080031f34
core   0: 0x000000008000ff26 (0x0ff77713) andi    a4, a4, 255
core   0: 3 0x000000008000ff26 (0x0ff77713) x14 0x0000000000000000
core   0: 0x000000008000ff2a (0x00e78023) sb      a4, 0(a5)
core   0: 3 0x000000008000ff2a (0x00e78023) mem 0x0000000080012069 0x00
core   0: 0x000000008000ff2e (0xfc843703) ld      a4, -56(s0)
core   0: 3 0x000000008000ff2e (0xfc843703) x14 0x0000000080012040 mem 0x0000000080031f38
core   0: 0x000000008000ff32 (0xfb843783) ld      a5, -72(s0)
core   0: 3 0x000000008000ff32 (0xfb843783) x15 0x000000000000009c mem 0x0000000080031f28
core   0: 0x000000008000ff36 (0x000097ba) c.add   a5, a4
core   0: 3 0x000000008000ff36 (0x97ba) x15 0x00000000800120dc
core   0: 0x000000008000ff38 (0xfe043703) ld      a4, -32(s0)
core   0: 3 0x000000008000ff38 (0xfe043703) x14 0x000000008001206a mem 0x0000000080031f50
core   0: 0x000000008000ff3c (0xfcf76de3) bltu    a4, a5, pc - 38
core   0: 3 0x000000008000ff3c (0xfcf76de3)
core   0: 0x000000008000ff16 (0xfe043783) ld      a5, -32(s0)
core   0: 3 0x000000008000ff16 (0xfe043783) x15 0x000000008001206a mem 0x0000000080031f50
core   0: 0x000000008000ff1a (0x00178713) addi    a4, a5, 1
core   0: 3 0x000000008000ff1a (0x00178713) x14 0x000000008001206b
core   0: 0x000000008000ff1e (0xfee43023) sd      a4, -32(s0)
core   0: 3 0x000000008000ff1e (0xfee43023) mem 0x0000000080031f50 0x000000008001206b
core   0: 0x000000008000ff22 (0xfc442703) lw      a4, -60(s0)
core   0: 3 0x000000008000ff22 (0xfc442703) x14 0x0000000000000000 mem 0x0000000080031f34
core   0: 0x000000008000ff26 (0x0ff77713) andi    a4, a4, 255
core   0: 3 0x000000008000ff26 (0x0ff77713) x14 0x0000000000000000
core   0: 0x000000008000ff2a (0x00e78023) sb      a4, 0(a5)
core   0: 3 0x000000008000ff2a (0x00e78023) mem 0x000000008001206a 0x00
core   0: 0x000000008000ff2e (0xfc843703) ld      a4, -56(s0)
core   0: 3 0x000000008000ff2e (0xfc843703) x14 0x0000000080012040 mem 0x0000000080031f38
core   0: 0x000000008000ff32 (0xfb843783) ld      a5, -72(s0)
core   0: 3 0x000000008000ff32 (0xfb843783) x15 0x000000000000009c mem 0x0000000080031f28
core   0: 0x000000008000ff36 (0x000097ba) c.add   a5, a4
core   0: 3 0x000000008000ff36 (0x97ba) x15 0x00000000800120dc
core   0: 0x000000008000ff38 (0xfe043703) ld      a4, -32(s0)
core   0: 3 0x000000008000ff38 (0xfe043703) x14 0x000000008001206b mem 0x0000000080031f50
core   0: 0x000000008000ff3c (0xfcf76de3) bltu    a4, a5, pc - 38
core   0: 3 0x000000008000ff3c (0xfcf76de3)
core   0: 0x000000008000ff16 (0xfe043783) ld      a5, -32(s0)
core   0: 3 0x000000008000ff16 (0xfe043783) x15 0x000000008001206b mem 0x0000000080031f50
core   0: 0x000000008000ff1a (0x00178713) addi    a4, a5, 1
core   0: 3 0x000000008000ff1a (0x00178713) x14 0x000000008001206c
core   0: 0x000000008000ff1e (0xfee43023) sd      a4, -32(s0)
core   0: 3 0x000000008000ff1e (0xfee43023) mem 0x0000000080031f50 0x000000008001206c
core   0: 0x000000008000ff22 (0xfc442703) lw      a4, -60(s0)
core   0: 3 0x000000008000ff22 (0xfc442703) x14 0x0000000000000000 mem 0x0000000080031f34
core   0: 0x000000008000ff26 (0x0ff77713) andi    a4, a4, 255
core   0: 3 0x000000008000ff26 (0x0ff77713) x14 0x0000000000000000
core   0: 0x000000008000ff2a (0x00e78023) sb      a4, 0(a5)
core   0: 3 0x000000008000ff2a (0x00e78023) mem 0x000000008001206b 0x00
core   0: 0x000000008000ff2e (0xfc843703) ld      a4, -56(s0)
core   0: 3 0x000000008000ff2e (0xfc843703) x14 0x0000000080012040 mem 0x0000000080031f38
core   0: 0x000000008000ff32 (0xfb843783) ld      a5, -72(s0)
core   0: 3 0x000000008000ff32 (0xfb843783) x15 0x000000000000009c mem 0x0000000080031f28
core   0: 0x000000008000ff36 (0x000097ba) c.add   a5, a4
core   0: 3 0x000000008000ff36 (0x97ba) x15 0x00000000800120dc
core   0: 0x000000008000ff38 (0xfe043703) ld      a4, -32(s0)
core   0: 3 0x000000008000ff38 (0xfe043703) x14 0x000000008001206c mem 0x0000000080031f50
core   0: 0x000000008000ff3c (0xfcf76de3) bltu    a4, a5, pc - 38
core   0: 3 0x000000008000ff3c (0xfcf76de3)
core   0: 0x000000008000ff16 (0xfe043783) ld      a5, -32(s0)
core   0: 3 0x000000008000ff16 (0xfe043783) x15 0x000000008001206c mem 0x0000000080031f50
core   0: 0x000000008000ff1a (0x00178713) addi    a4, a5, 1
core   0: 3 0x000000008000ff1a (0x00178713) x14 0x000000008001206d
core   0: 0x000000008000ff1e (0xfee43023) sd      a4, -32(s0)
core   0: 3 0x000000008000ff1e (0xfee43023) mem 0x0000000080031f50 0x000000008001206d
core   0: 0x000000008000ff22 (0xfc442703) lw      a4, -60(s0)
core   0: 3 0x000000008000ff22 (0xfc442703) x14 0x0000000000000000 mem 0x0000000080031f34
core   0: 0x000000008000ff26 (0x0ff77713) andi    a4, a4, 255
core   0: 3 0x000000008000ff26 (0x0ff77713) x14 0x0000000000000000
core   0: 0x000000008000ff2a (0x00e78023) sb      a4, 0(a5)
core   0: 3 0x000000008000ff2a (0x00e78023) mem 0x000000008001206c 0x00
core   0: 0x000000008000ff2e (0xfc843703) ld      a4, -56(s0)
core   0: 3 0x000000008000ff2e (0xfc843703) x14 0x0000000080012040 mem 0x0000000080031f38
core   0: 0x000000008000ff32 (0xfb843783) ld      a5, -72(s0)
core   0: 3 0x000000008000ff32 (0xfb843783) x15 0x000000000000009c mem 0x0000000080031f28
core   0: 0x000000008000ff36 (0x000097ba) c.add   a5, a4
core   0: 3 0x000000008000ff36 (0x97ba) x15 0x00000000800120dc
core   0: 0x000000008000ff38 (0xfe043703) ld      a4, -32(s0)
core   0: 3 0x000000008000ff38 (0xfe043703) x14 0x000000008001206d mem 0x0000000080031f50
core   0: 0x000000008000ff3c (0xfcf76de3) bltu    a4, a5, pc - 38
core   0: 3 0x000000008000ff3c (0xfcf76de3)
core   0: 0x000000008000ff16 (0xfe043783) ld      a5, -32(s0)
core   0: 3 0x000000008000ff16 (0xfe043783) x15 0x000000008001206d mem 0x0000000080031f50
core   0: 0x000000008000ff1a (0x00178713) addi    a4, a5, 1
core   0: 3 0x000000008000ff1a (0x00178713) x14 0x000000008001206e
core   0: 0x000000008000ff1e (0xfee43023) sd      a4, -32(s0)
core   0: 3 0x000000008000ff1e (0xfee43023) mem 0x0000000080031f50 0x000000008001206e
core   0: 0x000000008000ff22 (0xfc442703) lw      a4, -60(s0)
core   0: 3 0x000000008000ff22 (0xfc442703) x14 0x0000000000000000 mem 0x0000000080031f34
core   0: 0x000000008000ff26 (0x0ff77713) andi    a4, a4, 255
core   0: 3 0x000000008000ff26 (0x0ff77713) x14 0x0000000000000000
core   0: 0x000000008000ff2a (0x00e78023) sb      a4, 0(a5)
core   0: 3 0x000000008000ff2a (0x00e78023) mem 0x000000008001206d 0x00
core   0: 0x000000008000ff2e (0xfc843703) ld      a4, -56(s0)
core   0: 3 0x000000008000ff2e (0xfc843703) x14 0x0000000080012040 mem 0x0000000080031f38
core   0: 0x000000008000ff32 (0xfb843783) ld      a5, -72(s0)
core   0: 3 0x000000008000ff32 (0xfb843783) x15 0x000000000000009c mem 0x0000000080031f28
core   0: 0x000000008000ff36 (0x000097ba) c.add   a5, a4
core   0: 3 0x000000008000ff36 (0x97ba) x15 0x00000000800120dc
core   0: 0x000000008000ff38 (0xfe043703) ld      a4, -32(s0)
core   0: 3 0x000000008000ff38 (0xfe043703) x14 0x000000008001206e mem 0x0000000080031f50
core   0: 0x000000008000ff3c (0xfcf76de3) bltu    a4, a5, pc - 38
core   0: 3 0x000000008000ff3c (0xfcf76de3)
core   0: 0x000000008000ff16 (0xfe043783) ld      a5, -32(s0)
core   0: 3 0x000000008000ff16 (0xfe043783) x15 0x000000008001206e mem 0x0000000080031f50
core   0: 0x000000008000ff1a (0x00178713) addi    a4, a5, 1
core   0: 3 0x000000008000ff1a (0x00178713) x14 0x000000008001206f
core   0: 0x000000008000ff1e (0xfee43023) sd      a4, -32(s0)
core   0: 3 0x000000008000ff1e (0xfee43023) mem 0x0000000080031f50 0x000000008001206f
core   0: 0x000000008000ff22 (0xfc442703) lw      a4, -60(s0)
core   0: 3 0x000000008000ff22 (0xfc442703) x14 0x0000000000000000 mem 0x0000000080031f34
core   0: 0x000000008000ff26 (0x0ff77713) andi    a4, a4, 255
core   0: 3 0x000000008000ff26 (0x0ff77713) x14 0x0000000000000000
core   0: 0x000000008000ff2a (0x00e78023) sb      a4, 0(a5)
core   0: 3 0x000000008000ff2a (0x00e78023) mem 0x000000008001206e 0x00
core   0: 0x000000008000ff2e (0xfc843703) ld      a4, -56(s0)
core   0: 3 0x000000008000ff2e (0xfc843703) x14 0x0000000080012040 mem 0x0000000080031f38
core   0: 0x000000008000ff32 (0xfb843783) ld      a5, -72(s0)
core   0: 3 0x000000008000ff32 (0xfb843783) x15 0x000000000000009c mem 0x0000000080031f28
core   0: 0x000000008000ff36 (0x000097ba) c.add   a5, a4
core   0: 3 0x000000008000ff36 (0x97ba) x15 0x00000000800120dc
core   0: 0x000000008000ff38 (0xfe043703) ld      a4, -32(s0)
core   0: 3 0x000000008000ff38 (0xfe043703) x14 0x000000008001206f mem 0x0000000080031f50
core   0: 0x000000008000ff3c (0xfcf76de3) bltu    a4, a5, pc - 38
core   0: 3 0x000000008000ff3c (0xfcf76de3)
core   0: 0x000000008000ff16 (0xfe043783) ld      a5, -32(s0)
core   0: 3 0x000000008000ff16 (0xfe043783) x15 0x000000008001206f mem 0x0000000080031f50
core   0: 0x000000008000ff1a (0x00178713) addi    a4, a5, 1
core   0: 3 0x000000008000ff1a (0x00178713) x14 0x0000000080012070
core   0: 0x000000008000ff1e (0xfee43023) sd      a4, -32(s0)
core   0: 3 0x000000008000ff1e (0xfee43023) mem 0x0000000080031f50 0x0000000080012070
core   0: 0x000000008000ff22 (0xfc442703) lw      a4, -60(s0)
core   0: 3 0x000000008000ff22 (0xfc442703) x14 0x0000000000000000 mem 0x0000000080031f34
core   0: 0x000000008000ff26 (0x0ff77713) andi    a4, a4, 255
core   0: 3 0x000000008000ff26 (0x0ff77713) x14 0x0000000000000000
core   0: 0x000000008000ff2a (0x00e78023) sb      a4, 0(a5)
core   0: 3 0x000000008000ff2a (0x00e78023) mem 0x000000008001206f 0x00
core   0: 0x000000008000ff2e (0xfc843703) ld      a4, -56(s0)
core   0: 3 0x000000008000ff2e (0xfc843703) x14 0x0000000080012040 mem 0x0000000080031f38
core   0: 0x000000008000ff32 (0xfb843783) ld      a5, -72(s0)
core   0: 3 0x000000008000ff32 (0xfb843783) x15 0x000000000000009c mem 0x0000000080031f28
core   0: 0x000000008000ff36 (0x000097ba) c.add   a5, a4
core   0: 3 0x000000008000ff36 (0x97ba) x15 0x00000000800120dc
core   0: 0x000000008000ff38 (0xfe043703) ld      a4, -32(s0)
core   0: 3 0x000000008000ff38 (0xfe043703) x14 0x0000000080012070 mem 0x0000000080031f50
core   0: 0x000000008000ff3c (0xfcf76de3) bltu    a4, a5, pc - 38
core   0: 3 0x000000008000ff3c (0xfcf76de3)
core   0: 0x000000008000ff16 (0xfe043783) ld      a5, -32(s0)
core   0: 3 0x000000008000ff16 (0xfe043783) x15 0x0000000080012070 mem 0x0000000080031f50
core   0: 0x000000008000ff1a (0x00178713) addi    a4, a5, 1
core   0: 3 0x000000008000ff1a (0x00178713) x14 0x0000000080012071
core   0: 0x000000008000ff1e (0xfee43023) sd      a4, -32(s0)
core   0: 3 0x000000008000ff1e (0xfee43023) mem 0x0000000080031f50 0x0000000080012071
core   0: 0x000000008000ff22 (0xfc442703) lw      a4, -60(s0)
core   0: 3 0x000000008000ff22 (0xfc442703) x14 0x0000000000000000 mem 0x0000000080031f34
core   0: 0x000000008000ff26 (0x0ff77713) andi    a4, a4, 255
core   0: 3 0x000000008000ff26 (0x0ff77713) x14 0x0000000000000000
core   0: 0x000000008000ff2a (0x00e78023) sb      a4, 0(a5)
core   0: 3 0x000000008000ff2a (0x00e78023) mem 0x0000000080012070 0x00
core   0: 0x000000008000ff2e (0xfc843703) ld      a4, -56(s0)
core   0: 3 0x000000008000ff2e (0xfc843703) x14 0x0000000080012040 mem 0x0000000080031f38
core   0: 0x000000008000ff32 (0xfb843783) ld      a5, -72(s0)
core   0: 3 0x000000008000ff32 (0xfb843783) x15 0x000000000000009c mem 0x0000000080031f28
core   0: 0x000000008000ff36 (0x000097ba) c.add   a5, a4
core   0: 3 0x000000008000ff36 (0x97ba) x15 0x00000000800120dc
core   0: 0x000000008000ff38 (0xfe043703) ld      a4, -32(s0)
core   0: 3 0x000000008000ff38 (0xfe043703) x14 0x0000000080012071 mem 0x0000000080031f50
core   0: 0x000000008000ff3c (0xfcf76de3) bltu    a4, a5, pc - 38
core   0: 3 0x000000008000ff3c (0xfcf76de3)
core   0: 0x000000008000ff16 (0xfe043783) ld      a5, -32(s0)
core   0: 3 0x000000008000ff16 (0xfe043783) x15 0x0000000080012071 mem 0x0000000080031f50
core   0: 0x000000008000ff1a (0x00178713) addi    a4, a5, 1
core   0: 3 0x000000008000ff1a (0x00178713) x14 0x0000000080012072
core   0: 0x000000008000ff1e (0xfee43023) sd      a4, -32(s0)
core   0: 3 0x000000008000ff1e (0xfee43023) mem 0x0000000080031f50 0x0000000080012072
core   0: 0x000000008000ff22 (0xfc442703) lw      a4, -60(s0)
core   0: 3 0x000000008000ff22 (0xfc442703) x14 0x0000000000000000 mem 0x0000000080031f34
core   0: 0x000000008000ff26 (0x0ff77713) andi    a4, a4, 255
core   0: 3 0x000000008000ff26 (0x0ff77713) x14 0x0000000000000000
core   0: 0x000000008000ff2a (0x00e78023) sb      a4, 0(a5)
core   0: 3 0x000000008000ff2a (0x00e78023) mem 0x0000000080012071 0x00
core   0: 0x000000008000ff2e (0xfc843703) ld      a4, -56(s0)
core   0: 3 0x000000008000ff2e (0xfc843703) x14 0x0000000080012040 mem 0x0000000080031f38
core   0: 0x000000008000ff32 (0xfb843783) ld      a5, -72(s0)
core   0: 3 0x000000008000ff32 (0xfb843783) x15 0x000000000000009c mem 0x0000000080031f28
core   0: 0x000000008000ff36 (0x000097ba) c.add   a5, a4
core   0: 3 0x000000008000ff36 (0x97ba) x15 0x00000000800120dc
core   0: 0x000000008000ff38 (0xfe043703) ld      a4, -32(s0)
core   0: 3 0x000000008000ff38 (0xfe043703) x14 0x0000000080012072 mem 0x0000000080031f50
core   0: 0x000000008000ff3c (0xfcf76de3) bltu    a4, a5, pc - 38
core   0: 3 0x000000008000ff3c (0xfcf76de3)
core   0: 0x000000008000ff16 (0xfe043783) ld      a5, -32(s0)
core   0: 3 0x000000008000ff16 (0xfe043783) x15 0x0000000080012072 mem 0x0000000080031f50
core   0: 0x000000008000ff1a (0x00178713) addi    a4, a5, 1
core   0: 3 0x000000008000ff1a (0x00178713) x14 0x0000000080012073
core   0: 0x000000008000ff1e (0xfee43023) sd      a4, -32(s0)
core   0: 3 0x000000008000ff1e (0xfee43023) mem 0x0000000080031f50 0x0000000080012073
core   0: 0x000000008000ff22 (0xfc442703) lw      a4, -60(s0)
core   0: 3 0x000000008000ff22 (0xfc442703) x14 0x0000000000000000 mem 0x0000000080031f34
core   0: 0x000000008000ff26 (0x0ff77713) andi    a4, a4, 255
core   0: 3 0x000000008000ff26 (0x0ff77713) x14 0x0000000000000000
core   0: 0x000000008000ff2a (0x00e78023) sb      a4, 0(a5)
core   0: 3 0x000000008000ff2a (0x00e78023) mem 0x0000000080012072 0x00
core   0: 0x000000008000ff2e (0xfc843703) ld      a4, -56(s0)
core   0: 3 0x000000008000ff2e (0xfc843703) x14 0x0000000080012040 mem 0x0000000080031f38
core   0: 0x000000008000ff32 (0xfb843783) ld      a5, -72(s0)
core   0: 3 0x000000008000ff32 (0xfb843783) x15 0x000000000000009c mem 0x0000000080031f28
core   0: 0x000000008000ff36 (0x000097ba) c.add   a5, a4
core   0: 3 0x000000008000ff36 (0x97ba) x15 0x00000000800120dc
core   0: 0x000000008000ff38 (0xfe043703) ld      a4, -32(s0)
core   0: 3 0x000000008000ff38 (0xfe043703) x14 0x0000000080012073 mem 0x0000000080031f50
core   0: 0x000000008000ff3c (0xfcf76de3) bltu    a4, a5, pc - 38
core   0: 3 0x000000008000ff3c (0xfcf76de3)
core   0: 0x000000008000ff16 (0xfe043783) ld      a5, -32(s0)
core   0: 3 0x000000008000ff16 (0xfe043783) x15 0x0000000080012073 mem 0x0000000080031f50
core   0: 0x000000008000ff1a (0x00178713) addi    a4, a5, 1
core   0: 3 0x000000008000ff1a (0x00178713) x14 0x0000000080012074
core   0: 0x000000008000ff1e (0xfee43023) sd      a4, -32(s0)
core   0: 3 0x000000008000ff1e (0xfee43023) mem 0x0000000080031f50 0x0000000080012074
core   0: 0x000000008000ff22 (0xfc442703) lw      a4, -60(s0)
core   0: 3 0x000000008000ff22 (0xfc442703) x14 0x0000000000000000 mem 0x0000000080031f34
core   0: 0x000000008000ff26 (0x0ff77713) andi    a4, a4, 255
core   0: 3 0x000000008000ff26 (0x0ff77713) x14 0x0000000000000000
core   0: 0x000000008000ff2a (0x00e78023) sb      a4, 0(a5)
core   0: 3 0x000000008000ff2a (0x00e78023) mem 0x0000000080012073 0x00
core   0: 0x000000008000ff2e (0xfc843703) ld      a4, -56(s0)
core   0: 3 0x000000008000ff2e (0xfc843703) x14 0x0000000080012040 mem 0x0000000080031f38
core   0: 0x000000008000ff32 (0xfb843783) ld      a5, -72(s0)
core   0: 3 0x000000008000ff32 (0xfb843783) x15 0x000000000000009c mem 0x0000000080031f28
core   0: 0x000000008000ff36 (0x000097ba) c.add   a5, a4
core   0: 3 0x000000008000ff36 (0x97ba) x15 0x00000000800120dc
core   0: 0x000000008000ff38 (0xfe043703) ld      a4, -32(s0)
core   0: 3 0x000000008000ff38 (0xfe043703) x14 0x0000000080012074 mem 0x0000000080031f50
core   0: 0x000000008000ff3c (0xfcf76de3) bltu    a4, a5, pc - 38
core   0: 3 0x000000008000ff3c (0xfcf76de3)
core   0: 0x000000008000ff16 (0xfe043783) ld      a5, -32(s0)
core   0: 3 0x000000008000ff16 (0xfe043783) x15 0x0000000080012074 mem 0x0000000080031f50
core   0: 0x000000008000ff1a (0x00178713) addi    a4, a5, 1
core   0: 3 0x000000008000ff1a (0x00178713) x14 0x0000000080012075
core   0: 0x000000008000ff1e (0xfee43023) sd      a4, -32(s0)
core   0: 3 0x000000008000ff1e (0xfee43023) mem 0x0000000080031f50 0x0000000080012075
core   0: 0x000000008000ff22 (0xfc442703) lw      a4, -60(s0)
core   0: 3 0x000000008000ff22 (0xfc442703) x14 0x0000000000000000 mem 0x0000000080031f34
core   0: 0x000000008000ff26 (0x0ff77713) andi    a4, a4, 255
core   0: 3 0x000000008000ff26 (0x0ff77713) x14 0x0000000000000000
core   0: 0x000000008000ff2a (0x00e78023) sb      a4, 0(a5)
core   0: 3 0x000000008000ff2a (0x00e78023) mem 0x0000000080012074 0x00
core   0: 0x000000008000ff2e (0xfc843703) ld      a4, -56(s0)
core   0: 3 0x000000008000ff2e (0xfc843703) x14 0x0000000080012040 mem 0x0000000080031f38
core   0: 0x000000008000ff32 (0xfb843783) ld      a5, -72(s0)
core   0: 3 0x000000008000ff32 (0xfb843783) x15 0x000000000000009c mem 0x0000000080031f28
core   0: 0x000000008000ff36 (0x000097ba) c.add   a5, a4
core   0: 3 0x000000008000ff36 (0x97ba) x15 0x00000000800120dc
core   0: 0x000000008000ff38 (0xfe043703) ld      a4, -32(s0)
core   0: 3 0x000000008000ff38 (0xfe043703) x14 0x0000000080012075 mem 0x0000000080031f50
core   0: 0x000000008000ff3c (0xfcf76de3) bltu    a4, a5, pc - 38
core   0: 3 0x000000008000ff3c (0xfcf76de3)
core   0: 0x000000008000ff16 (0xfe043783) ld      a5, -32(s0)
core   0: 3 0x000000008000ff16 (0xfe043783) x15 0x0000000080012075 mem 0x0000000080031f50
core   0: 0x000000008000ff1a (0x00178713) addi    a4, a5, 1
core   0: 3 0x000000008000ff1a (0x00178713) x14 0x0000000080012076
core   0: 0x000000008000ff1e (0xfee43023) sd      a4, -32(s0)
core   0: 3 0x000000008000ff1e (0xfee43023) mem 0x0000000080031f50 0x0000000080012076
core   0: 0x000000008000ff22 (0xfc442703) lw      a4, -60(s0)
core   0: 3 0x000000008000ff22 (0xfc442703) x14 0x0000000000000000 mem 0x0000000080031f34
core   0: 0x000000008000ff26 (0x0ff77713) andi    a4, a4, 255
core   0: 3 0x000000008000ff26 (0x0ff77713) x14 0x0000000000000000
core   0: 0x000000008000ff2a (0x00e78023) sb      a4, 0(a5)
core   0: 3 0x000000008000ff2a (0x00e78023) mem 0x0000000080012075 0x00
core   0: 0x000000008000ff2e (0xfc843703) ld      a4, -56(s0)
core   0: 3 0x000000008000ff2e (0xfc843703) x14 0x0000000080012040 mem 0x0000000080031f38
core   0: 0x000000008000ff32 (0xfb843783) ld      a5, -72(s0)
core   0: 3 0x000000008000ff32 (0xfb843783) x15 0x000000000000009c mem 0x0000000080031f28
core   0: 0x000000008000ff36 (0x000097ba) c.add   a5, a4
core   0: 3 0x000000008000ff36 (0x97ba) x15 0x00000000800120dc
core   0: 0x000000008000ff38 (0xfe043703) ld      a4, -32(s0)
core   0: 3 0x000000008000ff38 (0xfe043703) x14 0x0000000080012076 mem 0x0000000080031f50
core   0: 0x000000008000ff3c (0xfcf76de3) bltu    a4, a5, pc - 38
core   0: 3 0x000000008000ff3c (0xfcf76de3)
core   0: 0x000000008000ff16 (0xfe043783) ld      a5, -32(s0)
core   0: 3 0x000000008000ff16 (0xfe043783) x15 0x0000000080012076 mem 0x0000000080031f50
core   0: 0x000000008000ff1a (0x00178713) addi    a4, a5, 1
core   0: 3 0x000000008000ff1a (0x00178713) x14 0x0000000080012077
core   0: 0x000000008000ff1e (0xfee43023) sd      a4, -32(s0)
core   0: 3 0x000000008000ff1e (0xfee43023) mem 0x0000000080031f50 0x0000000080012077
core   0: 0x000000008000ff22 (0xfc442703) lw      a4, -60(s0)
core   0: 3 0x000000008000ff22 (0xfc442703) x14 0x0000000000000000 mem 0x0000000080031f34
core   0: 0x000000008000ff26 (0x0ff77713) andi    a4, a4, 255
core   0: 3 0x000000008000ff26 (0x0ff77713) x14 0x0000000000000000
core   0: 0x000000008000ff2a (0x00e78023) sb      a4, 0(a5)
core   0: 3 0x000000008000ff2a (0x00e78023) mem 0x0000000080012076 0x00
core   0: 0x000000008000ff2e (0xfc843703) ld      a4, -56(s0)
core   0: 3 0x000000008000ff2e (0xfc843703) x14 0x0000000080012040 mem 0x0000000080031f38
core   0: 0x000000008000ff32 (0xfb843783) ld      a5, -72(s0)
core   0: 3 0x000000008000ff32 (0xfb843783) x15 0x000000000000009c mem 0x0000000080031f28
core   0: 0x000000008000ff36 (0x000097ba) c.add   a5, a4
core   0: 3 0x000000008000ff36 (0x97ba) x15 0x00000000800120dc
core   0: 0x000000008000ff38 (0xfe043703) ld      a4, -32(s0)
core   0: 3 0x000000008000ff38 (0xfe043703) x14 0x0000000080012077 mem 0x0000000080031f50
core   0: 0x000000008000ff3c (0xfcf76de3) bltu    a4, a5, pc - 38
core   0: 3 0x000000008000ff3c (0xfcf76de3)
core   0: 0x000000008000ff16 (0xfe043783) ld      a5, -32(s0)
core   0: 3 0x000000008000ff16 (0xfe043783) x15 0x0000000080012077 mem 0x0000000080031f50
core   0: 0x000000008000ff1a (0x00178713) addi    a4, a5, 1
core   0: 3 0x000000008000ff1a (0x00178713) x14 0x0000000080012078
core   0: 0x000000008000ff1e (0xfee43023) sd      a4, -32(s0)
core   0: 3 0x000000008000ff1e (0xfee43023) mem 0x0000000080031f50 0x0000000080012078
core   0: 0x000000008000ff22 (0xfc442703) lw      a4, -60(s0)
core   0: 3 0x000000008000ff22 (0xfc442703) x14 0x0000000000000000 mem 0x0000000080031f34
core   0: 0x000000008000ff26 (0x0ff77713) andi    a4, a4, 255
core   0: 3 0x000000008000ff26 (0x0ff77713) x14 0x0000000000000000
core   0: 0x000000008000ff2a (0x00e78023) sb      a4, 0(a5)
core   0: 3 0x000000008000ff2a (0x00e78023) mem 0x0000000080012077 0x00
core   0: 0x000000008000ff2e (0xfc843703) ld      a4, -56(s0)
core   0: 3 0x000000008000ff2e (0xfc843703) x14 0x0000000080012040 mem 0x0000000080031f38
core   0: 0x000000008000ff32 (0xfb843783) ld      a5, -72(s0)
core   0: 3 0x000000008000ff32 (0xfb843783) x15 0x000000000000009c mem 0x0000000080031f28
core   0: 0x000000008000ff36 (0x000097ba) c.add   a5, a4
core   0: 3 0x000000008000ff36 (0x97ba) x15 0x00000000800120dc
core   0: 0x000000008000ff38 (0xfe043703) ld      a4, -32(s0)
core   0: 3 0x000000008000ff38 (0xfe043703) x14 0x0000000080012078 mem 0x0000000080031f50
core   0: 0x000000008000ff3c (0xfcf76de3) bltu    a4, a5, pc - 38
core   0: 3 0x000000008000ff3c (0xfcf76de3)
core   0: 0x000000008000ff16 (0xfe043783) ld      a5, -32(s0)
core   0: 3 0x000000008000ff16 (0xfe043783) x15 0x0000000080012078 mem 0x0000000080031f50
core   0: 0x000000008000ff1a (0x00178713) addi    a4, a5, 1
core   0: 3 0x000000008000ff1a (0x00178713) x14 0x0000000080012079
core   0: 0x000000008000ff1e (0xfee43023) sd      a4, -32(s0)
core   0: 3 0x000000008000ff1e (0xfee43023) mem 0x0000000080031f50 0x0000000080012079
core   0: 0x000000008000ff22 (0xfc442703) lw      a4, -60(s0)
core   0: 3 0x000000008000ff22 (0xfc442703) x14 0x0000000000000000 mem 0x0000000080031f34
core   0: 0x000000008000ff26 (0x0ff77713) andi    a4, a4, 255
core   0: 3 0x000000008000ff26 (0x0ff77713) x14 0x0000000000000000
core   0: 0x000000008000ff2a (0x00e78023) sb      a4, 0(a5)
core   0: 3 0x000000008000ff2a (0x00e78023) mem 0x0000000080012078 0x00
core   0: 0x000000008000ff2e (0xfc843703) ld      a4, -56(s0)
core   0: 3 0x000000008000ff2e (0xfc843703) x14 0x0000000080012040 mem 0x0000000080031f38
core   0: 0x000000008000ff32 (0xfb843783) ld      a5, -72(s0)
core   0: 3 0x000000008000ff32 (0xfb843783) x15 0x000000000000009c mem 0x0000000080031f28
core   0: 0x000000008000ff36 (0x000097ba) c.add   a5, a4
core   0: 3 0x000000008000ff36 (0x97ba) x15 0x00000000800120dc
core   0: 0x000000008000ff38 (0xfe043703) ld      a4, -32(s0)
core   0: 3 0x000000008000ff38 (0xfe043703) x14 0x0000000080012079 mem 0x0000000080031f50
core   0: 0x000000008000ff3c (0xfcf76de3) bltu    a4, a5, pc - 38
core   0: 3 0x000000008000ff3c (0xfcf76de3)
core   0: 0x000000008000ff16 (0xfe043783) ld      a5, -32(s0)
core   0: 3 0x000000008000ff16 (0xfe043783) x15 0x0000000080012079 mem 0x0000000080031f50
core   0: 0x000000008000ff1a (0x00178713) addi    a4, a5, 1
core   0: 3 0x000000008000ff1a (0x00178713) x14 0x000000008001207a
core   0: 0x000000008000ff1e (0xfee43023) sd      a4, -32(s0)
core   0: 3 0x000000008000ff1e (0xfee43023) mem 0x0000000080031f50 0x000000008001207a
core   0: 0x000000008000ff22 (0xfc442703) lw      a4, -60(s0)
core   0: 3 0x000000008000ff22 (0xfc442703) x14 0x0000000000000000 mem 0x0000000080031f34
core   0: 0x000000008000ff26 (0x0ff77713) andi    a4, a4, 255
core   0: 3 0x000000008000ff26 (0x0ff77713) x14 0x0000000000000000
core   0: 0x000000008000ff2a (0x00e78023) sb      a4, 0(a5)
core   0: 3 0x000000008000ff2a (0x00e78023) mem 0x0000000080012079 0x00
core   0: 0x000000008000ff2e (0xfc843703) ld      a4, -56(s0)
core   0: 3 0x000000008000ff2e (0xfc843703) x14 0x0000000080012040 mem 0x0000000080031f38
core   0: 0x000000008000ff32 (0xfb843783) ld      a5, -72(s0)
core   0: 3 0x000000008000ff32 (0xfb843783) x15 0x000000000000009c mem 0x0000000080031f28
core   0: 0x000000008000ff36 (0x000097ba) c.add   a5, a4
core   0: 3 0x000000008000ff36 (0x97ba) x15 0x00000000800120dc
core   0: 0x000000008000ff38 (0xfe043703) ld      a4, -32(s0)
core   0: 3 0x000000008000ff38 (0xfe043703) x14 0x000000008001207a mem 0x0000000080031f50
core   0: 0x000000008000ff3c (0xfcf76de3) bltu    a4, a5, pc - 38
core   0: 3 0x000000008000ff3c (0xfcf76de3)
core   0: 0x000000008000ff16 (0xfe043783) ld      a5, -32(s0)
core   0: 3 0x000000008000ff16 (0xfe043783) x15 0x000000008001207a mem 0x0000000080031f50
core   0: 0x000000008000ff1a (0x00178713) addi    a4, a5, 1
core   0: 3 0x000000008000ff1a (0x00178713) x14 0x000000008001207b
core   0: 0x000000008000ff1e (0xfee43023) sd      a4, -32(s0)
core   0: 3 0x000000008000ff1e (0xfee43023) mem 0x0000000080031f50 0x000000008001207b
core   0: 0x000000008000ff22 (0xfc442703) lw      a4, -60(s0)
core   0: 3 0x000000008000ff22 (0xfc442703) x14 0x0000000000000000 mem 0x0000000080031f34
core   0: 0x000000008000ff26 (0x0ff77713) andi    a4, a4, 255
core   0: 3 0x000000008000ff26 (0x0ff77713) x14 0x0000000000000000
core   0: 0x000000008000ff2a (0x00e78023) sb      a4, 0(a5)
core   0: 3 0x000000008000ff2a (0x00e78023) mem 0x000000008001207a 0x00
core   0: 0x000000008000ff2e (0xfc843703) ld      a4, -56(s0)
core   0: 3 0x000000008000ff2e (0xfc843703) x14 0x0000000080012040 mem 0x0000000080031f38
core   0: 0x000000008000ff32 (0xfb843783) ld      a5, -72(s0)
core   0: 3 0x000000008000ff32 (0xfb843783) x15 0x000000000000009c mem 0x0000000080031f28
core   0: 0x000000008000ff36 (0x000097ba) c.add   a5, a4
core   0: 3 0x000000008000ff36 (0x97ba) x15 0x00000000800120dc
core   0: 0x000000008000ff38 (0xfe043703) ld      a4, -32(s0)
core   0: 3 0x000000008000ff38 (0xfe043703) x14 0x000000008001207b mem 0x0000000080031f50
core   0: 0x000000008000ff3c (0xfcf76de3) bltu    a4, a5, pc - 38
core   0: 3 0x000000008000ff3c (0xfcf76de3)
core   0: 0x000000008000ff16 (0xfe043783) ld      a5, -32(s0)
core   0: 3 0x000000008000ff16 (0xfe043783) x15 0x000000008001207b mem 0x0000000080031f50
core   0: 0x000000008000ff1a (0x00178713) addi    a4, a5, 1
core   0: 3 0x000000008000ff1a (0x00178713) x14 0x000000008001207c
core   0: 0x000000008000ff1e (0xfee43023) sd      a4, -32(s0)
core   0: 3 0x000000008000ff1e (0xfee43023) mem 0x0000000080031f50 0x000000008001207c
core   0: 0x000000008000ff22 (0xfc442703) lw      a4, -60(s0)
core   0: 3 0x000000008000ff22 (0xfc442703) x14 0x0000000000000000 mem 0x0000000080031f34
core   0: 0x000000008000ff26 (0x0ff77713) andi    a4, a4, 255
core   0: 3 0x000000008000ff26 (0x0ff77713) x14 0x0000000000000000
core   0: 0x000000008000ff2a (0x00e78023) sb      a4, 0(a5)
core   0: 3 0x000000008000ff2a (0x00e78023) mem 0x000000008001207b 0x00
core   0: 0x000000008000ff2e (0xfc843703) ld      a4, -56(s0)
core   0: 3 0x000000008000ff2e (0xfc843703) x14 0x0000000080012040 mem 0x0000000080031f38
core   0: 0x000000008000ff32 (0xfb843783) ld      a5, -72(s0)
core   0: 3 0x000000008000ff32 (0xfb843783) x15 0x000000000000009c mem 0x0000000080031f28
core   0: 0x000000008000ff36 (0x000097ba) c.add   a5, a4
core   0: 3 0x000000008000ff36 (0x97ba) x15 0x00000000800120dc
core   0: 0x000000008000ff38 (0xfe043703) ld      a4, -32(s0)
core   0: 3 0x000000008000ff38 (0xfe043703) x14 0x000000008001207c mem 0x0000000080031f50
core   0: 0x000000008000ff3c (0xfcf76de3) bltu    a4, a5, pc - 38
core   0: 3 0x000000008000ff3c (0xfcf76de3)
core   0: 0x000000008000ff16 (0xfe043783) ld      a5, -32(s0)
core   0: 3 0x000000008000ff16 (0xfe043783) x15 0x000000008001207c mem 0x0000000080031f50
core   0: 0x000000008000ff1a (0x00178713) addi    a4, a5, 1
core   0: 3 0x000000008000ff1a (0x00178713) x14 0x000000008001207d
core   0: 0x000000008000ff1e (0xfee43023) sd      a4, -32(s0)
core   0: 3 0x000000008000ff1e (0xfee43023) mem 0x0000000080031f50 0x000000008001207d
core   0: 0x000000008000ff22 (0xfc442703) lw      a4, -60(s0)
core   0: 3 0x000000008000ff22 (0xfc442703) x14 0x0000000000000000 mem 0x0000000080031f34
core   0: 0x000000008000ff26 (0x0ff77713) andi    a4, a4, 255
core   0: 3 0x000000008000ff26 (0x0ff77713) x14 0x0000000000000000
core   0: 0x000000008000ff2a (0x00e78023) sb      a4, 0(a5)
core   0: 3 0x000000008000ff2a (0x00e78023) mem 0x000000008001207c 0x00
core   0: 0x000000008000ff2e (0xfc843703) ld      a4, -56(s0)
core   0: 3 0x000000008000ff2e (0xfc843703) x14 0x0000000080012040 mem 0x0000000080031f38
core   0: 0x000000008000ff32 (0xfb843783) ld      a5, -72(s0)
core   0: 3 0x000000008000ff32 (0xfb843783) x15 0x000000000000009c mem 0x0000000080031f28
core   0: 0x000000008000ff36 (0x000097ba) c.add   a5, a4
core   0: 3 0x000000008000ff36 (0x97ba) x15 0x00000000800120dc
core   0: 0x000000008000ff38 (0xfe043703) ld      a4, -32(s0)
core   0: 3 0x000000008000ff38 (0xfe043703) x14 0x000000008001207d mem 0x0000000080031f50
core   0: 0x000000008000ff3c (0xfcf76de3) bltu    a4, a5, pc - 38
core   0: 3 0x000000008000ff3c (0xfcf76de3)
core   0: 0x000000008000ff16 (0xfe043783) ld      a5, -32(s0)
core   0: 3 0x000000008000ff16 (0xfe043783) x15 0x000000008001207d mem 0x0000000080031f50
core   0: 0x000000008000ff1a (0x00178713) addi    a4, a5, 1
core   0: 3 0x000000008000ff1a (0x00178713) x14 0x000000008001207e
core   0: 0x000000008000ff1e (0xfee43023) sd      a4, -32(s0)
core   0: 3 0x000000008000ff1e (0xfee43023) mem 0x0000000080031f50 0x000000008001207e
core   0: 0x000000008000ff22 (0xfc442703) lw      a4, -60(s0)
core   0: 3 0x000000008000ff22 (0xfc442703) x14 0x0000000000000000 mem 0x0000000080031f34
core   0: 0x000000008000ff26 (0x0ff77713) andi    a4, a4, 255
core   0: 3 0x000000008000ff26 (0x0ff77713) x14 0x0000000000000000
core   0: 0x000000008000ff2a (0x00e78023) sb      a4, 0(a5)
core   0: 3 0x000000008000ff2a (0x00e78023) mem 0x000000008001207d 0x00
core   0: 0x000000008000ff2e (0xfc843703) ld      a4, -56(s0)
core   0: 3 0x000000008000ff2e (0xfc843703) x14 0x0000000080012040 mem 0x0000000080031f38
core   0: 0x000000008000ff32 (0xfb843783) ld      a5, -72(s0)
core   0: 3 0x000000008000ff32 (0xfb843783) x15 0x000000000000009c mem 0x0000000080031f28
core   0: 0x000000008000ff36 (0x000097ba) c.add   a5, a4
core   0: 3 0x000000008000ff36 (0x97ba) x15 0x00000000800120dc
core   0: 0x000000008000ff38 (0xfe043703) ld      a4, -32(s0)
core   0: 3 0x000000008000ff38 (0xfe043703) x14 0x000000008001207e mem 0x0000000080031f50
core   0: 0x000000008000ff3c (0xfcf76de3) bltu    a4, a5, pc - 38
core   0: 3 0x000000008000ff3c (0xfcf76de3)
core   0: 0x000000008000ff16 (0xfe043783) ld      a5, -32(s0)
core   0: 3 0x000000008000ff16 (0xfe043783) x15 0x000000008001207e mem 0x0000000080031f50
core   0: 0x000000008000ff1a (0x00178713) addi    a4, a5, 1
core   0: 3 0x000000008000ff1a (0x00178713) x14 0x000000008001207f
core   0: 0x000000008000ff1e (0xfee43023) sd      a4, -32(s0)
core   0: 3 0x000000008000ff1e (0xfee43023) mem 0x0000000080031f50 0x000000008001207f
core   0: 0x000000008000ff22 (0xfc442703) lw      a4, -60(s0)
core   0: 3 0x000000008000ff22 (0xfc442703) x14 0x0000000000000000 mem 0x0000000080031f34
core   0: 0x000000008000ff26 (0x0ff77713) andi    a4, a4, 255
core   0: 3 0x000000008000ff26 (0x0ff77713) x14 0x0000000000000000
core   0: 0x000000008000ff2a (0x00e78023) sb      a4, 0(a5)
core   0: 3 0x000000008000ff2a (0x00e78023) mem 0x000000008001207e 0x00
core   0: 0x000000008000ff2e (0xfc843703) ld      a4, -56(s0)
core   0: 3 0x000000008000ff2e (0xfc843703) x14 0x0000000080012040 mem 0x0000000080031f38
core   0: 0x000000008000ff32 (0xfb843783) ld      a5, -72(s0)
core   0: 3 0x000000008000ff32 (0xfb843783) x15 0x000000000000009c mem 0x0000000080031f28
core   0: 0x000000008000ff36 (0x000097ba) c.add   a5, a4
core   0: 3 0x000000008000ff36 (0x97ba) x15 0x00000000800120dc
core   0: 0x000000008000ff38 (0xfe043703) ld      a4, -32(s0)
core   0: 3 0x000000008000ff38 (0xfe043703) x14 0x000000008001207f mem 0x0000000080031f50
core   0: 0x000000008000ff3c (0xfcf76de3) bltu    a4, a5, pc - 38
core   0: 3 0x000000008000ff3c (0xfcf76de3)
core   0: 0x000000008000ff16 (0xfe043783) ld      a5, -32(s0)
core   0: 3 0x000000008000ff16 (0xfe043783) x15 0x000000008001207f mem 0x0000000080031f50
core   0: 0x000000008000ff1a (0x00178713) addi    a4, a5, 1
core   0: 3 0x000000008000ff1a (0x00178713) x14 0x0000000080012080
core   0: 0x000000008000ff1e (0xfee43023) sd      a4, -32(s0)
core   0: 3 0x000000008000ff1e (0xfee43023) mem 0x0000000080031f50 0x0000000080012080
core   0: 0x000000008000ff22 (0xfc442703) lw      a4, -60(s0)
core   0: 3 0x000000008000ff22 (0xfc442703) x14 0x0000000000000000 mem 0x0000000080031f34
core   0: 0x000000008000ff26 (0x0ff77713) andi    a4, a4, 255
core   0: 3 0x000000008000ff26 (0x0ff77713) x14 0x0000000000000000
core   0: 0x000000008000ff2a (0x00e78023) sb      a4, 0(a5)
core   0: 3 0x000000008000ff2a (0x00e78023) mem 0x000000008001207f 0x00
core   0: 0x000000008000ff2e (0xfc843703) ld      a4, -56(s0)
core   0: 3 0x000000008000ff2e (0xfc843703) x14 0x0000000080012040 mem 0x0000000080031f38
core   0: 0x000000008000ff32 (0xfb843783) ld      a5, -72(s0)
core   0: 3 0x000000008000ff32 (0xfb843783) x15 0x000000000000009c mem 0x0000000080031f28
core   0: 0x000000008000ff36 (0x000097ba) c.add   a5, a4
core   0: 3 0x000000008000ff36 (0x97ba) x15 0x00000000800120dc
core   0: 0x000000008000ff38 (0xfe043703) ld      a4, -32(s0)
core   0: 3 0x000000008000ff38 (0xfe043703) x14 0x0000000080012080 mem 0x0000000080031f50
core   0: 0x000000008000ff3c (0xfcf76de3) bltu    a4, a5, pc - 38
core   0: 3 0x000000008000ff3c (0xfcf76de3)
core   0: 0x000000008000ff16 (0xfe043783) ld      a5, -32(s0)
core   0: 3 0x000000008000ff16 (0xfe043783) x15 0x0000000080012080 mem 0x0000000080031f50
core   0: 0x000000008000ff1a (0x00178713) addi    a4, a5, 1
core   0: 3 0x000000008000ff1a (0x00178713) x14 0x0000000080012081
core   0: 0x000000008000ff1e (0xfee43023) sd      a4, -32(s0)
core   0: 3 0x000000008000ff1e (0xfee43023) mem 0x0000000080031f50 0x0000000080012081
core   0: 0x000000008000ff22 (0xfc442703) lw      a4, -60(s0)
core   0: 3 0x000000008000ff22 (0xfc442703) x14 0x0000000000000000 mem 0x0000000080031f34
core   0: 0x000000008000ff26 (0x0ff77713) andi    a4, a4, 255
core   0: 3 0x000000008000ff26 (0x0ff77713) x14 0x0000000000000000
core   0: 0x000000008000ff2a (0x00e78023) sb      a4, 0(a5)
core   0: 3 0x000000008000ff2a (0x00e78023) mem 0x0000000080012080 0x00
core   0: 0x000000008000ff2e (0xfc843703) ld      a4, -56(s0)
core   0: 3 0x000000008000ff2e (0xfc843703) x14 0x0000000080012040 mem 0x0000000080031f38
core   0: 0x000000008000ff32 (0xfb843783) ld      a5, -72(s0)
core   0: 3 0x000000008000ff32 (0xfb843783) x15 0x000000000000009c mem 0x0000000080031f28
core   0: 0x000000008000ff36 (0x000097ba) c.add   a5, a4
core   0: 3 0x000000008000ff36 (0x97ba) x15 0x00000000800120dc
core   0: 0x000000008000ff38 (0xfe043703) ld      a4, -32(s0)
core   0: 3 0x000000008000ff38 (0xfe043703) x14 0x0000000080012081 mem 0x0000000080031f50
core   0: 0x000000008000ff3c (0xfcf76de3) bltu    a4, a5, pc - 38
core   0: 3 0x000000008000ff3c (0xfcf76de3)
core   0: 0x000000008000ff16 (0xfe043783) ld      a5, -32(s0)
core   0: 3 0x000000008000ff16 (0xfe043783) x15 0x0000000080012081 mem 0x0000000080031f50
core   0: 0x000000008000ff1a (0x00178713) addi    a4, a5, 1
core   0: 3 0x000000008000ff1a (0x00178713) x14 0x0000000080012082
core   0: 0x000000008000ff1e (0xfee43023) sd      a4, -32(s0)
core   0: 3 0x000000008000ff1e (0xfee43023) mem 0x0000000080031f50 0x0000000080012082
core   0: 0x000000008000ff22 (0xfc442703) lw      a4, -60(s0)
core   0: 3 0x000000008000ff22 (0xfc442703) x14 0x0000000000000000 mem 0x0000000080031f34
core   0: 0x000000008000ff26 (0x0ff77713) andi    a4, a4, 255
core   0: 3 0x000000008000ff26 (0x0ff77713) x14 0x0000000000000000
core   0: 0x000000008000ff2a (0x00e78023) sb      a4, 0(a5)
core   0: 3 0x000000008000ff2a (0x00e78023) mem 0x0000000080012081 0x00
core   0: 0x000000008000ff2e (0xfc843703) ld      a4, -56(s0)
core   0: 3 0x000000008000ff2e (0xfc843703) x14 0x0000000080012040 mem 0x0000000080031f38
core   0: 0x000000008000ff32 (0xfb843783) ld      a5, -72(s0)
core   0: 3 0x000000008000ff32 (0xfb843783) x15 0x000000000000009c mem 0x0000000080031f28
core   0: 0x000000008000ff36 (0x000097ba) c.add   a5, a4
core   0: 3 0x000000008000ff36 (0x97ba) x15 0x00000000800120dc
core   0: 0x000000008000ff38 (0xfe043703) ld      a4, -32(s0)
core   0: 3 0x000000008000ff38 (0xfe043703) x14 0x0000000080012082 mem 0x0000000080031f50
core   0: 0x000000008000ff3c (0xfcf76de3) bltu    a4, a5, pc - 38
core   0: 3 0x000000008000ff3c (0xfcf76de3)
core   0: 0x000000008000ff16 (0xfe043783) ld      a5, -32(s0)
core   0: 3 0x000000008000ff16 (0xfe043783) x15 0x0000000080012082 mem 0x0000000080031f50
core   0: 0x000000008000ff1a (0x00178713) addi    a4, a5, 1
core   0: 3 0x000000008000ff1a (0x00178713) x14 0x0000000080012083
core   0: 0x000000008000ff1e (0xfee43023) sd      a4, -32(s0)
core   0: 3 0x000000008000ff1e (0xfee43023) mem 0x0000000080031f50 0x0000000080012083
core   0: 0x000000008000ff22 (0xfc442703) lw      a4, -60(s0)
core   0: 3 0x000000008000ff22 (0xfc442703) x14 0x0000000000000000 mem 0x0000000080031f34
core   0: 0x000000008000ff26 (0x0ff77713) andi    a4, a4, 255
core   0: 3 0x000000008000ff26 (0x0ff77713) x14 0x0000000000000000
core   0: 0x000000008000ff2a (0x00e78023) sb      a4, 0(a5)
core   0: 3 0x000000008000ff2a (0x00e78023) mem 0x0000000080012082 0x00
core   0: 0x000000008000ff2e (0xfc843703) ld      a4, -56(s0)
core   0: 3 0x000000008000ff2e (0xfc843703) x14 0x0000000080012040 mem 0x0000000080031f38
core   0: 0x000000008000ff32 (0xfb843783) ld      a5, -72(s0)
core   0: 3 0x000000008000ff32 (0xfb843783) x15 0x000000000000009c mem 0x0000000080031f28
core   0: 0x000000008000ff36 (0x000097ba) c.add   a5, a4
core   0: 3 0x000000008000ff36 (0x97ba) x15 0x00000000800120dc
core   0: 0x000000008000ff38 (0xfe043703) ld      a4, -32(s0)
core   0: 3 0x000000008000ff38 (0xfe043703) x14 0x0000000080012083 mem 0x0000000080031f50
core   0: 0x000000008000ff3c (0xfcf76de3) bltu    a4, a5, pc - 38
core   0: 3 0x000000008000ff3c (0xfcf76de3)
core   0: 0x000000008000ff16 (0xfe043783) ld      a5, -32(s0)
core   0: 3 0x000000008000ff16 (0xfe043783) x15 0x0000000080012083 mem 0x0000000080031f50
core   0: 0x000000008000ff1a (0x00178713) addi    a4, a5, 1
core   0: 3 0x000000008000ff1a (0x00178713) x14 0x0000000080012084
core   0: 0x000000008000ff1e (0xfee43023) sd      a4, -32(s0)
core   0: 3 0x000000008000ff1e (0xfee43023) mem 0x0000000080031f50 0x0000000080012084
core   0: 0x000000008000ff22 (0xfc442703) lw      a4, -60(s0)
core   0: 3 0x000000008000ff22 (0xfc442703) x14 0x0000000000000000 mem 0x0000000080031f34
core   0: 0x000000008000ff26 (0x0ff77713) andi    a4, a4, 255
core   0: 3 0x000000008000ff26 (0x0ff77713) x14 0x0000000000000000
core   0: 0x000000008000ff2a (0x00e78023) sb      a4, 0(a5)
core   0: 3 0x000000008000ff2a (0x00e78023) mem 0x0000000080012083 0x00
core   0: 0x000000008000ff2e (0xfc843703) ld      a4, -56(s0)
core   0: 3 0x000000008000ff2e (0xfc843703) x14 0x0000000080012040 mem 0x0000000080031f38
core   0: 0x000000008000ff32 (0xfb843783) ld      a5, -72(s0)
core   0: 3 0x000000008000ff32 (0xfb843783) x15 0x000000000000009c mem 0x0000000080031f28
core   0: 0x000000008000ff36 (0x000097ba) c.add   a5, a4
core   0: 3 0x000000008000ff36 (0x97ba) x15 0x00000000800120dc
core   0: 0x000000008000ff38 (0xfe043703) ld      a4, -32(s0)
core   0: 3 0x000000008000ff38 (0xfe043703) x14 0x0000000080012084 mem 0x0000000080031f50
core   0: 0x000000008000ff3c (0xfcf76de3) bltu    a4, a5, pc - 38
core   0: 3 0x000000008000ff3c (0xfcf76de3)
core   0: 0x000000008000ff16 (0xfe043783) ld      a5, -32(s0)
core   0: 3 0x000000008000ff16 (0xfe043783) x15 0x0000000080012084 mem 0x0000000080031f50
core   0: 0x000000008000ff1a (0x00178713) addi    a4, a5, 1
core   0: 3 0x000000008000ff1a (0x00178713) x14 0x0000000080012085
core   0: 0x000000008000ff1e (0xfee43023) sd      a4, -32(s0)
core   0: 3 0x000000008000ff1e (0xfee43023) mem 0x0000000080031f50 0x0000000080012085
core   0: 0x000000008000ff22 (0xfc442703) lw      a4, -60(s0)
core   0: 3 0x000000008000ff22 (0xfc442703) x14 0x0000000000000000 mem 0x0000000080031f34
core   0: 0x000000008000ff26 (0x0ff77713) andi    a4, a4, 255
core   0: 3 0x000000008000ff26 (0x0ff77713) x14 0x0000000000000000
core   0: 0x000000008000ff2a (0x00e78023) sb      a4, 0(a5)
core   0: 3 0x000000008000ff2a (0x00e78023) mem 0x0000000080012084 0x00
core   0: 0x000000008000ff2e (0xfc843703) ld      a4, -56(s0)
core   0: 3 0x000000008000ff2e (0xfc843703) x14 0x0000000080012040 mem 0x0000000080031f38
core   0: 0x000000008000ff32 (0xfb843783) ld      a5, -72(s0)
core   0: 3 0x000000008000ff32 (0xfb843783) x15 0x000000000000009c mem 0x0000000080031f28
core   0: 0x000000008000ff36 (0x000097ba) c.add   a5, a4
core   0: 3 0x000000008000ff36 (0x97ba) x15 0x00000000800120dc
core   0: 0x000000008000ff38 (0xfe043703) ld      a4, -32(s0)
core   0: 3 0x000000008000ff38 (0xfe043703) x14 0x0000000080012085 mem 0x0000000080031f50
core   0: 0x000000008000ff3c (0xfcf76de3) bltu    a4, a5, pc - 38
core   0: 3 0x000000008000ff3c (0xfcf76de3)
core   0: 0x000000008000ff16 (0xfe043783) ld      a5, -32(s0)
core   0: 3 0x000000008000ff16 (0xfe043783) x15 0x0000000080012085 mem 0x0000000080031f50
core   0: 0x000000008000ff1a (0x00178713) addi    a4, a5, 1
core   0: 3 0x000000008000ff1a (0x00178713) x14 0x0000000080012086
core   0: 0x000000008000ff1e (0xfee43023) sd      a4, -32(s0)
core   0: 3 0x000000008000ff1e (0xfee43023) mem 0x0000000080031f50 0x0000000080012086
core   0: 0x000000008000ff22 (0xfc442703) lw      a4, -60(s0)
core   0: 3 0x000000008000ff22 (0xfc442703) x14 0x0000000000000000 mem 0x0000000080031f34
core   0: 0x000000008000ff26 (0x0ff77713) andi    a4, a4, 255
core   0: 3 0x000000008000ff26 (0x0ff77713) x14 0x0000000000000000
core   0: 0x000000008000ff2a (0x00e78023) sb      a4, 0(a5)
core   0: 3 0x000000008000ff2a (0x00e78023) mem 0x0000000080012085 0x00
core   0: 0x000000008000ff2e (0xfc843703) ld      a4, -56(s0)
core   0: 3 0x000000008000ff2e (0xfc843703) x14 0x0000000080012040 mem 0x0000000080031f38
core   0: 0x000000008000ff32 (0xfb843783) ld      a5, -72(s0)
core   0: 3 0x000000008000ff32 (0xfb843783) x15 0x000000000000009c mem 0x0000000080031f28
core   0: 0x000000008000ff36 (0x000097ba) c.add   a5, a4
core   0: 3 0x000000008000ff36 (0x97ba) x15 0x00000000800120dc
core   0: 0x000000008000ff38 (0xfe043703) ld      a4, -32(s0)
core   0: 3 0x000000008000ff38 (0xfe043703) x14 0x0000000080012086 mem 0x0000000080031f50
core   0: 0x000000008000ff3c (0xfcf76de3) bltu    a4, a5, pc - 38
core   0: 3 0x000000008000ff3c (0xfcf76de3)
core   0: 0x000000008000ff16 (0xfe043783) ld      a5, -32(s0)
core   0: 3 0x000000008000ff16 (0xfe043783) x15 0x0000000080012086 mem 0x0000000080031f50
core   0: 0x000000008000ff1a (0x00178713) addi    a4, a5, 1
core   0: 3 0x000000008000ff1a (0x00178713) x14 0x0000000080012087
core   0: 0x000000008000ff1e (0xfee43023) sd      a4, -32(s0)
core   0: 3 0x000000008000ff1e (0xfee43023) mem 0x0000000080031f50 0x0000000080012087
core   0: 0x000000008000ff22 (0xfc442703) lw      a4, -60(s0)
core   0: 3 0x000000008000ff22 (0xfc442703) x14 0x0000000000000000 mem 0x0000000080031f34
core   0: 0x000000008000ff26 (0x0ff77713) andi    a4, a4, 255
core   0: 3 0x000000008000ff26 (0x0ff77713) x14 0x0000000000000000
core   0: 0x000000008000ff2a (0x00e78023) sb      a4, 0(a5)
core   0: 3 0x000000008000ff2a (0x00e78023) mem 0x0000000080012086 0x00
core   0: 0x000000008000ff2e (0xfc843703) ld      a4, -56(s0)
core   0: 3 0x000000008000ff2e (0xfc843703) x14 0x0000000080012040 mem 0x0000000080031f38
core   0: 0x000000008000ff32 (0xfb843783) ld      a5, -72(s0)
core   0: 3 0x000000008000ff32 (0xfb843783) x15 0x000000000000009c mem 0x0000000080031f28
core   0: 0x000000008000ff36 (0x000097ba) c.add   a5, a4
core   0: 3 0x000000008000ff36 (0x97ba) x15 0x00000000800120dc
core   0: 0x000000008000ff38 (0xfe043703) ld      a4, -32(s0)
core   0: 3 0x000000008000ff38 (0xfe043703) x14 0x0000000080012087 mem 0x0000000080031f50
core   0: 0x000000008000ff3c (0xfcf76de3) bltu    a4, a5, pc - 38
core   0: 3 0x000000008000ff3c (0xfcf76de3)
core   0: 0x000000008000ff16 (0xfe043783) ld      a5, -32(s0)
core   0: 3 0x000000008000ff16 (0xfe043783) x15 0x0000000080012087 mem 0x0000000080031f50
core   0: 0x000000008000ff1a (0x00178713) addi    a4, a5, 1
core   0: 3 0x000000008000ff1a (0x00178713) x14 0x0000000080012088
core   0: 0x000000008000ff1e (0xfee43023) sd      a4, -32(s0)
core   0: 3 0x000000008000ff1e (0xfee43023) mem 0x0000000080031f50 0x0000000080012088
core   0: 0x000000008000ff22 (0xfc442703) lw      a4, -60(s0)
core   0: 3 0x000000008000ff22 (0xfc442703) x14 0x0000000000000000 mem 0x0000000080031f34
core   0: 0x000000008000ff26 (0x0ff77713) andi    a4, a4, 255
core   0: 3 0x000000008000ff26 (0x0ff77713) x14 0x0000000000000000
core   0: 0x000000008000ff2a (0x00e78023) sb      a4, 0(a5)
core   0: 3 0x000000008000ff2a (0x00e78023) mem 0x0000000080012087 0x00
core   0: 0x000000008000ff2e (0xfc843703) ld      a4, -56(s0)
core   0: 3 0x000000008000ff2e (0xfc843703) x14 0x0000000080012040 mem 0x0000000080031f38
core   0: 0x000000008000ff32 (0xfb843783) ld      a5, -72(s0)
core   0: 3 0x000000008000ff32 (0xfb843783) x15 0x000000000000009c mem 0x0000000080031f28
core   0: 0x000000008000ff36 (0x000097ba) c.add   a5, a4
core   0: 3 0x000000008000ff36 (0x97ba) x15 0x00000000800120dc
core   0: 0x000000008000ff38 (0xfe043703) ld      a4, -32(s0)
core   0: 3 0x000000008000ff38 (0xfe043703) x14 0x0000000080012088 mem 0x0000000080031f50
core   0: 0x000000008000ff3c (0xfcf76de3) bltu    a4, a5, pc - 38
core   0: 3 0x000000008000ff3c (0xfcf76de3)
core   0: 0x000000008000ff16 (0xfe043783) ld      a5, -32(s0)
core   0: 3 0x000000008000ff16 (0xfe043783) x15 0x0000000080012088 mem 0x0000000080031f50
core   0: 0x000000008000ff1a (0x00178713) addi    a4, a5, 1
core   0: 3 0x000000008000ff1a (0x00178713) x14 0x0000000080012089
core   0: 0x000000008000ff1e (0xfee43023) sd      a4, -32(s0)
core   0: 3 0x000000008000ff1e (0xfee43023) mem 0x0000000080031f50 0x0000000080012089
core   0: 0x000000008000ff22 (0xfc442703) lw      a4, -60(s0)
core   0: 3 0x000000008000ff22 (0xfc442703) x14 0x0000000000000000 mem 0x0000000080031f34
core   0: 0x000000008000ff26 (0x0ff77713) andi    a4, a4, 255
core   0: 3 0x000000008000ff26 (0x0ff77713) x14 0x0000000000000000
core   0: 0x000000008000ff2a (0x00e78023) sb      a4, 0(a5)
core   0: 3 0x000000008000ff2a (0x00e78023) mem 0x0000000080012088 0x00
core   0: 0x000000008000ff2e (0xfc843703) ld      a4, -56(s0)
core   0: 3 0x000000008000ff2e (0xfc843703) x14 0x0000000080012040 mem 0x0000000080031f38
core   0: 0x000000008000ff32 (0xfb843783) ld      a5, -72(s0)
core   0: 3 0x000000008000ff32 (0xfb843783) x15 0x000000000000009c mem 0x0000000080031f28
core   0: 0x000000008000ff36 (0x000097ba) c.add   a5, a4
core   0: 3 0x000000008000ff36 (0x97ba) x15 0x00000000800120dc
core   0: 0x000000008000ff38 (0xfe043703) ld      a4, -32(s0)
core   0: 3 0x000000008000ff38 (0xfe043703) x14 0x0000000080012089 mem 0x0000000080031f50
core   0: 0x000000008000ff3c (0xfcf76de3) bltu    a4, a5, pc - 38
core   0: 3 0x000000008000ff3c (0xfcf76de3)
core   0: 0x000000008000ff16 (0xfe043783) ld      a5, -32(s0)
core   0: 3 0x000000008000ff16 (0xfe043783) x15 0x0000000080012089 mem 0x0000000080031f50
core   0: 0x000000008000ff1a (0x00178713) addi    a4, a5, 1
core   0: 3 0x000000008000ff1a (0x00178713) x14 0x000000008001208a
core   0: 0x000000008000ff1e (0xfee43023) sd      a4, -32(s0)
core   0: 3 0x000000008000ff1e (0xfee43023) mem 0x0000000080031f50 0x000000008001208a
core   0: 0x000000008000ff22 (0xfc442703) lw      a4, -60(s0)
core   0: 3 0x000000008000ff22 (0xfc442703) x14 0x0000000000000000 mem 0x0000000080031f34
core   0: 0x000000008000ff26 (0x0ff77713) andi    a4, a4, 255
core   0: 3 0x000000008000ff26 (0x0ff77713) x14 0x0000000000000000
core   0: 0x000000008000ff2a (0x00e78023) sb      a4, 0(a5)
core   0: 3 0x000000008000ff2a (0x00e78023) mem 0x0000000080012089 0x00
core   0: 0x000000008000ff2e (0xfc843703) ld      a4, -56(s0)
core   0: 3 0x000000008000ff2e (0xfc843703) x14 0x0000000080012040 mem 0x0000000080031f38
core   0: 0x000000008000ff32 (0xfb843783) ld      a5, -72(s0)
core   0: 3 0x000000008000ff32 (0xfb843783) x15 0x000000000000009c mem 0x0000000080031f28
core   0: 0x000000008000ff36 (0x000097ba) c.add   a5, a4
core   0: 3 0x000000008000ff36 (0x97ba) x15 0x00000000800120dc
core   0: 0x000000008000ff38 (0xfe043703) ld      a4, -32(s0)
core   0: 3 0x000000008000ff38 (0xfe043703) x14 0x000000008001208a mem 0x0000000080031f50
core   0: 0x000000008000ff3c (0xfcf76de3) bltu    a4, a5, pc - 38
core   0: 3 0x000000008000ff3c (0xfcf76de3)
core   0: 0x000000008000ff16 (0xfe043783) ld      a5, -32(s0)
core   0: 3 0x000000008000ff16 (0xfe043783) x15 0x000000008001208a mem 0x0000000080031f50
core   0: 0x000000008000ff1a (0x00178713) addi    a4, a5, 1
core   0: 3 0x000000008000ff1a (0x00178713) x14 0x000000008001208b
core   0: 0x000000008000ff1e (0xfee43023) sd      a4, -32(s0)
core   0: 3 0x000000008000ff1e (0xfee43023) mem 0x0000000080031f50 0x000000008001208b
core   0: 0x000000008000ff22 (0xfc442703) lw      a4, -60(s0)
core   0: 3 0x000000008000ff22 (0xfc442703) x14 0x0000000000000000 mem 0x0000000080031f34
core   0: 0x000000008000ff26 (0x0ff77713) andi    a4, a4, 255
core   0: 3 0x000000008000ff26 (0x0ff77713) x14 0x0000000000000000
core   0: 0x000000008000ff2a (0x00e78023) sb      a4, 0(a5)
core   0: 3 0x000000008000ff2a (0x00e78023) mem 0x000000008001208a 0x00
core   0: 0x000000008000ff2e (0xfc843703) ld      a4, -56(s0)
core   0: 3 0x000000008000ff2e (0xfc843703) x14 0x0000000080012040 mem 0x0000000080031f38
core   0: 0x000000008000ff32 (0xfb843783) ld      a5, -72(s0)
core   0: 3 0x000000008000ff32 (0xfb843783) x15 0x000000000000009c mem 0x0000000080031f28
core   0: 0x000000008000ff36 (0x000097ba) c.add   a5, a4
core   0: 3 0x000000008000ff36 (0x97ba) x15 0x00000000800120dc
core   0: 0x000000008000ff38 (0xfe043703) ld      a4, -32(s0)
core   0: 3 0x000000008000ff38 (0xfe043703) x14 0x000000008001208b mem 0x0000000080031f50
core   0: 0x000000008000ff3c (0xfcf76de3) bltu    a4, a5, pc - 38
core   0: 3 0x000000008000ff3c (0xfcf76de3)
core   0: 0x000000008000ff16 (0xfe043783) ld      a5, -32(s0)
core   0: 3 0x000000008000ff16 (0xfe043783) x15 0x000000008001208b mem 0x0000000080031f50
core   0: 0x000000008000ff1a (0x00178713) addi    a4, a5, 1
core   0: 3 0x000000008000ff1a (0x00178713) x14 0x000000008001208c
core   0: 0x000000008000ff1e (0xfee43023) sd      a4, -32(s0)
core   0: 3 0x000000008000ff1e (0xfee43023) mem 0x0000000080031f50 0x000000008001208c
core   0: 0x000000008000ff22 (0xfc442703) lw      a4, -60(s0)
core   0: 3 0x000000008000ff22 (0xfc442703) x14 0x0000000000000000 mem 0x0000000080031f34
core   0: 0x000000008000ff26 (0x0ff77713) andi    a4, a4, 255
core   0: 3 0x000000008000ff26 (0x0ff77713) x14 0x0000000000000000
core   0: 0x000000008000ff2a (0x00e78023) sb      a4, 0(a5)
core   0: 3 0x000000008000ff2a (0x00e78023) mem 0x000000008001208b 0x00
core   0: 0x000000008000ff2e (0xfc843703) ld      a4, -56(s0)
core   0: 3 0x000000008000ff2e (0xfc843703) x14 0x0000000080012040 mem 0x0000000080031f38
core   0: 0x000000008000ff32 (0xfb843783) ld      a5, -72(s0)
core   0: 3 0x000000008000ff32 (0xfb843783) x15 0x000000000000009c mem 0x0000000080031f28
core   0: 0x000000008000ff36 (0x000097ba) c.add   a5, a4
core   0: 3 0x000000008000ff36 (0x97ba) x15 0x00000000800120dc
core   0: 0x000000008000ff38 (0xfe043703) ld      a4, -32(s0)
core   0: 3 0x000000008000ff38 (0xfe043703) x14 0x000000008001208c mem 0x0000000080031f50
core   0: 0x000000008000ff3c (0xfcf76de3) bltu    a4, a5, pc - 38
core   0: 3 0x000000008000ff3c (0xfcf76de3)
core   0: 0x000000008000ff16 (0xfe043783) ld      a5, -32(s0)
core   0: 3 0x000000008000ff16 (0xfe043783) x15 0x000000008001208c mem 0x0000000080031f50
core   0: 0x000000008000ff1a (0x00178713) addi    a4, a5, 1
core   0: 3 0x000000008000ff1a (0x00178713) x14 0x000000008001208d
core   0: 0x000000008000ff1e (0xfee43023) sd      a4, -32(s0)
core   0: 3 0x000000008000ff1e (0xfee43023) mem 0x0000000080031f50 0x000000008001208d
core   0: 0x000000008000ff22 (0xfc442703) lw      a4, -60(s0)
core   0: 3 0x000000008000ff22 (0xfc442703) x14 0x0000000000000000 mem 0x0000000080031f34
core   0: 0x000000008000ff26 (0x0ff77713) andi    a4, a4, 255
core   0: 3 0x000000008000ff26 (0x0ff77713) x14 0x0000000000000000
core   0: 0x000000008000ff2a (0x00e78023) sb      a4, 0(a5)
core   0: 3 0x000000008000ff2a (0x00e78023) mem 0x000000008001208c 0x00
core   0: 0x000000008000ff2e (0xfc843703) ld      a4, -56(s0)
core   0: 3 0x000000008000ff2e (0xfc843703) x14 0x0000000080012040 mem 0x0000000080031f38
core   0: 0x000000008000ff32 (0xfb843783) ld      a5, -72(s0)
core   0: 3 0x000000008000ff32 (0xfb843783) x15 0x000000000000009c mem 0x0000000080031f28
core   0: 0x000000008000ff36 (0x000097ba) c.add   a5, a4
core   0: 3 0x000000008000ff36 (0x97ba) x15 0x00000000800120dc
core   0: 0x000000008000ff38 (0xfe043703) ld      a4, -32(s0)
core   0: 3 0x000000008000ff38 (0xfe043703) x14 0x000000008001208d mem 0x0000000080031f50
core   0: 0x000000008000ff3c (0xfcf76de3) bltu    a4, a5, pc - 38
core   0: 3 0x000000008000ff3c (0xfcf76de3)
core   0: 0x000000008000ff16 (0xfe043783) ld      a5, -32(s0)
core   0: 3 0x000000008000ff16 (0xfe043783) x15 0x000000008001208d mem 0x0000000080031f50
core   0: 0x000000008000ff1a (0x00178713) addi    a4, a5, 1
core   0: 3 0x000000008000ff1a (0x00178713) x14 0x000000008001208e
core   0: 0x000000008000ff1e (0xfee43023) sd      a4, -32(s0)
core   0: 3 0x000000008000ff1e (0xfee43023) mem 0x0000000080031f50 0x000000008001208e
core   0: 0x000000008000ff22 (0xfc442703) lw      a4, -60(s0)
core   0: 3 0x000000008000ff22 (0xfc442703) x14 0x0000000000000000 mem 0x0000000080031f34
core   0: 0x000000008000ff26 (0x0ff77713) andi    a4, a4, 255
core   0: 3 0x000000008000ff26 (0x0ff77713) x14 0x0000000000000000
core   0: 0x000000008000ff2a (0x00e78023) sb      a4, 0(a5)
core   0: 3 0x000000008000ff2a (0x00e78023) mem 0x000000008001208d 0x00
core   0: 0x000000008000ff2e (0xfc843703) ld      a4, -56(s0)
core   0: 3 0x000000008000ff2e (0xfc843703) x14 0x0000000080012040 mem 0x0000000080031f38
core   0: 0x000000008000ff32 (0xfb843783) ld      a5, -72(s0)
core   0: 3 0x000000008000ff32 (0xfb843783) x15 0x000000000000009c mem 0x0000000080031f28
core   0: 0x000000008000ff36 (0x000097ba) c.add   a5, a4
core   0: 3 0x000000008000ff36 (0x97ba) x15 0x00000000800120dc
core   0: 0x000000008000ff38 (0xfe043703) ld      a4, -32(s0)
core   0: 3 0x000000008000ff38 (0xfe043703) x14 0x000000008001208e mem 0x0000000080031f50
core   0: 0x000000008000ff3c (0xfcf76de3) bltu    a4, a5, pc - 38
core   0: 3 0x000000008000ff3c (0xfcf76de3)
core   0: 0x000000008000ff16 (0xfe043783) ld      a5, -32(s0)
core   0: 3 0x000000008000ff16 (0xfe043783) x15 0x000000008001208e mem 0x0000000080031f50
core   0: 0x000000008000ff1a (0x00178713) addi    a4, a5, 1
core   0: 3 0x000000008000ff1a (0x00178713) x14 0x000000008001208f
core   0: 0x000000008000ff1e (0xfee43023) sd      a4, -32(s0)
core   0: 3 0x000000008000ff1e (0xfee43023) mem 0x0000000080031f50 0x000000008001208f
core   0: 0x000000008000ff22 (0xfc442703) lw      a4, -60(s0)
core   0: 3 0x000000008000ff22 (0xfc442703) x14 0x0000000000000000 mem 0x0000000080031f34
core   0: 0x000000008000ff26 (0x0ff77713) andi    a4, a4, 255
core   0: 3 0x000000008000ff26 (0x0ff77713) x14 0x0000000000000000
core   0: 0x000000008000ff2a (0x00e78023) sb      a4, 0(a5)
core   0: 3 0x000000008000ff2a (0x00e78023) mem 0x000000008001208e 0x00
core   0: 0x000000008000ff2e (0xfc843703) ld      a4, -56(s0)
core   0: 3 0x000000008000ff2e (0xfc843703) x14 0x0000000080012040 mem 0x0000000080031f38
core   0: 0x000000008000ff32 (0xfb843783) ld      a5, -72(s0)
core   0: 3 0x000000008000ff32 (0xfb843783) x15 0x000000000000009c mem 0x0000000080031f28
core   0: 0x000000008000ff36 (0x000097ba) c.add   a5, a4
core   0: 3 0x000000008000ff36 (0x97ba) x15 0x00000000800120dc
core   0: 0x000000008000ff38 (0xfe043703) ld      a4, -32(s0)
core   0: 3 0x000000008000ff38 (0xfe043703) x14 0x000000008001208f mem 0x0000000080031f50
core   0: 0x000000008000ff3c (0xfcf76de3) bltu    a4, a5, pc - 38
core   0: 3 0x000000008000ff3c (0xfcf76de3)
core   0: 0x000000008000ff16 (0xfe043783) ld      a5, -32(s0)
core   0: 3 0x000000008000ff16 (0xfe043783) x15 0x000000008001208f mem 0x0000000080031f50
core   0: 0x000000008000ff1a (0x00178713) addi    a4, a5, 1
core   0: 3 0x000000008000ff1a (0x00178713) x14 0x0000000080012090
core   0: 0x000000008000ff1e (0xfee43023) sd      a4, -32(s0)
core   0: 3 0x000000008000ff1e (0xfee43023) mem 0x0000000080031f50 0x0000000080012090
core   0: 0x000000008000ff22 (0xfc442703) lw      a4, -60(s0)
core   0: 3 0x000000008000ff22 (0xfc442703) x14 0x0000000000000000 mem 0x0000000080031f34
core   0: 0x000000008000ff26 (0x0ff77713) andi    a4, a4, 255
core   0: 3 0x000000008000ff26 (0x0ff77713) x14 0x0000000000000000
core   0: 0x000000008000ff2a (0x00e78023) sb      a4, 0(a5)
core   0: 3 0x000000008000ff2a (0x00e78023) mem 0x000000008001208f 0x00
core   0: 0x000000008000ff2e (0xfc843703) ld      a4, -56(s0)
core   0: 3 0x000000008000ff2e (0xfc843703) x14 0x0000000080012040 mem 0x0000000080031f38
core   0: 0x000000008000ff32 (0xfb843783) ld      a5, -72(s0)
core   0: 3 0x000000008000ff32 (0xfb843783) x15 0x000000000000009c mem 0x0000000080031f28
core   0: 0x000000008000ff36 (0x000097ba) c.add   a5, a4
core   0: 3 0x000000008000ff36 (0x97ba) x15 0x00000000800120dc
core   0: 0x000000008000ff38 (0xfe043703) ld      a4, -32(s0)
core   0: 3 0x000000008000ff38 (0xfe043703) x14 0x0000000080012090 mem 0x0000000080031f50
core   0: 0x000000008000ff3c (0xfcf76de3) bltu    a4, a5, pc - 38
core   0: 3 0x000000008000ff3c (0xfcf76de3)
core   0: 0x000000008000ff16 (0xfe043783) ld      a5, -32(s0)
core   0: 3 0x000000008000ff16 (0xfe043783) x15 0x0000000080012090 mem 0x0000000080031f50
core   0: 0x000000008000ff1a (0x00178713) addi    a4, a5, 1
core   0: 3 0x000000008000ff1a (0x00178713) x14 0x0000000080012091
core   0: 0x000000008000ff1e (0xfee43023) sd      a4, -32(s0)
core   0: 3 0x000000008000ff1e (0xfee43023) mem 0x0000000080031f50 0x0000000080012091
core   0: 0x000000008000ff22 (0xfc442703) lw      a4, -60(s0)
core   0: 3 0x000000008000ff22 (0xfc442703) x14 0x0000000000000000 mem 0x0000000080031f34
core   0: 0x000000008000ff26 (0x0ff77713) andi    a4, a4, 255
core   0: 3 0x000000008000ff26 (0x0ff77713) x14 0x0000000000000000
core   0: 0x000000008000ff2a (0x00e78023) sb      a4, 0(a5)
core   0: 3 0x000000008000ff2a (0x00e78023) mem 0x0000000080012090 0x00
core   0: 0x000000008000ff2e (0xfc843703) ld      a4, -56(s0)
core   0: 3 0x000000008000ff2e (0xfc843703) x14 0x0000000080012040 mem 0x0000000080031f38
core   0: 0x000000008000ff32 (0xfb843783) ld      a5, -72(s0)
core   0: 3 0x000000008000ff32 (0xfb843783) x15 0x000000000000009c mem 0x0000000080031f28
core   0: 0x000000008000ff36 (0x000097ba) c.add   a5, a4
core   0: 3 0x000000008000ff36 (0x97ba) x15 0x00000000800120dc
core   0: 0x000000008000ff38 (0xfe043703) ld      a4, -32(s0)
core   0: 3 0x000000008000ff38 (0xfe043703) x14 0x0000000080012091 mem 0x0000000080031f50
core   0: 0x000000008000ff3c (0xfcf76de3) bltu    a4, a5, pc - 38
core   0: 3 0x000000008000ff3c (0xfcf76de3)
core   0: 0x000000008000ff16 (0xfe043783) ld      a5, -32(s0)
core   0: 3 0x000000008000ff16 (0xfe043783) x15 0x0000000080012091 mem 0x0000000080031f50
core   0: 0x000000008000ff1a (0x00178713) addi    a4, a5, 1
core   0: 3 0x000000008000ff1a (0x00178713) x14 0x0000000080012092
core   0: 0x000000008000ff1e (0xfee43023) sd      a4, -32(s0)
core   0: 3 0x000000008000ff1e (0xfee43023) mem 0x0000000080031f50 0x0000000080012092
core   0: 0x000000008000ff22 (0xfc442703) lw      a4, -60(s0)
core   0: 3 0x000000008000ff22 (0xfc442703) x14 0x0000000000000000 mem 0x0000000080031f34
core   0: 0x000000008000ff26 (0x0ff77713) andi    a4, a4, 255
core   0: 3 0x000000008000ff26 (0x0ff77713) x14 0x0000000000000000
core   0: 0x000000008000ff2a (0x00e78023) sb      a4, 0(a5)
core   0: 3 0x000000008000ff2a (0x00e78023) mem 0x0000000080012091 0x00
core   0: 0x000000008000ff2e (0xfc843703) ld      a4, -56(s0)
core   0: 3 0x000000008000ff2e (0xfc843703) x14 0x0000000080012040 mem 0x0000000080031f38
core   0: 0x000000008000ff32 (0xfb843783) ld      a5, -72(s0)
core   0: 3 0x000000008000ff32 (0xfb843783) x15 0x000000000000009c mem 0x0000000080031f28
core   0: 0x000000008000ff36 (0x000097ba) c.add   a5, a4
core   0: 3 0x000000008000ff36 (0x97ba) x15 0x00000000800120dc
core   0: 0x000000008000ff38 (0xfe043703) ld      a4, -32(s0)
core   0: 3 0x000000008000ff38 (0xfe043703) x14 0x0000000080012092 mem 0x0000000080031f50
core   0: 0x000000008000ff3c (0xfcf76de3) bltu    a4, a5, pc - 38
core   0: 3 0x000000008000ff3c (0xfcf76de3)
core   0: 0x000000008000ff16 (0xfe043783) ld      a5, -32(s0)
core   0: 3 0x000000008000ff16 (0xfe043783) x15 0x0000000080012092 mem 0x0000000080031f50
core   0: 0x000000008000ff1a (0x00178713) addi    a4, a5, 1
core   0: 3 0x000000008000ff1a (0x00178713) x14 0x0000000080012093
core   0: 0x000000008000ff1e (0xfee43023) sd      a4, -32(s0)
core   0: 3 0x000000008000ff1e (0xfee43023) mem 0x0000000080031f50 0x0000000080012093
core   0: 0x000000008000ff22 (0xfc442703) lw      a4, -60(s0)
core   0: 3 0x000000008000ff22 (0xfc442703) x14 0x0000000000000000 mem 0x0000000080031f34
core   0: 0x000000008000ff26 (0x0ff77713) andi    a4, a4, 255
core   0: 3 0x000000008000ff26 (0x0ff77713) x14 0x0000000000000000
core   0: 0x000000008000ff2a (0x00e78023) sb      a4, 0(a5)
core   0: 3 0x000000008000ff2a (0x00e78023) mem 0x0000000080012092 0x00
core   0: 0x000000008000ff2e (0xfc843703) ld      a4, -56(s0)
core   0: 3 0x000000008000ff2e (0xfc843703) x14 0x0000000080012040 mem 0x0000000080031f38
core   0: 0x000000008000ff32 (0xfb843783) ld      a5, -72(s0)
core   0: 3 0x000000008000ff32 (0xfb843783) x15 0x000000000000009c mem 0x0000000080031f28
core   0: 0x000000008000ff36 (0x000097ba) c.add   a5, a4
core   0: 3 0x000000008000ff36 (0x97ba) x15 0x00000000800120dc
core   0: 0x000000008000ff38 (0xfe043703) ld      a4, -32(s0)
core   0: 3 0x000000008000ff38 (0xfe043703) x14 0x0000000080012093 mem 0x0000000080031f50
core   0: 0x000000008000ff3c (0xfcf76de3) bltu    a4, a5, pc - 38
core   0: 3 0x000000008000ff3c (0xfcf76de3)
core   0: 0x000000008000ff16 (0xfe043783) ld      a5, -32(s0)
core   0: 3 0x000000008000ff16 (0xfe043783) x15 0x0000000080012093 mem 0x0000000080031f50
core   0: 0x000000008000ff1a (0x00178713) addi    a4, a5, 1
core   0: 3 0x000000008000ff1a (0x00178713) x14 0x0000000080012094
core   0: 0x000000008000ff1e (0xfee43023) sd      a4, -32(s0)
core   0: 3 0x000000008000ff1e (0xfee43023) mem 0x0000000080031f50 0x0000000080012094
core   0: 0x000000008000ff22 (0xfc442703) lw      a4, -60(s0)
core   0: 3 0x000000008000ff22 (0xfc442703) x14 0x0000000000000000 mem 0x0000000080031f34
core   0: 0x000000008000ff26 (0x0ff77713) andi    a4, a4, 255
core   0: 3 0x000000008000ff26 (0x0ff77713) x14 0x0000000000000000
core   0: 0x000000008000ff2a (0x00e78023) sb      a4, 0(a5)
core   0: 3 0x000000008000ff2a (0x00e78023) mem 0x0000000080012093 0x00
core   0: 0x000000008000ff2e (0xfc843703) ld      a4, -56(s0)
core   0: 3 0x000000008000ff2e (0xfc843703) x14 0x0000000080012040 mem 0x0000000080031f38
core   0: 0x000000008000ff32 (0xfb843783) ld      a5, -72(s0)
core   0: 3 0x000000008000ff32 (0xfb843783) x15 0x000000000000009c mem 0x0000000080031f28
core   0: 0x000000008000ff36 (0x000097ba) c.add   a5, a4
core   0: 3 0x000000008000ff36 (0x97ba) x15 0x00000000800120dc
core   0: 0x000000008000ff38 (0xfe043703) ld      a4, -32(s0)
core   0: 3 0x000000008000ff38 (0xfe043703) x14 0x0000000080012094 mem 0x0000000080031f50
core   0: 0x000000008000ff3c (0xfcf76de3) bltu    a4, a5, pc - 38
core   0: 3 0x000000008000ff3c (0xfcf76de3)
core   0: 0x000000008000ff16 (0xfe043783) ld      a5, -32(s0)
core   0: 3 0x000000008000ff16 (0xfe043783) x15 0x0000000080012094 mem 0x0000000080031f50
core   0: 0x000000008000ff1a (0x00178713) addi    a4, a5, 1
core   0: 3 0x000000008000ff1a (0x00178713) x14 0x0000000080012095
core   0: 0x000000008000ff1e (0xfee43023) sd      a4, -32(s0)
core   0: 3 0x000000008000ff1e (0xfee43023) mem 0x0000000080031f50 0x0000000080012095
core   0: 0x000000008000ff22 (0xfc442703) lw      a4, -60(s0)
core   0: 3 0x000000008000ff22 (0xfc442703) x14 0x0000000000000000 mem 0x0000000080031f34
core   0: 0x000000008000ff26 (0x0ff77713) andi    a4, a4, 255
core   0: 3 0x000000008000ff26 (0x0ff77713) x14 0x0000000000000000
core   0: 0x000000008000ff2a (0x00e78023) sb      a4, 0(a5)
core   0: 3 0x000000008000ff2a (0x00e78023) mem 0x0000000080012094 0x00
core   0: 0x000000008000ff2e (0xfc843703) ld      a4, -56(s0)
core   0: 3 0x000000008000ff2e (0xfc843703) x14 0x0000000080012040 mem 0x0000000080031f38
core   0: 0x000000008000ff32 (0xfb843783) ld      a5, -72(s0)
core   0: 3 0x000000008000ff32 (0xfb843783) x15 0x000000000000009c mem 0x0000000080031f28
core   0: 0x000000008000ff36 (0x000097ba) c.add   a5, a4
core   0: 3 0x000000008000ff36 (0x97ba) x15 0x00000000800120dc
core   0: 0x000000008000ff38 (0xfe043703) ld      a4, -32(s0)
core   0: 3 0x000000008000ff38 (0xfe043703) x14 0x0000000080012095 mem 0x0000000080031f50
core   0: 0x000000008000ff3c (0xfcf76de3) bltu    a4, a5, pc - 38
core   0: 3 0x000000008000ff3c (0xfcf76de3)
core   0: 0x000000008000ff16 (0xfe043783) ld      a5, -32(s0)
core   0: 3 0x000000008000ff16 (0xfe043783) x15 0x0000000080012095 mem 0x0000000080031f50
core   0: 0x000000008000ff1a (0x00178713) addi    a4, a5, 1
core   0: 3 0x000000008000ff1a (0x00178713) x14 0x0000000080012096
core   0: 0x000000008000ff1e (0xfee43023) sd      a4, -32(s0)
core   0: 3 0x000000008000ff1e (0xfee43023) mem 0x0000000080031f50 0x0000000080012096
core   0: 0x000000008000ff22 (0xfc442703) lw      a4, -60(s0)
core   0: 3 0x000000008000ff22 (0xfc442703) x14 0x0000000000000000 mem 0x0000000080031f34
core   0: 0x000000008000ff26 (0x0ff77713) andi    a4, a4, 255
core   0: 3 0x000000008000ff26 (0x0ff77713) x14 0x0000000000000000
core   0: 0x000000008000ff2a (0x00e78023) sb      a4, 0(a5)
core   0: 3 0x000000008000ff2a (0x00e78023) mem 0x0000000080012095 0x00
core   0: 0x000000008000ff2e (0xfc843703) ld      a4, -56(s0)
core   0: 3 0x000000008000ff2e (0xfc843703) x14 0x0000000080012040 mem 0x0000000080031f38
core   0: 0x000000008000ff32 (0xfb843783) ld      a5, -72(s0)
core   0: 3 0x000000008000ff32 (0xfb843783) x15 0x000000000000009c mem 0x0000000080031f28
core   0: 0x000000008000ff36 (0x000097ba) c.add   a5, a4
core   0: 3 0x000000008000ff36 (0x97ba) x15 0x00000000800120dc
core   0: 0x000000008000ff38 (0xfe043703) ld      a4, -32(s0)
core   0: 3 0x000000008000ff38 (0xfe043703) x14 0x0000000080012096 mem 0x0000000080031f50
core   0: 0x000000008000ff3c (0xfcf76de3) bltu    a4, a5, pc - 38
core   0: 3 0x000000008000ff3c (0xfcf76de3)
core   0: 0x000000008000ff16 (0xfe043783) ld      a5, -32(s0)
core   0: 3 0x000000008000ff16 (0xfe043783) x15 0x0000000080012096 mem 0x0000000080031f50
core   0: 0x000000008000ff1a (0x00178713) addi    a4, a5, 1
core   0: 3 0x000000008000ff1a (0x00178713) x14 0x0000000080012097
core   0: 0x000000008000ff1e (0xfee43023) sd      a4, -32(s0)
core   0: 3 0x000000008000ff1e (0xfee43023) mem 0x0000000080031f50 0x0000000080012097
core   0: 0x000000008000ff22 (0xfc442703) lw      a4, -60(s0)
core   0: 3 0x000000008000ff22 (0xfc442703) x14 0x0000000000000000 mem 0x0000000080031f34
core   0: 0x000000008000ff26 (0x0ff77713) andi    a4, a4, 255
core   0: 3 0x000000008000ff26 (0x0ff77713) x14 0x0000000000000000
core   0: 0x000000008000ff2a (0x00e78023) sb      a4, 0(a5)
core   0: 3 0x000000008000ff2a (0x00e78023) mem 0x0000000080012096 0x00
core   0: 0x000000008000ff2e (0xfc843703) ld      a4, -56(s0)
core   0: 3 0x000000008000ff2e (0xfc843703) x14 0x0000000080012040 mem 0x0000000080031f38
core   0: 0x000000008000ff32 (0xfb843783) ld      a5, -72(s0)
core   0: 3 0x000000008000ff32 (0xfb843783) x15 0x000000000000009c mem 0x0000000080031f28
core   0: 0x000000008000ff36 (0x000097ba) c.add   a5, a4
core   0: 3 0x000000008000ff36 (0x97ba) x15 0x00000000800120dc
core   0: 0x000000008000ff38 (0xfe043703) ld      a4, -32(s0)
core   0: 3 0x000000008000ff38 (0xfe043703) x14 0x0000000080012097 mem 0x0000000080031f50
core   0: 0x000000008000ff3c (0xfcf76de3) bltu    a4, a5, pc - 38
core   0: 3 0x000000008000ff3c (0xfcf76de3)
core   0: 0x000000008000ff16 (0xfe043783) ld      a5, -32(s0)
core   0: 3 0x000000008000ff16 (0xfe043783) x15 0x0000000080012097 mem 0x0000000080031f50
core   0: 0x000000008000ff1a (0x00178713) addi    a4, a5, 1
core   0: 3 0x000000008000ff1a (0x00178713) x14 0x0000000080012098
core   0: 0x000000008000ff1e (0xfee43023) sd      a4, -32(s0)
core   0: 3 0x000000008000ff1e (0xfee43023) mem 0x0000000080031f50 0x0000000080012098
core   0: 0x000000008000ff22 (0xfc442703) lw      a4, -60(s0)
core   0: 3 0x000000008000ff22 (0xfc442703) x14 0x0000000000000000 mem 0x0000000080031f34
core   0: 0x000000008000ff26 (0x0ff77713) andi    a4, a4, 255
core   0: 3 0x000000008000ff26 (0x0ff77713) x14 0x0000000000000000
core   0: 0x000000008000ff2a (0x00e78023) sb      a4, 0(a5)
core   0: 3 0x000000008000ff2a (0x00e78023) mem 0x0000000080012097 0x00
core   0: 0x000000008000ff2e (0xfc843703) ld      a4, -56(s0)
core   0: 3 0x000000008000ff2e (0xfc843703) x14 0x0000000080012040 mem 0x0000000080031f38
core   0: 0x000000008000ff32 (0xfb843783) ld      a5, -72(s0)
core   0: 3 0x000000008000ff32 (0xfb843783) x15 0x000000000000009c mem 0x0000000080031f28
core   0: 0x000000008000ff36 (0x000097ba) c.add   a5, a4
core   0: 3 0x000000008000ff36 (0x97ba) x15 0x00000000800120dc
core   0: 0x000000008000ff38 (0xfe043703) ld      a4, -32(s0)
core   0: 3 0x000000008000ff38 (0xfe043703) x14 0x0000000080012098 mem 0x0000000080031f50
core   0: 0x000000008000ff3c (0xfcf76de3) bltu    a4, a5, pc - 38
core   0: 3 0x000000008000ff3c (0xfcf76de3)
core   0: 0x000000008000ff16 (0xfe043783) ld      a5, -32(s0)
core   0: 3 0x000000008000ff16 (0xfe043783) x15 0x0000000080012098 mem 0x0000000080031f50
core   0: 0x000000008000ff1a (0x00178713) addi    a4, a5, 1
core   0: 3 0x000000008000ff1a (0x00178713) x14 0x0000000080012099
core   0: 0x000000008000ff1e (0xfee43023) sd      a4, -32(s0)
core   0: 3 0x000000008000ff1e (0xfee43023) mem 0x0000000080031f50 0x0000000080012099
core   0: 0x000000008000ff22 (0xfc442703) lw      a4, -60(s0)
core   0: 3 0x000000008000ff22 (0xfc442703) x14 0x0000000000000000 mem 0x0000000080031f34
core   0: 0x000000008000ff26 (0x0ff77713) andi    a4, a4, 255
core   0: 3 0x000000008000ff26 (0x0ff77713) x14 0x0000000000000000
core   0: 0x000000008000ff2a (0x00e78023) sb      a4, 0(a5)
core   0: 3 0x000000008000ff2a (0x00e78023) mem 0x0000000080012098 0x00
core   0: 0x000000008000ff2e (0xfc843703) ld      a4, -56(s0)
core   0: 3 0x000000008000ff2e (0xfc843703) x14 0x0000000080012040 mem 0x0000000080031f38
core   0: 0x000000008000ff32 (0xfb843783) ld      a5, -72(s0)
core   0: 3 0x000000008000ff32 (0xfb843783) x15 0x000000000000009c mem 0x0000000080031f28
core   0: 0x000000008000ff36 (0x000097ba) c.add   a5, a4
core   0: 3 0x000000008000ff36 (0x97ba) x15 0x00000000800120dc
core   0: 0x000000008000ff38 (0xfe043703) ld      a4, -32(s0)
core   0: 3 0x000000008000ff38 (0xfe043703) x14 0x0000000080012099 mem 0x0000000080031f50
core   0: 0x000000008000ff3c (0xfcf76de3) bltu    a4, a5, pc - 38
core   0: 3 0x000000008000ff3c (0xfcf76de3)
core   0: 0x000000008000ff16 (0xfe043783) ld      a5, -32(s0)
core   0: 3 0x000000008000ff16 (0xfe043783) x15 0x0000000080012099 mem 0x0000000080031f50
core   0: 0x000000008000ff1a (0x00178713) addi    a4, a5, 1
core   0: 3 0x000000008000ff1a (0x00178713) x14 0x000000008001209a
core   0: 0x000000008000ff1e (0xfee43023) sd      a4, -32(s0)
core   0: 3 0x000000008000ff1e (0xfee43023) mem 0x0000000080031f50 0x000000008001209a
core   0: 0x000000008000ff22 (0xfc442703) lw      a4, -60(s0)
core   0: 3 0x000000008000ff22 (0xfc442703) x14 0x0000000000000000 mem 0x0000000080031f34
core   0: 0x000000008000ff26 (0x0ff77713) andi    a4, a4, 255
core   0: 3 0x000000008000ff26 (0x0ff77713) x14 0x0000000000000000
core   0: 0x000000008000ff2a (0x00e78023) sb      a4, 0(a5)
core   0: 3 0x000000008000ff2a (0x00e78023) mem 0x0000000080012099 0x00
core   0: 0x000000008000ff2e (0xfc843703) ld      a4, -56(s0)
core   0: 3 0x000000008000ff2e (0xfc843703) x14 0x0000000080012040 mem 0x0000000080031f38
core   0: 0x000000008000ff32 (0xfb843783) ld      a5, -72(s0)
core   0: 3 0x000000008000ff32 (0xfb843783) x15 0x000000000000009c mem 0x0000000080031f28
core   0: 0x000000008000ff36 (0x000097ba) c.add   a5, a4
core   0: 3 0x000000008000ff36 (0x97ba) x15 0x00000000800120dc
core   0: 0x000000008000ff38 (0xfe043703) ld      a4, -32(s0)
core   0: 3 0x000000008000ff38 (0xfe043703) x14 0x000000008001209a mem 0x0000000080031f50
core   0: 0x000000008000ff3c (0xfcf76de3) bltu    a4, a5, pc - 38
core   0: 3 0x000000008000ff3c (0xfcf76de3)
core   0: 0x000000008000ff16 (0xfe043783) ld      a5, -32(s0)
core   0: 3 0x000000008000ff16 (0xfe043783) x15 0x000000008001209a mem 0x0000000080031f50
core   0: 0x000000008000ff1a (0x00178713) addi    a4, a5, 1
core   0: 3 0x000000008000ff1a (0x00178713) x14 0x000000008001209b
core   0: 0x000000008000ff1e (0xfee43023) sd      a4, -32(s0)
core   0: 3 0x000000008000ff1e (0xfee43023) mem 0x0000000080031f50 0x000000008001209b
core   0: 0x000000008000ff22 (0xfc442703) lw      a4, -60(s0)
core   0: 3 0x000000008000ff22 (0xfc442703) x14 0x0000000000000000 mem 0x0000000080031f34
core   0: 0x000000008000ff26 (0x0ff77713) andi    a4, a4, 255
core   0: 3 0x000000008000ff26 (0x0ff77713) x14 0x0000000000000000
core   0: 0x000000008000ff2a (0x00e78023) sb      a4, 0(a5)
core   0: 3 0x000000008000ff2a (0x00e78023) mem 0x000000008001209a 0x00
core   0: 0x000000008000ff2e (0xfc843703) ld      a4, -56(s0)
core   0: 3 0x000000008000ff2e (0xfc843703) x14 0x0000000080012040 mem 0x0000000080031f38
core   0: 0x000000008000ff32 (0xfb843783) ld      a5, -72(s0)
core   0: 3 0x000000008000ff32 (0xfb843783) x15 0x000000000000009c mem 0x0000000080031f28
core   0: 0x000000008000ff36 (0x000097ba) c.add   a5, a4
core   0: 3 0x000000008000ff36 (0x97ba) x15 0x00000000800120dc
core   0: 0x000000008000ff38 (0xfe043703) ld      a4, -32(s0)
core   0: 3 0x000000008000ff38 (0xfe043703) x14 0x000000008001209b mem 0x0000000080031f50
core   0: 0x000000008000ff3c (0xfcf76de3) bltu    a4, a5, pc - 38
core   0: 3 0x000000008000ff3c (0xfcf76de3)
core   0: 0x000000008000ff16 (0xfe043783) ld      a5, -32(s0)
core   0: 3 0x000000008000ff16 (0xfe043783) x15 0x000000008001209b mem 0x0000000080031f50
core   0: 0x000000008000ff1a (0x00178713) addi    a4, a5, 1
core   0: 3 0x000000008000ff1a (0x00178713) x14 0x000000008001209c
core   0: 0x000000008000ff1e (0xfee43023) sd      a4, -32(s0)
core   0: 3 0x000000008000ff1e (0xfee43023) mem 0x0000000080031f50 0x000000008001209c
core   0: 0x000000008000ff22 (0xfc442703) lw      a4, -60(s0)
core   0: 3 0x000000008000ff22 (0xfc442703) x14 0x0000000000000000 mem 0x0000000080031f34
core   0: 0x000000008000ff26 (0x0ff77713) andi    a4, a4, 255
core   0: 3 0x000000008000ff26 (0x0ff77713) x14 0x0000000000000000
core   0: 0x000000008000ff2a (0x00e78023) sb      a4, 0(a5)
core   0: 3 0x000000008000ff2a (0x00e78023) mem 0x000000008001209b 0x00
core   0: 0x000000008000ff2e (0xfc843703) ld      a4, -56(s0)
core   0: 3 0x000000008000ff2e (0xfc843703) x14 0x0000000080012040 mem 0x0000000080031f38
core   0: 0x000000008000ff32 (0xfb843783) ld      a5, -72(s0)
core   0: 3 0x000000008000ff32 (0xfb843783) x15 0x000000000000009c mem 0x0000000080031f28
core   0: 0x000000008000ff36 (0x000097ba) c.add   a5, a4
core   0: 3 0x000000008000ff36 (0x97ba) x15 0x00000000800120dc
core   0: 0x000000008000ff38 (0xfe043703) ld      a4, -32(s0)
core   0: 3 0x000000008000ff38 (0xfe043703) x14 0x000000008001209c mem 0x0000000080031f50
core   0: 0x000000008000ff3c (0xfcf76de3) bltu    a4, a5, pc - 38
core   0: 3 0x000000008000ff3c (0xfcf76de3)
core   0: 0x000000008000ff16 (0xfe043783) ld      a5, -32(s0)
core   0: 3 0x000000008000ff16 (0xfe043783) x15 0x000000008001209c mem 0x0000000080031f50
core   0: 0x000000008000ff1a (0x00178713) addi    a4, a5, 1
core   0: 3 0x000000008000ff1a (0x00178713) x14 0x000000008001209d
core   0: 0x000000008000ff1e (0xfee43023) sd      a4, -32(s0)
core   0: 3 0x000000008000ff1e (0xfee43023) mem 0x0000000080031f50 0x000000008001209d
core   0: 0x000000008000ff22 (0xfc442703) lw      a4, -60(s0)
core   0: 3 0x000000008000ff22 (0xfc442703) x14 0x0000000000000000 mem 0x0000000080031f34
core   0: 0x000000008000ff26 (0x0ff77713) andi    a4, a4, 255
core   0: 3 0x000000008000ff26 (0x0ff77713) x14 0x0000000000000000
core   0: 0x000000008000ff2a (0x00e78023) sb      a4, 0(a5)
core   0: 3 0x000000008000ff2a (0x00e78023) mem 0x000000008001209c 0x00
core   0: 0x000000008000ff2e (0xfc843703) ld      a4, -56(s0)
core   0: 3 0x000000008000ff2e (0xfc843703) x14 0x0000000080012040 mem 0x0000000080031f38
core   0: 0x000000008000ff32 (0xfb843783) ld      a5, -72(s0)
core   0: 3 0x000000008000ff32 (0xfb843783) x15 0x000000000000009c mem 0x0000000080031f28
core   0: 0x000000008000ff36 (0x000097ba) c.add   a5, a4
core   0: 3 0x000000008000ff36 (0x97ba) x15 0x00000000800120dc
core   0: 0x000000008000ff38 (0xfe043703) ld      a4, -32(s0)
core   0: 3 0x000000008000ff38 (0xfe043703) x14 0x000000008001209d mem 0x0000000080031f50
core   0: 0x000000008000ff3c (0xfcf76de3) bltu    a4, a5, pc - 38
core   0: 3 0x000000008000ff3c (0xfcf76de3)
core   0: 0x000000008000ff16 (0xfe043783) ld      a5, -32(s0)
core   0: 3 0x000000008000ff16 (0xfe043783) x15 0x000000008001209d mem 0x0000000080031f50
core   0: 0x000000008000ff1a (0x00178713) addi    a4, a5, 1
core   0: 3 0x000000008000ff1a (0x00178713) x14 0x000000008001209e
core   0: 0x000000008000ff1e (0xfee43023) sd      a4, -32(s0)
core   0: 3 0x000000008000ff1e (0xfee43023) mem 0x0000000080031f50 0x000000008001209e
core   0: 0x000000008000ff22 (0xfc442703) lw      a4, -60(s0)
core   0: 3 0x000000008000ff22 (0xfc442703) x14 0x0000000000000000 mem 0x0000000080031f34
core   0: 0x000000008000ff26 (0x0ff77713) andi    a4, a4, 255
core   0: 3 0x000000008000ff26 (0x0ff77713) x14 0x0000000000000000
core   0: 0x000000008000ff2a (0x00e78023) sb      a4, 0(a5)
core   0: 3 0x000000008000ff2a (0x00e78023) mem 0x000000008001209d 0x00
core   0: 0x000000008000ff2e (0xfc843703) ld      a4, -56(s0)
core   0: 3 0x000000008000ff2e (0xfc843703) x14 0x0000000080012040 mem 0x0000000080031f38
core   0: 0x000000008000ff32 (0xfb843783) ld      a5, -72(s0)
core   0: 3 0x000000008000ff32 (0xfb843783) x15 0x000000000000009c mem 0x0000000080031f28
core   0: 0x000000008000ff36 (0x000097ba) c.add   a5, a4
core   0: 3 0x000000008000ff36 (0x97ba) x15 0x00000000800120dc
core   0: 0x000000008000ff38 (0xfe043703) ld      a4, -32(s0)
core   0: 3 0x000000008000ff38 (0xfe043703) x14 0x000000008001209e mem 0x0000000080031f50
core   0: 0x000000008000ff3c (0xfcf76de3) bltu    a4, a5, pc - 38
core   0: 3 0x000000008000ff3c (0xfcf76de3)
core   0: 0x000000008000ff16 (0xfe043783) ld      a5, -32(s0)
core   0: 3 0x000000008000ff16 (0xfe043783) x15 0x000000008001209e mem 0x0000000080031f50
core   0: 0x000000008000ff1a (0x00178713) addi    a4, a5, 1
core   0: 3 0x000000008000ff1a (0x00178713) x14 0x000000008001209f
core   0: 0x000000008000ff1e (0xfee43023) sd      a4, -32(s0)
core   0: 3 0x000000008000ff1e (0xfee43023) mem 0x0000000080031f50 0x000000008001209f
core   0: 0x000000008000ff22 (0xfc442703) lw      a4, -60(s0)
core   0: 3 0x000000008000ff22 (0xfc442703) x14 0x0000000000000000 mem 0x0000000080031f34
core   0: 0x000000008000ff26 (0x0ff77713) andi    a4, a4, 255
core   0: 3 0x000000008000ff26 (0x0ff77713) x14 0x0000000000000000
core   0: 0x000000008000ff2a (0x00e78023) sb      a4, 0(a5)
core   0: 3 0x000000008000ff2a (0x00e78023) mem 0x000000008001209e 0x00
core   0: 0x000000008000ff2e (0xfc843703) ld      a4, -56(s0)
core   0: 3 0x000000008000ff2e (0xfc843703) x14 0x0000000080012040 mem 0x0000000080031f38
core   0: 0x000000008000ff32 (0xfb843783) ld      a5, -72(s0)
core   0: 3 0x000000008000ff32 (0xfb843783) x15 0x000000000000009c mem 0x0000000080031f28
core   0: 0x000000008000ff36 (0x000097ba) c.add   a5, a4
core   0: 3 0x000000008000ff36 (0x97ba) x15 0x00000000800120dc
core   0: 0x000000008000ff38 (0xfe043703) ld      a4, -32(s0)
core   0: 3 0x000000008000ff38 (0xfe043703) x14 0x000000008001209f mem 0x0000000080031f50
core   0: 0x000000008000ff3c (0xfcf76de3) bltu    a4, a5, pc - 38
core   0: 3 0x000000008000ff3c (0xfcf76de3)
core   0: 0x000000008000ff16 (0xfe043783) ld      a5, -32(s0)
core   0: 3 0x000000008000ff16 (0xfe043783) x15 0x000000008001209f mem 0x0000000080031f50
core   0: 0x000000008000ff1a (0x00178713) addi    a4, a5, 1
core   0: 3 0x000000008000ff1a (0x00178713) x14 0x00000000800120a0
core   0: 0x000000008000ff1e (0xfee43023) sd      a4, -32(s0)
core   0: 3 0x000000008000ff1e (0xfee43023) mem 0x0000000080031f50 0x00000000800120a0
core   0: 0x000000008000ff22 (0xfc442703) lw      a4, -60(s0)
core   0: 3 0x000000008000ff22 (0xfc442703) x14 0x0000000000000000 mem 0x0000000080031f34
core   0: 0x000000008000ff26 (0x0ff77713) andi    a4, a4, 255
core   0: 3 0x000000008000ff26 (0x0ff77713) x14 0x0000000000000000
core   0: 0x000000008000ff2a (0x00e78023) sb      a4, 0(a5)
core   0: 3 0x000000008000ff2a (0x00e78023) mem 0x000000008001209f 0x00
core   0: 0x000000008000ff2e (0xfc843703) ld      a4, -56(s0)
core   0: 3 0x000000008000ff2e (0xfc843703) x14 0x0000000080012040 mem 0x0000000080031f38
core   0: 0x000000008000ff32 (0xfb843783) ld      a5, -72(s0)
core   0: 3 0x000000008000ff32 (0xfb843783) x15 0x000000000000009c mem 0x0000000080031f28
core   0: 0x000000008000ff36 (0x000097ba) c.add   a5, a4
core   0: 3 0x000000008000ff36 (0x97ba) x15 0x00000000800120dc
core   0: 0x000000008000ff38 (0xfe043703) ld      a4, -32(s0)
core   0: 3 0x000000008000ff38 (0xfe043703) x14 0x00000000800120a0 mem 0x0000000080031f50
core   0: 0x000000008000ff3c (0xfcf76de3) bltu    a4, a5, pc - 38
core   0: 3 0x000000008000ff3c (0xfcf76de3)
core   0: 0x000000008000ff16 (0xfe043783) ld      a5, -32(s0)
core   0: 3 0x000000008000ff16 (0xfe043783) x15 0x00000000800120a0 mem 0x0000000080031f50
core   0: 0x000000008000ff1a (0x00178713) addi    a4, a5, 1
core   0: 3 0x000000008000ff1a (0x00178713) x14 0x00000000800120a1
core   0: 0x000000008000ff1e (0xfee43023) sd      a4, -32(s0)
core   0: 3 0x000000008000ff1e (0xfee43023) mem 0x0000000080031f50 0x00000000800120a1
core   0: 0x000000008000ff22 (0xfc442703) lw      a4, -60(s0)
core   0: 3 0x000000008000ff22 (0xfc442703) x14 0x0000000000000000 mem 0x0000000080031f34
core   0: 0x000000008000ff26 (0x0ff77713) andi    a4, a4, 255
core   0: 3 0x000000008000ff26 (0x0ff77713) x14 0x0000000000000000
core   0: 0x000000008000ff2a (0x00e78023) sb      a4, 0(a5)
core   0: 3 0x000000008000ff2a (0x00e78023) mem 0x00000000800120a0 0x00
core   0: 0x000000008000ff2e (0xfc843703) ld      a4, -56(s0)
core   0: 3 0x000000008000ff2e (0xfc843703) x14 0x0000000080012040 mem 0x0000000080031f38
core   0: 0x000000008000ff32 (0xfb843783) ld      a5, -72(s0)
core   0: 3 0x000000008000ff32 (0xfb843783) x15 0x000000000000009c mem 0x0000000080031f28
core   0: 0x000000008000ff36 (0x000097ba) c.add   a5, a4
core   0: 3 0x000000008000ff36 (0x97ba) x15 0x00000000800120dc
core   0: 0x000000008000ff38 (0xfe043703) ld      a4, -32(s0)
core   0: 3 0x000000008000ff38 (0xfe043703) x14 0x00000000800120a1 mem 0x0000000080031f50
core   0: 0x000000008000ff3c (0xfcf76de3) bltu    a4, a5, pc - 38
core   0: 3 0x000000008000ff3c (0xfcf76de3)
core   0: 0x000000008000ff16 (0xfe043783) ld      a5, -32(s0)
core   0: 3 0x000000008000ff16 (0xfe043783) x15 0x00000000800120a1 mem 0x0000000080031f50
core   0: 0x000000008000ff1a (0x00178713) addi    a4, a5, 1
core   0: 3 0x000000008000ff1a (0x00178713) x14 0x00000000800120a2
core   0: 0x000000008000ff1e (0xfee43023) sd      a4, -32(s0)
core   0: 3 0x000000008000ff1e (0xfee43023) mem 0x0000000080031f50 0x00000000800120a2
core   0: 0x000000008000ff22 (0xfc442703) lw      a4, -60(s0)
core   0: 3 0x000000008000ff22 (0xfc442703) x14 0x0000000000000000 mem 0x0000000080031f34
core   0: 0x000000008000ff26 (0x0ff77713) andi    a4, a4, 255
core   0: 3 0x000000008000ff26 (0x0ff77713) x14 0x0000000000000000
core   0: 0x000000008000ff2a (0x00e78023) sb      a4, 0(a5)
core   0: 3 0x000000008000ff2a (0x00e78023) mem 0x00000000800120a1 0x00
core   0: 0x000000008000ff2e (0xfc843703) ld      a4, -56(s0)
core   0: 3 0x000000008000ff2e (0xfc843703) x14 0x0000000080012040 mem 0x0000000080031f38
core   0: 0x000000008000ff32 (0xfb843783) ld      a5, -72(s0)
core   0: 3 0x000000008000ff32 (0xfb843783) x15 0x000000000000009c mem 0x0000000080031f28
core   0: 0x000000008000ff36 (0x000097ba) c.add   a5, a4
core   0: 3 0x000000008000ff36 (0x97ba) x15 0x00000000800120dc
core   0: 0x000000008000ff38 (0xfe043703) ld      a4, -32(s0)
core   0: 3 0x000000008000ff38 (0xfe043703) x14 0x00000000800120a2 mem 0x0000000080031f50
core   0: 0x000000008000ff3c (0xfcf76de3) bltu    a4, a5, pc - 38
core   0: 3 0x000000008000ff3c (0xfcf76de3)
core   0: 0x000000008000ff16 (0xfe043783) ld      a5, -32(s0)
core   0: 3 0x000000008000ff16 (0xfe043783) x15 0x00000000800120a2 mem 0x0000000080031f50
core   0: 0x000000008000ff1a (0x00178713) addi    a4, a5, 1
core   0: 3 0x000000008000ff1a (0x00178713) x14 0x00000000800120a3
core   0: 0x000000008000ff1e (0xfee43023) sd      a4, -32(s0)
core   0: 3 0x000000008000ff1e (0xfee43023) mem 0x0000000080031f50 0x00000000800120a3
core   0: 0x000000008000ff22 (0xfc442703) lw      a4, -60(s0)
core   0: 3 0x000000008000ff22 (0xfc442703) x14 0x0000000000000000 mem 0x0000000080031f34
core   0: 0x000000008000ff26 (0x0ff77713) andi    a4, a4, 255
core   0: 3 0x000000008000ff26 (0x0ff77713) x14 0x0000000000000000
core   0: 0x000000008000ff2a (0x00e78023) sb      a4, 0(a5)
core   0: 3 0x000000008000ff2a (0x00e78023) mem 0x00000000800120a2 0x00
core   0: 0x000000008000ff2e (0xfc843703) ld      a4, -56(s0)
core   0: 3 0x000000008000ff2e (0xfc843703) x14 0x0000000080012040 mem 0x0000000080031f38
core   0: 0x000000008000ff32 (0xfb843783) ld      a5, -72(s0)
core   0: 3 0x000000008000ff32 (0xfb843783) x15 0x000000000000009c mem 0x0000000080031f28
core   0: 0x000000008000ff36 (0x000097ba) c.add   a5, a4
core   0: 3 0x000000008000ff36 (0x97ba) x15 0x00000000800120dc
core   0: 0x000000008000ff38 (0xfe043703) ld      a4, -32(s0)
core   0: 3 0x000000008000ff38 (0xfe043703) x14 0x00000000800120a3 mem 0x0000000080031f50
core   0: 0x000000008000ff3c (0xfcf76de3) bltu    a4, a5, pc - 38
core   0: 3 0x000000008000ff3c (0xfcf76de3)
core   0: 0x000000008000ff16 (0xfe043783) ld      a5, -32(s0)
core   0: 3 0x000000008000ff16 (0xfe043783) x15 0x00000000800120a3 mem 0x0000000080031f50
core   0: 0x000000008000ff1a (0x00178713) addi    a4, a5, 1
core   0: 3 0x000000008000ff1a (0x00178713) x14 0x00000000800120a4
core   0: 0x000000008000ff1e (0xfee43023) sd      a4, -32(s0)
core   0: 3 0x000000008000ff1e (0xfee43023) mem 0x0000000080031f50 0x00000000800120a4
core   0: 0x000000008000ff22 (0xfc442703) lw      a4, -60(s0)
core   0: 3 0x000000008000ff22 (0xfc442703) x14 0x0000000000000000 mem 0x0000000080031f34
core   0: 0x000000008000ff26 (0x0ff77713) andi    a4, a4, 255
core   0: 3 0x000000008000ff26 (0x0ff77713) x14 0x0000000000000000
core   0: 0x000000008000ff2a (0x00e78023) sb      a4, 0(a5)
core   0: 3 0x000000008000ff2a (0x00e78023) mem 0x00000000800120a3 0x00
core   0: 0x000000008000ff2e (0xfc843703) ld      a4, -56(s0)
core   0: 3 0x000000008000ff2e (0xfc843703) x14 0x0000000080012040 mem 0x0000000080031f38
core   0: 0x000000008000ff32 (0xfb843783) ld      a5, -72(s0)
core   0: 3 0x000000008000ff32 (0xfb843783) x15 0x000000000000009c mem 0x0000000080031f28
core   0: 0x000000008000ff36 (0x000097ba) c.add   a5, a4
core   0: 3 0x000000008000ff36 (0x97ba) x15 0x00000000800120dc
core   0: 0x000000008000ff38 (0xfe043703) ld      a4, -32(s0)
core   0: 3 0x000000008000ff38 (0xfe043703) x14 0x00000000800120a4 mem 0x0000000080031f50
core   0: 0x000000008000ff3c (0xfcf76de3) bltu    a4, a5, pc - 38
core   0: 3 0x000000008000ff3c (0xfcf76de3)
core   0: 0x000000008000ff16 (0xfe043783) ld      a5, -32(s0)
core   0: 3 0x000000008000ff16 (0xfe043783) x15 0x00000000800120a4 mem 0x0000000080031f50
core   0: 0x000000008000ff1a (0x00178713) addi    a4, a5, 1
core   0: 3 0x000000008000ff1a (0x00178713) x14 0x00000000800120a5
core   0: 0x000000008000ff1e (0xfee43023) sd      a4, -32(s0)
core   0: 3 0x000000008000ff1e (0xfee43023) mem 0x0000000080031f50 0x00000000800120a5
core   0: 0x000000008000ff22 (0xfc442703) lw      a4, -60(s0)
core   0: 3 0x000000008000ff22 (0xfc442703) x14 0x0000000000000000 mem 0x0000000080031f34
core   0: 0x000000008000ff26 (0x0ff77713) andi    a4, a4, 255
core   0: 3 0x000000008000ff26 (0x0ff77713) x14 0x0000000000000000
core   0: 0x000000008000ff2a (0x00e78023) sb      a4, 0(a5)
core   0: 3 0x000000008000ff2a (0x00e78023) mem 0x00000000800120a4 0x00
core   0: 0x000000008000ff2e (0xfc843703) ld      a4, -56(s0)
core   0: 3 0x000000008000ff2e (0xfc843703) x14 0x0000000080012040 mem 0x0000000080031f38
core   0: 0x000000008000ff32 (0xfb843783) ld      a5, -72(s0)
core   0: 3 0x000000008000ff32 (0xfb843783) x15 0x000000000000009c mem 0x0000000080031f28
core   0: 0x000000008000ff36 (0x000097ba) c.add   a5, a4
core   0: 3 0x000000008000ff36 (0x97ba) x15 0x00000000800120dc
core   0: 0x000000008000ff38 (0xfe043703) ld      a4, -32(s0)
core   0: 3 0x000000008000ff38 (0xfe043703) x14 0x00000000800120a5 mem 0x0000000080031f50
core   0: 0x000000008000ff3c (0xfcf76de3) bltu    a4, a5, pc - 38
core   0: 3 0x000000008000ff3c (0xfcf76de3)
core   0: 0x000000008000ff16 (0xfe043783) ld      a5, -32(s0)
core   0: 3 0x000000008000ff16 (0xfe043783) x15 0x00000000800120a5 mem 0x0000000080031f50
core   0: 0x000000008000ff1a (0x00178713) addi    a4, a5, 1
core   0: 3 0x000000008000ff1a (0x00178713) x14 0x00000000800120a6
core   0: 0x000000008000ff1e (0xfee43023) sd      a4, -32(s0)
core   0: 3 0x000000008000ff1e (0xfee43023) mem 0x0000000080031f50 0x00000000800120a6
core   0: 0x000000008000ff22 (0xfc442703) lw      a4, -60(s0)
core   0: 3 0x000000008000ff22 (0xfc442703) x14 0x0000000000000000 mem 0x0000000080031f34
core   0: 0x000000008000ff26 (0x0ff77713) andi    a4, a4, 255
core   0: 3 0x000000008000ff26 (0x0ff77713) x14 0x0000000000000000
core   0: 0x000000008000ff2a (0x00e78023) sb      a4, 0(a5)
core   0: 3 0x000000008000ff2a (0x00e78023) mem 0x00000000800120a5 0x00
core   0: 0x000000008000ff2e (0xfc843703) ld      a4, -56(s0)
core   0: 3 0x000000008000ff2e (0xfc843703) x14 0x0000000080012040 mem 0x0000000080031f38
core   0: 0x000000008000ff32 (0xfb843783) ld      a5, -72(s0)
core   0: 3 0x000000008000ff32 (0xfb843783) x15 0x000000000000009c mem 0x0000000080031f28
core   0: 0x000000008000ff36 (0x000097ba) c.add   a5, a4
core   0: 3 0x000000008000ff36 (0x97ba) x15 0x00000000800120dc
core   0: 0x000000008000ff38 (0xfe043703) ld      a4, -32(s0)
core   0: 3 0x000000008000ff38 (0xfe043703) x14 0x00000000800120a6 mem 0x0000000080031f50
core   0: 0x000000008000ff3c (0xfcf76de3) bltu    a4, a5, pc - 38
core   0: 3 0x000000008000ff3c (0xfcf76de3)
core   0: 0x000000008000ff16 (0xfe043783) ld      a5, -32(s0)
core   0: 3 0x000000008000ff16 (0xfe043783) x15 0x00000000800120a6 mem 0x0000000080031f50
core   0: 0x000000008000ff1a (0x00178713) addi    a4, a5, 1
core   0: 3 0x000000008000ff1a (0x00178713) x14 0x00000000800120a7
core   0: 0x000000008000ff1e (0xfee43023) sd      a4, -32(s0)
core   0: 3 0x000000008000ff1e (0xfee43023) mem 0x0000000080031f50 0x00000000800120a7
core   0: 0x000000008000ff22 (0xfc442703) lw      a4, -60(s0)
core   0: 3 0x000000008000ff22 (0xfc442703) x14 0x0000000000000000 mem 0x0000000080031f34
core   0: 0x000000008000ff26 (0x0ff77713) andi    a4, a4, 255
core   0: 3 0x000000008000ff26 (0x0ff77713) x14 0x0000000000000000
core   0: 0x000000008000ff2a (0x00e78023) sb      a4, 0(a5)
core   0: 3 0x000000008000ff2a (0x00e78023) mem 0x00000000800120a6 0x00
core   0: 0x000000008000ff2e (0xfc843703) ld      a4, -56(s0)
core   0: 3 0x000000008000ff2e (0xfc843703) x14 0x0000000080012040 mem 0x0000000080031f38
core   0: 0x000000008000ff32 (0xfb843783) ld      a5, -72(s0)
core   0: 3 0x000000008000ff32 (0xfb843783) x15 0x000000000000009c mem 0x0000000080031f28
core   0: 0x000000008000ff36 (0x000097ba) c.add   a5, a4
core   0: 3 0x000000008000ff36 (0x97ba) x15 0x00000000800120dc
core   0: 0x000000008000ff38 (0xfe043703) ld      a4, -32(s0)
core   0: 3 0x000000008000ff38 (0xfe043703) x14 0x00000000800120a7 mem 0x0000000080031f50
core   0: 0x000000008000ff3c (0xfcf76de3) bltu    a4, a5, pc - 38
core   0: 3 0x000000008000ff3c (0xfcf76de3)
core   0: 0x000000008000ff16 (0xfe043783) ld      a5, -32(s0)
core   0: 3 0x000000008000ff16 (0xfe043783) x15 0x00000000800120a7 mem 0x0000000080031f50
core   0: 0x000000008000ff1a (0x00178713) addi    a4, a5, 1
core   0: 3 0x000000008000ff1a (0x00178713) x14 0x00000000800120a8
core   0: 0x000000008000ff1e (0xfee43023) sd      a4, -32(s0)
core   0: 3 0x000000008000ff1e (0xfee43023) mem 0x0000000080031f50 0x00000000800120a8
core   0: 0x000000008000ff22 (0xfc442703) lw      a4, -60(s0)
core   0: 3 0x000000008000ff22 (0xfc442703) x14 0x0000000000000000 mem 0x0000000080031f34
core   0: 0x000000008000ff26 (0x0ff77713) andi    a4, a4, 255
core   0: 3 0x000000008000ff26 (0x0ff77713) x14 0x0000000000000000
core   0: 0x000000008000ff2a (0x00e78023) sb      a4, 0(a5)
core   0: 3 0x000000008000ff2a (0x00e78023) mem 0x00000000800120a7 0x00
core   0: 0x000000008000ff2e (0xfc843703) ld      a4, -56(s0)
core   0: 3 0x000000008000ff2e (0xfc843703) x14 0x0000000080012040 mem 0x0000000080031f38
core   0: 0x000000008000ff32 (0xfb843783) ld      a5, -72(s0)
core   0: 3 0x000000008000ff32 (0xfb843783) x15 0x000000000000009c mem 0x0000000080031f28
core   0: 0x000000008000ff36 (0x000097ba) c.add   a5, a4
core   0: 3 0x000000008000ff36 (0x97ba) x15 0x00000000800120dc
core   0: 0x000000008000ff38 (0xfe043703) ld      a4, -32(s0)
core   0: 3 0x000000008000ff38 (0xfe043703) x14 0x00000000800120a8 mem 0x0000000080031f50
core   0: 0x000000008000ff3c (0xfcf76de3) bltu    a4, a5, pc - 38
core   0: 3 0x000000008000ff3c (0xfcf76de3)
core   0: 0x000000008000ff16 (0xfe043783) ld      a5, -32(s0)
core   0: 3 0x000000008000ff16 (0xfe043783) x15 0x00000000800120a8 mem 0x0000000080031f50
core   0: 0x000000008000ff1a (0x00178713) addi    a4, a5, 1
core   0: 3 0x000000008000ff1a (0x00178713) x14 0x00000000800120a9
core   0: 0x000000008000ff1e (0xfee43023) sd      a4, -32(s0)
core   0: 3 0x000000008000ff1e (0xfee43023) mem 0x0000000080031f50 0x00000000800120a9
core   0: 0x000000008000ff22 (0xfc442703) lw      a4, -60(s0)
core   0: 3 0x000000008000ff22 (0xfc442703) x14 0x0000000000000000 mem 0x0000000080031f34
core   0: 0x000000008000ff26 (0x0ff77713) andi    a4, a4, 255
core   0: 3 0x000000008000ff26 (0x0ff77713) x14 0x0000000000000000
core   0: 0x000000008000ff2a (0x00e78023) sb      a4, 0(a5)
core   0: 3 0x000000008000ff2a (0x00e78023) mem 0x00000000800120a8 0x00
core   0: 0x000000008000ff2e (0xfc843703) ld      a4, -56(s0)
core   0: 3 0x000000008000ff2e (0xfc843703) x14 0x0000000080012040 mem 0x0000000080031f38
core   0: 0x000000008000ff32 (0xfb843783) ld      a5, -72(s0)
core   0: 3 0x000000008000ff32 (0xfb843783) x15 0x000000000000009c mem 0x0000000080031f28
core   0: 0x000000008000ff36 (0x000097ba) c.add   a5, a4
core   0: 3 0x000000008000ff36 (0x97ba) x15 0x00000000800120dc
core   0: 0x000000008000ff38 (0xfe043703) ld      a4, -32(s0)
core   0: 3 0x000000008000ff38 (0xfe043703) x14 0x00000000800120a9 mem 0x0000000080031f50
core   0: 0x000000008000ff3c (0xfcf76de3) bltu    a4, a5, pc - 38
core   0: 3 0x000000008000ff3c (0xfcf76de3)
core   0: 0x000000008000ff16 (0xfe043783) ld      a5, -32(s0)
core   0: 3 0x000000008000ff16 (0xfe043783) x15 0x00000000800120a9 mem 0x0000000080031f50
core   0: 0x000000008000ff1a (0x00178713) addi    a4, a5, 1
core   0: 3 0x000000008000ff1a (0x00178713) x14 0x00000000800120aa
core   0: 0x000000008000ff1e (0xfee43023) sd      a4, -32(s0)
core   0: 3 0x000000008000ff1e (0xfee43023) mem 0x0000000080031f50 0x00000000800120aa
core   0: 0x000000008000ff22 (0xfc442703) lw      a4, -60(s0)
core   0: 3 0x000000008000ff22 (0xfc442703) x14 0x0000000000000000 mem 0x0000000080031f34
core   0: 0x000000008000ff26 (0x0ff77713) andi    a4, a4, 255
core   0: 3 0x000000008000ff26 (0x0ff77713) x14 0x0000000000000000
core   0: 0x000000008000ff2a (0x00e78023) sb      a4, 0(a5)
core   0: 3 0x000000008000ff2a (0x00e78023) mem 0x00000000800120a9 0x00
core   0: 0x000000008000ff2e (0xfc843703) ld      a4, -56(s0)
core   0: 3 0x000000008000ff2e (0xfc843703) x14 0x0000000080012040 mem 0x0000000080031f38
core   0: 0x000000008000ff32 (0xfb843783) ld      a5, -72(s0)
core   0: 3 0x000000008000ff32 (0xfb843783) x15 0x000000000000009c mem 0x0000000080031f28
core   0: 0x000000008000ff36 (0x000097ba) c.add   a5, a4
core   0: 3 0x000000008000ff36 (0x97ba) x15 0x00000000800120dc
core   0: 0x000000008000ff38 (0xfe043703) ld      a4, -32(s0)
core   0: 3 0x000000008000ff38 (0xfe043703) x14 0x00000000800120aa mem 0x0000000080031f50
core   0: 0x000000008000ff3c (0xfcf76de3) bltu    a4, a5, pc - 38
core   0: 3 0x000000008000ff3c (0xfcf76de3)
core   0: 0x000000008000ff16 (0xfe043783) ld      a5, -32(s0)
core   0: 3 0x000000008000ff16 (0xfe043783) x15 0x00000000800120aa mem 0x0000000080031f50
core   0: 0x000000008000ff1a (0x00178713) addi    a4, a5, 1
core   0: 3 0x000000008000ff1a (0x00178713) x14 0x00000000800120ab
core   0: 0x000000008000ff1e (0xfee43023) sd      a4, -32(s0)
core   0: 3 0x000000008000ff1e (0xfee43023) mem 0x0000000080031f50 0x00000000800120ab
core   0: 0x000000008000ff22 (0xfc442703) lw      a4, -60(s0)
core   0: 3 0x000000008000ff22 (0xfc442703) x14 0x0000000000000000 mem 0x0000000080031f34
core   0: 0x000000008000ff26 (0x0ff77713) andi    a4, a4, 255
core   0: 3 0x000000008000ff26 (0x0ff77713) x14 0x0000000000000000
core   0: 0x000000008000ff2a (0x00e78023) sb      a4, 0(a5)
core   0: 3 0x000000008000ff2a (0x00e78023) mem 0x00000000800120aa 0x00
core   0: 0x000000008000ff2e (0xfc843703) ld      a4, -56(s0)
core   0: 3 0x000000008000ff2e (0xfc843703) x14 0x0000000080012040 mem 0x0000000080031f38
core   0: 0x000000008000ff32 (0xfb843783) ld      a5, -72(s0)
core   0: 3 0x000000008000ff32 (0xfb843783) x15 0x000000000000009c mem 0x0000000080031f28
core   0: 0x000000008000ff36 (0x000097ba) c.add   a5, a4
core   0: 3 0x000000008000ff36 (0x97ba) x15 0x00000000800120dc
core   0: 0x000000008000ff38 (0xfe043703) ld      a4, -32(s0)
core   0: 3 0x000000008000ff38 (0xfe043703) x14 0x00000000800120ab mem 0x0000000080031f50
core   0: 0x000000008000ff3c (0xfcf76de3) bltu    a4, a5, pc - 38
core   0: 3 0x000000008000ff3c (0xfcf76de3)
core   0: 0x000000008000ff16 (0xfe043783) ld      a5, -32(s0)
core   0: 3 0x000000008000ff16 (0xfe043783) x15 0x00000000800120ab mem 0x0000000080031f50
core   0: 0x000000008000ff1a (0x00178713) addi    a4, a5, 1
core   0: 3 0x000000008000ff1a (0x00178713) x14 0x00000000800120ac
core   0: 0x000000008000ff1e (0xfee43023) sd      a4, -32(s0)
core   0: 3 0x000000008000ff1e (0xfee43023) mem 0x0000000080031f50 0x00000000800120ac
core   0: 0x000000008000ff22 (0xfc442703) lw      a4, -60(s0)
core   0: 3 0x000000008000ff22 (0xfc442703) x14 0x0000000000000000 mem 0x0000000080031f34
core   0: 0x000000008000ff26 (0x0ff77713) andi    a4, a4, 255
core   0: 3 0x000000008000ff26 (0x0ff77713) x14 0x0000000000000000
core   0: 0x000000008000ff2a (0x00e78023) sb      a4, 0(a5)
core   0: 3 0x000000008000ff2a (0x00e78023) mem 0x00000000800120ab 0x00
core   0: 0x000000008000ff2e (0xfc843703) ld      a4, -56(s0)
core   0: 3 0x000000008000ff2e (0xfc843703) x14 0x0000000080012040 mem 0x0000000080031f38
core   0: 0x000000008000ff32 (0xfb843783) ld      a5, -72(s0)
core   0: 3 0x000000008000ff32 (0xfb843783) x15 0x000000000000009c mem 0x0000000080031f28
core   0: 0x000000008000ff36 (0x000097ba) c.add   a5, a4
core   0: 3 0x000000008000ff36 (0x97ba) x15 0x00000000800120dc
core   0: 0x000000008000ff38 (0xfe043703) ld      a4, -32(s0)
core   0: 3 0x000000008000ff38 (0xfe043703) x14 0x00000000800120ac mem 0x0000000080031f50
core   0: 0x000000008000ff3c (0xfcf76de3) bltu    a4, a5, pc - 38
core   0: 3 0x000000008000ff3c (0xfcf76de3)
core   0: 0x000000008000ff16 (0xfe043783) ld      a5, -32(s0)
core   0: 3 0x000000008000ff16 (0xfe043783) x15 0x00000000800120ac mem 0x0000000080031f50
core   0: 0x000000008000ff1a (0x00178713) addi    a4, a5, 1
core   0: 3 0x000000008000ff1a (0x00178713) x14 0x00000000800120ad
core   0: 0x000000008000ff1e (0xfee43023) sd      a4, -32(s0)
core   0: 3 0x000000008000ff1e (0xfee43023) mem 0x0000000080031f50 0x00000000800120ad
core   0: 0x000000008000ff22 (0xfc442703) lw      a4, -60(s0)
core   0: 3 0x000000008000ff22 (0xfc442703) x14 0x0000000000000000 mem 0x0000000080031f34
core   0: 0x000000008000ff26 (0x0ff77713) andi    a4, a4, 255
core   0: 3 0x000000008000ff26 (0x0ff77713) x14 0x0000000000000000
core   0: 0x000000008000ff2a (0x00e78023) sb      a4, 0(a5)
core   0: 3 0x000000008000ff2a (0x00e78023) mem 0x00000000800120ac 0x00
core   0: 0x000000008000ff2e (0xfc843703) ld      a4, -56(s0)
core   0: 3 0x000000008000ff2e (0xfc843703) x14 0x0000000080012040 mem 0x0000000080031f38
core   0: 0x000000008000ff32 (0xfb843783) ld      a5, -72(s0)
core   0: 3 0x000000008000ff32 (0xfb843783) x15 0x000000000000009c mem 0x0000000080031f28
core   0: 0x000000008000ff36 (0x000097ba) c.add   a5, a4
core   0: 3 0x000000008000ff36 (0x97ba) x15 0x00000000800120dc
core   0: 0x000000008000ff38 (0xfe043703) ld      a4, -32(s0)
core   0: 3 0x000000008000ff38 (0xfe043703) x14 0x00000000800120ad mem 0x0000000080031f50
core   0: 0x000000008000ff3c (0xfcf76de3) bltu    a4, a5, pc - 38
core   0: 3 0x000000008000ff3c (0xfcf76de3)
core   0: 0x000000008000ff16 (0xfe043783) ld      a5, -32(s0)
core   0: 3 0x000000008000ff16 (0xfe043783) x15 0x00000000800120ad mem 0x0000000080031f50
core   0: 0x000000008000ff1a (0x00178713) addi    a4, a5, 1
core   0: 3 0x000000008000ff1a (0x00178713) x14 0x00000000800120ae
core   0: 0x000000008000ff1e (0xfee43023) sd      a4, -32(s0)
core   0: 3 0x000000008000ff1e (0xfee43023) mem 0x0000000080031f50 0x00000000800120ae
core   0: 0x000000008000ff22 (0xfc442703) lw      a4, -60(s0)
core   0: 3 0x000000008000ff22 (0xfc442703) x14 0x0000000000000000 mem 0x0000000080031f34
core   0: 0x000000008000ff26 (0x0ff77713) andi    a4, a4, 255
core   0: 3 0x000000008000ff26 (0x0ff77713) x14 0x0000000000000000
core   0: 0x000000008000ff2a (0x00e78023) sb      a4, 0(a5)
core   0: 3 0x000000008000ff2a (0x00e78023) mem 0x00000000800120ad 0x00
core   0: 0x000000008000ff2e (0xfc843703) ld      a4, -56(s0)
core   0: 3 0x000000008000ff2e (0xfc843703) x14 0x0000000080012040 mem 0x0000000080031f38
core   0: 0x000000008000ff32 (0xfb843783) ld      a5, -72(s0)
core   0: 3 0x000000008000ff32 (0xfb843783) x15 0x000000000000009c mem 0x0000000080031f28
core   0: 0x000000008000ff36 (0x000097ba) c.add   a5, a4
core   0: 3 0x000000008000ff36 (0x97ba) x15 0x00000000800120dc
core   0: 0x000000008000ff38 (0xfe043703) ld      a4, -32(s0)
core   0: 3 0x000000008000ff38 (0xfe043703) x14 0x00000000800120ae mem 0x0000000080031f50
core   0: 0x000000008000ff3c (0xfcf76de3) bltu    a4, a5, pc - 38
core   0: 3 0x000000008000ff3c (0xfcf76de3)
core   0: 0x000000008000ff16 (0xfe043783) ld      a5, -32(s0)
core   0: 3 0x000000008000ff16 (0xfe043783) x15 0x00000000800120ae mem 0x0000000080031f50
core   0: 0x000000008000ff1a (0x00178713) addi    a4, a5, 1
core   0: 3 0x000000008000ff1a (0x00178713) x14 0x00000000800120af
core   0: 0x000000008000ff1e (0xfee43023) sd      a4, -32(s0)
core   0: 3 0x000000008000ff1e (0xfee43023) mem 0x0000000080031f50 0x00000000800120af
core   0: 0x000000008000ff22 (0xfc442703) lw      a4, -60(s0)
core   0: 3 0x000000008000ff22 (0xfc442703) x14 0x0000000000000000 mem 0x0000000080031f34
core   0: 0x000000008000ff26 (0x0ff77713) andi    a4, a4, 255
core   0: 3 0x000000008000ff26 (0x0ff77713) x14 0x0000000000000000
core   0: 0x000000008000ff2a (0x00e78023) sb      a4, 0(a5)
core   0: 3 0x000000008000ff2a (0x00e78023) mem 0x00000000800120ae 0x00
core   0: 0x000000008000ff2e (0xfc843703) ld      a4, -56(s0)
core   0: 3 0x000000008000ff2e (0xfc843703) x14 0x0000000080012040 mem 0x0000000080031f38
core   0: 0x000000008000ff32 (0xfb843783) ld      a5, -72(s0)
core   0: 3 0x000000008000ff32 (0xfb843783) x15 0x000000000000009c mem 0x0000000080031f28
core   0: 0x000000008000ff36 (0x000097ba) c.add   a5, a4
core   0: 3 0x000000008000ff36 (0x97ba) x15 0x00000000800120dc
core   0: 0x000000008000ff38 (0xfe043703) ld      a4, -32(s0)
core   0: 3 0x000000008000ff38 (0xfe043703) x14 0x00000000800120af mem 0x0000000080031f50
core   0: 0x000000008000ff3c (0xfcf76de3) bltu    a4, a5, pc - 38
core   0: 3 0x000000008000ff3c (0xfcf76de3)
core   0: 0x000000008000ff16 (0xfe043783) ld      a5, -32(s0)
core   0: 3 0x000000008000ff16 (0xfe043783) x15 0x00000000800120af mem 0x0000000080031f50
core   0: 0x000000008000ff1a (0x00178713) addi    a4, a5, 1
core   0: 3 0x000000008000ff1a (0x00178713) x14 0x00000000800120b0
core   0: 0x000000008000ff1e (0xfee43023) sd      a4, -32(s0)
core   0: 3 0x000000008000ff1e (0xfee43023) mem 0x0000000080031f50 0x00000000800120b0
core   0: 0x000000008000ff22 (0xfc442703) lw      a4, -60(s0)
core   0: 3 0x000000008000ff22 (0xfc442703) x14 0x0000000000000000 mem 0x0000000080031f34
core   0: 0x000000008000ff26 (0x0ff77713) andi    a4, a4, 255
core   0: 3 0x000000008000ff26 (0x0ff77713) x14 0x0000000000000000
core   0: 0x000000008000ff2a (0x00e78023) sb      a4, 0(a5)
core   0: 3 0x000000008000ff2a (0x00e78023) mem 0x00000000800120af 0x00
core   0: 0x000000008000ff2e (0xfc843703) ld      a4, -56(s0)
core   0: 3 0x000000008000ff2e (0xfc843703) x14 0x0000000080012040 mem 0x0000000080031f38
core   0: 0x000000008000ff32 (0xfb843783) ld      a5, -72(s0)
core   0: 3 0x000000008000ff32 (0xfb843783) x15 0x000000000000009c mem 0x0000000080031f28
core   0: 0x000000008000ff36 (0x000097ba) c.add   a5, a4
core   0: 3 0x000000008000ff36 (0x97ba) x15 0x00000000800120dc
core   0: 0x000000008000ff38 (0xfe043703) ld      a4, -32(s0)
core   0: 3 0x000000008000ff38 (0xfe043703) x14 0x00000000800120b0 mem 0x0000000080031f50
core   0: 0x000000008000ff3c (0xfcf76de3) bltu    a4, a5, pc - 38
core   0: 3 0x000000008000ff3c (0xfcf76de3)
core   0: 0x000000008000ff16 (0xfe043783) ld      a5, -32(s0)
core   0: 3 0x000000008000ff16 (0xfe043783) x15 0x00000000800120b0 mem 0x0000000080031f50
core   0: 0x000000008000ff1a (0x00178713) addi    a4, a5, 1
core   0: 3 0x000000008000ff1a (0x00178713) x14 0x00000000800120b1
core   0: 0x000000008000ff1e (0xfee43023) sd      a4, -32(s0)
core   0: 3 0x000000008000ff1e (0xfee43023) mem 0x0000000080031f50 0x00000000800120b1
core   0: 0x000000008000ff22 (0xfc442703) lw      a4, -60(s0)
core   0: 3 0x000000008000ff22 (0xfc442703) x14 0x0000000000000000 mem 0x0000000080031f34
core   0: 0x000000008000ff26 (0x0ff77713) andi    a4, a4, 255
core   0: 3 0x000000008000ff26 (0x0ff77713) x14 0x0000000000000000
core   0: 0x000000008000ff2a (0x00e78023) sb      a4, 0(a5)
core   0: 3 0x000000008000ff2a (0x00e78023) mem 0x00000000800120b0 0x00
core   0: 0x000000008000ff2e (0xfc843703) ld      a4, -56(s0)
core   0: 3 0x000000008000ff2e (0xfc843703) x14 0x0000000080012040 mem 0x0000000080031f38
core   0: 0x000000008000ff32 (0xfb843783) ld      a5, -72(s0)
core   0: 3 0x000000008000ff32 (0xfb843783) x15 0x000000000000009c mem 0x0000000080031f28
core   0: 0x000000008000ff36 (0x000097ba) c.add   a5, a4
core   0: 3 0x000000008000ff36 (0x97ba) x15 0x00000000800120dc
core   0: 0x000000008000ff38 (0xfe043703) ld      a4, -32(s0)
core   0: 3 0x000000008000ff38 (0xfe043703) x14 0x00000000800120b1 mem 0x0000000080031f50
core   0: 0x000000008000ff3c (0xfcf76de3) bltu    a4, a5, pc - 38
core   0: 3 0x000000008000ff3c (0xfcf76de3)
core   0: 0x000000008000ff16 (0xfe043783) ld      a5, -32(s0)
core   0: 3 0x000000008000ff16 (0xfe043783) x15 0x00000000800120b1 mem 0x0000000080031f50
core   0: 0x000000008000ff1a (0x00178713) addi    a4, a5, 1
core   0: 3 0x000000008000ff1a (0x00178713) x14 0x00000000800120b2
core   0: 0x000000008000ff1e (0xfee43023) sd      a4, -32(s0)
core   0: 3 0x000000008000ff1e (0xfee43023) mem 0x0000000080031f50 0x00000000800120b2
core   0: 0x000000008000ff22 (0xfc442703) lw      a4, -60(s0)
core   0: 3 0x000000008000ff22 (0xfc442703) x14 0x0000000000000000 mem 0x0000000080031f34
core   0: 0x000000008000ff26 (0x0ff77713) andi    a4, a4, 255
core   0: 3 0x000000008000ff26 (0x0ff77713) x14 0x0000000000000000
core   0: 0x000000008000ff2a (0x00e78023) sb      a4, 0(a5)
core   0: 3 0x000000008000ff2a (0x00e78023) mem 0x00000000800120b1 0x00
core   0: 0x000000008000ff2e (0xfc843703) ld      a4, -56(s0)
core   0: 3 0x000000008000ff2e (0xfc843703) x14 0x0000000080012040 mem 0x0000000080031f38
core   0: 0x000000008000ff32 (0xfb843783) ld      a5, -72(s0)
core   0: 3 0x000000008000ff32 (0xfb843783) x15 0x000000000000009c mem 0x0000000080031f28
core   0: 0x000000008000ff36 (0x000097ba) c.add   a5, a4
core   0: 3 0x000000008000ff36 (0x97ba) x15 0x00000000800120dc
core   0: 0x000000008000ff38 (0xfe043703) ld      a4, -32(s0)
core   0: 3 0x000000008000ff38 (0xfe043703) x14 0x00000000800120b2 mem 0x0000000080031f50
core   0: 0x000000008000ff3c (0xfcf76de3) bltu    a4, a5, pc - 38
core   0: 3 0x000000008000ff3c (0xfcf76de3)
core   0: 0x000000008000ff16 (0xfe043783) ld      a5, -32(s0)
core   0: 3 0x000000008000ff16 (0xfe043783) x15 0x00000000800120b2 mem 0x0000000080031f50
core   0: 0x000000008000ff1a (0x00178713) addi    a4, a5, 1
core   0: 3 0x000000008000ff1a (0x00178713) x14 0x00000000800120b3
core   0: 0x000000008000ff1e (0xfee43023) sd      a4, -32(s0)
core   0: 3 0x000000008000ff1e (0xfee43023) mem 0x0000000080031f50 0x00000000800120b3
core   0: 0x000000008000ff22 (0xfc442703) lw      a4, -60(s0)
core   0: 3 0x000000008000ff22 (0xfc442703) x14 0x0000000000000000 mem 0x0000000080031f34
core   0: 0x000000008000ff26 (0x0ff77713) andi    a4, a4, 255
core   0: 3 0x000000008000ff26 (0x0ff77713) x14 0x0000000000000000
core   0: 0x000000008000ff2a (0x00e78023) sb      a4, 0(a5)
core   0: 3 0x000000008000ff2a (0x00e78023) mem 0x00000000800120b2 0x00
core   0: 0x000000008000ff2e (0xfc843703) ld      a4, -56(s0)
core   0: 3 0x000000008000ff2e (0xfc843703) x14 0x0000000080012040 mem 0x0000000080031f38
core   0: 0x000000008000ff32 (0xfb843783) ld      a5, -72(s0)
core   0: 3 0x000000008000ff32 (0xfb843783) x15 0x000000000000009c mem 0x0000000080031f28
core   0: 0x000000008000ff36 (0x000097ba) c.add   a5, a4
core   0: 3 0x000000008000ff36 (0x97ba) x15 0x00000000800120dc
core   0: 0x000000008000ff38 (0xfe043703) ld      a4, -32(s0)
core   0: 3 0x000000008000ff38 (0xfe043703) x14 0x00000000800120b3 mem 0x0000000080031f50
core   0: 0x000000008000ff3c (0xfcf76de3) bltu    a4, a5, pc - 38
core   0: 3 0x000000008000ff3c (0xfcf76de3)
core   0: 0x000000008000ff16 (0xfe043783) ld      a5, -32(s0)
core   0: 3 0x000000008000ff16 (0xfe043783) x15 0x00000000800120b3 mem 0x0000000080031f50
core   0: 0x000000008000ff1a (0x00178713) addi    a4, a5, 1
core   0: 3 0x000000008000ff1a (0x00178713) x14 0x00000000800120b4
core   0: 0x000000008000ff1e (0xfee43023) sd      a4, -32(s0)
core   0: 3 0x000000008000ff1e (0xfee43023) mem 0x0000000080031f50 0x00000000800120b4
core   0: 0x000000008000ff22 (0xfc442703) lw      a4, -60(s0)
core   0: 3 0x000000008000ff22 (0xfc442703) x14 0x0000000000000000 mem 0x0000000080031f34
core   0: 0x000000008000ff26 (0x0ff77713) andi    a4, a4, 255
core   0: 3 0x000000008000ff26 (0x0ff77713) x14 0x0000000000000000
core   0: 0x000000008000ff2a (0x00e78023) sb      a4, 0(a5)
core   0: 3 0x000000008000ff2a (0x00e78023) mem 0x00000000800120b3 0x00
core   0: 0x000000008000ff2e (0xfc843703) ld      a4, -56(s0)
core   0: 3 0x000000008000ff2e (0xfc843703) x14 0x0000000080012040 mem 0x0000000080031f38
core   0: 0x000000008000ff32 (0xfb843783) ld      a5, -72(s0)
core   0: 3 0x000000008000ff32 (0xfb843783) x15 0x000000000000009c mem 0x0000000080031f28
core   0: 0x000000008000ff36 (0x000097ba) c.add   a5, a4
core   0: 3 0x000000008000ff36 (0x97ba) x15 0x00000000800120dc
core   0: 0x000000008000ff38 (0xfe043703) ld      a4, -32(s0)
core   0: 3 0x000000008000ff38 (0xfe043703) x14 0x00000000800120b4 mem 0x0000000080031f50
core   0: 0x000000008000ff3c (0xfcf76de3) bltu    a4, a5, pc - 38
core   0: 3 0x000000008000ff3c (0xfcf76de3)
core   0: 0x000000008000ff16 (0xfe043783) ld      a5, -32(s0)
core   0: 3 0x000000008000ff16 (0xfe043783) x15 0x00000000800120b4 mem 0x0000000080031f50
core   0: 0x000000008000ff1a (0x00178713) addi    a4, a5, 1
core   0: 3 0x000000008000ff1a (0x00178713) x14 0x00000000800120b5
core   0: 0x000000008000ff1e (0xfee43023) sd      a4, -32(s0)
core   0: 3 0x000000008000ff1e (0xfee43023) mem 0x0000000080031f50 0x00000000800120b5
core   0: 0x000000008000ff22 (0xfc442703) lw      a4, -60(s0)
core   0: 3 0x000000008000ff22 (0xfc442703) x14 0x0000000000000000 mem 0x0000000080031f34
core   0: 0x000000008000ff26 (0x0ff77713) andi    a4, a4, 255
core   0: 3 0x000000008000ff26 (0x0ff77713) x14 0x0000000000000000
core   0: 0x000000008000ff2a (0x00e78023) sb      a4, 0(a5)
core   0: 3 0x000000008000ff2a (0x00e78023) mem 0x00000000800120b4 0x00
core   0: 0x000000008000ff2e (0xfc843703) ld      a4, -56(s0)
core   0: 3 0x000000008000ff2e (0xfc843703) x14 0x0000000080012040 mem 0x0000000080031f38
core   0: 0x000000008000ff32 (0xfb843783) ld      a5, -72(s0)
core   0: 3 0x000000008000ff32 (0xfb843783) x15 0x000000000000009c mem 0x0000000080031f28
core   0: 0x000000008000ff36 (0x000097ba) c.add   a5, a4
core   0: 3 0x000000008000ff36 (0x97ba) x15 0x00000000800120dc
core   0: 0x000000008000ff38 (0xfe043703) ld      a4, -32(s0)
core   0: 3 0x000000008000ff38 (0xfe043703) x14 0x00000000800120b5 mem 0x0000000080031f50
core   0: 0x000000008000ff3c (0xfcf76de3) bltu    a4, a5, pc - 38
core   0: 3 0x000000008000ff3c (0xfcf76de3)
core   0: 0x000000008000ff16 (0xfe043783) ld      a5, -32(s0)
core   0: 3 0x000000008000ff16 (0xfe043783) x15 0x00000000800120b5 mem 0x0000000080031f50
core   0: 0x000000008000ff1a (0x00178713) addi    a4, a5, 1
core   0: 3 0x000000008000ff1a (0x00178713) x14 0x00000000800120b6
core   0: 0x000000008000ff1e (0xfee43023) sd      a4, -32(s0)
core   0: 3 0x000000008000ff1e (0xfee43023) mem 0x0000000080031f50 0x00000000800120b6
core   0: 0x000000008000ff22 (0xfc442703) lw      a4, -60(s0)
core   0: 3 0x000000008000ff22 (0xfc442703) x14 0x0000000000000000 mem 0x0000000080031f34
core   0: 0x000000008000ff26 (0x0ff77713) andi    a4, a4, 255
core   0: 3 0x000000008000ff26 (0x0ff77713) x14 0x0000000000000000
core   0: 0x000000008000ff2a (0x00e78023) sb      a4, 0(a5)
core   0: 3 0x000000008000ff2a (0x00e78023) mem 0x00000000800120b5 0x00
core   0: 0x000000008000ff2e (0xfc843703) ld      a4, -56(s0)
core   0: 3 0x000000008000ff2e (0xfc843703) x14 0x0000000080012040 mem 0x0000000080031f38
core   0: 0x000000008000ff32 (0xfb843783) ld      a5, -72(s0)
core   0: 3 0x000000008000ff32 (0xfb843783) x15 0x000000000000009c mem 0x0000000080031f28
core   0: 0x000000008000ff36 (0x000097ba) c.add   a5, a4
core   0: 3 0x000000008000ff36 (0x97ba) x15 0x00000000800120dc
core   0: 0x000000008000ff38 (0xfe043703) ld      a4, -32(s0)
core   0: 3 0x000000008000ff38 (0xfe043703) x14 0x00000000800120b6 mem 0x0000000080031f50
core   0: 0x000000008000ff3c (0xfcf76de3) bltu    a4, a5, pc - 38
core   0: 3 0x000000008000ff3c (0xfcf76de3)
core   0: 0x000000008000ff16 (0xfe043783) ld      a5, -32(s0)
core   0: 3 0x000000008000ff16 (0xfe043783) x15 0x00000000800120b6 mem 0x0000000080031f50
core   0: 0x000000008000ff1a (0x00178713) addi    a4, a5, 1
core   0: 3 0x000000008000ff1a (0x00178713) x14 0x00000000800120b7
core   0: 0x000000008000ff1e (0xfee43023) sd      a4, -32(s0)
core   0: 3 0x000000008000ff1e (0xfee43023) mem 0x0000000080031f50 0x00000000800120b7
core   0: 0x000000008000ff22 (0xfc442703) lw      a4, -60(s0)
core   0: 3 0x000000008000ff22 (0xfc442703) x14 0x0000000000000000 mem 0x0000000080031f34
core   0: 0x000000008000ff26 (0x0ff77713) andi    a4, a4, 255
core   0: 3 0x000000008000ff26 (0x0ff77713) x14 0x0000000000000000
core   0: 0x000000008000ff2a (0x00e78023) sb      a4, 0(a5)
core   0: 3 0x000000008000ff2a (0x00e78023) mem 0x00000000800120b6 0x00
core   0: 0x000000008000ff2e (0xfc843703) ld      a4, -56(s0)
core   0: 3 0x000000008000ff2e (0xfc843703) x14 0x0000000080012040 mem 0x0000000080031f38
core   0: 0x000000008000ff32 (0xfb843783) ld      a5, -72(s0)
core   0: 3 0x000000008000ff32 (0xfb843783) x15 0x000000000000009c mem 0x0000000080031f28
core   0: 0x000000008000ff36 (0x000097ba) c.add   a5, a4
core   0: 3 0x000000008000ff36 (0x97ba) x15 0x00000000800120dc
core   0: 0x000000008000ff38 (0xfe043703) ld      a4, -32(s0)
core   0: 3 0x000000008000ff38 (0xfe043703) x14 0x00000000800120b7 mem 0x0000000080031f50
core   0: 0x000000008000ff3c (0xfcf76de3) bltu    a4, a5, pc - 38
core   0: 3 0x000000008000ff3c (0xfcf76de3)
core   0: 0x000000008000ff16 (0xfe043783) ld      a5, -32(s0)
core   0: 3 0x000000008000ff16 (0xfe043783) x15 0x00000000800120b7 mem 0x0000000080031f50
core   0: 0x000000008000ff1a (0x00178713) addi    a4, a5, 1
core   0: 3 0x000000008000ff1a (0x00178713) x14 0x00000000800120b8
core   0: 0x000000008000ff1e (0xfee43023) sd      a4, -32(s0)
core   0: 3 0x000000008000ff1e (0xfee43023) mem 0x0000000080031f50 0x00000000800120b8
core   0: 0x000000008000ff22 (0xfc442703) lw      a4, -60(s0)
core   0: 3 0x000000008000ff22 (0xfc442703) x14 0x0000000000000000 mem 0x0000000080031f34
core   0: 0x000000008000ff26 (0x0ff77713) andi    a4, a4, 255
core   0: 3 0x000000008000ff26 (0x0ff77713) x14 0x0000000000000000
core   0: 0x000000008000ff2a (0x00e78023) sb      a4, 0(a5)
core   0: 3 0x000000008000ff2a (0x00e78023) mem 0x00000000800120b7 0x00
core   0: 0x000000008000ff2e (0xfc843703) ld      a4, -56(s0)
core   0: 3 0x000000008000ff2e (0xfc843703) x14 0x0000000080012040 mem 0x0000000080031f38
core   0: 0x000000008000ff32 (0xfb843783) ld      a5, -72(s0)
core   0: 3 0x000000008000ff32 (0xfb843783) x15 0x000000000000009c mem 0x0000000080031f28
core   0: 0x000000008000ff36 (0x000097ba) c.add   a5, a4
core   0: 3 0x000000008000ff36 (0x97ba) x15 0x00000000800120dc
core   0: 0x000000008000ff38 (0xfe043703) ld      a4, -32(s0)
core   0: 3 0x000000008000ff38 (0xfe043703) x14 0x00000000800120b8 mem 0x0000000080031f50
core   0: 0x000000008000ff3c (0xfcf76de3) bltu    a4, a5, pc - 38
core   0: 3 0x000000008000ff3c (0xfcf76de3)
core   0: 0x000000008000ff16 (0xfe043783) ld      a5, -32(s0)
core   0: 3 0x000000008000ff16 (0xfe043783) x15 0x00000000800120b8 mem 0x0000000080031f50
core   0: 0x000000008000ff1a (0x00178713) addi    a4, a5, 1
core   0: 3 0x000000008000ff1a (0x00178713) x14 0x00000000800120b9
core   0: 0x000000008000ff1e (0xfee43023) sd      a4, -32(s0)
core   0: 3 0x000000008000ff1e (0xfee43023) mem 0x0000000080031f50 0x00000000800120b9
core   0: 0x000000008000ff22 (0xfc442703) lw      a4, -60(s0)
core   0: 3 0x000000008000ff22 (0xfc442703) x14 0x0000000000000000 mem 0x0000000080031f34
core   0: 0x000000008000ff26 (0x0ff77713) andi    a4, a4, 255
core   0: 3 0x000000008000ff26 (0x0ff77713) x14 0x0000000000000000
core   0: 0x000000008000ff2a (0x00e78023) sb      a4, 0(a5)
core   0: 3 0x000000008000ff2a (0x00e78023) mem 0x00000000800120b8 0x00
core   0: 0x000000008000ff2e (0xfc843703) ld      a4, -56(s0)
core   0: 3 0x000000008000ff2e (0xfc843703) x14 0x0000000080012040 mem 0x0000000080031f38
core   0: 0x000000008000ff32 (0xfb843783) ld      a5, -72(s0)
core   0: 3 0x000000008000ff32 (0xfb843783) x15 0x000000000000009c mem 0x0000000080031f28
core   0: 0x000000008000ff36 (0x000097ba) c.add   a5, a4
core   0: 3 0x000000008000ff36 (0x97ba) x15 0x00000000800120dc
core   0: 0x000000008000ff38 (0xfe043703) ld      a4, -32(s0)
core   0: 3 0x000000008000ff38 (0xfe043703) x14 0x00000000800120b9 mem 0x0000000080031f50
core   0: 0x000000008000ff3c (0xfcf76de3) bltu    a4, a5, pc - 38
core   0: 3 0x000000008000ff3c (0xfcf76de3)
core   0: 0x000000008000ff16 (0xfe043783) ld      a5, -32(s0)
core   0: 3 0x000000008000ff16 (0xfe043783) x15 0x00000000800120b9 mem 0x0000000080031f50
core   0: 0x000000008000ff1a (0x00178713) addi    a4, a5, 1
core   0: 3 0x000000008000ff1a (0x00178713) x14 0x00000000800120ba
core   0: 0x000000008000ff1e (0xfee43023) sd      a4, -32(s0)
core   0: 3 0x000000008000ff1e (0xfee43023) mem 0x0000000080031f50 0x00000000800120ba
core   0: 0x000000008000ff22 (0xfc442703) lw      a4, -60(s0)
core   0: 3 0x000000008000ff22 (0xfc442703) x14 0x0000000000000000 mem 0x0000000080031f34
core   0: 0x000000008000ff26 (0x0ff77713) andi    a4, a4, 255
core   0: 3 0x000000008000ff26 (0x0ff77713) x14 0x0000000000000000
core   0: 0x000000008000ff2a (0x00e78023) sb      a4, 0(a5)
core   0: 3 0x000000008000ff2a (0x00e78023) mem 0x00000000800120b9 0x00
core   0: 0x000000008000ff2e (0xfc843703) ld      a4, -56(s0)
core   0: 3 0x000000008000ff2e (0xfc843703) x14 0x0000000080012040 mem 0x0000000080031f38
core   0: 0x000000008000ff32 (0xfb843783) ld      a5, -72(s0)
core   0: 3 0x000000008000ff32 (0xfb843783) x15 0x000000000000009c mem 0x0000000080031f28
core   0: 0x000000008000ff36 (0x000097ba) c.add   a5, a4
core   0: 3 0x000000008000ff36 (0x97ba) x15 0x00000000800120dc
core   0: 0x000000008000ff38 (0xfe043703) ld      a4, -32(s0)
core   0: 3 0x000000008000ff38 (0xfe043703) x14 0x00000000800120ba mem 0x0000000080031f50
core   0: 0x000000008000ff3c (0xfcf76de3) bltu    a4, a5, pc - 38
core   0: 3 0x000000008000ff3c (0xfcf76de3)
core   0: 0x000000008000ff16 (0xfe043783) ld      a5, -32(s0)
core   0: 3 0x000000008000ff16 (0xfe043783) x15 0x00000000800120ba mem 0x0000000080031f50
core   0: 0x000000008000ff1a (0x00178713) addi    a4, a5, 1
core   0: 3 0x000000008000ff1a (0x00178713) x14 0x00000000800120bb
core   0: 0x000000008000ff1e (0xfee43023) sd      a4, -32(s0)
core   0: 3 0x000000008000ff1e (0xfee43023) mem 0x0000000080031f50 0x00000000800120bb
core   0: 0x000000008000ff22 (0xfc442703) lw      a4, -60(s0)
core   0: 3 0x000000008000ff22 (0xfc442703) x14 0x0000000000000000 mem 0x0000000080031f34
core   0: 0x000000008000ff26 (0x0ff77713) andi    a4, a4, 255
core   0: 3 0x000000008000ff26 (0x0ff77713) x14 0x0000000000000000
core   0: 0x000000008000ff2a (0x00e78023) sb      a4, 0(a5)
core   0: 3 0x000000008000ff2a (0x00e78023) mem 0x00000000800120ba 0x00
core   0: 0x000000008000ff2e (0xfc843703) ld      a4, -56(s0)
core   0: 3 0x000000008000ff2e (0xfc843703) x14 0x0000000080012040 mem 0x0000000080031f38
core   0: 0x000000008000ff32 (0xfb843783) ld      a5, -72(s0)
core   0: 3 0x000000008000ff32 (0xfb843783) x15 0x000000000000009c mem 0x0000000080031f28
core   0: 0x000000008000ff36 (0x000097ba) c.add   a5, a4
core   0: 3 0x000000008000ff36 (0x97ba) x15 0x00000000800120dc
core   0: 0x000000008000ff38 (0xfe043703) ld      a4, -32(s0)
core   0: 3 0x000000008000ff38 (0xfe043703) x14 0x00000000800120bb mem 0x0000000080031f50
core   0: 0x000000008000ff3c (0xfcf76de3) bltu    a4, a5, pc - 38
core   0: 3 0x000000008000ff3c (0xfcf76de3)
core   0: 0x000000008000ff16 (0xfe043783) ld      a5, -32(s0)
core   0: 3 0x000000008000ff16 (0xfe043783) x15 0x00000000800120bb mem 0x0000000080031f50
core   0: 0x000000008000ff1a (0x00178713) addi    a4, a5, 1
core   0: 3 0x000000008000ff1a (0x00178713) x14 0x00000000800120bc
core   0: 0x000000008000ff1e (0xfee43023) sd      a4, -32(s0)
core   0: 3 0x000000008000ff1e (0xfee43023) mem 0x0000000080031f50 0x00000000800120bc
core   0: 0x000000008000ff22 (0xfc442703) lw      a4, -60(s0)
core   0: 3 0x000000008000ff22 (0xfc442703) x14 0x0000000000000000 mem 0x0000000080031f34
core   0: 0x000000008000ff26 (0x0ff77713) andi    a4, a4, 255
core   0: 3 0x000000008000ff26 (0x0ff77713) x14 0x0000000000000000
core   0: 0x000000008000ff2a (0x00e78023) sb      a4, 0(a5)
core   0: 3 0x000000008000ff2a (0x00e78023) mem 0x00000000800120bb 0x00
core   0: 0x000000008000ff2e (0xfc843703) ld      a4, -56(s0)
core   0: 3 0x000000008000ff2e (0xfc843703) x14 0x0000000080012040 mem 0x0000000080031f38
core   0: 0x000000008000ff32 (0xfb843783) ld      a5, -72(s0)
core   0: 3 0x000000008000ff32 (0xfb843783) x15 0x000000000000009c mem 0x0000000080031f28
core   0: 0x000000008000ff36 (0x000097ba) c.add   a5, a4
core   0: 3 0x000000008000ff36 (0x97ba) x15 0x00000000800120dc
core   0: 0x000000008000ff38 (0xfe043703) ld      a4, -32(s0)
core   0: 3 0x000000008000ff38 (0xfe043703) x14 0x00000000800120bc mem 0x0000000080031f50
core   0: 0x000000008000ff3c (0xfcf76de3) bltu    a4, a5, pc - 38
core   0: 3 0x000000008000ff3c (0xfcf76de3)
core   0: 0x000000008000ff16 (0xfe043783) ld      a5, -32(s0)
core   0: 3 0x000000008000ff16 (0xfe043783) x15 0x00000000800120bc mem 0x0000000080031f50
core   0: 0x000000008000ff1a (0x00178713) addi    a4, a5, 1
core   0: 3 0x000000008000ff1a (0x00178713) x14 0x00000000800120bd
core   0: 0x000000008000ff1e (0xfee43023) sd      a4, -32(s0)
core   0: 3 0x000000008000ff1e (0xfee43023) mem 0x0000000080031f50 0x00000000800120bd
core   0: 0x000000008000ff22 (0xfc442703) lw      a4, -60(s0)
core   0: 3 0x000000008000ff22 (0xfc442703) x14 0x0000000000000000 mem 0x0000000080031f34
core   0: 0x000000008000ff26 (0x0ff77713) andi    a4, a4, 255
core   0: 3 0x000000008000ff26 (0x0ff77713) x14 0x0000000000000000
core   0: 0x000000008000ff2a (0x00e78023) sb      a4, 0(a5)
core   0: 3 0x000000008000ff2a (0x00e78023) mem 0x00000000800120bc 0x00
core   0: 0x000000008000ff2e (0xfc843703) ld      a4, -56(s0)
core   0: 3 0x000000008000ff2e (0xfc843703) x14 0x0000000080012040 mem 0x0000000080031f38
core   0: 0x000000008000ff32 (0xfb843783) ld      a5, -72(s0)
core   0: 3 0x000000008000ff32 (0xfb843783) x15 0x000000000000009c mem 0x0000000080031f28
core   0: 0x000000008000ff36 (0x000097ba) c.add   a5, a4
core   0: 3 0x000000008000ff36 (0x97ba) x15 0x00000000800120dc
core   0: 0x000000008000ff38 (0xfe043703) ld      a4, -32(s0)
core   0: 3 0x000000008000ff38 (0xfe043703) x14 0x00000000800120bd mem 0x0000000080031f50
core   0: 0x000000008000ff3c (0xfcf76de3) bltu    a4, a5, pc - 38
core   0: 3 0x000000008000ff3c (0xfcf76de3)
core   0: 0x000000008000ff16 (0xfe043783) ld      a5, -32(s0)
core   0: 3 0x000000008000ff16 (0xfe043783) x15 0x00000000800120bd mem 0x0000000080031f50
core   0: 0x000000008000ff1a (0x00178713) addi    a4, a5, 1
core   0: 3 0x000000008000ff1a (0x00178713) x14 0x00000000800120be
core   0: 0x000000008000ff1e (0xfee43023) sd      a4, -32(s0)
core   0: 3 0x000000008000ff1e (0xfee43023) mem 0x0000000080031f50 0x00000000800120be
core   0: 0x000000008000ff22 (0xfc442703) lw      a4, -60(s0)
core   0: 3 0x000000008000ff22 (0xfc442703) x14 0x0000000000000000 mem 0x0000000080031f34
core   0: 0x000000008000ff26 (0x0ff77713) andi    a4, a4, 255
core   0: 3 0x000000008000ff26 (0x0ff77713) x14 0x0000000000000000
core   0: 0x000000008000ff2a (0x00e78023) sb      a4, 0(a5)
core   0: 3 0x000000008000ff2a (0x00e78023) mem 0x00000000800120bd 0x00
core   0: 0x000000008000ff2e (0xfc843703) ld      a4, -56(s0)
core   0: 3 0x000000008000ff2e (0xfc843703) x14 0x0000000080012040 mem 0x0000000080031f38
core   0: 0x000000008000ff32 (0xfb843783) ld      a5, -72(s0)
core   0: 3 0x000000008000ff32 (0xfb843783) x15 0x000000000000009c mem 0x0000000080031f28
core   0: 0x000000008000ff36 (0x000097ba) c.add   a5, a4
core   0: 3 0x000000008000ff36 (0x97ba) x15 0x00000000800120dc
core   0: 0x000000008000ff38 (0xfe043703) ld      a4, -32(s0)
core   0: 3 0x000000008000ff38 (0xfe043703) x14 0x00000000800120be mem 0x0000000080031f50
core   0: 0x000000008000ff3c (0xfcf76de3) bltu    a4, a5, pc - 38
core   0: 3 0x000000008000ff3c (0xfcf76de3)
core   0: 0x000000008000ff16 (0xfe043783) ld      a5, -32(s0)
core   0: 3 0x000000008000ff16 (0xfe043783) x15 0x00000000800120be mem 0x0000000080031f50
core   0: 0x000000008000ff1a (0x00178713) addi    a4, a5, 1
core   0: 3 0x000000008000ff1a (0x00178713) x14 0x00000000800120bf
core   0: 0x000000008000ff1e (0xfee43023) sd      a4, -32(s0)
core   0: 3 0x000000008000ff1e (0xfee43023) mem 0x0000000080031f50 0x00000000800120bf
core   0: 0x000000008000ff22 (0xfc442703) lw      a4, -60(s0)
core   0: 3 0x000000008000ff22 (0xfc442703) x14 0x0000000000000000 mem 0x0000000080031f34
core   0: 0x000000008000ff26 (0x0ff77713) andi    a4, a4, 255
core   0: 3 0x000000008000ff26 (0x0ff77713) x14 0x0000000000000000
core   0: 0x000000008000ff2a (0x00e78023) sb      a4, 0(a5)
core   0: 3 0x000000008000ff2a (0x00e78023) mem 0x00000000800120be 0x00
core   0: 0x000000008000ff2e (0xfc843703) ld      a4, -56(s0)
core   0: 3 0x000000008000ff2e (0xfc843703) x14 0x0000000080012040 mem 0x0000000080031f38
core   0: 0x000000008000ff32 (0xfb843783) ld      a5, -72(s0)
core   0: 3 0x000000008000ff32 (0xfb843783) x15 0x000000000000009c mem 0x0000000080031f28
core   0: 0x000000008000ff36 (0x000097ba) c.add   a5, a4
core   0: 3 0x000000008000ff36 (0x97ba) x15 0x00000000800120dc
core   0: 0x000000008000ff38 (0xfe043703) ld      a4, -32(s0)
core   0: 3 0x000000008000ff38 (0xfe043703) x14 0x00000000800120bf mem 0x0000000080031f50
core   0: 0x000000008000ff3c (0xfcf76de3) bltu    a4, a5, pc - 38
core   0: 3 0x000000008000ff3c (0xfcf76de3)
core   0: 0x000000008000ff16 (0xfe043783) ld      a5, -32(s0)
core   0: 3 0x000000008000ff16 (0xfe043783) x15 0x00000000800120bf mem 0x0000000080031f50
core   0: 0x000000008000ff1a (0x00178713) addi    a4, a5, 1
core   0: 3 0x000000008000ff1a (0x00178713) x14 0x00000000800120c0
core   0: 0x000000008000ff1e (0xfee43023) sd      a4, -32(s0)
core   0: 3 0x000000008000ff1e (0xfee43023) mem 0x0000000080031f50 0x00000000800120c0
core   0: 0x000000008000ff22 (0xfc442703) lw      a4, -60(s0)
core   0: 3 0x000000008000ff22 (0xfc442703) x14 0x0000000000000000 mem 0x0000000080031f34
core   0: 0x000000008000ff26 (0x0ff77713) andi    a4, a4, 255
core   0: 3 0x000000008000ff26 (0x0ff77713) x14 0x0000000000000000
core   0: 0x000000008000ff2a (0x00e78023) sb      a4, 0(a5)
core   0: 3 0x000000008000ff2a (0x00e78023) mem 0x00000000800120bf 0x00
core   0: 0x000000008000ff2e (0xfc843703) ld      a4, -56(s0)
core   0: 3 0x000000008000ff2e (0xfc843703) x14 0x0000000080012040 mem 0x0000000080031f38
core   0: 0x000000008000ff32 (0xfb843783) ld      a5, -72(s0)
core   0: 3 0x000000008000ff32 (0xfb843783) x15 0x000000000000009c mem 0x0000000080031f28
core   0: 0x000000008000ff36 (0x000097ba) c.add   a5, a4
core   0: 3 0x000000008000ff36 (0x97ba) x15 0x00000000800120dc
core   0: 0x000000008000ff38 (0xfe043703) ld      a4, -32(s0)
core   0: 3 0x000000008000ff38 (0xfe043703) x14 0x00000000800120c0 mem 0x0000000080031f50
core   0: 0x000000008000ff3c (0xfcf76de3) bltu    a4, a5, pc - 38
core   0: 3 0x000000008000ff3c (0xfcf76de3)
core   0: 0x000000008000ff16 (0xfe043783) ld      a5, -32(s0)
core   0: 3 0x000000008000ff16 (0xfe043783) x15 0x00000000800120c0 mem 0x0000000080031f50
core   0: 0x000000008000ff1a (0x00178713) addi    a4, a5, 1
core   0: 3 0x000000008000ff1a (0x00178713) x14 0x00000000800120c1
core   0: 0x000000008000ff1e (0xfee43023) sd      a4, -32(s0)
core   0: 3 0x000000008000ff1e (0xfee43023) mem 0x0000000080031f50 0x00000000800120c1
core   0: 0x000000008000ff22 (0xfc442703) lw      a4, -60(s0)
core   0: 3 0x000000008000ff22 (0xfc442703) x14 0x0000000000000000 mem 0x0000000080031f34
core   0: 0x000000008000ff26 (0x0ff77713) andi    a4, a4, 255
core   0: 3 0x000000008000ff26 (0x0ff77713) x14 0x0000000000000000
core   0: 0x000000008000ff2a (0x00e78023) sb      a4, 0(a5)
core   0: 3 0x000000008000ff2a (0x00e78023) mem 0x00000000800120c0 0x00
core   0: 0x000000008000ff2e (0xfc843703) ld      a4, -56(s0)
core   0: 3 0x000000008000ff2e (0xfc843703) x14 0x0000000080012040 mem 0x0000000080031f38
core   0: 0x000000008000ff32 (0xfb843783) ld      a5, -72(s0)
core   0: 3 0x000000008000ff32 (0xfb843783) x15 0x000000000000009c mem 0x0000000080031f28
core   0: 0x000000008000ff36 (0x000097ba) c.add   a5, a4
core   0: 3 0x000000008000ff36 (0x97ba) x15 0x00000000800120dc
core   0: 0x000000008000ff38 (0xfe043703) ld      a4, -32(s0)
core   0: 3 0x000000008000ff38 (0xfe043703) x14 0x00000000800120c1 mem 0x0000000080031f50
core   0: 0x000000008000ff3c (0xfcf76de3) bltu    a4, a5, pc - 38
core   0: 3 0x000000008000ff3c (0xfcf76de3)
core   0: 0x000000008000ff16 (0xfe043783) ld      a5, -32(s0)
core   0: 3 0x000000008000ff16 (0xfe043783) x15 0x00000000800120c1 mem 0x0000000080031f50
core   0: 0x000000008000ff1a (0x00178713) addi    a4, a5, 1
core   0: 3 0x000000008000ff1a (0x00178713) x14 0x00000000800120c2
core   0: 0x000000008000ff1e (0xfee43023) sd      a4, -32(s0)
core   0: 3 0x000000008000ff1e (0xfee43023) mem 0x0000000080031f50 0x00000000800120c2
core   0: 0x000000008000ff22 (0xfc442703) lw      a4, -60(s0)
core   0: 3 0x000000008000ff22 (0xfc442703) x14 0x0000000000000000 mem 0x0000000080031f34
core   0: 0x000000008000ff26 (0x0ff77713) andi    a4, a4, 255
core   0: 3 0x000000008000ff26 (0x0ff77713) x14 0x0000000000000000
core   0: 0x000000008000ff2a (0x00e78023) sb      a4, 0(a5)
core   0: 3 0x000000008000ff2a (0x00e78023) mem 0x00000000800120c1 0x00
core   0: 0x000000008000ff2e (0xfc843703) ld      a4, -56(s0)
core   0: 3 0x000000008000ff2e (0xfc843703) x14 0x0000000080012040 mem 0x0000000080031f38
core   0: 0x000000008000ff32 (0xfb843783) ld      a5, -72(s0)
core   0: 3 0x000000008000ff32 (0xfb843783) x15 0x000000000000009c mem 0x0000000080031f28
core   0: 0x000000008000ff36 (0x000097ba) c.add   a5, a4
core   0: 3 0x000000008000ff36 (0x97ba) x15 0x00000000800120dc
core   0: 0x000000008000ff38 (0xfe043703) ld      a4, -32(s0)
core   0: 3 0x000000008000ff38 (0xfe043703) x14 0x00000000800120c2 mem 0x0000000080031f50
core   0: 0x000000008000ff3c (0xfcf76de3) bltu    a4, a5, pc - 38
core   0: 3 0x000000008000ff3c (0xfcf76de3)
core   0: 0x000000008000ff16 (0xfe043783) ld      a5, -32(s0)
core   0: 3 0x000000008000ff16 (0xfe043783) x15 0x00000000800120c2 mem 0x0000000080031f50
core   0: 0x000000008000ff1a (0x00178713) addi    a4, a5, 1
core   0: 3 0x000000008000ff1a (0x00178713) x14 0x00000000800120c3
core   0: 0x000000008000ff1e (0xfee43023) sd      a4, -32(s0)
core   0: 3 0x000000008000ff1e (0xfee43023) mem 0x0000000080031f50 0x00000000800120c3
core   0: 0x000000008000ff22 (0xfc442703) lw      a4, -60(s0)
core   0: 3 0x000000008000ff22 (0xfc442703) x14 0x0000000000000000 mem 0x0000000080031f34
core   0: 0x000000008000ff26 (0x0ff77713) andi    a4, a4, 255
core   0: 3 0x000000008000ff26 (0x0ff77713) x14 0x0000000000000000
core   0: 0x000000008000ff2a (0x00e78023) sb      a4, 0(a5)
core   0: 3 0x000000008000ff2a (0x00e78023) mem 0x00000000800120c2 0x00
core   0: 0x000000008000ff2e (0xfc843703) ld      a4, -56(s0)
core   0: 3 0x000000008000ff2e (0xfc843703) x14 0x0000000080012040 mem 0x0000000080031f38
core   0: 0x000000008000ff32 (0xfb843783) ld      a5, -72(s0)
core   0: 3 0x000000008000ff32 (0xfb843783) x15 0x000000000000009c mem 0x0000000080031f28
core   0: 0x000000008000ff36 (0x000097ba) c.add   a5, a4
core   0: 3 0x000000008000ff36 (0x97ba) x15 0x00000000800120dc
core   0: 0x000000008000ff38 (0xfe043703) ld      a4, -32(s0)
core   0: 3 0x000000008000ff38 (0xfe043703) x14 0x00000000800120c3 mem 0x0000000080031f50
core   0: 0x000000008000ff3c (0xfcf76de3) bltu    a4, a5, pc - 38
core   0: 3 0x000000008000ff3c (0xfcf76de3)
core   0: 0x000000008000ff16 (0xfe043783) ld      a5, -32(s0)
core   0: 3 0x000000008000ff16 (0xfe043783) x15 0x00000000800120c3 mem 0x0000000080031f50
core   0: 0x000000008000ff1a (0x00178713) addi    a4, a5, 1
core   0: 3 0x000000008000ff1a (0x00178713) x14 0x00000000800120c4
core   0: 0x000000008000ff1e (0xfee43023) sd      a4, -32(s0)
core   0: 3 0x000000008000ff1e (0xfee43023) mem 0x0000000080031f50 0x00000000800120c4
core   0: 0x000000008000ff22 (0xfc442703) lw      a4, -60(s0)
core   0: 3 0x000000008000ff22 (0xfc442703) x14 0x0000000000000000 mem 0x0000000080031f34
core   0: 0x000000008000ff26 (0x0ff77713) andi    a4, a4, 255
core   0: 3 0x000000008000ff26 (0x0ff77713) x14 0x0000000000000000
core   0: 0x000000008000ff2a (0x00e78023) sb      a4, 0(a5)
core   0: 3 0x000000008000ff2a (0x00e78023) mem 0x00000000800120c3 0x00
core   0: 0x000000008000ff2e (0xfc843703) ld      a4, -56(s0)
core   0: 3 0x000000008000ff2e (0xfc843703) x14 0x0000000080012040 mem 0x0000000080031f38
core   0: 0x000000008000ff32 (0xfb843783) ld      a5, -72(s0)
core   0: 3 0x000000008000ff32 (0xfb843783) x15 0x000000000000009c mem 0x0000000080031f28
core   0: 0x000000008000ff36 (0x000097ba) c.add   a5, a4
core   0: 3 0x000000008000ff36 (0x97ba) x15 0x00000000800120dc
core   0: 0x000000008000ff38 (0xfe043703) ld      a4, -32(s0)
core   0: 3 0x000000008000ff38 (0xfe043703) x14 0x00000000800120c4 mem 0x0000000080031f50
core   0: 0x000000008000ff3c (0xfcf76de3) bltu    a4, a5, pc - 38
core   0: 3 0x000000008000ff3c (0xfcf76de3)
core   0: 0x000000008000ff16 (0xfe043783) ld      a5, -32(s0)
core   0: 3 0x000000008000ff16 (0xfe043783) x15 0x00000000800120c4 mem 0x0000000080031f50
core   0: 0x000000008000ff1a (0x00178713) addi    a4, a5, 1
core   0: 3 0x000000008000ff1a (0x00178713) x14 0x00000000800120c5
core   0: 0x000000008000ff1e (0xfee43023) sd      a4, -32(s0)
core   0: 3 0x000000008000ff1e (0xfee43023) mem 0x0000000080031f50 0x00000000800120c5
core   0: 0x000000008000ff22 (0xfc442703) lw      a4, -60(s0)
core   0: 3 0x000000008000ff22 (0xfc442703) x14 0x0000000000000000 mem 0x0000000080031f34
core   0: 0x000000008000ff26 (0x0ff77713) andi    a4, a4, 255
core   0: 3 0x000000008000ff26 (0x0ff77713) x14 0x0000000000000000
core   0: 0x000000008000ff2a (0x00e78023) sb      a4, 0(a5)
core   0: 3 0x000000008000ff2a (0x00e78023) mem 0x00000000800120c4 0x00
core   0: 0x000000008000ff2e (0xfc843703) ld      a4, -56(s0)
core   0: 3 0x000000008000ff2e (0xfc843703) x14 0x0000000080012040 mem 0x0000000080031f38
core   0: 0x000000008000ff32 (0xfb843783) ld      a5, -72(s0)
core   0: 3 0x000000008000ff32 (0xfb843783) x15 0x000000000000009c mem 0x0000000080031f28
core   0: 0x000000008000ff36 (0x000097ba) c.add   a5, a4
core   0: 3 0x000000008000ff36 (0x97ba) x15 0x00000000800120dc
core   0: 0x000000008000ff38 (0xfe043703) ld      a4, -32(s0)
core   0: 3 0x000000008000ff38 (0xfe043703) x14 0x00000000800120c5 mem 0x0000000080031f50
core   0: 0x000000008000ff3c (0xfcf76de3) bltu    a4, a5, pc - 38
core   0: 3 0x000000008000ff3c (0xfcf76de3)
core   0: 0x000000008000ff16 (0xfe043783) ld      a5, -32(s0)
core   0: 3 0x000000008000ff16 (0xfe043783) x15 0x00000000800120c5 mem 0x0000000080031f50
core   0: 0x000000008000ff1a (0x00178713) addi    a4, a5, 1
core   0: 3 0x000000008000ff1a (0x00178713) x14 0x00000000800120c6
core   0: 0x000000008000ff1e (0xfee43023) sd      a4, -32(s0)
core   0: 3 0x000000008000ff1e (0xfee43023) mem 0x0000000080031f50 0x00000000800120c6
core   0: 0x000000008000ff22 (0xfc442703) lw      a4, -60(s0)
core   0: 3 0x000000008000ff22 (0xfc442703) x14 0x0000000000000000 mem 0x0000000080031f34
core   0: 0x000000008000ff26 (0x0ff77713) andi    a4, a4, 255
core   0: 3 0x000000008000ff26 (0x0ff77713) x14 0x0000000000000000
core   0: 0x000000008000ff2a (0x00e78023) sb      a4, 0(a5)
core   0: 3 0x000000008000ff2a (0x00e78023) mem 0x00000000800120c5 0x00
core   0: 0x000000008000ff2e (0xfc843703) ld      a4, -56(s0)
core   0: 3 0x000000008000ff2e (0xfc843703) x14 0x0000000080012040 mem 0x0000000080031f38
core   0: 0x000000008000ff32 (0xfb843783) ld      a5, -72(s0)
core   0: 3 0x000000008000ff32 (0xfb843783) x15 0x000000000000009c mem 0x0000000080031f28
core   0: 0x000000008000ff36 (0x000097ba) c.add   a5, a4
core   0: 3 0x000000008000ff36 (0x97ba) x15 0x00000000800120dc
core   0: 0x000000008000ff38 (0xfe043703) ld      a4, -32(s0)
core   0: 3 0x000000008000ff38 (0xfe043703) x14 0x00000000800120c6 mem 0x0000000080031f50
core   0: 0x000000008000ff3c (0xfcf76de3) bltu    a4, a5, pc - 38
core   0: 3 0x000000008000ff3c (0xfcf76de3)
core   0: 0x000000008000ff16 (0xfe043783) ld      a5, -32(s0)
core   0: 3 0x000000008000ff16 (0xfe043783) x15 0x00000000800120c6 mem 0x0000000080031f50
core   0: 0x000000008000ff1a (0x00178713) addi    a4, a5, 1
core   0: 3 0x000000008000ff1a (0x00178713) x14 0x00000000800120c7
core   0: 0x000000008000ff1e (0xfee43023) sd      a4, -32(s0)
core   0: 3 0x000000008000ff1e (0xfee43023) mem 0x0000000080031f50 0x00000000800120c7
core   0: 0x000000008000ff22 (0xfc442703) lw      a4, -60(s0)
core   0: 3 0x000000008000ff22 (0xfc442703) x14 0x0000000000000000 mem 0x0000000080031f34
core   0: 0x000000008000ff26 (0x0ff77713) andi    a4, a4, 255
core   0: 3 0x000000008000ff26 (0x0ff77713) x14 0x0000000000000000
core   0: 0x000000008000ff2a (0x00e78023) sb      a4, 0(a5)
core   0: 3 0x000000008000ff2a (0x00e78023) mem 0x00000000800120c6 0x00
core   0: 0x000000008000ff2e (0xfc843703) ld      a4, -56(s0)
core   0: 3 0x000000008000ff2e (0xfc843703) x14 0x0000000080012040 mem 0x0000000080031f38
core   0: 0x000000008000ff32 (0xfb843783) ld      a5, -72(s0)
core   0: 3 0x000000008000ff32 (0xfb843783) x15 0x000000000000009c mem 0x0000000080031f28
core   0: 0x000000008000ff36 (0x000097ba) c.add   a5, a4
core   0: 3 0x000000008000ff36 (0x97ba) x15 0x00000000800120dc
core   0: 0x000000008000ff38 (0xfe043703) ld      a4, -32(s0)
core   0: 3 0x000000008000ff38 (0xfe043703) x14 0x00000000800120c7 mem 0x0000000080031f50
core   0: 0x000000008000ff3c (0xfcf76de3) bltu    a4, a5, pc - 38
core   0: 3 0x000000008000ff3c (0xfcf76de3)
core   0: 0x000000008000ff16 (0xfe043783) ld      a5, -32(s0)
core   0: 3 0x000000008000ff16 (0xfe043783) x15 0x00000000800120c7 mem 0x0000000080031f50
core   0: 0x000000008000ff1a (0x00178713) addi    a4, a5, 1
core   0: 3 0x000000008000ff1a (0x00178713) x14 0x00000000800120c8
core   0: 0x000000008000ff1e (0xfee43023) sd      a4, -32(s0)
core   0: 3 0x000000008000ff1e (0xfee43023) mem 0x0000000080031f50 0x00000000800120c8
core   0: 0x000000008000ff22 (0xfc442703) lw      a4, -60(s0)
core   0: 3 0x000000008000ff22 (0xfc442703) x14 0x0000000000000000 mem 0x0000000080031f34
core   0: 0x000000008000ff26 (0x0ff77713) andi    a4, a4, 255
core   0: 3 0x000000008000ff26 (0x0ff77713) x14 0x0000000000000000
core   0: 0x000000008000ff2a (0x00e78023) sb      a4, 0(a5)
core   0: 3 0x000000008000ff2a (0x00e78023) mem 0x00000000800120c7 0x00
core   0: 0x000000008000ff2e (0xfc843703) ld      a4, -56(s0)
core   0: 3 0x000000008000ff2e (0xfc843703) x14 0x0000000080012040 mem 0x0000000080031f38
core   0: 0x000000008000ff32 (0xfb843783) ld      a5, -72(s0)
core   0: 3 0x000000008000ff32 (0xfb843783) x15 0x000000000000009c mem 0x0000000080031f28
core   0: 0x000000008000ff36 (0x000097ba) c.add   a5, a4
core   0: 3 0x000000008000ff36 (0x97ba) x15 0x00000000800120dc
core   0: 0x000000008000ff38 (0xfe043703) ld      a4, -32(s0)
core   0: 3 0x000000008000ff38 (0xfe043703) x14 0x00000000800120c8 mem 0x0000000080031f50
core   0: 0x000000008000ff3c (0xfcf76de3) bltu    a4, a5, pc - 38
core   0: 3 0x000000008000ff3c (0xfcf76de3)
core   0: 0x000000008000ff16 (0xfe043783) ld      a5, -32(s0)
core   0: 3 0x000000008000ff16 (0xfe043783) x15 0x00000000800120c8 mem 0x0000000080031f50
core   0: 0x000000008000ff1a (0x00178713) addi    a4, a5, 1
core   0: 3 0x000000008000ff1a (0x00178713) x14 0x00000000800120c9
core   0: 0x000000008000ff1e (0xfee43023) sd      a4, -32(s0)
core   0: 3 0x000000008000ff1e (0xfee43023) mem 0x0000000080031f50 0x00000000800120c9
core   0: 0x000000008000ff22 (0xfc442703) lw      a4, -60(s0)
core   0: 3 0x000000008000ff22 (0xfc442703) x14 0x0000000000000000 mem 0x0000000080031f34
core   0: 0x000000008000ff26 (0x0ff77713) andi    a4, a4, 255
core   0: 3 0x000000008000ff26 (0x0ff77713) x14 0x0000000000000000
core   0: 0x000000008000ff2a (0x00e78023) sb      a4, 0(a5)
core   0: 3 0x000000008000ff2a (0x00e78023) mem 0x00000000800120c8 0x00
core   0: 0x000000008000ff2e (0xfc843703) ld      a4, -56(s0)
core   0: 3 0x000000008000ff2e (0xfc843703) x14 0x0000000080012040 mem 0x0000000080031f38
core   0: 0x000000008000ff32 (0xfb843783) ld      a5, -72(s0)
core   0: 3 0x000000008000ff32 (0xfb843783) x15 0x000000000000009c mem 0x0000000080031f28
core   0: 0x000000008000ff36 (0x000097ba) c.add   a5, a4
core   0: 3 0x000000008000ff36 (0x97ba) x15 0x00000000800120dc
core   0: 0x000000008000ff38 (0xfe043703) ld      a4, -32(s0)
core   0: 3 0x000000008000ff38 (0xfe043703) x14 0x00000000800120c9 mem 0x0000000080031f50
core   0: 0x000000008000ff3c (0xfcf76de3) bltu    a4, a5, pc - 38
core   0: 3 0x000000008000ff3c (0xfcf76de3)
core   0: 0x000000008000ff16 (0xfe043783) ld      a5, -32(s0)
core   0: 3 0x000000008000ff16 (0xfe043783) x15 0x00000000800120c9 mem 0x0000000080031f50
core   0: 0x000000008000ff1a (0x00178713) addi    a4, a5, 1
core   0: 3 0x000000008000ff1a (0x00178713) x14 0x00000000800120ca
core   0: 0x000000008000ff1e (0xfee43023) sd      a4, -32(s0)
core   0: 3 0x000000008000ff1e (0xfee43023) mem 0x0000000080031f50 0x00000000800120ca
core   0: 0x000000008000ff22 (0xfc442703) lw      a4, -60(s0)
core   0: 3 0x000000008000ff22 (0xfc442703) x14 0x0000000000000000 mem 0x0000000080031f34
core   0: 0x000000008000ff26 (0x0ff77713) andi    a4, a4, 255
core   0: 3 0x000000008000ff26 (0x0ff77713) x14 0x0000000000000000
core   0: 0x000000008000ff2a (0x00e78023) sb      a4, 0(a5)
core   0: 3 0x000000008000ff2a (0x00e78023) mem 0x00000000800120c9 0x00
core   0: 0x000000008000ff2e (0xfc843703) ld      a4, -56(s0)
core   0: 3 0x000000008000ff2e (0xfc843703) x14 0x0000000080012040 mem 0x0000000080031f38
core   0: 0x000000008000ff32 (0xfb843783) ld      a5, -72(s0)
core   0: 3 0x000000008000ff32 (0xfb843783) x15 0x000000000000009c mem 0x0000000080031f28
core   0: 0x000000008000ff36 (0x000097ba) c.add   a5, a4
core   0: 3 0x000000008000ff36 (0x97ba) x15 0x00000000800120dc
core   0: 0x000000008000ff38 (0xfe043703) ld      a4, -32(s0)
core   0: 3 0x000000008000ff38 (0xfe043703) x14 0x00000000800120ca mem 0x0000000080031f50
core   0: 0x000000008000ff3c (0xfcf76de3) bltu    a4, a5, pc - 38
core   0: 3 0x000000008000ff3c (0xfcf76de3)
core   0: 0x000000008000ff16 (0xfe043783) ld      a5, -32(s0)
core   0: 3 0x000000008000ff16 (0xfe043783) x15 0x00000000800120ca mem 0x0000000080031f50
core   0: 0x000000008000ff1a (0x00178713) addi    a4, a5, 1
core   0: 3 0x000000008000ff1a (0x00178713) x14 0x00000000800120cb
core   0: 0x000000008000ff1e (0xfee43023) sd      a4, -32(s0)
core   0: 3 0x000000008000ff1e (0xfee43023) mem 0x0000000080031f50 0x00000000800120cb
core   0: 0x000000008000ff22 (0xfc442703) lw      a4, -60(s0)
core   0: 3 0x000000008000ff22 (0xfc442703) x14 0x0000000000000000 mem 0x0000000080031f34
core   0: 0x000000008000ff26 (0x0ff77713) andi    a4, a4, 255
core   0: 3 0x000000008000ff26 (0x0ff77713) x14 0x0000000000000000
core   0: 0x000000008000ff2a (0x00e78023) sb      a4, 0(a5)
core   0: 3 0x000000008000ff2a (0x00e78023) mem 0x00000000800120ca 0x00
core   0: 0x000000008000ff2e (0xfc843703) ld      a4, -56(s0)
core   0: 3 0x000000008000ff2e (0xfc843703) x14 0x0000000080012040 mem 0x0000000080031f38
core   0: 0x000000008000ff32 (0xfb843783) ld      a5, -72(s0)
core   0: 3 0x000000008000ff32 (0xfb843783) x15 0x000000000000009c mem 0x0000000080031f28
core   0: 0x000000008000ff36 (0x000097ba) c.add   a5, a4
core   0: 3 0x000000008000ff36 (0x97ba) x15 0x00000000800120dc
core   0: 0x000000008000ff38 (0xfe043703) ld      a4, -32(s0)
core   0: 3 0x000000008000ff38 (0xfe043703) x14 0x00000000800120cb mem 0x0000000080031f50
core   0: 0x000000008000ff3c (0xfcf76de3) bltu    a4, a5, pc - 38
core   0: 3 0x000000008000ff3c (0xfcf76de3)
core   0: 0x000000008000ff16 (0xfe043783) ld      a5, -32(s0)
core   0: 3 0x000000008000ff16 (0xfe043783) x15 0x00000000800120cb mem 0x0000000080031f50
core   0: 0x000000008000ff1a (0x00178713) addi    a4, a5, 1
core   0: 3 0x000000008000ff1a (0x00178713) x14 0x00000000800120cc
core   0: 0x000000008000ff1e (0xfee43023) sd      a4, -32(s0)
core   0: 3 0x000000008000ff1e (0xfee43023) mem 0x0000000080031f50 0x00000000800120cc
core   0: 0x000000008000ff22 (0xfc442703) lw      a4, -60(s0)
core   0: 3 0x000000008000ff22 (0xfc442703) x14 0x0000000000000000 mem 0x0000000080031f34
core   0: 0x000000008000ff26 (0x0ff77713) andi    a4, a4, 255
core   0: 3 0x000000008000ff26 (0x0ff77713) x14 0x0000000000000000
core   0: 0x000000008000ff2a (0x00e78023) sb      a4, 0(a5)
core   0: 3 0x000000008000ff2a (0x00e78023) mem 0x00000000800120cb 0x00
core   0: 0x000000008000ff2e (0xfc843703) ld      a4, -56(s0)
core   0: 3 0x000000008000ff2e (0xfc843703) x14 0x0000000080012040 mem 0x0000000080031f38
core   0: 0x000000008000ff32 (0xfb843783) ld      a5, -72(s0)
core   0: 3 0x000000008000ff32 (0xfb843783) x15 0x000000000000009c mem 0x0000000080031f28
core   0: 0x000000008000ff36 (0x000097ba) c.add   a5, a4
core   0: 3 0x000000008000ff36 (0x97ba) x15 0x00000000800120dc
core   0: 0x000000008000ff38 (0xfe043703) ld      a4, -32(s0)
core   0: 3 0x000000008000ff38 (0xfe043703) x14 0x00000000800120cc mem 0x0000000080031f50
core   0: 0x000000008000ff3c (0xfcf76de3) bltu    a4, a5, pc - 38
core   0: 3 0x000000008000ff3c (0xfcf76de3)
core   0: 0x000000008000ff16 (0xfe043783) ld      a5, -32(s0)
core   0: 3 0x000000008000ff16 (0xfe043783) x15 0x00000000800120cc mem 0x0000000080031f50
core   0: 0x000000008000ff1a (0x00178713) addi    a4, a5, 1
core   0: 3 0x000000008000ff1a (0x00178713) x14 0x00000000800120cd
core   0: 0x000000008000ff1e (0xfee43023) sd      a4, -32(s0)
core   0: 3 0x000000008000ff1e (0xfee43023) mem 0x0000000080031f50 0x00000000800120cd
core   0: 0x000000008000ff22 (0xfc442703) lw      a4, -60(s0)
core   0: 3 0x000000008000ff22 (0xfc442703) x14 0x0000000000000000 mem 0x0000000080031f34
core   0: 0x000000008000ff26 (0x0ff77713) andi    a4, a4, 255
core   0: 3 0x000000008000ff26 (0x0ff77713) x14 0x0000000000000000
core   0: 0x000000008000ff2a (0x00e78023) sb      a4, 0(a5)
core   0: 3 0x000000008000ff2a (0x00e78023) mem 0x00000000800120cc 0x00
core   0: 0x000000008000ff2e (0xfc843703) ld      a4, -56(s0)
core   0: 3 0x000000008000ff2e (0xfc843703) x14 0x0000000080012040 mem 0x0000000080031f38
core   0: 0x000000008000ff32 (0xfb843783) ld      a5, -72(s0)
core   0: 3 0x000000008000ff32 (0xfb843783) x15 0x000000000000009c mem 0x0000000080031f28
core   0: 0x000000008000ff36 (0x000097ba) c.add   a5, a4
core   0: 3 0x000000008000ff36 (0x97ba) x15 0x00000000800120dc
core   0: 0x000000008000ff38 (0xfe043703) ld      a4, -32(s0)
core   0: 3 0x000000008000ff38 (0xfe043703) x14 0x00000000800120cd mem 0x0000000080031f50
core   0: 0x000000008000ff3c (0xfcf76de3) bltu    a4, a5, pc - 38
core   0: 3 0x000000008000ff3c (0xfcf76de3)
core   0: 0x000000008000ff16 (0xfe043783) ld      a5, -32(s0)
core   0: 3 0x000000008000ff16 (0xfe043783) x15 0x00000000800120cd mem 0x0000000080031f50
core   0: 0x000000008000ff1a (0x00178713) addi    a4, a5, 1
core   0: 3 0x000000008000ff1a (0x00178713) x14 0x00000000800120ce
core   0: 0x000000008000ff1e (0xfee43023) sd      a4, -32(s0)
core   0: 3 0x000000008000ff1e (0xfee43023) mem 0x0000000080031f50 0x00000000800120ce
core   0: 0x000000008000ff22 (0xfc442703) lw      a4, -60(s0)
core   0: 3 0x000000008000ff22 (0xfc442703) x14 0x0000000000000000 mem 0x0000000080031f34
core   0: 0x000000008000ff26 (0x0ff77713) andi    a4, a4, 255
core   0: 3 0x000000008000ff26 (0x0ff77713) x14 0x0000000000000000
core   0: 0x000000008000ff2a (0x00e78023) sb      a4, 0(a5)
core   0: 3 0x000000008000ff2a (0x00e78023) mem 0x00000000800120cd 0x00
core   0: 0x000000008000ff2e (0xfc843703) ld      a4, -56(s0)
core   0: 3 0x000000008000ff2e (0xfc843703) x14 0x0000000080012040 mem 0x0000000080031f38
core   0: 0x000000008000ff32 (0xfb843783) ld      a5, -72(s0)
core   0: 3 0x000000008000ff32 (0xfb843783) x15 0x000000000000009c mem 0x0000000080031f28
core   0: 0x000000008000ff36 (0x000097ba) c.add   a5, a4
core   0: 3 0x000000008000ff36 (0x97ba) x15 0x00000000800120dc
core   0: 0x000000008000ff38 (0xfe043703) ld      a4, -32(s0)
core   0: 3 0x000000008000ff38 (0xfe043703) x14 0x00000000800120ce mem 0x0000000080031f50
core   0: 0x000000008000ff3c (0xfcf76de3) bltu    a4, a5, pc - 38
core   0: 3 0x000000008000ff3c (0xfcf76de3)
core   0: 0x000000008000ff16 (0xfe043783) ld      a5, -32(s0)
core   0: 3 0x000000008000ff16 (0xfe043783) x15 0x00000000800120ce mem 0x0000000080031f50
core   0: 0x000000008000ff1a (0x00178713) addi    a4, a5, 1
core   0: 3 0x000000008000ff1a (0x00178713) x14 0x00000000800120cf
core   0: 0x000000008000ff1e (0xfee43023) sd      a4, -32(s0)
core   0: 3 0x000000008000ff1e (0xfee43023) mem 0x0000000080031f50 0x00000000800120cf
core   0: 0x000000008000ff22 (0xfc442703) lw      a4, -60(s0)
core   0: 3 0x000000008000ff22 (0xfc442703) x14 0x0000000000000000 mem 0x0000000080031f34
core   0: 0x000000008000ff26 (0x0ff77713) andi    a4, a4, 255
core   0: 3 0x000000008000ff26 (0x0ff77713) x14 0x0000000000000000
core   0: 0x000000008000ff2a (0x00e78023) sb      a4, 0(a5)
core   0: 3 0x000000008000ff2a (0x00e78023) mem 0x00000000800120ce 0x00
core   0: 0x000000008000ff2e (0xfc843703) ld      a4, -56(s0)
core   0: 3 0x000000008000ff2e (0xfc843703) x14 0x0000000080012040 mem 0x0000000080031f38
core   0: 0x000000008000ff32 (0xfb843783) ld      a5, -72(s0)
core   0: 3 0x000000008000ff32 (0xfb843783) x15 0x000000000000009c mem 0x0000000080031f28
core   0: 0x000000008000ff36 (0x000097ba) c.add   a5, a4
core   0: 3 0x000000008000ff36 (0x97ba) x15 0x00000000800120dc
core   0: 0x000000008000ff38 (0xfe043703) ld      a4, -32(s0)
core   0: 3 0x000000008000ff38 (0xfe043703) x14 0x00000000800120cf mem 0x0000000080031f50
core   0: 0x000000008000ff3c (0xfcf76de3) bltu    a4, a5, pc - 38
core   0: 3 0x000000008000ff3c (0xfcf76de3)
core   0: 0x000000008000ff16 (0xfe043783) ld      a5, -32(s0)
core   0: 3 0x000000008000ff16 (0xfe043783) x15 0x00000000800120cf mem 0x0000000080031f50
core   0: 0x000000008000ff1a (0x00178713) addi    a4, a5, 1
core   0: 3 0x000000008000ff1a (0x00178713) x14 0x00000000800120d0
core   0: 0x000000008000ff1e (0xfee43023) sd      a4, -32(s0)
core   0: 3 0x000000008000ff1e (0xfee43023) mem 0x0000000080031f50 0x00000000800120d0
core   0: 0x000000008000ff22 (0xfc442703) lw      a4, -60(s0)
core   0: 3 0x000000008000ff22 (0xfc442703) x14 0x0000000000000000 mem 0x0000000080031f34
core   0: 0x000000008000ff26 (0x0ff77713) andi    a4, a4, 255
core   0: 3 0x000000008000ff26 (0x0ff77713) x14 0x0000000000000000
core   0: 0x000000008000ff2a (0x00e78023) sb      a4, 0(a5)
core   0: 3 0x000000008000ff2a (0x00e78023) mem 0x00000000800120cf 0x00
core   0: 0x000000008000ff2e (0xfc843703) ld      a4, -56(s0)
core   0: 3 0x000000008000ff2e (0xfc843703) x14 0x0000000080012040 mem 0x0000000080031f38
core   0: 0x000000008000ff32 (0xfb843783) ld      a5, -72(s0)
core   0: 3 0x000000008000ff32 (0xfb843783) x15 0x000000000000009c mem 0x0000000080031f28
core   0: 0x000000008000ff36 (0x000097ba) c.add   a5, a4
core   0: 3 0x000000008000ff36 (0x97ba) x15 0x00000000800120dc
core   0: 0x000000008000ff38 (0xfe043703) ld      a4, -32(s0)
core   0: 3 0x000000008000ff38 (0xfe043703) x14 0x00000000800120d0 mem 0x0000000080031f50
core   0: 0x000000008000ff3c (0xfcf76de3) bltu    a4, a5, pc - 38
core   0: 3 0x000000008000ff3c (0xfcf76de3)
core   0: 0x000000008000ff16 (0xfe043783) ld      a5, -32(s0)
core   0: 3 0x000000008000ff16 (0xfe043783) x15 0x00000000800120d0 mem 0x0000000080031f50
core   0: 0x000000008000ff1a (0x00178713) addi    a4, a5, 1
core   0: 3 0x000000008000ff1a (0x00178713) x14 0x00000000800120d1
core   0: 0x000000008000ff1e (0xfee43023) sd      a4, -32(s0)
core   0: 3 0x000000008000ff1e (0xfee43023) mem 0x0000000080031f50 0x00000000800120d1
core   0: 0x000000008000ff22 (0xfc442703) lw      a4, -60(s0)
core   0: 3 0x000000008000ff22 (0xfc442703) x14 0x0000000000000000 mem 0x0000000080031f34
core   0: 0x000000008000ff26 (0x0ff77713) andi    a4, a4, 255
core   0: 3 0x000000008000ff26 (0x0ff77713) x14 0x0000000000000000
core   0: 0x000000008000ff2a (0x00e78023) sb      a4, 0(a5)
core   0: 3 0x000000008000ff2a (0x00e78023) mem 0x00000000800120d0 0x00
core   0: 0x000000008000ff2e (0xfc843703) ld      a4, -56(s0)
core   0: 3 0x000000008000ff2e (0xfc843703) x14 0x0000000080012040 mem 0x0000000080031f38
core   0: 0x000000008000ff32 (0xfb843783) ld      a5, -72(s0)
core   0: 3 0x000000008000ff32 (0xfb843783) x15 0x000000000000009c mem 0x0000000080031f28
core   0: 0x000000008000ff36 (0x000097ba) c.add   a5, a4
core   0: 3 0x000000008000ff36 (0x97ba) x15 0x00000000800120dc
core   0: 0x000000008000ff38 (0xfe043703) ld      a4, -32(s0)
core   0: 3 0x000000008000ff38 (0xfe043703) x14 0x00000000800120d1 mem 0x0000000080031f50
core   0: 0x000000008000ff3c (0xfcf76de3) bltu    a4, a5, pc - 38
core   0: 3 0x000000008000ff3c (0xfcf76de3)
core   0: 0x000000008000ff16 (0xfe043783) ld      a5, -32(s0)
core   0: 3 0x000000008000ff16 (0xfe043783) x15 0x00000000800120d1 mem 0x0000000080031f50
core   0: 0x000000008000ff1a (0x00178713) addi    a4, a5, 1
core   0: 3 0x000000008000ff1a (0x00178713) x14 0x00000000800120d2
core   0: 0x000000008000ff1e (0xfee43023) sd      a4, -32(s0)
core   0: 3 0x000000008000ff1e (0xfee43023) mem 0x0000000080031f50 0x00000000800120d2
core   0: 0x000000008000ff22 (0xfc442703) lw      a4, -60(s0)
core   0: 3 0x000000008000ff22 (0xfc442703) x14 0x0000000000000000 mem 0x0000000080031f34
core   0: 0x000000008000ff26 (0x0ff77713) andi    a4, a4, 255
core   0: 3 0x000000008000ff26 (0x0ff77713) x14 0x0000000000000000
core   0: 0x000000008000ff2a (0x00e78023) sb      a4, 0(a5)
core   0: 3 0x000000008000ff2a (0x00e78023) mem 0x00000000800120d1 0x00
core   0: 0x000000008000ff2e (0xfc843703) ld      a4, -56(s0)
core   0: 3 0x000000008000ff2e (0xfc843703) x14 0x0000000080012040 mem 0x0000000080031f38
core   0: 0x000000008000ff32 (0xfb843783) ld      a5, -72(s0)
core   0: 3 0x000000008000ff32 (0xfb843783) x15 0x000000000000009c mem 0x0000000080031f28
core   0: 0x000000008000ff36 (0x000097ba) c.add   a5, a4
core   0: 3 0x000000008000ff36 (0x97ba) x15 0x00000000800120dc
core   0: 0x000000008000ff38 (0xfe043703) ld      a4, -32(s0)
core   0: 3 0x000000008000ff38 (0xfe043703) x14 0x00000000800120d2 mem 0x0000000080031f50
core   0: 0x000000008000ff3c (0xfcf76de3) bltu    a4, a5, pc - 38
core   0: 3 0x000000008000ff3c (0xfcf76de3)
core   0: 0x000000008000ff16 (0xfe043783) ld      a5, -32(s0)
core   0: 3 0x000000008000ff16 (0xfe043783) x15 0x00000000800120d2 mem 0x0000000080031f50
core   0: 0x000000008000ff1a (0x00178713) addi    a4, a5, 1
core   0: 3 0x000000008000ff1a (0x00178713) x14 0x00000000800120d3
core   0: 0x000000008000ff1e (0xfee43023) sd      a4, -32(s0)
core   0: 3 0x000000008000ff1e (0xfee43023) mem 0x0000000080031f50 0x00000000800120d3
core   0: 0x000000008000ff22 (0xfc442703) lw      a4, -60(s0)
core   0: 3 0x000000008000ff22 (0xfc442703) x14 0x0000000000000000 mem 0x0000000080031f34
core   0: 0x000000008000ff26 (0x0ff77713) andi    a4, a4, 255
core   0: 3 0x000000008000ff26 (0x0ff77713) x14 0x0000000000000000
core   0: 0x000000008000ff2a (0x00e78023) sb      a4, 0(a5)
core   0: 3 0x000000008000ff2a (0x00e78023) mem 0x00000000800120d2 0x00
core   0: 0x000000008000ff2e (0xfc843703) ld      a4, -56(s0)
core   0: 3 0x000000008000ff2e (0xfc843703) x14 0x0000000080012040 mem 0x0000000080031f38
core   0: 0x000000008000ff32 (0xfb843783) ld      a5, -72(s0)
core   0: 3 0x000000008000ff32 (0xfb843783) x15 0x000000000000009c mem 0x0000000080031f28
core   0: 0x000000008000ff36 (0x000097ba) c.add   a5, a4
core   0: 3 0x000000008000ff36 (0x97ba) x15 0x00000000800120dc
core   0: 0x000000008000ff38 (0xfe043703) ld      a4, -32(s0)
core   0: 3 0x000000008000ff38 (0xfe043703) x14 0x00000000800120d3 mem 0x0000000080031f50
core   0: 0x000000008000ff3c (0xfcf76de3) bltu    a4, a5, pc - 38
core   0: 3 0x000000008000ff3c (0xfcf76de3)
core   0: 0x000000008000ff16 (0xfe043783) ld      a5, -32(s0)
core   0: 3 0x000000008000ff16 (0xfe043783) x15 0x00000000800120d3 mem 0x0000000080031f50
core   0: 0x000000008000ff1a (0x00178713) addi    a4, a5, 1
core   0: 3 0x000000008000ff1a (0x00178713) x14 0x00000000800120d4
core   0: 0x000000008000ff1e (0xfee43023) sd      a4, -32(s0)
core   0: 3 0x000000008000ff1e (0xfee43023) mem 0x0000000080031f50 0x00000000800120d4
core   0: 0x000000008000ff22 (0xfc442703) lw      a4, -60(s0)
core   0: 3 0x000000008000ff22 (0xfc442703) x14 0x0000000000000000 mem 0x0000000080031f34
core   0: 0x000000008000ff26 (0x0ff77713) andi    a4, a4, 255
core   0: 3 0x000000008000ff26 (0x0ff77713) x14 0x0000000000000000
core   0: 0x000000008000ff2a (0x00e78023) sb      a4, 0(a5)
core   0: 3 0x000000008000ff2a (0x00e78023) mem 0x00000000800120d3 0x00
core   0: 0x000000008000ff2e (0xfc843703) ld      a4, -56(s0)
core   0: 3 0x000000008000ff2e (0xfc843703) x14 0x0000000080012040 mem 0x0000000080031f38
core   0: 0x000000008000ff32 (0xfb843783) ld      a5, -72(s0)
core   0: 3 0x000000008000ff32 (0xfb843783) x15 0x000000000000009c mem 0x0000000080031f28
core   0: 0x000000008000ff36 (0x000097ba) c.add   a5, a4
core   0: 3 0x000000008000ff36 (0x97ba) x15 0x00000000800120dc
core   0: 0x000000008000ff38 (0xfe043703) ld      a4, -32(s0)
core   0: 3 0x000000008000ff38 (0xfe043703) x14 0x00000000800120d4 mem 0x0000000080031f50
core   0: 0x000000008000ff3c (0xfcf76de3) bltu    a4, a5, pc - 38
core   0: 3 0x000000008000ff3c (0xfcf76de3)
core   0: 0x000000008000ff16 (0xfe043783) ld      a5, -32(s0)
core   0: 3 0x000000008000ff16 (0xfe043783) x15 0x00000000800120d4 mem 0x0000000080031f50
core   0: 0x000000008000ff1a (0x00178713) addi    a4, a5, 1
core   0: 3 0x000000008000ff1a (0x00178713) x14 0x00000000800120d5
core   0: 0x000000008000ff1e (0xfee43023) sd      a4, -32(s0)
core   0: 3 0x000000008000ff1e (0xfee43023) mem 0x0000000080031f50 0x00000000800120d5
core   0: 0x000000008000ff22 (0xfc442703) lw      a4, -60(s0)
core   0: 3 0x000000008000ff22 (0xfc442703) x14 0x0000000000000000 mem 0x0000000080031f34
core   0: 0x000000008000ff26 (0x0ff77713) andi    a4, a4, 255
core   0: 3 0x000000008000ff26 (0x0ff77713) x14 0x0000000000000000
core   0: 0x000000008000ff2a (0x00e78023) sb      a4, 0(a5)
core   0: 3 0x000000008000ff2a (0x00e78023) mem 0x00000000800120d4 0x00
core   0: 0x000000008000ff2e (0xfc843703) ld      a4, -56(s0)
core   0: 3 0x000000008000ff2e (0xfc843703) x14 0x0000000080012040 mem 0x0000000080031f38
core   0: 0x000000008000ff32 (0xfb843783) ld      a5, -72(s0)
core   0: 3 0x000000008000ff32 (0xfb843783) x15 0x000000000000009c mem 0x0000000080031f28
core   0: 0x000000008000ff36 (0x000097ba) c.add   a5, a4
core   0: 3 0x000000008000ff36 (0x97ba) x15 0x00000000800120dc
core   0: 0x000000008000ff38 (0xfe043703) ld      a4, -32(s0)
core   0: 3 0x000000008000ff38 (0xfe043703) x14 0x00000000800120d5 mem 0x0000000080031f50
core   0: 0x000000008000ff3c (0xfcf76de3) bltu    a4, a5, pc - 38
core   0: 3 0x000000008000ff3c (0xfcf76de3)
core   0: 0x000000008000ff16 (0xfe043783) ld      a5, -32(s0)
core   0: 3 0x000000008000ff16 (0xfe043783) x15 0x00000000800120d5 mem 0x0000000080031f50
core   0: 0x000000008000ff1a (0x00178713) addi    a4, a5, 1
core   0: 3 0x000000008000ff1a (0x00178713) x14 0x00000000800120d6
core   0: 0x000000008000ff1e (0xfee43023) sd      a4, -32(s0)
core   0: 3 0x000000008000ff1e (0xfee43023) mem 0x0000000080031f50 0x00000000800120d6
core   0: 0x000000008000ff22 (0xfc442703) lw      a4, -60(s0)
core   0: 3 0x000000008000ff22 (0xfc442703) x14 0x0000000000000000 mem 0x0000000080031f34
core   0: 0x000000008000ff26 (0x0ff77713) andi    a4, a4, 255
core   0: 3 0x000000008000ff26 (0x0ff77713) x14 0x0000000000000000
core   0: 0x000000008000ff2a (0x00e78023) sb      a4, 0(a5)
core   0: 3 0x000000008000ff2a (0x00e78023) mem 0x00000000800120d5 0x00
core   0: 0x000000008000ff2e (0xfc843703) ld      a4, -56(s0)
core   0: 3 0x000000008000ff2e (0xfc843703) x14 0x0000000080012040 mem 0x0000000080031f38
core   0: 0x000000008000ff32 (0xfb843783) ld      a5, -72(s0)
core   0: 3 0x000000008000ff32 (0xfb843783) x15 0x000000000000009c mem 0x0000000080031f28
core   0: 0x000000008000ff36 (0x000097ba) c.add   a5, a4
core   0: 3 0x000000008000ff36 (0x97ba) x15 0x00000000800120dc
core   0: 0x000000008000ff38 (0xfe043703) ld      a4, -32(s0)
core   0: 3 0x000000008000ff38 (0xfe043703) x14 0x00000000800120d6 mem 0x0000000080031f50
core   0: 0x000000008000ff3c (0xfcf76de3) bltu    a4, a5, pc - 38
core   0: 3 0x000000008000ff3c (0xfcf76de3)
core   0: 0x000000008000ff16 (0xfe043783) ld      a5, -32(s0)
core   0: 3 0x000000008000ff16 (0xfe043783) x15 0x00000000800120d6 mem 0x0000000080031f50
core   0: 0x000000008000ff1a (0x00178713) addi    a4, a5, 1
core   0: 3 0x000000008000ff1a (0x00178713) x14 0x00000000800120d7
core   0: 0x000000008000ff1e (0xfee43023) sd      a4, -32(s0)
core   0: 3 0x000000008000ff1e (0xfee43023) mem 0x0000000080031f50 0x00000000800120d7
core   0: 0x000000008000ff22 (0xfc442703) lw      a4, -60(s0)
core   0: 3 0x000000008000ff22 (0xfc442703) x14 0x0000000000000000 mem 0x0000000080031f34
core   0: 0x000000008000ff26 (0x0ff77713) andi    a4, a4, 255
core   0: 3 0x000000008000ff26 (0x0ff77713) x14 0x0000000000000000
core   0: 0x000000008000ff2a (0x00e78023) sb      a4, 0(a5)
core   0: 3 0x000000008000ff2a (0x00e78023) mem 0x00000000800120d6 0x00
core   0: 0x000000008000ff2e (0xfc843703) ld      a4, -56(s0)
core   0: 3 0x000000008000ff2e (0xfc843703) x14 0x0000000080012040 mem 0x0000000080031f38
core   0: 0x000000008000ff32 (0xfb843783) ld      a5, -72(s0)
core   0: 3 0x000000008000ff32 (0xfb843783) x15 0x000000000000009c mem 0x0000000080031f28
core   0: 0x000000008000ff36 (0x000097ba) c.add   a5, a4
core   0: 3 0x000000008000ff36 (0x97ba) x15 0x00000000800120dc
core   0: 0x000000008000ff38 (0xfe043703) ld      a4, -32(s0)
core   0: 3 0x000000008000ff38 (0xfe043703) x14 0x00000000800120d7 mem 0x0000000080031f50
core   0: 0x000000008000ff3c (0xfcf76de3) bltu    a4, a5, pc - 38
core   0: 3 0x000000008000ff3c (0xfcf76de3)
core   0: 0x000000008000ff16 (0xfe043783) ld      a5, -32(s0)
core   0: 3 0x000000008000ff16 (0xfe043783) x15 0x00000000800120d7 mem 0x0000000080031f50
core   0: 0x000000008000ff1a (0x00178713) addi    a4, a5, 1
core   0: 3 0x000000008000ff1a (0x00178713) x14 0x00000000800120d8
core   0: 0x000000008000ff1e (0xfee43023) sd      a4, -32(s0)
core   0: 3 0x000000008000ff1e (0xfee43023) mem 0x0000000080031f50 0x00000000800120d8
core   0: 0x000000008000ff22 (0xfc442703) lw      a4, -60(s0)
core   0: 3 0x000000008000ff22 (0xfc442703) x14 0x0000000000000000 mem 0x0000000080031f34
core   0: 0x000000008000ff26 (0x0ff77713) andi    a4, a4, 255
core   0: 3 0x000000008000ff26 (0x0ff77713) x14 0x0000000000000000
core   0: 0x000000008000ff2a (0x00e78023) sb      a4, 0(a5)
core   0: 3 0x000000008000ff2a (0x00e78023) mem 0x00000000800120d7 0x00
core   0: 0x000000008000ff2e (0xfc843703) ld      a4, -56(s0)
core   0: 3 0x000000008000ff2e (0xfc843703) x14 0x0000000080012040 mem 0x0000000080031f38
core   0: 0x000000008000ff32 (0xfb843783) ld      a5, -72(s0)
core   0: 3 0x000000008000ff32 (0xfb843783) x15 0x000000000000009c mem 0x0000000080031f28
core   0: 0x000000008000ff36 (0x000097ba) c.add   a5, a4
core   0: 3 0x000000008000ff36 (0x97ba) x15 0x00000000800120dc
core   0: 0x000000008000ff38 (0xfe043703) ld      a4, -32(s0)
core   0: 3 0x000000008000ff38 (0xfe043703) x14 0x00000000800120d8 mem 0x0000000080031f50
core   0: 0x000000008000ff3c (0xfcf76de3) bltu    a4, a5, pc - 38
core   0: 3 0x000000008000ff3c (0xfcf76de3)
core   0: 0x000000008000ff16 (0xfe043783) ld      a5, -32(s0)
core   0: 3 0x000000008000ff16 (0xfe043783) x15 0x00000000800120d8 mem 0x0000000080031f50
core   0: 0x000000008000ff1a (0x00178713) addi    a4, a5, 1
core   0: 3 0x000000008000ff1a (0x00178713) x14 0x00000000800120d9
core   0: 0x000000008000ff1e (0xfee43023) sd      a4, -32(s0)
core   0: 3 0x000000008000ff1e (0xfee43023) mem 0x0000000080031f50 0x00000000800120d9
core   0: 0x000000008000ff22 (0xfc442703) lw      a4, -60(s0)
core   0: 3 0x000000008000ff22 (0xfc442703) x14 0x0000000000000000 mem 0x0000000080031f34
core   0: 0x000000008000ff26 (0x0ff77713) andi    a4, a4, 255
core   0: 3 0x000000008000ff26 (0x0ff77713) x14 0x0000000000000000
core   0: 0x000000008000ff2a (0x00e78023) sb      a4, 0(a5)
core   0: 3 0x000000008000ff2a (0x00e78023) mem 0x00000000800120d8 0x00
core   0: 0x000000008000ff2e (0xfc843703) ld      a4, -56(s0)
core   0: 3 0x000000008000ff2e (0xfc843703) x14 0x0000000080012040 mem 0x0000000080031f38
core   0: 0x000000008000ff32 (0xfb843783) ld      a5, -72(s0)
core   0: 3 0x000000008000ff32 (0xfb843783) x15 0x000000000000009c mem 0x0000000080031f28
core   0: 0x000000008000ff36 (0x000097ba) c.add   a5, a4
core   0: 3 0x000000008000ff36 (0x97ba) x15 0x00000000800120dc
core   0: 0x000000008000ff38 (0xfe043703) ld      a4, -32(s0)
core   0: 3 0x000000008000ff38 (0xfe043703) x14 0x00000000800120d9 mem 0x0000000080031f50
core   0: 0x000000008000ff3c (0xfcf76de3) bltu    a4, a5, pc - 38
core   0: 3 0x000000008000ff3c (0xfcf76de3)
core   0: 0x000000008000ff16 (0xfe043783) ld      a5, -32(s0)
core   0: 3 0x000000008000ff16 (0xfe043783) x15 0x00000000800120d9 mem 0x0000000080031f50
core   0: 0x000000008000ff1a (0x00178713) addi    a4, a5, 1
core   0: 3 0x000000008000ff1a (0x00178713) x14 0x00000000800120da
core   0: 0x000000008000ff1e (0xfee43023) sd      a4, -32(s0)
core   0: 3 0x000000008000ff1e (0xfee43023) mem 0x0000000080031f50 0x00000000800120da
core   0: 0x000000008000ff22 (0xfc442703) lw      a4, -60(s0)
core   0: 3 0x000000008000ff22 (0xfc442703) x14 0x0000000000000000 mem 0x0000000080031f34
core   0: 0x000000008000ff26 (0x0ff77713) andi    a4, a4, 255
core   0: 3 0x000000008000ff26 (0x0ff77713) x14 0x0000000000000000
core   0: 0x000000008000ff2a (0x00e78023) sb      a4, 0(a5)
core   0: 3 0x000000008000ff2a (0x00e78023) mem 0x00000000800120d9 0x00
core   0: 0x000000008000ff2e (0xfc843703) ld      a4, -56(s0)
core   0: 3 0x000000008000ff2e (0xfc843703) x14 0x0000000080012040 mem 0x0000000080031f38
core   0: 0x000000008000ff32 (0xfb843783) ld      a5, -72(s0)
core   0: 3 0x000000008000ff32 (0xfb843783) x15 0x000000000000009c mem 0x0000000080031f28
core   0: 0x000000008000ff36 (0x000097ba) c.add   a5, a4
core   0: 3 0x000000008000ff36 (0x97ba) x15 0x00000000800120dc
core   0: 0x000000008000ff38 (0xfe043703) ld      a4, -32(s0)
core   0: 3 0x000000008000ff38 (0xfe043703) x14 0x00000000800120da mem 0x0000000080031f50
core   0: 0x000000008000ff3c (0xfcf76de3) bltu    a4, a5, pc - 38
core   0: 3 0x000000008000ff3c (0xfcf76de3)
core   0: 0x000000008000ff16 (0xfe043783) ld      a5, -32(s0)
core   0: 3 0x000000008000ff16 (0xfe043783) x15 0x00000000800120da mem 0x0000000080031f50
core   0: 0x000000008000ff1a (0x00178713) addi    a4, a5, 1
core   0: 3 0x000000008000ff1a (0x00178713) x14 0x00000000800120db
core   0: 0x000000008000ff1e (0xfee43023) sd      a4, -32(s0)
core   0: 3 0x000000008000ff1e (0xfee43023) mem 0x0000000080031f50 0x00000000800120db
core   0: 0x000000008000ff22 (0xfc442703) lw      a4, -60(s0)
core   0: 3 0x000000008000ff22 (0xfc442703) x14 0x0000000000000000 mem 0x0000000080031f34
core   0: 0x000000008000ff26 (0x0ff77713) andi    a4, a4, 255
core   0: 3 0x000000008000ff26 (0x0ff77713) x14 0x0000000000000000
core   0: 0x000000008000ff2a (0x00e78023) sb      a4, 0(a5)
core   0: 3 0x000000008000ff2a (0x00e78023) mem 0x00000000800120da 0x00
core   0: 0x000000008000ff2e (0xfc843703) ld      a4, -56(s0)
core   0: 3 0x000000008000ff2e (0xfc843703) x14 0x0000000080012040 mem 0x0000000080031f38
core   0: 0x000000008000ff32 (0xfb843783) ld      a5, -72(s0)
core   0: 3 0x000000008000ff32 (0xfb843783) x15 0x000000000000009c mem 0x0000000080031f28
core   0: 0x000000008000ff36 (0x000097ba) c.add   a5, a4
core   0: 3 0x000000008000ff36 (0x97ba) x15 0x00000000800120dc
core   0: 0x000000008000ff38 (0xfe043703) ld      a4, -32(s0)
core   0: 3 0x000000008000ff38 (0xfe043703) x14 0x00000000800120db mem 0x0000000080031f50
core   0: 0x000000008000ff3c (0xfcf76de3) bltu    a4, a5, pc - 38
core   0: 3 0x000000008000ff3c (0xfcf76de3)
core   0: 0x000000008000ff16 (0xfe043783) ld      a5, -32(s0)
core   0: 3 0x000000008000ff16 (0xfe043783) x15 0x00000000800120db mem 0x0000000080031f50
core   0: 0x000000008000ff1a (0x00178713) addi    a4, a5, 1
core   0: 3 0x000000008000ff1a (0x00178713) x14 0x00000000800120dc
core   0: 0x000000008000ff1e (0xfee43023) sd      a4, -32(s0)
core   0: 3 0x000000008000ff1e (0xfee43023) mem 0x0000000080031f50 0x00000000800120dc
core   0: 0x000000008000ff22 (0xfc442703) lw      a4, -60(s0)
core   0: 3 0x000000008000ff22 (0xfc442703) x14 0x0000000000000000 mem 0x0000000080031f34
core   0: 0x000000008000ff26 (0x0ff77713) andi    a4, a4, 255
core   0: 3 0x000000008000ff26 (0x0ff77713) x14 0x0000000000000000
core   0: 0x000000008000ff2a (0x00e78023) sb      a4, 0(a5)
core   0: 3 0x000000008000ff2a (0x00e78023) mem 0x00000000800120db 0x00
core   0: 0x000000008000ff2e (0xfc843703) ld      a4, -56(s0)
core   0: 3 0x000000008000ff2e (0xfc843703) x14 0x0000000080012040 mem 0x0000000080031f38
core   0: 0x000000008000ff32 (0xfb843783) ld      a5, -72(s0)
core   0: 3 0x000000008000ff32 (0xfb843783) x15 0x000000000000009c mem 0x0000000080031f28
core   0: 0x000000008000ff36 (0x000097ba) c.add   a5, a4
core   0: 3 0x000000008000ff36 (0x97ba) x15 0x00000000800120dc
core   0: 0x000000008000ff38 (0xfe043703) ld      a4, -32(s0)
core   0: 3 0x000000008000ff38 (0xfe043703) x14 0x00000000800120dc mem 0x0000000080031f50
core   0: 0x000000008000ff3c (0xfcf76de3) bltu    a4, a5, pc - 38
core   0: 3 0x000000008000ff3c (0xfcf76de3)
core   0: 0x000000008000ff40 (0xfc843783) ld      a5, -56(s0)
core   0: 3 0x000000008000ff40 (0xfc843783) x15 0x0000000080012040 mem 0x0000000080031f38
core   0: 0x000000008000ff44 (0x0000853e) c.mv    a0, a5
core   0: 3 0x000000008000ff44 (0x853e) x10 0x0000000080012040
core   0: 0x000000008000ff46 (0x00006426) c.ldsp  s0, 72(sp)
core   0: 3 0x000000008000ff46 (0x6426) x8  0x0000000080031f90 mem 0x0000000080031f68
core   0: 0x000000008000ff48 (0x00006161) c.addi16sp sp, 80
core   0: 3 0x000000008000ff48 (0x6161) x2  0x0000000080031f70
core   0: 0x000000008000ff4a (0x00008082) ret
core   0: 3 0x000000008000ff4a (0x8082)
core   0: 0x000000008000f4fe (0x00000001) c.nop
core   0: 3 0x000000008000f4fe (0x0001)
core   0: 0x000000008000f500 (0x000060e2) c.ldsp  ra, 24(sp)
core   0: 3 0x000000008000f500 (0x60e2) x1  0x000000008000f53e mem 0x0000000080031f88
core   0: 0x000000008000f502 (0x00006442) c.ldsp  s0, 16(sp)
core   0: 3 0x000000008000f502 (0x6442) x8  0x0000000080032040 mem 0x0000000080031f80
core   0: 0x000000008000f504 (0x00006105) c.addi16sp sp, 32
core   0: 3 0x000000008000f504 (0x6105) x2  0x0000000080031f90
core   0: 0x000000008000f506 (0x00008082) ret
core   0: 3 0x000000008000f506 (0x8082)
core   0: 0x000000008000f53e (0xf5842703) lw      a4, -168(s0)
core   0: 3 0x000000008000f53e (0xf5842703) x14 0x0000000000000001 mem 0x0000000080031f98
core   0: 0x000000008000f542 (0xf5c42783) lw      a5, -164(s0)
core   0: 3 0x000000008000f542 (0xf5c42783) x15 0x0000000000000000 mem 0x0000000080031f9c
core   0: 0x000000008000f546 (0x000085ba) c.mv    a1, a4
core   0: 3 0x000000008000f546 (0x85ba) x11 0x0000000000000001
core   0: 0x000000008000f548 (0x0000853e) c.mv    a0, a5
core   0: 3 0x000000008000f548 (0x853e) x10 0x0000000000000000
core   0: 0x000000008000f54a (0xf03ff0ef) jal     pc - 0xfe
core   0: 3 0x000000008000f54a (0xf03ff0ef) x1  0x000000008000f54e
core   0: >>>>  thread_entry
core   0: 0x000000008000f44c (0x00001101) c.addi  sp, -32
core   0: 3 0x000000008000f44c (0x1101) x2  0x0000000080031f70
core   0: 0x000000008000f44e (0x0000ec22) c.sdsp  s0, 24(sp)
core   0: 3 0x000000008000f44e (0xec22) mem 0x0000000080031f88 0x0000000080032040
core   0: 0x000000008000f450 (0x00001000) c.addi4spn s0, sp, 32
core   0: 3 0x000000008000f450 (0x1000) x8  0x0000000080031f90
core   0: 0x000000008000f452 (0x000087aa) c.mv    a5, a0
core   0: 3 0x000000008000f452 (0x87aa) x15 0x0000000000000000
core   0: 0x000000008000f454 (0x0000872e) c.mv    a4, a1
core   0: 3 0x000000008000f454 (0x872e) x14 0x0000000000000001
core   0: 0x000000008000f456 (0xfef42623) sw      a5, -20(s0)
core   0: 3 0x000000008000f456 (0xfef42623) mem 0x0000000080031f7c 0x00000000
core   0: 0x000000008000f45a (0x000087ba) c.mv    a5, a4
core   0: 3 0x000000008000f45a (0x87ba) x15 0x0000000000000001
core   0: 0x000000008000f45c (0xfef42423) sw      a5, -24(s0)
core   0: 3 0x000000008000f45c (0xfef42423) mem 0x0000000080031f78 0x00000001
core   0: 0x000000008000f460 (0x00000001) c.nop
core   0: 3 0x000000008000f460 (0x0001)
core   0: 0x000000008000f462 (0xfec42783) lw      a5, -20(s0)
core   0: 3 0x000000008000f462 (0xfec42783) x15 0x0000000000000000 mem 0x0000000080031f7c
core   0: 0x000000008000f466 (0x00002781) c.addiw a5, 0
core   0: 3 0x000000008000f466 (0x2781) x15 0x0000000000000000
core   0: 0x000000008000f468 (0x0000ffed) c.bnez  a5, pc - 6
core   0: 3 0x000000008000f468 (0xffed)
core   0: 0x000000008000f46a (0x00000001) c.nop
core   0: 3 0x000000008000f46a (0x0001)
core   0: 0x000000008000f46c (0x00000001) c.nop
core   0: 3 0x000000008000f46c (0x0001)
core   0: 0x000000008000f46e (0x00006462) c.ldsp  s0, 24(sp)
core   0: 3 0x000000008000f46e (0x6462) x8  0x0000000080032040 mem 0x0000000080031f88
core   0: 0x000000008000f470 (0x00006105) c.addi16sp sp, 32
core   0: 3 0x000000008000f470 (0x6105) x2  0x0000000080031f90
core   0: 0x000000008000f472 (0x00008082) ret
core   0: 3 0x000000008000f472 (0x8082)
core   0: 0x000000008000f54e (0x00004581) c.li    a1, 0
core   0: 3 0x000000008000f54e (0x4581) x11 0x0000000000000000
core   0: 0x000000008000f550 (0x00004501) c.li    a0, 0
core   0: 3 0x000000008000f550 (0x4501) x10 0x0000000000000000
core   0: 0x000000008000f552 (0xaaff20ef) jal     pc - 0xd552
core   0: 3 0x000000008000f552 (0xaaff20ef) x1  0x000000008000f556
core   0: >>>>  main
core   0: 0x0000000080002000 (0x00000001) c.nop
core   0: 3 0x0000000080002000 (0x0001)
core   0: >>>>  trap_vec_init
core   0: 0x0000000080002002 (0x00002797) auipc   a5, 0x2
core   0: 3 0x0000000080002002 (0x00002797) x15 0x0000000080004002
core   0: 0x0000000080002006 (0xffe78793) addi    a5, a5, -2
core   0: 3 0x0000000080002006 (0xffe78793) x15 0x0000000080004000
core   0: 0x000000008000200a (0x30579073) csrrw   zero, mtvec, a5
core   0: 3 0x000000008000200a (0x30579073) c773_mtvec 0x0000000080004000
core   0: >>>>  pmp_setup
core   0: 0x000000008000200e (0x00002c17) auipc   s8, 0x2
core   0: 3 0x000000008000200e (0x00002c17) x24 0x000000008000400e
core   0: 0x0000000080002012 (0x022c0c13) addi    s8, s8, 34
core   0: 3 0x0000000080002012 (0x022c0c13) x24 0x0000000080004030
core   0: 0x0000000080002016 (0x00004781) c.li    a5, 0
core   0: 3 0x0000000080002016 (0x4781) x15 0x0000000000000000
core   0: 0x0000000080002018 (0x00009c3e) c.add   s8, a5
core   0: 3 0x0000000080002018 (0x9c3e) x24 0x0000000080004030
core   0: 0x000000008000201a (0x3b0c1073) csrrw   zero, pmpaddr0, s8
core   0: 3 0x000000008000201a (0x3b0c1073) c944_pmpaddr0 0x0000000080004030
core   0: 0x000000008000201e (0x00004c3d) c.li    s8, 15
core   0: 3 0x000000008000201e (0x4c3d) x24 0x000000000000000f
core   0: 0x0000000080002020 (0x3a0c1073) csrrw   zero, pmpcfg0, s8
core   0: 3 0x0000000080002020 (0x3a0c1073) c928_pmpcfg0 0x000000000000000f
core   0: 0x0000000080002024 (0x12000073) sfence.vma zero, zero
core   0: 3 0x0000000080002024 (0x12000073)
core   0: >>>>  mepc_setup
core   0: 0x0000000080002028 (0x00002797) auipc   a5, 0x2
core   0: 3 0x0000000080002028 (0x00002797) x15 0x0000000080004028
core   0: 0x000000008000202c (0x00878793) addi    a5, a5, 8
core   0: 3 0x000000008000202c (0x00878793) x15 0x0000000080004030
core   0: 0x0000000080002030 (0x34179073) csrrw   zero, mepc, a5
core   0: 3 0x0000000080002030 (0x34179073) c833_mepc 0x0000000080004030
core   0: >>>>  custom_csr_setup
core   0: 0x0000000080002034 (0x00100f9b) addiw   t6, zero, 1
core   0: 3 0x0000000080002034 (0x00100f9b) x31 0x0000000000000001
core   0: 0x0000000080002038 (0x00000ffe) c.slli  t6, 31
core   0: 3 0x0000000080002038 (0x0ffe) x31 0x0000000080000000
core   0: 0x000000008000203a (0x00000001) c.nop
core   0: 3 0x000000008000203a (0x0001)
core   0: >>>>  init_s_mode
core   0: 0x000000008000203c (0xfff0079b) addiw   a5, zero, -1
core   0: 3 0x000000008000203c (0xfff0079b) x15 0xffffffffffffffff
core   0: 0x0000000080002040 (0x000017fe) c.slli  a5, 63
core   0: 3 0x0000000080002040 (0x17fe) x15 0x8000000000000000
core   0: 0x0000000080002042 (0x18079073) csrrw   zero, satp, a5
core   0: 3 0x0000000080002042 (0x18079073) c384_satp 0x8000000000000000
core   0: 0x0000000080002046 (0x0000f797) auipc   a5, 0xf
core   0: 3 0x0000000080002046 (0x0000f797) x15 0x0000000080011046
core   0: 0x000000008000204a (0xfba78793) addi    a5, a5, -70
core   0: 3 0x000000008000204a (0xfba78793) x15 0x0000000080011000
core   0: 0x000000008000204e (0x000083b1) c.srli  a5, 12
core   0: 3 0x000000008000204e (0x83b1) x15 0x0000000000080011
core   0: 0x0000000080002050 (0x0010061b) addiw   a2, zero, 1
core   0: 3 0x0000000080002050 (0x0010061b) x12 0x0000000000000001
core   0: 0x0000000080002054 (0x00001632) c.slli  a2, 44
core   0: 3 0x0000000080002054 (0x1632) x12 0x0000100000000000
core   0: 0x0000000080002056 (0x0000167d) c.addi  a2, -1
core   0: 3 0x0000000080002056 (0x167d) x12 0x00000fffffffffff
core   0: 0x0000000080002058 (0x00008ff1) c.and   a5, a2
core   0: 3 0x0000000080002058 (0x8ff1) x15 0x0000000000080011
core   0: 0x000000008000205a (0x1807a073) csrrs   zero, satp, a5
core   0: 3 0x000000008000205a (0x1807a073) c384_satp 0x8000000000080011
core   0: 0x000000008000205e (0x00a005b7) lui     a1, 0xa00
core   0: 3 0x000000008000205e (0x00a005b7) x11 0x0000000000a00000
core   0: 0x0000000080002062 (0x10b5859b) addiw   a1, a1, 267
core   0: 3 0x0000000080002062 (0x10b5859b) x11 0x0000000000a0010b
core   0: 0x0000000080002066 (0x000005b2) c.slli  a1, 12
core   0: 3 0x0000000080002066 (0x05b2) x11 0x0000000a0010b000
core   0: 0x0000000080002068 (0xa0058593) addi    a1, a1, -1536
core   0: 3 0x0000000080002068 (0xa0058593) x11 0x0000000a0010aa00
core   0: 0x000000008000206c (0x30059073) csrrw   zero, mstatus, a1
core   0: 3 0x000000008000206c (0x30059073) c768_mstatus 0x0000000a00102800
core   0: 0x0000000080002070 (0x30459073) csrrw   zero, mie, a1
core   0: 3 0x0000000080002070 (0x30459073) c772_mie 0x0000000000000a00
core   0: 0x0000000080002074 (0x00a005b7) lui     a1, 0xa00
core   0: 3 0x0000000080002074 (0x00a005b7) x11 0x0000000000a00000
core   0: 0x0000000080002078 (0x10b5859b) addiw   a1, a1, 267
core   0: 3 0x0000000080002078 (0x10b5859b) x11 0x0000000000a0010b
core   0: 0x000000008000207c (0x000005b2) c.slli  a1, 12
core   0: 3 0x000000008000207c (0x05b2) x11 0x0000000a0010b000
core   0: 0x000000008000207e (0xa0058593) addi    a1, a1, -1536
core   0: 3 0x000000008000207e (0xa0058593) x11 0x0000000a0010aa00
core   0: 0x0000000080002082 (0x10059073) csrrw   zero, sstatus, a1
core   0: 3 0x0000000080002082 (0x10059073) c768_mstatus 0x0000000a00102800
core   0: 0x0000000080002086 (0x10459073) csrrw   zero, sie, a1
core   0: 3 0x0000000080002086 (0x10459073) c772_mie 0x0000000000000a00
core   0: 0x000000008000208a (0x30200073) mret
core   0: 3 0x000000008000208a (0x30200073) c768_mstatus 0x0000000a00102080
core   0: >>>>  main_g
core   0: 0x0000000080004030 (0x0004d313) srli    t1, s1, 0
core   0: 1 0x0000000080004030 (0x0004d313) x6  0x0000000080031fc0
core   0: 0x0000000080004034 (0x000082b1) c.srli  a3, 12
core   0: 1 0x0000000080004034 (0x82b1) x13 0x0000000000000000
core   0: 0x0000000080004036 (0xd032f153) fcvt.s.lu ft2, t0
core   0: 1 0x0000000080004036 (0xd032f153) c1_fflags 0x0000000000000001 c768_mstatus 0x8000000a00106080 f2  0xffffffff4f000001
core   0: 0x000000008000403a (0x003195bb) sllw    a1, gp, gp
core   0: 1 0x000000008000403a (0x003195bb) x11 0x0000000001282800
core   0: 0x000000008000403e (0xf20387d3) fmv.d.x fa5, t2
core   0: 1 0x000000008000403e (0xf20387d3) f15 0x0000000000000000
core   0: 0x0000000080004042 (0x00da26b3) slt     a3, s4, a3
core   0: 1 0x0000000080004042 (0x00da26b3) x13 0x0000000000000000
core   0: 0x0000000080004046 (0x01b5921b) slliw   tp, a1, 27
core   0: 1 0x0000000080004046 (0x01b5921b) x4  0x0000000000000000
core   0: 0x000000008000404a (0x40c6d633) sra     a2, a3, a2
core   0: 1 0x000000008000404a (0x40c6d633) x12 0x0000000000000000
core   0: 0x000000008000404e (0x41f6589b) sraiw   a7, a2, 31
core   0: 1 0x000000008000404e (0x41f6589b) x17 0x0000000000000000
core   0: 0x0000000080004052 (0x000aec13) ori     s8, s5, 0
core   0: 1 0x0000000080004052 (0x000aec13) x24 0x0000000000000000
core   0: 0x0000000080004056 (0x5a097a53) fsqrt.d fs4, fs2
core   0: 1 0x0000000080004056 (0x5a097a53) f20 0x7ff8000000000000
core   0: 0x000000008000405a (0xd2217553) fcvt.d.l fa0, sp
core   0: 1 0x000000008000405a (0xd2217553) f10 0x41e00063f2000000
core   0: 0x000000008000405e (0x29aac293) xori    t0, s5, 666
core   0: 1 0x000000008000405e (0x29aac293) x5  0x000000000000029a
core   0: 0x0000000080004062 (0x014996bb) sllw    a3, s3, s4
core   0: 1 0x0000000080004062 (0x014996bb) x13 0x0000000000000000
core   0: 0x0000000080004066 (0x00009e3e) c.add   t3, a5
core   0: 1 0x0000000080004066 (0x9e3e) x28 0x0000000000080011
core   0: 0x0000000080004068 (0xc22efed3) fcvt.l.d t4, ft9
core   0: 1 0x0000000080004068 (0xc22efed3) c1_fflags 0x0000000000000011 x29 0x7fffffffffffffff
core   0: 0x000000008000406c (0xc8071373) csrrw   t1, cycleh, a4
core   0: exception trap_illegal_instruction, epc 0x000000008000406c
core   0:           tval 0x00000000c8071373
core   0: >>>>  $xrv64i2p1_m2p0_a2p1_f2p2_d2p2_zicsr2p0_zifencei2p0_zmmul1p0_zba1p0_zbb1p0_zbc1p0_zbs1p0
core   0: 0x0000000080004000 (0x0080006f) j       pc + 0x8
core   0: 3 0x0000000080004000 (0x0080006f)
core   0: >>>>  mmode_exception_handler
core   0: 0x0000000080004008 (0x00002c17) auipc   s8, 0x2
core   0: 3 0x0000000080004008 (0x00002c17) x24 0x0000000080006008
core   0: 0x000000008000400c (0x03cc0c13) addi    s8, s8, 60
core   0: 3 0x000000008000400c (0x03cc0c13) x24 0x0000000080006044
core   0: 0x0000000080004010 (0x000c00e7) jalr    s8
core   0: 3 0x0000000080004010 (0x000c00e7) x1  0x0000000080004014
core   0: >>>>  any_handler
core   0: 0x0000000080006044 (0x341027f3) csrrs   a5, mepc, zero
core   0: 3 0x0000000080006044 (0x341027f3) x15 0x000000008000406c
core   0: 0x0000000080006048 (0x34202773) csrrs   a4, mcause, zero
core   0: 3 0x0000000080006048 (0x34202773) x14 0x0000000000000002
core   0: 0x000000008000604c (0x142026f3) csrrs   a3, scause, zero
core   0: 3 0x000000008000604c (0x142026f3) x13 0x0000000000000000
core   0: 0x0000000080006050 (0x30402673) csrrs   a2, mie, zero
core   0: 3 0x0000000080006050 (0x30402673) x12 0x0000000000000a00
core   0: 0x0000000080006054 (0x344025f3) csrrs   a1, mip, zero
core   0: 3 0x0000000080006054 (0x344025f3) x11 0x0000000000000080
core   0: 0x0000000080006058 (0x343025f3) csrrs   a1, mtval, zero
core   0: 3 0x0000000080006058 (0x343025f3) x11 0x00000000c8071373
core   0: 0x000000008000605c (0x14302573) csrrs   a0, stval, zero
core   0: 3 0x000000008000605c (0x14302573) x10 0x0000000000000000
core   0: 0x0000000080006060 (0xb02024f3) csrrs   s1, minstret, zero
core   0: 3 0x0000000080006060 (0xb02024f3) x9  0x00000000000007db
core   0: 0x0000000080006064 (0x0000a811) c.j     pc + 20
core   0: 3 0x0000000080006064 (0xa811)
core   0: >>>>  mepc_4
core   0: 0x0000000080006078 (0x00000791) c.addi  a5, 4
core   0: 3 0x0000000080006078 (0x0791) x15 0x0000000080004070
core   0: 0x000000008000607a (0x34179073) csrrw   zero, mepc, a5
core   0: 3 0x000000008000607a (0x34179073) c833_mepc 0x0000000080004070
core   0: 0x000000008000607e (0x30200073) mret
core   0: 3 0x000000008000607e (0x30200073) c768_mstatus 0x8000000a00106080
core   0: 0x0000000080004070 (0x026b5333) divu    t1, s6, t1
core   0: 1 0x0000000080004070 (0x026b5333) x6  0x0000000000000000
core   0: 0x0000000080004074 (0xa2850a53) fle.d   s4, fa0, fs0
core   0: 1 0x0000000080004074 (0xa2850a53) c1_fflags 0x0000000000000011 x20 0x0000000000000000
core   0: 0x0000000080004078 (0x4e7e8193) addi    gp, t4, 1255
core   0: 1 0x0000000080004078 (0x4e7e8193) x3  0x80000000000004e6
core   0: 0x000000008000407c (0xc213f453) fcvt.wu.d s0, ft7
core   0: 1 0x000000008000407c (0xc213f453) c1_fflags 0x0000000000000011 x8  0xffffffffffffffff
core   0: 0x0000000080004080 (0x0274683b) remw    a6, s0, t2
core   0: 1 0x0000000080004080 (0x0274683b) x16 0xffffffffffffffff
core   0: 0x0000000080004084 (0x4074543b) sraw    s0, s0, t2
core   0: 1 0x0000000080004084 (0x4074543b) x8  0xffffffffffffffff
core   0: 0x0000000080004088 (0x02324d33) div     s10, tp, gp
core   0: 1 0x0000000080004088 (0x02324d33) x26 0x0000000000000000
core   0: 0x000000008000408c (0x0a6c7353) fsub.d  ft6, fs8, ft6
core   0: 1 0x000000008000408c (0x0a6c7353) f6  0x7ff8000000000000
core   0: 0x0000000080004090 (0x7d42861b) addiw   a2, t0, 2004
core   0: 1 0x0000000080004090 (0x7d42861b) x12 0x0000000000000a6e
core   0: 0x0000000080004094 (0x028c1db3) mulh    s11, s8, s0
core   0: 1 0x0000000080004094 (0x028c1db3) x27 0xffffffffffffffff
core   0: 0x0000000080004098 (0x65c9f513) andi    a0, s3, 1628
core   0: 1 0x0000000080004098 (0x65c9f513) x10 0x0000000000000000
core   0: 0x000000008000409c (0x01a2171b) slliw   a4, tp, 26
core   0: 1 0x000000008000409c (0x01a2171b) x14 0x0000000000000000
core   0: 0x00000000800040a0 (0xd02ef3d3) fcvt.s.l ft7, t4
core   0: 1 0x00000000800040a0 (0xd02ef3d3) c1_fflags 0x0000000000000011 f7  0xffffffff5f000000
core   0: 0x00000000800040a4 (0xc03a7853) fcvt.lu.s a6, fs4
core   0: 1 0x00000000800040a4 (0xc03a7853) c1_fflags 0x0000000000000011 x16 0xffffffffffffffff
core   0: 0x00000000800040a8 (0x0289e433) rem     s0, s3, s0
core   0: 1 0x00000000800040a8 (0x0289e433) x8  0x0000000000000000
core   0: 0x00000000800040ac (0xd036f653) fcvt.s.lu fa2, a3
core   0: 1 0x00000000800040ac (0xd036f653) f12 0xffffffff00000000
core   0: 0x00000000800040b0 (0xfffbc093) not     ra, s7
core   0: 1 0x00000000800040b0 (0xfffbc093) x1  0xffffffffffffffff
core   0: 0x00000000800040b4 (0xc213fc53) fcvt.wu.d s8, ft7
core   0: 1 0x00000000800040b4 (0xc213fc53) c1_fflags 0x0000000000000011 x24 0xffffffffffffffff
core   0: 0x00000000800040b8 (0x41a0d91b) sraiw   s2, ra, 26
core   0: 1 0x00000000800040b8 (0x41a0d91b) x18 0xffffffffffffffff
core   0: 0x00000000800040bc (0x02699c33) mulh    s8, s3, t1
core   0: 1 0x00000000800040bc (0x02699c33) x24 0x0000000000000000
core   0: 0x00000000800040c0 (0x40325eb3) sra     t4, tp, gp
core   0: 1 0x00000000800040c0 (0x40325eb3) x29 0x0000000000000000
core   0: 0x00000000800040c4 (0x418c07bb) subw    a5, s8, s8
core   0: 1 0x00000000800040c4 (0x418c07bb) x15 0x0000000000000000
core   0: 0x00000000800040c8 (0x00839433) sll     s0, t2, s0
core   0: 1 0x00000000800040c8 (0x00839433) x8  0x0000000000000000
core   0: 0x00000000800040cc (0x00dccd33) xor     s10, s9, a3
core   0: 1 0x00000000800040cc (0x00dccd33) x26 0x0000000000000000
core   0: 0x00000000800040d0 (0x40f6d133) sra     sp, a3, a5
core   0: 1 0x00000000800040d0 (0x40f6d133) x2  0x0000000000000000
core   0: 0x00000000800040d4 (0x03a96cbb) remw    s9, s2, s10
core   0: 1 0x00000000800040d4 (0x03a96cbb) x25 0xffffffffffffffff
core   0: 0x00000000800040d8 (0x0ff0000f) fence   iorw,iorw
core   0: 1 0x00000000800040d8 (0x0ff0000f)
core   0: 0x00000000800040dc (0xd029fc53) fcvt.s.l fs8, s3
core   0: 1 0x00000000800040dc (0xd029fc53) f24 0xffffffff00000000
core   0: 0x00000000800040e0 (0x23860a53) fsgnj.d fs4, fa2, fs8
core   0: 1 0x00000000800040e0 (0x23860a53) f20 0xffffffff00000000
core   0: 0x00000000800040e4 (0x8004f293) andi    t0, s1, -2048
core   0: 1 0x00000000800040e4 (0x8004f293) x5  0x0000000000000000
core   0: 0x00000000800040e8 (0xc2247dd3) fcvt.l.d s11, fs0
core   0: 1 0x00000000800040e8 (0xc2247dd3) c1_fflags 0x0000000000000011 x27 0x7fffffffffffffff
core   0: 0x00000000800040ec (0x0006909b) slliw   ra, a3, 0
core   0: 1 0x00000000800040ec (0x0006909b) x1  0x0000000000000000
core   0: 0x00000000800040f0 (0x2a868ad3) fmin.d  fs5, fa3, fs0
core   0: 1 0x00000000800040f0 (0x2a868ad3) f21 0x7ff8000000000000
core   0: 0x00000000800040f4 (0x02ea9313) slli    t1, s5, 46
core   0: 1 0x00000000800040f4 (0x02ea9313) x6  0x0000000000000000
core   0: 0x00000000800040f8 (0x5a0efed3) fsqrt.d ft9, ft9
core   0: 1 0x00000000800040f8 (0x5a0efed3) f29 0x7ff8000000000000
core   0: 0x00000000800040fc (0x001819f3) csrrw   s3, fflags, a6
core   0: 1 0x00000000800040fc (0x001819f3) x19 0x0000000000000011 c1_fflags 0x000000000000001f
core   0: 0x0000000080004100 (0x00000001) c.nop
core   0: 1 0x0000000080004100 (0x0001)
core   0: 0x0000000080004102 (0x00202c73) csrrs   s8, frm, zero
core   0: 1 0x0000000080004102 (0x00202c73) x24 0x0000000000000000
core   0: 0x0000000080004106 (0x4015fd53) fcvt.s.d fs10, fa1
core   0: 1 0x0000000080004106 (0x4015fd53) f26 0xffffffff7fc00000
core   0: 0x000000008000410a (0x416ad31b) sraiw   t1, s5, 22
core   0: 1 0x000000008000410a (0x416ad31b) x6  0x0000000000000000
core   0: 0x000000008000410e (0xf20a8553) fmv.d.x fa0, s5
core   0: 1 0x000000008000410e (0xf20a8553) f10 0x0000000000000000
core   0: 0x0000000080004112 (0x0103d3bb) srlw    t2, t2, a6
core   0: 1 0x0000000080004112 (0x0103d3bb) x7  0x0000000000000000
core   0: 0x0000000080004116 (0x0ff0000f) fence   iorw,iorw
core   0: 1 0x0000000080004116 (0x0ff0000f)
core   0: 0x000000008000411a (0x0276c333) div     t1, a3, t2
core   0: 1 0x000000008000411a (0x0276c333) x6  0xffffffffffffffff
core   0: 0x000000008000411e (0x5a087453) fsqrt.d fs0, fa6
core   0: 1 0x000000008000411e (0x5a087453) f8  0x7ff8000000000000
core   0: 0x0000000080004122 (0x00102773) csrrs   a4, fflags, zero
core   0: 1 0x0000000080004122 (0x00102773) x14 0x000000000000001f
core   0: 0x0000000080004126 (0xe5666613) ori     a2, a2, -426
core   0: 1 0x0000000080004126 (0xe5666613) x12 0xfffffffffffffe7e
core   0: 0x000000008000412a (0x40c15bbb) sraw    s7, sp, a2
core   0: 1 0x000000008000412a (0x40c15bbb) x23 0x0000000000000000
core   0: 0x000000008000412e (0x2a011053) fmax.d  ft0, ft2, ft0
core   0: 1 0x000000008000412e (0x2a011053) f0  0x7ff8000000000000
core   0: 0x0000000080004132 (0x02633333) mulhu   t1, t1, t1
core   0: 1 0x0000000080004132 (0x02633333) x6  0xfffffffffffffffe
core   0: 0x0000000080004136 (0x01795933) srl     s2, s2, s7
core   0: 1 0x0000000080004136 (0x01795933) x18 0xffffffffffffffff
core   0: 0x000000008000413a (0x02077c43) fmadd.d fs8, fa4, ft0, ft0
core   0: 1 0x000000008000413a (0x02077c43) f24 0x7ff8000000000000
core   0: 0x000000008000413e (0x00d991bb) sllw    gp, s3, a3
core   0: 1 0x000000008000413e (0x00d991bb) x3  0x0000000000000011
core   0: 0x0000000080004142 (0x00194c33) xor     s8, s2, ra
core   0: 1 0x0000000080004142 (0x00194c33) x24 0xffffffffffffffff
core   0: 0x0000000080004146 (0xc23dfa53) fcvt.lu.d s4, fs11
core   0: 1 0x0000000080004146 (0xc23dfa53) c1_fflags 0x000000000000001f x20 0xffffffffffffffff
core   0: 0x000000008000414a (0x0ff0000f) fence   iorw,iorw
core   0: 1 0x000000008000414a (0x0ff0000f)
core   0: 0x000000008000414e (0x5a067653) fsqrt.d fa2, fa2
core   0: 1 0x000000008000414e (0x5a067653) f12 0x7ff8000000000000
core   0: 0x0000000080004152 (0xd20d8e53) fcvt.d.w ft8, s11
core   0: 1 0x0000000080004152 (0xd20d8e53) f28 0xbff0000000000000
core   0: 0x0000000080004156 (0x000087e6) c.mv    a5, s9
core   0: 1 0x0000000080004156 (0x87e6) x15 0xffffffffffffffff
core   0: 0x0000000080004158 (0x4065833b) subw    t1, a1, t1
core   0: 1 0x0000000080004158 (0x4065833b) x6  0xffffffffc8071375
core   0: 0x000000008000415c (0x0107d6bb) srlw    a3, a5, a6
core   0: 1 0x000000008000415c (0x0107d6bb) x13 0x0000000000000001
core   0: 0x0000000080004160 (0x03c9b733) mulhu   a4, s3, t3
core   0: 1 0x0000000080004160 (0x03c9b733) x14 0x0000000000000000
core   0: 0x0000000080004164 (0x80034313) xori    t1, t1, -2048
core   0: 1 0x0000000080004164 (0x80034313) x6  0x0000000037f8eb75
core   0: 0x0000000080004168 (0x4146571b) sraiw   a4, a2, 20
core   0: 1 0x0000000080004168 (0x4146571b) x14 0xffffffffffffffff
core   0: 0x000000008000416c (0xa26a744b) fnmsub.d fs0, fs4, ft6, fs4
core   0: 1 0x000000008000416c (0xa26a744b) f8  0x7ff8000000000000
core   0: 0x0000000080004170 (0xc23e77d3) fcvt.lu.d a5, ft8
core   0: 1 0x0000000080004170 (0xc23e77d3) c1_fflags 0x000000000000001f x15 0x0000000000000000
core   0: 0x0000000080004174 (0xd56a7193) andi    gp, s4, -682
core   0: 1 0x0000000080004174 (0xd56a7193) x3  0xfffffffffffffd56
core   0: 0x0000000080004178 (0x010c5313) srli    t1, s8, 16
core   0: 1 0x0000000080004178 (0x010c5313) x6  0x0000ffffffffffff
core   0: 0x000000008000417c (0x00000001) c.nop
core   0: 1 0x000000008000417c (0x0001)
core   0: 0x000000008000417e (0x012256bb) srlw    a3, tp, s2
core   0: 1 0x000000008000417e (0x012256bb) x13 0x0000000000000000
core   0: 0x0000000080004182 (0xf2bf7597) auipc   a1, 0xf2bf7
core   0: 1 0x0000000080004182 (0xf2bf7597) x11 0x0000000072bfb182
core   0: 0x0000000080004186 (0x012195b3) sll     a1, gp, s2
core   0: 1 0x0000000080004186 (0x012195b3) x11 0x0000000000000000
core   0: 0x000000008000418a (0x0ff0000f) fence   iorw,iorw
core   0: 1 0x000000008000418a (0x0ff0000f)
core   0: 0x000000008000418e (0x001af813) andi    a6, s5, 1
core   0: 1 0x000000008000418e (0x001af813) x16 0x0000000000000000
core   0: 0x0000000080004192 (0x0003cd93) xori    s11, t2, 0
core   0: 1 0x0000000080004192 (0x0003cd93) x27 0x0000000000000000
core   0: 0x0000000080004196 (0x1a31f1cb) fnmsub.d ft3, ft3, ft3, ft3
core   0: 1 0x0000000080004196 (0x1a31f1cb) f3  0x7ff8000000000000
core   0: 0x000000008000419a (0x01bb7ab3) and     s5, s6, s11
core   0: 1 0x000000008000419a (0x01bb7ab3) x21 0x0000000000000000
core   0: 0x000000008000419e (0x00164233) xor     tp, a2, ra
core   0: 1 0x000000008000419e (0x00164233) x4  0xfffffffffffffe7e
core   0: 0x00000000800041a2 (0x2a8101d3) fmin.d  ft3, ft2, fs0
core   0: 1 0x00000000800041a2 (0x2a8101d3) f3  0x7ff8000000000000
core   0: 0x00000000800041a6 (0x1a03f4d3) fdiv.d  fs1, ft7, ft0
core   0: 1 0x00000000800041a6 (0x1a03f4d3) f9  0x7ff8000000000000
core   0: 0x00000000800041aa (0x0ff0000f) fence   iorw,iorw
core   0: 1 0x00000000800041aa (0x0ff0000f)
core   0: 0x00000000800041ae (0x001b13f3) csrrw   t2, fflags, s6
core   0: 1 0x00000000800041ae (0x001b13f3) x7  0x000000000000001f c1_fflags 0x0000000000000000
core   0: 0x00000000800041b2 (0x0177e7b3) or      a5, a5, s7
core   0: 1 0x00000000800041b2 (0x0177e7b3) x15 0x0000000000000000
core   0: 0x00000000800041b6 (0x023301bb) mulw    gp, t1, gp
core   0: 1 0x00000000800041b6 (0x023301bb) x3  0x00000000000002aa
core   0: 0x00000000800041ba (0x2a738153) fmin.d  ft2, ft7, ft7
core   0: 1 0x00000000800041ba (0x2a738153) f2  0x7ff8000000000000
core   0: 0x00000000800041be (0xc29172cf) fnmadd.d ft5, ft2, fs1, fs8
core   0: 1 0x00000000800041be (0xc29172cf) f5  0x7ff8000000000000
core   0: 0x00000000800041c2 (0x03b14033) div     zero, sp, s11
core   0: 1 0x00000000800041c2 (0x03b14033)
core   0: 0x00000000800041c6 (0x6862e497) auipc   s1, 0x6862e
core   0: 1 0x00000000800041c6 (0x6862e497) x9  0x00000000e86321c6
core   0: 0x00000000800041ca (0x01c7923b) sllw    tp, a5, t3
core   0: 1 0x00000000800041ca (0x01c7923b) x4  0x0000000000000000
core   0: 0x00000000800041ce (0x001b1b73) csrrw   s6, fflags, s6
core   0: 1 0x00000000800041ce (0x001b1b73) x22 0x0000000000000000 c1_fflags 0x0000000000000000
core   0: 0x00000000800041d2 (0x414a59b3) sra     s3, s4, s4
core   0: 1 0x00000000800041d2 (0x414a59b3) x19 0xffffffffffffffff
core   0: 0x00000000800041d6 (0x0329febb) remuw   t4, s3, s2
core   0: 1 0x00000000800041d6 (0x0329febb) x29 0x0000000000000000
core   0: 0x00000000800041da (0x016a7cb3) and     s9, s4, s6
core   0: 1 0x00000000800041da (0x016a7cb3) x25 0x0000000000000000
core   0: 0x00000000800041de (0x0ff0000f) fence   iorw,iorw
core   0: 1 0x00000000800041de (0x0ff0000f)
core   0: 0x00000000800041e2 (0x00445113) srli    sp, s0, 4
core   0: 1 0x00000000800041e2 (0x00445113) x2  0x0000000000000000
core   0: 0x00000000800041e6 (0x414a0a33) sub     s4, s4, s4
core   0: 1 0x00000000800041e6 (0x414a0a33) x20 0x0000000000000000
core   0: 0x00000000800041ea (0x65b6c693) xori    a3, a3, 1627
core   0: 1 0x00000000800041ea (0x65b6c693) x13 0x000000000000065b
core   0: 0x00000000800041ee (0xc2117753) fcvt.wu.d a4, ft2
core   0: 1 0x00000000800041ee (0xc2117753) c1_fflags 0x0000000000000010 x14 0xffffffffffffffff
core   0: 0x00000000800041f2 (0x8004099b) addiw   s3, s0, -2048
core   0: 1 0x00000000800041f2 (0x8004099b) x19 0xfffffffffffff800
core   0: 0x00000000800041f6 (0xd029f353) fcvt.s.l ft6, s3
core   0: 1 0x00000000800041f6 (0xd029f353) f6  0xffffffffc5000000
core   0: 0x00000000800041fa (0x88013213) sltiu   tp, sp, -1920
core   0: 1 0x00000000800041fa (0x88013213) x4  0x0000000000000001
core   0: 0x00000000800041fe (0xaa6d734f) fnmadd.d ft6, fs10, ft6, fs5
core   0: 1 0x00000000800041fe (0xaa6d734f) f6  0x7ff8000000000000
core   0: 0x0000000080004202 (0x4190813b) subw    sp, ra, s9
core   0: 1 0x0000000080004202 (0x4190813b) x2  0x0000000000000000
core   0: 0x0000000080004206 (0x226b8653) fsgnj.d fa2, fs7, ft6
core   0: 1 0x0000000080004206 (0x226b8653) f12 0x7fffffff00000000
core   0: 0x000000008000420a (0xaf206037) lui     zero, 0xaf206
core   0: 1 0x000000008000420a (0xaf206037)
core   0: 0x000000008000420e (0x03fe9493) slli    s1, t4, 63
core   0: 1 0x000000008000420e (0x03fe9493) x9  0x0000000000000000
core   0: 0x0000000080004212 (0xd024f453) fcvt.s.l fs0, s1
core   0: 1 0x0000000080004212 (0xd024f453) f8  0xffffffff00000000
core   0: 0x0000000080004216 (0x4032dc93) srai    s9, t0, 3
core   0: 1 0x0000000080004216 (0x4032dc93) x25 0x0000000000000000
core   0: 0x000000008000421a (0x03daeeb3) rem     t4, s5, t4
core   0: 1 0x000000008000421a (0x03daeeb3) x29 0x0000000000000000
core   0: 0x000000008000421e (0x00bc8433) add     s0, s9, a1
core   0: 1 0x000000008000421e (0x00bc8433) x8  0x0000000000000000
core   0: 0x0000000080004222 (0x00d7f633) and     a2, a5, a3
core   0: 1 0x0000000080004222 (0x00d7f633) x12 0x0000000000000000
core   0: 0x0000000080004226 (0x03ddd533) divu    a0, s11, t4
core   0: 1 0x0000000080004226 (0x03ddd533) x10 0xffffffffffffffff
core   0: 0x000000008000422a (0x00289413) slli    s0, a7, 2
core   0: 1 0x000000008000422a (0x00289413) x8  0x0000000000000000
core   0: 0x000000008000422e (0x000ad093) srli    ra, s5, 0
core   0: 1 0x000000008000422e (0x000ad093) x1  0x0000000000000000
core   0: 0x0000000080004232 (0x0067513b) srlw    sp, a4, t1
core   0: 1 0x0000000080004232 (0x0067513b) x2  0x0000000000000001
core   0: 0x0000000080004236 (0xd831091b) addiw   s2, sp, -637
core   0: 1 0x0000000080004236 (0xd831091b) x18 0xfffffffffffffd84
core   0: 0x000000008000423a (0x92fcf7c7) fmsub.d fa5, fs9, fa5, fs2
core   0: 1 0x000000008000423a (0x92fcf7c7) f15 0x7ff8000000000000
core   0: 0x000000008000423e (0x0325ea3b) remw    s4, a1, s2
core   0: 1 0x000000008000423e (0x0325ea3b) x20 0x0000000000000000
core   0: 0x0000000080004242 (0x0011099b) addiw   s3, sp, 1
core   0: 1 0x0000000080004242 (0x0011099b) x19 0x0000000000000002
core   0: 0x0000000080004246 (0xf2048cd3) fmv.d.x fs9, s1
core   0: 1 0x0000000080004246 (0xf2048cd3) f25 0x0000000000000000
core   0: 0x000000008000424a (0x010d8bbb) addw    s7, s11, a6
core   0: 1 0x000000008000424a (0x010d8bbb) x23 0x0000000000000000
core   0: 0x000000008000424e (0x0b887c53) fsub.d  fs8, fa6, fs8
core   0: 1 0x000000008000424e (0x0b887c53) f24 0x7ff8000000000000
core   0: 0x0000000080004252 (0x22ba7247) fmsub.d ft4, fs4, fa1, ft4
core   0: 1 0x0000000080004252 (0x22ba7247) f4  0x7ff8000000000000
core   0: 0x0000000080004256 (0x34047573) csrrci  a0, mscratch, 8
core   0: exception trap_illegal_instruction, epc 0x0000000080004256
core   0:           tval 0x0000000034047573
core   0: >>>>  $xrv64i2p1_m2p0_a2p1_f2p2_d2p2_zicsr2p0_zifencei2p0_zmmul1p0_zba1p0_zbb1p0_zbc1p0_zbs1p0
core   0: 0x0000000080004000 (0x0080006f) j       pc + 0x8
core   0: 3 0x0000000080004000 (0x0080006f)
core   0: >>>>  mmode_exception_handler
core   0: 0x0000000080004008 (0x00002c17) auipc   s8, 0x2
core   0: 3 0x0000000080004008 (0x00002c17) x24 0x0000000080006008
core   0: 0x000000008000400c (0x03cc0c13) addi    s8, s8, 60
core   0: 3 0x000000008000400c (0x03cc0c13) x24 0x0000000080006044
core   0: 0x0000000080004010 (0x000c00e7) jalr    s8
core   0: 3 0x0000000080004010 (0x000c00e7) x1  0x0000000080004014
core   0: >>>>  any_handler
core   0: 0x0000000080006044 (0x341027f3) csrrs   a5, mepc, zero
core   0: 3 0x0000000080006044 (0x341027f3) x15 0x0000000080004256
core   0: 0x0000000080006048 (0x34202773) csrrs   a4, mcause, zero
core   0: 3 0x0000000080006048 (0x34202773) x14 0x0000000000000002
core   0: 0x000000008000604c (0x142026f3) csrrs   a3, scause, zero
core   0: 3 0x000000008000604c (0x142026f3) x13 0x0000000000000000
core   0: 0x0000000080006050 (0x30402673) csrrs   a2, mie, zero
core   0: 3 0x0000000080006050 (0x30402673) x12 0x0000000000000a00
core   0: 0x0000000080006054 (0x344025f3) csrrs   a1, mip, zero
core   0: 3 0x0000000080006054 (0x344025f3) x11 0x0000000000000080
core   0: 0x0000000080006058 (0x343025f3) csrrs   a1, mtval, zero
core   0: 3 0x0000000080006058 (0x343025f3) x11 0x0000000034047573
core   0: 0x000000008000605c (0x14302573) csrrs   a0, stval, zero
core   0: 3 0x000000008000605c (0x14302573) x10 0x0000000000000000
core   0: 0x0000000080006060 (0xb02024f3) csrrs   s1, minstret, zero
core   0: 3 0x0000000080006060 (0xb02024f3) x9  0x0000000000000866
core   0: 0x0000000080006064 (0x0000a811) c.j     pc + 20
core   0: 3 0x0000000080006064 (0xa811)
core   0: >>>>  mepc_4
core   0: 0x0000000080006078 (0x00000791) c.addi  a5, 4
core   0: 3 0x0000000080006078 (0x0791) x15 0x000000008000425a
core   0: 0x000000008000607a (0x34179073) csrrw   zero, mepc, a5
core   0: 3 0x000000008000607a (0x34179073) c833_mepc 0x000000008000425a
core   0: 0x000000008000607e (0x30200073) mret
core   0: 3 0x000000008000607e (0x30200073) c768_mstatus 0x8000000a00106080
core   0: 0x000000008000425a (0x0020d03b) srlw    zero, ra, sp
core   0: 1 0x000000008000425a (0x0020d03b)
core   0: 0x000000008000425e (0xeb833297) auipc   t0, 0xeb833
core   0: 1 0x000000008000425e (0xeb833297) x5  0x000000006b83725e
core   0: 0x0000000080004262 (0x00281ef3) csrrw   t4, frm, a6
core   0: 1 0x0000000080004262 (0x00281ef3) x29 0x0000000000000000 c2_frm 0x0000000000000000
core   0: 0x0000000080004266 (0x00202d73) csrrs   s10, frm, zero
core   0: 1 0x0000000080004266 (0x00202d73) x26 0x0000000000000000
core   0: 0x000000008000426a (0xd2080053) fcvt.d.w ft0, a6
core   0: 1 0x000000008000426a (0xd2080053) f0  0x0000000000000000
core   0: 0x000000008000426e (0x02c1abb3) mulhsu  s7, gp, a2
core   0: 1 0x000000008000426e (0x02c1abb3) x23 0x0000000000000000
core   0: 0x0000000080004272 (0x03062cb3) mulhsu  s9, a2, a6
core   0: 1 0x0000000080004272 (0x03062cb3) x25 0x0000000000000000
core   0: 0x0000000080004276 (0x2bce07d3) fmin.d  fa5, ft8, ft8
core   0: 1 0x0000000080004276 (0x2bce07d3) f15 0xbff0000000000000
core   0: 0x000000008000427a (0x7616cd13) xori    s10, a3, 1889
core   0: 1 0x000000008000427a (0x7616cd13) x26 0x0000000000000761
core   0: 0x000000008000427e (0x420a0353) fcvt.d.s ft6, fs4
core   0: 1 0x000000008000427e (0x420a0353) f6  0x0000000000000000
core   0: 0x0000000080004282 (0x02b764b3) rem     s1, a4, a1
core   0: 1 0x0000000080004282 (0x02b764b3) x9  0x0000000000000002
core   0: 0x0000000080004286 (0x022e4b33) div     s6, t3, sp
core   0: 1 0x0000000080004286 (0x022e4b33) x22 0x0000000000080011
core   0: 0x000000008000428a (0xc201fad3) fcvt.w.d s5, ft3
core   0: 1 0x000000008000428a (0xc201fad3) c1_fflags 0x0000000000000010 x21 0x000000007fffffff
core   0: 0x000000008000428e (0x419a89bb) subw    s3, s5, s9
core   0: 1 0x000000008000428e (0x419a89bb) x19 0x000000007fffffff
core   0: 0x0000000080004292 (0x42030953) fcvt.d.s fs2, ft6
core   0: 1 0x0000000080004292 (0x42030953) f18 0x7ff8000000000000
core   0: 0x0000000080004296 (0x0367bab3) mulhu   s5, a5, s6
core   0: 1 0x0000000080004296 (0x0367bab3) x21 0x0000000000000000
core   0: 0x000000008000429a (0x0308e9b3) rem     s3, a7, a6
core   0: 1 0x000000008000429a (0x0308e9b3) x19 0x0000000000000000
core   0: 0x000000008000429e (0x00109873) csrrw   a6, fflags, ra
core   0: 1 0x000000008000429e (0x00109873) x16 0x0000000000000010 c1_fflags 0x0000000000000014
core   0: 0x00000000800042a2 (0xc219f3d3) fcvt.wu.d t2, fs3
core   0: 1 0x00000000800042a2 (0xc219f3d3) c1_fflags 0x0000000000000014 x7  0xffffffffffffffff
core   0: 0x00000000800042a6 (0x00ede733) or      a4, s11, a4
core   0: 1 0x00000000800042a6 (0x00ede733) x14 0x0000000000000002
core   0: 0x00000000800042aa (0xa2698153) fle.d   sp, fs3, ft6
core   0: 1 0x00000000800042aa (0xa2698153) c1_fflags 0x0000000000000014 x2  0x0000000000000000
core   0: 0x00000000800042ae (0xa3d30cd3) fle.d   s9, ft6, ft9
core   0: 1 0x00000000800042ae (0xa3d30cd3) c1_fflags 0x0000000000000014 x25 0x0000000000000000
core   0: 0x00000000800042b2 (0x00059d9b) slliw   s11, a1, 0
core   0: 1 0x00000000800042b2 (0x00059d9b) x27 0x0000000034047573
core   0: 0x00000000800042b6 (0x40a6d2b3) sra     t0, a3, a0
core   0: 1 0x00000000800042b6 (0x40a6d2b3) x5  0x0000000000000000
core   0: 0x00000000800042ba (0x01bac333) xor     t1, s5, s11
core   0: 1 0x00000000800042ba (0x01bac333) x6  0x0000000034047573
core   0: 0x00000000800042be (0x40cdda93) srai    s5, s11, 12
core   0: 1 0x00000000800042be (0x40cdda93) x21 0x0000000000034047
core   0: 0x00000000800042c2 (0x02a75d33) divu    s10, a4, a0
core   0: 1 0x00000000800042c2 (0x02a75d33) x26 0xffffffffffffffff
core   0: 0x00000000800042c6 (0xd2257c53) fcvt.d.l fs8, a0
core   0: 1 0x00000000800042c6 (0xd2257c53) f24 0x0000000000000000
core   0: 0x00000000800042ca (0x029e7fd3) fadd.d  ft11, ft8, fs1
core   0: 1 0x00000000800042ca (0x029e7fd3) f31 0x7ff8000000000000
core   0: 0x00000000800042ce (0x00000001) c.nop
core   0: 1 0x00000000800042ce (0x0001)
core   0: 0x00000000800042d0 (0x00dcfcb7) lui     s9, 0xdcf
core   0: 1 0x00000000800042d0 (0x00dcfcb7) x25 0x0000000000dcf000
core   0: 0x00000000800042d4 (0x971c8c9b) addiw   s9, s9, -1679
core   0: 1 0x00000000800042d4 (0x971c8c9b) x25 0x0000000000dce971
core   0: 0x00000000800042d8 (0x00000cbe) c.slli  s9, 15
core   0: 1 0x00000000800042d8 (0x0cbe) x25 0x0000006e74b88000
core   0: 0x00000000800042da (0x26ac8c93) addi    s9, s9, 618
core   0: 1 0x00000000800042da (0x26ac8c93) x25 0x0000006e74b8826a
core   0: 0x00000000800042de (0x030dc833) div     a6, s11, a6
core   0: 1 0x00000000800042de (0x030dc833) x16 0x0000000003404757
core   0: 0x00000000800042e2 (0x016781bb) addw    gp, a5, s6
core   0: 1 0x00000000800042e2 (0x016781bb) x3  0xffffffff8008426b
core   0: 0x00000000800042e6 (0xc20ffbd3) fcvt.w.d s7, ft11
core   0: 1 0x00000000800042e6 (0xc20ffbd3) c1_fflags 0x0000000000000014 x23 0x000000007fffffff
core   0: 0x00000000800042ea (0x01718c33) add     s8, gp, s7
core   0: 1 0x00000000800042ea (0x01718c33) x24 0x000000000008426a
core   0: 0x00000000800042ee (0x366d871b) addiw   a4, s11, 870
core   0: 1 0x00000000800042ee (0x366d871b) x14 0x00000000340478d9
core   0: 0x00000000800042f2 (0x02a2dc13) srli    s8, t0, 42
core   0: 1 0x00000000800042f2 (0x02a2dc13) x24 0x0000000000000000
core   0: 0x00000000800042f6 (0xb827baf3) csrrc   s5, minstreth, a5
core   0: exception trap_illegal_instruction, epc 0x00000000800042f6
core   0:           tval 0x00000000b827baf3
core   0: >>>>  $xrv64i2p1_m2p0_a2p1_f2p2_d2p2_zicsr2p0_zifencei2p0_zmmul1p0_zba1p0_zbb1p0_zbc1p0_zbs1p0
core   0: 0x0000000080004000 (0x0080006f) j       pc + 0x8
core   0: 3 0x0000000080004000 (0x0080006f)
core   0: >>>>  mmode_exception_handler
core   0: 0x0000000080004008 (0x00002c17) auipc   s8, 0x2
core   0: 3 0x0000000080004008 (0x00002c17) x24 0x0000000080006008
core   0: 0x000000008000400c (0x03cc0c13) addi    s8, s8, 60
core   0: 3 0x000000008000400c (0x03cc0c13) x24 0x0000000080006044
core   0: 0x0000000080004010 (0x000c00e7) jalr    s8
core   0: 3 0x0000000080004010 (0x000c00e7) x1  0x0000000080004014
core   0: >>>>  any_handler
core   0: 0x0000000080006044 (0x341027f3) csrrs   a5, mepc, zero
core   0: 3 0x0000000080006044 (0x341027f3) x15 0x00000000800042f6
core   0: 0x0000000080006048 (0x34202773) csrrs   a4, mcause, zero
core   0: 3 0x0000000080006048 (0x34202773) x14 0x0000000000000002
core   0: 0x000000008000604c (0x142026f3) csrrs   a3, scause, zero
core   0: 3 0x000000008000604c (0x142026f3) x13 0x0000000000000000
core   0: 0x0000000080006050 (0x30402673) csrrs   a2, mie, zero
core   0: 3 0x0000000080006050 (0x30402673) x12 0x0000000000000a00
core   0: 0x0000000080006054 (0x344025f3) csrrs   a1, mip, zero
core   0: 3 0x0000000080006054 (0x344025f3) x11 0x0000000000000080
core   0: 0x0000000080006058 (0x343025f3) csrrs   a1, mtval, zero
core   0: 3 0x0000000080006058 (0x343025f3) x11 0x00000000b827baf3
core   0: 0x000000008000605c (0x14302573) csrrs   a0, stval, zero
core   0: 3 0x000000008000605c (0x14302573) x10 0x0000000000000000
core   0: 0x0000000080006060 (0xb02024f3) csrrs   s1, minstret, zero
core   0: 3 0x0000000080006060 (0xb02024f3) x9  0x000000000000089e
core   0: 0x0000000080006064 (0x0000a811) c.j     pc + 20
core   0: 3 0x0000000080006064 (0xa811)
core   0: >>>>  mepc_4
core   0: 0x0000000080006078 (0x00000791) c.addi  a5, 4
core   0: 3 0x0000000080006078 (0x0791) x15 0x00000000800042fa
core   0: 0x000000008000607a (0x34179073) csrrw   zero, mepc, a5
core   0: 3 0x000000008000607a (0x34179073) c833_mepc 0x00000000800042fa
core   0: 0x000000008000607e (0x30200073) mret
core   0: 3 0x000000008000607e (0x30200073) c768_mstatus 0x8000000a00106080
core   0: 0x00000000800042fa (0x020574d3) fadd.d  fs1, fa0, ft0
core   0: 1 0x00000000800042fa (0x020574d3) f9  0x0000000000000000
core   0: 0x00000000800042fe (0x0054d4b3) srl     s1, s1, t0
core   0: 1 0x00000000800042fe (0x0054d4b3) x9  0x000000000000089e
core   0: 0x0000000080004302 (0x00ab5133) srl     sp, s6, a0
core   0: 1 0x0000000080004302 (0x00ab5133) x2  0x0000000000080011
core   0: 0x0000000080004306 (0xa29b0ed3) fle.d   t4, fs6, fs1
core   0: 1 0x0000000080004306 (0xa29b0ed3) c1_fflags 0x0000000000000014 x29 0x0000000000000000
core   0: 0x000000008000430a (0xc2257053) fcvt.l.d zero, fa0
core   0: 1 0x000000008000430a (0xc2257053)
core   0: 0x000000008000430e (0x00000001) c.nop
core   0: 1 0x000000008000430e (0x0001)
core   0: 0x0000000080004310 (0xa2cb0053) fle.d   zero, fs6, fa2
core   0: 1 0x0000000080004310 (0xa2cb0053) c1_fflags 0x0000000000000014
core   0: 0x0000000080004314 (0xc03670d3) fcvt.lu.s ra, fa2
core   0: 1 0x0000000080004314 (0xc03670d3) c1_fflags 0x0000000000000014 x1  0xffffffffffffffff
core   0: 0x0000000080004318 (0x0ff0000f) fence   iorw,iorw
core   0: 1 0x0000000080004318 (0x0ff0000f)
core   0: 0x000000008000431c (0x6222851b) addiw   a0, t0, 1570
core   0: 1 0x000000008000431c (0x6222851b) x10 0x0000000000000622
core   0: 0x0000000080004320 (0x00b50433) add     s0, a0, a1
core   0: 1 0x0000000080004320 (0x00b50433) x8  0x00000000b827c115
core   0: 0x0000000080004324 (0x02c6be33) mulhu   t3, a3, a2
core   0: 1 0x0000000080004324 (0x02c6be33) x28 0x0000000000000000
core   0: 0x0000000080004328 (0x00009232) c.add   tp, a2
core   0: 1 0x0000000080004328 (0x9232) x4  0x0000000000000a01
core   0: 0x000000008000432a (0xc2267e53) fcvt.l.d t3, fa2
core   0: 1 0x000000008000432a (0xc2267e53) c1_fflags 0x0000000000000014 x28 0x7fffffffffffffff
core   0: 0x000000008000432e (0xf12a3073) csrrc   zero, marchid, s4
core   0: exception trap_illegal_instruction, epc 0x000000008000432e
core   0:           tval 0x00000000f12a3073
core   0: >>>>  $xrv64i2p1_m2p0_a2p1_f2p2_d2p2_zicsr2p0_zifencei2p0_zmmul1p0_zba1p0_zbb1p0_zbc1p0_zbs1p0
core   0: 0x0000000080004000 (0x0080006f) j       pc + 0x8
core   0: 3 0x0000000080004000 (0x0080006f)
core   0: >>>>  mmode_exception_handler
core   0: 0x0000000080004008 (0x00002c17) auipc   s8, 0x2
core   0: 3 0x0000000080004008 (0x00002c17) x24 0x0000000080006008
core   0: 0x000000008000400c (0x03cc0c13) addi    s8, s8, 60
core   0: 3 0x000000008000400c (0x03cc0c13) x24 0x0000000080006044
core   0: 0x0000000080004010 (0x000c00e7) jalr    s8
core   0: 3 0x0000000080004010 (0x000c00e7) x1  0x0000000080004014
core   0: >>>>  any_handler
core   0: 0x0000000080006044 (0x341027f3) csrrs   a5, mepc, zero
core   0: 3 0x0000000080006044 (0x341027f3) x15 0x000000008000432e
core   0: 0x0000000080006048 (0x34202773) csrrs   a4, mcause, zero
core   0: 3 0x0000000080006048 (0x34202773) x14 0x0000000000000002
core   0: 0x000000008000604c (0x142026f3) csrrs   a3, scause, zero
core   0: 3 0x000000008000604c (0x142026f3) x13 0x0000000000000000
core   0: 0x0000000080006050 (0x30402673) csrrs   a2, mie, zero
core   0: 3 0x0000000080006050 (0x30402673) x12 0x0000000000000a00
core   0: 0x0000000080006054 (0x344025f3) csrrs   a1, mip, zero
core   0: 3 0x0000000080006054 (0x344025f3) x11 0x0000000000000080
core   0: 0x0000000080006058 (0x343025f3) csrrs   a1, mtval, zero
core   0: 3 0x0000000080006058 (0x343025f3) x11 0x00000000f12a3073
core   0: 0x000000008000605c (0x14302573) csrrs   a0, stval, zero
core   0: 3 0x000000008000605c (0x14302573) x10 0x0000000000000000
core   0: 0x0000000080006060 (0xb02024f3) csrrs   s1, minstret, zero
core   0: 3 0x0000000080006060 (0xb02024f3) x9  0x00000000000008bc
core   0: 0x0000000080006064 (0x0000a811) c.j     pc + 20
core   0: 3 0x0000000080006064 (0xa811)
core   0: >>>>  mepc_4
core   0: 0x0000000080006078 (0x00000791) c.addi  a5, 4
core   0: 3 0x0000000080006078 (0x0791) x15 0x0000000080004332
core   0: 0x000000008000607a (0x34179073) csrrw   zero, mepc, a5
core   0: 3 0x000000008000607a (0x34179073) c833_mepc 0x0000000080004332
core   0: 0x000000008000607e (0x30200073) mret
core   0: 3 0x000000008000607e (0x30200073) c768_mstatus 0x8000000a00106080
core   0: 0x0000000080004332 (0x001117f3) csrrw   a5, fflags, sp
core   0: 1 0x0000000080004332 (0x001117f3) x15 0x0000000000000014 c1_fflags 0x0000000000000011
core   0: 0x0000000080004336 (0x02889bb3) mulh    s7, a7, s0
core   0: 1 0x0000000080004336 (0x02889bb3) x23 0x0000000000000000
core   0: 0x000000008000433a (0xa6cb859b) addiw   a1, s7, -1428
core   0: 1 0x000000008000433a (0xa6cb859b) x11 0xfffffffffffffa6c
core   0: 0x000000008000433e (0x00000001) c.nop
core   0: 1 0x000000008000433e (0x0001)
core   0: 0x0000000080004340 (0x0126f033) and     zero, a3, s2
core   0: 1 0x0000000080004340 (0x0126f033)
core   0: 0x0000000080004344 (0x03c75dbb) divuw   s11, a4, t3
core   0: 1 0x0000000080004344 (0x03c75dbb) x27 0x0000000000000000
core   0: 0x0000000080004348 (0x40c2d53b) sraw    a0, t0, a2
core   0: 1 0x0000000080004348 (0x40c2d53b) x10 0x0000000000000000
core   0: 0x000000008000434c (0x40addd3b) sraw    s10, s11, a0
core   0: 1 0x000000008000434c (0x40addd3b) x26 0x0000000000000000
core   0: 0x0000000080004350 (0x02e77053) fadd.d  ft0, fa4, fa4
core   0: 1 0x0000000080004350 (0x02e77053) f0  0x7ff8000000000000
core   0: 0x0000000080004354 (0x00eb88bb) addw    a7, s7, a4
core   0: 1 0x0000000080004354 (0x00eb88bb) x17 0x0000000000000002
core   0: 0x0000000080004358 (0xc2227853) fcvt.l.d a6, ft4
core   0: 1 0x0000000080004358 (0xc2227853) c1_fflags 0x0000000000000011 x16 0x7fffffffffffffff
core   0: 0x000000008000435c (0x9bd175cf) fnmadd.d fa1, ft2, ft9, fs3
core   0: 1 0x000000008000435c (0x9bd175cf) f11 0x7ff8000000000000
core   0: 0x0000000080004360 (0xd2008053) fcvt.d.w ft0, ra
core   0: 1 0x0000000080004360 (0xd2008053) f0  0xc1dfffeffb000000
core   0: 0x0000000080004364 (0x015c0abb) addw    s5, s8, s5
core   0: 1 0x0000000080004364 (0x015c0abb) x21 0xffffffff8003a08b
core   0: 0x0000000080004368 (0x001083bb) addw    t2, ra, ra
core   0: 1 0x0000000080004368 (0x001083bb) x7  0x0000000000008028
core   0: 0x000000008000436c (0xe69929b7) lui     s3, 0xe6992
core   0: 1 0x000000008000436c (0xe69929b7) x19 0xffffffffe6992000
core   0: 0x0000000080004370 (0x03f97953) fadd.d  fs2, fs2, ft11
core   0: 1 0x0000000080004370 (0x03f97953) f18 0x7ff8000000000000
core   0: 0x0000000080004374 (0x0ff0000f) fence   iorw,iorw
core   0: 1 0x0000000080004374 (0x0ff0000f)
core   0: 0x0000000080004378 (0x4080d3bb) sraw    t2, ra, s0
core   0: 1 0x0000000080004378 (0x4080d3bb) x7  0xfffffffffffffc00
core   0: 0x000000008000437c (0x0367d7b3) divu    a5, a5, s6
core   0: 1 0x000000008000437c (0x0367d7b3) x15 0x0000000000000000
core   0: 0x0000000080004380 (0xa47c0a9b) addiw   s5, s8, -1465
core   0: 1 0x0000000080004380 (0xa47c0a9b) x21 0xffffffff80005a8b
core   0: 0x0000000080004384 (0xf20a85d3) fmv.d.x fa1, s5
core   0: 1 0x0000000080004384 (0xf20a85d3) f11 0xffffffff80005a8b
core   0: 0x0000000080004388 (0x016afcb3) and     s9, s5, s6
core   0: 1 0x0000000080004388 (0x016afcb3) x25 0x0000000000000001
core   0: 0x000000008000438c (0x5a06f1d3) fsqrt.d ft3, fa3
core   0: 1 0x000000008000438c (0x5a06f1d3) f3  0x7ff8000000000000
core   0: 0x0000000080004390 (0x00658ebb) addw    t4, a1, t1
core   0: 1 0x0000000080004390 (0x00658ebb) x29 0x0000000034046fdf
core   0: 0x0000000080004394 (0xcbc97243) fmadd.d ft4, fs2, ft8, fs9
core   0: 1 0x0000000080004394 (0xcbc97243) f4  0x7ff8000000000000
core   0: 0x0000000080004398 (0x0189cc33) xor     s8, s3, s8
core   0: 1 0x0000000080004398 (0x0189cc33) x24 0xffffffff66994044
core   0: 0x000000008000439c (0x014a023b) addw    tp, s4, s4
core   0: 1 0x000000008000439c (0x014a023b) x4  0x0000000000000000
core   0: 0x00000000800043a0 (0xd038f1d3) fcvt.s.lu ft3, a7
core   0: 1 0x00000000800043a0 (0xd038f1d3) f3  0xffffffff40000000
core   0: 0x00000000800043a4 (0x028dcdb3) div     s11, s11, s0
core   0: 1 0x00000000800043a4 (0x028dcdb3) x27 0x0000000000000000
core   0: 0x00000000800043a8 (0x1430a0f3) csrrs   ra, stval, ra
core   0: 1 0x00000000800043a8 (0x1430a0f3) x1  0x0000000000000000 c323_stval 0x0000000080004014
core   0: 0x00000000800043ac (0x85d26b93) ori     s7, tp, -1955
core   0: 1 0x00000000800043ac (0x85d26b93) x23 0xfffffffffffff85d
core   0: 0x00000000800043b0 (0xf13e67f3) csrrsi  a5, mimpid, 28
core   0: exception trap_illegal_instruction, epc 0x00000000800043b0
core   0:           tval 0x00000000f13e67f3
core   0: >>>>  $xrv64i2p1_m2p0_a2p1_f2p2_d2p2_zicsr2p0_zifencei2p0_zmmul1p0_zba1p0_zbb1p0_zbc1p0_zbs1p0
core   0: 0x0000000080004000 (0x0080006f) j       pc + 0x8
core   0: 3 0x0000000080004000 (0x0080006f)
core   0: >>>>  mmode_exception_handler
core   0: 0x0000000080004008 (0x00002c17) auipc   s8, 0x2
core   0: 3 0x0000000080004008 (0x00002c17) x24 0x0000000080006008
core   0: 0x000000008000400c (0x03cc0c13) addi    s8, s8, 60
core   0: 3 0x000000008000400c (0x03cc0c13) x24 0x0000000080006044
core   0: 0x0000000080004010 (0x000c00e7) jalr    s8
core   0: 3 0x0000000080004010 (0x000c00e7) x1  0x0000000080004014
core   0: >>>>  any_handler
core   0: 0x0000000080006044 (0x341027f3) csrrs   a5, mepc, zero
core   0: 3 0x0000000080006044 (0x341027f3) x15 0x00000000800043b0
core   0: 0x0000000080006048 (0x34202773) csrrs   a4, mcause, zero
core   0: 3 0x0000000080006048 (0x34202773) x14 0x0000000000000002
core   0: 0x000000008000604c (0x142026f3) csrrs   a3, scause, zero
core   0: 3 0x000000008000604c (0x142026f3) x13 0x0000000000000000
core   0: 0x0000000080006050 (0x30402673) csrrs   a2, mie, zero
core   0: 3 0x0000000080006050 (0x30402673) x12 0x0000000000000a00
core   0: 0x0000000080006054 (0x344025f3) csrrs   a1, mip, zero
core   0: 3 0x0000000080006054 (0x344025f3) x11 0x0000000000000080
core   0: 0x0000000080006058 (0x343025f3) csrrs   a1, mtval, zero
core   0: 3 0x0000000080006058 (0x343025f3) x11 0x00000000f13e67f3
core   0: 0x000000008000605c (0x14302573) csrrs   a0, stval, zero
core   0: 3 0x000000008000605c (0x14302573) x10 0x0000000080004014
core   0: 0x0000000080006060 (0xb02024f3) csrrs   s1, minstret, zero
core   0: 3 0x0000000080006060 (0xb02024f3) x9  0x00000000000008ec
core   0: 0x0000000080006064 (0x0000a811) c.j     pc + 20
core   0: 3 0x0000000080006064 (0xa811)
core   0: >>>>  mepc_4
core   0: 0x0000000080006078 (0x00000791) c.addi  a5, 4
core   0: 3 0x0000000080006078 (0x0791) x15 0x00000000800043b4
core   0: 0x000000008000607a (0x34179073) csrrw   zero, mepc, a5
core   0: 3 0x000000008000607a (0x34179073) c833_mepc 0x00000000800043b4
core   0: 0x000000008000607e (0x30200073) mret
core   0: 3 0x000000008000607e (0x30200073) c768_mstatus 0x8000000a00106080
core   0: 0x00000000800043b4 (0x01fa1a1b) slliw   s4, s4, 31
core   0: 1 0x00000000800043b4 (0x01fa1a1b) x20 0x0000000000000000
core   0: 0x00000000800043b8 (0x0a4bf753) fsub.d  fa4, fs7, ft4
core   0: 1 0x00000000800043b8 (0x0a4bf753) f14 0x7ff8000000000000
core   0: 0x00000000800043bc (0x2a150f53) fmin.d  ft10, fa0, ft1
core   0: 1 0x00000000800043bc (0x2a150f53) f30 0x0000000000000000
core   0: 0x00000000800043c0 (0x034c4cb3) div     s9, s8, s4
core   0: 1 0x00000000800043c0 (0x034c4cb3) x25 0xffffffffffffffff
core   0: 0x00000000800043c4 (0x401cde13) srai    t3, s9, 1
core   0: 1 0x00000000800043c4 (0x401cde13) x28 0xffffffffffffffff
core   0: 0x00000000800043c8 (0x000083f2) c.mv    t2, t3
core   0: 1 0x00000000800043c8 (0x83f2) x7  0xffffffffffffffff
core   0: 0x00000000800043ca (0xc03670d3) fcvt.lu.s ra, fa2
core   0: 1 0x00000000800043ca (0xc03670d3) c1_fflags 0x0000000000000011 x1  0xffffffffffffffff
core   0: 0x00000000800043ce (0x414ad03b) sraw    zero, s5, s4
core   0: 1 0x00000000800043ce (0x414ad03b)
core   0: 0x00000000800043d2 (0x4000d31b) sraiw   t1, ra, 0
core   0: 1 0x00000000800043d2 (0x4000d31b) x6  0xffffffffffffffff
core   0: 0x00000000800043d6 (0x00000001) c.nop
core   0: 1 0x00000000800043d6 (0x0001)
core   0: 0x00000000800043d8 (0xd0397c53) fcvt.s.lu fs8, s2
core   0: 1 0x00000000800043d8 (0xd0397c53) c1_fflags 0x0000000000000011 f24 0xffffffff5f800000
core   0: 0x00000000800043dc (0x401ffbd3) fcvt.s.d fs7, ft11
core   0: 1 0x00000000800043dc (0x401ffbd3) f23 0xffffffff7fc00000
core   0: 0x00000000800043e0 (0x3339fb47) fmsub.d fs6, fs3, fs3, ft6
core   0: 1 0x00000000800043e0 (0x3339fb47) f22 0x7ff8000000000000
core   0: 0x00000000800043e4 (0x00102bf3) csrrs   s7, fflags, zero
core   0: 1 0x00000000800043e4 (0x00102bf3) x23 0x0000000000000011
core   0: 0x00000000800043e8 (0x40050d3b) subw    s10, a0, zero
core   0: 1 0x00000000800043e8 (0x40050d3b) x26 0xffffffff80004014
core   0: 0x00000000800043ec (0x03aca0b3) mulhsu  ra, s9, s10
core   0: 1 0x00000000800043ec (0x03aca0b3) x1  0xffffffffffffffff
core   0: 0x00000000800043f0 (0x40075e1b) sraiw   t3, a4, 0
core   0: 1 0x00000000800043f0 (0x40075e1b) x28 0x0000000000000002
core   0: 0x00000000800043f4 (0x226b0153) fsgnj.d ft2, fs6, ft6
core   0: 1 0x00000000800043f4 (0x226b0153) f2  0x7ff8000000000000
core   0: 0x00000000800043f8 (0x0095cbb3) xor     s7, a1, s1
core   0: 1 0x00000000800043f8 (0x0095cbb3) x23 0x00000000f13e6f1f
core   0: 0x00000000800043fc (0x0265fdb3) remu    s11, a1, t1
core   0: 1 0x00000000800043fc (0x0265fdb3) x27 0x00000000f13e67f3
core   0: 0x0000000080004400 (0x709c4a93) xori    s5, s8, 1801
core   0: 1 0x0000000080004400 (0x709c4a93) x21 0x000000008000674d
core   0: 0x0000000080004404 (0xbab5f84b) fnmsub.d fa6, fa1, fa1, fs7
core   0: 1 0x0000000080004404 (0xbab5f84b) f16 0x7ff8000000000000
core   0: 0x0000000080004408 (0x1301f1d3) fmul.d  ft3, ft3, fa6
core   0: 1 0x0000000080004408 (0x1301f1d3) f3  0x7ff8000000000000
core   0: 0x000000008000440c (0x0000945e) c.add   s0, s7
core   0: 1 0x000000008000440c (0x945e) x8  0x00000001a9663034
core   0: 0x000000008000440e (0xd03bf553) fcvt.s.lu fa0, s7
core   0: 1 0x000000008000440e (0xd03bf553) c1_fflags 0x0000000000000011 f10 0xffffffff4f713e6f
core   0: 0x0000000080004412 (0x400ad713) srai    a4, s5, 0
core   0: 1 0x0000000080004412 (0x400ad713) x14 0x000000008000674d
core   0: 0x0000000080004416 (0x02805d3b) divuw   s10, zero, s0
core   0: 1 0x0000000080004416 (0x02805d3b) x26 0x0000000000000000
core   0: 0x000000008000441a (0x40f0d9b3) sra     s3, ra, a5
core   0: 1 0x000000008000441a (0x40f0d9b3) x19 0xffffffffffffffff
core   0: 0x000000008000441e (0xc032f353) fcvt.lu.s t1, ft5
core   0: 1 0x000000008000441e (0xc032f353) c1_fflags 0x0000000000000011 x6  0xffffffffffffffff
core   0: 0x0000000080004422 (0x4073d63b) sraw    a2, t2, t2
core   0: 1 0x0000000080004422 (0x4073d63b) x12 0xffffffffffffffff
core   0: 0x0000000080004426 (0x022271bb) remuw   gp, tp, sp
core   0: 1 0x0000000080004426 (0x022271bb) x3  0x0000000000000000
core   0: 0x000000008000442a (0x00000001) c.nop
core   0: 1 0x000000008000442a (0x0001)
core   0: 0x000000008000442c (0xf125b973) csrrc   s2, marchid, a1
core   0: exception trap_illegal_instruction, epc 0x000000008000442c
core   0:           tval 0x00000000f125b973
core   0: >>>>  $xrv64i2p1_m2p0_a2p1_f2p2_d2p2_zicsr2p0_zifencei2p0_zmmul1p0_zba1p0_zbb1p0_zbc1p0_zbs1p0
core   0: 0x0000000080004000 (0x0080006f) j       pc + 0x8
core   0: 3 0x0000000080004000 (0x0080006f)
core   0: >>>>  mmode_exception_handler
core   0: 0x0000000080004008 (0x00002c17) auipc   s8, 0x2
core   0: 3 0x0000000080004008 (0x00002c17) x24 0x0000000080006008
core   0: 0x000000008000400c (0x03cc0c13) addi    s8, s8, 60
core   0: 3 0x000000008000400c (0x03cc0c13) x24 0x0000000080006044
core   0: 0x0000000080004010 (0x000c00e7) jalr    s8
core   0: 3 0x0000000080004010 (0x000c00e7) x1  0x0000000080004014
core   0: >>>>  any_handler
core   0: 0x0000000080006044 (0x341027f3) csrrs   a5, mepc, zero
core   0: 3 0x0000000080006044 (0x341027f3) x15 0x000000008000442c
core   0: 0x0000000080006048 (0x34202773) csrrs   a4, mcause, zero
core   0: 3 0x0000000080006048 (0x34202773) x14 0x0000000000000002
core   0: 0x000000008000604c (0x142026f3) csrrs   a3, scause, zero
core   0: 3 0x000000008000604c (0x142026f3) x13 0x0000000000000000
core   0: 0x0000000080006050 (0x30402673) csrrs   a2, mie, zero
core   0: 3 0x0000000080006050 (0x30402673) x12 0x0000000000000a00
core   0: 0x0000000080006054 (0x344025f3) csrrs   a1, mip, zero
core   0: 3 0x0000000080006054 (0x344025f3) x11 0x0000000000000080
core   0: 0x0000000080006058 (0x343025f3) csrrs   a1, mtval, zero
core   0: 3 0x0000000080006058 (0x343025f3) x11 0x00000000f125b973
core   0: 0x000000008000605c (0x14302573) csrrs   a0, stval, zero
core   0: 3 0x000000008000605c (0x14302573) x10 0x0000000080004014
core   0: 0x0000000080006060 (0xb02024f3) csrrs   s1, minstret, zero
core   0: 3 0x0000000080006060 (0xb02024f3) x9  0x000000000000091c
core   0: 0x0000000080006064 (0x0000a811) c.j     pc + 20
core   0: 3 0x0000000080006064 (0xa811)
core   0: >>>>  mepc_4
core   0: 0x0000000080006078 (0x00000791) c.addi  a5, 4
core   0: 3 0x0000000080006078 (0x0791) x15 0x0000000080004430
core   0: 0x000000008000607a (0x34179073) csrrw   zero, mepc, a5
core   0: 3 0x000000008000607a (0x34179073) c833_mepc 0x0000000080004430
core   0: 0x000000008000607e (0x30200073) mret
core   0: 3 0x000000008000607e (0x30200073) c768_mstatus 0x8000000a00106080
core   0: 0x0000000080004430 (0x000d159b) slliw   a1, s10, 0
core   0: 1 0x0000000080004430 (0x000d159b) x11 0x0000000000000000
core   0: 0x0000000080004434 (0xa2a98153) fle.d   sp, fs3, fa0
core   0: 1 0x0000000080004434 (0xa2a98153) c1_fflags 0x0000000000000011 x2  0x0000000000000000
core   0: 0x0000000080004438 (0x036e6033) rem     zero, t3, s6
core   0: 1 0x0000000080004438 (0x036e6033)
core   0: 0x000000008000443c (0x820e4d13) xori    s10, t3, -2016
core   0: 1 0x000000008000443c (0x820e4d13) x26 0xfffffffffffff822
core   0: 0x0000000080004440 (0xd7710417) auipc   s0, 0xd7710
core   0: 1 0x0000000080004440 (0xd7710417) x8  0x0000000057714440
core   0: 0x0000000080004444 (0x2ae31753) fmax.d  fa4, ft6, fa4
core   0: 1 0x0000000080004444 (0x2ae31753) f14 0x0000000000000000
core   0: 0x0000000080004448 (0x0096abb3) slt     s7, a3, s1
core   0: 1 0x0000000080004448 (0x0096abb3) x23 0x0000000000000001
core   0: 0x000000008000444c (0x017919bb) sllw    s3, s2, s7
core   0: 1 0x000000008000444c (0x017919bb) x19 0xfffffffffffffb08
core   0: 0x0000000080004450 (0x23101c53) fsgnjn.d fs8, ft0, fa7
core   0: 1 0x0000000080004450 (0x23101c53) f24 0x41dfffeffb000000
core   0: 0x0000000080004454 (0x373b1297) auipc   t0, 0x373b1
core   0: 1 0x0000000080004454 (0x373b1297) x5  0x00000000b73b5454
core   0: 0x0000000080004458 (0x02e2573b) divuw   a4, tp, a4
core   0: 1 0x0000000080004458 (0x02e2573b) x14 0x0000000000000000
core   0: 0x000000008000445c (0xeaacf4c3) fmadd.d fs1, fs9, fa0, ft9
core   0: 1 0x000000008000445c (0xeaacf4c3) f9  0x7ff8000000000000
core   0: 0x0000000080004460 (0x001bd693) srli    a3, s7, 1
core   0: 1 0x0000000080004460 (0x001bd693) x13 0x0000000000000000
core   0: 0x0000000080004464 (0x001a6a13) ori     s4, s4, 1
core   0: 1 0x0000000080004464 (0x001a6a13) x20 0x0000000000000001
core   0: 0x0000000080004468 (0x03f55c93) srli    s9, a0, 63
core   0: 1 0x0000000080004468 (0x03f55c93) x25 0x0000000000000000
core   0: 0x000000008000446c (0xd02cf353) fcvt.s.l ft6, s9
core   0: 1 0x000000008000446c (0xd02cf353) f6  0xffffffff00000000
core   0: 0x0000000080004470 (0xa3df82d3) fle.d   t0, ft11, ft9
core   0: 1 0x0000000080004470 (0xa3df82d3) c1_fflags 0x0000000000000011 x5  0x0000000000000000
core   0: 0x0000000080004474 (0xd229f153) fcvt.d.l ft2, s3
core   0: 1 0x0000000080004474 (0xd229f153) f2  0xc093e00000000000
core   0: 0x0000000080004478 (0x420f0853) fcvt.d.s fa6, ft10
core   0: 1 0x0000000080004478 (0x420f0853) f16 0x7ff8000000000000
core   0: 0x000000008000447c (0x00025893) srli    a7, tp, 0
core   0: 1 0x000000008000447c (0x00025893) x17 0x0000000000000000
core   0: 0x0000000080004480 (0x8bbc7893) andi    a7, s8, -1861
core   0: 1 0x0000000080004480 (0x8bbc7893) x17 0x0000000080006000
core   0: 0x0000000080004484 (0x2a7383d3) fmin.d  ft7, ft7, ft7
core   0: 1 0x0000000080004484 (0x2a7383d3) f7  0x7ff8000000000000
core   0: 0x0000000080004488 (0x409bd53b) sraw    a0, s7, s1
core   0: 1 0x0000000080004488 (0x409bd53b) x10 0x0000000000000000
core   0: 0x000000008000448c (0x00000786) c.slli  a5, 1
core   0: 1 0x000000008000448c (0x0786) x15 0x0000000100008860
core   0: 0x000000008000448e (0xa2cf0c53) fle.d   s8, ft10, fa2
core   0: 1 0x000000008000448e (0xa2cf0c53) c1_fflags 0x0000000000000011 x24 0x0000000000000000
core   0: 0x0000000080004492 (0xd2028853) fcvt.d.w fa6, t0
core   0: 1 0x0000000080004492 (0xd2028853) f16 0x0000000000000000
core   0: 0x0000000080004496 (0x035c0ab3) mul     s5, s8, s5
core   0: 1 0x0000000080004496 (0x035c0ab3) x21 0x0000000000000000
core   0: 0x000000008000449a (0x41d2d19b) sraiw   gp, t0, 29
core   0: 1 0x000000008000449a (0x41d2d19b) x3  0x0000000000000000
core   0: 0x000000008000449e (0x5a00f153) fsqrt.d ft2, ft1
core   0: 1 0x000000008000449e (0x5a00f153) f2  0x7ff8000000000000
core   0: 0x00000000800044a2 (0x02f78eb3) mul     t4, a5, a5
core   0: 1 0x00000000800044a2 (0x02f78eb3) x29 0x000110c048a62400
core   0: 0x00000000800044a6 (0x7476ee73) csrrsi  t3, mseccfg, 13
core   0: exception trap_illegal_instruction, epc 0x00000000800044a6
core   0:           tval 0x000000007476ee73
core   0: >>>>  $xrv64i2p1_m2p0_a2p1_f2p2_d2p2_zicsr2p0_zifencei2p0_zmmul1p0_zba1p0_zbb1p0_zbc1p0_zbs1p0
core   0: 0x0000000080004000 (0x0080006f) j       pc + 0x8
core   0: 3 0x0000000080004000 (0x0080006f)
core   0: >>>>  mmode_exception_handler
core   0: 0x0000000080004008 (0x00002c17) auipc   s8, 0x2
core   0: 3 0x0000000080004008 (0x00002c17) x24 0x0000000080006008
core   0: 0x000000008000400c (0x03cc0c13) addi    s8, s8, 60
core   0: 3 0x000000008000400c (0x03cc0c13) x24 0x0000000080006044
core   0: 0x0000000080004010 (0x000c00e7) jalr    s8
core   0: 3 0x0000000080004010 (0x000c00e7) x1  0x0000000080004014
core   0: >>>>  any_handler
core   0: 0x0000000080006044 (0x341027f3) csrrs   a5, mepc, zero
core   0: 3 0x0000000080006044 (0x341027f3) x15 0x00000000800044a6
core   0: 0x0000000080006048 (0x34202773) csrrs   a4, mcause, zero
core   0: 3 0x0000000080006048 (0x34202773) x14 0x0000000000000002
core   0: 0x000000008000604c (0x142026f3) csrrs   a3, scause, zero
core   0: 3 0x000000008000604c (0x142026f3) x13 0x0000000000000000
core   0: 0x0000000080006050 (0x30402673) csrrs   a2, mie, zero
core   0: 3 0x0000000080006050 (0x30402673) x12 0x0000000000000a00
core   0: 0x0000000080006054 (0x344025f3) csrrs   a1, mip, zero
core   0: 3 0x0000000080006054 (0x344025f3) x11 0x0000000000000080
core   0: 0x0000000080006058 (0x343025f3) csrrs   a1, mtval, zero
core   0: 3 0x0000000080006058 (0x343025f3) x11 0x000000007476ee73
core   0: 0x000000008000605c (0x14302573) csrrs   a0, stval, zero
core   0: 3 0x000000008000605c (0x14302573) x10 0x0000000080004014
core   0: 0x0000000080006060 (0xb02024f3) csrrs   s1, minstret, zero
core   0: 3 0x0000000080006060 (0xb02024f3) x9  0x000000000000094a
core   0: 0x0000000080006064 (0x0000a811) c.j     pc + 20
core   0: 3 0x0000000080006064 (0xa811)
core   0: >>>>  mepc_4
core   0: 0x0000000080006078 (0x00000791) c.addi  a5, 4
core   0: 3 0x0000000080006078 (0x0791) x15 0x00000000800044aa
core   0: 0x000000008000607a (0x34179073) csrrw   zero, mepc, a5
core   0: 3 0x000000008000607a (0x34179073) c833_mepc 0x00000000800044aa
core   0: 0x000000008000607e (0x30200073) mret
core   0: 3 0x000000008000607e (0x30200073) c768_mstatus 0x8000000a00106080
core   0: 0x00000000800044aa (0x4003d393) srai    t2, t2, 0
core   0: 1 0x00000000800044aa (0x4003d393) x7  0xffffffffffffffff
core   0: 0x00000000800044ae (0xd6818c97) auipc   s9, 0xd6818
core   0: 1 0x00000000800044ae (0xd6818c97) x25 0x000000005681c4ae
core   0: 0x00000000800044b2 (0x0063d533) srl     a0, t2, t1
core   0: 1 0x00000000800044b2 (0x0063d533) x10 0x0000000000000001
core   0: 0x00000000800044b6 (0xc21f79d3) fcvt.wu.d s3, ft10
core   0: 1 0x00000000800044b6 (0xc21f79d3) x19 0x0000000000000000
core   0: 0x00000000800044ba (0x43265a93) srai    s5, a2, 50
core   0: 1 0x00000000800044ba (0x43265a93) x21 0x0000000000000000
core   0: 0x00000000800044be (0x0157199b) slliw   s3, a4, 21
core   0: 1 0x00000000800044be (0x0157199b) x19 0x0000000000400000
core   0: 0x00000000800044c2 (0x03d0f3bb) remuw   t2, ra, t4
core   0: 1 0x00000000800044c2 (0x03d0f3bb) x7  0x00000000375a1c14
core   0: 0x00000000800044c6 (0x001b1a73) csrrw   s4, fflags, s6
core   0: 1 0x00000000800044c6 (0x001b1a73) x20 0x0000000000000011 c1_fflags 0x0000000000000011
core   0: 0x00000000800044ca (0xd20900d3) fcvt.d.w ft1, s2
core   0: 1 0x00000000800044ca (0xd20900d3) f1  0xc083e00000000000
core   0: 0x00000000800044ce (0xf45b4193) xori    gp, s6, -187
core   0: 1 0x00000000800044ce (0xf45b4193) x3  0xfffffffffff7ff54
core   0: 0x00000000800044d2 (0x548d4693) xori    a3, s10, 1352
core   0: 1 0x00000000800044d2 (0x548d4693) x13 0xfffffffffffffd6a
core   0: 0x00000000800044d6 (0x00f5583b) srlw    a6, a0, a5
core   0: 1 0x00000000800044d6 (0x00f5583b) x16 0x0000000000000000
core   0: 0x00000000800044da (0xca16f6cb) fnmsub.d fa3, fa3, ft1, fs9
core   0: 1 0x00000000800044da (0xca16f6cb) f13 0x7ff8000000000000
core   0: 0x00000000800044de (0x03cd84b3) mul     s1, s11, t3
core   0: 1 0x00000000800044de (0x03cd84b3) x9  0x00000001e27ccfe6
core   0: 0x00000000800044e2 (0x00e29c33) sll     s8, t0, a4
core   0: 1 0x00000000800044e2 (0x00e29c33) x24 0x0000000000000000
core   0: 0x00000000800044e6 (0x2be287d3) fmin.d  fa5, ft5, ft10
core   0: 1 0x00000000800044e6 (0x2be287d3) f15 0x0000000000000000
core   0: 0x00000000800044ea (0xd20b84d3) fcvt.d.w fs1, s7
core   0: 1 0x00000000800044ea (0xd20b84d3) f9  0x3ff0000000000000
core   0: 0x00000000800044ee (0x002510f3) csrrw   ra, frm, a0
core   0: 1 0x00000000800044ee (0x002510f3) x1  0x0000000000000000 c2_frm 0x0000000000000001
core   0: 0x00000000800044f2 (0x0379fd33) remu    s10, s3, s7
core   0: 1 0x00000000800044f2 (0x0379fd33) x26 0x0000000000000000
core   0: 0x00000000800044f6 (0x1bc27253) fdiv.d  ft4, ft4, ft8
core   0: 1 0x00000000800044f6 (0x1bc27253) f4  0x7ff8000000000000
core   0: 0x00000000800044fa (0x8748c817) auipc   a6, 0x8748c
core   0: 1 0x00000000800044fa (0x8748c817) x16 0x00000000074904fa
core   0: 0x00000000800044fe (0x030d02b3) mul     t0, s10, a6
core   0: 1 0x00000000800044fe (0x030d02b3) x5  0x0000000000000000
core   0: 0x0000000080004502 (0x00085d9b) srliw   s11, a6, 0
core   0: 1 0x0000000080004502 (0x00085d9b) x27 0x00000000074904fa
core   0: 0x0000000080004506 (0xd0247ad3) fcvt.s.l fs5, s0
core   0: 1 0x0000000080004506 (0xd0247ad3) c1_fflags 0x0000000000000011 f21 0xffffffff4eaee288
core   0: 0x000000008000450a (0x0ff0000f) fence   iorw,iorw
core   0: 1 0x000000008000450a (0x0ff0000f)
core   0: 0x000000008000450e (0xca42724b) fnmsub.d ft4, ft4, ft4, fs9
core   0: 1 0x000000008000450e (0xca42724b) f4  0x7ff8000000000000
core   0: 0x0000000080004512 (0xc01d91f3) csrrw   gp, time, s11
core   0: exception trap_illegal_instruction, epc 0x0000000080004512
core   0:           tval 0x00000000c01d91f3
core   0: >>>>  $xrv64i2p1_m2p0_a2p1_f2p2_d2p2_zicsr2p0_zifencei2p0_zmmul1p0_zba1p0_zbb1p0_zbc1p0_zbs1p0
core   0: 0x0000000080004000 (0x0080006f) j       pc + 0x8
core   0: 3 0x0000000080004000 (0x0080006f)
core   0: >>>>  mmode_exception_handler
core   0: 0x0000000080004008 (0x00002c17) auipc   s8, 0x2
core   0: 3 0x0000000080004008 (0x00002c17) x24 0x0000000080006008
core   0: 0x000000008000400c (0x03cc0c13) addi    s8, s8, 60
core   0: 3 0x000000008000400c (0x03cc0c13) x24 0x0000000080006044
core   0: 0x0000000080004010 (0x000c00e7) jalr    s8
core   0: 3 0x0000000080004010 (0x000c00e7) x1  0x0000000080004014
core   0: >>>>  any_handler
core   0: 0x0000000080006044 (0x341027f3) csrrs   a5, mepc, zero
core   0: 3 0x0000000080006044 (0x341027f3) x15 0x0000000080004512
core   0: 0x0000000080006048 (0x34202773) csrrs   a4, mcause, zero
core   0: 3 0x0000000080006048 (0x34202773) x14 0x0000000000000002
core   0: 0x000000008000604c (0x142026f3) csrrs   a3, scause, zero
core   0: 3 0x000000008000604c (0x142026f3) x13 0x0000000000000000
core   0: 0x0000000080006050 (0x30402673) csrrs   a2, mie, zero
core   0: 3 0x0000000080006050 (0x30402673) x12 0x0000000000000a00
core   0: 0x0000000080006054 (0x344025f3) csrrs   a1, mip, zero
core   0: 3 0x0000000080006054 (0x344025f3) x11 0x0000000000000080
core   0: 0x0000000080006058 (0x343025f3) csrrs   a1, mtval, zero
core   0: 3 0x0000000080006058 (0x343025f3) x11 0x00000000c01d91f3
core   0: 0x000000008000605c (0x14302573) csrrs   a0, stval, zero
core   0: 3 0x000000008000605c (0x14302573) x10 0x0000000080004014
core   0: 0x0000000080006060 (0xb02024f3) csrrs   s1, minstret, zero
core   0: 3 0x0000000080006060 (0xb02024f3) x9  0x0000000000000974
core   0: 0x0000000080006064 (0x0000a811) c.j     pc + 20
core   0: 3 0x0000000080006064 (0xa811)
core   0: >>>>  mepc_4
core   0: 0x0000000080006078 (0x00000791) c.addi  a5, 4
core   0: 3 0x0000000080006078 (0x0791) x15 0x0000000080004516
core   0: 0x000000008000607a (0x34179073) csrrw   zero, mepc, a5
core   0: 3 0x000000008000607a (0x34179073) c833_mepc 0x0000000080004516
core   0: 0x000000008000607e (0x30200073) mret
core   0: 3 0x000000008000607e (0x30200073) c768_mstatus 0x8000000a00106080
core   0: 0x0000000080004516 (0x0092d31b) srliw   t1, t0, 9
core   0: 1 0x0000000080004516 (0x0092d31b) x6  0x0000000000000000
core   0: 0x000000008000451a (0x01188633) add     a2, a7, a7
core   0: 1 0x000000008000451a (0x01188633) x12 0x000000010000c000
core   0: 0x000000008000451e (0x80066b93) ori     s7, a2, -2048
core   0: 1 0x000000008000451e (0x80066b93) x23 0xfffffffffffff800
core   0: 0x0000000080004522 (0x223a71cf) fnmadd.d ft3, fs4, ft3, ft4
core   0: 1 0x0000000080004522 (0x223a71cf) f3  0x7ff8000000000000
core   0: 0x0000000080004526 (0x002b9273) csrrw   tp, frm, s7
core   0: 1 0x0000000080004526 (0x002b9273) x4  0x0000000000000001 c2_frm 0x0000000000000000
core   0: 0x000000008000452a (0x01f6179b) slliw   a5, a2, 31
core   0: 1 0x000000008000452a (0x01f6179b) x15 0x0000000000000000
core   0: 0x000000008000452e (0x2e179d37) lui     s10, 0x2e179
core   0: 1 0x000000008000452e (0x2e179d37) x26 0x000000002e179000
core   0: 0x0000000080004532 (0x0ff0000f) fence   iorw,iorw
core   0: 1 0x0000000080004532 (0x0ff0000f)
core   0: 0x0000000080004536 (0x001d1a13) slli    s4, s10, 1
core   0: 1 0x0000000080004536 (0x001d1a13) x20 0x000000005c2f2000
core   0: 0x000000008000453a (0xd20c0453) fcvt.d.w fs0, s8
core   0: 1 0x000000008000453a (0xd20c0453) f8  0xc1dfffe7ef000000
core   0: 0x000000008000453e (0x0140f633) and     a2, ra, s4
core   0: 1 0x000000008000453e (0x0140f633) x12 0x0000000000000000
core   0: 0x0000000080004542 (0x00102973) csrrs   s2, fflags, zero
core   0: 1 0x0000000080004542 (0x00102973) x18 0x0000000000000011
core   0: 0x0000000080004546 (0x5a017a53) fsqrt.d fs4, ft2
core   0: 1 0x0000000080004546 (0x5a017a53) f20 0x7ff8000000000000
core   0: 0x000000008000454a (0x00051b93) slli    s7, a0, 0
core   0: 1 0x000000008000454a (0x00051b93) x23 0x0000000080004014
core   0: 0x000000008000454e (0x0049f233) and     tp, s3, tp
core   0: 1 0x000000008000454e (0x0049f233) x4  0x0000000000000000
core   0: 0x0000000080004552 (0x8f7efb13) andi    s6, t4, -1801
core   0: 1 0x0000000080004552 (0x8f7efb13) x22 0x000110c048a62000
core   0: 0x0000000080004556 (0x019c10bb) sllw    ra, s8, s9
core   0: 1 0x0000000080004556 (0x019c10bb) x1  0x0000000018110000
core   0: 0x000000008000455a (0x0098debb) srlw    t4, a7, s1
core   0: 1 0x000000008000455a (0x0098debb) x29 0x0000000000000800
core   0: 0x000000008000455e (0x0007db3b) srlw    s6, a5, zero
core   0: 1 0x000000008000455e (0x0007db3b) x22 0x0000000000000000
core   0: 0x0000000080004562 (0xc23cfe53) fcvt.lu.d t3, fs9
core   0: 1 0x0000000080004562 (0xc23cfe53) x28 0x0000000000000000
core   0: 0x0000000080004566 (0x035afb53) fadd.d  fs6, fs5, fs5
core   0: 1 0x0000000080004566 (0x035afb53) f22 0x7ff8000000000000
core   0: 0x000000008000456a (0x4000509b) sraiw   ra, zero, 0
core   0: 1 0x000000008000456a (0x4000509b) x1  0x0000000000000000
core   0: 0x000000008000456e (0x39188393) addi    t2, a7, 913
core   0: 1 0x000000008000456e (0x39188393) x7  0x0000000080006391
core   0: 0x0000000080004572 (0x41dbd51b) sraiw   a0, s7, 29
core   0: 1 0x0000000080004572 (0x41dbd51b) x10 0xfffffffffffffffc
core   0: 0x0000000080004576 (0x41f5db1b) sraiw   s6, a1, 31
core   0: 1 0x0000000080004576 (0x41f5db1b) x22 0xffffffffffffffff
core   0: 0x000000008000457a (0x15c1d4b7) lui     s1, 0x15c1d
core   0: 1 0x000000008000457a (0x15c1d4b7) x9  0x0000000015c1d000
core   0: 0x000000008000457e (0x00102cf3) csrrs   s9, fflags, zero
core   0: 1 0x000000008000457e (0x00102cf3) x25 0x0000000000000011
core   0: 0x0000000080004582 (0x0395d5bb) divuw   a1, a1, s9
core   0: 1 0x0000000080004582 (0x0395d5bb) x11 0x000000000b4d0895
core   0: 0x0000000080004586 (0x03d9823b) mulw    tp, s3, t4
core   0: 1 0x0000000080004586 (0x03d9823b) x4  0x0000000000000000
core   0: 0x000000008000458a (0x872c0d13) addi    s10, s8, -1934
core   0: 1 0x000000008000458a (0x872c0d13) x26 0x00000000800058b6
core   0: 0x000000008000458e (0x01ad8dbb) addw    s11, s11, s10
core   0: 1 0x000000008000458e (0x01ad8dbb) x27 0xffffffff87495db0
core   0: 0x0000000080004592 (0x00e8d8bb) srlw    a7, a7, a4
core   0: 1 0x0000000080004592 (0x00e8d8bb) x17 0x0000000020001800
core   0: 0x0000000080004596 (0x022347b3) div     a5, t1, sp
core   0: 1 0x0000000080004596 (0x022347b3) x15 0xffffffffffffffff
core   0: 0x000000008000459a (0x00f11dbb) sllw    s11, sp, a5
core   0: 1 0x000000008000459a (0x00f11dbb) x27 0x0000000000000000
core   0: 0x000000008000459e (0xb826faf3) csrrci  s5, minstreth, 13
core   0: exception trap_illegal_instruction, epc 0x000000008000459e
core   0:           tval 0x00000000b826faf3
core   0: >>>>  $xrv64i2p1_m2p0_a2p1_f2p2_d2p2_zicsr2p0_zifencei2p0_zmmul1p0_zba1p0_zbb1p0_zbc1p0_zbs1p0
core   0: 0x0000000080004000 (0x0080006f) j       pc + 0x8
core   0: 3 0x0000000080004000 (0x0080006f)
core   0: >>>>  mmode_exception_handler
core   0: 0x0000000080004008 (0x00002c17) auipc   s8, 0x2
core   0: 3 0x0000000080004008 (0x00002c17) x24 0x0000000080006008
core   0: 0x000000008000400c (0x03cc0c13) addi    s8, s8, 60
core   0: 3 0x000000008000400c (0x03cc0c13) x24 0x0000000080006044
core   0: 0x0000000080004010 (0x000c00e7) jalr    s8
core   0: 3 0x0000000080004010 (0x000c00e7) x1  0x0000000080004014
core   0: >>>>  any_handler
core   0: 0x0000000080006044 (0x341027f3) csrrs   a5, mepc, zero
core   0: 3 0x0000000080006044 (0x341027f3) x15 0x000000008000459e
core   0: 0x0000000080006048 (0x34202773) csrrs   a4, mcause, zero
core   0: 3 0x0000000080006048 (0x34202773) x14 0x0000000000000002
core   0: 0x000000008000604c (0x142026f3) csrrs   a3, scause, zero
core   0: 3 0x000000008000604c (0x142026f3) x13 0x0000000000000000
core   0: 0x0000000080006050 (0x30402673) csrrs   a2, mie, zero
core   0: 3 0x0000000080006050 (0x30402673) x12 0x0000000000000a00
core   0: 0x0000000080006054 (0x344025f3) csrrs   a1, mip, zero
core   0: 3 0x0000000080006054 (0x344025f3) x11 0x0000000000000080
core   0: 0x0000000080006058 (0x343025f3) csrrs   a1, mtval, zero
core   0: 3 0x0000000080006058 (0x343025f3) x11 0x00000000b826faf3
core   0: 0x000000008000605c (0x14302573) csrrs   a0, stval, zero
core   0: 3 0x000000008000605c (0x14302573) x10 0x0000000080004014
core   0: 0x0000000080006060 (0xb02024f3) csrrs   s1, minstret, zero
core   0: 3 0x0000000080006060 (0xb02024f3) x9  0x00000000000009a6
core   0: 0x0000000080006064 (0x0000a811) c.j     pc + 20
core   0: 3 0x0000000080006064 (0xa811)
core   0: >>>>  mepc_4
core   0: 0x0000000080006078 (0x00000791) c.addi  a5, 4
core   0: 3 0x0000000080006078 (0x0791) x15 0x00000000800045a2
core   0: 0x000000008000607a (0x34179073) csrrw   zero, mepc, a5
core   0: 3 0x000000008000607a (0x34179073) c833_mepc 0x00000000800045a2
core   0: 0x000000008000607e (0x30200073) mret
core   0: 3 0x000000008000607e (0x30200073) c768_mstatus 0x8000000a00106080
core   0: 0x00000000800045a2 (0xd2397a53) fcvt.d.lu fs4, s2
core   0: 1 0x00000000800045a2 (0xd2397a53) f20 0x4031000000000000
core   0: 0x00000000800045a6 (0x411988bb) subw    a7, s3, a7
core   0: 1 0x00000000800045a6 (0x411988bb) x17 0xffffffffe03fe800
core   0: 0x00000000800045aa (0xc03e71d3) fcvt.lu.s gp, ft8
core   0: 1 0x00000000800045aa (0xc03e71d3) c1_fflags 0x0000000000000011 x3  0xffffffffffffffff
core   0: 0x00000000800045ae (0x00202b73) csrrs   s6, frm, zero
core   0: 1 0x00000000800045ae (0x00202b73) x22 0x0000000000000000
core   0: 0x00000000800045b2 (0x30fdcd93) xori    s11, s11, 783
core   0: 1 0x00000000800045b2 (0x30fdcd93) x27 0x000000000000030f
core   0: 0x00000000800045b6 (0x5a0575d3) fsqrt.d fa1, fa0
core   0: 1 0x00000000800045b6 (0x5a0575d3) f11 0x7ff8000000000000
core   0: 0x00000000800045ba (0x0133ec33) or      s8, t2, s3
core   0: 1 0x00000000800045ba (0x0133ec33) x24 0x0000000080406391
core   0: 0x00000000800045be (0x22bfa553) fsgnjx.d fa0, ft11, fa1
core   0: 1 0x00000000800045be (0x22bfa553) f10 0x7ff8000000000000
core   0: 0x00000000800045c2 (0x01325db3) srl     s11, tp, s3
core   0: 1 0x00000000800045c2 (0x01325db3) x27 0x0000000000000000
core   0: 0x00000000800045c6 (0xfffe4e13) not     t3, t3
core   0: 1 0x00000000800045c6 (0xfffe4e13) x28 0xffffffffffffffff
core   0: 0x00000000800045ca (0xd20807d3) fcvt.d.w fa5, a6
core   0: 1 0x00000000800045ca (0xd20807d3) f15 0x419d2413e8000000
core   0: 0x00000000800045ce (0xd02df553) fcvt.s.l fa0, s11
core   0: 1 0x00000000800045ce (0xd02df553) f10 0xffffffff00000000
core   0: 0x00000000800045d2 (0xf16c8b13) addi    s6, s9, -234
core   0: 1 0x00000000800045d2 (0xf16c8b13) x22 0xffffffffffffff27
core   0: 0x00000000800045d6 (0x03147bd3) fadd.d  fs7, fs0, fa7
core   0: 1 0x00000000800045d6 (0x03147bd3) f23 0x7ff8000000000000
core   0: 0x00000000800045da (0x03f39513) slli    a0, t2, 63
core   0: 1 0x00000000800045da (0x03f39513) x10 0x8000000000000000
core   0: 0x00000000800045de (0x02a48b33) mul     s6, s1, a0
core   0: 1 0x00000000800045de (0x02a48b33) x22 0x0000000000000000
core   0: 0x00000000800045e2 (0x0148583b) srlw    a6, a6, s4
core   0: 1 0x00000000800045e2 (0x0148583b) x16 0x00000000074904fa
core   0: 0x00000000800045e6 (0x41970cbb) subw    s9, a4, s9
core   0: 1 0x00000000800045e6 (0x41970cbb) x25 0xfffffffffffffff1
core   0: 0x00000000800045ea (0x001a6193) ori     gp, s4, 1
core   0: 1 0x00000000800045ea (0x001a6193) x3  0x000000005c2f2001
core   0: 0x00000000800045ee (0xc20474d3) fcvt.w.d s1, fs0
core   0: 1 0x00000000800045ee (0xc20474d3) x9  0xffffffff80006044
core   0: 0x00000000800045f2 (0x01374733) xor     a4, a4, s3
core   0: 1 0x00000000800045f2 (0x01374733) x14 0x0000000000400002
core   0: 0x00000000800045f6 (0x0337f2b3) remu    t0, a5, s3
core   0: 1 0x00000000800045f6 (0x0337f2b3) x5  0x00000000000045a2
core   0: 0x00000000800045fa (0x00574ab3) xor     s5, a4, t0
core   0: 1 0x00000000800045fa (0x00574ab3) x21 0x00000000004045a0
core   0: 0x00000000800045fe (0x7ffc809b) addiw   ra, s9, 2047
core   0: 1 0x00000000800045fe (0x7ffc809b) x1  0x00000000000007f0
core   0: 0x0000000080004602 (0x00a6cdb3) xor     s11, a3, a0
core   0: 1 0x0000000080004602 (0x00a6cdb3) x27 0x8000000000000000
core   0: 0x0000000080004606 (0xf20a8053) fmv.d.x ft0, s5
core   0: 1 0x0000000080004606 (0xf20a8053) f0  0x00000000004045a0
core   0: 0x000000008000460a (0x407703bb) subw    t2, a4, t2
core   0: 1 0x000000008000460a (0x407703bb) x7  0xffffffff803f9c71
core   0: 0x000000008000460e (0x01f5951b) slliw   a0, a1, 31
core   0: 1 0x000000008000460e (0x01f5951b) x10 0xffffffff80000000
core   0: 0x0000000080004612 (0x01e7d71b) srliw   a4, a5, 30
core   0: 1 0x0000000080004612 (0x01e7d71b) x14 0x0000000000000002
core   0: 0x0000000080004616 (0x02a7fbbb) remuw   s7, a5, a0
core   0: 1 0x0000000080004616 (0x02a7fbbb) x23 0x00000000000045a2
core   0: 0x000000008000461a (0x00000e9e) c.slli  t4, 7
core   0: 1 0x000000008000461a (0x0e9e) x29 0x0000000000040000
core   0: 0x000000008000461c (0x22ea0fd3) fsgnj.d ft11, fs4, fa4
core   0: 1 0x000000008000461c (0x22ea0fd3) f31 0x4031000000000000
core   0: 0x0000000080004620 (0x41aed913) srai    s2, t4, 26
core   0: 1 0x0000000080004620 (0x41aed913) x18 0x0000000000000000
core   0: 0x0000000080004624 (0x414ed9b3) sra     s3, t4, s4
core   0: 1 0x0000000080004624 (0x414ed9b3) x19 0x0000000000040000
core   0: 0x0000000080004628 (0x4003dc1b) sraiw   s8, t2, 0
core   0: 1 0x0000000080004628 (0x4003dc1b) x24 0xffffffff803f9c71
core   0: 0x000000008000462c (0x40715133) sra     sp, sp, t2
core   0: 1 0x000000008000462c (0x40715133) x2  0x0000000000000000
core   0: 0x0000000080004630 (0x007546b7) lui     a3, 0x754
core   0: 1 0x0000000080004630 (0x007546b7) x13 0x0000000000754000
core   0: 0x0000000080004634 (0x1d36869b) addiw   a3, a3, 467
core   0: 1 0x0000000080004634 (0x1d36869b) x13 0x00000000007541d3
core   0: 0x0000000080004638 (0x000006be) c.slli  a3, 15
core   0: 1 0x0000000080004638 (0x06be) x13 0x0000003aa0e98000
core   0: 0x000000008000463a (0xf0268693) addi    a3, a3, -254
core   0: 1 0x000000008000463a (0xf0268693) x13 0x0000003aa0e97f02
core   0: 0x000000008000463e (0x00a7593b) srlw    s2, a4, a0
core   0: 1 0x000000008000463e (0x00a7593b) x18 0x0000000000000002
core   0: 0x0000000080004642 (0x002026f3) csrrs   a3, frm, zero
core   0: 1 0x0000000080004642 (0x002026f3) x13 0x0000000000000000
core   0: 0x0000000080004646 (0x00000001) c.nop
core   0: 1 0x0000000080004646 (0x0001)
core   0: 0x0000000080004648 (0x013cd033) srl     zero, s9, s3
core   0: 1 0x0000000080004648 (0x013cd033)
core   0: 0x000000008000464c (0x00191673) csrrw   a2, fflags, s2
core   0: 1 0x000000008000464c (0x00191673) x12 0x0000000000000011 c1_fflags 0x0000000000000002
core   0: 0x0000000080004650 (0x1291f4d3) fmul.d  fs1, ft3, fs1
core   0: 1 0x0000000080004650 (0x1291f4d3) f9  0x7ff8000000000000
core   0: 0x0000000080004654 (0xc022f7d3) fcvt.l.s a5, ft5
core   0: 1 0x0000000080004654 (0xc022f7d3) c1_fflags 0x0000000000000012 x15 0x7fffffffffffffff
core   0: 0x0000000080004658 (0x3a1ff397) auipc   t2, 0x3a1ff
core   0: 1 0x0000000080004658 (0x3a1ff397) x7  0x00000000ba203658
core   0: 0x000000008000465c (0x1ad7fed3) fdiv.d  ft9, fa5, fa3
core   0: 1 0x000000008000465c (0x1ad7fed3) f29 0x7ff8000000000000
core   0: 0x0000000080004660 (0xc0317b53) fcvt.lu.s s6, ft2
core   0: 1 0x0000000080004660 (0xc0317b53) c1_fflags 0x0000000000000012 x22 0xffffffffffffffff
core   0: 0x0000000080004664 (0xffdc5137) lui     sp, 0xffdc5
core   0: 1 0x0000000080004664 (0xffdc5137) x2  0xffffffffffdc5000
core   0: 0x0000000080004668 (0x6ed1011b) addiw   sp, sp, 1773
core   0: 1 0x0000000080004668 (0x6ed1011b) x2  0xffffffffffdc56ed
core   0: 0x000000008000466c (0x00000142) c.slli  sp, 16
core   0: 1 0x000000008000466c (0x0142) x2  0xffffffdc56ed0000
core   0: 0x000000008000466e (0x6bf10113) addi    sp, sp, 1727
core   0: 1 0x000000008000466e (0x6bf10113) x2  0xffffffdc56ed06bf
core   0: 0x0000000080004672 (0x2a0118d3) fmax.d  fa7, ft2, ft0
core   0: 1 0x0000000080004672 (0x2a0118d3) f17 0x00000000004045a0
core   0: 0x0000000080004676 (0x02dccb33) div     s6, s9, a3
core   0: 1 0x0000000080004676 (0x02dccb33) x22 0xffffffffffffffff
core   0: 0x000000008000467a (0x0232deb3) divu    t4, t0, gp
core   0: 1 0x000000008000467a (0x0232deb3) x29 0x0000000000000000
core   0: 0x000000008000467e (0x0058563b) srlw    a2, a6, t0
core   0: 1 0x000000008000467e (0x0058563b) x12 0x0000000001d2413e
core   0: 0x0000000080004682 (0x0256f6bb) remuw   a3, a3, t0
core   0: 1 0x0000000080004682 (0x0256f6bb) x13 0x0000000000000000
core   0: 0x0000000080004686 (0x2a5e8353) fmin.d  ft6, ft9, ft5
core   0: 1 0x0000000080004686 (0x2a5e8353) f6  0x7ff8000000000000
core   0: 0x000000008000468a (0x035946b3) div     a3, s2, s5
core   0: 1 0x000000008000468a (0x035946b3) x13 0x0000000000000000
core   0: 0x000000008000468e (0x418e521b) sraiw   tp, t3, 24
core   0: 1 0x000000008000468e (0x418e521b) x4  0xffffffffffffffff
core   0: 0x0000000080004692 (0x8e86f113) andi    sp, a3, -1816
core   0: 1 0x0000000080004692 (0x8e86f113) x2  0x0000000000000000
core   0: 0x0000000080004696 (0xc0317853) fcvt.lu.s a6, ft2
core   0: 1 0x0000000080004696 (0xc0317853) c1_fflags 0x0000000000000012 x16 0xffffffffffffffff
core   0: 0x000000008000469a (0xfe3ca4b7) lui     s1, 0xfe3ca
core   0: 1 0x000000008000469a (0xfe3ca4b7) x9  0xfffffffffe3ca000
core   0: 0x000000008000469e (0xd794849b) addiw   s1, s1, -647
core   0: 1 0x000000008000469e (0xd794849b) x9  0xfffffffffe3c9d79
core   0: 0x00000000800046a2 (0x000004b2) c.slli  s1, 12
core   0: 1 0x00000000800046a2 (0x04b2) x9  0xffffffe3c9d79000
core   0: 0x00000000800046a4 (0x35e48493) addi    s1, s1, 862
core   0: 1 0x00000000800046a4 (0x35e48493) x9  0xffffffe3c9d7935e
core   0: 0x00000000800046a8 (0x01871493) slli    s1, a4, 24
core   0: 1 0x00000000800046a8 (0x01871493) x9  0x0000000002000000
core   0: 0x00000000800046ac (0x000d6d13) ori     s10, s10, 0
core   0: 1 0x00000000800046ac (0x000d6d13) x26 0x00000000800058b6
core   0: 0x00000000800046b0 (0xc236f153) fcvt.lu.d sp, fa3
core   0: 1 0x00000000800046b0 (0xc236f153) c1_fflags 0x0000000000000012 x2  0xffffffffffffffff
core   0: 0x00000000800046b4 (0x032ce933) rem     s2, s9, s2
core   0: 1 0x00000000800046b4 (0x032ce933) x18 0xffffffffffffffff
core   0: 0x00000000800046b8 (0x418d5793) srai    a5, s10, 24
core   0: 1 0x00000000800046b8 (0x418d5793) x15 0x0000000000000080
core   0: 0x00000000800046bc (0xd21d0253) fcvt.d.wu ft4, s10
core   0: 1 0x00000000800046bc (0xd21d0253) f4  0x41e0000b16c00000
core   0: 0x00000000800046c0 (0xa3130253) fle.d   tp, ft6, fa7
core   0: 1 0x00000000800046c0 (0xa3130253) c1_fflags 0x0000000000000012 x4  0x0000000000000000
core   0: 0x00000000800046c4 (0x00102673) csrrs   a2, fflags, zero
core   0: 1 0x00000000800046c4 (0x00102673) x12 0x0000000000000012
core   0: 0x00000000800046c8 (0xd2168f53) fcvt.d.wu ft10, a3
core   0: 1 0x00000000800046c8 (0xd2168f53) f30 0x0000000000000000
core   0: 0x00000000800046cc (0x00d510b3) sll     ra, a0, a3
core   0: 1 0x00000000800046cc (0x00d510b3) x1  0xffffffff80000000
core   0: 0x00000000800046d0 (0x233e1a53) fsgnjn.d fs4, ft8, fs3
core   0: 1 0x00000000800046d0 (0x233e1a53) f20 0x3ff0000000000000
core   0: 0x00000000800046d4 (0xa3250ed3) fle.d   t4, fa0, fs2
core   0: 1 0x00000000800046d4 (0xa3250ed3) c1_fflags 0x0000000000000012 x29 0x0000000000000000
core   0: 0x00000000800046d8 (0x024af0bb) remuw   ra, s5, tp
core   0: 1 0x00000000800046d8 (0x024af0bb) x1  0x00000000004045a0
core   0: 0x00000000800046dc (0x5347774b) fnmsub.d fa4, fa4, fs4, fa0
core   0: 1 0x00000000800046dc (0x5347774b) f14 0x7ff8000000000000
core   0: 0x00000000800046e0 (0x0ff0000f) fence   iorw,iorw
core   0: 1 0x00000000800046e0 (0x0ff0000f)
core   0: 0x00000000800046e4 (0x001d7793) andi    a5, s10, 1
core   0: 1 0x00000000800046e4 (0x001d7793) x15 0x0000000000000000
core   0: 0x00000000800046e8 (0xcea55d37) lui     s10, 0xcea55
core   0: 1 0x00000000800046e8 (0xcea55d37) x26 0xffffffffcea55000
core   0: 0x00000000800046ec (0x007154bb) srlw    s1, sp, t2
core   0: 1 0x00000000800046ec (0x007154bb) x9  0x00000000000000ff
core   0: 0x00000000800046f0 (0x4063553b) sraw    a0, t1, t1
core   0: 1 0x00000000800046f0 (0x4063553b) x10 0x0000000000000000
core   0: 0x00000000800046f4 (0x0140d0bb) srlw    ra, ra, s4
core   0: 1 0x00000000800046f4 (0x0140d0bb) x1  0x00000000004045a0
core   0: 0x00000000800046f8 (0x00221af3) csrrw   s5, frm, tp
core   0: 1 0x00000000800046f8 (0x00221af3) x21 0x0000000000000000 c2_frm 0x0000000000000000
core   0: 0x00000000800046fc (0x2ae700d3) fmin.d  ft1, fa4, fa4
core   0: 1 0x00000000800046fc (0x2ae700d3) f1  0x7ff8000000000000
core   0: 0x0000000080004700 (0x00000001) c.nop
core   0: 1 0x0000000080004700 (0x0001)
core   0: 0x0000000080004702 (0xf1407573) csrrci  a0, mhartid, 0
core   0: exception trap_illegal_instruction, epc 0x0000000080004702
core   0:           tval 0x00000000f1407573
core   0: >>>>  $xrv64i2p1_m2p0_a2p1_f2p2_d2p2_zicsr2p0_zifencei2p0_zmmul1p0_zba1p0_zbb1p0_zbc1p0_zbs1p0
core   0: 0x0000000080004000 (0x0080006f) j       pc + 0x8
core   0: 3 0x0000000080004000 (0x0080006f)
core   0: >>>>  mmode_exception_handler
core   0: 0x0000000080004008 (0x00002c17) auipc   s8, 0x2
core   0: 3 0x0000000080004008 (0x00002c17) x24 0x0000000080006008
core   0: 0x000000008000400c (0x03cc0c13) addi    s8, s8, 60
core   0: 3 0x000000008000400c (0x03cc0c13) x24 0x0000000080006044
core   0: 0x0000000080004010 (0x000c00e7) jalr    s8
core   0: 3 0x0000000080004010 (0x000c00e7) x1  0x0000000080004014
core   0: >>>>  any_handler
core   0: 0x0000000080006044 (0x341027f3) csrrs   a5, mepc, zero
core   0: 3 0x0000000080006044 (0x341027f3) x15 0x0000000080004702
core   0: 0x0000000080006048 (0x34202773) csrrs   a4, mcause, zero
core   0: 3 0x0000000080006048 (0x34202773) x14 0x0000000000000002
core   0: 0x000000008000604c (0x142026f3) csrrs   a3, scause, zero
core   0: 3 0x000000008000604c (0x142026f3) x13 0x0000000000000000
core   0: 0x0000000080006050 (0x30402673) csrrs   a2, mie, zero
core   0: 3 0x0000000080006050 (0x30402673) x12 0x0000000000000a00
core   0: 0x0000000080006054 (0x344025f3) csrrs   a1, mip, zero
core   0: 3 0x0000000080006054 (0x344025f3) x11 0x0000000000000080
core   0: 0x0000000080006058 (0x343025f3) csrrs   a1, mtval, zero
core   0: 3 0x0000000080006058 (0x343025f3) x11 0x00000000f1407573
core   0: 0x000000008000605c (0x14302573) csrrs   a0, stval, zero
core   0: 3 0x000000008000605c (0x14302573) x10 0x0000000080004014
core   0: 0x0000000080006060 (0xb02024f3) csrrs   s1, minstret, zero
core   0: 3 0x0000000080006060 (0xb02024f3) x9  0x0000000000000a11
core   0: 0x0000000080006064 (0x0000a811) c.j     pc + 20
core   0: 3 0x0000000080006064 (0xa811)
core   0: >>>>  mepc_4
core   0: 0x0000000080006078 (0x00000791) c.addi  a5, 4
core   0: 3 0x0000000080006078 (0x0791) x15 0x0000000080004706
core   0: 0x000000008000607a (0x34179073) csrrw   zero, mepc, a5
core   0: 3 0x000000008000607a (0x34179073) c833_mepc 0x0000000080004706
core   0: 0x000000008000607e (0x30200073) mret
core   0: 3 0x000000008000607e (0x30200073) c768_mstatus 0x8000000a00106080
core   0: 0x0000000080004706 (0x00865033) srl     zero, a2, s0
core   0: 1 0x0000000080004706 (0x00865033)
core   0: 0x000000008000470a (0x1b91fecf) fnmadd.d ft9, ft3, fs9, ft3
core   0: 1 0x000000008000470a (0x1b91fecf) f29 0x7ff8000000000000
core   0: 0x000000008000470e (0x02403233) mulhu   tp, zero, tp
core   0: 1 0x000000008000470e (0x02403233) x4  0x0000000000000000
core   0: 0x0000000080004712 (0xd220f853) fcvt.d.l fa6, ra
core   0: 1 0x0000000080004712 (0xd220f853) f16 0x41e0000802800000
core   0: 0x0000000080004716 (0x2b1d0753) fmin.d  fa4, fs10, fa7
core   0: 1 0x0000000080004716 (0x2b1d0753) f14 0x00000000004045a0
core   0: 0x000000008000471a (0x006ca333) slt     t1, s9, t1
core   0: 1 0x000000008000471a (0x006ca333) x6  0x0000000000000001
core   0: 0x000000008000471e (0x00000001) c.nop
core   0: 1 0x000000008000471e (0x0001)
core   0: 0x0000000080004720 (0x033dd63b) divuw   a2, s11, s3
core   0: 1 0x0000000080004720 (0x033dd63b) x12 0x0000000000000000
core   0: 0x0000000080004724 (0x41e6d59b) sraiw   a1, a3, 30
core   0: 1 0x0000000080004724 (0x41e6d59b) x11 0x0000000000000000
core   0: 0x0000000080004728 (0xc238fed3) fcvt.lu.d t4, fa7
core   0: 1 0x0000000080004728 (0xc238fed3) c1_fflags 0x0000000000000013 x29 0x0000000000000000
core   0: 0x000000008000472c (0x0086d43b) srlw    s0, a3, s0
core   0: 1 0x000000008000472c (0x0086d43b) x8  0x0000000000000000
core   0: 0x0000000080004730 (0x000dd9bb) srlw    s3, s11, zero
core   0: 1 0x0000000080004730 (0x000dd9bb) x19 0x0000000000000000
core   0: 0x0000000080004734 (0x02544db3) div     s11, s0, t0
core   0: 1 0x0000000080004734 (0x02544db3) x27 0x0000000000000000
core   0: 0x0000000080004738 (0x41318a3b) subw    s4, gp, s3
core   0: 1 0x0000000080004738 (0x41318a3b) x20 0x000000005c2f2001
core   0: 0x000000008000473c (0x1248f253) fmul.d  ft4, fa7, ft4
core   0: 1 0x000000008000473c (0x1248f253) f4  0x0020117322d03fe0
core   0: 0x0000000080004740 (0xc20d7553) fcvt.w.d a0, fs10
core   0: 1 0x0000000080004740 (0xc20d7553) c1_fflags 0x0000000000000013 x10 0x000000007fffffff
core   0: 0x0000000080004744 (0x01962233) slt     tp, a2, s9
core   0: 1 0x0000000080004744 (0x01962233) x4  0x0000000000000000
core   0: 0x0000000080004748 (0x000092fd) c.srli  a3, 63
core   0: 1 0x0000000080004748 (0x92fd) x13 0x0000000000000000
core   0: 0x000000008000474a (0xe20c0b53) fmv.x.d s6, fs8
core   0: 1 0x000000008000474a (0xe20c0b53) x22 0x41dfffeffb000000
core   0: 0x000000008000474e (0x0feb8293) addi    t0, s7, 254
core   0: 1 0x000000008000474e (0x0feb8293) x5  0x00000000000046a0
core   0: 0x0000000080004752 (0x02793d33) mulhu   s10, s2, t2
core   0: 1 0x0000000080004752 (0x02793d33) x26 0x00000000ba203657
core   0: 0x0000000080004756 (0x02867ab3) remu    s5, a2, s0
core   0: 1 0x0000000080004756 (0x02867ab3) x21 0x0000000000000000
core   0: 0x000000008000475a (0x5a0dfd53) fsqrt.d fs10, fs11
core   0: 1 0x000000008000475a (0x5a0dfd53) f26 0x7ff8000000000000
core   0: 0x000000008000475e (0x0262d533) divu    a0, t0, t1
core   0: 1 0x000000008000475e (0x0262d533) x10 0x00000000000046a0
core   0: 0x0000000080004762 (0x143861f3) csrrsi  gp, stval, 16
core   0: 1 0x0000000080004762 (0x143861f3) x3  0x0000000080004014 c323_stval 0x0000000080004014
core   0: 0x0000000080004766 (0x0243fa3b) remuw   s4, t2, tp
core   0: 1 0x0000000080004766 (0x0243fa3b) x20 0xffffffffba203658
core   0: 0x000000008000476a (0x01d0521b) srliw   tp, zero, 29
core   0: 1 0x000000008000476a (0x01d0521b) x4  0x0000000000000000
core   0: 0x000000008000476e (0x03d7f7b3) remu    a5, a5, t4
core   0: 1 0x000000008000476e (0x03d7f7b3) x15 0x0000000080004706
core   0: 0x0000000080004772 (0x404080bb) subw    ra, ra, tp
core   0: 1 0x0000000080004772 (0x404080bb) x1  0xffffffff80004014
core   0: 0x0000000080004776 (0x02495e3b) divuw   t3, s2, tp
core   0: 1 0x0000000080004776 (0x02495e3b) x28 0xffffffffffffffff
core   0: 0x000000008000477a (0xe20d8d53) fmv.x.d s10, fs11
core   0: 1 0x000000008000477a (0xe20d8d53) x26 0xffffffff00000000
core   0: 0x000000008000477e (0x037d9db3) mulh    s11, s11, s7
core   0: 1 0x000000008000477e (0x037d9db3) x27 0x0000000000000000
core   0: 0x0000000080004782 (0x00000001) c.nop
core   0: 1 0x0000000080004782 (0x0001)
core   0: 0x0000000080004784 (0x417bd133) sra     sp, s7, s7
core   0: 1 0x0000000080004784 (0x417bd133) x2  0x0000000000000000
core   0: 0x0000000080004788 (0x0131133b) sllw    t1, sp, s3
core   0: 1 0x0000000080004788 (0x0131133b) x6  0x0000000000000000
core   0: 0x000000008000478c (0x05f258b7) lui     a7, 0x5f25
core   0: 1 0x000000008000478c (0x05f258b7) x17 0x0000000005f25000
core   0: 0x0000000080004790 (0x71b8889b) addiw   a7, a7, 1819
core   0: 1 0x0000000080004790 (0x71b8889b) x17 0x0000000005f2571b
core   0: 0x0000000080004794 (0x000008b2) c.slli  a7, 12
core   0: 1 0x0000000080004794 (0x08b2) x17 0x0000005f2571b000
core   0: 0x0000000080004796 (0xc2188893) addi    a7, a7, -991
core   0: 1 0x0000000080004796 (0xc2188893) x17 0x0000005f2571ac21
core   0: 0x000000008000479a (0x420d8ad3) fcvt.d.s fs5, fs11
core   0: 1 0x000000008000479a (0x420d8ad3) f21 0x0000000000000000
core   0: 0x000000008000479e (0xf5e36213) ori     tp, t1, -162
core   0: 1 0x000000008000479e (0xf5e36213) x4  0xffffffffffffff5e
core   0: 0x00000000800047a2 (0x00422c33) slt     s8, tp, tp
core   0: 1 0x00000000800047a2 (0x00422c33) x24 0x0000000000000000
core   0: 0x00000000800047a6 (0x028852b3) divu    t0, a6, s0
core   0: 1 0x00000000800047a6 (0x028852b3) x5  0xffffffffffffffff
core   0: 0x00000000800047aa (0x14223273) csrrc   tp, scause, tp
core   0: 1 0x00000000800047aa (0x14223273) x4  0x0000000000000000 c322_scause 0x0000000000000000
core   0: 0x00000000800047ae (0xc011e1f3) csrrsi  gp, time, 3
core   0: exception trap_illegal_instruction, epc 0x00000000800047ae
core   0:           tval 0x00000000c011e1f3
core   0: >>>>  $xrv64i2p1_m2p0_a2p1_f2p2_d2p2_zicsr2p0_zifencei2p0_zmmul1p0_zba1p0_zbb1p0_zbc1p0_zbs1p0
core   0: 0x0000000080004000 (0x0080006f) j       pc + 0x8
core   0: 3 0x0000000080004000 (0x0080006f)
core   0: >>>>  mmode_exception_handler
core   0: 0x0000000080004008 (0x00002c17) auipc   s8, 0x2
core   0: 3 0x0000000080004008 (0x00002c17) x24 0x0000000080006008
core   0: 0x000000008000400c (0x03cc0c13) addi    s8, s8, 60
core   0: 3 0x000000008000400c (0x03cc0c13) x24 0x0000000080006044
core   0: 0x0000000080004010 (0x000c00e7) jalr    s8
core   0: 3 0x0000000080004010 (0x000c00e7) x1  0x0000000080004014
core   0: >>>>  any_handler
core   0: 0x0000000080006044 (0x341027f3) csrrs   a5, mepc, zero
core   0: 3 0x0000000080006044 (0x341027f3) x15 0x00000000800047ae
core   0: 0x0000000080006048 (0x34202773) csrrs   a4, mcause, zero
core   0: 3 0x0000000080006048 (0x34202773) x14 0x0000000000000002
core   0: 0x000000008000604c (0x142026f3) csrrs   a3, scause, zero
core   0: 3 0x000000008000604c (0x142026f3) x13 0x0000000000000000
core   0: 0x0000000080006050 (0x30402673) csrrs   a2, mie, zero
core   0: 3 0x0000000080006050 (0x30402673) x12 0x0000000000000a00
core   0: 0x0000000080006054 (0x344025f3) csrrs   a1, mip, zero
core   0: 3 0x0000000080006054 (0x344025f3) x11 0x0000000000000080
core   0: 0x0000000080006058 (0x343025f3) csrrs   a1, mtval, zero
core   0: 3 0x0000000080006058 (0x343025f3) x11 0x00000000c011e1f3
core   0: 0x000000008000605c (0x14302573) csrrs   a0, stval, zero
core   0: 3 0x000000008000605c (0x14302573) x10 0x0000000080004014
core   0: 0x0000000080006060 (0xb02024f3) csrrs   s1, minstret, zero
core   0: 3 0x0000000080006060 (0xb02024f3) x9  0x0000000000000a4d
core   0: 0x0000000080006064 (0x0000a811) c.j     pc + 20
core   0: 3 0x0000000080006064 (0xa811)
core   0: >>>>  mepc_4
core   0: 0x0000000080006078 (0x00000791) c.addi  a5, 4
core   0: 3 0x0000000080006078 (0x0791) x15 0x00000000800047b2
core   0: 0x000000008000607a (0x34179073) csrrw   zero, mepc, a5
core   0: 3 0x000000008000607a (0x34179073) c833_mepc 0x00000000800047b2
core   0: 0x000000008000607e (0x30200073) mret
core   0: 3 0x000000008000607e (0x30200073) c768_mstatus 0x8000000a00106080
core   0: 0x00000000800047b2 (0x236b0a53) fsgnj.d fs4, fs6, fs6
core   0: 1 0x00000000800047b2 (0x236b0a53) f20 0x7ff8000000000000
core   0: 0x00000000800047b6 (0x00202473) csrrs   s0, frm, zero
core   0: 1 0x00000000800047b6 (0x00202473) x8  0x0000000000000000
core   0: 0x00000000800047ba (0x403a8233) sub     tp, s5, gp
core   0: 1 0x00000000800047ba (0x403a8233) x4  0xffffffff7fffbfec
core   0: 0x00000000800047be (0x008e5533) srl     a0, t3, s0
core   0: 1 0x00000000800047be (0x008e5533) x10 0xffffffffffffffff
core   0: 0x00000000800047c2 (0x407ed3b3) sra     t2, t4, t2
core   0: 1 0x00000000800047c2 (0x407ed3b3) x7  0x0000000000000000
core   0: 0x00000000800047c6 (0x5a087bd3) fsqrt.d fs7, fa6
core   0: 1 0x00000000800047c6 (0x5a087bd3) c1_fflags 0x0000000000000013 f23 0x40e6a0a4106aac56
core   0: 0x00000000800047ca (0x4f790193) addi    gp, s2, 1271
core   0: 1 0x00000000800047ca (0x4f790193) x3  0x00000000000004f6
core   0: 0x00000000800047ce (0x03b9543b) divuw   s0, s2, s11
core   0: 1 0x00000000800047ce (0x03b9543b) x8  0xffffffffffffffff
core   0: 0x00000000800047d2 (0x0001f513) andi    a0, gp, 0
core   0: 1 0x00000000800047d2 (0x0001f513) x10 0x0000000000000000
core   0: 0x00000000800047d6 (0x232820d3) fsgnjx.d ft1, fa6, fs2
core   0: 1 0x00000000800047d6 (0x232820d3) f1  0x41e0000802800000
core   0: 0x00000000800047da (0x00000001) c.nop
core   0: 1 0x00000000800047da (0x0001)
core   0: 0x00000000800047dc (0xd02e7053) fcvt.s.l ft0, t3
core   0: 1 0x00000000800047dc (0xd02e7053) f0  0xffffffffbf800000
core   0: 0x00000000800047e0 (0xc03076d3) fcvt.lu.s a3, ft0
core   0: 1 0x00000000800047e0 (0xc03076d3) c1_fflags 0x0000000000000013 x13 0x0000000000000000
core   0: 0x00000000800047e4 (0x00246c33) or      s8, s0, sp
core   0: 1 0x00000000800047e4 (0x00246c33) x24 0xffffffffffffffff
core   0: 0x00000000800047e8 (0x13d47ed3) fmul.d  ft9, fs0, ft9
core   0: 1 0x00000000800047e8 (0x13d47ed3) f29 0x7ff8000000000000
core   0: 0x00000000800047ec (0x00c0983b) sllw    a6, ra, a2
core   0: 1 0x00000000800047ec (0x00c0983b) x16 0xffffffff80004014
core   0: 0x00000000800047f0 (0x00f1d1b3) srl     gp, gp, a5
core   0: 1 0x00000000800047f0 (0x00f1d1b3) x3  0x0000000000000000
core   0: 0x00000000800047f4 (0x023bd53b) divuw   a0, s7, gp
core   0: 1 0x00000000800047f4 (0x023bd53b) x10 0xffffffffffffffff
core   0: 0x00000000800047f8 (0x02b7f7bb) remuw   a5, a5, a1
core   0: 1 0x00000000800047f8 (0x02b7f7bb) x15 0xffffffff800047b2
core   0: 0x00000000800047fc (0x00ab0db3) add     s11, s6, a0
core   0: 1 0x00000000800047fc (0x00ab0db3) x27 0x41dfffeffaffffff
core   0: 0x0000000080004800 (0x0068deb3) srl     t4, a7, t1
core   0: 1 0x0000000080004800 (0x0068deb3) x29 0x0000005f2571ac21
core   0: 0x0000000080004804 (0x00dcee33) or      t3, s9, a3
core   0: 1 0x0000000080004804 (0x00dcee33) x28 0xfffffffffffffff1
core   0: 0x0000000080004808 (0x72f0774b) fnmsub.d fa4, ft0, fa5, fa4
core   0: 1 0x0000000080004808 (0x72f0774b) f14 0x7ff8000000000000
core   0: 0x000000008000480c (0x40137fd3) fcvt.s.d ft11, ft6
core   0: 1 0x000000008000480c (0x40137fd3) f31 0xffffffff7fc00000
core   0: 0x0000000080004810 (0x800d7d13) andi    s10, s10, -2048
core   0: 1 0x0000000080004810 (0x800d7d13) x26 0xffffffff00000000
core   0: 0x0000000080004814 (0x001d119b) slliw   gp, s10, 1
core   0: 1 0x0000000080004814 (0x001d119b) x3  0x0000000000000000
core   0: 0x0000000080004818 (0x0300753b) remuw   a0, zero, a6
core   0: 1 0x0000000080004818 (0x0300753b) x10 0x0000000000000000
core   0: 0x000000008000481c (0x1a52f2d3) fdiv.d  ft5, ft5, ft5
core   0: 1 0x000000008000481c (0x1a52f2d3) f5  0x7ff8000000000000
core   0: 0x0000000080004820 (0xd22576d3) fcvt.d.l fa3, a0
core   0: 1 0x0000000080004820 (0xd22576d3) f13 0x0000000000000000
core   0: 0x0000000080004824 (0x4011f5d3) fcvt.s.d fa1, ft3
core   0: 1 0x0000000080004824 (0x4011f5d3) f11 0xffffffff7fc00000
core   0: 0x0000000080004828 (0x0b7efed3) fsub.d  ft9, ft9, fs7
core   0: 1 0x0000000080004828 (0x0b7efed3) f29 0x7ff8000000000000
core   0: 0x000000008000482c (0x00a9abb3) slt     s7, s3, a0
core   0: 1 0x000000008000482c (0x00a9abb3) x23 0x0000000000000000
core   0: 0x0000000080004830 (0x4161833b) subw    t1, gp, s6
core   0: 1 0x0000000080004830 (0x4161833b) x6  0x0000000005000000
core   0: 0x0000000080004834 (0xc0227653) fcvt.l.s a2, ft4
core   0: 1 0x0000000080004834 (0xc0227653) c1_fflags 0x0000000000000013 x12 0x7fffffffffffffff
core   0: 0x0000000080004838 (0xd22d77d3) fcvt.d.l fa5, s10
core   0: 1 0x0000000080004838 (0xd22d77d3) f15 0xc1f0000000000000
core   0: 0x000000008000483c (0x00c383bb) addw    t2, t2, a2
core   0: 1 0x000000008000483c (0x00c383bb) x7  0xffffffffffffffff
core   0: 0x0000000080004840 (0x00b795bb) sllw    a1, a5, a1
core   0: 1 0x0000000080004840 (0x00b795bb) x11 0x000000003d900000
core   0: 0x0000000080004844 (0xfc06f4b7) lui     s1, 0xfc06f
core   0: 1 0x0000000080004844 (0xfc06f4b7) x9  0xfffffffffc06f000
core   0: 0x0000000080004848 (0x4054849b) addiw   s1, s1, 1029
core   0: 1 0x0000000080004848 (0x4054849b) x9  0xfffffffffc06f405
core   0: 0x000000008000484c (0x000004b6) c.slli  s1, 13
core   0: 1 0x000000008000484c (0x04b6) x9  0xffffff80de80a000
core   0: 0x000000008000484e (0x1c048493) addi    s1, s1, 448
core   0: 1 0x000000008000484e (0x1c048493) x9  0xffffff80de80a1c0
core   0: 0x0000000080004852 (0x1240f053) fmul.d  ft0, ft1, ft4
core   0: 1 0x0000000080004852 (0x1240f053) c1_fflags 0x0000000000000013 f0  0x0210117b2e0c8b46
core   0: 0x0000000080004856 (0x4004d71b) sraiw   a4, s1, 0
core   0: 1 0x0000000080004856 (0x4004d71b) x14 0xffffffffde80a1c0
core   0: 0x000000008000485a (0x40b1da3b) sraw    s4, gp, a1
core   0: 1 0x000000008000485a (0x40b1da3b) x20 0x0000000000000000
core   0: 0x000000008000485e (0xc020f453) fcvt.l.s s0, ft1
core   0: 1 0x000000008000485e (0xc020f453) c1_fflags 0x0000000000000013 x8  0x7fffffffffffffff
core   0: 0x0000000080004862 (0x34041373) csrrw   t1, mscratch, s0
core   0: exception trap_illegal_instruction, epc 0x0000000080004862
core   0:           tval 0x0000000034041373
core   0: >>>>  $xrv64i2p1_m2p0_a2p1_f2p2_d2p2_zicsr2p0_zifencei2p0_zmmul1p0_zba1p0_zbb1p0_zbc1p0_zbs1p0
core   0: 0x0000000080004000 (0x0080006f) j       pc + 0x8
core   0: 3 0x0000000080004000 (0x0080006f)
core   0: >>>>  mmode_exception_handler
core   0: 0x0000000080004008 (0x00002c17) auipc   s8, 0x2
core   0: 3 0x0000000080004008 (0x00002c17) x24 0x0000000080006008
core   0: 0x000000008000400c (0x03cc0c13) addi    s8, s8, 60
core   0: 3 0x000000008000400c (0x03cc0c13) x24 0x0000000080006044
core   0: 0x0000000080004010 (0x000c00e7) jalr    s8
core   0: 3 0x0000000080004010 (0x000c00e7) x1  0x0000000080004014
core   0: >>>>  any_handler
core   0: 0x0000000080006044 (0x341027f3) csrrs   a5, mepc, zero
core   0: 3 0x0000000080006044 (0x341027f3) x15 0x0000000080004862
core   0: 0x0000000080006048 (0x34202773) csrrs   a4, mcause, zero
core   0: 3 0x0000000080006048 (0x34202773) x14 0x0000000000000002
core   0: 0x000000008000604c (0x142026f3) csrrs   a3, scause, zero
core   0: 3 0x000000008000604c (0x142026f3) x13 0x0000000000000000
core   0: 0x0000000080006050 (0x30402673) csrrs   a2, mie, zero
core   0: 3 0x0000000080006050 (0x30402673) x12 0x0000000000000a00
core   0: 0x0000000080006054 (0x344025f3) csrrs   a1, mip, zero
core   0: 3 0x0000000080006054 (0x344025f3) x11 0x0000000000000080
core   0: 0x0000000080006058 (0x343025f3) csrrs   a1, mtval, zero
core   0: 3 0x0000000080006058 (0x343025f3) x11 0x0000000034041373
core   0: 0x000000008000605c (0x14302573) csrrs   a0, stval, zero
core   0: 3 0x000000008000605c (0x14302573) x10 0x0000000080004014
core   0: 0x0000000080006060 (0xb02024f3) csrrs   s1, minstret, zero
core   0: 3 0x0000000080006060 (0xb02024f3) x9  0x0000000000000a8a
core   0: 0x0000000080006064 (0x0000a811) c.j     pc + 20
core   0: 3 0x0000000080006064 (0xa811)
core   0: >>>>  mepc_4
core   0: 0x0000000080006078 (0x00000791) c.addi  a5, 4
core   0: 3 0x0000000080006078 (0x0791) x15 0x0000000080004866
core   0: 0x000000008000607a (0x34179073) csrrw   zero, mepc, a5
core   0: 3 0x000000008000607a (0x34179073) c833_mepc 0x0000000080004866
core   0: 0x000000008000607e (0x30200073) mret
core   0: 3 0x000000008000607e (0x30200073) c768_mstatus 0x8000000a00106080
core   0: 0x0000000080004866 (0x83458717) auipc   a4, 0x83458
core   0: 1 0x0000000080004866 (0x83458717) x14 0x000000000345c866
core   0: 0x000000008000486a (0x03627b4b) fnmsub.d fs6, ft4, fs6, ft0
core   0: 1 0x000000008000486a (0x03627b4b) f22 0x7ff8000000000000
core   0: 0x000000008000486e (0xc220fed3) fcvt.l.d t4, ft1
core   0: 1 0x000000008000486e (0xc220fed3) x29 0x0000000080004014
core   0: 0x0000000080004872 (0x78a88193) addi    gp, a7, 1930
core   0: 1 0x0000000080004872 (0x78a88193) x3  0x0000005f2571b3ab
core   0: 0x0000000080004876 (0x403c5c3b) sraw    s8, s8, gp
core   0: 1 0x0000000080004876 (0x403c5c3b) x24 0xfffffffffff0000c
core   0: 0x000000008000487a (0x00105e9b) srliw   t4, zero, 1
core   0: 1 0x000000008000487a (0x00105e9b) x29 0x0000000000000000
core   0: 0x000000008000487e (0xd03bf3d3) fcvt.s.lu ft7, s7
core   0: 1 0x000000008000487e (0xd03bf3d3) f7  0xffffffff00000000
core   0: 0x0000000080004882 (0x22a2a2d3) fsgnjx.d ft5, ft5, fa0
core   0: 1 0x0000000080004882 (0x22a2a2d3) f5  0xfff8000000000000
core   0: 0x0000000080004886 (0x022878d3) fadd.d  fa7, fa6, ft2
core   0: 1 0x0000000080004886 (0x022878d3) f17 0x7ff8000000000000
core   0: 0x000000008000488a (0x00f2d4bb) srlw    s1, t0, a5
core   0: 1 0x000000008000488a (0x00f2d4bb) x9  0x0000000003ffffff
core   0: 0x000000008000488e (0x62c458b7) lui     a7, 0x62c45
core   0: 1 0x000000008000488e (0x62c458b7) x17 0x0000000062c45000
core   0: 0x0000000080004892 (0x303054f3) csrrwi  s1, mideleg, 0
core   0: exception trap_illegal_instruction, epc 0x0000000080004892
core   0:           tval 0x00000000303054f3
core   0: >>>>  $xrv64i2p1_m2p0_a2p1_f2p2_d2p2_zicsr2p0_zifencei2p0_zmmul1p0_zba1p0_zbb1p0_zbc1p0_zbs1p0
core   0: 0x0000000080004000 (0x0080006f) j       pc + 0x8
core   0: 3 0x0000000080004000 (0x0080006f)
core   0: >>>>  mmode_exception_handler
core   0: 0x0000000080004008 (0x00002c17) auipc   s8, 0x2
core   0: 3 0x0000000080004008 (0x00002c17) x24 0x0000000080006008
core   0: 0x000000008000400c (0x03cc0c13) addi    s8, s8, 60
core   0: 3 0x000000008000400c (0x03cc0c13) x24 0x0000000080006044
core   0: 0x0000000080004010 (0x000c00e7) jalr    s8
core   0: 3 0x0000000080004010 (0x000c00e7) x1  0x0000000080004014
core   0: >>>>  any_handler
core   0: 0x0000000080006044 (0x341027f3) csrrs   a5, mepc, zero
core   0: 3 0x0000000080006044 (0x341027f3) x15 0x0000000080004892
core   0: 0x0000000080006048 (0x34202773) csrrs   a4, mcause, zero
core   0: 3 0x0000000080006048 (0x34202773) x14 0x0000000000000002
core   0: 0x000000008000604c (0x142026f3) csrrs   a3, scause, zero
core   0: 3 0x000000008000604c (0x142026f3) x13 0x0000000000000000
core   0: 0x0000000080006050 (0x30402673) csrrs   a2, mie, zero
core   0: 3 0x0000000080006050 (0x30402673) x12 0x0000000000000a00
core   0: 0x0000000080006054 (0x344025f3) csrrs   a1, mip, zero
core   0: 3 0x0000000080006054 (0x344025f3) x11 0x0000000000000080
core   0: 0x0000000080006058 (0x343025f3) csrrs   a1, mtval, zero
core   0: 3 0x0000000080006058 (0x343025f3) x11 0x00000000303054f3
core   0: 0x000000008000605c (0x14302573) csrrs   a0, stval, zero
core   0: 3 0x000000008000605c (0x14302573) x10 0x0000000080004014
core   0: 0x0000000080006060 (0xb02024f3) csrrs   s1, minstret, zero
core   0: 3 0x0000000080006060 (0xb02024f3) x9  0x0000000000000aa5
core   0: 0x0000000080006064 (0x0000a811) c.j     pc + 20
core   0: 3 0x0000000080006064 (0xa811)
core   0: >>>>  mepc_4
core   0: 0x0000000080006078 (0x00000791) c.addi  a5, 4
core   0: 3 0x0000000080006078 (0x0791) x15 0x0000000080004896
core   0: 0x000000008000607a (0x34179073) csrrw   zero, mepc, a5
core   0: 3 0x000000008000607a (0x34179073) c833_mepc 0x0000000080004896
core   0: 0x000000008000607e (0x30200073) mret
core   0: 3 0x000000008000607e (0x30200073) c768_mstatus 0x8000000a00106080
core   0: 0x0000000080004896 (0x000b5b13) srli    s6, s6, 0
core   0: 1 0x0000000080004896 (0x000b5b13) x22 0x41dfffeffb000000
core   0: 0x000000008000489a (0xc2087dd3) fcvt.w.d s11, fa6
core   0: 1 0x000000008000489a (0xc2087dd3) c1_fflags 0x0000000000000013 x27 0x000000007fffffff
core   0: 0x000000008000489e (0x001ec593) xori    a1, t4, 1
core   0: 1 0x000000008000489e (0x001ec593) x11 0x0000000000000001
core   0: 0x00000000800048a2 (0x100d9373) csrrw   t1, sstatus, s11
core   0: 1 0x00000000800048a2 (0x100d9373) x6  0x8000000200006000 c768_mstatus 0x8000000a001c61a2
core   0: 0x00000000800048a6 (0x02a9d893) srli    a7, s3, 42
core   0: 1 0x00000000800048a6 (0x02a9d893) x17 0x0000000000000000
core   0: 0x00000000800048aa (0x0126a633) slt     a2, a3, s2
core   0: 1 0x00000000800048aa (0x0126a633) x12 0x0000000000000000
core   0: 0x00000000800048ae (0x41fad993) srai    s3, s5, 31
core   0: 1 0x00000000800048ae (0x41fad993) x19 0x0000000000000000
core   0: 0x00000000800048b2 (0x01081833) sll     a6, a6, a6
core   0: 1 0x00000000800048b2 (0x01081833) x16 0xfff8000401400000
core   0: 0x00000000800048b6 (0xd028f4d3) fcvt.s.l fs1, a7
core   0: 1 0x00000000800048b6 (0xd028f4d3) f9  0xffffffff00000000
core   0: 0x00000000800048ba (0x0388db3b) divuw   s6, a7, s8
core   0: 1 0x00000000800048ba (0x0388db3b) x22 0x0000000000000000
core   0: 0x00000000800048be (0xd22d7253) fcvt.d.l ft4, s10
core   0: 1 0x00000000800048be (0xd22d7253) f4  0xc1f0000000000000
core   0: 0x00000000800048c2 (0x411b5093) srai    ra, s6, 17
core   0: 1 0x00000000800048c2 (0x411b5093) x1  0x0000000000000000
core   0: 0x00000000800048c6 (0x01c67633) and     a2, a2, t3
core   0: 1 0x00000000800048c6 (0x01c67633) x12 0x0000000000000000
core   0: 0x00000000800048ca (0xc01babf3) csrrs   s7, time, s7
core   0: exception trap_illegal_instruction, epc 0x00000000800048ca
core   0:           tval 0x00000000c01babf3
core   0: >>>>  $xrv64i2p1_m2p0_a2p1_f2p2_d2p2_zicsr2p0_zifencei2p0_zmmul1p0_zba1p0_zbb1p0_zbc1p0_zbs1p0
core   0: 0x0000000080004000 (0x0080006f) j       pc + 0x8
core   0: 3 0x0000000080004000 (0x0080006f)
core   0: >>>>  mmode_exception_handler
core   0: 0x0000000080004008 (0x00002c17) auipc   s8, 0x2
core   0: 3 0x0000000080004008 (0x00002c17) x24 0x0000000080006008
core   0: 0x000000008000400c (0x03cc0c13) addi    s8, s8, 60
core   0: 3 0x000000008000400c (0x03cc0c13) x24 0x0000000080006044
core   0: 0x0000000080004010 (0x000c00e7) jalr    s8
core   0: 3 0x0000000080004010 (0x000c00e7) x1  0x0000000080004014
core   0: >>>>  any_handler
core   0: 0x0000000080006044 (0x341027f3) csrrs   a5, mepc, zero
core   0: 3 0x0000000080006044 (0x341027f3) x15 0x00000000800048ca
core   0: 0x0000000080006048 (0x34202773) csrrs   a4, mcause, zero
core   0: 3 0x0000000080006048 (0x34202773) x14 0x0000000000000002
core   0: 0x000000008000604c (0x142026f3) csrrs   a3, scause, zero
core   0: 3 0x000000008000604c (0x142026f3) x13 0x0000000000000000
core   0: 0x0000000080006050 (0x30402673) csrrs   a2, mie, zero
core   0: 3 0x0000000080006050 (0x30402673) x12 0x0000000000000a00
core   0: 0x0000000080006054 (0x344025f3) csrrs   a1, mip, zero
core   0: 3 0x0000000080006054 (0x344025f3) x11 0x0000000000000080
core   0: 0x0000000080006058 (0x343025f3) csrrs   a1, mtval, zero
core   0: 3 0x0000000080006058 (0x343025f3) x11 0x00000000c01babf3
core   0: 0x000000008000605c (0x14302573) csrrs   a0, stval, zero
core   0: 3 0x000000008000605c (0x14302573) x10 0x0000000080004014
core   0: 0x0000000080006060 (0xb02024f3) csrrs   s1, minstret, zero
core   0: 3 0x0000000080006060 (0xb02024f3) x9  0x0000000000000ac2
core   0: 0x0000000080006064 (0x0000a811) c.j     pc + 20
core   0: 3 0x0000000080006064 (0xa811)
core   0: >>>>  mepc_4
core   0: 0x0000000080006078 (0x00000791) c.addi  a5, 4
core   0: 3 0x0000000080006078 (0x0791) x15 0x00000000800048ce
core   0: 0x000000008000607a (0x34179073) csrrw   zero, mepc, a5
core   0: 3 0x000000008000607a (0x34179073) c833_mepc 0x00000000800048ce
core   0: 0x000000008000607e (0x30200073) mret
core   0: 3 0x000000008000607e (0x30200073) c768_mstatus 0x8000000a001c61a2
core   0: 0x00000000800048ce (0x0004a4b3) slt     s1, s1, zero
core   0: 1 0x00000000800048ce (0x0004a4b3) x9  0x0000000000000000
core   0: 0x00000000800048d2 (0xc81eaaf3) csrrs   s5, timeh, t4
core   0: exception trap_illegal_instruction, epc 0x00000000800048d2
core   0:           tval 0x00000000c81eaaf3
core   0: >>>>  $xrv64i2p1_m2p0_a2p1_f2p2_d2p2_zicsr2p0_zifencei2p0_zmmul1p0_zba1p0_zbb1p0_zbc1p0_zbs1p0
core   0: 0x0000000080004000 (0x0080006f) j       pc + 0x8
core   0: 3 0x0000000080004000 (0x0080006f)
core   0: >>>>  mmode_exception_handler
core   0: 0x0000000080004008 (0x00002c17) auipc   s8, 0x2
core   0: 3 0x0000000080004008 (0x00002c17) x24 0x0000000080006008
core   0: 0x000000008000400c (0x03cc0c13) addi    s8, s8, 60
core   0: 3 0x000000008000400c (0x03cc0c13) x24 0x0000000080006044
core   0: 0x0000000080004010 (0x000c00e7) jalr    s8
core   0: 3 0x0000000080004010 (0x000c00e7) x1  0x0000000080004014
core   0: >>>>  any_handler
core   0: 0x0000000080006044 (0x341027f3) csrrs   a5, mepc, zero
core   0: 3 0x0000000080006044 (0x341027f3) x15 0x00000000800048d2
core   0: 0x0000000080006048 (0x34202773) csrrs   a4, mcause, zero
core   0: 3 0x0000000080006048 (0x34202773) x14 0x0000000000000002
core   0: 0x000000008000604c (0x142026f3) csrrs   a3, scause, zero
core   0: 3 0x000000008000604c (0x142026f3) x13 0x0000000000000000
core   0: 0x0000000080006050 (0x30402673) csrrs   a2, mie, zero
core   0: 3 0x0000000080006050 (0x30402673) x12 0x0000000000000a00
core   0: 0x0000000080006054 (0x344025f3) csrrs   a1, mip, zero
core   0: 3 0x0000000080006054 (0x344025f3) x11 0x0000000000000080
core   0: 0x0000000080006058 (0x343025f3) csrrs   a1, mtval, zero
core   0: 3 0x0000000080006058 (0x343025f3) x11 0x00000000c81eaaf3
core   0: 0x000000008000605c (0x14302573) csrrs   a0, stval, zero
core   0: 3 0x000000008000605c (0x14302573) x10 0x0000000080004014
core   0: 0x0000000080006060 (0xb02024f3) csrrs   s1, minstret, zero
core   0: 3 0x0000000080006060 (0xb02024f3) x9  0x0000000000000ad3
core   0: 0x0000000080006064 (0x0000a811) c.j     pc + 20
core   0: 3 0x0000000080006064 (0xa811)
core   0: >>>>  mepc_4
core   0: 0x0000000080006078 (0x00000791) c.addi  a5, 4
core   0: 3 0x0000000080006078 (0x0791) x15 0x00000000800048d6
core   0: 0x000000008000607a (0x34179073) csrrw   zero, mepc, a5
core   0: 3 0x000000008000607a (0x34179073) c833_mepc 0x00000000800048d6
core   0: 0x000000008000607e (0x30200073) mret
core   0: 3 0x000000008000607e (0x30200073) c768_mstatus 0x8000000a001c61a2
core   0: 0x00000000800048d6 (0x03f8d493) srli    s1, a7, 63
core   0: 1 0x00000000800048d6 (0x03f8d493) x9  0x0000000000000000
core   0: 0x00000000800048da (0x0ff0000f) fence   iorw,iorw
core   0: 1 0x00000000800048da (0x0ff0000f)
core   0: 0x00000000800048de (0x40bbd3b3) sra     t2, s7, a1
core   0: 1 0x00000000800048de (0x40bbd3b3) x7  0x0000000000000000
core   0: 0x00000000800048e2 (0x00e3923b) sllw    tp, t2, a4
core   0: 1 0x00000000800048e2 (0x00e3923b) x4  0x0000000000000000
core   0: 0x00000000800048e6 (0xd21b8ed3) fcvt.d.wu ft9, s7
core   0: 1 0x00000000800048e6 (0xd21b8ed3) f29 0x0000000000000000
core   0: 0x00000000800048ea (0x00c70cbb) addw    s9, a4, a2
core   0: 1 0x00000000800048ea (0x00c70cbb) x25 0x0000000000000a02
core   0: 0x00000000800048ee (0x140061f3) csrrsi  gp, sscratch, 0
core   0: 1 0x00000000800048ee (0x140061f3) x3  0x0000000000000000
core   0: 0x00000000800048f2 (0x2ab59853) fmax.d  fa6, fa1, fa1
core   0: 1 0x00000000800048f2 (0x2ab59853) f16 0x7ff8000000000000
core   0: 0x00000000800048f6 (0x00e2ccb3) xor     s9, t0, a4
core   0: 1 0x00000000800048f6 (0x00e2ccb3) x25 0xfffffffffffffffd
core   0: 0x00000000800048fa (0x00095b1b) srliw   s6, s2, 0
core   0: 1 0x00000000800048fa (0x00095b1b) x22 0xffffffffffffffff
core   0: 0x00000000800048fe (0x1b4cfd13) andi    s10, s9, 436
core   0: 1 0x00000000800048fe (0x1b4cfd13) x26 0x00000000000001b4
core   0: 0x0000000080004902 (0x22d68253) fsgnj.d ft4, fa3, fa3
core   0: 1 0x0000000080004902 (0x22d68253) f4  0x0000000000000000
core   0: 0x0000000080004906 (0x01d1fa33) and     s4, gp, t4
core   0: 1 0x0000000080004906 (0x01d1fa33) x20 0x0000000000000000
core   0: 0x000000008000490a (0x0bd4ff53) fsub.d  ft10, fs1, ft9
core   0: 1 0x000000008000490a (0x0bd4ff53) f30 0x7ff8000000000000
core   0: 0x000000008000490e (0x02807b53) fadd.d  fs6, ft0, fs0
core   0: 1 0x000000008000490e (0x02807b53) c1_fflags 0x0000000000000013 f22 0xc1dfffe7ef000000
core   0: 0x0000000080004912 (0x01c9a7b3) slt     a5, s3, t3
core   0: 1 0x0000000080004912 (0x01c9a7b3) x15 0x0000000000000000
core   0: 0x0000000080004916 (0x4002d89b) sraiw   a7, t0, 0
core   0: 1 0x0000000080004916 (0x4002d89b) x17 0xffffffffffffffff
core   0: 0x000000008000491a (0x03158e33) mul     t3, a1, a7
core   0: 1 0x000000008000491a (0x03158e33) x28 0xffffffff37e1550d
core   0: 0x000000008000491e (0x03a52533) mulhsu  a0, a0, s10
core   0: 1 0x000000008000491e (0x03a52533) x10 0x0000000000000000
core   0: 0x0000000080004922 (0x020b3d33) mulhu   s10, s6, zero
core   0: 1 0x0000000080004922 (0x020b3d33) x26 0x0000000000000000
core   0: 0x0000000080004926 (0x00ad8233) add     tp, s11, a0
core   0: 1 0x0000000080004926 (0x00ad8233) x4  0x000000007fffffff
core   0: 0x000000008000492a (0x1b41ffd3) fdiv.d  ft11, ft3, fs4
core   0: 1 0x000000008000492a (0x1b41ffd3) f31 0x7ff8000000000000
core   0: 0x000000008000492e (0x001026f3) csrrs   a3, fflags, zero
core   0: 1 0x000000008000492e (0x001026f3) x13 0x0000000000000013
core   0: 0x0000000080004932 (0x00a54233) xor     tp, a0, a0
core   0: 1 0x0000000080004932 (0x00a54233) x4  0x0000000000000000
core   0: 0x0000000080004936 (0x00000001) c.nop
core   0: 1 0x0000000080004936 (0x0001)
core   0: 0x0000000080004938 (0x419d57b3) sra     a5, s10, s9
core   0: 1 0x0000000080004938 (0x419d57b3) x15 0x0000000000000000
core   0: 0x000000008000493c (0x418985bb) subw    a1, s3, s8
core   0: 1 0x000000008000493c (0x418985bb) x11 0x000000007fff9fbc
core   0: 0x0000000080004940 (0x001d9e73) csrrw   t3, fflags, s11
core   0: 1 0x0000000080004940 (0x001d9e73) x28 0x0000000000000013 c1_fflags 0x000000000000001f
core   0: 0x0000000080004944 (0x41b8d89b) sraiw   a7, a7, 27
core   0: 1 0x0000000080004944 (0x41b8d89b) x17 0xffffffffffffffff
core   0: 0x0000000080004948 (0x05b92c37) lui     s8, 0x5b92
core   0: 1 0x0000000080004948 (0x05b92c37) x24 0x0000000005b92000
core   0: 0x000000008000494c (0x40dc0c1b) addiw   s8, s8, 1037
core   0: 1 0x000000008000494c (0x40dc0c1b) x24 0x0000000005b9240d
core   0: 0x0000000080004950 (0x00000c32) c.slli  s8, 12
core   0: 1 0x0000000080004950 (0x0c32) x24 0x0000005b9240d000
core   0: 0x0000000080004952 (0x140c0c13) addi    s8, s8, 320
core   0: 1 0x0000000080004952 (0x140c0c13) x24 0x0000005b9240d140
core   0: 0x0000000080004956 (0xd21d0ed3) fcvt.d.wu ft9, s10
core   0: 1 0x0000000080004956 (0xd21d0ed3) f29 0x0000000000000000
core   0: 0x000000008000495a (0xd3e37d47) fmsub.d fs10, ft6, ft10, fs10
core   0: 1 0x000000008000495a (0xd3e37d47) f26 0x7ff8000000000000
core   0: 0x000000008000495e (0x00231bf3) csrrw   s7, frm, t1
core   0: 1 0x000000008000495e (0x00231bf3) x23 0x0000000000000000 c2_frm 0x0000000000000000
core   0: 0x0000000080004962 (0x000ede9b) srliw   t4, t4, 0
core   0: 1 0x0000000080004962 (0x000ede9b) x29 0x0000000000000000
core   0: 0x0000000080004966 (0xd222fed3) fcvt.d.l ft9, t0
core   0: 1 0x0000000080004966 (0xd222fed3) f29 0xbff0000000000000
core   0: 0x000000008000496a (0x001798f3) csrrw   a7, fflags, a5
core   0: 1 0x000000008000496a (0x001798f3) x17 0x000000000000001f c1_fflags 0x0000000000000000
core   0: 0x000000008000496e (0x42058ad3) fcvt.d.s fs5, fa1
core   0: 1 0x000000008000496e (0x42058ad3) f21 0x7ff8000000000000
core   0: 0x0000000080004972 (0x00102c73) csrrs   s8, fflags, zero
core   0: 1 0x0000000080004972 (0x00102c73) x24 0x0000000000000000
core   0: 0x0000000080004976 (0x02d70333) mul     t1, a4, a3
core   0: 1 0x0000000080004976 (0x02d70333) x6  0x0000000000000026
core   0: 0x000000008000497a (0x007fa4b7) lui     s1, 0x7fa
core   0: 1 0x000000008000497a (0x007fa4b7) x9  0x00000000007fa000
core   0: 0x000000008000497e (0xd634849b) addiw   s1, s1, -669
core   0: 1 0x000000008000497e (0xd634849b) x9  0x00000000007f9d63
core   0: 0x0000000080004982 (0x000004ba) c.slli  s1, 14
core   0: 1 0x0000000080004982 (0x04ba) x9  0x0000001fe758c000
core   0: 0x0000000080004984 (0x9dc48493) addi    s1, s1, -1572
core   0: 1 0x0000000080004984 (0x9dc48493) x9  0x0000001fe758b9dc
core   0: 0x0000000080004988 (0x2b3719d3) fmax.d  fs3, fa4, fs3
core   0: 1 0x0000000080004988 (0x2b3719d3) f19 0x7ff8000000000000
core   0: 0x000000008000498c (0x401e5b9b) sraiw   s7, t3, 1
core   0: 1 0x000000008000498c (0x401e5b9b) x23 0x0000000000000009
core   0: 0x0000000080004990 (0xc02af1d3) fcvt.l.s gp, fs5
core   0: 1 0x0000000080004990 (0xc02af1d3) c1_fflags 0x0000000000000010 x3  0x7fffffffffffffff
core   0: 0x0000000080004994 (0x01470bbb) addw    s7, a4, s4
core   0: 1 0x0000000080004994 (0x01470bbb) x23 0x0000000000000002
core   0: 0x0000000080004998 (0xd020ff53) fcvt.s.l ft10, ra
core   0: 1 0x0000000080004998 (0xd020ff53) c1_fflags 0x0000000000000011 f30 0xffffffff4f000040
core   0: 0x000000008000499c (0x020a0b33) mul     s6, s4, zero
core   0: 1 0x000000008000499c (0x020a0b33) x22 0x0000000000000000
core   0: 0x00000000800049a0 (0x010450bb) srlw    ra, s0, a6
core   0: 1 0x00000000800049a0 (0x010450bb) x1  0xffffffffffffffff
core   0: 0x00000000800049a4 (0x03036db3) rem     s11, t1, a6
core   0: 1 0x00000000800049a4 (0x03036db3) x27 0x0000000000000026
core   0: 0x00000000800049a8 (0x0312c233) div     tp, t0, a7
core   0: 1 0x00000000800049a8 (0x0312c233) x4  0x0000000000000000
core   0: 0x00000000800049ac (0x32737ccf) fnmadd.d fs9, ft6, ft7, ft6
core   0: 1 0x00000000800049ac (0x32737ccf) f25 0x7ff8000000000000
core   0: 0x00000000800049b0 (0x00e66a37) lui     s4, 0xe66
core   0: 1 0x00000000800049b0 (0x00e66a37) x20 0x0000000000e66000
core   0: 0x00000000800049b4 (0x4d5a0a1b) addiw   s4, s4, 1237
core   0: 1 0x00000000800049b4 (0x4d5a0a1b) x20 0x0000000000e664d5
core   0: 0x00000000800049b8 (0x00000a3e) c.slli  s4, 15
core   0: 1 0x00000000800049b8 (0x0a3e) x20 0x00000073326a8000
core   0: 0x00000000800049ba (0xa26a0a13) addi    s4, s4, -1498
core   0: 1 0x00000000800049ba (0xa26a0a13) x20 0x00000073326a7a26
core   0: 0x00000000800049be (0xc02a73d3) fcvt.l.s t2, fs4
core   0: 1 0x00000000800049be (0xc02a73d3) c1_fflags 0x0000000000000011 x7  0x7fffffffffffffff
core   0: 0x00000000800049c2 (0x40665a1b) sraiw   s4, a2, 6
core   0: 1 0x00000000800049c2 (0x40665a1b) x20 0x0000000000000028
core   0: 0x00000000800049c6 (0x104fe073) csrrsi  zero, sie, 31
core   0: 1 0x00000000800049c6 (0x104fe073) c772_mie 0x0000000000000a00
core   0: 0x00000000800049ca (0x00098a33) add     s4, s3, zero
core   0: 1 0x00000000800049ca (0x00098a33) x20 0x0000000000000000
core   0: 0x00000000800049ce (0x010884b3) add     s1, a7, a6
core   0: 1 0x00000000800049ce (0x010884b3) x9  0xfff800040140001f
core   0: 0x00000000800049d2 (0x0002d09b) srliw   ra, t0, 0
core   0: 1 0x00000000800049d2 (0x0002d09b) x1  0xffffffffffffffff
core   0: 0x00000000800049d6 (0x001495bb) sllw    a1, s1, ra
core   0: 1 0x00000000800049d6 (0x001495bb) x11 0xffffffff80000000
core   0: 0x00000000800049da (0x40268233) sub     tp, a3, sp
core   0: 1 0x00000000800049da (0x40268233) x4  0x0000000000000013
core   0: 0x00000000800049de (0x42028bd3) fcvt.d.s fs7, ft5
core   0: 1 0x00000000800049de (0x42028bd3) f23 0x7ff8000000000000
core   0: 0x00000000800049e2 (0xc020f953) fcvt.l.s s2, ft1
core   0: 1 0x00000000800049e2 (0xc020f953) c1_fflags 0x0000000000000011 x18 0x7fffffffffffffff
core   0: 0x00000000800049e6 (0xbf71809b) addiw   ra, gp, -1033
core   0: 1 0x00000000800049e6 (0xbf71809b) x1  0xfffffffffffffbf6
core   0: 0x00000000800049ea (0x342e1bf3) csrrw   s7, mcause, t3
core   0: exception trap_illegal_instruction, epc 0x00000000800049ea
core   0:           tval 0x00000000342e1bf3
core   0: >>>>  $xrv64i2p1_m2p0_a2p1_f2p2_d2p2_zicsr2p0_zifencei2p0_zmmul1p0_zba1p0_zbb1p0_zbc1p0_zbs1p0
core   0: 0x0000000080004000 (0x0080006f) j       pc + 0x8
core   0: 3 0x0000000080004000 (0x0080006f)
core   0: >>>>  mmode_exception_handler
core   0: 0x0000000080004008 (0x00002c17) auipc   s8, 0x2
core   0: 3 0x0000000080004008 (0x00002c17) x24 0x0000000080006008
core   0: 0x000000008000400c (0x03cc0c13) addi    s8, s8, 60
core   0: 3 0x000000008000400c (0x03cc0c13) x24 0x0000000080006044
core   0: 0x0000000080004010 (0x000c00e7) jalr    s8
core   0: 3 0x0000000080004010 (0x000c00e7) x1  0x0000000080004014
core   0: >>>>  any_handler
core   0: 0x0000000080006044 (0x341027f3) csrrs   a5, mepc, zero
core   0: 3 0x0000000080006044 (0x341027f3) x15 0x00000000800049ea
core   0: 0x0000000080006048 (0x34202773) csrrs   a4, mcause, zero
core   0: 3 0x0000000080006048 (0x34202773) x14 0x0000000000000002
core   0: 0x000000008000604c (0x142026f3) csrrs   a3, scause, zero
core   0: 3 0x000000008000604c (0x142026f3) x13 0x0000000000000000
core   0: 0x0000000080006050 (0x30402673) csrrs   a2, mie, zero
core   0: 3 0x0000000080006050 (0x30402673) x12 0x0000000000000a00
core   0: 0x0000000080006054 (0x344025f3) csrrs   a1, mip, zero
core   0: 3 0x0000000080006054 (0x344025f3) x11 0x0000000000000080
core   0: 0x0000000080006058 (0x343025f3) csrrs   a1, mtval, zero
core   0: 3 0x0000000080006058 (0x343025f3) x11 0x00000000342e1bf3
core   0: 0x000000008000605c (0x14302573) csrrs   a0, stval, zero
core   0: 3 0x000000008000605c (0x14302573) x10 0x0000000080004014
core   0: 0x0000000080006060 (0xb02024f3) csrrs   s1, minstret, zero
core   0: 3 0x0000000080006060 (0xb02024f3) x9  0x0000000000000b2a
core   0: 0x0000000080006064 (0x0000a811) c.j     pc + 20
core   0: 3 0x0000000080006064 (0xa811)
core   0: >>>>  mepc_4
core   0: 0x0000000080006078 (0x00000791) c.addi  a5, 4
core   0: 3 0x0000000080006078 (0x0791) x15 0x00000000800049ee
core   0: 0x000000008000607a (0x34179073) csrrw   zero, mepc, a5
core   0: 3 0x000000008000607a (0x34179073) c833_mepc 0x00000000800049ee
core   0: 0x000000008000607e (0x30200073) mret
core   0: 3 0x000000008000607e (0x30200073) c768_mstatus 0x8000000a001c61a2
core   0: 0x00000000800049ee (0xc222fbd3) fcvt.l.d s7, ft5
core   0: 1 0x00000000800049ee (0xc222fbd3) c1_fflags 0x0000000000000011 x23 0x7fffffffffffffff
core   0: 0x00000000800049f2 (0x00000001) c.nop
core   0: 1 0x00000000800049f2 (0x0001)
core   0: 0x00000000800049f4 (0x417188bb) subw    a7, gp, s7
core   0: 1 0x00000000800049f4 (0x417188bb) x17 0x0000000000000000
core   0: 0x00000000800049f8 (0x420086d3) fcvt.d.s fa3, ft1
core   0: 1 0x00000000800049f8 (0x420086d3) f13 0x7ff8000000000000
core   0: 0x00000000800049fc (0x075403b7) lui     t2, 0x7540
core   0: 1 0x00000000800049fc (0x075403b7) x7  0x0000000007540000
core   0: 0x0000000080004a00 (0x0713839b) addiw   t2, t2, 113
core   0: 1 0x0000000080004a00 (0x0713839b) x7  0x0000000007540071
core   0: 0x0000000080004a04 (0x000003b2) c.slli  t2, 12
core   0: 1 0x0000000080004a04 (0x03b2) x7  0x0000007540071000
core   0: 0x0000000080004a06 (0x1bb38393) addi    t2, t2, 443
core   0: 1 0x0000000080004a06 (0x1bb38393) x7  0x00000075400711bb
core   0: 0x0000000080004a0a (0x40197953) fcvt.s.d fs2, fs2
core   0: 1 0x0000000080004a0a (0x40197953) f18 0xffffffff7fc00000
core   0: 0x0000000080004a0e (0x01f3959b) slliw   a1, t2, 31
core   0: 1 0x0000000080004a0e (0x01f3959b) x11 0xffffffff80000000
core   0: 0x0000000080004a12 (0xcd031097) auipc   ra, 0xcd031
core   0: 1 0x0000000080004a12 (0xcd031097) x1  0x000000004d035a12
core   0: 0x0000000080004a16 (0xa27d1653) flt.d   a2, fs10, ft7
core   0: 1 0x0000000080004a16 (0xa27d1653) c1_fflags 0x0000000000000011 x12 0x0000000000000000
core   0: 0x0000000080004a1a (0xe20a0653) fmv.x.d a2, fs4
core   0: 1 0x0000000080004a1a (0xe20a0653) x12 0x7ff8000000000000
core   0: 0x0000000080004a1e (0x02c5c33b) divw    t1, a1, a2
core   0: 1 0x0000000080004a1e (0x02c5c33b) x6  0xffffffffffffffff
core   0: 0x0000000080004a22 (0x0280a033) mulhsu  zero, ra, s0
core   0: 1 0x0000000080004a22 (0x0280a033)
core   0: 0x0000000080004a26 (0xf7ee3a97) auipc   s5, 0xf7ee3
core   0: 1 0x0000000080004a26 (0xf7ee3a97) x21 0x0000000077ee7a26
core   0: 0x0000000080004a2a (0x4ab4019b) addiw   gp, s0, 1195
core   0: 1 0x0000000080004a2a (0x4ab4019b) x3  0x00000000000004aa
core   0: 0x0000000080004a2e (0x7ff9fe93) andi    t4, s3, 2047
core   0: 1 0x0000000080004a2e (0x7ff9fe93) x29 0x0000000000000000
core   0: 0x0000000080004a32 (0xc21d70d3) fcvt.wu.d ra, fs10
core   0: 1 0x0000000080004a32 (0xc21d70d3) c1_fflags 0x0000000000000011 x1  0xffffffffffffffff
core   0: 0x0000000080004a36 (0x3149d3b7) lui     t2, 0x3149d
core   0: 1 0x0000000080004a36 (0x3149d3b7) x7  0x000000003149d000
core   0: 0x0000000080004a3a (0x19aabd17) auipc   s10, 0x19aab
core   0: 1 0x0000000080004a3a (0x19aabd17) x26 0x0000000099aafa3a
core   0: 0x0000000080004a3e (0x407b03b3) sub     t2, s6, t2
core   0: 1 0x0000000080004a3e (0x407b03b3) x7  0xffffffffceb63000
core   0: 0x0000000080004a42 (0x06792e37) lui     t3, 0x6792
core   0: 1 0x0000000080004a42 (0x06792e37) x28 0x0000000006792000
core   0: 0x0000000080004a46 (0xb23e0e1b) addiw   t3, t3, -1245
core   0: 1 0x0000000080004a46 (0xb23e0e1b) x28 0x0000000006791b23
core   0: 0x0000000080004a4a (0x00000e32) c.slli  t3, 12
core   0: 1 0x0000000080004a4a (0x0e32) x28 0x0000006791b23000
core   0: 0x0000000080004a4c (0xe26e0e13) addi    t3, t3, -474
core   0: 1 0x0000000080004a4c (0xe26e0e13) x28 0x0000006791b22e26
core   0: 0x0000000080004a50 (0x028ad43b) divuw   s0, s5, s0
core   0: 1 0x0000000080004a50 (0x028ad43b) x8  0x0000000000000000
core   0: 0x0000000080004a54 (0x23290253) fsgnj.d ft4, fs2, fs2
core   0: 1 0x0000000080004a54 (0x23290253) f4  0xffffffff7fc00000
core   0: 0x0000000080004a58 (0x52ad73cb) fnmsub.d ft7, fs10, fa0, fa0
core   0: 1 0x0000000080004a58 (0x52ad73cb) f7  0x7ff8000000000000
core   0: 0x0000000080004a5c (0x0118d8b3) srl     a7, a7, a7
core   0: 1 0x0000000080004a5c (0x0118d8b3) x17 0x0000000000000000
core   0: 0x0000000080004a60 (0x0ff0000f) fence   iorw,iorw
core   0: 1 0x0000000080004a60 (0x0ff0000f)
core   0: 0x0000000080004a64 (0xc033f853) fcvt.lu.s a6, ft7
core   0: 1 0x0000000080004a64 (0xc033f853) c1_fflags 0x0000000000000011 x16 0xffffffffffffffff
core   0: 0x0000000080004a68 (0xc0347653) fcvt.lu.s a2, fs0
core   0: 1 0x0000000080004a68 (0xc0347653) c1_fflags 0x0000000000000011 x12 0xffffffffffffffff
core   0: 0x0000000080004a6c (0x222e1e53) fsgnjn.d ft8, ft8, ft2
core   0: 1 0x0000000080004a6c (0x222e1e53) f28 0xbff0000000000000
core   0: 0x0000000080004a70 (0xf2080853) fmv.d.x fa6, a6
core   0: 1 0x0000000080004a70 (0xf2080853) f16 0xffffffffffffffff
core   0: 0x0000000080004a74 (0x23319a53) fsgnjn.d fs4, ft3, fs3
core   0: 1 0x0000000080004a74 (0x23319a53) f20 0xfff8000000000000
core   0: 0x0000000080004a78 (0x00448833) add     a6, s1, tp
core   0: 1 0x0000000080004a78 (0x00448833) x16 0x0000000000000b3d
core   0: 0x0000000080004a7c (0x7ff50a9b) addiw   s5, a0, 2047
core   0: 1 0x0000000080004a7c (0x7ff50a9b) x21 0xffffffff80004813
core   0: 0x0000000080004a80 (0x030bcbb3) div     s7, s7, a6
core   0: 1 0x0000000080004a80 (0x030bcbb3) x23 0x000b63bf93cc6403
core   0: 0x0000000080004a84 (0x1421b273) csrrc   tp, scause, gp
core   0: 1 0x0000000080004a84 (0x1421b273) x4  0x0000000000000000 c322_scause 0x0000000000000000
core   0: 0x0000000080004a88 (0xa21a0c53) fle.d   s8, fs4, ft1
core   0: 1 0x0000000080004a88 (0xa21a0c53) c1_fflags 0x0000000000000011 x24 0x0000000000000000
core   0: 0x0000000080004a8c (0x01e0a2b7) lui     t0, 0x1e0a
core   0: 1 0x0000000080004a8c (0x01e0a2b7) x5  0x0000000001e0a000
core   0: 0x0000000080004a90 (0xb792829b) addiw   t0, t0, -1159
core   0: 1 0x0000000080004a90 (0xb792829b) x5  0x0000000001e09b79
core   0: 0x0000000080004a94 (0x000002ba) c.slli  t0, 14
core   0: 1 0x0000000080004a94 (0x02ba) x5  0x0000007826de4000
core   0: 0x0000000080004a96 (0x38628293) addi    t0, t0, 902
core   0: 1 0x0000000080004a96 (0x38628293) x5  0x0000007826de4386
core   0: 0x0000000080004a9a (0xc038fad3) fcvt.lu.s s5, fa7
core   0: 1 0x0000000080004a9a (0xc038fad3) c1_fflags 0x0000000000000011 x21 0xffffffffffffffff
core   0: 0x0000000080004a9e (0x022ba0b3) mulhsu  ra, s7, sp
core   0: 1 0x0000000080004a9e (0x022ba0b3) x1  0x0000000000000000
core   0: 0x0000000080004aa2 (0x40bed4bb) sraw    s1, t4, a1
core   0: 1 0x0000000080004aa2 (0x40bed4bb) x9  0x0000000000000000
core   0: 0x0000000080004aa6 (0x01b4c1b3) xor     gp, s1, s11
core   0: 1 0x0000000080004aa6 (0x01b4c1b3) x3  0x0000000000000026
core   0: 0x0000000080004aaa (0xd21405d3) fcvt.d.wu fa1, s0
core   0: 1 0x0000000080004aaa (0xd21405d3) f11 0x0000000000000000
core   0: 0x0000000080004aae (0x028450bb) divuw   ra, s0, s0
core   0: 1 0x0000000080004aae (0x028450bb) x1  0xffffffffffffffff
core   0: 0x0000000080004ab2 (0x0120dc9b) srliw   s9, ra, 18
core   0: 1 0x0000000080004ab2 (0x0120dc9b) x25 0x0000000000003fff
core   0: 0x0000000080004ab6 (0x0119d993) srli    s3, s3, 17
core   0: 1 0x0000000080004ab6 (0x0119d993) x19 0x0000000000000000
core   0: 0x0000000080004aba (0x01b70dbb) addw    s11, a4, s11
core   0: 1 0x0000000080004aba (0x01b70dbb) x27 0x0000000000000028
core   0: 0x0000000080004abe (0xc225fbd3) fcvt.l.d s7, fa1
core   0: 1 0x0000000080004abe (0xc225fbd3) x23 0x0000000000000000
core   0: 0x0000000080004ac2 (0xa39185d3) fle.d   a1, ft3, fs9
core   0: 1 0x0000000080004ac2 (0xa39185d3) c1_fflags 0x0000000000000011 x11 0x0000000000000000
core   0: 0x0000000080004ac6 (0x635e2097) auipc   ra, 0x635e2
core   0: 1 0x0000000080004ac6 (0x635e2097) x1  0x00000000e35e6ac6
core   0: 0x0000000080004aca (0x00b9129b) slliw   t0, s2, 11
core   0: 1 0x0000000080004aca (0x00b9129b) x5  0xfffffffffffff800
core   0: 0x0000000080004ace (0x401adabb) sraw    s5, s5, ra
core   0: 1 0x0000000080004ace (0x401adabb) x21 0xffffffffffffffff
core   0: 0x0000000080004ad2 (0x420a0c53) fcvt.d.s fs8, fs4
core   0: 1 0x0000000080004ad2 (0x420a0c53) f24 0x7ff8000000000000
core   0: 0x0000000080004ad6 (0xc02ff1f3) csrrci  gp, instret, 31
core   0: exception trap_illegal_instruction, epc 0x0000000080004ad6
core   0:           tval 0x00000000c02ff1f3
core   0: >>>>  $xrv64i2p1_m2p0_a2p1_f2p2_d2p2_zicsr2p0_zifencei2p0_zmmul1p0_zba1p0_zbb1p0_zbc1p0_zbs1p0
core   0: 0x0000000080004000 (0x0080006f) j       pc + 0x8
core   0: 3 0x0000000080004000 (0x0080006f)
core   0: >>>>  mmode_exception_handler
core   0: 0x0000000080004008 (0x00002c17) auipc   s8, 0x2
core   0: 3 0x0000000080004008 (0x00002c17) x24 0x0000000080006008
core   0: 0x000000008000400c (0x03cc0c13) addi    s8, s8, 60
core   0: 3 0x000000008000400c (0x03cc0c13) x24 0x0000000080006044
core   0: 0x0000000080004010 (0x000c00e7) jalr    s8
core   0: 3 0x0000000080004010 (0x000c00e7) x1  0x0000000080004014
core   0: >>>>  any_handler
core   0: 0x0000000080006044 (0x341027f3) csrrs   a5, mepc, zero
core   0: 3 0x0000000080006044 (0x341027f3) x15 0x0000000080004ad6
core   0: 0x0000000080006048 (0x34202773) csrrs   a4, mcause, zero
core   0: 3 0x0000000080006048 (0x34202773) x14 0x0000000000000002
core   0: 0x000000008000604c (0x142026f3) csrrs   a3, scause, zero
core   0: 3 0x000000008000604c (0x142026f3) x13 0x0000000000000000
core   0: 0x0000000080006050 (0x30402673) csrrs   a2, mie, zero
core   0: 3 0x0000000080006050 (0x30402673) x12 0x0000000000000a00
core   0: 0x0000000080006054 (0x344025f3) csrrs   a1, mip, zero
core   0: 3 0x0000000080006054 (0x344025f3) x11 0x0000000000000080
core   0: 0x0000000080006058 (0x343025f3) csrrs   a1, mtval, zero
core   0: 3 0x0000000080006058 (0x343025f3) x11 0x00000000c02ff1f3
core   0: 0x000000008000605c (0x14302573) csrrs   a0, stval, zero
core   0: 3 0x000000008000605c (0x14302573) x10 0x0000000080004014
core   0: 0x0000000080006060 (0xb02024f3) csrrs   s1, minstret, zero
core   0: 3 0x0000000080006060 (0xb02024f3) x9  0x0000000000000b76
core   0: 0x0000000080006064 (0x0000a811) c.j     pc + 20
core   0: 3 0x0000000080006064 (0xa811)
core   0: >>>>  mepc_4
core   0: 0x0000000080006078 (0x00000791) c.addi  a5, 4
core   0: 3 0x0000000080006078 (0x0791) x15 0x0000000080004ada
core   0: 0x000000008000607a (0x34179073) csrrw   zero, mepc, a5
core   0: 3 0x000000008000607a (0x34179073) c833_mepc 0x0000000080004ada
core   0: 0x000000008000607e (0x30200073) mret
core   0: 3 0x000000008000607e (0x30200073) c768_mstatus 0x8000000a001c61a2
core   0: 0x0000000080004ada (0x03db46b3) div     a3, s6, t4
core   0: 1 0x0000000080004ada (0x03db46b3) x13 0xffffffffffffffff
core   0: 0x0000000080004ade (0x00e8e2b3) or      t0, a7, a4
core   0: 1 0x0000000080004ade (0x00e8e2b3) x5  0x0000000000000002
core   0: 0x0000000080004ae2 (0x01b08b3b) addw    s6, ra, s11
core   0: 1 0x0000000080004ae2 (0x01b08b3b) x22 0xffffffff8000403c
core   0: 0x0000000080004ae6 (0x010b183b) sllw    a6, s6, a6
core   0: 1 0x0000000080004ae6 (0x010b183b) x16 0xffffffff80000000
core   0: 0x0000000080004aea (0x0b4c74d3) fsub.d  fs1, fs8, fs4
core   0: 1 0x0000000080004aea (0x0b4c74d3) f9  0x7ff8000000000000
core   0: 0x0000000080004aee (0x0102d29b) srliw   t0, t0, 16
core   0: 1 0x0000000080004aee (0x0102d29b) x5  0x0000000000000000
core   0: 0x0000000080004af2 (0x01816d33) or      s10, sp, s8
core   0: 1 0x0000000080004af2 (0x01816d33) x26 0x0000000080006044
core   0: 0x0000000080004af6 (0x016aac33) slt     s8, s5, s6
core   0: 1 0x0000000080004af6 (0x016aac33) x24 0x0000000000000000
core   0: 0x0000000080004afa (0xa2b894d3) flt.d   s1, fa7, fa1
core   0: 1 0x0000000080004afa (0xa2b894d3) c1_fflags 0x0000000000000011 x9  0x0000000000000000
core   0: 0x0000000080004afe (0x1314fe53) fmul.d  ft8, fs1, fa7
core   0: 1 0x0000000080004afe (0x1314fe53) f28 0x7ff8000000000000
core   0: 0x0000000080004b02 (0x001029f3) csrrs   s3, fflags, zero
core   0: 1 0x0000000080004b02 (0x001029f3) x19 0x0000000000000011
core   0: 0x0000000080004b06 (0x8a9af943) fmadd.d fs2, fs5, fs1, fa7
core   0: 1 0x0000000080004b06 (0x8a9af943) f18 0x7ff8000000000000
core   0: 0x0000000080004b0a (0x00000001) c.nop
core   0: 1 0x0000000080004b0a (0x0001)
core   0: 0x0000000080004b0c (0x3633829b) addiw   t0, t2, 867
core   0: 1 0x0000000080004b0c (0x3633829b) x5  0xffffffffceb63363
core   0: 0x0000000080004b10 (0xc200f3d3) fcvt.w.d t2, ft1
core   0: 1 0x0000000080004b10 (0xc200f3d3) c1_fflags 0x0000000000000011 x7  0x000000007fffffff
core   0: 0x0000000080004b14 (0xd035f2d3) fcvt.s.lu ft5, a1
core   0: 1 0x0000000080004b14 (0xd035f2d3) c1_fflags 0x0000000000000011 f5  0xffffffff4f402ff2
core   0: 0x0000000080004b18 (0x027cc7b3) div     a5, s9, t2
core   0: 1 0x0000000080004b18 (0x027cc7b3) x15 0x0000000000000000
core   0: 0x0000000080004b1c (0x00e62633) slt     a2, a2, a4
core   0: 1 0x0000000080004b1c (0x00e62633) x12 0x0000000000000000
core   0: 0x0000000080004b20 (0xf11d93f3) csrrw   t2, mvendorid, s11
core   0: exception trap_illegal_instruction, epc 0x0000000080004b20
core   0:           tval 0x00000000f11d93f3
core   0: >>>>  $xrv64i2p1_m2p0_a2p1_f2p2_d2p2_zicsr2p0_zifencei2p0_zmmul1p0_zba1p0_zbb1p0_zbc1p0_zbs1p0
core   0: 0x0000000080004000 (0x0080006f) j       pc + 0x8
core   0: 3 0x0000000080004000 (0x0080006f)
core   0: >>>>  mmode_exception_handler
core   0: 0x0000000080004008 (0x00002c17) auipc   s8, 0x2
core   0: 3 0x0000000080004008 (0x00002c17) x24 0x0000000080006008
core   0: 0x000000008000400c (0x03cc0c13) addi    s8, s8, 60
core   0: 3 0x000000008000400c (0x03cc0c13) x24 0x0000000080006044
core   0: 0x0000000080004010 (0x000c00e7) jalr    s8
core   0: 3 0x0000000080004010 (0x000c00e7) x1  0x0000000080004014
core   0: >>>>  any_handler
core   0: 0x0000000080006044 (0x341027f3) csrrs   a5, mepc, zero
core   0: 3 0x0000000080006044 (0x341027f3) x15 0x0000000080004b20
core   0: 0x0000000080006048 (0x34202773) csrrs   a4, mcause, zero
core   0: 3 0x0000000080006048 (0x34202773) x14 0x0000000000000002
core   0: 0x000000008000604c (0x142026f3) csrrs   a3, scause, zero
core   0: 3 0x000000008000604c (0x142026f3) x13 0x0000000000000000
core   0: 0x0000000080006050 (0x30402673) csrrs   a2, mie, zero
core   0: 3 0x0000000080006050 (0x30402673) x12 0x0000000000000a00
core   0: 0x0000000080006054 (0x344025f3) csrrs   a1, mip, zero
core   0: 3 0x0000000080006054 (0x344025f3) x11 0x0000000000000080
core   0: 0x0000000080006058 (0x343025f3) csrrs   a1, mtval, zero
core   0: 3 0x0000000080006058 (0x343025f3) x11 0x00000000f11d93f3
core   0: 0x000000008000605c (0x14302573) csrrs   a0, stval, zero
core   0: 3 0x000000008000605c (0x14302573) x10 0x0000000080004014
core   0: 0x0000000080006060 (0xb02024f3) csrrs   s1, minstret, zero
core   0: 3 0x0000000080006060 (0xb02024f3) x9  0x0000000000000b98
core   0: 0x0000000080006064 (0x0000a811) c.j     pc + 20
core   0: 3 0x0000000080006064 (0xa811)
core   0: >>>>  mepc_4
core   0: 0x0000000080006078 (0x00000791) c.addi  a5, 4
core   0: 3 0x0000000080006078 (0x0791) x15 0x0000000080004b24
core   0: 0x000000008000607a (0x34179073) csrrw   zero, mepc, a5
core   0: 3 0x000000008000607a (0x34179073) c833_mepc 0x0000000080004b24
core   0: 0x000000008000607e (0x30200073) mret
core   0: 3 0x000000008000607e (0x30200073) c768_mstatus 0x8000000a001c61a2
core   0: 0x0000000080004b24 (0x02a1f53b) remuw   a0, gp, a0
core   0: 1 0x0000000080004b24 (0x02a1f53b) x10 0x0000000000000026
core   0: 0x0000000080004b28 (0x02f84033) div     zero, a6, a5
core   0: 1 0x0000000080004b28 (0x02f84033)
core   0: 0x0000000080004b2c (0x41c9541b) sraiw   s0, s2, 28
core   0: 1 0x0000000080004b2c (0x41c9541b) x8  0xffffffffffffffff
core   0: 0x0000000080004b30 (0x00009ae2) c.add   s5, s8
core   0: 1 0x0000000080004b30 (0x9ae2) x21 0x0000000080006043
core   0: 0x0000000080004b32 (0x0b3179d3) fsub.d  fs3, ft2, fs3
core   0: 1 0x0000000080004b32 (0x0b3179d3) f19 0x7ff8000000000000
core   0: 0x0000000080004b36 (0x412d013b) subw    sp, s10, s2
core   0: 1 0x0000000080004b36 (0x412d013b) x2  0xffffffff80006045
core   0: 0x0000000080004b3a (0x0a27fcd3) fsub.d  fs9, fa5, ft2
core   0: 1 0x0000000080004b3a (0x0a27fcd3) f25 0x7ff8000000000000
core   0: 0x0000000080004b3e (0x001026f3) csrrs   a3, fflags, zero
core   0: 1 0x0000000080004b3e (0x001026f3) x13 0x0000000000000011
core   0: 0x0000000080004b42 (0x01bd8cb3) add     s9, s11, s11
core   0: 1 0x0000000080004b42 (0x01bd8cb3) x25 0x0000000000000050
core   0: 0x0000000080004b46 (0xd23cf353) fcvt.d.lu ft6, s9
core   0: 1 0x0000000080004b46 (0xd23cf353) f6  0x4054000000000000
core   0: 0x0000000080004b4a (0xc233fc53) fcvt.lu.d s8, ft7
core   0: 1 0x0000000080004b4a (0xc233fc53) c1_fflags 0x0000000000000011 x24 0xffffffffffffffff
core   0: 0x0000000080004b4e (0x0191cb33) xor     s6, gp, s9
core   0: 1 0x0000000080004b4e (0x0191cb33) x22 0x0000000000000076
core   0: 0x0000000080004b52 (0x037cc5bb) divw    a1, s9, s7
core   0: 1 0x0000000080004b52 (0x037cc5bb) x11 0xffffffffffffffff
core   0: 0x0000000080004b56 (0xfffa6113) ori     sp, s4, -1
core   0: 1 0x0000000080004b56 (0xfffa6113) x2  0xffffffffffffffff
core   0: 0x0000000080004b5a (0x401bfbd3) fcvt.s.d fs7, fs7
core   0: 1 0x0000000080004b5a (0x401bfbd3) f23 0xffffffff7fc00000
core   0: 0x0000000080004b5e (0x00000001) c.nop
core   0: 1 0x0000000080004b5e (0x0001)
core   0: 0x0000000080004b60 (0xd2010f53) fcvt.d.w ft10, sp
core   0: 1 0x0000000080004b60 (0xd2010f53) f30 0xbff0000000000000
core   0: 0x0000000080004b64 (0x01a70d3b) addw    s10, a4, s10
core   0: 1 0x0000000080004b64 (0x01a70d3b) x26 0xffffffff80006046
core   0: 0x0000000080004b68 (0x228e9ed3) fsgnjn.d ft9, ft9, fs0
core   0: 1 0x0000000080004b68 (0x228e9ed3) f29 0x3ff0000000000000
core   0: 0x0000000080004b6c (0x14f10c1b) addiw   s8, sp, 335
core   0: 1 0x0000000080004b6c (0x14f10c1b) x24 0x000000000000014e
core   0: 0x0000000080004b70 (0xc031f653) fcvt.lu.s a2, ft3
core   0: 1 0x0000000080004b70 (0xc031f653) c1_fflags 0x0000000000000011 x12 0xffffffffffffffff
core   0: 0x0000000080004b74 (0x1b997ed3) fdiv.d  ft9, fs2, fs9
core   0: 1 0x0000000080004b74 (0x1b997ed3) f29 0x7ff8000000000000
core   0: 0x0000000080004b78 (0x0ff0000f) fence   iorw,iorw
core   0: 1 0x0000000080004b78 (0x0ff0000f)
core   0: 0x0000000080004b7c (0x2273ad53) fsgnjx.d fs10, ft7, ft7
core   0: 1 0x0000000080004b7c (0x2273ad53) f26 0x7ff8000000000000
core   0: 0x0000000080004b80 (0x22280853) fsgnj.d fa6, fa6, ft2
core   0: 1 0x0000000080004b80 (0x22280853) f16 0x7fffffffffffffff
core   0: 0x0000000080004b84 (0x00039c9b) slliw   s9, t2, 0
core   0: 1 0x0000000080004b84 (0x00039c9b) x25 0x000000007fffffff
core   0: 0x0000000080004b88 (0x039cde3b) divuw   t3, s9, s9
core   0: 1 0x0000000080004b88 (0x039cde3b) x28 0x0000000000000001
core   0: 0x0000000080004b8c (0x4ea1f193) andi    gp, gp, 1258
core   0: 1 0x0000000080004b8c (0x4ea1f193) x3  0x0000000000000022
core   0: 0x0000000080004b90 (0x0ff0000f) fence   iorw,iorw
core   0: 1 0x0000000080004b90 (0x0ff0000f)
core   0: 0x0000000080004b94 (0x028bd6bb) divuw   a3, s7, s0
core   0: 1 0x0000000080004b94 (0x028bd6bb) x13 0x0000000000000000
core   0: 0x0000000080004b98 (0x00128e9b) addiw   t4, t0, 1
core   0: 1 0x0000000080004b98 (0x00128e9b) x29 0xffffffffceb63364
core   0: 0x0000000080004b9c (0x02f6c7b3) div     a5, a3, a5
core   0: 1 0x0000000080004b9c (0x02f6c7b3) x15 0x0000000000000000
core   0: 0x0000000080004ba0 (0x1007879b) addiw   a5, a5, 256
core   0: 1 0x0000000080004ba0 (0x1007879b) x15 0x0000000000000100
core   0: 0x0000000080004ba4 (0xc03ffb53) fcvt.lu.s s6, ft11
core   0: 1 0x0000000080004ba4 (0xc03ffb53) c1_fflags 0x0000000000000011 x22 0xffffffffffffffff
core   0: 0x0000000080004ba8 (0x00b5111b) slliw   sp, a0, 11
core   0: 1 0x0000000080004ba8 (0x00b5111b) x2  0x0000000000013000
core   0: 0x0000000080004bac (0xc023f9d3) fcvt.l.s s3, ft7
core   0: 1 0x0000000080004bac (0xc023f9d3) c1_fflags 0x0000000000000011 x19 0x7fffffffffffffff
core   0: 0x0000000080004bb0 (0x033577b3) remu    a5, a0, s3
core   0: 1 0x0000000080004bb0 (0x033577b3) x15 0x0000000000000026
core   0: 0x0000000080004bb4 (0x02eb46bb) divw    a3, s6, a4
core   0: 1 0x0000000080004bb4 (0x02eb46bb) x13 0x0000000000000000
core   0: 0x0000000080004bb8 (0x260dad37) lui     s10, 0x260da
core   0: 1 0x0000000080004bb8 (0x260dad37) x26 0x00000000260da000
core   0: 0x0000000080004bbc (0xd026fb53) fcvt.s.l fs6, a3
core   0: 1 0x0000000080004bbc (0xd026fb53) f22 0xffffffff00000000
core   0: 0x0000000080004bc0 (0xed16f0b7) lui     ra, 0xed16f
core   0: 1 0x0000000080004bc0 (0xed16f0b7) x1  0xffffffffed16f000
core   0: 0x0000000080004bc4 (0x401c7ed3) fcvt.s.d ft9, fs8
core   0: 1 0x0000000080004bc4 (0x401c7ed3) f29 0xffffffff7fc00000
core   0: 0x0000000080004bc8 (0x03d3cdbb) divw    s11, t2, t4
core   0: 1 0x0000000080004bc8 (0x03d3cdbb) x27 0xfffffffffffffffe
core   0: 0x0000000080004bcc (0x40335b33) sra     s6, t1, gp
core   0: 1 0x0000000080004bcc (0x40335b33) x22 0xffffffffffffffff
core   0: 0x0000000080004bd0 (0x22a39453) fsgnjn.d fs0, ft7, fa0
core   0: 1 0x0000000080004bd0 (0x22a39453) f8  0x7ff8000000000000
core   0: 0x0000000080004bd4 (0x400ed513) srai    a0, t4, 0
core   0: 1 0x0000000080004bd4 (0x400ed513) x10 0xffffffffceb63364
core   0: 0x0000000080004bd8 (0x01a75ebb) srlw    t4, a4, s10
core   0: 1 0x0000000080004bd8 (0x01a75ebb) x29 0x0000000000000002
core   0: 0x0000000080004bdc (0xd02d7c53) fcvt.s.l fs8, s10
core   0: 1 0x0000000080004bdc (0xd02d7c53) f24 0xffffffff4e183680
core   0: 0x0000000080004be0 (0x00128713) addi    a4, t0, 1
core   0: 1 0x0000000080004be0 (0x00128713) x14 0xffffffffceb63364
core   0: 0x0000000080004be4 (0xc20ef2d3) fcvt.w.d t0, ft9
core   0: 1 0x0000000080004be4 (0xc20ef2d3) c1_fflags 0x0000000000000011 x5  0x000000007fffffff
core   0: 0x0000000080004be8 (0x4324d813) srai    a6, s1, 50
core   0: 1 0x0000000080004be8 (0x4324d813) x16 0x0000000000000000
core   0: 0x0000000080004bec (0x4088043b) subw    s0, a6, s0
core   0: 1 0x0000000080004bec (0x4088043b) x8  0x0000000000000001
core   0: 0x0000000080004bf0 (0x0308ea33) rem     s4, a7, a6
core   0: 1 0x0000000080004bf0 (0x0308ea33) x20 0x0000000000000000
core   0: 0x0000000080004bf4 (0x43d47793) andi    a5, s0, 1085
core   0: 1 0x0000000080004bf4 (0x43d47793) x15 0x0000000000000001
core   0: 0x0000000080004bf8 (0xa3fc0953) fle.d   s2, fs8, ft11
core   0: 1 0x0000000080004bf8 (0xa3fc0953) c1_fflags 0x0000000000000011 x18 0x0000000000000000
core   0: 0x0000000080004bfc (0x00bcccb3) xor     s9, s9, a1
core   0: 1 0x0000000080004bfc (0x00bcccb3) x25 0xffffffff80000000
core   0: 0x0000000080004c00 (0x113e9817) auipc   a6, 0x113e9
core   0: 1 0x0000000080004c00 (0x113e9817) x16 0x00000000913edc00
core   0: 0x0000000080004c04 (0xf8d63e37) lui     t3, 0xf8d63
core   0: 1 0x0000000080004c04 (0xf8d63e37) x28 0xfffffffff8d63000
core   0: 0x0000000080004c08 (0xf19e0e1b) addiw   t3, t3, -231
core   0: 1 0x0000000080004c08 (0xf19e0e1b) x28 0xfffffffff8d62f19
core   0: 0x0000000080004c0c (0x00000e32) c.slli  t3, 12
core   0: 1 0x0000000080004c0c (0x0e32) x28 0xffffff8d62f19000
core   0: 0x0000000080004c0e (0x550e0e13) addi    t3, t3, 1360
core   0: 1 0x0000000080004c0e (0x550e0e13) x28 0xffffff8d62f19550
core   0: 0x0000000080004c12 (0x1067b073) csrrc   zero, scounteren, a5
core   0: 1 0x0000000080004c12 (0x1067b073) c262_scounteren 0x0000000000000000
core   0: 0x0000000080004c16 (0x22777793) andi    a5, a4, 551
core   0: 1 0x0000000080004c16 (0x22777793) x15 0x0000000000000224
core   0: 0x0000000080004c1a (0x4f914693) xori    a3, sp, 1273
core   0: 1 0x0000000080004c1a (0x4f914693) x13 0x00000000000134f9
core   0: 0x0000000080004c1e (0x0162161b) slliw   a2, tp, 22
core   0: 1 0x0000000080004c1e (0x0162161b) x12 0x0000000000000000
core   0: 0x0000000080004c22 (0xd036fa53) fcvt.s.lu fs4, a3
core   0: 1 0x0000000080004c22 (0xd036fa53) f20 0xffffffff479a7c80
core   0: 0x0000000080004c26 (0x4001501b) sraiw   zero, sp, 0
core   0: 1 0x0000000080004c26 (0x4001501b)
core   0: 0x0000000080004c2a (0x41ab003b) subw    zero, s6, s10
core   0: 1 0x0000000080004c2a (0x41ab003b)
core   0: 0x0000000080004c2e (0x65a04193) xori    gp, zero, 1626
core   0: 1 0x0000000080004c2e (0x65a04193) x3  0x000000000000065a
core   0: 0x0000000080004c32 (0x420c0ed3) fcvt.d.s ft9, fs8
core   0: 1 0x0000000080004c32 (0x420c0ed3) f29 0x41c306d000000000
core   0: 0x0000000080004c36 (0x023094b3) mulh    s1, ra, gp
core   0: 1 0x0000000080004c36 (0x023094b3) x9  0xffffffffffffffff
core   0: 0x0000000080004c3a (0x0264b5b3) mulhu   a1, s1, t1
core   0: 1 0x0000000080004c3a (0x0264b5b3) x11 0xfffffffffffffffe
core   0: 0x0000000080004c3e (0x0223f3bb) remuw   t2, t2, sp
core   0: 1 0x0000000080004c3e (0x0223f3bb) x7  0x0000000000001fff
core   0: 0x0000000080004c42 (0xe20e86d3) fmv.x.d a3, ft9
core   0: 1 0x0000000080004c42 (0xe20e86d3) x13 0x41c306d000000000
core   0: 0x0000000080004c46 (0x40250433) sub     s0, a0, sp
core   0: 1 0x0000000080004c46 (0x40250433) x8  0xffffffffceb50364
core   0: 0x0000000080004c4a (0x420005d3) fcvt.d.s fa1, ft0
core   0: 1 0x0000000080004c4a (0x420005d3) f11 0x7ff8000000000000
core   0: 0x0000000080004c4e (0xc2137753) fcvt.wu.d a4, ft6
core   0: 1 0x0000000080004c4e (0xc2137753) x14 0x0000000000000050
core   0: 0x0000000080004c52 (0x019c189b) slliw   a7, s8, 25
core   0: 1 0x0000000080004c52 (0x019c189b) x17 0xffffffff9c000000
core   0: 0x0000000080004c56 (0xa32586d3) fle.d   a3, fa1, fs2
core   0: 1 0x0000000080004c56 (0xa32586d3) c1_fflags 0x0000000000000011 x13 0x0000000000000000
core   0: 0x0000000080004c5a (0x02a6fabb) remuw   s5, a3, a0
core   0: 1 0x0000000080004c5a (0x02a6fabb) x21 0x0000000000000000
core   0: 0x0000000080004c5e (0x03d681b3) mul     gp, a3, t4
core   0: 1 0x0000000080004c5e (0x03d681b3) x3  0x0000000000000000
core   0: 0x0000000080004c62 (0x01546433) or      s0, s0, s5
core   0: 1 0x0000000080004c62 (0x01546433) x8  0xffffffffceb50364
core   0: 0x0000000080004c66 (0x03755e93) srli    t4, a0, 55
core   0: 1 0x0000000080004c66 (0x03755e93) x29 0x00000000000001ff
core   0: 0x0000000080004c6a (0x12c17653) fmul.d  fa2, ft2, fa2
core   0: 1 0x0000000080004c6a (0x12c17653) f12 0x7ff8000000000000
core   0: 0x0000000080004c6e (0x72c77bc7) fmsub.d fs7, fa4, fa2, fa4
core   0: 1 0x0000000080004c6e (0x72c77bc7) f23 0x7ff8000000000000
core   0: 0x0000000080004c72 (0xd025fed3) fcvt.s.l ft9, a1
core   0: 1 0x0000000080004c72 (0xd025fed3) f29 0xffffffffc0000000
core   0: 0x0000000080004c76 (0x003ea533) slt     a0, t4, gp
core   0: 1 0x0000000080004c76 (0x003ea533) x10 0x0000000000000000
core   0: 0x0000000080004c7a (0x40a455b3) sra     a1, s0, a0
core   0: 1 0x0000000080004c7a (0x40a455b3) x11 0xffffffffceb50364
core   0: 0x0000000080004c7e (0xd03d79d3) fcvt.s.lu fs3, s10
core   0: 1 0x0000000080004c7e (0xd03d79d3) f19 0xffffffff4e183680
core   0: 0x0000000080004c82 (0x2bd38853) fmin.d  fa6, ft7, ft9
core   0: 1 0x0000000080004c82 (0x2bd38853) f16 0x7ff8000000000000
core   0: 0x0000000080004c86 (0x4133da33) sra     s4, t2, s3
core   0: 1 0x0000000080004c86 (0x4133da33) x20 0x0000000000000000
core   0: 0x0000000080004c8a (0x407686b3) sub     a3, a3, t2
core   0: 1 0x0000000080004c8a (0x407686b3) x13 0xffffffffffffe001
core   0: 0x0000000080004c8e (0x42010253) fcvt.d.s ft4, ft2
core   0: 1 0x0000000080004c8e (0x42010253) f4  0x7ff8000000000000
core   0: 0x0000000080004c92 (0x01c6de33) srl     t3, a3, t3
core   0: 1 0x0000000080004c92 (0x01c6de33) x28 0x0000ffffffffffff
core   0: 0x0000000080004c96 (0xc2217653) fcvt.l.d a2, ft2
core   0: 1 0x0000000080004c96 (0xc2217653) c1_fflags 0x0000000000000011 x12 0x7fffffffffffffff
core   0: 0x0000000080004c9a (0x012659b3) srl     s3, a2, s2
core   0: 1 0x0000000080004c9a (0x012659b3) x19 0x7fffffffffffffff
core   0: 0x0000000080004c9e (0xd2060a53) fcvt.d.w fs4, a2
core   0: 1 0x0000000080004c9e (0xd2060a53) f20 0xbff0000000000000
core   0: 0x0000000080004ca2 (0x0ff0000f) fence   iorw,iorw
core   0: 1 0x0000000080004ca2 (0x0ff0000f)
core   0: 0x0000000080004ca6 (0xd20908d3) fcvt.d.w fa7, s2
core   0: 1 0x0000000080004ca6 (0xd20908d3) f17 0x0000000000000000
core   0: 0x0000000080004caa (0x40d7023b) subw    tp, a4, a3
core   0: 1 0x0000000080004caa (0x40d7023b) x4  0x000000000000204f
core   0: 0x0000000080004cae (0x3242099b) addiw   s3, tp, 804
core   0: 1 0x0000000080004cae (0x3242099b) x19 0x0000000000002373
core   0: 0x0000000080004cb2 (0x1344f4d3) fmul.d  fs1, fs1, fs4
core   0: 1 0x0000000080004cb2 (0x1344f4d3) f9  0x7ff8000000000000
core   0: 0x0000000080004cb6 (0x0366cb3b) divw    s6, a3, s6
core   0: 1 0x0000000080004cb6 (0x0366cb3b) x22 0x0000000000001fff
core   0: 0x0000000080004cba (0x013611bb) sllw    gp, a2, s3
core   0: 1 0x0000000080004cba (0x013611bb) x3  0xfffffffffff80000
core   0: 0x0000000080004cbe (0x0ff0000f) fence   iorw,iorw
core   0: 1 0x0000000080004cbe (0x0ff0000f)
core   0: 0x0000000080004cc2 (0x5a07f553) fsqrt.d fa0, fa5
core   0: 1 0x0000000080004cc2 (0x5a07f553) c1_fflags 0x0000000000000011 f10 0x7ff8000000000000
core   0: 0x0000000080004cc6 (0x01f9101b) slliw   zero, s2, 31
core   0: 1 0x0000000080004cc6 (0x01f9101b)
core   0: 0x0000000080004cca (0x40e9069b) addiw   a3, s2, 1038
core   0: 1 0x0000000080004cca (0x40e9069b) x13 0x000000000000040e
core   0: 0x0000000080004cce (0x22501c53) fsgnjn.d fs8, ft0, ft5
core   0: 1 0x0000000080004cce (0x22501c53) f24 0x0210117b2e0c8b46
core   0: 0x0000000080004cd2 (0xf99119b7) lui     s3, 0xf9911
core   0: 1 0x0000000080004cd2 (0xf99119b7) x19 0xfffffffff9911000
core   0: 0x0000000080004cd6 (0x1e19899b) addiw   s3, s3, 481
core   0: 1 0x0000000080004cd6 (0x1e19899b) x19 0xfffffffff99111e1
core   0: 0x0000000080004cda (0x000009b2) c.slli  s3, 12
core   0: 1 0x0000000080004cda (0x09b2) x19 0xffffff99111e1000
core   0: 0x0000000080004cdc (0xb6998993) addi    s3, s3, -1175
core   0: 1 0x0000000080004cdc (0xb6998993) x19 0xffffff99111e0b69
core   0: 0x0000000080004ce0 (0xa63ffd17) auipc   s10, 0xa63ff
core   0: 1 0x0000000080004ce0 (0xa63ffd17) x26 0x0000000026403ce0
core   0: 0x0000000080004ce4 (0x413e5e3b) sraw    t3, t3, s3
core   0: 1 0x0000000080004ce4 (0x413e5e3b) x28 0xffffffffffffffff
core   0: 0x0000000080004ce8 (0x41c0843b) subw    s0, ra, t3
core   0: 1 0x0000000080004ce8 (0x41c0843b) x8  0xffffffffed16f001
core   0: 0x0000000080004cec (0x412289b3) sub     s3, t0, s2
core   0: 1 0x0000000080004cec (0x412289b3) x19 0x000000007fffffff
core   0: 0x0000000080004cf0 (0x00109b1b) slliw   s6, ra, 1
core   0: 1 0x0000000080004cf0 (0x00109b1b) x22 0xffffffffda2de000
core   0: 0x0000000080004cf4 (0x412f5017) auipc   zero, 0x412f5
core   0: 1 0x0000000080004cf4 (0x412f5017)
core   0: 0x0000000080004cf8 (0x41a686b3) sub     a3, a3, s10
core   0: 1 0x0000000080004cf8 (0x41a686b3) x13 0xffffffffd9bfc72e
core   0: 0x0000000080004cfc (0xfe013bb7) lui     s7, 0xfe013
core   0: 1 0x0000000080004cfc (0xfe013bb7) x23 0xfffffffffe013000
core   0: 0x0000000080004d00 (0x4bbb8b9b) addiw   s7, s7, 1211
core   0: 1 0x0000000080004d00 (0x4bbb8b9b) x23 0xfffffffffe0134bb
core   0: 0x0000000080004d04 (0x00000bba) c.slli  s7, 14
core   0: 1 0x0000000080004d04 (0x0bba) x23 0xffffff804d2ec000
core   0: 0x0000000080004d06 (0x43eb8b93) addi    s7, s7, 1086
core   0: 1 0x0000000080004d06 (0x43eb8b93) x23 0xffffff804d2ec43e
core   0: 0x0000000080004d0a (0x002b913b) sllw    sp, s7, sp
core   0: 1 0x0000000080004d0a (0x002b913b) x2  0x000000004d2ec43e
core   0: 0x0000000080004d0e (0x4016d51b) sraiw   a0, a3, 1
core   0: 1 0x0000000080004d0e (0x4016d51b) x10 0xffffffffecdfe397
core   0: 0x0000000080004d12 (0x00aa0a3b) addw    s4, s4, a0
core   0: 1 0x0000000080004d12 (0x00aa0a3b) x20 0xffffffffecdfe397
core   0: 0x0000000080004d16 (0x31aa3273) csrrc   tp, menvcfgh, s4
core   0: exception trap_illegal_instruction, epc 0x0000000080004d16
core   0:           tval 0x0000000031aa3273
core   0: >>>>  $xrv64i2p1_m2p0_a2p1_f2p2_d2p2_zicsr2p0_zifencei2p0_zmmul1p0_zba1p0_zbb1p0_zbc1p0_zbs1p0
core   0: 0x0000000080004000 (0x0080006f) j       pc + 0x8
core   0: 3 0x0000000080004000 (0x0080006f)
core   0: >>>>  mmode_exception_handler
core   0: 0x0000000080004008 (0x00002c17) auipc   s8, 0x2
core   0: 3 0x0000000080004008 (0x00002c17) x24 0x0000000080006008
core   0: 0x000000008000400c (0x03cc0c13) addi    s8, s8, 60
core   0: 3 0x000000008000400c (0x03cc0c13) x24 0x0000000080006044
core   0: 0x0000000080004010 (0x000c00e7) jalr    s8
core   0: 3 0x0000000080004010 (0x000c00e7) x1  0x0000000080004014
core   0: >>>>  any_handler
core   0: 0x0000000080006044 (0x341027f3) csrrs   a5, mepc, zero
core   0: 3 0x0000000080006044 (0x341027f3) x15 0x0000000080004d16
core   0: 0x0000000080006048 (0x34202773) csrrs   a4, mcause, zero
core   0: 3 0x0000000080006048 (0x34202773) x14 0x0000000000000002
core   0: 0x000000008000604c (0x142026f3) csrrs   a3, scause, zero
core   0: 3 0x000000008000604c (0x142026f3) x13 0x0000000000000000
core   0: 0x0000000080006050 (0x30402673) csrrs   a2, mie, zero
core   0: 3 0x0000000080006050 (0x30402673) x12 0x0000000000000a00
core   0: 0x0000000080006054 (0x344025f3) csrrs   a1, mip, zero
core   0: 3 0x0000000080006054 (0x344025f3) x11 0x0000000000000080
core   0: 0x0000000080006058 (0x343025f3) csrrs   a1, mtval, zero
core   0: 3 0x0000000080006058 (0x343025f3) x11 0x0000000031aa3273
core   0: 0x000000008000605c (0x14302573) csrrs   a0, stval, zero
core   0: 3 0x000000008000605c (0x14302573) x10 0x0000000080004014
core   0: 0x0000000080006060 (0xb02024f3) csrrs   s1, minstret, zero
core   0: 3 0x0000000080006060 (0xb02024f3) x9  0x0000000000000c27
core   0: 0x0000000080006064 (0x0000a811) c.j     pc + 20
core   0: 3 0x0000000080006064 (0xa811)
core   0: >>>>  mepc_4
core   0: 0x0000000080006078 (0x00000791) c.addi  a5, 4
core   0: 3 0x0000000080006078 (0x0791) x15 0x0000000080004d1a
core   0: 0x000000008000607a (0x34179073) csrrw   zero, mepc, a5
core   0: 3 0x000000008000607a (0x34179073) c833_mepc 0x0000000080004d1a
core   0: 0x000000008000607e (0x30200073) mret
core   0: 3 0x000000008000607e (0x30200073) c768_mstatus 0x8000000a001c61a2
core   0: 0x0000000080004d1a (0x416a5d3b) sraw    s10, s4, s6
core   0: 1 0x0000000080004d1a (0x416a5d3b) x26 0xffffffffecdfe397
core   0: 0x0000000080004d1e (0x020d64bb) remw    s1, s10, zero
core   0: 1 0x0000000080004d1e (0x020d64bb) x9  0xffffffffecdfe397
core   0: 0x0000000080004d22 (0x02055ebb) divuw   t4, a0, zero
core   0: 1 0x0000000080004d22 (0x02055ebb) x29 0xffffffffffffffff
core   0: 0x0000000080004d26 (0x02d6f6bb) remuw   a3, a3, a3
core   0: 1 0x0000000080004d26 (0x02d6f6bb) x13 0x0000000000000000
core   0: 0x0000000080004d2a (0x00f272b3) and     t0, tp, a5
core   0: 1 0x0000000080004d2a (0x00f272b3) x5  0x000000000000000a
core   0: 0x0000000080004d2e (0x2329a9d3) fsgnjx.d fs3, fs3, fs2
core   0: 1 0x0000000080004d2e (0x2329a9d3) f19 0xffffffff4e183680
core   0: 0x0000000080004d32 (0x142cbcf3) csrrc   s9, scause, s9
core   0: 1 0x0000000080004d32 (0x142cbcf3) x25 0x0000000000000000 c322_scause 0x0000000000000000
core   0: 0x0000000080004d36 (0x40177253) fcvt.s.d ft4, fa4
core   0: 1 0x0000000080004d36 (0x40177253) f4  0xffffffff7fc00000
core   0: 0x0000000080004d3a (0x401afcd3) fcvt.s.d fs9, fs5
core   0: 1 0x0000000080004d3a (0x401afcd3) f25 0xffffffff7fc00000
core   0: 0x0000000080004d3e (0xfff0e593) ori     a1, ra, -1
core   0: 1 0x0000000080004d3e (0xfff0e593) x11 0xffffffffffffffff
core   0: 0x0000000080004d42 (0x41b90db3) sub     s11, s2, s11
core   0: 1 0x0000000080004d42 (0x41b90db3) x27 0x0000000000000002
core   0: 0x0000000080004d46 (0x00008699) c.srai  a3, 6
core   0: 1 0x0000000080004d46 (0x8699) x13 0x0000000000000000
core   0: 0x0000000080004d48 (0x020c7c53) fadd.d  fs8, fs8, ft0
core   0: 1 0x0000000080004d48 (0x020c7c53) f24 0x0220117b2e0c8b46
core   0: 0x0000000080004d4c (0xc0247c53) fcvt.l.s s8, fs0
core   0: 1 0x0000000080004d4c (0xc0247c53) c1_fflags 0x0000000000000011 x24 0x7fffffffffffffff
core   0: 0x0000000080004d50 (0xd3e80093) addi    ra, a6, -706
core   0: 1 0x0000000080004d50 (0xd3e80093) x1  0x00000000913ed93e
core   0: 0x0000000080004d54 (0x00853133) sltu    sp, a0, s0
core   0: 1 0x0000000080004d54 (0x00853133) x2  0x0000000000000001
core   0: 0x0000000080004d58 (0x021684b3) mul     s1, a3, ra
core   0: 1 0x0000000080004d58 (0x021684b3) x9  0x0000000000000000
core   0: 0x0000000080004d5c (0x41d25233) sra     tp, tp, t4
core   0: 1 0x0000000080004d5c (0x41d25233) x4  0x0000000000000000
core   0: 0x0000000080004d60 (0x22421253) fsgnjn.d ft4, ft4, ft4
core   0: 1 0x0000000080004d60 (0x22421253) f4  0x7fffffff7fc00000
core   0: 0x0000000080004d64 (0x0180dabb) srlw    s5, ra, s8
core   0: 1 0x0000000080004d64 (0x0180dabb) x21 0x0000000000000001
core   0: 0x0000000080004d68 (0x28f4b497) auipc   s1, 0x28f4b
core   0: 1 0x0000000080004d68 (0x28f4b497) x9  0x00000000a8f4fd68
core   0: 0x0000000080004d6c (0x02e77bbb) remuw   s7, a4, a4
core   0: 1 0x0000000080004d6c (0x02e77bbb) x23 0x0000000000000000
core   0: 0x0000000080004d70 (0x000b8a1b) sext.w  s4, s7
core   0: 1 0x0000000080004d70 (0x000b8a1b) x20 0x0000000000000000
core   0: 0x0000000080004d74 (0x41045593) srai    a1, s0, 16
core   0: 1 0x0000000080004d74 (0x41045593) x11 0xffffffffffffed16
core   0: 0x0000000080004d78 (0x143072f3) csrrci  t0, stval, 0
core   0: 1 0x0000000080004d78 (0x143072f3) x5  0x0000000080004014
core   0: 0x0000000080004d7c (0x4ad4facb) fnmsub.d fs5, fs1, fa3, fs1
core   0: 1 0x0000000080004d7c (0x4ad4facb) f21 0x7ff8000000000000
core   0: 0x0000000080004d80 (0x401a5c13) srai    s8, s4, 1
core   0: 1 0x0000000080004d80 (0x401a5c13) x24 0x0000000000000000
core   0: 0x0000000080004d84 (0x008301bb) addw    gp, t1, s0
core   0: 1 0x0000000080004d84 (0x008301bb) x3  0xffffffffed16f000
core   0: 0x0000000080004d88 (0x4021d4b3) sra     s1, gp, sp
core   0: 1 0x0000000080004d88 (0x4021d4b3) x9  0xfffffffff68b7800
core   0: 0x0000000080004d8c (0x432ccb17) auipc   s6, 0x432cc
core   0: 1 0x0000000080004d8c (0x432ccb17) x22 0x00000000c32d0d8c
core   0: 0x0000000080004d90 (0x0032c2b3) xor     t0, t0, gp
core   0: 1 0x0000000080004d90 (0x0032c2b3) x5  0xffffffff6d16b014
core   0: 0x0000000080004d94 (0x5300e913) ori     s2, ra, 1328
core   0: 1 0x0000000080004d94 (0x5300e913) x18 0x00000000913edd3e
core   0: 0x0000000080004d98 (0x00000001) c.nop
core   0: 1 0x0000000080004d98 (0x0001)
core   0: 0x0000000080004d9a (0x420a0a53) fcvt.d.s fs4, fs4
core   0: 1 0x0000000080004d9a (0x420a0a53) f20 0x7ff8000000000000
core   0: 0x0000000080004d9e (0xd238fb53) fcvt.d.lu fs6, a7
core   0: 1 0x0000000080004d9e (0xd238fb53) f22 0x43effffffff38000
core   0: 0x0000000080004da2 (0x7bc9f347) fmsub.d ft6, fs3, ft8, fa5
core   0: 1 0x0000000080004da2 (0x7bc9f347) f6  0x7ff8000000000000
core   0: 0x0000000080004da6 (0x40b58033) sub     zero, a1, a1
core   0: 1 0x0000000080004da6 (0x40b58033)
core   0: 0x0000000080004daa (0x07476d37) lui     s10, 0x7476
core   0: 1 0x0000000080004daa (0x07476d37) x26 0x0000000007476000
core   0: 0x0000000080004dae (0x08bd0d1b) addiw   s10, s10, 139
core   0: 1 0x0000000080004dae (0x08bd0d1b) x26 0x000000000747608b
core   0: 0x0000000080004db2 (0x00000d32) c.slli  s10, 12
core   0: 1 0x0000000080004db2 (0x0d32) x26 0x000000747608b000
core   0: 0x0000000080004db4 (0xe83d0d13) addi    s10, s10, -381
core   0: 1 0x0000000080004db4 (0xe83d0d13) x26 0x000000747608ae83
core   0: 0x0000000080004db8 (0x00008122) c.mv    sp, s0
core   0: 1 0x0000000080004db8 (0x8122) x2  0xffffffffed16f001
core   0: 0x0000000080004dba (0x4063013b) subw    sp, t1, t1
core   0: 1 0x0000000080004dba (0x4063013b) x2  0x0000000000000000
core   0: 0x0000000080004dbe (0x1a63f5d3) fdiv.d  fa1, ft7, ft6
core   0: 1 0x0000000080004dbe (0x1a63f5d3) f11 0x7ff8000000000000
core   0: 0x0000000080004dc2 (0x2ad91fd3) fmax.d  ft11, fs2, fa3
core   0: 1 0x0000000080004dc2 (0x2ad91fd3) f31 0x7ff8000000000000
core   0: 0x0000000080004dc6 (0xd23c77d3) fcvt.d.lu fa5, s8
core   0: 1 0x0000000080004dc6 (0xd23c77d3) f15 0x0000000000000000
core   0: 0x0000000080004dca (0x00e7553b) srlw    a0, a4, a4
core   0: 1 0x0000000080004dca (0x00e7553b) x10 0x0000000000000000
core   0: 0x0000000080004dce (0x40a65bbb) sraw    s7, a2, a0
core   0: 1 0x0000000080004dce (0x40a65bbb) x23 0x0000000000000a00
core   0: 0x0000000080004dd2 (0xd02870d3) fcvt.s.l ft1, a6
core   0: 1 0x0000000080004dd2 (0xd02870d3) f1  0xffffffff4f113edc
core   0: 0x0000000080004dd6 (0x017691bb) sllw    gp, a3, s7
core   0: 1 0x0000000080004dd6 (0x017691bb) x3  0x0000000000000000
core   0: 0x0000000080004dda (0x00a1903b) sllw    zero, gp, a0
core   0: 1 0x0000000080004dda (0x00a1903b)
core   0: 0x0000000080004dde (0xc03e7353) fcvt.lu.s t1, ft8
core   0: 1 0x0000000080004dde (0xc03e7353) c1_fflags 0x0000000000000011 x6  0xffffffffffffffff
core   0: 0x0000000080004de2 (0x0060003b) addw    zero, zero, t1
core   0: 1 0x0000000080004de2 (0x0060003b)
core   0: 0x0000000080004de6 (0xc22e7253) fcvt.l.d tp, ft8
core   0: 1 0x0000000080004de6 (0xc22e7253) c1_fflags 0x0000000000000011 x4  0x7fffffffffffffff
core   0: 0x0000000080004dea (0x01b7521b) srliw   tp, a4, 27
core   0: 1 0x0000000080004dea (0x01b7521b) x4  0x0000000000000000
core   0: 0x0000000080004dee (0x00091593) slli    a1, s2, 0
core   0: 1 0x0000000080004dee (0x00091593) x11 0x00000000913edd3e
core   0: 0x0000000080004df2 (0x7ff5f813) andi    a6, a1, 2047
core   0: 1 0x0000000080004df2 (0x7ff5f813) x16 0x000000000000053e
core   0: 0x0000000080004df6 (0x00c45cbb) srlw    s9, s0, a2
core   0: 1 0x0000000080004df6 (0x00c45cbb) x25 0xffffffffed16f001
core   0: 0x0000000080004dfa (0x4010f8d3) fcvt.s.d fa7, ft1
core   0: 1 0x0000000080004dfa (0x4010f8d3) f17 0xffffffff7fc00000
core   0: 0x0000000080004dfe (0x00eef733) and     a4, t4, a4
core   0: 1 0x0000000080004dfe (0x00eef733) x14 0x0000000000000002
core   0: 0x0000000080004e02 (0xfb59facf) fnmadd.d fs5, fs3, fs5, ft11
core   0: 1 0x0000000080004e02 (0xfb59facf) f21 0x7ff8000000000000
core   0: 0x0000000080004e06 (0x019ee833) or      a6, t4, s9
core   0: 1 0x0000000080004e06 (0x019ee833) x16 0xffffffffffffffff
core   0: 0x0000000080004e0a (0x034a3933) mulhu   s2, s4, s4
core   0: 1 0x0000000080004e0a (0x034a3933) x18 0x0000000000000000
core   0: 0x0000000080004e0e (0xf88ef197) auipc   gp, 0xf88ef
core   0: 1 0x0000000080004e0e (0xf88ef197) x3  0x00000000788f3e0e
core   0: 0x0000000080004e12 (0x0008549b) srliw   s1, a6, 0
core   0: 1 0x0000000080004e12 (0x0008549b) x9  0xffffffffffffffff
core   0: 0x0000000080004e16 (0x00ba05bb) addw    a1, s4, a1
core   0: 1 0x0000000080004e16 (0x00ba05bb) x11 0xffffffff913edd3e
core   0: 0x0000000080004e1a (0x7c88aeb7) lui     t4, 0x7c88a
core   0: 1 0x0000000080004e1a (0x7c88aeb7) x29 0x000000007c88a000
core   0: 0x0000000080004e1e (0xd030f2d3) fcvt.s.lu ft5, ra
core   0: 1 0x0000000080004e1e (0xd030f2d3) c1_fflags 0x0000000000000011 f5  0xffffffff4f113ed9
core   0: 0x0000000080004e22 (0x40197653) fcvt.s.d fa2, fs2
core   0: 1 0x0000000080004e22 (0x40197653) f12 0xffffffff7fc00000
core   0: 0x0000000080004e26 (0x31d58b17) auipc   s6, 0x31d58
core   0: 1 0x0000000080004e26 (0x31d58b17) x22 0x00000000b1d5ce26
core   0: 0x0000000080004e2a (0x22aa9fd3) fsgnjn.d ft11, fs5, fa0
core   0: 1 0x0000000080004e2a (0x22aa9fd3) f31 0xfff8000000000000
core   0: 0x0000000080004e2e (0xd20583d3) fcvt.d.w ft7, a1
core   0: 1 0x0000000080004e2e (0xd20583d3) f7  0xc1dbb048b0800000
core   0: 0x0000000080004e32 (0xbbf3f943) fmadd.d fs2, ft7, ft11, fs7
core   0: 1 0x0000000080004e32 (0xbbf3f943) f18 0x7ff8000000000000
core   0: 0x0000000080004e36 (0x4b2e889b) addiw   a7, t4, 1202
core   0: 1 0x0000000080004e36 (0x4b2e889b) x17 0x000000007c88a4b2
core   0: 0x0000000080004e3a (0x92ee7f43) fmadd.d ft10, ft8, fa4, fs2
core   0: 1 0x0000000080004e3a (0x92ee7f43) f30 0x7ff8000000000000
core   0: 0x0000000080004e3e (0x2abf05d3) fmin.d  fa1, ft10, fa1
core   0: 1 0x0000000080004e3e (0x2abf05d3) f11 0x7ff8000000000000
core   0: 0x0000000080004e42 (0xe2000853) fmv.x.d a6, ft0
core   0: 1 0x0000000080004e42 (0xe2000853) x16 0x0210117b2e0c8b46
core   0: 0x0000000080004e46 (0x2b3e1353) fmax.d  ft6, ft8, fs3
core   0: 1 0x0000000080004e46 (0x2b3e1353) f6  0x7ff8000000000000
core   0: 0x0000000080004e4a (0x003061b3) or      gp, zero, gp
core   0: 1 0x0000000080004e4a (0x003061b3) x3  0x00000000788f3e0e
core   0: 0x0000000080004e4e (0x0ff0000f) fence   iorw,iorw
core   0: 1 0x0000000080004e4e (0x0ff0000f)
core   0: 0x0000000080004e52 (0xd22dfc53) fcvt.d.l fs8, s11
core   0: 1 0x0000000080004e52 (0xd22dfc53) f24 0x4000000000000000
core   0: 0x0000000080004e56 (0x00887533) and     a0, a6, s0
core   0: 1 0x0000000080004e56 (0x00887533) x10 0x0210117b2c048000
core   0: 0x0000000080004e5a (0x23850553) fsgnj.d fa0, fa0, fs8
core   0: 1 0x0000000080004e5a (0x23850553) f10 0x7ff8000000000000
core   0: 0x0000000080004e5e (0x000e5b9b) srliw   s7, t3, 0
core   0: 1 0x0000000080004e5e (0x000e5b9b) x23 0xffffffffffffffff
core   0: 0x0000000080004e62 (0x00000001) c.nop
core   0: 1 0x0000000080004e62 (0x0001)
core   0: 0x0000000080004e64 (0x4018fed3) fcvt.s.d ft9, fa7
core   0: 1 0x0000000080004e64 (0x4018fed3) f29 0xffffffff7fc00000
core   0: 0x0000000080004e68 (0xd21102d3) fcvt.d.wu ft5, sp
core   0: 1 0x0000000080004e68 (0xd21102d3) f5  0x0000000000000000
core   0: 0x0000000080004e6c (0x00145b9b) srliw   s7, s0, 1
core   0: 1 0x0000000080004e6c (0x00145b9b) x23 0x00000000768b7800
core   0: 0x0000000080004e70 (0x001bd513) srli    a0, s7, 1
core   0: 1 0x0000000080004e70 (0x001bd513) x10 0x000000003b45bc00
core   0: 0x0000000080004e74 (0x40b5d5b3) sra     a1, a1, a1
core   0: 1 0x0000000080004e74 (0x40b5d5b3) x11 0xffffffffffffffff
core   0: 0x0000000080004e78 (0xc024fc53) fcvt.l.s s8, fs1
core   0: 1 0x0000000080004e78 (0xc024fc53) c1_fflags 0x0000000000000011 x24 0x7fffffffffffffff
core   0: 0x0000000080004e7c (0xc2137ed3) fcvt.wu.d t4, ft6
core   0: 1 0x0000000080004e7c (0xc2137ed3) c1_fflags 0x0000000000000011 x29 0xffffffffffffffff
core   0: 0x0000000080004e80 (0x0156da3b) srlw    s4, a3, s5
core   0: 1 0x0000000080004e80 (0x0156da3b) x20 0x0000000000000000
core   0: 0x0000000080004e84 (0x034be1bb) remw    gp, s7, s4
core   0: 1 0x0000000080004e84 (0x034be1bb) x3  0x00000000768b7800
core   0: 0x0000000080004e88 (0x00566ab3) or      s5, a2, t0
core   0: 1 0x0000000080004e88 (0x00566ab3) x21 0xffffffff6d16ba14
core   0: 0x0000000080004e8c (0x02294133) div     sp, s2, sp
core   0: 1 0x0000000080004e8c (0x02294133) x2  0xffffffffffffffff
core   0: 0x0000000080004e90 (0x023bebb3) rem     s7, s7, gp
core   0: 1 0x0000000080004e90 (0x023bebb3) x23 0x0000000000000000
core   0: 0x0000000080004e94 (0x024ee0b3) rem     ra, t4, tp
core   0: 1 0x0000000080004e94 (0x024ee0b3) x1  0xffffffffffffffff
core   0: 0x0000000080004e98 (0x2a2797d3) fmax.d  fa5, fa5, ft2
core   0: 1 0x0000000080004e98 (0x2a2797d3) f15 0x0000000000000000
core   0: 0x0000000080004e9c (0x03f01013) slli    zero, zero, 63
core   0: 1 0x0000000080004e9c (0x03f01013)
core   0: 0x0000000080004ea0 (0xc2217c53) fcvt.l.d s8, ft2
core   0: 1 0x0000000080004ea0 (0xc2217c53) c1_fflags 0x0000000000000011 x24 0x7fffffffffffffff
core   0: 0x0000000080004ea4 (0x4006d013) srai    zero, a3, 0
core   0: 1 0x0000000080004ea4 (0x4006d013)
core   0: 0x0000000080004ea8 (0xc237f1d3) fcvt.lu.d gp, fa5
core   0: 1 0x0000000080004ea8 (0xc237f1d3) x3  0x0000000000000000
core   0: 0x0000000080004eac (0xc217f0d3) fcvt.wu.d ra, fa5
core   0: 1 0x0000000080004eac (0xc217f0d3) x1  0x0000000000000000
core   0: 0x0000000080004eb0 (0x00009c11) c.subw  s0, a2
core   0: 1 0x0000000080004eb0 (0x9c11) x8  0xffffffffed16e601
core   0: 0x0000000080004eb2 (0x00da5813) srli    a6, s4, 13
core   0: 1 0x0000000080004eb2 (0x00da5813) x16 0x0000000000000000
core   0: 0x0000000080004eb6 (0x128474d3) fmul.d  fs1, fs0, fs0
core   0: 1 0x0000000080004eb6 (0x128474d3) f9  0x7ff8000000000000
core   0: 0x0000000080004eba (0x00000001) c.nop
core   0: 1 0x0000000080004eba (0x0001)
core   0: 0x0000000080004ebc (0xf20b8053) fmv.d.x ft0, s7
core   0: 1 0x0000000080004ebc (0xf20b8053) f0  0x0000000000000000
core   0: 0x0000000080004ec0 (0x9615eeb7) lui     t4, 0x9615e
core   0: 1 0x0000000080004ec0 (0x9615eeb7) x29 0xffffffff9615e000
core   0: 0x0000000080004ec4 (0x0168d41b) srliw   s0, a7, 22
core   0: 1 0x0000000080004ec4 (0x0168d41b) x8  0x00000000000001f2
core   0: 0x0000000080004ec8 (0x02d97933) remu    s2, s2, a3
core   0: 1 0x0000000080004ec8 (0x02d97933) x18 0x0000000000000000
core   0: 0x0000000080004ecc (0x0157163b) sllw    a2, a4, s5
core   0: 1 0x0000000080004ecc (0x0157163b) x12 0x0000000000200000
core   0: 0x0000000080004ed0 (0xc0337b53) fcvt.lu.s s6, ft6
core   0: 1 0x0000000080004ed0 (0xc0337b53) c1_fflags 0x0000000000000011 x22 0xffffffffffffffff
core   0: 0x0000000080004ed4 (0xd2010ed3) fcvt.d.w ft9, sp
core   0: 1 0x0000000080004ed4 (0xd2010ed3) f29 0xbff0000000000000
core   0: 0x0000000080004ed8 (0x03791833) mulh    a6, s2, s7
core   0: 1 0x0000000080004ed8 (0x03791833) x16 0x0000000000000000
core   0: 0x0000000080004edc (0x438be713) ori     a4, s7, 1080
core   0: 1 0x0000000080004edc (0x438be713) x14 0x0000000000000438
core   0: 0x0000000080004ee0 (0x40e38333) sub     t1, t2, a4
core   0: 1 0x0000000080004ee0 (0x40e38333) x6  0x0000000000001bc7
core   0: 0x0000000080004ee4 (0x00e3da33) srl     s4, t2, a4
core   0: 1 0x0000000080004ee4 (0x00e3da33) x20 0x0000000000000000
core   0: 0x0000000080004ee8 (0x2a650353) fmin.d  ft6, fa0, ft6
core   0: 1 0x0000000080004ee8 (0x2a650353) f6  0x7ff8000000000000
core   0: 0x0000000080004eec (0x0333a3b3) mulhsu  t2, t2, s3
core   0: 1 0x0000000080004eec (0x0333a3b3) x7  0x0000000000000000
core   0: 0x0000000080004ef0 (0x40bd513b) sraw    sp, s10, a1
core   0: 1 0x0000000080004ef0 (0x40bd513b) x2  0x0000000000000000
core   0: 0x0000000080004ef4 (0x00000001) c.nop
core   0: 1 0x0000000080004ef4 (0x0001)
core   0: 0x0000000080004ef6 (0x800dc093) xori    ra, s11, -2048
core   0: 1 0x0000000080004ef6 (0x800dc093) x1  0xfffffffffffff802
core   0: 0x0000000080004efa (0x00d6a9b3) slt     s3, a3, a3
core   0: 1 0x0000000080004efa (0x00d6a9b3) x19 0x0000000000000000
core   0: 0x0000000080004efe (0xa3c5ce93) xori    t4, a1, -1476
core   0: 1 0x0000000080004efe (0xa3c5ce93) x29 0x00000000000005c3
core   0: 0x0000000080004f02 (0x0001d313) srli    t1, gp, 0
core   0: 1 0x0000000080004f02 (0x0001d313) x6  0x0000000000000000
core   0: 0x0000000080004f06 (0x0043da1b) srliw   s4, t2, 4
core   0: 1 0x0000000080004f06 (0x0043da1b) x20 0x0000000000000000
core   0: 0x0000000080004f0a (0x414b593b) sraw    s2, s6, s4
core   0: 1 0x0000000080004f0a (0x414b593b) x18 0xffffffffffffffff
core   0: 0x0000000080004f0e (0x02a51b33) mulh    s6, a0, a0
core   0: 1 0x0000000080004f0e (0x02a51b33) x22 0x0000000000000000
core   0: 0x0000000080004f12 (0x0114fcb3) and     s9, s1, a7
core   0: 1 0x0000000080004f12 (0x0114fcb3) x25 0x000000007c88a4b2
core   0: 0x0000000080004f16 (0x00e3f3b3) and     t2, t2, a4
core   0: 1 0x0000000080004f16 (0x00e3f3b3) x7  0x0000000000000000
core   0: 0x0000000080004f1a (0xc2037353) fcvt.w.d t1, ft6
core   0: 1 0x0000000080004f1a (0xc2037353) c1_fflags 0x0000000000000011 x6  0x000000007fffffff
core   0: 0x0000000080004f1e (0x016b7b33) and     s6, s6, s6
core   0: 1 0x0000000080004f1e (0x016b7b33) x22 0x0000000000000000
core   0: 0x0000000080004f22 (0xc03370d3) fcvt.lu.s ra, ft6
core   0: 1 0x0000000080004f22 (0xc03370d3) c1_fflags 0x0000000000000011 x1  0xffffffffffffffff
core   0: 0x0000000080004f26 (0xe20e8ad3) fmv.x.d s5, ft9
core   0: 1 0x0000000080004f26 (0xe20e8ad3) x21 0xbff0000000000000
core   0: 0x0000000080004f2a (0x401e5013) srai    zero, t3, 1
core   0: 1 0x0000000080004f2a (0x401e5013)
core   0: 0x0000000080004f2e (0x1e633617) auipc   a2, 0x1e633
core   0: 1 0x0000000080004f2e (0x1e633617) x12 0x000000009e637f2e
core   0: 0x0000000080004f32 (0x2b291fd3) fmax.d  ft11, fs2, fs2
core   0: 1 0x0000000080004f32 (0x2b291fd3) f31 0x7ff8000000000000
core   0: 0x0000000080004f36 (0xf3df7743) fmadd.d fa4, ft10, ft9, ft10
core   0: 1 0x0000000080004f36 (0xf3df7743) f14 0x7ff8000000000000
core   0: 0x0000000080004f3a (0x0010019b) addiw   gp, zero, 1
core   0: 1 0x0000000080004f3a (0x0010019b) x3  0x0000000000000001
core   0: 0x0000000080004f3e (0x00202473) csrrs   s0, frm, zero
core   0: 1 0x0000000080004f3e (0x00202473) x8  0x0000000000000000
core   0: 0x0000000080004f42 (0x0ff0000f) fence   iorw,iorw
core   0: 1 0x0000000080004f42 (0x0ff0000f)
core   0: 0x0000000080004f46 (0x02545733) divu    a4, s0, t0
core   0: 1 0x0000000080004f46 (0x02545733) x14 0x0000000000000000
core   0: 0x0000000080004f4a (0x02bb1033) mulh    zero, s6, a1
core   0: 1 0x0000000080004f4a (0x02bb1033)
core   0: 0x0000000080004f4e (0x40d756b3) sra     a3, a4, a3
core   0: 1 0x0000000080004f4e (0x40d756b3) x13 0x0000000000000000
core   0: 0x0000000080004f52 (0x417c8e3b) subw    t3, s9, s7
core   0: 1 0x0000000080004f52 (0x417c8e3b) x28 0x000000007c88a4b2
core   0: 0x0000000080004f56 (0xc2037353) fcvt.w.d t1, ft6
core   0: 1 0x0000000080004f56 (0xc2037353) c1_fflags 0x0000000000000011 x6  0x000000007fffffff
core   0: 0x0000000080004f5a (0x00035a1b) srliw   s4, t1, 0
core   0: 1 0x0000000080004f5a (0x00035a1b) x20 0x000000007fffffff
core   0: 0x0000000080004f5e (0x0167dd3b) srlw    s10, a5, s6
core   0: 1 0x0000000080004f5e (0x0167dd3b) x26 0xffffffff80004d1a
core   0: 0x0000000080004f62 (0x0136583b) srlw    a6, a2, s3
core   0: 1 0x0000000080004f62 (0x0136583b) x16 0xffffffff9e637f2e
core   0: 0x0000000080004f66 (0x409d0d33) sub     s10, s10, s1
core   0: 1 0x0000000080004f66 (0x409d0d33) x26 0xffffffff80004d1b
core   0: 0x0000000080004f6a (0x0040939b) slliw   t2, ra, 4
core   0: 1 0x0000000080004f6a (0x0040939b) x7  0xfffffffffffffff0
core   0: 0x0000000080004f6e (0x03938ebb) mulw    t4, t2, s9
core   0: 1 0x0000000080004f6e (0x03938ebb) x29 0x000000003775b4e0
core   0: 0x0000000080004f72 (0x00009be6) c.add   s7, s9
core   0: 1 0x0000000080004f72 (0x9be6) x23 0x000000007c88a4b2
core   0: 0x0000000080004f74 (0x000015fd) c.addi  a1, -1
core   0: 1 0x0000000080004f74 (0x15fd) x11 0xfffffffffffffffe
core   0: 0x0000000080004f76 (0xe20f8453) fmv.x.d s0, ft11
core   0: 1 0x0000000080004f76 (0xe20f8453) x8  0x7ff8000000000000
core   0: 0x0000000080004f7a (0x033ff853) fadd.d  fa6, ft11, fs3
core   0: 1 0x0000000080004f7a (0x033ff853) f16 0x7ff8000000000000
core   0: 0x0000000080004f7e (0x4012d81b) sraiw   a6, t0, 1
core   0: 1 0x0000000080004f7e (0x4012d81b) x16 0x00000000368b580a
core   0: 0x0000000080004f82 (0x03de88bb) mulw    a7, t4, t4
core   0: 1 0x0000000080004f82 (0x03de88bb) x17 0x00000000148bc400
core   0: 0x0000000080004f86 (0x015af1b3) and     gp, s5, s5
core   0: 1 0x0000000080004f86 (0x015af1b3) x3  0xbff0000000000000
core   0: 0x0000000080004f8a (0xd2110dd3) fcvt.d.wu fs11, sp
core   0: 1 0x0000000080004f8a (0xd2110dd3) f27 0x0000000000000000
core   0: 0x0000000080004f8e (0x01519213) slli    tp, gp, 21
core   0: 1 0x0000000080004f8e (0x01519213) x4  0x0000000000000000
core   0: 0x0000000080004f92 (0x03b54dbb) divw    s11, a0, s11
core   0: 1 0x0000000080004f92 (0x03b54dbb) x27 0x000000001da2de00
core   0: 0x0000000080004f96 (0xed02fe93) andi    t4, t0, -304
core   0: 1 0x0000000080004f96 (0xed02fe93) x29 0xffffffff6d16b010
core   0: 0x0000000080004f9a (0x001a8313) addi    t1, s5, 1
core   0: 1 0x0000000080004f9a (0x001a8313) x6  0xbff0000000000001
core   0: 0x0000000080004f9e (0x127f7153) fmul.d  ft2, ft10, ft7
core   0: 1 0x0000000080004f9e (0x127f7153) f2  0x7ff8000000000000
core   0: 0x0000000080004fa2 (0x01db2eb3) slt     t4, s6, t4
core   0: 1 0x0000000080004fa2 (0x01db2eb3) x29 0x0000000000000000
core   0: 0x0000000080004fa6 (0x03da03b3) mul     t2, s4, t4
core   0: 1 0x0000000080004fa6 (0x03da03b3) x7  0x0000000000000000
core   0: 0x0000000080004faa (0xa2c58853) fle.d   a6, fa1, fa2
core   0: 1 0x0000000080004faa (0xa2c58853) c1_fflags 0x0000000000000011 x16 0x0000000000000000
core   0: 0x0000000080004fae (0x80038d1b) addiw   s10, t2, -2048
core   0: 1 0x0000000080004fae (0x80038d1b) x26 0xfffffffffffff800
core   0: 0x0000000080004fb2 (0x21d3d3b7) lui     t2, 0x21d3d
core   0: 1 0x0000000080004fb2 (0x21d3d3b7) x7  0x0000000021d3d000
core   0: 0x0000000080004fb6 (0x4030d43b) sraw    s0, ra, gp
core   0: 1 0x0000000080004fb6 (0x4030d43b) x8  0xffffffffffffffff
core   0: 0x0000000080004fba (0x4084003b) subw    zero, s0, s0
core   0: 1 0x0000000080004fba (0x4084003b)
core   0: 0x0000000080004fbe (0x4080dabb) sraw    s5, ra, s0
core   0: 1 0x0000000080004fbe (0x4080dabb) x21 0xffffffffffffffff
core   0: 0x0000000080004fc2 (0x02019d33) mulh    s10, gp, zero
core   0: 1 0x0000000080004fc2 (0x02019d33) x26 0x0000000000000000
core   0: 0x0000000080004fc6 (0x005eceb3) xor     t4, t4, t0
core   0: 1 0x0000000080004fc6 (0x005eceb3) x29 0xffffffff6d16b014
core   0: 0x0000000080004fca (0x04cabeb7) lui     t4, 0x4cab
core   0: 1 0x0000000080004fca (0x04cabeb7) x29 0x0000000004cab000
core   0: 0x0000000080004fce (0x53de8e9b) addiw   t4, t4, 1341
core   0: 1 0x0000000080004fce (0x53de8e9b) x29 0x0000000004cab53d
core   0: 0x0000000080004fd2 (0x00000eb2) c.slli  t4, 12
core   0: 1 0x0000000080004fd2 (0x0eb2) x29 0x0000004cab53d000
core   0: 0x0000000080004fd4 (0xe29e8e93) addi    t4, t4, -471
core   0: 1 0x0000000080004fd4 (0xe29e8e93) x29 0x0000004cab53ce29
core   0: 0x0000000080004fd8 (0x8ea3c9b7) lui     s3, 0x8ea3c
core   0: 1 0x0000000080004fd8 (0x8ea3c9b7) x19 0xffffffff8ea3c000
core   0: 0x0000000080004fdc (0x402e8a33) sub     s4, t4, sp
core   0: 1 0x0000000080004fdc (0x402e8a33) x20 0x0000004cab53ce29
core   0: 0x0000000080004fe0 (0xd2120453) fcvt.d.wu fs0, tp
core   0: 1 0x0000000080004fe0 (0xd2120453) f8  0x0000000000000000
core   0: 0x0000000080004fe4 (0x03db4b3b) divw    s6, s6, t4
core   0: 1 0x0000000080004fe4 (0x03db4b3b) x22 0x0000000000000000
core   0: 0x0000000080004fe8 (0x0233aab3) mulhsu  s5, t2, gp
core   0: 1 0x0000000080004fe8 (0x0233aab3) x21 0x00000000195cbec3
core   0: 0x0000000080004fec (0x0311e5bb) remw    a1, gp, a7
core   0: 1 0x0000000080004fec (0x0311e5bb) x11 0x0000000000000000
core   0: 0x0000000080004ff0 (0x0ff0000f) fence   iorw,iorw
core   0: 1 0x0000000080004ff0 (0x0ff0000f)
core   0: 0x0000000080004ff4 (0x0156a6b3) slt     a3, a3, s5
core   0: 1 0x0000000080004ff4 (0x0156a6b3) x13 0x0000000000000001
core   0: 0x0000000080004ff8 (0x4066d6b3) sra     a3, a3, t1
core   0: 1 0x0000000080004ff8 (0x4066d6b3) x13 0x0000000000000000
core   0: 0x0000000080004ffc (0x02537d3b) remuw   s10, t1, t0
core   0: 1 0x0000000080004ffc (0x02537d3b) x26 0x0000000000000001
core   0: 0x0000000080005000 (0x03111cb3) mulh    s9, sp, a7
core   0: 1 0x0000000080005000 (0x03111cb3) x25 0x0000000000000000
core   0: 0x0000000080005004 (0x0334c633) div     a2, s1, s3
core   0: 1 0x0000000080005004 (0x0334c633) x12 0x0000000000000000
core   0: 0x0000000080005008 (0x420a0a53) fcvt.d.s fs4, fs4
core   0: 1 0x0000000080005008 (0x420a0a53) f20 0x7ff8000000000000
core   0: 0x000000008000500c (0x00e62733) slt     a4, a2, a4
core   0: 1 0x000000008000500c (0x00e62733) x14 0x0000000000000000
core   0: 0x0000000080005010 (0x01cb9793) slli    a5, s7, 28
core   0: 1 0x0000000080005010 (0x01cb9793) x15 0x07c88a4b20000000
core   0: 0x0000000080005014 (0x1b727c53) fdiv.d  fs8, ft4, fs7
core   0: 1 0x0000000080005014 (0x1b727c53) f24 0x7ff8000000000000
core   0: 0x0000000080005018 (0x02cc78bb) remuw   a7, s8, a2
core   0: 1 0x0000000080005018 (0x02cc78bb) x17 0xffffffffffffffff
core   0: 0x000000008000501c (0x1b1d78d3) fdiv.d  fa7, fs10, fa7
core   0: 1 0x000000008000501c (0x1b1d78d3) f17 0x7ff8000000000000
core   0: 0x0000000080005020 (0x412d8db3) sub     s11, s11, s2
core   0: 1 0x0000000080005020 (0x412d8db3) x27 0x000000001da2de01
core   0: 0x0000000080005024 (0x131074cb) fnmsub.d fs1, ft0, fa7, ft2
core   0: 1 0x0000000080005024 (0x131074cb) f9  0x7ff8000000000000
core   0: 0x0000000080005028 (0x01b894bb) sllw    s1, a7, s11
core   0: 1 0x0000000080005028 (0x01b894bb) x9  0xfffffffffffffffe
core   0: 0x000000008000502c (0x4c13c793) xori    a5, t2, 1217
core   0: 1 0x000000008000502c (0x4c13c793) x15 0x0000000021d3d4c1
core   0: 0x0000000080005030 (0x001029f3) csrrs   s3, fflags, zero
core   0: 1 0x0000000080005030 (0x001029f3) x19 0x0000000000000011
core   0: 0x0000000080005034 (0x13b97d53) fmul.d  fs10, fs2, fs11
core   0: 1 0x0000000080005034 (0x13b97d53) f26 0x7ff8000000000000
core   0: 0x0000000080005038 (0x70b17197) auipc   gp, 0x70b17
core   0: 1 0x0000000080005038 (0x70b17197) x3  0x00000000f0b1c038
core   0: 0x000000008000503c (0x40cd863b) subw    a2, s11, a2
core   0: 1 0x000000008000503c (0x40cd863b) x12 0x000000001da2de01
core   0: 0x0000000080005040 (0x00879033) sll     zero, a5, s0
core   0: 1 0x0000000080005040 (0x00879033)
core   0: 0x0000000080005044 (0x620cfe4b) fnmsub.d ft8, fs9, ft0, fa2
core   0: 1 0x0000000080005044 (0x620cfe4b) f28 0x7ff8000000000000
core   0: 0x0000000080005048 (0x82c4099b) addiw   s3, s0, -2004
core   0: 1 0x0000000080005048 (0x82c4099b) x19 0xfffffffffffff82b
core   0: 0x000000008000504c (0x414b5333) sra     t1, s6, s4
core   0: 1 0x000000008000504c (0x414b5333) x6  0x0000000000000000
core   0: 0x0000000080005050 (0x02ad7d33) remu    s10, s10, a0
core   0: 1 0x0000000080005050 (0x02ad7d33) x26 0x0000000000000001
core   0: 0x0000000080005054 (0x2b0208d3) fmin.d  fa7, ft4, fa6
core   0: 1 0x0000000080005054 (0x2b0208d3) f17 0x7ff8000000000000
core   0: 0x0000000080005058 (0x002b97f3) csrrw   a5, frm, s7
core   0: 1 0x0000000080005058 (0x002b97f3) x15 0x0000000000000000 c2_frm 0x0000000000000002
core   0: 0x000000008000505c (0x73097947) fmsub.d fs2, fs2, fa6, fa4
core   0: 1 0x000000008000505c (0x73097947) f18 0x7ff8000000000000
core   0: 0x0000000080005060 (0x0282fd33) remu    s10, t0, s0
core   0: 1 0x0000000080005060 (0x0282fd33) x26 0xffffffff6d16b014
core   0: 0x0000000080005064 (0x003d57b3) srl     a5, s10, gp
core   0: 1 0x0000000080005064 (0x003d57b3) x15 0x00000000000000ff
core   0: 0x0000000080005068 (0x23082b53) fsgnjx.d fs6, fa6, fa6
core   0: 1 0x0000000080005068 (0x23082b53) f22 0x7ff8000000000000
core   0: 0x000000008000506c (0x0007dd93) srli    s11, a5, 0
core   0: 1 0x000000008000506c (0x0007dd93) x27 0x00000000000000ff
core   0: 0x0000000080005070 (0x1b4d73d3) fdiv.d  ft7, fs10, fs4
core   0: 1 0x0000000080005070 (0x1b4d73d3) f7  0x7ff8000000000000
core   0: 0x0000000080005074 (0x023dbbb3) mulhu   s7, s11, gp
core   0: 1 0x0000000080005074 (0x023dbbb3) x23 0x0000000000000000
core   0: 0x0000000080005078 (0x00000001) c.nop
core   0: 1 0x0000000080005078 (0x0001)
core   0: 0x000000008000507a (0x4147d61b) sraiw   a2, a5, 20
core   0: 1 0x000000008000507a (0x4147d61b) x12 0x0000000000000000
core   0: 0x000000008000507e (0x0362723b) remuw   tp, tp, s6
core   0: 1 0x000000008000507e (0x0362723b) x4  0x0000000000000000
core   0: 0x0000000080005082 (0xf20b0dd3) fmv.d.x fs11, s6
core   0: 1 0x0000000080005082 (0xf20b0dd3) f27 0x0000000000000000
core   0: 0x0000000080005086 (0xf130e873) csrrsi  a6, mimpid, 1
core   0: exception trap_illegal_instruction, epc 0x0000000080005086
core   0:           tval 0x00000000f130e873
core   0: >>>>  $xrv64i2p1_m2p0_a2p1_f2p2_d2p2_zicsr2p0_zifencei2p0_zmmul1p0_zba1p0_zbb1p0_zbc1p0_zbs1p0
core   0: 0x0000000080004000 (0x0080006f) j       pc + 0x8
core   0: 3 0x0000000080004000 (0x0080006f)
core   0: >>>>  mmode_exception_handler
core   0: 0x0000000080004008 (0x00002c17) auipc   s8, 0x2
core   0: 3 0x0000000080004008 (0x00002c17) x24 0x0000000080006008
core   0: 0x000000008000400c (0x03cc0c13) addi    s8, s8, 60
core   0: 3 0x000000008000400c (0x03cc0c13) x24 0x0000000080006044
core   0: 0x0000000080004010 (0x000c00e7) jalr    s8
core   0: 3 0x0000000080004010 (0x000c00e7) x1  0x0000000080004014
core   0: >>>>  any_handler
core   0: 0x0000000080006044 (0x341027f3) csrrs   a5, mepc, zero
core   0: 3 0x0000000080006044 (0x341027f3) x15 0x0000000080005086
core   0: 0x0000000080006048 (0x34202773) csrrs   a4, mcause, zero
core   0: 3 0x0000000080006048 (0x34202773) x14 0x0000000000000002
core   0: 0x000000008000604c (0x142026f3) csrrs   a3, scause, zero
core   0: 3 0x000000008000604c (0x142026f3) x13 0x0000000000000000
core   0: 0x0000000080006050 (0x30402673) csrrs   a2, mie, zero
core   0: 3 0x0000000080006050 (0x30402673) x12 0x0000000000000a00
core   0: 0x0000000080006054 (0x344025f3) csrrs   a1, mip, zero
core   0: 3 0x0000000080006054 (0x344025f3) x11 0x0000000000000080
core   0: 0x0000000080006058 (0x343025f3) csrrs   a1, mtval, zero
core   0: 3 0x0000000080006058 (0x343025f3) x11 0x00000000f130e873
core   0: 0x000000008000605c (0x14302573) csrrs   a0, stval, zero
core   0: 3 0x000000008000605c (0x14302573) x10 0x0000000080004014
core   0: 0x0000000080006060 (0xb02024f3) csrrs   s1, minstret, zero
core   0: 3 0x0000000080006060 (0xb02024f3) x9  0x0000000000000d18
core   0: 0x0000000080006064 (0x0000a811) c.j     pc + 20
core   0: 3 0x0000000080006064 (0xa811)
core   0: >>>>  mepc_4
core   0: 0x0000000080006078 (0x00000791) c.addi  a5, 4
core   0: 3 0x0000000080006078 (0x0791) x15 0x000000008000508a
core   0: 0x000000008000607a (0x34179073) csrrw   zero, mepc, a5
core   0: 3 0x000000008000607a (0x34179073) c833_mepc 0x000000008000508a
core   0: 0x000000008000607e (0x30200073) mret
core   0: 3 0x000000008000607e (0x30200073) c768_mstatus 0x8000000a001c61a2
core   0: 0x000000008000508a (0x03cddabb) divuw   s5, s11, t3
core   0: 1 0x000000008000508a (0x03cddabb) x21 0x0000000000000000
core   0: 0x000000008000508e (0x0ff0000f) fence   iorw,iorw
core   0: 1 0x000000008000508e (0x0ff0000f)
core   0: 0x0000000080005092 (0x03cc85bb) mulw    a1, s9, t3
core   0: 1 0x0000000080005092 (0x03cc85bb) x11 0x0000000000000000
core   0: 0x0000000080005096 (0xc033fad3) fcvt.lu.s s5, ft7
core   0: 1 0x0000000080005096 (0xc033fad3) c1_fflags 0x0000000000000011 x21 0xffffffffffffffff
core   0: 0x000000008000509a (0x02f78dbb) mulw    s11, a5, a5
core   0: 1 0x000000008000509a (0x02f78dbb) x27 0x0000000019568a64
core   0: 0x000000008000509e (0x0017de1b) srliw   t3, a5, 1
core   0: 1 0x000000008000509e (0x0017de1b) x28 0x0000000040002845
core   0: 0x00000000800050a2 (0x01c8139b) slliw   t2, a6, 28
core   0: 1 0x00000000800050a2 (0x01c8139b) x7  0x0000000000000000
core   0: 0x00000000800050a6 (0x13bdffd3) fmul.d  ft11, fs11, fs11
core   0: 1 0x00000000800050a6 (0x13bdffd3) f31 0x0000000000000000
core   0: 0x00000000800050aa (0x0002d49b) srliw   s1, t0, 0
core   0: 1 0x00000000800050aa (0x0002d49b) x9  0x000000006d16b014
core   0: 0x00000000800050ae (0xc23dfdd3) fcvt.lu.d s11, fs11
core   0: 1 0x00000000800050ae (0xc23dfdd3) x27 0x0000000000000000
core   0: 0x00000000800050b2 (0xc23d7dd3) fcvt.lu.d s11, fs10
core   0: 1 0x00000000800050b2 (0xc23d7dd3) c1_fflags 0x0000000000000011 x27 0xffffffffffffffff
core   0: 0x00000000800050b6 (0x00a6a9b3) slt     s3, a3, a0
core   0: 1 0x00000000800050b6 (0x00a6a9b3) x19 0x0000000000000001
core   0: 0x00000000800050ba (0xb129b693) sltiu   a3, s3, -1262
core   0: 1 0x00000000800050ba (0xb129b693) x13 0x0000000000000001
core   0: 0x00000000800050be (0x01158333) add     t1, a1, a7
core   0: 1 0x00000000800050be (0x01158333) x6  0xffffffffffffffff
core   0: 0x00000000800050c2 (0x018c7733) and     a4, s8, s8
core   0: 1 0x00000000800050c2 (0x018c7733) x14 0x0000000080006044
core   0: 0x00000000800050c6 (0x5a0f7653) fsqrt.d fa2, ft10
core   0: 1 0x00000000800050c6 (0x5a0f7653) f12 0x7ff8000000000000
core   0: 0x00000000800050ca (0x02b845b3) div     a1, a6, a1
core   0: 1 0x00000000800050ca (0x02b845b3) x11 0xffffffffffffffff
core   0: 0x00000000800050ce (0x03ac5233) divu    tp, s8, s10
core   0: 1 0x00000000800050ce (0x03ac5233) x4  0x0000000000000000
core   0: 0x00000000800050d2 (0x0094d3bb) srlw    t2, s1, s1
core   0: 1 0x00000000800050d2 (0x0094d3bb) x7  0x00000000000006d1
core   0: 0x00000000800050d6 (0x02e47b53) fadd.d  fs6, fs0, fa4
core   0: 1 0x00000000800050d6 (0x02e47b53) f22 0x7ff8000000000000
core   0: 0x00000000800050da (0x1a3772d3) fdiv.d  ft5, fa4, ft3
core   0: 1 0x00000000800050da (0x1a3772d3) f5  0x7ff8000000000000
core   0: 0x00000000800050de (0x0008911b) slliw   sp, a7, 0
core   0: 1 0x00000000800050de (0x0008911b) x2  0xffffffffffffffff
core   0: 0x00000000800050e2 (0x142063f3) csrrsi  t2, scause, 0
core   0: 1 0x00000000800050e2 (0x142063f3) x7  0x0000000000000000
core   0: 0x00000000800050e6 (0x001df193) andi    gp, s11, 1
core   0: 1 0x00000000800050e6 (0x001df193) x3  0x0000000000000001
core   0: 0x00000000800050ea (0x025379bb) remuw   s3, t1, t0
core   0: 1 0x00000000800050ea (0x025379bb) x19 0x0000000025d29fd7
core   0: 0x00000000800050ee (0xc052a2f3) csrrs   t0, hpmcounter5, t0
core   0: exception trap_illegal_instruction, epc 0x00000000800050ee
core   0:           tval 0x00000000c052a2f3
core   0: >>>>  $xrv64i2p1_m2p0_a2p1_f2p2_d2p2_zicsr2p0_zifencei2p0_zmmul1p0_zba1p0_zbb1p0_zbc1p0_zbs1p0
core   0: 0x0000000080004000 (0x0080006f) j       pc + 0x8
core   0: 3 0x0000000080004000 (0x0080006f)
core   0: >>>>  mmode_exception_handler
core   0: 0x0000000080004008 (0x00002c17) auipc   s8, 0x2
core   0: 3 0x0000000080004008 (0x00002c17) x24 0x0000000080006008
core   0: 0x000000008000400c (0x03cc0c13) addi    s8, s8, 60
core   0: 3 0x000000008000400c (0x03cc0c13) x24 0x0000000080006044
core   0: 0x0000000080004010 (0x000c00e7) jalr    s8
core   0: 3 0x0000000080004010 (0x000c00e7) x1  0x0000000080004014
core   0: >>>>  any_handler
core   0: 0x0000000080006044 (0x341027f3) csrrs   a5, mepc, zero
core   0: 3 0x0000000080006044 (0x341027f3) x15 0x00000000800050ee
core   0: 0x0000000080006048 (0x34202773) csrrs   a4, mcause, zero
core   0: 3 0x0000000080006048 (0x34202773) x14 0x0000000000000002
core   0: 0x000000008000604c (0x142026f3) csrrs   a3, scause, zero
core   0: 3 0x000000008000604c (0x142026f3) x13 0x0000000000000000
core   0: 0x0000000080006050 (0x30402673) csrrs   a2, mie, zero
core   0: 3 0x0000000080006050 (0x30402673) x12 0x0000000000000a00
core   0: 0x0000000080006054 (0x344025f3) csrrs   a1, mip, zero
core   0: 3 0x0000000080006054 (0x344025f3) x11 0x0000000000000080
core   0: 0x0000000080006058 (0x343025f3) csrrs   a1, mtval, zero
core   0: 3 0x0000000080006058 (0x343025f3) x11 0x00000000c052a2f3
core   0: 0x000000008000605c (0x14302573) csrrs   a0, stval, zero
core   0: 3 0x000000008000605c (0x14302573) x10 0x0000000080004014
core   0: 0x0000000080006060 (0xb02024f3) csrrs   s1, minstret, zero
core   0: 3 0x0000000080006060 (0xb02024f3) x9  0x0000000000000d41
core   0: 0x0000000080006064 (0x0000a811) c.j     pc + 20
core   0: 3 0x0000000080006064 (0xa811)
core   0: >>>>  mepc_4
core   0: 0x0000000080006078 (0x00000791) c.addi  a5, 4
core   0: 3 0x0000000080006078 (0x0791) x15 0x00000000800050f2
core   0: 0x000000008000607a (0x34179073) csrrw   zero, mepc, a5
core   0: 3 0x000000008000607a (0x34179073) c833_mepc 0x00000000800050f2
core   0: 0x000000008000607e (0x30200073) mret
core   0: 3 0x000000008000607e (0x30200073) c768_mstatus 0x8000000a001c61a2
core   0: 0x00000000800050f2 (0x036d8db3) mul     s11, s11, s6
core   0: 1 0x00000000800050f2 (0x036d8db3) x27 0x0000000000000000
core   0: 0x00000000800050f6 (0xfff18c13) addi    s8, gp, -1
core   0: 1 0x00000000800050f6 (0xfff18c13) x24 0x0000000000000000
core   0: 0x00000000800050fa (0x02181733) mulh    a4, a6, ra
core   0: 1 0x00000000800050fa (0x02181733) x14 0x0000000000000000
core   0: 0x00000000800050fe (0x40a252b3) sra     t0, tp, a0
core   0: 1 0x00000000800050fe (0x40a252b3) x5  0x0000000000000000
core   0: 0x0000000080005102 (0xc201f3d3) fcvt.w.d t2, ft3
core   0: 1 0x0000000080005102 (0xc201f3d3) c1_fflags 0x0000000000000011 x7  0x000000007fffffff
core   0: 0x0000000080005106 (0x002a1073) csrrw   zero, frm, s4
core   0: 1 0x0000000080005106 (0x002a1073) c2_frm 0x0000000000000001
core   0: 0x000000008000510a (0x01a09cbb) sllw    s9, ra, s10
core   0: 1 0x000000008000510a (0x01a09cbb) x25 0x0000000001400000
core   0: 0x000000008000510e (0x021057b3) divu    a5, zero, ra
core   0: 1 0x000000008000510e (0x021057b3) x15 0x0000000000000000
core   0: 0x0000000080005112 (0x4193533b) sraw    t1, t1, s9
core   0: 1 0x0000000080005112 (0x4193533b) x6  0xffffffffffffffff
core   0: 0x0000000080005116 (0x00210cbb) addw    s9, sp, sp
core   0: 1 0x0000000080005116 (0x00210cbb) x25 0xfffffffffffffffe
core   0: 0x000000008000511a (0x017c8d33) add     s10, s9, s7
core   0: 1 0x000000008000511a (0x017c8d33) x26 0xfffffffffffffffe
core   0: 0x000000008000511e (0xc022f8d3) fcvt.l.s a7, ft5
core   0: 1 0x000000008000511e (0xc022f8d3) c1_fflags 0x0000000000000011 x17 0x7fffffffffffffff
core   0: 0x0000000080005122 (0xd03a7753) fcvt.s.lu fa4, s4
core   0: 1 0x0000000080005122 (0xd03a7753) c1_fflags 0x0000000000000011 f14 0xffffffff529956a7
core   0: 0x0000000080005126 (0x0ff0000f) fence   iorw,iorw
core   0: 1 0x0000000080005126 (0x0ff0000f)
core   0: 0x000000008000512a (0x00075e1b) srliw   t3, a4, 0
core   0: 1 0x000000008000512a (0x00075e1b) x28 0x0000000000000000
core   0: 0x000000008000512e (0xee97a697) auipc   a3, 0xee97a
core   0: 1 0x000000008000512e (0xee97a697) x13 0x000000006e97f12e
core   0: 0x0000000080005132 (0x0ff0000f) fence   iorw,iorw
core   0: 1 0x0000000080005132 (0x0ff0000f)
core   0: 0x0000000080005136 (0xc2177d53) fcvt.wu.d s10, fa4
core   0: 1 0x0000000080005136 (0xc2177d53) c1_fflags 0x0000000000000011 x26 0xffffffffffffffff
core   0: 0x000000008000513a (0x1bfe73c7) fmsub.d ft7, ft8, ft11, ft3
core   0: 1 0x000000008000513a (0x1bfe73c7) f7  0x7ff8000000000000
core   0: 0x000000008000513e (0x01040e33) add     t3, s0, a6
core   0: 1 0x000000008000513e (0x01040e33) x28 0xffffffffffffffff
core   0: 0x0000000080005142 (0x800c7613) andi    a2, s8, -2048
core   0: 1 0x0000000080005142 (0x800c7613) x12 0x0000000000000000
core   0: 0x0000000080005146 (0xd2108b53) fcvt.d.wu fs6, ra
core   0: 1 0x0000000080005146 (0xd2108b53) f22 0x41e0000802800000
core   0: 0x000000008000514a (0x123a7d13) andi    s10, s4, 291
core   0: 1 0x000000008000514a (0x123a7d13) x26 0x0000000000000021
core   0: 0x000000008000514e (0x343066f3) csrrsi  a3, mtval, 0
core   0: exception trap_illegal_instruction, epc 0x000000008000514e
core   0:           tval 0x00000000343066f3
core   0: >>>>  $xrv64i2p1_m2p0_a2p1_f2p2_d2p2_zicsr2p0_zifencei2p0_zmmul1p0_zba1p0_zbb1p0_zbc1p0_zbs1p0
core   0: 0x0000000080004000 (0x0080006f) j       pc + 0x8
core   0: 3 0x0000000080004000 (0x0080006f)
core   0: >>>>  mmode_exception_handler
core   0: 0x0000000080004008 (0x00002c17) auipc   s8, 0x2
core   0: 3 0x0000000080004008 (0x00002c17) x24 0x0000000080006008
core   0: 0x000000008000400c (0x03cc0c13) addi    s8, s8, 60
core   0: 3 0x000000008000400c (0x03cc0c13) x24 0x0000000080006044
core   0: 0x0000000080004010 (0x000c00e7) jalr    s8
core   0: 3 0x0000000080004010 (0x000c00e7) x1  0x0000000080004014
core   0: >>>>  any_handler
core   0: 0x0000000080006044 (0x341027f3) csrrs   a5, mepc, zero
core   0: 3 0x0000000080006044 (0x341027f3) x15 0x000000008000514e
core   0: 0x0000000080006048 (0x34202773) csrrs   a4, mcause, zero
core   0: 3 0x0000000080006048 (0x34202773) x14 0x0000000000000002
core   0: 0x000000008000604c (0x142026f3) csrrs   a3, scause, zero
core   0: 3 0x000000008000604c (0x142026f3) x13 0x0000000000000000
core   0: 0x0000000080006050 (0x30402673) csrrs   a2, mie, zero
core   0: 3 0x0000000080006050 (0x30402673) x12 0x0000000000000a00
core   0: 0x0000000080006054 (0x344025f3) csrrs   a1, mip, zero
core   0: 3 0x0000000080006054 (0x344025f3) x11 0x0000000000000080
core   0: 0x0000000080006058 (0x343025f3) csrrs   a1, mtval, zero
core   0: 3 0x0000000080006058 (0x343025f3) x11 0x00000000343066f3
core   0: 0x000000008000605c (0x14302573) csrrs   a0, stval, zero
core   0: 3 0x000000008000605c (0x14302573) x10 0x0000000080004014
core   0: 0x0000000080006060 (0xb02024f3) csrrs   s1, minstret, zero
core   0: 3 0x0000000080006060 (0xb02024f3) x9  0x0000000000000d68
core   0: 0x0000000080006064 (0x0000a811) c.j     pc + 20
core   0: 3 0x0000000080006064 (0xa811)
core   0: >>>>  mepc_4
core   0: 0x0000000080006078 (0x00000791) c.addi  a5, 4
core   0: 3 0x0000000080006078 (0x0791) x15 0x0000000080005152
core   0: 0x000000008000607a (0x34179073) csrrw   zero, mepc, a5
core   0: 3 0x000000008000607a (0x34179073) c833_mepc 0x0000000080005152
core   0: 0x000000008000607e (0x30200073) mret
core   0: 3 0x000000008000607e (0x30200073) c768_mstatus 0x8000000a001c61a2
core   0: 0x0000000080005152 (0xa7d1d637) lui     a2, 0xa7d1d
core   0: 1 0x0000000080005152 (0xa7d1d637) x12 0xffffffffa7d1d000
core   0: 0x0000000080005156 (0x0ff0000f) fence   iorw,iorw
core   0: 1 0x0000000080005156 (0x0ff0000f)
core   0: 0x000000008000515a (0x43f35d13) srai    s10, t1, 63
core   0: 1 0x000000008000515a (0x43f35d13) x26 0xffffffffffffffff
core   0: 0x000000008000515e (0x02a7753b) remuw   a0, a4, a0
core   0: 1 0x000000008000515e (0x02a7753b) x10 0x0000000000000002
core   0: 0x0000000080005162 (0x00a17db3) and     s11, sp, a0
core   0: 1 0x0000000080005162 (0x00a17db3) x27 0x0000000000000002
core   0: 0x0000000080005166 (0x02abfa3b) remuw   s4, s7, a0
core   0: 1 0x0000000080005166 (0x02abfa3b) x20 0x0000000000000000
core   0: 0x000000008000516a (0x014a9133) sll     sp, s5, s4
core   0: 1 0x000000008000516a (0x014a9133) x2  0xffffffffffffffff
core   0: 0x000000008000516e (0x034168b3) rem     a7, sp, s4
core   0: 1 0x000000008000516e (0x034168b3) x17 0xffffffffffffffff
core   0: 0x0000000080005172 (0x3acbf2c3) fmadd.d ft5, fs7, fa2, ft7
core   0: 1 0x0000000080005172 (0x3acbf2c3) f5  0x7ff8000000000000
core   0: 0x0000000080005176 (0x01236933) or      s2, t1, s2
core   0: 1 0x0000000080005176 (0x01236933) x18 0xffffffffffffffff
core   0: 0x000000008000517a (0x42296613) ori     a2, s2, 1058
core   0: 1 0x000000008000517a (0x42296613) x12 0xffffffffffffffff
core   0: 0x000000008000517e (0x00009e4a) c.add   t3, s2
core   0: 1 0x000000008000517e (0x9e4a) x28 0xfffffffffffffffe
core   0: 0x0000000080005180 (0x100920f3) csrrs   ra, sstatus, s2
core   0: 1 0x0000000080005180 (0x100920f3) x1  0x80000002000c6122 c768_mstatus 0x8000000a001c61a2
core   0: 0x0000000080005184 (0x0192c133) xor     sp, t0, s9
core   0: 1 0x0000000080005184 (0x0192c133) x2  0xfffffffffffffffe
core   0: 0x0000000080005188 (0x0ff0000f) fence   iorw,iorw
core   0: 1 0x0000000080005188 (0x0ff0000f)
core   0: 0x000000008000518c (0xc0367453) fcvt.lu.s s0, fa2
core   0: 1 0x000000008000518c (0xc0367453) c1_fflags 0x0000000000000011 x8  0xffffffffffffffff
core   0: 0x0000000080005190 (0x015483b3) add     t2, s1, s5
core   0: 1 0x0000000080005190 (0x015483b3) x7  0x0000000000000d67
core   0: 0x0000000080005194 (0x02988d3b) mulw    s10, a7, s1
core   0: 1 0x0000000080005194 (0x02988d3b) x26 0xfffffffffffff298
core   0: 0x0000000080005198 (0x01c3d613) srli    a2, t2, 28
core   0: 1 0x0000000080005198 (0x01c3d613) x12 0x0000000000000000
core   0: 0x000000008000519c (0x420f0ad3) fcvt.d.s fs5, ft10
core   0: 1 0x000000008000519c (0x420f0ad3) f21 0x7ff8000000000000
core   0: 0x00000000800051a0 (0xd21a8ad3) fcvt.d.wu fs5, s5
core   0: 1 0x00000000800051a0 (0xd21a8ad3) f21 0x41efffffffe00000
core   0: 0x00000000800051a4 (0xd2068853) fcvt.d.w fa6, a3
core   0: 1 0x00000000800051a4 (0xd2068853) f16 0x0000000000000000
core   0: 0x00000000800051a8 (0x03a4643b) remw    s0, s0, s10
core   0: 1 0x00000000800051a8 (0x03a4643b) x8  0xffffffffffffffff
core   0: 0x00000000800051ac (0x00f89e1b) slliw   t3, a7, 15
core   0: 1 0x00000000800051ac (0x00f89e1b) x28 0xffffffffffff8000
core   0: 0x00000000800051b0 (0x01c4e4b3) or      s1, s1, t3
core   0: 1 0x00000000800051b0 (0x01c4e4b3) x9  0xffffffffffff8d68
core   0: 0x00000000800051b4 (0x036e7b3b) remuw   s6, t3, s6
core   0: 1 0x00000000800051b4 (0x036e7b3b) x22 0xffffffffffff8000
core   0: 0x00000000800051b8 (0x02955ab3) divu    s5, a0, s1
core   0: 1 0x00000000800051b8 (0x02955ab3) x21 0x0000000000000000
core   0: 0x00000000800051bc (0xfff5071b) addiw   a4, a0, -1
core   0: 1 0x00000000800051bc (0xfff5071b) x14 0x0000000000000001
core   0: 0x00000000800051c0 (0x28862837) lui     a6, 0x28862
core   0: 1 0x00000000800051c0 (0x28862837) x16 0x0000000028862000
core   0: 0x00000000800051c4 (0x0073569b) srliw   a3, t1, 7
core   0: 1 0x00000000800051c4 (0x0073569b) x13 0x0000000001ffffff
core   0: 0x00000000800051c8 (0x00671913) slli    s2, a4, 6
core   0: 1 0x00000000800051c8 (0x00671913) x18 0x0000000000000040
core   0: 0x00000000800051cc (0xc02b7673) csrrci  a2, instret, 22
core   0: exception trap_illegal_instruction, epc 0x00000000800051cc
core   0:           tval 0x00000000c02b7673
core   0: >>>>  $xrv64i2p1_m2p0_a2p1_f2p2_d2p2_zicsr2p0_zifencei2p0_zmmul1p0_zba1p0_zbb1p0_zbc1p0_zbs1p0
core   0: 0x0000000080004000 (0x0080006f) j       pc + 0x8
core   0: 3 0x0000000080004000 (0x0080006f)
core   0: >>>>  mmode_exception_handler
core   0: 0x0000000080004008 (0x00002c17) auipc   s8, 0x2
core   0: 3 0x0000000080004008 (0x00002c17) x24 0x0000000080006008
core   0: 0x000000008000400c (0x03cc0c13) addi    s8, s8, 60
core   0: 3 0x000000008000400c (0x03cc0c13) x24 0x0000000080006044
core   0: 0x0000000080004010 (0x000c00e7) jalr    s8
core   0: 3 0x0000000080004010 (0x000c00e7) x1  0x0000000080004014
core   0: >>>>  any_handler
core   0: 0x0000000080006044 (0x341027f3) csrrs   a5, mepc, zero
core   0: 3 0x0000000080006044 (0x341027f3) x15 0x00000000800051cc
core   0: 0x0000000080006048 (0x34202773) csrrs   a4, mcause, zero
core   0: 3 0x0000000080006048 (0x34202773) x14 0x0000000000000002
core   0: 0x000000008000604c (0x142026f3) csrrs   a3, scause, zero
core   0: 3 0x000000008000604c (0x142026f3) x13 0x0000000000000000
core   0: 0x0000000080006050 (0x30402673) csrrs   a2, mie, zero
core   0: 3 0x0000000080006050 (0x30402673) x12 0x0000000000000a00
core   0: 0x0000000080006054 (0x344025f3) csrrs   a1, mip, zero
core   0: 3 0x0000000080006054 (0x344025f3) x11 0x0000000000000080
core   0: 0x0000000080006058 (0x343025f3) csrrs   a1, mtval, zero
core   0: 3 0x0000000080006058 (0x343025f3) x11 0x00000000c02b7673
core   0: 0x000000008000605c (0x14302573) csrrs   a0, stval, zero
core   0: 3 0x000000008000605c (0x14302573) x10 0x0000000080004014
core   0: 0x0000000080006060 (0xb02024f3) csrrs   s1, minstret, zero
core   0: 3 0x0000000080006060 (0xb02024f3) x9  0x0000000000000d97
core   0: 0x0000000080006064 (0x0000a811) c.j     pc + 20
core   0: 3 0x0000000080006064 (0xa811)
core   0: >>>>  mepc_4
core   0: 0x0000000080006078 (0x00000791) c.addi  a5, 4
core   0: 3 0x0000000080006078 (0x0791) x15 0x00000000800051d0
core   0: 0x000000008000607a (0x34179073) csrrw   zero, mepc, a5
core   0: 3 0x000000008000607a (0x34179073) c833_mepc 0x00000000800051d0
core   0: 0x000000008000607e (0x30200073) mret
core   0: 3 0x000000008000607e (0x30200073) c768_mstatus 0x8000000a001c61a2
core   0: 0x00000000800051d0 (0x00f646b3) xor     a3, a2, a5
core   0: 1 0x00000000800051d0 (0x00f646b3) x13 0x0000000080005bd0
core   0: 0x00000000800051d4 (0x01186a33) or      s4, a6, a7
core   0: 1 0x00000000800051d4 (0x01186a33) x20 0xffffffffffffffff
core   0: 0x00000000800051d8 (0x01ad9633) sll     a2, s11, s10
core   0: 1 0x00000000800051d8 (0x01ad9633) x12 0x0000000002000000
core   0: 0x00000000800051dc (0x9298724f) fnmadd.d ft4, fa6, fs1, fs2
core   0: 1 0x00000000800051dc (0x9298724f) f4  0x7ff8000000000000
core   0: 0x00000000800051e0 (0x4b527acb) fnmsub.d fs5, ft4, fs5, fs1
core   0: 1 0x00000000800051e0 (0x4b527acb) f21 0x7ff8000000000000
core   0: 0x00000000800051e4 (0x00061313) slli    t1, a2, 0
core   0: 1 0x00000000800051e4 (0x00061313) x6  0x0000000002000000
core   0: 0x00000000800051e8 (0x0061cc33) xor     s8, gp, t1
core   0: 1 0x00000000800051e8 (0x0061cc33) x24 0x0000000002000001
core   0: 0x00000000800051ec (0x00041413) slli    s0, s0, 0
core   0: 1 0x00000000800051ec (0x00041413) x8  0xffffffffffffffff
core   0: 0x00000000800051f0 (0x00189e73) csrrw   t3, fflags, a7
core   0: 1 0x00000000800051f0 (0x00189e73) x28 0x0000000000000011 c1_fflags 0x000000000000001f
core   0: 0x00000000800051f4 (0xc22276d3) fcvt.l.d a3, ft4
core   0: 1 0x00000000800051f4 (0xc22276d3) c1_fflags 0x000000000000001f x13 0x7fffffffffffffff
core   0: 0x00000000800051f8 (0x00000001) c.nop
core   0: 1 0x00000000800051f8 (0x0001)
core   0: 0x00000000800051fa (0x407b591b) sraiw   s2, s6, 7
core   0: 1 0x00000000800051fa (0x407b591b) x18 0xffffffffffffff00
core   0: 0x00000000800051fe (0x4baaf547) fmsub.d fa0, fs5, fs10, fs1
core   0: 1 0x00000000800051fe (0x4baaf547) f10 0x7ff8000000000000
core   0: 0x0000000080005202 (0x98c6071b) addiw   a4, a2, -1652
core   0: 1 0x0000000080005202 (0x98c6071b) x14 0x0000000001fff98c
core   0: 0x0000000080005206 (0x02c27233) remu    tp, tp, a2
core   0: 1 0x0000000080005206 (0x02c27233) x4  0x0000000000000000
core   0: 0x000000008000520a (0x019491b3) sll     gp, s1, s9
core   0: 1 0x000000008000520a (0x019491b3) x3  0xc000000000000000
core   0: 0x000000008000520e (0x238f2f53) fsgnjx.d ft10, ft10, fs8
core   0: 1 0x000000008000520e (0x238f2f53) f30 0x7ff8000000000000
core   0: 0x0000000080005212 (0x41a1de33) sra     t3, gp, s10
core   0: 1 0x0000000080005212 (0x41a1de33) x28 0xffffffc000000000
core   0: 0x0000000080005216 (0x190b9637) lui     a2, 0x190b9
core   0: 1 0x0000000080005216 (0x190b9637) x12 0x00000000190b9000
core   0: 0x000000008000521a (0x030e8833) mul     a6, t4, a6
core   0: 1 0x000000008000521a (0x030e8833) x16 0x22f05b7ecb3b2000
core   0: 0x000000008000521e (0x01c610b3) sll     ra, a2, t3
core   0: 1 0x000000008000521e (0x01c610b3) x1  0x00000000190b9000
core   0: 0x0000000080005222 (0x23110153) fsgnj.d ft2, ft2, fa7
core   0: 1 0x0000000080005222 (0x23110153) f2  0x7ff8000000000000
core   0: 0x0000000080005226 (0xc22576d3) fcvt.l.d a3, fa0
core   0: 1 0x0000000080005226 (0xc22576d3) c1_fflags 0x000000000000001f x13 0x7fffffffffffffff
core   0: 0x000000008000522a (0x01cbd19b) srliw   gp, s7, 28
core   0: 1 0x000000008000522a (0x01cbd19b) x3  0x0000000000000000
core   0: 0x000000008000522e (0xc03f7cd3) fcvt.lu.s s9, ft10
core   0: 1 0x000000008000522e (0xc03f7cd3) c1_fflags 0x000000000000001f x25 0xffffffffffffffff
core   0: 0x0000000080005232 (0x01265c3b) srlw    s8, a2, s2
core   0: 1 0x0000000080005232 (0x01265c3b) x24 0x00000000190b9000
core   0: 0x0000000080005236 (0x00039a93) slli    s5, t2, 0
core   0: 1 0x0000000080005236 (0x00039a93) x21 0x0000000000000d67
core   0: 0x000000008000523a (0x02fc083b) mulw    a6, s8, a5
core   0: 1 0x000000008000523a (0x02fc083b) x16 0x0000000001f50000
core   0: 0x000000008000523e (0x4010f0d3) fcvt.s.d ft1, ft1
core   0: 1 0x000000008000523e (0x4010f0d3) f1  0xffffffff7fc00000
core   0: 0x0000000080005242 (0xd2048a53) fcvt.d.w fs4, s1
core   0: 1 0x0000000080005242 (0xd2048a53) f20 0x40ab2e0000000000
core   0: 0x0000000080005246 (0x2b4a1953) fmax.d  fs2, fs4, fs4
core   0: 1 0x0000000080005246 (0x2b4a1953) f18 0x40ab2e0000000000
core   0: 0x000000008000524a (0x1a4a7253) fdiv.d  ft4, fs4, ft4
core   0: 1 0x000000008000524a (0x1a4a7253) f4  0x7ff8000000000000
core   0: 0x000000008000524e (0x00000001) c.nop
core   0: 1 0x000000008000524e (0x0001)
core   0: 0x0000000080005250 (0xd21a8553) fcvt.d.wu fa0, s5
core   0: 1 0x0000000080005250 (0xd21a8553) f10 0x40aace0000000000
core   0: 0x0000000080005254 (0xc2fa869b) addiw   a3, s5, -977
core   0: 1 0x0000000080005254 (0xc2fa869b) x13 0x0000000000000996
core   0: 0x0000000080005258 (0x029ab633) mulhu   a2, s5, s1
core   0: 1 0x0000000080005258 (0x029ab633) x12 0x0000000000000000
core   0: 0x000000008000525c (0x03e17f53) fadd.d  ft10, ft2, ft10
core   0: 1 0x000000008000525c (0x03e17f53) f30 0x7ff8000000000000
core   0: 0x0000000080005260 (0xc20f71d3) fcvt.w.d gp, ft10
core   0: 1 0x0000000080005260 (0xc20f71d3) c1_fflags 0x000000000000001f x3  0x000000007fffffff
core   0: 0x0000000080005264 (0xc22875d3) fcvt.l.d a1, fa6
core   0: 1 0x0000000080005264 (0xc22875d3) x11 0x0000000000000000
core   0: 0x0000000080005268 (0x016b5d3b) srlw    s10, s6, s6
core   0: 1 0x0000000080005268 (0x016b5d3b) x26 0xffffffffffff8000
core   0: 0x000000008000526c (0x8d67099b) addiw   s3, a4, -1834
core   0: 1 0x000000008000526c (0x8d67099b) x19 0x0000000001fff262
core   0: 0x0000000080005270 (0x1430fef3) csrrci  t4, stval, 1
core   0: 1 0x0000000080005270 (0x1430fef3) x29 0x0000000080004014 c323_stval 0x0000000080004014
core   0: 0x0000000080005274 (0x22b500d3) fsgnj.d ft1, fa0, fa1
core   0: 1 0x0000000080005274 (0x22b500d3) f1  0x40aace0000000000
core   0: 0x0000000080005278 (0xcf267713) andi    a4, a2, -782
core   0: 1 0x0000000080005278 (0xcf267713) x14 0x0000000000000000
core   0: 0x000000008000527c (0x003ee133) or      sp, t4, gp
core   0: 1 0x000000008000527c (0x003ee133) x2  0x00000000ffffffff
core   0: 0x0000000080005280 (0x0321d43b) divuw   s0, gp, s2
core   0: 1 0x0000000080005280 (0x0321d43b) x8  0x0000000000000000
core   0: 0x0000000080005284 (0x0bce7fcb) fnmsub.d ft11, ft8, ft8, ft1
core   0: 1 0x0000000080005284 (0x0bce7fcb) f31 0x7ff8000000000000
core   0: 0x0000000080005288 (0x00b509b3) add     s3, a0, a1
core   0: 1 0x0000000080005288 (0x00b509b3) x19 0x0000000080004014
core   0: 0x000000008000528c (0x033740b3) div     ra, a4, s3
core   0: 1 0x000000008000528c (0x033740b3) x1  0x0000000000000000
core   0: 0x0000000080005290 (0x00699d13) slli    s10, s3, 6
core   0: 1 0x0000000080005290 (0x00699d13) x26 0x0000002000100500
core   0: 0x0000000080005294 (0x400d519b) sraiw   gp, s10, 0
core   0: 1 0x0000000080005294 (0x400d519b) x3  0x0000000000100500
core   0: 0x0000000080005298 (0x00000001) c.nop
core   0: 1 0x0000000080005298 (0x0001)
core   0: 0x000000008000529a (0x00000286) c.slli  t0, 1
core   0: 1 0x000000008000529a (0x0286) x5  0x0000000000000000
core   0: 0x000000008000529c (0x40d5539b) sraiw   t2, a0, 13
core   0: 1 0x000000008000529c (0x40d5539b) x7  0xfffffffffffc0002
core   0: 0x00000000800052a0 (0x7ff2c813) xori    a6, t0, 2047
core   0: 1 0x00000000800052a0 (0x7ff2c813) x16 0x00000000000007ff
core   0: 0x00000000800052a4 (0x0262b9b3) mulhu   s3, t0, t1
core   0: 1 0x00000000800052a4 (0x0262b9b3) x19 0x0000000000000000
core   0: 0x00000000800052a8 (0x00191013) slli    zero, s2, 1
core   0: 1 0x00000000800052a8 (0x00191013)
core   0: 0x00000000800052ac (0x01c12733) slt     a4, sp, t3
core   0: 1 0x00000000800052ac (0x01c12733) x14 0x0000000000000000
core   0: 0x00000000800052b0 (0x01dcdb3b) srlw    s6, s9, t4
core   0: 1 0x00000000800052b0 (0x01dcdb3b) x22 0x0000000000000fff
core   0: 0x00000000800052b4 (0x0167a733) slt     a4, a5, s6
core   0: 1 0x00000000800052b4 (0x0167a733) x14 0x0000000000000000
core   0: 0x00000000800052b8 (0x03614ebb) divw    t4, sp, s6
core   0: 1 0x00000000800052b8 (0x03614ebb) x29 0x0000000000000000
core   0: 0x00000000800052bc (0xc806b2f3) csrrc   t0, cycleh, a3
core   0: exception trap_illegal_instruction, epc 0x00000000800052bc
core   0:           tval 0x00000000c806b2f3
core   0: >>>>  $xrv64i2p1_m2p0_a2p1_f2p2_d2p2_zicsr2p0_zifencei2p0_zmmul1p0_zba1p0_zbb1p0_zbc1p0_zbs1p0
core   0: 0x0000000080004000 (0x0080006f) j       pc + 0x8
core   0: 3 0x0000000080004000 (0x0080006f)
core   0: >>>>  mmode_exception_handler
core   0: 0x0000000080004008 (0x00002c17) auipc   s8, 0x2
core   0: 3 0x0000000080004008 (0x00002c17) x24 0x0000000080006008
core   0: 0x000000008000400c (0x03cc0c13) addi    s8, s8, 60
core   0: 3 0x000000008000400c (0x03cc0c13) x24 0x0000000080006044
core   0: 0x0000000080004010 (0x000c00e7) jalr    s8
core   0: 3 0x0000000080004010 (0x000c00e7) x1  0x0000000080004014
core   0: >>>>  any_handler
core   0: 0x0000000080006044 (0x341027f3) csrrs   a5, mepc, zero
core   0: 3 0x0000000080006044 (0x341027f3) x15 0x00000000800052bc
core   0: 0x0000000080006048 (0x34202773) csrrs   a4, mcause, zero
core   0: 3 0x0000000080006048 (0x34202773) x14 0x0000000000000002
core   0: 0x000000008000604c (0x142026f3) csrrs   a3, scause, zero
core   0: 3 0x000000008000604c (0x142026f3) x13 0x0000000000000000
core   0: 0x0000000080006050 (0x30402673) csrrs   a2, mie, zero
core   0: 3 0x0000000080006050 (0x30402673) x12 0x0000000000000a00
core   0: 0x0000000080006054 (0x344025f3) csrrs   a1, mip, zero
core   0: 3 0x0000000080006054 (0x344025f3) x11 0x0000000000000080
core   0: 0x0000000080006058 (0x343025f3) csrrs   a1, mtval, zero
core   0: 3 0x0000000080006058 (0x343025f3) x11 0x00000000c806b2f3
core   0: 0x000000008000605c (0x14302573) csrrs   a0, stval, zero
core   0: 3 0x000000008000605c (0x14302573) x10 0x0000000080004014
core   0: 0x0000000080006060 (0xb02024f3) csrrs   s1, minstret, zero
core   0: 3 0x0000000080006060 (0xb02024f3) x9  0x0000000000000de4
core   0: 0x0000000080006064 (0x0000a811) c.j     pc + 20
core   0: 3 0x0000000080006064 (0xa811)
core   0: >>>>  mepc_4
core   0: 0x0000000080006078 (0x00000791) c.addi  a5, 4
core   0: 3 0x0000000080006078 (0x0791) x15 0x00000000800052c0
core   0: 0x000000008000607a (0x34179073) csrrw   zero, mepc, a5
core   0: 3 0x000000008000607a (0x34179073) c833_mepc 0x00000000800052c0
core   0: 0x000000008000607e (0x30200073) mret
core   0: 3 0x000000008000607e (0x30200073) c768_mstatus 0x8000000a001c61a2
core   0: 0x00000000800052c0 (0xd02efb53) fcvt.s.l fs6, t4
core   0: 1 0x00000000800052c0 (0xd02efb53) f22 0xffffffff00000000
core   0: 0x00000000800052c4 (0x03964433) div     s0, a2, s9
core   0: 1 0x00000000800052c4 (0x03964433) x8  0xfffffffffffff600
core   0: 0x00000000800052c8 (0xf2040553) fmv.d.x fa0, s0
core   0: 1 0x00000000800052c8 (0xf2040553) f10 0xfffffffffffff600
core   0: 0x00000000800052cc (0xd2040ad3) fcvt.d.w fs5, s0
core   0: 1 0x00000000800052cc (0xd2040ad3) f21 0xc0a4000000000000
core   0: 0x00000000800052d0 (0x001610f3) csrrw   ra, fflags, a2
core   0: 1 0x00000000800052d0 (0x001610f3) x1  0x000000000000001f c1_fflags 0x0000000000000000
core   0: 0x00000000800052d4 (0x031bc83b) divw    a6, s7, a7
core   0: 1 0x00000000800052d4 (0x031bc83b) x16 0x0000000000000000
core   0: 0x00000000800052d8 (0xf1306b73) csrrsi  s6, mimpid, 0
core   0: exception trap_illegal_instruction, epc 0x00000000800052d8
core   0:           tval 0x00000000f1306b73
core   0: >>>>  $xrv64i2p1_m2p0_a2p1_f2p2_d2p2_zicsr2p0_zifencei2p0_zmmul1p0_zba1p0_zbb1p0_zbc1p0_zbs1p0
core   0: 0x0000000080004000 (0x0080006f) j       pc + 0x8
core   0: 3 0x0000000080004000 (0x0080006f)
core   0: >>>>  mmode_exception_handler
core   0: 0x0000000080004008 (0x00002c17) auipc   s8, 0x2
core   0: 3 0x0000000080004008 (0x00002c17) x24 0x0000000080006008
core   0: 0x000000008000400c (0x03cc0c13) addi    s8, s8, 60
core   0: 3 0x000000008000400c (0x03cc0c13) x24 0x0000000080006044
core   0: 0x0000000080004010 (0x000c00e7) jalr    s8
core   0: 3 0x0000000080004010 (0x000c00e7) x1  0x0000000080004014
core   0: >>>>  any_handler
core   0: 0x0000000080006044 (0x341027f3) csrrs   a5, mepc, zero
core   0: 3 0x0000000080006044 (0x341027f3) x15 0x00000000800052d8
core   0: 0x0000000080006048 (0x34202773) csrrs   a4, mcause, zero
core   0: 3 0x0000000080006048 (0x34202773) x14 0x0000000000000002
core   0: 0x000000008000604c (0x142026f3) csrrs   a3, scause, zero
core   0: 3 0x000000008000604c (0x142026f3) x13 0x0000000000000000
core   0: 0x0000000080006050 (0x30402673) csrrs   a2, mie, zero
core   0: 3 0x0000000080006050 (0x30402673) x12 0x0000000000000a00
core   0: 0x0000000080006054 (0x344025f3) csrrs   a1, mip, zero
core   0: 3 0x0000000080006054 (0x344025f3) x11 0x0000000000000080
core   0: 0x0000000080006058 (0x343025f3) csrrs   a1, mtval, zero
core   0: 3 0x0000000080006058 (0x343025f3) x11 0x00000000f1306b73
core   0: 0x000000008000605c (0x14302573) csrrs   a0, stval, zero
core   0: 3 0x000000008000605c (0x14302573) x10 0x0000000080004014
core   0: 0x0000000080006060 (0xb02024f3) csrrs   s1, minstret, zero
core   0: 3 0x0000000080006060 (0xb02024f3) x9  0x0000000000000dfa
core   0: 0x0000000080006064 (0x0000a811) c.j     pc + 20
core   0: 3 0x0000000080006064 (0xa811)
core   0: >>>>  mepc_4
core   0: 0x0000000080006078 (0x00000791) c.addi  a5, 4
core   0: 3 0x0000000080006078 (0x0791) x15 0x00000000800052dc
core   0: 0x000000008000607a (0x34179073) csrrw   zero, mepc, a5
core   0: 3 0x000000008000607a (0x34179073) c833_mepc 0x00000000800052dc
core   0: 0x000000008000607e (0x30200073) mret
core   0: 3 0x000000008000607e (0x30200073) c768_mstatus 0x8000000a001c61a2
core   0: 0x00000000800052dc (0x00858c3b) addw    s8, a1, s0
core   0: 1 0x00000000800052dc (0x00858c3b) x24 0xfffffffff1306173
core   0: 0x00000000800052e0 (0x008a1bbb) sllw    s7, s4, s0
core   0: 1 0x00000000800052e0 (0x008a1bbb) x23 0xffffffffffffffff
core   0: 0x00000000800052e4 (0x420585d3) fcvt.d.s fa1, fa1
core   0: 1 0x00000000800052e4 (0x420585d3) f11 0x7ff8000000000000
core   0: 0x00000000800052e8 (0x0146da3b) srlw    s4, a3, s4
core   0: 1 0x00000000800052e8 (0x0146da3b) x20 0x0000000000000000
core   0: 0x00000000800052ec (0x22841fd3) fsgnjn.d ft11, fs0, fs0
core   0: 1 0x00000000800052ec (0x22841fd3) f31 0x8000000000000000
core   0: 0x00000000800052f0 (0x025730b3) mulhu   ra, a4, t0
core   0: 1 0x00000000800052f0 (0x025730b3) x1  0x0000000000000000
core   0: 0x00000000800052f4 (0x01597133) and     sp, s2, s5
core   0: 1 0x00000000800052f4 (0x01597133) x2  0x0000000000000d00
core   0: 0x00000000800052f8 (0x320163f3) csrrsi  t2, mcountinhibit, 2
core   0: exception trap_illegal_instruction, epc 0x00000000800052f8
core   0:           tval 0x00000000320163f3
core   0: >>>>  $xrv64i2p1_m2p0_a2p1_f2p2_d2p2_zicsr2p0_zifencei2p0_zmmul1p0_zba1p0_zbb1p0_zbc1p0_zbs1p0
core   0: 0x0000000080004000 (0x0080006f) j       pc + 0x8
core   0: 3 0x0000000080004000 (0x0080006f)
core   0: >>>>  mmode_exception_handler
core   0: 0x0000000080004008 (0x00002c17) auipc   s8, 0x2
core   0: 3 0x0000000080004008 (0x00002c17) x24 0x0000000080006008
core   0: 0x000000008000400c (0x03cc0c13) addi    s8, s8, 60
core   0: 3 0x000000008000400c (0x03cc0c13) x24 0x0000000080006044
core   0: 0x0000000080004010 (0x000c00e7) jalr    s8
core   0: 3 0x0000000080004010 (0x000c00e7) x1  0x0000000080004014
core   0: >>>>  any_handler
core   0: 0x0000000080006044 (0x341027f3) csrrs   a5, mepc, zero
core   0: 3 0x0000000080006044 (0x341027f3) x15 0x00000000800052f8
core   0: 0x0000000080006048 (0x34202773) csrrs   a4, mcause, zero
core   0: 3 0x0000000080006048 (0x34202773) x14 0x0000000000000002
core   0: 0x000000008000604c (0x142026f3) csrrs   a3, scause, zero
core   0: 3 0x000000008000604c (0x142026f3) x13 0x0000000000000000
core   0: 0x0000000080006050 (0x30402673) csrrs   a2, mie, zero
core   0: 3 0x0000000080006050 (0x30402673) x12 0x0000000000000a00
core   0: 0x0000000080006054 (0x344025f3) csrrs   a1, mip, zero
core   0: 3 0x0000000080006054 (0x344025f3) x11 0x0000000000000080
core   0: 0x0000000080006058 (0x343025f3) csrrs   a1, mtval, zero
core   0: 3 0x0000000080006058 (0x343025f3) x11 0x00000000320163f3
core   0: 0x000000008000605c (0x14302573) csrrs   a0, stval, zero
core   0: 3 0x000000008000605c (0x14302573) x10 0x0000000080004014
core   0: 0x0000000080006060 (0xb02024f3) csrrs   s1, minstret, zero
core   0: 3 0x0000000080006060 (0xb02024f3) x9  0x0000000000000e11
core   0: 0x0000000080006064 (0x0000a811) c.j     pc + 20
core   0: 3 0x0000000080006064 (0xa811)
core   0: >>>>  mepc_4
core   0: 0x0000000080006078 (0x00000791) c.addi  a5, 4
core   0: 3 0x0000000080006078 (0x0791) x15 0x00000000800052fc
core   0: 0x000000008000607a (0x34179073) csrrw   zero, mepc, a5
core   0: 3 0x000000008000607a (0x34179073) c833_mepc 0x00000000800052fc
core   0: 0x000000008000607e (0x30200073) mret
core   0: 3 0x000000008000607e (0x30200073) c768_mstatus 0x8000000a001c61a2
core   0: 0x00000000800052fc (0x021c7c53) fadd.d  fs8, fs8, ft1
core   0: 1 0x00000000800052fc (0x021c7c53) f24 0x7ff8000000000000
core   0: 0x0000000080005300 (0xc23ff2d3) fcvt.lu.d t0, ft11
core   0: 1 0x0000000080005300 (0xc23ff2d3) x5  0x0000000000000000
core   0: 0x0000000080005304 (0x01dafb33) and     s6, s5, t4
core   0: 1 0x0000000080005304 (0x01dafb33) x22 0x0000000000000000
core   0: 0x0000000080005308 (0x02ec10b3) mulh    ra, s8, a4
core   0: 1 0x0000000080005308 (0x02ec10b3) x1  0x0000000000000000
core   0: 0x000000008000530c (0x016ba833) slt     a6, s7, s6
core   0: 1 0x000000008000530c (0x016ba833) x16 0x0000000000000001
core   0: 0x0000000080005310 (0x037bd33b) divuw   t1, s7, s7
core   0: 1 0x0000000080005310 (0x037bd33b) x6  0x0000000000000001
core   0: 0x0000000080005314 (0x0273fd3b) remuw   s10, t2, t2
core   0: 1 0x0000000080005314 (0x0273fd3b) x26 0x0000000000000000
core   0: 0x0000000080005318 (0xc3f2f5c7) fmsub.d fa1, ft5, ft11, fs8
core   0: 1 0x0000000080005318 (0xc3f2f5c7) f11 0x7ff8000000000000
core   0: 0x000000008000531c (0xe2070a53) fmv.x.d s4, fa4
core   0: 1 0x000000008000531c (0xe2070a53) x20 0xffffffff529956a7
core   0: 0x0000000080005320 (0x41490cbb) subw    s9, s2, s4
core   0: 1 0x0000000080005320 (0x41490cbb) x25 0xffffffffad66a859
core   0: 0x0000000080005324 (0x238610d3) fsgnjn.d ft1, fa2, fs8
core   0: 1 0x0000000080005324 (0x238610d3) f1  0xfff8000000000000
core   0: 0x0000000080005328 (0x001a1333) sll     t1, s4, ra
core   0: 1 0x0000000080005328 (0x001a1333) x6  0xffffffff529956a7
core   0: 0x000000008000532c (0xfd70c237) lui     tp, 0xfd70c
core   0: 1 0x000000008000532c (0xfd70c237) x4  0xfffffffffd70c000
core   0: 0x0000000080005330 (0xd2120cd3) fcvt.d.wu fs9, tp
core   0: 1 0x0000000080005330 (0xd2120cd3) f25 0x41efae1800000000
core   0: 0x0000000080005334 (0xd21d0d53) fcvt.d.wu fs10, s10
core   0: 1 0x0000000080005334 (0xd21d0d53) f26 0x0000000000000000
core   0: 0x0000000080005338 (0x026eceb3) div     t4, t4, t1
core   0: 1 0x0000000080005338 (0x026eceb3) x29 0x0000000000000000
core   0: 0x000000008000533c (0x7ff17113) andi    sp, sp, 2047
core   0: 1 0x000000008000533c (0x7ff17113) x2  0x0000000000000500
core   0: 0x0000000080005340 (0x03b17dbb) remuw   s11, sp, s11
core   0: 1 0x0000000080005340 (0x03b17dbb) x27 0x0000000000000000
core   0: 0x0000000080005344 (0x03f15a13) srli    s4, sp, 63
core   0: 1 0x0000000080005344 (0x03f15a13) x20 0x0000000000000000
core   0: 0x0000000080005348 (0x00abdbbb) srlw    s7, s7, a0
core   0: 1 0x0000000080005348 (0x00abdbbb) x23 0x0000000000000fff
core   0: 0x000000008000534c (0x03d1ce3b) divw    t3, gp, t4
core   0: 1 0x000000008000534c (0x03d1ce3b) x28 0xffffffffffffffff
core   0: 0x0000000080005350 (0x41fddd9b) sraiw   s11, s11, 31
core   0: 1 0x0000000080005350 (0x41fddd9b) x27 0x0000000000000000
core   0: 0x0000000080005354 (0x00000001) c.nop
core   0: 1 0x0000000080005354 (0x0001)
core   0: 0x0000000080005356 (0x00121773) csrrw   a4, fflags, tp
core   0: 1 0x0000000080005356 (0x00121773) x14 0x0000000000000000 c1_fflags 0x0000000000000000
core   0: 0x000000008000535a (0x021d0c3b) mulw    s8, s10, ra
core   0: 1 0x000000008000535a (0x021d0c3b) x24 0x0000000000000000
core   0: 0x000000008000535e (0xdb09784b) fnmsub.d fa6, fs2, fa6, fs11
core   0: 1 0x000000008000535e (0xdb09784b) f16 0x0000000000000000
core   0: 0x0000000080005362 (0x420f07d3) fcvt.d.s fa5, ft10
core   0: 1 0x0000000080005362 (0x420f07d3) f15 0x7ff8000000000000
core   0: 0x0000000080005366 (0x020002bb) mulw    t0, zero, zero
core   0: 1 0x0000000080005366 (0x020002bb) x5  0x0000000000000000
core   0: 0x000000008000536a (0x00da1413) slli    s0, s4, 13
core   0: 1 0x000000008000536a (0x00da1413) x8  0x0000000000000000
core   0: 0x000000008000536e (0xffbf7b37) lui     s6, 0xffbf7
core   0: 1 0x000000008000536e (0xffbf7b37) x22 0xffffffffffbf7000
core   0: 0x0000000080005372 (0x381b0b1b) addiw   s6, s6, 897
core   0: 1 0x0000000080005372 (0x381b0b1b) x22 0xffffffffffbf7381
core   0: 0x0000000080005376 (0x00000b3e) c.slli  s6, 15
core   0: 1 0x0000000080005376 (0x0b3e) x22 0xffffffdfb9c08000
core   0: 0x0000000080005378 (0x0a8b0b13) addi    s6, s6, 168
core   0: 1 0x0000000080005378 (0x0a8b0b13) x22 0xffffffdfb9c080a8
core   0: 0x000000008000537c (0xc033fed3) fcvt.lu.s t4, ft7
core   0: 1 0x000000008000537c (0xc033fed3) c1_fflags 0x0000000000000010 x29 0xffffffffffffffff
core   0: 0x0000000080005380 (0xc033f8d3) fcvt.lu.s a7, ft7
core   0: 1 0x0000000080005380 (0xc033f8d3) c1_fflags 0x0000000000000010 x17 0xffffffffffffffff
core   0: 0x0000000080005384 (0x01fe9d9b) slliw   s11, t4, 31
core   0: 1 0x0000000080005384 (0x01fe9d9b) x27 0xffffffff80000000
core   0: 0x0000000080005388 (0x413c873b) subw    a4, s9, s3
core   0: 1 0x0000000080005388 (0x413c873b) x14 0xffffffffad66a859
core   0: 0x000000008000538c (0x025772bb) remuw   t0, a4, t0
core   0: 1 0x000000008000538c (0x025772bb) x5  0xffffffffad66a859
core   0: 0x0000000080005390 (0xb28b7b43) fmadd.d fs6, fs6, fs0, fs6
core   0: 1 0x0000000080005390 (0xb28b7b43) f22 0x7ff8000000000000
core   0: 0x0000000080005394 (0xc212f853) fcvt.wu.d a6, ft5
core   0: 1 0x0000000080005394 (0xc212f853) c1_fflags 0x0000000000000010 x16 0xffffffffffffffff
core   0: 0x0000000080005398 (0x828bf347) fmsub.d ft6, fs7, fs0, fa6
core   0: 1 0x0000000080005398 (0x828bf347) f6  0x7ff8000000000000
core   0: 0x000000008000539c (0x238999d3) fsgnjn.d fs3, fs3, fs8
core   0: 1 0x000000008000539c (0x238999d3) f19 0xffffffff4e183680
core   0: 0x00000000800053a0 (0xd038f153) fcvt.s.lu ft2, a7
core   0: 1 0x00000000800053a0 (0xd038f153) c1_fflags 0x0000000000000011 f2  0xffffffff5f7fffff
core   0: 0x00000000800053a4 (0x224301d3) fsgnj.d ft3, ft6, ft4
core   0: 1 0x00000000800053a4 (0x224301d3) f3  0x7ff8000000000000
core   0: 0x00000000800053a8 (0xd3a075c3) fmadd.d fa1, ft0, fs10, fs10
core   0: 1 0x00000000800053a8 (0xd3a075c3) f11 0x0000000000000000
core   0: 0x00000000800053ac (0x030dd93b) divuw   s2, s11, a6
core   0: 1 0x00000000800053ac (0x030dd93b) x18 0x0000000000000000
core   0: 0x00000000800053b0 (0x01591413) slli    s0, s2, 21
core   0: 1 0x00000000800053b0 (0x01591413) x8  0x0000000000000000
core   0: 0x00000000800053b4 (0xd2158153) fcvt.d.wu ft2, a1
core   0: 1 0x00000000800053b4 (0xd2158153) f2  0x41c900b1f9800000
core   0: 0x00000000800053b8 (0x00e6db9b) srliw   s7, a3, 14
core   0: 1 0x00000000800053b8 (0x00e6db9b) x23 0x0000000000000000
core   0: 0x00000000800053bc (0x037b9d33) mulh    s10, s7, s7
core   0: 1 0x00000000800053bc (0x037b9d33) x26 0x0000000000000000
core   0: 0x00000000800053c0 (0x13cf7dd3) fmul.d  fs11, ft10, ft8
core   0: 1 0x00000000800053c0 (0x13cf7dd3) f27 0x7ff8000000000000
core   0: 0x00000000800053c4 (0x016e9c9b) slliw   s9, t4, 22
core   0: 1 0x00000000800053c4 (0x016e9c9b) x25 0xffffffffffc00000
core   0: 0x00000000800053c8 (0x000e833b) addw    t1, t4, zero
core   0: 1 0x00000000800053c8 (0x000e833b) x6  0xffffffffffffffff
core   0: 0x00000000800053cc (0x031cc6b3) div     a3, s9, a7
core   0: 1 0x00000000800053cc (0x031cc6b3) x13 0x0000000000400000
core   0: 0x00000000800053d0 (0x00b3549b) srliw   s1, t1, 11
core   0: 1 0x00000000800053d0 (0x00b3549b) x9  0x00000000001fffff
core   0: 0x00000000800053d4 (0x001c909b) slliw   ra, s9, 1
core   0: 1 0x00000000800053d4 (0x001c909b) x1  0xffffffffff800000
core   0: 0x00000000800053d8 (0x03555d13) srli    s10, a0, 53
core   0: 1 0x00000000800053d8 (0x03555d13) x26 0x0000000000000000
core   0: 0x00000000800053dc (0xa3bd86d3) fle.d   a3, fs11, fs11
core   0: 1 0x00000000800053dc (0xa3bd86d3) c1_fflags 0x0000000000000011 x13 0x0000000000000000
core   0: 0x00000000800053e0 (0x01968c3b) addw    s8, a3, s9
core   0: 1 0x00000000800053e0 (0x01968c3b) x24 0xffffffffffc00000
core   0: 0x00000000800053e4 (0xd20683d3) fcvt.d.w ft7, a3
core   0: 1 0x00000000800053e4 (0xd20683d3) f7  0x0000000000000000
core   0: 0x00000000800053e8 (0x00000001) c.nop
core   0: 1 0x00000000800053e8 (0x0001)
core   0: 0x00000000800053ea (0x7847d017) auipc   zero, 0x7847d
core   0: 1 0x00000000800053ea (0x7847d017)
core   0: 0x00000000800053ee (0xedbd3717) auipc   a4, 0xedbd3
core   0: 1 0x00000000800053ee (0xedbd3717) x14 0x000000006dbd83ee
core   0: 0x00000000800053f2 (0x01294933) xor     s2, s2, s2
core   0: 1 0x00000000800053f2 (0x01294933) x18 0x0000000000000000
core   0: 0x00000000800053f6 (0x2b010ed3) fmin.d  ft9, ft2, fa6
core   0: 1 0x00000000800053f6 (0x2b010ed3) f29 0x0000000000000000
core   0: 0x00000000800053fa (0xc037f5d3) fcvt.lu.s a1, fa5
core   0: 1 0x00000000800053fa (0xc037f5d3) c1_fflags 0x0000000000000011 x11 0xffffffffffffffff
core   0: 0x00000000800053fe (0x00f05533) srl     a0, zero, a5
core   0: 1 0x00000000800053fe (0x00f05533) x10 0x0000000000000000
core   0: 0x0000000080005402 (0x00008e6d) c.and   a2, a1
core   0: 1 0x0000000080005402 (0x8e6d) x12 0x0000000000000a00
core   0: 0x0000000080005404 (0xc22dfcd3) fcvt.l.d s9, fs11
core   0: 1 0x0000000080005404 (0xc22dfcd3) c1_fflags 0x0000000000000011 x25 0x7fffffffffffffff
core   0: 0x0000000080005408 (0x2bde9d53) fmax.d  fs10, ft9, ft9
core   0: 1 0x0000000080005408 (0x2bde9d53) f26 0x0000000000000000
core   0: 0x000000008000540c (0xd21c87d3) fcvt.d.wu fa5, s9
core   0: 1 0x000000008000540c (0xd21c87d3) f15 0x41efffffffe00000
core   0: 0x0000000080005410 (0x0194ce33) xor     t3, s1, s9
core   0: 1 0x0000000080005410 (0x0194ce33) x28 0x7fffffffffe00000
core   0: 0x0000000080005414 (0x00102473) csrrs   s0, fflags, zero
core   0: 1 0x0000000080005414 (0x00102473) x8  0x0000000000000011
core   0: 0x0000000080005418 (0x41bdddbb) sraw    s11, s11, s11
core   0: 1 0x0000000080005418 (0x41bdddbb) x27 0xffffffff80000000
core   0: 0x000000008000541c (0x400e531b) sraiw   t1, t3, 0
core   0: 1 0x000000008000541c (0x400e531b) x6  0xffffffffffe00000
core   0: 0x0000000080005420 (0xa30d0253) fle.d   tp, fs10, fa6
core   0: 1 0x0000000080005420 (0xa30d0253) x4  0x0000000000000001
core   0: 0x0000000080005424 (0x00279cf3) csrrw   s9, frm, a5
core   0: 1 0x0000000080005424 (0x00279cf3) x25 0x0000000000000001 c2_frm 0x0000000000000004
core   0: 0x0000000080005428 (0x02dbe6bb) remw    a3, s7, a3
core   0: 1 0x0000000080005428 (0x02dbe6bb) x13 0x0000000000000000
core   0: 0x000000008000542c (0xd2168c53) fcvt.d.wu fs8, a3
core   0: 1 0x000000008000542c (0xd2168c53) f24 0x0000000000000000
core   0: 0x0000000080005430 (0x01b01dbb) sllw    s11, zero, s11
core   0: 1 0x0000000080005430 (0x01b01dbb) x27 0x0000000000000000
core   0: 0x0000000080005434 (0xd2128ad3) fcvt.d.wu fs5, t0
core   0: 1 0x0000000080005434 (0xd2128ad3) f21 0x41e5acd50b200000
core   0: 0x0000000080005438 (0xc1a66e17) auipc   t3, 0xc1a66
core   0: 1 0x0000000080005438 (0xc1a66e17) x28 0x0000000041a6b438
core   0: 0x000000008000543c (0x02913433) mulhu   s0, sp, s1
core   0: 1 0x000000008000543c (0x02913433) x8  0x0000000000000000
core   0: 0x0000000080005440 (0x02467a53) fadd.d  fs4, fa2, ft4
core   0: 1 0x0000000080005440 (0x02467a53) f20 0x7ff8000000000000
core   0: 0x0000000080005444 (0x0124d81b) srliw   a6, s1, 18
core   0: 1 0x0000000080005444 (0x0124d81b) x16 0x0000000000000007
core   0: 0x0000000080005448 (0x0e45e713) ori     a4, a1, 228
core   0: 1 0x0000000080005448 (0x0e45e713) x14 0xffffffffffffffff
core   0: 0x000000008000544c (0x0305e93b) remw    s2, a1, a6
core   0: 1 0x000000008000544c (0x0305e93b) x18 0xffffffffffffffff
core   0: 0x0000000080005450 (0x00b8d81b) srliw   a6, a7, 11
core   0: 1 0x0000000080005450 (0x00b8d81b) x16 0x00000000001fffff
core   0: 0x0000000080005454 (0x0157e133) or      sp, a5, s5
core   0: 1 0x0000000080005454 (0x0157e133) x2  0x0000000080005fff
core   0: 0x0000000080005458 (0xb2f94d17) auipc   s10, 0xb2f94
core   0: 1 0x0000000080005458 (0xb2f94d17) x26 0x0000000032f99458
core   0: 0x000000008000545c (0x0000058a) c.slli  a1, 2
core   0: 1 0x000000008000545c (0x058a) x11 0xfffffffffffffffc
core   0: 0x000000008000545e (0xc03ff653) fcvt.lu.s a2, ft11
core   0: 1 0x000000008000545e (0xc03ff653) c1_fflags 0x0000000000000011 x12 0xffffffffffffffff
core   0: 0x0000000080005462 (0x00dd4133) xor     sp, s10, a3
core   0: 1 0x0000000080005462 (0x00dd4133) x2  0x0000000032f99458
core   0: 0x0000000080005466 (0x41b15a33) sra     s4, sp, s11
core   0: 1 0x0000000080005466 (0x41b15a33) x20 0x0000000032f99458
core   0: 0x000000008000546a (0x035dd8bb) divuw   a7, s11, s5
core   0: 1 0x000000008000546a (0x035dd8bb) x17 0x0000000000000000
core   0: 0x000000008000546e (0x00a49333) sll     t1, s1, a0
core   0: 1 0x000000008000546e (0x00a49333) x6  0x00000000001fffff
core   0: 0x0000000080005472 (0x4043043b) subw    s0, t1, tp
core   0: 1 0x0000000080005472 (0x4043043b) x8  0x00000000001ffffe
core   0: 0x0000000080005476 (0xf150e673) csrrsi  a2, mconfigptr, 1
core   0: exception trap_illegal_instruction, epc 0x0000000080005476
core   0:           tval 0x00000000f150e673
core   0: >>>>  $xrv64i2p1_m2p0_a2p1_f2p2_d2p2_zicsr2p0_zifencei2p0_zmmul1p0_zba1p0_zbb1p0_zbc1p0_zbs1p0
core   0: 0x0000000080004000 (0x0080006f) j       pc + 0x8
core   0: 3 0x0000000080004000 (0x0080006f)
core   0: >>>>  mmode_exception_handler
core   0: 0x0000000080004008 (0x00002c17) auipc   s8, 0x2
core   0: 3 0x0000000080004008 (0x00002c17) x24 0x0000000080006008
core   0: 0x000000008000400c (0x03cc0c13) addi    s8, s8, 60
core   0: 3 0x000000008000400c (0x03cc0c13) x24 0x0000000080006044
core   0: 0x0000000080004010 (0x000c00e7) jalr    s8
core   0: 3 0x0000000080004010 (0x000c00e7) x1  0x0000000080004014
core   0: >>>>  any_handler
core   0: 0x0000000080006044 (0x341027f3) csrrs   a5, mepc, zero
core   0: 3 0x0000000080006044 (0x341027f3) x15 0x0000000080005476
core   0: 0x0000000080006048 (0x34202773) csrrs   a4, mcause, zero
core   0: 3 0x0000000080006048 (0x34202773) x14 0x0000000000000002
core   0: 0x000000008000604c (0x142026f3) csrrs   a3, scause, zero
core   0: 3 0x000000008000604c (0x142026f3) x13 0x0000000000000000
core   0: 0x0000000080006050 (0x30402673) csrrs   a2, mie, zero
core   0: 3 0x0000000080006050 (0x30402673) x12 0x0000000000000a00
core   0: 0x0000000080006054 (0x344025f3) csrrs   a1, mip, zero
core   0: 3 0x0000000080006054 (0x344025f3) x11 0x0000000000000080
core   0: 0x0000000080006058 (0x343025f3) csrrs   a1, mtval, zero
core   0: 3 0x0000000080006058 (0x343025f3) x11 0x00000000f150e673
core   0: 0x000000008000605c (0x14302573) csrrs   a0, stval, zero
core   0: 3 0x000000008000605c (0x14302573) x10 0x0000000080004014
core   0: 0x0000000080006060 (0xb02024f3) csrrs   s1, minstret, zero
core   0: 3 0x0000000080006060 (0xb02024f3) x9  0x0000000000000e82
core   0: 0x0000000080006064 (0x0000a811) c.j     pc + 20
core   0: 3 0x0000000080006064 (0xa811)
core   0: >>>>  mepc_4
core   0: 0x0000000080006078 (0x00000791) c.addi  a5, 4
core   0: 3 0x0000000080006078 (0x0791) x15 0x000000008000547a
core   0: 0x000000008000607a (0x34179073) csrrw   zero, mepc, a5
core   0: 3 0x000000008000607a (0x34179073) c833_mepc 0x000000008000547a
core   0: 0x000000008000607e (0x30200073) mret
core   0: 3 0x000000008000607e (0x30200073) c768_mstatus 0x8000000a001c61a2
core   0: 0x000000008000547a (0x01e51713) slli    a4, a0, 30
core   0: 1 0x000000008000547a (0x01e51713) x14 0x2000100500000000
core   0: 0x000000008000547e (0x7745fd93) andi    s11, a1, 1908
core   0: 1 0x000000008000547e (0x7745fd93) x27 0x0000000000000670
core   0: 0x0000000080005482 (0xe20b84d3) fmv.x.d s1, fs7
core   0: 1 0x0000000080005482 (0xe20b84d3) x9  0x7ff8000000000000
core   0: 0x0000000080005486 (0x0373edbb) remw    s11, t2, s7
core   0: 1 0x0000000080005486 (0x0373edbb) x27 0xfffffffffffc0002
core   0: 0x000000008000548a (0x00000001) c.nop
core   0: 1 0x000000008000548a (0x0001)
core   0: 0x000000008000548c (0x014cd813) srli    a6, s9, 20
core   0: 1 0x000000008000548c (0x014cd813) x16 0x0000000000000000
core   0: 0x0000000080005490 (0x41474393) xori    t2, a4, 1044
core   0: 1 0x0000000080005490 (0x41474393) x7  0x2000100500000414
core   0: 0x0000000080005494 (0xe22fa337) lui     t1, 0xe22fa
core   0: 1 0x0000000080005494 (0xe22fa337) x6  0xffffffffe22fa000
core   0: 0x0000000080005498 (0xa24a0ad3) fle.d   s5, fs4, ft4
core   0: 1 0x0000000080005498 (0xa24a0ad3) c1_fflags 0x0000000000000011 x21 0x0000000000000000
core   0: 0x000000008000549c (0x1bd97853) fdiv.d  fa6, fs2, ft9
core   0: 1 0x000000008000549c (0x1bd97853) c1_fflags 0x0000000000000019 f16 0x7ff0000000000000
core   0: 0x00000000800054a0 (0x8d3e9937) lui     s2, 0x8d3e9
core   0: 1 0x00000000800054a0 (0x8d3e9937) x18 0xffffffff8d3e9000
core   0: 0x00000000800054a4 (0x015ab733) sltu    a4, s5, s5
core   0: 1 0x00000000800054a4 (0x015ab733) x14 0x0000000000000000
core   0: 0x00000000800054a8 (0x420a08d3) fcvt.d.s fa7, fs4
core   0: 1 0x00000000800054a8 (0x420a08d3) f17 0x7ff8000000000000
core   0: 0x00000000800054ac (0x8273f3c3) fmadd.d ft7, ft7, ft7, fa6
core   0: 1 0x00000000800054ac (0x8273f3c3) f7  0x7ff0000000000000
core   0: 0x00000000800054b0 (0x036b4ab3) div     s5, s6, s6
core   0: 1 0x00000000800054b0 (0x036b4ab3) x21 0x0000000000000001
core   0: 0x00000000800054b4 (0x00e55293) srli    t0, a0, 14
core   0: 1 0x00000000800054b4 (0x00e55293) x5  0x0000000000020001
core   0: 0x00000000800054b8 (0xc03876d3) fcvt.lu.s a3, fa6
core   0: 1 0x00000000800054b8 (0xc03876d3) c1_fflags 0x0000000000000019 x13 0xffffffffffffffff
core   0: 0x00000000800054bc (0xb426c093) xori    ra, a3, -1214
core   0: 1 0x00000000800054bc (0xb426c093) x1  0x00000000000004bd
core   0: 0x00000000800054c0 (0x42855913) srai    s2, a0, 40
core   0: 1 0x00000000800054c0 (0x42855913) x18 0x0000000000000000
core   0: 0x00000000800054c4 (0x00102673) csrrs   a2, fflags, zero
core   0: 1 0x00000000800054c4 (0x00102673) x12 0x0000000000000019
core   0: 0x00000000800054c8 (0x227382d3) fsgnj.d ft5, ft7, ft7
core   0: 1 0x00000000800054c8 (0x227382d3) f5  0x7ff0000000000000
core   0: 0x00000000800054cc (0xf20901d3) fmv.d.x ft3, s2
core   0: 1 0x00000000800054cc (0xf20901d3) f3  0x0000000000000000
core   0: 0x00000000800054d0 (0x01a70c3b) addw    s8, a4, s10
core   0: 1 0x00000000800054d0 (0x01a70c3b) x24 0x0000000032f99458
core   0: 0x00000000800054d4 (0x0106d99b) srliw   s3, a3, 16
core   0: 1 0x00000000800054d4 (0x0106d99b) x19 0x000000000000ffff
core   0: 0x00000000800054d8 (0xf3ceb337) lui     t1, 0xf3ceb
core   0: 1 0x00000000800054d8 (0xf3ceb337) x6  0xfffffffff3ceb000
core   0: 0x00000000800054dc (0x22a3a553) fsgnjx.d fa0, ft7, fa0
core   0: 1 0x00000000800054dc (0x22a3a553) f10 0xfff0000000000000
core   0: 0x00000000800054e0 (0x800d7913) andi    s2, s10, -2048
core   0: 1 0x00000000800054e0 (0x800d7913) x18 0x0000000032f99000
core   0: 0x00000000800054e4 (0xb8205df3) csrrwi  s11, minstreth, 0
core   0: exception trap_illegal_instruction, epc 0x00000000800054e4
core   0:           tval 0x00000000b8205df3
core   0: >>>>  $xrv64i2p1_m2p0_a2p1_f2p2_d2p2_zicsr2p0_zifencei2p0_zmmul1p0_zba1p0_zbb1p0_zbc1p0_zbs1p0
core   0: 0x0000000080004000 (0x0080006f) j       pc + 0x8
core   0: 3 0x0000000080004000 (0x0080006f)
core   0: >>>>  mmode_exception_handler
core   0: 0x0000000080004008 (0x00002c17) auipc   s8, 0x2
core   0: 3 0x0000000080004008 (0x00002c17) x24 0x0000000080006008
core   0: 0x000000008000400c (0x03cc0c13) addi    s8, s8, 60
core   0: 3 0x000000008000400c (0x03cc0c13) x24 0x0000000080006044
core   0: 0x0000000080004010 (0x000c00e7) jalr    s8
core   0: 3 0x0000000080004010 (0x000c00e7) x1  0x0000000080004014
core   0: >>>>  any_handler
core   0: 0x0000000080006044 (0x341027f3) csrrs   a5, mepc, zero
core   0: 3 0x0000000080006044 (0x341027f3) x15 0x00000000800054e4
core   0: 0x0000000080006048 (0x34202773) csrrs   a4, mcause, zero
core   0: 3 0x0000000080006048 (0x34202773) x14 0x0000000000000002
core   0: 0x000000008000604c (0x142026f3) csrrs   a3, scause, zero
core   0: 3 0x000000008000604c (0x142026f3) x13 0x0000000000000000
core   0: 0x0000000080006050 (0x30402673) csrrs   a2, mie, zero
core   0: 3 0x0000000080006050 (0x30402673) x12 0x0000000000000a00
core   0: 0x0000000080006054 (0x344025f3) csrrs   a1, mip, zero
core   0: 3 0x0000000080006054 (0x344025f3) x11 0x0000000000000080
core   0: 0x0000000080006058 (0x343025f3) csrrs   a1, mtval, zero
core   0: 3 0x0000000080006058 (0x343025f3) x11 0x00000000b8205df3
core   0: 0x000000008000605c (0x14302573) csrrs   a0, stval, zero
core   0: 3 0x000000008000605c (0x14302573) x10 0x0000000080004014
core   0: 0x0000000080006060 (0xb02024f3) csrrs   s1, minstret, zero
core   0: 3 0x0000000080006060 (0xb02024f3) x9  0x0000000000000ead
core   0: 0x0000000080006064 (0x0000a811) c.j     pc + 20
core   0: 3 0x0000000080006064 (0xa811)
core   0: >>>>  mepc_4
core   0: 0x0000000080006078 (0x00000791) c.addi  a5, 4
core   0: 3 0x0000000080006078 (0x0791) x15 0x00000000800054e8
core   0: 0x000000008000607a (0x34179073) csrrw   zero, mepc, a5
core   0: 3 0x000000008000607a (0x34179073) c833_mepc 0x00000000800054e8
core   0: 0x000000008000607e (0x30200073) mret
core   0: 3 0x000000008000607e (0x30200073) c768_mstatus 0x8000000a001c61a2
core   0: 0x00000000800054e8 (0xda657dc3) fmadd.d fs11, fa0, ft6, fs11
core   0: 1 0x00000000800054e8 (0xda657dc3) f27 0x7ff8000000000000
core   0: 0x00000000800054ec (0x0183c2b3) xor     t0, t2, s8
core   0: 1 0x00000000800054ec (0x0183c2b3) x5  0x2000100580006450
core   0: 0x00000000800054f0 (0x0070dbbb) srlw    s7, ra, t2
core   0: 1 0x00000000800054f0 (0x0070dbbb) x23 0x0000000000000800
core   0: 0x00000000800054f4 (0x0092a233) slt     tp, t0, s1
core   0: 1 0x00000000800054f4 (0x0092a233) x4  0x0000000000000000
core   0: 0x00000000800054f8 (0x000dd03b) srlw    zero, s11, zero
core   0: 1 0x00000000800054f8 (0x000dd03b)
core   0: 0x00000000800054fc (0x0248dcbb) divuw   s9, a7, tp
core   0: 1 0x00000000800054fc (0x0248dcbb) x25 0xffffffffffffffff
core   0: 0x0000000080005500 (0x41d002bb) subw    t0, zero, t4
core   0: 1 0x0000000080005500 (0x41d002bb) x5  0x0000000000000001
core   0: 0x0000000080005504 (0xc728879b) addiw   a5, a7, -910
core   0: 1 0x0000000080005504 (0xc728879b) x15 0xfffffffffffffc72
core   0: 0x0000000080005508 (0xdbffff47) fmsub.d ft10, ft11, ft11, fs11
core   0: 1 0x0000000080005508 (0xdbffff47) f30 0x7ff8000000000000
core   0: 0x000000008000550c (0xc23f7253) fcvt.lu.d tp, ft10
core   0: 1 0x000000008000550c (0xc23f7253) c1_fflags 0x0000000000000019 x4  0xffffffffffffffff
core   0: 0x0000000080005510 (0x001ecb93) xori    s7, t4, 1
core   0: 1 0x0000000080005510 (0x001ecb93) x23 0xfffffffffffffffe
core   0: 0x0000000080005514 (0x401ad59b) sraiw   a1, s5, 1
core   0: 1 0x0000000080005514 (0x401ad59b) x11 0x0000000000000000
core   0: 0x0000000080005518 (0x02f7ddbb) divuw   s11, a5, a5
core   0: 1 0x0000000080005518 (0x02f7ddbb) x27 0x0000000000000001
core   0: 0x000000008000551c (0x0ff0000f) fence   iorw,iorw
core   0: 1 0x000000008000551c (0x0ff0000f)
core   0: 0x0000000080005520 (0x01b58ebb) addw    t4, a1, s11
core   0: 1 0x0000000080005520 (0x01b58ebb) x29 0x0000000000000001
core   0: 0x0000000080005524 (0x800d8a1b) addiw   s4, s11, -2048
core   0: 1 0x0000000080005524 (0x800d8a1b) x20 0xfffffffffffff801
core   0: 0x0000000080005528 (0x0158083b) addw    a6, a6, s5
core   0: 1 0x0000000080005528 (0x0158083b) x16 0x0000000000000001
core   0: 0x000000008000552c (0xc23ff8d3) fcvt.lu.d a7, ft11
core   0: 1 0x000000008000552c (0xc23ff8d3) x17 0x0000000000000000
core   0: 0x0000000080005530 (0x0308f7b3) remu    a5, a7, a6
core   0: 1 0x0000000080005530 (0x0308f7b3) x15 0x0000000000000000
core   0: 0x0000000080005534 (0x2a931353) fmax.d  ft6, ft6, fs1
core   0: 1 0x0000000080005534 (0x2a931353) f6  0x7ff8000000000000
core   0: 0x0000000080005538 (0xd03cfc53) fcvt.s.lu fs8, s9
core   0: 1 0x0000000080005538 (0xd03cfc53) c1_fflags 0x0000000000000019 f24 0xffffffff5f800000
core   0: 0x000000008000553c (0x000e531b) srliw   t1, t3, 0
core   0: 1 0x000000008000553c (0x000e531b) x6  0x0000000041a6b438
core   0: 0x0000000080005540 (0x40fe093b) subw    s2, t3, a5
core   0: 1 0x0000000080005540 (0x40fe093b) x18 0x0000000041a6b438
core   0: 0x0000000080005544 (0xc213f9d3) fcvt.wu.d s3, ft7
core   0: 1 0x0000000080005544 (0xc213f9d3) c1_fflags 0x0000000000000019 x19 0xffffffffffffffff
core   0: 0x0000000080005548 (0xc23c74d3) fcvt.lu.d s1, fs8
core   0: 1 0x0000000080005548 (0xc23c74d3) c1_fflags 0x0000000000000019 x9  0xffffffffffffffff
core   0: 0x000000008000554c (0x106f6073) csrrsi  zero, scounteren, 30
core   0: 1 0x000000008000554c (0x106f6073) c262_scounteren 0x0000000000000000
core   0: 0x0000000080005550 (0x0305eab3) rem     s5, a1, a6
core   0: 1 0x0000000080005550 (0x0305eab3) x21 0x0000000000000000
core   0: 0x0000000080005554 (0x0ff0000f) fence   iorw,iorw
core   0: 1 0x0000000080005554 (0x0ff0000f)
core   0: 0x0000000080005558 (0x0128e933) or      s2, a7, s2
core   0: 1 0x0000000080005558 (0x0128e933) x18 0x0000000041a6b438
core   0: 0x000000008000555c (0x037bfa3b) remuw   s4, s7, s7
core   0: 1 0x000000008000555c (0x037bfa3b) x20 0x0000000000000000
core   0: 0x0000000080005560 (0x2b6b8bd3) fmin.d  fs7, fs7, fs6
core   0: 1 0x0000000080005560 (0x2b6b8bd3) f23 0x7ff8000000000000
core   0: 0x0000000080005564 (0x0124d333) srl     t1, s1, s2
core   0: 1 0x0000000080005564 (0x0124d333) x6  0x00000000000000ff
core   0: 0x0000000080005568 (0x012968b3) or      a7, s2, s2
core   0: 1 0x0000000080005568 (0x012968b3) x17 0x0000000041a6b438
core   0: 0x000000008000556c (0xc22ffbd3) fcvt.l.d s7, ft11
core   0: 1 0x000000008000556c (0xc22ffbd3) x23 0x0000000000000000
core   0: 0x0000000080005570 (0x5a07ff53) fsqrt.d ft10, fa5
core   0: 1 0x0000000080005570 (0x5a07ff53) c1_fflags 0x0000000000000019 f30 0x40effffffff00000
core   0: 0x0000000080005574 (0x2e41f493) andi    s1, gp, 740
core   0: 1 0x0000000080005574 (0x2e41f493) x9  0x0000000000000000
core   0: 0x0000000080005578 (0xb8b7f793) andi    a5, a5, -1141
core   0: 1 0x0000000080005578 (0xb8b7f793) x15 0x0000000000000000
core   0: 0x000000008000557c (0x420b08d3) fcvt.d.s fa7, fs6
core   0: 1 0x000000008000557c (0x420b08d3) f17 0x7ff8000000000000
core   0: 0x0000000080005580 (0xd238f553) fcvt.d.lu fa0, a7
core   0: 1 0x0000000080005580 (0xd238f553) f10 0x41d069ad0e000000
core   0: 0x0000000080005584 (0xa2b7f6cb) fnmsub.d fa3, fa5, fa1, fs4
core   0: 1 0x0000000080005584 (0xa2b7f6cb) f13 0x7ff8000000000000
core   0: 0x0000000080005588 (0x03b6fb33) remu    s6, a3, s11
core   0: 1 0x0000000080005588 (0x03b6fb33) x22 0x0000000000000000
core   0: 0x000000008000558c (0xe2000653) fmv.x.d a2, ft0
core   0: 1 0x000000008000558c (0xe2000653) x12 0x0000000000000000
core   0: 0x0000000080005590 (0xf2038253) fmv.d.x ft4, t2
core   0: 1 0x0000000080005590 (0xf2038253) f4  0x2000100500000414
core   0: 0x0000000080005594 (0xbb76fbcb) fnmsub.d fs7, fa3, fs7, fs7
core   0: 1 0x0000000080005594 (0xbb76fbcb) f23 0x7ff8000000000000
core   0: 0x0000000080005598 (0x2af387d3) fmin.d  fa5, ft7, fa5
core   0: 1 0x0000000080005598 (0x2af387d3) f15 0x41efffffffe00000
core   0: 0x000000008000559c (0x023c9333) mulh    t1, s9, gp
core   0: 1 0x000000008000559c (0x023c9333) x6  0xffffffffffffffff
core   0: 0x00000000800055a0 (0x400d549b) sraiw   s1, s10, 0
core   0: 1 0x00000000800055a0 (0x400d549b) x9  0x0000000032f99458
core   0: 0x00000000800055a4 (0x006321b3) slt     gp, t1, t1
core   0: 1 0x00000000800055a4 (0x006321b3) x3  0x0000000000000000
core   0: 0x00000000800055a8 (0x02d25a33) divu    s4, tp, a3
core   0: 1 0x00000000800055a8 (0x02d25a33) x20 0xffffffffffffffff
core   0: 0x00000000800055ac (0x0223513b) divuw   sp, t1, sp
core   0: 1 0x00000000800055ac (0x0223513b) x2  0x0000000000000005
core   0: 0x00000000800055b0 (0xd2140e53) fcvt.d.wu ft8, s0
core   0: 1 0x00000000800055b0 (0xd2140e53) f28 0x413ffffe00000000
core   0: 0x00000000800055b4 (0x2a4713d3) fmax.d  ft7, fa4, ft4
core   0: 1 0x00000000800055b4 (0x2a4713d3) f7  0x2000100500000414
core   0: 0x00000000800055b8 (0x306dd073) csrrwi  zero, mcounteren, 27
core   0: exception trap_illegal_instruction, epc 0x00000000800055b8
core   0:           tval 0x00000000306dd073
core   0: >>>>  $xrv64i2p1_m2p0_a2p1_f2p2_d2p2_zicsr2p0_zifencei2p0_zmmul1p0_zba1p0_zbb1p0_zbc1p0_zbs1p0
core   0: 0x0000000080004000 (0x0080006f) j       pc + 0x8
core   0: 3 0x0000000080004000 (0x0080006f)
core   0: >>>>  mmode_exception_handler
core   0: 0x0000000080004008 (0x00002c17) auipc   s8, 0x2
core   0: 3 0x0000000080004008 (0x00002c17) x24 0x0000000080006008
core   0: 0x000000008000400c (0x03cc0c13) addi    s8, s8, 60
core   0: 3 0x000000008000400c (0x03cc0c13) x24 0x0000000080006044
core   0: 0x0000000080004010 (0x000c00e7) jalr    s8
core   0: 3 0x0000000080004010 (0x000c00e7) x1  0x0000000080004014
core   0: >>>>  any_handler
core   0: 0x0000000080006044 (0x341027f3) csrrs   a5, mepc, zero
core   0: 3 0x0000000080006044 (0x341027f3) x15 0x00000000800055b8
core   0: 0x0000000080006048 (0x34202773) csrrs   a4, mcause, zero
core   0: 3 0x0000000080006048 (0x34202773) x14 0x0000000000000002
core   0: 0x000000008000604c (0x142026f3) csrrs   a3, scause, zero
core   0: 3 0x000000008000604c (0x142026f3) x13 0x0000000000000000
core   0: 0x0000000080006050 (0x30402673) csrrs   a2, mie, zero
core   0: 3 0x0000000080006050 (0x30402673) x12 0x0000000000000a00
core   0: 0x0000000080006054 (0x344025f3) csrrs   a1, mip, zero
core   0: 3 0x0000000080006054 (0x344025f3) x11 0x0000000000000080
core   0: 0x0000000080006058 (0x343025f3) csrrs   a1, mtval, zero
core   0: 3 0x0000000080006058 (0x343025f3) x11 0x00000000306dd073
core   0: 0x000000008000605c (0x14302573) csrrs   a0, stval, zero
core   0: 3 0x000000008000605c (0x14302573) x10 0x0000000080004014
core   0: 0x0000000080006060 (0xb02024f3) csrrs   s1, minstret, zero
core   0: 3 0x0000000080006060 (0xb02024f3) x9  0x0000000000000ef1
core   0: 0x0000000080006064 (0x0000a811) c.j     pc + 20
core   0: 3 0x0000000080006064 (0xa811)
core   0: >>>>  mepc_4
core   0: 0x0000000080006078 (0x00000791) c.addi  a5, 4
core   0: 3 0x0000000080006078 (0x0791) x15 0x00000000800055bc
core   0: 0x000000008000607a (0x34179073) csrrw   zero, mepc, a5
core   0: 3 0x000000008000607a (0x34179073) c833_mepc 0x00000000800055bc
core   0: 0x000000008000607e (0x30200073) mret
core   0: 3 0x000000008000607e (0x30200073) c768_mstatus 0x8000000a001c61a2
core   0: 0x00000000800055bc (0xc2377c53) fcvt.lu.d s8, fa4
core   0: 1 0x00000000800055bc (0xc2377c53) c1_fflags 0x0000000000000019 x24 0xffffffffffffffff
core   0: 0x00000000800055c0 (0x033bdb93) srli    s7, s7, 51
core   0: 1 0x00000000800055c0 (0x033bdb93) x23 0x0000000000000000
core   0: 0x00000000800055c4 (0x00009976) c.add   s2, t4
core   0: 1 0x00000000800055c4 (0x9976) x18 0x0000000041a6b439
core   0: 0x00000000800055c6 (0x03fe9613) slli    a2, t4, 63
core   0: 1 0x00000000800055c6 (0x03fe9613) x12 0x8000000000000000
core   0: 0x00000000800055ca (0x027edc33) divu    s8, t4, t2
core   0: 1 0x00000000800055ca (0x027edc33) x24 0x0000000000000000
core   0: 0x00000000800055ce (0x000403b3) add     t2, s0, zero
core   0: 1 0x00000000800055ce (0x000403b3) x7  0x00000000001ffffe
core   0: 0x00000000800055d2 (0xc033fad3) fcvt.lu.s s5, ft7
core   0: 1 0x00000000800055d2 (0xc033fad3) c1_fflags 0x0000000000000019 x21 0xffffffffffffffff
core   0: 0x00000000800055d6 (0x020281b3) mul     gp, t0, zero
core   0: 1 0x00000000800055d6 (0x020281b3) x3  0x0000000000000000
core   0: 0x00000000800055da (0x003a8d33) add     s10, s5, gp
core   0: 1 0x00000000800055da (0x003a8d33) x26 0xffffffffffffffff
core   0: 0x00000000800055de (0x03b8c8b3) div     a7, a7, s11
core   0: 1 0x00000000800055de (0x03b8c8b3) x17 0x0000000041a6b438
core   0: 0x00000000800055e2 (0x00000001) c.nop
core   0: 1 0x00000000800055e2 (0x0001)
core   0: 0x00000000800055e4 (0xb49c6513) ori     a0, s8, -1207
core   0: 1 0x00000000800055e4 (0xb49c6513) x10 0xfffffffffffffb49
core   0: 0x00000000800055e8 (0xf20b84d3) fmv.d.x fs1, s7
core   0: 1 0x00000000800055e8 (0xf20b84d3) f9  0x0000000000000000
core   0: 0x00000000800055ec (0xfe5edc37) lui     s8, 0xfe5ed
core   0: 1 0x00000000800055ec (0xfe5edc37) x24 0xfffffffffe5ed000
core   0: 0x00000000800055f0 (0xafbc0c1b) addiw   s8, s8, -1285
core   0: 1 0x00000000800055f0 (0xafbc0c1b) x24 0xfffffffffe5ecafb
core   0: 0x00000000800055f4 (0x00000c32) c.slli  s8, 12
core   0: 1 0x00000000800055f4 (0x0c32) x24 0xffffffe5ecafb000
core   0: 0x00000000800055f6 (0x1cfc0c13) addi    s8, s8, 463
core   0: 1 0x00000000800055f6 (0x1cfc0c13) x24 0xffffffe5ecafb1cf
core   0: 0x00000000800055fa (0x42048753) fcvt.d.s fa4, fs1
core   0: 1 0x00000000800055fa (0x42048753) f14 0x7ff8000000000000
core   0: 0x00000000800055fe (0x401080bb) subw    ra, ra, ra
core   0: 1 0x00000000800055fe (0x401080bb) x1  0x0000000000000000
core   0: 0x0000000080005602 (0xc394f343) fmadd.d ft6, fs1, fs9, fs8
core   0: 1 0x0000000080005602 (0xc394f343) f6  0x7ff8000000000000
core   0: 0x0000000080005606 (0x00c605bb) addw    a1, a2, a2
core   0: 1 0x0000000080005606 (0x00c605bb) x11 0x0000000000000000
core   0: 0x000000008000560a (0x00b757bb) srlw    a5, a4, a1
core   0: 1 0x000000008000560a (0x00b757bb) x15 0x0000000000000002
core   0: 0x000000008000560e (0x10603073) csrrc   zero, scounteren, zero
core   0: 1 0x000000008000560e (0x10603073)
core   0: 0x0000000080005612 (0x00049c1b) slliw   s8, s1, 0
core   0: 1 0x0000000080005612 (0x00049c1b) x24 0x0000000000000ef1
core   0: 0x0000000080005616 (0x00149393) slli    t2, s1, 1
core   0: 1 0x0000000080005616 (0x00149393) x7  0x0000000000001de2
core   0: 0x000000008000561a (0x5a0c7dd3) fsqrt.d fs11, fs8
core   0: 1 0x000000008000561a (0x5a0c7dd3) f27 0x7ff8000000000000
core   0: 0x000000008000561e (0x018a4133) xor     sp, s4, s8
core   0: 1 0x000000008000561e (0x018a4133) x2  0xfffffffffffff10e
core   0: 0x0000000080005622 (0x00000001) c.nop
core   0: 1 0x0000000080005622 (0x0001)
core   0: 0x0000000080005624 (0xd0207153) fcvt.s.l ft2, zero
core   0: 1 0x0000000080005624 (0xd0207153) f2  0xffffffff00000000
core   0: 0x0000000080005628 (0xc81b6873) csrrsi  a6, timeh, 22
core   0: exception trap_illegal_instruction, epc 0x0000000080005628
core   0:           tval 0x00000000c81b6873
core   0: >>>>  $xrv64i2p1_m2p0_a2p1_f2p2_d2p2_zicsr2p0_zifencei2p0_zmmul1p0_zba1p0_zbb1p0_zbc1p0_zbs1p0
core   0: 0x0000000080004000 (0x0080006f) j       pc + 0x8
core   0: 3 0x0000000080004000 (0x0080006f)
core   0: >>>>  mmode_exception_handler
core   0: 0x0000000080004008 (0x00002c17) auipc   s8, 0x2
core   0: 3 0x0000000080004008 (0x00002c17) x24 0x0000000080006008
core   0: 0x000000008000400c (0x03cc0c13) addi    s8, s8, 60
core   0: 3 0x000000008000400c (0x03cc0c13) x24 0x0000000080006044
core   0: 0x0000000080004010 (0x000c00e7) jalr    s8
core   0: 3 0x0000000080004010 (0x000c00e7) x1  0x0000000080004014
core   0: >>>>  any_handler
core   0: 0x0000000080006044 (0x341027f3) csrrs   a5, mepc, zero
core   0: 3 0x0000000080006044 (0x341027f3) x15 0x0000000080005628
core   0: 0x0000000080006048 (0x34202773) csrrs   a4, mcause, zero
core   0: 3 0x0000000080006048 (0x34202773) x14 0x0000000000000002
core   0: 0x000000008000604c (0x142026f3) csrrs   a3, scause, zero
core   0: 3 0x000000008000604c (0x142026f3) x13 0x0000000000000000
core   0: 0x0000000080006050 (0x30402673) csrrs   a2, mie, zero
core   0: 3 0x0000000080006050 (0x30402673) x12 0x0000000000000a00
core   0: 0x0000000080006054 (0x344025f3) csrrs   a1, mip, zero
core   0: 3 0x0000000080006054 (0x344025f3) x11 0x0000000000000080
core   0: 0x0000000080006058 (0x343025f3) csrrs   a1, mtval, zero
core   0: 3 0x0000000080006058 (0x343025f3) x11 0x00000000c81b6873
core   0: 0x000000008000605c (0x14302573) csrrs   a0, stval, zero
core   0: 3 0x000000008000605c (0x14302573) x10 0x0000000080004014
core   0: 0x0000000080006060 (0xb02024f3) csrrs   s1, minstret, zero
core   0: 3 0x0000000080006060 (0xb02024f3) x9  0x0000000000000f1e
core   0: 0x0000000080006064 (0x0000a811) c.j     pc + 20
core   0: 3 0x0000000080006064 (0xa811)
core   0: >>>>  mepc_4
core   0: 0x0000000080006078 (0x00000791) c.addi  a5, 4
core   0: 3 0x0000000080006078 (0x0791) x15 0x000000008000562c
core   0: 0x000000008000607a (0x34179073) csrrw   zero, mepc, a5
core   0: 3 0x000000008000607a (0x34179073) c833_mepc 0x000000008000562c
core   0: 0x000000008000607e (0x30200073) mret
core   0: 3 0x000000008000607e (0x30200073) c768_mstatus 0x8000000a001c61a2
core   0: 0x000000008000562c (0xb7a61617) auipc   a2, 0xb7a61
core   0: 1 0x000000008000562c (0xb7a61617) x12 0x0000000037a6662c
core   0: 0x0000000080005630 (0x00f8dc3b) srlw    s8, a7, a5
core   0: 1 0x0000000080005630 (0x00f8dc3b) x24 0x0000000000041a6b
core   0: 0x0000000080005634 (0x404bde93) srai    t4, s7, 4
core   0: 1 0x0000000080005634 (0x404bde93) x29 0x0000000000000000
core   0: 0x0000000080005638 (0xf2048c53) fmv.d.x fs8, s1
core   0: 1 0x0000000080005638 (0xf2048c53) f24 0x0000000000000f1e
core   0: 0x000000008000563c (0x41d50e3b) subw    t3, a0, t4
core   0: 1 0x000000008000563c (0x41d50e3b) x28 0xffffffff80004014
core   0: 0x0000000080005640 (0x03ce3d33) mulhu   s10, t3, t3
core   0: 1 0x0000000080005640 (0x03ce3d33) x26 0xffffffff00008028
core   0: 0x0000000080005644 (0x01acf933) and     s2, s9, s10
core   0: 1 0x0000000080005644 (0x01acf933) x18 0xffffffff00008028
core   0: 0x0000000080005648 (0x401df9d3) fcvt.s.d fs3, fs11
core   0: 1 0x0000000080005648 (0x401df9d3) f19 0xffffffff7fc00000
core   0: 0x000000008000564c (0x017ddb93) srli    s7, s11, 23
core   0: 1 0x000000008000564c (0x017ddb93) x23 0x0000000000000000
core   0: 0x0000000080005650 (0x01e329b7) lui     s3, 0x1e32
core   0: 1 0x0000000080005650 (0x01e329b7) x19 0x0000000001e32000
core   0: 0x0000000080005654 (0x9759899b) addiw   s3, s3, -1675
core   0: 1 0x0000000080005654 (0x9759899b) x19 0x0000000001e31975
core   0: 0x0000000080005658 (0x000009ba) c.slli  s3, 14
core   0: 1 0x0000000080005658 (0x09ba) x19 0x00000078c65d4000
core   0: 0x000000008000565a (0xe4998993) addi    s3, s3, -439
core   0: 1 0x000000008000565a (0xe4998993) x19 0x00000078c65d3e49
core   0: 0x000000008000565e (0x00178613) addi    a2, a5, 1
core   0: 1 0x000000008000565e (0x00178613) x12 0x000000008000562d
core   0: 0x0000000080005662 (0x00008fb5) c.xor   a5, a3
core   0: 1 0x0000000080005662 (0x8fb5) x15 0x000000008000562c
core   0: 0x0000000080005664 (0x0392d613) srli    a2, t0, 57
core   0: 1 0x0000000080005664 (0x0392d613) x12 0x0000000000000000
core   0: 0x0000000080005668 (0x0a817453) fsub.d  fs0, ft2, fs0
core   0: 1 0x0000000080005668 (0x0a817453) f8  0x7ff8000000000000
core   0: 0x000000008000566c (0x00c62e33) slt     t3, a2, a2
core   0: 1 0x000000008000566c (0x00c62e33) x28 0x0000000000000000
core   0: 0x0000000080005670 (0xc2337853) fcvt.lu.d a6, ft6
core   0: 1 0x0000000080005670 (0xc2337853) c1_fflags 0x0000000000000019 x16 0xffffffffffffffff
core   0: 0x0000000080005674 (0x0ff0000f) fence   iorw,iorw
core   0: 1 0x0000000080005674 (0x0ff0000f)
core   0: 0x0000000080005678 (0xd2397853) fcvt.d.lu fa6, s2
core   0: 1 0x0000000080005678 (0xd2397853) c1_fflags 0x0000000000000019 f16 0x43efffffffe00010
core   0: 0x000000008000567c (0x00002285) c.addiw t0, 1
core   0: 1 0x000000008000567c (0x2285) x5  0x0000000000000002
core   0: 0x000000008000567e (0x014ecbb3) xor     s7, t4, s4
core   0: 1 0x000000008000567e (0x014ecbb3) x23 0xffffffffffffffff
core   0: 0x0000000080005682 (0xa2940953) fle.d   s2, fs0, fs1
core   0: 1 0x0000000080005682 (0xa2940953) c1_fflags 0x0000000000000019 x18 0x0000000000000000
core   0: 0x0000000080005686 (0x00000001) c.nop
core   0: 1 0x0000000080005686 (0x0001)
core   0: 0x0000000080005688 (0xc2167653) fcvt.wu.d a2, fa2
core   0: 1 0x0000000080005688 (0xc2167653) c1_fflags 0x0000000000000019 x12 0xffffffffffffffff
core   0: 0x000000008000568c (0x03c86b3b) remw    s6, a6, t3
core   0: 1 0x000000008000568c (0x03c86b3b) x22 0xffffffffffffffff
core   0: 0x0000000080005690 (0x001898f3) csrrw   a7, fflags, a7
core   0: 1 0x0000000080005690 (0x001898f3) x17 0x0000000000000019 c1_fflags 0x0000000000000018
core   0: 0x0000000080005694 (0xd2397e53) fcvt.d.lu ft8, s2
core   0: 1 0x0000000080005694 (0xd2397e53) f28 0x0000000000000000
core   0: 0x0000000080005698 (0xc03ef753) fcvt.lu.s a4, ft9
core   0: 1 0x0000000080005698 (0xc03ef753) c1_fflags 0x0000000000000018 x14 0xffffffffffffffff
core   0: 0x000000008000569c (0xc222f653) fcvt.l.d a2, ft5
core   0: 1 0x000000008000569c (0xc222f653) c1_fflags 0x0000000000000018 x12 0x7fffffffffffffff
core   0: 0x00000000800056a0 (0xeb02fdc7) fmsub.d fs11, ft5, fa6, ft9
core   0: 1 0x00000000800056a0 (0xeb02fdc7) f27 0x7ff0000000000000
core   0: 0x00000000800056a4 (0x40f752bb) sraw    t0, a4, a5
core   0: 1 0x00000000800056a4 (0x40f752bb) x5  0xffffffffffffffff
core   0: 0x00000000800056a8 (0xc2047d53) fcvt.w.d s10, fs0
core   0: 1 0x00000000800056a8 (0xc2047d53) c1_fflags 0x0000000000000018 x26 0x000000007fffffff
core   0: 0x00000000800056ac (0xdbf87ccb) fnmsub.d fs9, fa6, ft11, fs11
core   0: 1 0x00000000800056ac (0xdbf87ccb) f25 0x7ff0000000000000
core   0: 0x00000000800056b0 (0x00000001) c.nop
core   0: 1 0x00000000800056b0 (0x0001)
core   0: 0x00000000800056b2 (0x4118d7b3) sra     a5, a7, a7
core   0: 1 0x00000000800056b2 (0x4118d7b3) x15 0x0000000000000000
core   0: 0x00000000800056b6 (0x0246d0b3) divu    ra, a3, tp
core   0: 1 0x00000000800056b6 (0x0246d0b3) x1  0x0000000000000000
core   0: 0x00000000800056ba (0x0015f993) andi    s3, a1, 1
core   0: 1 0x00000000800056ba (0x0015f993) x19 0x0000000000000001
core   0: 0x00000000800056be (0x01a99cbb) sllw    s9, s3, s10
core   0: 1 0x00000000800056be (0x01a99cbb) x25 0xffffffff80000000
core   0: 0x00000000800056c2 (0xd23e76d3) fcvt.d.lu fa3, t3
core   0: 1 0x00000000800056c2 (0xd23e76d3) f13 0x0000000000000000
core   0: 0x00000000800056c6 (0x0000148a) c.slli  s1, 34
core   0: 1 0x00000000800056c6 (0x148a) x9  0x00003c7800000000
core   0: 0x00000000800056c8 (0x0385f653) fadd.d  fa2, fa1, fs8
core   0: 1 0x00000000800056c8 (0x0385f653) f12 0x0000000000000f1e
core   0: 0x00000000800056cc (0x22828953) fsgnj.d fs2, ft5, fs0
core   0: 1 0x00000000800056cc (0x22828953) f18 0x7ff0000000000000
core   0: 0x00000000800056d0 (0x00000001) c.nop
core   0: 1 0x00000000800056d0 (0x0001)
core   0: 0x00000000800056d2 (0x0ff0000f) fence   iorw,iorw
core   0: 1 0x00000000800056d2 (0x0ff0000f)
core   0: 0x00000000800056d6 (0x0092c2b3) xor     t0, t0, s1
core   0: 1 0x00000000800056d6 (0x0092c2b3) x5  0xffffc387ffffffff
core   0: 0x00000000800056da (0xe20d0cd3) fmv.x.d s9, fs10
core   0: 1 0x00000000800056da (0xe20d0cd3) x25 0x0000000000000000
core   0: 0x00000000800056de (0x0337d7b3) divu    a5, a5, s3
core   0: 1 0x00000000800056de (0x0337d7b3) x15 0x0000000000000000
core   0: 0x00000000800056e2 (0x03fd5493) srli    s1, s10, 63
core   0: 1 0x00000000800056e2 (0x03fd5493) x9  0x0000000000000000
core   0: 0x00000000800056e6 (0x03bc873b) mulw    a4, s9, s11
core   0: 1 0x00000000800056e6 (0x03bc873b) x14 0x0000000000000000
core   0: 0x00000000800056ea (0x402cd6bb) sraw    a3, s9, sp
core   0: 1 0x00000000800056ea (0x402cd6bb) x13 0x0000000000000000
core   0: 0x00000000800056ee (0x00e06bb3) or      s7, zero, a4
core   0: 1 0x00000000800056ee (0x00e06bb3) x23 0x0000000000000000
core   0: 0x00000000800056f2 (0x40177b53) fcvt.s.d fs6, fa4
core   0: 1 0x00000000800056f2 (0x40177b53) f22 0xffffffff7fc00000
core   0: 0x00000000800056f6 (0x00000001) c.nop
core   0: 1 0x00000000800056f6 (0x0001)
core   0: 0x00000000800056f8 (0xd23b7147) fmsub.d ft2, fs6, ft3, fs10
core   0: 1 0x00000000800056f8 (0xd23b7147) f2  0x7ff8000000000000
core   0: 0x00000000800056fc (0x6af3f6cf) fnmadd.d fa3, ft7, fa5, fa3
core   0: 1 0x00000000800056fc (0x6af3f6cf) c1_fflags 0x0000000000000019 f13 0xa2001004ffeff40f
core   0: 0x0000000080005700 (0x1bd37ed3) fdiv.d  ft9, ft6, ft9
core   0: 1 0x0000000080005700 (0x1bd37ed3) f29 0x7ff8000000000000
core   0: 0x0000000080005704 (0x404bd0bb) sraw    ra, s7, tp
core   0: 1 0x0000000080005704 (0x404bd0bb) x1  0x0000000000000000
core   0: 0x0000000080005708 (0x00095393) srli    t2, s2, 0
core   0: 1 0x0000000080005708 (0x00095393) x7  0x0000000000000000
core   0: 0x000000008000570c (0x00202273) csrrs   tp, frm, zero
core   0: 1 0x000000008000570c (0x00202273) x4  0x0000000000000004
core   0: 0x0000000080005710 (0x41c9de33) sra     t3, s3, t3
core   0: 1 0x0000000080005710 (0x41c9de33) x28 0x0000000000000001
core   0: 0x0000000080005714 (0xc2027253) fcvt.w.d tp, ft4
core   0: 1 0x0000000080005714 (0xc2027253) c1_fflags 0x0000000000000019 x4  0x0000000000000000
core   0: 0x0000000080005718 (0xd026fbd3) fcvt.s.l fs7, a3
core   0: 1 0x0000000080005718 (0xd026fbd3) f23 0xffffffff00000000
core   0: 0x000000008000571c (0x418205b3) sub     a1, tp, s8
core   0: 1 0x000000008000571c (0x418205b3) x11 0xfffffffffffbe595
core   0: 0x0000000080005720 (0x40cc5013) srai    zero, s8, 12
core   0: 1 0x0000000080005720 (0x40cc5013)
core   0: 0x0000000080005724 (0x41a98d3b) subw    s10, s3, s10
core   0: 1 0x0000000080005724 (0x41a98d3b) x26 0xffffffff80000002
core   0: 0x0000000080005728 (0xc011f573) csrrci  a0, time, 3
core   0: exception trap_illegal_instruction, epc 0x0000000080005728
core   0:           tval 0x00000000c011f573
core   0: >>>>  $xrv64i2p1_m2p0_a2p1_f2p2_d2p2_zicsr2p0_zifencei2p0_zmmul1p0_zba1p0_zbb1p0_zbc1p0_zbs1p0
core   0: 0x0000000080004000 (0x0080006f) j       pc + 0x8
core   0: 3 0x0000000080004000 (0x0080006f)
core   0: >>>>  mmode_exception_handler
core   0: 0x0000000080004008 (0x00002c17) auipc   s8, 0x2
core   0: 3 0x0000000080004008 (0x00002c17) x24 0x0000000080006008
core   0: 0x000000008000400c (0x03cc0c13) addi    s8, s8, 60
core   0: 3 0x000000008000400c (0x03cc0c13) x24 0x0000000080006044
core   0: 0x0000000080004010 (0x000c00e7) jalr    s8
core   0: 3 0x0000000080004010 (0x000c00e7) x1  0x0000000080004014
core   0: >>>>  any_handler
core   0: 0x0000000080006044 (0x341027f3) csrrs   a5, mepc, zero
core   0: 3 0x0000000080006044 (0x341027f3) x15 0x0000000080005728
core   0: 0x0000000080006048 (0x34202773) csrrs   a4, mcause, zero
core   0: 3 0x0000000080006048 (0x34202773) x14 0x0000000000000002
core   0: 0x000000008000604c (0x142026f3) csrrs   a3, scause, zero
core   0: 3 0x000000008000604c (0x142026f3) x13 0x0000000000000000
core   0: 0x0000000080006050 (0x30402673) csrrs   a2, mie, zero
core   0: 3 0x0000000080006050 (0x30402673) x12 0x0000000000000a00
core   0: 0x0000000080006054 (0x344025f3) csrrs   a1, mip, zero
core   0: 3 0x0000000080006054 (0x344025f3) x11 0x0000000000000080
core   0: 0x0000000080006058 (0x343025f3) csrrs   a1, mtval, zero
core   0: 3 0x0000000080006058 (0x343025f3) x11 0x00000000c011f573
core   0: 0x000000008000605c (0x14302573) csrrs   a0, stval, zero
core   0: 3 0x000000008000605c (0x14302573) x10 0x0000000080004014
core   0: 0x0000000080006060 (0xb02024f3) csrrs   s1, minstret, zero
core   0: 3 0x0000000080006060 (0xb02024f3) x9  0x0000000000000f71
core   0: 0x0000000080006064 (0x0000a811) c.j     pc + 20
core   0: 3 0x0000000080006064 (0xa811)
core   0: >>>>  mepc_4
core   0: 0x0000000080006078 (0x00000791) c.addi  a5, 4
core   0: 3 0x0000000080006078 (0x0791) x15 0x000000008000572c
core   0: 0x000000008000607a (0x34179073) csrrw   zero, mepc, a5
core   0: 3 0x000000008000607a (0x34179073) c833_mepc 0x000000008000572c
core   0: 0x000000008000607e (0x30200073) mret
core   0: 3 0x000000008000607e (0x30200073) c768_mstatus 0x8000000a001c61a2
core   0: 0x000000008000572c (0x1bb5f9d3) fdiv.d  fs3, fa1, fs11
core   0: 1 0x000000008000572c (0x1bb5f9d3) f19 0x0000000000000000
core   0: 0x0000000080005730 (0x0318bc33) mulhu   s8, a7, a7
core   0: 1 0x0000000080005730 (0x0318bc33) x24 0x0000000000000000
core   0: 0x0000000080005734 (0x5a09f0d3) fsqrt.d ft1, fs3
core   0: 1 0x0000000080005734 (0x5a09f0d3) f1  0x0000000000000000
core   0: 0x0000000080005738 (0xd0287cd3) fcvt.s.l fs9, a6
core   0: 1 0x0000000080005738 (0xd0287cd3) f25 0xffffffffbf800000
core   0: 0x000000008000573c (0x0ff0000f) fence   iorw,iorw
core   0: 1 0x000000008000573c (0x0ff0000f)
core   0: 0x0000000080005740 (0x00000001) c.nop
core   0: 1 0x0000000080005740 (0x0001)
core   0: 0x0000000080005742 (0xc209f2d3) fcvt.w.d t0, fs3
core   0: 1 0x0000000080005742 (0xc209f2d3) x5  0x0000000000000000
core   0: 0x0000000080005746 (0xa33b0453) fle.d   s0, fs6, fs3
core   0: 1 0x0000000080005746 (0xa33b0453) c1_fflags 0x0000000000000019 x8  0x0000000000000000
core   0: 0x000000008000574a (0x85642237) lui     tp, 0x85642
core   0: 1 0x000000008000574a (0x85642237) x4  0xffffffff85642000
core   0: 0x000000008000574e (0x001b1073) csrrw   zero, fflags, s6
core   0: 1 0x000000008000574e (0x001b1073) c1_fflags 0x000000000000001f
core   0: 0x0000000080005752 (0x00405a33) srl     s4, zero, tp
core   0: 1 0x0000000080005752 (0x00405a33) x20 0x0000000000000000
core   0: 0x0000000080005756 (0x038066b3) rem     a3, zero, s8
core   0: 1 0x0000000080005756 (0x038066b3) x13 0x0000000000000000
core   0: 0x000000008000575a (0x23312a53) fsgnjx.d fs4, ft2, fs3
core   0: 1 0x000000008000575a (0x23312a53) f20 0x7ff8000000000000
core   0: 0x000000008000575e (0xc032fed3) fcvt.lu.s t4, ft5
core   0: 1 0x000000008000575e (0xc032fed3) c1_fflags 0x000000000000001f x29 0xffffffffffffffff
core   0: 0x0000000080005762 (0x02cb6ebb) remw    t4, s6, a2
core   0: 1 0x0000000080005762 (0x02cb6ebb) x29 0xffffffffffffffff
core   0: 0x0000000080005766 (0x2a1b99d3) fmax.d  fs3, fs7, ft1
core   0: 1 0x0000000080005766 (0x2a1b99d3) f19 0x0000000000000000
core   0: 0x000000008000576a (0x00202873) csrrs   a6, frm, zero
core   0: 1 0x000000008000576a (0x00202873) x16 0x0000000000000004
core   0: 0x000000008000576e (0xd21b0653) fcvt.d.wu fa2, s6
core   0: 1 0x000000008000576e (0xd21b0653) f12 0x41efffffffe00000
core   0: 0x0000000080005772 (0x6336754b) fnmsub.d fa0, fa2, fs3, fa2
core   0: 1 0x0000000080005772 (0x6336754b) f10 0x41efffffffe00000
core   0: 0x0000000080005776 (0x0288b5b3) mulhu   a1, a7, s0
core   0: 1 0x0000000080005776 (0x0288b5b3) x11 0x0000000000000000
core   0: 0x000000008000577a (0x00047033) and     zero, s0, zero
core   0: 1 0x000000008000577a (0x00047033)
core   0: 0x000000008000577e (0x402b03b3) sub     t2, s6, sp
core   0: 1 0x000000008000577e (0x402b03b3) x7  0x0000000000000ef1
core   0: 0x0000000080005782 (0xfff3849b) addiw   s1, t2, -1
core   0: 1 0x0000000080005782 (0xfff3849b) x9  0x0000000000000ef0
core   0: 0x0000000080005786 (0x001d9d9b) slliw   s11, s11, 1
core   0: 1 0x0000000080005786 (0x001d9d9b) x27 0x0000000000000002
core   0: 0x000000008000578a (0x02009b33) mulh    s6, ra, zero
core   0: 1 0x000000008000578a (0x02009b33) x22 0x0000000000000000
core   0: 0x000000008000578e (0x002021f3) csrrs   gp, frm, zero
core   0: 1 0x000000008000578e (0x002021f3) x3  0x0000000000000004
core   0: 0x0000000080005792 (0x00e770b3) and     ra, a4, a4
core   0: 1 0x0000000080005792 (0x00e770b3) x1  0x0000000000000002
core   0: 0x0000000080005796 (0xf20586d3) fmv.d.x fa3, a1
core   0: 1 0x0000000080005796 (0xf20586d3) f13 0x0000000000000000
core   0: 0x000000008000579a (0x2b3b03d3) fmin.d  ft7, fs6, fs3
core   0: 1 0x000000008000579a (0x2b3b03d3) f7  0x0000000000000000
core   0: 0x000000008000579e (0x0133d13b) srlw    sp, t2, s3
core   0: 1 0x000000008000579e (0x0133d13b) x2  0x0000000000000778
core   0: 0x00000000800057a2 (0x01730bbb) addw    s7, t1, s7
core   0: 1 0x00000000800057a2 (0x01730bbb) x23 0xffffffffffffffff
core   0: 0x00000000800057a6 (0x03d4b2b3) mulhu   t0, s1, t4
core   0: 1 0x00000000800057a6 (0x03d4b2b3) x5  0x0000000000000eef
core   0: 0x00000000800057aa (0x02655c93) srli    s9, a0, 38
core   0: 1 0x00000000800057aa (0x02655c93) x25 0x0000000000000000
core   0: 0x00000000800057ae (0x4086d6bb) sraw    a3, a3, s0
core   0: 1 0x00000000800057ae (0x4086d6bb) x13 0x0000000000000000
core   0: 0x00000000800057b2 (0x10ae9073) csrrw   zero, senvcfg, t4
core   0: 1 0x00000000800057b2 (0x10ae9073) c266_senvcfg 0x0000000000000000
core   0: 0x00000000800057b6 (0x02d96a3b) remw    s4, s2, a3
core   0: 1 0x00000000800057b6 (0x02d96a3b) x20 0x0000000000000000
core   0: 0x00000000800057ba (0xd2000ed3) fcvt.d.w ft9, zero
core   0: 1 0x00000000800057ba (0xd2000ed3) f29 0x0000000000000000
core   0: 0x00000000800057be (0x4ca4d5b7) lui     a1, 0x4ca4d
core   0: 1 0x00000000800057be (0x4ca4d5b7) x11 0x000000004ca4d000
core   0: 0x00000000800057c2 (0x00859d3b) sllw    s10, a1, s0
core   0: 1 0x00000000800057c2 (0x00859d3b) x26 0x000000004ca4d000
core   0: 0x00000000800057c6 (0x23e88dd3) fsgnj.d fs11, fa7, ft10
core   0: 1 0x00000000800057c6 (0x23e88dd3) f27 0x7ff8000000000000
core   0: 0x00000000800057ca (0x0063533b) srlw    t1, t1, t1
core   0: 1 0x00000000800057ca (0x0063533b) x6  0x0000000000000001
core   0: 0x00000000800057ce (0x026b41bb) divw    gp, s6, t1
core   0: 1 0x00000000800057ce (0x026b41bb) x3  0x0000000000000000
core   0: 0x00000000800057d2 (0xfff7c937) lui     s2, 0xfff7c
core   0: 1 0x00000000800057d2 (0xfff7c937) x18 0xfffffffffff7c000
core   0: 0x00000000800057d6 (0x52b9091b) addiw   s2, s2, 1323
core   0: 1 0x00000000800057d6 (0x52b9091b) x18 0xfffffffffff7c52b
core   0: 0x00000000800057da (0x00000936) c.slli  s2, 13
core   0: 1 0x00000000800057da (0x0936) x18 0xfffffffef8a56000
core   0: 0x00000000800057dc (0xb6990913) addi    s2, s2, -1175
core   0: 1 0x00000000800057dc (0xb6990913) x18 0xfffffffef8a55b69
core   0: 0x00000000800057e0 (0x012080bb) addw    ra, ra, s2
core   0: 1 0x00000000800057e0 (0x012080bb) x1  0xfffffffff8a55b6b
core   0: 0x00000000800057e4 (0x001095f3) csrrw   a1, fflags, ra
core   0: 1 0x00000000800057e4 (0x001095f3) x11 0x000000000000001f c1_fflags 0x000000000000000b
core   0: 0x00000000800057e8 (0x02b74833) div     a6, a4, a1
core   0: 1 0x00000000800057e8 (0x02b74833) x16 0x0000000000000000
core   0: 0x00000000800057ec (0x03987853) fadd.d  fa6, fa6, fs9
core   0: 1 0x00000000800057ec (0x03987853) f16 0x7ff8000000000000
core   0: 0x00000000800057f0 (0x2b099bd3) fmax.d  fs7, fs3, fa6
core   0: 1 0x00000000800057f0 (0x2b099bd3) f23 0x0000000000000000
core   0: 0x00000000800057f4 (0x0a2f7a53) fsub.d  fs4, ft10, ft2
core   0: 1 0x00000000800057f4 (0x0a2f7a53) f20 0x7ff8000000000000
core   0: 0x00000000800057f8 (0x00000001) c.nop
core   0: 1 0x00000000800057f8 (0x0001)
core   0: 0x00000000800057fa (0x00000001) c.nop
core   0: 1 0x00000000800057fa (0x0001)
core   0: 0x00000000800057fc (0x0b4a7353) fsub.d  ft6, fs4, fs4
core   0: 1 0x00000000800057fc (0x0b4a7353) f6  0x7ff8000000000000
core   0: 0x0000000080005800 (0x420b03d3) fcvt.d.s ft7, fs6
core   0: 1 0x0000000080005800 (0x420b03d3) f7  0x7ff8000000000000
core   0: 0x0000000080005804 (0x2b839c53) fmax.d  fs8, ft7, fs8
core   0: 1 0x0000000080005804 (0x2b839c53) f24 0x0000000000000f1e
core   0: 0x0000000080005808 (0x0014141b) slliw   s0, s0, 1
core   0: 1 0x0000000080005808 (0x0014141b) x8  0x0000000000000000
core   0: 0x000000008000580c (0x3a950693) addi    a3, a0, 937
core   0: 1 0x000000008000580c (0x3a950693) x13 0x00000000800043bd
core   0: 0x0000000080005810 (0x00000001) c.nop
core   0: 1 0x0000000080005810 (0x0001)
core   0: 0x0000000080005812 (0xc3c8fe47) fmsub.d ft8, fa7, ft8, fs8
core   0: 1 0x0000000080005812 (0xc3c8fe47) f28 0x7ff8000000000000
core   0: 0x0000000080005816 (0x5a0fffd3) fsqrt.d ft11, ft11
core   0: 1 0x0000000080005816 (0x5a0fffd3) f31 0x8000000000000000
core   0: 0x000000008000581a (0x402e82bb) subw    t0, t4, sp
core   0: 1 0x000000008000581a (0x402e82bb) x5  0xfffffffffffff887
core   0: 0x000000008000581e (0x02570a3b) mulw    s4, a4, t0
core   0: 1 0x000000008000581e (0x02570a3b) x20 0xfffffffffffff10e
core   0: 0x0000000080005822 (0x03410333) mul     t1, sp, s4
core   0: 1 0x0000000080005822 (0x03410333) x6  0xffffffffff906090
core   0: 0x0000000080005826 (0xf2d1fec7) fmsub.d ft9, ft3, fa3, ft10
core   0: 1 0x0000000080005826 (0xf2d1fec7) f29 0xc0effffffff00000
core   0: 0x000000008000582a (0x4489f037) lui     zero, 0x4489f
core   0: 1 0x000000008000582a (0x4489f037)
core   0: 0x000000008000582e (0x13d1fdd3) fmul.d  fs11, ft3, ft9
core   0: 1 0x000000008000582e (0x13d1fdd3) f27 0x8000000000000000
core   0: 0x0000000080005832 (0x0339c9b3) div     s3, s3, s3
core   0: 1 0x0000000080005832 (0x0339c9b3) x19 0x0000000000000001
core   0: 0x0000000080005836 (0x13def753) fmul.d  fa4, ft9, ft9
core   0: 1 0x0000000080005836 (0x13def753) c1_fflags 0x000000000000000b f14 0x41efffffffe00000
core   0: 0x000000008000583a (0x23140c53) fsgnj.d fs8, fs0, fa7
core   0: 1 0x000000008000583a (0x23140c53) f24 0x7ff8000000000000
core   0: 0x000000008000583e (0x030694b3) mulh    s1, a3, a6
core   0: 1 0x000000008000583e (0x030694b3) x9  0x0000000000000000
core   0: 0x0000000080005842 (0x00bef5b3) and     a1, t4, a1
core   0: 1 0x0000000080005842 (0x00bef5b3) x11 0x000000000000001f
core   0: 0x0000000080005846 (0x420a0953) fcvt.d.s fs2, fs4
core   0: 1 0x0000000080005846 (0x420a0953) f18 0x7ff8000000000000
core   0: 0x000000008000584a (0x42038653) fcvt.d.s fa2, ft7
core   0: 1 0x000000008000584a (0x42038653) f12 0x7ff8000000000000
core   0: 0x000000008000584e (0x00b49233) sll     tp, s1, a1
core   0: 1 0x000000008000584e (0x00b49233) x4  0x0000000000000000
core   0: 0x0000000080005852 (0xd2058153) fcvt.d.w ft2, a1
core   0: 1 0x0000000080005852 (0xd2058153) f2  0x403f000000000000
core   0: 0x0000000080005856 (0x039ead33) mulhsu  s10, t4, s9
core   0: 1 0x0000000080005856 (0x039ead33) x26 0x0000000000000000
core   0: 0x000000008000585a (0x45dd4813) xori    a6, s10, 1117
core   0: 1 0x000000008000585a (0x45dd4813) x16 0x000000000000045d
core   0: 0x000000008000585e (0xa2777743) fmadd.d fa4, fa4, ft7, fs4
core   0: 1 0x000000008000585e (0xa2777743) f14 0x7ff8000000000000
core   0: 0x0000000080005862 (0x0b46f6d3) fsub.d  fa3, fa3, fs4
core   0: 1 0x0000000080005862 (0x0b46f6d3) f13 0x7ff8000000000000
core   0: 0x0000000080005866 (0x00001ad6) c.slli  s5, 53
core   0: 1 0x0000000080005866 (0x1ad6) x21 0xffe0000000000000
core   0: 0x0000000080005868 (0x03aa7db3) remu    s11, s4, s10
core   0: 1 0x0000000080005868 (0x03aa7db3) x27 0xfffffffffffff10e
core   0: 0x000000008000586c (0x002103bb) addw    t2, sp, sp
core   0: 1 0x000000008000586c (0x002103bb) x7  0x0000000000000ef0
core   0: 0x0000000080005870 (0x22b3a5d3) fsgnjx.d fa1, ft7, fa1
core   0: 1 0x0000000080005870 (0x22b3a5d3) f11 0x7ff8000000000000
core   0: 0x0000000080005874 (0x2256a0d3) fsgnjx.d ft1, fa3, ft5
core   0: 1 0x0000000080005874 (0x2256a0d3) f1  0x7ff8000000000000
core   0: 0x0000000080005878 (0x2b188f53) fmin.d  ft10, fa7, fa7
core   0: 1 0x0000000080005878 (0x2b188f53) f30 0x7ff8000000000000
core   0: 0x000000008000587c (0x0053909b) slliw   ra, t2, 5
core   0: 1 0x000000008000587c (0x0053909b) x1  0x000000000001de00
core   0: 0x0000000080005880 (0x03c1f1bb) remuw   gp, gp, t3
core   0: 1 0x0000000080005880 (0x03c1f1bb) x3  0x0000000000000000
core   0: 0x0000000080005884 (0x4048d4bb) sraw    s1, a7, tp
core   0: 1 0x0000000080005884 (0x4048d4bb) x9  0x0000000000000019
core   0: 0x0000000080005888 (0x0002901b) slliw   zero, t0, 0
core   0: 1 0x0000000080005888 (0x0002901b)
core   0: 0x000000008000588c (0x4018fbd3) fcvt.s.d fs7, fa7
core   0: 1 0x000000008000588c (0x4018fbd3) f23 0xffffffff7fc00000
core   0: 0x0000000080005890 (0xd20303d3) fcvt.d.w ft7, t1
core   0: 1 0x0000000080005890 (0xd20303d3) f7  0xc15be7dc00000000
core   0: 0x0000000080005894 (0x412cd513) srai    a0, s9, 18
core   0: 1 0x0000000080005894 (0x412cd513) x10 0x0000000000000000
core   0: 0x0000000080005898 (0xc22bf3d3) fcvt.l.d t2, fs7
core   0: 1 0x0000000080005898 (0xc22bf3d3) c1_fflags 0x000000000000001b x7  0x7fffffffffffffff
core   0: 0x000000008000589c (0x03d21913) slli    s2, tp, 61
core   0: 1 0x000000008000589c (0x03d21913) x18 0x0000000000000000
core   0: 0x00000000800058a0 (0xbb38f9c7) fmsub.d fs3, fa7, fs3, fs7
core   0: 1 0x00000000800058a0 (0xbb38f9c7) f19 0x7ff8000000000000
core   0: 0x00000000800058a4 (0x0022d29b) srliw   t0, t0, 2
core   0: 1 0x00000000800058a4 (0x0022d29b) x5  0x000000003ffffe21
core   0: 0x00000000800058a8 (0x0103961b) slliw   a2, t2, 16
core   0: 1 0x00000000800058a8 (0x0103961b) x12 0xffffffffffff0000
core   0: 0x00000000800058ac (0xe20881d3) fmv.x.d gp, fa7
core   0: 1 0x00000000800058ac (0xe20881d3) x3  0x7ff8000000000000
core   0: 0x00000000800058b0 (0x403b5b33) sra     s6, s6, gp
core   0: 1 0x00000000800058b0 (0x403b5b33) x22 0x0000000000000000
core   0: 0x00000000800058b4 (0x02a11cb3) mulh    s9, sp, a0
core   0: 1 0x00000000800058b4 (0x02a11cb3) x25 0x0000000000000000
core   0: 0x00000000800058b8 (0x23a22653) fsgnjx.d fa2, ft4, fs10
core   0: 1 0x00000000800058b8 (0x23a22653) f12 0x2000100500000414
core   0: 0x00000000800058bc (0x1a22021b) addiw   tp, tp, 418
core   0: 1 0x00000000800058bc (0x1a22021b) x4  0x00000000000001a2
core   0: 0x00000000800058c0 (0xd20c0553) fcvt.d.w fa0, s8
core   0: 1 0x00000000800058c0 (0xd20c0553) f10 0x0000000000000000
core   0: 0x00000000800058c4 (0x014242b3) xor     t0, tp, s4
core   0: 1 0x00000000800058c4 (0x014242b3) x5  0xfffffffffffff0ac
core   0: 0x00000000800058c8 (0x021686b3) mul     a3, a3, ra
core   0: 1 0x00000000800058c8 (0x021686b3) x13 0x0000ef007e7ae600
core   0: 0x00000000800058cc (0x1441a273) csrrs   tp, sip, gp
core   0: 1 0x00000000800058cc (0x1441a273) x4  0x0000000000000000 c836_mip 0x0000000000000080
core   0: 0x00000000800058d0 (0x01c218bb) sllw    a7, tp, t3
core   0: 1 0x00000000800058d0 (0x01c218bb) x17 0x0000000000000000
core   0: 0x00000000800058d4 (0x00102cf3) csrrs   s9, fflags, zero
core   0: 1 0x00000000800058d4 (0x00102cf3) x25 0x000000000000001b
core   0: 0x00000000800058d8 (0xd03877d3) fcvt.s.lu fa5, a6
core   0: 1 0x00000000800058d8 (0xd03877d3) f15 0xffffffff448ba000
core   0: 0x00000000800058dc (0xe20b8253) fmv.x.d tp, fs7
core   0: 1 0x00000000800058dc (0xe20b8253) x4  0xffffffff7fc00000
core   0: 0x00000000800058e0 (0xd0327353) fcvt.s.lu ft6, tp
core   0: 1 0x00000000800058e0 (0xd0327353) c1_fflags 0x000000000000001b f6  0xffffffff5f800000
core   0: 0x00000000800058e4 (0x00000c06) c.slli  s8, 1
core   0: 1 0x00000000800058e4 (0x0c06) x24 0x0000000000000000
core   0: 0x00000000800058e6 (0x039075bb) remuw   a1, zero, s9
core   0: 1 0x00000000800058e6 (0x039075bb) x11 0x0000000000000000
core   0: 0x00000000800058ea (0x0dc18717) auipc   a4, 0xdc18
core   0: 1 0x00000000800058ea (0x0dc18717) x14 0x000000008dc1d8ea
core   0: 0x00000000800058ee (0x9ac377b7) lui     a5, 0x9ac37
core   0: 1 0x00000000800058ee (0x9ac377b7) x15 0xffffffff9ac37000
core   0: 0x00000000800058f2 (0x5cda2217) auipc   tp, 0x5cda2
core   0: 1 0x00000000800058f2 (0x5cda2217) x4  0x00000000dcda78f2
core   0: 0x00000000800058f6 (0x00478a33) add     s4, a5, tp
core   0: 1 0x00000000800058f6 (0x00478a33) x20 0x00000000779de8f2
core   0: 0x00000000800058fa (0x70d08113) addi    sp, ra, 1805
core   0: 1 0x00000000800058fa (0x70d08113) x2  0x000000000001e50d
core   0: 0x00000000800058fe (0x026368b3) rem     a7, t1, t1
core   0: 1 0x00000000800058fe (0x026368b3) x17 0x0000000000000000
core   0: 0x0000000080005902 (0xc06e2cf3) csrrs   s9, hpmcounter6, t3
core   0: exception trap_illegal_instruction, epc 0x0000000080005902
core   0:           tval 0x00000000c06e2cf3
core   0: >>>>  $xrv64i2p1_m2p0_a2p1_f2p2_d2p2_zicsr2p0_zifencei2p0_zmmul1p0_zba1p0_zbb1p0_zbc1p0_zbs1p0
core   0: 0x0000000080004000 (0x0080006f) j       pc + 0x8
core   0: 3 0x0000000080004000 (0x0080006f)
core   0: >>>>  mmode_exception_handler
core   0: 0x0000000080004008 (0x00002c17) auipc   s8, 0x2
core   0: 3 0x0000000080004008 (0x00002c17) x24 0x0000000080006008
core   0: 0x000000008000400c (0x03cc0c13) addi    s8, s8, 60
core   0: 3 0x000000008000400c (0x03cc0c13) x24 0x0000000080006044
core   0: 0x0000000080004010 (0x000c00e7) jalr    s8
core   0: 3 0x0000000080004010 (0x000c00e7) x1  0x0000000080004014
core   0: >>>>  any_handler
core   0: 0x0000000080006044 (0x341027f3) csrrs   a5, mepc, zero
core   0: 3 0x0000000080006044 (0x341027f3) x15 0x0000000080005902
core   0: 0x0000000080006048 (0x34202773) csrrs   a4, mcause, zero
core   0: 3 0x0000000080006048 (0x34202773) x14 0x0000000000000002
core   0: 0x000000008000604c (0x142026f3) csrrs   a3, scause, zero
core   0: 3 0x000000008000604c (0x142026f3) x13 0x0000000000000000
core   0: 0x0000000080006050 (0x30402673) csrrs   a2, mie, zero
core   0: 3 0x0000000080006050 (0x30402673) x12 0x0000000000000a00
core   0: 0x0000000080006054 (0x344025f3) csrrs   a1, mip, zero
core   0: 3 0x0000000080006054 (0x344025f3) x11 0x0000000000000080
core   0: 0x0000000080006058 (0x343025f3) csrrs   a1, mtval, zero
core   0: 3 0x0000000080006058 (0x343025f3) x11 0x00000000c06e2cf3
core   0: 0x000000008000605c (0x14302573) csrrs   a0, stval, zero
core   0: 3 0x000000008000605c (0x14302573) x10 0x0000000080004014
core   0: 0x0000000080006060 (0xb02024f3) csrrs   s1, minstret, zero
core   0: 3 0x0000000080006060 (0xb02024f3) x9  0x0000000000000ffa
core   0: 0x0000000080006064 (0x0000a811) c.j     pc + 20
core   0: 3 0x0000000080006064 (0xa811)
core   0: >>>>  mepc_4
core   0: 0x0000000080006078 (0x00000791) c.addi  a5, 4
core   0: 3 0x0000000080006078 (0x0791) x15 0x0000000080005906
core   0: 0x000000008000607a (0x34179073) csrrw   zero, mepc, a5
core   0: 3 0x000000008000607a (0x34179073) c833_mepc 0x0000000080005906
core   0: 0x000000008000607e (0x30200073) mret
core   0: 3 0x000000008000607e (0x30200073) c768_mstatus 0x8000000a001c61a2
core   0: 0x0000000080005906 (0x4013f553) fcvt.s.d fa0, ft7
core   0: 1 0x0000000080005906 (0x4013f553) f10 0xffffffffcadf3ee0
core   0: 0x000000008000590a (0x1a0bc6b7) lui     a3, 0x1a0bc
core   0: 1 0x000000008000590a (0x1a0bc6b7) x13 0x000000001a0bc000
core   0: 0x000000008000590e (0x008a0bb3) add     s7, s4, s0
core   0: 1 0x000000008000590e (0x008a0bb3) x23 0x00000000779de8f2
core   0: 0x0000000080005912 (0x021d84b3) mul     s1, s11, ra
core   0: 1 0x0000000080005912 (0x021d84b3) x9  0xfffff886fc425518
core   0: 0x0000000080005916 (0x02b7f733) remu    a4, a5, a1
core   0: 1 0x0000000080005916 (0x02b7f733) x14 0x0000000080005906
core   0: 0x000000008000591a (0xd027fd53) fcvt.s.l fs10, a5
core   0: 1 0x000000008000591a (0xd027fd53) c1_fflags 0x000000000000001b f26 0xffffffff4f000059
core   0: 0x000000008000591e (0x02bd0633) mul     a2, s10, a1
core   0: 1 0x000000008000591e (0x02bd0633) x12 0x0000000000000000
core   0: 0x0000000080005922 (0x0101f8b3) and     a7, gp, a6
core   0: 1 0x0000000080005922 (0x0101f8b3) x17 0x0000000000000000
core   0: 0x0000000080005926 (0x00008ed9) c.or    a3, a4
core   0: 1 0x0000000080005926 (0x8ed9) x13 0x000000009a0bd906
core   0: 0x0000000080005928 (0xd23c7c53) fcvt.d.lu fs8, s8
core   0: 1 0x0000000080005928 (0xd23c7c53) f24 0x41e0000c08800000
core   0: 0x000000008000592c (0x001693f3) csrrw   t2, fflags, a3
core   0: 1 0x000000008000592c (0x001693f3) x7  0x000000000000001b c1_fflags 0x0000000000000006
core   0: 0x0000000080005930 (0x22820853) fsgnj.d fa6, ft4, fs0
core   0: 1 0x0000000080005930 (0x22820853) f16 0x2000100500000414
core   0: 0x0000000080005934 (0x420c0653) fcvt.d.s fa2, fs8
core   0: 1 0x0000000080005934 (0x420c0653) f12 0x7ff8000000000000
core   0: 0x0000000080005938 (0x0268a8b3) mulhsu  a7, a7, t1
core   0: 1 0x0000000080005938 (0x0268a8b3) x17 0x0000000000000000
core   0: 0x000000008000593c (0x03cd8db3) mul     s11, s11, t3
core   0: 1 0x000000008000593c (0x03cd8db3) x27 0xfffffffffffff10e
core   0: 0x0000000080005940 (0x011de533) or      a0, s11, a7
core   0: 1 0x0000000080005940 (0x011de533) x10 0xfffffffffffff10e
core   0: 0x0000000080005944 (0x403d81b3) sub     gp, s11, gp
core   0: 1 0x0000000080005944 (0x403d81b3) x3  0x8007fffffffff10e
core   0: 0x0000000080005948 (0x0ff0000f) fence   iorw,iorw
core   0: 1 0x0000000080005948 (0x0ff0000f)
core   0: 0x000000008000594c (0xf8784a37) lui     s4, 0xf8784
core   0: 1 0x000000008000594c (0xf8784a37) x20 0xfffffffff8784000
core   0: 0x0000000080005950 (0x127a0a1b) addiw   s4, s4, 295
core   0: 1 0x0000000080005950 (0x127a0a1b) x20 0xfffffffff8784127
core   0: 0x0000000080005954 (0x00000a32) c.slli  s4, 12
core   0: 1 0x0000000080005954 (0x0a32) x20 0xffffff8784127000
core   0: 0x0000000080005956 (0x962a0a13) addi    s4, s4, -1694
core   0: 1 0x0000000080005956 (0x962a0a13) x20 0xffffff8784126962
core   0: 0x000000008000595a (0x017a1433) sll     s0, s4, s7
core   0: 1 0x000000008000595a (0x017a1433) x8  0xa588000000000000
core   0: 0x000000008000595e (0x00202873) csrrs   a6, frm, zero
core   0: 1 0x000000008000595e (0x00202873) x16 0x0000000000000004
core   0: 0x0000000080005962 (0x90fe0d1b) addiw   s10, t3, -1777
core   0: 1 0x0000000080005962 (0x90fe0d1b) x26 0xfffffffffffff910
core   0: 0x0000000080005966 (0x62fef34f) fnmadd.d ft6, ft9, fa5, fa2
core   0: 1 0x0000000080005966 (0x62fef34f) f6  0x7ff8000000000000
core   0: 0x000000008000596a (0x0193e1b7) lui     gp, 0x193e
core   0: 1 0x000000008000596a (0x0193e1b7) x3  0x000000000193e000
core   0: 0x000000008000596e (0xeb51819b) addiw   gp, gp, -331
core   0: 1 0x000000008000596e (0xeb51819b) x3  0x000000000193deb5
core   0: 0x0000000080005972 (0x000001b6) c.slli  gp, 13
core   0: 1 0x0000000080005972 (0x01b6) x3  0x000000327bd6a000
core   0: 0x0000000080005974 (0x3c018193) addi    gp, gp, 960
core   0: 1 0x0000000080005974 (0x3c018193) x3  0x000000327bd6a3c0
core   0: 0x0000000080005978 (0xc03379d3) fcvt.lu.s s3, ft6
core   0: 1 0x0000000080005978 (0xc03379d3) c1_fflags 0x0000000000000016 x19 0xffffffffffffffff
core   0: 0x000000008000597c (0x03540b3b) mulw    s6, s0, s5
core   0: 1 0x000000008000597c (0x03540b3b) x22 0x0000000000000000
core   0: 0x0000000080005980 (0x008704bb) addw    s1, a4, s0
core   0: 1 0x0000000080005980 (0x008704bb) x9  0xffffffff80005906
core   0: 0x0000000080005984 (0x0014cd93) xori    s11, s1, 1
core   0: 1 0x0000000080005984 (0x0014cd93) x27 0xffffffff80005907
core   0: 0x0000000080005988 (0x4124dd33) sra     s10, s1, s2
core   0: 1 0x0000000080005988 (0x4124dd33) x26 0xffffffff80005906
core   0: 0x000000008000598c (0x01dada9b) srliw   s5, s5, 29
core   0: 1 0x000000008000598c (0x01dada9b) x21 0x0000000000000000
core   0: 0x0000000080005990 (0x420181d3) fcvt.d.s ft3, ft3
core   0: 1 0x0000000080005990 (0x420181d3) f3  0x7ff8000000000000
core   0: 0x0000000080005994 (0x0392b3b3) mulhu   t2, t0, s9
core   0: 1 0x0000000080005994 (0x0392b3b3) x7  0x000000000000001a
core   0: 0x0000000080005998 (0x4002dd93) srai    s11, t0, 0
core   0: 1 0x0000000080005998 (0x4002dd93) x27 0xfffffffffffff0ac
core   0: 0x000000008000599c (0x03d5a5b3) mulhsu  a1, a1, t4
core   0: 1 0x000000008000599c (0x03d5a5b3) x11 0x00000000c06e2cf2
core   0: 0x00000000800059a0 (0x22529f53) fsgnjn.d ft10, ft5, ft5
core   0: 1 0x00000000800059a0 (0x22529f53) f30 0xfff0000000000000
core   0: 0x00000000800059a4 (0xc03b11f3) csrrw   gp, hpmcounter3, s6
core   0: exception trap_illegal_instruction, epc 0x00000000800059a4
core   0:           tval 0x00000000c03b11f3
core   0: >>>>  $xrv64i2p1_m2p0_a2p1_f2p2_d2p2_zicsr2p0_zifencei2p0_zmmul1p0_zba1p0_zbb1p0_zbc1p0_zbs1p0
core   0: 0x0000000080004000 (0x0080006f) j       pc + 0x8
core   0: 3 0x0000000080004000 (0x0080006f)
core   0: >>>>  mmode_exception_handler
core   0: 0x0000000080004008 (0x00002c17) auipc   s8, 0x2
core   0: 3 0x0000000080004008 (0x00002c17) x24 0x0000000080006008
core   0: 0x000000008000400c (0x03cc0c13) addi    s8, s8, 60
core   0: 3 0x000000008000400c (0x03cc0c13) x24 0x0000000080006044
core   0: 0x0000000080004010 (0x000c00e7) jalr    s8
core   0: 3 0x0000000080004010 (0x000c00e7) x1  0x0000000080004014
core   0: >>>>  any_handler
core   0: 0x0000000080006044 (0x341027f3) csrrs   a5, mepc, zero
core   0: 3 0x0000000080006044 (0x341027f3) x15 0x00000000800059a4
core   0: 0x0000000080006048 (0x34202773) csrrs   a4, mcause, zero
core   0: 3 0x0000000080006048 (0x34202773) x14 0x0000000000000002
core   0: 0x000000008000604c (0x142026f3) csrrs   a3, scause, zero
core   0: 3 0x000000008000604c (0x142026f3) x13 0x0000000000000000
core   0: 0x0000000080006050 (0x30402673) csrrs   a2, mie, zero
core   0: 3 0x0000000080006050 (0x30402673) x12 0x0000000000000a00
core   0: 0x0000000080006054 (0x344025f3) csrrs   a1, mip, zero
core   0: 3 0x0000000080006054 (0x344025f3) x11 0x0000000000000080
core   0: 0x0000000080006058 (0x343025f3) csrrs   a1, mtval, zero
core   0: 3 0x0000000080006058 (0x343025f3) x11 0x00000000c03b11f3
core   0: 0x000000008000605c (0x14302573) csrrs   a0, stval, zero
core   0: 3 0x000000008000605c (0x14302573) x10 0x0000000080004014
core   0: 0x0000000080006060 (0xb02024f3) csrrs   s1, minstret, zero
core   0: 3 0x0000000080006060 (0xb02024f3) x9  0x0000000000001033
core   0: 0x0000000080006064 (0x0000a811) c.j     pc + 20
core   0: 3 0x0000000080006064 (0xa811)
core   0: >>>>  mepc_4
core   0: 0x0000000080006078 (0x00000791) c.addi  a5, 4
core   0: 3 0x0000000080006078 (0x0791) x15 0x00000000800059a8
core   0: 0x000000008000607a (0x34179073) csrrw   zero, mepc, a5
core   0: 3 0x000000008000607a (0x34179073) c833_mepc 0x00000000800059a8
core   0: 0x000000008000607e (0x30200073) mret
core   0: 3 0x000000008000607e (0x30200073) c768_mstatus 0x8000000a001c61a2
core   0: 0x00000000800059a8 (0x00000001) c.nop
core   0: 1 0x00000000800059a8 (0x0001)
core   0: 0x00000000800059aa (0x30306cf3) csrrsi  s9, mideleg, 0
core   0: exception trap_illegal_instruction, epc 0x00000000800059aa
core   0:           tval 0x0000000030306cf3
core   0: >>>>  $xrv64i2p1_m2p0_a2p1_f2p2_d2p2_zicsr2p0_zifencei2p0_zmmul1p0_zba1p0_zbb1p0_zbc1p0_zbs1p0
core   0: 0x0000000080004000 (0x0080006f) j       pc + 0x8
core   0: 3 0x0000000080004000 (0x0080006f)
core   0: >>>>  mmode_exception_handler
core   0: 0x0000000080004008 (0x00002c17) auipc   s8, 0x2
core   0: 3 0x0000000080004008 (0x00002c17) x24 0x0000000080006008
core   0: 0x000000008000400c (0x03cc0c13) addi    s8, s8, 60
core   0: 3 0x000000008000400c (0x03cc0c13) x24 0x0000000080006044
core   0: 0x0000000080004010 (0x000c00e7) jalr    s8
core   0: 3 0x0000000080004010 (0x000c00e7) x1  0x0000000080004014
core   0: >>>>  any_handler
core   0: 0x0000000080006044 (0x341027f3) csrrs   a5, mepc, zero
core   0: 3 0x0000000080006044 (0x341027f3) x15 0x00000000800059aa
core   0: 0x0000000080006048 (0x34202773) csrrs   a4, mcause, zero
core   0: 3 0x0000000080006048 (0x34202773) x14 0x0000000000000002
core   0: 0x000000008000604c (0x142026f3) csrrs   a3, scause, zero
core   0: 3 0x000000008000604c (0x142026f3) x13 0x0000000000000000
core   0: 0x0000000080006050 (0x30402673) csrrs   a2, mie, zero
core   0: 3 0x0000000080006050 (0x30402673) x12 0x0000000000000a00
core   0: 0x0000000080006054 (0x344025f3) csrrs   a1, mip, zero
core   0: 3 0x0000000080006054 (0x344025f3) x11 0x0000000000000080
core   0: 0x0000000080006058 (0x343025f3) csrrs   a1, mtval, zero
core   0: 3 0x0000000080006058 (0x343025f3) x11 0x0000000030306cf3
core   0: 0x000000008000605c (0x14302573) csrrs   a0, stval, zero
core   0: 3 0x000000008000605c (0x14302573) x10 0x0000000080004014
core   0: 0x0000000080006060 (0xb02024f3) csrrs   s1, minstret, zero
core   0: 3 0x0000000080006060 (0xb02024f3) x9  0x0000000000001044
core   0: 0x0000000080006064 (0x0000a811) c.j     pc + 20
core   0: 3 0x0000000080006064 (0xa811)
core   0: >>>>  mepc_4
core   0: 0x0000000080006078 (0x00000791) c.addi  a5, 4
core   0: 3 0x0000000080006078 (0x0791) x15 0x00000000800059ae
core   0: 0x000000008000607a (0x34179073) csrrw   zero, mepc, a5
core   0: 3 0x000000008000607a (0x34179073) c833_mepc 0x00000000800059ae
core   0: 0x000000008000607e (0x30200073) mret
core   0: 3 0x000000008000607e (0x30200073) c768_mstatus 0x8000000a001c61a2
core   0: 0x00000000800059ae (0x018497bb) sllw    a5, s1, s8
core   0: 1 0x00000000800059ae (0x018497bb) x15 0x0000000000010440
core   0: 0x00000000800059b2 (0x4c846597) auipc   a1, 0x4c846
core   0: 1 0x00000000800059b2 (0x4c846597) x11 0x00000000cc84b9b2
core   0: 0x00000000800059b6 (0x02f588b3) mul     a7, a1, a5
core   0: 1 0x00000000800059b6 (0x02f588b3) x17 0x0000cfe9edc73480
core   0: 0x00000000800059ba (0x0ff0000f) fence   iorw,iorw
core   0: 1 0x00000000800059ba (0x0ff0000f)
core   0: 0x00000000800059be (0xaa18f0c7) fmsub.d ft1, fa7, ft1, fs5
core   0: 1 0x00000000800059be (0xaa18f0c7) f1  0x7ff8000000000000
core   0: 0x00000000800059c2 (0x23cb81d3) fsgnj.d ft3, fs7, ft8
core   0: 1 0x00000000800059c2 (0x23cb81d3) f3  0x7fffffff7fc00000
core   0: 0x00000000800059c6 (0xc03ef253) fcvt.lu.s tp, ft9
core   0: 1 0x00000000800059c6 (0xc03ef253) c1_fflags 0x0000000000000016 x4  0xffffffffffffffff
core   0: 0x00000000800059ca (0x029b5c3b) divuw   s8, s6, s1
core   0: 1 0x00000000800059ca (0x029b5c3b) x24 0x0000000000000000
core   0: 0x00000000800059ce (0x01a10abb) addw    s5, sp, s10
core   0: 1 0x00000000800059ce (0x01a10abb) x21 0xffffffff80023e13
core   0: 0x00000000800059d2 (0x0000387d) c.addiw a6, -1
core   0: 1 0x00000000800059d2 (0x387d) x16 0x0000000000000003
core   0: 0x00000000800059d4 (0x01540abb) addw    s5, s0, s5
core   0: 1 0x00000000800059d4 (0x01540abb) x21 0xffffffff80023e13
core   0: 0x00000000800059d8 (0x0326da13) srli    s4, a3, 50
core   0: 1 0x00000000800059d8 (0x0326da13) x20 0x0000000000000000
core   0: 0x00000000800059dc (0x0215073b) mulw    a4, a0, ra
core   0: 1 0x00000000800059dc (0x0215073b) x14 0x00000000100a0190
core   0: 0x00000000800059e0 (0x002c1573) csrrw   a0, frm, s8
core   0: 1 0x00000000800059e0 (0x002c1573) x10 0x0000000000000004 c2_frm 0x0000000000000000
core   0: 0x00000000800059e4 (0xd23e7dd3) fcvt.d.lu fs11, t3
core   0: 1 0x00000000800059e4 (0xd23e7dd3) f27 0x3ff0000000000000
core   0: 0x00000000800059e8 (0xd21e04d3) fcvt.d.wu fs1, t3
core   0: 1 0x00000000800059e8 (0xd21e04d3) f9  0x3ff0000000000000
core   0: 0x00000000800059ec (0xc2217ed3) fcvt.l.d t4, ft2
core   0: 1 0x00000000800059ec (0xc2217ed3) x29 0x000000000000001f
core   0: 0x00000000800059f0 (0x02079a33) mulh    s4, a5, zero
core   0: 1 0x00000000800059f0 (0x02079a33) x20 0x0000000000000000
core   0: 0x00000000800059f4 (0x000e8e1b) sext.w  t3, t4
core   0: 1 0x00000000800059f4 (0x000e8e1b) x28 0x000000000000001f
core   0: 0x00000000800059f8 (0x13137353) fmul.d  ft6, ft6, fa7
core   0: 1 0x00000000800059f8 (0x13137353) f6  0x7ff8000000000000
core   0: 0x00000000800059fc (0xc7187893) andi    a7, a6, -911
core   0: 1 0x00000000800059fc (0xc7187893) x17 0x0000000000000001
core   0: 0x0000000080005a00 (0xd02bf853) fcvt.s.l fa6, s7
core   0: 1 0x0000000080005a00 (0xd02bf853) c1_fflags 0x0000000000000017 f16 0xffffffff4eef3bd2
core   0: 0x0000000080005a04 (0x0274f4b3) remu    s1, s1, t2
core   0: 1 0x0000000080005a04 (0x0274f4b3) x9  0x0000000000000004
core   0: 0x0000000080005a08 (0x10a99073) csrrw   zero, senvcfg, s3
core   0: 1 0x0000000080005a08 (0x10a99073) c266_senvcfg 0x0000000000000000
core   0: 0x0000000080005a0c (0x2aad1d53) fmax.d  fs10, fs10, fa0
core   0: 1 0x0000000080005a0c (0x2aad1d53) f26 0x7ff8000000000000
core   0: 0x0000000080005a10 (0x400a5313) srai    t1, s4, 0
core   0: 1 0x0000000080005a10 (0x400a5313) x6  0x0000000000000000
core   0: 0x0000000080005a14 (0x036b1e33) mulh    t3, s6, s6
core   0: 1 0x0000000080005a14 (0x036b1e33) x28 0x0000000000000000
core   0: 0x0000000080005a18 (0xf2038953) fmv.d.x fs2, t2
core   0: 1 0x0000000080005a18 (0xf2038953) f18 0x000000000000001a
core   0: 0x0000000080005a1c (0x00f2d53b) srlw    a0, t0, a5
core   0: 1 0x0000000080005a1c (0x00f2d53b) x10 0xfffffffffffff0ac
core   0: 0x0000000080005a20 (0x2a5c1f53) fmax.d  ft10, fs8, ft5
core   0: 1 0x0000000080005a20 (0x2a5c1f53) f30 0x7ff0000000000000
core   0: 0x0000000080005a24 (0xd8dc4693) xori    a3, s8, -627
core   0: 1 0x0000000080005a24 (0xd8dc4693) x13 0xfffffffffffffd8d
core   0: 0x0000000080005a28 (0xf1161673) csrrw   a2, mvendorid, a2
core   0: exception trap_illegal_instruction, epc 0x0000000080005a28
core   0:           tval 0x00000000f1161673
core   0: >>>>  $xrv64i2p1_m2p0_a2p1_f2p2_d2p2_zicsr2p0_zifencei2p0_zmmul1p0_zba1p0_zbb1p0_zbc1p0_zbs1p0
core   0: 0x0000000080004000 (0x0080006f) j       pc + 0x8
core   0: 3 0x0000000080004000 (0x0080006f)
core   0: >>>>  mmode_exception_handler
core   0: 0x0000000080004008 (0x00002c17) auipc   s8, 0x2
core   0: 3 0x0000000080004008 (0x00002c17) x24 0x0000000080006008
core   0: 0x000000008000400c (0x03cc0c13) addi    s8, s8, 60
core   0: 3 0x000000008000400c (0x03cc0c13) x24 0x0000000080006044
core   0: 0x0000000080004010 (0x000c00e7) jalr    s8
core   0: 3 0x0000000080004010 (0x000c00e7) x1  0x0000000080004014
core   0: >>>>  any_handler
core   0: 0x0000000080006044 (0x341027f3) csrrs   a5, mepc, zero
core   0: 3 0x0000000080006044 (0x341027f3) x15 0x0000000080005a28
core   0: 0x0000000080006048 (0x34202773) csrrs   a4, mcause, zero
core   0: 3 0x0000000080006048 (0x34202773) x14 0x0000000000000002
core   0: 0x000000008000604c (0x142026f3) csrrs   a3, scause, zero
core   0: 3 0x000000008000604c (0x142026f3) x13 0x0000000000000000
core   0: 0x0000000080006050 (0x30402673) csrrs   a2, mie, zero
core   0: 3 0x0000000080006050 (0x30402673) x12 0x0000000000000a00
core   0: 0x0000000080006054 (0x344025f3) csrrs   a1, mip, zero
core   0: 3 0x0000000080006054 (0x344025f3) x11 0x0000000000000080
core   0: 0x0000000080006058 (0x343025f3) csrrs   a1, mtval, zero
core   0: 3 0x0000000080006058 (0x343025f3) x11 0x00000000f1161673
core   0: 0x000000008000605c (0x14302573) csrrs   a0, stval, zero
core   0: 3 0x000000008000605c (0x14302573) x10 0x0000000080004014
core   0: 0x0000000080006060 (0xb02024f3) csrrs   s1, minstret, zero
core   0: 3 0x0000000080006060 (0xb02024f3) x9  0x0000000000001073
core   0: 0x0000000080006064 (0x0000a811) c.j     pc + 20
core   0: 3 0x0000000080006064 (0xa811)
core   0: >>>>  mepc_4
core   0: 0x0000000080006078 (0x00000791) c.addi  a5, 4
core   0: 3 0x0000000080006078 (0x0791) x15 0x0000000080005a2c
core   0: 0x000000008000607a (0x34179073) csrrw   zero, mepc, a5
core   0: 3 0x000000008000607a (0x34179073) c833_mepc 0x0000000080005a2c
core   0: 0x000000008000607e (0x30200073) mret
core   0: 3 0x000000008000607e (0x30200073) c768_mstatus 0x8000000a001c61a2
core   0: 0x0000000080005a2c (0xc21d75d3) fcvt.wu.d a1, fs10
core   0: 1 0x0000000080005a2c (0xc21d75d3) c1_fflags 0x0000000000000017 x11 0xffffffffffffffff
core   0: 0x0000000080005a30 (0xd379f117) auipc   sp, 0xd379f
core   0: 1 0x0000000080005a30 (0xd379f117) x2  0x00000000537a4a30
core   0: 0x0000000080005a34 (0x41acd5bb) sraw    a1, s9, s10
core   0: 1 0x0000000080005a34 (0x41acd5bb) x11 0x0000000000000000
core   0: 0x0000000080005a38 (0x2b1e8f53) fmin.d  ft10, ft9, fa7
core   0: 1 0x0000000080005a38 (0x2b1e8f53) f30 0xc0effffffff00000
core   0: 0x0000000080005a3c (0x0b67fe53) fsub.d  ft8, fa5, fs6
core   0: 1 0x0000000080005a3c (0x0b67fe53) f28 0x7ff8000000000000
core   0: 0x0000000080005a40 (0x401e78d3) fcvt.s.d fa7, ft8
core   0: 1 0x0000000080005a40 (0x401e78d3) f17 0xffffffff7fc00000
core   0: 0x0000000080005a44 (0x03fb9613) slli    a2, s7, 63
core   0: 1 0x0000000080005a44 (0x03fb9613) x12 0x0000000000000000
core   0: 0x0000000080005a48 (0xc02b74d3) fcvt.l.s s1, fs6
core   0: 1 0x0000000080005a48 (0xc02b74d3) c1_fflags 0x0000000000000017 x9  0x7fffffffffffffff
core   0: 0x0000000080005a4c (0x00119df3) csrrw   s11, fflags, gp
core   0: 1 0x0000000080005a4c (0x00119df3) x27 0x0000000000000017 c1_fflags 0x0000000000000000
core   0: 0x0000000080005a50 (0x00e1d593) srli    a1, gp, 14
core   0: 1 0x0000000080005a50 (0x00e1d593) x11 0x0000000000c9ef5a
core   0: 0x0000000080005a54 (0x1a0d7fd3) fdiv.d  ft11, fs10, ft0
core   0: 1 0x0000000080005a54 (0x1a0d7fd3) f31 0x7ff8000000000000
core   0: 0x0000000080005a58 (0xc2007d53) fcvt.w.d s10, ft0
core   0: 1 0x0000000080005a58 (0xc2007d53) x26 0x0000000000000000
core   0: 0x0000000080005a5c (0x01861abb) sllw    s5, a2, s8
core   0: 1 0x0000000080005a5c (0x01861abb) x21 0x0000000000000000
core   0: 0x0000000080005a60 (0x01aadcbb) srlw    s9, s5, s10
core   0: 1 0x0000000080005a60 (0x01aadcbb) x25 0x0000000000000000
core   0: 0x0000000080005a64 (0x008978b3) and     a7, s2, s0
core   0: 1 0x0000000080005a64 (0x008978b3) x17 0x0000000000000000
core   0: 0x0000000080005a68 (0x0314e4b3) rem     s1, s1, a7
core   0: 1 0x0000000080005a68 (0x0314e4b3) x9  0x7fffffffffffffff
core   0: 0x0000000080005a6c (0xd22d74d3) fcvt.d.l fs1, s10
core   0: 1 0x0000000080005a6c (0xd22d74d3) f9  0x0000000000000000
core   0: 0x0000000080005a70 (0x40b685b3) sub     a1, a3, a1
core   0: 1 0x0000000080005a70 (0x40b685b3) x11 0xffffffffff3610a6
core   0: 0x0000000080005a74 (0x00099a9b) slliw   s5, s3, 0
core   0: 1 0x0000000080005a74 (0x00099a9b) x21 0xffffffffffffffff
core   0: 0x0000000080005a78 (0xd2247153) fcvt.d.l ft2, s0
core   0: 1 0x0000000080005a78 (0xd2247153) f2  0xc3d69e0000000000
core   0: 0x0000000080005a7c (0x222696d3) fsgnjn.d fa3, fa3, ft2
core   0: 1 0x0000000080005a7c (0x222696d3) f13 0x7ff8000000000000
core   0: 0x0000000080005a80 (0xd039fbd3) fcvt.s.lu fs7, s3
core   0: 1 0x0000000080005a80 (0xd039fbd3) c1_fflags 0x0000000000000001 f23 0xffffffff5f800000
core   0: 0x0000000080005a84 (0x035e1193) slli    gp, t3, 53
core   0: 1 0x0000000080005a84 (0x035e1193) x3  0x0000000000000000
core   0: 0x0000000080005a88 (0x1a3579d3) fdiv.d  fs3, fa0, ft3
core   0: 1 0x0000000080005a88 (0x1a3579d3) f19 0x7ff8000000000000
core   0: 0x0000000080005a8c (0x40918a3b) subw    s4, gp, s1
core   0: 1 0x0000000080005a8c (0x40918a3b) x20 0x0000000000000001
core   0: 0x0000000080005a90 (0x9f29c837) lui     a6, 0x9f29c
core   0: 1 0x0000000080005a90 (0x9f29c837) x16 0xffffffff9f29c000
core   0: 0x0000000080005a94 (0x000a1613) slli    a2, s4, 0
core   0: 1 0x0000000080005a94 (0x000a1613) x12 0x0000000000000001
core   0: 0x0000000080005a98 (0x0305d5bb) divuw   a1, a1, a6
core   0: 1 0x0000000080005a98 (0x0305d5bb) x11 0x0000000000000001
core   0: 0x0000000080005a9c (0x00000001) c.nop
core   0: 1 0x0000000080005a9c (0x0001)
core   0: 0x0000000080005a9e (0x030b863b) mulw    a2, s7, a6
core   0: 1 0x0000000080005a9e (0x030b863b) x12 0x000000000b778000
core   0: 0x0000000080005aa2 (0xc3c4ca93) xori    s5, s1, -964
core   0: 1 0x0000000080005aa2 (0xc3c4ca93) x21 0x80000000000003c3
core   0: 0x0000000080005aa6 (0x001412f3) csrrw   t0, fflags, s0
core   0: 1 0x0000000080005aa6 (0x001412f3) x5  0x0000000000000001 c1_fflags 0x0000000000000000
core   0: 0x0000000080005aaa (0x140fe4f3) csrrsi  s1, sscratch, 31
core   0: 1 0x0000000080005aaa (0x140fe4f3) x9  0x0000000000000000 c320_sscratch 0x000000000000001f
core   0: 0x0000000080005aae (0x00102ef3) csrrs   t4, fflags, zero
core   0: 1 0x0000000080005aae (0x00102ef3) x29 0x0000000000000000
core   0: 0x0000000080005ab2 (0xd23ef253) fcvt.d.lu ft4, t4
core   0: 1 0x0000000080005ab2 (0xd23ef253) f4  0x0000000000000000
core   0: 0x0000000080005ab6 (0x0a567a53) fsub.d  fs4, fa2, ft5
core   0: 1 0x0000000080005ab6 (0x0a567a53) f20 0x7ff8000000000000
core   0: 0x0000000080005aba (0x4012f553) fcvt.s.d fa0, ft5
core   0: 1 0x0000000080005aba (0x4012f553) f10 0xffffffff7f800000
core   0: 0x0000000080005abe (0x002b9273) csrrw   tp, frm, s7
core   0: 1 0x0000000080005abe (0x002b9273) x4  0x0000000000000000 c2_frm 0x0000000000000002
core   0: 0x0000000080005ac2 (0xc2057a53) fcvt.w.d s4, fa0
core   0: 1 0x0000000080005ac2 (0xc2057a53) c1_fflags 0x0000000000000010 x20 0x000000007fffffff
core   0: 0x0000000080005ac6 (0x014a7ab3) and     s5, s4, s4
core   0: 1 0x0000000080005ac6 (0x014a7ab3) x21 0x000000007fffffff
core   0: 0x0000000080005aca (0x000038fd) c.addiw a7, -1
core   0: 1 0x0000000080005aca (0x38fd) x17 0xffffffffffffffff
core   0: 0x0000000080005acc (0x00008846) c.mv    a6, a7
core   0: 1 0x0000000080005acc (0x8846) x16 0xffffffffffffffff
core   0: 0x0000000080005ace (0x02ea3a33) mulhu   s4, s4, a4
core   0: 1 0x0000000080005ace (0x02ea3a33) x20 0x0000000000000000
core   0: 0x0000000080005ad2 (0x1a2dfb53) fdiv.d  fs6, fs11, ft2
core   0: 1 0x0000000080005ad2 (0x1a2dfb53) c1_fflags 0x0000000000000011 f22 0xbc06a33d1a9deed9
core   0: 0x0000000080005ad6 (0x034c02bb) mulw    t0, s8, s4
core   0: 1 0x0000000080005ad6 (0x034c02bb) x5  0x0000000000000000
core   0: 0x0000000080005ada (0x3400e973) csrrsi  s2, mscratch, 1
core   0: exception trap_illegal_instruction, epc 0x0000000080005ada
core   0:           tval 0x000000003400e973
core   0: >>>>  $xrv64i2p1_m2p0_a2p1_f2p2_d2p2_zicsr2p0_zifencei2p0_zmmul1p0_zba1p0_zbb1p0_zbc1p0_zbs1p0
core   0: 0x0000000080004000 (0x0080006f) j       pc + 0x8
core   0: 3 0x0000000080004000 (0x0080006f)
core   0: >>>>  mmode_exception_handler
core   0: 0x0000000080004008 (0x00002c17) auipc   s8, 0x2
core   0: 3 0x0000000080004008 (0x00002c17) x24 0x0000000080006008
core   0: 0x000000008000400c (0x03cc0c13) addi    s8, s8, 60
core   0: 3 0x000000008000400c (0x03cc0c13) x24 0x0000000080006044
core   0: 0x0000000080004010 (0x000c00e7) jalr    s8
core   0: 3 0x0000000080004010 (0x000c00e7) x1  0x0000000080004014
core   0: >>>>  any_handler
core   0: 0x0000000080006044 (0x341027f3) csrrs   a5, mepc, zero
core   0: 3 0x0000000080006044 (0x341027f3) x15 0x0000000080005ada
core   0: 0x0000000080006048 (0x34202773) csrrs   a4, mcause, zero
core   0: 3 0x0000000080006048 (0x34202773) x14 0x0000000000000002
core   0: 0x000000008000604c (0x142026f3) csrrs   a3, scause, zero
core   0: 3 0x000000008000604c (0x142026f3) x13 0x0000000000000000
core   0: 0x0000000080006050 (0x30402673) csrrs   a2, mie, zero
core   0: 3 0x0000000080006050 (0x30402673) x12 0x0000000000000a00
core   0: 0x0000000080006054 (0x344025f3) csrrs   a1, mip, zero
core   0: 3 0x0000000080006054 (0x344025f3) x11 0x0000000000000080
core   0: 0x0000000080006058 (0x343025f3) csrrs   a1, mtval, zero
core   0: 3 0x0000000080006058 (0x343025f3) x11 0x000000003400e973
core   0: 0x000000008000605c (0x14302573) csrrs   a0, stval, zero
core   0: 3 0x000000008000605c (0x14302573) x10 0x0000000080004014
core   0: 0x0000000080006060 (0xb02024f3) csrrs   s1, minstret, zero
core   0: 3 0x0000000080006060 (0xb02024f3) x9  0x00000000000010b0
core   0: 0x0000000080006064 (0x0000a811) c.j     pc + 20
core   0: 3 0x0000000080006064 (0xa811)
core   0: >>>>  mepc_4
core   0: 0x0000000080006078 (0x00000791) c.addi  a5, 4
core   0: 3 0x0000000080006078 (0x0791) x15 0x0000000080005ade
core   0: 0x000000008000607a (0x34179073) csrrw   zero, mepc, a5
core   0: 3 0x000000008000607a (0x34179073) c833_mepc 0x0000000080005ade
core   0: 0x000000008000607e (0x30200073) mret
core   0: 3 0x000000008000607e (0x30200073) c768_mstatus 0x8000000a001c61a2
core   0: 0x0000000080005ade (0x01b95833) srl     a6, s2, s11
core   0: 1 0x0000000080005ade (0x01b95833) x16 0x0000000000000000
core   0: 0x0000000080005ae2 (0x00000001) c.nop
core   0: 1 0x0000000080005ae2 (0x0001)
core   0: 0x0000000080005ae4 (0x00def2b3) and     t0, t4, a3
core   0: 1 0x0000000080005ae4 (0x00def2b3) x5  0x0000000000000000
core   0: 0x0000000080005ae8 (0xfff5c593) not     a1, a1
core   0: 1 0x0000000080005ae8 (0xfff5c593) x11 0xffffffffcbff168c
core   0: 0x0000000080005aec (0x0072e4b3) or      s1, t0, t2
core   0: 1 0x0000000080005aec (0x0072e4b3) x9  0x000000000000001a
core   0: 0x0000000080005af0 (0x001dde93) srli    t4, s11, 1
core   0: 1 0x0000000080005af0 (0x001dde93) x29 0x000000000000000b
core   0: 0x0000000080005af4 (0x01fedc1b) srliw   s8, t4, 31
core   0: 1 0x0000000080005af4 (0x01fedc1b) x24 0x0000000000000000
core   0: 0x0000000080005af8 (0x03d8fbbb) remuw   s7, a7, t4
core   0: 1 0x0000000080005af8 (0x03d8fbbb) x23 0x0000000000000003
core   0: 0x0000000080005afc (0x01669c3b) sllw    s8, a3, s6
core   0: 1 0x0000000080005afc (0x01669c3b) x24 0x0000000000000000
core   0: 0x0000000080005b00 (0x40d68cbb) subw    s9, a3, a3
core   0: 1 0x0000000080005b00 (0x40d68cbb) x25 0x0000000000000000
core   0: 0x0000000080005b04 (0x421cd193) srai    gp, s9, 33
core   0: 1 0x0000000080005b04 (0x421cd193) x3  0x0000000000000000
core   0: 0x0000000080005b08 (0x00bafa33) and     s4, s5, a1
core   0: 1 0x0000000080005b08 (0x00bafa33) x20 0x000000004bff168c
core   0: 0x0000000080005b0c (0x015e6ab3) or      s5, t3, s5
core   0: 1 0x0000000080005b0c (0x015e6ab3) x21 0x000000007fffffff
core   0: 0x0000000080005b10 (0x1b8c7c4f) fnmadd.d fs8, fs8, fs8, ft3
core   0: 1 0x0000000080005b10 (0x1b8c7c4f) f24 0x7ff8000000000000
core   0: 0x0000000080005b14 (0xab638513) addi    a0, t2, -1354
core   0: 1 0x0000000080005b14 (0xab638513) x10 0xfffffffffffffad0
core   0: 0x0000000080005b18 (0x00a775b3) and     a1, a4, a0
core   0: 1 0x0000000080005b18 (0x00a775b3) x11 0x0000000000000000
core   0: 0x0000000080005b1c (0x1046e973) csrrsi  s2, sie, 13
core   0: 1 0x0000000080005b1c (0x1046e973) x18 0x0000000000000000 c772_mie 0x0000000000000a00
core   0: 0x0000000080005b20 (0x2a777747) fmsub.d fa4, fa4, ft7, ft5
core   0: 1 0x0000000080005b20 (0x2a777747) f14 0x7ff8000000000000
core   0: 0x0000000080005b24 (0xe20f1853) fclass.d a6, ft10
core   0: 1 0x0000000080005b24 (0xe20f1853) x16 0x0000000000000002
core   0: 0x0000000080005b28 (0xe4286513) ori     a0, a6, -446
core   0: 1 0x0000000080005b28 (0xe4286513) x10 0xfffffffffffffe42
core   0: 0x0000000080005b2c (0xbe4d061b) addiw   a2, s10, -1052
core   0: 1 0x0000000080005b2c (0xbe4d061b) x12 0xfffffffffffffbe4
core   0: 0x0000000080005b30 (0x2b0b9853) fmax.d  fa6, fs7, fa6
core   0: 1 0x0000000080005b30 (0x2b0b9853) f16 0x7ff8000000000000
core   0: 0x0000000080005b34 (0xe20e8bd3) fmv.x.d s7, ft9
core   0: 1 0x0000000080005b34 (0xe20e8bd3) x23 0xc0effffffff00000
core   0: 0x0000000080005b38 (0x4186509b) sraiw   ra, a2, 24
core   0: 1 0x0000000080005b38 (0x4186509b) x1  0xffffffffffffffff
core   0: 0x0000000080005b3c (0x024bf8b3) remu    a7, s7, tp
core   0: 1 0x0000000080005b3c (0x024bf8b3) x17 0xc0effffffff00000
core   0: 0x0000000080005b40 (0x000cf833) and     a6, s9, zero
core   0: 1 0x0000000080005b40 (0x000cf833) x16 0x0000000000000000
core   0: 0x0000000080005b44 (0x030e6eb3) rem     t4, t3, a6
core   0: 1 0x0000000080005b44 (0x030e6eb3) x29 0x0000000000000000
core   0: 0x0000000080005b48 (0x0231b7b3) mulhu   a5, gp, gp
core   0: 1 0x0000000080005b48 (0x0231b7b3) x15 0x0000000000000000
core   0: 0x0000000080005b4c (0xc21bf453) fcvt.wu.d s0, fs7
core   0: 1 0x0000000080005b4c (0xc21bf453) c1_fflags 0x0000000000000011 x8  0xffffffffffffffff
core   0: 0x0000000080005b50 (0xee4a60b7) lui     ra, 0xee4a6
core   0: 1 0x0000000080005b50 (0xee4a60b7) x1  0xffffffffee4a6000
core   0: 0x0000000080005b54 (0xd3841a97) auipc   s5, 0xd3841
core   0: 1 0x0000000080005b54 (0xd3841a97) x21 0x0000000053846b54
core   0: 0x0000000080005b58 (0x4041823b) subw    tp, gp, tp
core   0: 1 0x0000000080005b58 (0x4041823b) x4  0x0000000000000000
core   0: 0x0000000080005b5c (0x0361d1b3) divu    gp, gp, s6
core   0: 1 0x0000000080005b5c (0x0361d1b3) x3  0xffffffffffffffff
core   0: 0x0000000080005b60 (0x81962b37) lui     s6, 0x81962
core   0: 1 0x0000000080005b60 (0x81962b37) x22 0xffffffff81962000
core   0: 0x0000000080005b64 (0x3bd3f043) fmadd.d ft0, ft7, ft9, ft7
core   0: 1 0x0000000080005b64 (0x3bd3f043) f0  0x425be7c018160c12
core   0: 0x0000000080005b68 (0x00259e73) csrrw   t3, frm, a1
core   0: 1 0x0000000080005b68 (0x00259e73) x28 0x0000000000000002 c2_frm 0x0000000000000000
core   0: 0x0000000080005b6c (0x00169cf3) csrrw   s9, fflags, a3
core   0: 1 0x0000000080005b6c (0x00169cf3) x25 0x0000000000000011 c1_fflags 0x0000000000000000
core   0: 0x0000000080005b70 (0xd0367a53) fcvt.s.lu fs4, a2
core   0: 1 0x0000000080005b70 (0xd0367a53) c1_fflags 0x0000000000000001 f20 0xffffffff5f800000
core   0: 0x0000000080005b74 (0x2b8a1bd3) fmax.d  fs7, fs4, fs8
core   0: 1 0x0000000080005b74 (0x2b8a1bd3) f23 0x7ff8000000000000
core   0: 0x0000000080005b78 (0xf140d5f3) csrrwi  a1, mhartid, 1
core   0: exception trap_illegal_instruction, epc 0x0000000080005b78
core   0:           tval 0x00000000f140d5f3
core   0: >>>>  $xrv64i2p1_m2p0_a2p1_f2p2_d2p2_zicsr2p0_zifencei2p0_zmmul1p0_zba1p0_zbb1p0_zbc1p0_zbs1p0
core   0: 0x0000000080004000 (0x0080006f) j       pc + 0x8
core   0: 3 0x0000000080004000 (0x0080006f)
core   0: >>>>  mmode_exception_handler
core   0: 0x0000000080004008 (0x00002c17) auipc   s8, 0x2
core   0: 3 0x0000000080004008 (0x00002c17) x24 0x0000000080006008
core   0: 0x000000008000400c (0x03cc0c13) addi    s8, s8, 60
core   0: 3 0x000000008000400c (0x03cc0c13) x24 0x0000000080006044
core   0: 0x0000000080004010 (0x000c00e7) jalr    s8
core   0: 3 0x0000000080004010 (0x000c00e7) x1  0x0000000080004014
core   0: >>>>  any_handler
core   0: 0x0000000080006044 (0x341027f3) csrrs   a5, mepc, zero
core   0: 3 0x0000000080006044 (0x341027f3) x15 0x0000000080005b78
core   0: 0x0000000080006048 (0x34202773) csrrs   a4, mcause, zero
core   0: 3 0x0000000080006048 (0x34202773) x14 0x0000000000000002
core   0: 0x000000008000604c (0x142026f3) csrrs   a3, scause, zero
core   0: 3 0x000000008000604c (0x142026f3) x13 0x0000000000000000
core   0: 0x0000000080006050 (0x30402673) csrrs   a2, mie, zero
core   0: 3 0x0000000080006050 (0x30402673) x12 0x0000000000000a00
core   0: 0x0000000080006054 (0x344025f3) csrrs   a1, mip, zero
core   0: 3 0x0000000080006054 (0x344025f3) x11 0x0000000000000080
core   0: 0x0000000080006058 (0x343025f3) csrrs   a1, mtval, zero
core   0: 3 0x0000000080006058 (0x343025f3) x11 0x00000000f140d5f3
core   0: 0x000000008000605c (0x14302573) csrrs   a0, stval, zero
core   0: 3 0x000000008000605c (0x14302573) x10 0x0000000080004014
core   0: 0x0000000080006060 (0xb02024f3) csrrs   s1, minstret, zero
core   0: 3 0x0000000080006060 (0xb02024f3) x9  0x00000000000010e7
core   0: 0x0000000080006064 (0x0000a811) c.j     pc + 20
core   0: 3 0x0000000080006064 (0xa811)
core   0: >>>>  mepc_4
core   0: 0x0000000080006078 (0x00000791) c.addi  a5, 4
core   0: 3 0x0000000080006078 (0x0791) x15 0x0000000080005b7c
core   0: 0x000000008000607a (0x34179073) csrrw   zero, mepc, a5
core   0: 3 0x000000008000607a (0x34179073) c833_mepc 0x0000000080005b7c
core   0: 0x000000008000607e (0x30200073) mret
core   0: 3 0x000000008000607e (0x30200073) c768_mstatus 0x8000000a001c61a2
core   0: 0x0000000080005b7c (0xd03076d3) fcvt.s.lu fa3, zero
core   0: 1 0x0000000080005b7c (0xd03076d3) f13 0xffffffff00000000
core   0: 0x0000000080005b80 (0xc031fb53) fcvt.lu.s s6, ft3
core   0: 1 0x0000000080005b80 (0xc031fb53) c1_fflags 0x0000000000000011 x22 0xffffffffffffffff
core   0: 0x0000000080005b84 (0xd2257d53) fcvt.d.l fs10, a0
core   0: 1 0x0000000080005b84 (0xd2257d53) f26 0x41e0000802800000
core   0: 0x0000000080005b88 (0x0289e9b3) rem     s3, s3, s0
core   0: 1 0x0000000080005b88 (0x0289e9b3) x19 0x0000000000000000
core   0: 0x0000000080005b8c (0x5a09fc53) fsqrt.d fs8, fs3
core   0: 1 0x0000000080005b8c (0x5a09fc53) f24 0x7ff8000000000000
core   0: 0x0000000080005b90 (0x01936933) or      s2, t1, s9
core   0: 1 0x0000000080005b90 (0x01936933) x18 0x0000000000000011
core   0: 0x0000000080005b94 (0x0111d69b) srliw   a3, gp, 17
core   0: 1 0x0000000080005b94 (0x0111d69b) x13 0x0000000000007fff
core   0: 0x0000000080005b98 (0x001a5e9b) srliw   t4, s4, 1
core   0: 1 0x0000000080005b98 (0x001a5e9b) x29 0x0000000025ff8b46
core   0: 0x0000000080005b9c (0x00202173) csrrs   sp, frm, zero
core   0: 1 0x0000000080005b9c (0x00202173) x2  0x0000000000000000
core   0: 0x0000000080005ba0 (0x1b8d7843) fmadd.d fa6, fs10, fs8, ft3
core   0: 1 0x0000000080005ba0 (0x1b8d7843) f16 0x7ff8000000000000
core   0: 0x0000000080005ba4 (0x001c97f3) csrrw   a5, fflags, s9
core   0: 1 0x0000000080005ba4 (0x001c97f3) x15 0x0000000000000011 c1_fflags 0x0000000000000011
core   0: 0x0000000080005ba8 (0xe2000e53) fmv.x.d t3, ft0
core   0: 1 0x0000000080005ba8 (0xe2000e53) x28 0x425be7c018160c12
core   0: 0x0000000080005bac (0xc208fa53) fcvt.w.d s4, fa7
core   0: 1 0x0000000080005bac (0xc208fa53) c1_fflags 0x0000000000000011 x20 0x000000007fffffff
core   0: 0x0000000080005bb0 (0xf20b8a53) fmv.d.x fs4, s7
core   0: 1 0x0000000080005bb0 (0xf20b8a53) f20 0xc0effffffff00000
core   0: 0x0000000080005bb4 (0x51b37737) lui     a4, 0x51b37
core   0: 1 0x0000000080005bb4 (0x51b37737) x14 0x0000000051b37000
core   0: 0x0000000080005bb8 (0x0364a633) mulhsu  a2, s1, s6
core   0: 1 0x0000000080005bb8 (0x0364a633) x12 0x00000000000010e6
core   0: 0x0000000080005bbc (0x25f88993) addi    s3, a7, 607
core   0: 1 0x0000000080005bbc (0x25f88993) x19 0xc0effffffff0025f
core   0: 0x0000000080005bc0 (0xb6b9819b) addiw   gp, s3, -1173
core   0: 1 0x0000000080005bc0 (0xb6b9819b) x3  0xffffffffffeffdca
core   0: 0x0000000080005bc4 (0x02f670b3) remu    ra, a2, a5
core   0: 1 0x0000000080005bc4 (0x02f670b3) x1  0x0000000000000008
core   0: 0x0000000080005bc8 (0x9233f3c7) fmsub.d ft7, ft7, ft3, fs2
core   0: 1 0x0000000080005bc8 (0x9233f3c7) f7  0x7ff8000000000000
core   0: 0x0000000080005bcc (0xb0289d73) csrrw   s10, minstret, a7
core   0: exception trap_illegal_instruction, epc 0x0000000080005bcc
core   0:           tval 0x00000000b0289d73
core   0: >>>>  $xrv64i2p1_m2p0_a2p1_f2p2_d2p2_zicsr2p0_zifencei2p0_zmmul1p0_zba1p0_zbb1p0_zbc1p0_zbs1p0
core   0: 0x0000000080004000 (0x0080006f) j       pc + 0x8
core   0: 3 0x0000000080004000 (0x0080006f)
core   0: >>>>  mmode_exception_handler
core   0: 0x0000000080004008 (0x00002c17) auipc   s8, 0x2
core   0: 3 0x0000000080004008 (0x00002c17) x24 0x0000000080006008
core   0: 0x000000008000400c (0x03cc0c13) addi    s8, s8, 60
core   0: 3 0x000000008000400c (0x03cc0c13) x24 0x0000000080006044
core   0: 0x0000000080004010 (0x000c00e7) jalr    s8
core   0: 3 0x0000000080004010 (0x000c00e7) x1  0x0000000080004014
core   0: >>>>  any_handler
core   0: 0x0000000080006044 (0x341027f3) csrrs   a5, mepc, zero
core   0: 3 0x0000000080006044 (0x341027f3) x15 0x0000000080005bcc
core   0: 0x0000000080006048 (0x34202773) csrrs   a4, mcause, zero
core   0: 3 0x0000000080006048 (0x34202773) x14 0x0000000000000002
core   0: 0x000000008000604c (0x142026f3) csrrs   a3, scause, zero
core   0: 3 0x000000008000604c (0x142026f3) x13 0x0000000000000000
core   0: 0x0000000080006050 (0x30402673) csrrs   a2, mie, zero
core   0: 3 0x0000000080006050 (0x30402673) x12 0x0000000000000a00
core   0: 0x0000000080006054 (0x344025f3) csrrs   a1, mip, zero
core   0: 3 0x0000000080006054 (0x344025f3) x11 0x0000000000000080
core   0: 0x0000000080006058 (0x343025f3) csrrs   a1, mtval, zero
core   0: 3 0x0000000080006058 (0x343025f3) x11 0x00000000b0289d73
core   0: 0x000000008000605c (0x14302573) csrrs   a0, stval, zero
core   0: 3 0x000000008000605c (0x14302573) x10 0x0000000080004014
core   0: 0x0000000080006060 (0xb02024f3) csrrs   s1, minstret, zero
core   0: 3 0x0000000080006060 (0xb02024f3) x9  0x000000000000110b
core   0: 0x0000000080006064 (0x0000a811) c.j     pc + 20
core   0: 3 0x0000000080006064 (0xa811)
core   0: >>>>  mepc_4
core   0: 0x0000000080006078 (0x00000791) c.addi  a5, 4
core   0: 3 0x0000000080006078 (0x0791) x15 0x0000000080005bd0
core   0: 0x000000008000607a (0x34179073) csrrw   zero, mepc, a5
core   0: 3 0x000000008000607a (0x34179073) c833_mepc 0x0000000080005bd0
core   0: 0x000000008000607e (0x30200073) mret
core   0: 3 0x000000008000607e (0x30200073) c768_mstatus 0x8000000a001c61a2
core   0: 0x0000000080005bd0 (0x00b09b3b) sllw    s6, ra, a1
core   0: 1 0x0000000080005bd0 (0x00b09b3b) x22 0x0000000000a00000
core   0: 0x0000000080005bd4 (0x41db5e1b) sraiw   t3, s6, 29
core   0: 1 0x0000000080005bd4 (0x41db5e1b) x28 0x0000000000000000
core   0: 0x0000000080005bd8 (0x97fe4013) xori    zero, t3, -1665
core   0: 1 0x0000000080005bd8 (0x97fe4013)
core   0: 0x0000000080005bdc (0x01f5519b) srliw   gp, a0, 31
core   0: 1 0x0000000080005bdc (0x01f5519b) x3  0x0000000000000001
core   0: 0x0000000080005be0 (0x003986bb) addw    a3, s3, gp
core   0: 1 0x0000000080005be0 (0x003986bb) x13 0xfffffffffff00260
core   0: 0x0000000080005be4 (0xcb79fac7) fmsub.d fs5, fs3, fs7, fs9
core   0: 1 0x0000000080005be4 (0xcb79fac7) f21 0x7ff8000000000000
core   0: 0x0000000080005be8 (0x014e1e3b) sllw    t3, t3, s4
core   0: 1 0x0000000080005be8 (0x014e1e3b) x28 0x0000000000000000
core   0: 0x0000000080005bec (0xc215f2d3) fcvt.wu.d t0, fa1
core   0: 1 0x0000000080005bec (0xc215f2d3) c1_fflags 0x0000000000000011 x5  0xffffffffffffffff
core   0: 0x0000000080005bf0 (0x41f2da9b) sraiw   s5, t0, 31
core   0: 1 0x0000000080005bf0 (0x41f2da9b) x21 0xffffffffffffffff
core   0: 0x0000000080005bf4 (0xe20088d3) fmv.x.d a7, ft1
core   0: 1 0x0000000080005bf4 (0xe20088d3) x17 0x7ff8000000000000
core   0: 0x0000000080005bf8 (0x4147da33) sra     s4, a5, s4
core   0: 1 0x0000000080005bf8 (0x4147da33) x20 0x0000000000000000
core   0: 0x0000000080005bfc (0x410dd493) srai    s1, s11, 16
core   0: 1 0x0000000080005bfc (0x410dd493) x9  0x0000000000000000
core   0: 0x0000000080005c00 (0x22c49653) fsgnjn.d fa2, fs1, fa2
core   0: 1 0x0000000080005c00 (0x22c49653) f12 0x8000000000000000
core   0: 0x0000000080005c04 (0x560de613) ori     a2, s11, 1376
core   0: 1 0x0000000080005c04 (0x560de613) x12 0x0000000000000577
core   0: 0x0000000080005c08 (0x40cd57bb) sraw    a5, s10, a2
core   0: 1 0x0000000080005c08 (0x40cd57bb) x15 0x0000000000000000
core   0: 0x0000000080005c0c (0x412d5eb3) sra     t4, s10, s2
core   0: 1 0x0000000080005c0c (0x412d5eb3) x29 0x0000000000000000
core   0: 0x0000000080005c10 (0x0ff0000f) fence   iorw,iorw
core   0: 1 0x0000000080005c10 (0x0ff0000f)
core   0: 0x0000000080005c14 (0x2b519fd3) fmax.d  ft11, ft3, fs5
core   0: 1 0x0000000080005c14 (0x2b519fd3) f31 0x7ff8000000000000
core   0: 0x0000000080005c18 (0xfadbc537) lui     a0, 0xfadbc
core   0: 1 0x0000000080005c18 (0xfadbc537) x10 0xfffffffffadbc000
core   0: 0x0000000080005c1c (0xe515051b) addiw   a0, a0, -431
core   0: 1 0x0000000080005c1c (0xe515051b) x10 0xfffffffffadbbe51
core   0: 0x0000000080005c20 (0x00000532) c.slli  a0, 12
core   0: 1 0x0000000080005c20 (0x0532) x10 0xffffffadbbe51000
core   0: 0x0000000080005c22 (0x1e050513) addi    a0, a0, 480
core   0: 1 0x0000000080005c22 (0x1e050513) x10 0xffffffadbbe511e0
core   0: 0x0000000080005c26 (0x0ff0000f) fence   iorw,iorw
core   0: 1 0x0000000080005c26 (0x0ff0000f)
core   0: 0x0000000080005c2a (0x40e5d5bb) sraw    a1, a1, a4
core   0: 1 0x0000000080005c2a (0x40e5d5bb) x11 0xffffffffec0a275c
core   0: 0x0000000080005c2e (0x235e97d3) fsgnjn.d fa5, ft9, fs5
core   0: 1 0x0000000080005c2e (0x235e97d3) f15 0xc0effffffff00000
core   0: 0x0000000080005c32 (0x01ce2133) slt     sp, t3, t3
core   0: 1 0x0000000080005c32 (0x01ce2133) x2  0x0000000000000000
core   0: 0x0000000080005c36 (0x4021043b) subw    s0, sp, sp
core   0: 1 0x0000000080005c36 (0x4021043b) x8  0x0000000000000000
core   0: 0x0000000080005c3a (0x4087d33b) sraw    t1, a5, s0
core   0: 1 0x0000000080005c3a (0x4087d33b) x6  0x0000000000000000
core   0: 0x0000000080005c3e (0x8f81b417) auipc   s0, 0x8f81b
core   0: 1 0x0000000080005c3e (0x8f81b417) x8  0x000000000f820c3e
core   0: 0x0000000080005c42 (0x020ba033) mulhsu  zero, s7, zero
core   0: 1 0x0000000080005c42 (0x020ba033)
core   0: 0x0000000080005c46 (0x0bdd7253) fsub.d  ft4, fs10, ft9
core   0: 1 0x0000000080005c46 (0x0bdd7253) f4  0x41e00028027ffff0
core   0: 0x0000000080005c4a (0xd02bf6d3) fcvt.s.l fa3, s7
core   0: 1 0x0000000080005c4a (0xd02bf6d3) c1_fflags 0x0000000000000011 f13 0xffffffffde7c4000
core   0: 0x0000000080005c4e (0x037787b3) mul     a5, a5, s7
core   0: 1 0x0000000080005c4e (0x037787b3) x15 0x0000000000000000
core   0: 0x0000000080005c52 (0x00a7ddb3) srl     s11, a5, a0
core   0: 1 0x0000000080005c52 (0x00a7ddb3) x27 0x0000000000000000
core   0: 0x0000000080005c56 (0x01b1513b) srlw    sp, sp, s11
core   0: 1 0x0000000080005c56 (0x01b1513b) x2  0x0000000000000000
core   0: 0x0000000080005c5a (0x7ff10e1b) addiw   t3, sp, 2047
core   0: 1 0x0000000080005c5a (0x7ff10e1b) x28 0x00000000000007ff
core   0: 0x0000000080005c5e (0xc217fb53) fcvt.wu.d s6, fa5
core   0: 1 0x0000000080005c5e (0xc217fb53) c1_fflags 0x0000000000000011 x22 0x0000000000000000
core   0: 0x0000000080005c62 (0x00009d8a) c.add   s11, sp
core   0: 1 0x0000000080005c62 (0x9d8a) x27 0x0000000000000000
core   0: 0x0000000080005c64 (0xf14d9873) csrrw   a6, mhartid, s11
core   0: exception trap_illegal_instruction, epc 0x0000000080005c64
core   0:           tval 0x00000000f14d9873
core   0: >>>>  $xrv64i2p1_m2p0_a2p1_f2p2_d2p2_zicsr2p0_zifencei2p0_zmmul1p0_zba1p0_zbb1p0_zbc1p0_zbs1p0
core   0: 0x0000000080004000 (0x0080006f) j       pc + 0x8
core   0: 3 0x0000000080004000 (0x0080006f)
core   0: >>>>  mmode_exception_handler
core   0: 0x0000000080004008 (0x00002c17) auipc   s8, 0x2
core   0: 3 0x0000000080004008 (0x00002c17) x24 0x0000000080006008
core   0: 0x000000008000400c (0x03cc0c13) addi    s8, s8, 60
core   0: 3 0x000000008000400c (0x03cc0c13) x24 0x0000000080006044
core   0: 0x0000000080004010 (0x000c00e7) jalr    s8
core   0: 3 0x0000000080004010 (0x000c00e7) x1  0x0000000080004014
core   0: >>>>  any_handler
core   0: 0x0000000080006044 (0x341027f3) csrrs   a5, mepc, zero
core   0: 3 0x0000000080006044 (0x341027f3) x15 0x0000000080005c64
core   0: 0x0000000080006048 (0x34202773) csrrs   a4, mcause, zero
core   0: 3 0x0000000080006048 (0x34202773) x14 0x0000000000000002
core   0: 0x000000008000604c (0x142026f3) csrrs   a3, scause, zero
core   0: 3 0x000000008000604c (0x142026f3) x13 0x0000000000000000
core   0: 0x0000000080006050 (0x30402673) csrrs   a2, mie, zero
core   0: 3 0x0000000080006050 (0x30402673) x12 0x0000000000000a00
core   0: 0x0000000080006054 (0x344025f3) csrrs   a1, mip, zero
core   0: 3 0x0000000080006054 (0x344025f3) x11 0x0000000000000080
core   0: 0x0000000080006058 (0x343025f3) csrrs   a1, mtval, zero
core   0: 3 0x0000000080006058 (0x343025f3) x11 0x00000000f14d9873
core   0: 0x000000008000605c (0x14302573) csrrs   a0, stval, zero
core   0: 3 0x000000008000605c (0x14302573) x10 0x0000000080004014
core   0: 0x0000000080006060 (0xb02024f3) csrrs   s1, minstret, zero
core   0: 3 0x0000000080006060 (0xb02024f3) x9  0x0000000000001141
core   0: 0x0000000080006064 (0x0000a811) c.j     pc + 20
core   0: 3 0x0000000080006064 (0xa811)
core   0: >>>>  mepc_4
core   0: 0x0000000080006078 (0x00000791) c.addi  a5, 4
core   0: 3 0x0000000080006078 (0x0791) x15 0x0000000080005c68
core   0: 0x000000008000607a (0x34179073) csrrw   zero, mepc, a5
core   0: 3 0x000000008000607a (0x34179073) c833_mepc 0x0000000080005c68
core   0: 0x000000008000607e (0x30200073) mret
core   0: 3 0x000000008000607e (0x30200073) c768_mstatus 0x8000000a001c61a2
core   0: 0x0000000080005c68 (0xd027fd53) fcvt.s.l fs10, a5
core   0: 1 0x0000000080005c68 (0xd027fd53) c1_fflags 0x0000000000000011 f26 0xffffffff4f00005c
core   0: 0x0000000080005c6c (0x00202ef3) csrrs   t4, frm, zero
core   0: 1 0x0000000080005c6c (0x00202ef3) x29 0x0000000000000000
core   0: 0x0000000080005c70 (0x015b7ab3) and     s5, s6, s5
core   0: 1 0x0000000080005c70 (0x015b7ab3) x21 0x0000000000000000
core   0: 0x0000000080005c74 (0xd23afa53) fcvt.d.lu fs4, s5
core   0: 1 0x0000000080005c74 (0xd23afa53) f20 0x0000000000000000
core   0: 0x0000000080005c78 (0xa38ef44b) fnmsub.d fs0, ft9, fs8, fs4
core   0: 1 0x0000000080005c78 (0xa38ef44b) f8  0x7ff8000000000000
core   0: 0x0000000080005c7c (0x00328c33) add     s8, t0, gp
core   0: 1 0x0000000080005c7c (0x00328c33) x24 0x0000000000000000
core   0: 0x0000000080005c80 (0xe20784d3) fmv.x.d s1, fa5
core   0: 1 0x0000000080005c80 (0xe20784d3) x9  0xc0effffffff00000
core   0: 0x0000000080005c84 (0x001498f3) csrrw   a7, fflags, s1
core   0: 1 0x0000000080005c84 (0x001498f3) x17 0x0000000000000011 c1_fflags 0x0000000000000000
core   0: 0x0000000080005c88 (0x41a4dd3b) sraw    s10, s1, s10
core   0: 1 0x0000000080005c88 (0x41a4dd3b) x26 0xfffffffffff00000
core   0: 0x0000000080005c8c (0x4288da13) srai    s4, a7, 40
core   0: 1 0x0000000080005c8c (0x4288da13) x20 0x0000000000000000
core   0: 0x0000000080005c90 (0x411a5ebb) sraw    t4, s4, a7
core   0: 1 0x0000000080005c90 (0x411a5ebb) x29 0x0000000000000000
core   0: 0x0000000080005c94 (0x01abdc3b) srlw    s8, s7, s10
core   0: 1 0x0000000080005c94 (0x01abdc3b) x24 0xfffffffffff00000
core   0: 0x0000000080005c98 (0x436d5993) srai    s3, s10, 54
core   0: 1 0x0000000080005c98 (0x436d5993) x19 0xffffffffffffffff
core   0: 0x0000000080005c9c (0x401d7dd3) fcvt.s.d fs11, fs10
core   0: 1 0x0000000080005c9c (0x401d7dd3) f27 0xffffffff7fc00000
core   0: 0x0000000080005ca0 (0x001c17f3) csrrw   a5, fflags, s8
core   0: 1 0x0000000080005ca0 (0x001c17f3) x15 0x0000000000000000 c1_fflags 0x0000000000000000
core   0: 0x0000000080005ca4 (0x5aab28b7) lui     a7, 0x5aab2
core   0: 1 0x0000000080005ca4 (0x5aab28b7) x17 0x000000005aab2000
core   0: 0x0000000080005ca8 (0x013ea0b3) slt     ra, t4, s3
core   0: 1 0x0000000080005ca8 (0x013ea0b3) x1  0x0000000000000000
core   0: 0x0000000080005cac (0xfffcde37) lui     t3, 0xfffcd
core   0: 1 0x0000000080005cac (0xfffcde37) x28 0xfffffffffffcd000
core   0: 0x0000000080005cb0 (0x37fe0e1b) addiw   t3, t3, 895
core   0: 1 0x0000000080005cb0 (0x37fe0e1b) x28 0xfffffffffffcd37f
core   0: 0x0000000080005cb4 (0x00000e4e) c.slli  t3, 19
core   0: 1 0x0000000080005cb4 (0x0e4e) x28 0xffffffe69bf80000
core   0: 0x0000000080005cb6 (0xd05e0e13) addi    t3, t3, -763
core   0: 1 0x0000000080005cb6 (0xd05e0e13) x28 0xffffffe69bf7fd05
core   0: 0x0000000080005cba (0xd0257fd3) fcvt.s.l ft11, a0
core   0: 1 0x0000000080005cba (0xd0257fd3) c1_fflags 0x0000000000000001 f31 0xffffffff4f000040
core   0: 0x0000000080005cbe (0x4605c593) xori    a1, a1, 1120
core   0: 1 0x0000000080005cbe (0x4605c593) x11 0x00000000f14d9c13
core   0: 0x0000000080005cc2 (0x41888a3b) subw    s4, a7, s8
core   0: 1 0x0000000080005cc2 (0x41888a3b) x20 0x000000005abb2000
core   0: 0x0000000080005cc6 (0x03ce40bb) divw    ra, t3, t3
core   0: 1 0x0000000080005cc6 (0x03ce40bb) x1  0x0000000000000001
core   0: 0x0000000080005cca (0x62c8784f) fnmadd.d fa6, fa6, fa2, fa2
core   0: 1 0x0000000080005cca (0x62c8784f) f16 0x7ff8000000000000
core   0: 0x0000000080005cce (0xc0406573) csrrsi  a0, hpmcounter4, 0
core   0: exception trap_illegal_instruction, epc 0x0000000080005cce
core   0:           tval 0x00000000c0406573
core   0: >>>>  $xrv64i2p1_m2p0_a2p1_f2p2_d2p2_zicsr2p0_zifencei2p0_zmmul1p0_zba1p0_zbb1p0_zbc1p0_zbs1p0
core   0: 0x0000000080004000 (0x0080006f) j       pc + 0x8
core   0: 3 0x0000000080004000 (0x0080006f)
core   0: >>>>  mmode_exception_handler
core   0: 0x0000000080004008 (0x00002c17) auipc   s8, 0x2
core   0: 3 0x0000000080004008 (0x00002c17) x24 0x0000000080006008
core   0: 0x000000008000400c (0x03cc0c13) addi    s8, s8, 60
core   0: 3 0x000000008000400c (0x03cc0c13) x24 0x0000000080006044
core   0: 0x0000000080004010 (0x000c00e7) jalr    s8
core   0: 3 0x0000000080004010 (0x000c00e7) x1  0x0000000080004014
core   0: >>>>  any_handler
core   0: 0x0000000080006044 (0x341027f3) csrrs   a5, mepc, zero
core   0: 3 0x0000000080006044 (0x341027f3) x15 0x0000000080005cce
core   0: 0x0000000080006048 (0x34202773) csrrs   a4, mcause, zero
core   0: 3 0x0000000080006048 (0x34202773) x14 0x0000000000000002
core   0: 0x000000008000604c (0x142026f3) csrrs   a3, scause, zero
core   0: 3 0x000000008000604c (0x142026f3) x13 0x0000000000000000
core   0: 0x0000000080006050 (0x30402673) csrrs   a2, mie, zero
core   0: 3 0x0000000080006050 (0x30402673) x12 0x0000000000000a00
core   0: 0x0000000080006054 (0x344025f3) csrrs   a1, mip, zero
core   0: 3 0x0000000080006054 (0x344025f3) x11 0x0000000000000080
core   0: 0x0000000080006058 (0x343025f3) csrrs   a1, mtval, zero
core   0: 3 0x0000000080006058 (0x343025f3) x11 0x00000000c0406573
core   0: 0x000000008000605c (0x14302573) csrrs   a0, stval, zero
core   0: 3 0x000000008000605c (0x14302573) x10 0x0000000080004014
core   0: 0x0000000080006060 (0xb02024f3) csrrs   s1, minstret, zero
core   0: 3 0x0000000080006060 (0xb02024f3) x9  0x000000000000116b
core   0: 0x0000000080006064 (0x0000a811) c.j     pc + 20
core   0: 3 0x0000000080006064 (0xa811)
core   0: >>>>  mepc_4
core   0: 0x0000000080006078 (0x00000791) c.addi  a5, 4
core   0: 3 0x0000000080006078 (0x0791) x15 0x0000000080005cd2
core   0: 0x000000008000607a (0x34179073) csrrw   zero, mepc, a5
core   0: 3 0x000000008000607a (0x34179073) c833_mepc 0x0000000080005cd2
core   0: 0x000000008000607e (0x30200073) mret
core   0: 3 0x000000008000607e (0x30200073) c768_mstatus 0x8000000a001c61a2
core   0: 0x0000000080005cd2 (0xd0377f53) fcvt.s.lu ft10, a4
core   0: 1 0x0000000080005cd2 (0xd0377f53) f30 0xffffffff40000000
core   0: 0x0000000080005cd6 (0x00e7fd33) and     s10, a5, a4
core   0: 1 0x0000000080005cd6 (0x00e7fd33) x26 0x0000000000000002
core   0: 0x0000000080005cda (0x012280b3) add     ra, t0, s2
core   0: 1 0x0000000080005cda (0x012280b3) x1  0x0000000000000010
core   0: 0x0000000080005cde (0xc2e2774b) fnmsub.d fa4, ft4, fa4, fs8
core   0: 1 0x0000000080005cde (0xc2e2774b) f14 0x7ff8000000000000
core   0: 0x0000000080005ce2 (0x413989b3) sub     s3, s3, s3
core   0: 1 0x0000000080005ce2 (0x413989b3) x19 0x0000000000000000
core   0: 0x0000000080005ce6 (0x412ad83b) sraw    a6, s5, s2
core   0: 1 0x0000000080005ce6 (0x412ad83b) x16 0x0000000000000000
core   0: 0x0000000080005cea (0xd2367d53) fcvt.d.lu fs10, a2
core   0: 1 0x0000000080005cea (0xd2367d53) f26 0x40a4000000000000
core   0: 0x0000000080005cee (0xc0287ed3) fcvt.l.s t4, fa6
core   0: 1 0x0000000080005cee (0xc0287ed3) c1_fflags 0x0000000000000011 x29 0x7fffffffffffffff
core   0: 0x0000000080005cf2 (0x00121c73) csrrw   s8, fflags, tp
core   0: 1 0x0000000080005cf2 (0x00121c73) x24 0x0000000000000011 c1_fflags 0x0000000000000000
core   0: 0x0000000080005cf6 (0x427c5393) srai    t2, s8, 39
core   0: 1 0x0000000080005cf6 (0x427c5393) x7  0x0000000000000000
core   0: 0x0000000080005cfa (0x12a1fed3) fmul.d  ft9, ft3, fa0
core   0: 1 0x0000000080005cfa (0x12a1fed3) f29 0x7ff8000000000000
core   0: 0x0000000080005cfe (0x0122cbb3) xor     s7, t0, s2
core   0: 1 0x0000000080005cfe (0x0122cbb3) x23 0xffffffffffffffee
core   0: 0x0000000080005d02 (0x004b2433) slt     s0, s6, tp
core   0: 1 0x0000000080005d02 (0x004b2433) x8  0x0000000000000000
core   0: 0x0000000080005d06 (0x000a5c9b) srliw   s9, s4, 0
core   0: 1 0x0000000080005d06 (0x000a5c9b) x25 0x000000005abb2000
core   0: 0x0000000080005d0a (0x420407d3) fcvt.d.s fa5, fs0
core   0: 1 0x0000000080005d0a (0x420407d3) f15 0x7ff8000000000000
core   0: 0x0000000080005d0e (0x008d2d33) slt     s10, s10, s0
core   0: 1 0x0000000080005d0e (0x008d2d33) x26 0x0000000000000000
core   0: 0x0000000080005d12 (0x022c7047) fmsub.d ft0, fs8, ft2, ft0
core   0: 1 0x0000000080005d12 (0x022c7047) f0  0x7ff8000000000000
core   0: 0x0000000080005d16 (0xeb717bcb) fnmsub.d fs7, ft2, fs7, ft9
core   0: 1 0x0000000080005d16 (0xeb717bcb) f23 0x7ff8000000000000
core   0: 0x0000000080005d1a (0xd228f753) fcvt.d.l fa4, a7
core   0: 1 0x0000000080005d1a (0xd228f753) f14 0x41d6aac800000000
core   0: 0x0000000080005d1e (0x411d5e3b) sraw    t3, s10, a7
core   0: 1 0x0000000080005d1e (0x411d5e3b) x28 0x0000000000000000
core   0: 0x0000000080005d22 (0x043a7137) lui     sp, 0x43a7
core   0: 1 0x0000000080005d22 (0x043a7137) x2  0x00000000043a7000
core   0: 0x0000000080005d26 (0xf011011b) addiw   sp, sp, -255
core   0: 1 0x0000000080005d26 (0xf011011b) x2  0x00000000043a6f01
core   0: 0x0000000080005d2a (0x00000132) c.slli  sp, 12
core   0: 1 0x0000000080005d2a (0x0132) x2  0x00000043a6f01000
core   0: 0x0000000080005d2c (0xbe810113) addi    sp, sp, -1048
core   0: 1 0x0000000080005d2c (0xbe810113) x2  0x00000043a6f00be8
core   0: 0x0000000080005d30 (0x019e6433) or      s0, t3, s9
core   0: 1 0x0000000080005d30 (0x019e6433) x8  0x000000005abb2000
core   0: 0x0000000080005d34 (0x67e9899b) addiw   s3, s3, 1662
core   0: 1 0x0000000080005d34 (0x67e9899b) x19 0x000000000000067e
core   0: 0x0000000080005d38 (0x23702b53) fsgnjx.d fs6, ft0, fs7
core   0: 1 0x0000000080005d38 (0x23702b53) f22 0x7ff8000000000000
core   0: 0x0000000080005d3c (0xa273f6cb) fnmsub.d fa3, ft7, ft7, fs4
core   0: 1 0x0000000080005d3c (0xa273f6cb) f13 0x7ff8000000000000
core   0: 0x0000000080005d40 (0x22661153) fsgnjn.d ft2, fa2, ft6
core   0: 1 0x0000000080005d40 (0x22661153) f2  0x8000000000000000
core   0: 0x0000000080005d44 (0x03b15b3b) divuw   s6, sp, s11
core   0: 1 0x0000000080005d44 (0x03b15b3b) x22 0xffffffffffffffff
core   0: 0x0000000080005d48 (0x028990b3) mulh    ra, s3, s0
core   0: 1 0x0000000080005d48 (0x028990b3) x1  0x0000000000000000
core   0: 0x0000000080005d4c (0xd21b0553) fcvt.d.wu fa0, s6
core   0: 1 0x0000000080005d4c (0xd21b0553) f10 0x41efffffffe00000
core   0: 0x0000000080005d50 (0x00f8d8b3) srl     a7, a7, a5
core   0: 1 0x0000000080005d50 (0x00f8d8b3) x17 0x00000000000016aa
core   0: 0x0000000080005d54 (0xd028fd53) fcvt.s.l fs10, a7
core   0: 1 0x0000000080005d54 (0xd028fd53) f26 0xffffffff45b55000
core   0: 0x0000000080005d58 (0x011d923b) sllw    tp, s11, a7
core   0: 1 0x0000000080005d58 (0x011d923b) x4  0x0000000000000000
core   0: 0x0000000080005d5c (0x00189b9b) slliw   s7, a7, 1
core   0: 1 0x0000000080005d5c (0x00189b9b) x23 0x0000000000002d54
core   0: 0x0000000080005d60 (0x2b4484d3) fmin.d  fs1, fs1, fs4
core   0: 1 0x0000000080005d60 (0x2b4484d3) f9  0x0000000000000000
core   0: 0x0000000080005d64 (0x0ff0000f) fence   iorw,iorw
core   0: 1 0x0000000080005d64 (0x0ff0000f)
core   0: 0x0000000080005d68 (0x014914bb) sllw    s1, s2, s4
core   0: 1 0x0000000080005d68 (0x014914bb) x9  0x0000000000000011
core   0: 0x0000000080005d6c (0xd2080553) fcvt.d.w fa0, a6
core   0: 1 0x0000000080005d6c (0xd2080553) f10 0x0000000000000000
core   0: 0x0000000080005d70 (0x40117453) fcvt.s.d fs0, ft2
core   0: 1 0x0000000080005d70 (0x40117453) f8  0xffffffff80000000
core   0: 0x0000000080005d74 (0xfb1356b7) lui     a3, 0xfb135
core   0: 1 0x0000000080005d74 (0xfb1356b7) x13 0xfffffffffb135000
core   0: 0x0000000080005d78 (0x0226cc3b) divw    s8, a3, sp
core   0: 1 0x0000000080005d78 (0x0226cc3b) x24 0x0000000000000000
core   0: 0x0000000080005d7c (0x41dc0eb3) sub     t4, s8, t4
core   0: 1 0x0000000080005d7c (0x41dc0eb3) x29 0x8000000000000001
core   0: 0x0000000080005d80 (0xd22d7853) fcvt.d.l fa6, s10
core   0: 1 0x0000000080005d80 (0xd22d7853) f16 0x0000000000000000
core   0: 0x0000000080005d84 (0x0ff0000f) fence   iorw,iorw
core   0: 1 0x0000000080005d84 (0x0ff0000f)
core   0: 0x0000000080005d88 (0xd21d0f53) fcvt.d.wu ft10, s10
core   0: 1 0x0000000080005d88 (0xd21d0f53) f30 0x0000000000000000
core   0: 0x0000000080005d8c (0x030090b3) mulh    ra, ra, a6
core   0: 1 0x0000000080005d8c (0x030090b3) x1  0x0000000000000000
core   0: 0x0000000080005d90 (0x136c7b47) fmsub.d fs6, fs8, fs6, ft2
core   0: 1 0x0000000080005d90 (0x136c7b47) f22 0x7ff8000000000000
core   0: 0x0000000080005d94 (0xd03d7453) fcvt.s.lu fs0, s10
core   0: 1 0x0000000080005d94 (0xd03d7453) f8  0xffffffff00000000
core   0: 0x0000000080005d98 (0x002e1673) csrrw   a2, frm, t3
core   0: 1 0x0000000080005d98 (0x002e1673) x12 0x0000000000000000 c2_frm 0x0000000000000000
core   0: 0x0000000080005d9c (0x2a080cd3) fmin.d  fs9, fa6, ft0
core   0: 1 0x0000000080005d9c (0x2a080cd3) f25 0x0000000000000000
core   0: 0x0000000080005da0 (0xc0473cf3) csrrc   s9, hpmcounter4, a4
core   0: exception trap_illegal_instruction, epc 0x0000000080005da0
core   0:           tval 0x00000000c0473cf3
core   0: >>>>  $xrv64i2p1_m2p0_a2p1_f2p2_d2p2_zicsr2p0_zifencei2p0_zmmul1p0_zba1p0_zbb1p0_zbc1p0_zbs1p0
core   0: 0x0000000080004000 (0x0080006f) j       pc + 0x8
core   0: 3 0x0000000080004000 (0x0080006f)
core   0: >>>>  mmode_exception_handler
core   0: 0x0000000080004008 (0x00002c17) auipc   s8, 0x2
core   0: 3 0x0000000080004008 (0x00002c17) x24 0x0000000080006008
core   0: 0x000000008000400c (0x03cc0c13) addi    s8, s8, 60
core   0: 3 0x000000008000400c (0x03cc0c13) x24 0x0000000080006044
core   0: 0x0000000080004010 (0x000c00e7) jalr    s8
core   0: 3 0x0000000080004010 (0x000c00e7) x1  0x0000000080004014
core   0: >>>>  any_handler
core   0: 0x0000000080006044 (0x341027f3) csrrs   a5, mepc, zero
core   0: 3 0x0000000080006044 (0x341027f3) x15 0x0000000080005da0
core   0: 0x0000000080006048 (0x34202773) csrrs   a4, mcause, zero
core   0: 3 0x0000000080006048 (0x34202773) x14 0x0000000000000002
core   0: 0x000000008000604c (0x142026f3) csrrs   a3, scause, zero
core   0: 3 0x000000008000604c (0x142026f3) x13 0x0000000000000000
core   0: 0x0000000080006050 (0x30402673) csrrs   a2, mie, zero
core   0: 3 0x0000000080006050 (0x30402673) x12 0x0000000000000a00
core   0: 0x0000000080006054 (0x344025f3) csrrs   a1, mip, zero
core   0: 3 0x0000000080006054 (0x344025f3) x11 0x0000000000000080
core   0: 0x0000000080006058 (0x343025f3) csrrs   a1, mtval, zero
core   0: 3 0x0000000080006058 (0x343025f3) x11 0x00000000c0473cf3
core   0: 0x000000008000605c (0x14302573) csrrs   a0, stval, zero
core   0: 3 0x000000008000605c (0x14302573) x10 0x0000000080004014
core   0: 0x0000000080006060 (0xb02024f3) csrrs   s1, minstret, zero
core   0: 3 0x0000000080006060 (0xb02024f3) x9  0x00000000000011af
core   0: 0x0000000080006064 (0x0000a811) c.j     pc + 20
core   0: 3 0x0000000080006064 (0xa811)
core   0: >>>>  mepc_4
core   0: 0x0000000080006078 (0x00000791) c.addi  a5, 4
core   0: 3 0x0000000080006078 (0x0791) x15 0x0000000080005da4
core   0: 0x000000008000607a (0x34179073) csrrw   zero, mepc, a5
core   0: 3 0x000000008000607a (0x34179073) c833_mepc 0x0000000080005da4
core   0: 0x000000008000607e (0x30200073) mret
core   0: 3 0x000000008000607e (0x30200073) c768_mstatus 0x8000000a001c61a2
core   0: 0x0000000080005da4 (0xd025f753) fcvt.s.l fa4, a1
core   0: 1 0x0000000080005da4 (0xd025f753) c1_fflags 0x0000000000000001 f14 0xffffffff4f40473d
core   0: 0x0000000080005da8 (0x23d72353) fsgnjx.d ft6, fa4, ft9
core   0: 1 0x0000000080005da8 (0x23d72353) f6  0xffffffff4f40473d
core   0: 0x0000000080005dac (0x00e721b3) slt     gp, a4, a4
core   0: 1 0x0000000080005dac (0x00e721b3) x3  0x0000000000000000
core   0: 0x0000000080005db0 (0x4195dbbb) sraw    s7, a1, s9
core   0: 1 0x0000000080005db0 (0x4195dbbb) x23 0xffffffffc0473cf3
core   0: 0x0000000080005db4 (0x2261ab53) fsgnjx.d fs6, ft3, ft6
core   0: 1 0x0000000080005db4 (0x2261ab53) f22 0xffffffff7fc00000
core   0: 0x0000000080005db8 (0xc20b79d3) fcvt.w.d s3, fs6
core   0: 1 0x0000000080005db8 (0xc20b79d3) c1_fflags 0x0000000000000011 x19 0x000000007fffffff
core   0: 0x0000000080005dbc (0x23b2a2d3) fsgnjx.d ft5, ft5, fs11
core   0: 1 0x0000000080005dbc (0x23b2a2d3) f5  0xfff0000000000000
core   0: 0x0000000080005dc0 (0x41085abb) sraw    s5, a6, a6
core   0: 1 0x0000000080005dc0 (0x41085abb) x21 0x0000000000000000
core   0: 0x0000000080005dc4 (0x01635dbb) srlw    s11, t1, s6
core   0: 1 0x0000000080005dc4 (0x01635dbb) x27 0x0000000000000000
core   0: 0x0000000080005dc8 (0xd2387bd3) fcvt.d.lu fs7, a6
core   0: 1 0x0000000080005dc8 (0xd2387bd3) f23 0x0000000000000000
core   0: 0x0000000080005dcc (0x0ff0000f) fence   iorw,iorw
core   0: 1 0x0000000080005dcc (0x0ff0000f)
core   0: 0x0000000080005dd0 (0x01ddf933) and     s2, s11, t4
core   0: 1 0x0000000080005dd0 (0x01ddf933) x18 0x0000000000000000
core   0: 0x0000000080005dd4 (0x02c9c63b) divw    a2, s3, a2
core   0: 1 0x0000000080005dd4 (0x02c9c63b) x12 0x00000000000ccccc
core   0: 0x0000000080005dd8 (0xc22777d3) fcvt.l.d a5, fa4
core   0: 1 0x0000000080005dd8 (0xc22777d3) c1_fflags 0x0000000000000011 x15 0x7fffffffffffffff
core   0: 0x0000000080005ddc (0x00089a93) slli    s5, a7, 0
core   0: 1 0x0000000080005ddc (0x00089a93) x21 0x00000000000016aa
core   0: 0x0000000080005de0 (0x03dc8eb3) mul     t4, s9, t4
core   0: 1 0x0000000080005de0 (0x03dc8eb3) x29 0x000000005abb2000
core   0: 0x0000000080005de4 (0x40aad49b) sraiw   s1, s5, 10
core   0: 1 0x0000000080005de4 (0x40aad49b) x9  0x0000000000000005
core   0: 0x0000000080005de8 (0x02007053) fadd.d  ft0, ft0, ft0
core   0: 1 0x0000000080005de8 (0x02007053) f0  0x7ff8000000000000
core   0: 0x0000000080005dec (0x0392b2b3) mulhu   t0, t0, s9
core   0: 1 0x0000000080005dec (0x0392b2b3) x5  0x000000005abb1fff
core   0: 0x0000000080005df0 (0x1b6cf1d3) fdiv.d  ft3, fs9, fs6
core   0: 1 0x0000000080005df0 (0x1b6cf1d3) f3  0x7ff8000000000000
core   0: 0x0000000080005df4 (0x002020f3) csrrs   ra, frm, zero
core   0: 1 0x0000000080005df4 (0x002020f3) x1  0x0000000000000000
core   0: 0x0000000080005df8 (0x138c72d3) fmul.d  ft5, fs8, fs8
core   0: 1 0x0000000080005df8 (0x138c72d3) f5  0x7ff8000000000000
core   0: 0x0000000080005dfc (0x0058d33b) srlw    t1, a7, t0
core   0: 1 0x0000000080005dfc (0x0058d33b) x6  0x0000000000000000
core   0: 0x0000000080005e00 (0x00131bf3) csrrw   s7, fflags, t1
core   0: 1 0x0000000080005e00 (0x00131bf3) x23 0x0000000000000011 c1_fflags 0x0000000000000000
core   0: 0x0000000080005e04 (0x019377b3) and     a5, t1, s9
core   0: 1 0x0000000080005e04 (0x019377b3) x15 0x0000000000000000
core   0: 0x0000000080005e08 (0x027c63bb) remw    t2, s8, t2
core   0: 1 0x0000000080005e08 (0x027c63bb) x7  0xffffffff80006044
core   0: 0x0000000080005e0c (0x0130c233) xor     tp, ra, s3
core   0: 1 0x0000000080005e0c (0x0130c233) x4  0x000000007fffffff
core   0: 0x0000000080005e10 (0x030507b3) mul     a5, a0, a6
core   0: 1 0x0000000080005e10 (0x030507b3) x15 0x0000000000000000
core   0: 0x0000000080005e14 (0xc657869b) addiw   a3, a5, -923
core   0: 1 0x0000000080005e14 (0xc657869b) x13 0xfffffffffffffc65
core   0: 0x0000000080005e18 (0x42090553) fcvt.d.s fa0, fs2
core   0: 1 0x0000000080005e18 (0x42090553) f10 0x7ff8000000000000
core   0: 0x0000000080005e1c (0x41d7dc93) srai    s9, a5, 29
core   0: 1 0x0000000080005e1c (0x41d7dc93) x25 0x0000000000000000
core   0: 0x0000000080005e20 (0x13c67e53) fmul.d  ft8, fa2, ft8
core   0: 1 0x0000000080005e20 (0x13c67e53) f28 0x7ff8000000000000
core   0: 0x0000000080005e24 (0xd03975d3) fcvt.s.lu fa1, s2
core   0: 1 0x0000000080005e24 (0xd03975d3) f11 0xffffffff00000000
core   0: 0x0000000080005e28 (0x0ff0000f) fence   iorw,iorw
core   0: 1 0x0000000080005e28 (0x0ff0000f)
core   0: 0x0000000080005e2c (0x00854833) xor     a6, a0, s0
core   0: 1 0x0000000080005e2c (0x00854833) x16 0x00000000dabb6014
core   0: 0x0000000080005e30 (0x00281a73) csrrw   s4, frm, a6
core   0: 1 0x0000000080005e30 (0x00281a73) x20 0x0000000000000000 c2_frm 0x0000000000000004
core   0: 0x0000000080005e34 (0x01960433) add     s0, a2, s9
core   0: 1 0x0000000080005e34 (0x01960433) x8  0x00000000000ccccc
core   0: 0x0000000080005e38 (0x00398033) add     zero, s3, gp
core   0: 1 0x0000000080005e38 (0x00398033)
core   0: 0x0000000080005e3c (0xd033f653) fcvt.s.lu fa2, t2
core   0: 1 0x0000000080005e3c (0xd033f653) c1_fflags 0x0000000000000001 f12 0xffffffff5f800000
core   0: 0x0000000080005e40 (0x0207d3b3) divu    t2, a5, zero
core   0: 1 0x0000000080005e40 (0x0207d3b3) x7  0xffffffffffffffff
core   0: 0x0000000080005e44 (0x000086be) c.mv    a3, a5
core   0: 1 0x0000000080005e44 (0x86be) x13 0x0000000000000000
core   0: 0x0000000080005e46 (0x410a0833) sub     a6, s4, a6
core   0: 1 0x0000000080005e46 (0x410a0833) x16 0xffffffff25449fec
core   0: 0x0000000080005e4a (0x029088b3) mul     a7, ra, s1
core   0: 1 0x0000000080005e4a (0x029088b3) x17 0x0000000000000000
core   0: 0x0000000080005e4e (0xf38e7e47) fmsub.d ft8, ft8, fs8, ft10
core   0: 1 0x0000000080005e4e (0xf38e7e47) f28 0x7ff8000000000000
core   0: 0x0000000080005e52 (0x00b59833) sll     a6, a1, a1
core   0: 1 0x0000000080005e52 (0x00b59833) x16 0xe798000000000000
core   0: 0x0000000080005e56 (0x4170d833) sra     a6, ra, s7
core   0: 1 0x0000000080005e56 (0x4170d833) x16 0x0000000000000000
core   0: 0x0000000080005e5a (0xd225fcd3) fcvt.d.l fs9, a1
core   0: 1 0x0000000080005e5a (0xd225fcd3) f25 0x41e808e79e600000
core   0: 0x0000000080005e5e (0xc22ffdd3) fcvt.l.d s11, ft11
core   0: 1 0x0000000080005e5e (0xc22ffdd3) c1_fflags 0x0000000000000011 x27 0x7fffffffffffffff
core   0: 0x0000000080005e62 (0x013c539b) srliw   t2, s8, 19
core   0: 1 0x0000000080005e62 (0x013c539b) x7  0x0000000000001000
core   0: 0x0000000080005e66 (0xc2067bd3) fcvt.w.d s7, fa2
core   0: 1 0x0000000080005e66 (0xc2067bd3) c1_fflags 0x0000000000000011 x23 0x000000007fffffff
core   0: 0x0000000080005e6a (0x2e0f3597) auipc   a1, 0x2e0f3
core   0: 1 0x0000000080005e6a (0x2e0f3597) x11 0x00000000ae0f8e6a
core   0: 0x0000000080005e6e (0x0075d01b) srliw   zero, a1, 7
core   0: 1 0x0000000080005e6e (0x0075d01b)
core   0: 0x0000000080005e72 (0x000d8a9b) sext.w  s5, s11
core   0: 1 0x0000000080005e72 (0x000d8a9b) x21 0xffffffffffffffff
core   0: 0x0000000080005e76 (0x01c98cbb) addw    s9, s3, t3
core   0: 1 0x0000000080005e76 (0x01c98cbb) x25 0x000000007fffffff
core   0: 0x0000000080005e7a (0x403981b3) sub     gp, s3, gp
core   0: 1 0x0000000080005e7a (0x403981b3) x3  0x000000007fffffff
core   0: 0x0000000080005e7e (0x0036d733) srl     a4, a3, gp
core   0: 1 0x0000000080005e7e (0x0036d733) x14 0x0000000000000000
core   0: 0x0000000080005e82 (0xc4b54c93) xori    s9, a0, -949
core   0: 1 0x0000000080005e82 (0xc4b54c93) x25 0xffffffff7fffbc5f
core   0: 0x0000000080005e86 (0x00069e1b) slliw   t3, a3, 0
core   0: 1 0x0000000080005e86 (0x00069e1b) x28 0x0000000000000000
core   0: 0x0000000080005e8a (0x323aa473) csrrs   s0, mhpmevent3, s5
core   0: exception trap_illegal_instruction, epc 0x0000000080005e8a
core   0:           tval 0x00000000323aa473
core   0: >>>>  $xrv64i2p1_m2p0_a2p1_f2p2_d2p2_zicsr2p0_zifencei2p0_zmmul1p0_zba1p0_zbb1p0_zbc1p0_zbs1p0
core   0: 0x0000000080004000 (0x0080006f) j       pc + 0x8
core   0: 3 0x0000000080004000 (0x0080006f)
core   0: >>>>  mmode_exception_handler
core   0: 0x0000000080004008 (0x00002c17) auipc   s8, 0x2
core   0: 3 0x0000000080004008 (0x00002c17) x24 0x0000000080006008
core   0: 0x000000008000400c (0x03cc0c13) addi    s8, s8, 60
core   0: 3 0x000000008000400c (0x03cc0c13) x24 0x0000000080006044
core   0: 0x0000000080004010 (0x000c00e7) jalr    s8
core   0: 3 0x0000000080004010 (0x000c00e7) x1  0x0000000080004014
core   0: >>>>  any_handler
core   0: 0x0000000080006044 (0x341027f3) csrrs   a5, mepc, zero
core   0: 3 0x0000000080006044 (0x341027f3) x15 0x0000000080005e8a
core   0: 0x0000000080006048 (0x34202773) csrrs   a4, mcause, zero
core   0: 3 0x0000000080006048 (0x34202773) x14 0x0000000000000002
core   0: 0x000000008000604c (0x142026f3) csrrs   a3, scause, zero
core   0: 3 0x000000008000604c (0x142026f3) x13 0x0000000000000000
core   0: 0x0000000080006050 (0x30402673) csrrs   a2, mie, zero
core   0: 3 0x0000000080006050 (0x30402673) x12 0x0000000000000a00
core   0: 0x0000000080006054 (0x344025f3) csrrs   a1, mip, zero
core   0: 3 0x0000000080006054 (0x344025f3) x11 0x0000000000000080
core   0: 0x0000000080006058 (0x343025f3) csrrs   a1, mtval, zero
core   0: 3 0x0000000080006058 (0x343025f3) x11 0x00000000323aa473
core   0: 0x000000008000605c (0x14302573) csrrs   a0, stval, zero
core   0: 3 0x000000008000605c (0x14302573) x10 0x0000000080004014
core   0: 0x0000000080006060 (0xb02024f3) csrrs   s1, minstret, zero
core   0: 3 0x0000000080006060 (0xb02024f3) x9  0x00000000000011f9
core   0: 0x0000000080006064 (0x0000a811) c.j     pc + 20
core   0: 3 0x0000000080006064 (0xa811)
core   0: >>>>  mepc_4
core   0: 0x0000000080006078 (0x00000791) c.addi  a5, 4
core   0: 3 0x0000000080006078 (0x0791) x15 0x0000000080005e8e
core   0: 0x000000008000607a (0x34179073) csrrw   zero, mepc, a5
core   0: 3 0x000000008000607a (0x34179073) c833_mepc 0x0000000080005e8e
core   0: 0x000000008000607e (0x30200073) mret
core   0: 3 0x000000008000607e (0x30200073) c768_mstatus 0x8000000a001c61a2
core   0: 0x0000000080005e8e (0x00215ebb) srlw    t4, sp, sp
core   0: 1 0x0000000080005e8e (0x00215ebb) x29 0x0000000000a6f00b
core   0: 0x0000000080005e92 (0x01d10bbb) addw    s7, sp, t4
core   0: 1 0x0000000080005e92 (0x01d10bbb) x23 0xffffffffa796fbf3
core   0: 0x0000000080005e96 (0x03d1e23b) remw    tp, gp, t4
core   0: 1 0x0000000080005e96 (0x03d1e23b) x4  0x0000000000303793
core   0: 0x0000000080005e9a (0x00202173) csrrs   sp, frm, zero
core   0: 1 0x0000000080005e9a (0x00202173) x2  0x0000000000000004
core   0: 0x0000000080005e9e (0x01090633) add     a2, s2, a6
core   0: 1 0x0000000080005e9e (0x01090633) x12 0x0000000000000000
core   0: 0x0000000080005ea2 (0x98211197) auipc   gp, 0x98211
core   0: 1 0x0000000080005ea2 (0x98211197) x3  0x0000000018216ea2
core   0: 0x0000000080005ea6 (0x00119bf3) csrrw   s7, fflags, gp
core   0: 1 0x0000000080005ea6 (0x00119bf3) x23 0x0000000000000011 c1_fflags 0x0000000000000002
core   0: 0x0000000080005eaa (0xd2367853) fcvt.d.lu fa6, a2
core   0: 1 0x0000000080005eaa (0xd2367853) f16 0x0000000000000000
core   0: 0x0000000080005eae (0x020c54b3) divu    s1, s8, zero
core   0: 1 0x0000000080005eae (0x020c54b3) x9  0xffffffffffffffff
core   0: 0x0000000080005eb2 (0x000d9c93) slli    s9, s11, 0
core   0: 1 0x0000000080005eb2 (0x000d9c93) x25 0x7fffffffffffffff
core   0: 0x0000000080005eb6 (0x00202773) csrrs   a4, frm, zero
core   0: 1 0x0000000080005eb6 (0x00202773) x14 0x0000000000000004
core   0: 0x0000000080005eba (0x0247f7bb) remuw   a5, a5, tp
core   0: 1 0x0000000080005eba (0x0247f7bb) x15 0x00000000001cf7a9
core   0: 0x0000000080005ebe (0x01ee1c1b) slliw   s8, t3, 30
core   0: 1 0x0000000080005ebe (0x01ee1c1b) x24 0x0000000000000000
core   0: 0x0000000080005ec2 (0xfff6f613) andi    a2, a3, -1
core   0: 1 0x0000000080005ec2 (0xfff6f613) x12 0x0000000000000000
core   0: 0x0000000080005ec6 (0xd0357553) fcvt.s.lu fa0, a0
core   0: 1 0x0000000080005ec6 (0xd0357553) c1_fflags 0x0000000000000003 f10 0xffffffff4f000040
core   0: 0x0000000080005eca (0xebd673cf) fnmadd.d ft7, fa2, ft9, ft9
core   0: 1 0x0000000080005eca (0xebd673cf) f7  0x7ff8000000000000
core   0: 0x0000000080005ece (0x03ccab33) mulhsu  s6, s9, t3
core   0: 1 0x0000000080005ece (0x03ccab33) x22 0x0000000000000000
core   0: 0x0000000080005ed2 (0x2bef1cd3) fmax.d  fs9, ft10, ft10
core   0: 1 0x0000000080005ed2 (0x2bef1cd3) f25 0x0000000000000000
core   0: 0x0000000080005ed6 (0x019665b3) or      a1, a2, s9
core   0: 1 0x0000000080005ed6 (0x019665b3) x11 0x7fffffffffffffff
core   0: 0x0000000080005eda (0x02e5c73b) divw    a4, a1, a4
core   0: 1 0x0000000080005eda (0x02e5c73b) x14 0x0000000000000000
core   0: 0x0000000080005ede (0x789e73b7) lui     t2, 0x789e7
core   0: 1 0x0000000080005ede (0x789e73b7) x7  0x00000000789e7000
core   0: 0x0000000080005ee2 (0x0353ed3b) remw    s10, t2, s5
core   0: 1 0x0000000080005ee2 (0x0353ed3b) x26 0x0000000000000000
core   0: 0x0000000080005ee6 (0x00137893) andi    a7, t1, 1
core   0: 1 0x0000000080005ee6 (0x00137893) x17 0x0000000000000000
core   0: 0x0000000080005eea (0x5dddf413) andi    s0, s11, 1501
core   0: 1 0x0000000080005eea (0x5dddf413) x8  0x00000000000005dd
core   0: 0x0000000080005eee (0xabf21717) auipc   a4, 0xabf21
core   0: 1 0x0000000080005eee (0xabf21717) x14 0x000000002bf26eee
core   0: 0x0000000080005ef2 (0xd21607d3) fcvt.d.wu fa5, a2
core   0: 1 0x0000000080005ef2 (0xd21607d3) f15 0x0000000000000000
core   0: 0x0000000080005ef6 (0x00202973) csrrs   s2, frm, zero
core   0: 1 0x0000000080005ef6 (0x00202973) x18 0x0000000000000004
core   0: 0x0000000080005efa (0x012787bb) addw    a5, a5, s2
core   0: 1 0x0000000080005efa (0x012787bb) x15 0x00000000001cf7ad
core   0: 0x0000000080005efe (0x0ff0000f) fence   iorw,iorw
core   0: 1 0x0000000080005efe (0x0ff0000f)
core   0: 0x0000000080005f02 (0x00d38c3b) addw    s8, t2, a3
core   0: 1 0x0000000080005f02 (0x00d38c3b) x24 0x00000000789e7000
core   0: 0x0000000080005f06 (0x002c1273) csrrw   tp, frm, s8
core   0: 1 0x0000000080005f06 (0x002c1273) x4  0x0000000000000004 c2_frm 0x0000000000000000
core   0: 0x0000000080005f0a (0xc21efdd3) fcvt.wu.d s11, ft9
core   0: 1 0x0000000080005f0a (0xc21efdd3) c1_fflags 0x0000000000000013 x27 0xffffffffffffffff
core   0: 0x0000000080005f0e (0x1aa57653) fdiv.d  fa2, fa0, fa0
core   0: 1 0x0000000080005f0e (0x1aa57653) f12 0x7ff8000000000000
core   0: 0x0000000080005f12 (0x004ad733) srl     a4, s5, tp
core   0: 1 0x0000000080005f12 (0x004ad733) x14 0x0fffffffffffffff
core   0: 0x0000000080005f16 (0xd23af8d3) fcvt.d.lu fa7, s5
core   0: 1 0x0000000080005f16 (0xd23af8d3) c1_fflags 0x0000000000000013 f17 0x43f0000000000000
core   0: 0x0000000080005f1a (0x0164c333) xor     t1, s1, s6
core   0: 1 0x0000000080005f1a (0x0164c333) x6  0xffffffffffffffff
core   0: 0x0000000080005f1e (0x40c60ebb) subw    t4, a2, a2
core   0: 1 0x0000000080005f1e (0x40c60ebb) x29 0x0000000000000000
core   0: 0x0000000080005f22 (0xf119f7f3) csrrci  a5, mvendorid, 19
core   0: exception trap_illegal_instruction, epc 0x0000000080005f22
core   0:           tval 0x00000000f119f7f3
core   0: >>>>  $xrv64i2p1_m2p0_a2p1_f2p2_d2p2_zicsr2p0_zifencei2p0_zmmul1p0_zba1p0_zbb1p0_zbc1p0_zbs1p0
core   0: 0x0000000080004000 (0x0080006f) j       pc + 0x8
core   0: 3 0x0000000080004000 (0x0080006f)
core   0: >>>>  mmode_exception_handler
core   0: 0x0000000080004008 (0x00002c17) auipc   s8, 0x2
core   0: 3 0x0000000080004008 (0x00002c17) x24 0x0000000080006008
core   0: 0x000000008000400c (0x03cc0c13) addi    s8, s8, 60
core   0: 3 0x000000008000400c (0x03cc0c13) x24 0x0000000080006044
core   0: 0x0000000080004010 (0x000c00e7) jalr    s8
core   0: 3 0x0000000080004010 (0x000c00e7) x1  0x0000000080004014
core   0: >>>>  any_handler
core   0: 0x0000000080006044 (0x341027f3) csrrs   a5, mepc, zero
core   0: 3 0x0000000080006044 (0x341027f3) x15 0x0000000080005f22
core   0: 0x0000000080006048 (0x34202773) csrrs   a4, mcause, zero
core   0: 3 0x0000000080006048 (0x34202773) x14 0x0000000000000002
core   0: 0x000000008000604c (0x142026f3) csrrs   a3, scause, zero
core   0: 3 0x000000008000604c (0x142026f3) x13 0x0000000000000000
core   0: 0x0000000080006050 (0x30402673) csrrs   a2, mie, zero
core   0: 3 0x0000000080006050 (0x30402673) x12 0x0000000000000a00
core   0: 0x0000000080006054 (0x344025f3) csrrs   a1, mip, zero
core   0: 3 0x0000000080006054 (0x344025f3) x11 0x0000000000000080
core   0: 0x0000000080006058 (0x343025f3) csrrs   a1, mtval, zero
core   0: 3 0x0000000080006058 (0x343025f3) x11 0x00000000f119f7f3
core   0: 0x000000008000605c (0x14302573) csrrs   a0, stval, zero
core   0: 3 0x000000008000605c (0x14302573) x10 0x0000000080004014
core   0: 0x0000000080006060 (0xb02024f3) csrrs   s1, minstret, zero
core   0: 3 0x0000000080006060 (0xb02024f3) x9  0x000000000000122e
core   0: 0x0000000080006064 (0x0000a811) c.j     pc + 20
core   0: 3 0x0000000080006064 (0xa811)
core   0: >>>>  mepc_4
core   0: 0x0000000080006078 (0x00000791) c.addi  a5, 4
core   0: 3 0x0000000080006078 (0x0791) x15 0x0000000080005f26
core   0: 0x000000008000607a (0x34179073) csrrw   zero, mepc, a5
core   0: 3 0x000000008000607a (0x34179073) c833_mepc 0x0000000080005f26
core   0: 0x000000008000607e (0x30200073) mret
core   0: 3 0x000000008000607e (0x30200073) c768_mstatus 0x8000000a001c61a2
core   0: 0x0000000080005f26 (0x006efc33) and     s8, t4, t1
core   0: 1 0x0000000080005f26 (0x006efc33) x24 0x0000000000000000
core   0: 0x0000000080005f2a (0x00202573) csrrs   a0, frm, zero
core   0: 1 0x0000000080005f2a (0x00202573) x10 0x0000000000000000
core   0: 0x0000000080005f2e (0x414b073b) subw    a4, s6, s4
core   0: 1 0x0000000080005f2e (0x414b073b) x14 0x0000000000000000
core   0: 0x0000000080005f32 (0x00121e13) slli    t3, tp, 1
core   0: 1 0x0000000080005f32 (0x00121e13) x28 0x0000000000000008
core   0: 0x0000000080005f36 (0x002819f3) csrrw   s3, frm, a6
core   0: 1 0x0000000080005f36 (0x002819f3) x19 0x0000000000000000 c2_frm 0x0000000000000000
core   0: 0x0000000080005f3a (0x03c25c33) divu    s8, tp, t3
core   0: 1 0x0000000080005f3a (0x03c25c33) x24 0x0000000000000000
core   0: 0x0000000080005f3e (0xb823a8f3) csrrs   a7, minstreth, t2
core   0: exception trap_illegal_instruction, epc 0x0000000080005f3e
core   0:           tval 0x00000000b823a8f3
core   0: >>>>  $xrv64i2p1_m2p0_a2p1_f2p2_d2p2_zicsr2p0_zifencei2p0_zmmul1p0_zba1p0_zbb1p0_zbc1p0_zbs1p0
core   0: 0x0000000080004000 (0x0080006f) j       pc + 0x8
core   0: 3 0x0000000080004000 (0x0080006f)
core   0: >>>>  mmode_exception_handler
core   0: 0x0000000080004008 (0x00002c17) auipc   s8, 0x2
core   0: 3 0x0000000080004008 (0x00002c17) x24 0x0000000080006008
core   0: 0x000000008000400c (0x03cc0c13) addi    s8, s8, 60
core   0: 3 0x000000008000400c (0x03cc0c13) x24 0x0000000080006044
core   0: 0x0000000080004010 (0x000c00e7) jalr    s8
core   0: 3 0x0000000080004010 (0x000c00e7) x1  0x0000000080004014
core   0: >>>>  any_handler
core   0: 0x0000000080006044 (0x341027f3) csrrs   a5, mepc, zero
core   0: 3 0x0000000080006044 (0x341027f3) x15 0x0000000080005f3e
core   0: 0x0000000080006048 (0x34202773) csrrs   a4, mcause, zero
core   0: 3 0x0000000080006048 (0x34202773) x14 0x0000000000000002
core   0: 0x000000008000604c (0x142026f3) csrrs   a3, scause, zero
core   0: 3 0x000000008000604c (0x142026f3) x13 0x0000000000000000
core   0: 0x0000000080006050 (0x30402673) csrrs   a2, mie, zero
core   0: 3 0x0000000080006050 (0x30402673) x12 0x0000000000000a00
core   0: 0x0000000080006054 (0x344025f3) csrrs   a1, mip, zero
core   0: 3 0x0000000080006054 (0x344025f3) x11 0x0000000000000080
core   0: 0x0000000080006058 (0x343025f3) csrrs   a1, mtval, zero
core   0: 3 0x0000000080006058 (0x343025f3) x11 0x00000000b823a8f3
core   0: 0x000000008000605c (0x14302573) csrrs   a0, stval, zero
core   0: 3 0x000000008000605c (0x14302573) x10 0x0000000080004014
core   0: 0x0000000080006060 (0xb02024f3) csrrs   s1, minstret, zero
core   0: 3 0x0000000080006060 (0xb02024f3) x9  0x0000000000001244
core   0: 0x0000000080006064 (0x0000a811) c.j     pc + 20
core   0: 3 0x0000000080006064 (0xa811)
core   0: >>>>  mepc_4
core   0: 0x0000000080006078 (0x00000791) c.addi  a5, 4
core   0: 3 0x0000000080006078 (0x0791) x15 0x0000000080005f42
core   0: 0x000000008000607a (0x34179073) csrrw   zero, mepc, a5
core   0: 3 0x000000008000607a (0x34179073) c833_mepc 0x0000000080005f42
core   0: 0x000000008000607e (0x30200073) mret
core   0: 3 0x000000008000607e (0x30200073) c768_mstatus 0x8000000a001c61a2
core   0: 0x0000000080005f42 (0x40b889bb) subw    s3, a7, a1
core   0: 1 0x0000000080005f42 (0x40b889bb) x19 0x0000000047dc570d
core   0: 0x0000000080005f46 (0x5a07f2d3) fsqrt.d ft5, fa5
core   0: 1 0x0000000080005f46 (0x5a07f2d3) f5  0x0000000000000000
core   0: 0x0000000080005f4a (0x005484bb) addw    s1, s1, t0
core   0: 1 0x0000000080005f4a (0x005484bb) x9  0x000000005abb3243
core   0: 0x0000000080005f4e (0x63b48093) addi    ra, s1, 1595
core   0: 1 0x0000000080005f4e (0x63b48093) x1  0x000000005abb387e
core   0: 0x0000000080005f52 (0x15c20e97) auipc   t4, 0x15c20
core   0: 1 0x0000000080005f52 (0x15c20e97) x29 0x0000000095c25f52
core   0: 0x0000000080005f56 (0x03d9f9d3) fadd.d  fs3, fs3, ft9
core   0: 1 0x0000000080005f56 (0x03d9f9d3) f19 0x7ff8000000000000
core   0: 0x0000000080005f5a (0x9b3b74cf) fnmadd.d fs1, fs6, fs3, fs3
core   0: 1 0x0000000080005f5a (0x9b3b74cf) f9  0x7ff8000000000000
core   0: 0x0000000080005f5e (0x000080a6) c.mv    ra, s1
core   0: 1 0x0000000080005f5e (0x80a6) x1  0x000000005abb3243
core   0: 0x0000000080005f60 (0x00000001) c.nop
core   0: 1 0x0000000080005f60 (0x0001)
core   0: 0x0000000080005f62 (0xd0307353) fcvt.s.lu ft6, zero
core   0: 1 0x0000000080005f62 (0xd0307353) f6  0xffffffff00000000
core   0: 0x0000000080005f66 (0xf8290b37) lui     s6, 0xf8290
core   0: 1 0x0000000080005f66 (0xf8290b37) x22 0xfffffffff8290000
core   0: 0x0000000080005f6a (0xfbfb0b1b) addiw   s6, s6, -65
core   0: 1 0x0000000080005f6a (0xfbfb0b1b) x22 0xfffffffff828ffbf
core   0: 0x0000000080005f6e (0x00000b32) c.slli  s6, 12
core   0: 1 0x0000000080005f6e (0x0b32) x22 0xffffff828ffbf000
core   0: 0x0000000080005f70 (0x722b0b13) addi    s6, s6, 1826
core   0: 1 0x0000000080005f70 (0x722b0b13) x22 0xffffff828ffbf722
core   0: 0x0000000080005f74 (0x039d573b) divuw   a4, s10, s9
core   0: 1 0x0000000080005f74 (0x039d573b) x14 0x0000000000000000
core   0: 0x0000000080005f78 (0x5a027253) fsqrt.d ft4, ft4
core   0: 1 0x0000000080005f78 (0x5a027253) c1_fflags 0x0000000000000013 f4  0x40e6a0bab0f818a5
core   0: 0x0000000080005f7c (0xd22d72d3) fcvt.d.l ft5, s10
core   0: 1 0x0000000080005f7c (0xd22d72d3) f5  0x0000000000000000
core   0: 0x0000000080005f80 (0xd02afed3) fcvt.s.l ft9, s5
core   0: 1 0x0000000080005f80 (0xd02afed3) f29 0xffffffffbf800000
core   0: 0x0000000080005f84 (0xd0257153) fcvt.s.l ft2, a0
core   0: 1 0x0000000080005f84 (0xd0257153) c1_fflags 0x0000000000000013 f2  0xffffffff4f000040
core   0: 0x0000000080005f88 (0x0ff0000f) fence   iorw,iorw
core   0: 1 0x0000000080005f88 (0x0ff0000f)
core   0: 0x0000000080005f8c (0x4137511b) sraiw   sp, a4, 19
core   0: 1 0x0000000080005f8c (0x4137511b) x2  0x0000000000000000
core   0: 0x0000000080005f90 (0x41aa07bb) subw    a5, s4, s10
core   0: 1 0x0000000080005f90 (0x41aa07bb) x15 0x0000000000000000
core   0: 0x0000000080005f94 (0x307cf717) auipc   a4, 0x307cf
core   0: 1 0x0000000080005f94 (0x307cf717) x14 0x00000000b07d4f94
core   0: 0x0000000080005f98 (0x00a766b3) or      a3, a4, a0
core   0: 1 0x0000000080005f98 (0x00a766b3) x13 0x00000000b07d4f94
core   0: 0x0000000080005f9c (0x02c95933) divu    s2, s2, a2
core   0: 1 0x0000000080005f9c (0x02c95933) x18 0x0000000000000000
core   0: 0x0000000080005fa0 (0xdba97943) fmadd.d fs2, fs2, fs10, fs11
core   0: 1 0x0000000080005fa0 (0xdba97943) f18 0x7ff8000000000000
core   0: 0x0000000080005fa4 (0x420d0253) fcvt.d.s ft4, fs10
core   0: 1 0x0000000080005fa4 (0x420d0253) f4  0x40b6aa0000000000
core   0: 0x0000000080005fa8 (0x40127cd3) fcvt.s.d fs9, ft4
core   0: 1 0x0000000080005fa8 (0x40127cd3) f25 0xffffffff45b55000
core   0: 0x0000000080005fac (0xc2167553) fcvt.wu.d a0, fa2
core   0: 1 0x0000000080005fac (0xc2167553) c1_fflags 0x0000000000000013 x10 0xffffffffffffffff
core   0: 0x0000000080005fb0 (0x418181bb) subw    gp, gp, s8
core   0: 1 0x0000000080005fb0 (0x418181bb) x3  0xffffffff98210e5e
core   0: 0x0000000080005fb4 (0xdbb17ccf) fnmadd.d fs9, ft2, fs11, fs11
core   0: 1 0x0000000080005fb4 (0xdbb17ccf) f25 0x7ff8000000000000
core   0: 0x0000000080005fb8 (0xa25e8353) fle.d   t1, ft9, ft5
core   0: 1 0x0000000080005fb8 (0xa25e8353) c1_fflags 0x0000000000000013 x6  0x0000000000000000
core   0: 0x0000000080005fbc (0xf1107273) csrrci  tp, mvendorid, 0
core   0: exception trap_illegal_instruction, epc 0x0000000080005fbc
core   0:           tval 0x00000000f1107273
core   0: >>>>  $xrv64i2p1_m2p0_a2p1_f2p2_d2p2_zicsr2p0_zifencei2p0_zmmul1p0_zba1p0_zbb1p0_zbc1p0_zbs1p0
core   0: 0x0000000080004000 (0x0080006f) j       pc + 0x8
core   0: 3 0x0000000080004000 (0x0080006f)
core   0: >>>>  mmode_exception_handler
core   0: 0x0000000080004008 (0x00002c17) auipc   s8, 0x2
core   0: 3 0x0000000080004008 (0x00002c17) x24 0x0000000080006008
core   0: 0x000000008000400c (0x03cc0c13) addi    s8, s8, 60
core   0: 3 0x000000008000400c (0x03cc0c13) x24 0x0000000080006044
core   0: 0x0000000080004010 (0x000c00e7) jalr    s8
core   0: 3 0x0000000080004010 (0x000c00e7) x1  0x0000000080004014
core   0: >>>>  any_handler
core   0: 0x0000000080006044 (0x341027f3) csrrs   a5, mepc, zero
core   0: 3 0x0000000080006044 (0x341027f3) x15 0x0000000080005fbc
core   0: 0x0000000080006048 (0x34202773) csrrs   a4, mcause, zero
core   0: 3 0x0000000080006048 (0x34202773) x14 0x0000000000000002
core   0: 0x000000008000604c (0x142026f3) csrrs   a3, scause, zero
core   0: 3 0x000000008000604c (0x142026f3) x13 0x0000000000000000
core   0: 0x0000000080006050 (0x30402673) csrrs   a2, mie, zero
core   0: 3 0x0000000080006050 (0x30402673) x12 0x0000000000000a00
core   0: 0x0000000080006054 (0x344025f3) csrrs   a1, mip, zero
core   0: 3 0x0000000080006054 (0x344025f3) x11 0x0000000000000080
core   0: 0x0000000080006058 (0x343025f3) csrrs   a1, mtval, zero
core   0: 3 0x0000000080006058 (0x343025f3) x11 0x00000000f1107273
core   0: 0x000000008000605c (0x14302573) csrrs   a0, stval, zero
core   0: 3 0x000000008000605c (0x14302573) x10 0x0000000080004014
core   0: 0x0000000080006060 (0xb02024f3) csrrs   s1, minstret, zero
core   0: 3 0x0000000080006060 (0xb02024f3) x9  0x0000000000001274
core   0: 0x0000000080006064 (0x0000a811) c.j     pc + 20
core   0: 3 0x0000000080006064 (0xa811)
core   0: >>>>  mepc_4
core   0: 0x0000000080006078 (0x00000791) c.addi  a5, 4
core   0: 3 0x0000000080006078 (0x0791) x15 0x0000000080005fc0
core   0: 0x000000008000607a (0x34179073) csrrw   zero, mepc, a5
core   0: 3 0x000000008000607a (0x34179073) c833_mepc 0x0000000080005fc0
core   0: 0x000000008000607e (0x30200073) mret
core   0: 3 0x000000008000607e (0x30200073) c768_mstatus 0x8000000a001c61a2
core   0: 0x0000000080005fc0 (0x00686833) or      a6, a6, t1
core   0: 1 0x0000000080005fc0 (0x00686833) x16 0x0000000000000000
core   0: 0x0000000080005fc4 (0x024b5d93) srli    s11, s6, 36
core   0: 1 0x0000000080005fc4 (0x024b5d93) x27 0x000000000ffffff8
core   0: 0x0000000080005fc8 (0x01842933) slt     s2, s0, s8
core   0: 1 0x0000000080005fc8 (0x01842933) x18 0x0000000000000001
core   0: 0x0000000080005fcc (0x0324f133) remu    sp, s1, s2
core   0: 1 0x0000000080005fcc (0x0324f133) x2  0x0000000000000000
core   0: 0x0000000080005fd0 (0x1f794593) xori    a1, s2, 503
core   0: 1 0x0000000080005fd0 (0x1f794593) x11 0x00000000000001f6
core   0: 0x0000000080005fd4 (0xd0207453) fcvt.s.l fs0, zero
core   0: 1 0x0000000080005fd4 (0xd0207453) f8  0xffffffff00000000
core   0: 0x0000000080005fd8 (0x022ae93b) remw    s2, s5, sp
core   0: 1 0x0000000080005fd8 (0x022ae93b) x18 0xffffffffffffffff
core   0: 0x0000000080005fdc (0x8003e493) ori     s1, t2, -2048
core   0: 1 0x0000000080005fdc (0x8003e493) x9  0xfffffffffffff800
core   0: 0x0000000080005fe0 (0xfffe8a1b) addiw   s4, t4, -1
core   0: 1 0x0000000080005fe0 (0xfffe8a1b) x20 0xffffffff95c25f51
core   0: 0x0000000080005fe4 (0x31354617) auipc   a2, 0x31354
core   0: 1 0x0000000080005fe4 (0x31354617) x12 0x00000000b1359fe4
core   0: 0x0000000080005fe8 (0xc0317153) fcvt.lu.s sp, ft2
core   0: 1 0x0000000080005fe8 (0xc0317153) x2  0x0000000080004000
core   0: 0x0000000080005fec (0x00000001) c.nop
core   0: 1 0x0000000080005fec (0x0001)
core   0: 0x0000000080005fee (0xc02afd53) fcvt.l.s s10, fs5
core   0: 1 0x0000000080005fee (0xc02afd53) c1_fflags 0x0000000000000013 x26 0x7fffffffffffffff
core   0: 0x0000000080005ff2 (0xd03d7253) fcvt.s.lu ft4, s10
core   0: 1 0x0000000080005ff2 (0xd03d7253) c1_fflags 0x0000000000000013 f4  0xffffffff5f000000
core   0: 0x0000000080005ff6 (0x40868cb3) sub     s9, a3, s0
core   0: 1 0x0000000080005ff6 (0x40868cb3) x25 0xfffffffffffffa23
core   0: 0x0000000080005ffa (0xd026f2d3) fcvt.s.l ft5, a3
core   0: 1 0x0000000080005ffa (0xd026f2d3) f5  0xffffffff00000000
core   0: 0x0000000080005ffe (0x0c230913) addi    s2, t1, 194
core   0: 1 0x0000000080005ffe (0x0c230913) x18 0x00000000000000c2
core   0: 0x0000000080006002 (0xc011b1f3) csrrc   gp, time, gp
core   0: exception trap_illegal_instruction, epc 0x0000000080006002
core   0:           tval 0x00000000c011b1f3
core   0: >>>>  $xrv64i2p1_m2p0_a2p1_f2p2_d2p2_zicsr2p0_zifencei2p0_zmmul1p0_zba1p0_zbb1p0_zbc1p0_zbs1p0
core   0: 0x0000000080004000 (0x0080006f) j       pc + 0x8
core   0: 3 0x0000000080004000 (0x0080006f)
core   0: >>>>  mmode_exception_handler
core   0: 0x0000000080004008 (0x00002c17) auipc   s8, 0x2
core   0: 3 0x0000000080004008 (0x00002c17) x24 0x0000000080006008
core   0: 0x000000008000400c (0x03cc0c13) addi    s8, s8, 60
core   0: 3 0x000000008000400c (0x03cc0c13) x24 0x0000000080006044
core   0: 0x0000000080004010 (0x000c00e7) jalr    s8
core   0: 3 0x0000000080004010 (0x000c00e7) x1  0x0000000080004014
core   0: >>>>  any_handler
core   0: 0x0000000080006044 (0x341027f3) csrrs   a5, mepc, zero
core   0: 3 0x0000000080006044 (0x341027f3) x15 0x0000000080006002
core   0: 0x0000000080006048 (0x34202773) csrrs   a4, mcause, zero
core   0: 3 0x0000000080006048 (0x34202773) x14 0x0000000000000002
core   0: 0x000000008000604c (0x142026f3) csrrs   a3, scause, zero
core   0: 3 0x000000008000604c (0x142026f3) x13 0x0000000000000000
core   0: 0x0000000080006050 (0x30402673) csrrs   a2, mie, zero
core   0: 3 0x0000000080006050 (0x30402673) x12 0x0000000000000a00
core   0: 0x0000000080006054 (0x344025f3) csrrs   a1, mip, zero
core   0: 3 0x0000000080006054 (0x344025f3) x11 0x0000000000000080
core   0: 0x0000000080006058 (0x343025f3) csrrs   a1, mtval, zero
core   0: 3 0x0000000080006058 (0x343025f3) x11 0x00000000c011b1f3
core   0: 0x000000008000605c (0x14302573) csrrs   a0, stval, zero
core   0: 3 0x000000008000605c (0x14302573) x10 0x0000000080004014
core   0: 0x0000000080006060 (0xb02024f3) csrrs   s1, minstret, zero
core   0: 3 0x0000000080006060 (0xb02024f3) x9  0x0000000000001295
core   0: 0x0000000080006064 (0x0000a811) c.j     pc + 20
core   0: 3 0x0000000080006064 (0xa811)
core   0: >>>>  mepc_4
core   0: 0x0000000080006078 (0x00000791) c.addi  a5, 4
core   0: 3 0x0000000080006078 (0x0791) x15 0x0000000080006006
core   0: 0x000000008000607a (0x34179073) csrrw   zero, mepc, a5
core   0: 3 0x000000008000607a (0x34179073) c833_mepc 0x0000000080006006
core   0: 0x000000008000607e (0x30200073) mret
core   0: 3 0x000000008000607e (0x30200073) c768_mstatus 0x8000000a001c61a2
core   0: 0x0000000080006006 (0x0305e5b3) rem     a1, a1, a6
core   0: 1 0x0000000080006006 (0x0305e5b3) x11 0x00000000c011b1f3
core   0: 0x000000008000600a (0xe20800d3) fmv.x.d ra, fa6
core   0: 1 0x000000008000600a (0xe20800d3) x1  0x0000000000000000
core   0: 0x000000008000600e (0x028bcbbb) divw    s7, s7, s0
core   0: 1 0x000000008000600e (0x028bcbbb) x23 0x0000000000000000
core   0: 0x0000000080006012 (0x0ae77c53) fsub.d  fs8, fa4, fa4
core   0: 1 0x0000000080006012 (0x0ae77c53) f24 0x7ff8000000000000
core   0: 0x0000000080006016 (0xc206f7d3) fcvt.w.d a5, fa3
core   0: 1 0x0000000080006016 (0xc206f7d3) c1_fflags 0x0000000000000013 x15 0x000000007fffffff
core   0: 0x000000008000601a (0xa3851e53) flt.d   t3, fa0, fs8
core   0: 1 0x000000008000601a (0xa3851e53) c1_fflags 0x0000000000000013 x28 0x0000000000000000
core   0: 0x000000008000601e (0x007e1613) slli    a2, t3, 7
core   0: 1 0x000000008000601e (0x007e1613) x12 0x0000000000000000
core   0: 0x0000000080006022 (0x413784b3) sub     s1, a5, s3
core   0: 1 0x0000000080006022 (0x413784b3) x9  0x000000003823a8f2
core   0: 0x0000000080006026 (0x414485bb) subw    a1, s1, s4
core   0: 1 0x0000000080006026 (0x414485bb) x11 0xffffffffa26149a1
core   0: 0x000000008000602a (0x00000001) c.nop
core   0: 1 0x000000008000602a (0x0001)
core   0: 0x000000008000602c (0x0115d79b) srliw   a5, a1, 17
core   0: 1 0x000000008000602c (0x0115d79b) x15 0x0000000000005130
core   0: 0x0000000080006030 (0x00000001) c.nop
core   0: 1 0x0000000080006030 (0x0001)
core   0: 0x0000000080006032 (0x41890a3b) subw    s4, s2, s8
core   0: 1 0x0000000080006032 (0x41890a3b) x20 0x000000007fffa07e
core   0: 0x0000000080006036 (0x032686bb) mulw    a3, a3, s2
core   0: 1 0x0000000080006036 (0x032686bb) x13 0x0000000000000000
core   0: 0x000000008000603a (0xc22ffcd3) fcvt.l.d s9, ft11
core   0: 1 0x000000008000603a (0xc22ffcd3) c1_fflags 0x0000000000000013 x25 0x7fffffffffffffff
core   0: >>>>  write_tohost
core   0: 0x000000008000603e (0x9a6fa0ef) jal     pc - 0x5e5a
core   0: 1 0x000000008000603e (0x9a6fa0ef) x1  0x0000000080006042
core   0: >>>>  _exit
core   0: 0x00000000800001e4 (0x00004505) c.li    a0, 1
core   0: 1 0x00000000800001e4 (0x4505) x10 0x0000000000000001
core   0: 0x00000000800001e6 (0x00001f17) auipc   t5, 0x1
core   0: 1 0x00000000800001e6 (0x00001f17) x30 0x00000000800011e6
core   0: 0x00000000800001ea (0xe0af2d23) sw      a0, -486(t5)
core   0: 1 0x00000000800001ea (0xe0af2d23) mem 0x0000000080001000 0x00000001
cp /home/server/RISCV/cva6/verif/sim/out/seed_1526/spike_sim/new_seeds_1526_.cv64a6_imafdc_sv39.log.iss /home/server/RISCV/cva6/verif/sim/out/seed_1526/spike_sim/new_seeds_1526_.cv64a6_imafdc_sv39.log
