Makefile:14: must set CVA6_REPO_DIR to point at the root of CVA6 sources and CVA6_TB_DIR to point here -- doing it for you...
LD_LIBRARY_PATH="$(realpath ../../tools/spike/lib):$LD_LIBRARY_PATH" \
	/home/server/RISCV/cva6/tools/spike/bin/spike --steps=2000000  --log-commits --isa=rv64gc_zba_zbb_zbs_zbc_zicsr_zifencei --priv=msu -l /home/server/RISCV/cva6/verif/sim/out/seed_728/directed_asm_tests/new_seeds_728_.o
[SPIKE] Max simulation steps: 2000000
[SPIKE] Proc 0 | ISA: rv64gc_zba_zbb_zbs_zbc_zicsr_zifencei PRIV: msu
[SPIKE] Initializing memories...
core   0: 0x0000000000010000 (0x00100413) li      s0, 1
core   0: 3 0x0000000000010000 (0x00100413) x8  0x0000000000000001
core   0: 0x0000000000010004 (0x01f41413) slli    s0, s0, 31
core   0: 3 0x0000000000010004 (0x01f41413) x8  0x0000000080000000
core   0: 0x0000000000010008 (0xf1402573) csrrs   a0, mhartid, zero
core   0: 3 0x0000000000010008 (0xf1402573) x10 0x0000000000000000
core   0: 0x000000000001000c (0x00000597) auipc   a1, 0x0
core   0: 3 0x000000000001000c (0x00000597) x11 0x000000000001000c
core   0: 0x0000000000010010 (0x07458593) addi    a1, a1, 116
core   0: 3 0x0000000000010010 (0x07458593) x11 0x0000000000010080
core   0: 0x0000000000010014 (0x00040067) jr      s0
core   0: 3 0x0000000000010014 (0x00040067)
core   0: >>>>  _start
core   0: 0x0000000080000000 (0x00004081) c.li    ra, 0
core   0: 3 0x0000000080000000 (0x4081) x1  0x0000000000000000
core   0: 0x0000000080000002 (0x00004101) c.li    sp, 0
core   0: 3 0x0000000080000002 (0x4101) x2  0x0000000000000000
core   0: 0x0000000080000004 (0x00004181) c.li    gp, 0
core   0: 3 0x0000000080000004 (0x4181) x3  0x0000000000000000
core   0: 0x0000000080000006 (0x00004201) c.li    tp, 0
core   0: 3 0x0000000080000006 (0x4201) x4  0x0000000000000000
core   0: 0x0000000080000008 (0x00004281) c.li    t0, 0
core   0: 3 0x0000000080000008 (0x4281) x5  0x0000000000000000
core   0: 0x000000008000000a (0x00004301) c.li    t1, 0
core   0: 3 0x000000008000000a (0x4301) x6  0x0000000000000000
core   0: 0x000000008000000c (0x00004381) c.li    t2, 0
core   0: 3 0x000000008000000c (0x4381) x7  0x0000000000000000
core   0: 0x000000008000000e (0x00004401) c.li    s0, 0
core   0: 3 0x000000008000000e (0x4401) x8  0x0000000000000000
core   0: 0x0000000080000010 (0x00004481) c.li    s1, 0
core   0: 3 0x0000000080000010 (0x4481) x9  0x0000000000000000
core   0: 0x0000000080000012 (0x00004501) c.li    a0, 0
core   0: 3 0x0000000080000012 (0x4501) x10 0x0000000000000000
core   0: 0x0000000080000014 (0x00004581) c.li    a1, 0
core   0: 3 0x0000000080000014 (0x4581) x11 0x0000000000000000
core   0: 0x0000000080000016 (0x00004601) c.li    a2, 0
core   0: 3 0x0000000080000016 (0x4601) x12 0x0000000000000000
core   0: 0x0000000080000018 (0x00004681) c.li    a3, 0
core   0: 3 0x0000000080000018 (0x4681) x13 0x0000000000000000
core   0: 0x000000008000001a (0x00004701) c.li    a4, 0
core   0: 3 0x000000008000001a (0x4701) x14 0x0000000000000000
core   0: 0x000000008000001c (0x00004781) c.li    a5, 0
core   0: 3 0x000000008000001c (0x4781) x15 0x0000000000000000
core   0: 0x000000008000001e (0x00004801) c.li    a6, 0
core   0: 3 0x000000008000001e (0x4801) x16 0x0000000000000000
core   0: 0x0000000080000020 (0x00004881) c.li    a7, 0
core   0: 3 0x0000000080000020 (0x4881) x17 0x0000000000000000
core   0: 0x0000000080000022 (0x00004901) c.li    s2, 0
core   0: 3 0x0000000080000022 (0x4901) x18 0x0000000000000000
core   0: 0x0000000080000024 (0x00004981) c.li    s3, 0
core   0: 3 0x0000000080000024 (0x4981) x19 0x0000000000000000
core   0: 0x0000000080000026 (0x00004a01) c.li    s4, 0
core   0: 3 0x0000000080000026 (0x4a01) x20 0x0000000000000000
core   0: 0x0000000080000028 (0x00004a81) c.li    s5, 0
core   0: 3 0x0000000080000028 (0x4a81) x21 0x0000000000000000
core   0: 0x000000008000002a (0x00004b01) c.li    s6, 0
core   0: 3 0x000000008000002a (0x4b01) x22 0x0000000000000000
core   0: 0x000000008000002c (0x00004b81) c.li    s7, 0
core   0: 3 0x000000008000002c (0x4b81) x23 0x0000000000000000
core   0: 0x000000008000002e (0x00004c01) c.li    s8, 0
core   0: 3 0x000000008000002e (0x4c01) x24 0x0000000000000000
core   0: 0x0000000080000030 (0x00004c81) c.li    s9, 0
core   0: 3 0x0000000080000030 (0x4c81) x25 0x0000000000000000
core   0: 0x0000000080000032 (0x00004d01) c.li    s10, 0
core   0: 3 0x0000000080000032 (0x4d01) x26 0x0000000000000000
core   0: 0x0000000080000034 (0x00004d81) c.li    s11, 0
core   0: 3 0x0000000080000034 (0x4d81) x27 0x0000000000000000
core   0: 0x0000000080000036 (0x00004e01) c.li    t3, 0
core   0: 3 0x0000000080000036 (0x4e01) x28 0x0000000000000000
core   0: 0x0000000080000038 (0x00004e81) c.li    t4, 0
core   0: 3 0x0000000080000038 (0x4e81) x29 0x0000000000000000
core   0: 0x000000008000003a (0x00004f01) c.li    t5, 0
core   0: 3 0x000000008000003a (0x4f01) x30 0x0000000000000000
core   0: 0x000000008000003c (0x00004f81) c.li    t6, 0
core   0: 3 0x000000008000003c (0x4f81) x31 0x0000000000000000
core   0: 0x000000008000003e (0x000062f9) c.lui   t0, 0x1e
core   0: 3 0x000000008000003e (0x62f9) x5  0x000000000001e000
core   0: 0x0000000080000040 (0x3002a073) csrrs   zero, mstatus, t0
core   0: 3 0x0000000080000040 (0x3002a073) c768_mstatus 0x8000000a00006000
core   0: 0x0000000080000044 (0x00004285) c.li    t0, 1
core   0: 3 0x0000000080000044 (0x4285) x5  0x0000000000000001
core   0: 0x0000000080000046 (0x000002fe) c.slli  t0, 31
core   0: 3 0x0000000080000046 (0x02fe) x5  0x0000000080000000
core   0: 0x0000000080000048 (0x0002d863) bge     t0, zero, pc + 16
core   0: 3 0x0000000080000048 (0x0002d863)
core   0: 0x0000000080000058 (0x00000297) auipc   t0, 0x0
core   0: 3 0x0000000080000058 (0x00000297) x5  0x0000000080000058
core   0: 0x000000008000005c (0x09028293) addi    t0, t0, 144
core   0: 3 0x000000008000005c (0x09028293) x5  0x00000000800000e8
core   0: 0x0000000080000060 (0x30529073) csrrw   zero, mtvec, t0
core   0: 3 0x0000000080000060 (0x30529073) c773_mtvec 0x00000000800000e8
core   0: 0x0000000080000064 (0x00301073) csrrw   zero, fcsr, zero
core   0: 3 0x0000000080000064 (0x00301073) c1_fflags 0x0000000000000000 c2_frm 0x0000000000000000
core   0: 0x0000000080000068 (0xf0000053) fmv.w.x ft0, zero
core   0: 3 0x0000000080000068 (0xf0000053) f0  0xffffffff00000000
core   0: 0x000000008000006c (0xf00000d3) fmv.w.x ft1, zero
core   0: 3 0x000000008000006c (0xf00000d3) f1  0xffffffff00000000
core   0: 0x0000000080000070 (0xf0000153) fmv.w.x ft2, zero
core   0: 3 0x0000000080000070 (0xf0000153) f2  0xffffffff00000000
core   0: 0x0000000080000074 (0xf00001d3) fmv.w.x ft3, zero
core   0: 3 0x0000000080000074 (0xf00001d3) f3  0xffffffff00000000
core   0: 0x0000000080000078 (0xf0000253) fmv.w.x ft4, zero
core   0: 3 0x0000000080000078 (0xf0000253) f4  0xffffffff00000000
core   0: 0x000000008000007c (0xf00002d3) fmv.w.x ft5, zero
core   0: 3 0x000000008000007c (0xf00002d3) f5  0xffffffff00000000
core   0: 0x0000000080000080 (0xf0000353) fmv.w.x ft6, zero
core   0: 3 0x0000000080000080 (0xf0000353) f6  0xffffffff00000000
core   0: 0x0000000080000084 (0xf00003d3) fmv.w.x ft7, zero
core   0: 3 0x0000000080000084 (0xf00003d3) f7  0xffffffff00000000
core   0: 0x0000000080000088 (0xf0000453) fmv.w.x fs0, zero
core   0: 3 0x0000000080000088 (0xf0000453) f8  0xffffffff00000000
core   0: 0x000000008000008c (0xf00004d3) fmv.w.x fs1, zero
core   0: 3 0x000000008000008c (0xf00004d3) f9  0xffffffff00000000
core   0: 0x0000000080000090 (0xf0000553) fmv.w.x fa0, zero
core   0: 3 0x0000000080000090 (0xf0000553) f10 0xffffffff00000000
core   0: 0x0000000080000094 (0xf00005d3) fmv.w.x fa1, zero
core   0: 3 0x0000000080000094 (0xf00005d3) f11 0xffffffff00000000
core   0: 0x0000000080000098 (0xf0000653) fmv.w.x fa2, zero
core   0: 3 0x0000000080000098 (0xf0000653) f12 0xffffffff00000000
core   0: 0x000000008000009c (0xf00006d3) fmv.w.x fa3, zero
core   0: 3 0x000000008000009c (0xf00006d3) f13 0xffffffff00000000
core   0: 0x00000000800000a0 (0xf0000753) fmv.w.x fa4, zero
core   0: 3 0x00000000800000a0 (0xf0000753) f14 0xffffffff00000000
core   0: 0x00000000800000a4 (0xf00007d3) fmv.w.x fa5, zero
core   0: 3 0x00000000800000a4 (0xf00007d3) f15 0xffffffff00000000
core   0: 0x00000000800000a8 (0xf0000853) fmv.w.x fa6, zero
core   0: 3 0x00000000800000a8 (0xf0000853) f16 0xffffffff00000000
core   0: 0x00000000800000ac (0xf00008d3) fmv.w.x fa7, zero
core   0: 3 0x00000000800000ac (0xf00008d3) f17 0xffffffff00000000
core   0: 0x00000000800000b0 (0xf0000953) fmv.w.x fs2, zero
core   0: 3 0x00000000800000b0 (0xf0000953) f18 0xffffffff00000000
core   0: 0x00000000800000b4 (0xf00009d3) fmv.w.x fs3, zero
core   0: 3 0x00000000800000b4 (0xf00009d3) f19 0xffffffff00000000
core   0: 0x00000000800000b8 (0xf0000a53) fmv.w.x fs4, zero
core   0: 3 0x00000000800000b8 (0xf0000a53) f20 0xffffffff00000000
core   0: 0x00000000800000bc (0xf0000ad3) fmv.w.x fs5, zero
core   0: 3 0x00000000800000bc (0xf0000ad3) f21 0xffffffff00000000
core   0: 0x00000000800000c0 (0xf0000b53) fmv.w.x fs6, zero
core   0: 3 0x00000000800000c0 (0xf0000b53) f22 0xffffffff00000000
core   0: 0x00000000800000c4 (0xf0000bd3) fmv.w.x fs7, zero
core   0: 3 0x00000000800000c4 (0xf0000bd3) f23 0xffffffff00000000
core   0: 0x00000000800000c8 (0xf0000c53) fmv.w.x fs8, zero
core   0: 3 0x00000000800000c8 (0xf0000c53) f24 0xffffffff00000000
core   0: 0x00000000800000cc (0xf0000cd3) fmv.w.x fs9, zero
core   0: 3 0x00000000800000cc (0xf0000cd3) f25 0xffffffff00000000
core   0: 0x00000000800000d0 (0xf0000d53) fmv.w.x fs10, zero
core   0: 3 0x00000000800000d0 (0xf0000d53) f26 0xffffffff00000000
core   0: 0x00000000800000d4 (0xf0000dd3) fmv.w.x fs11, zero
core   0: 3 0x00000000800000d4 (0xf0000dd3) f27 0xffffffff00000000
core   0: 0x00000000800000d8 (0xf0000e53) fmv.w.x ft8, zero
core   0: 3 0x00000000800000d8 (0xf0000e53) f28 0xffffffff00000000
core   0: 0x00000000800000dc (0xf0000ed3) fmv.w.x ft9, zero
core   0: 3 0x00000000800000dc (0xf0000ed3) f29 0xffffffff00000000
core   0: 0x00000000800000e0 (0xf0000f53) fmv.w.x ft10, zero
core   0: 3 0x00000000800000e0 (0xf0000f53) f30 0xffffffff00000000
core   0: 0x00000000800000e4 (0xf0000fd3) fmv.w.x ft11, zero
core   0: 3 0x00000000800000e4 (0xf0000fd3) f31 0xffffffff00000000
core   0: 0x00000000800000e8 (0x00000297) auipc   t0, 0x0
core   0: 3 0x00000000800000e8 (0x00000297) x5  0x00000000800000e8
core   0: 0x00000000800000ec (0x03c28293) addi    t0, t0, 60
core   0: 3 0x00000000800000ec (0x03c28293) x5  0x0000000080000124
core   0: 0x00000000800000f0 (0x30529073) csrrw   zero, mtvec, t0
core   0: 3 0x00000000800000f0 (0x30529073) c773_mtvec 0x0000000080000124
core   0: 0x00000000800000f4 (0x00012197) auipc   gp, 0x12
core   0: 3 0x00000000800000f4 (0x00012197) x3  0x00000000800120f4
core   0: 0x00000000800000f8 (0x73418193) addi    gp, gp, 1844
core   0: 3 0x00000000800000f8 (0x73418193) x3  0x0000000080012828
core   0: 0x00000000800000fc (0x00012217) auipc   tp, 0x12
core   0: 3 0x00000000800000fc (0x00012217) x4  0x00000000800120fc
core   0: 0x0000000080000100 (0xf8320213) addi    tp, tp, -125
core   0: 3 0x0000000080000100 (0xf8320213) x4  0x000000008001207f
core   0: 0x0000000080000104 (0xfc027213) andi    tp, tp, -64
core   0: 3 0x0000000080000104 (0xfc027213) x4  0x0000000080012040
core   0: 0x0000000080000108 (0xf1402573) csrrs   a0, mhartid, zero
core   0: 3 0x0000000080000108 (0xf1402573) x10 0x0000000000000000
core   0: 0x000000008000010c (0x00004585) c.li    a1, 1
core   0: 3 0x000000008000010c (0x4585) x11 0x0000000000000001
core   0: 0x000000008000010e (0x00b57063) bgeu    a0, a1, pc + 0
core   0: 3 0x000000008000010e (0x00b57063)
core   0: 0x0000000080000112 (0x00150113) addi    sp, a0, 1
core   0: 3 0x0000000080000112 (0x00150113) x2  0x0000000000000001
core   0: 0x0000000080000116 (0x00000146) c.slli  sp, 17
core   0: 3 0x0000000080000116 (0x0146) x2  0x0000000000020000
core   0: 0x0000000080000118 (0x00009112) c.add   sp, tp
core   0: 3 0x0000000080000118 (0x9112) x2  0x0000000080032040
core   0: 0x000000008000011a (0x01151613) slli    a2, a0, 17
core   0: 3 0x000000008000011a (0x01151613) x12 0x0000000000000000
core   0: 0x000000008000011e (0x00009232) c.add   tp, a2
core   0: 3 0x000000008000011e (0x9232) x4  0x0000000080012040
core   0: 0x0000000080000120 (0x40a0f06f) j       pc + 0xf40a
core   0: 3 0x0000000080000120 (0x40a0f06f)
core   0: >>>>  _init
core   0: 0x000000008000f52a (0x00007171) c.addi16sp sp, -176
core   0: 3 0x000000008000f52a (0x7171) x2  0x0000000080031f90
core   0: 0x000000008000f52c (0x0000f506) c.sdsp  ra, 168(sp)
core   0: 3 0x000000008000f52c (0xf506) mem 0x0000000080032038 0x0000000000000000
core   0: 0x000000008000f52e (0x0000f122) c.sdsp  s0, 160(sp)
core   0: 3 0x000000008000f52e (0xf122) mem 0x0000000080032030 0x0000000000000000
core   0: 0x000000008000f530 (0x0000ed26) c.sdsp  s1, 152(sp)
core   0: 3 0x000000008000f530 (0xed26) mem 0x0000000080032028 0x0000000000000000
core   0: 0x000000008000f532 (0x00001900) c.addi4spn s0, sp, 176
core   0: 3 0x000000008000f532 (0x1900) x8  0x0000000080032040
core   0: 0x000000008000f534 (0x000087aa) c.mv    a5, a0
core   0: 3 0x000000008000f534 (0x87aa) x15 0x0000000000000000
core   0: 0x000000008000f536 (0x0000872e) c.mv    a4, a1
core   0: 3 0x000000008000f536 (0x872e) x14 0x0000000000000001
core   0: 0x000000008000f538 (0xf4f42e23) sw      a5, -164(s0)
core   0: 3 0x000000008000f538 (0xf4f42e23) mem 0x0000000080031f9c 0x00000000
core   0: 0x000000008000f53c (0x000087ba) c.mv    a5, a4
core   0: 3 0x000000008000f53c (0x87ba) x15 0x0000000000000001
core   0: 0x000000008000f53e (0xf4f42c23) sw      a5, -168(s0)
core   0: 3 0x000000008000f53e (0xf4f42c23) mem 0x0000000080031f98 0x00000001
core   0: 0x000000008000f542 (0xfe040793) addi    a5, s0, -32
core   0: 3 0x000000008000f542 (0xfe040793) x15 0x0000000080032020
core   0: 0x000000008000f546 (0xf4f43823) sd      a5, -176(s0)
core   0: 3 0x000000008000f546 (0xf4f43823) mem 0x0000000080031f90 0x0000000080032020
core   0: 0x000000008000f54a (0xf5043783) ld      a5, -176(s0)
core   0: 3 0x000000008000f54a (0xf5043783) x15 0x0000000080032020 mem 0x0000000080031f90
core   0: 0x000000008000f54e (0xf8078793) addi    a5, a5, -128
core   0: 3 0x000000008000f54e (0xf8078793) x15 0x0000000080031fa0
core   0: 0x000000008000f552 (0x03f78793) addi    a5, a5, 63
core   0: 3 0x000000008000f552 (0x03f78793) x15 0x0000000080031fdf
core   0: 0x000000008000f556 (0x00008399) c.srli  a5, 6
core   0: 3 0x000000008000f556 (0x8399) x15 0x0000000002000c7f
core   0: 0x000000008000f558 (0x00679493) slli    s1, a5, 6
core   0: 3 0x000000008000f558 (0x00679493) x9  0x0000000080031fc0
core   0: 0x000000008000f55c (0xf65ff0ef) jal     pc - 0x9c
core   0: 3 0x000000008000f55c (0xf65ff0ef) x1  0x000000008000f560
core   0: >>>>  init_tls
core   0: 0x000000008000f4c0 (0x00001101) c.addi  sp, -32
core   0: 3 0x000000008000f4c0 (0x1101) x2  0x0000000080031f70
core   0: 0x000000008000f4c2 (0x0000ec06) c.sdsp  ra, 24(sp)
core   0: 3 0x000000008000f4c2 (0xec06) mem 0x0000000080031f88 0x000000008000f560
core   0: 0x000000008000f4c4 (0x0000e822) c.sdsp  s0, 16(sp)
core   0: 3 0x000000008000f4c4 (0xe822) mem 0x0000000080031f80 0x0000000080032040
core   0: 0x000000008000f4c6 (0x00001000) c.addi4spn s0, sp, 32
core   0: 3 0x000000008000f4c6 (0x1000) x8  0x0000000080031f90
core   0: 0x000000008000f4c8 (0x00003717) auipc   a4, 0x3
core   0: 3 0x000000008000f4c8 (0x00003717) x14 0x00000000800124c8
core   0: 0x000000008000f4cc (0xb6070713) addi    a4, a4, -1184
core   0: 3 0x000000008000f4cc (0xb6070713) x14 0x0000000080012028
core   0: 0x000000008000f4d0 (0x00003797) auipc   a5, 0x3
core   0: 3 0x000000008000f4d0 (0x00003797) x15 0x00000000800124d0
core   0: 0x000000008000f4d4 (0xb5878793) addi    a5, a5, -1192
core   0: 3 0x000000008000f4d4 (0xb5878793) x15 0x0000000080012028
core   0: 0x000000008000f4d8 (0x40f707b3) sub     a5, a4, a5
core   0: 3 0x000000008000f4d8 (0x40f707b3) x15 0x0000000000000000
core   0: 0x000000008000f4dc (0xfef43423) sd      a5, -24(s0)
core   0: 3 0x000000008000f4dc (0xfef43423) mem 0x0000000080031f78 0x0000000000000000
core   0: 0x000000008000f4e0 (0x00008792) c.mv    a5, tp
core   0: 3 0x000000008000f4e0 (0x8792) x15 0x0000000080012040
core   0: 0x000000008000f4e2 (0xfe843603) ld      a2, -24(s0)
core   0: 3 0x000000008000f4e2 (0xfe843603) x12 0x0000000000000000 mem 0x0000000080031f78
core   0: 0x000000008000f4e6 (0x00003597) auipc   a1, 0x3
core   0: 3 0x000000008000f4e6 (0x00003597) x11 0x00000000800124e6
core   0: 0x000000008000f4ea (0xb4258593) addi    a1, a1, -1214
core   0: 3 0x000000008000f4ea (0xb4258593) x11 0x0000000080012028
core   0: 0x000000008000f4ee (0x0000853e) c.mv    a0, a5
core   0: 3 0x000000008000f4ee (0x853e) x10 0x0000000080012040
core   0: 0x000000008000f4f0 (0x0f9000ef) jal     pc + 0x8f8
core   0: 3 0x000000008000f4f0 (0x0f9000ef) x1  0x000000008000f4f4
core   0: >>>>  memcpy
core   0: 0x000000008000fde8 (0x0000715d) c.addi16sp sp, -80
core   0: 3 0x000000008000fde8 (0x715d) x2  0x0000000080031f20
core   0: 0x000000008000fdea (0x0000e4a2) c.sdsp  s0, 72(sp)
core   0: 3 0x000000008000fdea (0xe4a2) mem 0x0000000080031f68 0x0000000080031f90
core   0: 0x000000008000fdec (0x00000880) c.addi4spn s0, sp, 80
core   0: 3 0x000000008000fdec (0x0880) x8  0x0000000080031f70
core   0: 0x000000008000fdee (0xfca43423) sd      a0, -56(s0)
core   0: 3 0x000000008000fdee (0xfca43423) mem 0x0000000080031f38 0x0000000080012040
core   0: 0x000000008000fdf2 (0xfcb43023) sd      a1, -64(s0)
core   0: 3 0x000000008000fdf2 (0xfcb43023) mem 0x0000000080031f30 0x0000000080012028
core   0: 0x000000008000fdf6 (0xfac43c23) sd      a2, -72(s0)
core   0: 3 0x000000008000fdf6 (0xfac43c23) mem 0x0000000080031f28 0x0000000000000000
core   0: 0x000000008000fdfa (0xfc843703) ld      a4, -56(s0)
core   0: 3 0x000000008000fdfa (0xfc843703) x14 0x0000000080012040 mem 0x0000000080031f38
core   0: 0x000000008000fdfe (0xfc043783) ld      a5, -64(s0)
core   0: 3 0x000000008000fdfe (0xfc043783) x15 0x0000000080012028 mem 0x0000000080031f30
core   0: 0x000000008000fe02 (0x00008f5d) c.or    a4, a5
core   0: 3 0x000000008000fe02 (0x8f5d) x14 0x0000000080012068
core   0: 0x000000008000fe04 (0xfb843783) ld      a5, -72(s0)
core   0: 3 0x000000008000fe04 (0xfb843783) x15 0x0000000000000000 mem 0x0000000080031f28
core   0: 0x000000008000fe08 (0x00008fd9) c.or    a5, a4
core   0: 3 0x000000008000fe08 (0x8fd9) x15 0x0000000080012068
core   0: 0x000000008000fe0a (0x00008b9d) c.andi  a5, 7
core   0: 3 0x000000008000fe0a (0x8b9d) x15 0x0000000000000000
core   0: 0x000000008000fe0c (0x0000e3b1) c.bnez  a5, pc + 68
core   0: 3 0x000000008000fe0c (0xe3b1)
core   0: 0x000000008000fe0e (0xfc043783) ld      a5, -64(s0)
core   0: 3 0x000000008000fe0e (0xfc043783) x15 0x0000000080012028 mem 0x0000000080031f30
core   0: 0x000000008000fe12 (0xfef43423) sd      a5, -24(s0)
core   0: 3 0x000000008000fe12 (0xfef43423) mem 0x0000000080031f58 0x0000000080012028
core   0: 0x000000008000fe16 (0xfc843783) ld      a5, -56(s0)
core   0: 3 0x000000008000fe16 (0xfc843783) x15 0x0000000080012040 mem 0x0000000080031f38
core   0: 0x000000008000fe1a (0xfef43023) sd      a5, -32(s0)
core   0: 3 0x000000008000fe1a (0xfef43023) mem 0x0000000080031f50 0x0000000080012040
core   0: 0x000000008000fe1e (0x0000a839) c.j     pc + 30
core   0: 3 0x000000008000fe1e (0xa839)
core   0: 0x000000008000fe3c (0xfc843703) ld      a4, -56(s0)
core   0: 3 0x000000008000fe3c (0xfc843703) x14 0x0000000080012040 mem 0x0000000080031f38
core   0: 0x000000008000fe40 (0xfb843783) ld      a5, -72(s0)
core   0: 3 0x000000008000fe40 (0xfb843783) x15 0x0000000000000000 mem 0x0000000080031f28
core   0: 0x000000008000fe44 (0x000097ba) c.add   a5, a4
core   0: 3 0x000000008000fe44 (0x97ba) x15 0x0000000080012040
core   0: 0x000000008000fe46 (0xfe043703) ld      a4, -32(s0)
core   0: 3 0x000000008000fe46 (0xfe043703) x14 0x0000000080012040 mem 0x0000000080031f50
core   0: 0x000000008000fe4a (0xfcf76be3) bltu    a4, a5, pc - 42
core   0: 3 0x000000008000fe4a (0xfcf76be3)
core   0: 0x000000008000fe4e (0x0000a099) c.j     pc + 70
core   0: 3 0x000000008000fe4e (0xa099)
core   0: 0x000000008000fe94 (0xfc843783) ld      a5, -56(s0)
core   0: 3 0x000000008000fe94 (0xfc843783) x15 0x0000000080012040 mem 0x0000000080031f38
core   0: 0x000000008000fe98 (0x0000853e) c.mv    a0, a5
core   0: 3 0x000000008000fe98 (0x853e) x10 0x0000000080012040
core   0: 0x000000008000fe9a (0x00006426) c.ldsp  s0, 72(sp)
core   0: 3 0x000000008000fe9a (0x6426) x8  0x0000000080031f90 mem 0x0000000080031f68
core   0: 0x000000008000fe9c (0x00006161) c.addi16sp sp, 80
core   0: 3 0x000000008000fe9c (0x6161) x2  0x0000000080031f70
core   0: 0x000000008000fe9e (0x00008082) ret
core   0: 3 0x000000008000fe9e (0x8082)
core   0: 0x000000008000f4f4 (0x00003717) auipc   a4, 0x3
core   0: 3 0x000000008000f4f4 (0x00003717) x14 0x00000000800124f4
core   0: 0x000000008000f4f8 (0xbd070713) addi    a4, a4, -1072
core   0: 3 0x000000008000f4f8 (0xbd070713) x14 0x00000000800120c4
core   0: 0x000000008000f4fc (0x00003797) auipc   a5, 0x3
core   0: 3 0x000000008000f4fc (0x00003797) x15 0x00000000800124fc
core   0: 0x000000008000f500 (0xb2c78793) addi    a5, a5, -1236
core   0: 3 0x000000008000f500 (0xb2c78793) x15 0x0000000080012028
core   0: 0x000000008000f504 (0x40f707b3) sub     a5, a4, a5
core   0: 3 0x000000008000f504 (0x40f707b3) x15 0x000000000000009c
core   0: 0x000000008000f508 (0xfef43023) sd      a5, -32(s0)
core   0: 3 0x000000008000f508 (0xfef43023) mem 0x0000000080031f70 0x000000000000009c
core   0: 0x000000008000f50c (0x00008712) c.mv    a4, tp
core   0: 3 0x000000008000f50c (0x8712) x14 0x0000000080012040
core   0: 0x000000008000f50e (0xfe843783) ld      a5, -24(s0)
core   0: 3 0x000000008000f50e (0xfe843783) x15 0x0000000000000000 mem 0x0000000080031f78
core   0: 0x000000008000f512 (0x000097ba) c.add   a5, a4
core   0: 3 0x000000008000f512 (0x97ba) x15 0x0000000080012040
core   0: 0x000000008000f514 (0xfe043603) ld      a2, -32(s0)
core   0: 3 0x000000008000f514 (0xfe043603) x12 0x000000000000009c mem 0x0000000080031f70
core   0: 0x000000008000f518 (0x00004581) c.li    a1, 0
core   0: 3 0x000000008000f518 (0x4581) x11 0x0000000000000000
core   0: 0x000000008000f51a (0x0000853e) c.mv    a0, a5
core   0: 3 0x000000008000f51a (0x853e) x10 0x0000000080012040
core   0: 0x000000008000f51c (0x185000ef) jal     pc + 0x984
core   0: 3 0x000000008000f51c (0x185000ef) x1  0x000000008000f520
core   0: >>>>  memset
core   0: 0x000000008000fea0 (0x0000715d) c.addi16sp sp, -80
core   0: 3 0x000000008000fea0 (0x715d) x2  0x0000000080031f20
core   0: 0x000000008000fea2 (0x0000e4a2) c.sdsp  s0, 72(sp)
core   0: 3 0x000000008000fea2 (0xe4a2) mem 0x0000000080031f68 0x0000000080031f90
core   0: 0x000000008000fea4 (0x00000880) c.addi4spn s0, sp, 80
core   0: 3 0x000000008000fea4 (0x0880) x8  0x0000000080031f70
core   0: 0x000000008000fea6 (0xfca43423) sd      a0, -56(s0)
core   0: 3 0x000000008000fea6 (0xfca43423) mem 0x0000000080031f38 0x0000000080012040
core   0: 0x000000008000feaa (0x000087ae) c.mv    a5, a1
core   0: 3 0x000000008000feaa (0x87ae) x15 0x0000000000000000
core   0: 0x000000008000feac (0xfac43c23) sd      a2, -72(s0)
core   0: 3 0x000000008000feac (0xfac43c23) mem 0x0000000080031f28 0x000000000000009c
core   0: 0x000000008000feb0 (0xfcf42223) sw      a5, -60(s0)
core   0: 3 0x000000008000feb0 (0xfcf42223) mem 0x0000000080031f34 0x00000000
core   0: 0x000000008000feb4 (0xfc843703) ld      a4, -56(s0)
core   0: 3 0x000000008000feb4 (0xfc843703) x14 0x0000000080012040 mem 0x0000000080031f38
core   0: 0x000000008000feb8 (0xfb843783) ld      a5, -72(s0)
core   0: 3 0x000000008000feb8 (0xfb843783) x15 0x000000000000009c mem 0x0000000080031f28
core   0: 0x000000008000febc (0x00008fd9) c.or    a5, a4
core   0: 3 0x000000008000febc (0x8fd9) x15 0x00000000800120dc
core   0: 0x000000008000febe (0x00008b9d) c.andi  a5, 7
core   0: 3 0x000000008000febe (0x8b9d) x15 0x0000000000000004
core   0: 0x000000008000fec0 (0x0000e7bd) c.bnez  a5, pc + 110
core   0: 3 0x000000008000fec0 (0xe7bd)
core   0: 0x000000008000ff2e (0xfc843783) ld      a5, -56(s0)
core   0: 3 0x000000008000ff2e (0xfc843783) x15 0x0000000080012040 mem 0x0000000080031f38
core   0: 0x000000008000ff32 (0xfef43023) sd      a5, -32(s0)
core   0: 3 0x000000008000ff32 (0xfef43023) mem 0x0000000080031f50 0x0000000080012040
core   0: 0x000000008000ff36 (0x0000a829) c.j     pc + 26
core   0: 3 0x000000008000ff36 (0xa829)
core   0: 0x000000008000ff50 (0xfc843703) ld      a4, -56(s0)
core   0: 3 0x000000008000ff50 (0xfc843703) x14 0x0000000080012040 mem 0x0000000080031f38
core   0: 0x000000008000ff54 (0xfb843783) ld      a5, -72(s0)
core   0: 3 0x000000008000ff54 (0xfb843783) x15 0x000000000000009c mem 0x0000000080031f28
core   0: 0x000000008000ff58 (0x000097ba) c.add   a5, a4
core   0: 3 0x000000008000ff58 (0x97ba) x15 0x00000000800120dc
core   0: 0x000000008000ff5a (0xfe043703) ld      a4, -32(s0)
core   0: 3 0x000000008000ff5a (0xfe043703) x14 0x0000000080012040 mem 0x0000000080031f50
core   0: 0x000000008000ff5e (0xfcf76de3) bltu    a4, a5, pc - 38
core   0: 3 0x000000008000ff5e (0xfcf76de3)
core   0: 0x000000008000ff38 (0xfe043783) ld      a5, -32(s0)
core   0: 3 0x000000008000ff38 (0xfe043783) x15 0x0000000080012040 mem 0x0000000080031f50
core   0: 0x000000008000ff3c (0x00178713) addi    a4, a5, 1
core   0: 3 0x000000008000ff3c (0x00178713) x14 0x0000000080012041
core   0: 0x000000008000ff40 (0xfee43023) sd      a4, -32(s0)
core   0: 3 0x000000008000ff40 (0xfee43023) mem 0x0000000080031f50 0x0000000080012041
core   0: 0x000000008000ff44 (0xfc442703) lw      a4, -60(s0)
core   0: 3 0x000000008000ff44 (0xfc442703) x14 0x0000000000000000 mem 0x0000000080031f34
core   0: 0x000000008000ff48 (0x0ff77713) andi    a4, a4, 255
core   0: 3 0x000000008000ff48 (0x0ff77713) x14 0x0000000000000000
core   0: 0x000000008000ff4c (0x00e78023) sb      a4, 0(a5)
core   0: 3 0x000000008000ff4c (0x00e78023) mem 0x0000000080012040 0x00
core   0: 0x000000008000ff50 (0xfc843703) ld      a4, -56(s0)
core   0: 3 0x000000008000ff50 (0xfc843703) x14 0x0000000080012040 mem 0x0000000080031f38
core   0: 0x000000008000ff54 (0xfb843783) ld      a5, -72(s0)
core   0: 3 0x000000008000ff54 (0xfb843783) x15 0x000000000000009c mem 0x0000000080031f28
core   0: 0x000000008000ff58 (0x000097ba) c.add   a5, a4
core   0: 3 0x000000008000ff58 (0x97ba) x15 0x00000000800120dc
core   0: 0x000000008000ff5a (0xfe043703) ld      a4, -32(s0)
core   0: 3 0x000000008000ff5a (0xfe043703) x14 0x0000000080012041 mem 0x0000000080031f50
core   0: 0x000000008000ff5e (0xfcf76de3) bltu    a4, a5, pc - 38
core   0: 3 0x000000008000ff5e (0xfcf76de3)
core   0: 0x000000008000ff38 (0xfe043783) ld      a5, -32(s0)
core   0: 3 0x000000008000ff38 (0xfe043783) x15 0x0000000080012041 mem 0x0000000080031f50
core   0: 0x000000008000ff3c (0x00178713) addi    a4, a5, 1
core   0: 3 0x000000008000ff3c (0x00178713) x14 0x0000000080012042
core   0: 0x000000008000ff40 (0xfee43023) sd      a4, -32(s0)
core   0: 3 0x000000008000ff40 (0xfee43023) mem 0x0000000080031f50 0x0000000080012042
core   0: 0x000000008000ff44 (0xfc442703) lw      a4, -60(s0)
core   0: 3 0x000000008000ff44 (0xfc442703) x14 0x0000000000000000 mem 0x0000000080031f34
core   0: 0x000000008000ff48 (0x0ff77713) andi    a4, a4, 255
core   0: 3 0x000000008000ff48 (0x0ff77713) x14 0x0000000000000000
core   0: 0x000000008000ff4c (0x00e78023) sb      a4, 0(a5)
core   0: 3 0x000000008000ff4c (0x00e78023) mem 0x0000000080012041 0x00
core   0: 0x000000008000ff50 (0xfc843703) ld      a4, -56(s0)
core   0: 3 0x000000008000ff50 (0xfc843703) x14 0x0000000080012040 mem 0x0000000080031f38
core   0: 0x000000008000ff54 (0xfb843783) ld      a5, -72(s0)
core   0: 3 0x000000008000ff54 (0xfb843783) x15 0x000000000000009c mem 0x0000000080031f28
core   0: 0x000000008000ff58 (0x000097ba) c.add   a5, a4
core   0: 3 0x000000008000ff58 (0x97ba) x15 0x00000000800120dc
core   0: 0x000000008000ff5a (0xfe043703) ld      a4, -32(s0)
core   0: 3 0x000000008000ff5a (0xfe043703) x14 0x0000000080012042 mem 0x0000000080031f50
core   0: 0x000000008000ff5e (0xfcf76de3) bltu    a4, a5, pc - 38
core   0: 3 0x000000008000ff5e (0xfcf76de3)
core   0: 0x000000008000ff38 (0xfe043783) ld      a5, -32(s0)
core   0: 3 0x000000008000ff38 (0xfe043783) x15 0x0000000080012042 mem 0x0000000080031f50
core   0: 0x000000008000ff3c (0x00178713) addi    a4, a5, 1
core   0: 3 0x000000008000ff3c (0x00178713) x14 0x0000000080012043
core   0: 0x000000008000ff40 (0xfee43023) sd      a4, -32(s0)
core   0: 3 0x000000008000ff40 (0xfee43023) mem 0x0000000080031f50 0x0000000080012043
core   0: 0x000000008000ff44 (0xfc442703) lw      a4, -60(s0)
core   0: 3 0x000000008000ff44 (0xfc442703) x14 0x0000000000000000 mem 0x0000000080031f34
core   0: 0x000000008000ff48 (0x0ff77713) andi    a4, a4, 255
core   0: 3 0x000000008000ff48 (0x0ff77713) x14 0x0000000000000000
core   0: 0x000000008000ff4c (0x00e78023) sb      a4, 0(a5)
core   0: 3 0x000000008000ff4c (0x00e78023) mem 0x0000000080012042 0x00
core   0: 0x000000008000ff50 (0xfc843703) ld      a4, -56(s0)
core   0: 3 0x000000008000ff50 (0xfc843703) x14 0x0000000080012040 mem 0x0000000080031f38
core   0: 0x000000008000ff54 (0xfb843783) ld      a5, -72(s0)
core   0: 3 0x000000008000ff54 (0xfb843783) x15 0x000000000000009c mem 0x0000000080031f28
core   0: 0x000000008000ff58 (0x000097ba) c.add   a5, a4
core   0: 3 0x000000008000ff58 (0x97ba) x15 0x00000000800120dc
core   0: 0x000000008000ff5a (0xfe043703) ld      a4, -32(s0)
core   0: 3 0x000000008000ff5a (0xfe043703) x14 0x0000000080012043 mem 0x0000000080031f50
core   0: 0x000000008000ff5e (0xfcf76de3) bltu    a4, a5, pc - 38
core   0: 3 0x000000008000ff5e (0xfcf76de3)
core   0: 0x000000008000ff38 (0xfe043783) ld      a5, -32(s0)
core   0: 3 0x000000008000ff38 (0xfe043783) x15 0x0000000080012043 mem 0x0000000080031f50
core   0: 0x000000008000ff3c (0x00178713) addi    a4, a5, 1
core   0: 3 0x000000008000ff3c (0x00178713) x14 0x0000000080012044
core   0: 0x000000008000ff40 (0xfee43023) sd      a4, -32(s0)
core   0: 3 0x000000008000ff40 (0xfee43023) mem 0x0000000080031f50 0x0000000080012044
core   0: 0x000000008000ff44 (0xfc442703) lw      a4, -60(s0)
core   0: 3 0x000000008000ff44 (0xfc442703) x14 0x0000000000000000 mem 0x0000000080031f34
core   0: 0x000000008000ff48 (0x0ff77713) andi    a4, a4, 255
core   0: 3 0x000000008000ff48 (0x0ff77713) x14 0x0000000000000000
core   0: 0x000000008000ff4c (0x00e78023) sb      a4, 0(a5)
core   0: 3 0x000000008000ff4c (0x00e78023) mem 0x0000000080012043 0x00
core   0: 0x000000008000ff50 (0xfc843703) ld      a4, -56(s0)
core   0: 3 0x000000008000ff50 (0xfc843703) x14 0x0000000080012040 mem 0x0000000080031f38
core   0: 0x000000008000ff54 (0xfb843783) ld      a5, -72(s0)
core   0: 3 0x000000008000ff54 (0xfb843783) x15 0x000000000000009c mem 0x0000000080031f28
core   0: 0x000000008000ff58 (0x000097ba) c.add   a5, a4
core   0: 3 0x000000008000ff58 (0x97ba) x15 0x00000000800120dc
core   0: 0x000000008000ff5a (0xfe043703) ld      a4, -32(s0)
core   0: 3 0x000000008000ff5a (0xfe043703) x14 0x0000000080012044 mem 0x0000000080031f50
core   0: 0x000000008000ff5e (0xfcf76de3) bltu    a4, a5, pc - 38
core   0: 3 0x000000008000ff5e (0xfcf76de3)
core   0: 0x000000008000ff38 (0xfe043783) ld      a5, -32(s0)
core   0: 3 0x000000008000ff38 (0xfe043783) x15 0x0000000080012044 mem 0x0000000080031f50
core   0: 0x000000008000ff3c (0x00178713) addi    a4, a5, 1
core   0: 3 0x000000008000ff3c (0x00178713) x14 0x0000000080012045
core   0: 0x000000008000ff40 (0xfee43023) sd      a4, -32(s0)
core   0: 3 0x000000008000ff40 (0xfee43023) mem 0x0000000080031f50 0x0000000080012045
core   0: 0x000000008000ff44 (0xfc442703) lw      a4, -60(s0)
core   0: 3 0x000000008000ff44 (0xfc442703) x14 0x0000000000000000 mem 0x0000000080031f34
core   0: 0x000000008000ff48 (0x0ff77713) andi    a4, a4, 255
core   0: 3 0x000000008000ff48 (0x0ff77713) x14 0x0000000000000000
core   0: 0x000000008000ff4c (0x00e78023) sb      a4, 0(a5)
core   0: 3 0x000000008000ff4c (0x00e78023) mem 0x0000000080012044 0x00
core   0: 0x000000008000ff50 (0xfc843703) ld      a4, -56(s0)
core   0: 3 0x000000008000ff50 (0xfc843703) x14 0x0000000080012040 mem 0x0000000080031f38
core   0: 0x000000008000ff54 (0xfb843783) ld      a5, -72(s0)
core   0: 3 0x000000008000ff54 (0xfb843783) x15 0x000000000000009c mem 0x0000000080031f28
core   0: 0x000000008000ff58 (0x000097ba) c.add   a5, a4
core   0: 3 0x000000008000ff58 (0x97ba) x15 0x00000000800120dc
core   0: 0x000000008000ff5a (0xfe043703) ld      a4, -32(s0)
core   0: 3 0x000000008000ff5a (0xfe043703) x14 0x0000000080012045 mem 0x0000000080031f50
core   0: 0x000000008000ff5e (0xfcf76de3) bltu    a4, a5, pc - 38
core   0: 3 0x000000008000ff5e (0xfcf76de3)
core   0: 0x000000008000ff38 (0xfe043783) ld      a5, -32(s0)
core   0: 3 0x000000008000ff38 (0xfe043783) x15 0x0000000080012045 mem 0x0000000080031f50
core   0: 0x000000008000ff3c (0x00178713) addi    a4, a5, 1
core   0: 3 0x000000008000ff3c (0x00178713) x14 0x0000000080012046
core   0: 0x000000008000ff40 (0xfee43023) sd      a4, -32(s0)
core   0: 3 0x000000008000ff40 (0xfee43023) mem 0x0000000080031f50 0x0000000080012046
core   0: 0x000000008000ff44 (0xfc442703) lw      a4, -60(s0)
core   0: 3 0x000000008000ff44 (0xfc442703) x14 0x0000000000000000 mem 0x0000000080031f34
core   0: 0x000000008000ff48 (0x0ff77713) andi    a4, a4, 255
core   0: 3 0x000000008000ff48 (0x0ff77713) x14 0x0000000000000000
core   0: 0x000000008000ff4c (0x00e78023) sb      a4, 0(a5)
core   0: 3 0x000000008000ff4c (0x00e78023) mem 0x0000000080012045 0x00
core   0: 0x000000008000ff50 (0xfc843703) ld      a4, -56(s0)
core   0: 3 0x000000008000ff50 (0xfc843703) x14 0x0000000080012040 mem 0x0000000080031f38
core   0: 0x000000008000ff54 (0xfb843783) ld      a5, -72(s0)
core   0: 3 0x000000008000ff54 (0xfb843783) x15 0x000000000000009c mem 0x0000000080031f28
core   0: 0x000000008000ff58 (0x000097ba) c.add   a5, a4
core   0: 3 0x000000008000ff58 (0x97ba) x15 0x00000000800120dc
core   0: 0x000000008000ff5a (0xfe043703) ld      a4, -32(s0)
core   0: 3 0x000000008000ff5a (0xfe043703) x14 0x0000000080012046 mem 0x0000000080031f50
core   0: 0x000000008000ff5e (0xfcf76de3) bltu    a4, a5, pc - 38
core   0: 3 0x000000008000ff5e (0xfcf76de3)
core   0: 0x000000008000ff38 (0xfe043783) ld      a5, -32(s0)
core   0: 3 0x000000008000ff38 (0xfe043783) x15 0x0000000080012046 mem 0x0000000080031f50
core   0: 0x000000008000ff3c (0x00178713) addi    a4, a5, 1
core   0: 3 0x000000008000ff3c (0x00178713) x14 0x0000000080012047
core   0: 0x000000008000ff40 (0xfee43023) sd      a4, -32(s0)
core   0: 3 0x000000008000ff40 (0xfee43023) mem 0x0000000080031f50 0x0000000080012047
core   0: 0x000000008000ff44 (0xfc442703) lw      a4, -60(s0)
core   0: 3 0x000000008000ff44 (0xfc442703) x14 0x0000000000000000 mem 0x0000000080031f34
core   0: 0x000000008000ff48 (0x0ff77713) andi    a4, a4, 255
core   0: 3 0x000000008000ff48 (0x0ff77713) x14 0x0000000000000000
core   0: 0x000000008000ff4c (0x00e78023) sb      a4, 0(a5)
core   0: 3 0x000000008000ff4c (0x00e78023) mem 0x0000000080012046 0x00
core   0: 0x000000008000ff50 (0xfc843703) ld      a4, -56(s0)
core   0: 3 0x000000008000ff50 (0xfc843703) x14 0x0000000080012040 mem 0x0000000080031f38
core   0: 0x000000008000ff54 (0xfb843783) ld      a5, -72(s0)
core   0: 3 0x000000008000ff54 (0xfb843783) x15 0x000000000000009c mem 0x0000000080031f28
core   0: 0x000000008000ff58 (0x000097ba) c.add   a5, a4
core   0: 3 0x000000008000ff58 (0x97ba) x15 0x00000000800120dc
core   0: 0x000000008000ff5a (0xfe043703) ld      a4, -32(s0)
core   0: 3 0x000000008000ff5a (0xfe043703) x14 0x0000000080012047 mem 0x0000000080031f50
core   0: 0x000000008000ff5e (0xfcf76de3) bltu    a4, a5, pc - 38
core   0: 3 0x000000008000ff5e (0xfcf76de3)
core   0: 0x000000008000ff38 (0xfe043783) ld      a5, -32(s0)
core   0: 3 0x000000008000ff38 (0xfe043783) x15 0x0000000080012047 mem 0x0000000080031f50
core   0: 0x000000008000ff3c (0x00178713) addi    a4, a5, 1
core   0: 3 0x000000008000ff3c (0x00178713) x14 0x0000000080012048
core   0: 0x000000008000ff40 (0xfee43023) sd      a4, -32(s0)
core   0: 3 0x000000008000ff40 (0xfee43023) mem 0x0000000080031f50 0x0000000080012048
core   0: 0x000000008000ff44 (0xfc442703) lw      a4, -60(s0)
core   0: 3 0x000000008000ff44 (0xfc442703) x14 0x0000000000000000 mem 0x0000000080031f34
core   0: 0x000000008000ff48 (0x0ff77713) andi    a4, a4, 255
core   0: 3 0x000000008000ff48 (0x0ff77713) x14 0x0000000000000000
core   0: 0x000000008000ff4c (0x00e78023) sb      a4, 0(a5)
core   0: 3 0x000000008000ff4c (0x00e78023) mem 0x0000000080012047 0x00
core   0: 0x000000008000ff50 (0xfc843703) ld      a4, -56(s0)
core   0: 3 0x000000008000ff50 (0xfc843703) x14 0x0000000080012040 mem 0x0000000080031f38
core   0: 0x000000008000ff54 (0xfb843783) ld      a5, -72(s0)
core   0: 3 0x000000008000ff54 (0xfb843783) x15 0x000000000000009c mem 0x0000000080031f28
core   0: 0x000000008000ff58 (0x000097ba) c.add   a5, a4
core   0: 3 0x000000008000ff58 (0x97ba) x15 0x00000000800120dc
core   0: 0x000000008000ff5a (0xfe043703) ld      a4, -32(s0)
core   0: 3 0x000000008000ff5a (0xfe043703) x14 0x0000000080012048 mem 0x0000000080031f50
core   0: 0x000000008000ff5e (0xfcf76de3) bltu    a4, a5, pc - 38
core   0: 3 0x000000008000ff5e (0xfcf76de3)
core   0: 0x000000008000ff38 (0xfe043783) ld      a5, -32(s0)
core   0: 3 0x000000008000ff38 (0xfe043783) x15 0x0000000080012048 mem 0x0000000080031f50
core   0: 0x000000008000ff3c (0x00178713) addi    a4, a5, 1
core   0: 3 0x000000008000ff3c (0x00178713) x14 0x0000000080012049
core   0: 0x000000008000ff40 (0xfee43023) sd      a4, -32(s0)
core   0: 3 0x000000008000ff40 (0xfee43023) mem 0x0000000080031f50 0x0000000080012049
core   0: 0x000000008000ff44 (0xfc442703) lw      a4, -60(s0)
core   0: 3 0x000000008000ff44 (0xfc442703) x14 0x0000000000000000 mem 0x0000000080031f34
core   0: 0x000000008000ff48 (0x0ff77713) andi    a4, a4, 255
core   0: 3 0x000000008000ff48 (0x0ff77713) x14 0x0000000000000000
core   0: 0x000000008000ff4c (0x00e78023) sb      a4, 0(a5)
core   0: 3 0x000000008000ff4c (0x00e78023) mem 0x0000000080012048 0x00
core   0: 0x000000008000ff50 (0xfc843703) ld      a4, -56(s0)
core   0: 3 0x000000008000ff50 (0xfc843703) x14 0x0000000080012040 mem 0x0000000080031f38
core   0: 0x000000008000ff54 (0xfb843783) ld      a5, -72(s0)
core   0: 3 0x000000008000ff54 (0xfb843783) x15 0x000000000000009c mem 0x0000000080031f28
core   0: 0x000000008000ff58 (0x000097ba) c.add   a5, a4
core   0: 3 0x000000008000ff58 (0x97ba) x15 0x00000000800120dc
core   0: 0x000000008000ff5a (0xfe043703) ld      a4, -32(s0)
core   0: 3 0x000000008000ff5a (0xfe043703) x14 0x0000000080012049 mem 0x0000000080031f50
core   0: 0x000000008000ff5e (0xfcf76de3) bltu    a4, a5, pc - 38
core   0: 3 0x000000008000ff5e (0xfcf76de3)
core   0: 0x000000008000ff38 (0xfe043783) ld      a5, -32(s0)
core   0: 3 0x000000008000ff38 (0xfe043783) x15 0x0000000080012049 mem 0x0000000080031f50
core   0: 0x000000008000ff3c (0x00178713) addi    a4, a5, 1
core   0: 3 0x000000008000ff3c (0x00178713) x14 0x000000008001204a
core   0: 0x000000008000ff40 (0xfee43023) sd      a4, -32(s0)
core   0: 3 0x000000008000ff40 (0xfee43023) mem 0x0000000080031f50 0x000000008001204a
core   0: 0x000000008000ff44 (0xfc442703) lw      a4, -60(s0)
core   0: 3 0x000000008000ff44 (0xfc442703) x14 0x0000000000000000 mem 0x0000000080031f34
core   0: 0x000000008000ff48 (0x0ff77713) andi    a4, a4, 255
core   0: 3 0x000000008000ff48 (0x0ff77713) x14 0x0000000000000000
core   0: 0x000000008000ff4c (0x00e78023) sb      a4, 0(a5)
core   0: 3 0x000000008000ff4c (0x00e78023) mem 0x0000000080012049 0x00
core   0: 0x000000008000ff50 (0xfc843703) ld      a4, -56(s0)
core   0: 3 0x000000008000ff50 (0xfc843703) x14 0x0000000080012040 mem 0x0000000080031f38
core   0: 0x000000008000ff54 (0xfb843783) ld      a5, -72(s0)
core   0: 3 0x000000008000ff54 (0xfb843783) x15 0x000000000000009c mem 0x0000000080031f28
core   0: 0x000000008000ff58 (0x000097ba) c.add   a5, a4
core   0: 3 0x000000008000ff58 (0x97ba) x15 0x00000000800120dc
core   0: 0x000000008000ff5a (0xfe043703) ld      a4, -32(s0)
core   0: 3 0x000000008000ff5a (0xfe043703) x14 0x000000008001204a mem 0x0000000080031f50
core   0: 0x000000008000ff5e (0xfcf76de3) bltu    a4, a5, pc - 38
core   0: 3 0x000000008000ff5e (0xfcf76de3)
core   0: 0x000000008000ff38 (0xfe043783) ld      a5, -32(s0)
core   0: 3 0x000000008000ff38 (0xfe043783) x15 0x000000008001204a mem 0x0000000080031f50
core   0: 0x000000008000ff3c (0x00178713) addi    a4, a5, 1
core   0: 3 0x000000008000ff3c (0x00178713) x14 0x000000008001204b
core   0: 0x000000008000ff40 (0xfee43023) sd      a4, -32(s0)
core   0: 3 0x000000008000ff40 (0xfee43023) mem 0x0000000080031f50 0x000000008001204b
core   0: 0x000000008000ff44 (0xfc442703) lw      a4, -60(s0)
core   0: 3 0x000000008000ff44 (0xfc442703) x14 0x0000000000000000 mem 0x0000000080031f34
core   0: 0x000000008000ff48 (0x0ff77713) andi    a4, a4, 255
core   0: 3 0x000000008000ff48 (0x0ff77713) x14 0x0000000000000000
core   0: 0x000000008000ff4c (0x00e78023) sb      a4, 0(a5)
core   0: 3 0x000000008000ff4c (0x00e78023) mem 0x000000008001204a 0x00
core   0: 0x000000008000ff50 (0xfc843703) ld      a4, -56(s0)
core   0: 3 0x000000008000ff50 (0xfc843703) x14 0x0000000080012040 mem 0x0000000080031f38
core   0: 0x000000008000ff54 (0xfb843783) ld      a5, -72(s0)
core   0: 3 0x000000008000ff54 (0xfb843783) x15 0x000000000000009c mem 0x0000000080031f28
core   0: 0x000000008000ff58 (0x000097ba) c.add   a5, a4
core   0: 3 0x000000008000ff58 (0x97ba) x15 0x00000000800120dc
core   0: 0x000000008000ff5a (0xfe043703) ld      a4, -32(s0)
core   0: 3 0x000000008000ff5a (0xfe043703) x14 0x000000008001204b mem 0x0000000080031f50
core   0: 0x000000008000ff5e (0xfcf76de3) bltu    a4, a5, pc - 38
core   0: 3 0x000000008000ff5e (0xfcf76de3)
core   0: 0x000000008000ff38 (0xfe043783) ld      a5, -32(s0)
core   0: 3 0x000000008000ff38 (0xfe043783) x15 0x000000008001204b mem 0x0000000080031f50
core   0: 0x000000008000ff3c (0x00178713) addi    a4, a5, 1
core   0: 3 0x000000008000ff3c (0x00178713) x14 0x000000008001204c
core   0: 0x000000008000ff40 (0xfee43023) sd      a4, -32(s0)
core   0: 3 0x000000008000ff40 (0xfee43023) mem 0x0000000080031f50 0x000000008001204c
core   0: 0x000000008000ff44 (0xfc442703) lw      a4, -60(s0)
core   0: 3 0x000000008000ff44 (0xfc442703) x14 0x0000000000000000 mem 0x0000000080031f34
core   0: 0x000000008000ff48 (0x0ff77713) andi    a4, a4, 255
core   0: 3 0x000000008000ff48 (0x0ff77713) x14 0x0000000000000000
core   0: 0x000000008000ff4c (0x00e78023) sb      a4, 0(a5)
core   0: 3 0x000000008000ff4c (0x00e78023) mem 0x000000008001204b 0x00
core   0: 0x000000008000ff50 (0xfc843703) ld      a4, -56(s0)
core   0: 3 0x000000008000ff50 (0xfc843703) x14 0x0000000080012040 mem 0x0000000080031f38
core   0: 0x000000008000ff54 (0xfb843783) ld      a5, -72(s0)
core   0: 3 0x000000008000ff54 (0xfb843783) x15 0x000000000000009c mem 0x0000000080031f28
core   0: 0x000000008000ff58 (0x000097ba) c.add   a5, a4
core   0: 3 0x000000008000ff58 (0x97ba) x15 0x00000000800120dc
core   0: 0x000000008000ff5a (0xfe043703) ld      a4, -32(s0)
core   0: 3 0x000000008000ff5a (0xfe043703) x14 0x000000008001204c mem 0x0000000080031f50
core   0: 0x000000008000ff5e (0xfcf76de3) bltu    a4, a5, pc - 38
core   0: 3 0x000000008000ff5e (0xfcf76de3)
core   0: 0x000000008000ff38 (0xfe043783) ld      a5, -32(s0)
core   0: 3 0x000000008000ff38 (0xfe043783) x15 0x000000008001204c mem 0x0000000080031f50
core   0: 0x000000008000ff3c (0x00178713) addi    a4, a5, 1
core   0: 3 0x000000008000ff3c (0x00178713) x14 0x000000008001204d
core   0: 0x000000008000ff40 (0xfee43023) sd      a4, -32(s0)
core   0: 3 0x000000008000ff40 (0xfee43023) mem 0x0000000080031f50 0x000000008001204d
core   0: 0x000000008000ff44 (0xfc442703) lw      a4, -60(s0)
core   0: 3 0x000000008000ff44 (0xfc442703) x14 0x0000000000000000 mem 0x0000000080031f34
core   0: 0x000000008000ff48 (0x0ff77713) andi    a4, a4, 255
core   0: 3 0x000000008000ff48 (0x0ff77713) x14 0x0000000000000000
core   0: 0x000000008000ff4c (0x00e78023) sb      a4, 0(a5)
core   0: 3 0x000000008000ff4c (0x00e78023) mem 0x000000008001204c 0x00
core   0: 0x000000008000ff50 (0xfc843703) ld      a4, -56(s0)
core   0: 3 0x000000008000ff50 (0xfc843703) x14 0x0000000080012040 mem 0x0000000080031f38
core   0: 0x000000008000ff54 (0xfb843783) ld      a5, -72(s0)
core   0: 3 0x000000008000ff54 (0xfb843783) x15 0x000000000000009c mem 0x0000000080031f28
core   0: 0x000000008000ff58 (0x000097ba) c.add   a5, a4
core   0: 3 0x000000008000ff58 (0x97ba) x15 0x00000000800120dc
core   0: 0x000000008000ff5a (0xfe043703) ld      a4, -32(s0)
core   0: 3 0x000000008000ff5a (0xfe043703) x14 0x000000008001204d mem 0x0000000080031f50
core   0: 0x000000008000ff5e (0xfcf76de3) bltu    a4, a5, pc - 38
core   0: 3 0x000000008000ff5e (0xfcf76de3)
core   0: 0x000000008000ff38 (0xfe043783) ld      a5, -32(s0)
core   0: 3 0x000000008000ff38 (0xfe043783) x15 0x000000008001204d mem 0x0000000080031f50
core   0: 0x000000008000ff3c (0x00178713) addi    a4, a5, 1
core   0: 3 0x000000008000ff3c (0x00178713) x14 0x000000008001204e
core   0: 0x000000008000ff40 (0xfee43023) sd      a4, -32(s0)
core   0: 3 0x000000008000ff40 (0xfee43023) mem 0x0000000080031f50 0x000000008001204e
core   0: 0x000000008000ff44 (0xfc442703) lw      a4, -60(s0)
core   0: 3 0x000000008000ff44 (0xfc442703) x14 0x0000000000000000 mem 0x0000000080031f34
core   0: 0x000000008000ff48 (0x0ff77713) andi    a4, a4, 255
core   0: 3 0x000000008000ff48 (0x0ff77713) x14 0x0000000000000000
core   0: 0x000000008000ff4c (0x00e78023) sb      a4, 0(a5)
core   0: 3 0x000000008000ff4c (0x00e78023) mem 0x000000008001204d 0x00
core   0: 0x000000008000ff50 (0xfc843703) ld      a4, -56(s0)
core   0: 3 0x000000008000ff50 (0xfc843703) x14 0x0000000080012040 mem 0x0000000080031f38
core   0: 0x000000008000ff54 (0xfb843783) ld      a5, -72(s0)
core   0: 3 0x000000008000ff54 (0xfb843783) x15 0x000000000000009c mem 0x0000000080031f28
core   0: 0x000000008000ff58 (0x000097ba) c.add   a5, a4
core   0: 3 0x000000008000ff58 (0x97ba) x15 0x00000000800120dc
core   0: 0x000000008000ff5a (0xfe043703) ld      a4, -32(s0)
core   0: 3 0x000000008000ff5a (0xfe043703) x14 0x000000008001204e mem 0x0000000080031f50
core   0: 0x000000008000ff5e (0xfcf76de3) bltu    a4, a5, pc - 38
core   0: 3 0x000000008000ff5e (0xfcf76de3)
core   0: 0x000000008000ff38 (0xfe043783) ld      a5, -32(s0)
core   0: 3 0x000000008000ff38 (0xfe043783) x15 0x000000008001204e mem 0x0000000080031f50
core   0: 0x000000008000ff3c (0x00178713) addi    a4, a5, 1
core   0: 3 0x000000008000ff3c (0x00178713) x14 0x000000008001204f
core   0: 0x000000008000ff40 (0xfee43023) sd      a4, -32(s0)
core   0: 3 0x000000008000ff40 (0xfee43023) mem 0x0000000080031f50 0x000000008001204f
core   0: 0x000000008000ff44 (0xfc442703) lw      a4, -60(s0)
core   0: 3 0x000000008000ff44 (0xfc442703) x14 0x0000000000000000 mem 0x0000000080031f34
core   0: 0x000000008000ff48 (0x0ff77713) andi    a4, a4, 255
core   0: 3 0x000000008000ff48 (0x0ff77713) x14 0x0000000000000000
core   0: 0x000000008000ff4c (0x00e78023) sb      a4, 0(a5)
core   0: 3 0x000000008000ff4c (0x00e78023) mem 0x000000008001204e 0x00
core   0: 0x000000008000ff50 (0xfc843703) ld      a4, -56(s0)
core   0: 3 0x000000008000ff50 (0xfc843703) x14 0x0000000080012040 mem 0x0000000080031f38
core   0: 0x000000008000ff54 (0xfb843783) ld      a5, -72(s0)
core   0: 3 0x000000008000ff54 (0xfb843783) x15 0x000000000000009c mem 0x0000000080031f28
core   0: 0x000000008000ff58 (0x000097ba) c.add   a5, a4
core   0: 3 0x000000008000ff58 (0x97ba) x15 0x00000000800120dc
core   0: 0x000000008000ff5a (0xfe043703) ld      a4, -32(s0)
core   0: 3 0x000000008000ff5a (0xfe043703) x14 0x000000008001204f mem 0x0000000080031f50
core   0: 0x000000008000ff5e (0xfcf76de3) bltu    a4, a5, pc - 38
core   0: 3 0x000000008000ff5e (0xfcf76de3)
core   0: 0x000000008000ff38 (0xfe043783) ld      a5, -32(s0)
core   0: 3 0x000000008000ff38 (0xfe043783) x15 0x000000008001204f mem 0x0000000080031f50
core   0: 0x000000008000ff3c (0x00178713) addi    a4, a5, 1
core   0: 3 0x000000008000ff3c (0x00178713) x14 0x0000000080012050
core   0: 0x000000008000ff40 (0xfee43023) sd      a4, -32(s0)
core   0: 3 0x000000008000ff40 (0xfee43023) mem 0x0000000080031f50 0x0000000080012050
core   0: 0x000000008000ff44 (0xfc442703) lw      a4, -60(s0)
core   0: 3 0x000000008000ff44 (0xfc442703) x14 0x0000000000000000 mem 0x0000000080031f34
core   0: 0x000000008000ff48 (0x0ff77713) andi    a4, a4, 255
core   0: 3 0x000000008000ff48 (0x0ff77713) x14 0x0000000000000000
core   0: 0x000000008000ff4c (0x00e78023) sb      a4, 0(a5)
core   0: 3 0x000000008000ff4c (0x00e78023) mem 0x000000008001204f 0x00
core   0: 0x000000008000ff50 (0xfc843703) ld      a4, -56(s0)
core   0: 3 0x000000008000ff50 (0xfc843703) x14 0x0000000080012040 mem 0x0000000080031f38
core   0: 0x000000008000ff54 (0xfb843783) ld      a5, -72(s0)
core   0: 3 0x000000008000ff54 (0xfb843783) x15 0x000000000000009c mem 0x0000000080031f28
core   0: 0x000000008000ff58 (0x000097ba) c.add   a5, a4
core   0: 3 0x000000008000ff58 (0x97ba) x15 0x00000000800120dc
core   0: 0x000000008000ff5a (0xfe043703) ld      a4, -32(s0)
core   0: 3 0x000000008000ff5a (0xfe043703) x14 0x0000000080012050 mem 0x0000000080031f50
core   0: 0x000000008000ff5e (0xfcf76de3) bltu    a4, a5, pc - 38
core   0: 3 0x000000008000ff5e (0xfcf76de3)
core   0: 0x000000008000ff38 (0xfe043783) ld      a5, -32(s0)
core   0: 3 0x000000008000ff38 (0xfe043783) x15 0x0000000080012050 mem 0x0000000080031f50
core   0: 0x000000008000ff3c (0x00178713) addi    a4, a5, 1
core   0: 3 0x000000008000ff3c (0x00178713) x14 0x0000000080012051
core   0: 0x000000008000ff40 (0xfee43023) sd      a4, -32(s0)
core   0: 3 0x000000008000ff40 (0xfee43023) mem 0x0000000080031f50 0x0000000080012051
core   0: 0x000000008000ff44 (0xfc442703) lw      a4, -60(s0)
core   0: 3 0x000000008000ff44 (0xfc442703) x14 0x0000000000000000 mem 0x0000000080031f34
core   0: 0x000000008000ff48 (0x0ff77713) andi    a4, a4, 255
core   0: 3 0x000000008000ff48 (0x0ff77713) x14 0x0000000000000000
core   0: 0x000000008000ff4c (0x00e78023) sb      a4, 0(a5)
core   0: 3 0x000000008000ff4c (0x00e78023) mem 0x0000000080012050 0x00
core   0: 0x000000008000ff50 (0xfc843703) ld      a4, -56(s0)
core   0: 3 0x000000008000ff50 (0xfc843703) x14 0x0000000080012040 mem 0x0000000080031f38
core   0: 0x000000008000ff54 (0xfb843783) ld      a5, -72(s0)
core   0: 3 0x000000008000ff54 (0xfb843783) x15 0x000000000000009c mem 0x0000000080031f28
core   0: 0x000000008000ff58 (0x000097ba) c.add   a5, a4
core   0: 3 0x000000008000ff58 (0x97ba) x15 0x00000000800120dc
core   0: 0x000000008000ff5a (0xfe043703) ld      a4, -32(s0)
core   0: 3 0x000000008000ff5a (0xfe043703) x14 0x0000000080012051 mem 0x0000000080031f50
core   0: 0x000000008000ff5e (0xfcf76de3) bltu    a4, a5, pc - 38
core   0: 3 0x000000008000ff5e (0xfcf76de3)
core   0: 0x000000008000ff38 (0xfe043783) ld      a5, -32(s0)
core   0: 3 0x000000008000ff38 (0xfe043783) x15 0x0000000080012051 mem 0x0000000080031f50
core   0: 0x000000008000ff3c (0x00178713) addi    a4, a5, 1
core   0: 3 0x000000008000ff3c (0x00178713) x14 0x0000000080012052
core   0: 0x000000008000ff40 (0xfee43023) sd      a4, -32(s0)
core   0: 3 0x000000008000ff40 (0xfee43023) mem 0x0000000080031f50 0x0000000080012052
core   0: 0x000000008000ff44 (0xfc442703) lw      a4, -60(s0)
core   0: 3 0x000000008000ff44 (0xfc442703) x14 0x0000000000000000 mem 0x0000000080031f34
core   0: 0x000000008000ff48 (0x0ff77713) andi    a4, a4, 255
core   0: 3 0x000000008000ff48 (0x0ff77713) x14 0x0000000000000000
core   0: 0x000000008000ff4c (0x00e78023) sb      a4, 0(a5)
core   0: 3 0x000000008000ff4c (0x00e78023) mem 0x0000000080012051 0x00
core   0: 0x000000008000ff50 (0xfc843703) ld      a4, -56(s0)
core   0: 3 0x000000008000ff50 (0xfc843703) x14 0x0000000080012040 mem 0x0000000080031f38
core   0: 0x000000008000ff54 (0xfb843783) ld      a5, -72(s0)
core   0: 3 0x000000008000ff54 (0xfb843783) x15 0x000000000000009c mem 0x0000000080031f28
core   0: 0x000000008000ff58 (0x000097ba) c.add   a5, a4
core   0: 3 0x000000008000ff58 (0x97ba) x15 0x00000000800120dc
core   0: 0x000000008000ff5a (0xfe043703) ld      a4, -32(s0)
core   0: 3 0x000000008000ff5a (0xfe043703) x14 0x0000000080012052 mem 0x0000000080031f50
core   0: 0x000000008000ff5e (0xfcf76de3) bltu    a4, a5, pc - 38
core   0: 3 0x000000008000ff5e (0xfcf76de3)
core   0: 0x000000008000ff38 (0xfe043783) ld      a5, -32(s0)
core   0: 3 0x000000008000ff38 (0xfe043783) x15 0x0000000080012052 mem 0x0000000080031f50
core   0: 0x000000008000ff3c (0x00178713) addi    a4, a5, 1
core   0: 3 0x000000008000ff3c (0x00178713) x14 0x0000000080012053
core   0: 0x000000008000ff40 (0xfee43023) sd      a4, -32(s0)
core   0: 3 0x000000008000ff40 (0xfee43023) mem 0x0000000080031f50 0x0000000080012053
core   0: 0x000000008000ff44 (0xfc442703) lw      a4, -60(s0)
core   0: 3 0x000000008000ff44 (0xfc442703) x14 0x0000000000000000 mem 0x0000000080031f34
core   0: 0x000000008000ff48 (0x0ff77713) andi    a4, a4, 255
core   0: 3 0x000000008000ff48 (0x0ff77713) x14 0x0000000000000000
core   0: 0x000000008000ff4c (0x00e78023) sb      a4, 0(a5)
core   0: 3 0x000000008000ff4c (0x00e78023) mem 0x0000000080012052 0x00
core   0: 0x000000008000ff50 (0xfc843703) ld      a4, -56(s0)
core   0: 3 0x000000008000ff50 (0xfc843703) x14 0x0000000080012040 mem 0x0000000080031f38
core   0: 0x000000008000ff54 (0xfb843783) ld      a5, -72(s0)
core   0: 3 0x000000008000ff54 (0xfb843783) x15 0x000000000000009c mem 0x0000000080031f28
core   0: 0x000000008000ff58 (0x000097ba) c.add   a5, a4
core   0: 3 0x000000008000ff58 (0x97ba) x15 0x00000000800120dc
core   0: 0x000000008000ff5a (0xfe043703) ld      a4, -32(s0)
core   0: 3 0x000000008000ff5a (0xfe043703) x14 0x0000000080012053 mem 0x0000000080031f50
core   0: 0x000000008000ff5e (0xfcf76de3) bltu    a4, a5, pc - 38
core   0: 3 0x000000008000ff5e (0xfcf76de3)
core   0: 0x000000008000ff38 (0xfe043783) ld      a5, -32(s0)
core   0: 3 0x000000008000ff38 (0xfe043783) x15 0x0000000080012053 mem 0x0000000080031f50
core   0: 0x000000008000ff3c (0x00178713) addi    a4, a5, 1
core   0: 3 0x000000008000ff3c (0x00178713) x14 0x0000000080012054
core   0: 0x000000008000ff40 (0xfee43023) sd      a4, -32(s0)
core   0: 3 0x000000008000ff40 (0xfee43023) mem 0x0000000080031f50 0x0000000080012054
core   0: 0x000000008000ff44 (0xfc442703) lw      a4, -60(s0)
core   0: 3 0x000000008000ff44 (0xfc442703) x14 0x0000000000000000 mem 0x0000000080031f34
core   0: 0x000000008000ff48 (0x0ff77713) andi    a4, a4, 255
core   0: 3 0x000000008000ff48 (0x0ff77713) x14 0x0000000000000000
core   0: 0x000000008000ff4c (0x00e78023) sb      a4, 0(a5)
core   0: 3 0x000000008000ff4c (0x00e78023) mem 0x0000000080012053 0x00
core   0: 0x000000008000ff50 (0xfc843703) ld      a4, -56(s0)
core   0: 3 0x000000008000ff50 (0xfc843703) x14 0x0000000080012040 mem 0x0000000080031f38
core   0: 0x000000008000ff54 (0xfb843783) ld      a5, -72(s0)
core   0: 3 0x000000008000ff54 (0xfb843783) x15 0x000000000000009c mem 0x0000000080031f28
core   0: 0x000000008000ff58 (0x000097ba) c.add   a5, a4
core   0: 3 0x000000008000ff58 (0x97ba) x15 0x00000000800120dc
core   0: 0x000000008000ff5a (0xfe043703) ld      a4, -32(s0)
core   0: 3 0x000000008000ff5a (0xfe043703) x14 0x0000000080012054 mem 0x0000000080031f50
core   0: 0x000000008000ff5e (0xfcf76de3) bltu    a4, a5, pc - 38
core   0: 3 0x000000008000ff5e (0xfcf76de3)
core   0: 0x000000008000ff38 (0xfe043783) ld      a5, -32(s0)
core   0: 3 0x000000008000ff38 (0xfe043783) x15 0x0000000080012054 mem 0x0000000080031f50
core   0: 0x000000008000ff3c (0x00178713) addi    a4, a5, 1
core   0: 3 0x000000008000ff3c (0x00178713) x14 0x0000000080012055
core   0: 0x000000008000ff40 (0xfee43023) sd      a4, -32(s0)
core   0: 3 0x000000008000ff40 (0xfee43023) mem 0x0000000080031f50 0x0000000080012055
core   0: 0x000000008000ff44 (0xfc442703) lw      a4, -60(s0)
core   0: 3 0x000000008000ff44 (0xfc442703) x14 0x0000000000000000 mem 0x0000000080031f34
core   0: 0x000000008000ff48 (0x0ff77713) andi    a4, a4, 255
core   0: 3 0x000000008000ff48 (0x0ff77713) x14 0x0000000000000000
core   0: 0x000000008000ff4c (0x00e78023) sb      a4, 0(a5)
core   0: 3 0x000000008000ff4c (0x00e78023) mem 0x0000000080012054 0x00
core   0: 0x000000008000ff50 (0xfc843703) ld      a4, -56(s0)
core   0: 3 0x000000008000ff50 (0xfc843703) x14 0x0000000080012040 mem 0x0000000080031f38
core   0: 0x000000008000ff54 (0xfb843783) ld      a5, -72(s0)
core   0: 3 0x000000008000ff54 (0xfb843783) x15 0x000000000000009c mem 0x0000000080031f28
core   0: 0x000000008000ff58 (0x000097ba) c.add   a5, a4
core   0: 3 0x000000008000ff58 (0x97ba) x15 0x00000000800120dc
core   0: 0x000000008000ff5a (0xfe043703) ld      a4, -32(s0)
core   0: 3 0x000000008000ff5a (0xfe043703) x14 0x0000000080012055 mem 0x0000000080031f50
core   0: 0x000000008000ff5e (0xfcf76de3) bltu    a4, a5, pc - 38
core   0: 3 0x000000008000ff5e (0xfcf76de3)
core   0: 0x000000008000ff38 (0xfe043783) ld      a5, -32(s0)
core   0: 3 0x000000008000ff38 (0xfe043783) x15 0x0000000080012055 mem 0x0000000080031f50
core   0: 0x000000008000ff3c (0x00178713) addi    a4, a5, 1
core   0: 3 0x000000008000ff3c (0x00178713) x14 0x0000000080012056
core   0: 0x000000008000ff40 (0xfee43023) sd      a4, -32(s0)
core   0: 3 0x000000008000ff40 (0xfee43023) mem 0x0000000080031f50 0x0000000080012056
core   0: 0x000000008000ff44 (0xfc442703) lw      a4, -60(s0)
core   0: 3 0x000000008000ff44 (0xfc442703) x14 0x0000000000000000 mem 0x0000000080031f34
core   0: 0x000000008000ff48 (0x0ff77713) andi    a4, a4, 255
core   0: 3 0x000000008000ff48 (0x0ff77713) x14 0x0000000000000000
core   0: 0x000000008000ff4c (0x00e78023) sb      a4, 0(a5)
core   0: 3 0x000000008000ff4c (0x00e78023) mem 0x0000000080012055 0x00
core   0: 0x000000008000ff50 (0xfc843703) ld      a4, -56(s0)
core   0: 3 0x000000008000ff50 (0xfc843703) x14 0x0000000080012040 mem 0x0000000080031f38
core   0: 0x000000008000ff54 (0xfb843783) ld      a5, -72(s0)
core   0: 3 0x000000008000ff54 (0xfb843783) x15 0x000000000000009c mem 0x0000000080031f28
core   0: 0x000000008000ff58 (0x000097ba) c.add   a5, a4
core   0: 3 0x000000008000ff58 (0x97ba) x15 0x00000000800120dc
core   0: 0x000000008000ff5a (0xfe043703) ld      a4, -32(s0)
core   0: 3 0x000000008000ff5a (0xfe043703) x14 0x0000000080012056 mem 0x0000000080031f50
core   0: 0x000000008000ff5e (0xfcf76de3) bltu    a4, a5, pc - 38
core   0: 3 0x000000008000ff5e (0xfcf76de3)
core   0: 0x000000008000ff38 (0xfe043783) ld      a5, -32(s0)
core   0: 3 0x000000008000ff38 (0xfe043783) x15 0x0000000080012056 mem 0x0000000080031f50
core   0: 0x000000008000ff3c (0x00178713) addi    a4, a5, 1
core   0: 3 0x000000008000ff3c (0x00178713) x14 0x0000000080012057
core   0: 0x000000008000ff40 (0xfee43023) sd      a4, -32(s0)
core   0: 3 0x000000008000ff40 (0xfee43023) mem 0x0000000080031f50 0x0000000080012057
core   0: 0x000000008000ff44 (0xfc442703) lw      a4, -60(s0)
core   0: 3 0x000000008000ff44 (0xfc442703) x14 0x0000000000000000 mem 0x0000000080031f34
core   0: 0x000000008000ff48 (0x0ff77713) andi    a4, a4, 255
core   0: 3 0x000000008000ff48 (0x0ff77713) x14 0x0000000000000000
core   0: 0x000000008000ff4c (0x00e78023) sb      a4, 0(a5)
core   0: 3 0x000000008000ff4c (0x00e78023) mem 0x0000000080012056 0x00
core   0: 0x000000008000ff50 (0xfc843703) ld      a4, -56(s0)
core   0: 3 0x000000008000ff50 (0xfc843703) x14 0x0000000080012040 mem 0x0000000080031f38
core   0: 0x000000008000ff54 (0xfb843783) ld      a5, -72(s0)
core   0: 3 0x000000008000ff54 (0xfb843783) x15 0x000000000000009c mem 0x0000000080031f28
core   0: 0x000000008000ff58 (0x000097ba) c.add   a5, a4
core   0: 3 0x000000008000ff58 (0x97ba) x15 0x00000000800120dc
core   0: 0x000000008000ff5a (0xfe043703) ld      a4, -32(s0)
core   0: 3 0x000000008000ff5a (0xfe043703) x14 0x0000000080012057 mem 0x0000000080031f50
core   0: 0x000000008000ff5e (0xfcf76de3) bltu    a4, a5, pc - 38
core   0: 3 0x000000008000ff5e (0xfcf76de3)
core   0: 0x000000008000ff38 (0xfe043783) ld      a5, -32(s0)
core   0: 3 0x000000008000ff38 (0xfe043783) x15 0x0000000080012057 mem 0x0000000080031f50
core   0: 0x000000008000ff3c (0x00178713) addi    a4, a5, 1
core   0: 3 0x000000008000ff3c (0x00178713) x14 0x0000000080012058
core   0: 0x000000008000ff40 (0xfee43023) sd      a4, -32(s0)
core   0: 3 0x000000008000ff40 (0xfee43023) mem 0x0000000080031f50 0x0000000080012058
core   0: 0x000000008000ff44 (0xfc442703) lw      a4, -60(s0)
core   0: 3 0x000000008000ff44 (0xfc442703) x14 0x0000000000000000 mem 0x0000000080031f34
core   0: 0x000000008000ff48 (0x0ff77713) andi    a4, a4, 255
core   0: 3 0x000000008000ff48 (0x0ff77713) x14 0x0000000000000000
core   0: 0x000000008000ff4c (0x00e78023) sb      a4, 0(a5)
core   0: 3 0x000000008000ff4c (0x00e78023) mem 0x0000000080012057 0x00
core   0: 0x000000008000ff50 (0xfc843703) ld      a4, -56(s0)
core   0: 3 0x000000008000ff50 (0xfc843703) x14 0x0000000080012040 mem 0x0000000080031f38
core   0: 0x000000008000ff54 (0xfb843783) ld      a5, -72(s0)
core   0: 3 0x000000008000ff54 (0xfb843783) x15 0x000000000000009c mem 0x0000000080031f28
core   0: 0x000000008000ff58 (0x000097ba) c.add   a5, a4
core   0: 3 0x000000008000ff58 (0x97ba) x15 0x00000000800120dc
core   0: 0x000000008000ff5a (0xfe043703) ld      a4, -32(s0)
core   0: 3 0x000000008000ff5a (0xfe043703) x14 0x0000000080012058 mem 0x0000000080031f50
core   0: 0x000000008000ff5e (0xfcf76de3) bltu    a4, a5, pc - 38
core   0: 3 0x000000008000ff5e (0xfcf76de3)
core   0: 0x000000008000ff38 (0xfe043783) ld      a5, -32(s0)
core   0: 3 0x000000008000ff38 (0xfe043783) x15 0x0000000080012058 mem 0x0000000080031f50
core   0: 0x000000008000ff3c (0x00178713) addi    a4, a5, 1
core   0: 3 0x000000008000ff3c (0x00178713) x14 0x0000000080012059
core   0: 0x000000008000ff40 (0xfee43023) sd      a4, -32(s0)
core   0: 3 0x000000008000ff40 (0xfee43023) mem 0x0000000080031f50 0x0000000080012059
core   0: 0x000000008000ff44 (0xfc442703) lw      a4, -60(s0)
core   0: 3 0x000000008000ff44 (0xfc442703) x14 0x0000000000000000 mem 0x0000000080031f34
core   0: 0x000000008000ff48 (0x0ff77713) andi    a4, a4, 255
core   0: 3 0x000000008000ff48 (0x0ff77713) x14 0x0000000000000000
core   0: 0x000000008000ff4c (0x00e78023) sb      a4, 0(a5)
core   0: 3 0x000000008000ff4c (0x00e78023) mem 0x0000000080012058 0x00
core   0: 0x000000008000ff50 (0xfc843703) ld      a4, -56(s0)
core   0: 3 0x000000008000ff50 (0xfc843703) x14 0x0000000080012040 mem 0x0000000080031f38
core   0: 0x000000008000ff54 (0xfb843783) ld      a5, -72(s0)
core   0: 3 0x000000008000ff54 (0xfb843783) x15 0x000000000000009c mem 0x0000000080031f28
core   0: 0x000000008000ff58 (0x000097ba) c.add   a5, a4
core   0: 3 0x000000008000ff58 (0x97ba) x15 0x00000000800120dc
core   0: 0x000000008000ff5a (0xfe043703) ld      a4, -32(s0)
core   0: 3 0x000000008000ff5a (0xfe043703) x14 0x0000000080012059 mem 0x0000000080031f50
core   0: 0x000000008000ff5e (0xfcf76de3) bltu    a4, a5, pc - 38
core   0: 3 0x000000008000ff5e (0xfcf76de3)
core   0: 0x000000008000ff38 (0xfe043783) ld      a5, -32(s0)
core   0: 3 0x000000008000ff38 (0xfe043783) x15 0x0000000080012059 mem 0x0000000080031f50
core   0: 0x000000008000ff3c (0x00178713) addi    a4, a5, 1
core   0: 3 0x000000008000ff3c (0x00178713) x14 0x000000008001205a
core   0: 0x000000008000ff40 (0xfee43023) sd      a4, -32(s0)
core   0: 3 0x000000008000ff40 (0xfee43023) mem 0x0000000080031f50 0x000000008001205a
core   0: 0x000000008000ff44 (0xfc442703) lw      a4, -60(s0)
core   0: 3 0x000000008000ff44 (0xfc442703) x14 0x0000000000000000 mem 0x0000000080031f34
core   0: 0x000000008000ff48 (0x0ff77713) andi    a4, a4, 255
core   0: 3 0x000000008000ff48 (0x0ff77713) x14 0x0000000000000000
core   0: 0x000000008000ff4c (0x00e78023) sb      a4, 0(a5)
core   0: 3 0x000000008000ff4c (0x00e78023) mem 0x0000000080012059 0x00
core   0: 0x000000008000ff50 (0xfc843703) ld      a4, -56(s0)
core   0: 3 0x000000008000ff50 (0xfc843703) x14 0x0000000080012040 mem 0x0000000080031f38
core   0: 0x000000008000ff54 (0xfb843783) ld      a5, -72(s0)
core   0: 3 0x000000008000ff54 (0xfb843783) x15 0x000000000000009c mem 0x0000000080031f28
core   0: 0x000000008000ff58 (0x000097ba) c.add   a5, a4
core   0: 3 0x000000008000ff58 (0x97ba) x15 0x00000000800120dc
core   0: 0x000000008000ff5a (0xfe043703) ld      a4, -32(s0)
core   0: 3 0x000000008000ff5a (0xfe043703) x14 0x000000008001205a mem 0x0000000080031f50
core   0: 0x000000008000ff5e (0xfcf76de3) bltu    a4, a5, pc - 38
core   0: 3 0x000000008000ff5e (0xfcf76de3)
core   0: 0x000000008000ff38 (0xfe043783) ld      a5, -32(s0)
core   0: 3 0x000000008000ff38 (0xfe043783) x15 0x000000008001205a mem 0x0000000080031f50
core   0: 0x000000008000ff3c (0x00178713) addi    a4, a5, 1
core   0: 3 0x000000008000ff3c (0x00178713) x14 0x000000008001205b
core   0: 0x000000008000ff40 (0xfee43023) sd      a4, -32(s0)
core   0: 3 0x000000008000ff40 (0xfee43023) mem 0x0000000080031f50 0x000000008001205b
core   0: 0x000000008000ff44 (0xfc442703) lw      a4, -60(s0)
core   0: 3 0x000000008000ff44 (0xfc442703) x14 0x0000000000000000 mem 0x0000000080031f34
core   0: 0x000000008000ff48 (0x0ff77713) andi    a4, a4, 255
core   0: 3 0x000000008000ff48 (0x0ff77713) x14 0x0000000000000000
core   0: 0x000000008000ff4c (0x00e78023) sb      a4, 0(a5)
core   0: 3 0x000000008000ff4c (0x00e78023) mem 0x000000008001205a 0x00
core   0: 0x000000008000ff50 (0xfc843703) ld      a4, -56(s0)
core   0: 3 0x000000008000ff50 (0xfc843703) x14 0x0000000080012040 mem 0x0000000080031f38
core   0: 0x000000008000ff54 (0xfb843783) ld      a5, -72(s0)
core   0: 3 0x000000008000ff54 (0xfb843783) x15 0x000000000000009c mem 0x0000000080031f28
core   0: 0x000000008000ff58 (0x000097ba) c.add   a5, a4
core   0: 3 0x000000008000ff58 (0x97ba) x15 0x00000000800120dc
core   0: 0x000000008000ff5a (0xfe043703) ld      a4, -32(s0)
core   0: 3 0x000000008000ff5a (0xfe043703) x14 0x000000008001205b mem 0x0000000080031f50
core   0: 0x000000008000ff5e (0xfcf76de3) bltu    a4, a5, pc - 38
core   0: 3 0x000000008000ff5e (0xfcf76de3)
core   0: 0x000000008000ff38 (0xfe043783) ld      a5, -32(s0)
core   0: 3 0x000000008000ff38 (0xfe043783) x15 0x000000008001205b mem 0x0000000080031f50
core   0: 0x000000008000ff3c (0x00178713) addi    a4, a5, 1
core   0: 3 0x000000008000ff3c (0x00178713) x14 0x000000008001205c
core   0: 0x000000008000ff40 (0xfee43023) sd      a4, -32(s0)
core   0: 3 0x000000008000ff40 (0xfee43023) mem 0x0000000080031f50 0x000000008001205c
core   0: 0x000000008000ff44 (0xfc442703) lw      a4, -60(s0)
core   0: 3 0x000000008000ff44 (0xfc442703) x14 0x0000000000000000 mem 0x0000000080031f34
core   0: 0x000000008000ff48 (0x0ff77713) andi    a4, a4, 255
core   0: 3 0x000000008000ff48 (0x0ff77713) x14 0x0000000000000000
core   0: 0x000000008000ff4c (0x00e78023) sb      a4, 0(a5)
core   0: 3 0x000000008000ff4c (0x00e78023) mem 0x000000008001205b 0x00
core   0: 0x000000008000ff50 (0xfc843703) ld      a4, -56(s0)
core   0: 3 0x000000008000ff50 (0xfc843703) x14 0x0000000080012040 mem 0x0000000080031f38
core   0: 0x000000008000ff54 (0xfb843783) ld      a5, -72(s0)
core   0: 3 0x000000008000ff54 (0xfb843783) x15 0x000000000000009c mem 0x0000000080031f28
core   0: 0x000000008000ff58 (0x000097ba) c.add   a5, a4
core   0: 3 0x000000008000ff58 (0x97ba) x15 0x00000000800120dc
core   0: 0x000000008000ff5a (0xfe043703) ld      a4, -32(s0)
core   0: 3 0x000000008000ff5a (0xfe043703) x14 0x000000008001205c mem 0x0000000080031f50
core   0: 0x000000008000ff5e (0xfcf76de3) bltu    a4, a5, pc - 38
core   0: 3 0x000000008000ff5e (0xfcf76de3)
core   0: 0x000000008000ff38 (0xfe043783) ld      a5, -32(s0)
core   0: 3 0x000000008000ff38 (0xfe043783) x15 0x000000008001205c mem 0x0000000080031f50
core   0: 0x000000008000ff3c (0x00178713) addi    a4, a5, 1
core   0: 3 0x000000008000ff3c (0x00178713) x14 0x000000008001205d
core   0: 0x000000008000ff40 (0xfee43023) sd      a4, -32(s0)
core   0: 3 0x000000008000ff40 (0xfee43023) mem 0x0000000080031f50 0x000000008001205d
core   0: 0x000000008000ff44 (0xfc442703) lw      a4, -60(s0)
core   0: 3 0x000000008000ff44 (0xfc442703) x14 0x0000000000000000 mem 0x0000000080031f34
core   0: 0x000000008000ff48 (0x0ff77713) andi    a4, a4, 255
core   0: 3 0x000000008000ff48 (0x0ff77713) x14 0x0000000000000000
core   0: 0x000000008000ff4c (0x00e78023) sb      a4, 0(a5)
core   0: 3 0x000000008000ff4c (0x00e78023) mem 0x000000008001205c 0x00
core   0: 0x000000008000ff50 (0xfc843703) ld      a4, -56(s0)
core   0: 3 0x000000008000ff50 (0xfc843703) x14 0x0000000080012040 mem 0x0000000080031f38
core   0: 0x000000008000ff54 (0xfb843783) ld      a5, -72(s0)
core   0: 3 0x000000008000ff54 (0xfb843783) x15 0x000000000000009c mem 0x0000000080031f28
core   0: 0x000000008000ff58 (0x000097ba) c.add   a5, a4
core   0: 3 0x000000008000ff58 (0x97ba) x15 0x00000000800120dc
core   0: 0x000000008000ff5a (0xfe043703) ld      a4, -32(s0)
core   0: 3 0x000000008000ff5a (0xfe043703) x14 0x000000008001205d mem 0x0000000080031f50
core   0: 0x000000008000ff5e (0xfcf76de3) bltu    a4, a5, pc - 38
core   0: 3 0x000000008000ff5e (0xfcf76de3)
core   0: 0x000000008000ff38 (0xfe043783) ld      a5, -32(s0)
core   0: 3 0x000000008000ff38 (0xfe043783) x15 0x000000008001205d mem 0x0000000080031f50
core   0: 0x000000008000ff3c (0x00178713) addi    a4, a5, 1
core   0: 3 0x000000008000ff3c (0x00178713) x14 0x000000008001205e
core   0: 0x000000008000ff40 (0xfee43023) sd      a4, -32(s0)
core   0: 3 0x000000008000ff40 (0xfee43023) mem 0x0000000080031f50 0x000000008001205e
core   0: 0x000000008000ff44 (0xfc442703) lw      a4, -60(s0)
core   0: 3 0x000000008000ff44 (0xfc442703) x14 0x0000000000000000 mem 0x0000000080031f34
core   0: 0x000000008000ff48 (0x0ff77713) andi    a4, a4, 255
core   0: 3 0x000000008000ff48 (0x0ff77713) x14 0x0000000000000000
core   0: 0x000000008000ff4c (0x00e78023) sb      a4, 0(a5)
core   0: 3 0x000000008000ff4c (0x00e78023) mem 0x000000008001205d 0x00
core   0: 0x000000008000ff50 (0xfc843703) ld      a4, -56(s0)
core   0: 3 0x000000008000ff50 (0xfc843703) x14 0x0000000080012040 mem 0x0000000080031f38
core   0: 0x000000008000ff54 (0xfb843783) ld      a5, -72(s0)
core   0: 3 0x000000008000ff54 (0xfb843783) x15 0x000000000000009c mem 0x0000000080031f28
core   0: 0x000000008000ff58 (0x000097ba) c.add   a5, a4
core   0: 3 0x000000008000ff58 (0x97ba) x15 0x00000000800120dc
core   0: 0x000000008000ff5a (0xfe043703) ld      a4, -32(s0)
core   0: 3 0x000000008000ff5a (0xfe043703) x14 0x000000008001205e mem 0x0000000080031f50
core   0: 0x000000008000ff5e (0xfcf76de3) bltu    a4, a5, pc - 38
core   0: 3 0x000000008000ff5e (0xfcf76de3)
core   0: 0x000000008000ff38 (0xfe043783) ld      a5, -32(s0)
core   0: 3 0x000000008000ff38 (0xfe043783) x15 0x000000008001205e mem 0x0000000080031f50
core   0: 0x000000008000ff3c (0x00178713) addi    a4, a5, 1
core   0: 3 0x000000008000ff3c (0x00178713) x14 0x000000008001205f
core   0: 0x000000008000ff40 (0xfee43023) sd      a4, -32(s0)
core   0: 3 0x000000008000ff40 (0xfee43023) mem 0x0000000080031f50 0x000000008001205f
core   0: 0x000000008000ff44 (0xfc442703) lw      a4, -60(s0)
core   0: 3 0x000000008000ff44 (0xfc442703) x14 0x0000000000000000 mem 0x0000000080031f34
core   0: 0x000000008000ff48 (0x0ff77713) andi    a4, a4, 255
core   0: 3 0x000000008000ff48 (0x0ff77713) x14 0x0000000000000000
core   0: 0x000000008000ff4c (0x00e78023) sb      a4, 0(a5)
core   0: 3 0x000000008000ff4c (0x00e78023) mem 0x000000008001205e 0x00
core   0: 0x000000008000ff50 (0xfc843703) ld      a4, -56(s0)
core   0: 3 0x000000008000ff50 (0xfc843703) x14 0x0000000080012040 mem 0x0000000080031f38
core   0: 0x000000008000ff54 (0xfb843783) ld      a5, -72(s0)
core   0: 3 0x000000008000ff54 (0xfb843783) x15 0x000000000000009c mem 0x0000000080031f28
core   0: 0x000000008000ff58 (0x000097ba) c.add   a5, a4
core   0: 3 0x000000008000ff58 (0x97ba) x15 0x00000000800120dc
core   0: 0x000000008000ff5a (0xfe043703) ld      a4, -32(s0)
core   0: 3 0x000000008000ff5a (0xfe043703) x14 0x000000008001205f mem 0x0000000080031f50
core   0: 0x000000008000ff5e (0xfcf76de3) bltu    a4, a5, pc - 38
core   0: 3 0x000000008000ff5e (0xfcf76de3)
core   0: 0x000000008000ff38 (0xfe043783) ld      a5, -32(s0)
core   0: 3 0x000000008000ff38 (0xfe043783) x15 0x000000008001205f mem 0x0000000080031f50
core   0: 0x000000008000ff3c (0x00178713) addi    a4, a5, 1
core   0: 3 0x000000008000ff3c (0x00178713) x14 0x0000000080012060
core   0: 0x000000008000ff40 (0xfee43023) sd      a4, -32(s0)
core   0: 3 0x000000008000ff40 (0xfee43023) mem 0x0000000080031f50 0x0000000080012060
core   0: 0x000000008000ff44 (0xfc442703) lw      a4, -60(s0)
core   0: 3 0x000000008000ff44 (0xfc442703) x14 0x0000000000000000 mem 0x0000000080031f34
core   0: 0x000000008000ff48 (0x0ff77713) andi    a4, a4, 255
core   0: 3 0x000000008000ff48 (0x0ff77713) x14 0x0000000000000000
core   0: 0x000000008000ff4c (0x00e78023) sb      a4, 0(a5)
core   0: 3 0x000000008000ff4c (0x00e78023) mem 0x000000008001205f 0x00
core   0: 0x000000008000ff50 (0xfc843703) ld      a4, -56(s0)
core   0: 3 0x000000008000ff50 (0xfc843703) x14 0x0000000080012040 mem 0x0000000080031f38
core   0: 0x000000008000ff54 (0xfb843783) ld      a5, -72(s0)
core   0: 3 0x000000008000ff54 (0xfb843783) x15 0x000000000000009c mem 0x0000000080031f28
core   0: 0x000000008000ff58 (0x000097ba) c.add   a5, a4
core   0: 3 0x000000008000ff58 (0x97ba) x15 0x00000000800120dc
core   0: 0x000000008000ff5a (0xfe043703) ld      a4, -32(s0)
core   0: 3 0x000000008000ff5a (0xfe043703) x14 0x0000000080012060 mem 0x0000000080031f50
core   0: 0x000000008000ff5e (0xfcf76de3) bltu    a4, a5, pc - 38
core   0: 3 0x000000008000ff5e (0xfcf76de3)
core   0: 0x000000008000ff38 (0xfe043783) ld      a5, -32(s0)
core   0: 3 0x000000008000ff38 (0xfe043783) x15 0x0000000080012060 mem 0x0000000080031f50
core   0: 0x000000008000ff3c (0x00178713) addi    a4, a5, 1
core   0: 3 0x000000008000ff3c (0x00178713) x14 0x0000000080012061
core   0: 0x000000008000ff40 (0xfee43023) sd      a4, -32(s0)
core   0: 3 0x000000008000ff40 (0xfee43023) mem 0x0000000080031f50 0x0000000080012061
core   0: 0x000000008000ff44 (0xfc442703) lw      a4, -60(s0)
core   0: 3 0x000000008000ff44 (0xfc442703) x14 0x0000000000000000 mem 0x0000000080031f34
core   0: 0x000000008000ff48 (0x0ff77713) andi    a4, a4, 255
core   0: 3 0x000000008000ff48 (0x0ff77713) x14 0x0000000000000000
core   0: 0x000000008000ff4c (0x00e78023) sb      a4, 0(a5)
core   0: 3 0x000000008000ff4c (0x00e78023) mem 0x0000000080012060 0x00
core   0: 0x000000008000ff50 (0xfc843703) ld      a4, -56(s0)
core   0: 3 0x000000008000ff50 (0xfc843703) x14 0x0000000080012040 mem 0x0000000080031f38
core   0: 0x000000008000ff54 (0xfb843783) ld      a5, -72(s0)
core   0: 3 0x000000008000ff54 (0xfb843783) x15 0x000000000000009c mem 0x0000000080031f28
core   0: 0x000000008000ff58 (0x000097ba) c.add   a5, a4
core   0: 3 0x000000008000ff58 (0x97ba) x15 0x00000000800120dc
core   0: 0x000000008000ff5a (0xfe043703) ld      a4, -32(s0)
core   0: 3 0x000000008000ff5a (0xfe043703) x14 0x0000000080012061 mem 0x0000000080031f50
core   0: 0x000000008000ff5e (0xfcf76de3) bltu    a4, a5, pc - 38
core   0: 3 0x000000008000ff5e (0xfcf76de3)
core   0: 0x000000008000ff38 (0xfe043783) ld      a5, -32(s0)
core   0: 3 0x000000008000ff38 (0xfe043783) x15 0x0000000080012061 mem 0x0000000080031f50
core   0: 0x000000008000ff3c (0x00178713) addi    a4, a5, 1
core   0: 3 0x000000008000ff3c (0x00178713) x14 0x0000000080012062
core   0: 0x000000008000ff40 (0xfee43023) sd      a4, -32(s0)
core   0: 3 0x000000008000ff40 (0xfee43023) mem 0x0000000080031f50 0x0000000080012062
core   0: 0x000000008000ff44 (0xfc442703) lw      a4, -60(s0)
core   0: 3 0x000000008000ff44 (0xfc442703) x14 0x0000000000000000 mem 0x0000000080031f34
core   0: 0x000000008000ff48 (0x0ff77713) andi    a4, a4, 255
core   0: 3 0x000000008000ff48 (0x0ff77713) x14 0x0000000000000000
core   0: 0x000000008000ff4c (0x00e78023) sb      a4, 0(a5)
core   0: 3 0x000000008000ff4c (0x00e78023) mem 0x0000000080012061 0x00
core   0: 0x000000008000ff50 (0xfc843703) ld      a4, -56(s0)
core   0: 3 0x000000008000ff50 (0xfc843703) x14 0x0000000080012040 mem 0x0000000080031f38
core   0: 0x000000008000ff54 (0xfb843783) ld      a5, -72(s0)
core   0: 3 0x000000008000ff54 (0xfb843783) x15 0x000000000000009c mem 0x0000000080031f28
core   0: 0x000000008000ff58 (0x000097ba) c.add   a5, a4
core   0: 3 0x000000008000ff58 (0x97ba) x15 0x00000000800120dc
core   0: 0x000000008000ff5a (0xfe043703) ld      a4, -32(s0)
core   0: 3 0x000000008000ff5a (0xfe043703) x14 0x0000000080012062 mem 0x0000000080031f50
core   0: 0x000000008000ff5e (0xfcf76de3) bltu    a4, a5, pc - 38
core   0: 3 0x000000008000ff5e (0xfcf76de3)
core   0: 0x000000008000ff38 (0xfe043783) ld      a5, -32(s0)
core   0: 3 0x000000008000ff38 (0xfe043783) x15 0x0000000080012062 mem 0x0000000080031f50
core   0: 0x000000008000ff3c (0x00178713) addi    a4, a5, 1
core   0: 3 0x000000008000ff3c (0x00178713) x14 0x0000000080012063
core   0: 0x000000008000ff40 (0xfee43023) sd      a4, -32(s0)
core   0: 3 0x000000008000ff40 (0xfee43023) mem 0x0000000080031f50 0x0000000080012063
core   0: 0x000000008000ff44 (0xfc442703) lw      a4, -60(s0)
core   0: 3 0x000000008000ff44 (0xfc442703) x14 0x0000000000000000 mem 0x0000000080031f34
core   0: 0x000000008000ff48 (0x0ff77713) andi    a4, a4, 255
core   0: 3 0x000000008000ff48 (0x0ff77713) x14 0x0000000000000000
core   0: 0x000000008000ff4c (0x00e78023) sb      a4, 0(a5)
core   0: 3 0x000000008000ff4c (0x00e78023) mem 0x0000000080012062 0x00
core   0: 0x000000008000ff50 (0xfc843703) ld      a4, -56(s0)
core   0: 3 0x000000008000ff50 (0xfc843703) x14 0x0000000080012040 mem 0x0000000080031f38
core   0: 0x000000008000ff54 (0xfb843783) ld      a5, -72(s0)
core   0: 3 0x000000008000ff54 (0xfb843783) x15 0x000000000000009c mem 0x0000000080031f28
core   0: 0x000000008000ff58 (0x000097ba) c.add   a5, a4
core   0: 3 0x000000008000ff58 (0x97ba) x15 0x00000000800120dc
core   0: 0x000000008000ff5a (0xfe043703) ld      a4, -32(s0)
core   0: 3 0x000000008000ff5a (0xfe043703) x14 0x0000000080012063 mem 0x0000000080031f50
core   0: 0x000000008000ff5e (0xfcf76de3) bltu    a4, a5, pc - 38
core   0: 3 0x000000008000ff5e (0xfcf76de3)
core   0: 0x000000008000ff38 (0xfe043783) ld      a5, -32(s0)
core   0: 3 0x000000008000ff38 (0xfe043783) x15 0x0000000080012063 mem 0x0000000080031f50
core   0: 0x000000008000ff3c (0x00178713) addi    a4, a5, 1
core   0: 3 0x000000008000ff3c (0x00178713) x14 0x0000000080012064
core   0: 0x000000008000ff40 (0xfee43023) sd      a4, -32(s0)
core   0: 3 0x000000008000ff40 (0xfee43023) mem 0x0000000080031f50 0x0000000080012064
core   0: 0x000000008000ff44 (0xfc442703) lw      a4, -60(s0)
core   0: 3 0x000000008000ff44 (0xfc442703) x14 0x0000000000000000 mem 0x0000000080031f34
core   0: 0x000000008000ff48 (0x0ff77713) andi    a4, a4, 255
core   0: 3 0x000000008000ff48 (0x0ff77713) x14 0x0000000000000000
core   0: 0x000000008000ff4c (0x00e78023) sb      a4, 0(a5)
core   0: 3 0x000000008000ff4c (0x00e78023) mem 0x0000000080012063 0x00
core   0: 0x000000008000ff50 (0xfc843703) ld      a4, -56(s0)
core   0: 3 0x000000008000ff50 (0xfc843703) x14 0x0000000080012040 mem 0x0000000080031f38
core   0: 0x000000008000ff54 (0xfb843783) ld      a5, -72(s0)
core   0: 3 0x000000008000ff54 (0xfb843783) x15 0x000000000000009c mem 0x0000000080031f28
core   0: 0x000000008000ff58 (0x000097ba) c.add   a5, a4
core   0: 3 0x000000008000ff58 (0x97ba) x15 0x00000000800120dc
core   0: 0x000000008000ff5a (0xfe043703) ld      a4, -32(s0)
core   0: 3 0x000000008000ff5a (0xfe043703) x14 0x0000000080012064 mem 0x0000000080031f50
core   0: 0x000000008000ff5e (0xfcf76de3) bltu    a4, a5, pc - 38
core   0: 3 0x000000008000ff5e (0xfcf76de3)
core   0: 0x000000008000ff38 (0xfe043783) ld      a5, -32(s0)
core   0: 3 0x000000008000ff38 (0xfe043783) x15 0x0000000080012064 mem 0x0000000080031f50
core   0: 0x000000008000ff3c (0x00178713) addi    a4, a5, 1
core   0: 3 0x000000008000ff3c (0x00178713) x14 0x0000000080012065
core   0: 0x000000008000ff40 (0xfee43023) sd      a4, -32(s0)
core   0: 3 0x000000008000ff40 (0xfee43023) mem 0x0000000080031f50 0x0000000080012065
core   0: 0x000000008000ff44 (0xfc442703) lw      a4, -60(s0)
core   0: 3 0x000000008000ff44 (0xfc442703) x14 0x0000000000000000 mem 0x0000000080031f34
core   0: 0x000000008000ff48 (0x0ff77713) andi    a4, a4, 255
core   0: 3 0x000000008000ff48 (0x0ff77713) x14 0x0000000000000000
core   0: 0x000000008000ff4c (0x00e78023) sb      a4, 0(a5)
core   0: 3 0x000000008000ff4c (0x00e78023) mem 0x0000000080012064 0x00
core   0: 0x000000008000ff50 (0xfc843703) ld      a4, -56(s0)
core   0: 3 0x000000008000ff50 (0xfc843703) x14 0x0000000080012040 mem 0x0000000080031f38
core   0: 0x000000008000ff54 (0xfb843783) ld      a5, -72(s0)
core   0: 3 0x000000008000ff54 (0xfb843783) x15 0x000000000000009c mem 0x0000000080031f28
core   0: 0x000000008000ff58 (0x000097ba) c.add   a5, a4
core   0: 3 0x000000008000ff58 (0x97ba) x15 0x00000000800120dc
core   0: 0x000000008000ff5a (0xfe043703) ld      a4, -32(s0)
core   0: 3 0x000000008000ff5a (0xfe043703) x14 0x0000000080012065 mem 0x0000000080031f50
core   0: 0x000000008000ff5e (0xfcf76de3) bltu    a4, a5, pc - 38
core   0: 3 0x000000008000ff5e (0xfcf76de3)
core   0: 0x000000008000ff38 (0xfe043783) ld      a5, -32(s0)
core   0: 3 0x000000008000ff38 (0xfe043783) x15 0x0000000080012065 mem 0x0000000080031f50
core   0: 0x000000008000ff3c (0x00178713) addi    a4, a5, 1
core   0: 3 0x000000008000ff3c (0x00178713) x14 0x0000000080012066
core   0: 0x000000008000ff40 (0xfee43023) sd      a4, -32(s0)
core   0: 3 0x000000008000ff40 (0xfee43023) mem 0x0000000080031f50 0x0000000080012066
core   0: 0x000000008000ff44 (0xfc442703) lw      a4, -60(s0)
core   0: 3 0x000000008000ff44 (0xfc442703) x14 0x0000000000000000 mem 0x0000000080031f34
core   0: 0x000000008000ff48 (0x0ff77713) andi    a4, a4, 255
core   0: 3 0x000000008000ff48 (0x0ff77713) x14 0x0000000000000000
core   0: 0x000000008000ff4c (0x00e78023) sb      a4, 0(a5)
core   0: 3 0x000000008000ff4c (0x00e78023) mem 0x0000000080012065 0x00
core   0: 0x000000008000ff50 (0xfc843703) ld      a4, -56(s0)
core   0: 3 0x000000008000ff50 (0xfc843703) x14 0x0000000080012040 mem 0x0000000080031f38
core   0: 0x000000008000ff54 (0xfb843783) ld      a5, -72(s0)
core   0: 3 0x000000008000ff54 (0xfb843783) x15 0x000000000000009c mem 0x0000000080031f28
core   0: 0x000000008000ff58 (0x000097ba) c.add   a5, a4
core   0: 3 0x000000008000ff58 (0x97ba) x15 0x00000000800120dc
core   0: 0x000000008000ff5a (0xfe043703) ld      a4, -32(s0)
core   0: 3 0x000000008000ff5a (0xfe043703) x14 0x0000000080012066 mem 0x0000000080031f50
core   0: 0x000000008000ff5e (0xfcf76de3) bltu    a4, a5, pc - 38
core   0: 3 0x000000008000ff5e (0xfcf76de3)
core   0: 0x000000008000ff38 (0xfe043783) ld      a5, -32(s0)
core   0: 3 0x000000008000ff38 (0xfe043783) x15 0x0000000080012066 mem 0x0000000080031f50
core   0: 0x000000008000ff3c (0x00178713) addi    a4, a5, 1
core   0: 3 0x000000008000ff3c (0x00178713) x14 0x0000000080012067
core   0: 0x000000008000ff40 (0xfee43023) sd      a4, -32(s0)
core   0: 3 0x000000008000ff40 (0xfee43023) mem 0x0000000080031f50 0x0000000080012067
core   0: 0x000000008000ff44 (0xfc442703) lw      a4, -60(s0)
core   0: 3 0x000000008000ff44 (0xfc442703) x14 0x0000000000000000 mem 0x0000000080031f34
core   0: 0x000000008000ff48 (0x0ff77713) andi    a4, a4, 255
core   0: 3 0x000000008000ff48 (0x0ff77713) x14 0x0000000000000000
core   0: 0x000000008000ff4c (0x00e78023) sb      a4, 0(a5)
core   0: 3 0x000000008000ff4c (0x00e78023) mem 0x0000000080012066 0x00
core   0: 0x000000008000ff50 (0xfc843703) ld      a4, -56(s0)
core   0: 3 0x000000008000ff50 (0xfc843703) x14 0x0000000080012040 mem 0x0000000080031f38
core   0: 0x000000008000ff54 (0xfb843783) ld      a5, -72(s0)
core   0: 3 0x000000008000ff54 (0xfb843783) x15 0x000000000000009c mem 0x0000000080031f28
core   0: 0x000000008000ff58 (0x000097ba) c.add   a5, a4
core   0: 3 0x000000008000ff58 (0x97ba) x15 0x00000000800120dc
core   0: 0x000000008000ff5a (0xfe043703) ld      a4, -32(s0)
core   0: 3 0x000000008000ff5a (0xfe043703) x14 0x0000000080012067 mem 0x0000000080031f50
core   0: 0x000000008000ff5e (0xfcf76de3) bltu    a4, a5, pc - 38
core   0: 3 0x000000008000ff5e (0xfcf76de3)
core   0: 0x000000008000ff38 (0xfe043783) ld      a5, -32(s0)
core   0: 3 0x000000008000ff38 (0xfe043783) x15 0x0000000080012067 mem 0x0000000080031f50
core   0: 0x000000008000ff3c (0x00178713) addi    a4, a5, 1
core   0: 3 0x000000008000ff3c (0x00178713) x14 0x0000000080012068
core   0: 0x000000008000ff40 (0xfee43023) sd      a4, -32(s0)
core   0: 3 0x000000008000ff40 (0xfee43023) mem 0x0000000080031f50 0x0000000080012068
core   0: 0x000000008000ff44 (0xfc442703) lw      a4, -60(s0)
core   0: 3 0x000000008000ff44 (0xfc442703) x14 0x0000000000000000 mem 0x0000000080031f34
core   0: 0x000000008000ff48 (0x0ff77713) andi    a4, a4, 255
core   0: 3 0x000000008000ff48 (0x0ff77713) x14 0x0000000000000000
core   0: 0x000000008000ff4c (0x00e78023) sb      a4, 0(a5)
core   0: 3 0x000000008000ff4c (0x00e78023) mem 0x0000000080012067 0x00
core   0: 0x000000008000ff50 (0xfc843703) ld      a4, -56(s0)
core   0: 3 0x000000008000ff50 (0xfc843703) x14 0x0000000080012040 mem 0x0000000080031f38
core   0: 0x000000008000ff54 (0xfb843783) ld      a5, -72(s0)
core   0: 3 0x000000008000ff54 (0xfb843783) x15 0x000000000000009c mem 0x0000000080031f28
core   0: 0x000000008000ff58 (0x000097ba) c.add   a5, a4
core   0: 3 0x000000008000ff58 (0x97ba) x15 0x00000000800120dc
core   0: 0x000000008000ff5a (0xfe043703) ld      a4, -32(s0)
core   0: 3 0x000000008000ff5a (0xfe043703) x14 0x0000000080012068 mem 0x0000000080031f50
core   0: 0x000000008000ff5e (0xfcf76de3) bltu    a4, a5, pc - 38
core   0: 3 0x000000008000ff5e (0xfcf76de3)
core   0: 0x000000008000ff38 (0xfe043783) ld      a5, -32(s0)
core   0: 3 0x000000008000ff38 (0xfe043783) x15 0x0000000080012068 mem 0x0000000080031f50
core   0: 0x000000008000ff3c (0x00178713) addi    a4, a5, 1
core   0: 3 0x000000008000ff3c (0x00178713) x14 0x0000000080012069
core   0: 0x000000008000ff40 (0xfee43023) sd      a4, -32(s0)
core   0: 3 0x000000008000ff40 (0xfee43023) mem 0x0000000080031f50 0x0000000080012069
core   0: 0x000000008000ff44 (0xfc442703) lw      a4, -60(s0)
core   0: 3 0x000000008000ff44 (0xfc442703) x14 0x0000000000000000 mem 0x0000000080031f34
core   0: 0x000000008000ff48 (0x0ff77713) andi    a4, a4, 255
core   0: 3 0x000000008000ff48 (0x0ff77713) x14 0x0000000000000000
core   0: 0x000000008000ff4c (0x00e78023) sb      a4, 0(a5)
core   0: 3 0x000000008000ff4c (0x00e78023) mem 0x0000000080012068 0x00
core   0: 0x000000008000ff50 (0xfc843703) ld      a4, -56(s0)
core   0: 3 0x000000008000ff50 (0xfc843703) x14 0x0000000080012040 mem 0x0000000080031f38
core   0: 0x000000008000ff54 (0xfb843783) ld      a5, -72(s0)
core   0: 3 0x000000008000ff54 (0xfb843783) x15 0x000000000000009c mem 0x0000000080031f28
core   0: 0x000000008000ff58 (0x000097ba) c.add   a5, a4
core   0: 3 0x000000008000ff58 (0x97ba) x15 0x00000000800120dc
core   0: 0x000000008000ff5a (0xfe043703) ld      a4, -32(s0)
core   0: 3 0x000000008000ff5a (0xfe043703) x14 0x0000000080012069 mem 0x0000000080031f50
core   0: 0x000000008000ff5e (0xfcf76de3) bltu    a4, a5, pc - 38
core   0: 3 0x000000008000ff5e (0xfcf76de3)
core   0: 0x000000008000ff38 (0xfe043783) ld      a5, -32(s0)
core   0: 3 0x000000008000ff38 (0xfe043783) x15 0x0000000080012069 mem 0x0000000080031f50
core   0: 0x000000008000ff3c (0x00178713) addi    a4, a5, 1
core   0: 3 0x000000008000ff3c (0x00178713) x14 0x000000008001206a
core   0: 0x000000008000ff40 (0xfee43023) sd      a4, -32(s0)
core   0: 3 0x000000008000ff40 (0xfee43023) mem 0x0000000080031f50 0x000000008001206a
core   0: 0x000000008000ff44 (0xfc442703) lw      a4, -60(s0)
core   0: 3 0x000000008000ff44 (0xfc442703) x14 0x0000000000000000 mem 0x0000000080031f34
core   0: 0x000000008000ff48 (0x0ff77713) andi    a4, a4, 255
core   0: 3 0x000000008000ff48 (0x0ff77713) x14 0x0000000000000000
core   0: 0x000000008000ff4c (0x00e78023) sb      a4, 0(a5)
core   0: 3 0x000000008000ff4c (0x00e78023) mem 0x0000000080012069 0x00
core   0: 0x000000008000ff50 (0xfc843703) ld      a4, -56(s0)
core   0: 3 0x000000008000ff50 (0xfc843703) x14 0x0000000080012040 mem 0x0000000080031f38
core   0: 0x000000008000ff54 (0xfb843783) ld      a5, -72(s0)
core   0: 3 0x000000008000ff54 (0xfb843783) x15 0x000000000000009c mem 0x0000000080031f28
core   0: 0x000000008000ff58 (0x000097ba) c.add   a5, a4
core   0: 3 0x000000008000ff58 (0x97ba) x15 0x00000000800120dc
core   0: 0x000000008000ff5a (0xfe043703) ld      a4, -32(s0)
core   0: 3 0x000000008000ff5a (0xfe043703) x14 0x000000008001206a mem 0x0000000080031f50
core   0: 0x000000008000ff5e (0xfcf76de3) bltu    a4, a5, pc - 38
core   0: 3 0x000000008000ff5e (0xfcf76de3)
core   0: 0x000000008000ff38 (0xfe043783) ld      a5, -32(s0)
core   0: 3 0x000000008000ff38 (0xfe043783) x15 0x000000008001206a mem 0x0000000080031f50
core   0: 0x000000008000ff3c (0x00178713) addi    a4, a5, 1
core   0: 3 0x000000008000ff3c (0x00178713) x14 0x000000008001206b
core   0: 0x000000008000ff40 (0xfee43023) sd      a4, -32(s0)
core   0: 3 0x000000008000ff40 (0xfee43023) mem 0x0000000080031f50 0x000000008001206b
core   0: 0x000000008000ff44 (0xfc442703) lw      a4, -60(s0)
core   0: 3 0x000000008000ff44 (0xfc442703) x14 0x0000000000000000 mem 0x0000000080031f34
core   0: 0x000000008000ff48 (0x0ff77713) andi    a4, a4, 255
core   0: 3 0x000000008000ff48 (0x0ff77713) x14 0x0000000000000000
core   0: 0x000000008000ff4c (0x00e78023) sb      a4, 0(a5)
core   0: 3 0x000000008000ff4c (0x00e78023) mem 0x000000008001206a 0x00
core   0: 0x000000008000ff50 (0xfc843703) ld      a4, -56(s0)
core   0: 3 0x000000008000ff50 (0xfc843703) x14 0x0000000080012040 mem 0x0000000080031f38
core   0: 0x000000008000ff54 (0xfb843783) ld      a5, -72(s0)
core   0: 3 0x000000008000ff54 (0xfb843783) x15 0x000000000000009c mem 0x0000000080031f28
core   0: 0x000000008000ff58 (0x000097ba) c.add   a5, a4
core   0: 3 0x000000008000ff58 (0x97ba) x15 0x00000000800120dc
core   0: 0x000000008000ff5a (0xfe043703) ld      a4, -32(s0)
core   0: 3 0x000000008000ff5a (0xfe043703) x14 0x000000008001206b mem 0x0000000080031f50
core   0: 0x000000008000ff5e (0xfcf76de3) bltu    a4, a5, pc - 38
core   0: 3 0x000000008000ff5e (0xfcf76de3)
core   0: 0x000000008000ff38 (0xfe043783) ld      a5, -32(s0)
core   0: 3 0x000000008000ff38 (0xfe043783) x15 0x000000008001206b mem 0x0000000080031f50
core   0: 0x000000008000ff3c (0x00178713) addi    a4, a5, 1
core   0: 3 0x000000008000ff3c (0x00178713) x14 0x000000008001206c
core   0: 0x000000008000ff40 (0xfee43023) sd      a4, -32(s0)
core   0: 3 0x000000008000ff40 (0xfee43023) mem 0x0000000080031f50 0x000000008001206c
core   0: 0x000000008000ff44 (0xfc442703) lw      a4, -60(s0)
core   0: 3 0x000000008000ff44 (0xfc442703) x14 0x0000000000000000 mem 0x0000000080031f34
core   0: 0x000000008000ff48 (0x0ff77713) andi    a4, a4, 255
core   0: 3 0x000000008000ff48 (0x0ff77713) x14 0x0000000000000000
core   0: 0x000000008000ff4c (0x00e78023) sb      a4, 0(a5)
core   0: 3 0x000000008000ff4c (0x00e78023) mem 0x000000008001206b 0x00
core   0: 0x000000008000ff50 (0xfc843703) ld      a4, -56(s0)
core   0: 3 0x000000008000ff50 (0xfc843703) x14 0x0000000080012040 mem 0x0000000080031f38
core   0: 0x000000008000ff54 (0xfb843783) ld      a5, -72(s0)
core   0: 3 0x000000008000ff54 (0xfb843783) x15 0x000000000000009c mem 0x0000000080031f28
core   0: 0x000000008000ff58 (0x000097ba) c.add   a5, a4
core   0: 3 0x000000008000ff58 (0x97ba) x15 0x00000000800120dc
core   0: 0x000000008000ff5a (0xfe043703) ld      a4, -32(s0)
core   0: 3 0x000000008000ff5a (0xfe043703) x14 0x000000008001206c mem 0x0000000080031f50
core   0: 0x000000008000ff5e (0xfcf76de3) bltu    a4, a5, pc - 38
core   0: 3 0x000000008000ff5e (0xfcf76de3)
core   0: 0x000000008000ff38 (0xfe043783) ld      a5, -32(s0)
core   0: 3 0x000000008000ff38 (0xfe043783) x15 0x000000008001206c mem 0x0000000080031f50
core   0: 0x000000008000ff3c (0x00178713) addi    a4, a5, 1
core   0: 3 0x000000008000ff3c (0x00178713) x14 0x000000008001206d
core   0: 0x000000008000ff40 (0xfee43023) sd      a4, -32(s0)
core   0: 3 0x000000008000ff40 (0xfee43023) mem 0x0000000080031f50 0x000000008001206d
core   0: 0x000000008000ff44 (0xfc442703) lw      a4, -60(s0)
core   0: 3 0x000000008000ff44 (0xfc442703) x14 0x0000000000000000 mem 0x0000000080031f34
core   0: 0x000000008000ff48 (0x0ff77713) andi    a4, a4, 255
core   0: 3 0x000000008000ff48 (0x0ff77713) x14 0x0000000000000000
core   0: 0x000000008000ff4c (0x00e78023) sb      a4, 0(a5)
core   0: 3 0x000000008000ff4c (0x00e78023) mem 0x000000008001206c 0x00
core   0: 0x000000008000ff50 (0xfc843703) ld      a4, -56(s0)
core   0: 3 0x000000008000ff50 (0xfc843703) x14 0x0000000080012040 mem 0x0000000080031f38
core   0: 0x000000008000ff54 (0xfb843783) ld      a5, -72(s0)
core   0: 3 0x000000008000ff54 (0xfb843783) x15 0x000000000000009c mem 0x0000000080031f28
core   0: 0x000000008000ff58 (0x000097ba) c.add   a5, a4
core   0: 3 0x000000008000ff58 (0x97ba) x15 0x00000000800120dc
core   0: 0x000000008000ff5a (0xfe043703) ld      a4, -32(s0)
core   0: 3 0x000000008000ff5a (0xfe043703) x14 0x000000008001206d mem 0x0000000080031f50
core   0: 0x000000008000ff5e (0xfcf76de3) bltu    a4, a5, pc - 38
core   0: 3 0x000000008000ff5e (0xfcf76de3)
core   0: 0x000000008000ff38 (0xfe043783) ld      a5, -32(s0)
core   0: 3 0x000000008000ff38 (0xfe043783) x15 0x000000008001206d mem 0x0000000080031f50
core   0: 0x000000008000ff3c (0x00178713) addi    a4, a5, 1
core   0: 3 0x000000008000ff3c (0x00178713) x14 0x000000008001206e
core   0: 0x000000008000ff40 (0xfee43023) sd      a4, -32(s0)
core   0: 3 0x000000008000ff40 (0xfee43023) mem 0x0000000080031f50 0x000000008001206e
core   0: 0x000000008000ff44 (0xfc442703) lw      a4, -60(s0)
core   0: 3 0x000000008000ff44 (0xfc442703) x14 0x0000000000000000 mem 0x0000000080031f34
core   0: 0x000000008000ff48 (0x0ff77713) andi    a4, a4, 255
core   0: 3 0x000000008000ff48 (0x0ff77713) x14 0x0000000000000000
core   0: 0x000000008000ff4c (0x00e78023) sb      a4, 0(a5)
core   0: 3 0x000000008000ff4c (0x00e78023) mem 0x000000008001206d 0x00
core   0: 0x000000008000ff50 (0xfc843703) ld      a4, -56(s0)
core   0: 3 0x000000008000ff50 (0xfc843703) x14 0x0000000080012040 mem 0x0000000080031f38
core   0: 0x000000008000ff54 (0xfb843783) ld      a5, -72(s0)
core   0: 3 0x000000008000ff54 (0xfb843783) x15 0x000000000000009c mem 0x0000000080031f28
core   0: 0x000000008000ff58 (0x000097ba) c.add   a5, a4
core   0: 3 0x000000008000ff58 (0x97ba) x15 0x00000000800120dc
core   0: 0x000000008000ff5a (0xfe043703) ld      a4, -32(s0)
core   0: 3 0x000000008000ff5a (0xfe043703) x14 0x000000008001206e mem 0x0000000080031f50
core   0: 0x000000008000ff5e (0xfcf76de3) bltu    a4, a5, pc - 38
core   0: 3 0x000000008000ff5e (0xfcf76de3)
core   0: 0x000000008000ff38 (0xfe043783) ld      a5, -32(s0)
core   0: 3 0x000000008000ff38 (0xfe043783) x15 0x000000008001206e mem 0x0000000080031f50
core   0: 0x000000008000ff3c (0x00178713) addi    a4, a5, 1
core   0: 3 0x000000008000ff3c (0x00178713) x14 0x000000008001206f
core   0: 0x000000008000ff40 (0xfee43023) sd      a4, -32(s0)
core   0: 3 0x000000008000ff40 (0xfee43023) mem 0x0000000080031f50 0x000000008001206f
core   0: 0x000000008000ff44 (0xfc442703) lw      a4, -60(s0)
core   0: 3 0x000000008000ff44 (0xfc442703) x14 0x0000000000000000 mem 0x0000000080031f34
core   0: 0x000000008000ff48 (0x0ff77713) andi    a4, a4, 255
core   0: 3 0x000000008000ff48 (0x0ff77713) x14 0x0000000000000000
core   0: 0x000000008000ff4c (0x00e78023) sb      a4, 0(a5)
core   0: 3 0x000000008000ff4c (0x00e78023) mem 0x000000008001206e 0x00
core   0: 0x000000008000ff50 (0xfc843703) ld      a4, -56(s0)
core   0: 3 0x000000008000ff50 (0xfc843703) x14 0x0000000080012040 mem 0x0000000080031f38
core   0: 0x000000008000ff54 (0xfb843783) ld      a5, -72(s0)
core   0: 3 0x000000008000ff54 (0xfb843783) x15 0x000000000000009c mem 0x0000000080031f28
core   0: 0x000000008000ff58 (0x000097ba) c.add   a5, a4
core   0: 3 0x000000008000ff58 (0x97ba) x15 0x00000000800120dc
core   0: 0x000000008000ff5a (0xfe043703) ld      a4, -32(s0)
core   0: 3 0x000000008000ff5a (0xfe043703) x14 0x000000008001206f mem 0x0000000080031f50
core   0: 0x000000008000ff5e (0xfcf76de3) bltu    a4, a5, pc - 38
core   0: 3 0x000000008000ff5e (0xfcf76de3)
core   0: 0x000000008000ff38 (0xfe043783) ld      a5, -32(s0)
core   0: 3 0x000000008000ff38 (0xfe043783) x15 0x000000008001206f mem 0x0000000080031f50
core   0: 0x000000008000ff3c (0x00178713) addi    a4, a5, 1
core   0: 3 0x000000008000ff3c (0x00178713) x14 0x0000000080012070
core   0: 0x000000008000ff40 (0xfee43023) sd      a4, -32(s0)
core   0: 3 0x000000008000ff40 (0xfee43023) mem 0x0000000080031f50 0x0000000080012070
core   0: 0x000000008000ff44 (0xfc442703) lw      a4, -60(s0)
core   0: 3 0x000000008000ff44 (0xfc442703) x14 0x0000000000000000 mem 0x0000000080031f34
core   0: 0x000000008000ff48 (0x0ff77713) andi    a4, a4, 255
core   0: 3 0x000000008000ff48 (0x0ff77713) x14 0x0000000000000000
core   0: 0x000000008000ff4c (0x00e78023) sb      a4, 0(a5)
core   0: 3 0x000000008000ff4c (0x00e78023) mem 0x000000008001206f 0x00
core   0: 0x000000008000ff50 (0xfc843703) ld      a4, -56(s0)
core   0: 3 0x000000008000ff50 (0xfc843703) x14 0x0000000080012040 mem 0x0000000080031f38
core   0: 0x000000008000ff54 (0xfb843783) ld      a5, -72(s0)
core   0: 3 0x000000008000ff54 (0xfb843783) x15 0x000000000000009c mem 0x0000000080031f28
core   0: 0x000000008000ff58 (0x000097ba) c.add   a5, a4
core   0: 3 0x000000008000ff58 (0x97ba) x15 0x00000000800120dc
core   0: 0x000000008000ff5a (0xfe043703) ld      a4, -32(s0)
core   0: 3 0x000000008000ff5a (0xfe043703) x14 0x0000000080012070 mem 0x0000000080031f50
core   0: 0x000000008000ff5e (0xfcf76de3) bltu    a4, a5, pc - 38
core   0: 3 0x000000008000ff5e (0xfcf76de3)
core   0: 0x000000008000ff38 (0xfe043783) ld      a5, -32(s0)
core   0: 3 0x000000008000ff38 (0xfe043783) x15 0x0000000080012070 mem 0x0000000080031f50
core   0: 0x000000008000ff3c (0x00178713) addi    a4, a5, 1
core   0: 3 0x000000008000ff3c (0x00178713) x14 0x0000000080012071
core   0: 0x000000008000ff40 (0xfee43023) sd      a4, -32(s0)
core   0: 3 0x000000008000ff40 (0xfee43023) mem 0x0000000080031f50 0x0000000080012071
core   0: 0x000000008000ff44 (0xfc442703) lw      a4, -60(s0)
core   0: 3 0x000000008000ff44 (0xfc442703) x14 0x0000000000000000 mem 0x0000000080031f34
core   0: 0x000000008000ff48 (0x0ff77713) andi    a4, a4, 255
core   0: 3 0x000000008000ff48 (0x0ff77713) x14 0x0000000000000000
core   0: 0x000000008000ff4c (0x00e78023) sb      a4, 0(a5)
core   0: 3 0x000000008000ff4c (0x00e78023) mem 0x0000000080012070 0x00
core   0: 0x000000008000ff50 (0xfc843703) ld      a4, -56(s0)
core   0: 3 0x000000008000ff50 (0xfc843703) x14 0x0000000080012040 mem 0x0000000080031f38
core   0: 0x000000008000ff54 (0xfb843783) ld      a5, -72(s0)
core   0: 3 0x000000008000ff54 (0xfb843783) x15 0x000000000000009c mem 0x0000000080031f28
core   0: 0x000000008000ff58 (0x000097ba) c.add   a5, a4
core   0: 3 0x000000008000ff58 (0x97ba) x15 0x00000000800120dc
core   0: 0x000000008000ff5a (0xfe043703) ld      a4, -32(s0)
core   0: 3 0x000000008000ff5a (0xfe043703) x14 0x0000000080012071 mem 0x0000000080031f50
core   0: 0x000000008000ff5e (0xfcf76de3) bltu    a4, a5, pc - 38
core   0: 3 0x000000008000ff5e (0xfcf76de3)
core   0: 0x000000008000ff38 (0xfe043783) ld      a5, -32(s0)
core   0: 3 0x000000008000ff38 (0xfe043783) x15 0x0000000080012071 mem 0x0000000080031f50
core   0: 0x000000008000ff3c (0x00178713) addi    a4, a5, 1
core   0: 3 0x000000008000ff3c (0x00178713) x14 0x0000000080012072
core   0: 0x000000008000ff40 (0xfee43023) sd      a4, -32(s0)
core   0: 3 0x000000008000ff40 (0xfee43023) mem 0x0000000080031f50 0x0000000080012072
core   0: 0x000000008000ff44 (0xfc442703) lw      a4, -60(s0)
core   0: 3 0x000000008000ff44 (0xfc442703) x14 0x0000000000000000 mem 0x0000000080031f34
core   0: 0x000000008000ff48 (0x0ff77713) andi    a4, a4, 255
core   0: 3 0x000000008000ff48 (0x0ff77713) x14 0x0000000000000000
core   0: 0x000000008000ff4c (0x00e78023) sb      a4, 0(a5)
core   0: 3 0x000000008000ff4c (0x00e78023) mem 0x0000000080012071 0x00
core   0: 0x000000008000ff50 (0xfc843703) ld      a4, -56(s0)
core   0: 3 0x000000008000ff50 (0xfc843703) x14 0x0000000080012040 mem 0x0000000080031f38
core   0: 0x000000008000ff54 (0xfb843783) ld      a5, -72(s0)
core   0: 3 0x000000008000ff54 (0xfb843783) x15 0x000000000000009c mem 0x0000000080031f28
core   0: 0x000000008000ff58 (0x000097ba) c.add   a5, a4
core   0: 3 0x000000008000ff58 (0x97ba) x15 0x00000000800120dc
core   0: 0x000000008000ff5a (0xfe043703) ld      a4, -32(s0)
core   0: 3 0x000000008000ff5a (0xfe043703) x14 0x0000000080012072 mem 0x0000000080031f50
core   0: 0x000000008000ff5e (0xfcf76de3) bltu    a4, a5, pc - 38
core   0: 3 0x000000008000ff5e (0xfcf76de3)
core   0: 0x000000008000ff38 (0xfe043783) ld      a5, -32(s0)
core   0: 3 0x000000008000ff38 (0xfe043783) x15 0x0000000080012072 mem 0x0000000080031f50
core   0: 0x000000008000ff3c (0x00178713) addi    a4, a5, 1
core   0: 3 0x000000008000ff3c (0x00178713) x14 0x0000000080012073
core   0: 0x000000008000ff40 (0xfee43023) sd      a4, -32(s0)
core   0: 3 0x000000008000ff40 (0xfee43023) mem 0x0000000080031f50 0x0000000080012073
core   0: 0x000000008000ff44 (0xfc442703) lw      a4, -60(s0)
core   0: 3 0x000000008000ff44 (0xfc442703) x14 0x0000000000000000 mem 0x0000000080031f34
core   0: 0x000000008000ff48 (0x0ff77713) andi    a4, a4, 255
core   0: 3 0x000000008000ff48 (0x0ff77713) x14 0x0000000000000000
core   0: 0x000000008000ff4c (0x00e78023) sb      a4, 0(a5)
core   0: 3 0x000000008000ff4c (0x00e78023) mem 0x0000000080012072 0x00
core   0: 0x000000008000ff50 (0xfc843703) ld      a4, -56(s0)
core   0: 3 0x000000008000ff50 (0xfc843703) x14 0x0000000080012040 mem 0x0000000080031f38
core   0: 0x000000008000ff54 (0xfb843783) ld      a5, -72(s0)
core   0: 3 0x000000008000ff54 (0xfb843783) x15 0x000000000000009c mem 0x0000000080031f28
core   0: 0x000000008000ff58 (0x000097ba) c.add   a5, a4
core   0: 3 0x000000008000ff58 (0x97ba) x15 0x00000000800120dc
core   0: 0x000000008000ff5a (0xfe043703) ld      a4, -32(s0)
core   0: 3 0x000000008000ff5a (0xfe043703) x14 0x0000000080012073 mem 0x0000000080031f50
core   0: 0x000000008000ff5e (0xfcf76de3) bltu    a4, a5, pc - 38
core   0: 3 0x000000008000ff5e (0xfcf76de3)
core   0: 0x000000008000ff38 (0xfe043783) ld      a5, -32(s0)
core   0: 3 0x000000008000ff38 (0xfe043783) x15 0x0000000080012073 mem 0x0000000080031f50
core   0: 0x000000008000ff3c (0x00178713) addi    a4, a5, 1
core   0: 3 0x000000008000ff3c (0x00178713) x14 0x0000000080012074
core   0: 0x000000008000ff40 (0xfee43023) sd      a4, -32(s0)
core   0: 3 0x000000008000ff40 (0xfee43023) mem 0x0000000080031f50 0x0000000080012074
core   0: 0x000000008000ff44 (0xfc442703) lw      a4, -60(s0)
core   0: 3 0x000000008000ff44 (0xfc442703) x14 0x0000000000000000 mem 0x0000000080031f34
core   0: 0x000000008000ff48 (0x0ff77713) andi    a4, a4, 255
core   0: 3 0x000000008000ff48 (0x0ff77713) x14 0x0000000000000000
core   0: 0x000000008000ff4c (0x00e78023) sb      a4, 0(a5)
core   0: 3 0x000000008000ff4c (0x00e78023) mem 0x0000000080012073 0x00
core   0: 0x000000008000ff50 (0xfc843703) ld      a4, -56(s0)
core   0: 3 0x000000008000ff50 (0xfc843703) x14 0x0000000080012040 mem 0x0000000080031f38
core   0: 0x000000008000ff54 (0xfb843783) ld      a5, -72(s0)
core   0: 3 0x000000008000ff54 (0xfb843783) x15 0x000000000000009c mem 0x0000000080031f28
core   0: 0x000000008000ff58 (0x000097ba) c.add   a5, a4
core   0: 3 0x000000008000ff58 (0x97ba) x15 0x00000000800120dc
core   0: 0x000000008000ff5a (0xfe043703) ld      a4, -32(s0)
core   0: 3 0x000000008000ff5a (0xfe043703) x14 0x0000000080012074 mem 0x0000000080031f50
core   0: 0x000000008000ff5e (0xfcf76de3) bltu    a4, a5, pc - 38
core   0: 3 0x000000008000ff5e (0xfcf76de3)
core   0: 0x000000008000ff38 (0xfe043783) ld      a5, -32(s0)
core   0: 3 0x000000008000ff38 (0xfe043783) x15 0x0000000080012074 mem 0x0000000080031f50
core   0: 0x000000008000ff3c (0x00178713) addi    a4, a5, 1
core   0: 3 0x000000008000ff3c (0x00178713) x14 0x0000000080012075
core   0: 0x000000008000ff40 (0xfee43023) sd      a4, -32(s0)
core   0: 3 0x000000008000ff40 (0xfee43023) mem 0x0000000080031f50 0x0000000080012075
core   0: 0x000000008000ff44 (0xfc442703) lw      a4, -60(s0)
core   0: 3 0x000000008000ff44 (0xfc442703) x14 0x0000000000000000 mem 0x0000000080031f34
core   0: 0x000000008000ff48 (0x0ff77713) andi    a4, a4, 255
core   0: 3 0x000000008000ff48 (0x0ff77713) x14 0x0000000000000000
core   0: 0x000000008000ff4c (0x00e78023) sb      a4, 0(a5)
core   0: 3 0x000000008000ff4c (0x00e78023) mem 0x0000000080012074 0x00
core   0: 0x000000008000ff50 (0xfc843703) ld      a4, -56(s0)
core   0: 3 0x000000008000ff50 (0xfc843703) x14 0x0000000080012040 mem 0x0000000080031f38
core   0: 0x000000008000ff54 (0xfb843783) ld      a5, -72(s0)
core   0: 3 0x000000008000ff54 (0xfb843783) x15 0x000000000000009c mem 0x0000000080031f28
core   0: 0x000000008000ff58 (0x000097ba) c.add   a5, a4
core   0: 3 0x000000008000ff58 (0x97ba) x15 0x00000000800120dc
core   0: 0x000000008000ff5a (0xfe043703) ld      a4, -32(s0)
core   0: 3 0x000000008000ff5a (0xfe043703) x14 0x0000000080012075 mem 0x0000000080031f50
core   0: 0x000000008000ff5e (0xfcf76de3) bltu    a4, a5, pc - 38
core   0: 3 0x000000008000ff5e (0xfcf76de3)
core   0: 0x000000008000ff38 (0xfe043783) ld      a5, -32(s0)
core   0: 3 0x000000008000ff38 (0xfe043783) x15 0x0000000080012075 mem 0x0000000080031f50
core   0: 0x000000008000ff3c (0x00178713) addi    a4, a5, 1
core   0: 3 0x000000008000ff3c (0x00178713) x14 0x0000000080012076
core   0: 0x000000008000ff40 (0xfee43023) sd      a4, -32(s0)
core   0: 3 0x000000008000ff40 (0xfee43023) mem 0x0000000080031f50 0x0000000080012076
core   0: 0x000000008000ff44 (0xfc442703) lw      a4, -60(s0)
core   0: 3 0x000000008000ff44 (0xfc442703) x14 0x0000000000000000 mem 0x0000000080031f34
core   0: 0x000000008000ff48 (0x0ff77713) andi    a4, a4, 255
core   0: 3 0x000000008000ff48 (0x0ff77713) x14 0x0000000000000000
core   0: 0x000000008000ff4c (0x00e78023) sb      a4, 0(a5)
core   0: 3 0x000000008000ff4c (0x00e78023) mem 0x0000000080012075 0x00
core   0: 0x000000008000ff50 (0xfc843703) ld      a4, -56(s0)
core   0: 3 0x000000008000ff50 (0xfc843703) x14 0x0000000080012040 mem 0x0000000080031f38
core   0: 0x000000008000ff54 (0xfb843783) ld      a5, -72(s0)
core   0: 3 0x000000008000ff54 (0xfb843783) x15 0x000000000000009c mem 0x0000000080031f28
core   0: 0x000000008000ff58 (0x000097ba) c.add   a5, a4
core   0: 3 0x000000008000ff58 (0x97ba) x15 0x00000000800120dc
core   0: 0x000000008000ff5a (0xfe043703) ld      a4, -32(s0)
core   0: 3 0x000000008000ff5a (0xfe043703) x14 0x0000000080012076 mem 0x0000000080031f50
core   0: 0x000000008000ff5e (0xfcf76de3) bltu    a4, a5, pc - 38
core   0: 3 0x000000008000ff5e (0xfcf76de3)
core   0: 0x000000008000ff38 (0xfe043783) ld      a5, -32(s0)
core   0: 3 0x000000008000ff38 (0xfe043783) x15 0x0000000080012076 mem 0x0000000080031f50
core   0: 0x000000008000ff3c (0x00178713) addi    a4, a5, 1
core   0: 3 0x000000008000ff3c (0x00178713) x14 0x0000000080012077
core   0: 0x000000008000ff40 (0xfee43023) sd      a4, -32(s0)
core   0: 3 0x000000008000ff40 (0xfee43023) mem 0x0000000080031f50 0x0000000080012077
core   0: 0x000000008000ff44 (0xfc442703) lw      a4, -60(s0)
core   0: 3 0x000000008000ff44 (0xfc442703) x14 0x0000000000000000 mem 0x0000000080031f34
core   0: 0x000000008000ff48 (0x0ff77713) andi    a4, a4, 255
core   0: 3 0x000000008000ff48 (0x0ff77713) x14 0x0000000000000000
core   0: 0x000000008000ff4c (0x00e78023) sb      a4, 0(a5)
core   0: 3 0x000000008000ff4c (0x00e78023) mem 0x0000000080012076 0x00
core   0: 0x000000008000ff50 (0xfc843703) ld      a4, -56(s0)
core   0: 3 0x000000008000ff50 (0xfc843703) x14 0x0000000080012040 mem 0x0000000080031f38
core   0: 0x000000008000ff54 (0xfb843783) ld      a5, -72(s0)
core   0: 3 0x000000008000ff54 (0xfb843783) x15 0x000000000000009c mem 0x0000000080031f28
core   0: 0x000000008000ff58 (0x000097ba) c.add   a5, a4
core   0: 3 0x000000008000ff58 (0x97ba) x15 0x00000000800120dc
core   0: 0x000000008000ff5a (0xfe043703) ld      a4, -32(s0)
core   0: 3 0x000000008000ff5a (0xfe043703) x14 0x0000000080012077 mem 0x0000000080031f50
core   0: 0x000000008000ff5e (0xfcf76de3) bltu    a4, a5, pc - 38
core   0: 3 0x000000008000ff5e (0xfcf76de3)
core   0: 0x000000008000ff38 (0xfe043783) ld      a5, -32(s0)
core   0: 3 0x000000008000ff38 (0xfe043783) x15 0x0000000080012077 mem 0x0000000080031f50
core   0: 0x000000008000ff3c (0x00178713) addi    a4, a5, 1
core   0: 3 0x000000008000ff3c (0x00178713) x14 0x0000000080012078
core   0: 0x000000008000ff40 (0xfee43023) sd      a4, -32(s0)
core   0: 3 0x000000008000ff40 (0xfee43023) mem 0x0000000080031f50 0x0000000080012078
core   0: 0x000000008000ff44 (0xfc442703) lw      a4, -60(s0)
core   0: 3 0x000000008000ff44 (0xfc442703) x14 0x0000000000000000 mem 0x0000000080031f34
core   0: 0x000000008000ff48 (0x0ff77713) andi    a4, a4, 255
core   0: 3 0x000000008000ff48 (0x0ff77713) x14 0x0000000000000000
core   0: 0x000000008000ff4c (0x00e78023) sb      a4, 0(a5)
core   0: 3 0x000000008000ff4c (0x00e78023) mem 0x0000000080012077 0x00
core   0: 0x000000008000ff50 (0xfc843703) ld      a4, -56(s0)
core   0: 3 0x000000008000ff50 (0xfc843703) x14 0x0000000080012040 mem 0x0000000080031f38
core   0: 0x000000008000ff54 (0xfb843783) ld      a5, -72(s0)
core   0: 3 0x000000008000ff54 (0xfb843783) x15 0x000000000000009c mem 0x0000000080031f28
core   0: 0x000000008000ff58 (0x000097ba) c.add   a5, a4
core   0: 3 0x000000008000ff58 (0x97ba) x15 0x00000000800120dc
core   0: 0x000000008000ff5a (0xfe043703) ld      a4, -32(s0)
core   0: 3 0x000000008000ff5a (0xfe043703) x14 0x0000000080012078 mem 0x0000000080031f50
core   0: 0x000000008000ff5e (0xfcf76de3) bltu    a4, a5, pc - 38
core   0: 3 0x000000008000ff5e (0xfcf76de3)
core   0: 0x000000008000ff38 (0xfe043783) ld      a5, -32(s0)
core   0: 3 0x000000008000ff38 (0xfe043783) x15 0x0000000080012078 mem 0x0000000080031f50
core   0: 0x000000008000ff3c (0x00178713) addi    a4, a5, 1
core   0: 3 0x000000008000ff3c (0x00178713) x14 0x0000000080012079
core   0: 0x000000008000ff40 (0xfee43023) sd      a4, -32(s0)
core   0: 3 0x000000008000ff40 (0xfee43023) mem 0x0000000080031f50 0x0000000080012079
core   0: 0x000000008000ff44 (0xfc442703) lw      a4, -60(s0)
core   0: 3 0x000000008000ff44 (0xfc442703) x14 0x0000000000000000 mem 0x0000000080031f34
core   0: 0x000000008000ff48 (0x0ff77713) andi    a4, a4, 255
core   0: 3 0x000000008000ff48 (0x0ff77713) x14 0x0000000000000000
core   0: 0x000000008000ff4c (0x00e78023) sb      a4, 0(a5)
core   0: 3 0x000000008000ff4c (0x00e78023) mem 0x0000000080012078 0x00
core   0: 0x000000008000ff50 (0xfc843703) ld      a4, -56(s0)
core   0: 3 0x000000008000ff50 (0xfc843703) x14 0x0000000080012040 mem 0x0000000080031f38
core   0: 0x000000008000ff54 (0xfb843783) ld      a5, -72(s0)
core   0: 3 0x000000008000ff54 (0xfb843783) x15 0x000000000000009c mem 0x0000000080031f28
core   0: 0x000000008000ff58 (0x000097ba) c.add   a5, a4
core   0: 3 0x000000008000ff58 (0x97ba) x15 0x00000000800120dc
core   0: 0x000000008000ff5a (0xfe043703) ld      a4, -32(s0)
core   0: 3 0x000000008000ff5a (0xfe043703) x14 0x0000000080012079 mem 0x0000000080031f50
core   0: 0x000000008000ff5e (0xfcf76de3) bltu    a4, a5, pc - 38
core   0: 3 0x000000008000ff5e (0xfcf76de3)
core   0: 0x000000008000ff38 (0xfe043783) ld      a5, -32(s0)
core   0: 3 0x000000008000ff38 (0xfe043783) x15 0x0000000080012079 mem 0x0000000080031f50
core   0: 0x000000008000ff3c (0x00178713) addi    a4, a5, 1
core   0: 3 0x000000008000ff3c (0x00178713) x14 0x000000008001207a
core   0: 0x000000008000ff40 (0xfee43023) sd      a4, -32(s0)
core   0: 3 0x000000008000ff40 (0xfee43023) mem 0x0000000080031f50 0x000000008001207a
core   0: 0x000000008000ff44 (0xfc442703) lw      a4, -60(s0)
core   0: 3 0x000000008000ff44 (0xfc442703) x14 0x0000000000000000 mem 0x0000000080031f34
core   0: 0x000000008000ff48 (0x0ff77713) andi    a4, a4, 255
core   0: 3 0x000000008000ff48 (0x0ff77713) x14 0x0000000000000000
core   0: 0x000000008000ff4c (0x00e78023) sb      a4, 0(a5)
core   0: 3 0x000000008000ff4c (0x00e78023) mem 0x0000000080012079 0x00
core   0: 0x000000008000ff50 (0xfc843703) ld      a4, -56(s0)
core   0: 3 0x000000008000ff50 (0xfc843703) x14 0x0000000080012040 mem 0x0000000080031f38
core   0: 0x000000008000ff54 (0xfb843783) ld      a5, -72(s0)
core   0: 3 0x000000008000ff54 (0xfb843783) x15 0x000000000000009c mem 0x0000000080031f28
core   0: 0x000000008000ff58 (0x000097ba) c.add   a5, a4
core   0: 3 0x000000008000ff58 (0x97ba) x15 0x00000000800120dc
core   0: 0x000000008000ff5a (0xfe043703) ld      a4, -32(s0)
core   0: 3 0x000000008000ff5a (0xfe043703) x14 0x000000008001207a mem 0x0000000080031f50
core   0: 0x000000008000ff5e (0xfcf76de3) bltu    a4, a5, pc - 38
core   0: 3 0x000000008000ff5e (0xfcf76de3)
core   0: 0x000000008000ff38 (0xfe043783) ld      a5, -32(s0)
core   0: 3 0x000000008000ff38 (0xfe043783) x15 0x000000008001207a mem 0x0000000080031f50
core   0: 0x000000008000ff3c (0x00178713) addi    a4, a5, 1
core   0: 3 0x000000008000ff3c (0x00178713) x14 0x000000008001207b
core   0: 0x000000008000ff40 (0xfee43023) sd      a4, -32(s0)
core   0: 3 0x000000008000ff40 (0xfee43023) mem 0x0000000080031f50 0x000000008001207b
core   0: 0x000000008000ff44 (0xfc442703) lw      a4, -60(s0)
core   0: 3 0x000000008000ff44 (0xfc442703) x14 0x0000000000000000 mem 0x0000000080031f34
core   0: 0x000000008000ff48 (0x0ff77713) andi    a4, a4, 255
core   0: 3 0x000000008000ff48 (0x0ff77713) x14 0x0000000000000000
core   0: 0x000000008000ff4c (0x00e78023) sb      a4, 0(a5)
core   0: 3 0x000000008000ff4c (0x00e78023) mem 0x000000008001207a 0x00
core   0: 0x000000008000ff50 (0xfc843703) ld      a4, -56(s0)
core   0: 3 0x000000008000ff50 (0xfc843703) x14 0x0000000080012040 mem 0x0000000080031f38
core   0: 0x000000008000ff54 (0xfb843783) ld      a5, -72(s0)
core   0: 3 0x000000008000ff54 (0xfb843783) x15 0x000000000000009c mem 0x0000000080031f28
core   0: 0x000000008000ff58 (0x000097ba) c.add   a5, a4
core   0: 3 0x000000008000ff58 (0x97ba) x15 0x00000000800120dc
core   0: 0x000000008000ff5a (0xfe043703) ld      a4, -32(s0)
core   0: 3 0x000000008000ff5a (0xfe043703) x14 0x000000008001207b mem 0x0000000080031f50
core   0: 0x000000008000ff5e (0xfcf76de3) bltu    a4, a5, pc - 38
core   0: 3 0x000000008000ff5e (0xfcf76de3)
core   0: 0x000000008000ff38 (0xfe043783) ld      a5, -32(s0)
core   0: 3 0x000000008000ff38 (0xfe043783) x15 0x000000008001207b mem 0x0000000080031f50
core   0: 0x000000008000ff3c (0x00178713) addi    a4, a5, 1
core   0: 3 0x000000008000ff3c (0x00178713) x14 0x000000008001207c
core   0: 0x000000008000ff40 (0xfee43023) sd      a4, -32(s0)
core   0: 3 0x000000008000ff40 (0xfee43023) mem 0x0000000080031f50 0x000000008001207c
core   0: 0x000000008000ff44 (0xfc442703) lw      a4, -60(s0)
core   0: 3 0x000000008000ff44 (0xfc442703) x14 0x0000000000000000 mem 0x0000000080031f34
core   0: 0x000000008000ff48 (0x0ff77713) andi    a4, a4, 255
core   0: 3 0x000000008000ff48 (0x0ff77713) x14 0x0000000000000000
core   0: 0x000000008000ff4c (0x00e78023) sb      a4, 0(a5)
core   0: 3 0x000000008000ff4c (0x00e78023) mem 0x000000008001207b 0x00
core   0: 0x000000008000ff50 (0xfc843703) ld      a4, -56(s0)
core   0: 3 0x000000008000ff50 (0xfc843703) x14 0x0000000080012040 mem 0x0000000080031f38
core   0: 0x000000008000ff54 (0xfb843783) ld      a5, -72(s0)
core   0: 3 0x000000008000ff54 (0xfb843783) x15 0x000000000000009c mem 0x0000000080031f28
core   0: 0x000000008000ff58 (0x000097ba) c.add   a5, a4
core   0: 3 0x000000008000ff58 (0x97ba) x15 0x00000000800120dc
core   0: 0x000000008000ff5a (0xfe043703) ld      a4, -32(s0)
core   0: 3 0x000000008000ff5a (0xfe043703) x14 0x000000008001207c mem 0x0000000080031f50
core   0: 0x000000008000ff5e (0xfcf76de3) bltu    a4, a5, pc - 38
core   0: 3 0x000000008000ff5e (0xfcf76de3)
core   0: 0x000000008000ff38 (0xfe043783) ld      a5, -32(s0)
core   0: 3 0x000000008000ff38 (0xfe043783) x15 0x000000008001207c mem 0x0000000080031f50
core   0: 0x000000008000ff3c (0x00178713) addi    a4, a5, 1
core   0: 3 0x000000008000ff3c (0x00178713) x14 0x000000008001207d
core   0: 0x000000008000ff40 (0xfee43023) sd      a4, -32(s0)
core   0: 3 0x000000008000ff40 (0xfee43023) mem 0x0000000080031f50 0x000000008001207d
core   0: 0x000000008000ff44 (0xfc442703) lw      a4, -60(s0)
core   0: 3 0x000000008000ff44 (0xfc442703) x14 0x0000000000000000 mem 0x0000000080031f34
core   0: 0x000000008000ff48 (0x0ff77713) andi    a4, a4, 255
core   0: 3 0x000000008000ff48 (0x0ff77713) x14 0x0000000000000000
core   0: 0x000000008000ff4c (0x00e78023) sb      a4, 0(a5)
core   0: 3 0x000000008000ff4c (0x00e78023) mem 0x000000008001207c 0x00
core   0: 0x000000008000ff50 (0xfc843703) ld      a4, -56(s0)
core   0: 3 0x000000008000ff50 (0xfc843703) x14 0x0000000080012040 mem 0x0000000080031f38
core   0: 0x000000008000ff54 (0xfb843783) ld      a5, -72(s0)
core   0: 3 0x000000008000ff54 (0xfb843783) x15 0x000000000000009c mem 0x0000000080031f28
core   0: 0x000000008000ff58 (0x000097ba) c.add   a5, a4
core   0: 3 0x000000008000ff58 (0x97ba) x15 0x00000000800120dc
core   0: 0x000000008000ff5a (0xfe043703) ld      a4, -32(s0)
core   0: 3 0x000000008000ff5a (0xfe043703) x14 0x000000008001207d mem 0x0000000080031f50
core   0: 0x000000008000ff5e (0xfcf76de3) bltu    a4, a5, pc - 38
core   0: 3 0x000000008000ff5e (0xfcf76de3)
core   0: 0x000000008000ff38 (0xfe043783) ld      a5, -32(s0)
core   0: 3 0x000000008000ff38 (0xfe043783) x15 0x000000008001207d mem 0x0000000080031f50
core   0: 0x000000008000ff3c (0x00178713) addi    a4, a5, 1
core   0: 3 0x000000008000ff3c (0x00178713) x14 0x000000008001207e
core   0: 0x000000008000ff40 (0xfee43023) sd      a4, -32(s0)
core   0: 3 0x000000008000ff40 (0xfee43023) mem 0x0000000080031f50 0x000000008001207e
core   0: 0x000000008000ff44 (0xfc442703) lw      a4, -60(s0)
core   0: 3 0x000000008000ff44 (0xfc442703) x14 0x0000000000000000 mem 0x0000000080031f34
core   0: 0x000000008000ff48 (0x0ff77713) andi    a4, a4, 255
core   0: 3 0x000000008000ff48 (0x0ff77713) x14 0x0000000000000000
core   0: 0x000000008000ff4c (0x00e78023) sb      a4, 0(a5)
core   0: 3 0x000000008000ff4c (0x00e78023) mem 0x000000008001207d 0x00
core   0: 0x000000008000ff50 (0xfc843703) ld      a4, -56(s0)
core   0: 3 0x000000008000ff50 (0xfc843703) x14 0x0000000080012040 mem 0x0000000080031f38
core   0: 0x000000008000ff54 (0xfb843783) ld      a5, -72(s0)
core   0: 3 0x000000008000ff54 (0xfb843783) x15 0x000000000000009c mem 0x0000000080031f28
core   0: 0x000000008000ff58 (0x000097ba) c.add   a5, a4
core   0: 3 0x000000008000ff58 (0x97ba) x15 0x00000000800120dc
core   0: 0x000000008000ff5a (0xfe043703) ld      a4, -32(s0)
core   0: 3 0x000000008000ff5a (0xfe043703) x14 0x000000008001207e mem 0x0000000080031f50
core   0: 0x000000008000ff5e (0xfcf76de3) bltu    a4, a5, pc - 38
core   0: 3 0x000000008000ff5e (0xfcf76de3)
core   0: 0x000000008000ff38 (0xfe043783) ld      a5, -32(s0)
core   0: 3 0x000000008000ff38 (0xfe043783) x15 0x000000008001207e mem 0x0000000080031f50
core   0: 0x000000008000ff3c (0x00178713) addi    a4, a5, 1
core   0: 3 0x000000008000ff3c (0x00178713) x14 0x000000008001207f
core   0: 0x000000008000ff40 (0xfee43023) sd      a4, -32(s0)
core   0: 3 0x000000008000ff40 (0xfee43023) mem 0x0000000080031f50 0x000000008001207f
core   0: 0x000000008000ff44 (0xfc442703) lw      a4, -60(s0)
core   0: 3 0x000000008000ff44 (0xfc442703) x14 0x0000000000000000 mem 0x0000000080031f34
core   0: 0x000000008000ff48 (0x0ff77713) andi    a4, a4, 255
core   0: 3 0x000000008000ff48 (0x0ff77713) x14 0x0000000000000000
core   0: 0x000000008000ff4c (0x00e78023) sb      a4, 0(a5)
core   0: 3 0x000000008000ff4c (0x00e78023) mem 0x000000008001207e 0x00
core   0: 0x000000008000ff50 (0xfc843703) ld      a4, -56(s0)
core   0: 3 0x000000008000ff50 (0xfc843703) x14 0x0000000080012040 mem 0x0000000080031f38
core   0: 0x000000008000ff54 (0xfb843783) ld      a5, -72(s0)
core   0: 3 0x000000008000ff54 (0xfb843783) x15 0x000000000000009c mem 0x0000000080031f28
core   0: 0x000000008000ff58 (0x000097ba) c.add   a5, a4
core   0: 3 0x000000008000ff58 (0x97ba) x15 0x00000000800120dc
core   0: 0x000000008000ff5a (0xfe043703) ld      a4, -32(s0)
core   0: 3 0x000000008000ff5a (0xfe043703) x14 0x000000008001207f mem 0x0000000080031f50
core   0: 0x000000008000ff5e (0xfcf76de3) bltu    a4, a5, pc - 38
core   0: 3 0x000000008000ff5e (0xfcf76de3)
core   0: 0x000000008000ff38 (0xfe043783) ld      a5, -32(s0)
core   0: 3 0x000000008000ff38 (0xfe043783) x15 0x000000008001207f mem 0x0000000080031f50
core   0: 0x000000008000ff3c (0x00178713) addi    a4, a5, 1
core   0: 3 0x000000008000ff3c (0x00178713) x14 0x0000000080012080
core   0: 0x000000008000ff40 (0xfee43023) sd      a4, -32(s0)
core   0: 3 0x000000008000ff40 (0xfee43023) mem 0x0000000080031f50 0x0000000080012080
core   0: 0x000000008000ff44 (0xfc442703) lw      a4, -60(s0)
core   0: 3 0x000000008000ff44 (0xfc442703) x14 0x0000000000000000 mem 0x0000000080031f34
core   0: 0x000000008000ff48 (0x0ff77713) andi    a4, a4, 255
core   0: 3 0x000000008000ff48 (0x0ff77713) x14 0x0000000000000000
core   0: 0x000000008000ff4c (0x00e78023) sb      a4, 0(a5)
core   0: 3 0x000000008000ff4c (0x00e78023) mem 0x000000008001207f 0x00
core   0: 0x000000008000ff50 (0xfc843703) ld      a4, -56(s0)
core   0: 3 0x000000008000ff50 (0xfc843703) x14 0x0000000080012040 mem 0x0000000080031f38
core   0: 0x000000008000ff54 (0xfb843783) ld      a5, -72(s0)
core   0: 3 0x000000008000ff54 (0xfb843783) x15 0x000000000000009c mem 0x0000000080031f28
core   0: 0x000000008000ff58 (0x000097ba) c.add   a5, a4
core   0: 3 0x000000008000ff58 (0x97ba) x15 0x00000000800120dc
core   0: 0x000000008000ff5a (0xfe043703) ld      a4, -32(s0)
core   0: 3 0x000000008000ff5a (0xfe043703) x14 0x0000000080012080 mem 0x0000000080031f50
core   0: 0x000000008000ff5e (0xfcf76de3) bltu    a4, a5, pc - 38
core   0: 3 0x000000008000ff5e (0xfcf76de3)
core   0: 0x000000008000ff38 (0xfe043783) ld      a5, -32(s0)
core   0: 3 0x000000008000ff38 (0xfe043783) x15 0x0000000080012080 mem 0x0000000080031f50
core   0: 0x000000008000ff3c (0x00178713) addi    a4, a5, 1
core   0: 3 0x000000008000ff3c (0x00178713) x14 0x0000000080012081
core   0: 0x000000008000ff40 (0xfee43023) sd      a4, -32(s0)
core   0: 3 0x000000008000ff40 (0xfee43023) mem 0x0000000080031f50 0x0000000080012081
core   0: 0x000000008000ff44 (0xfc442703) lw      a4, -60(s0)
core   0: 3 0x000000008000ff44 (0xfc442703) x14 0x0000000000000000 mem 0x0000000080031f34
core   0: 0x000000008000ff48 (0x0ff77713) andi    a4, a4, 255
core   0: 3 0x000000008000ff48 (0x0ff77713) x14 0x0000000000000000
core   0: 0x000000008000ff4c (0x00e78023) sb      a4, 0(a5)
core   0: 3 0x000000008000ff4c (0x00e78023) mem 0x0000000080012080 0x00
core   0: 0x000000008000ff50 (0xfc843703) ld      a4, -56(s0)
core   0: 3 0x000000008000ff50 (0xfc843703) x14 0x0000000080012040 mem 0x0000000080031f38
core   0: 0x000000008000ff54 (0xfb843783) ld      a5, -72(s0)
core   0: 3 0x000000008000ff54 (0xfb843783) x15 0x000000000000009c mem 0x0000000080031f28
core   0: 0x000000008000ff58 (0x000097ba) c.add   a5, a4
core   0: 3 0x000000008000ff58 (0x97ba) x15 0x00000000800120dc
core   0: 0x000000008000ff5a (0xfe043703) ld      a4, -32(s0)
core   0: 3 0x000000008000ff5a (0xfe043703) x14 0x0000000080012081 mem 0x0000000080031f50
core   0: 0x000000008000ff5e (0xfcf76de3) bltu    a4, a5, pc - 38
core   0: 3 0x000000008000ff5e (0xfcf76de3)
core   0: 0x000000008000ff38 (0xfe043783) ld      a5, -32(s0)
core   0: 3 0x000000008000ff38 (0xfe043783) x15 0x0000000080012081 mem 0x0000000080031f50
core   0: 0x000000008000ff3c (0x00178713) addi    a4, a5, 1
core   0: 3 0x000000008000ff3c (0x00178713) x14 0x0000000080012082
core   0: 0x000000008000ff40 (0xfee43023) sd      a4, -32(s0)
core   0: 3 0x000000008000ff40 (0xfee43023) mem 0x0000000080031f50 0x0000000080012082
core   0: 0x000000008000ff44 (0xfc442703) lw      a4, -60(s0)
core   0: 3 0x000000008000ff44 (0xfc442703) x14 0x0000000000000000 mem 0x0000000080031f34
core   0: 0x000000008000ff48 (0x0ff77713) andi    a4, a4, 255
core   0: 3 0x000000008000ff48 (0x0ff77713) x14 0x0000000000000000
core   0: 0x000000008000ff4c (0x00e78023) sb      a4, 0(a5)
core   0: 3 0x000000008000ff4c (0x00e78023) mem 0x0000000080012081 0x00
core   0: 0x000000008000ff50 (0xfc843703) ld      a4, -56(s0)
core   0: 3 0x000000008000ff50 (0xfc843703) x14 0x0000000080012040 mem 0x0000000080031f38
core   0: 0x000000008000ff54 (0xfb843783) ld      a5, -72(s0)
core   0: 3 0x000000008000ff54 (0xfb843783) x15 0x000000000000009c mem 0x0000000080031f28
core   0: 0x000000008000ff58 (0x000097ba) c.add   a5, a4
core   0: 3 0x000000008000ff58 (0x97ba) x15 0x00000000800120dc
core   0: 0x000000008000ff5a (0xfe043703) ld      a4, -32(s0)
core   0: 3 0x000000008000ff5a (0xfe043703) x14 0x0000000080012082 mem 0x0000000080031f50
core   0: 0x000000008000ff5e (0xfcf76de3) bltu    a4, a5, pc - 38
core   0: 3 0x000000008000ff5e (0xfcf76de3)
core   0: 0x000000008000ff38 (0xfe043783) ld      a5, -32(s0)
core   0: 3 0x000000008000ff38 (0xfe043783) x15 0x0000000080012082 mem 0x0000000080031f50
core   0: 0x000000008000ff3c (0x00178713) addi    a4, a5, 1
core   0: 3 0x000000008000ff3c (0x00178713) x14 0x0000000080012083
core   0: 0x000000008000ff40 (0xfee43023) sd      a4, -32(s0)
core   0: 3 0x000000008000ff40 (0xfee43023) mem 0x0000000080031f50 0x0000000080012083
core   0: 0x000000008000ff44 (0xfc442703) lw      a4, -60(s0)
core   0: 3 0x000000008000ff44 (0xfc442703) x14 0x0000000000000000 mem 0x0000000080031f34
core   0: 0x000000008000ff48 (0x0ff77713) andi    a4, a4, 255
core   0: 3 0x000000008000ff48 (0x0ff77713) x14 0x0000000000000000
core   0: 0x000000008000ff4c (0x00e78023) sb      a4, 0(a5)
core   0: 3 0x000000008000ff4c (0x00e78023) mem 0x0000000080012082 0x00
core   0: 0x000000008000ff50 (0xfc843703) ld      a4, -56(s0)
core   0: 3 0x000000008000ff50 (0xfc843703) x14 0x0000000080012040 mem 0x0000000080031f38
core   0: 0x000000008000ff54 (0xfb843783) ld      a5, -72(s0)
core   0: 3 0x000000008000ff54 (0xfb843783) x15 0x000000000000009c mem 0x0000000080031f28
core   0: 0x000000008000ff58 (0x000097ba) c.add   a5, a4
core   0: 3 0x000000008000ff58 (0x97ba) x15 0x00000000800120dc
core   0: 0x000000008000ff5a (0xfe043703) ld      a4, -32(s0)
core   0: 3 0x000000008000ff5a (0xfe043703) x14 0x0000000080012083 mem 0x0000000080031f50
core   0: 0x000000008000ff5e (0xfcf76de3) bltu    a4, a5, pc - 38
core   0: 3 0x000000008000ff5e (0xfcf76de3)
core   0: 0x000000008000ff38 (0xfe043783) ld      a5, -32(s0)
core   0: 3 0x000000008000ff38 (0xfe043783) x15 0x0000000080012083 mem 0x0000000080031f50
core   0: 0x000000008000ff3c (0x00178713) addi    a4, a5, 1
core   0: 3 0x000000008000ff3c (0x00178713) x14 0x0000000080012084
core   0: 0x000000008000ff40 (0xfee43023) sd      a4, -32(s0)
core   0: 3 0x000000008000ff40 (0xfee43023) mem 0x0000000080031f50 0x0000000080012084
core   0: 0x000000008000ff44 (0xfc442703) lw      a4, -60(s0)
core   0: 3 0x000000008000ff44 (0xfc442703) x14 0x0000000000000000 mem 0x0000000080031f34
core   0: 0x000000008000ff48 (0x0ff77713) andi    a4, a4, 255
core   0: 3 0x000000008000ff48 (0x0ff77713) x14 0x0000000000000000
core   0: 0x000000008000ff4c (0x00e78023) sb      a4, 0(a5)
core   0: 3 0x000000008000ff4c (0x00e78023) mem 0x0000000080012083 0x00
core   0: 0x000000008000ff50 (0xfc843703) ld      a4, -56(s0)
core   0: 3 0x000000008000ff50 (0xfc843703) x14 0x0000000080012040 mem 0x0000000080031f38
core   0: 0x000000008000ff54 (0xfb843783) ld      a5, -72(s0)
core   0: 3 0x000000008000ff54 (0xfb843783) x15 0x000000000000009c mem 0x0000000080031f28
core   0: 0x000000008000ff58 (0x000097ba) c.add   a5, a4
core   0: 3 0x000000008000ff58 (0x97ba) x15 0x00000000800120dc
core   0: 0x000000008000ff5a (0xfe043703) ld      a4, -32(s0)
core   0: 3 0x000000008000ff5a (0xfe043703) x14 0x0000000080012084 mem 0x0000000080031f50
core   0: 0x000000008000ff5e (0xfcf76de3) bltu    a4, a5, pc - 38
core   0: 3 0x000000008000ff5e (0xfcf76de3)
core   0: 0x000000008000ff38 (0xfe043783) ld      a5, -32(s0)
core   0: 3 0x000000008000ff38 (0xfe043783) x15 0x0000000080012084 mem 0x0000000080031f50
core   0: 0x000000008000ff3c (0x00178713) addi    a4, a5, 1
core   0: 3 0x000000008000ff3c (0x00178713) x14 0x0000000080012085
core   0: 0x000000008000ff40 (0xfee43023) sd      a4, -32(s0)
core   0: 3 0x000000008000ff40 (0xfee43023) mem 0x0000000080031f50 0x0000000080012085
core   0: 0x000000008000ff44 (0xfc442703) lw      a4, -60(s0)
core   0: 3 0x000000008000ff44 (0xfc442703) x14 0x0000000000000000 mem 0x0000000080031f34
core   0: 0x000000008000ff48 (0x0ff77713) andi    a4, a4, 255
core   0: 3 0x000000008000ff48 (0x0ff77713) x14 0x0000000000000000
core   0: 0x000000008000ff4c (0x00e78023) sb      a4, 0(a5)
core   0: 3 0x000000008000ff4c (0x00e78023) mem 0x0000000080012084 0x00
core   0: 0x000000008000ff50 (0xfc843703) ld      a4, -56(s0)
core   0: 3 0x000000008000ff50 (0xfc843703) x14 0x0000000080012040 mem 0x0000000080031f38
core   0: 0x000000008000ff54 (0xfb843783) ld      a5, -72(s0)
core   0: 3 0x000000008000ff54 (0xfb843783) x15 0x000000000000009c mem 0x0000000080031f28
core   0: 0x000000008000ff58 (0x000097ba) c.add   a5, a4
core   0: 3 0x000000008000ff58 (0x97ba) x15 0x00000000800120dc
core   0: 0x000000008000ff5a (0xfe043703) ld      a4, -32(s0)
core   0: 3 0x000000008000ff5a (0xfe043703) x14 0x0000000080012085 mem 0x0000000080031f50
core   0: 0x000000008000ff5e (0xfcf76de3) bltu    a4, a5, pc - 38
core   0: 3 0x000000008000ff5e (0xfcf76de3)
core   0: 0x000000008000ff38 (0xfe043783) ld      a5, -32(s0)
core   0: 3 0x000000008000ff38 (0xfe043783) x15 0x0000000080012085 mem 0x0000000080031f50
core   0: 0x000000008000ff3c (0x00178713) addi    a4, a5, 1
core   0: 3 0x000000008000ff3c (0x00178713) x14 0x0000000080012086
core   0: 0x000000008000ff40 (0xfee43023) sd      a4, -32(s0)
core   0: 3 0x000000008000ff40 (0xfee43023) mem 0x0000000080031f50 0x0000000080012086
core   0: 0x000000008000ff44 (0xfc442703) lw      a4, -60(s0)
core   0: 3 0x000000008000ff44 (0xfc442703) x14 0x0000000000000000 mem 0x0000000080031f34
core   0: 0x000000008000ff48 (0x0ff77713) andi    a4, a4, 255
core   0: 3 0x000000008000ff48 (0x0ff77713) x14 0x0000000000000000
core   0: 0x000000008000ff4c (0x00e78023) sb      a4, 0(a5)
core   0: 3 0x000000008000ff4c (0x00e78023) mem 0x0000000080012085 0x00
core   0: 0x000000008000ff50 (0xfc843703) ld      a4, -56(s0)
core   0: 3 0x000000008000ff50 (0xfc843703) x14 0x0000000080012040 mem 0x0000000080031f38
core   0: 0x000000008000ff54 (0xfb843783) ld      a5, -72(s0)
core   0: 3 0x000000008000ff54 (0xfb843783) x15 0x000000000000009c mem 0x0000000080031f28
core   0: 0x000000008000ff58 (0x000097ba) c.add   a5, a4
core   0: 3 0x000000008000ff58 (0x97ba) x15 0x00000000800120dc
core   0: 0x000000008000ff5a (0xfe043703) ld      a4, -32(s0)
core   0: 3 0x000000008000ff5a (0xfe043703) x14 0x0000000080012086 mem 0x0000000080031f50
core   0: 0x000000008000ff5e (0xfcf76de3) bltu    a4, a5, pc - 38
core   0: 3 0x000000008000ff5e (0xfcf76de3)
core   0: 0x000000008000ff38 (0xfe043783) ld      a5, -32(s0)
core   0: 3 0x000000008000ff38 (0xfe043783) x15 0x0000000080012086 mem 0x0000000080031f50
core   0: 0x000000008000ff3c (0x00178713) addi    a4, a5, 1
core   0: 3 0x000000008000ff3c (0x00178713) x14 0x0000000080012087
core   0: 0x000000008000ff40 (0xfee43023) sd      a4, -32(s0)
core   0: 3 0x000000008000ff40 (0xfee43023) mem 0x0000000080031f50 0x0000000080012087
core   0: 0x000000008000ff44 (0xfc442703) lw      a4, -60(s0)
core   0: 3 0x000000008000ff44 (0xfc442703) x14 0x0000000000000000 mem 0x0000000080031f34
core   0: 0x000000008000ff48 (0x0ff77713) andi    a4, a4, 255
core   0: 3 0x000000008000ff48 (0x0ff77713) x14 0x0000000000000000
core   0: 0x000000008000ff4c (0x00e78023) sb      a4, 0(a5)
core   0: 3 0x000000008000ff4c (0x00e78023) mem 0x0000000080012086 0x00
core   0: 0x000000008000ff50 (0xfc843703) ld      a4, -56(s0)
core   0: 3 0x000000008000ff50 (0xfc843703) x14 0x0000000080012040 mem 0x0000000080031f38
core   0: 0x000000008000ff54 (0xfb843783) ld      a5, -72(s0)
core   0: 3 0x000000008000ff54 (0xfb843783) x15 0x000000000000009c mem 0x0000000080031f28
core   0: 0x000000008000ff58 (0x000097ba) c.add   a5, a4
core   0: 3 0x000000008000ff58 (0x97ba) x15 0x00000000800120dc
core   0: 0x000000008000ff5a (0xfe043703) ld      a4, -32(s0)
core   0: 3 0x000000008000ff5a (0xfe043703) x14 0x0000000080012087 mem 0x0000000080031f50
core   0: 0x000000008000ff5e (0xfcf76de3) bltu    a4, a5, pc - 38
core   0: 3 0x000000008000ff5e (0xfcf76de3)
core   0: 0x000000008000ff38 (0xfe043783) ld      a5, -32(s0)
core   0: 3 0x000000008000ff38 (0xfe043783) x15 0x0000000080012087 mem 0x0000000080031f50
core   0: 0x000000008000ff3c (0x00178713) addi    a4, a5, 1
core   0: 3 0x000000008000ff3c (0x00178713) x14 0x0000000080012088
core   0: 0x000000008000ff40 (0xfee43023) sd      a4, -32(s0)
core   0: 3 0x000000008000ff40 (0xfee43023) mem 0x0000000080031f50 0x0000000080012088
core   0: 0x000000008000ff44 (0xfc442703) lw      a4, -60(s0)
core   0: 3 0x000000008000ff44 (0xfc442703) x14 0x0000000000000000 mem 0x0000000080031f34
core   0: 0x000000008000ff48 (0x0ff77713) andi    a4, a4, 255
core   0: 3 0x000000008000ff48 (0x0ff77713) x14 0x0000000000000000
core   0: 0x000000008000ff4c (0x00e78023) sb      a4, 0(a5)
core   0: 3 0x000000008000ff4c (0x00e78023) mem 0x0000000080012087 0x00
core   0: 0x000000008000ff50 (0xfc843703) ld      a4, -56(s0)
core   0: 3 0x000000008000ff50 (0xfc843703) x14 0x0000000080012040 mem 0x0000000080031f38
core   0: 0x000000008000ff54 (0xfb843783) ld      a5, -72(s0)
core   0: 3 0x000000008000ff54 (0xfb843783) x15 0x000000000000009c mem 0x0000000080031f28
core   0: 0x000000008000ff58 (0x000097ba) c.add   a5, a4
core   0: 3 0x000000008000ff58 (0x97ba) x15 0x00000000800120dc
core   0: 0x000000008000ff5a (0xfe043703) ld      a4, -32(s0)
core   0: 3 0x000000008000ff5a (0xfe043703) x14 0x0000000080012088 mem 0x0000000080031f50
core   0: 0x000000008000ff5e (0xfcf76de3) bltu    a4, a5, pc - 38
core   0: 3 0x000000008000ff5e (0xfcf76de3)
core   0: 0x000000008000ff38 (0xfe043783) ld      a5, -32(s0)
core   0: 3 0x000000008000ff38 (0xfe043783) x15 0x0000000080012088 mem 0x0000000080031f50
core   0: 0x000000008000ff3c (0x00178713) addi    a4, a5, 1
core   0: 3 0x000000008000ff3c (0x00178713) x14 0x0000000080012089
core   0: 0x000000008000ff40 (0xfee43023) sd      a4, -32(s0)
core   0: 3 0x000000008000ff40 (0xfee43023) mem 0x0000000080031f50 0x0000000080012089
core   0: 0x000000008000ff44 (0xfc442703) lw      a4, -60(s0)
core   0: 3 0x000000008000ff44 (0xfc442703) x14 0x0000000000000000 mem 0x0000000080031f34
core   0: 0x000000008000ff48 (0x0ff77713) andi    a4, a4, 255
core   0: 3 0x000000008000ff48 (0x0ff77713) x14 0x0000000000000000
core   0: 0x000000008000ff4c (0x00e78023) sb      a4, 0(a5)
core   0: 3 0x000000008000ff4c (0x00e78023) mem 0x0000000080012088 0x00
core   0: 0x000000008000ff50 (0xfc843703) ld      a4, -56(s0)
core   0: 3 0x000000008000ff50 (0xfc843703) x14 0x0000000080012040 mem 0x0000000080031f38
core   0: 0x000000008000ff54 (0xfb843783) ld      a5, -72(s0)
core   0: 3 0x000000008000ff54 (0xfb843783) x15 0x000000000000009c mem 0x0000000080031f28
core   0: 0x000000008000ff58 (0x000097ba) c.add   a5, a4
core   0: 3 0x000000008000ff58 (0x97ba) x15 0x00000000800120dc
core   0: 0x000000008000ff5a (0xfe043703) ld      a4, -32(s0)
core   0: 3 0x000000008000ff5a (0xfe043703) x14 0x0000000080012089 mem 0x0000000080031f50
core   0: 0x000000008000ff5e (0xfcf76de3) bltu    a4, a5, pc - 38
core   0: 3 0x000000008000ff5e (0xfcf76de3)
core   0: 0x000000008000ff38 (0xfe043783) ld      a5, -32(s0)
core   0: 3 0x000000008000ff38 (0xfe043783) x15 0x0000000080012089 mem 0x0000000080031f50
core   0: 0x000000008000ff3c (0x00178713) addi    a4, a5, 1
core   0: 3 0x000000008000ff3c (0x00178713) x14 0x000000008001208a
core   0: 0x000000008000ff40 (0xfee43023) sd      a4, -32(s0)
core   0: 3 0x000000008000ff40 (0xfee43023) mem 0x0000000080031f50 0x000000008001208a
core   0: 0x000000008000ff44 (0xfc442703) lw      a4, -60(s0)
core   0: 3 0x000000008000ff44 (0xfc442703) x14 0x0000000000000000 mem 0x0000000080031f34
core   0: 0x000000008000ff48 (0x0ff77713) andi    a4, a4, 255
core   0: 3 0x000000008000ff48 (0x0ff77713) x14 0x0000000000000000
core   0: 0x000000008000ff4c (0x00e78023) sb      a4, 0(a5)
core   0: 3 0x000000008000ff4c (0x00e78023) mem 0x0000000080012089 0x00
core   0: 0x000000008000ff50 (0xfc843703) ld      a4, -56(s0)
core   0: 3 0x000000008000ff50 (0xfc843703) x14 0x0000000080012040 mem 0x0000000080031f38
core   0: 0x000000008000ff54 (0xfb843783) ld      a5, -72(s0)
core   0: 3 0x000000008000ff54 (0xfb843783) x15 0x000000000000009c mem 0x0000000080031f28
core   0: 0x000000008000ff58 (0x000097ba) c.add   a5, a4
core   0: 3 0x000000008000ff58 (0x97ba) x15 0x00000000800120dc
core   0: 0x000000008000ff5a (0xfe043703) ld      a4, -32(s0)
core   0: 3 0x000000008000ff5a (0xfe043703) x14 0x000000008001208a mem 0x0000000080031f50
core   0: 0x000000008000ff5e (0xfcf76de3) bltu    a4, a5, pc - 38
core   0: 3 0x000000008000ff5e (0xfcf76de3)
core   0: 0x000000008000ff38 (0xfe043783) ld      a5, -32(s0)
core   0: 3 0x000000008000ff38 (0xfe043783) x15 0x000000008001208a mem 0x0000000080031f50
core   0: 0x000000008000ff3c (0x00178713) addi    a4, a5, 1
core   0: 3 0x000000008000ff3c (0x00178713) x14 0x000000008001208b
core   0: 0x000000008000ff40 (0xfee43023) sd      a4, -32(s0)
core   0: 3 0x000000008000ff40 (0xfee43023) mem 0x0000000080031f50 0x000000008001208b
core   0: 0x000000008000ff44 (0xfc442703) lw      a4, -60(s0)
core   0: 3 0x000000008000ff44 (0xfc442703) x14 0x0000000000000000 mem 0x0000000080031f34
core   0: 0x000000008000ff48 (0x0ff77713) andi    a4, a4, 255
core   0: 3 0x000000008000ff48 (0x0ff77713) x14 0x0000000000000000
core   0: 0x000000008000ff4c (0x00e78023) sb      a4, 0(a5)
core   0: 3 0x000000008000ff4c (0x00e78023) mem 0x000000008001208a 0x00
core   0: 0x000000008000ff50 (0xfc843703) ld      a4, -56(s0)
core   0: 3 0x000000008000ff50 (0xfc843703) x14 0x0000000080012040 mem 0x0000000080031f38
core   0: 0x000000008000ff54 (0xfb843783) ld      a5, -72(s0)
core   0: 3 0x000000008000ff54 (0xfb843783) x15 0x000000000000009c mem 0x0000000080031f28
core   0: 0x000000008000ff58 (0x000097ba) c.add   a5, a4
core   0: 3 0x000000008000ff58 (0x97ba) x15 0x00000000800120dc
core   0: 0x000000008000ff5a (0xfe043703) ld      a4, -32(s0)
core   0: 3 0x000000008000ff5a (0xfe043703) x14 0x000000008001208b mem 0x0000000080031f50
core   0: 0x000000008000ff5e (0xfcf76de3) bltu    a4, a5, pc - 38
core   0: 3 0x000000008000ff5e (0xfcf76de3)
core   0: 0x000000008000ff38 (0xfe043783) ld      a5, -32(s0)
core   0: 3 0x000000008000ff38 (0xfe043783) x15 0x000000008001208b mem 0x0000000080031f50
core   0: 0x000000008000ff3c (0x00178713) addi    a4, a5, 1
core   0: 3 0x000000008000ff3c (0x00178713) x14 0x000000008001208c
core   0: 0x000000008000ff40 (0xfee43023) sd      a4, -32(s0)
core   0: 3 0x000000008000ff40 (0xfee43023) mem 0x0000000080031f50 0x000000008001208c
core   0: 0x000000008000ff44 (0xfc442703) lw      a4, -60(s0)
core   0: 3 0x000000008000ff44 (0xfc442703) x14 0x0000000000000000 mem 0x0000000080031f34
core   0: 0x000000008000ff48 (0x0ff77713) andi    a4, a4, 255
core   0: 3 0x000000008000ff48 (0x0ff77713) x14 0x0000000000000000
core   0: 0x000000008000ff4c (0x00e78023) sb      a4, 0(a5)
core   0: 3 0x000000008000ff4c (0x00e78023) mem 0x000000008001208b 0x00
core   0: 0x000000008000ff50 (0xfc843703) ld      a4, -56(s0)
core   0: 3 0x000000008000ff50 (0xfc843703) x14 0x0000000080012040 mem 0x0000000080031f38
core   0: 0x000000008000ff54 (0xfb843783) ld      a5, -72(s0)
core   0: 3 0x000000008000ff54 (0xfb843783) x15 0x000000000000009c mem 0x0000000080031f28
core   0: 0x000000008000ff58 (0x000097ba) c.add   a5, a4
core   0: 3 0x000000008000ff58 (0x97ba) x15 0x00000000800120dc
core   0: 0x000000008000ff5a (0xfe043703) ld      a4, -32(s0)
core   0: 3 0x000000008000ff5a (0xfe043703) x14 0x000000008001208c mem 0x0000000080031f50
core   0: 0x000000008000ff5e (0xfcf76de3) bltu    a4, a5, pc - 38
core   0: 3 0x000000008000ff5e (0xfcf76de3)
core   0: 0x000000008000ff38 (0xfe043783) ld      a5, -32(s0)
core   0: 3 0x000000008000ff38 (0xfe043783) x15 0x000000008001208c mem 0x0000000080031f50
core   0: 0x000000008000ff3c (0x00178713) addi    a4, a5, 1
core   0: 3 0x000000008000ff3c (0x00178713) x14 0x000000008001208d
core   0: 0x000000008000ff40 (0xfee43023) sd      a4, -32(s0)
core   0: 3 0x000000008000ff40 (0xfee43023) mem 0x0000000080031f50 0x000000008001208d
core   0: 0x000000008000ff44 (0xfc442703) lw      a4, -60(s0)
core   0: 3 0x000000008000ff44 (0xfc442703) x14 0x0000000000000000 mem 0x0000000080031f34
core   0: 0x000000008000ff48 (0x0ff77713) andi    a4, a4, 255
core   0: 3 0x000000008000ff48 (0x0ff77713) x14 0x0000000000000000
core   0: 0x000000008000ff4c (0x00e78023) sb      a4, 0(a5)
core   0: 3 0x000000008000ff4c (0x00e78023) mem 0x000000008001208c 0x00
core   0: 0x000000008000ff50 (0xfc843703) ld      a4, -56(s0)
core   0: 3 0x000000008000ff50 (0xfc843703) x14 0x0000000080012040 mem 0x0000000080031f38
core   0: 0x000000008000ff54 (0xfb843783) ld      a5, -72(s0)
core   0: 3 0x000000008000ff54 (0xfb843783) x15 0x000000000000009c mem 0x0000000080031f28
core   0: 0x000000008000ff58 (0x000097ba) c.add   a5, a4
core   0: 3 0x000000008000ff58 (0x97ba) x15 0x00000000800120dc
core   0: 0x000000008000ff5a (0xfe043703) ld      a4, -32(s0)
core   0: 3 0x000000008000ff5a (0xfe043703) x14 0x000000008001208d mem 0x0000000080031f50
core   0: 0x000000008000ff5e (0xfcf76de3) bltu    a4, a5, pc - 38
core   0: 3 0x000000008000ff5e (0xfcf76de3)
core   0: 0x000000008000ff38 (0xfe043783) ld      a5, -32(s0)
core   0: 3 0x000000008000ff38 (0xfe043783) x15 0x000000008001208d mem 0x0000000080031f50
core   0: 0x000000008000ff3c (0x00178713) addi    a4, a5, 1
core   0: 3 0x000000008000ff3c (0x00178713) x14 0x000000008001208e
core   0: 0x000000008000ff40 (0xfee43023) sd      a4, -32(s0)
core   0: 3 0x000000008000ff40 (0xfee43023) mem 0x0000000080031f50 0x000000008001208e
core   0: 0x000000008000ff44 (0xfc442703) lw      a4, -60(s0)
core   0: 3 0x000000008000ff44 (0xfc442703) x14 0x0000000000000000 mem 0x0000000080031f34
core   0: 0x000000008000ff48 (0x0ff77713) andi    a4, a4, 255
core   0: 3 0x000000008000ff48 (0x0ff77713) x14 0x0000000000000000
core   0: 0x000000008000ff4c (0x00e78023) sb      a4, 0(a5)
core   0: 3 0x000000008000ff4c (0x00e78023) mem 0x000000008001208d 0x00
core   0: 0x000000008000ff50 (0xfc843703) ld      a4, -56(s0)
core   0: 3 0x000000008000ff50 (0xfc843703) x14 0x0000000080012040 mem 0x0000000080031f38
core   0: 0x000000008000ff54 (0xfb843783) ld      a5, -72(s0)
core   0: 3 0x000000008000ff54 (0xfb843783) x15 0x000000000000009c mem 0x0000000080031f28
core   0: 0x000000008000ff58 (0x000097ba) c.add   a5, a4
core   0: 3 0x000000008000ff58 (0x97ba) x15 0x00000000800120dc
core   0: 0x000000008000ff5a (0xfe043703) ld      a4, -32(s0)
core   0: 3 0x000000008000ff5a (0xfe043703) x14 0x000000008001208e mem 0x0000000080031f50
core   0: 0x000000008000ff5e (0xfcf76de3) bltu    a4, a5, pc - 38
core   0: 3 0x000000008000ff5e (0xfcf76de3)
core   0: 0x000000008000ff38 (0xfe043783) ld      a5, -32(s0)
core   0: 3 0x000000008000ff38 (0xfe043783) x15 0x000000008001208e mem 0x0000000080031f50
core   0: 0x000000008000ff3c (0x00178713) addi    a4, a5, 1
core   0: 3 0x000000008000ff3c (0x00178713) x14 0x000000008001208f
core   0: 0x000000008000ff40 (0xfee43023) sd      a4, -32(s0)
core   0: 3 0x000000008000ff40 (0xfee43023) mem 0x0000000080031f50 0x000000008001208f
core   0: 0x000000008000ff44 (0xfc442703) lw      a4, -60(s0)
core   0: 3 0x000000008000ff44 (0xfc442703) x14 0x0000000000000000 mem 0x0000000080031f34
core   0: 0x000000008000ff48 (0x0ff77713) andi    a4, a4, 255
core   0: 3 0x000000008000ff48 (0x0ff77713) x14 0x0000000000000000
core   0: 0x000000008000ff4c (0x00e78023) sb      a4, 0(a5)
core   0: 3 0x000000008000ff4c (0x00e78023) mem 0x000000008001208e 0x00
core   0: 0x000000008000ff50 (0xfc843703) ld      a4, -56(s0)
core   0: 3 0x000000008000ff50 (0xfc843703) x14 0x0000000080012040 mem 0x0000000080031f38
core   0: 0x000000008000ff54 (0xfb843783) ld      a5, -72(s0)
core   0: 3 0x000000008000ff54 (0xfb843783) x15 0x000000000000009c mem 0x0000000080031f28
core   0: 0x000000008000ff58 (0x000097ba) c.add   a5, a4
core   0: 3 0x000000008000ff58 (0x97ba) x15 0x00000000800120dc
core   0: 0x000000008000ff5a (0xfe043703) ld      a4, -32(s0)
core   0: 3 0x000000008000ff5a (0xfe043703) x14 0x000000008001208f mem 0x0000000080031f50
core   0: 0x000000008000ff5e (0xfcf76de3) bltu    a4, a5, pc - 38
core   0: 3 0x000000008000ff5e (0xfcf76de3)
core   0: 0x000000008000ff38 (0xfe043783) ld      a5, -32(s0)
core   0: 3 0x000000008000ff38 (0xfe043783) x15 0x000000008001208f mem 0x0000000080031f50
core   0: 0x000000008000ff3c (0x00178713) addi    a4, a5, 1
core   0: 3 0x000000008000ff3c (0x00178713) x14 0x0000000080012090
core   0: 0x000000008000ff40 (0xfee43023) sd      a4, -32(s0)
core   0: 3 0x000000008000ff40 (0xfee43023) mem 0x0000000080031f50 0x0000000080012090
core   0: 0x000000008000ff44 (0xfc442703) lw      a4, -60(s0)
core   0: 3 0x000000008000ff44 (0xfc442703) x14 0x0000000000000000 mem 0x0000000080031f34
core   0: 0x000000008000ff48 (0x0ff77713) andi    a4, a4, 255
core   0: 3 0x000000008000ff48 (0x0ff77713) x14 0x0000000000000000
core   0: 0x000000008000ff4c (0x00e78023) sb      a4, 0(a5)
core   0: 3 0x000000008000ff4c (0x00e78023) mem 0x000000008001208f 0x00
core   0: 0x000000008000ff50 (0xfc843703) ld      a4, -56(s0)
core   0: 3 0x000000008000ff50 (0xfc843703) x14 0x0000000080012040 mem 0x0000000080031f38
core   0: 0x000000008000ff54 (0xfb843783) ld      a5, -72(s0)
core   0: 3 0x000000008000ff54 (0xfb843783) x15 0x000000000000009c mem 0x0000000080031f28
core   0: 0x000000008000ff58 (0x000097ba) c.add   a5, a4
core   0: 3 0x000000008000ff58 (0x97ba) x15 0x00000000800120dc
core   0: 0x000000008000ff5a (0xfe043703) ld      a4, -32(s0)
core   0: 3 0x000000008000ff5a (0xfe043703) x14 0x0000000080012090 mem 0x0000000080031f50
core   0: 0x000000008000ff5e (0xfcf76de3) bltu    a4, a5, pc - 38
core   0: 3 0x000000008000ff5e (0xfcf76de3)
core   0: 0x000000008000ff38 (0xfe043783) ld      a5, -32(s0)
core   0: 3 0x000000008000ff38 (0xfe043783) x15 0x0000000080012090 mem 0x0000000080031f50
core   0: 0x000000008000ff3c (0x00178713) addi    a4, a5, 1
core   0: 3 0x000000008000ff3c (0x00178713) x14 0x0000000080012091
core   0: 0x000000008000ff40 (0xfee43023) sd      a4, -32(s0)
core   0: 3 0x000000008000ff40 (0xfee43023) mem 0x0000000080031f50 0x0000000080012091
core   0: 0x000000008000ff44 (0xfc442703) lw      a4, -60(s0)
core   0: 3 0x000000008000ff44 (0xfc442703) x14 0x0000000000000000 mem 0x0000000080031f34
core   0: 0x000000008000ff48 (0x0ff77713) andi    a4, a4, 255
core   0: 3 0x000000008000ff48 (0x0ff77713) x14 0x0000000000000000
core   0: 0x000000008000ff4c (0x00e78023) sb      a4, 0(a5)
core   0: 3 0x000000008000ff4c (0x00e78023) mem 0x0000000080012090 0x00
core   0: 0x000000008000ff50 (0xfc843703) ld      a4, -56(s0)
core   0: 3 0x000000008000ff50 (0xfc843703) x14 0x0000000080012040 mem 0x0000000080031f38
core   0: 0x000000008000ff54 (0xfb843783) ld      a5, -72(s0)
core   0: 3 0x000000008000ff54 (0xfb843783) x15 0x000000000000009c mem 0x0000000080031f28
core   0: 0x000000008000ff58 (0x000097ba) c.add   a5, a4
core   0: 3 0x000000008000ff58 (0x97ba) x15 0x00000000800120dc
core   0: 0x000000008000ff5a (0xfe043703) ld      a4, -32(s0)
core   0: 3 0x000000008000ff5a (0xfe043703) x14 0x0000000080012091 mem 0x0000000080031f50
core   0: 0x000000008000ff5e (0xfcf76de3) bltu    a4, a5, pc - 38
core   0: 3 0x000000008000ff5e (0xfcf76de3)
core   0: 0x000000008000ff38 (0xfe043783) ld      a5, -32(s0)
core   0: 3 0x000000008000ff38 (0xfe043783) x15 0x0000000080012091 mem 0x0000000080031f50
core   0: 0x000000008000ff3c (0x00178713) addi    a4, a5, 1
core   0: 3 0x000000008000ff3c (0x00178713) x14 0x0000000080012092
core   0: 0x000000008000ff40 (0xfee43023) sd      a4, -32(s0)
core   0: 3 0x000000008000ff40 (0xfee43023) mem 0x0000000080031f50 0x0000000080012092
core   0: 0x000000008000ff44 (0xfc442703) lw      a4, -60(s0)
core   0: 3 0x000000008000ff44 (0xfc442703) x14 0x0000000000000000 mem 0x0000000080031f34
core   0: 0x000000008000ff48 (0x0ff77713) andi    a4, a4, 255
core   0: 3 0x000000008000ff48 (0x0ff77713) x14 0x0000000000000000
core   0: 0x000000008000ff4c (0x00e78023) sb      a4, 0(a5)
core   0: 3 0x000000008000ff4c (0x00e78023) mem 0x0000000080012091 0x00
core   0: 0x000000008000ff50 (0xfc843703) ld      a4, -56(s0)
core   0: 3 0x000000008000ff50 (0xfc843703) x14 0x0000000080012040 mem 0x0000000080031f38
core   0: 0x000000008000ff54 (0xfb843783) ld      a5, -72(s0)
core   0: 3 0x000000008000ff54 (0xfb843783) x15 0x000000000000009c mem 0x0000000080031f28
core   0: 0x000000008000ff58 (0x000097ba) c.add   a5, a4
core   0: 3 0x000000008000ff58 (0x97ba) x15 0x00000000800120dc
core   0: 0x000000008000ff5a (0xfe043703) ld      a4, -32(s0)
core   0: 3 0x000000008000ff5a (0xfe043703) x14 0x0000000080012092 mem 0x0000000080031f50
core   0: 0x000000008000ff5e (0xfcf76de3) bltu    a4, a5, pc - 38
core   0: 3 0x000000008000ff5e (0xfcf76de3)
core   0: 0x000000008000ff38 (0xfe043783) ld      a5, -32(s0)
core   0: 3 0x000000008000ff38 (0xfe043783) x15 0x0000000080012092 mem 0x0000000080031f50
core   0: 0x000000008000ff3c (0x00178713) addi    a4, a5, 1
core   0: 3 0x000000008000ff3c (0x00178713) x14 0x0000000080012093
core   0: 0x000000008000ff40 (0xfee43023) sd      a4, -32(s0)
core   0: 3 0x000000008000ff40 (0xfee43023) mem 0x0000000080031f50 0x0000000080012093
core   0: 0x000000008000ff44 (0xfc442703) lw      a4, -60(s0)
core   0: 3 0x000000008000ff44 (0xfc442703) x14 0x0000000000000000 mem 0x0000000080031f34
core   0: 0x000000008000ff48 (0x0ff77713) andi    a4, a4, 255
core   0: 3 0x000000008000ff48 (0x0ff77713) x14 0x0000000000000000
core   0: 0x000000008000ff4c (0x00e78023) sb      a4, 0(a5)
core   0: 3 0x000000008000ff4c (0x00e78023) mem 0x0000000080012092 0x00
core   0: 0x000000008000ff50 (0xfc843703) ld      a4, -56(s0)
core   0: 3 0x000000008000ff50 (0xfc843703) x14 0x0000000080012040 mem 0x0000000080031f38
core   0: 0x000000008000ff54 (0xfb843783) ld      a5, -72(s0)
core   0: 3 0x000000008000ff54 (0xfb843783) x15 0x000000000000009c mem 0x0000000080031f28
core   0: 0x000000008000ff58 (0x000097ba) c.add   a5, a4
core   0: 3 0x000000008000ff58 (0x97ba) x15 0x00000000800120dc
core   0: 0x000000008000ff5a (0xfe043703) ld      a4, -32(s0)
core   0: 3 0x000000008000ff5a (0xfe043703) x14 0x0000000080012093 mem 0x0000000080031f50
core   0: 0x000000008000ff5e (0xfcf76de3) bltu    a4, a5, pc - 38
core   0: 3 0x000000008000ff5e (0xfcf76de3)
core   0: 0x000000008000ff38 (0xfe043783) ld      a5, -32(s0)
core   0: 3 0x000000008000ff38 (0xfe043783) x15 0x0000000080012093 mem 0x0000000080031f50
core   0: 0x000000008000ff3c (0x00178713) addi    a4, a5, 1
core   0: 3 0x000000008000ff3c (0x00178713) x14 0x0000000080012094
core   0: 0x000000008000ff40 (0xfee43023) sd      a4, -32(s0)
core   0: 3 0x000000008000ff40 (0xfee43023) mem 0x0000000080031f50 0x0000000080012094
core   0: 0x000000008000ff44 (0xfc442703) lw      a4, -60(s0)
core   0: 3 0x000000008000ff44 (0xfc442703) x14 0x0000000000000000 mem 0x0000000080031f34
core   0: 0x000000008000ff48 (0x0ff77713) andi    a4, a4, 255
core   0: 3 0x000000008000ff48 (0x0ff77713) x14 0x0000000000000000
core   0: 0x000000008000ff4c (0x00e78023) sb      a4, 0(a5)
core   0: 3 0x000000008000ff4c (0x00e78023) mem 0x0000000080012093 0x00
core   0: 0x000000008000ff50 (0xfc843703) ld      a4, -56(s0)
core   0: 3 0x000000008000ff50 (0xfc843703) x14 0x0000000080012040 mem 0x0000000080031f38
core   0: 0x000000008000ff54 (0xfb843783) ld      a5, -72(s0)
core   0: 3 0x000000008000ff54 (0xfb843783) x15 0x000000000000009c mem 0x0000000080031f28
core   0: 0x000000008000ff58 (0x000097ba) c.add   a5, a4
core   0: 3 0x000000008000ff58 (0x97ba) x15 0x00000000800120dc
core   0: 0x000000008000ff5a (0xfe043703) ld      a4, -32(s0)
core   0: 3 0x000000008000ff5a (0xfe043703) x14 0x0000000080012094 mem 0x0000000080031f50
core   0: 0x000000008000ff5e (0xfcf76de3) bltu    a4, a5, pc - 38
core   0: 3 0x000000008000ff5e (0xfcf76de3)
core   0: 0x000000008000ff38 (0xfe043783) ld      a5, -32(s0)
core   0: 3 0x000000008000ff38 (0xfe043783) x15 0x0000000080012094 mem 0x0000000080031f50
core   0: 0x000000008000ff3c (0x00178713) addi    a4, a5, 1
core   0: 3 0x000000008000ff3c (0x00178713) x14 0x0000000080012095
core   0: 0x000000008000ff40 (0xfee43023) sd      a4, -32(s0)
core   0: 3 0x000000008000ff40 (0xfee43023) mem 0x0000000080031f50 0x0000000080012095
core   0: 0x000000008000ff44 (0xfc442703) lw      a4, -60(s0)
core   0: 3 0x000000008000ff44 (0xfc442703) x14 0x0000000000000000 mem 0x0000000080031f34
core   0: 0x000000008000ff48 (0x0ff77713) andi    a4, a4, 255
core   0: 3 0x000000008000ff48 (0x0ff77713) x14 0x0000000000000000
core   0: 0x000000008000ff4c (0x00e78023) sb      a4, 0(a5)
core   0: 3 0x000000008000ff4c (0x00e78023) mem 0x0000000080012094 0x00
core   0: 0x000000008000ff50 (0xfc843703) ld      a4, -56(s0)
core   0: 3 0x000000008000ff50 (0xfc843703) x14 0x0000000080012040 mem 0x0000000080031f38
core   0: 0x000000008000ff54 (0xfb843783) ld      a5, -72(s0)
core   0: 3 0x000000008000ff54 (0xfb843783) x15 0x000000000000009c mem 0x0000000080031f28
core   0: 0x000000008000ff58 (0x000097ba) c.add   a5, a4
core   0: 3 0x000000008000ff58 (0x97ba) x15 0x00000000800120dc
core   0: 0x000000008000ff5a (0xfe043703) ld      a4, -32(s0)
core   0: 3 0x000000008000ff5a (0xfe043703) x14 0x0000000080012095 mem 0x0000000080031f50
core   0: 0x000000008000ff5e (0xfcf76de3) bltu    a4, a5, pc - 38
core   0: 3 0x000000008000ff5e (0xfcf76de3)
core   0: 0x000000008000ff38 (0xfe043783) ld      a5, -32(s0)
core   0: 3 0x000000008000ff38 (0xfe043783) x15 0x0000000080012095 mem 0x0000000080031f50
core   0: 0x000000008000ff3c (0x00178713) addi    a4, a5, 1
core   0: 3 0x000000008000ff3c (0x00178713) x14 0x0000000080012096
core   0: 0x000000008000ff40 (0xfee43023) sd      a4, -32(s0)
core   0: 3 0x000000008000ff40 (0xfee43023) mem 0x0000000080031f50 0x0000000080012096
core   0: 0x000000008000ff44 (0xfc442703) lw      a4, -60(s0)
core   0: 3 0x000000008000ff44 (0xfc442703) x14 0x0000000000000000 mem 0x0000000080031f34
core   0: 0x000000008000ff48 (0x0ff77713) andi    a4, a4, 255
core   0: 3 0x000000008000ff48 (0x0ff77713) x14 0x0000000000000000
core   0: 0x000000008000ff4c (0x00e78023) sb      a4, 0(a5)
core   0: 3 0x000000008000ff4c (0x00e78023) mem 0x0000000080012095 0x00
core   0: 0x000000008000ff50 (0xfc843703) ld      a4, -56(s0)
core   0: 3 0x000000008000ff50 (0xfc843703) x14 0x0000000080012040 mem 0x0000000080031f38
core   0: 0x000000008000ff54 (0xfb843783) ld      a5, -72(s0)
core   0: 3 0x000000008000ff54 (0xfb843783) x15 0x000000000000009c mem 0x0000000080031f28
core   0: 0x000000008000ff58 (0x000097ba) c.add   a5, a4
core   0: 3 0x000000008000ff58 (0x97ba) x15 0x00000000800120dc
core   0: 0x000000008000ff5a (0xfe043703) ld      a4, -32(s0)
core   0: 3 0x000000008000ff5a (0xfe043703) x14 0x0000000080012096 mem 0x0000000080031f50
core   0: 0x000000008000ff5e (0xfcf76de3) bltu    a4, a5, pc - 38
core   0: 3 0x000000008000ff5e (0xfcf76de3)
core   0: 0x000000008000ff38 (0xfe043783) ld      a5, -32(s0)
core   0: 3 0x000000008000ff38 (0xfe043783) x15 0x0000000080012096 mem 0x0000000080031f50
core   0: 0x000000008000ff3c (0x00178713) addi    a4, a5, 1
core   0: 3 0x000000008000ff3c (0x00178713) x14 0x0000000080012097
core   0: 0x000000008000ff40 (0xfee43023) sd      a4, -32(s0)
core   0: 3 0x000000008000ff40 (0xfee43023) mem 0x0000000080031f50 0x0000000080012097
core   0: 0x000000008000ff44 (0xfc442703) lw      a4, -60(s0)
core   0: 3 0x000000008000ff44 (0xfc442703) x14 0x0000000000000000 mem 0x0000000080031f34
core   0: 0x000000008000ff48 (0x0ff77713) andi    a4, a4, 255
core   0: 3 0x000000008000ff48 (0x0ff77713) x14 0x0000000000000000
core   0: 0x000000008000ff4c (0x00e78023) sb      a4, 0(a5)
core   0: 3 0x000000008000ff4c (0x00e78023) mem 0x0000000080012096 0x00
core   0: 0x000000008000ff50 (0xfc843703) ld      a4, -56(s0)
core   0: 3 0x000000008000ff50 (0xfc843703) x14 0x0000000080012040 mem 0x0000000080031f38
core   0: 0x000000008000ff54 (0xfb843783) ld      a5, -72(s0)
core   0: 3 0x000000008000ff54 (0xfb843783) x15 0x000000000000009c mem 0x0000000080031f28
core   0: 0x000000008000ff58 (0x000097ba) c.add   a5, a4
core   0: 3 0x000000008000ff58 (0x97ba) x15 0x00000000800120dc
core   0: 0x000000008000ff5a (0xfe043703) ld      a4, -32(s0)
core   0: 3 0x000000008000ff5a (0xfe043703) x14 0x0000000080012097 mem 0x0000000080031f50
core   0: 0x000000008000ff5e (0xfcf76de3) bltu    a4, a5, pc - 38
core   0: 3 0x000000008000ff5e (0xfcf76de3)
core   0: 0x000000008000ff38 (0xfe043783) ld      a5, -32(s0)
core   0: 3 0x000000008000ff38 (0xfe043783) x15 0x0000000080012097 mem 0x0000000080031f50
core   0: 0x000000008000ff3c (0x00178713) addi    a4, a5, 1
core   0: 3 0x000000008000ff3c (0x00178713) x14 0x0000000080012098
core   0: 0x000000008000ff40 (0xfee43023) sd      a4, -32(s0)
core   0: 3 0x000000008000ff40 (0xfee43023) mem 0x0000000080031f50 0x0000000080012098
core   0: 0x000000008000ff44 (0xfc442703) lw      a4, -60(s0)
core   0: 3 0x000000008000ff44 (0xfc442703) x14 0x0000000000000000 mem 0x0000000080031f34
core   0: 0x000000008000ff48 (0x0ff77713) andi    a4, a4, 255
core   0: 3 0x000000008000ff48 (0x0ff77713) x14 0x0000000000000000
core   0: 0x000000008000ff4c (0x00e78023) sb      a4, 0(a5)
core   0: 3 0x000000008000ff4c (0x00e78023) mem 0x0000000080012097 0x00
core   0: 0x000000008000ff50 (0xfc843703) ld      a4, -56(s0)
core   0: 3 0x000000008000ff50 (0xfc843703) x14 0x0000000080012040 mem 0x0000000080031f38
core   0: 0x000000008000ff54 (0xfb843783) ld      a5, -72(s0)
core   0: 3 0x000000008000ff54 (0xfb843783) x15 0x000000000000009c mem 0x0000000080031f28
core   0: 0x000000008000ff58 (0x000097ba) c.add   a5, a4
core   0: 3 0x000000008000ff58 (0x97ba) x15 0x00000000800120dc
core   0: 0x000000008000ff5a (0xfe043703) ld      a4, -32(s0)
core   0: 3 0x000000008000ff5a (0xfe043703) x14 0x0000000080012098 mem 0x0000000080031f50
core   0: 0x000000008000ff5e (0xfcf76de3) bltu    a4, a5, pc - 38
core   0: 3 0x000000008000ff5e (0xfcf76de3)
core   0: 0x000000008000ff38 (0xfe043783) ld      a5, -32(s0)
core   0: 3 0x000000008000ff38 (0xfe043783) x15 0x0000000080012098 mem 0x0000000080031f50
core   0: 0x000000008000ff3c (0x00178713) addi    a4, a5, 1
core   0: 3 0x000000008000ff3c (0x00178713) x14 0x0000000080012099
core   0: 0x000000008000ff40 (0xfee43023) sd      a4, -32(s0)
core   0: 3 0x000000008000ff40 (0xfee43023) mem 0x0000000080031f50 0x0000000080012099
core   0: 0x000000008000ff44 (0xfc442703) lw      a4, -60(s0)
core   0: 3 0x000000008000ff44 (0xfc442703) x14 0x0000000000000000 mem 0x0000000080031f34
core   0: 0x000000008000ff48 (0x0ff77713) andi    a4, a4, 255
core   0: 3 0x000000008000ff48 (0x0ff77713) x14 0x0000000000000000
core   0: 0x000000008000ff4c (0x00e78023) sb      a4, 0(a5)
core   0: 3 0x000000008000ff4c (0x00e78023) mem 0x0000000080012098 0x00
core   0: 0x000000008000ff50 (0xfc843703) ld      a4, -56(s0)
core   0: 3 0x000000008000ff50 (0xfc843703) x14 0x0000000080012040 mem 0x0000000080031f38
core   0: 0x000000008000ff54 (0xfb843783) ld      a5, -72(s0)
core   0: 3 0x000000008000ff54 (0xfb843783) x15 0x000000000000009c mem 0x0000000080031f28
core   0: 0x000000008000ff58 (0x000097ba) c.add   a5, a4
core   0: 3 0x000000008000ff58 (0x97ba) x15 0x00000000800120dc
core   0: 0x000000008000ff5a (0xfe043703) ld      a4, -32(s0)
core   0: 3 0x000000008000ff5a (0xfe043703) x14 0x0000000080012099 mem 0x0000000080031f50
core   0: 0x000000008000ff5e (0xfcf76de3) bltu    a4, a5, pc - 38
core   0: 3 0x000000008000ff5e (0xfcf76de3)
core   0: 0x000000008000ff38 (0xfe043783) ld      a5, -32(s0)
core   0: 3 0x000000008000ff38 (0xfe043783) x15 0x0000000080012099 mem 0x0000000080031f50
core   0: 0x000000008000ff3c (0x00178713) addi    a4, a5, 1
core   0: 3 0x000000008000ff3c (0x00178713) x14 0x000000008001209a
core   0: 0x000000008000ff40 (0xfee43023) sd      a4, -32(s0)
core   0: 3 0x000000008000ff40 (0xfee43023) mem 0x0000000080031f50 0x000000008001209a
core   0: 0x000000008000ff44 (0xfc442703) lw      a4, -60(s0)
core   0: 3 0x000000008000ff44 (0xfc442703) x14 0x0000000000000000 mem 0x0000000080031f34
core   0: 0x000000008000ff48 (0x0ff77713) andi    a4, a4, 255
core   0: 3 0x000000008000ff48 (0x0ff77713) x14 0x0000000000000000
core   0: 0x000000008000ff4c (0x00e78023) sb      a4, 0(a5)
core   0: 3 0x000000008000ff4c (0x00e78023) mem 0x0000000080012099 0x00
core   0: 0x000000008000ff50 (0xfc843703) ld      a4, -56(s0)
core   0: 3 0x000000008000ff50 (0xfc843703) x14 0x0000000080012040 mem 0x0000000080031f38
core   0: 0x000000008000ff54 (0xfb843783) ld      a5, -72(s0)
core   0: 3 0x000000008000ff54 (0xfb843783) x15 0x000000000000009c mem 0x0000000080031f28
core   0: 0x000000008000ff58 (0x000097ba) c.add   a5, a4
core   0: 3 0x000000008000ff58 (0x97ba) x15 0x00000000800120dc
core   0: 0x000000008000ff5a (0xfe043703) ld      a4, -32(s0)
core   0: 3 0x000000008000ff5a (0xfe043703) x14 0x000000008001209a mem 0x0000000080031f50
core   0: 0x000000008000ff5e (0xfcf76de3) bltu    a4, a5, pc - 38
core   0: 3 0x000000008000ff5e (0xfcf76de3)
core   0: 0x000000008000ff38 (0xfe043783) ld      a5, -32(s0)
core   0: 3 0x000000008000ff38 (0xfe043783) x15 0x000000008001209a mem 0x0000000080031f50
core   0: 0x000000008000ff3c (0x00178713) addi    a4, a5, 1
core   0: 3 0x000000008000ff3c (0x00178713) x14 0x000000008001209b
core   0: 0x000000008000ff40 (0xfee43023) sd      a4, -32(s0)
core   0: 3 0x000000008000ff40 (0xfee43023) mem 0x0000000080031f50 0x000000008001209b
core   0: 0x000000008000ff44 (0xfc442703) lw      a4, -60(s0)
core   0: 3 0x000000008000ff44 (0xfc442703) x14 0x0000000000000000 mem 0x0000000080031f34
core   0: 0x000000008000ff48 (0x0ff77713) andi    a4, a4, 255
core   0: 3 0x000000008000ff48 (0x0ff77713) x14 0x0000000000000000
core   0: 0x000000008000ff4c (0x00e78023) sb      a4, 0(a5)
core   0: 3 0x000000008000ff4c (0x00e78023) mem 0x000000008001209a 0x00
core   0: 0x000000008000ff50 (0xfc843703) ld      a4, -56(s0)
core   0: 3 0x000000008000ff50 (0xfc843703) x14 0x0000000080012040 mem 0x0000000080031f38
core   0: 0x000000008000ff54 (0xfb843783) ld      a5, -72(s0)
core   0: 3 0x000000008000ff54 (0xfb843783) x15 0x000000000000009c mem 0x0000000080031f28
core   0: 0x000000008000ff58 (0x000097ba) c.add   a5, a4
core   0: 3 0x000000008000ff58 (0x97ba) x15 0x00000000800120dc
core   0: 0x000000008000ff5a (0xfe043703) ld      a4, -32(s0)
core   0: 3 0x000000008000ff5a (0xfe043703) x14 0x000000008001209b mem 0x0000000080031f50
core   0: 0x000000008000ff5e (0xfcf76de3) bltu    a4, a5, pc - 38
core   0: 3 0x000000008000ff5e (0xfcf76de3)
core   0: 0x000000008000ff38 (0xfe043783) ld      a5, -32(s0)
core   0: 3 0x000000008000ff38 (0xfe043783) x15 0x000000008001209b mem 0x0000000080031f50
core   0: 0x000000008000ff3c (0x00178713) addi    a4, a5, 1
core   0: 3 0x000000008000ff3c (0x00178713) x14 0x000000008001209c
core   0: 0x000000008000ff40 (0xfee43023) sd      a4, -32(s0)
core   0: 3 0x000000008000ff40 (0xfee43023) mem 0x0000000080031f50 0x000000008001209c
core   0: 0x000000008000ff44 (0xfc442703) lw      a4, -60(s0)
core   0: 3 0x000000008000ff44 (0xfc442703) x14 0x0000000000000000 mem 0x0000000080031f34
core   0: 0x000000008000ff48 (0x0ff77713) andi    a4, a4, 255
core   0: 3 0x000000008000ff48 (0x0ff77713) x14 0x0000000000000000
core   0: 0x000000008000ff4c (0x00e78023) sb      a4, 0(a5)
core   0: 3 0x000000008000ff4c (0x00e78023) mem 0x000000008001209b 0x00
core   0: 0x000000008000ff50 (0xfc843703) ld      a4, -56(s0)
core   0: 3 0x000000008000ff50 (0xfc843703) x14 0x0000000080012040 mem 0x0000000080031f38
core   0: 0x000000008000ff54 (0xfb843783) ld      a5, -72(s0)
core   0: 3 0x000000008000ff54 (0xfb843783) x15 0x000000000000009c mem 0x0000000080031f28
core   0: 0x000000008000ff58 (0x000097ba) c.add   a5, a4
core   0: 3 0x000000008000ff58 (0x97ba) x15 0x00000000800120dc
core   0: 0x000000008000ff5a (0xfe043703) ld      a4, -32(s0)
core   0: 3 0x000000008000ff5a (0xfe043703) x14 0x000000008001209c mem 0x0000000080031f50
core   0: 0x000000008000ff5e (0xfcf76de3) bltu    a4, a5, pc - 38
core   0: 3 0x000000008000ff5e (0xfcf76de3)
core   0: 0x000000008000ff38 (0xfe043783) ld      a5, -32(s0)
core   0: 3 0x000000008000ff38 (0xfe043783) x15 0x000000008001209c mem 0x0000000080031f50
core   0: 0x000000008000ff3c (0x00178713) addi    a4, a5, 1
core   0: 3 0x000000008000ff3c (0x00178713) x14 0x000000008001209d
core   0: 0x000000008000ff40 (0xfee43023) sd      a4, -32(s0)
core   0: 3 0x000000008000ff40 (0xfee43023) mem 0x0000000080031f50 0x000000008001209d
core   0: 0x000000008000ff44 (0xfc442703) lw      a4, -60(s0)
core   0: 3 0x000000008000ff44 (0xfc442703) x14 0x0000000000000000 mem 0x0000000080031f34
core   0: 0x000000008000ff48 (0x0ff77713) andi    a4, a4, 255
core   0: 3 0x000000008000ff48 (0x0ff77713) x14 0x0000000000000000
core   0: 0x000000008000ff4c (0x00e78023) sb      a4, 0(a5)
core   0: 3 0x000000008000ff4c (0x00e78023) mem 0x000000008001209c 0x00
core   0: 0x000000008000ff50 (0xfc843703) ld      a4, -56(s0)
core   0: 3 0x000000008000ff50 (0xfc843703) x14 0x0000000080012040 mem 0x0000000080031f38
core   0: 0x000000008000ff54 (0xfb843783) ld      a5, -72(s0)
core   0: 3 0x000000008000ff54 (0xfb843783) x15 0x000000000000009c mem 0x0000000080031f28
core   0: 0x000000008000ff58 (0x000097ba) c.add   a5, a4
core   0: 3 0x000000008000ff58 (0x97ba) x15 0x00000000800120dc
core   0: 0x000000008000ff5a (0xfe043703) ld      a4, -32(s0)
core   0: 3 0x000000008000ff5a (0xfe043703) x14 0x000000008001209d mem 0x0000000080031f50
core   0: 0x000000008000ff5e (0xfcf76de3) bltu    a4, a5, pc - 38
core   0: 3 0x000000008000ff5e (0xfcf76de3)
core   0: 0x000000008000ff38 (0xfe043783) ld      a5, -32(s0)
core   0: 3 0x000000008000ff38 (0xfe043783) x15 0x000000008001209d mem 0x0000000080031f50
core   0: 0x000000008000ff3c (0x00178713) addi    a4, a5, 1
core   0: 3 0x000000008000ff3c (0x00178713) x14 0x000000008001209e
core   0: 0x000000008000ff40 (0xfee43023) sd      a4, -32(s0)
core   0: 3 0x000000008000ff40 (0xfee43023) mem 0x0000000080031f50 0x000000008001209e
core   0: 0x000000008000ff44 (0xfc442703) lw      a4, -60(s0)
core   0: 3 0x000000008000ff44 (0xfc442703) x14 0x0000000000000000 mem 0x0000000080031f34
core   0: 0x000000008000ff48 (0x0ff77713) andi    a4, a4, 255
core   0: 3 0x000000008000ff48 (0x0ff77713) x14 0x0000000000000000
core   0: 0x000000008000ff4c (0x00e78023) sb      a4, 0(a5)
core   0: 3 0x000000008000ff4c (0x00e78023) mem 0x000000008001209d 0x00
core   0: 0x000000008000ff50 (0xfc843703) ld      a4, -56(s0)
core   0: 3 0x000000008000ff50 (0xfc843703) x14 0x0000000080012040 mem 0x0000000080031f38
core   0: 0x000000008000ff54 (0xfb843783) ld      a5, -72(s0)
core   0: 3 0x000000008000ff54 (0xfb843783) x15 0x000000000000009c mem 0x0000000080031f28
core   0: 0x000000008000ff58 (0x000097ba) c.add   a5, a4
core   0: 3 0x000000008000ff58 (0x97ba) x15 0x00000000800120dc
core   0: 0x000000008000ff5a (0xfe043703) ld      a4, -32(s0)
core   0: 3 0x000000008000ff5a (0xfe043703) x14 0x000000008001209e mem 0x0000000080031f50
core   0: 0x000000008000ff5e (0xfcf76de3) bltu    a4, a5, pc - 38
core   0: 3 0x000000008000ff5e (0xfcf76de3)
core   0: 0x000000008000ff38 (0xfe043783) ld      a5, -32(s0)
core   0: 3 0x000000008000ff38 (0xfe043783) x15 0x000000008001209e mem 0x0000000080031f50
core   0: 0x000000008000ff3c (0x00178713) addi    a4, a5, 1
core   0: 3 0x000000008000ff3c (0x00178713) x14 0x000000008001209f
core   0: 0x000000008000ff40 (0xfee43023) sd      a4, -32(s0)
core   0: 3 0x000000008000ff40 (0xfee43023) mem 0x0000000080031f50 0x000000008001209f
core   0: 0x000000008000ff44 (0xfc442703) lw      a4, -60(s0)
core   0: 3 0x000000008000ff44 (0xfc442703) x14 0x0000000000000000 mem 0x0000000080031f34
core   0: 0x000000008000ff48 (0x0ff77713) andi    a4, a4, 255
core   0: 3 0x000000008000ff48 (0x0ff77713) x14 0x0000000000000000
core   0: 0x000000008000ff4c (0x00e78023) sb      a4, 0(a5)
core   0: 3 0x000000008000ff4c (0x00e78023) mem 0x000000008001209e 0x00
core   0: 0x000000008000ff50 (0xfc843703) ld      a4, -56(s0)
core   0: 3 0x000000008000ff50 (0xfc843703) x14 0x0000000080012040 mem 0x0000000080031f38
core   0: 0x000000008000ff54 (0xfb843783) ld      a5, -72(s0)
core   0: 3 0x000000008000ff54 (0xfb843783) x15 0x000000000000009c mem 0x0000000080031f28
core   0: 0x000000008000ff58 (0x000097ba) c.add   a5, a4
core   0: 3 0x000000008000ff58 (0x97ba) x15 0x00000000800120dc
core   0: 0x000000008000ff5a (0xfe043703) ld      a4, -32(s0)
core   0: 3 0x000000008000ff5a (0xfe043703) x14 0x000000008001209f mem 0x0000000080031f50
core   0: 0x000000008000ff5e (0xfcf76de3) bltu    a4, a5, pc - 38
core   0: 3 0x000000008000ff5e (0xfcf76de3)
core   0: 0x000000008000ff38 (0xfe043783) ld      a5, -32(s0)
core   0: 3 0x000000008000ff38 (0xfe043783) x15 0x000000008001209f mem 0x0000000080031f50
core   0: 0x000000008000ff3c (0x00178713) addi    a4, a5, 1
core   0: 3 0x000000008000ff3c (0x00178713) x14 0x00000000800120a0
core   0: 0x000000008000ff40 (0xfee43023) sd      a4, -32(s0)
core   0: 3 0x000000008000ff40 (0xfee43023) mem 0x0000000080031f50 0x00000000800120a0
core   0: 0x000000008000ff44 (0xfc442703) lw      a4, -60(s0)
core   0: 3 0x000000008000ff44 (0xfc442703) x14 0x0000000000000000 mem 0x0000000080031f34
core   0: 0x000000008000ff48 (0x0ff77713) andi    a4, a4, 255
core   0: 3 0x000000008000ff48 (0x0ff77713) x14 0x0000000000000000
core   0: 0x000000008000ff4c (0x00e78023) sb      a4, 0(a5)
core   0: 3 0x000000008000ff4c (0x00e78023) mem 0x000000008001209f 0x00
core   0: 0x000000008000ff50 (0xfc843703) ld      a4, -56(s0)
core   0: 3 0x000000008000ff50 (0xfc843703) x14 0x0000000080012040 mem 0x0000000080031f38
core   0: 0x000000008000ff54 (0xfb843783) ld      a5, -72(s0)
core   0: 3 0x000000008000ff54 (0xfb843783) x15 0x000000000000009c mem 0x0000000080031f28
core   0: 0x000000008000ff58 (0x000097ba) c.add   a5, a4
core   0: 3 0x000000008000ff58 (0x97ba) x15 0x00000000800120dc
core   0: 0x000000008000ff5a (0xfe043703) ld      a4, -32(s0)
core   0: 3 0x000000008000ff5a (0xfe043703) x14 0x00000000800120a0 mem 0x0000000080031f50
core   0: 0x000000008000ff5e (0xfcf76de3) bltu    a4, a5, pc - 38
core   0: 3 0x000000008000ff5e (0xfcf76de3)
core   0: 0x000000008000ff38 (0xfe043783) ld      a5, -32(s0)
core   0: 3 0x000000008000ff38 (0xfe043783) x15 0x00000000800120a0 mem 0x0000000080031f50
core   0: 0x000000008000ff3c (0x00178713) addi    a4, a5, 1
core   0: 3 0x000000008000ff3c (0x00178713) x14 0x00000000800120a1
core   0: 0x000000008000ff40 (0xfee43023) sd      a4, -32(s0)
core   0: 3 0x000000008000ff40 (0xfee43023) mem 0x0000000080031f50 0x00000000800120a1
core   0: 0x000000008000ff44 (0xfc442703) lw      a4, -60(s0)
core   0: 3 0x000000008000ff44 (0xfc442703) x14 0x0000000000000000 mem 0x0000000080031f34
core   0: 0x000000008000ff48 (0x0ff77713) andi    a4, a4, 255
core   0: 3 0x000000008000ff48 (0x0ff77713) x14 0x0000000000000000
core   0: 0x000000008000ff4c (0x00e78023) sb      a4, 0(a5)
core   0: 3 0x000000008000ff4c (0x00e78023) mem 0x00000000800120a0 0x00
core   0: 0x000000008000ff50 (0xfc843703) ld      a4, -56(s0)
core   0: 3 0x000000008000ff50 (0xfc843703) x14 0x0000000080012040 mem 0x0000000080031f38
core   0: 0x000000008000ff54 (0xfb843783) ld      a5, -72(s0)
core   0: 3 0x000000008000ff54 (0xfb843783) x15 0x000000000000009c mem 0x0000000080031f28
core   0: 0x000000008000ff58 (0x000097ba) c.add   a5, a4
core   0: 3 0x000000008000ff58 (0x97ba) x15 0x00000000800120dc
core   0: 0x000000008000ff5a (0xfe043703) ld      a4, -32(s0)
core   0: 3 0x000000008000ff5a (0xfe043703) x14 0x00000000800120a1 mem 0x0000000080031f50
core   0: 0x000000008000ff5e (0xfcf76de3) bltu    a4, a5, pc - 38
core   0: 3 0x000000008000ff5e (0xfcf76de3)
core   0: 0x000000008000ff38 (0xfe043783) ld      a5, -32(s0)
core   0: 3 0x000000008000ff38 (0xfe043783) x15 0x00000000800120a1 mem 0x0000000080031f50
core   0: 0x000000008000ff3c (0x00178713) addi    a4, a5, 1
core   0: 3 0x000000008000ff3c (0x00178713) x14 0x00000000800120a2
core   0: 0x000000008000ff40 (0xfee43023) sd      a4, -32(s0)
core   0: 3 0x000000008000ff40 (0xfee43023) mem 0x0000000080031f50 0x00000000800120a2
core   0: 0x000000008000ff44 (0xfc442703) lw      a4, -60(s0)
core   0: 3 0x000000008000ff44 (0xfc442703) x14 0x0000000000000000 mem 0x0000000080031f34
core   0: 0x000000008000ff48 (0x0ff77713) andi    a4, a4, 255
core   0: 3 0x000000008000ff48 (0x0ff77713) x14 0x0000000000000000
core   0: 0x000000008000ff4c (0x00e78023) sb      a4, 0(a5)
core   0: 3 0x000000008000ff4c (0x00e78023) mem 0x00000000800120a1 0x00
core   0: 0x000000008000ff50 (0xfc843703) ld      a4, -56(s0)
core   0: 3 0x000000008000ff50 (0xfc843703) x14 0x0000000080012040 mem 0x0000000080031f38
core   0: 0x000000008000ff54 (0xfb843783) ld      a5, -72(s0)
core   0: 3 0x000000008000ff54 (0xfb843783) x15 0x000000000000009c mem 0x0000000080031f28
core   0: 0x000000008000ff58 (0x000097ba) c.add   a5, a4
core   0: 3 0x000000008000ff58 (0x97ba) x15 0x00000000800120dc
core   0: 0x000000008000ff5a (0xfe043703) ld      a4, -32(s0)
core   0: 3 0x000000008000ff5a (0xfe043703) x14 0x00000000800120a2 mem 0x0000000080031f50
core   0: 0x000000008000ff5e (0xfcf76de3) bltu    a4, a5, pc - 38
core   0: 3 0x000000008000ff5e (0xfcf76de3)
core   0: 0x000000008000ff38 (0xfe043783) ld      a5, -32(s0)
core   0: 3 0x000000008000ff38 (0xfe043783) x15 0x00000000800120a2 mem 0x0000000080031f50
core   0: 0x000000008000ff3c (0x00178713) addi    a4, a5, 1
core   0: 3 0x000000008000ff3c (0x00178713) x14 0x00000000800120a3
core   0: 0x000000008000ff40 (0xfee43023) sd      a4, -32(s0)
core   0: 3 0x000000008000ff40 (0xfee43023) mem 0x0000000080031f50 0x00000000800120a3
core   0: 0x000000008000ff44 (0xfc442703) lw      a4, -60(s0)
core   0: 3 0x000000008000ff44 (0xfc442703) x14 0x0000000000000000 mem 0x0000000080031f34
core   0: 0x000000008000ff48 (0x0ff77713) andi    a4, a4, 255
core   0: 3 0x000000008000ff48 (0x0ff77713) x14 0x0000000000000000
core   0: 0x000000008000ff4c (0x00e78023) sb      a4, 0(a5)
core   0: 3 0x000000008000ff4c (0x00e78023) mem 0x00000000800120a2 0x00
core   0: 0x000000008000ff50 (0xfc843703) ld      a4, -56(s0)
core   0: 3 0x000000008000ff50 (0xfc843703) x14 0x0000000080012040 mem 0x0000000080031f38
core   0: 0x000000008000ff54 (0xfb843783) ld      a5, -72(s0)
core   0: 3 0x000000008000ff54 (0xfb843783) x15 0x000000000000009c mem 0x0000000080031f28
core   0: 0x000000008000ff58 (0x000097ba) c.add   a5, a4
core   0: 3 0x000000008000ff58 (0x97ba) x15 0x00000000800120dc
core   0: 0x000000008000ff5a (0xfe043703) ld      a4, -32(s0)
core   0: 3 0x000000008000ff5a (0xfe043703) x14 0x00000000800120a3 mem 0x0000000080031f50
core   0: 0x000000008000ff5e (0xfcf76de3) bltu    a4, a5, pc - 38
core   0: 3 0x000000008000ff5e (0xfcf76de3)
core   0: 0x000000008000ff38 (0xfe043783) ld      a5, -32(s0)
core   0: 3 0x000000008000ff38 (0xfe043783) x15 0x00000000800120a3 mem 0x0000000080031f50
core   0: 0x000000008000ff3c (0x00178713) addi    a4, a5, 1
core   0: 3 0x000000008000ff3c (0x00178713) x14 0x00000000800120a4
core   0: 0x000000008000ff40 (0xfee43023) sd      a4, -32(s0)
core   0: 3 0x000000008000ff40 (0xfee43023) mem 0x0000000080031f50 0x00000000800120a4
core   0: 0x000000008000ff44 (0xfc442703) lw      a4, -60(s0)
core   0: 3 0x000000008000ff44 (0xfc442703) x14 0x0000000000000000 mem 0x0000000080031f34
core   0: 0x000000008000ff48 (0x0ff77713) andi    a4, a4, 255
core   0: 3 0x000000008000ff48 (0x0ff77713) x14 0x0000000000000000
core   0: 0x000000008000ff4c (0x00e78023) sb      a4, 0(a5)
core   0: 3 0x000000008000ff4c (0x00e78023) mem 0x00000000800120a3 0x00
core   0: 0x000000008000ff50 (0xfc843703) ld      a4, -56(s0)
core   0: 3 0x000000008000ff50 (0xfc843703) x14 0x0000000080012040 mem 0x0000000080031f38
core   0: 0x000000008000ff54 (0xfb843783) ld      a5, -72(s0)
core   0: 3 0x000000008000ff54 (0xfb843783) x15 0x000000000000009c mem 0x0000000080031f28
core   0: 0x000000008000ff58 (0x000097ba) c.add   a5, a4
core   0: 3 0x000000008000ff58 (0x97ba) x15 0x00000000800120dc
core   0: 0x000000008000ff5a (0xfe043703) ld      a4, -32(s0)
core   0: 3 0x000000008000ff5a (0xfe043703) x14 0x00000000800120a4 mem 0x0000000080031f50
core   0: 0x000000008000ff5e (0xfcf76de3) bltu    a4, a5, pc - 38
core   0: 3 0x000000008000ff5e (0xfcf76de3)
core   0: 0x000000008000ff38 (0xfe043783) ld      a5, -32(s0)
core   0: 3 0x000000008000ff38 (0xfe043783) x15 0x00000000800120a4 mem 0x0000000080031f50
core   0: 0x000000008000ff3c (0x00178713) addi    a4, a5, 1
core   0: 3 0x000000008000ff3c (0x00178713) x14 0x00000000800120a5
core   0: 0x000000008000ff40 (0xfee43023) sd      a4, -32(s0)
core   0: 3 0x000000008000ff40 (0xfee43023) mem 0x0000000080031f50 0x00000000800120a5
core   0: 0x000000008000ff44 (0xfc442703) lw      a4, -60(s0)
core   0: 3 0x000000008000ff44 (0xfc442703) x14 0x0000000000000000 mem 0x0000000080031f34
core   0: 0x000000008000ff48 (0x0ff77713) andi    a4, a4, 255
core   0: 3 0x000000008000ff48 (0x0ff77713) x14 0x0000000000000000
core   0: 0x000000008000ff4c (0x00e78023) sb      a4, 0(a5)
core   0: 3 0x000000008000ff4c (0x00e78023) mem 0x00000000800120a4 0x00
core   0: 0x000000008000ff50 (0xfc843703) ld      a4, -56(s0)
core   0: 3 0x000000008000ff50 (0xfc843703) x14 0x0000000080012040 mem 0x0000000080031f38
core   0: 0x000000008000ff54 (0xfb843783) ld      a5, -72(s0)
core   0: 3 0x000000008000ff54 (0xfb843783) x15 0x000000000000009c mem 0x0000000080031f28
core   0: 0x000000008000ff58 (0x000097ba) c.add   a5, a4
core   0: 3 0x000000008000ff58 (0x97ba) x15 0x00000000800120dc
core   0: 0x000000008000ff5a (0xfe043703) ld      a4, -32(s0)
core   0: 3 0x000000008000ff5a (0xfe043703) x14 0x00000000800120a5 mem 0x0000000080031f50
core   0: 0x000000008000ff5e (0xfcf76de3) bltu    a4, a5, pc - 38
core   0: 3 0x000000008000ff5e (0xfcf76de3)
core   0: 0x000000008000ff38 (0xfe043783) ld      a5, -32(s0)
core   0: 3 0x000000008000ff38 (0xfe043783) x15 0x00000000800120a5 mem 0x0000000080031f50
core   0: 0x000000008000ff3c (0x00178713) addi    a4, a5, 1
core   0: 3 0x000000008000ff3c (0x00178713) x14 0x00000000800120a6
core   0: 0x000000008000ff40 (0xfee43023) sd      a4, -32(s0)
core   0: 3 0x000000008000ff40 (0xfee43023) mem 0x0000000080031f50 0x00000000800120a6
core   0: 0x000000008000ff44 (0xfc442703) lw      a4, -60(s0)
core   0: 3 0x000000008000ff44 (0xfc442703) x14 0x0000000000000000 mem 0x0000000080031f34
core   0: 0x000000008000ff48 (0x0ff77713) andi    a4, a4, 255
core   0: 3 0x000000008000ff48 (0x0ff77713) x14 0x0000000000000000
core   0: 0x000000008000ff4c (0x00e78023) sb      a4, 0(a5)
core   0: 3 0x000000008000ff4c (0x00e78023) mem 0x00000000800120a5 0x00
core   0: 0x000000008000ff50 (0xfc843703) ld      a4, -56(s0)
core   0: 3 0x000000008000ff50 (0xfc843703) x14 0x0000000080012040 mem 0x0000000080031f38
core   0: 0x000000008000ff54 (0xfb843783) ld      a5, -72(s0)
core   0: 3 0x000000008000ff54 (0xfb843783) x15 0x000000000000009c mem 0x0000000080031f28
core   0: 0x000000008000ff58 (0x000097ba) c.add   a5, a4
core   0: 3 0x000000008000ff58 (0x97ba) x15 0x00000000800120dc
core   0: 0x000000008000ff5a (0xfe043703) ld      a4, -32(s0)
core   0: 3 0x000000008000ff5a (0xfe043703) x14 0x00000000800120a6 mem 0x0000000080031f50
core   0: 0x000000008000ff5e (0xfcf76de3) bltu    a4, a5, pc - 38
core   0: 3 0x000000008000ff5e (0xfcf76de3)
core   0: 0x000000008000ff38 (0xfe043783) ld      a5, -32(s0)
core   0: 3 0x000000008000ff38 (0xfe043783) x15 0x00000000800120a6 mem 0x0000000080031f50
core   0: 0x000000008000ff3c (0x00178713) addi    a4, a5, 1
core   0: 3 0x000000008000ff3c (0x00178713) x14 0x00000000800120a7
core   0: 0x000000008000ff40 (0xfee43023) sd      a4, -32(s0)
core   0: 3 0x000000008000ff40 (0xfee43023) mem 0x0000000080031f50 0x00000000800120a7
core   0: 0x000000008000ff44 (0xfc442703) lw      a4, -60(s0)
core   0: 3 0x000000008000ff44 (0xfc442703) x14 0x0000000000000000 mem 0x0000000080031f34
core   0: 0x000000008000ff48 (0x0ff77713) andi    a4, a4, 255
core   0: 3 0x000000008000ff48 (0x0ff77713) x14 0x0000000000000000
core   0: 0x000000008000ff4c (0x00e78023) sb      a4, 0(a5)
core   0: 3 0x000000008000ff4c (0x00e78023) mem 0x00000000800120a6 0x00
core   0: 0x000000008000ff50 (0xfc843703) ld      a4, -56(s0)
core   0: 3 0x000000008000ff50 (0xfc843703) x14 0x0000000080012040 mem 0x0000000080031f38
core   0: 0x000000008000ff54 (0xfb843783) ld      a5, -72(s0)
core   0: 3 0x000000008000ff54 (0xfb843783) x15 0x000000000000009c mem 0x0000000080031f28
core   0: 0x000000008000ff58 (0x000097ba) c.add   a5, a4
core   0: 3 0x000000008000ff58 (0x97ba) x15 0x00000000800120dc
core   0: 0x000000008000ff5a (0xfe043703) ld      a4, -32(s0)
core   0: 3 0x000000008000ff5a (0xfe043703) x14 0x00000000800120a7 mem 0x0000000080031f50
core   0: 0x000000008000ff5e (0xfcf76de3) bltu    a4, a5, pc - 38
core   0: 3 0x000000008000ff5e (0xfcf76de3)
core   0: 0x000000008000ff38 (0xfe043783) ld      a5, -32(s0)
core   0: 3 0x000000008000ff38 (0xfe043783) x15 0x00000000800120a7 mem 0x0000000080031f50
core   0: 0x000000008000ff3c (0x00178713) addi    a4, a5, 1
core   0: 3 0x000000008000ff3c (0x00178713) x14 0x00000000800120a8
core   0: 0x000000008000ff40 (0xfee43023) sd      a4, -32(s0)
core   0: 3 0x000000008000ff40 (0xfee43023) mem 0x0000000080031f50 0x00000000800120a8
core   0: 0x000000008000ff44 (0xfc442703) lw      a4, -60(s0)
core   0: 3 0x000000008000ff44 (0xfc442703) x14 0x0000000000000000 mem 0x0000000080031f34
core   0: 0x000000008000ff48 (0x0ff77713) andi    a4, a4, 255
core   0: 3 0x000000008000ff48 (0x0ff77713) x14 0x0000000000000000
core   0: 0x000000008000ff4c (0x00e78023) sb      a4, 0(a5)
core   0: 3 0x000000008000ff4c (0x00e78023) mem 0x00000000800120a7 0x00
core   0: 0x000000008000ff50 (0xfc843703) ld      a4, -56(s0)
core   0: 3 0x000000008000ff50 (0xfc843703) x14 0x0000000080012040 mem 0x0000000080031f38
core   0: 0x000000008000ff54 (0xfb843783) ld      a5, -72(s0)
core   0: 3 0x000000008000ff54 (0xfb843783) x15 0x000000000000009c mem 0x0000000080031f28
core   0: 0x000000008000ff58 (0x000097ba) c.add   a5, a4
core   0: 3 0x000000008000ff58 (0x97ba) x15 0x00000000800120dc
core   0: 0x000000008000ff5a (0xfe043703) ld      a4, -32(s0)
core   0: 3 0x000000008000ff5a (0xfe043703) x14 0x00000000800120a8 mem 0x0000000080031f50
core   0: 0x000000008000ff5e (0xfcf76de3) bltu    a4, a5, pc - 38
core   0: 3 0x000000008000ff5e (0xfcf76de3)
core   0: 0x000000008000ff38 (0xfe043783) ld      a5, -32(s0)
core   0: 3 0x000000008000ff38 (0xfe043783) x15 0x00000000800120a8 mem 0x0000000080031f50
core   0: 0x000000008000ff3c (0x00178713) addi    a4, a5, 1
core   0: 3 0x000000008000ff3c (0x00178713) x14 0x00000000800120a9
core   0: 0x000000008000ff40 (0xfee43023) sd      a4, -32(s0)
core   0: 3 0x000000008000ff40 (0xfee43023) mem 0x0000000080031f50 0x00000000800120a9
core   0: 0x000000008000ff44 (0xfc442703) lw      a4, -60(s0)
core   0: 3 0x000000008000ff44 (0xfc442703) x14 0x0000000000000000 mem 0x0000000080031f34
core   0: 0x000000008000ff48 (0x0ff77713) andi    a4, a4, 255
core   0: 3 0x000000008000ff48 (0x0ff77713) x14 0x0000000000000000
core   0: 0x000000008000ff4c (0x00e78023) sb      a4, 0(a5)
core   0: 3 0x000000008000ff4c (0x00e78023) mem 0x00000000800120a8 0x00
core   0: 0x000000008000ff50 (0xfc843703) ld      a4, -56(s0)
core   0: 3 0x000000008000ff50 (0xfc843703) x14 0x0000000080012040 mem 0x0000000080031f38
core   0: 0x000000008000ff54 (0xfb843783) ld      a5, -72(s0)
core   0: 3 0x000000008000ff54 (0xfb843783) x15 0x000000000000009c mem 0x0000000080031f28
core   0: 0x000000008000ff58 (0x000097ba) c.add   a5, a4
core   0: 3 0x000000008000ff58 (0x97ba) x15 0x00000000800120dc
core   0: 0x000000008000ff5a (0xfe043703) ld      a4, -32(s0)
core   0: 3 0x000000008000ff5a (0xfe043703) x14 0x00000000800120a9 mem 0x0000000080031f50
core   0: 0x000000008000ff5e (0xfcf76de3) bltu    a4, a5, pc - 38
core   0: 3 0x000000008000ff5e (0xfcf76de3)
core   0: 0x000000008000ff38 (0xfe043783) ld      a5, -32(s0)
core   0: 3 0x000000008000ff38 (0xfe043783) x15 0x00000000800120a9 mem 0x0000000080031f50
core   0: 0x000000008000ff3c (0x00178713) addi    a4, a5, 1
core   0: 3 0x000000008000ff3c (0x00178713) x14 0x00000000800120aa
core   0: 0x000000008000ff40 (0xfee43023) sd      a4, -32(s0)
core   0: 3 0x000000008000ff40 (0xfee43023) mem 0x0000000080031f50 0x00000000800120aa
core   0: 0x000000008000ff44 (0xfc442703) lw      a4, -60(s0)
core   0: 3 0x000000008000ff44 (0xfc442703) x14 0x0000000000000000 mem 0x0000000080031f34
core   0: 0x000000008000ff48 (0x0ff77713) andi    a4, a4, 255
core   0: 3 0x000000008000ff48 (0x0ff77713) x14 0x0000000000000000
core   0: 0x000000008000ff4c (0x00e78023) sb      a4, 0(a5)
core   0: 3 0x000000008000ff4c (0x00e78023) mem 0x00000000800120a9 0x00
core   0: 0x000000008000ff50 (0xfc843703) ld      a4, -56(s0)
core   0: 3 0x000000008000ff50 (0xfc843703) x14 0x0000000080012040 mem 0x0000000080031f38
core   0: 0x000000008000ff54 (0xfb843783) ld      a5, -72(s0)
core   0: 3 0x000000008000ff54 (0xfb843783) x15 0x000000000000009c mem 0x0000000080031f28
core   0: 0x000000008000ff58 (0x000097ba) c.add   a5, a4
core   0: 3 0x000000008000ff58 (0x97ba) x15 0x00000000800120dc
core   0: 0x000000008000ff5a (0xfe043703) ld      a4, -32(s0)
core   0: 3 0x000000008000ff5a (0xfe043703) x14 0x00000000800120aa mem 0x0000000080031f50
core   0: 0x000000008000ff5e (0xfcf76de3) bltu    a4, a5, pc - 38
core   0: 3 0x000000008000ff5e (0xfcf76de3)
core   0: 0x000000008000ff38 (0xfe043783) ld      a5, -32(s0)
core   0: 3 0x000000008000ff38 (0xfe043783) x15 0x00000000800120aa mem 0x0000000080031f50
core   0: 0x000000008000ff3c (0x00178713) addi    a4, a5, 1
core   0: 3 0x000000008000ff3c (0x00178713) x14 0x00000000800120ab
core   0: 0x000000008000ff40 (0xfee43023) sd      a4, -32(s0)
core   0: 3 0x000000008000ff40 (0xfee43023) mem 0x0000000080031f50 0x00000000800120ab
core   0: 0x000000008000ff44 (0xfc442703) lw      a4, -60(s0)
core   0: 3 0x000000008000ff44 (0xfc442703) x14 0x0000000000000000 mem 0x0000000080031f34
core   0: 0x000000008000ff48 (0x0ff77713) andi    a4, a4, 255
core   0: 3 0x000000008000ff48 (0x0ff77713) x14 0x0000000000000000
core   0: 0x000000008000ff4c (0x00e78023) sb      a4, 0(a5)
core   0: 3 0x000000008000ff4c (0x00e78023) mem 0x00000000800120aa 0x00
core   0: 0x000000008000ff50 (0xfc843703) ld      a4, -56(s0)
core   0: 3 0x000000008000ff50 (0xfc843703) x14 0x0000000080012040 mem 0x0000000080031f38
core   0: 0x000000008000ff54 (0xfb843783) ld      a5, -72(s0)
core   0: 3 0x000000008000ff54 (0xfb843783) x15 0x000000000000009c mem 0x0000000080031f28
core   0: 0x000000008000ff58 (0x000097ba) c.add   a5, a4
core   0: 3 0x000000008000ff58 (0x97ba) x15 0x00000000800120dc
core   0: 0x000000008000ff5a (0xfe043703) ld      a4, -32(s0)
core   0: 3 0x000000008000ff5a (0xfe043703) x14 0x00000000800120ab mem 0x0000000080031f50
core   0: 0x000000008000ff5e (0xfcf76de3) bltu    a4, a5, pc - 38
core   0: 3 0x000000008000ff5e (0xfcf76de3)
core   0: 0x000000008000ff38 (0xfe043783) ld      a5, -32(s0)
core   0: 3 0x000000008000ff38 (0xfe043783) x15 0x00000000800120ab mem 0x0000000080031f50
core   0: 0x000000008000ff3c (0x00178713) addi    a4, a5, 1
core   0: 3 0x000000008000ff3c (0x00178713) x14 0x00000000800120ac
core   0: 0x000000008000ff40 (0xfee43023) sd      a4, -32(s0)
core   0: 3 0x000000008000ff40 (0xfee43023) mem 0x0000000080031f50 0x00000000800120ac
core   0: 0x000000008000ff44 (0xfc442703) lw      a4, -60(s0)
core   0: 3 0x000000008000ff44 (0xfc442703) x14 0x0000000000000000 mem 0x0000000080031f34
core   0: 0x000000008000ff48 (0x0ff77713) andi    a4, a4, 255
core   0: 3 0x000000008000ff48 (0x0ff77713) x14 0x0000000000000000
core   0: 0x000000008000ff4c (0x00e78023) sb      a4, 0(a5)
core   0: 3 0x000000008000ff4c (0x00e78023) mem 0x00000000800120ab 0x00
core   0: 0x000000008000ff50 (0xfc843703) ld      a4, -56(s0)
core   0: 3 0x000000008000ff50 (0xfc843703) x14 0x0000000080012040 mem 0x0000000080031f38
core   0: 0x000000008000ff54 (0xfb843783) ld      a5, -72(s0)
core   0: 3 0x000000008000ff54 (0xfb843783) x15 0x000000000000009c mem 0x0000000080031f28
core   0: 0x000000008000ff58 (0x000097ba) c.add   a5, a4
core   0: 3 0x000000008000ff58 (0x97ba) x15 0x00000000800120dc
core   0: 0x000000008000ff5a (0xfe043703) ld      a4, -32(s0)
core   0: 3 0x000000008000ff5a (0xfe043703) x14 0x00000000800120ac mem 0x0000000080031f50
core   0: 0x000000008000ff5e (0xfcf76de3) bltu    a4, a5, pc - 38
core   0: 3 0x000000008000ff5e (0xfcf76de3)
core   0: 0x000000008000ff38 (0xfe043783) ld      a5, -32(s0)
core   0: 3 0x000000008000ff38 (0xfe043783) x15 0x00000000800120ac mem 0x0000000080031f50
core   0: 0x000000008000ff3c (0x00178713) addi    a4, a5, 1
core   0: 3 0x000000008000ff3c (0x00178713) x14 0x00000000800120ad
core   0: 0x000000008000ff40 (0xfee43023) sd      a4, -32(s0)
core   0: 3 0x000000008000ff40 (0xfee43023) mem 0x0000000080031f50 0x00000000800120ad
core   0: 0x000000008000ff44 (0xfc442703) lw      a4, -60(s0)
core   0: 3 0x000000008000ff44 (0xfc442703) x14 0x0000000000000000 mem 0x0000000080031f34
core   0: 0x000000008000ff48 (0x0ff77713) andi    a4, a4, 255
core   0: 3 0x000000008000ff48 (0x0ff77713) x14 0x0000000000000000
core   0: 0x000000008000ff4c (0x00e78023) sb      a4, 0(a5)
core   0: 3 0x000000008000ff4c (0x00e78023) mem 0x00000000800120ac 0x00
core   0: 0x000000008000ff50 (0xfc843703) ld      a4, -56(s0)
core   0: 3 0x000000008000ff50 (0xfc843703) x14 0x0000000080012040 mem 0x0000000080031f38
core   0: 0x000000008000ff54 (0xfb843783) ld      a5, -72(s0)
core   0: 3 0x000000008000ff54 (0xfb843783) x15 0x000000000000009c mem 0x0000000080031f28
core   0: 0x000000008000ff58 (0x000097ba) c.add   a5, a4
core   0: 3 0x000000008000ff58 (0x97ba) x15 0x00000000800120dc
core   0: 0x000000008000ff5a (0xfe043703) ld      a4, -32(s0)
core   0: 3 0x000000008000ff5a (0xfe043703) x14 0x00000000800120ad mem 0x0000000080031f50
core   0: 0x000000008000ff5e (0xfcf76de3) bltu    a4, a5, pc - 38
core   0: 3 0x000000008000ff5e (0xfcf76de3)
core   0: 0x000000008000ff38 (0xfe043783) ld      a5, -32(s0)
core   0: 3 0x000000008000ff38 (0xfe043783) x15 0x00000000800120ad mem 0x0000000080031f50
core   0: 0x000000008000ff3c (0x00178713) addi    a4, a5, 1
core   0: 3 0x000000008000ff3c (0x00178713) x14 0x00000000800120ae
core   0: 0x000000008000ff40 (0xfee43023) sd      a4, -32(s0)
core   0: 3 0x000000008000ff40 (0xfee43023) mem 0x0000000080031f50 0x00000000800120ae
core   0: 0x000000008000ff44 (0xfc442703) lw      a4, -60(s0)
core   0: 3 0x000000008000ff44 (0xfc442703) x14 0x0000000000000000 mem 0x0000000080031f34
core   0: 0x000000008000ff48 (0x0ff77713) andi    a4, a4, 255
core   0: 3 0x000000008000ff48 (0x0ff77713) x14 0x0000000000000000
core   0: 0x000000008000ff4c (0x00e78023) sb      a4, 0(a5)
core   0: 3 0x000000008000ff4c (0x00e78023) mem 0x00000000800120ad 0x00
core   0: 0x000000008000ff50 (0xfc843703) ld      a4, -56(s0)
core   0: 3 0x000000008000ff50 (0xfc843703) x14 0x0000000080012040 mem 0x0000000080031f38
core   0: 0x000000008000ff54 (0xfb843783) ld      a5, -72(s0)
core   0: 3 0x000000008000ff54 (0xfb843783) x15 0x000000000000009c mem 0x0000000080031f28
core   0: 0x000000008000ff58 (0x000097ba) c.add   a5, a4
core   0: 3 0x000000008000ff58 (0x97ba) x15 0x00000000800120dc
core   0: 0x000000008000ff5a (0xfe043703) ld      a4, -32(s0)
core   0: 3 0x000000008000ff5a (0xfe043703) x14 0x00000000800120ae mem 0x0000000080031f50
core   0: 0x000000008000ff5e (0xfcf76de3) bltu    a4, a5, pc - 38
core   0: 3 0x000000008000ff5e (0xfcf76de3)
core   0: 0x000000008000ff38 (0xfe043783) ld      a5, -32(s0)
core   0: 3 0x000000008000ff38 (0xfe043783) x15 0x00000000800120ae mem 0x0000000080031f50
core   0: 0x000000008000ff3c (0x00178713) addi    a4, a5, 1
core   0: 3 0x000000008000ff3c (0x00178713) x14 0x00000000800120af
core   0: 0x000000008000ff40 (0xfee43023) sd      a4, -32(s0)
core   0: 3 0x000000008000ff40 (0xfee43023) mem 0x0000000080031f50 0x00000000800120af
core   0: 0x000000008000ff44 (0xfc442703) lw      a4, -60(s0)
core   0: 3 0x000000008000ff44 (0xfc442703) x14 0x0000000000000000 mem 0x0000000080031f34
core   0: 0x000000008000ff48 (0x0ff77713) andi    a4, a4, 255
core   0: 3 0x000000008000ff48 (0x0ff77713) x14 0x0000000000000000
core   0: 0x000000008000ff4c (0x00e78023) sb      a4, 0(a5)
core   0: 3 0x000000008000ff4c (0x00e78023) mem 0x00000000800120ae 0x00
core   0: 0x000000008000ff50 (0xfc843703) ld      a4, -56(s0)
core   0: 3 0x000000008000ff50 (0xfc843703) x14 0x0000000080012040 mem 0x0000000080031f38
core   0: 0x000000008000ff54 (0xfb843783) ld      a5, -72(s0)
core   0: 3 0x000000008000ff54 (0xfb843783) x15 0x000000000000009c mem 0x0000000080031f28
core   0: 0x000000008000ff58 (0x000097ba) c.add   a5, a4
core   0: 3 0x000000008000ff58 (0x97ba) x15 0x00000000800120dc
core   0: 0x000000008000ff5a (0xfe043703) ld      a4, -32(s0)
core   0: 3 0x000000008000ff5a (0xfe043703) x14 0x00000000800120af mem 0x0000000080031f50
core   0: 0x000000008000ff5e (0xfcf76de3) bltu    a4, a5, pc - 38
core   0: 3 0x000000008000ff5e (0xfcf76de3)
core   0: 0x000000008000ff38 (0xfe043783) ld      a5, -32(s0)
core   0: 3 0x000000008000ff38 (0xfe043783) x15 0x00000000800120af mem 0x0000000080031f50
core   0: 0x000000008000ff3c (0x00178713) addi    a4, a5, 1
core   0: 3 0x000000008000ff3c (0x00178713) x14 0x00000000800120b0
core   0: 0x000000008000ff40 (0xfee43023) sd      a4, -32(s0)
core   0: 3 0x000000008000ff40 (0xfee43023) mem 0x0000000080031f50 0x00000000800120b0
core   0: 0x000000008000ff44 (0xfc442703) lw      a4, -60(s0)
core   0: 3 0x000000008000ff44 (0xfc442703) x14 0x0000000000000000 mem 0x0000000080031f34
core   0: 0x000000008000ff48 (0x0ff77713) andi    a4, a4, 255
core   0: 3 0x000000008000ff48 (0x0ff77713) x14 0x0000000000000000
core   0: 0x000000008000ff4c (0x00e78023) sb      a4, 0(a5)
core   0: 3 0x000000008000ff4c (0x00e78023) mem 0x00000000800120af 0x00
core   0: 0x000000008000ff50 (0xfc843703) ld      a4, -56(s0)
core   0: 3 0x000000008000ff50 (0xfc843703) x14 0x0000000080012040 mem 0x0000000080031f38
core   0: 0x000000008000ff54 (0xfb843783) ld      a5, -72(s0)
core   0: 3 0x000000008000ff54 (0xfb843783) x15 0x000000000000009c mem 0x0000000080031f28
core   0: 0x000000008000ff58 (0x000097ba) c.add   a5, a4
core   0: 3 0x000000008000ff58 (0x97ba) x15 0x00000000800120dc
core   0: 0x000000008000ff5a (0xfe043703) ld      a4, -32(s0)
core   0: 3 0x000000008000ff5a (0xfe043703) x14 0x00000000800120b0 mem 0x0000000080031f50
core   0: 0x000000008000ff5e (0xfcf76de3) bltu    a4, a5, pc - 38
core   0: 3 0x000000008000ff5e (0xfcf76de3)
core   0: 0x000000008000ff38 (0xfe043783) ld      a5, -32(s0)
core   0: 3 0x000000008000ff38 (0xfe043783) x15 0x00000000800120b0 mem 0x0000000080031f50
core   0: 0x000000008000ff3c (0x00178713) addi    a4, a5, 1
core   0: 3 0x000000008000ff3c (0x00178713) x14 0x00000000800120b1
core   0: 0x000000008000ff40 (0xfee43023) sd      a4, -32(s0)
core   0: 3 0x000000008000ff40 (0xfee43023) mem 0x0000000080031f50 0x00000000800120b1
core   0: 0x000000008000ff44 (0xfc442703) lw      a4, -60(s0)
core   0: 3 0x000000008000ff44 (0xfc442703) x14 0x0000000000000000 mem 0x0000000080031f34
core   0: 0x000000008000ff48 (0x0ff77713) andi    a4, a4, 255
core   0: 3 0x000000008000ff48 (0x0ff77713) x14 0x0000000000000000
core   0: 0x000000008000ff4c (0x00e78023) sb      a4, 0(a5)
core   0: 3 0x000000008000ff4c (0x00e78023) mem 0x00000000800120b0 0x00
core   0: 0x000000008000ff50 (0xfc843703) ld      a4, -56(s0)
core   0: 3 0x000000008000ff50 (0xfc843703) x14 0x0000000080012040 mem 0x0000000080031f38
core   0: 0x000000008000ff54 (0xfb843783) ld      a5, -72(s0)
core   0: 3 0x000000008000ff54 (0xfb843783) x15 0x000000000000009c mem 0x0000000080031f28
core   0: 0x000000008000ff58 (0x000097ba) c.add   a5, a4
core   0: 3 0x000000008000ff58 (0x97ba) x15 0x00000000800120dc
core   0: 0x000000008000ff5a (0xfe043703) ld      a4, -32(s0)
core   0: 3 0x000000008000ff5a (0xfe043703) x14 0x00000000800120b1 mem 0x0000000080031f50
core   0: 0x000000008000ff5e (0xfcf76de3) bltu    a4, a5, pc - 38
core   0: 3 0x000000008000ff5e (0xfcf76de3)
core   0: 0x000000008000ff38 (0xfe043783) ld      a5, -32(s0)
core   0: 3 0x000000008000ff38 (0xfe043783) x15 0x00000000800120b1 mem 0x0000000080031f50
core   0: 0x000000008000ff3c (0x00178713) addi    a4, a5, 1
core   0: 3 0x000000008000ff3c (0x00178713) x14 0x00000000800120b2
core   0: 0x000000008000ff40 (0xfee43023) sd      a4, -32(s0)
core   0: 3 0x000000008000ff40 (0xfee43023) mem 0x0000000080031f50 0x00000000800120b2
core   0: 0x000000008000ff44 (0xfc442703) lw      a4, -60(s0)
core   0: 3 0x000000008000ff44 (0xfc442703) x14 0x0000000000000000 mem 0x0000000080031f34
core   0: 0x000000008000ff48 (0x0ff77713) andi    a4, a4, 255
core   0: 3 0x000000008000ff48 (0x0ff77713) x14 0x0000000000000000
core   0: 0x000000008000ff4c (0x00e78023) sb      a4, 0(a5)
core   0: 3 0x000000008000ff4c (0x00e78023) mem 0x00000000800120b1 0x00
core   0: 0x000000008000ff50 (0xfc843703) ld      a4, -56(s0)
core   0: 3 0x000000008000ff50 (0xfc843703) x14 0x0000000080012040 mem 0x0000000080031f38
core   0: 0x000000008000ff54 (0xfb843783) ld      a5, -72(s0)
core   0: 3 0x000000008000ff54 (0xfb843783) x15 0x000000000000009c mem 0x0000000080031f28
core   0: 0x000000008000ff58 (0x000097ba) c.add   a5, a4
core   0: 3 0x000000008000ff58 (0x97ba) x15 0x00000000800120dc
core   0: 0x000000008000ff5a (0xfe043703) ld      a4, -32(s0)
core   0: 3 0x000000008000ff5a (0xfe043703) x14 0x00000000800120b2 mem 0x0000000080031f50
core   0: 0x000000008000ff5e (0xfcf76de3) bltu    a4, a5, pc - 38
core   0: 3 0x000000008000ff5e (0xfcf76de3)
core   0: 0x000000008000ff38 (0xfe043783) ld      a5, -32(s0)
core   0: 3 0x000000008000ff38 (0xfe043783) x15 0x00000000800120b2 mem 0x0000000080031f50
core   0: 0x000000008000ff3c (0x00178713) addi    a4, a5, 1
core   0: 3 0x000000008000ff3c (0x00178713) x14 0x00000000800120b3
core   0: 0x000000008000ff40 (0xfee43023) sd      a4, -32(s0)
core   0: 3 0x000000008000ff40 (0xfee43023) mem 0x0000000080031f50 0x00000000800120b3
core   0: 0x000000008000ff44 (0xfc442703) lw      a4, -60(s0)
core   0: 3 0x000000008000ff44 (0xfc442703) x14 0x0000000000000000 mem 0x0000000080031f34
core   0: 0x000000008000ff48 (0x0ff77713) andi    a4, a4, 255
core   0: 3 0x000000008000ff48 (0x0ff77713) x14 0x0000000000000000
core   0: 0x000000008000ff4c (0x00e78023) sb      a4, 0(a5)
core   0: 3 0x000000008000ff4c (0x00e78023) mem 0x00000000800120b2 0x00
core   0: 0x000000008000ff50 (0xfc843703) ld      a4, -56(s0)
core   0: 3 0x000000008000ff50 (0xfc843703) x14 0x0000000080012040 mem 0x0000000080031f38
core   0: 0x000000008000ff54 (0xfb843783) ld      a5, -72(s0)
core   0: 3 0x000000008000ff54 (0xfb843783) x15 0x000000000000009c mem 0x0000000080031f28
core   0: 0x000000008000ff58 (0x000097ba) c.add   a5, a4
core   0: 3 0x000000008000ff58 (0x97ba) x15 0x00000000800120dc
core   0: 0x000000008000ff5a (0xfe043703) ld      a4, -32(s0)
core   0: 3 0x000000008000ff5a (0xfe043703) x14 0x00000000800120b3 mem 0x0000000080031f50
core   0: 0x000000008000ff5e (0xfcf76de3) bltu    a4, a5, pc - 38
core   0: 3 0x000000008000ff5e (0xfcf76de3)
core   0: 0x000000008000ff38 (0xfe043783) ld      a5, -32(s0)
core   0: 3 0x000000008000ff38 (0xfe043783) x15 0x00000000800120b3 mem 0x0000000080031f50
core   0: 0x000000008000ff3c (0x00178713) addi    a4, a5, 1
core   0: 3 0x000000008000ff3c (0x00178713) x14 0x00000000800120b4
core   0: 0x000000008000ff40 (0xfee43023) sd      a4, -32(s0)
core   0: 3 0x000000008000ff40 (0xfee43023) mem 0x0000000080031f50 0x00000000800120b4
core   0: 0x000000008000ff44 (0xfc442703) lw      a4, -60(s0)
core   0: 3 0x000000008000ff44 (0xfc442703) x14 0x0000000000000000 mem 0x0000000080031f34
core   0: 0x000000008000ff48 (0x0ff77713) andi    a4, a4, 255
core   0: 3 0x000000008000ff48 (0x0ff77713) x14 0x0000000000000000
core   0: 0x000000008000ff4c (0x00e78023) sb      a4, 0(a5)
core   0: 3 0x000000008000ff4c (0x00e78023) mem 0x00000000800120b3 0x00
core   0: 0x000000008000ff50 (0xfc843703) ld      a4, -56(s0)
core   0: 3 0x000000008000ff50 (0xfc843703) x14 0x0000000080012040 mem 0x0000000080031f38
core   0: 0x000000008000ff54 (0xfb843783) ld      a5, -72(s0)
core   0: 3 0x000000008000ff54 (0xfb843783) x15 0x000000000000009c mem 0x0000000080031f28
core   0: 0x000000008000ff58 (0x000097ba) c.add   a5, a4
core   0: 3 0x000000008000ff58 (0x97ba) x15 0x00000000800120dc
core   0: 0x000000008000ff5a (0xfe043703) ld      a4, -32(s0)
core   0: 3 0x000000008000ff5a (0xfe043703) x14 0x00000000800120b4 mem 0x0000000080031f50
core   0: 0x000000008000ff5e (0xfcf76de3) bltu    a4, a5, pc - 38
core   0: 3 0x000000008000ff5e (0xfcf76de3)
core   0: 0x000000008000ff38 (0xfe043783) ld      a5, -32(s0)
core   0: 3 0x000000008000ff38 (0xfe043783) x15 0x00000000800120b4 mem 0x0000000080031f50
core   0: 0x000000008000ff3c (0x00178713) addi    a4, a5, 1
core   0: 3 0x000000008000ff3c (0x00178713) x14 0x00000000800120b5
core   0: 0x000000008000ff40 (0xfee43023) sd      a4, -32(s0)
core   0: 3 0x000000008000ff40 (0xfee43023) mem 0x0000000080031f50 0x00000000800120b5
core   0: 0x000000008000ff44 (0xfc442703) lw      a4, -60(s0)
core   0: 3 0x000000008000ff44 (0xfc442703) x14 0x0000000000000000 mem 0x0000000080031f34
core   0: 0x000000008000ff48 (0x0ff77713) andi    a4, a4, 255
core   0: 3 0x000000008000ff48 (0x0ff77713) x14 0x0000000000000000
core   0: 0x000000008000ff4c (0x00e78023) sb      a4, 0(a5)
core   0: 3 0x000000008000ff4c (0x00e78023) mem 0x00000000800120b4 0x00
core   0: 0x000000008000ff50 (0xfc843703) ld      a4, -56(s0)
core   0: 3 0x000000008000ff50 (0xfc843703) x14 0x0000000080012040 mem 0x0000000080031f38
core   0: 0x000000008000ff54 (0xfb843783) ld      a5, -72(s0)
core   0: 3 0x000000008000ff54 (0xfb843783) x15 0x000000000000009c mem 0x0000000080031f28
core   0: 0x000000008000ff58 (0x000097ba) c.add   a5, a4
core   0: 3 0x000000008000ff58 (0x97ba) x15 0x00000000800120dc
core   0: 0x000000008000ff5a (0xfe043703) ld      a4, -32(s0)
core   0: 3 0x000000008000ff5a (0xfe043703) x14 0x00000000800120b5 mem 0x0000000080031f50
core   0: 0x000000008000ff5e (0xfcf76de3) bltu    a4, a5, pc - 38
core   0: 3 0x000000008000ff5e (0xfcf76de3)
core   0: 0x000000008000ff38 (0xfe043783) ld      a5, -32(s0)
core   0: 3 0x000000008000ff38 (0xfe043783) x15 0x00000000800120b5 mem 0x0000000080031f50
core   0: 0x000000008000ff3c (0x00178713) addi    a4, a5, 1
core   0: 3 0x000000008000ff3c (0x00178713) x14 0x00000000800120b6
core   0: 0x000000008000ff40 (0xfee43023) sd      a4, -32(s0)
core   0: 3 0x000000008000ff40 (0xfee43023) mem 0x0000000080031f50 0x00000000800120b6
core   0: 0x000000008000ff44 (0xfc442703) lw      a4, -60(s0)
core   0: 3 0x000000008000ff44 (0xfc442703) x14 0x0000000000000000 mem 0x0000000080031f34
core   0: 0x000000008000ff48 (0x0ff77713) andi    a4, a4, 255
core   0: 3 0x000000008000ff48 (0x0ff77713) x14 0x0000000000000000
core   0: 0x000000008000ff4c (0x00e78023) sb      a4, 0(a5)
core   0: 3 0x000000008000ff4c (0x00e78023) mem 0x00000000800120b5 0x00
core   0: 0x000000008000ff50 (0xfc843703) ld      a4, -56(s0)
core   0: 3 0x000000008000ff50 (0xfc843703) x14 0x0000000080012040 mem 0x0000000080031f38
core   0: 0x000000008000ff54 (0xfb843783) ld      a5, -72(s0)
core   0: 3 0x000000008000ff54 (0xfb843783) x15 0x000000000000009c mem 0x0000000080031f28
core   0: 0x000000008000ff58 (0x000097ba) c.add   a5, a4
core   0: 3 0x000000008000ff58 (0x97ba) x15 0x00000000800120dc
core   0: 0x000000008000ff5a (0xfe043703) ld      a4, -32(s0)
core   0: 3 0x000000008000ff5a (0xfe043703) x14 0x00000000800120b6 mem 0x0000000080031f50
core   0: 0x000000008000ff5e (0xfcf76de3) bltu    a4, a5, pc - 38
core   0: 3 0x000000008000ff5e (0xfcf76de3)
core   0: 0x000000008000ff38 (0xfe043783) ld      a5, -32(s0)
core   0: 3 0x000000008000ff38 (0xfe043783) x15 0x00000000800120b6 mem 0x0000000080031f50
core   0: 0x000000008000ff3c (0x00178713) addi    a4, a5, 1
core   0: 3 0x000000008000ff3c (0x00178713) x14 0x00000000800120b7
core   0: 0x000000008000ff40 (0xfee43023) sd      a4, -32(s0)
core   0: 3 0x000000008000ff40 (0xfee43023) mem 0x0000000080031f50 0x00000000800120b7
core   0: 0x000000008000ff44 (0xfc442703) lw      a4, -60(s0)
core   0: 3 0x000000008000ff44 (0xfc442703) x14 0x0000000000000000 mem 0x0000000080031f34
core   0: 0x000000008000ff48 (0x0ff77713) andi    a4, a4, 255
core   0: 3 0x000000008000ff48 (0x0ff77713) x14 0x0000000000000000
core   0: 0x000000008000ff4c (0x00e78023) sb      a4, 0(a5)
core   0: 3 0x000000008000ff4c (0x00e78023) mem 0x00000000800120b6 0x00
core   0: 0x000000008000ff50 (0xfc843703) ld      a4, -56(s0)
core   0: 3 0x000000008000ff50 (0xfc843703) x14 0x0000000080012040 mem 0x0000000080031f38
core   0: 0x000000008000ff54 (0xfb843783) ld      a5, -72(s0)
core   0: 3 0x000000008000ff54 (0xfb843783) x15 0x000000000000009c mem 0x0000000080031f28
core   0: 0x000000008000ff58 (0x000097ba) c.add   a5, a4
core   0: 3 0x000000008000ff58 (0x97ba) x15 0x00000000800120dc
core   0: 0x000000008000ff5a (0xfe043703) ld      a4, -32(s0)
core   0: 3 0x000000008000ff5a (0xfe043703) x14 0x00000000800120b7 mem 0x0000000080031f50
core   0: 0x000000008000ff5e (0xfcf76de3) bltu    a4, a5, pc - 38
core   0: 3 0x000000008000ff5e (0xfcf76de3)
core   0: 0x000000008000ff38 (0xfe043783) ld      a5, -32(s0)
core   0: 3 0x000000008000ff38 (0xfe043783) x15 0x00000000800120b7 mem 0x0000000080031f50
core   0: 0x000000008000ff3c (0x00178713) addi    a4, a5, 1
core   0: 3 0x000000008000ff3c (0x00178713) x14 0x00000000800120b8
core   0: 0x000000008000ff40 (0xfee43023) sd      a4, -32(s0)
core   0: 3 0x000000008000ff40 (0xfee43023) mem 0x0000000080031f50 0x00000000800120b8
core   0: 0x000000008000ff44 (0xfc442703) lw      a4, -60(s0)
core   0: 3 0x000000008000ff44 (0xfc442703) x14 0x0000000000000000 mem 0x0000000080031f34
core   0: 0x000000008000ff48 (0x0ff77713) andi    a4, a4, 255
core   0: 3 0x000000008000ff48 (0x0ff77713) x14 0x0000000000000000
core   0: 0x000000008000ff4c (0x00e78023) sb      a4, 0(a5)
core   0: 3 0x000000008000ff4c (0x00e78023) mem 0x00000000800120b7 0x00
core   0: 0x000000008000ff50 (0xfc843703) ld      a4, -56(s0)
core   0: 3 0x000000008000ff50 (0xfc843703) x14 0x0000000080012040 mem 0x0000000080031f38
core   0: 0x000000008000ff54 (0xfb843783) ld      a5, -72(s0)
core   0: 3 0x000000008000ff54 (0xfb843783) x15 0x000000000000009c mem 0x0000000080031f28
core   0: 0x000000008000ff58 (0x000097ba) c.add   a5, a4
core   0: 3 0x000000008000ff58 (0x97ba) x15 0x00000000800120dc
core   0: 0x000000008000ff5a (0xfe043703) ld      a4, -32(s0)
core   0: 3 0x000000008000ff5a (0xfe043703) x14 0x00000000800120b8 mem 0x0000000080031f50
core   0: 0x000000008000ff5e (0xfcf76de3) bltu    a4, a5, pc - 38
core   0: 3 0x000000008000ff5e (0xfcf76de3)
core   0: 0x000000008000ff38 (0xfe043783) ld      a5, -32(s0)
core   0: 3 0x000000008000ff38 (0xfe043783) x15 0x00000000800120b8 mem 0x0000000080031f50
core   0: 0x000000008000ff3c (0x00178713) addi    a4, a5, 1
core   0: 3 0x000000008000ff3c (0x00178713) x14 0x00000000800120b9
core   0: 0x000000008000ff40 (0xfee43023) sd      a4, -32(s0)
core   0: 3 0x000000008000ff40 (0xfee43023) mem 0x0000000080031f50 0x00000000800120b9
core   0: 0x000000008000ff44 (0xfc442703) lw      a4, -60(s0)
core   0: 3 0x000000008000ff44 (0xfc442703) x14 0x0000000000000000 mem 0x0000000080031f34
core   0: 0x000000008000ff48 (0x0ff77713) andi    a4, a4, 255
core   0: 3 0x000000008000ff48 (0x0ff77713) x14 0x0000000000000000
core   0: 0x000000008000ff4c (0x00e78023) sb      a4, 0(a5)
core   0: 3 0x000000008000ff4c (0x00e78023) mem 0x00000000800120b8 0x00
core   0: 0x000000008000ff50 (0xfc843703) ld      a4, -56(s0)
core   0: 3 0x000000008000ff50 (0xfc843703) x14 0x0000000080012040 mem 0x0000000080031f38
core   0: 0x000000008000ff54 (0xfb843783) ld      a5, -72(s0)
core   0: 3 0x000000008000ff54 (0xfb843783) x15 0x000000000000009c mem 0x0000000080031f28
core   0: 0x000000008000ff58 (0x000097ba) c.add   a5, a4
core   0: 3 0x000000008000ff58 (0x97ba) x15 0x00000000800120dc
core   0: 0x000000008000ff5a (0xfe043703) ld      a4, -32(s0)
core   0: 3 0x000000008000ff5a (0xfe043703) x14 0x00000000800120b9 mem 0x0000000080031f50
core   0: 0x000000008000ff5e (0xfcf76de3) bltu    a4, a5, pc - 38
core   0: 3 0x000000008000ff5e (0xfcf76de3)
core   0: 0x000000008000ff38 (0xfe043783) ld      a5, -32(s0)
core   0: 3 0x000000008000ff38 (0xfe043783) x15 0x00000000800120b9 mem 0x0000000080031f50
core   0: 0x000000008000ff3c (0x00178713) addi    a4, a5, 1
core   0: 3 0x000000008000ff3c (0x00178713) x14 0x00000000800120ba
core   0: 0x000000008000ff40 (0xfee43023) sd      a4, -32(s0)
core   0: 3 0x000000008000ff40 (0xfee43023) mem 0x0000000080031f50 0x00000000800120ba
core   0: 0x000000008000ff44 (0xfc442703) lw      a4, -60(s0)
core   0: 3 0x000000008000ff44 (0xfc442703) x14 0x0000000000000000 mem 0x0000000080031f34
core   0: 0x000000008000ff48 (0x0ff77713) andi    a4, a4, 255
core   0: 3 0x000000008000ff48 (0x0ff77713) x14 0x0000000000000000
core   0: 0x000000008000ff4c (0x00e78023) sb      a4, 0(a5)
core   0: 3 0x000000008000ff4c (0x00e78023) mem 0x00000000800120b9 0x00
core   0: 0x000000008000ff50 (0xfc843703) ld      a4, -56(s0)
core   0: 3 0x000000008000ff50 (0xfc843703) x14 0x0000000080012040 mem 0x0000000080031f38
core   0: 0x000000008000ff54 (0xfb843783) ld      a5, -72(s0)
core   0: 3 0x000000008000ff54 (0xfb843783) x15 0x000000000000009c mem 0x0000000080031f28
core   0: 0x000000008000ff58 (0x000097ba) c.add   a5, a4
core   0: 3 0x000000008000ff58 (0x97ba) x15 0x00000000800120dc
core   0: 0x000000008000ff5a (0xfe043703) ld      a4, -32(s0)
core   0: 3 0x000000008000ff5a (0xfe043703) x14 0x00000000800120ba mem 0x0000000080031f50
core   0: 0x000000008000ff5e (0xfcf76de3) bltu    a4, a5, pc - 38
core   0: 3 0x000000008000ff5e (0xfcf76de3)
core   0: 0x000000008000ff38 (0xfe043783) ld      a5, -32(s0)
core   0: 3 0x000000008000ff38 (0xfe043783) x15 0x00000000800120ba mem 0x0000000080031f50
core   0: 0x000000008000ff3c (0x00178713) addi    a4, a5, 1
core   0: 3 0x000000008000ff3c (0x00178713) x14 0x00000000800120bb
core   0: 0x000000008000ff40 (0xfee43023) sd      a4, -32(s0)
core   0: 3 0x000000008000ff40 (0xfee43023) mem 0x0000000080031f50 0x00000000800120bb
core   0: 0x000000008000ff44 (0xfc442703) lw      a4, -60(s0)
core   0: 3 0x000000008000ff44 (0xfc442703) x14 0x0000000000000000 mem 0x0000000080031f34
core   0: 0x000000008000ff48 (0x0ff77713) andi    a4, a4, 255
core   0: 3 0x000000008000ff48 (0x0ff77713) x14 0x0000000000000000
core   0: 0x000000008000ff4c (0x00e78023) sb      a4, 0(a5)
core   0: 3 0x000000008000ff4c (0x00e78023) mem 0x00000000800120ba 0x00
core   0: 0x000000008000ff50 (0xfc843703) ld      a4, -56(s0)
core   0: 3 0x000000008000ff50 (0xfc843703) x14 0x0000000080012040 mem 0x0000000080031f38
core   0: 0x000000008000ff54 (0xfb843783) ld      a5, -72(s0)
core   0: 3 0x000000008000ff54 (0xfb843783) x15 0x000000000000009c mem 0x0000000080031f28
core   0: 0x000000008000ff58 (0x000097ba) c.add   a5, a4
core   0: 3 0x000000008000ff58 (0x97ba) x15 0x00000000800120dc
core   0: 0x000000008000ff5a (0xfe043703) ld      a4, -32(s0)
core   0: 3 0x000000008000ff5a (0xfe043703) x14 0x00000000800120bb mem 0x0000000080031f50
core   0: 0x000000008000ff5e (0xfcf76de3) bltu    a4, a5, pc - 38
core   0: 3 0x000000008000ff5e (0xfcf76de3)
core   0: 0x000000008000ff38 (0xfe043783) ld      a5, -32(s0)
core   0: 3 0x000000008000ff38 (0xfe043783) x15 0x00000000800120bb mem 0x0000000080031f50
core   0: 0x000000008000ff3c (0x00178713) addi    a4, a5, 1
core   0: 3 0x000000008000ff3c (0x00178713) x14 0x00000000800120bc
core   0: 0x000000008000ff40 (0xfee43023) sd      a4, -32(s0)
core   0: 3 0x000000008000ff40 (0xfee43023) mem 0x0000000080031f50 0x00000000800120bc
core   0: 0x000000008000ff44 (0xfc442703) lw      a4, -60(s0)
core   0: 3 0x000000008000ff44 (0xfc442703) x14 0x0000000000000000 mem 0x0000000080031f34
core   0: 0x000000008000ff48 (0x0ff77713) andi    a4, a4, 255
core   0: 3 0x000000008000ff48 (0x0ff77713) x14 0x0000000000000000
core   0: 0x000000008000ff4c (0x00e78023) sb      a4, 0(a5)
core   0: 3 0x000000008000ff4c (0x00e78023) mem 0x00000000800120bb 0x00
core   0: 0x000000008000ff50 (0xfc843703) ld      a4, -56(s0)
core   0: 3 0x000000008000ff50 (0xfc843703) x14 0x0000000080012040 mem 0x0000000080031f38
core   0: 0x000000008000ff54 (0xfb843783) ld      a5, -72(s0)
core   0: 3 0x000000008000ff54 (0xfb843783) x15 0x000000000000009c mem 0x0000000080031f28
core   0: 0x000000008000ff58 (0x000097ba) c.add   a5, a4
core   0: 3 0x000000008000ff58 (0x97ba) x15 0x00000000800120dc
core   0: 0x000000008000ff5a (0xfe043703) ld      a4, -32(s0)
core   0: 3 0x000000008000ff5a (0xfe043703) x14 0x00000000800120bc mem 0x0000000080031f50
core   0: 0x000000008000ff5e (0xfcf76de3) bltu    a4, a5, pc - 38
core   0: 3 0x000000008000ff5e (0xfcf76de3)
core   0: 0x000000008000ff38 (0xfe043783) ld      a5, -32(s0)
core   0: 3 0x000000008000ff38 (0xfe043783) x15 0x00000000800120bc mem 0x0000000080031f50
core   0: 0x000000008000ff3c (0x00178713) addi    a4, a5, 1
core   0: 3 0x000000008000ff3c (0x00178713) x14 0x00000000800120bd
core   0: 0x000000008000ff40 (0xfee43023) sd      a4, -32(s0)
core   0: 3 0x000000008000ff40 (0xfee43023) mem 0x0000000080031f50 0x00000000800120bd
core   0: 0x000000008000ff44 (0xfc442703) lw      a4, -60(s0)
core   0: 3 0x000000008000ff44 (0xfc442703) x14 0x0000000000000000 mem 0x0000000080031f34
core   0: 0x000000008000ff48 (0x0ff77713) andi    a4, a4, 255
core   0: 3 0x000000008000ff48 (0x0ff77713) x14 0x0000000000000000
core   0: 0x000000008000ff4c (0x00e78023) sb      a4, 0(a5)
core   0: 3 0x000000008000ff4c (0x00e78023) mem 0x00000000800120bc 0x00
core   0: 0x000000008000ff50 (0xfc843703) ld      a4, -56(s0)
core   0: 3 0x000000008000ff50 (0xfc843703) x14 0x0000000080012040 mem 0x0000000080031f38
core   0: 0x000000008000ff54 (0xfb843783) ld      a5, -72(s0)
core   0: 3 0x000000008000ff54 (0xfb843783) x15 0x000000000000009c mem 0x0000000080031f28
core   0: 0x000000008000ff58 (0x000097ba) c.add   a5, a4
core   0: 3 0x000000008000ff58 (0x97ba) x15 0x00000000800120dc
core   0: 0x000000008000ff5a (0xfe043703) ld      a4, -32(s0)
core   0: 3 0x000000008000ff5a (0xfe043703) x14 0x00000000800120bd mem 0x0000000080031f50
core   0: 0x000000008000ff5e (0xfcf76de3) bltu    a4, a5, pc - 38
core   0: 3 0x000000008000ff5e (0xfcf76de3)
core   0: 0x000000008000ff38 (0xfe043783) ld      a5, -32(s0)
core   0: 3 0x000000008000ff38 (0xfe043783) x15 0x00000000800120bd mem 0x0000000080031f50
core   0: 0x000000008000ff3c (0x00178713) addi    a4, a5, 1
core   0: 3 0x000000008000ff3c (0x00178713) x14 0x00000000800120be
core   0: 0x000000008000ff40 (0xfee43023) sd      a4, -32(s0)
core   0: 3 0x000000008000ff40 (0xfee43023) mem 0x0000000080031f50 0x00000000800120be
core   0: 0x000000008000ff44 (0xfc442703) lw      a4, -60(s0)
core   0: 3 0x000000008000ff44 (0xfc442703) x14 0x0000000000000000 mem 0x0000000080031f34
core   0: 0x000000008000ff48 (0x0ff77713) andi    a4, a4, 255
core   0: 3 0x000000008000ff48 (0x0ff77713) x14 0x0000000000000000
core   0: 0x000000008000ff4c (0x00e78023) sb      a4, 0(a5)
core   0: 3 0x000000008000ff4c (0x00e78023) mem 0x00000000800120bd 0x00
core   0: 0x000000008000ff50 (0xfc843703) ld      a4, -56(s0)
core   0: 3 0x000000008000ff50 (0xfc843703) x14 0x0000000080012040 mem 0x0000000080031f38
core   0: 0x000000008000ff54 (0xfb843783) ld      a5, -72(s0)
core   0: 3 0x000000008000ff54 (0xfb843783) x15 0x000000000000009c mem 0x0000000080031f28
core   0: 0x000000008000ff58 (0x000097ba) c.add   a5, a4
core   0: 3 0x000000008000ff58 (0x97ba) x15 0x00000000800120dc
core   0: 0x000000008000ff5a (0xfe043703) ld      a4, -32(s0)
core   0: 3 0x000000008000ff5a (0xfe043703) x14 0x00000000800120be mem 0x0000000080031f50
core   0: 0x000000008000ff5e (0xfcf76de3) bltu    a4, a5, pc - 38
core   0: 3 0x000000008000ff5e (0xfcf76de3)
core   0: 0x000000008000ff38 (0xfe043783) ld      a5, -32(s0)
core   0: 3 0x000000008000ff38 (0xfe043783) x15 0x00000000800120be mem 0x0000000080031f50
core   0: 0x000000008000ff3c (0x00178713) addi    a4, a5, 1
core   0: 3 0x000000008000ff3c (0x00178713) x14 0x00000000800120bf
core   0: 0x000000008000ff40 (0xfee43023) sd      a4, -32(s0)
core   0: 3 0x000000008000ff40 (0xfee43023) mem 0x0000000080031f50 0x00000000800120bf
core   0: 0x000000008000ff44 (0xfc442703) lw      a4, -60(s0)
core   0: 3 0x000000008000ff44 (0xfc442703) x14 0x0000000000000000 mem 0x0000000080031f34
core   0: 0x000000008000ff48 (0x0ff77713) andi    a4, a4, 255
core   0: 3 0x000000008000ff48 (0x0ff77713) x14 0x0000000000000000
core   0: 0x000000008000ff4c (0x00e78023) sb      a4, 0(a5)
core   0: 3 0x000000008000ff4c (0x00e78023) mem 0x00000000800120be 0x00
core   0: 0x000000008000ff50 (0xfc843703) ld      a4, -56(s0)
core   0: 3 0x000000008000ff50 (0xfc843703) x14 0x0000000080012040 mem 0x0000000080031f38
core   0: 0x000000008000ff54 (0xfb843783) ld      a5, -72(s0)
core   0: 3 0x000000008000ff54 (0xfb843783) x15 0x000000000000009c mem 0x0000000080031f28
core   0: 0x000000008000ff58 (0x000097ba) c.add   a5, a4
core   0: 3 0x000000008000ff58 (0x97ba) x15 0x00000000800120dc
core   0: 0x000000008000ff5a (0xfe043703) ld      a4, -32(s0)
core   0: 3 0x000000008000ff5a (0xfe043703) x14 0x00000000800120bf mem 0x0000000080031f50
core   0: 0x000000008000ff5e (0xfcf76de3) bltu    a4, a5, pc - 38
core   0: 3 0x000000008000ff5e (0xfcf76de3)
core   0: 0x000000008000ff38 (0xfe043783) ld      a5, -32(s0)
core   0: 3 0x000000008000ff38 (0xfe043783) x15 0x00000000800120bf mem 0x0000000080031f50
core   0: 0x000000008000ff3c (0x00178713) addi    a4, a5, 1
core   0: 3 0x000000008000ff3c (0x00178713) x14 0x00000000800120c0
core   0: 0x000000008000ff40 (0xfee43023) sd      a4, -32(s0)
core   0: 3 0x000000008000ff40 (0xfee43023) mem 0x0000000080031f50 0x00000000800120c0
core   0: 0x000000008000ff44 (0xfc442703) lw      a4, -60(s0)
core   0: 3 0x000000008000ff44 (0xfc442703) x14 0x0000000000000000 mem 0x0000000080031f34
core   0: 0x000000008000ff48 (0x0ff77713) andi    a4, a4, 255
core   0: 3 0x000000008000ff48 (0x0ff77713) x14 0x0000000000000000
core   0: 0x000000008000ff4c (0x00e78023) sb      a4, 0(a5)
core   0: 3 0x000000008000ff4c (0x00e78023) mem 0x00000000800120bf 0x00
core   0: 0x000000008000ff50 (0xfc843703) ld      a4, -56(s0)
core   0: 3 0x000000008000ff50 (0xfc843703) x14 0x0000000080012040 mem 0x0000000080031f38
core   0: 0x000000008000ff54 (0xfb843783) ld      a5, -72(s0)
core   0: 3 0x000000008000ff54 (0xfb843783) x15 0x000000000000009c mem 0x0000000080031f28
core   0: 0x000000008000ff58 (0x000097ba) c.add   a5, a4
core   0: 3 0x000000008000ff58 (0x97ba) x15 0x00000000800120dc
core   0: 0x000000008000ff5a (0xfe043703) ld      a4, -32(s0)
core   0: 3 0x000000008000ff5a (0xfe043703) x14 0x00000000800120c0 mem 0x0000000080031f50
core   0: 0x000000008000ff5e (0xfcf76de3) bltu    a4, a5, pc - 38
core   0: 3 0x000000008000ff5e (0xfcf76de3)
core   0: 0x000000008000ff38 (0xfe043783) ld      a5, -32(s0)
core   0: 3 0x000000008000ff38 (0xfe043783) x15 0x00000000800120c0 mem 0x0000000080031f50
core   0: 0x000000008000ff3c (0x00178713) addi    a4, a5, 1
core   0: 3 0x000000008000ff3c (0x00178713) x14 0x00000000800120c1
core   0: 0x000000008000ff40 (0xfee43023) sd      a4, -32(s0)
core   0: 3 0x000000008000ff40 (0xfee43023) mem 0x0000000080031f50 0x00000000800120c1
core   0: 0x000000008000ff44 (0xfc442703) lw      a4, -60(s0)
core   0: 3 0x000000008000ff44 (0xfc442703) x14 0x0000000000000000 mem 0x0000000080031f34
core   0: 0x000000008000ff48 (0x0ff77713) andi    a4, a4, 255
core   0: 3 0x000000008000ff48 (0x0ff77713) x14 0x0000000000000000
core   0: 0x000000008000ff4c (0x00e78023) sb      a4, 0(a5)
core   0: 3 0x000000008000ff4c (0x00e78023) mem 0x00000000800120c0 0x00
core   0: 0x000000008000ff50 (0xfc843703) ld      a4, -56(s0)
core   0: 3 0x000000008000ff50 (0xfc843703) x14 0x0000000080012040 mem 0x0000000080031f38
core   0: 0x000000008000ff54 (0xfb843783) ld      a5, -72(s0)
core   0: 3 0x000000008000ff54 (0xfb843783) x15 0x000000000000009c mem 0x0000000080031f28
core   0: 0x000000008000ff58 (0x000097ba) c.add   a5, a4
core   0: 3 0x000000008000ff58 (0x97ba) x15 0x00000000800120dc
core   0: 0x000000008000ff5a (0xfe043703) ld      a4, -32(s0)
core   0: 3 0x000000008000ff5a (0xfe043703) x14 0x00000000800120c1 mem 0x0000000080031f50
core   0: 0x000000008000ff5e (0xfcf76de3) bltu    a4, a5, pc - 38
core   0: 3 0x000000008000ff5e (0xfcf76de3)
core   0: 0x000000008000ff38 (0xfe043783) ld      a5, -32(s0)
core   0: 3 0x000000008000ff38 (0xfe043783) x15 0x00000000800120c1 mem 0x0000000080031f50
core   0: 0x000000008000ff3c (0x00178713) addi    a4, a5, 1
core   0: 3 0x000000008000ff3c (0x00178713) x14 0x00000000800120c2
core   0: 0x000000008000ff40 (0xfee43023) sd      a4, -32(s0)
core   0: 3 0x000000008000ff40 (0xfee43023) mem 0x0000000080031f50 0x00000000800120c2
core   0: 0x000000008000ff44 (0xfc442703) lw      a4, -60(s0)
core   0: 3 0x000000008000ff44 (0xfc442703) x14 0x0000000000000000 mem 0x0000000080031f34
core   0: 0x000000008000ff48 (0x0ff77713) andi    a4, a4, 255
core   0: 3 0x000000008000ff48 (0x0ff77713) x14 0x0000000000000000
core   0: 0x000000008000ff4c (0x00e78023) sb      a4, 0(a5)
core   0: 3 0x000000008000ff4c (0x00e78023) mem 0x00000000800120c1 0x00
core   0: 0x000000008000ff50 (0xfc843703) ld      a4, -56(s0)
core   0: 3 0x000000008000ff50 (0xfc843703) x14 0x0000000080012040 mem 0x0000000080031f38
core   0: 0x000000008000ff54 (0xfb843783) ld      a5, -72(s0)
core   0: 3 0x000000008000ff54 (0xfb843783) x15 0x000000000000009c mem 0x0000000080031f28
core   0: 0x000000008000ff58 (0x000097ba) c.add   a5, a4
core   0: 3 0x000000008000ff58 (0x97ba) x15 0x00000000800120dc
core   0: 0x000000008000ff5a (0xfe043703) ld      a4, -32(s0)
core   0: 3 0x000000008000ff5a (0xfe043703) x14 0x00000000800120c2 mem 0x0000000080031f50
core   0: 0x000000008000ff5e (0xfcf76de3) bltu    a4, a5, pc - 38
core   0: 3 0x000000008000ff5e (0xfcf76de3)
core   0: 0x000000008000ff38 (0xfe043783) ld      a5, -32(s0)
core   0: 3 0x000000008000ff38 (0xfe043783) x15 0x00000000800120c2 mem 0x0000000080031f50
core   0: 0x000000008000ff3c (0x00178713) addi    a4, a5, 1
core   0: 3 0x000000008000ff3c (0x00178713) x14 0x00000000800120c3
core   0: 0x000000008000ff40 (0xfee43023) sd      a4, -32(s0)
core   0: 3 0x000000008000ff40 (0xfee43023) mem 0x0000000080031f50 0x00000000800120c3
core   0: 0x000000008000ff44 (0xfc442703) lw      a4, -60(s0)
core   0: 3 0x000000008000ff44 (0xfc442703) x14 0x0000000000000000 mem 0x0000000080031f34
core   0: 0x000000008000ff48 (0x0ff77713) andi    a4, a4, 255
core   0: 3 0x000000008000ff48 (0x0ff77713) x14 0x0000000000000000
core   0: 0x000000008000ff4c (0x00e78023) sb      a4, 0(a5)
core   0: 3 0x000000008000ff4c (0x00e78023) mem 0x00000000800120c2 0x00
core   0: 0x000000008000ff50 (0xfc843703) ld      a4, -56(s0)
core   0: 3 0x000000008000ff50 (0xfc843703) x14 0x0000000080012040 mem 0x0000000080031f38
core   0: 0x000000008000ff54 (0xfb843783) ld      a5, -72(s0)
core   0: 3 0x000000008000ff54 (0xfb843783) x15 0x000000000000009c mem 0x0000000080031f28
core   0: 0x000000008000ff58 (0x000097ba) c.add   a5, a4
core   0: 3 0x000000008000ff58 (0x97ba) x15 0x00000000800120dc
core   0: 0x000000008000ff5a (0xfe043703) ld      a4, -32(s0)
core   0: 3 0x000000008000ff5a (0xfe043703) x14 0x00000000800120c3 mem 0x0000000080031f50
core   0: 0x000000008000ff5e (0xfcf76de3) bltu    a4, a5, pc - 38
core   0: 3 0x000000008000ff5e (0xfcf76de3)
core   0: 0x000000008000ff38 (0xfe043783) ld      a5, -32(s0)
core   0: 3 0x000000008000ff38 (0xfe043783) x15 0x00000000800120c3 mem 0x0000000080031f50
core   0: 0x000000008000ff3c (0x00178713) addi    a4, a5, 1
core   0: 3 0x000000008000ff3c (0x00178713) x14 0x00000000800120c4
core   0: 0x000000008000ff40 (0xfee43023) sd      a4, -32(s0)
core   0: 3 0x000000008000ff40 (0xfee43023) mem 0x0000000080031f50 0x00000000800120c4
core   0: 0x000000008000ff44 (0xfc442703) lw      a4, -60(s0)
core   0: 3 0x000000008000ff44 (0xfc442703) x14 0x0000000000000000 mem 0x0000000080031f34
core   0: 0x000000008000ff48 (0x0ff77713) andi    a4, a4, 255
core   0: 3 0x000000008000ff48 (0x0ff77713) x14 0x0000000000000000
core   0: 0x000000008000ff4c (0x00e78023) sb      a4, 0(a5)
core   0: 3 0x000000008000ff4c (0x00e78023) mem 0x00000000800120c3 0x00
core   0: 0x000000008000ff50 (0xfc843703) ld      a4, -56(s0)
core   0: 3 0x000000008000ff50 (0xfc843703) x14 0x0000000080012040 mem 0x0000000080031f38
core   0: 0x000000008000ff54 (0xfb843783) ld      a5, -72(s0)
core   0: 3 0x000000008000ff54 (0xfb843783) x15 0x000000000000009c mem 0x0000000080031f28
core   0: 0x000000008000ff58 (0x000097ba) c.add   a5, a4
core   0: 3 0x000000008000ff58 (0x97ba) x15 0x00000000800120dc
core   0: 0x000000008000ff5a (0xfe043703) ld      a4, -32(s0)
core   0: 3 0x000000008000ff5a (0xfe043703) x14 0x00000000800120c4 mem 0x0000000080031f50
core   0: 0x000000008000ff5e (0xfcf76de3) bltu    a4, a5, pc - 38
core   0: 3 0x000000008000ff5e (0xfcf76de3)
core   0: 0x000000008000ff38 (0xfe043783) ld      a5, -32(s0)
core   0: 3 0x000000008000ff38 (0xfe043783) x15 0x00000000800120c4 mem 0x0000000080031f50
core   0: 0x000000008000ff3c (0x00178713) addi    a4, a5, 1
core   0: 3 0x000000008000ff3c (0x00178713) x14 0x00000000800120c5
core   0: 0x000000008000ff40 (0xfee43023) sd      a4, -32(s0)
core   0: 3 0x000000008000ff40 (0xfee43023) mem 0x0000000080031f50 0x00000000800120c5
core   0: 0x000000008000ff44 (0xfc442703) lw      a4, -60(s0)
core   0: 3 0x000000008000ff44 (0xfc442703) x14 0x0000000000000000 mem 0x0000000080031f34
core   0: 0x000000008000ff48 (0x0ff77713) andi    a4, a4, 255
core   0: 3 0x000000008000ff48 (0x0ff77713) x14 0x0000000000000000
core   0: 0x000000008000ff4c (0x00e78023) sb      a4, 0(a5)
core   0: 3 0x000000008000ff4c (0x00e78023) mem 0x00000000800120c4 0x00
core   0: 0x000000008000ff50 (0xfc843703) ld      a4, -56(s0)
core   0: 3 0x000000008000ff50 (0xfc843703) x14 0x0000000080012040 mem 0x0000000080031f38
core   0: 0x000000008000ff54 (0xfb843783) ld      a5, -72(s0)
core   0: 3 0x000000008000ff54 (0xfb843783) x15 0x000000000000009c mem 0x0000000080031f28
core   0: 0x000000008000ff58 (0x000097ba) c.add   a5, a4
core   0: 3 0x000000008000ff58 (0x97ba) x15 0x00000000800120dc
core   0: 0x000000008000ff5a (0xfe043703) ld      a4, -32(s0)
core   0: 3 0x000000008000ff5a (0xfe043703) x14 0x00000000800120c5 mem 0x0000000080031f50
core   0: 0x000000008000ff5e (0xfcf76de3) bltu    a4, a5, pc - 38
core   0: 3 0x000000008000ff5e (0xfcf76de3)
core   0: 0x000000008000ff38 (0xfe043783) ld      a5, -32(s0)
core   0: 3 0x000000008000ff38 (0xfe043783) x15 0x00000000800120c5 mem 0x0000000080031f50
core   0: 0x000000008000ff3c (0x00178713) addi    a4, a5, 1
core   0: 3 0x000000008000ff3c (0x00178713) x14 0x00000000800120c6
core   0: 0x000000008000ff40 (0xfee43023) sd      a4, -32(s0)
core   0: 3 0x000000008000ff40 (0xfee43023) mem 0x0000000080031f50 0x00000000800120c6
core   0: 0x000000008000ff44 (0xfc442703) lw      a4, -60(s0)
core   0: 3 0x000000008000ff44 (0xfc442703) x14 0x0000000000000000 mem 0x0000000080031f34
core   0: 0x000000008000ff48 (0x0ff77713) andi    a4, a4, 255
core   0: 3 0x000000008000ff48 (0x0ff77713) x14 0x0000000000000000
core   0: 0x000000008000ff4c (0x00e78023) sb      a4, 0(a5)
core   0: 3 0x000000008000ff4c (0x00e78023) mem 0x00000000800120c5 0x00
core   0: 0x000000008000ff50 (0xfc843703) ld      a4, -56(s0)
core   0: 3 0x000000008000ff50 (0xfc843703) x14 0x0000000080012040 mem 0x0000000080031f38
core   0: 0x000000008000ff54 (0xfb843783) ld      a5, -72(s0)
core   0: 3 0x000000008000ff54 (0xfb843783) x15 0x000000000000009c mem 0x0000000080031f28
core   0: 0x000000008000ff58 (0x000097ba) c.add   a5, a4
core   0: 3 0x000000008000ff58 (0x97ba) x15 0x00000000800120dc
core   0: 0x000000008000ff5a (0xfe043703) ld      a4, -32(s0)
core   0: 3 0x000000008000ff5a (0xfe043703) x14 0x00000000800120c6 mem 0x0000000080031f50
core   0: 0x000000008000ff5e (0xfcf76de3) bltu    a4, a5, pc - 38
core   0: 3 0x000000008000ff5e (0xfcf76de3)
core   0: 0x000000008000ff38 (0xfe043783) ld      a5, -32(s0)
core   0: 3 0x000000008000ff38 (0xfe043783) x15 0x00000000800120c6 mem 0x0000000080031f50
core   0: 0x000000008000ff3c (0x00178713) addi    a4, a5, 1
core   0: 3 0x000000008000ff3c (0x00178713) x14 0x00000000800120c7
core   0: 0x000000008000ff40 (0xfee43023) sd      a4, -32(s0)
core   0: 3 0x000000008000ff40 (0xfee43023) mem 0x0000000080031f50 0x00000000800120c7
core   0: 0x000000008000ff44 (0xfc442703) lw      a4, -60(s0)
core   0: 3 0x000000008000ff44 (0xfc442703) x14 0x0000000000000000 mem 0x0000000080031f34
core   0: 0x000000008000ff48 (0x0ff77713) andi    a4, a4, 255
core   0: 3 0x000000008000ff48 (0x0ff77713) x14 0x0000000000000000
core   0: 0x000000008000ff4c (0x00e78023) sb      a4, 0(a5)
core   0: 3 0x000000008000ff4c (0x00e78023) mem 0x00000000800120c6 0x00
core   0: 0x000000008000ff50 (0xfc843703) ld      a4, -56(s0)
core   0: 3 0x000000008000ff50 (0xfc843703) x14 0x0000000080012040 mem 0x0000000080031f38
core   0: 0x000000008000ff54 (0xfb843783) ld      a5, -72(s0)
core   0: 3 0x000000008000ff54 (0xfb843783) x15 0x000000000000009c mem 0x0000000080031f28
core   0: 0x000000008000ff58 (0x000097ba) c.add   a5, a4
core   0: 3 0x000000008000ff58 (0x97ba) x15 0x00000000800120dc
core   0: 0x000000008000ff5a (0xfe043703) ld      a4, -32(s0)
core   0: 3 0x000000008000ff5a (0xfe043703) x14 0x00000000800120c7 mem 0x0000000080031f50
core   0: 0x000000008000ff5e (0xfcf76de3) bltu    a4, a5, pc - 38
core   0: 3 0x000000008000ff5e (0xfcf76de3)
core   0: 0x000000008000ff38 (0xfe043783) ld      a5, -32(s0)
core   0: 3 0x000000008000ff38 (0xfe043783) x15 0x00000000800120c7 mem 0x0000000080031f50
core   0: 0x000000008000ff3c (0x00178713) addi    a4, a5, 1
core   0: 3 0x000000008000ff3c (0x00178713) x14 0x00000000800120c8
core   0: 0x000000008000ff40 (0xfee43023) sd      a4, -32(s0)
core   0: 3 0x000000008000ff40 (0xfee43023) mem 0x0000000080031f50 0x00000000800120c8
core   0: 0x000000008000ff44 (0xfc442703) lw      a4, -60(s0)
core   0: 3 0x000000008000ff44 (0xfc442703) x14 0x0000000000000000 mem 0x0000000080031f34
core   0: 0x000000008000ff48 (0x0ff77713) andi    a4, a4, 255
core   0: 3 0x000000008000ff48 (0x0ff77713) x14 0x0000000000000000
core   0: 0x000000008000ff4c (0x00e78023) sb      a4, 0(a5)
core   0: 3 0x000000008000ff4c (0x00e78023) mem 0x00000000800120c7 0x00
core   0: 0x000000008000ff50 (0xfc843703) ld      a4, -56(s0)
core   0: 3 0x000000008000ff50 (0xfc843703) x14 0x0000000080012040 mem 0x0000000080031f38
core   0: 0x000000008000ff54 (0xfb843783) ld      a5, -72(s0)
core   0: 3 0x000000008000ff54 (0xfb843783) x15 0x000000000000009c mem 0x0000000080031f28
core   0: 0x000000008000ff58 (0x000097ba) c.add   a5, a4
core   0: 3 0x000000008000ff58 (0x97ba) x15 0x00000000800120dc
core   0: 0x000000008000ff5a (0xfe043703) ld      a4, -32(s0)
core   0: 3 0x000000008000ff5a (0xfe043703) x14 0x00000000800120c8 mem 0x0000000080031f50
core   0: 0x000000008000ff5e (0xfcf76de3) bltu    a4, a5, pc - 38
core   0: 3 0x000000008000ff5e (0xfcf76de3)
core   0: 0x000000008000ff38 (0xfe043783) ld      a5, -32(s0)
core   0: 3 0x000000008000ff38 (0xfe043783) x15 0x00000000800120c8 mem 0x0000000080031f50
core   0: 0x000000008000ff3c (0x00178713) addi    a4, a5, 1
core   0: 3 0x000000008000ff3c (0x00178713) x14 0x00000000800120c9
core   0: 0x000000008000ff40 (0xfee43023) sd      a4, -32(s0)
core   0: 3 0x000000008000ff40 (0xfee43023) mem 0x0000000080031f50 0x00000000800120c9
core   0: 0x000000008000ff44 (0xfc442703) lw      a4, -60(s0)
core   0: 3 0x000000008000ff44 (0xfc442703) x14 0x0000000000000000 mem 0x0000000080031f34
core   0: 0x000000008000ff48 (0x0ff77713) andi    a4, a4, 255
core   0: 3 0x000000008000ff48 (0x0ff77713) x14 0x0000000000000000
core   0: 0x000000008000ff4c (0x00e78023) sb      a4, 0(a5)
core   0: 3 0x000000008000ff4c (0x00e78023) mem 0x00000000800120c8 0x00
core   0: 0x000000008000ff50 (0xfc843703) ld      a4, -56(s0)
core   0: 3 0x000000008000ff50 (0xfc843703) x14 0x0000000080012040 mem 0x0000000080031f38
core   0: 0x000000008000ff54 (0xfb843783) ld      a5, -72(s0)
core   0: 3 0x000000008000ff54 (0xfb843783) x15 0x000000000000009c mem 0x0000000080031f28
core   0: 0x000000008000ff58 (0x000097ba) c.add   a5, a4
core   0: 3 0x000000008000ff58 (0x97ba) x15 0x00000000800120dc
core   0: 0x000000008000ff5a (0xfe043703) ld      a4, -32(s0)
core   0: 3 0x000000008000ff5a (0xfe043703) x14 0x00000000800120c9 mem 0x0000000080031f50
core   0: 0x000000008000ff5e (0xfcf76de3) bltu    a4, a5, pc - 38
core   0: 3 0x000000008000ff5e (0xfcf76de3)
core   0: 0x000000008000ff38 (0xfe043783) ld      a5, -32(s0)
core   0: 3 0x000000008000ff38 (0xfe043783) x15 0x00000000800120c9 mem 0x0000000080031f50
core   0: 0x000000008000ff3c (0x00178713) addi    a4, a5, 1
core   0: 3 0x000000008000ff3c (0x00178713) x14 0x00000000800120ca
core   0: 0x000000008000ff40 (0xfee43023) sd      a4, -32(s0)
core   0: 3 0x000000008000ff40 (0xfee43023) mem 0x0000000080031f50 0x00000000800120ca
core   0: 0x000000008000ff44 (0xfc442703) lw      a4, -60(s0)
core   0: 3 0x000000008000ff44 (0xfc442703) x14 0x0000000000000000 mem 0x0000000080031f34
core   0: 0x000000008000ff48 (0x0ff77713) andi    a4, a4, 255
core   0: 3 0x000000008000ff48 (0x0ff77713) x14 0x0000000000000000
core   0: 0x000000008000ff4c (0x00e78023) sb      a4, 0(a5)
core   0: 3 0x000000008000ff4c (0x00e78023) mem 0x00000000800120c9 0x00
core   0: 0x000000008000ff50 (0xfc843703) ld      a4, -56(s0)
core   0: 3 0x000000008000ff50 (0xfc843703) x14 0x0000000080012040 mem 0x0000000080031f38
core   0: 0x000000008000ff54 (0xfb843783) ld      a5, -72(s0)
core   0: 3 0x000000008000ff54 (0xfb843783) x15 0x000000000000009c mem 0x0000000080031f28
core   0: 0x000000008000ff58 (0x000097ba) c.add   a5, a4
core   0: 3 0x000000008000ff58 (0x97ba) x15 0x00000000800120dc
core   0: 0x000000008000ff5a (0xfe043703) ld      a4, -32(s0)
core   0: 3 0x000000008000ff5a (0xfe043703) x14 0x00000000800120ca mem 0x0000000080031f50
core   0: 0x000000008000ff5e (0xfcf76de3) bltu    a4, a5, pc - 38
core   0: 3 0x000000008000ff5e (0xfcf76de3)
core   0: 0x000000008000ff38 (0xfe043783) ld      a5, -32(s0)
core   0: 3 0x000000008000ff38 (0xfe043783) x15 0x00000000800120ca mem 0x0000000080031f50
core   0: 0x000000008000ff3c (0x00178713) addi    a4, a5, 1
core   0: 3 0x000000008000ff3c (0x00178713) x14 0x00000000800120cb
core   0: 0x000000008000ff40 (0xfee43023) sd      a4, -32(s0)
core   0: 3 0x000000008000ff40 (0xfee43023) mem 0x0000000080031f50 0x00000000800120cb
core   0: 0x000000008000ff44 (0xfc442703) lw      a4, -60(s0)
core   0: 3 0x000000008000ff44 (0xfc442703) x14 0x0000000000000000 mem 0x0000000080031f34
core   0: 0x000000008000ff48 (0x0ff77713) andi    a4, a4, 255
core   0: 3 0x000000008000ff48 (0x0ff77713) x14 0x0000000000000000
core   0: 0x000000008000ff4c (0x00e78023) sb      a4, 0(a5)
core   0: 3 0x000000008000ff4c (0x00e78023) mem 0x00000000800120ca 0x00
core   0: 0x000000008000ff50 (0xfc843703) ld      a4, -56(s0)
core   0: 3 0x000000008000ff50 (0xfc843703) x14 0x0000000080012040 mem 0x0000000080031f38
core   0: 0x000000008000ff54 (0xfb843783) ld      a5, -72(s0)
core   0: 3 0x000000008000ff54 (0xfb843783) x15 0x000000000000009c mem 0x0000000080031f28
core   0: 0x000000008000ff58 (0x000097ba) c.add   a5, a4
core   0: 3 0x000000008000ff58 (0x97ba) x15 0x00000000800120dc
core   0: 0x000000008000ff5a (0xfe043703) ld      a4, -32(s0)
core   0: 3 0x000000008000ff5a (0xfe043703) x14 0x00000000800120cb mem 0x0000000080031f50
core   0: 0x000000008000ff5e (0xfcf76de3) bltu    a4, a5, pc - 38
core   0: 3 0x000000008000ff5e (0xfcf76de3)
core   0: 0x000000008000ff38 (0xfe043783) ld      a5, -32(s0)
core   0: 3 0x000000008000ff38 (0xfe043783) x15 0x00000000800120cb mem 0x0000000080031f50
core   0: 0x000000008000ff3c (0x00178713) addi    a4, a5, 1
core   0: 3 0x000000008000ff3c (0x00178713) x14 0x00000000800120cc
core   0: 0x000000008000ff40 (0xfee43023) sd      a4, -32(s0)
core   0: 3 0x000000008000ff40 (0xfee43023) mem 0x0000000080031f50 0x00000000800120cc
core   0: 0x000000008000ff44 (0xfc442703) lw      a4, -60(s0)
core   0: 3 0x000000008000ff44 (0xfc442703) x14 0x0000000000000000 mem 0x0000000080031f34
core   0: 0x000000008000ff48 (0x0ff77713) andi    a4, a4, 255
core   0: 3 0x000000008000ff48 (0x0ff77713) x14 0x0000000000000000
core   0: 0x000000008000ff4c (0x00e78023) sb      a4, 0(a5)
core   0: 3 0x000000008000ff4c (0x00e78023) mem 0x00000000800120cb 0x00
core   0: 0x000000008000ff50 (0xfc843703) ld      a4, -56(s0)
core   0: 3 0x000000008000ff50 (0xfc843703) x14 0x0000000080012040 mem 0x0000000080031f38
core   0: 0x000000008000ff54 (0xfb843783) ld      a5, -72(s0)
core   0: 3 0x000000008000ff54 (0xfb843783) x15 0x000000000000009c mem 0x0000000080031f28
core   0: 0x000000008000ff58 (0x000097ba) c.add   a5, a4
core   0: 3 0x000000008000ff58 (0x97ba) x15 0x00000000800120dc
core   0: 0x000000008000ff5a (0xfe043703) ld      a4, -32(s0)
core   0: 3 0x000000008000ff5a (0xfe043703) x14 0x00000000800120cc mem 0x0000000080031f50
core   0: 0x000000008000ff5e (0xfcf76de3) bltu    a4, a5, pc - 38
core   0: 3 0x000000008000ff5e (0xfcf76de3)
core   0: 0x000000008000ff38 (0xfe043783) ld      a5, -32(s0)
core   0: 3 0x000000008000ff38 (0xfe043783) x15 0x00000000800120cc mem 0x0000000080031f50
core   0: 0x000000008000ff3c (0x00178713) addi    a4, a5, 1
core   0: 3 0x000000008000ff3c (0x00178713) x14 0x00000000800120cd
core   0: 0x000000008000ff40 (0xfee43023) sd      a4, -32(s0)
core   0: 3 0x000000008000ff40 (0xfee43023) mem 0x0000000080031f50 0x00000000800120cd
core   0: 0x000000008000ff44 (0xfc442703) lw      a4, -60(s0)
core   0: 3 0x000000008000ff44 (0xfc442703) x14 0x0000000000000000 mem 0x0000000080031f34
core   0: 0x000000008000ff48 (0x0ff77713) andi    a4, a4, 255
core   0: 3 0x000000008000ff48 (0x0ff77713) x14 0x0000000000000000
core   0: 0x000000008000ff4c (0x00e78023) sb      a4, 0(a5)
core   0: 3 0x000000008000ff4c (0x00e78023) mem 0x00000000800120cc 0x00
core   0: 0x000000008000ff50 (0xfc843703) ld      a4, -56(s0)
core   0: 3 0x000000008000ff50 (0xfc843703) x14 0x0000000080012040 mem 0x0000000080031f38
core   0: 0x000000008000ff54 (0xfb843783) ld      a5, -72(s0)
core   0: 3 0x000000008000ff54 (0xfb843783) x15 0x000000000000009c mem 0x0000000080031f28
core   0: 0x000000008000ff58 (0x000097ba) c.add   a5, a4
core   0: 3 0x000000008000ff58 (0x97ba) x15 0x00000000800120dc
core   0: 0x000000008000ff5a (0xfe043703) ld      a4, -32(s0)
core   0: 3 0x000000008000ff5a (0xfe043703) x14 0x00000000800120cd mem 0x0000000080031f50
core   0: 0x000000008000ff5e (0xfcf76de3) bltu    a4, a5, pc - 38
core   0: 3 0x000000008000ff5e (0xfcf76de3)
core   0: 0x000000008000ff38 (0xfe043783) ld      a5, -32(s0)
core   0: 3 0x000000008000ff38 (0xfe043783) x15 0x00000000800120cd mem 0x0000000080031f50
core   0: 0x000000008000ff3c (0x00178713) addi    a4, a5, 1
core   0: 3 0x000000008000ff3c (0x00178713) x14 0x00000000800120ce
core   0: 0x000000008000ff40 (0xfee43023) sd      a4, -32(s0)
core   0: 3 0x000000008000ff40 (0xfee43023) mem 0x0000000080031f50 0x00000000800120ce
core   0: 0x000000008000ff44 (0xfc442703) lw      a4, -60(s0)
core   0: 3 0x000000008000ff44 (0xfc442703) x14 0x0000000000000000 mem 0x0000000080031f34
core   0: 0x000000008000ff48 (0x0ff77713) andi    a4, a4, 255
core   0: 3 0x000000008000ff48 (0x0ff77713) x14 0x0000000000000000
core   0: 0x000000008000ff4c (0x00e78023) sb      a4, 0(a5)
core   0: 3 0x000000008000ff4c (0x00e78023) mem 0x00000000800120cd 0x00
core   0: 0x000000008000ff50 (0xfc843703) ld      a4, -56(s0)
core   0: 3 0x000000008000ff50 (0xfc843703) x14 0x0000000080012040 mem 0x0000000080031f38
core   0: 0x000000008000ff54 (0xfb843783) ld      a5, -72(s0)
core   0: 3 0x000000008000ff54 (0xfb843783) x15 0x000000000000009c mem 0x0000000080031f28
core   0: 0x000000008000ff58 (0x000097ba) c.add   a5, a4
core   0: 3 0x000000008000ff58 (0x97ba) x15 0x00000000800120dc
core   0: 0x000000008000ff5a (0xfe043703) ld      a4, -32(s0)
core   0: 3 0x000000008000ff5a (0xfe043703) x14 0x00000000800120ce mem 0x0000000080031f50
core   0: 0x000000008000ff5e (0xfcf76de3) bltu    a4, a5, pc - 38
core   0: 3 0x000000008000ff5e (0xfcf76de3)
core   0: 0x000000008000ff38 (0xfe043783) ld      a5, -32(s0)
core   0: 3 0x000000008000ff38 (0xfe043783) x15 0x00000000800120ce mem 0x0000000080031f50
core   0: 0x000000008000ff3c (0x00178713) addi    a4, a5, 1
core   0: 3 0x000000008000ff3c (0x00178713) x14 0x00000000800120cf
core   0: 0x000000008000ff40 (0xfee43023) sd      a4, -32(s0)
core   0: 3 0x000000008000ff40 (0xfee43023) mem 0x0000000080031f50 0x00000000800120cf
core   0: 0x000000008000ff44 (0xfc442703) lw      a4, -60(s0)
core   0: 3 0x000000008000ff44 (0xfc442703) x14 0x0000000000000000 mem 0x0000000080031f34
core   0: 0x000000008000ff48 (0x0ff77713) andi    a4, a4, 255
core   0: 3 0x000000008000ff48 (0x0ff77713) x14 0x0000000000000000
core   0: 0x000000008000ff4c (0x00e78023) sb      a4, 0(a5)
core   0: 3 0x000000008000ff4c (0x00e78023) mem 0x00000000800120ce 0x00
core   0: 0x000000008000ff50 (0xfc843703) ld      a4, -56(s0)
core   0: 3 0x000000008000ff50 (0xfc843703) x14 0x0000000080012040 mem 0x0000000080031f38
core   0: 0x000000008000ff54 (0xfb843783) ld      a5, -72(s0)
core   0: 3 0x000000008000ff54 (0xfb843783) x15 0x000000000000009c mem 0x0000000080031f28
core   0: 0x000000008000ff58 (0x000097ba) c.add   a5, a4
core   0: 3 0x000000008000ff58 (0x97ba) x15 0x00000000800120dc
core   0: 0x000000008000ff5a (0xfe043703) ld      a4, -32(s0)
core   0: 3 0x000000008000ff5a (0xfe043703) x14 0x00000000800120cf mem 0x0000000080031f50
core   0: 0x000000008000ff5e (0xfcf76de3) bltu    a4, a5, pc - 38
core   0: 3 0x000000008000ff5e (0xfcf76de3)
core   0: 0x000000008000ff38 (0xfe043783) ld      a5, -32(s0)
core   0: 3 0x000000008000ff38 (0xfe043783) x15 0x00000000800120cf mem 0x0000000080031f50
core   0: 0x000000008000ff3c (0x00178713) addi    a4, a5, 1
core   0: 3 0x000000008000ff3c (0x00178713) x14 0x00000000800120d0
core   0: 0x000000008000ff40 (0xfee43023) sd      a4, -32(s0)
core   0: 3 0x000000008000ff40 (0xfee43023) mem 0x0000000080031f50 0x00000000800120d0
core   0: 0x000000008000ff44 (0xfc442703) lw      a4, -60(s0)
core   0: 3 0x000000008000ff44 (0xfc442703) x14 0x0000000000000000 mem 0x0000000080031f34
core   0: 0x000000008000ff48 (0x0ff77713) andi    a4, a4, 255
core   0: 3 0x000000008000ff48 (0x0ff77713) x14 0x0000000000000000
core   0: 0x000000008000ff4c (0x00e78023) sb      a4, 0(a5)
core   0: 3 0x000000008000ff4c (0x00e78023) mem 0x00000000800120cf 0x00
core   0: 0x000000008000ff50 (0xfc843703) ld      a4, -56(s0)
core   0: 3 0x000000008000ff50 (0xfc843703) x14 0x0000000080012040 mem 0x0000000080031f38
core   0: 0x000000008000ff54 (0xfb843783) ld      a5, -72(s0)
core   0: 3 0x000000008000ff54 (0xfb843783) x15 0x000000000000009c mem 0x0000000080031f28
core   0: 0x000000008000ff58 (0x000097ba) c.add   a5, a4
core   0: 3 0x000000008000ff58 (0x97ba) x15 0x00000000800120dc
core   0: 0x000000008000ff5a (0xfe043703) ld      a4, -32(s0)
core   0: 3 0x000000008000ff5a (0xfe043703) x14 0x00000000800120d0 mem 0x0000000080031f50
core   0: 0x000000008000ff5e (0xfcf76de3) bltu    a4, a5, pc - 38
core   0: 3 0x000000008000ff5e (0xfcf76de3)
core   0: 0x000000008000ff38 (0xfe043783) ld      a5, -32(s0)
core   0: 3 0x000000008000ff38 (0xfe043783) x15 0x00000000800120d0 mem 0x0000000080031f50
core   0: 0x000000008000ff3c (0x00178713) addi    a4, a5, 1
core   0: 3 0x000000008000ff3c (0x00178713) x14 0x00000000800120d1
core   0: 0x000000008000ff40 (0xfee43023) sd      a4, -32(s0)
core   0: 3 0x000000008000ff40 (0xfee43023) mem 0x0000000080031f50 0x00000000800120d1
core   0: 0x000000008000ff44 (0xfc442703) lw      a4, -60(s0)
core   0: 3 0x000000008000ff44 (0xfc442703) x14 0x0000000000000000 mem 0x0000000080031f34
core   0: 0x000000008000ff48 (0x0ff77713) andi    a4, a4, 255
core   0: 3 0x000000008000ff48 (0x0ff77713) x14 0x0000000000000000
core   0: 0x000000008000ff4c (0x00e78023) sb      a4, 0(a5)
core   0: 3 0x000000008000ff4c (0x00e78023) mem 0x00000000800120d0 0x00
core   0: 0x000000008000ff50 (0xfc843703) ld      a4, -56(s0)
core   0: 3 0x000000008000ff50 (0xfc843703) x14 0x0000000080012040 mem 0x0000000080031f38
core   0: 0x000000008000ff54 (0xfb843783) ld      a5, -72(s0)
core   0: 3 0x000000008000ff54 (0xfb843783) x15 0x000000000000009c mem 0x0000000080031f28
core   0: 0x000000008000ff58 (0x000097ba) c.add   a5, a4
core   0: 3 0x000000008000ff58 (0x97ba) x15 0x00000000800120dc
core   0: 0x000000008000ff5a (0xfe043703) ld      a4, -32(s0)
core   0: 3 0x000000008000ff5a (0xfe043703) x14 0x00000000800120d1 mem 0x0000000080031f50
core   0: 0x000000008000ff5e (0xfcf76de3) bltu    a4, a5, pc - 38
core   0: 3 0x000000008000ff5e (0xfcf76de3)
core   0: 0x000000008000ff38 (0xfe043783) ld      a5, -32(s0)
core   0: 3 0x000000008000ff38 (0xfe043783) x15 0x00000000800120d1 mem 0x0000000080031f50
core   0: 0x000000008000ff3c (0x00178713) addi    a4, a5, 1
core   0: 3 0x000000008000ff3c (0x00178713) x14 0x00000000800120d2
core   0: 0x000000008000ff40 (0xfee43023) sd      a4, -32(s0)
core   0: 3 0x000000008000ff40 (0xfee43023) mem 0x0000000080031f50 0x00000000800120d2
core   0: 0x000000008000ff44 (0xfc442703) lw      a4, -60(s0)
core   0: 3 0x000000008000ff44 (0xfc442703) x14 0x0000000000000000 mem 0x0000000080031f34
core   0: 0x000000008000ff48 (0x0ff77713) andi    a4, a4, 255
core   0: 3 0x000000008000ff48 (0x0ff77713) x14 0x0000000000000000
core   0: 0x000000008000ff4c (0x00e78023) sb      a4, 0(a5)
core   0: 3 0x000000008000ff4c (0x00e78023) mem 0x00000000800120d1 0x00
core   0: 0x000000008000ff50 (0xfc843703) ld      a4, -56(s0)
core   0: 3 0x000000008000ff50 (0xfc843703) x14 0x0000000080012040 mem 0x0000000080031f38
core   0: 0x000000008000ff54 (0xfb843783) ld      a5, -72(s0)
core   0: 3 0x000000008000ff54 (0xfb843783) x15 0x000000000000009c mem 0x0000000080031f28
core   0: 0x000000008000ff58 (0x000097ba) c.add   a5, a4
core   0: 3 0x000000008000ff58 (0x97ba) x15 0x00000000800120dc
core   0: 0x000000008000ff5a (0xfe043703) ld      a4, -32(s0)
core   0: 3 0x000000008000ff5a (0xfe043703) x14 0x00000000800120d2 mem 0x0000000080031f50
core   0: 0x000000008000ff5e (0xfcf76de3) bltu    a4, a5, pc - 38
core   0: 3 0x000000008000ff5e (0xfcf76de3)
core   0: 0x000000008000ff38 (0xfe043783) ld      a5, -32(s0)
core   0: 3 0x000000008000ff38 (0xfe043783) x15 0x00000000800120d2 mem 0x0000000080031f50
core   0: 0x000000008000ff3c (0x00178713) addi    a4, a5, 1
core   0: 3 0x000000008000ff3c (0x00178713) x14 0x00000000800120d3
core   0: 0x000000008000ff40 (0xfee43023) sd      a4, -32(s0)
core   0: 3 0x000000008000ff40 (0xfee43023) mem 0x0000000080031f50 0x00000000800120d3
core   0: 0x000000008000ff44 (0xfc442703) lw      a4, -60(s0)
core   0: 3 0x000000008000ff44 (0xfc442703) x14 0x0000000000000000 mem 0x0000000080031f34
core   0: 0x000000008000ff48 (0x0ff77713) andi    a4, a4, 255
core   0: 3 0x000000008000ff48 (0x0ff77713) x14 0x0000000000000000
core   0: 0x000000008000ff4c (0x00e78023) sb      a4, 0(a5)
core   0: 3 0x000000008000ff4c (0x00e78023) mem 0x00000000800120d2 0x00
core   0: 0x000000008000ff50 (0xfc843703) ld      a4, -56(s0)
core   0: 3 0x000000008000ff50 (0xfc843703) x14 0x0000000080012040 mem 0x0000000080031f38
core   0: 0x000000008000ff54 (0xfb843783) ld      a5, -72(s0)
core   0: 3 0x000000008000ff54 (0xfb843783) x15 0x000000000000009c mem 0x0000000080031f28
core   0: 0x000000008000ff58 (0x000097ba) c.add   a5, a4
core   0: 3 0x000000008000ff58 (0x97ba) x15 0x00000000800120dc
core   0: 0x000000008000ff5a (0xfe043703) ld      a4, -32(s0)
core   0: 3 0x000000008000ff5a (0xfe043703) x14 0x00000000800120d3 mem 0x0000000080031f50
core   0: 0x000000008000ff5e (0xfcf76de3) bltu    a4, a5, pc - 38
core   0: 3 0x000000008000ff5e (0xfcf76de3)
core   0: 0x000000008000ff38 (0xfe043783) ld      a5, -32(s0)
core   0: 3 0x000000008000ff38 (0xfe043783) x15 0x00000000800120d3 mem 0x0000000080031f50
core   0: 0x000000008000ff3c (0x00178713) addi    a4, a5, 1
core   0: 3 0x000000008000ff3c (0x00178713) x14 0x00000000800120d4
core   0: 0x000000008000ff40 (0xfee43023) sd      a4, -32(s0)
core   0: 3 0x000000008000ff40 (0xfee43023) mem 0x0000000080031f50 0x00000000800120d4
core   0: 0x000000008000ff44 (0xfc442703) lw      a4, -60(s0)
core   0: 3 0x000000008000ff44 (0xfc442703) x14 0x0000000000000000 mem 0x0000000080031f34
core   0: 0x000000008000ff48 (0x0ff77713) andi    a4, a4, 255
core   0: 3 0x000000008000ff48 (0x0ff77713) x14 0x0000000000000000
core   0: 0x000000008000ff4c (0x00e78023) sb      a4, 0(a5)
core   0: 3 0x000000008000ff4c (0x00e78023) mem 0x00000000800120d3 0x00
core   0: 0x000000008000ff50 (0xfc843703) ld      a4, -56(s0)
core   0: 3 0x000000008000ff50 (0xfc843703) x14 0x0000000080012040 mem 0x0000000080031f38
core   0: 0x000000008000ff54 (0xfb843783) ld      a5, -72(s0)
core   0: 3 0x000000008000ff54 (0xfb843783) x15 0x000000000000009c mem 0x0000000080031f28
core   0: 0x000000008000ff58 (0x000097ba) c.add   a5, a4
core   0: 3 0x000000008000ff58 (0x97ba) x15 0x00000000800120dc
core   0: 0x000000008000ff5a (0xfe043703) ld      a4, -32(s0)
core   0: 3 0x000000008000ff5a (0xfe043703) x14 0x00000000800120d4 mem 0x0000000080031f50
core   0: 0x000000008000ff5e (0xfcf76de3) bltu    a4, a5, pc - 38
core   0: 3 0x000000008000ff5e (0xfcf76de3)
core   0: 0x000000008000ff38 (0xfe043783) ld      a5, -32(s0)
core   0: 3 0x000000008000ff38 (0xfe043783) x15 0x00000000800120d4 mem 0x0000000080031f50
core   0: 0x000000008000ff3c (0x00178713) addi    a4, a5, 1
core   0: 3 0x000000008000ff3c (0x00178713) x14 0x00000000800120d5
core   0: 0x000000008000ff40 (0xfee43023) sd      a4, -32(s0)
core   0: 3 0x000000008000ff40 (0xfee43023) mem 0x0000000080031f50 0x00000000800120d5
core   0: 0x000000008000ff44 (0xfc442703) lw      a4, -60(s0)
core   0: 3 0x000000008000ff44 (0xfc442703) x14 0x0000000000000000 mem 0x0000000080031f34
core   0: 0x000000008000ff48 (0x0ff77713) andi    a4, a4, 255
core   0: 3 0x000000008000ff48 (0x0ff77713) x14 0x0000000000000000
core   0: 0x000000008000ff4c (0x00e78023) sb      a4, 0(a5)
core   0: 3 0x000000008000ff4c (0x00e78023) mem 0x00000000800120d4 0x00
core   0: 0x000000008000ff50 (0xfc843703) ld      a4, -56(s0)
core   0: 3 0x000000008000ff50 (0xfc843703) x14 0x0000000080012040 mem 0x0000000080031f38
core   0: 0x000000008000ff54 (0xfb843783) ld      a5, -72(s0)
core   0: 3 0x000000008000ff54 (0xfb843783) x15 0x000000000000009c mem 0x0000000080031f28
core   0: 0x000000008000ff58 (0x000097ba) c.add   a5, a4
core   0: 3 0x000000008000ff58 (0x97ba) x15 0x00000000800120dc
core   0: 0x000000008000ff5a (0xfe043703) ld      a4, -32(s0)
core   0: 3 0x000000008000ff5a (0xfe043703) x14 0x00000000800120d5 mem 0x0000000080031f50
core   0: 0x000000008000ff5e (0xfcf76de3) bltu    a4, a5, pc - 38
core   0: 3 0x000000008000ff5e (0xfcf76de3)
core   0: 0x000000008000ff38 (0xfe043783) ld      a5, -32(s0)
core   0: 3 0x000000008000ff38 (0xfe043783) x15 0x00000000800120d5 mem 0x0000000080031f50
core   0: 0x000000008000ff3c (0x00178713) addi    a4, a5, 1
core   0: 3 0x000000008000ff3c (0x00178713) x14 0x00000000800120d6
core   0: 0x000000008000ff40 (0xfee43023) sd      a4, -32(s0)
core   0: 3 0x000000008000ff40 (0xfee43023) mem 0x0000000080031f50 0x00000000800120d6
core   0: 0x000000008000ff44 (0xfc442703) lw      a4, -60(s0)
core   0: 3 0x000000008000ff44 (0xfc442703) x14 0x0000000000000000 mem 0x0000000080031f34
core   0: 0x000000008000ff48 (0x0ff77713) andi    a4, a4, 255
core   0: 3 0x000000008000ff48 (0x0ff77713) x14 0x0000000000000000
core   0: 0x000000008000ff4c (0x00e78023) sb      a4, 0(a5)
core   0: 3 0x000000008000ff4c (0x00e78023) mem 0x00000000800120d5 0x00
core   0: 0x000000008000ff50 (0xfc843703) ld      a4, -56(s0)
core   0: 3 0x000000008000ff50 (0xfc843703) x14 0x0000000080012040 mem 0x0000000080031f38
core   0: 0x000000008000ff54 (0xfb843783) ld      a5, -72(s0)
core   0: 3 0x000000008000ff54 (0xfb843783) x15 0x000000000000009c mem 0x0000000080031f28
core   0: 0x000000008000ff58 (0x000097ba) c.add   a5, a4
core   0: 3 0x000000008000ff58 (0x97ba) x15 0x00000000800120dc
core   0: 0x000000008000ff5a (0xfe043703) ld      a4, -32(s0)
core   0: 3 0x000000008000ff5a (0xfe043703) x14 0x00000000800120d6 mem 0x0000000080031f50
core   0: 0x000000008000ff5e (0xfcf76de3) bltu    a4, a5, pc - 38
core   0: 3 0x000000008000ff5e (0xfcf76de3)
core   0: 0x000000008000ff38 (0xfe043783) ld      a5, -32(s0)
core   0: 3 0x000000008000ff38 (0xfe043783) x15 0x00000000800120d6 mem 0x0000000080031f50
core   0: 0x000000008000ff3c (0x00178713) addi    a4, a5, 1
core   0: 3 0x000000008000ff3c (0x00178713) x14 0x00000000800120d7
core   0: 0x000000008000ff40 (0xfee43023) sd      a4, -32(s0)
core   0: 3 0x000000008000ff40 (0xfee43023) mem 0x0000000080031f50 0x00000000800120d7
core   0: 0x000000008000ff44 (0xfc442703) lw      a4, -60(s0)
core   0: 3 0x000000008000ff44 (0xfc442703) x14 0x0000000000000000 mem 0x0000000080031f34
core   0: 0x000000008000ff48 (0x0ff77713) andi    a4, a4, 255
core   0: 3 0x000000008000ff48 (0x0ff77713) x14 0x0000000000000000
core   0: 0x000000008000ff4c (0x00e78023) sb      a4, 0(a5)
core   0: 3 0x000000008000ff4c (0x00e78023) mem 0x00000000800120d6 0x00
core   0: 0x000000008000ff50 (0xfc843703) ld      a4, -56(s0)
core   0: 3 0x000000008000ff50 (0xfc843703) x14 0x0000000080012040 mem 0x0000000080031f38
core   0: 0x000000008000ff54 (0xfb843783) ld      a5, -72(s0)
core   0: 3 0x000000008000ff54 (0xfb843783) x15 0x000000000000009c mem 0x0000000080031f28
core   0: 0x000000008000ff58 (0x000097ba) c.add   a5, a4
core   0: 3 0x000000008000ff58 (0x97ba) x15 0x00000000800120dc
core   0: 0x000000008000ff5a (0xfe043703) ld      a4, -32(s0)
core   0: 3 0x000000008000ff5a (0xfe043703) x14 0x00000000800120d7 mem 0x0000000080031f50
core   0: 0x000000008000ff5e (0xfcf76de3) bltu    a4, a5, pc - 38
core   0: 3 0x000000008000ff5e (0xfcf76de3)
core   0: 0x000000008000ff38 (0xfe043783) ld      a5, -32(s0)
core   0: 3 0x000000008000ff38 (0xfe043783) x15 0x00000000800120d7 mem 0x0000000080031f50
core   0: 0x000000008000ff3c (0x00178713) addi    a4, a5, 1
core   0: 3 0x000000008000ff3c (0x00178713) x14 0x00000000800120d8
core   0: 0x000000008000ff40 (0xfee43023) sd      a4, -32(s0)
core   0: 3 0x000000008000ff40 (0xfee43023) mem 0x0000000080031f50 0x00000000800120d8
core   0: 0x000000008000ff44 (0xfc442703) lw      a4, -60(s0)
core   0: 3 0x000000008000ff44 (0xfc442703) x14 0x0000000000000000 mem 0x0000000080031f34
core   0: 0x000000008000ff48 (0x0ff77713) andi    a4, a4, 255
core   0: 3 0x000000008000ff48 (0x0ff77713) x14 0x0000000000000000
core   0: 0x000000008000ff4c (0x00e78023) sb      a4, 0(a5)
core   0: 3 0x000000008000ff4c (0x00e78023) mem 0x00000000800120d7 0x00
core   0: 0x000000008000ff50 (0xfc843703) ld      a4, -56(s0)
core   0: 3 0x000000008000ff50 (0xfc843703) x14 0x0000000080012040 mem 0x0000000080031f38
core   0: 0x000000008000ff54 (0xfb843783) ld      a5, -72(s0)
core   0: 3 0x000000008000ff54 (0xfb843783) x15 0x000000000000009c mem 0x0000000080031f28
core   0: 0x000000008000ff58 (0x000097ba) c.add   a5, a4
core   0: 3 0x000000008000ff58 (0x97ba) x15 0x00000000800120dc
core   0: 0x000000008000ff5a (0xfe043703) ld      a4, -32(s0)
core   0: 3 0x000000008000ff5a (0xfe043703) x14 0x00000000800120d8 mem 0x0000000080031f50
core   0: 0x000000008000ff5e (0xfcf76de3) bltu    a4, a5, pc - 38
core   0: 3 0x000000008000ff5e (0xfcf76de3)
core   0: 0x000000008000ff38 (0xfe043783) ld      a5, -32(s0)
core   0: 3 0x000000008000ff38 (0xfe043783) x15 0x00000000800120d8 mem 0x0000000080031f50
core   0: 0x000000008000ff3c (0x00178713) addi    a4, a5, 1
core   0: 3 0x000000008000ff3c (0x00178713) x14 0x00000000800120d9
core   0: 0x000000008000ff40 (0xfee43023) sd      a4, -32(s0)
core   0: 3 0x000000008000ff40 (0xfee43023) mem 0x0000000080031f50 0x00000000800120d9
core   0: 0x000000008000ff44 (0xfc442703) lw      a4, -60(s0)
core   0: 3 0x000000008000ff44 (0xfc442703) x14 0x0000000000000000 mem 0x0000000080031f34
core   0: 0x000000008000ff48 (0x0ff77713) andi    a4, a4, 255
core   0: 3 0x000000008000ff48 (0x0ff77713) x14 0x0000000000000000
core   0: 0x000000008000ff4c (0x00e78023) sb      a4, 0(a5)
core   0: 3 0x000000008000ff4c (0x00e78023) mem 0x00000000800120d8 0x00
core   0: 0x000000008000ff50 (0xfc843703) ld      a4, -56(s0)
core   0: 3 0x000000008000ff50 (0xfc843703) x14 0x0000000080012040 mem 0x0000000080031f38
core   0: 0x000000008000ff54 (0xfb843783) ld      a5, -72(s0)
core   0: 3 0x000000008000ff54 (0xfb843783) x15 0x000000000000009c mem 0x0000000080031f28
core   0: 0x000000008000ff58 (0x000097ba) c.add   a5, a4
core   0: 3 0x000000008000ff58 (0x97ba) x15 0x00000000800120dc
core   0: 0x000000008000ff5a (0xfe043703) ld      a4, -32(s0)
core   0: 3 0x000000008000ff5a (0xfe043703) x14 0x00000000800120d9 mem 0x0000000080031f50
core   0: 0x000000008000ff5e (0xfcf76de3) bltu    a4, a5, pc - 38
core   0: 3 0x000000008000ff5e (0xfcf76de3)
core   0: 0x000000008000ff38 (0xfe043783) ld      a5, -32(s0)
core   0: 3 0x000000008000ff38 (0xfe043783) x15 0x00000000800120d9 mem 0x0000000080031f50
core   0: 0x000000008000ff3c (0x00178713) addi    a4, a5, 1
core   0: 3 0x000000008000ff3c (0x00178713) x14 0x00000000800120da
core   0: 0x000000008000ff40 (0xfee43023) sd      a4, -32(s0)
core   0: 3 0x000000008000ff40 (0xfee43023) mem 0x0000000080031f50 0x00000000800120da
core   0: 0x000000008000ff44 (0xfc442703) lw      a4, -60(s0)
core   0: 3 0x000000008000ff44 (0xfc442703) x14 0x0000000000000000 mem 0x0000000080031f34
core   0: 0x000000008000ff48 (0x0ff77713) andi    a4, a4, 255
core   0: 3 0x000000008000ff48 (0x0ff77713) x14 0x0000000000000000
core   0: 0x000000008000ff4c (0x00e78023) sb      a4, 0(a5)
core   0: 3 0x000000008000ff4c (0x00e78023) mem 0x00000000800120d9 0x00
core   0: 0x000000008000ff50 (0xfc843703) ld      a4, -56(s0)
core   0: 3 0x000000008000ff50 (0xfc843703) x14 0x0000000080012040 mem 0x0000000080031f38
core   0: 0x000000008000ff54 (0xfb843783) ld      a5, -72(s0)
core   0: 3 0x000000008000ff54 (0xfb843783) x15 0x000000000000009c mem 0x0000000080031f28
core   0: 0x000000008000ff58 (0x000097ba) c.add   a5, a4
core   0: 3 0x000000008000ff58 (0x97ba) x15 0x00000000800120dc
core   0: 0x000000008000ff5a (0xfe043703) ld      a4, -32(s0)
core   0: 3 0x000000008000ff5a (0xfe043703) x14 0x00000000800120da mem 0x0000000080031f50
core   0: 0x000000008000ff5e (0xfcf76de3) bltu    a4, a5, pc - 38
core   0: 3 0x000000008000ff5e (0xfcf76de3)
core   0: 0x000000008000ff38 (0xfe043783) ld      a5, -32(s0)
core   0: 3 0x000000008000ff38 (0xfe043783) x15 0x00000000800120da mem 0x0000000080031f50
core   0: 0x000000008000ff3c (0x00178713) addi    a4, a5, 1
core   0: 3 0x000000008000ff3c (0x00178713) x14 0x00000000800120db
core   0: 0x000000008000ff40 (0xfee43023) sd      a4, -32(s0)
core   0: 3 0x000000008000ff40 (0xfee43023) mem 0x0000000080031f50 0x00000000800120db
core   0: 0x000000008000ff44 (0xfc442703) lw      a4, -60(s0)
core   0: 3 0x000000008000ff44 (0xfc442703) x14 0x0000000000000000 mem 0x0000000080031f34
core   0: 0x000000008000ff48 (0x0ff77713) andi    a4, a4, 255
core   0: 3 0x000000008000ff48 (0x0ff77713) x14 0x0000000000000000
core   0: 0x000000008000ff4c (0x00e78023) sb      a4, 0(a5)
core   0: 3 0x000000008000ff4c (0x00e78023) mem 0x00000000800120da 0x00
core   0: 0x000000008000ff50 (0xfc843703) ld      a4, -56(s0)
core   0: 3 0x000000008000ff50 (0xfc843703) x14 0x0000000080012040 mem 0x0000000080031f38
core   0: 0x000000008000ff54 (0xfb843783) ld      a5, -72(s0)
core   0: 3 0x000000008000ff54 (0xfb843783) x15 0x000000000000009c mem 0x0000000080031f28
core   0: 0x000000008000ff58 (0x000097ba) c.add   a5, a4
core   0: 3 0x000000008000ff58 (0x97ba) x15 0x00000000800120dc
core   0: 0x000000008000ff5a (0xfe043703) ld      a4, -32(s0)
core   0: 3 0x000000008000ff5a (0xfe043703) x14 0x00000000800120db mem 0x0000000080031f50
core   0: 0x000000008000ff5e (0xfcf76de3) bltu    a4, a5, pc - 38
core   0: 3 0x000000008000ff5e (0xfcf76de3)
core   0: 0x000000008000ff38 (0xfe043783) ld      a5, -32(s0)
core   0: 3 0x000000008000ff38 (0xfe043783) x15 0x00000000800120db mem 0x0000000080031f50
core   0: 0x000000008000ff3c (0x00178713) addi    a4, a5, 1
core   0: 3 0x000000008000ff3c (0x00178713) x14 0x00000000800120dc
core   0: 0x000000008000ff40 (0xfee43023) sd      a4, -32(s0)
core   0: 3 0x000000008000ff40 (0xfee43023) mem 0x0000000080031f50 0x00000000800120dc
core   0: 0x000000008000ff44 (0xfc442703) lw      a4, -60(s0)
core   0: 3 0x000000008000ff44 (0xfc442703) x14 0x0000000000000000 mem 0x0000000080031f34
core   0: 0x000000008000ff48 (0x0ff77713) andi    a4, a4, 255
core   0: 3 0x000000008000ff48 (0x0ff77713) x14 0x0000000000000000
core   0: 0x000000008000ff4c (0x00e78023) sb      a4, 0(a5)
core   0: 3 0x000000008000ff4c (0x00e78023) mem 0x00000000800120db 0x00
core   0: 0x000000008000ff50 (0xfc843703) ld      a4, -56(s0)
core   0: 3 0x000000008000ff50 (0xfc843703) x14 0x0000000080012040 mem 0x0000000080031f38
core   0: 0x000000008000ff54 (0xfb843783) ld      a5, -72(s0)
core   0: 3 0x000000008000ff54 (0xfb843783) x15 0x000000000000009c mem 0x0000000080031f28
core   0: 0x000000008000ff58 (0x000097ba) c.add   a5, a4
core   0: 3 0x000000008000ff58 (0x97ba) x15 0x00000000800120dc
core   0: 0x000000008000ff5a (0xfe043703) ld      a4, -32(s0)
core   0: 3 0x000000008000ff5a (0xfe043703) x14 0x00000000800120dc mem 0x0000000080031f50
core   0: 0x000000008000ff5e (0xfcf76de3) bltu    a4, a5, pc - 38
core   0: 3 0x000000008000ff5e (0xfcf76de3)
core   0: 0x000000008000ff62 (0xfc843783) ld      a5, -56(s0)
core   0: 3 0x000000008000ff62 (0xfc843783) x15 0x0000000080012040 mem 0x0000000080031f38
core   0: 0x000000008000ff66 (0x0000853e) c.mv    a0, a5
core   0: 3 0x000000008000ff66 (0x853e) x10 0x0000000080012040
core   0: 0x000000008000ff68 (0x00006426) c.ldsp  s0, 72(sp)
core   0: 3 0x000000008000ff68 (0x6426) x8  0x0000000080031f90 mem 0x0000000080031f68
core   0: 0x000000008000ff6a (0x00006161) c.addi16sp sp, 80
core   0: 3 0x000000008000ff6a (0x6161) x2  0x0000000080031f70
core   0: 0x000000008000ff6c (0x00008082) ret
core   0: 3 0x000000008000ff6c (0x8082)
core   0: 0x000000008000f520 (0x00000001) c.nop
core   0: 3 0x000000008000f520 (0x0001)
core   0: 0x000000008000f522 (0x000060e2) c.ldsp  ra, 24(sp)
core   0: 3 0x000000008000f522 (0x60e2) x1  0x000000008000f560 mem 0x0000000080031f88
core   0: 0x000000008000f524 (0x00006442) c.ldsp  s0, 16(sp)
core   0: 3 0x000000008000f524 (0x6442) x8  0x0000000080032040 mem 0x0000000080031f80
core   0: 0x000000008000f526 (0x00006105) c.addi16sp sp, 32
core   0: 3 0x000000008000f526 (0x6105) x2  0x0000000080031f90
core   0: 0x000000008000f528 (0x00008082) ret
core   0: 3 0x000000008000f528 (0x8082)
core   0: 0x000000008000f560 (0xf5842703) lw      a4, -168(s0)
core   0: 3 0x000000008000f560 (0xf5842703) x14 0x0000000000000001 mem 0x0000000080031f98
core   0: 0x000000008000f564 (0xf5c42783) lw      a5, -164(s0)
core   0: 3 0x000000008000f564 (0xf5c42783) x15 0x0000000000000000 mem 0x0000000080031f9c
core   0: 0x000000008000f568 (0x000085ba) c.mv    a1, a4
core   0: 3 0x000000008000f568 (0x85ba) x11 0x0000000000000001
core   0: 0x000000008000f56a (0x0000853e) c.mv    a0, a5
core   0: 3 0x000000008000f56a (0x853e) x10 0x0000000000000000
core   0: 0x000000008000f56c (0xf03ff0ef) jal     pc - 0xfe
core   0: 3 0x000000008000f56c (0xf03ff0ef) x1  0x000000008000f570
core   0: >>>>  thread_entry
core   0: 0x000000008000f46e (0x00001101) c.addi  sp, -32
core   0: 3 0x000000008000f46e (0x1101) x2  0x0000000080031f70
core   0: 0x000000008000f470 (0x0000ec22) c.sdsp  s0, 24(sp)
core   0: 3 0x000000008000f470 (0xec22) mem 0x0000000080031f88 0x0000000080032040
core   0: 0x000000008000f472 (0x00001000) c.addi4spn s0, sp, 32
core   0: 3 0x000000008000f472 (0x1000) x8  0x0000000080031f90
core   0: 0x000000008000f474 (0x000087aa) c.mv    a5, a0
core   0: 3 0x000000008000f474 (0x87aa) x15 0x0000000000000000
core   0: 0x000000008000f476 (0x0000872e) c.mv    a4, a1
core   0: 3 0x000000008000f476 (0x872e) x14 0x0000000000000001
core   0: 0x000000008000f478 (0xfef42623) sw      a5, -20(s0)
core   0: 3 0x000000008000f478 (0xfef42623) mem 0x0000000080031f7c 0x00000000
core   0: 0x000000008000f47c (0x000087ba) c.mv    a5, a4
core   0: 3 0x000000008000f47c (0x87ba) x15 0x0000000000000001
core   0: 0x000000008000f47e (0xfef42423) sw      a5, -24(s0)
core   0: 3 0x000000008000f47e (0xfef42423) mem 0x0000000080031f78 0x00000001
core   0: 0x000000008000f482 (0x00000001) c.nop
core   0: 3 0x000000008000f482 (0x0001)
core   0: 0x000000008000f484 (0xfec42783) lw      a5, -20(s0)
core   0: 3 0x000000008000f484 (0xfec42783) x15 0x0000000000000000 mem 0x0000000080031f7c
core   0: 0x000000008000f488 (0x00002781) c.addiw a5, 0
core   0: 3 0x000000008000f488 (0x2781) x15 0x0000000000000000
core   0: 0x000000008000f48a (0x0000ffed) c.bnez  a5, pc - 6
core   0: 3 0x000000008000f48a (0xffed)
core   0: 0x000000008000f48c (0x00000001) c.nop
core   0: 3 0x000000008000f48c (0x0001)
core   0: 0x000000008000f48e (0x00000001) c.nop
core   0: 3 0x000000008000f48e (0x0001)
core   0: 0x000000008000f490 (0x00006462) c.ldsp  s0, 24(sp)
core   0: 3 0x000000008000f490 (0x6462) x8  0x0000000080032040 mem 0x0000000080031f88
core   0: 0x000000008000f492 (0x00006105) c.addi16sp sp, 32
core   0: 3 0x000000008000f492 (0x6105) x2  0x0000000080031f90
core   0: 0x000000008000f494 (0x00008082) ret
core   0: 3 0x000000008000f494 (0x8082)
core   0: 0x000000008000f570 (0x00004581) c.li    a1, 0
core   0: 3 0x000000008000f570 (0x4581) x11 0x0000000000000000
core   0: 0x000000008000f572 (0x00004501) c.li    a0, 0
core   0: 3 0x000000008000f572 (0x4501) x10 0x0000000000000000
core   0: 0x000000008000f574 (0xa8df20ef) jal     pc - 0xd574
core   0: 3 0x000000008000f574 (0xa8df20ef) x1  0x000000008000f578
core   0: >>>>  main
core   0: 0x0000000080002000 (0x00000001) c.nop
core   0: 3 0x0000000080002000 (0x0001)
core   0: >>>>  trap_vec_init
core   0: 0x0000000080002002 (0x00002797) auipc   a5, 0x2
core   0: 3 0x0000000080002002 (0x00002797) x15 0x0000000080004002
core   0: 0x0000000080002006 (0xffe78793) addi    a5, a5, -2
core   0: 3 0x0000000080002006 (0xffe78793) x15 0x0000000080004000
core   0: 0x000000008000200a (0x30579073) csrrw   zero, mtvec, a5
core   0: 3 0x000000008000200a (0x30579073) c773_mtvec 0x0000000080004000
core   0: >>>>  pmp_setup
core   0: 0x000000008000200e (0x00002c17) auipc   s8, 0x2
core   0: 3 0x000000008000200e (0x00002c17) x24 0x000000008000400e
core   0: 0x0000000080002012 (0x022c0c13) addi    s8, s8, 34
core   0: 3 0x0000000080002012 (0x022c0c13) x24 0x0000000080004030
core   0: 0x0000000080002016 (0x00004781) c.li    a5, 0
core   0: 3 0x0000000080002016 (0x4781) x15 0x0000000000000000
core   0: 0x0000000080002018 (0x00009c3e) c.add   s8, a5
core   0: 3 0x0000000080002018 (0x9c3e) x24 0x0000000080004030
core   0: 0x000000008000201a (0x3b0c1073) csrrw   zero, pmpaddr0, s8
core   0: 3 0x000000008000201a (0x3b0c1073) c944_pmpaddr0 0x0000000080004030
core   0: 0x000000008000201e (0x00004c3d) c.li    s8, 15
core   0: 3 0x000000008000201e (0x4c3d) x24 0x000000000000000f
core   0: 0x0000000080002020 (0x3a0c1073) csrrw   zero, pmpcfg0, s8
core   0: 3 0x0000000080002020 (0x3a0c1073) c928_pmpcfg0 0x000000000000000f
core   0: 0x0000000080002024 (0x12000073) sfence.vma zero, zero
core   0: 3 0x0000000080002024 (0x12000073)
core   0: >>>>  mepc_setup
core   0: 0x0000000080002028 (0x00002797) auipc   a5, 0x2
core   0: 3 0x0000000080002028 (0x00002797) x15 0x0000000080004028
core   0: 0x000000008000202c (0x00878793) addi    a5, a5, 8
core   0: 3 0x000000008000202c (0x00878793) x15 0x0000000080004030
core   0: 0x0000000080002030 (0x34179073) csrrw   zero, mepc, a5
core   0: 3 0x0000000080002030 (0x34179073) c833_mepc 0x0000000080004030
core   0: >>>>  custom_csr_setup
core   0: 0x0000000080002034 (0x00100f9b) addiw   t6, zero, 1
core   0: 3 0x0000000080002034 (0x00100f9b) x31 0x0000000000000001
core   0: 0x0000000080002038 (0x00000ffe) c.slli  t6, 31
core   0: 3 0x0000000080002038 (0x0ffe) x31 0x0000000080000000
core   0: 0x000000008000203a (0x00000001) c.nop
core   0: 3 0x000000008000203a (0x0001)
core   0: >>>>  init_s_mode
core   0: 0x000000008000203c (0xfff0079b) addiw   a5, zero, -1
core   0: 3 0x000000008000203c (0xfff0079b) x15 0xffffffffffffffff
core   0: 0x0000000080002040 (0x000017fe) c.slli  a5, 63
core   0: 3 0x0000000080002040 (0x17fe) x15 0x8000000000000000
core   0: 0x0000000080002042 (0x18079073) csrrw   zero, satp, a5
core   0: 3 0x0000000080002042 (0x18079073) c384_satp 0x8000000000000000
core   0: 0x0000000080002046 (0x0000f797) auipc   a5, 0xf
core   0: 3 0x0000000080002046 (0x0000f797) x15 0x0000000080011046
core   0: 0x000000008000204a (0xfba78793) addi    a5, a5, -70
core   0: 3 0x000000008000204a (0xfba78793) x15 0x0000000080011000
core   0: 0x000000008000204e (0x000083b1) c.srli  a5, 12
core   0: 3 0x000000008000204e (0x83b1) x15 0x0000000000080011
core   0: 0x0000000080002050 (0x0010061b) addiw   a2, zero, 1
core   0: 3 0x0000000080002050 (0x0010061b) x12 0x0000000000000001
core   0: 0x0000000080002054 (0x00001632) c.slli  a2, 44
core   0: 3 0x0000000080002054 (0x1632) x12 0x0000100000000000
core   0: 0x0000000080002056 (0x0000167d) c.addi  a2, -1
core   0: 3 0x0000000080002056 (0x167d) x12 0x00000fffffffffff
core   0: 0x0000000080002058 (0x00008ff1) c.and   a5, a2
core   0: 3 0x0000000080002058 (0x8ff1) x15 0x0000000000080011
core   0: 0x000000008000205a (0x1807a073) csrrs   zero, satp, a5
core   0: 3 0x000000008000205a (0x1807a073) c384_satp 0x8000000000080011
core   0: 0x000000008000205e (0x00a005b7) lui     a1, 0xa00
core   0: 3 0x000000008000205e (0x00a005b7) x11 0x0000000000a00000
core   0: 0x0000000080002062 (0x10b5859b) addiw   a1, a1, 267
core   0: 3 0x0000000080002062 (0x10b5859b) x11 0x0000000000a0010b
core   0: 0x0000000080002066 (0x000005b2) c.slli  a1, 12
core   0: 3 0x0000000080002066 (0x05b2) x11 0x0000000a0010b000
core   0: 0x0000000080002068 (0xa0058593) addi    a1, a1, -1536
core   0: 3 0x0000000080002068 (0xa0058593) x11 0x0000000a0010aa00
core   0: 0x000000008000206c (0x30059073) csrrw   zero, mstatus, a1
core   0: 3 0x000000008000206c (0x30059073) c768_mstatus 0x0000000a00102800
core   0: 0x0000000080002070 (0x30459073) csrrw   zero, mie, a1
core   0: 3 0x0000000080002070 (0x30459073) c772_mie 0x0000000000000a00
core   0: 0x0000000080002074 (0x00a005b7) lui     a1, 0xa00
core   0: 3 0x0000000080002074 (0x00a005b7) x11 0x0000000000a00000
core   0: 0x0000000080002078 (0x10b5859b) addiw   a1, a1, 267
core   0: 3 0x0000000080002078 (0x10b5859b) x11 0x0000000000a0010b
core   0: 0x000000008000207c (0x000005b2) c.slli  a1, 12
core   0: 3 0x000000008000207c (0x05b2) x11 0x0000000a0010b000
core   0: 0x000000008000207e (0xa0058593) addi    a1, a1, -1536
core   0: 3 0x000000008000207e (0xa0058593) x11 0x0000000a0010aa00
core   0: 0x0000000080002082 (0x10059073) csrrw   zero, sstatus, a1
core   0: 3 0x0000000080002082 (0x10059073) c768_mstatus 0x0000000a00102800
core   0: 0x0000000080002086 (0x10459073) csrrw   zero, sie, a1
core   0: 3 0x0000000080002086 (0x10459073) c772_mie 0x0000000000000a00
core   0: 0x000000008000208a (0x30200073) mret
core   0: 3 0x000000008000208a (0x30200073) c768_mstatus 0x0000000a00102080
core   0: >>>>  main_g
core   0: 0x0000000080004030 (0x0289b6b3) mulhu   a3, s3, s0
core   0: 1 0x0000000080004030 (0x0289b6b3) x13 0x0000000000000000
core   0: 0x0000000080004034 (0xd029f253) fcvt.s.l ft4, s3
core   0: 1 0x0000000080004034 (0xd029f253) c768_mstatus 0x8000000a00106080 f4  0xffffffff00000000
core   0: 0x0000000080004038 (0x2be3f2c3) fmadd.d ft5, ft7, ft10, ft5
core   0: 1 0x0000000080004038 (0x2be3f2c3) f5  0x7ff8000000000000
core   0: 0x000000008000403c (0x5e56e893) ori     a7, a3, 1509
core   0: 1 0x000000008000403c (0x5e56e893) x17 0x00000000000005e5
core   0: 0x0000000080004040 (0xff04bdb7) lui     s11, 0xff04b
core   0: 1 0x0000000080004040 (0xff04bdb7) x27 0xffffffffff04b000
core   0: 0x0000000080004044 (0x975d8d9b) addiw   s11, s11, -1675
core   0: 1 0x0000000080004044 (0x975d8d9b) x27 0xffffffffff04a975
core   0: 0x0000000080004048 (0x00000dba) c.slli  s11, 14
core   0: 1 0x0000000080004048 (0x0dba) x27 0xffffffc12a5d4000
core   0: 0x000000008000404a (0x17ed8d93) addi    s11, s11, 382
core   0: 1 0x000000008000404a (0x17ed8d93) x27 0xffffffc12a5d417e
core   0: 0x000000008000404e (0x2ba99653) fmax.d  fa2, fs3, fs10
core   0: 1 0x000000008000404e (0x2ba99653) f12 0x7ff8000000000000
core   0: 0x0000000080004052 (0x5471c393) xori    t2, gp, 1351
core   0: 1 0x0000000080004052 (0x5471c393) x7  0x0000000080012d6f
core   0: 0x0000000080004056 (0x032925b3) mulhsu  a1, s2, s2
core   0: 1 0x0000000080004056 (0x032925b3) x11 0x0000000000000000
core   0: 0x000000008000405a (0x032e0533) mul     a0, t3, s2
core   0: 1 0x000000008000405a (0x032e0533) x10 0x0000000000000000
core   0: 0x000000008000405e (0x002026f3) csrrs   a3, frm, zero
core   0: 1 0x000000008000405e (0x002026f3) x13 0x0000000000000000
core   0: 0x0000000080004062 (0x02d2c8bb) divw    a7, t0, a3
core   0: 1 0x0000000080004062 (0x02d2c8bb) x17 0xffffffffffffffff
core   0: 0x0000000080004066 (0x0044169b) slliw   a3, s0, 4
core   0: 1 0x0000000080004066 (0x0044169b) x13 0x0000000000320400
core   0: 0x000000008000406a (0x1a2afb53) fdiv.d  fs6, fs5, ft2
core   0: 1 0x000000008000406a (0x1a2afb53) f22 0x7ff8000000000000
core   0: 0x000000008000406e (0x225c0053) fsgnj.d ft0, fs8, ft5
core   0: 1 0x000000008000406e (0x225c0053) f0  0x7fffffff00000000
core   0: 0x0000000080004072 (0x0148d91b) srliw   s2, a7, 20
core   0: 1 0x0000000080004072 (0x0148d91b) x18 0x0000000000000fff
core   0: 0x0000000080004076 (0x4049553b) sraw    a0, s2, tp
core   0: 1 0x0000000080004076 (0x4049553b) x10 0x0000000000000fff
core   0: 0x000000008000407a (0x0ff0000f) fence   iorw,iorw
core   0: 1 0x000000008000407a (0x0ff0000f)
core   0: 0x000000008000407e (0x4001d91b) sraiw   s2, gp, 0
core   0: 1 0x000000008000407e (0x4001d91b) x18 0xffffffff80012828
core   0: 0x0000000080004082 (0x4076563b) sraw    a2, a2, t2
core   0: 1 0x0000000080004082 (0x4076563b) x12 0xffffffffffffffff
core   0: 0x0000000080004086 (0x43215113) srai    sp, sp, 50
core   0: 1 0x0000000080004086 (0x43215113) x2  0x0000000000000000
core   0: 0x000000008000408a (0x415a53b3) sra     t2, s4, s5
core   0: 1 0x000000008000408a (0x415a53b3) x7  0x0000000000000000
core   0: 0x000000008000408e (0x41c38d3b) subw    s10, t2, t3
core   0: 1 0x000000008000408e (0x41c38d3b) x26 0x0000000000000000
core   0: 0x0000000080004092 (0xfff03637) lui     a2, 0xfff03
core   0: 1 0x0000000080004092 (0xfff03637) x12 0xfffffffffff03000
core   0: 0x0000000080004096 (0x35b6061b) addiw   a2, a2, 859
core   0: 1 0x0000000080004096 (0x35b6061b) x12 0xfffffffffff0335b
core   0: 0x000000008000409a (0x0000063e) c.slli  a2, 15
core   0: 1 0x000000008000409a (0x063e) x12 0xfffffff819ad8000
core   0: 0x000000008000409c (0x7ab60613) addi    a2, a2, 1963
core   0: 1 0x000000008000409c (0x7ab60613) x12 0xfffffff819ad87ab
core   0: 0x00000000800040a0 (0x000b9bb3) sll     s7, s7, zero
core   0: 1 0x00000000800040a0 (0x000b9bb3) x23 0x0000000000000000
core   0: 0x00000000800040a4 (0x03d49233) mulh    tp, s1, t4
core   0: 1 0x00000000800040a4 (0x03d49233) x4  0x0000000000000000
core   0: 0x00000000800040a8 (0x00202bf3) csrrs   s7, frm, zero
core   0: 1 0x00000000800040a8 (0x00202bf3) x23 0x0000000000000000
core   0: 0x00000000800040ac (0x22501fd3) fsgnjn.d ft11, ft0, ft5
core   0: 1 0x00000000800040ac (0x22501fd3) f31 0xffffffff00000000
core   0: 0x00000000800040b0 (0xc03075d3) fcvt.lu.s a1, ft0
core   0: 1 0x00000000800040b0 (0xc03075d3) c1_fflags 0x0000000000000010 x11 0xffffffffffffffff
core   0: 0x00000000800040b4 (0x1a827453) fdiv.d  fs0, ft4, fs0
core   0: 1 0x00000000800040b4 (0x1a827453) f8  0x7ff8000000000000
core   0: 0x00000000800040b8 (0xf6a6cdb7) lui     s11, 0xf6a6c
core   0: 1 0x00000000800040b8 (0xf6a6cdb7) x27 0xfffffffff6a6c000
core   0: 0x00000000800040bc (0xd03d71d3) fcvt.s.lu ft3, s10
core   0: 1 0x00000000800040bc (0xd03d71d3) f3  0xffffffff00000000
core   0: 0x00000000800040c0 (0x4033d1b3) sra     gp, t2, gp
core   0: 1 0x00000000800040c0 (0x4033d1b3) x3  0x0000000000000000
core   0: 0x00000000800040c4 (0x03b8b4b3) mulhu   s1, a7, s11
core   0: 1 0x00000000800040c4 (0x03b8b4b3) x9  0xfffffffff6a6bfff
core   0: 0x00000000800040c8 (0xd2160a53) fcvt.d.wu fs4, a2
core   0: 1 0x00000000800040c8 (0xd2160a53) f20 0x41b9ad87ab000000
core   0: 0x00000000800040cc (0x4031dd3b) sraw    s10, gp, gp
core   0: 1 0x00000000800040cc (0x4031dd3b) x26 0x0000000000000000
core   0: 0x00000000800040d0 (0xaa0a77cb) fnmsub.d fa5, fs4, ft0, fs5
core   0: 1 0x00000000800040d0 (0xaa0a77cb) f15 0x7ff8000000000000
core   0: 0x00000000800040d4 (0x012057b3) srl     a5, zero, s2
core   0: 1 0x00000000800040d4 (0x012057b3) x15 0x0000000000000000
core   0: 0x00000000800040d8 (0x00202973) csrrs   s2, frm, zero
core   0: 1 0x00000000800040d8 (0x00202973) x18 0x0000000000000000
core   0: 0x00000000800040dc (0x12f071c7) fmsub.d ft3, ft0, fa5, ft2
core   0: 1 0x00000000800040dc (0x12f071c7) f3  0x7ff8000000000000
core   0: 0x00000000800040e0 (0x00202773) csrrs   a4, frm, zero
core   0: 1 0x00000000800040e0 (0x00202773) x14 0x0000000000000000
core   0: 0x00000000800040e4 (0x22212dd3) fsgnjx.d fs11, ft2, ft2
core   0: 1 0x00000000800040e4 (0x22212dd3) f27 0x7fffffff00000000
core   0: 0x00000000800040e8 (0x01835c13) srli    s8, t1, 24
core   0: 1 0x00000000800040e8 (0x01835c13) x24 0x0000000000000000
core   0: 0x00000000800040ec (0x022692b3) mulh    t0, a3, sp
core   0: 1 0x00000000800040ec (0x022692b3) x5  0x0000000000000000
core   0: 0x00000000800040f0 (0x004380bb) addw    ra, t2, tp
core   0: 1 0x00000000800040f0 (0x004380bb) x1  0x0000000000000000
core   0: 0x00000000800040f4 (0xd0327e53) fcvt.s.lu ft8, tp
core   0: 1 0x00000000800040f4 (0xd0327e53) f28 0xffffffff00000000
core   0: 0x00000000800040f8 (0x00000001) c.nop
core   0: 1 0x00000000800040f8 (0x0001)
core   0: 0x00000000800040fa (0x00000001) c.nop
core   0: 1 0x00000000800040fa (0x0001)
core   0: 0x00000000800040fc (0x01526b33) or      s6, tp, s5
core   0: 1 0x00000000800040fc (0x01526b33) x22 0x0000000000000000
core   0: 0x0000000080004100 (0x031b2533) mulhsu  a0, s6, a7
core   0: 1 0x0000000080004100 (0x031b2533) x10 0x0000000000000000
core   0: 0x0000000080004104 (0x13ad4e17) auipc   t3, 0x13ad4
core   0: 1 0x0000000080004104 (0x13ad4e17) x28 0x0000000093ad8104
core   0: 0x0000000080004108 (0x009715bb) sllw    a1, a4, s1
core   0: 1 0x0000000080004108 (0x009715bb) x11 0x0000000000000000
core   0: 0x000000008000410c (0x4010501b) sraiw   zero, zero, 1
core   0: 1 0x000000008000410c (0x4010501b)
core   0: 0x0000000080004110 (0x22c595d3) fsgnjn.d fa1, fa1, fa2
core   0: 1 0x0000000080004110 (0x22c595d3) f11 0xffffffff00000000
core   0: 0x0000000080004114 (0x037c0bbb) mulw    s7, s8, s7
core   0: 1 0x0000000080004114 (0x037c0bbb) x23 0x0000000000000000
core   0: 0x0000000080004118 (0x22f22e53) fsgnjx.d ft8, ft4, fa5
core   0: 1 0x0000000080004118 (0x22f22e53) f28 0xffffffff00000000
core   0: 0x000000008000411c (0xc03271d3) fcvt.lu.s gp, ft4
core   0: 1 0x000000008000411c (0xc03271d3) x3  0x0000000000000000
core   0: 0x0000000080004120 (0x22be2053) fsgnjx.d ft0, ft8, fa1
core   0: 1 0x0000000080004120 (0x22be2053) f0  0x7fffffff00000000
core   0: 0x0000000080004124 (0xb35a8cb7) lui     s9, 0xb35a8
core   0: 1 0x0000000080004124 (0xb35a8cb7) x25 0xffffffffb35a8000
core   0: 0x0000000080004128 (0x00d69733) sll     a4, a3, a3
core   0: 1 0x0000000080004128 (0x00d69733) x14 0x0000000000320400
core   0: 0x000000008000412c (0x00d4fdb3) and     s11, s1, a3
core   0: 1 0x000000008000412c (0x00d4fdb3) x27 0x0000000000220400
core   0: 0x0000000080004130 (0x01d89913) slli    s2, a7, 29
core   0: 1 0x0000000080004130 (0x01d89913) x18 0xffffffffe0000000
core   0: 0x0000000080004134 (0x0017d41b) srliw   s0, a5, 1
core   0: 1 0x0000000080004134 (0x0017d41b) x8  0x0000000000000000
core   0: 0x0000000080004138 (0x2bc80c53) fmin.d  fs8, fa6, ft8
core   0: 1 0x0000000080004138 (0x2bc80c53) f24 0x7ff8000000000000
core   0: 0x000000008000413c (0xd02c7253) fcvt.s.l ft4, s8
core   0: 1 0x000000008000413c (0xd02c7253) f4  0xffffffff00000000
core   0: 0x0000000080004140 (0x032b3b33) mulhu   s6, s6, s2
core   0: 1 0x0000000080004140 (0x032b3b33) x22 0x0000000000000000
core   0: 0x0000000080004144 (0xc02df3d3) fcvt.l.s t2, fs11
core   0: 1 0x0000000080004144 (0xc02df3d3) c1_fflags 0x0000000000000010 x7  0x7fffffffffffffff
core   0: 0x0000000080004148 (0x40c45433) sra     s0, s0, a2
core   0: 1 0x0000000080004148 (0x40c45433) x8  0x0000000000000000
core   0: 0x000000008000414c (0x403109bb) subw    s3, sp, gp
core   0: 1 0x000000008000414c (0x403109bb) x19 0x0000000000000000
core   0: 0x0000000080004150 (0x025e7353) fadd.d  ft6, ft8, ft5
core   0: 1 0x0000000080004150 (0x025e7353) f6  0x7ff8000000000000
core   0: 0x0000000080004154 (0x5a06fed3) fsqrt.d ft9, fa3
core   0: 1 0x0000000080004154 (0x5a06fed3) f29 0x7ff8000000000000
core   0: 0x0000000080004158 (0xd2010653) fcvt.d.w fa2, sp
core   0: 1 0x0000000080004158 (0xd2010653) f12 0x0000000000000000
core   0: 0x000000008000415c (0x0009179b) slliw   a5, s2, 0
core   0: 1 0x000000008000415c (0x0009179b) x15 0xffffffffe0000000
core   0: 0x0000000080004160 (0x1b34f1d3) fdiv.d  ft3, fs1, fs3
core   0: 1 0x0000000080004160 (0x1b34f1d3) f3  0x7ff8000000000000
core   0: 0x0000000080004164 (0x00000001) c.nop
core   0: 1 0x0000000080004164 (0x0001)
core   0: 0x0000000080004166 (0x035d5533) divu    a0, s10, s5
core   0: 1 0x0000000080004166 (0x035d5533) x10 0xffffffffffffffff
core   0: 0x000000008000416a (0xc03a79d3) fcvt.lu.s s3, fs4
core   0: 1 0x000000008000416a (0xc03a79d3) c1_fflags 0x0000000000000010 x19 0xffffffffffffffff
core   0: 0x000000008000416e (0x00bafb33) and     s6, s5, a1
core   0: 1 0x000000008000416e (0x00bafb33) x22 0x0000000000000000
core   0: 0x0000000080004172 (0x0369613b) remw    sp, s2, s6
core   0: 1 0x0000000080004172 (0x0369613b) x2  0xffffffffe0000000
core   0: 0x0000000080004176 (0xc0266df3) csrrsi  s11, instret, 12
core   0: exception trap_illegal_instruction, epc 0x0000000080004176
core   0:           tval 0x00000000c0266df3
core   0: >>>>  $xrv64i2p1_m2p0_a2p1_f2p2_d2p2_zicsr2p0_zifencei2p0_zmmul1p0_zba1p0_zbb1p0_zbc1p0_zbs1p0
core   0: 0x0000000080004000 (0x0080006f) j       pc + 0x8
core   0: 3 0x0000000080004000 (0x0080006f)
core   0: >>>>  mmode_exception_handler
core   0: 0x0000000080004008 (0x00002c17) auipc   s8, 0x2
core   0: 3 0x0000000080004008 (0x00002c17) x24 0x0000000080006008
core   0: 0x000000008000400c (0x01ac0c13) addi    s8, s8, 26
core   0: 3 0x000000008000400c (0x01ac0c13) x24 0x0000000080006022
core   0: 0x0000000080004010 (0x000c00e7) jalr    s8
core   0: 3 0x0000000080004010 (0x000c00e7) x1  0x0000000080004014
core   0: >>>>  any_handler
core   0: 0x0000000080006022 (0x341027f3) csrrs   a5, mepc, zero
core   0: 3 0x0000000080006022 (0x341027f3) x15 0x0000000080004176
core   0: 0x0000000080006026 (0x34202773) csrrs   a4, mcause, zero
core   0: 3 0x0000000080006026 (0x34202773) x14 0x0000000000000002
core   0: 0x000000008000602a (0x142026f3) csrrs   a3, scause, zero
core   0: 3 0x000000008000602a (0x142026f3) x13 0x0000000000000000
core   0: 0x000000008000602e (0x30402673) csrrs   a2, mie, zero
core   0: 3 0x000000008000602e (0x30402673) x12 0x0000000000000a00
core   0: 0x0000000080006032 (0x344025f3) csrrs   a1, mip, zero
core   0: 3 0x0000000080006032 (0x344025f3) x11 0x0000000000000080
core   0: 0x0000000080006036 (0x343025f3) csrrs   a1, mtval, zero
core   0: 3 0x0000000080006036 (0x343025f3) x11 0x00000000c0266df3
core   0: 0x000000008000603a (0x14302573) csrrs   a0, stval, zero
core   0: 3 0x000000008000603a (0x14302573) x10 0x0000000000000000
core   0: 0x000000008000603e (0xb02024f3) csrrs   s1, minstret, zero
core   0: 3 0x000000008000603e (0xb02024f3) x9  0x000000000000081f
core   0: 0x0000000080006042 (0x0000a811) c.j     pc + 20
core   0: 3 0x0000000080006042 (0xa811)
core   0: >>>>  mepc_4
core   0: 0x0000000080006056 (0x00000791) c.addi  a5, 4
core   0: 3 0x0000000080006056 (0x0791) x15 0x000000008000417a
core   0: 0x0000000080006058 (0x34179073) csrrw   zero, mepc, a5
core   0: 3 0x0000000080006058 (0x34179073) c833_mepc 0x000000008000417a
core   0: 0x000000008000605c (0x30200073) mret
core   0: 3 0x000000008000605c (0x30200073) c768_mstatus 0x8000000a00106080
core   0: 0x000000008000417a (0x62c1f447) fmsub.d fs0, ft3, fa2, fa2
core   0: 1 0x000000008000417a (0x62c1f447) f8  0x7ff8000000000000
core   0: 0x000000008000417e (0xa2c48653) fle.d   a2, fs1, fa2
core   0: 1 0x000000008000417e (0xa2c48653) c1_fflags 0x0000000000000010 x12 0x0000000000000000
core   0: 0x0000000080004182 (0x00095a13) srli    s4, s2, 0
core   0: 1 0x0000000080004182 (0x00095a13) x20 0xffffffffe0000000
core   0: 0x0000000080004186 (0xd02c7753) fcvt.s.l fa4, s8
core   0: 1 0x0000000080004186 (0xd02c7753) c1_fflags 0x0000000000000011 f14 0xffffffff4f000060
core   0: 0x000000008000418a (0x42070f53) fcvt.d.s ft10, fa4
core   0: 1 0x000000008000418a (0x42070f53) f30 0x41e0000c00000000
core   0: 0x000000008000418e (0x00000001) c.nop
core   0: 1 0x000000008000418e (0x0001)
core   0: 0x0000000080004190 (0x1b9f7cd3) fdiv.d  fs9, ft10, fs9
core   0: 1 0x0000000080004190 (0x1b9f7cd3) f25 0x7ff8000000000000
core   0: 0x0000000080004194 (0xc23c70d3) fcvt.lu.d ra, fs8
core   0: 1 0x0000000080004194 (0xc23c70d3) c1_fflags 0x0000000000000011 x1  0xffffffffffffffff
core   0: 0x0000000080004198 (0x025552bb) divuw   t0, a0, t0
core   0: 1 0x0000000080004198 (0x025552bb) x5  0xffffffffffffffff
core   0: 0x000000008000419c (0x2b1c86d3) fmin.d  fa3, fs9, fa7
core   0: 1 0x000000008000419c (0x2b1c86d3) f13 0x7ff8000000000000
core   0: 0x00000000800041a0 (0xfffc0513) addi    a0, s8, -1
core   0: 1 0x00000000800041a0 (0xfffc0513) x10 0x0000000080006021
core   0: 0x00000000800041a4 (0xa2632ed3) feq.d   t4, ft6, ft6
core   0: 1 0x00000000800041a4 (0xa2632ed3) x29 0x0000000000000000
core   0: 0x00000000800041a8 (0x01f7511b) srliw   sp, a4, 31
core   0: 1 0x00000000800041a8 (0x01f7511b) x2  0x0000000000000000
core   0: 0x00000000800041ac (0x9a678793) addi    a5, a5, -1626
core   0: 1 0x00000000800041ac (0x9a678793) x15 0x0000000080003b20
core   0: 0x00000000800041b0 (0x00000001) c.nop
core   0: 1 0x00000000800041b0 (0x0001)
core   0: 0x00000000800041b2 (0xd2357853) fcvt.d.lu fa6, a0
core   0: 1 0x00000000800041b2 (0xd2357853) f16 0x41e0000c04200000
core   0: 0x00000000800041b6 (0xd0257453) fcvt.s.l fs0, a0
core   0: 1 0x00000000800041b6 (0xd0257453) c1_fflags 0x0000000000000011 f8  0xffffffff4f000060
core   0: 0x00000000800041ba (0x00dd1d1b) slliw   s10, s10, 13
core   0: 1 0x00000000800041ba (0x00dd1d1b) x26 0x0000000000000000
core   0: 0x00000000800041be (0x00219773) csrrw   a4, frm, gp
core   0: 1 0x00000000800041be (0x00219773) x14 0x0000000000000000 c2_frm 0x0000000000000000
core   0: 0x00000000800041c2 (0x0ff0000f) fence   iorw,iorw
core   0: 1 0x00000000800041c2 (0x0ff0000f)
core   0: 0x00000000800041c6 (0x02f767b3) rem     a5, a4, a5
core   0: 1 0x00000000800041c6 (0x02f767b3) x15 0x0000000000000000
core   0: 0x00000000800041ca (0x4060d4bb) sraw    s1, ra, t1
core   0: 1 0x00000000800041ca (0x4060d4bb) x9  0xffffffffffffffff
core   0: 0x00000000800041ce (0x53087543) fmadd.d fa0, fa6, fa6, fa0
core   0: 1 0x00000000800041ce (0x53087543) f10 0x7ff8000000000000
core   0: 0x00000000800041d2 (0x02847253) fadd.d  ft4, fs0, fs0
core   0: 1 0x00000000800041d2 (0x02847253) f4  0x7ff8000000000000
core   0: 0x00000000800041d6 (0x01fa189b) slliw   a7, s4, 31
core   0: 1 0x00000000800041d6 (0x01fa189b) x17 0x0000000000000000
core   0: 0x00000000800041da (0x03930d33) mul     s10, t1, s9
core   0: 1 0x00000000800041da (0x03930d33) x26 0x0000000000000000
core   0: 0x00000000800041de (0x52267b43) fmadd.d fs6, fa2, ft2, fa0
core   0: 1 0x00000000800041de (0x52267b43) f22 0x7ff8000000000000
core   0: 0x00000000800041e2 (0x40c4d51b) sraiw   a0, s1, 12
core   0: 1 0x00000000800041e2 (0x40c4d51b) x10 0xffffffffffffffff
core   0: 0x00000000800041e6 (0xc6738393) addi    t2, t2, -921
core   0: 1 0x00000000800041e6 (0xc6738393) x7  0x7ffffffffffffc66
core   0: 0x00000000800041ea (0x00000001) c.nop
core   0: 1 0x00000000800041ea (0x0001)
core   0: 0x00000000800041ec (0x0c238693) addi    a3, t2, 194
core   0: 1 0x00000000800041ec (0x0c238693) x13 0x7ffffffffffffd28
core   0: 0x00000000800041f0 (0x01b6c733) xor     a4, a3, s11
core   0: 1 0x00000000800041f0 (0x01b6c733) x14 0x7fffffffffddf928
core   0: 0x00000000800041f4 (0x1a4b75d3) fdiv.d  fa1, fs6, ft4
core   0: 1 0x00000000800041f4 (0x1a4b75d3) f11 0x7ff8000000000000
core   0: 0x00000000800041f8 (0x420703d3) fcvt.d.s ft7, fa4
core   0: 1 0x00000000800041f8 (0x420703d3) f7  0x41e0000c00000000
core   0: 0x00000000800041fc (0x2b218153) fmin.d  ft2, ft3, fs2
core   0: 1 0x00000000800041fc (0x2b218153) f2  0x7ff8000000000000
core   0: 0x0000000080004200 (0x00000001) c.nop
core   0: 1 0x0000000080004200 (0x0001)
core   0: 0x0000000080004202 (0x222900d3) fsgnj.d ft1, fs2, ft2
core   0: 1 0x0000000080004202 (0x222900d3) f1  0x7fffffff00000000
core   0: 0x0000000080004206 (0x00f8d1bb) srlw    gp, a7, a5
core   0: 1 0x0000000080004206 (0x00f8d1bb) x3  0x0000000000000000
core   0: 0x000000008000420a (0x0031ab33) slt     s6, gp, gp
core   0: 1 0x000000008000420a (0x0031ab33) x22 0x0000000000000000
core   0: 0x000000008000420e (0xe289f34b) fnmsub.d ft6, fs3, fs0, ft8
core   0: 1 0x000000008000420e (0xe289f34b) f6  0x7ff8000000000000
core   0: 0x0000000080004212 (0x0ff0000f) fence   iorw,iorw
core   0: 1 0x0000000080004212 (0x0ff0000f)
core   0: 0x0000000080004216 (0xd22aff53) fcvt.d.l ft10, s5
core   0: 1 0x0000000080004216 (0xd22aff53) f30 0x0000000000000000
core   0: 0x000000008000421a (0x93c2a617) auipc   a2, 0x93c2a
core   0: 1 0x000000008000421a (0x93c2a617) x12 0x0000000013c2e21a
core   0: 0x000000008000421e (0x0ff0000f) fence   iorw,iorw
core   0: 1 0x000000008000421e (0x0ff0000f)
core   0: 0x0000000080004222 (0xd21a87d3) fcvt.d.wu fa5, s5
core   0: 1 0x0000000080004222 (0xd21a87d3) f15 0x0000000000000000
core   0: 0x0000000080004226 (0x025ee733) rem     a4, t4, t0
core   0: 1 0x0000000080004226 (0x025ee733) x14 0x0000000000000000
core   0: 0x000000008000422a (0xe24c3017) auipc   zero, 0xe24c3
core   0: 1 0x000000008000422a (0xe24c3017)
core   0: 0x000000008000422e (0x1420fcf3) csrrci  s9, scause, 1
core   0: 1 0x000000008000422e (0x1420fcf3) x25 0x0000000000000000 c322_scause 0x0000000000000000
core   0: 0x0000000080004232 (0xc86cc093) xori    ra, s9, -890
core   0: 1 0x0000000080004232 (0xc86cc093) x1  0xfffffffffffffc86
core   0: 0x0000000080004236 (0x3033e473) csrrsi  s0, mideleg, 7
core   0: exception trap_illegal_instruction, epc 0x0000000080004236
core   0:           tval 0x000000003033e473
core   0: >>>>  $xrv64i2p1_m2p0_a2p1_f2p2_d2p2_zicsr2p0_zifencei2p0_zmmul1p0_zba1p0_zbb1p0_zbc1p0_zbs1p0
core   0: 0x0000000080004000 (0x0080006f) j       pc + 0x8
core   0: 3 0x0000000080004000 (0x0080006f)
core   0: >>>>  mmode_exception_handler
core   0: 0x0000000080004008 (0x00002c17) auipc   s8, 0x2
core   0: 3 0x0000000080004008 (0x00002c17) x24 0x0000000080006008
core   0: 0x000000008000400c (0x01ac0c13) addi    s8, s8, 26
core   0: 3 0x000000008000400c (0x01ac0c13) x24 0x0000000080006022
core   0: 0x0000000080004010 (0x000c00e7) jalr    s8
core   0: 3 0x0000000080004010 (0x000c00e7) x1  0x0000000080004014
core   0: >>>>  any_handler
core   0: 0x0000000080006022 (0x341027f3) csrrs   a5, mepc, zero
core   0: 3 0x0000000080006022 (0x341027f3) x15 0x0000000080004236
core   0: 0x0000000080006026 (0x34202773) csrrs   a4, mcause, zero
core   0: 3 0x0000000080006026 (0x34202773) x14 0x0000000000000002
core   0: 0x000000008000602a (0x142026f3) csrrs   a3, scause, zero
core   0: 3 0x000000008000602a (0x142026f3) x13 0x0000000000000000
core   0: 0x000000008000602e (0x30402673) csrrs   a2, mie, zero
core   0: 3 0x000000008000602e (0x30402673) x12 0x0000000000000a00
core   0: 0x0000000080006032 (0x344025f3) csrrs   a1, mip, zero
core   0: 3 0x0000000080006032 (0x344025f3) x11 0x0000000000000080
core   0: 0x0000000080006036 (0x343025f3) csrrs   a1, mtval, zero
core   0: 3 0x0000000080006036 (0x343025f3) x11 0x000000003033e473
core   0: 0x000000008000603a (0x14302573) csrrs   a0, stval, zero
core   0: 3 0x000000008000603a (0x14302573) x10 0x0000000000000000
core   0: 0x000000008000603e (0xb02024f3) csrrs   s1, minstret, zero
core   0: 3 0x000000008000603e (0xb02024f3) x9  0x0000000000000860
core   0: 0x0000000080006042 (0x0000a811) c.j     pc + 20
core   0: 3 0x0000000080006042 (0xa811)
core   0: >>>>  mepc_4
core   0: 0x0000000080006056 (0x00000791) c.addi  a5, 4
core   0: 3 0x0000000080006056 (0x0791) x15 0x000000008000423a
core   0: 0x0000000080006058 (0x34179073) csrrw   zero, mepc, a5
core   0: 3 0x0000000080006058 (0x34179073) c833_mepc 0x000000008000423a
core   0: 0x000000008000605c (0x30200073) mret
core   0: 3 0x000000008000605c (0x30200073) c768_mstatus 0x8000000a00106080
core   0: 0x000000008000423a (0xc22373d3) fcvt.l.d t2, ft6
core   0: 1 0x000000008000423a (0xc22373d3) c1_fflags 0x0000000000000011 x7  0x7fffffffffffffff
core   0: 0x000000008000423e (0x1b07f853) fdiv.d  fa6, fa5, fa6
core   0: 1 0x000000008000423e (0x1b07f853) f16 0x0000000000000000
core   0: 0x0000000080004242 (0xa2ff09d3) fle.d   s3, ft10, fa5
core   0: 1 0x0000000080004242 (0xa2ff09d3) x19 0x0000000000000001
core   0: 0x0000000080004246 (0xfff48c93) addi    s9, s1, -1
core   0: 1 0x0000000080004246 (0xfff48c93) x25 0x000000000000085f
core   0: 0x000000008000424a (0x00000001) c.nop
core   0: 1 0x000000008000424a (0x0001)
core   0: 0x000000008000424c (0x23b10d53) fsgnj.d fs10, ft2, fs11
core   0: 1 0x000000008000424c (0x23b10d53) f26 0x7ff8000000000000
core   0: 0x0000000080004250 (0xd21e8053) fcvt.d.wu ft0, t4
core   0: 1 0x0000000080004250 (0xd21e8053) f0  0x0000000000000000
core   0: 0x0000000080004254 (0xc02dfed3) fcvt.l.s t4, fs11
core   0: 1 0x0000000080004254 (0xc02dfed3) c1_fflags 0x0000000000000011 x29 0x7fffffffffffffff
core   0: 0x0000000080004258 (0x02e216b3) mulh    a3, tp, a4
core   0: 1 0x0000000080004258 (0x02e216b3) x13 0x0000000000000000
core   0: 0x000000008000425c (0xfc7af8b7) lui     a7, 0xfc7af
core   0: 1 0x000000008000425c (0xfc7af8b7) x17 0xfffffffffc7af000
core   0: 0x0000000080004260 (0xde78889b) addiw   a7, a7, -537
core   0: 1 0x0000000080004260 (0xde78889b) x17 0xfffffffffc7aede7
core   0: 0x0000000080004264 (0x000008b2) c.slli  a7, 12
core   0: 1 0x0000000080004264 (0x08b2) x17 0xffffffc7aede7000
core   0: 0x0000000080004266 (0xb2088893) addi    a7, a7, -1248
core   0: 1 0x0000000080004266 (0xb2088893) x17 0xffffffc7aede6b20
core   0: 0x000000008000426a (0x3a79f1c3) fmadd.d ft3, fs3, ft7, ft7
core   0: 1 0x000000008000426a (0x3a79f1c3) f3  0x7ff8000000000000
core   0: 0x000000008000426e (0x2a919c53) fmax.d  fs8, ft3, fs1
core   0: 1 0x000000008000426e (0x2a919c53) f24 0x7ff8000000000000
core   0: 0x0000000080004272 (0x000c5b9b) srliw   s7, s8, 0
core   0: 1 0x0000000080004272 (0x000c5b9b) x23 0xffffffff80006022
core   0: 0x0000000080004276 (0x00c3521b) srliw   tp, t1, 12
core   0: 1 0x0000000080004276 (0x00c3521b) x4  0x0000000000000000
core   0: 0x000000008000427a (0x009e99b3) sll     s3, t4, s1
core   0: 1 0x000000008000427a (0x009e99b3) x19 0xffffffff00000000
core   0: 0x000000008000427e (0xc23377d3) fcvt.lu.d a5, ft6
core   0: 1 0x000000008000427e (0xc23377d3) c1_fflags 0x0000000000000011 x15 0xffffffffffffffff
core   0: 0x0000000080004282 (0x02e2843b) mulw    s0, t0, a4
core   0: 1 0x0000000080004282 (0x02e2843b) x8  0xfffffffffffffffe
core   0: 0x0000000080004286 (0x765a021b) addiw   tp, s4, 1893
core   0: 1 0x0000000080004286 (0x765a021b) x4  0xffffffffe0000765
core   0: 0x000000008000428a (0xd20e8ad3) fcvt.d.w fs5, t4
core   0: 1 0x000000008000428a (0xd20e8ad3) f21 0xbff0000000000000
core   0: 0x000000008000428e (0x5a01f453) fsqrt.d fs0, ft3
core   0: 1 0x000000008000428e (0x5a01f453) f8  0x7ff8000000000000
core   0: 0x0000000080004292 (0x01034833) xor     a6, t1, a6
core   0: 1 0x0000000080004292 (0x01034833) x16 0x0000000000000000
core   0: 0x0000000080004296 (0x00635933) srl     s2, t1, t1
core   0: 1 0x0000000080004296 (0x00635933) x18 0x0000000000000000
core   0: 0x000000008000429a (0x011ede9b) srliw   t4, t4, 17
core   0: 1 0x000000008000429a (0x011ede9b) x29 0x0000000000007fff
core   0: 0x000000008000429e (0x0087933b) sllw    t1, a5, s0
core   0: 1 0x000000008000429e (0x0087933b) x6  0xffffffffc0000000
core   0: 0x00000000800042a2 (0x40e30cb3) sub     s9, t1, a4
core   0: 1 0x00000000800042a2 (0x40e30cb3) x25 0xffffffffbffffffe
core   0: 0x00000000800042a6 (0x01f2119b) slliw   gp, tp, 31
core   0: 1 0x00000000800042a6 (0x01f2119b) x3  0xffffffff80000000
core   0: 0x00000000800042aa (0x6351f5cb) fnmsub.d fa1, ft3, fs5, fa2
core   0: 1 0x00000000800042aa (0x6351f5cb) f11 0x7ff8000000000000
core   0: 0x00000000800042ae (0x13877ad3) fmul.d  fs5, fa4, fs8
core   0: 1 0x00000000800042ae (0x13877ad3) f21 0x7ff8000000000000
core   0: 0x00000000800042b2 (0xd035f353) fcvt.s.lu ft6, a1
core   0: 1 0x00000000800042b2 (0xd035f353) c1_fflags 0x0000000000000011 f6  0xffffffff4e40cf92
core   0: 0x00000000800042b6 (0x23541ed3) fsgnjn.d ft9, fs0, fs5
core   0: 1 0x00000000800042b6 (0x23541ed3) f29 0xfff8000000000000
core   0: 0x00000000800042ba (0x00000001) c.nop
core   0: 1 0x00000000800042ba (0x0001)
core   0: 0x00000000800042bc (0x40fed51b) sraiw   a0, t4, 15
core   0: 1 0x00000000800042bc (0x40fed51b) x10 0x0000000000000000
core   0: 0x00000000800042c0 (0xd0227dd3) fcvt.s.l fs11, tp
core   0: 1 0x00000000800042c0 (0xd0227dd3) c1_fflags 0x0000000000000011 f27 0xffffffffcdffffc5
core   0: 0x00000000800042c4 (0x0215dbb3) divu    s7, a1, ra
core   0: 1 0x00000000800042c4 (0x0215dbb3) x23 0x0000000000000000
core   0: 0x00000000800042c8 (0xd025f7d3) fcvt.s.l fa5, a1
core   0: 1 0x00000000800042c8 (0xd025f7d3) c1_fflags 0x0000000000000011 f15 0xffffffff4e40cf92
core   0: 0x00000000800042cc (0x03e9ff53) fadd.d  ft10, fs3, ft10
core   0: 1 0x00000000800042cc (0x03e9ff53) f30 0x7ff8000000000000
core   0: 0x00000000800042d0 (0x0178c1b3) xor     gp, a7, s7
core   0: 1 0x00000000800042d0 (0x0178c1b3) x3  0xffffffc7aede6b20
core   0: 0x00000000800042d4 (0x0261e63b) remw    a2, gp, t1
core   0: 1 0x00000000800042d4 (0x0261e63b) x12 0xffffffffeede6b20
core   0: 0x00000000800042d8 (0x0094e6b3) or      a3, s1, s1
core   0: 1 0x00000000800042d8 (0x0094e6b3) x13 0x0000000000000860
core   0: 0x00000000800042dc (0x02d6e13b) remw    sp, a3, a3
core   0: 1 0x00000000800042dc (0x02d6e13b) x2  0x0000000000000000
core   0: 0x00000000800042e0 (0x14a76393) ori     t2, a4, 330
core   0: 1 0x00000000800042e0 (0x14a76393) x7  0x000000000000014a
core   0: 0x00000000800042e4 (0x1046edf3) csrrsi  s11, sie, 13
core   0: 1 0x00000000800042e4 (0x1046edf3) x27 0x0000000000000000 c772_mie 0x0000000000000a00
core   0: 0x00000000800042e8 (0x2be9fd4f) fnmadd.d fs10, fs3, ft10, ft5
core   0: 1 0x00000000800042e8 (0x2be9fd4f) f26 0x7ff8000000000000
core   0: 0x00000000800042ec (0x41700b33) sub     s6, zero, s7
core   0: 1 0x00000000800042ec (0x41700b33) x22 0x0000000000000000
core   0: 0x00000000800042f0 (0xe20200d3) fmv.x.d ra, ft4
core   0: 1 0x00000000800042f0 (0xe20200d3) x1  0x7ff8000000000000
core   0: 0x00000000800042f4 (0x01d2f2b3) and     t0, t0, t4
core   0: 1 0x00000000800042f4 (0x01d2f2b3) x5  0x0000000000007fff
core   0: 0x00000000800042f8 (0xbc544b93) xori    s7, s0, -1083
core   0: 1 0x00000000800042f8 (0xbc544b93) x23 0x000000000000043b
core   0: 0x00000000800042fc (0x0087133b) sllw    t1, a4, s0
core   0: 1 0x00000000800042fc (0x0087133b) x6  0xffffffff80000000
core   0: 0x0000000080004300 (0x036d4db3) div     s11, s10, s6
core   0: 1 0x0000000080004300 (0x036d4db3) x27 0xffffffffffffffff
core   0: 0x0000000080004304 (0xb8299a73) csrrw   s4, minstreth, s3
core   0: exception trap_illegal_instruction, epc 0x0000000080004304
core   0:           tval 0x00000000b8299a73
core   0: >>>>  $xrv64i2p1_m2p0_a2p1_f2p2_d2p2_zicsr2p0_zifencei2p0_zmmul1p0_zba1p0_zbb1p0_zbc1p0_zbs1p0
core   0: 0x0000000080004000 (0x0080006f) j       pc + 0x8
core   0: 3 0x0000000080004000 (0x0080006f)
core   0: >>>>  mmode_exception_handler
core   0: 0x0000000080004008 (0x00002c17) auipc   s8, 0x2
core   0: 3 0x0000000080004008 (0x00002c17) x24 0x0000000080006008
core   0: 0x000000008000400c (0x01ac0c13) addi    s8, s8, 26
core   0: 3 0x000000008000400c (0x01ac0c13) x24 0x0000000080006022
core   0: 0x0000000080004010 (0x000c00e7) jalr    s8
core   0: 3 0x0000000080004010 (0x000c00e7) x1  0x0000000080004014
core   0: >>>>  any_handler
core   0: 0x0000000080006022 (0x341027f3) csrrs   a5, mepc, zero
core   0: 3 0x0000000080006022 (0x341027f3) x15 0x0000000080004304
core   0: 0x0000000080006026 (0x34202773) csrrs   a4, mcause, zero
core   0: 3 0x0000000080006026 (0x34202773) x14 0x0000000000000002
core   0: 0x000000008000602a (0x142026f3) csrrs   a3, scause, zero
core   0: 3 0x000000008000602a (0x142026f3) x13 0x0000000000000000
core   0: 0x000000008000602e (0x30402673) csrrs   a2, mie, zero
core   0: 3 0x000000008000602e (0x30402673) x12 0x0000000000000a00
core   0: 0x0000000080006032 (0x344025f3) csrrs   a1, mip, zero
core   0: 3 0x0000000080006032 (0x344025f3) x11 0x0000000000000080
core   0: 0x0000000080006036 (0x343025f3) csrrs   a1, mtval, zero
core   0: 3 0x0000000080006036 (0x343025f3) x11 0x00000000b8299a73
core   0: 0x000000008000603a (0x14302573) csrrs   a0, stval, zero
core   0: 3 0x000000008000603a (0x14302573) x10 0x0000000000000000
core   0: 0x000000008000603e (0xb02024f3) csrrs   s1, minstret, zero
core   0: 3 0x000000008000603e (0xb02024f3) x9  0x00000000000008a4
core   0: 0x0000000080006042 (0x0000a811) c.j     pc + 20
core   0: 3 0x0000000080006042 (0xa811)
core   0: >>>>  mepc_4
core   0: 0x0000000080006056 (0x00000791) c.addi  a5, 4
core   0: 3 0x0000000080006056 (0x0791) x15 0x0000000080004308
core   0: 0x0000000080006058 (0x34179073) csrrw   zero, mepc, a5
core   0: 3 0x0000000080006058 (0x34179073) c833_mepc 0x0000000080004308
core   0: 0x000000008000605c (0x30200073) mret
core   0: 3 0x000000008000605c (0x30200073) c768_mstatus 0x8000000a00106080
core   0: 0x0000000080004308 (0xf2088dd3) fmv.d.x fs11, a7
core   0: 1 0x0000000080004308 (0xf2088dd3) f27 0xffffffc7aede6b20
core   0: 0x000000008000430c (0x02977e53) fadd.d  ft8, fa4, fs1
core   0: 1 0x000000008000430c (0x02977e53) f28 0x7ff8000000000000
core   0: 0x0000000080004310 (0x0118f1b3) and     gp, a7, a7
core   0: 1 0x0000000080004310 (0x0118f1b3) x3  0xffffffc7aede6b20
core   0: 0x0000000080004314 (0x9b84f0cf) fnmadd.d ft1, fs1, fs8, fs3
core   0: 1 0x0000000080004314 (0x9b84f0cf) f1  0x7ff8000000000000
core   0: 0x0000000080004318 (0x0031d033) srl     zero, gp, gp
core   0: 1 0x0000000080004318 (0x0031d033)
core   0: 0x000000008000431c (0x0087e2b3) or      t0, a5, s0
core   0: 1 0x000000008000431c (0x0087e2b3) x5  0xfffffffffffffffe
core   0: 0x0000000080004320 (0x0052993b) sllw    s2, t0, t0
core   0: 1 0x0000000080004320 (0x0052993b) x18 0xffffffff80000000
core   0: 0x0000000080004324 (0xc02c7253) fcvt.l.s tp, fs8
core   0: 1 0x0000000080004324 (0xc02c7253) c1_fflags 0x0000000000000011 x4  0x7fffffffffffffff
core   0: 0x0000000080004328 (0x0b80fb53) fsub.d  fs6, ft1, fs8
core   0: 1 0x0000000080004328 (0x0b80fb53) f22 0x7ff8000000000000
core   0: 0x000000008000432c (0x438efec3) fmadd.d ft9, ft9, fs8, fs0
core   0: 1 0x000000008000432c (0x438efec3) f29 0x7ff8000000000000
core   0: 0x0000000080004330 (0x00102bf3) csrrs   s7, fflags, zero
core   0: 1 0x0000000080004330 (0x00102bf3) x23 0x0000000000000011
core   0: 0x0000000080004334 (0x23642753) fsgnjx.d fa4, fs0, fs6
core   0: 1 0x0000000080004334 (0x23642753) f14 0x7ff8000000000000
core   0: 0x0000000080004338 (0xe20880d3) fmv.x.d ra, fa7
core   0: 1 0x0000000080004338 (0xe20880d3) x1  0xffffffff00000000
core   0: 0x000000008000433c (0xd02afad3) fcvt.s.l fs5, s5
core   0: 1 0x000000008000433c (0xd02afad3) f21 0xffffffff00000000
core   0: 0x0000000080004340 (0x141333f3) csrrc   t2, sepc, t1
core   0: 1 0x0000000080004340 (0x141333f3) x7  0x0000000000000000 c321_sepc 0x0000000000000000
core   0: 0x0000000080004344 (0x737d7d43) fmadd.d fs10, fs10, fs7, fa4
core   0: 1 0x0000000080004344 (0x737d7d43) f26 0x7ff8000000000000
core   0: 0x0000000080004348 (0x83ef7dc7) fmsub.d fs11, ft10, ft10, fa6
core   0: 1 0x0000000080004348 (0x83ef7dc7) f27 0x7ff8000000000000
core   0: 0x000000008000434c (0x0ff0000f) fence   iorw,iorw
core   0: 1 0x000000008000434c (0x0ff0000f)
core   0: 0x0000000080004350 (0x400b5e9b) sraiw   t4, s6, 0
core   0: 1 0x0000000080004350 (0x400b5e9b) x29 0x0000000000000000
core   0: 0x0000000080004354 (0x82ab2337) lui     t1, 0x82ab2
core   0: 1 0x0000000080004354 (0x82ab2337) x6  0xffffffff82ab2000
core   0: 0x0000000080004358 (0x0031a5b3) slt     a1, gp, gp
core   0: 1 0x0000000080004358 (0x0031a5b3) x11 0x0000000000000000
core   0: 0x000000008000435c (0xc21efa53) fcvt.wu.d s4, ft9
core   0: 1 0x000000008000435c (0xc21efa53) c1_fflags 0x0000000000000011 x20 0xffffffffffffffff
core   0: 0x0000000080004360 (0xc03f7853) fcvt.lu.s a6, ft10
core   0: 1 0x0000000080004360 (0xc03f7853) c1_fflags 0x0000000000000011 x16 0xffffffffffffffff
core   0: 0x0000000080004364 (0x0304703b) remuw   zero, s0, a6
core   0: 1 0x0000000080004364 (0x0304703b)
core   0: 0x0000000080004368 (0xc20cfd53) fcvt.w.d s10, fs9
core   0: 1 0x0000000080004368 (0xc20cfd53) c1_fflags 0x0000000000000011 x26 0x000000007fffffff
core   0: 0x000000008000436c (0x010adabb) srlw    s5, s5, a6
core   0: 1 0x000000008000436c (0x010adabb) x21 0x0000000000000000
core   0: 0x0000000080004370 (0x9281f74f) fnmadd.d fa4, ft3, fs0, fs2
core   0: 1 0x0000000080004370 (0x9281f74f) f14 0x7ff8000000000000
core   0: 0x0000000080004374 (0x01c76033) or      zero, a4, t3
core   0: 1 0x0000000080004374 (0x01c76033)
core   0: 0x0000000080004378 (0xd03bf0d3) fcvt.s.lu ft1, s7
core   0: 1 0x0000000080004378 (0xd03bf0d3) f1  0xffffffff41880000
core   0: 0x000000008000437c (0x001c99f3) csrrw   s3, fflags, s9
core   0: 1 0x000000008000437c (0x001c99f3) x19 0x0000000000000011 c1_fflags 0x000000000000001e
core   0: 0x0000000080004380 (0x239facd3) fsgnjx.d fs9, ft11, fs9
core   0: 1 0x0000000080004380 (0x239facd3) f25 0xffffffff00000000
core   0: 0x0000000080004384 (0x02b764b3) rem     s1, a4, a1
core   0: 1 0x0000000080004384 (0x02b764b3) x9  0x0000000000000002
core   0: 0x0000000080004388 (0xc21f79d3) fcvt.wu.d s3, ft10
core   0: 1 0x0000000080004388 (0xc21f79d3) c1_fflags 0x000000000000001e x19 0xffffffffffffffff
core   0: 0x000000008000438c (0x01d9823b) addw    tp, s3, t4
core   0: 1 0x000000008000438c (0x01d9823b) x4  0xffffffffffffffff
core   0: 0x0000000080004390 (0x1b9e7d53) fdiv.d  fs10, ft8, fs9
core   0: 1 0x0000000080004390 (0x1b9e7d53) f26 0x7ff8000000000000
core   0: 0x0000000080004394 (0x002d19b3) sll     s3, s10, sp
core   0: 1 0x0000000080004394 (0x002d19b3) x19 0x000000007fffffff
core   0: 0x0000000080004398 (0xd383f6c7) fmsub.d fa3, ft7, fs8, fs10
core   0: 1 0x0000000080004398 (0xd383f6c7) f13 0x7ff8000000000000
core   0: 0x000000008000439c (0x000c9e93) slli    t4, s9, 0
core   0: 1 0x000000008000439c (0x000c9e93) x29 0xffffffffbffffffe
core   0: 0x00000000800043a0 (0x23269353) fsgnjn.d ft6, fa3, fs2
core   0: 1 0x00000000800043a0 (0x23269353) f6  0x7ff8000000000000
core   0: 0x00000000800043a4 (0x03bdd2bb) divuw   t0, s11, s11
core   0: 1 0x00000000800043a4 (0x03bdd2bb) x5  0x0000000000000001
core   0: 0x00000000800043a8 (0xc223fad3) fcvt.l.d s5, ft7
core   0: 1 0x00000000800043a8 (0xc223fad3) x21 0x0000000080006000
core   0: 0x00000000800043ac (0xa51e6b93) ori     s7, t3, -1455
core   0: 1 0x00000000800043ac (0xa51e6b93) x23 0xfffffffffffffb55
core   0: 0x00000000800043b0 (0x00161b1b) slliw   s6, a2, 1
core   0: 1 0x00000000800043b0 (0x00161b1b) x22 0x0000000000001400
core   0: 0x00000000800043b4 (0x02c2423b) divw    tp, tp, a2
core   0: 1 0x00000000800043b4 (0x02c2423b) x4  0x0000000000000000
core   0: 0x00000000800043b8 (0xc8f60713) addi    a4, a2, -881
core   0: 1 0x00000000800043b8 (0xc8f60713) x14 0x000000000000068f
core   0: 0x00000000800043bc (0x00ea989b) slliw   a7, s5, 14
core   0: 1 0x00000000800043bc (0x00ea989b) x17 0x0000000018000000
core   0: 0x00000000800043c0 (0x414bd53b) sraw    a0, s7, s4
core   0: 1 0x00000000800043c0 (0x414bd53b) x10 0xffffffffffffffff
core   0: 0x00000000800043c4 (0x417e8ebb) subw    t4, t4, s7
core   0: 1 0x00000000800043c4 (0x417e8ebb) x29 0xffffffffc00004a9
core   0: 0x00000000800043c8 (0x1418e5f3) csrrsi  a1, sepc, 17
core   0: 1 0x00000000800043c8 (0x1418e5f3) x11 0x0000000000000000 c321_sepc 0x0000000000000010
core   0: 0x00000000800043cc (0x01d2c033) xor     zero, t0, t4
core   0: 1 0x00000000800043cc (0x01d2c033)
core   0: 0x00000000800043d0 (0x024197b3) mulh    a5, gp, tp
core   0: 1 0x00000000800043d0 (0x024197b3) x15 0x0000000000000000
core   0: 0x00000000800043d4 (0x406d02bb) subw    t0, s10, t1
core   0: 1 0x00000000800043d4 (0x406d02bb) x5  0xfffffffffd54dfff
core   0: 0x00000000800043d8 (0xe2090d53) fmv.x.d s10, fs2
core   0: 1 0x00000000800043d8 (0xe2090d53) x26 0xffffffff00000000
core   0: 0x00000000800043dc (0x00000001) c.nop
core   0: 1 0x00000000800043dc (0x0001)
core   0: 0x00000000800043de (0xcfd56913) ori     s2, a0, -771
core   0: 1 0x00000000800043de (0xcfd56913) x18 0xffffffffffffffff
core   0: 0x00000000800043e2 (0x0137d7b3) srl     a5, a5, s3
core   0: 1 0x00000000800043e2 (0x0137d7b3) x15 0x0000000000000000
core   0: 0x00000000800043e6 (0x00000001) c.nop
core   0: 1 0x00000000800043e6 (0x0001)
core   0: 0x00000000800043e8 (0x23b31dd3) fsgnjn.d fs11, ft6, fs11
core   0: 1 0x00000000800043e8 (0x23b31dd3) f27 0xfff8000000000000
core   0: 0x00000000800043ec (0xb822f6f3) csrrci  a3, minstreth, 5
core   0: exception trap_illegal_instruction, epc 0x00000000800043ec
core   0:           tval 0x00000000b822f6f3
core   0: >>>>  $xrv64i2p1_m2p0_a2p1_f2p2_d2p2_zicsr2p0_zifencei2p0_zmmul1p0_zba1p0_zbb1p0_zbc1p0_zbs1p0
core   0: 0x0000000080004000 (0x0080006f) j       pc + 0x8
core   0: 3 0x0000000080004000 (0x0080006f)
core   0: >>>>  mmode_exception_handler
core   0: 0x0000000080004008 (0x00002c17) auipc   s8, 0x2
core   0: 3 0x0000000080004008 (0x00002c17) x24 0x0000000080006008
core   0: 0x000000008000400c (0x01ac0c13) addi    s8, s8, 26
core   0: 3 0x000000008000400c (0x01ac0c13) x24 0x0000000080006022
core   0: 0x0000000080004010 (0x000c00e7) jalr    s8
core   0: 3 0x0000000080004010 (0x000c00e7) x1  0x0000000080004014
core   0: >>>>  any_handler
core   0: 0x0000000080006022 (0x341027f3) csrrs   a5, mepc, zero
core   0: 3 0x0000000080006022 (0x341027f3) x15 0x00000000800043ec
core   0: 0x0000000080006026 (0x34202773) csrrs   a4, mcause, zero
core   0: 3 0x0000000080006026 (0x34202773) x14 0x0000000000000002
core   0: 0x000000008000602a (0x142026f3) csrrs   a3, scause, zero
core   0: 3 0x000000008000602a (0x142026f3) x13 0x0000000000000000
core   0: 0x000000008000602e (0x30402673) csrrs   a2, mie, zero
core   0: 3 0x000000008000602e (0x30402673) x12 0x0000000000000a00
core   0: 0x0000000080006032 (0x344025f3) csrrs   a1, mip, zero
core   0: 3 0x0000000080006032 (0x344025f3) x11 0x0000000000000080
core   0: 0x0000000080006036 (0x343025f3) csrrs   a1, mtval, zero
core   0: 3 0x0000000080006036 (0x343025f3) x11 0x00000000b822f6f3
core   0: 0x000000008000603a (0x14302573) csrrs   a0, stval, zero
core   0: 3 0x000000008000603a (0x14302573) x10 0x0000000000000000
core   0: 0x000000008000603e (0xb02024f3) csrrs   s1, minstret, zero
core   0: 3 0x000000008000603e (0xb02024f3) x9  0x00000000000008ee
core   0: 0x0000000080006042 (0x0000a811) c.j     pc + 20
core   0: 3 0x0000000080006042 (0xa811)
core   0: >>>>  mepc_4
core   0: 0x0000000080006056 (0x00000791) c.addi  a5, 4
core   0: 3 0x0000000080006056 (0x0791) x15 0x00000000800043f0
core   0: 0x0000000080006058 (0x34179073) csrrw   zero, mepc, a5
core   0: 3 0x0000000080006058 (0x34179073) c833_mepc 0x00000000800043f0
core   0: 0x000000008000605c (0x30200073) mret
core   0: 3 0x000000008000605c (0x30200073) c768_mstatus 0x8000000a00106080
core   0: 0x00000000800043f0 (0x01c2103b) sllw    zero, tp, t3
core   0: 1 0x00000000800043f0 (0x01c2103b)
core   0: 0x00000000800043f4 (0x420b0053) fcvt.d.s ft0, fs6
core   0: 1 0x00000000800043f4 (0x420b0053) f0  0x7ff8000000000000
core   0: 0x00000000800043f8 (0x00000001) c.nop
core   0: 1 0x00000000800043f8 (0x0001)
core   0: 0x00000000800043fa (0x4ce00c9b) addiw   s9, zero, 1230
core   0: 1 0x00000000800043fa (0x4ce00c9b) x25 0x00000000000004ce
core   0: 0x00000000800043fe (0x420686d3) fcvt.d.s fa3, fa3
core   0: 1 0x00000000800043fe (0x420686d3) f13 0x7ff8000000000000
core   0: 0x0000000080004402 (0x02cdfdb3) remu    s11, s11, a2
core   0: 1 0x0000000080004402 (0x02cdfdb3) x27 0x00000000000005ff
core   0: 0x0000000080004406 (0x11bd8e1b) addiw   t3, s11, 283
core   0: 1 0x0000000080004406 (0x11bd8e1b) x28 0x000000000000071a
core   0: 0x000000008000440a (0x0168f2b7) lui     t0, 0x168f
core   0: 1 0x000000008000440a (0x0168f2b7) x5  0x000000000168f000
core   0: 0x000000008000440e (0xa872829b) addiw   t0, t0, -1401
core   0: 1 0x000000008000440e (0xa872829b) x5  0x000000000168ea87
core   0: 0x0000000080004412 (0x000002ba) c.slli  t0, 14
core   0: 1 0x0000000080004412 (0x02ba) x5  0x0000005a3aa1c000
core   0: 0x0000000080004414 (0xbba28293) addi    t0, t0, -1094
core   0: 1 0x0000000080004414 (0xbba28293) x5  0x0000005a3aa1bbba
core   0: 0x0000000080004418 (0x00a9d49b) srliw   s1, s3, 10
core   0: 1 0x0000000080004418 (0x00a9d49b) x9  0x00000000001fffff
core   0: 0x000000008000441c (0x42068cd3) fcvt.d.s fs9, fa3
core   0: 1 0x000000008000441c (0x42068cd3) f25 0x7ff8000000000000
core   0: 0x0000000080004420 (0x231890d3) fsgnjn.d ft1, fa7, fa7
core   0: 1 0x0000000080004420 (0x231890d3) f1  0x7fffffff00000000
core   0: 0x0000000080004424 (0xc210f453) fcvt.wu.d s0, ft1
core   0: 1 0x0000000080004424 (0xc210f453) c1_fflags 0x000000000000001e x8  0xffffffffffffffff
core   0: 0x0000000080004428 (0xd2048f53) fcvt.d.w ft10, s1
core   0: 1 0x0000000080004428 (0xd2048f53) f30 0x413fffff00000000
core   0: 0x000000008000442c (0x00130293) addi    t0, t1, 1
core   0: 1 0x000000008000442c (0x00130293) x5  0xffffffff82ab2001
core   0: 0x0000000080004430 (0x8004c513) xori    a0, s1, -2048
core   0: 1 0x0000000080004430 (0x8004c513) x10 0xffffffffffe007ff
core   0: 0x0000000080004434 (0x22718b1b) addiw   s6, gp, 551
core   0: 1 0x0000000080004434 (0x22718b1b) x22 0xffffffffaede6d47
core   0: 0x0000000080004438 (0x0086c2b7) lui     t0, 0x86c
core   0: 1 0x0000000080004438 (0x0086c2b7) x5  0x000000000086c000
core   0: 0x000000008000443c (0xbc32829b) addiw   t0, t0, -1085
core   0: 1 0x000000008000443c (0xbc32829b) x5  0x000000000086bbc3
core   0: 0x0000000080004440 (0x000002ba) c.slli  t0, 14
core   0: 1 0x0000000080004440 (0x02ba) x5  0x00000021aef0c000
core   0: 0x0000000080004442 (0x8dd28293) addi    t0, t0, -1827
core   0: 1 0x0000000080004442 (0x8dd28293) x5  0x00000021aef0b8dd
core   0: 0x0000000080004446 (0x67f81917) auipc   s2, 0x67f81
core   0: 1 0x0000000080004446 (0x67f81917) x18 0x00000000e7f85446
core   0: 0x000000008000444a (0x414e89bb) subw    s3, t4, s4
core   0: 1 0x000000008000444a (0x414e89bb) x19 0xffffffffc00004aa
core   0: 0x000000008000444e (0x02499233) mulh    tp, s3, tp
core   0: 1 0x000000008000444e (0x02499233) x4  0x0000000000000000
core   0: 0x0000000080004452 (0x221ead53) fsgnjx.d fs10, ft9, ft1
core   0: 1 0x0000000080004452 (0x221ead53) f26 0x7ff8000000000000
core   0: 0x0000000080004456 (0x2bd19053) fmax.d  ft0, ft3, ft9
core   0: 1 0x0000000080004456 (0x2bd19053) f0  0x7ff8000000000000
core   0: 0x000000008000445a (0x1a8e7453) fdiv.d  fs0, ft8, fs0
core   0: 1 0x000000008000445a (0x1a8e7453) f8  0x7ff8000000000000
core   0: 0x000000008000445e (0x00a25613) srli    a2, tp, 10
core   0: 1 0x000000008000445e (0x00a25613) x12 0x0000000000000000
core   0: 0x0000000080004462 (0xd21688d3) fcvt.d.wu fa7, a3
core   0: 1 0x0000000080004462 (0xd21688d3) f17 0x0000000000000000
core   0: 0x0000000080004466 (0xd2397753) fcvt.d.lu fa4, s2
core   0: 1 0x0000000080004466 (0xd2397753) f14 0x41ecff0a88c00000
core   0: 0x000000008000446a (0xf2068353) fmv.d.x ft6, a3
core   0: 1 0x000000008000446a (0xf2068353) f6  0x0000000000000000
core   0: 0x000000008000446e (0x02aef7bb) remuw   a5, t4, a0
core   0: 1 0x000000008000446e (0x02aef7bb) x15 0xffffffffc00004a9
core   0: 0x0000000080004472 (0x73c97743) fmadd.d fa4, fs2, ft8, fa4
core   0: 1 0x0000000080004472 (0x73c97743) f14 0x7ff8000000000000
core   0: 0x0000000080004476 (0x3ae9754f) fnmadd.d fa0, fs2, fa4, ft7
core   0: 1 0x0000000080004476 (0x3ae9754f) f10 0x7ff8000000000000
core   0: 0x000000008000447a (0x229a8853) fsgnj.d fa6, fs5, fs1
core   0: 1 0x000000008000447a (0x229a8853) f16 0xffffffff00000000
core   0: 0x000000008000447e (0x3be873c7) fmsub.d ft7, fa6, ft10, ft7
core   0: 1 0x000000008000447e (0x3be873c7) f7  0x7ff8000000000000
core   0: 0x0000000080004482 (0x03f87bd3) fadd.d  fs7, fa6, ft11
core   0: 1 0x0000000080004482 (0x03f87bd3) f23 0x7ff8000000000000
core   0: 0x0000000080004486 (0x00000001) c.nop
core   0: 1 0x0000000080004486 (0x0001)
core   0: 0x0000000080004488 (0x42010f53) fcvt.d.s ft10, ft2
core   0: 1 0x0000000080004488 (0x42010f53) f30 0x7ff8000000000000
core   0: 0x000000008000448c (0xd2078453) fcvt.d.w fs0, a5
core   0: 1 0x000000008000448c (0xd2078453) f8  0xc1cffffdab800000
core   0: 0x0000000080004490 (0x037bd833) divu    a6, s7, s7
core   0: 1 0x0000000080004490 (0x037bd833) x16 0x0000000000000001
core   0: 0x0000000080004494 (0x00000001) c.nop
core   0: 1 0x0000000080004494 (0x0001)
core   0: 0x0000000080004496 (0x02dcc1b3) div     gp, s9, a3
core   0: 1 0x0000000080004496 (0x02dcc1b3) x3  0xffffffffffffffff
core   0: 0x000000008000449a (0x0036da3b) srlw    s4, a3, gp
core   0: 1 0x000000008000449a (0x0036da3b) x20 0x0000000000000000
core   0: 0x000000008000449e (0xc04415f3) csrrw   a1, hpmcounter4, s0
core   0: exception trap_illegal_instruction, epc 0x000000008000449e
core   0:           tval 0x00000000c04415f3
core   0: >>>>  $xrv64i2p1_m2p0_a2p1_f2p2_d2p2_zicsr2p0_zifencei2p0_zmmul1p0_zba1p0_zbb1p0_zbc1p0_zbs1p0
core   0: 0x0000000080004000 (0x0080006f) j       pc + 0x8
core   0: 3 0x0000000080004000 (0x0080006f)
core   0: >>>>  mmode_exception_handler
core   0: 0x0000000080004008 (0x00002c17) auipc   s8, 0x2
core   0: 3 0x0000000080004008 (0x00002c17) x24 0x0000000080006008
core   0: 0x000000008000400c (0x01ac0c13) addi    s8, s8, 26
core   0: 3 0x000000008000400c (0x01ac0c13) x24 0x0000000080006022
core   0: 0x0000000080004010 (0x000c00e7) jalr    s8
core   0: 3 0x0000000080004010 (0x000c00e7) x1  0x0000000080004014
core   0: >>>>  any_handler
core   0: 0x0000000080006022 (0x341027f3) csrrs   a5, mepc, zero
core   0: 3 0x0000000080006022 (0x341027f3) x15 0x000000008000449e
core   0: 0x0000000080006026 (0x34202773) csrrs   a4, mcause, zero
core   0: 3 0x0000000080006026 (0x34202773) x14 0x0000000000000002
core   0: 0x000000008000602a (0x142026f3) csrrs   a3, scause, zero
core   0: 3 0x000000008000602a (0x142026f3) x13 0x0000000000000000
core   0: 0x000000008000602e (0x30402673) csrrs   a2, mie, zero
core   0: 3 0x000000008000602e (0x30402673) x12 0x0000000000000a00
core   0: 0x0000000080006032 (0x344025f3) csrrs   a1, mip, zero
core   0: 3 0x0000000080006032 (0x344025f3) x11 0x0000000000000080
core   0: 0x0000000080006036 (0x343025f3) csrrs   a1, mtval, zero
core   0: 3 0x0000000080006036 (0x343025f3) x11 0x00000000c04415f3
core   0: 0x000000008000603a (0x14302573) csrrs   a0, stval, zero
core   0: 3 0x000000008000603a (0x14302573) x10 0x0000000000000000
core   0: 0x000000008000603e (0xb02024f3) csrrs   s1, minstret, zero
core   0: 3 0x000000008000603e (0xb02024f3) x9  0x000000000000092c
core   0: 0x0000000080006042 (0x0000a811) c.j     pc + 20
core   0: 3 0x0000000080006042 (0xa811)
core   0: >>>>  mepc_4
core   0: 0x0000000080006056 (0x00000791) c.addi  a5, 4
core   0: 3 0x0000000080006056 (0x0791) x15 0x00000000800044a2
core   0: 0x0000000080006058 (0x34179073) csrrw   zero, mepc, a5
core   0: 3 0x0000000080006058 (0x34179073) c833_mepc 0x00000000800044a2
core   0: 0x000000008000605c (0x30200073) mret
core   0: 3 0x000000008000605c (0x30200073) c768_mstatus 0x8000000a00106080
core   0: 0x00000000800044a2 (0x06c71b37) lui     s6, 0x6c71
core   0: 1 0x00000000800044a2 (0x06c71b37) x22 0x0000000006c71000
core   0: 0x00000000800044a6 (0x097b0b1b) addiw   s6, s6, 151
core   0: 1 0x00000000800044a6 (0x097b0b1b) x22 0x0000000006c71097
core   0: 0x00000000800044aa (0x00000b32) c.slli  s6, 12
core   0: 1 0x00000000800044aa (0x0b32) x22 0x0000006c71097000
core   0: 0x00000000800044ac (0x21fb0b13) addi    s6, s6, 543
core   0: 1 0x00000000800044ac (0x21fb0b13) x22 0x0000006c7109721f
core   0: 0x00000000800044b0 (0x800eec13) ori     s8, t4, -2048
core   0: 1 0x00000000800044b0 (0x800eec13) x24 0xfffffffffffffca9
core   0: 0x00000000800044b4 (0x0a627153) fsub.d  ft2, ft4, ft6
core   0: 1 0x00000000800044b4 (0x0a627153) f2  0x7ff8000000000000
core   0: 0x00000000800044b8 (0x00858633) add     a2, a1, s0
core   0: 1 0x00000000800044b8 (0x00858633) x12 0x00000000c04415f2
core   0: 0x00000000800044bc (0x415704bb) subw    s1, a4, s5
core   0: 1 0x00000000800044bc (0x415704bb) x9  0x000000007fffa002
core   0: 0x00000000800044c0 (0x031778bb) remuw   a7, a4, a7
core   0: 1 0x00000000800044c0 (0x031778bb) x17 0x0000000000000002
core   0: 0x00000000800044c4 (0xc2017053) fcvt.w.d zero, ft2
core   0: 1 0x00000000800044c4 (0xc2017053) c1_fflags 0x000000000000001e
core   0: 0x00000000800044c8 (0x0ae92413) slti    s0, s2, 174
core   0: 1 0x00000000800044c8 (0x0ae92413) x8  0x0000000000000000
core   0: 0x00000000800044cc (0x00102cf3) csrrs   s9, fflags, zero
core   0: 1 0x00000000800044cc (0x00102cf3) x25 0x000000000000001e
core   0: 0x00000000800044d0 (0xc0377353) fcvt.lu.s t1, fa4
core   0: 1 0x00000000800044d0 (0xc0377353) c1_fflags 0x000000000000001e x6  0xffffffffffffffff
core   0: 0x00000000800044d4 (0x00000001) c.nop
core   0: 1 0x00000000800044d4 (0x0001)
core   0: 0x00000000800044d6 (0x02436233) rem     tp, t1, tp
core   0: 1 0x00000000800044d6 (0x02436233) x4  0xffffffffffffffff
core   0: 0x00000000800044da (0x00000001) c.nop
core   0: 1 0x00000000800044da (0x0001)
core   0: 0x00000000800044dc (0xc0367e53) fcvt.lu.s t3, fa2
core   0: 1 0x00000000800044dc (0xc0367e53) c1_fflags 0x000000000000001e x28 0xffffffffffffffff
core   0: 0x00000000800044e0 (0x0227d7b3) divu    a5, a5, sp
core   0: 1 0x00000000800044e0 (0x0227d7b3) x15 0xffffffffffffffff
core   0: 0x00000000800044e4 (0x42010dd3) fcvt.d.s fs11, ft2
core   0: 1 0x00000000800044e4 (0x42010dd3) f27 0x7ff8000000000000
core   0: 0x00000000800044e8 (0x02a7de3b) divuw   t3, a5, a0
core   0: 1 0x00000000800044e8 (0x02a7de3b) x28 0xffffffffffffffff
core   0: 0x00000000800044ec (0x02379493) slli    s1, a5, 35
core   0: 1 0x00000000800044ec (0x02379493) x9  0xfffffff800000000
core   0: 0x00000000800044f0 (0xab50fac7) fmsub.d fs5, ft1, fs5, fs5
core   0: 1 0x00000000800044f0 (0xab50fac7) f21 0x7ff8000000000000
core   0: 0x00000000800044f4 (0x5a0af6d3) fsqrt.d fa3, fs5
core   0: 1 0x00000000800044f4 (0x5a0af6d3) f13 0x7ff8000000000000
core   0: 0x00000000800044f8 (0xc211f4d3) fcvt.wu.d s1, ft3
core   0: 1 0x00000000800044f8 (0xc211f4d3) c1_fflags 0x000000000000001e x9  0xffffffffffffffff
core   0: 0x00000000800044fc (0x420188d3) fcvt.d.s fa7, ft3
core   0: 1 0x00000000800044fc (0x420188d3) f17 0x7ff8000000000000
core   0: 0x0000000080004500 (0x4016f253) fcvt.s.d ft4, fa3
core   0: 1 0x0000000080004500 (0x4016f253) f4  0xffffffff7fc00000
core   0: 0x0000000080004504 (0xd033fb53) fcvt.s.lu fs6, t2
core   0: 1 0x0000000080004504 (0xd033fb53) f22 0xffffffff00000000
core   0: 0x0000000080004508 (0x0270e0bb) remw    ra, ra, t2
core   0: 1 0x0000000080004508 (0x0270e0bb) x1  0xffffffff80004014
core   0: 0x000000008000450c (0x2dd93897) auipc   a7, 0x2dd93
core   0: 1 0x000000008000450c (0x2dd93897) x17 0x00000000add9750c
core   0: 0x0000000080004510 (0xc23b73d3) fcvt.lu.d t2, fs6
core   0: 1 0x0000000080004510 (0xc23b73d3) c1_fflags 0x000000000000001e x7  0xffffffffffffffff
core   0: 0x0000000080004514 (0x23621d53) fsgnjn.d fs10, ft4, fs6
core   0: 1 0x0000000080004514 (0x23621d53) f26 0x7fffffff7fc00000
core   0: 0x0000000080004518 (0x00202d73) csrrs   s10, frm, zero
core   0: 1 0x0000000080004518 (0x00202d73) x26 0x0000000000000000
core   0: 0x000000008000451c (0x40cd5633) sra     a2, s10, a2
core   0: 1 0x000000008000451c (0x40cd5633) x12 0x0000000000000000
core   0: 0x0000000080004520 (0x00019c93) slli    s9, gp, 0
core   0: 1 0x0000000080004520 (0x00019c93) x25 0xffffffffffffffff
core   0: 0x0000000080004524 (0x800dc393) xori    t2, s11, -2048
core   0: 1 0x0000000080004524 (0x800dc393) x7  0xfffffffffffffdff
core   0: 0x0000000080004528 (0x00161873) csrrw   a6, fflags, a2
core   0: 1 0x0000000080004528 (0x00161873) x16 0x000000000000001e c1_fflags 0x0000000000000000
core   0: 0x000000008000452c (0xc20d7053) fcvt.w.d zero, fs10
core   0: 1 0x000000008000452c (0xc20d7053) c1_fflags 0x0000000000000010
core   0: 0x0000000080004530 (0x000ad3bb) srlw    t2, s5, zero
core   0: 1 0x0000000080004530 (0x000ad3bb) x7  0xffffffff80006000
core   0: 0x0000000080004534 (0x0153f233) and     tp, t2, s5
core   0: 1 0x0000000080004534 (0x0153f233) x4  0x0000000080006000
core   0: 0x0000000080004538 (0x035203bb) mulw    t2, tp, s5
core   0: 1 0x0000000080004538 (0x035203bb) x7  0x0000000024000000
core   0: 0x000000008000453c (0x000b099b) sext.w  s3, s6
core   0: 1 0x000000008000453c (0x000b099b) x19 0x000000007109721f
core   0: 0x0000000080004540 (0x003481bb) addw    gp, s1, gp
core   0: 1 0x0000000080004540 (0x003481bb) x3  0xfffffffffffffffe
core   0: 0x0000000080004544 (0x03f71c13) slli    s8, a4, 63
core   0: 1 0x0000000080004544 (0x03f71c13) x24 0x0000000000000000
core   0: 0x0000000080004548 (0x00202073) csrrs   zero, frm, zero
core   0: 1 0x0000000080004548 (0x00202073)
core   0: 0x000000008000454c (0x0003131b) slliw   t1, t1, 0
core   0: 1 0x000000008000454c (0x0003131b) x6  0xffffffffffffffff
core   0: 0x0000000080004550 (0x2ba817d3) fmax.d  fa5, fa6, fs10
core   0: 1 0x0000000080004550 (0x2ba817d3) f15 0x7ff8000000000000
core   0: 0x0000000080004554 (0x01b842b3) xor     t0, a6, s11
core   0: 1 0x0000000080004554 (0x01b842b3) x5  0x00000000000005e1
core   0: 0x0000000080004558 (0x42f5dc13) srai    s8, a1, 47
core   0: 1 0x0000000080004558 (0x42f5dc13) x24 0x0000000000000000
core   0: 0x000000008000455c (0x01a181bb) addw    gp, gp, s10
core   0: 1 0x000000008000455c (0x01a181bb) x3  0xfffffffffffffffe
core   0: 0x0000000080004560 (0x0337ab33) mulhsu  s6, a5, s3
core   0: 1 0x0000000080004560 (0x0337ab33) x22 0xffffffffffffffff
core   0: 0x0000000080004564 (0xe7007193) andi    gp, zero, -400
core   0: 1 0x0000000080004564 (0xe7007193) x3  0x0000000000000000
core   0: 0x0000000080004568 (0x0036553b) srlw    a0, a2, gp
core   0: 1 0x0000000080004568 (0x0036553b) x10 0x0000000000000000
core   0: 0x000000008000456c (0xc032fcd3) fcvt.lu.s s9, ft5
core   0: 1 0x000000008000456c (0xc032fcd3) c1_fflags 0x0000000000000010 x25 0xffffffffffffffff
core   0: 0x0000000080004570 (0x0a5cfa53) fsub.d  fs4, fs9, ft5
core   0: 1 0x0000000080004570 (0x0a5cfa53) f20 0x7ff8000000000000
core   0: 0x0000000080004574 (0x01055abb) srlw    s5, a0, a6
core   0: 1 0x0000000080004574 (0x01055abb) x21 0x0000000000000000
core   0: 0x0000000080004578 (0x03ccfe33) remu    t3, s9, t3
core   0: 1 0x0000000080004578 (0x03ccfe33) x28 0x0000000000000000
core   0: 0x000000008000457c (0xc030f0d3) fcvt.lu.s ra, ft1
core   0: 1 0x000000008000457c (0xc030f0d3) c1_fflags 0x0000000000000010 x1  0xffffffffffffffff
core   0: 0x0000000080004580 (0x000d0d3b) addw    s10, s10, zero
core   0: 1 0x0000000080004580 (0x000d0d3b) x26 0x0000000000000000
core   0: 0x0000000080004584 (0x40ba8533) sub     a0, s5, a1
core   0: 1 0x0000000080004584 (0x40ba8533) x10 0xffffffff3fbbea0d
core   0: 0x0000000080004588 (0xc027f853) fcvt.l.s a6, fa5
core   0: 1 0x0000000080004588 (0xc027f853) c1_fflags 0x0000000000000010 x16 0x7fffffffffffffff
core   0: 0x000000008000458c (0x037003bb) mulw    t2, zero, s7
core   0: 1 0x000000008000458c (0x037003bb) x7  0x0000000000000000
core   0: 0x0000000080004590 (0x800d0893) addi    a7, s10, -2048
core   0: 1 0x0000000080004590 (0x800d0893) x17 0xfffffffffffff800
core   0: 0x0000000080004594 (0xb5f8c313) xori    t1, a7, -1185
core   0: 1 0x0000000080004594 (0xb5f8c313) x6  0x000000000000035f
core   0: 0x0000000080004598 (0x12e2c093) xori    ra, t0, 302
core   0: 1 0x0000000080004598 (0x12e2c093) x1  0x00000000000004cf
core   0: 0x000000008000459c (0x9c900b97) auipc   s7, 0x9c900
core   0: 1 0x000000008000459c (0x9c900b97) x23 0x000000001c90459c
core   0: 0x00000000800045a0 (0x03175a93) srli    s5, a4, 49
core   0: 1 0x00000000800045a0 (0x03175a93) x21 0x0000000000000000
core   0: 0x00000000800045a4 (0x00000001) c.nop
core   0: 1 0x00000000800045a4 (0x0001)
core   0: 0x00000000800045a6 (0x4159023b) subw    tp, s2, s5
core   0: 1 0x00000000800045a6 (0x4159023b) x4  0xffffffffe7f85446
core   0: 0x00000000800045aa (0x5a097a53) fsqrt.d fs4, fs2
core   0: 1 0x00000000800045aa (0x5a097a53) f20 0x7ff8000000000000
core   0: 0x00000000800045ae (0x2fca8d13) addi    s10, s5, 764
core   0: 1 0x00000000800045ae (0x2fca8d13) x26 0x00000000000002fc
core   0: 0x00000000800045b2 (0x02180133) mul     sp, a6, ra
core   0: 1 0x00000000800045b2 (0x02180133) x2  0x7ffffffffffffb31
core   0: 0x00000000800045b6 (0xccb87813) andi    a6, a6, -821
core   0: 1 0x00000000800045b6 (0xccb87813) x16 0x7ffffffffffffccb
core   0: 0x00000000800045ba (0x03aad413) srli    s0, s5, 58
core   0: 1 0x00000000800045ba (0x03aad413) x8  0x0000000000000000
core   0: 0x00000000800045be (0xd3e27513) andi    a0, tp, -706
core   0: 1 0x00000000800045be (0xd3e27513) x10 0xffffffffe7f85406
core   0: 0x00000000800045c2 (0x01d7883b) addw    a6, a5, t4
core   0: 1 0x00000000800045c2 (0x01d7883b) x16 0xffffffffc00004a8
core   0: 0x00000000800045c6 (0xd02efad3) fcvt.s.l fs5, t4
core   0: 1 0x00000000800045c6 (0xd02efad3) c1_fflags 0x0000000000000011 f21 0xffffffffce7fffed
core   0: 0x00000000800045ca (0xd0287653) fcvt.s.l fa2, a6
core   0: 1 0x00000000800045ca (0xd0287653) c1_fflags 0x0000000000000011 f12 0xffffffffce7fffed
core   0: 0x00000000800045ce (0xa2f60bd3) fle.d   s7, fa2, fa5
core   0: 1 0x00000000800045ce (0xa2f60bd3) c1_fflags 0x0000000000000011 x23 0x0000000000000000
core   0: 0x00000000800045d2 (0x8fd8009b) addiw   ra, a6, -1795
core   0: 1 0x00000000800045d2 (0x8fd8009b) x1  0xffffffffbffffda5
core   0: 0x00000000800045d6 (0x0312c8b3) div     a7, t0, a7
core   0: 1 0x00000000800045d6 (0x0312c8b3) x17 0x0000000000000000
core   0: 0x00000000800045da (0xd03677d3) fcvt.s.lu fa5, a2
core   0: 1 0x00000000800045da (0xd03677d3) f15 0xffffffff00000000
core   0: 0x00000000800045de (0xf3307d47) fmsub.d fs10, ft0, fs3, ft10
core   0: 1 0x00000000800045de (0xf3307d47) f26 0x7ff8000000000000
core   0: 0x00000000800045e2 (0x02e24733) div     a4, tp, a4
core   0: 1 0x00000000800045e2 (0x02e24733) x14 0xfffffffff3fc2a23
core   0: 0x00000000800045e6 (0x03be7eb3) remu    t4, t3, s11
core   0: 1 0x00000000800045e6 (0x03be7eb3) x29 0x0000000000000000
core   0: 0x00000000800045ea (0x02ed9e93) slli    t4, s11, 46
core   0: 1 0x00000000800045ea (0x02ed9e93) x29 0x017fc00000000000
core   0: 0x00000000800045ee (0x00868b33) add     s6, a3, s0
core   0: 1 0x00000000800045ee (0x00868b33) x22 0x0000000000000000
core   0: 0x00000000800045f2 (0x0ff0000f) fence   iorw,iorw
core   0: 1 0x00000000800045f2 (0x0ff0000f)
core   0: 0x00000000800045f6 (0x035eda3b) divuw   s4, t4, s5
core   0: 1 0x00000000800045f6 (0x035eda3b) x20 0xffffffffffffffff
core   0: 0x00000000800045fa (0x227c83d3) fsgnj.d ft7, fs9, ft7
core   0: 1 0x00000000800045fa (0x227c83d3) f7  0x7ff8000000000000
core   0: 0x00000000800045fe (0x00c84bb3) xor     s7, a6, a2
core   0: 1 0x00000000800045fe (0x00c84bb3) x23 0xffffffffc00004a8
core   0: 0x0000000080004602 (0x40bd589b) sraiw   a7, s10, 11
core   0: 1 0x0000000080004602 (0x40bd589b) x17 0x0000000000000000
core   0: 0x0000000080004606 (0x011018bb) sllw    a7, zero, a7
core   0: 1 0x0000000080004606 (0x011018bb) x17 0x0000000000000000
core   0: 0x000000008000460a (0x039cb9b3) mulhu   s3, s9, s9
core   0: 1 0x000000008000460a (0x039cb9b3) x19 0xfffffffffffffffe
core   0: 0x000000008000460e (0x4019d593) srai    a1, s3, 1
core   0: 1 0x000000008000460e (0x4019d593) x11 0xffffffffffffffff
core   0: 0x0000000080004612 (0x008ed313) srli    t1, t4, 8
core   0: 1 0x0000000080004612 (0x008ed313) x6  0x00017fc000000000
core   0: 0x0000000080004616 (0xa2160153) fle.d   sp, fa2, ft1
core   0: 1 0x0000000080004616 (0xa2160153) c1_fflags 0x0000000000000011 x2  0x0000000000000000
core   0: 0x000000008000461a (0x0183133b) sllw    t1, t1, s8
core   0: 1 0x000000008000461a (0x0183133b) x6  0x0000000000000000
core   0: 0x000000008000461e (0x007c5a33) srl     s4, s8, t2
core   0: 1 0x000000008000461e (0x007c5a33) x20 0x0000000000000000
core   0: 0x0000000080004622 (0x22c7a753) fsgnjx.d fa4, fa5, fa2
core   0: 1 0x0000000080004622 (0x22c7a753) f14 0x7fffffff00000000
core   0: 0x0000000080004626 (0xff479eb7) lui     t4, 0xff479
core   0: 1 0x0000000080004626 (0xff479eb7) x29 0xffffffffff479000
core   0: 0x000000008000462a (0x1d3e8e9b) addiw   t4, t4, 467
core   0: 1 0x000000008000462a (0x1d3e8e9b) x29 0xffffffffff4791d3
core   0: 0x000000008000462e (0x00000eb6) c.slli  t4, 13
core   0: 1 0x000000008000462e (0x0eb6) x29 0xffffffe8f23a6000
core   0: 0x0000000080004630 (0xbd8e8e93) addi    t4, t4, -1064
core   0: 1 0x0000000080004630 (0xbd8e8e93) x29 0xffffffe8f23a5bd8
core   0: 0x0000000080004634 (0xc03a74d3) fcvt.lu.s s1, fs4
core   0: 1 0x0000000080004634 (0xc03a74d3) c1_fflags 0x0000000000000011 x9  0xffffffffffffffff
core   0: 0x0000000080004638 (0x00049713) slli    a4, s1, 0
core   0: 1 0x0000000080004638 (0x00049713) x14 0xffffffffffffffff
core   0: 0x000000008000463c (0x40175d9b) sraiw   s11, a4, 1
core   0: 1 0x000000008000463c (0x40175d9b) x27 0xffffffffffffffff
core   0: 0x0000000080004640 (0x001d9373) csrrw   t1, fflags, s11
core   0: 1 0x0000000080004640 (0x001d9373) x6  0x0000000000000011 c1_fflags 0x000000000000001f
core   0: 0x0000000080004644 (0x01cd1bbb) sllw    s7, s10, t3
core   0: 1 0x0000000080004644 (0x01cd1bbb) x23 0x00000000000002fc
core   0: 0x0000000080004648 (0x03a36733) rem     a4, t1, s10
core   0: 1 0x0000000080004648 (0x03a36733) x14 0x0000000000000011
core   0: 0x000000008000464c (0x1284f353) fmul.d  ft6, fs1, fs0
core   0: 1 0x000000008000464c (0x1284f353) f6  0x7ff8000000000000
core   0: 0x0000000080004650 (0x00ed053b) addw    a0, s10, a4
core   0: 1 0x0000000080004650 (0x00ed053b) x10 0x000000000000030d
core   0: 0x0000000080004654 (0xc034f6d3) fcvt.lu.s a3, fs1
core   0: 1 0x0000000080004654 (0xc034f6d3) x13 0x0000000000000000
core   0: 0x0000000080004658 (0x001efc13) andi    s8, t4, 1
core   0: 1 0x0000000080004658 (0x001efc13) x24 0x0000000000000000
core   0: 0x000000008000465c (0x035b593b) divuw   s2, s6, s5
core   0: 1 0x000000008000465c (0x035b593b) x18 0xffffffffffffffff
core   0: 0x0000000080004660 (0x0a7d73d3) fsub.d  ft7, fs10, ft7
core   0: 1 0x0000000080004660 (0x0a7d73d3) f7  0x7ff8000000000000
core   0: 0x0000000080004664 (0x0376fbcb) fnmsub.d fs7, fa3, fs7, ft0
core   0: 1 0x0000000080004664 (0x0376fbcb) f23 0x7ff8000000000000
core   0: 0x0000000080004668 (0x011a48b3) xor     a7, s4, a7
core   0: 1 0x0000000080004668 (0x011a48b3) x17 0x0000000000000000
core   0: 0x000000008000466c (0x40110c3b) subw    s8, sp, ra
core   0: 1 0x000000008000466c (0x40110c3b) x24 0x000000004000025b
core   0: 0x0000000080004670 (0xd0377ad3) fcvt.s.lu fs5, a4
core   0: 1 0x0000000080004670 (0xd0377ad3) f21 0xffffffff41880000
core   0: 0x0000000080004674 (0xc02bf5d3) fcvt.l.s a1, fs7
core   0: 1 0x0000000080004674 (0xc02bf5d3) c1_fflags 0x000000000000001f x11 0x7fffffffffffffff
core   0: 0x0000000080004678 (0x7ffbe293) ori     t0, s7, 2047
core   0: 1 0x0000000080004678 (0x7ffbe293) x5  0x00000000000007ff
core   0: 0x000000008000467c (0x0102843b) addw    s0, t0, a6
core   0: 1 0x000000008000467c (0x0102843b) x8  0xffffffffc0000ca7
core   0: 0x0000000080004680 (0x23ff9fd3) fsgnjn.d ft11, ft11, ft11
core   0: 1 0x0000000080004680 (0x23ff9fd3) f31 0x7fffffff00000000
core   0: 0x0000000080004684 (0x7d938693) addi    a3, t2, 2009
core   0: 1 0x0000000080004684 (0x7d938693) x13 0x00000000000007d9
core   0: 0x0000000080004688 (0x079e1cb7) lui     s9, 0x79e1
core   0: 1 0x0000000080004688 (0x079e1cb7) x25 0x00000000079e1000
core   0: 0x000000008000468c (0x9c5c8c9b) addiw   s9, s9, -1595
core   0: 1 0x000000008000468c (0x9c5c8c9b) x25 0x00000000079e09c5
core   0: 0x0000000080004690 (0x00000cb2) c.slli  s9, 12
core   0: 1 0x0000000080004690 (0x0cb2) x25 0x00000079e09c5000
core   0: 0x0000000080004692 (0x6dbc8c93) addi    s9, s9, 1755
core   0: 1 0x0000000080004692 (0x6dbc8c93) x25 0x00000079e09c56db
core   0: 0x0000000080004696 (0xdac6c293) xori    t0, a3, -596
core   0: 1 0x0000000080004696 (0xdac6c293) x5  0xfffffffffffffa75
core   0: 0x000000008000469a (0x232304d3) fsgnj.d fs1, ft6, fs2
core   0: 1 0x000000008000469a (0x232304d3) f9  0xfff8000000000000
core   0: 0x000000008000469e (0x239488d3) fsgnj.d fa7, fs1, fs9
core   0: 1 0x000000008000469e (0x239488d3) f17 0x7ff8000000000000
core   0: 0x00000000800046a2 (0x025b1093) slli    ra, s6, 37
core   0: 1 0x00000000800046a2 (0x025b1093) x1  0x0000000000000000
core   0: 0x00000000800046a6 (0x407c033b) subw    t1, s8, t2
core   0: 1 0x00000000800046a6 (0x407c033b) x6  0x000000004000025b
core   0: 0x00000000800046aa (0xa348a853) feq.d   a6, fa7, fs4
core   0: 1 0x00000000800046aa (0xa348a853) x16 0x0000000000000000
core   0: 0x00000000800046ae (0xf2058953) fmv.d.x fs2, a1
core   0: 1 0x00000000800046ae (0xf2058953) f18 0x7fffffffffffffff
core   0: 0x00000000800046b2 (0xc22676d3) fcvt.l.d a3, fa2
core   0: 1 0x00000000800046b2 (0xc22676d3) c1_fflags 0x000000000000001f x13 0x7fffffffffffffff
core   0: 0x00000000800046b6 (0xc2197353) fcvt.wu.d t1, fs2
core   0: 1 0x00000000800046b6 (0xc2197353) c1_fflags 0x000000000000001f x6  0xffffffffffffffff
core   0: 0x00000000800046ba (0x00009772) c.add   a4, t3
core   0: 1 0x00000000800046ba (0x9772) x14 0x0000000000000011
core   0: 0x00000000800046bc (0xc2297053) fcvt.l.d zero, fs2
core   0: 1 0x00000000800046bc (0xc2297053) c1_fflags 0x000000000000001f
core   0: 0x00000000800046c0 (0xc21cf3d3) fcvt.wu.d t2, fs9
core   0: 1 0x00000000800046c0 (0xc21cf3d3) c1_fflags 0x000000000000001f x7  0xffffffffffffffff
core   0: 0x00000000800046c4 (0x7ff6f993) andi    s3, a3, 2047
core   0: 1 0x00000000800046c4 (0x7ff6f993) x19 0x00000000000007ff
core   0: 0x00000000800046c8 (0x01ca183b) sllw    a6, s4, t3
core   0: 1 0x00000000800046c8 (0x01ca183b) x16 0x0000000000000000
core   0: 0x00000000800046cc (0xc228f253) fcvt.l.d tp, fa7
core   0: 1 0x00000000800046cc (0xc228f253) c1_fflags 0x000000000000001f x4  0x7fffffffffffffff
core   0: 0x00000000800046d0 (0x226390d3) fsgnjn.d ft1, ft7, ft6
core   0: 1 0x00000000800046d0 (0x226390d3) f1  0xfff8000000000000
core   0: 0x00000000800046d4 (0x401ff753) fcvt.s.d fa4, ft11
core   0: 1 0x00000000800046d4 (0x401ff753) f14 0xffffffff7fc00000
core   0: 0x00000000800046d8 (0x002212f3) csrrw   t0, frm, tp
core   0: 1 0x00000000800046d8 (0x002212f3) x5  0x0000000000000000 c2_frm 0x0000000000000007
core   0: 0x00000000800046dc (0x1a94f153) fdiv.d  ft2, fs1, fs1
core   0: exception trap_illegal_instruction, epc 0x00000000800046dc
core   0:           tval 0x000000001a94f153
core   0: >>>>  $xrv64i2p1_m2p0_a2p1_f2p2_d2p2_zicsr2p0_zifencei2p0_zmmul1p0_zba1p0_zbb1p0_zbc1p0_zbs1p0
core   0: 0x0000000080004000 (0x0080006f) j       pc + 0x8
core   0: 3 0x0000000080004000 (0x0080006f)
core   0: >>>>  mmode_exception_handler
core   0: 0x0000000080004008 (0x00002c17) auipc   s8, 0x2
core   0: 3 0x0000000080004008 (0x00002c17) x24 0x0000000080006008
core   0: 0x000000008000400c (0x01ac0c13) addi    s8, s8, 26
core   0: 3 0x000000008000400c (0x01ac0c13) x24 0x0000000080006022
core   0: 0x0000000080004010 (0x000c00e7) jalr    s8
core   0: 3 0x0000000080004010 (0x000c00e7) x1  0x0000000080004014
core   0: >>>>  any_handler
core   0: 0x0000000080006022 (0x341027f3) csrrs   a5, mepc, zero
core   0: 3 0x0000000080006022 (0x341027f3) x15 0x00000000800046dc
core   0: 0x0000000080006026 (0x34202773) csrrs   a4, mcause, zero
core   0: 3 0x0000000080006026 (0x34202773) x14 0x0000000000000002
core   0: 0x000000008000602a (0x142026f3) csrrs   a3, scause, zero
core   0: 3 0x000000008000602a (0x142026f3) x13 0x0000000000000000
core   0: 0x000000008000602e (0x30402673) csrrs   a2, mie, zero
core   0: 3 0x000000008000602e (0x30402673) x12 0x0000000000000a00
core   0: 0x0000000080006032 (0x344025f3) csrrs   a1, mip, zero
core   0: 3 0x0000000080006032 (0x344025f3) x11 0x0000000000000080
core   0: 0x0000000080006036 (0x343025f3) csrrs   a1, mtval, zero
core   0: 3 0x0000000080006036 (0x343025f3) x11 0x000000001a94f153
core   0: 0x000000008000603a (0x14302573) csrrs   a0, stval, zero
core   0: 3 0x000000008000603a (0x14302573) x10 0x0000000000000000
core   0: 0x000000008000603e (0xb02024f3) csrrs   s1, minstret, zero
core   0: 3 0x000000008000603e (0xb02024f3) x9  0x00000000000009ce
core   0: 0x0000000080006042 (0x0000a811) c.j     pc + 20
core   0: 3 0x0000000080006042 (0xa811)
core   0: >>>>  mepc_4
core   0: 0x0000000080006056 (0x00000791) c.addi  a5, 4
core   0: 3 0x0000000080006056 (0x0791) x15 0x00000000800046e0
core   0: 0x0000000080006058 (0x34179073) csrrw   zero, mepc, a5
core   0: 3 0x0000000080006058 (0x34179073) c833_mepc 0x00000000800046e0
core   0: 0x000000008000605c (0x30200073) mret
core   0: 3 0x000000008000605c (0x30200073) c768_mstatus 0x8000000a00106080
core   0: 0x00000000800046e0 (0x4111d813) srai    a6, gp, 17
core   0: 1 0x00000000800046e0 (0x4111d813) x16 0x0000000000000000
core   0: 0x00000000800046e4 (0xc7c87e93) andi    t4, a6, -900
core   0: 1 0x00000000800046e4 (0xc7c87e93) x29 0x0000000000000000
core   0: 0x00000000800046e8 (0x0343813b) mulw    sp, t2, s4
core   0: 1 0x00000000800046e8 (0x0343813b) x2  0x0000000000000000
core   0: 0x00000000800046ec (0x4015ff53) fcvt.s.d ft10, fa1
core   0: exception trap_illegal_instruction, epc 0x00000000800046ec
core   0:           tval 0x000000004015ff53
core   0: >>>>  $xrv64i2p1_m2p0_a2p1_f2p2_d2p2_zicsr2p0_zifencei2p0_zmmul1p0_zba1p0_zbb1p0_zbc1p0_zbs1p0
core   0: 0x0000000080004000 (0x0080006f) j       pc + 0x8
core   0: 3 0x0000000080004000 (0x0080006f)
core   0: >>>>  mmode_exception_handler
core   0: 0x0000000080004008 (0x00002c17) auipc   s8, 0x2
core   0: 3 0x0000000080004008 (0x00002c17) x24 0x0000000080006008
core   0: 0x000000008000400c (0x01ac0c13) addi    s8, s8, 26
core   0: 3 0x000000008000400c (0x01ac0c13) x24 0x0000000080006022
core   0: 0x0000000080004010 (0x000c00e7) jalr    s8
core   0: 3 0x0000000080004010 (0x000c00e7) x1  0x0000000080004014
core   0: >>>>  any_handler
core   0: 0x0000000080006022 (0x341027f3) csrrs   a5, mepc, zero
core   0: 3 0x0000000080006022 (0x341027f3) x15 0x00000000800046ec
core   0: 0x0000000080006026 (0x34202773) csrrs   a4, mcause, zero
core   0: 3 0x0000000080006026 (0x34202773) x14 0x0000000000000002
core   0: 0x000000008000602a (0x142026f3) csrrs   a3, scause, zero
core   0: 3 0x000000008000602a (0x142026f3) x13 0x0000000000000000
core   0: 0x000000008000602e (0x30402673) csrrs   a2, mie, zero
core   0: 3 0x000000008000602e (0x30402673) x12 0x0000000000000a00
core   0: 0x0000000080006032 (0x344025f3) csrrs   a1, mip, zero
core   0: 3 0x0000000080006032 (0x344025f3) x11 0x0000000000000080
core   0: 0x0000000080006036 (0x343025f3) csrrs   a1, mtval, zero
core   0: 3 0x0000000080006036 (0x343025f3) x11 0x000000004015ff53
core   0: 0x000000008000603a (0x14302573) csrrs   a0, stval, zero
core   0: 3 0x000000008000603a (0x14302573) x10 0x0000000000000000
core   0: 0x000000008000603e (0xb02024f3) csrrs   s1, minstret, zero
core   0: 3 0x000000008000603e (0xb02024f3) x9  0x00000000000009e1
core   0: 0x0000000080006042 (0x0000a811) c.j     pc + 20
core   0: 3 0x0000000080006042 (0xa811)
core   0: >>>>  mepc_4
core   0: 0x0000000080006056 (0x00000791) c.addi  a5, 4
core   0: 3 0x0000000080006056 (0x0791) x15 0x00000000800046f0
core   0: 0x0000000080006058 (0x34179073) csrrw   zero, mepc, a5
core   0: 3 0x0000000080006058 (0x34179073) c833_mepc 0x00000000800046f0
core   0: 0x000000008000605c (0x30200073) mret
core   0: 3 0x000000008000605c (0x30200073) c768_mstatus 0x8000000a00106080
core   0: 0x00000000800046f0 (0x02211433) mulh    s0, sp, sp
core   0: 1 0x00000000800046f0 (0x02211433) x8  0x0000000000000000
core   0: 0x00000000800046f4 (0x0365bbb3) mulhu   s7, a1, s6
core   0: 1 0x00000000800046f4 (0x0365bbb3) x23 0x0000000000000000
core   0: 0x00000000800046f8 (0x03aa5a13) srli    s4, s4, 58
core   0: 1 0x00000000800046f8 (0x03aa5a13) x20 0x0000000000000000
core   0: 0x00000000800046fc (0x40075993) srai    s3, a4, 0
core   0: 1 0x00000000800046fc (0x40075993) x19 0x0000000000000002
core   0: 0x0000000080004700 (0xd02271d3) fcvt.s.l ft3, tp
core   0: exception trap_illegal_instruction, epc 0x0000000080004700
core   0:           tval 0x00000000d02271d3
core   0: >>>>  $xrv64i2p1_m2p0_a2p1_f2p2_d2p2_zicsr2p0_zifencei2p0_zmmul1p0_zba1p0_zbb1p0_zbc1p0_zbs1p0
core   0: 0x0000000080004000 (0x0080006f) j       pc + 0x8
core   0: 3 0x0000000080004000 (0x0080006f)
core   0: >>>>  mmode_exception_handler
core   0: 0x0000000080004008 (0x00002c17) auipc   s8, 0x2
core   0: 3 0x0000000080004008 (0x00002c17) x24 0x0000000080006008
core   0: 0x000000008000400c (0x01ac0c13) addi    s8, s8, 26
core   0: 3 0x000000008000400c (0x01ac0c13) x24 0x0000000080006022
core   0: 0x0000000080004010 (0x000c00e7) jalr    s8
core   0: 3 0x0000000080004010 (0x000c00e7) x1  0x0000000080004014
core   0: >>>>  any_handler
core   0: 0x0000000080006022 (0x341027f3) csrrs   a5, mepc, zero
core   0: 3 0x0000000080006022 (0x341027f3) x15 0x0000000080004700
core   0: 0x0000000080006026 (0x34202773) csrrs   a4, mcause, zero
core   0: 3 0x0000000080006026 (0x34202773) x14 0x0000000000000002
core   0: 0x000000008000602a (0x142026f3) csrrs   a3, scause, zero
core   0: 3 0x000000008000602a (0x142026f3) x13 0x0000000000000000
core   0: 0x000000008000602e (0x30402673) csrrs   a2, mie, zero
core   0: 3 0x000000008000602e (0x30402673) x12 0x0000000000000a00
core   0: 0x0000000080006032 (0x344025f3) csrrs   a1, mip, zero
core   0: 3 0x0000000080006032 (0x344025f3) x11 0x0000000000000080
core   0: 0x0000000080006036 (0x343025f3) csrrs   a1, mtval, zero
core   0: 3 0x0000000080006036 (0x343025f3) x11 0x00000000d02271d3
core   0: 0x000000008000603a (0x14302573) csrrs   a0, stval, zero
core   0: 3 0x000000008000603a (0x14302573) x10 0x0000000000000000
core   0: 0x000000008000603e (0xb02024f3) csrrs   s1, minstret, zero
core   0: 3 0x000000008000603e (0xb02024f3) x9  0x00000000000009f5
core   0: 0x0000000080006042 (0x0000a811) c.j     pc + 20
core   0: 3 0x0000000080006042 (0xa811)
core   0: >>>>  mepc_4
core   0: 0x0000000080006056 (0x00000791) c.addi  a5, 4
core   0: 3 0x0000000080006056 (0x0791) x15 0x0000000080004704
core   0: 0x0000000080006058 (0x34179073) csrrw   zero, mepc, a5
core   0: 3 0x0000000080006058 (0x34179073) c833_mepc 0x0000000080004704
core   0: 0x000000008000605c (0x30200073) mret
core   0: 3 0x000000008000605c (0x30200073) c768_mstatus 0x8000000a00106080
core   0: 0x0000000080004704 (0x420203d3) fcvt.d.s ft7, ft4
core   0: 1 0x0000000080004704 (0x420203d3) f7  0x7ff8000000000000
core   0: 0x0000000080004708 (0x009a0e33) add     t3, s4, s1
core   0: 1 0x0000000080004708 (0x009a0e33) x28 0x00000000000009f5
core   0: 0x000000008000470c (0x02d9f4b3) remu    s1, s3, a3
core   0: 1 0x000000008000470c (0x02d9f4b3) x9  0x0000000000000002
core   0: 0x0000000080004710 (0x4018fd53) fcvt.s.d fs10, fa7
core   0: exception trap_illegal_instruction, epc 0x0000000080004710
core   0:           tval 0x000000004018fd53
core   0: >>>>  $xrv64i2p1_m2p0_a2p1_f2p2_d2p2_zicsr2p0_zifencei2p0_zmmul1p0_zba1p0_zbb1p0_zbc1p0_zbs1p0
core   0: 0x0000000080004000 (0x0080006f) j       pc + 0x8
core   0: 3 0x0000000080004000 (0x0080006f)
core   0: >>>>  mmode_exception_handler
core   0: 0x0000000080004008 (0x00002c17) auipc   s8, 0x2
core   0: 3 0x0000000080004008 (0x00002c17) x24 0x0000000080006008
core   0: 0x000000008000400c (0x01ac0c13) addi    s8, s8, 26
core   0: 3 0x000000008000400c (0x01ac0c13) x24 0x0000000080006022
core   0: 0x0000000080004010 (0x000c00e7) jalr    s8
core   0: 3 0x0000000080004010 (0x000c00e7) x1  0x0000000080004014
core   0: >>>>  any_handler
core   0: 0x0000000080006022 (0x341027f3) csrrs   a5, mepc, zero
core   0: 3 0x0000000080006022 (0x341027f3) x15 0x0000000080004710
core   0: 0x0000000080006026 (0x34202773) csrrs   a4, mcause, zero
core   0: 3 0x0000000080006026 (0x34202773) x14 0x0000000000000002
core   0: 0x000000008000602a (0x142026f3) csrrs   a3, scause, zero
core   0: 3 0x000000008000602a (0x142026f3) x13 0x0000000000000000
core   0: 0x000000008000602e (0x30402673) csrrs   a2, mie, zero
core   0: 3 0x000000008000602e (0x30402673) x12 0x0000000000000a00
core   0: 0x0000000080006032 (0x344025f3) csrrs   a1, mip, zero
core   0: 3 0x0000000080006032 (0x344025f3) x11 0x0000000000000080
core   0: 0x0000000080006036 (0x343025f3) csrrs   a1, mtval, zero
core   0: 3 0x0000000080006036 (0x343025f3) x11 0x000000004018fd53
core   0: 0x000000008000603a (0x14302573) csrrs   a0, stval, zero
core   0: 3 0x000000008000603a (0x14302573) x10 0x0000000000000000
core   0: 0x000000008000603e (0xb02024f3) csrrs   s1, minstret, zero
core   0: 3 0x000000008000603e (0xb02024f3) x9  0x0000000000000a08
core   0: 0x0000000080006042 (0x0000a811) c.j     pc + 20
core   0: 3 0x0000000080006042 (0xa811)
core   0: >>>>  mepc_4
core   0: 0x0000000080006056 (0x00000791) c.addi  a5, 4
core   0: 3 0x0000000080006056 (0x0791) x15 0x0000000080004714
core   0: 0x0000000080006058 (0x34179073) csrrw   zero, mepc, a5
core   0: 3 0x0000000080006058 (0x34179073) c833_mepc 0x0000000080004714
core   0: 0x000000008000605c (0x30200073) mret
core   0: 3 0x000000008000605c (0x30200073) c768_mstatus 0x8000000a00106080
core   0: 0x0000000080004714 (0x00008105) c.srli  a0, 1
core   0: 1 0x0000000080004714 (0x8105) x10 0x0000000000000000
core   0: 0x0000000080004716 (0x00157293) andi    t0, a0, 1
core   0: 1 0x0000000080004716 (0x00157293) x5  0x0000000000000000
core   0: 0x000000008000471a (0x0232bdb3) mulhu   s11, t0, gp
core   0: 1 0x000000008000471a (0x0232bdb3) x27 0x0000000000000000
core   0: 0x000000008000471e (0x01b2d33b) srlw    t1, t0, s11
core   0: 1 0x000000008000471e (0x01b2d33b) x6  0x0000000000000000
core   0: 0x0000000080004722 (0x1b5afb53) fdiv.d  fs6, fs5, fs5
core   0: exception trap_illegal_instruction, epc 0x0000000080004722
core   0:           tval 0x000000001b5afb53
core   0: >>>>  $xrv64i2p1_m2p0_a2p1_f2p2_d2p2_zicsr2p0_zifencei2p0_zmmul1p0_zba1p0_zbb1p0_zbc1p0_zbs1p0
core   0: 0x0000000080004000 (0x0080006f) j       pc + 0x8
core   0: 3 0x0000000080004000 (0x0080006f)
core   0: >>>>  mmode_exception_handler
core   0: 0x0000000080004008 (0x00002c17) auipc   s8, 0x2
core   0: 3 0x0000000080004008 (0x00002c17) x24 0x0000000080006008
core   0: 0x000000008000400c (0x01ac0c13) addi    s8, s8, 26
core   0: 3 0x000000008000400c (0x01ac0c13) x24 0x0000000080006022
core   0: 0x0000000080004010 (0x000c00e7) jalr    s8
core   0: 3 0x0000000080004010 (0x000c00e7) x1  0x0000000080004014
core   0: >>>>  any_handler
core   0: 0x0000000080006022 (0x341027f3) csrrs   a5, mepc, zero
core   0: 3 0x0000000080006022 (0x341027f3) x15 0x0000000080004722
core   0: 0x0000000080006026 (0x34202773) csrrs   a4, mcause, zero
core   0: 3 0x0000000080006026 (0x34202773) x14 0x0000000000000002
core   0: 0x000000008000602a (0x142026f3) csrrs   a3, scause, zero
core   0: 3 0x000000008000602a (0x142026f3) x13 0x0000000000000000
core   0: 0x000000008000602e (0x30402673) csrrs   a2, mie, zero
core   0: 3 0x000000008000602e (0x30402673) x12 0x0000000000000a00
core   0: 0x0000000080006032 (0x344025f3) csrrs   a1, mip, zero
core   0: 3 0x0000000080006032 (0x344025f3) x11 0x0000000000000080
core   0: 0x0000000080006036 (0x343025f3) csrrs   a1, mtval, zero
core   0: 3 0x0000000080006036 (0x343025f3) x11 0x000000001b5afb53
core   0: 0x000000008000603a (0x14302573) csrrs   a0, stval, zero
core   0: 3 0x000000008000603a (0x14302573) x10 0x0000000000000000
core   0: 0x000000008000603e (0xb02024f3) csrrs   s1, minstret, zero
core   0: 3 0x000000008000603e (0xb02024f3) x9  0x0000000000000a1c
core   0: 0x0000000080006042 (0x0000a811) c.j     pc + 20
core   0: 3 0x0000000080006042 (0xa811)
core   0: >>>>  mepc_4
core   0: 0x0000000080006056 (0x00000791) c.addi  a5, 4
core   0: 3 0x0000000080006056 (0x0791) x15 0x0000000080004726
core   0: 0x0000000080006058 (0x34179073) csrrw   zero, mepc, a5
core   0: 3 0x0000000080006058 (0x34179073) c833_mepc 0x0000000080004726
core   0: 0x000000008000605c (0x30200073) mret
core   0: 3 0x000000008000605c (0x30200073) c768_mstatus 0x8000000a00106080
core   0: 0x0000000080004726 (0x036b74bb) remuw   s1, s6, s6
core   0: 1 0x0000000080004726 (0x036b74bb) x9  0x0000000000000000
core   0: 0x000000008000472a (0x017bf4b3) and     s1, s7, s7
core   0: 1 0x000000008000472a (0x017bf4b3) x9  0x0000000000000000
core   0: 0x000000008000472e (0x4044d5bb) sraw    a1, s1, tp
core   0: 1 0x000000008000472e (0x4044d5bb) x11 0x0000000000000000
core   0: 0x0000000080004732 (0x413b519b) sraiw   gp, s6, 19
core   0: 1 0x0000000080004732 (0x413b519b) x3  0x0000000000000000
core   0: 0x0000000080004736 (0xc208f553) fcvt.w.d a0, fa7
core   0: exception trap_illegal_instruction, epc 0x0000000080004736
core   0:           tval 0x00000000c208f553
core   0: >>>>  $xrv64i2p1_m2p0_a2p1_f2p2_d2p2_zicsr2p0_zifencei2p0_zmmul1p0_zba1p0_zbb1p0_zbc1p0_zbs1p0
core   0: 0x0000000080004000 (0x0080006f) j       pc + 0x8
core   0: 3 0x0000000080004000 (0x0080006f)
core   0: >>>>  mmode_exception_handler
core   0: 0x0000000080004008 (0x00002c17) auipc   s8, 0x2
core   0: 3 0x0000000080004008 (0x00002c17) x24 0x0000000080006008
core   0: 0x000000008000400c (0x01ac0c13) addi    s8, s8, 26
core   0: 3 0x000000008000400c (0x01ac0c13) x24 0x0000000080006022
core   0: 0x0000000080004010 (0x000c00e7) jalr    s8
core   0: 3 0x0000000080004010 (0x000c00e7) x1  0x0000000080004014
core   0: >>>>  any_handler
core   0: 0x0000000080006022 (0x341027f3) csrrs   a5, mepc, zero
core   0: 3 0x0000000080006022 (0x341027f3) x15 0x0000000080004736
core   0: 0x0000000080006026 (0x34202773) csrrs   a4, mcause, zero
core   0: 3 0x0000000080006026 (0x34202773) x14 0x0000000000000002
core   0: 0x000000008000602a (0x142026f3) csrrs   a3, scause, zero
core   0: 3 0x000000008000602a (0x142026f3) x13 0x0000000000000000
core   0: 0x000000008000602e (0x30402673) csrrs   a2, mie, zero
core   0: 3 0x000000008000602e (0x30402673) x12 0x0000000000000a00
core   0: 0x0000000080006032 (0x344025f3) csrrs   a1, mip, zero
core   0: 3 0x0000000080006032 (0x344025f3) x11 0x0000000000000080
core   0: 0x0000000080006036 (0x343025f3) csrrs   a1, mtval, zero
core   0: 3 0x0000000080006036 (0x343025f3) x11 0x00000000c208f553
core   0: 0x000000008000603a (0x14302573) csrrs   a0, stval, zero
core   0: 3 0x000000008000603a (0x14302573) x10 0x0000000000000000
core   0: 0x000000008000603e (0xb02024f3) csrrs   s1, minstret, zero
core   0: 3 0x000000008000603e (0xb02024f3) x9  0x0000000000000a30
core   0: 0x0000000080006042 (0x0000a811) c.j     pc + 20
core   0: 3 0x0000000080006042 (0xa811)
core   0: >>>>  mepc_4
core   0: 0x0000000080006056 (0x00000791) c.addi  a5, 4
core   0: 3 0x0000000080006056 (0x0791) x15 0x000000008000473a
core   0: 0x0000000080006058 (0x34179073) csrrw   zero, mepc, a5
core   0: 3 0x0000000080006058 (0x34179073) c833_mepc 0x000000008000473a
core   0: 0x000000008000605c (0x30200073) mret
core   0: 3 0x000000008000605c (0x30200073) c768_mstatus 0x8000000a00106080
core   0: 0x000000008000473a (0x01ad0d3b) addw    s10, s10, s10
core   0: 1 0x000000008000473a (0x01ad0d3b) x26 0x00000000000005f8
core   0: 0x000000008000473e (0xc03af053) fcvt.lu.s zero, fs5
core   0: exception trap_illegal_instruction, epc 0x000000008000473e
core   0:           tval 0x00000000c03af053
core   0: >>>>  $xrv64i2p1_m2p0_a2p1_f2p2_d2p2_zicsr2p0_zifencei2p0_zmmul1p0_zba1p0_zbb1p0_zbc1p0_zbs1p0
core   0: 0x0000000080004000 (0x0080006f) j       pc + 0x8
core   0: 3 0x0000000080004000 (0x0080006f)
core   0: >>>>  mmode_exception_handler
core   0: 0x0000000080004008 (0x00002c17) auipc   s8, 0x2
core   0: 3 0x0000000080004008 (0x00002c17) x24 0x0000000080006008
core   0: 0x000000008000400c (0x01ac0c13) addi    s8, s8, 26
core   0: 3 0x000000008000400c (0x01ac0c13) x24 0x0000000080006022
core   0: 0x0000000080004010 (0x000c00e7) jalr    s8
core   0: 3 0x0000000080004010 (0x000c00e7) x1  0x0000000080004014
core   0: >>>>  any_handler
core   0: 0x0000000080006022 (0x341027f3) csrrs   a5, mepc, zero
core   0: 3 0x0000000080006022 (0x341027f3) x15 0x000000008000473e
core   0: 0x0000000080006026 (0x34202773) csrrs   a4, mcause, zero
core   0: 3 0x0000000080006026 (0x34202773) x14 0x0000000000000002
core   0: 0x000000008000602a (0x142026f3) csrrs   a3, scause, zero
core   0: 3 0x000000008000602a (0x142026f3) x13 0x0000000000000000
core   0: 0x000000008000602e (0x30402673) csrrs   a2, mie, zero
core   0: 3 0x000000008000602e (0x30402673) x12 0x0000000000000a00
core   0: 0x0000000080006032 (0x344025f3) csrrs   a1, mip, zero
core   0: 3 0x0000000080006032 (0x344025f3) x11 0x0000000000000080
core   0: 0x0000000080006036 (0x343025f3) csrrs   a1, mtval, zero
core   0: 3 0x0000000080006036 (0x343025f3) x11 0x00000000c03af053
core   0: 0x000000008000603a (0x14302573) csrrs   a0, stval, zero
core   0: 3 0x000000008000603a (0x14302573) x10 0x0000000000000000
core   0: 0x000000008000603e (0xb02024f3) csrrs   s1, minstret, zero
core   0: 3 0x000000008000603e (0xb02024f3) x9  0x0000000000000a41
core   0: 0x0000000080006042 (0x0000a811) c.j     pc + 20
core   0: 3 0x0000000080006042 (0xa811)
core   0: >>>>  mepc_4
core   0: 0x0000000080006056 (0x00000791) c.addi  a5, 4
core   0: 3 0x0000000080006056 (0x0791) x15 0x0000000080004742
core   0: 0x0000000080006058 (0x34179073) csrrw   zero, mepc, a5
core   0: 3 0x0000000080006058 (0x34179073) c833_mepc 0x0000000080004742
core   0: 0x000000008000605c (0x30200073) mret
core   0: 3 0x000000008000605c (0x30200073) c768_mstatus 0x8000000a00106080
core   0: 0x0000000080004742 (0xf20881d3) fmv.d.x ft3, a7
core   0: 1 0x0000000080004742 (0xf20881d3) f3  0x0000000000000000
core   0: 0x0000000080004746 (0x00ab5bb3) srl     s7, s6, a0
core   0: 1 0x0000000080004746 (0x00ab5bb3) x23 0x0000000000000000
core   0: 0x000000008000474a (0xd225f2d3) fcvt.d.l ft5, a1
core   0: exception trap_illegal_instruction, epc 0x000000008000474a
core   0:           tval 0x00000000d225f2d3
core   0: >>>>  $xrv64i2p1_m2p0_a2p1_f2p2_d2p2_zicsr2p0_zifencei2p0_zmmul1p0_zba1p0_zbb1p0_zbc1p0_zbs1p0
core   0: 0x0000000080004000 (0x0080006f) j       pc + 0x8
core   0: 3 0x0000000080004000 (0x0080006f)
core   0: >>>>  mmode_exception_handler
core   0: 0x0000000080004008 (0x00002c17) auipc   s8, 0x2
core   0: 3 0x0000000080004008 (0x00002c17) x24 0x0000000080006008
core   0: 0x000000008000400c (0x01ac0c13) addi    s8, s8, 26
core   0: 3 0x000000008000400c (0x01ac0c13) x24 0x0000000080006022
core   0: 0x0000000080004010 (0x000c00e7) jalr    s8
core   0: 3 0x0000000080004010 (0x000c00e7) x1  0x0000000080004014
core   0: >>>>  any_handler
core   0: 0x0000000080006022 (0x341027f3) csrrs   a5, mepc, zero
core   0: 3 0x0000000080006022 (0x341027f3) x15 0x000000008000474a
core   0: 0x0000000080006026 (0x34202773) csrrs   a4, mcause, zero
core   0: 3 0x0000000080006026 (0x34202773) x14 0x0000000000000002
core   0: 0x000000008000602a (0x142026f3) csrrs   a3, scause, zero
core   0: 3 0x000000008000602a (0x142026f3) x13 0x0000000000000000
core   0: 0x000000008000602e (0x30402673) csrrs   a2, mie, zero
core   0: 3 0x000000008000602e (0x30402673) x12 0x0000000000000a00
core   0: 0x0000000080006032 (0x344025f3) csrrs   a1, mip, zero
core   0: 3 0x0000000080006032 (0x344025f3) x11 0x0000000000000080
core   0: 0x0000000080006036 (0x343025f3) csrrs   a1, mtval, zero
core   0: 3 0x0000000080006036 (0x343025f3) x11 0x00000000d225f2d3
core   0: 0x000000008000603a (0x14302573) csrrs   a0, stval, zero
core   0: 3 0x000000008000603a (0x14302573) x10 0x0000000000000000
core   0: 0x000000008000603e (0xb02024f3) csrrs   s1, minstret, zero
core   0: 3 0x000000008000603e (0xb02024f3) x9  0x0000000000000a53
core   0: 0x0000000080006042 (0x0000a811) c.j     pc + 20
core   0: 3 0x0000000080006042 (0xa811)
core   0: >>>>  mepc_4
core   0: 0x0000000080006056 (0x00000791) c.addi  a5, 4
core   0: 3 0x0000000080006056 (0x0791) x15 0x000000008000474e
core   0: 0x0000000080006058 (0x34179073) csrrw   zero, mepc, a5
core   0: 3 0x0000000080006058 (0x34179073) c833_mepc 0x000000008000474e
core   0: 0x000000008000605c (0x30200073) mret
core   0: 3 0x000000008000605c (0x30200073) c768_mstatus 0x8000000a00106080
core   0: 0x000000008000474e (0x2b2d9b53) fmax.d  fs6, fs11, fs2
core   0: 1 0x000000008000474e (0x2b2d9b53) f22 0x7ff8000000000000
core   0: 0x0000000080004752 (0x0ff0000f) fence   iorw,iorw
core   0: 1 0x0000000080004752 (0x0ff0000f)
core   0: 0x0000000080004756 (0xc048bd73) csrrc   s10, hpmcounter4, a7
core   0: exception trap_illegal_instruction, epc 0x0000000080004756
core   0:           tval 0x00000000c048bd73
core   0: >>>>  $xrv64i2p1_m2p0_a2p1_f2p2_d2p2_zicsr2p0_zifencei2p0_zmmul1p0_zba1p0_zbb1p0_zbc1p0_zbs1p0
core   0: 0x0000000080004000 (0x0080006f) j       pc + 0x8
core   0: 3 0x0000000080004000 (0x0080006f)
core   0: >>>>  mmode_exception_handler
core   0: 0x0000000080004008 (0x00002c17) auipc   s8, 0x2
core   0: 3 0x0000000080004008 (0x00002c17) x24 0x0000000080006008
core   0: 0x000000008000400c (0x01ac0c13) addi    s8, s8, 26
core   0: 3 0x000000008000400c (0x01ac0c13) x24 0x0000000080006022
core   0: 0x0000000080004010 (0x000c00e7) jalr    s8
core   0: 3 0x0000000080004010 (0x000c00e7) x1  0x0000000080004014
core   0: >>>>  any_handler
core   0: 0x0000000080006022 (0x341027f3) csrrs   a5, mepc, zero
core   0: 3 0x0000000080006022 (0x341027f3) x15 0x0000000080004756
core   0: 0x0000000080006026 (0x34202773) csrrs   a4, mcause, zero
core   0: 3 0x0000000080006026 (0x34202773) x14 0x0000000000000002
core   0: 0x000000008000602a (0x142026f3) csrrs   a3, scause, zero
core   0: 3 0x000000008000602a (0x142026f3) x13 0x0000000000000000
core   0: 0x000000008000602e (0x30402673) csrrs   a2, mie, zero
core   0: 3 0x000000008000602e (0x30402673) x12 0x0000000000000a00
core   0: 0x0000000080006032 (0x344025f3) csrrs   a1, mip, zero
core   0: 3 0x0000000080006032 (0x344025f3) x11 0x0000000000000080
core   0: 0x0000000080006036 (0x343025f3) csrrs   a1, mtval, zero
core   0: 3 0x0000000080006036 (0x343025f3) x11 0x00000000c048bd73
core   0: 0x000000008000603a (0x14302573) csrrs   a0, stval, zero
core   0: 3 0x000000008000603a (0x14302573) x10 0x0000000000000000
core   0: 0x000000008000603e (0xb02024f3) csrrs   s1, minstret, zero
core   0: 3 0x000000008000603e (0xb02024f3) x9  0x0000000000000a65
core   0: 0x0000000080006042 (0x0000a811) c.j     pc + 20
core   0: 3 0x0000000080006042 (0xa811)
core   0: >>>>  mepc_4
core   0: 0x0000000080006056 (0x00000791) c.addi  a5, 4
core   0: 3 0x0000000080006056 (0x0791) x15 0x000000008000475a
core   0: 0x0000000080006058 (0x34179073) csrrw   zero, mepc, a5
core   0: 3 0x0000000080006058 (0x34179073) c833_mepc 0x000000008000475a
core   0: 0x000000008000605c (0x30200073) mret
core   0: 3 0x000000008000605c (0x30200073) c768_mstatus 0x8000000a00106080
core   0: 0x000000008000475a (0xd22bf7d3) fcvt.d.l fa5, s7
core   0: exception trap_illegal_instruction, epc 0x000000008000475a
core   0:           tval 0x00000000d22bf7d3
core   0: >>>>  $xrv64i2p1_m2p0_a2p1_f2p2_d2p2_zicsr2p0_zifencei2p0_zmmul1p0_zba1p0_zbb1p0_zbc1p0_zbs1p0
core   0: 0x0000000080004000 (0x0080006f) j       pc + 0x8
core   0: 3 0x0000000080004000 (0x0080006f)
core   0: >>>>  mmode_exception_handler
core   0: 0x0000000080004008 (0x00002c17) auipc   s8, 0x2
core   0: 3 0x0000000080004008 (0x00002c17) x24 0x0000000080006008
core   0: 0x000000008000400c (0x01ac0c13) addi    s8, s8, 26
core   0: 3 0x000000008000400c (0x01ac0c13) x24 0x0000000080006022
core   0: 0x0000000080004010 (0x000c00e7) jalr    s8
core   0: 3 0x0000000080004010 (0x000c00e7) x1  0x0000000080004014
core   0: >>>>  any_handler
core   0: 0x0000000080006022 (0x341027f3) csrrs   a5, mepc, zero
core   0: 3 0x0000000080006022 (0x341027f3) x15 0x000000008000475a
core   0: 0x0000000080006026 (0x34202773) csrrs   a4, mcause, zero
core   0: 3 0x0000000080006026 (0x34202773) x14 0x0000000000000002
core   0: 0x000000008000602a (0x142026f3) csrrs   a3, scause, zero
core   0: 3 0x000000008000602a (0x142026f3) x13 0x0000000000000000
core   0: 0x000000008000602e (0x30402673) csrrs   a2, mie, zero
core   0: 3 0x000000008000602e (0x30402673) x12 0x0000000000000a00
core   0: 0x0000000080006032 (0x344025f3) csrrs   a1, mip, zero
core   0: 3 0x0000000080006032 (0x344025f3) x11 0x0000000000000080
core   0: 0x0000000080006036 (0x343025f3) csrrs   a1, mtval, zero
core   0: 3 0x0000000080006036 (0x343025f3) x11 0x00000000d22bf7d3
core   0: 0x000000008000603a (0x14302573) csrrs   a0, stval, zero
core   0: 3 0x000000008000603a (0x14302573) x10 0x0000000000000000
core   0: 0x000000008000603e (0xb02024f3) csrrs   s1, minstret, zero
core   0: 3 0x000000008000603e (0xb02024f3) x9  0x0000000000000a75
core   0: 0x0000000080006042 (0x0000a811) c.j     pc + 20
core   0: 3 0x0000000080006042 (0xa811)
core   0: >>>>  mepc_4
core   0: 0x0000000080006056 (0x00000791) c.addi  a5, 4
core   0: 3 0x0000000080006056 (0x0791) x15 0x000000008000475e
core   0: 0x0000000080006058 (0x34179073) csrrw   zero, mepc, a5
core   0: 3 0x0000000080006058 (0x34179073) c833_mepc 0x000000008000475e
core   0: 0x000000008000605c (0x30200073) mret
core   0: 3 0x000000008000605c (0x30200073) c768_mstatus 0x8000000a00106080
core   0: 0x000000008000475e (0x23bf2dd3) fsgnjx.d fs11, ft10, fs11
core   0: 1 0x000000008000475e (0x23bf2dd3) f27 0x7ff8000000000000
core   0: 0x0000000080004762 (0x023d1733) mulh    a4, s10, gp
core   0: 1 0x0000000080004762 (0x023d1733) x14 0x0000000000000000
core   0: 0x0000000080004766 (0x938576c7) fmsub.d fa3, fa0, fs8, fs2
core   0: exception trap_illegal_instruction, epc 0x0000000080004766
core   0:           tval 0x00000000938576c7
core   0: >>>>  $xrv64i2p1_m2p0_a2p1_f2p2_d2p2_zicsr2p0_zifencei2p0_zmmul1p0_zba1p0_zbb1p0_zbc1p0_zbs1p0
core   0: 0x0000000080004000 (0x0080006f) j       pc + 0x8
core   0: 3 0x0000000080004000 (0x0080006f)
core   0: >>>>  mmode_exception_handler
core   0: 0x0000000080004008 (0x00002c17) auipc   s8, 0x2
core   0: 3 0x0000000080004008 (0x00002c17) x24 0x0000000080006008
core   0: 0x000000008000400c (0x01ac0c13) addi    s8, s8, 26
core   0: 3 0x000000008000400c (0x01ac0c13) x24 0x0000000080006022
core   0: 0x0000000080004010 (0x000c00e7) jalr    s8
core   0: 3 0x0000000080004010 (0x000c00e7) x1  0x0000000080004014
core   0: >>>>  any_handler
core   0: 0x0000000080006022 (0x341027f3) csrrs   a5, mepc, zero
core   0: 3 0x0000000080006022 (0x341027f3) x15 0x0000000080004766
core   0: 0x0000000080006026 (0x34202773) csrrs   a4, mcause, zero
core   0: 3 0x0000000080006026 (0x34202773) x14 0x0000000000000002
core   0: 0x000000008000602a (0x142026f3) csrrs   a3, scause, zero
core   0: 3 0x000000008000602a (0x142026f3) x13 0x0000000000000000
core   0: 0x000000008000602e (0x30402673) csrrs   a2, mie, zero
core   0: 3 0x000000008000602e (0x30402673) x12 0x0000000000000a00
core   0: 0x0000000080006032 (0x344025f3) csrrs   a1, mip, zero
core   0: 3 0x0000000080006032 (0x344025f3) x11 0x0000000000000080
core   0: 0x0000000080006036 (0x343025f3) csrrs   a1, mtval, zero
core   0: 3 0x0000000080006036 (0x343025f3) x11 0x00000000938576c7
core   0: 0x000000008000603a (0x14302573) csrrs   a0, stval, zero
core   0: 3 0x000000008000603a (0x14302573) x10 0x0000000000000000
core   0: 0x000000008000603e (0xb02024f3) csrrs   s1, minstret, zero
core   0: 3 0x000000008000603e (0xb02024f3) x9  0x0000000000000a87
core   0: 0x0000000080006042 (0x0000a811) c.j     pc + 20
core   0: 3 0x0000000080006042 (0xa811)
core   0: >>>>  mepc_4
core   0: 0x0000000080006056 (0x00000791) c.addi  a5, 4
core   0: 3 0x0000000080006056 (0x0791) x15 0x000000008000476a
core   0: 0x0000000080006058 (0x34179073) csrrw   zero, mepc, a5
core   0: 3 0x0000000080006058 (0x34179073) c833_mepc 0x000000008000476a
core   0: 0x000000008000605c (0x30200073) mret
core   0: 3 0x000000008000605c (0x30200073) c768_mstatus 0x8000000a00106080
core   0: 0x000000008000476a (0x43105013) srai    zero, zero, 49
core   0: 1 0x000000008000476a (0x43105013)
core   0: 0x000000008000476e (0x0ad872d3) fsub.d  ft5, fa6, fa3
core   0: exception trap_illegal_instruction, epc 0x000000008000476e
core   0:           tval 0x000000000ad872d3
core   0: >>>>  $xrv64i2p1_m2p0_a2p1_f2p2_d2p2_zicsr2p0_zifencei2p0_zmmul1p0_zba1p0_zbb1p0_zbc1p0_zbs1p0
core   0: 0x0000000080004000 (0x0080006f) j       pc + 0x8
core   0: 3 0x0000000080004000 (0x0080006f)
core   0: >>>>  mmode_exception_handler
core   0: 0x0000000080004008 (0x00002c17) auipc   s8, 0x2
core   0: 3 0x0000000080004008 (0x00002c17) x24 0x0000000080006008
core   0: 0x000000008000400c (0x01ac0c13) addi    s8, s8, 26
core   0: 3 0x000000008000400c (0x01ac0c13) x24 0x0000000080006022
core   0: 0x0000000080004010 (0x000c00e7) jalr    s8
core   0: 3 0x0000000080004010 (0x000c00e7) x1  0x0000000080004014
core   0: >>>>  any_handler
core   0: 0x0000000080006022 (0x341027f3) csrrs   a5, mepc, zero
core   0: 3 0x0000000080006022 (0x341027f3) x15 0x000000008000476e
core   0: 0x0000000080006026 (0x34202773) csrrs   a4, mcause, zero
core   0: 3 0x0000000080006026 (0x34202773) x14 0x0000000000000002
core   0: 0x000000008000602a (0x142026f3) csrrs   a3, scause, zero
core   0: 3 0x000000008000602a (0x142026f3) x13 0x0000000000000000
core   0: 0x000000008000602e (0x30402673) csrrs   a2, mie, zero
core   0: 3 0x000000008000602e (0x30402673) x12 0x0000000000000a00
core   0: 0x0000000080006032 (0x344025f3) csrrs   a1, mip, zero
core   0: 3 0x0000000080006032 (0x344025f3) x11 0x0000000000000080
core   0: 0x0000000080006036 (0x343025f3) csrrs   a1, mtval, zero
core   0: 3 0x0000000080006036 (0x343025f3) x11 0x000000000ad872d3
core   0: 0x000000008000603a (0x14302573) csrrs   a0, stval, zero
core   0: 3 0x000000008000603a (0x14302573) x10 0x0000000000000000
core   0: 0x000000008000603e (0xb02024f3) csrrs   s1, minstret, zero
core   0: 3 0x000000008000603e (0xb02024f3) x9  0x0000000000000a98
core   0: 0x0000000080006042 (0x0000a811) c.j     pc + 20
core   0: 3 0x0000000080006042 (0xa811)
core   0: >>>>  mepc_4
core   0: 0x0000000080006056 (0x00000791) c.addi  a5, 4
core   0: 3 0x0000000080006056 (0x0791) x15 0x0000000080004772
core   0: 0x0000000080006058 (0x34179073) csrrw   zero, mepc, a5
core   0: 3 0x0000000080006058 (0x34179073) c833_mepc 0x0000000080004772
core   0: 0x000000008000605c (0x30200073) mret
core   0: 3 0x000000008000605c (0x30200073) c768_mstatus 0x8000000a00106080
core   0: 0x0000000080004772 (0x0ff0000f) fence   iorw,iorw
core   0: 1 0x0000000080004772 (0x0ff0000f)
core   0: 0x0000000080004776 (0x1bf4f4d3) fdiv.d  fs1, fs1, ft11
core   0: exception trap_illegal_instruction, epc 0x0000000080004776
core   0:           tval 0x000000001bf4f4d3
core   0: >>>>  $xrv64i2p1_m2p0_a2p1_f2p2_d2p2_zicsr2p0_zifencei2p0_zmmul1p0_zba1p0_zbb1p0_zbc1p0_zbs1p0
core   0: 0x0000000080004000 (0x0080006f) j       pc + 0x8
core   0: 3 0x0000000080004000 (0x0080006f)
core   0: >>>>  mmode_exception_handler
core   0: 0x0000000080004008 (0x00002c17) auipc   s8, 0x2
core   0: 3 0x0000000080004008 (0x00002c17) x24 0x0000000080006008
core   0: 0x000000008000400c (0x01ac0c13) addi    s8, s8, 26
core   0: 3 0x000000008000400c (0x01ac0c13) x24 0x0000000080006022
core   0: 0x0000000080004010 (0x000c00e7) jalr    s8
core   0: 3 0x0000000080004010 (0x000c00e7) x1  0x0000000080004014
core   0: >>>>  any_handler
core   0: 0x0000000080006022 (0x341027f3) csrrs   a5, mepc, zero
core   0: 3 0x0000000080006022 (0x341027f3) x15 0x0000000080004776
core   0: 0x0000000080006026 (0x34202773) csrrs   a4, mcause, zero
core   0: 3 0x0000000080006026 (0x34202773) x14 0x0000000000000002
core   0: 0x000000008000602a (0x142026f3) csrrs   a3, scause, zero
core   0: 3 0x000000008000602a (0x142026f3) x13 0x0000000000000000
core   0: 0x000000008000602e (0x30402673) csrrs   a2, mie, zero
core   0: 3 0x000000008000602e (0x30402673) x12 0x0000000000000a00
core   0: 0x0000000080006032 (0x344025f3) csrrs   a1, mip, zero
core   0: 3 0x0000000080006032 (0x344025f3) x11 0x0000000000000080
core   0: 0x0000000080006036 (0x343025f3) csrrs   a1, mtval, zero
core   0: 3 0x0000000080006036 (0x343025f3) x11 0x000000001bf4f4d3
core   0: 0x000000008000603a (0x14302573) csrrs   a0, stval, zero
core   0: 3 0x000000008000603a (0x14302573) x10 0x0000000000000000
core   0: 0x000000008000603e (0xb02024f3) csrrs   s1, minstret, zero
core   0: 3 0x000000008000603e (0xb02024f3) x9  0x0000000000000aa9
core   0: 0x0000000080006042 (0x0000a811) c.j     pc + 20
core   0: 3 0x0000000080006042 (0xa811)
core   0: >>>>  mepc_4
core   0: 0x0000000080006056 (0x00000791) c.addi  a5, 4
core   0: 3 0x0000000080006056 (0x0791) x15 0x000000008000477a
core   0: 0x0000000080006058 (0x34179073) csrrw   zero, mepc, a5
core   0: 3 0x0000000080006058 (0x34179073) c833_mepc 0x000000008000477a
core   0: 0x000000008000605c (0x30200073) mret
core   0: 3 0x000000008000605c (0x30200073) c768_mstatus 0x8000000a00106080
core   0: 0x000000008000477a (0x00055d93) srli    s11, a0, 0
core   0: 1 0x000000008000477a (0x00055d93) x27 0x0000000000000000
core   0: 0x000000008000477e (0x0381f8b3) remu    a7, gp, s8
core   0: 1 0x000000008000477e (0x0381f8b3) x17 0x0000000000000000
core   0: 0x0000000080004782 (0x00219073) csrrw   zero, frm, gp
core   0: 1 0x0000000080004782 (0x00219073) c2_frm 0x0000000000000000
core   0: 0x0000000080004786 (0xf2018953) fmv.d.x fs2, gp
core   0: 1 0x0000000080004786 (0xf2018953) f18 0x0000000000000000
core   0: 0x000000008000478a (0x01998233) add     tp, s3, s9
core   0: 1 0x000000008000478a (0x01998233) x4  0x00000079e09c56dd
core   0: 0x000000008000478e (0x00102773) csrrs   a4, fflags, zero
core   0: 1 0x000000008000478e (0x00102773) x14 0x000000000000001f
core   0: 0x0000000080004792 (0x00000001) c.nop
core   0: 1 0x0000000080004792 (0x0001)
core   0: 0x0000000080004794 (0x143e97f3) csrrw   a5, stval, t4
core   0: 1 0x0000000080004794 (0x143e97f3) x15 0x0000000000000000 c323_stval 0x0000000000000000
core   0: 0x0000000080004798 (0x40f7dc3b) sraw    s8, a5, a5
core   0: 1 0x0000000080004798 (0x40f7dc3b) x24 0x0000000000000000
core   0: 0x000000008000479c (0x40b45d3b) sraw    s10, s0, a1
core   0: 1 0x000000008000479c (0x40b45d3b) x26 0x0000000000000000
core   0: 0x00000000800047a0 (0x00000001) c.nop
core   0: 1 0x00000000800047a0 (0x0001)
core   0: 0x00000000800047a2 (0xa51a89b7) lui     s3, 0xa51a8
core   0: 1 0x00000000800047a2 (0xa51a89b7) x19 0xffffffffa51a8000
core   0: 0x00000000800047a6 (0xc239f053) fcvt.lu.d zero, fs3
core   0: 1 0x00000000800047a6 (0xc239f053) c1_fflags 0x000000000000001f
core   0: 0x00000000800047aa (0x02a0013b) mulw    sp, zero, a0
core   0: 1 0x00000000800047aa (0x02a0013b) x2  0x0000000000000000
core   0: 0x00000000800047ae (0x0008d893) srli    a7, a7, 0
core   0: 1 0x00000000800047ae (0x0008d893) x17 0x0000000000000000
core   0: 0x00000000800047b2 (0x412bd313) srai    t1, s7, 18
core   0: 1 0x00000000800047b2 (0x412bd313) x6  0x0000000000000000
core   0: 0x00000000800047b6 (0xd2178dd3) fcvt.d.wu fs11, a5
core   0: 1 0x00000000800047b6 (0xd2178dd3) f27 0x0000000000000000
core   0: 0x00000000800047ba (0x626d8a9b) addiw   s5, s11, 1574
core   0: 1 0x00000000800047ba (0x626d8a9b) x21 0x0000000000000626
core   0: 0x00000000800047be (0xd3aace13) xori    t3, s5, -710
core   0: 1 0x00000000800047be (0xd3aace13) x28 0xfffffffffffffb1c
core   0: 0x00000000800047c2 (0xeda36693) ori     a3, t1, -294
core   0: 1 0x00000000800047c2 (0xeda36693) x13 0xfffffffffffffeda
core   0: 0x00000000800047c6 (0x2b859bd3) fmax.d  fs7, fa1, fs8
core   0: 1 0x00000000800047c6 (0x2b859bd3) f23 0x7ff8000000000000
core   0: 0x00000000800047ca (0x41f1599b) sraiw   s3, sp, 31
core   0: 1 0x00000000800047ca (0x41f1599b) x19 0x0000000000000000
core   0: 0x00000000800047ce (0x2bb99853) fmax.d  fa6, fs3, fs11
core   0: 1 0x00000000800047ce (0x2bb99853) f16 0x0000000000000000
core   0: 0x00000000800047d2 (0x1b247f53) fdiv.d  ft10, fs0, fs2
core   0: 1 0x00000000800047d2 (0x1b247f53) c1_fflags 0x000000000000001f f30 0xfff0000000000000
core   0: 0x00000000800047d6 (0x020055b3) divu    a1, zero, zero
core   0: 1 0x00000000800047d6 (0x020055b3) x11 0xffffffffffffffff
core   0: 0x00000000800047da (0xfff00b1b) addiw   s6, zero, -1
core   0: 1 0x00000000800047da (0xfff00b1b) x22 0xffffffffffffffff
core   0: 0x00000000800047de (0x00231573) csrrw   a0, frm, t1
core   0: 1 0x00000000800047de (0x00231573) x10 0x0000000000000000 c2_frm 0x0000000000000000
core   0: 0x00000000800047e2 (0x001a13f3) csrrw   t2, fflags, s4
core   0: 1 0x00000000800047e2 (0x001a13f3) x7  0x000000000000001f c1_fflags 0x0000000000000000
core   0: 0x00000000800047e6 (0x409503bb) subw    t2, a0, s1
core   0: 1 0x00000000800047e6 (0x409503bb) x7  0xfffffffffffff557
core   0: 0x00000000800047ea (0x0179d59b) srliw   a1, s3, 23
core   0: 1 0x00000000800047ea (0x0179d59b) x11 0x0000000000000000
core   0: 0x00000000800047ee (0x00000001) c.nop
core   0: 1 0x00000000800047ee (0x0001)
core   0: 0x00000000800047f0 (0xc200f853) fcvt.w.d a6, ft1
core   0: 1 0x00000000800047f0 (0xc200f853) c1_fflags 0x0000000000000010 x16 0x000000007fffffff
core   0: 0x00000000800047f4 (0xc02c7053) fcvt.l.s zero, fs8
core   0: 1 0x00000000800047f4 (0xc02c7053) c1_fflags 0x0000000000000010
core   0: 0x00000000800047f8 (0x413bd833) sra     a6, s7, s3
core   0: 1 0x00000000800047f8 (0x413bd833) x16 0x0000000000000000
core   0: 0x00000000800047fc (0x5a0474d3) fsqrt.d fs1, fs0
core   0: 1 0x00000000800047fc (0x5a0474d3) c1_fflags 0x0000000000000010 f9  0x7ff8000000000000
core   0: 0x0000000080004800 (0xd232fad3) fcvt.d.lu fs5, t0
core   0: 1 0x0000000080004800 (0xd232fad3) f21 0x0000000000000000
core   0: 0x0000000080004804 (0x02bf774b) fnmsub.d fa4, ft10, fa1, ft0
core   0: 1 0x0000000080004804 (0x02bf774b) f14 0x7ff8000000000000
core   0: 0x0000000080004808 (0x408d58bb) sraw    a7, s10, s0
core   0: 1 0x0000000080004808 (0x408d58bb) x17 0x0000000000000000
core   0: 0x000000008000480c (0x41b88abb) subw    s5, a7, s11
core   0: 1 0x000000008000480c (0x41b88abb) x21 0x0000000000000000
core   0: 0x0000000080004810 (0x40b25833) sra     a6, tp, a1
core   0: 1 0x0000000080004810 (0x40b25833) x16 0x00000079e09c56dd
core   0: 0x0000000080004814 (0x020475cb) fnmsub.d fa1, fs0, ft0, ft0
core   0: 1 0x0000000080004814 (0x020475cb) f11 0x7ff8000000000000
core   0: 0x0000000080004818 (0x344752f3) csrrwi  t0, mip, 14
core   0: exception trap_illegal_instruction, epc 0x0000000080004818
core   0:           tval 0x00000000344752f3
core   0: >>>>  $xrv64i2p1_m2p0_a2p1_f2p2_d2p2_zicsr2p0_zifencei2p0_zmmul1p0_zba1p0_zbb1p0_zbc1p0_zbs1p0
core   0: 0x0000000080004000 (0x0080006f) j       pc + 0x8
core   0: 3 0x0000000080004000 (0x0080006f)
core   0: >>>>  mmode_exception_handler
core   0: 0x0000000080004008 (0x00002c17) auipc   s8, 0x2
core   0: 3 0x0000000080004008 (0x00002c17) x24 0x0000000080006008
core   0: 0x000000008000400c (0x01ac0c13) addi    s8, s8, 26
core   0: 3 0x000000008000400c (0x01ac0c13) x24 0x0000000080006022
core   0: 0x0000000080004010 (0x000c00e7) jalr    s8
core   0: 3 0x0000000080004010 (0x000c00e7) x1  0x0000000080004014
core   0: >>>>  any_handler
core   0: 0x0000000080006022 (0x341027f3) csrrs   a5, mepc, zero
core   0: 3 0x0000000080006022 (0x341027f3) x15 0x0000000080004818
core   0: 0x0000000080006026 (0x34202773) csrrs   a4, mcause, zero
core   0: 3 0x0000000080006026 (0x34202773) x14 0x0000000000000002
core   0: 0x000000008000602a (0x142026f3) csrrs   a3, scause, zero
core   0: 3 0x000000008000602a (0x142026f3) x13 0x0000000000000000
core   0: 0x000000008000602e (0x30402673) csrrs   a2, mie, zero
core   0: 3 0x000000008000602e (0x30402673) x12 0x0000000000000a00
core   0: 0x0000000080006032 (0x344025f3) csrrs   a1, mip, zero
core   0: 3 0x0000000080006032 (0x344025f3) x11 0x0000000000000080
core   0: 0x0000000080006036 (0x343025f3) csrrs   a1, mtval, zero
core   0: 3 0x0000000080006036 (0x343025f3) x11 0x00000000344752f3
core   0: 0x000000008000603a (0x14302573) csrrs   a0, stval, zero
core   0: 3 0x000000008000603a (0x14302573) x10 0x0000000000000000
core   0: 0x000000008000603e (0xb02024f3) csrrs   s1, minstret, zero
core   0: 3 0x000000008000603e (0xb02024f3) x9  0x0000000000000ae2
core   0: 0x0000000080006042 (0x0000a811) c.j     pc + 20
core   0: 3 0x0000000080006042 (0xa811)
core   0: >>>>  mepc_4
core   0: 0x0000000080006056 (0x00000791) c.addi  a5, 4
core   0: 3 0x0000000080006056 (0x0791) x15 0x000000008000481c
core   0: 0x0000000080006058 (0x34179073) csrrw   zero, mepc, a5
core   0: 3 0x0000000080006058 (0x34179073) c833_mepc 0x000000008000481c
core   0: 0x000000008000605c (0x30200073) mret
core   0: 3 0x000000008000605c (0x30200073) c768_mstatus 0x8000000a00106080
core   0: 0x000000008000481c (0x401673d3) fcvt.s.d ft7, fa2
core   0: 1 0x000000008000481c (0x401673d3) f7  0xffffffff7fc00000
core   0: 0x0000000080004820 (0x403adc9b) sraiw   s9, s5, 3
core   0: 1 0x0000000080004820 (0x403adc9b) x25 0x0000000000000000
core   0: 0x0000000080004824 (0x02650e3b) mulw    t3, a0, t1
core   0: 1 0x0000000080004824 (0x02650e3b) x28 0x0000000000000000
core   0: 0x0000000080004828 (0x0ff0000f) fence   iorw,iorw
core   0: 1 0x0000000080004828 (0x0ff0000f)
core   0: 0x000000008000482c (0x002d56bb) srlw    a3, s10, sp
core   0: 1 0x000000008000482c (0x002d56bb) x13 0x0000000000000000
core   0: 0x0000000080004830 (0xc203f953) fcvt.w.d s2, ft7
core   0: 1 0x0000000080004830 (0xc203f953) c1_fflags 0x0000000000000010 x18 0x000000007fffffff
core   0: 0x0000000080004834 (0x41d6d233) sra     tp, a3, t4
core   0: 1 0x0000000080004834 (0x41d6d233) x4  0x0000000000000000
core   0: 0x0000000080004838 (0xfb4cfccf) fnmadd.d fs9, fs9, fs4, ft11
core   0: 1 0x0000000080004838 (0xfb4cfccf) f25 0x7ff8000000000000
core   0: 0x000000008000483c (0x011e53bb) srlw    t2, t3, a7
core   0: 1 0x000000008000483c (0x011e53bb) x7  0x0000000000000000
core   0: 0x0000000080004840 (0x025592b3) mulh    t0, a1, t0
core   0: 1 0x0000000080004840 (0x025592b3) x5  0x0000000000000000
core   0: 0x0000000080004844 (0x00520133) add     sp, tp, t0
core   0: 1 0x0000000080004844 (0x00520133) x2  0x0000000000000000
core   0: 0x0000000080004848 (0x0235bdb3) mulhu   s11, a1, gp
core   0: 1 0x0000000080004848 (0x0235bdb3) x27 0x0000000000000000
core   0: 0x000000008000484c (0x23f60713) addi    a4, a2, 575
core   0: 1 0x000000008000484c (0x23f60713) x14 0x0000000000000c3f
core   0: 0x0000000080004850 (0x010ed2bb) srlw    t0, t4, a6
core   0: 1 0x0000000080004850 (0x010ed2bb) x5  0x0000000000000000
core   0: 0x0000000080004854 (0x00002181) c.addiw gp, 0
core   0: 1 0x0000000080004854 (0x2181) x3  0x0000000000000000
core   0: 0x0000000080004856 (0x239684d3) fsgnj.d fs1, fa3, fs9
core   0: 1 0x0000000080004856 (0x239684d3) f9  0x7ff8000000000000
core   0: 0x000000008000485a (0x0027a8b3) slt     a7, a5, sp
core   0: 1 0x000000008000485a (0x0027a8b3) x17 0x0000000000000000
core   0: 0x000000008000485e (0x0018861b) addiw   a2, a7, 1
core   0: 1 0x000000008000485e (0x0018861b) x12 0x0000000000000001
core   0: 0x0000000080004862 (0x69927313) andi    t1, tp, 1689
core   0: 1 0x0000000080004862 (0x69927313) x6  0x0000000000000000
core   0: 0x0000000080004866 (0x4c16061b) addiw   a2, a2, 1217
core   0: 1 0x0000000080004866 (0x4c16061b) x12 0x00000000000004c2
core   0: 0x000000008000486a (0x027614b3) mulh    s1, a2, t2
core   0: 1 0x000000008000486a (0x027614b3) x9  0x0000000000000000
core   0: 0x000000008000486e (0x00102ef3) csrrs   t4, fflags, zero
core   0: 1 0x000000008000486e (0x00102ef3) x29 0x0000000000000010
core   0: 0x0000000080004872 (0x02c356bb) divuw   a3, t1, a2
core   0: 1 0x0000000080004872 (0x02c356bb) x13 0x0000000000000000
core   0: 0x0000000080004876 (0x000d7d13) andi    s10, s10, 0
core   0: 1 0x0000000080004876 (0x000d7d13) x26 0x0000000000000000
core   0: 0x000000008000487a (0x033d7e3b) remuw   t3, s10, s3
core   0: 1 0x000000008000487a (0x033d7e3b) x28 0x0000000000000000
core   0: 0x000000008000487e (0x0295f73b) remuw   a4, a1, s1
core   0: 1 0x000000008000487e (0x0295f73b) x14 0x00000000344752f3
core   0: 0x0000000080004882 (0x4000d093) srai    ra, ra, 0
core   0: 1 0x0000000080004882 (0x4000d093) x1  0x0000000080004014
core   0: 0x0000000080004886 (0xd03bf7d3) fcvt.s.lu fa5, s7
core   0: 1 0x0000000080004886 (0xd03bf7d3) f15 0xffffffff00000000
core   0: 0x000000008000488a (0x01184b33) xor     s6, a6, a7
core   0: 1 0x000000008000488a (0x01184b33) x22 0x00000079e09c56dd
core   0: 0x000000008000488e (0x0029ce33) xor     t3, s3, sp
core   0: 1 0x000000008000488e (0x0029ce33) x28 0x0000000000000000
core   0: 0x0000000080004892 (0x00c65633) srl     a2, a2, a2
core   0: 1 0x0000000080004892 (0x00c65633) x12 0x0000000000000130
core   0: 0x0000000080004896 (0x00a56a33) or      s4, a0, a0
core   0: 1 0x0000000080004896 (0x00a56a33) x20 0x0000000000000000
core   0: 0x000000008000489a (0x00369a3b) sllw    s4, a3, gp
core   0: 1 0x000000008000489a (0x00369a3b) x20 0x0000000000000000
core   0: 0x000000008000489e (0x01b188bb) addw    a7, gp, s11
core   0: 1 0x000000008000489e (0x01b188bb) x17 0x0000000000000000
core   0: 0x00000000800048a2 (0x02855e3b) divuw   t3, a0, s0
core   0: 1 0x00000000800048a2 (0x02855e3b) x28 0xffffffffffffffff
core   0: 0x00000000800048a6 (0x000bedb3) or      s11, s7, zero
core   0: 1 0x00000000800048a6 (0x000bedb3) x27 0x0000000000000000
core   0: 0x00000000800048aa (0x037871b3) remu    gp, a6, s7
core   0: 1 0x00000000800048aa (0x037871b3) x3  0x00000079e09c56dd
core   0: 0x00000000800048ae (0x0287fc53) fadd.d  fs8, fa5, fs0
core   0: 1 0x00000000800048ae (0x0287fc53) f24 0x7ff8000000000000
core   0: 0x00000000800048b2 (0x001026f3) csrrs   a3, fflags, zero
core   0: 1 0x00000000800048b2 (0x001026f3) x13 0x0000000000000010
core   0: 0x00000000800048b6 (0xd23a7bd3) fcvt.d.lu fs7, s4
core   0: 1 0x00000000800048b6 (0xd23a7bd3) f23 0x0000000000000000
core   0: 0x00000000800048ba (0x002c9cf3) csrrw   s9, frm, s9
core   0: 1 0x00000000800048ba (0x002c9cf3) x25 0x0000000000000000 c2_frm 0x0000000000000000
core   0: 0x00000000800048be (0x00f189b3) add     s3, gp, a5
core   0: 1 0x00000000800048be (0x00f189b3) x19 0x0000007a609c9ef9
core   0: 0x00000000800048c2 (0x80076a93) ori     s5, a4, -2048
core   0: 1 0x00000000800048c2 (0x80076a93) x21 0xfffffffffffffaf3
core   0: 0x00000000800048c6 (0xaac6744f) fnmadd.d fs0, fa2, fa2, fs5
core   0: 1 0x00000000800048c6 (0xaac6744f) f8  0x7ff8000000000000
core   0: 0x00000000800048ca (0x000c9cbb) sllw    s9, s9, zero
core   0: 1 0x00000000800048ca (0x000c9cbb) x25 0x0000000000000000
core   0: 0x00000000800048ce (0xc222f453) fcvt.l.d s0, ft5
core   0: 1 0x00000000800048ce (0xc222f453) c1_fflags 0x0000000000000010 x8  0x7fffffffffffffff
core   0: 0x00000000800048d2 (0x0ff0000f) fence   iorw,iorw
core   0: 1 0x00000000800048d2 (0x0ff0000f)
core   0: 0x00000000800048d6 (0x0276c3b3) div     t2, a3, t2
core   0: 1 0x00000000800048d6 (0x0276c3b3) x7  0xffffffffffffffff
core   0: 0x00000000800048da (0x0001871b) sext.w  a4, gp
core   0: 1 0x00000000800048da (0x0001871b) x14 0xffffffffe09c56dd
core   0: 0x00000000800048de (0x0230763b) remuw   a2, zero, gp
core   0: 1 0x00000000800048de (0x0230763b) x12 0x0000000000000000
core   0: 0x00000000800048e2 (0x02d648bb) divw    a7, a2, a3
core   0: 1 0x00000000800048e2 (0x02d648bb) x17 0x0000000000000000
core   0: 0x00000000800048e6 (0xd038f653) fcvt.s.lu fa2, a7
core   0: 1 0x00000000800048e6 (0xd038f653) f12 0xffffffff00000000
core   0: 0x00000000800048ea (0xc222f753) fcvt.l.d a4, ft5
core   0: 1 0x00000000800048ea (0xc222f753) c1_fflags 0x0000000000000010 x14 0x7fffffffffffffff
core   0: 0x00000000800048ee (0x00c65633) srl     a2, a2, a2
core   0: 1 0x00000000800048ee (0x00c65633) x12 0x0000000000000000
core   0: 0x00000000800048f2 (0x00102673) csrrs   a2, fflags, zero
core   0: 1 0x00000000800048f2 (0x00102673) x12 0x0000000000000010
core   0: 0x00000000800048f6 (0x029e793b) remuw   s2, t3, s1
core   0: 1 0x00000000800048f6 (0x029e793b) x18 0xffffffffffffffff
core   0: 0x00000000800048fa (0x0160cb33) xor     s6, ra, s6
core   0: 1 0x00000000800048fa (0x0160cb33) x22 0x00000079609c16c9
core   0: 0x00000000800048fe (0x020094b3) mulh    s1, ra, zero
core   0: 1 0x00000000800048fe (0x020094b3) x9  0x0000000000000000
core   0: 0x0000000080004902 (0xc036fc53) fcvt.lu.s s8, fa3
core   0: 1 0x0000000080004902 (0xc036fc53) c1_fflags 0x0000000000000010 x24 0xffffffffffffffff
core   0: 0x0000000080004906 (0x01cb19b3) sll     s3, s6, t3
core   0: 1 0x0000000080004906 (0x01cb19b3) x19 0x8000000000000000
core   0: 0x000000008000490a (0xf20c0053) fmv.d.x ft0, s8
core   0: 1 0x000000008000490a (0xf20c0053) f0  0xffffffffffffffff
core   0: 0x000000008000490e (0x009e2e33) slt     t3, t3, s1
core   0: 1 0x000000008000490e (0x009e2e33) x28 0x0000000000000001
core   0: 0x0000000080004912 (0x401d7d53) fcvt.s.d fs10, fs10
core   0: 1 0x0000000080004912 (0x401d7d53) f26 0xffffffff7fc00000
core   0: 0x0000000080004916 (0x5a0cf8d3) fsqrt.d fa7, fs9
core   0: 1 0x0000000080004916 (0x5a0cf8d3) f17 0x7ff8000000000000
core   0: 0x000000008000491a (0x02387c33) remu    s8, a6, gp
core   0: 1 0x000000008000491a (0x02387c33) x24 0x0000000000000000
core   0: 0x000000008000491e (0x27327993) andi    s3, tp, 627
core   0: 1 0x000000008000491e (0x27327993) x19 0x0000000000000000
core   0: 0x0000000080004922 (0x032c2333) mulhsu  t1, s8, s2
core   0: 1 0x0000000080004922 (0x032c2333) x6  0x0000000000000000
core   0: 0x0000000080004926 (0x401276d3) fcvt.s.d fa3, ft4
core   0: 1 0x0000000080004926 (0x401276d3) f13 0xffffffff7fc00000
core   0: 0x000000008000492a (0x2b768bd3) fmin.d  fs7, fa3, fs7
core   0: 1 0x000000008000492a (0x2b768bd3) f23 0x0000000000000000
core   0: 0x000000008000492e (0x40900033) sub     zero, zero, s1
core   0: 1 0x000000008000492e (0x40900033)
core   0: 0x0000000080004932 (0x81acc993) xori    s3, s9, -2022
core   0: 1 0x0000000080004932 (0x81acc993) x19 0xfffffffffffff81a
core   0: 0x0000000080004936 (0x40b65813) srai    a6, a2, 11
core   0: 1 0x0000000080004936 (0x40b65813) x16 0x0000000000000000
core   0: 0x000000008000493a (0x013ef133) and     sp, t4, s3
core   0: 1 0x000000008000493a (0x013ef133) x2  0x0000000000000010
core   0: 0x000000008000493e (0xffceeeb7) lui     t4, 0xffcee
core   0: 1 0x000000008000493e (0xffceeeb7) x29 0xffffffffffcee000
core   0: 0x0000000080004942 (0xe71e8e9b) addiw   t4, t4, -399
core   0: 1 0x0000000080004942 (0xe71e8e9b) x29 0xffffffffffcede71
core   0: 0x0000000080004946 (0x00000eba) c.slli  t4, 14
core   0: 1 0x0000000080004946 (0x0eba) x29 0xfffffff3b79c4000
core   0: 0x0000000080004948 (0x828e8e93) addi    t4, t4, -2008
core   0: 1 0x0000000080004948 (0x828e8e93) x29 0xfffffff3b79c3828
core   0: 0x000000008000494c (0x8b9df8c3) fmadd.d fa7, fs11, fs9, fa7
core   0: 1 0x000000008000494c (0x8b9df8c3) f17 0x7ff8000000000000
core   0: 0x0000000080004950 (0x303d1073) csrrw   zero, mideleg, s10
core   0: exception trap_illegal_instruction, epc 0x0000000080004950
core   0:           tval 0x00000000303d1073
core   0: >>>>  $xrv64i2p1_m2p0_a2p1_f2p2_d2p2_zicsr2p0_zifencei2p0_zmmul1p0_zba1p0_zbb1p0_zbc1p0_zbs1p0
core   0: 0x0000000080004000 (0x0080006f) j       pc + 0x8
core   0: 3 0x0000000080004000 (0x0080006f)
core   0: >>>>  mmode_exception_handler
core   0: 0x0000000080004008 (0x00002c17) auipc   s8, 0x2
core   0: 3 0x0000000080004008 (0x00002c17) x24 0x0000000080006008
core   0: 0x000000008000400c (0x01ac0c13) addi    s8, s8, 26
core   0: 3 0x000000008000400c (0x01ac0c13) x24 0x0000000080006022
core   0: 0x0000000080004010 (0x000c00e7) jalr    s8
core   0: 3 0x0000000080004010 (0x000c00e7) x1  0x0000000080004014
core   0: >>>>  any_handler
core   0: 0x0000000080006022 (0x341027f3) csrrs   a5, mepc, zero
core   0: 3 0x0000000080006022 (0x341027f3) x15 0x0000000080004950
core   0: 0x0000000080006026 (0x34202773) csrrs   a4, mcause, zero
core   0: 3 0x0000000080006026 (0x34202773) x14 0x0000000000000002
core   0: 0x000000008000602a (0x142026f3) csrrs   a3, scause, zero
core   0: 3 0x000000008000602a (0x142026f3) x13 0x0000000000000000
core   0: 0x000000008000602e (0x30402673) csrrs   a2, mie, zero
core   0: 3 0x000000008000602e (0x30402673) x12 0x0000000000000a00
core   0: 0x0000000080006032 (0x344025f3) csrrs   a1, mip, zero
core   0: 3 0x0000000080006032 (0x344025f3) x11 0x0000000000000080
core   0: 0x0000000080006036 (0x343025f3) csrrs   a1, mtval, zero
core   0: 3 0x0000000080006036 (0x343025f3) x11 0x00000000303d1073
core   0: 0x000000008000603a (0x14302573) csrrs   a0, stval, zero
core   0: 3 0x000000008000603a (0x14302573) x10 0x0000000000000000
core   0: 0x000000008000603e (0xb02024f3) csrrs   s1, minstret, zero
core   0: 3 0x000000008000603e (0xb02024f3) x9  0x0000000000000b40
core   0: 0x0000000080006042 (0x0000a811) c.j     pc + 20
core   0: 3 0x0000000080006042 (0xa811)
core   0: >>>>  mepc_4
core   0: 0x0000000080006056 (0x00000791) c.addi  a5, 4
core   0: 3 0x0000000080006056 (0x0791) x15 0x0000000080004954
core   0: 0x0000000080006058 (0x34179073) csrrw   zero, mepc, a5
core   0: 3 0x0000000080006058 (0x34179073) c833_mepc 0x0000000080004954
core   0: 0x000000008000605c (0x30200073) mret
core   0: 3 0x000000008000605c (0x30200073) c768_mstatus 0x8000000a00106080
core   0: 0x0000000080004954 (0x01001b33) sll     s6, zero, a6
core   0: 1 0x0000000080004954 (0x01001b33) x22 0x0000000000000000
core   0: 0x0000000080004958 (0xd14ef613) andi    a2, t4, -748
core   0: 1 0x0000000080004958 (0xd14ef613) x12 0xfffffff3b79c3800
core   0: 0x000000008000495c (0x002029f3) csrrs   s3, frm, zero
core   0: 1 0x000000008000495c (0x002029f3) x19 0x0000000000000000
core   0: 0x0000000080004960 (0x40e3893b) subw    s2, t2, a4
core   0: 1 0x0000000080004960 (0x40e3893b) x18 0xfffffffffffffffd
core   0: 0x0000000080004964 (0x02f74a33) div     s4, a4, a5
core   0: 1 0x0000000080004964 (0x02f74a33) x20 0x0000000000000000
core   0: 0x0000000080004968 (0x013af533) and     a0, s5, s3
core   0: 1 0x0000000080004968 (0x013af533) x10 0x0000000000000000
core   0: 0x000000008000496c (0xf11fd2f3) csrrwi  t0, mvendorid, 31
core   0: exception trap_illegal_instruction, epc 0x000000008000496c
core   0:           tval 0x00000000f11fd2f3
core   0: >>>>  $xrv64i2p1_m2p0_a2p1_f2p2_d2p2_zicsr2p0_zifencei2p0_zmmul1p0_zba1p0_zbb1p0_zbc1p0_zbs1p0
core   0: 0x0000000080004000 (0x0080006f) j       pc + 0x8
core   0: 3 0x0000000080004000 (0x0080006f)
core   0: >>>>  mmode_exception_handler
core   0: 0x0000000080004008 (0x00002c17) auipc   s8, 0x2
core   0: 3 0x0000000080004008 (0x00002c17) x24 0x0000000080006008
core   0: 0x000000008000400c (0x01ac0c13) addi    s8, s8, 26
core   0: 3 0x000000008000400c (0x01ac0c13) x24 0x0000000080006022
core   0: 0x0000000080004010 (0x000c00e7) jalr    s8
core   0: 3 0x0000000080004010 (0x000c00e7) x1  0x0000000080004014
core   0: >>>>  any_handler
core   0: 0x0000000080006022 (0x341027f3) csrrs   a5, mepc, zero
core   0: 3 0x0000000080006022 (0x341027f3) x15 0x000000008000496c
core   0: 0x0000000080006026 (0x34202773) csrrs   a4, mcause, zero
core   0: 3 0x0000000080006026 (0x34202773) x14 0x0000000000000002
core   0: 0x000000008000602a (0x142026f3) csrrs   a3, scause, zero
core   0: 3 0x000000008000602a (0x142026f3) x13 0x0000000000000000
core   0: 0x000000008000602e (0x30402673) csrrs   a2, mie, zero
core   0: 3 0x000000008000602e (0x30402673) x12 0x0000000000000a00
core   0: 0x0000000080006032 (0x344025f3) csrrs   a1, mip, zero
core   0: 3 0x0000000080006032 (0x344025f3) x11 0x0000000000000080
core   0: 0x0000000080006036 (0x343025f3) csrrs   a1, mtval, zero
core   0: 3 0x0000000080006036 (0x343025f3) x11 0x00000000f11fd2f3
core   0: 0x000000008000603a (0x14302573) csrrs   a0, stval, zero
core   0: 3 0x000000008000603a (0x14302573) x10 0x0000000000000000
core   0: 0x000000008000603e (0xb02024f3) csrrs   s1, minstret, zero
core   0: 3 0x000000008000603e (0xb02024f3) x9  0x0000000000000b56
core   0: 0x0000000080006042 (0x0000a811) c.j     pc + 20
core   0: 3 0x0000000080006042 (0xa811)
core   0: >>>>  mepc_4
core   0: 0x0000000080006056 (0x00000791) c.addi  a5, 4
core   0: 3 0x0000000080006056 (0x0791) x15 0x0000000080004970
core   0: 0x0000000080006058 (0x34179073) csrrw   zero, mepc, a5
core   0: 3 0x0000000080006058 (0x34179073) c833_mepc 0x0000000080004970
core   0: 0x000000008000605c (0x30200073) mret
core   0: 3 0x000000008000605c (0x30200073) c768_mstatus 0x8000000a00106080
core   0: 0x0000000080004970 (0x4005de93) srai    t4, a1, 0
core   0: 1 0x0000000080004970 (0x4005de93) x29 0x00000000f11fd2f3
core   0: 0x0000000080004974 (0x5a0174d3) fsqrt.d fs1, ft2
core   0: 1 0x0000000080004974 (0x5a0174d3) f9  0x7ff8000000000000
core   0: 0x0000000080004978 (0x02e7c63b) divw    a2, a5, a4
core   0: 1 0x0000000080004978 (0x02e7c63b) x12 0xffffffffc00024b8
core   0: 0x000000008000497c (0x02254d33) div     s10, a0, sp
core   0: 1 0x000000008000497c (0x02254d33) x26 0x0000000000000000
core   0: 0x0000000080004980 (0x01a79d3b) sllw    s10, a5, s10
core   0: 1 0x0000000080004980 (0x01a79d3b) x26 0xffffffff80004970
core   0: 0x0000000080004984 (0x00149a93) slli    s5, s1, 1
core   0: 1 0x0000000080004984 (0x00149a93) x21 0x00000000000016ac
core   0: 0x0000000080004988 (0xe20607d3) fmv.x.d a5, fa2
core   0: 1 0x0000000080004988 (0xe20607d3) x15 0xffffffff00000000
core   0: 0x000000008000498c (0x401dfd53) fcvt.s.d fs10, fs11
core   0: 1 0x000000008000498c (0x401dfd53) f26 0xffffffff00000000
core   0: 0x0000000080004990 (0x80058593) addi    a1, a1, -2048
core   0: 1 0x0000000080004990 (0x80058593) x11 0x00000000f11fcaf3
core   0: 0x0000000080004994 (0xd030f3d3) fcvt.s.lu ft7, ra
core   0: 1 0x0000000080004994 (0xd030f3d3) c1_fflags 0x0000000000000011 f7  0xffffffff4f000040
core   0: 0x0000000080004998 (0x42c6764f) fnmadd.d fa2, fa2, fa2, fs0
core   0: 1 0x0000000080004998 (0x42c6764f) f12 0x7ff8000000000000
core   0: 0x000000008000499c (0x00102df3) csrrs   s11, fflags, zero
core   0: 1 0x000000008000499c (0x00102df3) x27 0x0000000000000011
core   0: 0x00000000800049a0 (0x004ddb9b) srliw   s7, s11, 4
core   0: 1 0x00000000800049a0 (0x004ddb9b) x23 0x0000000000000001
core   0: 0x00000000800049a4 (0x2b501ad3) fmax.d  fs5, ft0, fs5
core   0: 1 0x00000000800049a4 (0x2b501ad3) f21 0x0000000000000000
core   0: 0x00000000800049a8 (0x01507033) and     zero, zero, s5
core   0: 1 0x00000000800049a8 (0x01507033)
core   0: 0x00000000800049ac (0x01ce5e33) srl     t3, t3, t3
core   0: 1 0x00000000800049ac (0x01ce5e33) x28 0x0000000000000000
core   0: 0x00000000800049b0 (0x4088d6bb) sraw    a3, a7, s0
core   0: 1 0x00000000800049b0 (0x4088d6bb) x13 0x0000000000000000
core   0: 0x00000000800049b4 (0x42814a13) xori    s4, sp, 1064
core   0: 1 0x00000000800049b4 (0x42814a13) x20 0x0000000000000438
core   0: 0x00000000800049b8 (0x00000001) c.nop
core   0: 1 0x00000000800049b8 (0x0001)
core   0: 0x00000000800049ba (0x22ad1d53) fsgnjn.d fs10, fs10, fa0
core   0: 1 0x00000000800049ba (0x22ad1d53) f26 0xffffffff00000000
core   0: 0x00000000800049be (0xc02a7d53) fcvt.l.s s10, fs4
core   0: 1 0x00000000800049be (0xc02a7d53) c1_fflags 0x0000000000000011 x26 0x7fffffffffffffff
core   0: 0x00000000800049c2 (0x01a5909b) slliw   ra, a1, 26
core   0: 1 0x00000000800049c2 (0x01a5909b) x1  0xffffffffcc000000
core   0: 0x00000000800049c6 (0x2bce1553) fmax.d  fa0, ft8, ft8
core   0: 1 0x00000000800049c6 (0x2bce1553) f10 0x7ff8000000000000
core   0: 0x00000000800049ca (0xf135d673) csrrwi  a2, mimpid, 11
core   0: exception trap_illegal_instruction, epc 0x00000000800049ca
core   0:           tval 0x00000000f135d673
core   0: >>>>  $xrv64i2p1_m2p0_a2p1_f2p2_d2p2_zicsr2p0_zifencei2p0_zmmul1p0_zba1p0_zbb1p0_zbc1p0_zbs1p0
core   0: 0x0000000080004000 (0x0080006f) j       pc + 0x8
core   0: 3 0x0000000080004000 (0x0080006f)
core   0: >>>>  mmode_exception_handler
core   0: 0x0000000080004008 (0x00002c17) auipc   s8, 0x2
core   0: 3 0x0000000080004008 (0x00002c17) x24 0x0000000080006008
core   0: 0x000000008000400c (0x01ac0c13) addi    s8, s8, 26
core   0: 3 0x000000008000400c (0x01ac0c13) x24 0x0000000080006022
core   0: 0x0000000080004010 (0x000c00e7) jalr    s8
core   0: 3 0x0000000080004010 (0x000c00e7) x1  0x0000000080004014
core   0: >>>>  any_handler
core   0: 0x0000000080006022 (0x341027f3) csrrs   a5, mepc, zero
core   0: 3 0x0000000080006022 (0x341027f3) x15 0x00000000800049ca
core   0: 0x0000000080006026 (0x34202773) csrrs   a4, mcause, zero
core   0: 3 0x0000000080006026 (0x34202773) x14 0x0000000000000002
core   0: 0x000000008000602a (0x142026f3) csrrs   a3, scause, zero
core   0: 3 0x000000008000602a (0x142026f3) x13 0x0000000000000000
core   0: 0x000000008000602e (0x30402673) csrrs   a2, mie, zero
core   0: 3 0x000000008000602e (0x30402673) x12 0x0000000000000a00
core   0: 0x0000000080006032 (0x344025f3) csrrs   a1, mip, zero
core   0: 3 0x0000000080006032 (0x344025f3) x11 0x0000000000000080
core   0: 0x0000000080006036 (0x343025f3) csrrs   a1, mtval, zero
core   0: 3 0x0000000080006036 (0x343025f3) x11 0x00000000f135d673
core   0: 0x000000008000603a (0x14302573) csrrs   a0, stval, zero
core   0: 3 0x000000008000603a (0x14302573) x10 0x0000000000000000
core   0: 0x000000008000603e (0xb02024f3) csrrs   s1, minstret, zero
core   0: 3 0x000000008000603e (0xb02024f3) x9  0x0000000000000b7d
core   0: 0x0000000080006042 (0x0000a811) c.j     pc + 20
core   0: 3 0x0000000080006042 (0xa811)
core   0: >>>>  mepc_4
core   0: 0x0000000080006056 (0x00000791) c.addi  a5, 4
core   0: 3 0x0000000080006056 (0x0791) x15 0x00000000800049ce
core   0: 0x0000000080006058 (0x34179073) csrrw   zero, mepc, a5
core   0: 3 0x0000000080006058 (0x34179073) c833_mepc 0x00000000800049ce
core   0: 0x000000008000605c (0x30200073) mret
core   0: 3 0x000000008000605c (0x30200073) c768_mstatus 0x8000000a00106080
core   0: 0x00000000800049ce (0x025e82bb) mulw    t0, t4, t0
core   0: 1 0x00000000800049ce (0x025e82bb) x5  0x0000000000000000
core   0: 0x00000000800049d2 (0xc704fe13) andi    t3, s1, -912
core   0: 1 0x00000000800049d2 (0xc704fe13) x28 0x0000000000000870
core   0: 0x00000000800049d6 (0x42098dd3) fcvt.d.s fs11, fs3
core   0: 1 0x00000000800049d6 (0x42098dd3) f27 0x0000000000000000
core   0: 0x00000000800049da (0x010818bb) sllw    a7, a6, a6
core   0: 1 0x00000000800049da (0x010818bb) x17 0x0000000000000000
core   0: 0x00000000800049de (0x6b954b13) xori    s6, a0, 1721
core   0: 1 0x00000000800049de (0x6b954b13) x22 0x00000000000006b9
core   0: 0x00000000800049e2 (0xe2098e53) fmv.x.d t3, fs3
core   0: 1 0x00000000800049e2 (0xe2098e53) x28 0xffffffff00000000
core   0: 0x00000000800049e6 (0x00ee26b3) slt     a3, t3, a4
core   0: 1 0x00000000800049e6 (0x00ee26b3) x13 0x0000000000000001
core   0: 0x00000000800049ea (0xe2020753) fmv.x.d a4, ft4
core   0: 1 0x00000000800049ea (0xe2020753) x14 0xffffffff7fc00000
core   0: 0x00000000800049ee (0x00a55533) srl     a0, a0, a0
core   0: 1 0x00000000800049ee (0x00a55533) x10 0x0000000000000000
core   0: 0x00000000800049f2 (0x13297e53) fmul.d  ft8, fs2, fs2
core   0: 1 0x00000000800049f2 (0x13297e53) f28 0x0000000000000000
core   0: 0x00000000800049f6 (0x001a1cf3) csrrw   s9, fflags, s4
core   0: 1 0x00000000800049f6 (0x001a1cf3) x25 0x0000000000000011 c1_fflags 0x0000000000000018
core   0: 0x00000000800049fa (0x00a643b3) xor     t2, a2, a0
core   0: 1 0x00000000800049fa (0x00a643b3) x7  0x0000000000000a00
core   0: 0x00000000800049fe (0xd2130fd3) fcvt.d.wu ft11, t1
core   0: 1 0x00000000800049fe (0xd2130fd3) f31 0x0000000000000000
core   0: 0x0000000080004a02 (0x0348d5b3) divu    a1, a7, s4
core   0: 1 0x0000000080004a02 (0x0348d5b3) x11 0x0000000000000000
core   0: 0x0000000080004a06 (0x123c79d3) fmul.d  fs3, fs8, ft3
core   0: 1 0x0000000080004a06 (0x123c79d3) f19 0x7ff8000000000000
core   0: 0x0000000080004a0a (0x0027d13b) srlw    sp, a5, sp
core   0: 1 0x0000000080004a0a (0x0027d13b) x2  0x0000000000008000
core   0: 0x0000000080004a0e (0x01730ebb) addw    t4, t1, s7
core   0: 1 0x0000000080004a0e (0x01730ebb) x29 0x0000000000000001
core   0: 0x0000000080004a12 (0x029c3433) mulhu   s0, s8, s1
core   0: 1 0x0000000080004a12 (0x029c3433) x8  0x0000000000000000
core   0: 0x0000000080004a16 (0x0a30f34f) fnmadd.d ft6, ft1, ft3, ft1
core   0: 1 0x0000000080004a16 (0x0a30f34f) f6  0x7ff8000000000000
core   0: 0x0000000080004a1a (0x0017991b) slliw   s2, a5, 1
core   0: 1 0x0000000080004a1a (0x0017991b) x18 0x000000000000939c
core   0: 0x0000000080004a1e (0x10079e73) csrrw   t3, sstatus, a5
core   0: 1 0x0000000080004a1e (0x10079e73) x28 0x8000000200006000 c768_mstatus 0x0000000a00104182
core   0: 0x0000000080004a22 (0x0000869e) c.mv    a3, t2
core   0: 1 0x0000000080004a22 (0x869e) x13 0x0000000000000a00
core   0: 0x0000000080004a24 (0x99d68a1b) addiw   s4, a3, -1635
core   0: 1 0x0000000080004a24 (0x99d68a1b) x20 0x000000000000039d
core   0: 0x0000000080004a28 (0x00109b9b) slliw   s7, ra, 1
core   0: 1 0x0000000080004a28 (0x00109b9b) x23 0x0000000000008028
core   0: 0x0000000080004a2c (0x00000001) c.nop
core   0: 1 0x0000000080004a2c (0x0001)
core   0: 0x0000000080004a2e (0x0164519b) srliw   gp, s0, 22
core   0: 1 0x0000000080004a2e (0x0164519b) x3  0x0000000000000000
core   0: 0x0000000080004a32 (0x00000001) c.nop
core   0: 1 0x0000000080004a32 (0x0001)
core   0: 0x0000000080004a34 (0xc231f6d3) fcvt.lu.d a3, ft3
core   0: 1 0x0000000080004a34 (0xc231f6d3) x13 0x0000000000000000
core   0: 0x0000000080004a38 (0x002df133) and     sp, s11, sp
core   0: 1 0x0000000080004a38 (0x002df133) x2  0x0000000000000000
core   0: 0x0000000080004a3c (0x436bda13) srai    s4, s7, 54
core   0: 1 0x0000000080004a3c (0x436bda13) x20 0x0000000000000000
core   0: 0x0000000080004a40 (0x001314f3) csrrw   s1, fflags, t1
core   0: 1 0x0000000080004a40 (0x001314f3) x9  0x0000000000000018 c1_fflags 0x0000000000000000 c768_mstatus 0x8000000a00106182
core   0: 0x0000000080004a44 (0x02e9c23b) divw    tp, s3, a4
core   0: 1 0x0000000080004a44 (0x02e9c23b) x4  0x0000000000000000
core   0: 0x0000000080004a48 (0x4052833b) subw    t1, t0, t0
core   0: 1 0x0000000080004a48 (0x4052833b) x6  0x0000000000000000
core   0: 0x0000000080004a4c (0x003d4633) xor     a2, s10, gp
core   0: 1 0x0000000080004a4c (0x003d4633) x12 0x7fffffffffffffff
core   0: 0x0000000080004a50 (0x01959d33) sll     s10, a1, s9
core   0: 1 0x0000000080004a50 (0x01959d33) x26 0x0000000000000000
core   0: 0x0000000080004a54 (0x00000001) c.nop
core   0: 1 0x0000000080004a54 (0x0001)
core   0: 0x0000000080004a56 (0x13d9fed3) fmul.d  ft9, fs3, ft9
core   0: 1 0x0000000080004a56 (0x13d9fed3) f29 0x7ff8000000000000
core   0: 0x0000000080004a5a (0x61a95217) auipc   tp, 0x61a95
core   0: 1 0x0000000080004a5a (0x61a95217) x4  0x00000000e1a99a5a
core   0: 0x0000000080004a5e (0xd2000353) fcvt.d.w ft6, zero
core   0: 1 0x0000000080004a5e (0xd2000353) f6  0x0000000000000000
core   0: 0x0000000080004a62 (0x9d0eba17) auipc   s4, 0x9d0eb
core   0: 1 0x0000000080004a62 (0x9d0eba17) x20 0x000000001d0efa62
core   0: 0x0000000080004a66 (0x01569a3b) sllw    s4, a3, s5
core   0: 1 0x0000000080004a66 (0x01569a3b) x20 0x0000000000000000
core   0: 0x0000000080004a6a (0xd2287c53) fcvt.d.l fs8, a6
core   0: 1 0x0000000080004a6a (0xd2287c53) f24 0x0000000000000000
core   0: 0x0000000080004a6e (0x8b18f0cb) fnmsub.d ft1, fa7, fa7, fa7
core   0: 1 0x0000000080004a6e (0x8b18f0cb) f1  0x7ff8000000000000
core   0: 0x0000000080004a72 (0xf35afc43) fmadd.d fs8, fs5, fs5, ft10
core   0: 1 0x0000000080004a72 (0xf35afc43) f24 0xfff0000000000000
core   0: 0x0000000080004a76 (0x00000001) c.nop
core   0: 1 0x0000000080004a76 (0x0001)
core   0: 0x0000000080004a78 (0x034adb3b) divuw   s6, s5, s4
core   0: 1 0x0000000080004a78 (0x034adb3b) x22 0xffffffffffffffff
core   0: 0x0000000080004a7c (0x00202873) csrrs   a6, frm, zero
core   0: 1 0x0000000080004a7c (0x00202873) x16 0x0000000000000000
core   0: 0x0000000080004a80 (0x00000001) c.nop
core   0: 1 0x0000000080004a80 (0x0001)
core   0: 0x0000000080004a82 (0xd23b72d3) fcvt.d.lu ft5, s6
core   0: 1 0x0000000080004a82 (0xd23b72d3) c1_fflags 0x0000000000000001 f5  0x43f0000000000000
core   0: 0x0000000080004a86 (0x8b16f743) fmadd.d fa4, fa3, fa7, fa7
core   0: 1 0x0000000080004a86 (0x8b16f743) f14 0x7ff8000000000000
core   0: 0x0000000080004a8a (0x0174cd33) xor     s10, s1, s7
core   0: 1 0x0000000080004a8a (0x0174cd33) x26 0x0000000000008030
core   0: 0x0000000080004a8e (0x036a1493) slli    s1, s4, 54
core   0: 1 0x0000000080004a8e (0x036a1493) x9  0x0000000000000000
core   0: 0x0000000080004a92 (0xc20c74d3) fcvt.w.d s1, fs8
core   0: 1 0x0000000080004a92 (0xc20c74d3) c1_fflags 0x0000000000000011 x9  0xffffffff80000000
core   0: 0x0000000080004a96 (0xe2010553) fmv.x.d a0, ft2
core   0: 1 0x0000000080004a96 (0xe2010553) x10 0x7ff8000000000000
core   0: 0x0000000080004a9a (0xd03effd3) fcvt.s.lu ft11, t4
core   0: 1 0x0000000080004a9a (0xd03effd3) f31 0xffffffff3f800000
core   0: 0x0000000080004a9e (0xb8a5049b) addiw   s1, a0, -1142
core   0: 1 0x0000000080004a9e (0xb8a5049b) x9  0xfffffffffffffb8a
core   0: 0x0000000080004aa2 (0x0201ea3b) remw    s4, gp, zero
core   0: 1 0x0000000080004aa2 (0x0201ea3b) x20 0x0000000000000000
core   0: 0x0000000080004aa6 (0x00000001) c.nop
core   0: 1 0x0000000080004aa6 (0x0001)
core   0: 0x0000000080004aa8 (0x42b85493) srai    s1, a6, 43
core   0: 1 0x0000000080004aa8 (0x42b85493) x9  0x0000000000000000
core   0: 0x0000000080004aac (0xd2150153) fcvt.d.wu ft2, a0
core   0: 1 0x0000000080004aac (0xd2150153) f2  0x0000000000000000
core   0: 0x0000000080004ab0 (0x002d9df3) csrrw   s11, frm, s11
core   0: 1 0x0000000080004ab0 (0x002d9df3) x27 0x0000000000000000 c2_frm 0x0000000000000001
core   0: 0x0000000080004ab4 (0x0075543b) srlw    s0, a0, t2
core   0: 1 0x0000000080004ab4 (0x0075543b) x8  0x0000000000000000
core   0: 0x0000000080004ab8 (0x00009d29) c.addw  a0, a0
core   0: 1 0x0000000080004ab8 (0x9d29) x10 0x0000000000000000
core   0: 0x0000000080004aba (0x40015e93) srai    t4, sp, 0
core   0: 1 0x0000000080004aba (0x40015e93) x29 0x0000000000000000
core   0: 0x0000000080004abe (0x1be1f3d3) fdiv.d  ft7, ft3, ft10
core   0: 1 0x0000000080004abe (0x1be1f3d3) f7  0x8000000000000000
core   0: 0x0000000080004ac2 (0x00009251) c.srli  a2, 52
core   0: 1 0x0000000080004ac2 (0x9251) x12 0x00000000000007ff
core   0: 0x0000000080004ac4 (0x0062cc33) xor     s8, t0, t1
core   0: 1 0x0000000080004ac4 (0x0062cc33) x24 0x0000000000000000
core   0: 0x0000000080004ac8 (0x420708d3) fcvt.d.s fa7, fa4
core   0: 1 0x0000000080004ac8 (0x420708d3) f17 0x7ff8000000000000
core   0: 0x0000000080004acc (0x411a8dbb) subw    s11, s5, a7
core   0: 1 0x0000000080004acc (0x411a8dbb) x27 0x00000000000016ac
core   0: 0x0000000080004ad0 (0xc20c7bd3) fcvt.w.d s7, fs8
core   0: 1 0x0000000080004ad0 (0xc20c7bd3) c1_fflags 0x0000000000000011 x23 0xffffffff80000000
core   0: 0x0000000080004ad4 (0x23938653) fsgnj.d fa2, ft7, fs9
core   0: 1 0x0000000080004ad4 (0x23938653) f12 0x0000000000000000
core   0: 0x0000000080004ad8 (0x012ddd33) srl     s10, s11, s2
core   0: 1 0x0000000080004ad8 (0x012ddd33) x26 0x0000000000000000
core   0: 0x0000000080004adc (0x41db85bb) subw    a1, s7, t4
core   0: 1 0x0000000080004adc (0x41db85bb) x11 0xffffffff80000000
core   0: 0x0000000080004ae0 (0x0219f0d3) fadd.d  ft1, fs3, ft1
core   0: 1 0x0000000080004ae0 (0x0219f0d3) f1  0x7ff8000000000000
core   0: 0x0000000080004ae4 (0x021cfa53) fadd.d  fs4, fs9, ft1
core   0: 1 0x0000000080004ae4 (0x021cfa53) f20 0x7ff8000000000000
core   0: 0x0000000080004ae8 (0x03963c33) mulhu   s8, a2, s9
core   0: 1 0x0000000080004ae8 (0x03963c33) x24 0x0000000000000000
core   0: 0x0000000080004aec (0x0ba8f8d3) fsub.d  fa7, fa7, fs10
core   0: 1 0x0000000080004aec (0x0ba8f8d3) f17 0x7ff8000000000000
core   0: 0x0000000080004af0 (0xd20c81d3) fcvt.d.w ft3, s9
core   0: 1 0x0000000080004af0 (0xd20c81d3) f3  0x4031000000000000
core   0: 0x0000000080004af4 (0xfa79bd37) lui     s10, 0xfa79b
core   0: 1 0x0000000080004af4 (0xfa79bd37) x26 0xfffffffffa79b000
core   0: 0x0000000080004af8 (0xb13d0d1b) addiw   s10, s10, -1261
core   0: 1 0x0000000080004af8 (0xb13d0d1b) x26 0xfffffffffa79ab13
core   0: 0x0000000080004afc (0x00000d32) c.slli  s10, 12
core   0: 1 0x0000000080004afc (0x0d32) x26 0xffffffa79ab13000
core   0: 0x0000000080004afe (0x17ad0d13) addi    s10, s10, 378
core   0: 1 0x0000000080004afe (0x17ad0d13) x26 0xffffffa79ab1317a
core   0: 0x0000000080004b02 (0x93c97e4f) fnmadd.d ft8, fs2, ft8, fs2
core   0: 1 0x0000000080004b02 (0x93c97e4f) f28 0x8000000000000000
core   0: 0x0000000080004b06 (0xc204f253) fcvt.w.d tp, fs1
core   0: 1 0x0000000080004b06 (0xc204f253) c1_fflags 0x0000000000000011 x4  0x000000007fffffff
core   0: 0x0000000080004b0a (0xdbbcec93) ori     s9, s9, -581
core   0: 1 0x0000000080004b0a (0xdbbcec93) x25 0xfffffffffffffdbb
core   0: 0x0000000080004b0e (0x220103d3) fsgnj.d ft7, ft2, ft0
core   0: 1 0x0000000080004b0e (0x220103d3) f7  0x8000000000000000
core   0: 0x0000000080004b12 (0x12767bd3) fmul.d  fs7, fa2, ft7
core   0: 1 0x0000000080004b12 (0x12767bd3) f23 0x8000000000000000
core   0: 0x0000000080004b16 (0xc20c7153) fcvt.w.d sp, fs8
core   0: 1 0x0000000080004b16 (0xc20c7153) c1_fflags 0x0000000000000011 x2  0xffffffff80000000
core   0: 0x0000000080004b1a (0x22e61a53) fsgnjn.d fs4, fa2, fa4
core   0: 1 0x0000000080004b1a (0x22e61a53) f20 0x8000000000000000
core   0: 0x0000000080004b1e (0x420dd513) srai    a0, s11, 32
core   0: 1 0x0000000080004b1e (0x420dd513) x10 0x0000000000000000
core   0: 0x0000000080004b22 (0x40015693) srai    a3, sp, 0
core   0: 1 0x0000000080004b22 (0x40015693) x13 0xffffffff80000000
core   0: 0x0000000080004b26 (0xa2047313) andi    t1, s0, -1504
core   0: 1 0x0000000080004b26 (0xa2047313) x6  0x0000000000000000
core   0: 0x0000000080004b2a (0x001b9bf3) csrrw   s7, fflags, s7
core   0: 1 0x0000000080004b2a (0x001b9bf3) x23 0x0000000000000011 c1_fflags 0x0000000000000000
core   0: 0x0000000080004b2e (0x00291873) csrrw   a6, frm, s2
core   0: 1 0x0000000080004b2e (0x00291873) x16 0x0000000000000001 c2_frm 0x0000000000000004
core   0: 0x0000000080004b32 (0x001bd413) srli    s0, s7, 1
core   0: 1 0x0000000080004b32 (0x001bd413) x8  0x0000000000000008
core   0: 0x0000000080004b36 (0x22d29f53) fsgnjn.d ft10, ft5, fa3
core   0: 1 0x0000000080004b36 (0x22d29f53) f30 0x43f0000000000000
core   0: 0x0000000080004b3a (0x415988b3) sub     a7, s3, s5
core   0: 1 0x0000000080004b3a (0x415988b3) x17 0xffffffffffffe954
core   0: 0x0000000080004b3e (0x00009e93) slli    t4, ra, 0
core   0: 1 0x0000000080004b3e (0x00009e93) x29 0x0000000080004014
core   0: 0x0000000080004b42 (0x03339b13) slli    s6, t2, 51
core   0: 1 0x0000000080004b42 (0x03339b13) x22 0x5000000000000000
core   0: 0x0000000080004b46 (0x001e9773) csrrw   a4, fflags, t4
core   0: 1 0x0000000080004b46 (0x001e9773) x14 0x0000000000000000 c1_fflags 0x0000000000000014
core   0: 0x0000000080004b4a (0x401680bb) subw    ra, a3, ra
core   0: 1 0x0000000080004b4a (0x401680bb) x1  0xffffffffffffbfec
core   0: 0x0000000080004b4e (0x2bc69953) fmax.d  fs2, fa3, ft8
core   0: 1 0x0000000080004b4e (0x2bc69953) f18 0x8000000000000000
core   0: 0x0000000080004b52 (0x02b81d13) slli    s10, a6, 43
core   0: 1 0x0000000080004b52 (0x02b81d13) x26 0x0000080000000000
core   0: 0x0000000080004b56 (0x407287bb) subw    a5, t0, t2
core   0: 1 0x0000000080004b56 (0x407287bb) x15 0xfffffffffffff600
core   0: 0x0000000080004b5a (0xbb124e93) xori    t4, tp, -1103
core   0: 1 0x0000000080004b5a (0xbb124e93) x29 0xffffffff8000044e
core   0: 0x0000000080004b5e (0x40be023b) subw    tp, t3, a1
core   0: 1 0x0000000080004b5e (0x40be023b) x4  0xffffffff80006000
core   0: 0x0000000080004b62 (0x00169073) csrrw   zero, fflags, a3
core   0: 1 0x0000000080004b62 (0x00169073) c1_fflags 0x0000000000000000
core   0: 0x0000000080004b66 (0x415d8ab3) sub     s5, s11, s5
core   0: 1 0x0000000080004b66 (0x415d8ab3) x21 0x0000000000000000
core   0: 0x0000000080004b6a (0x0309ec3b) remw    s8, s3, a6
core   0: 1 0x0000000080004b6a (0x0309ec3b) x24 0x0000000000000000
core   0: 0x0000000080004b6e (0x1bc07d53) fdiv.d  fs10, ft0, ft8
core   0: 1 0x0000000080004b6e (0x1bc07d53) f26 0x7ff8000000000000
core   0: 0x0000000080004b72 (0x0169eb33) or      s6, s3, s6
core   0: 1 0x0000000080004b72 (0x0169eb33) x22 0x5000000000000000
core   0: 0x0000000080004b76 (0x00711e9b) slliw   t4, sp, 7
core   0: 1 0x0000000080004b76 (0x00711e9b) x29 0x0000000000000000
core   0: 0x0000000080004b7a (0x0005551b) srliw   a0, a0, 0
core   0: 1 0x0000000080004b7a (0x0005551b) x10 0x0000000000000000
core   0: 0x0000000080004b7e (0xb8202af3) csrrs   s5, minstreth, zero
core   0: exception trap_illegal_instruction, epc 0x0000000080004b7e
core   0:           tval 0x00000000b8202af3
core   0: >>>>  $xrv64i2p1_m2p0_a2p1_f2p2_d2p2_zicsr2p0_zifencei2p0_zmmul1p0_zba1p0_zbb1p0_zbc1p0_zbs1p0
core   0: 0x0000000080004000 (0x0080006f) j       pc + 0x8
core   0: 3 0x0000000080004000 (0x0080006f)
core   0: >>>>  mmode_exception_handler
core   0: 0x0000000080004008 (0x00002c17) auipc   s8, 0x2
core   0: 3 0x0000000080004008 (0x00002c17) x24 0x0000000080006008
core   0: 0x000000008000400c (0x01ac0c13) addi    s8, s8, 26
core   0: 3 0x000000008000400c (0x01ac0c13) x24 0x0000000080006022
core   0: 0x0000000080004010 (0x000c00e7) jalr    s8
core   0: 3 0x0000000080004010 (0x000c00e7) x1  0x0000000080004014
core   0: >>>>  any_handler
core   0: 0x0000000080006022 (0x341027f3) csrrs   a5, mepc, zero
core   0: 3 0x0000000080006022 (0x341027f3) x15 0x0000000080004b7e
core   0: 0x0000000080006026 (0x34202773) csrrs   a4, mcause, zero
core   0: 3 0x0000000080006026 (0x34202773) x14 0x0000000000000002
core   0: 0x000000008000602a (0x142026f3) csrrs   a3, scause, zero
core   0: 3 0x000000008000602a (0x142026f3) x13 0x0000000000000000
core   0: 0x000000008000602e (0x30402673) csrrs   a2, mie, zero
core   0: 3 0x000000008000602e (0x30402673) x12 0x0000000000000a00
core   0: 0x0000000080006032 (0x344025f3) csrrs   a1, mip, zero
core   0: 3 0x0000000080006032 (0x344025f3) x11 0x0000000000000080
core   0: 0x0000000080006036 (0x343025f3) csrrs   a1, mtval, zero
core   0: 3 0x0000000080006036 (0x343025f3) x11 0x00000000b8202af3
core   0: 0x000000008000603a (0x14302573) csrrs   a0, stval, zero
core   0: 3 0x000000008000603a (0x14302573) x10 0x0000000000000000
core   0: 0x000000008000603e (0xb02024f3) csrrs   s1, minstret, zero
core   0: 3 0x000000008000603e (0xb02024f3) x9  0x0000000000000bfe
core   0: 0x0000000080006042 (0x0000a811) c.j     pc + 20
core   0: 3 0x0000000080006042 (0xa811)
core   0: >>>>  mepc_4
core   0: 0x0000000080006056 (0x00000791) c.addi  a5, 4
core   0: 3 0x0000000080006056 (0x0791) x15 0x0000000080004b82
core   0: 0x0000000080006058 (0x34179073) csrrw   zero, mepc, a5
core   0: 3 0x0000000080006058 (0x34179073) c833_mepc 0x0000000080004b82
core   0: 0x000000008000605c (0x30200073) mret
core   0: 3 0x000000008000605c (0x30200073) c768_mstatus 0x8000000a00106182
core   0: 0x0000000080004b82 (0x0136d6b3) srl     a3, a3, s3
core   0: 1 0x0000000080004b82 (0x0136d6b3) x13 0x0000000000000000
core   0: 0x0000000080004b86 (0x00d28b3b) addw    s6, t0, a3
core   0: 1 0x0000000080004b86 (0x00d28b3b) x22 0x0000000000000000
core   0: 0x0000000080004b8a (0x033229b3) mulhsu  s3, tp, s3
core   0: 1 0x0000000080004b8a (0x033229b3) x19 0x0000000000000000
core   0: 0x0000000080004b8e (0x024ee4b3) rem     s1, t4, tp
core   0: 1 0x0000000080004b8e (0x024ee4b3) x9  0x0000000000000000
core   0: 0x0000000080004b92 (0x2bad98d3) fmax.d  fa7, fs11, fs10
core   0: 1 0x0000000080004b92 (0x2bad98d3) f17 0x0000000000000000
core   0: 0x0000000080004b96 (0x0367d333) divu    t1, a5, s6
core   0: 1 0x0000000080004b96 (0x0367d333) x6  0xffffffffffffffff
core   0: 0x0000000080004b9a (0x0399ecb3) rem     s9, s3, s9
core   0: 1 0x0000000080004b9a (0x0399ecb3) x25 0x0000000000000000
core   0: 0x0000000080004b9e (0x40455c9b) sraiw   s9, a0, 4
core   0: 1 0x0000000080004b9e (0x40455c9b) x25 0x0000000000000000
core   0: 0x0000000080004ba2 (0x02417e3b) remuw   t3, sp, tp
core   0: 1 0x0000000080004ba2 (0x02417e3b) x28 0xffffffff80000000
core   0: 0x0000000080004ba6 (0xc029f4d3) fcvt.l.s s1, fs3
core   0: 1 0x0000000080004ba6 (0xc029f4d3) c1_fflags 0x0000000000000010 x9  0x7fffffffffffffff
core   0: 0x0000000080004baa (0xa2888353) fle.d   t1, fa7, fs0
core   0: 1 0x0000000080004baa (0xa2888353) c1_fflags 0x0000000000000010 x6  0x0000000000000000
core   0: 0x0000000080004bae (0xdb114513) xori    a0, sp, -591
core   0: 1 0x0000000080004bae (0xdb114513) x10 0x000000007ffffdb1
core   0: 0x0000000080004bb2 (0x002021f3) csrrs   gp, frm, zero
core   0: 1 0x0000000080004bb2 (0x002021f3) x3  0x0000000000000004
core   0: 0x0000000080004bb6 (0x0035803b) addw    zero, a1, gp
core   0: 1 0x0000000080004bb6 (0x0035803b)
core   0: 0x0000000080004bba (0x0000873a) c.mv    a4, a4
core   0: 1 0x0000000080004bba (0x873a) x14 0x0000000000000002
core   0: 0x0000000080004bbc (0x41715b13) srai    s6, sp, 23
core   0: 1 0x0000000080004bbc (0x41715b13) x22 0xffffffffffffff00
core   0: 0x0000000080004bc0 (0x02acca3b) divw    s4, s9, a0
core   0: 1 0x0000000080004bc0 (0x02acca3b) x20 0x0000000000000000
core   0: 0x0000000080004bc4 (0x020d7db3) remu    s11, s10, zero
core   0: 1 0x0000000080004bc4 (0x020d7db3) x27 0x0000080000000000
core   0: 0x0000000080004bc8 (0x00000706) c.slli  a4, 1
core   0: 1 0x0000000080004bc8 (0x0706) x14 0x0000000000000004
core   0: 0x0000000080004bca (0xa3a984d3) fle.d   s1, fs3, fs10
core   0: 1 0x0000000080004bca (0xa3a984d3) c1_fflags 0x0000000000000010 x9  0x0000000000000000
core   0: 0x0000000080004bce (0x4171d033) sra     zero, gp, s7
core   0: 1 0x0000000080004bce (0x4171d033)
core   0: 0x0000000080004bd2 (0x01d4ceb3) xor     t4, s1, t4
core   0: 1 0x0000000080004bd2 (0x01d4ceb3) x29 0x0000000000000000
core   0: 0x0000000080004bd6 (0x002022f3) csrrs   t0, frm, zero
core   0: 1 0x0000000080004bd6 (0x002022f3) x5  0x0000000000000004
core   0: 0x0000000080004bda (0x032b5dbb) divuw   s11, s6, s2
core   0: 1 0x0000000080004bda (0x032b5dbb) x27 0x000000000001bbfb
core   0: 0x0000000080004bde (0x231d09d3) fsgnj.d fs3, fs10, fa7
core   0: 1 0x0000000080004bde (0x231d09d3) f19 0x7ff8000000000000
core   0: 0x0000000080004be2 (0x00466633) or      a2, a2, tp
core   0: 1 0x0000000080004be2 (0x00466633) x12 0xffffffff80006a00
core   0: 0x0000000080004be6 (0x23190953) fsgnj.d fs2, fs2, fa7
core   0: 1 0x0000000080004be6 (0x23190953) f18 0x0000000000000000
core   0: 0x0000000080004bea (0xf6685b97) auipc   s7, 0xf6685
core   0: 1 0x0000000080004bea (0xf6685b97) x23 0x0000000076689bea
core   0: 0x0000000080004bee (0xe2018553) fmv.x.d a0, ft3
core   0: 1 0x0000000080004bee (0xe2018553) x10 0x4031000000000000
core   0: 0x0000000080004bf2 (0x002410f3) csrrw   ra, frm, s0
core   0: 1 0x0000000080004bf2 (0x002410f3) x1  0x0000000000000004 c2_frm 0x0000000000000000
core   0: 0x0000000080004bf6 (0x03745c3b) divuw   s8, s0, s7
core   0: 1 0x0000000080004bf6 (0x03745c3b) x24 0x0000000000000000
core   0: 0x0000000080004bfa (0xc2297a53) fcvt.l.d s4, fs2
core   0: 1 0x0000000080004bfa (0xc2297a53) x20 0x0000000000000000
core   0: 0x0000000080004bfe (0xfffcf993) andi    s3, s9, -1
core   0: 1 0x0000000080004bfe (0xfffcf993) x19 0x0000000000000000
core   0: 0x0000000080004c02 (0xf3e0704f) fnmadd.d ft0, ft0, ft10, ft10
core   0: 1 0x0000000080004c02 (0xf3e0704f) f0  0x7ff8000000000000
core   0: 0x0000000080004c06 (0x03f09413) slli    s0, ra, 63
core   0: 1 0x0000000080004c06 (0x03f09413) x8  0x0000000000000000
core   0: 0x0000000080004c0a (0xc0214517) auipc   a0, 0xc0214
core   0: 1 0x0000000080004c0a (0xc0214517) x10 0x0000000040218c0a
core   0: 0x0000000080004c0e (0x7ffbf013) andi    zero, s7, 2047
core   0: 1 0x0000000080004c0e (0x7ffbf013)
core   0: 0x0000000080004c12 (0x2364a653) fsgnjx.d fa2, fs1, fs6
core   0: 1 0x0000000080004c12 (0x2364a653) f12 0x7ff8000000000000
core   0: 0x0000000080004c16 (0x01c2a2b3) slt     t0, t0, t3
core   0: 1 0x0000000080004c16 (0x01c2a2b3) x5  0x0000000000000000
core   0: 0x0000000080004c1a (0xc034f253) fcvt.lu.s tp, fs1
core   0: 1 0x0000000080004c1a (0xc034f253) c1_fflags 0x0000000000000010 x4  0xffffffffffffffff
core   0: 0x0000000080004c1e (0x9ed61117) auipc   sp, 0x9ed61
core   0: 1 0x0000000080004c1e (0x9ed61117) x2  0x000000001ed65c1e
core   0: 0x0000000080004c22 (0xd2120d53) fcvt.d.wu fs10, tp
core   0: 1 0x0000000080004c22 (0xd2120d53) f26 0x41efffffffe00000
core   0: 0x0000000080004c26 (0xcdd46413) ori     s0, s0, -803
core   0: 1 0x0000000080004c26 (0xcdd46413) x8  0xfffffffffffffcdd
core   0: 0x0000000080004c2a (0x81daca93) xori    s5, s5, -2019
core   0: 1 0x0000000080004c2a (0x81daca93) x21 0xfffffffffffff81d
core   0: 0x0000000080004c2e (0x40768333) sub     t1, a3, t2
core   0: 1 0x0000000080004c2e (0x40768333) x6  0xfffffffffffff600
core   0: 0x0000000080004c32 (0x01c35e3b) srlw    t3, t1, t3
core   0: 1 0x0000000080004c32 (0x01c35e3b) x28 0xfffffffffffff600
core   0: 0x0000000080004c36 (0x002021f3) csrrs   gp, frm, zero
core   0: 1 0x0000000080004c36 (0x002021f3) x3  0x0000000000000000
core   0: 0x0000000080004c3a (0xf283f1cb) fnmsub.d ft3, ft7, fs0, ft10
core   0: 1 0x0000000080004c3a (0xf283f1cb) f3  0x7ff8000000000000
core   0: 0x0000000080004c3e (0x4b7e774b) fnmsub.d fa4, ft8, fs7, fs1
core   0: 1 0x0000000080004c3e (0x4b7e774b) f14 0x7ff8000000000000
core   0: 0x0000000080004c42 (0x03cbd513) srli    a0, s7, 60
core   0: 1 0x0000000080004c42 (0x03cbd513) x10 0x0000000000000000
core   0: 0x0000000080004c46 (0x791ef813) andi    a6, t4, 1937
core   0: 1 0x0000000080004c46 (0x791ef813) x16 0x0000000000000000
core   0: 0x0000000080004c4a (0x037243b3) div     t2, tp, s7
core   0: 1 0x0000000080004c4a (0x037243b3) x7  0x0000000000000000
core   0: 0x0000000080004c4e (0x02dacab3) div     s5, s5, a3
core   0: 1 0x0000000080004c4e (0x02dacab3) x21 0xffffffffffffffff
core   0: 0x0000000080004c52 (0x000a9713) slli    a4, s5, 0
core   0: 1 0x0000000080004c52 (0x000a9713) x14 0xffffffffffffffff
core   0: 0x0000000080004c56 (0x2ac61053) fmax.d  ft0, fa2, fa2
core   0: 1 0x0000000080004c56 (0x2ac61053) f0  0x7ff8000000000000
core   0: 0x0000000080004c5a (0xc8017173) csrrci  sp, cycleh, 2
core   0: exception trap_illegal_instruction, epc 0x0000000080004c5a
core   0:           tval 0x00000000c8017173
core   0: >>>>  $xrv64i2p1_m2p0_a2p1_f2p2_d2p2_zicsr2p0_zifencei2p0_zmmul1p0_zba1p0_zbb1p0_zbc1p0_zbs1p0
core   0: 0x0000000080004000 (0x0080006f) j       pc + 0x8
core   0: 3 0x0000000080004000 (0x0080006f)
core   0: >>>>  mmode_exception_handler
core   0: 0x0000000080004008 (0x00002c17) auipc   s8, 0x2
core   0: 3 0x0000000080004008 (0x00002c17) x24 0x0000000080006008
core   0: 0x000000008000400c (0x01ac0c13) addi    s8, s8, 26
core   0: 3 0x000000008000400c (0x01ac0c13) x24 0x0000000080006022
core   0: 0x0000000080004010 (0x000c00e7) jalr    s8
core   0: 3 0x0000000080004010 (0x000c00e7) x1  0x0000000080004014
core   0: >>>>  any_handler
core   0: 0x0000000080006022 (0x341027f3) csrrs   a5, mepc, zero
core   0: 3 0x0000000080006022 (0x341027f3) x15 0x0000000080004c5a
core   0: 0x0000000080006026 (0x34202773) csrrs   a4, mcause, zero
core   0: 3 0x0000000080006026 (0x34202773) x14 0x0000000000000002
core   0: 0x000000008000602a (0x142026f3) csrrs   a3, scause, zero
core   0: 3 0x000000008000602a (0x142026f3) x13 0x0000000000000000
core   0: 0x000000008000602e (0x30402673) csrrs   a2, mie, zero
core   0: 3 0x000000008000602e (0x30402673) x12 0x0000000000000a00
core   0: 0x0000000080006032 (0x344025f3) csrrs   a1, mip, zero
core   0: 3 0x0000000080006032 (0x344025f3) x11 0x0000000000000080
core   0: 0x0000000080006036 (0x343025f3) csrrs   a1, mtval, zero
core   0: 3 0x0000000080006036 (0x343025f3) x11 0x00000000c8017173
core   0: 0x000000008000603a (0x14302573) csrrs   a0, stval, zero
core   0: 3 0x000000008000603a (0x14302573) x10 0x0000000000000000
core   0: 0x000000008000603e (0xb02024f3) csrrs   s1, minstret, zero
core   0: 3 0x000000008000603e (0xb02024f3) x9  0x0000000000000c45
core   0: 0x0000000080006042 (0x0000a811) c.j     pc + 20
core   0: 3 0x0000000080006042 (0xa811)
core   0: >>>>  mepc_4
core   0: 0x0000000080006056 (0x00000791) c.addi  a5, 4
core   0: 3 0x0000000080006056 (0x0791) x15 0x0000000080004c5e
core   0: 0x0000000080006058 (0x34179073) csrrw   zero, mepc, a5
core   0: 3 0x0000000080006058 (0x34179073) c833_mepc 0x0000000080004c5e
core   0: 0x000000008000605c (0x30200073) mret
core   0: 3 0x000000008000605c (0x30200073) c768_mstatus 0x8000000a00106182
core   0: 0x0000000080004c5e (0xd03777d3) fcvt.s.lu fa5, a4
core   0: 1 0x0000000080004c5e (0xd03777d3) f15 0xffffffff40000000
core   0: 0x0000000080004c62 (0x41a38d33) sub     s10, t2, s10
core   0: 1 0x0000000080004c62 (0x41a38d33) x26 0xfffff80000000000
core   0: 0x0000000080004c66 (0x800e8193) addi    gp, t4, -2048
core   0: 1 0x0000000080004c66 (0x800e8193) x3  0xfffffffffffff800
core   0: 0x0000000080004c6a (0x40328433) sub     s0, t0, gp
core   0: 1 0x0000000080004c6a (0x40328433) x8  0x0000000000000800
core   0: 0x0000000080004c6e (0x4007d213) srai    tp, a5, 0
core   0: 1 0x0000000080004c6e (0x4007d213) x4  0x0000000080004c5e
core   0: 0x0000000080004c72 (0x0000952a) c.add   a0, a0
core   0: 1 0x0000000080004c72 (0x952a) x10 0x0000000000000000
core   0: 0x0000000080004c74 (0x00a681b3) add     gp, a3, a0
core   0: 1 0x0000000080004c74 (0x00a681b3) x3  0x0000000000000000
core   0: 0x0000000080004c78 (0x0ff0000f) fence   iorw,iorw
core   0: 1 0x0000000080004c78 (0x0ff0000f)
core   0: 0x0000000080004c7c (0xd2327e53) fcvt.d.lu ft8, tp
core   0: 1 0x0000000080004c7c (0xd2327e53) f28 0x41e000098bc00000
core   0: 0x0000000080004c80 (0xe3e67043) fmadd.d ft0, fa2, ft10, ft8
core   0: 1 0x0000000080004c80 (0xe3e67043) f0  0x7ff8000000000000
core   0: 0x0000000080004c84 (0x565c6393) ori     t2, s8, 1381
core   0: 1 0x0000000080004c84 (0x565c6393) x7  0x0000000080006567
core   0: 0x0000000080004c88 (0xa3ce0ed3) fle.d   t4, ft8, ft8
core   0: 1 0x0000000080004c88 (0xa3ce0ed3) x29 0x0000000000000001
core   0: 0x0000000080004c8c (0x02c58733) mul     a4, a1, a2
core   0: 1 0x0000000080004c8c (0x02c58733) x14 0x000007d00e6e7e00
core   0: 0x0000000080004c90 (0xc2167b53) fcvt.wu.d s6, fa2
core   0: 1 0x0000000080004c90 (0xc2167b53) c1_fflags 0x0000000000000010 x22 0xffffffffffffffff
core   0: 0x0000000080004c94 (0xc8097e73) csrrci  t3, cycleh, 18
core   0: exception trap_illegal_instruction, epc 0x0000000080004c94
core   0:           tval 0x00000000c8097e73
core   0: >>>>  $xrv64i2p1_m2p0_a2p1_f2p2_d2p2_zicsr2p0_zifencei2p0_zmmul1p0_zba1p0_zbb1p0_zbc1p0_zbs1p0
core   0: 0x0000000080004000 (0x0080006f) j       pc + 0x8
core   0: 3 0x0000000080004000 (0x0080006f)
core   0: >>>>  mmode_exception_handler
core   0: 0x0000000080004008 (0x00002c17) auipc   s8, 0x2
core   0: 3 0x0000000080004008 (0x00002c17) x24 0x0000000080006008
core   0: 0x000000008000400c (0x01ac0c13) addi    s8, s8, 26
core   0: 3 0x000000008000400c (0x01ac0c13) x24 0x0000000080006022
core   0: 0x0000000080004010 (0x000c00e7) jalr    s8
core   0: 3 0x0000000080004010 (0x000c00e7) x1  0x0000000080004014
core   0: >>>>  any_handler
core   0: 0x0000000080006022 (0x341027f3) csrrs   a5, mepc, zero
core   0: 3 0x0000000080006022 (0x341027f3) x15 0x0000000080004c94
core   0: 0x0000000080006026 (0x34202773) csrrs   a4, mcause, zero
core   0: 3 0x0000000080006026 (0x34202773) x14 0x0000000000000002
core   0: 0x000000008000602a (0x142026f3) csrrs   a3, scause, zero
core   0: 3 0x000000008000602a (0x142026f3) x13 0x0000000000000000
core   0: 0x000000008000602e (0x30402673) csrrs   a2, mie, zero
core   0: 3 0x000000008000602e (0x30402673) x12 0x0000000000000a00
core   0: 0x0000000080006032 (0x344025f3) csrrs   a1, mip, zero
core   0: 3 0x0000000080006032 (0x344025f3) x11 0x0000000000000080
core   0: 0x0000000080006036 (0x343025f3) csrrs   a1, mtval, zero
core   0: 3 0x0000000080006036 (0x343025f3) x11 0x00000000c8097e73
core   0: 0x000000008000603a (0x14302573) csrrs   a0, stval, zero
core   0: 3 0x000000008000603a (0x14302573) x10 0x0000000000000000
core   0: 0x000000008000603e (0xb02024f3) csrrs   s1, minstret, zero
core   0: 3 0x000000008000603e (0xb02024f3) x9  0x0000000000000c63
core   0: 0x0000000080006042 (0x0000a811) c.j     pc + 20
core   0: 3 0x0000000080006042 (0xa811)
core   0: >>>>  mepc_4
core   0: 0x0000000080006056 (0x00000791) c.addi  a5, 4
core   0: 3 0x0000000080006056 (0x0791) x15 0x0000000080004c98
core   0: 0x0000000080006058 (0x34179073) csrrw   zero, mepc, a5
core   0: 3 0x0000000080006058 (0x34179073) c833_mepc 0x0000000080004c98
core   0: 0x000000008000605c (0x30200073) mret
core   0: 3 0x000000008000605c (0x30200073) c768_mstatus 0x8000000a00106182
core   0: 0x0000000080004c98 (0xc040e773) csrrsi  a4, hpmcounter4, 1
core   0: exception trap_illegal_instruction, epc 0x0000000080004c98
core   0:           tval 0x00000000c040e773
core   0: >>>>  $xrv64i2p1_m2p0_a2p1_f2p2_d2p2_zicsr2p0_zifencei2p0_zmmul1p0_zba1p0_zbb1p0_zbc1p0_zbs1p0
core   0: 0x0000000080004000 (0x0080006f) j       pc + 0x8
core   0: 3 0x0000000080004000 (0x0080006f)
core   0: >>>>  mmode_exception_handler
core   0: 0x0000000080004008 (0x00002c17) auipc   s8, 0x2
core   0: 3 0x0000000080004008 (0x00002c17) x24 0x0000000080006008
core   0: 0x000000008000400c (0x01ac0c13) addi    s8, s8, 26
core   0: 3 0x000000008000400c (0x01ac0c13) x24 0x0000000080006022
core   0: 0x0000000080004010 (0x000c00e7) jalr    s8
core   0: 3 0x0000000080004010 (0x000c00e7) x1  0x0000000080004014
core   0: >>>>  any_handler
core   0: 0x0000000080006022 (0x341027f3) csrrs   a5, mepc, zero
core   0: 3 0x0000000080006022 (0x341027f3) x15 0x0000000080004c98
core   0: 0x0000000080006026 (0x34202773) csrrs   a4, mcause, zero
core   0: 3 0x0000000080006026 (0x34202773) x14 0x0000000000000002
core   0: 0x000000008000602a (0x142026f3) csrrs   a3, scause, zero
core   0: 3 0x000000008000602a (0x142026f3) x13 0x0000000000000000
core   0: 0x000000008000602e (0x30402673) csrrs   a2, mie, zero
core   0: 3 0x000000008000602e (0x30402673) x12 0x0000000000000a00
core   0: 0x0000000080006032 (0x344025f3) csrrs   a1, mip, zero
core   0: 3 0x0000000080006032 (0x344025f3) x11 0x0000000000000080
core   0: 0x0000000080006036 (0x343025f3) csrrs   a1, mtval, zero
core   0: 3 0x0000000080006036 (0x343025f3) x11 0x00000000c040e773
core   0: 0x000000008000603a (0x14302573) csrrs   a0, stval, zero
core   0: 3 0x000000008000603a (0x14302573) x10 0x0000000000000000
core   0: 0x000000008000603e (0xb02024f3) csrrs   s1, minstret, zero
core   0: 3 0x000000008000603e (0xb02024f3) x9  0x0000000000000c73
core   0: 0x0000000080006042 (0x0000a811) c.j     pc + 20
core   0: 3 0x0000000080006042 (0xa811)
core   0: >>>>  mepc_4
core   0: 0x0000000080006056 (0x00000791) c.addi  a5, 4
core   0: 3 0x0000000080006056 (0x0791) x15 0x0000000080004c9c
core   0: 0x0000000080006058 (0x34179073) csrrw   zero, mepc, a5
core   0: 3 0x0000000080006058 (0x34179073) c833_mepc 0x0000000080004c9c
core   0: 0x000000008000605c (0x30200073) mret
core   0: 3 0x000000008000605c (0x30200073) c768_mstatus 0x8000000a00106182
core   0: 0x0000000080004c9c (0x03ce5133) divu    sp, t3, t3
core   0: 1 0x0000000080004c9c (0x03ce5133) x2  0x0000000000000001
core   0: 0x0000000080004ca0 (0x002798f3) csrrw   a7, frm, a5
core   0: 1 0x0000000080004ca0 (0x002798f3) x17 0x0000000000000000 c2_frm 0x0000000000000004
core   0: 0x0000000080004ca4 (0x1a207b53) fdiv.d  fs6, ft0, ft2
core   0: 1 0x0000000080004ca4 (0x1a207b53) f22 0x7ff8000000000000
core   0: 0x0000000080004ca8 (0x400ad61b) sraiw   a2, s5, 0
core   0: 1 0x0000000080004ca8 (0x400ad61b) x12 0xffffffffffffffff
core   0: 0x0000000080004cac (0x1b1c7553) fdiv.d  fa0, fs8, fa7
core   0: 1 0x0000000080004cac (0x1b1c7553) f10 0xfff0000000000000
core   0: 0x0000000080004cb0 (0x02b7ac33) mulhsu  s8, a5, a1
core   0: 1 0x0000000080004cb0 (0x02b7ac33) x24 0x0000000000000000
core   0: 0x0000000080004cb4 (0x00000001) c.nop
core   0: 1 0x0000000080004cb4 (0x0001)
core   0: 0x0000000080004cb6 (0x002c98f3) csrrw   a7, frm, s9
core   0: 1 0x0000000080004cb6 (0x002c98f3) x17 0x0000000000000004 c2_frm 0x0000000000000000
core   0: 0x0000000080004cba (0x001c0d33) add     s10, s8, ra
core   0: 1 0x0000000080004cba (0x001c0d33) x26 0x0000000080004014
core   0: 0x0000000080004cbe (0xc23b7653) fcvt.lu.d a2, fs6
core   0: 1 0x0000000080004cbe (0xc23b7653) c1_fflags 0x0000000000000010 x12 0xffffffffffffffff
core   0: 0x0000000080004cc2 (0xbdf48517) auipc   a0, 0xbdf48
core   0: 1 0x0000000080004cc2 (0xbdf48517) x10 0x000000003df4ccc2
core   0: 0x0000000080004cc6 (0x000cdd9b) srliw   s11, s9, 0
core   0: 1 0x0000000080004cc6 (0x000cdd9b) x27 0x0000000000000000
core   0: 0x0000000080004cca (0x23890453) fsgnj.d fs0, fs2, fs8
core   0: 1 0x0000000080004cca (0x23890453) f8  0x8000000000000000
core   0: 0x0000000080004cce (0x00a1c1b3) xor     gp, gp, a0
core   0: 1 0x0000000080004cce (0x00a1c1b3) x3  0x000000003df4ccc2
core   0: 0x0000000080004cd2 (0x02cce3bb) remw    t2, s9, a2
core   0: 1 0x0000000080004cd2 (0x02cce3bb) x7  0x0000000000000000
core   0: 0x0000000080004cd6 (0xc02c75d3) fcvt.l.s a1, fs8
core   0: 1 0x0000000080004cd6 (0xc02c75d3) c1_fflags 0x0000000000000010 x11 0x7fffffffffffffff
core   0: 0x0000000080004cda (0xc22b7a53) fcvt.l.d s4, fs6
core   0: 1 0x0000000080004cda (0xc22b7a53) c1_fflags 0x0000000000000010 x20 0x7fffffffffffffff
core   0: 0x0000000080004cde (0x271d9997) auipc   s3, 0x271d9
core   0: 1 0x0000000080004cde (0x271d9997) x19 0x00000000a71ddcde
core   0: 0x0000000080004ce2 (0x021046b3) div     a3, zero, ra
core   0: 1 0x0000000080004ce2 (0x021046b3) x13 0x0000000000000000
core   0: 0x0000000080004ce6 (0x228026d3) fsgnjx.d fa3, ft0, fs0
core   0: 1 0x0000000080004ce6 (0x228026d3) f13 0xfff8000000000000
core   0: 0x0000000080004cea (0x00000001) c.nop
core   0: 1 0x0000000080004cea (0x0001)
core   0: 0x0000000080004cec (0x004619b3) sll     s3, a2, tp
core   0: 1 0x0000000080004cec (0x004619b3) x19 0xffffffffc0000000
core   0: 0x0000000080004cf0 (0x2b561653) fmax.d  fa2, fa2, fs5
core   0: 1 0x0000000080004cf0 (0x2b561653) f12 0x0000000000000000
core   0: 0x0000000080004cf4 (0x40545033) sra     zero, s0, t0
core   0: 1 0x0000000080004cf4 (0x40545033)
core   0: 0x0000000080004cf8 (0xaed8889b) addiw   a7, a7, -1299
core   0: 1 0x0000000080004cf8 (0xaed8889b) x17 0xfffffffffffffaf1
core   0: 0x0000000080004cfc (0x01bd1d1b) slliw   s10, s10, 27
core   0: 1 0x0000000080004cfc (0x01bd1d1b) x26 0xffffffffa0000000
core   0: 0x0000000080004d00 (0x2250a0d3) fsgnjx.d ft1, ft1, ft5
core   0: 1 0x0000000080004d00 (0x2250a0d3) f1  0x7ff8000000000000
core   0: 0x0000000080004d04 (0xd21907d3) fcvt.d.wu fa5, s2
core   0: 1 0x0000000080004d04 (0xd21907d3) f15 0x40e2738000000000
core   0: 0x0000000080004d08 (0x00aa8ebb) addw    t4, s5, a0
core   0: 1 0x0000000080004d08 (0x00aa8ebb) x29 0x000000003df4ccc1
core   0: 0x0000000080004d0c (0x01b08b3b) addw    s6, ra, s11
core   0: 1 0x0000000080004d0c (0x01b08b3b) x22 0xffffffff80004014
core   0: 0x0000000080004d10 (0x10a07073) csrrci  zero, senvcfg, 0
core   0: 1 0x0000000080004d10 (0x10a07073)
core   0: 0x0000000080004d14 (0x105e30f3) csrrc   ra, stvec, t3
core   0: 1 0x0000000080004d14 (0x105e30f3) x1  0x0000000000000000 c261_stvec 0x0000000000000000
core   0: 0x0000000080004d18 (0x5a0a7a53) fsqrt.d fs4, fs4
core   0: 1 0x0000000080004d18 (0x5a0a7a53) f20 0x8000000000000000
core   0: 0x0000000080004d1c (0x00202bf3) csrrs   s7, frm, zero
core   0: 1 0x0000000080004d1c (0x00202bf3) x23 0x0000000000000000
core   0: 0x0000000080004d20 (0x03722033) mulhsu  zero, tp, s7
core   0: 1 0x0000000080004d20 (0x03722033)
core   0: 0x0000000080004d24 (0x024f7253) fadd.d  ft4, ft10, ft4
core   0: 1 0x0000000080004d24 (0x024f7253) f4  0x7ff8000000000000
core   0: 0x0000000080004d28 (0x00035e13) srli    t3, t1, 0
core   0: 1 0x0000000080004d28 (0x00035e13) x28 0xfffffffffffff600
core   0: 0x0000000080004d2c (0x00000001) c.nop
core   0: 1 0x0000000080004d2c (0x0001)
core   0: 0x0000000080004d2e (0x4004d493) srai    s1, s1, 0
core   0: 1 0x0000000080004d2e (0x4004d493) x9  0x0000000000000c73
core   0: 0x0000000080004d32 (0x03744bbb) divw    s7, s0, s7
core   0: 1 0x0000000080004d32 (0x03744bbb) x23 0xffffffffffffffff
core   0: 0x0000000080004d36 (0xd0367cd3) fcvt.s.lu fs9, a2
core   0: 1 0x0000000080004d36 (0xd0367cd3) c1_fflags 0x0000000000000011 f25 0xffffffff5f800000
core   0: 0x0000000080004d3a (0x2b9c1c53) fmax.d  fs8, fs8, fs9
core   0: 1 0x0000000080004d3a (0x2b9c1c53) f24 0xfff0000000000000
core   0: 0x0000000080004d3e (0x0082a633) slt     a2, t0, s0
core   0: 1 0x0000000080004d3e (0x0082a633) x12 0x0000000000000001
core   0: 0x0000000080004d42 (0x0295a233) mulhsu  tp, a1, s1
core   0: 1 0x0000000080004d42 (0x0295a233) x4  0x0000000000000639
core   0: 0x0000000080004d46 (0x525f7447) fmsub.d fs0, ft10, ft5, fa0
core   0: 1 0x0000000080004d46 (0x525f7447) f8  0x7ff0000000000000
core   0: 0x0000000080004d4a (0x40055513) srai    a0, a0, 0
core   0: 1 0x0000000080004d4a (0x40055513) x10 0x000000003df4ccc2
core   0: 0x0000000080004d4e (0x0328f6b3) remu    a3, a7, s2
core   0: 1 0x0000000080004d4e (0x0328f6b3) x13 0x00000000000073a9
core   0: 0x0000000080004d52 (0x3bc254b7) lui     s1, 0x3bc25
core   0: 1 0x0000000080004d52 (0x3bc254b7) x9  0x000000003bc25000
core   0: 0x0000000080004d56 (0x02f4acb3) mulhsu  s9, s1, a5
core   0: 1 0x0000000080004d56 (0x02f4acb3) x25 0x0000000000000000
core   0: 0x0000000080004d5a (0xc22bfa53) fcvt.l.d s4, fs7
core   0: 1 0x0000000080004d5a (0xc22bfa53) x20 0x0000000000000000
core   0: 0x0000000080004d5e (0x00000001) c.nop
core   0: 1 0x0000000080004d5e (0x0001)
core   0: 0x0000000080004d60 (0x025a44b3) div     s1, s4, t0
core   0: 1 0x0000000080004d60 (0x025a44b3) x9  0xffffffffffffffff
core   0: 0x0000000080004d64 (0x02d64e3b) divw    t3, a2, a3
core   0: 1 0x0000000080004d64 (0x02d64e3b) x28 0x0000000000000000
core   0: 0x0000000080004d68 (0xc235f753) fcvt.lu.d a4, fa1
core   0: 1 0x0000000080004d68 (0xc235f753) c1_fflags 0x0000000000000011 x14 0xffffffffffffffff
core   0: 0x0000000080004d6c (0x00000001) c.nop
core   0: 1 0x0000000080004d6c (0x0001)
core   0: 0x0000000080004d6e (0x41668633) sub     a2, a3, s6
core   0: 1 0x0000000080004d6e (0x41668633) x12 0x0000000080003395
core   0: 0x0000000080004d72 (0x7ffc6413) ori     s0, s8, 2047
core   0: 1 0x0000000080004d72 (0x7ffc6413) x8  0x00000000000007ff
core   0: 0x0000000080004d76 (0x00039c93) slli    s9, t2, 0
core   0: 1 0x0000000080004d76 (0x00039c93) x25 0x0000000000000000
core   0: 0x0000000080004d7a (0x00141af3) csrrw   s5, fflags, s0
core   0: 1 0x0000000080004d7a (0x00141af3) x21 0x0000000000000011 c1_fflags 0x000000000000001f
core   0: 0x0000000080004d7e (0xc23070d3) fcvt.lu.d ra, ft0
core   0: 1 0x0000000080004d7e (0xc23070d3) c1_fflags 0x000000000000001f x1  0xffffffffffffffff
core   0: 0x0000000080004d82 (0x035c43b3) div     t2, s8, s5
core   0: 1 0x0000000080004d82 (0x035c43b3) x7  0x0000000000000000
core   0: 0x0000000080004d86 (0x00e74eb3) xor     t4, a4, a4
core   0: 1 0x0000000080004d86 (0x00e74eb3) x29 0x0000000000000000
core   0: 0x0000000080004d8a (0x2ac906d3) fmin.d  fa3, fs2, fa2
core   0: 1 0x0000000080004d8a (0x2ac906d3) f13 0x0000000000000000
core   0: 0x0000000080004d8e (0x03cece3b) divw    t3, t4, t3
core   0: 1 0x0000000080004d8e (0x03cece3b) x28 0xffffffffffffffff
core   0: 0x0000000080004d92 (0xd02a7753) fcvt.s.l fa4, s4
core   0: 1 0x0000000080004d92 (0xd02a7753) f14 0xffffffff00000000
core   0: 0x0000000080004d96 (0x40b3d03b) sraw    zero, t2, a1
core   0: 1 0x0000000080004d96 (0x40b3d03b)
core   0: 0x0000000080004d9a (0x02b77733) remu    a4, a4, a1
core   0: 1 0x0000000080004d9a (0x02b77733) x14 0x0000000000000001
core   0: 0x0000000080004d9e (0xd21388d3) fcvt.d.wu fa7, t2
core   0: 1 0x0000000080004d9e (0xd21388d3) f17 0x0000000000000000
core   0: 0x0000000080004da2 (0xc21a7953) fcvt.wu.d s2, fs4
core   0: 1 0x0000000080004da2 (0xc21a7953) x18 0x0000000000000000
core   0: 0x0000000080004da6 (0x412689b3) sub     s3, a3, s2
core   0: 1 0x0000000080004da6 (0x412689b3) x19 0x00000000000073a9
core   0: 0x0000000080004daa (0xf20983d3) fmv.d.x ft7, s3
core   0: 1 0x0000000080004daa (0xf20983d3) f7  0x00000000000073a9
core   0: 0x0000000080004dae (0x3bebfbc7) fmsub.d fs7, fs7, ft10, ft7
core   0: 1 0x0000000080004dae (0x3bebfbc7) f23 0x80000000000073a9
core   0: 0x0000000080004db2 (0x490e5b37) lui     s6, 0x490e5
core   0: 1 0x0000000080004db2 (0x490e5b37) x22 0x00000000490e5000
core   0: 0x0000000080004db6 (0x4177dd3b) sraw    s10, a5, s7
core   0: 1 0x0000000080004db6 (0x4177dd3b) x26 0xffffffffffffffff
core   0: 0x0000000080004dba (0xc2017953) fcvt.w.d s2, ft2
core   0: 1 0x0000000080004dba (0xc2017953) x18 0x0000000000000000
core   0: 0x0000000080004dbe (0x412058bb) sraw    a7, zero, s2
core   0: 1 0x0000000080004dbe (0x412058bb) x17 0x0000000000000000
core   0: 0x0000000080004dc2 (0x1e5f7297) auipc   t0, 0x1e5f7
core   0: 1 0x0000000080004dc2 (0x1e5f7297) x5  0x000000009e5fbdc2
core   0: 0x0000000080004dc6 (0x1b71f1d3) fdiv.d  ft3, ft3, fs7
core   0: 1 0x0000000080004dc6 (0x1b71f1d3) f3  0x7ff8000000000000
core   0: 0x0000000080004dca (0x005c1dbb) sllw    s11, s8, t0
core   0: 1 0x0000000080004dca (0x005c1dbb) x27 0x0000000000000000
core   0: 0x0000000080004dce (0xb32bd5b7) lui     a1, 0xb32bd
core   0: 1 0x0000000080004dce (0xb32bd5b7) x11 0xffffffffb32bd000
core   0: 0x0000000080004dd2 (0x007503bb) addw    t2, a0, t2
core   0: 1 0x0000000080004dd2 (0x007503bb) x7  0x000000003df4ccc2
core   0: 0x0000000080004dd6 (0x029aeab3) rem     s5, s5, s1
core   0: 1 0x0000000080004dd6 (0x029aeab3) x21 0x0000000000000000
core   0: 0x0000000080004dda (0x03117db3) remu    s11, sp, a7
core   0: 1 0x0000000080004dda (0x03117db3) x27 0x0000000000000001
core   0: 0x0000000080004dde (0x001002bb) addw    t0, zero, ra
core   0: 1 0x0000000080004dde (0x001002bb) x5  0xffffffffffffffff
core   0: 0x0000000080004de2 (0x000e899b) sext.w  s3, t4
core   0: 1 0x0000000080004de2 (0x000e899b) x19 0x0000000000000000
core   0: 0x0000000080004de6 (0xf329f94f) fnmadd.d fs2, fs3, fs2, ft10
core   0: 1 0x0000000080004de6 (0xf329f94f) f18 0x7ff8000000000000
core   0: 0x0000000080004dea (0xc029f353) fcvt.l.s t1, fs3
core   0: 1 0x0000000080004dea (0xc029f353) c1_fflags 0x000000000000001f x6  0x7fffffffffffffff
core   0: 0x0000000080004dee (0x40ccd4b3) sra     s1, s9, a2
core   0: 1 0x0000000080004dee (0x40ccd4b3) x9  0x0000000000000000
core   0: 0x0000000080004df2 (0x5a0079d3) fsqrt.d fs3, ft0
core   0: 1 0x0000000080004df2 (0x5a0079d3) f19 0x7ff8000000000000
core   0: 0x0000000080004df6 (0x0000808a) c.mv    ra, sp
core   0: 1 0x0000000080004df6 (0x808a) x1  0x0000000000000001
core   0: 0x0000000080004df8 (0x0000ed33) or      s10, ra, zero
core   0: 1 0x0000000080004df8 (0x0000ed33) x26 0x0000000000000001
core   0: 0x0000000080004dfc (0x02f37533) remu    a0, t1, a5
core   0: 1 0x0000000080004dfc (0x02f37533) x10 0x000000002dd9fe1f
core   0: 0x0000000080004e00 (0xd0217d53) fcvt.s.l fs10, sp
core   0: 1 0x0000000080004e00 (0xd0217d53) f26 0xffffffff3f800000
core   0: 0x0000000080004e04 (0x0338d9bb) divuw   s3, a7, s3
core   0: 1 0x0000000080004e04 (0x0338d9bb) x19 0xffffffffffffffff
core   0: 0x0000000080004e08 (0xf2000553) fmv.d.x fa0, zero
core   0: 1 0x0000000080004e08 (0xf2000553) f10 0x0000000000000000
core   0: 0x0000000080004e0c (0x0b157dd3) fsub.d  fs11, fa0, fa7
core   0: 1 0x0000000080004e0c (0x0b157dd3) f27 0x0000000000000000
core   0: 0x0000000080004e10 (0x00009392) c.add   t2, tp
core   0: 1 0x0000000080004e10 (0x9392) x7  0x000000003df4d2fb
core   0: 0x0000000080004e12 (0xc20279d3) fcvt.w.d s3, ft4
core   0: 1 0x0000000080004e12 (0xc20279d3) c1_fflags 0x000000000000001f x19 0x000000007fffffff
core   0: 0x0000000080004e16 (0x025ea833) mulhsu  a6, t4, t0
core   0: 1 0x0000000080004e16 (0x025ea833) x16 0x0000000000000000
core   0: 0x0000000080004e1a (0x40195e93) srai    t4, s2, 1
core   0: 1 0x0000000080004e1a (0x40195e93) x29 0x0000000000000000
core   0: 0x0000000080004e1e (0x0031d7b3) srl     a5, gp, gp
core   0: 1 0x0000000080004e1e (0x0031d7b3) x15 0x000000000f7d3330
core   0: 0x0000000080004e22 (0x0001131b) slliw   t1, sp, 0
core   0: 1 0x0000000080004e22 (0x0001131b) x6  0x0000000000000001
core   0: 0x0000000080004e26 (0x4015d393) srai    t2, a1, 1
core   0: 1 0x0000000080004e26 (0x4015d393) x7  0xffffffffd995e800
core   0: 0x0000000080004e2a (0x2a109b53) fmax.d  fs6, ft1, ft1
core   0: 1 0x0000000080004e2a (0x2a109b53) f22 0x7ff8000000000000
core   0: 0x0000000080004e2e (0x01cb549b) srliw   s1, s6, 28
core   0: 1 0x0000000080004e2e (0x01cb549b) x9  0x0000000000000004
core   0: 0x0000000080004e32 (0x00031293) slli    t0, t1, 0
core   0: 1 0x0000000080004e32 (0x00031293) x5  0x0000000000000001
core   0: 0x0000000080004e36 (0x12f87e53) fmul.d  ft8, fa6, fa5
core   0: 1 0x0000000080004e36 (0x12f87e53) f28 0x0000000000000000
core   0: 0x0000000080004e3a (0x23c31ad3) fsgnjn.d fs5, ft6, ft8
core   0: 1 0x0000000080004e3a (0x23c31ad3) f21 0x8000000000000000
core   0: 0x0000000080004e3e (0x0b5b7b53) fsub.d  fs6, fs6, fs5
core   0: 1 0x0000000080004e3e (0x0b5b7b53) f22 0x7ff8000000000000
core   0: 0x0000000080004e42 (0x03068ebb) mulw    t4, a3, a6
core   0: 1 0x0000000080004e42 (0x03068ebb) x29 0x0000000000000000
core   0: 0x0000000080004e46 (0x00008442) c.mv    s0, a6
core   0: 1 0x0000000080004e46 (0x8442) x8  0x0000000000000000
core   0: 0x0000000080004e48 (0xff3256b7) lui     a3, 0xff325
core   0: 1 0x0000000080004e48 (0xff3256b7) x13 0xffffffffff325000
core   0: 0x0000000080004e4c (0xb6b6869b) addiw   a3, a3, -1173
core   0: 1 0x0000000080004e4c (0xb6b6869b) x13 0xffffffffff324b6b
core   0: 0x0000000080004e50 (0x000006b2) c.slli  a3, 12
core   0: 1 0x0000000080004e50 (0x06b2) x13 0xfffffff324b6b000
core   0: 0x0000000080004e52 (0x29c68693) addi    a3, a3, 668
core   0: 1 0x0000000080004e52 (0x29c68693) x13 0xfffffff324b6b29c
core   0: 0x0000000080004e56 (0x73f97947) fmsub.d fs2, fs2, ft11, fa4
core   0: 1 0x0000000080004e56 (0x73f97947) f18 0x7ff8000000000000
core   0: 0x0000000080004e5a (0x02001a33) mulh    s4, zero, zero
core   0: 1 0x0000000080004e5a (0x02001a33) x20 0x0000000000000000
core   0: 0x0000000080004e5e (0x031c35b3) mulhu   a1, s8, a7
core   0: 1 0x0000000080004e5e (0x031c35b3) x11 0x0000000000000000
core   0: 0x0000000080004e62 (0x420a8353) fcvt.d.s ft6, fs5
core   0: 1 0x0000000080004e62 (0x420a8353) f6  0x7ff8000000000000
core   0: 0x0000000080004e66 (0x00179573) csrrw   a0, fflags, a5
core   0: 1 0x0000000080004e66 (0x00179573) x10 0x000000000000001f c1_fflags 0x0000000000000010
core   0: 0x0000000080004e6a (0x420503d3) fcvt.d.s ft7, fa0
core   0: 1 0x0000000080004e6a (0x420503d3) f7  0x7ff8000000000000
core   0: 0x0000000080004e6e (0xd2a27647) fmsub.d fa2, ft4, fa0, fs10
core   0: 1 0x0000000080004e6e (0xd2a27647) f12 0x7ff8000000000000
core   0: 0x0000000080004e72 (0x1a4dfe53) fdiv.d  ft8, fs11, ft4
core   0: 1 0x0000000080004e72 (0x1a4dfe53) f28 0x7ff8000000000000
core   0: 0x0000000080004e76 (0x140bbaf3) csrrc   s5, sscratch, s7
core   0: 1 0x0000000080004e76 (0x140bbaf3) x21 0x0000000000000000 c320_sscratch 0x0000000000000000
core   0: 0x0000000080004e7a (0xcbbe78cb) fnmsub.d fa7, ft8, fs11, fs9
core   0: 1 0x0000000080004e7a (0xcbbe78cb) f17 0x7ff8000000000000
core   0: 0x0000000080004e7e (0x1315fad3) fmul.d  fs5, fa1, fa7
core   0: 1 0x0000000080004e7e (0x1315fad3) f21 0x7ff8000000000000
core   0: 0x0000000080004e82 (0x0176e3b3) or      t2, a3, s7
core   0: 1 0x0000000080004e82 (0x0176e3b3) x7  0xffffffffffffffff
core   0: 0x0000000080004e86 (0xc238f353) fcvt.lu.d t1, fa7
core   0: 1 0x0000000080004e86 (0xc238f353) c1_fflags 0x0000000000000010 x6  0xffffffffffffffff
core   0: 0x0000000080004e8a (0x0031dab7) lui     s5, 0x31d
core   0: 1 0x0000000080004e8a (0x0031dab7) x21 0x000000000031d000
core   0: 0x0000000080004e8e (0x0b5a8a9b) addiw   s5, s5, 181
core   0: 1 0x0000000080004e8e (0x0b5a8a9b) x21 0x000000000031d0b5
core   0: 0x0000000080004e92 (0x00000aba) c.slli  s5, 14
core   0: 1 0x0000000080004e92 (0x0aba) x21 0x0000000c742d4000
core   0: 0x0000000080004e94 (0x3d6a8a93) addi    s5, s5, 982
core   0: 1 0x0000000080004e94 (0x3d6a8a93) x21 0x0000000c742d43d6
core   0: 0x0000000080004e98 (0xd20d8553) fcvt.d.w fa0, s11
core   0: 1 0x0000000080004e98 (0xd20d8553) f10 0x3ff0000000000000
core   0: 0x0000000080004e9c (0x0177171b) slliw   a4, a4, 23
core   0: 1 0x0000000080004e9c (0x0177171b) x14 0x0000000000800000
core   0: 0x0000000080004ea0 (0xe2068a53) fmv.x.d s4, fa3
core   0: 1 0x0000000080004ea0 (0xe2068a53) x20 0x0000000000000000
core   0: 0x0000000080004ea4 (0x01d5dc93) srli    s9, a1, 29
core   0: 1 0x0000000080004ea4 (0x01d5dc93) x25 0x0000000000000000
core   0: 0x0000000080004ea8 (0x420c09d3) fcvt.d.s fs3, fs8
core   0: 1 0x0000000080004ea8 (0x420c09d3) f19 0x7ff8000000000000
core   0: 0x0000000080004eac (0x000cdd9b) srliw   s11, s9, 0
core   0: 1 0x0000000080004eac (0x000cdd9b) x27 0x0000000000000000
core   0: 0x0000000080004eb0 (0xa1d67093) andi    ra, a2, -1507
core   0: 1 0x0000000080004eb0 (0xa1d67093) x1  0x0000000080003215
core   0: 0x0000000080004eb4 (0x942c6393) ori     t2, s8, -1726
core   0: 1 0x0000000080004eb4 (0x942c6393) x7  0xfffffffffffff942
core   0: 0x0000000080004eb8 (0xc209fc53) fcvt.w.d s8, fs3
core   0: 1 0x0000000080004eb8 (0xc209fc53) c1_fflags 0x0000000000000010 x24 0x000000007fffffff
core   0: 0x0000000080004ebc (0x00cb09bb) addw    s3, s6, a2
core   0: 1 0x0000000080004ebc (0x00cb09bb) x19 0xffffffffc90e8395
core   0: 0x0000000080004ec0 (0xd21c0953) fcvt.d.wu fs2, s8
core   0: 1 0x0000000080004ec0 (0xd21c0953) f18 0x41dfffffffc00000
core   0: 0x0000000080004ec4 (0x001028f3) csrrs   a7, fflags, zero
core   0: 1 0x0000000080004ec4 (0x001028f3) x17 0x0000000000000010
core   0: 0x0000000080004ec8 (0x00202873) csrrs   a6, frm, zero
core   0: 1 0x0000000080004ec8 (0x00202873) x16 0x0000000000000000
core   0: 0x0000000080004ecc (0xb4f06e13) ori     t3, zero, -1201
core   0: 1 0x0000000080004ecc (0xb4f06e13) x28 0xfffffffffffffb4f
core   0: 0x0000000080004ed0 (0x41b6d013) srai    zero, a3, 27
core   0: 1 0x0000000080004ed0 (0x41b6d013)
core   0: 0x0000000080004ed4 (0x01c54833) xor     a6, a0, t3
core   0: 1 0x0000000080004ed4 (0x01c54833) x16 0xfffffffffffffb50
core   0: 0x0000000080004ed8 (0x2a5282d3) fmin.d  ft5, ft5, ft5
core   0: 1 0x0000000080004ed8 (0x2a5282d3) f5  0x43f0000000000000
core   0: 0x0000000080004edc (0x1f984a13) xori    s4, a6, 505
core   0: 1 0x0000000080004edc (0x1f984a13) x20 0xfffffffffffffaa9
core   0: 0x0000000080004ee0 (0x012905bb) addw    a1, s2, s2
core   0: 1 0x0000000080004ee0 (0x012905bb) x11 0x0000000000000000
core   0: 0x0000000080004ee4 (0x401671d3) fcvt.s.d ft3, fa2
core   0: 1 0x0000000080004ee4 (0x401671d3) f3  0xffffffff7fc00000
core   0: 0x0000000080004ee8 (0x01f5941b) slliw   s0, a1, 31
core   0: 1 0x0000000080004ee8 (0x01f5941b) x8  0x0000000000000000
core   0: 0x0000000080004eec (0xd20a08d3) fcvt.d.w fa7, s4
core   0: 1 0x0000000080004eec (0xd20a08d3) f17 0xc0955c0000000000
core   0: 0x0000000080004ef0 (0xa2a88853) fle.d   a6, fa7, fa0
core   0: 1 0x0000000080004ef0 (0xa2a88853) x16 0x0000000000000001
core   0: 0x0000000080004ef4 (0x001e06bb) addw    a3, t3, ra
core   0: 1 0x0000000080004ef4 (0x001e06bb) x13 0xffffffff80002d64
core   0: 0x0000000080004ef8 (0x00202df3) csrrs   s11, frm, zero
core   0: 1 0x0000000080004ef8 (0x00202df3) x27 0x0000000000000000
core   0: 0x0000000080004efc (0xc218f253) fcvt.wu.d tp, fa7
core   0: 1 0x0000000080004efc (0xc218f253) c1_fflags 0x0000000000000010 x4  0x0000000000000000
core   0: 0x0000000080004f00 (0x02f1f453) fadd.d  fs0, ft3, fa5
core   0: 1 0x0000000080004f00 (0x02f1f453) f8  0x7ff8000000000000
core   0: 0x0000000080004f04 (0x1a81fdc7) fmsub.d fs11, ft3, fs0, ft3
core   0: 1 0x0000000080004f04 (0x1a81fdc7) f27 0x7ff8000000000000
core   0: 0x0000000080004f08 (0x00102ef3) csrrs   t4, fflags, zero
core   0: 1 0x0000000080004f08 (0x00102ef3) x29 0x0000000000000010
core   0: 0x0000000080004f0c (0x02dc76d3) fadd.d  fa3, fs8, fa3
core   0: 1 0x0000000080004f0c (0x02dc76d3) f13 0xfff0000000000000
core   0: 0x0000000080004f10 (0x23959cd3) fsgnjn.d fs9, fa1, fs9
core   0: 1 0x0000000080004f10 (0x23959cd3) f25 0x7ff8000000000000
core   0: 0x0000000080004f14 (0x0147593b) srlw    s2, a4, s4
core   0: 1 0x0000000080004f14 (0x0147593b) x18 0x0000000000004000
core   0: 0x0000000080004f18 (0x00202873) csrrs   a6, frm, zero
core   0: 1 0x0000000080004f18 (0x00202873) x16 0x0000000000000000
core   0: 0x0000000080004f1c (0x40595933) sra     s2, s2, t0
core   0: 1 0x0000000080004f1c (0x40595933) x18 0x0000000000002000
core   0: 0x0000000080004f20 (0xc03afd53) fcvt.lu.s s10, fs5
core   0: 1 0x0000000080004f20 (0xc03afd53) c1_fflags 0x0000000000000010 x26 0xffffffffffffffff
core   0: 0x0000000080004f24 (0x0287b5b3) mulhu   a1, a5, s0
core   0: 1 0x0000000080004f24 (0x0287b5b3) x11 0x0000000000000000
core   0: 0x0000000080004f28 (0x3135b937) lui     s2, 0x3135b
core   0: 1 0x0000000080004f28 (0x3135b937) x18 0x000000003135b000
core   0: 0x0000000080004f2c (0x00be6c33) or      s8, t3, a1
core   0: 1 0x0000000080004f2c (0x00be6c33) x24 0xfffffffffffffb4f
core   0: 0x0000000080004f30 (0x00fe0e3b) addw    t3, t3, a5
core   0: 1 0x0000000080004f30 (0x00fe0e3b) x28 0x000000000f7d2e7f
core   0: 0x0000000080004f34 (0x013945b3) xor     a1, s2, s3
core   0: 1 0x0000000080004f34 (0x013945b3) x11 0xfffffffff83b3395
core   0: 0x0000000080004f38 (0x026d01b3) mul     gp, s10, t1
core   0: 1 0x0000000080004f38 (0x026d01b3) x3  0x0000000000000001
core   0: 0x0000000080004f3c (0x0bd5f3d3) fsub.d  ft7, fa1, ft9
core   0: 1 0x0000000080004f3c (0x0bd5f3d3) f7  0x7ff8000000000000
core   0: 0x0000000080004f40 (0xc22af653) fcvt.l.d a2, fs5
core   0: 1 0x0000000080004f40 (0xc22af653) c1_fflags 0x0000000000000010 x12 0x7fffffffffffffff
core   0: 0x0000000080004f44 (0x00d45b9b) srliw   s7, s0, 13
core   0: 1 0x0000000080004f44 (0x00d45b9b) x23 0x0000000000000000
core   0: 0x0000000080004f48 (0xc0161673) csrrw   a2, time, a2
core   0: exception trap_illegal_instruction, epc 0x0000000080004f48
core   0:           tval 0x00000000c0161673
core   0: >>>>  $xrv64i2p1_m2p0_a2p1_f2p2_d2p2_zicsr2p0_zifencei2p0_zmmul1p0_zba1p0_zbb1p0_zbc1p0_zbs1p0
core   0: 0x0000000080004000 (0x0080006f) j       pc + 0x8
core   0: 3 0x0000000080004000 (0x0080006f)
core   0: >>>>  mmode_exception_handler
core   0: 0x0000000080004008 (0x00002c17) auipc   s8, 0x2
core   0: 3 0x0000000080004008 (0x00002c17) x24 0x0000000080006008
core   0: 0x000000008000400c (0x01ac0c13) addi    s8, s8, 26
core   0: 3 0x000000008000400c (0x01ac0c13) x24 0x0000000080006022
core   0: 0x0000000080004010 (0x000c00e7) jalr    s8
core   0: 3 0x0000000080004010 (0x000c00e7) x1  0x0000000080004014
core   0: >>>>  any_handler
core   0: 0x0000000080006022 (0x341027f3) csrrs   a5, mepc, zero
core   0: 3 0x0000000080006022 (0x341027f3) x15 0x0000000080004f48
core   0: 0x0000000080006026 (0x34202773) csrrs   a4, mcause, zero
core   0: 3 0x0000000080006026 (0x34202773) x14 0x0000000000000002
core   0: 0x000000008000602a (0x142026f3) csrrs   a3, scause, zero
core   0: 3 0x000000008000602a (0x142026f3) x13 0x0000000000000000
core   0: 0x000000008000602e (0x30402673) csrrs   a2, mie, zero
core   0: 3 0x000000008000602e (0x30402673) x12 0x0000000000000a00
core   0: 0x0000000080006032 (0x344025f3) csrrs   a1, mip, zero
core   0: 3 0x0000000080006032 (0x344025f3) x11 0x0000000000000080
core   0: 0x0000000080006036 (0x343025f3) csrrs   a1, mtval, zero
core   0: 3 0x0000000080006036 (0x343025f3) x11 0x00000000c0161673
core   0: 0x000000008000603a (0x14302573) csrrs   a0, stval, zero
core   0: 3 0x000000008000603a (0x14302573) x10 0x0000000000000000
core   0: 0x000000008000603e (0xb02024f3) csrrs   s1, minstret, zero
core   0: 3 0x000000008000603e (0xb02024f3) x9  0x0000000000000d33
core   0: 0x0000000080006042 (0x0000a811) c.j     pc + 20
core   0: 3 0x0000000080006042 (0xa811)
core   0: >>>>  mepc_4
core   0: 0x0000000080006056 (0x00000791) c.addi  a5, 4
core   0: 3 0x0000000080006056 (0x0791) x15 0x0000000080004f4c
core   0: 0x0000000080006058 (0x34179073) csrrw   zero, mepc, a5
core   0: 3 0x0000000080006058 (0x34179073) c833_mepc 0x0000000080004f4c
core   0: 0x000000008000605c (0x30200073) mret
core   0: 3 0x000000008000605c (0x30200073) c768_mstatus 0x8000000a00106182
core   0: 0x0000000080004f4c (0x40ab8bbb) subw    s7, s7, a0
core   0: 1 0x0000000080004f4c (0x40ab8bbb) x23 0x0000000000000000
core   0: 0x0000000080004f50 (0x00c464b3) or      s1, s0, a2
core   0: 1 0x0000000080004f50 (0x00c464b3) x9  0x0000000000000a00
core   0: 0x0000000080004f54 (0x007dfb33) and     s6, s11, t2
core   0: 1 0x0000000080004f54 (0x007dfb33) x22 0x0000000000000000
core   0: 0x0000000080004f58 (0xa2747413) andi    s0, s0, -1497
core   0: 1 0x0000000080004f58 (0xa2747413) x8  0x0000000000000000
core   0: 0x0000000080004f5c (0x00000001) c.nop
core   0: 1 0x0000000080004f5c (0x0001)
core   0: 0x0000000080004f5e (0x5a01f253) fsqrt.d ft4, ft3
core   0: 1 0x0000000080004f5e (0x5a01f253) f4  0x7ff8000000000000
core   0: 0x0000000080004f62 (0x00e0173b) sllw    a4, zero, a4
core   0: 1 0x0000000080004f62 (0x00e0173b) x14 0x0000000000000000
core   0: 0x0000000080004f66 (0x0342c2bb) divw    t0, t0, s4
core   0: 1 0x0000000080004f66 (0x0342c2bb) x5  0x0000000000000000
core   0: 0x0000000080004f6a (0x00000001) c.nop
core   0: 1 0x0000000080004f6a (0x0001)
core   0: 0x0000000080004f6c (0xc031fed3) fcvt.lu.s t4, ft3
core   0: 1 0x0000000080004f6c (0xc031fed3) c1_fflags 0x0000000000000010 x29 0xffffffffffffffff
core   0: 0x0000000080004f70 (0x003ed91b) srliw   s2, t4, 3
core   0: 1 0x0000000080004f70 (0x003ed91b) x18 0x000000001fffffff
core   0: 0x0000000080004f74 (0xf2098053) fmv.d.x ft0, s3
core   0: 1 0x0000000080004f74 (0xf2098053) f0  0xffffffffc90e8395
core   0: 0x0000000080004f78 (0x00202b73) csrrs   s6, frm, zero
core   0: 1 0x0000000080004f78 (0x00202b73) x22 0x0000000000000000
core   0: 0x0000000080004f7c (0x0166d4b3) srl     s1, a3, s6
core   0: 1 0x0000000080004f7c (0x0166d4b3) x9  0x0000000000000000
core   0: 0x0000000080004f80 (0x125af9d3) fmul.d  fs3, fs5, ft5
core   0: 1 0x0000000080004f80 (0x125af9d3) f19 0x7ff8000000000000
core   0: 0x0000000080004f84 (0x001022f3) csrrs   t0, fflags, zero
core   0: 1 0x0000000080004f84 (0x001022f3) x5  0x0000000000000010
core   0: 0x0000000080004f88 (0x59ca0993) addi    s3, s4, 1436
core   0: 1 0x0000000080004f88 (0x59ca0993) x19 0x0000000000000045
core   0: 0x0000000080004f8c (0x00ebd99b) srliw   s3, s7, 14
core   0: 1 0x0000000080004f8c (0x00ebd99b) x19 0x0000000000000000
core   0: 0x0000000080004f90 (0x03d9d53b) divuw   a0, s3, t4
core   0: 1 0x0000000080004f90 (0x03d9d53b) x10 0x0000000000000000
core   0: 0x0000000080004f94 (0x400d503b) sraw    zero, s10, zero
core   0: 1 0x0000000080004f94 (0x400d503b)
core   0: 0x0000000080004f98 (0x0359fac7) fmsub.d fs5, fs3, fs5, ft0
core   0: 1 0x0000000080004f98 (0x0359fac7) f21 0x7ff8000000000000
core   0: 0x0000000080004f9c (0x0382b733) mulhu   a4, t0, s8
core   0: 1 0x0000000080004f9c (0x0382b733) x14 0x0000000000000000
core   0: 0x0000000080004fa0 (0x0ff0000f) fence   iorw,iorw
core   0: 1 0x0000000080004fa0 (0x0ff0000f)
core   0: 0x0000000080004fa4 (0x017b9cb3) sll     s9, s7, s7
core   0: 1 0x0000000080004fa4 (0x017b9cb3) x25 0x0000000000000000
core   0: 0x0000000080004fa8 (0xd21a0453) fcvt.d.wu fs0, s4
core   0: 1 0x0000000080004fa8 (0xd21a0453) f8  0x41efffff55200000
core   0: 0x0000000080004fac (0x5a0d7c53) fsqrt.d fs8, fs10
core   0: 1 0x0000000080004fac (0x5a0d7c53) f24 0x7ff8000000000000
core   0: 0x0000000080004fb0 (0x00000001) c.nop
core   0: 1 0x0000000080004fb0 (0x0001)
core   0: 0x0000000080004fb2 (0x41f45d9b) sraiw   s11, s0, 31
core   0: 1 0x0000000080004fb2 (0x41f45d9b) x27 0x0000000000000000
core   0: 0x0000000080004fb6 (0x64f1869b) addiw   a3, gp, 1615
core   0: 1 0x0000000080004fb6 (0x64f1869b) x13 0x0000000000000650
core   0: 0x0000000080004fba (0x029682b3) mul     t0, a3, s1
core   0: 1 0x0000000080004fba (0x029682b3) x5  0x0000000000000000
core   0: 0x0000000080004fbe (0x2296a353) fsgnjx.d ft6, fa3, fs1
core   0: 1 0x0000000080004fbe (0x2296a353) f6  0xfff0000000000000
core   0: 0x0000000080004fc2 (0x239e0b53) fsgnj.d fs6, ft8, fs9
core   0: 1 0x0000000080004fc2 (0x239e0b53) f22 0x7ff8000000000000
core   0: 0x0000000080004fc6 (0x0362a233) mulhsu  tp, t0, s6
core   0: 1 0x0000000080004fc6 (0x0362a233) x4  0x0000000000000000
core   0: 0x0000000080004fca (0x40425833) sra     a6, tp, tp
core   0: 1 0x0000000080004fca (0x40425833) x16 0x0000000000000000
core   0: 0x0000000080004fce (0xc22ff0d3) fcvt.l.d ra, ft11
core   0: 1 0x0000000080004fce (0xc22ff0d3) c1_fflags 0x0000000000000010 x1  0x7fffffffffffffff
core   0: 0x0000000080004fd2 (0x00199b3b) sllw    s6, s3, ra
core   0: 1 0x0000000080004fd2 (0x00199b3b) x22 0x0000000000000000
core   0: 0x0000000080004fd6 (0x00199e9b) slliw   t4, s3, 1
core   0: 1 0x0000000080004fd6 (0x00199e9b) x29 0x0000000000000000
core   0: 0x0000000080004fda (0x01bdf2b3) and     t0, s11, s11
core   0: 1 0x0000000080004fda (0x01bdf2b3) x5  0x0000000000000000
core   0: 0x0000000080004fde (0xbb9a7bc7) fmsub.d fs7, fs4, fs9, fs7
core   0: 1 0x0000000080004fde (0xbb9a7bc7) f23 0x7ff8000000000000
core   0: 0x0000000080004fe2 (0xd9d8d837) lui     a6, 0xd9d8d
core   0: 1 0x0000000080004fe2 (0xd9d8d837) x16 0xffffffffd9d8d000
core   0: 0x0000000080004fe6 (0xa2788453) fle.d   s0, fa7, ft7
core   0: 1 0x0000000080004fe6 (0xa2788453) c1_fflags 0x0000000000000010 x8  0x0000000000000000
core   0: 0x0000000080004fea (0x00849cb3) sll     s9, s1, s0
core   0: 1 0x0000000080004fea (0x00849cb3) x25 0x0000000000000000
core   0: 0x0000000080004fee (0x0e02e013) prefetch.i 224(t0)
core   0: 1 0x0000000080004fee (0x0e02e013)
core   0: 0x0000000080004ff2 (0x3a7f7f43) fmadd.d ft10, ft10, ft7, ft7
core   0: 1 0x0000000080004ff2 (0x3a7f7f43) f30 0x7ff8000000000000
core   0: 0x0000000080004ff6 (0x0256eb33) rem     s6, a3, t0
core   0: 1 0x0000000080004ff6 (0x0256eb33) x22 0x0000000000000650
core   0: 0x0000000080004ffa (0x416e86bb) subw    a3, t4, s6
core   0: 1 0x0000000080004ffa (0x416e86bb) x13 0xfffffffffffff9b0
core   0: 0x0000000080004ffe (0x029a90b3) mulh    ra, s5, s1
core   0: 1 0x0000000080004ffe (0x029a90b3) x1  0x0000000000000000
core   0: 0x0000000080005002 (0x7743b817) auipc   a6, 0x7743b
core   0: 1 0x0000000080005002 (0x7743b817) x16 0x00000000f7440002
core   0: 0x0000000080005006 (0x41b7d6bb) sraw    a3, a5, s11
core   0: 1 0x0000000080005006 (0x41b7d6bb) x13 0xffffffff80004f4c
core   0: 0x000000008000500a (0x40b859bb) sraw    s3, a6, a1
core   0: 1 0x000000008000500a (0x40b859bb) x19 0xfffffffffffffee8
core   0: 0x000000008000500e (0x001027f3) csrrs   a5, fflags, zero
core   0: 1 0x000000008000500e (0x001027f3) x15 0x0000000000000010
core   0: 0x0000000080005012 (0xfff4ea93) ori     s5, s1, -1
core   0: 1 0x0000000080005012 (0xfff4ea93) x21 0xffffffffffffffff
core   0: 0x0000000080005016 (0x2a5878c7) fmsub.d fa7, fa6, ft5, ft5
core   0: 1 0x0000000080005016 (0x2a5878c7) f17 0xc3f0000000000000
core   0: 0x000000008000501a (0xe2028153) fmv.x.d sp, ft5
core   0: 1 0x000000008000501a (0xe2028153) x2  0x43f0000000000000
core   0: 0x000000008000501e (0x120cf6d3) fmul.d  fa3, fs9, ft0
core   0: 1 0x000000008000501e (0x120cf6d3) f13 0x7ff8000000000000
core   0: 0x0000000080005022 (0x02282233) mulhsu  tp, a6, sp
core   0: 1 0x0000000080005022 (0x02282233) x4  0x00000000419e9bc0
core   0: 0x0000000080005026 (0x019d95b3) sll     a1, s11, s9
core   0: 1 0x0000000080005026 (0x019d95b3) x11 0x0000000000000000
core   0: 0x000000008000502a (0x2a5b9d53) fmax.d  fs10, fs7, ft5
core   0: 1 0x000000008000502a (0x2a5b9d53) f26 0x43f0000000000000
core   0: 0x000000008000502e (0x131d7dd3) fmul.d  fs11, fs10, fa7
core   0: 1 0x000000008000502e (0x131d7dd3) f27 0xc7f0000000000000
core   0: 0x0000000080005032 (0x02be0d3b) mulw    s10, t3, a1
core   0: 1 0x0000000080005032 (0x02be0d3b) x26 0x0000000000000000
core   0: 0x0000000080005036 (0x420e0053) fcvt.d.s ft0, ft8
core   0: 1 0x0000000080005036 (0x420e0053) f0  0x7ff8000000000000
core   0: 0x000000008000503a (0x01addcbb) srlw    s9, s11, s10
core   0: 1 0x000000008000503a (0x01addcbb) x25 0x0000000000000000
core   0: 0x000000008000503e (0x04a20213) addi    tp, tp, 74
core   0: 1 0x000000008000503e (0x04a20213) x4  0x00000000419e9c0a
core   0: 0x0000000080005042 (0x4022de9b) sraiw   t4, t0, 2
core   0: 1 0x0000000080005042 (0x4022de9b) x29 0x0000000000000000
core   0: 0x0000000080005046 (0x0ff0000f) fence   iorw,iorw
core   0: 1 0x0000000080005046 (0x0ff0000f)
core   0: 0x000000008000504a (0x8a308693) addi    a3, ra, -1885
core   0: 1 0x000000008000504a (0x8a308693) x13 0xfffffffffffff8a3
core   0: 0x000000008000504e (0x009894bb) sllw    s1, a7, s1
core   0: 1 0x000000008000504e (0x009894bb) x9  0x0000000000000010
core   0: 0x0000000080005052 (0xdba67cb7) lui     s9, 0xdba67
core   0: 1 0x0000000080005052 (0xdba67cb7) x25 0xffffffffdba67000
core   0: 0x0000000080005056 (0x00d4ddbb) srlw    s11, s1, a3
core   0: 1 0x0000000080005056 (0x00d4ddbb) x27 0x0000000000000002
core   0: 0x000000008000505a (0x0031513b) srlw    sp, sp, gp
core   0: 1 0x000000008000505a (0x0031513b) x2  0x0000000000000000
core   0: 0x000000008000505e (0x008d983b) sllw    a6, s11, s0
core   0: 1 0x000000008000505e (0x008d983b) x16 0x0000000000000002
core   0: 0x0000000080005062 (0x01082233) slt     tp, a6, a6
core   0: 1 0x0000000080005062 (0x01082233) x4  0x0000000000000000
core   0: 0x0000000080005066 (0x00027037) lui     zero, 0x27
core   0: 1 0x0000000080005066 (0x00027037)
core   0: 0x000000008000506a (0x41b0001b) addiw   zero, zero, 1051
core   0: 1 0x000000008000506a (0x41b0001b)
core   0: 0x000000008000506e (0x01001013) slli    zero, zero, 16
core   0: 1 0x000000008000506e (0x01001013)
core   0: 0x0000000080005072 (0x69700013) li      zero, 1687
core   0: 1 0x0000000080005072 (0x69700013)
core   0: 0x0000000080005076 (0x238b1253) fsgnjn.d ft4, fs6, fs8
core   0: 1 0x0000000080005076 (0x238b1253) f4  0xfff8000000000000
core   0: 0x000000008000507a (0x00475db3) srl     s11, a4, tp
core   0: 1 0x000000008000507a (0x00475db3) x27 0x0000000000000000
core   0: 0x000000008000507e (0xc2007c53) fcvt.w.d s8, ft0
core   0: 1 0x000000008000507e (0xc2007c53) c1_fflags 0x0000000000000010 x24 0x000000007fffffff
core   0: 0x0000000080005082 (0xe3ce77cb) fnmsub.d fa5, ft8, ft8, ft8
core   0: 1 0x0000000080005082 (0xe3ce77cb) f15 0x7ff8000000000000
core   0: 0x0000000080005086 (0x5a0278d3) fsqrt.d fa7, ft4
core   0: 1 0x0000000080005086 (0x5a0278d3) f17 0x7ff8000000000000
core   0: 0x000000008000508a (0x2287a3d3) fsgnjx.d ft7, fa5, fs0
core   0: 1 0x000000008000508a (0x2287a3d3) f7  0x7ff8000000000000
core   0: 0x000000008000508e (0x6291f1c7) fmsub.d ft3, ft3, fs1, fa2
core   0: 1 0x000000008000508e (0x6291f1c7) f3  0x7ff8000000000000
core   0: 0x0000000080005092 (0xf2080b53) fmv.d.x fs6, a6
core   0: 1 0x0000000080005092 (0xf2080b53) f22 0x0000000000000002
core   0: 0x0000000080005096 (0x4008531b) sraiw   t1, a6, 0
core   0: 1 0x0000000080005096 (0x4008531b) x6  0x0000000000000002
core   0: 0x000000008000509a (0x40585d1b) sraiw   s10, a6, 5
core   0: 1 0x000000008000509a (0x40585d1b) x26 0x0000000000000000
core   0: 0x000000008000509e (0x01fb9b9b) slliw   s7, s7, 31
core   0: 1 0x000000008000509e (0x01fb9b9b) x23 0x0000000000000000
core   0: 0x00000000800050a2 (0x006d68b3) or      a7, s10, t1
core   0: 1 0x00000000800050a2 (0x006d68b3) x17 0x0000000000000002
core   0: 0x00000000800050a6 (0x031181b3) mul     gp, gp, a7
core   0: 1 0x00000000800050a6 (0x031181b3) x3  0x0000000000000002
core   0: 0x00000000800050aa (0x019ae433) or      s0, s5, s9
core   0: 1 0x00000000800050aa (0x019ae433) x8  0xffffffffffffffff
core   0: 0x00000000800050ae (0x02c57533) remu    a0, a0, a2
core   0: 1 0x00000000800050ae (0x02c57533) x10 0x0000000000000000
core   0: 0x00000000800050b2 (0x01d60ebb) addw    t4, a2, t4
core   0: 1 0x00000000800050b2 (0x01d60ebb) x29 0x0000000000000a00
core   0: 0x00000000800050b6 (0x2a2b0053) fmin.d  ft0, fs6, ft2
core   0: 1 0x00000000800050b6 (0x2a2b0053) f0  0x0000000000000000
core   0: 0x00000000800050ba (0x01b3c833) xor     a6, t2, s11
core   0: 1 0x00000000800050ba (0x01b3c833) x16 0xfffffffffffff942
core   0: 0x00000000800050be (0x0a5b7853) fsub.d  fa6, fs6, ft5
core   0: 1 0x00000000800050be (0x0a5b7853) c1_fflags 0x0000000000000011 f16 0xc3f0000000000000
core   0: 0x00000000800050c2 (0x00000001) c.nop
core   0: 1 0x00000000800050c2 (0x0001)
core   0: 0x00000000800050c4 (0x401ddab3) sra     s5, s11, ra
core   0: 1 0x00000000800050c4 (0x401ddab3) x21 0x0000000000000000
core   0: 0x00000000800050c8 (0x030872d3) fadd.d  ft5, fa6, fa6
core   0: 1 0x00000000800050c8 (0x030872d3) f5  0xc400000000000000
core   0: 0x00000000800050cc (0x001a83bb) addw    t2, s5, ra
core   0: 1 0x00000000800050cc (0x001a83bb) x7  0x0000000000000000
core   0: 0x00000000800050d0 (0x5a02f5d3) fsqrt.d fa1, ft5
core   0: 1 0x00000000800050d0 (0x5a02f5d3) c1_fflags 0x0000000000000011 f11 0x7ff8000000000000
core   0: 0x00000000800050d4 (0x03081033) mulh    zero, a6, a6
core   0: 1 0x00000000800050d4 (0x03081033)
core   0: 0x00000000800050d8 (0xd21e0253) fcvt.d.wu ft4, t3
core   0: 1 0x00000000800050d8 (0xd21e0253) f4  0x41aefa5cfe000000
core   0: 0x00000000800050dc (0x000e011b) sext.w  sp, t3
core   0: 1 0x00000000800050dc (0x000e011b) x2  0x000000000f7d2e7f
core   0: 0x00000000800050e0 (0x00a8d89b) srliw   a7, a7, 10
core   0: 1 0x00000000800050e0 (0x00a8d89b) x17 0x0000000000000000
core   0: 0x00000000800050e4 (0x0012099b) addiw   s3, tp, 1
core   0: 1 0x00000000800050e4 (0x0012099b) x19 0x0000000000000001
core   0: 0x00000000800050e8 (0x01d9e633) or      a2, s3, t4
core   0: 1 0x00000000800050e8 (0x01d9e633) x12 0x0000000000000a01
core   0: 0x00000000800050ec (0x003911bb) sllw    gp, s2, gp
core   0: 1 0x00000000800050ec (0x003911bb) x3  0x000000007ffffffc
core   0: 0x00000000800050f0 (0x03c54933) div     s2, a0, t3
core   0: 1 0x00000000800050f0 (0x03c54933) x18 0x0000000000000000
core   0: 0x00000000800050f4 (0x01ce599b) srliw   s3, t3, 28
core   0: 1 0x00000000800050f4 (0x01ce599b) x19 0x0000000000000000
core   0: 0x00000000800050f8 (0x03787b53) fadd.d  fs6, fa6, fs7
core   0: 1 0x00000000800050f8 (0x03787b53) f22 0x7ff8000000000000
core   0: 0x00000000800050fc (0x03889133) mulh    sp, a7, s8
core   0: 1 0x00000000800050fc (0x03889133) x2  0x0000000000000000
core   0: 0x0000000080005100 (0x2a188953) fmin.d  fs2, fa7, ft1
core   0: 1 0x0000000080005100 (0x2a188953) f18 0x7ff8000000000000
core   0: 0x0000000080005104 (0x03335e33) divu    t3, t1, s3
core   0: 1 0x0000000080005104 (0x03335e33) x28 0xffffffffffffffff
core   0: 0x0000000080005108 (0x000c503b) srlw    zero, s8, zero
core   0: 1 0x0000000080005108 (0x000c503b)
core   0: 0x000000008000510c (0x001ddb13) srli    s6, s11, 1
core   0: 1 0x000000008000510c (0x001ddb13) x22 0x0000000000000000
core   0: 0x0000000080005110 (0x03600033) mul     zero, zero, s6
core   0: 1 0x0000000080005110 (0x03600033)
core   0: 0x0000000080005114 (0xf2028d53) fmv.d.x fs10, t0
core   0: 1 0x0000000080005114 (0xf2028d53) f26 0x0000000000000000
core   0: 0x0000000080005118 (0x017b2633) slt     a2, s6, s7
core   0: 1 0x0000000080005118 (0x017b2633) x12 0x0000000000000000
core   0: 0x000000008000511c (0x40157453) fcvt.s.d fs0, fa0
core   0: 1 0x000000008000511c (0x40157453) f8  0xffffffff3f800000
core   0: 0x0000000080005120 (0x02c159bb) divuw   s3, sp, a2
core   0: 1 0x0000000080005120 (0x02c159bb) x19 0xffffffffffffffff
core   0: 0x0000000080005124 (0x411e0533) sub     a0, t3, a7
core   0: 1 0x0000000080005124 (0x411e0533) x10 0xffffffffffffffff
core   0: 0x0000000080005128 (0xc230f453) fcvt.lu.d s0, ft1
core   0: 1 0x0000000080005128 (0xc230f453) c1_fflags 0x0000000000000011 x8  0xffffffffffffffff
core   0: 0x000000008000512c (0xc2147053) fcvt.wu.d zero, fs0
core   0: 1 0x000000008000512c (0xc2147053) c1_fflags 0x0000000000000011
core   0: 0x0000000080005130 (0x40bddd33) sra     s10, s11, a1
core   0: 1 0x0000000080005130 (0x40bddd33) x26 0x0000000000000000
core   0: 0x0000000080005134 (0x00000001) c.nop
core   0: 1 0x0000000080005134 (0x0001)
core   0: 0x0000000080005136 (0x00051c93) slli    s9, a0, 0
core   0: 1 0x0000000080005136 (0x00051c93) x25 0xffffffffffffffff
core   0: 0x000000008000513a (0x00000001) c.nop
core   0: 1 0x000000008000513a (0x0001)
core   0: 0x000000008000513c (0xd2120c53) fcvt.d.wu fs8, tp
core   0: 1 0x000000008000513c (0xd2120c53) f24 0x0000000000000000
core   0: 0x0000000080005140 (0x41fbd49b) sraiw   s1, s7, 31
core   0: 1 0x0000000080005140 (0x41fbd49b) x9  0x0000000000000000
core   0: 0x0000000080005144 (0x000c9513) slli    a0, s9, 0
core   0: 1 0x0000000080005144 (0x000c9513) x10 0xffffffffffffffff
core   0: 0x0000000080005148 (0x228595d3) fsgnjn.d fa1, fa1, fs0
core   0: 1 0x0000000080005148 (0x228595d3) f11 0x7ff8000000000000
core   0: 0x000000008000514c (0x019999bb) sllw    s3, s3, s9
core   0: 1 0x000000008000514c (0x019999bb) x19 0xffffffff80000000
core   0: 0x0000000080005150 (0x40a3563b) sraw    a2, t1, a0
core   0: 1 0x0000000080005150 (0x40a3563b) x12 0x0000000000000000
core   0: 0x0000000080005154 (0xddcfb7b7) lui     a5, 0xddcfb
core   0: 1 0x0000000080005154 (0xddcfb7b7) x15 0xffffffffddcfb000
core   0: 0x0000000080005158 (0x02d00033) mul     zero, zero, a3
core   0: 1 0x0000000080005158 (0x02d00033)
core   0: 0x000000008000515c (0xe2040453) fmv.x.d s0, fs0
core   0: 1 0x000000008000515c (0xe2040453) x8  0xffffffff3f800000
core   0: 0x0000000080005160 (0xd23c71d3) fcvt.d.lu ft3, s8
core   0: 1 0x0000000080005160 (0xd23c71d3) f3  0x41dfffffffc00000
core   0: 0x0000000080005164 (0x406552bb) sraw    t0, a0, t1
core   0: 1 0x0000000080005164 (0x406552bb) x5  0xffffffffffffffff
core   0: 0x0000000080005168 (0x00a29733) sll     a4, t0, a0
core   0: 1 0x0000000080005168 (0x00a29733) x14 0x8000000000000000
core   0: 0x000000008000516c (0x2b291353) fmax.d  ft6, fs2, fs2
core   0: 1 0x000000008000516c (0x2b291353) f6  0x7ff8000000000000
core   0: 0x0000000080005170 (0x01070c3b) addw    s8, a4, a6
core   0: 1 0x0000000080005170 (0x01070c3b) x24 0xfffffffffffff942
core   0: 0x0000000080005174 (0x4041d1bb) sraw    gp, gp, tp
core   0: 1 0x0000000080005174 (0x4041d1bb) x3  0x000000007ffffffc
core   0: 0x0000000080005178 (0x4135d093) srai    ra, a1, 19
core   0: 1 0x0000000080005178 (0x4135d093) x1  0x0000000000000000
core   0: 0x000000008000517c (0x00000001) c.nop
core   0: 1 0x000000008000517c (0x0001)
core   0: 0x000000008000517e (0x00a68c3b) addw    s8, a3, a0
core   0: 1 0x000000008000517e (0x00a68c3b) x24 0xfffffffffffff8a2
core   0: 0x0000000080005182 (0x5a0b7e53) fsqrt.d ft8, fs6
core   0: 1 0x0000000080005182 (0x5a0b7e53) f28 0x7ff8000000000000
core   0: 0x0000000080005186 (0x0138d8bb) srlw    a7, a7, s3
core   0: 1 0x0000000080005186 (0x0138d8bb) x17 0x0000000000000000
core   0: 0x000000008000518a (0x034de03b) remw    zero, s11, s4
core   0: 1 0x000000008000518a (0x034de03b)
core   0: 0x000000008000518e (0xc02d7bd3) fcvt.l.s s7, fs10
core   0: 1 0x000000008000518e (0xc02d7bd3) c1_fflags 0x0000000000000011 x23 0x7fffffffffffffff
core   0: 0x0000000080005192 (0x00cc16bb) sllw    a3, s8, a2
core   0: 1 0x0000000080005192 (0x00cc16bb) x13 0xfffffffffffff8a2
core   0: 0x0000000080005196 (0x0286c433) div     s0, a3, s0
core   0: 1 0x0000000080005196 (0x0286c433) x8  0x0000000000000000
core   0: 0x000000008000519a (0x01f49e9b) slliw   t4, s1, 31
core   0: 1 0x000000008000519a (0x01f49e9b) x29 0x0000000000000000
core   0: 0x000000008000519e (0x00149d13) slli    s10, s1, 1
core   0: 1 0x000000008000519e (0x00149d13) x26 0x0000000000000000
core   0: 0x00000000800051a2 (0x0399deb3) divu    t4, s3, s9
core   0: 1 0x00000000800051a2 (0x0399deb3) x29 0x0000000000000000
core   0: 0x00000000800051a6 (0x0150dabb) srlw    s5, ra, s5
core   0: 1 0x00000000800051a6 (0x0150dabb) x21 0x0000000000000000
core   0: 0x00000000800051aa (0x91d57817) auipc   a6, 0x91d57
core   0: 1 0x00000000800051aa (0x91d57817) x16 0x0000000011d5c1aa
core   0: 0x00000000800051ae (0x00109c93) slli    s9, ra, 1
core   0: 1 0x00000000800051ae (0x00109c93) x25 0x0000000000000000
core   0: 0x00000000800051b2 (0x4046521b) sraiw   tp, a2, 4
core   0: 1 0x00000000800051b2 (0x4046521b) x4  0x0000000000000000
core   0: 0x00000000800051b6 (0x03d440bb) divw    ra, s0, t4
core   0: 1 0x00000000800051b6 (0x03d440bb) x1  0xffffffffffffffff
core   0: 0x00000000800051ba (0x021c99b3) mulh    s3, s9, ra
core   0: 1 0x00000000800051ba (0x021c99b3) x19 0x0000000000000000
core   0: 0x00000000800051be (0x000055bb) srlw    a1, zero, zero
core   0: 1 0x00000000800051be (0x000055bb) x11 0x0000000000000000
core   0: 0x00000000800051c2 (0x418ad33b) sraw    t1, s5, s8
core   0: 1 0x00000000800051c2 (0x418ad33b) x6  0x0000000000000000
core   0: 0x00000000800051c6 (0x026a823b) mulw    tp, s5, t1
core   0: 1 0x00000000800051c6 (0x026a823b) x4  0x0000000000000000
core   0: 0x00000000800051ca (0x404c8cbb) subw    s9, s9, tp
core   0: 1 0x00000000800051ca (0x404c8cbb) x25 0x0000000000000000
core   0: 0x00000000800051ce (0x00bd41b3) xor     gp, s10, a1
core   0: 1 0x00000000800051ce (0x00bd41b3) x3  0x0000000000000000
core   0: 0x00000000800051d2 (0x00009d25) c.addw  a0, s1
core   0: 1 0x00000000800051d2 (0x9d25) x10 0xffffffffffffffff
core   0: 0x00000000800051d4 (0x00000a06) c.slli  s4, 1
core   0: 1 0x00000000800051d4 (0x0a06) x20 0xfffffffffffff552
core   0: 0x00000000800051d6 (0x01d85393) srli    t2, a6, 29
core   0: 1 0x00000000800051d6 (0x01d85393) x7  0x0000000000000000
core   0: 0x00000000800051da (0x1b32f9d3) fdiv.d  fs3, ft5, fs3
core   0: 1 0x00000000800051da (0x1b32f9d3) f19 0x7ff8000000000000
core   0: 0x00000000800051de (0x0221463b) divw    a2, sp, sp
core   0: 1 0x00000000800051de (0x0221463b) x12 0xffffffffffffffff
core   0: 0x00000000800051e2 (0x027cf453) fadd.d  fs0, fs9, ft7
core   0: 1 0x00000000800051e2 (0x027cf453) f8  0x7ff8000000000000
core   0: 0x00000000800051e6 (0xc2048b1b) addiw   s6, s1, -992
core   0: 1 0x00000000800051e6 (0xc2048b1b) x22 0xfffffffffffffc20
core   0: 0x00000000800051ea (0x00259173) csrrw   sp, frm, a1
core   0: 1 0x00000000800051ea (0x00259173) x2  0x0000000000000000 c2_frm 0x0000000000000000
core   0: 0x00000000800051ee (0x12bdfbd3) fmul.d  fs7, fs11, fa1
core   0: 1 0x00000000800051ee (0x12bdfbd3) f23 0x7ff8000000000000
core   0: 0x00000000800051f2 (0x01845433) srl     s0, s0, s8
core   0: 1 0x00000000800051f2 (0x01845433) x8  0x0000000000000000
core   0: 0x00000000800051f6 (0x001e1b13) slli    s6, t3, 1
core   0: 1 0x00000000800051f6 (0x001e1b13) x22 0xfffffffffffffffe
core   0: 0x00000000800051fa (0x00145e93) srli    t4, s0, 1
core   0: 1 0x00000000800051fa (0x00145e93) x29 0x0000000000000000
core   0: 0x00000000800051fe (0x0273d1b3) divu    gp, t2, t2
core   0: 1 0x00000000800051fe (0x0273d1b3) x3  0xffffffffffffffff
core   0: 0x0000000080005202 (0x40865a3b) sraw    s4, a2, s0
core   0: 1 0x0000000080005202 (0x40865a3b) x20 0xffffffffffffffff
core   0: 0x0000000080005206 (0x00340533) add     a0, s0, gp
core   0: 1 0x0000000080005206 (0x00340533) x10 0xffffffffffffffff
core   0: 0x000000008000520a (0x00ca1233) sll     tp, s4, a2
core   0: 1 0x000000008000520a (0x00ca1233) x4  0x8000000000000000
core   0: 0x000000008000520e (0x00a8a533) slt     a0, a7, a0
core   0: 1 0x000000008000520e (0x00a8a533) x10 0x0000000000000000
core   0: 0x0000000080005212 (0x2ac90653) fmin.d  fa2, fs2, fa2
core   0: 1 0x0000000080005212 (0x2ac90653) f12 0x7ff8000000000000
core   0: 0x0000000080005216 (0xaa01714f) fnmadd.d ft2, ft2, ft0, fs5
core   0: 1 0x0000000080005216 (0xaa01714f) f2  0x7ff8000000000000
core   0: 0x000000008000521a (0x00202073) csrrs   zero, frm, zero
core   0: 1 0x000000008000521a (0x00202073)
core   0: 0x000000008000521e (0x2b320253) fmin.d  ft4, ft4, fs3
core   0: 1 0x000000008000521e (0x2b320253) f4  0x41aefa5cfe000000
core   0: 0x0000000080005222 (0x4007d7b3) sra     a5, a5, zero
core   0: 1 0x0000000080005222 (0x4007d7b3) x15 0xffffffffddcfb000
core   0: 0x0000000080005226 (0x00000001) c.nop
core   0: 1 0x0000000080005226 (0x0001)
core   0: 0x0000000080005228 (0x0398d2bb) divuw   t0, a7, s9
core   0: 1 0x0000000080005228 (0x0398d2bb) x5  0xffffffffffffffff
core   0: 0x000000008000522c (0x40bbd5bb) sraw    a1, s7, a1
core   0: 1 0x000000008000522c (0x40bbd5bb) x11 0xffffffffffffffff
core   0: 0x0000000080005230 (0xe370fb4b) fnmsub.d fs6, ft1, fs7, ft8
core   0: 1 0x0000000080005230 (0xe370fb4b) f22 0x7ff8000000000000
core   0: 0x0000000080005234 (0x0218dd3b) divuw   s10, a7, ra
core   0: 1 0x0000000080005234 (0x0218dd3b) x26 0x0000000000000000
core   0: 0x0000000080005238 (0x42aa5a13) srai    s4, s4, 42
core   0: 1 0x0000000080005238 (0x42aa5a13) x20 0xffffffffffffffff
core   0: 0x000000008000523c (0x2a900a53) fmin.d  fs4, ft0, fs1
core   0: 1 0x000000008000523c (0x2a900a53) f20 0x0000000000000000
core   0: 0x0000000080005240 (0x00a801bb) addw    gp, a6, a0
core   0: 1 0x0000000080005240 (0x00a801bb) x3  0x0000000011d5c1aa
core   0: 0x0000000080005244 (0x03fed313) srli    t1, t4, 63
core   0: 1 0x0000000080005244 (0x03fed313) x6  0x0000000000000000
core   0: 0x0000000080005248 (0x0ff0000f) fence   iorw,iorw
core   0: 1 0x0000000080005248 (0x0ff0000f)
core   0: 0x000000008000524c (0x006c7233) and     tp, s8, t1
core   0: 1 0x000000008000524c (0x006c7233) x4  0x0000000000000000
core   0: 0x0000000080005250 (0x001c5813) srli    a6, s8, 1
core   0: 1 0x0000000080005250 (0x001c5813) x16 0x7ffffffffffffc51
core   0: 0x0000000080005254 (0xfff30413) addi    s0, t1, -1
core   0: 1 0x0000000080005254 (0xfff30413) x8  0xffffffffffffffff
core   0: 0x0000000080005258 (0x0281ed33) rem     s10, gp, s0
core   0: 1 0x0000000080005258 (0x0281ed33) x26 0x0000000000000000
core   0: 0x000000008000525c (0x0219f4b3) remu    s1, s3, ra
core   0: 1 0x000000008000525c (0x0219f4b3) x9  0x0000000000000000
core   0: 0x0000000080005260 (0x001022f3) csrrs   t0, fflags, zero
core   0: 1 0x0000000080005260 (0x001022f3) x5  0x0000000000000011
core   0: 0x0000000080005264 (0x0208783b) remuw   a6, a6, zero
core   0: 1 0x0000000080005264 (0x0208783b) x16 0xfffffffffffffc51
core   0: 0x0000000080005268 (0x0008dc9b) srliw   s9, a7, 0
core   0: 1 0x0000000080005268 (0x0008dc9b) x25 0x0000000000000000
core   0: 0x000000008000526c (0x01b56eb3) or      t4, a0, s11
core   0: 1 0x000000008000526c (0x01b56eb3) x29 0x0000000000000000
core   0: 0x0000000080005270 (0x4042093b) subw    s2, tp, tp
core   0: 1 0x0000000080005270 (0x4042093b) x18 0x0000000000000000
core   0: 0x0000000080005274 (0x2b188dd3) fmin.d  fs11, fa7, fa7
core   0: 1 0x0000000080005274 (0x2b188dd3) f27 0x7ff8000000000000
core   0: 0x0000000080005278 (0x00202273) csrrs   tp, frm, zero
core   0: 1 0x0000000080005278 (0x00202273) x4  0x0000000000000000
core   0: 0x000000008000527c (0x5a09f9d3) fsqrt.d fs3, fs3
core   0: 1 0x000000008000527c (0x5a09f9d3) f19 0x7ff8000000000000
core   0: 0x0000000080005280 (0xd0277cd3) fcvt.s.l fs9, a4
core   0: 1 0x0000000080005280 (0xd0277cd3) f25 0xffffffffdf000000
core   0: 0x0000000080005284 (0x01c19713) slli    a4, gp, 28
core   0: 1 0x0000000080005284 (0x01c19713) x14 0x011d5c1aa0000000
core   0: 0x0000000080005288 (0x00202173) csrrs   sp, frm, zero
core   0: 1 0x0000000080005288 (0x00202173) x2  0x0000000000000000
core   0: 0x000000008000528c (0xa27a8453) fle.d   s0, fs5, ft7
core   0: 1 0x000000008000528c (0xa27a8453) c1_fflags 0x0000000000000011 x8  0x0000000000000000
core   0: 0x0000000080005290 (0xd2148353) fcvt.d.wu ft6, s1
core   0: 1 0x0000000080005290 (0xd2148353) f6  0x0000000000000000
core   0: 0x0000000080005294 (0xd22076d3) fcvt.d.l fa3, zero
core   0: 1 0x0000000080005294 (0xd22076d3) f13 0x0000000000000000
core   0: 0x0000000080005298 (0x03469a93) slli    s5, a3, 52
core   0: 1 0x0000000080005298 (0x03469a93) x21 0x8a20000000000000
core   0: 0x000000008000529c (0x7ffd4713) xori    a4, s10, 2047
core   0: 1 0x000000008000529c (0x7ffd4713) x14 0x00000000000007ff
core   0: 0x00000000800052a0 (0x01d2ceb3) xor     t4, t0, t4
core   0: 1 0x00000000800052a0 (0x01d2ceb3) x29 0x0000000000000011
core   0: 0x00000000800052a4 (0x40ea5dbb) sraw    s11, s4, a4
core   0: 1 0x00000000800052a4 (0x40ea5dbb) x27 0xffffffffffffffff
core   0: 0x00000000800052a8 (0x010deb33) or      s6, s11, a6
core   0: 1 0x00000000800052a8 (0x010deb33) x22 0xffffffffffffffff
core   0: 0x00000000800052ac (0x414807bb) subw    a5, a6, s4
core   0: 1 0x00000000800052ac (0x414807bb) x15 0xfffffffffffffc52
core   0: 0x00000000800052b0 (0x03b353bb) divuw   t2, t1, s11
core   0: 1 0x00000000800052b0 (0x03b353bb) x7  0x0000000000000000
core   0: 0x00000000800052b4 (0x01a302bb) addw    t0, t1, s10
core   0: 1 0x00000000800052b4 (0x01a302bb) x5  0x0000000000000000
core   0: 0x00000000800052b8 (0x4002d913) srai    s2, t0, 0
core   0: 1 0x00000000800052b8 (0x4002d913) x18 0x0000000000000000
core   0: 0x00000000800052bc (0x1b4dfa53) fdiv.d  fs4, fs11, fs4
core   0: 1 0x00000000800052bc (0x1b4dfa53) f20 0x7ff8000000000000
core   0: 0x00000000800052c0 (0x00298633) add     a2, s3, sp
core   0: 1 0x00000000800052c0 (0x00298633) x12 0x0000000000000000
core   0: 0x00000000800052c4 (0x00b6909b) slliw   ra, a3, 11
core   0: 1 0x00000000800052c4 (0x00b6909b) x1  0xffffffffffc51000
core   0: 0x00000000800052c8 (0x00f68b3b) addw    s6, a3, a5
core   0: 1 0x00000000800052c8 (0x00f68b3b) x22 0xfffffffffffff4f4
core   0: 0x00000000800052cc (0x53af0297) auipc   t0, 0x53af0
core   0: 1 0x00000000800052cc (0x53af0297) x5  0x00000000d3af52cc
core   0: 0x00000000800052d0 (0x1bcbfdd3) fdiv.d  fs11, fs7, ft8
core   0: 1 0x00000000800052d0 (0x1bcbfdd3) f27 0x7ff8000000000000
core   0: 0x00000000800052d4 (0x00365b9b) srliw   s7, a2, 3
core   0: 1 0x00000000800052d4 (0x00365b9b) x23 0x0000000000000000
core   0: 0x00000000800052d8 (0x4100083b) subw    a6, zero, a6
core   0: 1 0x00000000800052d8 (0x4100083b) x16 0x00000000000003af
core   0: 0x00000000800052dc (0x00635c3b) srlw    s8, t1, t1
core   0: 1 0x00000000800052dc (0x00635c3b) x24 0x0000000000000000
core   0: 0x00000000800052e0 (0x4001d593) srai    a1, gp, 0
core   0: 1 0x00000000800052e0 (0x4001d593) x11 0x0000000011d5c1aa
core   0: 0x00000000800052e4 (0x03fcd113) srli    sp, s9, 63
core   0: 1 0x00000000800052e4 (0x03fcd113) x2  0x0000000000000000
core   0: 0x00000000800052e8 (0xc02dfed3) fcvt.l.s t4, fs11
core   0: 1 0x00000000800052e8 (0xc02dfed3) c1_fflags 0x0000000000000011 x29 0x7fffffffffffffff
core   0: 0x00000000800052ec (0xc0351573) csrrw   a0, hpmcounter3, a0
core   0: exception trap_illegal_instruction, epc 0x00000000800052ec
core   0:           tval 0x00000000c0351573
core   0: >>>>  $xrv64i2p1_m2p0_a2p1_f2p2_d2p2_zicsr2p0_zifencei2p0_zmmul1p0_zba1p0_zbb1p0_zbc1p0_zbs1p0
core   0: 0x0000000080004000 (0x0080006f) j       pc + 0x8
core   0: 3 0x0000000080004000 (0x0080006f)
core   0: >>>>  mmode_exception_handler
core   0: 0x0000000080004008 (0x00002c17) auipc   s8, 0x2
core   0: 3 0x0000000080004008 (0x00002c17) x24 0x0000000080006008
core   0: 0x000000008000400c (0x01ac0c13) addi    s8, s8, 26
core   0: 3 0x000000008000400c (0x01ac0c13) x24 0x0000000080006022
core   0: 0x0000000080004010 (0x000c00e7) jalr    s8
core   0: 3 0x0000000080004010 (0x000c00e7) x1  0x0000000080004014
core   0: >>>>  any_handler
core   0: 0x0000000080006022 (0x341027f3) csrrs   a5, mepc, zero
core   0: 3 0x0000000080006022 (0x341027f3) x15 0x00000000800052ec
core   0: 0x0000000080006026 (0x34202773) csrrs   a4, mcause, zero
core   0: 3 0x0000000080006026 (0x34202773) x14 0x0000000000000002
core   0: 0x000000008000602a (0x142026f3) csrrs   a3, scause, zero
core   0: 3 0x000000008000602a (0x142026f3) x13 0x0000000000000000
core   0: 0x000000008000602e (0x30402673) csrrs   a2, mie, zero
core   0: 3 0x000000008000602e (0x30402673) x12 0x0000000000000a00
core   0: 0x0000000080006032 (0x344025f3) csrrs   a1, mip, zero
core   0: 3 0x0000000080006032 (0x344025f3) x11 0x0000000000000080
core   0: 0x0000000080006036 (0x343025f3) csrrs   a1, mtval, zero
core   0: 3 0x0000000080006036 (0x343025f3) x11 0x00000000c0351573
core   0: 0x000000008000603a (0x14302573) csrrs   a0, stval, zero
core   0: 3 0x000000008000603a (0x14302573) x10 0x0000000000000000
core   0: 0x000000008000603e (0xb02024f3) csrrs   s1, minstret, zero
core   0: 3 0x000000008000603e (0xb02024f3) x9  0x0000000000000e30
core   0: 0x0000000080006042 (0x0000a811) c.j     pc + 20
core   0: 3 0x0000000080006042 (0xa811)
core   0: >>>>  mepc_4
core   0: 0x0000000080006056 (0x00000791) c.addi  a5, 4
core   0: 3 0x0000000080006056 (0x0791) x15 0x00000000800052f0
core   0: 0x0000000080006058 (0x34179073) csrrw   zero, mepc, a5
core   0: 3 0x0000000080006058 (0x34179073) c833_mepc 0x00000000800052f0
core   0: 0x000000008000605c (0x30200073) mret
core   0: 3 0x000000008000605c (0x30200073) c768_mstatus 0x8000000a00106182
core   0: 0x00000000800052f0 (0x00d570b3) and     ra, a0, a3
core   0: 1 0x00000000800052f0 (0x00d570b3) x1  0x0000000000000000
core   0: 0x00000000800052f4 (0x00000001) c.nop
core   0: 1 0x00000000800052f4 (0x0001)
core   0: 0x00000000800052f6 (0x32ddf34b) fnmsub.d ft6, fs11, fa3, ft6
core   0: 1 0x00000000800052f6 (0x32ddf34b) f6  0x7ff8000000000000
core   0: 0x00000000800052fa (0x01d604b3) add     s1, a2, t4
core   0: 1 0x00000000800052fa (0x01d604b3) x9  0x80000000000009ff
core   0: 0x00000000800052fe (0x5a017153) fsqrt.d ft2, ft2
core   0: 1 0x00000000800052fe (0x5a017153) f2  0x7ff8000000000000
core   0: 0x0000000080005302 (0x00119d1b) slliw   s10, gp, 1
core   0: 1 0x0000000080005302 (0x00119d1b) x26 0x0000000023ab8354
core   0: 0x0000000080005306 (0x23fb19d3) fsgnjn.d fs3, fs6, ft11
core   0: 1 0x0000000080005306 (0x23fb19d3) f19 0x7ff8000000000000
core   0: 0x000000008000530a (0xd03eff53) fcvt.s.lu ft10, t4
core   0: 1 0x000000008000530a (0xd03eff53) c1_fflags 0x0000000000000011 f30 0xffffffff5f000000
core   0: 0x000000008000530e (0x002b521b) srliw   tp, s6, 2
core   0: 1 0x000000008000530e (0x002b521b) x4  0x000000003ffffd3d
core   0: 0x0000000080005312 (0x01d31c3b) sllw    s8, t1, t4
core   0: 1 0x0000000080005312 (0x01d31c3b) x24 0x0000000000000000
core   0: 0x0000000080005316 (0x973581b7) lui     gp, 0x97358
core   0: 1 0x0000000080005316 (0x973581b7) x3  0xffffffff97358000
core   0: 0x000000008000531a (0xc22f7753) fcvt.l.d a4, ft10
core   0: 1 0x000000008000531a (0xc22f7753) c1_fflags 0x0000000000000011 x14 0x7fffffffffffffff
core   0: 0x000000008000531e (0x22610053) fsgnj.d ft0, ft2, ft6
core   0: 1 0x000000008000531e (0x22610053) f0  0x7ff8000000000000
core   0: 0x0000000080005322 (0x5a0cf1d3) fsqrt.d ft3, fs9
core   0: 1 0x0000000080005322 (0x5a0cf1d3) f3  0x7ff8000000000000
core   0: 0x0000000080005326 (0xd0257753) fcvt.s.l fa4, a0
core   0: 1 0x0000000080005326 (0xd0257753) f14 0xffffffff00000000
core   0: 0x000000008000532a (0x012a27b3) slt     a5, s4, s2
core   0: 1 0x000000008000532a (0x012a27b3) x15 0x0000000000000001
core   0: 0x000000008000532e (0x002494f3) csrrw   s1, frm, s1
core   0: 1 0x000000008000532e (0x002494f3) x9  0x0000000000000000 c2_frm 0x0000000000000007
core   0: 0x0000000080005332 (0xb02735f3) csrrc   a1, minstret, a4
core   0: exception trap_illegal_instruction, epc 0x0000000080005332
core   0:           tval 0x00000000b02735f3
core   0: >>>>  $xrv64i2p1_m2p0_a2p1_f2p2_d2p2_zicsr2p0_zifencei2p0_zmmul1p0_zba1p0_zbb1p0_zbc1p0_zbs1p0
core   0: 0x0000000080004000 (0x0080006f) j       pc + 0x8
core   0: 3 0x0000000080004000 (0x0080006f)
core   0: >>>>  mmode_exception_handler
core   0: 0x0000000080004008 (0x00002c17) auipc   s8, 0x2
core   0: 3 0x0000000080004008 (0x00002c17) x24 0x0000000080006008
core   0: 0x000000008000400c (0x01ac0c13) addi    s8, s8, 26
core   0: 3 0x000000008000400c (0x01ac0c13) x24 0x0000000080006022
core   0: 0x0000000080004010 (0x000c00e7) jalr    s8
core   0: 3 0x0000000080004010 (0x000c00e7) x1  0x0000000080004014
core   0: >>>>  any_handler
core   0: 0x0000000080006022 (0x341027f3) csrrs   a5, mepc, zero
core   0: 3 0x0000000080006022 (0x341027f3) x15 0x0000000080005332
core   0: 0x0000000080006026 (0x34202773) csrrs   a4, mcause, zero
core   0: 3 0x0000000080006026 (0x34202773) x14 0x0000000000000002
core   0: 0x000000008000602a (0x142026f3) csrrs   a3, scause, zero
core   0: 3 0x000000008000602a (0x142026f3) x13 0x0000000000000000
core   0: 0x000000008000602e (0x30402673) csrrs   a2, mie, zero
core   0: 3 0x000000008000602e (0x30402673) x12 0x0000000000000a00
core   0: 0x0000000080006032 (0x344025f3) csrrs   a1, mip, zero
core   0: 3 0x0000000080006032 (0x344025f3) x11 0x0000000000000080
core   0: 0x0000000080006036 (0x343025f3) csrrs   a1, mtval, zero
core   0: 3 0x0000000080006036 (0x343025f3) x11 0x00000000b02735f3
core   0: 0x000000008000603a (0x14302573) csrrs   a0, stval, zero
core   0: 3 0x000000008000603a (0x14302573) x10 0x0000000000000000
core   0: 0x000000008000603e (0xb02024f3) csrrs   s1, minstret, zero
core   0: 3 0x000000008000603e (0xb02024f3) x9  0x0000000000000e51
core   0: 0x0000000080006042 (0x0000a811) c.j     pc + 20
core   0: 3 0x0000000080006042 (0xa811)
core   0: >>>>  mepc_4
core   0: 0x0000000080006056 (0x00000791) c.addi  a5, 4
core   0: 3 0x0000000080006056 (0x0791) x15 0x0000000080005336
core   0: 0x0000000080006058 (0x34179073) csrrw   zero, mepc, a5
core   0: 3 0x0000000080006058 (0x34179073) c833_mepc 0x0000000080005336
core   0: 0x000000008000605c (0x30200073) mret
core   0: 3 0x000000008000605c (0x30200073) c768_mstatus 0x8000000a00106182
core   0: 0x0000000080005336 (0xd2060553) fcvt.d.w fa0, a2
core   0: 1 0x0000000080005336 (0xd2060553) f10 0x40a4000000000000
core   0: 0x000000008000533a (0x013b553b) srlw    a0, s6, s3
core   0: 1 0x000000008000533a (0x013b553b) x10 0xfffffffffffff4f4
core   0: 0x000000008000533e (0xa2a70653) fle.d   a2, fa4, fa0
core   0: 1 0x000000008000533e (0xa2a70653) c1_fflags 0x0000000000000011 x12 0x0000000000000000
core   0: 0x0000000080005342 (0x1ae571d3) fdiv.d  ft3, fa0, fa4
core   0: exception trap_illegal_instruction, epc 0x0000000080005342
core   0:           tval 0x000000001ae571d3
core   0: >>>>  $xrv64i2p1_m2p0_a2p1_f2p2_d2p2_zicsr2p0_zifencei2p0_zmmul1p0_zba1p0_zbb1p0_zbc1p0_zbs1p0
core   0: 0x0000000080004000 (0x0080006f) j       pc + 0x8
core   0: 3 0x0000000080004000 (0x0080006f)
core   0: >>>>  mmode_exception_handler
core   0: 0x0000000080004008 (0x00002c17) auipc   s8, 0x2
core   0: 3 0x0000000080004008 (0x00002c17) x24 0x0000000080006008
core   0: 0x000000008000400c (0x01ac0c13) addi    s8, s8, 26
core   0: 3 0x000000008000400c (0x01ac0c13) x24 0x0000000080006022
core   0: 0x0000000080004010 (0x000c00e7) jalr    s8
core   0: 3 0x0000000080004010 (0x000c00e7) x1  0x0000000080004014
core   0: >>>>  any_handler
core   0: 0x0000000080006022 (0x341027f3) csrrs   a5, mepc, zero
core   0: 3 0x0000000080006022 (0x341027f3) x15 0x0000000080005342
core   0: 0x0000000080006026 (0x34202773) csrrs   a4, mcause, zero
core   0: 3 0x0000000080006026 (0x34202773) x14 0x0000000000000002
core   0: 0x000000008000602a (0x142026f3) csrrs   a3, scause, zero
core   0: 3 0x000000008000602a (0x142026f3) x13 0x0000000000000000
core   0: 0x000000008000602e (0x30402673) csrrs   a2, mie, zero
core   0: 3 0x000000008000602e (0x30402673) x12 0x0000000000000a00
core   0: 0x0000000080006032 (0x344025f3) csrrs   a1, mip, zero
core   0: 3 0x0000000080006032 (0x344025f3) x11 0x0000000000000080
core   0: 0x0000000080006036 (0x343025f3) csrrs   a1, mtval, zero
core   0: 3 0x0000000080006036 (0x343025f3) x11 0x000000001ae571d3
core   0: 0x000000008000603a (0x14302573) csrrs   a0, stval, zero
core   0: 3 0x000000008000603a (0x14302573) x10 0x0000000000000000
core   0: 0x000000008000603e (0xb02024f3) csrrs   s1, minstret, zero
core   0: 3 0x000000008000603e (0xb02024f3) x9  0x0000000000000e64
core   0: 0x0000000080006042 (0x0000a811) c.j     pc + 20
core   0: 3 0x0000000080006042 (0xa811)
core   0: >>>>  mepc_4
core   0: 0x0000000080006056 (0x00000791) c.addi  a5, 4
core   0: 3 0x0000000080006056 (0x0791) x15 0x0000000080005346
core   0: 0x0000000080006058 (0x34179073) csrrw   zero, mepc, a5
core   0: 3 0x0000000080006058 (0x34179073) c833_mepc 0x0000000080005346
core   0: 0x000000008000605c (0x30200073) mret
core   0: 3 0x000000008000605c (0x30200073) c768_mstatus 0x8000000a00106182
core   0: 0x0000000080005346 (0x22a52cd3) fsgnjx.d fs9, fa0, fa0
core   0: 1 0x0000000080005346 (0x22a52cd3) f25 0x40a4000000000000
core   0: 0x000000008000534a (0x017929b3) slt     s3, s2, s7
core   0: 1 0x000000008000534a (0x017929b3) x19 0x0000000000000000
core   0: 0x000000008000534e (0x4af6fd43) fmadd.d fs10, fa3, fa5, fs1
core   0: exception trap_illegal_instruction, epc 0x000000008000534e
core   0:           tval 0x000000004af6fd43
core   0: >>>>  $xrv64i2p1_m2p0_a2p1_f2p2_d2p2_zicsr2p0_zifencei2p0_zmmul1p0_zba1p0_zbb1p0_zbc1p0_zbs1p0
core   0: 0x0000000080004000 (0x0080006f) j       pc + 0x8
core   0: 3 0x0000000080004000 (0x0080006f)
core   0: >>>>  mmode_exception_handler
core   0: 0x0000000080004008 (0x00002c17) auipc   s8, 0x2
core   0: 3 0x0000000080004008 (0x00002c17) x24 0x0000000080006008
core   0: 0x000000008000400c (0x01ac0c13) addi    s8, s8, 26
core   0: 3 0x000000008000400c (0x01ac0c13) x24 0x0000000080006022
core   0: 0x0000000080004010 (0x000c00e7) jalr    s8
core   0: 3 0x0000000080004010 (0x000c00e7) x1  0x0000000080004014
core   0: >>>>  any_handler
core   0: 0x0000000080006022 (0x341027f3) csrrs   a5, mepc, zero
core   0: 3 0x0000000080006022 (0x341027f3) x15 0x000000008000534e
core   0: 0x0000000080006026 (0x34202773) csrrs   a4, mcause, zero
core   0: 3 0x0000000080006026 (0x34202773) x14 0x0000000000000002
core   0: 0x000000008000602a (0x142026f3) csrrs   a3, scause, zero
core   0: 3 0x000000008000602a (0x142026f3) x13 0x0000000000000000
core   0: 0x000000008000602e (0x30402673) csrrs   a2, mie, zero
core   0: 3 0x000000008000602e (0x30402673) x12 0x0000000000000a00
core   0: 0x0000000080006032 (0x344025f3) csrrs   a1, mip, zero
core   0: 3 0x0000000080006032 (0x344025f3) x11 0x0000000000000080
core   0: 0x0000000080006036 (0x343025f3) csrrs   a1, mtval, zero
core   0: 3 0x0000000080006036 (0x343025f3) x11 0x000000004af6fd43
core   0: 0x000000008000603a (0x14302573) csrrs   a0, stval, zero
core   0: 3 0x000000008000603a (0x14302573) x10 0x0000000000000000
core   0: 0x000000008000603e (0xb02024f3) csrrs   s1, minstret, zero
core   0: 3 0x000000008000603e (0xb02024f3) x9  0x0000000000000e76
core   0: 0x0000000080006042 (0x0000a811) c.j     pc + 20
core   0: 3 0x0000000080006042 (0xa811)
core   0: >>>>  mepc_4
core   0: 0x0000000080006056 (0x00000791) c.addi  a5, 4
core   0: 3 0x0000000080006056 (0x0791) x15 0x0000000080005352
core   0: 0x0000000080006058 (0x34179073) csrrw   zero, mepc, a5
core   0: 3 0x0000000080006058 (0x34179073) c833_mepc 0x0000000080005352
core   0: 0x000000008000605c (0x30200073) mret
core   0: 3 0x000000008000605c (0x30200073) c768_mstatus 0x8000000a00106182
core   0: 0x0000000080005352 (0x03cd013b) mulw    sp, s10, t3
core   0: 1 0x0000000080005352 (0x03cd013b) x2  0xffffffffdc547cac
core   0: 0x0000000080005356 (0x0210f53b) remuw   a0, ra, ra
core   0: 1 0x0000000080005356 (0x0210f53b) x10 0x0000000000000000
core   0: 0x000000008000535a (0x1be7f953) fdiv.d  fs2, fa5, ft10
core   0: exception trap_illegal_instruction, epc 0x000000008000535a
core   0:           tval 0x000000001be7f953
core   0: >>>>  $xrv64i2p1_m2p0_a2p1_f2p2_d2p2_zicsr2p0_zifencei2p0_zmmul1p0_zba1p0_zbb1p0_zbc1p0_zbs1p0
core   0: 0x0000000080004000 (0x0080006f) j       pc + 0x8
core   0: 3 0x0000000080004000 (0x0080006f)
core   0: >>>>  mmode_exception_handler
core   0: 0x0000000080004008 (0x00002c17) auipc   s8, 0x2
core   0: 3 0x0000000080004008 (0x00002c17) x24 0x0000000080006008
core   0: 0x000000008000400c (0x01ac0c13) addi    s8, s8, 26
core   0: 3 0x000000008000400c (0x01ac0c13) x24 0x0000000080006022
core   0: 0x0000000080004010 (0x000c00e7) jalr    s8
core   0: 3 0x0000000080004010 (0x000c00e7) x1  0x0000000080004014
core   0: >>>>  any_handler
core   0: 0x0000000080006022 (0x341027f3) csrrs   a5, mepc, zero
core   0: 3 0x0000000080006022 (0x341027f3) x15 0x000000008000535a
core   0: 0x0000000080006026 (0x34202773) csrrs   a4, mcause, zero
core   0: 3 0x0000000080006026 (0x34202773) x14 0x0000000000000002
core   0: 0x000000008000602a (0x142026f3) csrrs   a3, scause, zero
core   0: 3 0x000000008000602a (0x142026f3) x13 0x0000000000000000
core   0: 0x000000008000602e (0x30402673) csrrs   a2, mie, zero
core   0: 3 0x000000008000602e (0x30402673) x12 0x0000000000000a00
core   0: 0x0000000080006032 (0x344025f3) csrrs   a1, mip, zero
core   0: 3 0x0000000080006032 (0x344025f3) x11 0x0000000000000080
core   0: 0x0000000080006036 (0x343025f3) csrrs   a1, mtval, zero
core   0: 3 0x0000000080006036 (0x343025f3) x11 0x000000001be7f953
core   0: 0x000000008000603a (0x14302573) csrrs   a0, stval, zero
core   0: 3 0x000000008000603a (0x14302573) x10 0x0000000000000000
core   0: 0x000000008000603e (0xb02024f3) csrrs   s1, minstret, zero
core   0: 3 0x000000008000603e (0xb02024f3) x9  0x0000000000000e88
core   0: 0x0000000080006042 (0x0000a811) c.j     pc + 20
core   0: 3 0x0000000080006042 (0xa811)
core   0: >>>>  mepc_4
core   0: 0x0000000080006056 (0x00000791) c.addi  a5, 4
core   0: 3 0x0000000080006056 (0x0791) x15 0x000000008000535e
core   0: 0x0000000080006058 (0x34179073) csrrw   zero, mepc, a5
core   0: 3 0x0000000080006058 (0x34179073) c833_mepc 0x000000008000535e
core   0: 0x000000008000605c (0x30200073) mret
core   0: 3 0x000000008000605c (0x30200073) c768_mstatus 0x8000000a00106182
core   0: 0x000000008000535e (0x012b1113) slli    sp, s6, 18
core   0: 1 0x000000008000535e (0x012b1113) x2  0xffffffffd3d00000
core   0: 0x0000000080005362 (0x6a2aa697) auipc   a3, 0x6a2aa
core   0: 1 0x0000000080005362 (0x6a2aa697) x13 0x00000000ea2af362
core   0: 0x0000000080005366 (0x0376ca3b) divw    s4, a3, s7
core   0: 1 0x0000000080005366 (0x0376ca3b) x20 0xffffffffffffffff
core   0: 0x000000008000536a (0x47d00e9b) addiw   t4, zero, 1149
core   0: 1 0x000000008000536a (0x47d00e9b) x29 0x000000000000047d
core   0: 0x000000008000536e (0x93b1f1cf) fnmadd.d ft3, ft3, fs11, fs2
core   0: exception trap_illegal_instruction, epc 0x000000008000536e
core   0:           tval 0x0000000093b1f1cf
core   0: >>>>  $xrv64i2p1_m2p0_a2p1_f2p2_d2p2_zicsr2p0_zifencei2p0_zmmul1p0_zba1p0_zbb1p0_zbc1p0_zbs1p0
core   0: 0x0000000080004000 (0x0080006f) j       pc + 0x8
core   0: 3 0x0000000080004000 (0x0080006f)
core   0: >>>>  mmode_exception_handler
core   0: 0x0000000080004008 (0x00002c17) auipc   s8, 0x2
core   0: 3 0x0000000080004008 (0x00002c17) x24 0x0000000080006008
core   0: 0x000000008000400c (0x01ac0c13) addi    s8, s8, 26
core   0: 3 0x000000008000400c (0x01ac0c13) x24 0x0000000080006022
core   0: 0x0000000080004010 (0x000c00e7) jalr    s8
core   0: 3 0x0000000080004010 (0x000c00e7) x1  0x0000000080004014
core   0: >>>>  any_handler
core   0: 0x0000000080006022 (0x341027f3) csrrs   a5, mepc, zero
core   0: 3 0x0000000080006022 (0x341027f3) x15 0x000000008000536e
core   0: 0x0000000080006026 (0x34202773) csrrs   a4, mcause, zero
core   0: 3 0x0000000080006026 (0x34202773) x14 0x0000000000000002
core   0: 0x000000008000602a (0x142026f3) csrrs   a3, scause, zero
core   0: 3 0x000000008000602a (0x142026f3) x13 0x0000000000000000
core   0: 0x000000008000602e (0x30402673) csrrs   a2, mie, zero
core   0: 3 0x000000008000602e (0x30402673) x12 0x0000000000000a00
core   0: 0x0000000080006032 (0x344025f3) csrrs   a1, mip, zero
core   0: 3 0x0000000080006032 (0x344025f3) x11 0x0000000000000080
core   0: 0x0000000080006036 (0x343025f3) csrrs   a1, mtval, zero
core   0: 3 0x0000000080006036 (0x343025f3) x11 0x0000000093b1f1cf
core   0: 0x000000008000603a (0x14302573) csrrs   a0, stval, zero
core   0: 3 0x000000008000603a (0x14302573) x10 0x0000000000000000
core   0: 0x000000008000603e (0xb02024f3) csrrs   s1, minstret, zero
core   0: 3 0x000000008000603e (0xb02024f3) x9  0x0000000000000e9c
core   0: 0x0000000080006042 (0x0000a811) c.j     pc + 20
core   0: 3 0x0000000080006042 (0xa811)
core   0: >>>>  mepc_4
core   0: 0x0000000080006056 (0x00000791) c.addi  a5, 4
core   0: 3 0x0000000080006056 (0x0791) x15 0x0000000080005372
core   0: 0x0000000080006058 (0x34179073) csrrw   zero, mepc, a5
core   0: 3 0x0000000080006058 (0x34179073) c833_mepc 0x0000000080005372
core   0: 0x000000008000605c (0x30200073) mret
core   0: 3 0x000000008000605c (0x30200073) c768_mstatus 0x8000000a00106182
core   0: 0x0000000080005372 (0x439c7847) fmsub.d fa6, fs8, fs9, fs0
core   0: exception trap_illegal_instruction, epc 0x0000000080005372
core   0:           tval 0x00000000439c7847
core   0: >>>>  $xrv64i2p1_m2p0_a2p1_f2p2_d2p2_zicsr2p0_zifencei2p0_zmmul1p0_zba1p0_zbb1p0_zbc1p0_zbs1p0
core   0: 0x0000000080004000 (0x0080006f) j       pc + 0x8
core   0: 3 0x0000000080004000 (0x0080006f)
core   0: >>>>  mmode_exception_handler
core   0: 0x0000000080004008 (0x00002c17) auipc   s8, 0x2
core   0: 3 0x0000000080004008 (0x00002c17) x24 0x0000000080006008
core   0: 0x000000008000400c (0x01ac0c13) addi    s8, s8, 26
core   0: 3 0x000000008000400c (0x01ac0c13) x24 0x0000000080006022
core   0: 0x0000000080004010 (0x000c00e7) jalr    s8
core   0: 3 0x0000000080004010 (0x000c00e7) x1  0x0000000080004014
core   0: >>>>  any_handler
core   0: 0x0000000080006022 (0x341027f3) csrrs   a5, mepc, zero
core   0: 3 0x0000000080006022 (0x341027f3) x15 0x0000000080005372
core   0: 0x0000000080006026 (0x34202773) csrrs   a4, mcause, zero
core   0: 3 0x0000000080006026 (0x34202773) x14 0x0000000000000002
core   0: 0x000000008000602a (0x142026f3) csrrs   a3, scause, zero
core   0: 3 0x000000008000602a (0x142026f3) x13 0x0000000000000000
core   0: 0x000000008000602e (0x30402673) csrrs   a2, mie, zero
core   0: 3 0x000000008000602e (0x30402673) x12 0x0000000000000a00
core   0: 0x0000000080006032 (0x344025f3) csrrs   a1, mip, zero
core   0: 3 0x0000000080006032 (0x344025f3) x11 0x0000000000000080
core   0: 0x0000000080006036 (0x343025f3) csrrs   a1, mtval, zero
core   0: 3 0x0000000080006036 (0x343025f3) x11 0x00000000439c7847
core   0: 0x000000008000603a (0x14302573) csrrs   a0, stval, zero
core   0: 3 0x000000008000603a (0x14302573) x10 0x0000000000000000
core   0: 0x000000008000603e (0xb02024f3) csrrs   s1, minstret, zero
core   0: 3 0x000000008000603e (0xb02024f3) x9  0x0000000000000eac
core   0: 0x0000000080006042 (0x0000a811) c.j     pc + 20
core   0: 3 0x0000000080006042 (0xa811)
core   0: >>>>  mepc_4
core   0: 0x0000000080006056 (0x00000791) c.addi  a5, 4
core   0: 3 0x0000000080006056 (0x0791) x15 0x0000000080005376
core   0: 0x0000000080006058 (0x34179073) csrrw   zero, mepc, a5
core   0: 3 0x0000000080006058 (0x34179073) c833_mepc 0x0000000080005376
core   0: 0x000000008000605c (0x30200073) mret
core   0: 3 0x000000008000605c (0x30200073) c768_mstatus 0x8000000a00106182
core   0: 0x0000000080005376 (0x4014de9b) sraiw   t4, s1, 1
core   0: 1 0x0000000080005376 (0x4014de9b) x29 0x0000000000000756
core   0: 0x000000008000537a (0x2b2916d3) fmax.d  fa3, fs2, fs2
core   0: 1 0x000000008000537a (0x2b2916d3) f13 0x7ff8000000000000
core   0: 0x000000008000537e (0x41175333) sra     t1, a4, a7
core   0: 1 0x000000008000537e (0x41175333) x6  0x0000000000000002
core   0: 0x0000000080005382 (0x13d9f8d3) fmul.d  fa7, fs3, ft9
core   0: exception trap_illegal_instruction, epc 0x0000000080005382
core   0:           tval 0x0000000013d9f8d3
core   0: >>>>  $xrv64i2p1_m2p0_a2p1_f2p2_d2p2_zicsr2p0_zifencei2p0_zmmul1p0_zba1p0_zbb1p0_zbc1p0_zbs1p0
core   0: 0x0000000080004000 (0x0080006f) j       pc + 0x8
core   0: 3 0x0000000080004000 (0x0080006f)
core   0: >>>>  mmode_exception_handler
core   0: 0x0000000080004008 (0x00002c17) auipc   s8, 0x2
core   0: 3 0x0000000080004008 (0x00002c17) x24 0x0000000080006008
core   0: 0x000000008000400c (0x01ac0c13) addi    s8, s8, 26
core   0: 3 0x000000008000400c (0x01ac0c13) x24 0x0000000080006022
core   0: 0x0000000080004010 (0x000c00e7) jalr    s8
core   0: 3 0x0000000080004010 (0x000c00e7) x1  0x0000000080004014
core   0: >>>>  any_handler
core   0: 0x0000000080006022 (0x341027f3) csrrs   a5, mepc, zero
core   0: 3 0x0000000080006022 (0x341027f3) x15 0x0000000080005382
core   0: 0x0000000080006026 (0x34202773) csrrs   a4, mcause, zero
core   0: 3 0x0000000080006026 (0x34202773) x14 0x0000000000000002
core   0: 0x000000008000602a (0x142026f3) csrrs   a3, scause, zero
core   0: 3 0x000000008000602a (0x142026f3) x13 0x0000000000000000
core   0: 0x000000008000602e (0x30402673) csrrs   a2, mie, zero
core   0: 3 0x000000008000602e (0x30402673) x12 0x0000000000000a00
core   0: 0x0000000080006032 (0x344025f3) csrrs   a1, mip, zero
core   0: 3 0x0000000080006032 (0x344025f3) x11 0x0000000000000080
core   0: 0x0000000080006036 (0x343025f3) csrrs   a1, mtval, zero
core   0: 3 0x0000000080006036 (0x343025f3) x11 0x0000000013d9f8d3
core   0: 0x000000008000603a (0x14302573) csrrs   a0, stval, zero
core   0: 3 0x000000008000603a (0x14302573) x10 0x0000000000000000
core   0: 0x000000008000603e (0xb02024f3) csrrs   s1, minstret, zero
core   0: 3 0x000000008000603e (0xb02024f3) x9  0x0000000000000ebf
core   0: 0x0000000080006042 (0x0000a811) c.j     pc + 20
core   0: 3 0x0000000080006042 (0xa811)
core   0: >>>>  mepc_4
core   0: 0x0000000080006056 (0x00000791) c.addi  a5, 4
core   0: 3 0x0000000080006056 (0x0791) x15 0x0000000080005386
core   0: 0x0000000080006058 (0x34179073) csrrw   zero, mepc, a5
core   0: 3 0x0000000080006058 (0x34179073) c833_mepc 0x0000000080005386
core   0: 0x000000008000605c (0x30200073) mret
core   0: 3 0x000000008000605c (0x30200073) c768_mstatus 0x8000000a00106182
core   0: 0x0000000080005386 (0x01dec9b3) xor     s3, t4, t4
core   0: 1 0x0000000080005386 (0x01dec9b3) x19 0x0000000000000000
core   0: 0x000000008000538a (0xc022f353) fcvt.l.s t1, ft5
core   0: exception trap_illegal_instruction, epc 0x000000008000538a
core   0:           tval 0x00000000c022f353
core   0: >>>>  $xrv64i2p1_m2p0_a2p1_f2p2_d2p2_zicsr2p0_zifencei2p0_zmmul1p0_zba1p0_zbb1p0_zbc1p0_zbs1p0
core   0: 0x0000000080004000 (0x0080006f) j       pc + 0x8
core   0: 3 0x0000000080004000 (0x0080006f)
core   0: >>>>  mmode_exception_handler
core   0: 0x0000000080004008 (0x00002c17) auipc   s8, 0x2
core   0: 3 0x0000000080004008 (0x00002c17) x24 0x0000000080006008
core   0: 0x000000008000400c (0x01ac0c13) addi    s8, s8, 26
core   0: 3 0x000000008000400c (0x01ac0c13) x24 0x0000000080006022
core   0: 0x0000000080004010 (0x000c00e7) jalr    s8
core   0: 3 0x0000000080004010 (0x000c00e7) x1  0x0000000080004014
core   0: >>>>  any_handler
core   0: 0x0000000080006022 (0x341027f3) csrrs   a5, mepc, zero
core   0: 3 0x0000000080006022 (0x341027f3) x15 0x000000008000538a
core   0: 0x0000000080006026 (0x34202773) csrrs   a4, mcause, zero
core   0: 3 0x0000000080006026 (0x34202773) x14 0x0000000000000002
core   0: 0x000000008000602a (0x142026f3) csrrs   a3, scause, zero
core   0: 3 0x000000008000602a (0x142026f3) x13 0x0000000000000000
core   0: 0x000000008000602e (0x30402673) csrrs   a2, mie, zero
core   0: 3 0x000000008000602e (0x30402673) x12 0x0000000000000a00
core   0: 0x0000000080006032 (0x344025f3) csrrs   a1, mip, zero
core   0: 3 0x0000000080006032 (0x344025f3) x11 0x0000000000000080
core   0: 0x0000000080006036 (0x343025f3) csrrs   a1, mtval, zero
core   0: 3 0x0000000080006036 (0x343025f3) x11 0x00000000c022f353
core   0: 0x000000008000603a (0x14302573) csrrs   a0, stval, zero
core   0: 3 0x000000008000603a (0x14302573) x10 0x0000000000000000
core   0: 0x000000008000603e (0xb02024f3) csrrs   s1, minstret, zero
core   0: 3 0x000000008000603e (0xb02024f3) x9  0x0000000000000ed0
core   0: 0x0000000080006042 (0x0000a811) c.j     pc + 20
core   0: 3 0x0000000080006042 (0xa811)
core   0: >>>>  mepc_4
core   0: 0x0000000080006056 (0x00000791) c.addi  a5, 4
core   0: 3 0x0000000080006056 (0x0791) x15 0x000000008000538e
core   0: 0x0000000080006058 (0x34179073) csrrw   zero, mepc, a5
core   0: 3 0x0000000080006058 (0x34179073) c833_mepc 0x000000008000538e
core   0: 0x000000008000605c (0x30200073) mret
core   0: 3 0x000000008000605c (0x30200073) c768_mstatus 0x8000000a00106182
core   0: 0x000000008000538e (0xe2008ad3) fmv.x.d s5, ft1
core   0: 1 0x000000008000538e (0xe2008ad3) x21 0x7ff8000000000000
core   0: 0x0000000080005392 (0x0352e633) rem     a2, t0, s5
core   0: 1 0x0000000080005392 (0x0352e633) x12 0x00000000d3af52cc
core   0: 0x0000000080005396 (0x80835b97) auipc   s7, 0x80835
core   0: 1 0x0000000080005396 (0x80835b97) x23 0x000000000083a396
core   0: 0x000000008000539a (0x40215e3b) sraw    t3, sp, sp
core   0: 1 0x000000008000539a (0x40215e3b) x28 0xffffffffd3d00000
core   0: 0x000000008000539e (0xebdefecb) fnmsub.d ft9, ft9, ft9, ft9
core   0: exception trap_illegal_instruction, epc 0x000000008000539e
core   0:           tval 0x00000000ebdefecb
core   0: >>>>  $xrv64i2p1_m2p0_a2p1_f2p2_d2p2_zicsr2p0_zifencei2p0_zmmul1p0_zba1p0_zbb1p0_zbc1p0_zbs1p0
core   0: 0x0000000080004000 (0x0080006f) j       pc + 0x8
core   0: 3 0x0000000080004000 (0x0080006f)
core   0: >>>>  mmode_exception_handler
core   0: 0x0000000080004008 (0x00002c17) auipc   s8, 0x2
core   0: 3 0x0000000080004008 (0x00002c17) x24 0x0000000080006008
core   0: 0x000000008000400c (0x01ac0c13) addi    s8, s8, 26
core   0: 3 0x000000008000400c (0x01ac0c13) x24 0x0000000080006022
core   0: 0x0000000080004010 (0x000c00e7) jalr    s8
core   0: 3 0x0000000080004010 (0x000c00e7) x1  0x0000000080004014
core   0: >>>>  any_handler
core   0: 0x0000000080006022 (0x341027f3) csrrs   a5, mepc, zero
core   0: 3 0x0000000080006022 (0x341027f3) x15 0x000000008000539e
core   0: 0x0000000080006026 (0x34202773) csrrs   a4, mcause, zero
core   0: 3 0x0000000080006026 (0x34202773) x14 0x0000000000000002
core   0: 0x000000008000602a (0x142026f3) csrrs   a3, scause, zero
core   0: 3 0x000000008000602a (0x142026f3) x13 0x0000000000000000
core   0: 0x000000008000602e (0x30402673) csrrs   a2, mie, zero
core   0: 3 0x000000008000602e (0x30402673) x12 0x0000000000000a00
core   0: 0x0000000080006032 (0x344025f3) csrrs   a1, mip, zero
core   0: 3 0x0000000080006032 (0x344025f3) x11 0x0000000000000080
core   0: 0x0000000080006036 (0x343025f3) csrrs   a1, mtval, zero
core   0: 3 0x0000000080006036 (0x343025f3) x11 0x00000000ebdefecb
core   0: 0x000000008000603a (0x14302573) csrrs   a0, stval, zero
core   0: 3 0x000000008000603a (0x14302573) x10 0x0000000000000000
core   0: 0x000000008000603e (0xb02024f3) csrrs   s1, minstret, zero
core   0: 3 0x000000008000603e (0xb02024f3) x9  0x0000000000000ee4
core   0: 0x0000000080006042 (0x0000a811) c.j     pc + 20
core   0: 3 0x0000000080006042 (0xa811)
core   0: >>>>  mepc_4
core   0: 0x0000000080006056 (0x00000791) c.addi  a5, 4
core   0: 3 0x0000000080006056 (0x0791) x15 0x00000000800053a2
core   0: 0x0000000080006058 (0x34179073) csrrw   zero, mepc, a5
core   0: 3 0x0000000080006058 (0x34179073) c833_mepc 0x00000000800053a2
core   0: 0x000000008000605c (0x30200073) mret
core   0: 3 0x000000008000605c (0x30200073) c768_mstatus 0x8000000a00106182
core   0: 0x00000000800053a2 (0x002e14f3) csrrw   s1, frm, t3
core   0: 1 0x00000000800053a2 (0x002e14f3) x9  0x0000000000000007 c2_frm 0x0000000000000000
core   0: 0x00000000800053a6 (0x004d13b3) sll     t2, s10, tp
core   0: 1 0x00000000800053a6 (0x004d13b3) x7  0x8000000000000000
core   0: 0x00000000800053aa (0xd2257bd3) fcvt.d.l fs7, a0
core   0: 1 0x00000000800053aa (0xd2257bd3) f23 0x0000000000000000
core   0: 0x00000000800053ae (0xd23b76d3) fcvt.d.lu fa3, s6
core   0: 1 0x00000000800053ae (0xd23b76d3) c1_fflags 0x0000000000000011 f13 0x43efffffffffffff
core   0: 0x00000000800053b2 (0x01a3dbb3) srl     s7, t2, s10
core   0: 1 0x00000000800053b2 (0x01a3dbb3) x23 0x0000080000000000
core   0: 0x00000000800053b6 (0x00c38c33) add     s8, t2, a2
core   0: 1 0x00000000800053b6 (0x00c38c33) x24 0x8000000000000a00
core   0: 0x00000000800053ba (0x0ff0000f) fence   iorw,iorw
core   0: 1 0x00000000800053ba (0x0ff0000f)
core   0: 0x00000000800053be (0xc23777d3) fcvt.lu.d a5, fa4
core   0: 1 0x00000000800053be (0xc23777d3) c1_fflags 0x0000000000000011 x15 0xffffffffffffffff
core   0: 0x00000000800053c2 (0x40a8db1b) sraiw   s6, a7, 10
core   0: 1 0x00000000800053c2 (0x40a8db1b) x22 0x0000000000000000
core   0: 0x00000000800053c6 (0x2fbd4e93) xori    t4, s10, 763
core   0: 1 0x00000000800053c6 (0x2fbd4e93) x29 0x0000000023ab81af
core   0: 0x00000000800053ca (0x03d10c3b) mulw    s8, sp, t4
core   0: 1 0x00000000800053ca (0x03d10c3b) x24 0xffffffff9b300000
core   0: 0x00000000800053ce (0x000ad13b) srlw    sp, s5, zero
core   0: 1 0x00000000800053ce (0x000ad13b) x2  0x0000000000000000
core   0: 0x00000000800053d2 (0x40aa883b) subw    a6, s5, a0
core   0: 1 0x00000000800053d2 (0x40aa883b) x16 0x0000000000000000
core   0: 0x00000000800053d6 (0x401b80bb) subw    ra, s7, ra
core   0: 1 0x00000000800053d6 (0x401b80bb) x1  0x000000007fffbfec
core   0: 0x00000000800053da (0x4002579b) sraiw   a5, tp, 0
core   0: 1 0x00000000800053da (0x4002579b) x15 0x000000003ffffd3d
core   0: 0x00000000800053de (0x01f1571b) srliw   a4, sp, 31
core   0: 1 0x00000000800053de (0x01f1571b) x14 0x0000000000000000
core   0: 0x00000000800053e2 (0x0325e233) rem     tp, a1, s2
core   0: 1 0x00000000800053e2 (0x0325e233) x4  0x00000000ebdefecb
core   0: 0x00000000800053e6 (0x001c9c9b) slliw   s9, s9, 1
core   0: 1 0x00000000800053e6 (0x001c9c9b) x25 0x0000000000000000
core   0: 0x00000000800053ea (0x0bfff553) fsub.d  fa0, ft11, ft11
core   0: 1 0x00000000800053ea (0x0bfff553) f10 0x7ff8000000000000
core   0: 0x00000000800053ee (0xc0357a53) fcvt.lu.s s4, fa0
core   0: 1 0x00000000800053ee (0xc0357a53) c1_fflags 0x0000000000000011 x20 0xffffffffffffffff
core   0: 0x00000000800053f2 (0x026d8db3) mul     s11, s11, t1
core   0: 1 0x00000000800053f2 (0x026d8db3) x27 0xfffffffffffffffe
core   0: 0x00000000800053f6 (0x0107163b) sllw    a2, a4, a6
core   0: 1 0x00000000800053f6 (0x0107163b) x12 0x0000000000000000
core   0: 0x00000000800053fa (0xd20607d3) fcvt.d.w fa5, a2
core   0: 1 0x00000000800053fa (0xd20607d3) f15 0x0000000000000000
core   0: 0x00000000800053fe (0x01b64133) xor     sp, a2, s11
core   0: 1 0x00000000800053fe (0x01b64133) x2  0xfffffffffffffffe
core   0: 0x0000000080005402 (0x40ab02bb) subw    t0, s6, a0
core   0: 1 0x0000000080005402 (0x40ab02bb) x5  0x0000000000000000
core   0: 0x0000000080005406 (0x40065c13) srai    s8, a2, 0
core   0: 1 0x0000000080005406 (0x40065c13) x24 0x0000000000000000
core   0: 0x000000008000540a (0x4006d693) srai    a3, a3, 0
core   0: 1 0x000000008000540a (0x4006d693) x13 0x0000000000000000
core   0: 0x000000008000540e (0x406a0d3b) subw    s10, s4, t1
core   0: 1 0x000000008000540e (0x406a0d3b) x26 0xfffffffffffffffd
core   0: 0x0000000080005412 (0x00202e73) csrrs   t3, frm, zero
core   0: 1 0x0000000080005412 (0x00202e73) x28 0x0000000000000000
core   0: 0x0000000080005416 (0x00add63b) srlw    a2, s11, a0
core   0: 1 0x0000000080005416 (0x00add63b) x12 0xfffffffffffffffe
core   0: 0x000000008000541a (0x400ada33) sra     s4, s5, zero
core   0: 1 0x000000008000541a (0x400ada33) x20 0x7ff8000000000000
core   0: 0x000000008000541e (0x034ad1bb) divuw   gp, s5, s4
core   0: 1 0x000000008000541e (0x034ad1bb) x3  0xffffffffffffffff
core   0: 0x0000000080005422 (0xd03a7653) fcvt.s.lu fa2, s4
core   0: 1 0x0000000080005422 (0xd03a7653) f12 0xffffffff5efff000
core   0: 0x0000000080005426 (0xff475337) lui     t1, 0xff475
core   0: 1 0x0000000080005426 (0xff475337) x6  0xffffffffff475000
core   0: 0x000000008000542a (0x6853031b) addiw   t1, t1, 1669
core   0: 1 0x000000008000542a (0x6853031b) x6  0xffffffffff475685
core   0: 0x000000008000542e (0x0000033e) c.slli  t1, 15
core   0: 1 0x000000008000542e (0x033e) x6  0xffffffa3ab428000
core   0: 0x0000000080005430 (0xba730313) addi    t1, t1, -1113
core   0: 1 0x0000000080005430 (0xba730313) x6  0xffffffa3ab427ba7
core   0: 0x0000000080005434 (0x011696b3) sll     a3, a3, a7
core   0: 1 0x0000000080005434 (0x011696b3) x13 0x0000000000000000
core   0: 0x0000000080005438 (0x2b161cd3) fmax.d  fs9, fa2, fa7
core   0: 1 0x0000000080005438 (0x2b161cd3) f25 0x7ff8000000000000
core   0: 0x000000008000543c (0x239f8dd3) fsgnj.d fs11, ft11, fs9
core   0: 1 0x000000008000543c (0x239f8dd3) f27 0x7fffffff3f800000
core   0: 0x0000000080005440 (0x03ce1733) mulh    a4, t3, t3
core   0: 1 0x0000000080005440 (0x03ce1733) x14 0x0000000000000000
core   0: 0x0000000080005444 (0x00102273) csrrs   tp, fflags, zero
core   0: 1 0x0000000080005444 (0x00102273) x4  0x0000000000000011
core   0: 0x0000000080005448 (0x00871937) lui     s2, 0x871
core   0: 1 0x0000000080005448 (0x00871937) x18 0x0000000000871000
core   0: 0x000000008000544c (0x6599091b) addiw   s2, s2, 1625
core   0: 1 0x000000008000544c (0x6599091b) x18 0x0000000000871659
core   0: 0x0000000080005450 (0x0000093a) c.slli  s2, 14
core   0: 1 0x0000000080005450 (0x093a) x18 0x00000021c5964000
core   0: 0x0000000080005452 (0xa3b90913) addi    s2, s2, -1477
core   0: 1 0x0000000080005452 (0xa3b90913) x18 0x00000021c5963a3b
core   0: 0x0000000080005456 (0xd21b0553) fcvt.d.wu fa0, s6
core   0: 1 0x0000000080005456 (0xd21b0553) f10 0x0000000000000000
core   0: 0x000000008000545a (0x01bc93b3) sll     t2, s9, s11
core   0: 1 0x000000008000545a (0x01bc93b3) x7  0x0000000000000000
core   0: 0x000000008000545e (0x00202373) csrrs   t1, frm, zero
core   0: 1 0x000000008000545e (0x00202373) x6  0x0000000000000000
core   0: 0x0000000080005462 (0x4316d213) srai    tp, a3, 49
core   0: 1 0x0000000080005462 (0x4316d213) x4  0x0000000000000000
core   0: 0x0000000080005466 (0x02d0f53b) remuw   a0, ra, a3
core   0: 1 0x0000000080005466 (0x02d0f53b) x10 0x000000007fffbfec
core   0: 0x000000008000546a (0xfff2e193) ori     gp, t0, -1
core   0: 1 0x000000008000546a (0xfff2e193) x3  0xffffffffffffffff
core   0: 0x000000008000546e (0x40750ab3) sub     s5, a0, t2
core   0: 1 0x000000008000546e (0x40750ab3) x21 0x000000007fffbfec
core   0: 0x0000000080005472 (0xd0347753) fcvt.s.lu fa4, s0
core   0: 1 0x0000000080005472 (0xd0347753) f14 0xffffffff00000000
core   0: 0x0000000080005476 (0xa3940753) fle.d   a4, fs0, fs9
core   0: 1 0x0000000080005476 (0xa3940753) c1_fflags 0x0000000000000011 x14 0x0000000000000000
core   0: 0x000000008000547a (0x2b9f9437) lui     s0, 0x2b9f9
core   0: 1 0x000000008000547a (0x2b9f9437) x8  0x000000002b9f9000
core   0: 0x000000008000547e (0x0348da3b) divuw   s4, a7, s4
core   0: 1 0x000000008000547e (0x0348da3b) x20 0xffffffffffffffff
core   0: 0x0000000080005482 (0x02918d33) mul     s10, gp, s1
core   0: 1 0x0000000080005482 (0x02918d33) x26 0xfffffffffffffff9
core   0: 0x0000000080005486 (0x128efed3) fmul.d  ft9, ft9, fs0
core   0: 1 0x0000000080005486 (0x128efed3) f29 0x7ff8000000000000
core   0: 0x000000008000548a (0x024479b3) remu    s3, s0, tp
core   0: 1 0x000000008000548a (0x024479b3) x19 0x000000002b9f9000
core   0: 0x000000008000548e (0x8005e793) ori     a5, a1, -2048
core   0: 1 0x000000008000548e (0x8005e793) x15 0xfffffffffffffecb
core   0: 0x0000000080005492 (0x00009b5e) c.add   s6, s7
core   0: 1 0x0000000080005492 (0x9b5e) x22 0x0000080000000000
core   0: 0x0000000080005494 (0xa2e40353) fle.d   t1, fs0, fa4
core   0: 1 0x0000000080005494 (0xa2e40353) c1_fflags 0x0000000000000011 x6  0x0000000000000000
core   0: 0x0000000080005498 (0x012ca9b3) slt     s3, s9, s2
core   0: 1 0x0000000080005498 (0x012ca9b3) x19 0x0000000000000001
core   0: 0x000000008000549c (0x00b54333) xor     t1, a0, a1
core   0: 1 0x000000008000549c (0x00b54333) x6  0x0000000094214127
core   0: 0x00000000800054a0 (0x2ac613d3) fmax.d  ft7, fa2, fa2
core   0: 1 0x00000000800054a0 (0x2ac613d3) f7  0x7ff8000000000000
core   0: 0x00000000800054a4 (0x00f5a7b3) slt     a5, a1, a5
core   0: 1 0x00000000800054a4 (0x00f5a7b3) x15 0x0000000000000000
core   0: 0x00000000800054a8 (0xd2337253) fcvt.d.lu ft4, t1
core   0: 1 0x00000000800054a8 (0xd2337253) f4  0x41e2842824e00000
core   0: 0x00000000800054ac (0xc00a2473) csrrs   s0, cycle, s4
core   0: exception trap_illegal_instruction, epc 0x00000000800054ac
core   0:           tval 0x00000000c00a2473
core   0: >>>>  $xrv64i2p1_m2p0_a2p1_f2p2_d2p2_zicsr2p0_zifencei2p0_zmmul1p0_zba1p0_zbb1p0_zbc1p0_zbs1p0
core   0: 0x0000000080004000 (0x0080006f) j       pc + 0x8
core   0: 3 0x0000000080004000 (0x0080006f)
core   0: >>>>  mmode_exception_handler
core   0: 0x0000000080004008 (0x00002c17) auipc   s8, 0x2
core   0: 3 0x0000000080004008 (0x00002c17) x24 0x0000000080006008
core   0: 0x000000008000400c (0x01ac0c13) addi    s8, s8, 26
core   0: 3 0x000000008000400c (0x01ac0c13) x24 0x0000000080006022
core   0: 0x0000000080004010 (0x000c00e7) jalr    s8
core   0: 3 0x0000000080004010 (0x000c00e7) x1  0x0000000080004014
core   0: >>>>  any_handler
core   0: 0x0000000080006022 (0x341027f3) csrrs   a5, mepc, zero
core   0: 3 0x0000000080006022 (0x341027f3) x15 0x00000000800054ac
core   0: 0x0000000080006026 (0x34202773) csrrs   a4, mcause, zero
core   0: 3 0x0000000080006026 (0x34202773) x14 0x0000000000000002
core   0: 0x000000008000602a (0x142026f3) csrrs   a3, scause, zero
core   0: 3 0x000000008000602a (0x142026f3) x13 0x0000000000000000
core   0: 0x000000008000602e (0x30402673) csrrs   a2, mie, zero
core   0: 3 0x000000008000602e (0x30402673) x12 0x0000000000000a00
core   0: 0x0000000080006032 (0x344025f3) csrrs   a1, mip, zero
core   0: 3 0x0000000080006032 (0x344025f3) x11 0x0000000000000080
core   0: 0x0000000080006036 (0x343025f3) csrrs   a1, mtval, zero
core   0: 3 0x0000000080006036 (0x343025f3) x11 0x00000000c00a2473
core   0: 0x000000008000603a (0x14302573) csrrs   a0, stval, zero
core   0: 3 0x000000008000603a (0x14302573) x10 0x0000000000000000
core   0: 0x000000008000603e (0xb02024f3) csrrs   s1, minstret, zero
core   0: 3 0x000000008000603e (0xb02024f3) x9  0x0000000000000f38
core   0: 0x0000000080006042 (0x0000a811) c.j     pc + 20
core   0: 3 0x0000000080006042 (0xa811)
core   0: >>>>  mepc_4
core   0: 0x0000000080006056 (0x00000791) c.addi  a5, 4
core   0: 3 0x0000000080006056 (0x0791) x15 0x00000000800054b0
core   0: 0x0000000080006058 (0x34179073) csrrw   zero, mepc, a5
core   0: 3 0x0000000080006058 (0x34179073) c833_mepc 0x00000000800054b0
core   0: 0x000000008000605c (0x30200073) mret
core   0: 3 0x000000008000605c (0x30200073) c768_mstatus 0x8000000a00106182
core   0: 0x00000000800054b0 (0x0129593b) srlw    s2, s2, s2
core   0: 1 0x00000000800054b0 (0x0129593b) x18 0x0000000000000018
core   0: 0x00000000800054b4 (0x004093b3) sll     t2, ra, tp
core   0: 1 0x00000000800054b4 (0x004093b3) x7  0x0000000080004014
core   0: 0x00000000800054b8 (0x007cf3b3) and     t2, s9, t2
core   0: 1 0x00000000800054b8 (0x007cf3b3) x7  0x0000000000000000
core   0: 0x00000000800054bc (0x00000001) c.nop
core   0: 1 0x00000000800054bc (0x0001)
core   0: 0x00000000800054be (0x01ce1733) sll     a4, t3, t3
core   0: 1 0x00000000800054be (0x01ce1733) x14 0x0000000000000000
core   0: 0x00000000800054c2 (0xfd3029b7) lui     s3, 0xfd302
core   0: 1 0x00000000800054c2 (0xfd3029b7) x19 0xfffffffffd302000
core   0: 0x00000000800054c6 (0x0a39899b) addiw   s3, s3, 163
core   0: 1 0x00000000800054c6 (0x0a39899b) x19 0xfffffffffd3020a3
core   0: 0x00000000800054ca (0x000009b2) c.slli  s3, 12
core   0: 1 0x00000000800054ca (0x09b2) x19 0xffffffd3020a3000
core   0: 0x00000000800054cc (0xbca98993) addi    s3, s3, -1078
core   0: 1 0x00000000800054cc (0xbca98993) x19 0xffffffd3020a2bca
core   0: 0x00000000800054d0 (0x00d2953b) sllw    a0, t0, a3
core   0: 1 0x00000000800054d0 (0x00d2953b) x10 0x0000000000000000
core   0: 0x00000000800054d4 (0x00e58433) add     s0, a1, a4
core   0: 1 0x00000000800054d4 (0x00e58433) x8  0x00000000c00a2473
core   0: 0x00000000800054d8 (0x3a407ccf) fnmadd.d fs9, ft0, ft4, ft7
core   0: 1 0x00000000800054d8 (0x3a407ccf) f25 0x7ff8000000000000
core   0: 0x00000000800054dc (0x1a057fd3) fdiv.d  ft11, fa0, ft0
core   0: 1 0x00000000800054dc (0x1a057fd3) f31 0x7ff8000000000000
core   0: 0x00000000800054e0 (0x7b051df3) csrrw   s11, dcsr, a0
core   0: exception trap_illegal_instruction, epc 0x00000000800054e0
core   0:           tval 0x000000007b051df3
core   0: >>>>  $xrv64i2p1_m2p0_a2p1_f2p2_d2p2_zicsr2p0_zifencei2p0_zmmul1p0_zba1p0_zbb1p0_zbc1p0_zbs1p0
core   0: 0x0000000080004000 (0x0080006f) j       pc + 0x8
core   0: 3 0x0000000080004000 (0x0080006f)
core   0: >>>>  mmode_exception_handler
core   0: 0x0000000080004008 (0x00002c17) auipc   s8, 0x2
core   0: 3 0x0000000080004008 (0x00002c17) x24 0x0000000080006008
core   0: 0x000000008000400c (0x01ac0c13) addi    s8, s8, 26
core   0: 3 0x000000008000400c (0x01ac0c13) x24 0x0000000080006022
core   0: 0x0000000080004010 (0x000c00e7) jalr    s8
core   0: 3 0x0000000080004010 (0x000c00e7) x1  0x0000000080004014
core   0: >>>>  any_handler
core   0: 0x0000000080006022 (0x341027f3) csrrs   a5, mepc, zero
core   0: 3 0x0000000080006022 (0x341027f3) x15 0x00000000800054e0
core   0: 0x0000000080006026 (0x34202773) csrrs   a4, mcause, zero
core   0: 3 0x0000000080006026 (0x34202773) x14 0x0000000000000002
core   0: 0x000000008000602a (0x142026f3) csrrs   a3, scause, zero
core   0: 3 0x000000008000602a (0x142026f3) x13 0x0000000000000000
core   0: 0x000000008000602e (0x30402673) csrrs   a2, mie, zero
core   0: 3 0x000000008000602e (0x30402673) x12 0x0000000000000a00
core   0: 0x0000000080006032 (0x344025f3) csrrs   a1, mip, zero
core   0: 3 0x0000000080006032 (0x344025f3) x11 0x0000000000000080
core   0: 0x0000000080006036 (0x343025f3) csrrs   a1, mtval, zero
core   0: 3 0x0000000080006036 (0x343025f3) x11 0x000000007b051df3
core   0: 0x000000008000603a (0x14302573) csrrs   a0, stval, zero
core   0: 3 0x000000008000603a (0x14302573) x10 0x0000000000000000
core   0: 0x000000008000603e (0xb02024f3) csrrs   s1, minstret, zero
core   0: 3 0x000000008000603e (0xb02024f3) x9  0x0000000000000f55
core   0: 0x0000000080006042 (0x0000a811) c.j     pc + 20
core   0: 3 0x0000000080006042 (0xa811)
core   0: >>>>  mepc_4
core   0: 0x0000000080006056 (0x00000791) c.addi  a5, 4
core   0: 3 0x0000000080006056 (0x0791) x15 0x00000000800054e4
core   0: 0x0000000080006058 (0x34179073) csrrw   zero, mepc, a5
core   0: 3 0x0000000080006058 (0x34179073) c833_mepc 0x00000000800054e4
core   0: 0x000000008000605c (0x30200073) mret
core   0: 3 0x000000008000605c (0x30200073) c768_mstatus 0x8000000a00106182
core   0: 0x00000000800054e4 (0x0308dbb3) divu    s7, a7, a6
core   0: 1 0x00000000800054e4 (0x0308dbb3) x23 0xffffffffffffffff
core   0: 0x00000000800054e8 (0x002593bb) sllw    t2, a1, sp
core   0: 1 0x00000000800054e8 (0x002593bb) x7  0xffffffffc0000000
core   0: 0x00000000800054ec (0x000bec13) ori     s8, s7, 0
core   0: 1 0x00000000800054ec (0x000bec13) x24 0xffffffffffffffff
core   0: 0x00000000800054f0 (0x029d30b3) mulhu   ra, s10, s1
core   0: 1 0x00000000800054f0 (0x029d30b3) x1  0x0000000000000f54
core   0: 0x00000000800054f4 (0x001023f3) csrrs   t2, fflags, zero
core   0: 1 0x00000000800054f4 (0x001023f3) x7  0x0000000000000011
core   0: 0x00000000800054f8 (0x00000001) c.nop
core   0: 1 0x00000000800054f8 (0x0001)
core   0: 0x00000000800054fa (0x747071f3) csrrci  gp, mseccfg, 0
core   0: exception trap_illegal_instruction, epc 0x00000000800054fa
core   0:           tval 0x00000000747071f3
core   0: >>>>  $xrv64i2p1_m2p0_a2p1_f2p2_d2p2_zicsr2p0_zifencei2p0_zmmul1p0_zba1p0_zbb1p0_zbc1p0_zbs1p0
core   0: 0x0000000080004000 (0x0080006f) j       pc + 0x8
core   0: 3 0x0000000080004000 (0x0080006f)
core   0: >>>>  mmode_exception_handler
core   0: 0x0000000080004008 (0x00002c17) auipc   s8, 0x2
core   0: 3 0x0000000080004008 (0x00002c17) x24 0x0000000080006008
core   0: 0x000000008000400c (0x01ac0c13) addi    s8, s8, 26
core   0: 3 0x000000008000400c (0x01ac0c13) x24 0x0000000080006022
core   0: 0x0000000080004010 (0x000c00e7) jalr    s8
core   0: 3 0x0000000080004010 (0x000c00e7) x1  0x0000000080004014
core   0: >>>>  any_handler
core   0: 0x0000000080006022 (0x341027f3) csrrs   a5, mepc, zero
core   0: 3 0x0000000080006022 (0x341027f3) x15 0x00000000800054fa
core   0: 0x0000000080006026 (0x34202773) csrrs   a4, mcause, zero
core   0: 3 0x0000000080006026 (0x34202773) x14 0x0000000000000002
core   0: 0x000000008000602a (0x142026f3) csrrs   a3, scause, zero
core   0: 3 0x000000008000602a (0x142026f3) x13 0x0000000000000000
core   0: 0x000000008000602e (0x30402673) csrrs   a2, mie, zero
core   0: 3 0x000000008000602e (0x30402673) x12 0x0000000000000a00
core   0: 0x0000000080006032 (0x344025f3) csrrs   a1, mip, zero
core   0: 3 0x0000000080006032 (0x344025f3) x11 0x0000000000000080
core   0: 0x0000000080006036 (0x343025f3) csrrs   a1, mtval, zero
core   0: 3 0x0000000080006036 (0x343025f3) x11 0x00000000747071f3
core   0: 0x000000008000603a (0x14302573) csrrs   a0, stval, zero
core   0: 3 0x000000008000603a (0x14302573) x10 0x0000000000000000
core   0: 0x000000008000603e (0xb02024f3) csrrs   s1, minstret, zero
core   0: 3 0x000000008000603e (0xb02024f3) x9  0x0000000000000f6b
core   0: 0x0000000080006042 (0x0000a811) c.j     pc + 20
core   0: 3 0x0000000080006042 (0xa811)
core   0: >>>>  mepc_4
core   0: 0x0000000080006056 (0x00000791) c.addi  a5, 4
core   0: 3 0x0000000080006056 (0x0791) x15 0x00000000800054fe
core   0: 0x0000000080006058 (0x34179073) csrrw   zero, mepc, a5
core   0: 3 0x0000000080006058 (0x34179073) c833_mepc 0x00000000800054fe
core   0: 0x000000008000605c (0x30200073) mret
core   0: 3 0x000000008000605c (0x30200073) c768_mstatus 0x8000000a00106182
core   0: 0x00000000800054fe (0x01f49a1b) slliw   s4, s1, 31
core   0: 1 0x00000000800054fe (0x01f49a1b) x20 0xffffffff80000000
core   0: 0x0000000080005502 (0x03c9753b) remuw   a0, s2, t3
core   0: 1 0x0000000080005502 (0x03c9753b) x10 0x0000000000000018
core   0: 0x0000000080005506 (0x00000001) c.nop
core   0: 1 0x0000000080005506 (0x0001)
core   0: 0x0000000080005508 (0x01ce183b) sllw    a6, t3, t3
core   0: 1 0x0000000080005508 (0x01ce183b) x16 0x0000000000000000
core   0: 0x000000008000550c (0x0ff0000f) fence   iorw,iorw
core   0: 1 0x000000008000550c (0x0ff0000f)
core   0: 0x0000000080005510 (0xd23bff53) fcvt.d.lu ft10, s7
core   0: 1 0x0000000080005510 (0xd23bff53) c1_fflags 0x0000000000000011 f30 0x43f0000000000000
core   0: 0x0000000080005514 (0x22f38753) fsgnj.d fa4, ft7, fa5
core   0: 1 0x0000000080005514 (0x22f38753) f14 0x7ff8000000000000
core   0: 0x0000000080005518 (0x0279f3b3) remu    t2, s3, t2
core   0: 1 0x0000000080005518 (0x0279f3b3) x7  0x0000000000000009
core   0: 0x000000008000551c (0x7ff9c193) xori    gp, s3, 2047
core   0: 1 0x000000008000551c (0x7ff9c193) x3  0xffffffd3020a2c35
core   0: 0x0000000080005520 (0x800bc013) xori    zero, s7, -2048
core   0: 1 0x0000000080005520 (0x800bc013)
core   0: 0x0000000080005524 (0x00065013) srli    zero, a2, 0
core   0: 1 0x0000000080005524 (0x00065013)
core   0: 0x0000000080005528 (0xc022f7d3) fcvt.l.s a5, ft5
core   0: 1 0x0000000080005528 (0xc022f7d3) c1_fflags 0x0000000000000011 x15 0x7fffffffffffffff
core   0: 0x000000008000552c (0xff1d6a37) lui     s4, 0xff1d6
core   0: 1 0x000000008000552c (0xff1d6a37) x20 0xffffffffff1d6000
core   0: 0x0000000080005530 (0xabda0a1b) addiw   s4, s4, -1347
core   0: 1 0x0000000080005530 (0xabda0a1b) x20 0xffffffffff1d5abd
core   0: 0x0000000080005534 (0x00000a32) c.slli  s4, 12
core   0: 1 0x0000000080005534 (0x0a32) x20 0xfffffff1d5abd000
core   0: 0x0000000080005536 (0x8c9a0a13) addi    s4, s4, -1847
core   0: 1 0x0000000080005536 (0x8c9a0a13) x20 0xfffffff1d5abc8c9
core   0: 0x000000008000553a (0xebea7ec7) fmsub.d ft9, fs4, ft10, ft9
core   0: 1 0x000000008000553a (0xebea7ec7) f29 0x7ff8000000000000
core   0: 0x000000008000553e (0xf20108d3) fmv.d.x fa7, sp
core   0: 1 0x000000008000553e (0xf20108d3) f17 0xfffffffffffffffe
core   0: 0x0000000080005542 (0x038c7033) remu    zero, s8, s8
core   0: 1 0x0000000080005542 (0x038c7033)
core   0: 0x0000000080005546 (0x8a78f3c7) fmsub.d ft7, fa7, ft7, fa7
core   0: 1 0x0000000080005546 (0x8a78f3c7) f7  0x7ff8000000000000
core   0: 0x000000008000554a (0xc0351573) csrrw   a0, hpmcounter3, a0
core   0: exception trap_illegal_instruction, epc 0x000000008000554a
core   0:           tval 0x00000000c0351573
core   0: >>>>  $xrv64i2p1_m2p0_a2p1_f2p2_d2p2_zicsr2p0_zifencei2p0_zmmul1p0_zba1p0_zbb1p0_zbc1p0_zbs1p0
core   0: 0x0000000080004000 (0x0080006f) j       pc + 0x8
core   0: 3 0x0000000080004000 (0x0080006f)
core   0: >>>>  mmode_exception_handler
core   0: 0x0000000080004008 (0x00002c17) auipc   s8, 0x2
core   0: 3 0x0000000080004008 (0x00002c17) x24 0x0000000080006008
core   0: 0x000000008000400c (0x01ac0c13) addi    s8, s8, 26
core   0: 3 0x000000008000400c (0x01ac0c13) x24 0x0000000080006022
core   0: 0x0000000080004010 (0x000c00e7) jalr    s8
core   0: 3 0x0000000080004010 (0x000c00e7) x1  0x0000000080004014
core   0: >>>>  any_handler
core   0: 0x0000000080006022 (0x341027f3) csrrs   a5, mepc, zero
core   0: 3 0x0000000080006022 (0x341027f3) x15 0x000000008000554a
core   0: 0x0000000080006026 (0x34202773) csrrs   a4, mcause, zero
core   0: 3 0x0000000080006026 (0x34202773) x14 0x0000000000000002
core   0: 0x000000008000602a (0x142026f3) csrrs   a3, scause, zero
core   0: 3 0x000000008000602a (0x142026f3) x13 0x0000000000000000
core   0: 0x000000008000602e (0x30402673) csrrs   a2, mie, zero
core   0: 3 0x000000008000602e (0x30402673) x12 0x0000000000000a00
core   0: 0x0000000080006032 (0x344025f3) csrrs   a1, mip, zero
core   0: 3 0x0000000080006032 (0x344025f3) x11 0x0000000000000080
core   0: 0x0000000080006036 (0x343025f3) csrrs   a1, mtval, zero
core   0: 3 0x0000000080006036 (0x343025f3) x11 0x00000000c0351573
core   0: 0x000000008000603a (0x14302573) csrrs   a0, stval, zero
core   0: 3 0x000000008000603a (0x14302573) x10 0x0000000000000000
core   0: 0x000000008000603e (0xb02024f3) csrrs   s1, minstret, zero
core   0: 3 0x000000008000603e (0xb02024f3) x9  0x0000000000000f8f
core   0: 0x0000000080006042 (0x0000a811) c.j     pc + 20
core   0: 3 0x0000000080006042 (0xa811)
core   0: >>>>  mepc_4
core   0: 0x0000000080006056 (0x00000791) c.addi  a5, 4
core   0: 3 0x0000000080006056 (0x0791) x15 0x000000008000554e
core   0: 0x0000000080006058 (0x34179073) csrrw   zero, mepc, a5
core   0: 3 0x0000000080006058 (0x34179073) c833_mepc 0x000000008000554e
core   0: 0x000000008000605c (0x30200073) mret
core   0: 3 0x000000008000605c (0x30200073) c768_mstatus 0x8000000a00106182
core   0: 0x000000008000554e (0x86a16313) ori     t1, sp, -1942
core   0: 1 0x000000008000554e (0x86a16313) x6  0xfffffffffffffffe
core   0: 0x0000000080005552 (0x415686b3) sub     a3, a3, s5
core   0: 1 0x0000000080005552 (0x415686b3) x13 0xffffffff80004014
core   0: 0x0000000080005556 (0x00202cf3) csrrs   s9, frm, zero
core   0: 1 0x0000000080005556 (0x00202cf3) x25 0x0000000000000000
core   0: 0x000000008000555a (0x007ce2b3) or      t0, s9, t2
core   0: 1 0x000000008000555a (0x007ce2b3) x5  0x0000000000000009
core   0: 0x000000008000555e (0x005191bb) sllw    gp, gp, t0
core   0: 1 0x000000008000555e (0x005191bb) x3  0x0000000014586a00
core   0: 0x0000000080005562 (0xe2088cd3) fmv.x.d s9, fa7
core   0: 1 0x0000000080005562 (0xe2088cd3) x25 0xfffffffffffffffe
core   0: 0x0000000080005566 (0xc03dfa53) fcvt.lu.s s4, fs11
core   0: 1 0x0000000080005566 (0xc03dfa53) c1_fflags 0x0000000000000011 x20 0xffffffffffffffff
core   0: 0x000000008000556a (0x40187ad3) fcvt.s.d fs5, fa6
core   0: 1 0x000000008000556a (0x40187ad3) f21 0xffffffffdf800000
core   0: 0x000000008000556e (0x003c843b) addw    s0, s9, gp
core   0: 1 0x000000008000556e (0x003c843b) x8  0x00000000145869fe
core   0: 0x0000000080005572 (0x420c8753) fcvt.d.s fa4, fs9
core   0: 1 0x0000000080005572 (0x420c8753) f14 0x7ff8000000000000
core   0: 0x0000000080005576 (0x4282f9cf) fnmadd.d fs3, ft5, fs0, fs0
core   0: 1 0x0000000080005576 (0x4282f9cf) f19 0x7ff8000000000000
core   0: 0x000000008000557a (0x0181c133) xor     sp, gp, s8
core   0: 1 0x000000008000557a (0x0181c133) x2  0x0000000094580a22
core   0: 0x000000008000557e (0x41f35d1b) sraiw   s10, t1, 31
core   0: 1 0x000000008000557e (0x41f35d1b) x26 0xffffffffffffffff
core   0: 0x0000000080005582 (0x00b5eeb3) or      t4, a1, a1
core   0: 1 0x0000000080005582 (0x00b5eeb3) x29 0x00000000c0351573
core   0: 0x0000000080005586 (0x40177bd3) fcvt.s.d fs7, fa4
core   0: 1 0x0000000080005586 (0x40177bd3) f23 0xffffffff7fc00000
core   0: 0x000000008000558a (0x709d7d93) andi    s11, s10, 1801
core   0: 1 0x000000008000558a (0x709d7d93) x27 0x0000000000000709
core   0: 0x000000008000558e (0xd21d8b53) fcvt.d.wu fs6, s11
core   0: 1 0x000000008000558e (0xd21d8b53) f22 0x409c240000000000
core   0: 0x0000000080005592 (0x00b494bb) sllw    s1, s1, a1
core   0: 1 0x0000000080005592 (0x00b494bb) x9  0x000000007c780000
core   0: 0x0000000080005596 (0xd02df6d3) fcvt.s.l fa3, s11
core   0: 1 0x0000000080005596 (0xd02df6d3) f13 0xffffffff44e12000
core   0: 0x000000008000559a (0x0ff0000f) fence   iorw,iorw
core   0: 1 0x000000008000559a (0x0ff0000f)
core   0: 0x000000008000559e (0xa36703d3) fle.d   t2, fa4, fs6
core   0: 1 0x000000008000559e (0xa36703d3) c1_fflags 0x0000000000000011 x7  0x0000000000000000
core   0: 0x00000000800055a2 (0xfec6f317) auipc   t1, 0xfec6f
core   0: 1 0x00000000800055a2 (0xfec6f317) x6  0x000000007ec745a2
core   0: 0x00000000800055a6 (0x00f397b3) sll     a5, t2, a5
core   0: 1 0x00000000800055a6 (0x00f397b3) x15 0x0000000000000000
core   0: 0x00000000800055aa (0x0013581b) srliw   a6, t1, 1
core   0: 1 0x00000000800055aa (0x0013581b) x16 0x000000003f63a2d1
core   0: 0x00000000800055ae (0x03a50233) mul     tp, a0, s10
core   0: 1 0x00000000800055ae (0x03a50233) x4  0x0000000000000000
core   0: 0x00000000800055b2 (0x011118bb) sllw    a7, sp, a7
core   0: 1 0x00000000800055b2 (0x011118bb) x17 0xffffffff94580a22
core   0: 0x00000000800055b6 (0x41898db3) sub     s11, s3, s8
core   0: 1 0x00000000800055b6 (0x41898db3) x27 0xffffffd28209cba8
core   0: 0x00000000800055ba (0x018d803b) addw    zero, s11, s8
core   0: 1 0x00000000800055ba (0x018d803b)
core   0: 0x00000000800055be (0x4008569b) sraiw   a3, a6, 0
core   0: 1 0x00000000800055be (0x4008569b) x13 0x000000003f63a2d1
core   0: 0x00000000800055c2 (0x4018f8d3) fcvt.s.d fa7, fa7
core   0: 1 0x00000000800055c2 (0x4018f8d3) f17 0xffffffff7fc00000
core   0: 0x00000000800055c6 (0x03fad893) srli    a7, s5, 63
core   0: 1 0x00000000800055c6 (0x03fad893) x17 0x0000000000000000
core   0: 0x00000000800055ca (0x00008846) c.mv    a6, a7
core   0: 1 0x00000000800055ca (0x8846) x16 0x0000000000000000
core   0: 0x00000000800055cc (0x1aaffdd3) fdiv.d  fs11, ft11, fa0
core   0: 1 0x00000000800055cc (0x1aaffdd3) f27 0x7ff8000000000000
core   0: 0x00000000800055d0 (0x40f18393) addi    t2, gp, 1039
core   0: 1 0x00000000800055d0 (0x40f18393) x7  0x0000000014586e0f
core   0: 0x00000000800055d4 (0x0ff0000f) fence   iorw,iorw
core   0: 1 0x00000000800055d4 (0x0ff0000f)
core   0: 0x00000000800055d8 (0x0193a5b3) slt     a1, t2, s9
core   0: 1 0x00000000800055d8 (0x0193a5b3) x11 0x0000000000000000
core   0: 0x00000000800055dc (0x12dff153) fmul.d  ft2, ft11, fa3
core   0: 1 0x00000000800055dc (0x12dff153) f2  0x7ff8000000000000
core   0: 0x00000000800055e0 (0xc225f6d3) fcvt.l.d a3, fa1
core   0: 1 0x00000000800055e0 (0xc225f6d3) c1_fflags 0x0000000000000011 x13 0x7fffffffffffffff
core   0: 0x00000000800055e4 (0x02a6d33b) divuw   t1, a3, a0
core   0: 1 0x00000000800055e4 (0x02a6d33b) x6  0xffffffffffffffff
core   0: 0x00000000800055e8 (0x00cb0dbb) addw    s11, s6, a2
core   0: 1 0x00000000800055e8 (0x00cb0dbb) x27 0x0000000000000a00
core   0: 0x00000000800055ec (0x03cde03b) remw    zero, s11, t3
core   0: 1 0x00000000800055ec (0x03cde03b)
core   0: 0x00000000800055f0 (0x00095493) srli    s1, s2, 0
core   0: 1 0x00000000800055f0 (0x00095493) x9  0x0000000000000018
core   0: 0x00000000800055f4 (0x409dda33) sra     s4, s11, s1
core   0: 1 0x00000000800055f4 (0x409dda33) x20 0x0000000000000000
core   0: 0x00000000800055f8 (0xd22a7053) fcvt.d.l ft0, s4
core   0: 1 0x00000000800055f8 (0xd22a7053) f0  0x0000000000000000
core   0: 0x00000000800055fc (0x02f375d3) fadd.d  fa1, ft6, fa5
core   0: 1 0x00000000800055fc (0x02f375d3) f11 0x7ff8000000000000
core   0: 0x0000000080005600 (0x2a891753) fmax.d  fa4, fs2, fs0
core   0: 1 0x0000000080005600 (0x2a891753) f14 0x7ff8000000000000
core   0: 0x0000000080005604 (0x5a077853) fsqrt.d fa6, fa4
core   0: 1 0x0000000080005604 (0x5a077853) f16 0x7ff8000000000000
core   0: 0x0000000080005608 (0x00049a93) slli    s5, s1, 0
core   0: 1 0x0000000080005608 (0x00049a93) x21 0x0000000000000018
core   0: 0x000000008000560c (0xa345fa4b) fnmsub.d fs4, fa1, fs4, fs4
core   0: 1 0x000000008000560c (0xa345fa4b) f20 0x7ff8000000000000
core   0: 0x0000000080005610 (0xd23a7ad3) fcvt.d.lu fs5, s4
core   0: 1 0x0000000080005610 (0xd23a7ad3) f21 0x0000000000000000
core   0: 0x0000000080005614 (0x00e7543b) srlw    s0, a4, a4
core   0: 1 0x0000000080005614 (0x00e7543b) x8  0x0000000000000000
core   0: 0x0000000080005618 (0xb5401497) auipc   s1, 0xb5401
core   0: 1 0x0000000080005618 (0xb5401497) x9  0x0000000035406618
core   0: 0x000000008000561c (0xd2347653) fcvt.d.lu fa2, s0
core   0: 1 0x000000008000561c (0xd2347653) f12 0x0000000000000000
core   0: 0x0000000080005620 (0x41155213) srai    tp, a0, 17
core   0: 1 0x0000000080005620 (0x41155213) x4  0x0000000000000000
core   0: 0x0000000080005624 (0x0019a9b3) slt     s3, s3, ra
core   0: 1 0x0000000080005624 (0x0019a9b3) x19 0x0000000000000001
core   0: 0x0000000080005628 (0xf92d32b7) lui     t0, 0xf92d3
core   0: 1 0x0000000080005628 (0xf92d32b7) x5  0xfffffffff92d3000
core   0: 0x000000008000562c (0xc5b2829b) addiw   t0, t0, -933
core   0: 1 0x000000008000562c (0xc5b2829b) x5  0xfffffffff92d2c5b
core   0: 0x0000000080005630 (0x000002b2) c.slli  t0, 12
core   0: 1 0x0000000080005630 (0x02b2) x5  0xffffff92d2c5b000
core   0: 0x0000000080005632 (0x8cb28293) addi    t0, t0, -1845
core   0: 1 0x0000000080005632 (0x8cb28293) x5  0xffffff92d2c5a8cb
core   0: 0x0000000080005636 (0x235d0d53) fsgnj.d fs10, fs10, fs5
core   0: 1 0x0000000080005636 (0x235d0d53) f26 0x0000000000000000
core   0: 0x000000008000563a (0x031cdeb3) divu    t4, s9, a7
core   0: 1 0x000000008000563a (0x031cdeb3) x29 0xffffffffffffffff
core   0: 0x000000008000563e (0x0042dbbb) srlw    s7, t0, tp
core   0: 1 0x000000008000563e (0x0042dbbb) x23 0xffffffffd2c5a8cb
core   0: 0x0000000080005642 (0x00bed5bb) srlw    a1, t4, a1
core   0: 1 0x0000000080005642 (0x00bed5bb) x11 0xffffffffffffffff
core   0: 0x0000000080005646 (0xa3a606d3) fle.d   a3, fa2, fs10
core   0: 1 0x0000000080005646 (0xa3a606d3) x13 0x0000000000000001
core   0: 0x000000008000564a (0x00000001) c.nop
core   0: 1 0x000000008000564a (0x0001)
core   0: 0x000000008000564c (0x000e1c9b) slliw   s9, t3, 0
core   0: 1 0x000000008000564c (0x000e1c9b) x25 0x0000000000000000
core   0: 0x0000000080005650 (0xab9cfccb) fnmsub.d fs9, fs9, fs9, fs5
core   0: 1 0x0000000080005650 (0xab9cfccb) f25 0x7ff8000000000000
core   0: 0x0000000080005654 (0x01d1cc33) xor     s8, gp, t4
core   0: 1 0x0000000080005654 (0x01d1cc33) x24 0xffffffffeba795ff
core   0: 0x0000000080005658 (0xd21c01d3) fcvt.d.wu ft3, s8
core   0: 1 0x0000000080005658 (0xd21c01d3) f3  0x41ed74f2bfe00000
core   0: 0x000000008000565c (0x026ed33b) divuw   t1, t4, t1
core   0: 1 0x000000008000565c (0x026ed33b) x6  0x0000000000000001
core   0: 0x0000000080005660 (0x420a0a53) fcvt.d.s fs4, fs4
core   0: 1 0x0000000080005660 (0x420a0a53) f20 0x7ff8000000000000
core   0: 0x0000000080005664 (0x033e503b) divuw   zero, t3, s3
core   0: 1 0x0000000080005664 (0x033e503b)
core   0: 0x0000000080005668 (0x022640b3) div     ra, a2, sp
core   0: 1 0x0000000080005668 (0x022640b3) x1  0x0000000000000000
core   0: 0x000000008000566c (0x4a766417) auipc   s0, 0x4a766
core   0: 1 0x000000008000566c (0x4a766417) x8  0x00000000ca76b66c
core   0: 0x0000000080005670 (0x94844b13) xori    s6, s0, -1720
core   0: 1 0x0000000080005670 (0x94844b13) x22 0xffffffff35894f24
core   0: 0x0000000080005674 (0x036211b3) mulh    gp, tp, s6
core   0: 1 0x0000000080005674 (0x036211b3) x3  0x0000000000000000
core   0: 0x0000000080005678 (0xe20a80d3) fmv.x.d ra, fs5
core   0: 1 0x0000000080005678 (0xe20a80d3) x1  0x0000000000000000
core   0: 0x000000008000567c (0xc205f4d3) fcvt.w.d s1, fa1
core   0: 1 0x000000008000567c (0xc205f4d3) c1_fflags 0x0000000000000011 x9  0x000000007fffffff
core   0: 0x0000000080005680 (0x0116e233) or      tp, a3, a7
core   0: 1 0x0000000080005680 (0x0116e233) x4  0x0000000000000001
core   0: 0x0000000080005684 (0xf20487d3) fmv.d.x fa5, s1
core   0: 1 0x0000000080005684 (0xf20487d3) f15 0x000000007fffffff
core   0: 0x0000000080005688 (0x01b9d993) srli    s3, s3, 27
core   0: 1 0x0000000080005688 (0x01b9d993) x19 0x0000000000000000
core   0: 0x000000008000568c (0xc23af4d3) fcvt.lu.d s1, fs5
core   0: 1 0x000000008000568c (0xc23af4d3) x9  0x0000000000000000
core   0: 0x0000000080005690 (0x009ee7b3) or      a5, t4, s1
core   0: 1 0x0000000080005690 (0x009ee7b3) x15 0xffffffffffffffff
core   0: 0x0000000080005694 (0x03d7febb) remuw   t4, a5, t4
core   0: 1 0x0000000080005694 (0x03d7febb) x29 0x0000000000000000
core   0: 0x0000000080005698 (0x00201e73) csrrw   t3, frm, zero
core   0: 1 0x0000000080005698 (0x00201e73) x28 0x0000000000000000 c2_frm 0x0000000000000000
core   0: 0x000000008000569c (0x010e8ebb) addw    t4, t4, a6
core   0: 1 0x000000008000569c (0x010e8ebb) x29 0x0000000000000000
core   0: 0x00000000800056a0 (0x00009d0a) c.add   s10, sp
core   0: 1 0x00000000800056a0 (0x9d0a) x26 0x0000000094580a21
core   0: 0x00000000800056a2 (0x01d954bb) srlw    s1, s2, t4
core   0: 1 0x00000000800056a2 (0x01d954bb) x9  0x0000000000000018
core   0: 0x00000000800056a6 (0xc2307853) fcvt.lu.d a6, ft0
core   0: 1 0x00000000800056a6 (0xc2307853) x16 0x0000000000000000
core   0: 0x00000000800056aa (0x03618537) lui     a0, 0x3618
core   0: 1 0x00000000800056aa (0x03618537) x10 0x0000000003618000
core   0: 0x00000000800056ae (0x1635051b) addiw   a0, a0, 355
core   0: 1 0x00000000800056ae (0x1635051b) x10 0x0000000003618163
core   0: 0x00000000800056b2 (0x00000536) c.slli  a0, 13
core   0: 1 0x00000000800056b2 (0x0536) x10 0x0000006c302c6000
core   0: 0x00000000800056b4 (0x14050513) addi    a0, a0, 320
core   0: 1 0x00000000800056b4 (0x14050513) x10 0x0000006c302c6140
core   0: 0x00000000800056b8 (0x00c75bbb) srlw    s7, a4, a2
core   0: 1 0x00000000800056b8 (0x00c75bbb) x23 0x0000000000000002
core   0: 0x00000000800056bc (0x413bd31b) sraiw   t1, s7, 19
core   0: 1 0x00000000800056bc (0x413bd31b) x6  0x0000000000000000
core   0: 0x00000000800056c0 (0x0ff0000f) fence   iorw,iorw
core   0: 1 0x00000000800056c0 (0x0ff0000f)
core   0: 0x00000000800056c4 (0x0358683b) remw    a6, a6, s5
core   0: 1 0x00000000800056c4 (0x0358683b) x16 0x0000000000000000
core   0: 0x00000000800056c8 (0x00009086) c.add   ra, ra
core   0: 1 0x00000000800056c8 (0x9086) x1  0x0000000000000000
core   0: 0x00000000800056ca (0x4013d8bb) sraw    a7, t2, ra
core   0: 1 0x00000000800056ca (0x4013d8bb) x17 0x0000000014586e0f
core   0: 0x00000000800056ce (0x0260e433) rem     s0, ra, t1
core   0: 1 0x00000000800056ce (0x0260e433) x8  0x0000000000000000
core   0: 0x00000000800056d2 (0xf20b0453) fmv.d.x fs0, s6
core   0: 1 0x00000000800056d2 (0xf20b0453) f8  0xffffffff35894f24
core   0: 0x00000000800056d6 (0x8822e817) auipc   a6, 0x8822e
core   0: 1 0x00000000800056d6 (0x8822e817) x16 0x00000000082336d6
core   0: 0x00000000800056da (0x00a2d1bb) srlw    gp, t0, a0
core   0: 1 0x00000000800056da (0x00a2d1bb) x3  0xffffffffd2c5a8cb
core   0: 0x00000000800056de (0x01de85bb) addw    a1, t4, t4
core   0: 1 0x00000000800056de (0x01de85bb) x11 0x0000000000000000
core   0: 0x00000000800056e2 (0x01cb1b1b) slliw   s6, s6, 28
core   0: 1 0x00000000800056e2 (0x01cb1b1b) x22 0x0000000040000000
core   0: 0x00000000800056e6 (0xfff1891b) addiw   s2, gp, -1
core   0: 1 0x00000000800056e6 (0xfff1891b) x18 0xffffffffd2c5a8ca
core   0: 0x00000000800056ea (0x00000001) c.nop
core   0: 1 0x00000000800056ea (0x0001)
core   0: 0x00000000800056ec (0x40147653) fcvt.s.d fa2, fs0
core   0: 1 0x00000000800056ec (0x40147653) f12 0xffffffff7fc00000
core   0: 0x00000000800056f0 (0x0008d21b) srliw   tp, a7, 0
core   0: 1 0x00000000800056f0 (0x0008d21b) x4  0x0000000014586e0f
core   0: 0x00000000800056f4 (0xc23ff0d3) fcvt.lu.d ra, ft11
core   0: 1 0x00000000800056f4 (0xc23ff0d3) c1_fflags 0x0000000000000011 x1  0xffffffffffffffff
core   0: 0x00000000800056f8 (0x4106d813) srai    a6, a3, 16
core   0: 1 0x00000000800056f8 (0x4106d813) x16 0x0000000000000000
core   0: 0x00000000800056fc (0x001ed99b) srliw   s3, t4, 1
core   0: 1 0x00000000800056fc (0x001ed99b) x19 0x0000000000000000
core   0: 0x0000000080005700 (0x00000001) c.nop
core   0: 1 0x0000000080005700 (0x0001)
core   0: 0x0000000080005702 (0x0381fc3b) remuw   s8, gp, s8
core   0: 1 0x0000000080005702 (0x0381fc3b) x24 0xffffffffd2c5a8cb
core   0: 0x0000000080005706 (0x00000001) c.nop
core   0: 1 0x0000000080005706 (0x0001)
core   0: 0x0000000080005708 (0xd026fed3) fcvt.s.l ft9, a3
core   0: 1 0x0000000080005708 (0xd026fed3) f29 0xffffffff3f800000
core   0: 0x000000008000570c (0x02dc06b3) mul     a3, s8, a3
core   0: 1 0x000000008000570c (0x02dc06b3) x13 0xffffffffd2c5a8cb
core   0: 0x0000000080005710 (0x03842433) mulhsu  s0, s0, s8
core   0: 1 0x0000000080005710 (0x03842433) x8  0x0000000000000000
core   0: 0x0000000080005714 (0x409d84bb) subw    s1, s11, s1
core   0: 1 0x0000000080005714 (0x409d84bb) x9  0x00000000000009e8
core   0: 0x0000000080005718 (0xd2347fd3) fcvt.d.lu ft11, s0
core   0: 1 0x0000000080005718 (0xd2347fd3) f31 0x0000000000000000
core   0: 0x000000008000571c (0x039a4533) div     a0, s4, s9
core   0: 1 0x000000008000571c (0x039a4533) x10 0xffffffffffffffff
core   0: 0x0000000080005720 (0x40c708bb) subw    a7, a4, a2
core   0: 1 0x0000000080005720 (0x40c708bb) x17 0xfffffffffffff602
core   0: 0x0000000080005724 (0x0ff0000f) fence   iorw,iorw
core   0: 1 0x0000000080005724 (0x0ff0000f)
core   0: 0x0000000080005728 (0x5a05f3d3) fsqrt.d ft7, fa1
core   0: 1 0x0000000080005728 (0x5a05f3d3) f7  0x7ff8000000000000
core   0: 0x000000008000572c (0x016b0b3b) addw    s6, s6, s6
core   0: 1 0x000000008000572c (0x016b0b3b) x22 0xffffffff80000000
core   0: 0x0000000080005730 (0x3232b3f3) csrrc   t2, mhpmevent3, t0
core   0: exception trap_illegal_instruction, epc 0x0000000080005730
core   0:           tval 0x000000003232b3f3
core   0: >>>>  $xrv64i2p1_m2p0_a2p1_f2p2_d2p2_zicsr2p0_zifencei2p0_zmmul1p0_zba1p0_zbb1p0_zbc1p0_zbs1p0
core   0: 0x0000000080004000 (0x0080006f) j       pc + 0x8
core   0: 3 0x0000000080004000 (0x0080006f)
core   0: >>>>  mmode_exception_handler
core   0: 0x0000000080004008 (0x00002c17) auipc   s8, 0x2
core   0: 3 0x0000000080004008 (0x00002c17) x24 0x0000000080006008
core   0: 0x000000008000400c (0x01ac0c13) addi    s8, s8, 26
core   0: 3 0x000000008000400c (0x01ac0c13) x24 0x0000000080006022
core   0: 0x0000000080004010 (0x000c00e7) jalr    s8
core   0: 3 0x0000000080004010 (0x000c00e7) x1  0x0000000080004014
core   0: >>>>  any_handler
core   0: 0x0000000080006022 (0x341027f3) csrrs   a5, mepc, zero
core   0: 3 0x0000000080006022 (0x341027f3) x15 0x0000000080005730
core   0: 0x0000000080006026 (0x34202773) csrrs   a4, mcause, zero
core   0: 3 0x0000000080006026 (0x34202773) x14 0x0000000000000002
core   0: 0x000000008000602a (0x142026f3) csrrs   a3, scause, zero
core   0: 3 0x000000008000602a (0x142026f3) x13 0x0000000000000000
core   0: 0x000000008000602e (0x30402673) csrrs   a2, mie, zero
core   0: 3 0x000000008000602e (0x30402673) x12 0x0000000000000a00
core   0: 0x0000000080006032 (0x344025f3) csrrs   a1, mip, zero
core   0: 3 0x0000000080006032 (0x344025f3) x11 0x0000000000000080
core   0: 0x0000000080006036 (0x343025f3) csrrs   a1, mtval, zero
core   0: 3 0x0000000080006036 (0x343025f3) x11 0x000000003232b3f3
core   0: 0x000000008000603a (0x14302573) csrrs   a0, stval, zero
core   0: 3 0x000000008000603a (0x14302573) x10 0x0000000000000000
core   0: 0x000000008000603e (0xb02024f3) csrrs   s1, minstret, zero
core   0: 3 0x000000008000603e (0xb02024f3) x9  0x000000000000101c
core   0: 0x0000000080006042 (0x0000a811) c.j     pc + 20
core   0: 3 0x0000000080006042 (0xa811)
core   0: >>>>  mepc_4
core   0: 0x0000000080006056 (0x00000791) c.addi  a5, 4
core   0: 3 0x0000000080006056 (0x0791) x15 0x0000000080005734
core   0: 0x0000000080006058 (0x34179073) csrrw   zero, mepc, a5
core   0: 3 0x0000000080006058 (0x34179073) c833_mepc 0x0000000080005734
core   0: 0x000000008000605c (0x30200073) mret
core   0: 3 0x000000008000605c (0x30200073) c768_mstatus 0x8000000a00106182
core   0: 0x0000000080005734 (0xe20a8453) fmv.x.d s0, fs5
core   0: 1 0x0000000080005734 (0xe20a8453) x8  0x0000000000000000
core   0: 0x0000000080005738 (0x5a0a76d3) fsqrt.d fa3, fs4
core   0: 1 0x0000000080005738 (0x5a0a76d3) f13 0x7ff8000000000000
core   0: 0x000000008000573c (0x02b5e5b3) rem     a1, a1, a1
core   0: 1 0x000000008000573c (0x02b5e5b3) x11 0x0000000000000000
core   0: 0x0000000080005740 (0x02cc1333) mulh    t1, s8, a2
core   0: 1 0x0000000080005740 (0x02cc1333) x6  0x0000000000000000
core   0: 0x0000000080005744 (0x01a3dd3b) srlw    s10, t2, s10
core   0: 1 0x0000000080005744 (0x01a3dd3b) x26 0x000000000a2c3707
core   0: 0x0000000080005748 (0x140570f3) csrrci  ra, sscratch, 10
core   0: 1 0x0000000080005748 (0x140570f3) x1  0x0000000000000000 c320_sscratch 0x0000000000000000
core   0: 0x000000008000574c (0x0162d31b) srliw   t1, t0, 22
core   0: 1 0x000000008000574c (0x0162d31b) x6  0x000000000000034b
core   0: 0x0000000080005750 (0x03d98733) mul     a4, s3, t4
core   0: 1 0x0000000080005750 (0x03d98733) x14 0x0000000000000000
core   0: 0x0000000080005754 (0x0107153b) sllw    a0, a4, a6
core   0: 1 0x0000000080005754 (0x0107153b) x10 0x0000000000000000
core   0: 0x0000000080005758 (0x01cd14bb) sllw    s1, s10, t3
core   0: 1 0x0000000080005758 (0x01cd14bb) x9  0x000000000a2c3707
core   0: 0x000000008000575c (0xd231fe53) fcvt.d.lu ft8, gp
core   0: 1 0x000000008000575c (0xd231fe53) c1_fflags 0x0000000000000011 f28 0x43effffffffa58b5
core   0: 0x0000000080005760 (0xfffd011b) addiw   sp, s10, -1
core   0: 1 0x0000000080005760 (0xfffd011b) x2  0x000000000a2c3706
core   0: 0x0000000080005764 (0x00a2169b) slliw   a3, tp, 10
core   0: 1 0x0000000080005764 (0x00a2169b) x13 0x0000000061b83c00
core   0: 0x0000000080005768 (0x41f05b1b) sraiw   s6, zero, 31
core   0: 1 0x0000000080005768 (0x41f05b1b) x22 0x0000000000000000
core   0: 0x000000008000576c (0xfe126813) ori     a6, tp, -31
core   0: 1 0x000000008000576c (0xfe126813) x16 0xffffffffffffffef
core   0: 0x0000000080005770 (0x02c70a3b) mulw    s4, a4, a2
core   0: 1 0x0000000080005770 (0x02c70a3b) x20 0x0000000000000000
core   0: 0x0000000080005774 (0x000b1c9b) slliw   s9, s6, 0
core   0: 1 0x0000000080005774 (0x000b1c9b) x25 0x0000000000000000
core   0: 0x0000000080005778 (0x22969c53) fsgnjn.d fs8, fa3, fs1
core   0: 1 0x0000000080005778 (0x22969c53) f24 0xfff8000000000000
core   0: 0x000000008000577c (0xc236fdd3) fcvt.lu.d s11, fa3
core   0: 1 0x000000008000577c (0xc236fdd3) c1_fflags 0x0000000000000011 x27 0xffffffffffffffff
core   0: 0x0000000080005780 (0xd02971d3) fcvt.s.l ft3, s2
core   0: 1 0x0000000080005780 (0xd02971d3) c1_fflags 0x0000000000000011 f3  0xffffffffce34e95d
core   0: 0x0000000080005784 (0xd21d09d3) fcvt.d.wu fs3, s10
core   0: 1 0x0000000080005784 (0xd21d09d3) f19 0x41a4586e0e000000
core   0: 0x0000000080005788 (0x00c31333) sll     t1, t1, a2
core   0: 1 0x0000000080005788 (0x00c31333) x6  0x000000000000034b
core   0: 0x000000008000578c (0x00e32c33) slt     s8, t1, a4
core   0: 1 0x000000008000578c (0x00e32c33) x24 0x0000000000000000
core   0: 0x0000000080005790 (0x0290d737) lui     a4, 0x290d
core   0: 1 0x0000000080005790 (0x0290d737) x14 0x000000000290d000
core   0: 0x0000000080005794 (0xdcb7071b) addiw   a4, a4, -565
core   0: 1 0x0000000080005794 (0xdcb7071b) x14 0x000000000290cdcb
core   0: 0x0000000080005798 (0x00000732) c.slli  a4, 12
core   0: 1 0x0000000080005798 (0x0732) x14 0x000000290cdcb000
core   0: 0x000000008000579a (0x30770713) addi    a4, a4, 775
core   0: 1 0x000000008000579a (0x30770713) x14 0x000000290cdcb307
core   0: 0x000000008000579e (0x00189973) csrrw   s2, fflags, a7
core   0: 1 0x000000008000579e (0x00189973) x18 0x0000000000000011 c1_fflags 0x0000000000000002
core   0: 0x00000000800057a2 (0x43f35613) srai    a2, t1, 63
core   0: 1 0x00000000800057a2 (0x43f35613) x12 0x0000000000000000
core   0: 0x00000000800057a6 (0x02757233) remu    tp, a0, t2
core   0: 1 0x00000000800057a6 (0x02757233) x4  0x0000000000000000
core   0: 0x00000000800057aa (0xd21203d3) fcvt.d.wu ft7, tp
core   0: 1 0x00000000800057aa (0xd21203d3) f7  0x0000000000000000
core   0: 0x00000000800057ae (0x40107bd3) fcvt.s.d fs7, ft0
core   0: 1 0x00000000800057ae (0x40107bd3) f23 0xffffffff00000000
core   0: 0x00000000800057b2 (0xf1382ef3) csrrs   t4, mimpid, a6
core   0: exception trap_illegal_instruction, epc 0x00000000800057b2
core   0:           tval 0x00000000f1382ef3
core   0: >>>>  $xrv64i2p1_m2p0_a2p1_f2p2_d2p2_zicsr2p0_zifencei2p0_zmmul1p0_zba1p0_zbb1p0_zbc1p0_zbs1p0
core   0: 0x0000000080004000 (0x0080006f) j       pc + 0x8
core   0: 3 0x0000000080004000 (0x0080006f)
core   0: >>>>  mmode_exception_handler
core   0: 0x0000000080004008 (0x00002c17) auipc   s8, 0x2
core   0: 3 0x0000000080004008 (0x00002c17) x24 0x0000000080006008
core   0: 0x000000008000400c (0x01ac0c13) addi    s8, s8, 26
core   0: 3 0x000000008000400c (0x01ac0c13) x24 0x0000000080006022
core   0: 0x0000000080004010 (0x000c00e7) jalr    s8
core   0: 3 0x0000000080004010 (0x000c00e7) x1  0x0000000080004014
core   0: >>>>  any_handler
core   0: 0x0000000080006022 (0x341027f3) csrrs   a5, mepc, zero
core   0: 3 0x0000000080006022 (0x341027f3) x15 0x00000000800057b2
core   0: 0x0000000080006026 (0x34202773) csrrs   a4, mcause, zero
core   0: 3 0x0000000080006026 (0x34202773) x14 0x0000000000000002
core   0: 0x000000008000602a (0x142026f3) csrrs   a3, scause, zero
core   0: 3 0x000000008000602a (0x142026f3) x13 0x0000000000000000
core   0: 0x000000008000602e (0x30402673) csrrs   a2, mie, zero
core   0: 3 0x000000008000602e (0x30402673) x12 0x0000000000000a00
core   0: 0x0000000080006032 (0x344025f3) csrrs   a1, mip, zero
core   0: 3 0x0000000080006032 (0x344025f3) x11 0x0000000000000080
core   0: 0x0000000080006036 (0x343025f3) csrrs   a1, mtval, zero
core   0: 3 0x0000000080006036 (0x343025f3) x11 0x00000000f1382ef3
core   0: 0x000000008000603a (0x14302573) csrrs   a0, stval, zero
core   0: 3 0x000000008000603a (0x14302573) x10 0x0000000000000000
core   0: 0x000000008000603e (0xb02024f3) csrrs   s1, minstret, zero
core   0: 3 0x000000008000603e (0xb02024f3) x9  0x000000000000104c
core   0: 0x0000000080006042 (0x0000a811) c.j     pc + 20
core   0: 3 0x0000000080006042 (0xa811)
core   0: >>>>  mepc_4
core   0: 0x0000000080006056 (0x00000791) c.addi  a5, 4
core   0: 3 0x0000000080006056 (0x0791) x15 0x00000000800057b6
core   0: 0x0000000080006058 (0x34179073) csrrw   zero, mepc, a5
core   0: 3 0x0000000080006058 (0x34179073) c833_mepc 0x00000000800057b6
core   0: 0x000000008000605c (0x30200073) mret
core   0: 3 0x000000008000605c (0x30200073) c768_mstatus 0x8000000a00106182
core   0: 0x00000000800057b6 (0x420683d3) fcvt.d.s ft7, fa3
core   0: 1 0x00000000800057b6 (0x420683d3) f7  0x7ff8000000000000
core   0: 0x00000000800057ba (0x1428e2f3) csrrsi  t0, scause, 17
core   0: 1 0x00000000800057ba (0x1428e2f3) x5  0x0000000000000000 c322_scause 0x0000000000000011
core   0: 0x00000000800057be (0xf2048053) fmv.d.x ft0, s1
core   0: 1 0x00000000800057be (0xf2048053) f0  0x000000000000104c
core   0: 0x00000000800057c2 (0x40f85dbb) sraw    s11, a6, a5
core   0: 1 0x00000000800057c2 (0x40f85dbb) x27 0xffffffffffffffff
core   0: 0x00000000800057c6 (0x2a680453) fmin.d  fs0, fa6, ft6
core   0: 1 0x00000000800057c6 (0x2a680453) f8  0x7ff8000000000000
core   0: 0x00000000800057ca (0x0ff0000f) fence   iorw,iorw
core   0: 1 0x00000000800057ca (0x0ff0000f)
core   0: 0x00000000800057ce (0x0007159b) slliw   a1, a4, 0
core   0: 1 0x00000000800057ce (0x0007159b) x11 0x0000000000000002
core   0: 0x00000000800057d2 (0x015090bb) sllw    ra, ra, s5
core   0: 1 0x00000000800057d2 (0x015090bb) x1  0x0000000014000000
core   0: 0x00000000800057d6 (0x01a9dc33) srl     s8, s3, s10
core   0: 1 0x00000000800057d6 (0x01a9dc33) x24 0x0000000000000000
core   0: 0x00000000800057da (0x01fc5e9b) srliw   t4, s8, 31
core   0: 1 0x00000000800057da (0x01fc5e9b) x29 0x0000000000000000
core   0: 0x00000000800057de (0x41d9593b) sraw    s2, s2, t4
core   0: 1 0x00000000800057de (0x41d9593b) x18 0x0000000000000011
core   0: 0x00000000800057e2 (0x12b77253) fmul.d  ft4, fa4, fa1
core   0: 1 0x00000000800057e2 (0x12b77253) f4  0x7ff8000000000000
core   0: 0x00000000800057e6 (0x0ff0000f) fence   iorw,iorw
core   0: 1 0x00000000800057e6 (0x0ff0000f)
core   0: 0x00000000800057ea (0x036e02bb) mulw    t0, t3, s6
core   0: 1 0x00000000800057ea (0x036e02bb) x5  0x0000000000000000
core   0: 0x00000000800057ee (0x5a03f3d3) fsqrt.d ft7, ft7
core   0: 1 0x00000000800057ee (0x5a03f3d3) f7  0x7ff8000000000000
core   0: 0x00000000800057f2 (0x01fd191b) slliw   s2, s10, 31
core   0: 1 0x00000000800057f2 (0x01fd191b) x18 0xffffffff80000000
core   0: 0x00000000800057f6 (0xa60b099b) addiw   s3, s6, -1440
core   0: 1 0x00000000800057f6 (0xa60b099b) x19 0xfffffffffffffa60
core   0: 0x00000000800057fa (0x400ddc13) srai    s8, s11, 0
core   0: 1 0x00000000800057fa (0x400ddc13) x24 0xffffffffffffffff
core   0: 0x00000000800057fe (0x01c7da33) srl     s4, a5, t3
core   0: 1 0x00000000800057fe (0x01c7da33) x20 0x00000000800057b6
core   0: 0x0000000080005802 (0x039bc6b3) div     a3, s7, s9
core   0: 1 0x0000000080005802 (0x039bc6b3) x13 0xffffffffffffffff
core   0: 0x0000000080005806 (0x0009d99b) srliw   s3, s3, 0
core   0: 1 0x0000000080005806 (0x0009d99b) x19 0xfffffffffffffa60
core   0: 0x000000008000580a (0xe2060953) fmv.x.d s2, fa2
core   0: 1 0x000000008000580a (0xe2060953) x18 0xffffffff7fc00000
core   0: 0x000000008000580e (0x4140d71b) sraiw   a4, ra, 20
core   0: 1 0x000000008000580e (0x4140d71b) x14 0x0000000000000140
core   0: 0x0000000080005812 (0x00075313) srli    t1, a4, 0
core   0: 1 0x0000000080005812 (0x00075313) x6  0x0000000000000140
core   0: 0x0000000080005816 (0x01a333b3) sltu    t2, t1, s10
core   0: 1 0x0000000080005816 (0x01a333b3) x7  0x0000000000000001
core   0: 0x000000008000581a (0x025ae8b3) rem     a7, s5, t0
core   0: 1 0x000000008000581a (0x025ae8b3) x17 0x0000000000000018
core   0: 0x000000008000581e (0xc231fed3) fcvt.lu.d t4, ft3
core   0: 1 0x000000008000581e (0xc231fed3) c1_fflags 0x0000000000000012 x29 0xffffffffffffffff
core   0: 0x0000000080005822 (0xc034f453) fcvt.lu.s s0, fs1
core   0: 1 0x0000000080005822 (0xc034f453) c1_fflags 0x0000000000000012 x8  0xffffffffffffffff
core   0: 0x0000000080005826 (0x034a7a3b) remuw   s4, s4, s4
core   0: 1 0x0000000080005826 (0x034a7a3b) x20 0x0000000000000000
core   0: 0x000000008000582a (0x0a727553) fsub.d  fa0, ft4, ft7
core   0: 1 0x000000008000582a (0x0a727553) f10 0x7ff8000000000000
core   0: 0x000000008000582e (0x400ed913) srai    s2, t4, 0
core   0: 1 0x000000008000582e (0x400ed913) x18 0xffffffffffffffff
core   0: 0x0000000080005832 (0x0226f153) fadd.d  ft2, fa3, ft2
core   0: 1 0x0000000080005832 (0x0226f153) f2  0x7ff8000000000000
core   0: 0x0000000080005836 (0x00000546) c.slli  a0, 17
core   0: 1 0x0000000080005836 (0x0546) x10 0x0000000000000000
core   0: 0x0000000080005838 (0xc05c71f3) csrrci  gp, hpmcounter5, 24
core   0: exception trap_illegal_instruction, epc 0x0000000080005838
core   0:           tval 0x00000000c05c71f3
core   0: >>>>  $xrv64i2p1_m2p0_a2p1_f2p2_d2p2_zicsr2p0_zifencei2p0_zmmul1p0_zba1p0_zbb1p0_zbc1p0_zbs1p0
core   0: 0x0000000080004000 (0x0080006f) j       pc + 0x8
core   0: 3 0x0000000080004000 (0x0080006f)
core   0: >>>>  mmode_exception_handler
core   0: 0x0000000080004008 (0x00002c17) auipc   s8, 0x2
core   0: 3 0x0000000080004008 (0x00002c17) x24 0x0000000080006008
core   0: 0x000000008000400c (0x01ac0c13) addi    s8, s8, 26
core   0: 3 0x000000008000400c (0x01ac0c13) x24 0x0000000080006022
core   0: 0x0000000080004010 (0x000c00e7) jalr    s8
core   0: 3 0x0000000080004010 (0x000c00e7) x1  0x0000000080004014
core   0: >>>>  any_handler
core   0: 0x0000000080006022 (0x341027f3) csrrs   a5, mepc, zero
core   0: 3 0x0000000080006022 (0x341027f3) x15 0x0000000080005838
core   0: 0x0000000080006026 (0x34202773) csrrs   a4, mcause, zero
core   0: 3 0x0000000080006026 (0x34202773) x14 0x0000000000000002
core   0: 0x000000008000602a (0x142026f3) csrrs   a3, scause, zero
core   0: 3 0x000000008000602a (0x142026f3) x13 0x0000000000000011
core   0: 0x000000008000602e (0x30402673) csrrs   a2, mie, zero
core   0: 3 0x000000008000602e (0x30402673) x12 0x0000000000000a00
core   0: 0x0000000080006032 (0x344025f3) csrrs   a1, mip, zero
core   0: 3 0x0000000080006032 (0x344025f3) x11 0x0000000000000080
core   0: 0x0000000080006036 (0x343025f3) csrrs   a1, mtval, zero
core   0: 3 0x0000000080006036 (0x343025f3) x11 0x00000000c05c71f3
core   0: 0x000000008000603a (0x14302573) csrrs   a0, stval, zero
core   0: 3 0x000000008000603a (0x14302573) x10 0x0000000000000000
core   0: 0x000000008000603e (0xb02024f3) csrrs   s1, minstret, zero
core   0: 3 0x000000008000603e (0xb02024f3) x9  0x000000000000107d
core   0: 0x0000000080006042 (0x0000a811) c.j     pc + 20
core   0: 3 0x0000000080006042 (0xa811)
core   0: >>>>  mepc_4
core   0: 0x0000000080006056 (0x00000791) c.addi  a5, 4
core   0: 3 0x0000000080006056 (0x0791) x15 0x000000008000583c
core   0: 0x0000000080006058 (0x34179073) csrrw   zero, mepc, a5
core   0: 3 0x0000000080006058 (0x34179073) c833_mepc 0x000000008000583c
core   0: 0x000000008000605c (0x30200073) mret
core   0: 3 0x000000008000605c (0x30200073) c768_mstatus 0x8000000a00106182
core   0: 0x000000008000583c (0x0031fcb3) and     s9, gp, gp
core   0: 1 0x000000008000583c (0x0031fcb3) x25 0xffffffffd2c5a8cb
core   0: 0x0000000080005840 (0x011951b3) srl     gp, s2, a7
core   0: 1 0x0000000080005840 (0x011951b3) x3  0x000000ffffffffff
core   0: 0x0000000080005844 (0xc2287053) fcvt.l.d zero, fa6
core   0: 1 0x0000000080005844 (0xc2287053) c1_fflags 0x0000000000000012
core   0: 0x0000000080005848 (0x00000001) c.nop
core   0: 1 0x0000000080005848 (0x0001)
core   0: 0x000000008000584a (0x73e3f2c3) fmadd.d ft5, ft7, ft10, fa4
core   0: 1 0x000000008000584a (0x73e3f2c3) f5  0x7ff8000000000000
core   0: 0x000000008000584e (0xc203f3d3) fcvt.w.d t2, ft7
core   0: 1 0x000000008000584e (0xc203f3d3) c1_fflags 0x0000000000000012 x7  0x000000007fffffff
core   0: 0x0000000080005852 (0x037eebb3) rem     s7, t4, s7
core   0: 1 0x0000000080005852 (0x037eebb3) x23 0xffffffffffffffff
core   0: 0x0000000080005856 (0x5a067cd3) fsqrt.d fs9, fa2
core   0: 1 0x0000000080005856 (0x5a067cd3) f25 0x7ff8000000000000
core   0: 0x000000008000585a (0x00775733) srl     a4, a4, t2
core   0: 1 0x000000008000585a (0x00775733) x14 0x0000000000000000
core   0: 0x000000008000585e (0x23f7a153) fsgnjx.d ft2, fa5, ft11
core   0: 1 0x000000008000585e (0x23f7a153) f2  0x000000007fffffff
core   0: 0x0000000080005862 (0xd2150d53) fcvt.d.wu fs10, a0
core   0: 1 0x0000000080005862 (0xd2150d53) f26 0x0000000000000000
core   0: 0x0000000080005866 (0x2b808c53) fmin.d  fs8, ft1, fs8
core   0: 1 0x0000000080005866 (0x2b808c53) f24 0x7ff8000000000000
core   0: 0x000000008000586a (0x4092843b) subw    s0, t0, s1
core   0: 1 0x000000008000586a (0x4092843b) x8  0xffffffffffffef83
core   0: 0x000000008000586e (0x0354d333) divu    t1, s1, s5
core   0: 1 0x000000008000586e (0x0354d333) x6  0x00000000000000af
core   0: 0x0000000080005872 (0xff3fc0b7) lui     ra, 0xff3fc
core   0: 1 0x0000000080005872 (0xff3fc0b7) x1  0xffffffffff3fc000
core   0: 0x0000000080005876 (0x0770809b) addiw   ra, ra, 119
core   0: 1 0x0000000080005876 (0x0770809b) x1  0xffffffffff3fc077
core   0: 0x000000008000587a (0x000000b2) c.slli  ra, 12
core   0: 1 0x000000008000587a (0x00b2) x1  0xfffffff3fc077000
core   0: 0x000000008000587c (0x89f08093) addi    ra, ra, -1889
core   0: 1 0x000000008000587c (0x89f08093) x1  0xfffffff3fc07689f
core   0: 0x0000000080005880 (0x03069313) slli    t1, a3, 48
core   0: 1 0x0000000080005880 (0x03069313) x6  0x0011000000000000
core   0: 0x0000000080005884 (0x02c425b3) mulhsu  a1, s0, a2
core   0: 1 0x0000000080005884 (0x02c425b3) x11 0xffffffffffffffff
core   0: 0x0000000080005888 (0x02e21ab3) mulh    s5, tp, a4
core   0: 1 0x0000000080005888 (0x02e21ab3) x21 0x0000000000000000
core   0: 0x000000008000588c (0x5a0679d3) fsqrt.d fs3, fa2
core   0: 1 0x000000008000588c (0x5a0679d3) f19 0x7ff8000000000000
core   0: 0x0000000080005890 (0x01047833) and     a6, s0, a6
core   0: 1 0x0000000080005890 (0x01047833) x16 0xffffffffffffef83
core   0: 0x0000000080005894 (0xfffb8d93) addi    s11, s7, -1
core   0: 1 0x0000000080005894 (0xfffb8d93) x27 0xfffffffffffffffe
core   0: 0x0000000080005898 (0x4002571b) sraiw   a4, tp, 0
core   0: 1 0x0000000080005898 (0x4002571b) x14 0x0000000000000000
core   0: 0x000000008000589c (0x001b7593) andi    a1, s6, 1
core   0: 1 0x000000008000589c (0x001b7593) x11 0x0000000000000000
core   0: 0x00000000800058a0 (0xa2230c53) fle.d   s8, ft6, ft2
core   0: 1 0x00000000800058a0 (0xa2230c53) c1_fflags 0x0000000000000012 x24 0x0000000000000000
core   0: 0x00000000800058a4 (0x401150b3) sra     ra, sp, ra
core   0: 1 0x00000000800058a4 (0x401150b3) x1  0x0000000000000000
core   0: 0x00000000800058a8 (0x41cb0233) sub     tp, s6, t3
core   0: 1 0x00000000800058a8 (0x41cb0233) x4  0x0000000000000000
core   0: 0x00000000800058ac (0x8a7bc893) xori    a7, s7, -1881
core   0: 1 0x00000000800058ac (0x8a7bc893) x17 0x0000000000000758
core   0: 0x00000000800058b0 (0x01588033) add     zero, a7, s5
core   0: 1 0x00000000800058b0 (0x01588033)
core   0: 0x00000000800058b4 (0x02a4fb3b) remuw   s6, s1, a0
core   0: 1 0x00000000800058b4 (0x02a4fb3b) x22 0x000000000000107d
core   0: 0x00000000800058b8 (0x00000001) c.nop
core   0: 1 0x00000000800058b8 (0x0001)
core   0: 0x00000000800058ba (0x4004d593) srai    a1, s1, 0
core   0: 1 0x00000000800058ba (0x4004d593) x11 0x000000000000107d
core   0: 0x00000000800058be (0x003ed8b3) srl     a7, t4, gp
core   0: 1 0x00000000800058be (0x003ed8b3) x17 0x0000000000000001
core   0: 0x00000000800058c2 (0x5a0a7653) fsqrt.d fa2, fs4
core   0: 1 0x00000000800058c2 (0x5a0a7653) f12 0x7ff8000000000000
core   0: 0x00000000800058c6 (0x5a08f1d3) fsqrt.d ft3, fa7
core   0: 1 0x00000000800058c6 (0x5a08f1d3) f3  0x7ff8000000000000
core   0: 0x00000000800058ca (0x23c1add3) fsgnjx.d fs11, ft3, ft8
core   0: 1 0x00000000800058ca (0x23c1add3) f27 0x7ff8000000000000
core   0: 0x00000000800058ce (0xc21df453) fcvt.wu.d s0, fs11
core   0: 1 0x00000000800058ce (0xc21df453) c1_fflags 0x0000000000000012 x8  0xffffffffffffffff
core   0: 0x00000000800058d2 (0xa2528653) fle.d   a2, ft5, ft5
core   0: 1 0x00000000800058d2 (0xa2528653) c1_fflags 0x0000000000000012 x12 0x0000000000000000
core   0: 0x00000000800058d6 (0x01f6181b) slliw   a6, a2, 31
core   0: 1 0x00000000800058d6 (0x01f6181b) x16 0x0000000000000000
core   0: 0x00000000800058da (0x03386233) rem     tp, a6, s3
core   0: 1 0x00000000800058da (0x03386233) x4  0x0000000000000000
core   0: 0x00000000800058de (0x03751bb3) mulh    s7, a0, s7
core   0: 1 0x00000000800058de (0x03751bb3) x23 0x0000000000000000
core   0: 0x00000000800058e2 (0x002026f3) csrrs   a3, frm, zero
core   0: 1 0x00000000800058e2 (0x002026f3) x13 0x0000000000000000
core   0: 0x00000000800058e6 (0xc206fdd3) fcvt.w.d s11, fa3
core   0: 1 0x00000000800058e6 (0xc206fdd3) c1_fflags 0x0000000000000012 x27 0x000000007fffffff
core   0: 0x00000000800058ea (0x00099c13) slli    s8, s3, 0
core   0: 1 0x00000000800058ea (0x00099c13) x24 0xfffffffffffffa60
core   0: 0x00000000800058ee (0xd0297353) fcvt.s.l ft6, s2
core   0: 1 0x00000000800058ee (0xd0297353) f6  0xffffffffbf800000
core   0: 0x00000000800058f2 (0x142bd473) csrrwi  s0, scause, 23
core   0: 1 0x00000000800058f2 (0x142bd473) x8  0x0000000000000011 c322_scause 0x0000000000000017
core   0: 0x00000000800058f6 (0x2b538e53) fmin.d  ft8, ft7, fs5
core   0: 1 0x00000000800058f6 (0x2b538e53) f28 0x0000000000000000
core   0: 0x00000000800058fa (0x41540e3b) subw    t3, s0, s5
core   0: 1 0x00000000800058fa (0x41540e3b) x28 0x0000000000000011
core   0: 0x00000000800058fe (0x401cd81b) sraiw   a6, s9, 1
core   0: 1 0x00000000800058fe (0x401cd81b) x16 0xffffffffe962d465
core   0: 0x0000000080005902 (0xe20005d3) fmv.x.d a1, ft0
core   0: 1 0x0000000080005902 (0xe20005d3) x11 0x000000000000104c
core   0: 0x0000000080005906 (0xd0277753) fcvt.s.l fa4, a4
core   0: 1 0x0000000080005906 (0xd0277753) f14 0xffffffff00000000
core   0: 0x000000008000590a (0xc025f553) fcvt.l.s a0, fa1
core   0: 1 0x000000008000590a (0xc025f553) c1_fflags 0x0000000000000012 x10 0x7fffffffffffffff
core   0: 0x000000008000590e (0x409584b3) sub     s1, a1, s1
core   0: 1 0x000000008000590e (0x409584b3) x9  0xffffffffffffffcf
core   0: 0x0000000080005912 (0x400d5d93) srai    s11, s10, 0
core   0: 1 0x0000000080005912 (0x400d5d93) x27 0x000000000a2c3707
core   0: 0x0000000080005916 (0x01da509b) srliw   ra, s4, 29
core   0: 1 0x0000000080005916 (0x01da509b) x1  0x0000000000000000
core   0: 0x000000008000591a (0x0744a537) lui     a0, 0x744a
core   0: 1 0x000000008000591a (0x0744a537) x10 0x000000000744a000
core   0: 0x000000008000591e (0xc575051b) addiw   a0, a0, -937
core   0: 1 0x000000008000591e (0xc575051b) x10 0x0000000007449c57
core   0: 0x0000000080005922 (0x00000532) c.slli  a0, 12
core   0: 1 0x0000000080005922 (0x0532) x10 0x0000007449c57000
core   0: 0x0000000080005924 (0x7f250513) addi    a0, a0, 2034
core   0: 1 0x0000000080005924 (0x7f250513) x10 0x0000007449c577f2
core   0: 0x0000000080005928 (0x02f9f7bb) remuw   a5, s3, a5
core   0: 1 0x0000000080005928 (0x02f9f7bb) x15 0x000000007fffa224
core   0: 0x000000008000592c (0xe20504d3) fmv.x.d s1, fa0
core   0: 1 0x000000008000592c (0xe20504d3) x9  0x7ff8000000000000
core   0: 0x0000000080005930 (0x1aee76d3) fdiv.d  fa3, ft8, fa4
core   0: 1 0x0000000080005930 (0x1aee76d3) f13 0x7ff8000000000000
core   0: 0x0000000080005934 (0xd02cf0d3) fcvt.s.l ft1, s9
core   0: 1 0x0000000080005934 (0xd02cf0d3) c1_fflags 0x0000000000000013 f1  0xffffffffce34e95d
core   0: 0x0000000080005938 (0xd2de7e4f) fnmadd.d ft8, ft8, fa3, fs10
core   0: 1 0x0000000080005938 (0xd2de7e4f) f28 0x7ff8000000000000
core   0: 0x000000008000593c (0x019a88bb) addw    a7, s5, s9
core   0: 1 0x000000008000593c (0x019a88bb) x17 0xffffffffd2c5a8cb
core   0: 0x0000000080005940 (0x6d58e513) ori     a0, a7, 1749
core   0: 1 0x0000000080005940 (0x6d58e513) x10 0xffffffffd2c5aedf
core   0: 0x0000000080005944 (0x40187ed3) fcvt.s.d ft9, fa6
core   0: 1 0x0000000080005944 (0x40187ed3) f29 0xffffffff7fc00000
core   0: 0x0000000080005948 (0x0ff0000f) fence   iorw,iorw
core   0: 1 0x0000000080005948 (0x0ff0000f)
core   0: 0x000000008000594c (0x00f7a637) lui     a2, 0xf7a
core   0: 1 0x000000008000594c (0x00f7a637) x12 0x0000000000f7a000
core   0: 0x0000000080005950 (0x4b16061b) addiw   a2, a2, 1201
core   0: 1 0x0000000080005950 (0x4b16061b) x12 0x0000000000f7a4b1
core   0: 0x0000000080005954 (0x0000063e) c.slli  a2, 15
core   0: 1 0x0000000080005954 (0x063e) x12 0x0000007bd2588000
core   0: 0x0000000080005956 (0x7f860613) addi    a2, a2, 2040
core   0: 1 0x0000000080005956 (0x7f860613) x12 0x0000007bd25887f8
core   0: 0x000000008000595a (0x800c8913) addi    s2, s9, -2048
core   0: 1 0x000000008000595a (0x800c8913) x18 0xffffffffd2c5a0cb
core   0: 0x000000008000595e (0x1408f413) andi    s0, a7, 320
core   0: 1 0x000000008000595e (0x1408f413) x8  0x0000000000000040
core   0: 0x0000000080005962 (0xc20c7c53) fcvt.w.d s8, fs8
core   0: 1 0x0000000080005962 (0xc20c7c53) c1_fflags 0x0000000000000013 x24 0x000000007fffffff
core   0: 0x0000000080005966 (0x410a8ab3) sub     s5, s5, a6
core   0: 1 0x0000000080005966 (0x410a8ab3) x21 0x00000000169d2b9b
core   0: 0x000000008000596a (0x018a999b) slliw   s3, s5, 24
core   0: 1 0x000000008000596a (0x018a999b) x19 0xffffffff9b000000
core   0: 0x000000008000596e (0x00d9d3b7) lui     t2, 0xd9d
core   0: 1 0x000000008000596e (0x00d9d3b7) x7  0x0000000000d9d000
core   0: 0x0000000080005972 (0x7033839b) addiw   t2, t2, 1795
core   0: 1 0x0000000080005972 (0x7033839b) x7  0x0000000000d9d703
core   0: 0x0000000080005976 (0x000003ba) c.slli  t2, 14
core   0: 1 0x0000000080005976 (0x03ba) x7  0x0000003675c0c000
core   0: 0x0000000080005978 (0xfd838393) addi    t2, t2, -40
core   0: 1 0x0000000080005978 (0xfd838393) x7  0x0000003675c0bfd8
core   0: 0x000000008000597c (0x027ca4b3) mulhsu  s1, s9, t2
core   0: 1 0x000000008000597c (0x027ca4b3) x9  0xfffffffffffffff6
core   0: 0x0000000080005980 (0x2b1d0fd3) fmin.d  ft11, fs10, fa7
core   0: 1 0x0000000080005980 (0x2b1d0fd3) f31 0x0000000000000000
core   0: 0x0000000080005984 (0x40055513) srai    a0, a0, 0
core   0: 1 0x0000000080005984 (0x40055513) x10 0xffffffffd2c5aedf
core   0: 0x0000000080005988 (0x409adab3) sra     s5, s5, s1
core   0: 1 0x0000000080005988 (0x409adab3) x21 0x0000000000000000
core   0: 0x000000008000598c (0x00000001) c.nop
core   0: 1 0x000000008000598c (0x0001)
core   0: 0x000000008000598e (0x0354e03b) remw    zero, s1, s5
core   0: 1 0x000000008000598e (0x0354e03b)
core   0: 0x0000000080005992 (0xd21482d3) fcvt.d.wu ft5, s1
core   0: 1 0x0000000080005992 (0xd21482d3) f5  0x41effffffec00000
core   0: 0x0000000080005996 (0xf345754b) fnmsub.d fa0, fa0, fs4, ft10
core   0: 1 0x0000000080005996 (0xf345754b) f10 0x7ff8000000000000
core   0: 0x000000008000599a (0xd0307353) fcvt.s.lu ft6, zero
core   0: 1 0x000000008000599a (0xd0307353) f6  0xffffffff00000000
core   0: 0x000000008000599e (0xd02afc53) fcvt.s.l fs8, s5
core   0: 1 0x000000008000599e (0xd02afc53) f24 0xffffffff00000000
core   0: 0x00000000800059a2 (0x00202d73) csrrs   s10, frm, zero
core   0: 1 0x00000000800059a2 (0x00202d73) x26 0x0000000000000000
core   0: 0x00000000800059a6 (0x400bd53b) sraw    a0, s7, zero
core   0: 1 0x00000000800059a6 (0x400bd53b) x10 0x0000000000000000
core   0: 0x00000000800059aa (0xfb937447) fmsub.d fs0, ft6, fs9, ft11
core   0: 1 0x00000000800059aa (0xfb937447) f8  0x7ff8000000000000
core   0: 0x00000000800059ae (0x022140bb) divw    ra, sp, sp
core   0: 1 0x00000000800059ae (0x022140bb) x1  0x0000000000000001
core   0: 0x00000000800059b2 (0x62a1f1c3) fmadd.d ft3, ft3, fa0, fa2
core   0: 1 0x00000000800059b2 (0x62a1f1c3) f3  0x7ff8000000000000
core   0: 0x00000000800059b6 (0x00905713) srli    a4, zero, 9
core   0: 1 0x00000000800059b6 (0x00905713) x14 0x0000000000000000
core   0: 0x00000000800059ba (0xf2048453) fmv.d.x fs0, s1
core   0: 1 0x00000000800059ba (0xf2048453) f8  0xfffffffffffffff6
core   0: 0x00000000800059be (0x401b5a9b) sraiw   s5, s6, 1
core   0: 1 0x00000000800059be (0x401b5a9b) x21 0x000000000000083e
core   0: 0x00000000800059c2 (0x03239533) mulh    a0, t2, s2
core   0: 1 0x00000000800059c2 (0x03239533) x10 0xfffffffffffffff6
core   0: 0x00000000800059c6 (0x5a0af5d3) fsqrt.d fa1, fs5
core   0: 1 0x00000000800059c6 (0x5a0af5d3) f11 0x0000000000000000
core   0: 0x00000000800059ca (0x40855bb3) sra     s7, a0, s0
core   0: 1 0x00000000800059ca (0x40855bb3) x23 0xfffffffffffffff6
core   0: 0x00000000800059ce (0x009364b3) or      s1, t1, s1
core   0: 1 0x00000000800059ce (0x009364b3) x9  0xfffffffffffffff6
core   0: 0x00000000800059d2 (0xf11338f3) csrrc   a7, mvendorid, t1
core   0: exception trap_illegal_instruction, epc 0x00000000800059d2
core   0:           tval 0x00000000f11338f3
core   0: >>>>  $xrv64i2p1_m2p0_a2p1_f2p2_d2p2_zicsr2p0_zifencei2p0_zmmul1p0_zba1p0_zbb1p0_zbc1p0_zbs1p0
core   0: 0x0000000080004000 (0x0080006f) j       pc + 0x8
core   0: 3 0x0000000080004000 (0x0080006f)
core   0: >>>>  mmode_exception_handler
core   0: 0x0000000080004008 (0x00002c17) auipc   s8, 0x2
core   0: 3 0x0000000080004008 (0x00002c17) x24 0x0000000080006008
core   0: 0x000000008000400c (0x01ac0c13) addi    s8, s8, 26
core   0: 3 0x000000008000400c (0x01ac0c13) x24 0x0000000080006022
core   0: 0x0000000080004010 (0x000c00e7) jalr    s8
core   0: 3 0x0000000080004010 (0x000c00e7) x1  0x0000000080004014
core   0: >>>>  any_handler
core   0: 0x0000000080006022 (0x341027f3) csrrs   a5, mepc, zero
core   0: 3 0x0000000080006022 (0x341027f3) x15 0x00000000800059d2
core   0: 0x0000000080006026 (0x34202773) csrrs   a4, mcause, zero
core   0: 3 0x0000000080006026 (0x34202773) x14 0x0000000000000002
core   0: 0x000000008000602a (0x142026f3) csrrs   a3, scause, zero
core   0: 3 0x000000008000602a (0x142026f3) x13 0x0000000000000017
core   0: 0x000000008000602e (0x30402673) csrrs   a2, mie, zero
core   0: 3 0x000000008000602e (0x30402673) x12 0x0000000000000a00
core   0: 0x0000000080006032 (0x344025f3) csrrs   a1, mip, zero
core   0: 3 0x0000000080006032 (0x344025f3) x11 0x0000000000000080
core   0: 0x0000000080006036 (0x343025f3) csrrs   a1, mtval, zero
core   0: 3 0x0000000080006036 (0x343025f3) x11 0x00000000f11338f3
core   0: 0x000000008000603a (0x14302573) csrrs   a0, stval, zero
core   0: 3 0x000000008000603a (0x14302573) x10 0x0000000000000000
core   0: 0x000000008000603e (0xb02024f3) csrrs   s1, minstret, zero
core   0: 3 0x000000008000603e (0xb02024f3) x9  0x00000000000010f6
core   0: 0x0000000080006042 (0x0000a811) c.j     pc + 20
core   0: 3 0x0000000080006042 (0xa811)
core   0: >>>>  mepc_4
core   0: 0x0000000080006056 (0x00000791) c.addi  a5, 4
core   0: 3 0x0000000080006056 (0x0791) x15 0x00000000800059d6
core   0: 0x0000000080006058 (0x34179073) csrrw   zero, mepc, a5
core   0: 3 0x0000000080006058 (0x34179073) c833_mepc 0x00000000800059d6
core   0: 0x000000008000605c (0x30200073) mret
core   0: 3 0x000000008000605c (0x30200073) c768_mstatus 0x8000000a00106182
core   0: 0x00000000800059d6 (0x01ecdb1b) srliw   s6, s9, 30
core   0: 1 0x00000000800059d6 (0x01ecdb1b) x22 0x0000000000000003
core   0: 0x00000000800059da (0x02addd93) srli    s11, s11, 42
core   0: 1 0x00000000800059da (0x02addd93) x27 0x0000000000000000
core   0: 0x00000000800059de (0xd032f9d3) fcvt.s.lu fs3, t0
core   0: 1 0x00000000800059de (0xd032f9d3) f19 0xffffffff00000000
core   0: 0x00000000800059e2 (0x0062de3b) srlw    t3, t0, t1
core   0: 1 0x00000000800059e2 (0x0062de3b) x28 0x0000000000000000
core   0: 0x00000000800059e6 (0x4007d79b) sraiw   a5, a5, 0
core   0: 1 0x00000000800059e6 (0x4007d79b) x15 0xffffffff800059d6
core   0: 0x00000000800059ea (0x026e25b3) mulhsu  a1, t3, t1
core   0: 1 0x00000000800059ea (0x026e25b3) x11 0x0000000000000000
core   0: 0x00000000800059ee (0x00bdc4b3) xor     s1, s11, a1
core   0: 1 0x00000000800059ee (0x00bdc4b3) x9  0x0000000000000000
core   0: 0x00000000800059f2 (0xd21e0b53) fcvt.d.wu fs6, t3
core   0: 1 0x00000000800059f2 (0xd21e0b53) f22 0x0000000000000000
core   0: 0x00000000800059f6 (0x009b6b33) or      s6, s6, s1
core   0: 1 0x00000000800059f6 (0x009b6b33) x22 0x0000000000000003
core   0: 0x00000000800059fa (0x001020f3) csrrs   ra, fflags, zero
core   0: 1 0x00000000800059fa (0x001020f3) x1  0x0000000000000013
core   0: 0x00000000800059fe (0x0100fa33) and     s4, ra, a6
core   0: 1 0x00000000800059fe (0x0100fa33) x20 0x0000000000000001
core   0: 0x0000000080005a02 (0xd220f2d3) fcvt.d.l ft5, ra
core   0: 1 0x0000000080005a02 (0xd220f2d3) f5  0x4033000000000000
core   0: 0x0000000080005a06 (0xd23a7b53) fcvt.d.lu fs6, s4
core   0: 1 0x0000000080005a06 (0xd23a7b53) f22 0x3ff0000000000000
core   0: 0x0000000080005a0a (0x03f1da93) srli    s5, gp, 63
core   0: 1 0x0000000080005a0a (0x03f1da93) x21 0x0000000000000000
core   0: 0x0000000080005a0e (0x22c1fa47) fmsub.d fs4, ft3, fa2, ft4
core   0: 1 0x0000000080005a0e (0x22c1fa47) f20 0x7ff8000000000000
core   0: 0x0000000080005a12 (0xc201fa53) fcvt.w.d s4, ft3
core   0: 1 0x0000000080005a12 (0xc201fa53) c1_fflags 0x0000000000000013 x20 0x000000007fffffff
core   0: 0x0000000080005a16 (0x0182cbb3) xor     s7, t0, s8
core   0: 1 0x0000000080005a16 (0x0182cbb3) x23 0x0000000080006022
core   0: 0x0000000080005a1a (0x0ad57153) fsub.d  ft2, fa0, fa3
core   0: 1 0x0000000080005a1a (0x0ad57153) f2  0x7ff8000000000000
core   0: 0x0000000080005a1e (0x7ffc8a9b) addiw   s5, s9, 2047
core   0: 1 0x0000000080005a1e (0x7ffc8a9b) x21 0xffffffffd2c5b0ca
core   0: 0x0000000080005a22 (0xf20385d3) fmv.d.x fa1, t2
core   0: 1 0x0000000080005a22 (0xf20385d3) f11 0x0000003675c0bfd8
core   0: 0x0000000080005a26 (0x43f9d013) srai    zero, s3, 63
core   0: 1 0x0000000080005a26 (0x43f9d013)
core   0: 0x0000000080005a2a (0xd22bf953) fcvt.d.l fs2, s7
core   0: 1 0x0000000080005a2a (0xd22bf953) f18 0x41e0000c04400000
core   0: 0x0000000080005a2e (0x037b7753) fadd.d  fa4, fs6, fs7
core   0: 1 0x0000000080005a2e (0x037b7753) f14 0x7ff8000000000000
core   0: 0x0000000080005a32 (0xd23074d3) fcvt.d.lu fs1, zero
core   0: 1 0x0000000080005a32 (0xd23074d3) f9  0x0000000000000000
core   0: 0x0000000080005a36 (0x420c0153) fcvt.d.s ft2, fs8
core   0: 1 0x0000000080005a36 (0x420c0153) f2  0x0000000000000000
core   0: 0x0000000080005a3a (0xe20f0853) fmv.x.d a6, ft10
core   0: 1 0x0000000080005a3a (0xe20f0853) x16 0x43f0000000000000
core   0: 0x0000000080005a3e (0x00e5191b) slliw   s2, a0, 14
core   0: 1 0x0000000080005a3e (0x00e5191b) x18 0x0000000000000000
core   0: 0x0000000080005a42 (0x41ad0a3b) subw    s4, s10, s10
core   0: 1 0x0000000080005a42 (0x41ad0a3b) x20 0x0000000000000000
core   0: 0x0000000080005a46 (0xd03afd53) fcvt.s.lu fs10, s5
core   0: 1 0x0000000080005a46 (0xd03afd53) c1_fflags 0x0000000000000013 f26 0xffffffff5f800000
core   0: 0x0000000080005a4a (0x03dade33) divu    t3, s5, t4
core   0: 1 0x0000000080005a4a (0x03dade33) x28 0x0000000000000000
core   0: 0x0000000080005a4e (0x009549b7) lui     s3, 0x954
core   0: 1 0x0000000080005a4e (0x009549b7) x19 0x0000000000954000
core   0: 0x0000000080005a52 (0x1539899b) addiw   s3, s3, 339
core   0: 1 0x0000000080005a52 (0x1539899b) x19 0x0000000000954153
core   0: 0x0000000080005a56 (0x000009b6) c.slli  s3, 13
core   0: 1 0x0000000080005a56 (0x09b6) x19 0x00000012a82a6000
core   0: 0x0000000080005a58 (0xabb98993) addi    s3, s3, -1349
core   0: 1 0x0000000080005a58 (0xabb98993) x19 0x00000012a82a5abb
core   0: 0x0000000080005a5c (0x0118143b) sllw    s0, a6, a7
core   0: 1 0x0000000080005a5c (0x0118143b) x8  0x0000000000000000
core   0: 0x0000000080005a60 (0x031d5033) divu    zero, s10, a7
core   0: 1 0x0000000080005a60 (0x031d5033)
core   0: 0x0000000080005a64 (0x032b3833) mulhu   a6, s6, s2
core   0: 1 0x0000000080005a64 (0x032b3833) x16 0x0000000000000000
core   0: 0x0000000080005a68 (0x00769d1b) slliw   s10, a3, 7
core   0: 1 0x0000000080005a68 (0x00769d1b) x26 0x0000000000000b80
core   0: 0x0000000080005a6c (0x4016f953) fcvt.s.d fs2, fa3
core   0: 1 0x0000000080005a6c (0x4016f953) f18 0xffffffff7fc00000
core   0: 0x0000000080005a70 (0xa29a7a4b) fnmsub.d fs4, fs4, fs1, fs4
core   0: 1 0x0000000080005a70 (0xa29a7a4b) f20 0x7ff8000000000000
core   0: 0x0000000080005a74 (0x00129e13) slli    t3, t0, 1
core   0: 1 0x0000000080005a74 (0x00129e13) x28 0x0000000000000000
core   0: 0x0000000080005a78 (0x232e0653) fsgnj.d fa2, ft8, fs2
core   0: 1 0x0000000080005a78 (0x232e0653) f12 0xfff8000000000000
core   0: 0x0000000080005a7c (0x4143d0b3) sra     ra, t2, s4
core   0: 1 0x0000000080005a7c (0x4143d0b3) x1  0x0000003675c0bfd8
core   0: 0x0000000080005a80 (0x0010de3b) srlw    t3, ra, ra
core   0: 1 0x0000000080005a80 (0x0010de3b) x28 0x0000000000000075
core   0: 0x0000000080005a84 (0x01ce59bb) srlw    s3, t3, t3
core   0: 1 0x0000000080005a84 (0x01ce59bb) x19 0x0000000000000000
core   0: 0x0000000080005a88 (0x02ba70b3) remu    ra, s4, a1
core   0: 1 0x0000000080005a88 (0x02ba70b3) x1  0x0000000000000000
core   0: 0x0000000080005a8c (0x03250933) mul     s2, a0, s2
core   0: 1 0x0000000080005a8c (0x03250933) x18 0x0000000000000000
core   0: 0x0000000080005a90 (0xd2367353) fcvt.d.lu ft6, a2
core   0: 1 0x0000000080005a90 (0xd2367353) f6  0x40a4000000000000
core   0: 0x0000000080005a94 (0x4019fd53) fcvt.s.d fs10, fs3
core   0: 1 0x0000000080005a94 (0x4019fd53) f26 0xffffffff7fc00000
core   0: 0x0000000080005a98 (0x0177e0b3) or      ra, a5, s7
core   0: 1 0x0000000080005a98 (0x0177e0b3) x1  0xffffffff800079f6
core   0: 0x0000000080005a9c (0xc5e0ee13) ori     t3, ra, -930
core   0: 1 0x0000000080005a9c (0xc5e0ee13) x28 0xfffffffffffffdfe
core   0: 0x0000000080005aa0 (0xf1307173) csrrci  sp, mimpid, 0
core   0: exception trap_illegal_instruction, epc 0x0000000080005aa0
core   0:           tval 0x00000000f1307173
core   0: >>>>  $xrv64i2p1_m2p0_a2p1_f2p2_d2p2_zicsr2p0_zifencei2p0_zmmul1p0_zba1p0_zbb1p0_zbc1p0_zbs1p0
core   0: 0x0000000080004000 (0x0080006f) j       pc + 0x8
core   0: 3 0x0000000080004000 (0x0080006f)
core   0: >>>>  mmode_exception_handler
core   0: 0x0000000080004008 (0x00002c17) auipc   s8, 0x2
core   0: 3 0x0000000080004008 (0x00002c17) x24 0x0000000080006008
core   0: 0x000000008000400c (0x01ac0c13) addi    s8, s8, 26
core   0: 3 0x000000008000400c (0x01ac0c13) x24 0x0000000080006022
core   0: 0x0000000080004010 (0x000c00e7) jalr    s8
core   0: 3 0x0000000080004010 (0x000c00e7) x1  0x0000000080004014
core   0: >>>>  any_handler
core   0: 0x0000000080006022 (0x341027f3) csrrs   a5, mepc, zero
core   0: 3 0x0000000080006022 (0x341027f3) x15 0x0000000080005aa0
core   0: 0x0000000080006026 (0x34202773) csrrs   a4, mcause, zero
core   0: 3 0x0000000080006026 (0x34202773) x14 0x0000000000000002
core   0: 0x000000008000602a (0x142026f3) csrrs   a3, scause, zero
core   0: 3 0x000000008000602a (0x142026f3) x13 0x0000000000000017
core   0: 0x000000008000602e (0x30402673) csrrs   a2, mie, zero
core   0: 3 0x000000008000602e (0x30402673) x12 0x0000000000000a00
core   0: 0x0000000080006032 (0x344025f3) csrrs   a1, mip, zero
core   0: 3 0x0000000080006032 (0x344025f3) x11 0x0000000000000080
core   0: 0x0000000080006036 (0x343025f3) csrrs   a1, mtval, zero
core   0: 3 0x0000000080006036 (0x343025f3) x11 0x00000000f1307173
core   0: 0x000000008000603a (0x14302573) csrrs   a0, stval, zero
core   0: 3 0x000000008000603a (0x14302573) x10 0x0000000000000000
core   0: 0x000000008000603e (0xb02024f3) csrrs   s1, minstret, zero
core   0: 3 0x000000008000603e (0xb02024f3) x9  0x0000000000001139
core   0: 0x0000000080006042 (0x0000a811) c.j     pc + 20
core   0: 3 0x0000000080006042 (0xa811)
core   0: >>>>  mepc_4
core   0: 0x0000000080006056 (0x00000791) c.addi  a5, 4
core   0: 3 0x0000000080006056 (0x0791) x15 0x0000000080005aa4
core   0: 0x0000000080006058 (0x34179073) csrrw   zero, mepc, a5
core   0: 3 0x0000000080006058 (0x34179073) c833_mepc 0x0000000080005aa4
core   0: 0x000000008000605c (0x30200073) mret
core   0: 3 0x000000008000605c (0x30200073) c768_mstatus 0x8000000a00106182
core   0: 0x0000000080005aa4 (0xd2110c53) fcvt.d.wu fs8, sp
core   0: 1 0x0000000080005aa4 (0xd2110c53) f24 0x41a4586e0c000000
core   0: 0x0000000080005aa8 (0x03cc2c33) mulhsu  s8, s8, t3
core   0: 1 0x0000000080005aa8 (0x03cc2c33) x24 0x0000000080006021
core   0: 0x0000000080005aac (0xc5d29637) lui     a2, 0xc5d29
core   0: 1 0x0000000080005aac (0xc5d29637) x12 0xffffffffc5d29000
core   0: 0x0000000080005ab0 (0x03db5a13) srli    s4, s6, 61
core   0: 1 0x0000000080005ab0 (0x03db5a13) x20 0x0000000000000000
core   0: 0x0000000080005ab4 (0xc22d79d3) fcvt.l.d s3, fs10
core   0: 1 0x0000000080005ab4 (0xc22d79d3) c1_fflags 0x0000000000000013 x19 0x7fffffffffffffff
core   0: 0x0000000080005ab8 (0x40148b33) sub     s6, s1, ra
core   0: 1 0x0000000080005ab8 (0x40148b33) x22 0xffffffff7fffd125
core   0: 0x0000000080005abc (0x00000001) c.nop
core   0: 1 0x0000000080005abc (0x0001)
core   0: 0x0000000080005abe (0x011e98b3) sll     a7, t4, a7
core   0: 1 0x0000000080005abe (0x011e98b3) x17 0xfffffffffffff800
core   0: 0x0000000080005ac2 (0x000094f2) c.add   s1, t3
core   0: 1 0x0000000080005ac2 (0x94f2) x9  0x0000000000000f37
core   0: 0x0000000080005ac4 (0x409e583b) sraw    a6, t3, s1
core   0: 1 0x0000000080005ac4 (0x409e583b) x16 0xffffffffffffffff
core   0: 0x0000000080005ac8 (0x487e4513) xori    a0, t3, 1159
core   0: 1 0x0000000080005ac8 (0x487e4513) x10 0xfffffffffffff979
core   0: 0x0000000080005acc (0x0387bc33) mulhu   s8, a5, s8
core   0: 1 0x0000000080005acc (0x0387bc33) x24 0x0000000000000000
core   0: 0x0000000080005ad0 (0x1b867353) fdiv.d  ft6, fa2, fs8
core   0: 1 0x0000000080005ad0 (0x1b867353) f6  0x7ff8000000000000
core   0: 0x0000000080005ad4 (0xc22779d3) fcvt.l.d s3, fa4
core   0: 1 0x0000000080005ad4 (0xc22779d3) c1_fflags 0x0000000000000013 x19 0x7fffffffffffffff
core   0: 0x0000000080005ad8 (0x03817ab3) remu    s5, sp, s8
core   0: 1 0x0000000080005ad8 (0x03817ab3) x21 0x000000000a2c3706
core   0: 0x0000000080005adc (0x018a943b) sllw    s0, s5, s8
core   0: 1 0x0000000080005adc (0x018a943b) x8  0x000000000a2c3706
core   0: 0x0000000080005ae0 (0x40f808b3) sub     a7, a6, a5
core   0: 1 0x0000000080005ae0 (0x40f808b3) x17 0xffffffff7fffa55b
core   0: 0x0000000080005ae4 (0x001027f3) csrrs   a5, fflags, zero
core   0: 1 0x0000000080005ae4 (0x001027f3) x15 0x0000000000000013
core   0: 0x0000000080005ae8 (0xd02ef853) fcvt.s.l fa6, t4
core   0: 1 0x0000000080005ae8 (0xd02ef853) f16 0xffffffffbf800000
core   0: 0x0000000080005aec (0x024bccb3) div     s9, s7, tp
core   0: 1 0x0000000080005aec (0x024bccb3) x25 0xffffffffffffffff
core   0: 0x0000000080005af0 (0x029e7e53) fadd.d  ft8, ft8, fs1
core   0: 1 0x0000000080005af0 (0x029e7e53) f28 0x7ff8000000000000
core   0: 0x0000000080005af4 (0x039dcab3) div     s5, s11, s9
core   0: 1 0x0000000080005af4 (0x039dcab3) x21 0x0000000000000000
core   0: 0x0000000080005af8 (0xf2068a53) fmv.d.x fs4, a3
core   0: 1 0x0000000080005af8 (0xf2068a53) f20 0x0000000000000017
core   0: 0x0000000080005afc (0x00000001) c.nop
core   0: 1 0x0000000080005afc (0x0001)
core   0: 0x0000000080005afe (0xd21d0ed3) fcvt.d.wu ft9, s10
core   0: 1 0x0000000080005afe (0xd21d0ed3) f29 0x40a7000000000000
core   0: 0x0000000080005b02 (0x4008549b) sraiw   s1, a6, 0
core   0: 1 0x0000000080005b02 (0x4008549b) x9  0xffffffffffffffff
core   0: 0x0000000080005b06 (0x0302704f) fnmadd.d ft0, ft4, fa6, ft0
core   0: 1 0x0000000080005b06 (0x0302704f) f0  0x7ff8000000000000
core   0: 0x0000000080005b0a (0x00e22db3) slt     s11, tp, a4
core   0: 1 0x0000000080005b0a (0x00e22db3) x27 0x0000000000000001
core   0: 0x0000000080005b0e (0xc2367d53) fcvt.lu.d s10, fa2
core   0: 1 0x0000000080005b0e (0xc2367d53) c1_fflags 0x0000000000000013 x26 0xffffffffffffffff
core   0: 0x0000000080005b12 (0x401ef753) fcvt.s.d fa4, ft9
core   0: 1 0x0000000080005b12 (0x401ef753) f14 0xffffffff45380000
core   0: 0x0000000080005b16 (0xc03cf3d3) fcvt.lu.s t2, fs9
core   0: 1 0x0000000080005b16 (0xc03cf3d3) c1_fflags 0x0000000000000013 x7  0xffffffffffffffff
core   0: 0x0000000080005b1a (0x00111d93) slli    s11, sp, 1
core   0: 1 0x0000000080005b1a (0x00111d93) x27 0x0000000014586e0c
core   0: 0x0000000080005b1e (0x03494bb3) div     s7, s2, s4
core   0: 1 0x0000000080005b1e (0x03494bb3) x23 0xffffffffffffffff
core   0: 0x0000000080005b22 (0x003eceb3) xor     t4, t4, gp
core   0: 1 0x0000000080005b22 (0x003eceb3) x29 0xffffff0000000000
core   0: 0x0000000080005b26 (0x8002021b) addiw   tp, tp, -2048
core   0: 1 0x0000000080005b26 (0x8002021b) x4  0xfffffffffffff800
core   0: 0x0000000080005b2a (0x4001d81b) sraiw   a6, gp, 0
core   0: 1 0x0000000080005b2a (0x4001d81b) x16 0xffffffffffffffff
core   0: 0x0000000080005b2e (0x019cfcb3) and     s9, s9, s9
core   0: 1 0x0000000080005b2e (0x019cfcb3) x25 0xffffffffffffffff
core   0: 0x0000000080005b32 (0x02b5883b) mulw    a6, a1, a1
core   0: 1 0x0000000080005b32 (0x02b5883b) x16 0x000000004366b9a9
core   0: 0x0000000080005b36 (0x00829433) sll     s0, t0, s0
core   0: 1 0x0000000080005b36 (0x00829433) x8  0x0000000000000000
core   0: 0x0000000080005b3a (0x0084d0b3) srl     ra, s1, s0
core   0: 1 0x0000000080005b3a (0x0084d0b3) x1  0xffffffffffffffff
core   0: 0x0000000080005b3e (0x014155b3) srl     a1, sp, s4
core   0: 1 0x0000000080005b3e (0x014155b3) x11 0x000000000a2c3706
core   0: 0x0000000080005b42 (0x408c0cbb) subw    s9, s8, s0
core   0: 1 0x0000000080005b42 (0x408c0cbb) x25 0x0000000000000000
core   0: 0x0000000080005b46 (0x0190853b) addw    a0, ra, s9
core   0: 1 0x0000000080005b46 (0x0190853b) x10 0xffffffffffffffff
core   0: 0x0000000080005b4a (0x0aedc693) xori    a3, s11, 174
core   0: 1 0x0000000080005b4a (0x0aedc693) x13 0x0000000014586ea2
core   0: 0x0000000080005b4e (0x00db53bb) srlw    t2, s6, a3
core   0: 1 0x0000000080005b4e (0x00db53bb) x7  0x000000001ffff449
core   0: 0x0000000080005b52 (0x230189d3) fsgnj.d fs3, ft3, fa6
core   0: 1 0x0000000080005b52 (0x230189d3) f19 0xfff8000000000000
core   0: 0x0000000080005b56 (0xc0287653) fcvt.l.s a2, fa6
core   0: 1 0x0000000080005b56 (0xc0287653) x12 0xffffffffffffffff
core   0: 0x0000000080005b5a (0x286f89b7) lui     s3, 0x286f8
core   0: 1 0x0000000080005b5a (0x286f89b7) x19 0x00000000286f8000
core   0: 0x0000000080005b5e (0x0000999a) c.add   s3, t1
core   0: 1 0x0000000080005b5e (0x999a) x19 0x00110000286f8000
core   0: 0x0000000080005b60 (0xa23802d3) fle.d   t0, fa6, ft3
core   0: 1 0x0000000080005b60 (0xa23802d3) c1_fflags 0x0000000000000013 x5  0x0000000000000000
core   0: 0x0000000080005b64 (0x420e07d3) fcvt.d.s fa5, ft8
core   0: 1 0x0000000080005b64 (0x420e07d3) f15 0x7ff8000000000000
core   0: 0x0000000080005b68 (0x22c809d3) fsgnj.d fs3, fa6, fa2
core   0: 1 0x0000000080005b68 (0x22c809d3) f19 0xffffffffbf800000
core   0: 0x0000000080005b6c (0x127cf3d3) fmul.d  ft7, fs9, ft7
core   0: 1 0x0000000080005b6c (0x127cf3d3) f7  0x7ff8000000000000
core   0: 0x0000000080005b70 (0xc203f253) fcvt.w.d tp, ft7
core   0: 1 0x0000000080005b70 (0xc203f253) c1_fflags 0x0000000000000013 x4  0x000000007fffffff
core   0: 0x0000000080005b74 (0x0310d8b3) divu    a7, ra, a7
core   0: 1 0x0000000080005b74 (0x0310d8b3) x17 0x0000000000000001
core   0: 0x0000000080005b78 (0x417b5bbb) sraw    s7, s6, s7
core   0: 1 0x0000000080005b78 (0x417b5bbb) x23 0x0000000000000000
core   0: 0x0000000080005b7c (0x23d00053) fsgnj.d ft0, ft0, ft9
core   0: 1 0x0000000080005b7c (0x23d00053) f0  0x7ff8000000000000
core   0: 0x0000000080005b80 (0x10ad3073) csrrc   zero, senvcfg, s10
core   0: 1 0x0000000080005b80 (0x10ad3073) c266_senvcfg 0x0000000000000000
core   0: 0x0000000080005b84 (0x0104ccb3) xor     s9, s1, a6
core   0: 1 0x0000000080005b84 (0x0104ccb3) x25 0xffffffffbc994656
core   0: 0x0000000080005b88 (0x0151d1bb) srlw    gp, gp, s5
core   0: 1 0x0000000080005b88 (0x0151d1bb) x3  0xffffffffffffffff
core   0: 0x0000000080005b8c (0x420f0f53) fcvt.d.s ft10, ft10
core   0: 1 0x0000000080005b8c (0x420f0f53) f30 0x7ff8000000000000
core   0: 0x0000000080005b90 (0x00000001) c.nop
core   0: 1 0x0000000080005b90 (0x0001)
core   0: 0x0000000080005b92 (0x00c95ebb) srlw    t4, s2, a2
core   0: 1 0x0000000080005b92 (0x00c95ebb) x29 0x0000000000000000
core   0: 0x0000000080005b96 (0x012407bb) addw    a5, s0, s2
core   0: 1 0x0000000080005b96 (0x012407bb) x15 0x0000000000000000
core   0: 0x0000000080005b9a (0x000d151b) slliw   a0, s10, 0
core   0: 1 0x0000000080005b9a (0x000d151b) x10 0xffffffffffffffff
core   0: 0x0000000080005b9e (0x41abd313) srai    t1, s7, 26
core   0: 1 0x0000000080005b9e (0x41abd313) x6  0x0000000000000000
core   0: 0x0000000080005ba2 (0x02c9763b) remuw   a2, s2, a2
core   0: 1 0x0000000080005ba2 (0x02c9763b) x12 0x0000000000000000
core   0: 0x0000000080005ba6 (0xf2068ed3) fmv.d.x ft9, a3
core   0: 1 0x0000000080005ba6 (0xf2068ed3) f29 0x0000000014586ea2
core   0: 0x0000000080005baa (0x02683cb3) mulhu   s9, a6, t1
core   0: 1 0x0000000080005baa (0x02683cb3) x25 0x0000000000000000
core   0: 0x0000000080005bae (0x00e71733) sll     a4, a4, a4
core   0: 1 0x0000000080005bae (0x00e71733) x14 0x0000000000000008
core   0: 0x0000000080005bb2 (0xe20b8ad3) fmv.x.d s5, fs7
core   0: 1 0x0000000080005bb2 (0xe20b8ad3) x21 0xffffffff00000000
core   0: 0x0000000080005bb6 (0xc03372d3) fcvt.lu.s t0, ft6
core   0: 1 0x0000000080005bb6 (0xc03372d3) c1_fflags 0x0000000000000013 x5  0xffffffffffffffff
core   0: 0x0000000080005bba (0x420c8853) fcvt.d.s fa6, fs9
core   0: 1 0x0000000080005bba (0x420c8853) f16 0x7ff8000000000000
core   0: 0x0000000080005bbe (0x9a426813) ori     a6, tp, -1628
core   0: 1 0x0000000080005bbe (0x9a426813) x16 0xffffffffffffffff
core   0: 0x0000000080005bc2 (0xf20804d3) fmv.d.x fs1, a6
core   0: 1 0x0000000080005bc2 (0xf20804d3) f9  0xffffffffffffffff
core   0: 0x0000000080005bc6 (0x222e2e53) fsgnjx.d ft8, ft8, ft2
core   0: 1 0x0000000080005bc6 (0x222e2e53) f28 0x7ff8000000000000
core   0: 0x0000000080005bca (0xcbce1917) auipc   s2, 0xcbce1
core   0: 1 0x0000000080005bca (0xcbce1917) x18 0x000000004bce6bca
core   0: 0x0000000080005bce (0x01f5531b) srliw   t1, a0, 31
core   0: 1 0x0000000080005bce (0x01f5531b) x6  0x0000000000000001
core   0: 0x0000000080005bd2 (0x40685933) sra     s2, a6, t1
core   0: 1 0x0000000080005bd2 (0x40685933) x18 0xffffffffffffffff
core   0: 0x0000000080005bd6 (0x40ae55b3) sra     a1, t3, a0
core   0: 1 0x0000000080005bd6 (0x40ae55b3) x11 0xffffffffffffffff
core   0: 0x0000000080005bda (0x4005da9b) sraiw   s5, a1, 0
core   0: 1 0x0000000080005bda (0x4005da9b) x21 0xffffffffffffffff
core   0: 0x0000000080005bde (0x2b291ed3) fmax.d  ft9, fs2, fs2
core   0: 1 0x0000000080005bde (0x2b291ed3) f29 0x7ff8000000000000
core   0: 0x0000000080005be2 (0x420e8cd3) fcvt.d.s fs9, ft9
core   0: 1 0x0000000080005be2 (0x420e8cd3) f25 0x7ff8000000000000
core   0: 0x0000000080005be6 (0x019c49b3) xor     s3, s8, s9
core   0: 1 0x0000000080005be6 (0x019c49b3) x19 0x0000000000000000
core   0: 0x0000000080005bea (0xc22c7e53) fcvt.l.d t3, fs8
core   0: 1 0x0000000080005bea (0xc22c7e53) x28 0x000000000a2c3706
core   0: 0x0000000080005bee (0x0588eeb7) lui     t4, 0x588e
core   0: 1 0x0000000080005bee (0x0588eeb7) x29 0x000000000588e000
core   0: 0x0000000080005bf2 (0xa57e8e9b) addiw   t4, t4, -1449
core   0: 1 0x0000000080005bf2 (0xa57e8e9b) x29 0x000000000588da57
core   0: 0x0000000080005bf6 (0x00000eb2) c.slli  t4, 12
core   0: 1 0x0000000080005bf6 (0x0eb2) x29 0x000000588da57000
core   0: 0x0000000080005bf8 (0x953e8e93) addi    t4, t4, -1709
core   0: 1 0x0000000080005bf8 (0x953e8e93) x29 0x000000588da56953
core   0: 0x0000000080005bfc (0x00000001) c.nop
core   0: 1 0x0000000080005bfc (0x0001)
core   0: 0x0000000080005bfe (0x40108ebb) subw    t4, ra, ra
core   0: 1 0x0000000080005bfe (0x40108ebb) x29 0x0000000000000000
core   0: 0x0000000080005c02 (0x41be533b) sraw    t1, t3, s11
core   0: 1 0x0000000080005c02 (0x41be533b) x6  0x000000000000a2c3
core   0: 0x0000000080005c06 (0xe2000cd3) fmv.x.d s9, ft0
core   0: 1 0x0000000080005c06 (0xe2000cd3) x25 0x7ff8000000000000
core   0: 0x0000000080005c0a (0x621cf64f) fnmadd.d fa2, fs9, ft1, fa2
core   0: 1 0x0000000080005c0a (0x621cf64f) f12 0x7ff8000000000000
core   0: 0x0000000080005c0e (0xf1365d73) csrrwi  s10, mimpid, 12
core   0: exception trap_illegal_instruction, epc 0x0000000080005c0e
core   0:           tval 0x00000000f1365d73
core   0: >>>>  $xrv64i2p1_m2p0_a2p1_f2p2_d2p2_zicsr2p0_zifencei2p0_zmmul1p0_zba1p0_zbb1p0_zbc1p0_zbs1p0
core   0: 0x0000000080004000 (0x0080006f) j       pc + 0x8
core   0: 3 0x0000000080004000 (0x0080006f)
core   0: >>>>  mmode_exception_handler
core   0: 0x0000000080004008 (0x00002c17) auipc   s8, 0x2
core   0: 3 0x0000000080004008 (0x00002c17) x24 0x0000000080006008
core   0: 0x000000008000400c (0x01ac0c13) addi    s8, s8, 26
core   0: 3 0x000000008000400c (0x01ac0c13) x24 0x0000000080006022
core   0: 0x0000000080004010 (0x000c00e7) jalr    s8
core   0: 3 0x0000000080004010 (0x000c00e7) x1  0x0000000080004014
core   0: >>>>  any_handler
core   0: 0x0000000080006022 (0x341027f3) csrrs   a5, mepc, zero
core   0: 3 0x0000000080006022 (0x341027f3) x15 0x0000000080005c0e
core   0: 0x0000000080006026 (0x34202773) csrrs   a4, mcause, zero
core   0: 3 0x0000000080006026 (0x34202773) x14 0x0000000000000002
core   0: 0x000000008000602a (0x142026f3) csrrs   a3, scause, zero
core   0: 3 0x000000008000602a (0x142026f3) x13 0x0000000000000017
core   0: 0x000000008000602e (0x30402673) csrrs   a2, mie, zero
core   0: 3 0x000000008000602e (0x30402673) x12 0x0000000000000a00
core   0: 0x0000000080006032 (0x344025f3) csrrs   a1, mip, zero
core   0: 3 0x0000000080006032 (0x344025f3) x11 0x0000000000000080
core   0: 0x0000000080006036 (0x343025f3) csrrs   a1, mtval, zero
core   0: 3 0x0000000080006036 (0x343025f3) x11 0x00000000f1365d73
core   0: 0x000000008000603a (0x14302573) csrrs   a0, stval, zero
core   0: 3 0x000000008000603a (0x14302573) x10 0x0000000000000000
core   0: 0x000000008000603e (0xb02024f3) csrrs   s1, minstret, zero
core   0: 3 0x000000008000603e (0xb02024f3) x9  0x00000000000011a7
core   0: 0x0000000080006042 (0x0000a811) c.j     pc + 20
core   0: 3 0x0000000080006042 (0xa811)
core   0: >>>>  mepc_4
core   0: 0x0000000080006056 (0x00000791) c.addi  a5, 4
core   0: 3 0x0000000080006056 (0x0791) x15 0x0000000080005c12
core   0: 0x0000000080006058 (0x34179073) csrrw   zero, mepc, a5
core   0: 3 0x0000000080006058 (0x34179073) c833_mepc 0x0000000080005c12
core   0: 0x000000008000605c (0x30200073) mret
core   0: 3 0x000000008000605c (0x30200073) c768_mstatus 0x8000000a00106182
core   0: 0x0000000080005c12 (0xd02d74d3) fcvt.s.l fs1, s10
core   0: 1 0x0000000080005c12 (0xd02d74d3) f9  0xffffffffbf800000
core   0: 0x0000000080005c16 (0x00b393bb) sllw    t2, t2, a1
core   0: 1 0x0000000080005c16 (0x00b393bb) x7  0xffffffffa2480000
core   0: 0x0000000080005c1a (0xd20c0853) fcvt.d.w fa6, s8
core   0: 1 0x0000000080005c1a (0xd20c0853) f16 0xc1dfffe7f7800000
core   0: 0x0000000080005c1e (0x00202873) csrrs   a6, frm, zero
core   0: 1 0x0000000080005c1e (0x00202873) x16 0x0000000000000000
core   0: 0x0000000080005c22 (0xd0287cd3) fcvt.s.l fs9, a6
core   0: 1 0x0000000080005c22 (0xd0287cd3) f25 0xffffffff00000000
core   0: 0x0000000080005c26 (0xe2080453) fmv.x.d s0, fa6
core   0: 1 0x0000000080005c26 (0xe2080453) x8  0xc1dfffe7f7800000
core   0: 0x0000000080005c2a (0x01f411b7) lui     gp, 0x1f41
core   0: 1 0x0000000080005c2a (0x01f411b7) x3  0x0000000001f41000
core   0: 0x0000000080005c2e (0xa3b1819b) addiw   gp, gp, -1477
core   0: 1 0x0000000080005c2e (0xa3b1819b) x3  0x0000000001f40a3b
core   0: 0x0000000080005c32 (0x000001ba) c.slli  gp, 14
core   0: 1 0x0000000080005c32 (0x01ba) x3  0x0000007d028ec000
core   0: 0x0000000080005c34 (0x31f18193) addi    gp, gp, 799
core   0: 1 0x0000000080005c34 (0x31f18193) x3  0x0000007d028ec31f
core   0: 0x0000000080005c38 (0x00d665b3) or      a1, a2, a3
core   0: 1 0x0000000080005c38 (0x00d665b3) x11 0x0000000000000a17
core   0: 0x0000000080005c3c (0xc20e7ad3) fcvt.w.d s5, ft8
core   0: 1 0x0000000080005c3c (0xc20e7ad3) c1_fflags 0x0000000000000013 x21 0x000000007fffffff
core   0: 0x0000000080005c40 (0xffa646b7) lui     a3, 0xffa64
core   0: 1 0x0000000080005c40 (0xffa646b7) x13 0xffffffffffa64000
core   0: 0x0000000080005c44 (0xb0b6869b) addiw   a3, a3, -1269
core   0: 1 0x0000000080005c44 (0xb0b6869b) x13 0xffffffffffa63b0b
core   0: 0x0000000080005c48 (0x000006b6) c.slli  a3, 13
core   0: 1 0x0000000080005c48 (0x06b6) x13 0xfffffff4c7616000
core   0: 0x0000000080005c4a (0xe8a68693) addi    a3, a3, -374
core   0: 1 0x0000000080005c4a (0xe8a68693) x13 0xfffffff4c7615e8a
core   0: 0x0000000080005c4e (0x00061e13) slli    t3, a2, 0
core   0: 1 0x0000000080005c4e (0x00061e13) x28 0x0000000000000a00
core   0: 0x0000000080005c52 (0xc21cfed3) fcvt.wu.d t4, fs9
core   0: 1 0x0000000080005c52 (0xc21cfed3) c1_fflags 0x0000000000000013 x29 0xffffffffffffffff
core   0: 0x0000000080005c56 (0x025ecc33) div     s8, t4, t0
core   0: 1 0x0000000080005c56 (0x025ecc33) x24 0x0000000000000001
core   0: 0x0000000080005c5a (0x1a9c7bd3) fdiv.d  fs7, fs8, fs1
core   0: 1 0x0000000080005c5a (0x1a9c7bd3) f23 0x7ff8000000000000
core   0: 0x0000000080005c5e (0x0327ccb3) div     s9, a5, s2
core   0: 1 0x0000000080005c5e (0x0327ccb3) x25 0xffffffff7fffa3ee
core   0: 0x0000000080005c62 (0xc22870d3) fcvt.l.d ra, fa6
core   0: 1 0x0000000080005c62 (0xc22870d3) x1  0xffffffff80006022
core   0: 0x0000000080005c66 (0x22658453) fsgnj.d fs0, fa1, ft6
core   0: 1 0x0000000080005c66 (0x22658453) f8  0x0000003675c0bfd8
core   0: 0x0000000080005c6a (0x01894c33) xor     s8, s2, s8
core   0: 1 0x0000000080005c6a (0x01894c33) x24 0xfffffffffffffffe
core   0: 0x0000000080005c6e (0x018c5cb3) srl     s9, s8, s8
core   0: 1 0x0000000080005c6e (0x018c5cb3) x25 0x0000000000000003
core   0: 0x0000000080005c72 (0x004d91b3) sll     gp, s11, tp
core   0: 1 0x0000000080005c72 (0x004d91b3) x3  0x0000000000000000
core   0: 0x0000000080005c76 (0x001027f3) csrrs   a5, fflags, zero
core   0: 1 0x0000000080005c76 (0x001027f3) x15 0x0000000000000013
core   0: 0x0000000080005c7a (0x414a8abb) subw    s5, s5, s4
core   0: 1 0x0000000080005c7a (0x414a8abb) x21 0x000000007fffffff
core   0: 0x0000000080005c7e (0x0362de13) srli    t3, t0, 54
core   0: 1 0x0000000080005c7e (0x0362de13) x28 0x00000000000003ff
core   0: 0x0000000080005c82 (0x10697073) csrrci  zero, scounteren, 18
core   0: 1 0x0000000080005c82 (0x10697073) c262_scounteren 0x0000000000000000
core   0: 0x0000000080005c86 (0x7b80c313) xori    t1, ra, 1976
core   0: 1 0x0000000080005c86 (0x7b80c313) x6  0xffffffff8000679a
core   0: 0x0000000080005c8a (0x01992233) slt     tp, s2, s9
core   0: 1 0x0000000080005c8a (0x01992233) x4  0x0000000000000001
core   0: 0x0000000080005c8e (0x72e3f5c3) fmadd.d fa1, ft7, fa4, fa4
core   0: 1 0x0000000080005c8e (0x72e3f5c3) f11 0x7ff8000000000000
core   0: 0x0000000080005c92 (0x0127963b) sllw    a2, a5, s2
core   0: 1 0x0000000080005c92 (0x0127963b) x12 0xffffffff80000000
core   0: 0x0000000080005c96 (0x00f75bbb) srlw    s7, a4, a5
core   0: 1 0x0000000080005c96 (0x00f75bbb) x23 0x0000000000000000
core   0: 0x0000000080005c9a (0x14149773) csrrw   a4, sepc, s1
core   0: 1 0x0000000080005c9a (0x14149773) x14 0x0000000000000010 c321_sepc 0x00000000000011a6
core   0: 0x0000000080005c9e (0x00009c3a) c.add   s8, a4
core   0: 1 0x0000000080005c9e (0x9c3a) x24 0x000000000000000e
core   0: 0x0000000080005ca0 (0x41308bb3) sub     s7, ra, s3
core   0: 1 0x0000000080005ca0 (0x41308bb3) x23 0xffffffff80006022
core   0: 0x0000000080005ca4 (0x00102573) csrrs   a0, fflags, zero
core   0: 1 0x0000000080005ca4 (0x00102573) x10 0x0000000000000013
core   0: 0x0000000080005ca8 (0x00037a13) andi    s4, t1, 0
core   0: 1 0x0000000080005ca8 (0x00037a13) x20 0x0000000000000000
core   0: 0x0000000080005cac (0x0287d433) divu    s0, a5, s0
core   0: 1 0x0000000080005cac (0x0287d433) x8  0x0000000000000000
core   0: 0x0000000080005cb0 (0x42048053) fcvt.d.s ft0, fs1
core   0: 1 0x0000000080005cb0 (0x42048053) f0  0xbff0000000000000
core   0: 0x0000000080005cb4 (0xc205f6d3) fcvt.w.d a3, fa1
core   0: 1 0x0000000080005cb4 (0xc205f6d3) c1_fflags 0x0000000000000013 x13 0x000000007fffffff
core   0: 0x0000000080005cb8 (0xfff88e93) addi    t4, a7, -1
core   0: 1 0x0000000080005cb8 (0xfff88e93) x29 0x0000000000000000
core   0: 0x0000000080005cbc (0x038b883b) mulw    a6, s7, s8
core   0: 1 0x0000000080005cbc (0x038b883b) x16 0x00000000000541dc
core   0: 0x0000000080005cc0 (0xd2040153) fcvt.d.w ft2, s0
core   0: 1 0x0000000080005cc0 (0xd2040153) f2  0x0000000000000000
core   0: 0x0000000080005cc4 (0x00008f61) c.and   a4, s0
core   0: 1 0x0000000080005cc4 (0x8f61) x14 0x0000000000000000
core   0: 0x0000000080005cc6 (0xc0247953) fcvt.l.s s2, fs0
core   0: 1 0x0000000080005cc6 (0xc0247953) c1_fflags 0x0000000000000013 x18 0x7fffffffffffffff
core   0: 0x0000000080005cca (0x5a047953) fsqrt.d fs2, fs0
core   0: 1 0x0000000080005cca (0x5a047953) c1_fflags 0x0000000000000013 f18 0x1f8d84d014f1bc55
core   0: 0x0000000080005cce (0xc03b74d3) fcvt.lu.s s1, fs6
core   0: 1 0x0000000080005cce (0xc03b74d3) c1_fflags 0x0000000000000013 x9  0xffffffffffffffff
core   0: 0x0000000080005cd2 (0x03238abb) mulw    s5, t2, s2
core   0: 1 0x0000000080005cd2 (0x03238abb) x21 0x000000005db80000
core   0: 0x0000000080005cd6 (0x012a983b) sllw    a6, s5, s2
core   0: 1 0x0000000080005cd6 (0x012a983b) x16 0x0000000000000000
core   0: 0x0000000080005cda (0xc238fbd3) fcvt.lu.d s7, fa7
core   0: 1 0x0000000080005cda (0xc238fbd3) c1_fflags 0x0000000000000013 x23 0xffffffffffffffff
core   0: 0x0000000080005cde (0x021e4a33) div     s4, t3, ra
core   0: 1 0x0000000080005cde (0x021e4a33) x20 0x0000000000000000
core   0: 0x0000000080005ce2 (0x00075cb3) srl     s9, a4, zero
core   0: 1 0x0000000080005ce2 (0x00075cb3) x25 0x0000000000000000
core   0: 0x0000000080005ce6 (0x0394a9b3) mulhsu  s3, s1, s9
core   0: 1 0x0000000080005ce6 (0x0394a9b3) x19 0x0000000000000000
core   0: 0x0000000080005cea (0x001790b3) sll     ra, a5, ra
core   0: 1 0x0000000080005cea (0x001790b3) x1  0x0000004c00000000
core   0: 0x0000000080005cee (0x41825cbb) sraw    s9, tp, s8
core   0: 1 0x0000000080005cee (0x41825cbb) x25 0x0000000000000000
core   0: 0x0000000080005cf2 (0x41acdebb) sraw    t4, s9, s10
core   0: 1 0x0000000080005cf2 (0x41acdebb) x29 0x0000000000000000
core   0: 0x0000000080005cf6 (0x00000001) c.nop
core   0: 1 0x0000000080005cf6 (0x0001)
core   0: 0x0000000080005cf8 (0x002022f3) csrrs   t0, frm, zero
core   0: 1 0x0000000080005cf8 (0x002022f3) x5  0x0000000000000000
core   0: 0x0000000080005cfc (0x310d20f3) csrrs   ra, mstatush, s10
core   0: exception trap_illegal_instruction, epc 0x0000000080005cfc
core   0:           tval 0x00000000310d20f3
core   0: >>>>  $xrv64i2p1_m2p0_a2p1_f2p2_d2p2_zicsr2p0_zifencei2p0_zmmul1p0_zba1p0_zbb1p0_zbc1p0_zbs1p0
core   0: 0x0000000080004000 (0x0080006f) j       pc + 0x8
core   0: 3 0x0000000080004000 (0x0080006f)
core   0: >>>>  mmode_exception_handler
core   0: 0x0000000080004008 (0x00002c17) auipc   s8, 0x2
core   0: 3 0x0000000080004008 (0x00002c17) x24 0x0000000080006008
core   0: 0x000000008000400c (0x01ac0c13) addi    s8, s8, 26
core   0: 3 0x000000008000400c (0x01ac0c13) x24 0x0000000080006022
core   0: 0x0000000080004010 (0x000c00e7) jalr    s8
core   0: 3 0x0000000080004010 (0x000c00e7) x1  0x0000000080004014
core   0: >>>>  any_handler
core   0: 0x0000000080006022 (0x341027f3) csrrs   a5, mepc, zero
core   0: 3 0x0000000080006022 (0x341027f3) x15 0x0000000080005cfc
core   0: 0x0000000080006026 (0x34202773) csrrs   a4, mcause, zero
core   0: 3 0x0000000080006026 (0x34202773) x14 0x0000000000000002
core   0: 0x000000008000602a (0x142026f3) csrrs   a3, scause, zero
core   0: 3 0x000000008000602a (0x142026f3) x13 0x0000000000000017
core   0: 0x000000008000602e (0x30402673) csrrs   a2, mie, zero
core   0: 3 0x000000008000602e (0x30402673) x12 0x0000000000000a00
core   0: 0x0000000080006032 (0x344025f3) csrrs   a1, mip, zero
core   0: 3 0x0000000080006032 (0x344025f3) x11 0x0000000000000080
core   0: 0x0000000080006036 (0x343025f3) csrrs   a1, mtval, zero
core   0: 3 0x0000000080006036 (0x343025f3) x11 0x00000000310d20f3
core   0: 0x000000008000603a (0x14302573) csrrs   a0, stval, zero
core   0: 3 0x000000008000603a (0x14302573) x10 0x0000000000000000
core   0: 0x000000008000603e (0xb02024f3) csrrs   s1, minstret, zero
core   0: 3 0x000000008000603e (0xb02024f3) x9  0x00000000000011f4
core   0: 0x0000000080006042 (0x0000a811) c.j     pc + 20
core   0: 3 0x0000000080006042 (0xa811)
core   0: >>>>  mepc_4
core   0: 0x0000000080006056 (0x00000791) c.addi  a5, 4
core   0: 3 0x0000000080006056 (0x0791) x15 0x0000000080005d00
core   0: 0x0000000080006058 (0x34179073) csrrw   zero, mepc, a5
core   0: 3 0x0000000080006058 (0x34179073) c833_mepc 0x0000000080005d00
core   0: 0x000000008000605c (0x30200073) mret
core   0: 3 0x000000008000605c (0x30200073) c768_mstatus 0x8000000a00106182
core   0: 0x0000000080005d00 (0x00161e73) csrrw   t3, fflags, a2
core   0: 1 0x0000000080005d00 (0x00161e73) x28 0x0000000000000013 c1_fflags 0x0000000000000000
core   0: 0x0000000080005d04 (0x010806b3) add     a3, a6, a6
core   0: 1 0x0000000080005d04 (0x010806b3) x13 0x0000000000000000
core   0: 0x0000000080005d08 (0x40a8de9b) sraiw   t4, a7, 10
core   0: 1 0x0000000080005d08 (0x40a8de9b) x29 0x0000000000000000
core   0: 0x0000000080005d0c (0x01d6debb) srlw    t4, a3, t4
core   0: 1 0x0000000080005d0c (0x01d6debb) x29 0x0000000000000000
core   0: 0x0000000080005d10 (0x02b602bb) mulw    t0, a2, a1
core   0: 1 0x0000000080005d10 (0x02b602bb) x5  0xffffffff83497e00
core   0: 0x0000000080005d14 (0x002d9d73) csrrw   s10, frm, s11
core   0: 1 0x0000000080005d14 (0x002d9d73) x26 0x0000000000000000 c2_frm 0x0000000000000004
core   0: 0x0000000080005d18 (0xfdb980b7) lui     ra, 0xfdb98
core   0: 1 0x0000000080005d18 (0xfdb980b7) x1  0xfffffffffdb98000
core   0: 0x0000000080005d1c (0x3110809b) addiw   ra, ra, 785
core   0: 1 0x0000000080005d1c (0x3110809b) x1  0xfffffffffdb98311
core   0: 0x0000000080005d20 (0x000000b2) c.slli  ra, 12
core   0: 1 0x0000000080005d20 (0x00b2) x1  0xffffffdb98311000
core   0: 0x0000000080005d22 (0x8c008093) addi    ra, ra, -1856
core   0: 1 0x0000000080005d22 (0x8c008093) x1  0xffffffdb983108c0
core   0: 0x0000000080005d26 (0x0393f753) fadd.d  fa4, ft7, fs9
core   0: 1 0x0000000080005d26 (0x0393f753) f14 0x7ff8000000000000
core   0: 0x0000000080005d2a (0xf13fdc73) csrrwi  s8, mimpid, 31
core   0: exception trap_illegal_instruction, epc 0x0000000080005d2a
core   0:           tval 0x00000000f13fdc73
core   0: >>>>  $xrv64i2p1_m2p0_a2p1_f2p2_d2p2_zicsr2p0_zifencei2p0_zmmul1p0_zba1p0_zbb1p0_zbc1p0_zbs1p0
core   0: 0x0000000080004000 (0x0080006f) j       pc + 0x8
core   0: 3 0x0000000080004000 (0x0080006f)
core   0: >>>>  mmode_exception_handler
core   0: 0x0000000080004008 (0x00002c17) auipc   s8, 0x2
core   0: 3 0x0000000080004008 (0x00002c17) x24 0x0000000080006008
core   0: 0x000000008000400c (0x01ac0c13) addi    s8, s8, 26
core   0: 3 0x000000008000400c (0x01ac0c13) x24 0x0000000080006022
core   0: 0x0000000080004010 (0x000c00e7) jalr    s8
core   0: 3 0x0000000080004010 (0x000c00e7) x1  0x0000000080004014
core   0: >>>>  any_handler
core   0: 0x0000000080006022 (0x341027f3) csrrs   a5, mepc, zero
core   0: 3 0x0000000080006022 (0x341027f3) x15 0x0000000080005d2a
core   0: 0x0000000080006026 (0x34202773) csrrs   a4, mcause, zero
core   0: 3 0x0000000080006026 (0x34202773) x14 0x0000000000000002
core   0: 0x000000008000602a (0x142026f3) csrrs   a3, scause, zero
core   0: 3 0x000000008000602a (0x142026f3) x13 0x0000000000000017
core   0: 0x000000008000602e (0x30402673) csrrs   a2, mie, zero
core   0: 3 0x000000008000602e (0x30402673) x12 0x0000000000000a00
core   0: 0x0000000080006032 (0x344025f3) csrrs   a1, mip, zero
core   0: 3 0x0000000080006032 (0x344025f3) x11 0x0000000000000080
core   0: 0x0000000080006036 (0x343025f3) csrrs   a1, mtval, zero
core   0: 3 0x0000000080006036 (0x343025f3) x11 0x00000000f13fdc73
core   0: 0x000000008000603a (0x14302573) csrrs   a0, stval, zero
core   0: 3 0x000000008000603a (0x14302573) x10 0x0000000000000000
core   0: 0x000000008000603e (0xb02024f3) csrrs   s1, minstret, zero
core   0: 3 0x000000008000603e (0xb02024f3) x9  0x000000000000120f
core   0: 0x0000000080006042 (0x0000a811) c.j     pc + 20
core   0: 3 0x0000000080006042 (0xa811)
core   0: >>>>  mepc_4
core   0: 0x0000000080006056 (0x00000791) c.addi  a5, 4
core   0: 3 0x0000000080006056 (0x0791) x15 0x0000000080005d2e
core   0: 0x0000000080006058 (0x34179073) csrrw   zero, mepc, a5
core   0: 3 0x0000000080006058 (0x34179073) c833_mepc 0x0000000080005d2e
core   0: 0x000000008000605c (0x30200073) mret
core   0: 3 0x000000008000605c (0x30200073) c768_mstatus 0x8000000a00106182
core   0: 0x0000000080005d2e (0x174e6413) ori     s0, t3, 372
core   0: 1 0x0000000080005d2e (0x174e6413) x8  0x0000000000000177
core   0: 0x0000000080005d32 (0x02f89133) mulh    sp, a7, a5
core   0: 1 0x0000000080005d32 (0x02f89133) x2  0x0000000000000000
core   0: 0x0000000080005d36 (0x0a39f6d3) fsub.d  fa3, fs3, ft3
core   0: 1 0x0000000080005d36 (0x0a39f6d3) f13 0x7ff8000000000000
core   0: 0x0000000080005d3a (0x0317ce3b) divw    t3, a5, a7
core   0: 1 0x0000000080005d3a (0x0317ce3b) x28 0xffffffff80005d2e
core   0: 0x0000000080005d3e (0x05cf9237) lui     tp, 0x5cf9
core   0: 1 0x0000000080005d3e (0x05cf9237) x4  0x0000000005cf9000
core   0: 0x0000000080005d42 (0x1df10313) addi    t1, sp, 479
core   0: 1 0x0000000080005d42 (0x1df10313) x6  0x00000000000001df
core   0: 0x0000000080005d46 (0xd0217bd3) fcvt.s.l fs7, sp
core   0: 1 0x0000000080005d46 (0xd0217bd3) f23 0xffffffff00000000
core   0: 0x0000000080005d4a (0x00000001) c.nop
core   0: 1 0x0000000080005d4a (0x0001)
core   0: 0x0000000080005d4c (0xa3068d53) fle.d   s10, fa3, fa6
core   0: 1 0x0000000080005d4c (0xa3068d53) c1_fflags 0x0000000000000010 x26 0x0000000000000000
core   0: 0x0000000080005d50 (0x0ff0000f) fence   iorw,iorw
core   0: 1 0x0000000080005d50 (0x0ff0000f)
core   0: 0x0000000080005d54 (0x2a8f80d3) fmin.d  ft1, ft11, fs0
core   0: 1 0x0000000080005d54 (0x2a8f80d3) f1  0x0000000000000000
core   0: 0x0000000080005d58 (0x03d7bab3) mulhu   s5, a5, t4
core   0: 1 0x0000000080005d58 (0x03d7bab3) x21 0x0000000000000000
core   0: 0x0000000080005d5c (0x4187dcbb) sraw    s9, a5, s8
core   0: 1 0x0000000080005d5c (0x4187dcbb) x25 0xffffffffe000174b
core   0: 0x0000000080005d60 (0xaeacf613) andi    a2, s9, -1302
core   0: 1 0x0000000080005d60 (0xaeacf613) x12 0xffffffffe000124a
core   0: 0x0000000080005d64 (0x01f4541b) srliw   s0, s0, 31
core   0: 1 0x0000000080005d64 (0x01f4541b) x8  0x0000000000000000
core   0: 0x0000000080005d68 (0x000e14bb) sllw    s1, t3, zero
core   0: 1 0x0000000080005d68 (0x000e14bb) x9  0xffffffff80005d2e
core   0: 0x0000000080005d6c (0x4011d69b) sraiw   a3, gp, 1
core   0: 1 0x0000000080005d6c (0x4011d69b) x13 0x0000000000000000
core   0: 0x0000000080005d70 (0x01519d1b) slliw   s10, gp, 21
core   0: 1 0x0000000080005d70 (0x01519d1b) x26 0x0000000000000000
core   0: 0x0000000080005d74 (0x42078bd3) fcvt.d.s fs7, fa5
core   0: 1 0x0000000080005d74 (0x42078bd3) f23 0x7ff8000000000000
core   0: 0x0000000080005d78 (0x025d73d3) fadd.d  ft7, fs10, ft5
core   0: 1 0x0000000080005d78 (0x025d73d3) f7  0x7ff8000000000000
core   0: 0x0000000080005d7c (0x2dd06e93) ori     t4, zero, 733
core   0: 1 0x0000000080005d7c (0x2dd06e93) x29 0x00000000000002dd
core   0: 0x0000000080005d80 (0x0acef653) fsub.d  fa2, ft9, fa2
core   0: 1 0x0000000080005d80 (0x0acef653) f12 0x7ff8000000000000
core   0: 0x0000000080005d84 (0x41dbde33) sra     t3, s7, t4
core   0: 1 0x0000000080005d84 (0x41dbde33) x28 0xffffffffffffffff
core   0: 0x0000000080005d88 (0xc211f7d3) fcvt.wu.d a5, ft3
core   0: 1 0x0000000080005d88 (0xc211f7d3) c1_fflags 0x0000000000000010 x15 0xffffffffffffffff
core   0: 0x0000000080005d8c (0x5a0672d3) fsqrt.d ft5, fa2
core   0: 1 0x0000000080005d8c (0x5a0672d3) f5  0x7ff8000000000000
core   0: 0x0000000080005d90 (0x00f95d33) srl     s10, s2, a5
core   0: 1 0x0000000080005d90 (0x00f95d33) x26 0x0000000000000000
core   0: 0x0000000080005d94 (0x41a653bb) sraw    t2, a2, s10
core   0: 1 0x0000000080005d94 (0x41a653bb) x7  0xffffffffe000124a
core   0: 0x0000000080005d98 (0x00967033) and     zero, a2, s1
core   0: 1 0x0000000080005d98 (0x00967033)
core   0: 0x0000000080005d9c (0x0396fcd3) fadd.d  fs9, fa3, fs9
core   0: 1 0x0000000080005d9c (0x0396fcd3) f25 0x7ff8000000000000
core   0: 0x0000000080005da0 (0x8009091b) addiw   s2, s2, -2048
core   0: 1 0x0000000080005da0 (0x8009091b) x18 0xfffffffffffff7ff
core   0: 0x0000000080005da4 (0x00259073) csrrw   zero, frm, a1
core   0: 1 0x0000000080005da4 (0x00259073) c2_frm 0x0000000000000003
core   0: 0x0000000080005da8 (0x020442b3) div     t0, s0, zero
core   0: 1 0x0000000080005da8 (0x020442b3) x5  0xffffffffffffffff
core   0: 0x0000000080005dac (0xa28c8653) fle.d   a2, fs9, fs0
core   0: 1 0x0000000080005dac (0xa28c8653) c1_fflags 0x0000000000000010 x12 0x0000000000000000
core   0: 0x0000000080005db0 (0xd2397853) fcvt.d.lu fa6, s2
core   0: 1 0x0000000080005db0 (0xd2397853) c1_fflags 0x0000000000000011 f16 0x43efffffffffffff
core   0: 0x0000000080005db4 (0x401edc13) srai    s8, t4, 1
core   0: 1 0x0000000080005db4 (0x401edc13) x24 0x000000000000016e
core   0: 0x0000000080005db8 (0x5a0cf1d3) fsqrt.d ft3, fs9
core   0: 1 0x0000000080005db8 (0x5a0cf1d3) f3  0x7ff8000000000000
core   0: 0x0000000080005dbc (0x4169589b) sraiw   a7, s2, 22
core   0: 1 0x0000000080005dbc (0x4169589b) x17 0xffffffffffffffff
core   0: 0x0000000080005dc0 (0x001595f3) csrrw   a1, fflags, a1
core   0: 1 0x0000000080005dc0 (0x001595f3) x11 0x0000000000000011 c1_fflags 0x0000000000000013
core   0: 0x0000000080005dc4 (0x41d8d0bb) sraw    ra, a7, t4
core   0: 1 0x0000000080005dc4 (0x41d8d0bb) x1  0xffffffffffffffff
core   0: 0x0000000080005dc8 (0x0ff0000f) fence   iorw,iorw
core   0: 1 0x0000000080005dc8 (0x0ff0000f)
core   0: 0x0000000080005dcc (0x751c83b7) lui     t2, 0x751c8
core   0: 1 0x0000000080005dcc (0x751c83b7) x7  0x00000000751c8000
core   0: 0x0000000080005dd0 (0x226a1f53) fsgnjn.d ft10, fs4, ft6
core   0: 1 0x0000000080005dd0 (0x226a1f53) f30 0x8000000000000017
core   0: 0x0000000080005dd4 (0x7ffcf193) andi    gp, s9, 2047
core   0: 1 0x0000000080005dd4 (0x7ffcf193) x3  0x000000000000074b
core   0: 0x0000000080005dd8 (0x0bc478d3) fsub.d  fa7, fs0, ft8
core   0: 1 0x0000000080005dd8 (0x0bc478d3) f17 0x7ff8000000000000
core   0: 0x0000000080005ddc (0xb9875c97) auipc   s9, 0xb9875
core   0: 1 0x0000000080005ddc (0xb9875c97) x25 0x000000003987addc
core   0: 0x0000000080005de0 (0xc0227a53) fcvt.l.s s4, ft4
core   0: 1 0x0000000080005de0 (0xc0227a53) c1_fflags 0x0000000000000013 x20 0x7fffffffffffffff
core   0: 0x0000000080005de4 (0x000c9833) sll     a6, s9, zero
core   0: 1 0x0000000080005de4 (0x000c9833) x16 0x000000003987addc
core   0: 0x0000000080005de8 (0x028cfcd3) fadd.d  fs9, fs9, fs0
core   0: 1 0x0000000080005de8 (0x028cfcd3) f25 0x7ff8000000000000
core   0: 0x0000000080005dec (0x02bcc233) div     tp, s9, a1
core   0: 1 0x0000000080005dec (0x02bcc233) x4  0x0000000003625585
core   0: 0x0000000080005df0 (0xc0247253) fcvt.l.s tp, fs0
core   0: 1 0x0000000080005df0 (0xc0247253) c1_fflags 0x0000000000000013 x4  0x7fffffffffffffff
core   0: 0x0000000080005df4 (0xe20d04d3) fmv.x.d s1, fs10
core   0: 1 0x0000000080005df4 (0xe20d04d3) x9  0xffffffff7fc00000
core   0: 0x0000000080005df8 (0x17d4dcb7) lui     s9, 0x17d4d
core   0: 1 0x0000000080005df8 (0x17d4dcb7) x25 0x0000000017d4d000
core   0: 0x0000000080005dfc (0x00000001) c.nop
core   0: 1 0x0000000080005dfc (0x0001)
core   0: 0x0000000080005dfe (0x039c8033) mul     zero, s9, s9
core   0: 1 0x0000000080005dfe (0x039c8033)
core   0: 0x0000000080005e02 (0x00102d73) csrrs   s10, fflags, zero
core   0: 1 0x0000000080005e02 (0x00102d73) x26 0x0000000000000013
core   0: 0x0000000080005e06 (0x22c484d3) fsgnj.d fs1, fs1, fa2
core   0: 1 0x0000000080005e06 (0x22c484d3) f9  0x7fffffffbf800000
core   0: 0x0000000080005e0a (0x00150db3) add     s11, a0, ra
core   0: 1 0x0000000080005e0a (0x00150db3) x27 0xffffffffffffffff
core   0: 0x0000000080005e0e (0xc224fe53) fcvt.l.d t3, fs1
core   0: 1 0x0000000080005e0e (0xc224fe53) c1_fflags 0x0000000000000013 x28 0x7fffffffffffffff
core   0: 0x0000000080005e12 (0x239e2353) fsgnjx.d ft6, ft8, fs9
core   0: 1 0x0000000080005e12 (0x239e2353) f6  0x7ff8000000000000
core   0: 0x0000000080005e16 (0x41ded5bb) sraw    a1, t4, t4
core   0: 1 0x0000000080005e16 (0x41ded5bb) x11 0x0000000000000000
core   0: 0x0000000080005e1a (0x41c0d03b) sraw    zero, ra, t3
core   0: 1 0x0000000080005e1a (0x41c0d03b)
core   0: 0x0000000080005e1e (0x549e6b93) ori     s7, t3, 1353
core   0: 1 0x0000000080005e1e (0x549e6b93) x23 0x7fffffffffffffff
core   0: 0x0000000080005e22 (0x001191f3) csrrw   gp, fflags, gp
core   0: 1 0x0000000080005e22 (0x001191f3) x3  0x0000000000000013 c1_fflags 0x000000000000000b
core   0: 0x0000000080005e26 (0x027cf8bb) remuw   a7, s9, t2
core   0: 1 0x0000000080005e26 (0x027cf8bb) x17 0x0000000017d4d000
core   0: 0x0000000080005e2a (0x63ac754b) fnmsub.d fa0, fs8, fs10, fa2
core   0: 1 0x0000000080005e2a (0x63ac754b) f10 0x7ff8000000000000
core   0: 0x0000000080005e2e (0x23108ed3) fsgnj.d ft9, ft1, fa7
core   0: 1 0x0000000080005e2e (0x23108ed3) f29 0x0000000000000000
core   0: 0x0000000080005e32 (0x01c0511b) srliw   sp, zero, 28
core   0: 1 0x0000000080005e32 (0x01c0511b) x2  0x0000000000000000
core   0: 0x0000000080005e36 (0x2ab504d3) fmin.d  fs1, fa0, fa1
core   0: 1 0x0000000080005e36 (0x2ab504d3) f9  0x7ff8000000000000
core   0: 0x0000000080005e3a (0x008c0bbb) addw    s7, s8, s0
core   0: 1 0x0000000080005e3a (0x008c0bbb) x23 0x000000000000016e
core   0: 0x0000000080005e3e (0x017646b3) xor     a3, a2, s7
core   0: 1 0x0000000080005e3e (0x017646b3) x13 0x000000000000016e
core   0: 0x0000000080005e42 (0xf20404d3) fmv.d.x fs1, s0
core   0: 1 0x0000000080005e42 (0xf20404d3) f9  0x0000000000000000
core   0: 0x0000000080005e46 (0x028c3c33) mulhu   s8, s8, s0
core   0: 1 0x0000000080005e46 (0x028c3c33) x24 0x0000000000000000
core   0: 0x0000000080005e4a (0xfa175837) lui     a6, 0xfa175
core   0: 1 0x0000000080005e4a (0xfa175837) x16 0xfffffffffa175000
core   0: 0x0000000080005e4e (0x4c58081b) addiw   a6, a6, 1221
core   0: 1 0x0000000080005e4e (0x4c58081b) x16 0xfffffffffa1754c5
core   0: 0x0000000080005e52 (0x00000832) c.slli  a6, 12
core   0: 1 0x0000000080005e52 (0x0832) x16 0xffffffa1754c5000
core   0: 0x0000000080005e54 (0xfb680813) addi    a6, a6, -74
core   0: 1 0x0000000080005e54 (0xfb680813) x16 0xffffffa1754c4fb6
core   0: 0x0000000080005e58 (0x4014f453) fcvt.s.d fs0, fs1
core   0: 1 0x0000000080005e58 (0x4014f453) f8  0xffffffff00000000
core   0: 0x0000000080005e5c (0x03b71533) mulh    a0, a4, s11
core   0: 1 0x0000000080005e5c (0x03b71533) x10 0xffffffffffffffff
core   0: 0x0000000080005e60 (0x401e591b) sraiw   s2, t3, 1
core   0: 1 0x0000000080005e60 (0x401e591b) x18 0xffffffffffffffff
core   0: 0x0000000080005e64 (0x5a00f453) fsqrt.d fs0, ft1
core   0: 1 0x0000000080005e64 (0x5a00f453) f8  0x0000000000000000
core   0: 0x0000000080005e68 (0xd20c03d3) fcvt.d.w ft7, s8
core   0: 1 0x0000000080005e68 (0xd20c03d3) f7  0x0000000000000000
core   0: 0x0000000080005e6c (0x034a4ebb) divw    t4, s4, s4
core   0: 1 0x0000000080005e6c (0x034a4ebb) x29 0x0000000000000001
core   0: 0x0000000080005e70 (0x4002dc13) srai    s8, t0, 0
core   0: 1 0x0000000080005e70 (0x4002dc13) x24 0xffffffffffffffff
core   0: 0x0000000080005e74 (0xf20e8c53) fmv.d.x fs8, t4
core   0: 1 0x0000000080005e74 (0xf20e8c53) f24 0x0000000000000001
core   0: 0x0000000080005e78 (0x1272f653) fmul.d  fa2, ft5, ft7
core   0: 1 0x0000000080005e78 (0x1272f653) f12 0x7ff8000000000000
core   0: 0x0000000080005e7c (0x016c07bb) addw    a5, s8, s6
core   0: 1 0x0000000080005e7c (0x016c07bb) x15 0x000000007fffd124
core   0: 0x0000000080005e80 (0x00234233) xor     tp, t1, sp
core   0: 1 0x0000000080005e80 (0x00234233) x4  0x00000000000001df
core   0: 0x0000000080005e84 (0x00009c46) c.add   s8, a7
core   0: 1 0x0000000080005e84 (0x9c46) x24 0x0000000017d4cfff
core   0: 0x0000000080005e86 (0x4004519b) sraiw   gp, s0, 0
core   0: 1 0x0000000080005e86 (0x4004519b) x3  0x0000000000000000
core   0: 0x0000000080005e8a (0x03640933) mul     s2, s0, s6
core   0: 1 0x0000000080005e8a (0x03640933) x18 0x0000000000000000
core   0: 0x0000000080005e8e (0x001719f3) csrrw   s3, fflags, a4
core   0: 1 0x0000000080005e8e (0x001719f3) x19 0x000000000000000b c1_fflags 0x0000000000000002
core   0: 0x0000000080005e92 (0x406d81b3) sub     gp, s11, t1
core   0: 1 0x0000000080005e92 (0x406d81b3) x3  0xfffffffffffffe20
core   0: 0x0000000080005e96 (0xf20184d3) fmv.d.x fs1, gp
core   0: 1 0x0000000080005e96 (0xf20184d3) f9  0xfffffffffffffe20
core   0: 0x0000000080005e9a (0x4bd4f24b) fnmsub.d ft4, fs1, ft9, fs1
core   0: 1 0x0000000080005e9a (0x4bd4f24b) f4  0x7ff8000000000000
core   0: 0x0000000080005e9e (0x001e9a1b) slliw   s4, t4, 1
core   0: 1 0x0000000080005e9e (0x001e9a1b) x20 0x0000000000000002
core   0: 0x0000000080005ea2 (0x000b6b13) ori     s6, s6, 0
core   0: 1 0x0000000080005ea2 (0x000b6b13) x22 0xffffffff7fffd125
core   0: 0x0000000080005ea6 (0xc204f6d3) fcvt.w.d a3, fs1
core   0: 1 0x0000000080005ea6 (0xc204f6d3) c1_fflags 0x0000000000000012 x13 0x000000007fffffff
core   0: 0x0000000080005eaa (0x016a7533) and     a0, s4, s6
core   0: 1 0x0000000080005eaa (0x016a7533) x10 0x0000000000000000
core   0: 0x0000000080005eae (0x224e8e53) fsgnj.d ft8, ft9, ft4
core   0: 1 0x0000000080005eae (0x224e8e53) f28 0x0000000000000000
core   0: 0x0000000080005eb2 (0x0124e4b3) or      s1, s1, s2
core   0: 1 0x0000000080005eb2 (0x0124e4b3) x9  0xffffffff7fc00000
core   0: 0x0000000080005eb6 (0xd20d8853) fcvt.d.w fa6, s11
core   0: 1 0x0000000080005eb6 (0xd20d8853) f16 0xbff0000000000000
core   0: 0x0000000080005eba (0x222e0ed3) fsgnj.d ft9, ft8, ft2
core   0: 1 0x0000000080005eba (0x222e0ed3) f29 0x0000000000000000
core   0: 0x0000000080005ebe (0x5a037553) fsqrt.d fa0, ft6
core   0: 1 0x0000000080005ebe (0x5a037553) f10 0x7ff8000000000000
core   0: 0x0000000080005ec2 (0x419983bb) subw    t2, s3, s9
core   0: 1 0x0000000080005ec2 (0x419983bb) x7  0xffffffffe82b300b
core   0: 0x0000000080005ec6 (0x0273c33b) divw    t1, t2, t2
core   0: 1 0x0000000080005ec6 (0x0273c33b) x6  0x0000000000000001
core   0: 0x0000000080005eca (0x434ff2cf) fnmadd.d ft5, ft11, fs4, fs0
core   0: 1 0x0000000080005eca (0x434ff2cf) f5  0x8000000000000000
core   0: 0x0000000080005ece (0x000c1c13) slli    s8, s8, 0
core   0: 1 0x0000000080005ece (0x000c1c13) x24 0x0000000017d4cfff
core   0: 0x0000000080005ed2 (0x01536d33) or      s10, t1, s5
core   0: 1 0x0000000080005ed2 (0x01536d33) x26 0x0000000000000001
core   0: 0x0000000080005ed6 (0xd2277bd3) fcvt.d.l fs7, a4
core   0: 1 0x0000000080005ed6 (0xd2277bd3) f23 0x4000000000000000
core   0: 0x0000000080005eda (0x0ff0000f) fence   iorw,iorw
core   0: 1 0x0000000080005eda (0x0ff0000f)
core   0: 0x0000000080005ede (0xa34285d3) fle.d   a1, ft5, fs4
core   0: 1 0x0000000080005ede (0xa34285d3) x11 0x0000000000000001
core   0: 0x0000000080005ee2 (0x01b3de1b) srliw   t3, t2, 27
core   0: 1 0x0000000080005ee2 (0x01b3de1b) x28 0x000000000000001d
core   0: 0x0000000080005ee6 (0x2e757793) andi    a5, a0, 743
core   0: 1 0x0000000080005ee6 (0x2e757793) x15 0x0000000000000000
core   0: 0x0000000080005eea (0xa2ab8ad3) fle.d   s5, fs7, fa0
core   0: 1 0x0000000080005eea (0xa2ab8ad3) c1_fflags 0x0000000000000012 x21 0x0000000000000000
core   0: 0x0000000080005eee (0xc0237c53) fcvt.l.s s8, ft6
core   0: 1 0x0000000080005eee (0xc0237c53) c1_fflags 0x0000000000000012 x24 0x7fffffffffffffff
core   0: 0x0000000080005ef2 (0xd23878d3) fcvt.d.lu fa7, a6
core   0: 1 0x0000000080005ef2 (0xd23878d3) c1_fflags 0x0000000000000013 f17 0x43effffff42ea98a
core   0: 0x0000000080005ef6 (0x016c8833) add     a6, s9, s6
core   0: 1 0x0000000080005ef6 (0x016c8833) x16 0xffffffff97d4a125
core   0: 0x0000000080005efa (0xd22b7bd3) fcvt.d.l fs7, s6
core   0: 1 0x0000000080005efa (0xd22b7bd3) f23 0xc1e00005db600000
core   0: 0x0000000080005efe (0xc222fa53) fcvt.l.d s4, ft5
core   0: 1 0x0000000080005efe (0xc222fa53) x20 0x0000000000000000
core   0: 0x0000000080005f02 (0xc23bf2d3) fcvt.lu.d t0, fs7
core   0: 1 0x0000000080005f02 (0xc23bf2d3) c1_fflags 0x0000000000000013 x5  0x0000000000000000
core   0: 0x0000000080005f06 (0x01ca543b) srlw    s0, s4, t3
core   0: 1 0x0000000080005f06 (0x01ca543b) x8  0x0000000000000000
core   0: 0x0000000080005f0a (0xc23bfcd3) fcvt.lu.d s9, fs7
core   0: 1 0x0000000080005f0a (0xc23bfcd3) c1_fflags 0x0000000000000013 x25 0x0000000000000000
core   0: 0x0000000080005f0e (0x636af743) fmadd.d fa4, fs5, fs6, fa2
core   0: 1 0x0000000080005f0e (0x636af743) f14 0x7ff8000000000000
core   0: 0x0000000080005f12 (0x23561653) fsgnjn.d fa2, fa2, fs5
core   0: 1 0x0000000080005f12 (0x23561653) f12 0xfff8000000000000
core   0: 0x0000000080005f16 (0x0276063b) mulw    a2, a2, t2
core   0: 1 0x0000000080005f16 (0x0276063b) x12 0x0000000000000000
core   0: 0x0000000080005f1a (0x02c63533) mulhu   a0, a2, a2
core   0: 1 0x0000000080005f1a (0x02c63533) x10 0x0000000000000000
core   0: 0x0000000080005f1e (0x01c4fe33) and     t3, s1, t3
core   0: 1 0x0000000080005f1e (0x01c4fe33) x28 0x0000000000000000
core   0: 0x0000000080005f22 (0x0b977f53) fsub.d  ft10, fa4, fs9
core   0: 1 0x0000000080005f22 (0x0b977f53) f30 0x7ff8000000000000
core   0: 0x0000000080005f26 (0x0ff0000f) fence   iorw,iorw
core   0: 1 0x0000000080005f26 (0x0ff0000f)
core   0: 0x0000000080005f2a (0x00000001) c.nop
core   0: 1 0x0000000080005f2a (0x0001)
core   0: 0x0000000080005f2c (0x03007eb3) remu    t4, zero, a6
core   0: 1 0x0000000080005f2c (0x03007eb3) x29 0x0000000000000000
core   0: 0x0000000080005f30 (0x12f67f47) fmsub.d ft10, fa2, fa5, ft2
core   0: 1 0x0000000080005f30 (0x12f67f47) f30 0x7ff8000000000000
core   0: 0x0000000080005f34 (0x407e85bb) subw    a1, t4, t2
core   0: 1 0x0000000080005f34 (0x407e85bb) x11 0x0000000017d4cff5
core   0: 0x0000000080005f38 (0xfffa0b9b) addiw   s7, s4, -1
core   0: 1 0x0000000080005f38 (0xfffa0b9b) x23 0xffffffffffffffff
core   0: 0x0000000080005f3c (0x029e0e3b) mulw    t3, t3, s1
core   0: 1 0x0000000080005f3c (0x029e0e3b) x28 0x0000000000000000
core   0: 0x0000000080005f40 (0x40098dbb) subw    s11, s3, zero
core   0: 1 0x0000000080005f40 (0x40098dbb) x27 0x000000000000000b
core   0: 0x0000000080005f44 (0x00902cb3) slt     s9, zero, s1
core   0: 1 0x0000000080005f44 (0x00902cb3) x25 0x0000000000000000
core   0: 0x0000000080005f48 (0x43f7d013) srai    zero, a5, 63
core   0: 1 0x0000000080005f48 (0x43f7d013)
core   0: 0x0000000080005f4c (0x410cdc33) sra     s8, s9, a6
core   0: 1 0x0000000080005f4c (0x410cdc33) x24 0x0000000000000000
core   0: 0x0000000080005f50 (0x01da5793) srli    a5, s4, 29
core   0: 1 0x0000000080005f50 (0x01da5793) x15 0x0000000000000000
core   0: 0x0000000080005f54 (0xd0257453) fcvt.s.l fs0, a0
core   0: 1 0x0000000080005f54 (0xd0257453) f8  0xffffffff00000000
core   0: 0x0000000080005f58 (0x01a692b3) sll     t0, a3, s10
core   0: 1 0x0000000080005f58 (0x01a692b3) x5  0x00000000fffffffe
core   0: 0x0000000080005f5c (0x86e04913) xori    s2, zero, -1938
core   0: 1 0x0000000080005f5c (0x86e04913) x18 0xfffffffffffff86e
core   0: 0x0000000080005f60 (0xd03d7753) fcvt.s.lu fa4, s10
core   0: 1 0x0000000080005f60 (0xd03d7753) f14 0xffffffff3f800000
core   0: 0x0000000080005f64 (0x0ff0000f) fence   iorw,iorw
core   0: 1 0x0000000080005f64 (0x0ff0000f)
core   0: 0x0000000080005f68 (0x012b04bb) addw    s1, s6, s2
core   0: 1 0x0000000080005f68 (0x012b04bb) x9  0x000000007fffc993
core   0: 0x0000000080005f6c (0x104da373) csrrs   t1, sie, s11
core   0: 1 0x0000000080005f6c (0x104da373) x6  0x0000000000000000 c772_mie 0x0000000000000a00
core   0: 0x0000000080005f70 (0x7b01d473) csrrwi  s0, dcsr, 3
core   0: exception trap_illegal_instruction, epc 0x0000000080005f70
core   0:           tval 0x000000007b01d473
core   0: >>>>  $xrv64i2p1_m2p0_a2p1_f2p2_d2p2_zicsr2p0_zifencei2p0_zmmul1p0_zba1p0_zbb1p0_zbc1p0_zbs1p0
core   0: 0x0000000080004000 (0x0080006f) j       pc + 0x8
core   0: 3 0x0000000080004000 (0x0080006f)
core   0: >>>>  mmode_exception_handler
core   0: 0x0000000080004008 (0x00002c17) auipc   s8, 0x2
core   0: 3 0x0000000080004008 (0x00002c17) x24 0x0000000080006008
core   0: 0x000000008000400c (0x01ac0c13) addi    s8, s8, 26
core   0: 3 0x000000008000400c (0x01ac0c13) x24 0x0000000080006022
core   0: 0x0000000080004010 (0x000c00e7) jalr    s8
core   0: 3 0x0000000080004010 (0x000c00e7) x1  0x0000000080004014
core   0: >>>>  any_handler
core   0: 0x0000000080006022 (0x341027f3) csrrs   a5, mepc, zero
core   0: 3 0x0000000080006022 (0x341027f3) x15 0x0000000080005f70
core   0: 0x0000000080006026 (0x34202773) csrrs   a4, mcause, zero
core   0: 3 0x0000000080006026 (0x34202773) x14 0x0000000000000002
core   0: 0x000000008000602a (0x142026f3) csrrs   a3, scause, zero
core   0: 3 0x000000008000602a (0x142026f3) x13 0x0000000000000017
core   0: 0x000000008000602e (0x30402673) csrrs   a2, mie, zero
core   0: 3 0x000000008000602e (0x30402673) x12 0x0000000000000a00
core   0: 0x0000000080006032 (0x344025f3) csrrs   a1, mip, zero
core   0: 3 0x0000000080006032 (0x344025f3) x11 0x0000000000000080
core   0: 0x0000000080006036 (0x343025f3) csrrs   a1, mtval, zero
core   0: 3 0x0000000080006036 (0x343025f3) x11 0x000000007b01d473
core   0: 0x000000008000603a (0x14302573) csrrs   a0, stval, zero
core   0: 3 0x000000008000603a (0x14302573) x10 0x0000000000000000
core   0: 0x000000008000603e (0xb02024f3) csrrs   s1, minstret, zero
core   0: 3 0x000000008000603e (0xb02024f3) x9  0x00000000000012b2
core   0: 0x0000000080006042 (0x0000a811) c.j     pc + 20
core   0: 3 0x0000000080006042 (0xa811)
core   0: >>>>  mepc_4
core   0: 0x0000000080006056 (0x00000791) c.addi  a5, 4
core   0: 3 0x0000000080006056 (0x0791) x15 0x0000000080005f74
core   0: 0x0000000080006058 (0x34179073) csrrw   zero, mepc, a5
core   0: 3 0x0000000080006058 (0x34179073) c833_mepc 0x0000000080005f74
core   0: 0x000000008000605c (0x30200073) mret
core   0: 3 0x000000008000605c (0x30200073) c768_mstatus 0x8000000a00106182
core   0: 0x0000000080005f74 (0xc21776d3) fcvt.wu.d a3, fa4
core   0: 1 0x0000000080005f74 (0xc21776d3) c1_fflags 0x0000000000000013 x13 0xffffffffffffffff
core   0: 0x0000000080005f78 (0xc0347b53) fcvt.lu.s s6, fs0
core   0: 1 0x0000000080005f78 (0xc0347b53) x22 0x0000000000000000
core   0: 0x0000000080005f7c (0xc22276d3) fcvt.l.d a3, ft4
core   0: 1 0x0000000080005f7c (0xc22276d3) c1_fflags 0x0000000000000013 x13 0x7fffffffffffffff
core   0: 0x0000000080005f80 (0x002022f3) csrrs   t0, frm, zero
core   0: 1 0x0000000080005f80 (0x002022f3) x5  0x0000000000000003
core   0: 0x0000000080005f84 (0x0252cabb) divw    s5, t0, t0
core   0: 1 0x0000000080005f84 (0x0252cabb) x21 0x0000000000000001
core   0: 0x0000000080005f88 (0x2a2909d3) fmin.d  fs3, fs2, ft2
core   0: 1 0x0000000080005f88 (0x2a2909d3) f19 0x0000000000000000
core   0: 0x0000000080005f8c (0x411e5e33) sra     t3, t3, a7
core   0: 1 0x0000000080005f8c (0x411e5e33) x28 0x0000000000000000
core   0: 0x0000000080005f90 (0xc217f0d3) fcvt.wu.d ra, fa5
core   0: 1 0x0000000080005f90 (0xc217f0d3) c1_fflags 0x0000000000000013 x1  0xffffffffffffffff
core   0: 0x0000000080005f94 (0xc206f4d3) fcvt.w.d s1, fa3
core   0: 1 0x0000000080005f94 (0xc206f4d3) c1_fflags 0x0000000000000013 x9  0x000000007fffffff
core   0: 0x0000000080005f98 (0x032b09bb) mulw    s3, s6, s2
core   0: 1 0x0000000080005f98 (0x032b09bb) x19 0x0000000000000000
core   0: 0x0000000080005f9c (0x03c5073b) mulw    a4, a0, t3
core   0: 1 0x0000000080005f9c (0x03c5073b) x14 0x0000000000000000
core   0: 0x0000000080005fa0 (0x1a24f3d3) fdiv.d  ft7, fs1, ft2
core   0: 1 0x0000000080005fa0 (0x1a24f3d3) f7  0x7ff8000000000000
core   0: 0x0000000080005fa4 (0x007efbb3) and     s7, t4, t2
core   0: 1 0x0000000080005fa4 (0x007efbb3) x23 0x0000000000000000
core   0: 0x0000000080005fa8 (0x01ad7d33) and     s10, s10, s10
core   0: 1 0x0000000080005fa8 (0x01ad7d33) x26 0x0000000000000001
core   0: 0x0000000080005fac (0x01f0501b) srliw   zero, zero, 31
core   0: 1 0x0000000080005fac (0x01f0501b)
core   0: 0x0000000080005fb0 (0x539cf54b) fnmsub.d fa0, fs9, fs9, fa0
core   0: 1 0x0000000080005fb0 (0x539cf54b) f10 0x7ff8000000000000
core   0: 0x0000000080005fb4 (0x42038353) fcvt.d.s ft6, ft7
core   0: 1 0x0000000080005fb4 (0x42038353) f6  0x7ff8000000000000
core   0: 0x0000000080005fb8 (0x000b5c13) srli    s8, s6, 0
core   0: 1 0x0000000080005fb8 (0x000b5c13) x24 0x0000000000000000
core   0: 0x0000000080005fbc (0x40c3531b) sraiw   t1, t1, 12
core   0: 1 0x0000000080005fbc (0x40c3531b) x6  0x0000000000000000
core   0: 0x0000000080005fc0 (0x00e31dbb) sllw    s11, t1, a4
core   0: 1 0x0000000080005fc0 (0x00e31dbb) x27 0x0000000000000000
core   0: 0x0000000080005fc4 (0x00241873) csrrw   a6, frm, s0
core   0: 1 0x0000000080005fc4 (0x00241873) x16 0x0000000000000003 c2_frm 0x0000000000000000
core   0: 0x0000000080005fc8 (0x02825233) divu    tp, tp, s0
core   0: 1 0x0000000080005fc8 (0x02825233) x4  0xffffffffffffffff
core   0: 0x0000000080005fcc (0x002a8ebb) addw    t4, s5, sp
core   0: 1 0x0000000080005fcc (0x002a8ebb) x29 0x0000000000000001
core   0: 0x0000000080005fd0 (0x03d8c8b3) div     a7, a7, t4
core   0: 1 0x0000000080005fd0 (0x03d8c8b3) x17 0x0000000017d4d000
core   0: 0x0000000080005fd4 (0xd02df453) fcvt.s.l fs0, s11
core   0: 1 0x0000000080005fd4 (0xd02df453) f8  0xffffffff00000000
core   0: 0x0000000080005fd8 (0x03c97133) remu    sp, s2, t3
core   0: 1 0x0000000080005fd8 (0x03c97133) x2  0xfffffffffffff86e
core   0: 0x0000000080005fdc (0x40e10dbb) subw    s11, sp, a4
core   0: 1 0x0000000080005fdc (0x40e10dbb) x27 0xfffffffffffff86e
core   0: 0x0000000080005fe0 (0x0216fe33) remu    t3, a3, ra
core   0: 1 0x0000000080005fe0 (0x0216fe33) x28 0x7fffffffffffffff
core   0: 0x0000000080005fe4 (0x02372d33) mulhsu  s10, a4, gp
core   0: 1 0x0000000080005fe4 (0x02372d33) x26 0x0000000000000000
core   0: 0x0000000080005fe8 (0x01996333) or      t1, s2, s9
core   0: 1 0x0000000080005fe8 (0x01996333) x6  0xfffffffffffff86e
core   0: 0x0000000080005fec (0xd02d7c53) fcvt.s.l fs8, s10
core   0: 1 0x0000000080005fec (0xd02d7c53) f24 0xffffffff00000000
core   0: 0x0000000080005ff0 (0x23ac0d53) fsgnj.d fs10, fs8, fs10
core   0: 1 0x0000000080005ff0 (0x23ac0d53) f26 0xffffffff00000000
core   0: 0x0000000080005ff4 (0x0065d7b3) srl     a5, a1, t1
core   0: 1 0x0000000080005ff4 (0x0065d7b3) x15 0x0000000000000000
core   0: 0x0000000080005ff8 (0x02b304b3) mul     s1, t1, a1
core   0: 1 0x0000000080005ff8 (0x02b304b3) x9  0xfffffc5ccc25b16a
core   0: 0x0000000080005ffc (0xb9148893) addi    a7, s1, -1135
core   0: 1 0x0000000080005ffc (0xb9148893) x17 0xfffffc5ccc25acfb
core   0: 0x0000000080006000 (0x031c61bb) remw    gp, s8, a7
core   0: 1 0x0000000080006000 (0x031c61bb) x3  0x0000000000000000
core   0: 0x0000000080006004 (0x0073e6b3) or      a3, t2, t2
core   0: 1 0x0000000080006004 (0x0073e6b3) x13 0xffffffffe82b300b
core   0: 0x0000000080006008 (0x001099b3) sll     s3, ra, ra
core   0: 1 0x0000000080006008 (0x001099b3) x19 0x8000000000000000
core   0: 0x000000008000600c (0x00131773) csrrw   a4, fflags, t1
core   0: 1 0x000000008000600c (0x00131773) x14 0x0000000000000013 c1_fflags 0x000000000000000e
core   0: 0x0000000080006010 (0xc026f1d3) fcvt.l.s gp, fa3
core   0: 1 0x0000000080006010 (0xc026f1d3) c1_fflags 0x000000000000001e x3  0x7fffffffffffffff
core   0: 0x0000000080006014 (0x40fd0e3b) subw    t3, s10, a5
core   0: 1 0x0000000080006014 (0x40fd0e3b) x28 0x0000000000000000
core   0: 0x0000000080006018 (0x002c19f3) csrrw   s3, frm, s8
core   0: 1 0x0000000080006018 (0x002c19f3) x19 0x0000000000000000 c2_frm 0x0000000000000000
core   0: >>>>  write_tohost
core   0: 0x000000008000601c (0x9c8fa0ef) jal     pc - 0x5e38
core   0: 1 0x000000008000601c (0x9c8fa0ef) x1  0x0000000080006020
core   0: >>>>  _exit
core   0: 0x00000000800001e4 (0x00004505) c.li    a0, 1
core   0: 1 0x00000000800001e4 (0x4505) x10 0x0000000000000001
core   0: 0x00000000800001e6 (0x00001f17) auipc   t5, 0x1
core   0: 1 0x00000000800001e6 (0x00001f17) x30 0x00000000800011e6
core   0: 0x00000000800001ea (0xe0af2d23) sw      a0, -486(t5)
core   0: 1 0x00000000800001ea (0xe0af2d23) mem 0x0000000080001000 0x00000001
cp /home/server/RISCV/cva6/verif/sim/out/seed_728/spike_sim/new_seeds_728_.cv64a6_imafdc_sv39.log.iss /home/server/RISCV/cva6/verif/sim/out/seed_728/spike_sim/new_seeds_728_.cv64a6_imafdc_sv39.log
