Makefile:14: must set CVA6_REPO_DIR to point at the root of CVA6 sources and CVA6_TB_DIR to point here -- doing it for you...
LD_LIBRARY_PATH="$(realpath ../../tools/spike/lib):$LD_LIBRARY_PATH" \
	/home/server/RISCV/cva6/tools/spike/bin/spike --steps=2000000  --log-commits --isa=rv64gc_zba_zbb_zbs_zbc_zicsr_zifencei --priv=msu -l /home/server/RISCV/cva6/verif/sim/out/seed_1069/directed_asm_tests/new_seeds_1069_.o
[SPIKE] Max simulation steps: 2000000
[SPIKE] Proc 0 | ISA: rv64gc_zba_zbb_zbs_zbc_zicsr_zifencei PRIV: msu
[SPIKE] Initializing memories...
core   0: 0x0000000000010000 (0x00100413) li      s0, 1
core   0: 3 0x0000000000010000 (0x00100413) x8  0x0000000000000001
core   0: 0x0000000000010004 (0x01f41413) slli    s0, s0, 31
core   0: 3 0x0000000000010004 (0x01f41413) x8  0x0000000080000000
core   0: 0x0000000000010008 (0xf1402573) csrrs   a0, mhartid, zero
core   0: 3 0x0000000000010008 (0xf1402573) x10 0x0000000000000000
core   0: 0x000000000001000c (0x00000597) auipc   a1, 0x0
core   0: 3 0x000000000001000c (0x00000597) x11 0x000000000001000c
core   0: 0x0000000000010010 (0x07458593) addi    a1, a1, 116
core   0: 3 0x0000000000010010 (0x07458593) x11 0x0000000000010080
core   0: 0x0000000000010014 (0x00040067) jr      s0
core   0: 3 0x0000000000010014 (0x00040067)
core   0: >>>>  _start
core   0: 0x0000000080000000 (0x00004081) c.li    ra, 0
core   0: 3 0x0000000080000000 (0x4081) x1  0x0000000000000000
core   0: 0x0000000080000002 (0x00004101) c.li    sp, 0
core   0: 3 0x0000000080000002 (0x4101) x2  0x0000000000000000
core   0: 0x0000000080000004 (0x00004181) c.li    gp, 0
core   0: 3 0x0000000080000004 (0x4181) x3  0x0000000000000000
core   0: 0x0000000080000006 (0x00004201) c.li    tp, 0
core   0: 3 0x0000000080000006 (0x4201) x4  0x0000000000000000
core   0: 0x0000000080000008 (0x00004281) c.li    t0, 0
core   0: 3 0x0000000080000008 (0x4281) x5  0x0000000000000000
core   0: 0x000000008000000a (0x00004301) c.li    t1, 0
core   0: 3 0x000000008000000a (0x4301) x6  0x0000000000000000
core   0: 0x000000008000000c (0x00004381) c.li    t2, 0
core   0: 3 0x000000008000000c (0x4381) x7  0x0000000000000000
core   0: 0x000000008000000e (0x00004401) c.li    s0, 0
core   0: 3 0x000000008000000e (0x4401) x8  0x0000000000000000
core   0: 0x0000000080000010 (0x00004481) c.li    s1, 0
core   0: 3 0x0000000080000010 (0x4481) x9  0x0000000000000000
core   0: 0x0000000080000012 (0x00004501) c.li    a0, 0
core   0: 3 0x0000000080000012 (0x4501) x10 0x0000000000000000
core   0: 0x0000000080000014 (0x00004581) c.li    a1, 0
core   0: 3 0x0000000080000014 (0x4581) x11 0x0000000000000000
core   0: 0x0000000080000016 (0x00004601) c.li    a2, 0
core   0: 3 0x0000000080000016 (0x4601) x12 0x0000000000000000
core   0: 0x0000000080000018 (0x00004681) c.li    a3, 0
core   0: 3 0x0000000080000018 (0x4681) x13 0x0000000000000000
core   0: 0x000000008000001a (0x00004701) c.li    a4, 0
core   0: 3 0x000000008000001a (0x4701) x14 0x0000000000000000
core   0: 0x000000008000001c (0x00004781) c.li    a5, 0
core   0: 3 0x000000008000001c (0x4781) x15 0x0000000000000000
core   0: 0x000000008000001e (0x00004801) c.li    a6, 0
core   0: 3 0x000000008000001e (0x4801) x16 0x0000000000000000
core   0: 0x0000000080000020 (0x00004881) c.li    a7, 0
core   0: 3 0x0000000080000020 (0x4881) x17 0x0000000000000000
core   0: 0x0000000080000022 (0x00004901) c.li    s2, 0
core   0: 3 0x0000000080000022 (0x4901) x18 0x0000000000000000
core   0: 0x0000000080000024 (0x00004981) c.li    s3, 0
core   0: 3 0x0000000080000024 (0x4981) x19 0x0000000000000000
core   0: 0x0000000080000026 (0x00004a01) c.li    s4, 0
core   0: 3 0x0000000080000026 (0x4a01) x20 0x0000000000000000
core   0: 0x0000000080000028 (0x00004a81) c.li    s5, 0
core   0: 3 0x0000000080000028 (0x4a81) x21 0x0000000000000000
core   0: 0x000000008000002a (0x00004b01) c.li    s6, 0
core   0: 3 0x000000008000002a (0x4b01) x22 0x0000000000000000
core   0: 0x000000008000002c (0x00004b81) c.li    s7, 0
core   0: 3 0x000000008000002c (0x4b81) x23 0x0000000000000000
core   0: 0x000000008000002e (0x00004c01) c.li    s8, 0
core   0: 3 0x000000008000002e (0x4c01) x24 0x0000000000000000
core   0: 0x0000000080000030 (0x00004c81) c.li    s9, 0
core   0: 3 0x0000000080000030 (0x4c81) x25 0x0000000000000000
core   0: 0x0000000080000032 (0x00004d01) c.li    s10, 0
core   0: 3 0x0000000080000032 (0x4d01) x26 0x0000000000000000
core   0: 0x0000000080000034 (0x00004d81) c.li    s11, 0
core   0: 3 0x0000000080000034 (0x4d81) x27 0x0000000000000000
core   0: 0x0000000080000036 (0x00004e01) c.li    t3, 0
core   0: 3 0x0000000080000036 (0x4e01) x28 0x0000000000000000
core   0: 0x0000000080000038 (0x00004e81) c.li    t4, 0
core   0: 3 0x0000000080000038 (0x4e81) x29 0x0000000000000000
core   0: 0x000000008000003a (0x00004f01) c.li    t5, 0
core   0: 3 0x000000008000003a (0x4f01) x30 0x0000000000000000
core   0: 0x000000008000003c (0x00004f81) c.li    t6, 0
core   0: 3 0x000000008000003c (0x4f81) x31 0x0000000000000000
core   0: 0x000000008000003e (0x000062f9) c.lui   t0, 0x1e
core   0: 3 0x000000008000003e (0x62f9) x5  0x000000000001e000
core   0: 0x0000000080000040 (0x3002a073) csrrs   zero, mstatus, t0
core   0: 3 0x0000000080000040 (0x3002a073) c768_mstatus 0x8000000a00006000
core   0: 0x0000000080000044 (0x00004285) c.li    t0, 1
core   0: 3 0x0000000080000044 (0x4285) x5  0x0000000000000001
core   0: 0x0000000080000046 (0x000002fe) c.slli  t0, 31
core   0: 3 0x0000000080000046 (0x02fe) x5  0x0000000080000000
core   0: 0x0000000080000048 (0x0002d863) bge     t0, zero, pc + 16
core   0: 3 0x0000000080000048 (0x0002d863)
core   0: 0x0000000080000058 (0x00000297) auipc   t0, 0x0
core   0: 3 0x0000000080000058 (0x00000297) x5  0x0000000080000058
core   0: 0x000000008000005c (0x09028293) addi    t0, t0, 144
core   0: 3 0x000000008000005c (0x09028293) x5  0x00000000800000e8
core   0: 0x0000000080000060 (0x30529073) csrrw   zero, mtvec, t0
core   0: 3 0x0000000080000060 (0x30529073) c773_mtvec 0x00000000800000e8
core   0: 0x0000000080000064 (0x00301073) csrrw   zero, fcsr, zero
core   0: 3 0x0000000080000064 (0x00301073) c1_fflags 0x0000000000000000 c2_frm 0x0000000000000000
core   0: 0x0000000080000068 (0xf0000053) fmv.w.x ft0, zero
core   0: 3 0x0000000080000068 (0xf0000053) f0  0xffffffff00000000
core   0: 0x000000008000006c (0xf00000d3) fmv.w.x ft1, zero
core   0: 3 0x000000008000006c (0xf00000d3) f1  0xffffffff00000000
core   0: 0x0000000080000070 (0xf0000153) fmv.w.x ft2, zero
core   0: 3 0x0000000080000070 (0xf0000153) f2  0xffffffff00000000
core   0: 0x0000000080000074 (0xf00001d3) fmv.w.x ft3, zero
core   0: 3 0x0000000080000074 (0xf00001d3) f3  0xffffffff00000000
core   0: 0x0000000080000078 (0xf0000253) fmv.w.x ft4, zero
core   0: 3 0x0000000080000078 (0xf0000253) f4  0xffffffff00000000
core   0: 0x000000008000007c (0xf00002d3) fmv.w.x ft5, zero
core   0: 3 0x000000008000007c (0xf00002d3) f5  0xffffffff00000000
core   0: 0x0000000080000080 (0xf0000353) fmv.w.x ft6, zero
core   0: 3 0x0000000080000080 (0xf0000353) f6  0xffffffff00000000
core   0: 0x0000000080000084 (0xf00003d3) fmv.w.x ft7, zero
core   0: 3 0x0000000080000084 (0xf00003d3) f7  0xffffffff00000000
core   0: 0x0000000080000088 (0xf0000453) fmv.w.x fs0, zero
core   0: 3 0x0000000080000088 (0xf0000453) f8  0xffffffff00000000
core   0: 0x000000008000008c (0xf00004d3) fmv.w.x fs1, zero
core   0: 3 0x000000008000008c (0xf00004d3) f9  0xffffffff00000000
core   0: 0x0000000080000090 (0xf0000553) fmv.w.x fa0, zero
core   0: 3 0x0000000080000090 (0xf0000553) f10 0xffffffff00000000
core   0: 0x0000000080000094 (0xf00005d3) fmv.w.x fa1, zero
core   0: 3 0x0000000080000094 (0xf00005d3) f11 0xffffffff00000000
core   0: 0x0000000080000098 (0xf0000653) fmv.w.x fa2, zero
core   0: 3 0x0000000080000098 (0xf0000653) f12 0xffffffff00000000
core   0: 0x000000008000009c (0xf00006d3) fmv.w.x fa3, zero
core   0: 3 0x000000008000009c (0xf00006d3) f13 0xffffffff00000000
core   0: 0x00000000800000a0 (0xf0000753) fmv.w.x fa4, zero
core   0: 3 0x00000000800000a0 (0xf0000753) f14 0xffffffff00000000
core   0: 0x00000000800000a4 (0xf00007d3) fmv.w.x fa5, zero
core   0: 3 0x00000000800000a4 (0xf00007d3) f15 0xffffffff00000000
core   0: 0x00000000800000a8 (0xf0000853) fmv.w.x fa6, zero
core   0: 3 0x00000000800000a8 (0xf0000853) f16 0xffffffff00000000
core   0: 0x00000000800000ac (0xf00008d3) fmv.w.x fa7, zero
core   0: 3 0x00000000800000ac (0xf00008d3) f17 0xffffffff00000000
core   0: 0x00000000800000b0 (0xf0000953) fmv.w.x fs2, zero
core   0: 3 0x00000000800000b0 (0xf0000953) f18 0xffffffff00000000
core   0: 0x00000000800000b4 (0xf00009d3) fmv.w.x fs3, zero
core   0: 3 0x00000000800000b4 (0xf00009d3) f19 0xffffffff00000000
core   0: 0x00000000800000b8 (0xf0000a53) fmv.w.x fs4, zero
core   0: 3 0x00000000800000b8 (0xf0000a53) f20 0xffffffff00000000
core   0: 0x00000000800000bc (0xf0000ad3) fmv.w.x fs5, zero
core   0: 3 0x00000000800000bc (0xf0000ad3) f21 0xffffffff00000000
core   0: 0x00000000800000c0 (0xf0000b53) fmv.w.x fs6, zero
core   0: 3 0x00000000800000c0 (0xf0000b53) f22 0xffffffff00000000
core   0: 0x00000000800000c4 (0xf0000bd3) fmv.w.x fs7, zero
core   0: 3 0x00000000800000c4 (0xf0000bd3) f23 0xffffffff00000000
core   0: 0x00000000800000c8 (0xf0000c53) fmv.w.x fs8, zero
core   0: 3 0x00000000800000c8 (0xf0000c53) f24 0xffffffff00000000
core   0: 0x00000000800000cc (0xf0000cd3) fmv.w.x fs9, zero
core   0: 3 0x00000000800000cc (0xf0000cd3) f25 0xffffffff00000000
core   0: 0x00000000800000d0 (0xf0000d53) fmv.w.x fs10, zero
core   0: 3 0x00000000800000d0 (0xf0000d53) f26 0xffffffff00000000
core   0: 0x00000000800000d4 (0xf0000dd3) fmv.w.x fs11, zero
core   0: 3 0x00000000800000d4 (0xf0000dd3) f27 0xffffffff00000000
core   0: 0x00000000800000d8 (0xf0000e53) fmv.w.x ft8, zero
core   0: 3 0x00000000800000d8 (0xf0000e53) f28 0xffffffff00000000
core   0: 0x00000000800000dc (0xf0000ed3) fmv.w.x ft9, zero
core   0: 3 0x00000000800000dc (0xf0000ed3) f29 0xffffffff00000000
core   0: 0x00000000800000e0 (0xf0000f53) fmv.w.x ft10, zero
core   0: 3 0x00000000800000e0 (0xf0000f53) f30 0xffffffff00000000
core   0: 0x00000000800000e4 (0xf0000fd3) fmv.w.x ft11, zero
core   0: 3 0x00000000800000e4 (0xf0000fd3) f31 0xffffffff00000000
core   0: 0x00000000800000e8 (0x00000297) auipc   t0, 0x0
core   0: 3 0x00000000800000e8 (0x00000297) x5  0x00000000800000e8
core   0: 0x00000000800000ec (0x03c28293) addi    t0, t0, 60
core   0: 3 0x00000000800000ec (0x03c28293) x5  0x0000000080000124
core   0: 0x00000000800000f0 (0x30529073) csrrw   zero, mtvec, t0
core   0: 3 0x00000000800000f0 (0x30529073) c773_mtvec 0x0000000080000124
core   0: 0x00000000800000f4 (0x00012197) auipc   gp, 0x12
core   0: 3 0x00000000800000f4 (0x00012197) x3  0x00000000800120f4
core   0: 0x00000000800000f8 (0x73418193) addi    gp, gp, 1844
core   0: 3 0x00000000800000f8 (0x73418193) x3  0x0000000080012828
core   0: 0x00000000800000fc (0x00012217) auipc   tp, 0x12
core   0: 3 0x00000000800000fc (0x00012217) x4  0x00000000800120fc
core   0: 0x0000000080000100 (0xf8320213) addi    tp, tp, -125
core   0: 3 0x0000000080000100 (0xf8320213) x4  0x000000008001207f
core   0: 0x0000000080000104 (0xfc027213) andi    tp, tp, -64
core   0: 3 0x0000000080000104 (0xfc027213) x4  0x0000000080012040
core   0: 0x0000000080000108 (0xf1402573) csrrs   a0, mhartid, zero
core   0: 3 0x0000000080000108 (0xf1402573) x10 0x0000000000000000
core   0: 0x000000008000010c (0x00004585) c.li    a1, 1
core   0: 3 0x000000008000010c (0x4585) x11 0x0000000000000001
core   0: 0x000000008000010e (0x00b57063) bgeu    a0, a1, pc + 0
core   0: 3 0x000000008000010e (0x00b57063)
core   0: 0x0000000080000112 (0x00150113) addi    sp, a0, 1
core   0: 3 0x0000000080000112 (0x00150113) x2  0x0000000000000001
core   0: 0x0000000080000116 (0x00000146) c.slli  sp, 17
core   0: 3 0x0000000080000116 (0x0146) x2  0x0000000000020000
core   0: 0x0000000080000118 (0x00009112) c.add   sp, tp
core   0: 3 0x0000000080000118 (0x9112) x2  0x0000000080032040
core   0: 0x000000008000011a (0x01151613) slli    a2, a0, 17
core   0: 3 0x000000008000011a (0x01151613) x12 0x0000000000000000
core   0: 0x000000008000011e (0x00009232) c.add   tp, a2
core   0: 3 0x000000008000011e (0x9232) x4  0x0000000080012040
core   0: 0x0000000080000120 (0x3ce0f06f) j       pc + 0xf3ce
core   0: 3 0x0000000080000120 (0x3ce0f06f)
core   0: >>>>  _init
core   0: 0x000000008000f4ee (0x00007171) c.addi16sp sp, -176
core   0: 3 0x000000008000f4ee (0x7171) x2  0x0000000080031f90
core   0: 0x000000008000f4f0 (0x0000f506) c.sdsp  ra, 168(sp)
core   0: 3 0x000000008000f4f0 (0xf506) mem 0x0000000080032038 0x0000000000000000
core   0: 0x000000008000f4f2 (0x0000f122) c.sdsp  s0, 160(sp)
core   0: 3 0x000000008000f4f2 (0xf122) mem 0x0000000080032030 0x0000000000000000
core   0: 0x000000008000f4f4 (0x0000ed26) c.sdsp  s1, 152(sp)
core   0: 3 0x000000008000f4f4 (0xed26) mem 0x0000000080032028 0x0000000000000000
core   0: 0x000000008000f4f6 (0x00001900) c.addi4spn s0, sp, 176
core   0: 3 0x000000008000f4f6 (0x1900) x8  0x0000000080032040
core   0: 0x000000008000f4f8 (0x000087aa) c.mv    a5, a0
core   0: 3 0x000000008000f4f8 (0x87aa) x15 0x0000000000000000
core   0: 0x000000008000f4fa (0x0000872e) c.mv    a4, a1
core   0: 3 0x000000008000f4fa (0x872e) x14 0x0000000000000001
core   0: 0x000000008000f4fc (0xf4f42e23) sw      a5, -164(s0)
core   0: 3 0x000000008000f4fc (0xf4f42e23) mem 0x0000000080031f9c 0x00000000
core   0: 0x000000008000f500 (0x000087ba) c.mv    a5, a4
core   0: 3 0x000000008000f500 (0x87ba) x15 0x0000000000000001
core   0: 0x000000008000f502 (0xf4f42c23) sw      a5, -168(s0)
core   0: 3 0x000000008000f502 (0xf4f42c23) mem 0x0000000080031f98 0x00000001
core   0: 0x000000008000f506 (0xfe040793) addi    a5, s0, -32
core   0: 3 0x000000008000f506 (0xfe040793) x15 0x0000000080032020
core   0: 0x000000008000f50a (0xf4f43823) sd      a5, -176(s0)
core   0: 3 0x000000008000f50a (0xf4f43823) mem 0x0000000080031f90 0x0000000080032020
core   0: 0x000000008000f50e (0xf5043783) ld      a5, -176(s0)
core   0: 3 0x000000008000f50e (0xf5043783) x15 0x0000000080032020 mem 0x0000000080031f90
core   0: 0x000000008000f512 (0xf8078793) addi    a5, a5, -128
core   0: 3 0x000000008000f512 (0xf8078793) x15 0x0000000080031fa0
core   0: 0x000000008000f516 (0x03f78793) addi    a5, a5, 63
core   0: 3 0x000000008000f516 (0x03f78793) x15 0x0000000080031fdf
core   0: 0x000000008000f51a (0x00008399) c.srli  a5, 6
core   0: 3 0x000000008000f51a (0x8399) x15 0x0000000002000c7f
core   0: 0x000000008000f51c (0x00679493) slli    s1, a5, 6
core   0: 3 0x000000008000f51c (0x00679493) x9  0x0000000080031fc0
core   0: 0x000000008000f520 (0xf65ff0ef) jal     pc - 0x9c
core   0: 3 0x000000008000f520 (0xf65ff0ef) x1  0x000000008000f524
core   0: >>>>  init_tls
core   0: 0x000000008000f484 (0x00001101) c.addi  sp, -32
core   0: 3 0x000000008000f484 (0x1101) x2  0x0000000080031f70
core   0: 0x000000008000f486 (0x0000ec06) c.sdsp  ra, 24(sp)
core   0: 3 0x000000008000f486 (0xec06) mem 0x0000000080031f88 0x000000008000f524
core   0: 0x000000008000f488 (0x0000e822) c.sdsp  s0, 16(sp)
core   0: 3 0x000000008000f488 (0xe822) mem 0x0000000080031f80 0x0000000080032040
core   0: 0x000000008000f48a (0x00001000) c.addi4spn s0, sp, 32
core   0: 3 0x000000008000f48a (0x1000) x8  0x0000000080031f90
core   0: 0x000000008000f48c (0x00003717) auipc   a4, 0x3
core   0: 3 0x000000008000f48c (0x00003717) x14 0x000000008001248c
core   0: 0x000000008000f490 (0xb9c70713) addi    a4, a4, -1124
core   0: 3 0x000000008000f490 (0xb9c70713) x14 0x0000000080012028
core   0: 0x000000008000f494 (0x00003797) auipc   a5, 0x3
core   0: 3 0x000000008000f494 (0x00003797) x15 0x0000000080012494
core   0: 0x000000008000f498 (0xb9478793) addi    a5, a5, -1132
core   0: 3 0x000000008000f498 (0xb9478793) x15 0x0000000080012028
core   0: 0x000000008000f49c (0x40f707b3) sub     a5, a4, a5
core   0: 3 0x000000008000f49c (0x40f707b3) x15 0x0000000000000000
core   0: 0x000000008000f4a0 (0xfef43423) sd      a5, -24(s0)
core   0: 3 0x000000008000f4a0 (0xfef43423) mem 0x0000000080031f78 0x0000000000000000
core   0: 0x000000008000f4a4 (0x00008792) c.mv    a5, tp
core   0: 3 0x000000008000f4a4 (0x8792) x15 0x0000000080012040
core   0: 0x000000008000f4a6 (0xfe843603) ld      a2, -24(s0)
core   0: 3 0x000000008000f4a6 (0xfe843603) x12 0x0000000000000000 mem 0x0000000080031f78
core   0: 0x000000008000f4aa (0x00003597) auipc   a1, 0x3
core   0: 3 0x000000008000f4aa (0x00003597) x11 0x00000000800124aa
core   0: 0x000000008000f4ae (0xb7e58593) addi    a1, a1, -1154
core   0: 3 0x000000008000f4ae (0xb7e58593) x11 0x0000000080012028
core   0: 0x000000008000f4b2 (0x0000853e) c.mv    a0, a5
core   0: 3 0x000000008000f4b2 (0x853e) x10 0x0000000080012040
core   0: 0x000000008000f4b4 (0x0f9000ef) jal     pc + 0x8f8
core   0: 3 0x000000008000f4b4 (0x0f9000ef) x1  0x000000008000f4b8
core   0: >>>>  memcpy
core   0: 0x000000008000fdac (0x0000715d) c.addi16sp sp, -80
core   0: 3 0x000000008000fdac (0x715d) x2  0x0000000080031f20
core   0: 0x000000008000fdae (0x0000e4a2) c.sdsp  s0, 72(sp)
core   0: 3 0x000000008000fdae (0xe4a2) mem 0x0000000080031f68 0x0000000080031f90
core   0: 0x000000008000fdb0 (0x00000880) c.addi4spn s0, sp, 80
core   0: 3 0x000000008000fdb0 (0x0880) x8  0x0000000080031f70
core   0: 0x000000008000fdb2 (0xfca43423) sd      a0, -56(s0)
core   0: 3 0x000000008000fdb2 (0xfca43423) mem 0x0000000080031f38 0x0000000080012040
core   0: 0x000000008000fdb6 (0xfcb43023) sd      a1, -64(s0)
core   0: 3 0x000000008000fdb6 (0xfcb43023) mem 0x0000000080031f30 0x0000000080012028
core   0: 0x000000008000fdba (0xfac43c23) sd      a2, -72(s0)
core   0: 3 0x000000008000fdba (0xfac43c23) mem 0x0000000080031f28 0x0000000000000000
core   0: 0x000000008000fdbe (0xfc843703) ld      a4, -56(s0)
core   0: 3 0x000000008000fdbe (0xfc843703) x14 0x0000000080012040 mem 0x0000000080031f38
core   0: 0x000000008000fdc2 (0xfc043783) ld      a5, -64(s0)
core   0: 3 0x000000008000fdc2 (0xfc043783) x15 0x0000000080012028 mem 0x0000000080031f30
core   0: 0x000000008000fdc6 (0x00008f5d) c.or    a4, a5
core   0: 3 0x000000008000fdc6 (0x8f5d) x14 0x0000000080012068
core   0: 0x000000008000fdc8 (0xfb843783) ld      a5, -72(s0)
core   0: 3 0x000000008000fdc8 (0xfb843783) x15 0x0000000000000000 mem 0x0000000080031f28
core   0: 0x000000008000fdcc (0x00008fd9) c.or    a5, a4
core   0: 3 0x000000008000fdcc (0x8fd9) x15 0x0000000080012068
core   0: 0x000000008000fdce (0x00008b9d) c.andi  a5, 7
core   0: 3 0x000000008000fdce (0x8b9d) x15 0x0000000000000000
core   0: 0x000000008000fdd0 (0x0000e3b1) c.bnez  a5, pc + 68
core   0: 3 0x000000008000fdd0 (0xe3b1)
core   0: 0x000000008000fdd2 (0xfc043783) ld      a5, -64(s0)
core   0: 3 0x000000008000fdd2 (0xfc043783) x15 0x0000000080012028 mem 0x0000000080031f30
core   0: 0x000000008000fdd6 (0xfef43423) sd      a5, -24(s0)
core   0: 3 0x000000008000fdd6 (0xfef43423) mem 0x0000000080031f58 0x0000000080012028
core   0: 0x000000008000fdda (0xfc843783) ld      a5, -56(s0)
core   0: 3 0x000000008000fdda (0xfc843783) x15 0x0000000080012040 mem 0x0000000080031f38
core   0: 0x000000008000fdde (0xfef43023) sd      a5, -32(s0)
core   0: 3 0x000000008000fdde (0xfef43023) mem 0x0000000080031f50 0x0000000080012040
core   0: 0x000000008000fde2 (0x0000a839) c.j     pc + 30
core   0: 3 0x000000008000fde2 (0xa839)
core   0: 0x000000008000fe00 (0xfc843703) ld      a4, -56(s0)
core   0: 3 0x000000008000fe00 (0xfc843703) x14 0x0000000080012040 mem 0x0000000080031f38
core   0: 0x000000008000fe04 (0xfb843783) ld      a5, -72(s0)
core   0: 3 0x000000008000fe04 (0xfb843783) x15 0x0000000000000000 mem 0x0000000080031f28
core   0: 0x000000008000fe08 (0x000097ba) c.add   a5, a4
core   0: 3 0x000000008000fe08 (0x97ba) x15 0x0000000080012040
core   0: 0x000000008000fe0a (0xfe043703) ld      a4, -32(s0)
core   0: 3 0x000000008000fe0a (0xfe043703) x14 0x0000000080012040 mem 0x0000000080031f50
core   0: 0x000000008000fe0e (0xfcf76be3) bltu    a4, a5, pc - 42
core   0: 3 0x000000008000fe0e (0xfcf76be3)
core   0: 0x000000008000fe12 (0x0000a099) c.j     pc + 70
core   0: 3 0x000000008000fe12 (0xa099)
core   0: 0x000000008000fe58 (0xfc843783) ld      a5, -56(s0)
core   0: 3 0x000000008000fe58 (0xfc843783) x15 0x0000000080012040 mem 0x0000000080031f38
core   0: 0x000000008000fe5c (0x0000853e) c.mv    a0, a5
core   0: 3 0x000000008000fe5c (0x853e) x10 0x0000000080012040
core   0: 0x000000008000fe5e (0x00006426) c.ldsp  s0, 72(sp)
core   0: 3 0x000000008000fe5e (0x6426) x8  0x0000000080031f90 mem 0x0000000080031f68
core   0: 0x000000008000fe60 (0x00006161) c.addi16sp sp, 80
core   0: 3 0x000000008000fe60 (0x6161) x2  0x0000000080031f70
core   0: 0x000000008000fe62 (0x00008082) ret
core   0: 3 0x000000008000fe62 (0x8082)
core   0: 0x000000008000f4b8 (0x00003717) auipc   a4, 0x3
core   0: 3 0x000000008000f4b8 (0x00003717) x14 0x00000000800124b8
core   0: 0x000000008000f4bc (0xc0c70713) addi    a4, a4, -1012
core   0: 3 0x000000008000f4bc (0xc0c70713) x14 0x00000000800120c4
core   0: 0x000000008000f4c0 (0x00003797) auipc   a5, 0x3
core   0: 3 0x000000008000f4c0 (0x00003797) x15 0x00000000800124c0
core   0: 0x000000008000f4c4 (0xb6878793) addi    a5, a5, -1176
core   0: 3 0x000000008000f4c4 (0xb6878793) x15 0x0000000080012028
core   0: 0x000000008000f4c8 (0x40f707b3) sub     a5, a4, a5
core   0: 3 0x000000008000f4c8 (0x40f707b3) x15 0x000000000000009c
core   0: 0x000000008000f4cc (0xfef43023) sd      a5, -32(s0)
core   0: 3 0x000000008000f4cc (0xfef43023) mem 0x0000000080031f70 0x000000000000009c
core   0: 0x000000008000f4d0 (0x00008712) c.mv    a4, tp
core   0: 3 0x000000008000f4d0 (0x8712) x14 0x0000000080012040
core   0: 0x000000008000f4d2 (0xfe843783) ld      a5, -24(s0)
core   0: 3 0x000000008000f4d2 (0xfe843783) x15 0x0000000000000000 mem 0x0000000080031f78
core   0: 0x000000008000f4d6 (0x000097ba) c.add   a5, a4
core   0: 3 0x000000008000f4d6 (0x97ba) x15 0x0000000080012040
core   0: 0x000000008000f4d8 (0xfe043603) ld      a2, -32(s0)
core   0: 3 0x000000008000f4d8 (0xfe043603) x12 0x000000000000009c mem 0x0000000080031f70
core   0: 0x000000008000f4dc (0x00004581) c.li    a1, 0
core   0: 3 0x000000008000f4dc (0x4581) x11 0x0000000000000000
core   0: 0x000000008000f4de (0x0000853e) c.mv    a0, a5
core   0: 3 0x000000008000f4de (0x853e) x10 0x0000000080012040
core   0: 0x000000008000f4e0 (0x185000ef) jal     pc + 0x984
core   0: 3 0x000000008000f4e0 (0x185000ef) x1  0x000000008000f4e4
core   0: >>>>  memset
core   0: 0x000000008000fe64 (0x0000715d) c.addi16sp sp, -80
core   0: 3 0x000000008000fe64 (0x715d) x2  0x0000000080031f20
core   0: 0x000000008000fe66 (0x0000e4a2) c.sdsp  s0, 72(sp)
core   0: 3 0x000000008000fe66 (0xe4a2) mem 0x0000000080031f68 0x0000000080031f90
core   0: 0x000000008000fe68 (0x00000880) c.addi4spn s0, sp, 80
core   0: 3 0x000000008000fe68 (0x0880) x8  0x0000000080031f70
core   0: 0x000000008000fe6a (0xfca43423) sd      a0, -56(s0)
core   0: 3 0x000000008000fe6a (0xfca43423) mem 0x0000000080031f38 0x0000000080012040
core   0: 0x000000008000fe6e (0x000087ae) c.mv    a5, a1
core   0: 3 0x000000008000fe6e (0x87ae) x15 0x0000000000000000
core   0: 0x000000008000fe70 (0xfac43c23) sd      a2, -72(s0)
core   0: 3 0x000000008000fe70 (0xfac43c23) mem 0x0000000080031f28 0x000000000000009c
core   0: 0x000000008000fe74 (0xfcf42223) sw      a5, -60(s0)
core   0: 3 0x000000008000fe74 (0xfcf42223) mem 0x0000000080031f34 0x00000000
core   0: 0x000000008000fe78 (0xfc843703) ld      a4, -56(s0)
core   0: 3 0x000000008000fe78 (0xfc843703) x14 0x0000000080012040 mem 0x0000000080031f38
core   0: 0x000000008000fe7c (0xfb843783) ld      a5, -72(s0)
core   0: 3 0x000000008000fe7c (0xfb843783) x15 0x000000000000009c mem 0x0000000080031f28
core   0: 0x000000008000fe80 (0x00008fd9) c.or    a5, a4
core   0: 3 0x000000008000fe80 (0x8fd9) x15 0x00000000800120dc
core   0: 0x000000008000fe82 (0x00008b9d) c.andi  a5, 7
core   0: 3 0x000000008000fe82 (0x8b9d) x15 0x0000000000000004
core   0: 0x000000008000fe84 (0x0000e7bd) c.bnez  a5, pc + 110
core   0: 3 0x000000008000fe84 (0xe7bd)
core   0: 0x000000008000fef2 (0xfc843783) ld      a5, -56(s0)
core   0: 3 0x000000008000fef2 (0xfc843783) x15 0x0000000080012040 mem 0x0000000080031f38
core   0: 0x000000008000fef6 (0xfef43023) sd      a5, -32(s0)
core   0: 3 0x000000008000fef6 (0xfef43023) mem 0x0000000080031f50 0x0000000080012040
core   0: 0x000000008000fefa (0x0000a829) c.j     pc + 26
core   0: 3 0x000000008000fefa (0xa829)
core   0: 0x000000008000ff14 (0xfc843703) ld      a4, -56(s0)
core   0: 3 0x000000008000ff14 (0xfc843703) x14 0x0000000080012040 mem 0x0000000080031f38
core   0: 0x000000008000ff18 (0xfb843783) ld      a5, -72(s0)
core   0: 3 0x000000008000ff18 (0xfb843783) x15 0x000000000000009c mem 0x0000000080031f28
core   0: 0x000000008000ff1c (0x000097ba) c.add   a5, a4
core   0: 3 0x000000008000ff1c (0x97ba) x15 0x00000000800120dc
core   0: 0x000000008000ff1e (0xfe043703) ld      a4, -32(s0)
core   0: 3 0x000000008000ff1e (0xfe043703) x14 0x0000000080012040 mem 0x0000000080031f50
core   0: 0x000000008000ff22 (0xfcf76de3) bltu    a4, a5, pc - 38
core   0: 3 0x000000008000ff22 (0xfcf76de3)
core   0: 0x000000008000fefc (0xfe043783) ld      a5, -32(s0)
core   0: 3 0x000000008000fefc (0xfe043783) x15 0x0000000080012040 mem 0x0000000080031f50
core   0: 0x000000008000ff00 (0x00178713) addi    a4, a5, 1
core   0: 3 0x000000008000ff00 (0x00178713) x14 0x0000000080012041
core   0: 0x000000008000ff04 (0xfee43023) sd      a4, -32(s0)
core   0: 3 0x000000008000ff04 (0xfee43023) mem 0x0000000080031f50 0x0000000080012041
core   0: 0x000000008000ff08 (0xfc442703) lw      a4, -60(s0)
core   0: 3 0x000000008000ff08 (0xfc442703) x14 0x0000000000000000 mem 0x0000000080031f34
core   0: 0x000000008000ff0c (0x0ff77713) andi    a4, a4, 255
core   0: 3 0x000000008000ff0c (0x0ff77713) x14 0x0000000000000000
core   0: 0x000000008000ff10 (0x00e78023) sb      a4, 0(a5)
core   0: 3 0x000000008000ff10 (0x00e78023) mem 0x0000000080012040 0x00
core   0: 0x000000008000ff14 (0xfc843703) ld      a4, -56(s0)
core   0: 3 0x000000008000ff14 (0xfc843703) x14 0x0000000080012040 mem 0x0000000080031f38
core   0: 0x000000008000ff18 (0xfb843783) ld      a5, -72(s0)
core   0: 3 0x000000008000ff18 (0xfb843783) x15 0x000000000000009c mem 0x0000000080031f28
core   0: 0x000000008000ff1c (0x000097ba) c.add   a5, a4
core   0: 3 0x000000008000ff1c (0x97ba) x15 0x00000000800120dc
core   0: 0x000000008000ff1e (0xfe043703) ld      a4, -32(s0)
core   0: 3 0x000000008000ff1e (0xfe043703) x14 0x0000000080012041 mem 0x0000000080031f50
core   0: 0x000000008000ff22 (0xfcf76de3) bltu    a4, a5, pc - 38
core   0: 3 0x000000008000ff22 (0xfcf76de3)
core   0: 0x000000008000fefc (0xfe043783) ld      a5, -32(s0)
core   0: 3 0x000000008000fefc (0xfe043783) x15 0x0000000080012041 mem 0x0000000080031f50
core   0: 0x000000008000ff00 (0x00178713) addi    a4, a5, 1
core   0: 3 0x000000008000ff00 (0x00178713) x14 0x0000000080012042
core   0: 0x000000008000ff04 (0xfee43023) sd      a4, -32(s0)
core   0: 3 0x000000008000ff04 (0xfee43023) mem 0x0000000080031f50 0x0000000080012042
core   0: 0x000000008000ff08 (0xfc442703) lw      a4, -60(s0)
core   0: 3 0x000000008000ff08 (0xfc442703) x14 0x0000000000000000 mem 0x0000000080031f34
core   0: 0x000000008000ff0c (0x0ff77713) andi    a4, a4, 255
core   0: 3 0x000000008000ff0c (0x0ff77713) x14 0x0000000000000000
core   0: 0x000000008000ff10 (0x00e78023) sb      a4, 0(a5)
core   0: 3 0x000000008000ff10 (0x00e78023) mem 0x0000000080012041 0x00
core   0: 0x000000008000ff14 (0xfc843703) ld      a4, -56(s0)
core   0: 3 0x000000008000ff14 (0xfc843703) x14 0x0000000080012040 mem 0x0000000080031f38
core   0: 0x000000008000ff18 (0xfb843783) ld      a5, -72(s0)
core   0: 3 0x000000008000ff18 (0xfb843783) x15 0x000000000000009c mem 0x0000000080031f28
core   0: 0x000000008000ff1c (0x000097ba) c.add   a5, a4
core   0: 3 0x000000008000ff1c (0x97ba) x15 0x00000000800120dc
core   0: 0x000000008000ff1e (0xfe043703) ld      a4, -32(s0)
core   0: 3 0x000000008000ff1e (0xfe043703) x14 0x0000000080012042 mem 0x0000000080031f50
core   0: 0x000000008000ff22 (0xfcf76de3) bltu    a4, a5, pc - 38
core   0: 3 0x000000008000ff22 (0xfcf76de3)
core   0: 0x000000008000fefc (0xfe043783) ld      a5, -32(s0)
core   0: 3 0x000000008000fefc (0xfe043783) x15 0x0000000080012042 mem 0x0000000080031f50
core   0: 0x000000008000ff00 (0x00178713) addi    a4, a5, 1
core   0: 3 0x000000008000ff00 (0x00178713) x14 0x0000000080012043
core   0: 0x000000008000ff04 (0xfee43023) sd      a4, -32(s0)
core   0: 3 0x000000008000ff04 (0xfee43023) mem 0x0000000080031f50 0x0000000080012043
core   0: 0x000000008000ff08 (0xfc442703) lw      a4, -60(s0)
core   0: 3 0x000000008000ff08 (0xfc442703) x14 0x0000000000000000 mem 0x0000000080031f34
core   0: 0x000000008000ff0c (0x0ff77713) andi    a4, a4, 255
core   0: 3 0x000000008000ff0c (0x0ff77713) x14 0x0000000000000000
core   0: 0x000000008000ff10 (0x00e78023) sb      a4, 0(a5)
core   0: 3 0x000000008000ff10 (0x00e78023) mem 0x0000000080012042 0x00
core   0: 0x000000008000ff14 (0xfc843703) ld      a4, -56(s0)
core   0: 3 0x000000008000ff14 (0xfc843703) x14 0x0000000080012040 mem 0x0000000080031f38
core   0: 0x000000008000ff18 (0xfb843783) ld      a5, -72(s0)
core   0: 3 0x000000008000ff18 (0xfb843783) x15 0x000000000000009c mem 0x0000000080031f28
core   0: 0x000000008000ff1c (0x000097ba) c.add   a5, a4
core   0: 3 0x000000008000ff1c (0x97ba) x15 0x00000000800120dc
core   0: 0x000000008000ff1e (0xfe043703) ld      a4, -32(s0)
core   0: 3 0x000000008000ff1e (0xfe043703) x14 0x0000000080012043 mem 0x0000000080031f50
core   0: 0x000000008000ff22 (0xfcf76de3) bltu    a4, a5, pc - 38
core   0: 3 0x000000008000ff22 (0xfcf76de3)
core   0: 0x000000008000fefc (0xfe043783) ld      a5, -32(s0)
core   0: 3 0x000000008000fefc (0xfe043783) x15 0x0000000080012043 mem 0x0000000080031f50
core   0: 0x000000008000ff00 (0x00178713) addi    a4, a5, 1
core   0: 3 0x000000008000ff00 (0x00178713) x14 0x0000000080012044
core   0: 0x000000008000ff04 (0xfee43023) sd      a4, -32(s0)
core   0: 3 0x000000008000ff04 (0xfee43023) mem 0x0000000080031f50 0x0000000080012044
core   0: 0x000000008000ff08 (0xfc442703) lw      a4, -60(s0)
core   0: 3 0x000000008000ff08 (0xfc442703) x14 0x0000000000000000 mem 0x0000000080031f34
core   0: 0x000000008000ff0c (0x0ff77713) andi    a4, a4, 255
core   0: 3 0x000000008000ff0c (0x0ff77713) x14 0x0000000000000000
core   0: 0x000000008000ff10 (0x00e78023) sb      a4, 0(a5)
core   0: 3 0x000000008000ff10 (0x00e78023) mem 0x0000000080012043 0x00
core   0: 0x000000008000ff14 (0xfc843703) ld      a4, -56(s0)
core   0: 3 0x000000008000ff14 (0xfc843703) x14 0x0000000080012040 mem 0x0000000080031f38
core   0: 0x000000008000ff18 (0xfb843783) ld      a5, -72(s0)
core   0: 3 0x000000008000ff18 (0xfb843783) x15 0x000000000000009c mem 0x0000000080031f28
core   0: 0x000000008000ff1c (0x000097ba) c.add   a5, a4
core   0: 3 0x000000008000ff1c (0x97ba) x15 0x00000000800120dc
core   0: 0x000000008000ff1e (0xfe043703) ld      a4, -32(s0)
core   0: 3 0x000000008000ff1e (0xfe043703) x14 0x0000000080012044 mem 0x0000000080031f50
core   0: 0x000000008000ff22 (0xfcf76de3) bltu    a4, a5, pc - 38
core   0: 3 0x000000008000ff22 (0xfcf76de3)
core   0: 0x000000008000fefc (0xfe043783) ld      a5, -32(s0)
core   0: 3 0x000000008000fefc (0xfe043783) x15 0x0000000080012044 mem 0x0000000080031f50
core   0: 0x000000008000ff00 (0x00178713) addi    a4, a5, 1
core   0: 3 0x000000008000ff00 (0x00178713) x14 0x0000000080012045
core   0: 0x000000008000ff04 (0xfee43023) sd      a4, -32(s0)
core   0: 3 0x000000008000ff04 (0xfee43023) mem 0x0000000080031f50 0x0000000080012045
core   0: 0x000000008000ff08 (0xfc442703) lw      a4, -60(s0)
core   0: 3 0x000000008000ff08 (0xfc442703) x14 0x0000000000000000 mem 0x0000000080031f34
core   0: 0x000000008000ff0c (0x0ff77713) andi    a4, a4, 255
core   0: 3 0x000000008000ff0c (0x0ff77713) x14 0x0000000000000000
core   0: 0x000000008000ff10 (0x00e78023) sb      a4, 0(a5)
core   0: 3 0x000000008000ff10 (0x00e78023) mem 0x0000000080012044 0x00
core   0: 0x000000008000ff14 (0xfc843703) ld      a4, -56(s0)
core   0: 3 0x000000008000ff14 (0xfc843703) x14 0x0000000080012040 mem 0x0000000080031f38
core   0: 0x000000008000ff18 (0xfb843783) ld      a5, -72(s0)
core   0: 3 0x000000008000ff18 (0xfb843783) x15 0x000000000000009c mem 0x0000000080031f28
core   0: 0x000000008000ff1c (0x000097ba) c.add   a5, a4
core   0: 3 0x000000008000ff1c (0x97ba) x15 0x00000000800120dc
core   0: 0x000000008000ff1e (0xfe043703) ld      a4, -32(s0)
core   0: 3 0x000000008000ff1e (0xfe043703) x14 0x0000000080012045 mem 0x0000000080031f50
core   0: 0x000000008000ff22 (0xfcf76de3) bltu    a4, a5, pc - 38
core   0: 3 0x000000008000ff22 (0xfcf76de3)
core   0: 0x000000008000fefc (0xfe043783) ld      a5, -32(s0)
core   0: 3 0x000000008000fefc (0xfe043783) x15 0x0000000080012045 mem 0x0000000080031f50
core   0: 0x000000008000ff00 (0x00178713) addi    a4, a5, 1
core   0: 3 0x000000008000ff00 (0x00178713) x14 0x0000000080012046
core   0: 0x000000008000ff04 (0xfee43023) sd      a4, -32(s0)
core   0: 3 0x000000008000ff04 (0xfee43023) mem 0x0000000080031f50 0x0000000080012046
core   0: 0x000000008000ff08 (0xfc442703) lw      a4, -60(s0)
core   0: 3 0x000000008000ff08 (0xfc442703) x14 0x0000000000000000 mem 0x0000000080031f34
core   0: 0x000000008000ff0c (0x0ff77713) andi    a4, a4, 255
core   0: 3 0x000000008000ff0c (0x0ff77713) x14 0x0000000000000000
core   0: 0x000000008000ff10 (0x00e78023) sb      a4, 0(a5)
core   0: 3 0x000000008000ff10 (0x00e78023) mem 0x0000000080012045 0x00
core   0: 0x000000008000ff14 (0xfc843703) ld      a4, -56(s0)
core   0: 3 0x000000008000ff14 (0xfc843703) x14 0x0000000080012040 mem 0x0000000080031f38
core   0: 0x000000008000ff18 (0xfb843783) ld      a5, -72(s0)
core   0: 3 0x000000008000ff18 (0xfb843783) x15 0x000000000000009c mem 0x0000000080031f28
core   0: 0x000000008000ff1c (0x000097ba) c.add   a5, a4
core   0: 3 0x000000008000ff1c (0x97ba) x15 0x00000000800120dc
core   0: 0x000000008000ff1e (0xfe043703) ld      a4, -32(s0)
core   0: 3 0x000000008000ff1e (0xfe043703) x14 0x0000000080012046 mem 0x0000000080031f50
core   0: 0x000000008000ff22 (0xfcf76de3) bltu    a4, a5, pc - 38
core   0: 3 0x000000008000ff22 (0xfcf76de3)
core   0: 0x000000008000fefc (0xfe043783) ld      a5, -32(s0)
core   0: 3 0x000000008000fefc (0xfe043783) x15 0x0000000080012046 mem 0x0000000080031f50
core   0: 0x000000008000ff00 (0x00178713) addi    a4, a5, 1
core   0: 3 0x000000008000ff00 (0x00178713) x14 0x0000000080012047
core   0: 0x000000008000ff04 (0xfee43023) sd      a4, -32(s0)
core   0: 3 0x000000008000ff04 (0xfee43023) mem 0x0000000080031f50 0x0000000080012047
core   0: 0x000000008000ff08 (0xfc442703) lw      a4, -60(s0)
core   0: 3 0x000000008000ff08 (0xfc442703) x14 0x0000000000000000 mem 0x0000000080031f34
core   0: 0x000000008000ff0c (0x0ff77713) andi    a4, a4, 255
core   0: 3 0x000000008000ff0c (0x0ff77713) x14 0x0000000000000000
core   0: 0x000000008000ff10 (0x00e78023) sb      a4, 0(a5)
core   0: 3 0x000000008000ff10 (0x00e78023) mem 0x0000000080012046 0x00
core   0: 0x000000008000ff14 (0xfc843703) ld      a4, -56(s0)
core   0: 3 0x000000008000ff14 (0xfc843703) x14 0x0000000080012040 mem 0x0000000080031f38
core   0: 0x000000008000ff18 (0xfb843783) ld      a5, -72(s0)
core   0: 3 0x000000008000ff18 (0xfb843783) x15 0x000000000000009c mem 0x0000000080031f28
core   0: 0x000000008000ff1c (0x000097ba) c.add   a5, a4
core   0: 3 0x000000008000ff1c (0x97ba) x15 0x00000000800120dc
core   0: 0x000000008000ff1e (0xfe043703) ld      a4, -32(s0)
core   0: 3 0x000000008000ff1e (0xfe043703) x14 0x0000000080012047 mem 0x0000000080031f50
core   0: 0x000000008000ff22 (0xfcf76de3) bltu    a4, a5, pc - 38
core   0: 3 0x000000008000ff22 (0xfcf76de3)
core   0: 0x000000008000fefc (0xfe043783) ld      a5, -32(s0)
core   0: 3 0x000000008000fefc (0xfe043783) x15 0x0000000080012047 mem 0x0000000080031f50
core   0: 0x000000008000ff00 (0x00178713) addi    a4, a5, 1
core   0: 3 0x000000008000ff00 (0x00178713) x14 0x0000000080012048
core   0: 0x000000008000ff04 (0xfee43023) sd      a4, -32(s0)
core   0: 3 0x000000008000ff04 (0xfee43023) mem 0x0000000080031f50 0x0000000080012048
core   0: 0x000000008000ff08 (0xfc442703) lw      a4, -60(s0)
core   0: 3 0x000000008000ff08 (0xfc442703) x14 0x0000000000000000 mem 0x0000000080031f34
core   0: 0x000000008000ff0c (0x0ff77713) andi    a4, a4, 255
core   0: 3 0x000000008000ff0c (0x0ff77713) x14 0x0000000000000000
core   0: 0x000000008000ff10 (0x00e78023) sb      a4, 0(a5)
core   0: 3 0x000000008000ff10 (0x00e78023) mem 0x0000000080012047 0x00
core   0: 0x000000008000ff14 (0xfc843703) ld      a4, -56(s0)
core   0: 3 0x000000008000ff14 (0xfc843703) x14 0x0000000080012040 mem 0x0000000080031f38
core   0: 0x000000008000ff18 (0xfb843783) ld      a5, -72(s0)
core   0: 3 0x000000008000ff18 (0xfb843783) x15 0x000000000000009c mem 0x0000000080031f28
core   0: 0x000000008000ff1c (0x000097ba) c.add   a5, a4
core   0: 3 0x000000008000ff1c (0x97ba) x15 0x00000000800120dc
core   0: 0x000000008000ff1e (0xfe043703) ld      a4, -32(s0)
core   0: 3 0x000000008000ff1e (0xfe043703) x14 0x0000000080012048 mem 0x0000000080031f50
core   0: 0x000000008000ff22 (0xfcf76de3) bltu    a4, a5, pc - 38
core   0: 3 0x000000008000ff22 (0xfcf76de3)
core   0: 0x000000008000fefc (0xfe043783) ld      a5, -32(s0)
core   0: 3 0x000000008000fefc (0xfe043783) x15 0x0000000080012048 mem 0x0000000080031f50
core   0: 0x000000008000ff00 (0x00178713) addi    a4, a5, 1
core   0: 3 0x000000008000ff00 (0x00178713) x14 0x0000000080012049
core   0: 0x000000008000ff04 (0xfee43023) sd      a4, -32(s0)
core   0: 3 0x000000008000ff04 (0xfee43023) mem 0x0000000080031f50 0x0000000080012049
core   0: 0x000000008000ff08 (0xfc442703) lw      a4, -60(s0)
core   0: 3 0x000000008000ff08 (0xfc442703) x14 0x0000000000000000 mem 0x0000000080031f34
core   0: 0x000000008000ff0c (0x0ff77713) andi    a4, a4, 255
core   0: 3 0x000000008000ff0c (0x0ff77713) x14 0x0000000000000000
core   0: 0x000000008000ff10 (0x00e78023) sb      a4, 0(a5)
core   0: 3 0x000000008000ff10 (0x00e78023) mem 0x0000000080012048 0x00
core   0: 0x000000008000ff14 (0xfc843703) ld      a4, -56(s0)
core   0: 3 0x000000008000ff14 (0xfc843703) x14 0x0000000080012040 mem 0x0000000080031f38
core   0: 0x000000008000ff18 (0xfb843783) ld      a5, -72(s0)
core   0: 3 0x000000008000ff18 (0xfb843783) x15 0x000000000000009c mem 0x0000000080031f28
core   0: 0x000000008000ff1c (0x000097ba) c.add   a5, a4
core   0: 3 0x000000008000ff1c (0x97ba) x15 0x00000000800120dc
core   0: 0x000000008000ff1e (0xfe043703) ld      a4, -32(s0)
core   0: 3 0x000000008000ff1e (0xfe043703) x14 0x0000000080012049 mem 0x0000000080031f50
core   0: 0x000000008000ff22 (0xfcf76de3) bltu    a4, a5, pc - 38
core   0: 3 0x000000008000ff22 (0xfcf76de3)
core   0: 0x000000008000fefc (0xfe043783) ld      a5, -32(s0)
core   0: 3 0x000000008000fefc (0xfe043783) x15 0x0000000080012049 mem 0x0000000080031f50
core   0: 0x000000008000ff00 (0x00178713) addi    a4, a5, 1
core   0: 3 0x000000008000ff00 (0x00178713) x14 0x000000008001204a
core   0: 0x000000008000ff04 (0xfee43023) sd      a4, -32(s0)
core   0: 3 0x000000008000ff04 (0xfee43023) mem 0x0000000080031f50 0x000000008001204a
core   0: 0x000000008000ff08 (0xfc442703) lw      a4, -60(s0)
core   0: 3 0x000000008000ff08 (0xfc442703) x14 0x0000000000000000 mem 0x0000000080031f34
core   0: 0x000000008000ff0c (0x0ff77713) andi    a4, a4, 255
core   0: 3 0x000000008000ff0c (0x0ff77713) x14 0x0000000000000000
core   0: 0x000000008000ff10 (0x00e78023) sb      a4, 0(a5)
core   0: 3 0x000000008000ff10 (0x00e78023) mem 0x0000000080012049 0x00
core   0: 0x000000008000ff14 (0xfc843703) ld      a4, -56(s0)
core   0: 3 0x000000008000ff14 (0xfc843703) x14 0x0000000080012040 mem 0x0000000080031f38
core   0: 0x000000008000ff18 (0xfb843783) ld      a5, -72(s0)
core   0: 3 0x000000008000ff18 (0xfb843783) x15 0x000000000000009c mem 0x0000000080031f28
core   0: 0x000000008000ff1c (0x000097ba) c.add   a5, a4
core   0: 3 0x000000008000ff1c (0x97ba) x15 0x00000000800120dc
core   0: 0x000000008000ff1e (0xfe043703) ld      a4, -32(s0)
core   0: 3 0x000000008000ff1e (0xfe043703) x14 0x000000008001204a mem 0x0000000080031f50
core   0: 0x000000008000ff22 (0xfcf76de3) bltu    a4, a5, pc - 38
core   0: 3 0x000000008000ff22 (0xfcf76de3)
core   0: 0x000000008000fefc (0xfe043783) ld      a5, -32(s0)
core   0: 3 0x000000008000fefc (0xfe043783) x15 0x000000008001204a mem 0x0000000080031f50
core   0: 0x000000008000ff00 (0x00178713) addi    a4, a5, 1
core   0: 3 0x000000008000ff00 (0x00178713) x14 0x000000008001204b
core   0: 0x000000008000ff04 (0xfee43023) sd      a4, -32(s0)
core   0: 3 0x000000008000ff04 (0xfee43023) mem 0x0000000080031f50 0x000000008001204b
core   0: 0x000000008000ff08 (0xfc442703) lw      a4, -60(s0)
core   0: 3 0x000000008000ff08 (0xfc442703) x14 0x0000000000000000 mem 0x0000000080031f34
core   0: 0x000000008000ff0c (0x0ff77713) andi    a4, a4, 255
core   0: 3 0x000000008000ff0c (0x0ff77713) x14 0x0000000000000000
core   0: 0x000000008000ff10 (0x00e78023) sb      a4, 0(a5)
core   0: 3 0x000000008000ff10 (0x00e78023) mem 0x000000008001204a 0x00
core   0: 0x000000008000ff14 (0xfc843703) ld      a4, -56(s0)
core   0: 3 0x000000008000ff14 (0xfc843703) x14 0x0000000080012040 mem 0x0000000080031f38
core   0: 0x000000008000ff18 (0xfb843783) ld      a5, -72(s0)
core   0: 3 0x000000008000ff18 (0xfb843783) x15 0x000000000000009c mem 0x0000000080031f28
core   0: 0x000000008000ff1c (0x000097ba) c.add   a5, a4
core   0: 3 0x000000008000ff1c (0x97ba) x15 0x00000000800120dc
core   0: 0x000000008000ff1e (0xfe043703) ld      a4, -32(s0)
core   0: 3 0x000000008000ff1e (0xfe043703) x14 0x000000008001204b mem 0x0000000080031f50
core   0: 0x000000008000ff22 (0xfcf76de3) bltu    a4, a5, pc - 38
core   0: 3 0x000000008000ff22 (0xfcf76de3)
core   0: 0x000000008000fefc (0xfe043783) ld      a5, -32(s0)
core   0: 3 0x000000008000fefc (0xfe043783) x15 0x000000008001204b mem 0x0000000080031f50
core   0: 0x000000008000ff00 (0x00178713) addi    a4, a5, 1
core   0: 3 0x000000008000ff00 (0x00178713) x14 0x000000008001204c
core   0: 0x000000008000ff04 (0xfee43023) sd      a4, -32(s0)
core   0: 3 0x000000008000ff04 (0xfee43023) mem 0x0000000080031f50 0x000000008001204c
core   0: 0x000000008000ff08 (0xfc442703) lw      a4, -60(s0)
core   0: 3 0x000000008000ff08 (0xfc442703) x14 0x0000000000000000 mem 0x0000000080031f34
core   0: 0x000000008000ff0c (0x0ff77713) andi    a4, a4, 255
core   0: 3 0x000000008000ff0c (0x0ff77713) x14 0x0000000000000000
core   0: 0x000000008000ff10 (0x00e78023) sb      a4, 0(a5)
core   0: 3 0x000000008000ff10 (0x00e78023) mem 0x000000008001204b 0x00
core   0: 0x000000008000ff14 (0xfc843703) ld      a4, -56(s0)
core   0: 3 0x000000008000ff14 (0xfc843703) x14 0x0000000080012040 mem 0x0000000080031f38
core   0: 0x000000008000ff18 (0xfb843783) ld      a5, -72(s0)
core   0: 3 0x000000008000ff18 (0xfb843783) x15 0x000000000000009c mem 0x0000000080031f28
core   0: 0x000000008000ff1c (0x000097ba) c.add   a5, a4
core   0: 3 0x000000008000ff1c (0x97ba) x15 0x00000000800120dc
core   0: 0x000000008000ff1e (0xfe043703) ld      a4, -32(s0)
core   0: 3 0x000000008000ff1e (0xfe043703) x14 0x000000008001204c mem 0x0000000080031f50
core   0: 0x000000008000ff22 (0xfcf76de3) bltu    a4, a5, pc - 38
core   0: 3 0x000000008000ff22 (0xfcf76de3)
core   0: 0x000000008000fefc (0xfe043783) ld      a5, -32(s0)
core   0: 3 0x000000008000fefc (0xfe043783) x15 0x000000008001204c mem 0x0000000080031f50
core   0: 0x000000008000ff00 (0x00178713) addi    a4, a5, 1
core   0: 3 0x000000008000ff00 (0x00178713) x14 0x000000008001204d
core   0: 0x000000008000ff04 (0xfee43023) sd      a4, -32(s0)
core   0: 3 0x000000008000ff04 (0xfee43023) mem 0x0000000080031f50 0x000000008001204d
core   0: 0x000000008000ff08 (0xfc442703) lw      a4, -60(s0)
core   0: 3 0x000000008000ff08 (0xfc442703) x14 0x0000000000000000 mem 0x0000000080031f34
core   0: 0x000000008000ff0c (0x0ff77713) andi    a4, a4, 255
core   0: 3 0x000000008000ff0c (0x0ff77713) x14 0x0000000000000000
core   0: 0x000000008000ff10 (0x00e78023) sb      a4, 0(a5)
core   0: 3 0x000000008000ff10 (0x00e78023) mem 0x000000008001204c 0x00
core   0: 0x000000008000ff14 (0xfc843703) ld      a4, -56(s0)
core   0: 3 0x000000008000ff14 (0xfc843703) x14 0x0000000080012040 mem 0x0000000080031f38
core   0: 0x000000008000ff18 (0xfb843783) ld      a5, -72(s0)
core   0: 3 0x000000008000ff18 (0xfb843783) x15 0x000000000000009c mem 0x0000000080031f28
core   0: 0x000000008000ff1c (0x000097ba) c.add   a5, a4
core   0: 3 0x000000008000ff1c (0x97ba) x15 0x00000000800120dc
core   0: 0x000000008000ff1e (0xfe043703) ld      a4, -32(s0)
core   0: 3 0x000000008000ff1e (0xfe043703) x14 0x000000008001204d mem 0x0000000080031f50
core   0: 0x000000008000ff22 (0xfcf76de3) bltu    a4, a5, pc - 38
core   0: 3 0x000000008000ff22 (0xfcf76de3)
core   0: 0x000000008000fefc (0xfe043783) ld      a5, -32(s0)
core   0: 3 0x000000008000fefc (0xfe043783) x15 0x000000008001204d mem 0x0000000080031f50
core   0: 0x000000008000ff00 (0x00178713) addi    a4, a5, 1
core   0: 3 0x000000008000ff00 (0x00178713) x14 0x000000008001204e
core   0: 0x000000008000ff04 (0xfee43023) sd      a4, -32(s0)
core   0: 3 0x000000008000ff04 (0xfee43023) mem 0x0000000080031f50 0x000000008001204e
core   0: 0x000000008000ff08 (0xfc442703) lw      a4, -60(s0)
core   0: 3 0x000000008000ff08 (0xfc442703) x14 0x0000000000000000 mem 0x0000000080031f34
core   0: 0x000000008000ff0c (0x0ff77713) andi    a4, a4, 255
core   0: 3 0x000000008000ff0c (0x0ff77713) x14 0x0000000000000000
core   0: 0x000000008000ff10 (0x00e78023) sb      a4, 0(a5)
core   0: 3 0x000000008000ff10 (0x00e78023) mem 0x000000008001204d 0x00
core   0: 0x000000008000ff14 (0xfc843703) ld      a4, -56(s0)
core   0: 3 0x000000008000ff14 (0xfc843703) x14 0x0000000080012040 mem 0x0000000080031f38
core   0: 0x000000008000ff18 (0xfb843783) ld      a5, -72(s0)
core   0: 3 0x000000008000ff18 (0xfb843783) x15 0x000000000000009c mem 0x0000000080031f28
core   0: 0x000000008000ff1c (0x000097ba) c.add   a5, a4
core   0: 3 0x000000008000ff1c (0x97ba) x15 0x00000000800120dc
core   0: 0x000000008000ff1e (0xfe043703) ld      a4, -32(s0)
core   0: 3 0x000000008000ff1e (0xfe043703) x14 0x000000008001204e mem 0x0000000080031f50
core   0: 0x000000008000ff22 (0xfcf76de3) bltu    a4, a5, pc - 38
core   0: 3 0x000000008000ff22 (0xfcf76de3)
core   0: 0x000000008000fefc (0xfe043783) ld      a5, -32(s0)
core   0: 3 0x000000008000fefc (0xfe043783) x15 0x000000008001204e mem 0x0000000080031f50
core   0: 0x000000008000ff00 (0x00178713) addi    a4, a5, 1
core   0: 3 0x000000008000ff00 (0x00178713) x14 0x000000008001204f
core   0: 0x000000008000ff04 (0xfee43023) sd      a4, -32(s0)
core   0: 3 0x000000008000ff04 (0xfee43023) mem 0x0000000080031f50 0x000000008001204f
core   0: 0x000000008000ff08 (0xfc442703) lw      a4, -60(s0)
core   0: 3 0x000000008000ff08 (0xfc442703) x14 0x0000000000000000 mem 0x0000000080031f34
core   0: 0x000000008000ff0c (0x0ff77713) andi    a4, a4, 255
core   0: 3 0x000000008000ff0c (0x0ff77713) x14 0x0000000000000000
core   0: 0x000000008000ff10 (0x00e78023) sb      a4, 0(a5)
core   0: 3 0x000000008000ff10 (0x00e78023) mem 0x000000008001204e 0x00
core   0: 0x000000008000ff14 (0xfc843703) ld      a4, -56(s0)
core   0: 3 0x000000008000ff14 (0xfc843703) x14 0x0000000080012040 mem 0x0000000080031f38
core   0: 0x000000008000ff18 (0xfb843783) ld      a5, -72(s0)
core   0: 3 0x000000008000ff18 (0xfb843783) x15 0x000000000000009c mem 0x0000000080031f28
core   0: 0x000000008000ff1c (0x000097ba) c.add   a5, a4
core   0: 3 0x000000008000ff1c (0x97ba) x15 0x00000000800120dc
core   0: 0x000000008000ff1e (0xfe043703) ld      a4, -32(s0)
core   0: 3 0x000000008000ff1e (0xfe043703) x14 0x000000008001204f mem 0x0000000080031f50
core   0: 0x000000008000ff22 (0xfcf76de3) bltu    a4, a5, pc - 38
core   0: 3 0x000000008000ff22 (0xfcf76de3)
core   0: 0x000000008000fefc (0xfe043783) ld      a5, -32(s0)
core   0: 3 0x000000008000fefc (0xfe043783) x15 0x000000008001204f mem 0x0000000080031f50
core   0: 0x000000008000ff00 (0x00178713) addi    a4, a5, 1
core   0: 3 0x000000008000ff00 (0x00178713) x14 0x0000000080012050
core   0: 0x000000008000ff04 (0xfee43023) sd      a4, -32(s0)
core   0: 3 0x000000008000ff04 (0xfee43023) mem 0x0000000080031f50 0x0000000080012050
core   0: 0x000000008000ff08 (0xfc442703) lw      a4, -60(s0)
core   0: 3 0x000000008000ff08 (0xfc442703) x14 0x0000000000000000 mem 0x0000000080031f34
core   0: 0x000000008000ff0c (0x0ff77713) andi    a4, a4, 255
core   0: 3 0x000000008000ff0c (0x0ff77713) x14 0x0000000000000000
core   0: 0x000000008000ff10 (0x00e78023) sb      a4, 0(a5)
core   0: 3 0x000000008000ff10 (0x00e78023) mem 0x000000008001204f 0x00
core   0: 0x000000008000ff14 (0xfc843703) ld      a4, -56(s0)
core   0: 3 0x000000008000ff14 (0xfc843703) x14 0x0000000080012040 mem 0x0000000080031f38
core   0: 0x000000008000ff18 (0xfb843783) ld      a5, -72(s0)
core   0: 3 0x000000008000ff18 (0xfb843783) x15 0x000000000000009c mem 0x0000000080031f28
core   0: 0x000000008000ff1c (0x000097ba) c.add   a5, a4
core   0: 3 0x000000008000ff1c (0x97ba) x15 0x00000000800120dc
core   0: 0x000000008000ff1e (0xfe043703) ld      a4, -32(s0)
core   0: 3 0x000000008000ff1e (0xfe043703) x14 0x0000000080012050 mem 0x0000000080031f50
core   0: 0x000000008000ff22 (0xfcf76de3) bltu    a4, a5, pc - 38
core   0: 3 0x000000008000ff22 (0xfcf76de3)
core   0: 0x000000008000fefc (0xfe043783) ld      a5, -32(s0)
core   0: 3 0x000000008000fefc (0xfe043783) x15 0x0000000080012050 mem 0x0000000080031f50
core   0: 0x000000008000ff00 (0x00178713) addi    a4, a5, 1
core   0: 3 0x000000008000ff00 (0x00178713) x14 0x0000000080012051
core   0: 0x000000008000ff04 (0xfee43023) sd      a4, -32(s0)
core   0: 3 0x000000008000ff04 (0xfee43023) mem 0x0000000080031f50 0x0000000080012051
core   0: 0x000000008000ff08 (0xfc442703) lw      a4, -60(s0)
core   0: 3 0x000000008000ff08 (0xfc442703) x14 0x0000000000000000 mem 0x0000000080031f34
core   0: 0x000000008000ff0c (0x0ff77713) andi    a4, a4, 255
core   0: 3 0x000000008000ff0c (0x0ff77713) x14 0x0000000000000000
core   0: 0x000000008000ff10 (0x00e78023) sb      a4, 0(a5)
core   0: 3 0x000000008000ff10 (0x00e78023) mem 0x0000000080012050 0x00
core   0: 0x000000008000ff14 (0xfc843703) ld      a4, -56(s0)
core   0: 3 0x000000008000ff14 (0xfc843703) x14 0x0000000080012040 mem 0x0000000080031f38
core   0: 0x000000008000ff18 (0xfb843783) ld      a5, -72(s0)
core   0: 3 0x000000008000ff18 (0xfb843783) x15 0x000000000000009c mem 0x0000000080031f28
core   0: 0x000000008000ff1c (0x000097ba) c.add   a5, a4
core   0: 3 0x000000008000ff1c (0x97ba) x15 0x00000000800120dc
core   0: 0x000000008000ff1e (0xfe043703) ld      a4, -32(s0)
core   0: 3 0x000000008000ff1e (0xfe043703) x14 0x0000000080012051 mem 0x0000000080031f50
core   0: 0x000000008000ff22 (0xfcf76de3) bltu    a4, a5, pc - 38
core   0: 3 0x000000008000ff22 (0xfcf76de3)
core   0: 0x000000008000fefc (0xfe043783) ld      a5, -32(s0)
core   0: 3 0x000000008000fefc (0xfe043783) x15 0x0000000080012051 mem 0x0000000080031f50
core   0: 0x000000008000ff00 (0x00178713) addi    a4, a5, 1
core   0: 3 0x000000008000ff00 (0x00178713) x14 0x0000000080012052
core   0: 0x000000008000ff04 (0xfee43023) sd      a4, -32(s0)
core   0: 3 0x000000008000ff04 (0xfee43023) mem 0x0000000080031f50 0x0000000080012052
core   0: 0x000000008000ff08 (0xfc442703) lw      a4, -60(s0)
core   0: 3 0x000000008000ff08 (0xfc442703) x14 0x0000000000000000 mem 0x0000000080031f34
core   0: 0x000000008000ff0c (0x0ff77713) andi    a4, a4, 255
core   0: 3 0x000000008000ff0c (0x0ff77713) x14 0x0000000000000000
core   0: 0x000000008000ff10 (0x00e78023) sb      a4, 0(a5)
core   0: 3 0x000000008000ff10 (0x00e78023) mem 0x0000000080012051 0x00
core   0: 0x000000008000ff14 (0xfc843703) ld      a4, -56(s0)
core   0: 3 0x000000008000ff14 (0xfc843703) x14 0x0000000080012040 mem 0x0000000080031f38
core   0: 0x000000008000ff18 (0xfb843783) ld      a5, -72(s0)
core   0: 3 0x000000008000ff18 (0xfb843783) x15 0x000000000000009c mem 0x0000000080031f28
core   0: 0x000000008000ff1c (0x000097ba) c.add   a5, a4
core   0: 3 0x000000008000ff1c (0x97ba) x15 0x00000000800120dc
core   0: 0x000000008000ff1e (0xfe043703) ld      a4, -32(s0)
core   0: 3 0x000000008000ff1e (0xfe043703) x14 0x0000000080012052 mem 0x0000000080031f50
core   0: 0x000000008000ff22 (0xfcf76de3) bltu    a4, a5, pc - 38
core   0: 3 0x000000008000ff22 (0xfcf76de3)
core   0: 0x000000008000fefc (0xfe043783) ld      a5, -32(s0)
core   0: 3 0x000000008000fefc (0xfe043783) x15 0x0000000080012052 mem 0x0000000080031f50
core   0: 0x000000008000ff00 (0x00178713) addi    a4, a5, 1
core   0: 3 0x000000008000ff00 (0x00178713) x14 0x0000000080012053
core   0: 0x000000008000ff04 (0xfee43023) sd      a4, -32(s0)
core   0: 3 0x000000008000ff04 (0xfee43023) mem 0x0000000080031f50 0x0000000080012053
core   0: 0x000000008000ff08 (0xfc442703) lw      a4, -60(s0)
core   0: 3 0x000000008000ff08 (0xfc442703) x14 0x0000000000000000 mem 0x0000000080031f34
core   0: 0x000000008000ff0c (0x0ff77713) andi    a4, a4, 255
core   0: 3 0x000000008000ff0c (0x0ff77713) x14 0x0000000000000000
core   0: 0x000000008000ff10 (0x00e78023) sb      a4, 0(a5)
core   0: 3 0x000000008000ff10 (0x00e78023) mem 0x0000000080012052 0x00
core   0: 0x000000008000ff14 (0xfc843703) ld      a4, -56(s0)
core   0: 3 0x000000008000ff14 (0xfc843703) x14 0x0000000080012040 mem 0x0000000080031f38
core   0: 0x000000008000ff18 (0xfb843783) ld      a5, -72(s0)
core   0: 3 0x000000008000ff18 (0xfb843783) x15 0x000000000000009c mem 0x0000000080031f28
core   0: 0x000000008000ff1c (0x000097ba) c.add   a5, a4
core   0: 3 0x000000008000ff1c (0x97ba) x15 0x00000000800120dc
core   0: 0x000000008000ff1e (0xfe043703) ld      a4, -32(s0)
core   0: 3 0x000000008000ff1e (0xfe043703) x14 0x0000000080012053 mem 0x0000000080031f50
core   0: 0x000000008000ff22 (0xfcf76de3) bltu    a4, a5, pc - 38
core   0: 3 0x000000008000ff22 (0xfcf76de3)
core   0: 0x000000008000fefc (0xfe043783) ld      a5, -32(s0)
core   0: 3 0x000000008000fefc (0xfe043783) x15 0x0000000080012053 mem 0x0000000080031f50
core   0: 0x000000008000ff00 (0x00178713) addi    a4, a5, 1
core   0: 3 0x000000008000ff00 (0x00178713) x14 0x0000000080012054
core   0: 0x000000008000ff04 (0xfee43023) sd      a4, -32(s0)
core   0: 3 0x000000008000ff04 (0xfee43023) mem 0x0000000080031f50 0x0000000080012054
core   0: 0x000000008000ff08 (0xfc442703) lw      a4, -60(s0)
core   0: 3 0x000000008000ff08 (0xfc442703) x14 0x0000000000000000 mem 0x0000000080031f34
core   0: 0x000000008000ff0c (0x0ff77713) andi    a4, a4, 255
core   0: 3 0x000000008000ff0c (0x0ff77713) x14 0x0000000000000000
core   0: 0x000000008000ff10 (0x00e78023) sb      a4, 0(a5)
core   0: 3 0x000000008000ff10 (0x00e78023) mem 0x0000000080012053 0x00
core   0: 0x000000008000ff14 (0xfc843703) ld      a4, -56(s0)
core   0: 3 0x000000008000ff14 (0xfc843703) x14 0x0000000080012040 mem 0x0000000080031f38
core   0: 0x000000008000ff18 (0xfb843783) ld      a5, -72(s0)
core   0: 3 0x000000008000ff18 (0xfb843783) x15 0x000000000000009c mem 0x0000000080031f28
core   0: 0x000000008000ff1c (0x000097ba) c.add   a5, a4
core   0: 3 0x000000008000ff1c (0x97ba) x15 0x00000000800120dc
core   0: 0x000000008000ff1e (0xfe043703) ld      a4, -32(s0)
core   0: 3 0x000000008000ff1e (0xfe043703) x14 0x0000000080012054 mem 0x0000000080031f50
core   0: 0x000000008000ff22 (0xfcf76de3) bltu    a4, a5, pc - 38
core   0: 3 0x000000008000ff22 (0xfcf76de3)
core   0: 0x000000008000fefc (0xfe043783) ld      a5, -32(s0)
core   0: 3 0x000000008000fefc (0xfe043783) x15 0x0000000080012054 mem 0x0000000080031f50
core   0: 0x000000008000ff00 (0x00178713) addi    a4, a5, 1
core   0: 3 0x000000008000ff00 (0x00178713) x14 0x0000000080012055
core   0: 0x000000008000ff04 (0xfee43023) sd      a4, -32(s0)
core   0: 3 0x000000008000ff04 (0xfee43023) mem 0x0000000080031f50 0x0000000080012055
core   0: 0x000000008000ff08 (0xfc442703) lw      a4, -60(s0)
core   0: 3 0x000000008000ff08 (0xfc442703) x14 0x0000000000000000 mem 0x0000000080031f34
core   0: 0x000000008000ff0c (0x0ff77713) andi    a4, a4, 255
core   0: 3 0x000000008000ff0c (0x0ff77713) x14 0x0000000000000000
core   0: 0x000000008000ff10 (0x00e78023) sb      a4, 0(a5)
core   0: 3 0x000000008000ff10 (0x00e78023) mem 0x0000000080012054 0x00
core   0: 0x000000008000ff14 (0xfc843703) ld      a4, -56(s0)
core   0: 3 0x000000008000ff14 (0xfc843703) x14 0x0000000080012040 mem 0x0000000080031f38
core   0: 0x000000008000ff18 (0xfb843783) ld      a5, -72(s0)
core   0: 3 0x000000008000ff18 (0xfb843783) x15 0x000000000000009c mem 0x0000000080031f28
core   0: 0x000000008000ff1c (0x000097ba) c.add   a5, a4
core   0: 3 0x000000008000ff1c (0x97ba) x15 0x00000000800120dc
core   0: 0x000000008000ff1e (0xfe043703) ld      a4, -32(s0)
core   0: 3 0x000000008000ff1e (0xfe043703) x14 0x0000000080012055 mem 0x0000000080031f50
core   0: 0x000000008000ff22 (0xfcf76de3) bltu    a4, a5, pc - 38
core   0: 3 0x000000008000ff22 (0xfcf76de3)
core   0: 0x000000008000fefc (0xfe043783) ld      a5, -32(s0)
core   0: 3 0x000000008000fefc (0xfe043783) x15 0x0000000080012055 mem 0x0000000080031f50
core   0: 0x000000008000ff00 (0x00178713) addi    a4, a5, 1
core   0: 3 0x000000008000ff00 (0x00178713) x14 0x0000000080012056
core   0: 0x000000008000ff04 (0xfee43023) sd      a4, -32(s0)
core   0: 3 0x000000008000ff04 (0xfee43023) mem 0x0000000080031f50 0x0000000080012056
core   0: 0x000000008000ff08 (0xfc442703) lw      a4, -60(s0)
core   0: 3 0x000000008000ff08 (0xfc442703) x14 0x0000000000000000 mem 0x0000000080031f34
core   0: 0x000000008000ff0c (0x0ff77713) andi    a4, a4, 255
core   0: 3 0x000000008000ff0c (0x0ff77713) x14 0x0000000000000000
core   0: 0x000000008000ff10 (0x00e78023) sb      a4, 0(a5)
core   0: 3 0x000000008000ff10 (0x00e78023) mem 0x0000000080012055 0x00
core   0: 0x000000008000ff14 (0xfc843703) ld      a4, -56(s0)
core   0: 3 0x000000008000ff14 (0xfc843703) x14 0x0000000080012040 mem 0x0000000080031f38
core   0: 0x000000008000ff18 (0xfb843783) ld      a5, -72(s0)
core   0: 3 0x000000008000ff18 (0xfb843783) x15 0x000000000000009c mem 0x0000000080031f28
core   0: 0x000000008000ff1c (0x000097ba) c.add   a5, a4
core   0: 3 0x000000008000ff1c (0x97ba) x15 0x00000000800120dc
core   0: 0x000000008000ff1e (0xfe043703) ld      a4, -32(s0)
core   0: 3 0x000000008000ff1e (0xfe043703) x14 0x0000000080012056 mem 0x0000000080031f50
core   0: 0x000000008000ff22 (0xfcf76de3) bltu    a4, a5, pc - 38
core   0: 3 0x000000008000ff22 (0xfcf76de3)
core   0: 0x000000008000fefc (0xfe043783) ld      a5, -32(s0)
core   0: 3 0x000000008000fefc (0xfe043783) x15 0x0000000080012056 mem 0x0000000080031f50
core   0: 0x000000008000ff00 (0x00178713) addi    a4, a5, 1
core   0: 3 0x000000008000ff00 (0x00178713) x14 0x0000000080012057
core   0: 0x000000008000ff04 (0xfee43023) sd      a4, -32(s0)
core   0: 3 0x000000008000ff04 (0xfee43023) mem 0x0000000080031f50 0x0000000080012057
core   0: 0x000000008000ff08 (0xfc442703) lw      a4, -60(s0)
core   0: 3 0x000000008000ff08 (0xfc442703) x14 0x0000000000000000 mem 0x0000000080031f34
core   0: 0x000000008000ff0c (0x0ff77713) andi    a4, a4, 255
core   0: 3 0x000000008000ff0c (0x0ff77713) x14 0x0000000000000000
core   0: 0x000000008000ff10 (0x00e78023) sb      a4, 0(a5)
core   0: 3 0x000000008000ff10 (0x00e78023) mem 0x0000000080012056 0x00
core   0: 0x000000008000ff14 (0xfc843703) ld      a4, -56(s0)
core   0: 3 0x000000008000ff14 (0xfc843703) x14 0x0000000080012040 mem 0x0000000080031f38
core   0: 0x000000008000ff18 (0xfb843783) ld      a5, -72(s0)
core   0: 3 0x000000008000ff18 (0xfb843783) x15 0x000000000000009c mem 0x0000000080031f28
core   0: 0x000000008000ff1c (0x000097ba) c.add   a5, a4
core   0: 3 0x000000008000ff1c (0x97ba) x15 0x00000000800120dc
core   0: 0x000000008000ff1e (0xfe043703) ld      a4, -32(s0)
core   0: 3 0x000000008000ff1e (0xfe043703) x14 0x0000000080012057 mem 0x0000000080031f50
core   0: 0x000000008000ff22 (0xfcf76de3) bltu    a4, a5, pc - 38
core   0: 3 0x000000008000ff22 (0xfcf76de3)
core   0: 0x000000008000fefc (0xfe043783) ld      a5, -32(s0)
core   0: 3 0x000000008000fefc (0xfe043783) x15 0x0000000080012057 mem 0x0000000080031f50
core   0: 0x000000008000ff00 (0x00178713) addi    a4, a5, 1
core   0: 3 0x000000008000ff00 (0x00178713) x14 0x0000000080012058
core   0: 0x000000008000ff04 (0xfee43023) sd      a4, -32(s0)
core   0: 3 0x000000008000ff04 (0xfee43023) mem 0x0000000080031f50 0x0000000080012058
core   0: 0x000000008000ff08 (0xfc442703) lw      a4, -60(s0)
core   0: 3 0x000000008000ff08 (0xfc442703) x14 0x0000000000000000 mem 0x0000000080031f34
core   0: 0x000000008000ff0c (0x0ff77713) andi    a4, a4, 255
core   0: 3 0x000000008000ff0c (0x0ff77713) x14 0x0000000000000000
core   0: 0x000000008000ff10 (0x00e78023) sb      a4, 0(a5)
core   0: 3 0x000000008000ff10 (0x00e78023) mem 0x0000000080012057 0x00
core   0: 0x000000008000ff14 (0xfc843703) ld      a4, -56(s0)
core   0: 3 0x000000008000ff14 (0xfc843703) x14 0x0000000080012040 mem 0x0000000080031f38
core   0: 0x000000008000ff18 (0xfb843783) ld      a5, -72(s0)
core   0: 3 0x000000008000ff18 (0xfb843783) x15 0x000000000000009c mem 0x0000000080031f28
core   0: 0x000000008000ff1c (0x000097ba) c.add   a5, a4
core   0: 3 0x000000008000ff1c (0x97ba) x15 0x00000000800120dc
core   0: 0x000000008000ff1e (0xfe043703) ld      a4, -32(s0)
core   0: 3 0x000000008000ff1e (0xfe043703) x14 0x0000000080012058 mem 0x0000000080031f50
core   0: 0x000000008000ff22 (0xfcf76de3) bltu    a4, a5, pc - 38
core   0: 3 0x000000008000ff22 (0xfcf76de3)
core   0: 0x000000008000fefc (0xfe043783) ld      a5, -32(s0)
core   0: 3 0x000000008000fefc (0xfe043783) x15 0x0000000080012058 mem 0x0000000080031f50
core   0: 0x000000008000ff00 (0x00178713) addi    a4, a5, 1
core   0: 3 0x000000008000ff00 (0x00178713) x14 0x0000000080012059
core   0: 0x000000008000ff04 (0xfee43023) sd      a4, -32(s0)
core   0: 3 0x000000008000ff04 (0xfee43023) mem 0x0000000080031f50 0x0000000080012059
core   0: 0x000000008000ff08 (0xfc442703) lw      a4, -60(s0)
core   0: 3 0x000000008000ff08 (0xfc442703) x14 0x0000000000000000 mem 0x0000000080031f34
core   0: 0x000000008000ff0c (0x0ff77713) andi    a4, a4, 255
core   0: 3 0x000000008000ff0c (0x0ff77713) x14 0x0000000000000000
core   0: 0x000000008000ff10 (0x00e78023) sb      a4, 0(a5)
core   0: 3 0x000000008000ff10 (0x00e78023) mem 0x0000000080012058 0x00
core   0: 0x000000008000ff14 (0xfc843703) ld      a4, -56(s0)
core   0: 3 0x000000008000ff14 (0xfc843703) x14 0x0000000080012040 mem 0x0000000080031f38
core   0: 0x000000008000ff18 (0xfb843783) ld      a5, -72(s0)
core   0: 3 0x000000008000ff18 (0xfb843783) x15 0x000000000000009c mem 0x0000000080031f28
core   0: 0x000000008000ff1c (0x000097ba) c.add   a5, a4
core   0: 3 0x000000008000ff1c (0x97ba) x15 0x00000000800120dc
core   0: 0x000000008000ff1e (0xfe043703) ld      a4, -32(s0)
core   0: 3 0x000000008000ff1e (0xfe043703) x14 0x0000000080012059 mem 0x0000000080031f50
core   0: 0x000000008000ff22 (0xfcf76de3) bltu    a4, a5, pc - 38
core   0: 3 0x000000008000ff22 (0xfcf76de3)
core   0: 0x000000008000fefc (0xfe043783) ld      a5, -32(s0)
core   0: 3 0x000000008000fefc (0xfe043783) x15 0x0000000080012059 mem 0x0000000080031f50
core   0: 0x000000008000ff00 (0x00178713) addi    a4, a5, 1
core   0: 3 0x000000008000ff00 (0x00178713) x14 0x000000008001205a
core   0: 0x000000008000ff04 (0xfee43023) sd      a4, -32(s0)
core   0: 3 0x000000008000ff04 (0xfee43023) mem 0x0000000080031f50 0x000000008001205a
core   0: 0x000000008000ff08 (0xfc442703) lw      a4, -60(s0)
core   0: 3 0x000000008000ff08 (0xfc442703) x14 0x0000000000000000 mem 0x0000000080031f34
core   0: 0x000000008000ff0c (0x0ff77713) andi    a4, a4, 255
core   0: 3 0x000000008000ff0c (0x0ff77713) x14 0x0000000000000000
core   0: 0x000000008000ff10 (0x00e78023) sb      a4, 0(a5)
core   0: 3 0x000000008000ff10 (0x00e78023) mem 0x0000000080012059 0x00
core   0: 0x000000008000ff14 (0xfc843703) ld      a4, -56(s0)
core   0: 3 0x000000008000ff14 (0xfc843703) x14 0x0000000080012040 mem 0x0000000080031f38
core   0: 0x000000008000ff18 (0xfb843783) ld      a5, -72(s0)
core   0: 3 0x000000008000ff18 (0xfb843783) x15 0x000000000000009c mem 0x0000000080031f28
core   0: 0x000000008000ff1c (0x000097ba) c.add   a5, a4
core   0: 3 0x000000008000ff1c (0x97ba) x15 0x00000000800120dc
core   0: 0x000000008000ff1e (0xfe043703) ld      a4, -32(s0)
core   0: 3 0x000000008000ff1e (0xfe043703) x14 0x000000008001205a mem 0x0000000080031f50
core   0: 0x000000008000ff22 (0xfcf76de3) bltu    a4, a5, pc - 38
core   0: 3 0x000000008000ff22 (0xfcf76de3)
core   0: 0x000000008000fefc (0xfe043783) ld      a5, -32(s0)
core   0: 3 0x000000008000fefc (0xfe043783) x15 0x000000008001205a mem 0x0000000080031f50
core   0: 0x000000008000ff00 (0x00178713) addi    a4, a5, 1
core   0: 3 0x000000008000ff00 (0x00178713) x14 0x000000008001205b
core   0: 0x000000008000ff04 (0xfee43023) sd      a4, -32(s0)
core   0: 3 0x000000008000ff04 (0xfee43023) mem 0x0000000080031f50 0x000000008001205b
core   0: 0x000000008000ff08 (0xfc442703) lw      a4, -60(s0)
core   0: 3 0x000000008000ff08 (0xfc442703) x14 0x0000000000000000 mem 0x0000000080031f34
core   0: 0x000000008000ff0c (0x0ff77713) andi    a4, a4, 255
core   0: 3 0x000000008000ff0c (0x0ff77713) x14 0x0000000000000000
core   0: 0x000000008000ff10 (0x00e78023) sb      a4, 0(a5)
core   0: 3 0x000000008000ff10 (0x00e78023) mem 0x000000008001205a 0x00
core   0: 0x000000008000ff14 (0xfc843703) ld      a4, -56(s0)
core   0: 3 0x000000008000ff14 (0xfc843703) x14 0x0000000080012040 mem 0x0000000080031f38
core   0: 0x000000008000ff18 (0xfb843783) ld      a5, -72(s0)
core   0: 3 0x000000008000ff18 (0xfb843783) x15 0x000000000000009c mem 0x0000000080031f28
core   0: 0x000000008000ff1c (0x000097ba) c.add   a5, a4
core   0: 3 0x000000008000ff1c (0x97ba) x15 0x00000000800120dc
core   0: 0x000000008000ff1e (0xfe043703) ld      a4, -32(s0)
core   0: 3 0x000000008000ff1e (0xfe043703) x14 0x000000008001205b mem 0x0000000080031f50
core   0: 0x000000008000ff22 (0xfcf76de3) bltu    a4, a5, pc - 38
core   0: 3 0x000000008000ff22 (0xfcf76de3)
core   0: 0x000000008000fefc (0xfe043783) ld      a5, -32(s0)
core   0: 3 0x000000008000fefc (0xfe043783) x15 0x000000008001205b mem 0x0000000080031f50
core   0: 0x000000008000ff00 (0x00178713) addi    a4, a5, 1
core   0: 3 0x000000008000ff00 (0x00178713) x14 0x000000008001205c
core   0: 0x000000008000ff04 (0xfee43023) sd      a4, -32(s0)
core   0: 3 0x000000008000ff04 (0xfee43023) mem 0x0000000080031f50 0x000000008001205c
core   0: 0x000000008000ff08 (0xfc442703) lw      a4, -60(s0)
core   0: 3 0x000000008000ff08 (0xfc442703) x14 0x0000000000000000 mem 0x0000000080031f34
core   0: 0x000000008000ff0c (0x0ff77713) andi    a4, a4, 255
core   0: 3 0x000000008000ff0c (0x0ff77713) x14 0x0000000000000000
core   0: 0x000000008000ff10 (0x00e78023) sb      a4, 0(a5)
core   0: 3 0x000000008000ff10 (0x00e78023) mem 0x000000008001205b 0x00
core   0: 0x000000008000ff14 (0xfc843703) ld      a4, -56(s0)
core   0: 3 0x000000008000ff14 (0xfc843703) x14 0x0000000080012040 mem 0x0000000080031f38
core   0: 0x000000008000ff18 (0xfb843783) ld      a5, -72(s0)
core   0: 3 0x000000008000ff18 (0xfb843783) x15 0x000000000000009c mem 0x0000000080031f28
core   0: 0x000000008000ff1c (0x000097ba) c.add   a5, a4
core   0: 3 0x000000008000ff1c (0x97ba) x15 0x00000000800120dc
core   0: 0x000000008000ff1e (0xfe043703) ld      a4, -32(s0)
core   0: 3 0x000000008000ff1e (0xfe043703) x14 0x000000008001205c mem 0x0000000080031f50
core   0: 0x000000008000ff22 (0xfcf76de3) bltu    a4, a5, pc - 38
core   0: 3 0x000000008000ff22 (0xfcf76de3)
core   0: 0x000000008000fefc (0xfe043783) ld      a5, -32(s0)
core   0: 3 0x000000008000fefc (0xfe043783) x15 0x000000008001205c mem 0x0000000080031f50
core   0: 0x000000008000ff00 (0x00178713) addi    a4, a5, 1
core   0: 3 0x000000008000ff00 (0x00178713) x14 0x000000008001205d
core   0: 0x000000008000ff04 (0xfee43023) sd      a4, -32(s0)
core   0: 3 0x000000008000ff04 (0xfee43023) mem 0x0000000080031f50 0x000000008001205d
core   0: 0x000000008000ff08 (0xfc442703) lw      a4, -60(s0)
core   0: 3 0x000000008000ff08 (0xfc442703) x14 0x0000000000000000 mem 0x0000000080031f34
core   0: 0x000000008000ff0c (0x0ff77713) andi    a4, a4, 255
core   0: 3 0x000000008000ff0c (0x0ff77713) x14 0x0000000000000000
core   0: 0x000000008000ff10 (0x00e78023) sb      a4, 0(a5)
core   0: 3 0x000000008000ff10 (0x00e78023) mem 0x000000008001205c 0x00
core   0: 0x000000008000ff14 (0xfc843703) ld      a4, -56(s0)
core   0: 3 0x000000008000ff14 (0xfc843703) x14 0x0000000080012040 mem 0x0000000080031f38
core   0: 0x000000008000ff18 (0xfb843783) ld      a5, -72(s0)
core   0: 3 0x000000008000ff18 (0xfb843783) x15 0x000000000000009c mem 0x0000000080031f28
core   0: 0x000000008000ff1c (0x000097ba) c.add   a5, a4
core   0: 3 0x000000008000ff1c (0x97ba) x15 0x00000000800120dc
core   0: 0x000000008000ff1e (0xfe043703) ld      a4, -32(s0)
core   0: 3 0x000000008000ff1e (0xfe043703) x14 0x000000008001205d mem 0x0000000080031f50
core   0: 0x000000008000ff22 (0xfcf76de3) bltu    a4, a5, pc - 38
core   0: 3 0x000000008000ff22 (0xfcf76de3)
core   0: 0x000000008000fefc (0xfe043783) ld      a5, -32(s0)
core   0: 3 0x000000008000fefc (0xfe043783) x15 0x000000008001205d mem 0x0000000080031f50
core   0: 0x000000008000ff00 (0x00178713) addi    a4, a5, 1
core   0: 3 0x000000008000ff00 (0x00178713) x14 0x000000008001205e
core   0: 0x000000008000ff04 (0xfee43023) sd      a4, -32(s0)
core   0: 3 0x000000008000ff04 (0xfee43023) mem 0x0000000080031f50 0x000000008001205e
core   0: 0x000000008000ff08 (0xfc442703) lw      a4, -60(s0)
core   0: 3 0x000000008000ff08 (0xfc442703) x14 0x0000000000000000 mem 0x0000000080031f34
core   0: 0x000000008000ff0c (0x0ff77713) andi    a4, a4, 255
core   0: 3 0x000000008000ff0c (0x0ff77713) x14 0x0000000000000000
core   0: 0x000000008000ff10 (0x00e78023) sb      a4, 0(a5)
core   0: 3 0x000000008000ff10 (0x00e78023) mem 0x000000008001205d 0x00
core   0: 0x000000008000ff14 (0xfc843703) ld      a4, -56(s0)
core   0: 3 0x000000008000ff14 (0xfc843703) x14 0x0000000080012040 mem 0x0000000080031f38
core   0: 0x000000008000ff18 (0xfb843783) ld      a5, -72(s0)
core   0: 3 0x000000008000ff18 (0xfb843783) x15 0x000000000000009c mem 0x0000000080031f28
core   0: 0x000000008000ff1c (0x000097ba) c.add   a5, a4
core   0: 3 0x000000008000ff1c (0x97ba) x15 0x00000000800120dc
core   0: 0x000000008000ff1e (0xfe043703) ld      a4, -32(s0)
core   0: 3 0x000000008000ff1e (0xfe043703) x14 0x000000008001205e mem 0x0000000080031f50
core   0: 0x000000008000ff22 (0xfcf76de3) bltu    a4, a5, pc - 38
core   0: 3 0x000000008000ff22 (0xfcf76de3)
core   0: 0x000000008000fefc (0xfe043783) ld      a5, -32(s0)
core   0: 3 0x000000008000fefc (0xfe043783) x15 0x000000008001205e mem 0x0000000080031f50
core   0: 0x000000008000ff00 (0x00178713) addi    a4, a5, 1
core   0: 3 0x000000008000ff00 (0x00178713) x14 0x000000008001205f
core   0: 0x000000008000ff04 (0xfee43023) sd      a4, -32(s0)
core   0: 3 0x000000008000ff04 (0xfee43023) mem 0x0000000080031f50 0x000000008001205f
core   0: 0x000000008000ff08 (0xfc442703) lw      a4, -60(s0)
core   0: 3 0x000000008000ff08 (0xfc442703) x14 0x0000000000000000 mem 0x0000000080031f34
core   0: 0x000000008000ff0c (0x0ff77713) andi    a4, a4, 255
core   0: 3 0x000000008000ff0c (0x0ff77713) x14 0x0000000000000000
core   0: 0x000000008000ff10 (0x00e78023) sb      a4, 0(a5)
core   0: 3 0x000000008000ff10 (0x00e78023) mem 0x000000008001205e 0x00
core   0: 0x000000008000ff14 (0xfc843703) ld      a4, -56(s0)
core   0: 3 0x000000008000ff14 (0xfc843703) x14 0x0000000080012040 mem 0x0000000080031f38
core   0: 0x000000008000ff18 (0xfb843783) ld      a5, -72(s0)
core   0: 3 0x000000008000ff18 (0xfb843783) x15 0x000000000000009c mem 0x0000000080031f28
core   0: 0x000000008000ff1c (0x000097ba) c.add   a5, a4
core   0: 3 0x000000008000ff1c (0x97ba) x15 0x00000000800120dc
core   0: 0x000000008000ff1e (0xfe043703) ld      a4, -32(s0)
core   0: 3 0x000000008000ff1e (0xfe043703) x14 0x000000008001205f mem 0x0000000080031f50
core   0: 0x000000008000ff22 (0xfcf76de3) bltu    a4, a5, pc - 38
core   0: 3 0x000000008000ff22 (0xfcf76de3)
core   0: 0x000000008000fefc (0xfe043783) ld      a5, -32(s0)
core   0: 3 0x000000008000fefc (0xfe043783) x15 0x000000008001205f mem 0x0000000080031f50
core   0: 0x000000008000ff00 (0x00178713) addi    a4, a5, 1
core   0: 3 0x000000008000ff00 (0x00178713) x14 0x0000000080012060
core   0: 0x000000008000ff04 (0xfee43023) sd      a4, -32(s0)
core   0: 3 0x000000008000ff04 (0xfee43023) mem 0x0000000080031f50 0x0000000080012060
core   0: 0x000000008000ff08 (0xfc442703) lw      a4, -60(s0)
core   0: 3 0x000000008000ff08 (0xfc442703) x14 0x0000000000000000 mem 0x0000000080031f34
core   0: 0x000000008000ff0c (0x0ff77713) andi    a4, a4, 255
core   0: 3 0x000000008000ff0c (0x0ff77713) x14 0x0000000000000000
core   0: 0x000000008000ff10 (0x00e78023) sb      a4, 0(a5)
core   0: 3 0x000000008000ff10 (0x00e78023) mem 0x000000008001205f 0x00
core   0: 0x000000008000ff14 (0xfc843703) ld      a4, -56(s0)
core   0: 3 0x000000008000ff14 (0xfc843703) x14 0x0000000080012040 mem 0x0000000080031f38
core   0: 0x000000008000ff18 (0xfb843783) ld      a5, -72(s0)
core   0: 3 0x000000008000ff18 (0xfb843783) x15 0x000000000000009c mem 0x0000000080031f28
core   0: 0x000000008000ff1c (0x000097ba) c.add   a5, a4
core   0: 3 0x000000008000ff1c (0x97ba) x15 0x00000000800120dc
core   0: 0x000000008000ff1e (0xfe043703) ld      a4, -32(s0)
core   0: 3 0x000000008000ff1e (0xfe043703) x14 0x0000000080012060 mem 0x0000000080031f50
core   0: 0x000000008000ff22 (0xfcf76de3) bltu    a4, a5, pc - 38
core   0: 3 0x000000008000ff22 (0xfcf76de3)
core   0: 0x000000008000fefc (0xfe043783) ld      a5, -32(s0)
core   0: 3 0x000000008000fefc (0xfe043783) x15 0x0000000080012060 mem 0x0000000080031f50
core   0: 0x000000008000ff00 (0x00178713) addi    a4, a5, 1
core   0: 3 0x000000008000ff00 (0x00178713) x14 0x0000000080012061
core   0: 0x000000008000ff04 (0xfee43023) sd      a4, -32(s0)
core   0: 3 0x000000008000ff04 (0xfee43023) mem 0x0000000080031f50 0x0000000080012061
core   0: 0x000000008000ff08 (0xfc442703) lw      a4, -60(s0)
core   0: 3 0x000000008000ff08 (0xfc442703) x14 0x0000000000000000 mem 0x0000000080031f34
core   0: 0x000000008000ff0c (0x0ff77713) andi    a4, a4, 255
core   0: 3 0x000000008000ff0c (0x0ff77713) x14 0x0000000000000000
core   0: 0x000000008000ff10 (0x00e78023) sb      a4, 0(a5)
core   0: 3 0x000000008000ff10 (0x00e78023) mem 0x0000000080012060 0x00
core   0: 0x000000008000ff14 (0xfc843703) ld      a4, -56(s0)
core   0: 3 0x000000008000ff14 (0xfc843703) x14 0x0000000080012040 mem 0x0000000080031f38
core   0: 0x000000008000ff18 (0xfb843783) ld      a5, -72(s0)
core   0: 3 0x000000008000ff18 (0xfb843783) x15 0x000000000000009c mem 0x0000000080031f28
core   0: 0x000000008000ff1c (0x000097ba) c.add   a5, a4
core   0: 3 0x000000008000ff1c (0x97ba) x15 0x00000000800120dc
core   0: 0x000000008000ff1e (0xfe043703) ld      a4, -32(s0)
core   0: 3 0x000000008000ff1e (0xfe043703) x14 0x0000000080012061 mem 0x0000000080031f50
core   0: 0x000000008000ff22 (0xfcf76de3) bltu    a4, a5, pc - 38
core   0: 3 0x000000008000ff22 (0xfcf76de3)
core   0: 0x000000008000fefc (0xfe043783) ld      a5, -32(s0)
core   0: 3 0x000000008000fefc (0xfe043783) x15 0x0000000080012061 mem 0x0000000080031f50
core   0: 0x000000008000ff00 (0x00178713) addi    a4, a5, 1
core   0: 3 0x000000008000ff00 (0x00178713) x14 0x0000000080012062
core   0: 0x000000008000ff04 (0xfee43023) sd      a4, -32(s0)
core   0: 3 0x000000008000ff04 (0xfee43023) mem 0x0000000080031f50 0x0000000080012062
core   0: 0x000000008000ff08 (0xfc442703) lw      a4, -60(s0)
core   0: 3 0x000000008000ff08 (0xfc442703) x14 0x0000000000000000 mem 0x0000000080031f34
core   0: 0x000000008000ff0c (0x0ff77713) andi    a4, a4, 255
core   0: 3 0x000000008000ff0c (0x0ff77713) x14 0x0000000000000000
core   0: 0x000000008000ff10 (0x00e78023) sb      a4, 0(a5)
core   0: 3 0x000000008000ff10 (0x00e78023) mem 0x0000000080012061 0x00
core   0: 0x000000008000ff14 (0xfc843703) ld      a4, -56(s0)
core   0: 3 0x000000008000ff14 (0xfc843703) x14 0x0000000080012040 mem 0x0000000080031f38
core   0: 0x000000008000ff18 (0xfb843783) ld      a5, -72(s0)
core   0: 3 0x000000008000ff18 (0xfb843783) x15 0x000000000000009c mem 0x0000000080031f28
core   0: 0x000000008000ff1c (0x000097ba) c.add   a5, a4
core   0: 3 0x000000008000ff1c (0x97ba) x15 0x00000000800120dc
core   0: 0x000000008000ff1e (0xfe043703) ld      a4, -32(s0)
core   0: 3 0x000000008000ff1e (0xfe043703) x14 0x0000000080012062 mem 0x0000000080031f50
core   0: 0x000000008000ff22 (0xfcf76de3) bltu    a4, a5, pc - 38
core   0: 3 0x000000008000ff22 (0xfcf76de3)
core   0: 0x000000008000fefc (0xfe043783) ld      a5, -32(s0)
core   0: 3 0x000000008000fefc (0xfe043783) x15 0x0000000080012062 mem 0x0000000080031f50
core   0: 0x000000008000ff00 (0x00178713) addi    a4, a5, 1
core   0: 3 0x000000008000ff00 (0x00178713) x14 0x0000000080012063
core   0: 0x000000008000ff04 (0xfee43023) sd      a4, -32(s0)
core   0: 3 0x000000008000ff04 (0xfee43023) mem 0x0000000080031f50 0x0000000080012063
core   0: 0x000000008000ff08 (0xfc442703) lw      a4, -60(s0)
core   0: 3 0x000000008000ff08 (0xfc442703) x14 0x0000000000000000 mem 0x0000000080031f34
core   0: 0x000000008000ff0c (0x0ff77713) andi    a4, a4, 255
core   0: 3 0x000000008000ff0c (0x0ff77713) x14 0x0000000000000000
core   0: 0x000000008000ff10 (0x00e78023) sb      a4, 0(a5)
core   0: 3 0x000000008000ff10 (0x00e78023) mem 0x0000000080012062 0x00
core   0: 0x000000008000ff14 (0xfc843703) ld      a4, -56(s0)
core   0: 3 0x000000008000ff14 (0xfc843703) x14 0x0000000080012040 mem 0x0000000080031f38
core   0: 0x000000008000ff18 (0xfb843783) ld      a5, -72(s0)
core   0: 3 0x000000008000ff18 (0xfb843783) x15 0x000000000000009c mem 0x0000000080031f28
core   0: 0x000000008000ff1c (0x000097ba) c.add   a5, a4
core   0: 3 0x000000008000ff1c (0x97ba) x15 0x00000000800120dc
core   0: 0x000000008000ff1e (0xfe043703) ld      a4, -32(s0)
core   0: 3 0x000000008000ff1e (0xfe043703) x14 0x0000000080012063 mem 0x0000000080031f50
core   0: 0x000000008000ff22 (0xfcf76de3) bltu    a4, a5, pc - 38
core   0: 3 0x000000008000ff22 (0xfcf76de3)
core   0: 0x000000008000fefc (0xfe043783) ld      a5, -32(s0)
core   0: 3 0x000000008000fefc (0xfe043783) x15 0x0000000080012063 mem 0x0000000080031f50
core   0: 0x000000008000ff00 (0x00178713) addi    a4, a5, 1
core   0: 3 0x000000008000ff00 (0x00178713) x14 0x0000000080012064
core   0: 0x000000008000ff04 (0xfee43023) sd      a4, -32(s0)
core   0: 3 0x000000008000ff04 (0xfee43023) mem 0x0000000080031f50 0x0000000080012064
core   0: 0x000000008000ff08 (0xfc442703) lw      a4, -60(s0)
core   0: 3 0x000000008000ff08 (0xfc442703) x14 0x0000000000000000 mem 0x0000000080031f34
core   0: 0x000000008000ff0c (0x0ff77713) andi    a4, a4, 255
core   0: 3 0x000000008000ff0c (0x0ff77713) x14 0x0000000000000000
core   0: 0x000000008000ff10 (0x00e78023) sb      a4, 0(a5)
core   0: 3 0x000000008000ff10 (0x00e78023) mem 0x0000000080012063 0x00
core   0: 0x000000008000ff14 (0xfc843703) ld      a4, -56(s0)
core   0: 3 0x000000008000ff14 (0xfc843703) x14 0x0000000080012040 mem 0x0000000080031f38
core   0: 0x000000008000ff18 (0xfb843783) ld      a5, -72(s0)
core   0: 3 0x000000008000ff18 (0xfb843783) x15 0x000000000000009c mem 0x0000000080031f28
core   0: 0x000000008000ff1c (0x000097ba) c.add   a5, a4
core   0: 3 0x000000008000ff1c (0x97ba) x15 0x00000000800120dc
core   0: 0x000000008000ff1e (0xfe043703) ld      a4, -32(s0)
core   0: 3 0x000000008000ff1e (0xfe043703) x14 0x0000000080012064 mem 0x0000000080031f50
core   0: 0x000000008000ff22 (0xfcf76de3) bltu    a4, a5, pc - 38
core   0: 3 0x000000008000ff22 (0xfcf76de3)
core   0: 0x000000008000fefc (0xfe043783) ld      a5, -32(s0)
core   0: 3 0x000000008000fefc (0xfe043783) x15 0x0000000080012064 mem 0x0000000080031f50
core   0: 0x000000008000ff00 (0x00178713) addi    a4, a5, 1
core   0: 3 0x000000008000ff00 (0x00178713) x14 0x0000000080012065
core   0: 0x000000008000ff04 (0xfee43023) sd      a4, -32(s0)
core   0: 3 0x000000008000ff04 (0xfee43023) mem 0x0000000080031f50 0x0000000080012065
core   0: 0x000000008000ff08 (0xfc442703) lw      a4, -60(s0)
core   0: 3 0x000000008000ff08 (0xfc442703) x14 0x0000000000000000 mem 0x0000000080031f34
core   0: 0x000000008000ff0c (0x0ff77713) andi    a4, a4, 255
core   0: 3 0x000000008000ff0c (0x0ff77713) x14 0x0000000000000000
core   0: 0x000000008000ff10 (0x00e78023) sb      a4, 0(a5)
core   0: 3 0x000000008000ff10 (0x00e78023) mem 0x0000000080012064 0x00
core   0: 0x000000008000ff14 (0xfc843703) ld      a4, -56(s0)
core   0: 3 0x000000008000ff14 (0xfc843703) x14 0x0000000080012040 mem 0x0000000080031f38
core   0: 0x000000008000ff18 (0xfb843783) ld      a5, -72(s0)
core   0: 3 0x000000008000ff18 (0xfb843783) x15 0x000000000000009c mem 0x0000000080031f28
core   0: 0x000000008000ff1c (0x000097ba) c.add   a5, a4
core   0: 3 0x000000008000ff1c (0x97ba) x15 0x00000000800120dc
core   0: 0x000000008000ff1e (0xfe043703) ld      a4, -32(s0)
core   0: 3 0x000000008000ff1e (0xfe043703) x14 0x0000000080012065 mem 0x0000000080031f50
core   0: 0x000000008000ff22 (0xfcf76de3) bltu    a4, a5, pc - 38
core   0: 3 0x000000008000ff22 (0xfcf76de3)
core   0: 0x000000008000fefc (0xfe043783) ld      a5, -32(s0)
core   0: 3 0x000000008000fefc (0xfe043783) x15 0x0000000080012065 mem 0x0000000080031f50
core   0: 0x000000008000ff00 (0x00178713) addi    a4, a5, 1
core   0: 3 0x000000008000ff00 (0x00178713) x14 0x0000000080012066
core   0: 0x000000008000ff04 (0xfee43023) sd      a4, -32(s0)
core   0: 3 0x000000008000ff04 (0xfee43023) mem 0x0000000080031f50 0x0000000080012066
core   0: 0x000000008000ff08 (0xfc442703) lw      a4, -60(s0)
core   0: 3 0x000000008000ff08 (0xfc442703) x14 0x0000000000000000 mem 0x0000000080031f34
core   0: 0x000000008000ff0c (0x0ff77713) andi    a4, a4, 255
core   0: 3 0x000000008000ff0c (0x0ff77713) x14 0x0000000000000000
core   0: 0x000000008000ff10 (0x00e78023) sb      a4, 0(a5)
core   0: 3 0x000000008000ff10 (0x00e78023) mem 0x0000000080012065 0x00
core   0: 0x000000008000ff14 (0xfc843703) ld      a4, -56(s0)
core   0: 3 0x000000008000ff14 (0xfc843703) x14 0x0000000080012040 mem 0x0000000080031f38
core   0: 0x000000008000ff18 (0xfb843783) ld      a5, -72(s0)
core   0: 3 0x000000008000ff18 (0xfb843783) x15 0x000000000000009c mem 0x0000000080031f28
core   0: 0x000000008000ff1c (0x000097ba) c.add   a5, a4
core   0: 3 0x000000008000ff1c (0x97ba) x15 0x00000000800120dc
core   0: 0x000000008000ff1e (0xfe043703) ld      a4, -32(s0)
core   0: 3 0x000000008000ff1e (0xfe043703) x14 0x0000000080012066 mem 0x0000000080031f50
core   0: 0x000000008000ff22 (0xfcf76de3) bltu    a4, a5, pc - 38
core   0: 3 0x000000008000ff22 (0xfcf76de3)
core   0: 0x000000008000fefc (0xfe043783) ld      a5, -32(s0)
core   0: 3 0x000000008000fefc (0xfe043783) x15 0x0000000080012066 mem 0x0000000080031f50
core   0: 0x000000008000ff00 (0x00178713) addi    a4, a5, 1
core   0: 3 0x000000008000ff00 (0x00178713) x14 0x0000000080012067
core   0: 0x000000008000ff04 (0xfee43023) sd      a4, -32(s0)
core   0: 3 0x000000008000ff04 (0xfee43023) mem 0x0000000080031f50 0x0000000080012067
core   0: 0x000000008000ff08 (0xfc442703) lw      a4, -60(s0)
core   0: 3 0x000000008000ff08 (0xfc442703) x14 0x0000000000000000 mem 0x0000000080031f34
core   0: 0x000000008000ff0c (0x0ff77713) andi    a4, a4, 255
core   0: 3 0x000000008000ff0c (0x0ff77713) x14 0x0000000000000000
core   0: 0x000000008000ff10 (0x00e78023) sb      a4, 0(a5)
core   0: 3 0x000000008000ff10 (0x00e78023) mem 0x0000000080012066 0x00
core   0: 0x000000008000ff14 (0xfc843703) ld      a4, -56(s0)
core   0: 3 0x000000008000ff14 (0xfc843703) x14 0x0000000080012040 mem 0x0000000080031f38
core   0: 0x000000008000ff18 (0xfb843783) ld      a5, -72(s0)
core   0: 3 0x000000008000ff18 (0xfb843783) x15 0x000000000000009c mem 0x0000000080031f28
core   0: 0x000000008000ff1c (0x000097ba) c.add   a5, a4
core   0: 3 0x000000008000ff1c (0x97ba) x15 0x00000000800120dc
core   0: 0x000000008000ff1e (0xfe043703) ld      a4, -32(s0)
core   0: 3 0x000000008000ff1e (0xfe043703) x14 0x0000000080012067 mem 0x0000000080031f50
core   0: 0x000000008000ff22 (0xfcf76de3) bltu    a4, a5, pc - 38
core   0: 3 0x000000008000ff22 (0xfcf76de3)
core   0: 0x000000008000fefc (0xfe043783) ld      a5, -32(s0)
core   0: 3 0x000000008000fefc (0xfe043783) x15 0x0000000080012067 mem 0x0000000080031f50
core   0: 0x000000008000ff00 (0x00178713) addi    a4, a5, 1
core   0: 3 0x000000008000ff00 (0x00178713) x14 0x0000000080012068
core   0: 0x000000008000ff04 (0xfee43023) sd      a4, -32(s0)
core   0: 3 0x000000008000ff04 (0xfee43023) mem 0x0000000080031f50 0x0000000080012068
core   0: 0x000000008000ff08 (0xfc442703) lw      a4, -60(s0)
core   0: 3 0x000000008000ff08 (0xfc442703) x14 0x0000000000000000 mem 0x0000000080031f34
core   0: 0x000000008000ff0c (0x0ff77713) andi    a4, a4, 255
core   0: 3 0x000000008000ff0c (0x0ff77713) x14 0x0000000000000000
core   0: 0x000000008000ff10 (0x00e78023) sb      a4, 0(a5)
core   0: 3 0x000000008000ff10 (0x00e78023) mem 0x0000000080012067 0x00
core   0: 0x000000008000ff14 (0xfc843703) ld      a4, -56(s0)
core   0: 3 0x000000008000ff14 (0xfc843703) x14 0x0000000080012040 mem 0x0000000080031f38
core   0: 0x000000008000ff18 (0xfb843783) ld      a5, -72(s0)
core   0: 3 0x000000008000ff18 (0xfb843783) x15 0x000000000000009c mem 0x0000000080031f28
core   0: 0x000000008000ff1c (0x000097ba) c.add   a5, a4
core   0: 3 0x000000008000ff1c (0x97ba) x15 0x00000000800120dc
core   0: 0x000000008000ff1e (0xfe043703) ld      a4, -32(s0)
core   0: 3 0x000000008000ff1e (0xfe043703) x14 0x0000000080012068 mem 0x0000000080031f50
core   0: 0x000000008000ff22 (0xfcf76de3) bltu    a4, a5, pc - 38
core   0: 3 0x000000008000ff22 (0xfcf76de3)
core   0: 0x000000008000fefc (0xfe043783) ld      a5, -32(s0)
core   0: 3 0x000000008000fefc (0xfe043783) x15 0x0000000080012068 mem 0x0000000080031f50
core   0: 0x000000008000ff00 (0x00178713) addi    a4, a5, 1
core   0: 3 0x000000008000ff00 (0x00178713) x14 0x0000000080012069
core   0: 0x000000008000ff04 (0xfee43023) sd      a4, -32(s0)
core   0: 3 0x000000008000ff04 (0xfee43023) mem 0x0000000080031f50 0x0000000080012069
core   0: 0x000000008000ff08 (0xfc442703) lw      a4, -60(s0)
core   0: 3 0x000000008000ff08 (0xfc442703) x14 0x0000000000000000 mem 0x0000000080031f34
core   0: 0x000000008000ff0c (0x0ff77713) andi    a4, a4, 255
core   0: 3 0x000000008000ff0c (0x0ff77713) x14 0x0000000000000000
core   0: 0x000000008000ff10 (0x00e78023) sb      a4, 0(a5)
core   0: 3 0x000000008000ff10 (0x00e78023) mem 0x0000000080012068 0x00
core   0: 0x000000008000ff14 (0xfc843703) ld      a4, -56(s0)
core   0: 3 0x000000008000ff14 (0xfc843703) x14 0x0000000080012040 mem 0x0000000080031f38
core   0: 0x000000008000ff18 (0xfb843783) ld      a5, -72(s0)
core   0: 3 0x000000008000ff18 (0xfb843783) x15 0x000000000000009c mem 0x0000000080031f28
core   0: 0x000000008000ff1c (0x000097ba) c.add   a5, a4
core   0: 3 0x000000008000ff1c (0x97ba) x15 0x00000000800120dc
core   0: 0x000000008000ff1e (0xfe043703) ld      a4, -32(s0)
core   0: 3 0x000000008000ff1e (0xfe043703) x14 0x0000000080012069 mem 0x0000000080031f50
core   0: 0x000000008000ff22 (0xfcf76de3) bltu    a4, a5, pc - 38
core   0: 3 0x000000008000ff22 (0xfcf76de3)
core   0: 0x000000008000fefc (0xfe043783) ld      a5, -32(s0)
core   0: 3 0x000000008000fefc (0xfe043783) x15 0x0000000080012069 mem 0x0000000080031f50
core   0: 0x000000008000ff00 (0x00178713) addi    a4, a5, 1
core   0: 3 0x000000008000ff00 (0x00178713) x14 0x000000008001206a
core   0: 0x000000008000ff04 (0xfee43023) sd      a4, -32(s0)
core   0: 3 0x000000008000ff04 (0xfee43023) mem 0x0000000080031f50 0x000000008001206a
core   0: 0x000000008000ff08 (0xfc442703) lw      a4, -60(s0)
core   0: 3 0x000000008000ff08 (0xfc442703) x14 0x0000000000000000 mem 0x0000000080031f34
core   0: 0x000000008000ff0c (0x0ff77713) andi    a4, a4, 255
core   0: 3 0x000000008000ff0c (0x0ff77713) x14 0x0000000000000000
core   0: 0x000000008000ff10 (0x00e78023) sb      a4, 0(a5)
core   0: 3 0x000000008000ff10 (0x00e78023) mem 0x0000000080012069 0x00
core   0: 0x000000008000ff14 (0xfc843703) ld      a4, -56(s0)
core   0: 3 0x000000008000ff14 (0xfc843703) x14 0x0000000080012040 mem 0x0000000080031f38
core   0: 0x000000008000ff18 (0xfb843783) ld      a5, -72(s0)
core   0: 3 0x000000008000ff18 (0xfb843783) x15 0x000000000000009c mem 0x0000000080031f28
core   0: 0x000000008000ff1c (0x000097ba) c.add   a5, a4
core   0: 3 0x000000008000ff1c (0x97ba) x15 0x00000000800120dc
core   0: 0x000000008000ff1e (0xfe043703) ld      a4, -32(s0)
core   0: 3 0x000000008000ff1e (0xfe043703) x14 0x000000008001206a mem 0x0000000080031f50
core   0: 0x000000008000ff22 (0xfcf76de3) bltu    a4, a5, pc - 38
core   0: 3 0x000000008000ff22 (0xfcf76de3)
core   0: 0x000000008000fefc (0xfe043783) ld      a5, -32(s0)
core   0: 3 0x000000008000fefc (0xfe043783) x15 0x000000008001206a mem 0x0000000080031f50
core   0: 0x000000008000ff00 (0x00178713) addi    a4, a5, 1
core   0: 3 0x000000008000ff00 (0x00178713) x14 0x000000008001206b
core   0: 0x000000008000ff04 (0xfee43023) sd      a4, -32(s0)
core   0: 3 0x000000008000ff04 (0xfee43023) mem 0x0000000080031f50 0x000000008001206b
core   0: 0x000000008000ff08 (0xfc442703) lw      a4, -60(s0)
core   0: 3 0x000000008000ff08 (0xfc442703) x14 0x0000000000000000 mem 0x0000000080031f34
core   0: 0x000000008000ff0c (0x0ff77713) andi    a4, a4, 255
core   0: 3 0x000000008000ff0c (0x0ff77713) x14 0x0000000000000000
core   0: 0x000000008000ff10 (0x00e78023) sb      a4, 0(a5)
core   0: 3 0x000000008000ff10 (0x00e78023) mem 0x000000008001206a 0x00
core   0: 0x000000008000ff14 (0xfc843703) ld      a4, -56(s0)
core   0: 3 0x000000008000ff14 (0xfc843703) x14 0x0000000080012040 mem 0x0000000080031f38
core   0: 0x000000008000ff18 (0xfb843783) ld      a5, -72(s0)
core   0: 3 0x000000008000ff18 (0xfb843783) x15 0x000000000000009c mem 0x0000000080031f28
core   0: 0x000000008000ff1c (0x000097ba) c.add   a5, a4
core   0: 3 0x000000008000ff1c (0x97ba) x15 0x00000000800120dc
core   0: 0x000000008000ff1e (0xfe043703) ld      a4, -32(s0)
core   0: 3 0x000000008000ff1e (0xfe043703) x14 0x000000008001206b mem 0x0000000080031f50
core   0: 0x000000008000ff22 (0xfcf76de3) bltu    a4, a5, pc - 38
core   0: 3 0x000000008000ff22 (0xfcf76de3)
core   0: 0x000000008000fefc (0xfe043783) ld      a5, -32(s0)
core   0: 3 0x000000008000fefc (0xfe043783) x15 0x000000008001206b mem 0x0000000080031f50
core   0: 0x000000008000ff00 (0x00178713) addi    a4, a5, 1
core   0: 3 0x000000008000ff00 (0x00178713) x14 0x000000008001206c
core   0: 0x000000008000ff04 (0xfee43023) sd      a4, -32(s0)
core   0: 3 0x000000008000ff04 (0xfee43023) mem 0x0000000080031f50 0x000000008001206c
core   0: 0x000000008000ff08 (0xfc442703) lw      a4, -60(s0)
core   0: 3 0x000000008000ff08 (0xfc442703) x14 0x0000000000000000 mem 0x0000000080031f34
core   0: 0x000000008000ff0c (0x0ff77713) andi    a4, a4, 255
core   0: 3 0x000000008000ff0c (0x0ff77713) x14 0x0000000000000000
core   0: 0x000000008000ff10 (0x00e78023) sb      a4, 0(a5)
core   0: 3 0x000000008000ff10 (0x00e78023) mem 0x000000008001206b 0x00
core   0: 0x000000008000ff14 (0xfc843703) ld      a4, -56(s0)
core   0: 3 0x000000008000ff14 (0xfc843703) x14 0x0000000080012040 mem 0x0000000080031f38
core   0: 0x000000008000ff18 (0xfb843783) ld      a5, -72(s0)
core   0: 3 0x000000008000ff18 (0xfb843783) x15 0x000000000000009c mem 0x0000000080031f28
core   0: 0x000000008000ff1c (0x000097ba) c.add   a5, a4
core   0: 3 0x000000008000ff1c (0x97ba) x15 0x00000000800120dc
core   0: 0x000000008000ff1e (0xfe043703) ld      a4, -32(s0)
core   0: 3 0x000000008000ff1e (0xfe043703) x14 0x000000008001206c mem 0x0000000080031f50
core   0: 0x000000008000ff22 (0xfcf76de3) bltu    a4, a5, pc - 38
core   0: 3 0x000000008000ff22 (0xfcf76de3)
core   0: 0x000000008000fefc (0xfe043783) ld      a5, -32(s0)
core   0: 3 0x000000008000fefc (0xfe043783) x15 0x000000008001206c mem 0x0000000080031f50
core   0: 0x000000008000ff00 (0x00178713) addi    a4, a5, 1
core   0: 3 0x000000008000ff00 (0x00178713) x14 0x000000008001206d
core   0: 0x000000008000ff04 (0xfee43023) sd      a4, -32(s0)
core   0: 3 0x000000008000ff04 (0xfee43023) mem 0x0000000080031f50 0x000000008001206d
core   0: 0x000000008000ff08 (0xfc442703) lw      a4, -60(s0)
core   0: 3 0x000000008000ff08 (0xfc442703) x14 0x0000000000000000 mem 0x0000000080031f34
core   0: 0x000000008000ff0c (0x0ff77713) andi    a4, a4, 255
core   0: 3 0x000000008000ff0c (0x0ff77713) x14 0x0000000000000000
core   0: 0x000000008000ff10 (0x00e78023) sb      a4, 0(a5)
core   0: 3 0x000000008000ff10 (0x00e78023) mem 0x000000008001206c 0x00
core   0: 0x000000008000ff14 (0xfc843703) ld      a4, -56(s0)
core   0: 3 0x000000008000ff14 (0xfc843703) x14 0x0000000080012040 mem 0x0000000080031f38
core   0: 0x000000008000ff18 (0xfb843783) ld      a5, -72(s0)
core   0: 3 0x000000008000ff18 (0xfb843783) x15 0x000000000000009c mem 0x0000000080031f28
core   0: 0x000000008000ff1c (0x000097ba) c.add   a5, a4
core   0: 3 0x000000008000ff1c (0x97ba) x15 0x00000000800120dc
core   0: 0x000000008000ff1e (0xfe043703) ld      a4, -32(s0)
core   0: 3 0x000000008000ff1e (0xfe043703) x14 0x000000008001206d mem 0x0000000080031f50
core   0: 0x000000008000ff22 (0xfcf76de3) bltu    a4, a5, pc - 38
core   0: 3 0x000000008000ff22 (0xfcf76de3)
core   0: 0x000000008000fefc (0xfe043783) ld      a5, -32(s0)
core   0: 3 0x000000008000fefc (0xfe043783) x15 0x000000008001206d mem 0x0000000080031f50
core   0: 0x000000008000ff00 (0x00178713) addi    a4, a5, 1
core   0: 3 0x000000008000ff00 (0x00178713) x14 0x000000008001206e
core   0: 0x000000008000ff04 (0xfee43023) sd      a4, -32(s0)
core   0: 3 0x000000008000ff04 (0xfee43023) mem 0x0000000080031f50 0x000000008001206e
core   0: 0x000000008000ff08 (0xfc442703) lw      a4, -60(s0)
core   0: 3 0x000000008000ff08 (0xfc442703) x14 0x0000000000000000 mem 0x0000000080031f34
core   0: 0x000000008000ff0c (0x0ff77713) andi    a4, a4, 255
core   0: 3 0x000000008000ff0c (0x0ff77713) x14 0x0000000000000000
core   0: 0x000000008000ff10 (0x00e78023) sb      a4, 0(a5)
core   0: 3 0x000000008000ff10 (0x00e78023) mem 0x000000008001206d 0x00
core   0: 0x000000008000ff14 (0xfc843703) ld      a4, -56(s0)
core   0: 3 0x000000008000ff14 (0xfc843703) x14 0x0000000080012040 mem 0x0000000080031f38
core   0: 0x000000008000ff18 (0xfb843783) ld      a5, -72(s0)
core   0: 3 0x000000008000ff18 (0xfb843783) x15 0x000000000000009c mem 0x0000000080031f28
core   0: 0x000000008000ff1c (0x000097ba) c.add   a5, a4
core   0: 3 0x000000008000ff1c (0x97ba) x15 0x00000000800120dc
core   0: 0x000000008000ff1e (0xfe043703) ld      a4, -32(s0)
core   0: 3 0x000000008000ff1e (0xfe043703) x14 0x000000008001206e mem 0x0000000080031f50
core   0: 0x000000008000ff22 (0xfcf76de3) bltu    a4, a5, pc - 38
core   0: 3 0x000000008000ff22 (0xfcf76de3)
core   0: 0x000000008000fefc (0xfe043783) ld      a5, -32(s0)
core   0: 3 0x000000008000fefc (0xfe043783) x15 0x000000008001206e mem 0x0000000080031f50
core   0: 0x000000008000ff00 (0x00178713) addi    a4, a5, 1
core   0: 3 0x000000008000ff00 (0x00178713) x14 0x000000008001206f
core   0: 0x000000008000ff04 (0xfee43023) sd      a4, -32(s0)
core   0: 3 0x000000008000ff04 (0xfee43023) mem 0x0000000080031f50 0x000000008001206f
core   0: 0x000000008000ff08 (0xfc442703) lw      a4, -60(s0)
core   0: 3 0x000000008000ff08 (0xfc442703) x14 0x0000000000000000 mem 0x0000000080031f34
core   0: 0x000000008000ff0c (0x0ff77713) andi    a4, a4, 255
core   0: 3 0x000000008000ff0c (0x0ff77713) x14 0x0000000000000000
core   0: 0x000000008000ff10 (0x00e78023) sb      a4, 0(a5)
core   0: 3 0x000000008000ff10 (0x00e78023) mem 0x000000008001206e 0x00
core   0: 0x000000008000ff14 (0xfc843703) ld      a4, -56(s0)
core   0: 3 0x000000008000ff14 (0xfc843703) x14 0x0000000080012040 mem 0x0000000080031f38
core   0: 0x000000008000ff18 (0xfb843783) ld      a5, -72(s0)
core   0: 3 0x000000008000ff18 (0xfb843783) x15 0x000000000000009c mem 0x0000000080031f28
core   0: 0x000000008000ff1c (0x000097ba) c.add   a5, a4
core   0: 3 0x000000008000ff1c (0x97ba) x15 0x00000000800120dc
core   0: 0x000000008000ff1e (0xfe043703) ld      a4, -32(s0)
core   0: 3 0x000000008000ff1e (0xfe043703) x14 0x000000008001206f mem 0x0000000080031f50
core   0: 0x000000008000ff22 (0xfcf76de3) bltu    a4, a5, pc - 38
core   0: 3 0x000000008000ff22 (0xfcf76de3)
core   0: 0x000000008000fefc (0xfe043783) ld      a5, -32(s0)
core   0: 3 0x000000008000fefc (0xfe043783) x15 0x000000008001206f mem 0x0000000080031f50
core   0: 0x000000008000ff00 (0x00178713) addi    a4, a5, 1
core   0: 3 0x000000008000ff00 (0x00178713) x14 0x0000000080012070
core   0: 0x000000008000ff04 (0xfee43023) sd      a4, -32(s0)
core   0: 3 0x000000008000ff04 (0xfee43023) mem 0x0000000080031f50 0x0000000080012070
core   0: 0x000000008000ff08 (0xfc442703) lw      a4, -60(s0)
core   0: 3 0x000000008000ff08 (0xfc442703) x14 0x0000000000000000 mem 0x0000000080031f34
core   0: 0x000000008000ff0c (0x0ff77713) andi    a4, a4, 255
core   0: 3 0x000000008000ff0c (0x0ff77713) x14 0x0000000000000000
core   0: 0x000000008000ff10 (0x00e78023) sb      a4, 0(a5)
core   0: 3 0x000000008000ff10 (0x00e78023) mem 0x000000008001206f 0x00
core   0: 0x000000008000ff14 (0xfc843703) ld      a4, -56(s0)
core   0: 3 0x000000008000ff14 (0xfc843703) x14 0x0000000080012040 mem 0x0000000080031f38
core   0: 0x000000008000ff18 (0xfb843783) ld      a5, -72(s0)
core   0: 3 0x000000008000ff18 (0xfb843783) x15 0x000000000000009c mem 0x0000000080031f28
core   0: 0x000000008000ff1c (0x000097ba) c.add   a5, a4
core   0: 3 0x000000008000ff1c (0x97ba) x15 0x00000000800120dc
core   0: 0x000000008000ff1e (0xfe043703) ld      a4, -32(s0)
core   0: 3 0x000000008000ff1e (0xfe043703) x14 0x0000000080012070 mem 0x0000000080031f50
core   0: 0x000000008000ff22 (0xfcf76de3) bltu    a4, a5, pc - 38
core   0: 3 0x000000008000ff22 (0xfcf76de3)
core   0: 0x000000008000fefc (0xfe043783) ld      a5, -32(s0)
core   0: 3 0x000000008000fefc (0xfe043783) x15 0x0000000080012070 mem 0x0000000080031f50
core   0: 0x000000008000ff00 (0x00178713) addi    a4, a5, 1
core   0: 3 0x000000008000ff00 (0x00178713) x14 0x0000000080012071
core   0: 0x000000008000ff04 (0xfee43023) sd      a4, -32(s0)
core   0: 3 0x000000008000ff04 (0xfee43023) mem 0x0000000080031f50 0x0000000080012071
core   0: 0x000000008000ff08 (0xfc442703) lw      a4, -60(s0)
core   0: 3 0x000000008000ff08 (0xfc442703) x14 0x0000000000000000 mem 0x0000000080031f34
core   0: 0x000000008000ff0c (0x0ff77713) andi    a4, a4, 255
core   0: 3 0x000000008000ff0c (0x0ff77713) x14 0x0000000000000000
core   0: 0x000000008000ff10 (0x00e78023) sb      a4, 0(a5)
core   0: 3 0x000000008000ff10 (0x00e78023) mem 0x0000000080012070 0x00
core   0: 0x000000008000ff14 (0xfc843703) ld      a4, -56(s0)
core   0: 3 0x000000008000ff14 (0xfc843703) x14 0x0000000080012040 mem 0x0000000080031f38
core   0: 0x000000008000ff18 (0xfb843783) ld      a5, -72(s0)
core   0: 3 0x000000008000ff18 (0xfb843783) x15 0x000000000000009c mem 0x0000000080031f28
core   0: 0x000000008000ff1c (0x000097ba) c.add   a5, a4
core   0: 3 0x000000008000ff1c (0x97ba) x15 0x00000000800120dc
core   0: 0x000000008000ff1e (0xfe043703) ld      a4, -32(s0)
core   0: 3 0x000000008000ff1e (0xfe043703) x14 0x0000000080012071 mem 0x0000000080031f50
core   0: 0x000000008000ff22 (0xfcf76de3) bltu    a4, a5, pc - 38
core   0: 3 0x000000008000ff22 (0xfcf76de3)
core   0: 0x000000008000fefc (0xfe043783) ld      a5, -32(s0)
core   0: 3 0x000000008000fefc (0xfe043783) x15 0x0000000080012071 mem 0x0000000080031f50
core   0: 0x000000008000ff00 (0x00178713) addi    a4, a5, 1
core   0: 3 0x000000008000ff00 (0x00178713) x14 0x0000000080012072
core   0: 0x000000008000ff04 (0xfee43023) sd      a4, -32(s0)
core   0: 3 0x000000008000ff04 (0xfee43023) mem 0x0000000080031f50 0x0000000080012072
core   0: 0x000000008000ff08 (0xfc442703) lw      a4, -60(s0)
core   0: 3 0x000000008000ff08 (0xfc442703) x14 0x0000000000000000 mem 0x0000000080031f34
core   0: 0x000000008000ff0c (0x0ff77713) andi    a4, a4, 255
core   0: 3 0x000000008000ff0c (0x0ff77713) x14 0x0000000000000000
core   0: 0x000000008000ff10 (0x00e78023) sb      a4, 0(a5)
core   0: 3 0x000000008000ff10 (0x00e78023) mem 0x0000000080012071 0x00
core   0: 0x000000008000ff14 (0xfc843703) ld      a4, -56(s0)
core   0: 3 0x000000008000ff14 (0xfc843703) x14 0x0000000080012040 mem 0x0000000080031f38
core   0: 0x000000008000ff18 (0xfb843783) ld      a5, -72(s0)
core   0: 3 0x000000008000ff18 (0xfb843783) x15 0x000000000000009c mem 0x0000000080031f28
core   0: 0x000000008000ff1c (0x000097ba) c.add   a5, a4
core   0: 3 0x000000008000ff1c (0x97ba) x15 0x00000000800120dc
core   0: 0x000000008000ff1e (0xfe043703) ld      a4, -32(s0)
core   0: 3 0x000000008000ff1e (0xfe043703) x14 0x0000000080012072 mem 0x0000000080031f50
core   0: 0x000000008000ff22 (0xfcf76de3) bltu    a4, a5, pc - 38
core   0: 3 0x000000008000ff22 (0xfcf76de3)
core   0: 0x000000008000fefc (0xfe043783) ld      a5, -32(s0)
core   0: 3 0x000000008000fefc (0xfe043783) x15 0x0000000080012072 mem 0x0000000080031f50
core   0: 0x000000008000ff00 (0x00178713) addi    a4, a5, 1
core   0: 3 0x000000008000ff00 (0x00178713) x14 0x0000000080012073
core   0: 0x000000008000ff04 (0xfee43023) sd      a4, -32(s0)
core   0: 3 0x000000008000ff04 (0xfee43023) mem 0x0000000080031f50 0x0000000080012073
core   0: 0x000000008000ff08 (0xfc442703) lw      a4, -60(s0)
core   0: 3 0x000000008000ff08 (0xfc442703) x14 0x0000000000000000 mem 0x0000000080031f34
core   0: 0x000000008000ff0c (0x0ff77713) andi    a4, a4, 255
core   0: 3 0x000000008000ff0c (0x0ff77713) x14 0x0000000000000000
core   0: 0x000000008000ff10 (0x00e78023) sb      a4, 0(a5)
core   0: 3 0x000000008000ff10 (0x00e78023) mem 0x0000000080012072 0x00
core   0: 0x000000008000ff14 (0xfc843703) ld      a4, -56(s0)
core   0: 3 0x000000008000ff14 (0xfc843703) x14 0x0000000080012040 mem 0x0000000080031f38
core   0: 0x000000008000ff18 (0xfb843783) ld      a5, -72(s0)
core   0: 3 0x000000008000ff18 (0xfb843783) x15 0x000000000000009c mem 0x0000000080031f28
core   0: 0x000000008000ff1c (0x000097ba) c.add   a5, a4
core   0: 3 0x000000008000ff1c (0x97ba) x15 0x00000000800120dc
core   0: 0x000000008000ff1e (0xfe043703) ld      a4, -32(s0)
core   0: 3 0x000000008000ff1e (0xfe043703) x14 0x0000000080012073 mem 0x0000000080031f50
core   0: 0x000000008000ff22 (0xfcf76de3) bltu    a4, a5, pc - 38
core   0: 3 0x000000008000ff22 (0xfcf76de3)
core   0: 0x000000008000fefc (0xfe043783) ld      a5, -32(s0)
core   0: 3 0x000000008000fefc (0xfe043783) x15 0x0000000080012073 mem 0x0000000080031f50
core   0: 0x000000008000ff00 (0x00178713) addi    a4, a5, 1
core   0: 3 0x000000008000ff00 (0x00178713) x14 0x0000000080012074
core   0: 0x000000008000ff04 (0xfee43023) sd      a4, -32(s0)
core   0: 3 0x000000008000ff04 (0xfee43023) mem 0x0000000080031f50 0x0000000080012074
core   0: 0x000000008000ff08 (0xfc442703) lw      a4, -60(s0)
core   0: 3 0x000000008000ff08 (0xfc442703) x14 0x0000000000000000 mem 0x0000000080031f34
core   0: 0x000000008000ff0c (0x0ff77713) andi    a4, a4, 255
core   0: 3 0x000000008000ff0c (0x0ff77713) x14 0x0000000000000000
core   0: 0x000000008000ff10 (0x00e78023) sb      a4, 0(a5)
core   0: 3 0x000000008000ff10 (0x00e78023) mem 0x0000000080012073 0x00
core   0: 0x000000008000ff14 (0xfc843703) ld      a4, -56(s0)
core   0: 3 0x000000008000ff14 (0xfc843703) x14 0x0000000080012040 mem 0x0000000080031f38
core   0: 0x000000008000ff18 (0xfb843783) ld      a5, -72(s0)
core   0: 3 0x000000008000ff18 (0xfb843783) x15 0x000000000000009c mem 0x0000000080031f28
core   0: 0x000000008000ff1c (0x000097ba) c.add   a5, a4
core   0: 3 0x000000008000ff1c (0x97ba) x15 0x00000000800120dc
core   0: 0x000000008000ff1e (0xfe043703) ld      a4, -32(s0)
core   0: 3 0x000000008000ff1e (0xfe043703) x14 0x0000000080012074 mem 0x0000000080031f50
core   0: 0x000000008000ff22 (0xfcf76de3) bltu    a4, a5, pc - 38
core   0: 3 0x000000008000ff22 (0xfcf76de3)
core   0: 0x000000008000fefc (0xfe043783) ld      a5, -32(s0)
core   0: 3 0x000000008000fefc (0xfe043783) x15 0x0000000080012074 mem 0x0000000080031f50
core   0: 0x000000008000ff00 (0x00178713) addi    a4, a5, 1
core   0: 3 0x000000008000ff00 (0x00178713) x14 0x0000000080012075
core   0: 0x000000008000ff04 (0xfee43023) sd      a4, -32(s0)
core   0: 3 0x000000008000ff04 (0xfee43023) mem 0x0000000080031f50 0x0000000080012075
core   0: 0x000000008000ff08 (0xfc442703) lw      a4, -60(s0)
core   0: 3 0x000000008000ff08 (0xfc442703) x14 0x0000000000000000 mem 0x0000000080031f34
core   0: 0x000000008000ff0c (0x0ff77713) andi    a4, a4, 255
core   0: 3 0x000000008000ff0c (0x0ff77713) x14 0x0000000000000000
core   0: 0x000000008000ff10 (0x00e78023) sb      a4, 0(a5)
core   0: 3 0x000000008000ff10 (0x00e78023) mem 0x0000000080012074 0x00
core   0: 0x000000008000ff14 (0xfc843703) ld      a4, -56(s0)
core   0: 3 0x000000008000ff14 (0xfc843703) x14 0x0000000080012040 mem 0x0000000080031f38
core   0: 0x000000008000ff18 (0xfb843783) ld      a5, -72(s0)
core   0: 3 0x000000008000ff18 (0xfb843783) x15 0x000000000000009c mem 0x0000000080031f28
core   0: 0x000000008000ff1c (0x000097ba) c.add   a5, a4
core   0: 3 0x000000008000ff1c (0x97ba) x15 0x00000000800120dc
core   0: 0x000000008000ff1e (0xfe043703) ld      a4, -32(s0)
core   0: 3 0x000000008000ff1e (0xfe043703) x14 0x0000000080012075 mem 0x0000000080031f50
core   0: 0x000000008000ff22 (0xfcf76de3) bltu    a4, a5, pc - 38
core   0: 3 0x000000008000ff22 (0xfcf76de3)
core   0: 0x000000008000fefc (0xfe043783) ld      a5, -32(s0)
core   0: 3 0x000000008000fefc (0xfe043783) x15 0x0000000080012075 mem 0x0000000080031f50
core   0: 0x000000008000ff00 (0x00178713) addi    a4, a5, 1
core   0: 3 0x000000008000ff00 (0x00178713) x14 0x0000000080012076
core   0: 0x000000008000ff04 (0xfee43023) sd      a4, -32(s0)
core   0: 3 0x000000008000ff04 (0xfee43023) mem 0x0000000080031f50 0x0000000080012076
core   0: 0x000000008000ff08 (0xfc442703) lw      a4, -60(s0)
core   0: 3 0x000000008000ff08 (0xfc442703) x14 0x0000000000000000 mem 0x0000000080031f34
core   0: 0x000000008000ff0c (0x0ff77713) andi    a4, a4, 255
core   0: 3 0x000000008000ff0c (0x0ff77713) x14 0x0000000000000000
core   0: 0x000000008000ff10 (0x00e78023) sb      a4, 0(a5)
core   0: 3 0x000000008000ff10 (0x00e78023) mem 0x0000000080012075 0x00
core   0: 0x000000008000ff14 (0xfc843703) ld      a4, -56(s0)
core   0: 3 0x000000008000ff14 (0xfc843703) x14 0x0000000080012040 mem 0x0000000080031f38
core   0: 0x000000008000ff18 (0xfb843783) ld      a5, -72(s0)
core   0: 3 0x000000008000ff18 (0xfb843783) x15 0x000000000000009c mem 0x0000000080031f28
core   0: 0x000000008000ff1c (0x000097ba) c.add   a5, a4
core   0: 3 0x000000008000ff1c (0x97ba) x15 0x00000000800120dc
core   0: 0x000000008000ff1e (0xfe043703) ld      a4, -32(s0)
core   0: 3 0x000000008000ff1e (0xfe043703) x14 0x0000000080012076 mem 0x0000000080031f50
core   0: 0x000000008000ff22 (0xfcf76de3) bltu    a4, a5, pc - 38
core   0: 3 0x000000008000ff22 (0xfcf76de3)
core   0: 0x000000008000fefc (0xfe043783) ld      a5, -32(s0)
core   0: 3 0x000000008000fefc (0xfe043783) x15 0x0000000080012076 mem 0x0000000080031f50
core   0: 0x000000008000ff00 (0x00178713) addi    a4, a5, 1
core   0: 3 0x000000008000ff00 (0x00178713) x14 0x0000000080012077
core   0: 0x000000008000ff04 (0xfee43023) sd      a4, -32(s0)
core   0: 3 0x000000008000ff04 (0xfee43023) mem 0x0000000080031f50 0x0000000080012077
core   0: 0x000000008000ff08 (0xfc442703) lw      a4, -60(s0)
core   0: 3 0x000000008000ff08 (0xfc442703) x14 0x0000000000000000 mem 0x0000000080031f34
core   0: 0x000000008000ff0c (0x0ff77713) andi    a4, a4, 255
core   0: 3 0x000000008000ff0c (0x0ff77713) x14 0x0000000000000000
core   0: 0x000000008000ff10 (0x00e78023) sb      a4, 0(a5)
core   0: 3 0x000000008000ff10 (0x00e78023) mem 0x0000000080012076 0x00
core   0: 0x000000008000ff14 (0xfc843703) ld      a4, -56(s0)
core   0: 3 0x000000008000ff14 (0xfc843703) x14 0x0000000080012040 mem 0x0000000080031f38
core   0: 0x000000008000ff18 (0xfb843783) ld      a5, -72(s0)
core   0: 3 0x000000008000ff18 (0xfb843783) x15 0x000000000000009c mem 0x0000000080031f28
core   0: 0x000000008000ff1c (0x000097ba) c.add   a5, a4
core   0: 3 0x000000008000ff1c (0x97ba) x15 0x00000000800120dc
core   0: 0x000000008000ff1e (0xfe043703) ld      a4, -32(s0)
core   0: 3 0x000000008000ff1e (0xfe043703) x14 0x0000000080012077 mem 0x0000000080031f50
core   0: 0x000000008000ff22 (0xfcf76de3) bltu    a4, a5, pc - 38
core   0: 3 0x000000008000ff22 (0xfcf76de3)
core   0: 0x000000008000fefc (0xfe043783) ld      a5, -32(s0)
core   0: 3 0x000000008000fefc (0xfe043783) x15 0x0000000080012077 mem 0x0000000080031f50
core   0: 0x000000008000ff00 (0x00178713) addi    a4, a5, 1
core   0: 3 0x000000008000ff00 (0x00178713) x14 0x0000000080012078
core   0: 0x000000008000ff04 (0xfee43023) sd      a4, -32(s0)
core   0: 3 0x000000008000ff04 (0xfee43023) mem 0x0000000080031f50 0x0000000080012078
core   0: 0x000000008000ff08 (0xfc442703) lw      a4, -60(s0)
core   0: 3 0x000000008000ff08 (0xfc442703) x14 0x0000000000000000 mem 0x0000000080031f34
core   0: 0x000000008000ff0c (0x0ff77713) andi    a4, a4, 255
core   0: 3 0x000000008000ff0c (0x0ff77713) x14 0x0000000000000000
core   0: 0x000000008000ff10 (0x00e78023) sb      a4, 0(a5)
core   0: 3 0x000000008000ff10 (0x00e78023) mem 0x0000000080012077 0x00
core   0: 0x000000008000ff14 (0xfc843703) ld      a4, -56(s0)
core   0: 3 0x000000008000ff14 (0xfc843703) x14 0x0000000080012040 mem 0x0000000080031f38
core   0: 0x000000008000ff18 (0xfb843783) ld      a5, -72(s0)
core   0: 3 0x000000008000ff18 (0xfb843783) x15 0x000000000000009c mem 0x0000000080031f28
core   0: 0x000000008000ff1c (0x000097ba) c.add   a5, a4
core   0: 3 0x000000008000ff1c (0x97ba) x15 0x00000000800120dc
core   0: 0x000000008000ff1e (0xfe043703) ld      a4, -32(s0)
core   0: 3 0x000000008000ff1e (0xfe043703) x14 0x0000000080012078 mem 0x0000000080031f50
core   0: 0x000000008000ff22 (0xfcf76de3) bltu    a4, a5, pc - 38
core   0: 3 0x000000008000ff22 (0xfcf76de3)
core   0: 0x000000008000fefc (0xfe043783) ld      a5, -32(s0)
core   0: 3 0x000000008000fefc (0xfe043783) x15 0x0000000080012078 mem 0x0000000080031f50
core   0: 0x000000008000ff00 (0x00178713) addi    a4, a5, 1
core   0: 3 0x000000008000ff00 (0x00178713) x14 0x0000000080012079
core   0: 0x000000008000ff04 (0xfee43023) sd      a4, -32(s0)
core   0: 3 0x000000008000ff04 (0xfee43023) mem 0x0000000080031f50 0x0000000080012079
core   0: 0x000000008000ff08 (0xfc442703) lw      a4, -60(s0)
core   0: 3 0x000000008000ff08 (0xfc442703) x14 0x0000000000000000 mem 0x0000000080031f34
core   0: 0x000000008000ff0c (0x0ff77713) andi    a4, a4, 255
core   0: 3 0x000000008000ff0c (0x0ff77713) x14 0x0000000000000000
core   0: 0x000000008000ff10 (0x00e78023) sb      a4, 0(a5)
core   0: 3 0x000000008000ff10 (0x00e78023) mem 0x0000000080012078 0x00
core   0: 0x000000008000ff14 (0xfc843703) ld      a4, -56(s0)
core   0: 3 0x000000008000ff14 (0xfc843703) x14 0x0000000080012040 mem 0x0000000080031f38
core   0: 0x000000008000ff18 (0xfb843783) ld      a5, -72(s0)
core   0: 3 0x000000008000ff18 (0xfb843783) x15 0x000000000000009c mem 0x0000000080031f28
core   0: 0x000000008000ff1c (0x000097ba) c.add   a5, a4
core   0: 3 0x000000008000ff1c (0x97ba) x15 0x00000000800120dc
core   0: 0x000000008000ff1e (0xfe043703) ld      a4, -32(s0)
core   0: 3 0x000000008000ff1e (0xfe043703) x14 0x0000000080012079 mem 0x0000000080031f50
core   0: 0x000000008000ff22 (0xfcf76de3) bltu    a4, a5, pc - 38
core   0: 3 0x000000008000ff22 (0xfcf76de3)
core   0: 0x000000008000fefc (0xfe043783) ld      a5, -32(s0)
core   0: 3 0x000000008000fefc (0xfe043783) x15 0x0000000080012079 mem 0x0000000080031f50
core   0: 0x000000008000ff00 (0x00178713) addi    a4, a5, 1
core   0: 3 0x000000008000ff00 (0x00178713) x14 0x000000008001207a
core   0: 0x000000008000ff04 (0xfee43023) sd      a4, -32(s0)
core   0: 3 0x000000008000ff04 (0xfee43023) mem 0x0000000080031f50 0x000000008001207a
core   0: 0x000000008000ff08 (0xfc442703) lw      a4, -60(s0)
core   0: 3 0x000000008000ff08 (0xfc442703) x14 0x0000000000000000 mem 0x0000000080031f34
core   0: 0x000000008000ff0c (0x0ff77713) andi    a4, a4, 255
core   0: 3 0x000000008000ff0c (0x0ff77713) x14 0x0000000000000000
core   0: 0x000000008000ff10 (0x00e78023) sb      a4, 0(a5)
core   0: 3 0x000000008000ff10 (0x00e78023) mem 0x0000000080012079 0x00
core   0: 0x000000008000ff14 (0xfc843703) ld      a4, -56(s0)
core   0: 3 0x000000008000ff14 (0xfc843703) x14 0x0000000080012040 mem 0x0000000080031f38
core   0: 0x000000008000ff18 (0xfb843783) ld      a5, -72(s0)
core   0: 3 0x000000008000ff18 (0xfb843783) x15 0x000000000000009c mem 0x0000000080031f28
core   0: 0x000000008000ff1c (0x000097ba) c.add   a5, a4
core   0: 3 0x000000008000ff1c (0x97ba) x15 0x00000000800120dc
core   0: 0x000000008000ff1e (0xfe043703) ld      a4, -32(s0)
core   0: 3 0x000000008000ff1e (0xfe043703) x14 0x000000008001207a mem 0x0000000080031f50
core   0: 0x000000008000ff22 (0xfcf76de3) bltu    a4, a5, pc - 38
core   0: 3 0x000000008000ff22 (0xfcf76de3)
core   0: 0x000000008000fefc (0xfe043783) ld      a5, -32(s0)
core   0: 3 0x000000008000fefc (0xfe043783) x15 0x000000008001207a mem 0x0000000080031f50
core   0: 0x000000008000ff00 (0x00178713) addi    a4, a5, 1
core   0: 3 0x000000008000ff00 (0x00178713) x14 0x000000008001207b
core   0: 0x000000008000ff04 (0xfee43023) sd      a4, -32(s0)
core   0: 3 0x000000008000ff04 (0xfee43023) mem 0x0000000080031f50 0x000000008001207b
core   0: 0x000000008000ff08 (0xfc442703) lw      a4, -60(s0)
core   0: 3 0x000000008000ff08 (0xfc442703) x14 0x0000000000000000 mem 0x0000000080031f34
core   0: 0x000000008000ff0c (0x0ff77713) andi    a4, a4, 255
core   0: 3 0x000000008000ff0c (0x0ff77713) x14 0x0000000000000000
core   0: 0x000000008000ff10 (0x00e78023) sb      a4, 0(a5)
core   0: 3 0x000000008000ff10 (0x00e78023) mem 0x000000008001207a 0x00
core   0: 0x000000008000ff14 (0xfc843703) ld      a4, -56(s0)
core   0: 3 0x000000008000ff14 (0xfc843703) x14 0x0000000080012040 mem 0x0000000080031f38
core   0: 0x000000008000ff18 (0xfb843783) ld      a5, -72(s0)
core   0: 3 0x000000008000ff18 (0xfb843783) x15 0x000000000000009c mem 0x0000000080031f28
core   0: 0x000000008000ff1c (0x000097ba) c.add   a5, a4
core   0: 3 0x000000008000ff1c (0x97ba) x15 0x00000000800120dc
core   0: 0x000000008000ff1e (0xfe043703) ld      a4, -32(s0)
core   0: 3 0x000000008000ff1e (0xfe043703) x14 0x000000008001207b mem 0x0000000080031f50
core   0: 0x000000008000ff22 (0xfcf76de3) bltu    a4, a5, pc - 38
core   0: 3 0x000000008000ff22 (0xfcf76de3)
core   0: 0x000000008000fefc (0xfe043783) ld      a5, -32(s0)
core   0: 3 0x000000008000fefc (0xfe043783) x15 0x000000008001207b mem 0x0000000080031f50
core   0: 0x000000008000ff00 (0x00178713) addi    a4, a5, 1
core   0: 3 0x000000008000ff00 (0x00178713) x14 0x000000008001207c
core   0: 0x000000008000ff04 (0xfee43023) sd      a4, -32(s0)
core   0: 3 0x000000008000ff04 (0xfee43023) mem 0x0000000080031f50 0x000000008001207c
core   0: 0x000000008000ff08 (0xfc442703) lw      a4, -60(s0)
core   0: 3 0x000000008000ff08 (0xfc442703) x14 0x0000000000000000 mem 0x0000000080031f34
core   0: 0x000000008000ff0c (0x0ff77713) andi    a4, a4, 255
core   0: 3 0x000000008000ff0c (0x0ff77713) x14 0x0000000000000000
core   0: 0x000000008000ff10 (0x00e78023) sb      a4, 0(a5)
core   0: 3 0x000000008000ff10 (0x00e78023) mem 0x000000008001207b 0x00
core   0: 0x000000008000ff14 (0xfc843703) ld      a4, -56(s0)
core   0: 3 0x000000008000ff14 (0xfc843703) x14 0x0000000080012040 mem 0x0000000080031f38
core   0: 0x000000008000ff18 (0xfb843783) ld      a5, -72(s0)
core   0: 3 0x000000008000ff18 (0xfb843783) x15 0x000000000000009c mem 0x0000000080031f28
core   0: 0x000000008000ff1c (0x000097ba) c.add   a5, a4
core   0: 3 0x000000008000ff1c (0x97ba) x15 0x00000000800120dc
core   0: 0x000000008000ff1e (0xfe043703) ld      a4, -32(s0)
core   0: 3 0x000000008000ff1e (0xfe043703) x14 0x000000008001207c mem 0x0000000080031f50
core   0: 0x000000008000ff22 (0xfcf76de3) bltu    a4, a5, pc - 38
core   0: 3 0x000000008000ff22 (0xfcf76de3)
core   0: 0x000000008000fefc (0xfe043783) ld      a5, -32(s0)
core   0: 3 0x000000008000fefc (0xfe043783) x15 0x000000008001207c mem 0x0000000080031f50
core   0: 0x000000008000ff00 (0x00178713) addi    a4, a5, 1
core   0: 3 0x000000008000ff00 (0x00178713) x14 0x000000008001207d
core   0: 0x000000008000ff04 (0xfee43023) sd      a4, -32(s0)
core   0: 3 0x000000008000ff04 (0xfee43023) mem 0x0000000080031f50 0x000000008001207d
core   0: 0x000000008000ff08 (0xfc442703) lw      a4, -60(s0)
core   0: 3 0x000000008000ff08 (0xfc442703) x14 0x0000000000000000 mem 0x0000000080031f34
core   0: 0x000000008000ff0c (0x0ff77713) andi    a4, a4, 255
core   0: 3 0x000000008000ff0c (0x0ff77713) x14 0x0000000000000000
core   0: 0x000000008000ff10 (0x00e78023) sb      a4, 0(a5)
core   0: 3 0x000000008000ff10 (0x00e78023) mem 0x000000008001207c 0x00
core   0: 0x000000008000ff14 (0xfc843703) ld      a4, -56(s0)
core   0: 3 0x000000008000ff14 (0xfc843703) x14 0x0000000080012040 mem 0x0000000080031f38
core   0: 0x000000008000ff18 (0xfb843783) ld      a5, -72(s0)
core   0: 3 0x000000008000ff18 (0xfb843783) x15 0x000000000000009c mem 0x0000000080031f28
core   0: 0x000000008000ff1c (0x000097ba) c.add   a5, a4
core   0: 3 0x000000008000ff1c (0x97ba) x15 0x00000000800120dc
core   0: 0x000000008000ff1e (0xfe043703) ld      a4, -32(s0)
core   0: 3 0x000000008000ff1e (0xfe043703) x14 0x000000008001207d mem 0x0000000080031f50
core   0: 0x000000008000ff22 (0xfcf76de3) bltu    a4, a5, pc - 38
core   0: 3 0x000000008000ff22 (0xfcf76de3)
core   0: 0x000000008000fefc (0xfe043783) ld      a5, -32(s0)
core   0: 3 0x000000008000fefc (0xfe043783) x15 0x000000008001207d mem 0x0000000080031f50
core   0: 0x000000008000ff00 (0x00178713) addi    a4, a5, 1
core   0: 3 0x000000008000ff00 (0x00178713) x14 0x000000008001207e
core   0: 0x000000008000ff04 (0xfee43023) sd      a4, -32(s0)
core   0: 3 0x000000008000ff04 (0xfee43023) mem 0x0000000080031f50 0x000000008001207e
core   0: 0x000000008000ff08 (0xfc442703) lw      a4, -60(s0)
core   0: 3 0x000000008000ff08 (0xfc442703) x14 0x0000000000000000 mem 0x0000000080031f34
core   0: 0x000000008000ff0c (0x0ff77713) andi    a4, a4, 255
core   0: 3 0x000000008000ff0c (0x0ff77713) x14 0x0000000000000000
core   0: 0x000000008000ff10 (0x00e78023) sb      a4, 0(a5)
core   0: 3 0x000000008000ff10 (0x00e78023) mem 0x000000008001207d 0x00
core   0: 0x000000008000ff14 (0xfc843703) ld      a4, -56(s0)
core   0: 3 0x000000008000ff14 (0xfc843703) x14 0x0000000080012040 mem 0x0000000080031f38
core   0: 0x000000008000ff18 (0xfb843783) ld      a5, -72(s0)
core   0: 3 0x000000008000ff18 (0xfb843783) x15 0x000000000000009c mem 0x0000000080031f28
core   0: 0x000000008000ff1c (0x000097ba) c.add   a5, a4
core   0: 3 0x000000008000ff1c (0x97ba) x15 0x00000000800120dc
core   0: 0x000000008000ff1e (0xfe043703) ld      a4, -32(s0)
core   0: 3 0x000000008000ff1e (0xfe043703) x14 0x000000008001207e mem 0x0000000080031f50
core   0: 0x000000008000ff22 (0xfcf76de3) bltu    a4, a5, pc - 38
core   0: 3 0x000000008000ff22 (0xfcf76de3)
core   0: 0x000000008000fefc (0xfe043783) ld      a5, -32(s0)
core   0: 3 0x000000008000fefc (0xfe043783) x15 0x000000008001207e mem 0x0000000080031f50
core   0: 0x000000008000ff00 (0x00178713) addi    a4, a5, 1
core   0: 3 0x000000008000ff00 (0x00178713) x14 0x000000008001207f
core   0: 0x000000008000ff04 (0xfee43023) sd      a4, -32(s0)
core   0: 3 0x000000008000ff04 (0xfee43023) mem 0x0000000080031f50 0x000000008001207f
core   0: 0x000000008000ff08 (0xfc442703) lw      a4, -60(s0)
core   0: 3 0x000000008000ff08 (0xfc442703) x14 0x0000000000000000 mem 0x0000000080031f34
core   0: 0x000000008000ff0c (0x0ff77713) andi    a4, a4, 255
core   0: 3 0x000000008000ff0c (0x0ff77713) x14 0x0000000000000000
core   0: 0x000000008000ff10 (0x00e78023) sb      a4, 0(a5)
core   0: 3 0x000000008000ff10 (0x00e78023) mem 0x000000008001207e 0x00
core   0: 0x000000008000ff14 (0xfc843703) ld      a4, -56(s0)
core   0: 3 0x000000008000ff14 (0xfc843703) x14 0x0000000080012040 mem 0x0000000080031f38
core   0: 0x000000008000ff18 (0xfb843783) ld      a5, -72(s0)
core   0: 3 0x000000008000ff18 (0xfb843783) x15 0x000000000000009c mem 0x0000000080031f28
core   0: 0x000000008000ff1c (0x000097ba) c.add   a5, a4
core   0: 3 0x000000008000ff1c (0x97ba) x15 0x00000000800120dc
core   0: 0x000000008000ff1e (0xfe043703) ld      a4, -32(s0)
core   0: 3 0x000000008000ff1e (0xfe043703) x14 0x000000008001207f mem 0x0000000080031f50
core   0: 0x000000008000ff22 (0xfcf76de3) bltu    a4, a5, pc - 38
core   0: 3 0x000000008000ff22 (0xfcf76de3)
core   0: 0x000000008000fefc (0xfe043783) ld      a5, -32(s0)
core   0: 3 0x000000008000fefc (0xfe043783) x15 0x000000008001207f mem 0x0000000080031f50
core   0: 0x000000008000ff00 (0x00178713) addi    a4, a5, 1
core   0: 3 0x000000008000ff00 (0x00178713) x14 0x0000000080012080
core   0: 0x000000008000ff04 (0xfee43023) sd      a4, -32(s0)
core   0: 3 0x000000008000ff04 (0xfee43023) mem 0x0000000080031f50 0x0000000080012080
core   0: 0x000000008000ff08 (0xfc442703) lw      a4, -60(s0)
core   0: 3 0x000000008000ff08 (0xfc442703) x14 0x0000000000000000 mem 0x0000000080031f34
core   0: 0x000000008000ff0c (0x0ff77713) andi    a4, a4, 255
core   0: 3 0x000000008000ff0c (0x0ff77713) x14 0x0000000000000000
core   0: 0x000000008000ff10 (0x00e78023) sb      a4, 0(a5)
core   0: 3 0x000000008000ff10 (0x00e78023) mem 0x000000008001207f 0x00
core   0: 0x000000008000ff14 (0xfc843703) ld      a4, -56(s0)
core   0: 3 0x000000008000ff14 (0xfc843703) x14 0x0000000080012040 mem 0x0000000080031f38
core   0: 0x000000008000ff18 (0xfb843783) ld      a5, -72(s0)
core   0: 3 0x000000008000ff18 (0xfb843783) x15 0x000000000000009c mem 0x0000000080031f28
core   0: 0x000000008000ff1c (0x000097ba) c.add   a5, a4
core   0: 3 0x000000008000ff1c (0x97ba) x15 0x00000000800120dc
core   0: 0x000000008000ff1e (0xfe043703) ld      a4, -32(s0)
core   0: 3 0x000000008000ff1e (0xfe043703) x14 0x0000000080012080 mem 0x0000000080031f50
core   0: 0x000000008000ff22 (0xfcf76de3) bltu    a4, a5, pc - 38
core   0: 3 0x000000008000ff22 (0xfcf76de3)
core   0: 0x000000008000fefc (0xfe043783) ld      a5, -32(s0)
core   0: 3 0x000000008000fefc (0xfe043783) x15 0x0000000080012080 mem 0x0000000080031f50
core   0: 0x000000008000ff00 (0x00178713) addi    a4, a5, 1
core   0: 3 0x000000008000ff00 (0x00178713) x14 0x0000000080012081
core   0: 0x000000008000ff04 (0xfee43023) sd      a4, -32(s0)
core   0: 3 0x000000008000ff04 (0xfee43023) mem 0x0000000080031f50 0x0000000080012081
core   0: 0x000000008000ff08 (0xfc442703) lw      a4, -60(s0)
core   0: 3 0x000000008000ff08 (0xfc442703) x14 0x0000000000000000 mem 0x0000000080031f34
core   0: 0x000000008000ff0c (0x0ff77713) andi    a4, a4, 255
core   0: 3 0x000000008000ff0c (0x0ff77713) x14 0x0000000000000000
core   0: 0x000000008000ff10 (0x00e78023) sb      a4, 0(a5)
core   0: 3 0x000000008000ff10 (0x00e78023) mem 0x0000000080012080 0x00
core   0: 0x000000008000ff14 (0xfc843703) ld      a4, -56(s0)
core   0: 3 0x000000008000ff14 (0xfc843703) x14 0x0000000080012040 mem 0x0000000080031f38
core   0: 0x000000008000ff18 (0xfb843783) ld      a5, -72(s0)
core   0: 3 0x000000008000ff18 (0xfb843783) x15 0x000000000000009c mem 0x0000000080031f28
core   0: 0x000000008000ff1c (0x000097ba) c.add   a5, a4
core   0: 3 0x000000008000ff1c (0x97ba) x15 0x00000000800120dc
core   0: 0x000000008000ff1e (0xfe043703) ld      a4, -32(s0)
core   0: 3 0x000000008000ff1e (0xfe043703) x14 0x0000000080012081 mem 0x0000000080031f50
core   0: 0x000000008000ff22 (0xfcf76de3) bltu    a4, a5, pc - 38
core   0: 3 0x000000008000ff22 (0xfcf76de3)
core   0: 0x000000008000fefc (0xfe043783) ld      a5, -32(s0)
core   0: 3 0x000000008000fefc (0xfe043783) x15 0x0000000080012081 mem 0x0000000080031f50
core   0: 0x000000008000ff00 (0x00178713) addi    a4, a5, 1
core   0: 3 0x000000008000ff00 (0x00178713) x14 0x0000000080012082
core   0: 0x000000008000ff04 (0xfee43023) sd      a4, -32(s0)
core   0: 3 0x000000008000ff04 (0xfee43023) mem 0x0000000080031f50 0x0000000080012082
core   0: 0x000000008000ff08 (0xfc442703) lw      a4, -60(s0)
core   0: 3 0x000000008000ff08 (0xfc442703) x14 0x0000000000000000 mem 0x0000000080031f34
core   0: 0x000000008000ff0c (0x0ff77713) andi    a4, a4, 255
core   0: 3 0x000000008000ff0c (0x0ff77713) x14 0x0000000000000000
core   0: 0x000000008000ff10 (0x00e78023) sb      a4, 0(a5)
core   0: 3 0x000000008000ff10 (0x00e78023) mem 0x0000000080012081 0x00
core   0: 0x000000008000ff14 (0xfc843703) ld      a4, -56(s0)
core   0: 3 0x000000008000ff14 (0xfc843703) x14 0x0000000080012040 mem 0x0000000080031f38
core   0: 0x000000008000ff18 (0xfb843783) ld      a5, -72(s0)
core   0: 3 0x000000008000ff18 (0xfb843783) x15 0x000000000000009c mem 0x0000000080031f28
core   0: 0x000000008000ff1c (0x000097ba) c.add   a5, a4
core   0: 3 0x000000008000ff1c (0x97ba) x15 0x00000000800120dc
core   0: 0x000000008000ff1e (0xfe043703) ld      a4, -32(s0)
core   0: 3 0x000000008000ff1e (0xfe043703) x14 0x0000000080012082 mem 0x0000000080031f50
core   0: 0x000000008000ff22 (0xfcf76de3) bltu    a4, a5, pc - 38
core   0: 3 0x000000008000ff22 (0xfcf76de3)
core   0: 0x000000008000fefc (0xfe043783) ld      a5, -32(s0)
core   0: 3 0x000000008000fefc (0xfe043783) x15 0x0000000080012082 mem 0x0000000080031f50
core   0: 0x000000008000ff00 (0x00178713) addi    a4, a5, 1
core   0: 3 0x000000008000ff00 (0x00178713) x14 0x0000000080012083
core   0: 0x000000008000ff04 (0xfee43023) sd      a4, -32(s0)
core   0: 3 0x000000008000ff04 (0xfee43023) mem 0x0000000080031f50 0x0000000080012083
core   0: 0x000000008000ff08 (0xfc442703) lw      a4, -60(s0)
core   0: 3 0x000000008000ff08 (0xfc442703) x14 0x0000000000000000 mem 0x0000000080031f34
core   0: 0x000000008000ff0c (0x0ff77713) andi    a4, a4, 255
core   0: 3 0x000000008000ff0c (0x0ff77713) x14 0x0000000000000000
core   0: 0x000000008000ff10 (0x00e78023) sb      a4, 0(a5)
core   0: 3 0x000000008000ff10 (0x00e78023) mem 0x0000000080012082 0x00
core   0: 0x000000008000ff14 (0xfc843703) ld      a4, -56(s0)
core   0: 3 0x000000008000ff14 (0xfc843703) x14 0x0000000080012040 mem 0x0000000080031f38
core   0: 0x000000008000ff18 (0xfb843783) ld      a5, -72(s0)
core   0: 3 0x000000008000ff18 (0xfb843783) x15 0x000000000000009c mem 0x0000000080031f28
core   0: 0x000000008000ff1c (0x000097ba) c.add   a5, a4
core   0: 3 0x000000008000ff1c (0x97ba) x15 0x00000000800120dc
core   0: 0x000000008000ff1e (0xfe043703) ld      a4, -32(s0)
core   0: 3 0x000000008000ff1e (0xfe043703) x14 0x0000000080012083 mem 0x0000000080031f50
core   0: 0x000000008000ff22 (0xfcf76de3) bltu    a4, a5, pc - 38
core   0: 3 0x000000008000ff22 (0xfcf76de3)
core   0: 0x000000008000fefc (0xfe043783) ld      a5, -32(s0)
core   0: 3 0x000000008000fefc (0xfe043783) x15 0x0000000080012083 mem 0x0000000080031f50
core   0: 0x000000008000ff00 (0x00178713) addi    a4, a5, 1
core   0: 3 0x000000008000ff00 (0x00178713) x14 0x0000000080012084
core   0: 0x000000008000ff04 (0xfee43023) sd      a4, -32(s0)
core   0: 3 0x000000008000ff04 (0xfee43023) mem 0x0000000080031f50 0x0000000080012084
core   0: 0x000000008000ff08 (0xfc442703) lw      a4, -60(s0)
core   0: 3 0x000000008000ff08 (0xfc442703) x14 0x0000000000000000 mem 0x0000000080031f34
core   0: 0x000000008000ff0c (0x0ff77713) andi    a4, a4, 255
core   0: 3 0x000000008000ff0c (0x0ff77713) x14 0x0000000000000000
core   0: 0x000000008000ff10 (0x00e78023) sb      a4, 0(a5)
core   0: 3 0x000000008000ff10 (0x00e78023) mem 0x0000000080012083 0x00
core   0: 0x000000008000ff14 (0xfc843703) ld      a4, -56(s0)
core   0: 3 0x000000008000ff14 (0xfc843703) x14 0x0000000080012040 mem 0x0000000080031f38
core   0: 0x000000008000ff18 (0xfb843783) ld      a5, -72(s0)
core   0: 3 0x000000008000ff18 (0xfb843783) x15 0x000000000000009c mem 0x0000000080031f28
core   0: 0x000000008000ff1c (0x000097ba) c.add   a5, a4
core   0: 3 0x000000008000ff1c (0x97ba) x15 0x00000000800120dc
core   0: 0x000000008000ff1e (0xfe043703) ld      a4, -32(s0)
core   0: 3 0x000000008000ff1e (0xfe043703) x14 0x0000000080012084 mem 0x0000000080031f50
core   0: 0x000000008000ff22 (0xfcf76de3) bltu    a4, a5, pc - 38
core   0: 3 0x000000008000ff22 (0xfcf76de3)
core   0: 0x000000008000fefc (0xfe043783) ld      a5, -32(s0)
core   0: 3 0x000000008000fefc (0xfe043783) x15 0x0000000080012084 mem 0x0000000080031f50
core   0: 0x000000008000ff00 (0x00178713) addi    a4, a5, 1
core   0: 3 0x000000008000ff00 (0x00178713) x14 0x0000000080012085
core   0: 0x000000008000ff04 (0xfee43023) sd      a4, -32(s0)
core   0: 3 0x000000008000ff04 (0xfee43023) mem 0x0000000080031f50 0x0000000080012085
core   0: 0x000000008000ff08 (0xfc442703) lw      a4, -60(s0)
core   0: 3 0x000000008000ff08 (0xfc442703) x14 0x0000000000000000 mem 0x0000000080031f34
core   0: 0x000000008000ff0c (0x0ff77713) andi    a4, a4, 255
core   0: 3 0x000000008000ff0c (0x0ff77713) x14 0x0000000000000000
core   0: 0x000000008000ff10 (0x00e78023) sb      a4, 0(a5)
core   0: 3 0x000000008000ff10 (0x00e78023) mem 0x0000000080012084 0x00
core   0: 0x000000008000ff14 (0xfc843703) ld      a4, -56(s0)
core   0: 3 0x000000008000ff14 (0xfc843703) x14 0x0000000080012040 mem 0x0000000080031f38
core   0: 0x000000008000ff18 (0xfb843783) ld      a5, -72(s0)
core   0: 3 0x000000008000ff18 (0xfb843783) x15 0x000000000000009c mem 0x0000000080031f28
core   0: 0x000000008000ff1c (0x000097ba) c.add   a5, a4
core   0: 3 0x000000008000ff1c (0x97ba) x15 0x00000000800120dc
core   0: 0x000000008000ff1e (0xfe043703) ld      a4, -32(s0)
core   0: 3 0x000000008000ff1e (0xfe043703) x14 0x0000000080012085 mem 0x0000000080031f50
core   0: 0x000000008000ff22 (0xfcf76de3) bltu    a4, a5, pc - 38
core   0: 3 0x000000008000ff22 (0xfcf76de3)
core   0: 0x000000008000fefc (0xfe043783) ld      a5, -32(s0)
core   0: 3 0x000000008000fefc (0xfe043783) x15 0x0000000080012085 mem 0x0000000080031f50
core   0: 0x000000008000ff00 (0x00178713) addi    a4, a5, 1
core   0: 3 0x000000008000ff00 (0x00178713) x14 0x0000000080012086
core   0: 0x000000008000ff04 (0xfee43023) sd      a4, -32(s0)
core   0: 3 0x000000008000ff04 (0xfee43023) mem 0x0000000080031f50 0x0000000080012086
core   0: 0x000000008000ff08 (0xfc442703) lw      a4, -60(s0)
core   0: 3 0x000000008000ff08 (0xfc442703) x14 0x0000000000000000 mem 0x0000000080031f34
core   0: 0x000000008000ff0c (0x0ff77713) andi    a4, a4, 255
core   0: 3 0x000000008000ff0c (0x0ff77713) x14 0x0000000000000000
core   0: 0x000000008000ff10 (0x00e78023) sb      a4, 0(a5)
core   0: 3 0x000000008000ff10 (0x00e78023) mem 0x0000000080012085 0x00
core   0: 0x000000008000ff14 (0xfc843703) ld      a4, -56(s0)
core   0: 3 0x000000008000ff14 (0xfc843703) x14 0x0000000080012040 mem 0x0000000080031f38
core   0: 0x000000008000ff18 (0xfb843783) ld      a5, -72(s0)
core   0: 3 0x000000008000ff18 (0xfb843783) x15 0x000000000000009c mem 0x0000000080031f28
core   0: 0x000000008000ff1c (0x000097ba) c.add   a5, a4
core   0: 3 0x000000008000ff1c (0x97ba) x15 0x00000000800120dc
core   0: 0x000000008000ff1e (0xfe043703) ld      a4, -32(s0)
core   0: 3 0x000000008000ff1e (0xfe043703) x14 0x0000000080012086 mem 0x0000000080031f50
core   0: 0x000000008000ff22 (0xfcf76de3) bltu    a4, a5, pc - 38
core   0: 3 0x000000008000ff22 (0xfcf76de3)
core   0: 0x000000008000fefc (0xfe043783) ld      a5, -32(s0)
core   0: 3 0x000000008000fefc (0xfe043783) x15 0x0000000080012086 mem 0x0000000080031f50
core   0: 0x000000008000ff00 (0x00178713) addi    a4, a5, 1
core   0: 3 0x000000008000ff00 (0x00178713) x14 0x0000000080012087
core   0: 0x000000008000ff04 (0xfee43023) sd      a4, -32(s0)
core   0: 3 0x000000008000ff04 (0xfee43023) mem 0x0000000080031f50 0x0000000080012087
core   0: 0x000000008000ff08 (0xfc442703) lw      a4, -60(s0)
core   0: 3 0x000000008000ff08 (0xfc442703) x14 0x0000000000000000 mem 0x0000000080031f34
core   0: 0x000000008000ff0c (0x0ff77713) andi    a4, a4, 255
core   0: 3 0x000000008000ff0c (0x0ff77713) x14 0x0000000000000000
core   0: 0x000000008000ff10 (0x00e78023) sb      a4, 0(a5)
core   0: 3 0x000000008000ff10 (0x00e78023) mem 0x0000000080012086 0x00
core   0: 0x000000008000ff14 (0xfc843703) ld      a4, -56(s0)
core   0: 3 0x000000008000ff14 (0xfc843703) x14 0x0000000080012040 mem 0x0000000080031f38
core   0: 0x000000008000ff18 (0xfb843783) ld      a5, -72(s0)
core   0: 3 0x000000008000ff18 (0xfb843783) x15 0x000000000000009c mem 0x0000000080031f28
core   0: 0x000000008000ff1c (0x000097ba) c.add   a5, a4
core   0: 3 0x000000008000ff1c (0x97ba) x15 0x00000000800120dc
core   0: 0x000000008000ff1e (0xfe043703) ld      a4, -32(s0)
core   0: 3 0x000000008000ff1e (0xfe043703) x14 0x0000000080012087 mem 0x0000000080031f50
core   0: 0x000000008000ff22 (0xfcf76de3) bltu    a4, a5, pc - 38
core   0: 3 0x000000008000ff22 (0xfcf76de3)
core   0: 0x000000008000fefc (0xfe043783) ld      a5, -32(s0)
core   0: 3 0x000000008000fefc (0xfe043783) x15 0x0000000080012087 mem 0x0000000080031f50
core   0: 0x000000008000ff00 (0x00178713) addi    a4, a5, 1
core   0: 3 0x000000008000ff00 (0x00178713) x14 0x0000000080012088
core   0: 0x000000008000ff04 (0xfee43023) sd      a4, -32(s0)
core   0: 3 0x000000008000ff04 (0xfee43023) mem 0x0000000080031f50 0x0000000080012088
core   0: 0x000000008000ff08 (0xfc442703) lw      a4, -60(s0)
core   0: 3 0x000000008000ff08 (0xfc442703) x14 0x0000000000000000 mem 0x0000000080031f34
core   0: 0x000000008000ff0c (0x0ff77713) andi    a4, a4, 255
core   0: 3 0x000000008000ff0c (0x0ff77713) x14 0x0000000000000000
core   0: 0x000000008000ff10 (0x00e78023) sb      a4, 0(a5)
core   0: 3 0x000000008000ff10 (0x00e78023) mem 0x0000000080012087 0x00
core   0: 0x000000008000ff14 (0xfc843703) ld      a4, -56(s0)
core   0: 3 0x000000008000ff14 (0xfc843703) x14 0x0000000080012040 mem 0x0000000080031f38
core   0: 0x000000008000ff18 (0xfb843783) ld      a5, -72(s0)
core   0: 3 0x000000008000ff18 (0xfb843783) x15 0x000000000000009c mem 0x0000000080031f28
core   0: 0x000000008000ff1c (0x000097ba) c.add   a5, a4
core   0: 3 0x000000008000ff1c (0x97ba) x15 0x00000000800120dc
core   0: 0x000000008000ff1e (0xfe043703) ld      a4, -32(s0)
core   0: 3 0x000000008000ff1e (0xfe043703) x14 0x0000000080012088 mem 0x0000000080031f50
core   0: 0x000000008000ff22 (0xfcf76de3) bltu    a4, a5, pc - 38
core   0: 3 0x000000008000ff22 (0xfcf76de3)
core   0: 0x000000008000fefc (0xfe043783) ld      a5, -32(s0)
core   0: 3 0x000000008000fefc (0xfe043783) x15 0x0000000080012088 mem 0x0000000080031f50
core   0: 0x000000008000ff00 (0x00178713) addi    a4, a5, 1
core   0: 3 0x000000008000ff00 (0x00178713) x14 0x0000000080012089
core   0: 0x000000008000ff04 (0xfee43023) sd      a4, -32(s0)
core   0: 3 0x000000008000ff04 (0xfee43023) mem 0x0000000080031f50 0x0000000080012089
core   0: 0x000000008000ff08 (0xfc442703) lw      a4, -60(s0)
core   0: 3 0x000000008000ff08 (0xfc442703) x14 0x0000000000000000 mem 0x0000000080031f34
core   0: 0x000000008000ff0c (0x0ff77713) andi    a4, a4, 255
core   0: 3 0x000000008000ff0c (0x0ff77713) x14 0x0000000000000000
core   0: 0x000000008000ff10 (0x00e78023) sb      a4, 0(a5)
core   0: 3 0x000000008000ff10 (0x00e78023) mem 0x0000000080012088 0x00
core   0: 0x000000008000ff14 (0xfc843703) ld      a4, -56(s0)
core   0: 3 0x000000008000ff14 (0xfc843703) x14 0x0000000080012040 mem 0x0000000080031f38
core   0: 0x000000008000ff18 (0xfb843783) ld      a5, -72(s0)
core   0: 3 0x000000008000ff18 (0xfb843783) x15 0x000000000000009c mem 0x0000000080031f28
core   0: 0x000000008000ff1c (0x000097ba) c.add   a5, a4
core   0: 3 0x000000008000ff1c (0x97ba) x15 0x00000000800120dc
core   0: 0x000000008000ff1e (0xfe043703) ld      a4, -32(s0)
core   0: 3 0x000000008000ff1e (0xfe043703) x14 0x0000000080012089 mem 0x0000000080031f50
core   0: 0x000000008000ff22 (0xfcf76de3) bltu    a4, a5, pc - 38
core   0: 3 0x000000008000ff22 (0xfcf76de3)
core   0: 0x000000008000fefc (0xfe043783) ld      a5, -32(s0)
core   0: 3 0x000000008000fefc (0xfe043783) x15 0x0000000080012089 mem 0x0000000080031f50
core   0: 0x000000008000ff00 (0x00178713) addi    a4, a5, 1
core   0: 3 0x000000008000ff00 (0x00178713) x14 0x000000008001208a
core   0: 0x000000008000ff04 (0xfee43023) sd      a4, -32(s0)
core   0: 3 0x000000008000ff04 (0xfee43023) mem 0x0000000080031f50 0x000000008001208a
core   0: 0x000000008000ff08 (0xfc442703) lw      a4, -60(s0)
core   0: 3 0x000000008000ff08 (0xfc442703) x14 0x0000000000000000 mem 0x0000000080031f34
core   0: 0x000000008000ff0c (0x0ff77713) andi    a4, a4, 255
core   0: 3 0x000000008000ff0c (0x0ff77713) x14 0x0000000000000000
core   0: 0x000000008000ff10 (0x00e78023) sb      a4, 0(a5)
core   0: 3 0x000000008000ff10 (0x00e78023) mem 0x0000000080012089 0x00
core   0: 0x000000008000ff14 (0xfc843703) ld      a4, -56(s0)
core   0: 3 0x000000008000ff14 (0xfc843703) x14 0x0000000080012040 mem 0x0000000080031f38
core   0: 0x000000008000ff18 (0xfb843783) ld      a5, -72(s0)
core   0: 3 0x000000008000ff18 (0xfb843783) x15 0x000000000000009c mem 0x0000000080031f28
core   0: 0x000000008000ff1c (0x000097ba) c.add   a5, a4
core   0: 3 0x000000008000ff1c (0x97ba) x15 0x00000000800120dc
core   0: 0x000000008000ff1e (0xfe043703) ld      a4, -32(s0)
core   0: 3 0x000000008000ff1e (0xfe043703) x14 0x000000008001208a mem 0x0000000080031f50
core   0: 0x000000008000ff22 (0xfcf76de3) bltu    a4, a5, pc - 38
core   0: 3 0x000000008000ff22 (0xfcf76de3)
core   0: 0x000000008000fefc (0xfe043783) ld      a5, -32(s0)
core   0: 3 0x000000008000fefc (0xfe043783) x15 0x000000008001208a mem 0x0000000080031f50
core   0: 0x000000008000ff00 (0x00178713) addi    a4, a5, 1
core   0: 3 0x000000008000ff00 (0x00178713) x14 0x000000008001208b
core   0: 0x000000008000ff04 (0xfee43023) sd      a4, -32(s0)
core   0: 3 0x000000008000ff04 (0xfee43023) mem 0x0000000080031f50 0x000000008001208b
core   0: 0x000000008000ff08 (0xfc442703) lw      a4, -60(s0)
core   0: 3 0x000000008000ff08 (0xfc442703) x14 0x0000000000000000 mem 0x0000000080031f34
core   0: 0x000000008000ff0c (0x0ff77713) andi    a4, a4, 255
core   0: 3 0x000000008000ff0c (0x0ff77713) x14 0x0000000000000000
core   0: 0x000000008000ff10 (0x00e78023) sb      a4, 0(a5)
core   0: 3 0x000000008000ff10 (0x00e78023) mem 0x000000008001208a 0x00
core   0: 0x000000008000ff14 (0xfc843703) ld      a4, -56(s0)
core   0: 3 0x000000008000ff14 (0xfc843703) x14 0x0000000080012040 mem 0x0000000080031f38
core   0: 0x000000008000ff18 (0xfb843783) ld      a5, -72(s0)
core   0: 3 0x000000008000ff18 (0xfb843783) x15 0x000000000000009c mem 0x0000000080031f28
core   0: 0x000000008000ff1c (0x000097ba) c.add   a5, a4
core   0: 3 0x000000008000ff1c (0x97ba) x15 0x00000000800120dc
core   0: 0x000000008000ff1e (0xfe043703) ld      a4, -32(s0)
core   0: 3 0x000000008000ff1e (0xfe043703) x14 0x000000008001208b mem 0x0000000080031f50
core   0: 0x000000008000ff22 (0xfcf76de3) bltu    a4, a5, pc - 38
core   0: 3 0x000000008000ff22 (0xfcf76de3)
core   0: 0x000000008000fefc (0xfe043783) ld      a5, -32(s0)
core   0: 3 0x000000008000fefc (0xfe043783) x15 0x000000008001208b mem 0x0000000080031f50
core   0: 0x000000008000ff00 (0x00178713) addi    a4, a5, 1
core   0: 3 0x000000008000ff00 (0x00178713) x14 0x000000008001208c
core   0: 0x000000008000ff04 (0xfee43023) sd      a4, -32(s0)
core   0: 3 0x000000008000ff04 (0xfee43023) mem 0x0000000080031f50 0x000000008001208c
core   0: 0x000000008000ff08 (0xfc442703) lw      a4, -60(s0)
core   0: 3 0x000000008000ff08 (0xfc442703) x14 0x0000000000000000 mem 0x0000000080031f34
core   0: 0x000000008000ff0c (0x0ff77713) andi    a4, a4, 255
core   0: 3 0x000000008000ff0c (0x0ff77713) x14 0x0000000000000000
core   0: 0x000000008000ff10 (0x00e78023) sb      a4, 0(a5)
core   0: 3 0x000000008000ff10 (0x00e78023) mem 0x000000008001208b 0x00
core   0: 0x000000008000ff14 (0xfc843703) ld      a4, -56(s0)
core   0: 3 0x000000008000ff14 (0xfc843703) x14 0x0000000080012040 mem 0x0000000080031f38
core   0: 0x000000008000ff18 (0xfb843783) ld      a5, -72(s0)
core   0: 3 0x000000008000ff18 (0xfb843783) x15 0x000000000000009c mem 0x0000000080031f28
core   0: 0x000000008000ff1c (0x000097ba) c.add   a5, a4
core   0: 3 0x000000008000ff1c (0x97ba) x15 0x00000000800120dc
core   0: 0x000000008000ff1e (0xfe043703) ld      a4, -32(s0)
core   0: 3 0x000000008000ff1e (0xfe043703) x14 0x000000008001208c mem 0x0000000080031f50
core   0: 0x000000008000ff22 (0xfcf76de3) bltu    a4, a5, pc - 38
core   0: 3 0x000000008000ff22 (0xfcf76de3)
core   0: 0x000000008000fefc (0xfe043783) ld      a5, -32(s0)
core   0: 3 0x000000008000fefc (0xfe043783) x15 0x000000008001208c mem 0x0000000080031f50
core   0: 0x000000008000ff00 (0x00178713) addi    a4, a5, 1
core   0: 3 0x000000008000ff00 (0x00178713) x14 0x000000008001208d
core   0: 0x000000008000ff04 (0xfee43023) sd      a4, -32(s0)
core   0: 3 0x000000008000ff04 (0xfee43023) mem 0x0000000080031f50 0x000000008001208d
core   0: 0x000000008000ff08 (0xfc442703) lw      a4, -60(s0)
core   0: 3 0x000000008000ff08 (0xfc442703) x14 0x0000000000000000 mem 0x0000000080031f34
core   0: 0x000000008000ff0c (0x0ff77713) andi    a4, a4, 255
core   0: 3 0x000000008000ff0c (0x0ff77713) x14 0x0000000000000000
core   0: 0x000000008000ff10 (0x00e78023) sb      a4, 0(a5)
core   0: 3 0x000000008000ff10 (0x00e78023) mem 0x000000008001208c 0x00
core   0: 0x000000008000ff14 (0xfc843703) ld      a4, -56(s0)
core   0: 3 0x000000008000ff14 (0xfc843703) x14 0x0000000080012040 mem 0x0000000080031f38
core   0: 0x000000008000ff18 (0xfb843783) ld      a5, -72(s0)
core   0: 3 0x000000008000ff18 (0xfb843783) x15 0x000000000000009c mem 0x0000000080031f28
core   0: 0x000000008000ff1c (0x000097ba) c.add   a5, a4
core   0: 3 0x000000008000ff1c (0x97ba) x15 0x00000000800120dc
core   0: 0x000000008000ff1e (0xfe043703) ld      a4, -32(s0)
core   0: 3 0x000000008000ff1e (0xfe043703) x14 0x000000008001208d mem 0x0000000080031f50
core   0: 0x000000008000ff22 (0xfcf76de3) bltu    a4, a5, pc - 38
core   0: 3 0x000000008000ff22 (0xfcf76de3)
core   0: 0x000000008000fefc (0xfe043783) ld      a5, -32(s0)
core   0: 3 0x000000008000fefc (0xfe043783) x15 0x000000008001208d mem 0x0000000080031f50
core   0: 0x000000008000ff00 (0x00178713) addi    a4, a5, 1
core   0: 3 0x000000008000ff00 (0x00178713) x14 0x000000008001208e
core   0: 0x000000008000ff04 (0xfee43023) sd      a4, -32(s0)
core   0: 3 0x000000008000ff04 (0xfee43023) mem 0x0000000080031f50 0x000000008001208e
core   0: 0x000000008000ff08 (0xfc442703) lw      a4, -60(s0)
core   0: 3 0x000000008000ff08 (0xfc442703) x14 0x0000000000000000 mem 0x0000000080031f34
core   0: 0x000000008000ff0c (0x0ff77713) andi    a4, a4, 255
core   0: 3 0x000000008000ff0c (0x0ff77713) x14 0x0000000000000000
core   0: 0x000000008000ff10 (0x00e78023) sb      a4, 0(a5)
core   0: 3 0x000000008000ff10 (0x00e78023) mem 0x000000008001208d 0x00
core   0: 0x000000008000ff14 (0xfc843703) ld      a4, -56(s0)
core   0: 3 0x000000008000ff14 (0xfc843703) x14 0x0000000080012040 mem 0x0000000080031f38
core   0: 0x000000008000ff18 (0xfb843783) ld      a5, -72(s0)
core   0: 3 0x000000008000ff18 (0xfb843783) x15 0x000000000000009c mem 0x0000000080031f28
core   0: 0x000000008000ff1c (0x000097ba) c.add   a5, a4
core   0: 3 0x000000008000ff1c (0x97ba) x15 0x00000000800120dc
core   0: 0x000000008000ff1e (0xfe043703) ld      a4, -32(s0)
core   0: 3 0x000000008000ff1e (0xfe043703) x14 0x000000008001208e mem 0x0000000080031f50
core   0: 0x000000008000ff22 (0xfcf76de3) bltu    a4, a5, pc - 38
core   0: 3 0x000000008000ff22 (0xfcf76de3)
core   0: 0x000000008000fefc (0xfe043783) ld      a5, -32(s0)
core   0: 3 0x000000008000fefc (0xfe043783) x15 0x000000008001208e mem 0x0000000080031f50
core   0: 0x000000008000ff00 (0x00178713) addi    a4, a5, 1
core   0: 3 0x000000008000ff00 (0x00178713) x14 0x000000008001208f
core   0: 0x000000008000ff04 (0xfee43023) sd      a4, -32(s0)
core   0: 3 0x000000008000ff04 (0xfee43023) mem 0x0000000080031f50 0x000000008001208f
core   0: 0x000000008000ff08 (0xfc442703) lw      a4, -60(s0)
core   0: 3 0x000000008000ff08 (0xfc442703) x14 0x0000000000000000 mem 0x0000000080031f34
core   0: 0x000000008000ff0c (0x0ff77713) andi    a4, a4, 255
core   0: 3 0x000000008000ff0c (0x0ff77713) x14 0x0000000000000000
core   0: 0x000000008000ff10 (0x00e78023) sb      a4, 0(a5)
core   0: 3 0x000000008000ff10 (0x00e78023) mem 0x000000008001208e 0x00
core   0: 0x000000008000ff14 (0xfc843703) ld      a4, -56(s0)
core   0: 3 0x000000008000ff14 (0xfc843703) x14 0x0000000080012040 mem 0x0000000080031f38
core   0: 0x000000008000ff18 (0xfb843783) ld      a5, -72(s0)
core   0: 3 0x000000008000ff18 (0xfb843783) x15 0x000000000000009c mem 0x0000000080031f28
core   0: 0x000000008000ff1c (0x000097ba) c.add   a5, a4
core   0: 3 0x000000008000ff1c (0x97ba) x15 0x00000000800120dc
core   0: 0x000000008000ff1e (0xfe043703) ld      a4, -32(s0)
core   0: 3 0x000000008000ff1e (0xfe043703) x14 0x000000008001208f mem 0x0000000080031f50
core   0: 0x000000008000ff22 (0xfcf76de3) bltu    a4, a5, pc - 38
core   0: 3 0x000000008000ff22 (0xfcf76de3)
core   0: 0x000000008000fefc (0xfe043783) ld      a5, -32(s0)
core   0: 3 0x000000008000fefc (0xfe043783) x15 0x000000008001208f mem 0x0000000080031f50
core   0: 0x000000008000ff00 (0x00178713) addi    a4, a5, 1
core   0: 3 0x000000008000ff00 (0x00178713) x14 0x0000000080012090
core   0: 0x000000008000ff04 (0xfee43023) sd      a4, -32(s0)
core   0: 3 0x000000008000ff04 (0xfee43023) mem 0x0000000080031f50 0x0000000080012090
core   0: 0x000000008000ff08 (0xfc442703) lw      a4, -60(s0)
core   0: 3 0x000000008000ff08 (0xfc442703) x14 0x0000000000000000 mem 0x0000000080031f34
core   0: 0x000000008000ff0c (0x0ff77713) andi    a4, a4, 255
core   0: 3 0x000000008000ff0c (0x0ff77713) x14 0x0000000000000000
core   0: 0x000000008000ff10 (0x00e78023) sb      a4, 0(a5)
core   0: 3 0x000000008000ff10 (0x00e78023) mem 0x000000008001208f 0x00
core   0: 0x000000008000ff14 (0xfc843703) ld      a4, -56(s0)
core   0: 3 0x000000008000ff14 (0xfc843703) x14 0x0000000080012040 mem 0x0000000080031f38
core   0: 0x000000008000ff18 (0xfb843783) ld      a5, -72(s0)
core   0: 3 0x000000008000ff18 (0xfb843783) x15 0x000000000000009c mem 0x0000000080031f28
core   0: 0x000000008000ff1c (0x000097ba) c.add   a5, a4
core   0: 3 0x000000008000ff1c (0x97ba) x15 0x00000000800120dc
core   0: 0x000000008000ff1e (0xfe043703) ld      a4, -32(s0)
core   0: 3 0x000000008000ff1e (0xfe043703) x14 0x0000000080012090 mem 0x0000000080031f50
core   0: 0x000000008000ff22 (0xfcf76de3) bltu    a4, a5, pc - 38
core   0: 3 0x000000008000ff22 (0xfcf76de3)
core   0: 0x000000008000fefc (0xfe043783) ld      a5, -32(s0)
core   0: 3 0x000000008000fefc (0xfe043783) x15 0x0000000080012090 mem 0x0000000080031f50
core   0: 0x000000008000ff00 (0x00178713) addi    a4, a5, 1
core   0: 3 0x000000008000ff00 (0x00178713) x14 0x0000000080012091
core   0: 0x000000008000ff04 (0xfee43023) sd      a4, -32(s0)
core   0: 3 0x000000008000ff04 (0xfee43023) mem 0x0000000080031f50 0x0000000080012091
core   0: 0x000000008000ff08 (0xfc442703) lw      a4, -60(s0)
core   0: 3 0x000000008000ff08 (0xfc442703) x14 0x0000000000000000 mem 0x0000000080031f34
core   0: 0x000000008000ff0c (0x0ff77713) andi    a4, a4, 255
core   0: 3 0x000000008000ff0c (0x0ff77713) x14 0x0000000000000000
core   0: 0x000000008000ff10 (0x00e78023) sb      a4, 0(a5)
core   0: 3 0x000000008000ff10 (0x00e78023) mem 0x0000000080012090 0x00
core   0: 0x000000008000ff14 (0xfc843703) ld      a4, -56(s0)
core   0: 3 0x000000008000ff14 (0xfc843703) x14 0x0000000080012040 mem 0x0000000080031f38
core   0: 0x000000008000ff18 (0xfb843783) ld      a5, -72(s0)
core   0: 3 0x000000008000ff18 (0xfb843783) x15 0x000000000000009c mem 0x0000000080031f28
core   0: 0x000000008000ff1c (0x000097ba) c.add   a5, a4
core   0: 3 0x000000008000ff1c (0x97ba) x15 0x00000000800120dc
core   0: 0x000000008000ff1e (0xfe043703) ld      a4, -32(s0)
core   0: 3 0x000000008000ff1e (0xfe043703) x14 0x0000000080012091 mem 0x0000000080031f50
core   0: 0x000000008000ff22 (0xfcf76de3) bltu    a4, a5, pc - 38
core   0: 3 0x000000008000ff22 (0xfcf76de3)
core   0: 0x000000008000fefc (0xfe043783) ld      a5, -32(s0)
core   0: 3 0x000000008000fefc (0xfe043783) x15 0x0000000080012091 mem 0x0000000080031f50
core   0: 0x000000008000ff00 (0x00178713) addi    a4, a5, 1
core   0: 3 0x000000008000ff00 (0x00178713) x14 0x0000000080012092
core   0: 0x000000008000ff04 (0xfee43023) sd      a4, -32(s0)
core   0: 3 0x000000008000ff04 (0xfee43023) mem 0x0000000080031f50 0x0000000080012092
core   0: 0x000000008000ff08 (0xfc442703) lw      a4, -60(s0)
core   0: 3 0x000000008000ff08 (0xfc442703) x14 0x0000000000000000 mem 0x0000000080031f34
core   0: 0x000000008000ff0c (0x0ff77713) andi    a4, a4, 255
core   0: 3 0x000000008000ff0c (0x0ff77713) x14 0x0000000000000000
core   0: 0x000000008000ff10 (0x00e78023) sb      a4, 0(a5)
core   0: 3 0x000000008000ff10 (0x00e78023) mem 0x0000000080012091 0x00
core   0: 0x000000008000ff14 (0xfc843703) ld      a4, -56(s0)
core   0: 3 0x000000008000ff14 (0xfc843703) x14 0x0000000080012040 mem 0x0000000080031f38
core   0: 0x000000008000ff18 (0xfb843783) ld      a5, -72(s0)
core   0: 3 0x000000008000ff18 (0xfb843783) x15 0x000000000000009c mem 0x0000000080031f28
core   0: 0x000000008000ff1c (0x000097ba) c.add   a5, a4
core   0: 3 0x000000008000ff1c (0x97ba) x15 0x00000000800120dc
core   0: 0x000000008000ff1e (0xfe043703) ld      a4, -32(s0)
core   0: 3 0x000000008000ff1e (0xfe043703) x14 0x0000000080012092 mem 0x0000000080031f50
core   0: 0x000000008000ff22 (0xfcf76de3) bltu    a4, a5, pc - 38
core   0: 3 0x000000008000ff22 (0xfcf76de3)
core   0: 0x000000008000fefc (0xfe043783) ld      a5, -32(s0)
core   0: 3 0x000000008000fefc (0xfe043783) x15 0x0000000080012092 mem 0x0000000080031f50
core   0: 0x000000008000ff00 (0x00178713) addi    a4, a5, 1
core   0: 3 0x000000008000ff00 (0x00178713) x14 0x0000000080012093
core   0: 0x000000008000ff04 (0xfee43023) sd      a4, -32(s0)
core   0: 3 0x000000008000ff04 (0xfee43023) mem 0x0000000080031f50 0x0000000080012093
core   0: 0x000000008000ff08 (0xfc442703) lw      a4, -60(s0)
core   0: 3 0x000000008000ff08 (0xfc442703) x14 0x0000000000000000 mem 0x0000000080031f34
core   0: 0x000000008000ff0c (0x0ff77713) andi    a4, a4, 255
core   0: 3 0x000000008000ff0c (0x0ff77713) x14 0x0000000000000000
core   0: 0x000000008000ff10 (0x00e78023) sb      a4, 0(a5)
core   0: 3 0x000000008000ff10 (0x00e78023) mem 0x0000000080012092 0x00
core   0: 0x000000008000ff14 (0xfc843703) ld      a4, -56(s0)
core   0: 3 0x000000008000ff14 (0xfc843703) x14 0x0000000080012040 mem 0x0000000080031f38
core   0: 0x000000008000ff18 (0xfb843783) ld      a5, -72(s0)
core   0: 3 0x000000008000ff18 (0xfb843783) x15 0x000000000000009c mem 0x0000000080031f28
core   0: 0x000000008000ff1c (0x000097ba) c.add   a5, a4
core   0: 3 0x000000008000ff1c (0x97ba) x15 0x00000000800120dc
core   0: 0x000000008000ff1e (0xfe043703) ld      a4, -32(s0)
core   0: 3 0x000000008000ff1e (0xfe043703) x14 0x0000000080012093 mem 0x0000000080031f50
core   0: 0x000000008000ff22 (0xfcf76de3) bltu    a4, a5, pc - 38
core   0: 3 0x000000008000ff22 (0xfcf76de3)
core   0: 0x000000008000fefc (0xfe043783) ld      a5, -32(s0)
core   0: 3 0x000000008000fefc (0xfe043783) x15 0x0000000080012093 mem 0x0000000080031f50
core   0: 0x000000008000ff00 (0x00178713) addi    a4, a5, 1
core   0: 3 0x000000008000ff00 (0x00178713) x14 0x0000000080012094
core   0: 0x000000008000ff04 (0xfee43023) sd      a4, -32(s0)
core   0: 3 0x000000008000ff04 (0xfee43023) mem 0x0000000080031f50 0x0000000080012094
core   0: 0x000000008000ff08 (0xfc442703) lw      a4, -60(s0)
core   0: 3 0x000000008000ff08 (0xfc442703) x14 0x0000000000000000 mem 0x0000000080031f34
core   0: 0x000000008000ff0c (0x0ff77713) andi    a4, a4, 255
core   0: 3 0x000000008000ff0c (0x0ff77713) x14 0x0000000000000000
core   0: 0x000000008000ff10 (0x00e78023) sb      a4, 0(a5)
core   0: 3 0x000000008000ff10 (0x00e78023) mem 0x0000000080012093 0x00
core   0: 0x000000008000ff14 (0xfc843703) ld      a4, -56(s0)
core   0: 3 0x000000008000ff14 (0xfc843703) x14 0x0000000080012040 mem 0x0000000080031f38
core   0: 0x000000008000ff18 (0xfb843783) ld      a5, -72(s0)
core   0: 3 0x000000008000ff18 (0xfb843783) x15 0x000000000000009c mem 0x0000000080031f28
core   0: 0x000000008000ff1c (0x000097ba) c.add   a5, a4
core   0: 3 0x000000008000ff1c (0x97ba) x15 0x00000000800120dc
core   0: 0x000000008000ff1e (0xfe043703) ld      a4, -32(s0)
core   0: 3 0x000000008000ff1e (0xfe043703) x14 0x0000000080012094 mem 0x0000000080031f50
core   0: 0x000000008000ff22 (0xfcf76de3) bltu    a4, a5, pc - 38
core   0: 3 0x000000008000ff22 (0xfcf76de3)
core   0: 0x000000008000fefc (0xfe043783) ld      a5, -32(s0)
core   0: 3 0x000000008000fefc (0xfe043783) x15 0x0000000080012094 mem 0x0000000080031f50
core   0: 0x000000008000ff00 (0x00178713) addi    a4, a5, 1
core   0: 3 0x000000008000ff00 (0x00178713) x14 0x0000000080012095
core   0: 0x000000008000ff04 (0xfee43023) sd      a4, -32(s0)
core   0: 3 0x000000008000ff04 (0xfee43023) mem 0x0000000080031f50 0x0000000080012095
core   0: 0x000000008000ff08 (0xfc442703) lw      a4, -60(s0)
core   0: 3 0x000000008000ff08 (0xfc442703) x14 0x0000000000000000 mem 0x0000000080031f34
core   0: 0x000000008000ff0c (0x0ff77713) andi    a4, a4, 255
core   0: 3 0x000000008000ff0c (0x0ff77713) x14 0x0000000000000000
core   0: 0x000000008000ff10 (0x00e78023) sb      a4, 0(a5)
core   0: 3 0x000000008000ff10 (0x00e78023) mem 0x0000000080012094 0x00
core   0: 0x000000008000ff14 (0xfc843703) ld      a4, -56(s0)
core   0: 3 0x000000008000ff14 (0xfc843703) x14 0x0000000080012040 mem 0x0000000080031f38
core   0: 0x000000008000ff18 (0xfb843783) ld      a5, -72(s0)
core   0: 3 0x000000008000ff18 (0xfb843783) x15 0x000000000000009c mem 0x0000000080031f28
core   0: 0x000000008000ff1c (0x000097ba) c.add   a5, a4
core   0: 3 0x000000008000ff1c (0x97ba) x15 0x00000000800120dc
core   0: 0x000000008000ff1e (0xfe043703) ld      a4, -32(s0)
core   0: 3 0x000000008000ff1e (0xfe043703) x14 0x0000000080012095 mem 0x0000000080031f50
core   0: 0x000000008000ff22 (0xfcf76de3) bltu    a4, a5, pc - 38
core   0: 3 0x000000008000ff22 (0xfcf76de3)
core   0: 0x000000008000fefc (0xfe043783) ld      a5, -32(s0)
core   0: 3 0x000000008000fefc (0xfe043783) x15 0x0000000080012095 mem 0x0000000080031f50
core   0: 0x000000008000ff00 (0x00178713) addi    a4, a5, 1
core   0: 3 0x000000008000ff00 (0x00178713) x14 0x0000000080012096
core   0: 0x000000008000ff04 (0xfee43023) sd      a4, -32(s0)
core   0: 3 0x000000008000ff04 (0xfee43023) mem 0x0000000080031f50 0x0000000080012096
core   0: 0x000000008000ff08 (0xfc442703) lw      a4, -60(s0)
core   0: 3 0x000000008000ff08 (0xfc442703) x14 0x0000000000000000 mem 0x0000000080031f34
core   0: 0x000000008000ff0c (0x0ff77713) andi    a4, a4, 255
core   0: 3 0x000000008000ff0c (0x0ff77713) x14 0x0000000000000000
core   0: 0x000000008000ff10 (0x00e78023) sb      a4, 0(a5)
core   0: 3 0x000000008000ff10 (0x00e78023) mem 0x0000000080012095 0x00
core   0: 0x000000008000ff14 (0xfc843703) ld      a4, -56(s0)
core   0: 3 0x000000008000ff14 (0xfc843703) x14 0x0000000080012040 mem 0x0000000080031f38
core   0: 0x000000008000ff18 (0xfb843783) ld      a5, -72(s0)
core   0: 3 0x000000008000ff18 (0xfb843783) x15 0x000000000000009c mem 0x0000000080031f28
core   0: 0x000000008000ff1c (0x000097ba) c.add   a5, a4
core   0: 3 0x000000008000ff1c (0x97ba) x15 0x00000000800120dc
core   0: 0x000000008000ff1e (0xfe043703) ld      a4, -32(s0)
core   0: 3 0x000000008000ff1e (0xfe043703) x14 0x0000000080012096 mem 0x0000000080031f50
core   0: 0x000000008000ff22 (0xfcf76de3) bltu    a4, a5, pc - 38
core   0: 3 0x000000008000ff22 (0xfcf76de3)
core   0: 0x000000008000fefc (0xfe043783) ld      a5, -32(s0)
core   0: 3 0x000000008000fefc (0xfe043783) x15 0x0000000080012096 mem 0x0000000080031f50
core   0: 0x000000008000ff00 (0x00178713) addi    a4, a5, 1
core   0: 3 0x000000008000ff00 (0x00178713) x14 0x0000000080012097
core   0: 0x000000008000ff04 (0xfee43023) sd      a4, -32(s0)
core   0: 3 0x000000008000ff04 (0xfee43023) mem 0x0000000080031f50 0x0000000080012097
core   0: 0x000000008000ff08 (0xfc442703) lw      a4, -60(s0)
core   0: 3 0x000000008000ff08 (0xfc442703) x14 0x0000000000000000 mem 0x0000000080031f34
core   0: 0x000000008000ff0c (0x0ff77713) andi    a4, a4, 255
core   0: 3 0x000000008000ff0c (0x0ff77713) x14 0x0000000000000000
core   0: 0x000000008000ff10 (0x00e78023) sb      a4, 0(a5)
core   0: 3 0x000000008000ff10 (0x00e78023) mem 0x0000000080012096 0x00
core   0: 0x000000008000ff14 (0xfc843703) ld      a4, -56(s0)
core   0: 3 0x000000008000ff14 (0xfc843703) x14 0x0000000080012040 mem 0x0000000080031f38
core   0: 0x000000008000ff18 (0xfb843783) ld      a5, -72(s0)
core   0: 3 0x000000008000ff18 (0xfb843783) x15 0x000000000000009c mem 0x0000000080031f28
core   0: 0x000000008000ff1c (0x000097ba) c.add   a5, a4
core   0: 3 0x000000008000ff1c (0x97ba) x15 0x00000000800120dc
core   0: 0x000000008000ff1e (0xfe043703) ld      a4, -32(s0)
core   0: 3 0x000000008000ff1e (0xfe043703) x14 0x0000000080012097 mem 0x0000000080031f50
core   0: 0x000000008000ff22 (0xfcf76de3) bltu    a4, a5, pc - 38
core   0: 3 0x000000008000ff22 (0xfcf76de3)
core   0: 0x000000008000fefc (0xfe043783) ld      a5, -32(s0)
core   0: 3 0x000000008000fefc (0xfe043783) x15 0x0000000080012097 mem 0x0000000080031f50
core   0: 0x000000008000ff00 (0x00178713) addi    a4, a5, 1
core   0: 3 0x000000008000ff00 (0x00178713) x14 0x0000000080012098
core   0: 0x000000008000ff04 (0xfee43023) sd      a4, -32(s0)
core   0: 3 0x000000008000ff04 (0xfee43023) mem 0x0000000080031f50 0x0000000080012098
core   0: 0x000000008000ff08 (0xfc442703) lw      a4, -60(s0)
core   0: 3 0x000000008000ff08 (0xfc442703) x14 0x0000000000000000 mem 0x0000000080031f34
core   0: 0x000000008000ff0c (0x0ff77713) andi    a4, a4, 255
core   0: 3 0x000000008000ff0c (0x0ff77713) x14 0x0000000000000000
core   0: 0x000000008000ff10 (0x00e78023) sb      a4, 0(a5)
core   0: 3 0x000000008000ff10 (0x00e78023) mem 0x0000000080012097 0x00
core   0: 0x000000008000ff14 (0xfc843703) ld      a4, -56(s0)
core   0: 3 0x000000008000ff14 (0xfc843703) x14 0x0000000080012040 mem 0x0000000080031f38
core   0: 0x000000008000ff18 (0xfb843783) ld      a5, -72(s0)
core   0: 3 0x000000008000ff18 (0xfb843783) x15 0x000000000000009c mem 0x0000000080031f28
core   0: 0x000000008000ff1c (0x000097ba) c.add   a5, a4
core   0: 3 0x000000008000ff1c (0x97ba) x15 0x00000000800120dc
core   0: 0x000000008000ff1e (0xfe043703) ld      a4, -32(s0)
core   0: 3 0x000000008000ff1e (0xfe043703) x14 0x0000000080012098 mem 0x0000000080031f50
core   0: 0x000000008000ff22 (0xfcf76de3) bltu    a4, a5, pc - 38
core   0: 3 0x000000008000ff22 (0xfcf76de3)
core   0: 0x000000008000fefc (0xfe043783) ld      a5, -32(s0)
core   0: 3 0x000000008000fefc (0xfe043783) x15 0x0000000080012098 mem 0x0000000080031f50
core   0: 0x000000008000ff00 (0x00178713) addi    a4, a5, 1
core   0: 3 0x000000008000ff00 (0x00178713) x14 0x0000000080012099
core   0: 0x000000008000ff04 (0xfee43023) sd      a4, -32(s0)
core   0: 3 0x000000008000ff04 (0xfee43023) mem 0x0000000080031f50 0x0000000080012099
core   0: 0x000000008000ff08 (0xfc442703) lw      a4, -60(s0)
core   0: 3 0x000000008000ff08 (0xfc442703) x14 0x0000000000000000 mem 0x0000000080031f34
core   0: 0x000000008000ff0c (0x0ff77713) andi    a4, a4, 255
core   0: 3 0x000000008000ff0c (0x0ff77713) x14 0x0000000000000000
core   0: 0x000000008000ff10 (0x00e78023) sb      a4, 0(a5)
core   0: 3 0x000000008000ff10 (0x00e78023) mem 0x0000000080012098 0x00
core   0: 0x000000008000ff14 (0xfc843703) ld      a4, -56(s0)
core   0: 3 0x000000008000ff14 (0xfc843703) x14 0x0000000080012040 mem 0x0000000080031f38
core   0: 0x000000008000ff18 (0xfb843783) ld      a5, -72(s0)
core   0: 3 0x000000008000ff18 (0xfb843783) x15 0x000000000000009c mem 0x0000000080031f28
core   0: 0x000000008000ff1c (0x000097ba) c.add   a5, a4
core   0: 3 0x000000008000ff1c (0x97ba) x15 0x00000000800120dc
core   0: 0x000000008000ff1e (0xfe043703) ld      a4, -32(s0)
core   0: 3 0x000000008000ff1e (0xfe043703) x14 0x0000000080012099 mem 0x0000000080031f50
core   0: 0x000000008000ff22 (0xfcf76de3) bltu    a4, a5, pc - 38
core   0: 3 0x000000008000ff22 (0xfcf76de3)
core   0: 0x000000008000fefc (0xfe043783) ld      a5, -32(s0)
core   0: 3 0x000000008000fefc (0xfe043783) x15 0x0000000080012099 mem 0x0000000080031f50
core   0: 0x000000008000ff00 (0x00178713) addi    a4, a5, 1
core   0: 3 0x000000008000ff00 (0x00178713) x14 0x000000008001209a
core   0: 0x000000008000ff04 (0xfee43023) sd      a4, -32(s0)
core   0: 3 0x000000008000ff04 (0xfee43023) mem 0x0000000080031f50 0x000000008001209a
core   0: 0x000000008000ff08 (0xfc442703) lw      a4, -60(s0)
core   0: 3 0x000000008000ff08 (0xfc442703) x14 0x0000000000000000 mem 0x0000000080031f34
core   0: 0x000000008000ff0c (0x0ff77713) andi    a4, a4, 255
core   0: 3 0x000000008000ff0c (0x0ff77713) x14 0x0000000000000000
core   0: 0x000000008000ff10 (0x00e78023) sb      a4, 0(a5)
core   0: 3 0x000000008000ff10 (0x00e78023) mem 0x0000000080012099 0x00
core   0: 0x000000008000ff14 (0xfc843703) ld      a4, -56(s0)
core   0: 3 0x000000008000ff14 (0xfc843703) x14 0x0000000080012040 mem 0x0000000080031f38
core   0: 0x000000008000ff18 (0xfb843783) ld      a5, -72(s0)
core   0: 3 0x000000008000ff18 (0xfb843783) x15 0x000000000000009c mem 0x0000000080031f28
core   0: 0x000000008000ff1c (0x000097ba) c.add   a5, a4
core   0: 3 0x000000008000ff1c (0x97ba) x15 0x00000000800120dc
core   0: 0x000000008000ff1e (0xfe043703) ld      a4, -32(s0)
core   0: 3 0x000000008000ff1e (0xfe043703) x14 0x000000008001209a mem 0x0000000080031f50
core   0: 0x000000008000ff22 (0xfcf76de3) bltu    a4, a5, pc - 38
core   0: 3 0x000000008000ff22 (0xfcf76de3)
core   0: 0x000000008000fefc (0xfe043783) ld      a5, -32(s0)
core   0: 3 0x000000008000fefc (0xfe043783) x15 0x000000008001209a mem 0x0000000080031f50
core   0: 0x000000008000ff00 (0x00178713) addi    a4, a5, 1
core   0: 3 0x000000008000ff00 (0x00178713) x14 0x000000008001209b
core   0: 0x000000008000ff04 (0xfee43023) sd      a4, -32(s0)
core   0: 3 0x000000008000ff04 (0xfee43023) mem 0x0000000080031f50 0x000000008001209b
core   0: 0x000000008000ff08 (0xfc442703) lw      a4, -60(s0)
core   0: 3 0x000000008000ff08 (0xfc442703) x14 0x0000000000000000 mem 0x0000000080031f34
core   0: 0x000000008000ff0c (0x0ff77713) andi    a4, a4, 255
core   0: 3 0x000000008000ff0c (0x0ff77713) x14 0x0000000000000000
core   0: 0x000000008000ff10 (0x00e78023) sb      a4, 0(a5)
core   0: 3 0x000000008000ff10 (0x00e78023) mem 0x000000008001209a 0x00
core   0: 0x000000008000ff14 (0xfc843703) ld      a4, -56(s0)
core   0: 3 0x000000008000ff14 (0xfc843703) x14 0x0000000080012040 mem 0x0000000080031f38
core   0: 0x000000008000ff18 (0xfb843783) ld      a5, -72(s0)
core   0: 3 0x000000008000ff18 (0xfb843783) x15 0x000000000000009c mem 0x0000000080031f28
core   0: 0x000000008000ff1c (0x000097ba) c.add   a5, a4
core   0: 3 0x000000008000ff1c (0x97ba) x15 0x00000000800120dc
core   0: 0x000000008000ff1e (0xfe043703) ld      a4, -32(s0)
core   0: 3 0x000000008000ff1e (0xfe043703) x14 0x000000008001209b mem 0x0000000080031f50
core   0: 0x000000008000ff22 (0xfcf76de3) bltu    a4, a5, pc - 38
core   0: 3 0x000000008000ff22 (0xfcf76de3)
core   0: 0x000000008000fefc (0xfe043783) ld      a5, -32(s0)
core   0: 3 0x000000008000fefc (0xfe043783) x15 0x000000008001209b mem 0x0000000080031f50
core   0: 0x000000008000ff00 (0x00178713) addi    a4, a5, 1
core   0: 3 0x000000008000ff00 (0x00178713) x14 0x000000008001209c
core   0: 0x000000008000ff04 (0xfee43023) sd      a4, -32(s0)
core   0: 3 0x000000008000ff04 (0xfee43023) mem 0x0000000080031f50 0x000000008001209c
core   0: 0x000000008000ff08 (0xfc442703) lw      a4, -60(s0)
core   0: 3 0x000000008000ff08 (0xfc442703) x14 0x0000000000000000 mem 0x0000000080031f34
core   0: 0x000000008000ff0c (0x0ff77713) andi    a4, a4, 255
core   0: 3 0x000000008000ff0c (0x0ff77713) x14 0x0000000000000000
core   0: 0x000000008000ff10 (0x00e78023) sb      a4, 0(a5)
core   0: 3 0x000000008000ff10 (0x00e78023) mem 0x000000008001209b 0x00
core   0: 0x000000008000ff14 (0xfc843703) ld      a4, -56(s0)
core   0: 3 0x000000008000ff14 (0xfc843703) x14 0x0000000080012040 mem 0x0000000080031f38
core   0: 0x000000008000ff18 (0xfb843783) ld      a5, -72(s0)
core   0: 3 0x000000008000ff18 (0xfb843783) x15 0x000000000000009c mem 0x0000000080031f28
core   0: 0x000000008000ff1c (0x000097ba) c.add   a5, a4
core   0: 3 0x000000008000ff1c (0x97ba) x15 0x00000000800120dc
core   0: 0x000000008000ff1e (0xfe043703) ld      a4, -32(s0)
core   0: 3 0x000000008000ff1e (0xfe043703) x14 0x000000008001209c mem 0x0000000080031f50
core   0: 0x000000008000ff22 (0xfcf76de3) bltu    a4, a5, pc - 38
core   0: 3 0x000000008000ff22 (0xfcf76de3)
core   0: 0x000000008000fefc (0xfe043783) ld      a5, -32(s0)
core   0: 3 0x000000008000fefc (0xfe043783) x15 0x000000008001209c mem 0x0000000080031f50
core   0: 0x000000008000ff00 (0x00178713) addi    a4, a5, 1
core   0: 3 0x000000008000ff00 (0x00178713) x14 0x000000008001209d
core   0: 0x000000008000ff04 (0xfee43023) sd      a4, -32(s0)
core   0: 3 0x000000008000ff04 (0xfee43023) mem 0x0000000080031f50 0x000000008001209d
core   0: 0x000000008000ff08 (0xfc442703) lw      a4, -60(s0)
core   0: 3 0x000000008000ff08 (0xfc442703) x14 0x0000000000000000 mem 0x0000000080031f34
core   0: 0x000000008000ff0c (0x0ff77713) andi    a4, a4, 255
core   0: 3 0x000000008000ff0c (0x0ff77713) x14 0x0000000000000000
core   0: 0x000000008000ff10 (0x00e78023) sb      a4, 0(a5)
core   0: 3 0x000000008000ff10 (0x00e78023) mem 0x000000008001209c 0x00
core   0: 0x000000008000ff14 (0xfc843703) ld      a4, -56(s0)
core   0: 3 0x000000008000ff14 (0xfc843703) x14 0x0000000080012040 mem 0x0000000080031f38
core   0: 0x000000008000ff18 (0xfb843783) ld      a5, -72(s0)
core   0: 3 0x000000008000ff18 (0xfb843783) x15 0x000000000000009c mem 0x0000000080031f28
core   0: 0x000000008000ff1c (0x000097ba) c.add   a5, a4
core   0: 3 0x000000008000ff1c (0x97ba) x15 0x00000000800120dc
core   0: 0x000000008000ff1e (0xfe043703) ld      a4, -32(s0)
core   0: 3 0x000000008000ff1e (0xfe043703) x14 0x000000008001209d mem 0x0000000080031f50
core   0: 0x000000008000ff22 (0xfcf76de3) bltu    a4, a5, pc - 38
core   0: 3 0x000000008000ff22 (0xfcf76de3)
core   0: 0x000000008000fefc (0xfe043783) ld      a5, -32(s0)
core   0: 3 0x000000008000fefc (0xfe043783) x15 0x000000008001209d mem 0x0000000080031f50
core   0: 0x000000008000ff00 (0x00178713) addi    a4, a5, 1
core   0: 3 0x000000008000ff00 (0x00178713) x14 0x000000008001209e
core   0: 0x000000008000ff04 (0xfee43023) sd      a4, -32(s0)
core   0: 3 0x000000008000ff04 (0xfee43023) mem 0x0000000080031f50 0x000000008001209e
core   0: 0x000000008000ff08 (0xfc442703) lw      a4, -60(s0)
core   0: 3 0x000000008000ff08 (0xfc442703) x14 0x0000000000000000 mem 0x0000000080031f34
core   0: 0x000000008000ff0c (0x0ff77713) andi    a4, a4, 255
core   0: 3 0x000000008000ff0c (0x0ff77713) x14 0x0000000000000000
core   0: 0x000000008000ff10 (0x00e78023) sb      a4, 0(a5)
core   0: 3 0x000000008000ff10 (0x00e78023) mem 0x000000008001209d 0x00
core   0: 0x000000008000ff14 (0xfc843703) ld      a4, -56(s0)
core   0: 3 0x000000008000ff14 (0xfc843703) x14 0x0000000080012040 mem 0x0000000080031f38
core   0: 0x000000008000ff18 (0xfb843783) ld      a5, -72(s0)
core   0: 3 0x000000008000ff18 (0xfb843783) x15 0x000000000000009c mem 0x0000000080031f28
core   0: 0x000000008000ff1c (0x000097ba) c.add   a5, a4
core   0: 3 0x000000008000ff1c (0x97ba) x15 0x00000000800120dc
core   0: 0x000000008000ff1e (0xfe043703) ld      a4, -32(s0)
core   0: 3 0x000000008000ff1e (0xfe043703) x14 0x000000008001209e mem 0x0000000080031f50
core   0: 0x000000008000ff22 (0xfcf76de3) bltu    a4, a5, pc - 38
core   0: 3 0x000000008000ff22 (0xfcf76de3)
core   0: 0x000000008000fefc (0xfe043783) ld      a5, -32(s0)
core   0: 3 0x000000008000fefc (0xfe043783) x15 0x000000008001209e mem 0x0000000080031f50
core   0: 0x000000008000ff00 (0x00178713) addi    a4, a5, 1
core   0: 3 0x000000008000ff00 (0x00178713) x14 0x000000008001209f
core   0: 0x000000008000ff04 (0xfee43023) sd      a4, -32(s0)
core   0: 3 0x000000008000ff04 (0xfee43023) mem 0x0000000080031f50 0x000000008001209f
core   0: 0x000000008000ff08 (0xfc442703) lw      a4, -60(s0)
core   0: 3 0x000000008000ff08 (0xfc442703) x14 0x0000000000000000 mem 0x0000000080031f34
core   0: 0x000000008000ff0c (0x0ff77713) andi    a4, a4, 255
core   0: 3 0x000000008000ff0c (0x0ff77713) x14 0x0000000000000000
core   0: 0x000000008000ff10 (0x00e78023) sb      a4, 0(a5)
core   0: 3 0x000000008000ff10 (0x00e78023) mem 0x000000008001209e 0x00
core   0: 0x000000008000ff14 (0xfc843703) ld      a4, -56(s0)
core   0: 3 0x000000008000ff14 (0xfc843703) x14 0x0000000080012040 mem 0x0000000080031f38
core   0: 0x000000008000ff18 (0xfb843783) ld      a5, -72(s0)
core   0: 3 0x000000008000ff18 (0xfb843783) x15 0x000000000000009c mem 0x0000000080031f28
core   0: 0x000000008000ff1c (0x000097ba) c.add   a5, a4
core   0: 3 0x000000008000ff1c (0x97ba) x15 0x00000000800120dc
core   0: 0x000000008000ff1e (0xfe043703) ld      a4, -32(s0)
core   0: 3 0x000000008000ff1e (0xfe043703) x14 0x000000008001209f mem 0x0000000080031f50
core   0: 0x000000008000ff22 (0xfcf76de3) bltu    a4, a5, pc - 38
core   0: 3 0x000000008000ff22 (0xfcf76de3)
core   0: 0x000000008000fefc (0xfe043783) ld      a5, -32(s0)
core   0: 3 0x000000008000fefc (0xfe043783) x15 0x000000008001209f mem 0x0000000080031f50
core   0: 0x000000008000ff00 (0x00178713) addi    a4, a5, 1
core   0: 3 0x000000008000ff00 (0x00178713) x14 0x00000000800120a0
core   0: 0x000000008000ff04 (0xfee43023) sd      a4, -32(s0)
core   0: 3 0x000000008000ff04 (0xfee43023) mem 0x0000000080031f50 0x00000000800120a0
core   0: 0x000000008000ff08 (0xfc442703) lw      a4, -60(s0)
core   0: 3 0x000000008000ff08 (0xfc442703) x14 0x0000000000000000 mem 0x0000000080031f34
core   0: 0x000000008000ff0c (0x0ff77713) andi    a4, a4, 255
core   0: 3 0x000000008000ff0c (0x0ff77713) x14 0x0000000000000000
core   0: 0x000000008000ff10 (0x00e78023) sb      a4, 0(a5)
core   0: 3 0x000000008000ff10 (0x00e78023) mem 0x000000008001209f 0x00
core   0: 0x000000008000ff14 (0xfc843703) ld      a4, -56(s0)
core   0: 3 0x000000008000ff14 (0xfc843703) x14 0x0000000080012040 mem 0x0000000080031f38
core   0: 0x000000008000ff18 (0xfb843783) ld      a5, -72(s0)
core   0: 3 0x000000008000ff18 (0xfb843783) x15 0x000000000000009c mem 0x0000000080031f28
core   0: 0x000000008000ff1c (0x000097ba) c.add   a5, a4
core   0: 3 0x000000008000ff1c (0x97ba) x15 0x00000000800120dc
core   0: 0x000000008000ff1e (0xfe043703) ld      a4, -32(s0)
core   0: 3 0x000000008000ff1e (0xfe043703) x14 0x00000000800120a0 mem 0x0000000080031f50
core   0: 0x000000008000ff22 (0xfcf76de3) bltu    a4, a5, pc - 38
core   0: 3 0x000000008000ff22 (0xfcf76de3)
core   0: 0x000000008000fefc (0xfe043783) ld      a5, -32(s0)
core   0: 3 0x000000008000fefc (0xfe043783) x15 0x00000000800120a0 mem 0x0000000080031f50
core   0: 0x000000008000ff00 (0x00178713) addi    a4, a5, 1
core   0: 3 0x000000008000ff00 (0x00178713) x14 0x00000000800120a1
core   0: 0x000000008000ff04 (0xfee43023) sd      a4, -32(s0)
core   0: 3 0x000000008000ff04 (0xfee43023) mem 0x0000000080031f50 0x00000000800120a1
core   0: 0x000000008000ff08 (0xfc442703) lw      a4, -60(s0)
core   0: 3 0x000000008000ff08 (0xfc442703) x14 0x0000000000000000 mem 0x0000000080031f34
core   0: 0x000000008000ff0c (0x0ff77713) andi    a4, a4, 255
core   0: 3 0x000000008000ff0c (0x0ff77713) x14 0x0000000000000000
core   0: 0x000000008000ff10 (0x00e78023) sb      a4, 0(a5)
core   0: 3 0x000000008000ff10 (0x00e78023) mem 0x00000000800120a0 0x00
core   0: 0x000000008000ff14 (0xfc843703) ld      a4, -56(s0)
core   0: 3 0x000000008000ff14 (0xfc843703) x14 0x0000000080012040 mem 0x0000000080031f38
core   0: 0x000000008000ff18 (0xfb843783) ld      a5, -72(s0)
core   0: 3 0x000000008000ff18 (0xfb843783) x15 0x000000000000009c mem 0x0000000080031f28
core   0: 0x000000008000ff1c (0x000097ba) c.add   a5, a4
core   0: 3 0x000000008000ff1c (0x97ba) x15 0x00000000800120dc
core   0: 0x000000008000ff1e (0xfe043703) ld      a4, -32(s0)
core   0: 3 0x000000008000ff1e (0xfe043703) x14 0x00000000800120a1 mem 0x0000000080031f50
core   0: 0x000000008000ff22 (0xfcf76de3) bltu    a4, a5, pc - 38
core   0: 3 0x000000008000ff22 (0xfcf76de3)
core   0: 0x000000008000fefc (0xfe043783) ld      a5, -32(s0)
core   0: 3 0x000000008000fefc (0xfe043783) x15 0x00000000800120a1 mem 0x0000000080031f50
core   0: 0x000000008000ff00 (0x00178713) addi    a4, a5, 1
core   0: 3 0x000000008000ff00 (0x00178713) x14 0x00000000800120a2
core   0: 0x000000008000ff04 (0xfee43023) sd      a4, -32(s0)
core   0: 3 0x000000008000ff04 (0xfee43023) mem 0x0000000080031f50 0x00000000800120a2
core   0: 0x000000008000ff08 (0xfc442703) lw      a4, -60(s0)
core   0: 3 0x000000008000ff08 (0xfc442703) x14 0x0000000000000000 mem 0x0000000080031f34
core   0: 0x000000008000ff0c (0x0ff77713) andi    a4, a4, 255
core   0: 3 0x000000008000ff0c (0x0ff77713) x14 0x0000000000000000
core   0: 0x000000008000ff10 (0x00e78023) sb      a4, 0(a5)
core   0: 3 0x000000008000ff10 (0x00e78023) mem 0x00000000800120a1 0x00
core   0: 0x000000008000ff14 (0xfc843703) ld      a4, -56(s0)
core   0: 3 0x000000008000ff14 (0xfc843703) x14 0x0000000080012040 mem 0x0000000080031f38
core   0: 0x000000008000ff18 (0xfb843783) ld      a5, -72(s0)
core   0: 3 0x000000008000ff18 (0xfb843783) x15 0x000000000000009c mem 0x0000000080031f28
core   0: 0x000000008000ff1c (0x000097ba) c.add   a5, a4
core   0: 3 0x000000008000ff1c (0x97ba) x15 0x00000000800120dc
core   0: 0x000000008000ff1e (0xfe043703) ld      a4, -32(s0)
core   0: 3 0x000000008000ff1e (0xfe043703) x14 0x00000000800120a2 mem 0x0000000080031f50
core   0: 0x000000008000ff22 (0xfcf76de3) bltu    a4, a5, pc - 38
core   0: 3 0x000000008000ff22 (0xfcf76de3)
core   0: 0x000000008000fefc (0xfe043783) ld      a5, -32(s0)
core   0: 3 0x000000008000fefc (0xfe043783) x15 0x00000000800120a2 mem 0x0000000080031f50
core   0: 0x000000008000ff00 (0x00178713) addi    a4, a5, 1
core   0: 3 0x000000008000ff00 (0x00178713) x14 0x00000000800120a3
core   0: 0x000000008000ff04 (0xfee43023) sd      a4, -32(s0)
core   0: 3 0x000000008000ff04 (0xfee43023) mem 0x0000000080031f50 0x00000000800120a3
core   0: 0x000000008000ff08 (0xfc442703) lw      a4, -60(s0)
core   0: 3 0x000000008000ff08 (0xfc442703) x14 0x0000000000000000 mem 0x0000000080031f34
core   0: 0x000000008000ff0c (0x0ff77713) andi    a4, a4, 255
core   0: 3 0x000000008000ff0c (0x0ff77713) x14 0x0000000000000000
core   0: 0x000000008000ff10 (0x00e78023) sb      a4, 0(a5)
core   0: 3 0x000000008000ff10 (0x00e78023) mem 0x00000000800120a2 0x00
core   0: 0x000000008000ff14 (0xfc843703) ld      a4, -56(s0)
core   0: 3 0x000000008000ff14 (0xfc843703) x14 0x0000000080012040 mem 0x0000000080031f38
core   0: 0x000000008000ff18 (0xfb843783) ld      a5, -72(s0)
core   0: 3 0x000000008000ff18 (0xfb843783) x15 0x000000000000009c mem 0x0000000080031f28
core   0: 0x000000008000ff1c (0x000097ba) c.add   a5, a4
core   0: 3 0x000000008000ff1c (0x97ba) x15 0x00000000800120dc
core   0: 0x000000008000ff1e (0xfe043703) ld      a4, -32(s0)
core   0: 3 0x000000008000ff1e (0xfe043703) x14 0x00000000800120a3 mem 0x0000000080031f50
core   0: 0x000000008000ff22 (0xfcf76de3) bltu    a4, a5, pc - 38
core   0: 3 0x000000008000ff22 (0xfcf76de3)
core   0: 0x000000008000fefc (0xfe043783) ld      a5, -32(s0)
core   0: 3 0x000000008000fefc (0xfe043783) x15 0x00000000800120a3 mem 0x0000000080031f50
core   0: 0x000000008000ff00 (0x00178713) addi    a4, a5, 1
core   0: 3 0x000000008000ff00 (0x00178713) x14 0x00000000800120a4
core   0: 0x000000008000ff04 (0xfee43023) sd      a4, -32(s0)
core   0: 3 0x000000008000ff04 (0xfee43023) mem 0x0000000080031f50 0x00000000800120a4
core   0: 0x000000008000ff08 (0xfc442703) lw      a4, -60(s0)
core   0: 3 0x000000008000ff08 (0xfc442703) x14 0x0000000000000000 mem 0x0000000080031f34
core   0: 0x000000008000ff0c (0x0ff77713) andi    a4, a4, 255
core   0: 3 0x000000008000ff0c (0x0ff77713) x14 0x0000000000000000
core   0: 0x000000008000ff10 (0x00e78023) sb      a4, 0(a5)
core   0: 3 0x000000008000ff10 (0x00e78023) mem 0x00000000800120a3 0x00
core   0: 0x000000008000ff14 (0xfc843703) ld      a4, -56(s0)
core   0: 3 0x000000008000ff14 (0xfc843703) x14 0x0000000080012040 mem 0x0000000080031f38
core   0: 0x000000008000ff18 (0xfb843783) ld      a5, -72(s0)
core   0: 3 0x000000008000ff18 (0xfb843783) x15 0x000000000000009c mem 0x0000000080031f28
core   0: 0x000000008000ff1c (0x000097ba) c.add   a5, a4
core   0: 3 0x000000008000ff1c (0x97ba) x15 0x00000000800120dc
core   0: 0x000000008000ff1e (0xfe043703) ld      a4, -32(s0)
core   0: 3 0x000000008000ff1e (0xfe043703) x14 0x00000000800120a4 mem 0x0000000080031f50
core   0: 0x000000008000ff22 (0xfcf76de3) bltu    a4, a5, pc - 38
core   0: 3 0x000000008000ff22 (0xfcf76de3)
core   0: 0x000000008000fefc (0xfe043783) ld      a5, -32(s0)
core   0: 3 0x000000008000fefc (0xfe043783) x15 0x00000000800120a4 mem 0x0000000080031f50
core   0: 0x000000008000ff00 (0x00178713) addi    a4, a5, 1
core   0: 3 0x000000008000ff00 (0x00178713) x14 0x00000000800120a5
core   0: 0x000000008000ff04 (0xfee43023) sd      a4, -32(s0)
core   0: 3 0x000000008000ff04 (0xfee43023) mem 0x0000000080031f50 0x00000000800120a5
core   0: 0x000000008000ff08 (0xfc442703) lw      a4, -60(s0)
core   0: 3 0x000000008000ff08 (0xfc442703) x14 0x0000000000000000 mem 0x0000000080031f34
core   0: 0x000000008000ff0c (0x0ff77713) andi    a4, a4, 255
core   0: 3 0x000000008000ff0c (0x0ff77713) x14 0x0000000000000000
core   0: 0x000000008000ff10 (0x00e78023) sb      a4, 0(a5)
core   0: 3 0x000000008000ff10 (0x00e78023) mem 0x00000000800120a4 0x00
core   0: 0x000000008000ff14 (0xfc843703) ld      a4, -56(s0)
core   0: 3 0x000000008000ff14 (0xfc843703) x14 0x0000000080012040 mem 0x0000000080031f38
core   0: 0x000000008000ff18 (0xfb843783) ld      a5, -72(s0)
core   0: 3 0x000000008000ff18 (0xfb843783) x15 0x000000000000009c mem 0x0000000080031f28
core   0: 0x000000008000ff1c (0x000097ba) c.add   a5, a4
core   0: 3 0x000000008000ff1c (0x97ba) x15 0x00000000800120dc
core   0: 0x000000008000ff1e (0xfe043703) ld      a4, -32(s0)
core   0: 3 0x000000008000ff1e (0xfe043703) x14 0x00000000800120a5 mem 0x0000000080031f50
core   0: 0x000000008000ff22 (0xfcf76de3) bltu    a4, a5, pc - 38
core   0: 3 0x000000008000ff22 (0xfcf76de3)
core   0: 0x000000008000fefc (0xfe043783) ld      a5, -32(s0)
core   0: 3 0x000000008000fefc (0xfe043783) x15 0x00000000800120a5 mem 0x0000000080031f50
core   0: 0x000000008000ff00 (0x00178713) addi    a4, a5, 1
core   0: 3 0x000000008000ff00 (0x00178713) x14 0x00000000800120a6
core   0: 0x000000008000ff04 (0xfee43023) sd      a4, -32(s0)
core   0: 3 0x000000008000ff04 (0xfee43023) mem 0x0000000080031f50 0x00000000800120a6
core   0: 0x000000008000ff08 (0xfc442703) lw      a4, -60(s0)
core   0: 3 0x000000008000ff08 (0xfc442703) x14 0x0000000000000000 mem 0x0000000080031f34
core   0: 0x000000008000ff0c (0x0ff77713) andi    a4, a4, 255
core   0: 3 0x000000008000ff0c (0x0ff77713) x14 0x0000000000000000
core   0: 0x000000008000ff10 (0x00e78023) sb      a4, 0(a5)
core   0: 3 0x000000008000ff10 (0x00e78023) mem 0x00000000800120a5 0x00
core   0: 0x000000008000ff14 (0xfc843703) ld      a4, -56(s0)
core   0: 3 0x000000008000ff14 (0xfc843703) x14 0x0000000080012040 mem 0x0000000080031f38
core   0: 0x000000008000ff18 (0xfb843783) ld      a5, -72(s0)
core   0: 3 0x000000008000ff18 (0xfb843783) x15 0x000000000000009c mem 0x0000000080031f28
core   0: 0x000000008000ff1c (0x000097ba) c.add   a5, a4
core   0: 3 0x000000008000ff1c (0x97ba) x15 0x00000000800120dc
core   0: 0x000000008000ff1e (0xfe043703) ld      a4, -32(s0)
core   0: 3 0x000000008000ff1e (0xfe043703) x14 0x00000000800120a6 mem 0x0000000080031f50
core   0: 0x000000008000ff22 (0xfcf76de3) bltu    a4, a5, pc - 38
core   0: 3 0x000000008000ff22 (0xfcf76de3)
core   0: 0x000000008000fefc (0xfe043783) ld      a5, -32(s0)
core   0: 3 0x000000008000fefc (0xfe043783) x15 0x00000000800120a6 mem 0x0000000080031f50
core   0: 0x000000008000ff00 (0x00178713) addi    a4, a5, 1
core   0: 3 0x000000008000ff00 (0x00178713) x14 0x00000000800120a7
core   0: 0x000000008000ff04 (0xfee43023) sd      a4, -32(s0)
core   0: 3 0x000000008000ff04 (0xfee43023) mem 0x0000000080031f50 0x00000000800120a7
core   0: 0x000000008000ff08 (0xfc442703) lw      a4, -60(s0)
core   0: 3 0x000000008000ff08 (0xfc442703) x14 0x0000000000000000 mem 0x0000000080031f34
core   0: 0x000000008000ff0c (0x0ff77713) andi    a4, a4, 255
core   0: 3 0x000000008000ff0c (0x0ff77713) x14 0x0000000000000000
core   0: 0x000000008000ff10 (0x00e78023) sb      a4, 0(a5)
core   0: 3 0x000000008000ff10 (0x00e78023) mem 0x00000000800120a6 0x00
core   0: 0x000000008000ff14 (0xfc843703) ld      a4, -56(s0)
core   0: 3 0x000000008000ff14 (0xfc843703) x14 0x0000000080012040 mem 0x0000000080031f38
core   0: 0x000000008000ff18 (0xfb843783) ld      a5, -72(s0)
core   0: 3 0x000000008000ff18 (0xfb843783) x15 0x000000000000009c mem 0x0000000080031f28
core   0: 0x000000008000ff1c (0x000097ba) c.add   a5, a4
core   0: 3 0x000000008000ff1c (0x97ba) x15 0x00000000800120dc
core   0: 0x000000008000ff1e (0xfe043703) ld      a4, -32(s0)
core   0: 3 0x000000008000ff1e (0xfe043703) x14 0x00000000800120a7 mem 0x0000000080031f50
core   0: 0x000000008000ff22 (0xfcf76de3) bltu    a4, a5, pc - 38
core   0: 3 0x000000008000ff22 (0xfcf76de3)
core   0: 0x000000008000fefc (0xfe043783) ld      a5, -32(s0)
core   0: 3 0x000000008000fefc (0xfe043783) x15 0x00000000800120a7 mem 0x0000000080031f50
core   0: 0x000000008000ff00 (0x00178713) addi    a4, a5, 1
core   0: 3 0x000000008000ff00 (0x00178713) x14 0x00000000800120a8
core   0: 0x000000008000ff04 (0xfee43023) sd      a4, -32(s0)
core   0: 3 0x000000008000ff04 (0xfee43023) mem 0x0000000080031f50 0x00000000800120a8
core   0: 0x000000008000ff08 (0xfc442703) lw      a4, -60(s0)
core   0: 3 0x000000008000ff08 (0xfc442703) x14 0x0000000000000000 mem 0x0000000080031f34
core   0: 0x000000008000ff0c (0x0ff77713) andi    a4, a4, 255
core   0: 3 0x000000008000ff0c (0x0ff77713) x14 0x0000000000000000
core   0: 0x000000008000ff10 (0x00e78023) sb      a4, 0(a5)
core   0: 3 0x000000008000ff10 (0x00e78023) mem 0x00000000800120a7 0x00
core   0: 0x000000008000ff14 (0xfc843703) ld      a4, -56(s0)
core   0: 3 0x000000008000ff14 (0xfc843703) x14 0x0000000080012040 mem 0x0000000080031f38
core   0: 0x000000008000ff18 (0xfb843783) ld      a5, -72(s0)
core   0: 3 0x000000008000ff18 (0xfb843783) x15 0x000000000000009c mem 0x0000000080031f28
core   0: 0x000000008000ff1c (0x000097ba) c.add   a5, a4
core   0: 3 0x000000008000ff1c (0x97ba) x15 0x00000000800120dc
core   0: 0x000000008000ff1e (0xfe043703) ld      a4, -32(s0)
core   0: 3 0x000000008000ff1e (0xfe043703) x14 0x00000000800120a8 mem 0x0000000080031f50
core   0: 0x000000008000ff22 (0xfcf76de3) bltu    a4, a5, pc - 38
core   0: 3 0x000000008000ff22 (0xfcf76de3)
core   0: 0x000000008000fefc (0xfe043783) ld      a5, -32(s0)
core   0: 3 0x000000008000fefc (0xfe043783) x15 0x00000000800120a8 mem 0x0000000080031f50
core   0: 0x000000008000ff00 (0x00178713) addi    a4, a5, 1
core   0: 3 0x000000008000ff00 (0x00178713) x14 0x00000000800120a9
core   0: 0x000000008000ff04 (0xfee43023) sd      a4, -32(s0)
core   0: 3 0x000000008000ff04 (0xfee43023) mem 0x0000000080031f50 0x00000000800120a9
core   0: 0x000000008000ff08 (0xfc442703) lw      a4, -60(s0)
core   0: 3 0x000000008000ff08 (0xfc442703) x14 0x0000000000000000 mem 0x0000000080031f34
core   0: 0x000000008000ff0c (0x0ff77713) andi    a4, a4, 255
core   0: 3 0x000000008000ff0c (0x0ff77713) x14 0x0000000000000000
core   0: 0x000000008000ff10 (0x00e78023) sb      a4, 0(a5)
core   0: 3 0x000000008000ff10 (0x00e78023) mem 0x00000000800120a8 0x00
core   0: 0x000000008000ff14 (0xfc843703) ld      a4, -56(s0)
core   0: 3 0x000000008000ff14 (0xfc843703) x14 0x0000000080012040 mem 0x0000000080031f38
core   0: 0x000000008000ff18 (0xfb843783) ld      a5, -72(s0)
core   0: 3 0x000000008000ff18 (0xfb843783) x15 0x000000000000009c mem 0x0000000080031f28
core   0: 0x000000008000ff1c (0x000097ba) c.add   a5, a4
core   0: 3 0x000000008000ff1c (0x97ba) x15 0x00000000800120dc
core   0: 0x000000008000ff1e (0xfe043703) ld      a4, -32(s0)
core   0: 3 0x000000008000ff1e (0xfe043703) x14 0x00000000800120a9 mem 0x0000000080031f50
core   0: 0x000000008000ff22 (0xfcf76de3) bltu    a4, a5, pc - 38
core   0: 3 0x000000008000ff22 (0xfcf76de3)
core   0: 0x000000008000fefc (0xfe043783) ld      a5, -32(s0)
core   0: 3 0x000000008000fefc (0xfe043783) x15 0x00000000800120a9 mem 0x0000000080031f50
core   0: 0x000000008000ff00 (0x00178713) addi    a4, a5, 1
core   0: 3 0x000000008000ff00 (0x00178713) x14 0x00000000800120aa
core   0: 0x000000008000ff04 (0xfee43023) sd      a4, -32(s0)
core   0: 3 0x000000008000ff04 (0xfee43023) mem 0x0000000080031f50 0x00000000800120aa
core   0: 0x000000008000ff08 (0xfc442703) lw      a4, -60(s0)
core   0: 3 0x000000008000ff08 (0xfc442703) x14 0x0000000000000000 mem 0x0000000080031f34
core   0: 0x000000008000ff0c (0x0ff77713) andi    a4, a4, 255
core   0: 3 0x000000008000ff0c (0x0ff77713) x14 0x0000000000000000
core   0: 0x000000008000ff10 (0x00e78023) sb      a4, 0(a5)
core   0: 3 0x000000008000ff10 (0x00e78023) mem 0x00000000800120a9 0x00
core   0: 0x000000008000ff14 (0xfc843703) ld      a4, -56(s0)
core   0: 3 0x000000008000ff14 (0xfc843703) x14 0x0000000080012040 mem 0x0000000080031f38
core   0: 0x000000008000ff18 (0xfb843783) ld      a5, -72(s0)
core   0: 3 0x000000008000ff18 (0xfb843783) x15 0x000000000000009c mem 0x0000000080031f28
core   0: 0x000000008000ff1c (0x000097ba) c.add   a5, a4
core   0: 3 0x000000008000ff1c (0x97ba) x15 0x00000000800120dc
core   0: 0x000000008000ff1e (0xfe043703) ld      a4, -32(s0)
core   0: 3 0x000000008000ff1e (0xfe043703) x14 0x00000000800120aa mem 0x0000000080031f50
core   0: 0x000000008000ff22 (0xfcf76de3) bltu    a4, a5, pc - 38
core   0: 3 0x000000008000ff22 (0xfcf76de3)
core   0: 0x000000008000fefc (0xfe043783) ld      a5, -32(s0)
core   0: 3 0x000000008000fefc (0xfe043783) x15 0x00000000800120aa mem 0x0000000080031f50
core   0: 0x000000008000ff00 (0x00178713) addi    a4, a5, 1
core   0: 3 0x000000008000ff00 (0x00178713) x14 0x00000000800120ab
core   0: 0x000000008000ff04 (0xfee43023) sd      a4, -32(s0)
core   0: 3 0x000000008000ff04 (0xfee43023) mem 0x0000000080031f50 0x00000000800120ab
core   0: 0x000000008000ff08 (0xfc442703) lw      a4, -60(s0)
core   0: 3 0x000000008000ff08 (0xfc442703) x14 0x0000000000000000 mem 0x0000000080031f34
core   0: 0x000000008000ff0c (0x0ff77713) andi    a4, a4, 255
core   0: 3 0x000000008000ff0c (0x0ff77713) x14 0x0000000000000000
core   0: 0x000000008000ff10 (0x00e78023) sb      a4, 0(a5)
core   0: 3 0x000000008000ff10 (0x00e78023) mem 0x00000000800120aa 0x00
core   0: 0x000000008000ff14 (0xfc843703) ld      a4, -56(s0)
core   0: 3 0x000000008000ff14 (0xfc843703) x14 0x0000000080012040 mem 0x0000000080031f38
core   0: 0x000000008000ff18 (0xfb843783) ld      a5, -72(s0)
core   0: 3 0x000000008000ff18 (0xfb843783) x15 0x000000000000009c mem 0x0000000080031f28
core   0: 0x000000008000ff1c (0x000097ba) c.add   a5, a4
core   0: 3 0x000000008000ff1c (0x97ba) x15 0x00000000800120dc
core   0: 0x000000008000ff1e (0xfe043703) ld      a4, -32(s0)
core   0: 3 0x000000008000ff1e (0xfe043703) x14 0x00000000800120ab mem 0x0000000080031f50
core   0: 0x000000008000ff22 (0xfcf76de3) bltu    a4, a5, pc - 38
core   0: 3 0x000000008000ff22 (0xfcf76de3)
core   0: 0x000000008000fefc (0xfe043783) ld      a5, -32(s0)
core   0: 3 0x000000008000fefc (0xfe043783) x15 0x00000000800120ab mem 0x0000000080031f50
core   0: 0x000000008000ff00 (0x00178713) addi    a4, a5, 1
core   0: 3 0x000000008000ff00 (0x00178713) x14 0x00000000800120ac
core   0: 0x000000008000ff04 (0xfee43023) sd      a4, -32(s0)
core   0: 3 0x000000008000ff04 (0xfee43023) mem 0x0000000080031f50 0x00000000800120ac
core   0: 0x000000008000ff08 (0xfc442703) lw      a4, -60(s0)
core   0: 3 0x000000008000ff08 (0xfc442703) x14 0x0000000000000000 mem 0x0000000080031f34
core   0: 0x000000008000ff0c (0x0ff77713) andi    a4, a4, 255
core   0: 3 0x000000008000ff0c (0x0ff77713) x14 0x0000000000000000
core   0: 0x000000008000ff10 (0x00e78023) sb      a4, 0(a5)
core   0: 3 0x000000008000ff10 (0x00e78023) mem 0x00000000800120ab 0x00
core   0: 0x000000008000ff14 (0xfc843703) ld      a4, -56(s0)
core   0: 3 0x000000008000ff14 (0xfc843703) x14 0x0000000080012040 mem 0x0000000080031f38
core   0: 0x000000008000ff18 (0xfb843783) ld      a5, -72(s0)
core   0: 3 0x000000008000ff18 (0xfb843783) x15 0x000000000000009c mem 0x0000000080031f28
core   0: 0x000000008000ff1c (0x000097ba) c.add   a5, a4
core   0: 3 0x000000008000ff1c (0x97ba) x15 0x00000000800120dc
core   0: 0x000000008000ff1e (0xfe043703) ld      a4, -32(s0)
core   0: 3 0x000000008000ff1e (0xfe043703) x14 0x00000000800120ac mem 0x0000000080031f50
core   0: 0x000000008000ff22 (0xfcf76de3) bltu    a4, a5, pc - 38
core   0: 3 0x000000008000ff22 (0xfcf76de3)
core   0: 0x000000008000fefc (0xfe043783) ld      a5, -32(s0)
core   0: 3 0x000000008000fefc (0xfe043783) x15 0x00000000800120ac mem 0x0000000080031f50
core   0: 0x000000008000ff00 (0x00178713) addi    a4, a5, 1
core   0: 3 0x000000008000ff00 (0x00178713) x14 0x00000000800120ad
core   0: 0x000000008000ff04 (0xfee43023) sd      a4, -32(s0)
core   0: 3 0x000000008000ff04 (0xfee43023) mem 0x0000000080031f50 0x00000000800120ad
core   0: 0x000000008000ff08 (0xfc442703) lw      a4, -60(s0)
core   0: 3 0x000000008000ff08 (0xfc442703) x14 0x0000000000000000 mem 0x0000000080031f34
core   0: 0x000000008000ff0c (0x0ff77713) andi    a4, a4, 255
core   0: 3 0x000000008000ff0c (0x0ff77713) x14 0x0000000000000000
core   0: 0x000000008000ff10 (0x00e78023) sb      a4, 0(a5)
core   0: 3 0x000000008000ff10 (0x00e78023) mem 0x00000000800120ac 0x00
core   0: 0x000000008000ff14 (0xfc843703) ld      a4, -56(s0)
core   0: 3 0x000000008000ff14 (0xfc843703) x14 0x0000000080012040 mem 0x0000000080031f38
core   0: 0x000000008000ff18 (0xfb843783) ld      a5, -72(s0)
core   0: 3 0x000000008000ff18 (0xfb843783) x15 0x000000000000009c mem 0x0000000080031f28
core   0: 0x000000008000ff1c (0x000097ba) c.add   a5, a4
core   0: 3 0x000000008000ff1c (0x97ba) x15 0x00000000800120dc
core   0: 0x000000008000ff1e (0xfe043703) ld      a4, -32(s0)
core   0: 3 0x000000008000ff1e (0xfe043703) x14 0x00000000800120ad mem 0x0000000080031f50
core   0: 0x000000008000ff22 (0xfcf76de3) bltu    a4, a5, pc - 38
core   0: 3 0x000000008000ff22 (0xfcf76de3)
core   0: 0x000000008000fefc (0xfe043783) ld      a5, -32(s0)
core   0: 3 0x000000008000fefc (0xfe043783) x15 0x00000000800120ad mem 0x0000000080031f50
core   0: 0x000000008000ff00 (0x00178713) addi    a4, a5, 1
core   0: 3 0x000000008000ff00 (0x00178713) x14 0x00000000800120ae
core   0: 0x000000008000ff04 (0xfee43023) sd      a4, -32(s0)
core   0: 3 0x000000008000ff04 (0xfee43023) mem 0x0000000080031f50 0x00000000800120ae
core   0: 0x000000008000ff08 (0xfc442703) lw      a4, -60(s0)
core   0: 3 0x000000008000ff08 (0xfc442703) x14 0x0000000000000000 mem 0x0000000080031f34
core   0: 0x000000008000ff0c (0x0ff77713) andi    a4, a4, 255
core   0: 3 0x000000008000ff0c (0x0ff77713) x14 0x0000000000000000
core   0: 0x000000008000ff10 (0x00e78023) sb      a4, 0(a5)
core   0: 3 0x000000008000ff10 (0x00e78023) mem 0x00000000800120ad 0x00
core   0: 0x000000008000ff14 (0xfc843703) ld      a4, -56(s0)
core   0: 3 0x000000008000ff14 (0xfc843703) x14 0x0000000080012040 mem 0x0000000080031f38
core   0: 0x000000008000ff18 (0xfb843783) ld      a5, -72(s0)
core   0: 3 0x000000008000ff18 (0xfb843783) x15 0x000000000000009c mem 0x0000000080031f28
core   0: 0x000000008000ff1c (0x000097ba) c.add   a5, a4
core   0: 3 0x000000008000ff1c (0x97ba) x15 0x00000000800120dc
core   0: 0x000000008000ff1e (0xfe043703) ld      a4, -32(s0)
core   0: 3 0x000000008000ff1e (0xfe043703) x14 0x00000000800120ae mem 0x0000000080031f50
core   0: 0x000000008000ff22 (0xfcf76de3) bltu    a4, a5, pc - 38
core   0: 3 0x000000008000ff22 (0xfcf76de3)
core   0: 0x000000008000fefc (0xfe043783) ld      a5, -32(s0)
core   0: 3 0x000000008000fefc (0xfe043783) x15 0x00000000800120ae mem 0x0000000080031f50
core   0: 0x000000008000ff00 (0x00178713) addi    a4, a5, 1
core   0: 3 0x000000008000ff00 (0x00178713) x14 0x00000000800120af
core   0: 0x000000008000ff04 (0xfee43023) sd      a4, -32(s0)
core   0: 3 0x000000008000ff04 (0xfee43023) mem 0x0000000080031f50 0x00000000800120af
core   0: 0x000000008000ff08 (0xfc442703) lw      a4, -60(s0)
core   0: 3 0x000000008000ff08 (0xfc442703) x14 0x0000000000000000 mem 0x0000000080031f34
core   0: 0x000000008000ff0c (0x0ff77713) andi    a4, a4, 255
core   0: 3 0x000000008000ff0c (0x0ff77713) x14 0x0000000000000000
core   0: 0x000000008000ff10 (0x00e78023) sb      a4, 0(a5)
core   0: 3 0x000000008000ff10 (0x00e78023) mem 0x00000000800120ae 0x00
core   0: 0x000000008000ff14 (0xfc843703) ld      a4, -56(s0)
core   0: 3 0x000000008000ff14 (0xfc843703) x14 0x0000000080012040 mem 0x0000000080031f38
core   0: 0x000000008000ff18 (0xfb843783) ld      a5, -72(s0)
core   0: 3 0x000000008000ff18 (0xfb843783) x15 0x000000000000009c mem 0x0000000080031f28
core   0: 0x000000008000ff1c (0x000097ba) c.add   a5, a4
core   0: 3 0x000000008000ff1c (0x97ba) x15 0x00000000800120dc
core   0: 0x000000008000ff1e (0xfe043703) ld      a4, -32(s0)
core   0: 3 0x000000008000ff1e (0xfe043703) x14 0x00000000800120af mem 0x0000000080031f50
core   0: 0x000000008000ff22 (0xfcf76de3) bltu    a4, a5, pc - 38
core   0: 3 0x000000008000ff22 (0xfcf76de3)
core   0: 0x000000008000fefc (0xfe043783) ld      a5, -32(s0)
core   0: 3 0x000000008000fefc (0xfe043783) x15 0x00000000800120af mem 0x0000000080031f50
core   0: 0x000000008000ff00 (0x00178713) addi    a4, a5, 1
core   0: 3 0x000000008000ff00 (0x00178713) x14 0x00000000800120b0
core   0: 0x000000008000ff04 (0xfee43023) sd      a4, -32(s0)
core   0: 3 0x000000008000ff04 (0xfee43023) mem 0x0000000080031f50 0x00000000800120b0
core   0: 0x000000008000ff08 (0xfc442703) lw      a4, -60(s0)
core   0: 3 0x000000008000ff08 (0xfc442703) x14 0x0000000000000000 mem 0x0000000080031f34
core   0: 0x000000008000ff0c (0x0ff77713) andi    a4, a4, 255
core   0: 3 0x000000008000ff0c (0x0ff77713) x14 0x0000000000000000
core   0: 0x000000008000ff10 (0x00e78023) sb      a4, 0(a5)
core   0: 3 0x000000008000ff10 (0x00e78023) mem 0x00000000800120af 0x00
core   0: 0x000000008000ff14 (0xfc843703) ld      a4, -56(s0)
core   0: 3 0x000000008000ff14 (0xfc843703) x14 0x0000000080012040 mem 0x0000000080031f38
core   0: 0x000000008000ff18 (0xfb843783) ld      a5, -72(s0)
core   0: 3 0x000000008000ff18 (0xfb843783) x15 0x000000000000009c mem 0x0000000080031f28
core   0: 0x000000008000ff1c (0x000097ba) c.add   a5, a4
core   0: 3 0x000000008000ff1c (0x97ba) x15 0x00000000800120dc
core   0: 0x000000008000ff1e (0xfe043703) ld      a4, -32(s0)
core   0: 3 0x000000008000ff1e (0xfe043703) x14 0x00000000800120b0 mem 0x0000000080031f50
core   0: 0x000000008000ff22 (0xfcf76de3) bltu    a4, a5, pc - 38
core   0: 3 0x000000008000ff22 (0xfcf76de3)
core   0: 0x000000008000fefc (0xfe043783) ld      a5, -32(s0)
core   0: 3 0x000000008000fefc (0xfe043783) x15 0x00000000800120b0 mem 0x0000000080031f50
core   0: 0x000000008000ff00 (0x00178713) addi    a4, a5, 1
core   0: 3 0x000000008000ff00 (0x00178713) x14 0x00000000800120b1
core   0: 0x000000008000ff04 (0xfee43023) sd      a4, -32(s0)
core   0: 3 0x000000008000ff04 (0xfee43023) mem 0x0000000080031f50 0x00000000800120b1
core   0: 0x000000008000ff08 (0xfc442703) lw      a4, -60(s0)
core   0: 3 0x000000008000ff08 (0xfc442703) x14 0x0000000000000000 mem 0x0000000080031f34
core   0: 0x000000008000ff0c (0x0ff77713) andi    a4, a4, 255
core   0: 3 0x000000008000ff0c (0x0ff77713) x14 0x0000000000000000
core   0: 0x000000008000ff10 (0x00e78023) sb      a4, 0(a5)
core   0: 3 0x000000008000ff10 (0x00e78023) mem 0x00000000800120b0 0x00
core   0: 0x000000008000ff14 (0xfc843703) ld      a4, -56(s0)
core   0: 3 0x000000008000ff14 (0xfc843703) x14 0x0000000080012040 mem 0x0000000080031f38
core   0: 0x000000008000ff18 (0xfb843783) ld      a5, -72(s0)
core   0: 3 0x000000008000ff18 (0xfb843783) x15 0x000000000000009c mem 0x0000000080031f28
core   0: 0x000000008000ff1c (0x000097ba) c.add   a5, a4
core   0: 3 0x000000008000ff1c (0x97ba) x15 0x00000000800120dc
core   0: 0x000000008000ff1e (0xfe043703) ld      a4, -32(s0)
core   0: 3 0x000000008000ff1e (0xfe043703) x14 0x00000000800120b1 mem 0x0000000080031f50
core   0: 0x000000008000ff22 (0xfcf76de3) bltu    a4, a5, pc - 38
core   0: 3 0x000000008000ff22 (0xfcf76de3)
core   0: 0x000000008000fefc (0xfe043783) ld      a5, -32(s0)
core   0: 3 0x000000008000fefc (0xfe043783) x15 0x00000000800120b1 mem 0x0000000080031f50
core   0: 0x000000008000ff00 (0x00178713) addi    a4, a5, 1
core   0: 3 0x000000008000ff00 (0x00178713) x14 0x00000000800120b2
core   0: 0x000000008000ff04 (0xfee43023) sd      a4, -32(s0)
core   0: 3 0x000000008000ff04 (0xfee43023) mem 0x0000000080031f50 0x00000000800120b2
core   0: 0x000000008000ff08 (0xfc442703) lw      a4, -60(s0)
core   0: 3 0x000000008000ff08 (0xfc442703) x14 0x0000000000000000 mem 0x0000000080031f34
core   0: 0x000000008000ff0c (0x0ff77713) andi    a4, a4, 255
core   0: 3 0x000000008000ff0c (0x0ff77713) x14 0x0000000000000000
core   0: 0x000000008000ff10 (0x00e78023) sb      a4, 0(a5)
core   0: 3 0x000000008000ff10 (0x00e78023) mem 0x00000000800120b1 0x00
core   0: 0x000000008000ff14 (0xfc843703) ld      a4, -56(s0)
core   0: 3 0x000000008000ff14 (0xfc843703) x14 0x0000000080012040 mem 0x0000000080031f38
core   0: 0x000000008000ff18 (0xfb843783) ld      a5, -72(s0)
core   0: 3 0x000000008000ff18 (0xfb843783) x15 0x000000000000009c mem 0x0000000080031f28
core   0: 0x000000008000ff1c (0x000097ba) c.add   a5, a4
core   0: 3 0x000000008000ff1c (0x97ba) x15 0x00000000800120dc
core   0: 0x000000008000ff1e (0xfe043703) ld      a4, -32(s0)
core   0: 3 0x000000008000ff1e (0xfe043703) x14 0x00000000800120b2 mem 0x0000000080031f50
core   0: 0x000000008000ff22 (0xfcf76de3) bltu    a4, a5, pc - 38
core   0: 3 0x000000008000ff22 (0xfcf76de3)
core   0: 0x000000008000fefc (0xfe043783) ld      a5, -32(s0)
core   0: 3 0x000000008000fefc (0xfe043783) x15 0x00000000800120b2 mem 0x0000000080031f50
core   0: 0x000000008000ff00 (0x00178713) addi    a4, a5, 1
core   0: 3 0x000000008000ff00 (0x00178713) x14 0x00000000800120b3
core   0: 0x000000008000ff04 (0xfee43023) sd      a4, -32(s0)
core   0: 3 0x000000008000ff04 (0xfee43023) mem 0x0000000080031f50 0x00000000800120b3
core   0: 0x000000008000ff08 (0xfc442703) lw      a4, -60(s0)
core   0: 3 0x000000008000ff08 (0xfc442703) x14 0x0000000000000000 mem 0x0000000080031f34
core   0: 0x000000008000ff0c (0x0ff77713) andi    a4, a4, 255
core   0: 3 0x000000008000ff0c (0x0ff77713) x14 0x0000000000000000
core   0: 0x000000008000ff10 (0x00e78023) sb      a4, 0(a5)
core   0: 3 0x000000008000ff10 (0x00e78023) mem 0x00000000800120b2 0x00
core   0: 0x000000008000ff14 (0xfc843703) ld      a4, -56(s0)
core   0: 3 0x000000008000ff14 (0xfc843703) x14 0x0000000080012040 mem 0x0000000080031f38
core   0: 0x000000008000ff18 (0xfb843783) ld      a5, -72(s0)
core   0: 3 0x000000008000ff18 (0xfb843783) x15 0x000000000000009c mem 0x0000000080031f28
core   0: 0x000000008000ff1c (0x000097ba) c.add   a5, a4
core   0: 3 0x000000008000ff1c (0x97ba) x15 0x00000000800120dc
core   0: 0x000000008000ff1e (0xfe043703) ld      a4, -32(s0)
core   0: 3 0x000000008000ff1e (0xfe043703) x14 0x00000000800120b3 mem 0x0000000080031f50
core   0: 0x000000008000ff22 (0xfcf76de3) bltu    a4, a5, pc - 38
core   0: 3 0x000000008000ff22 (0xfcf76de3)
core   0: 0x000000008000fefc (0xfe043783) ld      a5, -32(s0)
core   0: 3 0x000000008000fefc (0xfe043783) x15 0x00000000800120b3 mem 0x0000000080031f50
core   0: 0x000000008000ff00 (0x00178713) addi    a4, a5, 1
core   0: 3 0x000000008000ff00 (0x00178713) x14 0x00000000800120b4
core   0: 0x000000008000ff04 (0xfee43023) sd      a4, -32(s0)
core   0: 3 0x000000008000ff04 (0xfee43023) mem 0x0000000080031f50 0x00000000800120b4
core   0: 0x000000008000ff08 (0xfc442703) lw      a4, -60(s0)
core   0: 3 0x000000008000ff08 (0xfc442703) x14 0x0000000000000000 mem 0x0000000080031f34
core   0: 0x000000008000ff0c (0x0ff77713) andi    a4, a4, 255
core   0: 3 0x000000008000ff0c (0x0ff77713) x14 0x0000000000000000
core   0: 0x000000008000ff10 (0x00e78023) sb      a4, 0(a5)
core   0: 3 0x000000008000ff10 (0x00e78023) mem 0x00000000800120b3 0x00
core   0: 0x000000008000ff14 (0xfc843703) ld      a4, -56(s0)
core   0: 3 0x000000008000ff14 (0xfc843703) x14 0x0000000080012040 mem 0x0000000080031f38
core   0: 0x000000008000ff18 (0xfb843783) ld      a5, -72(s0)
core   0: 3 0x000000008000ff18 (0xfb843783) x15 0x000000000000009c mem 0x0000000080031f28
core   0: 0x000000008000ff1c (0x000097ba) c.add   a5, a4
core   0: 3 0x000000008000ff1c (0x97ba) x15 0x00000000800120dc
core   0: 0x000000008000ff1e (0xfe043703) ld      a4, -32(s0)
core   0: 3 0x000000008000ff1e (0xfe043703) x14 0x00000000800120b4 mem 0x0000000080031f50
core   0: 0x000000008000ff22 (0xfcf76de3) bltu    a4, a5, pc - 38
core   0: 3 0x000000008000ff22 (0xfcf76de3)
core   0: 0x000000008000fefc (0xfe043783) ld      a5, -32(s0)
core   0: 3 0x000000008000fefc (0xfe043783) x15 0x00000000800120b4 mem 0x0000000080031f50
core   0: 0x000000008000ff00 (0x00178713) addi    a4, a5, 1
core   0: 3 0x000000008000ff00 (0x00178713) x14 0x00000000800120b5
core   0: 0x000000008000ff04 (0xfee43023) sd      a4, -32(s0)
core   0: 3 0x000000008000ff04 (0xfee43023) mem 0x0000000080031f50 0x00000000800120b5
core   0: 0x000000008000ff08 (0xfc442703) lw      a4, -60(s0)
core   0: 3 0x000000008000ff08 (0xfc442703) x14 0x0000000000000000 mem 0x0000000080031f34
core   0: 0x000000008000ff0c (0x0ff77713) andi    a4, a4, 255
core   0: 3 0x000000008000ff0c (0x0ff77713) x14 0x0000000000000000
core   0: 0x000000008000ff10 (0x00e78023) sb      a4, 0(a5)
core   0: 3 0x000000008000ff10 (0x00e78023) mem 0x00000000800120b4 0x00
core   0: 0x000000008000ff14 (0xfc843703) ld      a4, -56(s0)
core   0: 3 0x000000008000ff14 (0xfc843703) x14 0x0000000080012040 mem 0x0000000080031f38
core   0: 0x000000008000ff18 (0xfb843783) ld      a5, -72(s0)
core   0: 3 0x000000008000ff18 (0xfb843783) x15 0x000000000000009c mem 0x0000000080031f28
core   0: 0x000000008000ff1c (0x000097ba) c.add   a5, a4
core   0: 3 0x000000008000ff1c (0x97ba) x15 0x00000000800120dc
core   0: 0x000000008000ff1e (0xfe043703) ld      a4, -32(s0)
core   0: 3 0x000000008000ff1e (0xfe043703) x14 0x00000000800120b5 mem 0x0000000080031f50
core   0: 0x000000008000ff22 (0xfcf76de3) bltu    a4, a5, pc - 38
core   0: 3 0x000000008000ff22 (0xfcf76de3)
core   0: 0x000000008000fefc (0xfe043783) ld      a5, -32(s0)
core   0: 3 0x000000008000fefc (0xfe043783) x15 0x00000000800120b5 mem 0x0000000080031f50
core   0: 0x000000008000ff00 (0x00178713) addi    a4, a5, 1
core   0: 3 0x000000008000ff00 (0x00178713) x14 0x00000000800120b6
core   0: 0x000000008000ff04 (0xfee43023) sd      a4, -32(s0)
core   0: 3 0x000000008000ff04 (0xfee43023) mem 0x0000000080031f50 0x00000000800120b6
core   0: 0x000000008000ff08 (0xfc442703) lw      a4, -60(s0)
core   0: 3 0x000000008000ff08 (0xfc442703) x14 0x0000000000000000 mem 0x0000000080031f34
core   0: 0x000000008000ff0c (0x0ff77713) andi    a4, a4, 255
core   0: 3 0x000000008000ff0c (0x0ff77713) x14 0x0000000000000000
core   0: 0x000000008000ff10 (0x00e78023) sb      a4, 0(a5)
core   0: 3 0x000000008000ff10 (0x00e78023) mem 0x00000000800120b5 0x00
core   0: 0x000000008000ff14 (0xfc843703) ld      a4, -56(s0)
core   0: 3 0x000000008000ff14 (0xfc843703) x14 0x0000000080012040 mem 0x0000000080031f38
core   0: 0x000000008000ff18 (0xfb843783) ld      a5, -72(s0)
core   0: 3 0x000000008000ff18 (0xfb843783) x15 0x000000000000009c mem 0x0000000080031f28
core   0: 0x000000008000ff1c (0x000097ba) c.add   a5, a4
core   0: 3 0x000000008000ff1c (0x97ba) x15 0x00000000800120dc
core   0: 0x000000008000ff1e (0xfe043703) ld      a4, -32(s0)
core   0: 3 0x000000008000ff1e (0xfe043703) x14 0x00000000800120b6 mem 0x0000000080031f50
core   0: 0x000000008000ff22 (0xfcf76de3) bltu    a4, a5, pc - 38
core   0: 3 0x000000008000ff22 (0xfcf76de3)
core   0: 0x000000008000fefc (0xfe043783) ld      a5, -32(s0)
core   0: 3 0x000000008000fefc (0xfe043783) x15 0x00000000800120b6 mem 0x0000000080031f50
core   0: 0x000000008000ff00 (0x00178713) addi    a4, a5, 1
core   0: 3 0x000000008000ff00 (0x00178713) x14 0x00000000800120b7
core   0: 0x000000008000ff04 (0xfee43023) sd      a4, -32(s0)
core   0: 3 0x000000008000ff04 (0xfee43023) mem 0x0000000080031f50 0x00000000800120b7
core   0: 0x000000008000ff08 (0xfc442703) lw      a4, -60(s0)
core   0: 3 0x000000008000ff08 (0xfc442703) x14 0x0000000000000000 mem 0x0000000080031f34
core   0: 0x000000008000ff0c (0x0ff77713) andi    a4, a4, 255
core   0: 3 0x000000008000ff0c (0x0ff77713) x14 0x0000000000000000
core   0: 0x000000008000ff10 (0x00e78023) sb      a4, 0(a5)
core   0: 3 0x000000008000ff10 (0x00e78023) mem 0x00000000800120b6 0x00
core   0: 0x000000008000ff14 (0xfc843703) ld      a4, -56(s0)
core   0: 3 0x000000008000ff14 (0xfc843703) x14 0x0000000080012040 mem 0x0000000080031f38
core   0: 0x000000008000ff18 (0xfb843783) ld      a5, -72(s0)
core   0: 3 0x000000008000ff18 (0xfb843783) x15 0x000000000000009c mem 0x0000000080031f28
core   0: 0x000000008000ff1c (0x000097ba) c.add   a5, a4
core   0: 3 0x000000008000ff1c (0x97ba) x15 0x00000000800120dc
core   0: 0x000000008000ff1e (0xfe043703) ld      a4, -32(s0)
core   0: 3 0x000000008000ff1e (0xfe043703) x14 0x00000000800120b7 mem 0x0000000080031f50
core   0: 0x000000008000ff22 (0xfcf76de3) bltu    a4, a5, pc - 38
core   0: 3 0x000000008000ff22 (0xfcf76de3)
core   0: 0x000000008000fefc (0xfe043783) ld      a5, -32(s0)
core   0: 3 0x000000008000fefc (0xfe043783) x15 0x00000000800120b7 mem 0x0000000080031f50
core   0: 0x000000008000ff00 (0x00178713) addi    a4, a5, 1
core   0: 3 0x000000008000ff00 (0x00178713) x14 0x00000000800120b8
core   0: 0x000000008000ff04 (0xfee43023) sd      a4, -32(s0)
core   0: 3 0x000000008000ff04 (0xfee43023) mem 0x0000000080031f50 0x00000000800120b8
core   0: 0x000000008000ff08 (0xfc442703) lw      a4, -60(s0)
core   0: 3 0x000000008000ff08 (0xfc442703) x14 0x0000000000000000 mem 0x0000000080031f34
core   0: 0x000000008000ff0c (0x0ff77713) andi    a4, a4, 255
core   0: 3 0x000000008000ff0c (0x0ff77713) x14 0x0000000000000000
core   0: 0x000000008000ff10 (0x00e78023) sb      a4, 0(a5)
core   0: 3 0x000000008000ff10 (0x00e78023) mem 0x00000000800120b7 0x00
core   0: 0x000000008000ff14 (0xfc843703) ld      a4, -56(s0)
core   0: 3 0x000000008000ff14 (0xfc843703) x14 0x0000000080012040 mem 0x0000000080031f38
core   0: 0x000000008000ff18 (0xfb843783) ld      a5, -72(s0)
core   0: 3 0x000000008000ff18 (0xfb843783) x15 0x000000000000009c mem 0x0000000080031f28
core   0: 0x000000008000ff1c (0x000097ba) c.add   a5, a4
core   0: 3 0x000000008000ff1c (0x97ba) x15 0x00000000800120dc
core   0: 0x000000008000ff1e (0xfe043703) ld      a4, -32(s0)
core   0: 3 0x000000008000ff1e (0xfe043703) x14 0x00000000800120b8 mem 0x0000000080031f50
core   0: 0x000000008000ff22 (0xfcf76de3) bltu    a4, a5, pc - 38
core   0: 3 0x000000008000ff22 (0xfcf76de3)
core   0: 0x000000008000fefc (0xfe043783) ld      a5, -32(s0)
core   0: 3 0x000000008000fefc (0xfe043783) x15 0x00000000800120b8 mem 0x0000000080031f50
core   0: 0x000000008000ff00 (0x00178713) addi    a4, a5, 1
core   0: 3 0x000000008000ff00 (0x00178713) x14 0x00000000800120b9
core   0: 0x000000008000ff04 (0xfee43023) sd      a4, -32(s0)
core   0: 3 0x000000008000ff04 (0xfee43023) mem 0x0000000080031f50 0x00000000800120b9
core   0: 0x000000008000ff08 (0xfc442703) lw      a4, -60(s0)
core   0: 3 0x000000008000ff08 (0xfc442703) x14 0x0000000000000000 mem 0x0000000080031f34
core   0: 0x000000008000ff0c (0x0ff77713) andi    a4, a4, 255
core   0: 3 0x000000008000ff0c (0x0ff77713) x14 0x0000000000000000
core   0: 0x000000008000ff10 (0x00e78023) sb      a4, 0(a5)
core   0: 3 0x000000008000ff10 (0x00e78023) mem 0x00000000800120b8 0x00
core   0: 0x000000008000ff14 (0xfc843703) ld      a4, -56(s0)
core   0: 3 0x000000008000ff14 (0xfc843703) x14 0x0000000080012040 mem 0x0000000080031f38
core   0: 0x000000008000ff18 (0xfb843783) ld      a5, -72(s0)
core   0: 3 0x000000008000ff18 (0xfb843783) x15 0x000000000000009c mem 0x0000000080031f28
core   0: 0x000000008000ff1c (0x000097ba) c.add   a5, a4
core   0: 3 0x000000008000ff1c (0x97ba) x15 0x00000000800120dc
core   0: 0x000000008000ff1e (0xfe043703) ld      a4, -32(s0)
core   0: 3 0x000000008000ff1e (0xfe043703) x14 0x00000000800120b9 mem 0x0000000080031f50
core   0: 0x000000008000ff22 (0xfcf76de3) bltu    a4, a5, pc - 38
core   0: 3 0x000000008000ff22 (0xfcf76de3)
core   0: 0x000000008000fefc (0xfe043783) ld      a5, -32(s0)
core   0: 3 0x000000008000fefc (0xfe043783) x15 0x00000000800120b9 mem 0x0000000080031f50
core   0: 0x000000008000ff00 (0x00178713) addi    a4, a5, 1
core   0: 3 0x000000008000ff00 (0x00178713) x14 0x00000000800120ba
core   0: 0x000000008000ff04 (0xfee43023) sd      a4, -32(s0)
core   0: 3 0x000000008000ff04 (0xfee43023) mem 0x0000000080031f50 0x00000000800120ba
core   0: 0x000000008000ff08 (0xfc442703) lw      a4, -60(s0)
core   0: 3 0x000000008000ff08 (0xfc442703) x14 0x0000000000000000 mem 0x0000000080031f34
core   0: 0x000000008000ff0c (0x0ff77713) andi    a4, a4, 255
core   0: 3 0x000000008000ff0c (0x0ff77713) x14 0x0000000000000000
core   0: 0x000000008000ff10 (0x00e78023) sb      a4, 0(a5)
core   0: 3 0x000000008000ff10 (0x00e78023) mem 0x00000000800120b9 0x00
core   0: 0x000000008000ff14 (0xfc843703) ld      a4, -56(s0)
core   0: 3 0x000000008000ff14 (0xfc843703) x14 0x0000000080012040 mem 0x0000000080031f38
core   0: 0x000000008000ff18 (0xfb843783) ld      a5, -72(s0)
core   0: 3 0x000000008000ff18 (0xfb843783) x15 0x000000000000009c mem 0x0000000080031f28
core   0: 0x000000008000ff1c (0x000097ba) c.add   a5, a4
core   0: 3 0x000000008000ff1c (0x97ba) x15 0x00000000800120dc
core   0: 0x000000008000ff1e (0xfe043703) ld      a4, -32(s0)
core   0: 3 0x000000008000ff1e (0xfe043703) x14 0x00000000800120ba mem 0x0000000080031f50
core   0: 0x000000008000ff22 (0xfcf76de3) bltu    a4, a5, pc - 38
core   0: 3 0x000000008000ff22 (0xfcf76de3)
core   0: 0x000000008000fefc (0xfe043783) ld      a5, -32(s0)
core   0: 3 0x000000008000fefc (0xfe043783) x15 0x00000000800120ba mem 0x0000000080031f50
core   0: 0x000000008000ff00 (0x00178713) addi    a4, a5, 1
core   0: 3 0x000000008000ff00 (0x00178713) x14 0x00000000800120bb
core   0: 0x000000008000ff04 (0xfee43023) sd      a4, -32(s0)
core   0: 3 0x000000008000ff04 (0xfee43023) mem 0x0000000080031f50 0x00000000800120bb
core   0: 0x000000008000ff08 (0xfc442703) lw      a4, -60(s0)
core   0: 3 0x000000008000ff08 (0xfc442703) x14 0x0000000000000000 mem 0x0000000080031f34
core   0: 0x000000008000ff0c (0x0ff77713) andi    a4, a4, 255
core   0: 3 0x000000008000ff0c (0x0ff77713) x14 0x0000000000000000
core   0: 0x000000008000ff10 (0x00e78023) sb      a4, 0(a5)
core   0: 3 0x000000008000ff10 (0x00e78023) mem 0x00000000800120ba 0x00
core   0: 0x000000008000ff14 (0xfc843703) ld      a4, -56(s0)
core   0: 3 0x000000008000ff14 (0xfc843703) x14 0x0000000080012040 mem 0x0000000080031f38
core   0: 0x000000008000ff18 (0xfb843783) ld      a5, -72(s0)
core   0: 3 0x000000008000ff18 (0xfb843783) x15 0x000000000000009c mem 0x0000000080031f28
core   0: 0x000000008000ff1c (0x000097ba) c.add   a5, a4
core   0: 3 0x000000008000ff1c (0x97ba) x15 0x00000000800120dc
core   0: 0x000000008000ff1e (0xfe043703) ld      a4, -32(s0)
core   0: 3 0x000000008000ff1e (0xfe043703) x14 0x00000000800120bb mem 0x0000000080031f50
core   0: 0x000000008000ff22 (0xfcf76de3) bltu    a4, a5, pc - 38
core   0: 3 0x000000008000ff22 (0xfcf76de3)
core   0: 0x000000008000fefc (0xfe043783) ld      a5, -32(s0)
core   0: 3 0x000000008000fefc (0xfe043783) x15 0x00000000800120bb mem 0x0000000080031f50
core   0: 0x000000008000ff00 (0x00178713) addi    a4, a5, 1
core   0: 3 0x000000008000ff00 (0x00178713) x14 0x00000000800120bc
core   0: 0x000000008000ff04 (0xfee43023) sd      a4, -32(s0)
core   0: 3 0x000000008000ff04 (0xfee43023) mem 0x0000000080031f50 0x00000000800120bc
core   0: 0x000000008000ff08 (0xfc442703) lw      a4, -60(s0)
core   0: 3 0x000000008000ff08 (0xfc442703) x14 0x0000000000000000 mem 0x0000000080031f34
core   0: 0x000000008000ff0c (0x0ff77713) andi    a4, a4, 255
core   0: 3 0x000000008000ff0c (0x0ff77713) x14 0x0000000000000000
core   0: 0x000000008000ff10 (0x00e78023) sb      a4, 0(a5)
core   0: 3 0x000000008000ff10 (0x00e78023) mem 0x00000000800120bb 0x00
core   0: 0x000000008000ff14 (0xfc843703) ld      a4, -56(s0)
core   0: 3 0x000000008000ff14 (0xfc843703) x14 0x0000000080012040 mem 0x0000000080031f38
core   0: 0x000000008000ff18 (0xfb843783) ld      a5, -72(s0)
core   0: 3 0x000000008000ff18 (0xfb843783) x15 0x000000000000009c mem 0x0000000080031f28
core   0: 0x000000008000ff1c (0x000097ba) c.add   a5, a4
core   0: 3 0x000000008000ff1c (0x97ba) x15 0x00000000800120dc
core   0: 0x000000008000ff1e (0xfe043703) ld      a4, -32(s0)
core   0: 3 0x000000008000ff1e (0xfe043703) x14 0x00000000800120bc mem 0x0000000080031f50
core   0: 0x000000008000ff22 (0xfcf76de3) bltu    a4, a5, pc - 38
core   0: 3 0x000000008000ff22 (0xfcf76de3)
core   0: 0x000000008000fefc (0xfe043783) ld      a5, -32(s0)
core   0: 3 0x000000008000fefc (0xfe043783) x15 0x00000000800120bc mem 0x0000000080031f50
core   0: 0x000000008000ff00 (0x00178713) addi    a4, a5, 1
core   0: 3 0x000000008000ff00 (0x00178713) x14 0x00000000800120bd
core   0: 0x000000008000ff04 (0xfee43023) sd      a4, -32(s0)
core   0: 3 0x000000008000ff04 (0xfee43023) mem 0x0000000080031f50 0x00000000800120bd
core   0: 0x000000008000ff08 (0xfc442703) lw      a4, -60(s0)
core   0: 3 0x000000008000ff08 (0xfc442703) x14 0x0000000000000000 mem 0x0000000080031f34
core   0: 0x000000008000ff0c (0x0ff77713) andi    a4, a4, 255
core   0: 3 0x000000008000ff0c (0x0ff77713) x14 0x0000000000000000
core   0: 0x000000008000ff10 (0x00e78023) sb      a4, 0(a5)
core   0: 3 0x000000008000ff10 (0x00e78023) mem 0x00000000800120bc 0x00
core   0: 0x000000008000ff14 (0xfc843703) ld      a4, -56(s0)
core   0: 3 0x000000008000ff14 (0xfc843703) x14 0x0000000080012040 mem 0x0000000080031f38
core   0: 0x000000008000ff18 (0xfb843783) ld      a5, -72(s0)
core   0: 3 0x000000008000ff18 (0xfb843783) x15 0x000000000000009c mem 0x0000000080031f28
core   0: 0x000000008000ff1c (0x000097ba) c.add   a5, a4
core   0: 3 0x000000008000ff1c (0x97ba) x15 0x00000000800120dc
core   0: 0x000000008000ff1e (0xfe043703) ld      a4, -32(s0)
core   0: 3 0x000000008000ff1e (0xfe043703) x14 0x00000000800120bd mem 0x0000000080031f50
core   0: 0x000000008000ff22 (0xfcf76de3) bltu    a4, a5, pc - 38
core   0: 3 0x000000008000ff22 (0xfcf76de3)
core   0: 0x000000008000fefc (0xfe043783) ld      a5, -32(s0)
core   0: 3 0x000000008000fefc (0xfe043783) x15 0x00000000800120bd mem 0x0000000080031f50
core   0: 0x000000008000ff00 (0x00178713) addi    a4, a5, 1
core   0: 3 0x000000008000ff00 (0x00178713) x14 0x00000000800120be
core   0: 0x000000008000ff04 (0xfee43023) sd      a4, -32(s0)
core   0: 3 0x000000008000ff04 (0xfee43023) mem 0x0000000080031f50 0x00000000800120be
core   0: 0x000000008000ff08 (0xfc442703) lw      a4, -60(s0)
core   0: 3 0x000000008000ff08 (0xfc442703) x14 0x0000000000000000 mem 0x0000000080031f34
core   0: 0x000000008000ff0c (0x0ff77713) andi    a4, a4, 255
core   0: 3 0x000000008000ff0c (0x0ff77713) x14 0x0000000000000000
core   0: 0x000000008000ff10 (0x00e78023) sb      a4, 0(a5)
core   0: 3 0x000000008000ff10 (0x00e78023) mem 0x00000000800120bd 0x00
core   0: 0x000000008000ff14 (0xfc843703) ld      a4, -56(s0)
core   0: 3 0x000000008000ff14 (0xfc843703) x14 0x0000000080012040 mem 0x0000000080031f38
core   0: 0x000000008000ff18 (0xfb843783) ld      a5, -72(s0)
core   0: 3 0x000000008000ff18 (0xfb843783) x15 0x000000000000009c mem 0x0000000080031f28
core   0: 0x000000008000ff1c (0x000097ba) c.add   a5, a4
core   0: 3 0x000000008000ff1c (0x97ba) x15 0x00000000800120dc
core   0: 0x000000008000ff1e (0xfe043703) ld      a4, -32(s0)
core   0: 3 0x000000008000ff1e (0xfe043703) x14 0x00000000800120be mem 0x0000000080031f50
core   0: 0x000000008000ff22 (0xfcf76de3) bltu    a4, a5, pc - 38
core   0: 3 0x000000008000ff22 (0xfcf76de3)
core   0: 0x000000008000fefc (0xfe043783) ld      a5, -32(s0)
core   0: 3 0x000000008000fefc (0xfe043783) x15 0x00000000800120be mem 0x0000000080031f50
core   0: 0x000000008000ff00 (0x00178713) addi    a4, a5, 1
core   0: 3 0x000000008000ff00 (0x00178713) x14 0x00000000800120bf
core   0: 0x000000008000ff04 (0xfee43023) sd      a4, -32(s0)
core   0: 3 0x000000008000ff04 (0xfee43023) mem 0x0000000080031f50 0x00000000800120bf
core   0: 0x000000008000ff08 (0xfc442703) lw      a4, -60(s0)
core   0: 3 0x000000008000ff08 (0xfc442703) x14 0x0000000000000000 mem 0x0000000080031f34
core   0: 0x000000008000ff0c (0x0ff77713) andi    a4, a4, 255
core   0: 3 0x000000008000ff0c (0x0ff77713) x14 0x0000000000000000
core   0: 0x000000008000ff10 (0x00e78023) sb      a4, 0(a5)
core   0: 3 0x000000008000ff10 (0x00e78023) mem 0x00000000800120be 0x00
core   0: 0x000000008000ff14 (0xfc843703) ld      a4, -56(s0)
core   0: 3 0x000000008000ff14 (0xfc843703) x14 0x0000000080012040 mem 0x0000000080031f38
core   0: 0x000000008000ff18 (0xfb843783) ld      a5, -72(s0)
core   0: 3 0x000000008000ff18 (0xfb843783) x15 0x000000000000009c mem 0x0000000080031f28
core   0: 0x000000008000ff1c (0x000097ba) c.add   a5, a4
core   0: 3 0x000000008000ff1c (0x97ba) x15 0x00000000800120dc
core   0: 0x000000008000ff1e (0xfe043703) ld      a4, -32(s0)
core   0: 3 0x000000008000ff1e (0xfe043703) x14 0x00000000800120bf mem 0x0000000080031f50
core   0: 0x000000008000ff22 (0xfcf76de3) bltu    a4, a5, pc - 38
core   0: 3 0x000000008000ff22 (0xfcf76de3)
core   0: 0x000000008000fefc (0xfe043783) ld      a5, -32(s0)
core   0: 3 0x000000008000fefc (0xfe043783) x15 0x00000000800120bf mem 0x0000000080031f50
core   0: 0x000000008000ff00 (0x00178713) addi    a4, a5, 1
core   0: 3 0x000000008000ff00 (0x00178713) x14 0x00000000800120c0
core   0: 0x000000008000ff04 (0xfee43023) sd      a4, -32(s0)
core   0: 3 0x000000008000ff04 (0xfee43023) mem 0x0000000080031f50 0x00000000800120c0
core   0: 0x000000008000ff08 (0xfc442703) lw      a4, -60(s0)
core   0: 3 0x000000008000ff08 (0xfc442703) x14 0x0000000000000000 mem 0x0000000080031f34
core   0: 0x000000008000ff0c (0x0ff77713) andi    a4, a4, 255
core   0: 3 0x000000008000ff0c (0x0ff77713) x14 0x0000000000000000
core   0: 0x000000008000ff10 (0x00e78023) sb      a4, 0(a5)
core   0: 3 0x000000008000ff10 (0x00e78023) mem 0x00000000800120bf 0x00
core   0: 0x000000008000ff14 (0xfc843703) ld      a4, -56(s0)
core   0: 3 0x000000008000ff14 (0xfc843703) x14 0x0000000080012040 mem 0x0000000080031f38
core   0: 0x000000008000ff18 (0xfb843783) ld      a5, -72(s0)
core   0: 3 0x000000008000ff18 (0xfb843783) x15 0x000000000000009c mem 0x0000000080031f28
core   0: 0x000000008000ff1c (0x000097ba) c.add   a5, a4
core   0: 3 0x000000008000ff1c (0x97ba) x15 0x00000000800120dc
core   0: 0x000000008000ff1e (0xfe043703) ld      a4, -32(s0)
core   0: 3 0x000000008000ff1e (0xfe043703) x14 0x00000000800120c0 mem 0x0000000080031f50
core   0: 0x000000008000ff22 (0xfcf76de3) bltu    a4, a5, pc - 38
core   0: 3 0x000000008000ff22 (0xfcf76de3)
core   0: 0x000000008000fefc (0xfe043783) ld      a5, -32(s0)
core   0: 3 0x000000008000fefc (0xfe043783) x15 0x00000000800120c0 mem 0x0000000080031f50
core   0: 0x000000008000ff00 (0x00178713) addi    a4, a5, 1
core   0: 3 0x000000008000ff00 (0x00178713) x14 0x00000000800120c1
core   0: 0x000000008000ff04 (0xfee43023) sd      a4, -32(s0)
core   0: 3 0x000000008000ff04 (0xfee43023) mem 0x0000000080031f50 0x00000000800120c1
core   0: 0x000000008000ff08 (0xfc442703) lw      a4, -60(s0)
core   0: 3 0x000000008000ff08 (0xfc442703) x14 0x0000000000000000 mem 0x0000000080031f34
core   0: 0x000000008000ff0c (0x0ff77713) andi    a4, a4, 255
core   0: 3 0x000000008000ff0c (0x0ff77713) x14 0x0000000000000000
core   0: 0x000000008000ff10 (0x00e78023) sb      a4, 0(a5)
core   0: 3 0x000000008000ff10 (0x00e78023) mem 0x00000000800120c0 0x00
core   0: 0x000000008000ff14 (0xfc843703) ld      a4, -56(s0)
core   0: 3 0x000000008000ff14 (0xfc843703) x14 0x0000000080012040 mem 0x0000000080031f38
core   0: 0x000000008000ff18 (0xfb843783) ld      a5, -72(s0)
core   0: 3 0x000000008000ff18 (0xfb843783) x15 0x000000000000009c mem 0x0000000080031f28
core   0: 0x000000008000ff1c (0x000097ba) c.add   a5, a4
core   0: 3 0x000000008000ff1c (0x97ba) x15 0x00000000800120dc
core   0: 0x000000008000ff1e (0xfe043703) ld      a4, -32(s0)
core   0: 3 0x000000008000ff1e (0xfe043703) x14 0x00000000800120c1 mem 0x0000000080031f50
core   0: 0x000000008000ff22 (0xfcf76de3) bltu    a4, a5, pc - 38
core   0: 3 0x000000008000ff22 (0xfcf76de3)
core   0: 0x000000008000fefc (0xfe043783) ld      a5, -32(s0)
core   0: 3 0x000000008000fefc (0xfe043783) x15 0x00000000800120c1 mem 0x0000000080031f50
core   0: 0x000000008000ff00 (0x00178713) addi    a4, a5, 1
core   0: 3 0x000000008000ff00 (0x00178713) x14 0x00000000800120c2
core   0: 0x000000008000ff04 (0xfee43023) sd      a4, -32(s0)
core   0: 3 0x000000008000ff04 (0xfee43023) mem 0x0000000080031f50 0x00000000800120c2
core   0: 0x000000008000ff08 (0xfc442703) lw      a4, -60(s0)
core   0: 3 0x000000008000ff08 (0xfc442703) x14 0x0000000000000000 mem 0x0000000080031f34
core   0: 0x000000008000ff0c (0x0ff77713) andi    a4, a4, 255
core   0: 3 0x000000008000ff0c (0x0ff77713) x14 0x0000000000000000
core   0: 0x000000008000ff10 (0x00e78023) sb      a4, 0(a5)
core   0: 3 0x000000008000ff10 (0x00e78023) mem 0x00000000800120c1 0x00
core   0: 0x000000008000ff14 (0xfc843703) ld      a4, -56(s0)
core   0: 3 0x000000008000ff14 (0xfc843703) x14 0x0000000080012040 mem 0x0000000080031f38
core   0: 0x000000008000ff18 (0xfb843783) ld      a5, -72(s0)
core   0: 3 0x000000008000ff18 (0xfb843783) x15 0x000000000000009c mem 0x0000000080031f28
core   0: 0x000000008000ff1c (0x000097ba) c.add   a5, a4
core   0: 3 0x000000008000ff1c (0x97ba) x15 0x00000000800120dc
core   0: 0x000000008000ff1e (0xfe043703) ld      a4, -32(s0)
core   0: 3 0x000000008000ff1e (0xfe043703) x14 0x00000000800120c2 mem 0x0000000080031f50
core   0: 0x000000008000ff22 (0xfcf76de3) bltu    a4, a5, pc - 38
core   0: 3 0x000000008000ff22 (0xfcf76de3)
core   0: 0x000000008000fefc (0xfe043783) ld      a5, -32(s0)
core   0: 3 0x000000008000fefc (0xfe043783) x15 0x00000000800120c2 mem 0x0000000080031f50
core   0: 0x000000008000ff00 (0x00178713) addi    a4, a5, 1
core   0: 3 0x000000008000ff00 (0x00178713) x14 0x00000000800120c3
core   0: 0x000000008000ff04 (0xfee43023) sd      a4, -32(s0)
core   0: 3 0x000000008000ff04 (0xfee43023) mem 0x0000000080031f50 0x00000000800120c3
core   0: 0x000000008000ff08 (0xfc442703) lw      a4, -60(s0)
core   0: 3 0x000000008000ff08 (0xfc442703) x14 0x0000000000000000 mem 0x0000000080031f34
core   0: 0x000000008000ff0c (0x0ff77713) andi    a4, a4, 255
core   0: 3 0x000000008000ff0c (0x0ff77713) x14 0x0000000000000000
core   0: 0x000000008000ff10 (0x00e78023) sb      a4, 0(a5)
core   0: 3 0x000000008000ff10 (0x00e78023) mem 0x00000000800120c2 0x00
core   0: 0x000000008000ff14 (0xfc843703) ld      a4, -56(s0)
core   0: 3 0x000000008000ff14 (0xfc843703) x14 0x0000000080012040 mem 0x0000000080031f38
core   0: 0x000000008000ff18 (0xfb843783) ld      a5, -72(s0)
core   0: 3 0x000000008000ff18 (0xfb843783) x15 0x000000000000009c mem 0x0000000080031f28
core   0: 0x000000008000ff1c (0x000097ba) c.add   a5, a4
core   0: 3 0x000000008000ff1c (0x97ba) x15 0x00000000800120dc
core   0: 0x000000008000ff1e (0xfe043703) ld      a4, -32(s0)
core   0: 3 0x000000008000ff1e (0xfe043703) x14 0x00000000800120c3 mem 0x0000000080031f50
core   0: 0x000000008000ff22 (0xfcf76de3) bltu    a4, a5, pc - 38
core   0: 3 0x000000008000ff22 (0xfcf76de3)
core   0: 0x000000008000fefc (0xfe043783) ld      a5, -32(s0)
core   0: 3 0x000000008000fefc (0xfe043783) x15 0x00000000800120c3 mem 0x0000000080031f50
core   0: 0x000000008000ff00 (0x00178713) addi    a4, a5, 1
core   0: 3 0x000000008000ff00 (0x00178713) x14 0x00000000800120c4
core   0: 0x000000008000ff04 (0xfee43023) sd      a4, -32(s0)
core   0: 3 0x000000008000ff04 (0xfee43023) mem 0x0000000080031f50 0x00000000800120c4
core   0: 0x000000008000ff08 (0xfc442703) lw      a4, -60(s0)
core   0: 3 0x000000008000ff08 (0xfc442703) x14 0x0000000000000000 mem 0x0000000080031f34
core   0: 0x000000008000ff0c (0x0ff77713) andi    a4, a4, 255
core   0: 3 0x000000008000ff0c (0x0ff77713) x14 0x0000000000000000
core   0: 0x000000008000ff10 (0x00e78023) sb      a4, 0(a5)
core   0: 3 0x000000008000ff10 (0x00e78023) mem 0x00000000800120c3 0x00
core   0: 0x000000008000ff14 (0xfc843703) ld      a4, -56(s0)
core   0: 3 0x000000008000ff14 (0xfc843703) x14 0x0000000080012040 mem 0x0000000080031f38
core   0: 0x000000008000ff18 (0xfb843783) ld      a5, -72(s0)
core   0: 3 0x000000008000ff18 (0xfb843783) x15 0x000000000000009c mem 0x0000000080031f28
core   0: 0x000000008000ff1c (0x000097ba) c.add   a5, a4
core   0: 3 0x000000008000ff1c (0x97ba) x15 0x00000000800120dc
core   0: 0x000000008000ff1e (0xfe043703) ld      a4, -32(s0)
core   0: 3 0x000000008000ff1e (0xfe043703) x14 0x00000000800120c4 mem 0x0000000080031f50
core   0: 0x000000008000ff22 (0xfcf76de3) bltu    a4, a5, pc - 38
core   0: 3 0x000000008000ff22 (0xfcf76de3)
core   0: 0x000000008000fefc (0xfe043783) ld      a5, -32(s0)
core   0: 3 0x000000008000fefc (0xfe043783) x15 0x00000000800120c4 mem 0x0000000080031f50
core   0: 0x000000008000ff00 (0x00178713) addi    a4, a5, 1
core   0: 3 0x000000008000ff00 (0x00178713) x14 0x00000000800120c5
core   0: 0x000000008000ff04 (0xfee43023) sd      a4, -32(s0)
core   0: 3 0x000000008000ff04 (0xfee43023) mem 0x0000000080031f50 0x00000000800120c5
core   0: 0x000000008000ff08 (0xfc442703) lw      a4, -60(s0)
core   0: 3 0x000000008000ff08 (0xfc442703) x14 0x0000000000000000 mem 0x0000000080031f34
core   0: 0x000000008000ff0c (0x0ff77713) andi    a4, a4, 255
core   0: 3 0x000000008000ff0c (0x0ff77713) x14 0x0000000000000000
core   0: 0x000000008000ff10 (0x00e78023) sb      a4, 0(a5)
core   0: 3 0x000000008000ff10 (0x00e78023) mem 0x00000000800120c4 0x00
core   0: 0x000000008000ff14 (0xfc843703) ld      a4, -56(s0)
core   0: 3 0x000000008000ff14 (0xfc843703) x14 0x0000000080012040 mem 0x0000000080031f38
core   0: 0x000000008000ff18 (0xfb843783) ld      a5, -72(s0)
core   0: 3 0x000000008000ff18 (0xfb843783) x15 0x000000000000009c mem 0x0000000080031f28
core   0: 0x000000008000ff1c (0x000097ba) c.add   a5, a4
core   0: 3 0x000000008000ff1c (0x97ba) x15 0x00000000800120dc
core   0: 0x000000008000ff1e (0xfe043703) ld      a4, -32(s0)
core   0: 3 0x000000008000ff1e (0xfe043703) x14 0x00000000800120c5 mem 0x0000000080031f50
core   0: 0x000000008000ff22 (0xfcf76de3) bltu    a4, a5, pc - 38
core   0: 3 0x000000008000ff22 (0xfcf76de3)
core   0: 0x000000008000fefc (0xfe043783) ld      a5, -32(s0)
core   0: 3 0x000000008000fefc (0xfe043783) x15 0x00000000800120c5 mem 0x0000000080031f50
core   0: 0x000000008000ff00 (0x00178713) addi    a4, a5, 1
core   0: 3 0x000000008000ff00 (0x00178713) x14 0x00000000800120c6
core   0: 0x000000008000ff04 (0xfee43023) sd      a4, -32(s0)
core   0: 3 0x000000008000ff04 (0xfee43023) mem 0x0000000080031f50 0x00000000800120c6
core   0: 0x000000008000ff08 (0xfc442703) lw      a4, -60(s0)
core   0: 3 0x000000008000ff08 (0xfc442703) x14 0x0000000000000000 mem 0x0000000080031f34
core   0: 0x000000008000ff0c (0x0ff77713) andi    a4, a4, 255
core   0: 3 0x000000008000ff0c (0x0ff77713) x14 0x0000000000000000
core   0: 0x000000008000ff10 (0x00e78023) sb      a4, 0(a5)
core   0: 3 0x000000008000ff10 (0x00e78023) mem 0x00000000800120c5 0x00
core   0: 0x000000008000ff14 (0xfc843703) ld      a4, -56(s0)
core   0: 3 0x000000008000ff14 (0xfc843703) x14 0x0000000080012040 mem 0x0000000080031f38
core   0: 0x000000008000ff18 (0xfb843783) ld      a5, -72(s0)
core   0: 3 0x000000008000ff18 (0xfb843783) x15 0x000000000000009c mem 0x0000000080031f28
core   0: 0x000000008000ff1c (0x000097ba) c.add   a5, a4
core   0: 3 0x000000008000ff1c (0x97ba) x15 0x00000000800120dc
core   0: 0x000000008000ff1e (0xfe043703) ld      a4, -32(s0)
core   0: 3 0x000000008000ff1e (0xfe043703) x14 0x00000000800120c6 mem 0x0000000080031f50
core   0: 0x000000008000ff22 (0xfcf76de3) bltu    a4, a5, pc - 38
core   0: 3 0x000000008000ff22 (0xfcf76de3)
core   0: 0x000000008000fefc (0xfe043783) ld      a5, -32(s0)
core   0: 3 0x000000008000fefc (0xfe043783) x15 0x00000000800120c6 mem 0x0000000080031f50
core   0: 0x000000008000ff00 (0x00178713) addi    a4, a5, 1
core   0: 3 0x000000008000ff00 (0x00178713) x14 0x00000000800120c7
core   0: 0x000000008000ff04 (0xfee43023) sd      a4, -32(s0)
core   0: 3 0x000000008000ff04 (0xfee43023) mem 0x0000000080031f50 0x00000000800120c7
core   0: 0x000000008000ff08 (0xfc442703) lw      a4, -60(s0)
core   0: 3 0x000000008000ff08 (0xfc442703) x14 0x0000000000000000 mem 0x0000000080031f34
core   0: 0x000000008000ff0c (0x0ff77713) andi    a4, a4, 255
core   0: 3 0x000000008000ff0c (0x0ff77713) x14 0x0000000000000000
core   0: 0x000000008000ff10 (0x00e78023) sb      a4, 0(a5)
core   0: 3 0x000000008000ff10 (0x00e78023) mem 0x00000000800120c6 0x00
core   0: 0x000000008000ff14 (0xfc843703) ld      a4, -56(s0)
core   0: 3 0x000000008000ff14 (0xfc843703) x14 0x0000000080012040 mem 0x0000000080031f38
core   0: 0x000000008000ff18 (0xfb843783) ld      a5, -72(s0)
core   0: 3 0x000000008000ff18 (0xfb843783) x15 0x000000000000009c mem 0x0000000080031f28
core   0: 0x000000008000ff1c (0x000097ba) c.add   a5, a4
core   0: 3 0x000000008000ff1c (0x97ba) x15 0x00000000800120dc
core   0: 0x000000008000ff1e (0xfe043703) ld      a4, -32(s0)
core   0: 3 0x000000008000ff1e (0xfe043703) x14 0x00000000800120c7 mem 0x0000000080031f50
core   0: 0x000000008000ff22 (0xfcf76de3) bltu    a4, a5, pc - 38
core   0: 3 0x000000008000ff22 (0xfcf76de3)
core   0: 0x000000008000fefc (0xfe043783) ld      a5, -32(s0)
core   0: 3 0x000000008000fefc (0xfe043783) x15 0x00000000800120c7 mem 0x0000000080031f50
core   0: 0x000000008000ff00 (0x00178713) addi    a4, a5, 1
core   0: 3 0x000000008000ff00 (0x00178713) x14 0x00000000800120c8
core   0: 0x000000008000ff04 (0xfee43023) sd      a4, -32(s0)
core   0: 3 0x000000008000ff04 (0xfee43023) mem 0x0000000080031f50 0x00000000800120c8
core   0: 0x000000008000ff08 (0xfc442703) lw      a4, -60(s0)
core   0: 3 0x000000008000ff08 (0xfc442703) x14 0x0000000000000000 mem 0x0000000080031f34
core   0: 0x000000008000ff0c (0x0ff77713) andi    a4, a4, 255
core   0: 3 0x000000008000ff0c (0x0ff77713) x14 0x0000000000000000
core   0: 0x000000008000ff10 (0x00e78023) sb      a4, 0(a5)
core   0: 3 0x000000008000ff10 (0x00e78023) mem 0x00000000800120c7 0x00
core   0: 0x000000008000ff14 (0xfc843703) ld      a4, -56(s0)
core   0: 3 0x000000008000ff14 (0xfc843703) x14 0x0000000080012040 mem 0x0000000080031f38
core   0: 0x000000008000ff18 (0xfb843783) ld      a5, -72(s0)
core   0: 3 0x000000008000ff18 (0xfb843783) x15 0x000000000000009c mem 0x0000000080031f28
core   0: 0x000000008000ff1c (0x000097ba) c.add   a5, a4
core   0: 3 0x000000008000ff1c (0x97ba) x15 0x00000000800120dc
core   0: 0x000000008000ff1e (0xfe043703) ld      a4, -32(s0)
core   0: 3 0x000000008000ff1e (0xfe043703) x14 0x00000000800120c8 mem 0x0000000080031f50
core   0: 0x000000008000ff22 (0xfcf76de3) bltu    a4, a5, pc - 38
core   0: 3 0x000000008000ff22 (0xfcf76de3)
core   0: 0x000000008000fefc (0xfe043783) ld      a5, -32(s0)
core   0: 3 0x000000008000fefc (0xfe043783) x15 0x00000000800120c8 mem 0x0000000080031f50
core   0: 0x000000008000ff00 (0x00178713) addi    a4, a5, 1
core   0: 3 0x000000008000ff00 (0x00178713) x14 0x00000000800120c9
core   0: 0x000000008000ff04 (0xfee43023) sd      a4, -32(s0)
core   0: 3 0x000000008000ff04 (0xfee43023) mem 0x0000000080031f50 0x00000000800120c9
core   0: 0x000000008000ff08 (0xfc442703) lw      a4, -60(s0)
core   0: 3 0x000000008000ff08 (0xfc442703) x14 0x0000000000000000 mem 0x0000000080031f34
core   0: 0x000000008000ff0c (0x0ff77713) andi    a4, a4, 255
core   0: 3 0x000000008000ff0c (0x0ff77713) x14 0x0000000000000000
core   0: 0x000000008000ff10 (0x00e78023) sb      a4, 0(a5)
core   0: 3 0x000000008000ff10 (0x00e78023) mem 0x00000000800120c8 0x00
core   0: 0x000000008000ff14 (0xfc843703) ld      a4, -56(s0)
core   0: 3 0x000000008000ff14 (0xfc843703) x14 0x0000000080012040 mem 0x0000000080031f38
core   0: 0x000000008000ff18 (0xfb843783) ld      a5, -72(s0)
core   0: 3 0x000000008000ff18 (0xfb843783) x15 0x000000000000009c mem 0x0000000080031f28
core   0: 0x000000008000ff1c (0x000097ba) c.add   a5, a4
core   0: 3 0x000000008000ff1c (0x97ba) x15 0x00000000800120dc
core   0: 0x000000008000ff1e (0xfe043703) ld      a4, -32(s0)
core   0: 3 0x000000008000ff1e (0xfe043703) x14 0x00000000800120c9 mem 0x0000000080031f50
core   0: 0x000000008000ff22 (0xfcf76de3) bltu    a4, a5, pc - 38
core   0: 3 0x000000008000ff22 (0xfcf76de3)
core   0: 0x000000008000fefc (0xfe043783) ld      a5, -32(s0)
core   0: 3 0x000000008000fefc (0xfe043783) x15 0x00000000800120c9 mem 0x0000000080031f50
core   0: 0x000000008000ff00 (0x00178713) addi    a4, a5, 1
core   0: 3 0x000000008000ff00 (0x00178713) x14 0x00000000800120ca
core   0: 0x000000008000ff04 (0xfee43023) sd      a4, -32(s0)
core   0: 3 0x000000008000ff04 (0xfee43023) mem 0x0000000080031f50 0x00000000800120ca
core   0: 0x000000008000ff08 (0xfc442703) lw      a4, -60(s0)
core   0: 3 0x000000008000ff08 (0xfc442703) x14 0x0000000000000000 mem 0x0000000080031f34
core   0: 0x000000008000ff0c (0x0ff77713) andi    a4, a4, 255
core   0: 3 0x000000008000ff0c (0x0ff77713) x14 0x0000000000000000
core   0: 0x000000008000ff10 (0x00e78023) sb      a4, 0(a5)
core   0: 3 0x000000008000ff10 (0x00e78023) mem 0x00000000800120c9 0x00
core   0: 0x000000008000ff14 (0xfc843703) ld      a4, -56(s0)
core   0: 3 0x000000008000ff14 (0xfc843703) x14 0x0000000080012040 mem 0x0000000080031f38
core   0: 0x000000008000ff18 (0xfb843783) ld      a5, -72(s0)
core   0: 3 0x000000008000ff18 (0xfb843783) x15 0x000000000000009c mem 0x0000000080031f28
core   0: 0x000000008000ff1c (0x000097ba) c.add   a5, a4
core   0: 3 0x000000008000ff1c (0x97ba) x15 0x00000000800120dc
core   0: 0x000000008000ff1e (0xfe043703) ld      a4, -32(s0)
core   0: 3 0x000000008000ff1e (0xfe043703) x14 0x00000000800120ca mem 0x0000000080031f50
core   0: 0x000000008000ff22 (0xfcf76de3) bltu    a4, a5, pc - 38
core   0: 3 0x000000008000ff22 (0xfcf76de3)
core   0: 0x000000008000fefc (0xfe043783) ld      a5, -32(s0)
core   0: 3 0x000000008000fefc (0xfe043783) x15 0x00000000800120ca mem 0x0000000080031f50
core   0: 0x000000008000ff00 (0x00178713) addi    a4, a5, 1
core   0: 3 0x000000008000ff00 (0x00178713) x14 0x00000000800120cb
core   0: 0x000000008000ff04 (0xfee43023) sd      a4, -32(s0)
core   0: 3 0x000000008000ff04 (0xfee43023) mem 0x0000000080031f50 0x00000000800120cb
core   0: 0x000000008000ff08 (0xfc442703) lw      a4, -60(s0)
core   0: 3 0x000000008000ff08 (0xfc442703) x14 0x0000000000000000 mem 0x0000000080031f34
core   0: 0x000000008000ff0c (0x0ff77713) andi    a4, a4, 255
core   0: 3 0x000000008000ff0c (0x0ff77713) x14 0x0000000000000000
core   0: 0x000000008000ff10 (0x00e78023) sb      a4, 0(a5)
core   0: 3 0x000000008000ff10 (0x00e78023) mem 0x00000000800120ca 0x00
core   0: 0x000000008000ff14 (0xfc843703) ld      a4, -56(s0)
core   0: 3 0x000000008000ff14 (0xfc843703) x14 0x0000000080012040 mem 0x0000000080031f38
core   0: 0x000000008000ff18 (0xfb843783) ld      a5, -72(s0)
core   0: 3 0x000000008000ff18 (0xfb843783) x15 0x000000000000009c mem 0x0000000080031f28
core   0: 0x000000008000ff1c (0x000097ba) c.add   a5, a4
core   0: 3 0x000000008000ff1c (0x97ba) x15 0x00000000800120dc
core   0: 0x000000008000ff1e (0xfe043703) ld      a4, -32(s0)
core   0: 3 0x000000008000ff1e (0xfe043703) x14 0x00000000800120cb mem 0x0000000080031f50
core   0: 0x000000008000ff22 (0xfcf76de3) bltu    a4, a5, pc - 38
core   0: 3 0x000000008000ff22 (0xfcf76de3)
core   0: 0x000000008000fefc (0xfe043783) ld      a5, -32(s0)
core   0: 3 0x000000008000fefc (0xfe043783) x15 0x00000000800120cb mem 0x0000000080031f50
core   0: 0x000000008000ff00 (0x00178713) addi    a4, a5, 1
core   0: 3 0x000000008000ff00 (0x00178713) x14 0x00000000800120cc
core   0: 0x000000008000ff04 (0xfee43023) sd      a4, -32(s0)
core   0: 3 0x000000008000ff04 (0xfee43023) mem 0x0000000080031f50 0x00000000800120cc
core   0: 0x000000008000ff08 (0xfc442703) lw      a4, -60(s0)
core   0: 3 0x000000008000ff08 (0xfc442703) x14 0x0000000000000000 mem 0x0000000080031f34
core   0: 0x000000008000ff0c (0x0ff77713) andi    a4, a4, 255
core   0: 3 0x000000008000ff0c (0x0ff77713) x14 0x0000000000000000
core   0: 0x000000008000ff10 (0x00e78023) sb      a4, 0(a5)
core   0: 3 0x000000008000ff10 (0x00e78023) mem 0x00000000800120cb 0x00
core   0: 0x000000008000ff14 (0xfc843703) ld      a4, -56(s0)
core   0: 3 0x000000008000ff14 (0xfc843703) x14 0x0000000080012040 mem 0x0000000080031f38
core   0: 0x000000008000ff18 (0xfb843783) ld      a5, -72(s0)
core   0: 3 0x000000008000ff18 (0xfb843783) x15 0x000000000000009c mem 0x0000000080031f28
core   0: 0x000000008000ff1c (0x000097ba) c.add   a5, a4
core   0: 3 0x000000008000ff1c (0x97ba) x15 0x00000000800120dc
core   0: 0x000000008000ff1e (0xfe043703) ld      a4, -32(s0)
core   0: 3 0x000000008000ff1e (0xfe043703) x14 0x00000000800120cc mem 0x0000000080031f50
core   0: 0x000000008000ff22 (0xfcf76de3) bltu    a4, a5, pc - 38
core   0: 3 0x000000008000ff22 (0xfcf76de3)
core   0: 0x000000008000fefc (0xfe043783) ld      a5, -32(s0)
core   0: 3 0x000000008000fefc (0xfe043783) x15 0x00000000800120cc mem 0x0000000080031f50
core   0: 0x000000008000ff00 (0x00178713) addi    a4, a5, 1
core   0: 3 0x000000008000ff00 (0x00178713) x14 0x00000000800120cd
core   0: 0x000000008000ff04 (0xfee43023) sd      a4, -32(s0)
core   0: 3 0x000000008000ff04 (0xfee43023) mem 0x0000000080031f50 0x00000000800120cd
core   0: 0x000000008000ff08 (0xfc442703) lw      a4, -60(s0)
core   0: 3 0x000000008000ff08 (0xfc442703) x14 0x0000000000000000 mem 0x0000000080031f34
core   0: 0x000000008000ff0c (0x0ff77713) andi    a4, a4, 255
core   0: 3 0x000000008000ff0c (0x0ff77713) x14 0x0000000000000000
core   0: 0x000000008000ff10 (0x00e78023) sb      a4, 0(a5)
core   0: 3 0x000000008000ff10 (0x00e78023) mem 0x00000000800120cc 0x00
core   0: 0x000000008000ff14 (0xfc843703) ld      a4, -56(s0)
core   0: 3 0x000000008000ff14 (0xfc843703) x14 0x0000000080012040 mem 0x0000000080031f38
core   0: 0x000000008000ff18 (0xfb843783) ld      a5, -72(s0)
core   0: 3 0x000000008000ff18 (0xfb843783) x15 0x000000000000009c mem 0x0000000080031f28
core   0: 0x000000008000ff1c (0x000097ba) c.add   a5, a4
core   0: 3 0x000000008000ff1c (0x97ba) x15 0x00000000800120dc
core   0: 0x000000008000ff1e (0xfe043703) ld      a4, -32(s0)
core   0: 3 0x000000008000ff1e (0xfe043703) x14 0x00000000800120cd mem 0x0000000080031f50
core   0: 0x000000008000ff22 (0xfcf76de3) bltu    a4, a5, pc - 38
core   0: 3 0x000000008000ff22 (0xfcf76de3)
core   0: 0x000000008000fefc (0xfe043783) ld      a5, -32(s0)
core   0: 3 0x000000008000fefc (0xfe043783) x15 0x00000000800120cd mem 0x0000000080031f50
core   0: 0x000000008000ff00 (0x00178713) addi    a4, a5, 1
core   0: 3 0x000000008000ff00 (0x00178713) x14 0x00000000800120ce
core   0: 0x000000008000ff04 (0xfee43023) sd      a4, -32(s0)
core   0: 3 0x000000008000ff04 (0xfee43023) mem 0x0000000080031f50 0x00000000800120ce
core   0: 0x000000008000ff08 (0xfc442703) lw      a4, -60(s0)
core   0: 3 0x000000008000ff08 (0xfc442703) x14 0x0000000000000000 mem 0x0000000080031f34
core   0: 0x000000008000ff0c (0x0ff77713) andi    a4, a4, 255
core   0: 3 0x000000008000ff0c (0x0ff77713) x14 0x0000000000000000
core   0: 0x000000008000ff10 (0x00e78023) sb      a4, 0(a5)
core   0: 3 0x000000008000ff10 (0x00e78023) mem 0x00000000800120cd 0x00
core   0: 0x000000008000ff14 (0xfc843703) ld      a4, -56(s0)
core   0: 3 0x000000008000ff14 (0xfc843703) x14 0x0000000080012040 mem 0x0000000080031f38
core   0: 0x000000008000ff18 (0xfb843783) ld      a5, -72(s0)
core   0: 3 0x000000008000ff18 (0xfb843783) x15 0x000000000000009c mem 0x0000000080031f28
core   0: 0x000000008000ff1c (0x000097ba) c.add   a5, a4
core   0: 3 0x000000008000ff1c (0x97ba) x15 0x00000000800120dc
core   0: 0x000000008000ff1e (0xfe043703) ld      a4, -32(s0)
core   0: 3 0x000000008000ff1e (0xfe043703) x14 0x00000000800120ce mem 0x0000000080031f50
core   0: 0x000000008000ff22 (0xfcf76de3) bltu    a4, a5, pc - 38
core   0: 3 0x000000008000ff22 (0xfcf76de3)
core   0: 0x000000008000fefc (0xfe043783) ld      a5, -32(s0)
core   0: 3 0x000000008000fefc (0xfe043783) x15 0x00000000800120ce mem 0x0000000080031f50
core   0: 0x000000008000ff00 (0x00178713) addi    a4, a5, 1
core   0: 3 0x000000008000ff00 (0x00178713) x14 0x00000000800120cf
core   0: 0x000000008000ff04 (0xfee43023) sd      a4, -32(s0)
core   0: 3 0x000000008000ff04 (0xfee43023) mem 0x0000000080031f50 0x00000000800120cf
core   0: 0x000000008000ff08 (0xfc442703) lw      a4, -60(s0)
core   0: 3 0x000000008000ff08 (0xfc442703) x14 0x0000000000000000 mem 0x0000000080031f34
core   0: 0x000000008000ff0c (0x0ff77713) andi    a4, a4, 255
core   0: 3 0x000000008000ff0c (0x0ff77713) x14 0x0000000000000000
core   0: 0x000000008000ff10 (0x00e78023) sb      a4, 0(a5)
core   0: 3 0x000000008000ff10 (0x00e78023) mem 0x00000000800120ce 0x00
core   0: 0x000000008000ff14 (0xfc843703) ld      a4, -56(s0)
core   0: 3 0x000000008000ff14 (0xfc843703) x14 0x0000000080012040 mem 0x0000000080031f38
core   0: 0x000000008000ff18 (0xfb843783) ld      a5, -72(s0)
core   0: 3 0x000000008000ff18 (0xfb843783) x15 0x000000000000009c mem 0x0000000080031f28
core   0: 0x000000008000ff1c (0x000097ba) c.add   a5, a4
core   0: 3 0x000000008000ff1c (0x97ba) x15 0x00000000800120dc
core   0: 0x000000008000ff1e (0xfe043703) ld      a4, -32(s0)
core   0: 3 0x000000008000ff1e (0xfe043703) x14 0x00000000800120cf mem 0x0000000080031f50
core   0: 0x000000008000ff22 (0xfcf76de3) bltu    a4, a5, pc - 38
core   0: 3 0x000000008000ff22 (0xfcf76de3)
core   0: 0x000000008000fefc (0xfe043783) ld      a5, -32(s0)
core   0: 3 0x000000008000fefc (0xfe043783) x15 0x00000000800120cf mem 0x0000000080031f50
core   0: 0x000000008000ff00 (0x00178713) addi    a4, a5, 1
core   0: 3 0x000000008000ff00 (0x00178713) x14 0x00000000800120d0
core   0: 0x000000008000ff04 (0xfee43023) sd      a4, -32(s0)
core   0: 3 0x000000008000ff04 (0xfee43023) mem 0x0000000080031f50 0x00000000800120d0
core   0: 0x000000008000ff08 (0xfc442703) lw      a4, -60(s0)
core   0: 3 0x000000008000ff08 (0xfc442703) x14 0x0000000000000000 mem 0x0000000080031f34
core   0: 0x000000008000ff0c (0x0ff77713) andi    a4, a4, 255
core   0: 3 0x000000008000ff0c (0x0ff77713) x14 0x0000000000000000
core   0: 0x000000008000ff10 (0x00e78023) sb      a4, 0(a5)
core   0: 3 0x000000008000ff10 (0x00e78023) mem 0x00000000800120cf 0x00
core   0: 0x000000008000ff14 (0xfc843703) ld      a4, -56(s0)
core   0: 3 0x000000008000ff14 (0xfc843703) x14 0x0000000080012040 mem 0x0000000080031f38
core   0: 0x000000008000ff18 (0xfb843783) ld      a5, -72(s0)
core   0: 3 0x000000008000ff18 (0xfb843783) x15 0x000000000000009c mem 0x0000000080031f28
core   0: 0x000000008000ff1c (0x000097ba) c.add   a5, a4
core   0: 3 0x000000008000ff1c (0x97ba) x15 0x00000000800120dc
core   0: 0x000000008000ff1e (0xfe043703) ld      a4, -32(s0)
core   0: 3 0x000000008000ff1e (0xfe043703) x14 0x00000000800120d0 mem 0x0000000080031f50
core   0: 0x000000008000ff22 (0xfcf76de3) bltu    a4, a5, pc - 38
core   0: 3 0x000000008000ff22 (0xfcf76de3)
core   0: 0x000000008000fefc (0xfe043783) ld      a5, -32(s0)
core   0: 3 0x000000008000fefc (0xfe043783) x15 0x00000000800120d0 mem 0x0000000080031f50
core   0: 0x000000008000ff00 (0x00178713) addi    a4, a5, 1
core   0: 3 0x000000008000ff00 (0x00178713) x14 0x00000000800120d1
core   0: 0x000000008000ff04 (0xfee43023) sd      a4, -32(s0)
core   0: 3 0x000000008000ff04 (0xfee43023) mem 0x0000000080031f50 0x00000000800120d1
core   0: 0x000000008000ff08 (0xfc442703) lw      a4, -60(s0)
core   0: 3 0x000000008000ff08 (0xfc442703) x14 0x0000000000000000 mem 0x0000000080031f34
core   0: 0x000000008000ff0c (0x0ff77713) andi    a4, a4, 255
core   0: 3 0x000000008000ff0c (0x0ff77713) x14 0x0000000000000000
core   0: 0x000000008000ff10 (0x00e78023) sb      a4, 0(a5)
core   0: 3 0x000000008000ff10 (0x00e78023) mem 0x00000000800120d0 0x00
core   0: 0x000000008000ff14 (0xfc843703) ld      a4, -56(s0)
core   0: 3 0x000000008000ff14 (0xfc843703) x14 0x0000000080012040 mem 0x0000000080031f38
core   0: 0x000000008000ff18 (0xfb843783) ld      a5, -72(s0)
core   0: 3 0x000000008000ff18 (0xfb843783) x15 0x000000000000009c mem 0x0000000080031f28
core   0: 0x000000008000ff1c (0x000097ba) c.add   a5, a4
core   0: 3 0x000000008000ff1c (0x97ba) x15 0x00000000800120dc
core   0: 0x000000008000ff1e (0xfe043703) ld      a4, -32(s0)
core   0: 3 0x000000008000ff1e (0xfe043703) x14 0x00000000800120d1 mem 0x0000000080031f50
core   0: 0x000000008000ff22 (0xfcf76de3) bltu    a4, a5, pc - 38
core   0: 3 0x000000008000ff22 (0xfcf76de3)
core   0: 0x000000008000fefc (0xfe043783) ld      a5, -32(s0)
core   0: 3 0x000000008000fefc (0xfe043783) x15 0x00000000800120d1 mem 0x0000000080031f50
core   0: 0x000000008000ff00 (0x00178713) addi    a4, a5, 1
core   0: 3 0x000000008000ff00 (0x00178713) x14 0x00000000800120d2
core   0: 0x000000008000ff04 (0xfee43023) sd      a4, -32(s0)
core   0: 3 0x000000008000ff04 (0xfee43023) mem 0x0000000080031f50 0x00000000800120d2
core   0: 0x000000008000ff08 (0xfc442703) lw      a4, -60(s0)
core   0: 3 0x000000008000ff08 (0xfc442703) x14 0x0000000000000000 mem 0x0000000080031f34
core   0: 0x000000008000ff0c (0x0ff77713) andi    a4, a4, 255
core   0: 3 0x000000008000ff0c (0x0ff77713) x14 0x0000000000000000
core   0: 0x000000008000ff10 (0x00e78023) sb      a4, 0(a5)
core   0: 3 0x000000008000ff10 (0x00e78023) mem 0x00000000800120d1 0x00
core   0: 0x000000008000ff14 (0xfc843703) ld      a4, -56(s0)
core   0: 3 0x000000008000ff14 (0xfc843703) x14 0x0000000080012040 mem 0x0000000080031f38
core   0: 0x000000008000ff18 (0xfb843783) ld      a5, -72(s0)
core   0: 3 0x000000008000ff18 (0xfb843783) x15 0x000000000000009c mem 0x0000000080031f28
core   0: 0x000000008000ff1c (0x000097ba) c.add   a5, a4
core   0: 3 0x000000008000ff1c (0x97ba) x15 0x00000000800120dc
core   0: 0x000000008000ff1e (0xfe043703) ld      a4, -32(s0)
core   0: 3 0x000000008000ff1e (0xfe043703) x14 0x00000000800120d2 mem 0x0000000080031f50
core   0: 0x000000008000ff22 (0xfcf76de3) bltu    a4, a5, pc - 38
core   0: 3 0x000000008000ff22 (0xfcf76de3)
core   0: 0x000000008000fefc (0xfe043783) ld      a5, -32(s0)
core   0: 3 0x000000008000fefc (0xfe043783) x15 0x00000000800120d2 mem 0x0000000080031f50
core   0: 0x000000008000ff00 (0x00178713) addi    a4, a5, 1
core   0: 3 0x000000008000ff00 (0x00178713) x14 0x00000000800120d3
core   0: 0x000000008000ff04 (0xfee43023) sd      a4, -32(s0)
core   0: 3 0x000000008000ff04 (0xfee43023) mem 0x0000000080031f50 0x00000000800120d3
core   0: 0x000000008000ff08 (0xfc442703) lw      a4, -60(s0)
core   0: 3 0x000000008000ff08 (0xfc442703) x14 0x0000000000000000 mem 0x0000000080031f34
core   0: 0x000000008000ff0c (0x0ff77713) andi    a4, a4, 255
core   0: 3 0x000000008000ff0c (0x0ff77713) x14 0x0000000000000000
core   0: 0x000000008000ff10 (0x00e78023) sb      a4, 0(a5)
core   0: 3 0x000000008000ff10 (0x00e78023) mem 0x00000000800120d2 0x00
core   0: 0x000000008000ff14 (0xfc843703) ld      a4, -56(s0)
core   0: 3 0x000000008000ff14 (0xfc843703) x14 0x0000000080012040 mem 0x0000000080031f38
core   0: 0x000000008000ff18 (0xfb843783) ld      a5, -72(s0)
core   0: 3 0x000000008000ff18 (0xfb843783) x15 0x000000000000009c mem 0x0000000080031f28
core   0: 0x000000008000ff1c (0x000097ba) c.add   a5, a4
core   0: 3 0x000000008000ff1c (0x97ba) x15 0x00000000800120dc
core   0: 0x000000008000ff1e (0xfe043703) ld      a4, -32(s0)
core   0: 3 0x000000008000ff1e (0xfe043703) x14 0x00000000800120d3 mem 0x0000000080031f50
core   0: 0x000000008000ff22 (0xfcf76de3) bltu    a4, a5, pc - 38
core   0: 3 0x000000008000ff22 (0xfcf76de3)
core   0: 0x000000008000fefc (0xfe043783) ld      a5, -32(s0)
core   0: 3 0x000000008000fefc (0xfe043783) x15 0x00000000800120d3 mem 0x0000000080031f50
core   0: 0x000000008000ff00 (0x00178713) addi    a4, a5, 1
core   0: 3 0x000000008000ff00 (0x00178713) x14 0x00000000800120d4
core   0: 0x000000008000ff04 (0xfee43023) sd      a4, -32(s0)
core   0: 3 0x000000008000ff04 (0xfee43023) mem 0x0000000080031f50 0x00000000800120d4
core   0: 0x000000008000ff08 (0xfc442703) lw      a4, -60(s0)
core   0: 3 0x000000008000ff08 (0xfc442703) x14 0x0000000000000000 mem 0x0000000080031f34
core   0: 0x000000008000ff0c (0x0ff77713) andi    a4, a4, 255
core   0: 3 0x000000008000ff0c (0x0ff77713) x14 0x0000000000000000
core   0: 0x000000008000ff10 (0x00e78023) sb      a4, 0(a5)
core   0: 3 0x000000008000ff10 (0x00e78023) mem 0x00000000800120d3 0x00
core   0: 0x000000008000ff14 (0xfc843703) ld      a4, -56(s0)
core   0: 3 0x000000008000ff14 (0xfc843703) x14 0x0000000080012040 mem 0x0000000080031f38
core   0: 0x000000008000ff18 (0xfb843783) ld      a5, -72(s0)
core   0: 3 0x000000008000ff18 (0xfb843783) x15 0x000000000000009c mem 0x0000000080031f28
core   0: 0x000000008000ff1c (0x000097ba) c.add   a5, a4
core   0: 3 0x000000008000ff1c (0x97ba) x15 0x00000000800120dc
core   0: 0x000000008000ff1e (0xfe043703) ld      a4, -32(s0)
core   0: 3 0x000000008000ff1e (0xfe043703) x14 0x00000000800120d4 mem 0x0000000080031f50
core   0: 0x000000008000ff22 (0xfcf76de3) bltu    a4, a5, pc - 38
core   0: 3 0x000000008000ff22 (0xfcf76de3)
core   0: 0x000000008000fefc (0xfe043783) ld      a5, -32(s0)
core   0: 3 0x000000008000fefc (0xfe043783) x15 0x00000000800120d4 mem 0x0000000080031f50
core   0: 0x000000008000ff00 (0x00178713) addi    a4, a5, 1
core   0: 3 0x000000008000ff00 (0x00178713) x14 0x00000000800120d5
core   0: 0x000000008000ff04 (0xfee43023) sd      a4, -32(s0)
core   0: 3 0x000000008000ff04 (0xfee43023) mem 0x0000000080031f50 0x00000000800120d5
core   0: 0x000000008000ff08 (0xfc442703) lw      a4, -60(s0)
core   0: 3 0x000000008000ff08 (0xfc442703) x14 0x0000000000000000 mem 0x0000000080031f34
core   0: 0x000000008000ff0c (0x0ff77713) andi    a4, a4, 255
core   0: 3 0x000000008000ff0c (0x0ff77713) x14 0x0000000000000000
core   0: 0x000000008000ff10 (0x00e78023) sb      a4, 0(a5)
core   0: 3 0x000000008000ff10 (0x00e78023) mem 0x00000000800120d4 0x00
core   0: 0x000000008000ff14 (0xfc843703) ld      a4, -56(s0)
core   0: 3 0x000000008000ff14 (0xfc843703) x14 0x0000000080012040 mem 0x0000000080031f38
core   0: 0x000000008000ff18 (0xfb843783) ld      a5, -72(s0)
core   0: 3 0x000000008000ff18 (0xfb843783) x15 0x000000000000009c mem 0x0000000080031f28
core   0: 0x000000008000ff1c (0x000097ba) c.add   a5, a4
core   0: 3 0x000000008000ff1c (0x97ba) x15 0x00000000800120dc
core   0: 0x000000008000ff1e (0xfe043703) ld      a4, -32(s0)
core   0: 3 0x000000008000ff1e (0xfe043703) x14 0x00000000800120d5 mem 0x0000000080031f50
core   0: 0x000000008000ff22 (0xfcf76de3) bltu    a4, a5, pc - 38
core   0: 3 0x000000008000ff22 (0xfcf76de3)
core   0: 0x000000008000fefc (0xfe043783) ld      a5, -32(s0)
core   0: 3 0x000000008000fefc (0xfe043783) x15 0x00000000800120d5 mem 0x0000000080031f50
core   0: 0x000000008000ff00 (0x00178713) addi    a4, a5, 1
core   0: 3 0x000000008000ff00 (0x00178713) x14 0x00000000800120d6
core   0: 0x000000008000ff04 (0xfee43023) sd      a4, -32(s0)
core   0: 3 0x000000008000ff04 (0xfee43023) mem 0x0000000080031f50 0x00000000800120d6
core   0: 0x000000008000ff08 (0xfc442703) lw      a4, -60(s0)
core   0: 3 0x000000008000ff08 (0xfc442703) x14 0x0000000000000000 mem 0x0000000080031f34
core   0: 0x000000008000ff0c (0x0ff77713) andi    a4, a4, 255
core   0: 3 0x000000008000ff0c (0x0ff77713) x14 0x0000000000000000
core   0: 0x000000008000ff10 (0x00e78023) sb      a4, 0(a5)
core   0: 3 0x000000008000ff10 (0x00e78023) mem 0x00000000800120d5 0x00
core   0: 0x000000008000ff14 (0xfc843703) ld      a4, -56(s0)
core   0: 3 0x000000008000ff14 (0xfc843703) x14 0x0000000080012040 mem 0x0000000080031f38
core   0: 0x000000008000ff18 (0xfb843783) ld      a5, -72(s0)
core   0: 3 0x000000008000ff18 (0xfb843783) x15 0x000000000000009c mem 0x0000000080031f28
core   0: 0x000000008000ff1c (0x000097ba) c.add   a5, a4
core   0: 3 0x000000008000ff1c (0x97ba) x15 0x00000000800120dc
core   0: 0x000000008000ff1e (0xfe043703) ld      a4, -32(s0)
core   0: 3 0x000000008000ff1e (0xfe043703) x14 0x00000000800120d6 mem 0x0000000080031f50
core   0: 0x000000008000ff22 (0xfcf76de3) bltu    a4, a5, pc - 38
core   0: 3 0x000000008000ff22 (0xfcf76de3)
core   0: 0x000000008000fefc (0xfe043783) ld      a5, -32(s0)
core   0: 3 0x000000008000fefc (0xfe043783) x15 0x00000000800120d6 mem 0x0000000080031f50
core   0: 0x000000008000ff00 (0x00178713) addi    a4, a5, 1
core   0: 3 0x000000008000ff00 (0x00178713) x14 0x00000000800120d7
core   0: 0x000000008000ff04 (0xfee43023) sd      a4, -32(s0)
core   0: 3 0x000000008000ff04 (0xfee43023) mem 0x0000000080031f50 0x00000000800120d7
core   0: 0x000000008000ff08 (0xfc442703) lw      a4, -60(s0)
core   0: 3 0x000000008000ff08 (0xfc442703) x14 0x0000000000000000 mem 0x0000000080031f34
core   0: 0x000000008000ff0c (0x0ff77713) andi    a4, a4, 255
core   0: 3 0x000000008000ff0c (0x0ff77713) x14 0x0000000000000000
core   0: 0x000000008000ff10 (0x00e78023) sb      a4, 0(a5)
core   0: 3 0x000000008000ff10 (0x00e78023) mem 0x00000000800120d6 0x00
core   0: 0x000000008000ff14 (0xfc843703) ld      a4, -56(s0)
core   0: 3 0x000000008000ff14 (0xfc843703) x14 0x0000000080012040 mem 0x0000000080031f38
core   0: 0x000000008000ff18 (0xfb843783) ld      a5, -72(s0)
core   0: 3 0x000000008000ff18 (0xfb843783) x15 0x000000000000009c mem 0x0000000080031f28
core   0: 0x000000008000ff1c (0x000097ba) c.add   a5, a4
core   0: 3 0x000000008000ff1c (0x97ba) x15 0x00000000800120dc
core   0: 0x000000008000ff1e (0xfe043703) ld      a4, -32(s0)
core   0: 3 0x000000008000ff1e (0xfe043703) x14 0x00000000800120d7 mem 0x0000000080031f50
core   0: 0x000000008000ff22 (0xfcf76de3) bltu    a4, a5, pc - 38
core   0: 3 0x000000008000ff22 (0xfcf76de3)
core   0: 0x000000008000fefc (0xfe043783) ld      a5, -32(s0)
core   0: 3 0x000000008000fefc (0xfe043783) x15 0x00000000800120d7 mem 0x0000000080031f50
core   0: 0x000000008000ff00 (0x00178713) addi    a4, a5, 1
core   0: 3 0x000000008000ff00 (0x00178713) x14 0x00000000800120d8
core   0: 0x000000008000ff04 (0xfee43023) sd      a4, -32(s0)
core   0: 3 0x000000008000ff04 (0xfee43023) mem 0x0000000080031f50 0x00000000800120d8
core   0: 0x000000008000ff08 (0xfc442703) lw      a4, -60(s0)
core   0: 3 0x000000008000ff08 (0xfc442703) x14 0x0000000000000000 mem 0x0000000080031f34
core   0: 0x000000008000ff0c (0x0ff77713) andi    a4, a4, 255
core   0: 3 0x000000008000ff0c (0x0ff77713) x14 0x0000000000000000
core   0: 0x000000008000ff10 (0x00e78023) sb      a4, 0(a5)
core   0: 3 0x000000008000ff10 (0x00e78023) mem 0x00000000800120d7 0x00
core   0: 0x000000008000ff14 (0xfc843703) ld      a4, -56(s0)
core   0: 3 0x000000008000ff14 (0xfc843703) x14 0x0000000080012040 mem 0x0000000080031f38
core   0: 0x000000008000ff18 (0xfb843783) ld      a5, -72(s0)
core   0: 3 0x000000008000ff18 (0xfb843783) x15 0x000000000000009c mem 0x0000000080031f28
core   0: 0x000000008000ff1c (0x000097ba) c.add   a5, a4
core   0: 3 0x000000008000ff1c (0x97ba) x15 0x00000000800120dc
core   0: 0x000000008000ff1e (0xfe043703) ld      a4, -32(s0)
core   0: 3 0x000000008000ff1e (0xfe043703) x14 0x00000000800120d8 mem 0x0000000080031f50
core   0: 0x000000008000ff22 (0xfcf76de3) bltu    a4, a5, pc - 38
core   0: 3 0x000000008000ff22 (0xfcf76de3)
core   0: 0x000000008000fefc (0xfe043783) ld      a5, -32(s0)
core   0: 3 0x000000008000fefc (0xfe043783) x15 0x00000000800120d8 mem 0x0000000080031f50
core   0: 0x000000008000ff00 (0x00178713) addi    a4, a5, 1
core   0: 3 0x000000008000ff00 (0x00178713) x14 0x00000000800120d9
core   0: 0x000000008000ff04 (0xfee43023) sd      a4, -32(s0)
core   0: 3 0x000000008000ff04 (0xfee43023) mem 0x0000000080031f50 0x00000000800120d9
core   0: 0x000000008000ff08 (0xfc442703) lw      a4, -60(s0)
core   0: 3 0x000000008000ff08 (0xfc442703) x14 0x0000000000000000 mem 0x0000000080031f34
core   0: 0x000000008000ff0c (0x0ff77713) andi    a4, a4, 255
core   0: 3 0x000000008000ff0c (0x0ff77713) x14 0x0000000000000000
core   0: 0x000000008000ff10 (0x00e78023) sb      a4, 0(a5)
core   0: 3 0x000000008000ff10 (0x00e78023) mem 0x00000000800120d8 0x00
core   0: 0x000000008000ff14 (0xfc843703) ld      a4, -56(s0)
core   0: 3 0x000000008000ff14 (0xfc843703) x14 0x0000000080012040 mem 0x0000000080031f38
core   0: 0x000000008000ff18 (0xfb843783) ld      a5, -72(s0)
core   0: 3 0x000000008000ff18 (0xfb843783) x15 0x000000000000009c mem 0x0000000080031f28
core   0: 0x000000008000ff1c (0x000097ba) c.add   a5, a4
core   0: 3 0x000000008000ff1c (0x97ba) x15 0x00000000800120dc
core   0: 0x000000008000ff1e (0xfe043703) ld      a4, -32(s0)
core   0: 3 0x000000008000ff1e (0xfe043703) x14 0x00000000800120d9 mem 0x0000000080031f50
core   0: 0x000000008000ff22 (0xfcf76de3) bltu    a4, a5, pc - 38
core   0: 3 0x000000008000ff22 (0xfcf76de3)
core   0: 0x000000008000fefc (0xfe043783) ld      a5, -32(s0)
core   0: 3 0x000000008000fefc (0xfe043783) x15 0x00000000800120d9 mem 0x0000000080031f50
core   0: 0x000000008000ff00 (0x00178713) addi    a4, a5, 1
core   0: 3 0x000000008000ff00 (0x00178713) x14 0x00000000800120da
core   0: 0x000000008000ff04 (0xfee43023) sd      a4, -32(s0)
core   0: 3 0x000000008000ff04 (0xfee43023) mem 0x0000000080031f50 0x00000000800120da
core   0: 0x000000008000ff08 (0xfc442703) lw      a4, -60(s0)
core   0: 3 0x000000008000ff08 (0xfc442703) x14 0x0000000000000000 mem 0x0000000080031f34
core   0: 0x000000008000ff0c (0x0ff77713) andi    a4, a4, 255
core   0: 3 0x000000008000ff0c (0x0ff77713) x14 0x0000000000000000
core   0: 0x000000008000ff10 (0x00e78023) sb      a4, 0(a5)
core   0: 3 0x000000008000ff10 (0x00e78023) mem 0x00000000800120d9 0x00
core   0: 0x000000008000ff14 (0xfc843703) ld      a4, -56(s0)
core   0: 3 0x000000008000ff14 (0xfc843703) x14 0x0000000080012040 mem 0x0000000080031f38
core   0: 0x000000008000ff18 (0xfb843783) ld      a5, -72(s0)
core   0: 3 0x000000008000ff18 (0xfb843783) x15 0x000000000000009c mem 0x0000000080031f28
core   0: 0x000000008000ff1c (0x000097ba) c.add   a5, a4
core   0: 3 0x000000008000ff1c (0x97ba) x15 0x00000000800120dc
core   0: 0x000000008000ff1e (0xfe043703) ld      a4, -32(s0)
core   0: 3 0x000000008000ff1e (0xfe043703) x14 0x00000000800120da mem 0x0000000080031f50
core   0: 0x000000008000ff22 (0xfcf76de3) bltu    a4, a5, pc - 38
core   0: 3 0x000000008000ff22 (0xfcf76de3)
core   0: 0x000000008000fefc (0xfe043783) ld      a5, -32(s0)
core   0: 3 0x000000008000fefc (0xfe043783) x15 0x00000000800120da mem 0x0000000080031f50
core   0: 0x000000008000ff00 (0x00178713) addi    a4, a5, 1
core   0: 3 0x000000008000ff00 (0x00178713) x14 0x00000000800120db
core   0: 0x000000008000ff04 (0xfee43023) sd      a4, -32(s0)
core   0: 3 0x000000008000ff04 (0xfee43023) mem 0x0000000080031f50 0x00000000800120db
core   0: 0x000000008000ff08 (0xfc442703) lw      a4, -60(s0)
core   0: 3 0x000000008000ff08 (0xfc442703) x14 0x0000000000000000 mem 0x0000000080031f34
core   0: 0x000000008000ff0c (0x0ff77713) andi    a4, a4, 255
core   0: 3 0x000000008000ff0c (0x0ff77713) x14 0x0000000000000000
core   0: 0x000000008000ff10 (0x00e78023) sb      a4, 0(a5)
core   0: 3 0x000000008000ff10 (0x00e78023) mem 0x00000000800120da 0x00
core   0: 0x000000008000ff14 (0xfc843703) ld      a4, -56(s0)
core   0: 3 0x000000008000ff14 (0xfc843703) x14 0x0000000080012040 mem 0x0000000080031f38
core   0: 0x000000008000ff18 (0xfb843783) ld      a5, -72(s0)
core   0: 3 0x000000008000ff18 (0xfb843783) x15 0x000000000000009c mem 0x0000000080031f28
core   0: 0x000000008000ff1c (0x000097ba) c.add   a5, a4
core   0: 3 0x000000008000ff1c (0x97ba) x15 0x00000000800120dc
core   0: 0x000000008000ff1e (0xfe043703) ld      a4, -32(s0)
core   0: 3 0x000000008000ff1e (0xfe043703) x14 0x00000000800120db mem 0x0000000080031f50
core   0: 0x000000008000ff22 (0xfcf76de3) bltu    a4, a5, pc - 38
core   0: 3 0x000000008000ff22 (0xfcf76de3)
core   0: 0x000000008000fefc (0xfe043783) ld      a5, -32(s0)
core   0: 3 0x000000008000fefc (0xfe043783) x15 0x00000000800120db mem 0x0000000080031f50
core   0: 0x000000008000ff00 (0x00178713) addi    a4, a5, 1
core   0: 3 0x000000008000ff00 (0x00178713) x14 0x00000000800120dc
core   0: 0x000000008000ff04 (0xfee43023) sd      a4, -32(s0)
core   0: 3 0x000000008000ff04 (0xfee43023) mem 0x0000000080031f50 0x00000000800120dc
core   0: 0x000000008000ff08 (0xfc442703) lw      a4, -60(s0)
core   0: 3 0x000000008000ff08 (0xfc442703) x14 0x0000000000000000 mem 0x0000000080031f34
core   0: 0x000000008000ff0c (0x0ff77713) andi    a4, a4, 255
core   0: 3 0x000000008000ff0c (0x0ff77713) x14 0x0000000000000000
core   0: 0x000000008000ff10 (0x00e78023) sb      a4, 0(a5)
core   0: 3 0x000000008000ff10 (0x00e78023) mem 0x00000000800120db 0x00
core   0: 0x000000008000ff14 (0xfc843703) ld      a4, -56(s0)
core   0: 3 0x000000008000ff14 (0xfc843703) x14 0x0000000080012040 mem 0x0000000080031f38
core   0: 0x000000008000ff18 (0xfb843783) ld      a5, -72(s0)
core   0: 3 0x000000008000ff18 (0xfb843783) x15 0x000000000000009c mem 0x0000000080031f28
core   0: 0x000000008000ff1c (0x000097ba) c.add   a5, a4
core   0: 3 0x000000008000ff1c (0x97ba) x15 0x00000000800120dc
core   0: 0x000000008000ff1e (0xfe043703) ld      a4, -32(s0)
core   0: 3 0x000000008000ff1e (0xfe043703) x14 0x00000000800120dc mem 0x0000000080031f50
core   0: 0x000000008000ff22 (0xfcf76de3) bltu    a4, a5, pc - 38
core   0: 3 0x000000008000ff22 (0xfcf76de3)
core   0: 0x000000008000ff26 (0xfc843783) ld      a5, -56(s0)
core   0: 3 0x000000008000ff26 (0xfc843783) x15 0x0000000080012040 mem 0x0000000080031f38
core   0: 0x000000008000ff2a (0x0000853e) c.mv    a0, a5
core   0: 3 0x000000008000ff2a (0x853e) x10 0x0000000080012040
core   0: 0x000000008000ff2c (0x00006426) c.ldsp  s0, 72(sp)
core   0: 3 0x000000008000ff2c (0x6426) x8  0x0000000080031f90 mem 0x0000000080031f68
core   0: 0x000000008000ff2e (0x00006161) c.addi16sp sp, 80
core   0: 3 0x000000008000ff2e (0x6161) x2  0x0000000080031f70
core   0: 0x000000008000ff30 (0x00008082) ret
core   0: 3 0x000000008000ff30 (0x8082)
core   0: 0x000000008000f4e4 (0x00000001) c.nop
core   0: 3 0x000000008000f4e4 (0x0001)
core   0: 0x000000008000f4e6 (0x000060e2) c.ldsp  ra, 24(sp)
core   0: 3 0x000000008000f4e6 (0x60e2) x1  0x000000008000f524 mem 0x0000000080031f88
core   0: 0x000000008000f4e8 (0x00006442) c.ldsp  s0, 16(sp)
core   0: 3 0x000000008000f4e8 (0x6442) x8  0x0000000080032040 mem 0x0000000080031f80
core   0: 0x000000008000f4ea (0x00006105) c.addi16sp sp, 32
core   0: 3 0x000000008000f4ea (0x6105) x2  0x0000000080031f90
core   0: 0x000000008000f4ec (0x00008082) ret
core   0: 3 0x000000008000f4ec (0x8082)
core   0: 0x000000008000f524 (0xf5842703) lw      a4, -168(s0)
core   0: 3 0x000000008000f524 (0xf5842703) x14 0x0000000000000001 mem 0x0000000080031f98
core   0: 0x000000008000f528 (0xf5c42783) lw      a5, -164(s0)
core   0: 3 0x000000008000f528 (0xf5c42783) x15 0x0000000000000000 mem 0x0000000080031f9c
core   0: 0x000000008000f52c (0x000085ba) c.mv    a1, a4
core   0: 3 0x000000008000f52c (0x85ba) x11 0x0000000000000001
core   0: 0x000000008000f52e (0x0000853e) c.mv    a0, a5
core   0: 3 0x000000008000f52e (0x853e) x10 0x0000000000000000
core   0: 0x000000008000f530 (0xf03ff0ef) jal     pc - 0xfe
core   0: 3 0x000000008000f530 (0xf03ff0ef) x1  0x000000008000f534
core   0: >>>>  thread_entry
core   0: 0x000000008000f432 (0x00001101) c.addi  sp, -32
core   0: 3 0x000000008000f432 (0x1101) x2  0x0000000080031f70
core   0: 0x000000008000f434 (0x0000ec22) c.sdsp  s0, 24(sp)
core   0: 3 0x000000008000f434 (0xec22) mem 0x0000000080031f88 0x0000000080032040
core   0: 0x000000008000f436 (0x00001000) c.addi4spn s0, sp, 32
core   0: 3 0x000000008000f436 (0x1000) x8  0x0000000080031f90
core   0: 0x000000008000f438 (0x000087aa) c.mv    a5, a0
core   0: 3 0x000000008000f438 (0x87aa) x15 0x0000000000000000
core   0: 0x000000008000f43a (0x0000872e) c.mv    a4, a1
core   0: 3 0x000000008000f43a (0x872e) x14 0x0000000000000001
core   0: 0x000000008000f43c (0xfef42623) sw      a5, -20(s0)
core   0: 3 0x000000008000f43c (0xfef42623) mem 0x0000000080031f7c 0x00000000
core   0: 0x000000008000f440 (0x000087ba) c.mv    a5, a4
core   0: 3 0x000000008000f440 (0x87ba) x15 0x0000000000000001
core   0: 0x000000008000f442 (0xfef42423) sw      a5, -24(s0)
core   0: 3 0x000000008000f442 (0xfef42423) mem 0x0000000080031f78 0x00000001
core   0: 0x000000008000f446 (0x00000001) c.nop
core   0: 3 0x000000008000f446 (0x0001)
core   0: 0x000000008000f448 (0xfec42783) lw      a5, -20(s0)
core   0: 3 0x000000008000f448 (0xfec42783) x15 0x0000000000000000 mem 0x0000000080031f7c
core   0: 0x000000008000f44c (0x00002781) c.addiw a5, 0
core   0: 3 0x000000008000f44c (0x2781) x15 0x0000000000000000
core   0: 0x000000008000f44e (0x0000ffed) c.bnez  a5, pc - 6
core   0: 3 0x000000008000f44e (0xffed)
core   0: 0x000000008000f450 (0x00000001) c.nop
core   0: 3 0x000000008000f450 (0x0001)
core   0: 0x000000008000f452 (0x00000001) c.nop
core   0: 3 0x000000008000f452 (0x0001)
core   0: 0x000000008000f454 (0x00006462) c.ldsp  s0, 24(sp)
core   0: 3 0x000000008000f454 (0x6462) x8  0x0000000080032040 mem 0x0000000080031f88
core   0: 0x000000008000f456 (0x00006105) c.addi16sp sp, 32
core   0: 3 0x000000008000f456 (0x6105) x2  0x0000000080031f90
core   0: 0x000000008000f458 (0x00008082) ret
core   0: 3 0x000000008000f458 (0x8082)
core   0: 0x000000008000f534 (0x00004581) c.li    a1, 0
core   0: 3 0x000000008000f534 (0x4581) x11 0x0000000000000000
core   0: 0x000000008000f536 (0x00004501) c.li    a0, 0
core   0: 3 0x000000008000f536 (0x4501) x10 0x0000000000000000
core   0: 0x000000008000f538 (0xac9f20ef) jal     pc - 0xd538
core   0: 3 0x000000008000f538 (0xac9f20ef) x1  0x000000008000f53c
core   0: >>>>  main
core   0: 0x0000000080002000 (0x00000001) c.nop
core   0: 3 0x0000000080002000 (0x0001)
core   0: >>>>  trap_vec_init
core   0: 0x0000000080002002 (0x00002797) auipc   a5, 0x2
core   0: 3 0x0000000080002002 (0x00002797) x15 0x0000000080004002
core   0: 0x0000000080002006 (0xffe78793) addi    a5, a5, -2
core   0: 3 0x0000000080002006 (0xffe78793) x15 0x0000000080004000
core   0: 0x000000008000200a (0x30579073) csrrw   zero, mtvec, a5
core   0: 3 0x000000008000200a (0x30579073) c773_mtvec 0x0000000080004000
core   0: >>>>  pmp_setup
core   0: 0x000000008000200e (0x00002c17) auipc   s8, 0x2
core   0: 3 0x000000008000200e (0x00002c17) x24 0x000000008000400e
core   0: 0x0000000080002012 (0x022c0c13) addi    s8, s8, 34
core   0: 3 0x0000000080002012 (0x022c0c13) x24 0x0000000080004030
core   0: 0x0000000080002016 (0x00004781) c.li    a5, 0
core   0: 3 0x0000000080002016 (0x4781) x15 0x0000000000000000
core   0: 0x0000000080002018 (0x00009c3e) c.add   s8, a5
core   0: 3 0x0000000080002018 (0x9c3e) x24 0x0000000080004030
core   0: 0x000000008000201a (0x3b0c1073) csrrw   zero, pmpaddr0, s8
core   0: 3 0x000000008000201a (0x3b0c1073) c944_pmpaddr0 0x0000000080004030
core   0: 0x000000008000201e (0x00004c3d) c.li    s8, 15
core   0: 3 0x000000008000201e (0x4c3d) x24 0x000000000000000f
core   0: 0x0000000080002020 (0x3a0c1073) csrrw   zero, pmpcfg0, s8
core   0: 3 0x0000000080002020 (0x3a0c1073) c928_pmpcfg0 0x000000000000000f
core   0: 0x0000000080002024 (0x12000073) sfence.vma zero, zero
core   0: 3 0x0000000080002024 (0x12000073)
core   0: >>>>  mepc_setup
core   0: 0x0000000080002028 (0x00002797) auipc   a5, 0x2
core   0: 3 0x0000000080002028 (0x00002797) x15 0x0000000080004028
core   0: 0x000000008000202c (0x00878793) addi    a5, a5, 8
core   0: 3 0x000000008000202c (0x00878793) x15 0x0000000080004030
core   0: 0x0000000080002030 (0x34179073) csrrw   zero, mepc, a5
core   0: 3 0x0000000080002030 (0x34179073) c833_mepc 0x0000000080004030
core   0: >>>>  custom_csr_setup
core   0: 0x0000000080002034 (0x00100f9b) addiw   t6, zero, 1
core   0: 3 0x0000000080002034 (0x00100f9b) x31 0x0000000000000001
core   0: 0x0000000080002038 (0x00000ffe) c.slli  t6, 31
core   0: 3 0x0000000080002038 (0x0ffe) x31 0x0000000080000000
core   0: 0x000000008000203a (0x00000001) c.nop
core   0: 3 0x000000008000203a (0x0001)
core   0: >>>>  init_s_mode
core   0: 0x000000008000203c (0xfff0079b) addiw   a5, zero, -1
core   0: 3 0x000000008000203c (0xfff0079b) x15 0xffffffffffffffff
core   0: 0x0000000080002040 (0x000017fe) c.slli  a5, 63
core   0: 3 0x0000000080002040 (0x17fe) x15 0x8000000000000000
core   0: 0x0000000080002042 (0x18079073) csrrw   zero, satp, a5
core   0: 3 0x0000000080002042 (0x18079073) c384_satp 0x8000000000000000
core   0: 0x0000000080002046 (0x0000f797) auipc   a5, 0xf
core   0: 3 0x0000000080002046 (0x0000f797) x15 0x0000000080011046
core   0: 0x000000008000204a (0xfba78793) addi    a5, a5, -70
core   0: 3 0x000000008000204a (0xfba78793) x15 0x0000000080011000
core   0: 0x000000008000204e (0x000083b1) c.srli  a5, 12
core   0: 3 0x000000008000204e (0x83b1) x15 0x0000000000080011
core   0: 0x0000000080002050 (0x0010061b) addiw   a2, zero, 1
core   0: 3 0x0000000080002050 (0x0010061b) x12 0x0000000000000001
core   0: 0x0000000080002054 (0x00001632) c.slli  a2, 44
core   0: 3 0x0000000080002054 (0x1632) x12 0x0000100000000000
core   0: 0x0000000080002056 (0x0000167d) c.addi  a2, -1
core   0: 3 0x0000000080002056 (0x167d) x12 0x00000fffffffffff
core   0: 0x0000000080002058 (0x00008ff1) c.and   a5, a2
core   0: 3 0x0000000080002058 (0x8ff1) x15 0x0000000000080011
core   0: 0x000000008000205a (0x1807a073) csrrs   zero, satp, a5
core   0: 3 0x000000008000205a (0x1807a073) c384_satp 0x8000000000080011
core   0: 0x000000008000205e (0x00a005b7) lui     a1, 0xa00
core   0: 3 0x000000008000205e (0x00a005b7) x11 0x0000000000a00000
core   0: 0x0000000080002062 (0x10b5859b) addiw   a1, a1, 267
core   0: 3 0x0000000080002062 (0x10b5859b) x11 0x0000000000a0010b
core   0: 0x0000000080002066 (0x000005b2) c.slli  a1, 12
core   0: 3 0x0000000080002066 (0x05b2) x11 0x0000000a0010b000
core   0: 0x0000000080002068 (0xa0058593) addi    a1, a1, -1536
core   0: 3 0x0000000080002068 (0xa0058593) x11 0x0000000a0010aa00
core   0: 0x000000008000206c (0x30059073) csrrw   zero, mstatus, a1
core   0: 3 0x000000008000206c (0x30059073) c768_mstatus 0x0000000a00102800
core   0: 0x0000000080002070 (0x30459073) csrrw   zero, mie, a1
core   0: 3 0x0000000080002070 (0x30459073) c772_mie 0x0000000000000a00
core   0: 0x0000000080002074 (0x00a005b7) lui     a1, 0xa00
core   0: 3 0x0000000080002074 (0x00a005b7) x11 0x0000000000a00000
core   0: 0x0000000080002078 (0x10b5859b) addiw   a1, a1, 267
core   0: 3 0x0000000080002078 (0x10b5859b) x11 0x0000000000a0010b
core   0: 0x000000008000207c (0x000005b2) c.slli  a1, 12
core   0: 3 0x000000008000207c (0x05b2) x11 0x0000000a0010b000
core   0: 0x000000008000207e (0xa0058593) addi    a1, a1, -1536
core   0: 3 0x000000008000207e (0xa0058593) x11 0x0000000a0010aa00
core   0: 0x0000000080002082 (0x10059073) csrrw   zero, sstatus, a1
core   0: 3 0x0000000080002082 (0x10059073) c768_mstatus 0x0000000a00102800
core   0: 0x0000000080002086 (0x10459073) csrrw   zero, sie, a1
core   0: 3 0x0000000080002086 (0x10459073) c772_mie 0x0000000000000a00
core   0: 0x000000008000208a (0x30200073) mret
core   0: 3 0x000000008000208a (0x30200073) c768_mstatus 0x0000000a00102080
core   0: >>>>  main_g
core   0: 0x0000000080004030 (0x000092fd) c.srli  a3, 63
core   0: 1 0x0000000080004030 (0x92fd) x13 0x0000000000000000
core   0: 0x0000000080004032 (0x83f50613) addi    a2, a0, -1985
core   0: 1 0x0000000080004032 (0x83f50613) x12 0xfffffffffffff83f
core   0: 0x0000000080004036 (0x0ff0000f) fence   iorw,iorw
core   0: 1 0x0000000080004036 (0x0ff0000f)
core   0: 0x000000008000403a (0x025da133) mulhsu  sp, s11, t0
core   0: 1 0x000000008000403a (0x025da133) x2  0x0000000000000000
core   0: 0x000000008000403e (0xf9be0e1b) addiw   t3, t3, -101
core   0: 1 0x000000008000403e (0xf9be0e1b) x28 0xffffffffffffff9b
core   0: 0x0000000080004042 (0xf270f0cf) fnmadd.d ft1, ft1, ft7, ft10
core   0: 1 0x0000000080004042 (0xf270f0cf) c768_mstatus 0x8000000a00106080 f1  0x7ff8000000000000
core   0: 0x0000000080004046 (0x03fc1913) slli    s2, s8, 63
core   0: 1 0x0000000080004046 (0x03fc1913) x18 0x8000000000000000
core   0: 0x000000008000404a (0xc2337a53) fcvt.lu.d s4, ft6
core   0: 1 0x000000008000404a (0xc2337a53) c1_fflags 0x0000000000000010 x20 0xffffffffffffffff
core   0: 0x000000008000404e (0x0030133b) sllw    t1, zero, gp
core   0: 1 0x000000008000404e (0x0030133b) x6  0x0000000000000000
core   0: 0x0000000080004052 (0x035b1ab3) mulh    s5, s6, s5
core   0: 1 0x0000000080004052 (0x035b1ab3) x21 0x0000000000000000
core   0: 0x0000000080004056 (0x4168d6bb) sraw    a3, a7, s6
core   0: 1 0x0000000080004056 (0x4168d6bb) x13 0x0000000000000000
core   0: 0x000000008000405a (0xd03af153) fcvt.s.lu ft2, s5
core   0: 1 0x000000008000405a (0xd03af153) f2  0xffffffff00000000
core   0: 0x000000008000405e (0x1441c7b7) lui     a5, 0x1441c
core   0: 1 0x000000008000405e (0x1441c7b7) x15 0x000000001441c000
core   0: 0x0000000080004062 (0xbc09ea97) auipc   s5, 0xbc09e
core   0: 1 0x0000000080004062 (0xbc09ea97) x21 0x000000003c0a2062
core   0: 0x0000000080004066 (0xc220f4d3) fcvt.l.d s1, ft1
core   0: 1 0x0000000080004066 (0xc220f4d3) c1_fflags 0x0000000000000010 x9  0x7fffffffffffffff
core   0: 0x000000008000406a (0x4a1f74c3) fmadd.d fs1, ft10, ft1, fs1
core   0: 1 0x000000008000406a (0x4a1f74c3) f9  0x7ff8000000000000
core   0: 0x000000008000406e (0x40085c93) srai    s9, a6, 0
core   0: 1 0x000000008000406e (0x40085c93) x25 0x0000000000000000
core   0: 0x0000000080004072 (0x00f3dd1b) srliw   s10, t2, 15
core   0: 1 0x0000000080004072 (0x00f3dd1b) x26 0x0000000000000000
core   0: 0x0000000080004076 (0x4011561b) sraiw   a2, sp, 1
core   0: 1 0x0000000080004076 (0x4011561b) x12 0x0000000000000000
core   0: 0x000000008000407a (0x14062ef3) csrrs   t4, sscratch, a2
core   0: 1 0x000000008000407a (0x14062ef3) x29 0x0000000000000000 c320_sscratch 0x0000000000000000
core   0: 0x000000008000407e (0x001bf113) andi    sp, s7, 1
core   0: 1 0x000000008000407e (0x001bf113) x2  0x0000000000000000
core   0: 0x0000000080004082 (0x02ead733) divu    a4, s5, a4
core   0: 1 0x0000000080004082 (0x02ead733) x14 0x000000003c0a2062
core   0: 0x0000000080004086 (0x43f75d13) srai    s10, a4, 63
core   0: 1 0x0000000080004086 (0x43f75d13) x26 0x0000000000000000
core   0: 0x000000008000408a (0x02ee3b33) mulhu   s6, t3, a4
core   0: 1 0x000000008000408a (0x02ee3b33) x22 0x000000003c0a2061
core   0: 0x000000008000408e (0x141d1673) csrrw   a2, sepc, s10
core   0: 1 0x000000008000408e (0x141d1673) x12 0x0000000000000000 c321_sepc 0x0000000000000000
core   0: 0x0000000080004092 (0x00fa1e1b) slliw   t3, s4, 15
core   0: 1 0x0000000080004092 (0x00fa1e1b) x28 0xffffffffffff8000
core   0: 0x0000000080004096 (0x0221fed3) fadd.d  ft9, ft3, ft2
core   0: 1 0x0000000080004096 (0x0221fed3) f29 0x7ff8000000000000
core   0: 0x000000008000409a (0xc027f453) fcvt.l.s s0, fa5
core   0: 1 0x000000008000409a (0xc027f453) x8  0x0000000000000000
core   0: 0x000000008000409e (0x009ede93) srli    t4, t4, 9
core   0: 1 0x000000008000409e (0x009ede93) x29 0x0000000000000000
core   0: 0x00000000800040a2 (0xd23dfc53) fcvt.d.lu fs8, s11
core   0: 1 0x00000000800040a2 (0xd23dfc53) f24 0x0000000000000000
core   0: 0x00000000800040a6 (0x415a093b) subw    s2, s4, s5
core   0: 1 0x00000000800040a6 (0x415a093b) x18 0xffffffffc3f5df9d
core   0: 0x00000000800040aa (0x02b5f2b3) remu    t0, a1, a1
core   0: 1 0x00000000800040aa (0x02b5f2b3) x5  0x0000000000000000
core   0: 0x00000000800040ae (0x0000955e) c.add   a0, s7
core   0: 1 0x00000000800040ae (0x955e) x10 0x0000000000000000
core   0: 0x00000000800040b0 (0x0000823e) c.mv    tp, a5
core   0: 1 0x00000000800040b0 (0x823e) x4  0x000000001441c000
core   0: 0x00000000800040b2 (0x00b257bb) srlw    a5, tp, a1
core   0: 1 0x00000000800040b2 (0x00b257bb) x15 0x000000001441c000
core   0: 0x00000000800040b6 (0x013902bb) addw    t0, s2, s3
core   0: 1 0x00000000800040b6 (0x013902bb) x5  0xffffffffc3f5df9d
core   0: 0x00000000800040ba (0x00000001) c.nop
core   0: 1 0x00000000800040ba (0x0001)
core   0: 0x00000000800040bc (0x01bdde9b) srliw   t4, s11, 27
core   0: 1 0x00000000800040bc (0x01bdde9b) x29 0x0000000000000000
core   0: 0x00000000800040c0 (0x418e52bb) sraw    t0, t3, s8
core   0: 1 0x00000000800040c0 (0x418e52bb) x5  0xffffffffffffffff
core   0: 0x00000000800040c4 (0x00001afe) c.slli  s5, 63
core   0: 1 0x00000000800040c4 (0x1afe) x21 0x0000000000000000
core   0: 0x00000000800040c6 (0x0000cd93) xori    s11, ra, 0
core   0: 1 0x00000000800040c6 (0x0000cd93) x27 0x000000008000f53c
core   0: 0x00000000800040ca (0x419c8c33) sub     s8, s9, s9
core   0: 1 0x00000000800040ca (0x419c8c33) x24 0x0000000000000000
core   0: 0x00000000800040ce (0x420982d3) fcvt.d.s ft5, fs3
core   0: 1 0x00000000800040ce (0x420982d3) f5  0x0000000000000000
core   0: 0x00000000800040d2 (0x3100d3f3) csrrwi  t2, mstatush, 1
core   0: exception trap_illegal_instruction, epc 0x00000000800040d2
core   0:           tval 0x000000003100d3f3
core   0: >>>>  $xrv64i2p1_m2p0_a2p1_f2p2_d2p2_zicsr2p0_zifencei2p0_zmmul1p0_zba1p0_zbb1p0_zbc1p0_zbs1p0
core   0: 0x0000000080004000 (0x0080006f) j       pc + 0x8
core   0: 3 0x0000000080004000 (0x0080006f)
core   0: >>>>  mmode_exception_handler
core   0: 0x0000000080004008 (0x00002c17) auipc   s8, 0x2
core   0: 3 0x0000000080004008 (0x00002c17) x24 0x0000000080006008
core   0: 0x000000008000400c (0x056c0c13) addi    s8, s8, 86
core   0: 3 0x000000008000400c (0x056c0c13) x24 0x000000008000605e
core   0: 0x0000000080004010 (0x000c00e7) jalr    s8
core   0: 3 0x0000000080004010 (0x000c00e7) x1  0x0000000080004014
core   0: >>>>  any_handler
core   0: 0x000000008000605e (0x341027f3) csrrs   a5, mepc, zero
core   0: 3 0x000000008000605e (0x341027f3) x15 0x00000000800040d2
core   0: 0x0000000080006062 (0x34202773) csrrs   a4, mcause, zero
core   0: 3 0x0000000080006062 (0x34202773) x14 0x0000000000000002
core   0: 0x0000000080006066 (0x142026f3) csrrs   a3, scause, zero
core   0: 3 0x0000000080006066 (0x142026f3) x13 0x0000000000000000
core   0: 0x000000008000606a (0x30402673) csrrs   a2, mie, zero
core   0: 3 0x000000008000606a (0x30402673) x12 0x0000000000000a00
core   0: 0x000000008000606e (0x344025f3) csrrs   a1, mip, zero
core   0: 3 0x000000008000606e (0x344025f3) x11 0x0000000000000080
core   0: 0x0000000080006072 (0x343025f3) csrrs   a1, mtval, zero
core   0: 3 0x0000000080006072 (0x343025f3) x11 0x000000003100d3f3
core   0: 0x0000000080006076 (0x14302573) csrrs   a0, stval, zero
core   0: 3 0x0000000080006076 (0x14302573) x10 0x0000000000000000
core   0: 0x000000008000607a (0xb02024f3) csrrs   s1, minstret, zero
core   0: 3 0x000000008000607a (0xb02024f3) x9  0x00000000000007f6
core   0: 0x000000008000607e (0x0000a811) c.j     pc + 20
core   0: 3 0x000000008000607e (0xa811)
core   0: >>>>  mepc_4
core   0: 0x0000000080006092 (0x00000791) c.addi  a5, 4
core   0: 3 0x0000000080006092 (0x0791) x15 0x00000000800040d6
core   0: 0x0000000080006094 (0x34179073) csrrw   zero, mepc, a5
core   0: 3 0x0000000080006094 (0x34179073) c833_mepc 0x00000000800040d6
core   0: 0x0000000080006098 (0x30200073) mret
core   0: 3 0x0000000080006098 (0x30200073) c768_mstatus 0x8000000a00106080
core   0: 0x00000000800040d6 (0x001024f3) csrrs   s1, fflags, zero
core   0: 1 0x00000000800040d6 (0x001024f3) x9  0x0000000000000010
core   0: 0x00000000800040da (0xf114ddf3) csrrwi  s11, mvendorid, 9
core   0: exception trap_illegal_instruction, epc 0x00000000800040da
core   0:           tval 0x00000000f114ddf3
core   0: >>>>  $xrv64i2p1_m2p0_a2p1_f2p2_d2p2_zicsr2p0_zifencei2p0_zmmul1p0_zba1p0_zbb1p0_zbc1p0_zbs1p0
core   0: 0x0000000080004000 (0x0080006f) j       pc + 0x8
core   0: 3 0x0000000080004000 (0x0080006f)
core   0: >>>>  mmode_exception_handler
core   0: 0x0000000080004008 (0x00002c17) auipc   s8, 0x2
core   0: 3 0x0000000080004008 (0x00002c17) x24 0x0000000080006008
core   0: 0x000000008000400c (0x056c0c13) addi    s8, s8, 86
core   0: 3 0x000000008000400c (0x056c0c13) x24 0x000000008000605e
core   0: 0x0000000080004010 (0x000c00e7) jalr    s8
core   0: 3 0x0000000080004010 (0x000c00e7) x1  0x0000000080004014
core   0: >>>>  any_handler
core   0: 0x000000008000605e (0x341027f3) csrrs   a5, mepc, zero
core   0: 3 0x000000008000605e (0x341027f3) x15 0x00000000800040da
core   0: 0x0000000080006062 (0x34202773) csrrs   a4, mcause, zero
core   0: 3 0x0000000080006062 (0x34202773) x14 0x0000000000000002
core   0: 0x0000000080006066 (0x142026f3) csrrs   a3, scause, zero
core   0: 3 0x0000000080006066 (0x142026f3) x13 0x0000000000000000
core   0: 0x000000008000606a (0x30402673) csrrs   a2, mie, zero
core   0: 3 0x000000008000606a (0x30402673) x12 0x0000000000000a00
core   0: 0x000000008000606e (0x344025f3) csrrs   a1, mip, zero
core   0: 3 0x000000008000606e (0x344025f3) x11 0x0000000000000080
core   0: 0x0000000080006072 (0x343025f3) csrrs   a1, mtval, zero
core   0: 3 0x0000000080006072 (0x343025f3) x11 0x00000000f114ddf3
core   0: 0x0000000080006076 (0x14302573) csrrs   a0, stval, zero
core   0: 3 0x0000000080006076 (0x14302573) x10 0x0000000000000000
core   0: 0x000000008000607a (0xb02024f3) csrrs   s1, minstret, zero
core   0: 3 0x000000008000607a (0xb02024f3) x9  0x0000000000000807
core   0: 0x000000008000607e (0x0000a811) c.j     pc + 20
core   0: 3 0x000000008000607e (0xa811)
core   0: >>>>  mepc_4
core   0: 0x0000000080006092 (0x00000791) c.addi  a5, 4
core   0: 3 0x0000000080006092 (0x0791) x15 0x00000000800040de
core   0: 0x0000000080006094 (0x34179073) csrrw   zero, mepc, a5
core   0: 3 0x0000000080006094 (0x34179073) c833_mepc 0x00000000800040de
core   0: 0x0000000080006098 (0x30200073) mret
core   0: 3 0x0000000080006098 (0x30200073) c768_mstatus 0x8000000a00106080
core   0: 0x00000000800040de (0x009a4a33) xor     s4, s4, s1
core   0: 1 0x00000000800040de (0x009a4a33) x20 0xfffffffffffff7f8
core   0: 0x00000000800040e2 (0xe20c8ed3) fmv.x.d t4, fs9
core   0: 1 0x00000000800040e2 (0xe20c8ed3) x29 0xffffffff00000000
core   0: 0x00000000800040e6 (0xc03bf753) fcvt.lu.s a4, fs7
core   0: 1 0x00000000800040e6 (0xc03bf753) x14 0x0000000000000000
core   0: 0x00000000800040ea (0xf2030bd3) fmv.d.x fs7, t1
core   0: 1 0x00000000800040ea (0xf2030bd3) f23 0x0000000000000000
core   0: 0x00000000800040ee (0x0260bab3) mulhu   s5, ra, t1
core   0: 1 0x00000000800040ee (0x0260bab3) x21 0x0000000000000000
core   0: 0x00000000800040f2 (0x410dd813) srai    a6, s11, 16
core   0: 1 0x00000000800040f2 (0x410dd813) x16 0x0000000000008000
core   0: 0x00000000800040f6 (0x22487ccf) fnmadd.d fs9, fa6, ft4, ft4
core   0: 1 0x00000000800040f6 (0x22487ccf) f25 0x7ff8000000000000
core   0: 0x00000000800040fa (0x01f0d09b) srliw   ra, ra, 31
core   0: 1 0x00000000800040fa (0x01f0d09b) x1  0x0000000000000001
core   0: 0x00000000800040fe (0xc9780593) addi    a1, a6, -873
core   0: 1 0x00000000800040fe (0xc9780593) x11 0x0000000000007c97
core   0: 0x0000000080004102 (0x04f988b7) lui     a7, 0x4f98
core   0: 1 0x0000000080004102 (0x04f988b7) x17 0x0000000004f98000
core   0: 0x0000000080004106 (0x03d2453b) divw    a0, tp, t4
core   0: 1 0x0000000080004106 (0x03d2453b) x10 0xffffffffffffffff
core   0: 0x000000008000410a (0x038c4033) div     zero, s8, s8
core   0: 1 0x000000008000410a (0x038c4033)
core   0: 0x000000008000410e (0x3428a873) csrrs   a6, mcause, a7
core   0: exception trap_illegal_instruction, epc 0x000000008000410e
core   0:           tval 0x000000003428a873
core   0: >>>>  $xrv64i2p1_m2p0_a2p1_f2p2_d2p2_zicsr2p0_zifencei2p0_zmmul1p0_zba1p0_zbb1p0_zbc1p0_zbs1p0
core   0: 0x0000000080004000 (0x0080006f) j       pc + 0x8
core   0: 3 0x0000000080004000 (0x0080006f)
core   0: >>>>  mmode_exception_handler
core   0: 0x0000000080004008 (0x00002c17) auipc   s8, 0x2
core   0: 3 0x0000000080004008 (0x00002c17) x24 0x0000000080006008
core   0: 0x000000008000400c (0x056c0c13) addi    s8, s8, 86
core   0: 3 0x000000008000400c (0x056c0c13) x24 0x000000008000605e
core   0: 0x0000000080004010 (0x000c00e7) jalr    s8
core   0: 3 0x0000000080004010 (0x000c00e7) x1  0x0000000080004014
core   0: >>>>  any_handler
core   0: 0x000000008000605e (0x341027f3) csrrs   a5, mepc, zero
core   0: 3 0x000000008000605e (0x341027f3) x15 0x000000008000410e
core   0: 0x0000000080006062 (0x34202773) csrrs   a4, mcause, zero
core   0: 3 0x0000000080006062 (0x34202773) x14 0x0000000000000002
core   0: 0x0000000080006066 (0x142026f3) csrrs   a3, scause, zero
core   0: 3 0x0000000080006066 (0x142026f3) x13 0x0000000000000000
core   0: 0x000000008000606a (0x30402673) csrrs   a2, mie, zero
core   0: 3 0x000000008000606a (0x30402673) x12 0x0000000000000a00
core   0: 0x000000008000606e (0x344025f3) csrrs   a1, mip, zero
core   0: 3 0x000000008000606e (0x344025f3) x11 0x0000000000000080
core   0: 0x0000000080006072 (0x343025f3) csrrs   a1, mtval, zero
core   0: 3 0x0000000080006072 (0x343025f3) x11 0x000000003428a873
core   0: 0x0000000080006076 (0x14302573) csrrs   a0, stval, zero
core   0: 3 0x0000000080006076 (0x14302573) x10 0x0000000000000000
core   0: 0x000000008000607a (0xb02024f3) csrrs   s1, minstret, zero
core   0: 3 0x000000008000607a (0xb02024f3) x9  0x0000000000000823
core   0: 0x000000008000607e (0x0000a811) c.j     pc + 20
core   0: 3 0x000000008000607e (0xa811)
core   0: >>>>  mepc_4
core   0: 0x0000000080006092 (0x00000791) c.addi  a5, 4
core   0: 3 0x0000000080006092 (0x0791) x15 0x0000000080004112
core   0: 0x0000000080006094 (0x34179073) csrrw   zero, mepc, a5
core   0: 3 0x0000000080006094 (0x34179073) c833_mepc 0x0000000080004112
core   0: 0x0000000080006098 (0x30200073) mret
core   0: 3 0x0000000080006098 (0x30200073) c768_mstatus 0x8000000a00106080
core   0: 0x0000000080004112 (0x702a4a13) xori    s4, s4, 1794
core   0: 1 0x0000000080004112 (0x702a4a13) x20 0xfffffffffffff0fa
core   0: 0x0000000080004116 (0xc2227653) fcvt.l.d a2, ft4
core   0: 1 0x0000000080004116 (0xc2227653) c1_fflags 0x0000000000000010 x12 0x7fffffffffffffff
core   0: 0x000000008000411a (0x7a4ef393) andi    t2, t4, 1956
core   0: 1 0x000000008000411a (0x7a4ef393) x7  0x0000000000000000
core   0: 0x000000008000411e (0x0222f2d3) fadd.d  ft5, ft5, ft2
core   0: 1 0x000000008000411e (0x0222f2d3) f5  0x7ff8000000000000
core   0: 0x0000000080004122 (0x00000001) c.nop
core   0: 1 0x0000000080004122 (0x0001)
core   0: 0x0000000080004124 (0x22580fd3) fsgnj.d ft11, fa6, ft5
core   0: 1 0x0000000080004124 (0x22580fd3) f31 0x7fffffff00000000
core   0: 0x0000000080004128 (0x0ff0000f) fence   iorw,iorw
core   0: 1 0x0000000080004128 (0x0ff0000f)
core   0: 0x000000008000412c (0xc29a009b) addiw   ra, s4, -983
core   0: 1 0x000000008000412c (0xc29a009b) x1  0xffffffffffffed23
core   0: 0x0000000080004130 (0x0134d53b) srlw    a0, s1, s3
core   0: 1 0x0000000080004130 (0x0134d53b) x10 0x0000000000000823
core   0: 0x0000000080004134 (0x00a098bb) sllw    a7, ra, a0
core   0: 1 0x0000000080004134 (0x00a098bb) x17 0xffffffffffff6918
core   0: 0x0000000080004138 (0xd023f8d3) fcvt.s.l fa7, t2
core   0: 1 0x0000000080004138 (0xd023f8d3) f17 0xffffffff00000000
core   0: 0x000000008000413c (0x4009d69b) sraiw   a3, s3, 0
core   0: 1 0x000000008000413c (0x4009d69b) x13 0x0000000000000000
core   0: 0x0000000080004140 (0x40aad133) sra     sp, s5, a0
core   0: 1 0x0000000080004140 (0x40aad133) x2  0x0000000000000000
core   0: 0x0000000080004144 (0xc216f953) fcvt.wu.d s2, fa3
core   0: 1 0x0000000080004144 (0xc216f953) c1_fflags 0x0000000000000010 x18 0xffffffffffffffff
core   0: 0x0000000080004148 (0x1bcf7a53) fdiv.d  fs4, ft10, ft8
core   0: 1 0x0000000080004148 (0x1bcf7a53) f20 0x7ff8000000000000
core   0: 0x000000008000414c (0xd026fdd3) fcvt.s.l fs11, a3
core   0: 1 0x000000008000414c (0xd026fdd3) f27 0xffffffff00000000
core   0: 0x0000000080004150 (0x0ff0000f) fence   iorw,iorw
core   0: 1 0x0000000080004150 (0x0ff0000f)
core   0: 0x0000000080004154 (0x40cb8e3b) subw    t3, s7, a2
core   0: 1 0x0000000080004154 (0x40cb8e3b) x28 0x0000000000000001
core   0: 0x0000000080004158 (0x0074c733) xor     a4, s1, t2
core   0: 1 0x0000000080004158 (0x0074c733) x14 0x0000000000000823
core   0: 0x000000008000415c (0x003064b3) or      s1, zero, gp
core   0: 1 0x000000008000415c (0x003064b3) x9  0x0000000080012828
core   0: 0x0000000080004160 (0x15e3c393) xori    t2, t2, 350
core   0: 1 0x0000000080004160 (0x15e3c393) x7  0x000000000000015e
core   0: 0x0000000080004164 (0xd2277ed3) fcvt.d.l ft9, a4
core   0: 1 0x0000000080004164 (0xd2277ed3) f29 0x40a0460000000000
core   0: 0x0000000080004168 (0x03b3f453) fadd.d  fs0, ft7, fs11
core   0: 1 0x0000000080004168 (0x03b3f453) f8  0x7ff8000000000000
core   0: 0x000000008000416c (0xc03773d3) fcvt.lu.s t2, fa4
core   0: 1 0x000000008000416c (0xc03773d3) x7  0x0000000000000000
core   0: 0x0000000080004170 (0x12787ed3) fmul.d  ft9, fa6, ft7
core   0: 1 0x0000000080004170 (0x12787ed3) f29 0x7ff8000000000000
core   0: 0x0000000080004174 (0x033d17b3) mulh    a5, s10, s3
core   0: 1 0x0000000080004174 (0x033d17b3) x15 0x0000000000000000
core   0: 0x0000000080004178 (0x4270f0c3) fmadd.d ft1, ft1, ft7, fs0
core   0: 1 0x0000000080004178 (0x4270f0c3) f1  0x7ff8000000000000
core   0: 0x000000008000417c (0x02d72eb3) mulhsu  t4, a4, a3
core   0: 1 0x000000008000417c (0x02d72eb3) x29 0x0000000000000000
core   0: 0x0000000080004180 (0x5f90aab7) lui     s5, 0x5f90a
core   0: 1 0x0000000080004180 (0x5f90aab7) x21 0x000000005f90a000
core   0: 0x0000000080004184 (0x02ba8b33) mul     s6, s5, a1
core   0: 1 0x0000000080004184 (0x02ba8b33) x22 0x13788dfad6f7e000
core   0: 0x0000000080004188 (0x025ad2b3) divu    t0, s5, t0
core   0: 1 0x0000000080004188 (0x025ad2b3) x5  0x0000000000000000
core   0: 0x000000008000418c (0x1a8f73d3) fdiv.d  ft7, ft10, fs0
core   0: 1 0x000000008000418c (0x1a8f73d3) f7  0x7ff8000000000000
core   0: 0x0000000080004190 (0x23e97943) fmadd.d fs2, fs2, ft10, ft4
core   0: 1 0x0000000080004190 (0x23e97943) f18 0x7ff8000000000000
core   0: 0x0000000080004194 (0x0118c233) xor     tp, a7, a7
core   0: 1 0x0000000080004194 (0x0118c233) x4  0x0000000000000000
core   0: 0x0000000080004198 (0x03aedb93) srli    s7, t4, 58
core   0: 1 0x0000000080004198 (0x03aedb93) x23 0x0000000000000000
core   0: 0x000000008000419c (0x01a2ce33) xor     t3, t0, s10
core   0: 1 0x000000008000419c (0x01a2ce33) x28 0x0000000000000000
core   0: 0x00000000800041a0 (0x00392db3) slt     s11, s2, gp
core   0: 1 0x00000000800041a0 (0x00392db3) x27 0x0000000000000001
core   0: 0x00000000800041a4 (0x00a8d59b) srliw   a1, a7, 10
core   0: 1 0x00000000800041a4 (0x00a8d59b) x11 0x00000000003fffda
core   0: 0x00000000800041a8 (0x401f7e53) fcvt.s.d ft8, ft10
core   0: 1 0x00000000800041a8 (0x401f7e53) f28 0xffffffff7fc00000
core   0: 0x00000000800041ac (0x001b1c33) sll     s8, s6, ra
core   0: 1 0x00000000800041ac (0x001b1c33) x24 0xb7bf000000000000
core   0: 0x00000000800041b0 (0x006e0733) add     a4, t3, t1
core   0: 1 0x00000000800041b0 (0x006e0733) x14 0x0000000000000000
core   0: 0x00000000800041b4 (0x007753bb) srlw    t2, a4, t2
core   0: 1 0x00000000800041b4 (0x007753bb) x7  0x0000000000000000
core   0: 0x00000000800041b8 (0x039d4cbb) divw    s9, s10, s9
core   0: 1 0x00000000800041b8 (0x039d4cbb) x25 0xffffffffffffffff
core   0: 0x00000000800041bc (0x0bd47f53) fsub.d  ft10, fs0, ft9
core   0: 1 0x00000000800041bc (0x0bd47f53) f30 0x7ff8000000000000
core   0: 0x00000000800041c0 (0x069de337) lui     t1, 0x69de
core   0: 1 0x00000000800041c0 (0x069de337) x6  0x00000000069de000
core   0: 0x00000000800041c4 (0xa0f3031b) addiw   t1, t1, -1521
core   0: 1 0x00000000800041c4 (0xa0f3031b) x6  0x00000000069dda0f
core   0: 0x00000000800041c8 (0x00000332) c.slli  t1, 12
core   0: 1 0x00000000800041c8 (0x0332) x6  0x00000069dda0f000
core   0: 0x00000000800041ca (0xeb730313) addi    t1, t1, -329
core   0: 1 0x00000000800041ca (0xeb730313) x6  0x00000069dda0eeb7
core   0: 0x00000000800041ce (0xf20e0b53) fmv.d.x fs6, t3
core   0: 1 0x00000000800041ce (0xf20e0b53) f22 0x0000000000000000
core   0: 0x00000000800041d2 (0x400e5613) srai    a2, t3, 0
core   0: 1 0x00000000800041d2 (0x400e5613) x12 0x0000000000000000
core   0: 0x00000000800041d6 (0x406d0d33) sub     s10, s10, t1
core   0: 1 0x00000000800041d6 (0x406d0d33) x26 0xffffff96225f1149
core   0: 0x00000000800041da (0x00cd183b) sllw    a6, s10, a2
core   0: 1 0x00000000800041da (0x00cd183b) x16 0x00000000225f1149
core   0: 0x00000000800041de (0x73990d13) addi    s10, s2, 1849
core   0: 1 0x00000000800041de (0x73990d13) x26 0x0000000000000738
core   0: 0x00000000800041e2 (0x00000001) c.nop
core   0: 1 0x00000000800041e2 (0x0001)
core   0: 0x00000000800041e4 (0x034d8dbb) mulw    s11, s11, s4
core   0: 1 0x00000000800041e4 (0x034d8dbb) x27 0xfffffffffffff0fa
core   0: 0x00000000800041e8 (0xc214fb53) fcvt.wu.d s6, fs1
core   0: 1 0x00000000800041e8 (0xc214fb53) c1_fflags 0x0000000000000010 x22 0xffffffffffffffff
core   0: 0x00000000800041ec (0x3a50f3cb) fnmsub.d ft7, ft1, ft5, ft7
core   0: 1 0x00000000800041ec (0x3a50f3cb) f7  0x7ff8000000000000
core   0: 0x00000000800041f0 (0x23e79f53) fsgnjn.d ft10, fa5, ft10
core   0: 1 0x00000000800041f0 (0x23e79f53) f30 0xffffffff00000000
core   0: 0x00000000800041f4 (0x01b9d9b3) srl     s3, s3, s11
core   0: 1 0x00000000800041f4 (0x01b9d9b3) x19 0x0000000000000000
core   0: 0x00000000800041f8 (0x401ff453) fcvt.s.d fs0, ft11
core   0: 1 0x00000000800041f8 (0x401ff453) f8  0xffffffff7fc00000
core   0: 0x00000000800041fc (0xd22afe53) fcvt.d.l ft8, s5
core   0: 1 0x00000000800041fc (0xd22afe53) f28 0x41d7e42800000000
core   0: 0x0000000080004200 (0x001d8d1b) addiw   s10, s11, 1
core   0: 1 0x0000000080004200 (0x001d8d1b) x26 0xfffffffffffff0fb
core   0: 0x0000000080004204 (0xd21a8a53) fcvt.d.wu fs4, s5
core   0: 1 0x0000000080004204 (0xd21a8a53) f20 0x41d7e42800000000
core   0: 0x0000000080004208 (0x001024f3) csrrs   s1, fflags, zero
core   0: 1 0x0000000080004208 (0x001024f3) x9  0x0000000000000010
core   0: 0x000000008000420c (0x00a49b1b) slliw   s6, s1, 10
core   0: 1 0x000000008000420c (0x00a49b1b) x22 0x0000000000004000
core   0: 0x0000000080004210 (0x03a579b3) remu    s3, a0, s10
core   0: 1 0x0000000080004210 (0x03a579b3) x19 0x0000000000000823
core   0: 0x0000000080004214 (0x979f1d97) auipc   s11, 0x979f1
core   0: 1 0x0000000080004214 (0x979f1d97) x27 0x00000000179f5214
core   0: 0x0000000080004218 (0x420d83d3) fcvt.d.s ft7, fs11
core   0: 1 0x0000000080004218 (0x420d83d3) f7  0x0000000000000000
core   0: 0x000000008000421c (0x000d113b) sllw    sp, s10, zero
core   0: 1 0x000000008000421c (0x000d113b) x2  0xfffffffffffff0fb
core   0: 0x0000000080004220 (0x409c8cbb) subw    s9, s9, s1
core   0: 1 0x0000000080004220 (0x409c8cbb) x25 0xffffffffffffffef
core   0: 0x0000000080004224 (0x401bf253) fcvt.s.d ft4, fs7
core   0: 1 0x0000000080004224 (0x401bf253) f4  0xffffffff00000000
core   0: 0x0000000080004228 (0xd233ff53) fcvt.d.lu ft10, t2
core   0: 1 0x0000000080004228 (0xd233ff53) f30 0x0000000000000000
core   0: 0x000000008000422c (0x4196d733) sra     a4, a3, s9
core   0: 1 0x000000008000422c (0x4196d733) x14 0x0000000000000000
core   0: 0x0000000080004230 (0xc20dfad3) fcvt.w.d s5, fs11
core   0: 1 0x0000000080004230 (0xc20dfad3) c1_fflags 0x0000000000000010 x21 0x000000007fffffff
core   0: 0x0000000080004234 (0xd230f9d3) fcvt.d.lu fs3, ra
core   0: 1 0x0000000080004234 (0xd230f9d3) c1_fflags 0x0000000000000011 f19 0x43effffffffffffe
core   0: 0x0000000080004238 (0x401d5313) srai    t1, s10, 1
core   0: 1 0x0000000080004238 (0x401d5313) x6  0xfffffffffffff87d
core   0: 0x000000008000423c (0x0ad3ffd3) fsub.d  ft11, ft7, fa3
core   0: 1 0x000000008000423c (0x0ad3ffd3) f31 0x7ff8000000000000
core   0: 0x0000000080004240 (0x40630733) sub     a4, t1, t1
core   0: 1 0x0000000080004240 (0x40630733) x14 0x0000000000000000
core   0: 0x0000000080004244 (0x010a8abb) addw    s5, s5, a6
core   0: 1 0x0000000080004244 (0x010a8abb) x21 0xffffffffa25f1148
core   0: 0x0000000080004248 (0xeed2c013) xori    zero, t0, -275
core   0: 1 0x0000000080004248 (0xeed2c013)
core   0: 0x000000008000424c (0x014a7e33) and     t3, s4, s4
core   0: 1 0x000000008000424c (0x014a7e33) x28 0xfffffffffffff0fa
core   0: 0x0000000080004250 (0x0249c033) div     zero, s3, tp
core   0: 1 0x0000000080004250 (0x0249c033)
core   0: 0x0000000080004254 (0x41205d1b) sraiw   s10, zero, 18
core   0: 1 0x0000000080004254 (0x41205d1b) x26 0x0000000000000000
core   0: 0x0000000080004258 (0x420a0c53) fcvt.d.s fs8, fs4
core   0: 1 0x0000000080004258 (0x420a0c53) f24 0x7ff8000000000000
core   0: 0x000000008000425c (0x417e56bb) sraw    a3, t3, s7
core   0: 1 0x000000008000425c (0x417e56bb) x13 0xfffffffffffff0fa
core   0: 0x0000000080004260 (0x2e816493) ori     s1, sp, 744
core   0: 1 0x0000000080004260 (0x2e816493) x9  0xfffffffffffff2fb
core   0: 0x0000000080004264 (0x00101073) csrrw   zero, fflags, zero
core   0: 1 0x0000000080004264 (0x00101073) c1_fflags 0x0000000000000000
core   0: 0x0000000080004268 (0x30339cf3) csrrw   s9, mideleg, t2
core   0: exception trap_illegal_instruction, epc 0x0000000080004268
core   0:           tval 0x0000000030339cf3
core   0: >>>>  $xrv64i2p1_m2p0_a2p1_f2p2_d2p2_zicsr2p0_zifencei2p0_zmmul1p0_zba1p0_zbb1p0_zbc1p0_zbs1p0
core   0: 0x0000000080004000 (0x0080006f) j       pc + 0x8
core   0: 3 0x0000000080004000 (0x0080006f)
core   0: >>>>  mmode_exception_handler
core   0: 0x0000000080004008 (0x00002c17) auipc   s8, 0x2
core   0: 3 0x0000000080004008 (0x00002c17) x24 0x0000000080006008
core   0: 0x000000008000400c (0x056c0c13) addi    s8, s8, 86
core   0: 3 0x000000008000400c (0x056c0c13) x24 0x000000008000605e
core   0: 0x0000000080004010 (0x000c00e7) jalr    s8
core   0: 3 0x0000000080004010 (0x000c00e7) x1  0x0000000080004014
core   0: >>>>  any_handler
core   0: 0x000000008000605e (0x341027f3) csrrs   a5, mepc, zero
core   0: 3 0x000000008000605e (0x341027f3) x15 0x0000000080004268
core   0: 0x0000000080006062 (0x34202773) csrrs   a4, mcause, zero
core   0: 3 0x0000000080006062 (0x34202773) x14 0x0000000000000002
core   0: 0x0000000080006066 (0x142026f3) csrrs   a3, scause, zero
core   0: 3 0x0000000080006066 (0x142026f3) x13 0x0000000000000000
core   0: 0x000000008000606a (0x30402673) csrrs   a2, mie, zero
core   0: 3 0x000000008000606a (0x30402673) x12 0x0000000000000a00
core   0: 0x000000008000606e (0x344025f3) csrrs   a1, mip, zero
core   0: 3 0x000000008000606e (0x344025f3) x11 0x0000000000000080
core   0: 0x0000000080006072 (0x343025f3) csrrs   a1, mtval, zero
core   0: 3 0x0000000080006072 (0x343025f3) x11 0x0000000030339cf3
core   0: 0x0000000080006076 (0x14302573) csrrs   a0, stval, zero
core   0: 3 0x0000000080006076 (0x14302573) x10 0x0000000000000000
core   0: 0x000000008000607a (0xb02024f3) csrrs   s1, minstret, zero
core   0: 3 0x000000008000607a (0xb02024f3) x9  0x000000000000088a
core   0: 0x000000008000607e (0x0000a811) c.j     pc + 20
core   0: 3 0x000000008000607e (0xa811)
core   0: >>>>  mepc_4
core   0: 0x0000000080006092 (0x00000791) c.addi  a5, 4
core   0: 3 0x0000000080006092 (0x0791) x15 0x000000008000426c
core   0: 0x0000000080006094 (0x34179073) csrrw   zero, mepc, a5
core   0: 3 0x0000000080006094 (0x34179073) c833_mepc 0x000000008000426c
core   0: 0x0000000080006098 (0x30200073) mret
core   0: 3 0x0000000080006098 (0x30200073) c768_mstatus 0x8000000a00106080
core   0: 0x000000008000426c (0xd22374d3) fcvt.d.l fs1, t1
core   0: 1 0x000000008000426c (0xd22374d3) f9  0xc09e0c0000000000
core   0: 0x0000000080004270 (0xc02cf4d3) fcvt.l.s s1, fs9
core   0: 1 0x0000000080004270 (0xc02cf4d3) c1_fflags 0x0000000000000010 x9  0x7fffffffffffffff
core   0: 0x0000000080004274 (0xd23ef1d3) fcvt.d.lu ft3, t4
core   0: 1 0x0000000080004274 (0xd23ef1d3) f3  0x0000000000000000
core   0: 0x0000000080004278 (0x0bcd7d53) fsub.d  fs10, fs10, ft8
core   0: 1 0x0000000080004278 (0x0bcd7d53) f26 0x7ff8000000000000
core   0: 0x000000008000427c (0x002e9673) csrrw   a2, frm, t4
core   0: 1 0x000000008000427c (0x002e9673) x12 0x0000000000000000 c2_frm 0x0000000000000000
core   0: 0x0000000080004280 (0xfa1db917) auipc   s2, 0xfa1db
core   0: 1 0x0000000080004280 (0xfa1db917) x18 0x000000007a1df280
core   0: 0x0000000080004284 (0x00c95e33) srl     t3, s2, a2
core   0: 1 0x0000000080004284 (0x00c95e33) x28 0x000000007a1df280
core   0: 0x0000000080004288 (0x00000001) c.nop
core   0: 1 0x0000000080004288 (0x0001)
core   0: 0x000000008000428a (0x5a09f353) fsqrt.d ft6, fs3
core   0: 1 0x000000008000428a (0x5a09f353) c1_fflags 0x0000000000000011 f6  0x41efffffffffffff
core   0: 0x000000008000428e (0x80004693) xori    a3, zero, -2048
core   0: 1 0x000000008000428e (0x80004693) x13 0xfffffffffffff800
core   0: 0x0000000080004292 (0xcb4cfa4f) fnmadd.d fs4, fs9, fs4, fs9
core   0: 1 0x0000000080004292 (0xcb4cfa4f) f20 0x7ff8000000000000
core   0: 0x0000000080004296 (0x0318ebb3) rem     s7, a7, a7
core   0: 1 0x0000000080004296 (0x0318ebb3) x23 0x0000000000000000
core   0: 0x000000008000429a (0xc0327453) fcvt.lu.s s0, ft4
core   0: 1 0x000000008000429a (0xc0327453) x8  0x0000000000000000
core   0: 0x000000008000429e (0xf4fdae97) auipc   t4, 0xf4fda
core   0: 1 0x000000008000429e (0xf4fdae97) x29 0x0000000074fde29e
core   0: 0x00000000800042a2 (0x014e95b3) sll     a1, t4, s4
core   0: 1 0x00000000800042a2 (0x014e95b3) x11 0x7800000000000000
core   0: 0x00000000800042a6 (0xfffa099b) addiw   s3, s4, -1
core   0: 1 0x00000000800042a6 (0xfffa099b) x19 0xfffffffffffff0f9
core   0: 0x00000000800042aa (0x02b7b033) mulhu   zero, a5, a1
core   0: 1 0x00000000800042aa (0x02b7b033)
core   0: 0x00000000800042ae (0xd237f0d3) fcvt.d.lu ft1, a5
core   0: 1 0x00000000800042ae (0xd237f0d3) f1  0x41e000084d800000
core   0: 0x00000000800042b2 (0x00000001) c.nop
core   0: 1 0x00000000800042b2 (0x0001)
core   0: 0x00000000800042b4 (0x223311d3) fsgnjn.d ft3, ft6, ft3
core   0: 1 0x00000000800042b4 (0x223311d3) f3  0xc1efffffffffffff
core   0: 0x00000000800042b8 (0x0084553b) srlw    a0, s0, s0
core   0: 1 0x00000000800042b8 (0x0084553b) x10 0x0000000000000000
core   0: 0x00000000800042bc (0x00b04833) xor     a6, zero, a1
core   0: 1 0x00000000800042bc (0x00b04833) x16 0x7800000000000000
core   0: 0x00000000800042c0 (0xc2047453) fcvt.w.d s0, fs0
core   0: 1 0x00000000800042c0 (0xc2047453) c1_fflags 0x0000000000000011 x8  0x000000007fffffff
core   0: 0x00000000800042c4 (0xfff44a93) not     s5, s0
core   0: 1 0x00000000800042c4 (0xfff44a93) x21 0xffffffff80000000
core   0: 0x00000000800042c8 (0xde698e13) addi    t3, s3, -538
core   0: 1 0x00000000800042c8 (0xde698e13) x28 0xffffffffffffeedf
core   0: 0x00000000800042cc (0x42018353) fcvt.d.s ft6, ft3
core   0: 1 0x00000000800042cc (0x42018353) f6  0x7ff8000000000000
core   0: 0x00000000800042d0 (0x029e0d33) mul     s10, t3, s1
core   0: 1 0x00000000800042d0 (0x029e0d33) x26 0x8000000000001121
core   0: 0x00000000800042d4 (0x018d05bb) addw    a1, s10, s8
core   0: 1 0x00000000800042d4 (0x018d05bb) x11 0xffffffff8000717f
core   0: 0x00000000800042d8 (0xc03472d3) fcvt.lu.s t0, fs0
core   0: 1 0x00000000800042d8 (0xc03472d3) c1_fflags 0x0000000000000011 x5  0xffffffffffffffff
core   0: 0x00000000800042dc (0x0182941b) slliw   s0, t0, 24
core   0: 1 0x00000000800042dc (0x0182941b) x8  0xffffffffff000000
core   0: 0x00000000800042e0 (0x00000001) c.nop
core   0: 1 0x00000000800042e0 (0x0001)
core   0: 0x00000000800042e2 (0x0004599b) srliw   s3, s0, 0
core   0: 1 0x00000000800042e2 (0x0004599b) x19 0xffffffffff000000
core   0: 0x00000000800042e6 (0x22cc12d3) fsgnjn.d ft5, fs8, fa2
core   0: 1 0x00000000800042e6 (0x22cc12d3) f5  0x7ff8000000000000
core   0: 0x00000000800042ea (0x0289dd33) divu    s10, s3, s0
core   0: 1 0x00000000800042ea (0x0289dd33) x26 0x0000000000000001
core   0: 0x00000000800042ee (0x401d7d53) fcvt.s.d fs10, fs10
core   0: 1 0x00000000800042ee (0x401d7d53) f26 0xffffffff7fc00000
core   0: 0x00000000800042f2 (0xc02a74d3) fcvt.l.s s1, fs4
core   0: 1 0x00000000800042f2 (0xc02a74d3) c1_fflags 0x0000000000000011 x9  0x7fffffffffffffff
core   0: 0x00000000800042f6 (0x00ad521b) srliw   tp, s10, 10
core   0: 1 0x00000000800042f6 (0x00ad521b) x4  0x0000000000000000
core   0: 0x00000000800042fa (0x03324333) div     t1, tp, s3
core   0: 1 0x00000000800042fa (0x03324333) x6  0x0000000000000000
core   0: 0x00000000800042fe (0x00b9feb3) and     t4, s3, a1
core   0: 1 0x00000000800042fe (0x00b9feb3) x29 0xffffffff80000000
core   0: 0x0000000080004302 (0xd21989d3) fcvt.d.wu fs3, s3
core   0: 1 0x0000000080004302 (0xd21989d3) f19 0x41efe00000000000
core   0: 0x0000000080004306 (0x033e9833) mulh    a6, t4, s3
core   0: 1 0x0000000080004306 (0x033e9833) x16 0x0000000000000000
core   0: 0x000000008000430a (0x00c3dc9b) srliw   s9, t2, 12
core   0: 1 0x000000008000430a (0x00c3dc9b) x25 0x0000000000000000
core   0: 0x000000008000430e (0xa2568253) fle.d   tp, fa3, ft5
core   0: 1 0x000000008000430e (0xa2568253) c1_fflags 0x0000000000000011 x4  0x0000000000000000
core   0: 0x0000000080004312 (0x144cbaf3) csrrc   s5, sip, s9
core   0: 1 0x0000000080004312 (0x144cbaf3) x21 0x0000000000000000 c836_mip 0x0000000000000080
core   0: 0x0000000080004316 (0x41830c3b) subw    s8, t1, s8
core   0: 1 0x0000000080004316 (0x41830c3b) x24 0x000000007fff9fa2
core   0: 0x000000008000431a (0x22e30353) fsgnj.d ft6, ft6, fa4
core   0: 1 0x000000008000431a (0x22e30353) f6  0xfff8000000000000
core   0: 0x000000008000431e (0x41c08eb3) sub     t4, ra, t3
core   0: 1 0x000000008000431e (0x41c08eb3) x29 0x0000000080005135
core   0: 0x0000000080004322 (0xa3fb00d3) fle.d   ra, fs6, ft11
core   0: 1 0x0000000080004322 (0xa3fb00d3) c1_fflags 0x0000000000000011 x1  0x0000000000000000
core   0: 0x0000000080004326 (0x001d1273) csrrw   tp, fflags, s10
core   0: 1 0x0000000080004326 (0x001d1273) x4  0x0000000000000011 c1_fflags 0x0000000000000001
core   0: 0x000000008000432a (0x00869613) slli    a2, a3, 8
core   0: 1 0x000000008000432a (0x00869613) x12 0xfffffffffff80000
core   0: 0x000000008000432e (0x23ad08d3) fsgnj.d fa7, fs10, fs10
core   0: 1 0x000000008000432e (0x23ad08d3) f17 0xffffffff7fc00000
core   0: 0x0000000080004332 (0x797d0737) lui     a4, 0x797d0
core   0: 1 0x0000000080004332 (0x797d0737) x14 0x00000000797d0000
core   0: 0x0000000080004336 (0xa2700ed3) fle.d   t4, ft0, ft7
core   0: 1 0x0000000080004336 (0xa2700ed3) c1_fflags 0x0000000000000011 x29 0x0000000000000000
core   0: 0x000000008000433a (0xc03677d3) fcvt.lu.s a5, fa2
core   0: 1 0x000000008000433a (0xc03677d3) x15 0x0000000000000000
core   0: 0x000000008000433e (0x017686bb) addw    a3, a3, s7
core   0: 1 0x000000008000433e (0x017686bb) x13 0xfffffffffffff800
core   0: 0x0000000080004342 (0xf2078153) fmv.d.x ft2, a5
core   0: 1 0x0000000080004342 (0xf2078153) f2  0x0000000000000000
core   0: 0x0000000080004346 (0xc2127353) fcvt.wu.d t1, ft4
core   0: 1 0x0000000080004346 (0xc2127353) c1_fflags 0x0000000000000011 x6  0xffffffffffffffff
core   0: 0x000000008000434a (0xd036f0d3) fcvt.s.lu ft1, a3
core   0: 1 0x000000008000434a (0xd036f0d3) c1_fflags 0x0000000000000011 f1  0xffffffff5f800000
core   0: 0x000000008000434e (0x00601013) slli    zero, zero, 6
core   0: 1 0x000000008000434e (0x00601013)
core   0: 0x0000000080004352 (0x00dba6b3) slt     a3, s7, a3
core   0: 1 0x0000000080004352 (0x00dba6b3) x13 0x0000000000000000
core   0: 0x0000000080004356 (0x121ff853) fmul.d  fa6, ft11, ft1
core   0: 1 0x0000000080004356 (0x121ff853) f16 0x7ff8000000000000
core   0: 0x000000008000435a (0x025cdeb3) divu    t4, s9, t0
core   0: 1 0x000000008000435a (0x025cdeb3) x29 0x0000000000000000
core   0: 0x000000008000435e (0x40d409b3) sub     s3, s0, a3
core   0: 1 0x000000008000435e (0x40d409b3) x19 0xffffffffff000000
core   0: 0x0000000080004362 (0x40197253) fcvt.s.d ft4, fs2
core   0: 1 0x0000000080004362 (0x40197253) f4  0xffffffff7fc00000
core   0: 0x0000000080004366 (0x23c81fd3) fsgnjn.d ft11, fa6, ft8
core   0: 1 0x0000000080004366 (0x23c81fd3) f31 0xfff8000000000000
core   0: 0x000000008000436a (0x42068153) fcvt.d.s ft2, fa3
core   0: 1 0x000000008000436a (0x42068153) f2  0x0000000000000000
core   0: 0x000000008000436e (0xf11535f3) csrrc   a1, mvendorid, a0
core   0: exception trap_illegal_instruction, epc 0x000000008000436e
core   0:           tval 0x00000000f11535f3
core   0: >>>>  $xrv64i2p1_m2p0_a2p1_f2p2_d2p2_zicsr2p0_zifencei2p0_zmmul1p0_zba1p0_zbb1p0_zbc1p0_zbs1p0
core   0: 0x0000000080004000 (0x0080006f) j       pc + 0x8
core   0: 3 0x0000000080004000 (0x0080006f)
core   0: >>>>  mmode_exception_handler
core   0: 0x0000000080004008 (0x00002c17) auipc   s8, 0x2
core   0: 3 0x0000000080004008 (0x00002c17) x24 0x0000000080006008
core   0: 0x000000008000400c (0x056c0c13) addi    s8, s8, 86
core   0: 3 0x000000008000400c (0x056c0c13) x24 0x000000008000605e
core   0: 0x0000000080004010 (0x000c00e7) jalr    s8
core   0: 3 0x0000000080004010 (0x000c00e7) x1  0x0000000080004014
core   0: >>>>  any_handler
core   0: 0x000000008000605e (0x341027f3) csrrs   a5, mepc, zero
core   0: 3 0x000000008000605e (0x341027f3) x15 0x000000008000436e
core   0: 0x0000000080006062 (0x34202773) csrrs   a4, mcause, zero
core   0: 3 0x0000000080006062 (0x34202773) x14 0x0000000000000002
core   0: 0x0000000080006066 (0x142026f3) csrrs   a3, scause, zero
core   0: 3 0x0000000080006066 (0x142026f3) x13 0x0000000000000000
core   0: 0x000000008000606a (0x30402673) csrrs   a2, mie, zero
core   0: 3 0x000000008000606a (0x30402673) x12 0x0000000000000a00
core   0: 0x000000008000606e (0x344025f3) csrrs   a1, mip, zero
core   0: 3 0x000000008000606e (0x344025f3) x11 0x0000000000000080
core   0: 0x0000000080006072 (0x343025f3) csrrs   a1, mtval, zero
core   0: 3 0x0000000080006072 (0x343025f3) x11 0x00000000f11535f3
core   0: 0x0000000080006076 (0x14302573) csrrs   a0, stval, zero
core   0: 3 0x0000000080006076 (0x14302573) x10 0x0000000000000000
core   0: 0x000000008000607a (0xb02024f3) csrrs   s1, minstret, zero
core   0: 3 0x000000008000607a (0xb02024f3) x9  0x00000000000008dc
core   0: 0x000000008000607e (0x0000a811) c.j     pc + 20
core   0: 3 0x000000008000607e (0xa811)
core   0: >>>>  mepc_4
core   0: 0x0000000080006092 (0x00000791) c.addi  a5, 4
core   0: 3 0x0000000080006092 (0x0791) x15 0x0000000080004372
core   0: 0x0000000080006094 (0x34179073) csrrw   zero, mepc, a5
core   0: 3 0x0000000080006094 (0x34179073) c833_mepc 0x0000000080004372
core   0: 0x0000000080006098 (0x30200073) mret
core   0: 3 0x0000000080006098 (0x30200073) c768_mstatus 0x8000000a00106080
core   0: 0x0000000080004372 (0x0130133b) sllw    t1, zero, s3
core   0: 1 0x0000000080004372 (0x0130133b) x6  0x0000000000000000
core   0: 0x0000000080004376 (0x00a55533) srl     a0, a0, a0
core   0: 1 0x0000000080004376 (0x00a55533) x10 0x0000000000000000
core   0: 0x000000008000437a (0x03887ebb) remuw   t4, a6, s8
core   0: 1 0x000000008000437a (0x03887ebb) x29 0x0000000000000000
core   0: 0x000000008000437e (0x123e7f53) fmul.d  ft10, ft8, ft3
core   0: 1 0x000000008000437e (0x123e7f53) c1_fflags 0x0000000000000011 f30 0xc3d7e427ffffffff
core   0: 0x0000000080004382 (0x03ded73b) divuw   a4, t4, t4
core   0: 1 0x0000000080004382 (0x03ded73b) x14 0xffffffffffffffff
core   0: 0x0000000080004386 (0x40e907b3) sub     a5, s2, a4
core   0: 1 0x0000000080004386 (0x40e907b3) x15 0x000000007a1df281
core   0: 0x000000008000438a (0x73277943) fmadd.d fs2, fa4, fs2, fa4
core   0: 1 0x000000008000438a (0x73277943) f18 0x7ff8000000000000
core   0: 0x000000008000438e (0x00d6a633) slt     a2, a3, a3
core   0: 1 0x000000008000438e (0x00d6a633) x12 0x0000000000000000
core   0: 0x0000000080004392 (0xfffdf4b7) lui     s1, 0xfffdf
core   0: 1 0x0000000080004392 (0xfffdf4b7) x9  0xfffffffffffdf000
core   0: 0x0000000080004396 (0x9d34849b) addiw   s1, s1, -1581
core   0: 1 0x0000000080004396 (0x9d34849b) x9  0xfffffffffffde9d3
core   0: 0x000000008000439a (0x000004c2) c.slli  s1, 16
core   0: 1 0x000000008000439a (0x04c2) x9  0xfffffffde9d30000
core   0: 0x000000008000439c (0xaeb48493) addi    s1, s1, -1301
core   0: 1 0x000000008000439c (0xaeb48493) x9  0xfffffffde9d2faeb
core   0: 0x00000000800043a0 (0x03fe9d13) slli    s10, t4, 63
core   0: 1 0x00000000800043a0 (0x03fe9d13) x26 0x0000000000000000
core   0: 0x00000000800043a4 (0x2328ad53) fsgnjx.d fs10, fa7, fs2
core   0: 1 0x00000000800043a4 (0x2328ad53) f26 0xffffffff7fc00000
core   0: 0x00000000800043a8 (0x40bd86bb) subw    a3, s11, a1
core   0: 1 0x00000000800043a8 (0x40bd86bb) x13 0x00000000268a1c21
core   0: 0x00000000800043ac (0x0329793b) remuw   s2, s2, s2
core   0: 1 0x00000000800043ac (0x0329793b) x18 0x0000000000000000
core   0: 0x00000000800043b0 (0x0110503b) srlw    zero, zero, a7
core   0: 1 0x00000000800043b0 (0x0110503b)
core   0: 0x00000000800043b4 (0x000cdd13) srli    s10, s9, 0
core   0: 1 0x00000000800043b4 (0x000cdd13) x26 0x0000000000000000
core   0: 0x00000000800043b8 (0x01b607bb) addw    a5, a2, s11
core   0: 1 0x00000000800043b8 (0x01b607bb) x15 0x00000000179f5214
core   0: 0x00000000800043bc (0x420d05d3) fcvt.d.s fa1, fs10
core   0: 1 0x00000000800043bc (0x420d05d3) f11 0x7ff8000000000000
core   0: 0x00000000800043c0 (0x02eb773b) remuw   a4, s6, a4
core   0: 1 0x00000000800043c0 (0x02eb773b) x14 0x0000000000004000
core   0: 0x00000000800043c4 (0x417c84b3) sub     s1, s9, s7
core   0: 1 0x00000000800043c4 (0x417c84b3) x9  0x0000000000000000
core   0: 0x00000000800043c8 (0x0000186e) c.slli  a6, 59
core   0: 1 0x00000000800043c8 (0x186e) x16 0x0000000000000000
core   0: 0x00000000800043ca (0x02c81713) slli    a4, a6, 44
core   0: 1 0x00000000800043ca (0x02c81713) x14 0x0000000000000000
core   0: 0x00000000800043ce (0x4354774b) fnmsub.d fa4, fs0, fs5, fs0
core   0: 1 0x00000000800043ce (0x4354774b) f14 0x7ff8000000000000
core   0: 0x00000000800043d2 (0x83e6764b) fnmsub.d fa2, fa2, ft10, fa6
core   0: 1 0x00000000800043d2 (0x83e6764b) f12 0x7ff8000000000000
core   0: 0x00000000800043d6 (0xf2e77747) fmsub.d fa4, fa4, fa4, ft10
core   0: 1 0x00000000800043d6 (0xf2e77747) f14 0x7ff8000000000000
core   0: 0x00000000800043da (0x3034b6f3) csrrc   a3, mideleg, s1
core   0: exception trap_illegal_instruction, epc 0x00000000800043da
core   0:           tval 0x000000003034b6f3
core   0: >>>>  $xrv64i2p1_m2p0_a2p1_f2p2_d2p2_zicsr2p0_zifencei2p0_zmmul1p0_zba1p0_zbb1p0_zbc1p0_zbs1p0
core   0: 0x0000000080004000 (0x0080006f) j       pc + 0x8
core   0: 3 0x0000000080004000 (0x0080006f)
core   0: >>>>  mmode_exception_handler
core   0: 0x0000000080004008 (0x00002c17) auipc   s8, 0x2
core   0: 3 0x0000000080004008 (0x00002c17) x24 0x0000000080006008
core   0: 0x000000008000400c (0x056c0c13) addi    s8, s8, 86
core   0: 3 0x000000008000400c (0x056c0c13) x24 0x000000008000605e
core   0: 0x0000000080004010 (0x000c00e7) jalr    s8
core   0: 3 0x0000000080004010 (0x000c00e7) x1  0x0000000080004014
core   0: >>>>  any_handler
core   0: 0x000000008000605e (0x341027f3) csrrs   a5, mepc, zero
core   0: 3 0x000000008000605e (0x341027f3) x15 0x00000000800043da
core   0: 0x0000000080006062 (0x34202773) csrrs   a4, mcause, zero
core   0: 3 0x0000000080006062 (0x34202773) x14 0x0000000000000002
core   0: 0x0000000080006066 (0x142026f3) csrrs   a3, scause, zero
core   0: 3 0x0000000080006066 (0x142026f3) x13 0x0000000000000000
core   0: 0x000000008000606a (0x30402673) csrrs   a2, mie, zero
core   0: 3 0x000000008000606a (0x30402673) x12 0x0000000000000a00
core   0: 0x000000008000606e (0x344025f3) csrrs   a1, mip, zero
core   0: 3 0x000000008000606e (0x344025f3) x11 0x0000000000000080
core   0: 0x0000000080006072 (0x343025f3) csrrs   a1, mtval, zero
core   0: 3 0x0000000080006072 (0x343025f3) x11 0x000000003034b6f3
core   0: 0x0000000080006076 (0x14302573) csrrs   a0, stval, zero
core   0: 3 0x0000000080006076 (0x14302573) x10 0x0000000000000000
core   0: 0x000000008000607a (0xb02024f3) csrrs   s1, minstret, zero
core   0: 3 0x000000008000607a (0xb02024f3) x9  0x0000000000000907
core   0: 0x000000008000607e (0x0000a811) c.j     pc + 20
core   0: 3 0x000000008000607e (0xa811)
core   0: >>>>  mepc_4
core   0: 0x0000000080006092 (0x00000791) c.addi  a5, 4
core   0: 3 0x0000000080006092 (0x0791) x15 0x00000000800043de
core   0: 0x0000000080006094 (0x34179073) csrrw   zero, mepc, a5
core   0: 3 0x0000000080006094 (0x34179073) c833_mepc 0x00000000800043de
core   0: 0x0000000080006098 (0x30200073) mret
core   0: 3 0x0000000080006098 (0x30200073) c768_mstatus 0x8000000a00106080
core   0: 0x00000000800043de (0x4126d433) sra     s0, a3, s2
core   0: 1 0x00000000800043de (0x4126d433) x8  0x0000000000000000
core   0: 0x00000000800043e2 (0xc20978d3) fcvt.w.d a7, fs2
core   0: 1 0x00000000800043e2 (0xc20978d3) c1_fflags 0x0000000000000011 x17 0x000000007fffffff
core   0: 0x00000000800043e6 (0x00597733) and     a4, s2, t0
core   0: 1 0x00000000800043e6 (0x00597733) x14 0x0000000000000000
core   0: 0x00000000800043ea (0x7d36fc93) andi    s9, a3, 2003
core   0: 1 0x00000000800043ea (0x7d36fc93) x25 0x0000000000000000
core   0: 0x00000000800043ee (0x02ad7237) lui     tp, 0x2ad7
core   0: 1 0x00000000800043ee (0x02ad7237) x4  0x0000000002ad7000
core   0: 0x00000000800043f2 (0x9ab2021b) addiw   tp, tp, -1621
core   0: 1 0x00000000800043f2 (0x9ab2021b) x4  0x0000000002ad69ab
core   0: 0x00000000800043f6 (0x00000236) c.slli  tp, 13
core   0: 1 0x00000000800043f6 (0x0236) x4  0x00000055ad356000
core   0: 0x00000000800043f8 (0x05c20213) addi    tp, tp, 92
core   0: 1 0x00000000800043f8 (0x05c20213) x4  0x00000055ad35605c
core   0: 0x00000000800043fc (0x00008ad6) c.mv    s5, s5
core   0: 1 0x00000000800043fc (0x8ad6) x21 0x0000000000000000
core   0: 0x00000000800043fe (0x03542433) mulhsu  s0, s0, s5
core   0: 1 0x00000000800043fe (0x03542433) x8  0x0000000000000000
core   0: 0x0000000080004402 (0x400a5413) srai    s0, s4, 0
core   0: 1 0x0000000080004402 (0x400a5413) x8  0xfffffffffffff0fa
core   0: 0x0000000080004406 (0x9b370313) addi    t1, a4, -1613
core   0: 1 0x0000000080004406 (0x9b370313) x6  0xfffffffffffff9b3
core   0: 0x000000008000440a (0xbb797bcb) fnmsub.d fs7, fs2, fs7, fs7
core   0: 1 0x000000008000440a (0xbb797bcb) f23 0x7ff8000000000000
core   0: 0x000000008000440e (0x026e80bb) mulw    ra, t4, t1
core   0: 1 0x000000008000440e (0x026e80bb) x1  0x0000000000000000
core   0: 0x0000000080004412 (0x010bd23b) srlw    tp, s7, a6
core   0: 1 0x0000000080004412 (0x010bd23b) x4  0x0000000000000000
core   0: 0x0000000080004416 (0x01195c3b) srlw    s8, s2, a7
core   0: 1 0x0000000080004416 (0x01195c3b) x24 0x0000000000000000
core   0: 0x000000008000441a (0x9e126d13) ori     s10, tp, -1567
core   0: 1 0x000000008000441a (0x9e126d13) x26 0xfffffffffffff9e1
core   0: 0x000000008000441e (0x0a85f5d3) fsub.d  fa1, fa1, fs0
core   0: 1 0x000000008000441e (0x0a85f5d3) f11 0x7ff8000000000000
core   0: 0x0000000080004422 (0x400ad013) srai    zero, s5, 0
core   0: 1 0x0000000080004422 (0x400ad013)
core   0: 0x0000000080004426 (0x0ff0000f) fence   iorw,iorw
core   0: 1 0x0000000080004426 (0x0ff0000f)
core   0: 0x000000008000442a (0x002595f3) csrrw   a1, frm, a1
core   0: 1 0x000000008000442a (0x002595f3) x11 0x0000000000000000 c2_frm 0x0000000000000003
core   0: 0x000000008000442e (0x0ff0000f) fence   iorw,iorw
core   0: 1 0x000000008000442e (0x0ff0000f)
core   0: 0x0000000080004432 (0x02151233) mulh    tp, a0, ra
core   0: 1 0x0000000080004432 (0x02151233) x4  0x0000000000000000
core   0: 0x0000000080004436 (0x42000753) fcvt.d.s fa4, ft0
core   0: 1 0x0000000080004436 (0x42000753) f14 0x0000000000000000
core   0: 0x000000008000443a (0x029155b3) divu    a1, sp, s1
core   0: 1 0x000000008000443a (0x029155b3) x11 0x001c5bb8a9437630
core   0: 0x000000008000443e (0x00b081b3) add     gp, ra, a1
core   0: 1 0x000000008000443e (0x00b081b3) x3  0x001c5bb8a9437630
core   0: 0x0000000080004442 (0x5a03fed3) fsqrt.d ft9, ft7
core   0: 1 0x0000000080004442 (0x5a03fed3) f29 0x0000000000000000
core   0: 0x0000000080004446 (0x8256fc43) fmadd.d fs8, fa3, ft5, fa6
core   0: 1 0x0000000080004446 (0x8256fc43) f24 0x7ff8000000000000
core   0: 0x000000008000444a (0x0118db3b) srlw    s6, a7, a7
core   0: 1 0x000000008000444a (0x0118db3b) x22 0x0000000000000000
core   0: 0x000000008000444e (0x001024f3) csrrs   s1, fflags, zero
core   0: 1 0x000000008000444e (0x001024f3) x9  0x0000000000000011
core   0: 0x0000000080004452 (0x8008809b) addiw   ra, a7, -2048
core   0: 1 0x0000000080004452 (0x8008809b) x1  0x000000007ffff7ff
core   0: 0x0000000080004456 (0xec01e337) lui     t1, 0xec01e
core   0: 1 0x0000000080004456 (0xec01e337) x6  0xffffffffec01e000
core   0: 0x000000008000445a (0x40a3853b) subw    a0, t2, a0
core   0: 1 0x000000008000445a (0x40a3853b) x10 0x0000000000000000
core   0: 0x000000008000445e (0xd2008253) fcvt.d.w ft4, ra
core   0: 1 0x000000008000445e (0xd2008253) f4  0x41dffffdffc00000
core   0: 0x0000000080004462 (0x0177a7b3) slt     a5, a5, s7
core   0: 1 0x0000000080004462 (0x0177a7b3) x15 0x0000000000000000
core   0: 0x0000000080004466 (0x0069dc1b) srliw   s8, s3, 6
core   0: 1 0x0000000080004466 (0x0069dc1b) x24 0x0000000003fc0000
core   0: 0x000000008000446a (0x03318ebb) mulw    t4, gp, s3
core   0: 1 0x000000008000446a (0x03318ebb) x29 0xffffffffd0000000
core   0: 0x000000008000446e (0x409488b3) sub     a7, s1, s1
core   0: 1 0x000000008000446e (0x409488b3) x17 0x0000000000000000
core   0: 0x0000000080004472 (0xc21e7353) fcvt.wu.d t1, ft8
core   0: 1 0x0000000080004472 (0xc21e7353) x6  0x000000005f90a000
core   0: 0x0000000080004476 (0x0ff0000f) fence   iorw,iorw
core   0: 1 0x0000000080004476 (0x0ff0000f)
core   0: 0x000000008000447a (0x0391e4b3) rem     s1, gp, s9
core   0: 1 0x000000008000447a (0x0391e4b3) x9  0x001c5bb8a9437630
core   0: 0x000000008000447e (0x0ff0000f) fence   iorw,iorw
core   0: 1 0x000000008000447e (0x0ff0000f)
core   0: 0x0000000080004482 (0xc02e70d3) fcvt.l.s ra, ft8
core   0: 1 0x0000000080004482 (0xc02e70d3) c1_fflags 0x0000000000000011 x1  0x7fffffffffffffff
core   0: 0x0000000080004486 (0xf0808a13) addi    s4, ra, -248
core   0: 1 0x0000000080004486 (0xf0808a13) x20 0x7fffffffffffff07
core   0: 0x000000008000448a (0x002411f3) csrrw   gp, frm, s0
core   0: 1 0x000000008000448a (0x002411f3) x3  0x0000000000000003 c2_frm 0x0000000000000002
core   0: 0x000000008000448e (0xfff47993) andi    s3, s0, -1
core   0: 1 0x000000008000448e (0xfff47993) x19 0xfffffffffffff0fa
core   0: 0x0000000080004492 (0x4001d79b) sraiw   a5, gp, 0
core   0: 1 0x0000000080004492 (0x4001d79b) x15 0x0000000000000003
core   0: 0x0000000080004496 (0x034a6a33) rem     s4, s4, s4
core   0: 1 0x0000000080004496 (0x034a6a33) x20 0x0000000000000000
core   0: 0x000000008000449a (0x4170873b) subw    a4, ra, s7
core   0: 1 0x000000008000449a (0x4170873b) x14 0xffffffffffffffff
core   0: 0x000000008000449e (0x022f7153) fadd.d  ft2, ft10, ft2
core   0: 1 0x000000008000449e (0x022f7153) f2  0xc3d7e427ffffffff
core   0: 0x00000000800044a2 (0x12bf75d3) fmul.d  fa1, ft10, fa1
core   0: 1 0x00000000800044a2 (0x12bf75d3) f11 0x7ff8000000000000
core   0: 0x00000000800044a6 (0x5a0b7b53) fsqrt.d fs6, fs6
core   0: 1 0x00000000800044a6 (0x5a0b7b53) f22 0x0000000000000000
core   0: 0x00000000800044aa (0x4021d6bb) sraw    a3, gp, sp
core   0: 1 0x00000000800044aa (0x4021d6bb) x13 0x0000000000000000
core   0: 0x00000000800044ae (0xd03177d3) fcvt.s.lu fa5, sp
core   0: 1 0x00000000800044ae (0xd03177d3) c1_fflags 0x0000000000000011 f15 0xffffffff5f7fffff
core   0: 0x00000000800044b2 (0x1427b473) csrrc   s0, scause, a5
core   0: 1 0x00000000800044b2 (0x1427b473) x8  0x0000000000000000 c322_scause 0x0000000000000000
core   0: 0x00000000800044b6 (0xe3a7f4c3) fmadd.d fs1, fa5, fs10, ft8
core   0: 1 0x00000000800044b6 (0xe3a7f4c3) f9  0x7ff8000000000000
core   0: 0x00000000800044ba (0x0010f093) andi    ra, ra, 1
core   0: 1 0x00000000800044ba (0x0010f093) x1  0x0000000000000001
core   0: 0x00000000800044be (0x01224033) xor     zero, tp, s2
core   0: 1 0x00000000800044be (0x01224033)
core   0: 0x00000000800044c2 (0x2aae9353) fmax.d  ft6, ft9, fa0
core   0: 1 0x00000000800044c2 (0x2aae9353) f6  0x0000000000000000
core   0: 0x00000000800044c6 (0xd2227653) fcvt.d.l fa2, tp
core   0: 1 0x00000000800044c6 (0xd2227653) f12 0x0000000000000000
core   0: 0x00000000800044ca (0xd21d8053) fcvt.d.wu ft0, s11
core   0: 1 0x00000000800044ca (0xd21d8053) f0  0x41b79f5214000000
core   0: 0x00000000800044ce (0x01625a93) srli    s5, tp, 22
core   0: 1 0x00000000800044ce (0x01625a93) x21 0x0000000000000000
core   0: 0x00000000800044d2 (0xc039f8d3) fcvt.lu.s a7, fs3
core   0: 1 0x00000000800044d2 (0xc039f8d3) c1_fflags 0x0000000000000011 x17 0xffffffffffffffff
core   0: 0x00000000800044d6 (0x7471f373) csrrci  t1, mseccfg, 3
core   0: exception trap_illegal_instruction, epc 0x00000000800044d6
core   0:           tval 0x000000007471f373
core   0: >>>>  $xrv64i2p1_m2p0_a2p1_f2p2_d2p2_zicsr2p0_zifencei2p0_zmmul1p0_zba1p0_zbb1p0_zbc1p0_zbs1p0
core   0: 0x0000000080004000 (0x0080006f) j       pc + 0x8
core   0: 3 0x0000000080004000 (0x0080006f)
core   0: >>>>  mmode_exception_handler
core   0: 0x0000000080004008 (0x00002c17) auipc   s8, 0x2
core   0: 3 0x0000000080004008 (0x00002c17) x24 0x0000000080006008
core   0: 0x000000008000400c (0x056c0c13) addi    s8, s8, 86
core   0: 3 0x000000008000400c (0x056c0c13) x24 0x000000008000605e
core   0: 0x0000000080004010 (0x000c00e7) jalr    s8
core   0: 3 0x0000000080004010 (0x000c00e7) x1  0x0000000080004014
core   0: >>>>  any_handler
core   0: 0x000000008000605e (0x341027f3) csrrs   a5, mepc, zero
core   0: 3 0x000000008000605e (0x341027f3) x15 0x00000000800044d6
core   0: 0x0000000080006062 (0x34202773) csrrs   a4, mcause, zero
core   0: 3 0x0000000080006062 (0x34202773) x14 0x0000000000000002
core   0: 0x0000000080006066 (0x142026f3) csrrs   a3, scause, zero
core   0: 3 0x0000000080006066 (0x142026f3) x13 0x0000000000000000
core   0: 0x000000008000606a (0x30402673) csrrs   a2, mie, zero
core   0: 3 0x000000008000606a (0x30402673) x12 0x0000000000000a00
core   0: 0x000000008000606e (0x344025f3) csrrs   a1, mip, zero
core   0: 3 0x000000008000606e (0x344025f3) x11 0x0000000000000080
core   0: 0x0000000080006072 (0x343025f3) csrrs   a1, mtval, zero
core   0: 3 0x0000000080006072 (0x343025f3) x11 0x000000007471f373
core   0: 0x0000000080006076 (0x14302573) csrrs   a0, stval, zero
core   0: 3 0x0000000080006076 (0x14302573) x10 0x0000000000000000
core   0: 0x000000008000607a (0xb02024f3) csrrs   s1, minstret, zero
core   0: 3 0x000000008000607a (0xb02024f3) x9  0x0000000000000956
core   0: 0x000000008000607e (0x0000a811) c.j     pc + 20
core   0: 3 0x000000008000607e (0xa811)
core   0: >>>>  mepc_4
core   0: 0x0000000080006092 (0x00000791) c.addi  a5, 4
core   0: 3 0x0000000080006092 (0x0791) x15 0x00000000800044da
core   0: 0x0000000080006094 (0x34179073) csrrw   zero, mepc, a5
core   0: 3 0x0000000080006094 (0x34179073) c833_mepc 0x00000000800044da
core   0: 0x0000000080006098 (0x30200073) mret
core   0: 3 0x0000000080006098 (0x30200073) c768_mstatus 0x8000000a00106080
core   0: 0x00000000800044da (0x40215cb3) sra     s9, sp, sp
core   0: 1 0x00000000800044da (0x40215cb3) x25 0xffffffffffffffff
core   0: 0x00000000800044de (0x0025d59b) srliw   a1, a1, 2
core   0: 1 0x00000000800044de (0x0025d59b) x11 0x000000001d1c7cdc
core   0: 0x00000000800044e2 (0x5a0070d3) fsqrt.d ft1, ft0
core   0: 1 0x00000000800044e2 (0x5a0070d3) c1_fflags 0x0000000000000011 f1  0x40d370ede68eb21c
core   0: 0x00000000800044e6 (0xf1507d73) csrrci  s10, mconfigptr, 0
core   0: exception trap_illegal_instruction, epc 0x00000000800044e6
core   0:           tval 0x00000000f1507d73
core   0: >>>>  $xrv64i2p1_m2p0_a2p1_f2p2_d2p2_zicsr2p0_zifencei2p0_zmmul1p0_zba1p0_zbb1p0_zbc1p0_zbs1p0
core   0: 0x0000000080004000 (0x0080006f) j       pc + 0x8
core   0: 3 0x0000000080004000 (0x0080006f)
core   0: >>>>  mmode_exception_handler
core   0: 0x0000000080004008 (0x00002c17) auipc   s8, 0x2
core   0: 3 0x0000000080004008 (0x00002c17) x24 0x0000000080006008
core   0: 0x000000008000400c (0x056c0c13) addi    s8, s8, 86
core   0: 3 0x000000008000400c (0x056c0c13) x24 0x000000008000605e
core   0: 0x0000000080004010 (0x000c00e7) jalr    s8
core   0: 3 0x0000000080004010 (0x000c00e7) x1  0x0000000080004014
core   0: >>>>  any_handler
core   0: 0x000000008000605e (0x341027f3) csrrs   a5, mepc, zero
core   0: 3 0x000000008000605e (0x341027f3) x15 0x00000000800044e6
core   0: 0x0000000080006062 (0x34202773) csrrs   a4, mcause, zero
core   0: 3 0x0000000080006062 (0x34202773) x14 0x0000000000000002
core   0: 0x0000000080006066 (0x142026f3) csrrs   a3, scause, zero
core   0: 3 0x0000000080006066 (0x142026f3) x13 0x0000000000000000
core   0: 0x000000008000606a (0x30402673) csrrs   a2, mie, zero
core   0: 3 0x000000008000606a (0x30402673) x12 0x0000000000000a00
core   0: 0x000000008000606e (0x344025f3) csrrs   a1, mip, zero
core   0: 3 0x000000008000606e (0x344025f3) x11 0x0000000000000080
core   0: 0x0000000080006072 (0x343025f3) csrrs   a1, mtval, zero
core   0: 3 0x0000000080006072 (0x343025f3) x11 0x00000000f1507d73
core   0: 0x0000000080006076 (0x14302573) csrrs   a0, stval, zero
core   0: 3 0x0000000080006076 (0x14302573) x10 0x0000000000000000
core   0: 0x000000008000607a (0xb02024f3) csrrs   s1, minstret, zero
core   0: 3 0x000000008000607a (0xb02024f3) x9  0x0000000000000969
core   0: 0x000000008000607e (0x0000a811) c.j     pc + 20
core   0: 3 0x000000008000607e (0xa811)
core   0: >>>>  mepc_4
core   0: 0x0000000080006092 (0x00000791) c.addi  a5, 4
core   0: 3 0x0000000080006092 (0x0791) x15 0x00000000800044ea
core   0: 0x0000000080006094 (0x34179073) csrrw   zero, mepc, a5
core   0: 3 0x0000000080006094 (0x34179073) c833_mepc 0x00000000800044ea
core   0: 0x0000000080006098 (0x30200073) mret
core   0: 3 0x0000000080006098 (0x30200073) c768_mstatus 0x8000000a00106080
core   0: 0x00000000800044ea (0x030e083b) mulw    a6, t3, a6
core   0: 1 0x00000000800044ea (0x030e083b) x16 0x0000000000000000
core   0: 0x00000000800044ee (0x030d7d33) remu    s10, s10, a6
core   0: 1 0x00000000800044ee (0x030d7d33) x26 0xfffffffffffff9e1
core   0: 0x00000000800044f2 (0x41005b33) sra     s6, zero, a6
core   0: 1 0x00000000800044f2 (0x41005b33) x22 0x0000000000000000
core   0: 0x00000000800044f6 (0x03ba6a33) rem     s4, s4, s11
core   0: 1 0x00000000800044f6 (0x03ba6a33) x20 0x0000000000000000
core   0: 0x00000000800044fa (0xd03d79d3) fcvt.s.lu fs3, s10
core   0: 1 0x00000000800044fa (0xd03d79d3) c1_fflags 0x0000000000000011 f19 0xffffffff5f7fffff
core   0: 0x00000000800044fe (0x00000001) c.nop
core   0: 1 0x00000000800044fe (0x0001)
core   0: 0x0000000080004500 (0x001022f3) csrrs   t0, fflags, zero
core   0: 1 0x0000000080004500 (0x001022f3) x5  0x0000000000000011
core   0: 0x0000000080004504 (0xa3aa74c7) fmsub.d fs1, fs4, fs10, fs4
core   0: 1 0x0000000080004504 (0xa3aa74c7) f9  0x7ff8000000000000
core   0: 0x0000000080004508 (0xc298f8c3) fmadd.d fa7, fa7, fs1, fs8
core   0: 1 0x0000000080004508 (0xc298f8c3) f17 0x7ff8000000000000
core   0: 0x000000008000450c (0xc23ff353) fcvt.lu.d t1, ft11
core   0: 1 0x000000008000450c (0xc23ff353) c1_fflags 0x0000000000000011 x6  0xffffffffffffffff
core   0: 0x0000000080004510 (0xe20b89d3) fmv.x.d s3, fs7
core   0: 1 0x0000000080004510 (0xe20b89d3) x19 0x7ff8000000000000
core   0: 0x0000000080004514 (0x0218e8bb) remw    a7, a7, ra
core   0: 1 0x0000000080004514 (0x0218e8bb) x17 0xffffffffffffffff
core   0: 0x0000000080004518 (0x0019e4b3) or      s1, s3, ra
core   0: 1 0x0000000080004518 (0x0019e4b3) x9  0x7ff8000080004014
core   0: 0x000000008000451c (0x0118d91b) srliw   s2, a7, 17
core   0: 1 0x000000008000451c (0x0118d91b) x18 0x0000000000007fff
core   0: 0x0000000080004520 (0x00000001) c.nop
core   0: 1 0x0000000080004520 (0x0001)
core   0: 0x0000000080004522 (0x5a05fe53) fsqrt.d ft8, fa1
core   0: 1 0x0000000080004522 (0x5a05fe53) f28 0x7ff8000000000000
core   0: 0x0000000080004526 (0xf848c337) lui     t1, 0xf848c
core   0: 1 0x0000000080004526 (0xf848c337) x6  0xfffffffff848c000
core   0: 0x000000008000452a (0xded3031b) addiw   t1, t1, -531
core   0: 1 0x000000008000452a (0xded3031b) x6  0xfffffffff848bded
core   0: 0x000000008000452e (0x00000332) c.slli  t1, 12
core   0: 1 0x000000008000452e (0x0332) x6  0xffffff848bded000
core   0: 0x0000000080004530 (0xc3330313) addi    t1, t1, -973
core   0: 1 0x0000000080004530 (0xc3330313) x6  0xffffff848bdecc33
core   0: 0x0000000080004534 (0xc219f653) fcvt.wu.d a2, fs3
core   0: 1 0x0000000080004534 (0xc219f653) c1_fflags 0x0000000000000011 x12 0xffffffffffffffff
core   0: 0x0000000080004538 (0x0331513b) divuw   sp, sp, s3
core   0: 1 0x0000000080004538 (0x0331513b) x2  0xffffffffffffffff
core   0: 0x000000008000453c (0x41add89b) sraiw   a7, s11, 26
core   0: 1 0x000000008000453c (0x41add89b) x17 0x0000000000000005
core   0: 0x0000000080004540 (0x22ba2453) fsgnjx.d fs0, fs4, fa1
core   0: 1 0x0000000080004540 (0x22ba2453) f8  0x7ff8000000000000
core   0: 0x0000000080004544 (0x411a5c3b) sraw    s8, s4, a7
core   0: 1 0x0000000080004544 (0x411a5c3b) x24 0x0000000000000000
core   0: 0x0000000080004548 (0xf14bb373) csrrc   t1, mhartid, s7
core   0: exception trap_illegal_instruction, epc 0x0000000080004548
core   0:           tval 0x00000000f14bb373
core   0: >>>>  $xrv64i2p1_m2p0_a2p1_f2p2_d2p2_zicsr2p0_zifencei2p0_zmmul1p0_zba1p0_zbb1p0_zbc1p0_zbs1p0
core   0: 0x0000000080004000 (0x0080006f) j       pc + 0x8
core   0: 3 0x0000000080004000 (0x0080006f)
core   0: >>>>  mmode_exception_handler
core   0: 0x0000000080004008 (0x00002c17) auipc   s8, 0x2
core   0: 3 0x0000000080004008 (0x00002c17) x24 0x0000000080006008
core   0: 0x000000008000400c (0x056c0c13) addi    s8, s8, 86
core   0: 3 0x000000008000400c (0x056c0c13) x24 0x000000008000605e
core   0: 0x0000000080004010 (0x000c00e7) jalr    s8
core   0: 3 0x0000000080004010 (0x000c00e7) x1  0x0000000080004014
core   0: >>>>  any_handler
core   0: 0x000000008000605e (0x341027f3) csrrs   a5, mepc, zero
core   0: 3 0x000000008000605e (0x341027f3) x15 0x0000000080004548
core   0: 0x0000000080006062 (0x34202773) csrrs   a4, mcause, zero
core   0: 3 0x0000000080006062 (0x34202773) x14 0x0000000000000002
core   0: 0x0000000080006066 (0x142026f3) csrrs   a3, scause, zero
core   0: 3 0x0000000080006066 (0x142026f3) x13 0x0000000000000000
core   0: 0x000000008000606a (0x30402673) csrrs   a2, mie, zero
core   0: 3 0x000000008000606a (0x30402673) x12 0x0000000000000a00
core   0: 0x000000008000606e (0x344025f3) csrrs   a1, mip, zero
core   0: 3 0x000000008000606e (0x344025f3) x11 0x0000000000000080
core   0: 0x0000000080006072 (0x343025f3) csrrs   a1, mtval, zero
core   0: 3 0x0000000080006072 (0x343025f3) x11 0x00000000f14bb373
core   0: 0x0000000080006076 (0x14302573) csrrs   a0, stval, zero
core   0: 3 0x0000000080006076 (0x14302573) x10 0x0000000000000000
core   0: 0x000000008000607a (0xb02024f3) csrrs   s1, minstret, zero
core   0: 3 0x000000008000607a (0xb02024f3) x9  0x0000000000000992
core   0: 0x000000008000607e (0x0000a811) c.j     pc + 20
core   0: 3 0x000000008000607e (0xa811)
core   0: >>>>  mepc_4
core   0: 0x0000000080006092 (0x00000791) c.addi  a5, 4
core   0: 3 0x0000000080006092 (0x0791) x15 0x000000008000454c
core   0: 0x0000000080006094 (0x34179073) csrrw   zero, mepc, a5
core   0: 3 0x0000000080006094 (0x34179073) c833_mepc 0x000000008000454c
core   0: 0x0000000080006098 (0x30200073) mret
core   0: 3 0x0000000080006098 (0x30200073) c768_mstatus 0x8000000a00106080
core   0: 0x000000008000454c (0x011f8537) lui     a0, 0x11f8
core   0: 1 0x000000008000454c (0x011f8537) x10 0x00000000011f8000
core   0: 0x0000000080004550 (0xf755051b) addiw   a0, a0, -139
core   0: 1 0x0000000080004550 (0xf755051b) x10 0x00000000011f7f75
core   0: 0x0000000080004554 (0x00000532) c.slli  a0, 12
core   0: 1 0x0000000080004554 (0x0532) x10 0x00000011f7f75000
core   0: 0x0000000080004556 (0x9d850513) addi    a0, a0, -1576
core   0: 1 0x0000000080004556 (0x9d850513) x10 0x00000011f7f749d8
core   0: 0x000000008000455a (0xb02bebf3) csrrsi  s7, minstret, 23
core   0: exception trap_illegal_instruction, epc 0x000000008000455a
core   0:           tval 0x00000000b02bebf3
core   0: >>>>  $xrv64i2p1_m2p0_a2p1_f2p2_d2p2_zicsr2p0_zifencei2p0_zmmul1p0_zba1p0_zbb1p0_zbc1p0_zbs1p0
core   0: 0x0000000080004000 (0x0080006f) j       pc + 0x8
core   0: 3 0x0000000080004000 (0x0080006f)
core   0: >>>>  mmode_exception_handler
core   0: 0x0000000080004008 (0x00002c17) auipc   s8, 0x2
core   0: 3 0x0000000080004008 (0x00002c17) x24 0x0000000080006008
core   0: 0x000000008000400c (0x056c0c13) addi    s8, s8, 86
core   0: 3 0x000000008000400c (0x056c0c13) x24 0x000000008000605e
core   0: 0x0000000080004010 (0x000c00e7) jalr    s8
core   0: 3 0x0000000080004010 (0x000c00e7) x1  0x0000000080004014
core   0: >>>>  any_handler
core   0: 0x000000008000605e (0x341027f3) csrrs   a5, mepc, zero
core   0: 3 0x000000008000605e (0x341027f3) x15 0x000000008000455a
core   0: 0x0000000080006062 (0x34202773) csrrs   a4, mcause, zero
core   0: 3 0x0000000080006062 (0x34202773) x14 0x0000000000000002
core   0: 0x0000000080006066 (0x142026f3) csrrs   a3, scause, zero
core   0: 3 0x0000000080006066 (0x142026f3) x13 0x0000000000000000
core   0: 0x000000008000606a (0x30402673) csrrs   a2, mie, zero
core   0: 3 0x000000008000606a (0x30402673) x12 0x0000000000000a00
core   0: 0x000000008000606e (0x344025f3) csrrs   a1, mip, zero
core   0: 3 0x000000008000606e (0x344025f3) x11 0x0000000000000080
core   0: 0x0000000080006072 (0x343025f3) csrrs   a1, mtval, zero
core   0: 3 0x0000000080006072 (0x343025f3) x11 0x00000000b02bebf3
core   0: 0x0000000080006076 (0x14302573) csrrs   a0, stval, zero
core   0: 3 0x0000000080006076 (0x14302573) x10 0x0000000000000000
core   0: 0x000000008000607a (0xb02024f3) csrrs   s1, minstret, zero
core   0: 3 0x000000008000607a (0xb02024f3) x9  0x00000000000009a6
core   0: 0x000000008000607e (0x0000a811) c.j     pc + 20
core   0: 3 0x000000008000607e (0xa811)
core   0: >>>>  mepc_4
core   0: 0x0000000080006092 (0x00000791) c.addi  a5, 4
core   0: 3 0x0000000080006092 (0x0791) x15 0x000000008000455e
core   0: 0x0000000080006094 (0x34179073) csrrw   zero, mepc, a5
core   0: 3 0x0000000080006094 (0x34179073) c833_mepc 0x000000008000455e
core   0: 0x0000000080006098 (0x30200073) mret
core   0: 3 0x0000000080006098 (0x30200073) c768_mstatus 0x8000000a00106080
core   0: 0x000000008000455e (0x00755c33) srl     s8, a0, t2
core   0: 1 0x000000008000455e (0x00755c33) x24 0x0000000000000000
core   0: 0x0000000080004562 (0x415d593b) sraw    s2, s10, s5
core   0: 1 0x0000000080004562 (0x415d593b) x18 0xfffffffffffff9e1
core   0: 0x0000000080004566 (0x22002b53) fsgnjx.d fs6, ft0, ft0
core   0: 1 0x0000000080004566 (0x22002b53) f22 0x41b79f5214000000
core   0: 0x000000008000456a (0x4154d9bb) sraw    s3, s1, s5
core   0: 1 0x000000008000456a (0x4154d9bb) x19 0x00000000000009a6
core   0: 0x000000008000456e (0xd21581d3) fcvt.d.wu ft3, a1
core   0: 1 0x000000008000456e (0xd21581d3) f3  0x41e6057d7e600000
core   0: 0x0000000080004572 (0x4003d69b) sraiw   a3, t2, 0
core   0: 1 0x0000000080004572 (0x4003d69b) x13 0x0000000000000000
core   0: 0x0000000080004576 (0xe2018853) fmv.x.d a6, ft3
core   0: 1 0x0000000080004576 (0xe2018853) x16 0x41e6057d7e600000
core   0: 0x000000008000457a (0x019d5bbb) srlw    s7, s10, s9
core   0: 1 0x000000008000457a (0x019d5bbb) x23 0x0000000000000001
core   0: 0x000000008000457e (0x403b8833) sub     a6, s7, gp
core   0: 1 0x000000008000457e (0x403b8833) x16 0xfffffffffffffffe
core   0: 0x0000000080004582 (0x4105dd33) sra     s10, a1, a6
core   0: 1 0x0000000080004582 (0x4105dd33) x26 0x0000000000000000
core   0: 0x0000000080004586 (0x2b489853) fmax.d  fa6, fa7, fs4
core   0: 1 0x0000000080004586 (0x2b489853) f16 0x7ff8000000000000
core   0: 0x000000008000458a (0xd02bf2d3) fcvt.s.l ft5, s7
core   0: 1 0x000000008000458a (0xd02bf2d3) f5  0xffffffff3f800000
core   0: 0x000000008000458e (0x009993b3) sll     t2, s3, s1
core   0: 1 0x000000008000458e (0x009993b3) x7  0x0002698000000000
core   0: 0x0000000080004592 (0x5a0dfa53) fsqrt.d fs4, fs11
core   0: 1 0x0000000080004592 (0x5a0dfa53) f20 0x7ff8000000000000
core   0: 0x0000000080004596 (0x016497bb) sllw    a5, s1, s6
core   0: 1 0x0000000080004596 (0x016497bb) x15 0x00000000000009a6
core   0: 0x000000008000459a (0x7ffe0413) addi    s0, t3, 2047
core   0: 1 0x000000008000459a (0x7ffe0413) x8  0xfffffffffffff6de
core   0: 0x000000008000459e (0x00131c73) csrrw   s8, fflags, t1
core   0: 1 0x000000008000459e (0x00131c73) x24 0x0000000000000011 c1_fflags 0x0000000000000013
core   0: 0x00000000800045a2 (0x02db98b3) mulh    a7, s7, a3
core   0: 1 0x00000000800045a2 (0x02db98b3) x17 0x0000000000000000
core   0: 0x00000000800045a6 (0x017889b3) add     s3, a7, s7
core   0: 1 0x00000000800045a6 (0x017889b3) x19 0x0000000000000001
core   0: 0x00000000800045aa (0x5a0cfdd3) fsqrt.d fs11, fs9
core   0: 1 0x00000000800045aa (0x5a0cfdd3) f27 0x7ff8000000000000
core   0: 0x00000000800045ae (0x142cadf3) csrrs   s11, scause, s9
core   0: 1 0x00000000800045ae (0x142cadf3) x27 0x0000000000000000 c322_scause 0xffffffffffffffff
core   0: 0x00000000800045b2 (0x03c7a3b3) mulhsu  t2, a5, t3
core   0: 1 0x00000000800045b2 (0x03c7a3b3) x7  0x00000000000009a5
core   0: 0x00000000800045b6 (0x3abc774b) fnmsub.d fa4, fs8, fa1, ft7
core   0: 1 0x00000000800045b6 (0x3abc774b) f14 0x7ff8000000000000
core   0: 0x00000000800045ba (0x01687833) and     a6, a6, s6
core   0: 1 0x00000000800045ba (0x01687833) x16 0x0000000000000000
core   0: 0x00000000800045be (0x650957b7) lui     a5, 0x65095
core   0: 1 0x00000000800045be (0x650957b7) x15 0x0000000065095000
core   0: 0x00000000800045c2 (0x00e41733) sll     a4, s0, a4
core   0: 1 0x00000000800045c2 (0x00e41733) x14 0xffffffffffffdb78
core   0: 0x00000000800045c6 (0x01da8ebb) addw    t4, s5, t4
core   0: 1 0x00000000800045c6 (0x01da8ebb) x29 0xffffffffd0000000
core   0: 0x00000000800045ca (0x017595b3) sll     a1, a1, s7
core   0: 1 0x00000000800045ca (0x017595b3) x11 0x000000016057d7e6
core   0: 0x00000000800045ce (0x3a87744b) fnmsub.d fs0, fa4, fs0, ft7
core   0: 1 0x00000000800045ce (0x3a87744b) f8  0x7ff8000000000000
core   0: 0x00000000800045d2 (0x53747cc3) fmadd.d fs9, fs0, fs7, fa0
core   0: 1 0x00000000800045d2 (0x53747cc3) f25 0x7ff8000000000000
core   0: 0x00000000800045d6 (0x0374e4b3) rem     s1, s1, s7
core   0: 1 0x00000000800045d6 (0x0374e4b3) x9  0x0000000000000000
core   0: 0x00000000800045da (0x034d1a33) mulh    s4, s10, s4
core   0: 1 0x00000000800045da (0x034d1a33) x20 0x0000000000000000
core   0: 0x00000000800045de (0x0256d13b) divuw   sp, a3, t0
core   0: 1 0x00000000800045de (0x0256d13b) x2  0x0000000000000000
core   0: 0x00000000800045e2 (0x00b69513) slli    a0, a3, 11
core   0: 1 0x00000000800045e2 (0x00b69513) x10 0x0000000000000000
core   0: 0x00000000800045e6 (0x7ff9f093) andi    ra, s3, 2047
core   0: 1 0x00000000800045e6 (0x7ff9f093) x1  0x0000000000000001
core   0: 0x00000000800045ea (0x00055e93) srli    t4, a0, 0
core   0: 1 0x00000000800045ea (0x00055e93) x29 0x0000000000000000
core   0: 0x00000000800045ee (0xd030f753) fcvt.s.lu fa4, ra
core   0: 1 0x00000000800045ee (0xd030f753) f14 0xffffffff3f800000
core   0: 0x00000000800045f2 (0x02bdadb3) mulhsu  s11, s11, a1
core   0: 1 0x00000000800045f2 (0x02bdadb3) x27 0x0000000000000000
core   0: 0x00000000800045f6 (0x00036433) or      s0, t1, zero
core   0: 1 0x00000000800045f6 (0x00036433) x8  0xffffff848bdecc33
core   0: 0x00000000800045fa (0x00128893) addi    a7, t0, 1
core   0: 1 0x00000000800045fa (0x00128893) x17 0x0000000000000012
core   0: 0x00000000800045fe (0x00439493) slli    s1, t2, 4
core   0: 1 0x00000000800045fe (0x00439493) x9  0x0000000000009a50
core   0: 0x0000000080004602 (0x64f36897) auipc   a7, 0x64f36
core   0: 1 0x0000000080004602 (0x64f36897) x17 0x00000000e4f3a602
core   0: 0x0000000080004606 (0x22e3af53) fsgnjx.d ft10, ft7, fa4
core   0: 1 0x0000000080004606 (0x22e3af53) f30 0x8000000000000000
core   0: 0x000000008000460a (0x8be6f6cf) fnmadd.d fa3, fa3, ft10, fa7
core   0: 1 0x000000008000460a (0x8be6f6cf) f13 0x7ff8000000000000
core   0: 0x000000008000460e (0x16baaa17) auipc   s4, 0x16baa
core   0: 1 0x000000008000460e (0x16baaa17) x20 0x0000000096bae60e
core   0: 0x0000000080004612 (0xd3990a13) addi    s4, s2, -711
core   0: 1 0x0000000080004612 (0xd3990a13) x20 0xfffffffffffff71a
core   0: 0x0000000080004616 (0x00672437) lui     s0, 0x672
core   0: 1 0x0000000080004616 (0x00672437) x8  0x0000000000672000
core   0: 0x000000008000461a (0x0f94041b) addiw   s0, s0, 249
core   0: 1 0x000000008000461a (0x0f94041b) x8  0x00000000006720f9
core   0: 0x000000008000461e (0x00000442) c.slli  s0, 16
core   0: 1 0x000000008000461e (0x0442) x8  0x0000006720f90000
core   0: 0x0000000080004620 (0x63f40413) addi    s0, s0, 1599
core   0: 1 0x0000000080004620 (0x63f40413) x8  0x0000006720f9063f
core   0: 0x0000000080004624 (0x0078a433) slt     s0, a7, t2
core   0: 1 0x0000000080004624 (0x0078a433) x8  0x0000000000000000
core   0: 0x0000000080004628 (0xe20887d3) fmv.x.d a5, fa7
core   0: 1 0x0000000080004628 (0xe20887d3) x15 0x7ff8000000000000
core   0: 0x000000008000462c (0x4160db3b) sraw    s6, ra, s6
core   0: 1 0x000000008000462c (0x4160db3b) x22 0x0000000000000001
core   0: 0x0000000080004630 (0x0d758c13) addi    s8, a1, 215
core   0: 1 0x0000000080004630 (0x0d758c13) x24 0x000000016057d8bd
core   0: 0x0000000080004634 (0x22588f53) fsgnj.d ft10, fa7, ft5
core   0: 1 0x0000000080004634 (0x22588f53) f30 0xfff8000000000000
core   0: 0x0000000080004638 (0x00202673) csrrs   a2, frm, zero
core   0: 1 0x0000000080004638 (0x00202673) x12 0x0000000000000002
core   0: 0x000000008000463c (0x023e21b3) mulhsu  gp, t3, gp
core   0: 1 0x000000008000463c (0x023e21b3) x3  0xffffffffffffffff
core   0: 0x0000000080004640 (0x2a5f01d3) fmin.d  ft3, ft10, ft5
core   0: 1 0x0000000080004640 (0x2a5f01d3) f3  0x7ff8000000000000
core   0: 0x0000000080004644 (0x01219e13) slli    t3, gp, 18
core   0: 1 0x0000000080004644 (0x01219e13) x28 0xfffffffffffc0000
core   0: 0x0000000080004648 (0xe20281d3) fmv.x.d gp, ft5
core   0: 1 0x0000000080004648 (0xe20281d3) x3  0xffffffff3f800000
core   0: 0x000000008000464c (0xc7e18893) addi    a7, gp, -898
core   0: 1 0x000000008000464c (0xc7e18893) x17 0xffffffff3f7ffc7e
core   0: 0x0000000080004650 (0xc36f7bc3) fmadd.d fs7, ft10, fs6, fs8
core   0: 1 0x0000000080004650 (0xc36f7bc3) f23 0x7ff8000000000000
core   0: 0x0000000080004654 (0xfff56813) ori     a6, a0, -1
core   0: 1 0x0000000080004654 (0xfff56813) x16 0xffffffffffffffff
core   0: 0x0000000080004658 (0x0118d4bb) srlw    s1, a7, a7
core   0: 1 0x0000000080004658 (0x0118d4bb) x9  0x0000000000000000
core   0: 0x000000008000465c (0x00202073) csrrs   zero, frm, zero
core   0: 1 0x000000008000465c (0x00202073)
core   0: 0x0000000080004660 (0x005e12b3) sll     t0, t3, t0
core   0: 1 0x0000000080004660 (0x005e12b3) x5  0xfffffff800000000
core   0: 0x0000000080004664 (0xc02f7953) fcvt.l.s s2, ft10
core   0: 1 0x0000000080004664 (0xc02f7953) c1_fflags 0x0000000000000013 x18 0x7fffffffffffffff
core   0: 0x0000000080004668 (0x032d53b3) divu    t2, s10, s2
core   0: 1 0x0000000080004668 (0x032d53b3) x7  0x0000000000000000
core   0: 0x000000008000466c (0x001024f3) csrrs   s1, fflags, zero
core   0: 1 0x000000008000466c (0x001024f3) x9  0x0000000000000013
core   0: 0x0000000080004670 (0xc22f7cd3) fcvt.l.d s9, ft10
core   0: 1 0x0000000080004670 (0xc22f7cd3) c1_fflags 0x0000000000000013 x25 0x7fffffffffffffff
core   0: 0x0000000080004674 (0x40055393) srai    t2, a0, 0
core   0: 1 0x0000000080004674 (0x40055393) x7  0x0000000000000000
core   0: 0x0000000080004678 (0x02ee4e3b) divw    t3, t3, a4
core   0: 1 0x0000000080004678 (0x02ee4e3b) x28 0x000000000000001c
core   0: 0x000000008000467c (0x3c82e897) auipc   a7, 0x3c82e
core   0: 1 0x000000008000467c (0x3c82e897) x17 0x00000000bc83267c
core   0: 0x0000000080004680 (0x036e12b3) mulh    t0, t3, s6
core   0: 1 0x0000000080004680 (0x036e12b3) x5  0x0000000000000000
core   0: 0x0000000080004684 (0x0071113b) sllw    sp, sp, t2
core   0: 1 0x0000000080004684 (0x0071113b) x2  0x0000000000000000
core   0: 0x0000000080004688 (0x0228c833) div     a6, a7, sp
core   0: 1 0x0000000080004688 (0x0228c833) x16 0xffffffffffffffff
core   0: 0x000000008000468c (0x01fd149b) slliw   s1, s10, 31
core   0: 1 0x000000008000468c (0x01fd149b) x9  0x0000000000000000
core   0: 0x0000000080004690 (0x2ac08253) fmin.d  ft4, ft1, fa2
core   0: 1 0x0000000080004690 (0x2ac08253) f4  0x0000000000000000
core   0: 0x0000000080004694 (0x033aceb3) div     t4, s5, s3
core   0: 1 0x0000000080004694 (0x033aceb3) x29 0x0000000000000000
core   0: 0x0000000080004698 (0x0069033b) addw    t1, s2, t1
core   0: 1 0x0000000080004698 (0x0069033b) x6  0xffffffff8bdecc32
core   0: 0x000000008000469c (0x01fd5b9b) srliw   s7, s10, 31
core   0: 1 0x000000008000469c (0x01fd5b9b) x23 0x0000000000000000
core   0: 0x00000000800046a0 (0x4100083b) subw    a6, zero, a6
core   0: 1 0x00000000800046a0 (0x4100083b) x16 0x0000000000000001
core   0: 0x00000000800046a4 (0x01bd4733) xor     a4, s10, s11
core   0: 1 0x00000000800046a4 (0x01bd4733) x14 0x0000000000000000
core   0: 0x00000000800046a8 (0x94db7213) andi    tp, s6, -1715
core   0: 1 0x00000000800046a8 (0x94db7213) x4  0x0000000000000001
core   0: 0x00000000800046ac (0x9b43e093) ori     ra, t2, -1612
core   0: 1 0x00000000800046ac (0x9b43e093) x1  0xfffffffffffff9b4
core   0: 0x00000000800046b0 (0x00000001) c.nop
core   0: 1 0x00000000800046b0 (0x0001)
core   0: 0x00000000800046b2 (0x02e72233) mulhsu  tp, a4, a4
core   0: 1 0x00000000800046b2 (0x02e72233) x4  0x0000000000000000
core   0: 0x00000000800046b6 (0x00476133) or      sp, a4, tp
core   0: 1 0x00000000800046b6 (0x00476133) x2  0x0000000000000000
core   0: 0x00000000800046ba (0x03398533) mul     a0, s3, s3
core   0: 1 0x00000000800046ba (0x03398533) x10 0x0000000000000001
core   0: 0x00000000800046be (0x0259b4b3) mulhu   s1, s3, t0
core   0: 1 0x00000000800046be (0x0259b4b3) x9  0x0000000000000000
core   0: 0x00000000800046c2 (0x01ea909b) slliw   ra, s5, 30
core   0: 1 0x00000000800046c2 (0x01ea909b) x1  0x0000000000000000
core   0: 0x00000000800046c6 (0xff3b8613) addi    a2, s7, -13
core   0: 1 0x00000000800046c6 (0xff3b8613) x12 0xfffffffffffffff3
core   0: 0x00000000800046ca (0xfff0f393) andi    t2, ra, -1
core   0: 1 0x00000000800046ca (0xfff0f393) x7  0x0000000000000000
core   0: 0x00000000800046ce (0x00bbcbb3) xor     s7, s7, a1
core   0: 1 0x00000000800046ce (0x00bbcbb3) x23 0x000000016057d7e6
core   0: 0x00000000800046d2 (0x224c24d3) fsgnjx.d fs1, fs8, ft4
core   0: 1 0x00000000800046d2 (0x224c24d3) f9  0x7ff8000000000000
core   0: 0x00000000800046d6 (0x01084133) xor     sp, a6, a6
core   0: 1 0x00000000800046d6 (0x01084133) x2  0x0000000000000000
core   0: 0x00000000800046da (0x2abb08d3) fmin.d  fa7, fs6, fa1
core   0: 1 0x00000000800046da (0x2abb08d3) f17 0x41b79f5214000000
core   0: 0x00000000800046de (0xc0365973) csrrwi  s2, hpmcounter3, 12
core   0: exception trap_illegal_instruction, epc 0x00000000800046de
core   0:           tval 0x00000000c0365973
core   0: >>>>  $xrv64i2p1_m2p0_a2p1_f2p2_d2p2_zicsr2p0_zifencei2p0_zmmul1p0_zba1p0_zbb1p0_zbc1p0_zbs1p0
core   0: 0x0000000080004000 (0x0080006f) j       pc + 0x8
core   0: 3 0x0000000080004000 (0x0080006f)
core   0: >>>>  mmode_exception_handler
core   0: 0x0000000080004008 (0x00002c17) auipc   s8, 0x2
core   0: 3 0x0000000080004008 (0x00002c17) x24 0x0000000080006008
core   0: 0x000000008000400c (0x056c0c13) addi    s8, s8, 86
core   0: 3 0x000000008000400c (0x056c0c13) x24 0x000000008000605e
core   0: 0x0000000080004010 (0x000c00e7) jalr    s8
core   0: 3 0x0000000080004010 (0x000c00e7) x1  0x0000000080004014
core   0: >>>>  any_handler
core   0: 0x000000008000605e (0x341027f3) csrrs   a5, mepc, zero
core   0: 3 0x000000008000605e (0x341027f3) x15 0x00000000800046de
core   0: 0x0000000080006062 (0x34202773) csrrs   a4, mcause, zero
core   0: 3 0x0000000080006062 (0x34202773) x14 0x0000000000000002
core   0: 0x0000000080006066 (0x142026f3) csrrs   a3, scause, zero
core   0: 3 0x0000000080006066 (0x142026f3) x13 0xffffffffffffffff
core   0: 0x000000008000606a (0x30402673) csrrs   a2, mie, zero
core   0: 3 0x000000008000606a (0x30402673) x12 0x0000000000000a00
core   0: 0x000000008000606e (0x344025f3) csrrs   a1, mip, zero
core   0: 3 0x000000008000606e (0x344025f3) x11 0x0000000000000080
core   0: 0x0000000080006072 (0x343025f3) csrrs   a1, mtval, zero
core   0: 3 0x0000000080006072 (0x343025f3) x11 0x00000000c0365973
core   0: 0x0000000080006076 (0x14302573) csrrs   a0, stval, zero
core   0: 3 0x0000000080006076 (0x14302573) x10 0x0000000000000000
core   0: 0x000000008000607a (0xb02024f3) csrrs   s1, minstret, zero
core   0: 3 0x000000008000607a (0xb02024f3) x9  0x0000000000000a17
core   0: 0x000000008000607e (0x0000a811) c.j     pc + 20
core   0: 3 0x000000008000607e (0xa811)
core   0: >>>>  mepc_4
core   0: 0x0000000080006092 (0x00000791) c.addi  a5, 4
core   0: 3 0x0000000080006092 (0x0791) x15 0x00000000800046e2
core   0: 0x0000000080006094 (0x34179073) csrrw   zero, mepc, a5
core   0: 3 0x0000000080006094 (0x34179073) c833_mepc 0x00000000800046e2
core   0: 0x0000000080006098 (0x30200073) mret
core   0: 3 0x0000000080006098 (0x30200073) c768_mstatus 0x8000000a00106080
core   0: 0x00000000800046e2 (0x002a22b3) slt     t0, s4, sp
core   0: 1 0x00000000800046e2 (0x002a22b3) x5  0x0000000000000001
core   0: 0x00000000800046e6 (0x025e7733) remu    a4, t3, t0
core   0: 1 0x00000000800046e6 (0x025e7733) x14 0x0000000000000000
core   0: 0x00000000800046ea (0x00008dc6) c.mv    s11, a7
core   0: 1 0x00000000800046ea (0x8dc6) x27 0x00000000bc83267c
core   0: 0x00000000800046ec (0x002d4133) xor     sp, s10, sp
core   0: 1 0x00000000800046ec (0x002d4133) x2  0x0000000000000000
core   0: 0x00000000800046f0 (0xc217f4d3) fcvt.wu.d s1, fa5
core   0: 1 0x00000000800046f0 (0xc217f4d3) c1_fflags 0x0000000000000013 x9  0xffffffffffffffff
core   0: 0x00000000800046f4 (0x02384633) div     a2, a6, gp
core   0: 1 0x00000000800046f4 (0x02384633) x12 0x0000000000000000
core   0: 0x00000000800046f8 (0x401af3d3) fcvt.s.d ft7, fs5
core   0: 1 0x00000000800046f8 (0x401af3d3) f7  0xffffffff7fc00000
core   0: 0x00000000800046fc (0x0009129b) slliw   t0, s2, 0
core   0: 1 0x00000000800046fc (0x0009129b) x5  0xffffffffffffffff
core   0: 0x0000000080004700 (0xc229fd53) fcvt.l.d s10, fs3
core   0: 1 0x0000000080004700 (0xc229fd53) c1_fflags 0x0000000000000013 x26 0x7fffffffffffffff
core   0: 0x0000000080004704 (0x002e1a73) csrrw   s4, frm, t3
core   0: 1 0x0000000080004704 (0x002e1a73) x20 0x0000000000000002 c2_frm 0x0000000000000004
core   0: 0x0000000080004708 (0xd23d7853) fcvt.d.lu fa6, s10
core   0: 1 0x0000000080004708 (0xd23d7853) c1_fflags 0x0000000000000013 f16 0x43e0000000000000
core   0: 0x000000008000470c (0x007e9417) auipc   s0, 0x7e9
core   0: 1 0x000000008000470c (0x007e9417) x8  0x00000000807ed70c
core   0: 0x0000000080004710 (0x0088a4b3) slt     s1, a7, s0
core   0: 1 0x0000000080004710 (0x0088a4b3) x9  0x0000000000000000
core   0: 0x0000000080004714 (0x5a0b7b53) fsqrt.d fs6, fs6
core   0: 1 0x0000000080004714 (0x5a0b7b53) c1_fflags 0x0000000000000013 f22 0x40d370ede68eb21d
core   0: 0x0000000080004718 (0x40107853) fcvt.s.d fa6, ft0
core   0: 1 0x0000000080004718 (0x40107853) c1_fflags 0x0000000000000013 f16 0xffffffff4dbcfa91
core   0: 0x000000008000471c (0x4028d13b) sraw    sp, a7, sp
core   0: 1 0x000000008000471c (0x4028d13b) x2  0xffffffffbc83267c
core   0: 0x0000000080004720 (0x41b75dbb) sraw    s11, a4, s11
core   0: 1 0x0000000080004720 (0x41b75dbb) x27 0x0000000000000000
core   0: 0x0000000080004724 (0x027123b3) mulhsu  t2, sp, t2
core   0: 1 0x0000000080004724 (0x027123b3) x7  0x0000000000000000
core   0: 0x0000000080004728 (0x02e15b3b) divuw   s6, sp, a4
core   0: 1 0x0000000080004728 (0x02e15b3b) x22 0xffffffffffffffff
core   0: 0x000000008000472c (0xc03b7253) fcvt.lu.s tp, fs6
core   0: 1 0x000000008000472c (0xc03b7253) c1_fflags 0x0000000000000013 x4  0xffffffffffffffff
core   0: 0x0000000080004730 (0x043b0813) addi    a6, s6, 67
core   0: 1 0x0000000080004730 (0x043b0813) x16 0x0000000000000042
core   0: 0x0000000080004734 (0x02cb9193) slli    gp, s7, 44
core   0: 1 0x0000000080004734 (0x02cb9193) x3  0x7d7e600000000000
core   0: 0x0000000080004738 (0x9366764f) fnmadd.d fa2, fa2, fs6, fs2
core   0: 1 0x0000000080004738 (0x9366764f) f12 0x7ff8000000000000
core   0: 0x000000008000473c (0x1b2978d3) fdiv.d  fa7, fs2, fs2
core   0: 1 0x000000008000473c (0x1b2978d3) f17 0x7ff8000000000000
core   0: 0x0000000080004740 (0x132af14f) fnmadd.d ft2, fs5, fs2, ft2
core   0: 1 0x0000000080004740 (0x132af14f) f2  0x7ff8000000000000
core   0: 0x0000000080004744 (0x00102773) csrrs   a4, fflags, zero
core   0: 1 0x0000000080004744 (0x00102773) x14 0x0000000000000013
core   0: 0x0000000080004748 (0x00202173) csrrs   sp, frm, zero
core   0: 1 0x0000000080004748 (0x00202173) x2  0x0000000000000004
core   0: 0x000000008000474c (0xc20efb53) fcvt.w.d s6, ft9
core   0: 1 0x000000008000474c (0xc20efb53) x22 0x0000000000000000
core   0: 0x0000000080004750 (0x2a8284d3) fmin.d  fs1, ft5, fs0
core   0: 1 0x0000000080004750 (0x2a8284d3) f9  0x7ff8000000000000
core   0: 0x0000000080004754 (0x4031823b) subw    tp, gp, gp
core   0: 1 0x0000000080004754 (0x4031823b) x4  0x0000000000000000
core   0: 0x0000000080004758 (0x22951dd3) fsgnjn.d fs11, fa0, fs1
core   0: 1 0x0000000080004758 (0x22951dd3) f27 0xffffffff00000000
core   0: 0x000000008000475c (0x0223693b) remw    s2, t1, sp
core   0: 1 0x000000008000475c (0x0223693b) x18 0xfffffffffffffffe
core   0: 0x0000000080004760 (0xc23e78d3) fcvt.lu.d a7, ft8
core   0: 1 0x0000000080004760 (0xc23e78d3) c1_fflags 0x0000000000000013 x17 0xffffffffffffffff
core   0: 0x0000000080004764 (0xc213fd53) fcvt.wu.d s10, ft7
core   0: 1 0x0000000080004764 (0xc213fd53) c1_fflags 0x0000000000000013 x26 0xffffffffffffffff
core   0: 0x0000000080004768 (0xffb5deb7) lui     t4, 0xffb5d
core   0: 1 0x0000000080004768 (0xffb5deb7) x29 0xffffffffffb5d000
core   0: 0x000000008000476c (0xbd3e8e9b) addiw   t4, t4, -1069
core   0: 1 0x000000008000476c (0xbd3e8e9b) x29 0xffffffffffb5cbd3
core   0: 0x0000000080004770 (0x00000eb2) c.slli  t4, 12
core   0: 1 0x0000000080004770 (0x0eb2) x29 0xfffffffb5cbd3000
core   0: 0x0000000080004772 (0xc4ce8e93) addi    t4, t4, -948
core   0: 1 0x0000000080004772 (0xc4ce8e93) x29 0xfffffffb5cbd2c4c
core   0: 0x0000000080004776 (0x32a28c1b) addiw   s8, t0, 810
core   0: 1 0x0000000080004776 (0x32a28c1b) x24 0x0000000000000329
core   0: 0x000000008000477a (0x01955cbb) srlw    s9, a0, s9
core   0: 1 0x000000008000477a (0x01955cbb) x25 0x0000000000000000
core   0: 0x000000008000477e (0x2aa19bd3) fmax.d  fs7, ft3, fa0
core   0: 1 0x000000008000477e (0x2aa19bd3) f23 0x7ff8000000000000
core   0: 0x0000000080004782 (0xd227f353) fcvt.d.l ft6, a5
core   0: 1 0x0000000080004782 (0xd227f353) f6  0x41e00008dc400000
core   0: 0x0000000080004786 (0x0ff0000f) fence   iorw,iorw
core   0: 1 0x0000000080004786 (0x0ff0000f)
core   0: 0x000000008000478a (0x84c7ea13) ori     s4, a5, -1972
core   0: 1 0x000000008000478a (0x84c7ea13) x20 0xfffffffffffffeee
core   0: 0x000000008000478e (0xa629ecb7) lui     s9, 0xa629e
core   0: 1 0x000000008000478e (0xa629ecb7) x25 0xffffffffa629e000
core   0: 0x0000000080004792 (0x415cdabb) sraw    s5, s9, s5
core   0: 1 0x0000000080004792 (0x415cdabb) x21 0xffffffffa629e000
core   0: 0x0000000080004796 (0xd20c89d3) fcvt.d.w fs3, s9
core   0: 1 0x0000000080004796 (0xd20c89d3) f19 0xc1d6758800000000
core   0: 0x000000008000479a (0x1669a197) auipc   gp, 0x1669a
core   0: 1 0x000000008000479a (0x1669a197) x3  0x000000009669e79a
core   0: 0x000000008000479e (0x02427253) fadd.d  ft4, ft4, ft4
core   0: 1 0x000000008000479e (0x02427253) f4  0x0000000000000000
core   0: 0x00000000800047a2 (0xca06ffcb) fnmsub.d ft11, fa3, ft0, fs9
core   0: 1 0x00000000800047a2 (0xca06ffcb) f31 0x7ff8000000000000
core   0: 0x00000000800047a6 (0x0a4ffc53) fsub.d  fs8, ft11, ft4
core   0: 1 0x00000000800047a6 (0x0a4ffc53) f24 0x7ff8000000000000
core   0: 0x00000000800047aa (0x9b02774f) fnmadd.d fa4, ft4, fa6, fs3
core   0: 1 0x00000000800047aa (0x9b02774f) f14 0x7ff8000000000000
core   0: 0x00000000800047ae (0xd02073d3) fcvt.s.l ft7, zero
core   0: 1 0x00000000800047ae (0xd02073d3) f7  0xffffffff00000000
core   0: 0x00000000800047b2 (0x12777553) fmul.d  fa0, fa4, ft7
core   0: 1 0x00000000800047b2 (0x12777553) f10 0x7ff8000000000000
core   0: 0x00000000800047b6 (0x019798bb) sllw    a7, a5, s9
core   0: 1 0x00000000800047b6 (0x019798bb) x17 0xffffffff800046e2
core   0: 0x00000000800047ba (0xc024f553) fcvt.l.s a0, fs1
core   0: 1 0x00000000800047ba (0xc024f553) c1_fflags 0x0000000000000013 x10 0x7fffffffffffffff
core   0: 0x00000000800047be (0x00eb9bbb) sllw    s7, s7, a4
core   0: 1 0x00000000800047be (0x00eb9bbb) x23 0xffffffffbf300000
core   0: 0x00000000800047c2 (0x13ef7d53) fmul.d  fs10, ft10, ft10
core   0: 1 0x00000000800047c2 (0x13ef7d53) f26 0x7ff8000000000000
core   0: 0x00000000800047c6 (0x220b2b53) fsgnjx.d fs6, fs6, ft0
core   0: 1 0x00000000800047c6 (0x220b2b53) f22 0x40d370ede68eb21d
core   0: 0x00000000800047ca (0x00102973) csrrs   s2, fflags, zero
core   0: 1 0x00000000800047ca (0x00102973) x18 0x0000000000000013
core   0: 0x00000000800047ce (0x01485a3b) srlw    s4, a6, s4
core   0: 1 0x00000000800047ce (0x01485a3b) x20 0x0000000000000000
core   0: 0x00000000800047d2 (0x032ec233) div     tp, t4, s2
core   0: 1 0x00000000800047d2 (0x032ec233) x4  0xffffffffc183383a
core   0: 0x00000000800047d6 (0xd21b8553) fcvt.d.wu fa0, s7
core   0: 1 0x00000000800047d6 (0xd21b8553) f10 0x41e7e60000000000
core   0: 0x00000000800047da (0x002e9973) csrrw   s2, frm, t4
core   0: 1 0x00000000800047da (0x002e9973) x18 0x0000000000000004 c2_frm 0x0000000000000004
core   0: 0x00000000800047de (0x409e0533) sub     a0, t3, s1
core   0: 1 0x00000000800047de (0x409e0533) x10 0x000000000000001c
core   0: 0x00000000800047e2 (0x03170833) mul     a6, a4, a7
core   0: 1 0x00000000800047e2 (0x03170833) x16 0xfffffff6800542c6
core   0: 0x00000000800047e6 (0x03b87eb3) remu    t4, a6, s11
core   0: 1 0x00000000800047e6 (0x03b87eb3) x29 0xfffffff6800542c6
core   0: 0x00000000800047ea (0x03750533) mul     a0, a0, s7
core   0: 1 0x00000000800047ea (0x03750533) x10 0xfffffff8e9400000
core   0: 0x00000000800047ee (0x40f50dbb) subw    s11, a0, a5
core   0: 1 0x00000000800047ee (0x40f50dbb) x27 0x00000000693fb91e
core   0: 0x00000000800047f2 (0x4015539b) sraiw   t2, a0, 1
core   0: 1 0x00000000800047f2 (0x4015539b) x7  0xfffffffff4a00000
core   0: 0x00000000800047f6 (0x00738e3b) addw    t3, t2, t2
core   0: 1 0x00000000800047f6 (0x00738e3b) x28 0xffffffffe9400000
core   0: 0x00000000800047fa (0x411282bb) subw    t0, t0, a7
core   0: 1 0x00000000800047fa (0x411282bb) x5  0x000000007fffb91d
core   0: 0x00000000800047fe (0x026c843b) mulw    s0, s9, t1
core   0: 1 0x00000000800047fe (0x026c843b) x8  0x0000000012adc000
core   0: 0x0000000080004802 (0x0af17a53) fsub.d  fs4, ft2, fa5
core   0: 1 0x0000000080004802 (0x0af17a53) f20 0x7ff8000000000000
core   0: 0x0000000080004806 (0xc217f1d3) fcvt.wu.d gp, fa5
core   0: 1 0x0000000080004806 (0xc217f1d3) c1_fflags 0x0000000000000013 x3  0xffffffffffffffff
core   0: 0x000000008000480a (0x62fe72cf) fnmadd.d ft5, ft8, fa5, fa2
core   0: 1 0x000000008000480a (0x62fe72cf) f5  0x7ff8000000000000
core   0: 0x000000008000480e (0xd22bf1d3) fcvt.d.l ft3, s7
core   0: 1 0x000000008000480e (0xd22bf1d3) f3  0xc1d0340000000000
core   0: 0x0000000080004812 (0xd21e8d53) fcvt.d.wu fs10, t4
core   0: 1 0x0000000080004812 (0xd21e8d53) f26 0x41e000a858c00000
core   0: 0x0000000080004816 (0x03297953) fadd.d  fs2, fs2, fs2
core   0: 1 0x0000000080004816 (0x03297953) f18 0x7ff8000000000000
core   0: 0x000000008000481a (0x00e71a3b) sllw    s4, a4, a4
core   0: 1 0x000000008000481a (0x00e71a3b) x20 0x0000000000980000
core   0: 0x000000008000481e (0x0016559b) srliw   a1, a2, 1
core   0: 1 0x000000008000481e (0x0016559b) x11 0x0000000000000000
core   0: 0x0000000080004822 (0x406bd0bb) sraw    ra, s7, t1
core   0: 1 0x0000000080004822 (0x406bd0bb) x1  0xffffffffffffefcc
core   0: 0x0000000080004826 (0x00000001) c.nop
core   0: 1 0x0000000080004826 (0x0001)
core   0: 0x0000000080004828 (0xfab68c13) addi    s8, a3, -85
core   0: 1 0x0000000080004828 (0xfab68c13) x24 0xffffffffffffffaa
core   0: 0x000000008000482c (0xc0207e53) fcvt.l.s t3, ft0
core   0: 1 0x000000008000482c (0xc0207e53) c1_fflags 0x0000000000000013 x28 0x7fffffffffffffff
core   0: 0x0000000080004830 (0x0ed76ab7) lui     s5, 0xed76
core   0: 1 0x0000000080004830 (0x0ed76ab7) x21 0x000000000ed76000
core   0: 0x0000000080004834 (0xc0327b53) fcvt.lu.s s6, ft4
core   0: 1 0x0000000080004834 (0xc0327b53) c1_fflags 0x0000000000000013 x22 0xffffffffffffffff
core   0: 0x0000000080004838 (0x00686333) or      t1, a6, t1
core   0: 1 0x0000000080004838 (0x00686333) x6  0xffffffff8bdfcef6
core   0: 0x000000008000483c (0x03cce73b) remw    a4, s9, t3
core   0: 1 0x000000008000483c (0x03cce73b) x14 0x0000000000000000
core   0: 0x0000000080004840 (0xc054aa73) csrrs   s4, hpmcounter5, s1
core   0: exception trap_illegal_instruction, epc 0x0000000080004840
core   0:           tval 0x00000000c054aa73
core   0: >>>>  $xrv64i2p1_m2p0_a2p1_f2p2_d2p2_zicsr2p0_zifencei2p0_zmmul1p0_zba1p0_zbb1p0_zbc1p0_zbs1p0
core   0: 0x0000000080004000 (0x0080006f) j       pc + 0x8
core   0: 3 0x0000000080004000 (0x0080006f)
core   0: >>>>  mmode_exception_handler
core   0: 0x0000000080004008 (0x00002c17) auipc   s8, 0x2
core   0: 3 0x0000000080004008 (0x00002c17) x24 0x0000000080006008
core   0: 0x000000008000400c (0x056c0c13) addi    s8, s8, 86
core   0: 3 0x000000008000400c (0x056c0c13) x24 0x000000008000605e
core   0: 0x0000000080004010 (0x000c00e7) jalr    s8
core   0: 3 0x0000000080004010 (0x000c00e7) x1  0x0000000080004014
core   0: >>>>  any_handler
core   0: 0x000000008000605e (0x341027f3) csrrs   a5, mepc, zero
core   0: 3 0x000000008000605e (0x341027f3) x15 0x0000000080004840
core   0: 0x0000000080006062 (0x34202773) csrrs   a4, mcause, zero
core   0: 3 0x0000000080006062 (0x34202773) x14 0x0000000000000002
core   0: 0x0000000080006066 (0x142026f3) csrrs   a3, scause, zero
core   0: 3 0x0000000080006066 (0x142026f3) x13 0xffffffffffffffff
core   0: 0x000000008000606a (0x30402673) csrrs   a2, mie, zero
core   0: 3 0x000000008000606a (0x30402673) x12 0x0000000000000a00
core   0: 0x000000008000606e (0x344025f3) csrrs   a1, mip, zero
core   0: 3 0x000000008000606e (0x344025f3) x11 0x0000000000000080
core   0: 0x0000000080006072 (0x343025f3) csrrs   a1, mtval, zero
core   0: 3 0x0000000080006072 (0x343025f3) x11 0x00000000c054aa73
core   0: 0x0000000080006076 (0x14302573) csrrs   a0, stval, zero
core   0: 3 0x0000000080006076 (0x14302573) x10 0x0000000000000000
core   0: 0x000000008000607a (0xb02024f3) csrrs   s1, minstret, zero
core   0: 3 0x000000008000607a (0xb02024f3) x9  0x0000000000000a80
core   0: 0x000000008000607e (0x0000a811) c.j     pc + 20
core   0: 3 0x000000008000607e (0xa811)
core   0: >>>>  mepc_4
core   0: 0x0000000080006092 (0x00000791) c.addi  a5, 4
core   0: 3 0x0000000080006092 (0x0791) x15 0x0000000080004844
core   0: 0x0000000080006094 (0x34179073) csrrw   zero, mepc, a5
core   0: 3 0x0000000080006094 (0x34179073) c833_mepc 0x0000000080004844
core   0: 0x0000000080006098 (0x30200073) mret
core   0: 3 0x0000000080006098 (0x30200073) c768_mstatus 0x8000000a00106080
core   0: 0x0000000080004844 (0x237901d3) fsgnj.d ft3, fs2, fs7
core   0: 1 0x0000000080004844 (0x237901d3) f3  0x7ff8000000000000
core   0: 0x0000000080004848 (0xf119fbf3) csrrci  s7, mvendorid, 19
core   0: exception trap_illegal_instruction, epc 0x0000000080004848
core   0:           tval 0x00000000f119fbf3
core   0: >>>>  $xrv64i2p1_m2p0_a2p1_f2p2_d2p2_zicsr2p0_zifencei2p0_zmmul1p0_zba1p0_zbb1p0_zbc1p0_zbs1p0
core   0: 0x0000000080004000 (0x0080006f) j       pc + 0x8
core   0: 3 0x0000000080004000 (0x0080006f)
core   0: >>>>  mmode_exception_handler
core   0: 0x0000000080004008 (0x00002c17) auipc   s8, 0x2
core   0: 3 0x0000000080004008 (0x00002c17) x24 0x0000000080006008
core   0: 0x000000008000400c (0x056c0c13) addi    s8, s8, 86
core   0: 3 0x000000008000400c (0x056c0c13) x24 0x000000008000605e
core   0: 0x0000000080004010 (0x000c00e7) jalr    s8
core   0: 3 0x0000000080004010 (0x000c00e7) x1  0x0000000080004014
core   0: >>>>  any_handler
core   0: 0x000000008000605e (0x341027f3) csrrs   a5, mepc, zero
core   0: 3 0x000000008000605e (0x341027f3) x15 0x0000000080004848
core   0: 0x0000000080006062 (0x34202773) csrrs   a4, mcause, zero
core   0: 3 0x0000000080006062 (0x34202773) x14 0x0000000000000002
core   0: 0x0000000080006066 (0x142026f3) csrrs   a3, scause, zero
core   0: 3 0x0000000080006066 (0x142026f3) x13 0xffffffffffffffff
core   0: 0x000000008000606a (0x30402673) csrrs   a2, mie, zero
core   0: 3 0x000000008000606a (0x30402673) x12 0x0000000000000a00
core   0: 0x000000008000606e (0x344025f3) csrrs   a1, mip, zero
core   0: 3 0x000000008000606e (0x344025f3) x11 0x0000000000000080
core   0: 0x0000000080006072 (0x343025f3) csrrs   a1, mtval, zero
core   0: 3 0x0000000080006072 (0x343025f3) x11 0x00000000f119fbf3
core   0: 0x0000000080006076 (0x14302573) csrrs   a0, stval, zero
core   0: 3 0x0000000080006076 (0x14302573) x10 0x0000000000000000
core   0: 0x000000008000607a (0xb02024f3) csrrs   s1, minstret, zero
core   0: 3 0x000000008000607a (0xb02024f3) x9  0x0000000000000a91
core   0: 0x000000008000607e (0x0000a811) c.j     pc + 20
core   0: 3 0x000000008000607e (0xa811)
core   0: >>>>  mepc_4
core   0: 0x0000000080006092 (0x00000791) c.addi  a5, 4
core   0: 3 0x0000000080006092 (0x0791) x15 0x000000008000484c
core   0: 0x0000000080006094 (0x34179073) csrrw   zero, mepc, a5
core   0: 3 0x0000000080006094 (0x34179073) c833_mepc 0x000000008000484c
core   0: 0x0000000080006098 (0x30200073) mret
core   0: 3 0x0000000080006098 (0x30200073) c768_mstatus 0x8000000a00106080
core   0: 0x000000008000484c (0x41648d3b) subw    s10, s1, s6
core   0: 1 0x000000008000484c (0x41648d3b) x26 0x0000000000000a92
core   0: 0x0000000080004850 (0x044f05b7) lui     a1, 0x44f0
core   0: 1 0x0000000080004850 (0x044f05b7) x11 0x00000000044f0000
core   0: 0x0000000080004854 (0x9855859b) addiw   a1, a1, -1659
core   0: 1 0x0000000080004854 (0x9855859b) x11 0x00000000044ef985
core   0: 0x0000000080004858 (0x000005b2) c.slli  a1, 12
core   0: 1 0x0000000080004858 (0x05b2) x11 0x00000044ef985000
core   0: 0x000000008000485a (0x00001591) c.addi  a1, -28
core   0: 1 0x000000008000485a (0x1591) x11 0x00000044ef984fe4
core   0: 0x000000008000485c (0x4a94f0cb) fnmsub.d ft1, fs1, fs1, fs1
core   0: 1 0x000000008000485c (0x4a94f0cb) f1  0x7ff8000000000000
core   0: 0x0000000080004860 (0x026661b3) rem     gp, a2, t1
core   0: 1 0x0000000080004860 (0x026661b3) x3  0x0000000000000a00
core   0: 0x0000000080004864 (0x006d64b3) or      s1, s10, t1
core   0: 1 0x0000000080004864 (0x006d64b3) x9  0xffffffff8bdfcef6
core   0: 0x0000000080004868 (0x03def6bb) remuw   a3, t4, t4
core   0: 1 0x0000000080004868 (0x03def6bb) x13 0x0000000000000000
core   0: 0x000000008000486c (0xf69c98b7) lui     a7, 0xf69c9
core   0: 1 0x000000008000486c (0xf69c98b7) x17 0xfffffffff69c9000
core   0: 0x0000000080004870 (0x00102cf3) csrrs   s9, fflags, zero
core   0: 1 0x0000000080004870 (0x00102cf3) x25 0x0000000000000013
core   0: 0x0000000080004874 (0xd22272d3) fcvt.d.l ft5, tp
core   0: 1 0x0000000080004874 (0xd22272d3) f5  0xc1cf3e63e3000000
core   0: 0x0000000080004878 (0xe20088d3) fmv.x.d a7, ft1
core   0: 1 0x0000000080004878 (0xe20088d3) x17 0x7ff8000000000000
core   0: 0x000000008000487c (0xd0207ad3) fcvt.s.l fs5, zero
core   0: 1 0x000000008000487c (0xd0207ad3) f21 0xffffffff00000000
core   0: 0x0000000080004880 (0x00045cb3) srl     s9, s0, zero
core   0: 1 0x0000000080004880 (0x00045cb3) x25 0x0000000012adc000
core   0: 0x0000000080004884 (0xd23cf9d3) fcvt.d.lu fs3, s9
core   0: 1 0x0000000080004884 (0xd23cf9d3) f19 0x41b2adc000000000
core   0: 0x0000000080004888 (0x0294cbbb) divw    s7, s1, s1
core   0: 1 0x0000000080004888 (0x0294cbbb) x23 0x0000000000000001
core   0: 0x000000008000488c (0xd2148953) fcvt.d.wu fs2, s1
core   0: 1 0x000000008000488c (0xd2148953) f18 0x41e17bf9dec00000
core   0: 0x0000000080004890 (0x417080bb) subw    ra, ra, s7
core   0: 1 0x0000000080004890 (0x417080bb) x1  0xffffffff80004013
core   0: 0x0000000080004894 (0x64dbcb13) xori    s6, s7, 1613
core   0: 1 0x0000000080004894 (0x64dbcb13) x22 0x000000000000064c
core   0: 0x0000000080004898 (0x00d096b3) sll     a3, ra, a3
core   0: 1 0x0000000080004898 (0x00d096b3) x13 0xffffffff80004013
core   0: 0x000000008000489c (0x00159d73) csrrw   s10, fflags, a1
core   0: 1 0x000000008000489c (0x00159d73) x26 0x0000000000000013 c1_fflags 0x0000000000000004
core   0: 0x00000000800048a0 (0x014a5a33) srl     s4, s4, s4
core   0: 1 0x00000000800048a0 (0x014a5a33) x20 0x0000000000980000
core   0: 0x00000000800048a4 (0xa33787d3) fle.d   a5, fa5, fs3
core   0: 1 0x00000000800048a4 (0xa33787d3) c1_fflags 0x0000000000000014 x15 0x0000000000000000
core   0: 0x00000000800048a8 (0x01bac933) xor     s2, s5, s11
core   0: 1 0x00000000800048a8 (0x01bac933) x18 0x0000000067e8d91e
core   0: 0x00000000800048ac (0x002812f3) csrrw   t0, frm, a6
core   0: 1 0x00000000800048ac (0x002812f3) x5  0x0000000000000004 c2_frm 0x0000000000000006
core   0: 0x00000000800048b0 (0x0aa971d3) fsub.d  ft3, fs2, fa0
core   0: exception trap_illegal_instruction, epc 0x00000000800048b0
core   0:           tval 0x000000000aa971d3
core   0: >>>>  $xrv64i2p1_m2p0_a2p1_f2p2_d2p2_zicsr2p0_zifencei2p0_zmmul1p0_zba1p0_zbb1p0_zbc1p0_zbs1p0
core   0: 0x0000000080004000 (0x0080006f) j       pc + 0x8
core   0: 3 0x0000000080004000 (0x0080006f)
core   0: >>>>  mmode_exception_handler
core   0: 0x0000000080004008 (0x00002c17) auipc   s8, 0x2
core   0: 3 0x0000000080004008 (0x00002c17) x24 0x0000000080006008
core   0: 0x000000008000400c (0x056c0c13) addi    s8, s8, 86
core   0: 3 0x000000008000400c (0x056c0c13) x24 0x000000008000605e
core   0: 0x0000000080004010 (0x000c00e7) jalr    s8
core   0: 3 0x0000000080004010 (0x000c00e7) x1  0x0000000080004014
core   0: >>>>  any_handler
core   0: 0x000000008000605e (0x341027f3) csrrs   a5, mepc, zero
core   0: 3 0x000000008000605e (0x341027f3) x15 0x00000000800048b0
core   0: 0x0000000080006062 (0x34202773) csrrs   a4, mcause, zero
core   0: 3 0x0000000080006062 (0x34202773) x14 0x0000000000000002
core   0: 0x0000000080006066 (0x142026f3) csrrs   a3, scause, zero
core   0: 3 0x0000000080006066 (0x142026f3) x13 0xffffffffffffffff
core   0: 0x000000008000606a (0x30402673) csrrs   a2, mie, zero
core   0: 3 0x000000008000606a (0x30402673) x12 0x0000000000000a00
core   0: 0x000000008000606e (0x344025f3) csrrs   a1, mip, zero
core   0: 3 0x000000008000606e (0x344025f3) x11 0x0000000000000080
core   0: 0x0000000080006072 (0x343025f3) csrrs   a1, mtval, zero
core   0: 3 0x0000000080006072 (0x343025f3) x11 0x000000000aa971d3
core   0: 0x0000000080006076 (0x14302573) csrrs   a0, stval, zero
core   0: 3 0x0000000080006076 (0x14302573) x10 0x0000000000000000
core   0: 0x000000008000607a (0xb02024f3) csrrs   s1, minstret, zero
core   0: 3 0x000000008000607a (0xb02024f3) x9  0x0000000000000abb
core   0: 0x000000008000607e (0x0000a811) c.j     pc + 20
core   0: 3 0x000000008000607e (0xa811)
core   0: >>>>  mepc_4
core   0: 0x0000000080006092 (0x00000791) c.addi  a5, 4
core   0: 3 0x0000000080006092 (0x0791) x15 0x00000000800048b4
core   0: 0x0000000080006094 (0x34179073) csrrw   zero, mepc, a5
core   0: 3 0x0000000080006094 (0x34179073) c833_mepc 0x00000000800048b4
core   0: 0x0000000080006098 (0x30200073) mret
core   0: 3 0x0000000080006098 (0x30200073) c768_mstatus 0x8000000a00106080
core   0: 0x00000000800048b4 (0x40555333) sra     t1, a0, t0
core   0: 1 0x00000000800048b4 (0x40555333) x6  0x0000000000000000
core   0: 0x00000000800048b8 (0xae5cf437) lui     s0, 0xae5cf
core   0: 1 0x00000000800048b8 (0xae5cf437) x8  0xffffffffae5cf000
core   0: 0x00000000800048bc (0x03767653) fadd.d  fa2, fa2, fs7
core   0: exception trap_illegal_instruction, epc 0x00000000800048bc
core   0:           tval 0x0000000003767653
core   0: >>>>  $xrv64i2p1_m2p0_a2p1_f2p2_d2p2_zicsr2p0_zifencei2p0_zmmul1p0_zba1p0_zbb1p0_zbc1p0_zbs1p0
core   0: 0x0000000080004000 (0x0080006f) j       pc + 0x8
core   0: 3 0x0000000080004000 (0x0080006f)
core   0: >>>>  mmode_exception_handler
core   0: 0x0000000080004008 (0x00002c17) auipc   s8, 0x2
core   0: 3 0x0000000080004008 (0x00002c17) x24 0x0000000080006008
core   0: 0x000000008000400c (0x056c0c13) addi    s8, s8, 86
core   0: 3 0x000000008000400c (0x056c0c13) x24 0x000000008000605e
core   0: 0x0000000080004010 (0x000c00e7) jalr    s8
core   0: 3 0x0000000080004010 (0x000c00e7) x1  0x0000000080004014
core   0: >>>>  any_handler
core   0: 0x000000008000605e (0x341027f3) csrrs   a5, mepc, zero
core   0: 3 0x000000008000605e (0x341027f3) x15 0x00000000800048bc
core   0: 0x0000000080006062 (0x34202773) csrrs   a4, mcause, zero
core   0: 3 0x0000000080006062 (0x34202773) x14 0x0000000000000002
core   0: 0x0000000080006066 (0x142026f3) csrrs   a3, scause, zero
core   0: 3 0x0000000080006066 (0x142026f3) x13 0xffffffffffffffff
core   0: 0x000000008000606a (0x30402673) csrrs   a2, mie, zero
core   0: 3 0x000000008000606a (0x30402673) x12 0x0000000000000a00
core   0: 0x000000008000606e (0x344025f3) csrrs   a1, mip, zero
core   0: 3 0x000000008000606e (0x344025f3) x11 0x0000000000000080
core   0: 0x0000000080006072 (0x343025f3) csrrs   a1, mtval, zero
core   0: 3 0x0000000080006072 (0x343025f3) x11 0x0000000003767653
core   0: 0x0000000080006076 (0x14302573) csrrs   a0, stval, zero
core   0: 3 0x0000000080006076 (0x14302573) x10 0x0000000000000000
core   0: 0x000000008000607a (0xb02024f3) csrrs   s1, minstret, zero
core   0: 3 0x000000008000607a (0xb02024f3) x9  0x0000000000000acd
core   0: 0x000000008000607e (0x0000a811) c.j     pc + 20
core   0: 3 0x000000008000607e (0xa811)
core   0: >>>>  mepc_4
core   0: 0x0000000080006092 (0x00000791) c.addi  a5, 4
core   0: 3 0x0000000080006092 (0x0791) x15 0x00000000800048c0
core   0: 0x0000000080006094 (0x34179073) csrrw   zero, mepc, a5
core   0: 3 0x0000000080006094 (0x34179073) c833_mepc 0x00000000800048c0
core   0: 0x0000000080006098 (0x30200073) mret
core   0: 3 0x0000000080006098 (0x30200073) c768_mstatus 0x8000000a00106080
core   0: 0x00000000800048c0 (0x23362653) fsgnjx.d fa2, fa2, fs3
core   0: 1 0x00000000800048c0 (0x23362653) f12 0x7ff8000000000000
core   0: 0x00000000800048c4 (0x019bddb3) srl     s11, s7, s9
core   0: 1 0x00000000800048c4 (0x019bddb3) x27 0x0000000000000001
core   0: 0x00000000800048c8 (0x52c3f343) fmadd.d ft6, ft7, fa2, fa0
core   0: exception trap_illegal_instruction, epc 0x00000000800048c8
core   0:           tval 0x0000000052c3f343
core   0: >>>>  $xrv64i2p1_m2p0_a2p1_f2p2_d2p2_zicsr2p0_zifencei2p0_zmmul1p0_zba1p0_zbb1p0_zbc1p0_zbs1p0
core   0: 0x0000000080004000 (0x0080006f) j       pc + 0x8
core   0: 3 0x0000000080004000 (0x0080006f)
core   0: >>>>  mmode_exception_handler
core   0: 0x0000000080004008 (0x00002c17) auipc   s8, 0x2
core   0: 3 0x0000000080004008 (0x00002c17) x24 0x0000000080006008
core   0: 0x000000008000400c (0x056c0c13) addi    s8, s8, 86
core   0: 3 0x000000008000400c (0x056c0c13) x24 0x000000008000605e
core   0: 0x0000000080004010 (0x000c00e7) jalr    s8
core   0: 3 0x0000000080004010 (0x000c00e7) x1  0x0000000080004014
core   0: >>>>  any_handler
core   0: 0x000000008000605e (0x341027f3) csrrs   a5, mepc, zero
core   0: 3 0x000000008000605e (0x341027f3) x15 0x00000000800048c8
core   0: 0x0000000080006062 (0x34202773) csrrs   a4, mcause, zero
core   0: 3 0x0000000080006062 (0x34202773) x14 0x0000000000000002
core   0: 0x0000000080006066 (0x142026f3) csrrs   a3, scause, zero
core   0: 3 0x0000000080006066 (0x142026f3) x13 0xffffffffffffffff
core   0: 0x000000008000606a (0x30402673) csrrs   a2, mie, zero
core   0: 3 0x000000008000606a (0x30402673) x12 0x0000000000000a00
core   0: 0x000000008000606e (0x344025f3) csrrs   a1, mip, zero
core   0: 3 0x000000008000606e (0x344025f3) x11 0x0000000000000080
core   0: 0x0000000080006072 (0x343025f3) csrrs   a1, mtval, zero
core   0: 3 0x0000000080006072 (0x343025f3) x11 0x0000000052c3f343
core   0: 0x0000000080006076 (0x14302573) csrrs   a0, stval, zero
core   0: 3 0x0000000080006076 (0x14302573) x10 0x0000000000000000
core   0: 0x000000008000607a (0xb02024f3) csrrs   s1, minstret, zero
core   0: 3 0x000000008000607a (0xb02024f3) x9  0x0000000000000adf
core   0: 0x000000008000607e (0x0000a811) c.j     pc + 20
core   0: 3 0x000000008000607e (0xa811)
core   0: >>>>  mepc_4
core   0: 0x0000000080006092 (0x00000791) c.addi  a5, 4
core   0: 3 0x0000000080006092 (0x0791) x15 0x00000000800048cc
core   0: 0x0000000080006094 (0x34179073) csrrw   zero, mepc, a5
core   0: 3 0x0000000080006094 (0x34179073) c833_mepc 0x00000000800048cc
core   0: 0x0000000080006098 (0x30200073) mret
core   0: 3 0x0000000080006098 (0x30200073) c768_mstatus 0x8000000a00106080
core   0: 0x00000000800048cc (0x00102173) csrrs   sp, fflags, zero
core   0: 1 0x00000000800048cc (0x00102173) x2  0x0000000000000014
core   0: 0x00000000800048d0 (0x00776733) or      a4, a4, t2
core   0: 1 0x00000000800048d0 (0x00776733) x14 0xfffffffff4a00002
core   0: 0x00000000800048d4 (0x02a57a53) fadd.d  fs4, fa0, fa0
core   0: exception trap_illegal_instruction, epc 0x00000000800048d4
core   0:           tval 0x0000000002a57a53
core   0: >>>>  $xrv64i2p1_m2p0_a2p1_f2p2_d2p2_zicsr2p0_zifencei2p0_zmmul1p0_zba1p0_zbb1p0_zbc1p0_zbs1p0
core   0: 0x0000000080004000 (0x0080006f) j       pc + 0x8
core   0: 3 0x0000000080004000 (0x0080006f)
core   0: >>>>  mmode_exception_handler
core   0: 0x0000000080004008 (0x00002c17) auipc   s8, 0x2
core   0: 3 0x0000000080004008 (0x00002c17) x24 0x0000000080006008
core   0: 0x000000008000400c (0x056c0c13) addi    s8, s8, 86
core   0: 3 0x000000008000400c (0x056c0c13) x24 0x000000008000605e
core   0: 0x0000000080004010 (0x000c00e7) jalr    s8
core   0: 3 0x0000000080004010 (0x000c00e7) x1  0x0000000080004014
core   0: >>>>  any_handler
core   0: 0x000000008000605e (0x341027f3) csrrs   a5, mepc, zero
core   0: 3 0x000000008000605e (0x341027f3) x15 0x00000000800048d4
core   0: 0x0000000080006062 (0x34202773) csrrs   a4, mcause, zero
core   0: 3 0x0000000080006062 (0x34202773) x14 0x0000000000000002
core   0: 0x0000000080006066 (0x142026f3) csrrs   a3, scause, zero
core   0: 3 0x0000000080006066 (0x142026f3) x13 0xffffffffffffffff
core   0: 0x000000008000606a (0x30402673) csrrs   a2, mie, zero
core   0: 3 0x000000008000606a (0x30402673) x12 0x0000000000000a00
core   0: 0x000000008000606e (0x344025f3) csrrs   a1, mip, zero
core   0: 3 0x000000008000606e (0x344025f3) x11 0x0000000000000080
core   0: 0x0000000080006072 (0x343025f3) csrrs   a1, mtval, zero
core   0: 3 0x0000000080006072 (0x343025f3) x11 0x0000000002a57a53
core   0: 0x0000000080006076 (0x14302573) csrrs   a0, stval, zero
core   0: 3 0x0000000080006076 (0x14302573) x10 0x0000000000000000
core   0: 0x000000008000607a (0xb02024f3) csrrs   s1, minstret, zero
core   0: 3 0x000000008000607a (0xb02024f3) x9  0x0000000000000af1
core   0: 0x000000008000607e (0x0000a811) c.j     pc + 20
core   0: 3 0x000000008000607e (0xa811)
core   0: >>>>  mepc_4
core   0: 0x0000000080006092 (0x00000791) c.addi  a5, 4
core   0: 3 0x0000000080006092 (0x0791) x15 0x00000000800048d8
core   0: 0x0000000080006094 (0x34179073) csrrw   zero, mepc, a5
core   0: 3 0x0000000080006094 (0x34179073) c833_mepc 0x00000000800048d8
core   0: 0x0000000080006098 (0x30200073) mret
core   0: 3 0x0000000080006098 (0x30200073) c768_mstatus 0x8000000a00106080
core   0: 0x00000000800048d8 (0x01936633) or      a2, t1, s9
core   0: 1 0x00000000800048d8 (0x01936633) x12 0x0000000012adc000
core   0: 0x00000000800048dc (0x2bda1353) fmax.d  ft6, fs4, ft9
core   0: 1 0x00000000800048dc (0x2bda1353) f6  0x0000000000000000
core   0: 0x00000000800048e0 (0xcb4bfcc7) fmsub.d fs9, fs7, fs4, fs9
core   0: exception trap_illegal_instruction, epc 0x00000000800048e0
core   0:           tval 0x00000000cb4bfcc7
core   0: >>>>  $xrv64i2p1_m2p0_a2p1_f2p2_d2p2_zicsr2p0_zifencei2p0_zmmul1p0_zba1p0_zbb1p0_zbc1p0_zbs1p0
core   0: 0x0000000080004000 (0x0080006f) j       pc + 0x8
core   0: 3 0x0000000080004000 (0x0080006f)
core   0: >>>>  mmode_exception_handler
core   0: 0x0000000080004008 (0x00002c17) auipc   s8, 0x2
core   0: 3 0x0000000080004008 (0x00002c17) x24 0x0000000080006008
core   0: 0x000000008000400c (0x056c0c13) addi    s8, s8, 86
core   0: 3 0x000000008000400c (0x056c0c13) x24 0x000000008000605e
core   0: 0x0000000080004010 (0x000c00e7) jalr    s8
core   0: 3 0x0000000080004010 (0x000c00e7) x1  0x0000000080004014
core   0: >>>>  any_handler
core   0: 0x000000008000605e (0x341027f3) csrrs   a5, mepc, zero
core   0: 3 0x000000008000605e (0x341027f3) x15 0x00000000800048e0
core   0: 0x0000000080006062 (0x34202773) csrrs   a4, mcause, zero
core   0: 3 0x0000000080006062 (0x34202773) x14 0x0000000000000002
core   0: 0x0000000080006066 (0x142026f3) csrrs   a3, scause, zero
core   0: 3 0x0000000080006066 (0x142026f3) x13 0xffffffffffffffff
core   0: 0x000000008000606a (0x30402673) csrrs   a2, mie, zero
core   0: 3 0x000000008000606a (0x30402673) x12 0x0000000000000a00
core   0: 0x000000008000606e (0x344025f3) csrrs   a1, mip, zero
core   0: 3 0x000000008000606e (0x344025f3) x11 0x0000000000000080
core   0: 0x0000000080006072 (0x343025f3) csrrs   a1, mtval, zero
core   0: 3 0x0000000080006072 (0x343025f3) x11 0x00000000cb4bfcc7
core   0: 0x0000000080006076 (0x14302573) csrrs   a0, stval, zero
core   0: 3 0x0000000080006076 (0x14302573) x10 0x0000000000000000
core   0: 0x000000008000607a (0xb02024f3) csrrs   s1, minstret, zero
core   0: 3 0x000000008000607a (0xb02024f3) x9  0x0000000000000b03
core   0: 0x000000008000607e (0x0000a811) c.j     pc + 20
core   0: 3 0x000000008000607e (0xa811)
core   0: >>>>  mepc_4
core   0: 0x0000000080006092 (0x00000791) c.addi  a5, 4
core   0: 3 0x0000000080006092 (0x0791) x15 0x00000000800048e4
core   0: 0x0000000080006094 (0x34179073) csrrw   zero, mepc, a5
core   0: 3 0x0000000080006094 (0x34179073) c833_mepc 0x00000000800048e4
core   0: 0x0000000080006098 (0x30200073) mret
core   0: 3 0x0000000080006098 (0x30200073) c768_mstatus 0x8000000a00106080
core   0: 0x00000000800048e4 (0x41b255bb) sraw    a1, tp, s11
core   0: 1 0x00000000800048e4 (0x41b255bb) x11 0xffffffffe0c19c1d
core   0: 0x00000000800048e8 (0x03baf2bb) remuw   t0, s5, s11
core   0: 1 0x00000000800048e8 (0x03baf2bb) x5  0x0000000000000000
core   0: 0x00000000800048ec (0x00009996) c.add   s3, t0
core   0: 1 0x00000000800048ec (0x9996) x19 0x0000000000000001
core   0: 0x00000000800048ee (0x121cf8d3) fmul.d  fa7, fs9, ft1
core   0: exception trap_illegal_instruction, epc 0x00000000800048ee
core   0:           tval 0x00000000121cf8d3
core   0: >>>>  $xrv64i2p1_m2p0_a2p1_f2p2_d2p2_zicsr2p0_zifencei2p0_zmmul1p0_zba1p0_zbb1p0_zbc1p0_zbs1p0
core   0: 0x0000000080004000 (0x0080006f) j       pc + 0x8
core   0: 3 0x0000000080004000 (0x0080006f)
core   0: >>>>  mmode_exception_handler
core   0: 0x0000000080004008 (0x00002c17) auipc   s8, 0x2
core   0: 3 0x0000000080004008 (0x00002c17) x24 0x0000000080006008
core   0: 0x000000008000400c (0x056c0c13) addi    s8, s8, 86
core   0: 3 0x000000008000400c (0x056c0c13) x24 0x000000008000605e
core   0: 0x0000000080004010 (0x000c00e7) jalr    s8
core   0: 3 0x0000000080004010 (0x000c00e7) x1  0x0000000080004014
core   0: >>>>  any_handler
core   0: 0x000000008000605e (0x341027f3) csrrs   a5, mepc, zero
core   0: 3 0x000000008000605e (0x341027f3) x15 0x00000000800048ee
core   0: 0x0000000080006062 (0x34202773) csrrs   a4, mcause, zero
core   0: 3 0x0000000080006062 (0x34202773) x14 0x0000000000000002
core   0: 0x0000000080006066 (0x142026f3) csrrs   a3, scause, zero
core   0: 3 0x0000000080006066 (0x142026f3) x13 0xffffffffffffffff
core   0: 0x000000008000606a (0x30402673) csrrs   a2, mie, zero
core   0: 3 0x000000008000606a (0x30402673) x12 0x0000000000000a00
core   0: 0x000000008000606e (0x344025f3) csrrs   a1, mip, zero
core   0: 3 0x000000008000606e (0x344025f3) x11 0x0000000000000080
core   0: 0x0000000080006072 (0x343025f3) csrrs   a1, mtval, zero
core   0: 3 0x0000000080006072 (0x343025f3) x11 0x00000000121cf8d3
core   0: 0x0000000080006076 (0x14302573) csrrs   a0, stval, zero
core   0: 3 0x0000000080006076 (0x14302573) x10 0x0000000000000000
core   0: 0x000000008000607a (0xb02024f3) csrrs   s1, minstret, zero
core   0: 3 0x000000008000607a (0xb02024f3) x9  0x0000000000000b16
core   0: 0x000000008000607e (0x0000a811) c.j     pc + 20
core   0: 3 0x000000008000607e (0xa811)
core   0: >>>>  mepc_4
core   0: 0x0000000080006092 (0x00000791) c.addi  a5, 4
core   0: 3 0x0000000080006092 (0x0791) x15 0x00000000800048f2
core   0: 0x0000000080006094 (0x34179073) csrrw   zero, mepc, a5
core   0: 3 0x0000000080006094 (0x34179073) c833_mepc 0x00000000800048f2
core   0: 0x0000000080006098 (0x30200073) mret
core   0: 3 0x0000000080006098 (0x30200073) c768_mstatus 0x8000000a00106080
core   0: 0x00000000800048f2 (0x015b54b3) srl     s1, s6, s5
core   0: 1 0x00000000800048f2 (0x015b54b3) x9  0x000000000000064c
core   0: 0x00000000800048f6 (0x0210f3b3) remu    t2, ra, ra
core   0: 1 0x00000000800048f6 (0x0210f3b3) x7  0x0000000000000000
core   0: 0x00000000800048fa (0x23188c53) fsgnj.d fs8, fa7, fa7
core   0: 1 0x00000000800048fa (0x23188c53) f24 0x7ff8000000000000
core   0: 0x00000000800048fe (0xd0337353) fcvt.s.lu ft6, t1
core   0: exception trap_illegal_instruction, epc 0x00000000800048fe
core   0:           tval 0x00000000d0337353
core   0: >>>>  $xrv64i2p1_m2p0_a2p1_f2p2_d2p2_zicsr2p0_zifencei2p0_zmmul1p0_zba1p0_zbb1p0_zbc1p0_zbs1p0
core   0: 0x0000000080004000 (0x0080006f) j       pc + 0x8
core   0: 3 0x0000000080004000 (0x0080006f)
core   0: >>>>  mmode_exception_handler
core   0: 0x0000000080004008 (0x00002c17) auipc   s8, 0x2
core   0: 3 0x0000000080004008 (0x00002c17) x24 0x0000000080006008
core   0: 0x000000008000400c (0x056c0c13) addi    s8, s8, 86
core   0: 3 0x000000008000400c (0x056c0c13) x24 0x000000008000605e
core   0: 0x0000000080004010 (0x000c00e7) jalr    s8
core   0: 3 0x0000000080004010 (0x000c00e7) x1  0x0000000080004014
core   0: >>>>  any_handler
core   0: 0x000000008000605e (0x341027f3) csrrs   a5, mepc, zero
core   0: 3 0x000000008000605e (0x341027f3) x15 0x00000000800048fe
core   0: 0x0000000080006062 (0x34202773) csrrs   a4, mcause, zero
core   0: 3 0x0000000080006062 (0x34202773) x14 0x0000000000000002
core   0: 0x0000000080006066 (0x142026f3) csrrs   a3, scause, zero
core   0: 3 0x0000000080006066 (0x142026f3) x13 0xffffffffffffffff
core   0: 0x000000008000606a (0x30402673) csrrs   a2, mie, zero
core   0: 3 0x000000008000606a (0x30402673) x12 0x0000000000000a00
core   0: 0x000000008000606e (0x344025f3) csrrs   a1, mip, zero
core   0: 3 0x000000008000606e (0x344025f3) x11 0x0000000000000080
core   0: 0x0000000080006072 (0x343025f3) csrrs   a1, mtval, zero
core   0: 3 0x0000000080006072 (0x343025f3) x11 0x00000000d0337353
core   0: 0x0000000080006076 (0x14302573) csrrs   a0, stval, zero
core   0: 3 0x0000000080006076 (0x14302573) x10 0x0000000000000000
core   0: 0x000000008000607a (0xb02024f3) csrrs   s1, minstret, zero
core   0: 3 0x000000008000607a (0xb02024f3) x9  0x0000000000000b29
core   0: 0x000000008000607e (0x0000a811) c.j     pc + 20
core   0: 3 0x000000008000607e (0xa811)
core   0: >>>>  mepc_4
core   0: 0x0000000080006092 (0x00000791) c.addi  a5, 4
core   0: 3 0x0000000080006092 (0x0791) x15 0x0000000080004902
core   0: 0x0000000080006094 (0x34179073) csrrw   zero, mepc, a5
core   0: 3 0x0000000080006094 (0x34179073) c833_mepc 0x0000000080004902
core   0: 0x0000000080006098 (0x30200073) mret
core   0: 3 0x0000000080006098 (0x30200073) c768_mstatus 0x8000000a00106080
core   0: 0x0000000080004902 (0x12647a53) fmul.d  fs4, fs0, ft6
core   0: exception trap_illegal_instruction, epc 0x0000000080004902
core   0:           tval 0x0000000012647a53
core   0: >>>>  $xrv64i2p1_m2p0_a2p1_f2p2_d2p2_zicsr2p0_zifencei2p0_zmmul1p0_zba1p0_zbb1p0_zbc1p0_zbs1p0
core   0: 0x0000000080004000 (0x0080006f) j       pc + 0x8
core   0: 3 0x0000000080004000 (0x0080006f)
core   0: >>>>  mmode_exception_handler
core   0: 0x0000000080004008 (0x00002c17) auipc   s8, 0x2
core   0: 3 0x0000000080004008 (0x00002c17) x24 0x0000000080006008
core   0: 0x000000008000400c (0x056c0c13) addi    s8, s8, 86
core   0: 3 0x000000008000400c (0x056c0c13) x24 0x000000008000605e
core   0: 0x0000000080004010 (0x000c00e7) jalr    s8
core   0: 3 0x0000000080004010 (0x000c00e7) x1  0x0000000080004014
core   0: >>>>  any_handler
core   0: 0x000000008000605e (0x341027f3) csrrs   a5, mepc, zero
core   0: 3 0x000000008000605e (0x341027f3) x15 0x0000000080004902
core   0: 0x0000000080006062 (0x34202773) csrrs   a4, mcause, zero
core   0: 3 0x0000000080006062 (0x34202773) x14 0x0000000000000002
core   0: 0x0000000080006066 (0x142026f3) csrrs   a3, scause, zero
core   0: 3 0x0000000080006066 (0x142026f3) x13 0xffffffffffffffff
core   0: 0x000000008000606a (0x30402673) csrrs   a2, mie, zero
core   0: 3 0x000000008000606a (0x30402673) x12 0x0000000000000a00
core   0: 0x000000008000606e (0x344025f3) csrrs   a1, mip, zero
core   0: 3 0x000000008000606e (0x344025f3) x11 0x0000000000000080
core   0: 0x0000000080006072 (0x343025f3) csrrs   a1, mtval, zero
core   0: 3 0x0000000080006072 (0x343025f3) x11 0x0000000012647a53
core   0: 0x0000000080006076 (0x14302573) csrrs   a0, stval, zero
core   0: 3 0x0000000080006076 (0x14302573) x10 0x0000000000000000
core   0: 0x000000008000607a (0xb02024f3) csrrs   s1, minstret, zero
core   0: 3 0x000000008000607a (0xb02024f3) x9  0x0000000000000b39
core   0: 0x000000008000607e (0x0000a811) c.j     pc + 20
core   0: 3 0x000000008000607e (0xa811)
core   0: >>>>  mepc_4
core   0: 0x0000000080006092 (0x00000791) c.addi  a5, 4
core   0: 3 0x0000000080006092 (0x0791) x15 0x0000000080004906
core   0: 0x0000000080006094 (0x34179073) csrrw   zero, mepc, a5
core   0: 3 0x0000000080006094 (0x34179073) c833_mepc 0x0000000080004906
core   0: 0x0000000080006098 (0x30200073) mret
core   0: 3 0x0000000080006098 (0x30200073) c768_mstatus 0x8000000a00106080
core   0: 0x0000000080004906 (0x00000001) c.nop
core   0: 1 0x0000000080004906 (0x0001)
core   0: 0x0000000080004908 (0x340ca9f3) csrrs   s3, mscratch, s9
core   0: exception trap_illegal_instruction, epc 0x0000000080004908
core   0:           tval 0x00000000340ca9f3
core   0: >>>>  $xrv64i2p1_m2p0_a2p1_f2p2_d2p2_zicsr2p0_zifencei2p0_zmmul1p0_zba1p0_zbb1p0_zbc1p0_zbs1p0
core   0: 0x0000000080004000 (0x0080006f) j       pc + 0x8
core   0: 3 0x0000000080004000 (0x0080006f)
core   0: >>>>  mmode_exception_handler
core   0: 0x0000000080004008 (0x00002c17) auipc   s8, 0x2
core   0: 3 0x0000000080004008 (0x00002c17) x24 0x0000000080006008
core   0: 0x000000008000400c (0x056c0c13) addi    s8, s8, 86
core   0: 3 0x000000008000400c (0x056c0c13) x24 0x000000008000605e
core   0: 0x0000000080004010 (0x000c00e7) jalr    s8
core   0: 3 0x0000000080004010 (0x000c00e7) x1  0x0000000080004014
core   0: >>>>  any_handler
core   0: 0x000000008000605e (0x341027f3) csrrs   a5, mepc, zero
core   0: 3 0x000000008000605e (0x341027f3) x15 0x0000000080004908
core   0: 0x0000000080006062 (0x34202773) csrrs   a4, mcause, zero
core   0: 3 0x0000000080006062 (0x34202773) x14 0x0000000000000002
core   0: 0x0000000080006066 (0x142026f3) csrrs   a3, scause, zero
core   0: 3 0x0000000080006066 (0x142026f3) x13 0xffffffffffffffff
core   0: 0x000000008000606a (0x30402673) csrrs   a2, mie, zero
core   0: 3 0x000000008000606a (0x30402673) x12 0x0000000000000a00
core   0: 0x000000008000606e (0x344025f3) csrrs   a1, mip, zero
core   0: 3 0x000000008000606e (0x344025f3) x11 0x0000000000000080
core   0: 0x0000000080006072 (0x343025f3) csrrs   a1, mtval, zero
core   0: 3 0x0000000080006072 (0x343025f3) x11 0x00000000340ca9f3
core   0: 0x0000000080006076 (0x14302573) csrrs   a0, stval, zero
core   0: 3 0x0000000080006076 (0x14302573) x10 0x0000000000000000
core   0: 0x000000008000607a (0xb02024f3) csrrs   s1, minstret, zero
core   0: 3 0x000000008000607a (0xb02024f3) x9  0x0000000000000b4a
core   0: 0x000000008000607e (0x0000a811) c.j     pc + 20
core   0: 3 0x000000008000607e (0xa811)
core   0: >>>>  mepc_4
core   0: 0x0000000080006092 (0x00000791) c.addi  a5, 4
core   0: 3 0x0000000080006092 (0x0791) x15 0x000000008000490c
core   0: 0x0000000080006094 (0x34179073) csrrw   zero, mepc, a5
core   0: 3 0x0000000080006094 (0x34179073) c833_mepc 0x000000008000490c
core   0: 0x0000000080006098 (0x30200073) mret
core   0: 3 0x0000000080006098 (0x30200073) c768_mstatus 0x8000000a00106080
core   0: 0x000000008000490c (0x01a986bb) addw    a3, s3, s10
core   0: 1 0x000000008000490c (0x01a986bb) x13 0x0000000000000014
core   0: 0x0000000080004910 (0x40425cbb) sraw    s9, tp, tp
core   0: 1 0x0000000080004910 (0x40425cbb) x25 0xfffffffffffffff0
core   0: 0x0000000080004914 (0x7598059b) addiw   a1, a6, 1881
core   0: 1 0x0000000080004914 (0x7598059b) x11 0xffffffff80054a1f
core   0: 0x0000000080004918 (0x5a097f53) fsqrt.d ft10, fs2
core   0: exception trap_illegal_instruction, epc 0x0000000080004918
core   0:           tval 0x000000005a097f53
core   0: >>>>  $xrv64i2p1_m2p0_a2p1_f2p2_d2p2_zicsr2p0_zifencei2p0_zmmul1p0_zba1p0_zbb1p0_zbc1p0_zbs1p0
core   0: 0x0000000080004000 (0x0080006f) j       pc + 0x8
core   0: 3 0x0000000080004000 (0x0080006f)
core   0: >>>>  mmode_exception_handler
core   0: 0x0000000080004008 (0x00002c17) auipc   s8, 0x2
core   0: 3 0x0000000080004008 (0x00002c17) x24 0x0000000080006008
core   0: 0x000000008000400c (0x056c0c13) addi    s8, s8, 86
core   0: 3 0x000000008000400c (0x056c0c13) x24 0x000000008000605e
core   0: 0x0000000080004010 (0x000c00e7) jalr    s8
core   0: 3 0x0000000080004010 (0x000c00e7) x1  0x0000000080004014
core   0: >>>>  any_handler
core   0: 0x000000008000605e (0x341027f3) csrrs   a5, mepc, zero
core   0: 3 0x000000008000605e (0x341027f3) x15 0x0000000080004918
core   0: 0x0000000080006062 (0x34202773) csrrs   a4, mcause, zero
core   0: 3 0x0000000080006062 (0x34202773) x14 0x0000000000000002
core   0: 0x0000000080006066 (0x142026f3) csrrs   a3, scause, zero
core   0: 3 0x0000000080006066 (0x142026f3) x13 0xffffffffffffffff
core   0: 0x000000008000606a (0x30402673) csrrs   a2, mie, zero
core   0: 3 0x000000008000606a (0x30402673) x12 0x0000000000000a00
core   0: 0x000000008000606e (0x344025f3) csrrs   a1, mip, zero
core   0: 3 0x000000008000606e (0x344025f3) x11 0x0000000000000080
core   0: 0x0000000080006072 (0x343025f3) csrrs   a1, mtval, zero
core   0: 3 0x0000000080006072 (0x343025f3) x11 0x000000005a097f53
core   0: 0x0000000080006076 (0x14302573) csrrs   a0, stval, zero
core   0: 3 0x0000000080006076 (0x14302573) x10 0x0000000000000000
core   0: 0x000000008000607a (0xb02024f3) csrrs   s1, minstret, zero
core   0: 3 0x000000008000607a (0xb02024f3) x9  0x0000000000000b5d
core   0: 0x000000008000607e (0x0000a811) c.j     pc + 20
core   0: 3 0x000000008000607e (0xa811)
core   0: >>>>  mepc_4
core   0: 0x0000000080006092 (0x00000791) c.addi  a5, 4
core   0: 3 0x0000000080006092 (0x0791) x15 0x000000008000491c
core   0: 0x0000000080006094 (0x34179073) csrrw   zero, mepc, a5
core   0: 3 0x0000000080006094 (0x34179073) c833_mepc 0x000000008000491c
core   0: 0x0000000080006098 (0x30200073) mret
core   0: 3 0x0000000080006098 (0x30200073) c768_mstatus 0x8000000a00106080
core   0: 0x000000008000491c (0x000bd813) srli    a6, s7, 0
core   0: 1 0x000000008000491c (0x000bd813) x16 0x0000000000000001
core   0: 0x0000000080004920 (0x001695f3) csrrw   a1, fflags, a3
core   0: 1 0x0000000080004920 (0x001695f3) x11 0x0000000000000014 c1_fflags 0x000000000000001f
core   0: 0x0000000080004924 (0xfff56a93) ori     s5, a0, -1
core   0: 1 0x0000000080004924 (0xfff56a93) x21 0xffffffffffffffff
core   0: 0x0000000080004928 (0x233e9253) fsgnjn.d ft4, ft9, fs3
core   0: 1 0x0000000080004928 (0x233e9253) f4  0x8000000000000000
core   0: 0x000000008000492c (0xc8099273) csrrw   tp, cycleh, s3
core   0: exception trap_illegal_instruction, epc 0x000000008000492c
core   0:           tval 0x00000000c8099273
core   0: >>>>  $xrv64i2p1_m2p0_a2p1_f2p2_d2p2_zicsr2p0_zifencei2p0_zmmul1p0_zba1p0_zbb1p0_zbc1p0_zbs1p0
core   0: 0x0000000080004000 (0x0080006f) j       pc + 0x8
core   0: 3 0x0000000080004000 (0x0080006f)
core   0: >>>>  mmode_exception_handler
core   0: 0x0000000080004008 (0x00002c17) auipc   s8, 0x2
core   0: 3 0x0000000080004008 (0x00002c17) x24 0x0000000080006008
core   0: 0x000000008000400c (0x056c0c13) addi    s8, s8, 86
core   0: 3 0x000000008000400c (0x056c0c13) x24 0x000000008000605e
core   0: 0x0000000080004010 (0x000c00e7) jalr    s8
core   0: 3 0x0000000080004010 (0x000c00e7) x1  0x0000000080004014
core   0: >>>>  any_handler
core   0: 0x000000008000605e (0x341027f3) csrrs   a5, mepc, zero
core   0: 3 0x000000008000605e (0x341027f3) x15 0x000000008000492c
core   0: 0x0000000080006062 (0x34202773) csrrs   a4, mcause, zero
core   0: 3 0x0000000080006062 (0x34202773) x14 0x0000000000000002
core   0: 0x0000000080006066 (0x142026f3) csrrs   a3, scause, zero
core   0: 3 0x0000000080006066 (0x142026f3) x13 0xffffffffffffffff
core   0: 0x000000008000606a (0x30402673) csrrs   a2, mie, zero
core   0: 3 0x000000008000606a (0x30402673) x12 0x0000000000000a00
core   0: 0x000000008000606e (0x344025f3) csrrs   a1, mip, zero
core   0: 3 0x000000008000606e (0x344025f3) x11 0x0000000000000080
core   0: 0x0000000080006072 (0x343025f3) csrrs   a1, mtval, zero
core   0: 3 0x0000000080006072 (0x343025f3) x11 0x00000000c8099273
core   0: 0x0000000080006076 (0x14302573) csrrs   a0, stval, zero
core   0: 3 0x0000000080006076 (0x14302573) x10 0x0000000000000000
core   0: 0x000000008000607a (0xb02024f3) csrrs   s1, minstret, zero
core   0: 3 0x000000008000607a (0xb02024f3) x9  0x0000000000000b71
core   0: 0x000000008000607e (0x0000a811) c.j     pc + 20
core   0: 3 0x000000008000607e (0xa811)
core   0: >>>>  mepc_4
core   0: 0x0000000080006092 (0x00000791) c.addi  a5, 4
core   0: 3 0x0000000080006092 (0x0791) x15 0x0000000080004930
core   0: 0x0000000080006094 (0x34179073) csrrw   zero, mepc, a5
core   0: 3 0x0000000080006094 (0x34179073) c833_mepc 0x0000000080004930
core   0: 0x0000000080006098 (0x30200073) mret
core   0: 3 0x0000000080006098 (0x30200073) c768_mstatus 0x8000000a00106080
core   0: 0x0000000080004930 (0xf20807d3) fmv.d.x fa5, a6
core   0: 1 0x0000000080004930 (0xf20807d3) f15 0x0000000000000001
core   0: 0x0000000080004934 (0x00181973) csrrw   s2, fflags, a6
core   0: 1 0x0000000080004934 (0x00181973) x18 0x000000000000001f c1_fflags 0x0000000000000001
core   0: 0x0000000080004938 (0xd233f6d3) fcvt.d.lu fa3, t2
core   0: exception trap_illegal_instruction, epc 0x0000000080004938
core   0:           tval 0x00000000d233f6d3
core   0: >>>>  $xrv64i2p1_m2p0_a2p1_f2p2_d2p2_zicsr2p0_zifencei2p0_zmmul1p0_zba1p0_zbb1p0_zbc1p0_zbs1p0
core   0: 0x0000000080004000 (0x0080006f) j       pc + 0x8
core   0: 3 0x0000000080004000 (0x0080006f)
core   0: >>>>  mmode_exception_handler
core   0: 0x0000000080004008 (0x00002c17) auipc   s8, 0x2
core   0: 3 0x0000000080004008 (0x00002c17) x24 0x0000000080006008
core   0: 0x000000008000400c (0x056c0c13) addi    s8, s8, 86
core   0: 3 0x000000008000400c (0x056c0c13) x24 0x000000008000605e
core   0: 0x0000000080004010 (0x000c00e7) jalr    s8
core   0: 3 0x0000000080004010 (0x000c00e7) x1  0x0000000080004014
core   0: >>>>  any_handler
core   0: 0x000000008000605e (0x341027f3) csrrs   a5, mepc, zero
core   0: 3 0x000000008000605e (0x341027f3) x15 0x0000000080004938
core   0: 0x0000000080006062 (0x34202773) csrrs   a4, mcause, zero
core   0: 3 0x0000000080006062 (0x34202773) x14 0x0000000000000002
core   0: 0x0000000080006066 (0x142026f3) csrrs   a3, scause, zero
core   0: 3 0x0000000080006066 (0x142026f3) x13 0xffffffffffffffff
core   0: 0x000000008000606a (0x30402673) csrrs   a2, mie, zero
core   0: 3 0x000000008000606a (0x30402673) x12 0x0000000000000a00
core   0: 0x000000008000606e (0x344025f3) csrrs   a1, mip, zero
core   0: 3 0x000000008000606e (0x344025f3) x11 0x0000000000000080
core   0: 0x0000000080006072 (0x343025f3) csrrs   a1, mtval, zero
core   0: 3 0x0000000080006072 (0x343025f3) x11 0x00000000d233f6d3
core   0: 0x0000000080006076 (0x14302573) csrrs   a0, stval, zero
core   0: 3 0x0000000080006076 (0x14302573) x10 0x0000000000000000
core   0: 0x000000008000607a (0xb02024f3) csrrs   s1, minstret, zero
core   0: 3 0x000000008000607a (0xb02024f3) x9  0x0000000000000b83
core   0: 0x000000008000607e (0x0000a811) c.j     pc + 20
core   0: 3 0x000000008000607e (0xa811)
core   0: >>>>  mepc_4
core   0: 0x0000000080006092 (0x00000791) c.addi  a5, 4
core   0: 3 0x0000000080006092 (0x0791) x15 0x000000008000493c
core   0: 0x0000000080006094 (0x34179073) csrrw   zero, mepc, a5
core   0: 3 0x0000000080006094 (0x34179073) c833_mepc 0x000000008000493c
core   0: 0x0000000080006098 (0x30200073) mret
core   0: 3 0x0000000080006098 (0x30200073) c768_mstatus 0x8000000a00106080
core   0: 0x000000008000493c (0x00000001) c.nop
core   0: 1 0x000000008000493c (0x0001)
core   0: 0x000000008000493e (0x02b49eb3) mulh    t4, s1, a1
core   0: 1 0x000000008000493e (0x02b49eb3) x29 0x0000000000000000
core   0: 0x0000000080004942 (0xa2dc07d3) fle.d   a5, fs8, fa3
core   0: 1 0x0000000080004942 (0xa2dc07d3) c1_fflags 0x0000000000000011 x15 0x0000000000000000
core   0: 0x0000000080004946 (0x41145d1b) sraiw   s10, s0, 17
core   0: 1 0x0000000080004946 (0x41145d1b) x26 0xffffffffffffd72e
core   0: 0x000000008000494a (0x23762453) fsgnjx.d fs0, fa2, fs7
core   0: 1 0x000000008000494a (0x23762453) f8  0x7ff8000000000000
core   0: 0x000000008000494e (0x0359fb33) remu    s6, s3, s5
core   0: 1 0x000000008000494e (0x0359fb33) x22 0x0000000000000001
core   0: 0x0000000080004952 (0x9321714f) fnmadd.d ft2, ft2, fs2, fs2
core   0: exception trap_illegal_instruction, epc 0x0000000080004952
core   0:           tval 0x000000009321714f
core   0: >>>>  $xrv64i2p1_m2p0_a2p1_f2p2_d2p2_zicsr2p0_zifencei2p0_zmmul1p0_zba1p0_zbb1p0_zbc1p0_zbs1p0
core   0: 0x0000000080004000 (0x0080006f) j       pc + 0x8
core   0: 3 0x0000000080004000 (0x0080006f)
core   0: >>>>  mmode_exception_handler
core   0: 0x0000000080004008 (0x00002c17) auipc   s8, 0x2
core   0: 3 0x0000000080004008 (0x00002c17) x24 0x0000000080006008
core   0: 0x000000008000400c (0x056c0c13) addi    s8, s8, 86
core   0: 3 0x000000008000400c (0x056c0c13) x24 0x000000008000605e
core   0: 0x0000000080004010 (0x000c00e7) jalr    s8
core   0: 3 0x0000000080004010 (0x000c00e7) x1  0x0000000080004014
core   0: >>>>  any_handler
core   0: 0x000000008000605e (0x341027f3) csrrs   a5, mepc, zero
core   0: 3 0x000000008000605e (0x341027f3) x15 0x0000000080004952
core   0: 0x0000000080006062 (0x34202773) csrrs   a4, mcause, zero
core   0: 3 0x0000000080006062 (0x34202773) x14 0x0000000000000002
core   0: 0x0000000080006066 (0x142026f3) csrrs   a3, scause, zero
core   0: 3 0x0000000080006066 (0x142026f3) x13 0xffffffffffffffff
core   0: 0x000000008000606a (0x30402673) csrrs   a2, mie, zero
core   0: 3 0x000000008000606a (0x30402673) x12 0x0000000000000a00
core   0: 0x000000008000606e (0x344025f3) csrrs   a1, mip, zero
core   0: 3 0x000000008000606e (0x344025f3) x11 0x0000000000000080
core   0: 0x0000000080006072 (0x343025f3) csrrs   a1, mtval, zero
core   0: 3 0x0000000080006072 (0x343025f3) x11 0x000000009321714f
core   0: 0x0000000080006076 (0x14302573) csrrs   a0, stval, zero
core   0: 3 0x0000000080006076 (0x14302573) x10 0x0000000000000000
core   0: 0x000000008000607a (0xb02024f3) csrrs   s1, minstret, zero
core   0: 3 0x000000008000607a (0xb02024f3) x9  0x0000000000000b99
core   0: 0x000000008000607e (0x0000a811) c.j     pc + 20
core   0: 3 0x000000008000607e (0xa811)
core   0: >>>>  mepc_4
core   0: 0x0000000080006092 (0x00000791) c.addi  a5, 4
core   0: 3 0x0000000080006092 (0x0791) x15 0x0000000080004956
core   0: 0x0000000080006094 (0x34179073) csrrw   zero, mepc, a5
core   0: 3 0x0000000080006094 (0x34179073) c833_mepc 0x0000000080004956
core   0: 0x0000000080006098 (0x30200073) mret
core   0: 3 0x0000000080006098 (0x30200073) c768_mstatus 0x8000000a00106080
core   0: 0x0000000080004956 (0xc2347d53) fcvt.lu.d s10, fs0
core   0: exception trap_illegal_instruction, epc 0x0000000080004956
core   0:           tval 0x00000000c2347d53
core   0: >>>>  $xrv64i2p1_m2p0_a2p1_f2p2_d2p2_zicsr2p0_zifencei2p0_zmmul1p0_zba1p0_zbb1p0_zbc1p0_zbs1p0
core   0: 0x0000000080004000 (0x0080006f) j       pc + 0x8
core   0: 3 0x0000000080004000 (0x0080006f)
core   0: >>>>  mmode_exception_handler
core   0: 0x0000000080004008 (0x00002c17) auipc   s8, 0x2
core   0: 3 0x0000000080004008 (0x00002c17) x24 0x0000000080006008
core   0: 0x000000008000400c (0x056c0c13) addi    s8, s8, 86
core   0: 3 0x000000008000400c (0x056c0c13) x24 0x000000008000605e
core   0: 0x0000000080004010 (0x000c00e7) jalr    s8
core   0: 3 0x0000000080004010 (0x000c00e7) x1  0x0000000080004014
core   0: >>>>  any_handler
core   0: 0x000000008000605e (0x341027f3) csrrs   a5, mepc, zero
core   0: 3 0x000000008000605e (0x341027f3) x15 0x0000000080004956
core   0: 0x0000000080006062 (0x34202773) csrrs   a4, mcause, zero
core   0: 3 0x0000000080006062 (0x34202773) x14 0x0000000000000002
core   0: 0x0000000080006066 (0x142026f3) csrrs   a3, scause, zero
core   0: 3 0x0000000080006066 (0x142026f3) x13 0xffffffffffffffff
core   0: 0x000000008000606a (0x30402673) csrrs   a2, mie, zero
core   0: 3 0x000000008000606a (0x30402673) x12 0x0000000000000a00
core   0: 0x000000008000606e (0x344025f3) csrrs   a1, mip, zero
core   0: 3 0x000000008000606e (0x344025f3) x11 0x0000000000000080
core   0: 0x0000000080006072 (0x343025f3) csrrs   a1, mtval, zero
core   0: 3 0x0000000080006072 (0x343025f3) x11 0x00000000c2347d53
core   0: 0x0000000080006076 (0x14302573) csrrs   a0, stval, zero
core   0: 3 0x0000000080006076 (0x14302573) x10 0x0000000000000000
core   0: 0x000000008000607a (0xb02024f3) csrrs   s1, minstret, zero
core   0: 3 0x000000008000607a (0xb02024f3) x9  0x0000000000000ba9
core   0: 0x000000008000607e (0x0000a811) c.j     pc + 20
core   0: 3 0x000000008000607e (0xa811)
core   0: >>>>  mepc_4
core   0: 0x0000000080006092 (0x00000791) c.addi  a5, 4
core   0: 3 0x0000000080006092 (0x0791) x15 0x000000008000495a
core   0: 0x0000000080006094 (0x34179073) csrrw   zero, mepc, a5
core   0: 3 0x0000000080006094 (0x34179073) c833_mepc 0x000000008000495a
core   0: 0x0000000080006098 (0x30200073) mret
core   0: 3 0x0000000080006098 (0x30200073) c768_mstatus 0x8000000a00106080
core   0: 0x000000008000495a (0x0636061b) addiw   a2, a2, 99
core   0: 1 0x000000008000495a (0x0636061b) x12 0x0000000000000a63
core   0: 0x000000008000495e (0x005b5abb) srlw    s5, s6, t0
core   0: 1 0x000000008000495e (0x005b5abb) x21 0x0000000000000001
core   0: 0x0000000080004962 (0x03817ed3) fadd.d  ft9, ft2, fs8
core   0: exception trap_illegal_instruction, epc 0x0000000080004962
core   0:           tval 0x0000000003817ed3
core   0: >>>>  $xrv64i2p1_m2p0_a2p1_f2p2_d2p2_zicsr2p0_zifencei2p0_zmmul1p0_zba1p0_zbb1p0_zbc1p0_zbs1p0
core   0: 0x0000000080004000 (0x0080006f) j       pc + 0x8
core   0: 3 0x0000000080004000 (0x0080006f)
core   0: >>>>  mmode_exception_handler
core   0: 0x0000000080004008 (0x00002c17) auipc   s8, 0x2
core   0: 3 0x0000000080004008 (0x00002c17) x24 0x0000000080006008
core   0: 0x000000008000400c (0x056c0c13) addi    s8, s8, 86
core   0: 3 0x000000008000400c (0x056c0c13) x24 0x000000008000605e
core   0: 0x0000000080004010 (0x000c00e7) jalr    s8
core   0: 3 0x0000000080004010 (0x000c00e7) x1  0x0000000080004014
core   0: >>>>  any_handler
core   0: 0x000000008000605e (0x341027f3) csrrs   a5, mepc, zero
core   0: 3 0x000000008000605e (0x341027f3) x15 0x0000000080004962
core   0: 0x0000000080006062 (0x34202773) csrrs   a4, mcause, zero
core   0: 3 0x0000000080006062 (0x34202773) x14 0x0000000000000002
core   0: 0x0000000080006066 (0x142026f3) csrrs   a3, scause, zero
core   0: 3 0x0000000080006066 (0x142026f3) x13 0xffffffffffffffff
core   0: 0x000000008000606a (0x30402673) csrrs   a2, mie, zero
core   0: 3 0x000000008000606a (0x30402673) x12 0x0000000000000a00
core   0: 0x000000008000606e (0x344025f3) csrrs   a1, mip, zero
core   0: 3 0x000000008000606e (0x344025f3) x11 0x0000000000000080
core   0: 0x0000000080006072 (0x343025f3) csrrs   a1, mtval, zero
core   0: 3 0x0000000080006072 (0x343025f3) x11 0x0000000003817ed3
core   0: 0x0000000080006076 (0x14302573) csrrs   a0, stval, zero
core   0: 3 0x0000000080006076 (0x14302573) x10 0x0000000000000000
core   0: 0x000000008000607a (0xb02024f3) csrrs   s1, minstret, zero
core   0: 3 0x000000008000607a (0xb02024f3) x9  0x0000000000000bbb
core   0: 0x000000008000607e (0x0000a811) c.j     pc + 20
core   0: 3 0x000000008000607e (0xa811)
core   0: >>>>  mepc_4
core   0: 0x0000000080006092 (0x00000791) c.addi  a5, 4
core   0: 3 0x0000000080006092 (0x0791) x15 0x0000000080004966
core   0: 0x0000000080006094 (0x34179073) csrrw   zero, mepc, a5
core   0: 3 0x0000000080006094 (0x34179073) c833_mepc 0x0000000080004966
core   0: 0x0000000080006098 (0x30200073) mret
core   0: 3 0x0000000080006098 (0x30200073) c768_mstatus 0x8000000a00106080
core   0: 0x0000000080004966 (0x7ffa031b) addiw   t1, s4, 2047
core   0: 1 0x0000000080004966 (0x7ffa031b) x6  0x00000000009807ff
core   0: 0x000000008000496a (0x41530733) sub     a4, t1, s5
core   0: 1 0x000000008000496a (0x41530733) x14 0x00000000009807fe
core   0: 0x000000008000496e (0x017b9bbb) sllw    s7, s7, s7
core   0: 1 0x000000008000496e (0x017b9bbb) x23 0x0000000000000002
core   0: 0x0000000080004972 (0x00009762) c.add   a4, s8
core   0: 1 0x0000000080004972 (0x9762) x14 0x000000008098685c
core   0: 0x0000000080004974 (0x23d107d3) fsgnj.d fa5, ft2, ft9
core   0: 1 0x0000000080004974 (0x23d107d3) f15 0x7ff8000000000000
core   0: 0x0000000080004978 (0x001093b3) sll     t2, ra, ra
core   0: 1 0x0000000080004978 (0x001093b3) x7  0x0008000401400000
core   0: 0x000000008000497c (0x66925817) auipc   a6, 0x66925
core   0: 1 0x000000008000497c (0x66925817) x16 0x00000000e692997c
core   0: 0x0000000080004980 (0x02f9b8b7) lui     a7, 0x2f9b
core   0: 1 0x0000000080004980 (0x02f9b8b7) x17 0x0000000002f9b000
core   0: 0x0000000080004984 (0x3458889b) addiw   a7, a7, 837
core   0: 1 0x0000000080004984 (0x3458889b) x17 0x0000000002f9b345
core   0: 0x0000000080004988 (0x000008b2) c.slli  a7, 12
core   0: 1 0x0000000080004988 (0x08b2) x17 0x0000002f9b345000
core   0: 0x000000008000498a (0xafd88893) addi    a7, a7, -1283
core   0: 1 0x000000008000498a (0xafd88893) x17 0x0000002f9b344afd
core   0: 0x000000008000498e (0x0011961b) slliw   a2, gp, 1
core   0: 1 0x000000008000498e (0x0011961b) x12 0x0000000000001400
core   0: 0x0000000080004992 (0x100830f3) csrrc   ra, sstatus, a6
core   0: 1 0x0000000080004992 (0x100830f3) x1  0x8000000200006000 c768_mstatus 0x8000000a00106080
core   0: 0x0000000080004996 (0x02c88d3b) mulw    s10, a7, a2
core   0: 1 0x0000000080004996 (0x02c88d3b) x26 0x0000000015dbc400
core   0: 0x000000008000499a (0xe2058b53) fmv.x.d s6, fa1
core   0: 1 0x000000008000499a (0xe2058b53) x22 0x7ff8000000000000
core   0: 0x000000008000499e (0x800e8213) addi    tp, t4, -2048
core   0: 1 0x000000008000499e (0x800e8213) x4  0xfffffffffffff800
core   0: 0x00000000800049a2 (0xf20208d3) fmv.d.x fa7, tp
core   0: 1 0x00000000800049a2 (0xf20208d3) f17 0xfffffffffffff800
core   0: 0x00000000800049a6 (0xd0347953) fcvt.s.lu fs2, s0
core   0: exception trap_illegal_instruction, epc 0x00000000800049a6
core   0:           tval 0x00000000d0347953
core   0: >>>>  $xrv64i2p1_m2p0_a2p1_f2p2_d2p2_zicsr2p0_zifencei2p0_zmmul1p0_zba1p0_zbb1p0_zbc1p0_zbs1p0
core   0: 0x0000000080004000 (0x0080006f) j       pc + 0x8
core   0: 3 0x0000000080004000 (0x0080006f)
core   0: >>>>  mmode_exception_handler
core   0: 0x0000000080004008 (0x00002c17) auipc   s8, 0x2
core   0: 3 0x0000000080004008 (0x00002c17) x24 0x0000000080006008
core   0: 0x000000008000400c (0x056c0c13) addi    s8, s8, 86
core   0: 3 0x000000008000400c (0x056c0c13) x24 0x000000008000605e
core   0: 0x0000000080004010 (0x000c00e7) jalr    s8
core   0: 3 0x0000000080004010 (0x000c00e7) x1  0x0000000080004014
core   0: >>>>  any_handler
core   0: 0x000000008000605e (0x341027f3) csrrs   a5, mepc, zero
core   0: 3 0x000000008000605e (0x341027f3) x15 0x00000000800049a6
core   0: 0x0000000080006062 (0x34202773) csrrs   a4, mcause, zero
core   0: 3 0x0000000080006062 (0x34202773) x14 0x0000000000000002
core   0: 0x0000000080006066 (0x142026f3) csrrs   a3, scause, zero
core   0: 3 0x0000000080006066 (0x142026f3) x13 0xffffffffffffffff
core   0: 0x000000008000606a (0x30402673) csrrs   a2, mie, zero
core   0: 3 0x000000008000606a (0x30402673) x12 0x0000000000000a00
core   0: 0x000000008000606e (0x344025f3) csrrs   a1, mip, zero
core   0: 3 0x000000008000606e (0x344025f3) x11 0x0000000000000080
core   0: 0x0000000080006072 (0x343025f3) csrrs   a1, mtval, zero
core   0: 3 0x0000000080006072 (0x343025f3) x11 0x00000000d0347953
core   0: 0x0000000080006076 (0x14302573) csrrs   a0, stval, zero
core   0: 3 0x0000000080006076 (0x14302573) x10 0x0000000000000000
core   0: 0x000000008000607a (0xb02024f3) csrrs   s1, minstret, zero
core   0: 3 0x000000008000607a (0xb02024f3) x9  0x0000000000000bdc
core   0: 0x000000008000607e (0x0000a811) c.j     pc + 20
core   0: 3 0x000000008000607e (0xa811)
core   0: >>>>  mepc_4
core   0: 0x0000000080006092 (0x00000791) c.addi  a5, 4
core   0: 3 0x0000000080006092 (0x0791) x15 0x00000000800049aa
core   0: 0x0000000080006094 (0x34179073) csrrw   zero, mepc, a5
core   0: 3 0x0000000080006094 (0x34179073) c833_mepc 0x00000000800049aa
core   0: 0x0000000080006098 (0x30200073) mret
core   0: 3 0x0000000080006098 (0x30200073) c768_mstatus 0x8000000a00106080
core   0: 0x00000000800049aa (0xd2287653) fcvt.d.l fa2, a6
core   0: exception trap_illegal_instruction, epc 0x00000000800049aa
core   0:           tval 0x00000000d2287653
core   0: >>>>  $xrv64i2p1_m2p0_a2p1_f2p2_d2p2_zicsr2p0_zifencei2p0_zmmul1p0_zba1p0_zbb1p0_zbc1p0_zbs1p0
core   0: 0x0000000080004000 (0x0080006f) j       pc + 0x8
core   0: 3 0x0000000080004000 (0x0080006f)
core   0: >>>>  mmode_exception_handler
core   0: 0x0000000080004008 (0x00002c17) auipc   s8, 0x2
core   0: 3 0x0000000080004008 (0x00002c17) x24 0x0000000080006008
core   0: 0x000000008000400c (0x056c0c13) addi    s8, s8, 86
core   0: 3 0x000000008000400c (0x056c0c13) x24 0x000000008000605e
core   0: 0x0000000080004010 (0x000c00e7) jalr    s8
core   0: 3 0x0000000080004010 (0x000c00e7) x1  0x0000000080004014
core   0: >>>>  any_handler
core   0: 0x000000008000605e (0x341027f3) csrrs   a5, mepc, zero
core   0: 3 0x000000008000605e (0x341027f3) x15 0x00000000800049aa
core   0: 0x0000000080006062 (0x34202773) csrrs   a4, mcause, zero
core   0: 3 0x0000000080006062 (0x34202773) x14 0x0000000000000002
core   0: 0x0000000080006066 (0x142026f3) csrrs   a3, scause, zero
core   0: 3 0x0000000080006066 (0x142026f3) x13 0xffffffffffffffff
core   0: 0x000000008000606a (0x30402673) csrrs   a2, mie, zero
core   0: 3 0x000000008000606a (0x30402673) x12 0x0000000000000a00
core   0: 0x000000008000606e (0x344025f3) csrrs   a1, mip, zero
core   0: 3 0x000000008000606e (0x344025f3) x11 0x0000000000000080
core   0: 0x0000000080006072 (0x343025f3) csrrs   a1, mtval, zero
core   0: 3 0x0000000080006072 (0x343025f3) x11 0x00000000d2287653
core   0: 0x0000000080006076 (0x14302573) csrrs   a0, stval, zero
core   0: 3 0x0000000080006076 (0x14302573) x10 0x0000000000000000
core   0: 0x000000008000607a (0xb02024f3) csrrs   s1, minstret, zero
core   0: 3 0x000000008000607a (0xb02024f3) x9  0x0000000000000bec
core   0: 0x000000008000607e (0x0000a811) c.j     pc + 20
core   0: 3 0x000000008000607e (0xa811)
core   0: >>>>  mepc_4
core   0: 0x0000000080006092 (0x00000791) c.addi  a5, 4
core   0: 3 0x0000000080006092 (0x0791) x15 0x00000000800049ae
core   0: 0x0000000080006094 (0x34179073) csrrw   zero, mepc, a5
core   0: 3 0x0000000080006094 (0x34179073) c833_mepc 0x00000000800049ae
core   0: 0x0000000080006098 (0x30200073) mret
core   0: 3 0x0000000080006098 (0x30200073) c768_mstatus 0x8000000a00106080
core   0: 0x00000000800049ae (0x0015f313) andi    t1, a1, 1
core   0: 1 0x00000000800049ae (0x0015f313) x6  0x0000000000000001
core   0: 0x00000000800049b2 (0xcb338513) addi    a0, t2, -845
core   0: 1 0x00000000800049b2 (0xcb338513) x10 0x00080004013ffcb3
core   0: 0x00000000800049b6 (0x02c92e33) mulhsu  t3, s2, a2
core   0: 1 0x00000000800049b6 (0x02c92e33) x28 0x0000000000000000
core   0: 0x00000000800049ba (0xc0237bd3) fcvt.l.s s7, ft6
core   0: exception trap_illegal_instruction, epc 0x00000000800049ba
core   0:           tval 0x00000000c0237bd3
core   0: >>>>  $xrv64i2p1_m2p0_a2p1_f2p2_d2p2_zicsr2p0_zifencei2p0_zmmul1p0_zba1p0_zbb1p0_zbc1p0_zbs1p0
core   0: 0x0000000080004000 (0x0080006f) j       pc + 0x8
core   0: 3 0x0000000080004000 (0x0080006f)
core   0: >>>>  mmode_exception_handler
core   0: 0x0000000080004008 (0x00002c17) auipc   s8, 0x2
core   0: 3 0x0000000080004008 (0x00002c17) x24 0x0000000080006008
core   0: 0x000000008000400c (0x056c0c13) addi    s8, s8, 86
core   0: 3 0x000000008000400c (0x056c0c13) x24 0x000000008000605e
core   0: 0x0000000080004010 (0x000c00e7) jalr    s8
core   0: 3 0x0000000080004010 (0x000c00e7) x1  0x0000000080004014
core   0: >>>>  any_handler
core   0: 0x000000008000605e (0x341027f3) csrrs   a5, mepc, zero
core   0: 3 0x000000008000605e (0x341027f3) x15 0x00000000800049ba
core   0: 0x0000000080006062 (0x34202773) csrrs   a4, mcause, zero
core   0: 3 0x0000000080006062 (0x34202773) x14 0x0000000000000002
core   0: 0x0000000080006066 (0x142026f3) csrrs   a3, scause, zero
core   0: 3 0x0000000080006066 (0x142026f3) x13 0xffffffffffffffff
core   0: 0x000000008000606a (0x30402673) csrrs   a2, mie, zero
core   0: 3 0x000000008000606a (0x30402673) x12 0x0000000000000a00
core   0: 0x000000008000606e (0x344025f3) csrrs   a1, mip, zero
core   0: 3 0x000000008000606e (0x344025f3) x11 0x0000000000000080
core   0: 0x0000000080006072 (0x343025f3) csrrs   a1, mtval, zero
core   0: 3 0x0000000080006072 (0x343025f3) x11 0x00000000c0237bd3
core   0: 0x0000000080006076 (0x14302573) csrrs   a0, stval, zero
core   0: 3 0x0000000080006076 (0x14302573) x10 0x0000000000000000
core   0: 0x000000008000607a (0xb02024f3) csrrs   s1, minstret, zero
core   0: 3 0x000000008000607a (0xb02024f3) x9  0x0000000000000bff
core   0: 0x000000008000607e (0x0000a811) c.j     pc + 20
core   0: 3 0x000000008000607e (0xa811)
core   0: >>>>  mepc_4
core   0: 0x0000000080006092 (0x00000791) c.addi  a5, 4
core   0: 3 0x0000000080006092 (0x0791) x15 0x00000000800049be
core   0: 0x0000000080006094 (0x34179073) csrrw   zero, mepc, a5
core   0: 3 0x0000000080006094 (0x34179073) c833_mepc 0x00000000800049be
core   0: 0x0000000080006098 (0x30200073) mret
core   0: 3 0x0000000080006098 (0x30200073) c768_mstatus 0x8000000a00106080
core   0: 0x00000000800049be (0x002b9773) csrrw   a4, frm, s7
core   0: 1 0x00000000800049be (0x002b9773) x14 0x0000000000000006 c2_frm 0x0000000000000002
core   0: 0x00000000800049c2 (0x019e8cbb) addw    s9, t4, s9
core   0: 1 0x00000000800049c2 (0x019e8cbb) x25 0xfffffffffffffff0
core   0: 0x00000000800049c6 (0x43f05c13) srai    s8, zero, 63
core   0: 1 0x00000000800049c6 (0x43f05c13) x24 0x0000000000000000
core   0: 0x00000000800049ca (0x01c51e3b) sllw    t3, a0, t3
core   0: 1 0x00000000800049ca (0x01c51e3b) x28 0x0000000000000000
core   0: 0x00000000800049ce (0x0ff0000f) fence   iorw,iorw
core   0: 1 0x00000000800049ce (0x0ff0000f)
core   0: 0x00000000800049d2 (0x40638bbb) subw    s7, t2, t1
core   0: 1 0x00000000800049d2 (0x40638bbb) x23 0x00000000013fffff
core   0: 0x00000000800049d6 (0x41d0d53b) sraw    a0, ra, t4
core   0: 1 0x00000000800049d6 (0x41d0d53b) x10 0xffffffff80004014
core   0: 0x00000000800049da (0x2a2d0153) fmin.d  ft2, fs10, ft2
core   0: 1 0x00000000800049da (0x2a2d0153) f2  0x41e000a858c00000
core   0: 0x00000000800049de (0x03ce9013) slli    zero, t4, 60
core   0: 1 0x00000000800049de (0x03ce9013)
core   0: 0x00000000800049e2 (0xc028f853) fcvt.l.s a6, fa7
core   0: 1 0x00000000800049e2 (0xc028f853) c1_fflags 0x0000000000000011 x16 0x7fffffffffffffff
core   0: 0x00000000800049e6 (0x037bf9d3) fadd.d  fs3, fs7, fs7
core   0: 1 0x00000000800049e6 (0x037bf9d3) f19 0x7ff8000000000000
core   0: 0x00000000800049ea (0x5a01fc53) fsqrt.d fs8, ft3
core   0: 1 0x00000000800049ea (0x5a01fc53) f24 0x7ff8000000000000
core   0: 0x00000000800049ee (0x40a8523b) sraw    tp, a6, a0
core   0: 1 0x00000000800049ee (0x40a8523b) x4  0xffffffffffffffff
core   0: 0x00000000800049f2 (0xe20182d3) fmv.x.d t0, ft3
core   0: 1 0x00000000800049f2 (0xe20182d3) x5  0x7ff8000000000000
core   0: 0x00000000800049f6 (0x41750933) sub     s2, a0, s7
core   0: 1 0x00000000800049f6 (0x41750933) x18 0xffffffff7ec04015
core   0: 0x00000000800049fa (0xc211f2d3) fcvt.wu.d t0, ft3
core   0: 1 0x00000000800049fa (0xc211f2d3) c1_fflags 0x0000000000000011 x5  0xffffffffffffffff
core   0: 0x00000000800049fe (0xc0347453) fcvt.lu.s s0, fs0
core   0: 1 0x00000000800049fe (0xc0347453) c1_fflags 0x0000000000000011 x8  0xffffffffffffffff
core   0: 0x0000000080004a02 (0x80034d13) xori    s10, t1, -2048
core   0: 1 0x0000000080004a02 (0x80034d13) x26 0xfffffffffffff801
core   0: 0x0000000080004a06 (0x04f5fcb7) lui     s9, 0x4f5f
core   0: 1 0x0000000080004a06 (0x04f5fcb7) x25 0x0000000004f5f000
core   0: 0x0000000080004a0a (0x92dc8c9b) addiw   s9, s9, -1747
core   0: 1 0x0000000080004a0a (0x92dc8c9b) x25 0x0000000004f5e92d
core   0: 0x0000000080004a0e (0x00000cb2) c.slli  s9, 12
core   0: 1 0x0000000080004a0e (0x0cb2) x25 0x0000004f5e92d000
core   0: 0x0000000080004a10 (0x4bdc8c93) addi    s9, s9, 1213
core   0: 1 0x0000000080004a10 (0x4bdc8c93) x25 0x0000004f5e92d4bd
core   0: 0x0000000080004a14 (0x00055313) srli    t1, a0, 0
core   0: 1 0x0000000080004a14 (0x00055313) x6  0xffffffff80004014
core   0: 0x0000000080004a18 (0x4294754f) fnmadd.d fa0, fs0, fs1, fs0
core   0: 1 0x0000000080004a18 (0x4294754f) f10 0x7ff8000000000000
core   0: 0x0000000080004a1c (0xc204fe53) fcvt.w.d t3, fs1
core   0: 1 0x0000000080004a1c (0xc204fe53) c1_fflags 0x0000000000000011 x28 0x000000007fffffff
core   0: 0x0000000080004a20 (0x4790fa97) auipc   s5, 0x4790f
core   0: 1 0x0000000080004a20 (0x4790fa97) x21 0x00000000c7913a20
core   0: 0x0000000080004a24 (0x40315733) sra     a4, sp, gp
core   0: 1 0x0000000080004a24 (0x40315733) x14 0x0000000000000014
core   0: 0x0000000080004a28 (0xc02875d3) fcvt.l.s a1, fa6
core   0: 1 0x0000000080004a28 (0xc02875d3) x11 0x00000000179f5220
core   0: 0x0000000080004a2c (0x01f8501b) srliw   zero, a6, 31
core   0: 1 0x0000000080004a2c (0x01f8501b)
core   0: 0x0000000080004a30 (0x340a1df3) csrrw   s11, mscratch, s4
core   0: exception trap_illegal_instruction, epc 0x0000000080004a30
core   0:           tval 0x00000000340a1df3
core   0: >>>>  $xrv64i2p1_m2p0_a2p1_f2p2_d2p2_zicsr2p0_zifencei2p0_zmmul1p0_zba1p0_zbb1p0_zbc1p0_zbs1p0
core   0: 0x0000000080004000 (0x0080006f) j       pc + 0x8
core   0: 3 0x0000000080004000 (0x0080006f)
core   0: >>>>  mmode_exception_handler
core   0: 0x0000000080004008 (0x00002c17) auipc   s8, 0x2
core   0: 3 0x0000000080004008 (0x00002c17) x24 0x0000000080006008
core   0: 0x000000008000400c (0x056c0c13) addi    s8, s8, 86
core   0: 3 0x000000008000400c (0x056c0c13) x24 0x000000008000605e
core   0: 0x0000000080004010 (0x000c00e7) jalr    s8
core   0: 3 0x0000000080004010 (0x000c00e7) x1  0x0000000080004014
core   0: >>>>  any_handler
core   0: 0x000000008000605e (0x341027f3) csrrs   a5, mepc, zero
core   0: 3 0x000000008000605e (0x341027f3) x15 0x0000000080004a30
core   0: 0x0000000080006062 (0x34202773) csrrs   a4, mcause, zero
core   0: 3 0x0000000080006062 (0x34202773) x14 0x0000000000000002
core   0: 0x0000000080006066 (0x142026f3) csrrs   a3, scause, zero
core   0: 3 0x0000000080006066 (0x142026f3) x13 0xffffffffffffffff
core   0: 0x000000008000606a (0x30402673) csrrs   a2, mie, zero
core   0: 3 0x000000008000606a (0x30402673) x12 0x0000000000000a00
core   0: 0x000000008000606e (0x344025f3) csrrs   a1, mip, zero
core   0: 3 0x000000008000606e (0x344025f3) x11 0x0000000000000080
core   0: 0x0000000080006072 (0x343025f3) csrrs   a1, mtval, zero
core   0: 3 0x0000000080006072 (0x343025f3) x11 0x00000000340a1df3
core   0: 0x0000000080006076 (0x14302573) csrrs   a0, stval, zero
core   0: 3 0x0000000080006076 (0x14302573) x10 0x0000000000000000
core   0: 0x000000008000607a (0xb02024f3) csrrs   s1, minstret, zero
core   0: 3 0x000000008000607a (0xb02024f3) x9  0x0000000000000c2c
core   0: 0x000000008000607e (0x0000a811) c.j     pc + 20
core   0: 3 0x000000008000607e (0xa811)
core   0: >>>>  mepc_4
core   0: 0x0000000080006092 (0x00000791) c.addi  a5, 4
core   0: 3 0x0000000080006092 (0x0791) x15 0x0000000080004a34
core   0: 0x0000000080006094 (0x34179073) csrrw   zero, mepc, a5
core   0: 3 0x0000000080006094 (0x34179073) c833_mepc 0x0000000080004a34
core   0: 0x0000000080006098 (0x30200073) mret
core   0: 3 0x0000000080006098 (0x30200073) c768_mstatus 0x8000000a00106080
core   0: 0x0000000080004a34 (0x003ad733) srl     a4, s5, gp
core   0: 1 0x0000000080004a34 (0x003ad733) x14 0x00000000c7913a20
core   0: 0x0000000080004a38 (0x413b5793) srai    a5, s6, 19
core   0: 1 0x0000000080004a38 (0x413b5793) x15 0x00000fff00000000
core   0: 0x0000000080004a3c (0xfff77e13) andi    t3, a4, -1
core   0: 1 0x0000000080004a3c (0xfff77e13) x28 0x00000000c7913a20
core   0: 0x0000000080004a40 (0x1060d073) csrrwi  zero, scounteren, 1
core   0: 1 0x0000000080004a40 (0x1060d073) c262_scounteren 0x0000000000000000
core   0: 0x0000000080004a44 (0x1b837353) fdiv.d  ft6, ft6, fs8
core   0: 1 0x0000000080004a44 (0x1b837353) f6  0x7ff8000000000000
core   0: 0x0000000080004a48 (0x2a3b1953) fmax.d  fs2, fs6, ft3
core   0: 1 0x0000000080004a48 (0x2a3b1953) f18 0x40d370ede68eb21d
core   0: 0x0000000080004a4c (0x1260f0d3) fmul.d  ft1, ft1, ft6
core   0: 1 0x0000000080004a4c (0x1260f0d3) f1  0x7ff8000000000000
core   0: 0x0000000080004a50 (0x130f74d3) fmul.d  fs1, ft10, fa6
core   0: 1 0x0000000080004a50 (0x130f74d3) f9  0x7ff8000000000000
core   0: 0x0000000080004a54 (0x141074f3) csrrci  s1, sepc, 0
core   0: 1 0x0000000080004a54 (0x141074f3) x9  0x0000000000000000
core   0: 0x0000000080004a58 (0x0294a5b3) mulhsu  a1, s1, s1
core   0: 1 0x0000000080004a58 (0x0294a5b3) x11 0x0000000000000000
core   0: 0x0000000080004a5c (0x019651bb) srlw    gp, a2, s9
core   0: 1 0x0000000080004a5c (0x019651bb) x3  0x0000000000000000
core   0: 0x0000000080004a60 (0x23c3add3) fsgnjx.d fs11, ft7, ft8
core   0: 1 0x0000000080004a60 (0x23c3add3) f27 0xffffffff00000000
core   0: 0x0000000080004a64 (0x0007d793) srli    a5, a5, 0
core   0: 1 0x0000000080004a64 (0x0007d793) x15 0x00000fff00000000
core   0: 0x0000000080004a68 (0x02c94933) div     s2, s2, a2
core   0: 1 0x0000000080004a68 (0x02c94933) x18 0xfffffffffff3133a
core   0: 0x0000000080004a6c (0x02cefe33) remu    t3, t4, a2
core   0: 1 0x0000000080004a6c (0x02cefe33) x28 0x0000000000000000
core   0: 0x0000000080004a70 (0xd2178f53) fcvt.d.wu ft10, a5
core   0: 1 0x0000000080004a70 (0xd2178f53) f30 0x0000000000000000
core   0: 0x0000000080004a74 (0x0237d5b3) divu    a1, a5, gp
core   0: 1 0x0000000080004a74 (0x0237d5b3) x11 0xffffffffffffffff
core   0: 0x0000000080004a78 (0x005753b3) srl     t2, a4, t0
core   0: 1 0x0000000080004a78 (0x005753b3) x7  0x0000000000000000
core   0: 0x0000000080004a7c (0x4193519b) sraiw   gp, t1, 25
core   0: 1 0x0000000080004a7c (0x4193519b) x3  0xffffffffffffffc0
core   0: 0x0000000080004a80 (0x2bde8cd3) fmin.d  fs9, ft9, ft9
core   0: 1 0x0000000080004a80 (0x2bde8cd3) f25 0x0000000000000000
core   0: 0x0000000080004a84 (0x0001dd9b) srliw   s11, gp, 0
core   0: 1 0x0000000080004a84 (0x0001dd9b) x27 0xffffffffffffffc0
core   0: 0x0000000080004a88 (0x401df653) fcvt.s.d fa2, fs11
core   0: 1 0x0000000080004a88 (0x401df653) f12 0xffffffff7fc00000
core   0: 0x0000000080004a8c (0x0b8cf5d3) fsub.d  fa1, fs9, fs8
core   0: 1 0x0000000080004a8c (0x0b8cf5d3) f11 0x7ff8000000000000
core   0: 0x0000000080004a90 (0x41c1863b) subw    a2, gp, t3
core   0: 1 0x0000000080004a90 (0x41c1863b) x12 0xffffffffffffffc0
core   0: 0x0000000080004a94 (0x41de8033) sub     zero, t4, t4
core   0: 1 0x0000000080004a94 (0x41de8033)
core   0: 0x0000000080004a98 (0x2b2e8ad3) fmin.d  fs5, ft9, fs2
core   0: 1 0x0000000080004a98 (0x2b2e8ad3) f21 0x0000000000000000
core   0: 0x0000000080004a9c (0x800d8113) addi    sp, s11, -2048
core   0: 1 0x0000000080004a9c (0x800d8113) x2  0xfffffffffffff7c0
core   0: 0x0000000080004aa0 (0x4010509b) sraiw   ra, zero, 1
core   0: 1 0x0000000080004aa0 (0x4010509b) x1  0x0000000000000000
core   0: 0x0000000080004aa4 (0x00076733) or      a4, a4, zero
core   0: 1 0x0000000080004aa4 (0x00076733) x14 0x00000000c7913a20
core   0: 0x0000000080004aa8 (0x0112d8b3) srl     a7, t0, a7
core   0: 1 0x0000000080004aa8 (0x0112d8b3) x17 0x0000000000000007
core   0: 0x0000000080004aac (0x03041e93) slli    t4, s0, 48
core   0: 1 0x0000000080004aac (0x03041e93) x29 0xffff000000000000
core   0: 0x0000000080004ab0 (0x403ed09b) sraiw   ra, t4, 3
core   0: 1 0x0000000080004ab0 (0x403ed09b) x1  0x0000000000000000
core   0: 0x0000000080004ab4 (0x02847a53) fadd.d  fs4, fs0, fs0
core   0: 1 0x0000000080004ab4 (0x02847a53) f20 0x7ff8000000000000
core   0: 0x0000000080004ab8 (0x4045d19b) sraiw   gp, a1, 4
core   0: 1 0x0000000080004ab8 (0x4045d19b) x3  0xffffffffffffffff
core   0: 0x0000000080004abc (0x1b287843) fmadd.d fa6, fa6, fs2, ft3
core   0: 1 0x0000000080004abc (0x1b287843) f16 0x7ff8000000000000
core   0: 0x0000000080004ac0 (0xd023fe53) fcvt.s.l ft8, t2
core   0: 1 0x0000000080004ac0 (0xd023fe53) f28 0xffffffff00000000
core   0: 0x0000000080004ac4 (0x99e27d13) andi    s10, tp, -1634
core   0: 1 0x0000000080004ac4 (0x99e27d13) x26 0xfffffffffffff99e
core   0: 0x0000000080004ac8 (0x2ed54917) auipc   s2, 0x2ed54
core   0: 1 0x0000000080004ac8 (0x2ed54917) x18 0x00000000aed58ac8
core   0: 0x0000000080004acc (0x42d8794b) fnmsub.d fs2, fa6, fa3, fs0
core   0: 1 0x0000000080004acc (0x42d8794b) f18 0x7ff8000000000000
core   0: 0x0000000080004ad0 (0xc22b7153) fcvt.l.d sp, fs6
core   0: 1 0x0000000080004ad0 (0xc22b7153) c1_fflags 0x0000000000000011 x2  0x0000000000004dc3
core   0: 0x0000000080004ad4 (0x0066debb) srlw    t4, a3, t1
core   0: 1 0x0000000080004ad4 (0x0066debb) x29 0x0000000000000fff
core   0: 0x0000000080004ad8 (0x0056111b) slliw   sp, a2, 5
core   0: 1 0x0000000080004ad8 (0x0056111b) x2  0xfffffffffffff800
core   0: 0x0000000080004adc (0x41c180bb) subw    ra, gp, t3
core   0: 1 0x0000000080004adc (0x41c180bb) x1  0xffffffffffffffff
core   0: 0x0000000080004ae0 (0x01de1ebb) sllw    t4, t3, t4
core   0: 1 0x0000000080004ae0 (0x01de1ebb) x29 0x0000000000000000
core   0: 0x0000000080004ae4 (0xd236f153) fcvt.d.lu ft2, a3
core   0: 1 0x0000000080004ae4 (0xd236f153) c1_fflags 0x0000000000000011 f2  0x43efffffffffffff
core   0: 0x0000000080004ae8 (0x7ff37313) andi    t1, t1, 2047
core   0: 1 0x0000000080004ae8 (0x7ff37313) x6  0x0000000000000014
core   0: 0x0000000080004aec (0x23fb1f53) fsgnjn.d ft10, fs6, ft11
core   0: 1 0x0000000080004aec (0x23fb1f53) f30 0xc0d370ede68eb21d
core   0: 0x0000000080004af0 (0x8e6be213) ori     tp, s7, -1818
core   0: 1 0x0000000080004af0 (0x8e6be213) x4  0xffffffffffffffff
core   0: 0x0000000080004af4 (0x409354b3) sra     s1, t1, s1
core   0: 1 0x0000000080004af4 (0x409354b3) x9  0x0000000000000014
core   0: 0x0000000080004af8 (0x00000001) c.nop
core   0: 1 0x0000000080004af8 (0x0001)
core   0: 0x0000000080004afa (0xb2f27b4f) fnmadd.d fs6, ft4, fa5, fs6
core   0: 1 0x0000000080004afa (0xb2f27b4f) f22 0x7ff8000000000000
core   0: 0x0000000080004afe (0x02a4553b) divuw   a0, s0, a0
core   0: 1 0x0000000080004afe (0x02a4553b) x10 0xffffffffffffffff
core   0: 0x0000000080004b02 (0x002393f3) csrrw   t2, frm, t2
core   0: 1 0x0000000080004b02 (0x002393f3) x7  0x0000000000000002 c2_frm 0x0000000000000000
core   0: 0x0000000080004b06 (0x0301093b) mulw    s2, sp, a6
core   0: 1 0x0000000080004b06 (0x0301093b) x18 0x0000000000000800
core   0: 0x0000000080004b0a (0x03b103bb) mulw    t2, sp, s11
core   0: 1 0x0000000080004b0a (0x03b103bb) x7  0x0000000000020000
core   0: 0x0000000080004b0e (0x038e2533) mulhsu  a0, t3, s8
core   0: 1 0x0000000080004b0e (0x038e2533) x10 0x0000000000000000
core   0: 0x0000000080004b12 (0x0010e533) or      a0, ra, ra
core   0: 1 0x0000000080004b12 (0x0010e533) x10 0xffffffffffffffff
core   0: 0x0000000080004b16 (0xc23ff2d3) fcvt.lu.d t0, ft11
core   0: 1 0x0000000080004b16 (0xc23ff2d3) c1_fflags 0x0000000000000011 x5  0xffffffffffffffff
core   0: 0x0000000080004b1a (0x0008959b) slliw   a1, a7, 0
core   0: 1 0x0000000080004b1a (0x0008959b) x11 0x0000000000000007
core   0: 0x0000000080004b1e (0x43c8da13) srai    s4, a7, 60
core   0: 1 0x0000000080004b1e (0x43c8da13) x20 0x0000000000000000
core   0: 0x0000000080004b22 (0x00ba1ebb) sllw    t4, s4, a1
core   0: 1 0x0000000080004b22 (0x00ba1ebb) x29 0x0000000000000000
core   0: 0x0000000080004b26 (0x03173c33) mulhu   s8, a4, a7
core   0: 1 0x0000000080004b26 (0x03173c33) x24 0x0000000000000000
core   0: 0x0000000080004b2a (0xf133a3f3) csrrs   t2, mimpid, t2
core   0: exception trap_illegal_instruction, epc 0x0000000080004b2a
core   0:           tval 0x00000000f133a3f3
core   0: >>>>  $xrv64i2p1_m2p0_a2p1_f2p2_d2p2_zicsr2p0_zifencei2p0_zmmul1p0_zba1p0_zbb1p0_zbc1p0_zbs1p0
core   0: 0x0000000080004000 (0x0080006f) j       pc + 0x8
core   0: 3 0x0000000080004000 (0x0080006f)
core   0: >>>>  mmode_exception_handler
core   0: 0x0000000080004008 (0x00002c17) auipc   s8, 0x2
core   0: 3 0x0000000080004008 (0x00002c17) x24 0x0000000080006008
core   0: 0x000000008000400c (0x056c0c13) addi    s8, s8, 86
core   0: 3 0x000000008000400c (0x056c0c13) x24 0x000000008000605e
core   0: 0x0000000080004010 (0x000c00e7) jalr    s8
core   0: 3 0x0000000080004010 (0x000c00e7) x1  0x0000000080004014
core   0: >>>>  any_handler
core   0: 0x000000008000605e (0x341027f3) csrrs   a5, mepc, zero
core   0: 3 0x000000008000605e (0x341027f3) x15 0x0000000080004b2a
core   0: 0x0000000080006062 (0x34202773) csrrs   a4, mcause, zero
core   0: 3 0x0000000080006062 (0x34202773) x14 0x0000000000000002
core   0: 0x0000000080006066 (0x142026f3) csrrs   a3, scause, zero
core   0: 3 0x0000000080006066 (0x142026f3) x13 0xffffffffffffffff
core   0: 0x000000008000606a (0x30402673) csrrs   a2, mie, zero
core   0: 3 0x000000008000606a (0x30402673) x12 0x0000000000000a00
core   0: 0x000000008000606e (0x344025f3) csrrs   a1, mip, zero
core   0: 3 0x000000008000606e (0x344025f3) x11 0x0000000000000080
core   0: 0x0000000080006072 (0x343025f3) csrrs   a1, mtval, zero
core   0: 3 0x0000000080006072 (0x343025f3) x11 0x00000000f133a3f3
core   0: 0x0000000080006076 (0x14302573) csrrs   a0, stval, zero
core   0: 3 0x0000000080006076 (0x14302573) x10 0x0000000000000000
core   0: 0x000000008000607a (0xb02024f3) csrrs   s1, minstret, zero
core   0: 3 0x000000008000607a (0xb02024f3) x9  0x0000000000000c7a
core   0: 0x000000008000607e (0x0000a811) c.j     pc + 20
core   0: 3 0x000000008000607e (0xa811)
core   0: >>>>  mepc_4
core   0: 0x0000000080006092 (0x00000791) c.addi  a5, 4
core   0: 3 0x0000000080006092 (0x0791) x15 0x0000000080004b2e
core   0: 0x0000000080006094 (0x34179073) csrrw   zero, mepc, a5
core   0: 3 0x0000000080006094 (0x34179073) c833_mepc 0x0000000080004b2e
core   0: 0x0000000080006098 (0x30200073) mret
core   0: 3 0x0000000080006098 (0x30200073) c768_mstatus 0x8000000a00106080
core   0: 0x0000000080004b2e (0x0367fad3) fadd.d  fs5, fa5, fs6
core   0: 1 0x0000000080004b2e (0x0367fad3) f21 0x7ff8000000000000
core   0: 0x0000000080004b32 (0xd2100153) fcvt.d.wu ft2, zero
core   0: 1 0x0000000080004b32 (0xd2100153) f2  0x0000000000000000
core   0: 0x0000000080004b36 (0x02daf1b3) remu    gp, s5, a3
core   0: 1 0x0000000080004b36 (0x02daf1b3) x3  0x00000000c7913a20
core   0: 0x0000000080004b3a (0xd20a0853) fcvt.d.w fa6, s4
core   0: 1 0x0000000080004b3a (0xd20a0853) f16 0x0000000000000000
core   0: 0x0000000080004b3e (0x6b10e093) ori     ra, ra, 1713
core   0: 1 0x0000000080004b3e (0x6b10e093) x1  0x00000000800046b5
core   0: 0x0000000080004b42 (0x001393f3) csrrw   t2, fflags, t2
core   0: 1 0x0000000080004b42 (0x001393f3) x7  0x0000000000000011 c1_fflags 0x0000000000000000
core   0: 0x0000000080004b46 (0x9eb06237) lui     tp, 0x9eb06
core   0: 1 0x0000000080004b46 (0x9eb06237) x4  0xffffffff9eb06000
core   0: 0x0000000080004b4a (0x01a254b3) srl     s1, tp, s10
core   0: 1 0x0000000080004b4a (0x01a254b3) x9  0x00000003fffffffe
core   0: 0x0000000080004b4e (0xe189889b) addiw   a7, s3, -488
core   0: 1 0x0000000080004b4e (0xe189889b) x17 0xfffffffffffffe19
core   0: 0x0000000080004b52 (0x981d6013) prefetch.r -1664(s10)
core   0: 1 0x0000000080004b52 (0x981d6013)
core   0: 0x0000000080004b56 (0x020882bb) mulw    t0, a7, zero
core   0: 1 0x0000000080004b56 (0x020882bb) x5  0x0000000000000000
core   0: 0x0000000080004b5a (0x407ed433) sra     s0, t4, t2
core   0: 1 0x0000000080004b5a (0x407ed433) x8  0x0000000000000000
core   0: 0x0000000080004b5e (0x00427ab3) and     s5, tp, tp
core   0: 1 0x0000000080004b5e (0x00427ab3) x21 0xffffffff9eb06000
core   0: 0x0000000080004b62 (0x0ff0000f) fence   iorw,iorw
core   0: 1 0x0000000080004b62 (0x0ff0000f)
core   0: 0x0000000080004b66 (0x2b6a9ad3) fmax.d  fs5, fs5, fs6
core   0: 1 0x0000000080004b66 (0x2b6a9ad3) f21 0x7ff8000000000000
core   0: 0x0000000080004b6a (0x01c090bb) sllw    ra, ra, t3
core   0: 1 0x0000000080004b6a (0x01c090bb) x1  0xffffffff800046b5
core   0: 0x0000000080004b6e (0x41565633) sra     a2, a2, s5
core   0: 1 0x0000000080004b6e (0x41565633) x12 0x0000000000000a00
core   0: 0x0000000080004b72 (0x310bbbf3) csrrc   s7, mstatush, s7
core   0: exception trap_illegal_instruction, epc 0x0000000080004b72
core   0:           tval 0x00000000310bbbf3
core   0: >>>>  $xrv64i2p1_m2p0_a2p1_f2p2_d2p2_zicsr2p0_zifencei2p0_zmmul1p0_zba1p0_zbb1p0_zbc1p0_zbs1p0
core   0: 0x0000000080004000 (0x0080006f) j       pc + 0x8
core   0: 3 0x0000000080004000 (0x0080006f)
core   0: >>>>  mmode_exception_handler
core   0: 0x0000000080004008 (0x00002c17) auipc   s8, 0x2
core   0: 3 0x0000000080004008 (0x00002c17) x24 0x0000000080006008
core   0: 0x000000008000400c (0x056c0c13) addi    s8, s8, 86
core   0: 3 0x000000008000400c (0x056c0c13) x24 0x000000008000605e
core   0: 0x0000000080004010 (0x000c00e7) jalr    s8
core   0: 3 0x0000000080004010 (0x000c00e7) x1  0x0000000080004014
core   0: >>>>  any_handler
core   0: 0x000000008000605e (0x341027f3) csrrs   a5, mepc, zero
core   0: 3 0x000000008000605e (0x341027f3) x15 0x0000000080004b72
core   0: 0x0000000080006062 (0x34202773) csrrs   a4, mcause, zero
core   0: 3 0x0000000080006062 (0x34202773) x14 0x0000000000000002
core   0: 0x0000000080006066 (0x142026f3) csrrs   a3, scause, zero
core   0: 3 0x0000000080006066 (0x142026f3) x13 0xffffffffffffffff
core   0: 0x000000008000606a (0x30402673) csrrs   a2, mie, zero
core   0: 3 0x000000008000606a (0x30402673) x12 0x0000000000000a00
core   0: 0x000000008000606e (0x344025f3) csrrs   a1, mip, zero
core   0: 3 0x000000008000606e (0x344025f3) x11 0x0000000000000080
core   0: 0x0000000080006072 (0x343025f3) csrrs   a1, mtval, zero
core   0: 3 0x0000000080006072 (0x343025f3) x11 0x00000000310bbbf3
core   0: 0x0000000080006076 (0x14302573) csrrs   a0, stval, zero
core   0: 3 0x0000000080006076 (0x14302573) x10 0x0000000000000000
core   0: 0x000000008000607a (0xb02024f3) csrrs   s1, minstret, zero
core   0: 3 0x000000008000607a (0xb02024f3) x9  0x0000000000000c9b
core   0: 0x000000008000607e (0x0000a811) c.j     pc + 20
core   0: 3 0x000000008000607e (0xa811)
core   0: >>>>  mepc_4
core   0: 0x0000000080006092 (0x00000791) c.addi  a5, 4
core   0: 3 0x0000000080006092 (0x0791) x15 0x0000000080004b76
core   0: 0x0000000080006094 (0x34179073) csrrw   zero, mepc, a5
core   0: 3 0x0000000080006094 (0x34179073) c833_mepc 0x0000000080004b76
core   0: 0x0000000080006098 (0x30200073) mret
core   0: 3 0x0000000080006098 (0x30200073) c768_mstatus 0x8000000a00106080
core   0: 0x0000000080004b76 (0x43f15513) srai    a0, sp, 63
core   0: 1 0x0000000080004b76 (0x43f15513) x10 0xffffffffffffffff
core   0: 0x0000000080004b7a (0xd03775d3) fcvt.s.lu fa1, a4
core   0: 1 0x0000000080004b7a (0xd03775d3) f11 0xffffffff40000000
core   0: 0x0000000080004b7e (0x800afa13) andi    s4, s5, -2048
core   0: 1 0x0000000080004b7e (0x800afa13) x20 0xffffffff9eb06000
core   0: 0x0000000080004b82 (0x41aad433) sra     s0, s5, s10
core   0: 1 0x0000000080004b82 (0x41aad433) x8  0xfffffffffffffffe
core   0: 0x0000000080004b86 (0x03ad5bbb) divuw   s7, s10, s10
core   0: 1 0x0000000080004b86 (0x03ad5bbb) x23 0x0000000000000001
core   0: 0x0000000080004b8a (0xfffa4a93) not     s5, s4
core   0: 1 0x0000000080004b8a (0xfffa4a93) x21 0x00000000614f9fff
core   0: 0x0000000080004b8e (0x22b60ed3) fsgnj.d ft9, fa2, fa1
core   0: 1 0x0000000080004b8e (0x22b60ed3) f29 0xffffffff7fc00000
core   0: 0x0000000080004b92 (0x43f65993) srai    s3, a2, 63
core   0: 1 0x0000000080004b92 (0x43f65993) x19 0x0000000000000000
core   0: 0x0000000080004b96 (0x22bea053) fsgnjx.d ft0, ft9, fa1
core   0: 1 0x0000000080004b96 (0x22bea053) f0  0x7fffffff7fc00000
core   0: 0x0000000080004b9a (0x7af0f0cb) fnmsub.d ft1, ft1, fa5, fa5
core   0: 1 0x0000000080004b9a (0x7af0f0cb) f1  0x7ff8000000000000
core   0: 0x0000000080004b9e (0x4368d893) srai    a7, a7, 54
core   0: 1 0x0000000080004b9e (0x4368d893) x17 0xffffffffffffffff
core   0: 0x0000000080004ba2 (0x411651bb) sraw    gp, a2, a7
core   0: 1 0x0000000080004ba2 (0x411651bb) x3  0x0000000000000000
core   0: 0x0000000080004ba6 (0x032ee8b3) rem     a7, t4, s2
core   0: 1 0x0000000080004ba6 (0x032ee8b3) x17 0x0000000000000000
core   0: 0x0000000080004baa (0x012a0abb) addw    s5, s4, s2
core   0: 1 0x0000000080004baa (0x012a0abb) x21 0xffffffff9eb06800
core   0: 0x0000000080004bae (0x4015f5d3) fcvt.s.d fa1, fa1
core   0: 1 0x0000000080004bae (0x4015f5d3) f11 0xffffffff7fc00000
core   0: 0x0000000080004bb2 (0x02a57e3b) remuw   t3, a0, a0
core   0: 1 0x0000000080004bb2 (0x02a57e3b) x28 0x0000000000000000
core   0: 0x0000000080004bb6 (0x022e793b) remuw   s2, t3, sp
core   0: 1 0x0000000080004bb6 (0x022e793b) x18 0x0000000000000000
core   0: 0x0000000080004bba (0xa5f0e293) ori     t0, ra, -1441
core   0: 1 0x0000000080004bba (0xa5f0e293) x5  0xfffffffffffffa5f
core   0: 0x0000000080004bbe (0x0192abb3) slt     s7, t0, s9
core   0: 1 0x0000000080004bbe (0x0192abb3) x23 0x0000000000000001
core   0: 0x0000000080004bc2 (0x02f26233) rem     tp, tp, a5
core   0: 1 0x0000000080004bc2 (0x02f26233) x4  0xffffffff9eb06000
core   0: 0x0000000080004bc6 (0xc033f953) fcvt.lu.s s2, ft7
core   0: 1 0x0000000080004bc6 (0xc033f953) x18 0x0000000000000000
core   0: 0x0000000080004bca (0x344938f3) csrrc   a7, mip, s2
core   0: exception trap_illegal_instruction, epc 0x0000000080004bca
core   0:           tval 0x00000000344938f3
core   0: >>>>  $xrv64i2p1_m2p0_a2p1_f2p2_d2p2_zicsr2p0_zifencei2p0_zmmul1p0_zba1p0_zbb1p0_zbc1p0_zbs1p0
core   0: 0x0000000080004000 (0x0080006f) j       pc + 0x8
core   0: 3 0x0000000080004000 (0x0080006f)
core   0: >>>>  mmode_exception_handler
core   0: 0x0000000080004008 (0x00002c17) auipc   s8, 0x2
core   0: 3 0x0000000080004008 (0x00002c17) x24 0x0000000080006008
core   0: 0x000000008000400c (0x056c0c13) addi    s8, s8, 86
core   0: 3 0x000000008000400c (0x056c0c13) x24 0x000000008000605e
core   0: 0x0000000080004010 (0x000c00e7) jalr    s8
core   0: 3 0x0000000080004010 (0x000c00e7) x1  0x0000000080004014
core   0: >>>>  any_handler
core   0: 0x000000008000605e (0x341027f3) csrrs   a5, mepc, zero
core   0: 3 0x000000008000605e (0x341027f3) x15 0x0000000080004bca
core   0: 0x0000000080006062 (0x34202773) csrrs   a4, mcause, zero
core   0: 3 0x0000000080006062 (0x34202773) x14 0x0000000000000002
core   0: 0x0000000080006066 (0x142026f3) csrrs   a3, scause, zero
core   0: 3 0x0000000080006066 (0x142026f3) x13 0xffffffffffffffff
core   0: 0x000000008000606a (0x30402673) csrrs   a2, mie, zero
core   0: 3 0x000000008000606a (0x30402673) x12 0x0000000000000a00
core   0: 0x000000008000606e (0x344025f3) csrrs   a1, mip, zero
core   0: 3 0x000000008000606e (0x344025f3) x11 0x0000000000000080
core   0: 0x0000000080006072 (0x343025f3) csrrs   a1, mtval, zero
core   0: 3 0x0000000080006072 (0x343025f3) x11 0x00000000344938f3
core   0: 0x0000000080006076 (0x14302573) csrrs   a0, stval, zero
core   0: 3 0x0000000080006076 (0x14302573) x10 0x0000000000000000
core   0: 0x000000008000607a (0xb02024f3) csrrs   s1, minstret, zero
core   0: 3 0x000000008000607a (0xb02024f3) x9  0x0000000000000cc0
core   0: 0x000000008000607e (0x0000a811) c.j     pc + 20
core   0: 3 0x000000008000607e (0xa811)
core   0: >>>>  mepc_4
core   0: 0x0000000080006092 (0x00000791) c.addi  a5, 4
core   0: 3 0x0000000080006092 (0x0791) x15 0x0000000080004bce
core   0: 0x0000000080006094 (0x34179073) csrrw   zero, mepc, a5
core   0: 3 0x0000000080006094 (0x34179073) c833_mepc 0x0000000080004bce
core   0: 0x0000000080006098 (0x30200073) mret
core   0: 3 0x0000000080006098 (0x30200073) c768_mstatus 0x8000000a00106080
core   0: 0x0000000080004bce (0x0260443b) divw    s0, zero, t1
core   0: 1 0x0000000080004bce (0x0260443b) x8  0x0000000000000000
core   0: 0x0000000080004bd2 (0x5a05f453) fsqrt.d fs0, fa1
core   0: 1 0x0000000080004bd2 (0x5a05f453) f8  0x7ff8000000000000
core   0: 0x0000000080004bd6 (0x05f46113) ori     sp, s0, 95
core   0: 1 0x0000000080004bd6 (0x05f46113) x2  0x000000000000005f
core   0: 0x0000000080004bda (0xc025f353) fcvt.l.s t1, fa1
core   0: 1 0x0000000080004bda (0xc025f353) c1_fflags 0x0000000000000010 x6  0x7fffffffffffffff
core   0: 0x0000000080004bde (0x7ff9091b) addiw   s2, s2, 2047
core   0: 1 0x0000000080004bde (0x7ff9091b) x18 0x00000000000007ff
core   0: 0x0000000080004be2 (0x02c263bb) remw    t2, tp, a2
core   0: 1 0x0000000080004be2 (0x02c263bb) x7  0xfffffffffffffa00
core   0: 0x0000000080004be6 (0x0006113b) sllw    sp, a2, zero
core   0: 1 0x0000000080004be6 (0x0006113b) x2  0x0000000000000a00
core   0: 0x0000000080004bea (0xc20479d3) fcvt.w.d s3, fs0
core   0: 1 0x0000000080004bea (0xc20479d3) c1_fflags 0x0000000000000010 x19 0x000000007fffffff
core   0: 0x0000000080004bee (0x2a328653) fmin.d  fa2, ft5, ft3
core   0: 1 0x0000000080004bee (0x2a328653) f12 0xc1cf3e63e3000000
core   0: 0x0000000080004bf2 (0x42e9de13) srai    t3, s3, 46
core   0: 1 0x0000000080004bf2 (0x42e9de13) x28 0x0000000000000000
core   0: 0x0000000080004bf6 (0xc20678d3) fcvt.w.d a7, fa2
core   0: 1 0x0000000080004bf6 (0xc20678d3) x17 0xffffffffc183383a
core   0: 0x0000000080004bfa (0x401c76d3) fcvt.s.d fa3, fs8
core   0: 1 0x0000000080004bfa (0x401c76d3) f13 0xffffffff7fc00000
core   0: 0x0000000080004bfe (0x03a6763b) remuw   a2, a2, s10
core   0: 1 0x0000000080004bfe (0x03a6763b) x12 0x0000000000000a00
core   0: 0x0000000080004c02 (0xd22d7953) fcvt.d.l fs2, s10
core   0: 1 0x0000000080004c02 (0xd22d7953) f18 0xc099880000000000
core   0: 0x0000000080004c06 (0x037debb3) rem     s7, s11, s7
core   0: 1 0x0000000080004c06 (0x037debb3) x23 0x0000000000000000
core   0: 0x0000000080004c0a (0x005b991b) slliw   s2, s7, 5
core   0: 1 0x0000000080004c0a (0x005b991b) x18 0x0000000000000000
core   0: 0x0000000080004c0e (0x02b8773b) remuw   a4, a6, a1
core   0: 1 0x0000000080004c0e (0x02b8773b) x14 0x000000002edb1c33
core   0: 0x0000000080004c12 (0x0166d6bb) srlw    a3, a3, s6
core   0: 1 0x0000000080004c12 (0x0166d6bb) x13 0xffffffffffffffff
core   0: 0x0000000080004c16 (0x8bd8f8c3) fmadd.d fa7, fa7, ft9, fa7
core   0: 1 0x0000000080004c16 (0x8bd8f8c3) f17 0x7ff8000000000000
core   0: 0x0000000080004c1a (0x141beef3) csrrsi  t4, sepc, 23
core   0: 1 0x0000000080004c1a (0x141beef3) x29 0x0000000000000000 c321_sepc 0x0000000000000016
core   0: 0x0000000080004c1e (0x00180b1b) addiw   s6, a6, 1
core   0: 1 0x0000000080004c1e (0x00180b1b) x22 0x0000000000000000
core   0: 0x0000000080004c22 (0x00f802bb) addw    t0, a6, a5
core   0: 1 0x0000000080004c22 (0x00f802bb) x5  0xffffffff80004bcd
core   0: 0x0000000080004c26 (0xd02b7553) fcvt.s.l fa0, s6
core   0: 1 0x0000000080004c26 (0xd02b7553) f10 0xffffffff00000000
core   0: 0x0000000080004c2a (0x039e5e13) srli    t3, t3, 57
core   0: 1 0x0000000080004c2a (0x039e5e13) x28 0x0000000000000000
core   0: 0x0000000080004c2e (0xd032ff53) fcvt.s.lu ft10, t0
core   0: 1 0x0000000080004c2e (0xd032ff53) c1_fflags 0x0000000000000011 f30 0xffffffff5f800000
core   0: 0x0000000080004c32 (0xc0307bd3) fcvt.lu.s s7, ft0
core   0: 1 0x0000000080004c32 (0xc0307bd3) c1_fflags 0x0000000000000011 x23 0xffffffffffffffff
core   0: 0x0000000080004c36 (0x00721d3b) sllw    s10, tp, t2
core   0: 1 0x0000000080004c36 (0x00721d3b) x26 0xffffffff9eb06000
core   0: 0x0000000080004c3a (0x5a0b7e53) fsqrt.d ft8, fs6
core   0: 1 0x0000000080004c3a (0x5a0b7e53) f28 0x7ff8000000000000
core   0: 0x0000000080004c3e (0x00a755b3) srl     a1, a4, a0
core   0: 1 0x0000000080004c3e (0x00a755b3) x11 0x000000002edb1c33
core   0: 0x0000000080004c42 (0xb31e7247) fmsub.d ft4, ft8, fa7, fs6
core   0: 1 0x0000000080004c42 (0xb31e7247) f4  0x7ff8000000000000
core   0: 0x0000000080004c46 (0xf115baf3) csrrc   s5, mvendorid, a1
core   0: exception trap_illegal_instruction, epc 0x0000000080004c46
core   0:           tval 0x00000000f115baf3
core   0: >>>>  $xrv64i2p1_m2p0_a2p1_f2p2_d2p2_zicsr2p0_zifencei2p0_zmmul1p0_zba1p0_zbb1p0_zbc1p0_zbs1p0
core   0: 0x0000000080004000 (0x0080006f) j       pc + 0x8
core   0: 3 0x0000000080004000 (0x0080006f)
core   0: >>>>  mmode_exception_handler
core   0: 0x0000000080004008 (0x00002c17) auipc   s8, 0x2
core   0: 3 0x0000000080004008 (0x00002c17) x24 0x0000000080006008
core   0: 0x000000008000400c (0x056c0c13) addi    s8, s8, 86
core   0: 3 0x000000008000400c (0x056c0c13) x24 0x000000008000605e
core   0: 0x0000000080004010 (0x000c00e7) jalr    s8
core   0: 3 0x0000000080004010 (0x000c00e7) x1  0x0000000080004014
core   0: >>>>  any_handler
core   0: 0x000000008000605e (0x341027f3) csrrs   a5, mepc, zero
core   0: 3 0x000000008000605e (0x341027f3) x15 0x0000000080004c46
core   0: 0x0000000080006062 (0x34202773) csrrs   a4, mcause, zero
core   0: 3 0x0000000080006062 (0x34202773) x14 0x0000000000000002
core   0: 0x0000000080006066 (0x142026f3) csrrs   a3, scause, zero
core   0: 3 0x0000000080006066 (0x142026f3) x13 0xffffffffffffffff
core   0: 0x000000008000606a (0x30402673) csrrs   a2, mie, zero
core   0: 3 0x000000008000606a (0x30402673) x12 0x0000000000000a00
core   0: 0x000000008000606e (0x344025f3) csrrs   a1, mip, zero
core   0: 3 0x000000008000606e (0x344025f3) x11 0x0000000000000080
core   0: 0x0000000080006072 (0x343025f3) csrrs   a1, mtval, zero
core   0: 3 0x0000000080006072 (0x343025f3) x11 0x00000000f115baf3
core   0: 0x0000000080006076 (0x14302573) csrrs   a0, stval, zero
core   0: 3 0x0000000080006076 (0x14302573) x10 0x0000000000000000
core   0: 0x000000008000607a (0xb02024f3) csrrs   s1, minstret, zero
core   0: 3 0x000000008000607a (0xb02024f3) x9  0x0000000000000cee
core   0: 0x000000008000607e (0x0000a811) c.j     pc + 20
core   0: 3 0x000000008000607e (0xa811)
core   0: >>>>  mepc_4
core   0: 0x0000000080006092 (0x00000791) c.addi  a5, 4
core   0: 3 0x0000000080006092 (0x0791) x15 0x0000000080004c4a
core   0: 0x0000000080006094 (0x34179073) csrrw   zero, mepc, a5
core   0: 3 0x0000000080006094 (0x34179073) c833_mepc 0x0000000080004c4a
core   0: 0x0000000080006098 (0x30200073) mret
core   0: 3 0x0000000080006098 (0x30200073) c768_mstatus 0x8000000a00106080
core   0: 0x0000000080004c4a (0x545e4d93) xori    s11, t3, 1349
core   0: 1 0x0000000080004c4a (0x545e4d93) x27 0x0000000000000545
core   0: 0x0000000080004c4e (0x03d1c6b3) div     a3, gp, t4
core   0: 1 0x0000000080004c4e (0x03d1c6b3) x13 0xffffffffffffffff
core   0: 0x0000000080004c52 (0xc20b7d53) fcvt.w.d s10, fs6
core   0: 1 0x0000000080004c52 (0xc20b7d53) c1_fflags 0x0000000000000011 x26 0x000000007fffffff
core   0: 0x0000000080004c56 (0x008cd2bb) srlw    t0, s9, s0
core   0: 1 0x0000000080004c56 (0x008cd2bb) x5  0x000000005e92d4bd
core   0: 0x0000000080004c5a (0x13bdf5d3) fmul.d  fa1, fs11, fs11
core   0: 1 0x0000000080004c5a (0x13bdf5d3) f11 0x7ff8000000000000
core   0: 0x0000000080004c5e (0x025a0333) mul     t1, s4, t0
core   0: 1 0x0000000080004c5e (0x025a0333) x6  0xdc0cf2f8f7b6e000
core   0: 0x0000000080004c62 (0x02a8f1b3) remu    gp, a7, a0
core   0: 1 0x0000000080004c62 (0x02a8f1b3) x3  0xffffffffc183383a
core   0: 0x0000000080004c66 (0xd21e8d53) fcvt.d.wu fs10, t4
core   0: 1 0x0000000080004c66 (0xd21e8d53) f26 0x0000000000000000
core   0: 0x0000000080004c6a (0x003ee0b3) or      ra, t4, gp
core   0: 1 0x0000000080004c6a (0x003ee0b3) x1  0xffffffffc183383a
core   0: 0x0000000080004c6e (0x40188033) sub     zero, a7, ra
core   0: 1 0x0000000080004c6e (0x40188033)
core   0: 0x0000000080004c72 (0xd0237d53) fcvt.s.l fs10, t1
core   0: 1 0x0000000080004c72 (0xd0237d53) c1_fflags 0x0000000000000011 f26 0xffffffffde0fcc34
core   0: 0x0000000080004c76 (0xc0267bd3) fcvt.l.s s7, fa2
core   0: 1 0x0000000080004c76 (0xc0267bd3) c1_fflags 0x0000000000000011 x23 0x7fffffffffffffff
core   0: 0x0000000080004c7a (0x000207bb) addw    a5, tp, zero
core   0: 1 0x0000000080004c7a (0x000207bb) x15 0xffffffff9eb06000
core   0: 0x0000000080004c7e (0x0ff0000f) fence   iorw,iorw
core   0: 1 0x0000000080004c7e (0x0ff0000f)
core   0: 0x0000000080004c82 (0xd2118353) fcvt.d.wu ft6, gp
core   0: 1 0x0000000080004c82 (0xd2118353) f6  0x41e8306707400000
core   0: 0x0000000080004c86 (0x0a3671d3) fsub.d  ft3, fa2, ft3
core   0: 1 0x0000000080004c86 (0x0a3671d3) f3  0x7ff8000000000000
core   0: 0x0000000080004c8a (0x02e3f753) fadd.d  fa4, ft7, fa4
core   0: 1 0x0000000080004c8a (0x02e3f753) f14 0x7ff8000000000000
core   0: 0x0000000080004c8e (0xf2008ad3) fmv.d.x fs5, ra
core   0: 1 0x0000000080004c8e (0xf2008ad3) f21 0xffffffffc183383a
core   0: 0x0000000080004c92 (0x0374cb33) div     s6, s1, s7
core   0: 1 0x0000000080004c92 (0x0374cb33) x22 0x0000000000000000
core   0: 0x0000000080004c96 (0xd2068bd3) fcvt.d.w fs7, a3
core   0: 1 0x0000000080004c96 (0xd2068bd3) f23 0xbff0000000000000
core   0: 0x0000000080004c9a (0x0ff0000f) fence   iorw,iorw
core   0: 1 0x0000000080004c9a (0x0ff0000f)
core   0: 0x0000000080004c9e (0x7ff8e613) ori     a2, a7, 2047
core   0: 1 0x0000000080004c9e (0x7ff8e613) x12 0xffffffffc1833fff
core   0: 0x0000000080004ca2 (0x40c28c3b) subw    s8, t0, a2
core   0: 1 0x0000000080004ca2 (0x40c28c3b) x24 0xffffffff9d0f94be
core   0: 0x0000000080004ca6 (0xd230f6d3) fcvt.d.lu fa3, ra
core   0: 1 0x0000000080004ca6 (0xd230f6d3) c1_fflags 0x0000000000000011 f13 0x43effffffff83067
core   0: 0x0000000080004caa (0xd0267d53) fcvt.s.l fs10, a2
core   0: 1 0x0000000080004caa (0xd0267d53) c1_fflags 0x0000000000000011 f26 0xffffffffce79f300
core   0: 0x0000000080004cae (0x415383bb) subw    t2, t2, s5
core   0: 1 0x0000000080004cae (0x415383bb) x7  0x00000000614f9200
core   0: 0x0000000080004cb2 (0x41bd86b3) sub     a3, s11, s11
core   0: 1 0x0000000080004cb2 (0x41bd86b3) x13 0x0000000000000000
core   0: 0x0000000080004cb6 (0x23c50653) fsgnj.d fa2, fa0, ft8
core   0: 1 0x0000000080004cb6 (0x23c50653) f12 0x7fffffff00000000
core   0: 0x0000000080004cba (0xa2c48e53) fle.d   t3, fs1, fa2
core   0: 1 0x0000000080004cba (0xa2c48e53) c1_fflags 0x0000000000000011 x28 0x0000000000000000
core   0: 0x0000000080004cbe (0x03bac6bb) divw    a3, s5, s11
core   0: 1 0x0000000080004cbe (0x03bac6bb) x13 0xffffffffffed8886
core   0: 0x0000000080004cc2 (0xc034f0d3) fcvt.lu.s ra, fs1
core   0: 1 0x0000000080004cc2 (0xc034f0d3) c1_fflags 0x0000000000000011 x1  0xffffffffffffffff
core   0: 0x0000000080004cc6 (0xd233fe53) fcvt.d.lu ft8, t2
core   0: 1 0x0000000080004cc6 (0xd233fe53) f28 0x41d853e480000000
core   0: 0x0000000080004cca (0x8000e313) ori     t1, ra, -2048
core   0: 1 0x0000000080004cca (0x8000e313) x6  0xffffffffffffffff
core   0: 0x0000000080004cce (0x0ff0000f) fence   iorw,iorw
core   0: 1 0x0000000080004cce (0x0ff0000f)
core   0: 0x0000000080004cd2 (0x01291dbb) sllw    s11, s2, s2
core   0: 1 0x0000000080004cd2 (0x01291dbb) x27 0x0000000000000000
core   0: 0x0000000080004cd6 (0x4038843b) subw    s0, a7, gp
core   0: 1 0x0000000080004cd6 (0x4038843b) x8  0x0000000000000000
core   0: 0x0000000080004cda (0xd20e0853) fcvt.d.w fa6, t3
core   0: 1 0x0000000080004cda (0xd20e0853) f16 0x0000000000000000
core   0: 0x0000000080004cde (0x4014f053) fcvt.s.d ft0, fs1
core   0: 1 0x0000000080004cde (0x4014f053) f0  0xffffffff7fc00000
core   0: 0x0000000080004ce2 (0x03b84abb) divw    s5, a6, s11
core   0: 1 0x0000000080004ce2 (0x03b84abb) x21 0xffffffffffffffff
core   0: 0x0000000080004ce6 (0x9aac8c13) addi    s8, s9, -1622
core   0: 1 0x0000000080004ce6 (0x9aac8c13) x24 0x0000004f5e92ce67
core   0: 0x0000000080004cea (0xa3f48ed3) fle.d   t4, fs1, ft11
core   0: 1 0x0000000080004cea (0xa3f48ed3) c1_fflags 0x0000000000000011 x29 0x0000000000000000
core   0: 0x0000000080004cee (0x002020f3) csrrs   ra, frm, zero
core   0: 1 0x0000000080004cee (0x002020f3) x1  0x0000000000000000
core   0: 0x0000000080004cf2 (0x001861b3) or      gp, a6, ra
core   0: 1 0x0000000080004cf2 (0x001861b3) x3  0x7fffffffffffffff
core   0: 0x0000000080004cf6 (0xff9304b7) lui     s1, 0xff930
core   0: 1 0x0000000080004cf6 (0xff9304b7) x9  0xffffffffff930000
core   0: 0x0000000080004cfa (0xd9b4849b) addiw   s1, s1, -613
core   0: 1 0x0000000080004cfa (0xd9b4849b) x9  0xffffffffff92fd9b
core   0: 0x0000000080004cfe (0x000004be) c.slli  s1, 15
core   0: 1 0x0000000080004cfe (0x04be) x9  0xffffffc97ecd8000
core   0: 0x0000000080004d00 (0x48e48493) addi    s1, s1, 1166
core   0: 1 0x0000000080004d00 (0x48e48493) x9  0xffffffc97ecd848e
core   0: 0x0000000080004d04 (0x00a51b1b) slliw   s6, a0, 10
core   0: 1 0x0000000080004d04 (0x00a51b1b) x22 0x0000000000000000
core   0: 0x0000000080004d08 (0x01696433) or      s0, s2, s6
core   0: 1 0x0000000080004d08 (0x01696433) x8  0x0000000000000000
core   0: 0x0000000080004d0c (0x0184dbb3) srl     s7, s1, s8
core   0: 1 0x0000000080004d0c (0x0184dbb3) x23 0x0000000001ffffff
core   0: 0x0000000080004d10 (0xe2007b47) fmsub.d fs6, ft0, ft0, ft8
core   0: 1 0x0000000080004d10 (0xe2007b47) f22 0x7ff8000000000000
core   0: 0x0000000080004d14 (0x41ccdcb3) sra     s9, s9, t3
core   0: 1 0x0000000080004d14 (0x41ccdcb3) x25 0x0000004f5e92d4bd
core   0: 0x0000000080004d18 (0x41de063b) subw    a2, t3, t4
core   0: 1 0x0000000080004d18 (0x41de063b) x12 0x0000000000000000
core   0: 0x0000000080004d1c (0x007303bb) addw    t2, t1, t2
core   0: 1 0x0000000080004d1c (0x007303bb) x7  0x00000000614f91ff
core   0: 0x0000000080004d20 (0x007bdb9b) srliw   s7, s7, 7
core   0: 1 0x0000000080004d20 (0x007bdb9b) x23 0x000000000003ffff
core   0: 0x0000000080004d24 (0x4017f953) fcvt.s.d fs2, fa5
core   0: 1 0x0000000080004d24 (0x4017f953) f18 0xffffffff7fc00000
core   0: 0x0000000080004d28 (0x4275d213) srai    tp, a1, 39
core   0: 1 0x0000000080004d28 (0x4275d213) x4  0x0000000000000000
core   0: 0x0000000080004d2c (0xc23977d3) fcvt.lu.d a5, fs2
core   0: 1 0x0000000080004d2c (0xc23977d3) c1_fflags 0x0000000000000011 x15 0xffffffffffffffff
core   0: 0x0000000080004d30 (0x4177d1b3) sra     gp, a5, s7
core   0: 1 0x0000000080004d30 (0x4177d1b3) x3  0xffffffffffffffff
core   0: 0x0000000080004d34 (0xe2040d53) fmv.x.d s10, fs0
core   0: 1 0x0000000080004d34 (0xe2040d53) x26 0x7ff8000000000000
core   0: 0x0000000080004d38 (0x00f19b3b) sllw    s6, gp, a5
core   0: 1 0x0000000080004d38 (0x00f19b3b) x22 0xffffffff80000000
core   0: 0x0000000080004d3c (0x5a07f3d3) fsqrt.d ft7, fa5
core   0: 1 0x0000000080004d3c (0x5a07f3d3) f7  0x7ff8000000000000
core   0: 0x0000000080004d40 (0x016e2eb3) slt     t4, t3, s6
core   0: 1 0x0000000080004d40 (0x016e2eb3) x29 0x0000000000000000
core   0: 0x0000000080004d44 (0xf20781d3) fmv.d.x ft3, a5
core   0: 1 0x0000000080004d44 (0xf20781d3) f3  0xffffffffffffffff
core   0: 0x0000000080004d48 (0x02eb56b3) divu    a3, s6, a4
core   0: 1 0x0000000080004d48 (0x02eb56b3) x13 0x7fffffffc0000000
core   0: 0x0000000080004d4c (0x0046fdb3) and     s11, a3, tp
core   0: 1 0x0000000080004d4c (0x0046fdb3) x27 0x0000000000000000
core   0: 0x0000000080004d50 (0xd20209d3) fcvt.d.w fs3, tp
core   0: 1 0x0000000080004d50 (0xd20209d3) f19 0x0000000000000000
core   0: 0x0000000080004d54 (0x6b046597) auipc   a1, 0x6b046
core   0: 1 0x0000000080004d54 (0x6b046597) x11 0x00000000eb04ad54
core   0: 0x0000000080004d58 (0x0276bcb3) mulhu   s9, a3, t2
core   0: 1 0x0000000080004d58 (0x0276bcb3) x25 0x0000000030a7c8ff
core   0: 0x0000000080004d5c (0x02b7c133) div     sp, a5, a1
core   0: 1 0x0000000080004d5c (0x02b7c133) x2  0x0000000000000000
core   0: 0x0000000080004d60 (0x0ff0000f) fence   iorw,iorw
core   0: 1 0x0000000080004d60 (0x0ff0000f)
core   0: 0x0000000080004d64 (0x00732833) slt     a6, t1, t2
core   0: 1 0x0000000080004d64 (0x00732833) x16 0x0000000000000001
core   0: 0x0000000080004d68 (0x9bddfbc7) fmsub.d fs7, fs11, ft9, fs3
core   0: 1 0x0000000080004d68 (0x9bddfbc7) f23 0x7ff8000000000000
core   0: 0x0000000080004d6c (0x00181273) csrrw   tp, fflags, a6
core   0: 1 0x0000000080004d6c (0x00181273) x4  0x0000000000000011 c1_fflags 0x0000000000000001
core   0: 0x0000000080004d70 (0x34466173) csrrsi  sp, mip, 12
core   0: exception trap_illegal_instruction, epc 0x0000000080004d70
core   0:           tval 0x0000000034466173
core   0: >>>>  $xrv64i2p1_m2p0_a2p1_f2p2_d2p2_zicsr2p0_zifencei2p0_zmmul1p0_zba1p0_zbb1p0_zbc1p0_zbs1p0
core   0: 0x0000000080004000 (0x0080006f) j       pc + 0x8
core   0: 3 0x0000000080004000 (0x0080006f)
core   0: >>>>  mmode_exception_handler
core   0: 0x0000000080004008 (0x00002c17) auipc   s8, 0x2
core   0: 3 0x0000000080004008 (0x00002c17) x24 0x0000000080006008
core   0: 0x000000008000400c (0x056c0c13) addi    s8, s8, 86
core   0: 3 0x000000008000400c (0x056c0c13) x24 0x000000008000605e
core   0: 0x0000000080004010 (0x000c00e7) jalr    s8
core   0: 3 0x0000000080004010 (0x000c00e7) x1  0x0000000080004014
core   0: >>>>  any_handler
core   0: 0x000000008000605e (0x341027f3) csrrs   a5, mepc, zero
core   0: 3 0x000000008000605e (0x341027f3) x15 0x0000000080004d70
core   0: 0x0000000080006062 (0x34202773) csrrs   a4, mcause, zero
core   0: 3 0x0000000080006062 (0x34202773) x14 0x0000000000000002
core   0: 0x0000000080006066 (0x142026f3) csrrs   a3, scause, zero
core   0: 3 0x0000000080006066 (0x142026f3) x13 0xffffffffffffffff
core   0: 0x000000008000606a (0x30402673) csrrs   a2, mie, zero
core   0: 3 0x000000008000606a (0x30402673) x12 0x0000000000000a00
core   0: 0x000000008000606e (0x344025f3) csrrs   a1, mip, zero
core   0: 3 0x000000008000606e (0x344025f3) x11 0x0000000000000080
core   0: 0x0000000080006072 (0x343025f3) csrrs   a1, mtval, zero
core   0: 3 0x0000000080006072 (0x343025f3) x11 0x0000000034466173
core   0: 0x0000000080006076 (0x14302573) csrrs   a0, stval, zero
core   0: 3 0x0000000080006076 (0x14302573) x10 0x0000000000000000
core   0: 0x000000008000607a (0xb02024f3) csrrs   s1, minstret, zero
core   0: 3 0x000000008000607a (0xb02024f3) x9  0x0000000000000d48
core   0: 0x000000008000607e (0x0000a811) c.j     pc + 20
core   0: 3 0x000000008000607e (0xa811)
core   0: >>>>  mepc_4
core   0: 0x0000000080006092 (0x00000791) c.addi  a5, 4
core   0: 3 0x0000000080006092 (0x0791) x15 0x0000000080004d74
core   0: 0x0000000080006094 (0x34179073) csrrw   zero, mepc, a5
core   0: 3 0x0000000080006094 (0x34179073) c833_mepc 0x0000000080004d74
core   0: 0x0000000080006098 (0x30200073) mret
core   0: 3 0x0000000080006098 (0x30200073) c768_mstatus 0x8000000a00106080
core   0: 0x0000000080004d74 (0xc23673d3) fcvt.lu.d t2, fa2
core   0: 1 0x0000000080004d74 (0xc23673d3) c1_fflags 0x0000000000000011 x7  0xffffffffffffffff
core   0: 0x0000000080004d78 (0x00076693) ori     a3, a4, 0
core   0: 1 0x0000000080004d78 (0x00076693) x13 0x0000000000000002
core   0: 0x0000000080004d7c (0x01822633) slt     a2, tp, s8
core   0: 1 0x0000000080004d7c (0x01822633) x12 0x0000000000000001
core   0: 0x0000000080004d80 (0x0000823e) c.mv    tp, a5
core   0: 1 0x0000000080004d80 (0x823e) x4  0x0000000080004d74
core   0: 0x0000000080004d82 (0x00b2d4bb) srlw    s1, t0, a1
core   0: 1 0x0000000080004d82 (0x00b2d4bb) x9  0x0000000000000bd2
core   0: 0x0000000080004d86 (0x0004961b) slliw   a2, s1, 0
core   0: 1 0x0000000080004d86 (0x0004961b) x12 0x0000000000000bd2
core   0: 0x0000000080004d8a (0x0372f2b3) remu    t0, t0, s7
core   0: 1 0x0000000080004d8a (0x0372f2b3) x5  0x000000000002ec61
core   0: 0x0000000080004d8e (0x6b36f843) fmadd.d fa6, fa3, fs3, fa3
core   0: 1 0x0000000080004d8e (0x6b36f843) f16 0x43effffffff83067
core   0: 0x0000000080004d92 (0x2af78353) fmin.d  ft6, fa5, fa5
core   0: 1 0x0000000080004d92 (0x2af78353) f6  0x7ff8000000000000
core   0: 0x0000000080004d96 (0x42030653) fcvt.d.s fa2, ft6
core   0: 1 0x0000000080004d96 (0x42030653) f12 0x7ff8000000000000
core   0: 0x0000000080004d9a (0x0b7e7cd3) fsub.d  fs9, ft8, fs7
core   0: 1 0x0000000080004d9a (0x0b7e7cd3) f25 0x7ff8000000000000
core   0: 0x0000000080004d9e (0x00898d3b) addw    s10, s3, s0
core   0: 1 0x0000000080004d9e (0x00898d3b) x26 0x000000007fffffff
core   0: 0x0000000080004da2 (0x41660b3b) subw    s6, a2, s6
core   0: 1 0x0000000080004da2 (0x41660b3b) x22 0xffffffff80000bd2
core   0: 0x0000000080004da6 (0x02ac04bb) mulw    s1, s8, a0
core   0: 1 0x0000000080004da6 (0x02ac04bb) x9  0x0000000000000000
core   0: 0x0000000080004daa (0xd2357653) fcvt.d.lu fa2, a0
core   0: 1 0x0000000080004daa (0xd2357653) f12 0x0000000000000000
core   0: 0x0000000080004dae (0x045b33b7) lui     t2, 0x45b3
core   0: 1 0x0000000080004dae (0x045b33b7) x7  0x00000000045b3000
core   0: 0x0000000080004db2 (0x6073839b) addiw   t2, t2, 1543
core   0: 1 0x0000000080004db2 (0x6073839b) x7  0x00000000045b3607
core   0: 0x0000000080004db6 (0x000003b2) c.slli  t2, 12
core   0: 1 0x0000000080004db6 (0x03b2) x7  0x00000045b3607000
core   0: 0x0000000080004db8 (0xcaf38393) addi    t2, t2, -849
core   0: 1 0x0000000080004db8 (0xcaf38393) x7  0x00000045b3606caf
core   0: 0x0000000080004dbc (0x02c79633) mulh    a2, a5, a2
core   0: 1 0x0000000080004dbc (0x02c79633) x12 0x0000000000000000
core   0: 0x0000000080004dc0 (0x031661b3) rem     gp, a2, a7
core   0: 1 0x0000000080004dc0 (0x031661b3) x3  0x0000000000000000
core   0: 0x0000000080004dc4 (0x02f6483b) divw    a6, a2, a5
core   0: 1 0x0000000080004dc4 (0x02f6483b) x16 0x0000000000000000
core   0: 0x0000000080004dc8 (0xd21708d3) fcvt.d.wu fa7, a4
core   0: 1 0x0000000080004dc8 (0xd21708d3) f17 0x4000000000000000
core   0: 0x0000000080004dcc (0x421a5393) srai    t2, s4, 33
core   0: 1 0x0000000080004dcc (0x421a5393) x7  0xffffffffffffffff
core   0: 0x0000000080004dd0 (0x23190453) fsgnj.d fs0, fs2, fa7
core   0: 1 0x0000000080004dd0 (0x23190453) f8  0x7fffffff7fc00000
core   0: 0x0000000080004dd4 (0xf20a0753) fmv.d.x fa4, s4
core   0: 1 0x0000000080004dd4 (0xf20a0753) f14 0xffffffff9eb06000
core   0: 0x0000000080004dd8 (0xc03510f3) csrrw   ra, hpmcounter3, a0
core   0: exception trap_illegal_instruction, epc 0x0000000080004dd8
core   0:           tval 0x00000000c03510f3
core   0: >>>>  $xrv64i2p1_m2p0_a2p1_f2p2_d2p2_zicsr2p0_zifencei2p0_zmmul1p0_zba1p0_zbb1p0_zbc1p0_zbs1p0
core   0: 0x0000000080004000 (0x0080006f) j       pc + 0x8
core   0: 3 0x0000000080004000 (0x0080006f)
core   0: >>>>  mmode_exception_handler
core   0: 0x0000000080004008 (0x00002c17) auipc   s8, 0x2
core   0: 3 0x0000000080004008 (0x00002c17) x24 0x0000000080006008
core   0: 0x000000008000400c (0x056c0c13) addi    s8, s8, 86
core   0: 3 0x000000008000400c (0x056c0c13) x24 0x000000008000605e
core   0: 0x0000000080004010 (0x000c00e7) jalr    s8
core   0: 3 0x0000000080004010 (0x000c00e7) x1  0x0000000080004014
core   0: >>>>  any_handler
core   0: 0x000000008000605e (0x341027f3) csrrs   a5, mepc, zero
core   0: 3 0x000000008000605e (0x341027f3) x15 0x0000000080004dd8
core   0: 0x0000000080006062 (0x34202773) csrrs   a4, mcause, zero
core   0: 3 0x0000000080006062 (0x34202773) x14 0x0000000000000002
core   0: 0x0000000080006066 (0x142026f3) csrrs   a3, scause, zero
core   0: 3 0x0000000080006066 (0x142026f3) x13 0xffffffffffffffff
core   0: 0x000000008000606a (0x30402673) csrrs   a2, mie, zero
core   0: 3 0x000000008000606a (0x30402673) x12 0x0000000000000a00
core   0: 0x000000008000606e (0x344025f3) csrrs   a1, mip, zero
core   0: 3 0x000000008000606e (0x344025f3) x11 0x0000000000000080
core   0: 0x0000000080006072 (0x343025f3) csrrs   a1, mtval, zero
core   0: 3 0x0000000080006072 (0x343025f3) x11 0x00000000c03510f3
core   0: 0x0000000080006076 (0x14302573) csrrs   a0, stval, zero
core   0: 3 0x0000000080006076 (0x14302573) x10 0x0000000000000000
core   0: 0x000000008000607a (0xb02024f3) csrrs   s1, minstret, zero
core   0: 3 0x000000008000607a (0xb02024f3) x9  0x0000000000000d72
core   0: 0x000000008000607e (0x0000a811) c.j     pc + 20
core   0: 3 0x000000008000607e (0xa811)
core   0: >>>>  mepc_4
core   0: 0x0000000080006092 (0x00000791) c.addi  a5, 4
core   0: 3 0x0000000080006092 (0x0791) x15 0x0000000080004ddc
core   0: 0x0000000080006094 (0x34179073) csrrw   zero, mepc, a5
core   0: 3 0x0000000080006094 (0x34179073) c833_mepc 0x0000000080004ddc
core   0: 0x0000000080006098 (0x30200073) mret
core   0: 3 0x0000000080006098 (0x30200073) c768_mstatus 0x8000000a00106080
core   0: 0x0000000080004ddc (0x001022f3) csrrs   t0, fflags, zero
core   0: 1 0x0000000080004ddc (0x001022f3) x5  0x0000000000000011
core   0: 0x0000000080004de0 (0x03b3553b) divuw   a0, t1, s11
core   0: 1 0x0000000080004de0 (0x03b3553b) x10 0xffffffffffffffff
core   0: 0x0000000080004de4 (0x019e1cbb) sllw    s9, t3, s9
core   0: 1 0x0000000080004de4 (0x019e1cbb) x25 0x0000000000000000
core   0: 0x0000000080004de8 (0x01550bb3) add     s7, a0, s5
core   0: 1 0x0000000080004de8 (0x01550bb3) x23 0xfffffffffffffffe
core   0: 0x0000000080004dec (0x1a827bd3) fdiv.d  fs7, ft4, fs0
core   0: 1 0x0000000080004dec (0x1a827bd3) f23 0x7ff8000000000000
core   0: 0x0000000080004df0 (0x03946d3b) remw    s10, s0, s9
core   0: 1 0x0000000080004df0 (0x03946d3b) x26 0x0000000000000000
core   0: 0x0000000080004df4 (0xd23bf3d3) fcvt.d.lu ft7, s7
core   0: 1 0x0000000080004df4 (0xd23bf3d3) c1_fflags 0x0000000000000011 f7  0x43f0000000000000
core   0: 0x0000000080004df8 (0xc203f353) fcvt.w.d t1, ft7
core   0: 1 0x0000000080004df8 (0xc203f353) c1_fflags 0x0000000000000011 x6  0x000000007fffffff
core   0: 0x0000000080004dfc (0xd22473d3) fcvt.d.l ft7, s0
core   0: 1 0x0000000080004dfc (0xd22473d3) f7  0x0000000000000000
core   0: 0x0000000080004e00 (0x0263f353) fadd.d  ft6, ft7, ft6
core   0: 1 0x0000000080004e00 (0x0263f353) f6  0x7ff8000000000000
core   0: 0x0000000080004e04 (0xc2227953) fcvt.l.d s2, ft4
core   0: 1 0x0000000080004e04 (0xc2227953) c1_fflags 0x0000000000000011 x18 0x7fffffffffffffff
core   0: 0x0000000080004e08 (0x13b17dd3) fmul.d  fs11, ft2, fs11
core   0: 1 0x0000000080004e08 (0x13b17dd3) f27 0x7ff8000000000000
core   0: 0x0000000080004e0c (0x40045713) srai    a4, s0, 0
core   0: 1 0x0000000080004e0c (0x40045713) x14 0x0000000000000000
core   0: 0x0000000080004e10 (0x0bbf79d3) fsub.d  fs3, ft10, fs11
core   0: 1 0x0000000080004e10 (0x0bbf79d3) f19 0x7ff8000000000000
core   0: 0x0000000080004e14 (0x02890133) mul     sp, s2, s0
core   0: 1 0x0000000080004e14 (0x02890133) x2  0x0000000000000000
core   0: 0x0000000080004e18 (0xc03bfed3) fcvt.lu.s t4, fs7
core   0: 1 0x0000000080004e18 (0xc03bfed3) c1_fflags 0x0000000000000011 x29 0xffffffffffffffff
core   0: 0x0000000080004e1c (0x3db47593) andi    a1, s0, 987
core   0: 1 0x0000000080004e1c (0x3db47593) x11 0x0000000000000000
core   0: 0x0000000080004e20 (0xfb171797) auipc   a5, 0xfb171
core   0: 1 0x0000000080004e20 (0xfb171797) x15 0x000000007b175e20
core   0: 0x0000000080004e24 (0xd22e7c53) fcvt.d.l fs8, t3
core   0: 1 0x0000000080004e24 (0xd22e7c53) f24 0x0000000000000000
core   0: 0x0000000080004e28 (0x00000001) c.nop
core   0: 1 0x0000000080004e28 (0x0001)
core   0: 0x0000000080004e2a (0x02b5d4bb) divuw   s1, a1, a1
core   0: 1 0x0000000080004e2a (0x02b5d4bb) x9  0xffffffffffffffff
core   0: 0x0000000080004e2e (0x00202df3) csrrs   s11, frm, zero
core   0: 1 0x0000000080004e2e (0x00202df3) x27 0x0000000000000000
core   0: 0x0000000080004e32 (0x3c2de193) ori     gp, s11, 962
core   0: 1 0x0000000080004e32 (0x3c2de193) x3  0x00000000000003c2
core   0: 0x0000000080004e36 (0xf1145373) csrrwi  t1, mvendorid, 8
core   0: exception trap_illegal_instruction, epc 0x0000000080004e36
core   0:           tval 0x00000000f1145373
core   0: >>>>  $xrv64i2p1_m2p0_a2p1_f2p2_d2p2_zicsr2p0_zifencei2p0_zmmul1p0_zba1p0_zbb1p0_zbc1p0_zbs1p0
core   0: 0x0000000080004000 (0x0080006f) j       pc + 0x8
core   0: 3 0x0000000080004000 (0x0080006f)
core   0: >>>>  mmode_exception_handler
core   0: 0x0000000080004008 (0x00002c17) auipc   s8, 0x2
core   0: 3 0x0000000080004008 (0x00002c17) x24 0x0000000080006008
core   0: 0x000000008000400c (0x056c0c13) addi    s8, s8, 86
core   0: 3 0x000000008000400c (0x056c0c13) x24 0x000000008000605e
core   0: 0x0000000080004010 (0x000c00e7) jalr    s8
core   0: 3 0x0000000080004010 (0x000c00e7) x1  0x0000000080004014
core   0: >>>>  any_handler
core   0: 0x000000008000605e (0x341027f3) csrrs   a5, mepc, zero
core   0: 3 0x000000008000605e (0x341027f3) x15 0x0000000080004e36
core   0: 0x0000000080006062 (0x34202773) csrrs   a4, mcause, zero
core   0: 3 0x0000000080006062 (0x34202773) x14 0x0000000000000002
core   0: 0x0000000080006066 (0x142026f3) csrrs   a3, scause, zero
core   0: 3 0x0000000080006066 (0x142026f3) x13 0xffffffffffffffff
core   0: 0x000000008000606a (0x30402673) csrrs   a2, mie, zero
core   0: 3 0x000000008000606a (0x30402673) x12 0x0000000000000a00
core   0: 0x000000008000606e (0x344025f3) csrrs   a1, mip, zero
core   0: 3 0x000000008000606e (0x344025f3) x11 0x0000000000000080
core   0: 0x0000000080006072 (0x343025f3) csrrs   a1, mtval, zero
core   0: 3 0x0000000080006072 (0x343025f3) x11 0x00000000f1145373
core   0: 0x0000000080006076 (0x14302573) csrrs   a0, stval, zero
core   0: 3 0x0000000080006076 (0x14302573) x10 0x0000000000000000
core   0: 0x000000008000607a (0xb02024f3) csrrs   s1, minstret, zero
core   0: 3 0x000000008000607a (0xb02024f3) x9  0x0000000000000d99
core   0: 0x000000008000607e (0x0000a811) c.j     pc + 20
core   0: 3 0x000000008000607e (0xa811)
core   0: >>>>  mepc_4
core   0: 0x0000000080006092 (0x00000791) c.addi  a5, 4
core   0: 3 0x0000000080006092 (0x0791) x15 0x0000000080004e3a
core   0: 0x0000000080006094 (0x34179073) csrrw   zero, mepc, a5
core   0: 3 0x0000000080006094 (0x34179073) c833_mepc 0x0000000080004e3a
core   0: 0x0000000080006098 (0x30200073) mret
core   0: 3 0x0000000080006098 (0x30200073) c768_mstatus 0x8000000a00106080
core   0: 0x0000000080004e3a (0xe20784d3) fmv.x.d s1, fa5
core   0: 1 0x0000000080004e3a (0xe20784d3) x9  0x7ff8000000000000
core   0: 0x0000000080004e3e (0xc20670d3) fcvt.w.d ra, fa2
core   0: 1 0x0000000080004e3e (0xc20670d3) x1  0x0000000000000000
core   0: 0x0000000080004e42 (0x02ed4733) div     a4, s10, a4
core   0: 1 0x0000000080004e42 (0x02ed4733) x14 0x0000000000000000
core   0: 0x0000000080004e46 (0xa2c689d3) fle.d   s3, fa3, fa2
core   0: 1 0x0000000080004e46 (0xa2c689d3) x19 0x0000000000000000
core   0: 0x0000000080004e4a (0x036b3d33) mulhu   s10, s6, s6
core   0: 1 0x0000000080004e4a (0x036b3d33) x26 0xffffffff000017a4
core   0: 0x0000000080004e4e (0x016cacb7) lui     s9, 0x16ca
core   0: 1 0x0000000080004e4e (0x016cacb7) x25 0x00000000016ca000
core   0: 0x0000000080004e52 (0x5efc8c9b) addiw   s9, s9, 1519
core   0: 1 0x0000000080004e52 (0x5efc8c9b) x25 0x00000000016ca5ef
core   0: 0x0000000080004e56 (0x00000cb6) c.slli  s9, 13
core   0: 1 0x0000000080004e56 (0x0cb6) x25 0x0000002d94bde000
core   0: 0x0000000080004e58 (0x675c8c93) addi    s9, s9, 1653
core   0: 1 0x0000000080004e58 (0x675c8c93) x25 0x0000002d94bde675
core   0: 0x0000000080004e5c (0x0017a333) slt     t1, a5, ra
core   0: 1 0x0000000080004e5c (0x0017a333) x6  0x0000000000000000
core   0: 0x0000000080004e60 (0xc21bf853) fcvt.wu.d a6, fs7
core   0: 1 0x0000000080004e60 (0xc21bf853) c1_fflags 0x0000000000000011 x16 0xffffffffffffffff
core   0: 0x0000000080004e64 (0x22542fd3) fsgnjx.d ft11, fs0, ft5
core   0: 1 0x0000000080004e64 (0x22542fd3) f31 0xffffffff7fc00000
core   0: 0x0000000080004e68 (0x310596f3) csrrw   a3, mstatush, a1
core   0: exception trap_illegal_instruction, epc 0x0000000080004e68
core   0:           tval 0x00000000310596f3
core   0: >>>>  $xrv64i2p1_m2p0_a2p1_f2p2_d2p2_zicsr2p0_zifencei2p0_zmmul1p0_zba1p0_zbb1p0_zbc1p0_zbs1p0
core   0: 0x0000000080004000 (0x0080006f) j       pc + 0x8
core   0: 3 0x0000000080004000 (0x0080006f)
core   0: >>>>  mmode_exception_handler
core   0: 0x0000000080004008 (0x00002c17) auipc   s8, 0x2
core   0: 3 0x0000000080004008 (0x00002c17) x24 0x0000000080006008
core   0: 0x000000008000400c (0x056c0c13) addi    s8, s8, 86
core   0: 3 0x000000008000400c (0x056c0c13) x24 0x000000008000605e
core   0: 0x0000000080004010 (0x000c00e7) jalr    s8
core   0: 3 0x0000000080004010 (0x000c00e7) x1  0x0000000080004014
core   0: >>>>  any_handler
core   0: 0x000000008000605e (0x341027f3) csrrs   a5, mepc, zero
core   0: 3 0x000000008000605e (0x341027f3) x15 0x0000000080004e68
core   0: 0x0000000080006062 (0x34202773) csrrs   a4, mcause, zero
core   0: 3 0x0000000080006062 (0x34202773) x14 0x0000000000000002
core   0: 0x0000000080006066 (0x142026f3) csrrs   a3, scause, zero
core   0: 3 0x0000000080006066 (0x142026f3) x13 0xffffffffffffffff
core   0: 0x000000008000606a (0x30402673) csrrs   a2, mie, zero
core   0: 3 0x000000008000606a (0x30402673) x12 0x0000000000000a00
core   0: 0x000000008000606e (0x344025f3) csrrs   a1, mip, zero
core   0: 3 0x000000008000606e (0x344025f3) x11 0x0000000000000080
core   0: 0x0000000080006072 (0x343025f3) csrrs   a1, mtval, zero
core   0: 3 0x0000000080006072 (0x343025f3) x11 0x00000000310596f3
core   0: 0x0000000080006076 (0x14302573) csrrs   a0, stval, zero
core   0: 3 0x0000000080006076 (0x14302573) x10 0x0000000000000000
core   0: 0x000000008000607a (0xb02024f3) csrrs   s1, minstret, zero
core   0: 3 0x000000008000607a (0xb02024f3) x9  0x0000000000000db5
core   0: 0x000000008000607e (0x0000a811) c.j     pc + 20
core   0: 3 0x000000008000607e (0xa811)
core   0: >>>>  mepc_4
core   0: 0x0000000080006092 (0x00000791) c.addi  a5, 4
core   0: 3 0x0000000080006092 (0x0791) x15 0x0000000080004e6c
core   0: 0x0000000080006094 (0x34179073) csrrw   zero, mepc, a5
core   0: 3 0x0000000080006094 (0x34179073) c833_mepc 0x0000000080004e6c
core   0: 0x0000000080006098 (0x30200073) mret
core   0: 3 0x0000000080006098 (0x30200073) c768_mstatus 0x8000000a00106080
core   0: 0x0000000080004e6c (0xd2068353) fcvt.d.w ft6, a3
core   0: 1 0x0000000080004e6c (0xd2068353) f6  0xbff0000000000000
core   0: 0x0000000080004e70 (0x0276d0b3) divu    ra, a3, t2
core   0: 1 0x0000000080004e70 (0x0276d0b3) x1  0x0000000000000001
core   0: 0x0000000080004e74 (0x6a6ff147) fmsub.d ft2, ft11, ft6, fa3
core   0: 1 0x0000000080004e74 (0x6a6ff147) f2  0x7ff8000000000000
core   0: 0x0000000080004e78 (0x408188b3) sub     a7, gp, s0
core   0: 1 0x0000000080004e78 (0x408188b3) x17 0x00000000000003c2
core   0: 0x0000000080004e7c (0x0099169b) slliw   a3, s2, 9
core   0: 1 0x0000000080004e7c (0x0099169b) x13 0xfffffffffffffe00
core   0: 0x0000000080004e80 (0x02da91b3) mulh    gp, s5, a3
core   0: 1 0x0000000080004e80 (0x02da91b3) x3  0x0000000000000000
core   0: 0x0000000080004e84 (0x2b6817d3) fmax.d  fa5, fa6, fs6
core   0: 1 0x0000000080004e84 (0x2b6817d3) f15 0x43effffffff83067
core   0: 0x0000000080004e88 (0x0ff0000f) fence   iorw,iorw
core   0: 1 0x0000000080004e88 (0x0ff0000f)
core   0: 0x0000000080004e8c (0xcab3e8b7) lui     a7, 0xcab3e
core   0: 1 0x0000000080004e8c (0xcab3e8b7) x17 0xffffffffcab3e000
core   0: 0x0000000080004e90 (0x416eddbb) sraw    s11, t4, s6
core   0: 1 0x0000000080004e90 (0x416eddbb) x27 0xffffffffffffffff
core   0: 0x0000000080004e94 (0xd2237a53) fcvt.d.l fs4, t1
core   0: 1 0x0000000080004e94 (0xd2237a53) f20 0x0000000000000000
core   0: 0x0000000080004e98 (0xd0237e53) fcvt.s.l ft8, t1
core   0: 1 0x0000000080004e98 (0xd0237e53) f28 0xffffffff00000000
core   0: 0x0000000080004e9c (0x016d8ab3) add     s5, s11, s6
core   0: 1 0x0000000080004e9c (0x016d8ab3) x21 0xffffffff80000bd1
core   0: 0x0000000080004ea0 (0x13be7753) fmul.d  fa4, ft8, fs11
core   0: 1 0x0000000080004ea0 (0x13be7753) f14 0x7ff8000000000000
core   0: 0x0000000080004ea4 (0x00009d56) c.add   s10, s5
core   0: 1 0x0000000080004ea4 (0x9d56) x26 0xfffffffe80002375
core   0: 0x0000000080004ea6 (0x00c62d33) slt     s10, a2, a2
core   0: 1 0x0000000080004ea6 (0x00c62d33) x26 0x0000000000000000
core   0: 0x0000000080004eaa (0x73bdfbcf) fnmadd.d fs7, fs11, fs11, fa4
core   0: 1 0x0000000080004eaa (0x73bdfbcf) f23 0x7ff8000000000000
core   0: 0x0000000080004eae (0xd2130553) fcvt.d.wu fa0, t1
core   0: 1 0x0000000080004eae (0xd2130553) f10 0x0000000000000000
core   0: 0x0000000080004eb2 (0xd2020153) fcvt.d.w ft2, tp
core   0: 1 0x0000000080004eb2 (0xd2020153) f2  0xc1dfffeca3000000
core   0: 0x0000000080004eb6 (0xc20170d3) fcvt.w.d ra, ft2
core   0: 1 0x0000000080004eb6 (0xc20170d3) x1  0xffffffff80004d74
core   0: 0x0000000080004eba (0xd237fa53) fcvt.d.lu fs4, a5
core   0: 1 0x0000000080004eba (0xd237fa53) f20 0x41e00009cd800000
core   0: 0x0000000080004ebe (0x0ff0000f) fence   iorw,iorw
core   0: 1 0x0000000080004ebe (0x0ff0000f)
core   0: 0x0000000080004ec2 (0xa2a50a53) fle.d   s4, fa0, fa0
core   0: 1 0x0000000080004ec2 (0xa2a50a53) x20 0x0000000000000001
core   0: 0x0000000080004ec6 (0xd23a7f53) fcvt.d.lu ft10, s4
core   0: 1 0x0000000080004ec6 (0xd23a7f53) f30 0x3ff0000000000000
core   0: 0x0000000080004eca (0x011595b3) sll     a1, a1, a7
core   0: 1 0x0000000080004eca (0x011595b3) x11 0x00000000310596f3
core   0: 0x0000000080004ece (0x00000001) c.nop
core   0: 1 0x0000000080004ece (0x0001)
core   0: 0x0000000080004ed0 (0x02c61633) mulh    a2, a2, a2
core   0: 1 0x0000000080004ed0 (0x02c61633) x12 0x0000000000000000
core   0: 0x0000000080004ed4 (0x0143539b) srliw   t2, t1, 20
core   0: 1 0x0000000080004ed4 (0x0143539b) x7  0x0000000000000000
core   0: 0x0000000080004ed8 (0x40c3db1b) sraiw   s6, t2, 12
core   0: 1 0x0000000080004ed8 (0x40c3db1b) x22 0x0000000000000000
core   0: 0x0000000080004edc (0x5a00fcd3) fsqrt.d fs9, ft1
core   0: 1 0x0000000080004edc (0x5a00fcd3) f25 0x7ff8000000000000
core   0: 0x0000000080004ee0 (0x40165513) srai    a0, a2, 1
core   0: 1 0x0000000080004ee0 (0x40165513) x10 0x0000000000000000
core   0: 0x0000000080004ee4 (0x93f18193) addi    gp, gp, -1729
core   0: 1 0x0000000080004ee4 (0x93f18193) x3  0xfffffffffffff93f
core   0: 0x0000000080004ee8 (0x4a4d78c3) fmadd.d fa7, fs10, ft4, fs1
core   0: 1 0x0000000080004ee8 (0x4a4d78c3) f17 0x7ff8000000000000
core   0: 0x0000000080004eec (0x41c30333) sub     t1, t1, t3
core   0: 1 0x0000000080004eec (0x41c30333) x6  0x0000000000000000
core   0: 0x0000000080004ef0 (0xc020f753) fcvt.l.s a4, ft1
core   0: 1 0x0000000080004ef0 (0xc020f753) c1_fflags 0x0000000000000011 x14 0x7fffffffffffffff
core   0: 0x0000000080004ef4 (0x028c0a33) mul     s4, s8, s0
core   0: 1 0x0000000080004ef4 (0x028c0a33) x20 0x0000000000000000
core   0: 0x0000000080004ef8 (0x106be073) csrrsi  zero, scounteren, 23
core   0: 1 0x0000000080004ef8 (0x106be073) c262_scounteren 0x0000000000000000
core   0: 0x0000000080004efc (0x021d7e53) fadd.d  ft8, fs10, ft1
core   0: 1 0x0000000080004efc (0x021d7e53) f28 0x7ff8000000000000
core   0: 0x0000000080004f00 (0x5a0ef253) fsqrt.d ft4, ft9
core   0: 1 0x0000000080004f00 (0x5a0ef253) f4  0x7ff8000000000000
core   0: 0x0000000080004f04 (0x01a4dd33) srl     s10, s1, s10
core   0: 1 0x0000000080004f04 (0x01a4dd33) x26 0x0000000000000db5
core   0: 0x0000000080004f08 (0x001b1b73) csrrw   s6, fflags, s6
core   0: 1 0x0000000080004f08 (0x001b1b73) x22 0x0000000000000011 c1_fflags 0x0000000000000000
core   0: 0x0000000080004f0c (0xd2078a53) fcvt.d.w fs4, a5
core   0: 1 0x0000000080004f0c (0xd2078a53) f20 0xc1dfffec65000000
core   0: 0x0000000080004f10 (0xc2027c53) fcvt.w.d s8, ft4
core   0: 1 0x0000000080004f10 (0xc2027c53) c1_fflags 0x0000000000000010 x24 0x000000007fffffff
core   0: 0x0000000080004f14 (0x234a0853) fsgnj.d fa6, fs4, fs4
core   0: 1 0x0000000080004f14 (0x234a0853) f16 0xc1dfffec65000000
core   0: 0x0000000080004f18 (0x7470faf3) csrrci  s5, mseccfg, 1
core   0: exception trap_illegal_instruction, epc 0x0000000080004f18
core   0:           tval 0x000000007470faf3
core   0: >>>>  $xrv64i2p1_m2p0_a2p1_f2p2_d2p2_zicsr2p0_zifencei2p0_zmmul1p0_zba1p0_zbb1p0_zbc1p0_zbs1p0
core   0: 0x0000000080004000 (0x0080006f) j       pc + 0x8
core   0: 3 0x0000000080004000 (0x0080006f)
core   0: >>>>  mmode_exception_handler
core   0: 0x0000000080004008 (0x00002c17) auipc   s8, 0x2
core   0: 3 0x0000000080004008 (0x00002c17) x24 0x0000000080006008
core   0: 0x000000008000400c (0x056c0c13) addi    s8, s8, 86
core   0: 3 0x000000008000400c (0x056c0c13) x24 0x000000008000605e
core   0: 0x0000000080004010 (0x000c00e7) jalr    s8
core   0: 3 0x0000000080004010 (0x000c00e7) x1  0x0000000080004014
core   0: >>>>  any_handler
core   0: 0x000000008000605e (0x341027f3) csrrs   a5, mepc, zero
core   0: 3 0x000000008000605e (0x341027f3) x15 0x0000000080004f18
core   0: 0x0000000080006062 (0x34202773) csrrs   a4, mcause, zero
core   0: 3 0x0000000080006062 (0x34202773) x14 0x0000000000000002
core   0: 0x0000000080006066 (0x142026f3) csrrs   a3, scause, zero
core   0: 3 0x0000000080006066 (0x142026f3) x13 0xffffffffffffffff
core   0: 0x000000008000606a (0x30402673) csrrs   a2, mie, zero
core   0: 3 0x000000008000606a (0x30402673) x12 0x0000000000000a00
core   0: 0x000000008000606e (0x344025f3) csrrs   a1, mip, zero
core   0: 3 0x000000008000606e (0x344025f3) x11 0x0000000000000080
core   0: 0x0000000080006072 (0x343025f3) csrrs   a1, mtval, zero
core   0: 3 0x0000000080006072 (0x343025f3) x11 0x000000007470faf3
core   0: 0x0000000080006076 (0x14302573) csrrs   a0, stval, zero
core   0: 3 0x0000000080006076 (0x14302573) x10 0x0000000000000000
core   0: 0x000000008000607a (0xb02024f3) csrrs   s1, minstret, zero
core   0: 3 0x000000008000607a (0xb02024f3) x9  0x0000000000000df1
core   0: 0x000000008000607e (0x0000a811) c.j     pc + 20
core   0: 3 0x000000008000607e (0xa811)
core   0: >>>>  mepc_4
core   0: 0x0000000080006092 (0x00000791) c.addi  a5, 4
core   0: 3 0x0000000080006092 (0x0791) x15 0x0000000080004f1c
core   0: 0x0000000080006094 (0x34179073) csrrw   zero, mepc, a5
core   0: 3 0x0000000080006094 (0x34179073) c833_mepc 0x0000000080004f1c
core   0: 0x0000000080006098 (0x30200073) mret
core   0: 3 0x0000000080006098 (0x30200073) c768_mstatus 0x8000000a00106080
core   0: 0x0000000080004f1c (0xc03872d3) fcvt.lu.s t0, fa6
core   0: 1 0x0000000080004f1c (0xc03872d3) c1_fflags 0x0000000000000010 x5  0xffffffffffffffff
core   0: 0x0000000080004f20 (0xd3337b93) andi    s7, t1, -717
core   0: 1 0x0000000080004f20 (0xd3337b93) x23 0x0000000000000000
core   0: 0x0000000080004f24 (0x006bd53b) srlw    a0, s7, t1
core   0: 1 0x0000000080004f24 (0x006bd53b) x10 0x0000000000000000
core   0: 0x0000000080004f28 (0x2a2a1cd3) fmax.d  fs9, fs4, ft2
core   0: 1 0x0000000080004f28 (0x2a2a1cd3) f25 0xc1dfffec65000000
core   0: 0x0000000080004f2c (0xffc274b7) lui     s1, 0xffc27
core   0: 1 0x0000000080004f2c (0xffc274b7) x9  0xffffffffffc27000
core   0: 0x0000000080004f30 (0x6c74849b) addiw   s1, s1, 1735
core   0: 1 0x0000000080004f30 (0x6c74849b) x9  0xffffffffffc276c7
core   0: 0x0000000080004f34 (0x000004ba) c.slli  s1, 14
core   0: 1 0x0000000080004f34 (0x04ba) x9  0xfffffff09db1c000
core   0: 0x0000000080004f36 (0x8e748493) addi    s1, s1, -1817
core   0: 1 0x0000000080004f36 (0x8e748493) x9  0xfffffff09db1b8e7
core   0: 0x0000000080004f3a (0x034a513b) divuw   sp, s4, s4
core   0: 1 0x0000000080004f3a (0x034a513b) x2  0xffffffffffffffff
core   0: 0x0000000080004f3e (0x00516ab3) or      s5, sp, t0
core   0: 1 0x0000000080004f3e (0x00516ab3) x21 0xffffffffffffffff
core   0: 0x0000000080004f42 (0x0b890b37) lui     s6, 0xb890
core   0: 1 0x0000000080004f42 (0x0b890b37) x22 0x000000000b890000
core   0: 0x0000000080004f46 (0x00000001) c.nop
core   0: 1 0x0000000080004f46 (0x0001)
core   0: 0x0000000080004f48 (0x0ff0000f) fence   iorw,iorw
core   0: 1 0x0000000080004f48 (0x0ff0000f)
core   0: 0x0000000080004f4c (0x01556133) or      sp, a0, s5
core   0: 1 0x0000000080004f4c (0x01556133) x2  0xffffffffffffffff
core   0: 0x0000000080004f50 (0x4017d133) sra     sp, a5, ra
core   0: 1 0x0000000080004f50 (0x4017d133) x2  0x0000000000000800
core   0: 0x0000000080004f54 (0xd02b76d3) fcvt.s.l fa3, s6
core   0: 1 0x0000000080004f54 (0xd02b76d3) f13 0xffffffff4d389000
core   0: 0x0000000080004f58 (0x00f11dbb) sllw    s11, sp, a5
core   0: 1 0x0000000080004f58 (0x00f11dbb) x27 0x0000000000000000
core   0: 0x0000000080004f5c (0xd02effd3) fcvt.s.l ft11, t4
core   0: 1 0x0000000080004f5c (0xd02effd3) f31 0xffffffffbf800000
core   0: 0x0000000080004f60 (0x00cc0c3b) addw    s8, s8, a2
core   0: 1 0x0000000080004f60 (0x00cc0c3b) x24 0xffffffff80006a5e
core   0: 0x0000000080004f64 (0x4179dbb3) sra     s7, s3, s7
core   0: 1 0x0000000080004f64 (0x4179dbb3) x23 0x0000000000000000
core   0: 0x0000000080004f68 (0x00e7a433) slt     s0, a5, a4
core   0: 1 0x0000000080004f68 (0x00e7a433) x8  0x0000000000000000
core   0: 0x0000000080004f6c (0x8a3ce713) ori     a4, s9, -1885
core   0: 1 0x0000000080004f6c (0x8a3ce713) x14 0xfffffffffffffef7
core   0: 0x0000000080004f70 (0x0010d99b) srliw   s3, ra, 1
core   0: 1 0x0000000080004f70 (0x0010d99b) x19 0x000000004000200a
core   0: 0x0000000080004f74 (0x001a8433) add     s0, s5, ra
core   0: 1 0x0000000080004f74 (0x001a8433) x8  0x0000000080004013
core   0: 0x0000000080004f78 (0x0164d73b) srlw    a4, s1, s6
core   0: 1 0x0000000080004f78 (0x0164d73b) x14 0xffffffff9db1b8e7
core   0: 0x0000000080004f7c (0x000b5193) srli    gp, s6, 0
core   0: 1 0x0000000080004f7c (0x000b5193) x3  0x000000000b890000
core   0: 0x0000000080004f80 (0x025684bb) mulw    s1, a3, t0
core   0: 1 0x0000000080004f80 (0x025684bb) x9  0x0000000000000001
core   0: 0x0000000080004f84 (0xd20607d3) fcvt.d.w fa5, a2
core   0: 1 0x0000000080004f84 (0xd20607d3) f15 0x40a4000000000000
core   0: 0x0000000080004f88 (0x001d4d13) xori    s10, s10, 1
core   0: 1 0x0000000080004f88 (0x001d4d13) x26 0x0000000000000db4
core   0: 0x0000000080004f8c (0x00129bf3) csrrw   s7, fflags, t0
core   0: 1 0x0000000080004f8c (0x00129bf3) x23 0x0000000000000010 c1_fflags 0x000000000000001f
core   0: 0x0000000080004f90 (0xc231f1d3) fcvt.lu.d gp, ft3
core   0: 1 0x0000000080004f90 (0xc231f1d3) c1_fflags 0x000000000000001f x3  0xffffffffffffffff
core   0: 0x0000000080004f94 (0xc20cf0d3) fcvt.w.d ra, fs9
core   0: 1 0x0000000080004f94 (0xc20cf0d3) x1  0xffffffff80004e6c
core   0: 0x0000000080004f98 (0x2ab785d3) fmin.d  fa1, fa5, fa1
core   0: 1 0x0000000080004f98 (0x2ab785d3) f11 0x40a4000000000000
core   0: 0x0000000080004f9c (0x019d7c33) and     s8, s10, s9
core   0: 1 0x0000000080004f9c (0x019d7c33) x24 0x0000000000000434
core   0: 0x0000000080004fa0 (0xe20f8953) fmv.x.d s2, ft11
core   0: 1 0x0000000080004fa0 (0xe20f8953) x18 0xffffffffbf800000
core   0: 0x0000000080004fa4 (0xd020f953) fcvt.s.l fs2, ra
core   0: 1 0x0000000080004fa4 (0xd020f953) c1_fflags 0x000000000000001f f18 0xffffffffceffff63
core   0: 0x0000000080004fa8 (0xdb2f744f) fnmadd.d fs0, ft10, fs2, fs11
core   0: 1 0x0000000080004fa8 (0xdb2f744f) f8  0x7ff8000000000000
core   0: 0x0000000080004fac (0x41575733) sra     a4, a4, s5
core   0: 1 0x0000000080004fac (0x41575733) x14 0xffffffffffffffff
core   0: 0x0000000080004fb0 (0x00f481bb) addw    gp, s1, a5
core   0: 1 0x0000000080004fb0 (0x00f481bb) x3  0xffffffff80004f1d
core   0: 0x0000000080004fb4 (0xa2528d53) fle.d   s10, ft5, ft5
core   0: 1 0x0000000080004fb4 (0xa2528d53) x26 0x0000000000000001
core   0: 0x0000000080004fb8 (0x00000001) c.nop
core   0: 1 0x0000000080004fb8 (0x0001)
core   0: 0x0000000080004fba (0x01a20a3b) addw    s4, tp, s10
core   0: 1 0x0000000080004fba (0x01a20a3b) x20 0xffffffff80004d75
core   0: 0x0000000080004fbe (0x00261773) csrrw   a4, frm, a2
core   0: 1 0x0000000080004fbe (0x00261773) x14 0x0000000000000000 c2_frm 0x0000000000000000
core   0: 0x0000000080004fc2 (0x00000001) c.nop
core   0: 1 0x0000000080004fc2 (0x0001)
core   0: 0x0000000080004fc4 (0x403a8b3b) subw    s6, s5, gp
core   0: 1 0x0000000080004fc4 (0x403a8b3b) x22 0x000000007fffb0e2
core   0: 0x0000000080004fc8 (0x012b17b3) sll     a5, s6, s2
core   0: 1 0x0000000080004fc8 (0x012b17b3) x15 0x000000007fffb0e2
core   0: 0x0000000080004fcc (0x0b3afd53) fsub.d  fs10, fs5, fs3
core   0: 1 0x0000000080004fcc (0x0b3afd53) f26 0x7ff8000000000000
core   0: 0x0000000080004fd0 (0xa41cfd37) lui     s10, 0xa41cf
core   0: 1 0x0000000080004fd0 (0xa41cfd37) x26 0xffffffffa41cf000
core   0: 0x0000000080004fd4 (0x41a854bb) sraw    s1, a6, s10
core   0: 1 0x0000000080004fd4 (0x41a854bb) x9  0xffffffffffffffff
core   0: 0x0000000080004fd8 (0x0a2574d3) fsub.d  fs1, fa0, ft2
core   0: 1 0x0000000080004fd8 (0x0a2574d3) f9  0x41dfffeca3000000
core   0: 0x0000000080004fdc (0x00149a13) slli    s4, s1, 1
core   0: 1 0x0000000080004fdc (0x00149a13) x20 0xfffffffffffffffe
core   0: 0x0000000080004fe0 (0x2aa01053) fmax.d  ft0, ft0, fa0
core   0: 1 0x0000000080004fe0 (0x2aa01053) f0  0x0000000000000000
core   0: 0x0000000080004fe4 (0x7b05acf3) csrrs   s9, dcsr, a1
core   0: exception trap_illegal_instruction, epc 0x0000000080004fe4
core   0:           tval 0x000000007b05acf3
core   0: >>>>  $xrv64i2p1_m2p0_a2p1_f2p2_d2p2_zicsr2p0_zifencei2p0_zmmul1p0_zba1p0_zbb1p0_zbc1p0_zbs1p0
core   0: 0x0000000080004000 (0x0080006f) j       pc + 0x8
core   0: 3 0x0000000080004000 (0x0080006f)
core   0: >>>>  mmode_exception_handler
core   0: 0x0000000080004008 (0x00002c17) auipc   s8, 0x2
core   0: 3 0x0000000080004008 (0x00002c17) x24 0x0000000080006008
core   0: 0x000000008000400c (0x056c0c13) addi    s8, s8, 86
core   0: 3 0x000000008000400c (0x056c0c13) x24 0x000000008000605e
core   0: 0x0000000080004010 (0x000c00e7) jalr    s8
core   0: 3 0x0000000080004010 (0x000c00e7) x1  0x0000000080004014
core   0: >>>>  any_handler
core   0: 0x000000008000605e (0x341027f3) csrrs   a5, mepc, zero
core   0: 3 0x000000008000605e (0x341027f3) x15 0x0000000080004fe4
core   0: 0x0000000080006062 (0x34202773) csrrs   a4, mcause, zero
core   0: 3 0x0000000080006062 (0x34202773) x14 0x0000000000000002
core   0: 0x0000000080006066 (0x142026f3) csrrs   a3, scause, zero
core   0: 3 0x0000000080006066 (0x142026f3) x13 0xffffffffffffffff
core   0: 0x000000008000606a (0x30402673) csrrs   a2, mie, zero
core   0: 3 0x000000008000606a (0x30402673) x12 0x0000000000000a00
core   0: 0x000000008000606e (0x344025f3) csrrs   a1, mip, zero
core   0: 3 0x000000008000606e (0x344025f3) x11 0x0000000000000080
core   0: 0x0000000080006072 (0x343025f3) csrrs   a1, mtval, zero
core   0: 3 0x0000000080006072 (0x343025f3) x11 0x000000007b05acf3
core   0: 0x0000000080006076 (0x14302573) csrrs   a0, stval, zero
core   0: 3 0x0000000080006076 (0x14302573) x10 0x0000000000000000
core   0: 0x000000008000607a (0xb02024f3) csrrs   s1, minstret, zero
core   0: 3 0x000000008000607a (0xb02024f3) x9  0x0000000000000e35
core   0: 0x000000008000607e (0x0000a811) c.j     pc + 20
core   0: 3 0x000000008000607e (0xa811)
core   0: >>>>  mepc_4
core   0: 0x0000000080006092 (0x00000791) c.addi  a5, 4
core   0: 3 0x0000000080006092 (0x0791) x15 0x0000000080004fe8
core   0: 0x0000000080006094 (0x34179073) csrrw   zero, mepc, a5
core   0: 3 0x0000000080006094 (0x34179073) c833_mepc 0x0000000080004fe8
core   0: 0x0000000080006098 (0x30200073) mret
core   0: 3 0x0000000080006098 (0x30200073) c768_mstatus 0x8000000a00106080
core   0: 0x0000000080004fe8 (0xd226f153) fcvt.d.l ft2, a3
core   0: 1 0x0000000080004fe8 (0xd226f153) f2  0xbff0000000000000
core   0: 0x0000000080004fec (0x00dcd6b3) srl     a3, s9, a3
core   0: 1 0x0000000080004fec (0x00dcd6b3) x13 0x0000000000000000
core   0: 0x0000000080004ff0 (0x8abb6013) ori     zero, s6, -1877
core   0: 1 0x0000000080004ff0 (0x8abb6013)
core   0: 0x0000000080004ff4 (0x342ff5f3) csrrci  a1, mcause, 31
core   0: exception trap_illegal_instruction, epc 0x0000000080004ff4
core   0:           tval 0x00000000342ff5f3
core   0: >>>>  $xrv64i2p1_m2p0_a2p1_f2p2_d2p2_zicsr2p0_zifencei2p0_zmmul1p0_zba1p0_zbb1p0_zbc1p0_zbs1p0
core   0: 0x0000000080004000 (0x0080006f) j       pc + 0x8
core   0: 3 0x0000000080004000 (0x0080006f)
core   0: >>>>  mmode_exception_handler
core   0: 0x0000000080004008 (0x00002c17) auipc   s8, 0x2
core   0: 3 0x0000000080004008 (0x00002c17) x24 0x0000000080006008
core   0: 0x000000008000400c (0x056c0c13) addi    s8, s8, 86
core   0: 3 0x000000008000400c (0x056c0c13) x24 0x000000008000605e
core   0: 0x0000000080004010 (0x000c00e7) jalr    s8
core   0: 3 0x0000000080004010 (0x000c00e7) x1  0x0000000080004014
core   0: >>>>  any_handler
core   0: 0x000000008000605e (0x341027f3) csrrs   a5, mepc, zero
core   0: 3 0x000000008000605e (0x341027f3) x15 0x0000000080004ff4
core   0: 0x0000000080006062 (0x34202773) csrrs   a4, mcause, zero
core   0: 3 0x0000000080006062 (0x34202773) x14 0x0000000000000002
core   0: 0x0000000080006066 (0x142026f3) csrrs   a3, scause, zero
core   0: 3 0x0000000080006066 (0x142026f3) x13 0xffffffffffffffff
core   0: 0x000000008000606a (0x30402673) csrrs   a2, mie, zero
core   0: 3 0x000000008000606a (0x30402673) x12 0x0000000000000a00
core   0: 0x000000008000606e (0x344025f3) csrrs   a1, mip, zero
core   0: 3 0x000000008000606e (0x344025f3) x11 0x0000000000000080
core   0: 0x0000000080006072 (0x343025f3) csrrs   a1, mtval, zero
core   0: 3 0x0000000080006072 (0x343025f3) x11 0x00000000342ff5f3
core   0: 0x0000000080006076 (0x14302573) csrrs   a0, stval, zero
core   0: 3 0x0000000080006076 (0x14302573) x10 0x0000000000000000
core   0: 0x000000008000607a (0xb02024f3) csrrs   s1, minstret, zero
core   0: 3 0x000000008000607a (0xb02024f3) x9  0x0000000000000e48
core   0: 0x000000008000607e (0x0000a811) c.j     pc + 20
core   0: 3 0x000000008000607e (0xa811)
core   0: >>>>  mepc_4
core   0: 0x0000000080006092 (0x00000791) c.addi  a5, 4
core   0: 3 0x0000000080006092 (0x0791) x15 0x0000000080004ff8
core   0: 0x0000000080006094 (0x34179073) csrrw   zero, mepc, a5
core   0: 3 0x0000000080006094 (0x34179073) c833_mepc 0x0000000080004ff8
core   0: 0x0000000080006098 (0x30200073) mret
core   0: 3 0x0000000080006098 (0x30200073) c768_mstatus 0x8000000a00106080
core   0: 0x0000000080004ff8 (0x03d5debb) divuw   t4, a1, t4
core   0: 1 0x0000000080004ff8 (0x03d5debb) x29 0x0000000000000000
core   0: 0x0000000080004ffc (0x221aab53) fsgnjx.d fs6, fs5, ft1
core   0: 1 0x0000000080004ffc (0x221aab53) f22 0xffffffffc183383a
core   0: 0x0000000080005000 (0x3201b7f3) csrrc   a5, mcountinhibit, gp
core   0: exception trap_illegal_instruction, epc 0x0000000080005000
core   0:           tval 0x000000003201b7f3
core   0: >>>>  $xrv64i2p1_m2p0_a2p1_f2p2_d2p2_zicsr2p0_zifencei2p0_zmmul1p0_zba1p0_zbb1p0_zbc1p0_zbs1p0
core   0: 0x0000000080004000 (0x0080006f) j       pc + 0x8
core   0: 3 0x0000000080004000 (0x0080006f)
core   0: >>>>  mmode_exception_handler
core   0: 0x0000000080004008 (0x00002c17) auipc   s8, 0x2
core   0: 3 0x0000000080004008 (0x00002c17) x24 0x0000000080006008
core   0: 0x000000008000400c (0x056c0c13) addi    s8, s8, 86
core   0: 3 0x000000008000400c (0x056c0c13) x24 0x000000008000605e
core   0: 0x0000000080004010 (0x000c00e7) jalr    s8
core   0: 3 0x0000000080004010 (0x000c00e7) x1  0x0000000080004014
core   0: >>>>  any_handler
core   0: 0x000000008000605e (0x341027f3) csrrs   a5, mepc, zero
core   0: 3 0x000000008000605e (0x341027f3) x15 0x0000000080005000
core   0: 0x0000000080006062 (0x34202773) csrrs   a4, mcause, zero
core   0: 3 0x0000000080006062 (0x34202773) x14 0x0000000000000002
core   0: 0x0000000080006066 (0x142026f3) csrrs   a3, scause, zero
core   0: 3 0x0000000080006066 (0x142026f3) x13 0xffffffffffffffff
core   0: 0x000000008000606a (0x30402673) csrrs   a2, mie, zero
core   0: 3 0x000000008000606a (0x30402673) x12 0x0000000000000a00
core   0: 0x000000008000606e (0x344025f3) csrrs   a1, mip, zero
core   0: 3 0x000000008000606e (0x344025f3) x11 0x0000000000000080
core   0: 0x0000000080006072 (0x343025f3) csrrs   a1, mtval, zero
core   0: 3 0x0000000080006072 (0x343025f3) x11 0x000000003201b7f3
core   0: 0x0000000080006076 (0x14302573) csrrs   a0, stval, zero
core   0: 3 0x0000000080006076 (0x14302573) x10 0x0000000000000000
core   0: 0x000000008000607a (0xb02024f3) csrrs   s1, minstret, zero
core   0: 3 0x000000008000607a (0xb02024f3) x9  0x0000000000000e5a
core   0: 0x000000008000607e (0x0000a811) c.j     pc + 20
core   0: 3 0x000000008000607e (0xa811)
core   0: >>>>  mepc_4
core   0: 0x0000000080006092 (0x00000791) c.addi  a5, 4
core   0: 3 0x0000000080006092 (0x0791) x15 0x0000000080005004
core   0: 0x0000000080006094 (0x34179073) csrrw   zero, mepc, a5
core   0: 3 0x0000000080006094 (0x34179073) c833_mepc 0x0000000080005004
core   0: 0x0000000080006098 (0x30200073) mret
core   0: 3 0x0000000080006098 (0x30200073) c768_mstatus 0x8000000a00106080
core   0: 0x0000000080005004 (0x00f74cb3) xor     s9, a4, a5
core   0: 1 0x0000000080005004 (0x00f74cb3) x25 0x0000000080005006
core   0: 0x0000000080005008 (0x035e9ab3) mulh    s5, t4, s5
core   0: 1 0x0000000080005008 (0x035e9ab3) x21 0x0000000000000000
core   0: 0x000000008000500c (0x6602ca93) xori    s5, t0, 1632
core   0: 1 0x000000008000500c (0x6602ca93) x21 0xfffffffffffff99f
core   0: 0x0000000080005010 (0x2b611453) fmax.d  fs0, ft2, fs6
core   0: 1 0x0000000080005010 (0x2b611453) f8  0xbff0000000000000
core   0: 0x0000000080005014 (0x000a1093) slli    ra, s4, 0
core   0: 1 0x0000000080005014 (0x000a1093) x1  0xfffffffffffffffe
core   0: 0x0000000080005018 (0x391cde37) lui     t3, 0x391cd
core   0: 1 0x0000000080005018 (0x391cde37) x28 0x00000000391cd000
core   0: 0x000000008000501c (0xd220fc53) fcvt.d.l fs8, ra
core   0: 1 0x000000008000501c (0xd220fc53) f24 0xc000000000000000
core   0: 0x0000000080005020 (0x03a775bb) remuw   a1, a4, s10
core   0: 1 0x0000000080005020 (0x03a775bb) x11 0x0000000000000002
core   0: 0x0000000080005024 (0x03317ccf) fnmadd.d fs9, ft2, fs3, ft0
core   0: 1 0x0000000080005024 (0x03317ccf) f25 0x7ff8000000000000
core   0: 0x0000000080005028 (0x57ca8a13) addi    s4, s5, 1404
core   0: 1 0x0000000080005028 (0x57ca8a13) x20 0xffffffffffffff1b
core   0: 0x000000008000502c (0x420c05d3) fcvt.d.s fa1, fs8
core   0: 1 0x000000008000502c (0x420c05d3) f11 0x7ff8000000000000
core   0: 0x0000000080005030 (0x038c7bc7) fmsub.d fs7, fs8, fs8, ft0
core   0: 1 0x0000000080005030 (0x038c7bc7) f23 0x4010000000000000
core   0: 0x0000000080005034 (0x03c9ee3b) remw    t3, s3, t3
core   0: 1 0x0000000080005034 (0x03c9ee3b) x28 0x0000000006e3500a
core   0: 0x0000000080005038 (0x0704e2b7) lui     t0, 0x704e
core   0: 1 0x0000000080005038 (0x0704e2b7) x5  0x000000000704e000
core   0: 0x000000008000503c (0x4132829b) addiw   t0, t0, 1043
core   0: 1 0x000000008000503c (0x4132829b) x5  0x000000000704e413
core   0: 0x0000000080005040 (0x000002b2) c.slli  t0, 12
core   0: 1 0x0000000080005040 (0x02b2) x5  0x000000704e413000
core   0: 0x0000000080005042 (0x3ca28293) addi    t0, t0, 970
core   0: 1 0x0000000080005042 (0x3ca28293) x5  0x000000704e4133ca
core   0: 0x0000000080005046 (0x1ebd6d13) ori     s10, s10, 491
core   0: 1 0x0000000080005046 (0x1ebd6d13) x26 0xffffffffa41cf1eb
core   0: 0x000000008000504a (0x000d589b) srliw   a7, s10, 0
core   0: 1 0x000000008000504a (0x000d589b) x17 0xffffffffa41cf1eb
core   0: 0x000000008000504e (0x0ff0000f) fence   iorw,iorw
core   0: 1 0x000000008000504e (0x0ff0000f)
core   0: 0x0000000080005052 (0xc21af0d3) fcvt.wu.d ra, fs5
core   0: 1 0x0000000080005052 (0xc21af0d3) c1_fflags 0x000000000000001f x1  0xffffffffffffffff
core   0: 0x0000000080005056 (0xf12fd9f3) csrrwi  s3, marchid, 31
core   0: exception trap_illegal_instruction, epc 0x0000000080005056
core   0:           tval 0x00000000f12fd9f3
core   0: >>>>  $xrv64i2p1_m2p0_a2p1_f2p2_d2p2_zicsr2p0_zifencei2p0_zmmul1p0_zba1p0_zbb1p0_zbc1p0_zbs1p0
core   0: 0x0000000080004000 (0x0080006f) j       pc + 0x8
core   0: 3 0x0000000080004000 (0x0080006f)
core   0: >>>>  mmode_exception_handler
core   0: 0x0000000080004008 (0x00002c17) auipc   s8, 0x2
core   0: 3 0x0000000080004008 (0x00002c17) x24 0x0000000080006008
core   0: 0x000000008000400c (0x056c0c13) addi    s8, s8, 86
core   0: 3 0x000000008000400c (0x056c0c13) x24 0x000000008000605e
core   0: 0x0000000080004010 (0x000c00e7) jalr    s8
core   0: 3 0x0000000080004010 (0x000c00e7) x1  0x0000000080004014
core   0: >>>>  any_handler
core   0: 0x000000008000605e (0x341027f3) csrrs   a5, mepc, zero
core   0: 3 0x000000008000605e (0x341027f3) x15 0x0000000080005056
core   0: 0x0000000080006062 (0x34202773) csrrs   a4, mcause, zero
core   0: 3 0x0000000080006062 (0x34202773) x14 0x0000000000000002
core   0: 0x0000000080006066 (0x142026f3) csrrs   a3, scause, zero
core   0: 3 0x0000000080006066 (0x142026f3) x13 0xffffffffffffffff
core   0: 0x000000008000606a (0x30402673) csrrs   a2, mie, zero
core   0: 3 0x000000008000606a (0x30402673) x12 0x0000000000000a00
core   0: 0x000000008000606e (0x344025f3) csrrs   a1, mip, zero
core   0: 3 0x000000008000606e (0x344025f3) x11 0x0000000000000080
core   0: 0x0000000080006072 (0x343025f3) csrrs   a1, mtval, zero
core   0: 3 0x0000000080006072 (0x343025f3) x11 0x00000000f12fd9f3
core   0: 0x0000000080006076 (0x14302573) csrrs   a0, stval, zero
core   0: 3 0x0000000080006076 (0x14302573) x10 0x0000000000000000
core   0: 0x000000008000607a (0xb02024f3) csrrs   s1, minstret, zero
core   0: 3 0x000000008000607a (0xb02024f3) x9  0x0000000000000e7f
core   0: 0x000000008000607e (0x0000a811) c.j     pc + 20
core   0: 3 0x000000008000607e (0xa811)
core   0: >>>>  mepc_4
core   0: 0x0000000080006092 (0x00000791) c.addi  a5, 4
core   0: 3 0x0000000080006092 (0x0791) x15 0x000000008000505a
core   0: 0x0000000080006094 (0x34179073) csrrw   zero, mepc, a5
core   0: 3 0x0000000080006094 (0x34179073) c833_mepc 0x000000008000505a
core   0: 0x0000000080006098 (0x30200073) mret
core   0: 3 0x0000000080006098 (0x30200073) c768_mstatus 0x8000000a00106080
core   0: 0x000000008000505a (0x02be7833) remu    a6, t3, a1
core   0: 1 0x000000008000505a (0x02be7833) x16 0x0000000006e3500a
core   0: 0x000000008000505e (0x0ff0000f) fence   iorw,iorw
core   0: 1 0x000000008000505e (0x0ff0000f)
core   0: 0x0000000080005062 (0x4048551b) sraiw   a0, a6, 4
core   0: 1 0x0000000080005062 (0x4048551b) x10 0x00000000006e3500
core   0: 0x0000000080005066 (0x00a114bb) sllw    s1, sp, a0
core   0: 1 0x0000000080005066 (0x00a114bb) x9  0x0000000000000800
core   0: 0x000000008000506a (0xd2387053) fcvt.d.lu ft0, a6
core   0: 1 0x000000008000506a (0xd2387053) f0  0x419b8d4028000000
core   0: 0x000000008000506e (0x011c523b) srlw    tp, s8, a7
core   0: 1 0x000000008000506e (0x011c523b) x4  0x000000000010000c
core   0: 0x0000000080005072 (0x00cc553b) srlw    a0, s8, a2
core   0: 1 0x0000000080005072 (0x00cc553b) x10 0xffffffff8000605e
core   0: 0x0000000080005076 (0x417201bb) subw    gp, tp, s7
core   0: 1 0x0000000080005076 (0x417201bb) x3  0x00000000000ffffc
core   0: 0x000000008000507a (0x62047dc3) fmadd.d fs11, fs0, ft0, fa2
core   0: 1 0x000000008000507a (0x62047dc3) f27 0xc19b8d4028000000
core   0: 0x000000008000507e (0x00c3dc13) srli    s8, t2, 12
core   0: 1 0x000000008000507e (0x00c3dc13) x24 0x0000000000000000
core   0: 0x0000000080005082 (0x0ff0000f) fence   iorw,iorw
core   0: 1 0x0000000080005082 (0x0ff0000f)
core   0: 0x0000000080005086 (0x025acebb) divw    t4, s5, t0
core   0: 1 0x0000000080005086 (0x025acebb) x29 0x0000000000000000
core   0: 0x000000008000508a (0x4cd2f293) andi    t0, t0, 1229
core   0: 1 0x000000008000508a (0x4cd2f293) x5  0x00000000000000c8
core   0: 0x000000008000508e (0x0042c233) xor     tp, t0, tp
core   0: 1 0x000000008000508e (0x0042c233) x4  0x00000000001000c4
core   0: 0x0000000080005092 (0x00a65e93) srli    t4, a2, 10
core   0: 1 0x0000000080005092 (0x00a65e93) x29 0x0000000000000002
core   0: 0x0000000080005096 (0x420980d3) fcvt.d.s ft1, fs3
core   0: 1 0x0000000080005096 (0x420980d3) f1  0x7ff8000000000000
core   0: 0x000000008000509a (0xc20af353) fcvt.w.d t1, fs5
core   0: 1 0x000000008000509a (0xc20af353) c1_fflags 0x000000000000001f x6  0x000000007fffffff
core   0: 0x000000008000509e (0xc220fed3) fcvt.l.d t4, ft1
core   0: 1 0x000000008000509e (0xc220fed3) c1_fflags 0x000000000000001f x29 0x7fffffffffffffff
core   0: 0x00000000800050a2 (0x027c72bb) remuw   t0, s8, t2
core   0: 1 0x00000000800050a2 (0x027c72bb) x5  0x0000000000000000
core   0: 0x00000000800050a6 (0x41d28cbb) subw    s9, t0, t4
core   0: 1 0x00000000800050a6 (0x41d28cbb) x25 0x0000000000000001
core   0: 0x00000000800050aa (0x41448c3b) subw    s8, s1, s4
core   0: 1 0x00000000800050aa (0x41448c3b) x24 0x00000000000008e5
core   0: 0x00000000800050ae (0x2aeff34b) fnmsub.d ft6, ft11, fa4, ft5
core   0: 1 0x00000000800050ae (0x2aeff34b) f6  0x7ff8000000000000
core   0: 0x00000000800050b2 (0xf28b7443) fmadd.d fs0, fs6, fs0, ft10
core   0: 1 0x00000000800050b2 (0xf28b7443) f8  0x7ff8000000000000
core   0: 0x00000000800050b6 (0x04846ab7) lui     s5, 0x4846
core   0: 1 0x00000000800050b6 (0x04846ab7) x21 0x0000000004846000
core   0: 0x00000000800050ba (0x1aba8a9b) addiw   s5, s5, 427
core   0: 1 0x00000000800050ba (0x1aba8a9b) x21 0x00000000048461ab
core   0: 0x00000000800050be (0x00000ab2) c.slli  s5, 12
core   0: 1 0x00000000800050be (0x0ab2) x21 0x00000048461ab000
core   0: 0x00000000800050c0 (0x2e1a8a93) addi    s5, s5, 737
core   0: 1 0x00000000800050c0 (0x2e1a8a93) x21 0x00000048461ab2e1
core   0: 0x00000000800050c4 (0x2b2f0953) fmin.d  fs2, ft10, fs2
core   0: 1 0x00000000800050c4 (0x2b2f0953) f18 0x3ff0000000000000
core   0: 0x00000000800050c8 (0x012a9e93) slli    t4, s5, 18
core   0: 1 0x00000000800050c8 (0x012a9e93) x29 0x0121186acb840000
core   0: 0x00000000800050cc (0x00aadb13) srli    s6, s5, 10
core   0: 1 0x00000000800050cc (0x00aadb13) x22 0x00000000121186ac
core   0: 0x00000000800050d0 (0xc2047653) fcvt.w.d a2, fs0
core   0: 1 0x00000000800050d0 (0xc2047653) c1_fflags 0x000000000000001f x12 0x000000007fffffff
core   0: 0x00000000800050d4 (0x404d5833) sra     a6, s10, tp
core   0: 1 0x00000000800050d4 (0x404d5833) x16 0xfffffffffa41cf1e
core   0: 0x00000000800050d8 (0x01fbdd9b) srliw   s11, s7, 31
core   0: 1 0x00000000800050d8 (0x01fbdd9b) x27 0x0000000000000000
core   0: 0x00000000800050dc (0xd2078a53) fcvt.d.w fs4, a5
core   0: 1 0x00000000800050dc (0xd2078a53) f20 0xc1dfffebe9800000
core   0: 0x00000000800050e0 (0xd021fb53) fcvt.s.l fs6, gp
core   0: 1 0x00000000800050e0 (0xd021fb53) f22 0xffffffff497fffc0
core   0: 0x00000000800050e4 (0x416d8d3b) subw    s10, s11, s6
core   0: 1 0x00000000800050e4 (0x416d8d3b) x26 0xffffffffedee7954
core   0: 0x00000000800050e8 (0x220d91d3) fsgnjn.d ft3, fs11, ft0
core   0: 1 0x00000000800050e8 (0x220d91d3) f3  0xc19b8d4028000000
core   0: 0x00000000800050ec (0x2a3f8fd3) fmin.d  ft11, ft11, ft3
core   0: 1 0x00000000800050ec (0x2a3f8fd3) f31 0xc19b8d4028000000
core   0: 0x00000000800050f0 (0x01f2199b) slliw   s3, tp, 31
core   0: 1 0x00000000800050f0 (0x01f2199b) x19 0x0000000000000000
core   0: 0x00000000800050f4 (0x00000001) c.nop
core   0: 1 0x00000000800050f4 (0x0001)
core   0: 0x00000000800050f6 (0x001024f3) csrrs   s1, fflags, zero
core   0: 1 0x00000000800050f6 (0x001024f3) x9  0x000000000000001f
core   0: 0x00000000800050fa (0x0ff0000f) fence   iorw,iorw
core   0: 1 0x00000000800050fa (0x0ff0000f)
core   0: 0x00000000800050fe (0x038d7a3b) remuw   s4, s10, s8
core   0: 1 0x00000000800050fe (0x038d7a3b) x20 0x0000000000000770
core   0: 0x0000000080005102 (0x4019561b) sraiw   a2, s2, 1
core   0: 1 0x0000000080005102 (0x4019561b) x12 0xffffffffdfc00000
core   0: 0x0000000080005106 (0xa23b8253) fle.d   tp, fs7, ft3
core   0: 1 0x0000000080005106 (0xa23b8253) x4  0x0000000000000000
core   0: 0x000000008000510a (0xc211f153) fcvt.wu.d sp, ft3
core   0: 1 0x000000008000510a (0xc211f153) c1_fflags 0x000000000000001f x2  0x0000000000000000
core   0: 0x000000008000510e (0x45c88037) lui     zero, 0x45c88
core   0: 1 0x000000008000510e (0x45c88037)
core   0: 0x0000000080005112 (0x027ac33b) divw    t1, s5, t2
core   0: 1 0x0000000080005112 (0x027ac33b) x6  0xffffffffffffffff
core   0: 0x0000000080005116 (0xc035fdd3) fcvt.lu.s s11, fa1
core   0: 1 0x0000000080005116 (0xc035fdd3) c1_fflags 0x000000000000001f x27 0xffffffffffffffff
core   0: 0x000000008000511a (0x00261973) csrrw   s2, frm, a2
core   0: 1 0x000000008000511a (0x00261973) x18 0x0000000000000000 c2_frm 0x0000000000000000
core   0: 0x000000008000511e (0xc77f32b7) lui     t0, 0xc77f3
core   0: 1 0x000000008000511e (0xc77f32b7) x5  0xffffffffc77f3000
core   0: 0x0000000080005122 (0xc03bfb53) fcvt.lu.s s6, fs7
core   0: 1 0x0000000080005122 (0xc03bfb53) c1_fflags 0x000000000000001f x22 0xffffffffffffffff
core   0: 0x0000000080005126 (0x5a01fed3) fsqrt.d ft9, ft3
core   0: 1 0x0000000080005126 (0x5a01fed3) c1_fflags 0x000000000000001f f29 0x7ff8000000000000
core   0: 0x000000008000512a (0x23c4d097) auipc   ra, 0x23c4d
core   0: 1 0x000000008000512a (0x23c4d097) x1  0x00000000a3c5212a
core   0: 0x000000008000512e (0x22f90953) fsgnj.d fs2, fs2, fa5
core   0: 1 0x000000008000512e (0x22f90953) f18 0x3ff0000000000000
core   0: 0x0000000080005132 (0x00000001) c.nop
core   0: 1 0x0000000080005132 (0x0001)
core   0: 0x0000000080005134 (0x5d868213) addi    tp, a3, 1496
core   0: 1 0x0000000080005134 (0x5d868213) x4  0x00000000000005d7
core   0: 0x0000000080005138 (0x03223533) mulhu   a0, tp, s2
core   0: 1 0x0000000080005138 (0x03223533) x10 0x0000000000000000
core   0: 0x000000008000513c (0x036ef553) fadd.d  fa0, ft9, fs6
core   0: 1 0x000000008000513c (0x036ef553) f10 0x7ff8000000000000
core   0: 0x0000000080005140 (0x0003909b) slliw   ra, t2, 0
core   0: 1 0x0000000080005140 (0x0003909b) x1  0x0000000000000000
core   0: 0x0000000080005144 (0x001092bb) sllw    t0, ra, ra
core   0: 1 0x0000000080005144 (0x001092bb) x5  0x0000000000000000
core   0: 0x0000000080005148 (0x025d3433) mulhu   s0, s10, t0
core   0: 1 0x0000000080005148 (0x025d3433) x8  0x0000000000000000
core   0: 0x000000008000514c (0x2a5494d3) fmax.d  fs1, fs1, ft5
core   0: 1 0x000000008000514c (0x2a5494d3) f9  0x41dfffeca3000000
core   0: 0x0000000080005150 (0x0e23f393) andi    t2, t2, 226
core   0: 1 0x0000000080005150 (0x0e23f393) x7  0x0000000000000000
core   0: 0x0000000080005154 (0x0251f1d3) fadd.d  ft3, ft3, ft5
core   0: 1 0x0000000080005154 (0x0251f1d3) f3  0xc1d15805f4000000
core   0: 0x0000000080005158 (0x01b4169b) slliw   a3, s0, 27
core   0: 1 0x0000000080005158 (0x01b4169b) x13 0x0000000000000000
core   0: 0x000000008000515c (0x021df633) remu    a2, s11, ra
core   0: 1 0x000000008000515c (0x021df633) x12 0xffffffffffffffff
core   0: 0x0000000080005160 (0x417cda13) srai    s4, s9, 23
core   0: 1 0x0000000080005160 (0x417cda13) x20 0x0000000000000000
core   0: 0x0000000080005164 (0xd02674d3) fcvt.s.l fs1, a2
core   0: 1 0x0000000080005164 (0xd02674d3) f9  0xffffffffbf800000
core   0: 0x0000000080005168 (0x001021f3) csrrs   gp, fflags, zero
core   0: 1 0x0000000080005168 (0x001021f3) x3  0x000000000000001f
core   0: 0x000000008000516c (0x030cdd3b) divuw   s10, s9, a6
core   0: 1 0x000000008000516c (0x030cdd3b) x26 0x0000000000000000
core   0: 0x0000000080005170 (0x038df933) remu    s2, s11, s8
core   0: 1 0x0000000080005170 (0x038df933) x18 0x00000000000005dc
core   0: 0x0000000080005174 (0x0079141b) slliw   s0, s2, 7
core   0: 1 0x0000000080005174 (0x0079141b) x8  0x000000000002ee00
core   0: 0x0000000080005178 (0x00101513) slli    a0, zero, 1
core   0: 1 0x0000000080005178 (0x00101513) x10 0x0000000000000000
core   0: 0x000000008000517c (0xd2130253) fcvt.d.wu ft4, t1
core   0: 1 0x000000008000517c (0xd2130253) f4  0x41efffffffe00000
core   0: 0x0000000080005180 (0xc0227d53) fcvt.l.s s10, ft4
core   0: 1 0x0000000080005180 (0xc0227d53) c1_fflags 0x000000000000001f x26 0x7fffffffffffffff
core   0: 0x0000000080005184 (0x408c573b) sraw    a4, s8, s0
core   0: 1 0x0000000080005184 (0x408c573b) x14 0x00000000000008e5
core   0: 0x0000000080005188 (0x0390edb3) rem     s11, ra, s9
core   0: 1 0x0000000080005188 (0x0390edb3) x27 0x0000000000000000
core   0: 0x000000008000518c (0x22df06d3) fsgnj.d fa3, ft10, fa3
core   0: 1 0x000000008000518c (0x22df06d3) f13 0xbff0000000000000
core   0: 0x0000000080005190 (0x41bd81b3) sub     gp, s11, s11
core   0: 1 0x0000000080005190 (0x41bd81b3) x3  0x0000000000000000
core   0: 0x0000000080005194 (0xc229f853) fcvt.l.d a6, fs3
core   0: 1 0x0000000080005194 (0xc229f853) c1_fflags 0x000000000000001f x16 0x7fffffffffffffff
core   0: 0x0000000080005198 (0x0011db9b) srliw   s7, gp, 1
core   0: 1 0x0000000080005198 (0x0011db9b) x23 0x0000000000000000
core   0: 0x000000008000519c (0x01cb0633) add     a2, s6, t3
core   0: 1 0x000000008000519c (0x01cb0633) x12 0x0000000006e35009
core   0: 0x00000000800051a0 (0x15268913) addi    s2, a3, 338
core   0: 1 0x00000000800051a0 (0x15268913) x18 0x0000000000000152
core   0: 0x00000000800051a4 (0x0116fbb3) and     s7, a3, a7
core   0: 1 0x00000000800051a4 (0x0116fbb3) x23 0x0000000000000000
core   0: 0x00000000800051a8 (0x017d14bb) sllw    s1, s10, s7
core   0: 1 0x00000000800051a8 (0x017d14bb) x9  0xffffffffffffffff
core   0: 0x00000000800051ac (0x037d5833) divu    a6, s10, s7
core   0: 1 0x00000000800051ac (0x037d5833) x16 0xffffffffffffffff
core   0: 0x00000000800051b0 (0x0aacfcd3) fsub.d  fs9, fs9, fa0
core   0: 1 0x00000000800051b0 (0x0aacfcd3) f25 0x7ff8000000000000
core   0: 0x00000000800051b4 (0xc20cfa53) fcvt.w.d s4, fs9
core   0: 1 0x00000000800051b4 (0xc20cfa53) c1_fflags 0x000000000000001f x20 0x000000007fffffff
core   0: 0x00000000800051b8 (0x001d96f3) csrrw   a3, fflags, s11
core   0: 1 0x00000000800051b8 (0x001d96f3) x13 0x000000000000001f c1_fflags 0x0000000000000000
core   0: 0x00000000800051bc (0x401bf7d3) fcvt.s.d fa5, fs7
core   0: 1 0x00000000800051bc (0x401bf7d3) f15 0xffffffff40800000
core   0: 0x00000000800051c0 (0x039da9b3) mulhsu  s3, s11, s9
core   0: 1 0x00000000800051c0 (0x039da9b3) x19 0x0000000000000000
core   0: 0x00000000800051c4 (0x00000001) c.nop
core   0: 1 0x00000000800051c4 (0x0001)
core   0: 0x00000000800051c6 (0x143073f3) csrrci  t2, stval, 0
core   0: 1 0x00000000800051c6 (0x143073f3) x7  0x0000000000000000
core   0: 0x00000000800051ca (0x7220774f) fnmadd.d fa4, ft0, ft2, fa4
core   0: 1 0x00000000800051ca (0x7220774f) f14 0x7ff8000000000000
core   0: 0x00000000800051ce (0x0187111b) slliw   sp, a4, 24
core   0: 1 0x00000000800051ce (0x0187111b) x2  0xffffffffe5000000
core   0: 0x00000000800051d2 (0x00c60bbb) addw    s7, a2, a2
core   0: 1 0x00000000800051d2 (0x00c60bbb) x23 0x000000000dc6a012
core   0: 0x00000000800051d6 (0x7367794f) fnmadd.d fs2, fa4, fs6, fa4
core   0: 1 0x00000000800051d6 (0x7367794f) f18 0x7ff8000000000000
core   0: 0x00000000800051da (0xb6eb21b7) lui     gp, 0xb6eb2
core   0: 1 0x00000000800051da (0xb6eb21b7) x3  0xffffffffb6eb2000
core   0: 0x00000000800051de (0x5a067253) fsqrt.d ft4, fa2
core   0: 1 0x00000000800051de (0x5a067253) f4  0x0000000000000000
core   0: 0x00000000800051e2 (0xc035fc53) fcvt.lu.s s8, fa1
core   0: 1 0x00000000800051e2 (0xc035fc53) c1_fflags 0x0000000000000010 x24 0xffffffffffffffff
core   0: 0x00000000800051e6 (0x00001662) c.slli  a2, 56
core   0: 1 0x00000000800051e6 (0x1662) x12 0x0900000000000000
core   0: 0x00000000800051e8 (0x13ad78d3) fmul.d  fa7, fs10, fs10
core   0: 1 0x00000000800051e8 (0x13ad78d3) f17 0x7ff8000000000000
core   0: 0x00000000800051ec (0x00ed8eb3) add     t4, s11, a4
core   0: 1 0x00000000800051ec (0x00ed8eb3) x29 0x00000000000008e5
core   0: 0x00000000800051f0 (0x00ecacb3) slt     s9, s9, a4
core   0: 1 0x00000000800051f0 (0x00ecacb3) x25 0x0000000000000001
core   0: 0x00000000800051f4 (0x00000001) c.nop
core   0: 1 0x00000000800051f4 (0x0001)
core   0: 0x00000000800051f6 (0x0a7b7b53) fsub.d  fs6, fs6, ft7
core   0: 1 0x00000000800051f6 (0x0a7b7b53) f22 0x7ff8000000000000
core   0: 0x00000000800051fa (0x03301833) mulh    a6, zero, s3
core   0: 1 0x00000000800051fa (0x03301833) x16 0x0000000000000000
core   0: 0x00000000800051fe (0xf20d8c53) fmv.d.x fs8, s11
core   0: 1 0x00000000800051fe (0xf20d8c53) f24 0x0000000000000000
core   0: 0x0000000080005202 (0x015ede93) srli    t4, t4, 21
core   0: 1 0x0000000080005202 (0x015ede93) x29 0x0000000000000000
core   0: 0x0000000080005206 (0xa36b734f) fnmadd.d ft6, fs6, fs6, fs4
core   0: 1 0x0000000080005206 (0xa36b734f) f6  0x7ff8000000000000
core   0: 0x000000008000520a (0x640de493) ori     s1, s11, 1600
core   0: 1 0x000000008000520a (0x640de493) x9  0x0000000000000640
core   0: 0x000000008000520e (0x001a1613) slli    a2, s4, 1
core   0: 1 0x000000008000520e (0x001a1613) x12 0x00000000fffffffe
core   0: 0x0000000080005212 (0x034c7453) fadd.d  fs0, fs8, fs4
core   0: 1 0x0000000080005212 (0x034c7453) f8  0xc1dfffebe9800000
core   0: 0x0000000080005216 (0x0ff0000f) fence   iorw,iorw
core   0: 1 0x0000000080005216 (0x0ff0000f)
core   0: 0x000000008000521a (0x00ced7bb) srlw    a5, t4, a2
core   0: 1 0x000000008000521a (0x00ced7bb) x15 0x0000000000000000
core   0: 0x000000008000521e (0xf144adf3) csrrs   s11, mhartid, s1
core   0: exception trap_illegal_instruction, epc 0x000000008000521e
core   0:           tval 0x00000000f144adf3
core   0: >>>>  $xrv64i2p1_m2p0_a2p1_f2p2_d2p2_zicsr2p0_zifencei2p0_zmmul1p0_zba1p0_zbb1p0_zbc1p0_zbs1p0
core   0: 0x0000000080004000 (0x0080006f) j       pc + 0x8
core   0: 3 0x0000000080004000 (0x0080006f)
core   0: >>>>  mmode_exception_handler
core   0: 0x0000000080004008 (0x00002c17) auipc   s8, 0x2
core   0: 3 0x0000000080004008 (0x00002c17) x24 0x0000000080006008
core   0: 0x000000008000400c (0x056c0c13) addi    s8, s8, 86
core   0: 3 0x000000008000400c (0x056c0c13) x24 0x000000008000605e
core   0: 0x0000000080004010 (0x000c00e7) jalr    s8
core   0: 3 0x0000000080004010 (0x000c00e7) x1  0x0000000080004014
core   0: >>>>  any_handler
core   0: 0x000000008000605e (0x341027f3) csrrs   a5, mepc, zero
core   0: 3 0x000000008000605e (0x341027f3) x15 0x000000008000521e
core   0: 0x0000000080006062 (0x34202773) csrrs   a4, mcause, zero
core   0: 3 0x0000000080006062 (0x34202773) x14 0x0000000000000002
core   0: 0x0000000080006066 (0x142026f3) csrrs   a3, scause, zero
core   0: 3 0x0000000080006066 (0x142026f3) x13 0xffffffffffffffff
core   0: 0x000000008000606a (0x30402673) csrrs   a2, mie, zero
core   0: 3 0x000000008000606a (0x30402673) x12 0x0000000000000a00
core   0: 0x000000008000606e (0x344025f3) csrrs   a1, mip, zero
core   0: 3 0x000000008000606e (0x344025f3) x11 0x0000000000000080
core   0: 0x0000000080006072 (0x343025f3) csrrs   a1, mtval, zero
core   0: 3 0x0000000080006072 (0x343025f3) x11 0x00000000f144adf3
core   0: 0x0000000080006076 (0x14302573) csrrs   a0, stval, zero
core   0: 3 0x0000000080006076 (0x14302573) x10 0x0000000000000000
core   0: 0x000000008000607a (0xb02024f3) csrrs   s1, minstret, zero
core   0: 3 0x000000008000607a (0xb02024f3) x9  0x0000000000000f03
core   0: 0x000000008000607e (0x0000a811) c.j     pc + 20
core   0: 3 0x000000008000607e (0xa811)
core   0: >>>>  mepc_4
core   0: 0x0000000080006092 (0x00000791) c.addi  a5, 4
core   0: 3 0x0000000080006092 (0x0791) x15 0x0000000080005222
core   0: 0x0000000080006094 (0x34179073) csrrw   zero, mepc, a5
core   0: 3 0x0000000080006094 (0x34179073) c833_mepc 0x0000000080005222
core   0: 0x0000000080006098 (0x30200073) mret
core   0: 3 0x0000000080006098 (0x30200073) c768_mstatus 0x8000000a00106080
core   0: 0x0000000080005222 (0x03dc8733) mul     a4, s9, t4
core   0: 1 0x0000000080005222 (0x03dc8733) x14 0x0000000000000000
core   0: 0x0000000080005226 (0x00181513) slli    a0, a6, 1
core   0: 1 0x0000000080005226 (0x00181513) x10 0x0000000000000000
core   0: 0x000000008000522a (0x401075d3) fcvt.s.d fa1, ft0
core   0: 1 0x000000008000522a (0x401075d3) c1_fflags 0x0000000000000011 f11 0xffffffff4cdc6a01
core   0: 0x000000008000522e (0x40e0d09b) sraiw   ra, ra, 14
core   0: 1 0x000000008000522e (0x40e0d09b) x1  0xfffffffffffe0001
core   0: 0x0000000080005232 (0x0001f293) andi    t0, gp, 0
core   0: 1 0x0000000080005232 (0x0001f293) x5  0x0000000000000000
core   0: 0x0000000080005236 (0xfff2f213) andi    tp, t0, -1
core   0: 1 0x0000000080005236 (0xfff2f213) x4  0x0000000000000000
core   0: 0x000000008000523a (0x38bdb217) auipc   tp, 0x38bdb
core   0: 1 0x000000008000523a (0x38bdb217) x4  0x00000000b8be023a
core   0: 0x000000008000523e (0x03b88c33) mul     s8, a7, s11
core   0: 1 0x000000008000523e (0x03b88c33) x24 0x0000000000000000
core   0: 0x0000000080005242 (0x001d959b) slliw   a1, s11, 1
core   0: 1 0x0000000080005242 (0x001d959b) x11 0x0000000000000000
core   0: 0x0000000080005246 (0x40a5d813) srai    a6, a1, 10
core   0: 1 0x0000000080005246 (0x40a5d813) x16 0x0000000000000000
core   0: 0x000000008000524a (0x01a5e233) or      tp, a1, s10
core   0: 1 0x000000008000524a (0x01a5e233) x4  0x7fffffffffffffff
core   0: 0x000000008000524e (0x00000001) c.nop
core   0: 1 0x000000008000524e (0x0001)
core   0: 0x0000000080005250 (0x2bbdfdcb) fnmsub.d fs11, fs11, fs11, ft5
core   0: 1 0x0000000080005250 (0x2bbdfdcb) f27 0xc347b8cbe09f8415
core   0: 0x0000000080005254 (0x03deec3b) remw    s8, t4, t4
core   0: 1 0x0000000080005254 (0x03deec3b) x24 0x0000000000000000
core   0: 0x0000000080005258 (0x42028cd3) fcvt.d.s fs9, ft5
core   0: 1 0x0000000080005258 (0x42028cd3) f25 0x7ff8000000000000
core   0: 0x000000008000525c (0x0191d0b3) srl     ra, gp, s9
core   0: 1 0x000000008000525c (0x0191d0b3) x1  0x7fffffffdb759000
core   0: 0x0000000080005260 (0x4014dd1b) sraiw   s10, s1, 1
core   0: 1 0x0000000080005260 (0x4014dd1b) x26 0x0000000000000781
core   0: 0x0000000080005264 (0xc022f653) fcvt.l.s a2, ft5
core   0: 1 0x0000000080005264 (0xc022f653) c1_fflags 0x0000000000000011 x12 0x7fffffffffffffff
core   0: 0x0000000080005268 (0x02a0d093) srli    ra, ra, 42
core   0: 1 0x0000000080005268 (0x02a0d093) x1  0x00000000001fffff
core   0: 0x000000008000526c (0x0297573b) divuw   a4, a4, s1
core   0: 1 0x000000008000526c (0x0297573b) x14 0x0000000000000000
core   0: 0x0000000080005270 (0x01ad0c3b) addw    s8, s10, s10
core   0: 1 0x0000000080005270 (0x01ad0c3b) x24 0x0000000000000f02
core   0: 0x0000000080005274 (0x3032e273) csrrsi  tp, mideleg, 5
core   0: exception trap_illegal_instruction, epc 0x0000000080005274
core   0:           tval 0x000000003032e273
core   0: >>>>  $xrv64i2p1_m2p0_a2p1_f2p2_d2p2_zicsr2p0_zifencei2p0_zmmul1p0_zba1p0_zbb1p0_zbc1p0_zbs1p0
core   0: 0x0000000080004000 (0x0080006f) j       pc + 0x8
core   0: 3 0x0000000080004000 (0x0080006f)
core   0: >>>>  mmode_exception_handler
core   0: 0x0000000080004008 (0x00002c17) auipc   s8, 0x2
core   0: 3 0x0000000080004008 (0x00002c17) x24 0x0000000080006008
core   0: 0x000000008000400c (0x056c0c13) addi    s8, s8, 86
core   0: 3 0x000000008000400c (0x056c0c13) x24 0x000000008000605e
core   0: 0x0000000080004010 (0x000c00e7) jalr    s8
core   0: 3 0x0000000080004010 (0x000c00e7) x1  0x0000000080004014
core   0: >>>>  any_handler
core   0: 0x000000008000605e (0x341027f3) csrrs   a5, mepc, zero
core   0: 3 0x000000008000605e (0x341027f3) x15 0x0000000080005274
core   0: 0x0000000080006062 (0x34202773) csrrs   a4, mcause, zero
core   0: 3 0x0000000080006062 (0x34202773) x14 0x0000000000000002
core   0: 0x0000000080006066 (0x142026f3) csrrs   a3, scause, zero
core   0: 3 0x0000000080006066 (0x142026f3) x13 0xffffffffffffffff
core   0: 0x000000008000606a (0x30402673) csrrs   a2, mie, zero
core   0: 3 0x000000008000606a (0x30402673) x12 0x0000000000000a00
core   0: 0x000000008000606e (0x344025f3) csrrs   a1, mip, zero
core   0: 3 0x000000008000606e (0x344025f3) x11 0x0000000000000080
core   0: 0x0000000080006072 (0x343025f3) csrrs   a1, mtval, zero
core   0: 3 0x0000000080006072 (0x343025f3) x11 0x000000003032e273
core   0: 0x0000000080006076 (0x14302573) csrrs   a0, stval, zero
core   0: 3 0x0000000080006076 (0x14302573) x10 0x0000000000000000
core   0: 0x000000008000607a (0xb02024f3) csrrs   s1, minstret, zero
core   0: 3 0x000000008000607a (0xb02024f3) x9  0x0000000000000f28
core   0: 0x000000008000607e (0x0000a811) c.j     pc + 20
core   0: 3 0x000000008000607e (0xa811)
core   0: >>>>  mepc_4
core   0: 0x0000000080006092 (0x00000791) c.addi  a5, 4
core   0: 3 0x0000000080006092 (0x0791) x15 0x0000000080005278
core   0: 0x0000000080006094 (0x34179073) csrrw   zero, mepc, a5
core   0: 3 0x0000000080006094 (0x34179073) c833_mepc 0x0000000080005278
core   0: 0x0000000080006098 (0x30200073) mret
core   0: 3 0x0000000080006098 (0x30200073) c768_mstatus 0x8000000a00106080
core   0: 0x0000000080005278 (0xc209f4d3) fcvt.w.d s1, fs3
core   0: 1 0x0000000080005278 (0xc209f4d3) c1_fflags 0x0000000000000011 x9  0x000000007fffffff
core   0: 0x000000008000527c (0x400b5a9b) sraiw   s5, s6, 0
core   0: 1 0x000000008000527c (0x400b5a9b) x21 0xffffffffffffffff
core   0: 0x0000000080005280 (0x0152d2bb) srlw    t0, t0, s5
core   0: 1 0x0000000080005280 (0x0152d2bb) x5  0x0000000000000000
core   0: 0x0000000080005284 (0x404405bb) subw    a1, s0, tp
core   0: 1 0x0000000080005284 (0x404405bb) x11 0x000000000002ee01
core   0: 0x0000000080005288 (0x00202173) csrrs   sp, frm, zero
core   0: 1 0x0000000080005288 (0x00202173) x2  0x0000000000000000
core   0: 0x000000008000528c (0x414c84b3) sub     s1, s9, s4
core   0: 1 0x000000008000528c (0x414c84b3) x9  0xffffffff80000002
core   0: 0x0000000080005290 (0xc03df7d3) fcvt.lu.s a5, fs11
core   0: 1 0x0000000080005290 (0xc03df7d3) c1_fflags 0x0000000000000011 x15 0xffffffffffffffff
core   0: 0x0000000080005294 (0x4078d1b3) sra     gp, a7, t2
core   0: 1 0x0000000080005294 (0x4078d1b3) x3  0xffffffffa41cf1eb
core   0: 0x0000000080005298 (0x0007d01b) srliw   zero, a5, 0
core   0: 1 0x0000000080005298 (0x0007d01b)
core   0: 0x000000008000529c (0x03a1dd33) divu    s10, gp, s10
core   0: 1 0x000000008000529c (0x03a1dd33) x26 0x00221d95a7bb4039
core   0: 0x00000000800052a0 (0xd21686d3) fcvt.d.wu fa3, a3
core   0: 1 0x00000000800052a0 (0xd21686d3) f13 0x41efffffffe00000
core   0: 0x00000000800052a4 (0x02668a3b) mulw    s4, a3, t1
core   0: 1 0x00000000800052a4 (0x02668a3b) x20 0x0000000000000001
core   0: 0x00000000800052a8 (0x0aa57553) fsub.d  fa0, fa0, fa0
core   0: 1 0x00000000800052a8 (0x0aa57553) f10 0x7ff8000000000000
core   0: 0x00000000800052ac (0x42050e53) fcvt.d.s ft8, fa0
core   0: 1 0x00000000800052ac (0x42050e53) f28 0x7ff8000000000000
core   0: 0x00000000800052b0 (0x019cfcb3) and     s9, s9, s9
core   0: 1 0x00000000800052b0 (0x019cfcb3) x25 0x0000000000000001
core   0: 0x00000000800052b4 (0x0005d513) srli    a0, a1, 0
core   0: 1 0x00000000800052b4 (0x0005d513) x10 0x000000000002ee01
core   0: 0x00000000800052b8 (0x0398a233) mulhsu  tp, a7, s9
core   0: 1 0x00000000800052b8 (0x0398a233) x4  0xffffffffffffffff
core   0: 0x00000000800052bc (0x01656133) or      sp, a0, s6
core   0: 1 0x00000000800052bc (0x01656133) x2  0xffffffffffffffff
core   0: 0x00000000800052c0 (0x002c46b3) xor     a3, s8, sp
core   0: 1 0x00000000800052c0 (0x002c46b3) x13 0xffffffff7fff9fa1
core   0: 0x00000000800052c4 (0xc026f953) fcvt.l.s s2, fa3
core   0: 1 0x00000000800052c4 (0xc026f953) c1_fflags 0x0000000000000011 x18 0x7fffffffffffffff
core   0: 0x00000000800052c8 (0x406e0a3b) subw    s4, t3, t1
core   0: 1 0x00000000800052c8 (0x406e0a3b) x20 0x0000000006e3500b
core   0: 0x00000000800052cc (0x014916b3) sll     a3, s2, s4
core   0: 1 0x00000000800052cc (0x014916b3) x13 0xfffffffffffff800
core   0: 0x00000000800052d0 (0x1a507a53) fdiv.d  fs4, ft0, ft5
core   0: 1 0x00000000800052d0 (0x1a507a53) c1_fflags 0x0000000000000011 f20 0xbfbc37fb77232cd6
core   0: 0x00000000800052d4 (0x22a50453) fsgnj.d fs0, fa0, fa0
core   0: 1 0x00000000800052d4 (0x22a50453) f8  0x7ff8000000000000
core   0: 0x00000000800052d8 (0x00069893) slli    a7, a3, 0
core   0: 1 0x00000000800052d8 (0x00069893) x17 0xfffffffffffff800
core   0: 0x00000000800052dc (0xe20707d3) fmv.x.d a5, fa4
core   0: 1 0x00000000800052dc (0xe20707d3) x15 0x7ff8000000000000
core   0: 0x00000000800052e0 (0x55475c37) lui     s8, 0x55475
core   0: 1 0x00000000800052e0 (0x55475c37) x24 0x0000000055475000
core   0: 0x00000000800052e4 (0x00202873) csrrs   a6, frm, zero
core   0: 1 0x00000000800052e4 (0x00202873) x16 0x0000000000000000
core   0: 0x00000000800052e8 (0x000c191b) slliw   s2, s8, 0
core   0: 1 0x00000000800052e8 (0x000c191b) x18 0x0000000055475000
core   0: 0x00000000800052ec (0x01267eb3) and     t4, a2, s2
core   0: 1 0x00000000800052ec (0x01267eb3) x29 0x0000000000000000
core   0: 0x00000000800052f0 (0xd23671d3) fcvt.d.lu ft3, a2
core   0: 1 0x00000000800052f0 (0xd23671d3) f3  0x40a4000000000000
core   0: 0x00000000800052f4 (0x8003031b) addiw   t1, t1, -2048
core   0: 1 0x00000000800052f4 (0x8003031b) x6  0xfffffffffffff7ff
core   0: 0x00000000800052f8 (0x405dd8bb) sraw    a7, s11, t0
core   0: 1 0x00000000800052f8 (0x405dd8bb) x17 0x0000000000000000
core   0: 0x00000000800052fc (0xffb58ab7) lui     s5, 0xffb58
core   0: 1 0x00000000800052fc (0xffb58ab7) x21 0xffffffffffb58000
core   0: 0x0000000080005300 (0x617a8a9b) addiw   s5, s5, 1559
core   0: 1 0x0000000080005300 (0x617a8a9b) x21 0xffffffffffb58617
core   0: 0x0000000080005304 (0x00000ab2) c.slli  s5, 12
core   0: 1 0x0000000080005304 (0x0ab2) x21 0xfffffffb58617000
core   0: 0x0000000080005306 (0xea4a8a93) addi    s5, s5, -348
core   0: 1 0x0000000080005306 (0xea4a8a93) x21 0xfffffffb58616ea4
core   0: 0x000000008000530a (0x13eb75d3) fmul.d  fa1, fs6, ft10
core   0: 1 0x000000008000530a (0x13eb75d3) f11 0x7ff8000000000000
core   0: 0x000000008000530e (0xff1182b7) lui     t0, 0xff118
core   0: 1 0x000000008000530e (0xff1182b7) x5  0xffffffffff118000
core   0: 0x0000000080005312 (0xbef2829b) addiw   t0, t0, -1041
core   0: 1 0x0000000080005312 (0xbef2829b) x5  0xffffffffff117bef
core   0: 0x0000000080005316 (0x000002ba) c.slli  t0, 14
core   0: 1 0x0000000080005316 (0x02ba) x5  0xffffffc45efbc000
core   0: 0x0000000080005318 (0xdd028293) addi    t0, t0, -560
core   0: 1 0x0000000080005318 (0xdd028293) x5  0xffffffc45efbbdd0
core   0: 0x000000008000531c (0x1a75fd53) fdiv.d  fs10, fa1, ft7
core   0: 1 0x000000008000531c (0x1a75fd53) f26 0x7ff8000000000000
core   0: 0x0000000080005320 (0x0162db33) srl     s6, t0, s6
core   0: 1 0x0000000080005320 (0x0162db33) x22 0x0000000000000001
core   0: 0x0000000080005324 (0x40d5d53b) sraw    a0, a1, a3
core   0: 1 0x0000000080005324 (0x40d5d53b) x10 0x000000000002ee01
core   0: 0x0000000080005328 (0x00000001) c.nop
core   0: 1 0x0000000080005328 (0x0001)
core   0: 0x000000008000532a (0x012babb3) slt     s7, s7, s2
core   0: 1 0x000000008000532a (0x012babb3) x23 0x0000000000000001
core   0: 0x000000008000532e (0x037c5133) divu    sp, s8, s7
core   0: 1 0x000000008000532e (0x037c5133) x2  0x0000000055475000
core   0: 0x0000000080005332 (0x03750033) mul     zero, a0, s7
core   0: 1 0x0000000080005332 (0x03750033)
core   0: 0x0000000080005336 (0xc039f753) fcvt.lu.s a4, fs3
core   0: 1 0x0000000080005336 (0xc039f753) c1_fflags 0x0000000000000011 x14 0xffffffffffffffff
core   0: 0x000000008000533a (0x03ce7933) remu    s2, t3, t3
core   0: 1 0x000000008000533a (0x03ce7933) x18 0x0000000000000000
core   0: 0x000000008000533e (0xba137acb) fnmsub.d fs5, ft6, ft1, fs7
core   0: 1 0x000000008000533e (0xba137acb) f21 0x7ff8000000000000
core   0: 0x0000000080005342 (0x03b89933) mulh    s2, a7, s11
core   0: 1 0x0000000080005342 (0x03b89933) x18 0x0000000000000000
core   0: 0x0000000080005346 (0x4054863b) subw    a2, s1, t0
core   0: 1 0x0000000080005346 (0x4054863b) x12 0x0000000021044232
core   0: 0x000000008000534a (0x03ba5a3b) divuw   s4, s4, s11
core   0: 1 0x000000008000534a (0x03ba5a3b) x20 0xffffffffffffffff
core   0: 0x000000008000534e (0x00000001) c.nop
core   0: 1 0x000000008000534e (0x0001)
core   0: 0x0000000080005350 (0x41fa599b) sraiw   s3, s4, 31
core   0: 1 0x0000000080005350 (0x41fa599b) x19 0xffffffffffffffff
core   0: 0x0000000080005354 (0x40118933) sub     s2, gp, ra
core   0: 1 0x0000000080005354 (0x40118933) x18 0xffffffff241cb1d7
core   0: 0x0000000080005358 (0x121d7053) fmul.d  ft0, fs10, ft1
core   0: 1 0x0000000080005358 (0x121d7053) f0  0x7ff8000000000000
core   0: 0x000000008000535c (0xd033f0d3) fcvt.s.lu ft1, t2
core   0: 1 0x000000008000535c (0xd033f0d3) f1  0xffffffff00000000
core   0: 0x0000000080005360 (0x012113bb) sllw    t2, sp, s2
core   0: 1 0x0000000080005360 (0x012113bb) x7  0x0000000000000000
core   0: 0x0000000080005364 (0x007a503b) srlw    zero, s4, t2
core   0: 1 0x0000000080005364 (0x007a503b)
core   0: 0x0000000080005368 (0x408e5e3b) sraw    t3, t3, s0
core   0: 1 0x0000000080005368 (0x408e5e3b) x28 0x0000000006e3500a
core   0: 0x000000008000536c (0x0ff0000f) fence   iorw,iorw
core   0: 1 0x000000008000536c (0x0ff0000f)
core   0: 0x0000000080005370 (0x03c3f3b3) remu    t2, t2, t3
core   0: 1 0x0000000080005370 (0x03c3f3b3) x7  0x0000000000000000
core   0: 0x0000000080005374 (0x2a151ad3) fmax.d  fs5, fa0, ft1
core   0: 1 0x0000000080005374 (0x2a151ad3) f21 0x7ff8000000000000
core   0: 0x0000000080005378 (0xc22af353) fcvt.l.d t1, fs5
core   0: 1 0x0000000080005378 (0xc22af353) c1_fflags 0x0000000000000011 x6  0x7fffffffffffffff
core   0: 0x000000008000537c (0x00102773) csrrs   a4, fflags, zero
core   0: 1 0x000000008000537c (0x00102773) x14 0x0000000000000011
core   0: 0x0000000080005380 (0x00917c33) and     s8, sp, s1
core   0: 1 0x0000000080005380 (0x00917c33) x24 0x0000000000000000
core   0: 0x0000000080005384 (0x0008589b) srliw   a7, a6, 0
core   0: 1 0x0000000080005384 (0x0008589b) x17 0x0000000000000000
core   0: 0x0000000080005388 (0x000dd79b) srliw   a5, s11, 0
core   0: 1 0x0000000080005388 (0x000dd79b) x15 0x0000000000000000
core   0: 0x000000008000538c (0x02f8d03b) divuw   zero, a7, a5
core   0: 1 0x000000008000538c (0x02f8d03b)
core   0: 0x0000000080005390 (0x9b3673c3) fmadd.d ft7, fa2, fs3, fs3
core   0: 1 0x0000000080005390 (0x9b3673c3) f7  0x7ff8000000000000
core   0: 0x0000000080005394 (0xfee8e137) lui     sp, 0xfee8e
core   0: 1 0x0000000080005394 (0xfee8e137) x2  0xfffffffffee8e000
core   0: 0x0000000080005398 (0xcd71011b) addiw   sp, sp, -809
core   0: 1 0x0000000080005398 (0xcd71011b) x2  0xfffffffffee8dcd7
core   0: 0x000000008000539c (0x00000132) c.slli  sp, 12
core   0: 1 0x000000008000539c (0x0132) x2  0xffffffee8dcd7000
core   0: 0x000000008000539e (0x29010113) addi    sp, sp, 656
core   0: 1 0x000000008000539e (0x29010113) x2  0xffffffee8dcd7290
core   0: 0x00000000800053a2 (0xc203f753) fcvt.w.d a4, ft7
core   0: 1 0x00000000800053a2 (0xc203f753) c1_fflags 0x0000000000000011 x14 0x000000007fffffff
core   0: 0x00000000800053a6 (0x013f76b7) lui     a3, 0x13f7
core   0: 1 0x00000000800053a6 (0x013f76b7) x13 0x00000000013f7000
core   0: 0x00000000800053aa (0x0191ba97) auipc   s5, 0x191b
core   0: 1 0x00000000800053aa (0x0191ba97) x21 0x00000000819203aa
core   0: 0x00000000800053ae (0x00dd9bbb) sllw    s7, s11, a3
core   0: 1 0x00000000800053ae (0x00dd9bbb) x23 0x0000000000000000
core   0: 0x00000000800053b2 (0xc0267953) fcvt.l.s s2, fa2
core   0: 1 0x00000000800053b2 (0xc0267953) c1_fflags 0x0000000000000011 x18 0x7fffffffffffffff
core   0: 0x00000000800053b6 (0x0013c693) xori    a3, t2, 1
core   0: 1 0x00000000800053b6 (0x0013c693) x13 0x0000000000000001
core   0: 0x00000000800053ba (0x411a571b) sraiw   a4, s4, 17
core   0: 1 0x00000000800053ba (0x411a571b) x14 0xffffffffffffffff
core   0: 0x00000000800053be (0x3b43f6cf) fnmadd.d fa3, ft7, fs4, ft7
core   0: 1 0x00000000800053be (0x3b43f6cf) f13 0x7ff8000000000000
core   0: 0x00000000800053c2 (0x00102df3) csrrs   s11, fflags, zero
core   0: 1 0x00000000800053c2 (0x00102df3) x27 0x0000000000000011
core   0: 0x00000000800053c6 (0xc02e7e53) fcvt.l.s t3, ft8
core   0: 1 0x00000000800053c6 (0xc02e7e53) c1_fflags 0x0000000000000011 x28 0x7fffffffffffffff
core   0: 0x00000000800053ca (0x016e6333) or      t1, t3, s6
core   0: 1 0x00000000800053ca (0x016e6333) x6  0x7fffffffffffffff
core   0: 0x00000000800053ce (0x0ff0000f) fence   iorw,iorw
core   0: 1 0x00000000800053ce (0x0ff0000f)
core   0: 0x00000000800053d2 (0x420a8f53) fcvt.d.s ft10, fs5
core   0: 1 0x00000000800053d2 (0x420a8f53) f30 0x7ff8000000000000
core   0: 0x00000000800053d6 (0xe2038153) fmv.x.d sp, ft7
core   0: 1 0x00000000800053d6 (0xe2038153) x2  0x7ff8000000000000
core   0: 0x00000000800053da (0x00212633) slt     a2, sp, sp
core   0: 1 0x00000000800053da (0x00212633) x12 0x0000000000000000
core   0: 0x00000000800053de (0xc23af153) fcvt.lu.d sp, fs5
core   0: 1 0x00000000800053de (0xc23af153) c1_fflags 0x0000000000000011 x2  0xffffffffffffffff
core   0: 0x00000000800053e2 (0xc201f453) fcvt.w.d s0, ft3
core   0: 1 0x00000000800053e2 (0xc201f453) x8  0x0000000000000a00
core   0: 0x00000000800053e6 (0xd02bf653) fcvt.s.l fa2, s7
core   0: 1 0x00000000800053e6 (0xd02bf653) f12 0xffffffff00000000
core   0: 0x00000000800053ea (0xd236f3d3) fcvt.d.lu ft7, a3
core   0: 1 0x00000000800053ea (0xd236f3d3) f7  0x3ff0000000000000
core   0: 0x00000000800053ee (0x035a8733) mul     a4, s5, s5
core   0: 1 0x00000000800053ee (0x035a8733) x14 0x41947af981f56ce4
core   0: 0x00000000800053f2 (0x60577993) andi    s3, a4, 1541
core   0: 1 0x00000000800053f2 (0x60577993) x19 0x0000000000000404
core   0: 0x00000000800053f6 (0xe20b0853) fmv.x.d a6, fs6
core   0: 1 0x00000000800053f6 (0xe20b0853) x16 0x7ff8000000000000
core   0: 0x00000000800053fa (0x0105feb3) and     t4, a1, a6
core   0: 1 0x00000000800053fa (0x0105feb3) x29 0x0000000000000000
core   0: 0x00000000800053fe (0x32d67343) fmadd.d ft6, fa2, fa3, ft6
core   0: 1 0x00000000800053fe (0x32d67343) f6  0x7ff8000000000000
core   0: 0x0000000080005402 (0x227f1bd3) fsgnjn.d fs7, ft10, ft7
core   0: 1 0x0000000080005402 (0x227f1bd3) f23 0xfff8000000000000
core   0: 0x0000000080005406 (0x2ad286d3) fmin.d  fa3, ft5, fa3
core   0: 1 0x0000000080005406 (0x2ad286d3) f13 0xc1cf3e63e3000000
core   0: 0x000000008000540a (0x41d5db33) sra     s6, a1, t4
core   0: 1 0x000000008000540a (0x41d5db33) x22 0x000000000002ee01
core   0: 0x000000008000540e (0x2b2b86d3) fmin.d  fa3, fs7, fs2
core   0: 1 0x000000008000540e (0x2b2b86d3) f13 0x7ff8000000000000
core   0: 0x0000000080005412 (0x01a89d3b) sllw    s10, a7, s10
core   0: 1 0x0000000080005412 (0x01a89d3b) x26 0x0000000000000000
core   0: 0x0000000080005416 (0x01fd559b) srliw   a1, s10, 31
core   0: 1 0x0000000080005416 (0x01fd559b) x11 0x0000000000000000
core   0: 0x000000008000541a (0x02caed97) auipc   s11, 0x2cae
core   0: 1 0x000000008000541a (0x02caed97) x27 0x0000000082cb341a
core   0: 0x000000008000541e (0x00261973) csrrw   s2, frm, a2
core   0: 1 0x000000008000541e (0x00261973) x18 0x0000000000000000 c2_frm 0x0000000000000000
core   0: 0x0000000080005422 (0x63e77cc7) fmsub.d fs9, fa4, ft10, fa2
core   0: 1 0x0000000080005422 (0x63e77cc7) f25 0x7ff8000000000000
core   0: 0x0000000080005426 (0x01bd5d33) srl     s10, s10, s11
core   0: 1 0x0000000080005426 (0x01bd5d33) x26 0x0000000000000000
core   0: 0x000000008000542a (0x0afcf253) fsub.d  ft4, fs9, fa5
core   0: 1 0x000000008000542a (0x0afcf253) f4  0x7ff8000000000000
core   0: 0x000000008000542e (0x00e903b3) add     t2, s2, a4
core   0: 1 0x000000008000542e (0x00e903b3) x7  0x41947af981f56ce4
core   0: 0x0000000080005432 (0x027790b3) mulh    ra, a5, t2
core   0: 1 0x0000000080005432 (0x027790b3) x1  0x0000000000000000
core   0: 0x0000000080005436 (0x02c31cb3) mulh    s9, t1, a2
core   0: 1 0x0000000080005436 (0x02c31cb3) x25 0x0000000000000000
core   0: 0x000000008000543a (0xd03bf9d3) fcvt.s.lu fs3, s7
core   0: 1 0x000000008000543a (0xd03bf9d3) f19 0xffffffff00000000
core   0: 0x000000008000543e (0x343a5df3) csrrwi  s11, mtval, 20
core   0: exception trap_illegal_instruction, epc 0x000000008000543e
core   0:           tval 0x00000000343a5df3
core   0: >>>>  $xrv64i2p1_m2p0_a2p1_f2p2_d2p2_zicsr2p0_zifencei2p0_zmmul1p0_zba1p0_zbb1p0_zbc1p0_zbs1p0
core   0: 0x0000000080004000 (0x0080006f) j       pc + 0x8
core   0: 3 0x0000000080004000 (0x0080006f)
core   0: >>>>  mmode_exception_handler
core   0: 0x0000000080004008 (0x00002c17) auipc   s8, 0x2
core   0: 3 0x0000000080004008 (0x00002c17) x24 0x0000000080006008
core   0: 0x000000008000400c (0x056c0c13) addi    s8, s8, 86
core   0: 3 0x000000008000400c (0x056c0c13) x24 0x000000008000605e
core   0: 0x0000000080004010 (0x000c00e7) jalr    s8
core   0: 3 0x0000000080004010 (0x000c00e7) x1  0x0000000080004014
core   0: >>>>  any_handler
core   0: 0x000000008000605e (0x341027f3) csrrs   a5, mepc, zero
core   0: 3 0x000000008000605e (0x341027f3) x15 0x000000008000543e
core   0: 0x0000000080006062 (0x34202773) csrrs   a4, mcause, zero
core   0: 3 0x0000000080006062 (0x34202773) x14 0x0000000000000002
core   0: 0x0000000080006066 (0x142026f3) csrrs   a3, scause, zero
core   0: 3 0x0000000080006066 (0x142026f3) x13 0xffffffffffffffff
core   0: 0x000000008000606a (0x30402673) csrrs   a2, mie, zero
core   0: 3 0x000000008000606a (0x30402673) x12 0x0000000000000a00
core   0: 0x000000008000606e (0x344025f3) csrrs   a1, mip, zero
core   0: 3 0x000000008000606e (0x344025f3) x11 0x0000000000000080
core   0: 0x0000000080006072 (0x343025f3) csrrs   a1, mtval, zero
core   0: 3 0x0000000080006072 (0x343025f3) x11 0x00000000343a5df3
core   0: 0x0000000080006076 (0x14302573) csrrs   a0, stval, zero
core   0: 3 0x0000000080006076 (0x14302573) x10 0x0000000000000000
core   0: 0x000000008000607a (0xb02024f3) csrrs   s1, minstret, zero
core   0: 3 0x000000008000607a (0xb02024f3) x9  0x0000000000000fac
core   0: 0x000000008000607e (0x0000a811) c.j     pc + 20
core   0: 3 0x000000008000607e (0xa811)
core   0: >>>>  mepc_4
core   0: 0x0000000080006092 (0x00000791) c.addi  a5, 4
core   0: 3 0x0000000080006092 (0x0791) x15 0x0000000080005442
core   0: 0x0000000080006094 (0x34179073) csrrw   zero, mepc, a5
core   0: 3 0x0000000080006094 (0x34179073) c833_mepc 0x0000000080005442
core   0: 0x0000000080006098 (0x30200073) mret
core   0: 3 0x0000000080006098 (0x30200073) c768_mstatus 0x8000000a00106080
core   0: 0x0000000080005442 (0x401f7ad3) fcvt.s.d fs5, ft10
core   0: 1 0x0000000080005442 (0x401f7ad3) f21 0xffffffff7fc00000
core   0: 0x0000000080005446 (0x22e9aed3) fsgnjx.d ft9, fs3, fa4
core   0: 1 0x0000000080005446 (0x22e9aed3) f29 0xffffffff00000000
core   0: 0x000000008000544a (0x01dea3b3) slt     t2, t4, t4
core   0: 1 0x000000008000544a (0x01dea3b3) x7  0x0000000000000000
core   0: 0x000000008000544e (0x2db03b17) auipc   s6, 0x2db03
core   0: 1 0x000000008000544e (0x2db03b17) x22 0x00000000adb0844e
core   0: 0x0000000080005452 (0x03676833) rem     a6, a4, s6
core   0: 1 0x0000000080005452 (0x03676833) x16 0x0000000000000002
core   0: 0x0000000080005456 (0xeabef5cb) fnmsub.d fa1, ft9, fa1, ft9
core   0: 1 0x0000000080005456 (0xeabef5cb) f11 0x7ff8000000000000
core   0: 0x000000008000545a (0x00251af3) csrrw   s5, frm, a0
core   0: 1 0x000000008000545a (0x00251af3) x21 0x0000000000000000 c2_frm 0x0000000000000000
core   0: 0x000000008000545e (0x02ea7a53) fadd.d  fs4, fs4, fa4
core   0: 1 0x000000008000545e (0x02ea7a53) f20 0x7ff8000000000000
core   0: 0x0000000080005462 (0x40c656bb) sraw    a3, a2, a2
core   0: 1 0x0000000080005462 (0x40c656bb) x13 0x0000000000000a00
core   0: 0x0000000080005466 (0x40c45493) srai    s1, s0, 12
core   0: 1 0x0000000080005466 (0x40c45493) x9  0x0000000000000000
core   0: 0x000000008000546a (0x4b044d13) xori    s10, s0, 1200
core   0: 1 0x000000008000546a (0x4b044d13) x26 0x0000000000000eb0
core   0: 0x000000008000546e (0x43ab5c93) srai    s9, s6, 58
core   0: 1 0x000000008000546e (0x43ab5c93) x25 0x0000000000000000
core   0: 0x0000000080005472 (0xc219f5d3) fcvt.wu.d a1, fs3
core   0: 1 0x0000000080005472 (0xc219f5d3) c1_fflags 0x0000000000000011 x11 0xffffffffffffffff
core   0: 0x0000000080005476 (0x021583bb) mulw    t2, a1, ra
core   0: 1 0x0000000080005476 (0x021583bb) x7  0x000000007fffbfec
core   0: 0x000000008000547a (0x02109eb3) mulh    t4, ra, ra
core   0: 1 0x000000008000547a (0x02109eb3) x29 0x0000000000000000
core   0: 0x000000008000547e (0x0003ec13) ori     s8, t2, 0
core   0: 1 0x000000008000547e (0x0003ec13) x24 0x000000007fffbfec
core   0: 0x0000000080005482 (0x00bbdbb3) srl     s7, s7, a1
core   0: 1 0x0000000080005482 (0x00bbdbb3) x23 0x0000000000000000
core   0: 0x0000000080005486 (0x0180deb3) srl     t4, ra, s8
core   0: 1 0x0000000080005486 (0x0180deb3) x29 0x0000000000000000
core   0: 0x000000008000548a (0x01dc4d33) xor     s10, s8, t4
core   0: 1 0x000000008000548a (0x01dc4d33) x26 0x000000007fffbfec
core   0: 0x000000008000548e (0xd2108cd3) fcvt.d.wu fs9, ra
core   0: 1 0x000000008000548e (0xd2108cd3) f25 0x41e0000802800000
core   0: 0x0000000080005492 (0x0094ee33) or      t3, s1, s1
core   0: 1 0x0000000080005492 (0x0094ee33) x28 0x0000000000000000
core   0: 0x0000000080005496 (0xc20cf853) fcvt.w.d a6, fs9
core   0: 1 0x0000000080005496 (0xc20cf853) c1_fflags 0x0000000000000011 x16 0x000000007fffffff
core   0: 0x000000008000549a (0x030e6ab3) rem     s5, t3, a6
core   0: 1 0x000000008000549a (0x030e6ab3) x21 0x0000000000000000
core   0: 0x000000008000549e (0x010814bb) sllw    s1, a6, a6
core   0: 1 0x000000008000549e (0x010814bb) x9  0xffffffff80000000
core   0: 0x00000000800054a2 (0x02d490b3) mulh    ra, s1, a3
core   0: 1 0x00000000800054a2 (0x02d490b3) x1  0xffffffffffffffff
core   0: 0x00000000800054a6 (0x0006cc93) xori    s9, a3, 0
core   0: 1 0x00000000800054a6 (0x0006cc93) x25 0x0000000000000a00
core   0: 0x00000000800054aa (0xc2197953) fcvt.wu.d s2, fs2
core   0: 1 0x00000000800054aa (0xc2197953) c1_fflags 0x0000000000000011 x18 0xffffffffffffffff
core   0: 0x00000000800054ae (0xd0277953) fcvt.s.l fs2, a4
core   0: 1 0x00000000800054ae (0xd0277953) f18 0xffffffff40000000
core   0: 0x00000000800054b2 (0x000c511b) srliw   sp, s8, 0
core   0: 1 0x00000000800054b2 (0x000c511b) x2  0x000000007fffbfec
core   0: 0x00000000800054b6 (0xa3930053) fle.d   zero, ft6, fs9
core   0: 1 0x00000000800054b6 (0xa3930053) c1_fflags 0x0000000000000011
core   0: 0x00000000800054ba (0x4012d293) srai    t0, t0, 1
core   0: 1 0x00000000800054ba (0x4012d293) x5  0xffffffe22f7ddee8
core   0: 0x00000000800054be (0x00009bf2) c.add   s7, t3
core   0: 1 0x00000000800054be (0x9bf2) x23 0x0000000000000000
core   0: 0x00000000800054c0 (0x4018fb53) fcvt.s.d fs6, fa7
core   0: 1 0x00000000800054c0 (0x4018fb53) f22 0xffffffff7fc00000
core   0: 0x00000000800054c4 (0x6b797047) fmsub.d ft0, fs2, fs7, fa3
core   0: 1 0x00000000800054c4 (0x6b797047) f0  0x7ff8000000000000
core   0: 0x00000000800054c8 (0xa3668e53) fle.d   t3, fa3, fs6
core   0: 1 0x00000000800054c8 (0xa3668e53) c1_fflags 0x0000000000000011 x28 0x0000000000000000
core   0: 0x00000000800054cc (0x22eb8ed3) fsgnj.d ft9, fs7, fa4
core   0: 1 0x00000000800054cc (0x22eb8ed3) f29 0x7ff8000000000000
core   0: 0x00000000800054d0 (0xeafb7f43) fmadd.d ft10, fs6, fa5, ft9
core   0: 1 0x00000000800054d0 (0xeafb7f43) f30 0x7ff8000000000000
core   0: 0x00000000800054d4 (0x5a0570d3) fsqrt.d ft1, fa0
core   0: 1 0x00000000800054d4 (0x5a0570d3) f1  0x7ff8000000000000
core   0: 0x00000000800054d8 (0x03018533) mul     a0, gp, a6
core   0: 1 0x00000000800054d8 (0x03018533) x10 0xd20e78f5dbe30e15
core   0: 0x00000000800054dc (0x42107443) fmadd.d fs0, ft0, ft1, fs0
core   0: 1 0x00000000800054dc (0x42107443) f8  0x7ff8000000000000
core   0: 0x00000000800054e0 (0x2bd21ed3) fmax.d  ft9, ft4, ft9
core   0: 1 0x00000000800054e0 (0x2bd21ed3) f29 0x7ff8000000000000
core   0: 0x00000000800054e4 (0x03ccddbb) divuw   s11, s9, t3
core   0: 1 0x00000000800054e4 (0x03ccddbb) x27 0xffffffffffffffff
core   0: 0x00000000800054e8 (0x01b51633) sll     a2, a0, s11
core   0: 1 0x00000000800054e8 (0x01b51633) x12 0x8000000000000000
core   0: 0x00000000800054ec (0x0080ea33) or      s4, ra, s0
core   0: 1 0x00000000800054ec (0x0080ea33) x20 0xffffffffffffffff
core   0: 0x00000000800054f0 (0x00239af3) csrrw   s5, frm, t2
core   0: 1 0x00000000800054f0 (0x00239af3) x21 0x0000000000000000 c2_frm 0x0000000000000004
core   0: 0x00000000800054f4 (0x506ef697) auipc   a3, 0x506ef
core   0: 1 0x00000000800054f4 (0x506ef697) x13 0x00000000d06f44f4
core   0: 0x00000000800054f8 (0x4154d9b3) sra     s3, s1, s5
core   0: 1 0x00000000800054f8 (0x4154d9b3) x19 0xffffffff80000000
core   0: 0x00000000800054fc (0x0397d413) srli    s0, a5, 57
core   0: 1 0x00000000800054fc (0x0397d413) x8  0x0000000000000000
core   0: 0x0000000080005500 (0xfff7fb93) andi    s7, a5, -1
core   0: 1 0x0000000080005500 (0xfff7fb93) x23 0x0000000080005442
core   0: 0x0000000080005504 (0x7dbbcd13) xori    s10, s7, 2011
core   0: 1 0x0000000080005504 (0x7dbbcd13) x26 0x0000000080005399
core   0: 0x0000000080005508 (0x00119b73) csrrw   s6, fflags, gp
core   0: 1 0x0000000080005508 (0x00119b73) x22 0x0000000000000011 c1_fflags 0x000000000000000b
core   0: 0x000000008000550c (0x9325f947) fmsub.d fs2, fa1, fs2, fs2
core   0: 1 0x000000008000550c (0x9325f947) f18 0x7ff8000000000000
core   0: 0x0000000080005510 (0x020244b3) div     s1, tp, zero
core   0: 1 0x0000000080005510 (0x020244b3) x9  0xffffffffffffffff
core   0: 0x0000000080005514 (0x29448a93) addi    s5, s1, 660
core   0: 1 0x0000000080005514 (0x29448a93) x21 0x0000000000000293
core   0: 0x0000000080005518 (0x0b407253) fsub.d  ft4, ft0, fs4
core   0: 1 0x0000000080005518 (0x0b407253) f4  0x7ff8000000000000
core   0: 0x000000008000551c (0x224228d3) fsgnjx.d fa7, ft4, ft4
core   0: 1 0x000000008000551c (0x224228d3) f17 0x7ff8000000000000
core   0: 0x0000000080005520 (0x00751c3b) sllw    s8, a0, t2
core   0: 1 0x0000000080005520 (0x00751c3b) x24 0x0000000030e15000
core   0: 0x0000000080005524 (0x0044e633) or      a2, s1, tp
core   0: 1 0x0000000080005524 (0x0044e633) x12 0xffffffffffffffff
core   0: 0x0000000080005528 (0xd2020bd3) fcvt.d.w fs7, tp
core   0: 1 0x0000000080005528 (0xd2020bd3) f23 0xbff0000000000000
core   0: 0x000000008000552c (0x00000001) c.nop
core   0: 1 0x000000008000552c (0x0001)
core   0: 0x000000008000552e (0x0072109b) slliw   ra, tp, 7
core   0: 1 0x000000008000552e (0x0072109b) x1  0xffffffffffffff80
core   0: 0x0000000080005532 (0x03bdfdb3) remu    s11, s11, s11
core   0: 1 0x0000000080005532 (0x03bdfdb3) x27 0x0000000000000000
core   0: 0x0000000080005536 (0x141053f3) csrrwi  t2, sepc, 0
core   0: 1 0x0000000080005536 (0x141053f3) x7  0x0000000000000016 c321_sepc 0x0000000000000000
core   0: 0x000000008000553a (0xfff3e493) ori     s1, t2, -1
core   0: 1 0x000000008000553a (0xfff3e493) x9  0xffffffffffffffff
core   0: 0x000000008000553e (0x0008581b) srliw   a6, a6, 0
core   0: 1 0x000000008000553e (0x0008581b) x16 0x000000007fffffff
core   0: 0x0000000080005542 (0x00000001) c.nop
core   0: 1 0x0000000080005542 (0x0001)
core   0: 0x0000000080005544 (0x2249a9d3) fsgnjx.d fs3, fs3, ft4
core   0: 1 0x0000000080005544 (0x2249a9d3) f19 0xffffffff00000000
core   0: 0x0000000080005548 (0x01a300b3) add     ra, t1, s10
core   0: 1 0x0000000080005548 (0x01a300b3) x1  0x8000000080005398
core   0: 0x000000008000554c (0x00e36e33) or      t3, t1, a4
core   0: 1 0x000000008000554c (0x00e36e33) x28 0x7fffffffffffffff
core   0: 0x0000000080005550 (0x03177ab3) remu    s5, a4, a7
core   0: 1 0x0000000080005550 (0x03177ab3) x21 0x0000000000000002
core   0: 0x0000000080005554 (0x02fd7353) fadd.d  ft6, fs10, fa5
core   0: 1 0x0000000080005554 (0x02fd7353) f6  0x7ff8000000000000
core   0: 0x0000000080005558 (0xd3a47b4b) fnmsub.d fs6, fs0, fs10, fs10
core   0: 1 0x0000000080005558 (0xd3a47b4b) f22 0x7ff8000000000000
core   0: 0x000000008000555c (0x01502033) slt     zero, zero, s5
core   0: 1 0x000000008000555c (0x01502033)
core   0: 0x0000000080005560 (0x43355d13) srai    s10, a0, 51
core   0: 1 0x0000000080005560 (0x43355d13) x26 0xfffffffffffffa41
core   0: 0x0000000080005564 (0x0180893b) addw    s2, ra, s8
core   0: 1 0x0000000080005564 (0x0180893b) x18 0xffffffffb0e1a398
core   0: 0x0000000080005568 (0xbb3a94b7) lui     s1, 0xbb3a9
core   0: 1 0x0000000080005568 (0xbb3a94b7) x9  0xffffffffbb3a9000
core   0: 0x000000008000556c (0x4a66081b) addiw   a6, a2, 1190
core   0: 1 0x000000008000556c (0x4a66081b) x16 0x00000000000004a5
core   0: 0x0000000080005570 (0x01367633) and     a2, a2, s3
core   0: 1 0x0000000080005570 (0x01367633) x12 0xffffffff80000000
core   0: 0x0000000080005574 (0x43ab7547) fmsub.d fa0, fs6, fs10, fs0
core   0: 1 0x0000000080005574 (0x43ab7547) f10 0x7ff8000000000000
core   0: 0x0000000080005578 (0x0000879a) c.mv    a5, t1
core   0: 1 0x0000000080005578 (0x879a) x15 0x7fffffffffffffff
core   0: 0x000000008000557a (0x021c413b) divw    sp, s8, ra
core   0: 1 0x000000008000557a (0x021c413b) x2  0x0000000000000000
core   0: 0x000000008000557e (0x01129a13) slli    s4, t0, 17
core   0: 1 0x000000008000557e (0x01129a13) x20 0xffc45efbbdd00000
core   0: 0x0000000080005582 (0x41430a33) sub     s4, t1, s4
core   0: 1 0x0000000080005582 (0x41430a33) x20 0x803ba104422fffff
core   0: 0x0000000080005586 (0x4e407613) andi    a2, zero, 1252
core   0: 1 0x0000000080005586 (0x4e407613) x12 0x0000000000000000
core   0: 0x000000008000558a (0x03991693) slli    a3, s2, 57
core   0: 1 0x000000008000558a (0x03991693) x13 0x3000000000000000
core   0: 0x000000008000558e (0x40157d53) fcvt.s.d fs10, fa0
core   0: 1 0x000000008000558e (0x40157d53) f26 0xffffffff7fc00000
core   0: 0x0000000080005592 (0x411d8833) sub     a6, s11, a7
core   0: 1 0x0000000080005592 (0x411d8833) x16 0x0000000000000000
core   0: 0x0000000080005596 (0x0014141b) slliw   s0, s0, 1
core   0: 1 0x0000000080005596 (0x0014141b) x8  0x0000000000000000
core   0: 0x000000008000559a (0x1b7bf153) fdiv.d  ft2, fs7, fs7
core   0: 1 0x000000008000559a (0x1b7bf153) f2  0x3ff0000000000000
core   0: 0x000000008000559e (0xfa846493) ori     s1, s0, -88
core   0: 1 0x000000008000559e (0xfa846493) x9  0xffffffffffffffa8
core   0: 0x00000000800055a2 (0x018c6c33) or      s8, s8, s8
core   0: 1 0x00000000800055a2 (0x018c6c33) x24 0x0000000030e15000
core   0: 0x00000000800055a6 (0x000dc013) xori    zero, s11, 0
core   0: 1 0x00000000800055a6 (0x000dc013)
core   0: 0x00000000800055aa (0x2bae72c7) fmsub.d ft5, ft8, fs10, ft5
core   0: 1 0x00000000800055aa (0x2bae72c7) f5  0x7ff8000000000000
core   0: 0x00000000800055ae (0xc022f0d3) fcvt.l.s ra, ft5
core   0: 1 0x00000000800055ae (0xc022f0d3) c1_fflags 0x000000000000001b x1  0x7fffffffffffffff
core   0: 0x00000000800055b2 (0x001024f3) csrrs   s1, fflags, zero
core   0: 1 0x00000000800055b2 (0x001024f3) x9  0x000000000000001b
core   0: 0x00000000800055b6 (0x00000001) c.nop
core   0: 1 0x00000000800055b6 (0x0001)
core   0: 0x00000000800055b8 (0x0295533b) divuw   t1, a0, s1
core   0: 1 0x00000000800055b8 (0x0295533b) x6  0x000000000824da98
core   0: 0x00000000800055bc (0xc025fed3) fcvt.l.s t4, fa1
core   0: 1 0x00000000800055bc (0xc025fed3) c1_fflags 0x000000000000001b x29 0x7fffffffffffffff
core   0: 0x00000000800055c0 (0x016ad033) srl     zero, s5, s6
core   0: 1 0x00000000800055c0 (0x016ad033)
core   0: 0x00000000800055c4 (0xd2287cd3) fcvt.d.l fs9, a6
core   0: 1 0x00000000800055c4 (0xd2287cd3) f25 0x0000000000000000
core   0: 0x00000000800055c8 (0x2a5f8f53) fmin.d  ft10, ft11, ft5
core   0: 1 0x00000000800055c8 (0x2a5f8f53) f30 0xc19b8d4028000000
core   0: 0x00000000800055cc (0x2b5c82d3) fmin.d  ft5, fs9, fs5
core   0: 1 0x00000000800055cc (0x2b5c82d3) f5  0x0000000000000000
core   0: 0x00000000800055d0 (0x0351f353) fadd.d  ft6, ft3, fs5
core   0: 1 0x00000000800055d0 (0x0351f353) f6  0x7ff8000000000000
core   0: 0x00000000800055d4 (0x223797d3) fsgnjn.d fa5, fa5, ft3
core   0: 1 0x00000000800055d4 (0x223797d3) f15 0xffffffff40800000
core   0: 0x00000000800055d8 (0xc231f6d3) fcvt.lu.d a3, ft3
core   0: 1 0x00000000800055d8 (0xc231f6d3) x13 0x0000000000000a00
core   0: 0x00000000800055dc (0x00061033) sll     zero, a2, zero
core   0: 1 0x00000000800055dc (0x00061033)
core   0: 0x00000000800055e0 (0x2113f113) andi    sp, t2, 529
core   0: 1 0x00000000800055e0 (0x2113f113) x2  0x0000000000000010
core   0: 0x00000000800055e4 (0x02f088bb) mulw    a7, ra, a5
core   0: 1 0x00000000800055e4 (0x02f088bb) x17 0x0000000000000001
core   0: 0x00000000800055e8 (0x01daae33) slt     t3, s5, t4
core   0: 1 0x00000000800055e8 (0x01daae33) x28 0x0000000000000001
core   0: 0x00000000800055ec (0x00000001) c.nop
core   0: 1 0x00000000800055ec (0x0001)
core   0: 0x00000000800055ee (0x01581933) sll     s2, a6, s5
core   0: 1 0x00000000800055ee (0x01581933) x18 0x0000000000000000
core   0: 0x00000000800055f2 (0x0009e993) ori     s3, s3, 0
core   0: 1 0x00000000800055f2 (0x0009e993) x19 0xffffffff80000000
core   0: 0x00000000800055f6 (0x0025153b) sllw    a0, a0, sp
core   0: 1 0x00000000800055f6 (0x0025153b) x10 0x000000000e150000
core   0: 0x00000000800055fa (0x014d18bb) sllw    a7, s10, s4
core   0: 1 0x00000000800055fa (0x014d18bb) x17 0xffffffff80000000
core   0: 0x00000000800055fe (0x2db80813) addi    a6, a6, 731
core   0: 1 0x00000000800055fe (0x2db80813) x16 0x00000000000002db
core   0: 0x0000000080005602 (0x009d04bb) addw    s1, s10, s1
core   0: 1 0x0000000080005602 (0x009d04bb) x9  0xfffffffffffffa5c
core   0: 0x0000000080005606 (0x420d0ed3) fcvt.d.s ft9, fs10
core   0: 1 0x0000000080005606 (0x420d0ed3) f29 0x7ff8000000000000
core   0: 0x000000008000560a (0xd0287053) fcvt.s.l ft0, a6
core   0: 1 0x000000008000560a (0xd0287053) f0  0xffffffff4436c000
core   0: 0x000000008000560e (0x800e8c13) addi    s8, t4, -2048
core   0: 1 0x000000008000560e (0x800e8c13) x24 0x7ffffffffffff7ff
core   0: 0x0000000080005612 (0xc2097bd3) fcvt.w.d s7, fs2
core   0: 1 0x0000000080005612 (0xc2097bd3) c1_fflags 0x000000000000001b x23 0x000000007fffffff
core   0: 0x0000000080005616 (0x00f196bb) sllw    a3, gp, a5
core   0: 1 0x0000000080005616 (0x00f196bb) x13 0xffffffff80000000
core   0: 0x000000008000561a (0x0b207953) fsub.d  fs2, ft0, fs2
core   0: 1 0x000000008000561a (0x0b207953) f18 0x7ff8000000000000
core   0: 0x000000008000561e (0x1518839b) addiw   t2, a7, 337
core   0: 1 0x000000008000561e (0x1518839b) x7  0xffffffff80000151
core   0: 0x0000000080005622 (0x5d0eb637) lui     a2, 0x5d0eb
core   0: 1 0x0000000080005622 (0x5d0eb637) x12 0x000000005d0eb000
core   0: 0x0000000080005626 (0x02bb1533) mulh    a0, s6, a1
core   0: 1 0x0000000080005626 (0x02bb1533) x10 0xffffffffffffffff
core   0: 0x000000008000562a (0x01454733) xor     a4, a0, s4
core   0: 1 0x000000008000562a (0x01454733) x14 0x7fc45efbbdd00000
core   0: 0x000000008000562e (0x001750bb) srlw    ra, a4, ra
core   0: 1 0x000000008000562e (0x001750bb) x1  0x0000000000000001
core   0: 0x0000000080005632 (0x00000001) c.nop
core   0: 1 0x0000000080005632 (0x0001)
core   0: 0x0000000080005634 (0xdbda8a9b) addiw   s5, s5, -579
core   0: 1 0x0000000080005634 (0xdbda8a9b) x21 0xfffffffffffffdbf
core   0: 0x0000000080005638 (0x00ca9c3b) sllw    s8, s5, a2
core   0: 1 0x0000000080005638 (0x00ca9c3b) x24 0xfffffffffffffdbf
core   0: 0x000000008000563c (0xc02876d3) fcvt.l.s a3, fa6
core   0: 1 0x000000008000563c (0xc02876d3) c1_fflags 0x000000000000001b x13 0x7fffffffffffffff
core   0: 0x0000000080005640 (0x038c6ab3) rem     s5, s8, s8
core   0: 1 0x0000000080005640 (0x038c6ab3) x21 0x0000000000000000
core   0: 0x0000000080005644 (0x2204aed3) fsgnjx.d ft9, fs1, ft0
core   0: 1 0x0000000080005644 (0x2204aed3) f29 0x7fffffffbf800000
core   0: 0x0000000080005648 (0x00000b3b) addw    s6, zero, zero
core   0: 1 0x0000000080005648 (0x00000b3b) x22 0x0000000000000000
core   0: 0x000000008000564c (0x034cecb3) rem     s9, s9, s4
core   0: 1 0x000000008000564c (0x034cecb3) x25 0x0000000000000a00
core   0: 0x0000000080005650 (0x306ebef3) csrrc   t4, mcounteren, t4
core   0: exception trap_illegal_instruction, epc 0x0000000080005650
core   0:           tval 0x00000000306ebef3
core   0: >>>>  $xrv64i2p1_m2p0_a2p1_f2p2_d2p2_zicsr2p0_zifencei2p0_zmmul1p0_zba1p0_zbb1p0_zbc1p0_zbs1p0
core   0: 0x0000000080004000 (0x0080006f) j       pc + 0x8
core   0: 3 0x0000000080004000 (0x0080006f)
core   0: >>>>  mmode_exception_handler
core   0: 0x0000000080004008 (0x00002c17) auipc   s8, 0x2
core   0: 3 0x0000000080004008 (0x00002c17) x24 0x0000000080006008
core   0: 0x000000008000400c (0x056c0c13) addi    s8, s8, 86
core   0: 3 0x000000008000400c (0x056c0c13) x24 0x000000008000605e
core   0: 0x0000000080004010 (0x000c00e7) jalr    s8
core   0: 3 0x0000000080004010 (0x000c00e7) x1  0x0000000080004014
core   0: >>>>  any_handler
core   0: 0x000000008000605e (0x341027f3) csrrs   a5, mepc, zero
core   0: 3 0x000000008000605e (0x341027f3) x15 0x0000000080005650
core   0: 0x0000000080006062 (0x34202773) csrrs   a4, mcause, zero
core   0: 3 0x0000000080006062 (0x34202773) x14 0x0000000000000002
core   0: 0x0000000080006066 (0x142026f3) csrrs   a3, scause, zero
core   0: 3 0x0000000080006066 (0x142026f3) x13 0xffffffffffffffff
core   0: 0x000000008000606a (0x30402673) csrrs   a2, mie, zero
core   0: 3 0x000000008000606a (0x30402673) x12 0x0000000000000a00
core   0: 0x000000008000606e (0x344025f3) csrrs   a1, mip, zero
core   0: 3 0x000000008000606e (0x344025f3) x11 0x0000000000000080
core   0: 0x0000000080006072 (0x343025f3) csrrs   a1, mtval, zero
core   0: 3 0x0000000080006072 (0x343025f3) x11 0x00000000306ebef3
core   0: 0x0000000080006076 (0x14302573) csrrs   a0, stval, zero
core   0: 3 0x0000000080006076 (0x14302573) x10 0x0000000000000000
core   0: 0x000000008000607a (0xb02024f3) csrrs   s1, minstret, zero
core   0: 3 0x000000008000607a (0xb02024f3) x9  0x0000000000001043
core   0: 0x000000008000607e (0x0000a811) c.j     pc + 20
core   0: 3 0x000000008000607e (0xa811)
core   0: >>>>  mepc_4
core   0: 0x0000000080006092 (0x00000791) c.addi  a5, 4
core   0: 3 0x0000000080006092 (0x0791) x15 0x0000000080005654
core   0: 0x0000000080006094 (0x34179073) csrrw   zero, mepc, a5
core   0: 3 0x0000000080006094 (0x34179073) c833_mepc 0x0000000080005654
core   0: 0x0000000080006098 (0x30200073) mret
core   0: 3 0x0000000080006098 (0x30200073) c768_mstatus 0x8000000a00106080
core   0: 0x0000000080005654 (0x00000001) c.nop
core   0: 1 0x0000000080005654 (0x0001)
core   0: 0x0000000080005656 (0x41e7599b) sraiw   s3, a4, 30
core   0: 1 0x0000000080005656 (0x41e7599b) x19 0x0000000000000000
core   0: 0x000000008000565a (0x00f9a8b3) slt     a7, s3, a5
core   0: 1 0x000000008000565a (0x00f9a8b3) x17 0x0000000000000001
core   0: 0x000000008000565e (0x40b58a33) sub     s4, a1, a1
core   0: 1 0x000000008000565e (0x40b58a33) x20 0x0000000000000000
core   0: 0x0000000080005662 (0x036d5e13) srli    t3, s10, 54
core   0: 1 0x0000000080005662 (0x036d5e13) x28 0x00000000000003ff
core   0: 0x0000000080005666 (0x0017f113) andi    sp, a5, 1
core   0: 1 0x0000000080005666 (0x0017f113) x2  0x0000000000000000
core   0: 0x000000008000566a (0x009bc933) xor     s2, s7, s1
core   0: 1 0x000000008000566a (0x009bc933) x18 0x000000007fffefbc
core   0: 0x000000008000566e (0x01c49a3b) sllw    s4, s1, t3
core   0: 1 0x000000008000566e (0x01c49a3b) x20 0xffffffff80000000
core   0: 0x0000000080005672 (0x5a0ef953) fsqrt.d fs2, ft9
core   0: 1 0x0000000080005672 (0x5a0ef953) f18 0x7ff8000000000000
core   0: 0x0000000080005676 (0x5a0e7853) fsqrt.d fa6, ft8
core   0: 1 0x0000000080005676 (0x5a0e7853) f16 0x7ff8000000000000
core   0: 0x000000008000567a (0x40055d9b) sraiw   s11, a0, 0
core   0: 1 0x000000008000567a (0x40055d9b) x27 0x0000000000000000
core   0: 0x000000008000567e (0x026b6b3b) remw    s6, s6, t1
core   0: 1 0x000000008000567e (0x026b6b3b) x22 0x0000000000000000
core   0: 0x0000000080005682 (0xdb6f9c37) lui     s8, 0xdb6f9
core   0: 1 0x0000000080005682 (0xdb6f9c37) x24 0xffffffffdb6f9000
core   0: 0x0000000080005686 (0x40e75abb) sraw    s5, a4, a4
core   0: 1 0x0000000080005686 (0x40e75abb) x21 0x0000000000000000
core   0: 0x000000008000568a (0x5a097dd3) fsqrt.d fs11, fs2
core   0: 1 0x000000008000568a (0x5a097dd3) f27 0x7ff8000000000000
core   0: 0x000000008000568e (0x404e8333) sub     t1, t4, tp
core   0: 1 0x000000008000568e (0x404e8333) x6  0x8000000000000000
core   0: 0x0000000080005692 (0xc0367453) fcvt.lu.s s0, fa2
core   0: 1 0x0000000080005692 (0xc0367453) x8  0x0000000000000000
core   0: 0x0000000080005696 (0x00f4153b) sllw    a0, s0, a5
core   0: 1 0x0000000080005696 (0x00f4153b) x10 0x0000000000000000
core   0: 0x000000008000569a (0x00231a73) csrrw   s4, frm, t1
core   0: 1 0x000000008000569a (0x00231a73) x20 0x0000000000000004 c2_frm 0x0000000000000000
core   0: 0x000000008000569e (0xc2397ed3) fcvt.lu.d t4, fs2
core   0: 1 0x000000008000569e (0xc2397ed3) c1_fflags 0x000000000000001b x29 0xffffffffffffffff
core   0: 0x00000000800056a2 (0x036065bb) remw    a1, zero, s6
core   0: 1 0x00000000800056a2 (0x036065bb) x11 0x0000000000000000
core   0: 0x00000000800056a6 (0xd23d7e53) fcvt.d.lu ft8, s10
core   0: 1 0x00000000800056a6 (0xd23d7e53) c1_fflags 0x000000000000001b f28 0x43efffffffffffff
core   0: 0x00000000800056aa (0xd23b7453) fcvt.d.lu fs0, s6
core   0: 1 0x00000000800056aa (0xd23b7453) f8  0x0000000000000000
core   0: 0x00000000800056ae (0x405d5e1b) sraiw   t3, s10, 5
core   0: 1 0x00000000800056ae (0x405d5e1b) x28 0xffffffffffffffd2
core   0: 0x00000000800056b2 (0xd20b8053) fcvt.d.w ft0, s7
core   0: 1 0x00000000800056b2 (0xd20b8053) f0  0x41dfffffffc00000
core   0: 0x00000000800056b6 (0x005c923b) sllw    tp, s9, t0
core   0: 1 0x00000000800056b6 (0x005c923b) x4  0x00000000000a0000
core   0: 0x00000000800056ba (0x427072c3) fmadd.d ft5, ft0, ft7, fs0
core   0: 1 0x00000000800056ba (0x427072c3) f5  0x41dfffffffc00000
core   0: 0x00000000800056be (0x03890c3b) mulw    s8, s2, s8
core   0: 1 0x00000000800056be (0x03890c3b) x24 0xffffffffbd5dc000
core   0: 0x00000000800056c2 (0x024256bb) divuw   a3, tp, tp
core   0: 1 0x00000000800056c2 (0x024256bb) x13 0x0000000000000001
core   0: 0x00000000800056c6 (0x01b6dd9b) srliw   s11, a3, 27
core   0: 1 0x00000000800056c6 (0x01b6dd9b) x27 0x0000000000000000
core   0: 0x00000000800056ca (0x12547e53) fmul.d  ft8, fs0, ft5
core   0: 1 0x00000000800056ca (0x12547e53) f28 0x0000000000000000
core   0: 0x00000000800056ce (0x0241e23b) remw    tp, gp, tp
core   0: 1 0x00000000800056ce (0x0241e23b) x4  0xfffffffffffcf1eb
core   0: 0x00000000800056d2 (0x41a15eb3) sra     t4, sp, s10
core   0: 1 0x00000000800056d2 (0x41a15eb3) x29 0x0000000000000000
core   0: 0x00000000800056d6 (0x0b087153) fsub.d  ft2, fa6, fa6
core   0: 1 0x00000000800056d6 (0x0b087153) f2  0x7ff8000000000000
core   0: 0x00000000800056da (0x002025f3) csrrs   a1, frm, zero
core   0: 1 0x00000000800056da (0x002025f3) x11 0x0000000000000000
core   0: 0x00000000800056de (0xfff5f893) andi    a7, a1, -1
core   0: 1 0x00000000800056de (0xfff5f893) x17 0x0000000000000000
core   0: 0x00000000800056e2 (0x00021033) sll     zero, tp, zero
core   0: 1 0x00000000800056e2 (0x00021033)
core   0: 0x00000000800056e6 (0x0a8e7453) fsub.d  fs0, ft8, fs0
core   0: 1 0x00000000800056e6 (0x0a8e7453) f8  0x0000000000000000
core   0: 0x00000000800056ea (0x01938cbb) addw    s9, t2, s9
core   0: 1 0x00000000800056ea (0x01938cbb) x25 0xffffffff80000b51
core   0: 0x00000000800056ee (0x012cc4b3) xor     s1, s9, s2
core   0: 1 0x00000000800056ee (0x012cc4b3) x9  0xffffffffffffe4ed
core   0: 0x00000000800056f2 (0xcb8cf3cb) fnmsub.d ft7, fs9, fs8, fs9
core   0: 1 0x00000000800056f2 (0xcb8cf3cb) f7  0x0000000000000000
core   0: 0x00000000800056f6 (0xc222f8d3) fcvt.l.d a7, ft5
core   0: 1 0x00000000800056f6 (0xc222f8d3) x17 0x000000007fffffff
core   0: 0x00000000800056fa (0x2ad68f53) fmin.d  ft10, fa3, fa3
core   0: 1 0x00000000800056fa (0x2ad68f53) f30 0x7ff8000000000000
core   0: 0x00000000800056fe (0x00000001) c.nop
core   0: 1 0x00000000800056fe (0x0001)
core   0: 0x0000000080005700 (0xc03f7053) fcvt.lu.s zero, ft10
core   0: 1 0x0000000080005700 (0xc03f7053) c1_fflags 0x000000000000001b
core   0: 0x0000000080005704 (0x5a06f753) fsqrt.d fa4, fa3
core   0: 1 0x0000000080005704 (0x5a06f753) f14 0x7ff8000000000000
core   0: 0x0000000080005708 (0x0ff0000f) fence   iorw,iorw
core   0: 1 0x0000000080005708 (0x0ff0000f)
core   0: 0x000000008000570c (0x01ccddbb) srlw    s11, s9, t3
core   0: 1 0x000000008000570c (0x01ccddbb) x27 0x0000000000002000
core   0: 0x0000000080005710 (0x0308743b) remuw   s0, a6, a6
core   0: 1 0x0000000080005710 (0x0308743b) x8  0x0000000000000000
core   0: 0x0000000080005714 (0x22e899d3) fsgnjn.d fs3, fa7, fa4
core   0: 1 0x0000000080005714 (0x22e899d3) f19 0xfff8000000000000
core   0: 0x0000000080005718 (0x010cd43b) srlw    s0, s9, a6
core   0: 1 0x0000000080005718 (0x010cd43b) x8  0x0000000000000010
core   0: 0x000000008000571c (0xed59c093) xori    ra, s3, -299
core   0: 1 0x000000008000571c (0xed59c093) x1  0xfffffffffffffed5
core   0: 0x0000000080005720 (0x6467049b) addiw   s1, a4, 1606
core   0: 1 0x0000000080005720 (0x6467049b) x9  0x0000000000000648
core   0: 0x0000000080005724 (0x03846cb3) rem     s9, s0, s8
core   0: 1 0x0000000080005724 (0x03846cb3) x25 0x0000000000000010
core   0: 0x0000000080005728 (0xf8378337) lui     t1, 0xf8378
core   0: 1 0x0000000080005728 (0xf8378337) x6  0xfffffffff8378000
core   0: 0x000000008000572c (0x32b3031b) addiw   t1, t1, 811
core   0: 1 0x000000008000572c (0x32b3031b) x6  0xfffffffff837832b
core   0: 0x0000000080005730 (0x00000332) c.slli  t1, 12
core   0: 1 0x0000000080005730 (0x0332) x6  0xffffff837832b000
core   0: 0x0000000080005732 (0x02030313) addi    t1, t1, 32
core   0: 1 0x0000000080005732 (0x02030313) x6  0xffffff837832b020
core   0: 0x0000000080005736 (0x4064dd3b) sraw    s10, s1, t1
core   0: 1 0x0000000080005736 (0x4064dd3b) x26 0x0000000000000648
core   0: 0x000000008000573a (0x0b727f53) fsub.d  ft10, ft4, fs7
core   0: 1 0x000000008000573a (0x0b727f53) f30 0x7ff8000000000000
core   0: 0x000000008000573e (0x03cc1293) slli    t0, s8, 60
core   0: 1 0x000000008000573e (0x03cc1293) x5  0x0000000000000000
core   0: 0x0000000080005742 (0x00d699bb) sllw    s3, a3, a3
core   0: 1 0x0000000080005742 (0x00d699bb) x19 0x0000000000000002
core   0: 0x0000000080005746 (0xf9368393) addi    t2, a3, -109
core   0: 1 0x0000000080005746 (0xf9368393) x7  0xffffffffffffff94
core   0: 0x000000008000574a (0x00e7d833) srl     a6, a5, a4
core   0: 1 0x000000008000574a (0x00e7d833) x16 0x0000000020001595
core   0: 0x000000008000574e (0x00bc0cbb) addw    s9, s8, a1
core   0: 1 0x000000008000574e (0x00bc0cbb) x25 0xffffffffbd5dc000
core   0: 0x0000000080005752 (0x41fd5993) srai    s3, s10, 31
core   0: 1 0x0000000080005752 (0x41fd5993) x19 0x0000000000000000
core   0: 0x0000000080005756 (0x0073a933) slt     s2, t2, t2
core   0: 1 0x0000000080005756 (0x0073a933) x18 0x0000000000000000
core   0: 0x000000008000575a (0x124370d3) fmul.d  ft1, ft6, ft4
core   0: 1 0x000000008000575a (0x124370d3) f1  0x7ff8000000000000
core   0: 0x000000008000575e (0x0003859b) sext.w  a1, t2
core   0: 1 0x000000008000575e (0x0003859b) x11 0xffffffffffffff94
core   0: 0x0000000080005762 (0x02215c33) divu    s8, sp, sp
core   0: 1 0x0000000080005762 (0x02215c33) x24 0xffffffffffffffff
core   0: 0x0000000080005766 (0x01c64933) xor     s2, a2, t3
core   0: 1 0x0000000080005766 (0x01c64933) x18 0xfffffffffffff5d2
core   0: 0x000000008000576a (0x00021e93) slli    t4, tp, 0
core   0: 1 0x000000008000576a (0x00021e93) x29 0xfffffffffffcf1eb
core   0: 0x000000008000576e (0x03a54bbb) divw    s7, a0, s10
core   0: 1 0x000000008000576e (0x03a54bbb) x23 0x0000000000000000
core   0: 0x0000000080005772 (0xd2287ed3) fcvt.d.l ft9, a6
core   0: 1 0x0000000080005772 (0xd2287ed3) f29 0x41c0000aca800000
core   0: 0x0000000080005776 (0x40a4d733) sra     a4, s1, a0
core   0: 1 0x0000000080005776 (0x40a4d733) x14 0x0000000000000648
core   0: 0x000000008000577a (0x02c77bbb) remuw   s7, a4, a2
core   0: 1 0x000000008000577a (0x02c77bbb) x23 0x0000000000000648
core   0: 0x000000008000577e (0xc03b79d3) fcvt.lu.s s3, fs6
core   0: 1 0x000000008000577e (0xc03b79d3) c1_fflags 0x000000000000001b x19 0xffffffffffffffff
core   0: 0x0000000080005782 (0x82c67443) fmadd.d fs0, fa2, fa2, fa6
core   0: 1 0x0000000080005782 (0x82c67443) f8  0x7ff8000000000000
core   0: 0x0000000080005786 (0x421dfd43) fmadd.d fs10, fs11, ft1, fs0
core   0: 1 0x0000000080005786 (0x421dfd43) f26 0x7ff8000000000000
core   0: 0x000000008000578a (0x41730433) sub     s0, t1, s7
core   0: 1 0x000000008000578a (0x41730433) x8  0xffffff837832a9d8
core   0: 0x000000008000578e (0x012e9933) sll     s2, t4, s2
core   0: 1 0x000000008000578e (0x012e9933) x18 0xfffffff3c7ac0000
core   0: 0x0000000080005792 (0x40095093) srai    ra, s2, 0
core   0: 1 0x0000000080005792 (0x40095093) x1  0xfffffff3c7ac0000
core   0: 0x0000000080005796 (0x7ff08c9b) addiw   s9, ra, 2047
core   0: 1 0x0000000080005796 (0x7ff08c9b) x25 0xffffffffc7ac07ff
core   0: 0x000000008000579a (0xc02d75d3) fcvt.l.s a1, fs10
core   0: 1 0x000000008000579a (0xc02d75d3) c1_fflags 0x000000000000001b x11 0x7fffffffffffffff
core   0: 0x000000008000579e (0x0133d6bb) srlw    a3, t2, s3
core   0: 1 0x000000008000579e (0x0133d6bb) x13 0x0000000000000001
core   0: 0x00000000800057a2 (0x0229f153) fadd.d  ft2, fs3, ft2
core   0: 1 0x00000000800057a2 (0x0229f153) f2  0x7ff8000000000000
core   0: 0x00000000800057a6 (0x0ab87e53) fsub.d  ft8, fa6, fa1
core   0: 1 0x00000000800057a6 (0x0ab87e53) f28 0x7ff8000000000000
core   0: 0x00000000800057aa (0x0279c133) div     sp, s3, t2
core   0: 1 0x00000000800057aa (0x0279c133) x2  0x0000000000000000
core   0: 0x00000000800057ae (0x02e7793b) remuw   s2, a4, a4
core   0: 1 0x00000000800057ae (0x02e7793b) x18 0x0000000000000000
core   0: 0x00000000800057b2 (0x0011d693) srli    a3, gp, 1
core   0: 1 0x00000000800057b2 (0x0011d693) x13 0x7fffffffd20e78f5
core   0: 0x00000000800057b6 (0x0286b933) mulhu   s2, a3, s0
core   0: 1 0x00000000800057b6 (0x0286b933) x18 0x7fffffc18e27cdf7
core   0: 0x00000000800057ba (0x007c4bb3) xor     s7, s8, t2
core   0: 1 0x00000000800057ba (0x007c4bb3) x23 0x000000000000006b
core   0: 0x00000000800057be (0x03f9d593) srli    a1, s3, 63
core   0: 1 0x00000000800057be (0x03f9d593) x11 0x0000000000000001
core   0: 0x00000000800057c2 (0x0086e833) or      a6, a3, s0
core   0: 1 0x00000000800057c2 (0x0086e833) x16 0xfffffffffa3ef9fd
core   0: 0x00000000800057c6 (0x401af953) fcvt.s.d fs2, fs5
core   0: 1 0x00000000800057c6 (0x401af953) f18 0xffffffff7fc00000
core   0: 0x00000000800057ca (0x9a827dcf) fnmadd.d fs11, ft4, fs0, fs3
core   0: 1 0x00000000800057ca (0x9a827dcf) f27 0x7ff8000000000000
core   0: 0x00000000800057ce (0x006c9cb3) sll     s9, s9, t1
core   0: 1 0x00000000800057ce (0x006c9cb3) x25 0xc7ac07ff00000000
core   0: 0x00000000800057d2 (0x000a5b1b) srliw   s6, s4, 0
core   0: 1 0x00000000800057d2 (0x000a5b1b) x22 0x0000000000000004
core   0: 0x00000000800057d6 (0x2bb080d3) fmin.d  ft1, ft1, fs11
core   0: 1 0x00000000800057d6 (0x2bb080d3) f1  0x7ff8000000000000
core   0: 0x00000000800057da (0x0ff0000f) fence   iorw,iorw
core   0: 1 0x00000000800057da (0x0ff0000f)
core   0: 0x00000000800057de (0xfff5c593) not     a1, a1
core   0: 1 0x00000000800057de (0xfff5c593) x11 0xfffffffffffffffe
core   0: 0x00000000800057e2 (0x9540b417) auipc   s0, 0x9540b
core   0: 1 0x00000000800057e2 (0x9540b417) x8  0x00000000154107e2
core   0: 0x00000000800057e6 (0x5a097653) fsqrt.d fa2, fs2
core   0: 1 0x00000000800057e6 (0x5a097653) f12 0x7ff8000000000000
core   0: 0x00000000800057ea (0x41b1da1b) sraiw   s4, gp, 27
core   0: 1 0x00000000800057ea (0x41b1da1b) x20 0xfffffffffffffff4
core   0: 0x00000000800057ee (0xd20104d3) fcvt.d.w fs1, sp
core   0: 1 0x00000000800057ee (0xd20104d3) f9  0x0000000000000000
core   0: 0x00000000800057f2 (0xc21b7553) fcvt.wu.d a0, fs6
core   0: 1 0x00000000800057f2 (0xc21b7553) c1_fflags 0x000000000000001b x10 0xffffffffffffffff
core   0: 0x00000000800057f6 (0x2a7c83d3) fmin.d  ft7, fs9, ft7
core   0: 1 0x00000000800057f6 (0x2a7c83d3) f7  0x0000000000000000
core   0: 0x00000000800057fa (0x0107aeb3) slt     t4, a5, a6
core   0: 1 0x00000000800057fa (0x0107aeb3) x29 0x0000000000000000
core   0: 0x00000000800057fe (0x001ce6b3) or      a3, s9, ra
core   0: 1 0x00000000800057fe (0x001ce6b3) x13 0xffffffffc7ac0000
core   0: 0x0000000080005802 (0x2a5afac3) fmadd.d fs5, fs5, ft5, ft5
core   0: 1 0x0000000080005802 (0x2a5afac3) f21 0x7ff8000000000000
core   0: 0x0000000080005806 (0x000c9e93) slli    t4, s9, 0
core   0: 1 0x0000000080005806 (0x000c9e93) x29 0xc7ac07ff00000000
core   0: 0x000000008000580a (0x420c8cd3) fcvt.d.s fs9, fs9
core   0: 1 0x000000008000580a (0x420c8cd3) f25 0x7ff8000000000000
core   0: 0x000000008000580e (0x033a62b3) rem     t0, s4, s3
core   0: 1 0x000000008000580e (0x033a62b3) x5  0x0000000000000000
core   0: 0x0000000080005812 (0xf6adfd93) andi    s11, s11, -150
core   0: 1 0x0000000080005812 (0xf6adfd93) x27 0x0000000000002000
core   0: 0x0000000080005816 (0x01cbd23b) srlw    tp, s7, t3
core   0: 1 0x0000000080005816 (0x01cbd23b) x4  0x0000000000000000
core   0: 0x000000008000581a (0x00fe97bb) sllw    a5, t4, a5
core   0: 1 0x000000008000581a (0x00fe97bb) x15 0x0000000000000000
core   0: 0x000000008000581e (0x3a0ee113) ori     sp, t4, 928
core   0: 1 0x000000008000581e (0x3a0ee113) x2  0xc7ac07ff000003a0
core   0: 0x0000000080005822 (0x01d1043b) addw    s0, sp, t4
core   0: 1 0x0000000080005822 (0x01d1043b) x8  0x00000000000003a0
core   0: 0x0000000080005826 (0x0085fe33) and     t3, a1, s0
core   0: 1 0x0000000080005826 (0x0085fe33) x28 0x00000000000003a0
core   0: 0x000000008000582a (0xd0217953) fcvt.s.l fs2, sp
core   0: 1 0x000000008000582a (0xd0217953) c1_fflags 0x000000000000001b f18 0xffffffffde614fe0
core   0: 0x000000008000582e (0x41b388b3) sub     a7, t2, s11
core   0: 1 0x000000008000582e (0x41b388b3) x17 0xffffffffffffdf94
core   0: 0x0000000080005832 (0xc204fed3) fcvt.w.d t4, fs1
core   0: 1 0x0000000080005832 (0xc204fed3) x29 0x0000000000000000
core   0: 0x0000000080005836 (0x01c6fb33) and     s6, a3, t3
core   0: 1 0x0000000080005836 (0x01c6fb33) x22 0x0000000000000000
core   0: 0x000000008000583a (0x036e6733) rem     a4, t3, s6
core   0: 1 0x000000008000583a (0x036e6733) x14 0x00000000000003a0
core   0: 0x000000008000583e (0xa3738453) fle.d   s0, ft7, fs7
core   0: 1 0x000000008000583e (0xa3738453) x8  0x0000000000000000
core   0: 0x0000000080005842 (0x00e2003b) addw    zero, tp, a4
core   0: 1 0x0000000080005842 (0x00e2003b)
core   0: 0x0000000080005846 (0x41bd8db3) sub     s11, s11, s11
core   0: 1 0x0000000080005846 (0x41bd8db3) x27 0x0000000000000000
core   0: 0x000000008000584a (0xcb3cffcf) fnmadd.d ft11, fs9, fs3, fs9
core   0: 1 0x000000008000584a (0xcb3cffcf) f31 0x7ff8000000000000
core   0: 0x000000008000584e (0x401cf2d3) fcvt.s.d ft5, fs9
core   0: 1 0x000000008000584e (0x401cf2d3) f5  0xffffffff7fc00000
core   0: 0x0000000080005852 (0xa33f80d3) fle.d   ra, ft11, fs3
core   0: 1 0x0000000080005852 (0xa33f80d3) c1_fflags 0x000000000000001b x1  0x0000000000000000
core   0: 0x0000000080005856 (0xa3b28e53) fle.d   t3, ft5, fs11
core   0: 1 0x0000000080005856 (0xa3b28e53) c1_fflags 0x000000000000001b x28 0x0000000000000000
core   0: 0x000000008000585a (0x417e0dbb) subw    s11, t3, s7
core   0: 1 0x000000008000585a (0x417e0dbb) x27 0xffffffffffffff95
core   0: 0x000000008000585e (0x03bdb233) mulhu   tp, s11, s11
core   0: 1 0x000000008000585e (0x03bdb233) x4  0xffffffffffffff2a
core   0: 0x0000000080005862 (0x00000001) c.nop
core   0: 1 0x0000000080005862 (0x0001)
core   0: 0x0000000080005864 (0x2b0f9253) fmax.d  ft4, ft11, fa6
core   0: 1 0x0000000080005864 (0x2b0f9253) f4  0x7ff8000000000000
core   0: 0x0000000080005868 (0x40ce893b) subw    s2, t4, a2
core   0: 1 0x0000000080005868 (0x40ce893b) x18 0xfffffffffffff600
core   0: 0x000000008000586c (0x20736313) ori     t1, t1, 519
core   0: 1 0x000000008000586c (0x20736313) x6  0xffffff837832b227
core   0: 0x0000000080005870 (0xc03df453) fcvt.lu.s s0, fs11
core   0: 1 0x0000000080005870 (0xc03df453) c1_fflags 0x000000000000001b x8  0xffffffffffffffff
core   0: 0x0000000080005874 (0x00650ebb) addw    t4, a0, t1
core   0: 1 0x0000000080005874 (0x00650ebb) x29 0x000000007832b226
core   0: 0x0000000080005878 (0x2b128bd3) fmin.d  fs7, ft5, fa7
core   0: 1 0x0000000080005878 (0x2b128bd3) f23 0x7ff8000000000000
core   0: 0x000000008000587c (0x01b45ebb) srlw    t4, s0, s11
core   0: 1 0x000000008000587c (0x01b45ebb) x29 0x00000000000007ff
core   0: 0x0000000080005880 (0x00521333) sll     t1, tp, t0
core   0: 1 0x0000000080005880 (0x00521333) x6  0xffffffffffffff2a
core   0: 0x0000000080005884 (0x76f1e193) ori     gp, gp, 1903
core   0: 1 0x0000000080005884 (0x76f1e193) x3  0xffffffffa41cf7ef
core   0: 0x0000000080005888 (0x3bf27fc3) fmadd.d ft11, ft4, ft11, ft7
core   0: 1 0x0000000080005888 (0x3bf27fc3) f31 0x7ff8000000000000
core   0: 0x000000008000588c (0xd031f153) fcvt.s.lu ft2, gp
core   0: 1 0x000000008000588c (0xd031f153) c1_fflags 0x000000000000001b f2  0xffffffff5f800000
core   0: 0x0000000080005890 (0xd23ee113) ori     sp, t4, -733
core   0: 1 0x0000000080005890 (0xd23ee113) x2  0xffffffffffffffff
core   0: 0x0000000080005894 (0xb350b237) lui     tp, 0xb350b
core   0: 1 0x0000000080005894 (0xb350b237) x4  0xffffffffb350b000
core   0: 0x0000000080005898 (0x002c2cb3) slt     s9, s8, sp
core   0: 1 0x0000000080005898 (0x002c2cb3) x25 0x0000000000000000
core   0: 0x000000008000589c (0xc02bf553) fcvt.l.s a0, fs7
core   0: 1 0x000000008000589c (0xc02bf553) c1_fflags 0x000000000000001b x10 0x7fffffffffffffff
core   0: 0x00000000800058a0 (0x2b711dd3) fmax.d  fs11, ft2, fs7
core   0: 1 0x00000000800058a0 (0x2b711dd3) f27 0x7ff8000000000000
core   0: 0x00000000800058a4 (0x40a184bb) subw    s1, gp, a0
core   0: 1 0x00000000800058a4 (0x40a184bb) x9  0xffffffffa41cf7f0
core   0: 0x00000000800058a8 (0xa1b2829b) addiw   t0, t0, -1509
core   0: 1 0x00000000800058a8 (0xa1b2829b) x5  0xfffffffffffffa1b
core   0: 0x00000000800058ac (0x1af7f0d3) fdiv.d  ft1, fa5, fa5
core   0: 1 0x00000000800058ac (0x1af7f0d3) f1  0x7ff8000000000000
core   0: 0x00000000800058b0 (0x03c2d933) divu    s2, t0, t3
core   0: 1 0x00000000800058b0 (0x03c2d933) x18 0xffffffffffffffff
core   0: 0x00000000800058b4 (0x02329793) slli    a5, t0, 35
core   0: 1 0x00000000800058b4 (0x02329793) x15 0xffffd0d800000000
core   0: 0x00000000800058b8 (0x00000001) c.nop
core   0: 1 0x00000000800058b8 (0x0001)
core   0: 0x00000000800058ba (0x00000001) c.nop
core   0: 1 0x00000000800058ba (0x0001)
core   0: 0x00000000800058bc (0x02c1ba33) mulhu   s4, gp, a2
core   0: 1 0x00000000800058bc (0x02c1ba33) x20 0x00000000000009ff
core   0: 0x00000000800058c0 (0x03b47053) fadd.d  ft0, fs0, fs11
core   0: 1 0x00000000800058c0 (0x03b47053) f0  0x7ff8000000000000
core   0: 0x00000000800058c4 (0x340b3df3) csrrc   s11, mscratch, s6
core   0: exception trap_illegal_instruction, epc 0x00000000800058c4
core   0:           tval 0x00000000340b3df3
core   0: >>>>  $xrv64i2p1_m2p0_a2p1_f2p2_d2p2_zicsr2p0_zifencei2p0_zmmul1p0_zba1p0_zbb1p0_zbc1p0_zbs1p0
core   0: 0x0000000080004000 (0x0080006f) j       pc + 0x8
core   0: 3 0x0000000080004000 (0x0080006f)
core   0: >>>>  mmode_exception_handler
core   0: 0x0000000080004008 (0x00002c17) auipc   s8, 0x2
core   0: 3 0x0000000080004008 (0x00002c17) x24 0x0000000080006008
core   0: 0x000000008000400c (0x056c0c13) addi    s8, s8, 86
core   0: 3 0x000000008000400c (0x056c0c13) x24 0x000000008000605e
core   0: 0x0000000080004010 (0x000c00e7) jalr    s8
core   0: 3 0x0000000080004010 (0x000c00e7) x1  0x0000000080004014
core   0: >>>>  any_handler
core   0: 0x000000008000605e (0x341027f3) csrrs   a5, mepc, zero
core   0: 3 0x000000008000605e (0x341027f3) x15 0x00000000800058c4
core   0: 0x0000000080006062 (0x34202773) csrrs   a4, mcause, zero
core   0: 3 0x0000000080006062 (0x34202773) x14 0x0000000000000002
core   0: 0x0000000080006066 (0x142026f3) csrrs   a3, scause, zero
core   0: 3 0x0000000080006066 (0x142026f3) x13 0xffffffffffffffff
core   0: 0x000000008000606a (0x30402673) csrrs   a2, mie, zero
core   0: 3 0x000000008000606a (0x30402673) x12 0x0000000000000a00
core   0: 0x000000008000606e (0x344025f3) csrrs   a1, mip, zero
core   0: 3 0x000000008000606e (0x344025f3) x11 0x0000000000000080
core   0: 0x0000000080006072 (0x343025f3) csrrs   a1, mtval, zero
core   0: 3 0x0000000080006072 (0x343025f3) x11 0x00000000340b3df3
core   0: 0x0000000080006076 (0x14302573) csrrs   a0, stval, zero
core   0: 3 0x0000000080006076 (0x14302573) x10 0x0000000000000000
core   0: 0x000000008000607a (0xb02024f3) csrrs   s1, minstret, zero
core   0: 3 0x000000008000607a (0xb02024f3) x9  0x00000000000010f2
core   0: 0x000000008000607e (0x0000a811) c.j     pc + 20
core   0: 3 0x000000008000607e (0xa811)
core   0: >>>>  mepc_4
core   0: 0x0000000080006092 (0x00000791) c.addi  a5, 4
core   0: 3 0x0000000080006092 (0x0791) x15 0x00000000800058c8
core   0: 0x0000000080006094 (0x34179073) csrrw   zero, mepc, a5
core   0: 3 0x0000000080006094 (0x34179073) c833_mepc 0x00000000800058c8
core   0: 0x0000000080006098 (0x30200073) mret
core   0: 3 0x0000000080006098 (0x30200073) c768_mstatus 0x8000000a00106080
core   0: 0x00000000800058c8 (0x9bd579cf) fnmadd.d fs3, fa0, ft9, fs3
core   0: 1 0x00000000800058c8 (0x9bd579cf) f19 0x7ff8000000000000
core   0: 0x00000000800058cc (0x000c591b) srliw   s2, s8, 0
core   0: 1 0x00000000800058cc (0x000c591b) x18 0xffffffff8000605e
core   0: 0x00000000800058d0 (0x00cdd6b3) srl     a3, s11, a2
core   0: 1 0x00000000800058d0 (0x00cdd6b3) x13 0xffffffffffffff95
core   0: 0x00000000800058d4 (0x0a7cf6d3) fsub.d  fa3, fs9, ft7
core   0: 1 0x00000000800058d4 (0x0a7cf6d3) f13 0x7ff8000000000000
core   0: 0x00000000800058d8 (0x23358353) fsgnj.d ft6, fa1, fs3
core   0: 1 0x00000000800058d8 (0x23358353) f6  0x7ff8000000000000
core   0: 0x00000000800058dc (0xc236fc53) fcvt.lu.d s8, fa3
core   0: 1 0x00000000800058dc (0xc236fc53) c1_fflags 0x000000000000001b x24 0xffffffffffffffff
core   0: 0x00000000800058e0 (0x02ce79b3) remu    s3, t3, a2
core   0: 1 0x00000000800058e0 (0x02ce79b3) x19 0x0000000000000000
core   0: 0x00000000800058e4 (0x0ff0000f) fence   iorw,iorw
core   0: 1 0x00000000800058e4 (0x0ff0000f)
core   0: 0x00000000800058e8 (0x417c01b3) sub     gp, s8, s7
core   0: 1 0x00000000800058e8 (0x417c01b3) x3  0xffffffffffffff94
core   0: 0x00000000800058ec (0xcaa9cd13) xori    s10, s3, -854
core   0: 1 0x00000000800058ec (0xcaa9cd13) x26 0xfffffffffffffcaa
core   0: 0x00000000800058f0 (0xf130e9f3) csrrsi  s3, mimpid, 1
core   0: exception trap_illegal_instruction, epc 0x00000000800058f0
core   0:           tval 0x00000000f130e9f3
core   0: >>>>  $xrv64i2p1_m2p0_a2p1_f2p2_d2p2_zicsr2p0_zifencei2p0_zmmul1p0_zba1p0_zbb1p0_zbc1p0_zbs1p0
core   0: 0x0000000080004000 (0x0080006f) j       pc + 0x8
core   0: 3 0x0000000080004000 (0x0080006f)
core   0: >>>>  mmode_exception_handler
core   0: 0x0000000080004008 (0x00002c17) auipc   s8, 0x2
core   0: 3 0x0000000080004008 (0x00002c17) x24 0x0000000080006008
core   0: 0x000000008000400c (0x056c0c13) addi    s8, s8, 86
core   0: 3 0x000000008000400c (0x056c0c13) x24 0x000000008000605e
core   0: 0x0000000080004010 (0x000c00e7) jalr    s8
core   0: 3 0x0000000080004010 (0x000c00e7) x1  0x0000000080004014
core   0: >>>>  any_handler
core   0: 0x000000008000605e (0x341027f3) csrrs   a5, mepc, zero
core   0: 3 0x000000008000605e (0x341027f3) x15 0x00000000800058f0
core   0: 0x0000000080006062 (0x34202773) csrrs   a4, mcause, zero
core   0: 3 0x0000000080006062 (0x34202773) x14 0x0000000000000002
core   0: 0x0000000080006066 (0x142026f3) csrrs   a3, scause, zero
core   0: 3 0x0000000080006066 (0x142026f3) x13 0xffffffffffffffff
core   0: 0x000000008000606a (0x30402673) csrrs   a2, mie, zero
core   0: 3 0x000000008000606a (0x30402673) x12 0x0000000000000a00
core   0: 0x000000008000606e (0x344025f3) csrrs   a1, mip, zero
core   0: 3 0x000000008000606e (0x344025f3) x11 0x0000000000000080
core   0: 0x0000000080006072 (0x343025f3) csrrs   a1, mtval, zero
core   0: 3 0x0000000080006072 (0x343025f3) x11 0x00000000f130e9f3
core   0: 0x0000000080006076 (0x14302573) csrrs   a0, stval, zero
core   0: 3 0x0000000080006076 (0x14302573) x10 0x0000000000000000
core   0: 0x000000008000607a (0xb02024f3) csrrs   s1, minstret, zero
core   0: 3 0x000000008000607a (0xb02024f3) x9  0x000000000000110c
core   0: 0x000000008000607e (0x0000a811) c.j     pc + 20
core   0: 3 0x000000008000607e (0xa811)
core   0: >>>>  mepc_4
core   0: 0x0000000080006092 (0x00000791) c.addi  a5, 4
core   0: 3 0x0000000080006092 (0x0791) x15 0x00000000800058f4
core   0: 0x0000000080006094 (0x34179073) csrrw   zero, mepc, a5
core   0: 3 0x0000000080006094 (0x34179073) c833_mepc 0x00000000800058f4
core   0: 0x0000000080006098 (0x30200073) mret
core   0: 3 0x0000000080006098 (0x30200073) c768_mstatus 0x8000000a00106080
core   0: 0x00000000800058f4 (0x1cf9b217) auipc   tp, 0x1cf9b
core   0: 1 0x00000000800058f4 (0x1cf9b217) x4  0x000000009cfa08f4
core   0: 0x00000000800058f8 (0x0212b933) mulhu   s2, t0, ra
core   0: 1 0x00000000800058f8 (0x0212b933) x18 0x0000000080004013
core   0: 0x00000000800058fc (0x03b7a6b3) mulhsu  a3, a5, s11
core   0: 1 0x00000000800058fc (0x03b7a6b3) x13 0x00000000800058f3
core   0: 0x0000000080005900 (0x00008e8e) c.mv    t4, gp
core   0: 1 0x0000000080005900 (0x8e8e) x29 0xffffffffffffff94
core   0: 0x0000000080005902 (0x0ff0000f) fence   iorw,iorw
core   0: 1 0x0000000080005902 (0x0ff0000f)
core   0: 0x0000000080005906 (0xc23cfcd3) fcvt.lu.d s9, fs9
core   0: 1 0x0000000080005906 (0xc23cfcd3) c1_fflags 0x000000000000001b x25 0xffffffffffffffff
core   0: 0x000000008000590a (0xf2018dd3) fmv.d.x fs11, gp
core   0: 1 0x000000008000590a (0xf2018dd3) f27 0xffffffffffffff94
core   0: 0x000000008000590e (0xd02c7c53) fcvt.s.l fs8, s8
core   0: 1 0x000000008000590e (0xd02c7c53) c1_fflags 0x000000000000001b f24 0xffffffff4f000060
core   0: 0x0000000080005912 (0x80018713) addi    a4, gp, -2048
core   0: 1 0x0000000080005912 (0x80018713) x14 0xfffffffffffff794
core   0: 0x0000000080005916 (0x0156aab3) slt     s5, a3, s5
core   0: 1 0x0000000080005916 (0x0156aab3) x21 0x0000000000000000
core   0: 0x000000008000591a (0x001ad013) srli    zero, s5, 1
core   0: 1 0x000000008000591a (0x001ad013)
core   0: 0x000000008000591e (0xd036fed3) fcvt.s.lu ft9, a3
core   0: 1 0x000000008000591e (0xd036fed3) c1_fflags 0x000000000000001b f29 0xffffffff4f000059
core   0: 0x0000000080005922 (0x01ca1613) slli    a2, s4, 28
core   0: 1 0x0000000080005922 (0x01ca1613) x12 0x0000009ff0000000
core   0: 0x0000000080005926 (0xa30ffcc3) fmadd.d fs9, ft11, fa6, fs4
core   0: 1 0x0000000080005926 (0xa30ffcc3) f25 0x7ff8000000000000
core   0: 0x000000008000592a (0x024aed3b) remw    s10, s5, tp
core   0: 1 0x000000008000592a (0x024aed3b) x26 0x0000000000000000
core   0: 0x000000008000592e (0x023ccdb3) div     s11, s9, gp
core   0: 1 0x000000008000592e (0x023ccdb3) x27 0x0000000000000000
core   0: 0x0000000080005932 (0x01bb1b3b) sllw    s6, s6, s11
core   0: 1 0x0000000080005932 (0x01bb1b3b) x22 0x0000000000000000
core   0: 0x0000000080005936 (0x41a383bb) subw    t2, t2, s10
core   0: 1 0x0000000080005936 (0x41a383bb) x7  0xffffffffffffff94
core   0: 0x000000008000593a (0x0283a733) mulhsu  a4, t2, s0
core   0: 1 0x000000008000593a (0x0283a733) x14 0xffffffffffffff94
core   0: 0x000000008000593e (0x009884bb) addw    s1, a7, s1
core   0: 1 0x000000008000593e (0x009884bb) x9  0xfffffffffffff0a0
core   0: 0x0000000080005942 (0x00f2dd93) srli    s11, t0, 15
core   0: 1 0x0000000080005942 (0x00f2dd93) x27 0x0001ffffffffffff
core   0: 0x0000000080005946 (0xf2bdfb17) auipc   s6, 0xf2bdf
core   0: 1 0x0000000080005946 (0xf2bdfb17) x22 0x0000000072be4946
core   0: 0x000000008000594a (0x4105dc9b) sraiw   s9, a1, 16
core   0: 1 0x000000008000594a (0x4105dc9b) x25 0xfffffffffffff130
core   0: 0x000000008000594e (0xfbf8734b) fnmsub.d ft6, fa6, ft11, ft11
core   0: 1 0x000000008000594e (0xfbf8734b) f6  0x7ff8000000000000
core   0: 0x0000000080005952 (0x00ed5c3b) srlw    s8, s10, a4
core   0: 1 0x0000000080005952 (0x00ed5c3b) x24 0x0000000000000000
core   0: 0x0000000080005956 (0x2b688c53) fmin.d  fs8, fa7, fs6
core   0: 1 0x0000000080005956 (0x2b688c53) f24 0x7ff8000000000000
core   0: 0x000000008000595a (0x00c8c8b3) xor     a7, a7, a2
core   0: 1 0x000000008000595a (0x00c8c8b3) x17 0xffffff600fffdf94
core   0: 0x000000008000595e (0x011c1eb3) sll     t4, s8, a7
core   0: 1 0x000000008000595e (0x011c1eb3) x29 0x0000000000000000
core   0: 0x0000000080005962 (0x000b1b1b) slliw   s6, s6, 0
core   0: 1 0x0000000080005962 (0x000b1b1b) x22 0x0000000072be4946
core   0: 0x0000000080005966 (0x00b580b3) add     ra, a1, a1
core   0: 1 0x0000000080005966 (0x00b580b3) x1  0x00000001e261d3e6
core   0: 0x000000008000596a (0xd0327153) fcvt.s.lu ft2, tp
core   0: 1 0x000000008000596a (0xd0327153) c1_fflags 0x000000000000001b f2  0xffffffff4f1cfa09
core   0: 0x000000008000596e (0x03b55593) srli    a1, a0, 59
core   0: 1 0x000000008000596e (0x03b55593) x11 0x0000000000000000
core   0: 0x0000000080005972 (0x00004413) xori    s0, zero, 0
core   0: 1 0x0000000080005972 (0x00004413) x8  0x0000000000000000
core   0: 0x0000000080005976 (0x0239feb3) remu    t4, s3, gp
core   0: 1 0x0000000080005976 (0x0239feb3) x29 0x0000000000000000
core   0: 0x000000008000597a (0xc208f9d3) fcvt.w.d s3, fa7
core   0: 1 0x000000008000597a (0xc208f9d3) c1_fflags 0x000000000000001b x19 0x000000007fffffff
core   0: 0x000000008000597e (0x1b8ff053) fdiv.d  ft0, ft11, fs8
core   0: 1 0x000000008000597e (0x1b8ff053) f0  0x7ff8000000000000
core   0: 0x0000000080005982 (0x01361933) sll     s2, a2, s3
core   0: 1 0x0000000080005982 (0x01361933) x18 0x0000000000000000
core   0: 0x0000000080005986 (0xfff90713) addi    a4, s2, -1
core   0: 1 0x0000000080005986 (0xfff90713) x14 0xffffffffffffffff
core   0: 0x000000008000598a (0x03f71513) slli    a0, a4, 63
core   0: 1 0x000000008000598a (0x03f71513) x10 0x8000000000000000
core   0: 0x000000008000598e (0xc2217d53) fcvt.l.d s10, ft2
core   0: 1 0x000000008000598e (0xc2217d53) c1_fflags 0x000000000000001b x26 0x7fffffffffffffff
core   0: 0x0000000080005992 (0x00134913) xori    s2, t1, 1
core   0: 1 0x0000000080005992 (0x00134913) x18 0xffffffffffffff2b
core   0: 0x0000000080005996 (0x4f762cb7) lui     s9, 0x4f762
core   0: 1 0x0000000080005996 (0x4f762cb7) x25 0x000000004f762000
core   0: 0x000000008000599a (0x402d5c1b) sraiw   s8, s10, 2
core   0: 1 0x000000008000599a (0x402d5c1b) x24 0xffffffffffffffff
core   0: 0x000000008000599e (0x00cc119b) slliw   gp, s8, 12
core   0: 1 0x000000008000599e (0x00cc119b) x3  0xfffffffffffff000
core   0: 0x00000000800059a2 (0x220915d3) fsgnjn.d fa1, fs2, ft0
core   0: 1 0x00000000800059a2 (0x220915d3) f11 0xffffffffde614fe0
core   0: 0x00000000800059a6 (0x5a097353) fsqrt.d ft6, fs2
core   0: 1 0x00000000800059a6 (0x5a097353) f6  0x7ff8000000000000
core   0: 0x00000000800059aa (0x002027f3) csrrs   a5, frm, zero
core   0: 1 0x00000000800059aa (0x002027f3) x15 0x0000000000000000
core   0: 0x00000000800059ae (0x024b2eb3) mulhsu  t4, s6, tp
core   0: 1 0x00000000800059ae (0x024b2eb3) x29 0x0000000000000000
core   0: 0x00000000800059b2 (0x6a67f7cf) fnmadd.d fa5, fa5, ft6, fa3
core   0: 1 0x00000000800059b2 (0x6a67f7cf) f15 0x7ff8000000000000
core   0: 0x00000000800059b6 (0x2b1c1bd3) fmax.d  fs7, fs8, fa7
core   0: 1 0x00000000800059b6 (0x2b1c1bd3) f23 0x7ff8000000000000
core   0: 0x00000000800059ba (0xd037f3d3) fcvt.s.lu ft7, a5
core   0: 1 0x00000000800059ba (0xd037f3d3) f7  0xffffffff00000000
core   0: 0x00000000800059be (0xf20c8e53) fmv.d.x ft8, s9
core   0: 1 0x00000000800059be (0xf20c8e53) f28 0x000000004f762000
core   0: 0x00000000800059c2 (0x016ea633) slt     a2, t4, s6
core   0: 1 0x00000000800059c2 (0x016ea633) x12 0x0000000000000001
core   0: 0x00000000800059c6 (0x011268b3) or      a7, tp, a7
core   0: 1 0x00000000800059c6 (0x011268b3) x17 0xffffff609fffdff4
core   0: 0x00000000800059ca (0x40b405b3) sub     a1, s0, a1
core   0: 1 0x00000000800059ca (0x40b405b3) x11 0x0000000000000000
core   0: 0x00000000800059ce (0x41b8d233) sra     tp, a7, s11
core   0: 1 0x00000000800059ce (0x41b8d233) x4  0xffffffffffffffff
core   0: 0x00000000800059d2 (0x02637833) remu    a6, t1, t1
core   0: 1 0x00000000800059d2 (0x02637833) x16 0x0000000000000000
core   0: 0x00000000800059d6 (0x026821b3) mulhsu  gp, a6, t1
core   0: 1 0x00000000800059d6 (0x026821b3) x3  0x0000000000000000
core   0: 0x00000000800059da (0x00000001) c.nop
core   0: 1 0x00000000800059da (0x0001)
core   0: 0x00000000800059dc (0x01d42433) slt     s0, s0, t4
core   0: 1 0x00000000800059dc (0x01d42433) x8  0x0000000000000000
core   0: 0x00000000800059e0 (0x0004559b) srliw   a1, s0, 0
core   0: 1 0x00000000800059e0 (0x0004559b) x11 0x0000000000000000
core   0: 0x00000000800059e4 (0xd025f753) fcvt.s.l fa4, a1
core   0: 1 0x00000000800059e4 (0xd025f753) f14 0xffffffff00000000
core   0: 0x00000000800059e8 (0xfd8fccb7) lui     s9, 0xfd8fc
core   0: 1 0x00000000800059e8 (0xfd8fccb7) x25 0xfffffffffd8fc000
core   0: 0x00000000800059ec (0x7f1c8c9b) addiw   s9, s9, 2033
core   0: 1 0x00000000800059ec (0x7f1c8c9b) x25 0xfffffffffd8fc7f1
core   0: 0x00000000800059f0 (0x00000cb2) c.slli  s9, 12
core   0: 1 0x00000000800059f0 (0x0cb2) x25 0xffffffd8fc7f1000
core   0: 0x00000000800059f2 (0x126c8c93) addi    s9, s9, 294
core   0: 1 0x00000000800059f2 (0x126c8c93) x25 0xffffffd8fc7f1126
core   0: 0x00000000800059f6 (0x0ff0000f) fence   iorw,iorw
core   0: 1 0x00000000800059f6 (0x0ff0000f)
core   0: 0x00000000800059fa (0x016dd31b) srliw   t1, s11, 22
core   0: 1 0x00000000800059fa (0x016dd31b) x6  0x00000000000003ff
core   0: 0x00000000800059fe (0x0075f333) and     t1, a1, t2
core   0: 1 0x00000000800059fe (0x0075f333) x6  0x0000000000000000
core   0: 0x0000000080005a02 (0x7ae94793) xori    a5, s2, 1966
core   0: 1 0x0000000080005a02 (0x7ae94793) x15 0xfffffffffffff885
core   0: 0x0000000080005a06 (0x234f8fd3) fsgnj.d ft11, ft11, fs4
core   0: 1 0x0000000080005a06 (0x234f8fd3) f31 0x7ff8000000000000
core   0: 0x0000000080005a0a (0xd037f1d3) fcvt.s.lu ft3, a5
core   0: 1 0x0000000080005a0a (0xd037f1d3) c1_fflags 0x000000000000001b f3  0xffffffff5f800000
core   0: 0x0000000080005a0e (0x01fe5d9b) srliw   s11, t3, 31
core   0: 1 0x0000000080005a0e (0x01fe5d9b) x27 0x0000000000000000
core   0: 0x0000000080005a12 (0xc0207af3) csrrci  s5, instret, 0
core   0: exception trap_illegal_instruction, epc 0x0000000080005a12
core   0:           tval 0x00000000c0207af3
core   0: >>>>  $xrv64i2p1_m2p0_a2p1_f2p2_d2p2_zicsr2p0_zifencei2p0_zmmul1p0_zba1p0_zbb1p0_zbc1p0_zbs1p0
core   0: 0x0000000080004000 (0x0080006f) j       pc + 0x8
core   0: 3 0x0000000080004000 (0x0080006f)
core   0: >>>>  mmode_exception_handler
core   0: 0x0000000080004008 (0x00002c17) auipc   s8, 0x2
core   0: 3 0x0000000080004008 (0x00002c17) x24 0x0000000080006008
core   0: 0x000000008000400c (0x056c0c13) addi    s8, s8, 86
core   0: 3 0x000000008000400c (0x056c0c13) x24 0x000000008000605e
core   0: 0x0000000080004010 (0x000c00e7) jalr    s8
core   0: 3 0x0000000080004010 (0x000c00e7) x1  0x0000000080004014
core   0: >>>>  any_handler
core   0: 0x000000008000605e (0x341027f3) csrrs   a5, mepc, zero
core   0: 3 0x000000008000605e (0x341027f3) x15 0x0000000080005a12
core   0: 0x0000000080006062 (0x34202773) csrrs   a4, mcause, zero
core   0: 3 0x0000000080006062 (0x34202773) x14 0x0000000000000002
core   0: 0x0000000080006066 (0x142026f3) csrrs   a3, scause, zero
core   0: 3 0x0000000080006066 (0x142026f3) x13 0xffffffffffffffff
core   0: 0x000000008000606a (0x30402673) csrrs   a2, mie, zero
core   0: 3 0x000000008000606a (0x30402673) x12 0x0000000000000a00
core   0: 0x000000008000606e (0x344025f3) csrrs   a1, mip, zero
core   0: 3 0x000000008000606e (0x344025f3) x11 0x0000000000000080
core   0: 0x0000000080006072 (0x343025f3) csrrs   a1, mtval, zero
core   0: 3 0x0000000080006072 (0x343025f3) x11 0x00000000c0207af3
core   0: 0x0000000080006076 (0x14302573) csrrs   a0, stval, zero
core   0: 3 0x0000000080006076 (0x14302573) x10 0x0000000000000000
core   0: 0x000000008000607a (0xb02024f3) csrrs   s1, minstret, zero
core   0: 3 0x000000008000607a (0xb02024f3) x9  0x0000000000001165
core   0: 0x000000008000607e (0x0000a811) c.j     pc + 20
core   0: 3 0x000000008000607e (0xa811)
core   0: >>>>  mepc_4
core   0: 0x0000000080006092 (0x00000791) c.addi  a5, 4
core   0: 3 0x0000000080006092 (0x0791) x15 0x0000000080005a16
core   0: 0x0000000080006094 (0x34179073) csrrw   zero, mepc, a5
core   0: 3 0x0000000080006094 (0x34179073) c833_mepc 0x0000000080005a16
core   0: 0x0000000080006098 (0x30200073) mret
core   0: 3 0x0000000080006098 (0x30200073) c768_mstatus 0x8000000a00106080
core   0: 0x0000000080005a16 (0xc771fc17) auipc   s8, 0xc771f
core   0: 1 0x0000000080005a16 (0xc771fc17) x24 0x0000000047724a16
core   0: 0x0000000080005a1a (0x1ab57553) fdiv.d  fa0, fa0, fa1
core   0: 1 0x0000000080005a1a (0x1ab57553) f10 0x7ff8000000000000
core   0: 0x0000000080005a1e (0x231522d3) fsgnjx.d ft5, fa0, fa7
core   0: 1 0x0000000080005a1e (0x231522d3) f5  0x7ff8000000000000
core   0: 0x0000000080005a22 (0x00099e9b) slliw   t4, s3, 0
core   0: 1 0x0000000080005a22 (0x00099e9b) x29 0x000000007fffffff
core   0: 0x0000000080005a26 (0xd02c7ad3) fcvt.s.l fs5, s8
core   0: 1 0x0000000080005a26 (0xd02c7ad3) c1_fflags 0x000000000000001b f21 0xffffffff4e8ee494
core   0: 0x0000000080005a2a (0x03dc5b33) divu    s6, s8, t4
core   0: 1 0x0000000080005a2a (0x03dc5b33) x22 0x0000000000000000
core   0: 0x0000000080005a2e (0x036a7633) remu    a2, s4, s6
core   0: 1 0x0000000080005a2e (0x036a7633) x12 0x00000000000009ff
core   0: 0x0000000080005a32 (0x03ca3a33) mulhu   s4, s4, t3
core   0: 1 0x0000000080005a32 (0x03ca3a33) x20 0x0000000000000000
core   0: 0x0000000080005a36 (0x401ad51b) sraiw   a0, s5, 1
core   0: 1 0x0000000080005a36 (0x401ad51b) x10 0x0000000000000000
core   0: 0x0000000080005a3a (0xc3fffdcb) fnmsub.d fs11, ft11, ft11, fs8
core   0: 1 0x0000000080005a3a (0xc3fffdcb) f27 0x7ff8000000000000
core   0: 0x0000000080005a3e (0x015418b3) sll     a7, s0, s5
core   0: 1 0x0000000080005a3e (0x015418b3) x17 0x0000000000000000
core   0: 0x0000000080005a42 (0x02b5c637) lui     a2, 0x2b5c
core   0: 1 0x0000000080005a42 (0x02b5c637) x12 0x0000000002b5c000
core   0: 0x0000000080005a46 (0xa3548b53) fle.d   s6, fs1, fs5
core   0: 1 0x0000000080005a46 (0xa3548b53) c1_fflags 0x000000000000001b x22 0x0000000000000000
core   0: 0x0000000080005a4a (0x41d1581b) sraiw   a6, sp, 29
core   0: 1 0x0000000080005a4a (0x41d1581b) x16 0xffffffffffffffff
core   0: 0x0000000080005a4e (0x001c881b) addiw   a6, s9, 1
core   0: 1 0x0000000080005a4e (0x001c881b) x16 0xfffffffffc7f1127
core   0: 0x0000000080005a52 (0x43f85413) srai    s0, a6, 63
core   0: 1 0x0000000080005a52 (0x43f85413) x8  0xffffffffffffffff
core   0: 0x0000000080005a56 (0xbcba8237) lui     tp, 0xbcba8
core   0: 1 0x0000000080005a56 (0xbcba8237) x4  0xffffffffbcba8000
core   0: 0x0000000080005a5a (0x0f563c97) auipc   s9, 0xf563
core   0: 1 0x0000000080005a5a (0x0f563c97) x25 0x000000008f568a5a
core   0: 0x0000000080005a5e (0x2bd595d3) fmax.d  fa1, fa1, ft9
core   0: 1 0x0000000080005a5e (0x2bd595d3) f11 0x7ff8000000000000
core   0: 0x0000000080005a62 (0x03304933) div     s2, zero, s3
core   0: 1 0x0000000080005a62 (0x03304933) x18 0x0000000000000000
core   0: 0x0000000080005a66 (0x13b3714f) fnmadd.d ft2, ft6, fs11, ft2
core   0: 1 0x0000000080005a66 (0x13b3714f) f2  0x7ff8000000000000
core   0: 0x0000000080005a6a (0x4cbe6813) ori     a6, t3, 1227
core   0: 1 0x0000000080005a6a (0x4cbe6813) x16 0x00000000000004cb
core   0: 0x0000000080005a6e (0x0009c693) xori    a3, s3, 0
core   0: 1 0x0000000080005a6e (0x0009c693) x13 0x000000007fffffff
core   0: 0x0000000080005a72 (0x03d23633) mulhu   a2, tp, t4
core   0: 1 0x0000000080005a72 (0x03d23633) x12 0x000000007ffffffe
core   0: 0x0000000080005a76 (0x034e3a33) mulhu   s4, t3, s4
core   0: 1 0x0000000080005a76 (0x034e3a33) x20 0x0000000000000000
core   0: 0x0000000080005a7a (0x0ff0000f) fence   iorw,iorw
core   0: 1 0x0000000080005a7a (0x0ff0000f)
core   0: 0x0000000080005a7e (0xd22a7d53) fcvt.d.l fs10, s4
core   0: 1 0x0000000080005a7e (0xd22a7d53) f26 0x0000000000000000
core   0: 0x0000000080005a82 (0x0379a9b3) mulhsu  s3, s3, s7
core   0: 1 0x0000000080005a82 (0x0379a9b3) x19 0x0000000000000000
core   0: 0x0000000080005a86 (0x03637cbb) remuw   s9, t1, s6
core   0: 1 0x0000000080005a86 (0x03637cbb) x25 0x0000000000000000
core   0: 0x0000000080005a8a (0x026104bb) mulw    s1, sp, t1
core   0: 1 0x0000000080005a8a (0x026104bb) x9  0x0000000000000000
core   0: 0x0000000080005a8e (0x10a09073) csrrw   zero, senvcfg, ra
core   0: 1 0x0000000080005a8e (0x10a09073) c266_senvcfg 0x0000000000000000
core   0: 0x0000000080005a92 (0x001608bb) addw    a7, a2, ra
core   0: 1 0x0000000080005a92 (0x001608bb) x17 0x0000000000004012
core   0: 0x0000000080005a96 (0xc21d7dd3) fcvt.wu.d s11, fs10
core   0: 1 0x0000000080005a96 (0xc21d7dd3) x27 0x0000000000000000
core   0: 0x0000000080005a9a (0xd2070553) fcvt.d.w fa0, a4
core   0: 1 0x0000000080005a9a (0xd2070553) f10 0x4000000000000000
core   0: 0x0000000080005a9e (0x5a037ed3) fsqrt.d ft9, ft6
core   0: 1 0x0000000080005a9e (0x5a037ed3) f29 0x7ff8000000000000
core   0: 0x0000000080005aa2 (0xc0357053) fcvt.lu.s zero, fa0
core   0: 1 0x0000000080005aa2 (0xc0357053) c1_fflags 0x000000000000001b
core   0: 0x0000000080005aa6 (0x0d500217) auipc   tp, 0xd500
core   0: 1 0x0000000080005aa6 (0x0d500217) x4  0x000000008d505aa6
core   0: 0x0000000080005aaa (0xc02d7c53) fcvt.l.s s8, fs10
core   0: 1 0x0000000080005aaa (0xc02d7c53) c1_fflags 0x000000000000001b x24 0x7fffffffffffffff
core   0: 0x0000000080005aae (0x0182d5bb) srlw    a1, t0, s8
core   0: 1 0x0000000080005aae (0x0182d5bb) x11 0x0000000000000001
core   0: 0x0000000080005ab2 (0x5a0571d3) fsqrt.d ft3, fa0
core   0: 1 0x0000000080005ab2 (0x5a0571d3) c1_fflags 0x000000000000001b f3  0x3ff6a09e667f3bcd
core   0: 0x0000000080005ab6 (0x0043d73b) srlw    a4, t2, tp
core   0: 1 0x0000000080005ab6 (0x0043d73b) x14 0x0000000003fffffe
core   0: 0x0000000080005aba (0x00e7533b) srlw    t1, a4, a4
core   0: 1 0x0000000080005aba (0x00e7533b) x6  0x0000000000000000
core   0: 0x0000000080005abe (0x02f8b7b3) mulhu   a5, a7, a5
core   0: 1 0x0000000080005abe (0x02f8b7b3) x15 0x0000000000000000
core   0: 0x0000000080005ac2 (0xc2057bd3) fcvt.w.d s7, fa0
core   0: 1 0x0000000080005ac2 (0xc2057bd3) x23 0x0000000000000002
core   0: 0x0000000080005ac6 (0x002514f3) csrrw   s1, frm, a0
core   0: 1 0x0000000080005ac6 (0x002514f3) x9  0x0000000000000000 c2_frm 0x0000000000000000
core   0: 0x0000000080005aca (0x002b93f3) csrrw   t2, frm, s7
core   0: 1 0x0000000080005aca (0x002b93f3) x7  0x0000000000000000 c2_frm 0x0000000000000002
core   0: 0x0000000080005ace (0x0078193b) sllw    s2, a6, t2
core   0: 1 0x0000000080005ace (0x0078193b) x18 0x00000000000004cb
core   0: 0x0000000080005ad2 (0x00139cf3) csrrw   s9, fflags, t2
core   0: 1 0x0000000080005ad2 (0x00139cf3) x25 0x000000000000001b c1_fflags 0x0000000000000000
core   0: 0x0000000080005ad6 (0xc20cfbd3) fcvt.w.d s7, fs9
core   0: 1 0x0000000080005ad6 (0xc20cfbd3) c1_fflags 0x0000000000000010 x23 0x000000007fffffff
core   0: 0x0000000080005ada (0x03009db3) mulh    s11, ra, a6
core   0: 1 0x0000000080005ada (0x03009db3) x27 0x0000000000000000
core   0: 0x0000000080005ade (0x4bf578c3) fmadd.d fa7, fa0, ft11, fs1
core   0: 1 0x0000000080005ade (0x4bf578c3) f17 0x7ff8000000000000
core   0: 0x0000000080005ae2 (0xd0287ed3) fcvt.s.l ft9, a6
core   0: 1 0x0000000080005ae2 (0xd0287ed3) f29 0xffffffff44996000
core   0: 0x0000000080005ae6 (0x7ffece93) xori    t4, t4, 2047
core   0: 1 0x0000000080005ae6 (0x7ffece93) x29 0x000000007ffff800
core   0: 0x0000000080005aea (0x03b60cbb) mulw    s9, a2, s11
core   0: 1 0x0000000080005aea (0x03b60cbb) x25 0x0000000000000000
core   0: 0x0000000080005aee (0x2b169b53) fmax.d  fs6, fa3, fa7
core   0: 1 0x0000000080005aee (0x2b169b53) f22 0x7ff8000000000000
core   0: 0x0000000080005af2 (0x001cc693) xori    a3, s9, 1
core   0: 1 0x0000000080005af2 (0x001cc693) x13 0x0000000000000001
core   0: 0x0000000080005af6 (0x02d7ab33) mulhsu  s6, a5, a3
core   0: 1 0x0000000080005af6 (0x02d7ab33) x22 0x0000000000000000
core   0: 0x0000000080005afa (0x40a48533) sub     a0, s1, a0
core   0: 1 0x0000000080005afa (0x40a48533) x10 0x0000000000000000
core   0: 0x0000000080005afe (0x401df853) fcvt.s.d fa6, fs11
core   0: 1 0x0000000080005afe (0x401df853) f16 0xffffffff7fc00000
core   0: 0x0000000080005b02 (0xc2287453) fcvt.l.d s0, fa6
core   0: 1 0x0000000080005b02 (0xc2287453) c1_fflags 0x0000000000000010 x8  0x7fffffffffffffff
core   0: 0x0000000080005b06 (0x00841733) sll     a4, s0, s0
core   0: 1 0x0000000080005b06 (0x00841733) x14 0x8000000000000000
core   0: 0x0000000080005b0a (0x1b0ef1c3) fmadd.d ft3, ft9, fa6, ft3
core   0: 1 0x0000000080005b0a (0x1b0ef1c3) f3  0x7ff8000000000000
core   0: 0x0000000080005b0e (0x02164cb3) div     s9, a2, ra
core   0: 1 0x0000000080005b0e (0x02164cb3) x25 0x0000000000000000
core   0: 0x0000000080005b12 (0x0ff0000f) fence   iorw,iorw
core   0: 1 0x0000000080005b12 (0x0ff0000f)
core   0: 0x0000000080005b16 (0x00ab7533) and     a0, s6, a0
core   0: 1 0x0000000080005b16 (0x00ab7533) x10 0x0000000000000000
core   0: 0x0000000080005b1a (0xd23b7f53) fcvt.d.lu ft10, s6
core   0: 1 0x0000000080005b1a (0xd23b7f53) f30 0x0000000000000000
core   0: 0x0000000080005b1e (0x03c55133) divu    sp, a0, t3
core   0: 1 0x0000000080005b1e (0x03c55133) x2  0xffffffffffffffff
core   0: 0x0000000080005b22 (0x41710933) sub     s2, sp, s7
core   0: 1 0x0000000080005b22 (0x41710933) x18 0xffffffff80000000
core   0: 0x0000000080005b26 (0x00101973) csrrw   s2, fflags, zero
core   0: 1 0x0000000080005b26 (0x00101973) x18 0x0000000000000010 c1_fflags 0x0000000000000000
core   0: 0x0000000080005b2a (0x036b3bb3) mulhu   s7, s6, s6
core   0: 1 0x0000000080005b2a (0x036b3bb3) x23 0x0000000000000000
core   0: 0x0000000080005b2e (0x0b47f053) fsub.d  ft0, fa5, fs4
core   0: 1 0x0000000080005b2e (0x0b47f053) f0  0x7ff8000000000000
core   0: 0x0000000080005b32 (0x03768913) addi    s2, a3, 55
core   0: 1 0x0000000080005b32 (0x03768913) x18 0x0000000000000038
core   0: 0x0000000080005b36 (0x412bd033) sra     zero, s7, s2
core   0: 1 0x0000000080005b36 (0x412bd033)
core   0: 0x0000000080005b3a (0xd02bf8d3) fcvt.s.l fa7, s7
core   0: 1 0x0000000080005b3a (0xd02bf8d3) f17 0xffffffff00000000
core   0: 0x0000000080005b3e (0x43fcde93) srai    t4, s9, 63
core   0: 1 0x0000000080005b3e (0x43fcde93) x29 0x0000000000000000
core   0: 0x0000000080005b42 (0x01b8583b) srlw    a6, a6, s11
core   0: 1 0x0000000080005b42 (0x01b8583b) x16 0x00000000000004cb
core   0: 0x0000000080005b46 (0x018116b3) sll     a3, sp, s8
core   0: 1 0x0000000080005b46 (0x018116b3) x13 0x8000000000000000
core   0: 0x0000000080005b4a (0xf376b437) lui     s0, 0xf376b
core   0: 1 0x0000000080005b4a (0xf376b437) x8  0xfffffffff376b000
core   0: 0x0000000080005b4e (0x02c44b3b) divw    s6, s0, a2
core   0: 1 0x0000000080005b4e (0x02c44b3b) x22 0x0000000000000000
core   0: 0x0000000080005b52 (0xd23976d3) fcvt.d.lu fa3, s2
core   0: 1 0x0000000080005b52 (0xd23976d3) f13 0x404c000000000000
core   0: 0x0000000080005b56 (0x80746293) ori     t0, s0, -2041
core   0: 1 0x0000000080005b56 (0x80746293) x5  0xfffffffffffff807
core   0: 0x0000000080005b5a (0x02e2d3b3) divu    t2, t0, a4
core   0: 1 0x0000000080005b5a (0x02e2d3b3) x7  0x0000000000000001
core   0: 0x0000000080005b5e (0x00077513) andi    a0, a4, 0
core   0: 1 0x0000000080005b5e (0x00077513) x10 0x0000000000000000
core   0: 0x0000000080005b62 (0xd03ef153) fcvt.s.lu ft2, t4
core   0: 1 0x0000000080005b62 (0xd03ef153) f2  0xffffffff00000000
core   0: 0x0000000080005b66 (0x03f51113) slli    sp, a0, 63
core   0: 1 0x0000000080005b66 (0x03f51113) x2  0x0000000000000000
core   0: 0x0000000080005b6a (0x22c602d3) fsgnj.d ft5, fa2, fa2
core   0: 1 0x0000000080005b6a (0x22c602d3) f5  0x7ff8000000000000
core   0: 0x0000000080005b6e (0xb2aaea17) auipc   s4, 0xb2aae
core   0: 1 0x0000000080005b6e (0xb2aaea17) x20 0x0000000032ab3b6e
core   0: 0x0000000080005b72 (0x105e3e73) csrrc   t3, stvec, t3
core   0: 1 0x0000000080005b72 (0x105e3e73) x28 0x0000000000000000 c261_stvec 0x0000000000000000
core   0: 0x0000000080005b76 (0xd0217953) fcvt.s.l fs2, sp
core   0: 1 0x0000000080005b76 (0xd0217953) f18 0xffffffff00000000
core   0: 0x0000000080005b7a (0xdb3dfdc3) fmadd.d fs11, fs11, fs3, fs11
core   0: 1 0x0000000080005b7a (0xdb3dfdc3) f27 0x7ff8000000000000
core   0: 0x0000000080005b7e (0x4022d13b) sraw    sp, t0, sp
core   0: 1 0x0000000080005b7e (0x4022d13b) x2  0xfffffffffffff807
core   0: 0x0000000080005b82 (0x03544433) div     s0, s0, s5
core   0: 1 0x0000000080005b82 (0x03544433) x8  0xffffffffffffffff
core   0: 0x0000000080005b86 (0xc02dfad3) fcvt.l.s s5, fs11
core   0: 1 0x0000000080005b86 (0xc02dfad3) c1_fflags 0x0000000000000010 x21 0x7fffffffffffffff
core   0: 0x0000000080005b8a (0x02868033) mul     zero, a3, s0
core   0: 1 0x0000000080005b8a (0x02868033)
core   0: 0x0000000080005b8e (0x73b47447) fmsub.d fs0, fs0, fs11, fa4
core   0: 1 0x0000000080005b8e (0x73b47447) f8  0x7ff8000000000000
core   0: 0x0000000080005b92 (0x12737853) fmul.d  fa6, ft6, ft7
core   0: 1 0x0000000080005b92 (0x12737853) f16 0x7ff8000000000000
core   0: 0x0000000080005b96 (0x401e519b) sraiw   gp, t3, 1
core   0: 1 0x0000000080005b96 (0x401e519b) x3  0x0000000000000000
core   0: 0x0000000080005b9a (0x405180b3) sub     ra, gp, t0
core   0: 1 0x0000000080005b9a (0x405180b3) x1  0x00000000000007f9
core   0: 0x0000000080005b9e (0x22b595d3) fsgnjn.d fa1, fa1, fa1
core   0: 1 0x0000000080005b9e (0x22b595d3) f11 0xfff8000000000000
core   0: 0x0000000080005ba2 (0x0030a233) slt     tp, ra, gp
core   0: 1 0x0000000080005ba2 (0x0030a233) x4  0x0000000000000000
core   0: 0x0000000080005ba6 (0xa5a20c9b) addiw   s9, tp, -1446
core   0: 1 0x0000000080005ba6 (0xa5a20c9b) x25 0xfffffffffffffa5a
core   0: 0x0000000080005baa (0x000a94b7) lui     s1, 0xa9
core   0: 1 0x0000000080005baa (0x000a94b7) x9  0x00000000000a9000
core   0: 0x0000000080005bae (0x36b4849b) addiw   s1, s1, 875
core   0: 1 0x0000000080005bae (0x36b4849b) x9  0x00000000000a936b
core   0: 0x0000000080005bb2 (0x000004b6) c.slli  s1, 13
core   0: 1 0x0000000080005bb2 (0x04b6) x9  0x00000001526d6000
core   0: 0x0000000080005bb4 (0x000014f1) c.addi  s1, -4
core   0: 1 0x0000000080005bb4 (0x14f1) x9  0x00000001526d5ffc
core   0: 0x0000000080005bb6 (0xd21c8d53) fcvt.d.wu fs10, s9
core   0: 1 0x0000000080005bb6 (0xd21c8d53) f26 0x41efffff4b400000
core   0: 0x0000000080005bba (0x001617f3) csrrw   a5, fflags, a2
core   0: 1 0x0000000080005bba (0x001617f3) x15 0x0000000000000010 c1_fflags 0x000000000000001e
core   0: 0x0000000080005bbe (0x3b6c7c47) fmsub.d fs8, fs8, fs6, ft7
core   0: 1 0x0000000080005bbe (0x3b6c7c47) f24 0x7ff8000000000000
core   0: 0x0000000080005bc2 (0x02a2603b) remw    zero, tp, a0
core   0: 1 0x0000000080005bc2 (0x02a2603b)
core   0: 0x0000000080005bc6 (0x00985c3b) srlw    s8, a6, s1
core   0: 1 0x0000000080005bc6 (0x00985c3b) x24 0x0000000000000000
core   0: 0x0000000080005bca (0x1400b2f3) csrrc   t0, sscratch, ra
core   0: 1 0x0000000080005bca (0x1400b2f3) x5  0x0000000000000000 c320_sscratch 0x0000000000000000
core   0: 0x0000000080005bce (0x4164d633) sra     a2, s1, s6
core   0: 1 0x0000000080005bce (0x4164d633) x12 0x00000001526d5ffc
core   0: 0x0000000080005bd2 (0x4016f553) fcvt.s.d fa0, fa3
core   0: 1 0x0000000080005bd2 (0x4016f553) f10 0xffffffff42600000
core   0: 0x0000000080005bd6 (0x01da111b) slliw   sp, s4, 29
core   0: 1 0x0000000080005bd6 (0x01da111b) x2  0xffffffffc0000000
core   0: 0x0000000080005bda (0xf20a8cd3) fmv.d.x fs9, s5
core   0: 1 0x0000000080005bda (0xf20a8cd3) f25 0x7fffffffffffffff
core   0: 0x0000000080005bde (0x0001571b) srliw   a4, sp, 0
core   0: 1 0x0000000080005bde (0x0001571b) x14 0xffffffffc0000000
core   0: 0x0000000080005be2 (0xab3af1cb) fnmsub.d ft3, fs5, fs3, fs5
core   0: 1 0x0000000080005be2 (0xab3af1cb) f3  0x7ff8000000000000
core   0: 0x0000000080005be6 (0x035168bb) remw    a7, sp, s5
core   0: 1 0x0000000080005be6 (0x035168bb) x17 0x0000000000000000
core   0: 0x0000000080005bea (0x032d9933) mulh    s2, s11, s2
core   0: 1 0x0000000080005bea (0x032d9933) x18 0x0000000000000000
core   0: 0x0000000080005bee (0x0000916e) c.add   sp, s11
core   0: 1 0x0000000080005bee (0x916e) x2  0xffffffffc0000000
core   0: 0x0000000080005bf0 (0x019bd493) srli    s1, s7, 25
core   0: 1 0x0000000080005bf0 (0x019bd493) x9  0x0000000000000000
core   0: 0x0000000080005bf4 (0xf20383d3) fmv.d.x ft7, t2
core   0: 1 0x0000000080005bf4 (0xf20383d3) f7  0x0000000000000001
core   0: 0x0000000080005bf8 (0x1af7f553) fdiv.d  fa0, fa5, fa5
core   0: 1 0x0000000080005bf8 (0x1af7f553) f10 0x7ff8000000000000
core   0: 0x0000000080005bfc (0x2bb51953) fmax.d  fs2, fa0, fs11
core   0: 1 0x0000000080005bfc (0x2bb51953) f18 0x7ff8000000000000
core   0: 0x0000000080005c00 (0x0257a633) mulhsu  a2, a5, t0
core   0: 1 0x0000000080005c00 (0x0257a633) x12 0x0000000000000000
core   0: 0x0000000080005c04 (0x0131f1b3) and     gp, gp, s3
core   0: 1 0x0000000080005c04 (0x0131f1b3) x3  0x0000000000000000
core   0: 0x0000000080005c08 (0xb3572717) auipc   a4, 0xb3572
core   0: 1 0x0000000080005c08 (0xb3572717) x14 0x0000000033577c08
core   0: 0x0000000080005c0c (0xf2020e53) fmv.d.x ft8, tp
core   0: 1 0x0000000080005c0c (0xf2020e53) f28 0x0000000000000000
core   0: 0x0000000080005c10 (0xc23d72d3) fcvt.lu.d t0, fs10
core   0: 1 0x0000000080005c10 (0xc23d72d3) x5  0x00000000fffffa5a
core   0: 0x0000000080005c14 (0x0ff0000f) fence   iorw,iorw
core   0: 1 0x0000000080005c14 (0x0ff0000f)
core   0: 0x0000000080005c18 (0x0087abb3) slt     s7, a5, s0
core   0: 1 0x0000000080005c18 (0x0087abb3) x23 0x0000000000000000
core   0: 0x0000000080005c1c (0xa3c29453) flt.d   s0, ft5, ft8
core   0: 1 0x0000000080005c1c (0xa3c29453) c1_fflags 0x000000000000001e x8  0x0000000000000000
core   0: 0x0000000080005c20 (0x1045b673) csrrc   a2, sie, a1
core   0: 1 0x0000000080005c20 (0x1045b673) x12 0x0000000000000000 c772_mie 0x0000000000000a00
core   0: 0x0000000080005c24 (0x02777d3b) remuw   s10, a4, t2
core   0: 1 0x0000000080005c24 (0x02777d3b) x26 0x0000000000000000
core   0: 0x0000000080005c28 (0xc2153597) auipc   a1, 0xc2153
core   0: 1 0x0000000080005c28 (0xc2153597) x11 0x0000000042158c28
core   0: 0x0000000080005c2c (0x00102373) csrrs   t1, fflags, zero
core   0: 1 0x0000000080005c2c (0x00102373) x6  0x000000000000001e
core   0: 0x0000000080005c30 (0xc22378d3) fcvt.l.d a7, ft6
core   0: 1 0x0000000080005c30 (0xc22378d3) c1_fflags 0x000000000000001e x17 0x7fffffffffffffff
core   0: 0x0000000080005c34 (0x000098c6) c.add   a7, a7
core   0: 1 0x0000000080005c34 (0x98c6) x17 0xfffffffffffffffe
core   0: 0x0000000080005c36 (0x03d4f053) fadd.d  ft0, fs1, ft9
core   0: 1 0x0000000080005c36 (0x03d4f053) f0  0x7ff8000000000000
core   0: 0x0000000080005c3a (0x002093f3) csrrw   t2, frm, ra
core   0: 1 0x0000000080005c3a (0x002093f3) x7  0x0000000000000002 c2_frm 0x0000000000000001
core   0: 0x0000000080005c3e (0xd2128753) fcvt.d.wu fa4, t0
core   0: 1 0x0000000080005c3e (0xd2128753) f14 0x41efffff4b400000
core   0: 0x0000000080005c42 (0x008c7bb7) lui     s7, 0x8c7
core   0: 1 0x0000000080005c42 (0x008c7bb7) x23 0x00000000008c7000
core   0: 0x0000000080005c46 (0xd93b8b9b) addiw   s7, s7, -621
core   0: 1 0x0000000080005c46 (0xd93b8b9b) x23 0x00000000008c6d93
core   0: 0x0000000080005c4a (0x00000bb6) c.slli  s7, 13
core   0: 1 0x0000000080005c4a (0x0bb6) x23 0x000000118db26000
core   0: 0x0000000080005c4c (0xf78b8b93) addi    s7, s7, -136
core   0: 1 0x0000000080005c4c (0xf78b8b93) x23 0x000000118db25f78
core   0: 0x0000000080005c50 (0x0ff0000f) fence   iorw,iorw
core   0: 1 0x0000000080005c50 (0x0ff0000f)
core   0: 0x0000000080005c54 (0x0bab7d53) fsub.d  fs10, fs6, fs10
core   0: 1 0x0000000080005c54 (0x0bab7d53) f26 0x7ff8000000000000
core   0: 0x0000000080005c58 (0x00000001) c.nop
core   0: 1 0x0000000080005c58 (0x0001)
core   0: 0x0000000080005c5a (0x037bebb3) rem     s7, s7, s7
core   0: 1 0x0000000080005c5a (0x037bebb3) x23 0x0000000000000000
core   0: 0x0000000080005c5e (0x736d7f4b) fnmsub.d ft10, fs10, fs6, fa4
core   0: 1 0x0000000080005c5e (0x736d7f4b) f30 0x7ff8000000000000
core   0: 0x0000000080005c62 (0xc035f8d3) fcvt.lu.s a7, fa1
core   0: 1 0x0000000080005c62 (0xc035f8d3) c1_fflags 0x000000000000001e x17 0xffffffffffffffff
core   0: 0x0000000080005c66 (0x00f0561b) srliw   a2, zero, 15
core   0: 1 0x0000000080005c66 (0x00f0561b) x12 0x0000000000000000
core   0: 0x0000000080005c6a (0x23e71ad3) fsgnjn.d fs5, fa4, ft10
core   0: 1 0x0000000080005c6a (0x23e71ad3) f21 0xc1efffff4b400000
core   0: 0x0000000080005c6e (0x32392873) csrrs   a6, mhpmevent3, s2
core   0: exception trap_illegal_instruction, epc 0x0000000080005c6e
core   0:           tval 0x0000000032392873
core   0: >>>>  $xrv64i2p1_m2p0_a2p1_f2p2_d2p2_zicsr2p0_zifencei2p0_zmmul1p0_zba1p0_zbb1p0_zbc1p0_zbs1p0
core   0: 0x0000000080004000 (0x0080006f) j       pc + 0x8
core   0: 3 0x0000000080004000 (0x0080006f)
core   0: >>>>  mmode_exception_handler
core   0: 0x0000000080004008 (0x00002c17) auipc   s8, 0x2
core   0: 3 0x0000000080004008 (0x00002c17) x24 0x0000000080006008
core   0: 0x000000008000400c (0x056c0c13) addi    s8, s8, 86
core   0: 3 0x000000008000400c (0x056c0c13) x24 0x000000008000605e
core   0: 0x0000000080004010 (0x000c00e7) jalr    s8
core   0: 3 0x0000000080004010 (0x000c00e7) x1  0x0000000080004014
core   0: >>>>  any_handler
core   0: 0x000000008000605e (0x341027f3) csrrs   a5, mepc, zero
core   0: 3 0x000000008000605e (0x341027f3) x15 0x0000000080005c6e
core   0: 0x0000000080006062 (0x34202773) csrrs   a4, mcause, zero
core   0: 3 0x0000000080006062 (0x34202773) x14 0x0000000000000002
core   0: 0x0000000080006066 (0x142026f3) csrrs   a3, scause, zero
core   0: 3 0x0000000080006066 (0x142026f3) x13 0xffffffffffffffff
core   0: 0x000000008000606a (0x30402673) csrrs   a2, mie, zero
core   0: 3 0x000000008000606a (0x30402673) x12 0x0000000000000a00
core   0: 0x000000008000606e (0x344025f3) csrrs   a1, mip, zero
core   0: 3 0x000000008000606e (0x344025f3) x11 0x0000000000000080
core   0: 0x0000000080006072 (0x343025f3) csrrs   a1, mtval, zero
core   0: 3 0x0000000080006072 (0x343025f3) x11 0x0000000032392873
core   0: 0x0000000080006076 (0x14302573) csrrs   a0, stval, zero
core   0: 3 0x0000000080006076 (0x14302573) x10 0x0000000000000000
core   0: 0x000000008000607a (0xb02024f3) csrrs   s1, minstret, zero
core   0: 3 0x000000008000607a (0xb02024f3) x9  0x000000000000120e
core   0: 0x000000008000607e (0x0000a811) c.j     pc + 20
core   0: 3 0x000000008000607e (0xa811)
core   0: >>>>  mepc_4
core   0: 0x0000000080006092 (0x00000791) c.addi  a5, 4
core   0: 3 0x0000000080006092 (0x0791) x15 0x0000000080005c72
core   0: 0x0000000080006094 (0x34179073) csrrw   zero, mepc, a5
core   0: 3 0x0000000080006094 (0x34179073) c833_mepc 0x0000000080005c72
core   0: 0x0000000080006098 (0x30200073) mret
core   0: 3 0x0000000080006098 (0x30200073) c768_mstatus 0x8000000a00106080
core   0: 0x0000000080005c72 (0x2aaf8553) fmin.d  fa0, ft11, fa0
core   0: 1 0x0000000080005c72 (0x2aaf8553) f10 0x7ff8000000000000
core   0: 0x0000000080005c76 (0x0004549b) srliw   s1, s0, 0
core   0: 1 0x0000000080005c76 (0x0004549b) x9  0x0000000000000000
core   0: 0x0000000080005c7a (0x00d07433) and     s0, zero, a3
core   0: 1 0x0000000080005c7a (0x00d07433) x8  0x0000000000000000
core   0: 0x0000000080005c7e (0xc2377ed3) fcvt.lu.d t4, fa4
core   0: 1 0x0000000080005c7e (0xc2377ed3) x29 0x00000000fffffa5a
core   0: 0x0000000080005c82 (0x13faf053) fmul.d  ft0, fs5, ft11
core   0: 1 0x0000000080005c82 (0x13faf053) f0  0x7ff8000000000000
core   0: 0x0000000080005c86 (0x03a21793) slli    a5, tp, 58
core   0: 1 0x0000000080005c86 (0x03a21793) x15 0x0000000000000000
core   0: 0x0000000080005c8a (0x025013b3) mulh    t2, zero, t0
core   0: 1 0x0000000080005c8a (0x025013b3) x7  0x0000000000000000
core   0: 0x0000000080005c8e (0x4072d2b3) sra     t0, t0, t2
core   0: 1 0x0000000080005c8e (0x4072d2b3) x5  0x00000000fffffa5a
core   0: 0x0000000080005c92 (0xfe598a37) lui     s4, 0xfe598
core   0: 1 0x0000000080005c92 (0xfe598a37) x20 0xfffffffffe598000
core   0: 0x0000000080005c96 (0x00002a4d) c.addiw s4, 19
core   0: 1 0x0000000080005c96 (0x2a4d) x20 0xfffffffffe598013
core   0: 0x0000000080005c98 (0x00000a32) c.slli  s4, 12
core   0: 1 0x0000000080005c98 (0x0a32) x20 0xffffffe598013000
core   0: 0x0000000080005c9a (0x426a0a13) addi    s4, s4, 1062
core   0: 1 0x0000000080005c9a (0x426a0a13) x20 0xffffffe598013426
core   0: 0x0000000080005c9e (0x002024f3) csrrs   s1, frm, zero
core   0: 1 0x0000000080005c9e (0x002024f3) x9  0x0000000000000001
core   0: 0x0000000080005ca2 (0xbf389c17) auipc   s8, 0xbf389
core   0: 1 0x0000000080005ca2 (0xbf389c17) x24 0x000000003f38eca2
core   0: 0x0000000080005ca6 (0x00001bbb) sllw    s7, zero, zero
core   0: 1 0x0000000080005ca6 (0x00001bbb) x23 0x0000000000000000
core   0: 0x0000000080005caa (0x7ff86293) ori     t0, a6, 2047
core   0: 1 0x0000000080005caa (0x7ff86293) x5  0x00000000000007ff
core   0: 0x0000000080005cae (0x0272f033) remu    zero, t0, t2
core   0: 1 0x0000000080005cae (0x0272f033)
core   0: 0x0000000080005cb2 (0x001023f3) csrrs   t2, fflags, zero
core   0: 1 0x0000000080005cb2 (0x001023f3) x7  0x000000000000001e
core   0: 0x0000000080005cb6 (0xd03a7bd3) fcvt.s.lu fs7, s4
core   0: 1 0x0000000080005cb6 (0xd03a7bd3) c1_fflags 0x000000000000001f f23 0xffffffff5f7fffff
core   0: 0x0000000080005cba (0xd02570d3) fcvt.s.l ft1, a0
core   0: 1 0x0000000080005cba (0xd02570d3) f1  0xffffffff00000000
core   0: 0x0000000080005cbe (0x10ad6073) csrrsi  zero, senvcfg, 26
core   0: 1 0x0000000080005cbe (0x10ad6073) c266_senvcfg 0x0000000000000000
core   0: 0x0000000080005cc2 (0xeaa62cb7) lui     s9, 0xeaa62
core   0: 1 0x0000000080005cc2 (0xeaa62cb7) x25 0xffffffffeaa62000
core   0: 0x0000000080005cc6 (0xb02a22f3) csrrs   t0, minstret, s4
core   0: exception trap_illegal_instruction, epc 0x0000000080005cc6
core   0:           tval 0x00000000b02a22f3
core   0: >>>>  $xrv64i2p1_m2p0_a2p1_f2p2_d2p2_zicsr2p0_zifencei2p0_zmmul1p0_zba1p0_zbb1p0_zbc1p0_zbs1p0
core   0: 0x0000000080004000 (0x0080006f) j       pc + 0x8
core   0: 3 0x0000000080004000 (0x0080006f)
core   0: >>>>  mmode_exception_handler
core   0: 0x0000000080004008 (0x00002c17) auipc   s8, 0x2
core   0: 3 0x0000000080004008 (0x00002c17) x24 0x0000000080006008
core   0: 0x000000008000400c (0x056c0c13) addi    s8, s8, 86
core   0: 3 0x000000008000400c (0x056c0c13) x24 0x000000008000605e
core   0: 0x0000000080004010 (0x000c00e7) jalr    s8
core   0: 3 0x0000000080004010 (0x000c00e7) x1  0x0000000080004014
core   0: >>>>  any_handler
core   0: 0x000000008000605e (0x341027f3) csrrs   a5, mepc, zero
core   0: 3 0x000000008000605e (0x341027f3) x15 0x0000000080005cc6
core   0: 0x0000000080006062 (0x34202773) csrrs   a4, mcause, zero
core   0: 3 0x0000000080006062 (0x34202773) x14 0x0000000000000002
core   0: 0x0000000080006066 (0x142026f3) csrrs   a3, scause, zero
core   0: 3 0x0000000080006066 (0x142026f3) x13 0xffffffffffffffff
core   0: 0x000000008000606a (0x30402673) csrrs   a2, mie, zero
core   0: 3 0x000000008000606a (0x30402673) x12 0x0000000000000a00
core   0: 0x000000008000606e (0x344025f3) csrrs   a1, mip, zero
core   0: 3 0x000000008000606e (0x344025f3) x11 0x0000000000000080
core   0: 0x0000000080006072 (0x343025f3) csrrs   a1, mtval, zero
core   0: 3 0x0000000080006072 (0x343025f3) x11 0x00000000b02a22f3
core   0: 0x0000000080006076 (0x14302573) csrrs   a0, stval, zero
core   0: 3 0x0000000080006076 (0x14302573) x10 0x0000000000000000
core   0: 0x000000008000607a (0xb02024f3) csrrs   s1, minstret, zero
core   0: 3 0x000000008000607a (0xb02024f3) x9  0x0000000000001234
core   0: 0x000000008000607e (0x0000a811) c.j     pc + 20
core   0: 3 0x000000008000607e (0xa811)
core   0: >>>>  mepc_4
core   0: 0x0000000080006092 (0x00000791) c.addi  a5, 4
core   0: 3 0x0000000080006092 (0x0791) x15 0x0000000080005cca
core   0: 0x0000000080006094 (0x34179073) csrrw   zero, mepc, a5
core   0: 3 0x0000000080006094 (0x34179073) c833_mepc 0x0000000080005cca
core   0: 0x0000000080006098 (0x30200073) mret
core   0: 3 0x0000000080006098 (0x30200073) c768_mstatus 0x8000000a00106080
core   0: 0x0000000080005cca (0x2a211953) fmax.d  fs2, ft2, ft2
core   0: 1 0x0000000080005cca (0x2a211953) f18 0x7ff8000000000000
core   0: 0x0000000080005cce (0x431cfc43) fmadd.d fs8, fs9, fa7, fs0
core   0: 1 0x0000000080005cce (0x431cfc43) f24 0x7ff8000000000000
core   0: 0x0000000080005cd2 (0xd2237bd3) fcvt.d.l fs7, t1
core   0: 1 0x0000000080005cd2 (0xd2237bd3) f23 0x403e000000000000
core   0: 0x0000000080005cd6 (0xc2277053) fcvt.l.d zero, fa4
core   0: 1 0x0000000080005cd6 (0xc2277053)
core   0: 0x0000000080005cda (0x013d9d9b) slliw   s11, s11, 19
core   0: 1 0x0000000080005cda (0x013d9d9b) x27 0x0000000000000000
core   0: 0x0000000080005cde (0xf77ae893) ori     a7, s5, -137
core   0: 1 0x0000000080005cde (0xf77ae893) x17 0xffffffffffffffff
core   0: 0x0000000080005ce2 (0xc062ea73) csrrsi  s4, hpmcounter6, 5
core   0: exception trap_illegal_instruction, epc 0x0000000080005ce2
core   0:           tval 0x00000000c062ea73
core   0: >>>>  $xrv64i2p1_m2p0_a2p1_f2p2_d2p2_zicsr2p0_zifencei2p0_zmmul1p0_zba1p0_zbb1p0_zbc1p0_zbs1p0
core   0: 0x0000000080004000 (0x0080006f) j       pc + 0x8
core   0: 3 0x0000000080004000 (0x0080006f)
core   0: >>>>  mmode_exception_handler
core   0: 0x0000000080004008 (0x00002c17) auipc   s8, 0x2
core   0: 3 0x0000000080004008 (0x00002c17) x24 0x0000000080006008
core   0: 0x000000008000400c (0x056c0c13) addi    s8, s8, 86
core   0: 3 0x000000008000400c (0x056c0c13) x24 0x000000008000605e
core   0: 0x0000000080004010 (0x000c00e7) jalr    s8
core   0: 3 0x0000000080004010 (0x000c00e7) x1  0x0000000080004014
core   0: >>>>  any_handler
core   0: 0x000000008000605e (0x341027f3) csrrs   a5, mepc, zero
core   0: 3 0x000000008000605e (0x341027f3) x15 0x0000000080005ce2
core   0: 0x0000000080006062 (0x34202773) csrrs   a4, mcause, zero
core   0: 3 0x0000000080006062 (0x34202773) x14 0x0000000000000002
core   0: 0x0000000080006066 (0x142026f3) csrrs   a3, scause, zero
core   0: 3 0x0000000080006066 (0x142026f3) x13 0xffffffffffffffff
core   0: 0x000000008000606a (0x30402673) csrrs   a2, mie, zero
core   0: 3 0x000000008000606a (0x30402673) x12 0x0000000000000a00
core   0: 0x000000008000606e (0x344025f3) csrrs   a1, mip, zero
core   0: 3 0x000000008000606e (0x344025f3) x11 0x0000000000000080
core   0: 0x0000000080006072 (0x343025f3) csrrs   a1, mtval, zero
core   0: 3 0x0000000080006072 (0x343025f3) x11 0x00000000c062ea73
core   0: 0x0000000080006076 (0x14302573) csrrs   a0, stval, zero
core   0: 3 0x0000000080006076 (0x14302573) x10 0x0000000000000000
core   0: 0x000000008000607a (0xb02024f3) csrrs   s1, minstret, zero
core   0: 3 0x000000008000607a (0xb02024f3) x9  0x000000000000124a
core   0: 0x000000008000607e (0x0000a811) c.j     pc + 20
core   0: 3 0x000000008000607e (0xa811)
core   0: >>>>  mepc_4
core   0: 0x0000000080006092 (0x00000791) c.addi  a5, 4
core   0: 3 0x0000000080006092 (0x0791) x15 0x0000000080005ce6
core   0: 0x0000000080006094 (0x34179073) csrrw   zero, mepc, a5
core   0: 3 0x0000000080006094 (0x34179073) c833_mepc 0x0000000080005ce6
core   0: 0x0000000080006098 (0x30200073) mret
core   0: 3 0x0000000080006098 (0x30200073) c768_mstatus 0x8000000a00106080
core   0: 0x0000000080005ce6 (0x00d9d7bb) srlw    a5, s3, a3
core   0: 1 0x0000000080005ce6 (0x00d9d7bb) x15 0x0000000000000000
core   0: 0x0000000080005cea (0x420b8653) fcvt.d.s fa2, fs7
core   0: 1 0x0000000080005cea (0x420b8653) f12 0x7ff8000000000000
core   0: 0x0000000080005cee (0xbbce7d4b) fnmsub.d fs10, ft8, ft8, fs7
core   0: 1 0x0000000080005cee (0xbbce7d4b) f26 0x403e000000000000
core   0: 0x0000000080005cf2 (0x020fffd3) fadd.d  ft11, ft11, ft0
core   0: 1 0x0000000080005cf2 (0x020fffd3) f31 0x7ff8000000000000
core   0: 0x0000000080005cf6 (0xd22572d3) fcvt.d.l ft5, a0
core   0: 1 0x0000000080005cf6 (0xd22572d3) f5  0x0000000000000000
core   0: 0x0000000080005cfa (0x01a37d33) and     s10, t1, s10
core   0: 1 0x0000000080005cfa (0x01a37d33) x26 0x0000000000000000
core   0: 0x0000000080005cfe (0x4a0074cb) fnmsub.d fs1, ft0, ft0, fs1
core   0: 1 0x0000000080005cfe (0x4a0074cb) f9  0x7ff8000000000000
core   0: 0x0000000080005d02 (0x13e2ff47) fmsub.d ft10, ft5, ft10, ft2
core   0: 1 0x0000000080005d02 (0x13e2ff47) f30 0x7ff8000000000000
core   0: 0x0000000080005d06 (0x419d581b) sraiw   a6, s10, 25
core   0: 1 0x0000000080005d06 (0x419d581b) x16 0x0000000000000000
core   0: 0x0000000080005d0a (0xd23afc53) fcvt.d.lu fs8, s5
core   0: 1 0x0000000080005d0a (0xd23afc53) c1_fflags 0x000000000000001f f24 0x43dfffffffffffff
core   0: 0x0000000080005d0e (0x0aa470d3) fsub.d  ft1, fs0, fa0
core   0: 1 0x0000000080005d0e (0x0aa470d3) f1  0x7ff8000000000000
core   0: 0x0000000080005d12 (0x01fa5b9b) srliw   s7, s4, 31
core   0: 1 0x0000000080005d12 (0x01fa5b9b) x23 0x0000000000000001
core   0: 0x0000000080005d16 (0x40088abb) subw    s5, a7, zero
core   0: 1 0x0000000080005d16 (0x40088abb) x21 0xffffffffffffffff
core   0: 0x0000000080005d1a (0x00202573) csrrs   a0, frm, zero
core   0: 1 0x0000000080005d1a (0x00202573) x10 0x0000000000000001
core   0: 0x0000000080005d1e (0x22e705d3) fsgnj.d fa1, fa4, fa4
core   0: 1 0x0000000080005d1e (0x22e705d3) f11 0x41efffff4b400000
core   0: 0x0000000080005d22 (0xc230f2d3) fcvt.lu.d t0, ft1
core   0: 1 0x0000000080005d22 (0xc230f2d3) c1_fflags 0x000000000000001f x5  0xffffffffffffffff
core   0: 0x0000000080005d26 (0x4080d433) sra     s0, ra, s0
core   0: 1 0x0000000080005d26 (0x4080d433) x8  0x0000000080004014
core   0: 0x0000000080005d2a (0x000b9513) slli    a0, s7, 0
core   0: 1 0x0000000080005d2a (0x000b9513) x10 0x0000000000000001
core   0: 0x0000000080005d2e (0x1ab6f6d3) fdiv.d  fa3, fa3, fa1
core   0: 1 0x0000000080005d2e (0x1ab6f6d3) c1_fflags 0x000000000000001f f13 0x3e4c00009e28037d
core   0: 0x0000000080005d32 (0x002027f3) csrrs   a5, frm, zero
core   0: 1 0x0000000080005d32 (0x002027f3) x15 0x0000000000000001
core   0: 0x0000000080005d36 (0x408a5ebb) sraw    t4, s4, s0
core   0: 1 0x0000000080005d36 (0x408a5ebb) x29 0xfffffffffffff980
core   0: 0x0000000080005d3a (0xda230013) addi    zero, t1, -606
core   0: 1 0x0000000080005d3a (0xda230013)
core   0: 0x0000000080005d3e (0xa2db0853) fle.d   a6, fs6, fa3
core   0: 1 0x0000000080005d3e (0xa2db0853) c1_fflags 0x000000000000001f x16 0x0000000000000000
core   0: 0x0000000080005d42 (0xa2e88853) fle.d   a6, fa7, fa4
core   0: 1 0x0000000080005d42 (0xa2e88853) c1_fflags 0x000000000000001f x16 0x0000000000000000
core   0: 0x0000000080005d46 (0xc87cf193) andi    gp, s9, -889
core   0: 1 0x0000000080005d46 (0xc87cf193) x3  0xffffffffeaa62000
core   0: 0x0000000080005d4a (0x836173c7) fmsub.d ft7, ft2, fs6, fa6
core   0: 1 0x0000000080005d4a (0x836173c7) f7  0x7ff8000000000000
core   0: 0x0000000080005d4e (0x002d6d33) or      s10, s10, sp
core   0: 1 0x0000000080005d4e (0x002d6d33) x26 0xffffffffc0000000
core   0: 0x0000000080005d52 (0x00000001) c.nop
core   0: 1 0x0000000080005d52 (0x0001)
core   0: 0x0000000080005d54 (0x00f247b3) xor     a5, tp, a5
core   0: 1 0x0000000080005d54 (0x00f247b3) x15 0x0000000000000001
core   0: 0x0000000080005d58 (0x001180bb) addw    ra, gp, ra
core   0: 1 0x0000000080005d58 (0x001180bb) x1  0x000000006aa66014
core   0: 0x0000000080005d5c (0xa2d68353) fle.d   t1, fa3, fa3
core   0: 1 0x0000000080005d5c (0xa2d68353) x6  0x0000000000000001
core   0: 0x0000000080005d60 (0x039c82b3) mul     t0, s9, s9
core   0: 1 0x0000000080005d60 (0x039c82b3) x5  0x01c7de4d84000000
core   0: 0x0000000080005d64 (0x00356c33) or      s8, a0, gp
core   0: 1 0x0000000080005d64 (0x00356c33) x24 0xffffffffeaa62001
core   0: 0x0000000080005d68 (0x038c58b3) divu    a7, s8, s8
core   0: 1 0x0000000080005d68 (0x038c58b3) x17 0x0000000000000001
core   0: 0x0000000080005d6c (0x0005d593) srli    a1, a1, 0
core   0: 1 0x0000000080005d6c (0x0005d593) x11 0x00000000c062ea73
core   0: 0x0000000080005d70 (0xd22df453) fcvt.d.l fs0, s11
core   0: 1 0x0000000080005d70 (0xd22df453) f8  0x0000000000000000
core   0: 0x0000000080005d74 (0x02b59433) mulh    s0, a1, a1
core   0: 1 0x0000000080005d74 (0x02b59433) x8  0x0000000000000000
core   0: 0x0000000080005d78 (0x02b5873b) mulw    a4, a1, a1
core   0: 1 0x0000000080005d78 (0x02b5873b) x14 0xffffffffd6c26fa9
core   0: 0x0000000080005d7c (0x0011ee93) ori     t4, gp, 1
core   0: 1 0x0000000080005d7c (0x0011ee93) x29 0xffffffffeaa62001
core   0: 0x0000000080005d80 (0x03a04c33) div     s8, zero, s10
core   0: 1 0x0000000080005d80 (0x03a04c33) x24 0x0000000000000000
core   0: 0x0000000080005d84 (0xdb9cfdcb) fnmsub.d fs11, fs9, fs9, fs11
core   0: 1 0x0000000080005d84 (0xdb9cfdcb) f27 0x7ff8000000000000
core   0: 0x0000000080005d88 (0x4a4f77c7) fmsub.d fa5, ft10, ft4, fs1
core   0: 1 0x0000000080005d88 (0x4a4f77c7) f15 0x7ff8000000000000
core   0: 0x0000000080005d8c (0xf2057443) fmadd.d fs0, fa0, ft0, ft10
core   0: 1 0x0000000080005d8c (0xf2057443) f8  0x7ff8000000000000
core   0: 0x0000000080005d90 (0x014c70b3) and     ra, s8, s4
core   0: 1 0x0000000080005d90 (0x014c70b3) x1  0x0000000000000000
core   0: 0x0000000080005d94 (0x00911b1b) slliw   s6, sp, 9
core   0: 1 0x0000000080005d94 (0x00911b1b) x22 0x0000000000000000
core   0: 0x0000000080005d98 (0x035cbab3) mulhu   s5, s9, s5
core   0: 1 0x0000000080005d98 (0x035cbab3) x21 0xffffffffeaa61fff
core   0: 0x0000000080005d9c (0x41d1513b) sraw    sp, sp, t4
core   0: 1 0x0000000080005d9c (0x41d1513b) x2  0xffffffffe0000000
core   0: 0x0000000080005da0 (0x001021f3) csrrs   gp, fflags, zero
core   0: 1 0x0000000080005da0 (0x001021f3) x3  0x000000000000001f
core   0: 0x0000000080005da4 (0xd2377953) fcvt.d.lu fs2, a4
core   0: 1 0x0000000080005da4 (0xd2377953) c1_fflags 0x000000000000001f f18 0x43effffffffad84d
core   0: 0x0000000080005da8 (0x4017509b) sraiw   ra, a4, 1
core   0: 1 0x0000000080005da8 (0x4017509b) x1  0xffffffffeb6137d4
core   0: 0x0000000080005dac (0x003a6333) or      t1, s4, gp
core   0: 1 0x0000000080005dac (0x003a6333) x6  0xffffffe59801343f
core   0: 0x0000000080005db0 (0x006315b3) sll     a1, t1, t1
core   0: 1 0x0000000080005db0 (0x006315b3) x11 0x8000000000000000
core   0: 0x0000000080005db4 (0xd23b75d3) fcvt.d.lu fa1, s6
core   0: 1 0x0000000080005db4 (0xd23b75d3) f11 0x0000000000000000
core   0: 0x0000000080005db8 (0x790b061b) addiw   a2, s6, 1936
core   0: 1 0x0000000080005db8 (0x790b061b) x12 0x0000000000000790
core   0: 0x0000000080005dbc (0x0ff0000f) fence   iorw,iorw
core   0: 1 0x0000000080005dbc (0x0ff0000f)
core   0: 0x0000000080005dc0 (0x2a1590d3) fmax.d  ft1, fa1, ft1
core   0: 1 0x0000000080005dc0 (0x2a1590d3) f1  0x0000000000000000
core   0: 0x0000000080005dc4 (0x02663633) mulhu   a2, a2, t1
core   0: 1 0x0000000080005dc4 (0x02663633) x12 0x000000000000078f
core   0: 0x0000000080005dc8 (0x42058b53) fcvt.d.s fs6, fa1
core   0: 1 0x0000000080005dc8 (0x42058b53) f22 0x7ff8000000000000
core   0: 0x0000000080005dcc (0x0294c33b) divw    t1, s1, s1
core   0: 1 0x0000000080005dcc (0x0294c33b) x6  0x0000000000000001
core   0: 0x0000000080005dd0 (0x00000001) c.nop
core   0: 1 0x0000000080005dd0 (0x0001)
core   0: 0x0000000080005dd2 (0x0a94f4d3) fsub.d  fs1, fs1, fs1
core   0: 1 0x0000000080005dd2 (0x0a94f4d3) f9  0x7ff8000000000000
core   0: 0x0000000080005dd6 (0x006595b3) sll     a1, a1, t1
core   0: 1 0x0000000080005dd6 (0x006595b3) x11 0x0000000000000000
core   0: 0x0000000080005dda (0x4cf04d93) xori    s11, zero, 1231
core   0: 1 0x0000000080005dda (0x4cf04d93) x27 0x00000000000004cf
core   0: 0x0000000080005dde (0x40a35533) sra     a0, t1, a0
core   0: 1 0x0000000080005dde (0x40a35533) x10 0x0000000000000000
core   0: 0x0000000080005de2 (0x01bc103b) sllw    zero, s8, s11
core   0: 1 0x0000000080005de2 (0x01bc103b)
core   0: 0x0000000080005de6 (0x00aa5ebb) srlw    t4, s4, a0
core   0: 1 0x0000000080005de6 (0x00aa5ebb) x29 0xffffffff98013426
core   0: 0x0000000080005dea (0xc21376d3) fcvt.wu.d a3, ft6
core   0: 1 0x0000000080005dea (0xc21376d3) c1_fflags 0x000000000000001f x13 0xffffffffffffffff
core   0: 0x0000000080005dee (0x0356d8b3) divu    a7, a3, s5
core   0: 1 0x0000000080005dee (0x0356d8b3) x17 0x0000000000000001
core   0: 0x0000000080005df2 (0x5a0179d3) fsqrt.d fs3, ft2
core   0: 1 0x0000000080005df2 (0x5a0179d3) f19 0x7ff8000000000000
core   0: 0x0000000080005df6 (0x0164dc33) srl     s8, s1, s6
core   0: 1 0x0000000080005df6 (0x0164dc33) x24 0x000000000000124a
core   0: 0x0000000080005dfa (0x418c07bb) subw    a5, s8, s8
core   0: 1 0x0000000080005dfa (0x418c07bb) x15 0x0000000000000000
core   0: 0x0000000080005dfe (0x0ff0000f) fence   iorw,iorw
core   0: 1 0x0000000080005dfe (0x0ff0000f)
core   0: 0x0000000080005e02 (0xc21efd53) fcvt.wu.d s10, ft9
core   0: 1 0x0000000080005e02 (0xc21efd53) c1_fflags 0x000000000000001f x26 0xffffffffffffffff
core   0: 0x0000000080005e06 (0xf2038c53) fmv.d.x fs8, t2
core   0: 1 0x0000000080005e06 (0xf2038c53) f24 0x000000000000001e
core   0: 0x0000000080005e0a (0xc2257cd3) fcvt.l.d s9, fa0
core   0: 1 0x0000000080005e0a (0xc2257cd3) c1_fflags 0x000000000000001f x25 0x7fffffffffffffff
core   0: 0x0000000080005e0e (0x4008d913) srai    s2, a7, 0
core   0: 1 0x0000000080005e0e (0x4008d913) x18 0x0000000000000001
core   0: 0x0000000080005e12 (0x00000001) c.nop
core   0: 1 0x0000000080005e12 (0x0001)
core   0: 0x0000000080005e14 (0x0774c3b7) lui     t2, 0x774c
core   0: 1 0x0000000080005e14 (0x0774c3b7) x7  0x000000000774c000
core   0: 0x0000000080005e18 (0x09f3839b) addiw   t2, t2, 159
core   0: 1 0x0000000080005e18 (0x09f3839b) x7  0x000000000774c09f
core   0: 0x0000000080005e1c (0x000003b2) c.slli  t2, 12
core   0: 1 0x0000000080005e1c (0x03b2) x7  0x000000774c09f000
core   0: 0x0000000080005e1e (0x6f438393) addi    t2, t2, 1780
core   0: 1 0x0000000080005e1e (0x6f438393) x7  0x000000774c09f6f4
core   0: 0x0000000080005e22 (0x404504b3) sub     s1, a0, tp
core   0: 1 0x0000000080005e22 (0x404504b3) x9  0x0000000000000000
core   0: 0x0000000080005e26 (0xc034f853) fcvt.lu.s a6, fs1
core   0: 1 0x0000000080005e26 (0xc034f853) c1_fflags 0x000000000000001f x16 0xffffffffffffffff
core   0: 0x0000000080005e2a (0x004efeb3) and     t4, t4, tp
core   0: 1 0x0000000080005e2a (0x004efeb3) x29 0x0000000000000000
core   0: 0x0000000080005e2e (0x344ea773) csrrs   a4, mip, t4
core   0: exception trap_illegal_instruction, epc 0x0000000080005e2e
core   0:           tval 0x00000000344ea773
core   0: >>>>  $xrv64i2p1_m2p0_a2p1_f2p2_d2p2_zicsr2p0_zifencei2p0_zmmul1p0_zba1p0_zbb1p0_zbc1p0_zbs1p0
core   0: 0x0000000080004000 (0x0080006f) j       pc + 0x8
core   0: 3 0x0000000080004000 (0x0080006f)
core   0: >>>>  mmode_exception_handler
core   0: 0x0000000080004008 (0x00002c17) auipc   s8, 0x2
core   0: 3 0x0000000080004008 (0x00002c17) x24 0x0000000080006008
core   0: 0x000000008000400c (0x056c0c13) addi    s8, s8, 86
core   0: 3 0x000000008000400c (0x056c0c13) x24 0x000000008000605e
core   0: 0x0000000080004010 (0x000c00e7) jalr    s8
core   0: 3 0x0000000080004010 (0x000c00e7) x1  0x0000000080004014
core   0: >>>>  any_handler
core   0: 0x000000008000605e (0x341027f3) csrrs   a5, mepc, zero
core   0: 3 0x000000008000605e (0x341027f3) x15 0x0000000080005e2e
core   0: 0x0000000080006062 (0x34202773) csrrs   a4, mcause, zero
core   0: 3 0x0000000080006062 (0x34202773) x14 0x0000000000000002
core   0: 0x0000000080006066 (0x142026f3) csrrs   a3, scause, zero
core   0: 3 0x0000000080006066 (0x142026f3) x13 0xffffffffffffffff
core   0: 0x000000008000606a (0x30402673) csrrs   a2, mie, zero
core   0: 3 0x000000008000606a (0x30402673) x12 0x0000000000000a00
core   0: 0x000000008000606e (0x344025f3) csrrs   a1, mip, zero
core   0: 3 0x000000008000606e (0x344025f3) x11 0x0000000000000080
core   0: 0x0000000080006072 (0x343025f3) csrrs   a1, mtval, zero
core   0: 3 0x0000000080006072 (0x343025f3) x11 0x00000000344ea773
core   0: 0x0000000080006076 (0x14302573) csrrs   a0, stval, zero
core   0: 3 0x0000000080006076 (0x14302573) x10 0x0000000000000000
core   0: 0x000000008000607a (0xb02024f3) csrrs   s1, minstret, zero
core   0: 3 0x000000008000607a (0xb02024f3) x9  0x00000000000012ae
core   0: 0x000000008000607e (0x0000a811) c.j     pc + 20
core   0: 3 0x000000008000607e (0xa811)
core   0: >>>>  mepc_4
core   0: 0x0000000080006092 (0x00000791) c.addi  a5, 4
core   0: 3 0x0000000080006092 (0x0791) x15 0x0000000080005e32
core   0: 0x0000000080006094 (0x34179073) csrrw   zero, mepc, a5
core   0: 3 0x0000000080006094 (0x34179073) c833_mepc 0x0000000080005e32
core   0: 0x0000000080006098 (0x30200073) mret
core   0: 3 0x0000000080006098 (0x30200073) c768_mstatus 0x8000000a00106080
core   0: 0x0000000080005e32 (0x420f8fd3) fcvt.d.s ft11, ft11
core   0: 1 0x0000000080005e32 (0x420f8fd3) f31 0x7ff8000000000000
core   0: 0x0000000080005e36 (0x031362bb) remw    t0, t1, a7
core   0: 1 0x0000000080005e36 (0x031362bb) x5  0x0000000000000000
core   0: 0x0000000080005e3a (0x0056543b) srlw    s0, a2, t0
core   0: 1 0x0000000080005e3a (0x0056543b) x8  0x0000000000000a00
core   0: 0x0000000080005e3e (0xf2088b53) fmv.d.x fs6, a7
core   0: 1 0x0000000080005e3e (0xf2088b53) f22 0x0000000000000001
core   0: 0x0000000080005e42 (0xc030fdd3) fcvt.lu.s s11, ft1
core   0: 1 0x0000000080005e42 (0xc030fdd3) c1_fflags 0x000000000000001f x27 0xffffffffffffffff
core   0: 0x0000000080005e46 (0x01b9a9b3) slt     s3, s3, s11
core   0: 1 0x0000000080005e46 (0x01b9a9b3) x19 0x0000000000000000
core   0: 0x0000000080005e4a (0xfcb16537) lui     a0, 0xfcb16
core   0: 1 0x0000000080005e4a (0xfcb16537) x10 0xfffffffffcb16000
core   0: 0x0000000080005e4e (0x07b5051b) addiw   a0, a0, 123
core   0: 1 0x0000000080005e4e (0x07b5051b) x10 0xfffffffffcb1607b
core   0: 0x0000000080005e52 (0x00000532) c.slli  a0, 12
core   0: 1 0x0000000080005e52 (0x0532) x10 0xffffffcb1607b000
core   0: 0x0000000080005e54 (0xf4a50513) addi    a0, a0, -182
core   0: 1 0x0000000080005e54 (0xf4a50513) x10 0xffffffcb1607af4a
core   0: 0x0000000080005e58 (0xf20406d3) fmv.d.x fa3, s0
core   0: 1 0x0000000080005e58 (0xf20406d3) f13 0x0000000000000a00
core   0: 0x0000000080005e5c (0xab8d4d13) xori    s10, s10, -1352
core   0: 1 0x0000000080005e5c (0xab8d4d13) x26 0x0000000000000547
core   0: 0x0000000080005e60 (0xd0207ed3) fcvt.s.l ft9, zero
core   0: 1 0x0000000080005e60 (0xd0207ed3) f29 0xffffffff00000000
core   0: 0x0000000080005e64 (0x0bd0f0c7) fmsub.d ft1, ft1, ft9, ft1
core   0: 1 0x0000000080005e64 (0x0bd0f0c7) f1  0x7ff8000000000000
core   0: 0x0000000080005e68 (0xc20e7cd3) fcvt.w.d s9, ft8
core   0: 1 0x0000000080005e68 (0xc20e7cd3) x25 0x0000000000000000
core   0: 0x0000000080005e6c (0xd21c8453) fcvt.d.wu fs0, s9
core   0: 1 0x0000000080005e6c (0xd21c8453) f8  0x0000000000000000
core   0: 0x0000000080005e70 (0x00102773) csrrs   a4, fflags, zero
core   0: 1 0x0000000080005e70 (0x00102773) x14 0x000000000000001f
core   0: 0x0000000080005e74 (0xffb88eb7) lui     t4, 0xffb88
core   0: 1 0x0000000080005e74 (0xffb88eb7) x29 0xffffffffffb88000
core   0: 0x0000000080005e78 (0xeffe8e9b) addiw   t4, t4, -257
core   0: 1 0x0000000080005e78 (0xeffe8e9b) x29 0xffffffffffb87eff
core   0: 0x0000000080005e7c (0x00000ec2) c.slli  t4, 16
core   0: 1 0x0000000080005e7c (0x0ec2) x29 0xffffffb87eff0000
core   0: 0x0000000080005e7e (0xe22e8e93) addi    t4, t4, -478
core   0: 1 0x0000000080005e7e (0xe22e8e93) x29 0xffffffb87efefe22
core   0: 0x0000000080005e82 (0x01c8c8b3) xor     a7, a7, t3
core   0: 1 0x0000000080005e82 (0x01c8c8b3) x17 0x0000000000000001
core   0: 0x0000000080005e86 (0xc0277053) fcvt.l.s zero, fa4
core   0: 1 0x0000000080005e86 (0xc0277053) c1_fflags 0x000000000000001f
core   0: 0x0000000080005e8a (0x0058d4bb) srlw    s1, a7, t0
core   0: 1 0x0000000080005e8a (0x0058d4bb) x9  0x0000000000000001
core   0: 0x0000000080005e8e (0xc2097bd3) fcvt.w.d s7, fs2
core   0: 1 0x0000000080005e8e (0xc2097bd3) c1_fflags 0x000000000000001f x23 0x000000007fffffff
core   0: 0x0000000080005e92 (0x0205a7b3) mulhsu  a5, a1, zero
core   0: 1 0x0000000080005e92 (0x0205a7b3) x15 0x0000000000000000
core   0: 0x0000000080005e96 (0x2707c693) xori    a3, a5, 624
core   0: 1 0x0000000080005e96 (0x2707c693) x13 0x0000000000000270
core   0: 0x0000000080005e9a (0x02247253) fadd.d  ft4, fs0, ft2
core   0: 1 0x0000000080005e9a (0x02247253) f4  0x7ff8000000000000
core   0: 0x0000000080005e9e (0x010c2db3) slt     s11, s8, a6
core   0: 1 0x0000000080005e9e (0x010c2db3) x27 0x0000000000000000
core   0: 0x0000000080005ea2 (0x02ea7a3b) remuw   s4, s4, a4
core   0: 1 0x0000000080005ea2 (0x02ea7a3b) x20 0x0000000000000005
core   0: 0x0000000080005ea6 (0xc209f9d3) fcvt.w.d s3, fs3
core   0: 1 0x0000000080005ea6 (0xc209f9d3) c1_fflags 0x000000000000001f x19 0x000000007fffffff
core   0: 0x0000000080005eaa (0x22be95d3) fsgnjn.d fa1, ft9, fa1
core   0: 1 0x0000000080005eaa (0x22be95d3) f11 0xffffffff00000000
core   0: 0x0000000080005eae (0x00e25133) srl     sp, tp, a4
core   0: 1 0x0000000080005eae (0x00e25133) x2  0x0000000000000000
core   0: 0x0000000080005eb2 (0x01120e33) add     t3, tp, a7
core   0: 1 0x0000000080005eb2 (0x01120e33) x28 0x0000000000000001
core   0: 0x0000000080005eb6 (0xc22e7753) fcvt.l.d a4, ft8
core   0: 1 0x0000000080005eb6 (0xc22e7753) x14 0x0000000000000000
core   0: 0x0000000080005eba (0x03ce4bbb) divw    s7, t3, t3
core   0: 1 0x0000000080005eba (0x03ce4bbb) x23 0x0000000000000001
core   0: 0x0000000080005ebe (0xd21e0e53) fcvt.d.wu ft8, t3
core   0: 1 0x0000000080005ebe (0xd21e0e53) f28 0x3ff0000000000000
core   0: 0x0000000080005ec2 (0x419c8e33) sub     t3, s9, s9
core   0: 1 0x0000000080005ec2 (0x419c8e33) x28 0x0000000000000000
core   0: 0x0000000080005ec6 (0xc206f5d3) fcvt.w.d a1, fa3
core   0: 1 0x0000000080005ec6 (0xc206f5d3) c1_fflags 0x000000000000001f x11 0x0000000000000000
core   0: 0x0000000080005eca (0xc026fc53) fcvt.l.s s8, fa3
core   0: 1 0x0000000080005eca (0xc026fc53) c1_fflags 0x000000000000001f x24 0x7fffffffffffffff
core   0: 0x0000000080005ece (0x00a2023b) addw    tp, tp, a0
core   0: 1 0x0000000080005ece (0x00a2023b) x4  0x000000001607af4a
core   0: 0x0000000080005ed2 (0x038208bb) mulw    a7, tp, s8
core   0: 1 0x0000000080005ed2 (0x038208bb) x17 0xffffffffe9f850b6
core   0: 0x0000000080005ed6 (0xc2037753) fcvt.w.d a4, ft6
core   0: 1 0x0000000080005ed6 (0xc2037753) c1_fflags 0x000000000000001f x14 0x000000007fffffff
core   0: 0x0000000080005eda (0x00102d73) csrrs   s10, fflags, zero
core   0: 1 0x0000000080005eda (0x00102d73) x26 0x000000000000001f
core   0: 0x0000000080005ede (0x4a94f0c3) fmadd.d ft1, fs1, fs1, fs1
core   0: 1 0x0000000080005ede (0x4a94f0c3) f1  0x7ff8000000000000
core   0: 0x0000000080005ee2 (0x002023f3) csrrs   t2, frm, zero
core   0: 1 0x0000000080005ee2 (0x002023f3) x7  0x0000000000000001
core   0: 0x0000000080005ee6 (0x0ff0000f) fence   iorw,iorw
core   0: 1 0x0000000080005ee6 (0x0ff0000f)
core   0: 0x0000000080005eea (0x001dec93) ori     s9, s11, 1
core   0: 1 0x0000000080005eea (0x001dec93) x25 0x0000000000000001
core   0: 0x0000000080005eee (0x40fcd61b) sraiw   a2, s9, 15
core   0: 1 0x0000000080005eee (0x40fcd61b) x12 0x0000000000000000
core   0: 0x0000000080005ef2 (0xfff46893) ori     a7, s0, -1
core   0: 1 0x0000000080005ef2 (0xfff46893) x17 0xffffffffffffffff
core   0: 0x0000000080005ef6 (0x0da35d17) auipc   s10, 0xda35
core   0: 1 0x0000000080005ef6 (0x0da35d17) x26 0x000000008da3aef6
core   0: 0x0000000080005efa (0xd028f453) fcvt.s.l fs0, a7
core   0: 1 0x0000000080005efa (0xd028f453) f8  0xffffffffbf800000
core   0: 0x0000000080005efe (0x031b7b33) remu    s6, s6, a7
core   0: 1 0x0000000080005efe (0x031b7b33) x22 0x0000000000000000
core   0: 0x0000000080005f02 (0x03a36abb) remw    s5, t1, s10
core   0: 1 0x0000000080005f02 (0x03a36abb) x21 0x0000000000000001
core   0: 0x0000000080005f06 (0xc02977d3) fcvt.l.s a5, fs2
core   0: 1 0x0000000080005f06 (0xc02977d3) c1_fflags 0x000000000000001f x15 0x7fffffffffffffff
core   0: 0x0000000080005f0a (0x00642bb3) slt     s7, s0, t1
core   0: 1 0x0000000080005f0a (0x00642bb3) x23 0x0000000000000000
core   0: 0x0000000080005f0e (0xc2327dd3) fcvt.lu.d s11, ft4
core   0: 1 0x0000000080005f0e (0xc2327dd3) c1_fflags 0x000000000000001f x27 0xffffffffffffffff
core   0: 0x0000000080005f12 (0x001d91f3) csrrw   gp, fflags, s11
core   0: 1 0x0000000080005f12 (0x001d91f3) x3  0x000000000000001f c1_fflags 0x000000000000001f
core   0: 0x0000000080005f16 (0x01a115bb) sllw    a1, sp, s10
core   0: 1 0x0000000080005f16 (0x01a115bb) x11 0x0000000000000000
core   0: 0x0000000080005f1a (0x001d0c9b) addiw   s9, s10, 1
core   0: 1 0x0000000080005f1a (0x001d0c9b) x25 0xffffffff8da3aef7
core   0: 0x0000000080005f1e (0xff6b4337) lui     t1, 0xff6b4
core   0: 1 0x0000000080005f1e (0xff6b4337) x6  0xffffffffff6b4000
core   0: 0x0000000080005f22 (0x40f3031b) addiw   t1, t1, 1039
core   0: 1 0x0000000080005f22 (0x40f3031b) x6  0xffffffffff6b440f
core   0: 0x0000000080005f26 (0x00000332) c.slli  t1, 12
core   0: 1 0x0000000080005f26 (0x0332) x6  0xfffffff6b440f000
core   0: 0x0000000080005f28 (0xd1a30313) addi    t1, t1, -742
core   0: 1 0x0000000080005f28 (0xd1a30313) x6  0xfffffff6b440ed1a
core   0: 0x0000000080005f2c (0x021870d3) fadd.d  ft1, fa6, ft1
core   0: 1 0x0000000080005f2c (0x021870d3) f1  0x7ff8000000000000
core   0: 0x0000000080005f30 (0x02d46abb) remw    s5, s0, a3
core   0: 1 0x0000000080005f30 (0x02d46abb) x21 0x0000000000000040
core   0: 0x0000000080005f34 (0x00011d93) slli    s11, sp, 0
core   0: 1 0x0000000080005f34 (0x00011d93) x27 0x0000000000000000
core   0: 0x0000000080005f38 (0x0001599b) srliw   s3, sp, 0
core   0: 1 0x0000000080005f38 (0x0001599b) x19 0x0000000000000000
core   0: 0x0000000080005f3c (0x00202773) csrrs   a4, frm, zero
core   0: 1 0x0000000080005f3c (0x00202773) x14 0x0000000000000001
core   0: 0x0000000080005f40 (0xc030f453) fcvt.lu.s s0, ft1
core   0: 1 0x0000000080005f40 (0xc030f453) c1_fflags 0x000000000000001f x8  0xffffffffffffffff
core   0: 0x0000000080005f44 (0x23090d53) fsgnj.d fs10, fs2, fa6
core   0: 1 0x0000000080005f44 (0x23090d53) f26 0x43effffffffad84d
core   0: 0x0000000080005f48 (0x41f6d51b) sraiw   a0, a3, 31
core   0: 1 0x0000000080005f48 (0x41f6d51b) x10 0x0000000000000000
core   0: 0x0000000080005f4c (0x031badb3) mulhsu  s11, s7, a7
core   0: 1 0x0000000080005f4c (0x031badb3) x27 0x0000000000000000
core   0: 0x0000000080005f50 (0x1b00f9d3) fdiv.d  fs3, ft1, fa6
core   0: 1 0x0000000080005f50 (0x1b00f9d3) f19 0x7ff8000000000000
core   0: 0x0000000080005f54 (0x00000001) c.nop
core   0: 1 0x0000000080005f54 (0x0001)
core   0: 0x0000000080005f56 (0xc20875d3) fcvt.w.d a1, fa6
core   0: 1 0x0000000080005f56 (0xc20875d3) c1_fflags 0x000000000000001f x11 0x000000007fffffff
core   0: 0x0000000080005f5a (0xe20083d3) fmv.x.d t2, ft1
core   0: 1 0x0000000080005f5a (0xe20083d3) x7  0x7ff8000000000000
core   0: 0x0000000080005f5e (0x03dac2bb) divw    t0, s5, t4
core   0: 1 0x0000000080005f5e (0x03dac2bb) x5  0x0000000000000000
core   0: 0x0000000080005f62 (0x1c360413) addi    s0, a2, 451
core   0: 1 0x0000000080005f62 (0x1c360413) x8  0x00000000000001c3
core   0: 0x0000000080005f66 (0x00d41cbb) sllw    s9, s0, a3
core   0: 1 0x0000000080005f66 (0x00d41cbb) x25 0x0000000001c30000
core   0: 0x0000000080005f6a (0x0275d133) divu    sp, a1, t2
core   0: 1 0x0000000080005f6a (0x0275d133) x2  0x0000000000000000
core   0: 0x0000000080005f6e (0x320113f3) csrrw   t2, mcountinhibit, sp
core   0: exception trap_illegal_instruction, epc 0x0000000080005f6e
core   0:           tval 0x00000000320113f3
core   0: >>>>  $xrv64i2p1_m2p0_a2p1_f2p2_d2p2_zicsr2p0_zifencei2p0_zmmul1p0_zba1p0_zbb1p0_zbc1p0_zbs1p0
core   0: 0x0000000080004000 (0x0080006f) j       pc + 0x8
core   0: 3 0x0000000080004000 (0x0080006f)
core   0: >>>>  mmode_exception_handler
core   0: 0x0000000080004008 (0x00002c17) auipc   s8, 0x2
core   0: 3 0x0000000080004008 (0x00002c17) x24 0x0000000080006008
core   0: 0x000000008000400c (0x056c0c13) addi    s8, s8, 86
core   0: 3 0x000000008000400c (0x056c0c13) x24 0x000000008000605e
core   0: 0x0000000080004010 (0x000c00e7) jalr    s8
core   0: 3 0x0000000080004010 (0x000c00e7) x1  0x0000000080004014
core   0: >>>>  any_handler
core   0: 0x000000008000605e (0x341027f3) csrrs   a5, mepc, zero
core   0: 3 0x000000008000605e (0x341027f3) x15 0x0000000080005f6e
core   0: 0x0000000080006062 (0x34202773) csrrs   a4, mcause, zero
core   0: 3 0x0000000080006062 (0x34202773) x14 0x0000000000000002
core   0: 0x0000000080006066 (0x142026f3) csrrs   a3, scause, zero
core   0: 3 0x0000000080006066 (0x142026f3) x13 0xffffffffffffffff
core   0: 0x000000008000606a (0x30402673) csrrs   a2, mie, zero
core   0: 3 0x000000008000606a (0x30402673) x12 0x0000000000000a00
core   0: 0x000000008000606e (0x344025f3) csrrs   a1, mip, zero
core   0: 3 0x000000008000606e (0x344025f3) x11 0x0000000000000080
core   0: 0x0000000080006072 (0x343025f3) csrrs   a1, mtval, zero
core   0: 3 0x0000000080006072 (0x343025f3) x11 0x00000000320113f3
core   0: 0x0000000080006076 (0x14302573) csrrs   a0, stval, zero
core   0: 3 0x0000000080006076 (0x14302573) x10 0x0000000000000000
core   0: 0x000000008000607a (0xb02024f3) csrrs   s1, minstret, zero
core   0: 3 0x000000008000607a (0xb02024f3) x9  0x000000000000130f
core   0: 0x000000008000607e (0x0000a811) c.j     pc + 20
core   0: 3 0x000000008000607e (0xa811)
core   0: >>>>  mepc_4
core   0: 0x0000000080006092 (0x00000791) c.addi  a5, 4
core   0: 3 0x0000000080006092 (0x0791) x15 0x0000000080005f72
core   0: 0x0000000080006094 (0x34179073) csrrw   zero, mepc, a5
core   0: 3 0x0000000080006094 (0x34179073) c833_mepc 0x0000000080005f72
core   0: 0x0000000080006098 (0x30200073) mret
core   0: 3 0x0000000080006098 (0x30200073) c768_mstatus 0x8000000a00106080
core   0: 0x0000000080005f72 (0x00102173) csrrs   sp, fflags, zero
core   0: 1 0x0000000080005f72 (0x00102173) x2  0x000000000000001f
core   0: 0x0000000080005f76 (0xb6210213) addi    tp, sp, -1182
core   0: 1 0x0000000080005f76 (0xb6210213) x4  0xfffffffffffffb81
core   0: 0x0000000080005f7a (0xbb717f4b) fnmsub.d ft10, ft2, fs7, fs7
core   0: 1 0x0000000080005f7a (0xbb717f4b) f30 0x7ff8000000000000
core   0: 0x0000000080005f7e (0x405353bb) sraw    t2, t1, t0
core   0: 1 0x0000000080005f7e (0x405353bb) x7  0xffffffffb440ed1a
core   0: 0x0000000080005f82 (0xfff68093) addi    ra, a3, -1
core   0: 1 0x0000000080005f82 (0xfff68093) x1  0xfffffffffffffffe
core   0: 0x0000000080005f86 (0x1badf5c3) fmadd.d fa1, fs11, fs10, ft3
core   0: 1 0x0000000080005f86 (0x1badf5c3) f11 0x7ff8000000000000
core   0: 0x0000000080005f8a (0x400bdbbb) sraw    s7, s7, zero
core   0: 1 0x0000000080005f8a (0x400bdbbb) x23 0x0000000000000000
core   0: 0x0000000080005f8e (0x1a3f7ed3) fdiv.d  ft9, ft10, ft3
core   0: 1 0x0000000080005f8e (0x1a3f7ed3) f29 0x7ff8000000000000
core   0: 0x0000000080005f92 (0x004b1db7) lui     s11, 0x4b1
core   0: 1 0x0000000080005f92 (0x004b1db7) x27 0x00000000004b1000
core   0: 0x0000000080005f96 (0xe2dd8d9b) addiw   s11, s11, -467
core   0: 1 0x0000000080005f96 (0xe2dd8d9b) x27 0x00000000004b0e2d
core   0: 0x0000000080005f9a (0x00000db6) c.slli  s11, 13
core   0: 1 0x0000000080005f9a (0x0db6) x27 0x0000000961c5a000
core   0: 0x0000000080005f9c (0x0bbd8d93) addi    s11, s11, 187
core   0: 1 0x0000000080005f9c (0x0bbd8d93) x27 0x0000000961c5a0bb
core   0: 0x0000000080005fa0 (0x013cecb3) or      s9, s9, s3
core   0: 1 0x0000000080005fa0 (0x013cecb3) x25 0x0000000001c30000
core   0: 0x0000000080005fa4 (0x028b5493) srli    s1, s6, 40
core   0: 1 0x0000000080005fa4 (0x028b5493) x9  0x0000000000000000
core   0: 0x0000000080005fa8 (0x002026f3) csrrs   a3, frm, zero
core   0: 1 0x0000000080005fa8 (0x002026f3) x13 0x0000000000000001
core   0: 0x0000000080005fac (0x418c063b) subw    a2, s8, s8
core   0: 1 0x0000000080005fac (0x418c063b) x12 0x0000000000000000
core   0: 0x0000000080005fb0 (0x43f15113) srai    sp, sp, 63
core   0: 1 0x0000000080005fb0 (0x43f15113) x2  0x0000000000000000
core   0: 0x0000000080005fb4 (0x000a5a13) srli    s4, s4, 0
core   0: 1 0x0000000080005fb4 (0x000a5a13) x20 0x0000000000000005
core   0: 0x0000000080005fb8 (0x4014f953) fcvt.s.d fs2, fs1
core   0: 1 0x0000000080005fb8 (0x4014f953) f18 0xffffffff7fc00000
core   0: 0x0000000080005fbc (0x00165093) srli    ra, a2, 1
core   0: 1 0x0000000080005fbc (0x00165093) x1  0x0000000000000000
core   0: 0x0000000080005fc0 (0x0b42f1d3) fsub.d  ft3, ft5, fs4
core   0: 1 0x0000000080005fc0 (0x0b42f1d3) f3  0x7ff8000000000000
core   0: 0x0000000080005fc4 (0xd2058753) fcvt.d.w fa4, a1
core   0: 1 0x0000000080005fc4 (0xd2058753) f14 0x41c90089f9800000
core   0: 0x0000000080005fc8 (0x000a1693) slli    a3, s4, 0
core   0: 1 0x0000000080005fc8 (0x000a1693) x13 0x0000000000000005
core   0: 0x0000000080005fcc (0x02d0f4b3) remu    s1, ra, a3
core   0: 1 0x0000000080005fcc (0x02d0f4b3) x9  0x0000000000000000
core   0: 0x0000000080005fd0 (0x23322253) fsgnjx.d ft4, ft4, fs3
core   0: 1 0x0000000080005fd0 (0x23322253) f4  0x7ff8000000000000
core   0: 0x0000000080005fd4 (0xd21b0bd3) fcvt.d.wu fs7, s6
core   0: 1 0x0000000080005fd4 (0xd21b0bd3) f23 0x0000000000000000
core   0: 0x0000000080005fd8 (0x00000001) c.nop
core   0: 1 0x0000000080005fd8 (0x0001)
core   0: 0x0000000080005fda (0x0370fbbb) remuw   s7, ra, s7
core   0: 1 0x0000000080005fda (0x0370fbbb) x23 0x0000000000000000
core   0: 0x0000000080005fde (0x00a77e33) and     t3, a4, a0
core   0: 1 0x0000000080005fde (0x00a77e33) x28 0x0000000000000000
core   0: 0x0000000080005fe2 (0x02b0d0bb) divuw   ra, ra, a1
core   0: 1 0x0000000080005fe2 (0x02b0d0bb) x1  0x0000000000000000
core   0: 0x0000000080005fe6 (0x1057b8f3) csrrc   a7, stvec, a5
core   0: 1 0x0000000080005fe6 (0x1057b8f3) x17 0x0000000000000000 c261_stvec 0x0000000000000000
core   0: 0x0000000080005fea (0x00f11ab3) sll     s5, sp, a5
core   0: 1 0x0000000080005fea (0x00f11ab3) x21 0x0000000000000000
core   0: 0x0000000080005fee (0x025c3b33) mulhu   s6, s8, t0
core   0: 1 0x0000000080005fee (0x025c3b33) x22 0x0000000000000000
core   0: 0x0000000080005ff2 (0x2b6b98d3) fmax.d  fa7, fs7, fs6
core   0: 1 0x0000000080005ff2 (0x2b6b98d3) f17 0x0000000000000001
core   0: 0x0000000080005ff6 (0x03fb5393) srli    t2, s6, 63
core   0: 1 0x0000000080005ff6 (0x03fb5393) x7  0x0000000000000000
core   0: 0x0000000080005ffa (0x00720333) add     t1, tp, t2
core   0: 1 0x0000000080005ffa (0x00720333) x6  0xfffffffffffffb81
core   0: 0x0000000080005ffe (0x8bba7547) fmsub.d fa0, fs4, fs11, fa7
core   0: 1 0x0000000080005ffe (0x8bba7547) f10 0x7ff8000000000000
core   0: 0x0000000080006002 (0x2aa381d3) fmin.d  ft3, ft7, fa0
core   0: 1 0x0000000080006002 (0x2aa381d3) f3  0x7ff8000000000000
core   0: 0x0000000080006006 (0x007ae237) lui     tp, 0x7ae
core   0: 1 0x0000000080006006 (0x007ae237) x4  0x00000000007ae000
core   0: 0x000000008000600a (0x1b12021b) addiw   tp, tp, 433
core   0: 1 0x000000008000600a (0x1b12021b) x4  0x00000000007ae1b1
core   0: 0x000000008000600e (0x0000023a) c.slli  tp, 14
core   0: 1 0x000000008000600e (0x023a) x4  0x0000001eb86c4000
core   0: 0x0000000080006010 (0xa6820213) addi    tp, tp, -1432
core   0: 1 0x0000000080006010 (0xa6820213) x4  0x0000001eb86c3a68
core   0: 0x0000000080006014 (0x03b237b3) mulhu   a5, tp, s11
core   0: 1 0x0000000080006014 (0x03b237b3) x15 0x0000000000000120
core   0: 0x0000000080006018 (0x22c21cd3) fsgnjn.d fs9, ft4, fa2
core   0: 1 0x0000000080006018 (0x22c21cd3) f25 0xfff8000000000000
core   0: 0x000000008000601c (0x13aa7143) fmadd.d ft2, fs4, fs10, ft2
core   0: 1 0x000000008000601c (0x13aa7143) f2  0x7ff8000000000000
core   0: 0x0000000080006020 (0x401df8d3) fcvt.s.d fa7, fs11
core   0: 1 0x0000000080006020 (0x401df8d3) f17 0xffffffff7fc00000
core   0: 0x0000000080006024 (0x0058531b) srliw   t1, a6, 5
core   0: 1 0x0000000080006024 (0x0058531b) x6  0x0000000007ffffff
core   0: 0x0000000080006028 (0x41ead61b) sraiw   a2, s5, 30
core   0: 1 0x0000000080006028 (0x41ead61b) x12 0x0000000000000000
core   0: 0x000000008000602c (0x9a197747) fmsub.d fa4, fs2, ft1, fs3
core   0: 1 0x000000008000602c (0x9a197747) f14 0x7ff8000000000000
core   0: 0x0000000080006030 (0x403301b3) sub     gp, t1, gp
core   0: 1 0x0000000080006030 (0x403301b3) x3  0x0000000007ffffe0
core   0: 0x0000000080006034 (0x8af8fec3) fmadd.d ft9, fa7, fa5, fa7
core   0: 1 0x0000000080006034 (0x8af8fec3) f29 0x7ff8000000000000
core   0: 0x0000000080006038 (0x01c0f0b3) and     ra, ra, t3
core   0: 1 0x0000000080006038 (0x01c0f0b3) x1  0x0000000000000000
core   0: 0x000000008000603c (0x03918d33) mul     s10, gp, s9
core   0: 1 0x000000008000603c (0x03918d33) x26 0x000e17ffc7a00000
core   0: 0x0000000080006040 (0xf20502d3) fmv.d.x ft5, a0
core   0: 1 0x0000000080006040 (0xf20502d3) f5  0x0000000000000000
core   0: 0x0000000080006044 (0x40147a53) fcvt.s.d fs4, fs0
core   0: 1 0x0000000080006044 (0x40147a53) f20 0xffffffff7fc00000
core   0: 0x0000000080006048 (0x4141833b) subw    t1, gp, s4
core   0: 1 0x0000000080006048 (0x4141833b) x6  0x0000000007ffffdb
core   0: 0x000000008000604c (0x01dbaa33) slt     s4, s7, t4
core   0: 1 0x000000008000604c (0x01dbaa33) x20 0x0000000000000000
core   0: 0x0000000080006050 (0x9a9475cb) fnmsub.d fa1, fs0, fs1, fs3
core   0: 1 0x0000000080006050 (0x9a9475cb) f11 0x7ff8000000000000
core   0: 0x0000000080006054 (0x0ff0000f) fence   iorw,iorw
core   0: 1 0x0000000080006054 (0x0ff0000f)
core   0: >>>>  write_tohost
core   0: 0x0000000080006058 (0x98cfa0ef) jal     pc - 0x5e74
core   0: 1 0x0000000080006058 (0x98cfa0ef) x1  0x000000008000605c
core   0: >>>>  _exit
core   0: 0x00000000800001e4 (0x00004505) c.li    a0, 1
core   0: 1 0x00000000800001e4 (0x4505) x10 0x0000000000000001
core   0: 0x00000000800001e6 (0x00001f17) auipc   t5, 0x1
core   0: 1 0x00000000800001e6 (0x00001f17) x30 0x00000000800011e6
core   0: 0x00000000800001ea (0xe0af2d23) sw      a0, -486(t5)
core   0: 1 0x00000000800001ea (0xe0af2d23) mem 0x0000000080001000 0x00000001
cp /home/server/RISCV/cva6/verif/sim/out/seed_1069/spike_sim/new_seeds_1069_.cv64a6_imafdc_sv39.log.iss /home/server/RISCV/cva6/verif/sim/out/seed_1069/spike_sim/new_seeds_1069_.cv64a6_imafdc_sv39.log
