Makefile:14: must set CVA6_REPO_DIR to point at the root of CVA6 sources and CVA6_TB_DIR to point here -- doing it for you...
LD_LIBRARY_PATH="$(realpath ../../tools/spike/lib):$LD_LIBRARY_PATH" \
	/home/server/RISCV/cva6/tools/spike/bin/spike --steps=2000000  --log-commits --isa=rv64gc_zba_zbb_zbs_zbc_zicsr_zifencei --priv=msu -l /home/server/RISCV/cva6/verif/sim/out/seed_1017/directed_asm_tests/new_seeds_1017_.o
[SPIKE] Max simulation steps: 2000000
[SPIKE] Proc 0 | ISA: rv64gc_zba_zbb_zbs_zbc_zicsr_zifencei PRIV: msu
[SPIKE] Initializing memories...
core   0: 0x0000000000010000 (0x00100413) li      s0, 1
core   0: 3 0x0000000000010000 (0x00100413) x8  0x0000000000000001
core   0: 0x0000000000010004 (0x01f41413) slli    s0, s0, 31
core   0: 3 0x0000000000010004 (0x01f41413) x8  0x0000000080000000
core   0: 0x0000000000010008 (0xf1402573) csrrs   a0, mhartid, zero
core   0: 3 0x0000000000010008 (0xf1402573) x10 0x0000000000000000
core   0: 0x000000000001000c (0x00000597) auipc   a1, 0x0
core   0: 3 0x000000000001000c (0x00000597) x11 0x000000000001000c
core   0: 0x0000000000010010 (0x07458593) addi    a1, a1, 116
core   0: 3 0x0000000000010010 (0x07458593) x11 0x0000000000010080
core   0: 0x0000000000010014 (0x00040067) jr      s0
core   0: 3 0x0000000000010014 (0x00040067)
core   0: >>>>  _start
core   0: 0x0000000080000000 (0x00004081) c.li    ra, 0
core   0: 3 0x0000000080000000 (0x4081) x1  0x0000000000000000
core   0: 0x0000000080000002 (0x00004101) c.li    sp, 0
core   0: 3 0x0000000080000002 (0x4101) x2  0x0000000000000000
core   0: 0x0000000080000004 (0x00004181) c.li    gp, 0
core   0: 3 0x0000000080000004 (0x4181) x3  0x0000000000000000
core   0: 0x0000000080000006 (0x00004201) c.li    tp, 0
core   0: 3 0x0000000080000006 (0x4201) x4  0x0000000000000000
core   0: 0x0000000080000008 (0x00004281) c.li    t0, 0
core   0: 3 0x0000000080000008 (0x4281) x5  0x0000000000000000
core   0: 0x000000008000000a (0x00004301) c.li    t1, 0
core   0: 3 0x000000008000000a (0x4301) x6  0x0000000000000000
core   0: 0x000000008000000c (0x00004381) c.li    t2, 0
core   0: 3 0x000000008000000c (0x4381) x7  0x0000000000000000
core   0: 0x000000008000000e (0x00004401) c.li    s0, 0
core   0: 3 0x000000008000000e (0x4401) x8  0x0000000000000000
core   0: 0x0000000080000010 (0x00004481) c.li    s1, 0
core   0: 3 0x0000000080000010 (0x4481) x9  0x0000000000000000
core   0: 0x0000000080000012 (0x00004501) c.li    a0, 0
core   0: 3 0x0000000080000012 (0x4501) x10 0x0000000000000000
core   0: 0x0000000080000014 (0x00004581) c.li    a1, 0
core   0: 3 0x0000000080000014 (0x4581) x11 0x0000000000000000
core   0: 0x0000000080000016 (0x00004601) c.li    a2, 0
core   0: 3 0x0000000080000016 (0x4601) x12 0x0000000000000000
core   0: 0x0000000080000018 (0x00004681) c.li    a3, 0
core   0: 3 0x0000000080000018 (0x4681) x13 0x0000000000000000
core   0: 0x000000008000001a (0x00004701) c.li    a4, 0
core   0: 3 0x000000008000001a (0x4701) x14 0x0000000000000000
core   0: 0x000000008000001c (0x00004781) c.li    a5, 0
core   0: 3 0x000000008000001c (0x4781) x15 0x0000000000000000
core   0: 0x000000008000001e (0x00004801) c.li    a6, 0
core   0: 3 0x000000008000001e (0x4801) x16 0x0000000000000000
core   0: 0x0000000080000020 (0x00004881) c.li    a7, 0
core   0: 3 0x0000000080000020 (0x4881) x17 0x0000000000000000
core   0: 0x0000000080000022 (0x00004901) c.li    s2, 0
core   0: 3 0x0000000080000022 (0x4901) x18 0x0000000000000000
core   0: 0x0000000080000024 (0x00004981) c.li    s3, 0
core   0: 3 0x0000000080000024 (0x4981) x19 0x0000000000000000
core   0: 0x0000000080000026 (0x00004a01) c.li    s4, 0
core   0: 3 0x0000000080000026 (0x4a01) x20 0x0000000000000000
core   0: 0x0000000080000028 (0x00004a81) c.li    s5, 0
core   0: 3 0x0000000080000028 (0x4a81) x21 0x0000000000000000
core   0: 0x000000008000002a (0x00004b01) c.li    s6, 0
core   0: 3 0x000000008000002a (0x4b01) x22 0x0000000000000000
core   0: 0x000000008000002c (0x00004b81) c.li    s7, 0
core   0: 3 0x000000008000002c (0x4b81) x23 0x0000000000000000
core   0: 0x000000008000002e (0x00004c01) c.li    s8, 0
core   0: 3 0x000000008000002e (0x4c01) x24 0x0000000000000000
core   0: 0x0000000080000030 (0x00004c81) c.li    s9, 0
core   0: 3 0x0000000080000030 (0x4c81) x25 0x0000000000000000
core   0: 0x0000000080000032 (0x00004d01) c.li    s10, 0
core   0: 3 0x0000000080000032 (0x4d01) x26 0x0000000000000000
core   0: 0x0000000080000034 (0x00004d81) c.li    s11, 0
core   0: 3 0x0000000080000034 (0x4d81) x27 0x0000000000000000
core   0: 0x0000000080000036 (0x00004e01) c.li    t3, 0
core   0: 3 0x0000000080000036 (0x4e01) x28 0x0000000000000000
core   0: 0x0000000080000038 (0x00004e81) c.li    t4, 0
core   0: 3 0x0000000080000038 (0x4e81) x29 0x0000000000000000
core   0: 0x000000008000003a (0x00004f01) c.li    t5, 0
core   0: 3 0x000000008000003a (0x4f01) x30 0x0000000000000000
core   0: 0x000000008000003c (0x00004f81) c.li    t6, 0
core   0: 3 0x000000008000003c (0x4f81) x31 0x0000000000000000
core   0: 0x000000008000003e (0x000062f9) c.lui   t0, 0x1e
core   0: 3 0x000000008000003e (0x62f9) x5  0x000000000001e000
core   0: 0x0000000080000040 (0x3002a073) csrrs   zero, mstatus, t0
core   0: 3 0x0000000080000040 (0x3002a073) c768_mstatus 0x8000000a00006000
core   0: 0x0000000080000044 (0x00004285) c.li    t0, 1
core   0: 3 0x0000000080000044 (0x4285) x5  0x0000000000000001
core   0: 0x0000000080000046 (0x000002fe) c.slli  t0, 31
core   0: 3 0x0000000080000046 (0x02fe) x5  0x0000000080000000
core   0: 0x0000000080000048 (0x0002d863) bge     t0, zero, pc + 16
core   0: 3 0x0000000080000048 (0x0002d863)
core   0: 0x0000000080000058 (0x00000297) auipc   t0, 0x0
core   0: 3 0x0000000080000058 (0x00000297) x5  0x0000000080000058
core   0: 0x000000008000005c (0x09028293) addi    t0, t0, 144
core   0: 3 0x000000008000005c (0x09028293) x5  0x00000000800000e8
core   0: 0x0000000080000060 (0x30529073) csrrw   zero, mtvec, t0
core   0: 3 0x0000000080000060 (0x30529073) c773_mtvec 0x00000000800000e8
core   0: 0x0000000080000064 (0x00301073) csrrw   zero, fcsr, zero
core   0: 3 0x0000000080000064 (0x00301073) c1_fflags 0x0000000000000000 c2_frm 0x0000000000000000
core   0: 0x0000000080000068 (0xf0000053) fmv.w.x ft0, zero
core   0: 3 0x0000000080000068 (0xf0000053) f0  0xffffffff00000000
core   0: 0x000000008000006c (0xf00000d3) fmv.w.x ft1, zero
core   0: 3 0x000000008000006c (0xf00000d3) f1  0xffffffff00000000
core   0: 0x0000000080000070 (0xf0000153) fmv.w.x ft2, zero
core   0: 3 0x0000000080000070 (0xf0000153) f2  0xffffffff00000000
core   0: 0x0000000080000074 (0xf00001d3) fmv.w.x ft3, zero
core   0: 3 0x0000000080000074 (0xf00001d3) f3  0xffffffff00000000
core   0: 0x0000000080000078 (0xf0000253) fmv.w.x ft4, zero
core   0: 3 0x0000000080000078 (0xf0000253) f4  0xffffffff00000000
core   0: 0x000000008000007c (0xf00002d3) fmv.w.x ft5, zero
core   0: 3 0x000000008000007c (0xf00002d3) f5  0xffffffff00000000
core   0: 0x0000000080000080 (0xf0000353) fmv.w.x ft6, zero
core   0: 3 0x0000000080000080 (0xf0000353) f6  0xffffffff00000000
core   0: 0x0000000080000084 (0xf00003d3) fmv.w.x ft7, zero
core   0: 3 0x0000000080000084 (0xf00003d3) f7  0xffffffff00000000
core   0: 0x0000000080000088 (0xf0000453) fmv.w.x fs0, zero
core   0: 3 0x0000000080000088 (0xf0000453) f8  0xffffffff00000000
core   0: 0x000000008000008c (0xf00004d3) fmv.w.x fs1, zero
core   0: 3 0x000000008000008c (0xf00004d3) f9  0xffffffff00000000
core   0: 0x0000000080000090 (0xf0000553) fmv.w.x fa0, zero
core   0: 3 0x0000000080000090 (0xf0000553) f10 0xffffffff00000000
core   0: 0x0000000080000094 (0xf00005d3) fmv.w.x fa1, zero
core   0: 3 0x0000000080000094 (0xf00005d3) f11 0xffffffff00000000
core   0: 0x0000000080000098 (0xf0000653) fmv.w.x fa2, zero
core   0: 3 0x0000000080000098 (0xf0000653) f12 0xffffffff00000000
core   0: 0x000000008000009c (0xf00006d3) fmv.w.x fa3, zero
core   0: 3 0x000000008000009c (0xf00006d3) f13 0xffffffff00000000
core   0: 0x00000000800000a0 (0xf0000753) fmv.w.x fa4, zero
core   0: 3 0x00000000800000a0 (0xf0000753) f14 0xffffffff00000000
core   0: 0x00000000800000a4 (0xf00007d3) fmv.w.x fa5, zero
core   0: 3 0x00000000800000a4 (0xf00007d3) f15 0xffffffff00000000
core   0: 0x00000000800000a8 (0xf0000853) fmv.w.x fa6, zero
core   0: 3 0x00000000800000a8 (0xf0000853) f16 0xffffffff00000000
core   0: 0x00000000800000ac (0xf00008d3) fmv.w.x fa7, zero
core   0: 3 0x00000000800000ac (0xf00008d3) f17 0xffffffff00000000
core   0: 0x00000000800000b0 (0xf0000953) fmv.w.x fs2, zero
core   0: 3 0x00000000800000b0 (0xf0000953) f18 0xffffffff00000000
core   0: 0x00000000800000b4 (0xf00009d3) fmv.w.x fs3, zero
core   0: 3 0x00000000800000b4 (0xf00009d3) f19 0xffffffff00000000
core   0: 0x00000000800000b8 (0xf0000a53) fmv.w.x fs4, zero
core   0: 3 0x00000000800000b8 (0xf0000a53) f20 0xffffffff00000000
core   0: 0x00000000800000bc (0xf0000ad3) fmv.w.x fs5, zero
core   0: 3 0x00000000800000bc (0xf0000ad3) f21 0xffffffff00000000
core   0: 0x00000000800000c0 (0xf0000b53) fmv.w.x fs6, zero
core   0: 3 0x00000000800000c0 (0xf0000b53) f22 0xffffffff00000000
core   0: 0x00000000800000c4 (0xf0000bd3) fmv.w.x fs7, zero
core   0: 3 0x00000000800000c4 (0xf0000bd3) f23 0xffffffff00000000
core   0: 0x00000000800000c8 (0xf0000c53) fmv.w.x fs8, zero
core   0: 3 0x00000000800000c8 (0xf0000c53) f24 0xffffffff00000000
core   0: 0x00000000800000cc (0xf0000cd3) fmv.w.x fs9, zero
core   0: 3 0x00000000800000cc (0xf0000cd3) f25 0xffffffff00000000
core   0: 0x00000000800000d0 (0xf0000d53) fmv.w.x fs10, zero
core   0: 3 0x00000000800000d0 (0xf0000d53) f26 0xffffffff00000000
core   0: 0x00000000800000d4 (0xf0000dd3) fmv.w.x fs11, zero
core   0: 3 0x00000000800000d4 (0xf0000dd3) f27 0xffffffff00000000
core   0: 0x00000000800000d8 (0xf0000e53) fmv.w.x ft8, zero
core   0: 3 0x00000000800000d8 (0xf0000e53) f28 0xffffffff00000000
core   0: 0x00000000800000dc (0xf0000ed3) fmv.w.x ft9, zero
core   0: 3 0x00000000800000dc (0xf0000ed3) f29 0xffffffff00000000
core   0: 0x00000000800000e0 (0xf0000f53) fmv.w.x ft10, zero
core   0: 3 0x00000000800000e0 (0xf0000f53) f30 0xffffffff00000000
core   0: 0x00000000800000e4 (0xf0000fd3) fmv.w.x ft11, zero
core   0: 3 0x00000000800000e4 (0xf0000fd3) f31 0xffffffff00000000
core   0: 0x00000000800000e8 (0x00000297) auipc   t0, 0x0
core   0: 3 0x00000000800000e8 (0x00000297) x5  0x00000000800000e8
core   0: 0x00000000800000ec (0x03c28293) addi    t0, t0, 60
core   0: 3 0x00000000800000ec (0x03c28293) x5  0x0000000080000124
core   0: 0x00000000800000f0 (0x30529073) csrrw   zero, mtvec, t0
core   0: 3 0x00000000800000f0 (0x30529073) c773_mtvec 0x0000000080000124
core   0: 0x00000000800000f4 (0x00012197) auipc   gp, 0x12
core   0: 3 0x00000000800000f4 (0x00012197) x3  0x00000000800120f4
core   0: 0x00000000800000f8 (0x73418193) addi    gp, gp, 1844
core   0: 3 0x00000000800000f8 (0x73418193) x3  0x0000000080012828
core   0: 0x00000000800000fc (0x00012217) auipc   tp, 0x12
core   0: 3 0x00000000800000fc (0x00012217) x4  0x00000000800120fc
core   0: 0x0000000080000100 (0xf8320213) addi    tp, tp, -125
core   0: 3 0x0000000080000100 (0xf8320213) x4  0x000000008001207f
core   0: 0x0000000080000104 (0xfc027213) andi    tp, tp, -64
core   0: 3 0x0000000080000104 (0xfc027213) x4  0x0000000080012040
core   0: 0x0000000080000108 (0xf1402573) csrrs   a0, mhartid, zero
core   0: 3 0x0000000080000108 (0xf1402573) x10 0x0000000000000000
core   0: 0x000000008000010c (0x00004585) c.li    a1, 1
core   0: 3 0x000000008000010c (0x4585) x11 0x0000000000000001
core   0: 0x000000008000010e (0x00b57063) bgeu    a0, a1, pc + 0
core   0: 3 0x000000008000010e (0x00b57063)
core   0: 0x0000000080000112 (0x00150113) addi    sp, a0, 1
core   0: 3 0x0000000080000112 (0x00150113) x2  0x0000000000000001
core   0: 0x0000000080000116 (0x00000146) c.slli  sp, 17
core   0: 3 0x0000000080000116 (0x0146) x2  0x0000000000020000
core   0: 0x0000000080000118 (0x00009112) c.add   sp, tp
core   0: 3 0x0000000080000118 (0x9112) x2  0x0000000080032040
core   0: 0x000000008000011a (0x01151613) slli    a2, a0, 17
core   0: 3 0x000000008000011a (0x01151613) x12 0x0000000000000000
core   0: 0x000000008000011e (0x00009232) c.add   tp, a2
core   0: 3 0x000000008000011e (0x9232) x4  0x0000000080012040
core   0: 0x0000000080000120 (0x41e0f06f) j       pc + 0xf41e
core   0: 3 0x0000000080000120 (0x41e0f06f)
core   0: >>>>  _init
core   0: 0x000000008000f53e (0x00007171) c.addi16sp sp, -176
core   0: 3 0x000000008000f53e (0x7171) x2  0x0000000080031f90
core   0: 0x000000008000f540 (0x0000f506) c.sdsp  ra, 168(sp)
core   0: 3 0x000000008000f540 (0xf506) mem 0x0000000080032038 0x0000000000000000
core   0: 0x000000008000f542 (0x0000f122) c.sdsp  s0, 160(sp)
core   0: 3 0x000000008000f542 (0xf122) mem 0x0000000080032030 0x0000000000000000
core   0: 0x000000008000f544 (0x0000ed26) c.sdsp  s1, 152(sp)
core   0: 3 0x000000008000f544 (0xed26) mem 0x0000000080032028 0x0000000000000000
core   0: 0x000000008000f546 (0x00001900) c.addi4spn s0, sp, 176
core   0: 3 0x000000008000f546 (0x1900) x8  0x0000000080032040
core   0: 0x000000008000f548 (0x000087aa) c.mv    a5, a0
core   0: 3 0x000000008000f548 (0x87aa) x15 0x0000000000000000
core   0: 0x000000008000f54a (0x0000872e) c.mv    a4, a1
core   0: 3 0x000000008000f54a (0x872e) x14 0x0000000000000001
core   0: 0x000000008000f54c (0xf4f42e23) sw      a5, -164(s0)
core   0: 3 0x000000008000f54c (0xf4f42e23) mem 0x0000000080031f9c 0x00000000
core   0: 0x000000008000f550 (0x000087ba) c.mv    a5, a4
core   0: 3 0x000000008000f550 (0x87ba) x15 0x0000000000000001
core   0: 0x000000008000f552 (0xf4f42c23) sw      a5, -168(s0)
core   0: 3 0x000000008000f552 (0xf4f42c23) mem 0x0000000080031f98 0x00000001
core   0: 0x000000008000f556 (0xfe040793) addi    a5, s0, -32
core   0: 3 0x000000008000f556 (0xfe040793) x15 0x0000000080032020
core   0: 0x000000008000f55a (0xf4f43823) sd      a5, -176(s0)
core   0: 3 0x000000008000f55a (0xf4f43823) mem 0x0000000080031f90 0x0000000080032020
core   0: 0x000000008000f55e (0xf5043783) ld      a5, -176(s0)
core   0: 3 0x000000008000f55e (0xf5043783) x15 0x0000000080032020 mem 0x0000000080031f90
core   0: 0x000000008000f562 (0xf8078793) addi    a5, a5, -128
core   0: 3 0x000000008000f562 (0xf8078793) x15 0x0000000080031fa0
core   0: 0x000000008000f566 (0x03f78793) addi    a5, a5, 63
core   0: 3 0x000000008000f566 (0x03f78793) x15 0x0000000080031fdf
core   0: 0x000000008000f56a (0x00008399) c.srli  a5, 6
core   0: 3 0x000000008000f56a (0x8399) x15 0x0000000002000c7f
core   0: 0x000000008000f56c (0x00679493) slli    s1, a5, 6
core   0: 3 0x000000008000f56c (0x00679493) x9  0x0000000080031fc0
core   0: 0x000000008000f570 (0xf65ff0ef) jal     pc - 0x9c
core   0: 3 0x000000008000f570 (0xf65ff0ef) x1  0x000000008000f574
core   0: >>>>  init_tls
core   0: 0x000000008000f4d4 (0x00001101) c.addi  sp, -32
core   0: 3 0x000000008000f4d4 (0x1101) x2  0x0000000080031f70
core   0: 0x000000008000f4d6 (0x0000ec06) c.sdsp  ra, 24(sp)
core   0: 3 0x000000008000f4d6 (0xec06) mem 0x0000000080031f88 0x000000008000f574
core   0: 0x000000008000f4d8 (0x0000e822) c.sdsp  s0, 16(sp)
core   0: 3 0x000000008000f4d8 (0xe822) mem 0x0000000080031f80 0x0000000080032040
core   0: 0x000000008000f4da (0x00001000) c.addi4spn s0, sp, 32
core   0: 3 0x000000008000f4da (0x1000) x8  0x0000000080031f90
core   0: 0x000000008000f4dc (0x00003717) auipc   a4, 0x3
core   0: 3 0x000000008000f4dc (0x00003717) x14 0x00000000800124dc
core   0: 0x000000008000f4e0 (0xb4c70713) addi    a4, a4, -1204
core   0: 3 0x000000008000f4e0 (0xb4c70713) x14 0x0000000080012028
core   0: 0x000000008000f4e4 (0x00003797) auipc   a5, 0x3
core   0: 3 0x000000008000f4e4 (0x00003797) x15 0x00000000800124e4
core   0: 0x000000008000f4e8 (0xb4478793) addi    a5, a5, -1212
core   0: 3 0x000000008000f4e8 (0xb4478793) x15 0x0000000080012028
core   0: 0x000000008000f4ec (0x40f707b3) sub     a5, a4, a5
core   0: 3 0x000000008000f4ec (0x40f707b3) x15 0x0000000000000000
core   0: 0x000000008000f4f0 (0xfef43423) sd      a5, -24(s0)
core   0: 3 0x000000008000f4f0 (0xfef43423) mem 0x0000000080031f78 0x0000000000000000
core   0: 0x000000008000f4f4 (0x00008792) c.mv    a5, tp
core   0: 3 0x000000008000f4f4 (0x8792) x15 0x0000000080012040
core   0: 0x000000008000f4f6 (0xfe843603) ld      a2, -24(s0)
core   0: 3 0x000000008000f4f6 (0xfe843603) x12 0x0000000000000000 mem 0x0000000080031f78
core   0: 0x000000008000f4fa (0x00003597) auipc   a1, 0x3
core   0: 3 0x000000008000f4fa (0x00003597) x11 0x00000000800124fa
core   0: 0x000000008000f4fe (0xb2e58593) addi    a1, a1, -1234
core   0: 3 0x000000008000f4fe (0xb2e58593) x11 0x0000000080012028
core   0: 0x000000008000f502 (0x0000853e) c.mv    a0, a5
core   0: 3 0x000000008000f502 (0x853e) x10 0x0000000080012040
core   0: 0x000000008000f504 (0x0f9000ef) jal     pc + 0x8f8
core   0: 3 0x000000008000f504 (0x0f9000ef) x1  0x000000008000f508
core   0: >>>>  memcpy
core   0: 0x000000008000fdfc (0x0000715d) c.addi16sp sp, -80
core   0: 3 0x000000008000fdfc (0x715d) x2  0x0000000080031f20
core   0: 0x000000008000fdfe (0x0000e4a2) c.sdsp  s0, 72(sp)
core   0: 3 0x000000008000fdfe (0xe4a2) mem 0x0000000080031f68 0x0000000080031f90
core   0: 0x000000008000fe00 (0x00000880) c.addi4spn s0, sp, 80
core   0: 3 0x000000008000fe00 (0x0880) x8  0x0000000080031f70
core   0: 0x000000008000fe02 (0xfca43423) sd      a0, -56(s0)
core   0: 3 0x000000008000fe02 (0xfca43423) mem 0x0000000080031f38 0x0000000080012040
core   0: 0x000000008000fe06 (0xfcb43023) sd      a1, -64(s0)
core   0: 3 0x000000008000fe06 (0xfcb43023) mem 0x0000000080031f30 0x0000000080012028
core   0: 0x000000008000fe0a (0xfac43c23) sd      a2, -72(s0)
core   0: 3 0x000000008000fe0a (0xfac43c23) mem 0x0000000080031f28 0x0000000000000000
core   0: 0x000000008000fe0e (0xfc843703) ld      a4, -56(s0)
core   0: 3 0x000000008000fe0e (0xfc843703) x14 0x0000000080012040 mem 0x0000000080031f38
core   0: 0x000000008000fe12 (0xfc043783) ld      a5, -64(s0)
core   0: 3 0x000000008000fe12 (0xfc043783) x15 0x0000000080012028 mem 0x0000000080031f30
core   0: 0x000000008000fe16 (0x00008f5d) c.or    a4, a5
core   0: 3 0x000000008000fe16 (0x8f5d) x14 0x0000000080012068
core   0: 0x000000008000fe18 (0xfb843783) ld      a5, -72(s0)
core   0: 3 0x000000008000fe18 (0xfb843783) x15 0x0000000000000000 mem 0x0000000080031f28
core   0: 0x000000008000fe1c (0x00008fd9) c.or    a5, a4
core   0: 3 0x000000008000fe1c (0x8fd9) x15 0x0000000080012068
core   0: 0x000000008000fe1e (0x00008b9d) c.andi  a5, 7
core   0: 3 0x000000008000fe1e (0x8b9d) x15 0x0000000000000000
core   0: 0x000000008000fe20 (0x0000e3b1) c.bnez  a5, pc + 68
core   0: 3 0x000000008000fe20 (0xe3b1)
core   0: 0x000000008000fe22 (0xfc043783) ld      a5, -64(s0)
core   0: 3 0x000000008000fe22 (0xfc043783) x15 0x0000000080012028 mem 0x0000000080031f30
core   0: 0x000000008000fe26 (0xfef43423) sd      a5, -24(s0)
core   0: 3 0x000000008000fe26 (0xfef43423) mem 0x0000000080031f58 0x0000000080012028
core   0: 0x000000008000fe2a (0xfc843783) ld      a5, -56(s0)
core   0: 3 0x000000008000fe2a (0xfc843783) x15 0x0000000080012040 mem 0x0000000080031f38
core   0: 0x000000008000fe2e (0xfef43023) sd      a5, -32(s0)
core   0: 3 0x000000008000fe2e (0xfef43023) mem 0x0000000080031f50 0x0000000080012040
core   0: 0x000000008000fe32 (0x0000a839) c.j     pc + 30
core   0: 3 0x000000008000fe32 (0xa839)
core   0: 0x000000008000fe50 (0xfc843703) ld      a4, -56(s0)
core   0: 3 0x000000008000fe50 (0xfc843703) x14 0x0000000080012040 mem 0x0000000080031f38
core   0: 0x000000008000fe54 (0xfb843783) ld      a5, -72(s0)
core   0: 3 0x000000008000fe54 (0xfb843783) x15 0x0000000000000000 mem 0x0000000080031f28
core   0: 0x000000008000fe58 (0x000097ba) c.add   a5, a4
core   0: 3 0x000000008000fe58 (0x97ba) x15 0x0000000080012040
core   0: 0x000000008000fe5a (0xfe043703) ld      a4, -32(s0)
core   0: 3 0x000000008000fe5a (0xfe043703) x14 0x0000000080012040 mem 0x0000000080031f50
core   0: 0x000000008000fe5e (0xfcf76be3) bltu    a4, a5, pc - 42
core   0: 3 0x000000008000fe5e (0xfcf76be3)
core   0: 0x000000008000fe62 (0x0000a099) c.j     pc + 70
core   0: 3 0x000000008000fe62 (0xa099)
core   0: 0x000000008000fea8 (0xfc843783) ld      a5, -56(s0)
core   0: 3 0x000000008000fea8 (0xfc843783) x15 0x0000000080012040 mem 0x0000000080031f38
core   0: 0x000000008000feac (0x0000853e) c.mv    a0, a5
core   0: 3 0x000000008000feac (0x853e) x10 0x0000000080012040
core   0: 0x000000008000feae (0x00006426) c.ldsp  s0, 72(sp)
core   0: 3 0x000000008000feae (0x6426) x8  0x0000000080031f90 mem 0x0000000080031f68
core   0: 0x000000008000feb0 (0x00006161) c.addi16sp sp, 80
core   0: 3 0x000000008000feb0 (0x6161) x2  0x0000000080031f70
core   0: 0x000000008000feb2 (0x00008082) ret
core   0: 3 0x000000008000feb2 (0x8082)
core   0: 0x000000008000f508 (0x00003717) auipc   a4, 0x3
core   0: 3 0x000000008000f508 (0x00003717) x14 0x0000000080012508
core   0: 0x000000008000f50c (0xbbc70713) addi    a4, a4, -1092
core   0: 3 0x000000008000f50c (0xbbc70713) x14 0x00000000800120c4
core   0: 0x000000008000f510 (0x00003797) auipc   a5, 0x3
core   0: 3 0x000000008000f510 (0x00003797) x15 0x0000000080012510
core   0: 0x000000008000f514 (0xb1878793) addi    a5, a5, -1256
core   0: 3 0x000000008000f514 (0xb1878793) x15 0x0000000080012028
core   0: 0x000000008000f518 (0x40f707b3) sub     a5, a4, a5
core   0: 3 0x000000008000f518 (0x40f707b3) x15 0x000000000000009c
core   0: 0x000000008000f51c (0xfef43023) sd      a5, -32(s0)
core   0: 3 0x000000008000f51c (0xfef43023) mem 0x0000000080031f70 0x000000000000009c
core   0: 0x000000008000f520 (0x00008712) c.mv    a4, tp
core   0: 3 0x000000008000f520 (0x8712) x14 0x0000000080012040
core   0: 0x000000008000f522 (0xfe843783) ld      a5, -24(s0)
core   0: 3 0x000000008000f522 (0xfe843783) x15 0x0000000000000000 mem 0x0000000080031f78
core   0: 0x000000008000f526 (0x000097ba) c.add   a5, a4
core   0: 3 0x000000008000f526 (0x97ba) x15 0x0000000080012040
core   0: 0x000000008000f528 (0xfe043603) ld      a2, -32(s0)
core   0: 3 0x000000008000f528 (0xfe043603) x12 0x000000000000009c mem 0x0000000080031f70
core   0: 0x000000008000f52c (0x00004581) c.li    a1, 0
core   0: 3 0x000000008000f52c (0x4581) x11 0x0000000000000000
core   0: 0x000000008000f52e (0x0000853e) c.mv    a0, a5
core   0: 3 0x000000008000f52e (0x853e) x10 0x0000000080012040
core   0: 0x000000008000f530 (0x185000ef) jal     pc + 0x984
core   0: 3 0x000000008000f530 (0x185000ef) x1  0x000000008000f534
core   0: >>>>  memset
core   0: 0x000000008000feb4 (0x0000715d) c.addi16sp sp, -80
core   0: 3 0x000000008000feb4 (0x715d) x2  0x0000000080031f20
core   0: 0x000000008000feb6 (0x0000e4a2) c.sdsp  s0, 72(sp)
core   0: 3 0x000000008000feb6 (0xe4a2) mem 0x0000000080031f68 0x0000000080031f90
core   0: 0x000000008000feb8 (0x00000880) c.addi4spn s0, sp, 80
core   0: 3 0x000000008000feb8 (0x0880) x8  0x0000000080031f70
core   0: 0x000000008000feba (0xfca43423) sd      a0, -56(s0)
core   0: 3 0x000000008000feba (0xfca43423) mem 0x0000000080031f38 0x0000000080012040
core   0: 0x000000008000febe (0x000087ae) c.mv    a5, a1
core   0: 3 0x000000008000febe (0x87ae) x15 0x0000000000000000
core   0: 0x000000008000fec0 (0xfac43c23) sd      a2, -72(s0)
core   0: 3 0x000000008000fec0 (0xfac43c23) mem 0x0000000080031f28 0x000000000000009c
core   0: 0x000000008000fec4 (0xfcf42223) sw      a5, -60(s0)
core   0: 3 0x000000008000fec4 (0xfcf42223) mem 0x0000000080031f34 0x00000000
core   0: 0x000000008000fec8 (0xfc843703) ld      a4, -56(s0)
core   0: 3 0x000000008000fec8 (0xfc843703) x14 0x0000000080012040 mem 0x0000000080031f38
core   0: 0x000000008000fecc (0xfb843783) ld      a5, -72(s0)
core   0: 3 0x000000008000fecc (0xfb843783) x15 0x000000000000009c mem 0x0000000080031f28
core   0: 0x000000008000fed0 (0x00008fd9) c.or    a5, a4
core   0: 3 0x000000008000fed0 (0x8fd9) x15 0x00000000800120dc
core   0: 0x000000008000fed2 (0x00008b9d) c.andi  a5, 7
core   0: 3 0x000000008000fed2 (0x8b9d) x15 0x0000000000000004
core   0: 0x000000008000fed4 (0x0000e7bd) c.bnez  a5, pc + 110
core   0: 3 0x000000008000fed4 (0xe7bd)
core   0: 0x000000008000ff42 (0xfc843783) ld      a5, -56(s0)
core   0: 3 0x000000008000ff42 (0xfc843783) x15 0x0000000080012040 mem 0x0000000080031f38
core   0: 0x000000008000ff46 (0xfef43023) sd      a5, -32(s0)
core   0: 3 0x000000008000ff46 (0xfef43023) mem 0x0000000080031f50 0x0000000080012040
core   0: 0x000000008000ff4a (0x0000a829) c.j     pc + 26
core   0: 3 0x000000008000ff4a (0xa829)
core   0: 0x000000008000ff64 (0xfc843703) ld      a4, -56(s0)
core   0: 3 0x000000008000ff64 (0xfc843703) x14 0x0000000080012040 mem 0x0000000080031f38
core   0: 0x000000008000ff68 (0xfb843783) ld      a5, -72(s0)
core   0: 3 0x000000008000ff68 (0xfb843783) x15 0x000000000000009c mem 0x0000000080031f28
core   0: 0x000000008000ff6c (0x000097ba) c.add   a5, a4
core   0: 3 0x000000008000ff6c (0x97ba) x15 0x00000000800120dc
core   0: 0x000000008000ff6e (0xfe043703) ld      a4, -32(s0)
core   0: 3 0x000000008000ff6e (0xfe043703) x14 0x0000000080012040 mem 0x0000000080031f50
core   0: 0x000000008000ff72 (0xfcf76de3) bltu    a4, a5, pc - 38
core   0: 3 0x000000008000ff72 (0xfcf76de3)
core   0: 0x000000008000ff4c (0xfe043783) ld      a5, -32(s0)
core   0: 3 0x000000008000ff4c (0xfe043783) x15 0x0000000080012040 mem 0x0000000080031f50
core   0: 0x000000008000ff50 (0x00178713) addi    a4, a5, 1
core   0: 3 0x000000008000ff50 (0x00178713) x14 0x0000000080012041
core   0: 0x000000008000ff54 (0xfee43023) sd      a4, -32(s0)
core   0: 3 0x000000008000ff54 (0xfee43023) mem 0x0000000080031f50 0x0000000080012041
core   0: 0x000000008000ff58 (0xfc442703) lw      a4, -60(s0)
core   0: 3 0x000000008000ff58 (0xfc442703) x14 0x0000000000000000 mem 0x0000000080031f34
core   0: 0x000000008000ff5c (0x0ff77713) andi    a4, a4, 255
core   0: 3 0x000000008000ff5c (0x0ff77713) x14 0x0000000000000000
core   0: 0x000000008000ff60 (0x00e78023) sb      a4, 0(a5)
core   0: 3 0x000000008000ff60 (0x00e78023) mem 0x0000000080012040 0x00
core   0: 0x000000008000ff64 (0xfc843703) ld      a4, -56(s0)
core   0: 3 0x000000008000ff64 (0xfc843703) x14 0x0000000080012040 mem 0x0000000080031f38
core   0: 0x000000008000ff68 (0xfb843783) ld      a5, -72(s0)
core   0: 3 0x000000008000ff68 (0xfb843783) x15 0x000000000000009c mem 0x0000000080031f28
core   0: 0x000000008000ff6c (0x000097ba) c.add   a5, a4
core   0: 3 0x000000008000ff6c (0x97ba) x15 0x00000000800120dc
core   0: 0x000000008000ff6e (0xfe043703) ld      a4, -32(s0)
core   0: 3 0x000000008000ff6e (0xfe043703) x14 0x0000000080012041 mem 0x0000000080031f50
core   0: 0x000000008000ff72 (0xfcf76de3) bltu    a4, a5, pc - 38
core   0: 3 0x000000008000ff72 (0xfcf76de3)
core   0: 0x000000008000ff4c (0xfe043783) ld      a5, -32(s0)
core   0: 3 0x000000008000ff4c (0xfe043783) x15 0x0000000080012041 mem 0x0000000080031f50
core   0: 0x000000008000ff50 (0x00178713) addi    a4, a5, 1
core   0: 3 0x000000008000ff50 (0x00178713) x14 0x0000000080012042
core   0: 0x000000008000ff54 (0xfee43023) sd      a4, -32(s0)
core   0: 3 0x000000008000ff54 (0xfee43023) mem 0x0000000080031f50 0x0000000080012042
core   0: 0x000000008000ff58 (0xfc442703) lw      a4, -60(s0)
core   0: 3 0x000000008000ff58 (0xfc442703) x14 0x0000000000000000 mem 0x0000000080031f34
core   0: 0x000000008000ff5c (0x0ff77713) andi    a4, a4, 255
core   0: 3 0x000000008000ff5c (0x0ff77713) x14 0x0000000000000000
core   0: 0x000000008000ff60 (0x00e78023) sb      a4, 0(a5)
core   0: 3 0x000000008000ff60 (0x00e78023) mem 0x0000000080012041 0x00
core   0: 0x000000008000ff64 (0xfc843703) ld      a4, -56(s0)
core   0: 3 0x000000008000ff64 (0xfc843703) x14 0x0000000080012040 mem 0x0000000080031f38
core   0: 0x000000008000ff68 (0xfb843783) ld      a5, -72(s0)
core   0: 3 0x000000008000ff68 (0xfb843783) x15 0x000000000000009c mem 0x0000000080031f28
core   0: 0x000000008000ff6c (0x000097ba) c.add   a5, a4
core   0: 3 0x000000008000ff6c (0x97ba) x15 0x00000000800120dc
core   0: 0x000000008000ff6e (0xfe043703) ld      a4, -32(s0)
core   0: 3 0x000000008000ff6e (0xfe043703) x14 0x0000000080012042 mem 0x0000000080031f50
core   0: 0x000000008000ff72 (0xfcf76de3) bltu    a4, a5, pc - 38
core   0: 3 0x000000008000ff72 (0xfcf76de3)
core   0: 0x000000008000ff4c (0xfe043783) ld      a5, -32(s0)
core   0: 3 0x000000008000ff4c (0xfe043783) x15 0x0000000080012042 mem 0x0000000080031f50
core   0: 0x000000008000ff50 (0x00178713) addi    a4, a5, 1
core   0: 3 0x000000008000ff50 (0x00178713) x14 0x0000000080012043
core   0: 0x000000008000ff54 (0xfee43023) sd      a4, -32(s0)
core   0: 3 0x000000008000ff54 (0xfee43023) mem 0x0000000080031f50 0x0000000080012043
core   0: 0x000000008000ff58 (0xfc442703) lw      a4, -60(s0)
core   0: 3 0x000000008000ff58 (0xfc442703) x14 0x0000000000000000 mem 0x0000000080031f34
core   0: 0x000000008000ff5c (0x0ff77713) andi    a4, a4, 255
core   0: 3 0x000000008000ff5c (0x0ff77713) x14 0x0000000000000000
core   0: 0x000000008000ff60 (0x00e78023) sb      a4, 0(a5)
core   0: 3 0x000000008000ff60 (0x00e78023) mem 0x0000000080012042 0x00
core   0: 0x000000008000ff64 (0xfc843703) ld      a4, -56(s0)
core   0: 3 0x000000008000ff64 (0xfc843703) x14 0x0000000080012040 mem 0x0000000080031f38
core   0: 0x000000008000ff68 (0xfb843783) ld      a5, -72(s0)
core   0: 3 0x000000008000ff68 (0xfb843783) x15 0x000000000000009c mem 0x0000000080031f28
core   0: 0x000000008000ff6c (0x000097ba) c.add   a5, a4
core   0: 3 0x000000008000ff6c (0x97ba) x15 0x00000000800120dc
core   0: 0x000000008000ff6e (0xfe043703) ld      a4, -32(s0)
core   0: 3 0x000000008000ff6e (0xfe043703) x14 0x0000000080012043 mem 0x0000000080031f50
core   0: 0x000000008000ff72 (0xfcf76de3) bltu    a4, a5, pc - 38
core   0: 3 0x000000008000ff72 (0xfcf76de3)
core   0: 0x000000008000ff4c (0xfe043783) ld      a5, -32(s0)
core   0: 3 0x000000008000ff4c (0xfe043783) x15 0x0000000080012043 mem 0x0000000080031f50
core   0: 0x000000008000ff50 (0x00178713) addi    a4, a5, 1
core   0: 3 0x000000008000ff50 (0x00178713) x14 0x0000000080012044
core   0: 0x000000008000ff54 (0xfee43023) sd      a4, -32(s0)
core   0: 3 0x000000008000ff54 (0xfee43023) mem 0x0000000080031f50 0x0000000080012044
core   0: 0x000000008000ff58 (0xfc442703) lw      a4, -60(s0)
core   0: 3 0x000000008000ff58 (0xfc442703) x14 0x0000000000000000 mem 0x0000000080031f34
core   0: 0x000000008000ff5c (0x0ff77713) andi    a4, a4, 255
core   0: 3 0x000000008000ff5c (0x0ff77713) x14 0x0000000000000000
core   0: 0x000000008000ff60 (0x00e78023) sb      a4, 0(a5)
core   0: 3 0x000000008000ff60 (0x00e78023) mem 0x0000000080012043 0x00
core   0: 0x000000008000ff64 (0xfc843703) ld      a4, -56(s0)
core   0: 3 0x000000008000ff64 (0xfc843703) x14 0x0000000080012040 mem 0x0000000080031f38
core   0: 0x000000008000ff68 (0xfb843783) ld      a5, -72(s0)
core   0: 3 0x000000008000ff68 (0xfb843783) x15 0x000000000000009c mem 0x0000000080031f28
core   0: 0x000000008000ff6c (0x000097ba) c.add   a5, a4
core   0: 3 0x000000008000ff6c (0x97ba) x15 0x00000000800120dc
core   0: 0x000000008000ff6e (0xfe043703) ld      a4, -32(s0)
core   0: 3 0x000000008000ff6e (0xfe043703) x14 0x0000000080012044 mem 0x0000000080031f50
core   0: 0x000000008000ff72 (0xfcf76de3) bltu    a4, a5, pc - 38
core   0: 3 0x000000008000ff72 (0xfcf76de3)
core   0: 0x000000008000ff4c (0xfe043783) ld      a5, -32(s0)
core   0: 3 0x000000008000ff4c (0xfe043783) x15 0x0000000080012044 mem 0x0000000080031f50
core   0: 0x000000008000ff50 (0x00178713) addi    a4, a5, 1
core   0: 3 0x000000008000ff50 (0x00178713) x14 0x0000000080012045
core   0: 0x000000008000ff54 (0xfee43023) sd      a4, -32(s0)
core   0: 3 0x000000008000ff54 (0xfee43023) mem 0x0000000080031f50 0x0000000080012045
core   0: 0x000000008000ff58 (0xfc442703) lw      a4, -60(s0)
core   0: 3 0x000000008000ff58 (0xfc442703) x14 0x0000000000000000 mem 0x0000000080031f34
core   0: 0x000000008000ff5c (0x0ff77713) andi    a4, a4, 255
core   0: 3 0x000000008000ff5c (0x0ff77713) x14 0x0000000000000000
core   0: 0x000000008000ff60 (0x00e78023) sb      a4, 0(a5)
core   0: 3 0x000000008000ff60 (0x00e78023) mem 0x0000000080012044 0x00
core   0: 0x000000008000ff64 (0xfc843703) ld      a4, -56(s0)
core   0: 3 0x000000008000ff64 (0xfc843703) x14 0x0000000080012040 mem 0x0000000080031f38
core   0: 0x000000008000ff68 (0xfb843783) ld      a5, -72(s0)
core   0: 3 0x000000008000ff68 (0xfb843783) x15 0x000000000000009c mem 0x0000000080031f28
core   0: 0x000000008000ff6c (0x000097ba) c.add   a5, a4
core   0: 3 0x000000008000ff6c (0x97ba) x15 0x00000000800120dc
core   0: 0x000000008000ff6e (0xfe043703) ld      a4, -32(s0)
core   0: 3 0x000000008000ff6e (0xfe043703) x14 0x0000000080012045 mem 0x0000000080031f50
core   0: 0x000000008000ff72 (0xfcf76de3) bltu    a4, a5, pc - 38
core   0: 3 0x000000008000ff72 (0xfcf76de3)
core   0: 0x000000008000ff4c (0xfe043783) ld      a5, -32(s0)
core   0: 3 0x000000008000ff4c (0xfe043783) x15 0x0000000080012045 mem 0x0000000080031f50
core   0: 0x000000008000ff50 (0x00178713) addi    a4, a5, 1
core   0: 3 0x000000008000ff50 (0x00178713) x14 0x0000000080012046
core   0: 0x000000008000ff54 (0xfee43023) sd      a4, -32(s0)
core   0: 3 0x000000008000ff54 (0xfee43023) mem 0x0000000080031f50 0x0000000080012046
core   0: 0x000000008000ff58 (0xfc442703) lw      a4, -60(s0)
core   0: 3 0x000000008000ff58 (0xfc442703) x14 0x0000000000000000 mem 0x0000000080031f34
core   0: 0x000000008000ff5c (0x0ff77713) andi    a4, a4, 255
core   0: 3 0x000000008000ff5c (0x0ff77713) x14 0x0000000000000000
core   0: 0x000000008000ff60 (0x00e78023) sb      a4, 0(a5)
core   0: 3 0x000000008000ff60 (0x00e78023) mem 0x0000000080012045 0x00
core   0: 0x000000008000ff64 (0xfc843703) ld      a4, -56(s0)
core   0: 3 0x000000008000ff64 (0xfc843703) x14 0x0000000080012040 mem 0x0000000080031f38
core   0: 0x000000008000ff68 (0xfb843783) ld      a5, -72(s0)
core   0: 3 0x000000008000ff68 (0xfb843783) x15 0x000000000000009c mem 0x0000000080031f28
core   0: 0x000000008000ff6c (0x000097ba) c.add   a5, a4
core   0: 3 0x000000008000ff6c (0x97ba) x15 0x00000000800120dc
core   0: 0x000000008000ff6e (0xfe043703) ld      a4, -32(s0)
core   0: 3 0x000000008000ff6e (0xfe043703) x14 0x0000000080012046 mem 0x0000000080031f50
core   0: 0x000000008000ff72 (0xfcf76de3) bltu    a4, a5, pc - 38
core   0: 3 0x000000008000ff72 (0xfcf76de3)
core   0: 0x000000008000ff4c (0xfe043783) ld      a5, -32(s0)
core   0: 3 0x000000008000ff4c (0xfe043783) x15 0x0000000080012046 mem 0x0000000080031f50
core   0: 0x000000008000ff50 (0x00178713) addi    a4, a5, 1
core   0: 3 0x000000008000ff50 (0x00178713) x14 0x0000000080012047
core   0: 0x000000008000ff54 (0xfee43023) sd      a4, -32(s0)
core   0: 3 0x000000008000ff54 (0xfee43023) mem 0x0000000080031f50 0x0000000080012047
core   0: 0x000000008000ff58 (0xfc442703) lw      a4, -60(s0)
core   0: 3 0x000000008000ff58 (0xfc442703) x14 0x0000000000000000 mem 0x0000000080031f34
core   0: 0x000000008000ff5c (0x0ff77713) andi    a4, a4, 255
core   0: 3 0x000000008000ff5c (0x0ff77713) x14 0x0000000000000000
core   0: 0x000000008000ff60 (0x00e78023) sb      a4, 0(a5)
core   0: 3 0x000000008000ff60 (0x00e78023) mem 0x0000000080012046 0x00
core   0: 0x000000008000ff64 (0xfc843703) ld      a4, -56(s0)
core   0: 3 0x000000008000ff64 (0xfc843703) x14 0x0000000080012040 mem 0x0000000080031f38
core   0: 0x000000008000ff68 (0xfb843783) ld      a5, -72(s0)
core   0: 3 0x000000008000ff68 (0xfb843783) x15 0x000000000000009c mem 0x0000000080031f28
core   0: 0x000000008000ff6c (0x000097ba) c.add   a5, a4
core   0: 3 0x000000008000ff6c (0x97ba) x15 0x00000000800120dc
core   0: 0x000000008000ff6e (0xfe043703) ld      a4, -32(s0)
core   0: 3 0x000000008000ff6e (0xfe043703) x14 0x0000000080012047 mem 0x0000000080031f50
core   0: 0x000000008000ff72 (0xfcf76de3) bltu    a4, a5, pc - 38
core   0: 3 0x000000008000ff72 (0xfcf76de3)
core   0: 0x000000008000ff4c (0xfe043783) ld      a5, -32(s0)
core   0: 3 0x000000008000ff4c (0xfe043783) x15 0x0000000080012047 mem 0x0000000080031f50
core   0: 0x000000008000ff50 (0x00178713) addi    a4, a5, 1
core   0: 3 0x000000008000ff50 (0x00178713) x14 0x0000000080012048
core   0: 0x000000008000ff54 (0xfee43023) sd      a4, -32(s0)
core   0: 3 0x000000008000ff54 (0xfee43023) mem 0x0000000080031f50 0x0000000080012048
core   0: 0x000000008000ff58 (0xfc442703) lw      a4, -60(s0)
core   0: 3 0x000000008000ff58 (0xfc442703) x14 0x0000000000000000 mem 0x0000000080031f34
core   0: 0x000000008000ff5c (0x0ff77713) andi    a4, a4, 255
core   0: 3 0x000000008000ff5c (0x0ff77713) x14 0x0000000000000000
core   0: 0x000000008000ff60 (0x00e78023) sb      a4, 0(a5)
core   0: 3 0x000000008000ff60 (0x00e78023) mem 0x0000000080012047 0x00
core   0: 0x000000008000ff64 (0xfc843703) ld      a4, -56(s0)
core   0: 3 0x000000008000ff64 (0xfc843703) x14 0x0000000080012040 mem 0x0000000080031f38
core   0: 0x000000008000ff68 (0xfb843783) ld      a5, -72(s0)
core   0: 3 0x000000008000ff68 (0xfb843783) x15 0x000000000000009c mem 0x0000000080031f28
core   0: 0x000000008000ff6c (0x000097ba) c.add   a5, a4
core   0: 3 0x000000008000ff6c (0x97ba) x15 0x00000000800120dc
core   0: 0x000000008000ff6e (0xfe043703) ld      a4, -32(s0)
core   0: 3 0x000000008000ff6e (0xfe043703) x14 0x0000000080012048 mem 0x0000000080031f50
core   0: 0x000000008000ff72 (0xfcf76de3) bltu    a4, a5, pc - 38
core   0: 3 0x000000008000ff72 (0xfcf76de3)
core   0: 0x000000008000ff4c (0xfe043783) ld      a5, -32(s0)
core   0: 3 0x000000008000ff4c (0xfe043783) x15 0x0000000080012048 mem 0x0000000080031f50
core   0: 0x000000008000ff50 (0x00178713) addi    a4, a5, 1
core   0: 3 0x000000008000ff50 (0x00178713) x14 0x0000000080012049
core   0: 0x000000008000ff54 (0xfee43023) sd      a4, -32(s0)
core   0: 3 0x000000008000ff54 (0xfee43023) mem 0x0000000080031f50 0x0000000080012049
core   0: 0x000000008000ff58 (0xfc442703) lw      a4, -60(s0)
core   0: 3 0x000000008000ff58 (0xfc442703) x14 0x0000000000000000 mem 0x0000000080031f34
core   0: 0x000000008000ff5c (0x0ff77713) andi    a4, a4, 255
core   0: 3 0x000000008000ff5c (0x0ff77713) x14 0x0000000000000000
core   0: 0x000000008000ff60 (0x00e78023) sb      a4, 0(a5)
core   0: 3 0x000000008000ff60 (0x00e78023) mem 0x0000000080012048 0x00
core   0: 0x000000008000ff64 (0xfc843703) ld      a4, -56(s0)
core   0: 3 0x000000008000ff64 (0xfc843703) x14 0x0000000080012040 mem 0x0000000080031f38
core   0: 0x000000008000ff68 (0xfb843783) ld      a5, -72(s0)
core   0: 3 0x000000008000ff68 (0xfb843783) x15 0x000000000000009c mem 0x0000000080031f28
core   0: 0x000000008000ff6c (0x000097ba) c.add   a5, a4
core   0: 3 0x000000008000ff6c (0x97ba) x15 0x00000000800120dc
core   0: 0x000000008000ff6e (0xfe043703) ld      a4, -32(s0)
core   0: 3 0x000000008000ff6e (0xfe043703) x14 0x0000000080012049 mem 0x0000000080031f50
core   0: 0x000000008000ff72 (0xfcf76de3) bltu    a4, a5, pc - 38
core   0: 3 0x000000008000ff72 (0xfcf76de3)
core   0: 0x000000008000ff4c (0xfe043783) ld      a5, -32(s0)
core   0: 3 0x000000008000ff4c (0xfe043783) x15 0x0000000080012049 mem 0x0000000080031f50
core   0: 0x000000008000ff50 (0x00178713) addi    a4, a5, 1
core   0: 3 0x000000008000ff50 (0x00178713) x14 0x000000008001204a
core   0: 0x000000008000ff54 (0xfee43023) sd      a4, -32(s0)
core   0: 3 0x000000008000ff54 (0xfee43023) mem 0x0000000080031f50 0x000000008001204a
core   0: 0x000000008000ff58 (0xfc442703) lw      a4, -60(s0)
core   0: 3 0x000000008000ff58 (0xfc442703) x14 0x0000000000000000 mem 0x0000000080031f34
core   0: 0x000000008000ff5c (0x0ff77713) andi    a4, a4, 255
core   0: 3 0x000000008000ff5c (0x0ff77713) x14 0x0000000000000000
core   0: 0x000000008000ff60 (0x00e78023) sb      a4, 0(a5)
core   0: 3 0x000000008000ff60 (0x00e78023) mem 0x0000000080012049 0x00
core   0: 0x000000008000ff64 (0xfc843703) ld      a4, -56(s0)
core   0: 3 0x000000008000ff64 (0xfc843703) x14 0x0000000080012040 mem 0x0000000080031f38
core   0: 0x000000008000ff68 (0xfb843783) ld      a5, -72(s0)
core   0: 3 0x000000008000ff68 (0xfb843783) x15 0x000000000000009c mem 0x0000000080031f28
core   0: 0x000000008000ff6c (0x000097ba) c.add   a5, a4
core   0: 3 0x000000008000ff6c (0x97ba) x15 0x00000000800120dc
core   0: 0x000000008000ff6e (0xfe043703) ld      a4, -32(s0)
core   0: 3 0x000000008000ff6e (0xfe043703) x14 0x000000008001204a mem 0x0000000080031f50
core   0: 0x000000008000ff72 (0xfcf76de3) bltu    a4, a5, pc - 38
core   0: 3 0x000000008000ff72 (0xfcf76de3)
core   0: 0x000000008000ff4c (0xfe043783) ld      a5, -32(s0)
core   0: 3 0x000000008000ff4c (0xfe043783) x15 0x000000008001204a mem 0x0000000080031f50
core   0: 0x000000008000ff50 (0x00178713) addi    a4, a5, 1
core   0: 3 0x000000008000ff50 (0x00178713) x14 0x000000008001204b
core   0: 0x000000008000ff54 (0xfee43023) sd      a4, -32(s0)
core   0: 3 0x000000008000ff54 (0xfee43023) mem 0x0000000080031f50 0x000000008001204b
core   0: 0x000000008000ff58 (0xfc442703) lw      a4, -60(s0)
core   0: 3 0x000000008000ff58 (0xfc442703) x14 0x0000000000000000 mem 0x0000000080031f34
core   0: 0x000000008000ff5c (0x0ff77713) andi    a4, a4, 255
core   0: 3 0x000000008000ff5c (0x0ff77713) x14 0x0000000000000000
core   0: 0x000000008000ff60 (0x00e78023) sb      a4, 0(a5)
core   0: 3 0x000000008000ff60 (0x00e78023) mem 0x000000008001204a 0x00
core   0: 0x000000008000ff64 (0xfc843703) ld      a4, -56(s0)
core   0: 3 0x000000008000ff64 (0xfc843703) x14 0x0000000080012040 mem 0x0000000080031f38
core   0: 0x000000008000ff68 (0xfb843783) ld      a5, -72(s0)
core   0: 3 0x000000008000ff68 (0xfb843783) x15 0x000000000000009c mem 0x0000000080031f28
core   0: 0x000000008000ff6c (0x000097ba) c.add   a5, a4
core   0: 3 0x000000008000ff6c (0x97ba) x15 0x00000000800120dc
core   0: 0x000000008000ff6e (0xfe043703) ld      a4, -32(s0)
core   0: 3 0x000000008000ff6e (0xfe043703) x14 0x000000008001204b mem 0x0000000080031f50
core   0: 0x000000008000ff72 (0xfcf76de3) bltu    a4, a5, pc - 38
core   0: 3 0x000000008000ff72 (0xfcf76de3)
core   0: 0x000000008000ff4c (0xfe043783) ld      a5, -32(s0)
core   0: 3 0x000000008000ff4c (0xfe043783) x15 0x000000008001204b mem 0x0000000080031f50
core   0: 0x000000008000ff50 (0x00178713) addi    a4, a5, 1
core   0: 3 0x000000008000ff50 (0x00178713) x14 0x000000008001204c
core   0: 0x000000008000ff54 (0xfee43023) sd      a4, -32(s0)
core   0: 3 0x000000008000ff54 (0xfee43023) mem 0x0000000080031f50 0x000000008001204c
core   0: 0x000000008000ff58 (0xfc442703) lw      a4, -60(s0)
core   0: 3 0x000000008000ff58 (0xfc442703) x14 0x0000000000000000 mem 0x0000000080031f34
core   0: 0x000000008000ff5c (0x0ff77713) andi    a4, a4, 255
core   0: 3 0x000000008000ff5c (0x0ff77713) x14 0x0000000000000000
core   0: 0x000000008000ff60 (0x00e78023) sb      a4, 0(a5)
core   0: 3 0x000000008000ff60 (0x00e78023) mem 0x000000008001204b 0x00
core   0: 0x000000008000ff64 (0xfc843703) ld      a4, -56(s0)
core   0: 3 0x000000008000ff64 (0xfc843703) x14 0x0000000080012040 mem 0x0000000080031f38
core   0: 0x000000008000ff68 (0xfb843783) ld      a5, -72(s0)
core   0: 3 0x000000008000ff68 (0xfb843783) x15 0x000000000000009c mem 0x0000000080031f28
core   0: 0x000000008000ff6c (0x000097ba) c.add   a5, a4
core   0: 3 0x000000008000ff6c (0x97ba) x15 0x00000000800120dc
core   0: 0x000000008000ff6e (0xfe043703) ld      a4, -32(s0)
core   0: 3 0x000000008000ff6e (0xfe043703) x14 0x000000008001204c mem 0x0000000080031f50
core   0: 0x000000008000ff72 (0xfcf76de3) bltu    a4, a5, pc - 38
core   0: 3 0x000000008000ff72 (0xfcf76de3)
core   0: 0x000000008000ff4c (0xfe043783) ld      a5, -32(s0)
core   0: 3 0x000000008000ff4c (0xfe043783) x15 0x000000008001204c mem 0x0000000080031f50
core   0: 0x000000008000ff50 (0x00178713) addi    a4, a5, 1
core   0: 3 0x000000008000ff50 (0x00178713) x14 0x000000008001204d
core   0: 0x000000008000ff54 (0xfee43023) sd      a4, -32(s0)
core   0: 3 0x000000008000ff54 (0xfee43023) mem 0x0000000080031f50 0x000000008001204d
core   0: 0x000000008000ff58 (0xfc442703) lw      a4, -60(s0)
core   0: 3 0x000000008000ff58 (0xfc442703) x14 0x0000000000000000 mem 0x0000000080031f34
core   0: 0x000000008000ff5c (0x0ff77713) andi    a4, a4, 255
core   0: 3 0x000000008000ff5c (0x0ff77713) x14 0x0000000000000000
core   0: 0x000000008000ff60 (0x00e78023) sb      a4, 0(a5)
core   0: 3 0x000000008000ff60 (0x00e78023) mem 0x000000008001204c 0x00
core   0: 0x000000008000ff64 (0xfc843703) ld      a4, -56(s0)
core   0: 3 0x000000008000ff64 (0xfc843703) x14 0x0000000080012040 mem 0x0000000080031f38
core   0: 0x000000008000ff68 (0xfb843783) ld      a5, -72(s0)
core   0: 3 0x000000008000ff68 (0xfb843783) x15 0x000000000000009c mem 0x0000000080031f28
core   0: 0x000000008000ff6c (0x000097ba) c.add   a5, a4
core   0: 3 0x000000008000ff6c (0x97ba) x15 0x00000000800120dc
core   0: 0x000000008000ff6e (0xfe043703) ld      a4, -32(s0)
core   0: 3 0x000000008000ff6e (0xfe043703) x14 0x000000008001204d mem 0x0000000080031f50
core   0: 0x000000008000ff72 (0xfcf76de3) bltu    a4, a5, pc - 38
core   0: 3 0x000000008000ff72 (0xfcf76de3)
core   0: 0x000000008000ff4c (0xfe043783) ld      a5, -32(s0)
core   0: 3 0x000000008000ff4c (0xfe043783) x15 0x000000008001204d mem 0x0000000080031f50
core   0: 0x000000008000ff50 (0x00178713) addi    a4, a5, 1
core   0: 3 0x000000008000ff50 (0x00178713) x14 0x000000008001204e
core   0: 0x000000008000ff54 (0xfee43023) sd      a4, -32(s0)
core   0: 3 0x000000008000ff54 (0xfee43023) mem 0x0000000080031f50 0x000000008001204e
core   0: 0x000000008000ff58 (0xfc442703) lw      a4, -60(s0)
core   0: 3 0x000000008000ff58 (0xfc442703) x14 0x0000000000000000 mem 0x0000000080031f34
core   0: 0x000000008000ff5c (0x0ff77713) andi    a4, a4, 255
core   0: 3 0x000000008000ff5c (0x0ff77713) x14 0x0000000000000000
core   0: 0x000000008000ff60 (0x00e78023) sb      a4, 0(a5)
core   0: 3 0x000000008000ff60 (0x00e78023) mem 0x000000008001204d 0x00
core   0: 0x000000008000ff64 (0xfc843703) ld      a4, -56(s0)
core   0: 3 0x000000008000ff64 (0xfc843703) x14 0x0000000080012040 mem 0x0000000080031f38
core   0: 0x000000008000ff68 (0xfb843783) ld      a5, -72(s0)
core   0: 3 0x000000008000ff68 (0xfb843783) x15 0x000000000000009c mem 0x0000000080031f28
core   0: 0x000000008000ff6c (0x000097ba) c.add   a5, a4
core   0: 3 0x000000008000ff6c (0x97ba) x15 0x00000000800120dc
core   0: 0x000000008000ff6e (0xfe043703) ld      a4, -32(s0)
core   0: 3 0x000000008000ff6e (0xfe043703) x14 0x000000008001204e mem 0x0000000080031f50
core   0: 0x000000008000ff72 (0xfcf76de3) bltu    a4, a5, pc - 38
core   0: 3 0x000000008000ff72 (0xfcf76de3)
core   0: 0x000000008000ff4c (0xfe043783) ld      a5, -32(s0)
core   0: 3 0x000000008000ff4c (0xfe043783) x15 0x000000008001204e mem 0x0000000080031f50
core   0: 0x000000008000ff50 (0x00178713) addi    a4, a5, 1
core   0: 3 0x000000008000ff50 (0x00178713) x14 0x000000008001204f
core   0: 0x000000008000ff54 (0xfee43023) sd      a4, -32(s0)
core   0: 3 0x000000008000ff54 (0xfee43023) mem 0x0000000080031f50 0x000000008001204f
core   0: 0x000000008000ff58 (0xfc442703) lw      a4, -60(s0)
core   0: 3 0x000000008000ff58 (0xfc442703) x14 0x0000000000000000 mem 0x0000000080031f34
core   0: 0x000000008000ff5c (0x0ff77713) andi    a4, a4, 255
core   0: 3 0x000000008000ff5c (0x0ff77713) x14 0x0000000000000000
core   0: 0x000000008000ff60 (0x00e78023) sb      a4, 0(a5)
core   0: 3 0x000000008000ff60 (0x00e78023) mem 0x000000008001204e 0x00
core   0: 0x000000008000ff64 (0xfc843703) ld      a4, -56(s0)
core   0: 3 0x000000008000ff64 (0xfc843703) x14 0x0000000080012040 mem 0x0000000080031f38
core   0: 0x000000008000ff68 (0xfb843783) ld      a5, -72(s0)
core   0: 3 0x000000008000ff68 (0xfb843783) x15 0x000000000000009c mem 0x0000000080031f28
core   0: 0x000000008000ff6c (0x000097ba) c.add   a5, a4
core   0: 3 0x000000008000ff6c (0x97ba) x15 0x00000000800120dc
core   0: 0x000000008000ff6e (0xfe043703) ld      a4, -32(s0)
core   0: 3 0x000000008000ff6e (0xfe043703) x14 0x000000008001204f mem 0x0000000080031f50
core   0: 0x000000008000ff72 (0xfcf76de3) bltu    a4, a5, pc - 38
core   0: 3 0x000000008000ff72 (0xfcf76de3)
core   0: 0x000000008000ff4c (0xfe043783) ld      a5, -32(s0)
core   0: 3 0x000000008000ff4c (0xfe043783) x15 0x000000008001204f mem 0x0000000080031f50
core   0: 0x000000008000ff50 (0x00178713) addi    a4, a5, 1
core   0: 3 0x000000008000ff50 (0x00178713) x14 0x0000000080012050
core   0: 0x000000008000ff54 (0xfee43023) sd      a4, -32(s0)
core   0: 3 0x000000008000ff54 (0xfee43023) mem 0x0000000080031f50 0x0000000080012050
core   0: 0x000000008000ff58 (0xfc442703) lw      a4, -60(s0)
core   0: 3 0x000000008000ff58 (0xfc442703) x14 0x0000000000000000 mem 0x0000000080031f34
core   0: 0x000000008000ff5c (0x0ff77713) andi    a4, a4, 255
core   0: 3 0x000000008000ff5c (0x0ff77713) x14 0x0000000000000000
core   0: 0x000000008000ff60 (0x00e78023) sb      a4, 0(a5)
core   0: 3 0x000000008000ff60 (0x00e78023) mem 0x000000008001204f 0x00
core   0: 0x000000008000ff64 (0xfc843703) ld      a4, -56(s0)
core   0: 3 0x000000008000ff64 (0xfc843703) x14 0x0000000080012040 mem 0x0000000080031f38
core   0: 0x000000008000ff68 (0xfb843783) ld      a5, -72(s0)
core   0: 3 0x000000008000ff68 (0xfb843783) x15 0x000000000000009c mem 0x0000000080031f28
core   0: 0x000000008000ff6c (0x000097ba) c.add   a5, a4
core   0: 3 0x000000008000ff6c (0x97ba) x15 0x00000000800120dc
core   0: 0x000000008000ff6e (0xfe043703) ld      a4, -32(s0)
core   0: 3 0x000000008000ff6e (0xfe043703) x14 0x0000000080012050 mem 0x0000000080031f50
core   0: 0x000000008000ff72 (0xfcf76de3) bltu    a4, a5, pc - 38
core   0: 3 0x000000008000ff72 (0xfcf76de3)
core   0: 0x000000008000ff4c (0xfe043783) ld      a5, -32(s0)
core   0: 3 0x000000008000ff4c (0xfe043783) x15 0x0000000080012050 mem 0x0000000080031f50
core   0: 0x000000008000ff50 (0x00178713) addi    a4, a5, 1
core   0: 3 0x000000008000ff50 (0x00178713) x14 0x0000000080012051
core   0: 0x000000008000ff54 (0xfee43023) sd      a4, -32(s0)
core   0: 3 0x000000008000ff54 (0xfee43023) mem 0x0000000080031f50 0x0000000080012051
core   0: 0x000000008000ff58 (0xfc442703) lw      a4, -60(s0)
core   0: 3 0x000000008000ff58 (0xfc442703) x14 0x0000000000000000 mem 0x0000000080031f34
core   0: 0x000000008000ff5c (0x0ff77713) andi    a4, a4, 255
core   0: 3 0x000000008000ff5c (0x0ff77713) x14 0x0000000000000000
core   0: 0x000000008000ff60 (0x00e78023) sb      a4, 0(a5)
core   0: 3 0x000000008000ff60 (0x00e78023) mem 0x0000000080012050 0x00
core   0: 0x000000008000ff64 (0xfc843703) ld      a4, -56(s0)
core   0: 3 0x000000008000ff64 (0xfc843703) x14 0x0000000080012040 mem 0x0000000080031f38
core   0: 0x000000008000ff68 (0xfb843783) ld      a5, -72(s0)
core   0: 3 0x000000008000ff68 (0xfb843783) x15 0x000000000000009c mem 0x0000000080031f28
core   0: 0x000000008000ff6c (0x000097ba) c.add   a5, a4
core   0: 3 0x000000008000ff6c (0x97ba) x15 0x00000000800120dc
core   0: 0x000000008000ff6e (0xfe043703) ld      a4, -32(s0)
core   0: 3 0x000000008000ff6e (0xfe043703) x14 0x0000000080012051 mem 0x0000000080031f50
core   0: 0x000000008000ff72 (0xfcf76de3) bltu    a4, a5, pc - 38
core   0: 3 0x000000008000ff72 (0xfcf76de3)
core   0: 0x000000008000ff4c (0xfe043783) ld      a5, -32(s0)
core   0: 3 0x000000008000ff4c (0xfe043783) x15 0x0000000080012051 mem 0x0000000080031f50
core   0: 0x000000008000ff50 (0x00178713) addi    a4, a5, 1
core   0: 3 0x000000008000ff50 (0x00178713) x14 0x0000000080012052
core   0: 0x000000008000ff54 (0xfee43023) sd      a4, -32(s0)
core   0: 3 0x000000008000ff54 (0xfee43023) mem 0x0000000080031f50 0x0000000080012052
core   0: 0x000000008000ff58 (0xfc442703) lw      a4, -60(s0)
core   0: 3 0x000000008000ff58 (0xfc442703) x14 0x0000000000000000 mem 0x0000000080031f34
core   0: 0x000000008000ff5c (0x0ff77713) andi    a4, a4, 255
core   0: 3 0x000000008000ff5c (0x0ff77713) x14 0x0000000000000000
core   0: 0x000000008000ff60 (0x00e78023) sb      a4, 0(a5)
core   0: 3 0x000000008000ff60 (0x00e78023) mem 0x0000000080012051 0x00
core   0: 0x000000008000ff64 (0xfc843703) ld      a4, -56(s0)
core   0: 3 0x000000008000ff64 (0xfc843703) x14 0x0000000080012040 mem 0x0000000080031f38
core   0: 0x000000008000ff68 (0xfb843783) ld      a5, -72(s0)
core   0: 3 0x000000008000ff68 (0xfb843783) x15 0x000000000000009c mem 0x0000000080031f28
core   0: 0x000000008000ff6c (0x000097ba) c.add   a5, a4
core   0: 3 0x000000008000ff6c (0x97ba) x15 0x00000000800120dc
core   0: 0x000000008000ff6e (0xfe043703) ld      a4, -32(s0)
core   0: 3 0x000000008000ff6e (0xfe043703) x14 0x0000000080012052 mem 0x0000000080031f50
core   0: 0x000000008000ff72 (0xfcf76de3) bltu    a4, a5, pc - 38
core   0: 3 0x000000008000ff72 (0xfcf76de3)
core   0: 0x000000008000ff4c (0xfe043783) ld      a5, -32(s0)
core   0: 3 0x000000008000ff4c (0xfe043783) x15 0x0000000080012052 mem 0x0000000080031f50
core   0: 0x000000008000ff50 (0x00178713) addi    a4, a5, 1
core   0: 3 0x000000008000ff50 (0x00178713) x14 0x0000000080012053
core   0: 0x000000008000ff54 (0xfee43023) sd      a4, -32(s0)
core   0: 3 0x000000008000ff54 (0xfee43023) mem 0x0000000080031f50 0x0000000080012053
core   0: 0x000000008000ff58 (0xfc442703) lw      a4, -60(s0)
core   0: 3 0x000000008000ff58 (0xfc442703) x14 0x0000000000000000 mem 0x0000000080031f34
core   0: 0x000000008000ff5c (0x0ff77713) andi    a4, a4, 255
core   0: 3 0x000000008000ff5c (0x0ff77713) x14 0x0000000000000000
core   0: 0x000000008000ff60 (0x00e78023) sb      a4, 0(a5)
core   0: 3 0x000000008000ff60 (0x00e78023) mem 0x0000000080012052 0x00
core   0: 0x000000008000ff64 (0xfc843703) ld      a4, -56(s0)
core   0: 3 0x000000008000ff64 (0xfc843703) x14 0x0000000080012040 mem 0x0000000080031f38
core   0: 0x000000008000ff68 (0xfb843783) ld      a5, -72(s0)
core   0: 3 0x000000008000ff68 (0xfb843783) x15 0x000000000000009c mem 0x0000000080031f28
core   0: 0x000000008000ff6c (0x000097ba) c.add   a5, a4
core   0: 3 0x000000008000ff6c (0x97ba) x15 0x00000000800120dc
core   0: 0x000000008000ff6e (0xfe043703) ld      a4, -32(s0)
core   0: 3 0x000000008000ff6e (0xfe043703) x14 0x0000000080012053 mem 0x0000000080031f50
core   0: 0x000000008000ff72 (0xfcf76de3) bltu    a4, a5, pc - 38
core   0: 3 0x000000008000ff72 (0xfcf76de3)
core   0: 0x000000008000ff4c (0xfe043783) ld      a5, -32(s0)
core   0: 3 0x000000008000ff4c (0xfe043783) x15 0x0000000080012053 mem 0x0000000080031f50
core   0: 0x000000008000ff50 (0x00178713) addi    a4, a5, 1
core   0: 3 0x000000008000ff50 (0x00178713) x14 0x0000000080012054
core   0: 0x000000008000ff54 (0xfee43023) sd      a4, -32(s0)
core   0: 3 0x000000008000ff54 (0xfee43023) mem 0x0000000080031f50 0x0000000080012054
core   0: 0x000000008000ff58 (0xfc442703) lw      a4, -60(s0)
core   0: 3 0x000000008000ff58 (0xfc442703) x14 0x0000000000000000 mem 0x0000000080031f34
core   0: 0x000000008000ff5c (0x0ff77713) andi    a4, a4, 255
core   0: 3 0x000000008000ff5c (0x0ff77713) x14 0x0000000000000000
core   0: 0x000000008000ff60 (0x00e78023) sb      a4, 0(a5)
core   0: 3 0x000000008000ff60 (0x00e78023) mem 0x0000000080012053 0x00
core   0: 0x000000008000ff64 (0xfc843703) ld      a4, -56(s0)
core   0: 3 0x000000008000ff64 (0xfc843703) x14 0x0000000080012040 mem 0x0000000080031f38
core   0: 0x000000008000ff68 (0xfb843783) ld      a5, -72(s0)
core   0: 3 0x000000008000ff68 (0xfb843783) x15 0x000000000000009c mem 0x0000000080031f28
core   0: 0x000000008000ff6c (0x000097ba) c.add   a5, a4
core   0: 3 0x000000008000ff6c (0x97ba) x15 0x00000000800120dc
core   0: 0x000000008000ff6e (0xfe043703) ld      a4, -32(s0)
core   0: 3 0x000000008000ff6e (0xfe043703) x14 0x0000000080012054 mem 0x0000000080031f50
core   0: 0x000000008000ff72 (0xfcf76de3) bltu    a4, a5, pc - 38
core   0: 3 0x000000008000ff72 (0xfcf76de3)
core   0: 0x000000008000ff4c (0xfe043783) ld      a5, -32(s0)
core   0: 3 0x000000008000ff4c (0xfe043783) x15 0x0000000080012054 mem 0x0000000080031f50
core   0: 0x000000008000ff50 (0x00178713) addi    a4, a5, 1
core   0: 3 0x000000008000ff50 (0x00178713) x14 0x0000000080012055
core   0: 0x000000008000ff54 (0xfee43023) sd      a4, -32(s0)
core   0: 3 0x000000008000ff54 (0xfee43023) mem 0x0000000080031f50 0x0000000080012055
core   0: 0x000000008000ff58 (0xfc442703) lw      a4, -60(s0)
core   0: 3 0x000000008000ff58 (0xfc442703) x14 0x0000000000000000 mem 0x0000000080031f34
core   0: 0x000000008000ff5c (0x0ff77713) andi    a4, a4, 255
core   0: 3 0x000000008000ff5c (0x0ff77713) x14 0x0000000000000000
core   0: 0x000000008000ff60 (0x00e78023) sb      a4, 0(a5)
core   0: 3 0x000000008000ff60 (0x00e78023) mem 0x0000000080012054 0x00
core   0: 0x000000008000ff64 (0xfc843703) ld      a4, -56(s0)
core   0: 3 0x000000008000ff64 (0xfc843703) x14 0x0000000080012040 mem 0x0000000080031f38
core   0: 0x000000008000ff68 (0xfb843783) ld      a5, -72(s0)
core   0: 3 0x000000008000ff68 (0xfb843783) x15 0x000000000000009c mem 0x0000000080031f28
core   0: 0x000000008000ff6c (0x000097ba) c.add   a5, a4
core   0: 3 0x000000008000ff6c (0x97ba) x15 0x00000000800120dc
core   0: 0x000000008000ff6e (0xfe043703) ld      a4, -32(s0)
core   0: 3 0x000000008000ff6e (0xfe043703) x14 0x0000000080012055 mem 0x0000000080031f50
core   0: 0x000000008000ff72 (0xfcf76de3) bltu    a4, a5, pc - 38
core   0: 3 0x000000008000ff72 (0xfcf76de3)
core   0: 0x000000008000ff4c (0xfe043783) ld      a5, -32(s0)
core   0: 3 0x000000008000ff4c (0xfe043783) x15 0x0000000080012055 mem 0x0000000080031f50
core   0: 0x000000008000ff50 (0x00178713) addi    a4, a5, 1
core   0: 3 0x000000008000ff50 (0x00178713) x14 0x0000000080012056
core   0: 0x000000008000ff54 (0xfee43023) sd      a4, -32(s0)
core   0: 3 0x000000008000ff54 (0xfee43023) mem 0x0000000080031f50 0x0000000080012056
core   0: 0x000000008000ff58 (0xfc442703) lw      a4, -60(s0)
core   0: 3 0x000000008000ff58 (0xfc442703) x14 0x0000000000000000 mem 0x0000000080031f34
core   0: 0x000000008000ff5c (0x0ff77713) andi    a4, a4, 255
core   0: 3 0x000000008000ff5c (0x0ff77713) x14 0x0000000000000000
core   0: 0x000000008000ff60 (0x00e78023) sb      a4, 0(a5)
core   0: 3 0x000000008000ff60 (0x00e78023) mem 0x0000000080012055 0x00
core   0: 0x000000008000ff64 (0xfc843703) ld      a4, -56(s0)
core   0: 3 0x000000008000ff64 (0xfc843703) x14 0x0000000080012040 mem 0x0000000080031f38
core   0: 0x000000008000ff68 (0xfb843783) ld      a5, -72(s0)
core   0: 3 0x000000008000ff68 (0xfb843783) x15 0x000000000000009c mem 0x0000000080031f28
core   0: 0x000000008000ff6c (0x000097ba) c.add   a5, a4
core   0: 3 0x000000008000ff6c (0x97ba) x15 0x00000000800120dc
core   0: 0x000000008000ff6e (0xfe043703) ld      a4, -32(s0)
core   0: 3 0x000000008000ff6e (0xfe043703) x14 0x0000000080012056 mem 0x0000000080031f50
core   0: 0x000000008000ff72 (0xfcf76de3) bltu    a4, a5, pc - 38
core   0: 3 0x000000008000ff72 (0xfcf76de3)
core   0: 0x000000008000ff4c (0xfe043783) ld      a5, -32(s0)
core   0: 3 0x000000008000ff4c (0xfe043783) x15 0x0000000080012056 mem 0x0000000080031f50
core   0: 0x000000008000ff50 (0x00178713) addi    a4, a5, 1
core   0: 3 0x000000008000ff50 (0x00178713) x14 0x0000000080012057
core   0: 0x000000008000ff54 (0xfee43023) sd      a4, -32(s0)
core   0: 3 0x000000008000ff54 (0xfee43023) mem 0x0000000080031f50 0x0000000080012057
core   0: 0x000000008000ff58 (0xfc442703) lw      a4, -60(s0)
core   0: 3 0x000000008000ff58 (0xfc442703) x14 0x0000000000000000 mem 0x0000000080031f34
core   0: 0x000000008000ff5c (0x0ff77713) andi    a4, a4, 255
core   0: 3 0x000000008000ff5c (0x0ff77713) x14 0x0000000000000000
core   0: 0x000000008000ff60 (0x00e78023) sb      a4, 0(a5)
core   0: 3 0x000000008000ff60 (0x00e78023) mem 0x0000000080012056 0x00
core   0: 0x000000008000ff64 (0xfc843703) ld      a4, -56(s0)
core   0: 3 0x000000008000ff64 (0xfc843703) x14 0x0000000080012040 mem 0x0000000080031f38
core   0: 0x000000008000ff68 (0xfb843783) ld      a5, -72(s0)
core   0: 3 0x000000008000ff68 (0xfb843783) x15 0x000000000000009c mem 0x0000000080031f28
core   0: 0x000000008000ff6c (0x000097ba) c.add   a5, a4
core   0: 3 0x000000008000ff6c (0x97ba) x15 0x00000000800120dc
core   0: 0x000000008000ff6e (0xfe043703) ld      a4, -32(s0)
core   0: 3 0x000000008000ff6e (0xfe043703) x14 0x0000000080012057 mem 0x0000000080031f50
core   0: 0x000000008000ff72 (0xfcf76de3) bltu    a4, a5, pc - 38
core   0: 3 0x000000008000ff72 (0xfcf76de3)
core   0: 0x000000008000ff4c (0xfe043783) ld      a5, -32(s0)
core   0: 3 0x000000008000ff4c (0xfe043783) x15 0x0000000080012057 mem 0x0000000080031f50
core   0: 0x000000008000ff50 (0x00178713) addi    a4, a5, 1
core   0: 3 0x000000008000ff50 (0x00178713) x14 0x0000000080012058
core   0: 0x000000008000ff54 (0xfee43023) sd      a4, -32(s0)
core   0: 3 0x000000008000ff54 (0xfee43023) mem 0x0000000080031f50 0x0000000080012058
core   0: 0x000000008000ff58 (0xfc442703) lw      a4, -60(s0)
core   0: 3 0x000000008000ff58 (0xfc442703) x14 0x0000000000000000 mem 0x0000000080031f34
core   0: 0x000000008000ff5c (0x0ff77713) andi    a4, a4, 255
core   0: 3 0x000000008000ff5c (0x0ff77713) x14 0x0000000000000000
core   0: 0x000000008000ff60 (0x00e78023) sb      a4, 0(a5)
core   0: 3 0x000000008000ff60 (0x00e78023) mem 0x0000000080012057 0x00
core   0: 0x000000008000ff64 (0xfc843703) ld      a4, -56(s0)
core   0: 3 0x000000008000ff64 (0xfc843703) x14 0x0000000080012040 mem 0x0000000080031f38
core   0: 0x000000008000ff68 (0xfb843783) ld      a5, -72(s0)
core   0: 3 0x000000008000ff68 (0xfb843783) x15 0x000000000000009c mem 0x0000000080031f28
core   0: 0x000000008000ff6c (0x000097ba) c.add   a5, a4
core   0: 3 0x000000008000ff6c (0x97ba) x15 0x00000000800120dc
core   0: 0x000000008000ff6e (0xfe043703) ld      a4, -32(s0)
core   0: 3 0x000000008000ff6e (0xfe043703) x14 0x0000000080012058 mem 0x0000000080031f50
core   0: 0x000000008000ff72 (0xfcf76de3) bltu    a4, a5, pc - 38
core   0: 3 0x000000008000ff72 (0xfcf76de3)
core   0: 0x000000008000ff4c (0xfe043783) ld      a5, -32(s0)
core   0: 3 0x000000008000ff4c (0xfe043783) x15 0x0000000080012058 mem 0x0000000080031f50
core   0: 0x000000008000ff50 (0x00178713) addi    a4, a5, 1
core   0: 3 0x000000008000ff50 (0x00178713) x14 0x0000000080012059
core   0: 0x000000008000ff54 (0xfee43023) sd      a4, -32(s0)
core   0: 3 0x000000008000ff54 (0xfee43023) mem 0x0000000080031f50 0x0000000080012059
core   0: 0x000000008000ff58 (0xfc442703) lw      a4, -60(s0)
core   0: 3 0x000000008000ff58 (0xfc442703) x14 0x0000000000000000 mem 0x0000000080031f34
core   0: 0x000000008000ff5c (0x0ff77713) andi    a4, a4, 255
core   0: 3 0x000000008000ff5c (0x0ff77713) x14 0x0000000000000000
core   0: 0x000000008000ff60 (0x00e78023) sb      a4, 0(a5)
core   0: 3 0x000000008000ff60 (0x00e78023) mem 0x0000000080012058 0x00
core   0: 0x000000008000ff64 (0xfc843703) ld      a4, -56(s0)
core   0: 3 0x000000008000ff64 (0xfc843703) x14 0x0000000080012040 mem 0x0000000080031f38
core   0: 0x000000008000ff68 (0xfb843783) ld      a5, -72(s0)
core   0: 3 0x000000008000ff68 (0xfb843783) x15 0x000000000000009c mem 0x0000000080031f28
core   0: 0x000000008000ff6c (0x000097ba) c.add   a5, a4
core   0: 3 0x000000008000ff6c (0x97ba) x15 0x00000000800120dc
core   0: 0x000000008000ff6e (0xfe043703) ld      a4, -32(s0)
core   0: 3 0x000000008000ff6e (0xfe043703) x14 0x0000000080012059 mem 0x0000000080031f50
core   0: 0x000000008000ff72 (0xfcf76de3) bltu    a4, a5, pc - 38
core   0: 3 0x000000008000ff72 (0xfcf76de3)
core   0: 0x000000008000ff4c (0xfe043783) ld      a5, -32(s0)
core   0: 3 0x000000008000ff4c (0xfe043783) x15 0x0000000080012059 mem 0x0000000080031f50
core   0: 0x000000008000ff50 (0x00178713) addi    a4, a5, 1
core   0: 3 0x000000008000ff50 (0x00178713) x14 0x000000008001205a
core   0: 0x000000008000ff54 (0xfee43023) sd      a4, -32(s0)
core   0: 3 0x000000008000ff54 (0xfee43023) mem 0x0000000080031f50 0x000000008001205a
core   0: 0x000000008000ff58 (0xfc442703) lw      a4, -60(s0)
core   0: 3 0x000000008000ff58 (0xfc442703) x14 0x0000000000000000 mem 0x0000000080031f34
core   0: 0x000000008000ff5c (0x0ff77713) andi    a4, a4, 255
core   0: 3 0x000000008000ff5c (0x0ff77713) x14 0x0000000000000000
core   0: 0x000000008000ff60 (0x00e78023) sb      a4, 0(a5)
core   0: 3 0x000000008000ff60 (0x00e78023) mem 0x0000000080012059 0x00
core   0: 0x000000008000ff64 (0xfc843703) ld      a4, -56(s0)
core   0: 3 0x000000008000ff64 (0xfc843703) x14 0x0000000080012040 mem 0x0000000080031f38
core   0: 0x000000008000ff68 (0xfb843783) ld      a5, -72(s0)
core   0: 3 0x000000008000ff68 (0xfb843783) x15 0x000000000000009c mem 0x0000000080031f28
core   0: 0x000000008000ff6c (0x000097ba) c.add   a5, a4
core   0: 3 0x000000008000ff6c (0x97ba) x15 0x00000000800120dc
core   0: 0x000000008000ff6e (0xfe043703) ld      a4, -32(s0)
core   0: 3 0x000000008000ff6e (0xfe043703) x14 0x000000008001205a mem 0x0000000080031f50
core   0: 0x000000008000ff72 (0xfcf76de3) bltu    a4, a5, pc - 38
core   0: 3 0x000000008000ff72 (0xfcf76de3)
core   0: 0x000000008000ff4c (0xfe043783) ld      a5, -32(s0)
core   0: 3 0x000000008000ff4c (0xfe043783) x15 0x000000008001205a mem 0x0000000080031f50
core   0: 0x000000008000ff50 (0x00178713) addi    a4, a5, 1
core   0: 3 0x000000008000ff50 (0x00178713) x14 0x000000008001205b
core   0: 0x000000008000ff54 (0xfee43023) sd      a4, -32(s0)
core   0: 3 0x000000008000ff54 (0xfee43023) mem 0x0000000080031f50 0x000000008001205b
core   0: 0x000000008000ff58 (0xfc442703) lw      a4, -60(s0)
core   0: 3 0x000000008000ff58 (0xfc442703) x14 0x0000000000000000 mem 0x0000000080031f34
core   0: 0x000000008000ff5c (0x0ff77713) andi    a4, a4, 255
core   0: 3 0x000000008000ff5c (0x0ff77713) x14 0x0000000000000000
core   0: 0x000000008000ff60 (0x00e78023) sb      a4, 0(a5)
core   0: 3 0x000000008000ff60 (0x00e78023) mem 0x000000008001205a 0x00
core   0: 0x000000008000ff64 (0xfc843703) ld      a4, -56(s0)
core   0: 3 0x000000008000ff64 (0xfc843703) x14 0x0000000080012040 mem 0x0000000080031f38
core   0: 0x000000008000ff68 (0xfb843783) ld      a5, -72(s0)
core   0: 3 0x000000008000ff68 (0xfb843783) x15 0x000000000000009c mem 0x0000000080031f28
core   0: 0x000000008000ff6c (0x000097ba) c.add   a5, a4
core   0: 3 0x000000008000ff6c (0x97ba) x15 0x00000000800120dc
core   0: 0x000000008000ff6e (0xfe043703) ld      a4, -32(s0)
core   0: 3 0x000000008000ff6e (0xfe043703) x14 0x000000008001205b mem 0x0000000080031f50
core   0: 0x000000008000ff72 (0xfcf76de3) bltu    a4, a5, pc - 38
core   0: 3 0x000000008000ff72 (0xfcf76de3)
core   0: 0x000000008000ff4c (0xfe043783) ld      a5, -32(s0)
core   0: 3 0x000000008000ff4c (0xfe043783) x15 0x000000008001205b mem 0x0000000080031f50
core   0: 0x000000008000ff50 (0x00178713) addi    a4, a5, 1
core   0: 3 0x000000008000ff50 (0x00178713) x14 0x000000008001205c
core   0: 0x000000008000ff54 (0xfee43023) sd      a4, -32(s0)
core   0: 3 0x000000008000ff54 (0xfee43023) mem 0x0000000080031f50 0x000000008001205c
core   0: 0x000000008000ff58 (0xfc442703) lw      a4, -60(s0)
core   0: 3 0x000000008000ff58 (0xfc442703) x14 0x0000000000000000 mem 0x0000000080031f34
core   0: 0x000000008000ff5c (0x0ff77713) andi    a4, a4, 255
core   0: 3 0x000000008000ff5c (0x0ff77713) x14 0x0000000000000000
core   0: 0x000000008000ff60 (0x00e78023) sb      a4, 0(a5)
core   0: 3 0x000000008000ff60 (0x00e78023) mem 0x000000008001205b 0x00
core   0: 0x000000008000ff64 (0xfc843703) ld      a4, -56(s0)
core   0: 3 0x000000008000ff64 (0xfc843703) x14 0x0000000080012040 mem 0x0000000080031f38
core   0: 0x000000008000ff68 (0xfb843783) ld      a5, -72(s0)
core   0: 3 0x000000008000ff68 (0xfb843783) x15 0x000000000000009c mem 0x0000000080031f28
core   0: 0x000000008000ff6c (0x000097ba) c.add   a5, a4
core   0: 3 0x000000008000ff6c (0x97ba) x15 0x00000000800120dc
core   0: 0x000000008000ff6e (0xfe043703) ld      a4, -32(s0)
core   0: 3 0x000000008000ff6e (0xfe043703) x14 0x000000008001205c mem 0x0000000080031f50
core   0: 0x000000008000ff72 (0xfcf76de3) bltu    a4, a5, pc - 38
core   0: 3 0x000000008000ff72 (0xfcf76de3)
core   0: 0x000000008000ff4c (0xfe043783) ld      a5, -32(s0)
core   0: 3 0x000000008000ff4c (0xfe043783) x15 0x000000008001205c mem 0x0000000080031f50
core   0: 0x000000008000ff50 (0x00178713) addi    a4, a5, 1
core   0: 3 0x000000008000ff50 (0x00178713) x14 0x000000008001205d
core   0: 0x000000008000ff54 (0xfee43023) sd      a4, -32(s0)
core   0: 3 0x000000008000ff54 (0xfee43023) mem 0x0000000080031f50 0x000000008001205d
core   0: 0x000000008000ff58 (0xfc442703) lw      a4, -60(s0)
core   0: 3 0x000000008000ff58 (0xfc442703) x14 0x0000000000000000 mem 0x0000000080031f34
core   0: 0x000000008000ff5c (0x0ff77713) andi    a4, a4, 255
core   0: 3 0x000000008000ff5c (0x0ff77713) x14 0x0000000000000000
core   0: 0x000000008000ff60 (0x00e78023) sb      a4, 0(a5)
core   0: 3 0x000000008000ff60 (0x00e78023) mem 0x000000008001205c 0x00
core   0: 0x000000008000ff64 (0xfc843703) ld      a4, -56(s0)
core   0: 3 0x000000008000ff64 (0xfc843703) x14 0x0000000080012040 mem 0x0000000080031f38
core   0: 0x000000008000ff68 (0xfb843783) ld      a5, -72(s0)
core   0: 3 0x000000008000ff68 (0xfb843783) x15 0x000000000000009c mem 0x0000000080031f28
core   0: 0x000000008000ff6c (0x000097ba) c.add   a5, a4
core   0: 3 0x000000008000ff6c (0x97ba) x15 0x00000000800120dc
core   0: 0x000000008000ff6e (0xfe043703) ld      a4, -32(s0)
core   0: 3 0x000000008000ff6e (0xfe043703) x14 0x000000008001205d mem 0x0000000080031f50
core   0: 0x000000008000ff72 (0xfcf76de3) bltu    a4, a5, pc - 38
core   0: 3 0x000000008000ff72 (0xfcf76de3)
core   0: 0x000000008000ff4c (0xfe043783) ld      a5, -32(s0)
core   0: 3 0x000000008000ff4c (0xfe043783) x15 0x000000008001205d mem 0x0000000080031f50
core   0: 0x000000008000ff50 (0x00178713) addi    a4, a5, 1
core   0: 3 0x000000008000ff50 (0x00178713) x14 0x000000008001205e
core   0: 0x000000008000ff54 (0xfee43023) sd      a4, -32(s0)
core   0: 3 0x000000008000ff54 (0xfee43023) mem 0x0000000080031f50 0x000000008001205e
core   0: 0x000000008000ff58 (0xfc442703) lw      a4, -60(s0)
core   0: 3 0x000000008000ff58 (0xfc442703) x14 0x0000000000000000 mem 0x0000000080031f34
core   0: 0x000000008000ff5c (0x0ff77713) andi    a4, a4, 255
core   0: 3 0x000000008000ff5c (0x0ff77713) x14 0x0000000000000000
core   0: 0x000000008000ff60 (0x00e78023) sb      a4, 0(a5)
core   0: 3 0x000000008000ff60 (0x00e78023) mem 0x000000008001205d 0x00
core   0: 0x000000008000ff64 (0xfc843703) ld      a4, -56(s0)
core   0: 3 0x000000008000ff64 (0xfc843703) x14 0x0000000080012040 mem 0x0000000080031f38
core   0: 0x000000008000ff68 (0xfb843783) ld      a5, -72(s0)
core   0: 3 0x000000008000ff68 (0xfb843783) x15 0x000000000000009c mem 0x0000000080031f28
core   0: 0x000000008000ff6c (0x000097ba) c.add   a5, a4
core   0: 3 0x000000008000ff6c (0x97ba) x15 0x00000000800120dc
core   0: 0x000000008000ff6e (0xfe043703) ld      a4, -32(s0)
core   0: 3 0x000000008000ff6e (0xfe043703) x14 0x000000008001205e mem 0x0000000080031f50
core   0: 0x000000008000ff72 (0xfcf76de3) bltu    a4, a5, pc - 38
core   0: 3 0x000000008000ff72 (0xfcf76de3)
core   0: 0x000000008000ff4c (0xfe043783) ld      a5, -32(s0)
core   0: 3 0x000000008000ff4c (0xfe043783) x15 0x000000008001205e mem 0x0000000080031f50
core   0: 0x000000008000ff50 (0x00178713) addi    a4, a5, 1
core   0: 3 0x000000008000ff50 (0x00178713) x14 0x000000008001205f
core   0: 0x000000008000ff54 (0xfee43023) sd      a4, -32(s0)
core   0: 3 0x000000008000ff54 (0xfee43023) mem 0x0000000080031f50 0x000000008001205f
core   0: 0x000000008000ff58 (0xfc442703) lw      a4, -60(s0)
core   0: 3 0x000000008000ff58 (0xfc442703) x14 0x0000000000000000 mem 0x0000000080031f34
core   0: 0x000000008000ff5c (0x0ff77713) andi    a4, a4, 255
core   0: 3 0x000000008000ff5c (0x0ff77713) x14 0x0000000000000000
core   0: 0x000000008000ff60 (0x00e78023) sb      a4, 0(a5)
core   0: 3 0x000000008000ff60 (0x00e78023) mem 0x000000008001205e 0x00
core   0: 0x000000008000ff64 (0xfc843703) ld      a4, -56(s0)
core   0: 3 0x000000008000ff64 (0xfc843703) x14 0x0000000080012040 mem 0x0000000080031f38
core   0: 0x000000008000ff68 (0xfb843783) ld      a5, -72(s0)
core   0: 3 0x000000008000ff68 (0xfb843783) x15 0x000000000000009c mem 0x0000000080031f28
core   0: 0x000000008000ff6c (0x000097ba) c.add   a5, a4
core   0: 3 0x000000008000ff6c (0x97ba) x15 0x00000000800120dc
core   0: 0x000000008000ff6e (0xfe043703) ld      a4, -32(s0)
core   0: 3 0x000000008000ff6e (0xfe043703) x14 0x000000008001205f mem 0x0000000080031f50
core   0: 0x000000008000ff72 (0xfcf76de3) bltu    a4, a5, pc - 38
core   0: 3 0x000000008000ff72 (0xfcf76de3)
core   0: 0x000000008000ff4c (0xfe043783) ld      a5, -32(s0)
core   0: 3 0x000000008000ff4c (0xfe043783) x15 0x000000008001205f mem 0x0000000080031f50
core   0: 0x000000008000ff50 (0x00178713) addi    a4, a5, 1
core   0: 3 0x000000008000ff50 (0x00178713) x14 0x0000000080012060
core   0: 0x000000008000ff54 (0xfee43023) sd      a4, -32(s0)
core   0: 3 0x000000008000ff54 (0xfee43023) mem 0x0000000080031f50 0x0000000080012060
core   0: 0x000000008000ff58 (0xfc442703) lw      a4, -60(s0)
core   0: 3 0x000000008000ff58 (0xfc442703) x14 0x0000000000000000 mem 0x0000000080031f34
core   0: 0x000000008000ff5c (0x0ff77713) andi    a4, a4, 255
core   0: 3 0x000000008000ff5c (0x0ff77713) x14 0x0000000000000000
core   0: 0x000000008000ff60 (0x00e78023) sb      a4, 0(a5)
core   0: 3 0x000000008000ff60 (0x00e78023) mem 0x000000008001205f 0x00
core   0: 0x000000008000ff64 (0xfc843703) ld      a4, -56(s0)
core   0: 3 0x000000008000ff64 (0xfc843703) x14 0x0000000080012040 mem 0x0000000080031f38
core   0: 0x000000008000ff68 (0xfb843783) ld      a5, -72(s0)
core   0: 3 0x000000008000ff68 (0xfb843783) x15 0x000000000000009c mem 0x0000000080031f28
core   0: 0x000000008000ff6c (0x000097ba) c.add   a5, a4
core   0: 3 0x000000008000ff6c (0x97ba) x15 0x00000000800120dc
core   0: 0x000000008000ff6e (0xfe043703) ld      a4, -32(s0)
core   0: 3 0x000000008000ff6e (0xfe043703) x14 0x0000000080012060 mem 0x0000000080031f50
core   0: 0x000000008000ff72 (0xfcf76de3) bltu    a4, a5, pc - 38
core   0: 3 0x000000008000ff72 (0xfcf76de3)
core   0: 0x000000008000ff4c (0xfe043783) ld      a5, -32(s0)
core   0: 3 0x000000008000ff4c (0xfe043783) x15 0x0000000080012060 mem 0x0000000080031f50
core   0: 0x000000008000ff50 (0x00178713) addi    a4, a5, 1
core   0: 3 0x000000008000ff50 (0x00178713) x14 0x0000000080012061
core   0: 0x000000008000ff54 (0xfee43023) sd      a4, -32(s0)
core   0: 3 0x000000008000ff54 (0xfee43023) mem 0x0000000080031f50 0x0000000080012061
core   0: 0x000000008000ff58 (0xfc442703) lw      a4, -60(s0)
core   0: 3 0x000000008000ff58 (0xfc442703) x14 0x0000000000000000 mem 0x0000000080031f34
core   0: 0x000000008000ff5c (0x0ff77713) andi    a4, a4, 255
core   0: 3 0x000000008000ff5c (0x0ff77713) x14 0x0000000000000000
core   0: 0x000000008000ff60 (0x00e78023) sb      a4, 0(a5)
core   0: 3 0x000000008000ff60 (0x00e78023) mem 0x0000000080012060 0x00
core   0: 0x000000008000ff64 (0xfc843703) ld      a4, -56(s0)
core   0: 3 0x000000008000ff64 (0xfc843703) x14 0x0000000080012040 mem 0x0000000080031f38
core   0: 0x000000008000ff68 (0xfb843783) ld      a5, -72(s0)
core   0: 3 0x000000008000ff68 (0xfb843783) x15 0x000000000000009c mem 0x0000000080031f28
core   0: 0x000000008000ff6c (0x000097ba) c.add   a5, a4
core   0: 3 0x000000008000ff6c (0x97ba) x15 0x00000000800120dc
core   0: 0x000000008000ff6e (0xfe043703) ld      a4, -32(s0)
core   0: 3 0x000000008000ff6e (0xfe043703) x14 0x0000000080012061 mem 0x0000000080031f50
core   0: 0x000000008000ff72 (0xfcf76de3) bltu    a4, a5, pc - 38
core   0: 3 0x000000008000ff72 (0xfcf76de3)
core   0: 0x000000008000ff4c (0xfe043783) ld      a5, -32(s0)
core   0: 3 0x000000008000ff4c (0xfe043783) x15 0x0000000080012061 mem 0x0000000080031f50
core   0: 0x000000008000ff50 (0x00178713) addi    a4, a5, 1
core   0: 3 0x000000008000ff50 (0x00178713) x14 0x0000000080012062
core   0: 0x000000008000ff54 (0xfee43023) sd      a4, -32(s0)
core   0: 3 0x000000008000ff54 (0xfee43023) mem 0x0000000080031f50 0x0000000080012062
core   0: 0x000000008000ff58 (0xfc442703) lw      a4, -60(s0)
core   0: 3 0x000000008000ff58 (0xfc442703) x14 0x0000000000000000 mem 0x0000000080031f34
core   0: 0x000000008000ff5c (0x0ff77713) andi    a4, a4, 255
core   0: 3 0x000000008000ff5c (0x0ff77713) x14 0x0000000000000000
core   0: 0x000000008000ff60 (0x00e78023) sb      a4, 0(a5)
core   0: 3 0x000000008000ff60 (0x00e78023) mem 0x0000000080012061 0x00
core   0: 0x000000008000ff64 (0xfc843703) ld      a4, -56(s0)
core   0: 3 0x000000008000ff64 (0xfc843703) x14 0x0000000080012040 mem 0x0000000080031f38
core   0: 0x000000008000ff68 (0xfb843783) ld      a5, -72(s0)
core   0: 3 0x000000008000ff68 (0xfb843783) x15 0x000000000000009c mem 0x0000000080031f28
core   0: 0x000000008000ff6c (0x000097ba) c.add   a5, a4
core   0: 3 0x000000008000ff6c (0x97ba) x15 0x00000000800120dc
core   0: 0x000000008000ff6e (0xfe043703) ld      a4, -32(s0)
core   0: 3 0x000000008000ff6e (0xfe043703) x14 0x0000000080012062 mem 0x0000000080031f50
core   0: 0x000000008000ff72 (0xfcf76de3) bltu    a4, a5, pc - 38
core   0: 3 0x000000008000ff72 (0xfcf76de3)
core   0: 0x000000008000ff4c (0xfe043783) ld      a5, -32(s0)
core   0: 3 0x000000008000ff4c (0xfe043783) x15 0x0000000080012062 mem 0x0000000080031f50
core   0: 0x000000008000ff50 (0x00178713) addi    a4, a5, 1
core   0: 3 0x000000008000ff50 (0x00178713) x14 0x0000000080012063
core   0: 0x000000008000ff54 (0xfee43023) sd      a4, -32(s0)
core   0: 3 0x000000008000ff54 (0xfee43023) mem 0x0000000080031f50 0x0000000080012063
core   0: 0x000000008000ff58 (0xfc442703) lw      a4, -60(s0)
core   0: 3 0x000000008000ff58 (0xfc442703) x14 0x0000000000000000 mem 0x0000000080031f34
core   0: 0x000000008000ff5c (0x0ff77713) andi    a4, a4, 255
core   0: 3 0x000000008000ff5c (0x0ff77713) x14 0x0000000000000000
core   0: 0x000000008000ff60 (0x00e78023) sb      a4, 0(a5)
core   0: 3 0x000000008000ff60 (0x00e78023) mem 0x0000000080012062 0x00
core   0: 0x000000008000ff64 (0xfc843703) ld      a4, -56(s0)
core   0: 3 0x000000008000ff64 (0xfc843703) x14 0x0000000080012040 mem 0x0000000080031f38
core   0: 0x000000008000ff68 (0xfb843783) ld      a5, -72(s0)
core   0: 3 0x000000008000ff68 (0xfb843783) x15 0x000000000000009c mem 0x0000000080031f28
core   0: 0x000000008000ff6c (0x000097ba) c.add   a5, a4
core   0: 3 0x000000008000ff6c (0x97ba) x15 0x00000000800120dc
core   0: 0x000000008000ff6e (0xfe043703) ld      a4, -32(s0)
core   0: 3 0x000000008000ff6e (0xfe043703) x14 0x0000000080012063 mem 0x0000000080031f50
core   0: 0x000000008000ff72 (0xfcf76de3) bltu    a4, a5, pc - 38
core   0: 3 0x000000008000ff72 (0xfcf76de3)
core   0: 0x000000008000ff4c (0xfe043783) ld      a5, -32(s0)
core   0: 3 0x000000008000ff4c (0xfe043783) x15 0x0000000080012063 mem 0x0000000080031f50
core   0: 0x000000008000ff50 (0x00178713) addi    a4, a5, 1
core   0: 3 0x000000008000ff50 (0x00178713) x14 0x0000000080012064
core   0: 0x000000008000ff54 (0xfee43023) sd      a4, -32(s0)
core   0: 3 0x000000008000ff54 (0xfee43023) mem 0x0000000080031f50 0x0000000080012064
core   0: 0x000000008000ff58 (0xfc442703) lw      a4, -60(s0)
core   0: 3 0x000000008000ff58 (0xfc442703) x14 0x0000000000000000 mem 0x0000000080031f34
core   0: 0x000000008000ff5c (0x0ff77713) andi    a4, a4, 255
core   0: 3 0x000000008000ff5c (0x0ff77713) x14 0x0000000000000000
core   0: 0x000000008000ff60 (0x00e78023) sb      a4, 0(a5)
core   0: 3 0x000000008000ff60 (0x00e78023) mem 0x0000000080012063 0x00
core   0: 0x000000008000ff64 (0xfc843703) ld      a4, -56(s0)
core   0: 3 0x000000008000ff64 (0xfc843703) x14 0x0000000080012040 mem 0x0000000080031f38
core   0: 0x000000008000ff68 (0xfb843783) ld      a5, -72(s0)
core   0: 3 0x000000008000ff68 (0xfb843783) x15 0x000000000000009c mem 0x0000000080031f28
core   0: 0x000000008000ff6c (0x000097ba) c.add   a5, a4
core   0: 3 0x000000008000ff6c (0x97ba) x15 0x00000000800120dc
core   0: 0x000000008000ff6e (0xfe043703) ld      a4, -32(s0)
core   0: 3 0x000000008000ff6e (0xfe043703) x14 0x0000000080012064 mem 0x0000000080031f50
core   0: 0x000000008000ff72 (0xfcf76de3) bltu    a4, a5, pc - 38
core   0: 3 0x000000008000ff72 (0xfcf76de3)
core   0: 0x000000008000ff4c (0xfe043783) ld      a5, -32(s0)
core   0: 3 0x000000008000ff4c (0xfe043783) x15 0x0000000080012064 mem 0x0000000080031f50
core   0: 0x000000008000ff50 (0x00178713) addi    a4, a5, 1
core   0: 3 0x000000008000ff50 (0x00178713) x14 0x0000000080012065
core   0: 0x000000008000ff54 (0xfee43023) sd      a4, -32(s0)
core   0: 3 0x000000008000ff54 (0xfee43023) mem 0x0000000080031f50 0x0000000080012065
core   0: 0x000000008000ff58 (0xfc442703) lw      a4, -60(s0)
core   0: 3 0x000000008000ff58 (0xfc442703) x14 0x0000000000000000 mem 0x0000000080031f34
core   0: 0x000000008000ff5c (0x0ff77713) andi    a4, a4, 255
core   0: 3 0x000000008000ff5c (0x0ff77713) x14 0x0000000000000000
core   0: 0x000000008000ff60 (0x00e78023) sb      a4, 0(a5)
core   0: 3 0x000000008000ff60 (0x00e78023) mem 0x0000000080012064 0x00
core   0: 0x000000008000ff64 (0xfc843703) ld      a4, -56(s0)
core   0: 3 0x000000008000ff64 (0xfc843703) x14 0x0000000080012040 mem 0x0000000080031f38
core   0: 0x000000008000ff68 (0xfb843783) ld      a5, -72(s0)
core   0: 3 0x000000008000ff68 (0xfb843783) x15 0x000000000000009c mem 0x0000000080031f28
core   0: 0x000000008000ff6c (0x000097ba) c.add   a5, a4
core   0: 3 0x000000008000ff6c (0x97ba) x15 0x00000000800120dc
core   0: 0x000000008000ff6e (0xfe043703) ld      a4, -32(s0)
core   0: 3 0x000000008000ff6e (0xfe043703) x14 0x0000000080012065 mem 0x0000000080031f50
core   0: 0x000000008000ff72 (0xfcf76de3) bltu    a4, a5, pc - 38
core   0: 3 0x000000008000ff72 (0xfcf76de3)
core   0: 0x000000008000ff4c (0xfe043783) ld      a5, -32(s0)
core   0: 3 0x000000008000ff4c (0xfe043783) x15 0x0000000080012065 mem 0x0000000080031f50
core   0: 0x000000008000ff50 (0x00178713) addi    a4, a5, 1
core   0: 3 0x000000008000ff50 (0x00178713) x14 0x0000000080012066
core   0: 0x000000008000ff54 (0xfee43023) sd      a4, -32(s0)
core   0: 3 0x000000008000ff54 (0xfee43023) mem 0x0000000080031f50 0x0000000080012066
core   0: 0x000000008000ff58 (0xfc442703) lw      a4, -60(s0)
core   0: 3 0x000000008000ff58 (0xfc442703) x14 0x0000000000000000 mem 0x0000000080031f34
core   0: 0x000000008000ff5c (0x0ff77713) andi    a4, a4, 255
core   0: 3 0x000000008000ff5c (0x0ff77713) x14 0x0000000000000000
core   0: 0x000000008000ff60 (0x00e78023) sb      a4, 0(a5)
core   0: 3 0x000000008000ff60 (0x00e78023) mem 0x0000000080012065 0x00
core   0: 0x000000008000ff64 (0xfc843703) ld      a4, -56(s0)
core   0: 3 0x000000008000ff64 (0xfc843703) x14 0x0000000080012040 mem 0x0000000080031f38
core   0: 0x000000008000ff68 (0xfb843783) ld      a5, -72(s0)
core   0: 3 0x000000008000ff68 (0xfb843783) x15 0x000000000000009c mem 0x0000000080031f28
core   0: 0x000000008000ff6c (0x000097ba) c.add   a5, a4
core   0: 3 0x000000008000ff6c (0x97ba) x15 0x00000000800120dc
core   0: 0x000000008000ff6e (0xfe043703) ld      a4, -32(s0)
core   0: 3 0x000000008000ff6e (0xfe043703) x14 0x0000000080012066 mem 0x0000000080031f50
core   0: 0x000000008000ff72 (0xfcf76de3) bltu    a4, a5, pc - 38
core   0: 3 0x000000008000ff72 (0xfcf76de3)
core   0: 0x000000008000ff4c (0xfe043783) ld      a5, -32(s0)
core   0: 3 0x000000008000ff4c (0xfe043783) x15 0x0000000080012066 mem 0x0000000080031f50
core   0: 0x000000008000ff50 (0x00178713) addi    a4, a5, 1
core   0: 3 0x000000008000ff50 (0x00178713) x14 0x0000000080012067
core   0: 0x000000008000ff54 (0xfee43023) sd      a4, -32(s0)
core   0: 3 0x000000008000ff54 (0xfee43023) mem 0x0000000080031f50 0x0000000080012067
core   0: 0x000000008000ff58 (0xfc442703) lw      a4, -60(s0)
core   0: 3 0x000000008000ff58 (0xfc442703) x14 0x0000000000000000 mem 0x0000000080031f34
core   0: 0x000000008000ff5c (0x0ff77713) andi    a4, a4, 255
core   0: 3 0x000000008000ff5c (0x0ff77713) x14 0x0000000000000000
core   0: 0x000000008000ff60 (0x00e78023) sb      a4, 0(a5)
core   0: 3 0x000000008000ff60 (0x00e78023) mem 0x0000000080012066 0x00
core   0: 0x000000008000ff64 (0xfc843703) ld      a4, -56(s0)
core   0: 3 0x000000008000ff64 (0xfc843703) x14 0x0000000080012040 mem 0x0000000080031f38
core   0: 0x000000008000ff68 (0xfb843783) ld      a5, -72(s0)
core   0: 3 0x000000008000ff68 (0xfb843783) x15 0x000000000000009c mem 0x0000000080031f28
core   0: 0x000000008000ff6c (0x000097ba) c.add   a5, a4
core   0: 3 0x000000008000ff6c (0x97ba) x15 0x00000000800120dc
core   0: 0x000000008000ff6e (0xfe043703) ld      a4, -32(s0)
core   0: 3 0x000000008000ff6e (0xfe043703) x14 0x0000000080012067 mem 0x0000000080031f50
core   0: 0x000000008000ff72 (0xfcf76de3) bltu    a4, a5, pc - 38
core   0: 3 0x000000008000ff72 (0xfcf76de3)
core   0: 0x000000008000ff4c (0xfe043783) ld      a5, -32(s0)
core   0: 3 0x000000008000ff4c (0xfe043783) x15 0x0000000080012067 mem 0x0000000080031f50
core   0: 0x000000008000ff50 (0x00178713) addi    a4, a5, 1
core   0: 3 0x000000008000ff50 (0x00178713) x14 0x0000000080012068
core   0: 0x000000008000ff54 (0xfee43023) sd      a4, -32(s0)
core   0: 3 0x000000008000ff54 (0xfee43023) mem 0x0000000080031f50 0x0000000080012068
core   0: 0x000000008000ff58 (0xfc442703) lw      a4, -60(s0)
core   0: 3 0x000000008000ff58 (0xfc442703) x14 0x0000000000000000 mem 0x0000000080031f34
core   0: 0x000000008000ff5c (0x0ff77713) andi    a4, a4, 255
core   0: 3 0x000000008000ff5c (0x0ff77713) x14 0x0000000000000000
core   0: 0x000000008000ff60 (0x00e78023) sb      a4, 0(a5)
core   0: 3 0x000000008000ff60 (0x00e78023) mem 0x0000000080012067 0x00
core   0: 0x000000008000ff64 (0xfc843703) ld      a4, -56(s0)
core   0: 3 0x000000008000ff64 (0xfc843703) x14 0x0000000080012040 mem 0x0000000080031f38
core   0: 0x000000008000ff68 (0xfb843783) ld      a5, -72(s0)
core   0: 3 0x000000008000ff68 (0xfb843783) x15 0x000000000000009c mem 0x0000000080031f28
core   0: 0x000000008000ff6c (0x000097ba) c.add   a5, a4
core   0: 3 0x000000008000ff6c (0x97ba) x15 0x00000000800120dc
core   0: 0x000000008000ff6e (0xfe043703) ld      a4, -32(s0)
core   0: 3 0x000000008000ff6e (0xfe043703) x14 0x0000000080012068 mem 0x0000000080031f50
core   0: 0x000000008000ff72 (0xfcf76de3) bltu    a4, a5, pc - 38
core   0: 3 0x000000008000ff72 (0xfcf76de3)
core   0: 0x000000008000ff4c (0xfe043783) ld      a5, -32(s0)
core   0: 3 0x000000008000ff4c (0xfe043783) x15 0x0000000080012068 mem 0x0000000080031f50
core   0: 0x000000008000ff50 (0x00178713) addi    a4, a5, 1
core   0: 3 0x000000008000ff50 (0x00178713) x14 0x0000000080012069
core   0: 0x000000008000ff54 (0xfee43023) sd      a4, -32(s0)
core   0: 3 0x000000008000ff54 (0xfee43023) mem 0x0000000080031f50 0x0000000080012069
core   0: 0x000000008000ff58 (0xfc442703) lw      a4, -60(s0)
core   0: 3 0x000000008000ff58 (0xfc442703) x14 0x0000000000000000 mem 0x0000000080031f34
core   0: 0x000000008000ff5c (0x0ff77713) andi    a4, a4, 255
core   0: 3 0x000000008000ff5c (0x0ff77713) x14 0x0000000000000000
core   0: 0x000000008000ff60 (0x00e78023) sb      a4, 0(a5)
core   0: 3 0x000000008000ff60 (0x00e78023) mem 0x0000000080012068 0x00
core   0: 0x000000008000ff64 (0xfc843703) ld      a4, -56(s0)
core   0: 3 0x000000008000ff64 (0xfc843703) x14 0x0000000080012040 mem 0x0000000080031f38
core   0: 0x000000008000ff68 (0xfb843783) ld      a5, -72(s0)
core   0: 3 0x000000008000ff68 (0xfb843783) x15 0x000000000000009c mem 0x0000000080031f28
core   0: 0x000000008000ff6c (0x000097ba) c.add   a5, a4
core   0: 3 0x000000008000ff6c (0x97ba) x15 0x00000000800120dc
core   0: 0x000000008000ff6e (0xfe043703) ld      a4, -32(s0)
core   0: 3 0x000000008000ff6e (0xfe043703) x14 0x0000000080012069 mem 0x0000000080031f50
core   0: 0x000000008000ff72 (0xfcf76de3) bltu    a4, a5, pc - 38
core   0: 3 0x000000008000ff72 (0xfcf76de3)
core   0: 0x000000008000ff4c (0xfe043783) ld      a5, -32(s0)
core   0: 3 0x000000008000ff4c (0xfe043783) x15 0x0000000080012069 mem 0x0000000080031f50
core   0: 0x000000008000ff50 (0x00178713) addi    a4, a5, 1
core   0: 3 0x000000008000ff50 (0x00178713) x14 0x000000008001206a
core   0: 0x000000008000ff54 (0xfee43023) sd      a4, -32(s0)
core   0: 3 0x000000008000ff54 (0xfee43023) mem 0x0000000080031f50 0x000000008001206a
core   0: 0x000000008000ff58 (0xfc442703) lw      a4, -60(s0)
core   0: 3 0x000000008000ff58 (0xfc442703) x14 0x0000000000000000 mem 0x0000000080031f34
core   0: 0x000000008000ff5c (0x0ff77713) andi    a4, a4, 255
core   0: 3 0x000000008000ff5c (0x0ff77713) x14 0x0000000000000000
core   0: 0x000000008000ff60 (0x00e78023) sb      a4, 0(a5)
core   0: 3 0x000000008000ff60 (0x00e78023) mem 0x0000000080012069 0x00
core   0: 0x000000008000ff64 (0xfc843703) ld      a4, -56(s0)
core   0: 3 0x000000008000ff64 (0xfc843703) x14 0x0000000080012040 mem 0x0000000080031f38
core   0: 0x000000008000ff68 (0xfb843783) ld      a5, -72(s0)
core   0: 3 0x000000008000ff68 (0xfb843783) x15 0x000000000000009c mem 0x0000000080031f28
core   0: 0x000000008000ff6c (0x000097ba) c.add   a5, a4
core   0: 3 0x000000008000ff6c (0x97ba) x15 0x00000000800120dc
core   0: 0x000000008000ff6e (0xfe043703) ld      a4, -32(s0)
core   0: 3 0x000000008000ff6e (0xfe043703) x14 0x000000008001206a mem 0x0000000080031f50
core   0: 0x000000008000ff72 (0xfcf76de3) bltu    a4, a5, pc - 38
core   0: 3 0x000000008000ff72 (0xfcf76de3)
core   0: 0x000000008000ff4c (0xfe043783) ld      a5, -32(s0)
core   0: 3 0x000000008000ff4c (0xfe043783) x15 0x000000008001206a mem 0x0000000080031f50
core   0: 0x000000008000ff50 (0x00178713) addi    a4, a5, 1
core   0: 3 0x000000008000ff50 (0x00178713) x14 0x000000008001206b
core   0: 0x000000008000ff54 (0xfee43023) sd      a4, -32(s0)
core   0: 3 0x000000008000ff54 (0xfee43023) mem 0x0000000080031f50 0x000000008001206b
core   0: 0x000000008000ff58 (0xfc442703) lw      a4, -60(s0)
core   0: 3 0x000000008000ff58 (0xfc442703) x14 0x0000000000000000 mem 0x0000000080031f34
core   0: 0x000000008000ff5c (0x0ff77713) andi    a4, a4, 255
core   0: 3 0x000000008000ff5c (0x0ff77713) x14 0x0000000000000000
core   0: 0x000000008000ff60 (0x00e78023) sb      a4, 0(a5)
core   0: 3 0x000000008000ff60 (0x00e78023) mem 0x000000008001206a 0x00
core   0: 0x000000008000ff64 (0xfc843703) ld      a4, -56(s0)
core   0: 3 0x000000008000ff64 (0xfc843703) x14 0x0000000080012040 mem 0x0000000080031f38
core   0: 0x000000008000ff68 (0xfb843783) ld      a5, -72(s0)
core   0: 3 0x000000008000ff68 (0xfb843783) x15 0x000000000000009c mem 0x0000000080031f28
core   0: 0x000000008000ff6c (0x000097ba) c.add   a5, a4
core   0: 3 0x000000008000ff6c (0x97ba) x15 0x00000000800120dc
core   0: 0x000000008000ff6e (0xfe043703) ld      a4, -32(s0)
core   0: 3 0x000000008000ff6e (0xfe043703) x14 0x000000008001206b mem 0x0000000080031f50
core   0: 0x000000008000ff72 (0xfcf76de3) bltu    a4, a5, pc - 38
core   0: 3 0x000000008000ff72 (0xfcf76de3)
core   0: 0x000000008000ff4c (0xfe043783) ld      a5, -32(s0)
core   0: 3 0x000000008000ff4c (0xfe043783) x15 0x000000008001206b mem 0x0000000080031f50
core   0: 0x000000008000ff50 (0x00178713) addi    a4, a5, 1
core   0: 3 0x000000008000ff50 (0x00178713) x14 0x000000008001206c
core   0: 0x000000008000ff54 (0xfee43023) sd      a4, -32(s0)
core   0: 3 0x000000008000ff54 (0xfee43023) mem 0x0000000080031f50 0x000000008001206c
core   0: 0x000000008000ff58 (0xfc442703) lw      a4, -60(s0)
core   0: 3 0x000000008000ff58 (0xfc442703) x14 0x0000000000000000 mem 0x0000000080031f34
core   0: 0x000000008000ff5c (0x0ff77713) andi    a4, a4, 255
core   0: 3 0x000000008000ff5c (0x0ff77713) x14 0x0000000000000000
core   0: 0x000000008000ff60 (0x00e78023) sb      a4, 0(a5)
core   0: 3 0x000000008000ff60 (0x00e78023) mem 0x000000008001206b 0x00
core   0: 0x000000008000ff64 (0xfc843703) ld      a4, -56(s0)
core   0: 3 0x000000008000ff64 (0xfc843703) x14 0x0000000080012040 mem 0x0000000080031f38
core   0: 0x000000008000ff68 (0xfb843783) ld      a5, -72(s0)
core   0: 3 0x000000008000ff68 (0xfb843783) x15 0x000000000000009c mem 0x0000000080031f28
core   0: 0x000000008000ff6c (0x000097ba) c.add   a5, a4
core   0: 3 0x000000008000ff6c (0x97ba) x15 0x00000000800120dc
core   0: 0x000000008000ff6e (0xfe043703) ld      a4, -32(s0)
core   0: 3 0x000000008000ff6e (0xfe043703) x14 0x000000008001206c mem 0x0000000080031f50
core   0: 0x000000008000ff72 (0xfcf76de3) bltu    a4, a5, pc - 38
core   0: 3 0x000000008000ff72 (0xfcf76de3)
core   0: 0x000000008000ff4c (0xfe043783) ld      a5, -32(s0)
core   0: 3 0x000000008000ff4c (0xfe043783) x15 0x000000008001206c mem 0x0000000080031f50
core   0: 0x000000008000ff50 (0x00178713) addi    a4, a5, 1
core   0: 3 0x000000008000ff50 (0x00178713) x14 0x000000008001206d
core   0: 0x000000008000ff54 (0xfee43023) sd      a4, -32(s0)
core   0: 3 0x000000008000ff54 (0xfee43023) mem 0x0000000080031f50 0x000000008001206d
core   0: 0x000000008000ff58 (0xfc442703) lw      a4, -60(s0)
core   0: 3 0x000000008000ff58 (0xfc442703) x14 0x0000000000000000 mem 0x0000000080031f34
core   0: 0x000000008000ff5c (0x0ff77713) andi    a4, a4, 255
core   0: 3 0x000000008000ff5c (0x0ff77713) x14 0x0000000000000000
core   0: 0x000000008000ff60 (0x00e78023) sb      a4, 0(a5)
core   0: 3 0x000000008000ff60 (0x00e78023) mem 0x000000008001206c 0x00
core   0: 0x000000008000ff64 (0xfc843703) ld      a4, -56(s0)
core   0: 3 0x000000008000ff64 (0xfc843703) x14 0x0000000080012040 mem 0x0000000080031f38
core   0: 0x000000008000ff68 (0xfb843783) ld      a5, -72(s0)
core   0: 3 0x000000008000ff68 (0xfb843783) x15 0x000000000000009c mem 0x0000000080031f28
core   0: 0x000000008000ff6c (0x000097ba) c.add   a5, a4
core   0: 3 0x000000008000ff6c (0x97ba) x15 0x00000000800120dc
core   0: 0x000000008000ff6e (0xfe043703) ld      a4, -32(s0)
core   0: 3 0x000000008000ff6e (0xfe043703) x14 0x000000008001206d mem 0x0000000080031f50
core   0: 0x000000008000ff72 (0xfcf76de3) bltu    a4, a5, pc - 38
core   0: 3 0x000000008000ff72 (0xfcf76de3)
core   0: 0x000000008000ff4c (0xfe043783) ld      a5, -32(s0)
core   0: 3 0x000000008000ff4c (0xfe043783) x15 0x000000008001206d mem 0x0000000080031f50
core   0: 0x000000008000ff50 (0x00178713) addi    a4, a5, 1
core   0: 3 0x000000008000ff50 (0x00178713) x14 0x000000008001206e
core   0: 0x000000008000ff54 (0xfee43023) sd      a4, -32(s0)
core   0: 3 0x000000008000ff54 (0xfee43023) mem 0x0000000080031f50 0x000000008001206e
core   0: 0x000000008000ff58 (0xfc442703) lw      a4, -60(s0)
core   0: 3 0x000000008000ff58 (0xfc442703) x14 0x0000000000000000 mem 0x0000000080031f34
core   0: 0x000000008000ff5c (0x0ff77713) andi    a4, a4, 255
core   0: 3 0x000000008000ff5c (0x0ff77713) x14 0x0000000000000000
core   0: 0x000000008000ff60 (0x00e78023) sb      a4, 0(a5)
core   0: 3 0x000000008000ff60 (0x00e78023) mem 0x000000008001206d 0x00
core   0: 0x000000008000ff64 (0xfc843703) ld      a4, -56(s0)
core   0: 3 0x000000008000ff64 (0xfc843703) x14 0x0000000080012040 mem 0x0000000080031f38
core   0: 0x000000008000ff68 (0xfb843783) ld      a5, -72(s0)
core   0: 3 0x000000008000ff68 (0xfb843783) x15 0x000000000000009c mem 0x0000000080031f28
core   0: 0x000000008000ff6c (0x000097ba) c.add   a5, a4
core   0: 3 0x000000008000ff6c (0x97ba) x15 0x00000000800120dc
core   0: 0x000000008000ff6e (0xfe043703) ld      a4, -32(s0)
core   0: 3 0x000000008000ff6e (0xfe043703) x14 0x000000008001206e mem 0x0000000080031f50
core   0: 0x000000008000ff72 (0xfcf76de3) bltu    a4, a5, pc - 38
core   0: 3 0x000000008000ff72 (0xfcf76de3)
core   0: 0x000000008000ff4c (0xfe043783) ld      a5, -32(s0)
core   0: 3 0x000000008000ff4c (0xfe043783) x15 0x000000008001206e mem 0x0000000080031f50
core   0: 0x000000008000ff50 (0x00178713) addi    a4, a5, 1
core   0: 3 0x000000008000ff50 (0x00178713) x14 0x000000008001206f
core   0: 0x000000008000ff54 (0xfee43023) sd      a4, -32(s0)
core   0: 3 0x000000008000ff54 (0xfee43023) mem 0x0000000080031f50 0x000000008001206f
core   0: 0x000000008000ff58 (0xfc442703) lw      a4, -60(s0)
core   0: 3 0x000000008000ff58 (0xfc442703) x14 0x0000000000000000 mem 0x0000000080031f34
core   0: 0x000000008000ff5c (0x0ff77713) andi    a4, a4, 255
core   0: 3 0x000000008000ff5c (0x0ff77713) x14 0x0000000000000000
core   0: 0x000000008000ff60 (0x00e78023) sb      a4, 0(a5)
core   0: 3 0x000000008000ff60 (0x00e78023) mem 0x000000008001206e 0x00
core   0: 0x000000008000ff64 (0xfc843703) ld      a4, -56(s0)
core   0: 3 0x000000008000ff64 (0xfc843703) x14 0x0000000080012040 mem 0x0000000080031f38
core   0: 0x000000008000ff68 (0xfb843783) ld      a5, -72(s0)
core   0: 3 0x000000008000ff68 (0xfb843783) x15 0x000000000000009c mem 0x0000000080031f28
core   0: 0x000000008000ff6c (0x000097ba) c.add   a5, a4
core   0: 3 0x000000008000ff6c (0x97ba) x15 0x00000000800120dc
core   0: 0x000000008000ff6e (0xfe043703) ld      a4, -32(s0)
core   0: 3 0x000000008000ff6e (0xfe043703) x14 0x000000008001206f mem 0x0000000080031f50
core   0: 0x000000008000ff72 (0xfcf76de3) bltu    a4, a5, pc - 38
core   0: 3 0x000000008000ff72 (0xfcf76de3)
core   0: 0x000000008000ff4c (0xfe043783) ld      a5, -32(s0)
core   0: 3 0x000000008000ff4c (0xfe043783) x15 0x000000008001206f mem 0x0000000080031f50
core   0: 0x000000008000ff50 (0x00178713) addi    a4, a5, 1
core   0: 3 0x000000008000ff50 (0x00178713) x14 0x0000000080012070
core   0: 0x000000008000ff54 (0xfee43023) sd      a4, -32(s0)
core   0: 3 0x000000008000ff54 (0xfee43023) mem 0x0000000080031f50 0x0000000080012070
core   0: 0x000000008000ff58 (0xfc442703) lw      a4, -60(s0)
core   0: 3 0x000000008000ff58 (0xfc442703) x14 0x0000000000000000 mem 0x0000000080031f34
core   0: 0x000000008000ff5c (0x0ff77713) andi    a4, a4, 255
core   0: 3 0x000000008000ff5c (0x0ff77713) x14 0x0000000000000000
core   0: 0x000000008000ff60 (0x00e78023) sb      a4, 0(a5)
core   0: 3 0x000000008000ff60 (0x00e78023) mem 0x000000008001206f 0x00
core   0: 0x000000008000ff64 (0xfc843703) ld      a4, -56(s0)
core   0: 3 0x000000008000ff64 (0xfc843703) x14 0x0000000080012040 mem 0x0000000080031f38
core   0: 0x000000008000ff68 (0xfb843783) ld      a5, -72(s0)
core   0: 3 0x000000008000ff68 (0xfb843783) x15 0x000000000000009c mem 0x0000000080031f28
core   0: 0x000000008000ff6c (0x000097ba) c.add   a5, a4
core   0: 3 0x000000008000ff6c (0x97ba) x15 0x00000000800120dc
core   0: 0x000000008000ff6e (0xfe043703) ld      a4, -32(s0)
core   0: 3 0x000000008000ff6e (0xfe043703) x14 0x0000000080012070 mem 0x0000000080031f50
core   0: 0x000000008000ff72 (0xfcf76de3) bltu    a4, a5, pc - 38
core   0: 3 0x000000008000ff72 (0xfcf76de3)
core   0: 0x000000008000ff4c (0xfe043783) ld      a5, -32(s0)
core   0: 3 0x000000008000ff4c (0xfe043783) x15 0x0000000080012070 mem 0x0000000080031f50
core   0: 0x000000008000ff50 (0x00178713) addi    a4, a5, 1
core   0: 3 0x000000008000ff50 (0x00178713) x14 0x0000000080012071
core   0: 0x000000008000ff54 (0xfee43023) sd      a4, -32(s0)
core   0: 3 0x000000008000ff54 (0xfee43023) mem 0x0000000080031f50 0x0000000080012071
core   0: 0x000000008000ff58 (0xfc442703) lw      a4, -60(s0)
core   0: 3 0x000000008000ff58 (0xfc442703) x14 0x0000000000000000 mem 0x0000000080031f34
core   0: 0x000000008000ff5c (0x0ff77713) andi    a4, a4, 255
core   0: 3 0x000000008000ff5c (0x0ff77713) x14 0x0000000000000000
core   0: 0x000000008000ff60 (0x00e78023) sb      a4, 0(a5)
core   0: 3 0x000000008000ff60 (0x00e78023) mem 0x0000000080012070 0x00
core   0: 0x000000008000ff64 (0xfc843703) ld      a4, -56(s0)
core   0: 3 0x000000008000ff64 (0xfc843703) x14 0x0000000080012040 mem 0x0000000080031f38
core   0: 0x000000008000ff68 (0xfb843783) ld      a5, -72(s0)
core   0: 3 0x000000008000ff68 (0xfb843783) x15 0x000000000000009c mem 0x0000000080031f28
core   0: 0x000000008000ff6c (0x000097ba) c.add   a5, a4
core   0: 3 0x000000008000ff6c (0x97ba) x15 0x00000000800120dc
core   0: 0x000000008000ff6e (0xfe043703) ld      a4, -32(s0)
core   0: 3 0x000000008000ff6e (0xfe043703) x14 0x0000000080012071 mem 0x0000000080031f50
core   0: 0x000000008000ff72 (0xfcf76de3) bltu    a4, a5, pc - 38
core   0: 3 0x000000008000ff72 (0xfcf76de3)
core   0: 0x000000008000ff4c (0xfe043783) ld      a5, -32(s0)
core   0: 3 0x000000008000ff4c (0xfe043783) x15 0x0000000080012071 mem 0x0000000080031f50
core   0: 0x000000008000ff50 (0x00178713) addi    a4, a5, 1
core   0: 3 0x000000008000ff50 (0x00178713) x14 0x0000000080012072
core   0: 0x000000008000ff54 (0xfee43023) sd      a4, -32(s0)
core   0: 3 0x000000008000ff54 (0xfee43023) mem 0x0000000080031f50 0x0000000080012072
core   0: 0x000000008000ff58 (0xfc442703) lw      a4, -60(s0)
core   0: 3 0x000000008000ff58 (0xfc442703) x14 0x0000000000000000 mem 0x0000000080031f34
core   0: 0x000000008000ff5c (0x0ff77713) andi    a4, a4, 255
core   0: 3 0x000000008000ff5c (0x0ff77713) x14 0x0000000000000000
core   0: 0x000000008000ff60 (0x00e78023) sb      a4, 0(a5)
core   0: 3 0x000000008000ff60 (0x00e78023) mem 0x0000000080012071 0x00
core   0: 0x000000008000ff64 (0xfc843703) ld      a4, -56(s0)
core   0: 3 0x000000008000ff64 (0xfc843703) x14 0x0000000080012040 mem 0x0000000080031f38
core   0: 0x000000008000ff68 (0xfb843783) ld      a5, -72(s0)
core   0: 3 0x000000008000ff68 (0xfb843783) x15 0x000000000000009c mem 0x0000000080031f28
core   0: 0x000000008000ff6c (0x000097ba) c.add   a5, a4
core   0: 3 0x000000008000ff6c (0x97ba) x15 0x00000000800120dc
core   0: 0x000000008000ff6e (0xfe043703) ld      a4, -32(s0)
core   0: 3 0x000000008000ff6e (0xfe043703) x14 0x0000000080012072 mem 0x0000000080031f50
core   0: 0x000000008000ff72 (0xfcf76de3) bltu    a4, a5, pc - 38
core   0: 3 0x000000008000ff72 (0xfcf76de3)
core   0: 0x000000008000ff4c (0xfe043783) ld      a5, -32(s0)
core   0: 3 0x000000008000ff4c (0xfe043783) x15 0x0000000080012072 mem 0x0000000080031f50
core   0: 0x000000008000ff50 (0x00178713) addi    a4, a5, 1
core   0: 3 0x000000008000ff50 (0x00178713) x14 0x0000000080012073
core   0: 0x000000008000ff54 (0xfee43023) sd      a4, -32(s0)
core   0: 3 0x000000008000ff54 (0xfee43023) mem 0x0000000080031f50 0x0000000080012073
core   0: 0x000000008000ff58 (0xfc442703) lw      a4, -60(s0)
core   0: 3 0x000000008000ff58 (0xfc442703) x14 0x0000000000000000 mem 0x0000000080031f34
core   0: 0x000000008000ff5c (0x0ff77713) andi    a4, a4, 255
core   0: 3 0x000000008000ff5c (0x0ff77713) x14 0x0000000000000000
core   0: 0x000000008000ff60 (0x00e78023) sb      a4, 0(a5)
core   0: 3 0x000000008000ff60 (0x00e78023) mem 0x0000000080012072 0x00
core   0: 0x000000008000ff64 (0xfc843703) ld      a4, -56(s0)
core   0: 3 0x000000008000ff64 (0xfc843703) x14 0x0000000080012040 mem 0x0000000080031f38
core   0: 0x000000008000ff68 (0xfb843783) ld      a5, -72(s0)
core   0: 3 0x000000008000ff68 (0xfb843783) x15 0x000000000000009c mem 0x0000000080031f28
core   0: 0x000000008000ff6c (0x000097ba) c.add   a5, a4
core   0: 3 0x000000008000ff6c (0x97ba) x15 0x00000000800120dc
core   0: 0x000000008000ff6e (0xfe043703) ld      a4, -32(s0)
core   0: 3 0x000000008000ff6e (0xfe043703) x14 0x0000000080012073 mem 0x0000000080031f50
core   0: 0x000000008000ff72 (0xfcf76de3) bltu    a4, a5, pc - 38
core   0: 3 0x000000008000ff72 (0xfcf76de3)
core   0: 0x000000008000ff4c (0xfe043783) ld      a5, -32(s0)
core   0: 3 0x000000008000ff4c (0xfe043783) x15 0x0000000080012073 mem 0x0000000080031f50
core   0: 0x000000008000ff50 (0x00178713) addi    a4, a5, 1
core   0: 3 0x000000008000ff50 (0x00178713) x14 0x0000000080012074
core   0: 0x000000008000ff54 (0xfee43023) sd      a4, -32(s0)
core   0: 3 0x000000008000ff54 (0xfee43023) mem 0x0000000080031f50 0x0000000080012074
core   0: 0x000000008000ff58 (0xfc442703) lw      a4, -60(s0)
core   0: 3 0x000000008000ff58 (0xfc442703) x14 0x0000000000000000 mem 0x0000000080031f34
core   0: 0x000000008000ff5c (0x0ff77713) andi    a4, a4, 255
core   0: 3 0x000000008000ff5c (0x0ff77713) x14 0x0000000000000000
core   0: 0x000000008000ff60 (0x00e78023) sb      a4, 0(a5)
core   0: 3 0x000000008000ff60 (0x00e78023) mem 0x0000000080012073 0x00
core   0: 0x000000008000ff64 (0xfc843703) ld      a4, -56(s0)
core   0: 3 0x000000008000ff64 (0xfc843703) x14 0x0000000080012040 mem 0x0000000080031f38
core   0: 0x000000008000ff68 (0xfb843783) ld      a5, -72(s0)
core   0: 3 0x000000008000ff68 (0xfb843783) x15 0x000000000000009c mem 0x0000000080031f28
core   0: 0x000000008000ff6c (0x000097ba) c.add   a5, a4
core   0: 3 0x000000008000ff6c (0x97ba) x15 0x00000000800120dc
core   0: 0x000000008000ff6e (0xfe043703) ld      a4, -32(s0)
core   0: 3 0x000000008000ff6e (0xfe043703) x14 0x0000000080012074 mem 0x0000000080031f50
core   0: 0x000000008000ff72 (0xfcf76de3) bltu    a4, a5, pc - 38
core   0: 3 0x000000008000ff72 (0xfcf76de3)
core   0: 0x000000008000ff4c (0xfe043783) ld      a5, -32(s0)
core   0: 3 0x000000008000ff4c (0xfe043783) x15 0x0000000080012074 mem 0x0000000080031f50
core   0: 0x000000008000ff50 (0x00178713) addi    a4, a5, 1
core   0: 3 0x000000008000ff50 (0x00178713) x14 0x0000000080012075
core   0: 0x000000008000ff54 (0xfee43023) sd      a4, -32(s0)
core   0: 3 0x000000008000ff54 (0xfee43023) mem 0x0000000080031f50 0x0000000080012075
core   0: 0x000000008000ff58 (0xfc442703) lw      a4, -60(s0)
core   0: 3 0x000000008000ff58 (0xfc442703) x14 0x0000000000000000 mem 0x0000000080031f34
core   0: 0x000000008000ff5c (0x0ff77713) andi    a4, a4, 255
core   0: 3 0x000000008000ff5c (0x0ff77713) x14 0x0000000000000000
core   0: 0x000000008000ff60 (0x00e78023) sb      a4, 0(a5)
core   0: 3 0x000000008000ff60 (0x00e78023) mem 0x0000000080012074 0x00
core   0: 0x000000008000ff64 (0xfc843703) ld      a4, -56(s0)
core   0: 3 0x000000008000ff64 (0xfc843703) x14 0x0000000080012040 mem 0x0000000080031f38
core   0: 0x000000008000ff68 (0xfb843783) ld      a5, -72(s0)
core   0: 3 0x000000008000ff68 (0xfb843783) x15 0x000000000000009c mem 0x0000000080031f28
core   0: 0x000000008000ff6c (0x000097ba) c.add   a5, a4
core   0: 3 0x000000008000ff6c (0x97ba) x15 0x00000000800120dc
core   0: 0x000000008000ff6e (0xfe043703) ld      a4, -32(s0)
core   0: 3 0x000000008000ff6e (0xfe043703) x14 0x0000000080012075 mem 0x0000000080031f50
core   0: 0x000000008000ff72 (0xfcf76de3) bltu    a4, a5, pc - 38
core   0: 3 0x000000008000ff72 (0xfcf76de3)
core   0: 0x000000008000ff4c (0xfe043783) ld      a5, -32(s0)
core   0: 3 0x000000008000ff4c (0xfe043783) x15 0x0000000080012075 mem 0x0000000080031f50
core   0: 0x000000008000ff50 (0x00178713) addi    a4, a5, 1
core   0: 3 0x000000008000ff50 (0x00178713) x14 0x0000000080012076
core   0: 0x000000008000ff54 (0xfee43023) sd      a4, -32(s0)
core   0: 3 0x000000008000ff54 (0xfee43023) mem 0x0000000080031f50 0x0000000080012076
core   0: 0x000000008000ff58 (0xfc442703) lw      a4, -60(s0)
core   0: 3 0x000000008000ff58 (0xfc442703) x14 0x0000000000000000 mem 0x0000000080031f34
core   0: 0x000000008000ff5c (0x0ff77713) andi    a4, a4, 255
core   0: 3 0x000000008000ff5c (0x0ff77713) x14 0x0000000000000000
core   0: 0x000000008000ff60 (0x00e78023) sb      a4, 0(a5)
core   0: 3 0x000000008000ff60 (0x00e78023) mem 0x0000000080012075 0x00
core   0: 0x000000008000ff64 (0xfc843703) ld      a4, -56(s0)
core   0: 3 0x000000008000ff64 (0xfc843703) x14 0x0000000080012040 mem 0x0000000080031f38
core   0: 0x000000008000ff68 (0xfb843783) ld      a5, -72(s0)
core   0: 3 0x000000008000ff68 (0xfb843783) x15 0x000000000000009c mem 0x0000000080031f28
core   0: 0x000000008000ff6c (0x000097ba) c.add   a5, a4
core   0: 3 0x000000008000ff6c (0x97ba) x15 0x00000000800120dc
core   0: 0x000000008000ff6e (0xfe043703) ld      a4, -32(s0)
core   0: 3 0x000000008000ff6e (0xfe043703) x14 0x0000000080012076 mem 0x0000000080031f50
core   0: 0x000000008000ff72 (0xfcf76de3) bltu    a4, a5, pc - 38
core   0: 3 0x000000008000ff72 (0xfcf76de3)
core   0: 0x000000008000ff4c (0xfe043783) ld      a5, -32(s0)
core   0: 3 0x000000008000ff4c (0xfe043783) x15 0x0000000080012076 mem 0x0000000080031f50
core   0: 0x000000008000ff50 (0x00178713) addi    a4, a5, 1
core   0: 3 0x000000008000ff50 (0x00178713) x14 0x0000000080012077
core   0: 0x000000008000ff54 (0xfee43023) sd      a4, -32(s0)
core   0: 3 0x000000008000ff54 (0xfee43023) mem 0x0000000080031f50 0x0000000080012077
core   0: 0x000000008000ff58 (0xfc442703) lw      a4, -60(s0)
core   0: 3 0x000000008000ff58 (0xfc442703) x14 0x0000000000000000 mem 0x0000000080031f34
core   0: 0x000000008000ff5c (0x0ff77713) andi    a4, a4, 255
core   0: 3 0x000000008000ff5c (0x0ff77713) x14 0x0000000000000000
core   0: 0x000000008000ff60 (0x00e78023) sb      a4, 0(a5)
core   0: 3 0x000000008000ff60 (0x00e78023) mem 0x0000000080012076 0x00
core   0: 0x000000008000ff64 (0xfc843703) ld      a4, -56(s0)
core   0: 3 0x000000008000ff64 (0xfc843703) x14 0x0000000080012040 mem 0x0000000080031f38
core   0: 0x000000008000ff68 (0xfb843783) ld      a5, -72(s0)
core   0: 3 0x000000008000ff68 (0xfb843783) x15 0x000000000000009c mem 0x0000000080031f28
core   0: 0x000000008000ff6c (0x000097ba) c.add   a5, a4
core   0: 3 0x000000008000ff6c (0x97ba) x15 0x00000000800120dc
core   0: 0x000000008000ff6e (0xfe043703) ld      a4, -32(s0)
core   0: 3 0x000000008000ff6e (0xfe043703) x14 0x0000000080012077 mem 0x0000000080031f50
core   0: 0x000000008000ff72 (0xfcf76de3) bltu    a4, a5, pc - 38
core   0: 3 0x000000008000ff72 (0xfcf76de3)
core   0: 0x000000008000ff4c (0xfe043783) ld      a5, -32(s0)
core   0: 3 0x000000008000ff4c (0xfe043783) x15 0x0000000080012077 mem 0x0000000080031f50
core   0: 0x000000008000ff50 (0x00178713) addi    a4, a5, 1
core   0: 3 0x000000008000ff50 (0x00178713) x14 0x0000000080012078
core   0: 0x000000008000ff54 (0xfee43023) sd      a4, -32(s0)
core   0: 3 0x000000008000ff54 (0xfee43023) mem 0x0000000080031f50 0x0000000080012078
core   0: 0x000000008000ff58 (0xfc442703) lw      a4, -60(s0)
core   0: 3 0x000000008000ff58 (0xfc442703) x14 0x0000000000000000 mem 0x0000000080031f34
core   0: 0x000000008000ff5c (0x0ff77713) andi    a4, a4, 255
core   0: 3 0x000000008000ff5c (0x0ff77713) x14 0x0000000000000000
core   0: 0x000000008000ff60 (0x00e78023) sb      a4, 0(a5)
core   0: 3 0x000000008000ff60 (0x00e78023) mem 0x0000000080012077 0x00
core   0: 0x000000008000ff64 (0xfc843703) ld      a4, -56(s0)
core   0: 3 0x000000008000ff64 (0xfc843703) x14 0x0000000080012040 mem 0x0000000080031f38
core   0: 0x000000008000ff68 (0xfb843783) ld      a5, -72(s0)
core   0: 3 0x000000008000ff68 (0xfb843783) x15 0x000000000000009c mem 0x0000000080031f28
core   0: 0x000000008000ff6c (0x000097ba) c.add   a5, a4
core   0: 3 0x000000008000ff6c (0x97ba) x15 0x00000000800120dc
core   0: 0x000000008000ff6e (0xfe043703) ld      a4, -32(s0)
core   0: 3 0x000000008000ff6e (0xfe043703) x14 0x0000000080012078 mem 0x0000000080031f50
core   0: 0x000000008000ff72 (0xfcf76de3) bltu    a4, a5, pc - 38
core   0: 3 0x000000008000ff72 (0xfcf76de3)
core   0: 0x000000008000ff4c (0xfe043783) ld      a5, -32(s0)
core   0: 3 0x000000008000ff4c (0xfe043783) x15 0x0000000080012078 mem 0x0000000080031f50
core   0: 0x000000008000ff50 (0x00178713) addi    a4, a5, 1
core   0: 3 0x000000008000ff50 (0x00178713) x14 0x0000000080012079
core   0: 0x000000008000ff54 (0xfee43023) sd      a4, -32(s0)
core   0: 3 0x000000008000ff54 (0xfee43023) mem 0x0000000080031f50 0x0000000080012079
core   0: 0x000000008000ff58 (0xfc442703) lw      a4, -60(s0)
core   0: 3 0x000000008000ff58 (0xfc442703) x14 0x0000000000000000 mem 0x0000000080031f34
core   0: 0x000000008000ff5c (0x0ff77713) andi    a4, a4, 255
core   0: 3 0x000000008000ff5c (0x0ff77713) x14 0x0000000000000000
core   0: 0x000000008000ff60 (0x00e78023) sb      a4, 0(a5)
core   0: 3 0x000000008000ff60 (0x00e78023) mem 0x0000000080012078 0x00
core   0: 0x000000008000ff64 (0xfc843703) ld      a4, -56(s0)
core   0: 3 0x000000008000ff64 (0xfc843703) x14 0x0000000080012040 mem 0x0000000080031f38
core   0: 0x000000008000ff68 (0xfb843783) ld      a5, -72(s0)
core   0: 3 0x000000008000ff68 (0xfb843783) x15 0x000000000000009c mem 0x0000000080031f28
core   0: 0x000000008000ff6c (0x000097ba) c.add   a5, a4
core   0: 3 0x000000008000ff6c (0x97ba) x15 0x00000000800120dc
core   0: 0x000000008000ff6e (0xfe043703) ld      a4, -32(s0)
core   0: 3 0x000000008000ff6e (0xfe043703) x14 0x0000000080012079 mem 0x0000000080031f50
core   0: 0x000000008000ff72 (0xfcf76de3) bltu    a4, a5, pc - 38
core   0: 3 0x000000008000ff72 (0xfcf76de3)
core   0: 0x000000008000ff4c (0xfe043783) ld      a5, -32(s0)
core   0: 3 0x000000008000ff4c (0xfe043783) x15 0x0000000080012079 mem 0x0000000080031f50
core   0: 0x000000008000ff50 (0x00178713) addi    a4, a5, 1
core   0: 3 0x000000008000ff50 (0x00178713) x14 0x000000008001207a
core   0: 0x000000008000ff54 (0xfee43023) sd      a4, -32(s0)
core   0: 3 0x000000008000ff54 (0xfee43023) mem 0x0000000080031f50 0x000000008001207a
core   0: 0x000000008000ff58 (0xfc442703) lw      a4, -60(s0)
core   0: 3 0x000000008000ff58 (0xfc442703) x14 0x0000000000000000 mem 0x0000000080031f34
core   0: 0x000000008000ff5c (0x0ff77713) andi    a4, a4, 255
core   0: 3 0x000000008000ff5c (0x0ff77713) x14 0x0000000000000000
core   0: 0x000000008000ff60 (0x00e78023) sb      a4, 0(a5)
core   0: 3 0x000000008000ff60 (0x00e78023) mem 0x0000000080012079 0x00
core   0: 0x000000008000ff64 (0xfc843703) ld      a4, -56(s0)
core   0: 3 0x000000008000ff64 (0xfc843703) x14 0x0000000080012040 mem 0x0000000080031f38
core   0: 0x000000008000ff68 (0xfb843783) ld      a5, -72(s0)
core   0: 3 0x000000008000ff68 (0xfb843783) x15 0x000000000000009c mem 0x0000000080031f28
core   0: 0x000000008000ff6c (0x000097ba) c.add   a5, a4
core   0: 3 0x000000008000ff6c (0x97ba) x15 0x00000000800120dc
core   0: 0x000000008000ff6e (0xfe043703) ld      a4, -32(s0)
core   0: 3 0x000000008000ff6e (0xfe043703) x14 0x000000008001207a mem 0x0000000080031f50
core   0: 0x000000008000ff72 (0xfcf76de3) bltu    a4, a5, pc - 38
core   0: 3 0x000000008000ff72 (0xfcf76de3)
core   0: 0x000000008000ff4c (0xfe043783) ld      a5, -32(s0)
core   0: 3 0x000000008000ff4c (0xfe043783) x15 0x000000008001207a mem 0x0000000080031f50
core   0: 0x000000008000ff50 (0x00178713) addi    a4, a5, 1
core   0: 3 0x000000008000ff50 (0x00178713) x14 0x000000008001207b
core   0: 0x000000008000ff54 (0xfee43023) sd      a4, -32(s0)
core   0: 3 0x000000008000ff54 (0xfee43023) mem 0x0000000080031f50 0x000000008001207b
core   0: 0x000000008000ff58 (0xfc442703) lw      a4, -60(s0)
core   0: 3 0x000000008000ff58 (0xfc442703) x14 0x0000000000000000 mem 0x0000000080031f34
core   0: 0x000000008000ff5c (0x0ff77713) andi    a4, a4, 255
core   0: 3 0x000000008000ff5c (0x0ff77713) x14 0x0000000000000000
core   0: 0x000000008000ff60 (0x00e78023) sb      a4, 0(a5)
core   0: 3 0x000000008000ff60 (0x00e78023) mem 0x000000008001207a 0x00
core   0: 0x000000008000ff64 (0xfc843703) ld      a4, -56(s0)
core   0: 3 0x000000008000ff64 (0xfc843703) x14 0x0000000080012040 mem 0x0000000080031f38
core   0: 0x000000008000ff68 (0xfb843783) ld      a5, -72(s0)
core   0: 3 0x000000008000ff68 (0xfb843783) x15 0x000000000000009c mem 0x0000000080031f28
core   0: 0x000000008000ff6c (0x000097ba) c.add   a5, a4
core   0: 3 0x000000008000ff6c (0x97ba) x15 0x00000000800120dc
core   0: 0x000000008000ff6e (0xfe043703) ld      a4, -32(s0)
core   0: 3 0x000000008000ff6e (0xfe043703) x14 0x000000008001207b mem 0x0000000080031f50
core   0: 0x000000008000ff72 (0xfcf76de3) bltu    a4, a5, pc - 38
core   0: 3 0x000000008000ff72 (0xfcf76de3)
core   0: 0x000000008000ff4c (0xfe043783) ld      a5, -32(s0)
core   0: 3 0x000000008000ff4c (0xfe043783) x15 0x000000008001207b mem 0x0000000080031f50
core   0: 0x000000008000ff50 (0x00178713) addi    a4, a5, 1
core   0: 3 0x000000008000ff50 (0x00178713) x14 0x000000008001207c
core   0: 0x000000008000ff54 (0xfee43023) sd      a4, -32(s0)
core   0: 3 0x000000008000ff54 (0xfee43023) mem 0x0000000080031f50 0x000000008001207c
core   0: 0x000000008000ff58 (0xfc442703) lw      a4, -60(s0)
core   0: 3 0x000000008000ff58 (0xfc442703) x14 0x0000000000000000 mem 0x0000000080031f34
core   0: 0x000000008000ff5c (0x0ff77713) andi    a4, a4, 255
core   0: 3 0x000000008000ff5c (0x0ff77713) x14 0x0000000000000000
core   0: 0x000000008000ff60 (0x00e78023) sb      a4, 0(a5)
core   0: 3 0x000000008000ff60 (0x00e78023) mem 0x000000008001207b 0x00
core   0: 0x000000008000ff64 (0xfc843703) ld      a4, -56(s0)
core   0: 3 0x000000008000ff64 (0xfc843703) x14 0x0000000080012040 mem 0x0000000080031f38
core   0: 0x000000008000ff68 (0xfb843783) ld      a5, -72(s0)
core   0: 3 0x000000008000ff68 (0xfb843783) x15 0x000000000000009c mem 0x0000000080031f28
core   0: 0x000000008000ff6c (0x000097ba) c.add   a5, a4
core   0: 3 0x000000008000ff6c (0x97ba) x15 0x00000000800120dc
core   0: 0x000000008000ff6e (0xfe043703) ld      a4, -32(s0)
core   0: 3 0x000000008000ff6e (0xfe043703) x14 0x000000008001207c mem 0x0000000080031f50
core   0: 0x000000008000ff72 (0xfcf76de3) bltu    a4, a5, pc - 38
core   0: 3 0x000000008000ff72 (0xfcf76de3)
core   0: 0x000000008000ff4c (0xfe043783) ld      a5, -32(s0)
core   0: 3 0x000000008000ff4c (0xfe043783) x15 0x000000008001207c mem 0x0000000080031f50
core   0: 0x000000008000ff50 (0x00178713) addi    a4, a5, 1
core   0: 3 0x000000008000ff50 (0x00178713) x14 0x000000008001207d
core   0: 0x000000008000ff54 (0xfee43023) sd      a4, -32(s0)
core   0: 3 0x000000008000ff54 (0xfee43023) mem 0x0000000080031f50 0x000000008001207d
core   0: 0x000000008000ff58 (0xfc442703) lw      a4, -60(s0)
core   0: 3 0x000000008000ff58 (0xfc442703) x14 0x0000000000000000 mem 0x0000000080031f34
core   0: 0x000000008000ff5c (0x0ff77713) andi    a4, a4, 255
core   0: 3 0x000000008000ff5c (0x0ff77713) x14 0x0000000000000000
core   0: 0x000000008000ff60 (0x00e78023) sb      a4, 0(a5)
core   0: 3 0x000000008000ff60 (0x00e78023) mem 0x000000008001207c 0x00
core   0: 0x000000008000ff64 (0xfc843703) ld      a4, -56(s0)
core   0: 3 0x000000008000ff64 (0xfc843703) x14 0x0000000080012040 mem 0x0000000080031f38
core   0: 0x000000008000ff68 (0xfb843783) ld      a5, -72(s0)
core   0: 3 0x000000008000ff68 (0xfb843783) x15 0x000000000000009c mem 0x0000000080031f28
core   0: 0x000000008000ff6c (0x000097ba) c.add   a5, a4
core   0: 3 0x000000008000ff6c (0x97ba) x15 0x00000000800120dc
core   0: 0x000000008000ff6e (0xfe043703) ld      a4, -32(s0)
core   0: 3 0x000000008000ff6e (0xfe043703) x14 0x000000008001207d mem 0x0000000080031f50
core   0: 0x000000008000ff72 (0xfcf76de3) bltu    a4, a5, pc - 38
core   0: 3 0x000000008000ff72 (0xfcf76de3)
core   0: 0x000000008000ff4c (0xfe043783) ld      a5, -32(s0)
core   0: 3 0x000000008000ff4c (0xfe043783) x15 0x000000008001207d mem 0x0000000080031f50
core   0: 0x000000008000ff50 (0x00178713) addi    a4, a5, 1
core   0: 3 0x000000008000ff50 (0x00178713) x14 0x000000008001207e
core   0: 0x000000008000ff54 (0xfee43023) sd      a4, -32(s0)
core   0: 3 0x000000008000ff54 (0xfee43023) mem 0x0000000080031f50 0x000000008001207e
core   0: 0x000000008000ff58 (0xfc442703) lw      a4, -60(s0)
core   0: 3 0x000000008000ff58 (0xfc442703) x14 0x0000000000000000 mem 0x0000000080031f34
core   0: 0x000000008000ff5c (0x0ff77713) andi    a4, a4, 255
core   0: 3 0x000000008000ff5c (0x0ff77713) x14 0x0000000000000000
core   0: 0x000000008000ff60 (0x00e78023) sb      a4, 0(a5)
core   0: 3 0x000000008000ff60 (0x00e78023) mem 0x000000008001207d 0x00
core   0: 0x000000008000ff64 (0xfc843703) ld      a4, -56(s0)
core   0: 3 0x000000008000ff64 (0xfc843703) x14 0x0000000080012040 mem 0x0000000080031f38
core   0: 0x000000008000ff68 (0xfb843783) ld      a5, -72(s0)
core   0: 3 0x000000008000ff68 (0xfb843783) x15 0x000000000000009c mem 0x0000000080031f28
core   0: 0x000000008000ff6c (0x000097ba) c.add   a5, a4
core   0: 3 0x000000008000ff6c (0x97ba) x15 0x00000000800120dc
core   0: 0x000000008000ff6e (0xfe043703) ld      a4, -32(s0)
core   0: 3 0x000000008000ff6e (0xfe043703) x14 0x000000008001207e mem 0x0000000080031f50
core   0: 0x000000008000ff72 (0xfcf76de3) bltu    a4, a5, pc - 38
core   0: 3 0x000000008000ff72 (0xfcf76de3)
core   0: 0x000000008000ff4c (0xfe043783) ld      a5, -32(s0)
core   0: 3 0x000000008000ff4c (0xfe043783) x15 0x000000008001207e mem 0x0000000080031f50
core   0: 0x000000008000ff50 (0x00178713) addi    a4, a5, 1
core   0: 3 0x000000008000ff50 (0x00178713) x14 0x000000008001207f
core   0: 0x000000008000ff54 (0xfee43023) sd      a4, -32(s0)
core   0: 3 0x000000008000ff54 (0xfee43023) mem 0x0000000080031f50 0x000000008001207f
core   0: 0x000000008000ff58 (0xfc442703) lw      a4, -60(s0)
core   0: 3 0x000000008000ff58 (0xfc442703) x14 0x0000000000000000 mem 0x0000000080031f34
core   0: 0x000000008000ff5c (0x0ff77713) andi    a4, a4, 255
core   0: 3 0x000000008000ff5c (0x0ff77713) x14 0x0000000000000000
core   0: 0x000000008000ff60 (0x00e78023) sb      a4, 0(a5)
core   0: 3 0x000000008000ff60 (0x00e78023) mem 0x000000008001207e 0x00
core   0: 0x000000008000ff64 (0xfc843703) ld      a4, -56(s0)
core   0: 3 0x000000008000ff64 (0xfc843703) x14 0x0000000080012040 mem 0x0000000080031f38
core   0: 0x000000008000ff68 (0xfb843783) ld      a5, -72(s0)
core   0: 3 0x000000008000ff68 (0xfb843783) x15 0x000000000000009c mem 0x0000000080031f28
core   0: 0x000000008000ff6c (0x000097ba) c.add   a5, a4
core   0: 3 0x000000008000ff6c (0x97ba) x15 0x00000000800120dc
core   0: 0x000000008000ff6e (0xfe043703) ld      a4, -32(s0)
core   0: 3 0x000000008000ff6e (0xfe043703) x14 0x000000008001207f mem 0x0000000080031f50
core   0: 0x000000008000ff72 (0xfcf76de3) bltu    a4, a5, pc - 38
core   0: 3 0x000000008000ff72 (0xfcf76de3)
core   0: 0x000000008000ff4c (0xfe043783) ld      a5, -32(s0)
core   0: 3 0x000000008000ff4c (0xfe043783) x15 0x000000008001207f mem 0x0000000080031f50
core   0: 0x000000008000ff50 (0x00178713) addi    a4, a5, 1
core   0: 3 0x000000008000ff50 (0x00178713) x14 0x0000000080012080
core   0: 0x000000008000ff54 (0xfee43023) sd      a4, -32(s0)
core   0: 3 0x000000008000ff54 (0xfee43023) mem 0x0000000080031f50 0x0000000080012080
core   0: 0x000000008000ff58 (0xfc442703) lw      a4, -60(s0)
core   0: 3 0x000000008000ff58 (0xfc442703) x14 0x0000000000000000 mem 0x0000000080031f34
core   0: 0x000000008000ff5c (0x0ff77713) andi    a4, a4, 255
core   0: 3 0x000000008000ff5c (0x0ff77713) x14 0x0000000000000000
core   0: 0x000000008000ff60 (0x00e78023) sb      a4, 0(a5)
core   0: 3 0x000000008000ff60 (0x00e78023) mem 0x000000008001207f 0x00
core   0: 0x000000008000ff64 (0xfc843703) ld      a4, -56(s0)
core   0: 3 0x000000008000ff64 (0xfc843703) x14 0x0000000080012040 mem 0x0000000080031f38
core   0: 0x000000008000ff68 (0xfb843783) ld      a5, -72(s0)
core   0: 3 0x000000008000ff68 (0xfb843783) x15 0x000000000000009c mem 0x0000000080031f28
core   0: 0x000000008000ff6c (0x000097ba) c.add   a5, a4
core   0: 3 0x000000008000ff6c (0x97ba) x15 0x00000000800120dc
core   0: 0x000000008000ff6e (0xfe043703) ld      a4, -32(s0)
core   0: 3 0x000000008000ff6e (0xfe043703) x14 0x0000000080012080 mem 0x0000000080031f50
core   0: 0x000000008000ff72 (0xfcf76de3) bltu    a4, a5, pc - 38
core   0: 3 0x000000008000ff72 (0xfcf76de3)
core   0: 0x000000008000ff4c (0xfe043783) ld      a5, -32(s0)
core   0: 3 0x000000008000ff4c (0xfe043783) x15 0x0000000080012080 mem 0x0000000080031f50
core   0: 0x000000008000ff50 (0x00178713) addi    a4, a5, 1
core   0: 3 0x000000008000ff50 (0x00178713) x14 0x0000000080012081
core   0: 0x000000008000ff54 (0xfee43023) sd      a4, -32(s0)
core   0: 3 0x000000008000ff54 (0xfee43023) mem 0x0000000080031f50 0x0000000080012081
core   0: 0x000000008000ff58 (0xfc442703) lw      a4, -60(s0)
core   0: 3 0x000000008000ff58 (0xfc442703) x14 0x0000000000000000 mem 0x0000000080031f34
core   0: 0x000000008000ff5c (0x0ff77713) andi    a4, a4, 255
core   0: 3 0x000000008000ff5c (0x0ff77713) x14 0x0000000000000000
core   0: 0x000000008000ff60 (0x00e78023) sb      a4, 0(a5)
core   0: 3 0x000000008000ff60 (0x00e78023) mem 0x0000000080012080 0x00
core   0: 0x000000008000ff64 (0xfc843703) ld      a4, -56(s0)
core   0: 3 0x000000008000ff64 (0xfc843703) x14 0x0000000080012040 mem 0x0000000080031f38
core   0: 0x000000008000ff68 (0xfb843783) ld      a5, -72(s0)
core   0: 3 0x000000008000ff68 (0xfb843783) x15 0x000000000000009c mem 0x0000000080031f28
core   0: 0x000000008000ff6c (0x000097ba) c.add   a5, a4
core   0: 3 0x000000008000ff6c (0x97ba) x15 0x00000000800120dc
core   0: 0x000000008000ff6e (0xfe043703) ld      a4, -32(s0)
core   0: 3 0x000000008000ff6e (0xfe043703) x14 0x0000000080012081 mem 0x0000000080031f50
core   0: 0x000000008000ff72 (0xfcf76de3) bltu    a4, a5, pc - 38
core   0: 3 0x000000008000ff72 (0xfcf76de3)
core   0: 0x000000008000ff4c (0xfe043783) ld      a5, -32(s0)
core   0: 3 0x000000008000ff4c (0xfe043783) x15 0x0000000080012081 mem 0x0000000080031f50
core   0: 0x000000008000ff50 (0x00178713) addi    a4, a5, 1
core   0: 3 0x000000008000ff50 (0x00178713) x14 0x0000000080012082
core   0: 0x000000008000ff54 (0xfee43023) sd      a4, -32(s0)
core   0: 3 0x000000008000ff54 (0xfee43023) mem 0x0000000080031f50 0x0000000080012082
core   0: 0x000000008000ff58 (0xfc442703) lw      a4, -60(s0)
core   0: 3 0x000000008000ff58 (0xfc442703) x14 0x0000000000000000 mem 0x0000000080031f34
core   0: 0x000000008000ff5c (0x0ff77713) andi    a4, a4, 255
core   0: 3 0x000000008000ff5c (0x0ff77713) x14 0x0000000000000000
core   0: 0x000000008000ff60 (0x00e78023) sb      a4, 0(a5)
core   0: 3 0x000000008000ff60 (0x00e78023) mem 0x0000000080012081 0x00
core   0: 0x000000008000ff64 (0xfc843703) ld      a4, -56(s0)
core   0: 3 0x000000008000ff64 (0xfc843703) x14 0x0000000080012040 mem 0x0000000080031f38
core   0: 0x000000008000ff68 (0xfb843783) ld      a5, -72(s0)
core   0: 3 0x000000008000ff68 (0xfb843783) x15 0x000000000000009c mem 0x0000000080031f28
core   0: 0x000000008000ff6c (0x000097ba) c.add   a5, a4
core   0: 3 0x000000008000ff6c (0x97ba) x15 0x00000000800120dc
core   0: 0x000000008000ff6e (0xfe043703) ld      a4, -32(s0)
core   0: 3 0x000000008000ff6e (0xfe043703) x14 0x0000000080012082 mem 0x0000000080031f50
core   0: 0x000000008000ff72 (0xfcf76de3) bltu    a4, a5, pc - 38
core   0: 3 0x000000008000ff72 (0xfcf76de3)
core   0: 0x000000008000ff4c (0xfe043783) ld      a5, -32(s0)
core   0: 3 0x000000008000ff4c (0xfe043783) x15 0x0000000080012082 mem 0x0000000080031f50
core   0: 0x000000008000ff50 (0x00178713) addi    a4, a5, 1
core   0: 3 0x000000008000ff50 (0x00178713) x14 0x0000000080012083
core   0: 0x000000008000ff54 (0xfee43023) sd      a4, -32(s0)
core   0: 3 0x000000008000ff54 (0xfee43023) mem 0x0000000080031f50 0x0000000080012083
core   0: 0x000000008000ff58 (0xfc442703) lw      a4, -60(s0)
core   0: 3 0x000000008000ff58 (0xfc442703) x14 0x0000000000000000 mem 0x0000000080031f34
core   0: 0x000000008000ff5c (0x0ff77713) andi    a4, a4, 255
core   0: 3 0x000000008000ff5c (0x0ff77713) x14 0x0000000000000000
core   0: 0x000000008000ff60 (0x00e78023) sb      a4, 0(a5)
core   0: 3 0x000000008000ff60 (0x00e78023) mem 0x0000000080012082 0x00
core   0: 0x000000008000ff64 (0xfc843703) ld      a4, -56(s0)
core   0: 3 0x000000008000ff64 (0xfc843703) x14 0x0000000080012040 mem 0x0000000080031f38
core   0: 0x000000008000ff68 (0xfb843783) ld      a5, -72(s0)
core   0: 3 0x000000008000ff68 (0xfb843783) x15 0x000000000000009c mem 0x0000000080031f28
core   0: 0x000000008000ff6c (0x000097ba) c.add   a5, a4
core   0: 3 0x000000008000ff6c (0x97ba) x15 0x00000000800120dc
core   0: 0x000000008000ff6e (0xfe043703) ld      a4, -32(s0)
core   0: 3 0x000000008000ff6e (0xfe043703) x14 0x0000000080012083 mem 0x0000000080031f50
core   0: 0x000000008000ff72 (0xfcf76de3) bltu    a4, a5, pc - 38
core   0: 3 0x000000008000ff72 (0xfcf76de3)
core   0: 0x000000008000ff4c (0xfe043783) ld      a5, -32(s0)
core   0: 3 0x000000008000ff4c (0xfe043783) x15 0x0000000080012083 mem 0x0000000080031f50
core   0: 0x000000008000ff50 (0x00178713) addi    a4, a5, 1
core   0: 3 0x000000008000ff50 (0x00178713) x14 0x0000000080012084
core   0: 0x000000008000ff54 (0xfee43023) sd      a4, -32(s0)
core   0: 3 0x000000008000ff54 (0xfee43023) mem 0x0000000080031f50 0x0000000080012084
core   0: 0x000000008000ff58 (0xfc442703) lw      a4, -60(s0)
core   0: 3 0x000000008000ff58 (0xfc442703) x14 0x0000000000000000 mem 0x0000000080031f34
core   0: 0x000000008000ff5c (0x0ff77713) andi    a4, a4, 255
core   0: 3 0x000000008000ff5c (0x0ff77713) x14 0x0000000000000000
core   0: 0x000000008000ff60 (0x00e78023) sb      a4, 0(a5)
core   0: 3 0x000000008000ff60 (0x00e78023) mem 0x0000000080012083 0x00
core   0: 0x000000008000ff64 (0xfc843703) ld      a4, -56(s0)
core   0: 3 0x000000008000ff64 (0xfc843703) x14 0x0000000080012040 mem 0x0000000080031f38
core   0: 0x000000008000ff68 (0xfb843783) ld      a5, -72(s0)
core   0: 3 0x000000008000ff68 (0xfb843783) x15 0x000000000000009c mem 0x0000000080031f28
core   0: 0x000000008000ff6c (0x000097ba) c.add   a5, a4
core   0: 3 0x000000008000ff6c (0x97ba) x15 0x00000000800120dc
core   0: 0x000000008000ff6e (0xfe043703) ld      a4, -32(s0)
core   0: 3 0x000000008000ff6e (0xfe043703) x14 0x0000000080012084 mem 0x0000000080031f50
core   0: 0x000000008000ff72 (0xfcf76de3) bltu    a4, a5, pc - 38
core   0: 3 0x000000008000ff72 (0xfcf76de3)
core   0: 0x000000008000ff4c (0xfe043783) ld      a5, -32(s0)
core   0: 3 0x000000008000ff4c (0xfe043783) x15 0x0000000080012084 mem 0x0000000080031f50
core   0: 0x000000008000ff50 (0x00178713) addi    a4, a5, 1
core   0: 3 0x000000008000ff50 (0x00178713) x14 0x0000000080012085
core   0: 0x000000008000ff54 (0xfee43023) sd      a4, -32(s0)
core   0: 3 0x000000008000ff54 (0xfee43023) mem 0x0000000080031f50 0x0000000080012085
core   0: 0x000000008000ff58 (0xfc442703) lw      a4, -60(s0)
core   0: 3 0x000000008000ff58 (0xfc442703) x14 0x0000000000000000 mem 0x0000000080031f34
core   0: 0x000000008000ff5c (0x0ff77713) andi    a4, a4, 255
core   0: 3 0x000000008000ff5c (0x0ff77713) x14 0x0000000000000000
core   0: 0x000000008000ff60 (0x00e78023) sb      a4, 0(a5)
core   0: 3 0x000000008000ff60 (0x00e78023) mem 0x0000000080012084 0x00
core   0: 0x000000008000ff64 (0xfc843703) ld      a4, -56(s0)
core   0: 3 0x000000008000ff64 (0xfc843703) x14 0x0000000080012040 mem 0x0000000080031f38
core   0: 0x000000008000ff68 (0xfb843783) ld      a5, -72(s0)
core   0: 3 0x000000008000ff68 (0xfb843783) x15 0x000000000000009c mem 0x0000000080031f28
core   0: 0x000000008000ff6c (0x000097ba) c.add   a5, a4
core   0: 3 0x000000008000ff6c (0x97ba) x15 0x00000000800120dc
core   0: 0x000000008000ff6e (0xfe043703) ld      a4, -32(s0)
core   0: 3 0x000000008000ff6e (0xfe043703) x14 0x0000000080012085 mem 0x0000000080031f50
core   0: 0x000000008000ff72 (0xfcf76de3) bltu    a4, a5, pc - 38
core   0: 3 0x000000008000ff72 (0xfcf76de3)
core   0: 0x000000008000ff4c (0xfe043783) ld      a5, -32(s0)
core   0: 3 0x000000008000ff4c (0xfe043783) x15 0x0000000080012085 mem 0x0000000080031f50
core   0: 0x000000008000ff50 (0x00178713) addi    a4, a5, 1
core   0: 3 0x000000008000ff50 (0x00178713) x14 0x0000000080012086
core   0: 0x000000008000ff54 (0xfee43023) sd      a4, -32(s0)
core   0: 3 0x000000008000ff54 (0xfee43023) mem 0x0000000080031f50 0x0000000080012086
core   0: 0x000000008000ff58 (0xfc442703) lw      a4, -60(s0)
core   0: 3 0x000000008000ff58 (0xfc442703) x14 0x0000000000000000 mem 0x0000000080031f34
core   0: 0x000000008000ff5c (0x0ff77713) andi    a4, a4, 255
core   0: 3 0x000000008000ff5c (0x0ff77713) x14 0x0000000000000000
core   0: 0x000000008000ff60 (0x00e78023) sb      a4, 0(a5)
core   0: 3 0x000000008000ff60 (0x00e78023) mem 0x0000000080012085 0x00
core   0: 0x000000008000ff64 (0xfc843703) ld      a4, -56(s0)
core   0: 3 0x000000008000ff64 (0xfc843703) x14 0x0000000080012040 mem 0x0000000080031f38
core   0: 0x000000008000ff68 (0xfb843783) ld      a5, -72(s0)
core   0: 3 0x000000008000ff68 (0xfb843783) x15 0x000000000000009c mem 0x0000000080031f28
core   0: 0x000000008000ff6c (0x000097ba) c.add   a5, a4
core   0: 3 0x000000008000ff6c (0x97ba) x15 0x00000000800120dc
core   0: 0x000000008000ff6e (0xfe043703) ld      a4, -32(s0)
core   0: 3 0x000000008000ff6e (0xfe043703) x14 0x0000000080012086 mem 0x0000000080031f50
core   0: 0x000000008000ff72 (0xfcf76de3) bltu    a4, a5, pc - 38
core   0: 3 0x000000008000ff72 (0xfcf76de3)
core   0: 0x000000008000ff4c (0xfe043783) ld      a5, -32(s0)
core   0: 3 0x000000008000ff4c (0xfe043783) x15 0x0000000080012086 mem 0x0000000080031f50
core   0: 0x000000008000ff50 (0x00178713) addi    a4, a5, 1
core   0: 3 0x000000008000ff50 (0x00178713) x14 0x0000000080012087
core   0: 0x000000008000ff54 (0xfee43023) sd      a4, -32(s0)
core   0: 3 0x000000008000ff54 (0xfee43023) mem 0x0000000080031f50 0x0000000080012087
core   0: 0x000000008000ff58 (0xfc442703) lw      a4, -60(s0)
core   0: 3 0x000000008000ff58 (0xfc442703) x14 0x0000000000000000 mem 0x0000000080031f34
core   0: 0x000000008000ff5c (0x0ff77713) andi    a4, a4, 255
core   0: 3 0x000000008000ff5c (0x0ff77713) x14 0x0000000000000000
core   0: 0x000000008000ff60 (0x00e78023) sb      a4, 0(a5)
core   0: 3 0x000000008000ff60 (0x00e78023) mem 0x0000000080012086 0x00
core   0: 0x000000008000ff64 (0xfc843703) ld      a4, -56(s0)
core   0: 3 0x000000008000ff64 (0xfc843703) x14 0x0000000080012040 mem 0x0000000080031f38
core   0: 0x000000008000ff68 (0xfb843783) ld      a5, -72(s0)
core   0: 3 0x000000008000ff68 (0xfb843783) x15 0x000000000000009c mem 0x0000000080031f28
core   0: 0x000000008000ff6c (0x000097ba) c.add   a5, a4
core   0: 3 0x000000008000ff6c (0x97ba) x15 0x00000000800120dc
core   0: 0x000000008000ff6e (0xfe043703) ld      a4, -32(s0)
core   0: 3 0x000000008000ff6e (0xfe043703) x14 0x0000000080012087 mem 0x0000000080031f50
core   0: 0x000000008000ff72 (0xfcf76de3) bltu    a4, a5, pc - 38
core   0: 3 0x000000008000ff72 (0xfcf76de3)
core   0: 0x000000008000ff4c (0xfe043783) ld      a5, -32(s0)
core   0: 3 0x000000008000ff4c (0xfe043783) x15 0x0000000080012087 mem 0x0000000080031f50
core   0: 0x000000008000ff50 (0x00178713) addi    a4, a5, 1
core   0: 3 0x000000008000ff50 (0x00178713) x14 0x0000000080012088
core   0: 0x000000008000ff54 (0xfee43023) sd      a4, -32(s0)
core   0: 3 0x000000008000ff54 (0xfee43023) mem 0x0000000080031f50 0x0000000080012088
core   0: 0x000000008000ff58 (0xfc442703) lw      a4, -60(s0)
core   0: 3 0x000000008000ff58 (0xfc442703) x14 0x0000000000000000 mem 0x0000000080031f34
core   0: 0x000000008000ff5c (0x0ff77713) andi    a4, a4, 255
core   0: 3 0x000000008000ff5c (0x0ff77713) x14 0x0000000000000000
core   0: 0x000000008000ff60 (0x00e78023) sb      a4, 0(a5)
core   0: 3 0x000000008000ff60 (0x00e78023) mem 0x0000000080012087 0x00
core   0: 0x000000008000ff64 (0xfc843703) ld      a4, -56(s0)
core   0: 3 0x000000008000ff64 (0xfc843703) x14 0x0000000080012040 mem 0x0000000080031f38
core   0: 0x000000008000ff68 (0xfb843783) ld      a5, -72(s0)
core   0: 3 0x000000008000ff68 (0xfb843783) x15 0x000000000000009c mem 0x0000000080031f28
core   0: 0x000000008000ff6c (0x000097ba) c.add   a5, a4
core   0: 3 0x000000008000ff6c (0x97ba) x15 0x00000000800120dc
core   0: 0x000000008000ff6e (0xfe043703) ld      a4, -32(s0)
core   0: 3 0x000000008000ff6e (0xfe043703) x14 0x0000000080012088 mem 0x0000000080031f50
core   0: 0x000000008000ff72 (0xfcf76de3) bltu    a4, a5, pc - 38
core   0: 3 0x000000008000ff72 (0xfcf76de3)
core   0: 0x000000008000ff4c (0xfe043783) ld      a5, -32(s0)
core   0: 3 0x000000008000ff4c (0xfe043783) x15 0x0000000080012088 mem 0x0000000080031f50
core   0: 0x000000008000ff50 (0x00178713) addi    a4, a5, 1
core   0: 3 0x000000008000ff50 (0x00178713) x14 0x0000000080012089
core   0: 0x000000008000ff54 (0xfee43023) sd      a4, -32(s0)
core   0: 3 0x000000008000ff54 (0xfee43023) mem 0x0000000080031f50 0x0000000080012089
core   0: 0x000000008000ff58 (0xfc442703) lw      a4, -60(s0)
core   0: 3 0x000000008000ff58 (0xfc442703) x14 0x0000000000000000 mem 0x0000000080031f34
core   0: 0x000000008000ff5c (0x0ff77713) andi    a4, a4, 255
core   0: 3 0x000000008000ff5c (0x0ff77713) x14 0x0000000000000000
core   0: 0x000000008000ff60 (0x00e78023) sb      a4, 0(a5)
core   0: 3 0x000000008000ff60 (0x00e78023) mem 0x0000000080012088 0x00
core   0: 0x000000008000ff64 (0xfc843703) ld      a4, -56(s0)
core   0: 3 0x000000008000ff64 (0xfc843703) x14 0x0000000080012040 mem 0x0000000080031f38
core   0: 0x000000008000ff68 (0xfb843783) ld      a5, -72(s0)
core   0: 3 0x000000008000ff68 (0xfb843783) x15 0x000000000000009c mem 0x0000000080031f28
core   0: 0x000000008000ff6c (0x000097ba) c.add   a5, a4
core   0: 3 0x000000008000ff6c (0x97ba) x15 0x00000000800120dc
core   0: 0x000000008000ff6e (0xfe043703) ld      a4, -32(s0)
core   0: 3 0x000000008000ff6e (0xfe043703) x14 0x0000000080012089 mem 0x0000000080031f50
core   0: 0x000000008000ff72 (0xfcf76de3) bltu    a4, a5, pc - 38
core   0: 3 0x000000008000ff72 (0xfcf76de3)
core   0: 0x000000008000ff4c (0xfe043783) ld      a5, -32(s0)
core   0: 3 0x000000008000ff4c (0xfe043783) x15 0x0000000080012089 mem 0x0000000080031f50
core   0: 0x000000008000ff50 (0x00178713) addi    a4, a5, 1
core   0: 3 0x000000008000ff50 (0x00178713) x14 0x000000008001208a
core   0: 0x000000008000ff54 (0xfee43023) sd      a4, -32(s0)
core   0: 3 0x000000008000ff54 (0xfee43023) mem 0x0000000080031f50 0x000000008001208a
core   0: 0x000000008000ff58 (0xfc442703) lw      a4, -60(s0)
core   0: 3 0x000000008000ff58 (0xfc442703) x14 0x0000000000000000 mem 0x0000000080031f34
core   0: 0x000000008000ff5c (0x0ff77713) andi    a4, a4, 255
core   0: 3 0x000000008000ff5c (0x0ff77713) x14 0x0000000000000000
core   0: 0x000000008000ff60 (0x00e78023) sb      a4, 0(a5)
core   0: 3 0x000000008000ff60 (0x00e78023) mem 0x0000000080012089 0x00
core   0: 0x000000008000ff64 (0xfc843703) ld      a4, -56(s0)
core   0: 3 0x000000008000ff64 (0xfc843703) x14 0x0000000080012040 mem 0x0000000080031f38
core   0: 0x000000008000ff68 (0xfb843783) ld      a5, -72(s0)
core   0: 3 0x000000008000ff68 (0xfb843783) x15 0x000000000000009c mem 0x0000000080031f28
core   0: 0x000000008000ff6c (0x000097ba) c.add   a5, a4
core   0: 3 0x000000008000ff6c (0x97ba) x15 0x00000000800120dc
core   0: 0x000000008000ff6e (0xfe043703) ld      a4, -32(s0)
core   0: 3 0x000000008000ff6e (0xfe043703) x14 0x000000008001208a mem 0x0000000080031f50
core   0: 0x000000008000ff72 (0xfcf76de3) bltu    a4, a5, pc - 38
core   0: 3 0x000000008000ff72 (0xfcf76de3)
core   0: 0x000000008000ff4c (0xfe043783) ld      a5, -32(s0)
core   0: 3 0x000000008000ff4c (0xfe043783) x15 0x000000008001208a mem 0x0000000080031f50
core   0: 0x000000008000ff50 (0x00178713) addi    a4, a5, 1
core   0: 3 0x000000008000ff50 (0x00178713) x14 0x000000008001208b
core   0: 0x000000008000ff54 (0xfee43023) sd      a4, -32(s0)
core   0: 3 0x000000008000ff54 (0xfee43023) mem 0x0000000080031f50 0x000000008001208b
core   0: 0x000000008000ff58 (0xfc442703) lw      a4, -60(s0)
core   0: 3 0x000000008000ff58 (0xfc442703) x14 0x0000000000000000 mem 0x0000000080031f34
core   0: 0x000000008000ff5c (0x0ff77713) andi    a4, a4, 255
core   0: 3 0x000000008000ff5c (0x0ff77713) x14 0x0000000000000000
core   0: 0x000000008000ff60 (0x00e78023) sb      a4, 0(a5)
core   0: 3 0x000000008000ff60 (0x00e78023) mem 0x000000008001208a 0x00
core   0: 0x000000008000ff64 (0xfc843703) ld      a4, -56(s0)
core   0: 3 0x000000008000ff64 (0xfc843703) x14 0x0000000080012040 mem 0x0000000080031f38
core   0: 0x000000008000ff68 (0xfb843783) ld      a5, -72(s0)
core   0: 3 0x000000008000ff68 (0xfb843783) x15 0x000000000000009c mem 0x0000000080031f28
core   0: 0x000000008000ff6c (0x000097ba) c.add   a5, a4
core   0: 3 0x000000008000ff6c (0x97ba) x15 0x00000000800120dc
core   0: 0x000000008000ff6e (0xfe043703) ld      a4, -32(s0)
core   0: 3 0x000000008000ff6e (0xfe043703) x14 0x000000008001208b mem 0x0000000080031f50
core   0: 0x000000008000ff72 (0xfcf76de3) bltu    a4, a5, pc - 38
core   0: 3 0x000000008000ff72 (0xfcf76de3)
core   0: 0x000000008000ff4c (0xfe043783) ld      a5, -32(s0)
core   0: 3 0x000000008000ff4c (0xfe043783) x15 0x000000008001208b mem 0x0000000080031f50
core   0: 0x000000008000ff50 (0x00178713) addi    a4, a5, 1
core   0: 3 0x000000008000ff50 (0x00178713) x14 0x000000008001208c
core   0: 0x000000008000ff54 (0xfee43023) sd      a4, -32(s0)
core   0: 3 0x000000008000ff54 (0xfee43023) mem 0x0000000080031f50 0x000000008001208c
core   0: 0x000000008000ff58 (0xfc442703) lw      a4, -60(s0)
core   0: 3 0x000000008000ff58 (0xfc442703) x14 0x0000000000000000 mem 0x0000000080031f34
core   0: 0x000000008000ff5c (0x0ff77713) andi    a4, a4, 255
core   0: 3 0x000000008000ff5c (0x0ff77713) x14 0x0000000000000000
core   0: 0x000000008000ff60 (0x00e78023) sb      a4, 0(a5)
core   0: 3 0x000000008000ff60 (0x00e78023) mem 0x000000008001208b 0x00
core   0: 0x000000008000ff64 (0xfc843703) ld      a4, -56(s0)
core   0: 3 0x000000008000ff64 (0xfc843703) x14 0x0000000080012040 mem 0x0000000080031f38
core   0: 0x000000008000ff68 (0xfb843783) ld      a5, -72(s0)
core   0: 3 0x000000008000ff68 (0xfb843783) x15 0x000000000000009c mem 0x0000000080031f28
core   0: 0x000000008000ff6c (0x000097ba) c.add   a5, a4
core   0: 3 0x000000008000ff6c (0x97ba) x15 0x00000000800120dc
core   0: 0x000000008000ff6e (0xfe043703) ld      a4, -32(s0)
core   0: 3 0x000000008000ff6e (0xfe043703) x14 0x000000008001208c mem 0x0000000080031f50
core   0: 0x000000008000ff72 (0xfcf76de3) bltu    a4, a5, pc - 38
core   0: 3 0x000000008000ff72 (0xfcf76de3)
core   0: 0x000000008000ff4c (0xfe043783) ld      a5, -32(s0)
core   0: 3 0x000000008000ff4c (0xfe043783) x15 0x000000008001208c mem 0x0000000080031f50
core   0: 0x000000008000ff50 (0x00178713) addi    a4, a5, 1
core   0: 3 0x000000008000ff50 (0x00178713) x14 0x000000008001208d
core   0: 0x000000008000ff54 (0xfee43023) sd      a4, -32(s0)
core   0: 3 0x000000008000ff54 (0xfee43023) mem 0x0000000080031f50 0x000000008001208d
core   0: 0x000000008000ff58 (0xfc442703) lw      a4, -60(s0)
core   0: 3 0x000000008000ff58 (0xfc442703) x14 0x0000000000000000 mem 0x0000000080031f34
core   0: 0x000000008000ff5c (0x0ff77713) andi    a4, a4, 255
core   0: 3 0x000000008000ff5c (0x0ff77713) x14 0x0000000000000000
core   0: 0x000000008000ff60 (0x00e78023) sb      a4, 0(a5)
core   0: 3 0x000000008000ff60 (0x00e78023) mem 0x000000008001208c 0x00
core   0: 0x000000008000ff64 (0xfc843703) ld      a4, -56(s0)
core   0: 3 0x000000008000ff64 (0xfc843703) x14 0x0000000080012040 mem 0x0000000080031f38
core   0: 0x000000008000ff68 (0xfb843783) ld      a5, -72(s0)
core   0: 3 0x000000008000ff68 (0xfb843783) x15 0x000000000000009c mem 0x0000000080031f28
core   0: 0x000000008000ff6c (0x000097ba) c.add   a5, a4
core   0: 3 0x000000008000ff6c (0x97ba) x15 0x00000000800120dc
core   0: 0x000000008000ff6e (0xfe043703) ld      a4, -32(s0)
core   0: 3 0x000000008000ff6e (0xfe043703) x14 0x000000008001208d mem 0x0000000080031f50
core   0: 0x000000008000ff72 (0xfcf76de3) bltu    a4, a5, pc - 38
core   0: 3 0x000000008000ff72 (0xfcf76de3)
core   0: 0x000000008000ff4c (0xfe043783) ld      a5, -32(s0)
core   0: 3 0x000000008000ff4c (0xfe043783) x15 0x000000008001208d mem 0x0000000080031f50
core   0: 0x000000008000ff50 (0x00178713) addi    a4, a5, 1
core   0: 3 0x000000008000ff50 (0x00178713) x14 0x000000008001208e
core   0: 0x000000008000ff54 (0xfee43023) sd      a4, -32(s0)
core   0: 3 0x000000008000ff54 (0xfee43023) mem 0x0000000080031f50 0x000000008001208e
core   0: 0x000000008000ff58 (0xfc442703) lw      a4, -60(s0)
core   0: 3 0x000000008000ff58 (0xfc442703) x14 0x0000000000000000 mem 0x0000000080031f34
core   0: 0x000000008000ff5c (0x0ff77713) andi    a4, a4, 255
core   0: 3 0x000000008000ff5c (0x0ff77713) x14 0x0000000000000000
core   0: 0x000000008000ff60 (0x00e78023) sb      a4, 0(a5)
core   0: 3 0x000000008000ff60 (0x00e78023) mem 0x000000008001208d 0x00
core   0: 0x000000008000ff64 (0xfc843703) ld      a4, -56(s0)
core   0: 3 0x000000008000ff64 (0xfc843703) x14 0x0000000080012040 mem 0x0000000080031f38
core   0: 0x000000008000ff68 (0xfb843783) ld      a5, -72(s0)
core   0: 3 0x000000008000ff68 (0xfb843783) x15 0x000000000000009c mem 0x0000000080031f28
core   0: 0x000000008000ff6c (0x000097ba) c.add   a5, a4
core   0: 3 0x000000008000ff6c (0x97ba) x15 0x00000000800120dc
core   0: 0x000000008000ff6e (0xfe043703) ld      a4, -32(s0)
core   0: 3 0x000000008000ff6e (0xfe043703) x14 0x000000008001208e mem 0x0000000080031f50
core   0: 0x000000008000ff72 (0xfcf76de3) bltu    a4, a5, pc - 38
core   0: 3 0x000000008000ff72 (0xfcf76de3)
core   0: 0x000000008000ff4c (0xfe043783) ld      a5, -32(s0)
core   0: 3 0x000000008000ff4c (0xfe043783) x15 0x000000008001208e mem 0x0000000080031f50
core   0: 0x000000008000ff50 (0x00178713) addi    a4, a5, 1
core   0: 3 0x000000008000ff50 (0x00178713) x14 0x000000008001208f
core   0: 0x000000008000ff54 (0xfee43023) sd      a4, -32(s0)
core   0: 3 0x000000008000ff54 (0xfee43023) mem 0x0000000080031f50 0x000000008001208f
core   0: 0x000000008000ff58 (0xfc442703) lw      a4, -60(s0)
core   0: 3 0x000000008000ff58 (0xfc442703) x14 0x0000000000000000 mem 0x0000000080031f34
core   0: 0x000000008000ff5c (0x0ff77713) andi    a4, a4, 255
core   0: 3 0x000000008000ff5c (0x0ff77713) x14 0x0000000000000000
core   0: 0x000000008000ff60 (0x00e78023) sb      a4, 0(a5)
core   0: 3 0x000000008000ff60 (0x00e78023) mem 0x000000008001208e 0x00
core   0: 0x000000008000ff64 (0xfc843703) ld      a4, -56(s0)
core   0: 3 0x000000008000ff64 (0xfc843703) x14 0x0000000080012040 mem 0x0000000080031f38
core   0: 0x000000008000ff68 (0xfb843783) ld      a5, -72(s0)
core   0: 3 0x000000008000ff68 (0xfb843783) x15 0x000000000000009c mem 0x0000000080031f28
core   0: 0x000000008000ff6c (0x000097ba) c.add   a5, a4
core   0: 3 0x000000008000ff6c (0x97ba) x15 0x00000000800120dc
core   0: 0x000000008000ff6e (0xfe043703) ld      a4, -32(s0)
core   0: 3 0x000000008000ff6e (0xfe043703) x14 0x000000008001208f mem 0x0000000080031f50
core   0: 0x000000008000ff72 (0xfcf76de3) bltu    a4, a5, pc - 38
core   0: 3 0x000000008000ff72 (0xfcf76de3)
core   0: 0x000000008000ff4c (0xfe043783) ld      a5, -32(s0)
core   0: 3 0x000000008000ff4c (0xfe043783) x15 0x000000008001208f mem 0x0000000080031f50
core   0: 0x000000008000ff50 (0x00178713) addi    a4, a5, 1
core   0: 3 0x000000008000ff50 (0x00178713) x14 0x0000000080012090
core   0: 0x000000008000ff54 (0xfee43023) sd      a4, -32(s0)
core   0: 3 0x000000008000ff54 (0xfee43023) mem 0x0000000080031f50 0x0000000080012090
core   0: 0x000000008000ff58 (0xfc442703) lw      a4, -60(s0)
core   0: 3 0x000000008000ff58 (0xfc442703) x14 0x0000000000000000 mem 0x0000000080031f34
core   0: 0x000000008000ff5c (0x0ff77713) andi    a4, a4, 255
core   0: 3 0x000000008000ff5c (0x0ff77713) x14 0x0000000000000000
core   0: 0x000000008000ff60 (0x00e78023) sb      a4, 0(a5)
core   0: 3 0x000000008000ff60 (0x00e78023) mem 0x000000008001208f 0x00
core   0: 0x000000008000ff64 (0xfc843703) ld      a4, -56(s0)
core   0: 3 0x000000008000ff64 (0xfc843703) x14 0x0000000080012040 mem 0x0000000080031f38
core   0: 0x000000008000ff68 (0xfb843783) ld      a5, -72(s0)
core   0: 3 0x000000008000ff68 (0xfb843783) x15 0x000000000000009c mem 0x0000000080031f28
core   0: 0x000000008000ff6c (0x000097ba) c.add   a5, a4
core   0: 3 0x000000008000ff6c (0x97ba) x15 0x00000000800120dc
core   0: 0x000000008000ff6e (0xfe043703) ld      a4, -32(s0)
core   0: 3 0x000000008000ff6e (0xfe043703) x14 0x0000000080012090 mem 0x0000000080031f50
core   0: 0x000000008000ff72 (0xfcf76de3) bltu    a4, a5, pc - 38
core   0: 3 0x000000008000ff72 (0xfcf76de3)
core   0: 0x000000008000ff4c (0xfe043783) ld      a5, -32(s0)
core   0: 3 0x000000008000ff4c (0xfe043783) x15 0x0000000080012090 mem 0x0000000080031f50
core   0: 0x000000008000ff50 (0x00178713) addi    a4, a5, 1
core   0: 3 0x000000008000ff50 (0x00178713) x14 0x0000000080012091
core   0: 0x000000008000ff54 (0xfee43023) sd      a4, -32(s0)
core   0: 3 0x000000008000ff54 (0xfee43023) mem 0x0000000080031f50 0x0000000080012091
core   0: 0x000000008000ff58 (0xfc442703) lw      a4, -60(s0)
core   0: 3 0x000000008000ff58 (0xfc442703) x14 0x0000000000000000 mem 0x0000000080031f34
core   0: 0x000000008000ff5c (0x0ff77713) andi    a4, a4, 255
core   0: 3 0x000000008000ff5c (0x0ff77713) x14 0x0000000000000000
core   0: 0x000000008000ff60 (0x00e78023) sb      a4, 0(a5)
core   0: 3 0x000000008000ff60 (0x00e78023) mem 0x0000000080012090 0x00
core   0: 0x000000008000ff64 (0xfc843703) ld      a4, -56(s0)
core   0: 3 0x000000008000ff64 (0xfc843703) x14 0x0000000080012040 mem 0x0000000080031f38
core   0: 0x000000008000ff68 (0xfb843783) ld      a5, -72(s0)
core   0: 3 0x000000008000ff68 (0xfb843783) x15 0x000000000000009c mem 0x0000000080031f28
core   0: 0x000000008000ff6c (0x000097ba) c.add   a5, a4
core   0: 3 0x000000008000ff6c (0x97ba) x15 0x00000000800120dc
core   0: 0x000000008000ff6e (0xfe043703) ld      a4, -32(s0)
core   0: 3 0x000000008000ff6e (0xfe043703) x14 0x0000000080012091 mem 0x0000000080031f50
core   0: 0x000000008000ff72 (0xfcf76de3) bltu    a4, a5, pc - 38
core   0: 3 0x000000008000ff72 (0xfcf76de3)
core   0: 0x000000008000ff4c (0xfe043783) ld      a5, -32(s0)
core   0: 3 0x000000008000ff4c (0xfe043783) x15 0x0000000080012091 mem 0x0000000080031f50
core   0: 0x000000008000ff50 (0x00178713) addi    a4, a5, 1
core   0: 3 0x000000008000ff50 (0x00178713) x14 0x0000000080012092
core   0: 0x000000008000ff54 (0xfee43023) sd      a4, -32(s0)
core   0: 3 0x000000008000ff54 (0xfee43023) mem 0x0000000080031f50 0x0000000080012092
core   0: 0x000000008000ff58 (0xfc442703) lw      a4, -60(s0)
core   0: 3 0x000000008000ff58 (0xfc442703) x14 0x0000000000000000 mem 0x0000000080031f34
core   0: 0x000000008000ff5c (0x0ff77713) andi    a4, a4, 255
core   0: 3 0x000000008000ff5c (0x0ff77713) x14 0x0000000000000000
core   0: 0x000000008000ff60 (0x00e78023) sb      a4, 0(a5)
core   0: 3 0x000000008000ff60 (0x00e78023) mem 0x0000000080012091 0x00
core   0: 0x000000008000ff64 (0xfc843703) ld      a4, -56(s0)
core   0: 3 0x000000008000ff64 (0xfc843703) x14 0x0000000080012040 mem 0x0000000080031f38
core   0: 0x000000008000ff68 (0xfb843783) ld      a5, -72(s0)
core   0: 3 0x000000008000ff68 (0xfb843783) x15 0x000000000000009c mem 0x0000000080031f28
core   0: 0x000000008000ff6c (0x000097ba) c.add   a5, a4
core   0: 3 0x000000008000ff6c (0x97ba) x15 0x00000000800120dc
core   0: 0x000000008000ff6e (0xfe043703) ld      a4, -32(s0)
core   0: 3 0x000000008000ff6e (0xfe043703) x14 0x0000000080012092 mem 0x0000000080031f50
core   0: 0x000000008000ff72 (0xfcf76de3) bltu    a4, a5, pc - 38
core   0: 3 0x000000008000ff72 (0xfcf76de3)
core   0: 0x000000008000ff4c (0xfe043783) ld      a5, -32(s0)
core   0: 3 0x000000008000ff4c (0xfe043783) x15 0x0000000080012092 mem 0x0000000080031f50
core   0: 0x000000008000ff50 (0x00178713) addi    a4, a5, 1
core   0: 3 0x000000008000ff50 (0x00178713) x14 0x0000000080012093
core   0: 0x000000008000ff54 (0xfee43023) sd      a4, -32(s0)
core   0: 3 0x000000008000ff54 (0xfee43023) mem 0x0000000080031f50 0x0000000080012093
core   0: 0x000000008000ff58 (0xfc442703) lw      a4, -60(s0)
core   0: 3 0x000000008000ff58 (0xfc442703) x14 0x0000000000000000 mem 0x0000000080031f34
core   0: 0x000000008000ff5c (0x0ff77713) andi    a4, a4, 255
core   0: 3 0x000000008000ff5c (0x0ff77713) x14 0x0000000000000000
core   0: 0x000000008000ff60 (0x00e78023) sb      a4, 0(a5)
core   0: 3 0x000000008000ff60 (0x00e78023) mem 0x0000000080012092 0x00
core   0: 0x000000008000ff64 (0xfc843703) ld      a4, -56(s0)
core   0: 3 0x000000008000ff64 (0xfc843703) x14 0x0000000080012040 mem 0x0000000080031f38
core   0: 0x000000008000ff68 (0xfb843783) ld      a5, -72(s0)
core   0: 3 0x000000008000ff68 (0xfb843783) x15 0x000000000000009c mem 0x0000000080031f28
core   0: 0x000000008000ff6c (0x000097ba) c.add   a5, a4
core   0: 3 0x000000008000ff6c (0x97ba) x15 0x00000000800120dc
core   0: 0x000000008000ff6e (0xfe043703) ld      a4, -32(s0)
core   0: 3 0x000000008000ff6e (0xfe043703) x14 0x0000000080012093 mem 0x0000000080031f50
core   0: 0x000000008000ff72 (0xfcf76de3) bltu    a4, a5, pc - 38
core   0: 3 0x000000008000ff72 (0xfcf76de3)
core   0: 0x000000008000ff4c (0xfe043783) ld      a5, -32(s0)
core   0: 3 0x000000008000ff4c (0xfe043783) x15 0x0000000080012093 mem 0x0000000080031f50
core   0: 0x000000008000ff50 (0x00178713) addi    a4, a5, 1
core   0: 3 0x000000008000ff50 (0x00178713) x14 0x0000000080012094
core   0: 0x000000008000ff54 (0xfee43023) sd      a4, -32(s0)
core   0: 3 0x000000008000ff54 (0xfee43023) mem 0x0000000080031f50 0x0000000080012094
core   0: 0x000000008000ff58 (0xfc442703) lw      a4, -60(s0)
core   0: 3 0x000000008000ff58 (0xfc442703) x14 0x0000000000000000 mem 0x0000000080031f34
core   0: 0x000000008000ff5c (0x0ff77713) andi    a4, a4, 255
core   0: 3 0x000000008000ff5c (0x0ff77713) x14 0x0000000000000000
core   0: 0x000000008000ff60 (0x00e78023) sb      a4, 0(a5)
core   0: 3 0x000000008000ff60 (0x00e78023) mem 0x0000000080012093 0x00
core   0: 0x000000008000ff64 (0xfc843703) ld      a4, -56(s0)
core   0: 3 0x000000008000ff64 (0xfc843703) x14 0x0000000080012040 mem 0x0000000080031f38
core   0: 0x000000008000ff68 (0xfb843783) ld      a5, -72(s0)
core   0: 3 0x000000008000ff68 (0xfb843783) x15 0x000000000000009c mem 0x0000000080031f28
core   0: 0x000000008000ff6c (0x000097ba) c.add   a5, a4
core   0: 3 0x000000008000ff6c (0x97ba) x15 0x00000000800120dc
core   0: 0x000000008000ff6e (0xfe043703) ld      a4, -32(s0)
core   0: 3 0x000000008000ff6e (0xfe043703) x14 0x0000000080012094 mem 0x0000000080031f50
core   0: 0x000000008000ff72 (0xfcf76de3) bltu    a4, a5, pc - 38
core   0: 3 0x000000008000ff72 (0xfcf76de3)
core   0: 0x000000008000ff4c (0xfe043783) ld      a5, -32(s0)
core   0: 3 0x000000008000ff4c (0xfe043783) x15 0x0000000080012094 mem 0x0000000080031f50
core   0: 0x000000008000ff50 (0x00178713) addi    a4, a5, 1
core   0: 3 0x000000008000ff50 (0x00178713) x14 0x0000000080012095
core   0: 0x000000008000ff54 (0xfee43023) sd      a4, -32(s0)
core   0: 3 0x000000008000ff54 (0xfee43023) mem 0x0000000080031f50 0x0000000080012095
core   0: 0x000000008000ff58 (0xfc442703) lw      a4, -60(s0)
core   0: 3 0x000000008000ff58 (0xfc442703) x14 0x0000000000000000 mem 0x0000000080031f34
core   0: 0x000000008000ff5c (0x0ff77713) andi    a4, a4, 255
core   0: 3 0x000000008000ff5c (0x0ff77713) x14 0x0000000000000000
core   0: 0x000000008000ff60 (0x00e78023) sb      a4, 0(a5)
core   0: 3 0x000000008000ff60 (0x00e78023) mem 0x0000000080012094 0x00
core   0: 0x000000008000ff64 (0xfc843703) ld      a4, -56(s0)
core   0: 3 0x000000008000ff64 (0xfc843703) x14 0x0000000080012040 mem 0x0000000080031f38
core   0: 0x000000008000ff68 (0xfb843783) ld      a5, -72(s0)
core   0: 3 0x000000008000ff68 (0xfb843783) x15 0x000000000000009c mem 0x0000000080031f28
core   0: 0x000000008000ff6c (0x000097ba) c.add   a5, a4
core   0: 3 0x000000008000ff6c (0x97ba) x15 0x00000000800120dc
core   0: 0x000000008000ff6e (0xfe043703) ld      a4, -32(s0)
core   0: 3 0x000000008000ff6e (0xfe043703) x14 0x0000000080012095 mem 0x0000000080031f50
core   0: 0x000000008000ff72 (0xfcf76de3) bltu    a4, a5, pc - 38
core   0: 3 0x000000008000ff72 (0xfcf76de3)
core   0: 0x000000008000ff4c (0xfe043783) ld      a5, -32(s0)
core   0: 3 0x000000008000ff4c (0xfe043783) x15 0x0000000080012095 mem 0x0000000080031f50
core   0: 0x000000008000ff50 (0x00178713) addi    a4, a5, 1
core   0: 3 0x000000008000ff50 (0x00178713) x14 0x0000000080012096
core   0: 0x000000008000ff54 (0xfee43023) sd      a4, -32(s0)
core   0: 3 0x000000008000ff54 (0xfee43023) mem 0x0000000080031f50 0x0000000080012096
core   0: 0x000000008000ff58 (0xfc442703) lw      a4, -60(s0)
core   0: 3 0x000000008000ff58 (0xfc442703) x14 0x0000000000000000 mem 0x0000000080031f34
core   0: 0x000000008000ff5c (0x0ff77713) andi    a4, a4, 255
core   0: 3 0x000000008000ff5c (0x0ff77713) x14 0x0000000000000000
core   0: 0x000000008000ff60 (0x00e78023) sb      a4, 0(a5)
core   0: 3 0x000000008000ff60 (0x00e78023) mem 0x0000000080012095 0x00
core   0: 0x000000008000ff64 (0xfc843703) ld      a4, -56(s0)
core   0: 3 0x000000008000ff64 (0xfc843703) x14 0x0000000080012040 mem 0x0000000080031f38
core   0: 0x000000008000ff68 (0xfb843783) ld      a5, -72(s0)
core   0: 3 0x000000008000ff68 (0xfb843783) x15 0x000000000000009c mem 0x0000000080031f28
core   0: 0x000000008000ff6c (0x000097ba) c.add   a5, a4
core   0: 3 0x000000008000ff6c (0x97ba) x15 0x00000000800120dc
core   0: 0x000000008000ff6e (0xfe043703) ld      a4, -32(s0)
core   0: 3 0x000000008000ff6e (0xfe043703) x14 0x0000000080012096 mem 0x0000000080031f50
core   0: 0x000000008000ff72 (0xfcf76de3) bltu    a4, a5, pc - 38
core   0: 3 0x000000008000ff72 (0xfcf76de3)
core   0: 0x000000008000ff4c (0xfe043783) ld      a5, -32(s0)
core   0: 3 0x000000008000ff4c (0xfe043783) x15 0x0000000080012096 mem 0x0000000080031f50
core   0: 0x000000008000ff50 (0x00178713) addi    a4, a5, 1
core   0: 3 0x000000008000ff50 (0x00178713) x14 0x0000000080012097
core   0: 0x000000008000ff54 (0xfee43023) sd      a4, -32(s0)
core   0: 3 0x000000008000ff54 (0xfee43023) mem 0x0000000080031f50 0x0000000080012097
core   0: 0x000000008000ff58 (0xfc442703) lw      a4, -60(s0)
core   0: 3 0x000000008000ff58 (0xfc442703) x14 0x0000000000000000 mem 0x0000000080031f34
core   0: 0x000000008000ff5c (0x0ff77713) andi    a4, a4, 255
core   0: 3 0x000000008000ff5c (0x0ff77713) x14 0x0000000000000000
core   0: 0x000000008000ff60 (0x00e78023) sb      a4, 0(a5)
core   0: 3 0x000000008000ff60 (0x00e78023) mem 0x0000000080012096 0x00
core   0: 0x000000008000ff64 (0xfc843703) ld      a4, -56(s0)
core   0: 3 0x000000008000ff64 (0xfc843703) x14 0x0000000080012040 mem 0x0000000080031f38
core   0: 0x000000008000ff68 (0xfb843783) ld      a5, -72(s0)
core   0: 3 0x000000008000ff68 (0xfb843783) x15 0x000000000000009c mem 0x0000000080031f28
core   0: 0x000000008000ff6c (0x000097ba) c.add   a5, a4
core   0: 3 0x000000008000ff6c (0x97ba) x15 0x00000000800120dc
core   0: 0x000000008000ff6e (0xfe043703) ld      a4, -32(s0)
core   0: 3 0x000000008000ff6e (0xfe043703) x14 0x0000000080012097 mem 0x0000000080031f50
core   0: 0x000000008000ff72 (0xfcf76de3) bltu    a4, a5, pc - 38
core   0: 3 0x000000008000ff72 (0xfcf76de3)
core   0: 0x000000008000ff4c (0xfe043783) ld      a5, -32(s0)
core   0: 3 0x000000008000ff4c (0xfe043783) x15 0x0000000080012097 mem 0x0000000080031f50
core   0: 0x000000008000ff50 (0x00178713) addi    a4, a5, 1
core   0: 3 0x000000008000ff50 (0x00178713) x14 0x0000000080012098
core   0: 0x000000008000ff54 (0xfee43023) sd      a4, -32(s0)
core   0: 3 0x000000008000ff54 (0xfee43023) mem 0x0000000080031f50 0x0000000080012098
core   0: 0x000000008000ff58 (0xfc442703) lw      a4, -60(s0)
core   0: 3 0x000000008000ff58 (0xfc442703) x14 0x0000000000000000 mem 0x0000000080031f34
core   0: 0x000000008000ff5c (0x0ff77713) andi    a4, a4, 255
core   0: 3 0x000000008000ff5c (0x0ff77713) x14 0x0000000000000000
core   0: 0x000000008000ff60 (0x00e78023) sb      a4, 0(a5)
core   0: 3 0x000000008000ff60 (0x00e78023) mem 0x0000000080012097 0x00
core   0: 0x000000008000ff64 (0xfc843703) ld      a4, -56(s0)
core   0: 3 0x000000008000ff64 (0xfc843703) x14 0x0000000080012040 mem 0x0000000080031f38
core   0: 0x000000008000ff68 (0xfb843783) ld      a5, -72(s0)
core   0: 3 0x000000008000ff68 (0xfb843783) x15 0x000000000000009c mem 0x0000000080031f28
core   0: 0x000000008000ff6c (0x000097ba) c.add   a5, a4
core   0: 3 0x000000008000ff6c (0x97ba) x15 0x00000000800120dc
core   0: 0x000000008000ff6e (0xfe043703) ld      a4, -32(s0)
core   0: 3 0x000000008000ff6e (0xfe043703) x14 0x0000000080012098 mem 0x0000000080031f50
core   0: 0x000000008000ff72 (0xfcf76de3) bltu    a4, a5, pc - 38
core   0: 3 0x000000008000ff72 (0xfcf76de3)
core   0: 0x000000008000ff4c (0xfe043783) ld      a5, -32(s0)
core   0: 3 0x000000008000ff4c (0xfe043783) x15 0x0000000080012098 mem 0x0000000080031f50
core   0: 0x000000008000ff50 (0x00178713) addi    a4, a5, 1
core   0: 3 0x000000008000ff50 (0x00178713) x14 0x0000000080012099
core   0: 0x000000008000ff54 (0xfee43023) sd      a4, -32(s0)
core   0: 3 0x000000008000ff54 (0xfee43023) mem 0x0000000080031f50 0x0000000080012099
core   0: 0x000000008000ff58 (0xfc442703) lw      a4, -60(s0)
core   0: 3 0x000000008000ff58 (0xfc442703) x14 0x0000000000000000 mem 0x0000000080031f34
core   0: 0x000000008000ff5c (0x0ff77713) andi    a4, a4, 255
core   0: 3 0x000000008000ff5c (0x0ff77713) x14 0x0000000000000000
core   0: 0x000000008000ff60 (0x00e78023) sb      a4, 0(a5)
core   0: 3 0x000000008000ff60 (0x00e78023) mem 0x0000000080012098 0x00
core   0: 0x000000008000ff64 (0xfc843703) ld      a4, -56(s0)
core   0: 3 0x000000008000ff64 (0xfc843703) x14 0x0000000080012040 mem 0x0000000080031f38
core   0: 0x000000008000ff68 (0xfb843783) ld      a5, -72(s0)
core   0: 3 0x000000008000ff68 (0xfb843783) x15 0x000000000000009c mem 0x0000000080031f28
core   0: 0x000000008000ff6c (0x000097ba) c.add   a5, a4
core   0: 3 0x000000008000ff6c (0x97ba) x15 0x00000000800120dc
core   0: 0x000000008000ff6e (0xfe043703) ld      a4, -32(s0)
core   0: 3 0x000000008000ff6e (0xfe043703) x14 0x0000000080012099 mem 0x0000000080031f50
core   0: 0x000000008000ff72 (0xfcf76de3) bltu    a4, a5, pc - 38
core   0: 3 0x000000008000ff72 (0xfcf76de3)
core   0: 0x000000008000ff4c (0xfe043783) ld      a5, -32(s0)
core   0: 3 0x000000008000ff4c (0xfe043783) x15 0x0000000080012099 mem 0x0000000080031f50
core   0: 0x000000008000ff50 (0x00178713) addi    a4, a5, 1
core   0: 3 0x000000008000ff50 (0x00178713) x14 0x000000008001209a
core   0: 0x000000008000ff54 (0xfee43023) sd      a4, -32(s0)
core   0: 3 0x000000008000ff54 (0xfee43023) mem 0x0000000080031f50 0x000000008001209a
core   0: 0x000000008000ff58 (0xfc442703) lw      a4, -60(s0)
core   0: 3 0x000000008000ff58 (0xfc442703) x14 0x0000000000000000 mem 0x0000000080031f34
core   0: 0x000000008000ff5c (0x0ff77713) andi    a4, a4, 255
core   0: 3 0x000000008000ff5c (0x0ff77713) x14 0x0000000000000000
core   0: 0x000000008000ff60 (0x00e78023) sb      a4, 0(a5)
core   0: 3 0x000000008000ff60 (0x00e78023) mem 0x0000000080012099 0x00
core   0: 0x000000008000ff64 (0xfc843703) ld      a4, -56(s0)
core   0: 3 0x000000008000ff64 (0xfc843703) x14 0x0000000080012040 mem 0x0000000080031f38
core   0: 0x000000008000ff68 (0xfb843783) ld      a5, -72(s0)
core   0: 3 0x000000008000ff68 (0xfb843783) x15 0x000000000000009c mem 0x0000000080031f28
core   0: 0x000000008000ff6c (0x000097ba) c.add   a5, a4
core   0: 3 0x000000008000ff6c (0x97ba) x15 0x00000000800120dc
core   0: 0x000000008000ff6e (0xfe043703) ld      a4, -32(s0)
core   0: 3 0x000000008000ff6e (0xfe043703) x14 0x000000008001209a mem 0x0000000080031f50
core   0: 0x000000008000ff72 (0xfcf76de3) bltu    a4, a5, pc - 38
core   0: 3 0x000000008000ff72 (0xfcf76de3)
core   0: 0x000000008000ff4c (0xfe043783) ld      a5, -32(s0)
core   0: 3 0x000000008000ff4c (0xfe043783) x15 0x000000008001209a mem 0x0000000080031f50
core   0: 0x000000008000ff50 (0x00178713) addi    a4, a5, 1
core   0: 3 0x000000008000ff50 (0x00178713) x14 0x000000008001209b
core   0: 0x000000008000ff54 (0xfee43023) sd      a4, -32(s0)
core   0: 3 0x000000008000ff54 (0xfee43023) mem 0x0000000080031f50 0x000000008001209b
core   0: 0x000000008000ff58 (0xfc442703) lw      a4, -60(s0)
core   0: 3 0x000000008000ff58 (0xfc442703) x14 0x0000000000000000 mem 0x0000000080031f34
core   0: 0x000000008000ff5c (0x0ff77713) andi    a4, a4, 255
core   0: 3 0x000000008000ff5c (0x0ff77713) x14 0x0000000000000000
core   0: 0x000000008000ff60 (0x00e78023) sb      a4, 0(a5)
core   0: 3 0x000000008000ff60 (0x00e78023) mem 0x000000008001209a 0x00
core   0: 0x000000008000ff64 (0xfc843703) ld      a4, -56(s0)
core   0: 3 0x000000008000ff64 (0xfc843703) x14 0x0000000080012040 mem 0x0000000080031f38
core   0: 0x000000008000ff68 (0xfb843783) ld      a5, -72(s0)
core   0: 3 0x000000008000ff68 (0xfb843783) x15 0x000000000000009c mem 0x0000000080031f28
core   0: 0x000000008000ff6c (0x000097ba) c.add   a5, a4
core   0: 3 0x000000008000ff6c (0x97ba) x15 0x00000000800120dc
core   0: 0x000000008000ff6e (0xfe043703) ld      a4, -32(s0)
core   0: 3 0x000000008000ff6e (0xfe043703) x14 0x000000008001209b mem 0x0000000080031f50
core   0: 0x000000008000ff72 (0xfcf76de3) bltu    a4, a5, pc - 38
core   0: 3 0x000000008000ff72 (0xfcf76de3)
core   0: 0x000000008000ff4c (0xfe043783) ld      a5, -32(s0)
core   0: 3 0x000000008000ff4c (0xfe043783) x15 0x000000008001209b mem 0x0000000080031f50
core   0: 0x000000008000ff50 (0x00178713) addi    a4, a5, 1
core   0: 3 0x000000008000ff50 (0x00178713) x14 0x000000008001209c
core   0: 0x000000008000ff54 (0xfee43023) sd      a4, -32(s0)
core   0: 3 0x000000008000ff54 (0xfee43023) mem 0x0000000080031f50 0x000000008001209c
core   0: 0x000000008000ff58 (0xfc442703) lw      a4, -60(s0)
core   0: 3 0x000000008000ff58 (0xfc442703) x14 0x0000000000000000 mem 0x0000000080031f34
core   0: 0x000000008000ff5c (0x0ff77713) andi    a4, a4, 255
core   0: 3 0x000000008000ff5c (0x0ff77713) x14 0x0000000000000000
core   0: 0x000000008000ff60 (0x00e78023) sb      a4, 0(a5)
core   0: 3 0x000000008000ff60 (0x00e78023) mem 0x000000008001209b 0x00
core   0: 0x000000008000ff64 (0xfc843703) ld      a4, -56(s0)
core   0: 3 0x000000008000ff64 (0xfc843703) x14 0x0000000080012040 mem 0x0000000080031f38
core   0: 0x000000008000ff68 (0xfb843783) ld      a5, -72(s0)
core   0: 3 0x000000008000ff68 (0xfb843783) x15 0x000000000000009c mem 0x0000000080031f28
core   0: 0x000000008000ff6c (0x000097ba) c.add   a5, a4
core   0: 3 0x000000008000ff6c (0x97ba) x15 0x00000000800120dc
core   0: 0x000000008000ff6e (0xfe043703) ld      a4, -32(s0)
core   0: 3 0x000000008000ff6e (0xfe043703) x14 0x000000008001209c mem 0x0000000080031f50
core   0: 0x000000008000ff72 (0xfcf76de3) bltu    a4, a5, pc - 38
core   0: 3 0x000000008000ff72 (0xfcf76de3)
core   0: 0x000000008000ff4c (0xfe043783) ld      a5, -32(s0)
core   0: 3 0x000000008000ff4c (0xfe043783) x15 0x000000008001209c mem 0x0000000080031f50
core   0: 0x000000008000ff50 (0x00178713) addi    a4, a5, 1
core   0: 3 0x000000008000ff50 (0x00178713) x14 0x000000008001209d
core   0: 0x000000008000ff54 (0xfee43023) sd      a4, -32(s0)
core   0: 3 0x000000008000ff54 (0xfee43023) mem 0x0000000080031f50 0x000000008001209d
core   0: 0x000000008000ff58 (0xfc442703) lw      a4, -60(s0)
core   0: 3 0x000000008000ff58 (0xfc442703) x14 0x0000000000000000 mem 0x0000000080031f34
core   0: 0x000000008000ff5c (0x0ff77713) andi    a4, a4, 255
core   0: 3 0x000000008000ff5c (0x0ff77713) x14 0x0000000000000000
core   0: 0x000000008000ff60 (0x00e78023) sb      a4, 0(a5)
core   0: 3 0x000000008000ff60 (0x00e78023) mem 0x000000008001209c 0x00
core   0: 0x000000008000ff64 (0xfc843703) ld      a4, -56(s0)
core   0: 3 0x000000008000ff64 (0xfc843703) x14 0x0000000080012040 mem 0x0000000080031f38
core   0: 0x000000008000ff68 (0xfb843783) ld      a5, -72(s0)
core   0: 3 0x000000008000ff68 (0xfb843783) x15 0x000000000000009c mem 0x0000000080031f28
core   0: 0x000000008000ff6c (0x000097ba) c.add   a5, a4
core   0: 3 0x000000008000ff6c (0x97ba) x15 0x00000000800120dc
core   0: 0x000000008000ff6e (0xfe043703) ld      a4, -32(s0)
core   0: 3 0x000000008000ff6e (0xfe043703) x14 0x000000008001209d mem 0x0000000080031f50
core   0: 0x000000008000ff72 (0xfcf76de3) bltu    a4, a5, pc - 38
core   0: 3 0x000000008000ff72 (0xfcf76de3)
core   0: 0x000000008000ff4c (0xfe043783) ld      a5, -32(s0)
core   0: 3 0x000000008000ff4c (0xfe043783) x15 0x000000008001209d mem 0x0000000080031f50
core   0: 0x000000008000ff50 (0x00178713) addi    a4, a5, 1
core   0: 3 0x000000008000ff50 (0x00178713) x14 0x000000008001209e
core   0: 0x000000008000ff54 (0xfee43023) sd      a4, -32(s0)
core   0: 3 0x000000008000ff54 (0xfee43023) mem 0x0000000080031f50 0x000000008001209e
core   0: 0x000000008000ff58 (0xfc442703) lw      a4, -60(s0)
core   0: 3 0x000000008000ff58 (0xfc442703) x14 0x0000000000000000 mem 0x0000000080031f34
core   0: 0x000000008000ff5c (0x0ff77713) andi    a4, a4, 255
core   0: 3 0x000000008000ff5c (0x0ff77713) x14 0x0000000000000000
core   0: 0x000000008000ff60 (0x00e78023) sb      a4, 0(a5)
core   0: 3 0x000000008000ff60 (0x00e78023) mem 0x000000008001209d 0x00
core   0: 0x000000008000ff64 (0xfc843703) ld      a4, -56(s0)
core   0: 3 0x000000008000ff64 (0xfc843703) x14 0x0000000080012040 mem 0x0000000080031f38
core   0: 0x000000008000ff68 (0xfb843783) ld      a5, -72(s0)
core   0: 3 0x000000008000ff68 (0xfb843783) x15 0x000000000000009c mem 0x0000000080031f28
core   0: 0x000000008000ff6c (0x000097ba) c.add   a5, a4
core   0: 3 0x000000008000ff6c (0x97ba) x15 0x00000000800120dc
core   0: 0x000000008000ff6e (0xfe043703) ld      a4, -32(s0)
core   0: 3 0x000000008000ff6e (0xfe043703) x14 0x000000008001209e mem 0x0000000080031f50
core   0: 0x000000008000ff72 (0xfcf76de3) bltu    a4, a5, pc - 38
core   0: 3 0x000000008000ff72 (0xfcf76de3)
core   0: 0x000000008000ff4c (0xfe043783) ld      a5, -32(s0)
core   0: 3 0x000000008000ff4c (0xfe043783) x15 0x000000008001209e mem 0x0000000080031f50
core   0: 0x000000008000ff50 (0x00178713) addi    a4, a5, 1
core   0: 3 0x000000008000ff50 (0x00178713) x14 0x000000008001209f
core   0: 0x000000008000ff54 (0xfee43023) sd      a4, -32(s0)
core   0: 3 0x000000008000ff54 (0xfee43023) mem 0x0000000080031f50 0x000000008001209f
core   0: 0x000000008000ff58 (0xfc442703) lw      a4, -60(s0)
core   0: 3 0x000000008000ff58 (0xfc442703) x14 0x0000000000000000 mem 0x0000000080031f34
core   0: 0x000000008000ff5c (0x0ff77713) andi    a4, a4, 255
core   0: 3 0x000000008000ff5c (0x0ff77713) x14 0x0000000000000000
core   0: 0x000000008000ff60 (0x00e78023) sb      a4, 0(a5)
core   0: 3 0x000000008000ff60 (0x00e78023) mem 0x000000008001209e 0x00
core   0: 0x000000008000ff64 (0xfc843703) ld      a4, -56(s0)
core   0: 3 0x000000008000ff64 (0xfc843703) x14 0x0000000080012040 mem 0x0000000080031f38
core   0: 0x000000008000ff68 (0xfb843783) ld      a5, -72(s0)
core   0: 3 0x000000008000ff68 (0xfb843783) x15 0x000000000000009c mem 0x0000000080031f28
core   0: 0x000000008000ff6c (0x000097ba) c.add   a5, a4
core   0: 3 0x000000008000ff6c (0x97ba) x15 0x00000000800120dc
core   0: 0x000000008000ff6e (0xfe043703) ld      a4, -32(s0)
core   0: 3 0x000000008000ff6e (0xfe043703) x14 0x000000008001209f mem 0x0000000080031f50
core   0: 0x000000008000ff72 (0xfcf76de3) bltu    a4, a5, pc - 38
core   0: 3 0x000000008000ff72 (0xfcf76de3)
core   0: 0x000000008000ff4c (0xfe043783) ld      a5, -32(s0)
core   0: 3 0x000000008000ff4c (0xfe043783) x15 0x000000008001209f mem 0x0000000080031f50
core   0: 0x000000008000ff50 (0x00178713) addi    a4, a5, 1
core   0: 3 0x000000008000ff50 (0x00178713) x14 0x00000000800120a0
core   0: 0x000000008000ff54 (0xfee43023) sd      a4, -32(s0)
core   0: 3 0x000000008000ff54 (0xfee43023) mem 0x0000000080031f50 0x00000000800120a0
core   0: 0x000000008000ff58 (0xfc442703) lw      a4, -60(s0)
core   0: 3 0x000000008000ff58 (0xfc442703) x14 0x0000000000000000 mem 0x0000000080031f34
core   0: 0x000000008000ff5c (0x0ff77713) andi    a4, a4, 255
core   0: 3 0x000000008000ff5c (0x0ff77713) x14 0x0000000000000000
core   0: 0x000000008000ff60 (0x00e78023) sb      a4, 0(a5)
core   0: 3 0x000000008000ff60 (0x00e78023) mem 0x000000008001209f 0x00
core   0: 0x000000008000ff64 (0xfc843703) ld      a4, -56(s0)
core   0: 3 0x000000008000ff64 (0xfc843703) x14 0x0000000080012040 mem 0x0000000080031f38
core   0: 0x000000008000ff68 (0xfb843783) ld      a5, -72(s0)
core   0: 3 0x000000008000ff68 (0xfb843783) x15 0x000000000000009c mem 0x0000000080031f28
core   0: 0x000000008000ff6c (0x000097ba) c.add   a5, a4
core   0: 3 0x000000008000ff6c (0x97ba) x15 0x00000000800120dc
core   0: 0x000000008000ff6e (0xfe043703) ld      a4, -32(s0)
core   0: 3 0x000000008000ff6e (0xfe043703) x14 0x00000000800120a0 mem 0x0000000080031f50
core   0: 0x000000008000ff72 (0xfcf76de3) bltu    a4, a5, pc - 38
core   0: 3 0x000000008000ff72 (0xfcf76de3)
core   0: 0x000000008000ff4c (0xfe043783) ld      a5, -32(s0)
core   0: 3 0x000000008000ff4c (0xfe043783) x15 0x00000000800120a0 mem 0x0000000080031f50
core   0: 0x000000008000ff50 (0x00178713) addi    a4, a5, 1
core   0: 3 0x000000008000ff50 (0x00178713) x14 0x00000000800120a1
core   0: 0x000000008000ff54 (0xfee43023) sd      a4, -32(s0)
core   0: 3 0x000000008000ff54 (0xfee43023) mem 0x0000000080031f50 0x00000000800120a1
core   0: 0x000000008000ff58 (0xfc442703) lw      a4, -60(s0)
core   0: 3 0x000000008000ff58 (0xfc442703) x14 0x0000000000000000 mem 0x0000000080031f34
core   0: 0x000000008000ff5c (0x0ff77713) andi    a4, a4, 255
core   0: 3 0x000000008000ff5c (0x0ff77713) x14 0x0000000000000000
core   0: 0x000000008000ff60 (0x00e78023) sb      a4, 0(a5)
core   0: 3 0x000000008000ff60 (0x00e78023) mem 0x00000000800120a0 0x00
core   0: 0x000000008000ff64 (0xfc843703) ld      a4, -56(s0)
core   0: 3 0x000000008000ff64 (0xfc843703) x14 0x0000000080012040 mem 0x0000000080031f38
core   0: 0x000000008000ff68 (0xfb843783) ld      a5, -72(s0)
core   0: 3 0x000000008000ff68 (0xfb843783) x15 0x000000000000009c mem 0x0000000080031f28
core   0: 0x000000008000ff6c (0x000097ba) c.add   a5, a4
core   0: 3 0x000000008000ff6c (0x97ba) x15 0x00000000800120dc
core   0: 0x000000008000ff6e (0xfe043703) ld      a4, -32(s0)
core   0: 3 0x000000008000ff6e (0xfe043703) x14 0x00000000800120a1 mem 0x0000000080031f50
core   0: 0x000000008000ff72 (0xfcf76de3) bltu    a4, a5, pc - 38
core   0: 3 0x000000008000ff72 (0xfcf76de3)
core   0: 0x000000008000ff4c (0xfe043783) ld      a5, -32(s0)
core   0: 3 0x000000008000ff4c (0xfe043783) x15 0x00000000800120a1 mem 0x0000000080031f50
core   0: 0x000000008000ff50 (0x00178713) addi    a4, a5, 1
core   0: 3 0x000000008000ff50 (0x00178713) x14 0x00000000800120a2
core   0: 0x000000008000ff54 (0xfee43023) sd      a4, -32(s0)
core   0: 3 0x000000008000ff54 (0xfee43023) mem 0x0000000080031f50 0x00000000800120a2
core   0: 0x000000008000ff58 (0xfc442703) lw      a4, -60(s0)
core   0: 3 0x000000008000ff58 (0xfc442703) x14 0x0000000000000000 mem 0x0000000080031f34
core   0: 0x000000008000ff5c (0x0ff77713) andi    a4, a4, 255
core   0: 3 0x000000008000ff5c (0x0ff77713) x14 0x0000000000000000
core   0: 0x000000008000ff60 (0x00e78023) sb      a4, 0(a5)
core   0: 3 0x000000008000ff60 (0x00e78023) mem 0x00000000800120a1 0x00
core   0: 0x000000008000ff64 (0xfc843703) ld      a4, -56(s0)
core   0: 3 0x000000008000ff64 (0xfc843703) x14 0x0000000080012040 mem 0x0000000080031f38
core   0: 0x000000008000ff68 (0xfb843783) ld      a5, -72(s0)
core   0: 3 0x000000008000ff68 (0xfb843783) x15 0x000000000000009c mem 0x0000000080031f28
core   0: 0x000000008000ff6c (0x000097ba) c.add   a5, a4
core   0: 3 0x000000008000ff6c (0x97ba) x15 0x00000000800120dc
core   0: 0x000000008000ff6e (0xfe043703) ld      a4, -32(s0)
core   0: 3 0x000000008000ff6e (0xfe043703) x14 0x00000000800120a2 mem 0x0000000080031f50
core   0: 0x000000008000ff72 (0xfcf76de3) bltu    a4, a5, pc - 38
core   0: 3 0x000000008000ff72 (0xfcf76de3)
core   0: 0x000000008000ff4c (0xfe043783) ld      a5, -32(s0)
core   0: 3 0x000000008000ff4c (0xfe043783) x15 0x00000000800120a2 mem 0x0000000080031f50
core   0: 0x000000008000ff50 (0x00178713) addi    a4, a5, 1
core   0: 3 0x000000008000ff50 (0x00178713) x14 0x00000000800120a3
core   0: 0x000000008000ff54 (0xfee43023) sd      a4, -32(s0)
core   0: 3 0x000000008000ff54 (0xfee43023) mem 0x0000000080031f50 0x00000000800120a3
core   0: 0x000000008000ff58 (0xfc442703) lw      a4, -60(s0)
core   0: 3 0x000000008000ff58 (0xfc442703) x14 0x0000000000000000 mem 0x0000000080031f34
core   0: 0x000000008000ff5c (0x0ff77713) andi    a4, a4, 255
core   0: 3 0x000000008000ff5c (0x0ff77713) x14 0x0000000000000000
core   0: 0x000000008000ff60 (0x00e78023) sb      a4, 0(a5)
core   0: 3 0x000000008000ff60 (0x00e78023) mem 0x00000000800120a2 0x00
core   0: 0x000000008000ff64 (0xfc843703) ld      a4, -56(s0)
core   0: 3 0x000000008000ff64 (0xfc843703) x14 0x0000000080012040 mem 0x0000000080031f38
core   0: 0x000000008000ff68 (0xfb843783) ld      a5, -72(s0)
core   0: 3 0x000000008000ff68 (0xfb843783) x15 0x000000000000009c mem 0x0000000080031f28
core   0: 0x000000008000ff6c (0x000097ba) c.add   a5, a4
core   0: 3 0x000000008000ff6c (0x97ba) x15 0x00000000800120dc
core   0: 0x000000008000ff6e (0xfe043703) ld      a4, -32(s0)
core   0: 3 0x000000008000ff6e (0xfe043703) x14 0x00000000800120a3 mem 0x0000000080031f50
core   0: 0x000000008000ff72 (0xfcf76de3) bltu    a4, a5, pc - 38
core   0: 3 0x000000008000ff72 (0xfcf76de3)
core   0: 0x000000008000ff4c (0xfe043783) ld      a5, -32(s0)
core   0: 3 0x000000008000ff4c (0xfe043783) x15 0x00000000800120a3 mem 0x0000000080031f50
core   0: 0x000000008000ff50 (0x00178713) addi    a4, a5, 1
core   0: 3 0x000000008000ff50 (0x00178713) x14 0x00000000800120a4
core   0: 0x000000008000ff54 (0xfee43023) sd      a4, -32(s0)
core   0: 3 0x000000008000ff54 (0xfee43023) mem 0x0000000080031f50 0x00000000800120a4
core   0: 0x000000008000ff58 (0xfc442703) lw      a4, -60(s0)
core   0: 3 0x000000008000ff58 (0xfc442703) x14 0x0000000000000000 mem 0x0000000080031f34
core   0: 0x000000008000ff5c (0x0ff77713) andi    a4, a4, 255
core   0: 3 0x000000008000ff5c (0x0ff77713) x14 0x0000000000000000
core   0: 0x000000008000ff60 (0x00e78023) sb      a4, 0(a5)
core   0: 3 0x000000008000ff60 (0x00e78023) mem 0x00000000800120a3 0x00
core   0: 0x000000008000ff64 (0xfc843703) ld      a4, -56(s0)
core   0: 3 0x000000008000ff64 (0xfc843703) x14 0x0000000080012040 mem 0x0000000080031f38
core   0: 0x000000008000ff68 (0xfb843783) ld      a5, -72(s0)
core   0: 3 0x000000008000ff68 (0xfb843783) x15 0x000000000000009c mem 0x0000000080031f28
core   0: 0x000000008000ff6c (0x000097ba) c.add   a5, a4
core   0: 3 0x000000008000ff6c (0x97ba) x15 0x00000000800120dc
core   0: 0x000000008000ff6e (0xfe043703) ld      a4, -32(s0)
core   0: 3 0x000000008000ff6e (0xfe043703) x14 0x00000000800120a4 mem 0x0000000080031f50
core   0: 0x000000008000ff72 (0xfcf76de3) bltu    a4, a5, pc - 38
core   0: 3 0x000000008000ff72 (0xfcf76de3)
core   0: 0x000000008000ff4c (0xfe043783) ld      a5, -32(s0)
core   0: 3 0x000000008000ff4c (0xfe043783) x15 0x00000000800120a4 mem 0x0000000080031f50
core   0: 0x000000008000ff50 (0x00178713) addi    a4, a5, 1
core   0: 3 0x000000008000ff50 (0x00178713) x14 0x00000000800120a5
core   0: 0x000000008000ff54 (0xfee43023) sd      a4, -32(s0)
core   0: 3 0x000000008000ff54 (0xfee43023) mem 0x0000000080031f50 0x00000000800120a5
core   0: 0x000000008000ff58 (0xfc442703) lw      a4, -60(s0)
core   0: 3 0x000000008000ff58 (0xfc442703) x14 0x0000000000000000 mem 0x0000000080031f34
core   0: 0x000000008000ff5c (0x0ff77713) andi    a4, a4, 255
core   0: 3 0x000000008000ff5c (0x0ff77713) x14 0x0000000000000000
core   0: 0x000000008000ff60 (0x00e78023) sb      a4, 0(a5)
core   0: 3 0x000000008000ff60 (0x00e78023) mem 0x00000000800120a4 0x00
core   0: 0x000000008000ff64 (0xfc843703) ld      a4, -56(s0)
core   0: 3 0x000000008000ff64 (0xfc843703) x14 0x0000000080012040 mem 0x0000000080031f38
core   0: 0x000000008000ff68 (0xfb843783) ld      a5, -72(s0)
core   0: 3 0x000000008000ff68 (0xfb843783) x15 0x000000000000009c mem 0x0000000080031f28
core   0: 0x000000008000ff6c (0x000097ba) c.add   a5, a4
core   0: 3 0x000000008000ff6c (0x97ba) x15 0x00000000800120dc
core   0: 0x000000008000ff6e (0xfe043703) ld      a4, -32(s0)
core   0: 3 0x000000008000ff6e (0xfe043703) x14 0x00000000800120a5 mem 0x0000000080031f50
core   0: 0x000000008000ff72 (0xfcf76de3) bltu    a4, a5, pc - 38
core   0: 3 0x000000008000ff72 (0xfcf76de3)
core   0: 0x000000008000ff4c (0xfe043783) ld      a5, -32(s0)
core   0: 3 0x000000008000ff4c (0xfe043783) x15 0x00000000800120a5 mem 0x0000000080031f50
core   0: 0x000000008000ff50 (0x00178713) addi    a4, a5, 1
core   0: 3 0x000000008000ff50 (0x00178713) x14 0x00000000800120a6
core   0: 0x000000008000ff54 (0xfee43023) sd      a4, -32(s0)
core   0: 3 0x000000008000ff54 (0xfee43023) mem 0x0000000080031f50 0x00000000800120a6
core   0: 0x000000008000ff58 (0xfc442703) lw      a4, -60(s0)
core   0: 3 0x000000008000ff58 (0xfc442703) x14 0x0000000000000000 mem 0x0000000080031f34
core   0: 0x000000008000ff5c (0x0ff77713) andi    a4, a4, 255
core   0: 3 0x000000008000ff5c (0x0ff77713) x14 0x0000000000000000
core   0: 0x000000008000ff60 (0x00e78023) sb      a4, 0(a5)
core   0: 3 0x000000008000ff60 (0x00e78023) mem 0x00000000800120a5 0x00
core   0: 0x000000008000ff64 (0xfc843703) ld      a4, -56(s0)
core   0: 3 0x000000008000ff64 (0xfc843703) x14 0x0000000080012040 mem 0x0000000080031f38
core   0: 0x000000008000ff68 (0xfb843783) ld      a5, -72(s0)
core   0: 3 0x000000008000ff68 (0xfb843783) x15 0x000000000000009c mem 0x0000000080031f28
core   0: 0x000000008000ff6c (0x000097ba) c.add   a5, a4
core   0: 3 0x000000008000ff6c (0x97ba) x15 0x00000000800120dc
core   0: 0x000000008000ff6e (0xfe043703) ld      a4, -32(s0)
core   0: 3 0x000000008000ff6e (0xfe043703) x14 0x00000000800120a6 mem 0x0000000080031f50
core   0: 0x000000008000ff72 (0xfcf76de3) bltu    a4, a5, pc - 38
core   0: 3 0x000000008000ff72 (0xfcf76de3)
core   0: 0x000000008000ff4c (0xfe043783) ld      a5, -32(s0)
core   0: 3 0x000000008000ff4c (0xfe043783) x15 0x00000000800120a6 mem 0x0000000080031f50
core   0: 0x000000008000ff50 (0x00178713) addi    a4, a5, 1
core   0: 3 0x000000008000ff50 (0x00178713) x14 0x00000000800120a7
core   0: 0x000000008000ff54 (0xfee43023) sd      a4, -32(s0)
core   0: 3 0x000000008000ff54 (0xfee43023) mem 0x0000000080031f50 0x00000000800120a7
core   0: 0x000000008000ff58 (0xfc442703) lw      a4, -60(s0)
core   0: 3 0x000000008000ff58 (0xfc442703) x14 0x0000000000000000 mem 0x0000000080031f34
core   0: 0x000000008000ff5c (0x0ff77713) andi    a4, a4, 255
core   0: 3 0x000000008000ff5c (0x0ff77713) x14 0x0000000000000000
core   0: 0x000000008000ff60 (0x00e78023) sb      a4, 0(a5)
core   0: 3 0x000000008000ff60 (0x00e78023) mem 0x00000000800120a6 0x00
core   0: 0x000000008000ff64 (0xfc843703) ld      a4, -56(s0)
core   0: 3 0x000000008000ff64 (0xfc843703) x14 0x0000000080012040 mem 0x0000000080031f38
core   0: 0x000000008000ff68 (0xfb843783) ld      a5, -72(s0)
core   0: 3 0x000000008000ff68 (0xfb843783) x15 0x000000000000009c mem 0x0000000080031f28
core   0: 0x000000008000ff6c (0x000097ba) c.add   a5, a4
core   0: 3 0x000000008000ff6c (0x97ba) x15 0x00000000800120dc
core   0: 0x000000008000ff6e (0xfe043703) ld      a4, -32(s0)
core   0: 3 0x000000008000ff6e (0xfe043703) x14 0x00000000800120a7 mem 0x0000000080031f50
core   0: 0x000000008000ff72 (0xfcf76de3) bltu    a4, a5, pc - 38
core   0: 3 0x000000008000ff72 (0xfcf76de3)
core   0: 0x000000008000ff4c (0xfe043783) ld      a5, -32(s0)
core   0: 3 0x000000008000ff4c (0xfe043783) x15 0x00000000800120a7 mem 0x0000000080031f50
core   0: 0x000000008000ff50 (0x00178713) addi    a4, a5, 1
core   0: 3 0x000000008000ff50 (0x00178713) x14 0x00000000800120a8
core   0: 0x000000008000ff54 (0xfee43023) sd      a4, -32(s0)
core   0: 3 0x000000008000ff54 (0xfee43023) mem 0x0000000080031f50 0x00000000800120a8
core   0: 0x000000008000ff58 (0xfc442703) lw      a4, -60(s0)
core   0: 3 0x000000008000ff58 (0xfc442703) x14 0x0000000000000000 mem 0x0000000080031f34
core   0: 0x000000008000ff5c (0x0ff77713) andi    a4, a4, 255
core   0: 3 0x000000008000ff5c (0x0ff77713) x14 0x0000000000000000
core   0: 0x000000008000ff60 (0x00e78023) sb      a4, 0(a5)
core   0: 3 0x000000008000ff60 (0x00e78023) mem 0x00000000800120a7 0x00
core   0: 0x000000008000ff64 (0xfc843703) ld      a4, -56(s0)
core   0: 3 0x000000008000ff64 (0xfc843703) x14 0x0000000080012040 mem 0x0000000080031f38
core   0: 0x000000008000ff68 (0xfb843783) ld      a5, -72(s0)
core   0: 3 0x000000008000ff68 (0xfb843783) x15 0x000000000000009c mem 0x0000000080031f28
core   0: 0x000000008000ff6c (0x000097ba) c.add   a5, a4
core   0: 3 0x000000008000ff6c (0x97ba) x15 0x00000000800120dc
core   0: 0x000000008000ff6e (0xfe043703) ld      a4, -32(s0)
core   0: 3 0x000000008000ff6e (0xfe043703) x14 0x00000000800120a8 mem 0x0000000080031f50
core   0: 0x000000008000ff72 (0xfcf76de3) bltu    a4, a5, pc - 38
core   0: 3 0x000000008000ff72 (0xfcf76de3)
core   0: 0x000000008000ff4c (0xfe043783) ld      a5, -32(s0)
core   0: 3 0x000000008000ff4c (0xfe043783) x15 0x00000000800120a8 mem 0x0000000080031f50
core   0: 0x000000008000ff50 (0x00178713) addi    a4, a5, 1
core   0: 3 0x000000008000ff50 (0x00178713) x14 0x00000000800120a9
core   0: 0x000000008000ff54 (0xfee43023) sd      a4, -32(s0)
core   0: 3 0x000000008000ff54 (0xfee43023) mem 0x0000000080031f50 0x00000000800120a9
core   0: 0x000000008000ff58 (0xfc442703) lw      a4, -60(s0)
core   0: 3 0x000000008000ff58 (0xfc442703) x14 0x0000000000000000 mem 0x0000000080031f34
core   0: 0x000000008000ff5c (0x0ff77713) andi    a4, a4, 255
core   0: 3 0x000000008000ff5c (0x0ff77713) x14 0x0000000000000000
core   0: 0x000000008000ff60 (0x00e78023) sb      a4, 0(a5)
core   0: 3 0x000000008000ff60 (0x00e78023) mem 0x00000000800120a8 0x00
core   0: 0x000000008000ff64 (0xfc843703) ld      a4, -56(s0)
core   0: 3 0x000000008000ff64 (0xfc843703) x14 0x0000000080012040 mem 0x0000000080031f38
core   0: 0x000000008000ff68 (0xfb843783) ld      a5, -72(s0)
core   0: 3 0x000000008000ff68 (0xfb843783) x15 0x000000000000009c mem 0x0000000080031f28
core   0: 0x000000008000ff6c (0x000097ba) c.add   a5, a4
core   0: 3 0x000000008000ff6c (0x97ba) x15 0x00000000800120dc
core   0: 0x000000008000ff6e (0xfe043703) ld      a4, -32(s0)
core   0: 3 0x000000008000ff6e (0xfe043703) x14 0x00000000800120a9 mem 0x0000000080031f50
core   0: 0x000000008000ff72 (0xfcf76de3) bltu    a4, a5, pc - 38
core   0: 3 0x000000008000ff72 (0xfcf76de3)
core   0: 0x000000008000ff4c (0xfe043783) ld      a5, -32(s0)
core   0: 3 0x000000008000ff4c (0xfe043783) x15 0x00000000800120a9 mem 0x0000000080031f50
core   0: 0x000000008000ff50 (0x00178713) addi    a4, a5, 1
core   0: 3 0x000000008000ff50 (0x00178713) x14 0x00000000800120aa
core   0: 0x000000008000ff54 (0xfee43023) sd      a4, -32(s0)
core   0: 3 0x000000008000ff54 (0xfee43023) mem 0x0000000080031f50 0x00000000800120aa
core   0: 0x000000008000ff58 (0xfc442703) lw      a4, -60(s0)
core   0: 3 0x000000008000ff58 (0xfc442703) x14 0x0000000000000000 mem 0x0000000080031f34
core   0: 0x000000008000ff5c (0x0ff77713) andi    a4, a4, 255
core   0: 3 0x000000008000ff5c (0x0ff77713) x14 0x0000000000000000
core   0: 0x000000008000ff60 (0x00e78023) sb      a4, 0(a5)
core   0: 3 0x000000008000ff60 (0x00e78023) mem 0x00000000800120a9 0x00
core   0: 0x000000008000ff64 (0xfc843703) ld      a4, -56(s0)
core   0: 3 0x000000008000ff64 (0xfc843703) x14 0x0000000080012040 mem 0x0000000080031f38
core   0: 0x000000008000ff68 (0xfb843783) ld      a5, -72(s0)
core   0: 3 0x000000008000ff68 (0xfb843783) x15 0x000000000000009c mem 0x0000000080031f28
core   0: 0x000000008000ff6c (0x000097ba) c.add   a5, a4
core   0: 3 0x000000008000ff6c (0x97ba) x15 0x00000000800120dc
core   0: 0x000000008000ff6e (0xfe043703) ld      a4, -32(s0)
core   0: 3 0x000000008000ff6e (0xfe043703) x14 0x00000000800120aa mem 0x0000000080031f50
core   0: 0x000000008000ff72 (0xfcf76de3) bltu    a4, a5, pc - 38
core   0: 3 0x000000008000ff72 (0xfcf76de3)
core   0: 0x000000008000ff4c (0xfe043783) ld      a5, -32(s0)
core   0: 3 0x000000008000ff4c (0xfe043783) x15 0x00000000800120aa mem 0x0000000080031f50
core   0: 0x000000008000ff50 (0x00178713) addi    a4, a5, 1
core   0: 3 0x000000008000ff50 (0x00178713) x14 0x00000000800120ab
core   0: 0x000000008000ff54 (0xfee43023) sd      a4, -32(s0)
core   0: 3 0x000000008000ff54 (0xfee43023) mem 0x0000000080031f50 0x00000000800120ab
core   0: 0x000000008000ff58 (0xfc442703) lw      a4, -60(s0)
core   0: 3 0x000000008000ff58 (0xfc442703) x14 0x0000000000000000 mem 0x0000000080031f34
core   0: 0x000000008000ff5c (0x0ff77713) andi    a4, a4, 255
core   0: 3 0x000000008000ff5c (0x0ff77713) x14 0x0000000000000000
core   0: 0x000000008000ff60 (0x00e78023) sb      a4, 0(a5)
core   0: 3 0x000000008000ff60 (0x00e78023) mem 0x00000000800120aa 0x00
core   0: 0x000000008000ff64 (0xfc843703) ld      a4, -56(s0)
core   0: 3 0x000000008000ff64 (0xfc843703) x14 0x0000000080012040 mem 0x0000000080031f38
core   0: 0x000000008000ff68 (0xfb843783) ld      a5, -72(s0)
core   0: 3 0x000000008000ff68 (0xfb843783) x15 0x000000000000009c mem 0x0000000080031f28
core   0: 0x000000008000ff6c (0x000097ba) c.add   a5, a4
core   0: 3 0x000000008000ff6c (0x97ba) x15 0x00000000800120dc
core   0: 0x000000008000ff6e (0xfe043703) ld      a4, -32(s0)
core   0: 3 0x000000008000ff6e (0xfe043703) x14 0x00000000800120ab mem 0x0000000080031f50
core   0: 0x000000008000ff72 (0xfcf76de3) bltu    a4, a5, pc - 38
core   0: 3 0x000000008000ff72 (0xfcf76de3)
core   0: 0x000000008000ff4c (0xfe043783) ld      a5, -32(s0)
core   0: 3 0x000000008000ff4c (0xfe043783) x15 0x00000000800120ab mem 0x0000000080031f50
core   0: 0x000000008000ff50 (0x00178713) addi    a4, a5, 1
core   0: 3 0x000000008000ff50 (0x00178713) x14 0x00000000800120ac
core   0: 0x000000008000ff54 (0xfee43023) sd      a4, -32(s0)
core   0: 3 0x000000008000ff54 (0xfee43023) mem 0x0000000080031f50 0x00000000800120ac
core   0: 0x000000008000ff58 (0xfc442703) lw      a4, -60(s0)
core   0: 3 0x000000008000ff58 (0xfc442703) x14 0x0000000000000000 mem 0x0000000080031f34
core   0: 0x000000008000ff5c (0x0ff77713) andi    a4, a4, 255
core   0: 3 0x000000008000ff5c (0x0ff77713) x14 0x0000000000000000
core   0: 0x000000008000ff60 (0x00e78023) sb      a4, 0(a5)
core   0: 3 0x000000008000ff60 (0x00e78023) mem 0x00000000800120ab 0x00
core   0: 0x000000008000ff64 (0xfc843703) ld      a4, -56(s0)
core   0: 3 0x000000008000ff64 (0xfc843703) x14 0x0000000080012040 mem 0x0000000080031f38
core   0: 0x000000008000ff68 (0xfb843783) ld      a5, -72(s0)
core   0: 3 0x000000008000ff68 (0xfb843783) x15 0x000000000000009c mem 0x0000000080031f28
core   0: 0x000000008000ff6c (0x000097ba) c.add   a5, a4
core   0: 3 0x000000008000ff6c (0x97ba) x15 0x00000000800120dc
core   0: 0x000000008000ff6e (0xfe043703) ld      a4, -32(s0)
core   0: 3 0x000000008000ff6e (0xfe043703) x14 0x00000000800120ac mem 0x0000000080031f50
core   0: 0x000000008000ff72 (0xfcf76de3) bltu    a4, a5, pc - 38
core   0: 3 0x000000008000ff72 (0xfcf76de3)
core   0: 0x000000008000ff4c (0xfe043783) ld      a5, -32(s0)
core   0: 3 0x000000008000ff4c (0xfe043783) x15 0x00000000800120ac mem 0x0000000080031f50
core   0: 0x000000008000ff50 (0x00178713) addi    a4, a5, 1
core   0: 3 0x000000008000ff50 (0x00178713) x14 0x00000000800120ad
core   0: 0x000000008000ff54 (0xfee43023) sd      a4, -32(s0)
core   0: 3 0x000000008000ff54 (0xfee43023) mem 0x0000000080031f50 0x00000000800120ad
core   0: 0x000000008000ff58 (0xfc442703) lw      a4, -60(s0)
core   0: 3 0x000000008000ff58 (0xfc442703) x14 0x0000000000000000 mem 0x0000000080031f34
core   0: 0x000000008000ff5c (0x0ff77713) andi    a4, a4, 255
core   0: 3 0x000000008000ff5c (0x0ff77713) x14 0x0000000000000000
core   0: 0x000000008000ff60 (0x00e78023) sb      a4, 0(a5)
core   0: 3 0x000000008000ff60 (0x00e78023) mem 0x00000000800120ac 0x00
core   0: 0x000000008000ff64 (0xfc843703) ld      a4, -56(s0)
core   0: 3 0x000000008000ff64 (0xfc843703) x14 0x0000000080012040 mem 0x0000000080031f38
core   0: 0x000000008000ff68 (0xfb843783) ld      a5, -72(s0)
core   0: 3 0x000000008000ff68 (0xfb843783) x15 0x000000000000009c mem 0x0000000080031f28
core   0: 0x000000008000ff6c (0x000097ba) c.add   a5, a4
core   0: 3 0x000000008000ff6c (0x97ba) x15 0x00000000800120dc
core   0: 0x000000008000ff6e (0xfe043703) ld      a4, -32(s0)
core   0: 3 0x000000008000ff6e (0xfe043703) x14 0x00000000800120ad mem 0x0000000080031f50
core   0: 0x000000008000ff72 (0xfcf76de3) bltu    a4, a5, pc - 38
core   0: 3 0x000000008000ff72 (0xfcf76de3)
core   0: 0x000000008000ff4c (0xfe043783) ld      a5, -32(s0)
core   0: 3 0x000000008000ff4c (0xfe043783) x15 0x00000000800120ad mem 0x0000000080031f50
core   0: 0x000000008000ff50 (0x00178713) addi    a4, a5, 1
core   0: 3 0x000000008000ff50 (0x00178713) x14 0x00000000800120ae
core   0: 0x000000008000ff54 (0xfee43023) sd      a4, -32(s0)
core   0: 3 0x000000008000ff54 (0xfee43023) mem 0x0000000080031f50 0x00000000800120ae
core   0: 0x000000008000ff58 (0xfc442703) lw      a4, -60(s0)
core   0: 3 0x000000008000ff58 (0xfc442703) x14 0x0000000000000000 mem 0x0000000080031f34
core   0: 0x000000008000ff5c (0x0ff77713) andi    a4, a4, 255
core   0: 3 0x000000008000ff5c (0x0ff77713) x14 0x0000000000000000
core   0: 0x000000008000ff60 (0x00e78023) sb      a4, 0(a5)
core   0: 3 0x000000008000ff60 (0x00e78023) mem 0x00000000800120ad 0x00
core   0: 0x000000008000ff64 (0xfc843703) ld      a4, -56(s0)
core   0: 3 0x000000008000ff64 (0xfc843703) x14 0x0000000080012040 mem 0x0000000080031f38
core   0: 0x000000008000ff68 (0xfb843783) ld      a5, -72(s0)
core   0: 3 0x000000008000ff68 (0xfb843783) x15 0x000000000000009c mem 0x0000000080031f28
core   0: 0x000000008000ff6c (0x000097ba) c.add   a5, a4
core   0: 3 0x000000008000ff6c (0x97ba) x15 0x00000000800120dc
core   0: 0x000000008000ff6e (0xfe043703) ld      a4, -32(s0)
core   0: 3 0x000000008000ff6e (0xfe043703) x14 0x00000000800120ae mem 0x0000000080031f50
core   0: 0x000000008000ff72 (0xfcf76de3) bltu    a4, a5, pc - 38
core   0: 3 0x000000008000ff72 (0xfcf76de3)
core   0: 0x000000008000ff4c (0xfe043783) ld      a5, -32(s0)
core   0: 3 0x000000008000ff4c (0xfe043783) x15 0x00000000800120ae mem 0x0000000080031f50
core   0: 0x000000008000ff50 (0x00178713) addi    a4, a5, 1
core   0: 3 0x000000008000ff50 (0x00178713) x14 0x00000000800120af
core   0: 0x000000008000ff54 (0xfee43023) sd      a4, -32(s0)
core   0: 3 0x000000008000ff54 (0xfee43023) mem 0x0000000080031f50 0x00000000800120af
core   0: 0x000000008000ff58 (0xfc442703) lw      a4, -60(s0)
core   0: 3 0x000000008000ff58 (0xfc442703) x14 0x0000000000000000 mem 0x0000000080031f34
core   0: 0x000000008000ff5c (0x0ff77713) andi    a4, a4, 255
core   0: 3 0x000000008000ff5c (0x0ff77713) x14 0x0000000000000000
core   0: 0x000000008000ff60 (0x00e78023) sb      a4, 0(a5)
core   0: 3 0x000000008000ff60 (0x00e78023) mem 0x00000000800120ae 0x00
core   0: 0x000000008000ff64 (0xfc843703) ld      a4, -56(s0)
core   0: 3 0x000000008000ff64 (0xfc843703) x14 0x0000000080012040 mem 0x0000000080031f38
core   0: 0x000000008000ff68 (0xfb843783) ld      a5, -72(s0)
core   0: 3 0x000000008000ff68 (0xfb843783) x15 0x000000000000009c mem 0x0000000080031f28
core   0: 0x000000008000ff6c (0x000097ba) c.add   a5, a4
core   0: 3 0x000000008000ff6c (0x97ba) x15 0x00000000800120dc
core   0: 0x000000008000ff6e (0xfe043703) ld      a4, -32(s0)
core   0: 3 0x000000008000ff6e (0xfe043703) x14 0x00000000800120af mem 0x0000000080031f50
core   0: 0x000000008000ff72 (0xfcf76de3) bltu    a4, a5, pc - 38
core   0: 3 0x000000008000ff72 (0xfcf76de3)
core   0: 0x000000008000ff4c (0xfe043783) ld      a5, -32(s0)
core   0: 3 0x000000008000ff4c (0xfe043783) x15 0x00000000800120af mem 0x0000000080031f50
core   0: 0x000000008000ff50 (0x00178713) addi    a4, a5, 1
core   0: 3 0x000000008000ff50 (0x00178713) x14 0x00000000800120b0
core   0: 0x000000008000ff54 (0xfee43023) sd      a4, -32(s0)
core   0: 3 0x000000008000ff54 (0xfee43023) mem 0x0000000080031f50 0x00000000800120b0
core   0: 0x000000008000ff58 (0xfc442703) lw      a4, -60(s0)
core   0: 3 0x000000008000ff58 (0xfc442703) x14 0x0000000000000000 mem 0x0000000080031f34
core   0: 0x000000008000ff5c (0x0ff77713) andi    a4, a4, 255
core   0: 3 0x000000008000ff5c (0x0ff77713) x14 0x0000000000000000
core   0: 0x000000008000ff60 (0x00e78023) sb      a4, 0(a5)
core   0: 3 0x000000008000ff60 (0x00e78023) mem 0x00000000800120af 0x00
core   0: 0x000000008000ff64 (0xfc843703) ld      a4, -56(s0)
core   0: 3 0x000000008000ff64 (0xfc843703) x14 0x0000000080012040 mem 0x0000000080031f38
core   0: 0x000000008000ff68 (0xfb843783) ld      a5, -72(s0)
core   0: 3 0x000000008000ff68 (0xfb843783) x15 0x000000000000009c mem 0x0000000080031f28
core   0: 0x000000008000ff6c (0x000097ba) c.add   a5, a4
core   0: 3 0x000000008000ff6c (0x97ba) x15 0x00000000800120dc
core   0: 0x000000008000ff6e (0xfe043703) ld      a4, -32(s0)
core   0: 3 0x000000008000ff6e (0xfe043703) x14 0x00000000800120b0 mem 0x0000000080031f50
core   0: 0x000000008000ff72 (0xfcf76de3) bltu    a4, a5, pc - 38
core   0: 3 0x000000008000ff72 (0xfcf76de3)
core   0: 0x000000008000ff4c (0xfe043783) ld      a5, -32(s0)
core   0: 3 0x000000008000ff4c (0xfe043783) x15 0x00000000800120b0 mem 0x0000000080031f50
core   0: 0x000000008000ff50 (0x00178713) addi    a4, a5, 1
core   0: 3 0x000000008000ff50 (0x00178713) x14 0x00000000800120b1
core   0: 0x000000008000ff54 (0xfee43023) sd      a4, -32(s0)
core   0: 3 0x000000008000ff54 (0xfee43023) mem 0x0000000080031f50 0x00000000800120b1
core   0: 0x000000008000ff58 (0xfc442703) lw      a4, -60(s0)
core   0: 3 0x000000008000ff58 (0xfc442703) x14 0x0000000000000000 mem 0x0000000080031f34
core   0: 0x000000008000ff5c (0x0ff77713) andi    a4, a4, 255
core   0: 3 0x000000008000ff5c (0x0ff77713) x14 0x0000000000000000
core   0: 0x000000008000ff60 (0x00e78023) sb      a4, 0(a5)
core   0: 3 0x000000008000ff60 (0x00e78023) mem 0x00000000800120b0 0x00
core   0: 0x000000008000ff64 (0xfc843703) ld      a4, -56(s0)
core   0: 3 0x000000008000ff64 (0xfc843703) x14 0x0000000080012040 mem 0x0000000080031f38
core   0: 0x000000008000ff68 (0xfb843783) ld      a5, -72(s0)
core   0: 3 0x000000008000ff68 (0xfb843783) x15 0x000000000000009c mem 0x0000000080031f28
core   0: 0x000000008000ff6c (0x000097ba) c.add   a5, a4
core   0: 3 0x000000008000ff6c (0x97ba) x15 0x00000000800120dc
core   0: 0x000000008000ff6e (0xfe043703) ld      a4, -32(s0)
core   0: 3 0x000000008000ff6e (0xfe043703) x14 0x00000000800120b1 mem 0x0000000080031f50
core   0: 0x000000008000ff72 (0xfcf76de3) bltu    a4, a5, pc - 38
core   0: 3 0x000000008000ff72 (0xfcf76de3)
core   0: 0x000000008000ff4c (0xfe043783) ld      a5, -32(s0)
core   0: 3 0x000000008000ff4c (0xfe043783) x15 0x00000000800120b1 mem 0x0000000080031f50
core   0: 0x000000008000ff50 (0x00178713) addi    a4, a5, 1
core   0: 3 0x000000008000ff50 (0x00178713) x14 0x00000000800120b2
core   0: 0x000000008000ff54 (0xfee43023) sd      a4, -32(s0)
core   0: 3 0x000000008000ff54 (0xfee43023) mem 0x0000000080031f50 0x00000000800120b2
core   0: 0x000000008000ff58 (0xfc442703) lw      a4, -60(s0)
core   0: 3 0x000000008000ff58 (0xfc442703) x14 0x0000000000000000 mem 0x0000000080031f34
core   0: 0x000000008000ff5c (0x0ff77713) andi    a4, a4, 255
core   0: 3 0x000000008000ff5c (0x0ff77713) x14 0x0000000000000000
core   0: 0x000000008000ff60 (0x00e78023) sb      a4, 0(a5)
core   0: 3 0x000000008000ff60 (0x00e78023) mem 0x00000000800120b1 0x00
core   0: 0x000000008000ff64 (0xfc843703) ld      a4, -56(s0)
core   0: 3 0x000000008000ff64 (0xfc843703) x14 0x0000000080012040 mem 0x0000000080031f38
core   0: 0x000000008000ff68 (0xfb843783) ld      a5, -72(s0)
core   0: 3 0x000000008000ff68 (0xfb843783) x15 0x000000000000009c mem 0x0000000080031f28
core   0: 0x000000008000ff6c (0x000097ba) c.add   a5, a4
core   0: 3 0x000000008000ff6c (0x97ba) x15 0x00000000800120dc
core   0: 0x000000008000ff6e (0xfe043703) ld      a4, -32(s0)
core   0: 3 0x000000008000ff6e (0xfe043703) x14 0x00000000800120b2 mem 0x0000000080031f50
core   0: 0x000000008000ff72 (0xfcf76de3) bltu    a4, a5, pc - 38
core   0: 3 0x000000008000ff72 (0xfcf76de3)
core   0: 0x000000008000ff4c (0xfe043783) ld      a5, -32(s0)
core   0: 3 0x000000008000ff4c (0xfe043783) x15 0x00000000800120b2 mem 0x0000000080031f50
core   0: 0x000000008000ff50 (0x00178713) addi    a4, a5, 1
core   0: 3 0x000000008000ff50 (0x00178713) x14 0x00000000800120b3
core   0: 0x000000008000ff54 (0xfee43023) sd      a4, -32(s0)
core   0: 3 0x000000008000ff54 (0xfee43023) mem 0x0000000080031f50 0x00000000800120b3
core   0: 0x000000008000ff58 (0xfc442703) lw      a4, -60(s0)
core   0: 3 0x000000008000ff58 (0xfc442703) x14 0x0000000000000000 mem 0x0000000080031f34
core   0: 0x000000008000ff5c (0x0ff77713) andi    a4, a4, 255
core   0: 3 0x000000008000ff5c (0x0ff77713) x14 0x0000000000000000
core   0: 0x000000008000ff60 (0x00e78023) sb      a4, 0(a5)
core   0: 3 0x000000008000ff60 (0x00e78023) mem 0x00000000800120b2 0x00
core   0: 0x000000008000ff64 (0xfc843703) ld      a4, -56(s0)
core   0: 3 0x000000008000ff64 (0xfc843703) x14 0x0000000080012040 mem 0x0000000080031f38
core   0: 0x000000008000ff68 (0xfb843783) ld      a5, -72(s0)
core   0: 3 0x000000008000ff68 (0xfb843783) x15 0x000000000000009c mem 0x0000000080031f28
core   0: 0x000000008000ff6c (0x000097ba) c.add   a5, a4
core   0: 3 0x000000008000ff6c (0x97ba) x15 0x00000000800120dc
core   0: 0x000000008000ff6e (0xfe043703) ld      a4, -32(s0)
core   0: 3 0x000000008000ff6e (0xfe043703) x14 0x00000000800120b3 mem 0x0000000080031f50
core   0: 0x000000008000ff72 (0xfcf76de3) bltu    a4, a5, pc - 38
core   0: 3 0x000000008000ff72 (0xfcf76de3)
core   0: 0x000000008000ff4c (0xfe043783) ld      a5, -32(s0)
core   0: 3 0x000000008000ff4c (0xfe043783) x15 0x00000000800120b3 mem 0x0000000080031f50
core   0: 0x000000008000ff50 (0x00178713) addi    a4, a5, 1
core   0: 3 0x000000008000ff50 (0x00178713) x14 0x00000000800120b4
core   0: 0x000000008000ff54 (0xfee43023) sd      a4, -32(s0)
core   0: 3 0x000000008000ff54 (0xfee43023) mem 0x0000000080031f50 0x00000000800120b4
core   0: 0x000000008000ff58 (0xfc442703) lw      a4, -60(s0)
core   0: 3 0x000000008000ff58 (0xfc442703) x14 0x0000000000000000 mem 0x0000000080031f34
core   0: 0x000000008000ff5c (0x0ff77713) andi    a4, a4, 255
core   0: 3 0x000000008000ff5c (0x0ff77713) x14 0x0000000000000000
core   0: 0x000000008000ff60 (0x00e78023) sb      a4, 0(a5)
core   0: 3 0x000000008000ff60 (0x00e78023) mem 0x00000000800120b3 0x00
core   0: 0x000000008000ff64 (0xfc843703) ld      a4, -56(s0)
core   0: 3 0x000000008000ff64 (0xfc843703) x14 0x0000000080012040 mem 0x0000000080031f38
core   0: 0x000000008000ff68 (0xfb843783) ld      a5, -72(s0)
core   0: 3 0x000000008000ff68 (0xfb843783) x15 0x000000000000009c mem 0x0000000080031f28
core   0: 0x000000008000ff6c (0x000097ba) c.add   a5, a4
core   0: 3 0x000000008000ff6c (0x97ba) x15 0x00000000800120dc
core   0: 0x000000008000ff6e (0xfe043703) ld      a4, -32(s0)
core   0: 3 0x000000008000ff6e (0xfe043703) x14 0x00000000800120b4 mem 0x0000000080031f50
core   0: 0x000000008000ff72 (0xfcf76de3) bltu    a4, a5, pc - 38
core   0: 3 0x000000008000ff72 (0xfcf76de3)
core   0: 0x000000008000ff4c (0xfe043783) ld      a5, -32(s0)
core   0: 3 0x000000008000ff4c (0xfe043783) x15 0x00000000800120b4 mem 0x0000000080031f50
core   0: 0x000000008000ff50 (0x00178713) addi    a4, a5, 1
core   0: 3 0x000000008000ff50 (0x00178713) x14 0x00000000800120b5
core   0: 0x000000008000ff54 (0xfee43023) sd      a4, -32(s0)
core   0: 3 0x000000008000ff54 (0xfee43023) mem 0x0000000080031f50 0x00000000800120b5
core   0: 0x000000008000ff58 (0xfc442703) lw      a4, -60(s0)
core   0: 3 0x000000008000ff58 (0xfc442703) x14 0x0000000000000000 mem 0x0000000080031f34
core   0: 0x000000008000ff5c (0x0ff77713) andi    a4, a4, 255
core   0: 3 0x000000008000ff5c (0x0ff77713) x14 0x0000000000000000
core   0: 0x000000008000ff60 (0x00e78023) sb      a4, 0(a5)
core   0: 3 0x000000008000ff60 (0x00e78023) mem 0x00000000800120b4 0x00
core   0: 0x000000008000ff64 (0xfc843703) ld      a4, -56(s0)
core   0: 3 0x000000008000ff64 (0xfc843703) x14 0x0000000080012040 mem 0x0000000080031f38
core   0: 0x000000008000ff68 (0xfb843783) ld      a5, -72(s0)
core   0: 3 0x000000008000ff68 (0xfb843783) x15 0x000000000000009c mem 0x0000000080031f28
core   0: 0x000000008000ff6c (0x000097ba) c.add   a5, a4
core   0: 3 0x000000008000ff6c (0x97ba) x15 0x00000000800120dc
core   0: 0x000000008000ff6e (0xfe043703) ld      a4, -32(s0)
core   0: 3 0x000000008000ff6e (0xfe043703) x14 0x00000000800120b5 mem 0x0000000080031f50
core   0: 0x000000008000ff72 (0xfcf76de3) bltu    a4, a5, pc - 38
core   0: 3 0x000000008000ff72 (0xfcf76de3)
core   0: 0x000000008000ff4c (0xfe043783) ld      a5, -32(s0)
core   0: 3 0x000000008000ff4c (0xfe043783) x15 0x00000000800120b5 mem 0x0000000080031f50
core   0: 0x000000008000ff50 (0x00178713) addi    a4, a5, 1
core   0: 3 0x000000008000ff50 (0x00178713) x14 0x00000000800120b6
core   0: 0x000000008000ff54 (0xfee43023) sd      a4, -32(s0)
core   0: 3 0x000000008000ff54 (0xfee43023) mem 0x0000000080031f50 0x00000000800120b6
core   0: 0x000000008000ff58 (0xfc442703) lw      a4, -60(s0)
core   0: 3 0x000000008000ff58 (0xfc442703) x14 0x0000000000000000 mem 0x0000000080031f34
core   0: 0x000000008000ff5c (0x0ff77713) andi    a4, a4, 255
core   0: 3 0x000000008000ff5c (0x0ff77713) x14 0x0000000000000000
core   0: 0x000000008000ff60 (0x00e78023) sb      a4, 0(a5)
core   0: 3 0x000000008000ff60 (0x00e78023) mem 0x00000000800120b5 0x00
core   0: 0x000000008000ff64 (0xfc843703) ld      a4, -56(s0)
core   0: 3 0x000000008000ff64 (0xfc843703) x14 0x0000000080012040 mem 0x0000000080031f38
core   0: 0x000000008000ff68 (0xfb843783) ld      a5, -72(s0)
core   0: 3 0x000000008000ff68 (0xfb843783) x15 0x000000000000009c mem 0x0000000080031f28
core   0: 0x000000008000ff6c (0x000097ba) c.add   a5, a4
core   0: 3 0x000000008000ff6c (0x97ba) x15 0x00000000800120dc
core   0: 0x000000008000ff6e (0xfe043703) ld      a4, -32(s0)
core   0: 3 0x000000008000ff6e (0xfe043703) x14 0x00000000800120b6 mem 0x0000000080031f50
core   0: 0x000000008000ff72 (0xfcf76de3) bltu    a4, a5, pc - 38
core   0: 3 0x000000008000ff72 (0xfcf76de3)
core   0: 0x000000008000ff4c (0xfe043783) ld      a5, -32(s0)
core   0: 3 0x000000008000ff4c (0xfe043783) x15 0x00000000800120b6 mem 0x0000000080031f50
core   0: 0x000000008000ff50 (0x00178713) addi    a4, a5, 1
core   0: 3 0x000000008000ff50 (0x00178713) x14 0x00000000800120b7
core   0: 0x000000008000ff54 (0xfee43023) sd      a4, -32(s0)
core   0: 3 0x000000008000ff54 (0xfee43023) mem 0x0000000080031f50 0x00000000800120b7
core   0: 0x000000008000ff58 (0xfc442703) lw      a4, -60(s0)
core   0: 3 0x000000008000ff58 (0xfc442703) x14 0x0000000000000000 mem 0x0000000080031f34
core   0: 0x000000008000ff5c (0x0ff77713) andi    a4, a4, 255
core   0: 3 0x000000008000ff5c (0x0ff77713) x14 0x0000000000000000
core   0: 0x000000008000ff60 (0x00e78023) sb      a4, 0(a5)
core   0: 3 0x000000008000ff60 (0x00e78023) mem 0x00000000800120b6 0x00
core   0: 0x000000008000ff64 (0xfc843703) ld      a4, -56(s0)
core   0: 3 0x000000008000ff64 (0xfc843703) x14 0x0000000080012040 mem 0x0000000080031f38
core   0: 0x000000008000ff68 (0xfb843783) ld      a5, -72(s0)
core   0: 3 0x000000008000ff68 (0xfb843783) x15 0x000000000000009c mem 0x0000000080031f28
core   0: 0x000000008000ff6c (0x000097ba) c.add   a5, a4
core   0: 3 0x000000008000ff6c (0x97ba) x15 0x00000000800120dc
core   0: 0x000000008000ff6e (0xfe043703) ld      a4, -32(s0)
core   0: 3 0x000000008000ff6e (0xfe043703) x14 0x00000000800120b7 mem 0x0000000080031f50
core   0: 0x000000008000ff72 (0xfcf76de3) bltu    a4, a5, pc - 38
core   0: 3 0x000000008000ff72 (0xfcf76de3)
core   0: 0x000000008000ff4c (0xfe043783) ld      a5, -32(s0)
core   0: 3 0x000000008000ff4c (0xfe043783) x15 0x00000000800120b7 mem 0x0000000080031f50
core   0: 0x000000008000ff50 (0x00178713) addi    a4, a5, 1
core   0: 3 0x000000008000ff50 (0x00178713) x14 0x00000000800120b8
core   0: 0x000000008000ff54 (0xfee43023) sd      a4, -32(s0)
core   0: 3 0x000000008000ff54 (0xfee43023) mem 0x0000000080031f50 0x00000000800120b8
core   0: 0x000000008000ff58 (0xfc442703) lw      a4, -60(s0)
core   0: 3 0x000000008000ff58 (0xfc442703) x14 0x0000000000000000 mem 0x0000000080031f34
core   0: 0x000000008000ff5c (0x0ff77713) andi    a4, a4, 255
core   0: 3 0x000000008000ff5c (0x0ff77713) x14 0x0000000000000000
core   0: 0x000000008000ff60 (0x00e78023) sb      a4, 0(a5)
core   0: 3 0x000000008000ff60 (0x00e78023) mem 0x00000000800120b7 0x00
core   0: 0x000000008000ff64 (0xfc843703) ld      a4, -56(s0)
core   0: 3 0x000000008000ff64 (0xfc843703) x14 0x0000000080012040 mem 0x0000000080031f38
core   0: 0x000000008000ff68 (0xfb843783) ld      a5, -72(s0)
core   0: 3 0x000000008000ff68 (0xfb843783) x15 0x000000000000009c mem 0x0000000080031f28
core   0: 0x000000008000ff6c (0x000097ba) c.add   a5, a4
core   0: 3 0x000000008000ff6c (0x97ba) x15 0x00000000800120dc
core   0: 0x000000008000ff6e (0xfe043703) ld      a4, -32(s0)
core   0: 3 0x000000008000ff6e (0xfe043703) x14 0x00000000800120b8 mem 0x0000000080031f50
core   0: 0x000000008000ff72 (0xfcf76de3) bltu    a4, a5, pc - 38
core   0: 3 0x000000008000ff72 (0xfcf76de3)
core   0: 0x000000008000ff4c (0xfe043783) ld      a5, -32(s0)
core   0: 3 0x000000008000ff4c (0xfe043783) x15 0x00000000800120b8 mem 0x0000000080031f50
core   0: 0x000000008000ff50 (0x00178713) addi    a4, a5, 1
core   0: 3 0x000000008000ff50 (0x00178713) x14 0x00000000800120b9
core   0: 0x000000008000ff54 (0xfee43023) sd      a4, -32(s0)
core   0: 3 0x000000008000ff54 (0xfee43023) mem 0x0000000080031f50 0x00000000800120b9
core   0: 0x000000008000ff58 (0xfc442703) lw      a4, -60(s0)
core   0: 3 0x000000008000ff58 (0xfc442703) x14 0x0000000000000000 mem 0x0000000080031f34
core   0: 0x000000008000ff5c (0x0ff77713) andi    a4, a4, 255
core   0: 3 0x000000008000ff5c (0x0ff77713) x14 0x0000000000000000
core   0: 0x000000008000ff60 (0x00e78023) sb      a4, 0(a5)
core   0: 3 0x000000008000ff60 (0x00e78023) mem 0x00000000800120b8 0x00
core   0: 0x000000008000ff64 (0xfc843703) ld      a4, -56(s0)
core   0: 3 0x000000008000ff64 (0xfc843703) x14 0x0000000080012040 mem 0x0000000080031f38
core   0: 0x000000008000ff68 (0xfb843783) ld      a5, -72(s0)
core   0: 3 0x000000008000ff68 (0xfb843783) x15 0x000000000000009c mem 0x0000000080031f28
core   0: 0x000000008000ff6c (0x000097ba) c.add   a5, a4
core   0: 3 0x000000008000ff6c (0x97ba) x15 0x00000000800120dc
core   0: 0x000000008000ff6e (0xfe043703) ld      a4, -32(s0)
core   0: 3 0x000000008000ff6e (0xfe043703) x14 0x00000000800120b9 mem 0x0000000080031f50
core   0: 0x000000008000ff72 (0xfcf76de3) bltu    a4, a5, pc - 38
core   0: 3 0x000000008000ff72 (0xfcf76de3)
core   0: 0x000000008000ff4c (0xfe043783) ld      a5, -32(s0)
core   0: 3 0x000000008000ff4c (0xfe043783) x15 0x00000000800120b9 mem 0x0000000080031f50
core   0: 0x000000008000ff50 (0x00178713) addi    a4, a5, 1
core   0: 3 0x000000008000ff50 (0x00178713) x14 0x00000000800120ba
core   0: 0x000000008000ff54 (0xfee43023) sd      a4, -32(s0)
core   0: 3 0x000000008000ff54 (0xfee43023) mem 0x0000000080031f50 0x00000000800120ba
core   0: 0x000000008000ff58 (0xfc442703) lw      a4, -60(s0)
core   0: 3 0x000000008000ff58 (0xfc442703) x14 0x0000000000000000 mem 0x0000000080031f34
core   0: 0x000000008000ff5c (0x0ff77713) andi    a4, a4, 255
core   0: 3 0x000000008000ff5c (0x0ff77713) x14 0x0000000000000000
core   0: 0x000000008000ff60 (0x00e78023) sb      a4, 0(a5)
core   0: 3 0x000000008000ff60 (0x00e78023) mem 0x00000000800120b9 0x00
core   0: 0x000000008000ff64 (0xfc843703) ld      a4, -56(s0)
core   0: 3 0x000000008000ff64 (0xfc843703) x14 0x0000000080012040 mem 0x0000000080031f38
core   0: 0x000000008000ff68 (0xfb843783) ld      a5, -72(s0)
core   0: 3 0x000000008000ff68 (0xfb843783) x15 0x000000000000009c mem 0x0000000080031f28
core   0: 0x000000008000ff6c (0x000097ba) c.add   a5, a4
core   0: 3 0x000000008000ff6c (0x97ba) x15 0x00000000800120dc
core   0: 0x000000008000ff6e (0xfe043703) ld      a4, -32(s0)
core   0: 3 0x000000008000ff6e (0xfe043703) x14 0x00000000800120ba mem 0x0000000080031f50
core   0: 0x000000008000ff72 (0xfcf76de3) bltu    a4, a5, pc - 38
core   0: 3 0x000000008000ff72 (0xfcf76de3)
core   0: 0x000000008000ff4c (0xfe043783) ld      a5, -32(s0)
core   0: 3 0x000000008000ff4c (0xfe043783) x15 0x00000000800120ba mem 0x0000000080031f50
core   0: 0x000000008000ff50 (0x00178713) addi    a4, a5, 1
core   0: 3 0x000000008000ff50 (0x00178713) x14 0x00000000800120bb
core   0: 0x000000008000ff54 (0xfee43023) sd      a4, -32(s0)
core   0: 3 0x000000008000ff54 (0xfee43023) mem 0x0000000080031f50 0x00000000800120bb
core   0: 0x000000008000ff58 (0xfc442703) lw      a4, -60(s0)
core   0: 3 0x000000008000ff58 (0xfc442703) x14 0x0000000000000000 mem 0x0000000080031f34
core   0: 0x000000008000ff5c (0x0ff77713) andi    a4, a4, 255
core   0: 3 0x000000008000ff5c (0x0ff77713) x14 0x0000000000000000
core   0: 0x000000008000ff60 (0x00e78023) sb      a4, 0(a5)
core   0: 3 0x000000008000ff60 (0x00e78023) mem 0x00000000800120ba 0x00
core   0: 0x000000008000ff64 (0xfc843703) ld      a4, -56(s0)
core   0: 3 0x000000008000ff64 (0xfc843703) x14 0x0000000080012040 mem 0x0000000080031f38
core   0: 0x000000008000ff68 (0xfb843783) ld      a5, -72(s0)
core   0: 3 0x000000008000ff68 (0xfb843783) x15 0x000000000000009c mem 0x0000000080031f28
core   0: 0x000000008000ff6c (0x000097ba) c.add   a5, a4
core   0: 3 0x000000008000ff6c (0x97ba) x15 0x00000000800120dc
core   0: 0x000000008000ff6e (0xfe043703) ld      a4, -32(s0)
core   0: 3 0x000000008000ff6e (0xfe043703) x14 0x00000000800120bb mem 0x0000000080031f50
core   0: 0x000000008000ff72 (0xfcf76de3) bltu    a4, a5, pc - 38
core   0: 3 0x000000008000ff72 (0xfcf76de3)
core   0: 0x000000008000ff4c (0xfe043783) ld      a5, -32(s0)
core   0: 3 0x000000008000ff4c (0xfe043783) x15 0x00000000800120bb mem 0x0000000080031f50
core   0: 0x000000008000ff50 (0x00178713) addi    a4, a5, 1
core   0: 3 0x000000008000ff50 (0x00178713) x14 0x00000000800120bc
core   0: 0x000000008000ff54 (0xfee43023) sd      a4, -32(s0)
core   0: 3 0x000000008000ff54 (0xfee43023) mem 0x0000000080031f50 0x00000000800120bc
core   0: 0x000000008000ff58 (0xfc442703) lw      a4, -60(s0)
core   0: 3 0x000000008000ff58 (0xfc442703) x14 0x0000000000000000 mem 0x0000000080031f34
core   0: 0x000000008000ff5c (0x0ff77713) andi    a4, a4, 255
core   0: 3 0x000000008000ff5c (0x0ff77713) x14 0x0000000000000000
core   0: 0x000000008000ff60 (0x00e78023) sb      a4, 0(a5)
core   0: 3 0x000000008000ff60 (0x00e78023) mem 0x00000000800120bb 0x00
core   0: 0x000000008000ff64 (0xfc843703) ld      a4, -56(s0)
core   0: 3 0x000000008000ff64 (0xfc843703) x14 0x0000000080012040 mem 0x0000000080031f38
core   0: 0x000000008000ff68 (0xfb843783) ld      a5, -72(s0)
core   0: 3 0x000000008000ff68 (0xfb843783) x15 0x000000000000009c mem 0x0000000080031f28
core   0: 0x000000008000ff6c (0x000097ba) c.add   a5, a4
core   0: 3 0x000000008000ff6c (0x97ba) x15 0x00000000800120dc
core   0: 0x000000008000ff6e (0xfe043703) ld      a4, -32(s0)
core   0: 3 0x000000008000ff6e (0xfe043703) x14 0x00000000800120bc mem 0x0000000080031f50
core   0: 0x000000008000ff72 (0xfcf76de3) bltu    a4, a5, pc - 38
core   0: 3 0x000000008000ff72 (0xfcf76de3)
core   0: 0x000000008000ff4c (0xfe043783) ld      a5, -32(s0)
core   0: 3 0x000000008000ff4c (0xfe043783) x15 0x00000000800120bc mem 0x0000000080031f50
core   0: 0x000000008000ff50 (0x00178713) addi    a4, a5, 1
core   0: 3 0x000000008000ff50 (0x00178713) x14 0x00000000800120bd
core   0: 0x000000008000ff54 (0xfee43023) sd      a4, -32(s0)
core   0: 3 0x000000008000ff54 (0xfee43023) mem 0x0000000080031f50 0x00000000800120bd
core   0: 0x000000008000ff58 (0xfc442703) lw      a4, -60(s0)
core   0: 3 0x000000008000ff58 (0xfc442703) x14 0x0000000000000000 mem 0x0000000080031f34
core   0: 0x000000008000ff5c (0x0ff77713) andi    a4, a4, 255
core   0: 3 0x000000008000ff5c (0x0ff77713) x14 0x0000000000000000
core   0: 0x000000008000ff60 (0x00e78023) sb      a4, 0(a5)
core   0: 3 0x000000008000ff60 (0x00e78023) mem 0x00000000800120bc 0x00
core   0: 0x000000008000ff64 (0xfc843703) ld      a4, -56(s0)
core   0: 3 0x000000008000ff64 (0xfc843703) x14 0x0000000080012040 mem 0x0000000080031f38
core   0: 0x000000008000ff68 (0xfb843783) ld      a5, -72(s0)
core   0: 3 0x000000008000ff68 (0xfb843783) x15 0x000000000000009c mem 0x0000000080031f28
core   0: 0x000000008000ff6c (0x000097ba) c.add   a5, a4
core   0: 3 0x000000008000ff6c (0x97ba) x15 0x00000000800120dc
core   0: 0x000000008000ff6e (0xfe043703) ld      a4, -32(s0)
core   0: 3 0x000000008000ff6e (0xfe043703) x14 0x00000000800120bd mem 0x0000000080031f50
core   0: 0x000000008000ff72 (0xfcf76de3) bltu    a4, a5, pc - 38
core   0: 3 0x000000008000ff72 (0xfcf76de3)
core   0: 0x000000008000ff4c (0xfe043783) ld      a5, -32(s0)
core   0: 3 0x000000008000ff4c (0xfe043783) x15 0x00000000800120bd mem 0x0000000080031f50
core   0: 0x000000008000ff50 (0x00178713) addi    a4, a5, 1
core   0: 3 0x000000008000ff50 (0x00178713) x14 0x00000000800120be
core   0: 0x000000008000ff54 (0xfee43023) sd      a4, -32(s0)
core   0: 3 0x000000008000ff54 (0xfee43023) mem 0x0000000080031f50 0x00000000800120be
core   0: 0x000000008000ff58 (0xfc442703) lw      a4, -60(s0)
core   0: 3 0x000000008000ff58 (0xfc442703) x14 0x0000000000000000 mem 0x0000000080031f34
core   0: 0x000000008000ff5c (0x0ff77713) andi    a4, a4, 255
core   0: 3 0x000000008000ff5c (0x0ff77713) x14 0x0000000000000000
core   0: 0x000000008000ff60 (0x00e78023) sb      a4, 0(a5)
core   0: 3 0x000000008000ff60 (0x00e78023) mem 0x00000000800120bd 0x00
core   0: 0x000000008000ff64 (0xfc843703) ld      a4, -56(s0)
core   0: 3 0x000000008000ff64 (0xfc843703) x14 0x0000000080012040 mem 0x0000000080031f38
core   0: 0x000000008000ff68 (0xfb843783) ld      a5, -72(s0)
core   0: 3 0x000000008000ff68 (0xfb843783) x15 0x000000000000009c mem 0x0000000080031f28
core   0: 0x000000008000ff6c (0x000097ba) c.add   a5, a4
core   0: 3 0x000000008000ff6c (0x97ba) x15 0x00000000800120dc
core   0: 0x000000008000ff6e (0xfe043703) ld      a4, -32(s0)
core   0: 3 0x000000008000ff6e (0xfe043703) x14 0x00000000800120be mem 0x0000000080031f50
core   0: 0x000000008000ff72 (0xfcf76de3) bltu    a4, a5, pc - 38
core   0: 3 0x000000008000ff72 (0xfcf76de3)
core   0: 0x000000008000ff4c (0xfe043783) ld      a5, -32(s0)
core   0: 3 0x000000008000ff4c (0xfe043783) x15 0x00000000800120be mem 0x0000000080031f50
core   0: 0x000000008000ff50 (0x00178713) addi    a4, a5, 1
core   0: 3 0x000000008000ff50 (0x00178713) x14 0x00000000800120bf
core   0: 0x000000008000ff54 (0xfee43023) sd      a4, -32(s0)
core   0: 3 0x000000008000ff54 (0xfee43023) mem 0x0000000080031f50 0x00000000800120bf
core   0: 0x000000008000ff58 (0xfc442703) lw      a4, -60(s0)
core   0: 3 0x000000008000ff58 (0xfc442703) x14 0x0000000000000000 mem 0x0000000080031f34
core   0: 0x000000008000ff5c (0x0ff77713) andi    a4, a4, 255
core   0: 3 0x000000008000ff5c (0x0ff77713) x14 0x0000000000000000
core   0: 0x000000008000ff60 (0x00e78023) sb      a4, 0(a5)
core   0: 3 0x000000008000ff60 (0x00e78023) mem 0x00000000800120be 0x00
core   0: 0x000000008000ff64 (0xfc843703) ld      a4, -56(s0)
core   0: 3 0x000000008000ff64 (0xfc843703) x14 0x0000000080012040 mem 0x0000000080031f38
core   0: 0x000000008000ff68 (0xfb843783) ld      a5, -72(s0)
core   0: 3 0x000000008000ff68 (0xfb843783) x15 0x000000000000009c mem 0x0000000080031f28
core   0: 0x000000008000ff6c (0x000097ba) c.add   a5, a4
core   0: 3 0x000000008000ff6c (0x97ba) x15 0x00000000800120dc
core   0: 0x000000008000ff6e (0xfe043703) ld      a4, -32(s0)
core   0: 3 0x000000008000ff6e (0xfe043703) x14 0x00000000800120bf mem 0x0000000080031f50
core   0: 0x000000008000ff72 (0xfcf76de3) bltu    a4, a5, pc - 38
core   0: 3 0x000000008000ff72 (0xfcf76de3)
core   0: 0x000000008000ff4c (0xfe043783) ld      a5, -32(s0)
core   0: 3 0x000000008000ff4c (0xfe043783) x15 0x00000000800120bf mem 0x0000000080031f50
core   0: 0x000000008000ff50 (0x00178713) addi    a4, a5, 1
core   0: 3 0x000000008000ff50 (0x00178713) x14 0x00000000800120c0
core   0: 0x000000008000ff54 (0xfee43023) sd      a4, -32(s0)
core   0: 3 0x000000008000ff54 (0xfee43023) mem 0x0000000080031f50 0x00000000800120c0
core   0: 0x000000008000ff58 (0xfc442703) lw      a4, -60(s0)
core   0: 3 0x000000008000ff58 (0xfc442703) x14 0x0000000000000000 mem 0x0000000080031f34
core   0: 0x000000008000ff5c (0x0ff77713) andi    a4, a4, 255
core   0: 3 0x000000008000ff5c (0x0ff77713) x14 0x0000000000000000
core   0: 0x000000008000ff60 (0x00e78023) sb      a4, 0(a5)
core   0: 3 0x000000008000ff60 (0x00e78023) mem 0x00000000800120bf 0x00
core   0: 0x000000008000ff64 (0xfc843703) ld      a4, -56(s0)
core   0: 3 0x000000008000ff64 (0xfc843703) x14 0x0000000080012040 mem 0x0000000080031f38
core   0: 0x000000008000ff68 (0xfb843783) ld      a5, -72(s0)
core   0: 3 0x000000008000ff68 (0xfb843783) x15 0x000000000000009c mem 0x0000000080031f28
core   0: 0x000000008000ff6c (0x000097ba) c.add   a5, a4
core   0: 3 0x000000008000ff6c (0x97ba) x15 0x00000000800120dc
core   0: 0x000000008000ff6e (0xfe043703) ld      a4, -32(s0)
core   0: 3 0x000000008000ff6e (0xfe043703) x14 0x00000000800120c0 mem 0x0000000080031f50
core   0: 0x000000008000ff72 (0xfcf76de3) bltu    a4, a5, pc - 38
core   0: 3 0x000000008000ff72 (0xfcf76de3)
core   0: 0x000000008000ff4c (0xfe043783) ld      a5, -32(s0)
core   0: 3 0x000000008000ff4c (0xfe043783) x15 0x00000000800120c0 mem 0x0000000080031f50
core   0: 0x000000008000ff50 (0x00178713) addi    a4, a5, 1
core   0: 3 0x000000008000ff50 (0x00178713) x14 0x00000000800120c1
core   0: 0x000000008000ff54 (0xfee43023) sd      a4, -32(s0)
core   0: 3 0x000000008000ff54 (0xfee43023) mem 0x0000000080031f50 0x00000000800120c1
core   0: 0x000000008000ff58 (0xfc442703) lw      a4, -60(s0)
core   0: 3 0x000000008000ff58 (0xfc442703) x14 0x0000000000000000 mem 0x0000000080031f34
core   0: 0x000000008000ff5c (0x0ff77713) andi    a4, a4, 255
core   0: 3 0x000000008000ff5c (0x0ff77713) x14 0x0000000000000000
core   0: 0x000000008000ff60 (0x00e78023) sb      a4, 0(a5)
core   0: 3 0x000000008000ff60 (0x00e78023) mem 0x00000000800120c0 0x00
core   0: 0x000000008000ff64 (0xfc843703) ld      a4, -56(s0)
core   0: 3 0x000000008000ff64 (0xfc843703) x14 0x0000000080012040 mem 0x0000000080031f38
core   0: 0x000000008000ff68 (0xfb843783) ld      a5, -72(s0)
core   0: 3 0x000000008000ff68 (0xfb843783) x15 0x000000000000009c mem 0x0000000080031f28
core   0: 0x000000008000ff6c (0x000097ba) c.add   a5, a4
core   0: 3 0x000000008000ff6c (0x97ba) x15 0x00000000800120dc
core   0: 0x000000008000ff6e (0xfe043703) ld      a4, -32(s0)
core   0: 3 0x000000008000ff6e (0xfe043703) x14 0x00000000800120c1 mem 0x0000000080031f50
core   0: 0x000000008000ff72 (0xfcf76de3) bltu    a4, a5, pc - 38
core   0: 3 0x000000008000ff72 (0xfcf76de3)
core   0: 0x000000008000ff4c (0xfe043783) ld      a5, -32(s0)
core   0: 3 0x000000008000ff4c (0xfe043783) x15 0x00000000800120c1 mem 0x0000000080031f50
core   0: 0x000000008000ff50 (0x00178713) addi    a4, a5, 1
core   0: 3 0x000000008000ff50 (0x00178713) x14 0x00000000800120c2
core   0: 0x000000008000ff54 (0xfee43023) sd      a4, -32(s0)
core   0: 3 0x000000008000ff54 (0xfee43023) mem 0x0000000080031f50 0x00000000800120c2
core   0: 0x000000008000ff58 (0xfc442703) lw      a4, -60(s0)
core   0: 3 0x000000008000ff58 (0xfc442703) x14 0x0000000000000000 mem 0x0000000080031f34
core   0: 0x000000008000ff5c (0x0ff77713) andi    a4, a4, 255
core   0: 3 0x000000008000ff5c (0x0ff77713) x14 0x0000000000000000
core   0: 0x000000008000ff60 (0x00e78023) sb      a4, 0(a5)
core   0: 3 0x000000008000ff60 (0x00e78023) mem 0x00000000800120c1 0x00
core   0: 0x000000008000ff64 (0xfc843703) ld      a4, -56(s0)
core   0: 3 0x000000008000ff64 (0xfc843703) x14 0x0000000080012040 mem 0x0000000080031f38
core   0: 0x000000008000ff68 (0xfb843783) ld      a5, -72(s0)
core   0: 3 0x000000008000ff68 (0xfb843783) x15 0x000000000000009c mem 0x0000000080031f28
core   0: 0x000000008000ff6c (0x000097ba) c.add   a5, a4
core   0: 3 0x000000008000ff6c (0x97ba) x15 0x00000000800120dc
core   0: 0x000000008000ff6e (0xfe043703) ld      a4, -32(s0)
core   0: 3 0x000000008000ff6e (0xfe043703) x14 0x00000000800120c2 mem 0x0000000080031f50
core   0: 0x000000008000ff72 (0xfcf76de3) bltu    a4, a5, pc - 38
core   0: 3 0x000000008000ff72 (0xfcf76de3)
core   0: 0x000000008000ff4c (0xfe043783) ld      a5, -32(s0)
core   0: 3 0x000000008000ff4c (0xfe043783) x15 0x00000000800120c2 mem 0x0000000080031f50
core   0: 0x000000008000ff50 (0x00178713) addi    a4, a5, 1
core   0: 3 0x000000008000ff50 (0x00178713) x14 0x00000000800120c3
core   0: 0x000000008000ff54 (0xfee43023) sd      a4, -32(s0)
core   0: 3 0x000000008000ff54 (0xfee43023) mem 0x0000000080031f50 0x00000000800120c3
core   0: 0x000000008000ff58 (0xfc442703) lw      a4, -60(s0)
core   0: 3 0x000000008000ff58 (0xfc442703) x14 0x0000000000000000 mem 0x0000000080031f34
core   0: 0x000000008000ff5c (0x0ff77713) andi    a4, a4, 255
core   0: 3 0x000000008000ff5c (0x0ff77713) x14 0x0000000000000000
core   0: 0x000000008000ff60 (0x00e78023) sb      a4, 0(a5)
core   0: 3 0x000000008000ff60 (0x00e78023) mem 0x00000000800120c2 0x00
core   0: 0x000000008000ff64 (0xfc843703) ld      a4, -56(s0)
core   0: 3 0x000000008000ff64 (0xfc843703) x14 0x0000000080012040 mem 0x0000000080031f38
core   0: 0x000000008000ff68 (0xfb843783) ld      a5, -72(s0)
core   0: 3 0x000000008000ff68 (0xfb843783) x15 0x000000000000009c mem 0x0000000080031f28
core   0: 0x000000008000ff6c (0x000097ba) c.add   a5, a4
core   0: 3 0x000000008000ff6c (0x97ba) x15 0x00000000800120dc
core   0: 0x000000008000ff6e (0xfe043703) ld      a4, -32(s0)
core   0: 3 0x000000008000ff6e (0xfe043703) x14 0x00000000800120c3 mem 0x0000000080031f50
core   0: 0x000000008000ff72 (0xfcf76de3) bltu    a4, a5, pc - 38
core   0: 3 0x000000008000ff72 (0xfcf76de3)
core   0: 0x000000008000ff4c (0xfe043783) ld      a5, -32(s0)
core   0: 3 0x000000008000ff4c (0xfe043783) x15 0x00000000800120c3 mem 0x0000000080031f50
core   0: 0x000000008000ff50 (0x00178713) addi    a4, a5, 1
core   0: 3 0x000000008000ff50 (0x00178713) x14 0x00000000800120c4
core   0: 0x000000008000ff54 (0xfee43023) sd      a4, -32(s0)
core   0: 3 0x000000008000ff54 (0xfee43023) mem 0x0000000080031f50 0x00000000800120c4
core   0: 0x000000008000ff58 (0xfc442703) lw      a4, -60(s0)
core   0: 3 0x000000008000ff58 (0xfc442703) x14 0x0000000000000000 mem 0x0000000080031f34
core   0: 0x000000008000ff5c (0x0ff77713) andi    a4, a4, 255
core   0: 3 0x000000008000ff5c (0x0ff77713) x14 0x0000000000000000
core   0: 0x000000008000ff60 (0x00e78023) sb      a4, 0(a5)
core   0: 3 0x000000008000ff60 (0x00e78023) mem 0x00000000800120c3 0x00
core   0: 0x000000008000ff64 (0xfc843703) ld      a4, -56(s0)
core   0: 3 0x000000008000ff64 (0xfc843703) x14 0x0000000080012040 mem 0x0000000080031f38
core   0: 0x000000008000ff68 (0xfb843783) ld      a5, -72(s0)
core   0: 3 0x000000008000ff68 (0xfb843783) x15 0x000000000000009c mem 0x0000000080031f28
core   0: 0x000000008000ff6c (0x000097ba) c.add   a5, a4
core   0: 3 0x000000008000ff6c (0x97ba) x15 0x00000000800120dc
core   0: 0x000000008000ff6e (0xfe043703) ld      a4, -32(s0)
core   0: 3 0x000000008000ff6e (0xfe043703) x14 0x00000000800120c4 mem 0x0000000080031f50
core   0: 0x000000008000ff72 (0xfcf76de3) bltu    a4, a5, pc - 38
core   0: 3 0x000000008000ff72 (0xfcf76de3)
core   0: 0x000000008000ff4c (0xfe043783) ld      a5, -32(s0)
core   0: 3 0x000000008000ff4c (0xfe043783) x15 0x00000000800120c4 mem 0x0000000080031f50
core   0: 0x000000008000ff50 (0x00178713) addi    a4, a5, 1
core   0: 3 0x000000008000ff50 (0x00178713) x14 0x00000000800120c5
core   0: 0x000000008000ff54 (0xfee43023) sd      a4, -32(s0)
core   0: 3 0x000000008000ff54 (0xfee43023) mem 0x0000000080031f50 0x00000000800120c5
core   0: 0x000000008000ff58 (0xfc442703) lw      a4, -60(s0)
core   0: 3 0x000000008000ff58 (0xfc442703) x14 0x0000000000000000 mem 0x0000000080031f34
core   0: 0x000000008000ff5c (0x0ff77713) andi    a4, a4, 255
core   0: 3 0x000000008000ff5c (0x0ff77713) x14 0x0000000000000000
core   0: 0x000000008000ff60 (0x00e78023) sb      a4, 0(a5)
core   0: 3 0x000000008000ff60 (0x00e78023) mem 0x00000000800120c4 0x00
core   0: 0x000000008000ff64 (0xfc843703) ld      a4, -56(s0)
core   0: 3 0x000000008000ff64 (0xfc843703) x14 0x0000000080012040 mem 0x0000000080031f38
core   0: 0x000000008000ff68 (0xfb843783) ld      a5, -72(s0)
core   0: 3 0x000000008000ff68 (0xfb843783) x15 0x000000000000009c mem 0x0000000080031f28
core   0: 0x000000008000ff6c (0x000097ba) c.add   a5, a4
core   0: 3 0x000000008000ff6c (0x97ba) x15 0x00000000800120dc
core   0: 0x000000008000ff6e (0xfe043703) ld      a4, -32(s0)
core   0: 3 0x000000008000ff6e (0xfe043703) x14 0x00000000800120c5 mem 0x0000000080031f50
core   0: 0x000000008000ff72 (0xfcf76de3) bltu    a4, a5, pc - 38
core   0: 3 0x000000008000ff72 (0xfcf76de3)
core   0: 0x000000008000ff4c (0xfe043783) ld      a5, -32(s0)
core   0: 3 0x000000008000ff4c (0xfe043783) x15 0x00000000800120c5 mem 0x0000000080031f50
core   0: 0x000000008000ff50 (0x00178713) addi    a4, a5, 1
core   0: 3 0x000000008000ff50 (0x00178713) x14 0x00000000800120c6
core   0: 0x000000008000ff54 (0xfee43023) sd      a4, -32(s0)
core   0: 3 0x000000008000ff54 (0xfee43023) mem 0x0000000080031f50 0x00000000800120c6
core   0: 0x000000008000ff58 (0xfc442703) lw      a4, -60(s0)
core   0: 3 0x000000008000ff58 (0xfc442703) x14 0x0000000000000000 mem 0x0000000080031f34
core   0: 0x000000008000ff5c (0x0ff77713) andi    a4, a4, 255
core   0: 3 0x000000008000ff5c (0x0ff77713) x14 0x0000000000000000
core   0: 0x000000008000ff60 (0x00e78023) sb      a4, 0(a5)
core   0: 3 0x000000008000ff60 (0x00e78023) mem 0x00000000800120c5 0x00
core   0: 0x000000008000ff64 (0xfc843703) ld      a4, -56(s0)
core   0: 3 0x000000008000ff64 (0xfc843703) x14 0x0000000080012040 mem 0x0000000080031f38
core   0: 0x000000008000ff68 (0xfb843783) ld      a5, -72(s0)
core   0: 3 0x000000008000ff68 (0xfb843783) x15 0x000000000000009c mem 0x0000000080031f28
core   0: 0x000000008000ff6c (0x000097ba) c.add   a5, a4
core   0: 3 0x000000008000ff6c (0x97ba) x15 0x00000000800120dc
core   0: 0x000000008000ff6e (0xfe043703) ld      a4, -32(s0)
core   0: 3 0x000000008000ff6e (0xfe043703) x14 0x00000000800120c6 mem 0x0000000080031f50
core   0: 0x000000008000ff72 (0xfcf76de3) bltu    a4, a5, pc - 38
core   0: 3 0x000000008000ff72 (0xfcf76de3)
core   0: 0x000000008000ff4c (0xfe043783) ld      a5, -32(s0)
core   0: 3 0x000000008000ff4c (0xfe043783) x15 0x00000000800120c6 mem 0x0000000080031f50
core   0: 0x000000008000ff50 (0x00178713) addi    a4, a5, 1
core   0: 3 0x000000008000ff50 (0x00178713) x14 0x00000000800120c7
core   0: 0x000000008000ff54 (0xfee43023) sd      a4, -32(s0)
core   0: 3 0x000000008000ff54 (0xfee43023) mem 0x0000000080031f50 0x00000000800120c7
core   0: 0x000000008000ff58 (0xfc442703) lw      a4, -60(s0)
core   0: 3 0x000000008000ff58 (0xfc442703) x14 0x0000000000000000 mem 0x0000000080031f34
core   0: 0x000000008000ff5c (0x0ff77713) andi    a4, a4, 255
core   0: 3 0x000000008000ff5c (0x0ff77713) x14 0x0000000000000000
core   0: 0x000000008000ff60 (0x00e78023) sb      a4, 0(a5)
core   0: 3 0x000000008000ff60 (0x00e78023) mem 0x00000000800120c6 0x00
core   0: 0x000000008000ff64 (0xfc843703) ld      a4, -56(s0)
core   0: 3 0x000000008000ff64 (0xfc843703) x14 0x0000000080012040 mem 0x0000000080031f38
core   0: 0x000000008000ff68 (0xfb843783) ld      a5, -72(s0)
core   0: 3 0x000000008000ff68 (0xfb843783) x15 0x000000000000009c mem 0x0000000080031f28
core   0: 0x000000008000ff6c (0x000097ba) c.add   a5, a4
core   0: 3 0x000000008000ff6c (0x97ba) x15 0x00000000800120dc
core   0: 0x000000008000ff6e (0xfe043703) ld      a4, -32(s0)
core   0: 3 0x000000008000ff6e (0xfe043703) x14 0x00000000800120c7 mem 0x0000000080031f50
core   0: 0x000000008000ff72 (0xfcf76de3) bltu    a4, a5, pc - 38
core   0: 3 0x000000008000ff72 (0xfcf76de3)
core   0: 0x000000008000ff4c (0xfe043783) ld      a5, -32(s0)
core   0: 3 0x000000008000ff4c (0xfe043783) x15 0x00000000800120c7 mem 0x0000000080031f50
core   0: 0x000000008000ff50 (0x00178713) addi    a4, a5, 1
core   0: 3 0x000000008000ff50 (0x00178713) x14 0x00000000800120c8
core   0: 0x000000008000ff54 (0xfee43023) sd      a4, -32(s0)
core   0: 3 0x000000008000ff54 (0xfee43023) mem 0x0000000080031f50 0x00000000800120c8
core   0: 0x000000008000ff58 (0xfc442703) lw      a4, -60(s0)
core   0: 3 0x000000008000ff58 (0xfc442703) x14 0x0000000000000000 mem 0x0000000080031f34
core   0: 0x000000008000ff5c (0x0ff77713) andi    a4, a4, 255
core   0: 3 0x000000008000ff5c (0x0ff77713) x14 0x0000000000000000
core   0: 0x000000008000ff60 (0x00e78023) sb      a4, 0(a5)
core   0: 3 0x000000008000ff60 (0x00e78023) mem 0x00000000800120c7 0x00
core   0: 0x000000008000ff64 (0xfc843703) ld      a4, -56(s0)
core   0: 3 0x000000008000ff64 (0xfc843703) x14 0x0000000080012040 mem 0x0000000080031f38
core   0: 0x000000008000ff68 (0xfb843783) ld      a5, -72(s0)
core   0: 3 0x000000008000ff68 (0xfb843783) x15 0x000000000000009c mem 0x0000000080031f28
core   0: 0x000000008000ff6c (0x000097ba) c.add   a5, a4
core   0: 3 0x000000008000ff6c (0x97ba) x15 0x00000000800120dc
core   0: 0x000000008000ff6e (0xfe043703) ld      a4, -32(s0)
core   0: 3 0x000000008000ff6e (0xfe043703) x14 0x00000000800120c8 mem 0x0000000080031f50
core   0: 0x000000008000ff72 (0xfcf76de3) bltu    a4, a5, pc - 38
core   0: 3 0x000000008000ff72 (0xfcf76de3)
core   0: 0x000000008000ff4c (0xfe043783) ld      a5, -32(s0)
core   0: 3 0x000000008000ff4c (0xfe043783) x15 0x00000000800120c8 mem 0x0000000080031f50
core   0: 0x000000008000ff50 (0x00178713) addi    a4, a5, 1
core   0: 3 0x000000008000ff50 (0x00178713) x14 0x00000000800120c9
core   0: 0x000000008000ff54 (0xfee43023) sd      a4, -32(s0)
core   0: 3 0x000000008000ff54 (0xfee43023) mem 0x0000000080031f50 0x00000000800120c9
core   0: 0x000000008000ff58 (0xfc442703) lw      a4, -60(s0)
core   0: 3 0x000000008000ff58 (0xfc442703) x14 0x0000000000000000 mem 0x0000000080031f34
core   0: 0x000000008000ff5c (0x0ff77713) andi    a4, a4, 255
core   0: 3 0x000000008000ff5c (0x0ff77713) x14 0x0000000000000000
core   0: 0x000000008000ff60 (0x00e78023) sb      a4, 0(a5)
core   0: 3 0x000000008000ff60 (0x00e78023) mem 0x00000000800120c8 0x00
core   0: 0x000000008000ff64 (0xfc843703) ld      a4, -56(s0)
core   0: 3 0x000000008000ff64 (0xfc843703) x14 0x0000000080012040 mem 0x0000000080031f38
core   0: 0x000000008000ff68 (0xfb843783) ld      a5, -72(s0)
core   0: 3 0x000000008000ff68 (0xfb843783) x15 0x000000000000009c mem 0x0000000080031f28
core   0: 0x000000008000ff6c (0x000097ba) c.add   a5, a4
core   0: 3 0x000000008000ff6c (0x97ba) x15 0x00000000800120dc
core   0: 0x000000008000ff6e (0xfe043703) ld      a4, -32(s0)
core   0: 3 0x000000008000ff6e (0xfe043703) x14 0x00000000800120c9 mem 0x0000000080031f50
core   0: 0x000000008000ff72 (0xfcf76de3) bltu    a4, a5, pc - 38
core   0: 3 0x000000008000ff72 (0xfcf76de3)
core   0: 0x000000008000ff4c (0xfe043783) ld      a5, -32(s0)
core   0: 3 0x000000008000ff4c (0xfe043783) x15 0x00000000800120c9 mem 0x0000000080031f50
core   0: 0x000000008000ff50 (0x00178713) addi    a4, a5, 1
core   0: 3 0x000000008000ff50 (0x00178713) x14 0x00000000800120ca
core   0: 0x000000008000ff54 (0xfee43023) sd      a4, -32(s0)
core   0: 3 0x000000008000ff54 (0xfee43023) mem 0x0000000080031f50 0x00000000800120ca
core   0: 0x000000008000ff58 (0xfc442703) lw      a4, -60(s0)
core   0: 3 0x000000008000ff58 (0xfc442703) x14 0x0000000000000000 mem 0x0000000080031f34
core   0: 0x000000008000ff5c (0x0ff77713) andi    a4, a4, 255
core   0: 3 0x000000008000ff5c (0x0ff77713) x14 0x0000000000000000
core   0: 0x000000008000ff60 (0x00e78023) sb      a4, 0(a5)
core   0: 3 0x000000008000ff60 (0x00e78023) mem 0x00000000800120c9 0x00
core   0: 0x000000008000ff64 (0xfc843703) ld      a4, -56(s0)
core   0: 3 0x000000008000ff64 (0xfc843703) x14 0x0000000080012040 mem 0x0000000080031f38
core   0: 0x000000008000ff68 (0xfb843783) ld      a5, -72(s0)
core   0: 3 0x000000008000ff68 (0xfb843783) x15 0x000000000000009c mem 0x0000000080031f28
core   0: 0x000000008000ff6c (0x000097ba) c.add   a5, a4
core   0: 3 0x000000008000ff6c (0x97ba) x15 0x00000000800120dc
core   0: 0x000000008000ff6e (0xfe043703) ld      a4, -32(s0)
core   0: 3 0x000000008000ff6e (0xfe043703) x14 0x00000000800120ca mem 0x0000000080031f50
core   0: 0x000000008000ff72 (0xfcf76de3) bltu    a4, a5, pc - 38
core   0: 3 0x000000008000ff72 (0xfcf76de3)
core   0: 0x000000008000ff4c (0xfe043783) ld      a5, -32(s0)
core   0: 3 0x000000008000ff4c (0xfe043783) x15 0x00000000800120ca mem 0x0000000080031f50
core   0: 0x000000008000ff50 (0x00178713) addi    a4, a5, 1
core   0: 3 0x000000008000ff50 (0x00178713) x14 0x00000000800120cb
core   0: 0x000000008000ff54 (0xfee43023) sd      a4, -32(s0)
core   0: 3 0x000000008000ff54 (0xfee43023) mem 0x0000000080031f50 0x00000000800120cb
core   0: 0x000000008000ff58 (0xfc442703) lw      a4, -60(s0)
core   0: 3 0x000000008000ff58 (0xfc442703) x14 0x0000000000000000 mem 0x0000000080031f34
core   0: 0x000000008000ff5c (0x0ff77713) andi    a4, a4, 255
core   0: 3 0x000000008000ff5c (0x0ff77713) x14 0x0000000000000000
core   0: 0x000000008000ff60 (0x00e78023) sb      a4, 0(a5)
core   0: 3 0x000000008000ff60 (0x00e78023) mem 0x00000000800120ca 0x00
core   0: 0x000000008000ff64 (0xfc843703) ld      a4, -56(s0)
core   0: 3 0x000000008000ff64 (0xfc843703) x14 0x0000000080012040 mem 0x0000000080031f38
core   0: 0x000000008000ff68 (0xfb843783) ld      a5, -72(s0)
core   0: 3 0x000000008000ff68 (0xfb843783) x15 0x000000000000009c mem 0x0000000080031f28
core   0: 0x000000008000ff6c (0x000097ba) c.add   a5, a4
core   0: 3 0x000000008000ff6c (0x97ba) x15 0x00000000800120dc
core   0: 0x000000008000ff6e (0xfe043703) ld      a4, -32(s0)
core   0: 3 0x000000008000ff6e (0xfe043703) x14 0x00000000800120cb mem 0x0000000080031f50
core   0: 0x000000008000ff72 (0xfcf76de3) bltu    a4, a5, pc - 38
core   0: 3 0x000000008000ff72 (0xfcf76de3)
core   0: 0x000000008000ff4c (0xfe043783) ld      a5, -32(s0)
core   0: 3 0x000000008000ff4c (0xfe043783) x15 0x00000000800120cb mem 0x0000000080031f50
core   0: 0x000000008000ff50 (0x00178713) addi    a4, a5, 1
core   0: 3 0x000000008000ff50 (0x00178713) x14 0x00000000800120cc
core   0: 0x000000008000ff54 (0xfee43023) sd      a4, -32(s0)
core   0: 3 0x000000008000ff54 (0xfee43023) mem 0x0000000080031f50 0x00000000800120cc
core   0: 0x000000008000ff58 (0xfc442703) lw      a4, -60(s0)
core   0: 3 0x000000008000ff58 (0xfc442703) x14 0x0000000000000000 mem 0x0000000080031f34
core   0: 0x000000008000ff5c (0x0ff77713) andi    a4, a4, 255
core   0: 3 0x000000008000ff5c (0x0ff77713) x14 0x0000000000000000
core   0: 0x000000008000ff60 (0x00e78023) sb      a4, 0(a5)
core   0: 3 0x000000008000ff60 (0x00e78023) mem 0x00000000800120cb 0x00
core   0: 0x000000008000ff64 (0xfc843703) ld      a4, -56(s0)
core   0: 3 0x000000008000ff64 (0xfc843703) x14 0x0000000080012040 mem 0x0000000080031f38
core   0: 0x000000008000ff68 (0xfb843783) ld      a5, -72(s0)
core   0: 3 0x000000008000ff68 (0xfb843783) x15 0x000000000000009c mem 0x0000000080031f28
core   0: 0x000000008000ff6c (0x000097ba) c.add   a5, a4
core   0: 3 0x000000008000ff6c (0x97ba) x15 0x00000000800120dc
core   0: 0x000000008000ff6e (0xfe043703) ld      a4, -32(s0)
core   0: 3 0x000000008000ff6e (0xfe043703) x14 0x00000000800120cc mem 0x0000000080031f50
core   0: 0x000000008000ff72 (0xfcf76de3) bltu    a4, a5, pc - 38
core   0: 3 0x000000008000ff72 (0xfcf76de3)
core   0: 0x000000008000ff4c (0xfe043783) ld      a5, -32(s0)
core   0: 3 0x000000008000ff4c (0xfe043783) x15 0x00000000800120cc mem 0x0000000080031f50
core   0: 0x000000008000ff50 (0x00178713) addi    a4, a5, 1
core   0: 3 0x000000008000ff50 (0x00178713) x14 0x00000000800120cd
core   0: 0x000000008000ff54 (0xfee43023) sd      a4, -32(s0)
core   0: 3 0x000000008000ff54 (0xfee43023) mem 0x0000000080031f50 0x00000000800120cd
core   0: 0x000000008000ff58 (0xfc442703) lw      a4, -60(s0)
core   0: 3 0x000000008000ff58 (0xfc442703) x14 0x0000000000000000 mem 0x0000000080031f34
core   0: 0x000000008000ff5c (0x0ff77713) andi    a4, a4, 255
core   0: 3 0x000000008000ff5c (0x0ff77713) x14 0x0000000000000000
core   0: 0x000000008000ff60 (0x00e78023) sb      a4, 0(a5)
core   0: 3 0x000000008000ff60 (0x00e78023) mem 0x00000000800120cc 0x00
core   0: 0x000000008000ff64 (0xfc843703) ld      a4, -56(s0)
core   0: 3 0x000000008000ff64 (0xfc843703) x14 0x0000000080012040 mem 0x0000000080031f38
core   0: 0x000000008000ff68 (0xfb843783) ld      a5, -72(s0)
core   0: 3 0x000000008000ff68 (0xfb843783) x15 0x000000000000009c mem 0x0000000080031f28
core   0: 0x000000008000ff6c (0x000097ba) c.add   a5, a4
core   0: 3 0x000000008000ff6c (0x97ba) x15 0x00000000800120dc
core   0: 0x000000008000ff6e (0xfe043703) ld      a4, -32(s0)
core   0: 3 0x000000008000ff6e (0xfe043703) x14 0x00000000800120cd mem 0x0000000080031f50
core   0: 0x000000008000ff72 (0xfcf76de3) bltu    a4, a5, pc - 38
core   0: 3 0x000000008000ff72 (0xfcf76de3)
core   0: 0x000000008000ff4c (0xfe043783) ld      a5, -32(s0)
core   0: 3 0x000000008000ff4c (0xfe043783) x15 0x00000000800120cd mem 0x0000000080031f50
core   0: 0x000000008000ff50 (0x00178713) addi    a4, a5, 1
core   0: 3 0x000000008000ff50 (0x00178713) x14 0x00000000800120ce
core   0: 0x000000008000ff54 (0xfee43023) sd      a4, -32(s0)
core   0: 3 0x000000008000ff54 (0xfee43023) mem 0x0000000080031f50 0x00000000800120ce
core   0: 0x000000008000ff58 (0xfc442703) lw      a4, -60(s0)
core   0: 3 0x000000008000ff58 (0xfc442703) x14 0x0000000000000000 mem 0x0000000080031f34
core   0: 0x000000008000ff5c (0x0ff77713) andi    a4, a4, 255
core   0: 3 0x000000008000ff5c (0x0ff77713) x14 0x0000000000000000
core   0: 0x000000008000ff60 (0x00e78023) sb      a4, 0(a5)
core   0: 3 0x000000008000ff60 (0x00e78023) mem 0x00000000800120cd 0x00
core   0: 0x000000008000ff64 (0xfc843703) ld      a4, -56(s0)
core   0: 3 0x000000008000ff64 (0xfc843703) x14 0x0000000080012040 mem 0x0000000080031f38
core   0: 0x000000008000ff68 (0xfb843783) ld      a5, -72(s0)
core   0: 3 0x000000008000ff68 (0xfb843783) x15 0x000000000000009c mem 0x0000000080031f28
core   0: 0x000000008000ff6c (0x000097ba) c.add   a5, a4
core   0: 3 0x000000008000ff6c (0x97ba) x15 0x00000000800120dc
core   0: 0x000000008000ff6e (0xfe043703) ld      a4, -32(s0)
core   0: 3 0x000000008000ff6e (0xfe043703) x14 0x00000000800120ce mem 0x0000000080031f50
core   0: 0x000000008000ff72 (0xfcf76de3) bltu    a4, a5, pc - 38
core   0: 3 0x000000008000ff72 (0xfcf76de3)
core   0: 0x000000008000ff4c (0xfe043783) ld      a5, -32(s0)
core   0: 3 0x000000008000ff4c (0xfe043783) x15 0x00000000800120ce mem 0x0000000080031f50
core   0: 0x000000008000ff50 (0x00178713) addi    a4, a5, 1
core   0: 3 0x000000008000ff50 (0x00178713) x14 0x00000000800120cf
core   0: 0x000000008000ff54 (0xfee43023) sd      a4, -32(s0)
core   0: 3 0x000000008000ff54 (0xfee43023) mem 0x0000000080031f50 0x00000000800120cf
core   0: 0x000000008000ff58 (0xfc442703) lw      a4, -60(s0)
core   0: 3 0x000000008000ff58 (0xfc442703) x14 0x0000000000000000 mem 0x0000000080031f34
core   0: 0x000000008000ff5c (0x0ff77713) andi    a4, a4, 255
core   0: 3 0x000000008000ff5c (0x0ff77713) x14 0x0000000000000000
core   0: 0x000000008000ff60 (0x00e78023) sb      a4, 0(a5)
core   0: 3 0x000000008000ff60 (0x00e78023) mem 0x00000000800120ce 0x00
core   0: 0x000000008000ff64 (0xfc843703) ld      a4, -56(s0)
core   0: 3 0x000000008000ff64 (0xfc843703) x14 0x0000000080012040 mem 0x0000000080031f38
core   0: 0x000000008000ff68 (0xfb843783) ld      a5, -72(s0)
core   0: 3 0x000000008000ff68 (0xfb843783) x15 0x000000000000009c mem 0x0000000080031f28
core   0: 0x000000008000ff6c (0x000097ba) c.add   a5, a4
core   0: 3 0x000000008000ff6c (0x97ba) x15 0x00000000800120dc
core   0: 0x000000008000ff6e (0xfe043703) ld      a4, -32(s0)
core   0: 3 0x000000008000ff6e (0xfe043703) x14 0x00000000800120cf mem 0x0000000080031f50
core   0: 0x000000008000ff72 (0xfcf76de3) bltu    a4, a5, pc - 38
core   0: 3 0x000000008000ff72 (0xfcf76de3)
core   0: 0x000000008000ff4c (0xfe043783) ld      a5, -32(s0)
core   0: 3 0x000000008000ff4c (0xfe043783) x15 0x00000000800120cf mem 0x0000000080031f50
core   0: 0x000000008000ff50 (0x00178713) addi    a4, a5, 1
core   0: 3 0x000000008000ff50 (0x00178713) x14 0x00000000800120d0
core   0: 0x000000008000ff54 (0xfee43023) sd      a4, -32(s0)
core   0: 3 0x000000008000ff54 (0xfee43023) mem 0x0000000080031f50 0x00000000800120d0
core   0: 0x000000008000ff58 (0xfc442703) lw      a4, -60(s0)
core   0: 3 0x000000008000ff58 (0xfc442703) x14 0x0000000000000000 mem 0x0000000080031f34
core   0: 0x000000008000ff5c (0x0ff77713) andi    a4, a4, 255
core   0: 3 0x000000008000ff5c (0x0ff77713) x14 0x0000000000000000
core   0: 0x000000008000ff60 (0x00e78023) sb      a4, 0(a5)
core   0: 3 0x000000008000ff60 (0x00e78023) mem 0x00000000800120cf 0x00
core   0: 0x000000008000ff64 (0xfc843703) ld      a4, -56(s0)
core   0: 3 0x000000008000ff64 (0xfc843703) x14 0x0000000080012040 mem 0x0000000080031f38
core   0: 0x000000008000ff68 (0xfb843783) ld      a5, -72(s0)
core   0: 3 0x000000008000ff68 (0xfb843783) x15 0x000000000000009c mem 0x0000000080031f28
core   0: 0x000000008000ff6c (0x000097ba) c.add   a5, a4
core   0: 3 0x000000008000ff6c (0x97ba) x15 0x00000000800120dc
core   0: 0x000000008000ff6e (0xfe043703) ld      a4, -32(s0)
core   0: 3 0x000000008000ff6e (0xfe043703) x14 0x00000000800120d0 mem 0x0000000080031f50
core   0: 0x000000008000ff72 (0xfcf76de3) bltu    a4, a5, pc - 38
core   0: 3 0x000000008000ff72 (0xfcf76de3)
core   0: 0x000000008000ff4c (0xfe043783) ld      a5, -32(s0)
core   0: 3 0x000000008000ff4c (0xfe043783) x15 0x00000000800120d0 mem 0x0000000080031f50
core   0: 0x000000008000ff50 (0x00178713) addi    a4, a5, 1
core   0: 3 0x000000008000ff50 (0x00178713) x14 0x00000000800120d1
core   0: 0x000000008000ff54 (0xfee43023) sd      a4, -32(s0)
core   0: 3 0x000000008000ff54 (0xfee43023) mem 0x0000000080031f50 0x00000000800120d1
core   0: 0x000000008000ff58 (0xfc442703) lw      a4, -60(s0)
core   0: 3 0x000000008000ff58 (0xfc442703) x14 0x0000000000000000 mem 0x0000000080031f34
core   0: 0x000000008000ff5c (0x0ff77713) andi    a4, a4, 255
core   0: 3 0x000000008000ff5c (0x0ff77713) x14 0x0000000000000000
core   0: 0x000000008000ff60 (0x00e78023) sb      a4, 0(a5)
core   0: 3 0x000000008000ff60 (0x00e78023) mem 0x00000000800120d0 0x00
core   0: 0x000000008000ff64 (0xfc843703) ld      a4, -56(s0)
core   0: 3 0x000000008000ff64 (0xfc843703) x14 0x0000000080012040 mem 0x0000000080031f38
core   0: 0x000000008000ff68 (0xfb843783) ld      a5, -72(s0)
core   0: 3 0x000000008000ff68 (0xfb843783) x15 0x000000000000009c mem 0x0000000080031f28
core   0: 0x000000008000ff6c (0x000097ba) c.add   a5, a4
core   0: 3 0x000000008000ff6c (0x97ba) x15 0x00000000800120dc
core   0: 0x000000008000ff6e (0xfe043703) ld      a4, -32(s0)
core   0: 3 0x000000008000ff6e (0xfe043703) x14 0x00000000800120d1 mem 0x0000000080031f50
core   0: 0x000000008000ff72 (0xfcf76de3) bltu    a4, a5, pc - 38
core   0: 3 0x000000008000ff72 (0xfcf76de3)
core   0: 0x000000008000ff4c (0xfe043783) ld      a5, -32(s0)
core   0: 3 0x000000008000ff4c (0xfe043783) x15 0x00000000800120d1 mem 0x0000000080031f50
core   0: 0x000000008000ff50 (0x00178713) addi    a4, a5, 1
core   0: 3 0x000000008000ff50 (0x00178713) x14 0x00000000800120d2
core   0: 0x000000008000ff54 (0xfee43023) sd      a4, -32(s0)
core   0: 3 0x000000008000ff54 (0xfee43023) mem 0x0000000080031f50 0x00000000800120d2
core   0: 0x000000008000ff58 (0xfc442703) lw      a4, -60(s0)
core   0: 3 0x000000008000ff58 (0xfc442703) x14 0x0000000000000000 mem 0x0000000080031f34
core   0: 0x000000008000ff5c (0x0ff77713) andi    a4, a4, 255
core   0: 3 0x000000008000ff5c (0x0ff77713) x14 0x0000000000000000
core   0: 0x000000008000ff60 (0x00e78023) sb      a4, 0(a5)
core   0: 3 0x000000008000ff60 (0x00e78023) mem 0x00000000800120d1 0x00
core   0: 0x000000008000ff64 (0xfc843703) ld      a4, -56(s0)
core   0: 3 0x000000008000ff64 (0xfc843703) x14 0x0000000080012040 mem 0x0000000080031f38
core   0: 0x000000008000ff68 (0xfb843783) ld      a5, -72(s0)
core   0: 3 0x000000008000ff68 (0xfb843783) x15 0x000000000000009c mem 0x0000000080031f28
core   0: 0x000000008000ff6c (0x000097ba) c.add   a5, a4
core   0: 3 0x000000008000ff6c (0x97ba) x15 0x00000000800120dc
core   0: 0x000000008000ff6e (0xfe043703) ld      a4, -32(s0)
core   0: 3 0x000000008000ff6e (0xfe043703) x14 0x00000000800120d2 mem 0x0000000080031f50
core   0: 0x000000008000ff72 (0xfcf76de3) bltu    a4, a5, pc - 38
core   0: 3 0x000000008000ff72 (0xfcf76de3)
core   0: 0x000000008000ff4c (0xfe043783) ld      a5, -32(s0)
core   0: 3 0x000000008000ff4c (0xfe043783) x15 0x00000000800120d2 mem 0x0000000080031f50
core   0: 0x000000008000ff50 (0x00178713) addi    a4, a5, 1
core   0: 3 0x000000008000ff50 (0x00178713) x14 0x00000000800120d3
core   0: 0x000000008000ff54 (0xfee43023) sd      a4, -32(s0)
core   0: 3 0x000000008000ff54 (0xfee43023) mem 0x0000000080031f50 0x00000000800120d3
core   0: 0x000000008000ff58 (0xfc442703) lw      a4, -60(s0)
core   0: 3 0x000000008000ff58 (0xfc442703) x14 0x0000000000000000 mem 0x0000000080031f34
core   0: 0x000000008000ff5c (0x0ff77713) andi    a4, a4, 255
core   0: 3 0x000000008000ff5c (0x0ff77713) x14 0x0000000000000000
core   0: 0x000000008000ff60 (0x00e78023) sb      a4, 0(a5)
core   0: 3 0x000000008000ff60 (0x00e78023) mem 0x00000000800120d2 0x00
core   0: 0x000000008000ff64 (0xfc843703) ld      a4, -56(s0)
core   0: 3 0x000000008000ff64 (0xfc843703) x14 0x0000000080012040 mem 0x0000000080031f38
core   0: 0x000000008000ff68 (0xfb843783) ld      a5, -72(s0)
core   0: 3 0x000000008000ff68 (0xfb843783) x15 0x000000000000009c mem 0x0000000080031f28
core   0: 0x000000008000ff6c (0x000097ba) c.add   a5, a4
core   0: 3 0x000000008000ff6c (0x97ba) x15 0x00000000800120dc
core   0: 0x000000008000ff6e (0xfe043703) ld      a4, -32(s0)
core   0: 3 0x000000008000ff6e (0xfe043703) x14 0x00000000800120d3 mem 0x0000000080031f50
core   0: 0x000000008000ff72 (0xfcf76de3) bltu    a4, a5, pc - 38
core   0: 3 0x000000008000ff72 (0xfcf76de3)
core   0: 0x000000008000ff4c (0xfe043783) ld      a5, -32(s0)
core   0: 3 0x000000008000ff4c (0xfe043783) x15 0x00000000800120d3 mem 0x0000000080031f50
core   0: 0x000000008000ff50 (0x00178713) addi    a4, a5, 1
core   0: 3 0x000000008000ff50 (0x00178713) x14 0x00000000800120d4
core   0: 0x000000008000ff54 (0xfee43023) sd      a4, -32(s0)
core   0: 3 0x000000008000ff54 (0xfee43023) mem 0x0000000080031f50 0x00000000800120d4
core   0: 0x000000008000ff58 (0xfc442703) lw      a4, -60(s0)
core   0: 3 0x000000008000ff58 (0xfc442703) x14 0x0000000000000000 mem 0x0000000080031f34
core   0: 0x000000008000ff5c (0x0ff77713) andi    a4, a4, 255
core   0: 3 0x000000008000ff5c (0x0ff77713) x14 0x0000000000000000
core   0: 0x000000008000ff60 (0x00e78023) sb      a4, 0(a5)
core   0: 3 0x000000008000ff60 (0x00e78023) mem 0x00000000800120d3 0x00
core   0: 0x000000008000ff64 (0xfc843703) ld      a4, -56(s0)
core   0: 3 0x000000008000ff64 (0xfc843703) x14 0x0000000080012040 mem 0x0000000080031f38
core   0: 0x000000008000ff68 (0xfb843783) ld      a5, -72(s0)
core   0: 3 0x000000008000ff68 (0xfb843783) x15 0x000000000000009c mem 0x0000000080031f28
core   0: 0x000000008000ff6c (0x000097ba) c.add   a5, a4
core   0: 3 0x000000008000ff6c (0x97ba) x15 0x00000000800120dc
core   0: 0x000000008000ff6e (0xfe043703) ld      a4, -32(s0)
core   0: 3 0x000000008000ff6e (0xfe043703) x14 0x00000000800120d4 mem 0x0000000080031f50
core   0: 0x000000008000ff72 (0xfcf76de3) bltu    a4, a5, pc - 38
core   0: 3 0x000000008000ff72 (0xfcf76de3)
core   0: 0x000000008000ff4c (0xfe043783) ld      a5, -32(s0)
core   0: 3 0x000000008000ff4c (0xfe043783) x15 0x00000000800120d4 mem 0x0000000080031f50
core   0: 0x000000008000ff50 (0x00178713) addi    a4, a5, 1
core   0: 3 0x000000008000ff50 (0x00178713) x14 0x00000000800120d5
core   0: 0x000000008000ff54 (0xfee43023) sd      a4, -32(s0)
core   0: 3 0x000000008000ff54 (0xfee43023) mem 0x0000000080031f50 0x00000000800120d5
core   0: 0x000000008000ff58 (0xfc442703) lw      a4, -60(s0)
core   0: 3 0x000000008000ff58 (0xfc442703) x14 0x0000000000000000 mem 0x0000000080031f34
core   0: 0x000000008000ff5c (0x0ff77713) andi    a4, a4, 255
core   0: 3 0x000000008000ff5c (0x0ff77713) x14 0x0000000000000000
core   0: 0x000000008000ff60 (0x00e78023) sb      a4, 0(a5)
core   0: 3 0x000000008000ff60 (0x00e78023) mem 0x00000000800120d4 0x00
core   0: 0x000000008000ff64 (0xfc843703) ld      a4, -56(s0)
core   0: 3 0x000000008000ff64 (0xfc843703) x14 0x0000000080012040 mem 0x0000000080031f38
core   0: 0x000000008000ff68 (0xfb843783) ld      a5, -72(s0)
core   0: 3 0x000000008000ff68 (0xfb843783) x15 0x000000000000009c mem 0x0000000080031f28
core   0: 0x000000008000ff6c (0x000097ba) c.add   a5, a4
core   0: 3 0x000000008000ff6c (0x97ba) x15 0x00000000800120dc
core   0: 0x000000008000ff6e (0xfe043703) ld      a4, -32(s0)
core   0: 3 0x000000008000ff6e (0xfe043703) x14 0x00000000800120d5 mem 0x0000000080031f50
core   0: 0x000000008000ff72 (0xfcf76de3) bltu    a4, a5, pc - 38
core   0: 3 0x000000008000ff72 (0xfcf76de3)
core   0: 0x000000008000ff4c (0xfe043783) ld      a5, -32(s0)
core   0: 3 0x000000008000ff4c (0xfe043783) x15 0x00000000800120d5 mem 0x0000000080031f50
core   0: 0x000000008000ff50 (0x00178713) addi    a4, a5, 1
core   0: 3 0x000000008000ff50 (0x00178713) x14 0x00000000800120d6
core   0: 0x000000008000ff54 (0xfee43023) sd      a4, -32(s0)
core   0: 3 0x000000008000ff54 (0xfee43023) mem 0x0000000080031f50 0x00000000800120d6
core   0: 0x000000008000ff58 (0xfc442703) lw      a4, -60(s0)
core   0: 3 0x000000008000ff58 (0xfc442703) x14 0x0000000000000000 mem 0x0000000080031f34
core   0: 0x000000008000ff5c (0x0ff77713) andi    a4, a4, 255
core   0: 3 0x000000008000ff5c (0x0ff77713) x14 0x0000000000000000
core   0: 0x000000008000ff60 (0x00e78023) sb      a4, 0(a5)
core   0: 3 0x000000008000ff60 (0x00e78023) mem 0x00000000800120d5 0x00
core   0: 0x000000008000ff64 (0xfc843703) ld      a4, -56(s0)
core   0: 3 0x000000008000ff64 (0xfc843703) x14 0x0000000080012040 mem 0x0000000080031f38
core   0: 0x000000008000ff68 (0xfb843783) ld      a5, -72(s0)
core   0: 3 0x000000008000ff68 (0xfb843783) x15 0x000000000000009c mem 0x0000000080031f28
core   0: 0x000000008000ff6c (0x000097ba) c.add   a5, a4
core   0: 3 0x000000008000ff6c (0x97ba) x15 0x00000000800120dc
core   0: 0x000000008000ff6e (0xfe043703) ld      a4, -32(s0)
core   0: 3 0x000000008000ff6e (0xfe043703) x14 0x00000000800120d6 mem 0x0000000080031f50
core   0: 0x000000008000ff72 (0xfcf76de3) bltu    a4, a5, pc - 38
core   0: 3 0x000000008000ff72 (0xfcf76de3)
core   0: 0x000000008000ff4c (0xfe043783) ld      a5, -32(s0)
core   0: 3 0x000000008000ff4c (0xfe043783) x15 0x00000000800120d6 mem 0x0000000080031f50
core   0: 0x000000008000ff50 (0x00178713) addi    a4, a5, 1
core   0: 3 0x000000008000ff50 (0x00178713) x14 0x00000000800120d7
core   0: 0x000000008000ff54 (0xfee43023) sd      a4, -32(s0)
core   0: 3 0x000000008000ff54 (0xfee43023) mem 0x0000000080031f50 0x00000000800120d7
core   0: 0x000000008000ff58 (0xfc442703) lw      a4, -60(s0)
core   0: 3 0x000000008000ff58 (0xfc442703) x14 0x0000000000000000 mem 0x0000000080031f34
core   0: 0x000000008000ff5c (0x0ff77713) andi    a4, a4, 255
core   0: 3 0x000000008000ff5c (0x0ff77713) x14 0x0000000000000000
core   0: 0x000000008000ff60 (0x00e78023) sb      a4, 0(a5)
core   0: 3 0x000000008000ff60 (0x00e78023) mem 0x00000000800120d6 0x00
core   0: 0x000000008000ff64 (0xfc843703) ld      a4, -56(s0)
core   0: 3 0x000000008000ff64 (0xfc843703) x14 0x0000000080012040 mem 0x0000000080031f38
core   0: 0x000000008000ff68 (0xfb843783) ld      a5, -72(s0)
core   0: 3 0x000000008000ff68 (0xfb843783) x15 0x000000000000009c mem 0x0000000080031f28
core   0: 0x000000008000ff6c (0x000097ba) c.add   a5, a4
core   0: 3 0x000000008000ff6c (0x97ba) x15 0x00000000800120dc
core   0: 0x000000008000ff6e (0xfe043703) ld      a4, -32(s0)
core   0: 3 0x000000008000ff6e (0xfe043703) x14 0x00000000800120d7 mem 0x0000000080031f50
core   0: 0x000000008000ff72 (0xfcf76de3) bltu    a4, a5, pc - 38
core   0: 3 0x000000008000ff72 (0xfcf76de3)
core   0: 0x000000008000ff4c (0xfe043783) ld      a5, -32(s0)
core   0: 3 0x000000008000ff4c (0xfe043783) x15 0x00000000800120d7 mem 0x0000000080031f50
core   0: 0x000000008000ff50 (0x00178713) addi    a4, a5, 1
core   0: 3 0x000000008000ff50 (0x00178713) x14 0x00000000800120d8
core   0: 0x000000008000ff54 (0xfee43023) sd      a4, -32(s0)
core   0: 3 0x000000008000ff54 (0xfee43023) mem 0x0000000080031f50 0x00000000800120d8
core   0: 0x000000008000ff58 (0xfc442703) lw      a4, -60(s0)
core   0: 3 0x000000008000ff58 (0xfc442703) x14 0x0000000000000000 mem 0x0000000080031f34
core   0: 0x000000008000ff5c (0x0ff77713) andi    a4, a4, 255
core   0: 3 0x000000008000ff5c (0x0ff77713) x14 0x0000000000000000
core   0: 0x000000008000ff60 (0x00e78023) sb      a4, 0(a5)
core   0: 3 0x000000008000ff60 (0x00e78023) mem 0x00000000800120d7 0x00
core   0: 0x000000008000ff64 (0xfc843703) ld      a4, -56(s0)
core   0: 3 0x000000008000ff64 (0xfc843703) x14 0x0000000080012040 mem 0x0000000080031f38
core   0: 0x000000008000ff68 (0xfb843783) ld      a5, -72(s0)
core   0: 3 0x000000008000ff68 (0xfb843783) x15 0x000000000000009c mem 0x0000000080031f28
core   0: 0x000000008000ff6c (0x000097ba) c.add   a5, a4
core   0: 3 0x000000008000ff6c (0x97ba) x15 0x00000000800120dc
core   0: 0x000000008000ff6e (0xfe043703) ld      a4, -32(s0)
core   0: 3 0x000000008000ff6e (0xfe043703) x14 0x00000000800120d8 mem 0x0000000080031f50
core   0: 0x000000008000ff72 (0xfcf76de3) bltu    a4, a5, pc - 38
core   0: 3 0x000000008000ff72 (0xfcf76de3)
core   0: 0x000000008000ff4c (0xfe043783) ld      a5, -32(s0)
core   0: 3 0x000000008000ff4c (0xfe043783) x15 0x00000000800120d8 mem 0x0000000080031f50
core   0: 0x000000008000ff50 (0x00178713) addi    a4, a5, 1
core   0: 3 0x000000008000ff50 (0x00178713) x14 0x00000000800120d9
core   0: 0x000000008000ff54 (0xfee43023) sd      a4, -32(s0)
core   0: 3 0x000000008000ff54 (0xfee43023) mem 0x0000000080031f50 0x00000000800120d9
core   0: 0x000000008000ff58 (0xfc442703) lw      a4, -60(s0)
core   0: 3 0x000000008000ff58 (0xfc442703) x14 0x0000000000000000 mem 0x0000000080031f34
core   0: 0x000000008000ff5c (0x0ff77713) andi    a4, a4, 255
core   0: 3 0x000000008000ff5c (0x0ff77713) x14 0x0000000000000000
core   0: 0x000000008000ff60 (0x00e78023) sb      a4, 0(a5)
core   0: 3 0x000000008000ff60 (0x00e78023) mem 0x00000000800120d8 0x00
core   0: 0x000000008000ff64 (0xfc843703) ld      a4, -56(s0)
core   0: 3 0x000000008000ff64 (0xfc843703) x14 0x0000000080012040 mem 0x0000000080031f38
core   0: 0x000000008000ff68 (0xfb843783) ld      a5, -72(s0)
core   0: 3 0x000000008000ff68 (0xfb843783) x15 0x000000000000009c mem 0x0000000080031f28
core   0: 0x000000008000ff6c (0x000097ba) c.add   a5, a4
core   0: 3 0x000000008000ff6c (0x97ba) x15 0x00000000800120dc
core   0: 0x000000008000ff6e (0xfe043703) ld      a4, -32(s0)
core   0: 3 0x000000008000ff6e (0xfe043703) x14 0x00000000800120d9 mem 0x0000000080031f50
core   0: 0x000000008000ff72 (0xfcf76de3) bltu    a4, a5, pc - 38
core   0: 3 0x000000008000ff72 (0xfcf76de3)
core   0: 0x000000008000ff4c (0xfe043783) ld      a5, -32(s0)
core   0: 3 0x000000008000ff4c (0xfe043783) x15 0x00000000800120d9 mem 0x0000000080031f50
core   0: 0x000000008000ff50 (0x00178713) addi    a4, a5, 1
core   0: 3 0x000000008000ff50 (0x00178713) x14 0x00000000800120da
core   0: 0x000000008000ff54 (0xfee43023) sd      a4, -32(s0)
core   0: 3 0x000000008000ff54 (0xfee43023) mem 0x0000000080031f50 0x00000000800120da
core   0: 0x000000008000ff58 (0xfc442703) lw      a4, -60(s0)
core   0: 3 0x000000008000ff58 (0xfc442703) x14 0x0000000000000000 mem 0x0000000080031f34
core   0: 0x000000008000ff5c (0x0ff77713) andi    a4, a4, 255
core   0: 3 0x000000008000ff5c (0x0ff77713) x14 0x0000000000000000
core   0: 0x000000008000ff60 (0x00e78023) sb      a4, 0(a5)
core   0: 3 0x000000008000ff60 (0x00e78023) mem 0x00000000800120d9 0x00
core   0: 0x000000008000ff64 (0xfc843703) ld      a4, -56(s0)
core   0: 3 0x000000008000ff64 (0xfc843703) x14 0x0000000080012040 mem 0x0000000080031f38
core   0: 0x000000008000ff68 (0xfb843783) ld      a5, -72(s0)
core   0: 3 0x000000008000ff68 (0xfb843783) x15 0x000000000000009c mem 0x0000000080031f28
core   0: 0x000000008000ff6c (0x000097ba) c.add   a5, a4
core   0: 3 0x000000008000ff6c (0x97ba) x15 0x00000000800120dc
core   0: 0x000000008000ff6e (0xfe043703) ld      a4, -32(s0)
core   0: 3 0x000000008000ff6e (0xfe043703) x14 0x00000000800120da mem 0x0000000080031f50
core   0: 0x000000008000ff72 (0xfcf76de3) bltu    a4, a5, pc - 38
core   0: 3 0x000000008000ff72 (0xfcf76de3)
core   0: 0x000000008000ff4c (0xfe043783) ld      a5, -32(s0)
core   0: 3 0x000000008000ff4c (0xfe043783) x15 0x00000000800120da mem 0x0000000080031f50
core   0: 0x000000008000ff50 (0x00178713) addi    a4, a5, 1
core   0: 3 0x000000008000ff50 (0x00178713) x14 0x00000000800120db
core   0: 0x000000008000ff54 (0xfee43023) sd      a4, -32(s0)
core   0: 3 0x000000008000ff54 (0xfee43023) mem 0x0000000080031f50 0x00000000800120db
core   0: 0x000000008000ff58 (0xfc442703) lw      a4, -60(s0)
core   0: 3 0x000000008000ff58 (0xfc442703) x14 0x0000000000000000 mem 0x0000000080031f34
core   0: 0x000000008000ff5c (0x0ff77713) andi    a4, a4, 255
core   0: 3 0x000000008000ff5c (0x0ff77713) x14 0x0000000000000000
core   0: 0x000000008000ff60 (0x00e78023) sb      a4, 0(a5)
core   0: 3 0x000000008000ff60 (0x00e78023) mem 0x00000000800120da 0x00
core   0: 0x000000008000ff64 (0xfc843703) ld      a4, -56(s0)
core   0: 3 0x000000008000ff64 (0xfc843703) x14 0x0000000080012040 mem 0x0000000080031f38
core   0: 0x000000008000ff68 (0xfb843783) ld      a5, -72(s0)
core   0: 3 0x000000008000ff68 (0xfb843783) x15 0x000000000000009c mem 0x0000000080031f28
core   0: 0x000000008000ff6c (0x000097ba) c.add   a5, a4
core   0: 3 0x000000008000ff6c (0x97ba) x15 0x00000000800120dc
core   0: 0x000000008000ff6e (0xfe043703) ld      a4, -32(s0)
core   0: 3 0x000000008000ff6e (0xfe043703) x14 0x00000000800120db mem 0x0000000080031f50
core   0: 0x000000008000ff72 (0xfcf76de3) bltu    a4, a5, pc - 38
core   0: 3 0x000000008000ff72 (0xfcf76de3)
core   0: 0x000000008000ff4c (0xfe043783) ld      a5, -32(s0)
core   0: 3 0x000000008000ff4c (0xfe043783) x15 0x00000000800120db mem 0x0000000080031f50
core   0: 0x000000008000ff50 (0x00178713) addi    a4, a5, 1
core   0: 3 0x000000008000ff50 (0x00178713) x14 0x00000000800120dc
core   0: 0x000000008000ff54 (0xfee43023) sd      a4, -32(s0)
core   0: 3 0x000000008000ff54 (0xfee43023) mem 0x0000000080031f50 0x00000000800120dc
core   0: 0x000000008000ff58 (0xfc442703) lw      a4, -60(s0)
core   0: 3 0x000000008000ff58 (0xfc442703) x14 0x0000000000000000 mem 0x0000000080031f34
core   0: 0x000000008000ff5c (0x0ff77713) andi    a4, a4, 255
core   0: 3 0x000000008000ff5c (0x0ff77713) x14 0x0000000000000000
core   0: 0x000000008000ff60 (0x00e78023) sb      a4, 0(a5)
core   0: 3 0x000000008000ff60 (0x00e78023) mem 0x00000000800120db 0x00
core   0: 0x000000008000ff64 (0xfc843703) ld      a4, -56(s0)
core   0: 3 0x000000008000ff64 (0xfc843703) x14 0x0000000080012040 mem 0x0000000080031f38
core   0: 0x000000008000ff68 (0xfb843783) ld      a5, -72(s0)
core   0: 3 0x000000008000ff68 (0xfb843783) x15 0x000000000000009c mem 0x0000000080031f28
core   0: 0x000000008000ff6c (0x000097ba) c.add   a5, a4
core   0: 3 0x000000008000ff6c (0x97ba) x15 0x00000000800120dc
core   0: 0x000000008000ff6e (0xfe043703) ld      a4, -32(s0)
core   0: 3 0x000000008000ff6e (0xfe043703) x14 0x00000000800120dc mem 0x0000000080031f50
core   0: 0x000000008000ff72 (0xfcf76de3) bltu    a4, a5, pc - 38
core   0: 3 0x000000008000ff72 (0xfcf76de3)
core   0: 0x000000008000ff76 (0xfc843783) ld      a5, -56(s0)
core   0: 3 0x000000008000ff76 (0xfc843783) x15 0x0000000080012040 mem 0x0000000080031f38
core   0: 0x000000008000ff7a (0x0000853e) c.mv    a0, a5
core   0: 3 0x000000008000ff7a (0x853e) x10 0x0000000080012040
core   0: 0x000000008000ff7c (0x00006426) c.ldsp  s0, 72(sp)
core   0: 3 0x000000008000ff7c (0x6426) x8  0x0000000080031f90 mem 0x0000000080031f68
core   0: 0x000000008000ff7e (0x00006161) c.addi16sp sp, 80
core   0: 3 0x000000008000ff7e (0x6161) x2  0x0000000080031f70
core   0: 0x000000008000ff80 (0x00008082) ret
core   0: 3 0x000000008000ff80 (0x8082)
core   0: 0x000000008000f534 (0x00000001) c.nop
core   0: 3 0x000000008000f534 (0x0001)
core   0: 0x000000008000f536 (0x000060e2) c.ldsp  ra, 24(sp)
core   0: 3 0x000000008000f536 (0x60e2) x1  0x000000008000f574 mem 0x0000000080031f88
core   0: 0x000000008000f538 (0x00006442) c.ldsp  s0, 16(sp)
core   0: 3 0x000000008000f538 (0x6442) x8  0x0000000080032040 mem 0x0000000080031f80
core   0: 0x000000008000f53a (0x00006105) c.addi16sp sp, 32
core   0: 3 0x000000008000f53a (0x6105) x2  0x0000000080031f90
core   0: 0x000000008000f53c (0x00008082) ret
core   0: 3 0x000000008000f53c (0x8082)
core   0: 0x000000008000f574 (0xf5842703) lw      a4, -168(s0)
core   0: 3 0x000000008000f574 (0xf5842703) x14 0x0000000000000001 mem 0x0000000080031f98
core   0: 0x000000008000f578 (0xf5c42783) lw      a5, -164(s0)
core   0: 3 0x000000008000f578 (0xf5c42783) x15 0x0000000000000000 mem 0x0000000080031f9c
core   0: 0x000000008000f57c (0x000085ba) c.mv    a1, a4
core   0: 3 0x000000008000f57c (0x85ba) x11 0x0000000000000001
core   0: 0x000000008000f57e (0x0000853e) c.mv    a0, a5
core   0: 3 0x000000008000f57e (0x853e) x10 0x0000000000000000
core   0: 0x000000008000f580 (0xf03ff0ef) jal     pc - 0xfe
core   0: 3 0x000000008000f580 (0xf03ff0ef) x1  0x000000008000f584
core   0: >>>>  thread_entry
core   0: 0x000000008000f482 (0x00001101) c.addi  sp, -32
core   0: 3 0x000000008000f482 (0x1101) x2  0x0000000080031f70
core   0: 0x000000008000f484 (0x0000ec22) c.sdsp  s0, 24(sp)
core   0: 3 0x000000008000f484 (0xec22) mem 0x0000000080031f88 0x0000000080032040
core   0: 0x000000008000f486 (0x00001000) c.addi4spn s0, sp, 32
core   0: 3 0x000000008000f486 (0x1000) x8  0x0000000080031f90
core   0: 0x000000008000f488 (0x000087aa) c.mv    a5, a0
core   0: 3 0x000000008000f488 (0x87aa) x15 0x0000000000000000
core   0: 0x000000008000f48a (0x0000872e) c.mv    a4, a1
core   0: 3 0x000000008000f48a (0x872e) x14 0x0000000000000001
core   0: 0x000000008000f48c (0xfef42623) sw      a5, -20(s0)
core   0: 3 0x000000008000f48c (0xfef42623) mem 0x0000000080031f7c 0x00000000
core   0: 0x000000008000f490 (0x000087ba) c.mv    a5, a4
core   0: 3 0x000000008000f490 (0x87ba) x15 0x0000000000000001
core   0: 0x000000008000f492 (0xfef42423) sw      a5, -24(s0)
core   0: 3 0x000000008000f492 (0xfef42423) mem 0x0000000080031f78 0x00000001
core   0: 0x000000008000f496 (0x00000001) c.nop
core   0: 3 0x000000008000f496 (0x0001)
core   0: 0x000000008000f498 (0xfec42783) lw      a5, -20(s0)
core   0: 3 0x000000008000f498 (0xfec42783) x15 0x0000000000000000 mem 0x0000000080031f7c
core   0: 0x000000008000f49c (0x00002781) c.addiw a5, 0
core   0: 3 0x000000008000f49c (0x2781) x15 0x0000000000000000
core   0: 0x000000008000f49e (0x0000ffed) c.bnez  a5, pc - 6
core   0: 3 0x000000008000f49e (0xffed)
core   0: 0x000000008000f4a0 (0x00000001) c.nop
core   0: 3 0x000000008000f4a0 (0x0001)
core   0: 0x000000008000f4a2 (0x00000001) c.nop
core   0: 3 0x000000008000f4a2 (0x0001)
core   0: 0x000000008000f4a4 (0x00006462) c.ldsp  s0, 24(sp)
core   0: 3 0x000000008000f4a4 (0x6462) x8  0x0000000080032040 mem 0x0000000080031f88
core   0: 0x000000008000f4a6 (0x00006105) c.addi16sp sp, 32
core   0: 3 0x000000008000f4a6 (0x6105) x2  0x0000000080031f90
core   0: 0x000000008000f4a8 (0x00008082) ret
core   0: 3 0x000000008000f4a8 (0x8082)
core   0: 0x000000008000f584 (0x00004581) c.li    a1, 0
core   0: 3 0x000000008000f584 (0x4581) x11 0x0000000000000000
core   0: 0x000000008000f586 (0x00004501) c.li    a0, 0
core   0: 3 0x000000008000f586 (0x4501) x10 0x0000000000000000
core   0: 0x000000008000f588 (0xa79f20ef) jal     pc - 0xd588
core   0: 3 0x000000008000f588 (0xa79f20ef) x1  0x000000008000f58c
core   0: >>>>  main
core   0: 0x0000000080002000 (0x00000001) c.nop
core   0: 3 0x0000000080002000 (0x0001)
core   0: >>>>  trap_vec_init
core   0: 0x0000000080002002 (0x00002797) auipc   a5, 0x2
core   0: 3 0x0000000080002002 (0x00002797) x15 0x0000000080004002
core   0: 0x0000000080002006 (0xffe78793) addi    a5, a5, -2
core   0: 3 0x0000000080002006 (0xffe78793) x15 0x0000000080004000
core   0: 0x000000008000200a (0x30579073) csrrw   zero, mtvec, a5
core   0: 3 0x000000008000200a (0x30579073) c773_mtvec 0x0000000080004000
core   0: >>>>  pmp_setup
core   0: 0x000000008000200e (0x00002c17) auipc   s8, 0x2
core   0: 3 0x000000008000200e (0x00002c17) x24 0x000000008000400e
core   0: 0x0000000080002012 (0x022c0c13) addi    s8, s8, 34
core   0: 3 0x0000000080002012 (0x022c0c13) x24 0x0000000080004030
core   0: 0x0000000080002016 (0x00004781) c.li    a5, 0
core   0: 3 0x0000000080002016 (0x4781) x15 0x0000000000000000
core   0: 0x0000000080002018 (0x00009c3e) c.add   s8, a5
core   0: 3 0x0000000080002018 (0x9c3e) x24 0x0000000080004030
core   0: 0x000000008000201a (0x3b0c1073) csrrw   zero, pmpaddr0, s8
core   0: 3 0x000000008000201a (0x3b0c1073) c944_pmpaddr0 0x0000000080004030
core   0: 0x000000008000201e (0x00004c3d) c.li    s8, 15
core   0: 3 0x000000008000201e (0x4c3d) x24 0x000000000000000f
core   0: 0x0000000080002020 (0x3a0c1073) csrrw   zero, pmpcfg0, s8
core   0: 3 0x0000000080002020 (0x3a0c1073) c928_pmpcfg0 0x000000000000000f
core   0: 0x0000000080002024 (0x12000073) sfence.vma zero, zero
core   0: 3 0x0000000080002024 (0x12000073)
core   0: >>>>  mepc_setup
core   0: 0x0000000080002028 (0x00002797) auipc   a5, 0x2
core   0: 3 0x0000000080002028 (0x00002797) x15 0x0000000080004028
core   0: 0x000000008000202c (0x00878793) addi    a5, a5, 8
core   0: 3 0x000000008000202c (0x00878793) x15 0x0000000080004030
core   0: 0x0000000080002030 (0x34179073) csrrw   zero, mepc, a5
core   0: 3 0x0000000080002030 (0x34179073) c833_mepc 0x0000000080004030
core   0: >>>>  custom_csr_setup
core   0: 0x0000000080002034 (0x00100f9b) addiw   t6, zero, 1
core   0: 3 0x0000000080002034 (0x00100f9b) x31 0x0000000000000001
core   0: 0x0000000080002038 (0x00000ffe) c.slli  t6, 31
core   0: 3 0x0000000080002038 (0x0ffe) x31 0x0000000080000000
core   0: 0x000000008000203a (0x00000001) c.nop
core   0: 3 0x000000008000203a (0x0001)
core   0: >>>>  init_s_mode
core   0: 0x000000008000203c (0xfff0079b) addiw   a5, zero, -1
core   0: 3 0x000000008000203c (0xfff0079b) x15 0xffffffffffffffff
core   0: 0x0000000080002040 (0x000017fe) c.slli  a5, 63
core   0: 3 0x0000000080002040 (0x17fe) x15 0x8000000000000000
core   0: 0x0000000080002042 (0x18079073) csrrw   zero, satp, a5
core   0: 3 0x0000000080002042 (0x18079073) c384_satp 0x8000000000000000
core   0: 0x0000000080002046 (0x0000f797) auipc   a5, 0xf
core   0: 3 0x0000000080002046 (0x0000f797) x15 0x0000000080011046
core   0: 0x000000008000204a (0xfba78793) addi    a5, a5, -70
core   0: 3 0x000000008000204a (0xfba78793) x15 0x0000000080011000
core   0: 0x000000008000204e (0x000083b1) c.srli  a5, 12
core   0: 3 0x000000008000204e (0x83b1) x15 0x0000000000080011
core   0: 0x0000000080002050 (0x0010061b) addiw   a2, zero, 1
core   0: 3 0x0000000080002050 (0x0010061b) x12 0x0000000000000001
core   0: 0x0000000080002054 (0x00001632) c.slli  a2, 44
core   0: 3 0x0000000080002054 (0x1632) x12 0x0000100000000000
core   0: 0x0000000080002056 (0x0000167d) c.addi  a2, -1
core   0: 3 0x0000000080002056 (0x167d) x12 0x00000fffffffffff
core   0: 0x0000000080002058 (0x00008ff1) c.and   a5, a2
core   0: 3 0x0000000080002058 (0x8ff1) x15 0x0000000000080011
core   0: 0x000000008000205a (0x1807a073) csrrs   zero, satp, a5
core   0: 3 0x000000008000205a (0x1807a073) c384_satp 0x8000000000080011
core   0: 0x000000008000205e (0x00a005b7) lui     a1, 0xa00
core   0: 3 0x000000008000205e (0x00a005b7) x11 0x0000000000a00000
core   0: 0x0000000080002062 (0x10b5859b) addiw   a1, a1, 267
core   0: 3 0x0000000080002062 (0x10b5859b) x11 0x0000000000a0010b
core   0: 0x0000000080002066 (0x000005b2) c.slli  a1, 12
core   0: 3 0x0000000080002066 (0x05b2) x11 0x0000000a0010b000
core   0: 0x0000000080002068 (0xa0058593) addi    a1, a1, -1536
core   0: 3 0x0000000080002068 (0xa0058593) x11 0x0000000a0010aa00
core   0: 0x000000008000206c (0x30059073) csrrw   zero, mstatus, a1
core   0: 3 0x000000008000206c (0x30059073) c768_mstatus 0x0000000a00102800
core   0: 0x0000000080002070 (0x30459073) csrrw   zero, mie, a1
core   0: 3 0x0000000080002070 (0x30459073) c772_mie 0x0000000000000a00
core   0: 0x0000000080002074 (0x00a005b7) lui     a1, 0xa00
core   0: 3 0x0000000080002074 (0x00a005b7) x11 0x0000000000a00000
core   0: 0x0000000080002078 (0x10b5859b) addiw   a1, a1, 267
core   0: 3 0x0000000080002078 (0x10b5859b) x11 0x0000000000a0010b
core   0: 0x000000008000207c (0x000005b2) c.slli  a1, 12
core   0: 3 0x000000008000207c (0x05b2) x11 0x0000000a0010b000
core   0: 0x000000008000207e (0xa0058593) addi    a1, a1, -1536
core   0: 3 0x000000008000207e (0xa0058593) x11 0x0000000a0010aa00
core   0: 0x0000000080002082 (0x10059073) csrrw   zero, sstatus, a1
core   0: 3 0x0000000080002082 (0x10059073) c768_mstatus 0x0000000a00102800
core   0: 0x0000000080002086 (0x10459073) csrrw   zero, sie, a1
core   0: 3 0x0000000080002086 (0x10459073) c772_mie 0x0000000000000a00
core   0: 0x000000008000208a (0x30200073) mret
core   0: 3 0x000000008000208a (0x30200073) c768_mstatus 0x0000000a00102080
core   0: >>>>  main_g
core   0: 0x0000000080004030 (0xa17136b7) lui     a3, 0xa1713
core   0: 1 0x0000000080004030 (0xa17136b7) x13 0xffffffffa1713000
core   0: 0x0000000080004034 (0x03d4ceb3) div     t4, s1, t4
core   0: 1 0x0000000080004034 (0x03d4ceb3) x29 0xffffffffffffffff
core   0: 0x0000000080004038 (0x000084a5) c.srai  s1, 9
core   0: 1 0x0000000080004038 (0x84a5) x9  0x000000000040018f
core   0: 0x000000008000403a (0xc20bf653) fcvt.w.d a2, fs7
core   0: 1 0x000000008000403a (0xc20bf653) c1_fflags 0x0000000000000010 c768_mstatus 0x8000000a00106080 x12 0x000000007fffffff
core   0: 0x000000008000403e (0x40a50cbb) subw    s9, a0, a0
core   0: 1 0x000000008000403e (0x40a50cbb) x25 0x0000000000000000
core   0: 0x0000000080004042 (0xc222f053) fcvt.l.d zero, ft5
core   0: 1 0x0000000080004042 (0xc222f053) c1_fflags 0x0000000000000010
core   0: 0x0000000080004046 (0x4017d39b) sraiw   t2, a5, 1
core   0: 1 0x0000000080004046 (0x4017d39b) x7  0x0000000000040008
core   0: 0x000000008000404a (0x020c90b3) mulh    ra, s9, zero
core   0: 1 0x000000008000404a (0x020c90b3) x1  0x0000000000000000
core   0: 0x000000008000404e (0x40dbdb9b) sraiw   s7, s7, 13
core   0: 1 0x000000008000404e (0x40dbdb9b) x23 0x0000000000000000
core   0: 0x0000000080004052 (0xd028fe53) fcvt.s.l ft8, a7
core   0: 1 0x0000000080004052 (0xd028fe53) f28 0xffffffff00000000
core   0: 0x0000000080004056 (0x00c3ccb3) xor     s9, t2, a2
core   0: 1 0x0000000080004056 (0x00c3ccb3) x25 0x000000007ffbfff7
core   0: 0x000000008000405a (0x003df5b3) and     a1, s11, gp
core   0: 1 0x000000008000405a (0x003df5b3) x11 0x0000000000000000
core   0: 0x000000008000405e (0xd22974d3) fcvt.d.l fs1, s2
core   0: 1 0x000000008000405e (0xd22974d3) f9  0x0000000000000000
core   0: 0x0000000080004062 (0x1a4271d3) fdiv.d  ft3, ft4, ft4
core   0: 1 0x0000000080004062 (0x1a4271d3) f3  0x7ff8000000000000
core   0: 0x0000000080004066 (0x00069713) slli    a4, a3, 0
core   0: 1 0x0000000080004066 (0x00069713) x14 0xffffffffa1713000
core   0: 0x000000008000406a (0x19e8831b) addiw   t1, a7, 414
core   0: 1 0x000000008000406a (0x19e8831b) x6  0x000000000000019e
core   0: 0x000000008000406e (0x00fdcdb3) xor     s11, s11, a5
core   0: 1 0x000000008000406e (0x00fdcdb3) x27 0x0000000000080011
core   0: 0x0000000080004072 (0x036daa33) mulhsu  s4, s11, s6
core   0: 1 0x0000000080004072 (0x036daa33) x20 0x0000000000000000
core   0: 0x0000000080004076 (0x4142593b) sraw    s2, tp, s4
core   0: 1 0x0000000080004076 (0x4142593b) x18 0xffffffff80012040
core   0: 0x000000008000407a (0x036b7b33) remu    s6, s6, s6
core   0: 1 0x000000008000407a (0x036b7b33) x22 0x0000000000000000
core   0: 0x000000008000407e (0xf11071f3) csrrci  gp, mvendorid, 0
core   0: exception trap_illegal_instruction, epc 0x000000008000407e
core   0:           tval 0x00000000f11071f3
core   0: >>>>  $xrv64i2p1_m2p0_a2p1_f2p2_d2p2_zicsr2p0_zifencei2p0_zmmul1p0_zba1p0_zbb1p0_zbc1p0_zbs1p0
core   0: 0x0000000080004000 (0x0080006f) j       pc + 0x8
core   0: 3 0x0000000080004000 (0x0080006f)
core   0: >>>>  mmode_exception_handler
core   0: 0x0000000080004008 (0x00002c17) auipc   s8, 0x2
core   0: 3 0x0000000080004008 (0x00002c17) x24 0x0000000080006008
core   0: 0x000000008000400c (0x006c0c13) addi    s8, s8, 6
core   0: 3 0x000000008000400c (0x006c0c13) x24 0x000000008000600e
core   0: 0x0000000080004010 (0x000c00e7) jalr    s8
core   0: 3 0x0000000080004010 (0x000c00e7) x1  0x0000000080004014
core   0: >>>>  any_handler
core   0: 0x000000008000600e (0x341027f3) csrrs   a5, mepc, zero
core   0: 3 0x000000008000600e (0x341027f3) x15 0x000000008000407e
core   0: 0x0000000080006012 (0x34202773) csrrs   a4, mcause, zero
core   0: 3 0x0000000080006012 (0x34202773) x14 0x0000000000000002
core   0: 0x0000000080006016 (0x142026f3) csrrs   a3, scause, zero
core   0: 3 0x0000000080006016 (0x142026f3) x13 0x0000000000000000
core   0: 0x000000008000601a (0x30402673) csrrs   a2, mie, zero
core   0: 3 0x000000008000601a (0x30402673) x12 0x0000000000000a00
core   0: 0x000000008000601e (0x344025f3) csrrs   a1, mip, zero
core   0: 3 0x000000008000601e (0x344025f3) x11 0x0000000000000080
core   0: 0x0000000080006022 (0x343025f3) csrrs   a1, mtval, zero
core   0: 3 0x0000000080006022 (0x343025f3) x11 0x00000000f11071f3
core   0: 0x0000000080006026 (0x14302573) csrrs   a0, stval, zero
core   0: 3 0x0000000080006026 (0x14302573) x10 0x0000000000000000
core   0: 0x000000008000602a (0xb02024f3) csrrs   s1, minstret, zero
core   0: 3 0x000000008000602a (0xb02024f3) x9  0x00000000000007df
core   0: 0x000000008000602e (0x0000a811) c.j     pc + 20
core   0: 3 0x000000008000602e (0xa811)
core   0: >>>>  mepc_4
core   0: 0x0000000080006042 (0x00000791) c.addi  a5, 4
core   0: 3 0x0000000080006042 (0x0791) x15 0x0000000080004082
core   0: 0x0000000080006044 (0x34179073) csrrw   zero, mepc, a5
core   0: 3 0x0000000080006044 (0x34179073) c833_mepc 0x0000000080004082
core   0: 0x0000000080006048 (0x30200073) mret
core   0: 3 0x0000000080006048 (0x30200073) c768_mstatus 0x8000000a00106080
core   0: 0x0000000080004082 (0xf147a3f3) csrrs   t2, mhartid, a5
core   0: exception trap_illegal_instruction, epc 0x0000000080004082
core   0:           tval 0x00000000f147a3f3
core   0: >>>>  $xrv64i2p1_m2p0_a2p1_f2p2_d2p2_zicsr2p0_zifencei2p0_zmmul1p0_zba1p0_zbb1p0_zbc1p0_zbs1p0
core   0: 0x0000000080004000 (0x0080006f) j       pc + 0x8
core   0: 3 0x0000000080004000 (0x0080006f)
core   0: >>>>  mmode_exception_handler
core   0: 0x0000000080004008 (0x00002c17) auipc   s8, 0x2
core   0: 3 0x0000000080004008 (0x00002c17) x24 0x0000000080006008
core   0: 0x000000008000400c (0x006c0c13) addi    s8, s8, 6
core   0: 3 0x000000008000400c (0x006c0c13) x24 0x000000008000600e
core   0: 0x0000000080004010 (0x000c00e7) jalr    s8
core   0: 3 0x0000000080004010 (0x000c00e7) x1  0x0000000080004014
core   0: >>>>  any_handler
core   0: 0x000000008000600e (0x341027f3) csrrs   a5, mepc, zero
core   0: 3 0x000000008000600e (0x341027f3) x15 0x0000000080004082
core   0: 0x0000000080006012 (0x34202773) csrrs   a4, mcause, zero
core   0: 3 0x0000000080006012 (0x34202773) x14 0x0000000000000002
core   0: 0x0000000080006016 (0x142026f3) csrrs   a3, scause, zero
core   0: 3 0x0000000080006016 (0x142026f3) x13 0x0000000000000000
core   0: 0x000000008000601a (0x30402673) csrrs   a2, mie, zero
core   0: 3 0x000000008000601a (0x30402673) x12 0x0000000000000a00
core   0: 0x000000008000601e (0x344025f3) csrrs   a1, mip, zero
core   0: 3 0x000000008000601e (0x344025f3) x11 0x0000000000000080
core   0: 0x0000000080006022 (0x343025f3) csrrs   a1, mtval, zero
core   0: 3 0x0000000080006022 (0x343025f3) x11 0x00000000f147a3f3
core   0: 0x0000000080006026 (0x14302573) csrrs   a0, stval, zero
core   0: 3 0x0000000080006026 (0x14302573) x10 0x0000000000000000
core   0: 0x000000008000602a (0xb02024f3) csrrs   s1, minstret, zero
core   0: 3 0x000000008000602a (0xb02024f3) x9  0x00000000000007ef
core   0: 0x000000008000602e (0x0000a811) c.j     pc + 20
core   0: 3 0x000000008000602e (0xa811)
core   0: >>>>  mepc_4
core   0: 0x0000000080006042 (0x00000791) c.addi  a5, 4
core   0: 3 0x0000000080006042 (0x0791) x15 0x0000000080004086
core   0: 0x0000000080006044 (0x34179073) csrrw   zero, mepc, a5
core   0: 3 0x0000000080006044 (0x34179073) c833_mepc 0x0000000080004086
core   0: 0x0000000080006048 (0x30200073) mret
core   0: 3 0x0000000080006048 (0x30200073) c768_mstatus 0x8000000a00106080
core   0: 0x0000000080004086 (0x22c61653) fsgnjn.d fa2, fa2, fa2
core   0: 1 0x0000000080004086 (0x22c61653) f12 0x7fffffff00000000
core   0: 0x000000008000408a (0xd025fdd3) fcvt.s.l fs11, a1
core   0: 1 0x000000008000408a (0xd025fdd3) c1_fflags 0x0000000000000011 f27 0xffffffff4f7147a4
core   0: 0x000000008000408e (0x016395bb) sllw    a1, t2, s6
core   0: 1 0x000000008000408e (0x016395bb) x11 0x0000000000040008
core   0: 0x0000000080004092 (0xc22a7153) fcvt.l.d sp, fs4
core   0: 1 0x0000000080004092 (0xc22a7153) c1_fflags 0x0000000000000011 x2  0x7fffffffffffffff
core   0: 0x0000000080004096 (0x40c30d3b) subw    s10, t1, a2
core   0: 1 0x0000000080004096 (0x40c30d3b) x26 0xfffffffffffff79e
core   0: 0x000000008000409a (0x0ff0000f) fence   iorw,iorw
core   0: 1 0x000000008000409a (0x0ff0000f)
core   0: 0x000000008000409e (0x035d6b33) rem     s6, s10, s5
core   0: 1 0x000000008000409e (0x035d6b33) x22 0xfffffffffffff79e
core   0: 0x00000000800040a2 (0x00db3237) lui     tp, 0xdb3
core   0: 1 0x00000000800040a2 (0x00db3237) x4  0x0000000000db3000
core   0: 0x00000000800040a6 (0x5db2021b) addiw   tp, tp, 1499
core   0: 1 0x00000000800040a6 (0x5db2021b) x4  0x0000000000db35db
core   0: 0x00000000800040aa (0x0000023e) c.slli  tp, 15
core   0: 1 0x00000000800040aa (0x023e) x4  0x0000006d9aed8000
core   0: 0x00000000800040ac (0x63d20213) addi    tp, tp, 1597
core   0: 1 0x00000000800040ac (0x63d20213) x4  0x0000006d9aed863d
core   0: 0x00000000800040b0 (0x41dc0cb3) sub     s9, s8, t4
core   0: 1 0x00000000800040b0 (0x41dc0cb3) x25 0x000000008000600f
core   0: 0x00000000800040b4 (0x01d0033b) addw    t1, zero, t4
core   0: 1 0x00000000800040b4 (0x01d0033b) x6  0xffffffffffffffff
core   0: 0x00000000800040b8 (0x1bb17353) fdiv.d  ft6, ft2, fs11
core   0: 1 0x00000000800040b8 (0x1bb17353) f6  0x7ff8000000000000
core   0: 0x00000000800040bc (0x00645d3b) srlw    s10, s0, t1
core   0: 1 0x00000000800040bc (0x00645d3b) x26 0x0000000000000001
core   0: 0x00000000800040c0 (0x00000001) c.nop
core   0: 1 0x00000000800040c0 (0x0001)
core   0: 0x00000000800040c2 (0x0031013b) addw    sp, sp, gp
core   0: 1 0x00000000800040c2 (0x0031013b) x2  0xffffffff80012827
core   0: 0x00000000800040c6 (0x01698ebb) addw    t4, s3, s6
core   0: 1 0x00000000800040c6 (0x01698ebb) x29 0xfffffffffffff79e
core   0: 0x00000000800040ca (0x0059161b) slliw   a2, s2, 5
core   0: 1 0x00000000800040ca (0x0059161b) x12 0x0000000000240800
core   0: 0x00000000800040ce (0x019eac33) slt     s8, t4, s9
core   0: 1 0x00000000800040ce (0x019eac33) x24 0x0000000000000001
core   0: 0x00000000800040d2 (0x0074a533) slt     a0, s1, t2
core   0: 1 0x00000000800040d2 (0x0074a533) x10 0x0000000000000001
core   0: 0x00000000800040d6 (0xc211fed3) fcvt.wu.d t4, ft3
core   0: 1 0x00000000800040d6 (0xc211fed3) c1_fflags 0x0000000000000011 x29 0xffffffffffffffff
core   0: 0x00000000800040da (0x303e5b73) csrrwi  s6, mideleg, 28
core   0: exception trap_illegal_instruction, epc 0x00000000800040da
core   0:           tval 0x00000000303e5b73
core   0: >>>>  $xrv64i2p1_m2p0_a2p1_f2p2_d2p2_zicsr2p0_zifencei2p0_zmmul1p0_zba1p0_zbb1p0_zbc1p0_zbs1p0
core   0: 0x0000000080004000 (0x0080006f) j       pc + 0x8
core   0: 3 0x0000000080004000 (0x0080006f)
core   0: >>>>  mmode_exception_handler
core   0: 0x0000000080004008 (0x00002c17) auipc   s8, 0x2
core   0: 3 0x0000000080004008 (0x00002c17) x24 0x0000000080006008
core   0: 0x000000008000400c (0x006c0c13) addi    s8, s8, 6
core   0: 3 0x000000008000400c (0x006c0c13) x24 0x000000008000600e
core   0: 0x0000000080004010 (0x000c00e7) jalr    s8
core   0: 3 0x0000000080004010 (0x000c00e7) x1  0x0000000080004014
core   0: >>>>  any_handler
core   0: 0x000000008000600e (0x341027f3) csrrs   a5, mepc, zero
core   0: 3 0x000000008000600e (0x341027f3) x15 0x00000000800040da
core   0: 0x0000000080006012 (0x34202773) csrrs   a4, mcause, zero
core   0: 3 0x0000000080006012 (0x34202773) x14 0x0000000000000002
core   0: 0x0000000080006016 (0x142026f3) csrrs   a3, scause, zero
core   0: 3 0x0000000080006016 (0x142026f3) x13 0x0000000000000000
core   0: 0x000000008000601a (0x30402673) csrrs   a2, mie, zero
core   0: 3 0x000000008000601a (0x30402673) x12 0x0000000000000a00
core   0: 0x000000008000601e (0x344025f3) csrrs   a1, mip, zero
core   0: 3 0x000000008000601e (0x344025f3) x11 0x0000000000000080
core   0: 0x0000000080006022 (0x343025f3) csrrs   a1, mtval, zero
core   0: 3 0x0000000080006022 (0x343025f3) x11 0x00000000303e5b73
core   0: 0x0000000080006026 (0x14302573) csrrs   a0, stval, zero
core   0: 3 0x0000000080006026 (0x14302573) x10 0x0000000000000000
core   0: 0x000000008000602a (0xb02024f3) csrrs   s1, minstret, zero
core   0: 3 0x000000008000602a (0xb02024f3) x9  0x0000000000000815
core   0: 0x000000008000602e (0x0000a811) c.j     pc + 20
core   0: 3 0x000000008000602e (0xa811)
core   0: >>>>  mepc_4
core   0: 0x0000000080006042 (0x00000791) c.addi  a5, 4
core   0: 3 0x0000000080006042 (0x0791) x15 0x00000000800040de
core   0: 0x0000000080006044 (0x34179073) csrrw   zero, mepc, a5
core   0: 3 0x0000000080006044 (0x34179073) c833_mepc 0x00000000800040de
core   0: 0x0000000080006048 (0x30200073) mret
core   0: 3 0x0000000080006048 (0x30200073) c768_mstatus 0x8000000a00106080
core   0: 0x00000000800040de (0x002a91f3) csrrw   gp, frm, s5
core   0: 1 0x00000000800040de (0x002a91f3) x3  0x0000000000000000 c2_frm 0x0000000000000000
core   0: 0x00000000800040e2 (0x001022f3) csrrs   t0, fflags, zero
core   0: 1 0x00000000800040e2 (0x001022f3) x5  0x0000000000000011
core   0: 0x00000000800040e6 (0x14b45897) auipc   a7, 0x14b45
core   0: 1 0x00000000800040e6 (0x14b45897) x17 0x0000000094b490e6
core   0: 0x00000000800040ea (0xc22176d3) fcvt.l.d a3, ft2
core   0: 1 0x00000000800040ea (0xc22176d3) c1_fflags 0x0000000000000011 x13 0x7fffffffffffffff
core   0: 0x00000000800040ee (0xc0237e53) fcvt.l.s t3, ft6
core   0: 1 0x00000000800040ee (0xc0237e53) c1_fflags 0x0000000000000011 x28 0x7fffffffffffffff
core   0: 0x00000000800040f2 (0xc23dfb53) fcvt.lu.d s6, fs11
core   0: 1 0x00000000800040f2 (0xc23dfb53) c1_fflags 0x0000000000000011 x22 0xffffffffffffffff
core   0: 0x00000000800040f6 (0x02864633) div     a2, a2, s0
core   0: 1 0x00000000800040f6 (0x02864633) x12 0x0000000000000000
core   0: 0x00000000800040fa (0x01ce0d3b) addw    s10, t3, t3
core   0: 1 0x00000000800040fa (0x01ce0d3b) x26 0xfffffffffffffffe
core   0: 0x00000000800040fe (0x00bd5c1b) srliw   s8, s10, 11
core   0: 1 0x00000000800040fe (0x00bd5c1b) x24 0x00000000001fffff
core   0: 0x0000000080004102 (0x22659f53) fsgnjn.d ft10, fa1, ft6
core   0: 1 0x0000000080004102 (0x22659f53) f30 0xffffffff00000000
core   0: 0x0000000080004106 (0x8004041b) addiw   s0, s0, -2048
core   0: 1 0x0000000080004106 (0x8004041b) x8  0xffffffff80031840
core   0: 0x000000008000410a (0x01d5f7b3) and     a5, a1, t4
core   0: 1 0x000000008000410a (0x01d5f7b3) x15 0x00000000303e5b73
core   0: 0x000000008000410e (0x02b7d73b) divuw   a4, a5, a1
core   0: 1 0x000000008000410e (0x02b7d73b) x14 0x0000000000000001
core   0: 0x0000000080004112 (0x0311f1b3) remu    gp, gp, a7
core   0: 1 0x0000000080004112 (0x0311f1b3) x3  0x0000000000000000
core   0: 0x0000000080004116 (0x00704333) xor     t1, zero, t2
core   0: 1 0x0000000080004116 (0x00704333) x6  0x0000000000040008
core   0: 0x000000008000411a (0x342ff5f3) csrrci  a1, mcause, 31
core   0: exception trap_illegal_instruction, epc 0x000000008000411a
core   0:           tval 0x00000000342ff5f3
core   0: >>>>  $xrv64i2p1_m2p0_a2p1_f2p2_d2p2_zicsr2p0_zifencei2p0_zmmul1p0_zba1p0_zbb1p0_zbc1p0_zbs1p0
core   0: 0x0000000080004000 (0x0080006f) j       pc + 0x8
core   0: 3 0x0000000080004000 (0x0080006f)
core   0: >>>>  mmode_exception_handler
core   0: 0x0000000080004008 (0x00002c17) auipc   s8, 0x2
core   0: 3 0x0000000080004008 (0x00002c17) x24 0x0000000080006008
core   0: 0x000000008000400c (0x006c0c13) addi    s8, s8, 6
core   0: 3 0x000000008000400c (0x006c0c13) x24 0x000000008000600e
core   0: 0x0000000080004010 (0x000c00e7) jalr    s8
core   0: 3 0x0000000080004010 (0x000c00e7) x1  0x0000000080004014
core   0: >>>>  any_handler
core   0: 0x000000008000600e (0x341027f3) csrrs   a5, mepc, zero
core   0: 3 0x000000008000600e (0x341027f3) x15 0x000000008000411a
core   0: 0x0000000080006012 (0x34202773) csrrs   a4, mcause, zero
core   0: 3 0x0000000080006012 (0x34202773) x14 0x0000000000000002
core   0: 0x0000000080006016 (0x142026f3) csrrs   a3, scause, zero
core   0: 3 0x0000000080006016 (0x142026f3) x13 0x0000000000000000
core   0: 0x000000008000601a (0x30402673) csrrs   a2, mie, zero
core   0: 3 0x000000008000601a (0x30402673) x12 0x0000000000000a00
core   0: 0x000000008000601e (0x344025f3) csrrs   a1, mip, zero
core   0: 3 0x000000008000601e (0x344025f3) x11 0x0000000000000080
core   0: 0x0000000080006022 (0x343025f3) csrrs   a1, mtval, zero
core   0: 3 0x0000000080006022 (0x343025f3) x11 0x00000000342ff5f3
core   0: 0x0000000080006026 (0x14302573) csrrs   a0, stval, zero
core   0: 3 0x0000000080006026 (0x14302573) x10 0x0000000000000000
core   0: 0x000000008000602a (0xb02024f3) csrrs   s1, minstret, zero
core   0: 3 0x000000008000602a (0xb02024f3) x9  0x0000000000000834
core   0: 0x000000008000602e (0x0000a811) c.j     pc + 20
core   0: 3 0x000000008000602e (0xa811)
core   0: >>>>  mepc_4
core   0: 0x0000000080006042 (0x00000791) c.addi  a5, 4
core   0: 3 0x0000000080006042 (0x0791) x15 0x000000008000411e
core   0: 0x0000000080006044 (0x34179073) csrrw   zero, mepc, a5
core   0: 3 0x0000000080006044 (0x34179073) c833_mepc 0x000000008000411e
core   0: 0x0000000080006048 (0x30200073) mret
core   0: 3 0x0000000080006048 (0x30200073) c768_mstatus 0x8000000a00106080
core   0: 0x000000008000411e (0x0008d11b) srliw   sp, a7, 0
core   0: 1 0x000000008000411e (0x0008d11b) x2  0xffffffff94b490e6
core   0: 0x0000000080004122 (0x00000001) c.nop
core   0: 1 0x0000000080004122 (0x0001)
core   0: 0x0000000080004124 (0xf2028a53) fmv.d.x fs4, t0
core   0: 1 0x0000000080004124 (0xf2028a53) f20 0x0000000000000011
core   0: 0x0000000080004128 (0x005e9933) sll     s2, t4, t0
core   0: 1 0x0000000080004128 (0x005e9933) x18 0xfffffffffffe0000
core   0: 0x000000008000412c (0x401f7cd3) fcvt.s.d fs9, ft10
core   0: 1 0x000000008000412c (0x401f7cd3) f25 0xffffffff7fc00000
core   0: 0x0000000080004130 (0x00000001) c.nop
core   0: 1 0x0000000080004130 (0x0001)
core   0: 0x0000000080004132 (0x0b497453) fsub.d  fs0, fs2, fs4
core   0: 1 0x0000000080004132 (0x0b497453) f8  0x7ff8000000000000
core   0: 0x0000000080004136 (0x018a2a33) slt     s4, s4, s8
core   0: 1 0x0000000080004136 (0x018a2a33) x20 0x0000000000000001
core   0: 0x000000008000413a (0x41fa5a9b) sraiw   s5, s4, 31
core   0: 1 0x000000008000413a (0x41fa5a9b) x21 0x0000000000000000
core   0: 0x000000008000413e (0x40ba5d1b) sraiw   s10, s4, 11
core   0: 1 0x000000008000413e (0x40ba5d1b) x26 0x0000000000000000
core   0: 0x0000000080004142 (0xc034f453) fcvt.lu.s s0, fs1
core   0: 1 0x0000000080004142 (0xc034f453) c1_fflags 0x0000000000000011 x8  0xffffffffffffffff
core   0: 0x0000000080004146 (0xfb7bfacb) fnmsub.d fs5, fs7, fs7, ft11
core   0: 1 0x0000000080004146 (0xfb7bfacb) f21 0x7ff8000000000000
core   0: 0x000000008000414a (0x013a5793) srli    a5, s4, 19
core   0: 1 0x000000008000414a (0x013a5793) x15 0x0000000000000000
core   0: 0x000000008000414e (0x005494b3) sll     s1, s1, t0
core   0: 1 0x000000008000414e (0x005494b3) x9  0x0000000010680000
core   0: 0x0000000080004152 (0x2a1d9053) fmax.d  ft0, fs11, ft1
core   0: 1 0x0000000080004152 (0x2a1d9053) f0  0x7ff8000000000000
core   0: 0x0000000080004156 (0x0b487cd3) fsub.d  fs9, fa6, fs4
core   0: 1 0x0000000080004156 (0x0b487cd3) f25 0x7ff8000000000000
core   0: 0x000000008000415a (0xc022fdd3) fcvt.l.s s11, ft5
core   0: 1 0x000000008000415a (0xc022fdd3) x27 0x0000000000000000
core   0: 0x000000008000415e (0x0006da13) srli    s4, a3, 0
core   0: 1 0x000000008000415e (0x0006da13) x20 0x0000000000000000
core   0: 0x0000000080004162 (0x659a0313) addi    t1, s4, 1625
core   0: 1 0x0000000080004162 (0x659a0313) x6  0x0000000000000659
core   0: 0x0000000080004166 (0x0ff0000f) fence   iorw,iorw
core   0: 1 0x0000000080004166 (0x0ff0000f)
core   0: 0x000000008000416a (0xe20a8153) fmv.x.d sp, fs5
core   0: 1 0x000000008000416a (0xe20a8153) x2  0x7ff8000000000000
core   0: 0x000000008000416e (0x1a547453) fdiv.d  fs0, fs0, ft5
core   0: 1 0x000000008000416e (0x1a547453) f8  0x7ff8000000000000
core   0: 0x0000000080004172 (0xfcd0c0b7) lui     ra, 0xfcd0c
core   0: 1 0x0000000080004172 (0xfcd0c0b7) x1  0xfffffffffcd0c000
core   0: 0x0000000080004176 (0x8ad0809b) addiw   ra, ra, -1875
core   0: 1 0x0000000080004176 (0x8ad0809b) x1  0xfffffffffcd0b8ad
core   0: 0x000000008000417a (0x000000b2) c.slli  ra, 12
core   0: 1 0x000000008000417a (0x00b2) x1  0xffffffcd0b8ad000
core   0: 0x000000008000417c (0x7ae08093) addi    ra, ra, 1966
core   0: 1 0x000000008000417c (0x7ae08093) x1  0xffffffcd0b8ad7ae
core   0: 0x0000000080004180 (0xc03ef053) fcvt.lu.s zero, ft9
core   0: 1 0x0000000080004180 (0xc03ef053)
core   0: 0x0000000080004184 (0x13107c53) fmul.d  fs8, ft0, fa7
core   0: 1 0x0000000080004184 (0x13107c53) f24 0x7ff8000000000000
core   0: 0x0000000080004188 (0x02019433) mulh    s0, gp, zero
core   0: 1 0x0000000080004188 (0x02019433) x8  0x0000000000000000
core   0: 0x000000008000418c (0x026e7353) fadd.d  ft6, ft8, ft6
core   0: 1 0x000000008000418c (0x026e7353) f6  0x7ff8000000000000
core   0: 0x0000000080004190 (0x036bf2b3) remu    t0, s7, s6
core   0: 1 0x0000000080004190 (0x036bf2b3) x5  0x0000000000000000
core   0: 0x0000000080004194 (0x946e7813) andi    a6, t3, -1722
core   0: 1 0x0000000080004194 (0x946e7813) x16 0x7ffffffffffff946
core   0: 0x0000000080004198 (0x00ba73b3) and     t2, s4, a1
core   0: 1 0x0000000080004198 (0x00ba73b3) x7  0x0000000000000000
core   0: 0x000000008000419c (0x0353a4b3) mulhsu  s1, t2, s5
core   0: 1 0x000000008000419c (0x0353a4b3) x9  0x0000000000000000
core   0: 0x00000000800041a0 (0x0293b333) mulhu   t1, t2, s1
core   0: 1 0x00000000800041a0 (0x0293b333) x6  0x0000000000000000
core   0: 0x00000000800041a4 (0x5a0a7a53) fsqrt.d fs4, fs4
core   0: 1 0x00000000800041a4 (0x5a0a7a53) c1_fflags 0x0000000000000011 f20 0x1e807e0f66afed07
core   0: 0x00000000800041a8 (0x2264f34b) fnmsub.d ft6, fs1, ft6, ft4
core   0: 1 0x00000000800041a8 (0x2264f34b) f6  0x7ff8000000000000
core   0: 0x00000000800041ac (0x41135333) sra     t1, t1, a7
core   0: 1 0x00000000800041ac (0x41135333) x6  0x0000000000000000
core   0: 0x00000000800041b0 (0x31ac10f3) csrrw   ra, menvcfgh, s8
core   0: exception trap_illegal_instruction, epc 0x00000000800041b0
core   0:           tval 0x0000000031ac10f3
core   0: >>>>  $xrv64i2p1_m2p0_a2p1_f2p2_d2p2_zicsr2p0_zifencei2p0_zmmul1p0_zba1p0_zbb1p0_zbc1p0_zbs1p0
core   0: 0x0000000080004000 (0x0080006f) j       pc + 0x8
core   0: 3 0x0000000080004000 (0x0080006f)
core   0: >>>>  mmode_exception_handler
core   0: 0x0000000080004008 (0x00002c17) auipc   s8, 0x2
core   0: 3 0x0000000080004008 (0x00002c17) x24 0x0000000080006008
core   0: 0x000000008000400c (0x006c0c13) addi    s8, s8, 6
core   0: 3 0x000000008000400c (0x006c0c13) x24 0x000000008000600e
core   0: 0x0000000080004010 (0x000c00e7) jalr    s8
core   0: 3 0x0000000080004010 (0x000c00e7) x1  0x0000000080004014
core   0: >>>>  any_handler
core   0: 0x000000008000600e (0x341027f3) csrrs   a5, mepc, zero
core   0: 3 0x000000008000600e (0x341027f3) x15 0x00000000800041b0
core   0: 0x0000000080006012 (0x34202773) csrrs   a4, mcause, zero
core   0: 3 0x0000000080006012 (0x34202773) x14 0x0000000000000002
core   0: 0x0000000080006016 (0x142026f3) csrrs   a3, scause, zero
core   0: 3 0x0000000080006016 (0x142026f3) x13 0x0000000000000000
core   0: 0x000000008000601a (0x30402673) csrrs   a2, mie, zero
core   0: 3 0x000000008000601a (0x30402673) x12 0x0000000000000a00
core   0: 0x000000008000601e (0x344025f3) csrrs   a1, mip, zero
core   0: 3 0x000000008000601e (0x344025f3) x11 0x0000000000000080
core   0: 0x0000000080006022 (0x343025f3) csrrs   a1, mtval, zero
core   0: 3 0x0000000080006022 (0x343025f3) x11 0x0000000031ac10f3
core   0: 0x0000000080006026 (0x14302573) csrrs   a0, stval, zero
core   0: 3 0x0000000080006026 (0x14302573) x10 0x0000000000000000
core   0: 0x000000008000602a (0xb02024f3) csrrs   s1, minstret, zero
core   0: 3 0x000000008000602a (0xb02024f3) x9  0x000000000000086a
core   0: 0x000000008000602e (0x0000a811) c.j     pc + 20
core   0: 3 0x000000008000602e (0xa811)
core   0: >>>>  mepc_4
core   0: 0x0000000080006042 (0x00000791) c.addi  a5, 4
core   0: 3 0x0000000080006042 (0x0791) x15 0x00000000800041b4
core   0: 0x0000000080006044 (0x34179073) csrrw   zero, mepc, a5
core   0: 3 0x0000000080006044 (0x34179073) c833_mepc 0x00000000800041b4
core   0: 0x0000000080006048 (0x30200073) mret
core   0: 3 0x0000000080006048 (0x30200073) c768_mstatus 0x8000000a00106080
core   0: 0x00000000800041b4 (0x00065913) srli    s2, a2, 0
core   0: 1 0x00000000800041b4 (0x00065913) x18 0x0000000000000a00
core   0: 0x00000000800041b8 (0x0105013b) addw    sp, a0, a6
core   0: 1 0x00000000800041b8 (0x0105013b) x2  0xfffffffffffff946
core   0: 0x00000000800041bc (0xff173737) lui     a4, 0xff173
core   0: 1 0x00000000800041bc (0xff173737) x14 0xffffffffff173000
core   0: 0x00000000800041c0 (0x71d7071b) addiw   a4, a4, 1821
core   0: 1 0x00000000800041c0 (0x71d7071b) x14 0xffffffffff17371d
core   0: 0x00000000800041c4 (0x0000073e) c.slli  a4, 15
core   0: 1 0x00000000800041c4 (0x073e) x14 0xffffff8b9b8e8000
core   0: 0x00000000800041c6 (0xdc670713) addi    a4, a4, -570
core   0: 1 0x00000000800041c6 (0xdc670713) x14 0xffffff8b9b8e7dc6
core   0: 0x00000000800041ca (0x00000205) c.addi  tp, 1
core   0: 1 0x00000000800041ca (0x0205) x4  0x0000006d9aed863e
core   0: 0x00000000800041cc (0x2b730bd3) fmin.d  fs7, ft6, fs7
core   0: 1 0x00000000800041cc (0x2b730bd3) f23 0x7ff8000000000000
core   0: 0x00000000800041d0 (0x420e8b53) fcvt.d.s fs6, ft9
core   0: 1 0x00000000800041d0 (0x420e8b53) f22 0x0000000000000000
core   0: 0x00000000800041d4 (0x00411133) sll     sp, sp, tp
core   0: 1 0x00000000800041d4 (0x00411133) x2  0x8000000000000000
core   0: 0x00000000800041d8 (0xac58c513) xori    a0, a7, -1339
core   0: 1 0x00000000800041d8 (0xac58c513) x10 0xffffffff6b4b6a23
core   0: 0x00000000800041dc (0x4d00859b) addiw   a1, ra, 1232
core   0: 1 0x00000000800041dc (0x4d00859b) x11 0xffffffff800044e4
core   0: 0x00000000800041e0 (0xff218bb7) lui     s7, 0xff218
core   0: 1 0x00000000800041e0 (0xff218bb7) x23 0xffffffffff218000
core   0: 0x00000000800041e4 (0x0297c33b) divw    t1, a5, s1
core   0: 1 0x00000000800041e4 (0x0297c33b) x6  0xfffffffffff0c99a
core   0: 0x00000000800041e8 (0x7aaa77c7) fmsub.d fa5, fs4, fa0, fa5
core   0: 1 0x00000000800041e8 (0x7aaa77c7) f15 0x7ff8000000000000
core   0: 0x00000000800041ec (0xd233f2d3) fcvt.d.lu ft5, t2
core   0: 1 0x00000000800041ec (0xd233f2d3) f5  0x0000000000000000
core   0: 0x00000000800041f0 (0x4081e193) ori     gp, gp, 1032
core   0: 1 0x00000000800041f0 (0x4081e193) x3  0x0000000000000408
core   0: 0x00000000800041f4 (0xfff1ce13) not     t3, gp
core   0: 1 0x00000000800041f4 (0xfff1ce13) x28 0xfffffffffffffbf7
core   0: 0x00000000800041f8 (0x001e1af3) csrrw   s5, fflags, t3
core   0: 1 0x00000000800041f8 (0x001e1af3) x21 0x0000000000000011 c1_fflags 0x0000000000000017
core   0: 0x00000000800041fc (0x038e47bb) divw    a5, t3, s8
core   0: 1 0x00000000800041fc (0x038e47bb) x15 0x0000000000000000
core   0: 0x0000000080004200 (0x401a74d3) fcvt.s.d fs1, fs4
core   0: 1 0x0000000080004200 (0x401a74d3) c1_fflags 0x0000000000000017 f9  0xffffffff00000000
core   0: 0x0000000080004204 (0x2b0e9953) fmax.d  fs2, ft9, fa6
core   0: 1 0x0000000080004204 (0x2b0e9953) f18 0x7ff8000000000000
core   0: 0x0000000080004208 (0x0af97553) fsub.d  fa0, fs2, fa5
core   0: 1 0x0000000080004208 (0x0af97553) f10 0x7ff8000000000000
core   0: 0x000000008000420c (0x00892db3) slt     s11, s2, s0
core   0: 1 0x000000008000420c (0x00892db3) x27 0x0000000000000000
core   0: 0x0000000080004210 (0x224da453) fsgnjx.d fs0, fs11, ft4
core   0: 1 0x0000000080004210 (0x224da453) f8  0x7fffffff4f7147a4
core   0: 0x0000000080004214 (0xc2377353) fcvt.lu.d t1, fa4
core   0: 1 0x0000000080004214 (0xc2377353) c1_fflags 0x0000000000000017 x6  0xffffffffffffffff
core   0: 0x0000000080004218 (0x4263d513) srai    a0, t2, 38
core   0: 1 0x0000000080004218 (0x4263d513) x10 0x0000000000000000
core   0: 0x000000008000421c (0x22c99e53) fsgnjn.d ft8, fs3, fa2
core   0: 1 0x000000008000421c (0x22c99e53) f28 0xffffffff00000000
core   0: 0x0000000080004220 (0x14282073) csrrs   zero, scause, a6
core   0: 1 0x0000000080004220 (0x14282073) c322_scause 0x7ffffffffffff946
core   0: 0x0000000080004224 (0x031208b3) mul     a7, tp, a7
core   0: 1 0x0000000080004224 (0x031208b3) x17 0xaae04a3d08817bb4
core   0: 0x0000000080004228 (0x41aa5db3) sra     s11, s4, s10
core   0: 1 0x0000000080004228 (0x41aa5db3) x27 0x0000000000000000
core   0: 0x000000008000422c (0x22c12cd3) fsgnjx.d fs9, ft2, fa2
core   0: 1 0x000000008000422c (0x22c12cd3) f25 0xffffffff00000000
core   0: 0x0000000080004230 (0x401d549b) sraiw   s1, s10, 1
core   0: 1 0x0000000080004230 (0x401d549b) x9  0x0000000000000000
core   0: 0x0000000080004234 (0x4164811b) addiw   sp, s1, 1046
core   0: 1 0x0000000080004234 (0x4164811b) x2  0x0000000000000416
core   0: 0x0000000080004238 (0x2a0f9053) fmax.d  ft0, ft11, ft0
core   0: 1 0x0000000080004238 (0x2a0f9053) f0  0x7ff8000000000000
core   0: 0x000000008000423c (0xc2297b53) fcvt.l.d s6, fs2
core   0: 1 0x000000008000423c (0xc2297b53) c1_fflags 0x0000000000000017 x22 0x7fffffffffffffff
core   0: 0x0000000080004240 (0x01167233) and     tp, a2, a7
core   0: 1 0x0000000080004240 (0x01167233) x4  0x0000000000000a00
core   0: 0x0000000080004244 (0xd2120fd3) fcvt.d.wu ft11, tp
core   0: 1 0x0000000080004244 (0xd2120fd3) f31 0x40a4000000000000
core   0: 0x0000000080004248 (0xd22270d3) fcvt.d.l ft1, tp
core   0: 1 0x0000000080004248 (0xd22270d3) f1  0x40a4000000000000
core   0: 0x000000008000424c (0x00391c3b) sllw    s8, s2, gp
core   0: 1 0x000000008000424c (0x00391c3b) x24 0x00000000000a0000
core   0: 0x0000000080004250 (0x00fdedb3) or      s11, s11, a5
core   0: 1 0x0000000080004250 (0x00fdedb3) x27 0x0000000000000000
core   0: 0x0000000080004254 (0x0aa67553) fsub.d  fa0, fa2, fa0
core   0: 1 0x0000000080004254 (0x0aa67553) f10 0x7ff8000000000000
core   0: 0x0000000080004258 (0x001502bb) addw    t0, a0, ra
core   0: 1 0x0000000080004258 (0x001502bb) x5  0xffffffff80004014
core   0: 0x000000008000425c (0x015d551b) srliw   a0, s10, 21
core   0: 1 0x000000008000425c (0x015d551b) x10 0x0000000000000000
core   0: 0x0000000080004260 (0x00000001) c.nop
core   0: 1 0x0000000080004260 (0x0001)
core   0: 0x0000000080004262 (0x02729b93) slli    s7, t0, 39
core   0: 1 0x0000000080004262 (0x02729b93) x23 0x00200a0000000000
core   0: 0x0000000080004266 (0x6cf9e337) lui     t1, 0x6cf9e
core   0: 1 0x0000000080004266 (0x6cf9e337) x6  0x000000006cf9e000
core   0: 0x000000008000426a (0x020aab33) mulhsu  s6, s5, zero
core   0: 1 0x000000008000426a (0x020aab33) x22 0x0000000000000000
core   0: 0x000000008000426e (0x01f79e1b) slliw   t3, a5, 31
core   0: 1 0x000000008000426e (0x01f79e1b) x28 0x0000000000000000
core   0: 0x0000000080004272 (0x1b72fe53) fdiv.d  ft8, ft5, fs7
core   0: 1 0x0000000080004272 (0x1b72fe53) f28 0x7ff8000000000000
core   0: 0x0000000080004276 (0x00a351bb) srlw    gp, t1, a0
core   0: 1 0x0000000080004276 (0x00a351bb) x3  0x000000006cf9e000
core   0: 0x000000008000427a (0x003e6b33) or      s6, t3, gp
core   0: 1 0x000000008000427a (0x003e6b33) x22 0x000000006cf9e000
core   0: 0x000000008000427e (0x1b4bf6d3) fdiv.d  fa3, fs7, fs4
core   0: 1 0x000000008000427e (0x1b4bf6d3) f13 0x7ff8000000000000
core   0: 0x0000000080004282 (0xc22675d3) fcvt.l.d a1, fa2
core   0: 1 0x0000000080004282 (0xc22675d3) c1_fflags 0x0000000000000017 x11 0x7fffffffffffffff
core   0: 0x0000000080004286 (0xd0287c53) fcvt.s.l fs8, a6
core   0: 1 0x0000000080004286 (0xd0287c53) c1_fflags 0x0000000000000017 f24 0xffffffff5f000000
core   0: 0x000000008000428a (0xc231f553) fcvt.lu.d a0, ft3
core   0: 1 0x000000008000428a (0xc231f553) c1_fflags 0x0000000000000017 x10 0xffffffffffffffff
core   0: 0x000000008000428e (0x01352033) slt     zero, a0, s3
core   0: 1 0x000000008000428e (0x01352033)
core   0: 0x0000000080004292 (0xc21dfb53) fcvt.wu.d s6, fs11
core   0: 1 0x0000000080004292 (0xc21dfb53) c1_fflags 0x0000000000000017 x22 0xffffffffffffffff
core   0: 0x0000000080004296 (0x310fecf3) csrrsi  s9, mstatush, 31
core   0: exception trap_illegal_instruction, epc 0x0000000080004296
core   0:           tval 0x00000000310fecf3
core   0: >>>>  $xrv64i2p1_m2p0_a2p1_f2p2_d2p2_zicsr2p0_zifencei2p0_zmmul1p0_zba1p0_zbb1p0_zbc1p0_zbs1p0
core   0: 0x0000000080004000 (0x0080006f) j       pc + 0x8
core   0: 3 0x0000000080004000 (0x0080006f)
core   0: >>>>  mmode_exception_handler
core   0: 0x0000000080004008 (0x00002c17) auipc   s8, 0x2
core   0: 3 0x0000000080004008 (0x00002c17) x24 0x0000000080006008
core   0: 0x000000008000400c (0x006c0c13) addi    s8, s8, 6
core   0: 3 0x000000008000400c (0x006c0c13) x24 0x000000008000600e
core   0: 0x0000000080004010 (0x000c00e7) jalr    s8
core   0: 3 0x0000000080004010 (0x000c00e7) x1  0x0000000080004014
core   0: >>>>  any_handler
core   0: 0x000000008000600e (0x341027f3) csrrs   a5, mepc, zero
core   0: 3 0x000000008000600e (0x341027f3) x15 0x0000000080004296
core   0: 0x0000000080006012 (0x34202773) csrrs   a4, mcause, zero
core   0: 3 0x0000000080006012 (0x34202773) x14 0x0000000000000002
core   0: 0x0000000080006016 (0x142026f3) csrrs   a3, scause, zero
core   0: 3 0x0000000080006016 (0x142026f3) x13 0x7ffffffffffff946
core   0: 0x000000008000601a (0x30402673) csrrs   a2, mie, zero
core   0: 3 0x000000008000601a (0x30402673) x12 0x0000000000000a00
core   0: 0x000000008000601e (0x344025f3) csrrs   a1, mip, zero
core   0: 3 0x000000008000601e (0x344025f3) x11 0x0000000000000080
core   0: 0x0000000080006022 (0x343025f3) csrrs   a1, mtval, zero
core   0: 3 0x0000000080006022 (0x343025f3) x11 0x00000000310fecf3
core   0: 0x0000000080006026 (0x14302573) csrrs   a0, stval, zero
core   0: 3 0x0000000080006026 (0x14302573) x10 0x0000000000000000
core   0: 0x000000008000602a (0xb02024f3) csrrs   s1, minstret, zero
core   0: 3 0x000000008000602a (0xb02024f3) x9  0x00000000000008b4
core   0: 0x000000008000602e (0x0000a811) c.j     pc + 20
core   0: 3 0x000000008000602e (0xa811)
core   0: >>>>  mepc_4
core   0: 0x0000000080006042 (0x00000791) c.addi  a5, 4
core   0: 3 0x0000000080006042 (0x0791) x15 0x000000008000429a
core   0: 0x0000000080006044 (0x34179073) csrrw   zero, mepc, a5
core   0: 3 0x0000000080006044 (0x34179073) c833_mepc 0x000000008000429a
core   0: 0x0000000080006048 (0x30200073) mret
core   0: 3 0x0000000080006048 (0x30200073) c768_mstatus 0x8000000a00106080
core   0: 0x000000008000429a (0x042e28b7) lui     a7, 0x42e2
core   0: 1 0x000000008000429a (0x042e28b7) x17 0x00000000042e2000
core   0: 0x000000008000429e (0x2798889b) addiw   a7, a7, 633
core   0: 1 0x000000008000429e (0x2798889b) x17 0x00000000042e2279
core   0: 0x00000000800042a2 (0x000008b2) c.slli  a7, 12
core   0: 1 0x00000000800042a2 (0x08b2) x17 0x00000042e2279000
core   0: 0x00000000800042a4 (0xaa188893) addi    a7, a7, -1375
core   0: 1 0x00000000800042a4 (0xaa188893) x17 0x00000042e2278aa1
core   0: 0x00000000800042a8 (0x00000001) c.nop
core   0: 1 0x00000000800042a8 (0x0001)
core   0: 0x00000000800042aa (0x93afe517) auipc   a0, 0x93afe
core   0: 1 0x00000000800042aa (0x93afe517) x10 0x0000000013b022aa
core   0: 0x00000000800042ae (0xbda5019b) addiw   gp, a0, -1062
core   0: 1 0x00000000800042ae (0xbda5019b) x3  0x0000000013b01e84
core   0: 0x00000000800042b2 (0x418ed29b) sraiw   t0, t4, 24
core   0: 1 0x00000000800042b2 (0x418ed29b) x5  0xffffffffffffffff
core   0: 0x00000000800042b6 (0x143c9d73) csrrw   s10, stval, s9
core   0: 1 0x00000000800042b6 (0x143c9d73) x26 0x0000000000000000 c323_stval 0x000000008000600f
core   0: 0x00000000800042ba (0xc21dfad3) fcvt.wu.d s5, fs11
core   0: 1 0x00000000800042ba (0xc21dfad3) c1_fflags 0x0000000000000017 x21 0xffffffffffffffff
core   0: 0x00000000800042be (0x035a44b3) div     s1, s4, s5
core   0: 1 0x00000000800042be (0x035a44b3) x9  0x0000000000000000
core   0: 0x00000000800042c2 (0xc03078d3) fcvt.lu.s a7, ft0
core   0: 1 0x00000000800042c2 (0xc03078d3) c1_fflags 0x0000000000000017 x17 0xffffffffffffffff
core   0: 0x00000000800042c6 (0x00a2cbb3) xor     s7, t0, a0
core   0: 1 0x00000000800042c6 (0x00a2cbb3) x23 0xffffffffec4fdd55
core   0: 0x00000000800042ca (0x0058e333) or      t1, a7, t0
core   0: 1 0x00000000800042ca (0x0058e333) x6  0xffffffffffffffff
core   0: 0x00000000800042ce (0x00f3939b) slliw   t2, t2, 15
core   0: 1 0x00000000800042ce (0x00f3939b) x7  0x0000000000000000
core   0: 0x00000000800042d2 (0x021ab4b3) mulhu   s1, s5, ra
core   0: 1 0x00000000800042d2 (0x021ab4b3) x9  0x0000000080004013
core   0: 0x00000000800042d6 (0x222c2e53) fsgnjx.d ft8, fs8, ft2
core   0: 1 0x00000000800042d6 (0x222c2e53) f28 0x7fffffff5f000000
core   0: 0x00000000800042da (0xc23c78d3) fcvt.lu.d a7, fs8
core   0: 1 0x00000000800042da (0xc23c78d3) c1_fflags 0x0000000000000017 x17 0xffffffffffffffff
core   0: 0x00000000800042de (0x00000001) c.nop
core   0: 1 0x00000000800042de (0x0001)
core   0: 0x00000000800042e0 (0x005822b3) slt     t0, a6, t0
core   0: 1 0x00000000800042e0 (0x005822b3) x5  0x0000000000000000
core   0: 0x00000000800042e4 (0x01871abb) sllw    s5, a4, s8
core   0: 1 0x00000000800042e4 (0x01871abb) x21 0x0000000000008000
core   0: 0x00000000800042e8 (0x0bccf053) fsub.d  ft0, fs9, ft8
core   0: 1 0x00000000800042e8 (0x0bccf053) f0  0x7ff8000000000000
core   0: 0x00000000800042ec (0x00871eb3) sll     t4, a4, s0
core   0: 1 0x00000000800042ec (0x00871eb3) x29 0x0000000000000002
core   0: 0x00000000800042f0 (0x320d4793) xori    a5, s10, 800
core   0: 1 0x00000000800042f0 (0x320d4793) x15 0x0000000000000320
core   0: 0x00000000800042f4 (0xbf8e6393) ori     t2, t3, -1032
core   0: 1 0x00000000800042f4 (0xbf8e6393) x7  0xfffffffffffffbf8
core   0: 0x00000000800042f8 (0x13e37ad3) fmul.d  fs5, ft6, ft10
core   0: 1 0x00000000800042f8 (0x13e37ad3) f21 0x7ff8000000000000
core   0: 0x00000000800042fc (0x00778733) add     a4, a5, t2
core   0: 1 0x00000000800042fc (0x00778733) x14 0xffffffffffffff18
core   0: 0x0000000080004300 (0xd21484d3) fcvt.d.wu fs1, s1
core   0: 1 0x0000000080004300 (0xd21484d3) f9  0x41e0000802600000
core   0: 0x0000000080004304 (0x0321d833) divu    a6, gp, s2
core   0: 1 0x0000000080004304 (0x0321d833) x16 0x000000000001f803
core   0: 0x0000000080004308 (0xd0317fd3) fcvt.s.lu ft11, sp
core   0: 1 0x0000000080004308 (0xd0317fd3) f31 0xffffffff4482c000
core   0: 0x000000008000430c (0x00000001) c.nop
core   0: 1 0x000000008000430c (0x0001)
core   0: 0x000000008000430e (0x41a38ebb) subw    t4, t2, s10
core   0: 1 0x000000008000430e (0x41a38ebb) x29 0xfffffffffffffbf8
core   0: 0x0000000080004312 (0x2bc992d3) fmax.d  ft5, fs3, ft8
core   0: 1 0x0000000080004312 (0x2bc992d3) f5  0x7ff8000000000000
core   0: 0x0000000080004316 (0x03de07b3) mul     a5, t3, t4
core   0: 1 0x0000000080004316 (0x03de07b3) x15 0x0000000000000000
core   0: 0x000000008000431a (0xd2048c53) fcvt.d.w fs8, s1
core   0: 1 0x000000008000431a (0xd2048c53) f24 0xc1dfffeffb400000
core   0: 0x000000008000431e (0xd03e7253) fcvt.s.lu ft4, t3
core   0: 1 0x000000008000431e (0xd03e7253) f4  0xffffffff00000000
core   0: 0x0000000080004322 (0x0207c033) div     zero, a5, zero
core   0: 1 0x0000000080004322 (0x0207c033)
core   0: 0x0000000080004326 (0x0000848a) c.mv    s1, sp
core   0: 1 0x0000000080004326 (0x848a) x9  0x0000000000000416
core   0: 0x0000000080004328 (0xc20275d3) fcvt.w.d a1, ft4
core   0: 1 0x0000000080004328 (0xc20275d3) c1_fflags 0x0000000000000017 x11 0x000000007fffffff
core   0: 0x000000008000432c (0x03b591b3) mulh    gp, a1, s11
core   0: 1 0x000000008000432c (0x03b591b3) x3  0x0000000000000000
core   0: 0x0000000080004330 (0x23601b53) fsgnjn.d fs6, ft0, fs6
core   0: 1 0x0000000080004330 (0x23601b53) f22 0xfff8000000000000
core   0: 0x0000000080004334 (0x00725db3) srl     s11, tp, t2
core   0: 1 0x0000000080004334 (0x00725db3) x27 0x0000000000000000
core   0: 0x0000000080004338 (0x002027f3) csrrs   a5, frm, zero
core   0: 1 0x0000000080004338 (0x002027f3) x15 0x0000000000000000
core   0: 0x000000008000433c (0x40fedd3b) sraw    s10, t4, a5
core   0: 1 0x000000008000433c (0x40fedd3b) x26 0xfffffffffffffbf8
core   0: 0x0000000080004340 (0x40d9d693) srai    a3, s3, 13
core   0: 1 0x0000000080004340 (0x40d9d693) x13 0x0000000000000000
core   0: 0x0000000080004344 (0x420308d3) fcvt.d.s fa7, ft6
core   0: 1 0x0000000080004344 (0x420308d3) f17 0x7ff8000000000000
core   0: 0x0000000080004348 (0x01a4e4b3) or      s1, s1, s10
core   0: 1 0x0000000080004348 (0x01a4e4b3) x9  0xfffffffffffffffe
core   0: 0x000000008000434c (0xf1141b73) csrrw   s6, mvendorid, s0
core   0: exception trap_illegal_instruction, epc 0x000000008000434c
core   0:           tval 0x00000000f1141b73
core   0: >>>>  $xrv64i2p1_m2p0_a2p1_f2p2_d2p2_zicsr2p0_zifencei2p0_zmmul1p0_zba1p0_zbb1p0_zbc1p0_zbs1p0
core   0: 0x0000000080004000 (0x0080006f) j       pc + 0x8
core   0: 3 0x0000000080004000 (0x0080006f)
core   0: >>>>  mmode_exception_handler
core   0: 0x0000000080004008 (0x00002c17) auipc   s8, 0x2
core   0: 3 0x0000000080004008 (0x00002c17) x24 0x0000000080006008
core   0: 0x000000008000400c (0x006c0c13) addi    s8, s8, 6
core   0: 3 0x000000008000400c (0x006c0c13) x24 0x000000008000600e
core   0: 0x0000000080004010 (0x000c00e7) jalr    s8
core   0: 3 0x0000000080004010 (0x000c00e7) x1  0x0000000080004014
core   0: >>>>  any_handler
core   0: 0x000000008000600e (0x341027f3) csrrs   a5, mepc, zero
core   0: 3 0x000000008000600e (0x341027f3) x15 0x000000008000434c
core   0: 0x0000000080006012 (0x34202773) csrrs   a4, mcause, zero
core   0: 3 0x0000000080006012 (0x34202773) x14 0x0000000000000002
core   0: 0x0000000080006016 (0x142026f3) csrrs   a3, scause, zero
core   0: 3 0x0000000080006016 (0x142026f3) x13 0x7ffffffffffff946
core   0: 0x000000008000601a (0x30402673) csrrs   a2, mie, zero
core   0: 3 0x000000008000601a (0x30402673) x12 0x0000000000000a00
core   0: 0x000000008000601e (0x344025f3) csrrs   a1, mip, zero
core   0: 3 0x000000008000601e (0x344025f3) x11 0x0000000000000080
core   0: 0x0000000080006022 (0x343025f3) csrrs   a1, mtval, zero
core   0: 3 0x0000000080006022 (0x343025f3) x11 0x00000000f1141b73
core   0: 0x0000000080006026 (0x14302573) csrrs   a0, stval, zero
core   0: 3 0x0000000080006026 (0x14302573) x10 0x000000008000600f
core   0: 0x000000008000602a (0xb02024f3) csrrs   s1, minstret, zero
core   0: 3 0x000000008000602a (0xb02024f3) x9  0x00000000000008f3
core   0: 0x000000008000602e (0x0000a811) c.j     pc + 20
core   0: 3 0x000000008000602e (0xa811)
core   0: >>>>  mepc_4
core   0: 0x0000000080006042 (0x00000791) c.addi  a5, 4
core   0: 3 0x0000000080006042 (0x0791) x15 0x0000000080004350
core   0: 0x0000000080006044 (0x34179073) csrrw   zero, mepc, a5
core   0: 3 0x0000000080006044 (0x34179073) c833_mepc 0x0000000080004350
core   0: 0x0000000080006048 (0x30200073) mret
core   0: 3 0x0000000080006048 (0x30200073) c768_mstatus 0x8000000a00106080
core   0: 0x0000000080004350 (0x002022f3) csrrs   t0, frm, zero
core   0: 1 0x0000000080004350 (0x002022f3) x5  0x0000000000000000
core   0: 0x0000000080004354 (0x4009d813) srai    a6, s3, 0
core   0: 1 0x0000000080004354 (0x4009d813) x16 0x0000000000000000
core   0: 0x0000000080004358 (0x23dda4d3) fsgnjx.d fs1, fs11, ft9
core   0: 1 0x0000000080004358 (0x23dda4d3) f9  0x7fffffff4f7147a4
core   0: 0x000000008000435c (0x01a0d033) srl     zero, ra, s10
core   0: 1 0x000000008000435c (0x01a0d033)
core   0: 0x0000000080004360 (0x02db7b53) fadd.d  fs6, fs6, fa3
core   0: 1 0x0000000080004360 (0x02db7b53) f22 0x7ff8000000000000
core   0: 0x0000000080004364 (0xc026f6d3) fcvt.l.s a3, fa3
core   0: 1 0x0000000080004364 (0xc026f6d3) c1_fflags 0x0000000000000017 x13 0x7fffffffffffffff
core   0: 0x0000000080004368 (0x40a3d3bb) sraw    t2, t2, a0
core   0: 1 0x0000000080004368 (0x40a3d3bb) x7  0xffffffffffffffff
core   0: 0x000000008000436c (0xc235f253) fcvt.lu.d tp, fa1
core   0: 1 0x000000008000436c (0xc235f253) c1_fflags 0x0000000000000017 x4  0xffffffffffffffff
core   0: 0x0000000080004370 (0xa2ba87d3) fle.d   a5, fs5, fa1
core   0: 1 0x0000000080004370 (0xa2ba87d3) c1_fflags 0x0000000000000017 x15 0x0000000000000000
core   0: 0x0000000080004374 (0xd02179d3) fcvt.s.l fs3, sp
core   0: 1 0x0000000080004374 (0xd02179d3) f19 0xffffffff4482c000
core   0: 0x0000000080004378 (0x9bf9f4c7) fmsub.d fs1, fs3, ft11, fs3
core   0: 1 0x0000000080004378 (0x9bf9f4c7) f9  0x7ff8000000000000
core   0: 0x000000008000437c (0x0275d533) divu    a0, a1, t2
core   0: 1 0x000000008000437c (0x0275d533) x10 0x0000000000000000
core   0: 0x0000000080004380 (0x412cd933) sra     s2, s9, s2
core   0: 1 0x0000000080004380 (0x412cd933) x18 0x000000008000600f
core   0: 0x0000000080004384 (0x0a99fe53) fsub.d  ft8, fs3, fs1
core   0: 1 0x0000000080004384 (0x0a99fe53) f28 0x7ff8000000000000
core   0: 0x0000000080004388 (0x12c9f1d3) fmul.d  ft3, fs3, fa2
core   0: 1 0x0000000080004388 (0x12c9f1d3) f3  0x7ff8000000000000
core   0: 0x000000008000438c (0xe3cbf043) fmadd.d ft0, fs7, ft8, ft8
core   0: 1 0x000000008000438c (0xe3cbf043) f0  0x7ff8000000000000
core   0: 0x0000000080004390 (0x00111473) csrrw   s0, fflags, sp
core   0: 1 0x0000000080004390 (0x00111473) x8  0x0000000000000017 c1_fflags 0x0000000000000016
core   0: 0x0000000080004394 (0x00139d93) slli    s11, t2, 1
core   0: 1 0x0000000080004394 (0x00139d93) x27 0xfffffffffffffffe
core   0: 0x0000000080004398 (0x00e3c733) xor     a4, t2, a4
core   0: 1 0x0000000080004398 (0x00e3c733) x14 0xfffffffffffffffd
core   0: 0x000000008000439c (0x03936a3b) remw    s4, t1, s9
core   0: 1 0x000000008000439c (0x03936a3b) x20 0xffffffffffffffff
core   0: 0x00000000800043a0 (0x0a747c53) fsub.d  fs8, fs0, ft7
core   0: 1 0x00000000800043a0 (0x0a747c53) f24 0x7ff8000000000000
core   0: 0x00000000800043a4 (0x10693073) csrrc   zero, scounteren, s2
core   0: 1 0x00000000800043a4 (0x10693073) c262_scounteren 0x0000000000000000
core   0: 0x00000000800043a8 (0x02e575bb) remuw   a1, a0, a4
core   0: 1 0x00000000800043a8 (0x02e575bb) x11 0x0000000000000000
core   0: 0x00000000800043ac (0x001c0c93) addi    s9, s8, 1
core   0: 1 0x00000000800043ac (0x001c0c93) x25 0x000000008000600f
core   0: 0x00000000800043b0 (0x41dd0433) sub     s0, s10, t4
core   0: 1 0x00000000800043b0 (0x41dd0433) x8  0x0000000000000000
core   0: 0x00000000800043b4 (0x1b8c79d3) fdiv.d  fs3, fs8, fs8
core   0: 1 0x00000000800043b4 (0x1b8c79d3) f19 0x7ff8000000000000
core   0: 0x00000000800043b8 (0x7ff90613) addi    a2, s2, 2047
core   0: 1 0x00000000800043b8 (0x7ff90613) x12 0x000000008000680e
core   0: 0x00000000800043bc (0x01c3e133) or      sp, t2, t3
core   0: 1 0x00000000800043bc (0x01c3e133) x2  0xffffffffffffffff
core   0: 0x00000000800043c0 (0xa1e2c813) xori    a6, t0, -1506
core   0: 1 0x00000000800043c0 (0xa1e2c813) x16 0xfffffffffffffa1e
core   0: 0x00000000800043c4 (0x4100523b) sraw    tp, zero, a6
core   0: 1 0x00000000800043c4 (0x4100523b) x4  0x0000000000000000
core   0: 0x00000000800043c8 (0x0052543b) srlw    s0, tp, t0
core   0: 1 0x00000000800043c8 (0x0052543b) x8  0x0000000000000000
core   0: 0x00000000800043cc (0x028c63bb) remw    t2, s8, s0
core   0: 1 0x00000000800043cc (0x028c63bb) x7  0xffffffff8000600e
core   0: 0x00000000800043d0 (0x0014569b) srliw   a3, s0, 1
core   0: 1 0x00000000800043d0 (0x0014569b) x13 0x0000000000000000
core   0: 0x00000000800043d4 (0x001bde13) srli    t3, s7, 1
core   0: 1 0x00000000800043d4 (0x001bde13) x28 0x7ffffffff627eeaa
core   0: 0x00000000800043d8 (0x40b188b3) sub     a7, gp, a1
core   0: 1 0x00000000800043d8 (0x40b188b3) x17 0x0000000000000000
core   0: 0x00000000800043dc (0x13e8ff53) fmul.d  ft10, fa7, ft10
core   0: 1 0x00000000800043dc (0x13e8ff53) f30 0x7ff8000000000000
core   0: 0x00000000800043e0 (0x0394ecbb) remw    s9, s1, s9
core   0: 1 0x00000000800043e0 (0x0394ecbb) x25 0x00000000000008f3
core   0: 0x00000000800043e4 (0x0010d9b3) srl     s3, ra, ra
core   0: 1 0x00000000800043e4 (0x0010d9b3) x19 0x0000000000000800
core   0: 0x00000000800043e8 (0x00028b1b) sext.w  s6, t0
core   0: 1 0x00000000800043e8 (0x00028b1b) x22 0x0000000000000000
core   0: 0x00000000800043ec (0x406b82bb) subw    t0, s7, t1
core   0: 1 0x00000000800043ec (0x406b82bb) x5  0xffffffffec4fdd56
core   0: 0x00000000800043f0 (0x400ed61b) sraiw   a2, t4, 0
core   0: 1 0x00000000800043f0 (0x400ed61b) x12 0xfffffffffffffbf8
core   0: 0x00000000800043f4 (0x22f89853) fsgnjn.d fa6, fa7, fa5
core   0: 1 0x00000000800043f4 (0x22f89853) f16 0xfff8000000000000
core   0: 0x00000000800043f8 (0x22559153) fsgnjn.d ft2, fa1, ft5
core   0: 1 0x00000000800043f8 (0x22559153) f2  0xffffffff00000000
core   0: 0x00000000800043fc (0x1007a173) csrrs   sp, sstatus, a5
core   0: 1 0x00000000800043fc (0x1007a173) x2  0x8000000200006000 c768_mstatus 0x8000000a00106080
core   0: 0x0000000080004400 (0xc200f7d3) fcvt.w.d a5, ft1
core   0: 1 0x0000000080004400 (0xc200f7d3) x15 0x0000000000000a00
core   0: 0x0000000080004404 (0x001311f3) csrrw   gp, fflags, t1
core   0: 1 0x0000000080004404 (0x001311f3) x3  0x0000000000000016 c1_fflags 0x000000000000001f
core   0: 0x0000000080004408 (0xf130d673) csrrwi  a2, mimpid, 1
core   0: exception trap_illegal_instruction, epc 0x0000000080004408
core   0:           tval 0x00000000f130d673
core   0: >>>>  $xrv64i2p1_m2p0_a2p1_f2p2_d2p2_zicsr2p0_zifencei2p0_zmmul1p0_zba1p0_zbb1p0_zbc1p0_zbs1p0
core   0: 0x0000000080004000 (0x0080006f) j       pc + 0x8
core   0: 3 0x0000000080004000 (0x0080006f)
core   0: >>>>  mmode_exception_handler
core   0: 0x0000000080004008 (0x00002c17) auipc   s8, 0x2
core   0: 3 0x0000000080004008 (0x00002c17) x24 0x0000000080006008
core   0: 0x000000008000400c (0x006c0c13) addi    s8, s8, 6
core   0: 3 0x000000008000400c (0x006c0c13) x24 0x000000008000600e
core   0: 0x0000000080004010 (0x000c00e7) jalr    s8
core   0: 3 0x0000000080004010 (0x000c00e7) x1  0x0000000080004014
core   0: >>>>  any_handler
core   0: 0x000000008000600e (0x341027f3) csrrs   a5, mepc, zero
core   0: 3 0x000000008000600e (0x341027f3) x15 0x0000000080004408
core   0: 0x0000000080006012 (0x34202773) csrrs   a4, mcause, zero
core   0: 3 0x0000000080006012 (0x34202773) x14 0x0000000000000002
core   0: 0x0000000080006016 (0x142026f3) csrrs   a3, scause, zero
core   0: 3 0x0000000080006016 (0x142026f3) x13 0x7ffffffffffff946
core   0: 0x000000008000601a (0x30402673) csrrs   a2, mie, zero
core   0: 3 0x000000008000601a (0x30402673) x12 0x0000000000000a00
core   0: 0x000000008000601e (0x344025f3) csrrs   a1, mip, zero
core   0: 3 0x000000008000601e (0x344025f3) x11 0x0000000000000080
core   0: 0x0000000080006022 (0x343025f3) csrrs   a1, mtval, zero
core   0: 3 0x0000000080006022 (0x343025f3) x11 0x00000000f130d673
core   0: 0x0000000080006026 (0x14302573) csrrs   a0, stval, zero
core   0: 3 0x0000000080006026 (0x14302573) x10 0x000000008000600f
core   0: 0x000000008000602a (0xb02024f3) csrrs   s1, minstret, zero
core   0: 3 0x000000008000602a (0xb02024f3) x9  0x0000000000000931
core   0: 0x000000008000602e (0x0000a811) c.j     pc + 20
core   0: 3 0x000000008000602e (0xa811)
core   0: >>>>  mepc_4
core   0: 0x0000000080006042 (0x00000791) c.addi  a5, 4
core   0: 3 0x0000000080006042 (0x0791) x15 0x000000008000440c
core   0: 0x0000000080006044 (0x34179073) csrrw   zero, mepc, a5
core   0: 3 0x0000000080006044 (0x34179073) c833_mepc 0x000000008000440c
core   0: 0x0000000080006048 (0x30200073) mret
core   0: 3 0x0000000080006048 (0x30200073) c768_mstatus 0x8000000a00106080
core   0: 0x000000008000440c (0x40c502b3) sub     t0, a0, a2
core   0: 1 0x000000008000440c (0x40c502b3) x5  0x000000008000560f
core   0: 0x0000000080004410 (0x0001991b) slliw   s2, gp, 0
core   0: 1 0x0000000080004410 (0x0001991b) x18 0x0000000000000016
core   0: 0x0000000080004414 (0x0ff0000f) fence   iorw,iorw
core   0: 1 0x0000000080004414 (0x0ff0000f)
core   0: 0x0000000080004418 (0x28833a17) auipc   s4, 0x28833
core   0: 1 0x0000000080004418 (0x28833a17) x20 0x00000000a8837418
core   0: 0x000000008000441c (0x93ab0413) addi    s0, s6, -1734
core   0: 1 0x000000008000441c (0x93ab0413) x8  0xfffffffffffff93a
core   0: 0x0000000080004420 (0x02547233) remu    tp, s0, t0
core   0: 1 0x0000000080004420 (0x02547233) x4  0x0000000073b84cbe
core   0: 0x0000000080004424 (0x0042893b) addw    s2, t0, tp
core   0: 1 0x0000000080004424 (0x0042893b) x18 0xfffffffff3b8a2cd
core   0: 0x0000000080004428 (0x342d6273) csrrsi  tp, mcause, 26
core   0: exception trap_illegal_instruction, epc 0x0000000080004428
core   0:           tval 0x00000000342d6273
core   0: >>>>  $xrv64i2p1_m2p0_a2p1_f2p2_d2p2_zicsr2p0_zifencei2p0_zmmul1p0_zba1p0_zbb1p0_zbc1p0_zbs1p0
core   0: 0x0000000080004000 (0x0080006f) j       pc + 0x8
core   0: 3 0x0000000080004000 (0x0080006f)
core   0: >>>>  mmode_exception_handler
core   0: 0x0000000080004008 (0x00002c17) auipc   s8, 0x2
core   0: 3 0x0000000080004008 (0x00002c17) x24 0x0000000080006008
core   0: 0x000000008000400c (0x006c0c13) addi    s8, s8, 6
core   0: 3 0x000000008000400c (0x006c0c13) x24 0x000000008000600e
core   0: 0x0000000080004010 (0x000c00e7) jalr    s8
core   0: 3 0x0000000080004010 (0x000c00e7) x1  0x0000000080004014
core   0: >>>>  any_handler
core   0: 0x000000008000600e (0x341027f3) csrrs   a5, mepc, zero
core   0: 3 0x000000008000600e (0x341027f3) x15 0x0000000080004428
core   0: 0x0000000080006012 (0x34202773) csrrs   a4, mcause, zero
core   0: 3 0x0000000080006012 (0x34202773) x14 0x0000000000000002
core   0: 0x0000000080006016 (0x142026f3) csrrs   a3, scause, zero
core   0: 3 0x0000000080006016 (0x142026f3) x13 0x7ffffffffffff946
core   0: 0x000000008000601a (0x30402673) csrrs   a2, mie, zero
core   0: 3 0x000000008000601a (0x30402673) x12 0x0000000000000a00
core   0: 0x000000008000601e (0x344025f3) csrrs   a1, mip, zero
core   0: 3 0x000000008000601e (0x344025f3) x11 0x0000000000000080
core   0: 0x0000000080006022 (0x343025f3) csrrs   a1, mtval, zero
core   0: 3 0x0000000080006022 (0x343025f3) x11 0x00000000342d6273
core   0: 0x0000000080006026 (0x14302573) csrrs   a0, stval, zero
core   0: 3 0x0000000080006026 (0x14302573) x10 0x000000008000600f
core   0: 0x000000008000602a (0xb02024f3) csrrs   s1, minstret, zero
core   0: 3 0x000000008000602a (0xb02024f3) x9  0x0000000000000948
core   0: 0x000000008000602e (0x0000a811) c.j     pc + 20
core   0: 3 0x000000008000602e (0xa811)
core   0: >>>>  mepc_4
core   0: 0x0000000080006042 (0x00000791) c.addi  a5, 4
core   0: 3 0x0000000080006042 (0x0791) x15 0x000000008000442c
core   0: 0x0000000080006044 (0x34179073) csrrw   zero, mepc, a5
core   0: 3 0x0000000080006044 (0x34179073) c833_mepc 0x000000008000442c
core   0: 0x0000000080006048 (0x30200073) mret
core   0: 3 0x0000000080006048 (0x30200073) c768_mstatus 0x8000000a00106080
core   0: 0x000000008000442c (0xc2117dd3) fcvt.wu.d s11, ft2
core   0: 1 0x000000008000442c (0xc2117dd3) c1_fflags 0x000000000000001f x27 0xffffffffffffffff
core   0: 0x0000000080004430 (0x036dcb3b) divw    s6, s11, s6
core   0: 1 0x0000000080004430 (0x036dcb3b) x22 0xffffffffffffffff
core   0: 0x0000000080004434 (0x41f6561b) sraiw   a2, a2, 31
core   0: 1 0x0000000080004434 (0x41f6561b) x12 0x0000000000000000
core   0: 0x0000000080004438 (0x401ed493) srai    s1, t4, 1
core   0: 1 0x0000000080004438 (0x401ed493) x9  0xfffffffffffffdfc
core   0: 0x000000008000443c (0x01891b33) sll     s6, s2, s8
core   0: 1 0x000000008000443c (0x01891b33) x22 0xfffffcee28b34000
core   0: 0x0000000080004440 (0x00dc26b3) slt     a3, s8, a3
core   0: 1 0x0000000080004440 (0x00dc26b3) x13 0x0000000000000001
core   0: 0x0000000080004444 (0x12247853) fmul.d  fa6, fs0, ft2
core   0: 1 0x0000000080004444 (0x12247853) f16 0x7ff8000000000000
core   0: 0x0000000080004448 (0x01f3d91b) srliw   s2, t2, 31
core   0: 1 0x0000000080004448 (0x01f3d91b) x18 0x0000000000000001
core   0: 0x000000008000444c (0xab0ff547) fmsub.d fa0, ft11, fa6, fs5
core   0: 1 0x000000008000444c (0xab0ff547) f10 0x7ff8000000000000
core   0: 0x0000000080004450 (0x0148fa33) and     s4, a7, s4
core   0: 1 0x0000000080004450 (0x0148fa33) x20 0x0000000000000000
core   0: 0x0000000080004454 (0x5d976e17) auipc   t3, 0x5d976
core   0: 1 0x0000000080004454 (0x5d976e17) x28 0x00000000dd97a454
core   0: 0x0000000080004458 (0x03c11133) mulh    sp, sp, t3
core   0: 1 0x0000000080004458 (0x03c11133) x2  0xffffffff91342dd7
core   0: 0x000000008000445c (0xc21d7353) fcvt.wu.d t1, fs10
core   0: 1 0x000000008000445c (0xc21d7353) c1_fflags 0x000000000000001f x6  0xffffffffffffffff
core   0: 0x0000000080004460 (0x023343b3) div     t2, t1, gp
core   0: 1 0x0000000080004460 (0x023343b3) x7  0x0000000000000000
core   0: 0x0000000080004464 (0x403e8a33) sub     s4, t4, gp
core   0: 1 0x0000000080004464 (0x403e8a33) x20 0xfffffffffffffbe2
core   0: 0x0000000080004468 (0xa37f8253) fle.d   tp, ft11, fs7
core   0: 1 0x0000000080004468 (0xa37f8253) c1_fflags 0x000000000000001f x4  0x0000000000000000
core   0: 0x000000008000446c (0x929579c7) fmsub.d fs3, fa0, fs1, fs2
core   0: 1 0x000000008000446c (0x929579c7) f19 0x7ff8000000000000
core   0: 0x0000000080004470 (0x4009d013) srai    zero, s3, 0
core   0: 1 0x0000000080004470 (0x4009d013)
core   0: 0x0000000080004474 (0x00171373) csrrw   t1, fflags, a4
core   0: 1 0x0000000080004474 (0x00171373) x6  0x000000000000001f c1_fflags 0x0000000000000002
core   0: 0x0000000080004478 (0x01bd71b3) and     gp, s10, s11
core   0: 1 0x0000000080004478 (0x01bd71b3) x3  0xfffffffffffffbf8
core   0: 0x000000008000447c (0x0031d33b) srlw    t1, gp, gp
core   0: 1 0x000000008000447c (0x0031d33b) x6  0x00000000000000ff
core   0: 0x0000000080004480 (0x4062063b) subw    a2, tp, t1
core   0: 1 0x0000000080004480 (0x4062063b) x12 0xffffffffffffff01
core   0: 0x0000000080004484 (0x1affffd3) fdiv.d  ft11, ft11, fa5
core   0: 1 0x0000000080004484 (0x1affffd3) f31 0x7ff8000000000000
core   0: 0x0000000080004488 (0x0160aab3) slt     s5, ra, s6
core   0: 1 0x0000000080004488 (0x0160aab3) x21 0x0000000000000000
core   0: 0x000000008000448c (0x0090d13b) srlw    sp, ra, s1
core   0: 1 0x000000008000448c (0x0090d13b) x2  0x0000000000000008
core   0: 0x0000000080004490 (0x02b5e5bb) remw    a1, a1, a1
core   0: 1 0x0000000080004490 (0x02b5e5bb) x11 0x0000000000000000
core   0: 0x0000000080004494 (0x78a56513) ori     a0, a0, 1930
core   0: 1 0x0000000080004494 (0x78a56513) x10 0x000000008000678f
core   0: 0x0000000080004498 (0xd20d8653) fcvt.d.w fa2, s11
core   0: 1 0x0000000080004498 (0xd20d8653) f12 0xbff0000000000000
core   0: 0x000000008000449c (0x005278b3) and     a7, tp, t0
core   0: 1 0x000000008000449c (0x005278b3) x17 0x0000000000000000
core   0: 0x00000000800044a0 (0x03525bb3) divu    s7, tp, s5
core   0: 1 0x00000000800044a0 (0x03525bb3) x23 0xffffffffffffffff
core   0: 0x00000000800044a4 (0xc024f153) fcvt.l.s sp, fs1
core   0: 1 0x00000000800044a4 (0xc024f153) c1_fflags 0x0000000000000012 x2  0x7fffffffffffffff
core   0: 0x00000000800044a8 (0x00117293) andi    t0, sp, 1
core   0: 1 0x00000000800044a8 (0x00117293) x5  0x0000000000000001
core   0: 0x00000000800044ac (0xd0bed097) auipc   ra, 0xd0bed
core   0: 1 0x00000000800044ac (0xd0bed097) x1  0x0000000050bf14ac
core   0: 0x00000000800044b0 (0x02f73033) mulhu   zero, a4, a5
core   0: 1 0x00000000800044b0 (0x02f73033)
core   0: 0x00000000800044b4 (0x417edbbb) sraw    s7, t4, s7
core   0: 1 0x00000000800044b4 (0x417edbbb) x23 0xffffffffffffffff
core   0: 0x00000000800044b8 (0x0005811b) sext.w  sp, a1
core   0: 1 0x00000000800044b8 (0x0005811b) x2  0x0000000000000000
core   0: 0x00000000800044bc (0x03c372d3) fadd.d  ft5, ft6, ft8
core   0: 1 0x00000000800044bc (0x03c372d3) f5  0x7ff8000000000000
core   0: 0x00000000800044c0 (0x7336754f) fnmadd.d fa0, fa2, fs3, fa4
core   0: 1 0x00000000800044c0 (0x7336754f) f10 0x7ff8000000000000
core   0: 0x00000000800044c4 (0x23420a53) fsgnj.d fs4, ft4, fs4
core   0: 1 0x00000000800044c4 (0x23420a53) f20 0x7fffffff00000000
core   0: 0x00000000800044c8 (0x01ed501b) srliw   zero, s10, 30
core   0: 1 0x00000000800044c8 (0x01ed501b)
core   0: 0x00000000800044cc (0x40b58a3b) subw    s4, a1, a1
core   0: 1 0x00000000800044cc (0x40b58a3b) x20 0x0000000000000000
core   0: 0x00000000800044d0 (0xc03774d3) fcvt.lu.s s1, fa4
core   0: 1 0x00000000800044d0 (0xc03774d3) x9  0x0000000000000000
core   0: 0x00000000800044d4 (0xc00e18f3) csrrw   a7, cycle, t3
core   0: exception trap_illegal_instruction, epc 0x00000000800044d4
core   0:           tval 0x00000000c00e18f3
core   0: >>>>  $xrv64i2p1_m2p0_a2p1_f2p2_d2p2_zicsr2p0_zifencei2p0_zmmul1p0_zba1p0_zbb1p0_zbc1p0_zbs1p0
core   0: 0x0000000080004000 (0x0080006f) j       pc + 0x8
core   0: 3 0x0000000080004000 (0x0080006f)
core   0: >>>>  mmode_exception_handler
core   0: 0x0000000080004008 (0x00002c17) auipc   s8, 0x2
core   0: 3 0x0000000080004008 (0x00002c17) x24 0x0000000080006008
core   0: 0x000000008000400c (0x006c0c13) addi    s8, s8, 6
core   0: 3 0x000000008000400c (0x006c0c13) x24 0x000000008000600e
core   0: 0x0000000080004010 (0x000c00e7) jalr    s8
core   0: 3 0x0000000080004010 (0x000c00e7) x1  0x0000000080004014
core   0: >>>>  any_handler
core   0: 0x000000008000600e (0x341027f3) csrrs   a5, mepc, zero
core   0: 3 0x000000008000600e (0x341027f3) x15 0x00000000800044d4
core   0: 0x0000000080006012 (0x34202773) csrrs   a4, mcause, zero
core   0: 3 0x0000000080006012 (0x34202773) x14 0x0000000000000002
core   0: 0x0000000080006016 (0x142026f3) csrrs   a3, scause, zero
core   0: 3 0x0000000080006016 (0x142026f3) x13 0x7ffffffffffff946
core   0: 0x000000008000601a (0x30402673) csrrs   a2, mie, zero
core   0: 3 0x000000008000601a (0x30402673) x12 0x0000000000000a00
core   0: 0x000000008000601e (0x344025f3) csrrs   a1, mip, zero
core   0: 3 0x000000008000601e (0x344025f3) x11 0x0000000000000080
core   0: 0x0000000080006022 (0x343025f3) csrrs   a1, mtval, zero
core   0: 3 0x0000000080006022 (0x343025f3) x11 0x00000000c00e18f3
core   0: 0x0000000080006026 (0x14302573) csrrs   a0, stval, zero
core   0: 3 0x0000000080006026 (0x14302573) x10 0x000000008000600f
core   0: 0x000000008000602a (0xb02024f3) csrrs   s1, minstret, zero
core   0: 3 0x000000008000602a (0xb02024f3) x9  0x0000000000000982
core   0: 0x000000008000602e (0x0000a811) c.j     pc + 20
core   0: 3 0x000000008000602e (0xa811)
core   0: >>>>  mepc_4
core   0: 0x0000000080006042 (0x00000791) c.addi  a5, 4
core   0: 3 0x0000000080006042 (0x0791) x15 0x00000000800044d8
core   0: 0x0000000080006044 (0x34179073) csrrw   zero, mepc, a5
core   0: 3 0x0000000080006044 (0x34179073) c833_mepc 0x00000000800044d8
core   0: 0x0000000080006048 (0x30200073) mret
core   0: 3 0x0000000080006048 (0x30200073) c768_mstatus 0x8000000a00106080
core   0: 0x00000000800044d8 (0x0b001d37) lui     s10, 0xb001
core   0: 1 0x00000000800044d8 (0x0b001d37) x26 0x000000000b001000
core   0: 0x00000000800044dc (0x1210f0d3) fmul.d  ft1, ft1, ft1
core   0: 1 0x00000000800044dc (0x1210f0d3) f1  0x4159000000000000
core   0: 0x00000000800044e0 (0x00000001) c.nop
core   0: 1 0x00000000800044e0 (0x0001)
core   0: 0x00000000800044e2 (0x4b460237) lui     tp, 0x4b460
core   0: 1 0x00000000800044e2 (0x4b460237) x4  0x000000004b460000
core   0: 0x00000000800044e6 (0x404d8db3) sub     s11, s11, tp
core   0: 1 0x00000000800044e6 (0x404d8db3) x27 0xffffffffb4b9ffff
core   0: 0x00000000800044ea (0xa3e803d3) fle.d   t2, fa6, ft10
core   0: 1 0x00000000800044ea (0xa3e803d3) c1_fflags 0x0000000000000012 x7  0x0000000000000000
core   0: 0x00000000800044ee (0x103ccc93) xori    s9, s9, 259
core   0: 1 0x00000000800044ee (0x103ccc93) x25 0x00000000000009f0
core   0: 0x00000000800044f2 (0xd23cf753) fcvt.d.lu fa4, s9
core   0: 1 0x00000000800044f2 (0xd23cf753) f14 0x40a3e00000000000
core   0: 0x00000000800044f6 (0xd20c0353) fcvt.d.w ft6, s8
core   0: 1 0x00000000800044f6 (0xd20c0353) f6  0xc1dfffe7fc800000
core   0: 0x00000000800044fa (0x435d5693) srai    a3, s10, 53
core   0: 1 0x00000000800044fa (0x435d5693) x13 0x0000000000000000
core   0: 0x00000000800044fe (0xc03e77d3) fcvt.lu.s a5, ft8
core   0: 1 0x00000000800044fe (0xc03e77d3) c1_fflags 0x0000000000000012 x15 0xffffffffffffffff
core   0: 0x0000000080004502 (0x01fcdc9b) srliw   s9, s9, 31
core   0: 1 0x0000000080004502 (0x01fcdc9b) x25 0x0000000000000000
core   0: 0x0000000080004506 (0x42070053) fcvt.d.s ft0, fa4
core   0: 1 0x0000000080004506 (0x42070053) f0  0x7ff8000000000000
core   0: 0x000000008000450a (0x10a3f073) csrrci  zero, senvcfg, 7
core   0: 1 0x000000008000450a (0x10a3f073) c266_senvcfg 0x0000000000000000
core   0: 0x000000008000450e (0x027783bb) mulw    t2, a5, t2
core   0: 1 0x000000008000450e (0x027783bb) x7  0x0000000000000000
core   0: 0x0000000080004512 (0x03bdbdb3) mulhu   s11, s11, s11
core   0: 1 0x0000000080004512 (0x03bdbdb3) x27 0xffffffff6973fffe
core   0: 0x0000000080004516 (0x01b75133) srl     sp, a4, s11
core   0: 1 0x0000000080004516 (0x01b75133) x2  0x0000000000000000
core   0: 0x000000008000451a (0x0221a1b3) mulhsu  gp, gp, sp
core   0: 1 0x000000008000451a (0x0221a1b3) x3  0x0000000000000000
core   0: 0x000000008000451e (0xc02474d3) fcvt.l.s s1, fs0
core   0: 1 0x000000008000451e (0xc02474d3) c1_fflags 0x0000000000000012 x9  0x7fffffffffffffff
core   0: 0x0000000080004522 (0x00000001) c.nop
core   0: 1 0x0000000080004522 (0x0001)
core   0: 0x0000000080004524 (0x008aeab3) or      s5, s5, s0
core   0: 1 0x0000000080004524 (0x008aeab3) x21 0xfffffffffffff93a
core   0: 0x0000000080004528 (0x03c47e4f) fnmadd.d ft8, fs0, ft8, ft0
core   0: 1 0x0000000080004528 (0x03c47e4f) f28 0x7ff8000000000000
core   0: 0x000000008000452c (0x1b5e72d3) fdiv.d  ft5, ft8, fs5
core   0: 1 0x000000008000452c (0x1b5e72d3) f5  0x7ff8000000000000
core   0: 0x0000000080004530 (0xe20e0353) fmv.x.d t1, ft8
core   0: 1 0x0000000080004530 (0xe20e0353) x6  0x7ff8000000000000
core   0: 0x0000000080004534 (0xd2247dd3) fcvt.d.l fs11, s0
core   0: 1 0x0000000080004534 (0xd2247dd3) f27 0xc09b180000000000
core   0: 0x0000000080004538 (0x02d8e83b) remw    a6, a7, a3
core   0: 1 0x0000000080004538 (0x02d8e83b) x16 0x0000000000000000
core   0: 0x000000008000453c (0x01bc6d93) ori     s11, s8, 27
core   0: 1 0x000000008000453c (0x01bc6d93) x27 0x000000008000601f
core   0: 0x0000000080004540 (0x51db8817) auipc   a6, 0x51db8
core   0: 1 0x0000000080004540 (0x51db8817) x16 0x00000000d1dbc540
core   0: 0x0000000080004544 (0x00000001) c.nop
core   0: 1 0x0000000080004544 (0x0001)
core   0: 0x0000000080004546 (0x0ab5f4d3) fsub.d  fs1, fa1, fa1
core   0: 1 0x0000000080004546 (0x0ab5f4d3) f9  0x7ff8000000000000
core   0: 0x000000008000454a (0x400d8033) sub     zero, s11, zero
core   0: 1 0x000000008000454a (0x400d8033)
core   0: 0x000000008000454e (0xd2180ed3) fcvt.d.wu ft9, a6
core   0: 1 0x000000008000454e (0xd2180ed3) f29 0x41ea3b78a8000000
core   0: 0x0000000080004552 (0x024a6bbb) remw    s7, s4, tp
core   0: 1 0x0000000080004552 (0x024a6bbb) x23 0x0000000000000000
core   0: 0x0000000080004556 (0x003186bb) addw    a3, gp, gp
core   0: 1 0x0000000080004556 (0x003186bb) x13 0x0000000000000000
core   0: 0x000000008000455a (0xe2cff84f) fnmadd.d fa6, ft11, fa2, ft8
core   0: 1 0x000000008000455a (0xe2cff84f) f16 0x7ff8000000000000
core   0: 0x000000008000455e (0x00710e3b) addw    t3, sp, t2
core   0: 1 0x000000008000455e (0x00710e3b) x28 0x0000000000000000
core   0: 0x0000000080004562 (0x00000001) c.nop
core   0: 1 0x0000000080004562 (0x0001)
core   0: 0x0000000080004564 (0x0061a433) slt     s0, gp, t1
core   0: 1 0x0000000080004564 (0x0061a433) x8  0x0000000000000001
core   0: 0x0000000080004568 (0x00ee159b) slliw   a1, t3, 14
core   0: 1 0x0000000080004568 (0x00ee159b) x11 0x0000000000000000
core   0: 0x000000008000456c (0x12587d53) fmul.d  fs10, fa6, ft5
core   0: 1 0x000000008000456c (0x12587d53) f26 0x7ff8000000000000
core   0: 0x0000000080004570 (0x0094563b) srlw    a2, s0, s1
core   0: 1 0x0000000080004570 (0x0094563b) x12 0x0000000000000000
core   0: 0x0000000080004574 (0x23551553) fsgnjn.d fa0, fa0, fs5
core   0: 1 0x0000000080004574 (0x23551553) f10 0xfff8000000000000
core   0: 0x0000000080004578 (0x00b55a1b) srliw   s4, a0, 11
core   0: 1 0x0000000080004578 (0x00b55a1b) x20 0x000000000010000c
core   0: 0x000000008000457c (0xd23a7b53) fcvt.d.lu fs6, s4
core   0: 1 0x000000008000457c (0xd23a7b53) f22 0x4130000c00000000
core   0: 0x0000000080004580 (0x028a1793) slli    a5, s4, 40
core   0: 1 0x0000000080004580 (0x028a1793) x15 0x10000c0000000000
core   0: 0x0000000080004584 (0x20374037) lui     zero, 0x20374
core   0: 1 0x0000000080004584 (0x20374037)
core   0: 0x0000000080004588 (0x00000001) c.nop
core   0: 1 0x0000000080004588 (0x0001)
core   0: 0x000000008000458a (0x1b60f64b) fnmsub.d fa2, ft1, fs6, ft3
core   0: 1 0x000000008000458a (0x1b60f64b) f12 0x7ff8000000000000
core   0: 0x000000008000458e (0xc03cf9d3) fcvt.lu.s s3, fs9
core   0: 1 0x000000008000458e (0xc03cf9d3) x19 0x0000000000000000
core   0: 0x0000000080004592 (0x2b0790d3) fmax.d  ft1, fa5, fa6
core   0: 1 0x0000000080004592 (0x2b0790d3) f1  0x7ff8000000000000
core   0: 0x0000000080004596 (0x0148171b) slliw   a4, a6, 20
core   0: 1 0x0000000080004596 (0x0148171b) x14 0x0000000054000000
core   0: 0x000000008000459a (0x30ee4913) xori    s2, t3, 782
core   0: 1 0x000000008000459a (0x30ee4913) x18 0x000000000000030e
core   0: 0x000000008000459e (0x10093473) csrrc   s0, sstatus, s2
core   0: 1 0x000000008000459e (0x10093473) x8  0x8000000200006000 c768_mstatus 0x8000000a00106080
core   0: 0x00000000800045a2 (0x41bd8c33) sub     s8, s11, s11
core   0: 1 0x00000000800045a2 (0x41bd8c33) x24 0x0000000000000000
core   0: 0x00000000800045a6 (0x028511b3) mulh    gp, a0, s0
core   0: 1 0x00000000800045a6 (0x028511b3) x3  0xffffffffbfffcff9
core   0: 0x00000000800045aa (0x420f0653) fcvt.d.s fa2, ft10
core   0: 1 0x00000000800045aa (0x420f0653) f12 0x7ff8000000000000
core   0: 0x00000000800045ae (0x001c13f3) csrrw   t2, fflags, s8
core   0: 1 0x00000000800045ae (0x001c13f3) x7  0x0000000000000012 c1_fflags 0x0000000000000000
core   0: 0x00000000800045b2 (0x03645eb3) divu    t4, s0, s6
core   0: 1 0x00000000800045b2 (0x03645eb3) x29 0x0000000000000000
core   0: 0x00000000800045b6 (0x0003d2b3) srl     t0, t2, zero
core   0: 1 0x00000000800045b6 (0x0003d2b3) x5  0x0000000000000012
core   0: 0x00000000800045ba (0x4b20f4c7) fmsub.d fs1, ft1, fs2, fs1
core   0: 1 0x00000000800045ba (0x4b20f4c7) f9  0x7ff8000000000000
core   0: 0x00000000800045be (0x405b5533) sra     a0, s6, t0
core   0: 1 0x00000000800045be (0x405b5533) x10 0xffffffffff3b8a2c
core   0: 0x00000000800045c2 (0x01a01d33) sll     s10, zero, s10
core   0: 1 0x00000000800045c2 (0x01a01d33) x26 0x0000000000000000
core   0: 0x00000000800045c6 (0x01a3e833) or      a6, t2, s10
core   0: 1 0x00000000800045c6 (0x01a3e833) x16 0x0000000000000012
core   0: 0x00000000800045ca (0x0103153b) sllw    a0, t1, a6
core   0: 1 0x00000000800045ca (0x0103153b) x10 0x0000000000000000
core   0: 0x00000000800045ce (0x00d3d9b3) srl     s3, t2, a3
core   0: 1 0x00000000800045ce (0x00d3d9b3) x19 0x0000000000000012
core   0: 0x00000000800045d2 (0x2b430253) fmin.d  ft4, ft6, fs4
core   0: 1 0x00000000800045d2 (0x2b430253) f4  0xc1dfffe7fc800000
core   0: 0x00000000800045d6 (0x02b075c3) fmadd.d fa1, ft0, fa1, ft0
core   0: 1 0x00000000800045d6 (0x02b075c3) f11 0x7ff8000000000000
core   0: 0x00000000800045da (0x0328e8b3) rem     a7, a7, s2
core   0: 1 0x00000000800045da (0x0328e8b3) x17 0x0000000000000000
core   0: 0x00000000800045de (0x02f993b3) mulh    t2, s3, a5
core   0: 1 0x00000000800045de (0x02f993b3) x7  0x0000000000000001
core   0: 0x00000000800045e2 (0x0235dc3b) divuw   s8, a1, gp
core   0: 1 0x00000000800045e2 (0x0235dc3b) x24 0x0000000000000000
core   0: 0x00000000800045e6 (0x01721cbb) sllw    s9, tp, s7
core   0: 1 0x00000000800045e6 (0x01721cbb) x25 0x000000004b460000
core   0: 0x00000000800045ea (0x0ff0000f) fence   iorw,iorw
core   0: 1 0x00000000800045ea (0x0ff0000f)
core   0: 0x00000000800045ee (0x0ff0000f) fence   iorw,iorw
core   0: 1 0x00000000800045ee (0x0ff0000f)
core   0: 0x00000000800045f2 (0x22b52553) fsgnjx.d fa0, fa0, fa1
core   0: 1 0x00000000800045f2 (0x22b52553) f10 0xfff8000000000000
core   0: 0x00000000800045f6 (0x4010d69b) sraiw   a3, ra, 1
core   0: 1 0x00000000800045f6 (0x4010d69b) x13 0xffffffffc000200a
core   0: 0x00000000800045fa (0x004b65b3) or      a1, s6, tp
core   0: 1 0x00000000800045fa (0x004b65b3) x11 0xfffffcee6bf74000
core   0: 0x00000000800045fe (0xc02c75d3) fcvt.l.s a1, fs8
core   0: 1 0x00000000800045fe (0xc02c75d3) c1_fflags 0x0000000000000010 x11 0x7fffffffffffffff
core   0: 0x0000000080004602 (0x033e72b3) remu    t0, t3, s3
core   0: 1 0x0000000080004602 (0x033e72b3) x5  0x0000000000000000
core   0: 0x0000000080004606 (0x00000001) c.nop
core   0: 1 0x0000000080004606 (0x0001)
core   0: 0x0000000080004608 (0x001910f3) csrrw   ra, fflags, s2
core   0: 1 0x0000000080004608 (0x001910f3) x1  0x0000000000000010 c1_fflags 0x000000000000000e
core   0: 0x000000008000460c (0x00000001) c.nop
core   0: 1 0x000000008000460c (0x0001)
core   0: 0x000000008000460e (0x0006d09b) srliw   ra, a3, 0
core   0: 1 0x000000008000460e (0x0006d09b) x1  0xffffffffc000200a
core   0: 0x0000000080004612 (0x01da6a33) or      s4, s4, t4
core   0: 1 0x0000000080004612 (0x01da6a33) x20 0x000000000010000c
core   0: 0x0000000080004616 (0xd20c0ed3) fcvt.d.w ft9, s8
core   0: 1 0x0000000080004616 (0xd20c0ed3) f29 0x0000000000000000
core   0: 0x000000008000461a (0xd21e8e53) fcvt.d.wu ft8, t4
core   0: 1 0x000000008000461a (0xd21e8e53) f28 0x0000000000000000
core   0: 0x000000008000461e (0x00000001) c.nop
core   0: 1 0x000000008000461e (0x0001)
core   0: 0x0000000080004620 (0x018a24b3) slt     s1, s4, s8
core   0: 1 0x0000000080004620 (0x018a24b3) x9  0x0000000000000000
core   0: 0x0000000080004624 (0x0f3c6993) ori     s3, s8, 243
core   0: 1 0x0000000080004624 (0x0f3c6993) x19 0x00000000000000f3
core   0: 0x0000000080004628 (0xc2357953) fcvt.lu.d s2, fa0
core   0: 1 0x0000000080004628 (0xc2357953) c1_fflags 0x000000000000001e x18 0xffffffffffffffff
core   0: 0x000000008000462c (0x00161d9b) slliw   s11, a2, 1
core   0: 1 0x000000008000462c (0x00161d9b) x27 0x0000000000000000
core   0: 0x0000000080004630 (0xdf587e97) auipc   t4, 0xdf587
core   0: 1 0x0000000080004630 (0xdf587e97) x29 0x000000005f58b630
core   0: 0x0000000080004634 (0x23051753) fsgnjn.d fa4, fa0, fa6
core   0: 1 0x0000000080004634 (0x23051753) f14 0xfff8000000000000
core   0: 0x0000000080004638 (0xf1155af3) csrrwi  s5, mvendorid, 10
core   0: exception trap_illegal_instruction, epc 0x0000000080004638
core   0:           tval 0x00000000f1155af3
core   0: >>>>  $xrv64i2p1_m2p0_a2p1_f2p2_d2p2_zicsr2p0_zifencei2p0_zmmul1p0_zba1p0_zbb1p0_zbc1p0_zbs1p0
core   0: 0x0000000080004000 (0x0080006f) j       pc + 0x8
core   0: 3 0x0000000080004000 (0x0080006f)
core   0: >>>>  mmode_exception_handler
core   0: 0x0000000080004008 (0x00002c17) auipc   s8, 0x2
core   0: 3 0x0000000080004008 (0x00002c17) x24 0x0000000080006008
core   0: 0x000000008000400c (0x006c0c13) addi    s8, s8, 6
core   0: 3 0x000000008000400c (0x006c0c13) x24 0x000000008000600e
core   0: 0x0000000080004010 (0x000c00e7) jalr    s8
core   0: 3 0x0000000080004010 (0x000c00e7) x1  0x0000000080004014
core   0: >>>>  any_handler
core   0: 0x000000008000600e (0x341027f3) csrrs   a5, mepc, zero
core   0: 3 0x000000008000600e (0x341027f3) x15 0x0000000080004638
core   0: 0x0000000080006012 (0x34202773) csrrs   a4, mcause, zero
core   0: 3 0x0000000080006012 (0x34202773) x14 0x0000000000000002
core   0: 0x0000000080006016 (0x142026f3) csrrs   a3, scause, zero
core   0: 3 0x0000000080006016 (0x142026f3) x13 0x7ffffffffffff946
core   0: 0x000000008000601a (0x30402673) csrrs   a2, mie, zero
core   0: 3 0x000000008000601a (0x30402673) x12 0x0000000000000a00
core   0: 0x000000008000601e (0x344025f3) csrrs   a1, mip, zero
core   0: 3 0x000000008000601e (0x344025f3) x11 0x0000000000000080
core   0: 0x0000000080006022 (0x343025f3) csrrs   a1, mtval, zero
core   0: 3 0x0000000080006022 (0x343025f3) x11 0x00000000f1155af3
core   0: 0x0000000080006026 (0x14302573) csrrs   a0, stval, zero
core   0: 3 0x0000000080006026 (0x14302573) x10 0x000000008000600f
core   0: 0x000000008000602a (0xb02024f3) csrrs   s1, minstret, zero
core   0: 3 0x000000008000602a (0xb02024f3) x9  0x00000000000009ee
core   0: 0x000000008000602e (0x0000a811) c.j     pc + 20
core   0: 3 0x000000008000602e (0xa811)
core   0: >>>>  mepc_4
core   0: 0x0000000080006042 (0x00000791) c.addi  a5, 4
core   0: 3 0x0000000080006042 (0x0791) x15 0x000000008000463c
core   0: 0x0000000080006044 (0x34179073) csrrw   zero, mepc, a5
core   0: 3 0x0000000080006044 (0x34179073) c833_mepc 0x000000008000463c
core   0: 0x0000000080006048 (0x30200073) mret
core   0: 3 0x0000000080006048 (0x30200073) c768_mstatus 0x8000000a00106080
core   0: 0x000000008000463c (0x02444933) div     s2, s0, tp
core   0: 1 0x000000008000463c (0x02444933) x18 0xfffffffe4cae3114
core   0: 0x0000000080004640 (0xa3a589d3) fle.d   s3, fa1, fs10
core   0: 1 0x0000000080004640 (0xa3a589d3) c1_fflags 0x000000000000001e x19 0x0000000000000000
core   0: 0x0000000080004644 (0xc23e7ad3) fcvt.lu.d s5, ft8
core   0: 1 0x0000000080004644 (0xc23e7ad3) x21 0x0000000000000000
core   0: 0x0000000080004648 (0x01450b3b) addw    s6, a0, s4
core   0: 1 0x0000000080004648 (0x01450b3b) x22 0xffffffff8010601b
core   0: 0x000000008000464c (0x019a8abb) addw    s5, s5, s9
core   0: 1 0x000000008000464c (0x019a8abb) x21 0x000000004b460000
core   0: 0x0000000080004650 (0x2a631dd3) fmax.d  fs11, ft6, ft6
core   0: 1 0x0000000080004650 (0x2a631dd3) f27 0xc1dfffe7fc800000
core   0: 0x0000000080004654 (0x03519093) slli    ra, gp, 53
core   0: 1 0x0000000080004654 (0x03519093) x1  0xff20000000000000
core   0: 0x0000000080004658 (0x14329773) csrrw   a4, stval, t0
core   0: 1 0x0000000080004658 (0x14329773) x14 0x000000008000600f c323_stval 0x0000000000000000
core   0: 0x000000008000465c (0x0052d233) srl     tp, t0, t0
core   0: 1 0x000000008000465c (0x0052d233) x4  0x0000000000000000
core   0: 0x0000000080004660 (0xd03d7f53) fcvt.s.lu ft10, s10
core   0: 1 0x0000000080004660 (0xd03d7f53) f30 0xffffffff00000000
core   0: 0x0000000080004664 (0x02654533) div     a0, a0, t1
core   0: 1 0x0000000080004664 (0x02654533) x10 0x0000000000000000
core   0: 0x0000000080004668 (0xd22af053) fcvt.d.l ft0, s5
core   0: 1 0x0000000080004668 (0xd22af053) f0  0x41d2d18000000000
core   0: 0x000000008000466c (0x0004903b) sllw    zero, s1, zero
core   0: 1 0x000000008000466c (0x0004903b)
core   0: 0x0000000080004670 (0x08bd0593) addi    a1, s10, 139
core   0: 1 0x0000000080004670 (0x08bd0593) x11 0x000000000000008b
core   0: 0x0000000080004674 (0x03848c3b) mulw    s8, s1, s8
core   0: 1 0x0000000080004674 (0x03848c3b) x24 0x0000000003b9cb04
core   0: 0x0000000080004678 (0x144381b7) lui     gp, 0x14438
core   0: 1 0x0000000080004678 (0x144381b7) x3  0x0000000014438000
core   0: 0x000000008000467c (0x03b99633) mulh    a2, s3, s11
core   0: 1 0x000000008000467c (0x03b99633) x12 0x0000000000000000
core   0: 0x0000000080004680 (0x0009d01b) srliw   zero, s3, 0
core   0: 1 0x0000000080004680 (0x0009d01b)
core   0: 0x0000000080004684 (0x02147733) remu    a4, s0, ra
core   0: 1 0x0000000080004684 (0x02147733) x14 0x8000000200006000
core   0: 0x0000000080004688 (0xff7436b7) lui     a3, 0xff743
core   0: 1 0x0000000080004688 (0xff7436b7) x13 0xffffffffff743000
core   0: 0x000000008000468c (0x4696869b) addiw   a3, a3, 1129
core   0: 1 0x000000008000468c (0x4696869b) x13 0xffffffffff743469
core   0: 0x0000000080004690 (0x000006ba) c.slli  a3, 14
core   0: 1 0x0000000080004690 (0x06ba) x13 0xffffffdd0d1a4000
core   0: 0x0000000080004692 (0x4cc68693) addi    a3, a3, 1228
core   0: 1 0x0000000080004692 (0x4cc68693) x13 0xffffffdd0d1a44cc
core   0: 0x0000000080004696 (0x01571913) slli    s2, a4, 21
core   0: 1 0x0000000080004696 (0x01571913) x18 0x0040000c00000000
core   0: 0x000000008000469a (0x0318d3b3) divu    t2, a7, a7
core   0: 1 0x000000008000469a (0x0318d3b3) x7  0xffffffffffffffff
core   0: 0x000000008000469e (0x4016573b) sraw    a4, a2, ra
core   0: 1 0x000000008000469e (0x4016573b) x14 0x0000000000000000
core   0: 0x00000000800046a2 (0x4008d293) srai    t0, a7, 0
core   0: 1 0x00000000800046a2 (0x4008d293) x5  0x0000000000000000
core   0: 0x00000000800046a6 (0x413086bb) subw    a3, ra, s3
core   0: 1 0x00000000800046a6 (0x413086bb) x13 0x0000000000000000
core   0: 0x00000000800046aa (0x067a7213) andi    tp, s4, 103
core   0: 1 0x00000000800046aa (0x067a7213) x4  0x0000000000000004
core   0: 0x00000000800046ae (0xfcbfaab7) lui     s5, 0xfcbfa
core   0: 1 0x00000000800046ae (0xfcbfaab7) x21 0xfffffffffcbfa000
core   0: 0x00000000800046b2 (0x9c3a8a9b) addiw   s5, s5, -1597
core   0: 1 0x00000000800046b2 (0x9c3a8a9b) x21 0xfffffffffcbf99c3
core   0: 0x00000000800046b6 (0x00000ab6) c.slli  s5, 13
core   0: 1 0x00000000800046b6 (0x0ab6) x21 0xffffff97f3386000
core   0: 0x00000000800046b8 (0x12ea8a93) addi    s5, s5, 302
core   0: 1 0x00000000800046b8 (0x12ea8a93) x21 0xffffff97f338612e
core   0: 0x00000000800046bc (0x00000001) c.nop
core   0: 1 0x00000000800046bc (0x0001)
core   0: 0x00000000800046be (0x01b60dbb) addw    s11, a2, s11
core   0: 1 0x00000000800046be (0x01b60dbb) x27 0x0000000000000000
core   0: 0x00000000800046c2 (0x03b98bb3) mul     s7, s3, s11
core   0: 1 0x00000000800046c2 (0x03b98bb3) x23 0x0000000000000000
core   0: 0x00000000800046c6 (0x01b6d53b) srlw    a0, a3, s11
core   0: 1 0x00000000800046c6 (0x01b6d53b) x10 0x0000000000000000
core   0: 0x00000000800046ca (0x5ff87893) andi    a7, a6, 1535
core   0: 1 0x00000000800046ca (0x5ff87893) x17 0x0000000000000012
core   0: 0x00000000800046ce (0x03acf893) andi    a7, s9, 58
core   0: 1 0x00000000800046ce (0x03acf893) x17 0x0000000000000000
core   0: 0x00000000800046d2 (0x03982233) mulhsu  tp, a6, s9
core   0: 1 0x00000000800046d2 (0x03982233) x4  0x0000000000000000
core   0: 0x00000000800046d6 (0x02f86db3) rem     s11, a6, a5
core   0: 1 0x00000000800046d6 (0x02f86db3) x27 0x0000000000000012
core   0: 0x00000000800046da (0x0ff0000f) fence   iorw,iorw
core   0: 1 0x00000000800046da (0x0ff0000f)
core   0: 0x00000000800046de (0x00012633) slt     a2, sp, zero
core   0: 1 0x00000000800046de (0x00012633) x12 0x0000000000000000
core   0: 0x00000000800046e2 (0x404958b3) sra     a7, s2, tp
core   0: 1 0x00000000800046e2 (0x404958b3) x17 0x0040000c00000000
core   0: 0x00000000800046e6 (0x03cc75c7) fmsub.d fa1, fs8, ft8, ft0
core   0: 1 0x00000000800046e6 (0x03cc75c7) f11 0x7ff8000000000000
core   0: 0x00000000800046ea (0x42020453) fcvt.d.s fs0, ft4
core   0: 1 0x00000000800046ea (0x42020453) f8  0x7ff8000000000000
core   0: 0x00000000800046ee (0x00102873) csrrs   a6, fflags, zero
core   0: 1 0x00000000800046ee (0x00102873) x16 0x000000000000001e
core   0: 0x00000000800046f2 (0xfee80013) addi    zero, a6, -18
core   0: 1 0x00000000800046f2 (0xfee80013)
core   0: 0x00000000800046f6 (0x03834eb3) div     t4, t1, s8
core   0: 1 0x00000000800046f6 (0x03834eb3) x29 0x0000002258d9db6d
core   0: 0x00000000800046fa (0x01c24e13) xori    t3, tp, 28
core   0: 1 0x00000000800046fa (0x01c24e13) x28 0x000000000000001c
core   0: 0x00000000800046fe (0x00019633) sll     a2, gp, zero
core   0: 1 0x00000000800046fe (0x00019633) x12 0x0000000014438000
core   0: 0x0000000080004702 (0x23759b53) fsgnjn.d fs6, fa1, fs7
core   0: 1 0x0000000080004702 (0x23759b53) f22 0xfff8000000000000
core   0: 0x0000000080004706 (0x00b77bb3) and     s7, a4, a1
core   0: 1 0x0000000080004706 (0x00b77bb3) x23 0x0000000000000000
core   0: 0x000000008000470a (0x021bc4b3) div     s1, s7, ra
core   0: 1 0x000000008000470a (0x021bc4b3) x9  0x0000000000000000
core   0: 0x000000008000470e (0xbbcbfac7) fmsub.d fs5, fs7, ft8, fs7
core   0: 1 0x000000008000470e (0xbbcbfac7) f21 0x7ff8000000000000
core   0: 0x0000000080004712 (0x00d5513b) srlw    sp, a0, a3
core   0: 1 0x0000000080004712 (0x00d5513b) x2  0x0000000000000000
core   0: 0x0000000080004716 (0xf20c04d3) fmv.d.x fs1, s8
core   0: 1 0x0000000080004716 (0xf20c04d3) f9  0x0000000003b9cb04
core   0: 0x000000008000471a (0x002c1cf3) csrrw   s9, frm, s8
core   0: 1 0x000000008000471a (0x002c1cf3) x25 0x0000000000000000 c2_frm 0x0000000000000004
core   0: 0x000000008000471e (0xe2028dd3) fmv.x.d s11, ft5
core   0: 1 0x000000008000471e (0xe2028dd3) x27 0x7ff8000000000000
core   0: 0x0000000080004722 (0x85e13737) lui     a4, 0x85e13
core   0: 1 0x0000000080004722 (0x85e13737) x14 0xffffffff85e13000
core   0: 0x0000000080004726 (0x636b4317) auipc   t1, 0x636b4
core   0: 1 0x0000000080004726 (0x636b4317) x6  0x00000000e36b8726
core   0: 0x000000008000472a (0xab5efec7) fmsub.d ft9, ft9, fs5, fs5
core   0: 1 0x000000008000472a (0xab5efec7) f29 0x7ff8000000000000
core   0: 0x000000008000472e (0xa2be8353) fle.d   t1, ft9, fa1
core   0: 1 0x000000008000472e (0xa2be8353) c1_fflags 0x000000000000001e x6  0x0000000000000000
core   0: 0x0000000080004732 (0x00e901bb) addw    gp, s2, a4
core   0: 1 0x0000000080004732 (0x00e901bb) x3  0xffffffff85e13000
core   0: 0x0000000080004736 (0x42bbd613) srai    a2, s7, 43
core   0: 1 0x0000000080004736 (0x42bbd613) x12 0x0000000000000000
core   0: 0x000000008000473a (0x02c0d2b3) divu    t0, ra, a2
core   0: 1 0x000000008000473a (0x02c0d2b3) x5  0xffffffffffffffff
core   0: 0x000000008000473e (0x00fe03bb) addw    t2, t3, a5
core   0: 1 0x000000008000473e (0x00fe03bb) x7  0xffffffff80004658
core   0: 0x0000000080004742 (0x0276583b) divuw   a6, a2, t2
core   0: 1 0x0000000080004742 (0x0276583b) x16 0x0000000000000000
core   0: 0x0000000080004746 (0xc0217553) fcvt.l.s a0, ft2
core   0: 1 0x0000000080004746 (0xc0217553) x10 0x0000000000000000
core   0: 0x000000008000474a (0x419886b3) sub     a3, a7, s9
core   0: 1 0x000000008000474a (0x419886b3) x13 0x0040000c00000000
core   0: 0x000000008000474e (0x00c7511b) srliw   sp, a4, 12
core   0: 1 0x000000008000474e (0x00c7511b) x2  0x0000000000085e13
core   0: 0x0000000080004752 (0x23dd8f53) fsgnj.d ft10, fs11, ft9
core   0: 1 0x0000000080004752 (0x23dd8f53) f30 0x41dfffe7fc800000
core   0: 0x0000000080004756 (0x40468833) sub     a6, a3, tp
core   0: 1 0x0000000080004756 (0x40468833) x16 0x0040000c00000000
core   0: 0x000000008000475a (0x420b0dd3) fcvt.d.s fs11, fs6
core   0: 1 0x000000008000475a (0x420b0dd3) f27 0x7ff8000000000000
core   0: 0x000000008000475e (0x2b1089d3) fmin.d  fs3, ft1, fa7
core   0: 1 0x000000008000475e (0x2b1089d3) f19 0x7ff8000000000000
core   0: 0x0000000080004762 (0x9b9cfccb) fnmsub.d fs9, fs9, fs9, fs3
core   0: 1 0x0000000080004762 (0x9b9cfccb) f25 0x7ff8000000000000
core   0: 0x0000000080004766 (0x9b3674cb) fnmsub.d fs1, fa2, fs3, fs3
core   0: 1 0x0000000080004766 (0x9b3674cb) f9  0x7ff8000000000000
core   0: 0x000000008000476a (0x0161dd3b) srlw    s10, gp, s6
core   0: 1 0x000000008000476a (0x0161dd3b) x26 0x0000000000000010
core   0: 0x000000008000476e (0x12d27553) fmul.d  fa0, ft4, fa3
core   0: 1 0x000000008000476e (0x12d27553) f10 0x7ff8000000000000
core   0: 0x0000000080004772 (0x022749bb) divw    s3, a4, sp
core   0: 1 0x0000000080004772 (0x022749bb) x19 0xfffffffffffff168
core   0: 0x0000000080004776 (0x0059d7bb) srlw    a5, s3, t0
core   0: 1 0x0000000080004776 (0x0059d7bb) x15 0x0000000000000001
core   0: 0x000000008000477a (0xc23273d3) fcvt.lu.d t2, ft4
core   0: 1 0x000000008000477a (0xc23273d3) c1_fflags 0x000000000000001e x7  0x0000000000000000
core   0: 0x000000008000477e (0xd21d0153) fcvt.d.wu ft2, s10
core   0: 1 0x000000008000477e (0xd21d0153) f2  0x4030000000000000
core   0: 0x0000000080004782 (0x7ff8e693) ori     a3, a7, 2047
core   0: 1 0x0000000080004782 (0x7ff8e693) x13 0x0040000c000007ff
core   0: 0x0000000080004786 (0x02ed1093) slli    ra, s10, 46
core   0: 1 0x0000000080004786 (0x02ed1093) x1  0x0004000000000000
core   0: 0x000000008000478a (0x1aa27153) fdiv.d  ft2, ft4, fa0
core   0: 1 0x000000008000478a (0x1aa27153) f2  0x7ff8000000000000
core   0: 0x000000008000478e (0x40d58ab3) sub     s5, a1, a3
core   0: 1 0x000000008000478e (0x40d58ab3) x21 0xffbffff3fffff88c
core   0: 0x0000000080004792 (0xd22e7cd3) fcvt.d.l fs9, t3
core   0: 1 0x0000000080004792 (0xd22e7cd3) f25 0x403c000000000000
core   0: 0x0000000080004796 (0xfff4c913) not     s2, s1
core   0: 1 0x0000000080004796 (0xfff4c913) x18 0xffffffffffffffff
core   0: 0x000000008000479a (0x03f39e13) slli    t3, t2, 63
core   0: 1 0x000000008000479a (0x03f39e13) x28 0x0000000000000000
core   0: 0x000000008000479e (0x00c677b3) and     a5, a2, a2
core   0: 1 0x000000008000479e (0x00c677b3) x15 0x0000000000000000
core   0: 0x00000000800047a2 (0x00c623b3) slt     t2, a2, a2
core   0: 1 0x00000000800047a2 (0x00c623b3) x7  0x0000000000000000
core   0: 0x00000000800047a6 (0x00001d7e) c.slli  s10, 63
core   0: 1 0x00000000800047a6 (0x1d7e) x26 0x0000000000000000
core   0: 0x00000000800047a8 (0x001e1213) slli    tp, t3, 1
core   0: 1 0x00000000800047a8 (0x001e1213) x4  0x0000000000000000
core   0: 0x00000000800047ac (0x407853bb) sraw    t2, a6, t2
core   0: 1 0x00000000800047ac (0x407853bb) x7  0x0000000000000000
core   0: 0x00000000800047b0 (0xfffd7513) andi    a0, s10, -1
core   0: 1 0x00000000800047b0 (0xfffd7513) x10 0x0000000000000000
core   0: 0x00000000800047b4 (0x23570e53) fsgnj.d ft8, fa4, fs5
core   0: 1 0x00000000800047b4 (0x23570e53) f28 0x7ff8000000000000
core   0: 0x00000000800047b8 (0x12397953) fmul.d  fs2, fs2, ft3
core   0: 1 0x00000000800047b8 (0x12397953) f18 0x7ff8000000000000
core   0: 0x00000000800047bc (0x01939bbb) sllw    s7, t2, s9
core   0: 1 0x00000000800047bc (0x01939bbb) x23 0x0000000000000000
core   0: 0x00000000800047c0 (0x2a5c10d3) fmax.d  ft1, fs8, ft5
core   0: 1 0x00000000800047c0 (0x2a5c10d3) f1  0x7ff8000000000000
core   0: 0x00000000800047c4 (0x01799d33) sll     s10, s3, s7
core   0: 1 0x00000000800047c4 (0x01799d33) x26 0xfffffffffffff168
core   0: 0x00000000800047c8 (0x01a088b3) add     a7, ra, s10
core   0: 1 0x00000000800047c8 (0x01a088b3) x17 0x0003fffffffff168
core   0: 0x00000000800047cc (0x31aaa273) csrrs   tp, menvcfgh, s5
core   0: exception trap_illegal_instruction, epc 0x00000000800047cc
core   0:           tval 0x0000000031aaa273
core   0: >>>>  $xrv64i2p1_m2p0_a2p1_f2p2_d2p2_zicsr2p0_zifencei2p0_zmmul1p0_zba1p0_zbb1p0_zbc1p0_zbs1p0
core   0: 0x0000000080004000 (0x0080006f) j       pc + 0x8
core   0: 3 0x0000000080004000 (0x0080006f)
core   0: >>>>  mmode_exception_handler
core   0: 0x0000000080004008 (0x00002c17) auipc   s8, 0x2
core   0: 3 0x0000000080004008 (0x00002c17) x24 0x0000000080006008
core   0: 0x000000008000400c (0x006c0c13) addi    s8, s8, 6
core   0: 3 0x000000008000400c (0x006c0c13) x24 0x000000008000600e
core   0: 0x0000000080004010 (0x000c00e7) jalr    s8
core   0: 3 0x0000000080004010 (0x000c00e7) x1  0x0000000080004014
core   0: >>>>  any_handler
core   0: 0x000000008000600e (0x341027f3) csrrs   a5, mepc, zero
core   0: 3 0x000000008000600e (0x341027f3) x15 0x00000000800047cc
core   0: 0x0000000080006012 (0x34202773) csrrs   a4, mcause, zero
core   0: 3 0x0000000080006012 (0x34202773) x14 0x0000000000000002
core   0: 0x0000000080006016 (0x142026f3) csrrs   a3, scause, zero
core   0: 3 0x0000000080006016 (0x142026f3) x13 0x7ffffffffffff946
core   0: 0x000000008000601a (0x30402673) csrrs   a2, mie, zero
core   0: 3 0x000000008000601a (0x30402673) x12 0x0000000000000a00
core   0: 0x000000008000601e (0x344025f3) csrrs   a1, mip, zero
core   0: 3 0x000000008000601e (0x344025f3) x11 0x0000000000000080
core   0: 0x0000000080006022 (0x343025f3) csrrs   a1, mtval, zero
core   0: 3 0x0000000080006022 (0x343025f3) x11 0x0000000031aaa273
core   0: 0x0000000080006026 (0x14302573) csrrs   a0, stval, zero
core   0: 3 0x0000000080006026 (0x14302573) x10 0x0000000000000000
core   0: 0x000000008000602a (0xb02024f3) csrrs   s1, minstret, zero
core   0: 3 0x000000008000602a (0xb02024f3) x9  0x0000000000000a64
core   0: 0x000000008000602e (0x0000a811) c.j     pc + 20
core   0: 3 0x000000008000602e (0xa811)
core   0: >>>>  mepc_4
core   0: 0x0000000080006042 (0x00000791) c.addi  a5, 4
core   0: 3 0x0000000080006042 (0x0791) x15 0x00000000800047d0
core   0: 0x0000000080006044 (0x34179073) csrrw   zero, mepc, a5
core   0: 3 0x0000000080006044 (0x34179073) c833_mepc 0x00000000800047d0
core   0: 0x0000000080006048 (0x30200073) mret
core   0: 3 0x0000000080006048 (0x30200073) c768_mstatus 0x8000000a00106080
core   0: 0x00000000800047d0 (0x5a0b7fd3) fsqrt.d ft11, fs6
core   0: 1 0x00000000800047d0 (0x5a0b7fd3) f31 0x7ff8000000000000
core   0: 0x00000000800047d4 (0xd028f653) fcvt.s.l fa2, a7
core   0: 1 0x00000000800047d4 (0xd028f653) c1_fflags 0x000000000000001f f12 0xffffffff58800000
core   0: 0x00000000800047d8 (0xcfc74137) lui     sp, 0xcfc74
core   0: 1 0x00000000800047d8 (0xcfc74137) x2  0xffffffffcfc74000
core   0: 0x00000000800047dc (0xd038f353) fcvt.s.lu ft6, a7
core   0: 1 0x00000000800047dc (0xd038f353) c1_fflags 0x000000000000001f f6  0xffffffff58800000
core   0: 0x00000000800047e0 (0x4073d3bb) sraw    t2, t2, t2
core   0: 1 0x00000000800047e0 (0x4073d3bb) x7  0x0000000000000000
core   0: 0x00000000800047e4 (0x1b35f9cf) fnmadd.d fs3, fa1, fs3, ft3
core   0: 1 0x00000000800047e4 (0x1b35f9cf) f19 0x7ff8000000000000
core   0: 0x00000000800047e8 (0x420802d3) fcvt.d.s ft5, fa6
core   0: 1 0x00000000800047e8 (0x420802d3) f5  0x7ff8000000000000
core   0: 0x00000000800047ec (0x00119573) csrrw   a0, fflags, gp
core   0: 1 0x00000000800047ec (0x00119573) x10 0x000000000000001f c1_fflags 0x0000000000000000
core   0: 0x00000000800047f0 (0x40a186bb) subw    a3, gp, a0
core   0: 1 0x00000000800047f0 (0x40a186bb) x13 0xffffffff85e12fe1
core   0: 0x00000000800047f4 (0x0216f9b3) remu    s3, a3, ra
core   0: 1 0x00000000800047f4 (0x0216f9b3) x19 0x0000000046097635
core   0: 0x00000000800047f8 (0x001d9233) sll     tp, s11, ra
core   0: 1 0x00000000800047f8 (0x001d9233) x4  0x0000000000000000
core   0: 0x00000000800047fc (0x2a1f0553) fmin.d  fa0, ft10, ft1
core   0: 1 0x00000000800047fc (0x2a1f0553) f10 0x41dfffe7fc800000
core   0: 0x0000000080004800 (0x0ff0000f) fence   iorw,iorw
core   0: 1 0x0000000080004800 (0x0ff0000f)
core   0: 0x0000000080004804 (0x00ecccb3) xor     s9, s9, a4
core   0: 1 0x0000000080004804 (0x00ecccb3) x25 0x0000000000000002
core   0: 0x0000000080004808 (0xa17e4e13) xori    t3, t3, -1513
core   0: 1 0x0000000080004808 (0xa17e4e13) x28 0xfffffffffffffa17
core   0: 0x000000008000480c (0x038744b3) div     s1, a4, s8
core   0: 1 0x000000008000480c (0x038744b3) x9  0x0000000000000000
core   0: 0x0000000080004810 (0x02b70eb3) mul     t4, a4, a1
core   0: 1 0x0000000080004810 (0x02b70eb3) x29 0x00000000635544e6
core   0: 0x0000000080004814 (0x02bc6933) rem     s2, s8, a1
core   0: 1 0x0000000080004814 (0x02bc6933) x18 0x000000001cab1b28
core   0: 0x0000000080004818 (0x000c5d1b) srliw   s10, s8, 0
core   0: 1 0x0000000080004818 (0x000c5d1b) x26 0xffffffff8000600e
core   0: 0x000000008000481c (0x0214743b) remuw   s0, s0, ra
core   0: 1 0x000000008000481c (0x0214743b) x8  0x0000000000006000
core   0: 0x0000000080004820 (0x0aa0f6d3) fsub.d  fa3, ft1, fa0
core   0: 1 0x0000000080004820 (0x0aa0f6d3) f13 0x7ff8000000000000
core   0: 0x0000000080004824 (0xda10fb47) fmsub.d fs6, ft1, ft1, fs11
core   0: 1 0x0000000080004824 (0xda10fb47) f22 0x7ff8000000000000
core   0: 0x0000000080004828 (0xd229f853) fcvt.d.l fa6, s3
core   0: 1 0x0000000080004828 (0xd229f853) f16 0x41d1825d8d400000
core   0: 0x000000008000482c (0xa3c308d3) fle.d   a7, ft6, ft8
core   0: 1 0x000000008000482c (0xa3c308d3) c1_fflags 0x0000000000000010 x17 0x0000000000000000
core   0: 0x0000000080004830 (0xb35874cf) fnmadd.d fs1, fa6, fs5, fs6
core   0: 1 0x0000000080004830 (0xb35874cf) f9  0x7ff8000000000000
core   0: 0x0000000080004834 (0x413e8ebb) subw    t4, t4, s3
core   0: 1 0x0000000080004834 (0x413e8ebb) x29 0x000000001d4bceb1
core   0: 0x0000000080004838 (0x03fddc93) srli    s9, s11, 63
core   0: 1 0x0000000080004838 (0x03fddc93) x25 0x0000000000000000
core   0: 0x000000008000483c (0x007d03bb) addw    t2, s10, t2
core   0: 1 0x000000008000483c (0x007d03bb) x7  0xffffffff8000600e
core   0: 0x0000000080004840 (0x01417633) and     a2, sp, s4
core   0: 1 0x0000000080004840 (0x01417633) x12 0x0000000000000000
core   0: 0x0000000080004844 (0xd0217bd3) fcvt.s.l fs7, sp
core   0: 1 0x0000000080004844 (0xd0217bd3) f23 0xffffffffce40e300
core   0: 0x0000000080004848 (0x800c4113) xori    sp, s8, -2048
core   0: 1 0x0000000080004848 (0x800c4113) x2  0xffffffff7fff980e
core   0: 0x000000008000484c (0xc022fad3) fcvt.l.s s5, ft5
core   0: 1 0x000000008000484c (0xc022fad3) c1_fflags 0x0000000000000010 x21 0x7fffffffffffffff
core   0: 0x0000000080004850 (0x88938393) addi    t2, t2, -1911
core   0: 1 0x0000000080004850 (0x88938393) x7  0xffffffff80005897
core   0: 0x0000000080004854 (0x038603bb) mulw    t2, a2, s8
core   0: 1 0x0000000080004854 (0x038603bb) x7  0x0000000000000000
core   0: 0x0000000080004858 (0x924c78cf) fnmadd.d fa7, fs8, ft4, fs2
core   0: 1 0x0000000080004858 (0x924c78cf) f17 0x7ff8000000000000
core   0: 0x000000008000485c (0x002718f3) csrrw   a7, frm, a4
core   0: 1 0x000000008000485c (0x002718f3) x17 0x0000000000000004 c2_frm 0x0000000000000002
core   0: 0x0000000080004860 (0x0053d01b) srliw   zero, t2, 5
core   0: 1 0x0000000080004860 (0x0053d01b)
core   0: 0x0000000080004864 (0x00c444b3) xor     s1, s0, a2
core   0: 1 0x0000000080004864 (0x00c444b3) x9  0x0000000000006000
core   0: 0x0000000080004868 (0x23bd9ed3) fsgnjn.d ft9, fs11, fs11
core   0: 1 0x0000000080004868 (0x23bd9ed3) f29 0xfff8000000000000
core   0: 0x000000008000486c (0x022dd1b3) divu    gp, s11, sp
core   0: 1 0x000000008000486c (0x022dd1b3) x3  0x0000000000000000
core   0: 0x0000000080004870 (0xf9a6c917) auipc   s2, 0xf9a6c
core   0: 1 0x0000000080004870 (0xf9a6c917) x18 0x0000000079a70870
core   0: 0x0000000080004874 (0x02ce74bb) remuw   s1, t3, a2
core   0: 1 0x0000000080004874 (0x02ce74bb) x9  0xfffffffffffffa17
core   0: 0x0000000080004878 (0x00c4a6b3) slt     a3, s1, a2
core   0: 1 0x0000000080004878 (0x00c4a6b3) x13 0x0000000000000001
core   0: 0x000000008000487c (0x419cd733) sra     a4, s9, s9
core   0: 1 0x000000008000487c (0x419cd733) x14 0x0000000000000000
core   0: 0x0000000080004880 (0x001dc793) xori    a5, s11, 1
core   0: 1 0x0000000080004880 (0x001dc793) x15 0x7ff8000000000001
core   0: 0x0000000080004884 (0xf117bbf3) csrrc   s7, mvendorid, a5
core   0: exception trap_illegal_instruction, epc 0x0000000080004884
core   0:           tval 0x00000000f117bbf3
core   0: >>>>  $xrv64i2p1_m2p0_a2p1_f2p2_d2p2_zicsr2p0_zifencei2p0_zmmul1p0_zba1p0_zbb1p0_zbc1p0_zbs1p0
core   0: 0x0000000080004000 (0x0080006f) j       pc + 0x8
core   0: 3 0x0000000080004000 (0x0080006f)
core   0: >>>>  mmode_exception_handler
core   0: 0x0000000080004008 (0x00002c17) auipc   s8, 0x2
core   0: 3 0x0000000080004008 (0x00002c17) x24 0x0000000080006008
core   0: 0x000000008000400c (0x006c0c13) addi    s8, s8, 6
core   0: 3 0x000000008000400c (0x006c0c13) x24 0x000000008000600e
core   0: 0x0000000080004010 (0x000c00e7) jalr    s8
core   0: 3 0x0000000080004010 (0x000c00e7) x1  0x0000000080004014
core   0: >>>>  any_handler
core   0: 0x000000008000600e (0x341027f3) csrrs   a5, mepc, zero
core   0: 3 0x000000008000600e (0x341027f3) x15 0x0000000080004884
core   0: 0x0000000080006012 (0x34202773) csrrs   a4, mcause, zero
core   0: 3 0x0000000080006012 (0x34202773) x14 0x0000000000000002
core   0: 0x0000000080006016 (0x142026f3) csrrs   a3, scause, zero
core   0: 3 0x0000000080006016 (0x142026f3) x13 0x7ffffffffffff946
core   0: 0x000000008000601a (0x30402673) csrrs   a2, mie, zero
core   0: 3 0x000000008000601a (0x30402673) x12 0x0000000000000a00
core   0: 0x000000008000601e (0x344025f3) csrrs   a1, mip, zero
core   0: 3 0x000000008000601e (0x344025f3) x11 0x0000000000000080
core   0: 0x0000000080006022 (0x343025f3) csrrs   a1, mtval, zero
core   0: 3 0x0000000080006022 (0x343025f3) x11 0x00000000f117bbf3
core   0: 0x0000000080006026 (0x14302573) csrrs   a0, stval, zero
core   0: 3 0x0000000080006026 (0x14302573) x10 0x0000000000000000
core   0: 0x000000008000602a (0xb02024f3) csrrs   s1, minstret, zero
core   0: 3 0x000000008000602a (0xb02024f3) x9  0x0000000000000aa1
core   0: 0x000000008000602e (0x0000a811) c.j     pc + 20
core   0: 3 0x000000008000602e (0xa811)
core   0: >>>>  mepc_4
core   0: 0x0000000080006042 (0x00000791) c.addi  a5, 4
core   0: 3 0x0000000080006042 (0x0791) x15 0x0000000080004888
core   0: 0x0000000080006044 (0x34179073) csrrw   zero, mepc, a5
core   0: 3 0x0000000080006044 (0x34179073) c833_mepc 0x0000000080004888
core   0: 0x0000000080006048 (0x30200073) mret
core   0: 3 0x0000000080006048 (0x30200073) c768_mstatus 0x8000000a00106080
core   0: 0x0000000080004888 (0xf20a07d3) fmv.d.x fa5, s4
core   0: 1 0x0000000080004888 (0xf20a07d3) f15 0x000000000010000c
core   0: 0x000000008000488c (0xf13723f3) csrrs   t2, mimpid, a4
core   0: exception trap_illegal_instruction, epc 0x000000008000488c
core   0:           tval 0x00000000f13723f3
core   0: >>>>  $xrv64i2p1_m2p0_a2p1_f2p2_d2p2_zicsr2p0_zifencei2p0_zmmul1p0_zba1p0_zbb1p0_zbc1p0_zbs1p0
core   0: 0x0000000080004000 (0x0080006f) j       pc + 0x8
core   0: 3 0x0000000080004000 (0x0080006f)
core   0: >>>>  mmode_exception_handler
core   0: 0x0000000080004008 (0x00002c17) auipc   s8, 0x2
core   0: 3 0x0000000080004008 (0x00002c17) x24 0x0000000080006008
core   0: 0x000000008000400c (0x006c0c13) addi    s8, s8, 6
core   0: 3 0x000000008000400c (0x006c0c13) x24 0x000000008000600e
core   0: 0x0000000080004010 (0x000c00e7) jalr    s8
core   0: 3 0x0000000080004010 (0x000c00e7) x1  0x0000000080004014
core   0: >>>>  any_handler
core   0: 0x000000008000600e (0x341027f3) csrrs   a5, mepc, zero
core   0: 3 0x000000008000600e (0x341027f3) x15 0x000000008000488c
core   0: 0x0000000080006012 (0x34202773) csrrs   a4, mcause, zero
core   0: 3 0x0000000080006012 (0x34202773) x14 0x0000000000000002
core   0: 0x0000000080006016 (0x142026f3) csrrs   a3, scause, zero
core   0: 3 0x0000000080006016 (0x142026f3) x13 0x7ffffffffffff946
core   0: 0x000000008000601a (0x30402673) csrrs   a2, mie, zero
core   0: 3 0x000000008000601a (0x30402673) x12 0x0000000000000a00
core   0: 0x000000008000601e (0x344025f3) csrrs   a1, mip, zero
core   0: 3 0x000000008000601e (0x344025f3) x11 0x0000000000000080
core   0: 0x0000000080006022 (0x343025f3) csrrs   a1, mtval, zero
core   0: 3 0x0000000080006022 (0x343025f3) x11 0x00000000f13723f3
core   0: 0x0000000080006026 (0x14302573) csrrs   a0, stval, zero
core   0: 3 0x0000000080006026 (0x14302573) x10 0x0000000000000000
core   0: 0x000000008000602a (0xb02024f3) csrrs   s1, minstret, zero
core   0: 3 0x000000008000602a (0xb02024f3) x9  0x0000000000000ab2
core   0: 0x000000008000602e (0x0000a811) c.j     pc + 20
core   0: 3 0x000000008000602e (0xa811)
core   0: >>>>  mepc_4
core   0: 0x0000000080006042 (0x00000791) c.addi  a5, 4
core   0: 3 0x0000000080006042 (0x0791) x15 0x0000000080004890
core   0: 0x0000000080006044 (0x34179073) csrrw   zero, mepc, a5
core   0: 3 0x0000000080006044 (0x34179073) c833_mepc 0x0000000080004890
core   0: 0x0000000080006048 (0x30200073) mret
core   0: 3 0x0000000080006048 (0x30200073) c768_mstatus 0x8000000a00106080
core   0: 0x0000000080004890 (0xe2078b53) fmv.x.d s6, fa5
core   0: 1 0x0000000080004890 (0xe2078b53) x22 0x000000000010000c
core   0: 0x0000000080004894 (0xc03ef753) fcvt.lu.s a4, ft9
core   0: 1 0x0000000080004894 (0xc03ef753) c1_fflags 0x0000000000000010 x14 0xffffffffffffffff
core   0: 0x0000000080004898 (0x000b6213) ori     tp, s6, 0
core   0: 1 0x0000000080004898 (0x000b6213) x4  0x000000000010000c
core   0: 0x000000008000489c (0xf20005d3) fmv.d.x fa1, zero
core   0: 1 0x000000008000489c (0xf20005d3) f11 0x0000000000000000
core   0: 0x00000000800048a0 (0x02edd2bb) divuw   t0, s11, a4
core   0: 1 0x00000000800048a0 (0x02edd2bb) x5  0x0000000000000000
core   0: 0x00000000800048a4 (0x23802c53) fsgnjx.d fs8, ft0, fs8
core   0: 1 0x00000000800048a4 (0x23802c53) f24 0x41d2d18000000000
core   0: 0x00000000800048a8 (0x4052da3b) sraw    s4, t0, t0
core   0: 1 0x00000000800048a8 (0x4052da3b) x20 0x0000000000000000
core   0: 0x00000000800048ac (0x0a29f093) andi    ra, s3, 162
core   0: 1 0x00000000800048ac (0x0a29f093) x1  0x0000000000000020
core   0: 0x00000000800048b0 (0x01826c33) or      s8, tp, s8
core   0: 1 0x00000000800048b0 (0x01826c33) x24 0x000000008010600e
core   0: 0x00000000800048b4 (0x001d18f3) csrrw   a7, fflags, s10
core   0: 1 0x00000000800048b4 (0x001d18f3) x17 0x0000000000000010 c1_fflags 0x000000000000000e
core   0: 0x00000000800048b8 (0x0015f993) andi    s3, a1, 1
core   0: 1 0x00000000800048b8 (0x0015f993) x19 0x0000000000000001
core   0: 0x00000000800048bc (0x3bc3f44f) fnmadd.d fs0, ft7, ft8, ft7
core   0: 1 0x00000000800048bc (0x3bc3f44f) f8  0x7ff8000000000000
core   0: 0x00000000800048c0 (0x40cbd733) sra     a4, s7, a2
core   0: 1 0x00000000800048c0 (0x40cbd733) x14 0x0000000000000000
core   0: 0x00000000800048c4 (0x31062e73) csrrs   t3, mstatush, a2
core   0: exception trap_illegal_instruction, epc 0x00000000800048c4
core   0:           tval 0x0000000031062e73
core   0: >>>>  $xrv64i2p1_m2p0_a2p1_f2p2_d2p2_zicsr2p0_zifencei2p0_zmmul1p0_zba1p0_zbb1p0_zbc1p0_zbs1p0
core   0: 0x0000000080004000 (0x0080006f) j       pc + 0x8
core   0: 3 0x0000000080004000 (0x0080006f)
core   0: >>>>  mmode_exception_handler
core   0: 0x0000000080004008 (0x00002c17) auipc   s8, 0x2
core   0: 3 0x0000000080004008 (0x00002c17) x24 0x0000000080006008
core   0: 0x000000008000400c (0x006c0c13) addi    s8, s8, 6
core   0: 3 0x000000008000400c (0x006c0c13) x24 0x000000008000600e
core   0: 0x0000000080004010 (0x000c00e7) jalr    s8
core   0: 3 0x0000000080004010 (0x000c00e7) x1  0x0000000080004014
core   0: >>>>  any_handler
core   0: 0x000000008000600e (0x341027f3) csrrs   a5, mepc, zero
core   0: 3 0x000000008000600e (0x341027f3) x15 0x00000000800048c4
core   0: 0x0000000080006012 (0x34202773) csrrs   a4, mcause, zero
core   0: 3 0x0000000080006012 (0x34202773) x14 0x0000000000000002
core   0: 0x0000000080006016 (0x142026f3) csrrs   a3, scause, zero
core   0: 3 0x0000000080006016 (0x142026f3) x13 0x7ffffffffffff946
core   0: 0x000000008000601a (0x30402673) csrrs   a2, mie, zero
core   0: 3 0x000000008000601a (0x30402673) x12 0x0000000000000a00
core   0: 0x000000008000601e (0x344025f3) csrrs   a1, mip, zero
core   0: 3 0x000000008000601e (0x344025f3) x11 0x0000000000000080
core   0: 0x0000000080006022 (0x343025f3) csrrs   a1, mtval, zero
core   0: 3 0x0000000080006022 (0x343025f3) x11 0x0000000031062e73
core   0: 0x0000000080006026 (0x14302573) csrrs   a0, stval, zero
core   0: 3 0x0000000080006026 (0x14302573) x10 0x0000000000000000
core   0: 0x000000008000602a (0xb02024f3) csrrs   s1, minstret, zero
core   0: 3 0x000000008000602a (0xb02024f3) x9  0x0000000000000acf
core   0: 0x000000008000602e (0x0000a811) c.j     pc + 20
core   0: 3 0x000000008000602e (0xa811)
core   0: >>>>  mepc_4
core   0: 0x0000000080006042 (0x00000791) c.addi  a5, 4
core   0: 3 0x0000000080006042 (0x0791) x15 0x00000000800048c8
core   0: 0x0000000080006044 (0x34179073) csrrw   zero, mepc, a5
core   0: 3 0x0000000080006044 (0x34179073) c833_mepc 0x00000000800048c8
core   0: 0x0000000080006048 (0x30200073) mret
core   0: 3 0x0000000080006048 (0x30200073) c768_mstatus 0x8000000a00106080
core   0: 0x00000000800048c8 (0xd2060fd3) fcvt.d.w ft11, a2
core   0: 1 0x00000000800048c8 (0xd2060fd3) f31 0x40a4000000000000
core   0: 0x00000000800048cc (0x416e52b3) sra     t0, t3, s6
core   0: 1 0x00000000800048cc (0x416e52b3) x5  0xffffffffffffffff
core   0: 0x00000000800048d0 (0x00000001) c.nop
core   0: 1 0x00000000800048d0 (0x0001)
core   0: 0x00000000800048d2 (0xaa84784b) fnmsub.d fa6, fs0, fs0, fs5
core   0: 1 0x00000000800048d2 (0xaa84784b) f16 0x7ff8000000000000
core   0: 0x00000000800048d6 (0x2a458ad3) fmin.d  fs5, fa1, ft4
core   0: 1 0x00000000800048d6 (0x2a458ad3) f21 0xc1dfffe7fc800000
core   0: 0x00000000800048da (0xd20e0053) fcvt.d.w ft0, t3
core   0: 1 0x00000000800048da (0xd20e0053) f0  0xc097a40000000000
core   0: 0x00000000800048de (0xf15556f3) csrrwi  a3, mconfigptr, 10
core   0: exception trap_illegal_instruction, epc 0x00000000800048de
core   0:           tval 0x00000000f15556f3
core   0: >>>>  $xrv64i2p1_m2p0_a2p1_f2p2_d2p2_zicsr2p0_zifencei2p0_zmmul1p0_zba1p0_zbb1p0_zbc1p0_zbs1p0
core   0: 0x0000000080004000 (0x0080006f) j       pc + 0x8
core   0: 3 0x0000000080004000 (0x0080006f)
core   0: >>>>  mmode_exception_handler
core   0: 0x0000000080004008 (0x00002c17) auipc   s8, 0x2
core   0: 3 0x0000000080004008 (0x00002c17) x24 0x0000000080006008
core   0: 0x000000008000400c (0x006c0c13) addi    s8, s8, 6
core   0: 3 0x000000008000400c (0x006c0c13) x24 0x000000008000600e
core   0: 0x0000000080004010 (0x000c00e7) jalr    s8
core   0: 3 0x0000000080004010 (0x000c00e7) x1  0x0000000080004014
core   0: >>>>  any_handler
core   0: 0x000000008000600e (0x341027f3) csrrs   a5, mepc, zero
core   0: 3 0x000000008000600e (0x341027f3) x15 0x00000000800048de
core   0: 0x0000000080006012 (0x34202773) csrrs   a4, mcause, zero
core   0: 3 0x0000000080006012 (0x34202773) x14 0x0000000000000002
core   0: 0x0000000080006016 (0x142026f3) csrrs   a3, scause, zero
core   0: 3 0x0000000080006016 (0x142026f3) x13 0x7ffffffffffff946
core   0: 0x000000008000601a (0x30402673) csrrs   a2, mie, zero
core   0: 3 0x000000008000601a (0x30402673) x12 0x0000000000000a00
core   0: 0x000000008000601e (0x344025f3) csrrs   a1, mip, zero
core   0: 3 0x000000008000601e (0x344025f3) x11 0x0000000000000080
core   0: 0x0000000080006022 (0x343025f3) csrrs   a1, mtval, zero
core   0: 3 0x0000000080006022 (0x343025f3) x11 0x00000000f15556f3
core   0: 0x0000000080006026 (0x14302573) csrrs   a0, stval, zero
core   0: 3 0x0000000080006026 (0x14302573) x10 0x0000000000000000
core   0: 0x000000008000602a (0xb02024f3) csrrs   s1, minstret, zero
core   0: 3 0x000000008000602a (0xb02024f3) x9  0x0000000000000ae5
core   0: 0x000000008000602e (0x0000a811) c.j     pc + 20
core   0: 3 0x000000008000602e (0xa811)
core   0: >>>>  mepc_4
core   0: 0x0000000080006042 (0x00000791) c.addi  a5, 4
core   0: 3 0x0000000080006042 (0x0791) x15 0x00000000800048e2
core   0: 0x0000000080006044 (0x34179073) csrrw   zero, mepc, a5
core   0: 3 0x0000000080006044 (0x34179073) c833_mepc 0x00000000800048e2
core   0: 0x0000000080006048 (0x30200073) mret
core   0: 3 0x0000000080006048 (0x30200073) c768_mstatus 0x8000000a00106080
core   0: 0x00000000800048e2 (0x4116d8b3) sra     a7, a3, a7
core   0: 1 0x00000000800048e2 (0x4116d8b3) x17 0x00007fffffffffff
core   0: 0x00000000800048e6 (0x024cfb37) lui     s6, 0x24cf
core   0: 1 0x00000000800048e6 (0x024cfb37) x22 0x00000000024cf000
core   0: 0x00000000800048ea (0x7e7b0b1b) addiw   s6, s6, 2023
core   0: 1 0x00000000800048ea (0x7e7b0b1b) x22 0x00000000024cf7e7
core   0: 0x00000000800048ee (0x00000b32) c.slli  s6, 12
core   0: 1 0x00000000800048ee (0x0b32) x22 0x00000024cf7e7000
core   0: 0x00000000800048f0 (0xd88b0b13) addi    s6, s6, -632
core   0: 1 0x00000000800048f0 (0xd88b0b13) x22 0x00000024cf7e6d88
core   0: 0x00000000800048f4 (0x41d08cb3) sub     s9, ra, t4
core   0: 1 0x00000000800048f4 (0x41d08cb3) x25 0x0000000062b47163
core   0: 0x00000000800048f8 (0x2b071853) fmax.d  fa6, fa4, fa6
core   0: 1 0x00000000800048f8 (0x2b071853) f16 0x7ff8000000000000
core   0: 0x00000000800048fc (0x4038d8b3) sra     a7, a7, gp
core   0: 1 0x00000000800048fc (0x4038d8b3) x17 0x00007fffffffffff
core   0: 0x0000000080004900 (0xe30bfc43) fmadd.d fs8, fs7, fa6, ft8
core   0: 1 0x0000000080004900 (0xe30bfc43) f24 0x7ff8000000000000
core   0: 0x0000000080004904 (0xa26a8953) fle.d   s2, fs5, ft6
core   0: 1 0x0000000080004904 (0xa26a8953) c1_fflags 0x000000000000001e x18 0x0000000000000000
core   0: 0x0000000080004908 (0x00fb8633) add     a2, s7, a5
core   0: 1 0x0000000080004908 (0x00fb8633) x12 0x00000000800048e2
core   0: 0x000000008000490c (0x00c8dc1b) srliw   s8, a7, 12
core   0: 1 0x000000008000490c (0x00c8dc1b) x24 0x00000000000fffff
core   0: 0x0000000080004910 (0x03db73bb) remuw   t2, s6, t4
core   0: 1 0x0000000080004910 (0x03db73bb) x7  0x00000000026bc6b1
core   0: 0x0000000080004914 (0x00177013) andi    zero, a4, 1
core   0: 1 0x0000000080004914 (0x00177013)
core   0: 0x0000000080004918 (0x1b05f653) fdiv.d  fa2, fa1, fa6
core   0: 1 0x0000000080004918 (0x1b05f653) f12 0x7ff8000000000000
core   0: 0x000000008000491c (0x00178393) addi    t2, a5, 1
core   0: 1 0x000000008000491c (0x00178393) x7  0x00000000800048e3
core   0: 0x0000000080004920 (0x41cd0e3b) subw    t3, s10, t3
core   0: 1 0x0000000080004920 (0x41cd0e3b) x28 0xffffffff800065f7
core   0: 0x0000000080004924 (0x03cc86b3) mul     a3, s9, t3
core   0: 1 0x0000000080004924 (0x03cc86b3) x13 0xcea5ee9eecd57585
core   0: 0x0000000080004928 (0xd21c8a53) fcvt.d.wu fs4, s9
core   0: 1 0x0000000080004928 (0xd21c8a53) f20 0x41d8ad1c58c00000
core   0: 0x000000008000492c (0xc0257bd3) fcvt.l.s s7, fa0
core   0: 1 0x000000008000492c (0xc0257bd3) c1_fflags 0x000000000000001e x23 0x7fffffffffffffff
core   0: 0x0000000080004930 (0x00102d73) csrrs   s10, fflags, zero
core   0: 1 0x0000000080004930 (0x00102d73) x26 0x000000000000001e
core   0: 0x0000000080004934 (0x400b5693) srai    a3, s6, 0
core   0: 1 0x0000000080004934 (0x400b5693) x13 0x00000024cf7e6d88
core   0: 0x0000000080004938 (0x415d08bb) subw    a7, s10, s5
core   0: 1 0x0000000080004938 (0x415d08bb) x17 0x000000000000001f
core   0: 0x000000008000493c (0x00dd57bb) srlw    a5, s10, a3
core   0: 1 0x000000008000493c (0x00dd57bb) x15 0x0000000000000000
core   0: 0x0000000080004940 (0x413d5e9b) sraiw   t4, s10, 19
core   0: 1 0x0000000080004940 (0x413d5e9b) x29 0x0000000000000000
core   0: 0x0000000080004944 (0x01d3fbb3) and     s7, t2, t4
core   0: 1 0x0000000080004944 (0x01d3fbb3) x23 0x0000000000000000
core   0: 0x0000000080004948 (0x401cf653) fcvt.s.d fa2, fs9
core   0: 1 0x0000000080004948 (0x401cf653) f12 0xffffffff41e00000
core   0: 0x000000008000494c (0x002023f3) csrrs   t2, frm, zero
core   0: 1 0x000000008000494c (0x002023f3) x7  0x0000000000000002
core   0: 0x0000000080004950 (0x40178033) sub     zero, a5, ra
core   0: 1 0x0000000080004950 (0x40178033)
core   0: 0x0000000080004954 (0xd237f0d3) fcvt.d.lu ft1, a5
core   0: 1 0x0000000080004954 (0xd237f0d3) f1  0x0000000000000000
core   0: 0x0000000080004958 (0xe2078cd3) fmv.x.d s9, fa5
core   0: 1 0x0000000080004958 (0xe2078cd3) x25 0x000000000010000c
core   0: 0x000000008000495c (0x00000001) c.nop
core   0: 1 0x000000008000495c (0x0001)
core   0: 0x000000008000495e (0x02e51733) mulh    a4, a0, a4
core   0: 1 0x000000008000495e (0x02e51733) x14 0x0000000000000000
core   0: 0x0000000080004962 (0x12ef7753) fmul.d  fa4, ft10, fa4
core   0: 1 0x0000000080004962 (0x12ef7753) f14 0x7ff8000000000000
core   0: 0x0000000080004966 (0x40c0013b) subw    sp, zero, a2
core   0: 1 0x0000000080004966 (0x40c0013b) x2  0x000000007fffb71e
core   0: 0x000000008000496a (0x00099c1b) slliw   s8, s3, 0
core   0: 1 0x000000008000496a (0x00099c1b) x24 0x0000000000000001
core   0: 0x000000008000496e (0x4be0fdcb) fnmsub.d fs11, ft1, ft10, fs1
core   0: 1 0x000000008000496e (0x4be0fdcb) f27 0x7ff8000000000000
core   0: 0x0000000080004972 (0xffc9f8b7) lui     a7, 0xffc9f
core   0: 1 0x0000000080004972 (0xffc9f8b7) x17 0xffffffffffc9f000
core   0: 0x0000000080004976 (0x92f8889b) addiw   a7, a7, -1745
core   0: 1 0x0000000080004976 (0x92f8889b) x17 0xffffffffffc9e92f
core   0: 0x000000008000497a (0x000008c6) c.slli  a7, 17
core   0: 1 0x000000008000497a (0x08c6) x17 0xffffff93d25e0000
core   0: 0x000000008000497c (0x54188893) addi    a7, a7, 1345
core   0: 1 0x000000008000497c (0x54188893) x17 0xffffff93d25e0541
core   0: 0x0000000080004980 (0x038c3d33) mulhu   s10, s8, s8
core   0: 1 0x0000000080004980 (0x038c3d33) x26 0x0000000000000000
core   0: 0x0000000080004984 (0xd20e80d3) fcvt.d.w ft1, t4
core   0: 1 0x0000000080004984 (0xd20e80d3) f1  0x0000000000000000
core   0: 0x0000000080004988 (0xc23ff3d3) fcvt.lu.d t2, ft11
core   0: 1 0x0000000080004988 (0xc23ff3d3) x7  0x0000000000000a00
core   0: 0x000000008000498c (0x015ada13) srli    s4, s5, 21
core   0: 1 0x000000008000498c (0x015ada13) x20 0x000003ffffffffff
core   0: 0x0000000080004990 (0x13d4fdd3) fmul.d  fs11, fs1, ft9
core   0: 1 0x0000000080004990 (0x13d4fdd3) f27 0x7ff8000000000000
core   0: 0x0000000080004994 (0x019b13bb) sllw    t2, s6, s9
core   0: 1 0x0000000080004994 (0x019b13bb) x7  0xffffffffe6d88000
core   0: 0x0000000080004998 (0x00102573) csrrs   a0, fflags, zero
core   0: 1 0x0000000080004998 (0x00102573) x10 0x000000000000001e
core   0: 0x000000008000499c (0x400dd613) srai    a2, s11, 0
core   0: 1 0x000000008000499c (0x400dd613) x12 0x7ff8000000000000
core   0: 0x00000000800049a0 (0x01d474b3) and     s1, s0, t4
core   0: 1 0x00000000800049a0 (0x01d474b3) x9  0x0000000000000000
core   0: 0x00000000800049a4 (0x4010f753) fcvt.s.d fa4, ft1
core   0: 1 0x00000000800049a4 (0x4010f753) f14 0xffffffff00000000
core   0: 0x00000000800049a8 (0x404ad733) sra     a4, s5, tp
core   0: 1 0x00000000800049a8 (0x404ad733) x14 0x0007ffffffffffff
core   0: 0x00000000800049ac (0x00102773) csrrs   a4, fflags, zero
core   0: 1 0x00000000800049ac (0x00102773) x14 0x000000000000001e
core   0: 0x00000000800049b0 (0xfff60513) addi    a0, a2, -1
core   0: 1 0x00000000800049b0 (0xfff60513) x10 0x7ff7ffffffffffff
core   0: 0x00000000800049b4 (0x01d75eb3) srl     t4, a4, t4
core   0: 1 0x00000000800049b4 (0x01d75eb3) x29 0x000000000000001e
core   0: 0x00000000800049b8 (0x0005131b) slliw   t1, a0, 0
core   0: 1 0x00000000800049b8 (0x0005131b) x6  0xffffffffffffffff
core   0: 0x00000000800049bc (0x0351f4bb) remuw   s1, gp, s5
core   0: 1 0x00000000800049bc (0x0351f4bb) x9  0x0000000000000000
core   0: 0x00000000800049c0 (0xd229f2d3) fcvt.d.l ft5, s3
core   0: 1 0x00000000800049c0 (0xd229f2d3) f5  0x3ff0000000000000
core   0: 0x00000000800049c4 (0xe3948937) lui     s2, 0xe3948
core   0: 1 0x00000000800049c4 (0xe3948937) x18 0xffffffffe3948000
core   0: 0x00000000800049c8 (0xf20e83d3) fmv.d.x ft7, t4
core   0: 1 0x00000000800049c8 (0xf20e83d3) f7  0x000000000000001e
core   0: 0x00000000800049cc (0xc037fbd3) fcvt.lu.s s7, fa5
core   0: 1 0x00000000800049cc (0xc037fbd3) c1_fflags 0x000000000000001e x23 0xffffffffffffffff
core   0: 0x00000000800049d0 (0xe2050cd3) fmv.x.d s9, fa0
core   0: 1 0x00000000800049d0 (0xe2050cd3) x25 0x41dfffe7fc800000
core   0: 0x00000000800049d4 (0x01948433) add     s0, s1, s9
core   0: 1 0x00000000800049d4 (0x01948433) x8  0x41dfffe7fc800000
core   0: 0x00000000800049d8 (0x007d6b33) or      s6, s10, t2
core   0: 1 0x00000000800049d8 (0x007d6b33) x22 0xffffffffe6d88000
core   0: 0x00000000800049dc (0x02a54db3) div     s11, a0, a0
core   0: 1 0x00000000800049dc (0x02a54db3) x27 0x0000000000000001
core   0: 0x00000000800049e0 (0xd03775d3) fcvt.s.lu fa1, a4
core   0: 1 0x00000000800049e0 (0xd03775d3) f11 0xffffffff41f00000
core   0: 0x00000000800049e4 (0x00151173) csrrw   sp, fflags, a0
core   0: 1 0x00000000800049e4 (0x00151173) x2  0x000000000000001e c1_fflags 0x000000000000001f
core   0: 0x00000000800049e8 (0x00009c89) c.subw  s1, a0
core   0: 1 0x00000000800049e8 (0x9c89) x9  0x0000000000000001
core   0: 0x00000000800049ea (0x008d843b) addw    s0, s11, s0
core   0: 1 0x00000000800049ea (0x008d843b) x8  0xfffffffffc800001
core   0: 0x00000000800049ee (0x01c05013) srli    zero, zero, 28
core   0: 1 0x00000000800049ee (0x01c05013)
core   0: 0x00000000800049f2 (0x000783b3) add     t2, a5, zero
core   0: 1 0x00000000800049f2 (0x000783b3) x7  0x0000000000000000
core   0: 0x00000000800049f6 (0x000511bb) sllw    gp, a0, zero
core   0: 1 0x00000000800049f6 (0x000511bb) x3  0xffffffffffffffff
core   0: 0x00000000800049fa (0x41348cbb) subw    s9, s1, s3
core   0: 1 0x00000000800049fa (0x41348cbb) x25 0x0000000000000000
core   0: 0x00000000800049fe (0xc21ef2d3) fcvt.wu.d t0, ft9
core   0: 1 0x00000000800049fe (0xc21ef2d3) c1_fflags 0x000000000000001f x5  0xffffffffffffffff
core   0: 0x0000000080004a02 (0x000bdb9b) srliw   s7, s7, 0
core   0: 1 0x0000000080004a02 (0x000bdb9b) x23 0xffffffffffffffff
core   0: 0x0000000080004a06 (0xd026fb53) fcvt.s.l fs6, a3
core   0: 1 0x0000000080004a06 (0xd026fb53) c1_fflags 0x000000000000001f f22 0xffffffff52133df9
core   0: 0x0000000080004a0a (0x1275f1d3) fmul.d  ft3, fa1, ft7
core   0: 1 0x0000000080004a0a (0x1275f1d3) f3  0x7ff8000000000000
core   0: 0x0000000080004a0e (0x029df553) fadd.d  fa0, fs11, fs1
core   0: 1 0x0000000080004a0e (0x029df553) f10 0x7ff8000000000000
core   0: 0x0000000080004a12 (0x012693bb) sllw    t2, a3, s2
core   0: 1 0x0000000080004a12 (0x012693bb) x7  0xffffffffcf7e6d88
core   0: 0x0000000080004a16 (0xd22bffd3) fcvt.d.l ft11, s7
core   0: 1 0x0000000080004a16 (0xd22bffd3) f31 0xbff0000000000000
core   0: 0x0000000080004a1a (0x00b2d5b3) srl     a1, t0, a1
core   0: 1 0x0000000080004a1a (0x00b2d5b3) x11 0x0000000000001fff
core   0: 0x0000000080004a1e (0xa3f90cd3) fle.d   s9, fs2, ft11
core   0: 1 0x0000000080004a1e (0xa3f90cd3) c1_fflags 0x000000000000001f x25 0x0000000000000000
core   0: 0x0000000080004a22 (0xd03679d3) fcvt.s.lu fs3, a2
core   0: 1 0x0000000080004a22 (0xd03679d3) f19 0xffffffff5efff000
core   0: 0x0000000080004a26 (0x008b4b33) xor     s6, s6, s0
core   0: 1 0x0000000080004a26 (0x008b4b33) x22 0x000000001a588001
core   0: 0x0000000080004a2a (0xfcb5e2b7) lui     t0, 0xfcb5e
core   0: 1 0x0000000080004a2a (0xfcb5e2b7) x5  0xfffffffffcb5e000
core   0: 0x0000000080004a2e (0xae32829b) addiw   t0, t0, -1309
core   0: 1 0x0000000080004a2e (0xae32829b) x5  0xfffffffffcb5dae3
core   0: 0x0000000080004a32 (0x000002b6) c.slli  t0, 13
core   0: 1 0x0000000080004a32 (0x02b6) x5  0xffffff96bb5c6000
core   0: 0x0000000080004a34 (0x71628293) addi    t0, t0, 1814
core   0: 1 0x0000000080004a34 (0x71628293) x5  0xffffff96bb5c6716
core   0: 0x0000000080004a38 (0x00a7a7b3) slt     a5, a5, a0
core   0: 1 0x0000000080004a38 (0x00a7a7b3) x15 0x0000000000000001
core   0: 0x0000000080004a3c (0x000b5c93) srli    s9, s6, 0
core   0: 1 0x0000000080004a3c (0x000b5c93) x25 0x000000001a588001
core   0: 0x0000000080004a40 (0x231880d3) fsgnj.d ft1, fa7, fa7
core   0: 1 0x0000000080004a40 (0x231880d3) f1  0x7ff8000000000000
core   0: 0x0000000080004a44 (0x23c71253) fsgnjn.d ft4, fa4, ft8
core   0: 1 0x0000000080004a44 (0x23c71253) f4  0xffffffff00000000
core   0: 0x0000000080004a48 (0x00000001) c.nop
core   0: 1 0x0000000080004a48 (0x0001)
core   0: 0x0000000080004a4a (0xd026f553) fcvt.s.l fa0, a3
core   0: 1 0x0000000080004a4a (0xd026f553) c1_fflags 0x000000000000001f f10 0xffffffff52133df9
core   0: 0x0000000080004a4e (0x00028e9b) sext.w  t4, t0
core   0: 1 0x0000000080004a4e (0x00028e9b) x29 0xffffffffbb5c6716
core   0: 0x0000000080004a52 (0xf145dd73) csrrwi  s10, mhartid, 11
core   0: exception trap_illegal_instruction, epc 0x0000000080004a52
core   0:           tval 0x00000000f145dd73
core   0: >>>>  $xrv64i2p1_m2p0_a2p1_f2p2_d2p2_zicsr2p0_zifencei2p0_zmmul1p0_zba1p0_zbb1p0_zbc1p0_zbs1p0
core   0: 0x0000000080004000 (0x0080006f) j       pc + 0x8
core   0: 3 0x0000000080004000 (0x0080006f)
core   0: >>>>  mmode_exception_handler
core   0: 0x0000000080004008 (0x00002c17) auipc   s8, 0x2
core   0: 3 0x0000000080004008 (0x00002c17) x24 0x0000000080006008
core   0: 0x000000008000400c (0x006c0c13) addi    s8, s8, 6
core   0: 3 0x000000008000400c (0x006c0c13) x24 0x000000008000600e
core   0: 0x0000000080004010 (0x000c00e7) jalr    s8
core   0: 3 0x0000000080004010 (0x000c00e7) x1  0x0000000080004014
core   0: >>>>  any_handler
core   0: 0x000000008000600e (0x341027f3) csrrs   a5, mepc, zero
core   0: 3 0x000000008000600e (0x341027f3) x15 0x0000000080004a52
core   0: 0x0000000080006012 (0x34202773) csrrs   a4, mcause, zero
core   0: 3 0x0000000080006012 (0x34202773) x14 0x0000000000000002
core   0: 0x0000000080006016 (0x142026f3) csrrs   a3, scause, zero
core   0: 3 0x0000000080006016 (0x142026f3) x13 0x7ffffffffffff946
core   0: 0x000000008000601a (0x30402673) csrrs   a2, mie, zero
core   0: 3 0x000000008000601a (0x30402673) x12 0x0000000000000a00
core   0: 0x000000008000601e (0x344025f3) csrrs   a1, mip, zero
core   0: 3 0x000000008000601e (0x344025f3) x11 0x0000000000000080
core   0: 0x0000000080006022 (0x343025f3) csrrs   a1, mtval, zero
core   0: 3 0x0000000080006022 (0x343025f3) x11 0x00000000f145dd73
core   0: 0x0000000080006026 (0x14302573) csrrs   a0, stval, zero
core   0: 3 0x0000000080006026 (0x14302573) x10 0x0000000000000000
core   0: 0x000000008000602a (0xb02024f3) csrrs   s1, minstret, zero
core   0: 3 0x000000008000602a (0xb02024f3) x9  0x0000000000000b54
core   0: 0x000000008000602e (0x0000a811) c.j     pc + 20
core   0: 3 0x000000008000602e (0xa811)
core   0: >>>>  mepc_4
core   0: 0x0000000080006042 (0x00000791) c.addi  a5, 4
core   0: 3 0x0000000080006042 (0x0791) x15 0x0000000080004a56
core   0: 0x0000000080006044 (0x34179073) csrrw   zero, mepc, a5
core   0: 3 0x0000000080006044 (0x34179073) c833_mepc 0x0000000080004a56
core   0: 0x0000000080006048 (0x30200073) mret
core   0: 3 0x0000000080006048 (0x30200073) c768_mstatus 0x8000000a00106080
core   0: 0x0000000080004a56 (0x00015d13) srli    s10, sp, 0
core   0: 1 0x0000000080004a56 (0x00015d13) x26 0x000000000000001e
core   0: 0x0000000080004a5a (0x7ff94913) xori    s2, s2, 2047
core   0: 1 0x0000000080004a5a (0x7ff94913) x18 0xffffffffe39487ff
core   0: 0x0000000080004a5e (0x001b15f3) csrrw   a1, fflags, s6
core   0: 1 0x0000000080004a5e (0x001b15f3) x11 0x000000000000001f c1_fflags 0x0000000000000001
core   0: 0x0000000080004a62 (0x1a9a7953) fdiv.d  fs2, fs4, fs1
core   0: 1 0x0000000080004a62 (0x1a9a7953) f18 0x7ff8000000000000
core   0: 0x0000000080004a66 (0x1275fc53) fmul.d  fs8, fa1, ft7
core   0: 1 0x0000000080004a66 (0x1275fc53) f24 0x7ff8000000000000
core   0: 0x0000000080004a6a (0x57cc06b7) lui     a3, 0x57cc0
core   0: 1 0x0000000080004a6a (0x57cc06b7) x13 0x0000000057cc0000
core   0: 0x0000000080004a6e (0xd21d01d3) fcvt.d.wu ft3, s10
core   0: 1 0x0000000080004a6e (0xd21d01d3) f3  0x403e000000000000
core   0: 0x0000000080004a72 (0x0201f5d3) fadd.d  fa1, ft3, ft0
core   0: 1 0x0000000080004a72 (0x0201f5d3) f11 0xc0972c0000000000
core   0: 0x0000000080004a76 (0x002021f3) csrrs   gp, frm, zero
core   0: 1 0x0000000080004a76 (0x002021f3) x3  0x0000000000000002
core   0: 0x0000000080004a7a (0x029b5b33) divu    s6, s6, s1
core   0: 1 0x0000000080004a7a (0x029b5b33) x22 0x0000000000025360
core   0: 0x0000000080004a7e (0x0044823b) addw    tp, s1, tp
core   0: 1 0x0000000080004a7e (0x0044823b) x4  0x0000000000100b60
core   0: 0x0000000080004a82 (0x0ab4f4d3) fsub.d  fs1, fs1, fa1
core   0: 1 0x0000000080004a82 (0x0ab4f4d3) f9  0x7ff8000000000000
core   0: 0x0000000080004a86 (0x03985813) srli    a6, a6, 57
core   0: 1 0x0000000080004a86 (0x03985813) x16 0x0000000000000000
core   0: 0x0000000080004a8a (0x039581b3) mul     gp, a1, s9
core   0: 1 0x0000000080004a8a (0x039581b3) x3  0x0000000330b7801f
core   0: 0x0000000080004a8e (0x024cd233) divu    tp, s9, tp
core   0: 1 0x0000000080004a8e (0x024cd233) x4  0x00000000000001a4
core   0: 0x0000000080004a92 (0x2b3a1a53) fmax.d  fs4, fs4, fs3
core   0: 1 0x0000000080004a92 (0x2b3a1a53) f20 0x41d8ad1c58c00000
core   0: 0x0000000080004a96 (0x02846433) rem     s0, s0, s0
core   0: 1 0x0000000080004a96 (0x02846433) x8  0x0000000000000000
core   0: 0x0000000080004a9a (0x2a0494d3) fmax.d  fs1, fs1, ft0
core   0: 1 0x0000000080004a9a (0x2a0494d3) f9  0xc097a40000000000
core   0: 0x0000000080004a9e (0x00004d85) c.li    s11, 1
core   0: 1 0x0000000080004a9e (0x4d85) x27 0x0000000000000001
core   0: 0x0000000080004aa0 (0x40438cbb) subw    s9, t2, tp
core   0: 1 0x0000000080004aa0 (0x40438cbb) x25 0xffffffffcf7e6be4
core   0: 0x0000000080004aa4 (0xc205f2d3) fcvt.w.d t0, fa1
core   0: 1 0x0000000080004aa4 (0xc205f2d3) x5  0xfffffffffffffa35
core   0: 0x0000000080004aa8 (0x4093d4bb) sraw    s1, t2, s1
core   0: 1 0x0000000080004aa8 (0x4093d4bb) x9  0xfffffffffffffcf7
core   0: 0x0000000080004aac (0x420d8653) fcvt.d.s fa2, fs11
core   0: 1 0x0000000080004aac (0x420d8653) f12 0x7ff8000000000000
core   0: 0x0000000080004ab0 (0x23d625d3) fsgnjx.d fa1, fa2, ft9
core   0: 1 0x0000000080004ab0 (0x23d625d3) f11 0xfff8000000000000
core   0: 0x0000000080004ab4 (0x00978abb) addw    s5, a5, s1
core   0: 1 0x0000000080004ab4 (0x00978abb) x21 0xffffffff8000474d
core   0: 0x0000000080004ab8 (0x2ac40ad3) fmin.d  fs5, fs0, fa2
core   0: 1 0x0000000080004ab8 (0x2ac40ad3) f21 0x7ff8000000000000
core   0: 0x0000000080004abc (0xaad6ec13) ori     s8, a3, -1363
core   0: 1 0x0000000080004abc (0xaad6ec13) x24 0xfffffffffffffaad
core   0: 0x0000000080004ac0 (0xb8c0899b) addiw   s3, ra, -1140
core   0: 1 0x0000000080004ac0 (0xb8c0899b) x19 0xffffffff80003ba0
core   0: 0x0000000080004ac4 (0x016b5b3b) srlw    s6, s6, s6
core   0: 1 0x0000000080004ac4 (0x016b5b3b) x22 0x0000000000025360
core   0: 0x0000000080004ac8 (0x4106d6b3) sra     a3, a3, a6
core   0: 1 0x0000000080004ac8 (0x4106d6b3) x13 0x0000000057cc0000
core   0: 0x0000000080004acc (0x0160591b) srliw   s2, zero, 22
core   0: 1 0x0000000080004acc (0x0160591b) x18 0x0000000000000000
core   0: 0x0000000080004ad0 (0x016d7133) and     sp, s10, s6
core   0: 1 0x0000000080004ad0 (0x016d7133) x2  0x0000000000000000
core   0: 0x0000000080004ad4 (0xc215fa53) fcvt.wu.d s4, fa1
core   0: 1 0x0000000080004ad4 (0xc215fa53) c1_fflags 0x0000000000000011 x20 0xffffffffffffffff
core   0: 0x0000000080004ad8 (0x2b3589d3) fmin.d  fs3, fa1, fs3
core   0: 1 0x0000000080004ad8 (0x2b3589d3) f19 0x7ff8000000000000
core   0: 0x0000000080004adc (0xd03bfbd3) fcvt.s.lu fs7, s7
core   0: 1 0x0000000080004adc (0xd03bfbd3) c1_fflags 0x0000000000000011 f23 0xffffffff5f7fffff
core   0: 0x0000000080004ae0 (0x01932333) slt     t1, t1, s9
core   0: 1 0x0000000080004ae0 (0x01932333) x6  0x0000000000000000
core   0: 0x0000000080004ae4 (0xc212f653) fcvt.wu.d a2, ft5
core   0: 1 0x0000000080004ae4 (0xc212f653) x12 0x0000000000000001
core   0: 0x0000000080004ae8 (0x4011dd1b) sraiw   s10, gp, 1
core   0: 1 0x0000000080004ae8 (0x4011dd1b) x26 0x00000000185bc00f
core   0: 0x0000000080004aec (0x0181aab3) slt     s5, gp, s8
core   0: 1 0x0000000080004aec (0x0181aab3) x21 0x0000000000000000
core   0: 0x0000000080004af0 (0xd22d71d3) fcvt.d.l ft3, s10
core   0: 1 0x0000000080004af0 (0xd22d71d3) f3  0x41b85bc00f000000
core   0: 0x0000000080004af4 (0x4153de9b) sraiw   t4, t2, 21
core   0: 1 0x0000000080004af4 (0x4153de9b) x29 0xfffffffffffffe7b
core   0: 0x0000000080004af8 (0x01f6921b) slliw   tp, a3, 31
core   0: 1 0x0000000080004af8 (0x01f6921b) x4  0x0000000000000000
core   0: 0x0000000080004afc (0x03221b93) slli    s7, tp, 50
core   0: 1 0x0000000080004afc (0x03221b93) x23 0x0000000000000000
core   0: 0x0000000080004b00 (0x01fb9b1b) slliw   s6, s7, 31
core   0: 1 0x0000000080004b00 (0x01fb9b1b) x22 0x0000000000000000
core   0: 0x0000000080004b04 (0xd227f253) fcvt.d.l ft4, a5
core   0: 1 0x0000000080004b04 (0xd227f253) f4  0x41e000094ac00000
core   0: 0x0000000080004b08 (0x7216f017) auipc   zero, 0x7216f
core   0: 1 0x0000000080004b08 (0x7216f017)
core   0: 0x0000000080004b0c (0x001bf213) andi    tp, s7, 1
core   0: 1 0x0000000080004b0c (0x001bf213) x4  0x0000000000000000
core   0: 0x0000000080004b10 (0x323c7673) csrrci  a2, mhpmevent3, 24
core   0: exception trap_illegal_instruction, epc 0x0000000080004b10
core   0:           tval 0x00000000323c7673
core   0: >>>>  $xrv64i2p1_m2p0_a2p1_f2p2_d2p2_zicsr2p0_zifencei2p0_zmmul1p0_zba1p0_zbb1p0_zbc1p0_zbs1p0
core   0: 0x0000000080004000 (0x0080006f) j       pc + 0x8
core   0: 3 0x0000000080004000 (0x0080006f)
core   0: >>>>  mmode_exception_handler
core   0: 0x0000000080004008 (0x00002c17) auipc   s8, 0x2
core   0: 3 0x0000000080004008 (0x00002c17) x24 0x0000000080006008
core   0: 0x000000008000400c (0x006c0c13) addi    s8, s8, 6
core   0: 3 0x000000008000400c (0x006c0c13) x24 0x000000008000600e
core   0: 0x0000000080004010 (0x000c00e7) jalr    s8
core   0: 3 0x0000000080004010 (0x000c00e7) x1  0x0000000080004014
core   0: >>>>  any_handler
core   0: 0x000000008000600e (0x341027f3) csrrs   a5, mepc, zero
core   0: 3 0x000000008000600e (0x341027f3) x15 0x0000000080004b10
core   0: 0x0000000080006012 (0x34202773) csrrs   a4, mcause, zero
core   0: 3 0x0000000080006012 (0x34202773) x14 0x0000000000000002
core   0: 0x0000000080006016 (0x142026f3) csrrs   a3, scause, zero
core   0: 3 0x0000000080006016 (0x142026f3) x13 0x7ffffffffffff946
core   0: 0x000000008000601a (0x30402673) csrrs   a2, mie, zero
core   0: 3 0x000000008000601a (0x30402673) x12 0x0000000000000a00
core   0: 0x000000008000601e (0x344025f3) csrrs   a1, mip, zero
core   0: 3 0x000000008000601e (0x344025f3) x11 0x0000000000000080
core   0: 0x0000000080006022 (0x343025f3) csrrs   a1, mtval, zero
core   0: 3 0x0000000080006022 (0x343025f3) x11 0x00000000323c7673
core   0: 0x0000000080006026 (0x14302573) csrrs   a0, stval, zero
core   0: 3 0x0000000080006026 (0x14302573) x10 0x0000000000000000
core   0: 0x000000008000602a (0xb02024f3) csrrs   s1, minstret, zero
core   0: 3 0x000000008000602a (0xb02024f3) x9  0x0000000000000b93
core   0: 0x000000008000602e (0x0000a811) c.j     pc + 20
core   0: 3 0x000000008000602e (0xa811)
core   0: >>>>  mepc_4
core   0: 0x0000000080006042 (0x00000791) c.addi  a5, 4
core   0: 3 0x0000000080006042 (0x0791) x15 0x0000000080004b14
core   0: 0x0000000080006044 (0x34179073) csrrw   zero, mepc, a5
core   0: 3 0x0000000080006044 (0x34179073) c833_mepc 0x0000000080004b14
core   0: 0x0000000080006048 (0x30200073) mret
core   0: 3 0x0000000080006048 (0x30200073) c768_mstatus 0x8000000a00106080
core   0: 0x0000000080004b14 (0x0073c3b3) xor     t2, t2, t2
core   0: 1 0x0000000080004b14 (0x0073c3b3) x7  0x0000000000000000
core   0: 0x0000000080004b18 (0x00000001) c.nop
core   0: 1 0x0000000080004b18 (0x0001)
core   0: 0x0000000080004b1a (0xaa36fbc7) fmsub.d fs7, fa3, ft3, fs5
core   0: 1 0x0000000080004b1a (0xaa36fbc7) f23 0x7ff8000000000000
core   0: 0x0000000080004b1e (0x03c8ce3b) divw    t3, a7, t3
core   0: 1 0x0000000080004b1e (0x03c8ce3b) x28 0x0000000000000000
core   0: 0x0000000080004b22 (0x00202173) csrrs   sp, frm, zero
core   0: 1 0x0000000080004b22 (0x00202173) x2  0x0000000000000002
core   0: 0x0000000080004b26 (0x41d85eb3) sra     t4, a6, t4
core   0: 1 0x0000000080004b26 (0x41d85eb3) x29 0x0000000000000000
core   0: 0x0000000080004b2a (0x033876bb) remuw   a3, a6, s3
core   0: 1 0x0000000080004b2a (0x033876bb) x13 0x0000000000000000
core   0: 0x0000000080004b2e (0x02e6e53b) remw    a0, a3, a4
core   0: 1 0x0000000080004b2e (0x02e6e53b) x10 0x0000000000000000
core   0: 0x0000000080004b32 (0x0248db33) divu    s6, a7, tp
core   0: 1 0x0000000080004b32 (0x0248db33) x22 0xffffffffffffffff
core   0: 0x0000000080004b36 (0xe20c80d3) fmv.x.d ra, fs9
core   0: 1 0x0000000080004b36 (0xe20c80d3) x1  0x403c000000000000
core   0: 0x0000000080004b3a (0x4003db13) srai    s6, t2, 0
core   0: 1 0x0000000080004b3a (0x4003db13) x22 0x0000000000000000
core   0: 0x0000000080004b3e (0x403181bb) subw    gp, gp, gp
core   0: 1 0x0000000080004b3e (0x403181bb) x3  0x0000000000000000
core   0: 0x0000000080004b42 (0x01290dbb) addw    s11, s2, s2
core   0: 1 0x0000000080004b42 (0x01290dbb) x27 0x0000000000000000
core   0: 0x0000000080004b46 (0x02ba5a33) divu    s4, s4, a1
core   0: 1 0x0000000080004b46 (0x02ba5a33) x20 0x00000005188ec74f
core   0: 0x0000000080004b4a (0xc00a3af3) csrrc   s5, cycle, s4
core   0: exception trap_illegal_instruction, epc 0x0000000080004b4a
core   0:           tval 0x00000000c00a3af3
core   0: >>>>  $xrv64i2p1_m2p0_a2p1_f2p2_d2p2_zicsr2p0_zifencei2p0_zmmul1p0_zba1p0_zbb1p0_zbc1p0_zbs1p0
core   0: 0x0000000080004000 (0x0080006f) j       pc + 0x8
core   0: 3 0x0000000080004000 (0x0080006f)
core   0: >>>>  mmode_exception_handler
core   0: 0x0000000080004008 (0x00002c17) auipc   s8, 0x2
core   0: 3 0x0000000080004008 (0x00002c17) x24 0x0000000080006008
core   0: 0x000000008000400c (0x006c0c13) addi    s8, s8, 6
core   0: 3 0x000000008000400c (0x006c0c13) x24 0x000000008000600e
core   0: 0x0000000080004010 (0x000c00e7) jalr    s8
core   0: 3 0x0000000080004010 (0x000c00e7) x1  0x0000000080004014
core   0: >>>>  any_handler
core   0: 0x000000008000600e (0x341027f3) csrrs   a5, mepc, zero
core   0: 3 0x000000008000600e (0x341027f3) x15 0x0000000080004b4a
core   0: 0x0000000080006012 (0x34202773) csrrs   a4, mcause, zero
core   0: 3 0x0000000080006012 (0x34202773) x14 0x0000000000000002
core   0: 0x0000000080006016 (0x142026f3) csrrs   a3, scause, zero
core   0: 3 0x0000000080006016 (0x142026f3) x13 0x7ffffffffffff946
core   0: 0x000000008000601a (0x30402673) csrrs   a2, mie, zero
core   0: 3 0x000000008000601a (0x30402673) x12 0x0000000000000a00
core   0: 0x000000008000601e (0x344025f3) csrrs   a1, mip, zero
core   0: 3 0x000000008000601e (0x344025f3) x11 0x0000000000000080
core   0: 0x0000000080006022 (0x343025f3) csrrs   a1, mtval, zero
core   0: 3 0x0000000080006022 (0x343025f3) x11 0x00000000c00a3af3
core   0: 0x0000000080006026 (0x14302573) csrrs   a0, stval, zero
core   0: 3 0x0000000080006026 (0x14302573) x10 0x0000000000000000
core   0: 0x000000008000602a (0xb02024f3) csrrs   s1, minstret, zero
core   0: 3 0x000000008000602a (0xb02024f3) x9  0x0000000000000bb1
core   0: 0x000000008000602e (0x0000a811) c.j     pc + 20
core   0: 3 0x000000008000602e (0xa811)
core   0: >>>>  mepc_4
core   0: 0x0000000080006042 (0x00000791) c.addi  a5, 4
core   0: 3 0x0000000080006042 (0x0791) x15 0x0000000080004b4e
core   0: 0x0000000080006044 (0x34179073) csrrw   zero, mepc, a5
core   0: 3 0x0000000080006044 (0x34179073) c833_mepc 0x0000000080004b4e
core   0: 0x0000000080006048 (0x30200073) mret
core   0: 3 0x0000000080006048 (0x30200073) c768_mstatus 0x8000000a00106080
core   0: 0x0000000080004b4e (0x03c0fe53) fadd.d  ft8, ft1, ft8
core   0: 1 0x0000000080004b4e (0x03c0fe53) f28 0x7ff8000000000000
core   0: 0x0000000080004b52 (0x401e73d3) fcvt.s.d ft7, ft8
core   0: 1 0x0000000080004b52 (0x401e73d3) f7  0xffffffff7fc00000
core   0: 0x0000000080004b56 (0x0289e9b3) rem     s3, s3, s0
core   0: 1 0x0000000080004b56 (0x0289e9b3) x19 0xffffffff80003ba0
core   0: 0x0000000080004b5a (0x02747453) fadd.d  fs0, fs0, ft7
core   0: 1 0x0000000080004b5a (0x02747453) f8  0x7ff8000000000000
core   0: 0x0000000080004b5e (0x00202cf3) csrrs   s9, frm, zero
core   0: 1 0x0000000080004b5e (0x00202cf3) x25 0x0000000000000002
core   0: 0x0000000080004b62 (0x4141ddb3) sra     s11, gp, s4
core   0: 1 0x0000000080004b62 (0x4141ddb3) x27 0x0000000000000000
core   0: 0x0000000080004b66 (0x416b073b) subw    a4, s6, s6
core   0: 1 0x0000000080004b66 (0x416b073b) x14 0x0000000000000000
core   0: 0x0000000080004b6a (0x00000001) c.nop
core   0: 1 0x0000000080004b6a (0x0001)
core   0: 0x0000000080004b6c (0x02ee5abb) divuw   s5, t3, a4
core   0: 1 0x0000000080004b6c (0x02ee5abb) x21 0xffffffffffffffff
core   0: 0x0000000080004b70 (0x001d1b33) sll     s6, s10, ra
core   0: 1 0x0000000080004b70 (0x001d1b33) x22 0x000185bc00f00000
core   0: 0x0000000080004b74 (0x00c06433) or      s0, zero, a2
core   0: 1 0x0000000080004b74 (0x00c06433) x8  0x0000000000000a00
core   0: 0x0000000080004b78 (0x01a44bb3) xor     s7, s0, s10
core   0: 1 0x0000000080004b78 (0x01a44bb3) x23 0x00000000185bca0f
core   0: 0x0000000080004b7c (0xa2138ed3) fle.d   t4, ft7, ft1
core   0: 1 0x0000000080004b7c (0xa2138ed3) c1_fflags 0x0000000000000011 x29 0x0000000000000000
core   0: 0x0000000080004b80 (0x00030c9b) sext.w  s9, t1
core   0: 1 0x0000000080004b80 (0x00030c9b) x25 0x0000000000000000
core   0: 0x0000000080004b84 (0x017ea633) slt     a2, t4, s7
core   0: 1 0x0000000080004b84 (0x017ea633) x12 0x0000000000000001
core   0: 0x0000000080004b88 (0x002015f3) csrrw   a1, frm, zero
core   0: 1 0x0000000080004b88 (0x002015f3) x11 0x0000000000000002 c2_frm 0x0000000000000000
core   0: 0x0000000080004b8c (0xc03ef7d3) fcvt.lu.s a5, ft9
core   0: 1 0x0000000080004b8c (0xc03ef7d3) c1_fflags 0x0000000000000011 x15 0xffffffffffffffff
core   0: 0x0000000080004b90 (0xeb47f893) andi    a7, a5, -332
core   0: 1 0x0000000080004b90 (0xeb47f893) x17 0xfffffffffffffeb4
core   0: 0x0000000080004b94 (0x4938f137) lui     sp, 0x4938f
core   0: 1 0x0000000080004b94 (0x4938f137) x2  0x000000004938f000
core   0: 0x0000000080004b98 (0x03b25a3b) divuw   s4, tp, s11
core   0: 1 0x0000000080004b98 (0x03b25a3b) x20 0xffffffffffffffff
core   0: 0x0000000080004b9c (0x408456b3) sra     a3, s0, s0
core   0: 1 0x0000000080004b9c (0x408456b3) x13 0x0000000000000a00
core   0: 0x0000000080004ba0 (0x2a840cd3) fmin.d  fs9, fs0, fs0
core   0: 1 0x0000000080004ba0 (0x2a840cd3) f25 0x7ff8000000000000
core   0: 0x0000000080004ba4 (0x00fd141b) slliw   s0, s10, 15
core   0: 1 0x0000000080004ba4 (0x00fd141b) x8  0xffffffffe0078000
core   0: 0x0000000080004ba8 (0x5a06f6d3) fsqrt.d fa3, fa3
core   0: 1 0x0000000080004ba8 (0x5a06f6d3) f13 0x7ff8000000000000
core   0: 0x0000000080004bac (0x032af953) fadd.d  fs2, fs5, fs2
core   0: 1 0x0000000080004bac (0x032af953) f18 0x7ff8000000000000
core   0: 0x0000000080004bb0 (0x00061493) slli    s1, a2, 0
core   0: 1 0x0000000080004bb0 (0x00061493) x9  0x0000000000000001
core   0: 0x0000000080004bb4 (0x02d3ceb3) div     t4, t2, a3
core   0: 1 0x0000000080004bb4 (0x02d3ceb3) x29 0x0000000000000000
core   0: 0x0000000080004bb8 (0x401978d3) fcvt.s.d fa7, fs2
core   0: 1 0x0000000080004bb8 (0x401978d3) f17 0xffffffff7fc00000
core   0: 0x0000000080004bbc (0x0385503b) divuw   zero, a0, s8
core   0: 1 0x0000000080004bbc (0x0385503b)
core   0: 0x0000000080004bc0 (0x000d4733) xor     a4, s10, zero
core   0: 1 0x0000000080004bc0 (0x000d4733) x14 0x00000000185bc00f
core   0: 0x0000000080004bc4 (0x03675b3b) divuw   s6, a4, s6
core   0: 1 0x0000000080004bc4 (0x03675b3b) x22 0x0000000000000019
core   0: 0x0000000080004bc8 (0xdb4d724f) fnmadd.d ft4, fs10, fs4, fs11
core   0: 1 0x0000000080004bc8 (0xdb4d724f) f4  0x7ff8000000000000
core   0: 0x0000000080004bcc (0x00aaec33) or      s8, s5, a0
core   0: 1 0x0000000080004bcc (0x00aaec33) x24 0xffffffffffffffff
core   0: 0x0000000080004bd0 (0xf88c9cb7) lui     s9, 0xf88c9
core   0: 1 0x0000000080004bd0 (0xf88c9cb7) x25 0xfffffffff88c9000
core   0: 0x0000000080004bd4 (0x7d1c8c9b) addiw   s9, s9, 2001
core   0: 1 0x0000000080004bd4 (0x7d1c8c9b) x25 0xfffffffff88c97d1
core   0: 0x0000000080004bd8 (0x00000cb2) c.slli  s9, 12
core   0: 1 0x0000000080004bd8 (0x0cb2) x25 0xffffff88c97d1000
core   0: 0x0000000080004bda (0x0d9c8c93) addi    s9, s9, 217
core   0: 1 0x0000000080004bda (0x0d9c8c93) x25 0xffffff88c97d10d9
core   0: 0x0000000080004bde (0x001873b3) and     t2, a6, ra
core   0: 1 0x0000000080004bde (0x001873b3) x7  0x0000000000000000
core   0: 0x0000000080004be2 (0x027cf033) remu    zero, s9, t2
core   0: 1 0x0000000080004be2 (0x027cf033)
core   0: 0x0000000080004be6 (0xc03bfa53) fcvt.lu.s s4, fs7
core   0: 1 0x0000000080004be6 (0xc03bfa53) c1_fflags 0x0000000000000011 x20 0xffffffffffffffff
core   0: 0x0000000080004bea (0x002016f3) csrrw   a3, frm, zero
core   0: 1 0x0000000080004bea (0x002016f3) x13 0x0000000000000000 c2_frm 0x0000000000000000
core   0: 0x0000000080004bee (0x023cdcbb) divuw   s9, s9, gp
core   0: 1 0x0000000080004bee (0x023cdcbb) x25 0xffffffffffffffff
core   0: 0x0000000080004bf2 (0x401dfdd3) fcvt.s.d fs11, fs11
core   0: 1 0x0000000080004bf2 (0x401dfdd3) f27 0xffffffff7fc00000
core   0: 0x0000000080004bf6 (0x0038e8b3) or      a7, a7, gp
core   0: 1 0x0000000080004bf6 (0x0038e8b3) x17 0xfffffffffffffeb4
core   0: 0x0000000080004bfa (0xd025f6d3) fcvt.s.l fa3, a1
core   0: 1 0x0000000080004bfa (0xd025f6d3) f13 0xffffffff40000000
core   0: 0x0000000080004bfe (0x7ff88e9b) addiw   t4, a7, 2047
core   0: 1 0x0000000080004bfe (0x7ff88e9b) x29 0x00000000000006b3
core   0: 0x0000000080004c02 (0x02f0c33b) divw    t1, ra, a5
core   0: 1 0x0000000080004c02 (0x02f0c33b) x6  0x000000007fffbfec
core   0: 0x0000000080004c06 (0xc216fa53) fcvt.wu.d s4, fa3
core   0: 1 0x0000000080004c06 (0xc216fa53) c1_fflags 0x0000000000000011 x20 0xffffffffffffffff
core   0: 0x0000000080004c0a (0x5a0bfbd3) fsqrt.d fs7, fs7
core   0: 1 0x0000000080004c0a (0x5a0bfbd3) f23 0x7ff8000000000000
core   0: 0x0000000080004c0e (0x00e70d3b) addw    s10, a4, a4
core   0: 1 0x0000000080004c0e (0x00e70d3b) x26 0x0000000030b7801e
core   0: 0x0000000080004c12 (0x0171513b) srlw    sp, sp, s7
core   0: 1 0x0000000080004c12 (0x0171513b) x2  0x0000000000009271
core   0: 0x0000000080004c16 (0x5a06f953) fsqrt.d fs2, fa3
core   0: 1 0x0000000080004c16 (0x5a06f953) f18 0x7ff8000000000000
core   0: 0x0000000080004c1a (0xab19ff47) fmsub.d ft10, fs3, fa7, fs5
core   0: 1 0x0000000080004c1a (0xab19ff47) f30 0x7ff8000000000000
core   0: 0x0000000080004c1e (0x0273dbbb) divuw   s7, t2, t2
core   0: 1 0x0000000080004c1e (0x0273dbbb) x23 0xffffffffffffffff
core   0: 0x0000000080004c22 (0xe2080853) fmv.x.d a6, fa6
core   0: 1 0x0000000080004c22 (0xe2080853) x16 0x7ff8000000000000
core   0: 0x0000000080004c26 (0x02534ab3) div     s5, t1, t0
core   0: 1 0x0000000080004c26 (0x02534ab3) x21 0xffffffffffe9e788
core   0: 0x0000000080004c2a (0x01bd5113) srli    sp, s10, 27
core   0: 1 0x0000000080004c2a (0x01bd5113) x2  0x0000000000000006
core   0: 0x0000000080004c2e (0x13ec3317) auipc   t1, 0x13ec3
core   0: 1 0x0000000080004c2e (0x13ec3317) x6  0x0000000093ec7c2e
core   0: 0x0000000080004c32 (0x00034093) xori    ra, t1, 0
core   0: 1 0x0000000080004c32 (0x00034093) x1  0x0000000093ec7c2e
core   0: 0x0000000080004c36 (0x0258483b) divw    a6, a6, t0
core   0: 1 0x0000000080004c36 (0x0258483b) x16 0x0000000000000000
core   0: 0x0000000080004c3a (0x0160db9b) srliw   s7, ra, 22
core   0: 1 0x0000000080004c3a (0x0160db9b) x23 0x000000000000024f
core   0: 0x0000000080004c3e (0x00ba5c9b) srliw   s9, s4, 11
core   0: 1 0x0000000080004c3e (0x00ba5c9b) x25 0x00000000001fffff
core   0: 0x0000000080004c42 (0xfda5ec13) ori     s8, a1, -38
core   0: 1 0x0000000080004c42 (0xfda5ec13) x24 0xffffffffffffffda
core   0: 0x0000000080004c46 (0x9ac671c3) fmadd.d ft3, fa2, fa2, fs3
core   0: 1 0x0000000080004c46 (0x9ac671c3) f3  0x7ff8000000000000
core   0: 0x0000000080004c4a (0x00202673) csrrs   a2, frm, zero
core   0: 1 0x0000000080004c4a (0x00202673) x12 0x0000000000000000
core   0: 0x0000000080004c4e (0x00008035) c.srli  s0, 13
core   0: 1 0x0000000080004c4e (0x8035) x8  0x0007ffffffff003c
core   0: 0x0000000080004c50 (0x03aa5393) srli    t2, s4, 58
core   0: 1 0x0000000080004c50 (0x03aa5393) x7  0x000000000000003f
core   0: 0x0000000080004c54 (0xd023fdd3) fcvt.s.l fs11, t2
core   0: 1 0x0000000080004c54 (0xd023fdd3) f27 0xffffffff427c0000
core   0: 0x0000000080004c58 (0xc026f453) fcvt.l.s s0, fa3
core   0: 1 0x0000000080004c58 (0xc026f453) x8  0x0000000000000002
core   0: 0x0000000080004c5c (0xc02f7353) fcvt.l.s t1, ft10
core   0: 1 0x0000000080004c5c (0xc02f7353) c1_fflags 0x0000000000000011 x6  0x7fffffffffffffff
core   0: 0x0000000080004c60 (0x00c4143b) sllw    s0, s0, a2
core   0: 1 0x0000000080004c60 (0x00c4143b) x8  0x0000000000000002
core   0: 0x0000000080004c64 (0x02037953) fadd.d  fs2, ft6, ft0
core   0: 1 0x0000000080004c64 (0x02037953) f18 0x7ff8000000000000
core   0: 0x0000000080004c68 (0x01b09d33) sll     s10, ra, s11
core   0: 1 0x0000000080004c68 (0x01b09d33) x26 0x0000000093ec7c2e
core   0: 0x0000000080004c6c (0x01cb98b3) sll     a7, s7, t3
core   0: 1 0x0000000080004c6c (0x01cb98b3) x17 0x000000000000024f
core   0: 0x0000000080004c70 (0xc208f4d3) fcvt.w.d s1, fa7
core   0: 1 0x0000000080004c70 (0xc208f4d3) c1_fflags 0x0000000000000011 x9  0x000000007fffffff
core   0: 0x0000000080004c74 (0x40685c9b) sraiw   s9, a6, 6
core   0: 1 0x0000000080004c74 (0x40685c9b) x25 0x0000000000000000
core   0: 0x0000000080004c78 (0x106fd073) csrrwi  zero, scounteren, 31
core   0: 1 0x0000000080004c78 (0x106fd073) c262_scounteren 0x0000000000000000
core   0: 0x0000000080004c7c (0x00e89733) sll     a4, a7, a4
core   0: 1 0x0000000080004c7c (0x00e89733) x14 0x0000000001278000
core   0: 0x0000000080004c80 (0x00009862) c.add   a6, s8
core   0: 1 0x0000000080004c80 (0x9862) x16 0xffffffffffffffda
core   0: 0x0000000080004c82 (0x02265633) divu    a2, a2, sp
core   0: 1 0x0000000080004c82 (0x02265633) x12 0x0000000000000000
core   0: 0x0000000080004c86 (0xa3248253) fle.d   tp, fs1, fs2
core   0: 1 0x0000000080004c86 (0xa3248253) c1_fflags 0x0000000000000011 x4  0x0000000000000000
core   0: 0x0000000080004c8a (0x0012089b) addiw   a7, tp, 1
core   0: 1 0x0000000080004c8a (0x0012089b) x17 0x0000000000000001
core   0: 0x0000000080004c8e (0x401572d3) fcvt.s.d ft5, fa0
core   0: 1 0x0000000080004c8e (0x401572d3) f5  0xffffffff7fc00000
core   0: 0x0000000080004c92 (0x033d66b3) rem     a3, s10, s3
core   0: 1 0x0000000080004c92 (0x033d66b3) x13 0x0000000013ecb7ce
core   0: 0x0000000080004c96 (0x0255ac33) mulhsu  s8, a1, t0
core   0: 1 0x0000000080004c96 (0x0255ac33) x24 0x0000000000000001
core   0: 0x0000000080004c9a (0x4016fad3) fcvt.s.d fs5, fa3
core   0: 1 0x0000000080004c9a (0x4016fad3) f21 0xffffffff7fc00000
core   0: 0x0000000080004c9e (0x0ff0000f) fence   iorw,iorw
core   0: 1 0x0000000080004c9e (0x0ff0000f)
core   0: 0x0000000080004ca2 (0xd03e7353) fcvt.s.lu ft6, t3
core   0: 1 0x0000000080004ca2 (0xd03e7353) f6  0xffffffff00000000
core   0: 0x0000000080004ca6 (0xd03c7d53) fcvt.s.lu fs10, s8
core   0: 1 0x0000000080004ca6 (0xd03c7d53) f26 0xffffffff3f800000
core   0: 0x0000000080004caa (0x400bd51b) sraiw   a0, s7, 0
core   0: 1 0x0000000080004caa (0x400bd51b) x10 0x000000000000024f
core   0: 0x0000000080004cae (0x00ec5c3b) srlw    s8, s8, a4
core   0: 1 0x0000000080004cae (0x00ec5c3b) x24 0x0000000000000001
core   0: 0x0000000080004cb2 (0x013be133) or      sp, s7, s3
core   0: 1 0x0000000080004cb2 (0x013be133) x2  0xffffffff80003bef
core   0: 0x0000000080004cb6 (0x2280a0d3) fsgnjx.d ft1, ft1, fs0
core   0: 1 0x0000000080004cb6 (0x2280a0d3) f1  0x7ff8000000000000
core   0: 0x0000000080004cba (0x23809c53) fsgnjn.d fs8, ft1, fs8
core   0: 1 0x0000000080004cba (0x23809c53) f24 0xfff8000000000000
core   0: 0x0000000080004cbe (0x1210f453) fmul.d  fs0, ft1, ft1
core   0: 1 0x0000000080004cbe (0x1210f453) f8  0x7ff8000000000000
core   0: 0x0000000080004cc2 (0xc228f853) fcvt.l.d a6, fa7
core   0: 1 0x0000000080004cc2 (0xc228f853) c1_fflags 0x0000000000000011 x16 0x7fffffffffffffff
core   0: 0x0000000080004cc6 (0x0397acb3) mulhsu  s9, a5, s9
core   0: 1 0x0000000080004cc6 (0x0397acb3) x25 0x0000000000000000
core   0: 0x0000000080004cca (0x00f6a4b3) slt     s1, a3, a5
core   0: 1 0x0000000080004cca (0x00f6a4b3) x9  0x0000000000000000
core   0: 0x0000000080004cce (0xc244fa4b) fnmsub.d fs4, fs1, ft4, fs8
core   0: 1 0x0000000080004cce (0xc244fa4b) f20 0x7ff8000000000000
core   0: 0x0000000080004cd2 (0x004e85b3) add     a1, t4, tp
core   0: 1 0x0000000080004cd2 (0x004e85b3) x11 0x00000000000006b3
core   0: 0x0000000080004cd6 (0xc2337c53) fcvt.lu.d s8, ft6
core   0: 1 0x0000000080004cd6 (0xc2337c53) c1_fflags 0x0000000000000011 x24 0xffffffffffffffff
core   0: 0x0000000080004cda (0x002c7133) and     sp, s8, sp
core   0: 1 0x0000000080004cda (0x002c7133) x2  0xffffffff80003bef
core   0: 0x0000000080004cde (0xd024ff53) fcvt.s.l ft10, s1
core   0: 1 0x0000000080004cde (0xd024ff53) f30 0xffffffff00000000
core   0: 0x0000000080004ce2 (0x41f55a9b) sraiw   s5, a0, 31
core   0: 1 0x0000000080004ce2 (0x41f55a9b) x21 0x0000000000000000
core   0: 0x0000000080004ce6 (0xfdb5cd37) lui     s10, 0xfdb5c
core   0: 1 0x0000000080004ce6 (0xfdb5cd37) x26 0xfffffffffdb5c000
core   0: 0x0000000080004cea (0xfc5d0d1b) addiw   s10, s10, -59
core   0: 1 0x0000000080004cea (0xfc5d0d1b) x26 0xfffffffffdb5bfc5
core   0: 0x0000000080004cee (0x00000d32) c.slli  s10, 12
core   0: 1 0x0000000080004cee (0x0d32) x26 0xffffffdb5bfc5000
core   0: 0x0000000080004cf0 (0x54ad0d13) addi    s10, s10, 1354
core   0: 1 0x0000000080004cf0 (0x54ad0d13) x26 0xffffffdb5bfc554a
core   0: 0x0000000080004cf4 (0x2af90b53) fmin.d  fs6, fs2, fa5
core   0: 1 0x0000000080004cf4 (0x2af90b53) f22 0x000000000010000c
core   0: 0x0000000080004cf8 (0x00ad853b) addw    a0, s11, a0
core   0: 1 0x0000000080004cf8 (0x00ad853b) x10 0x000000000000024f
core   0: 0x0000000080004cfc (0x0024c5b3) xor     a1, s1, sp
core   0: 1 0x0000000080004cfc (0x0024c5b3) x11 0xffffffff80003bef
core   0: 0x0000000080004d00 (0x239b11d3) fsgnjn.d ft3, fs6, fs9
core   0: 1 0x0000000080004d00 (0x239b11d3) f3  0x800000000010000c
core   0: 0x0000000080004d04 (0x0225e83b) remw    a6, a1, sp
core   0: 1 0x0000000080004d04 (0x0225e83b) x16 0x0000000000000000
core   0: 0x0000000080004d08 (0xd02cffd3) fcvt.s.l ft11, s9
core   0: 1 0x0000000080004d08 (0xd02cffd3) f31 0xffffffff00000000
core   0: 0x0000000080004d0c (0x013ba933) slt     s2, s7, s3
core   0: 1 0x0000000080004d0c (0x013ba933) x18 0x0000000000000000
core   0: 0x0000000080004d10 (0xf20a01d3) fmv.d.x ft3, s4
core   0: 1 0x0000000080004d10 (0xf20a01d3) f3  0xffffffffffffffff
core   0: 0x0000000080004d14 (0x01976cb3) or      s9, a4, s9
core   0: 1 0x0000000080004d14 (0x01976cb3) x25 0x0000000001278000
core   0: 0x0000000080004d18 (0x98c896b7) lui     a3, 0x98c89
core   0: 1 0x0000000080004d18 (0x98c896b7) x13 0xffffffff98c89000
core   0: 0x0000000080004d1c (0x002b8bbb) addw    s7, s7, sp
core   0: 1 0x0000000080004d1c (0x002b8bbb) x23 0xffffffff80003e3e
core   0: 0x0000000080004d20 (0x4019d393) srai    t2, s3, 1
core   0: 1 0x0000000080004d20 (0x4019d393) x7  0xffffffffc0001dd0
core   0: 0x0000000080004d24 (0xc21578d3) fcvt.wu.d a7, fa0
core   0: 1 0x0000000080004d24 (0xc21578d3) c1_fflags 0x0000000000000011 x17 0xffffffffffffffff
core   0: 0x0000000080004d28 (0x626df1c7) fmsub.d ft3, fs11, ft6, fa2
core   0: 1 0x0000000080004d28 (0x626df1c7) f3  0x7ff8000000000000
core   0: 0x0000000080004d2c (0x0399c03b) divw    zero, s3, s9
core   0: 1 0x0000000080004d2c (0x0399c03b)
core   0: 0x0000000080004d30 (0x40d85133) sra     sp, a6, a3
core   0: 1 0x0000000080004d30 (0x40d85133) x2  0x0000000000000000
core   0: 0x0000000080004d34 (0x5a0274d3) fsqrt.d fs1, ft4
core   0: 1 0x0000000080004d34 (0x5a0274d3) f9  0x7ff8000000000000
core   0: 0x0000000080004d38 (0x00102473) csrrs   s0, fflags, zero
core   0: 1 0x0000000080004d38 (0x00102473) x8  0x0000000000000011
core   0: 0x0000000080004d3c (0x0ff0000f) fence   iorw,iorw
core   0: 1 0x0000000080004d3c (0x0ff0000f)
core   0: 0x0000000080004d40 (0x002ae3b3) or      t2, s5, sp
core   0: 1 0x0000000080004d40 (0x002ae3b3) x7  0x0000000000000000
core   0: 0x0000000080004d44 (0x011cc833) xor     a6, s9, a7
core   0: 1 0x0000000080004d44 (0x011cc833) x16 0xfffffffffed87fff
core   0: 0x0000000080004d48 (0xc8739297) auipc   t0, 0xc8739
core   0: 1 0x0000000080004d48 (0xc8739297) x5  0x000000004873dd48
core   0: 0x0000000080004d4c (0x0142cbb3) xor     s7, t0, s4
core   0: 1 0x0000000080004d4c (0x0142cbb3) x23 0xffffffffb78c22b7
core   0: 0x0000000080004d50 (0xd2000ad3) fcvt.d.w fs5, zero
core   0: 1 0x0000000080004d50 (0xd2000ad3) f21 0x0000000000000000
core   0: 0x0000000080004d54 (0x405b0733) sub     a4, s6, t0
core   0: 1 0x0000000080004d54 (0x405b0733) x14 0xffffffffb78c22d1
core   0: 0x0000000080004d58 (0x001ddd9b) srliw   s11, s11, 1
core   0: 1 0x0000000080004d58 (0x001ddd9b) x27 0x0000000000000000
core   0: 0x0000000080004d5c (0x0008d59b) srliw   a1, a7, 0
core   0: 1 0x0000000080004d5c (0x0008d59b) x11 0xffffffffffffffff
core   0: 0x0000000080004d60 (0x13b0fad3) fmul.d  fs5, ft1, fs11
core   0: 1 0x0000000080004d60 (0x13b0fad3) f21 0x7ff8000000000000
core   0: 0x0000000080004d64 (0xc236f653) fcvt.lu.d a2, fa3
core   0: 1 0x0000000080004d64 (0xc236f653) c1_fflags 0x0000000000000011 x12 0xffffffffffffffff
core   0: 0x0000000080004d68 (0x800eeb93) ori     s7, t4, -2048
core   0: 1 0x0000000080004d68 (0x800eeb93) x23 0xfffffffffffffeb3
core   0: 0x0000000080004d6c (0xc22c7153) fcvt.l.d sp, fs8
core   0: 1 0x0000000080004d6c (0xc22c7153) c1_fflags 0x0000000000000011 x2  0x7fffffffffffffff
core   0: 0x0000000080004d70 (0xc21df5d3) fcvt.wu.d a1, fs11
core   0: 1 0x0000000080004d70 (0xc21df5d3) c1_fflags 0x0000000000000011 x11 0xffffffffffffffff
core   0: 0x0000000080004d74 (0x00035113) srli    sp, t1, 0
core   0: 1 0x0000000080004d74 (0x00035113) x2  0x7fffffffffffffff
core   0: 0x0000000080004d78 (0xc20e7b53) fcvt.w.d s6, ft8
core   0: 1 0x0000000080004d78 (0xc20e7b53) c1_fflags 0x0000000000000011 x22 0x000000007fffffff
core   0: 0x0000000080004d7c (0x405702b3) sub     t0, a4, t0
core   0: 1 0x0000000080004d7c (0x405702b3) x5  0xffffffff6f184589
core   0: 0x0000000080004d80 (0x000d5e9b) srliw   t4, s10, 0
core   0: 1 0x0000000080004d80 (0x000d5e9b) x29 0x000000005bfc554a
core   0: 0x0000000080004d84 (0x00000001) c.nop
core   0: 1 0x0000000080004d84 (0x0001)
core   0: 0x0000000080004d86 (0xc223f8d3) fcvt.l.d a7, ft7
core   0: 1 0x0000000080004d86 (0xc223f8d3) c1_fflags 0x0000000000000011 x17 0x7fffffffffffffff
core   0: 0x0000000080004d8a (0x0396da33) divu    s4, a3, s9
core   0: 1 0x0000000080004d8a (0x0396da33) x20 0x000000ddc7b04be3
core   0: 0x0000000080004d8e (0x6bcafc4f) fnmadd.d fs8, fs5, ft8, fa3
core   0: 1 0x0000000080004d8e (0x6bcafc4f) f24 0x7ff8000000000000
core   0: 0x0000000080004d92 (0xbffbcb93) xori    s7, s7, -1025
core   0: 1 0x0000000080004d92 (0xbffbcb93) x23 0x000000000000054c
core   0: 0x0000000080004d96 (0x03274cb3) div     s9, a4, s2
core   0: 1 0x0000000080004d96 (0x03274cb3) x25 0xffffffffffffffff
core   0: 0x0000000080004d9a (0x01591933) sll     s2, s2, s5
core   0: 1 0x0000000080004d9a (0x01591933) x18 0x0000000000000000
core   0: 0x0000000080004d9e (0x02d92eb3) mulhsu  t4, s2, a3
core   0: 1 0x0000000080004d9e (0x02d92eb3) x29 0x0000000000000000
core   0: 0x0000000080004da2 (0x7d596213) ori     tp, s2, 2005
core   0: 1 0x0000000080004da2 (0x7d596213) x4  0x00000000000007d5
core   0: 0x0000000080004da6 (0xff014d37) lui     s10, 0xff014
core   0: 1 0x0000000080004da6 (0xff014d37) x26 0xffffffffff014000
core   0: 0x0000000080004daa (0xe93d0d1b) addiw   s10, s10, -365
core   0: 1 0x0000000080004daa (0xe93d0d1b) x26 0xffffffffff013e93
core   0: 0x0000000080004dae (0x00000d3a) c.slli  s10, 14
core   0: 1 0x0000000080004dae (0x0d3a) x26 0xffffffc04fa4c000
core   0: 0x0000000080004db0 (0x4dcd0d13) addi    s10, s10, 1244
core   0: 1 0x0000000080004db0 (0x4dcd0d13) x26 0xffffffc04fa4c4dc
core   0: 0x0000000080004db4 (0xc200f8d3) fcvt.w.d a7, ft1
core   0: 1 0x0000000080004db4 (0xc200f8d3) c1_fflags 0x0000000000000011 x17 0x000000007fffffff
core   0: 0x0000000080004db8 (0x1410f973) csrrci  s2, sepc, 1
core   0: 1 0x0000000080004db8 (0x1410f973) x18 0x0000000000000000 c321_sepc 0x0000000000000000
core   0: 0x0000000080004dbc (0x001d9473) csrrw   s0, fflags, s11
core   0: 1 0x0000000080004dbc (0x001d9473) x8  0x0000000000000011 c1_fflags 0x0000000000000000
core   0: 0x0000000080004dc0 (0xc23c71d3) fcvt.lu.d gp, fs8
core   0: 1 0x0000000080004dc0 (0xc23c71d3) c1_fflags 0x0000000000000010 x3  0xffffffffffffffff
core   0: 0x0000000080004dc4 (0x004a9a9b) slliw   s5, s5, 4
core   0: 1 0x0000000080004dc4 (0x004a9a9b) x21 0x0000000000000000
core   0: 0x0000000080004dc8 (0x714a6a17) auipc   s4, 0x714a6
core   0: 1 0x0000000080004dc8 (0x714a6a17) x20 0x00000000f14aadc8
core   0: 0x0000000080004dcc (0x03f95e13) srli    t3, s2, 63
core   0: 1 0x0000000080004dcc (0x03f95e13) x28 0x0000000000000000
core   0: 0x0000000080004dd0 (0x02be6a33) rem     s4, t3, a1
core   0: 1 0x0000000080004dd0 (0x02be6a33) x20 0x0000000000000000
core   0: 0x0000000080004dd4 (0x63be764f) fnmadd.d fa2, ft8, fs11, fa2
core   0: 1 0x0000000080004dd4 (0x63be764f) f12 0x7ff8000000000000
core   0: 0x0000000080004dd8 (0x2ace0e53) fmin.d  ft8, ft8, fa2
core   0: 1 0x0000000080004dd8 (0x2ace0e53) f28 0x7ff8000000000000
core   0: 0x0000000080004ddc (0x02007353) fadd.d  ft6, ft0, ft0
core   0: 1 0x0000000080004ddc (0x02007353) f6  0xc0a7a40000000000
core   0: 0x0000000080004de0 (0x03ca7a47) fmsub.d fs4, fs4, ft8, ft0
core   0: 1 0x0000000080004de0 (0x03ca7a47) f20 0x7ff8000000000000
core   0: 0x0000000080004de4 (0x4098023b) subw    tp, a6, s1
core   0: 1 0x0000000080004de4 (0x4098023b) x4  0xfffffffffed87fff
core   0: 0x0000000080004de8 (0x405d863b) subw    a2, s11, t0
core   0: 1 0x0000000080004de8 (0x405d863b) x12 0xffffffff90e7ba77
core   0: 0x0000000080004dec (0x02b5dbbb) divuw   s7, a1, a1
core   0: 1 0x0000000080004dec (0x02b5dbbb) x23 0x0000000000000001
core   0: 0x0000000080004df0 (0xc2307cd3) fcvt.lu.d s9, ft0
core   0: 1 0x0000000080004df0 (0xc2307cd3) c1_fflags 0x0000000000000010 x25 0x0000000000000000
core   0: 0x0000000080004df4 (0x0ff0000f) fence   iorw,iorw
core   0: 1 0x0000000080004df4 (0x0ff0000f)
core   0: 0x0000000080004df8 (0x03a39433) mulh    s0, t2, s10
core   0: 1 0x0000000080004df8 (0x03a39433) x8  0x0000000000000000
core   0: 0x0000000080004dfc (0x02443133) mulhu   sp, s0, tp
core   0: 1 0x0000000080004dfc (0x02443133) x2  0x0000000000000000
core   0: 0x0000000080004e00 (0x02ce55bb) divuw   a1, t3, a2
core   0: 1 0x0000000080004e00 (0x02ce55bb) x11 0x0000000000000000
core   0: 0x0000000080004e04 (0x2a2e714f) fnmadd.d ft2, ft8, ft2, ft5
core   0: 1 0x0000000080004e04 (0x2a2e714f) f2  0x7ff8000000000000
core   0: 0x0000000080004e08 (0x008641b3) xor     gp, a2, s0
core   0: 1 0x0000000080004e08 (0x008641b3) x3  0xffffffff90e7ba77
core   0: 0x0000000080004e0c (0x00b18ebb) addw    t4, gp, a1
core   0: 1 0x0000000080004e0c (0x00b18ebb) x29 0xffffffff90e7ba77
core   0: 0x0000000080004e10 (0x227f04d3) fsgnj.d fs1, ft10, ft7
core   0: 1 0x0000000080004e10 (0x227f04d3) f9  0xffffffff00000000
core   0: 0x0000000080004e14 (0xd23a78d3) fcvt.d.lu fa7, s4
core   0: 1 0x0000000080004e14 (0xd23a78d3) f17 0x0000000000000000
core   0: 0x0000000080004e18 (0x7470d0f3) csrrwi  ra, mseccfg, 1
core   0: exception trap_illegal_instruction, epc 0x0000000080004e18
core   0:           tval 0x000000007470d0f3
core   0: >>>>  $xrv64i2p1_m2p0_a2p1_f2p2_d2p2_zicsr2p0_zifencei2p0_zmmul1p0_zba1p0_zbb1p0_zbc1p0_zbs1p0
core   0: 0x0000000080004000 (0x0080006f) j       pc + 0x8
core   0: 3 0x0000000080004000 (0x0080006f)
core   0: >>>>  mmode_exception_handler
core   0: 0x0000000080004008 (0x00002c17) auipc   s8, 0x2
core   0: 3 0x0000000080004008 (0x00002c17) x24 0x0000000080006008
core   0: 0x000000008000400c (0x006c0c13) addi    s8, s8, 6
core   0: 3 0x000000008000400c (0x006c0c13) x24 0x000000008000600e
core   0: 0x0000000080004010 (0x000c00e7) jalr    s8
core   0: 3 0x0000000080004010 (0x000c00e7) x1  0x0000000080004014
core   0: >>>>  any_handler
core   0: 0x000000008000600e (0x341027f3) csrrs   a5, mepc, zero
core   0: 3 0x000000008000600e (0x341027f3) x15 0x0000000080004e18
core   0: 0x0000000080006012 (0x34202773) csrrs   a4, mcause, zero
core   0: 3 0x0000000080006012 (0x34202773) x14 0x0000000000000002
core   0: 0x0000000080006016 (0x142026f3) csrrs   a3, scause, zero
core   0: 3 0x0000000080006016 (0x142026f3) x13 0x7ffffffffffff946
core   0: 0x000000008000601a (0x30402673) csrrs   a2, mie, zero
core   0: 3 0x000000008000601a (0x30402673) x12 0x0000000000000a00
core   0: 0x000000008000601e (0x344025f3) csrrs   a1, mip, zero
core   0: 3 0x000000008000601e (0x344025f3) x11 0x0000000000000080
core   0: 0x0000000080006022 (0x343025f3) csrrs   a1, mtval, zero
core   0: 3 0x0000000080006022 (0x343025f3) x11 0x000000007470d0f3
core   0: 0x0000000080006026 (0x14302573) csrrs   a0, stval, zero
core   0: 3 0x0000000080006026 (0x14302573) x10 0x0000000000000000
core   0: 0x000000008000602a (0xb02024f3) csrrs   s1, minstret, zero
core   0: 3 0x000000008000602a (0xb02024f3) x9  0x0000000000000c77
core   0: 0x000000008000602e (0x0000a811) c.j     pc + 20
core   0: 3 0x000000008000602e (0xa811)
core   0: >>>>  mepc_4
core   0: 0x0000000080006042 (0x00000791) c.addi  a5, 4
core   0: 3 0x0000000080006042 (0x0791) x15 0x0000000080004e1c
core   0: 0x0000000080006044 (0x34179073) csrrw   zero, mepc, a5
core   0: 3 0x0000000080006044 (0x34179073) c833_mepc 0x0000000080004e1c
core   0: 0x0000000080006048 (0x30200073) mret
core   0: 3 0x0000000080006048 (0x30200073) c768_mstatus 0x8000000a00106080
core   0: 0x0000000080004e1c (0x41c08e3b) subw    t3, ra, t3
core   0: 1 0x0000000080004e1c (0x41c08e3b) x28 0xffffffff80004014
core   0: 0x0000000080004e20 (0xc21d7b53) fcvt.wu.d s6, fs10
core   0: 1 0x0000000080004e20 (0xc21d7b53) c1_fflags 0x0000000000000010 x22 0xffffffffffffffff
core   0: 0x0000000080004e24 (0x019e1a1b) slliw   s4, t3, 25
core   0: 1 0x0000000080004e24 (0x019e1a1b) x20 0x0000000028000000
core   0: 0x0000000080004e28 (0xbf6d0693) addi    a3, s10, -1034
core   0: 1 0x0000000080004e28 (0xbf6d0693) x13 0xffffffc04fa4c0d2
core   0: 0x0000000080004e2c (0x028472bb) remuw   t0, s0, s0
core   0: 1 0x0000000080004e2c (0x028472bb) x5  0x0000000000000000
core   0: 0x0000000080004e30 (0x8832c237) lui     tp, 0x8832c
core   0: 1 0x0000000080004e30 (0x8832c237) x4  0xffffffff8832c000
core   0: 0x0000000080004e34 (0xa24f8e53) fle.d   t3, ft11, ft4
core   0: 1 0x0000000080004e34 (0xa24f8e53) c1_fflags 0x0000000000000010 x28 0x0000000000000000
core   0: 0x0000000080004e38 (0x0206c6bb) divw    a3, a3, zero
core   0: 1 0x0000000080004e38 (0x0206c6bb) x13 0xffffffffffffffff
core   0: 0x0000000080004e3c (0xf20d04d3) fmv.d.x fs1, s10
core   0: 1 0x0000000080004e3c (0xf20d04d3) f9  0xffffffc04fa4c4dc
core   0: 0x0000000080004e40 (0x0080543b) srlw    s0, zero, s0
core   0: 1 0x0000000080004e40 (0x0080543b) x8  0x0000000000000000
core   0: 0x0000000080004e44 (0x00041013) slli    zero, s0, 0
core   0: 1 0x0000000080004e44 (0x00041013)
core   0: 0x0000000080004e48 (0xe20a0353) fmv.x.d t1, fs4
core   0: 1 0x0000000080004e48 (0xe20a0353) x6  0x7ff8000000000000
core   0: 0x0000000080004e4c (0x0ac67653) fsub.d  fa2, fa2, fa2
core   0: 1 0x0000000080004e4c (0x0ac67653) f12 0x7ff8000000000000
core   0: 0x0000000080004e50 (0xf2020353) fmv.d.x ft6, tp
core   0: 1 0x0000000080004e50 (0xf2020353) f6  0xffffffff8832c000
core   0: 0x0000000080004e54 (0x13ddf653) fmul.d  fa2, fs11, ft9
core   0: 1 0x0000000080004e54 (0x13ddf653) f12 0x7ff8000000000000
core   0: 0x0000000080004e58 (0x00245c3b) srlw    s8, s0, sp
core   0: 1 0x0000000080004e58 (0x00245c3b) x24 0x0000000000000000
core   0: 0x0000000080004e5c (0x00009d1a) c.add   s10, t1
core   0: 1 0x0000000080004e5c (0x9d1a) x26 0x7ff7ffc04fa4c4dc
core   0: 0x0000000080004e5e (0x03cbadb3) mulhsu  s11, s7, t3
core   0: 1 0x0000000080004e5e (0x03cbadb3) x27 0x0000000000000000
core   0: 0x0000000080004e62 (0xc026f353) fcvt.l.s t1, fa3
core   0: 1 0x0000000080004e62 (0xc026f353) x6  0x0000000000000002
core   0: 0x0000000080004e66 (0x00000001) c.nop
core   0: 1 0x0000000080004e66 (0x0001)
core   0: 0x0000000080004e68 (0xe20b0ed3) fmv.x.d t4, fs6
core   0: 1 0x0000000080004e68 (0xe20b0ed3) x29 0x000000000010000c
core   0: 0x0000000080004e6c (0x00000001) c.nop
core   0: 1 0x0000000080004e6c (0x0001)
core   0: 0x0000000080004e6e (0x022e043b) mulw    s0, t3, sp
core   0: 1 0x0000000080004e6e (0x022e043b) x8  0x0000000000000000
core   0: 0x0000000080004e72 (0xf1197773) csrrci  a4, mvendorid, 18
core   0: exception trap_illegal_instruction, epc 0x0000000080004e72
core   0:           tval 0x00000000f1197773
core   0: >>>>  $xrv64i2p1_m2p0_a2p1_f2p2_d2p2_zicsr2p0_zifencei2p0_zmmul1p0_zba1p0_zbb1p0_zbc1p0_zbs1p0
core   0: 0x0000000080004000 (0x0080006f) j       pc + 0x8
core   0: 3 0x0000000080004000 (0x0080006f)
core   0: >>>>  mmode_exception_handler
core   0: 0x0000000080004008 (0x00002c17) auipc   s8, 0x2
core   0: 3 0x0000000080004008 (0x00002c17) x24 0x0000000080006008
core   0: 0x000000008000400c (0x006c0c13) addi    s8, s8, 6
core   0: 3 0x000000008000400c (0x006c0c13) x24 0x000000008000600e
core   0: 0x0000000080004010 (0x000c00e7) jalr    s8
core   0: 3 0x0000000080004010 (0x000c00e7) x1  0x0000000080004014
core   0: >>>>  any_handler
core   0: 0x000000008000600e (0x341027f3) csrrs   a5, mepc, zero
core   0: 3 0x000000008000600e (0x341027f3) x15 0x0000000080004e72
core   0: 0x0000000080006012 (0x34202773) csrrs   a4, mcause, zero
core   0: 3 0x0000000080006012 (0x34202773) x14 0x0000000000000002
core   0: 0x0000000080006016 (0x142026f3) csrrs   a3, scause, zero
core   0: 3 0x0000000080006016 (0x142026f3) x13 0x7ffffffffffff946
core   0: 0x000000008000601a (0x30402673) csrrs   a2, mie, zero
core   0: 3 0x000000008000601a (0x30402673) x12 0x0000000000000a00
core   0: 0x000000008000601e (0x344025f3) csrrs   a1, mip, zero
core   0: 3 0x000000008000601e (0x344025f3) x11 0x0000000000000080
core   0: 0x0000000080006022 (0x343025f3) csrrs   a1, mtval, zero
core   0: 3 0x0000000080006022 (0x343025f3) x11 0x00000000f1197773
core   0: 0x0000000080006026 (0x14302573) csrrs   a0, stval, zero
core   0: 3 0x0000000080006026 (0x14302573) x10 0x0000000000000000
core   0: 0x000000008000602a (0xb02024f3) csrrs   s1, minstret, zero
core   0: 3 0x000000008000602a (0xb02024f3) x9  0x0000000000000c9e
core   0: 0x000000008000602e (0x0000a811) c.j     pc + 20
core   0: 3 0x000000008000602e (0xa811)
core   0: >>>>  mepc_4
core   0: 0x0000000080006042 (0x00000791) c.addi  a5, 4
core   0: 3 0x0000000080006042 (0x0791) x15 0x0000000080004e76
core   0: 0x0000000080006044 (0x34179073) csrrw   zero, mepc, a5
core   0: 3 0x0000000080006044 (0x34179073) c833_mepc 0x0000000080004e76
core   0: 0x0000000080006048 (0x30200073) mret
core   0: 3 0x0000000080006048 (0x30200073) c768_mstatus 0x8000000a00106080
core   0: 0x0000000080004e76 (0x00000001) c.nop
core   0: 1 0x0000000080004e76 (0x0001)
core   0: 0x0000000080004e78 (0x00202473) csrrs   s0, frm, zero
core   0: 1 0x0000000080004e78 (0x00202473) x8  0x0000000000000000
core   0: 0x0000000080004e7c (0xf20e07d3) fmv.d.x fa5, t3
core   0: 1 0x0000000080004e7c (0xf20e07d3) f15 0x0000000000000000
core   0: 0x0000000080004e80 (0x014b511b) srliw   sp, s6, 20
core   0: 1 0x0000000080004e80 (0x014b511b) x2  0x0000000000000fff
core   0: 0x0000000080004e84 (0x01216db3) or      s11, sp, s2
core   0: 1 0x0000000080004e84 (0x01216db3) x27 0x0000000000000fff
core   0: 0x0000000080004e88 (0x2b6486d3) fmin.d  fa3, fs1, fs6
core   0: 1 0x0000000080004e88 (0x2b6486d3) f13 0x000000000010000c
core   0: 0x0000000080004e8c (0x03a86533) rem     a0, a6, s10
core   0: 1 0x0000000080004e8c (0x03a86533) x10 0xfffffffffed87fff
core   0: 0x0000000080004e90 (0x0b96f253) fsub.d  ft4, fa3, fs9
core   0: 1 0x0000000080004e90 (0x0b96f253) f4  0x7ff8000000000000
core   0: 0x0000000080004e94 (0x03442033) mulhsu  zero, s0, s4
core   0: 1 0x0000000080004e94 (0x03442033)
core   0: 0x0000000080004e98 (0x8e53f613) andi    a2, t2, -1819
core   0: 1 0x0000000080004e98 (0x8e53f613) x12 0x0000000000000000
core   0: 0x0000000080004e9c (0x006dd033) srl     zero, s11, t1
core   0: 1 0x0000000080004e9c (0x006dd033)
core   0: 0x0000000080004ea0 (0x0364fbd3) fadd.d  fs7, fs1, fs6
core   0: 1 0x0000000080004ea0 (0x0364fbd3) f23 0x7ff8000000000000
core   0: 0x0000000080004ea4 (0x029074c3) fmadd.d fs1, ft0, fs1, ft0
core   0: 1 0x0000000080004ea4 (0x029074c3) f9  0x7ff8000000000000
core   0: 0x0000000080004ea8 (0x001819f3) csrrw   s3, fflags, a6
core   0: 1 0x0000000080004ea8 (0x001819f3) x19 0x0000000000000010 c1_fflags 0x000000000000001f
core   0: 0x0000000080004eac (0xc201fbd3) fcvt.w.d s7, ft3
core   0: 1 0x0000000080004eac (0xc201fbd3) c1_fflags 0x000000000000001f x23 0x000000007fffffff
core   0: 0x0000000080004eb0 (0x03c43e33) mulhu   t3, s0, t3
core   0: 1 0x0000000080004eb0 (0x03c43e33) x28 0x0000000000000000
core   0: 0x0000000080004eb4 (0xd2080c53) fcvt.d.w fs8, a6
core   0: 1 0x0000000080004eb4 (0xd2080c53) f24 0xc172780010000000
core   0: 0x0000000080004eb8 (0x0048d7b3) srl     a5, a7, tp
core   0: 1 0x0000000080004eb8 (0x0048d7b3) x15 0x000000007fffffff
core   0: 0x0000000080004ebc (0x004609bb) addw    s3, a2, tp
core   0: 1 0x0000000080004ebc (0x004609bb) x19 0xffffffff8832c000
core   0: 0x0000000080004ec0 (0x025212b3) mulh    t0, tp, t0
core   0: 1 0x0000000080004ec0 (0x025212b3) x5  0x0000000000000000
core   0: 0x0000000080004ec4 (0x23a52cd3) fsgnjx.d fs9, fa0, fs10
core   0: 1 0x0000000080004ec4 (0x23a52cd3) f25 0x7fffffff52133df9
core   0: 0x0000000080004ec8 (0x005404b3) add     s1, s0, t0
core   0: 1 0x0000000080004ec8 (0x005404b3) x9  0x0000000000000000
core   0: 0x0000000080004ecc (0xc09aee13) ori     t3, s5, -1015
core   0: 1 0x0000000080004ecc (0xc09aee13) x28 0xfffffffffffffc09
core   0: 0x0000000080004ed0 (0xc228f653) fcvt.l.d a2, fa7
core   0: 1 0x0000000080004ed0 (0xc228f653) x12 0x0000000000000000
core   0: 0x0000000080004ed4 (0xc028f4d3) fcvt.l.s s1, fa7
core   0: 1 0x0000000080004ed4 (0xc028f4d3) c1_fflags 0x000000000000001f x9  0x7fffffffffffffff
core   0: 0x0000000080004ed8 (0x00000001) c.nop
core   0: 1 0x0000000080004ed8 (0x0001)
core   0: 0x0000000080004eda (0xc20278d3) fcvt.w.d a7, ft4
core   0: 1 0x0000000080004eda (0xc20278d3) c1_fflags 0x000000000000001f x17 0x000000007fffffff
core   0: 0x0000000080004ede (0x00b96933) or      s2, s2, a1
core   0: 1 0x0000000080004ede (0x00b96933) x18 0x00000000f1197773
core   0: 0x0000000080004ee2 (0x40b58b33) sub     s6, a1, a1
core   0: 1 0x0000000080004ee2 (0x40b58b33) x22 0x0000000000000000
core   0: 0x0000000080004ee6 (0x00000001) c.nop
core   0: 1 0x0000000080004ee6 (0x0001)
core   0: 0x0000000080004ee8 (0x2ba99053) fmax.d  ft0, fs3, fs10
core   0: 1 0x0000000080004ee8 (0x2ba99053) f0  0x7ff8000000000000
core   0: 0x0000000080004eec (0x002028f3) csrrs   a7, frm, zero
core   0: 1 0x0000000080004eec (0x002028f3) x17 0x0000000000000000
core   0: 0x0000000080004ef0 (0x1ad1f6c7) fmsub.d fa3, ft3, fa3, ft3
core   0: 1 0x0000000080004ef0 (0x1ad1f6c7) f13 0x7ff8000000000000
core   0: 0x0000000080004ef4 (0x33277bcb) fnmsub.d fs7, fa4, fs2, ft6
core   0: 1 0x0000000080004ef4 (0x33277bcb) f23 0x7ff8000000000000
core   0: 0x0000000080004ef8 (0xc225fb53) fcvt.l.d s6, fa1
core   0: 1 0x0000000080004ef8 (0xc225fb53) c1_fflags 0x000000000000001f x22 0x7fffffffffffffff
core   0: 0x0000000080004efc (0xc2007653) fcvt.w.d a2, ft0
core   0: 1 0x0000000080004efc (0xc2007653) c1_fflags 0x000000000000001f x12 0x000000007fffffff
core   0: 0x0000000080004f00 (0x7470f073) csrrci  zero, mseccfg, 1
core   0: exception trap_illegal_instruction, epc 0x0000000080004f00
core   0:           tval 0x000000007470f073
core   0: >>>>  $xrv64i2p1_m2p0_a2p1_f2p2_d2p2_zicsr2p0_zifencei2p0_zmmul1p0_zba1p0_zbb1p0_zbc1p0_zbs1p0
core   0: 0x0000000080004000 (0x0080006f) j       pc + 0x8
core   0: 3 0x0000000080004000 (0x0080006f)
core   0: >>>>  mmode_exception_handler
core   0: 0x0000000080004008 (0x00002c17) auipc   s8, 0x2
core   0: 3 0x0000000080004008 (0x00002c17) x24 0x0000000080006008
core   0: 0x000000008000400c (0x006c0c13) addi    s8, s8, 6
core   0: 3 0x000000008000400c (0x006c0c13) x24 0x000000008000600e
core   0: 0x0000000080004010 (0x000c00e7) jalr    s8
core   0: 3 0x0000000080004010 (0x000c00e7) x1  0x0000000080004014
core   0: >>>>  any_handler
core   0: 0x000000008000600e (0x341027f3) csrrs   a5, mepc, zero
core   0: 3 0x000000008000600e (0x341027f3) x15 0x0000000080004f00
core   0: 0x0000000080006012 (0x34202773) csrrs   a4, mcause, zero
core   0: 3 0x0000000080006012 (0x34202773) x14 0x0000000000000002
core   0: 0x0000000080006016 (0x142026f3) csrrs   a3, scause, zero
core   0: 3 0x0000000080006016 (0x142026f3) x13 0x7ffffffffffff946
core   0: 0x000000008000601a (0x30402673) csrrs   a2, mie, zero
core   0: 3 0x000000008000601a (0x30402673) x12 0x0000000000000a00
core   0: 0x000000008000601e (0x344025f3) csrrs   a1, mip, zero
core   0: 3 0x000000008000601e (0x344025f3) x11 0x0000000000000080
core   0: 0x0000000080006022 (0x343025f3) csrrs   a1, mtval, zero
core   0: 3 0x0000000080006022 (0x343025f3) x11 0x000000007470f073
core   0: 0x0000000080006026 (0x14302573) csrrs   a0, stval, zero
core   0: 3 0x0000000080006026 (0x14302573) x10 0x0000000000000000
core   0: 0x000000008000602a (0xb02024f3) csrrs   s1, minstret, zero
core   0: 3 0x000000008000602a (0xb02024f3) x9  0x0000000000000cd2
core   0: 0x000000008000602e (0x0000a811) c.j     pc + 20
core   0: 3 0x000000008000602e (0xa811)
core   0: >>>>  mepc_4
core   0: 0x0000000080006042 (0x00000791) c.addi  a5, 4
core   0: 3 0x0000000080006042 (0x0791) x15 0x0000000080004f04
core   0: 0x0000000080006044 (0x34179073) csrrw   zero, mepc, a5
core   0: 3 0x0000000080006044 (0x34179073) c833_mepc 0x0000000080004f04
core   0: 0x0000000080006048 (0x30200073) mret
core   0: 3 0x0000000080006048 (0x30200073) c768_mstatus 0x8000000a00106080
core   0: 0x0000000080004f04 (0x01a693b3) sll     t2, a3, s10
core   0: 1 0x0000000080004f04 (0x01a693b3) x7  0xffffff9460000000
core   0: 0x0000000080004f08 (0x23d012d3) fsgnjn.d ft5, ft0, ft9
core   0: 1 0x0000000080004f08 (0x23d012d3) f5  0x7ff8000000000000
core   0: 0x0000000080004f0c (0xc2317d53) fcvt.lu.d s10, ft2
core   0: 1 0x0000000080004f0c (0xc2317d53) c1_fflags 0x000000000000001f x26 0xffffffffffffffff
core   0: 0x0000000080004f10 (0x0ff0000f) fence   iorw,iorw
core   0: 1 0x0000000080004f10 (0x0ff0000f)
core   0: 0x0000000080004f14 (0x00000001) c.nop
core   0: 1 0x0000000080004f14 (0x0001)
core   0: 0x0000000080004f16 (0x027a1633) mulh    a2, s4, t2
core   0: 1 0x0000000080004f16 (0x027a1633) x12 0xffffffffffffffef
core   0: 0x0000000080004f1a (0x03f21c13) slli    s8, tp, 63
core   0: 1 0x0000000080004f1a (0x03f21c13) x24 0x0000000000000000
core   0: 0x0000000080004f1e (0x0184991b) slliw   s2, s1, 24
core   0: 1 0x0000000080004f1e (0x0184991b) x18 0xffffffffd2000000
core   0: 0x0000000080004f22 (0x3331fe4f) fnmadd.d ft8, ft3, fs3, ft6
core   0: 1 0x0000000080004f22 (0x3331fe4f) f28 0x7ff8000000000000
core   0: 0x0000000080004f26 (0x0148d5bb) srlw    a1, a7, s4
core   0: 1 0x0000000080004f26 (0x0148d5bb) x11 0x0000000000000000
core   0: 0x0000000080004f2a (0x414a5533) sra     a0, s4, s4
core   0: 1 0x0000000080004f2a (0x414a5533) x10 0x0000000028000000
core   0: 0x0000000080004f2e (0x225702d3) fsgnj.d ft5, fa4, ft5
core   0: 1 0x0000000080004f2e (0x225702d3) f5  0x7fffffff00000000
core   0: 0x0000000080004f32 (0x40e558b3) sra     a7, a0, a4
core   0: 1 0x0000000080004f32 (0x40e558b3) x17 0x000000000a000000
core   0: 0x0000000080004f36 (0x41b557b3) sra     a5, a0, s11
core   0: 1 0x0000000080004f36 (0x41b557b3) x15 0x0000000000000000
core   0: 0x0000000080004f3a (0xd030ffd3) fcvt.s.lu ft11, ra
core   0: 1 0x0000000080004f3a (0xd030ffd3) c1_fflags 0x000000000000001f f31 0xffffffff4f000040
core   0: 0x0000000080004f3e (0x6620e913) ori     s2, ra, 1634
core   0: 1 0x0000000080004f3e (0x6620e913) x18 0x0000000080004676
core   0: 0x0000000080004f42 (0x0380cc33) div     s8, ra, s8
core   0: 1 0x0000000080004f42 (0x0380cc33) x24 0xffffffffffffffff
core   0: 0x0000000080004f46 (0x1400e373) csrrsi  t1, sscratch, 1
core   0: 1 0x0000000080004f46 (0x1400e373) x6  0x0000000000000000 c320_sscratch 0x0000000000000001
core   0: 0x0000000080004f4a (0xda8ef2c7) fmsub.d ft5, ft9, fs0, fs11
core   0: 1 0x0000000080004f4a (0xda8ef2c7) f5  0x7ff8000000000000
core   0: 0x0000000080004f4e (0x2a7dfdcb) fnmsub.d fs11, fs11, ft7, ft5
core   0: 1 0x0000000080004f4e (0x2a7dfdcb) f27 0x7ff8000000000000
core   0: 0x0000000080004f52 (0xa4aefab7) lui     s5, 0xa4aef
core   0: 1 0x0000000080004f52 (0xa4aefab7) x21 0xffffffffa4aef000
core   0: 0x0000000080004f56 (0x00e914b3) sll     s1, s2, a4
core   0: 1 0x0000000080004f56 (0x00e914b3) x9  0x00000002000119d8
core   0: 0x0000000080004f5a (0xc05a7973) csrrci  s2, hpmcounter5, 20
core   0: exception trap_illegal_instruction, epc 0x0000000080004f5a
core   0:           tval 0x00000000c05a7973
core   0: >>>>  $xrv64i2p1_m2p0_a2p1_f2p2_d2p2_zicsr2p0_zifencei2p0_zmmul1p0_zba1p0_zbb1p0_zbc1p0_zbs1p0
core   0: 0x0000000080004000 (0x0080006f) j       pc + 0x8
core   0: 3 0x0000000080004000 (0x0080006f)
core   0: >>>>  mmode_exception_handler
core   0: 0x0000000080004008 (0x00002c17) auipc   s8, 0x2
core   0: 3 0x0000000080004008 (0x00002c17) x24 0x0000000080006008
core   0: 0x000000008000400c (0x006c0c13) addi    s8, s8, 6
core   0: 3 0x000000008000400c (0x006c0c13) x24 0x000000008000600e
core   0: 0x0000000080004010 (0x000c00e7) jalr    s8
core   0: 3 0x0000000080004010 (0x000c00e7) x1  0x0000000080004014
core   0: >>>>  any_handler
core   0: 0x000000008000600e (0x341027f3) csrrs   a5, mepc, zero
core   0: 3 0x000000008000600e (0x341027f3) x15 0x0000000080004f5a
core   0: 0x0000000080006012 (0x34202773) csrrs   a4, mcause, zero
core   0: 3 0x0000000080006012 (0x34202773) x14 0x0000000000000002
core   0: 0x0000000080006016 (0x142026f3) csrrs   a3, scause, zero
core   0: 3 0x0000000080006016 (0x142026f3) x13 0x7ffffffffffff946
core   0: 0x000000008000601a (0x30402673) csrrs   a2, mie, zero
core   0: 3 0x000000008000601a (0x30402673) x12 0x0000000000000a00
core   0: 0x000000008000601e (0x344025f3) csrrs   a1, mip, zero
core   0: 3 0x000000008000601e (0x344025f3) x11 0x0000000000000080
core   0: 0x0000000080006022 (0x343025f3) csrrs   a1, mtval, zero
core   0: 3 0x0000000080006022 (0x343025f3) x11 0x00000000c05a7973
core   0: 0x0000000080006026 (0x14302573) csrrs   a0, stval, zero
core   0: 3 0x0000000080006026 (0x14302573) x10 0x0000000000000000
core   0: 0x000000008000602a (0xb02024f3) csrrs   s1, minstret, zero
core   0: 3 0x000000008000602a (0xb02024f3) x9  0x0000000000000cf8
core   0: 0x000000008000602e (0x0000a811) c.j     pc + 20
core   0: 3 0x000000008000602e (0xa811)
core   0: >>>>  mepc_4
core   0: 0x0000000080006042 (0x00000791) c.addi  a5, 4
core   0: 3 0x0000000080006042 (0x0791) x15 0x0000000080004f5e
core   0: 0x0000000080006044 (0x34179073) csrrw   zero, mepc, a5
core   0: 3 0x0000000080006044 (0x34179073) c833_mepc 0x0000000080004f5e
core   0: 0x0000000080006048 (0x30200073) mret
core   0: 3 0x0000000080006048 (0x30200073) c768_mstatus 0x8000000a00106080
core   0: 0x0000000080004f5e (0x0a35f4d3) fsub.d  fs1, fa1, ft3
core   0: 1 0x0000000080004f5e (0x0a35f4d3) f9  0x7ff8000000000000
core   0: 0x0000000080004f62 (0x82cbf84b) fnmsub.d fa6, fs7, fa2, fa6
core   0: 1 0x0000000080004f62 (0x82cbf84b) f16 0x7ff8000000000000
core   0: 0x0000000080004f66 (0xd2090953) fcvt.d.w fs2, s2
core   0: 1 0x0000000080004f66 (0xd2090953) f18 0xc1dfffee62800000
core   0: 0x0000000080004f6a (0xf83ee113) ori     sp, t4, -125
core   0: 1 0x0000000080004f6a (0xf83ee113) x2  0xffffffffffffff8f
core   0: 0x0000000080004f6e (0x002026f3) csrrs   a3, frm, zero
core   0: 1 0x0000000080004f6e (0x002026f3) x13 0x0000000000000000
core   0: 0x0000000080004f72 (0x01a95d33) srl     s10, s2, s10
core   0: 1 0x0000000080004f72 (0x01a95d33) x26 0x0000000000000000
core   0: 0x0000000080004f76 (0x009693b3) sll     t2, a3, s1
core   0: 1 0x0000000080004f76 (0x009693b3) x7  0x0000000000000000
core   0: 0x0000000080004f7a (0x41a38733) sub     a4, t2, s10
core   0: 1 0x0000000080004f7a (0x41a38733) x14 0x0000000000000000
core   0: 0x0000000080004f7e (0xd0277f53) fcvt.s.l ft10, a4
core   0: 1 0x0000000080004f7e (0xd0277f53) f30 0xffffffff00000000
core   0: 0x0000000080004f82 (0xc3a38313) addi    t1, t2, -966
core   0: 1 0x0000000080004f82 (0xc3a38313) x6  0xfffffffffffffc3a
core   0: 0x0000000080004f86 (0x0072511b) srliw   sp, tp, 7
core   0: 1 0x0000000080004f86 (0x0072511b) x2  0x0000000001106580
core   0: 0x0000000080004f8a (0xc219fad3) fcvt.wu.d s5, fs3
core   0: 1 0x0000000080004f8a (0xc219fad3) c1_fflags 0x000000000000001f x21 0xffffffffffffffff
core   0: 0x0000000080004f8e (0x0152ad33) slt     s10, t0, s5
core   0: 1 0x0000000080004f8e (0x0152ad33) x26 0x0000000000000000
core   0: 0x0000000080004f92 (0x03a7e93b) remw    s2, a5, s10
core   0: 1 0x0000000080004f92 (0x03a7e93b) x18 0xffffffff80004f5e
core   0: 0x0000000080004f96 (0xfe26d737) lui     a4, 0xfe26d
core   0: 1 0x0000000080004f96 (0xfe26d737) x14 0xfffffffffe26d000
core   0: 0x0000000080004f9a (0xd8f7071b) addiw   a4, a4, -625
core   0: 1 0x0000000080004f9a (0xd8f7071b) x14 0xfffffffffe26cd8f
core   0: 0x0000000080004f9e (0x0000073a) c.slli  a4, 14
core   0: 1 0x0000000080004f9e (0x073a) x14 0xffffff89b363c000
core   0: 0x0000000080004fa0 (0xf2270713) addi    a4, a4, -222
core   0: 1 0x0000000080004fa0 (0xf2270713) x14 0xffffff89b363bf22
core   0: 0x0000000080004fa4 (0xfbd807b7) lui     a5, 0xfbd80
core   0: 1 0x0000000080004fa4 (0xfbd807b7) x15 0xfffffffffbd80000
core   0: 0x0000000080004fa8 (0xf337879b) addiw   a5, a5, -205
core   0: 1 0x0000000080004fa8 (0xf337879b) x15 0xfffffffffbd7ff33
core   0: 0x0000000080004fac (0x000007b2) c.slli  a5, 12
core   0: 1 0x0000000080004fac (0x07b2) x15 0xffffffbd7ff33000
core   0: 0x0000000080004fae (0x21178793) addi    a5, a5, 529
core   0: 1 0x0000000080004fae (0x21178793) x15 0xffffffbd7ff33211
core   0: 0x0000000080004fb2 (0x29816a13) ori     s4, sp, 664
core   0: 1 0x0000000080004fb2 (0x29816a13) x20 0x0000000001106798
core   0: 0x0000000080004fb6 (0x00b3d5b3) srl     a1, t2, a1
core   0: 1 0x0000000080004fb6 (0x00b3d5b3) x11 0x0000000000000000
core   0: 0x0000000080004fba (0x0ff0000f) fence   iorw,iorw
core   0: 1 0x0000000080004fba (0x0ff0000f)
core   0: 0x0000000080004fbe (0xfff38b13) addi    s6, t2, -1
core   0: 1 0x0000000080004fbe (0xfff38b13) x22 0xffffffffffffffff
core   0: 0x0000000080004fc2 (0xd0257753) fcvt.s.l fa4, a0
core   0: 1 0x0000000080004fc2 (0xd0257753) f14 0xffffffff00000000
core   0: 0x0000000080004fc6 (0x41f5d39b) sraiw   t2, a1, 31
core   0: 1 0x0000000080004fc6 (0x41f5d39b) x7  0x0000000000000000
core   0: 0x0000000080004fca (0xd02df553) fcvt.s.l fa0, s11
core   0: 1 0x0000000080004fca (0xd02df553) f10 0xffffffff457ff000
core   0: 0x0000000080004fce (0x400ad013) srai    zero, s5, 0
core   0: 1 0x0000000080004fce (0x400ad013)
core   0: 0x0000000080004fd2 (0xe7968137) lui     sp, 0xe7968
core   0: 1 0x0000000080004fd2 (0xe7968137) x2  0xffffffffe7968000
core   0: 0x0000000080004fd6 (0x809e0db7) lui     s11, 0x809e0
core   0: 1 0x0000000080004fd6 (0x809e0db7) x27 0xffffffff809e0000
core   0: 0x0000000080004fda (0x006aeab3) or      s5, s5, t1
core   0: 1 0x0000000080004fda (0x006aeab3) x21 0xffffffffffffffff
core   0: 0x0000000080004fde (0x001ad11b) srliw   sp, s5, 1
core   0: 1 0x0000000080004fde (0x001ad11b) x2  0x000000007fffffff
core   0: 0x0000000080004fe2 (0x31a2abf3) csrrs   s7, menvcfgh, t0
core   0: exception trap_illegal_instruction, epc 0x0000000080004fe2
core   0:           tval 0x0000000031a2abf3
core   0: >>>>  $xrv64i2p1_m2p0_a2p1_f2p2_d2p2_zicsr2p0_zifencei2p0_zmmul1p0_zba1p0_zbb1p0_zbc1p0_zbs1p0
core   0: 0x0000000080004000 (0x0080006f) j       pc + 0x8
core   0: 3 0x0000000080004000 (0x0080006f)
core   0: >>>>  mmode_exception_handler
core   0: 0x0000000080004008 (0x00002c17) auipc   s8, 0x2
core   0: 3 0x0000000080004008 (0x00002c17) x24 0x0000000080006008
core   0: 0x000000008000400c (0x006c0c13) addi    s8, s8, 6
core   0: 3 0x000000008000400c (0x006c0c13) x24 0x000000008000600e
core   0: 0x0000000080004010 (0x000c00e7) jalr    s8
core   0: 3 0x0000000080004010 (0x000c00e7) x1  0x0000000080004014
core   0: >>>>  any_handler
core   0: 0x000000008000600e (0x341027f3) csrrs   a5, mepc, zero
core   0: 3 0x000000008000600e (0x341027f3) x15 0x0000000080004fe2
core   0: 0x0000000080006012 (0x34202773) csrrs   a4, mcause, zero
core   0: 3 0x0000000080006012 (0x34202773) x14 0x0000000000000002
core   0: 0x0000000080006016 (0x142026f3) csrrs   a3, scause, zero
core   0: 3 0x0000000080006016 (0x142026f3) x13 0x7ffffffffffff946
core   0: 0x000000008000601a (0x30402673) csrrs   a2, mie, zero
core   0: 3 0x000000008000601a (0x30402673) x12 0x0000000000000a00
core   0: 0x000000008000601e (0x344025f3) csrrs   a1, mip, zero
core   0: 3 0x000000008000601e (0x344025f3) x11 0x0000000000000080
core   0: 0x0000000080006022 (0x343025f3) csrrs   a1, mtval, zero
core   0: 3 0x0000000080006022 (0x343025f3) x11 0x0000000031a2abf3
core   0: 0x0000000080006026 (0x14302573) csrrs   a0, stval, zero
core   0: 3 0x0000000080006026 (0x14302573) x10 0x0000000000000000
core   0: 0x000000008000602a (0xb02024f3) csrrs   s1, minstret, zero
core   0: 3 0x000000008000602a (0xb02024f3) x9  0x0000000000000d2a
core   0: 0x000000008000602e (0x0000a811) c.j     pc + 20
core   0: 3 0x000000008000602e (0xa811)
core   0: >>>>  mepc_4
core   0: 0x0000000080006042 (0x00000791) c.addi  a5, 4
core   0: 3 0x0000000080006042 (0x0791) x15 0x0000000080004fe6
core   0: 0x0000000080006044 (0x34179073) csrrw   zero, mepc, a5
core   0: 3 0x0000000080006044 (0x34179073) c833_mepc 0x0000000080004fe6
core   0: 0x0000000080006048 (0x30200073) mret
core   0: 3 0x0000000080006048 (0x30200073) c768_mstatus 0x8000000a00106080
core   0: 0x0000000080004fe6 (0x020c8ebb) mulw    t4, s9, zero
core   0: 1 0x0000000080004fe6 (0x020c8ebb) x29 0x0000000000000000
core   0: 0x0000000080004fea (0x23ec9353) fsgnjn.d ft6, fs9, ft10
core   0: 1 0x0000000080004fea (0x23ec9353) f6  0x7fffffff52133df9
core   0: 0x0000000080004fee (0x01cef533) and     a0, t4, t3
core   0: 1 0x0000000080004fee (0x01cef533) x10 0x0000000000000000
core   0: 0x0000000080004ff2 (0xf20c81d3) fmv.d.x ft3, s9
core   0: 1 0x0000000080004ff2 (0xf20c81d3) f3  0x0000000000000000
core   0: 0x0000000080004ff6 (0x238929d3) fsgnjx.d fs3, fs2, fs8
core   0: 1 0x0000000080004ff6 (0x238929d3) f19 0x41dfffee62800000
core   0: 0x0000000080004ffa (0x03927253) fadd.d  ft4, ft4, fs9
core   0: 1 0x0000000080004ffa (0x03927253) f4  0x7ff8000000000000
core   0: 0x0000000080004ffe (0xff9036b7) lui     a3, 0xff903
core   0: 1 0x0000000080004ffe (0xff9036b7) x13 0xffffffffff903000
core   0: 0x0000000080005002 (0x1f96869b) addiw   a3, a3, 505
core   0: 1 0x0000000080005002 (0x1f96869b) x13 0xffffffffff9031f9
core   0: 0x0000000080005006 (0x000006be) c.slli  a3, 15
core   0: 1 0x0000000080005006 (0x06be) x13 0xffffffc818fc8000
core   0: 0x0000000080005008 (0x84168693) addi    a3, a3, -1983
core   0: 1 0x0000000080005008 (0x84168693) x13 0xffffffc818fc7841
core   0: 0x000000008000500c (0xf2010053) fmv.d.x ft0, sp
core   0: 1 0x000000008000500c (0xf2010053) f0  0x000000007fffffff
core   0: 0x0000000080005010 (0xd036ffd3) fcvt.s.lu ft11, a3
core   0: 1 0x0000000080005010 (0xd036ffd3) c1_fflags 0x000000000000001f f31 0xffffffff5f800000
core   0: 0x0000000080005014 (0x009497b3) sll     a5, s1, s1
core   0: 1 0x0000000080005014 (0x009497b3) x15 0x0034a80000000000
core   0: 0x0000000080005018 (0x00009f21) c.addw  a4, s0
core   0: 1 0x0000000080005018 (0x9f21) x14 0x0000000000000002
core   0: 0x000000008000501a (0xc21ffd53) fcvt.wu.d s10, ft11
core   0: 1 0x000000008000501a (0xc21ffd53) c1_fflags 0x000000000000001f x26 0xffffffffffffffff
core   0: 0x000000008000501e (0x410b02b3) sub     t0, s6, a6
core   0: 1 0x000000008000501e (0x410b02b3) x5  0x0000000001278000
core   0: 0x0000000080005022 (0x0008971b) slliw   a4, a7, 0
core   0: 1 0x0000000080005022 (0x0008971b) x14 0x000000000a000000
core   0: 0x0000000080005026 (0x01d48ab3) add     s5, s1, t4
core   0: 1 0x0000000080005026 (0x01d48ab3) x21 0x0000000000000d2a
core   0: 0x000000008000502a (0x0a9273d3) fsub.d  ft7, ft4, fs1
core   0: 1 0x000000008000502a (0x0a9273d3) f7  0x7ff8000000000000
core   0: 0x000000008000502e (0x24f91137) lui     sp, 0x24f91
core   0: 1 0x000000008000502e (0x24f91137) x2  0x0000000024f91000
core   0: 0x0000000080005032 (0xa33009d3) fle.d   s3, ft0, fs3
core   0: 1 0x0000000080005032 (0xa33009d3) x19 0x0000000000000001
core   0: 0x0000000080005036 (0x22897fc7) fmsub.d ft11, fs2, fs0, ft4
core   0: 1 0x0000000080005036 (0x22897fc7) f31 0x7ff8000000000000
core   0: 0x000000008000503a (0x01f99b9b) slliw   s7, s3, 31
core   0: 1 0x000000008000503a (0x01f99b9b) x23 0xffffffff80000000
core   0: 0x000000008000503e (0xf8abdeb7) lui     t4, 0xf8abd
core   0: 1 0x000000008000503e (0xf8abdeb7) x29 0xfffffffff8abd000
core   0: 0x0000000080005042 (0xe67e8e9b) addiw   t4, t4, -409
core   0: 1 0x0000000080005042 (0xe67e8e9b) x29 0xfffffffff8abce67
core   0: 0x0000000080005046 (0x00000eb2) c.slli  t4, 12
core   0: 1 0x0000000080005046 (0x0eb2) x29 0xffffff8abce67000
core   0: 0x0000000080005048 (0x758e8e93) addi    t4, t4, 1880
core   0: 1 0x0000000080005048 (0x758e8e93) x29 0xffffff8abce67758
core   0: 0x000000008000504c (0xd236f3d3) fcvt.d.lu ft7, a3
core   0: 1 0x000000008000504c (0xd236f3d3) c1_fflags 0x000000000000001f f7  0x43effffff9031f8f
core   0: 0x0000000080005050 (0x00b086b3) add     a3, ra, a1
core   0: 1 0x0000000080005050 (0x00b086b3) x13 0x00000000b1a2ec07
core   0: 0x0000000080005054 (0x3433ee73) csrrsi  t3, mtval, 7
core   0: exception trap_illegal_instruction, epc 0x0000000080005054
core   0:           tval 0x000000003433ee73
core   0: >>>>  $xrv64i2p1_m2p0_a2p1_f2p2_d2p2_zicsr2p0_zifencei2p0_zmmul1p0_zba1p0_zbb1p0_zbc1p0_zbs1p0
core   0: 0x0000000080004000 (0x0080006f) j       pc + 0x8
core   0: 3 0x0000000080004000 (0x0080006f)
core   0: >>>>  mmode_exception_handler
core   0: 0x0000000080004008 (0x00002c17) auipc   s8, 0x2
core   0: 3 0x0000000080004008 (0x00002c17) x24 0x0000000080006008
core   0: 0x000000008000400c (0x006c0c13) addi    s8, s8, 6
core   0: 3 0x000000008000400c (0x006c0c13) x24 0x000000008000600e
core   0: 0x0000000080004010 (0x000c00e7) jalr    s8
core   0: 3 0x0000000080004010 (0x000c00e7) x1  0x0000000080004014
core   0: >>>>  any_handler
core   0: 0x000000008000600e (0x341027f3) csrrs   a5, mepc, zero
core   0: 3 0x000000008000600e (0x341027f3) x15 0x0000000080005054
core   0: 0x0000000080006012 (0x34202773) csrrs   a4, mcause, zero
core   0: 3 0x0000000080006012 (0x34202773) x14 0x0000000000000002
core   0: 0x0000000080006016 (0x142026f3) csrrs   a3, scause, zero
core   0: 3 0x0000000080006016 (0x142026f3) x13 0x7ffffffffffff946
core   0: 0x000000008000601a (0x30402673) csrrs   a2, mie, zero
core   0: 3 0x000000008000601a (0x30402673) x12 0x0000000000000a00
core   0: 0x000000008000601e (0x344025f3) csrrs   a1, mip, zero
core   0: 3 0x000000008000601e (0x344025f3) x11 0x0000000000000080
core   0: 0x0000000080006022 (0x343025f3) csrrs   a1, mtval, zero
core   0: 3 0x0000000080006022 (0x343025f3) x11 0x000000003433ee73
core   0: 0x0000000080006026 (0x14302573) csrrs   a0, stval, zero
core   0: 3 0x0000000080006026 (0x14302573) x10 0x0000000000000000
core   0: 0x000000008000602a (0xb02024f3) csrrs   s1, minstret, zero
core   0: 3 0x000000008000602a (0xb02024f3) x9  0x0000000000000d57
core   0: 0x000000008000602e (0x0000a811) c.j     pc + 20
core   0: 3 0x000000008000602e (0xa811)
core   0: >>>>  mepc_4
core   0: 0x0000000080006042 (0x00000791) c.addi  a5, 4
core   0: 3 0x0000000080006042 (0x0791) x15 0x0000000080005058
core   0: 0x0000000080006044 (0x34179073) csrrw   zero, mepc, a5
core   0: 3 0x0000000080006044 (0x34179073) c833_mepc 0x0000000080005058
core   0: 0x0000000080006048 (0x30200073) mret
core   0: 3 0x0000000080006048 (0x30200073) c768_mstatus 0x8000000a00106080
core   0: 0x0000000080005058 (0x01231137) lui     sp, 0x1231
core   0: 1 0x0000000080005058 (0x01231137) x2  0x0000000001231000
core   0: 0x000000008000505c (0x8291011b) addiw   sp, sp, -2007
core   0: 1 0x000000008000505c (0x8291011b) x2  0x0000000001230829
core   0: 0x0000000080005060 (0x0000013a) c.slli  sp, 14
core   0: 1 0x0000000080005060 (0x013a) x2  0x00000048c20a4000
core   0: 0x0000000080005062 (0x33710113) addi    sp, sp, 823
core   0: 1 0x0000000080005062 (0x33710113) x2  0x00000048c20a4337
core   0: 0x0000000080005066 (0x02cd063b) mulw    a2, s10, a2
core   0: 1 0x0000000080005066 (0x02cd063b) x12 0xfffffffffffff600
core   0: 0x000000008000506a (0x236b06d3) fsgnj.d fa3, fs6, fs6
core   0: 1 0x000000008000506a (0x236b06d3) f13 0x000000000010000c
core   0: 0x000000008000506e (0x03759b33) mulh    s6, a1, s7
core   0: 1 0x000000008000506e (0x03759b33) x22 0xffffffffffffffff
core   0: 0x0000000080005072 (0x007996b3) sll     a3, s3, t2
core   0: 1 0x0000000080005072 (0x007996b3) x13 0x0000000000000001
core   0: 0x0000000080005076 (0x12fb70d3) fmul.d  ft1, fs6, fa5
core   0: 1 0x0000000080005076 (0x12fb70d3) f1  0x0000000000000000
core   0: 0x000000008000507a (0x017b1abb) sllw    s5, s6, s7
core   0: 1 0x000000008000507a (0x017b1abb) x21 0xffffffffffffffff
core   0: 0x000000008000507e (0x000097be) c.add   a5, a5
core   0: 1 0x000000008000507e (0x97be) x15 0x000000010000a0b0
core   0: 0x0000000080005080 (0xd23b7253) fcvt.d.lu ft4, s6
core   0: 1 0x0000000080005080 (0xd23b7253) c1_fflags 0x000000000000001f f4  0x43f0000000000000
core   0: 0x0000000080005084 (0x02e6e1bb) remw    gp, a3, a4
core   0: 1 0x0000000080005084 (0x02e6e1bb) x3  0x0000000000000001
core   0: 0x0000000080005088 (0x62ea764f) fnmadd.d fa2, fs4, fa4, fa2
core   0: 1 0x0000000080005088 (0x62ea764f) f12 0x7ff8000000000000
core   0: 0x000000008000508c (0x2a3711d3) fmax.d  ft3, fa4, ft3
core   0: 1 0x000000008000508c (0x2a3711d3) f3  0x0000000000000000
core   0: 0x0000000080005090 (0x034a7d3b) remuw   s10, s4, s4
core   0: 1 0x0000000080005090 (0x034a7d3b) x26 0x0000000000000000
core   0: 0x0000000080005094 (0x67a8c893) xori    a7, a7, 1658
core   0: 1 0x0000000080005094 (0x67a8c893) x17 0x000000000a00067a
core   0: 0x0000000080005098 (0x2ad69153) fmax.d  ft2, fa3, fa3
core   0: 1 0x0000000080005098 (0x2ad69153) f2  0x000000000010000c
core   0: 0x000000008000509c (0x45fd6613) ori     a2, s10, 1119
core   0: 1 0x000000008000509c (0x45fd6613) x12 0x000000000000045f
core   0: 0x00000000800050a0 (0xef5e8e9b) addiw   t4, t4, -267
core   0: 1 0x00000000800050a0 (0xef5e8e9b) x29 0xffffffffbce6764d
core   0: 0x00000000800050a4 (0x015a5e33) srl     t3, s4, s5
core   0: 1 0x00000000800050a4 (0x015a5e33) x28 0x0000000000000000
core   0: 0x00000000800050a8 (0xc2067053) fcvt.w.d zero, fa2
core   0: 1 0x00000000800050a8 (0xc2067053) c1_fflags 0x000000000000001f
core   0: 0x00000000800050ac (0xf14e1073) csrrw   zero, mhartid, t3
core   0: exception trap_illegal_instruction, epc 0x00000000800050ac
core   0:           tval 0x00000000f14e1073
core   0: >>>>  $xrv64i2p1_m2p0_a2p1_f2p2_d2p2_zicsr2p0_zifencei2p0_zmmul1p0_zba1p0_zbb1p0_zbc1p0_zbs1p0
core   0: 0x0000000080004000 (0x0080006f) j       pc + 0x8
core   0: 3 0x0000000080004000 (0x0080006f)
core   0: >>>>  mmode_exception_handler
core   0: 0x0000000080004008 (0x00002c17) auipc   s8, 0x2
core   0: 3 0x0000000080004008 (0x00002c17) x24 0x0000000080006008
core   0: 0x000000008000400c (0x006c0c13) addi    s8, s8, 6
core   0: 3 0x000000008000400c (0x006c0c13) x24 0x000000008000600e
core   0: 0x0000000080004010 (0x000c00e7) jalr    s8
core   0: 3 0x0000000080004010 (0x000c00e7) x1  0x0000000080004014
core   0: >>>>  any_handler
core   0: 0x000000008000600e (0x341027f3) csrrs   a5, mepc, zero
core   0: 3 0x000000008000600e (0x341027f3) x15 0x00000000800050ac
core   0: 0x0000000080006012 (0x34202773) csrrs   a4, mcause, zero
core   0: 3 0x0000000080006012 (0x34202773) x14 0x0000000000000002
core   0: 0x0000000080006016 (0x142026f3) csrrs   a3, scause, zero
core   0: 3 0x0000000080006016 (0x142026f3) x13 0x7ffffffffffff946
core   0: 0x000000008000601a (0x30402673) csrrs   a2, mie, zero
core   0: 3 0x000000008000601a (0x30402673) x12 0x0000000000000a00
core   0: 0x000000008000601e (0x344025f3) csrrs   a1, mip, zero
core   0: 3 0x000000008000601e (0x344025f3) x11 0x0000000000000080
core   0: 0x0000000080006022 (0x343025f3) csrrs   a1, mtval, zero
core   0: 3 0x0000000080006022 (0x343025f3) x11 0x00000000f14e1073
core   0: 0x0000000080006026 (0x14302573) csrrs   a0, stval, zero
core   0: 3 0x0000000080006026 (0x14302573) x10 0x0000000000000000
core   0: 0x000000008000602a (0xb02024f3) csrrs   s1, minstret, zero
core   0: 3 0x000000008000602a (0xb02024f3) x9  0x0000000000000d7d
core   0: 0x000000008000602e (0x0000a811) c.j     pc + 20
core   0: 3 0x000000008000602e (0xa811)
core   0: >>>>  mepc_4
core   0: 0x0000000080006042 (0x00000791) c.addi  a5, 4
core   0: 3 0x0000000080006042 (0x0791) x15 0x00000000800050b0
core   0: 0x0000000080006044 (0x34179073) csrrw   zero, mepc, a5
core   0: 3 0x0000000080006044 (0x34179073) c833_mepc 0x00000000800050b0
core   0: 0x0000000080006048 (0x30200073) mret
core   0: 3 0x0000000080006048 (0x30200073) c768_mstatus 0x8000000a00106080
core   0: 0x00000000800050b0 (0x344439f3) csrrc   s3, mip, s0
core   0: exception trap_illegal_instruction, epc 0x00000000800050b0
core   0:           tval 0x00000000344439f3
core   0: >>>>  $xrv64i2p1_m2p0_a2p1_f2p2_d2p2_zicsr2p0_zifencei2p0_zmmul1p0_zba1p0_zbb1p0_zbc1p0_zbs1p0
core   0: 0x0000000080004000 (0x0080006f) j       pc + 0x8
core   0: 3 0x0000000080004000 (0x0080006f)
core   0: >>>>  mmode_exception_handler
core   0: 0x0000000080004008 (0x00002c17) auipc   s8, 0x2
core   0: 3 0x0000000080004008 (0x00002c17) x24 0x0000000080006008
core   0: 0x000000008000400c (0x006c0c13) addi    s8, s8, 6
core   0: 3 0x000000008000400c (0x006c0c13) x24 0x000000008000600e
core   0: 0x0000000080004010 (0x000c00e7) jalr    s8
core   0: 3 0x0000000080004010 (0x000c00e7) x1  0x0000000080004014
core   0: >>>>  any_handler
core   0: 0x000000008000600e (0x341027f3) csrrs   a5, mepc, zero
core   0: 3 0x000000008000600e (0x341027f3) x15 0x00000000800050b0
core   0: 0x0000000080006012 (0x34202773) csrrs   a4, mcause, zero
core   0: 3 0x0000000080006012 (0x34202773) x14 0x0000000000000002
core   0: 0x0000000080006016 (0x142026f3) csrrs   a3, scause, zero
core   0: 3 0x0000000080006016 (0x142026f3) x13 0x7ffffffffffff946
core   0: 0x000000008000601a (0x30402673) csrrs   a2, mie, zero
core   0: 3 0x000000008000601a (0x30402673) x12 0x0000000000000a00
core   0: 0x000000008000601e (0x344025f3) csrrs   a1, mip, zero
core   0: 3 0x000000008000601e (0x344025f3) x11 0x0000000000000080
core   0: 0x0000000080006022 (0x343025f3) csrrs   a1, mtval, zero
core   0: 3 0x0000000080006022 (0x343025f3) x11 0x00000000344439f3
core   0: 0x0000000080006026 (0x14302573) csrrs   a0, stval, zero
core   0: 3 0x0000000080006026 (0x14302573) x10 0x0000000000000000
core   0: 0x000000008000602a (0xb02024f3) csrrs   s1, minstret, zero
core   0: 3 0x000000008000602a (0xb02024f3) x9  0x0000000000000d8d
core   0: 0x000000008000602e (0x0000a811) c.j     pc + 20
core   0: 3 0x000000008000602e (0xa811)
core   0: >>>>  mepc_4
core   0: 0x0000000080006042 (0x00000791) c.addi  a5, 4
core   0: 3 0x0000000080006042 (0x0791) x15 0x00000000800050b4
core   0: 0x0000000080006044 (0x34179073) csrrw   zero, mepc, a5
core   0: 3 0x0000000080006044 (0x34179073) c833_mepc 0x00000000800050b4
core   0: 0x0000000080006048 (0x30200073) mret
core   0: 3 0x0000000080006048 (0x30200073) c768_mstatus 0x8000000a00106080
core   0: 0x00000000800050b4 (0x02b1b1b3) mulhu   gp, gp, a1
core   0: 1 0x00000000800050b4 (0x02b1b1b3) x3  0x0000000000000000
core   0: 0x00000000800050b8 (0x002cd933) srl     s2, s9, sp
core   0: 1 0x00000000800050b8 (0x002cd933) x18 0x0000000000000000
core   0: 0x00000000800050bc (0x41f95313) srai    t1, s2, 31
core   0: 1 0x00000000800050bc (0x41f95313) x6  0x0000000000000000
core   0: 0x00000000800050c0 (0x017e149b) slliw   s1, t3, 23
core   0: 1 0x00000000800050c0 (0x017e149b) x9  0x0000000000000000
core   0: 0x00000000800050c4 (0xf2070cd3) fmv.d.x fs9, a4
core   0: 1 0x00000000800050c4 (0xf2070cd3) f25 0x0000000000000002
core   0: 0x00000000800050c8 (0x00035213) srli    tp, t1, 0
core   0: 1 0x00000000800050c8 (0x00035213) x4  0x0000000000000000
core   0: 0x00000000800050cc (0x01188cbb) addw    s9, a7, a7
core   0: 1 0x00000000800050cc (0x01188cbb) x25 0x0000000014000cf4
core   0: 0x00000000800050d0 (0x394c8e9b) addiw   t4, s9, 916
core   0: 1 0x00000000800050d0 (0x394c8e9b) x29 0x0000000014001088
core   0: 0x00000000800050d4 (0x03f2da13) srli    s4, t0, 63
core   0: 1 0x00000000800050d4 (0x03f2da13) x20 0x0000000000000000
core   0: 0x00000000800050d8 (0x2adc9ad3) fmax.d  fs5, fs9, fa3
core   0: 1 0x00000000800050d8 (0x2adc9ad3) f21 0x000000000010000c
core   0: 0x00000000800050dc (0x00149773) csrrw   a4, fflags, s1
core   0: 1 0x00000000800050dc (0x00149773) x14 0x000000000000001f c1_fflags 0x0000000000000000
core   0: 0x00000000800050e0 (0x011cdc9b) srliw   s9, s9, 17
core   0: 1 0x00000000800050e0 (0x011cdc9b) x25 0x0000000000000a00
core   0: 0x00000000800050e4 (0x0ff0000f) fence   iorw,iorw
core   0: 1 0x00000000800050e4 (0x0ff0000f)
core   0: 0x00000000800050e8 (0x02707cbb) remuw   s9, zero, t2
core   0: 1 0x00000000800050e8 (0x02707cbb) x25 0x0000000000000000
core   0: 0x00000000800050ec (0xeeefcc17) auipc   s8, 0xeeefc
core   0: 1 0x00000000800050ec (0xeeefcc17) x24 0x000000006ef010ec
core   0: 0x00000000800050f0 (0x9f786913) ori     s2, a6, -1545
core   0: 1 0x00000000800050f0 (0x9f786913) x18 0xffffffffffffffff
core   0: 0x00000000800050f4 (0x41d353bb) sraw    t2, t1, t4
core   0: 1 0x00000000800050f4 (0x41d353bb) x7  0x0000000000000000
core   0: 0x00000000800050f8 (0x228908d3) fsgnj.d fa7, fs2, fs0
core   0: 1 0x00000000800050f8 (0x228908d3) f17 0x41dfffee62800000
core   0: 0x00000000800050fc (0x22ae8c53) fsgnj.d fs8, ft9, fa0
core   0: 1 0x00000000800050fc (0x22ae8c53) f24 0xfff8000000000000
core   0: 0x0000000080005100 (0xe20d04d3) fmv.x.d s1, fs10
core   0: 1 0x0000000080005100 (0xe20d04d3) x9  0xffffffff3f800000
core   0: 0x0000000080005104 (0x0387c9bb) divw    s3, a5, s8
core   0: 1 0x0000000080005104 (0x0387c9bb) x19 0xffffffffffffffff
core   0: 0x0000000080005108 (0x00ea19bb) sllw    s3, s4, a4
core   0: 1 0x0000000080005108 (0x00ea19bb) x19 0x0000000000000000
core   0: 0x000000008000510c (0x018cd49b) srliw   s1, s9, 24
core   0: 1 0x000000008000510c (0x018cd49b) x9  0x0000000000000000
core   0: 0x0000000080005110 (0xa3ac0ed3) fle.d   t4, fs8, fs10
core   0: 1 0x0000000080005110 (0xa3ac0ed3) c1_fflags 0x0000000000000010 x29 0x0000000000000000
core   0: 0x0000000080005114 (0x401bf253) fcvt.s.d ft4, fs7
core   0: 1 0x0000000080005114 (0x401bf253) f4  0xffffffff7fc00000
core   0: 0x0000000080005118 (0xbbbafc4f) fnmadd.d fs8, fs5, fs11, fs7
core   0: 1 0x0000000080005118 (0xbbbafc4f) f24 0x7ff8000000000000
core   0: 0x000000008000511c (0x019c983b) sllw    a6, s9, s9
core   0: 1 0x000000008000511c (0x019c983b) x16 0x0000000000000000
core   0: 0x0000000080005120 (0x401a7753) fcvt.s.d fa4, fs4
core   0: 1 0x0000000080005120 (0x401a7753) f14 0xffffffff7fc00000
core   0: 0x0000000080005124 (0x01009d33) sll     s10, ra, a6
core   0: 1 0x0000000080005124 (0x01009d33) x26 0x0000000080004014
core   0: 0x0000000080005128 (0x00581b13) slli    s6, a6, 5
core   0: 1 0x0000000080005128 (0x00581b13) x22 0x0000000000000000
core   0: 0x000000008000512c (0xa3da89d3) fle.d   s3, fs5, ft9
core   0: 1 0x000000008000512c (0xa3da89d3) c1_fflags 0x0000000000000010 x19 0x0000000000000000
core   0: 0x0000000080005130 (0xc039f453) fcvt.lu.s s0, fs3
core   0: 1 0x0000000080005130 (0xc039f453) c1_fflags 0x0000000000000010 x8  0xffffffffffffffff
core   0: 0x0000000080005134 (0xc20c71d3) fcvt.w.d gp, fs8
core   0: 1 0x0000000080005134 (0xc20c71d3) c1_fflags 0x0000000000000010 x3  0x000000007fffffff
core   0: 0x0000000080005138 (0x029d5693) srli    a3, s10, 41
core   0: 1 0x0000000080005138 (0x029d5693) x13 0x0000000000000000
core   0: 0x000000008000513c (0x00000001) c.nop
core   0: 1 0x000000008000513c (0x0001)
core   0: 0x000000008000513e (0xc814aef3) csrrs   t4, timeh, s1
core   0: exception trap_illegal_instruction, epc 0x000000008000513e
core   0:           tval 0x00000000c814aef3
core   0: >>>>  $xrv64i2p1_m2p0_a2p1_f2p2_d2p2_zicsr2p0_zifencei2p0_zmmul1p0_zba1p0_zbb1p0_zbc1p0_zbs1p0
core   0: 0x0000000080004000 (0x0080006f) j       pc + 0x8
core   0: 3 0x0000000080004000 (0x0080006f)
core   0: >>>>  mmode_exception_handler
core   0: 0x0000000080004008 (0x00002c17) auipc   s8, 0x2
core   0: 3 0x0000000080004008 (0x00002c17) x24 0x0000000080006008
core   0: 0x000000008000400c (0x006c0c13) addi    s8, s8, 6
core   0: 3 0x000000008000400c (0x006c0c13) x24 0x000000008000600e
core   0: 0x0000000080004010 (0x000c00e7) jalr    s8
core   0: 3 0x0000000080004010 (0x000c00e7) x1  0x0000000080004014
core   0: >>>>  any_handler
core   0: 0x000000008000600e (0x341027f3) csrrs   a5, mepc, zero
core   0: 3 0x000000008000600e (0x341027f3) x15 0x000000008000513e
core   0: 0x0000000080006012 (0x34202773) csrrs   a4, mcause, zero
core   0: 3 0x0000000080006012 (0x34202773) x14 0x0000000000000002
core   0: 0x0000000080006016 (0x142026f3) csrrs   a3, scause, zero
core   0: 3 0x0000000080006016 (0x142026f3) x13 0x7ffffffffffff946
core   0: 0x000000008000601a (0x30402673) csrrs   a2, mie, zero
core   0: 3 0x000000008000601a (0x30402673) x12 0x0000000000000a00
core   0: 0x000000008000601e (0x344025f3) csrrs   a1, mip, zero
core   0: 3 0x000000008000601e (0x344025f3) x11 0x0000000000000080
core   0: 0x0000000080006022 (0x343025f3) csrrs   a1, mtval, zero
core   0: 3 0x0000000080006022 (0x343025f3) x11 0x00000000c814aef3
core   0: 0x0000000080006026 (0x14302573) csrrs   a0, stval, zero
core   0: 3 0x0000000080006026 (0x14302573) x10 0x0000000000000000
core   0: 0x000000008000602a (0xb02024f3) csrrs   s1, minstret, zero
core   0: 3 0x000000008000602a (0xb02024f3) x9  0x0000000000000dc0
core   0: 0x000000008000602e (0x0000a811) c.j     pc + 20
core   0: 3 0x000000008000602e (0xa811)
core   0: >>>>  mepc_4
core   0: 0x0000000080006042 (0x00000791) c.addi  a5, 4
core   0: 3 0x0000000080006042 (0x0791) x15 0x0000000080005142
core   0: 0x0000000080006044 (0x34179073) csrrw   zero, mepc, a5
core   0: 3 0x0000000080006044 (0x34179073) c833_mepc 0x0000000080005142
core   0: 0x0000000080006048 (0x30200073) mret
core   0: 3 0x0000000080006048 (0x30200073) c768_mstatus 0x8000000a00106080
core   0: 0x0000000080005142 (0x159a18b7) lui     a7, 0x159a1
core   0: 1 0x0000000080005142 (0x159a18b7) x17 0x00000000159a1000
core   0: 0x0000000080005146 (0x026e61bb) remw    gp, t3, t1
core   0: 1 0x0000000080005146 (0x026e61bb) x3  0x0000000000000000
core   0: 0x000000008000514a (0x0ff0000f) fence   iorw,iorw
core   0: 1 0x000000008000514a (0x0ff0000f)
core   0: 0x000000008000514e (0x068c8c37) lui     s8, 0x68c8
core   0: 1 0x000000008000514e (0x068c8c37) x24 0x00000000068c8000
core   0: 0x0000000080005152 (0xc95c0c1b) addiw   s8, s8, -875
core   0: 1 0x0000000080005152 (0xc95c0c1b) x24 0x00000000068c7c95
core   0: 0x0000000080005156 (0x00000c32) c.slli  s8, 12
core   0: 1 0x0000000080005156 (0x0c32) x24 0x00000068c7c95000
core   0: 0x0000000080005158 (0x332c0c13) addi    s8, s8, 818
core   0: 1 0x0000000080005158 (0x332c0c13) x24 0x00000068c7c95332
core   0: 0x000000008000515c (0xa2e1809b) addiw   ra, gp, -1490
core   0: 1 0x000000008000515c (0xa2e1809b) x1  0xfffffffffffffa2e
core   0: 0x0000000080005160 (0x40107fd3) fcvt.s.d ft11, ft0
core   0: 1 0x0000000080005160 (0x40107fd3) c1_fflags 0x0000000000000013 f31 0xffffffff00000000
core   0: 0x0000000080005164 (0x005588b3) add     a7, a1, t0
core   0: 1 0x0000000080005164 (0x005588b3) x17 0x00000000c93c2ef3
core   0: 0x0000000080005168 (0x0231f93b) remuw   s2, gp, gp
core   0: 1 0x0000000080005168 (0x0231f93b) x18 0x0000000000000000
core   0: 0x000000008000516c (0xd02a7cd3) fcvt.s.l fs9, s4
core   0: 1 0x000000008000516c (0xd02a7cd3) f25 0xffffffff00000000
core   0: 0x0000000080005170 (0x6c74b037) lui     zero, 0x6c74b
core   0: 1 0x0000000080005170 (0x6c74b037)
core   0: 0x0000000080005174 (0xd028f5d3) fcvt.s.l fa1, a7
core   0: 1 0x0000000080005174 (0xd028f5d3) c1_fflags 0x0000000000000013 f11 0xffffffff4f493c2f
core   0: 0x0000000080005178 (0x0a94f053) fsub.d  ft0, fs1, fs1
core   0: 1 0x0000000080005178 (0x0a94f053) f0  0x7ff8000000000000
core   0: 0x000000008000517c (0x00000001) c.nop
core   0: 1 0x000000008000517c (0x0001)
core   0: 0x000000008000517e (0x406181bb) subw    gp, gp, t1
core   0: 1 0x000000008000517e (0x406181bb) x3  0x0000000000000000
core   0: 0x0000000080005182 (0x0010a733) slt     a4, ra, ra
core   0: 1 0x0000000080005182 (0x0010a733) x14 0x0000000000000000
core   0: 0x0000000080005186 (0x4ba5774f) fnmadd.d fa4, fa0, fs10, fs1
core   0: 1 0x0000000080005186 (0x4ba5774f) f14 0x7ff8000000000000
core   0: 0x000000008000518a (0x00000001) c.nop
core   0: 1 0x000000008000518a (0x0001)
core   0: 0x000000008000518c (0xfdd0c613) xori    a2, ra, -35
core   0: 1 0x000000008000518c (0xfdd0c613) x12 0x00000000000005f3
core   0: 0x0000000080005190 (0x03dbd533) divu    a0, s7, t4
core   0: 1 0x0000000080005190 (0x03dbd533) x10 0xffffffffffffffff
core   0: 0x0000000080005194 (0x43f8d193) srai    gp, a7, 63
core   0: 1 0x0000000080005194 (0x43f8d193) x3  0x0000000000000000
core   0: 0x0000000080005198 (0x2bb87443) fmadd.d fs0, fa6, fs11, ft5
core   0: 1 0x0000000080005198 (0x2bb87443) f8  0x7ff8000000000000
core   0: 0x000000008000519c (0x40a1d9bb) sraw    s3, gp, a0
core   0: 1 0x000000008000519c (0x40a1d9bb) x19 0x0000000000000000
core   0: 0x00000000800051a0 (0x02a9a533) mulhsu  a0, s3, a0
core   0: 1 0x00000000800051a0 (0x02a9a533) x10 0x0000000000000000
core   0: 0x00000000800051a4 (0x40197153) fcvt.s.d ft2, fs2
core   0: 1 0x00000000800051a4 (0x40197153) c1_fflags 0x0000000000000013 f2  0xffffffffceffff73
core   0: 0x00000000800051a8 (0x0ff0000f) fence   iorw,iorw
core   0: 1 0x00000000800051a8 (0x0ff0000f)
core   0: 0x00000000800051ac (0xd2050653) fcvt.d.w fa2, a0
core   0: 1 0x00000000800051ac (0xd2050653) f12 0x0000000000000000
core   0: 0x00000000800051b0 (0x42575c93) srai    s9, a4, 37
core   0: 1 0x00000000800051b0 (0x42575c93) x25 0x0000000000000000
core   0: 0x00000000800051b4 (0x413508bb) subw    a7, a0, s3
core   0: 1 0x00000000800051b4 (0x413508bb) x17 0x0000000000000000
core   0: 0x00000000800051b8 (0x03357833) remu    a6, a0, s3
core   0: 1 0x00000000800051b8 (0x03357833) x16 0x0000000000000000
core   0: 0x00000000800051bc (0x001a1413) slli    s0, s4, 1
core   0: 1 0x00000000800051bc (0x001a1413) x8  0x0000000000000000
core   0: 0x00000000800051c0 (0xd021ffd3) fcvt.s.l ft11, gp
core   0: 1 0x00000000800051c0 (0xd021ffd3) f31 0xffffffff00000000
core   0: 0x00000000800051c4 (0xa044051b) addiw   a0, s0, -1532
core   0: 1 0x00000000800051c4 (0xa044051b) x10 0xfffffffffffffa04
core   0: 0x00000000800051c8 (0x00202c73) csrrs   s8, frm, zero
core   0: 1 0x00000000800051c8 (0x00202c73) x24 0x0000000000000000
core   0: 0x00000000800051cc (0x02fe1893) slli    a7, t3, 47
core   0: 1 0x00000000800051cc (0x02fe1893) x17 0x0000000000000000
core   0: 0x00000000800051d0 (0x0288ebbb) remw    s7, a7, s0
core   0: 1 0x00000000800051d0 (0x0288ebbb) x23 0x0000000000000000
core   0: 0x00000000800051d4 (0x0316dbb3) divu    s7, a3, a7
core   0: 1 0x00000000800051d4 (0x0316dbb3) x23 0xffffffffffffffff
core   0: 0x00000000800051d8 (0x007b85b3) add     a1, s7, t2
core   0: 1 0x00000000800051d8 (0x007b85b3) x11 0xffffffffffffffff
core   0: 0x00000000800051dc (0x0349d713) srli    a4, s3, 52
core   0: 1 0x00000000800051dc (0x0349d713) x14 0x0000000000000000
core   0: 0x00000000800051e0 (0xbbfbfbc7) fmsub.d fs7, fs7, ft11, fs7
core   0: 1 0x00000000800051e0 (0xbbfbfbc7) f23 0x7ff8000000000000
core   0: 0x00000000800051e4 (0x00d6d6b3) srl     a3, a3, a3
core   0: 1 0x00000000800051e4 (0x00d6d6b3) x13 0x01ffffffffffffe5
core   0: 0x00000000800051e8 (0x88a891b7) lui     gp, 0x88a89
core   0: 1 0x00000000800051e8 (0x88a891b7) x3  0xffffffff88a89000
core   0: 0x00000000800051ec (0xd03e7853) fcvt.s.lu fa6, t3
core   0: 1 0x00000000800051ec (0xd03e7853) f16 0xffffffff00000000
core   0: 0x00000000800051f0 (0x8006831b) addiw   t1, a3, -2048
core   0: 1 0x00000000800051f0 (0x8006831b) x6  0xfffffffffffff7e5
core   0: 0x00000000800051f4 (0x03768db3) mul     s11, a3, s7
core   0: 1 0x00000000800051f4 (0x03768db3) x27 0xfe0000000000001b
core   0: 0x00000000800051f8 (0x40167d53) fcvt.s.d fs10, fa2
core   0: 1 0x00000000800051f8 (0x40167d53) f26 0xffffffff00000000
core   0: 0x00000000800051fc (0xd225f653) fcvt.d.l fa2, a1
core   0: 1 0x00000000800051fc (0xd225f653) f12 0xbff0000000000000
core   0: 0x0000000080005200 (0x41f6589b) sraiw   a7, a2, 31
core   0: 1 0x0000000080005200 (0x41f6589b) x17 0x0000000000000000
core   0: 0x0000000080005204 (0x0172903b) sllw    zero, t0, s7
core   0: 1 0x0000000080005204 (0x0172903b)
core   0: 0x0000000080005208 (0x01128bb3) add     s7, t0, a7
core   0: 1 0x0000000080005208 (0x01128bb3) x23 0x0000000001278000
core   0: 0x000000008000520c (0x012050b3) srl     ra, zero, s2
core   0: 1 0x000000008000520c (0x012050b3) x1  0x0000000000000000
core   0: 0x0000000080005210 (0x6d70fd13) andi    s10, ra, 1751
core   0: 1 0x0000000080005210 (0x6d70fd13) x26 0x0000000000000000
core   0: 0x0000000080005214 (0x0140da1b) srliw   s4, ra, 20
core   0: 1 0x0000000080005214 (0x0140da1b) x20 0x0000000000000000
core   0: 0x0000000080005218 (0x0356e6b3) rem     a3, a3, s5
core   0: 1 0x0000000080005218 (0x0356e6b3) x13 0x0000000000000000
core   0: 0x000000008000521c (0xc21d7253) fcvt.wu.d tp, fs10
core   0: 1 0x000000008000521c (0xc21d7253) c1_fflags 0x0000000000000013 x4  0xffffffffffffffff
core   0: 0x0000000080005220 (0x2294a353) fsgnjx.d ft6, fs1, fs1
core   0: 1 0x0000000080005220 (0x2294a353) f6  0x7ff8000000000000
core   0: 0x0000000080005224 (0x106fd073) csrrwi  zero, scounteren, 31
core   0: 1 0x0000000080005224 (0x106fd073) c262_scounteren 0x0000000000000000
core   0: 0x0000000080005228 (0x03ddcd33) div     s10, s11, t4
core   0: 1 0x0000000080005228 (0x03ddcd33) x26 0xffffffffffffffff
core   0: 0x000000008000522c (0xd2068253) fcvt.d.w ft4, a3
core   0: 1 0x000000008000522c (0xd2068253) f4  0x0000000000000000
core   0: 0x0000000080005230 (0x436cdc93) srai    s9, s9, 54
core   0: 1 0x0000000080005230 (0x436cdc93) x25 0x0000000000000000
core   0: 0x0000000080005234 (0x8003831b) addiw   t1, t2, -2048
core   0: 1 0x0000000080005234 (0x8003831b) x6  0xfffffffffffff800
core   0: 0x0000000080005238 (0x00000001) c.nop
core   0: 1 0x0000000080005238 (0x0001)
core   0: 0x000000008000523a (0x420d0253) fcvt.d.s ft4, fs10
core   0: 1 0x000000008000523a (0x420d0253) f4  0x0000000000000000
core   0: 0x000000008000523e (0xd02375d3) fcvt.s.l fa1, t1
core   0: 1 0x000000008000523e (0xd02375d3) f11 0xffffffffc5000000
core   0: 0x0000000080005242 (0x7ff60a93) addi    s5, a2, 2047
core   0: 1 0x0000000080005242 (0x7ff60a93) x21 0x0000000000000df2
core   0: 0x0000000080005246 (0x01c307b3) add     a5, t1, t3
core   0: 1 0x0000000080005246 (0x01c307b3) x15 0xfffffffffffff800
core   0: 0x000000008000524a (0x5a06f6d3) fsqrt.d fa3, fa3
core   0: 1 0x000000008000524a (0x5a06f6d3) c1_fflags 0x0000000000000013 f13 0x1f000005fffee000
core   0: 0x000000008000524e (0x165b6d93) ori     s11, s6, 357
core   0: 1 0x000000008000524e (0x165b6d93) x27 0x0000000000000165
core   0: 0x0000000080005252 (0x01a77db3) and     s11, a4, s10
core   0: 1 0x0000000080005252 (0x01a77db3) x27 0x0000000000000000
core   0: 0x0000000080005256 (0x0139aeb3) slt     t4, s3, s3
core   0: 1 0x0000000080005256 (0x0139aeb3) x29 0x0000000000000000
core   0: 0x000000008000525a (0x0a0d76d3) fsub.d  fa3, fs10, ft0
core   0: 1 0x000000008000525a (0x0a0d76d3) f13 0x7ff8000000000000
core   0: 0x000000008000525e (0x036a1433) mulh    s0, s4, s6
core   0: 1 0x000000008000525e (0x036a1433) x8  0x0000000000000000
core   0: 0x0000000080005262 (0xc2047753) fcvt.w.d a4, fs0
core   0: 1 0x0000000080005262 (0xc2047753) c1_fflags 0x0000000000000013 x14 0x000000007fffffff
core   0: 0x0000000080005266 (0xd23df653) fcvt.d.lu fa2, s11
core   0: 1 0x0000000080005266 (0xd23df653) f12 0x0000000000000000
core   0: 0x000000008000526a (0x41bd883b) subw    a6, s11, s11
core   0: 1 0x000000008000526a (0x41bd883b) x16 0x0000000000000000
core   0: 0x000000008000526e (0x40197953) fcvt.s.d fs2, fs2
core   0: 1 0x000000008000526e (0x40197953) c1_fflags 0x0000000000000013 f18 0xffffffffceffff73
core   0: 0x0000000080005272 (0x006b4bb3) xor     s7, s6, t1
core   0: 1 0x0000000080005272 (0x006b4bb3) x23 0xfffffffffffff800
core   0: 0x0000000080005276 (0x4158033b) subw    t1, a6, s5
core   0: 1 0x0000000080005276 (0x4158033b) x6  0xfffffffffffff20e
core   0: 0x000000008000527a (0x01cc46b3) xor     a3, s8, t3
core   0: 1 0x000000008000527a (0x01cc46b3) x13 0x0000000000000000
core   0: 0x000000008000527e (0x00021b9b) slliw   s7, tp, 0
core   0: 1 0x000000008000527e (0x00021b9b) x23 0xffffffffffffffff
core   0: 0x0000000080005282 (0x001991f3) csrrw   gp, fflags, s3
core   0: 1 0x0000000080005282 (0x001991f3) x3  0x0000000000000013 c1_fflags 0x0000000000000000
core   0: 0x0000000080005286 (0x73cb7d4f) fnmadd.d fs10, fs6, ft8, fa4
core   0: 1 0x0000000080005286 (0x73cb7d4f) f26 0x7ff8000000000000
core   0: 0x000000008000528a (0x02c18533) mul     a0, gp, a2
core   0: 1 0x000000008000528a (0x02c18533) x10 0x0000000000007109
core   0: 0x000000008000528e (0x0ff0000f) fence   iorw,iorw
core   0: 1 0x000000008000528e (0x0ff0000f)
core   0: 0x0000000080005292 (0x41bd0dbb) subw    s11, s10, s11
core   0: 1 0x0000000080005292 (0x41bd0dbb) x27 0xffffffffffffffff
core   0: 0x0000000080005296 (0x0162e2b3) or      t0, t0, s6
core   0: 1 0x0000000080005296 (0x0162e2b3) x5  0x0000000001278000
core   0: 0x000000008000529a (0xbc438893) addi    a7, t2, -1084
core   0: 1 0x000000008000529a (0xbc438893) x17 0xfffffffffffffbc4
core   0: 0x000000008000529e (0x01c49e33) sll     t3, s1, t3
core   0: 1 0x000000008000529e (0x01c49e33) x28 0x0000000000000dc0
core   0: 0x00000000800052a2 (0x0318e333) rem     t1, a7, a7
core   0: 1 0x00000000800052a2 (0x0318e333) x6  0x0000000000000000
core   0: 0x00000000800052a6 (0x000c919b) slliw   gp, s9, 0
core   0: 1 0x00000000800052a6 (0x000c919b) x3  0x0000000000000000
core   0: 0x00000000800052aa (0x00ba013b) addw    sp, s4, a1
core   0: 1 0x00000000800052aa (0x00ba013b) x2  0xffffffffffffffff
core   0: 0x00000000800052ae (0x01141493) slli    s1, s0, 17
core   0: 1 0x00000000800052ae (0x01141493) x9  0x0000000000000000
core   0: 0x00000000800052b2 (0xc4c20213) addi    tp, tp, -948
core   0: 1 0x00000000800052b2 (0xc4c20213) x4  0xfffffffffffffc4b
core   0: 0x00000000800052b6 (0x73a4e013) ori     zero, s1, 1850
core   0: 1 0x00000000800052b6 (0x73a4e013)
core   0: 0x00000000800052ba (0x41665e3b) sraw    t3, a2, s6
core   0: 1 0x00000000800052ba (0x41665e3b) x28 0x00000000000005f3
core   0: 0x00000000800052be (0x7af4744f) fnmadd.d fs0, fs0, fa5, fa5
core   0: 1 0x00000000800052be (0x7af4744f) f8  0x7ff8000000000000
core   0: 0x00000000800052c2 (0x02ee083b) mulw    a6, t3, a4
core   0: 1 0x00000000800052c2 (0x02ee083b) x16 0x000000007ffffa0d
core   0: 0x00000000800052c6 (0x2af595d3) fmax.d  fa1, fa1, fa5
core   0: 1 0x00000000800052c6 (0x2af595d3) f11 0x0000000000000000
core   0: 0x00000000800052ca (0x00a815b3) sll     a1, a6, a0
core   0: 1 0x00000000800052ca (0x00a815b3) x11 0x000000fffff41a00
core   0: 0x00000000800052ce (0x00002301) c.addiw t1, 0
core   0: 1 0x00000000800052ce (0x2301) x6  0x0000000000000000
core   0: 0x00000000800052d0 (0xc0217753) fcvt.l.s a4, ft2
core   0: 1 0x00000000800052d0 (0xc0217753) x14 0xffffffff80004680
core   0: 0x00000000800052d4 (0x00e6173b) sllw    a4, a2, a4
core   0: 1 0x00000000800052d4 (0x00e6173b) x14 0x00000000000005f3
core   0: 0x00000000800052d8 (0x0306833b) mulw    t1, a3, a6
core   0: 1 0x00000000800052d8 (0x0306833b) x6  0x0000000000000000
core   0: 0x00000000800052dc (0x01075bbb) srlw    s7, a4, a6
core   0: 1 0x00000000800052dc (0x01075bbb) x23 0x0000000000000000
core   0: 0x00000000800052e0 (0x0b9f7f53) fsub.d  ft10, ft10, fs9
core   0: 1 0x00000000800052e0 (0x0b9f7f53) f30 0x7ff8000000000000
core   0: 0x00000000800052e4 (0x41d2db3b) sraw    s6, t0, t4
core   0: 1 0x00000000800052e4 (0x41d2db3b) x22 0x0000000001278000
core   0: 0x00000000800052e8 (0x4088d8bb) sraw    a7, a7, s0
core   0: 1 0x00000000800052e8 (0x4088d8bb) x17 0xfffffffffffffbc4
core   0: 0x00000000800052ec (0x00289d73) csrrw   s10, frm, a7
core   0: 1 0x00000000800052ec (0x00289d73) x26 0x0000000000000000 c2_frm 0x0000000000000004
core   0: 0x00000000800052f0 (0xd02471d3) fcvt.s.l ft3, s0
core   0: 1 0x00000000800052f0 (0xd02471d3) f3  0xffffffff00000000
core   0: 0x00000000800052f4 (0xe74d7113) andi    sp, s10, -396
core   0: 1 0x00000000800052f4 (0xe74d7113) x2  0x0000000000000000
core   0: 0x00000000800052f8 (0x00000001) c.nop
core   0: 1 0x00000000800052f8 (0x0001)
core   0: 0x00000000800052fa (0x4153531b) sraiw   t1, t1, 21
core   0: 1 0x00000000800052fa (0x4153531b) x6  0x0000000000000000
core   0: 0x00000000800052fe (0x02247e33) remu    t3, s0, sp
core   0: 1 0x00000000800052fe (0x02247e33) x28 0x0000000000000000
core   0: 0x0000000080005302 (0x0012541b) srliw   s0, tp, 1
core   0: 1 0x0000000080005302 (0x0012541b) x8  0x000000007ffffe25
core   0: 0x0000000080005306 (0x034af2bb) remuw   t0, s5, s4
core   0: 1 0x0000000080005306 (0x034af2bb) x5  0x0000000000000df2
core   0: 0x000000008000530a (0x2b5f8fd3) fmin.d  ft11, ft11, fs5
core   0: 1 0x000000008000530a (0x2b5f8fd3) f31 0x000000000010000c
core   0: 0x000000008000530e (0xb2f9f1c3) fmadd.d ft3, fs3, fa5, fs6
core   0: 1 0x000000008000530e (0xb2f9f1c3) f3  0x000000000010000c
core   0: 0x0000000080005312 (0xf915f4b7) lui     s1, 0xf915f
core   0: 1 0x0000000080005312 (0xf915f4b7) x9  0xfffffffff915f000
core   0: 0x0000000080005316 (0xc994849b) addiw   s1, s1, -871
core   0: 1 0x0000000080005316 (0xc994849b) x9  0xfffffffff915ec99
core   0: 0x000000008000531a (0x000004b2) c.slli  s1, 12
core   0: 1 0x000000008000531a (0x04b2) x9  0xffffff915ec99000
core   0: 0x000000008000531c (0xe8548493) addi    s1, s1, -379
core   0: 1 0x000000008000531c (0xe8548493) x9  0xffffff915ec98e85
core   0: 0x0000000080005320 (0x0252eb33) rem     s6, t0, t0
core   0: 1 0x0000000080005320 (0x0252eb33) x22 0x0000000000000000
core   0: 0x0000000080005324 (0x008030b7) lui     ra, 0x803
core   0: 1 0x0000000080005324 (0x008030b7) x1  0x0000000000803000
core   0: 0x0000000080005328 (0x4c30809b) addiw   ra, ra, 1219
core   0: 1 0x0000000080005328 (0x4c30809b) x1  0x00000000008034c3
core   0: 0x000000008000532c (0x000000b6) c.slli  ra, 13
core   0: 1 0x000000008000532c (0x00b6) x1  0x0000001006986000
core   0: 0x000000008000532e (0x44e08093) addi    ra, ra, 1102
core   0: 1 0x000000008000532e (0x44e08093) x1  0x000000100698644e
core   0: 0x0000000080005332 (0x0010911b) slliw   sp, ra, 1
core   0: 1 0x0000000080005332 (0x0010911b) x2  0x000000000d30c89c
core   0: 0x0000000080005336 (0x001b4693) xori    a3, s6, 1
core   0: 1 0x0000000080005336 (0x001b4693) x13 0x0000000000000001
core   0: 0x000000008000533a (0x00d393b3) sll     t2, t2, a3
core   0: 1 0x000000008000533a (0x00d393b3) x7  0x0000000000000000
core   0: 0x000000008000533e (0xc03b7853) fcvt.lu.s a6, fs6
core   0: 1 0x000000008000533e (0xc03b7853) c1_fflags 0x0000000000000010 x16 0xffffffffffffffff
core   0: 0x0000000080005342 (0x419854bb) sraw    s1, a6, s9
core   0: 1 0x0000000080005342 (0x419854bb) x9  0xffffffffffffffff
core   0: 0x0000000080005346 (0x0ff0000f) fence   iorw,iorw
core   0: 1 0x0000000080005346 (0x0ff0000f)
core   0: 0x000000008000534a (0x223c9cd3) fsgnjn.d fs9, fs9, ft3
core   0: 1 0x000000008000534a (0x223c9cd3) f25 0xffffffff00000000
core   0: 0x000000008000534e (0x42a75b93) srai    s7, a4, 42
core   0: 1 0x000000008000534e (0x42a75b93) x23 0x0000000000000000
core   0: 0x0000000080005352 (0x01701e9b) slliw   t4, zero, 23
core   0: 1 0x0000000080005352 (0x01701e9b) x29 0x0000000000000000
core   0: 0x0000000080005356 (0xd234f253) fcvt.d.lu ft4, s1
core   0: 1 0x0000000080005356 (0xd234f253) c1_fflags 0x0000000000000011 f4  0x43f0000000000000
core   0: 0x000000008000535a (0xfff04b93) not     s7, zero
core   0: 1 0x000000008000535a (0xfff04b93) x23 0xffffffffffffffff
core   0: 0x000000008000535e (0x4003519b) sraiw   gp, t1, 0
core   0: 1 0x000000008000535e (0x4003519b) x3  0x0000000000000000
core   0: 0x0000000080005362 (0x03fa9913) slli    s2, s5, 63
core   0: 1 0x0000000080005362 (0x03fa9913) x18 0x0000000000000000
core   0: 0x0000000080005366 (0x091a6bb7) lui     s7, 0x91a6
core   0: 1 0x0000000080005366 (0x091a6bb7) x23 0x00000000091a6000
core   0: 0x000000008000536a (0xd22aff53) fcvt.d.l ft10, s5
core   0: 1 0x000000008000536a (0xd22aff53) f30 0x40abe40000000000
core   0: 0x000000008000536e (0x41c7073b) subw    a4, a4, t3
core   0: 1 0x000000008000536e (0x41c7073b) x14 0x00000000000005f3
core   0: 0x0000000080005372 (0x401cdd1b) sraiw   s10, s9, 1
core   0: 1 0x0000000080005372 (0x401cdd1b) x26 0x0000000000000000
core   0: 0x0000000080005376 (0x122175c3) fmadd.d fa1, ft2, ft2, ft2
core   0: 1 0x0000000080005376 (0x122175c3) f11 0x7ff8000000000000
core   0: 0x000000008000537a (0x02c8fd43) fmadd.d fs10, fa7, fa2, ft0
core   0: 1 0x000000008000537a (0x02c8fd43) f26 0x7ff8000000000000
core   0: 0x000000008000537e (0x39a237b7) lui     a5, 0x39a23
core   0: 1 0x000000008000537e (0x39a237b7) x15 0x0000000039a23000
core   0: 0x0000000080005382 (0x01f95093) srli    ra, s2, 31
core   0: 1 0x0000000080005382 (0x01f95093) x1  0x0000000000000000
core   0: 0x0000000080005386 (0x00000001) c.nop
core   0: 1 0x0000000080005386 (0x0001)
core   0: 0x0000000080005388 (0x03437433) remu    s0, t1, s4
core   0: 1 0x0000000080005388 (0x03437433) x8  0x0000000000000000
core   0: 0x000000008000538c (0x039d8cb3) mul     s9, s11, s9
core   0: 1 0x000000008000538c (0x039d8cb3) x25 0x0000000000000000
core   0: 0x0000000080005390 (0xd02bfc53) fcvt.s.l fs8, s7
core   0: 1 0x0000000080005390 (0xd02bfc53) f24 0xffffffff4d11a600
core   0: 0x0000000080005394 (0x026ba333) mulhsu  t1, s7, t1
core   0: 1 0x0000000080005394 (0x026ba333) x6  0x0000000000000000
core   0: 0x0000000080005398 (0x13577fd3) fmul.d  ft11, fa4, fs5
core   0: 1 0x0000000080005398 (0x13577fd3) f31 0x7ff8000000000000
core   0: 0x000000008000539c (0x037b9bb3) mulh    s7, s7, s7
core   0: 1 0x000000008000539c (0x037b9bb3) x23 0x0000000000000000
core   0: 0x00000000800053a0 (0x00db93bb) sllw    t2, s7, a3
core   0: 1 0x00000000800053a0 (0x00db93bb) x7  0x0000000000000000
core   0: 0x00000000800053a4 (0x0073da33) srl     s4, t2, t2
core   0: 1 0x00000000800053a4 (0x0073da33) x20 0x0000000000000000
core   0: 0x00000000800053a8 (0x018524b3) slt     s1, a0, s8
core   0: 1 0x00000000800053a8 (0x018524b3) x9  0x0000000000000000
core   0: 0x00000000800053ac (0x0249093b) mulw    s2, s2, tp
core   0: 1 0x00000000800053ac (0x0249093b) x18 0x0000000000000000
core   0: 0x00000000800053b0 (0x00000001) c.nop
core   0: 1 0x00000000800053b0 (0x0001)
core   0: 0x00000000800053b2 (0x0bcc7ed3) fsub.d  ft9, fs8, ft8
core   0: 1 0x00000000800053b2 (0x0bcc7ed3) f29 0x7ff8000000000000
core   0: 0x00000000800053b6 (0xc021f2d3) fcvt.l.s t0, ft3
core   0: 1 0x00000000800053b6 (0xc021f2d3) c1_fflags 0x0000000000000011 x5  0x7fffffffffffffff
core   0: 0x00000000800053ba (0x402300bb) subw    ra, t1, sp
core   0: 1 0x00000000800053ba (0x402300bb) x1  0xfffffffff2cf3764
core   0: 0x00000000800053be (0x41c08bbb) subw    s7, ra, t3
core   0: 1 0x00000000800053be (0x41c08bbb) x23 0xfffffffff2cf3764
core   0: 0x00000000800053c2 (0x000e111b) slliw   sp, t3, 0
core   0: 1 0x00000000800053c2 (0x000e111b) x2  0x0000000000000000
core   0: 0x00000000800053c6 (0x035ac433) div     s0, s5, s5
core   0: 1 0x00000000800053c6 (0x035ac433) x8  0x0000000000000001
core   0: 0x00000000800053ca (0x03cef053) fadd.d  ft0, ft9, ft8
core   0: 1 0x00000000800053ca (0x03cef053) f0  0x7ff8000000000000
core   0: 0x00000000800053ce (0xe20b83d3) fmv.x.d t2, fs7
core   0: 1 0x00000000800053ce (0xe20b83d3) x7  0x7ff8000000000000
core   0: 0x00000000800053d2 (0x419950bb) sraw    ra, s2, s9
core   0: 1 0x00000000800053d2 (0x419950bb) x1  0x0000000000000000
core   0: 0x00000000800053d6 (0x4000d293) srai    t0, ra, 0
core   0: 1 0x00000000800053d6 (0x4000d293) x5  0x0000000000000000
core   0: 0x00000000800053da (0x031af4bb) remuw   s1, s5, a7
core   0: 1 0x00000000800053da (0x031af4bb) x9  0x0000000000000df2
core   0: 0x00000000800053de (0x2bc00753) fmin.d  fa4, ft0, ft8
core   0: 1 0x00000000800053de (0x2bc00753) f14 0x7ff8000000000000
core   0: 0x00000000800053e2 (0x4099d9b3) sra     s3, s3, s1
core   0: 1 0x00000000800053e2 (0x4099d9b3) x19 0x0000000000000000
core   0: 0x00000000800053e6 (0xc219f0d3) fcvt.wu.d ra, fs3
core   0: 1 0x00000000800053e6 (0xc219f0d3) x1  0x000000007fffb98a
core   0: 0x00000000800053ea (0x0054a4b3) slt     s1, s1, t0
core   0: 1 0x00000000800053ea (0x0054a4b3) x9  0x0000000000000000
core   0: 0x00000000800053ee (0x409d5bbb) sraw    s7, s10, s1
core   0: 1 0x00000000800053ee (0x409d5bbb) x23 0x0000000000000000
core   0: 0x00000000800053f2 (0xd0267c53) fcvt.s.l fs8, a2
core   0: 1 0x00000000800053f2 (0xd0267c53) f24 0xffffffff44be6000
core   0: 0x00000000800053f6 (0x017bc8b3) xor     a7, s7, s7
core   0: 1 0x00000000800053f6 (0x017bc8b3) x17 0x0000000000000000
core   0: 0x00000000800053fa (0x00008956) c.mv    s2, s5
core   0: 1 0x00000000800053fa (0x8956) x18 0x0000000000000df2
core   0: 0x00000000800053fc (0x2a7403d3) fmin.d  ft7, fs0, ft7
core   0: 1 0x00000000800053fc (0x2a7403d3) f7  0x43effffff9031f8f
core   0: 0x0000000080005400 (0x002028f3) csrrs   a7, frm, zero
core   0: 1 0x0000000080005400 (0x002028f3) x17 0x0000000000000004
core   0: 0x0000000080005404 (0xc02c77d3) fcvt.l.s a5, fs8
core   0: 1 0x0000000080005404 (0xc02c77d3) x15 0x00000000000005f3
core   0: 0x0000000080005408 (0x000d7d13) andi    s10, s10, 0
core   0: 1 0x0000000080005408 (0x000d7d13) x26 0x0000000000000000
core   0: 0x000000008000540c (0x00000001) c.nop
core   0: 1 0x000000008000540c (0x0001)
core   0: 0x000000008000540e (0xb3ab75cb) fnmsub.d fa1, fs6, fs10, fs6
core   0: 1 0x000000008000540e (0xb3ab75cb) f11 0x7ff8000000000000
core   0: 0x0000000080005412 (0x001d1573) csrrw   a0, fflags, s10
core   0: 1 0x0000000080005412 (0x001d1573) x10 0x0000000000000011 c1_fflags 0x0000000000000000
core   0: 0x0000000080005416 (0xfffd011b) addiw   sp, s10, -1
core   0: 1 0x0000000080005416 (0xfffd011b) x2  0xffffffffffffffff
core   0: 0x000000008000541a (0xc234f853) fcvt.lu.d a6, fs1
core   0: 1 0x000000008000541a (0xc234f853) c1_fflags 0x0000000000000010 x16 0xffffffffffffffff
core   0: 0x000000008000541e (0x12e82893) slti    a7, a6, 302
core   0: 1 0x000000008000541e (0x12e82893) x17 0x0000000000000001
core   0: 0x0000000080005422 (0x010b85b3) add     a1, s7, a6
core   0: 1 0x0000000080005422 (0x010b85b3) x11 0xffffffffffffffff
core   0: 0x0000000080005426 (0xf20b8153) fmv.d.x ft2, s7
core   0: 1 0x0000000080005426 (0xf20b8153) f2  0x0000000000000000
core   0: 0x000000008000542a (0x73eaf847) fmsub.d fa6, fs5, ft10, fa4
core   0: 1 0x000000008000542a (0x73eaf847) f16 0x7ff8000000000000
core   0: 0x000000008000542e (0xd02b7b53) fcvt.s.l fs6, s6
core   0: 1 0x000000008000542e (0xd02b7b53) f22 0xffffffff00000000
core   0: 0x0000000080005432 (0xf20806d3) fmv.d.x fa3, a6
core   0: 1 0x0000000080005432 (0xf20806d3) f13 0xffffffffffffffff
core   0: 0x0000000080005436 (0x02c5c633) div     a2, a1, a2
core   0: 1 0x0000000080005436 (0x02c5c633) x12 0x0000000000000000
core   0: 0x000000008000543a (0xc23cf7d3) fcvt.lu.d a5, fs9
core   0: 1 0x000000008000543a (0xc23cf7d3) c1_fflags 0x0000000000000010 x15 0xffffffffffffffff
core   0: 0x000000008000543e (0x00b496b3) sll     a3, s1, a1
core   0: 1 0x000000008000543e (0x00b496b3) x13 0x0000000000000000
core   0: 0x0000000080005442 (0x001024f3) csrrs   s1, fflags, zero
core   0: 1 0x0000000080005442 (0x001024f3) x9  0x0000000000000010
core   0: 0x0000000080005446 (0xd2060453) fcvt.d.w fs0, a2
core   0: 1 0x0000000080005446 (0xd2060453) f8  0x0000000000000000
core   0: 0x000000008000544a (0x22210cd3) fsgnj.d fs9, ft2, ft2
core   0: 1 0x000000008000544a (0x22210cd3) f25 0x0000000000000000
core   0: 0x000000008000544e (0xd2048fd3) fcvt.d.w ft11, s1
core   0: 1 0x000000008000544e (0xd2048fd3) f31 0x4030000000000000
core   0: 0x0000000080005452 (0xd2098bd3) fcvt.d.w fs7, s3
core   0: 1 0x0000000080005452 (0xd2098bd3) f23 0x0000000000000000
core   0: 0x0000000080005456 (0x004d1893) slli    a7, s10, 4
core   0: 1 0x0000000080005456 (0x004d1893) x17 0x0000000000000000
core   0: 0x000000008000545a (0x0031883b) addw    a6, gp, gp
core   0: 1 0x000000008000545a (0x0031883b) x16 0x0000000000000000
core   0: 0x000000008000545e (0xfffbee93) ori     t4, s7, -1
core   0: 1 0x000000008000545e (0xfffbee93) x29 0xffffffffffffffff
core   0: 0x0000000080005462 (0x5a06f8d3) fsqrt.d fa7, fa3
core   0: 1 0x0000000080005462 (0x5a06f8d3) f17 0x7ff8000000000000
core   0: 0x0000000080005466 (0x7b1a7a4b) fnmsub.d fs4, fs4, fa7, fa5
core   0: 1 0x0000000080005466 (0x7b1a7a4b) f20 0x7ff8000000000000
core   0: 0x000000008000546a (0x04b95337) lui     t1, 0x4b95
core   0: 1 0x000000008000546a (0x04b95337) x6  0x0000000004b95000
core   0: 0x000000008000546e (0x2a4a80d3) fmin.d  ft1, fs5, ft4
core   0: 1 0x000000008000546e (0x2a4a80d3) f1  0x000000000010000c
core   0: 0x0000000080005472 (0x00004033) xor     zero, zero, zero
core   0: 1 0x0000000080005472 (0x00004033)
core   0: 0x0000000080005476 (0x03231233) mulh    tp, t1, s2
core   0: 1 0x0000000080005476 (0x03231233) x4  0x0000000000000000
core   0: 0x000000008000547a (0x02c01633) mulh    a2, zero, a2
core   0: 1 0x000000008000547a (0x02c01633) x12 0x0000000000000000
core   0: 0x000000008000547e (0x41bdd2bb) sraw    t0, s11, s11
core   0: 1 0x000000008000547e (0x41bdd2bb) x5  0xffffffffffffffff
core   0: 0x0000000080005482 (0xc03474d3) fcvt.lu.s s1, fs0
core   0: 1 0x0000000080005482 (0xc03474d3) c1_fflags 0x0000000000000010 x9  0xffffffffffffffff
core   0: 0x0000000080005486 (0x34207073) csrrci  zero, mcause, 0
core   0: exception trap_illegal_instruction, epc 0x0000000080005486
core   0:           tval 0x0000000034207073
core   0: >>>>  $xrv64i2p1_m2p0_a2p1_f2p2_d2p2_zicsr2p0_zifencei2p0_zmmul1p0_zba1p0_zbb1p0_zbc1p0_zbs1p0
core   0: 0x0000000080004000 (0x0080006f) j       pc + 0x8
core   0: 3 0x0000000080004000 (0x0080006f)
core   0: >>>>  mmode_exception_handler
core   0: 0x0000000080004008 (0x00002c17) auipc   s8, 0x2
core   0: 3 0x0000000080004008 (0x00002c17) x24 0x0000000080006008
core   0: 0x000000008000400c (0x006c0c13) addi    s8, s8, 6
core   0: 3 0x000000008000400c (0x006c0c13) x24 0x000000008000600e
core   0: 0x0000000080004010 (0x000c00e7) jalr    s8
core   0: 3 0x0000000080004010 (0x000c00e7) x1  0x0000000080004014
core   0: >>>>  any_handler
core   0: 0x000000008000600e (0x341027f3) csrrs   a5, mepc, zero
core   0: 3 0x000000008000600e (0x341027f3) x15 0x0000000080005486
core   0: 0x0000000080006012 (0x34202773) csrrs   a4, mcause, zero
core   0: 3 0x0000000080006012 (0x34202773) x14 0x0000000000000002
core   0: 0x0000000080006016 (0x142026f3) csrrs   a3, scause, zero
core   0: 3 0x0000000080006016 (0x142026f3) x13 0x7ffffffffffff946
core   0: 0x000000008000601a (0x30402673) csrrs   a2, mie, zero
core   0: 3 0x000000008000601a (0x30402673) x12 0x0000000000000a00
core   0: 0x000000008000601e (0x344025f3) csrrs   a1, mip, zero
core   0: 3 0x000000008000601e (0x344025f3) x11 0x0000000000000080
core   0: 0x0000000080006022 (0x343025f3) csrrs   a1, mtval, zero
core   0: 3 0x0000000080006022 (0x343025f3) x11 0x0000000034207073
core   0: 0x0000000080006026 (0x14302573) csrrs   a0, stval, zero
core   0: 3 0x0000000080006026 (0x14302573) x10 0x0000000000000000
core   0: 0x000000008000602a (0xb02024f3) csrrs   s1, minstret, zero
core   0: 3 0x000000008000602a (0xb02024f3) x9  0x0000000000000ea7
core   0: 0x000000008000602e (0x0000a811) c.j     pc + 20
core   0: 3 0x000000008000602e (0xa811)
core   0: >>>>  mepc_4
core   0: 0x0000000080006042 (0x00000791) c.addi  a5, 4
core   0: 3 0x0000000080006042 (0x0791) x15 0x000000008000548a
core   0: 0x0000000080006044 (0x34179073) csrrw   zero, mepc, a5
core   0: 3 0x0000000080006044 (0x34179073) c833_mepc 0x000000008000548a
core   0: 0x0000000080006048 (0x30200073) mret
core   0: 3 0x0000000080006048 (0x30200073) c768_mstatus 0x8000000a00106080
core   0: 0x000000008000548a (0x2a840853) fmin.d  fa6, fs0, fs0
core   0: 1 0x000000008000548a (0x2a840853) f16 0x0000000000000000
core   0: 0x000000008000548e (0x2a4909d3) fmin.d  fs3, fs2, ft4
core   0: 1 0x000000008000548e (0x2a4909d3) f19 0x43f0000000000000
core   0: 0x0000000080005492 (0x009a543b) srlw    s0, s4, s1
core   0: 1 0x0000000080005492 (0x009a543b) x8  0x0000000000000000
core   0: 0x0000000080005496 (0xee7f0e37) lui     t3, 0xee7f0
core   0: 1 0x0000000080005496 (0xee7f0e37) x28 0xffffffffee7f0000
core   0: 0x000000008000549a (0x0324a933) mulhsu  s2, s1, s2
core   0: 1 0x000000008000549a (0x0324a933) x18 0x0000000000000000
core   0: 0x000000008000549e (0x9af7fecb) fnmsub.d ft9, fa5, fa5, fs3
core   0: 1 0x000000008000549e (0x9af7fecb) f29 0x43f0000000000000
core   0: 0x00000000800054a2 (0x00191773) csrrw   a4, fflags, s2
core   0: 1 0x00000000800054a2 (0x00191773) x14 0x0000000000000010 c1_fflags 0x0000000000000000
core   0: 0x00000000800054a6 (0x12f9f153) fmul.d  ft2, fs3, fa5
core   0: 1 0x00000000800054a6 (0x12f9f153) f2  0x0000000000000000
core   0: 0x00000000800054aa (0x0011109b) slliw   ra, sp, 1
core   0: 1 0x00000000800054aa (0x0011109b) x1  0xfffffffffffffffe
core   0: 0x00000000800054ae (0x0073929b) slliw   t0, t2, 7
core   0: 1 0x00000000800054ae (0x0073929b) x5  0x0000000000000000
core   0: 0x00000000800054b2 (0x001cf833) and     a6, s9, ra
core   0: 1 0x00000000800054b2 (0x001cf833) x16 0x0000000000000000
core   0: 0x00000000800054b6 (0x41d0debb) sraw    t4, ra, t4
core   0: 1 0x00000000800054b6 (0x41d0debb) x29 0xffffffffffffffff
core   0: 0x00000000800054ba (0xc219fed3) fcvt.wu.d t4, fs3
core   0: 1 0x00000000800054ba (0xc219fed3) c1_fflags 0x0000000000000010 x29 0xffffffffffffffff
core   0: 0x00000000800054be (0x00c07633) and     a2, zero, a2
core   0: 1 0x00000000800054be (0x00c07633) x12 0x0000000000000000
core   0: 0x00000000800054c2 (0x02ceea3b) remw    s4, t4, a2
core   0: 1 0x00000000800054c2 (0x02ceea3b) x20 0xffffffffffffffff
core   0: 0x00000000800054c6 (0x02bd9933) mulh    s2, s11, a1
core   0: 1 0x00000000800054c6 (0x02bd9933) x18 0xffffffffffffffff
core   0: 0x00000000800054ca (0x0ff0000f) fence   iorw,iorw
core   0: 1 0x00000000800054ca (0x0ff0000f)
core   0: 0x00000000800054ce (0xec565117) auipc   sp, 0xec565
core   0: 1 0x00000000800054ce (0xec565117) x2  0x000000006c56a4ce
core   0: 0x00000000800054d2 (0xd1b977b7) lui     a5, 0xd1b97
core   0: 1 0x00000000800054d2 (0xd1b977b7) x15 0xffffffffd1b97000
core   0: 0x00000000800054d6 (0x3597c813) xori    a6, a5, 857
core   0: 1 0x00000000800054d6 (0x3597c813) x16 0xffffffffd1b97359
core   0: 0x00000000800054da (0xc219f253) fcvt.wu.d tp, fs3
core   0: 1 0x00000000800054da (0xc219f253) c1_fflags 0x0000000000000010 x4  0xffffffffffffffff
core   0: 0x00000000800054de (0x015e08b3) add     a7, t3, s5
core   0: 1 0x00000000800054de (0x015e08b3) x17 0xffffffffee7f0df2
core   0: 0x00000000800054e2 (0x0a1ef24b) fnmsub.d ft4, ft9, ft1, ft1
core   0: 1 0x00000000800054e2 (0x0a1ef24b) c1_fflags 0x0000000000000011 f4  0x8210000c00000000
core   0: 0x00000000800054e6 (0x0213dc33) divu    s8, t2, ra
core   0: 1 0x00000000800054e6 (0x0213dc33) x24 0x0000000000000000
core   0: 0x00000000800054ea (0x035d1ab3) mulh    s5, s10, s5
core   0: 1 0x00000000800054ea (0x035d1ab3) x21 0x0000000000000000
core   0: 0x00000000800054ee (0x404b8233) sub     tp, s7, tp
core   0: 1 0x00000000800054ee (0x404b8233) x4  0x0000000000000001
core   0: 0x00000000800054f2 (0x5a0bffd3) fsqrt.d ft11, fs7
core   0: 1 0x00000000800054f2 (0x5a0bffd3) f31 0x0000000000000000
core   0: 0x00000000800054f6 (0x001023f3) csrrs   t2, fflags, zero
core   0: 1 0x00000000800054f6 (0x001023f3) x7  0x0000000000000011
core   0: 0x00000000800054fa (0xc02f7a53) fcvt.l.s s4, ft10
core   0: 1 0x00000000800054fa (0xc02f7a53) c1_fflags 0x0000000000000011 x20 0x7fffffffffffffff
core   0: 0x00000000800054fe (0x002028f3) csrrs   a7, frm, zero
core   0: 1 0x00000000800054fe (0x002028f3) x17 0x0000000000000004
core   0: 0x0000000080005502 (0x41435dbb) sraw    s11, t1, s4
core   0: 1 0x0000000080005502 (0x41435dbb) x27 0x0000000000000000
core   0: 0x0000000080005506 (0x0a3e7d53) fsub.d  fs10, ft8, ft3
core   0: 1 0x0000000080005506 (0x0a3e7d53) f26 0x7ff8000000000000
core   0: 0x000000008000550a (0x00102cf3) csrrs   s9, fflags, zero
core   0: 1 0x000000008000550a (0x00102cf3) x25 0x0000000000000011
core   0: 0x000000008000550e (0x4008dd93) srai    s11, a7, 0
core   0: 1 0x000000008000550e (0x4008dd93) x27 0x0000000000000004
core   0: 0x0000000080005512 (0x40a3d03b) sraw    zero, t2, a0
core   0: 1 0x0000000080005512 (0x40a3d03b)
core   0: 0x0000000080005516 (0x8cdabeb7) lui     t4, 0x8cdab
core   0: 1 0x0000000080005516 (0x8cdabeb7) x29 0xffffffff8cdab000
core   0: 0x000000008000551a (0x0197ecb3) or      s9, a5, s9
core   0: 1 0x000000008000551a (0x0197ecb3) x25 0xffffffffd1b97011
core   0: 0x000000008000551e (0xe3aff1cb) fnmsub.d ft3, ft11, fs10, ft8
core   0: 1 0x000000008000551e (0xe3aff1cb) f3  0x7ff8000000000000
core   0: 0x0000000080005522 (0xb02a1873) csrrw   a6, minstret, s4
core   0: exception trap_illegal_instruction, epc 0x0000000080005522
core   0:           tval 0x00000000b02a1873
core   0: >>>>  $xrv64i2p1_m2p0_a2p1_f2p2_d2p2_zicsr2p0_zifencei2p0_zmmul1p0_zba1p0_zbb1p0_zbc1p0_zbs1p0
core   0: 0x0000000080004000 (0x0080006f) j       pc + 0x8
core   0: 3 0x0000000080004000 (0x0080006f)
core   0: >>>>  mmode_exception_handler
core   0: 0x0000000080004008 (0x00002c17) auipc   s8, 0x2
core   0: 3 0x0000000080004008 (0x00002c17) x24 0x0000000080006008
core   0: 0x000000008000400c (0x006c0c13) addi    s8, s8, 6
core   0: 3 0x000000008000400c (0x006c0c13) x24 0x000000008000600e
core   0: 0x0000000080004010 (0x000c00e7) jalr    s8
core   0: 3 0x0000000080004010 (0x000c00e7) x1  0x0000000080004014
core   0: >>>>  any_handler
core   0: 0x000000008000600e (0x341027f3) csrrs   a5, mepc, zero
core   0: 3 0x000000008000600e (0x341027f3) x15 0x0000000080005522
core   0: 0x0000000080006012 (0x34202773) csrrs   a4, mcause, zero
core   0: 3 0x0000000080006012 (0x34202773) x14 0x0000000000000002
core   0: 0x0000000080006016 (0x142026f3) csrrs   a3, scause, zero
core   0: 3 0x0000000080006016 (0x142026f3) x13 0x7ffffffffffff946
core   0: 0x000000008000601a (0x30402673) csrrs   a2, mie, zero
core   0: 3 0x000000008000601a (0x30402673) x12 0x0000000000000a00
core   0: 0x000000008000601e (0x344025f3) csrrs   a1, mip, zero
core   0: 3 0x000000008000601e (0x344025f3) x11 0x0000000000000080
core   0: 0x0000000080006022 (0x343025f3) csrrs   a1, mtval, zero
core   0: 3 0x0000000080006022 (0x343025f3) x11 0x00000000b02a1873
core   0: 0x0000000080006026 (0x14302573) csrrs   a0, stval, zero
core   0: 3 0x0000000080006026 (0x14302573) x10 0x0000000000000000
core   0: 0x000000008000602a (0xb02024f3) csrrs   s1, minstret, zero
core   0: 3 0x000000008000602a (0xb02024f3) x9  0x0000000000000edd
core   0: 0x000000008000602e (0x0000a811) c.j     pc + 20
core   0: 3 0x000000008000602e (0xa811)
core   0: >>>>  mepc_4
core   0: 0x0000000080006042 (0x00000791) c.addi  a5, 4
core   0: 3 0x0000000080006042 (0x0791) x15 0x0000000080005526
core   0: 0x0000000080006044 (0x34179073) csrrw   zero, mepc, a5
core   0: 3 0x0000000080006044 (0x34179073) c833_mepc 0x0000000080005526
core   0: 0x0000000080006048 (0x30200073) mret
core   0: 3 0x0000000080006048 (0x30200073) c768_mstatus 0x8000000a00106080
core   0: 0x0000000080005526 (0xd21d8753) fcvt.d.wu fa4, s11
core   0: 1 0x0000000080005526 (0xd21d8753) f14 0x4010000000000000
core   0: 0x000000008000552a (0xd21a8dd3) fcvt.d.wu fs11, s5
core   0: 1 0x000000008000552a (0xd21a8dd3) f27 0x0000000000000000
core   0: 0x000000008000552e (0x226d8353) fsgnj.d ft6, fs11, ft6
core   0: 1 0x000000008000552e (0x226d8353) f6  0x0000000000000000
core   0: 0x0000000080005532 (0x2bdc1f53) fmax.d  ft10, fs8, ft9
core   0: 1 0x0000000080005532 (0x2bdc1f53) f30 0x43f0000000000000
core   0: 0x0000000080005536 (0xd21787d3) fcvt.d.wu fa5, a5
core   0: 1 0x0000000080005536 (0xd21787d3) f15 0x41e0000aa4c00000
core   0: 0x000000008000553a (0x027222b3) mulhsu  t0, tp, t2
core   0: 1 0x000000008000553a (0x027222b3) x5  0x0000000000000000
core   0: 0x000000008000553e (0x1b63f3d3) fdiv.d  ft7, ft7, fs6
core   0: 1 0x000000008000553e (0x1b63f3d3) f7  0x7ff8000000000000
core   0: 0x0000000080005542 (0x036579bb) remuw   s3, a0, s6
core   0: 1 0x0000000080005542 (0x036579bb) x19 0x0000000000000000
core   0: 0x0000000080005546 (0xffe38eb7) lui     t4, 0xffe38
core   0: 1 0x0000000080005546 (0xffe38eb7) x29 0xffffffffffe38000
core   0: 0x000000008000554a (0x01a48333) add     t1, s1, s10
core   0: 1 0x000000008000554a (0x01a48333) x6  0x0000000000000edd
core   0: 0x000000008000554e (0xff42d4b7) lui     s1, 0xff42d
core   0: 1 0x000000008000554e (0xff42d4b7) x9  0xffffffffff42d000
core   0: 0x0000000080005552 (0x3494849b) addiw   s1, s1, 841
core   0: 1 0x0000000080005552 (0x3494849b) x9  0xffffffffff42d349
core   0: 0x0000000080005556 (0x000004be) c.slli  s1, 15
core   0: 1 0x0000000080005556 (0x04be) x9  0xffffffa169a48000
core   0: 0x0000000080005558 (0x7bb48493) addi    s1, s1, 1979
core   0: 1 0x0000000080005558 (0x7bb48493) x9  0xffffffa169a487bb
core   0: 0x000000008000555c (0x8734b537) lui     a0, 0x8734b
core   0: 1 0x000000008000555c (0x8734b537) x10 0xffffffff8734b000
core   0: 0x0000000080005560 (0x00059b93) slli    s7, a1, 0
core   0: 1 0x0000000080005560 (0x00059b93) x23 0x00000000b02a1873
core   0: 0x0000000080005564 (0x00291973) csrrw   s2, frm, s2
core   0: 1 0x0000000080005564 (0x00291973) x18 0x0000000000000004 c2_frm 0x0000000000000007
core   0: 0x0000000080005568 (0x2bfc8bd3) fmin.d  fs7, fs9, ft11
core   0: 1 0x0000000080005568 (0x2bfc8bd3) f23 0x0000000000000000
core   0: 0x000000008000556c (0x032ac533) div     a0, s5, s2
core   0: 1 0x000000008000556c (0x032ac533) x10 0x0000000000000000
core   0: 0x0000000080005570 (0x0117a833) slt     a6, a5, a7
core   0: 1 0x0000000080005570 (0x0117a833) x16 0x0000000000000000
core   0: 0x0000000080005574 (0xcb0df14f) fnmadd.d ft2, fs11, fa6, fs9
core   0: exception trap_illegal_instruction, epc 0x0000000080005574
core   0:           tval 0x00000000cb0df14f
core   0: >>>>  $xrv64i2p1_m2p0_a2p1_f2p2_d2p2_zicsr2p0_zifencei2p0_zmmul1p0_zba1p0_zbb1p0_zbc1p0_zbs1p0
core   0: 0x0000000080004000 (0x0080006f) j       pc + 0x8
core   0: 3 0x0000000080004000 (0x0080006f)
core   0: >>>>  mmode_exception_handler
core   0: 0x0000000080004008 (0x00002c17) auipc   s8, 0x2
core   0: 3 0x0000000080004008 (0x00002c17) x24 0x0000000080006008
core   0: 0x000000008000400c (0x006c0c13) addi    s8, s8, 6
core   0: 3 0x000000008000400c (0x006c0c13) x24 0x000000008000600e
core   0: 0x0000000080004010 (0x000c00e7) jalr    s8
core   0: 3 0x0000000080004010 (0x000c00e7) x1  0x0000000080004014
core   0: >>>>  any_handler
core   0: 0x000000008000600e (0x341027f3) csrrs   a5, mepc, zero
core   0: 3 0x000000008000600e (0x341027f3) x15 0x0000000080005574
core   0: 0x0000000080006012 (0x34202773) csrrs   a4, mcause, zero
core   0: 3 0x0000000080006012 (0x34202773) x14 0x0000000000000002
core   0: 0x0000000080006016 (0x142026f3) csrrs   a3, scause, zero
core   0: 3 0x0000000080006016 (0x142026f3) x13 0x7ffffffffffff946
core   0: 0x000000008000601a (0x30402673) csrrs   a2, mie, zero
core   0: 3 0x000000008000601a (0x30402673) x12 0x0000000000000a00
core   0: 0x000000008000601e (0x344025f3) csrrs   a1, mip, zero
core   0: 3 0x000000008000601e (0x344025f3) x11 0x0000000000000080
core   0: 0x0000000080006022 (0x343025f3) csrrs   a1, mtval, zero
core   0: 3 0x0000000080006022 (0x343025f3) x11 0x00000000cb0df14f
core   0: 0x0000000080006026 (0x14302573) csrrs   a0, stval, zero
core   0: 3 0x0000000080006026 (0x14302573) x10 0x0000000000000000
core   0: 0x000000008000602a (0xb02024f3) csrrs   s1, minstret, zero
core   0: 3 0x000000008000602a (0xb02024f3) x9  0x0000000000000f01
core   0: 0x000000008000602e (0x0000a811) c.j     pc + 20
core   0: 3 0x000000008000602e (0xa811)
core   0: >>>>  mepc_4
core   0: 0x0000000080006042 (0x00000791) c.addi  a5, 4
core   0: 3 0x0000000080006042 (0x0791) x15 0x0000000080005578
core   0: 0x0000000080006044 (0x34179073) csrrw   zero, mepc, a5
core   0: 3 0x0000000080006044 (0x34179073) c833_mepc 0x0000000080005578
core   0: 0x0000000080006048 (0x30200073) mret
core   0: 3 0x0000000080006048 (0x30200073) c768_mstatus 0x8000000a00106080
core   0: 0x0000000080005578 (0x239109d3) fsgnj.d fs3, ft2, fs9
core   0: 1 0x0000000080005578 (0x239109d3) f19 0x0000000000000000
core   0: 0x000000008000557c (0x00121273) csrrw   tp, fflags, tp
core   0: 1 0x000000008000557c (0x00121273) x4  0x0000000000000011 c1_fflags 0x0000000000000001
core   0: 0x0000000080005580 (0x0ff0000f) fence   iorw,iorw
core   0: 1 0x0000000080005580 (0x0ff0000f)
core   0: 0x0000000080005584 (0x00202df3) csrrs   s11, frm, zero
core   0: 1 0x0000000080005584 (0x00202df3) x27 0x0000000000000007
core   0: 0x0000000080005588 (0x7ff6ec13) ori     s8, a3, 2047
core   0: 1 0x0000000080005588 (0x7ff6ec13) x24 0x7fffffffffffffff
core   0: 0x000000008000558c (0x418bdbbb) sraw    s7, s7, s8
core   0: 1 0x000000008000558c (0x418bdbbb) x23 0xffffffffffffffff
core   0: 0x0000000080005590 (0x9accffc3) fmadd.d ft11, fs9, fa2, fs3
core   0: exception trap_illegal_instruction, epc 0x0000000080005590
core   0:           tval 0x000000009accffc3
core   0: >>>>  $xrv64i2p1_m2p0_a2p1_f2p2_d2p2_zicsr2p0_zifencei2p0_zmmul1p0_zba1p0_zbb1p0_zbc1p0_zbs1p0
core   0: 0x0000000080004000 (0x0080006f) j       pc + 0x8
core   0: 3 0x0000000080004000 (0x0080006f)
core   0: >>>>  mmode_exception_handler
core   0: 0x0000000080004008 (0x00002c17) auipc   s8, 0x2
core   0: 3 0x0000000080004008 (0x00002c17) x24 0x0000000080006008
core   0: 0x000000008000400c (0x006c0c13) addi    s8, s8, 6
core   0: 3 0x000000008000400c (0x006c0c13) x24 0x000000008000600e
core   0: 0x0000000080004010 (0x000c00e7) jalr    s8
core   0: 3 0x0000000080004010 (0x000c00e7) x1  0x0000000080004014
core   0: >>>>  any_handler
core   0: 0x000000008000600e (0x341027f3) csrrs   a5, mepc, zero
core   0: 3 0x000000008000600e (0x341027f3) x15 0x0000000080005590
core   0: 0x0000000080006012 (0x34202773) csrrs   a4, mcause, zero
core   0: 3 0x0000000080006012 (0x34202773) x14 0x0000000000000002
core   0: 0x0000000080006016 (0x142026f3) csrrs   a3, scause, zero
core   0: 3 0x0000000080006016 (0x142026f3) x13 0x7ffffffffffff946
core   0: 0x000000008000601a (0x30402673) csrrs   a2, mie, zero
core   0: 3 0x000000008000601a (0x30402673) x12 0x0000000000000a00
core   0: 0x000000008000601e (0x344025f3) csrrs   a1, mip, zero
core   0: 3 0x000000008000601e (0x344025f3) x11 0x0000000000000080
core   0: 0x0000000080006022 (0x343025f3) csrrs   a1, mtval, zero
core   0: 3 0x0000000080006022 (0x343025f3) x11 0x000000009accffc3
core   0: 0x0000000080006026 (0x14302573) csrrs   a0, stval, zero
core   0: 3 0x0000000080006026 (0x14302573) x10 0x0000000000000000
core   0: 0x000000008000602a (0xb02024f3) csrrs   s1, minstret, zero
core   0: 3 0x000000008000602a (0xb02024f3) x9  0x0000000000000f17
core   0: 0x000000008000602e (0x0000a811) c.j     pc + 20
core   0: 3 0x000000008000602e (0xa811)
core   0: >>>>  mepc_4
core   0: 0x0000000080006042 (0x00000791) c.addi  a5, 4
core   0: 3 0x0000000080006042 (0x0791) x15 0x0000000080005594
core   0: 0x0000000080006044 (0x34179073) csrrw   zero, mepc, a5
core   0: 3 0x0000000080006044 (0x34179073) c833_mepc 0x0000000080005594
core   0: 0x0000000080006048 (0x30200073) mret
core   0: 3 0x0000000080006048 (0x30200073) c768_mstatus 0x8000000a00106080
core   0: 0x0000000080005594 (0x00000001) c.nop
core   0: 1 0x0000000080005594 (0x0001)
core   0: 0x0000000080005596 (0x03f61693) slli    a3, a2, 63
core   0: 1 0x0000000080005596 (0x03f61693) x13 0x0000000000000000
core   0: 0x000000008000559a (0x036505b3) mul     a1, a0, s6
core   0: 1 0x000000008000559a (0x036505b3) x11 0x0000000000000000
core   0: 0x000000008000559e (0x03f41113) slli    sp, s0, 63
core   0: 1 0x000000008000559e (0x03f41113) x2  0x0000000000000000
core   0: 0x00000000800055a2 (0x00000001) c.nop
core   0: 1 0x00000000800055a2 (0x0001)
core   0: 0x00000000800055a4 (0x23fc2c53) fsgnjx.d fs8, fs8, ft11
core   0: 1 0x00000000800055a4 (0x23fc2c53) f24 0xffffffff44be6000
core   0: 0x00000000800055a8 (0x2c8cca13) xori    s4, s9, 712
core   0: 1 0x00000000800055a8 (0x2c8cca13) x20 0xffffffffd1b972d9
core   0: 0x00000000800055ac (0x0341f333) remu    t1, gp, s4
core   0: 1 0x00000000800055ac (0x0341f333) x6  0x0000000000000000
core   0: 0x00000000800055b0 (0xf3fe79cb) fnmsub.d fs3, ft8, ft11, ft10
core   0: exception trap_illegal_instruction, epc 0x00000000800055b0
core   0:           tval 0x00000000f3fe79cb
core   0: >>>>  $xrv64i2p1_m2p0_a2p1_f2p2_d2p2_zicsr2p0_zifencei2p0_zmmul1p0_zba1p0_zbb1p0_zbc1p0_zbs1p0
core   0: 0x0000000080004000 (0x0080006f) j       pc + 0x8
core   0: 3 0x0000000080004000 (0x0080006f)
core   0: >>>>  mmode_exception_handler
core   0: 0x0000000080004008 (0x00002c17) auipc   s8, 0x2
core   0: 3 0x0000000080004008 (0x00002c17) x24 0x0000000080006008
core   0: 0x000000008000400c (0x006c0c13) addi    s8, s8, 6
core   0: 3 0x000000008000400c (0x006c0c13) x24 0x000000008000600e
core   0: 0x0000000080004010 (0x000c00e7) jalr    s8
core   0: 3 0x0000000080004010 (0x000c00e7) x1  0x0000000080004014
core   0: >>>>  any_handler
core   0: 0x000000008000600e (0x341027f3) csrrs   a5, mepc, zero
core   0: 3 0x000000008000600e (0x341027f3) x15 0x00000000800055b0
core   0: 0x0000000080006012 (0x34202773) csrrs   a4, mcause, zero
core   0: 3 0x0000000080006012 (0x34202773) x14 0x0000000000000002
core   0: 0x0000000080006016 (0x142026f3) csrrs   a3, scause, zero
core   0: 3 0x0000000080006016 (0x142026f3) x13 0x7ffffffffffff946
core   0: 0x000000008000601a (0x30402673) csrrs   a2, mie, zero
core   0: 3 0x000000008000601a (0x30402673) x12 0x0000000000000a00
core   0: 0x000000008000601e (0x344025f3) csrrs   a1, mip, zero
core   0: 3 0x000000008000601e (0x344025f3) x11 0x0000000000000080
core   0: 0x0000000080006022 (0x343025f3) csrrs   a1, mtval, zero
core   0: 3 0x0000000080006022 (0x343025f3) x11 0x00000000f3fe79cb
core   0: 0x0000000080006026 (0x14302573) csrrs   a0, stval, zero
core   0: 3 0x0000000080006026 (0x14302573) x10 0x0000000000000000
core   0: 0x000000008000602a (0xb02024f3) csrrs   s1, minstret, zero
core   0: 3 0x000000008000602a (0xb02024f3) x9  0x0000000000000f2f
core   0: 0x000000008000602e (0x0000a811) c.j     pc + 20
core   0: 3 0x000000008000602e (0xa811)
core   0: >>>>  mepc_4
core   0: 0x0000000080006042 (0x00000791) c.addi  a5, 4
core   0: 3 0x0000000080006042 (0x0791) x15 0x00000000800055b4
core   0: 0x0000000080006044 (0x34179073) csrrw   zero, mepc, a5
core   0: 3 0x0000000080006044 (0x34179073) c833_mepc 0x00000000800055b4
core   0: 0x0000000080006048 (0x30200073) mret
core   0: 3 0x0000000080006048 (0x30200073) c768_mstatus 0x8000000a00106080
core   0: 0x00000000800055b4 (0xd21b0653) fcvt.d.wu fa2, s6
core   0: 1 0x00000000800055b4 (0xd21b0653) f12 0x0000000000000000
core   0: 0x00000000800055b8 (0x4098813b) subw    sp, a7, s1
core   0: 1 0x00000000800055b8 (0x4098813b) x2  0xfffffffffffff0d5
core   0: 0x00000000800055bc (0x1a3efb93) andi    s7, t4, 419
core   0: 1 0x00000000800055bc (0x1a3efb93) x23 0x0000000000000000
core   0: 0x00000000800055c0 (0x00649c13) slli    s8, s1, 6
core   0: 1 0x00000000800055c0 (0x00649c13) x24 0x000000000003cbc0
core   0: 0x00000000800055c4 (0x42090c53) fcvt.d.s fs8, fs2
core   0: 1 0x00000000800055c4 (0x42090c53) f24 0xc1dfffee60000000
core   0: 0x00000000800055c8 (0x48e17e93) andi    t4, sp, 1166
core   0: 1 0x00000000800055c8 (0x48e17e93) x29 0x0000000000000084
core   0: 0x00000000800055cc (0x023ac8bb) divw    a7, s5, gp
core   0: 1 0x00000000800055cc (0x023ac8bb) x17 0xffffffffffffffff
core   0: 0x00000000800055d0 (0x4006dc1b) sraiw   s8, a3, 0
core   0: 1 0x00000000800055d0 (0x4006dc1b) x24 0xfffffffffffff946
core   0: 0x00000000800055d4 (0x00334db3) xor     s11, t1, gp
core   0: 1 0x00000000800055d4 (0x00334db3) x27 0x0000000000000000
core   0: 0x00000000800055d8 (0x0bec7ed3) fsub.d  ft9, fs8, ft10
core   0: exception trap_illegal_instruction, epc 0x00000000800055d8
core   0:           tval 0x000000000bec7ed3
core   0: >>>>  $xrv64i2p1_m2p0_a2p1_f2p2_d2p2_zicsr2p0_zifencei2p0_zmmul1p0_zba1p0_zbb1p0_zbc1p0_zbs1p0
core   0: 0x0000000080004000 (0x0080006f) j       pc + 0x8
core   0: 3 0x0000000080004000 (0x0080006f)
core   0: >>>>  mmode_exception_handler
core   0: 0x0000000080004008 (0x00002c17) auipc   s8, 0x2
core   0: 3 0x0000000080004008 (0x00002c17) x24 0x0000000080006008
core   0: 0x000000008000400c (0x006c0c13) addi    s8, s8, 6
core   0: 3 0x000000008000400c (0x006c0c13) x24 0x000000008000600e
core   0: 0x0000000080004010 (0x000c00e7) jalr    s8
core   0: 3 0x0000000080004010 (0x000c00e7) x1  0x0000000080004014
core   0: >>>>  any_handler
core   0: 0x000000008000600e (0x341027f3) csrrs   a5, mepc, zero
core   0: 3 0x000000008000600e (0x341027f3) x15 0x00000000800055d8
core   0: 0x0000000080006012 (0x34202773) csrrs   a4, mcause, zero
core   0: 3 0x0000000080006012 (0x34202773) x14 0x0000000000000002
core   0: 0x0000000080006016 (0x142026f3) csrrs   a3, scause, zero
core   0: 3 0x0000000080006016 (0x142026f3) x13 0x7ffffffffffff946
core   0: 0x000000008000601a (0x30402673) csrrs   a2, mie, zero
core   0: 3 0x000000008000601a (0x30402673) x12 0x0000000000000a00
core   0: 0x000000008000601e (0x344025f3) csrrs   a1, mip, zero
core   0: 3 0x000000008000601e (0x344025f3) x11 0x0000000000000080
core   0: 0x0000000080006022 (0x343025f3) csrrs   a1, mtval, zero
core   0: 3 0x0000000080006022 (0x343025f3) x11 0x000000000bec7ed3
core   0: 0x0000000080006026 (0x14302573) csrrs   a0, stval, zero
core   0: 3 0x0000000080006026 (0x14302573) x10 0x0000000000000000
core   0: 0x000000008000602a (0xb02024f3) csrrs   s1, minstret, zero
core   0: 3 0x000000008000602a (0xb02024f3) x9  0x0000000000000f48
core   0: 0x000000008000602e (0x0000a811) c.j     pc + 20
core   0: 3 0x000000008000602e (0xa811)
core   0: >>>>  mepc_4
core   0: 0x0000000080006042 (0x00000791) c.addi  a5, 4
core   0: 3 0x0000000080006042 (0x0791) x15 0x00000000800055dc
core   0: 0x0000000080006044 (0x34179073) csrrw   zero, mepc, a5
core   0: 3 0x0000000080006044 (0x34179073) c833_mepc 0x00000000800055dc
core   0: 0x0000000080006048 (0x30200073) mret
core   0: 3 0x0000000080006048 (0x30200073) c768_mstatus 0x8000000a00106080
core   0: 0x00000000800055dc (0x95516b93) ori     s7, sp, -1707
core   0: 1 0x00000000800055dc (0x95516b93) x23 0xfffffffffffff9d5
core   0: 0x00000000800055e0 (0x401d549b) sraiw   s1, s10, 1
core   0: 1 0x00000000800055e0 (0x401d549b) x9  0x0000000000000000
core   0: 0x00000000800055e4 (0x2a179dd3) fmax.d  fs11, fa5, ft1
core   0: 1 0x00000000800055e4 (0x2a179dd3) f27 0x41e0000aa4c00000
core   0: 0x00000000800055e8 (0x305bd897) auipc   a7, 0x305bd
core   0: 1 0x00000000800055e8 (0x305bd897) x17 0x00000000b05c25e8
core   0: 0x00000000800055ec (0x138dfe53) fmul.d  ft8, fs11, fs8
core   0: exception trap_illegal_instruction, epc 0x00000000800055ec
core   0:           tval 0x00000000138dfe53
core   0: >>>>  $xrv64i2p1_m2p0_a2p1_f2p2_d2p2_zicsr2p0_zifencei2p0_zmmul1p0_zba1p0_zbb1p0_zbc1p0_zbs1p0
core   0: 0x0000000080004000 (0x0080006f) j       pc + 0x8
core   0: 3 0x0000000080004000 (0x0080006f)
core   0: >>>>  mmode_exception_handler
core   0: 0x0000000080004008 (0x00002c17) auipc   s8, 0x2
core   0: 3 0x0000000080004008 (0x00002c17) x24 0x0000000080006008
core   0: 0x000000008000400c (0x006c0c13) addi    s8, s8, 6
core   0: 3 0x000000008000400c (0x006c0c13) x24 0x000000008000600e
core   0: 0x0000000080004010 (0x000c00e7) jalr    s8
core   0: 3 0x0000000080004010 (0x000c00e7) x1  0x0000000080004014
core   0: >>>>  any_handler
core   0: 0x000000008000600e (0x341027f3) csrrs   a5, mepc, zero
core   0: 3 0x000000008000600e (0x341027f3) x15 0x00000000800055ec
core   0: 0x0000000080006012 (0x34202773) csrrs   a4, mcause, zero
core   0: 3 0x0000000080006012 (0x34202773) x14 0x0000000000000002
core   0: 0x0000000080006016 (0x142026f3) csrrs   a3, scause, zero
core   0: 3 0x0000000080006016 (0x142026f3) x13 0x7ffffffffffff946
core   0: 0x000000008000601a (0x30402673) csrrs   a2, mie, zero
core   0: 3 0x000000008000601a (0x30402673) x12 0x0000000000000a00
core   0: 0x000000008000601e (0x344025f3) csrrs   a1, mip, zero
core   0: 3 0x000000008000601e (0x344025f3) x11 0x0000000000000080
core   0: 0x0000000080006022 (0x343025f3) csrrs   a1, mtval, zero
core   0: 3 0x0000000080006022 (0x343025f3) x11 0x00000000138dfe53
core   0: 0x0000000080006026 (0x14302573) csrrs   a0, stval, zero
core   0: 3 0x0000000080006026 (0x14302573) x10 0x0000000000000000
core   0: 0x000000008000602a (0xb02024f3) csrrs   s1, minstret, zero
core   0: 3 0x000000008000602a (0xb02024f3) x9  0x0000000000000f5c
core   0: 0x000000008000602e (0x0000a811) c.j     pc + 20
core   0: 3 0x000000008000602e (0xa811)
core   0: >>>>  mepc_4
core   0: 0x0000000080006042 (0x00000791) c.addi  a5, 4
core   0: 3 0x0000000080006042 (0x0791) x15 0x00000000800055f0
core   0: 0x0000000080006044 (0x34179073) csrrw   zero, mepc, a5
core   0: 3 0x0000000080006044 (0x34179073) c833_mepc 0x00000000800055f0
core   0: 0x0000000080006048 (0x30200073) mret
core   0: 3 0x0000000080006048 (0x30200073) c768_mstatus 0x8000000a00106080
core   0: 0x00000000800055f0 (0x00249af3) csrrw   s5, frm, s1
core   0: 1 0x00000000800055f0 (0x00249af3) x21 0x0000000000000007 c2_frm 0x0000000000000004
core   0: 0x00000000800055f4 (0xd03df653) fcvt.s.lu fa2, s11
core   0: 1 0x00000000800055f4 (0xd03df653) f12 0xffffffff00000000
core   0: 0x00000000800055f8 (0x00000001) c.nop
core   0: 1 0x00000000800055f8 (0x0001)
core   0: 0x00000000800055fa (0x03b1e33b) remw    t1, gp, s11
core   0: 1 0x00000000800055fa (0x03b1e33b) x6  0x0000000000000000
core   0: 0x00000000800055fe (0x00ead39b) srliw   t2, s5, 14
core   0: 1 0x00000000800055fe (0x00ead39b) x7  0x0000000000000000
core   0: 0x0000000080005602 (0xd03af2d3) fcvt.s.lu ft5, s5
core   0: 1 0x0000000080005602 (0xd03af2d3) f5  0xffffffff40e00000
core   0: 0x0000000080005606 (0x014a7a33) and     s4, s4, s4
core   0: 1 0x0000000080005606 (0x014a7a33) x20 0xffffffffd1b972d9
core   0: 0x000000008000560a (0xc22cfdd3) fcvt.l.d s11, fs9
core   0: 1 0x000000008000560a (0xc22cfdd3) x27 0x0000000000000000
core   0: 0x000000008000560e (0xc200fc53) fcvt.w.d s8, ft1
core   0: 1 0x000000008000560e (0xc200fc53) c1_fflags 0x0000000000000001 x24 0x0000000000000000
core   0: 0x0000000080005612 (0xd3697243) fmadd.d ft4, fs2, fs6, fs10
core   0: 1 0x0000000080005612 (0xd3697243) f4  0x7ff8000000000000
core   0: 0x0000000080005616 (0x727dfdc3) fmadd.d fs11, fs11, ft7, fa4
core   0: 1 0x0000000080005616 (0x727dfdc3) f27 0x7ff8000000000000
core   0: 0x000000008000561a (0x42ae5a93) srai    s5, t3, 42
core   0: 1 0x000000008000561a (0x42ae5a93) x21 0xffffffffffffffff
core   0: 0x000000008000561e (0xd2207ed3) fcvt.d.l ft9, zero
core   0: 1 0x000000008000561e (0xd2207ed3) f29 0x0000000000000000
core   0: 0x0000000080005622 (0x5471f193) andi    gp, gp, 1351
core   0: 1 0x0000000080005622 (0x5471f193) x3  0x0000000000000000
core   0: 0x0000000080005626 (0x037d08bb) mulw    a7, s10, s7
core   0: 1 0x0000000080005626 (0x037d08bb) x17 0x0000000000000000
core   0: 0x000000008000562a (0x94b8fd93) andi    s11, a7, -1717
core   0: 1 0x000000008000562a (0x94b8fd93) x27 0x0000000000000000
core   0: 0x000000008000562e (0x41135333) sra     t1, t1, a7
core   0: 1 0x000000008000562e (0x41135333) x6  0x0000000000000000
core   0: 0x0000000080005632 (0x00840733) add     a4, s0, s0
core   0: 1 0x0000000080005632 (0x00840733) x14 0x0000000000000000
core   0: 0x0000000080005636 (0x00011cb3) sll     s9, sp, zero
core   0: 1 0x0000000080005636 (0x00011cb3) x25 0xfffffffffffff0d5
core   0: 0x000000008000563a (0x142cbc73) csrrc   s8, scause, s9
core   0: 1 0x000000008000563a (0x142cbc73) x24 0x7ffffffffffff946 c322_scause 0x0000000000000902
core   0: 0x000000008000563e (0x001c4413) xori    s0, s8, 1
core   0: 1 0x000000008000563e (0x001c4413) x8  0x7ffffffffffff947
core   0: 0x0000000080005642 (0x00000001) c.nop
core   0: 1 0x0000000080005642 (0x0001)
core   0: 0x0000000080005644 (0x000c0a1b) sext.w  s4, s8
core   0: 1 0x0000000080005644 (0x000c0a1b) x20 0xfffffffffffff946
core   0: 0x0000000080005648 (0x01ce19bb) sllw    s3, t3, t3
core   0: 1 0x0000000080005648 (0x01ce19bb) x19 0xffffffffee7f0000
core   0: 0x000000008000564c (0x016b7d33) and     s10, s6, s6
core   0: 1 0x000000008000564c (0x016b7d33) x26 0x0000000000000000
core   0: 0x0000000080005650 (0x4018d013) srai    zero, a7, 1
core   0: 1 0x0000000080005650 (0x4018d013)
core   0: 0x0000000080005654 (0x238d1b53) fsgnjn.d fs6, fs10, fs8
core   0: 1 0x0000000080005654 (0x238d1b53) f22 0x7ff8000000000000
core   0: 0x0000000080005658 (0x001029f3) csrrs   s3, fflags, zero
core   0: 1 0x0000000080005658 (0x001029f3) x19 0x0000000000000001
core   0: 0x000000008000565c (0xc02ef6d3) fcvt.l.s a3, ft9
core   0: 1 0x000000008000565c (0xc02ef6d3) c1_fflags 0x0000000000000011 x13 0x7fffffffffffffff
core   0: 0x0000000080005660 (0xc0092373) csrrs   t1, cycle, s2
core   0: exception trap_illegal_instruction, epc 0x0000000080005660
core   0:           tval 0x00000000c0092373
core   0: >>>>  $xrv64i2p1_m2p0_a2p1_f2p2_d2p2_zicsr2p0_zifencei2p0_zmmul1p0_zba1p0_zbb1p0_zbc1p0_zbs1p0
core   0: 0x0000000080004000 (0x0080006f) j       pc + 0x8
core   0: 3 0x0000000080004000 (0x0080006f)
core   0: >>>>  mmode_exception_handler
core   0: 0x0000000080004008 (0x00002c17) auipc   s8, 0x2
core   0: 3 0x0000000080004008 (0x00002c17) x24 0x0000000080006008
core   0: 0x000000008000400c (0x006c0c13) addi    s8, s8, 6
core   0: 3 0x000000008000400c (0x006c0c13) x24 0x000000008000600e
core   0: 0x0000000080004010 (0x000c00e7) jalr    s8
core   0: 3 0x0000000080004010 (0x000c00e7) x1  0x0000000080004014
core   0: >>>>  any_handler
core   0: 0x000000008000600e (0x341027f3) csrrs   a5, mepc, zero
core   0: 3 0x000000008000600e (0x341027f3) x15 0x0000000080005660
core   0: 0x0000000080006012 (0x34202773) csrrs   a4, mcause, zero
core   0: 3 0x0000000080006012 (0x34202773) x14 0x0000000000000002
core   0: 0x0000000080006016 (0x142026f3) csrrs   a3, scause, zero
core   0: 3 0x0000000080006016 (0x142026f3) x13 0x0000000000000902
core   0: 0x000000008000601a (0x30402673) csrrs   a2, mie, zero
core   0: 3 0x000000008000601a (0x30402673) x12 0x0000000000000a00
core   0: 0x000000008000601e (0x344025f3) csrrs   a1, mip, zero
core   0: 3 0x000000008000601e (0x344025f3) x11 0x0000000000000080
core   0: 0x0000000080006022 (0x343025f3) csrrs   a1, mtval, zero
core   0: 3 0x0000000080006022 (0x343025f3) x11 0x00000000c0092373
core   0: 0x0000000080006026 (0x14302573) csrrs   a0, stval, zero
core   0: 3 0x0000000080006026 (0x14302573) x10 0x0000000000000000
core   0: 0x000000008000602a (0xb02024f3) csrrs   s1, minstret, zero
core   0: 3 0x000000008000602a (0xb02024f3) x9  0x0000000000000f89
core   0: 0x000000008000602e (0x0000a811) c.j     pc + 20
core   0: 3 0x000000008000602e (0xa811)
core   0: >>>>  mepc_4
core   0: 0x0000000080006042 (0x00000791) c.addi  a5, 4
core   0: 3 0x0000000080006042 (0x0791) x15 0x0000000080005664
core   0: 0x0000000080006044 (0x34179073) csrrw   zero, mepc, a5
core   0: 3 0x0000000080006044 (0x34179073) c833_mepc 0x0000000080005664
core   0: 0x0000000080006048 (0x30200073) mret
core   0: 3 0x0000000080006048 (0x30200073) c768_mstatus 0x8000000a00106080
core   0: 0x0000000080005664 (0x01396533) or      a0, s2, s3
core   0: 1 0x0000000080005664 (0x01396533) x10 0x0000000000000005
core   0: 0x0000000080005668 (0x83cc7e43) fmadd.d ft8, fs8, ft8, fa6
core   0: 1 0x0000000080005668 (0x83cc7e43) f28 0x7ff8000000000000
core   0: 0x000000008000566c (0x400dda1b) sraiw   s4, s11, 0
core   0: 1 0x000000008000566c (0x400dda1b) x20 0x0000000000000000
core   0: 0x0000000080005670 (0x0a287853) fsub.d  fa6, fa6, ft2
core   0: 1 0x0000000080005670 (0x0a287853) f16 0x0000000000000000
core   0: 0x0000000080005674 (0x41ea5e9b) sraiw   t4, s4, 30
core   0: 1 0x0000000080005674 (0x41ea5e9b) x29 0x0000000000000000
core   0: 0x0000000080005678 (0x52227493) andi    s1, tp, 1314
core   0: 1 0x0000000080005678 (0x52227493) x9  0x0000000000000000
core   0: 0x000000008000567c (0x03de1833) mulh    a6, t3, t4
core   0: 1 0x000000008000567c (0x03de1833) x16 0x0000000000000000
core   0: 0x0000000080005680 (0xd0ae0d1b) addiw   s10, t3, -758
core   0: 1 0x0000000080005680 (0xd0ae0d1b) x26 0xffffffffee7efd0a
core   0: 0x0000000080005684 (0x0049d13b) srlw    sp, s3, tp
core   0: 1 0x0000000080005684 (0x0049d13b) x2  0x0000000000000000
core   0: 0x0000000080005688 (0x4180db1b) sraiw   s6, ra, 24
core   0: 1 0x0000000080005688 (0x4180db1b) x22 0xffffffffffffff80
core   0: 0x000000008000568c (0xc02870d3) fcvt.l.s ra, fa6
core   0: 1 0x000000008000568c (0xc02870d3) c1_fflags 0x0000000000000011 x1  0x7fffffffffffffff
core   0: 0x0000000080005690 (0x02d08633) mul     a2, ra, a3
core   0: 1 0x0000000080005690 (0x02d08633) x12 0xfffffffffffff6fe
core   0: 0x0000000080005694 (0x2a1814d3) fmax.d  fs1, fa6, ft1
core   0: 1 0x0000000080005694 (0x2a1814d3) f9  0x000000000010000c
core   0: 0x0000000080005698 (0x01b41cbb) sllw    s9, s0, s11
core   0: 1 0x0000000080005698 (0x01b41cbb) x25 0xfffffffffffff947
core   0: 0x000000008000569c (0x030dca33) div     s4, s11, a6
core   0: 1 0x000000008000569c (0x030dca33) x20 0xffffffffffffffff
core   0: 0x00000000800056a0 (0xf12a9b73) csrrw   s6, marchid, s5
core   0: exception trap_illegal_instruction, epc 0x00000000800056a0
core   0:           tval 0x00000000f12a9b73
core   0: >>>>  $xrv64i2p1_m2p0_a2p1_f2p2_d2p2_zicsr2p0_zifencei2p0_zmmul1p0_zba1p0_zbb1p0_zbc1p0_zbs1p0
core   0: 0x0000000080004000 (0x0080006f) j       pc + 0x8
core   0: 3 0x0000000080004000 (0x0080006f)
core   0: >>>>  mmode_exception_handler
core   0: 0x0000000080004008 (0x00002c17) auipc   s8, 0x2
core   0: 3 0x0000000080004008 (0x00002c17) x24 0x0000000080006008
core   0: 0x000000008000400c (0x006c0c13) addi    s8, s8, 6
core   0: 3 0x000000008000400c (0x006c0c13) x24 0x000000008000600e
core   0: 0x0000000080004010 (0x000c00e7) jalr    s8
core   0: 3 0x0000000080004010 (0x000c00e7) x1  0x0000000080004014
core   0: >>>>  any_handler
core   0: 0x000000008000600e (0x341027f3) csrrs   a5, mepc, zero
core   0: 3 0x000000008000600e (0x341027f3) x15 0x00000000800056a0
core   0: 0x0000000080006012 (0x34202773) csrrs   a4, mcause, zero
core   0: 3 0x0000000080006012 (0x34202773) x14 0x0000000000000002
core   0: 0x0000000080006016 (0x142026f3) csrrs   a3, scause, zero
core   0: 3 0x0000000080006016 (0x142026f3) x13 0x0000000000000902
core   0: 0x000000008000601a (0x30402673) csrrs   a2, mie, zero
core   0: 3 0x000000008000601a (0x30402673) x12 0x0000000000000a00
core   0: 0x000000008000601e (0x344025f3) csrrs   a1, mip, zero
core   0: 3 0x000000008000601e (0x344025f3) x11 0x0000000000000080
core   0: 0x0000000080006022 (0x343025f3) csrrs   a1, mtval, zero
core   0: 3 0x0000000080006022 (0x343025f3) x11 0x00000000f12a9b73
core   0: 0x0000000080006026 (0x14302573) csrrs   a0, stval, zero
core   0: 3 0x0000000080006026 (0x14302573) x10 0x0000000000000000
core   0: 0x000000008000602a (0xb02024f3) csrrs   s1, minstret, zero
core   0: 3 0x000000008000602a (0xb02024f3) x9  0x0000000000000fa8
core   0: 0x000000008000602e (0x0000a811) c.j     pc + 20
core   0: 3 0x000000008000602e (0xa811)
core   0: >>>>  mepc_4
core   0: 0x0000000080006042 (0x00000791) c.addi  a5, 4
core   0: 3 0x0000000080006042 (0x0791) x15 0x00000000800056a4
core   0: 0x0000000080006044 (0x34179073) csrrw   zero, mepc, a5
core   0: 3 0x0000000080006044 (0x34179073) c833_mepc 0x00000000800056a4
core   0: 0x0000000080006048 (0x30200073) mret
core   0: 3 0x0000000080006048 (0x30200073) c768_mstatus 0x8000000a00106080
core   0: 0x00000000800056a4 (0x03fb9493) slli    s1, s7, 63
core   0: 1 0x00000000800056a4 (0x03fb9493) x9  0x8000000000000000
core   0: 0x00000000800056a8 (0x000a5e13) srli    t3, s4, 0
core   0: 1 0x00000000800056a8 (0x000a5e13) x28 0xffffffffffffffff
core   0: 0x00000000800056ac (0x2bd18913) addi    s2, gp, 701
core   0: 1 0x00000000800056ac (0x2bd18913) x18 0x00000000000002bd
core   0: 0x00000000800056b0 (0x01272c33) slt     s8, a4, s2
core   0: 1 0x00000000800056b0 (0x01272c33) x24 0x0000000000000001
core   0: 0x00000000800056b4 (0x00069a9b) slliw   s5, a3, 0
core   0: 1 0x00000000800056b4 (0x00069a9b) x21 0x0000000000000902
core   0: 0x00000000800056b8 (0xc2017b53) fcvt.w.d s6, ft2
core   0: 1 0x00000000800056b8 (0xc2017b53) x22 0x0000000000000000
core   0: 0x00000000800056bc (0x4013d39b) sraiw   t2, t2, 1
core   0: 1 0x00000000800056bc (0x4013d39b) x7  0x0000000000000000
core   0: 0x00000000800056c0 (0x00000001) c.nop
core   0: 1 0x00000000800056c0 (0x0001)
core   0: 0x00000000800056c2 (0xae11811b) addiw   sp, gp, -1311
core   0: 1 0x00000000800056c2 (0xae11811b) x2  0xfffffffffffffae1
core   0: 0x00000000800056c6 (0x03bc8dbb) mulw    s11, s9, s11
core   0: 1 0x00000000800056c6 (0x03bc8dbb) x27 0x0000000000000000
core   0: 0x00000000800056ca (0x0a087d43) fmadd.d fs10, fa6, ft0, ft1
core   0: 1 0x00000000800056ca (0x0a087d43) f26 0x7ff8000000000000
core   0: 0x00000000800056ce (0xc0165373) csrrwi  t1, time, 12
core   0: exception trap_illegal_instruction, epc 0x00000000800056ce
core   0:           tval 0x00000000c0165373
core   0: >>>>  $xrv64i2p1_m2p0_a2p1_f2p2_d2p2_zicsr2p0_zifencei2p0_zmmul1p0_zba1p0_zbb1p0_zbc1p0_zbs1p0
core   0: 0x0000000080004000 (0x0080006f) j       pc + 0x8
core   0: 3 0x0000000080004000 (0x0080006f)
core   0: >>>>  mmode_exception_handler
core   0: 0x0000000080004008 (0x00002c17) auipc   s8, 0x2
core   0: 3 0x0000000080004008 (0x00002c17) x24 0x0000000080006008
core   0: 0x000000008000400c (0x006c0c13) addi    s8, s8, 6
core   0: 3 0x000000008000400c (0x006c0c13) x24 0x000000008000600e
core   0: 0x0000000080004010 (0x000c00e7) jalr    s8
core   0: 3 0x0000000080004010 (0x000c00e7) x1  0x0000000080004014
core   0: >>>>  any_handler
core   0: 0x000000008000600e (0x341027f3) csrrs   a5, mepc, zero
core   0: 3 0x000000008000600e (0x341027f3) x15 0x00000000800056ce
core   0: 0x0000000080006012 (0x34202773) csrrs   a4, mcause, zero
core   0: 3 0x0000000080006012 (0x34202773) x14 0x0000000000000002
core   0: 0x0000000080006016 (0x142026f3) csrrs   a3, scause, zero
core   0: 3 0x0000000080006016 (0x142026f3) x13 0x0000000000000902
core   0: 0x000000008000601a (0x30402673) csrrs   a2, mie, zero
core   0: 3 0x000000008000601a (0x30402673) x12 0x0000000000000a00
core   0: 0x000000008000601e (0x344025f3) csrrs   a1, mip, zero
core   0: 3 0x000000008000601e (0x344025f3) x11 0x0000000000000080
core   0: 0x0000000080006022 (0x343025f3) csrrs   a1, mtval, zero
core   0: 3 0x0000000080006022 (0x343025f3) x11 0x00000000c0165373
core   0: 0x0000000080006026 (0x14302573) csrrs   a0, stval, zero
core   0: 3 0x0000000080006026 (0x14302573) x10 0x0000000000000000
core   0: 0x000000008000602a (0xb02024f3) csrrs   s1, minstret, zero
core   0: 3 0x000000008000602a (0xb02024f3) x9  0x0000000000000fc3
core   0: 0x000000008000602e (0x0000a811) c.j     pc + 20
core   0: 3 0x000000008000602e (0xa811)
core   0: >>>>  mepc_4
core   0: 0x0000000080006042 (0x00000791) c.addi  a5, 4
core   0: 3 0x0000000080006042 (0x0791) x15 0x00000000800056d2
core   0: 0x0000000080006044 (0x34179073) csrrw   zero, mepc, a5
core   0: 3 0x0000000080006044 (0x34179073) c833_mepc 0x00000000800056d2
core   0: 0x0000000080006048 (0x30200073) mret
core   0: 3 0x0000000080006048 (0x30200073) c768_mstatus 0x8000000a00106080
core   0: 0x00000000800056d2 (0x00ab4733) xor     a4, s6, a0
core   0: 1 0x00000000800056d2 (0x00ab4733) x14 0x0000000000000000
core   0: 0x00000000800056d6 (0x0b087fd3) fsub.d  ft11, fa6, fa6
core   0: 1 0x00000000800056d6 (0x0b087fd3) f31 0x0000000000000000
core   0: 0x00000000800056da (0x4cd1011b) addiw   sp, sp, 1229
core   0: 1 0x00000000800056da (0x4cd1011b) x2  0xffffffffffffffae
core   0: 0x00000000800056de (0x00000001) c.nop
core   0: 1 0x00000000800056de (0x0001)
core   0: 0x00000000800056e0 (0xc03ff353) fcvt.lu.s t1, ft11
core   0: 1 0x00000000800056e0 (0xc03ff353) c1_fflags 0x0000000000000011 x6  0xffffffffffffffff
core   0: 0x00000000800056e4 (0x4125d5bb) sraw    a1, a1, s2
core   0: 1 0x00000000800056e4 (0x4125d5bb) x11 0xfffffffffffffffe
core   0: 0x00000000800056e8 (0xc226fbd3) fcvt.l.d s7, fa3
core   0: 1 0x00000000800056e8 (0xc226fbd3) c1_fflags 0x0000000000000011 x23 0x7fffffffffffffff
core   0: 0x00000000800056ec (0x02c206bb) mulw    a3, tp, a2
core   0: 1 0x00000000800056ec (0x02c206bb) x13 0x000000000000aa00
core   0: 0x00000000800056f0 (0xc23df753) fcvt.lu.d a4, fs11
core   0: 1 0x00000000800056f0 (0xc23df753) c1_fflags 0x0000000000000011 x14 0xffffffffffffffff
core   0: 0x00000000800056f4 (0xe20f8553) fmv.x.d a0, ft11
core   0: 1 0x00000000800056f4 (0xe20f8553) x10 0x0000000000000000
core   0: 0x00000000800056f8 (0x40d051bb) sraw    gp, zero, a3
core   0: 1 0x00000000800056f8 (0x40d051bb) x3  0x0000000000000000
core   0: 0x00000000800056fc (0x1b725db7) lui     s11, 0x1b725
core   0: 1 0x00000000800056fc (0x1b725db7) x27 0x000000001b725000
core   0: 0x0000000080005700 (0x2bfd19d3) fmax.d  fs3, fs10, ft11
core   0: 1 0x0000000080005700 (0x2bfd19d3) f19 0x0000000000000000
core   0: 0x0000000080005704 (0x0005da1b) srliw   s4, a1, 0
core   0: 1 0x0000000080005704 (0x0005da1b) x20 0xfffffffffffffffe
core   0: 0x0000000080005708 (0xa3b38bd3) fle.d   s7, ft7, fs11
core   0: 1 0x0000000080005708 (0xa3b38bd3) c1_fflags 0x0000000000000011 x23 0x0000000000000000
core   0: 0x000000008000570c (0x0336e1bb) remw    gp, a3, s3
core   0: 1 0x000000008000570c (0x0336e1bb) x3  0x0000000000000000
core   0: 0x0000000080005710 (0x03daea3b) remw    s4, s5, t4
core   0: 1 0x0000000080005710 (0x03daea3b) x20 0x0000000000000902
core   0: 0x0000000080005714 (0x00d19613) slli    a2, gp, 13
core   0: 1 0x0000000080005714 (0x00d19613) x12 0x0000000000000000
core   0: 0x0000000080005718 (0x2339a453) fsgnjx.d fs0, fs3, fs3
core   0: 1 0x0000000080005718 (0x2339a453) f8  0x0000000000000000
core   0: 0x000000008000571c (0x02c7573b) divuw   a4, a4, a2
core   0: 1 0x000000008000571c (0x02c7573b) x14 0xffffffffffffffff
core   0: 0x0000000080005720 (0x00ea98b3) sll     a7, s5, a4
core   0: 1 0x0000000080005720 (0x00ea98b3) x17 0x0000000000000000
core   0: 0x0000000080005724 (0x001022f3) csrrs   t0, fflags, zero
core   0: 1 0x0000000080005724 (0x001022f3) x5  0x0000000000000011
core   0: 0x0000000080005728 (0x002023f3) csrrs   t2, frm, zero
core   0: 1 0x0000000080005728 (0x002023f3) x7  0x0000000000000004
core   0: 0x000000008000572c (0x22d32dd3) fsgnjx.d fs11, ft6, fa3
core   0: 1 0x000000008000572c (0x22d32dd3) f27 0x8000000000000000
core   0: 0x0000000080005730 (0x0a90f4d3) fsub.d  fs1, ft1, fs1
core   0: 1 0x0000000080005730 (0x0a90f4d3) f9  0x0000000000000000
core   0: 0x0000000080005734 (0x003b02b3) add     t0, s6, gp
core   0: 1 0x0000000080005734 (0x003b02b3) x5  0x0000000000000000
core   0: 0x0000000080005738 (0x239a0f53) fsgnj.d ft10, fs4, fs9
core   0: 1 0x0000000080005738 (0x239a0f53) f30 0x7ff8000000000000
core   0: 0x000000008000573c (0xe20085d3) fmv.x.d a1, ft1
core   0: 1 0x000000008000573c (0xe20085d3) x11 0x000000000010000c
core   0: 0x0000000080005740 (0x0a94fb53) fsub.d  fs6, fs1, fs1
core   0: 1 0x0000000080005740 (0x0a94fb53) f22 0x0000000000000000
core   0: 0x0000000080005744 (0xc02cfcd3) fcvt.l.s s9, fs9
core   0: 1 0x0000000080005744 (0xc02cfcd3) c1_fflags 0x0000000000000011 x25 0x7fffffffffffffff
core   0: 0x0000000080005748 (0x23920353) fsgnj.d ft6, ft4, fs9
core   0: 1 0x0000000080005748 (0x23920353) f6  0x7ff8000000000000
core   0: 0x000000008000574c (0xb7e2f693) andi    a3, t0, -1154
core   0: 1 0x000000008000574c (0xb7e2f693) x13 0x0000000000000000
core   0: 0x0000000080005750 (0x02a1d1bb) divuw   gp, gp, a0
core   0: 1 0x0000000080005750 (0x02a1d1bb) x3  0xffffffffffffffff
core   0: 0x0000000080005754 (0x0be6fcd3) fsub.d  fs9, fa3, ft10
core   0: 1 0x0000000080005754 (0x0be6fcd3) f25 0x7ff8000000000000
core   0: 0x0000000080005758 (0x00000001) c.nop
core   0: 1 0x0000000080005758 (0x0001)
core   0: 0x000000008000575a (0x026c9a93) slli    s5, s9, 38
core   0: 1 0x000000008000575a (0x026c9a93) x21 0xffffffc000000000
core   0: 0x000000008000575e (0x02a7a533) mulhsu  a0, a5, a0
core   0: 1 0x000000008000575e (0x02a7a533) x10 0x0000000000000000
core   0: 0x0000000080005762 (0x03525593) srli    a1, tp, 53
core   0: 1 0x0000000080005762 (0x03525593) x11 0x0000000000000000
core   0: 0x0000000080005766 (0xd2030553) fcvt.d.w fa0, t1
core   0: 1 0x0000000080005766 (0xd2030553) f10 0xbff0000000000000
core   0: 0x000000008000576a (0x001a5e9b) srliw   t4, s4, 1
core   0: 1 0x000000008000576a (0x001a5e9b) x29 0x0000000000000481
core   0: 0x000000008000576e (0x00d4183b) sllw    a6, s0, a3
core   0: 1 0x000000008000576e (0x00d4183b) x16 0xfffffffffffff947
core   0: 0x0000000080005772 (0x00dbb537) lui     a0, 0xdbb
core   0: 1 0x0000000080005772 (0x00dbb537) x10 0x0000000000dbb000
core   0: 0x0000000080005776 (0xed15051b) addiw   a0, a0, -303
core   0: 1 0x0000000080005776 (0xed15051b) x10 0x0000000000dbaed1
core   0: 0x000000008000577a (0x0000053e) c.slli  a0, 15
core   0: 1 0x000000008000577a (0x053e) x10 0x0000006dd7688000
core   0: 0x000000008000577c (0xf7450513) addi    a0, a0, -140
core   0: 1 0x000000008000577c (0xf7450513) x10 0x0000006dd7687f74
core   0: 0x0000000080005780 (0x5f74049b) addiw   s1, s0, 1527
core   0: 1 0x0000000080005780 (0x5f74049b) x9  0xffffffffffffff3e
core   0: 0x0000000080005784 (0x3b201e17) auipc   t3, 0x3b201
core   0: 1 0x0000000080005784 (0x3b201e17) x28 0x00000000bb206784
core   0: 0x0000000080005788 (0x2aac0c53) fmin.d  fs8, fs8, fa0
core   0: 1 0x0000000080005788 (0x2aac0c53) f24 0xc1dfffee60000000
core   0: 0x000000008000578c (0x4162db3b) sraw    s6, t0, s6
core   0: 1 0x000000008000578c (0x4162db3b) x22 0x0000000000000000
core   0: 0x0000000080005790 (0x01276933) or      s2, a4, s2
core   0: 1 0x0000000080005790 (0x01276933) x18 0xffffffffffffffff
core   0: 0x0000000080005794 (0x02e571b3) remu    gp, a0, a4
core   0: 1 0x0000000080005794 (0x02e571b3) x3  0x0000006dd7687f74
core   0: 0x0000000080005798 (0x23751bd3) fsgnjn.d fs7, fa0, fs7
core   0: 1 0x0000000080005798 (0x23751bd3) f23 0xbff0000000000000
core   0: 0x000000008000579c (0x0005151b) slliw   a0, a0, 0
core   0: 1 0x000000008000579c (0x0005151b) x10 0xffffffffd7687f74
core   0: 0x00000000800057a0 (0x0373f63b) remuw   a2, t2, s7
core   0: 1 0x00000000800057a0 (0x0373f63b) x12 0x0000000000000004
core   0: 0x00000000800057a4 (0xd22bf453) fcvt.d.l fs0, s7
core   0: 1 0x00000000800057a4 (0xd22bf453) f8  0x0000000000000000
core   0: 0x00000000800057a8 (0xfff18013) addi    zero, gp, -1
core   0: 1 0x00000000800057a8 (0xfff18013)
core   0: 0x00000000800057ac (0x03ba623b) remw    tp, s4, s11
core   0: 1 0x00000000800057ac (0x03ba623b) x4  0x0000000000000902
core   0: 0x00000000800057b0 (0xd0397ed3) fcvt.s.lu ft9, s2
core   0: 1 0x00000000800057b0 (0xd0397ed3) c1_fflags 0x0000000000000011 f29 0xffffffff5f800000
core   0: 0x00000000800057b4 (0xc2087753) fcvt.w.d a4, fa6
core   0: 1 0x00000000800057b4 (0xc2087753) x14 0x0000000000000000
core   0: 0x00000000800057b8 (0x13247f53) fmul.d  ft10, fs0, fs2
core   0: 1 0x00000000800057b8 (0x13247f53) f30 0x7ff8000000000000
core   0: 0x00000000800057bc (0x00ea7033) and     zero, s4, a4
core   0: 1 0x00000000800057bc (0x00ea7033)
core   0: 0x00000000800057c0 (0x404a5a1b) sraiw   s4, s4, 4
core   0: 1 0x00000000800057c0 (0x404a5a1b) x20 0x0000000000000090
core   0: 0x00000000800057c4 (0xf8777893) andi    a7, a4, -121
core   0: 1 0x00000000800057c4 (0xf8777893) x17 0x0000000000000000
core   0: 0x00000000800057c8 (0x4019591b) sraiw   s2, s2, 1
core   0: 1 0x00000000800057c8 (0x4019591b) x18 0xffffffffffffffff
core   0: 0x00000000800057cc (0xb822d673) csrrwi  a2, minstreth, 5
core   0: exception trap_illegal_instruction, epc 0x00000000800057cc
core   0:           tval 0x00000000b822d673
core   0: >>>>  $xrv64i2p1_m2p0_a2p1_f2p2_d2p2_zicsr2p0_zifencei2p0_zmmul1p0_zba1p0_zbb1p0_zbc1p0_zbs1p0
core   0: 0x0000000080004000 (0x0080006f) j       pc + 0x8
core   0: 3 0x0000000080004000 (0x0080006f)
core   0: >>>>  mmode_exception_handler
core   0: 0x0000000080004008 (0x00002c17) auipc   s8, 0x2
core   0: 3 0x0000000080004008 (0x00002c17) x24 0x0000000080006008
core   0: 0x000000008000400c (0x006c0c13) addi    s8, s8, 6
core   0: 3 0x000000008000400c (0x006c0c13) x24 0x000000008000600e
core   0: 0x0000000080004010 (0x000c00e7) jalr    s8
core   0: 3 0x0000000080004010 (0x000c00e7) x1  0x0000000080004014
core   0: >>>>  any_handler
core   0: 0x000000008000600e (0x341027f3) csrrs   a5, mepc, zero
core   0: 3 0x000000008000600e (0x341027f3) x15 0x00000000800057cc
core   0: 0x0000000080006012 (0x34202773) csrrs   a4, mcause, zero
core   0: 3 0x0000000080006012 (0x34202773) x14 0x0000000000000002
core   0: 0x0000000080006016 (0x142026f3) csrrs   a3, scause, zero
core   0: 3 0x0000000080006016 (0x142026f3) x13 0x0000000000000902
core   0: 0x000000008000601a (0x30402673) csrrs   a2, mie, zero
core   0: 3 0x000000008000601a (0x30402673) x12 0x0000000000000a00
core   0: 0x000000008000601e (0x344025f3) csrrs   a1, mip, zero
core   0: 3 0x000000008000601e (0x344025f3) x11 0x0000000000000080
core   0: 0x0000000080006022 (0x343025f3) csrrs   a1, mtval, zero
core   0: 3 0x0000000080006022 (0x343025f3) x11 0x00000000b822d673
core   0: 0x0000000080006026 (0x14302573) csrrs   a0, stval, zero
core   0: 3 0x0000000080006026 (0x14302573) x10 0x0000000000000000
core   0: 0x000000008000602a (0xb02024f3) csrrs   s1, minstret, zero
core   0: 3 0x000000008000602a (0xb02024f3) x9  0x0000000000001013
core   0: 0x000000008000602e (0x0000a811) c.j     pc + 20
core   0: 3 0x000000008000602e (0xa811)
core   0: >>>>  mepc_4
core   0: 0x0000000080006042 (0x00000791) c.addi  a5, 4
core   0: 3 0x0000000080006042 (0x0791) x15 0x00000000800057d0
core   0: 0x0000000080006044 (0x34179073) csrrw   zero, mepc, a5
core   0: 3 0x0000000080006044 (0x34179073) c833_mepc 0x00000000800057d0
core   0: 0x0000000080006048 (0x30200073) mret
core   0: 3 0x0000000080006048 (0x30200073) c768_mstatus 0x8000000a00106080
core   0: 0x00000000800057d0 (0xc03975d3) fcvt.lu.s a1, fs2
core   0: 1 0x00000000800057d0 (0xc03975d3) c1_fflags 0x0000000000000011 x11 0x0000000000000000
core   0: 0x00000000800057d4 (0x012a13bb) sllw    t2, s4, s2
core   0: 1 0x00000000800057d4 (0x012a13bb) x7  0x0000000000000000
core   0: 0x00000000800057d8 (0x22619153) fsgnjn.d ft2, ft3, ft6
core   0: 1 0x00000000800057d8 (0x22619153) f2  0xfff8000000000000
core   0: 0x00000000800057dc (0xc21af153) fcvt.wu.d sp, fs5
core   0: 1 0x00000000800057dc (0xc21af153) c1_fflags 0x0000000000000011 x2  0x0000000000000000
core   0: 0x00000000800057e0 (0x03d102b3) mul     t0, sp, t4
core   0: 1 0x00000000800057e0 (0x03d102b3) x5  0x0000000000000000
core   0: 0x00000000800057e4 (0x0221583b) divuw   a6, sp, sp
core   0: 1 0x00000000800057e4 (0x0221583b) x16 0xffffffffffffffff
core   0: 0x00000000800057e8 (0x0016d393) srli    t2, a3, 1
core   0: 1 0x00000000800057e8 (0x0016d393) x7  0x0000000000000481
core   0: 0x00000000800057ec (0x002e9ef3) csrrw   t4, frm, t4
core   0: 1 0x00000000800057ec (0x002e9ef3) x29 0x0000000000000004 c2_frm 0x0000000000000001
core   0: 0x00000000800057f0 (0x02cd2db3) mulhsu  s11, s10, a2
core   0: 1 0x00000000800057f0 (0x02cd2db3) x27 0xffffffffffffffff
core   0: 0x00000000800057f4 (0x3a3d7bb7) lui     s7, 0x3a3d7
core   0: 1 0x00000000800057f4 (0x3a3d7bb7) x23 0x000000003a3d7000
core   0: 0x00000000800057f8 (0x02675193) srli    gp, a4, 38
core   0: 1 0x00000000800057f8 (0x02675193) x3  0x0000000000000000
core   0: 0x00000000800057fc (0x40c002bb) subw    t0, zero, a2
core   0: 1 0x00000000800057fc (0x40c002bb) x5  0xfffffffffffff600
core   0: 0x0000000080005800 (0x5a0afc53) fsqrt.d fs8, fs5
core   0: 1 0x0000000080005800 (0x5a0afc53) c1_fflags 0x0000000000000011 f24 0x1f000005fffee000
core   0: 0x0000000080005804 (0x40930ab3) sub     s5, t1, s1
core   0: 1 0x0000000080005804 (0x40930ab3) x21 0xffffffffffffefec
core   0: 0x0000000080005808 (0xc20af8d3) fcvt.w.d a7, fs5
core   0: 1 0x0000000080005808 (0xc20af8d3) c1_fflags 0x0000000000000011 x17 0x0000000000000000
core   0: 0x000000008000580c (0x00e34733) xor     a4, t1, a4
core   0: 1 0x000000008000580c (0x00e34733) x14 0xfffffffffffffffd
core   0: 0x0000000080005810 (0x40295dbb) sraw    s11, s2, sp
core   0: 1 0x0000000080005810 (0x40295dbb) x27 0xffffffffffffffff
core   0: 0x0000000080005814 (0x401b7553) fcvt.s.d fa0, fs6
core   0: 1 0x0000000080005814 (0x401b7553) f10 0xffffffff00000000
core   0: 0x0000000080005818 (0x01f18437) lui     s0, 0x1f18
core   0: 1 0x0000000080005818 (0x01f18437) x8  0x0000000001f18000
core   0: 0x000000008000581c (0x4434041b) addiw   s0, s0, 1091
core   0: 1 0x000000008000581c (0x4434041b) x8  0x0000000001f18443
core   0: 0x0000000080005820 (0x00000432) c.slli  s0, 12
core   0: 1 0x0000000080005820 (0x0432) x8  0x0000001f18443000
core   0: 0x0000000080005822 (0xc2f40413) addi    s0, s0, -977
core   0: 1 0x0000000080005822 (0xc2f40413) x8  0x0000001f18442c2f
core   0: 0x0000000080005826 (0xb2a374cf) fnmadd.d fs1, ft6, fa0, fs6
core   0: 1 0x0000000080005826 (0xb2a374cf) f9  0x7ff8000000000000
core   0: 0x000000008000582a (0x00089093) slli    ra, a7, 0
core   0: 1 0x000000008000582a (0x00089093) x1  0x0000000000000000
core   0: 0x000000008000582e (0x2a9397d3) fmax.d  fa5, ft7, fs1
core   0: 1 0x000000008000582e (0x2a9397d3) f15 0x7ff8000000000000
core   0: 0x0000000080005832 (0x416602b3) sub     t0, a2, s6
core   0: 1 0x0000000080005832 (0x416602b3) x5  0x0000000000000a00
core   0: 0x0000000080005836 (0xd20288d3) fcvt.d.w fa7, t0
core   0: 1 0x0000000080005836 (0xd20288d3) f17 0x40a4000000000000
core   0: 0x000000008000583a (0x8c11d797) auipc   a5, 0x8c11d
core   0: 1 0x000000008000583a (0x8c11d797) x15 0x000000000c12283a
core   0: 0x000000008000583e (0xd2160853) fcvt.d.wu fa6, a2
core   0: 1 0x000000008000583e (0xd2160853) f16 0x40a4000000000000
core   0: 0x0000000080005842 (0x3a747e43) fmadd.d ft8, fs0, ft7, ft7
core   0: 1 0x0000000080005842 (0x3a747e43) f28 0x7ff8000000000000
core   0: 0x0000000080005846 (0x03086133) rem     sp, a6, a6
core   0: 1 0x0000000080005846 (0x03086133) x2  0x0000000000000000
core   0: 0x000000008000584a (0x00b41013) slli    zero, s0, 11
core   0: 1 0x000000008000584a (0x00b41013)
core   0: 0x000000008000584e (0x00d9013b) addw    sp, s2, a3
core   0: 1 0x000000008000584e (0x00d9013b) x2  0x0000000000000901
core   0: 0x0000000080005852 (0x43f3d393) srai    t2, t2, 63
core   0: 1 0x0000000080005852 (0x43f3d393) x7  0x0000000000000000
core   0: 0x0000000080005856 (0x00000001) c.nop
core   0: 1 0x0000000080005856 (0x0001)
core   0: 0x0000000080005858 (0xc03e7753) fcvt.lu.s a4, ft8
core   0: 1 0x0000000080005858 (0xc03e7753) c1_fflags 0x0000000000000011 x14 0xffffffffffffffff
core   0: 0x000000008000585c (0x3ab3f4c3) fmadd.d fs1, ft7, fa1, ft7
core   0: 1 0x000000008000585c (0x3ab3f4c3) f9  0x7ff8000000000000
core   0: 0x0000000080005860 (0x00102473) csrrs   s0, fflags, zero
core   0: 1 0x0000000080005860 (0x00102473) x8  0x0000000000000011
core   0: 0x0000000080005864 (0x40890733) sub     a4, s2, s0
core   0: 1 0x0000000080005864 (0x40890733) x14 0xffffffffffffffee
core   0: 0x0000000080005868 (0x02e95133) divu    sp, s2, a4
core   0: 1 0x0000000080005868 (0x02e95133) x2  0x0000000000000001
core   0: 0x000000008000586c (0x8f07099b) addiw   s3, a4, -1808
core   0: 1 0x000000008000586c (0x8f07099b) x19 0xfffffffffffff8de
core   0: 0x0000000080005870 (0xd20c81d3) fcvt.d.w ft3, s9
core   0: 1 0x0000000080005870 (0xd20c81d3) f3  0xbff0000000000000
core   0: 0x0000000080005874 (0x40f78d3b) subw    s10, a5, a5
core   0: 1 0x0000000080005874 (0x40f78d3b) x26 0x0000000000000000
core   0: 0x0000000080005878 (0x00f7f733) and     a4, a5, a5
core   0: 1 0x0000000080005878 (0x00f7f733) x14 0x000000000c12283a
core   0: 0x000000008000587c (0x42038153) fcvt.d.s ft2, ft7
core   0: 1 0x000000008000587c (0x42038153) f2  0x7ff8000000000000
core   0: 0x0000000080005880 (0xa29d84d3) fle.d   s1, fs11, fs1
core   0: 1 0x0000000080005880 (0xa29d84d3) c1_fflags 0x0000000000000011 x9  0x0000000000000000
core   0: 0x0000000080005884 (0x1aa570d3) fdiv.d  ft1, fa0, fa0
core   0: 1 0x0000000080005884 (0x1aa570d3) f1  0x7ff8000000000000
core   0: 0x0000000080005888 (0x23910753) fsgnj.d fa4, ft2, fs9
core   0: 1 0x0000000080005888 (0x23910753) f14 0x7ff8000000000000
core   0: 0x000000008000588c (0x416282bb) subw    t0, t0, s6
core   0: 1 0x000000008000588c (0x416282bb) x5  0x0000000000000a00
core   0: 0x0000000080005890 (0x03d47933) remu    s2, s0, t4
core   0: 1 0x0000000080005890 (0x03d47933) x18 0x0000000000000001
core   0: 0x0000000080005894 (0x0010d0b3) srl     ra, ra, ra
core   0: 1 0x0000000080005894 (0x0010d0b3) x1  0x0000000000000000
core   0: 0x0000000080005898 (0x23371153) fsgnjn.d ft2, fa4, fs3
core   0: 1 0x0000000080005898 (0x23371153) f2  0xfff8000000000000
core   0: 0x000000008000589c (0x43f0dd13) srai    s10, ra, 63
core   0: 1 0x000000008000589c (0x43f0dd13) x26 0x0000000000000000
core   0: 0x00000000800058a0 (0xd023fbd3) fcvt.s.l fs7, t2
core   0: 1 0x00000000800058a0 (0xd023fbd3) f23 0xffffffff00000000
core   0: 0x00000000800058a4 (0x000e189b) slliw   a7, t3, 0
core   0: 1 0x00000000800058a4 (0x000e189b) x17 0xffffffffbb206784
core   0: 0x00000000800058a8 (0x01ce2db3) slt     s11, t3, t3
core   0: 1 0x00000000800058a8 (0x01ce2db3) x27 0x0000000000000000
core   0: 0x00000000800058ac (0x1a2c7c53) fdiv.d  fs8, fs8, ft2
core   0: 1 0x00000000800058ac (0x1a2c7c53) f24 0x7ff8000000000000
core   0: 0x00000000800058b0 (0x000b919b) slliw   gp, s7, 0
core   0: 1 0x00000000800058b0 (0x000b919b) x3  0x000000003a3d7000
core   0: 0x00000000800058b4 (0x769b03b7) lui     t2, 0x769b0
core   0: 1 0x00000000800058b4 (0x769b03b7) x7  0x00000000769b0000
core   0: 0x00000000800058b8 (0x6d8ee813) ori     a6, t4, 1752
core   0: 1 0x00000000800058b8 (0x6d8ee813) x16 0x00000000000006dc
core   0: 0x00000000800058bc (0x237782d3) fsgnj.d ft5, fa5, fs7
core   0: 1 0x00000000800058bc (0x237782d3) f5  0xfff8000000000000
core   0: 0x00000000800058c0 (0xc037f0d3) fcvt.lu.s ra, fa5
core   0: 1 0x00000000800058c0 (0xc037f0d3) c1_fflags 0x0000000000000011 x1  0xffffffffffffffff
core   0: 0x00000000800058c4 (0x7ff0fd93) andi    s11, ra, 2047
core   0: 1 0x00000000800058c4 (0x7ff0fd93) x27 0x00000000000007ff
core   0: 0x00000000800058c8 (0x007842b3) xor     t0, a6, t2
core   0: 1 0x00000000800058c8 (0x007842b3) x5  0x00000000769b06dc
core   0: 0x00000000800058cc (0xe3407013) andi    zero, zero, -460
core   0: 1 0x00000000800058cc (0xe3407013)
core   0: 0x00000000800058d0 (0xc03bfc53) fcvt.lu.s s8, fs7
core   0: 1 0x00000000800058d0 (0xc03bfc53) x24 0x0000000000000000
core   0: 0x00000000800058d4 (0x420c8453) fcvt.d.s fs0, fs9
core   0: 1 0x00000000800058d4 (0x420c8453) f8  0x7ff8000000000000
core   0: 0x00000000800058d8 (0x7ff2819b) addiw   gp, t0, 2047
core   0: 1 0x00000000800058d8 (0x7ff2819b) x3  0x00000000769b0edb
core   0: 0x00000000800058dc (0x4100023b) subw    tp, zero, a6
core   0: 1 0x00000000800058dc (0x4100023b) x4  0xfffffffffffff924
core   0: 0x00000000800058e0 (0x0afcf9d3) fsub.d  fs3, fs9, fa5
core   0: 1 0x00000000800058e0 (0x0afcf9d3) f19 0x7ff8000000000000
core   0: 0x00000000800058e4 (0x03c17a33) remu    s4, sp, t3
core   0: 1 0x00000000800058e4 (0x03c17a33) x20 0x0000000000000001
core   0: 0x00000000800058e8 (0xe3ab049b) addiw   s1, s6, -454
core   0: 1 0x00000000800058e8 (0xe3ab049b) x9  0xfffffffffffffe3a
core   0: 0x00000000800058ec (0x00000001) c.nop
core   0: 1 0x00000000800058ec (0x0001)
core   0: 0x00000000800058ee (0x00000001) c.nop
core   0: 1 0x00000000800058ee (0x0001)
core   0: 0x00000000800058f0 (0x03c4bab3) mulhu   s5, s1, t3
core   0: 1 0x00000000800058f0 (0x03c4bab3) x21 0x00000000bb206783
core   0: 0x00000000800058f4 (0x00008e1d) c.sub   a2, a5
core   0: 1 0x00000000800058f4 (0x8e1d) x12 0xfffffffff3ede1c6
core   0: 0x00000000800058f6 (0x5a0cf753) fsqrt.d fa4, fs9
core   0: 1 0x00000000800058f6 (0x5a0cf753) f14 0x7ff8000000000000
core   0: 0x00000000800058fa (0x5a077a53) fsqrt.d fs4, fa4
core   0: 1 0x00000000800058fa (0x5a077a53) f20 0x7ff8000000000000
core   0: 0x00000000800058fe (0x0008589b) srliw   a7, a6, 0
core   0: 1 0x00000000800058fe (0x0008589b) x17 0x00000000000006dc
core   0: 0x0000000080005902 (0xa34406d3) fle.d   a3, fs0, fs4
core   0: 1 0x0000000080005902 (0xa34406d3) c1_fflags 0x0000000000000011 x13 0x0000000000000000
core   0: 0x0000000080005906 (0x23432c53) fsgnjx.d fs8, ft6, fs4
core   0: 1 0x0000000080005906 (0x23432c53) f24 0x7ff8000000000000
core   0: 0x000000008000590a (0xf2088bd3) fmv.d.x fs7, a7
core   0: 1 0x000000008000590a (0xf2088bd3) f23 0x00000000000006dc
core   0: 0x000000008000590e (0x02d2c2b3) div     t0, t0, a3
core   0: 1 0x000000008000590e (0x02d2c2b3) x5  0xffffffffffffffff
core   0: 0x0000000080005912 (0x0f354513) xori    a0, a0, 243
core   0: 1 0x0000000080005912 (0x0f354513) x10 0x00000000000000f3
core   0: 0x0000000080005916 (0x00ad75b3) and     a1, s10, a0
core   0: 1 0x0000000080005916 (0x00ad75b3) x11 0x0000000000000000
core   0: 0x000000008000591a (0x00202e73) csrrs   t3, frm, zero
core   0: 1 0x000000008000591a (0x00202e73) x28 0x0000000000000001
core   0: 0x000000008000591e (0x0292aab3) mulhsu  s5, t0, s1
core   0: 1 0x000000008000591e (0x0292aab3) x21 0xffffffffffffffff
core   0: 0x0000000080005922 (0x03c2a5b3) mulhsu  a1, t0, t3
core   0: 1 0x0000000080005922 (0x03c2a5b3) x11 0xffffffffffffffff
core   0: 0x0000000080005926 (0x01c5e833) or      a6, a1, t3
core   0: 1 0x0000000080005926 (0x01c5e833) x16 0xffffffffffffffff
core   0: 0x000000008000592a (0x037e7993) andi    s3, t3, 55
core   0: 1 0x000000008000592a (0x037e7993) x19 0x0000000000000001
core   0: 0x000000008000592e (0xe2048953) fmv.x.d s2, fs1
core   0: 1 0x000000008000592e (0xe2048953) x18 0x7ff8000000000000
core   0: 0x0000000080005932 (0xd235f6d3) fcvt.d.lu fa3, a1
core   0: 1 0x0000000080005932 (0xd235f6d3) c1_fflags 0x0000000000000011 f13 0x43efffffffffffff
core   0: 0x0000000080005936 (0xd02170d3) fcvt.s.l ft1, sp
core   0: 1 0x0000000080005936 (0xd02170d3) f1  0xffffffff3f800000
core   0: 0x000000008000593a (0x01895bb3) srl     s7, s2, s8
core   0: 1 0x000000008000593a (0x01895bb3) x23 0x7ff8000000000000
core   0: 0x000000008000593e (0x0088f433) and     s0, a7, s0
core   0: 1 0x000000008000593e (0x0088f433) x8  0x0000000000000010
core   0: 0x0000000080005942 (0x43fbd793) srai    a5, s7, 63
core   0: 1 0x0000000080005942 (0x43fbd793) x15 0x0000000000000000
core   0: 0x0000000080005946 (0x36640e1b) addiw   t3, s0, 870
core   0: 1 0x0000000080005946 (0x36640e1b) x28 0x0000000000000376
core   0: 0x000000008000594a (0xd0377ad3) fcvt.s.lu fs5, a4
core   0: 1 0x000000008000594a (0xd0377ad3) c1_fflags 0x0000000000000011 f21 0xffffffff4d412283
core   0: 0x000000008000594e (0x13477453) fmul.d  fs0, fa4, fs4
core   0: 1 0x000000008000594e (0x13477453) f8  0x7ff8000000000000
core   0: 0x0000000080005952 (0x01c7fcb3) and     s9, a5, t3
core   0: 1 0x0000000080005952 (0x01c7fcb3) x25 0x0000000000000000
core   0: 0x0000000080005956 (0x0063159b) slliw   a1, t1, 6
core   0: 1 0x0000000080005956 (0x0063159b) x11 0xffffffffffffffc0
core   0: 0x000000008000595a (0x001c8c13) addi    s8, s9, 1
core   0: 1 0x000000008000595a (0x001c8c13) x24 0x0000000000000001
core   0: 0x000000008000595e (0x1373f953) fmul.d  fs2, ft7, fs7
core   0: 1 0x000000008000595e (0x1373f953) f18 0x7ff8000000000000
core   0: 0x0000000080005962 (0x0303c3bb) divw    t2, t2, a6
core   0: 1 0x0000000080005962 (0x0303c3bb) x7  0xffffffff89650000
core   0: 0x0000000080005966 (0x02260633) mul     a2, a2, sp
core   0: 1 0x0000000080005966 (0x02260633) x12 0xfffffffff3ede1c6
core   0: 0x000000008000596a (0x00000bda) c.slli  s7, 22
core   0: 1 0x000000008000596a (0x0bda) x23 0x0000000000000000
core   0: 0x000000008000596c (0x4000d413) srai    s0, ra, 0
core   0: 1 0x000000008000596c (0x4000d413) x8  0xffffffffffffffff
core   0: 0x0000000080005970 (0x0211f1b3) remu    gp, gp, ra
core   0: 1 0x0000000080005970 (0x0211f1b3) x3  0x00000000769b0edb
core   0: 0x0000000080005974 (0x4084093b) subw    s2, s0, s0
core   0: 1 0x0000000080005974 (0x4084093b) x18 0x0000000000000000
core   0: 0x0000000080005978 (0x417bdd1b) sraiw   s10, s7, 23
core   0: 1 0x0000000080005978 (0x417bdd1b) x26 0x0000000000000000
core   0: 0x000000008000597c (0x95a37e93) andi    t4, t1, -1702
core   0: 1 0x000000008000597c (0x95a37e93) x29 0xfffffffffffff95a
core   0: 0x0000000080005980 (0x00345c93) srli    s9, s0, 3
core   0: 1 0x0000000080005980 (0x00345c93) x25 0x1fffffffffffffff
core   0: 0x0000000080005984 (0x40197cd3) fcvt.s.d fs9, fs2
core   0: 1 0x0000000080005984 (0x40197cd3) f25 0xffffffff7fc00000
core   0: 0x0000000080005988 (0x23671b53) fsgnjn.d fs6, fa4, fs6
core   0: 1 0x0000000080005988 (0x23671b53) f22 0xfff8000000000000
core   0: 0x000000008000598c (0x0003531b) srliw   t1, t1, 0
core   0: 1 0x000000008000598c (0x0003531b) x6  0xffffffffffffffff
core   0: 0x0000000080005990 (0x42090e53) fcvt.d.s ft8, fs2
core   0: 1 0x0000000080005990 (0x42090e53) f28 0x7ff8000000000000
core   0: 0x0000000080005994 (0x01bbdbb3) srl     s7, s7, s11
core   0: 1 0x0000000080005994 (0x01bbdbb3) x23 0x0000000000000000
core   0: 0x0000000080005998 (0x00000001) c.nop
core   0: 1 0x0000000080005998 (0x0001)
core   0: 0x000000008000599a (0xc03e74d3) fcvt.lu.s s1, ft8
core   0: 1 0x000000008000599a (0xc03e74d3) c1_fflags 0x0000000000000011 x9  0xffffffffffffffff
core   0: 0x000000008000599e (0x4604041b) addiw   s0, s0, 1120
core   0: 1 0x000000008000599e (0x4604041b) x8  0x000000000000045f
core   0: 0x00000000800059a2 (0x00000001) c.nop
core   0: 1 0x00000000800059a2 (0x0001)
core   0: 0x00000000800059a4 (0x4109023b) subw    tp, s2, a6
core   0: 1 0x00000000800059a4 (0x4109023b) x4  0x0000000000000001
core   0: 0x00000000800059a8 (0x02e26033) rem     zero, tp, a4
core   0: 1 0x00000000800059a8 (0x02e26033)
core   0: 0x00000000800059ac (0x1bad7bd3) fdiv.d  fs7, fs10, fs10
core   0: 1 0x00000000800059ac (0x1bad7bd3) f23 0x7ff8000000000000
core   0: 0x00000000800059b0 (0x22c9a9d3) fsgnjx.d fs3, fs3, fa2
core   0: 1 0x00000000800059b0 (0x22c9a9d3) f19 0xfff8000000000000
core   0: 0x00000000800059b4 (0x001c8b13) addi    s6, s9, 1
core   0: 1 0x00000000800059b4 (0x001c8b13) x22 0x2000000000000000
core   0: 0x00000000800059b8 (0x41670cbb) subw    s9, a4, s6
core   0: 1 0x00000000800059b8 (0x41670cbb) x25 0x000000000c12283a
core   0: 0x00000000800059bc (0xf20d07d3) fmv.d.x fa5, s10
core   0: 1 0x00000000800059bc (0xf20d07d3) f15 0x0000000000000000
core   0: 0x00000000800059c0 (0x00009dda) c.add   s11, s6
core   0: 1 0x00000000800059c0 (0x9dda) x27 0x20000000000007ff
core   0: 0x00000000800059c2 (0x03f25a93) srli    s5, tp, 63
core   0: 1 0x00000000800059c2 (0x03f25a93) x21 0x0000000000000000
core   0: 0x00000000800059c6 (0x03f6d313) srli    t1, a3, 63
core   0: 1 0x00000000800059c6 (0x03f6d313) x6  0x0000000000000000
core   0: 0x00000000800059ca (0x1b597dd3) fdiv.d  fs11, fs2, fs5
core   0: 1 0x00000000800059ca (0x1b597dd3) f27 0x7ff8000000000000
core   0: 0x00000000800059ce (0x0a0af053) fsub.d  ft0, fs5, ft0
core   0: 1 0x00000000800059ce (0x0a0af053) f0  0x7ff8000000000000
core   0: 0x00000000800059d2 (0xf11c1c73) csrrw   s8, mvendorid, s8
core   0: exception trap_illegal_instruction, epc 0x00000000800059d2
core   0:           tval 0x00000000f11c1c73
core   0: >>>>  $xrv64i2p1_m2p0_a2p1_f2p2_d2p2_zicsr2p0_zifencei2p0_zmmul1p0_zba1p0_zbb1p0_zbc1p0_zbs1p0
core   0: 0x0000000080004000 (0x0080006f) j       pc + 0x8
core   0: 3 0x0000000080004000 (0x0080006f)
core   0: >>>>  mmode_exception_handler
core   0: 0x0000000080004008 (0x00002c17) auipc   s8, 0x2
core   0: 3 0x0000000080004008 (0x00002c17) x24 0x0000000080006008
core   0: 0x000000008000400c (0x006c0c13) addi    s8, s8, 6
core   0: 3 0x000000008000400c (0x006c0c13) x24 0x000000008000600e
core   0: 0x0000000080004010 (0x000c00e7) jalr    s8
core   0: 3 0x0000000080004010 (0x000c00e7) x1  0x0000000080004014
core   0: >>>>  any_handler
core   0: 0x000000008000600e (0x341027f3) csrrs   a5, mepc, zero
core   0: 3 0x000000008000600e (0x341027f3) x15 0x00000000800059d2
core   0: 0x0000000080006012 (0x34202773) csrrs   a4, mcause, zero
core   0: 3 0x0000000080006012 (0x34202773) x14 0x0000000000000002
core   0: 0x0000000080006016 (0x142026f3) csrrs   a3, scause, zero
core   0: 3 0x0000000080006016 (0x142026f3) x13 0x0000000000000902
core   0: 0x000000008000601a (0x30402673) csrrs   a2, mie, zero
core   0: 3 0x000000008000601a (0x30402673) x12 0x0000000000000a00
core   0: 0x000000008000601e (0x344025f3) csrrs   a1, mip, zero
core   0: 3 0x000000008000601e (0x344025f3) x11 0x0000000000000080
core   0: 0x0000000080006022 (0x343025f3) csrrs   a1, mtval, zero
core   0: 3 0x0000000080006022 (0x343025f3) x11 0x00000000f11c1c73
core   0: 0x0000000080006026 (0x14302573) csrrs   a0, stval, zero
core   0: 3 0x0000000080006026 (0x14302573) x10 0x0000000000000000
core   0: 0x000000008000602a (0xb02024f3) csrrs   s1, minstret, zero
core   0: 3 0x000000008000602a (0xb02024f3) x9  0x00000000000010a8
core   0: 0x000000008000602e (0x0000a811) c.j     pc + 20
core   0: 3 0x000000008000602e (0xa811)
core   0: >>>>  mepc_4
core   0: 0x0000000080006042 (0x00000791) c.addi  a5, 4
core   0: 3 0x0000000080006042 (0x0791) x15 0x00000000800059d6
core   0: 0x0000000080006044 (0x34179073) csrrw   zero, mepc, a5
core   0: 3 0x0000000080006044 (0x34179073) c833_mepc 0x00000000800059d6
core   0: 0x0000000080006048 (0x30200073) mret
core   0: 3 0x0000000080006048 (0x30200073) c768_mstatus 0x8000000a00106080
core   0: 0x00000000800059d6 (0x022ebbb3) mulhu   s7, t4, sp
core   0: 1 0x00000000800059d6 (0x022ebbb3) x23 0x0000000000000000
core   0: 0x00000000800059da (0x235a8bd3) fsgnj.d fs7, fs5, fs5
core   0: 1 0x00000000800059da (0x235a8bd3) f23 0xffffffff4d412283
core   0: 0x00000000800059de (0xc0307953) fcvt.lu.s s2, ft0
core   0: 1 0x00000000800059de (0xc0307953) c1_fflags 0x0000000000000011 x18 0xffffffffffffffff
core   0: 0x00000000800059e2 (0xf2068fd3) fmv.d.x ft11, a3
core   0: 1 0x00000000800059e2 (0xf2068fd3) f31 0x0000000000000902
core   0: 0x00000000800059e6 (0x7967ce97) auipc   t4, 0x7967c
core   0: 1 0x00000000800059e6 (0x7967ce97) x29 0x00000000f96819e6
core   0: 0x00000000800059ea (0x00e34033) xor     zero, t1, a4
core   0: 1 0x00000000800059ea (0x00e34033)
core   0: 0x00000000800059ee (0x02e57833) remu    a6, a0, a4
core   0: 1 0x00000000800059ee (0x02e57833) x16 0x0000000000000000
core   0: 0x00000000800059f2 (0x037c4c33) div     s8, s8, s7
core   0: 1 0x00000000800059f2 (0x037c4c33) x24 0xffffffffffffffff
core   0: 0x00000000800059f6 (0x01a51d3b) sllw    s10, a0, s10
core   0: 1 0x00000000800059f6 (0x01a51d3b) x26 0x0000000000000000
core   0: 0x00000000800059fa (0x00000001) c.nop
core   0: 1 0x00000000800059fa (0x0001)
core   0: 0x00000000800059fc (0xc538d297) auipc   t0, 0xc538d
core   0: 1 0x00000000800059fc (0xc538d297) x5  0x00000000453929fc
core   0: 0x0000000080005a00 (0x01321893) slli    a7, tp, 19
core   0: 1 0x0000000080005a00 (0x01321893) x17 0x0000000000080000
core   0: 0x0000000080005a04 (0xc02d71d3) fcvt.l.s gp, fs10
core   0: 1 0x0000000080005a04 (0xc02d71d3) c1_fflags 0x0000000000000011 x3  0x7fffffffffffffff
core   0: 0x0000000080005a08 (0x00039a13) slli    s4, t2, 0
core   0: 1 0x0000000080005a08 (0x00039a13) x20 0xffffffff89650000
core   0: 0x0000000080005a0c (0x00000001) c.nop
core   0: 1 0x0000000080005a0c (0x0001)
core   0: 0x0000000080005a0e (0xd16ef737) lui     a4, 0xd16ef
core   0: 1 0x0000000080005a0e (0xd16ef737) x14 0xffffffffd16ef000
core   0: 0x0000000080005a12 (0xc03bf353) fcvt.lu.s t1, fs7
core   0: 1 0x0000000080005a12 (0xc03bf353) x6  0x000000000c122830
core   0: 0x0000000080005a16 (0x41f2561b) sraiw   a2, tp, 31
core   0: 1 0x0000000080005a16 (0x41f2561b) x12 0x0000000000000000
core   0: 0x0000000080005a1a (0x0038c7b3) xor     a5, a7, gp
core   0: 1 0x0000000080005a1a (0x0038c7b3) x15 0x7ffffffffff7ffff
core   0: 0x0000000080005a1e (0x002029f3) csrrs   s3, frm, zero
core   0: 1 0x0000000080005a1e (0x002029f3) x19 0x0000000000000001
core   0: 0x0000000080005a22 (0x1a377853) fdiv.d  fa6, fa4, ft3
core   0: 1 0x0000000080005a22 (0x1a377853) f16 0x7ff8000000000000
core   0: 0x0000000080005a26 (0xc21bf653) fcvt.wu.d a2, fs7
core   0: 1 0x0000000080005a26 (0xc21bf653) c1_fflags 0x0000000000000011 x12 0xffffffffffffffff
core   0: 0x0000000080005a2a (0xc0287253) fcvt.l.s tp, fa6
core   0: 1 0x0000000080005a2a (0xc0287253) c1_fflags 0x0000000000000011 x4  0x7fffffffffffffff
core   0: 0x0000000080005a2e (0x02484033) div     zero, a6, tp
core   0: 1 0x0000000080005a2e (0x02484033)
core   0: 0x0000000080005a32 (0x0392c4b3) div     s1, t0, s9
core   0: 1 0x0000000080005a32 (0x0392c4b3) x9  0x0000000000000005
core   0: 0x0000000080005a36 (0x021d41b3) div     gp, s10, ra
core   0: 1 0x0000000080005a36 (0x021d41b3) x3  0x0000000000000000
core   0: 0x0000000080005a3a (0xa30805d3) fle.d   a1, fa6, fa6
core   0: 1 0x0000000080005a3a (0xa30805d3) c1_fflags 0x0000000000000011 x11 0x0000000000000000
core   0: 0x0000000080005a3e (0x00174b93) xori    s7, a4, 1
core   0: 1 0x0000000080005a3e (0x00174b93) x23 0xffffffffd16ef001
core   0: 0x0000000080005a42 (0x007aa3b3) slt     t2, s5, t2
core   0: 1 0x0000000080005a42 (0x007aa3b3) x7  0x0000000000000000
core   0: 0x0000000080005a46 (0xbb7ffbc7) fmsub.d fs7, ft11, fs7, fs7
core   0: 1 0x0000000080005a46 (0xbb7ffbc7) f23 0x7ff8000000000000
core   0: 0x0000000080005a4a (0x144fd1f3) csrrwi  gp, sip, 31
core   0: 1 0x0000000080005a4a (0x144fd1f3) x3  0x0000000000000000 c836_mip 0x0000000000000080
core   0: 0x0000000080005a4e (0x14007d73) csrrci  s10, sscratch, 0
core   0: 1 0x0000000080005a4e (0x14007d73) x26 0x0000000000000001
core   0: 0x0000000080005a52 (0x001d1a93) slli    s5, s10, 1
core   0: 1 0x0000000080005a52 (0x001d1a93) x21 0x0000000000000002
core   0: 0x0000000080005a56 (0x0020d0bb) srlw    ra, ra, sp
core   0: 1 0x0000000080005a56 (0x0020d0bb) x1  0x000000004000200a
core   0: 0x0000000080005a5a (0x0004dd13) srli    s10, s1, 0
core   0: 1 0x0000000080005a5a (0x0004dd13) x26 0x0000000000000005
core   0: 0x0000000080005a5e (0x01278db3) add     s11, a5, s2
core   0: 1 0x0000000080005a5e (0x01278db3) x27 0x7ffffffffff7fffe
core   0: 0x0000000080005a62 (0x2bf93a17) auipc   s4, 0x2bf93
core   0: 1 0x0000000080005a62 (0x2bf93a17) x20 0x00000000abf98a62
core   0: 0x0000000080005a66 (0x32267ec7) fmsub.d ft9, fa2, ft2, ft6
core   0: 1 0x0000000080005a66 (0x32267ec7) f29 0x7ff8000000000000
core   0: 0x0000000080005a6a (0x03a82833) mulhsu  a6, a6, s10
core   0: 1 0x0000000080005a6a (0x03a82833) x16 0x0000000000000000
core   0: 0x0000000080005a6e (0x627ef4c3) fmadd.d fs1, ft9, ft7, fa2
core   0: 1 0x0000000080005a6e (0x627ef4c3) f9  0x7ff8000000000000
core   0: 0x0000000080005a72 (0xc805e217) auipc   tp, 0xc805e
core   0: 1 0x0000000080005a72 (0xc805e217) x4  0x0000000048063a72
core   0: 0x0000000080005a76 (0x00000001) c.nop
core   0: 1 0x0000000080005a76 (0x0001)
core   0: 0x0000000080005a78 (0x020c5c33) divu    s8, s8, zero
core   0: 1 0x0000000080005a78 (0x020c5c33) x24 0xffffffffffffffff
core   0: 0x0000000080005a7c (0x0202ac33) mulhsu  s8, t0, zero
core   0: 1 0x0000000080005a7c (0x0202ac33) x24 0x0000000000000000
core   0: 0x0000000080005a80 (0x0eec6413) ori     s0, s8, 238
core   0: 1 0x0000000080005a80 (0x0eec6413) x8  0x00000000000000ee
core   0: 0x0000000080005a84 (0xfff47513) andi    a0, s0, -1
core   0: 1 0x0000000080005a84 (0xfff47513) x10 0x00000000000000ee
core   0: 0x0000000080005a88 (0xe2058053) fmv.x.d zero, fa1
core   0: 1 0x0000000080005a88 (0xe2058053)
core   0: 0x0000000080005a8c (0x03200b33) mul     s6, zero, s2
core   0: 1 0x0000000080005a8c (0x03200b33) x22 0x0000000000000000
core   0: 0x0000000080005a90 (0x030c75bb) remuw   a1, s8, a6
core   0: 1 0x0000000080005a90 (0x030c75bb) x11 0x0000000000000000
core   0: 0x0000000080005a94 (0xaeb8ee13) ori     t3, a7, -1301
core   0: 1 0x0000000080005a94 (0xaeb8ee13) x28 0xfffffffffffffaeb
core   0: 0x0000000080005a98 (0x41530ab3) sub     s5, t1, s5
core   0: 1 0x0000000080005a98 (0x41530ab3) x21 0x000000000c12282e
core   0: 0x0000000080005a9c (0x02b47d3b) remuw   s10, s0, a1
core   0: 1 0x0000000080005a9c (0x02b47d3b) x26 0x00000000000000ee
core   0: 0x0000000080005aa0 (0x019b07bb) addw    a5, s6, s9
core   0: 1 0x0000000080005aa0 (0x019b07bb) x15 0x000000000c12283a
core   0: 0x0000000080005aa4 (0x12767fc7) fmsub.d ft11, fa2, ft7, ft2
core   0: 1 0x0000000080005aa4 (0x12767fc7) f31 0x7ff8000000000000
core   0: 0x0000000080005aa8 (0x401ffdd3) fcvt.s.d fs11, ft11
core   0: 1 0x0000000080005aa8 (0x401ffdd3) f27 0xffffffff7fc00000
core   0: 0x0000000080005aac (0x0144143b) sllw    s0, s0, s4
core   0: 1 0x0000000080005aac (0x0144143b) x8  0x00000000000003b8
core   0: 0x0000000080005ab0 (0xc02df653) fcvt.l.s a2, fs11
core   0: 1 0x0000000080005ab0 (0xc02df653) c1_fflags 0x0000000000000011 x12 0x7fffffffffffffff
core   0: 0x0000000080005ab4 (0x40c2d533) sra     a0, t0, a2
core   0: 1 0x0000000080005ab4 (0x40c2d533) x10 0x0000000000000000
core   0: 0x0000000080005ab8 (0xd03673d3) fcvt.s.lu ft7, a2
core   0: 1 0x0000000080005ab8 (0xd03673d3) c1_fflags 0x0000000000000011 f7  0xffffffff5effffff
core   0: 0x0000000080005abc (0x01ad04bb) addw    s1, s10, s10
core   0: 1 0x0000000080005abc (0x01ad04bb) x9  0x00000000000001dc
core   0: 0x0000000080005ac0 (0x23647243) fmadd.d ft4, fs0, fs6, ft4
core   0: 1 0x0000000080005ac0 (0x23647243) f4  0x7ff8000000000000
core   0: 0x0000000080005ac4 (0x41f15a93) srai    s5, sp, 31
core   0: 1 0x0000000080005ac4 (0x41f15a93) x21 0x0000000000000000
core   0: 0x0000000080005ac8 (0x40b78cbb) subw    s9, a5, a1
core   0: 1 0x0000000080005ac8 (0x40b78cbb) x25 0x000000000c12283a
core   0: 0x0000000080005acc (0x02ccc8b3) div     a7, s9, a2
core   0: 1 0x0000000080005acc (0x02ccc8b3) x17 0x0000000000000000
core   0: 0x0000000080005ad0 (0x232f1f53) fsgnjn.d ft10, ft10, fs2
core   0: 1 0x0000000080005ad0 (0x232f1f53) f30 0xfff8000000000000
core   0: 0x0000000080005ad4 (0x140a1e73) csrrw   t3, sscratch, s4
core   0: 1 0x0000000080005ad4 (0x140a1e73) x28 0x0000000000000001 c320_sscratch 0x00000000abf98a62
core   0: 0x0000000080005ad8 (0x00202973) csrrs   s2, frm, zero
core   0: 1 0x0000000080005ad8 (0x00202973) x18 0x0000000000000001
core   0: 0x0000000080005adc (0x03f41e13) slli    t3, s0, 63
core   0: 1 0x0000000080005adc (0x03f41e13) x28 0x0000000000000000
core   0: 0x0000000080005ae0 (0x303077f3) csrrci  a5, mideleg, 0
core   0: exception trap_illegal_instruction, epc 0x0000000080005ae0
core   0:           tval 0x00000000303077f3
core   0: >>>>  $xrv64i2p1_m2p0_a2p1_f2p2_d2p2_zicsr2p0_zifencei2p0_zmmul1p0_zba1p0_zbb1p0_zbc1p0_zbs1p0
core   0: 0x0000000080004000 (0x0080006f) j       pc + 0x8
core   0: 3 0x0000000080004000 (0x0080006f)
core   0: >>>>  mmode_exception_handler
core   0: 0x0000000080004008 (0x00002c17) auipc   s8, 0x2
core   0: 3 0x0000000080004008 (0x00002c17) x24 0x0000000080006008
core   0: 0x000000008000400c (0x006c0c13) addi    s8, s8, 6
core   0: 3 0x000000008000400c (0x006c0c13) x24 0x000000008000600e
core   0: 0x0000000080004010 (0x000c00e7) jalr    s8
core   0: 3 0x0000000080004010 (0x000c00e7) x1  0x0000000080004014
core   0: >>>>  any_handler
core   0: 0x000000008000600e (0x341027f3) csrrs   a5, mepc, zero
core   0: 3 0x000000008000600e (0x341027f3) x15 0x0000000080005ae0
core   0: 0x0000000080006012 (0x34202773) csrrs   a4, mcause, zero
core   0: 3 0x0000000080006012 (0x34202773) x14 0x0000000000000002
core   0: 0x0000000080006016 (0x142026f3) csrrs   a3, scause, zero
core   0: 3 0x0000000080006016 (0x142026f3) x13 0x0000000000000902
core   0: 0x000000008000601a (0x30402673) csrrs   a2, mie, zero
core   0: 3 0x000000008000601a (0x30402673) x12 0x0000000000000a00
core   0: 0x000000008000601e (0x344025f3) csrrs   a1, mip, zero
core   0: 3 0x000000008000601e (0x344025f3) x11 0x0000000000000080
core   0: 0x0000000080006022 (0x343025f3) csrrs   a1, mtval, zero
core   0: 3 0x0000000080006022 (0x343025f3) x11 0x00000000303077f3
core   0: 0x0000000080006026 (0x14302573) csrrs   a0, stval, zero
core   0: 3 0x0000000080006026 (0x14302573) x10 0x0000000000000000
core   0: 0x000000008000602a (0xb02024f3) csrrs   s1, minstret, zero
core   0: 3 0x000000008000602a (0xb02024f3) x9  0x00000000000010fc
core   0: 0x000000008000602e (0x0000a811) c.j     pc + 20
core   0: 3 0x000000008000602e (0xa811)
core   0: >>>>  mepc_4
core   0: 0x0000000080006042 (0x00000791) c.addi  a5, 4
core   0: 3 0x0000000080006042 (0x0791) x15 0x0000000080005ae4
core   0: 0x0000000080006044 (0x34179073) csrrw   zero, mepc, a5
core   0: 3 0x0000000080006044 (0x34179073) c833_mepc 0x0000000080005ae4
core   0: 0x0000000080006048 (0x30200073) mret
core   0: 3 0x0000000080006048 (0x30200073) c768_mstatus 0x8000000a00106080
core   0: 0x0000000080005ae4 (0xc244784b) fnmsub.d fa6, fs0, ft4, fs8
core   0: 1 0x0000000080005ae4 (0xc244784b) f16 0x7ff8000000000000
core   0: 0x0000000080005ae8 (0x001028f3) csrrs   a7, fflags, zero
core   0: 1 0x0000000080005ae8 (0x001028f3) x17 0x0000000000000011
core   0: 0x0000000080005aec (0x4005da1b) sraiw   s4, a1, 0
core   0: 1 0x0000000080005aec (0x4005da1b) x20 0x00000000303077f3
core   0: 0x0000000080005af0 (0x030599b3) mulh    s3, a1, a6
core   0: 1 0x0000000080005af0 (0x030599b3) x19 0x0000000000000000
core   0: 0x0000000080005af4 (0x02487653) fadd.d  fa2, fa6, ft4
core   0: 1 0x0000000080005af4 (0x02487653) f12 0x7ff8000000000000
core   0: 0x0000000080005af8 (0xc031fad3) fcvt.lu.s s5, ft3
core   0: 1 0x0000000080005af8 (0xc031fad3) c1_fflags 0x0000000000000011 x21 0xffffffffffffffff
core   0: 0x0000000080005afc (0x554ef813) andi    a6, t4, 1364
core   0: 1 0x0000000080005afc (0x554ef813) x16 0x0000000000000144
core   0: 0x0000000080005b00 (0x035a893b) mulw    s2, s5, s5
core   0: 1 0x0000000080005b00 (0x035a893b) x18 0x0000000000000001
core   0: 0x0000000080005b04 (0x0ac27153) fsub.d  ft2, ft4, fa2
core   0: 1 0x0000000080005b04 (0x0ac27153) f2  0x7ff8000000000000
core   0: 0x0000000080005b08 (0x00106c93) ori     s9, zero, 1
core   0: 1 0x0000000080005b08 (0x00106c93) x25 0x0000000000000001
core   0: 0x0000000080005b0c (0x036da9b3) mulhsu  s3, s11, s6
core   0: 1 0x0000000080005b0c (0x036da9b3) x19 0x0000000000000000
core   0: 0x0000000080005b10 (0x41b602b3) sub     t0, a2, s11
core   0: 1 0x0000000080005b10 (0x41b602b3) x5  0x8000000000080a02
core   0: 0x0000000080005b14 (0x29663797) auipc   a5, 0x29663
core   0: 1 0x0000000080005b14 (0x29663797) x15 0x00000000a9668b14
core   0: 0x0000000080005b18 (0xc2157cd3) fcvt.wu.d s9, fa0
core   0: 1 0x0000000080005b18 (0xc2157cd3) c1_fflags 0x0000000000000011 x25 0xffffffffffffffff
core   0: 0x0000000080005b1c (0x400d5c1b) sraiw   s8, s10, 0
core   0: 1 0x0000000080005b1c (0x400d5c1b) x24 0x00000000000000ee
core   0: 0x0000000080005b20 (0xd23cf1d3) fcvt.d.lu ft3, s9
core   0: 1 0x0000000080005b20 (0xd23cf1d3) c1_fflags 0x0000000000000011 f3  0x43efffffffffffff
core   0: 0x0000000080005b24 (0x800cc093) xori    ra, s9, -2048
core   0: 1 0x0000000080005b24 (0x800cc093) x1  0x00000000000007ff
core   0: 0x0000000080005b28 (0xc2127253) fcvt.wu.d tp, ft4
core   0: 1 0x0000000080005b28 (0xc2127253) c1_fflags 0x0000000000000011 x4  0xffffffffffffffff
core   0: 0x0000000080005b2c (0x03ce2ab3) mulhsu  s5, t3, t3
core   0: 1 0x0000000080005b2c (0x03ce2ab3) x21 0x0000000000000000
core   0: 0x0000000080005b30 (0x0ff0000f) fence   iorw,iorw
core   0: 1 0x0000000080005b30 (0x0ff0000f)
core   0: 0x0000000080005b34 (0xc23a7853) fcvt.lu.d a6, fs4
core   0: 1 0x0000000080005b34 (0xc23a7853) c1_fflags 0x0000000000000011 x16 0xffffffffffffffff
core   0: 0x0000000080005b38 (0x037b6bb3) rem     s7, s6, s7
core   0: 1 0x0000000080005b38 (0x037b6bb3) x23 0x0000000000000000
core   0: 0x0000000080005b3c (0x106b1073) csrrw   zero, scounteren, s6
core   0: 1 0x0000000080005b3c (0x106b1073) c262_scounteren 0x0000000000000000
core   0: 0x0000000080005b40 (0x41825333) sra     t1, tp, s8
core   0: 1 0x0000000080005b40 (0x41825333) x6  0xffffffffffffffff
core   0: 0x0000000080005b44 (0x0132501b) srliw   zero, tp, 19
core   0: 1 0x0000000080005b44 (0x0132501b)
core   0: 0x0000000080005b48 (0x02300b33) mul     s6, zero, gp
core   0: 1 0x0000000080005b48 (0x02300b33) x22 0x0000000000000000
core   0: 0x0000000080005b4c (0x2a6188d3) fmin.d  fa7, ft3, ft6
core   0: 1 0x0000000080005b4c (0x2a6188d3) f17 0x43efffffffffffff
core   0: 0x0000000080005b50 (0xaeed27b7) lui     a5, 0xaeed2
core   0: 1 0x0000000080005b50 (0xaeed27b7) x15 0xffffffffaeed2000
core   0: 0x0000000080005b54 (0xd02179d3) fcvt.s.l fs3, sp
core   0: 1 0x0000000080005b54 (0xd02179d3) f19 0xffffffff3f800000
core   0: 0x0000000080005b58 (0xd577ca93) xori    s5, a5, -681
core   0: 1 0x0000000080005b58 (0xd577ca93) x21 0x000000005112dd57
core   0: 0x0000000080005b5c (0x02f073bb) remuw   t2, zero, a5
core   0: 1 0x0000000080005b5c (0x02f073bb) x7  0x0000000000000000
core   0: 0x0000000080005b60 (0xd233f9d3) fcvt.d.lu fs3, t2
core   0: 1 0x0000000080005b60 (0xd233f9d3) f19 0x0000000000000000
core   0: 0x0000000080005b64 (0x00c95933) srl     s2, s2, a2
core   0: 1 0x0000000080005b64 (0x00c95933) x18 0x0000000000000001
core   0: 0x0000000080005b68 (0x4015d193) srai    gp, a1, 1
core   0: 1 0x0000000080005b68 (0x4015d193) x3  0x0000000018183bf9
core   0: 0x0000000080005b6c (0x02414733) div     a4, sp, tp
core   0: 1 0x0000000080005b6c (0x02414733) x14 0xffffffffffffffff
core   0: 0x0000000080005b70 (0x01746433) or      s0, s0, s7
core   0: 1 0x0000000080005b70 (0x01746433) x8  0x00000000000003b8
core   0: 0x0000000080005b74 (0xd02df5d3) fcvt.s.l fa1, s11
core   0: 1 0x0000000080005b74 (0xd02df5d3) c1_fflags 0x0000000000000011 f11 0xffffffff5effffff
core   0: 0x0000000080005b78 (0x001a909b) slliw   ra, s5, 1
core   0: 1 0x0000000080005b78 (0x001a909b) x1  0xffffffffa225baae
core   0: 0x0000000080005b7c (0x405b5b33) sra     s6, s6, t0
core   0: 1 0x0000000080005b7c (0x405b5b33) x22 0x0000000000000000
core   0: 0x0000000080005b80 (0x2b1d18d3) fmax.d  fa7, fs10, fa7
core   0: 1 0x0000000080005b80 (0x2b1d18d3) f17 0x43efffffffffffff
core   0: 0x0000000080005b84 (0x00000001) c.nop
core   0: 1 0x0000000080005b84 (0x0001)
core   0: 0x0000000080005b86 (0x14279873) csrrw   a6, scause, a5
core   0: 1 0x0000000080005b86 (0x14279873) x16 0x0000000000000902 c322_scause 0xffffffffaeed2000
core   0: 0x0000000080005b8a (0xd031fed3) fcvt.s.lu ft9, gp
core   0: 1 0x0000000080005b8a (0xd031fed3) c1_fflags 0x0000000000000011 f29 0xffffffff4dc0c1df
core   0: 0x0000000080005b8e (0x22de1e53) fsgnjn.d ft8, ft8, fa3
core   0: 1 0x0000000080005b8e (0x22de1e53) f28 0xfff8000000000000
core   0: 0x0000000080005b92 (0xa8348a9b) addiw   s5, s1, -1405
core   0: 1 0x0000000080005b92 (0xa8348a9b) x21 0x0000000000000b7f
core   0: 0x0000000080005b96 (0x02b52c33) mulhsu  s8, a0, a1
core   0: 1 0x0000000080005b96 (0x02b52c33) x24 0x0000000000000000
core   0: 0x0000000080005b9a (0xd021f4d3) fcvt.s.l fs1, gp
core   0: 1 0x0000000080005b9a (0xd021f4d3) c1_fflags 0x0000000000000011 f9  0xffffffff4dc0c1df
core   0: 0x0000000080005b9e (0x02518bb3) mul     s7, gp, t0
core   0: 1 0x0000000080005b9e (0x02518bb3) x23 0x8000c1b3025031f2
core   0: 0x0000000080005ba2 (0x40107a53) fcvt.s.d fs4, ft0
core   0: 1 0x0000000080005ba2 (0x40107a53) f20 0xffffffff7fc00000
core   0: 0x0000000080005ba6 (0x420086d3) fcvt.d.s fa3, ft1
core   0: 1 0x0000000080005ba6 (0x420086d3) f13 0x3ff0000000000000
core   0: 0x0000000080005baa (0x2b651e53) fmax.d  ft8, fa0, fs6
core   0: 1 0x0000000080005baa (0x2b651e53) f28 0x7ff8000000000000
core   0: 0x0000000080005bae (0x01655b33) srl     s6, a0, s6
core   0: 1 0x0000000080005bae (0x01655b33) x22 0x0000000000000000
core   0: 0x0000000080005bb2 (0x220682d3) fsgnj.d ft5, fa3, ft0
core   0: 1 0x0000000080005bb2 (0x220682d3) f5  0x3ff0000000000000
core   0: 0x0000000080005bb6 (0x001b1bf3) csrrw   s7, fflags, s6
core   0: 1 0x0000000080005bb6 (0x001b1bf3) x23 0x0000000000000011 c1_fflags 0x0000000000000000
core   0: 0x0000000080005bba (0xc2107e53) fcvt.wu.d t3, ft0
core   0: 1 0x0000000080005bba (0xc2107e53) c1_fflags 0x0000000000000010 x28 0xffffffffffffffff
core   0: 0x0000000080005bbe (0x03ce50bb) divuw   ra, t3, t3
core   0: 1 0x0000000080005bbe (0x03ce50bb) x1  0x0000000000000001
core   0: 0x0000000080005bc2 (0x41468a3b) subw    s4, a3, s4
core   0: 1 0x0000000080005bc2 (0x41468a3b) x20 0xffffffffcfcf910f
core   0: 0x0000000080005bc6 (0x010ee5b3) or      a1, t4, a6
core   0: 1 0x0000000080005bc6 (0x010ee5b3) x11 0x00000000f96819e6
core   0: 0x0000000080005bca (0xc20c71d3) fcvt.w.d gp, fs8
core   0: 1 0x0000000080005bca (0xc20c71d3) c1_fflags 0x0000000000000010 x3  0x000000007fffffff
core   0: 0x0000000080005bce (0xe2000b53) fmv.x.d s6, ft0
core   0: 1 0x0000000080005bce (0xe2000b53) x22 0x7ff8000000000000
core   0: 0x0000000080005bd2 (0x01e79593) slli    a1, a5, 30
core   0: 1 0x0000000080005bd2 (0x01e79593) x11 0xebbb480000000000
core   0: 0x0000000080005bd6 (0x23c62fd3) fsgnjx.d ft11, fa2, ft8
core   0: 1 0x0000000080005bd6 (0x23c62fd3) f31 0x7ff8000000000000
core   0: 0x0000000080005bda (0x03854c3b) divw    s8, a0, s8
core   0: 1 0x0000000080005bda (0x03854c3b) x24 0xffffffffffffffff
core   0: 0x0000000080005bde (0x02751933) mulh    s2, a0, t2
core   0: 1 0x0000000080005bde (0x02751933) x18 0x0000000000000000
core   0: 0x0000000080005be2 (0xe2088bd3) fmv.x.d s7, fa7
core   0: 1 0x0000000080005be2 (0xe2088bd3) x23 0x43efffffffffffff
core   0: 0x0000000080005be6 (0x9bf2f94f) fnmadd.d fs2, ft5, ft11, fs3
core   0: 1 0x0000000080005be6 (0x9bf2f94f) f18 0x7ff8000000000000
core   0: 0x0000000080005bea (0xd2038353) fcvt.d.w ft6, t2
core   0: 1 0x0000000080005bea (0xd2038353) f6  0x0000000000000000
core   0: 0x0000000080005bee (0x022ac733) div     a4, s5, sp
core   0: 1 0x0000000080005bee (0x022ac733) x14 0x0000000000000b7f
core   0: 0x0000000080005bf2 (0x00000001) c.nop
core   0: 1 0x0000000080005bf2 (0x0001)
core   0: 0x0000000080005bf4 (0xc22d7253) fcvt.l.d tp, fs10
core   0: 1 0x0000000080005bf4 (0xc22d7253) c1_fflags 0x0000000000000010 x4  0x7fffffffffffffff
core   0: 0x0000000080005bf8 (0xc226f453) fcvt.l.d s0, fa3
core   0: 1 0x0000000080005bf8 (0xc226f453) x8  0x0000000000000001
core   0: 0x0000000080005bfc (0x00000001) c.nop
core   0: 1 0x0000000080005bfc (0x0001)
core   0: 0x0000000080005bfe (0x0084f6b3) and     a3, s1, s0
core   0: 1 0x0000000080005bfe (0x0084f6b3) x13 0x0000000000000000
core   0: 0x0000000080005c02 (0x005015b3) sll     a1, zero, t0
core   0: 1 0x0000000080005c02 (0x005015b3) x11 0x0000000000000000
core   0: 0x0000000080005c06 (0x1ba0f4d3) fdiv.d  fs1, ft1, fs10
core   0: 1 0x0000000080005c06 (0x1ba0f4d3) f9  0x7ff8000000000000
core   0: 0x0000000080005c0a (0xf1106373) csrrsi  t1, mvendorid, 0
core   0: exception trap_illegal_instruction, epc 0x0000000080005c0a
core   0:           tval 0x00000000f1106373
core   0: >>>>  $xrv64i2p1_m2p0_a2p1_f2p2_d2p2_zicsr2p0_zifencei2p0_zmmul1p0_zba1p0_zbb1p0_zbc1p0_zbs1p0
core   0: 0x0000000080004000 (0x0080006f) j       pc + 0x8
core   0: 3 0x0000000080004000 (0x0080006f)
core   0: >>>>  mmode_exception_handler
core   0: 0x0000000080004008 (0x00002c17) auipc   s8, 0x2
core   0: 3 0x0000000080004008 (0x00002c17) x24 0x0000000080006008
core   0: 0x000000008000400c (0x006c0c13) addi    s8, s8, 6
core   0: 3 0x000000008000400c (0x006c0c13) x24 0x000000008000600e
core   0: 0x0000000080004010 (0x000c00e7) jalr    s8
core   0: 3 0x0000000080004010 (0x000c00e7) x1  0x0000000080004014
core   0: >>>>  any_handler
core   0: 0x000000008000600e (0x341027f3) csrrs   a5, mepc, zero
core   0: 3 0x000000008000600e (0x341027f3) x15 0x0000000080005c0a
core   0: 0x0000000080006012 (0x34202773) csrrs   a4, mcause, zero
core   0: 3 0x0000000080006012 (0x34202773) x14 0x0000000000000002
core   0: 0x0000000080006016 (0x142026f3) csrrs   a3, scause, zero
core   0: 3 0x0000000080006016 (0x142026f3) x13 0xffffffffaeed2000
core   0: 0x000000008000601a (0x30402673) csrrs   a2, mie, zero
core   0: 3 0x000000008000601a (0x30402673) x12 0x0000000000000a00
core   0: 0x000000008000601e (0x344025f3) csrrs   a1, mip, zero
core   0: 3 0x000000008000601e (0x344025f3) x11 0x0000000000000080
core   0: 0x0000000080006022 (0x343025f3) csrrs   a1, mtval, zero
core   0: 3 0x0000000080006022 (0x343025f3) x11 0x00000000f1106373
core   0: 0x0000000080006026 (0x14302573) csrrs   a0, stval, zero
core   0: 3 0x0000000080006026 (0x14302573) x10 0x0000000000000000
core   0: 0x000000008000602a (0xb02024f3) csrrs   s1, minstret, zero
core   0: 3 0x000000008000602a (0xb02024f3) x9  0x0000000000001157
core   0: 0x000000008000602e (0x0000a811) c.j     pc + 20
core   0: 3 0x000000008000602e (0xa811)
core   0: >>>>  mepc_4
core   0: 0x0000000080006042 (0x00000791) c.addi  a5, 4
core   0: 3 0x0000000080006042 (0x0791) x15 0x0000000080005c0e
core   0: 0x0000000080006044 (0x34179073) csrrw   zero, mepc, a5
core   0: 3 0x0000000080006044 (0x34179073) c833_mepc 0x0000000080005c0e
core   0: 0x0000000080006048 (0x30200073) mret
core   0: 3 0x0000000080006048 (0x30200073) c768_mstatus 0x8000000a00106080
core   0: 0x0000000080005c0e (0x0348d53b) divuw   a0, a7, s4
core   0: 1 0x0000000080005c0e (0x0348d53b) x10 0x0000000000000000
core   0: 0x0000000080005c12 (0xc0007af3) csrrci  s5, cycle, 0
core   0: exception trap_illegal_instruction, epc 0x0000000080005c12
core   0:           tval 0x00000000c0007af3
core   0: >>>>  $xrv64i2p1_m2p0_a2p1_f2p2_d2p2_zicsr2p0_zifencei2p0_zmmul1p0_zba1p0_zbb1p0_zbc1p0_zbs1p0
core   0: 0x0000000080004000 (0x0080006f) j       pc + 0x8
core   0: 3 0x0000000080004000 (0x0080006f)
core   0: >>>>  mmode_exception_handler
core   0: 0x0000000080004008 (0x00002c17) auipc   s8, 0x2
core   0: 3 0x0000000080004008 (0x00002c17) x24 0x0000000080006008
core   0: 0x000000008000400c (0x006c0c13) addi    s8, s8, 6
core   0: 3 0x000000008000400c (0x006c0c13) x24 0x000000008000600e
core   0: 0x0000000080004010 (0x000c00e7) jalr    s8
core   0: 3 0x0000000080004010 (0x000c00e7) x1  0x0000000080004014
core   0: >>>>  any_handler
core   0: 0x000000008000600e (0x341027f3) csrrs   a5, mepc, zero
core   0: 3 0x000000008000600e (0x341027f3) x15 0x0000000080005c12
core   0: 0x0000000080006012 (0x34202773) csrrs   a4, mcause, zero
core   0: 3 0x0000000080006012 (0x34202773) x14 0x0000000000000002
core   0: 0x0000000080006016 (0x142026f3) csrrs   a3, scause, zero
core   0: 3 0x0000000080006016 (0x142026f3) x13 0xffffffffaeed2000
core   0: 0x000000008000601a (0x30402673) csrrs   a2, mie, zero
core   0: 3 0x000000008000601a (0x30402673) x12 0x0000000000000a00
core   0: 0x000000008000601e (0x344025f3) csrrs   a1, mip, zero
core   0: 3 0x000000008000601e (0x344025f3) x11 0x0000000000000080
core   0: 0x0000000080006022 (0x343025f3) csrrs   a1, mtval, zero
core   0: 3 0x0000000080006022 (0x343025f3) x11 0x00000000c0007af3
core   0: 0x0000000080006026 (0x14302573) csrrs   a0, stval, zero
core   0: 3 0x0000000080006026 (0x14302573) x10 0x0000000000000000
core   0: 0x000000008000602a (0xb02024f3) csrrs   s1, minstret, zero
core   0: 3 0x000000008000602a (0xb02024f3) x9  0x0000000000001168
core   0: 0x000000008000602e (0x0000a811) c.j     pc + 20
core   0: 3 0x000000008000602e (0xa811)
core   0: >>>>  mepc_4
core   0: 0x0000000080006042 (0x00000791) c.addi  a5, 4
core   0: 3 0x0000000080006042 (0x0791) x15 0x0000000080005c16
core   0: 0x0000000080006044 (0x34179073) csrrw   zero, mepc, a5
core   0: 3 0x0000000080006044 (0x34179073) c833_mepc 0x0000000080005c16
core   0: 0x0000000080006048 (0x30200073) mret
core   0: 3 0x0000000080006048 (0x30200073) c768_mstatus 0x8000000a00106080
core   0: 0x0000000080005c16 (0xd23c7953) fcvt.d.lu fs2, s8
core   0: 1 0x0000000080005c16 (0xd23c7953) f18 0x41e0000c01c00000
core   0: 0x0000000080005c1a (0xa3208b53) fle.d   s6, ft1, fs2
core   0: 1 0x0000000080005c1a (0xa3208b53) c1_fflags 0x0000000000000010 x22 0x0000000000000000
core   0: 0x0000000080005c1e (0x00eb06b3) add     a3, s6, a4
core   0: 1 0x0000000080005c1e (0x00eb06b3) x13 0x0000000000000002
core   0: 0x0000000080005c22 (0x22a4aa53) fsgnjx.d fs4, fs1, fa0
core   0: 1 0x0000000080005c22 (0x22a4aa53) f20 0xfff8000000000000
core   0: 0x0000000080005c26 (0x0013f393) andi    t2, t2, 1
core   0: 1 0x0000000080005c26 (0x0013f393) x7  0x0000000000000000
core   0: 0x0000000080005c2a (0x00000001) c.nop
core   0: 1 0x0000000080005c2a (0x0001)
core   0: 0x0000000080005c2c (0x00139bf3) csrrw   s7, fflags, t2
core   0: 1 0x0000000080005c2c (0x00139bf3) x23 0x0000000000000010 c1_fflags 0x0000000000000000
core   0: 0x0000000080005c30 (0x037604b3) mul     s1, a2, s7
core   0: 1 0x0000000080005c30 (0x037604b3) x9  0x000000000000a000
core   0: 0x0000000080005c34 (0x0bd7f2d3) fsub.d  ft5, fa5, ft9
core   0: 1 0x0000000080005c34 (0x0bd7f2d3) f5  0x7ff8000000000000
core   0: 0x0000000080005c38 (0xc034f1d3) fcvt.lu.s gp, fs1
core   0: 1 0x0000000080005c38 (0xc034f1d3) c1_fflags 0x0000000000000010 x3  0xffffffffffffffff
core   0: 0x0000000080005c3c (0x400b5b13) srai    s6, s6, 0
core   0: 1 0x0000000080005c3c (0x400b5b13) x22 0x0000000000000000
core   0: 0x0000000080005c40 (0x03fefed3) fadd.d  ft9, ft9, ft11
core   0: 1 0x0000000080005c40 (0x03fefed3) f29 0x7ff8000000000000
core   0: 0x0000000080005c44 (0x0009e593) ori     a1, s3, 0
core   0: 1 0x0000000080005c44 (0x0009e593) x11 0x0000000000000000
core   0: 0x0000000080005c48 (0xf118a173) csrrs   sp, mvendorid, a7
core   0: exception trap_illegal_instruction, epc 0x0000000080005c48
core   0:           tval 0x00000000f118a173
core   0: >>>>  $xrv64i2p1_m2p0_a2p1_f2p2_d2p2_zicsr2p0_zifencei2p0_zmmul1p0_zba1p0_zbb1p0_zbc1p0_zbs1p0
core   0: 0x0000000080004000 (0x0080006f) j       pc + 0x8
core   0: 3 0x0000000080004000 (0x0080006f)
core   0: >>>>  mmode_exception_handler
core   0: 0x0000000080004008 (0x00002c17) auipc   s8, 0x2
core   0: 3 0x0000000080004008 (0x00002c17) x24 0x0000000080006008
core   0: 0x000000008000400c (0x006c0c13) addi    s8, s8, 6
core   0: 3 0x000000008000400c (0x006c0c13) x24 0x000000008000600e
core   0: 0x0000000080004010 (0x000c00e7) jalr    s8
core   0: 3 0x0000000080004010 (0x000c00e7) x1  0x0000000080004014
core   0: >>>>  any_handler
core   0: 0x000000008000600e (0x341027f3) csrrs   a5, mepc, zero
core   0: 3 0x000000008000600e (0x341027f3) x15 0x0000000080005c48
core   0: 0x0000000080006012 (0x34202773) csrrs   a4, mcause, zero
core   0: 3 0x0000000080006012 (0x34202773) x14 0x0000000000000002
core   0: 0x0000000080006016 (0x142026f3) csrrs   a3, scause, zero
core   0: 3 0x0000000080006016 (0x142026f3) x13 0xffffffffaeed2000
core   0: 0x000000008000601a (0x30402673) csrrs   a2, mie, zero
core   0: 3 0x000000008000601a (0x30402673) x12 0x0000000000000a00
core   0: 0x000000008000601e (0x344025f3) csrrs   a1, mip, zero
core   0: 3 0x000000008000601e (0x344025f3) x11 0x0000000000000080
core   0: 0x0000000080006022 (0x343025f3) csrrs   a1, mtval, zero
core   0: 3 0x0000000080006022 (0x343025f3) x11 0x00000000f118a173
core   0: 0x0000000080006026 (0x14302573) csrrs   a0, stval, zero
core   0: 3 0x0000000080006026 (0x14302573) x10 0x0000000000000000
core   0: 0x000000008000602a (0xb02024f3) csrrs   s1, minstret, zero
core   0: 3 0x000000008000602a (0xb02024f3) x9  0x0000000000001185
core   0: 0x000000008000602e (0x0000a811) c.j     pc + 20
core   0: 3 0x000000008000602e (0xa811)
core   0: >>>>  mepc_4
core   0: 0x0000000080006042 (0x00000791) c.addi  a5, 4
core   0: 3 0x0000000080006042 (0x0791) x15 0x0000000080005c4c
core   0: 0x0000000080006044 (0x34179073) csrrw   zero, mepc, a5
core   0: 3 0x0000000080006044 (0x34179073) c833_mepc 0x0000000080005c4c
core   0: 0x0000000080006048 (0x30200073) mret
core   0: 3 0x0000000080006048 (0x30200073) c768_mstatus 0x8000000a00106080
core   0: 0x0000000080005c4c (0x5a0e7e53) fsqrt.d ft8, ft8
core   0: 1 0x0000000080005c4c (0x5a0e7e53) f28 0x7ff8000000000000
core   0: 0x0000000080005c50 (0x0ff0000f) fence   iorw,iorw
core   0: 1 0x0000000080005c50 (0x0ff0000f)
core   0: 0x0000000080005c54 (0x0016819b) addiw   gp, a3, 1
core   0: 1 0x0000000080005c54 (0x0016819b) x3  0xffffffffaeed2001
core   0: 0x0000000080005c58 (0xd231f053) fcvt.d.lu ft0, gp
core   0: 1 0x0000000080005c58 (0xd231f053) c1_fflags 0x0000000000000011 f0  0x43effffffff5dda4
core   0: 0x0000000080005c5c (0x0318f8c7) fmsub.d fa7, fa7, fa7, ft0
core   0: 1 0x0000000080005c5c (0x0318f8c7) c1_fflags 0x0000000000000011 f17 0x47effffffffffffd
core   0: 0x0000000080005c60 (0x00719b1b) slliw   s6, gp, 7
core   0: 1 0x0000000080005c60 (0x00719b1b) x22 0x0000000076900080
core   0: 0x0000000080005c64 (0x03ad1733) mulh    a4, s10, s10
core   0: 1 0x0000000080005c64 (0x03ad1733) x14 0x0000000000000000
core   0: 0x0000000080005c68 (0x41ae5e33) sra     t3, t3, s10
core   0: 1 0x0000000080005c68 (0x41ae5e33) x28 0xffffffffffffffff
core   0: 0x0000000080005c6c (0x00ae77b3) and     a5, t3, a0
core   0: 1 0x0000000080005c6c (0x00ae77b3) x15 0x0000000000000000
core   0: 0x0000000080005c70 (0x00151773) csrrw   a4, fflags, a0
core   0: 1 0x0000000080005c70 (0x00151773) x14 0x0000000000000011 c1_fflags 0x0000000000000000
core   0: 0x0000000080005c74 (0x0180d0b3) srl     ra, ra, s8
core   0: 1 0x0000000080005c74 (0x0180d0b3) x1  0x0000000000020001
core   0: 0x0000000080005c78 (0x01279c93) slli    s9, a5, 18
core   0: 1 0x0000000080005c78 (0x01279c93) x25 0x0000000000000000
core   0: 0x0000000080005c7c (0xe0fc6313) ori     t1, s8, -497
core   0: 1 0x0000000080005c7c (0xe0fc6313) x6  0xfffffffffffffe0f
core   0: 0x0000000080005c80 (0x026ee4b3) rem     s1, t4, t1
core   0: 1 0x0000000080005c80 (0x026ee4b3) x9  0x0000000000000129
core   0: 0x0000000080005c84 (0x002021f3) csrrs   gp, frm, zero
core   0: 1 0x0000000080005c84 (0x002021f3) x3  0x0000000000000001
core   0: 0x0000000080005c88 (0xc0357dd3) fcvt.lu.s s11, fa0
core   0: 1 0x0000000080005c88 (0xc0357dd3) x27 0x0000000000000000
core   0: 0x0000000080005c8c (0xc0227953) fcvt.l.s s2, ft4
core   0: 1 0x0000000080005c8c (0xc0227953) c1_fflags 0x0000000000000010 x18 0x7fffffffffffffff
core   0: 0x0000000080005c90 (0x018191bb) sllw    gp, gp, s8
core   0: 1 0x0000000080005c90 (0x018191bb) x3  0x0000000000004000
core   0: 0x0000000080005c94 (0xf130e0f3) csrrsi  ra, mimpid, 1
core   0: exception trap_illegal_instruction, epc 0x0000000080005c94
core   0:           tval 0x00000000f130e0f3
core   0: >>>>  $xrv64i2p1_m2p0_a2p1_f2p2_d2p2_zicsr2p0_zifencei2p0_zmmul1p0_zba1p0_zbb1p0_zbc1p0_zbs1p0
core   0: 0x0000000080004000 (0x0080006f) j       pc + 0x8
core   0: 3 0x0000000080004000 (0x0080006f)
core   0: >>>>  mmode_exception_handler
core   0: 0x0000000080004008 (0x00002c17) auipc   s8, 0x2
core   0: 3 0x0000000080004008 (0x00002c17) x24 0x0000000080006008
core   0: 0x000000008000400c (0x006c0c13) addi    s8, s8, 6
core   0: 3 0x000000008000400c (0x006c0c13) x24 0x000000008000600e
core   0: 0x0000000080004010 (0x000c00e7) jalr    s8
core   0: 3 0x0000000080004010 (0x000c00e7) x1  0x0000000080004014
core   0: >>>>  any_handler
core   0: 0x000000008000600e (0x341027f3) csrrs   a5, mepc, zero
core   0: 3 0x000000008000600e (0x341027f3) x15 0x0000000080005c94
core   0: 0x0000000080006012 (0x34202773) csrrs   a4, mcause, zero
core   0: 3 0x0000000080006012 (0x34202773) x14 0x0000000000000002
core   0: 0x0000000080006016 (0x142026f3) csrrs   a3, scause, zero
core   0: 3 0x0000000080006016 (0x142026f3) x13 0xffffffffaeed2000
core   0: 0x000000008000601a (0x30402673) csrrs   a2, mie, zero
core   0: 3 0x000000008000601a (0x30402673) x12 0x0000000000000a00
core   0: 0x000000008000601e (0x344025f3) csrrs   a1, mip, zero
core   0: 3 0x000000008000601e (0x344025f3) x11 0x0000000000000080
core   0: 0x0000000080006022 (0x343025f3) csrrs   a1, mtval, zero
core   0: 3 0x0000000080006022 (0x343025f3) x11 0x00000000f130e0f3
core   0: 0x0000000080006026 (0x14302573) csrrs   a0, stval, zero
core   0: 3 0x0000000080006026 (0x14302573) x10 0x0000000000000000
core   0: 0x000000008000602a (0xb02024f3) csrrs   s1, minstret, zero
core   0: 3 0x000000008000602a (0xb02024f3) x9  0x00000000000011a7
core   0: 0x000000008000602e (0x0000a811) c.j     pc + 20
core   0: 3 0x000000008000602e (0xa811)
core   0: >>>>  mepc_4
core   0: 0x0000000080006042 (0x00000791) c.addi  a5, 4
core   0: 3 0x0000000080006042 (0x0791) x15 0x0000000080005c98
core   0: 0x0000000080006044 (0x34179073) csrrw   zero, mepc, a5
core   0: 3 0x0000000080006044 (0x34179073) c833_mepc 0x0000000080005c98
core   0: 0x0000000080006048 (0x30200073) mret
core   0: 3 0x0000000080006048 (0x30200073) c768_mstatus 0x8000000a00106080
core   0: 0x0000000080005c98 (0x0074a3b3) slt     t2, s1, t2
core   0: 1 0x0000000080005c98 (0x0074a3b3) x7  0x0000000000000000
core   0: 0x0000000080005c9c (0x00102173) csrrs   sp, fflags, zero
core   0: 1 0x0000000080005c9c (0x00102173) x2  0x0000000000000010
core   0: 0x0000000080005ca0 (0x42000d53) fcvt.d.s fs10, ft0
core   0: 1 0x0000000080005ca0 (0x42000d53) f26 0x7ff8000000000000
core   0: 0x0000000080005ca4 (0x220526d3) fsgnjx.d fa3, fa0, ft0
core   0: 1 0x0000000080005ca4 (0x220526d3) f13 0xffffffff00000000
core   0: 0x0000000080005ca8 (0xd22576d3) fcvt.d.l fa3, a0
core   0: 1 0x0000000080005ca8 (0xd22576d3) f13 0x0000000000000000
core   0: 0x0000000080005cac (0xc22573d3) fcvt.l.d t2, fa0
core   0: 1 0x0000000080005cac (0xc22573d3) c1_fflags 0x0000000000000010 x7  0x7fffffffffffffff
core   0: 0x0000000080005cb0 (0x344076f3) csrrci  a3, mip, 0
core   0: exception trap_illegal_instruction, epc 0x0000000080005cb0
core   0:           tval 0x00000000344076f3
core   0: >>>>  $xrv64i2p1_m2p0_a2p1_f2p2_d2p2_zicsr2p0_zifencei2p0_zmmul1p0_zba1p0_zbb1p0_zbc1p0_zbs1p0
core   0: 0x0000000080004000 (0x0080006f) j       pc + 0x8
core   0: 3 0x0000000080004000 (0x0080006f)
core   0: >>>>  mmode_exception_handler
core   0: 0x0000000080004008 (0x00002c17) auipc   s8, 0x2
core   0: 3 0x0000000080004008 (0x00002c17) x24 0x0000000080006008
core   0: 0x000000008000400c (0x006c0c13) addi    s8, s8, 6
core   0: 3 0x000000008000400c (0x006c0c13) x24 0x000000008000600e
core   0: 0x0000000080004010 (0x000c00e7) jalr    s8
core   0: 3 0x0000000080004010 (0x000c00e7) x1  0x0000000080004014
core   0: >>>>  any_handler
core   0: 0x000000008000600e (0x341027f3) csrrs   a5, mepc, zero
core   0: 3 0x000000008000600e (0x341027f3) x15 0x0000000080005cb0
core   0: 0x0000000080006012 (0x34202773) csrrs   a4, mcause, zero
core   0: 3 0x0000000080006012 (0x34202773) x14 0x0000000000000002
core   0: 0x0000000080006016 (0x142026f3) csrrs   a3, scause, zero
core   0: 3 0x0000000080006016 (0x142026f3) x13 0xffffffffaeed2000
core   0: 0x000000008000601a (0x30402673) csrrs   a2, mie, zero
core   0: 3 0x000000008000601a (0x30402673) x12 0x0000000000000a00
core   0: 0x000000008000601e (0x344025f3) csrrs   a1, mip, zero
core   0: 3 0x000000008000601e (0x344025f3) x11 0x0000000000000080
core   0: 0x0000000080006022 (0x343025f3) csrrs   a1, mtval, zero
core   0: 3 0x0000000080006022 (0x343025f3) x11 0x00000000344076f3
core   0: 0x0000000080006026 (0x14302573) csrrs   a0, stval, zero
core   0: 3 0x0000000080006026 (0x14302573) x10 0x0000000000000000
core   0: 0x000000008000602a (0xb02024f3) csrrs   s1, minstret, zero
core   0: 3 0x000000008000602a (0xb02024f3) x9  0x00000000000011bd
core   0: 0x000000008000602e (0x0000a811) c.j     pc + 20
core   0: 3 0x000000008000602e (0xa811)
core   0: >>>>  mepc_4
core   0: 0x0000000080006042 (0x00000791) c.addi  a5, 4
core   0: 3 0x0000000080006042 (0x0791) x15 0x0000000080005cb4
core   0: 0x0000000080006044 (0x34179073) csrrw   zero, mepc, a5
core   0: 3 0x0000000080006044 (0x34179073) c833_mepc 0x0000000080005cb4
core   0: 0x0000000080006048 (0x30200073) mret
core   0: 3 0x0000000080006048 (0x30200073) c768_mstatus 0x8000000a00106080
core   0: 0x0000000080005cb4 (0x00aa96bb) sllw    a3, s5, a0
core   0: 1 0x0000000080005cb4 (0x00aa96bb) x13 0x0000000000000b7f
core   0: 0x0000000080005cb8 (0x401ff053) fcvt.s.d ft0, ft11
core   0: 1 0x0000000080005cb8 (0x401ff053) f0  0xffffffff7fc00000
core   0: 0x0000000080005cbc (0x2ae989d3) fmin.d  fs3, fs3, fa4
core   0: 1 0x0000000080005cbc (0x2ae989d3) f19 0x0000000000000000
core   0: 0x0000000080005cc0 (0x234c2553) fsgnjx.d fa0, fs8, fs4
core   0: 1 0x0000000080005cc0 (0x234c2553) f10 0xfff8000000000000
core   0: 0x0000000080005cc4 (0x00ba07b3) add     a5, s4, a1
core   0: 1 0x0000000080005cc4 (0x00ba07b3) x15 0x0000000004100802
core   0: 0x0000000080005cc8 (0xd23ef353) fcvt.d.lu ft6, t4
core   0: 1 0x0000000080005cc8 (0xd23ef353) f6  0x41ef2d033cc00000
core   0: 0x0000000080005ccc (0x00000001) c.nop
core   0: 1 0x0000000080005ccc (0x0001)
core   0: 0x0000000080005cce (0x2a031953) fmax.d  fs2, ft6, ft0
core   0: 1 0x0000000080005cce (0x2a031953) f18 0x41ef2d033cc00000
core   0: 0x0000000080005cd2 (0xb4ad8613) addi    a2, s11, -1206
core   0: 1 0x0000000080005cd2 (0xb4ad8613) x12 0xfffffffffffffb4a
core   0: 0x0000000080005cd6 (0x00061b13) slli    s6, a2, 0
core   0: 1 0x0000000080005cd6 (0x00061b13) x22 0xfffffffffffffb4a
core   0: 0x0000000080005cda (0xc22ff153) fcvt.l.d sp, ft11
core   0: 1 0x0000000080005cda (0xc22ff153) c1_fflags 0x0000000000000010 x2  0x7fffffffffffffff
core   0: 0x0000000080005cde (0xa2c608d3) fle.d   a7, fa2, fa2
core   0: 1 0x0000000080005cde (0xa2c608d3) c1_fflags 0x0000000000000010 x17 0x0000000000000000
core   0: 0x0000000080005ce2 (0x403ede93) srai    t4, t4, 3
core   0: 1 0x0000000080005ce2 (0x403ede93) x29 0x000000001f2d033c
core   0: 0x0000000080005ce6 (0x000a1a13) slli    s4, s4, 0
core   0: 1 0x0000000080005ce6 (0x000a1a13) x20 0xffffffffcfcf910f
core   0: 0x0000000080005cea (0x001a15f3) csrrw   a1, fflags, s4
core   0: 1 0x0000000080005cea (0x001a15f3) x11 0x0000000000000010 c1_fflags 0x000000000000000f
core   0: 0x0000000080005cee (0x2ac600d3) fmin.d  ft1, fa2, fa2
core   0: 1 0x0000000080005cee (0x2ac600d3) f1  0x7ff8000000000000
core   0: 0x0000000080005cf2 (0xf2098f53) fmv.d.x ft10, s3
core   0: 1 0x0000000080005cf2 (0xf2098f53) f30 0x0000000000000000
core   0: 0x0000000080005cf6 (0x013c02b3) add     t0, s8, s3
core   0: 1 0x0000000080005cf6 (0x013c02b3) x5  0x000000008000600e
core   0: 0x0000000080005cfa (0x00be5e3b) srlw    t3, t3, a1
core   0: 1 0x0000000080005cfa (0x00be5e3b) x28 0x000000000000ffff
core   0: 0x0000000080005cfe (0x2be08753) fmin.d  fa4, ft1, ft10
core   0: 1 0x0000000080005cfe (0x2be08753) f14 0x0000000000000000
core   0: 0x0000000080005d02 (0x005d023b) addw    tp, s10, t0
core   0: 1 0x0000000080005d02 (0x005d023b) x4  0xffffffff800060fc
core   0: 0x0000000080005d06 (0x22b1abd3) fsgnjx.d fs7, ft3, fa1
core   0: 1 0x0000000080005d06 (0x22b1abd3) f23 0xc3efffffffffffff
core   0: 0x0000000080005d0a (0x123e7f43) fmadd.d ft10, ft8, ft3, ft2
core   0: 1 0x0000000080005d0a (0x123e7f43) f30 0x7ff8000000000000
core   0: 0x0000000080005d0e (0x404b5b33) sra     s6, s6, tp
core   0: 1 0x0000000080005d0e (0x404b5b33) x22 0xffffffffffffffff
core   0: 0x0000000080005d12 (0x2ad19dd3) fmax.d  fs11, ft3, fa3
core   0: 1 0x0000000080005d12 (0x2ad19dd3) f27 0x43efffffffffffff
core   0: 0x0000000080005d16 (0xa79e7713) andi    a4, t3, -1415
core   0: 1 0x0000000080005d16 (0xa79e7713) x14 0x000000000000fa79
core   0: 0x0000000080005d1a (0x00000001) c.nop
core   0: 1 0x0000000080005d1a (0x0001)
core   0: 0x0000000080005d1c (0x00000001) c.nop
core   0: 1 0x0000000080005d1c (0x0001)
core   0: 0x0000000080005d1e (0x4007dc93) srai    s9, a5, 0
core   0: 1 0x0000000080005d1e (0x4007dc93) x25 0x0000000004100802
core   0: 0x0000000080005d22 (0x224d8e53) fsgnj.d ft8, fs11, ft4
core   0: 1 0x0000000080005d22 (0x224d8e53) f28 0x43efffffffffffff
core   0: 0x0000000080005d26 (0x038beeb3) rem     t4, s7, s8
core   0: 1 0x0000000080005d26 (0x038beeb3) x29 0x0000000000000010
core   0: 0x0000000080005d2a (0x00217933) and     s2, sp, sp
core   0: 1 0x0000000080005d2a (0x00217933) x18 0x7fffffffffffffff
core   0: 0x0000000080005d2e (0x03acac33) mulhsu  s8, s9, s10
core   0: 1 0x0000000080005d2e (0x03acac33) x24 0x0000000000000000
core   0: 0x0000000080005d32 (0x01a0d43b) srlw    s0, ra, s10
core   0: 1 0x0000000080005d32 (0x01a0d43b) x8  0x0000000000020001
core   0: 0x0000000080005d36 (0xc228f853) fcvt.l.d a6, fa7
core   0: 1 0x0000000080005d36 (0xc228f853) c1_fflags 0x000000000000001f x16 0x7fffffffffffffff
core   0: 0x0000000080005d3a (0x02881d33) mulh    s10, a6, s0
core   0: 1 0x0000000080005d3a (0x02881d33) x26 0x0000000000010000
core   0: 0x0000000080005d3e (0x034a8c3b) mulw    s8, s5, s4
core   0: 1 0x0000000080005d3e (0x034a8c3b) x24 0x0000000003349b71
core   0: 0x0000000080005d42 (0x038ac933) div     s2, s5, s8
core   0: 1 0x0000000080005d42 (0x038ac933) x18 0x0000000000000000
core   0: 0x0000000080005d46 (0x2b9216d3) fmax.d  fa3, ft4, fs9
core   0: 1 0x0000000080005d46 (0x2b9216d3) f13 0x7ff8000000000000
core   0: 0x0000000080005d4a (0x0a477c53) fsub.d  fs8, fa4, ft4
core   0: 1 0x0000000080005d4a (0x0a477c53) f24 0x7ff8000000000000
core   0: 0x0000000080005d4e (0x22d71653) fsgnjn.d fa2, fa4, fa3
core   0: 1 0x0000000080005d4e (0x22d71653) f12 0x8000000000000000
core   0: 0x0000000080005d52 (0x01dc06bb) addw    a3, s8, t4
core   0: 1 0x0000000080005d52 (0x01dc06bb) x13 0x0000000003349b81
core   0: 0x0000000080005d56 (0x0202ea33) rem     s4, t0, zero
core   0: 1 0x0000000080005d56 (0x0202ea33) x20 0x000000008000600e
core   0: 0x0000000080005d5a (0x534e809b) addiw   ra, t4, 1332
core   0: 1 0x0000000080005d5a (0x534e809b) x1  0x0000000000000544
core   0: 0x0000000080005d5e (0x83cdfacb) fnmsub.d fs5, fs11, ft8, fa6
core   0: 1 0x0000000080005d5e (0x83cdfacb) f21 0x7ff8000000000000
core   0: 0x0000000080005d62 (0xd22a7253) fcvt.d.l ft4, s4
core   0: 1 0x0000000080005d62 (0xd22a7253) f4  0x41e0000c01c00000
core   0: 0x0000000080005d66 (0x4017549b) sraiw   s1, a4, 1
core   0: 1 0x0000000080005d66 (0x4017549b) x9  0x0000000000007d3c
core   0: 0x0000000080005d6a (0x00f4de33) srl     t3, s1, a5
core   0: 1 0x0000000080005d6a (0x00f4de33) x28 0x0000000000001f4f
core   0: 0x0000000080005d6e (0xd233fed3) fcvt.d.lu ft9, t2
core   0: 1 0x0000000080005d6e (0xd233fed3) c1_fflags 0x000000000000001f f29 0x43dfffffffffffff
core   0: 0x0000000080005d72 (0x0030183b) sllw    a6, zero, gp
core   0: 1 0x0000000080005d72 (0x0030183b) x16 0x0000000000000000
core   0: 0x0000000080005d76 (0x00f3c533) xor     a0, t2, a5
core   0: 1 0x0000000080005d76 (0x00f3c533) x10 0x7ffffffffbeff7fd
core   0: 0x0000000080005d7a (0x023ffa53) fadd.d  fs4, ft11, ft3
core   0: 1 0x0000000080005d7a (0x023ffa53) f20 0x7ff8000000000000
core   0: 0x0000000080005d7e (0x029374b3) remu    s1, t1, s1
core   0: 1 0x0000000080005d7e (0x029374b3) x9  0x0000000000001747
core   0: 0x0000000080005d82 (0x40430d33) sub     s10, t1, tp
core   0: 1 0x0000000080005d82 (0x40430d33) x26 0x000000007fff9d13
core   0: 0x0000000080005d86 (0x8bc1fe43) fmadd.d ft8, ft3, ft8, fa7
core   0: 1 0x0000000080005d86 (0x8bc1fe43) c1_fflags 0x000000000000001f f28 0x47fffffffffffffd
core   0: 0x0000000080005d8a (0x0369fc3b) remuw   s8, s3, s6
core   0: 1 0x0000000080005d8a (0x0369fc3b) x24 0x0000000000000000
core   0: 0x0000000080005d8e (0x00000001) c.nop
core   0: 1 0x0000000080005d8e (0x0001)
core   0: 0x0000000080005d90 (0x5a28eb93) ori     s7, a7, 1442
core   0: 1 0x0000000080005d90 (0x5a28eb93) x23 0x00000000000005a2
core   0: 0x0000000080005d94 (0x03fc5a93) srli    s5, s8, 63
core   0: 1 0x0000000080005d94 (0x03fc5a93) x21 0x0000000000000000
core   0: 0x0000000080005d98 (0x41998cbb) subw    s9, s3, s9
core   0: 1 0x0000000080005d98 (0x41998cbb) x25 0xfffffffffbeff7fe
core   0: 0x0000000080005d9c (0xc211fad3) fcvt.wu.d s5, ft3
core   0: 1 0x0000000080005d9c (0xc211fad3) c1_fflags 0x000000000000001f x21 0xffffffffffffffff
core   0: 0x0000000080005da0 (0x03213733) mulhu   a4, sp, s2
core   0: 1 0x0000000080005da0 (0x03213733) x14 0x0000000000000000
core   0: 0x0000000080005da4 (0x9f8426b7) lui     a3, 0x9f842
core   0: 1 0x0000000080005da4 (0x9f8426b7) x13 0xffffffff9f842000
core   0: 0x0000000080005da8 (0xc200f753) fcvt.w.d a4, ft1
core   0: 1 0x0000000080005da8 (0xc200f753) c1_fflags 0x000000000000001f x14 0x000000007fffffff
core   0: 0x0000000080005dac (0x000090d2) c.add   ra, s4
core   0: 1 0x0000000080005dac (0x90d2) x1  0x0000000080006552
core   0: 0x0000000080005dae (0x40d304bb) subw    s1, t1, a3
core   0: 1 0x0000000080005dae (0x40d304bb) x9  0x00000000607bde0f
core   0: 0x0000000080005db2 (0x0008579b) srliw   a5, a6, 0
core   0: 1 0x0000000080005db2 (0x0008579b) x15 0x0000000000000000
core   0: 0x0000000080005db6 (0xdbadfdc3) fmadd.d fs11, fs11, fs10, fs11
core   0: 1 0x0000000080005db6 (0xdbadfdc3) f27 0x7ff8000000000000
core   0: 0x0000000080005dba (0xf20805d3) fmv.d.x fa1, a6
core   0: 1 0x0000000080005dba (0xf20805d3) f11 0x0000000000000000
core   0: 0x0000000080005dbe (0xf2078053) fmv.d.x ft0, a5
core   0: 1 0x0000000080005dbe (0xf2078053) f0  0x0000000000000000
core   0: 0x0000000080005dc2 (0x00091593) slli    a1, s2, 0
core   0: 1 0x0000000080005dc2 (0x00091593) x11 0x0000000000000000
core   0: 0x0000000080005dc6 (0x419b8833) sub     a6, s7, s9
core   0: 1 0x0000000080005dc6 (0x419b8833) x16 0x0000000004100da4
core   0: 0x0000000080005dca (0xc02c7553) fcvt.l.s a0, fs8
core   0: 1 0x0000000080005dca (0xc02c7553) c1_fflags 0x000000000000001f x10 0x7fffffffffffffff
core   0: 0x0000000080005dce (0x407c0a33) sub     s4, s8, t2
core   0: 1 0x0000000080005dce (0x407c0a33) x20 0x8000000000000001
core   0: 0x0000000080005dd2 (0x1bc1db17) auipc   s6, 0x1bc1d
core   0: 1 0x0000000080005dd2 (0x1bc1db17) x22 0x000000009bc22dd2
core   0: 0x0000000080005dd6 (0x40f8d7bb) sraw    a5, a7, a5
core   0: 1 0x0000000080005dd6 (0x40f8d7bb) x15 0x0000000000000000
core   0: 0x0000000080005dda (0x02f683bb) mulw    t2, a3, a5
core   0: 1 0x0000000080005dda (0x02f683bb) x7  0x0000000000000000
core   0: 0x0000000080005dde (0xb381fb4f) fnmadd.d fs6, ft3, fs8, fs6
core   0: 1 0x0000000080005dde (0xb381fb4f) f22 0x7ff8000000000000
core   0: 0x0000000080005de2 (0x401cd71b) sraiw   a4, s9, 1
core   0: 1 0x0000000080005de2 (0x401cd71b) x14 0xfffffffffdf7fbff
core   0: 0x0000000080005de6 (0xe20b0b53) fmv.x.d s6, fs6
core   0: 1 0x0000000080005de6 (0xe20b0b53) x22 0x7ff8000000000000
core   0: 0x0000000080005dea (0xd03770d3) fcvt.s.lu ft1, a4
core   0: 1 0x0000000080005dea (0xd03770d3) c1_fflags 0x000000000000001f f1  0xffffffff5f7fffff
core   0: 0x0000000080005dee (0x0079d7b3) srl     a5, s3, t2
core   0: 1 0x0000000080005dee (0x0079d7b3) x15 0x0000000000000000
core   0: 0x0000000080005df2 (0x007aed33) or      s10, s5, t2
core   0: 1 0x0000000080005df2 (0x007aed33) x26 0xffffffffffffffff
core   0: 0x0000000080005df6 (0x001e2633) slt     a2, t3, ra
core   0: 1 0x0000000080005df6 (0x001e2633) x12 0x0000000000000001
core   0: 0x0000000080005dfa (0xd2227b53) fcvt.d.l fs6, tp
core   0: 1 0x0000000080005dfa (0xd2227b53) f22 0xc1dfffe7c1000000
core   0: 0x0000000080005dfe (0x0012fd33) and     s10, t0, ra
core   0: 1 0x0000000080005dfe (0x0012fd33) x26 0x0000000080006002
core   0: 0x0000000080005e02 (0x02c41193) slli    gp, s0, 44
core   0: 1 0x0000000080005e02 (0x02c41193) x3  0x2000100000000000
core   0: 0x0000000080005e06 (0xd0347cd3) fcvt.s.lu fs9, s0
core   0: 1 0x0000000080005e06 (0xd0347cd3) f25 0xffffffff48000040
core   0: 0x0000000080005e0a (0x8683e237) lui     tp, 0x8683e
core   0: 1 0x0000000080005e0a (0x8683e237) x4  0xffffffff8683e000
core   0: 0x0000000080005e0e (0xfb289d37) lui     s10, 0xfb289
core   0: 1 0x0000000080005e0e (0xfb289d37) x26 0xfffffffffb289000
core   0: 0x0000000080005e12 (0xf45d0d1b) addiw   s10, s10, -187
core   0: 1 0x0000000080005e12 (0xf45d0d1b) x26 0xfffffffffb288f45
core   0: 0x0000000080005e16 (0x00000d32) c.slli  s10, 12
core   0: 1 0x0000000080005e16 (0x0d32) x26 0xffffffb288f45000
core   0: 0x0000000080005e18 (0x355d0d13) addi    s10, s10, 853
core   0: 1 0x0000000080005e18 (0x355d0d13) x26 0xffffffb288f45355
core   0: 0x0000000080005e1c (0x420409d3) fcvt.d.s fs3, fs0
core   0: 1 0x0000000080005e1c (0x420409d3) f19 0x7ff8000000000000
core   0: 0x0000000080005e20 (0x001c17f3) csrrw   a5, fflags, s8
core   0: 1 0x0000000080005e20 (0x001c17f3) x15 0x000000000000001f c1_fflags 0x0000000000000000
core   0: 0x0000000080005e24 (0x1347fa53) fmul.d  fs4, fa5, fs4
core   0: 1 0x0000000080005e24 (0x1347fa53) f20 0x7ff8000000000000
core   0: 0x0000000080005e28 (0x42000b53) fcvt.d.s fs6, ft0
core   0: 1 0x0000000080005e28 (0x42000b53) f22 0x7ff8000000000000
core   0: 0x0000000080005e2c (0x310b35f3) csrrc   a1, mstatush, s6
core   0: exception trap_illegal_instruction, epc 0x0000000080005e2c
core   0:           tval 0x00000000310b35f3
core   0: >>>>  $xrv64i2p1_m2p0_a2p1_f2p2_d2p2_zicsr2p0_zifencei2p0_zmmul1p0_zba1p0_zbb1p0_zbc1p0_zbs1p0
core   0: 0x0000000080004000 (0x0080006f) j       pc + 0x8
core   0: 3 0x0000000080004000 (0x0080006f)
core   0: >>>>  mmode_exception_handler
core   0: 0x0000000080004008 (0x00002c17) auipc   s8, 0x2
core   0: 3 0x0000000080004008 (0x00002c17) x24 0x0000000080006008
core   0: 0x000000008000400c (0x006c0c13) addi    s8, s8, 6
core   0: 3 0x000000008000400c (0x006c0c13) x24 0x000000008000600e
core   0: 0x0000000080004010 (0x000c00e7) jalr    s8
core   0: 3 0x0000000080004010 (0x000c00e7) x1  0x0000000080004014
core   0: >>>>  any_handler
core   0: 0x000000008000600e (0x341027f3) csrrs   a5, mepc, zero
core   0: 3 0x000000008000600e (0x341027f3) x15 0x0000000080005e2c
core   0: 0x0000000080006012 (0x34202773) csrrs   a4, mcause, zero
core   0: 3 0x0000000080006012 (0x34202773) x14 0x0000000000000002
core   0: 0x0000000080006016 (0x142026f3) csrrs   a3, scause, zero
core   0: 3 0x0000000080006016 (0x142026f3) x13 0xffffffffaeed2000
core   0: 0x000000008000601a (0x30402673) csrrs   a2, mie, zero
core   0: 3 0x000000008000601a (0x30402673) x12 0x0000000000000a00
core   0: 0x000000008000601e (0x344025f3) csrrs   a1, mip, zero
core   0: 3 0x000000008000601e (0x344025f3) x11 0x0000000000000080
core   0: 0x0000000080006022 (0x343025f3) csrrs   a1, mtval, zero
core   0: 3 0x0000000080006022 (0x343025f3) x11 0x00000000310b35f3
core   0: 0x0000000080006026 (0x14302573) csrrs   a0, stval, zero
core   0: 3 0x0000000080006026 (0x14302573) x10 0x0000000000000000
core   0: 0x000000008000602a (0xb02024f3) csrrs   s1, minstret, zero
core   0: 3 0x000000008000602a (0xb02024f3) x9  0x000000000000122e
core   0: 0x000000008000602e (0x0000a811) c.j     pc + 20
core   0: 3 0x000000008000602e (0xa811)
core   0: >>>>  mepc_4
core   0: 0x0000000080006042 (0x00000791) c.addi  a5, 4
core   0: 3 0x0000000080006042 (0x0791) x15 0x0000000080005e30
core   0: 0x0000000080006044 (0x34179073) csrrw   zero, mepc, a5
core   0: 3 0x0000000080006044 (0x34179073) c833_mepc 0x0000000080005e30
core   0: 0x0000000080006048 (0x30200073) mret
core   0: 3 0x0000000080006048 (0x30200073) c768_mstatus 0x8000000a00106080
core   0: 0x0000000080005e30 (0x409a5e33) sra     t3, s4, s1
core   0: 1 0x0000000080005e30 (0x409a5e33) x28 0xfffffffffffe0000
core   0: 0x0000000080005e34 (0x400c8433) sub     s0, s9, zero
core   0: 1 0x0000000080005e34 (0x400c8433) x8  0xfffffffffbeff7fe
core   0: 0x0000000080005e38 (0xd023f5d3) fcvt.s.l fa1, t2
core   0: 1 0x0000000080005e38 (0xd023f5d3) f11 0xffffffff00000000
core   0: 0x0000000080005e3c (0x41fe571b) sraiw   a4, t3, 31
core   0: 1 0x0000000080005e3c (0x41fe571b) x14 0xffffffffffffffff
core   0: 0x0000000080005e40 (0x0b66f6d3) fsub.d  fa3, fa3, fs6
core   0: 1 0x0000000080005e40 (0x0b66f6d3) f13 0x7ff8000000000000
core   0: 0x0000000080005e44 (0x40d0003b) subw    zero, zero, a3
core   0: 1 0x0000000080005e44 (0x40d0003b)
core   0: 0x0000000080005e48 (0x037d4d33) div     s10, s10, s7
core   0: 1 0x0000000080005e48 (0x037d4d33) x26 0xfffffffff23f5edd
core   0: 0x0000000080005e4c (0x00c50abb) addw    s5, a0, a2
core   0: 1 0x0000000080005e4c (0x00c50abb) x21 0x0000000000000a00
core   0: 0x0000000080005e50 (0xff3b4cb7) lui     s9, 0xff3b4
core   0: 1 0x0000000080005e50 (0xff3b4cb7) x25 0xffffffffff3b4000
core   0: 0x0000000080005e54 (0xb6dc8c9b) addiw   s9, s9, -1171
core   0: 1 0x0000000080005e54 (0xb6dc8c9b) x25 0xffffffffff3b3b6d
core   0: 0x0000000080005e58 (0x00000cb2) c.slli  s9, 12
core   0: 1 0x0000000080005e58 (0x0cb2) x25 0xfffffff3b3b6d000
core   0: 0x0000000080005e5a (0x1b9c8c93) addi    s9, s9, 441
core   0: 1 0x0000000080005e5a (0x1b9c8c93) x25 0xfffffff3b3b6d1b9
core   0: 0x0000000080005e5e (0x59abdbb7) lui     s7, 0x59abd
core   0: 1 0x0000000080005e5e (0x59abdbb7) x23 0x0000000059abd000
core   0: 0x0000000080005e62 (0x2aad1e53) fmax.d  ft8, fs10, fa0
core   0: 1 0x0000000080005e62 (0x2aad1e53) f28 0x7ff8000000000000
core   0: 0x0000000080005e66 (0x420e01d3) fcvt.d.s ft3, ft8
core   0: 1 0x0000000080005e66 (0x420e01d3) f3  0x7ff8000000000000
core   0: 0x0000000080005e6a (0x80030693) addi    a3, t1, -2048
core   0: 1 0x0000000080005e6a (0x80030693) x13 0xfffffffffffff60f
core   0: 0x0000000080005e6e (0x024bd3bb) divuw   t2, s7, tp
core   0: 1 0x0000000080005e6e (0x024bd3bb) x7  0x0000000000000000
core   0: 0x0000000080005e72 (0x0bd87ed3) fsub.d  ft9, fa6, ft9
core   0: 1 0x0000000080005e72 (0x0bd87ed3) f29 0x7ff8000000000000
core   0: 0x0000000080005e76 (0x224e8ad3) fsgnj.d fs5, ft9, ft4
core   0: 1 0x0000000080005e76 (0x224e8ad3) f21 0x7ff8000000000000
core   0: 0x0000000080005e7a (0x008c6d33) or      s10, s8, s0
core   0: 1 0x0000000080005e7a (0x008c6d33) x26 0xfffffffffbeff7fe
core   0: 0x0000000080005e7e (0x00ce46b3) xor     a3, t3, a2
core   0: 1 0x0000000080005e7e (0x00ce46b3) x13 0xfffffffffffe0a00
core   0: 0x0000000080005e82 (0x40be57bb) sraw    a5, t3, a1
core   0: 1 0x0000000080005e82 (0x40be57bb) x15 0xffffffffffffffff
core   0: 0x0000000080005e86 (0x000d551b) srliw   a0, s10, 0
core   0: 1 0x0000000080005e86 (0x000d551b) x10 0xfffffffffbeff7fe
core   0: 0x0000000080005e8a (0xd224fdd3) fcvt.d.l fs11, s1
core   0: 1 0x0000000080005e8a (0xd224fdd3) f27 0x40b22e0000000000
core   0: 0x0000000080005e8e (0x021b8e3b) mulw    t3, s7, ra
core   0: 1 0x0000000080005e8e (0x021b8e3b) x28 0xfffffffff56c4000
core   0: 0x0000000080005e92 (0xd20e8753) fcvt.d.w fa4, t4
core   0: 1 0x0000000080005e92 (0xd20e8753) f14 0x4030000000000000
core   0: 0x0000000080005e96 (0x41580a33) sub     s4, a6, s5
core   0: 1 0x0000000080005e96 (0x41580a33) x20 0x00000000041003a4
core   0: 0x0000000080005e9a (0xd20a06d3) fcvt.d.w fa3, s4
core   0: 1 0x0000000080005e9a (0xd20a06d3) f13 0x4190400e90000000
core   0: 0x0000000080005e9e (0xc026f7d3) fcvt.l.s a5, fa3
core   0: 1 0x0000000080005e9e (0xc026f7d3) c1_fflags 0x0000000000000010 x15 0x7fffffffffffffff
core   0: 0x0000000080005ea2 (0x40e30e3b) subw    t3, t1, a4
core   0: 1 0x0000000080005ea2 (0x40e30e3b) x28 0xfffffffffffffe10
core   0: 0x0000000080005ea6 (0x029eeebb) remw    t4, t4, s1
core   0: 1 0x0000000080005ea6 (0x029eeebb) x29 0x0000000000000010
core   0: 0x0000000080005eaa (0x22a9fccb) fnmsub.d fs9, fs3, fa0, ft4
core   0: 1 0x0000000080005eaa (0x22a9fccb) f25 0x7ff8000000000000
core   0: 0x0000000080005eae (0xc803a3f3) csrrs   t2, cycleh, t2
core   0: exception trap_illegal_instruction, epc 0x0000000080005eae
core   0:           tval 0x00000000c803a3f3
core   0: >>>>  $xrv64i2p1_m2p0_a2p1_f2p2_d2p2_zicsr2p0_zifencei2p0_zmmul1p0_zba1p0_zbb1p0_zbc1p0_zbs1p0
core   0: 0x0000000080004000 (0x0080006f) j       pc + 0x8
core   0: 3 0x0000000080004000 (0x0080006f)
core   0: >>>>  mmode_exception_handler
core   0: 0x0000000080004008 (0x00002c17) auipc   s8, 0x2
core   0: 3 0x0000000080004008 (0x00002c17) x24 0x0000000080006008
core   0: 0x000000008000400c (0x006c0c13) addi    s8, s8, 6
core   0: 3 0x000000008000400c (0x006c0c13) x24 0x000000008000600e
core   0: 0x0000000080004010 (0x000c00e7) jalr    s8
core   0: 3 0x0000000080004010 (0x000c00e7) x1  0x0000000080004014
core   0: >>>>  any_handler
core   0: 0x000000008000600e (0x341027f3) csrrs   a5, mepc, zero
core   0: 3 0x000000008000600e (0x341027f3) x15 0x0000000080005eae
core   0: 0x0000000080006012 (0x34202773) csrrs   a4, mcause, zero
core   0: 3 0x0000000080006012 (0x34202773) x14 0x0000000000000002
core   0: 0x0000000080006016 (0x142026f3) csrrs   a3, scause, zero
core   0: 3 0x0000000080006016 (0x142026f3) x13 0xffffffffaeed2000
core   0: 0x000000008000601a (0x30402673) csrrs   a2, mie, zero
core   0: 3 0x000000008000601a (0x30402673) x12 0x0000000000000a00
core   0: 0x000000008000601e (0x344025f3) csrrs   a1, mip, zero
core   0: 3 0x000000008000601e (0x344025f3) x11 0x0000000000000080
core   0: 0x0000000080006022 (0x343025f3) csrrs   a1, mtval, zero
core   0: 3 0x0000000080006022 (0x343025f3) x11 0x00000000c803a3f3
core   0: 0x0000000080006026 (0x14302573) csrrs   a0, stval, zero
core   0: 3 0x0000000080006026 (0x14302573) x10 0x0000000000000000
core   0: 0x000000008000602a (0xb02024f3) csrrs   s1, minstret, zero
core   0: 3 0x000000008000602a (0xb02024f3) x9  0x000000000000125e
core   0: 0x000000008000602e (0x0000a811) c.j     pc + 20
core   0: 3 0x000000008000602e (0xa811)
core   0: >>>>  mepc_4
core   0: 0x0000000080006042 (0x00000791) c.addi  a5, 4
core   0: 3 0x0000000080006042 (0x0791) x15 0x0000000080005eb2
core   0: 0x0000000080006044 (0x34179073) csrrw   zero, mepc, a5
core   0: 3 0x0000000080006044 (0x34179073) c833_mepc 0x0000000080005eb2
core   0: 0x0000000080006048 (0x30200073) mret
core   0: 3 0x0000000080006048 (0x30200073) c768_mstatus 0x8000000a00106080
core   0: 0x0000000080005eb2 (0xd21388d3) fcvt.d.wu fa7, t2
core   0: 1 0x0000000080005eb2 (0xd21388d3) f17 0x0000000000000000
core   0: 0x0000000080005eb6 (0x34306673) csrrsi  a2, mtval, 0
core   0: exception trap_illegal_instruction, epc 0x0000000080005eb6
core   0:           tval 0x0000000034306673
core   0: >>>>  $xrv64i2p1_m2p0_a2p1_f2p2_d2p2_zicsr2p0_zifencei2p0_zmmul1p0_zba1p0_zbb1p0_zbc1p0_zbs1p0
core   0: 0x0000000080004000 (0x0080006f) j       pc + 0x8
core   0: 3 0x0000000080004000 (0x0080006f)
core   0: >>>>  mmode_exception_handler
core   0: 0x0000000080004008 (0x00002c17) auipc   s8, 0x2
core   0: 3 0x0000000080004008 (0x00002c17) x24 0x0000000080006008
core   0: 0x000000008000400c (0x006c0c13) addi    s8, s8, 6
core   0: 3 0x000000008000400c (0x006c0c13) x24 0x000000008000600e
core   0: 0x0000000080004010 (0x000c00e7) jalr    s8
core   0: 3 0x0000000080004010 (0x000c00e7) x1  0x0000000080004014
core   0: >>>>  any_handler
core   0: 0x000000008000600e (0x341027f3) csrrs   a5, mepc, zero
core   0: 3 0x000000008000600e (0x341027f3) x15 0x0000000080005eb6
core   0: 0x0000000080006012 (0x34202773) csrrs   a4, mcause, zero
core   0: 3 0x0000000080006012 (0x34202773) x14 0x0000000000000002
core   0: 0x0000000080006016 (0x142026f3) csrrs   a3, scause, zero
core   0: 3 0x0000000080006016 (0x142026f3) x13 0xffffffffaeed2000
core   0: 0x000000008000601a (0x30402673) csrrs   a2, mie, zero
core   0: 3 0x000000008000601a (0x30402673) x12 0x0000000000000a00
core   0: 0x000000008000601e (0x344025f3) csrrs   a1, mip, zero
core   0: 3 0x000000008000601e (0x344025f3) x11 0x0000000000000080
core   0: 0x0000000080006022 (0x343025f3) csrrs   a1, mtval, zero
core   0: 3 0x0000000080006022 (0x343025f3) x11 0x0000000034306673
core   0: 0x0000000080006026 (0x14302573) csrrs   a0, stval, zero
core   0: 3 0x0000000080006026 (0x14302573) x10 0x0000000000000000
core   0: 0x000000008000602a (0xb02024f3) csrrs   s1, minstret, zero
core   0: 3 0x000000008000602a (0xb02024f3) x9  0x000000000000126f
core   0: 0x000000008000602e (0x0000a811) c.j     pc + 20
core   0: 3 0x000000008000602e (0xa811)
core   0: >>>>  mepc_4
core   0: 0x0000000080006042 (0x00000791) c.addi  a5, 4
core   0: 3 0x0000000080006042 (0x0791) x15 0x0000000080005eba
core   0: 0x0000000080006044 (0x34179073) csrrw   zero, mepc, a5
core   0: 3 0x0000000080006044 (0x34179073) c833_mepc 0x0000000080005eba
core   0: 0x0000000080006048 (0x30200073) mret
core   0: 3 0x0000000080006048 (0x30200073) c768_mstatus 0x8000000a00106080
core   0: 0x0000000080005eba (0x1b75f3cb) fnmsub.d ft7, fa1, fs7, ft3
core   0: 1 0x0000000080005eba (0x1b75f3cb) f7  0x7ff8000000000000
core   0: 0x0000000080005ebe (0x0022c133) xor     sp, t0, sp
core   0: 1 0x0000000080005ebe (0x0022c133) x2  0x7fffffff7fff9ff1
core   0: 0x0000000080005ec2 (0x41760cbb) subw    s9, a2, s7
core   0: 1 0x0000000080005ec2 (0x41760cbb) x25 0xffffffffa6543a00
core   0: 0x0000000080005ec6 (0x0ff0000f) fence   iorw,iorw
core   0: 1 0x0000000080005ec6 (0x0ff0000f)
core   0: 0x0000000080005eca (0x0164a1b3) slt     gp, s1, s6
core   0: 1 0x0000000080005eca (0x0164a1b3) x3  0x0000000000000001
core   0: 0x0000000080005ece (0xd02b73d3) fcvt.s.l ft7, s6
core   0: 1 0x0000000080005ece (0xd02b73d3) f7  0xffffffff5efff000
core   0: 0x0000000080005ed2 (0x02b1f9b3) remu    s3, gp, a1
core   0: 1 0x0000000080005ed2 (0x02b1f9b3) x19 0x0000000000000001
core   0: 0x0000000080005ed6 (0x03b980bb) mulw    ra, s3, s11
core   0: 1 0x0000000080005ed6 (0x03b980bb) x1  0x0000000000000000
core   0: 0x0000000080005eda (0xd034fd53) fcvt.s.lu fs10, s1
core   0: 1 0x0000000080005eda (0xd034fd53) f26 0xffffffff45937800
core   0: 0x0000000080005ede (0x4001d6bb) sraw    a3, gp, zero
core   0: 1 0x0000000080005ede (0x4001d6bb) x13 0x0000000000000001
core   0: 0x0000000080005ee2 (0x8da5fe97) auipc   t4, 0x8da5f
core   0: 1 0x0000000080005ee2 (0x8da5fe97) x29 0x000000000da64ee2
core   0: 0x0000000080005ee6 (0x1c964eb7) lui     t4, 0x1c964
core   0: 1 0x0000000080005ee6 (0x1c964eb7) x29 0x000000001c964000
core   0: 0x0000000080005eea (0xe2038753) fmv.x.d a4, ft7
core   0: 1 0x0000000080005eea (0xe2038753) x14 0xffffffff5efff000
core   0: 0x0000000080005eee (0x001e943b) sllw    s0, t4, ra
core   0: 1 0x0000000080005eee (0x001e943b) x8  0x000000001c964000
core   0: 0x0000000080005ef2 (0x4016d0b3) sra     ra, a3, ra
core   0: 1 0x0000000080005ef2 (0x4016d0b3) x1  0x0000000000000001
core   0: 0x0000000080005ef6 (0x8a447e43) fmadd.d ft8, fs0, ft4, fa7
core   0: 1 0x0000000080005ef6 (0x8a447e43) f28 0x7ff8000000000000
core   0: 0x0000000080005efa (0x03497a3b) remuw   s4, s2, s4
core   0: 1 0x0000000080005efa (0x03497a3b) x20 0x0000000000000000
core   0: 0x0000000080005efe (0x019e139b) slliw   t2, t3, 25
core   0: 1 0x0000000080005efe (0x019e139b) x7  0x0000000020000000
core   0: 0x0000000080005f02 (0x40cd573b) sraw    a4, s10, a2
core   0: 1 0x0000000080005f02 (0x40cd573b) x14 0xfffffffffbeff7fe
core   0: 0x0000000080005f06 (0xc0026273) csrrsi  tp, cycle, 4
core   0: exception trap_illegal_instruction, epc 0x0000000080005f06
core   0:           tval 0x00000000c0026273
core   0: >>>>  $xrv64i2p1_m2p0_a2p1_f2p2_d2p2_zicsr2p0_zifencei2p0_zmmul1p0_zba1p0_zbb1p0_zbc1p0_zbs1p0
core   0: 0x0000000080004000 (0x0080006f) j       pc + 0x8
core   0: 3 0x0000000080004000 (0x0080006f)
core   0: >>>>  mmode_exception_handler
core   0: 0x0000000080004008 (0x00002c17) auipc   s8, 0x2
core   0: 3 0x0000000080004008 (0x00002c17) x24 0x0000000080006008
core   0: 0x000000008000400c (0x006c0c13) addi    s8, s8, 6
core   0: 3 0x000000008000400c (0x006c0c13) x24 0x000000008000600e
core   0: 0x0000000080004010 (0x000c00e7) jalr    s8
core   0: 3 0x0000000080004010 (0x000c00e7) x1  0x0000000080004014
core   0: >>>>  any_handler
core   0: 0x000000008000600e (0x341027f3) csrrs   a5, mepc, zero
core   0: 3 0x000000008000600e (0x341027f3) x15 0x0000000080005f06
core   0: 0x0000000080006012 (0x34202773) csrrs   a4, mcause, zero
core   0: 3 0x0000000080006012 (0x34202773) x14 0x0000000000000002
core   0: 0x0000000080006016 (0x142026f3) csrrs   a3, scause, zero
core   0: 3 0x0000000080006016 (0x142026f3) x13 0xffffffffaeed2000
core   0: 0x000000008000601a (0x30402673) csrrs   a2, mie, zero
core   0: 3 0x000000008000601a (0x30402673) x12 0x0000000000000a00
core   0: 0x000000008000601e (0x344025f3) csrrs   a1, mip, zero
core   0: 3 0x000000008000601e (0x344025f3) x11 0x0000000000000080
core   0: 0x0000000080006022 (0x343025f3) csrrs   a1, mtval, zero
core   0: 3 0x0000000080006022 (0x343025f3) x11 0x00000000c0026273
core   0: 0x0000000080006026 (0x14302573) csrrs   a0, stval, zero
core   0: 3 0x0000000080006026 (0x14302573) x10 0x0000000000000000
core   0: 0x000000008000602a (0xb02024f3) csrrs   s1, minstret, zero
core   0: 3 0x000000008000602a (0xb02024f3) x9  0x0000000000001292
core   0: 0x000000008000602e (0x0000a811) c.j     pc + 20
core   0: 3 0x000000008000602e (0xa811)
core   0: >>>>  mepc_4
core   0: 0x0000000080006042 (0x00000791) c.addi  a5, 4
core   0: 3 0x0000000080006042 (0x0791) x15 0x0000000080005f0a
core   0: 0x0000000080006044 (0x34179073) csrrw   zero, mepc, a5
core   0: 3 0x0000000080006044 (0x34179073) c833_mepc 0x0000000080005f0a
core   0: 0x0000000080006048 (0x30200073) mret
core   0: 3 0x0000000080006048 (0x30200073) c768_mstatus 0x8000000a00106080
core   0: 0x0000000080005f0a (0xc03ef1d3) fcvt.lu.s gp, ft9
core   0: 1 0x0000000080005f0a (0xc03ef1d3) c1_fflags 0x0000000000000010 x3  0xffffffffffffffff
core   0: 0x0000000080005f0e (0x41aa5a3b) sraw    s4, s4, s10
core   0: 1 0x0000000080005f0e (0x41aa5a3b) x20 0x0000000000000000
core   0: 0x0000000080005f12 (0x0289fdb3) remu    s11, s3, s0
core   0: 1 0x0000000080005f12 (0x0289fdb3) x27 0x0000000000000001
core   0: 0x0000000080005f16 (0x4010f2d3) fcvt.s.d ft5, ft1
core   0: 1 0x0000000080005f16 (0x4010f2d3) f5  0xffffffff7fc00000
core   0: 0x0000000080005f1a (0x01b4f1b3) and     gp, s1, s11
core   0: 1 0x0000000080005f1a (0x01b4f1b3) x3  0x0000000000000000
core   0: 0x0000000080005f1e (0x226915d3) fsgnjn.d fa1, fs2, ft6
core   0: 1 0x0000000080005f1e (0x226915d3) f11 0xc1ef2d033cc00000
core   0: 0x0000000080005f22 (0xd239f0d3) fcvt.d.lu ft1, s3
core   0: 1 0x0000000080005f22 (0xd239f0d3) f1  0x3ff0000000000000
core   0: 0x0000000080005f26 (0x02350ebb) mulw    t4, a0, gp
core   0: 1 0x0000000080005f26 (0x02350ebb) x29 0x0000000000000000
core   0: 0x0000000080005f2a (0x01d74e33) xor     t3, a4, t4
core   0: 1 0x0000000080005f2a (0x01d74e33) x28 0x0000000000000002
core   0: 0x0000000080005f2e (0x421c5913) srai    s2, s8, 33
core   0: 1 0x0000000080005f2e (0x421c5913) x18 0x0000000000000000
core   0: 0x0000000080005f32 (0x032b2b33) mulhsu  s6, s6, s2
core   0: 1 0x0000000080005f32 (0x032b2b33) x22 0x0000000000000000
core   0: 0x0000000080005f36 (0x00202173) csrrs   sp, frm, zero
core   0: 1 0x0000000080005f36 (0x00202173) x2  0x0000000000000001
core   0: 0x0000000080005f3a (0x4021093b) subw    s2, sp, sp
core   0: 1 0x0000000080005f3a (0x4021093b) x18 0x0000000000000000
core   0: 0x0000000080005f3e (0x8be178cb) fnmsub.d fa7, ft2, ft10, fa7
core   0: 1 0x0000000080005f3e (0x8be178cb) f17 0x7ff8000000000000
core   0: 0x0000000080005f42 (0x014d531b) srliw   t1, s10, 20
core   0: 1 0x0000000080005f42 (0x014d531b) x6  0x0000000000000fbe
core   0: 0x0000000080005f46 (0x237d27d3) fsgnjx.d fa5, fs10, fs7
core   0: 1 0x0000000080005f46 (0x237d27d3) f15 0x7fffffff45937800
core   0: 0x0000000080005f4a (0x009d0cb3) add     s9, s10, s1
core   0: 1 0x0000000080005f4a (0x009d0cb3) x25 0xfffffffffbf00a90
core   0: 0x0000000080005f4e (0x00555e13) srli    t3, a0, 5
core   0: 1 0x0000000080005f4e (0x00555e13) x28 0x0000000000000000
core   0: 0x0000000080005f52 (0x88290b93) addi    s7, s2, -1918
core   0: 1 0x0000000080005f52 (0x88290b93) x23 0xfffffffffffff882
core   0: 0x0000000080005f56 (0xd2a07413) andi    s0, zero, -726
core   0: 1 0x0000000080005f56 (0xd2a07413) x8  0x0000000000000000
core   0: 0x0000000080005f5a (0x002154bb) srlw    s1, sp, sp
core   0: 1 0x0000000080005f5a (0x002154bb) x9  0x0000000000000000
core   0: 0x0000000080005f5e (0x4130d5bb) sraw    a1, ra, s3
core   0: 1 0x0000000080005f5e (0x4130d5bb) x11 0xffffffffc000200a
core   0: 0x0000000080005f62 (0x01e5d113) srli    sp, a1, 30
core   0: 1 0x0000000080005f62 (0x01e5d113) x2  0x00000003ffffffff
core   0: 0x0000000080005f66 (0xabf07fcf) fnmadd.d ft11, ft0, ft11, fs5
core   0: 1 0x0000000080005f66 (0xabf07fcf) f31 0x7ff8000000000000
core   0: 0x0000000080005f6a (0x0018d8bb) srlw    a7, a7, ra
core   0: 1 0x0000000080005f6a (0x0018d8bb) x17 0x0000000000000000
core   0: 0x0000000080005f6e (0xd20a86d3) fcvt.d.w fa3, s5
core   0: 1 0x0000000080005f6e (0xd20a86d3) f13 0x40a4000000000000
core   0: 0x0000000080005f72 (0xa2328d53) fle.d   s10, ft5, ft3
core   0: 1 0x0000000080005f72 (0xa2328d53) c1_fflags 0x0000000000000010 x26 0x0000000000000000
core   0: 0x0000000080005f76 (0x41ad0dbb) subw    s11, s10, s10
core   0: 1 0x0000000080005f76 (0x41ad0dbb) x27 0x0000000000000000
core   0: 0x0000000080005f7a (0x0010a0b3) slt     ra, ra, ra
core   0: 1 0x0000000080005f7a (0x0010a0b3) x1  0x0000000000000000
core   0: 0x0000000080005f7e (0x0350ea33) rem     s4, ra, s5
core   0: 1 0x0000000080005f7e (0x0350ea33) x20 0x0000000000000000
core   0: 0x0000000080005f82 (0x401afe53) fcvt.s.d ft8, fs5
core   0: 1 0x0000000080005f82 (0x401afe53) f28 0xffffffff7fc00000
core   0: 0x0000000080005f86 (0xa3cd86d3) fle.d   a3, fs11, ft8
core   0: 1 0x0000000080005f86 (0xa3cd86d3) c1_fflags 0x0000000000000010 x13 0x0000000000000000
core   0: 0x0000000080005f8a (0x00000001) c.nop
core   0: 1 0x0000000080005f8a (0x0001)
core   0: 0x0000000080005f8c (0x0325053b) mulw    a0, a0, s2
core   0: 1 0x0000000080005f8c (0x0325053b) x10 0x0000000000000000
core   0: 0x0000000080005f90 (0x800a6113) ori     sp, s4, -2048
core   0: 1 0x0000000080005f90 (0x800a6113) x2  0xfffffffffffff800
core   0: 0x0000000080005f94 (0x03c05e3b) divuw   t3, zero, t3
core   0: 1 0x0000000080005f94 (0x03c05e3b) x28 0xffffffffffffffff
core   0: 0x0000000080005f98 (0xfffe8a9b) addiw   s5, t4, -1
core   0: 1 0x0000000080005f98 (0xfffe8a9b) x21 0xffffffffffffffff
core   0: 0x0000000080005f9c (0x002024f3) csrrs   s1, frm, zero
core   0: 1 0x0000000080005f9c (0x002024f3) x9  0x0000000000000001
core   0: 0x0000000080005fa0 (0xc9eab797) auipc   a5, 0xc9eab
core   0: 1 0x0000000080005fa0 (0xc9eab797) x15 0x0000000049eb0fa0
core   0: 0x0000000080005fa4 (0x029382b3) mul     t0, t2, s1
core   0: 1 0x0000000080005fa4 (0x029382b3) x5  0x0000000020000000
core   0: 0x0000000080005fa8 (0x00000001) c.nop
core   0: 1 0x0000000080005fa8 (0x0001)
core   0: 0x0000000080005faa (0x00000001) c.nop
core   0: 1 0x0000000080005faa (0x0001)
core   0: 0x0000000080005fac (0xd21600d3) fcvt.d.wu ft1, a2
core   0: 1 0x0000000080005fac (0xd21600d3) f1  0x40a4000000000000
core   0: 0x0000000080005fb0 (0x4154d01b) sraiw   zero, s1, 21
core   0: 1 0x0000000080005fb0 (0x4154d01b)
core   0: 0x0000000080005fb4 (0x0ff0000f) fence   iorw,iorw
core   0: 1 0x0000000080005fb4 (0x0ff0000f)
core   0: 0x0000000080005fb8 (0x23398ad3) fsgnj.d fs5, fs3, fs3
core   0: 1 0x0000000080005fb8 (0x23398ad3) f21 0x7ff8000000000000
core   0: 0x0000000080005fbc (0x1aa0fed3) fdiv.d  ft9, ft1, fa0
core   0: 1 0x0000000080005fbc (0x1aa0fed3) f29 0x7ff8000000000000
core   0: 0x0000000080005fc0 (0x01568233) add     tp, a3, s5
core   0: 1 0x0000000080005fc0 (0x01568233) x4  0xffffffffffffffff
core   0: 0x0000000080005fc4 (0x0269a6b3) mulhsu  a3, s3, t1
core   0: 1 0x0000000080005fc4 (0x0269a6b3) x13 0x0000000000000000
core   0: 0x0000000080005fc8 (0x1ab37353) fdiv.d  ft6, ft6, fa1
core   0: 1 0x0000000080005fc8 (0x1ab37353) f6  0xbff0000000000000
core   0: 0x0000000080005fcc (0x0005d7bb) srlw    a5, a1, zero
core   0: 1 0x0000000080005fcc (0x0005d7bb) x15 0xffffffffc000200a
core   0: 0x0000000080005fd0 (0xd2158fd3) fcvt.d.wu ft11, a1
core   0: 1 0x0000000080005fd0 (0xd2158fd3) f31 0x41e8000401400000
core   0: 0x0000000080005fd4 (0x0a89f9d3) fsub.d  fs3, fs3, fs0
core   0: 1 0x0000000080005fd4 (0x0a89f9d3) f19 0x7ff8000000000000
core   0: 0x0000000080005fd8 (0x40bcd53b) sraw    a0, s9, a1
core   0: 1 0x0000000080005fd8 (0x40bcd53b) x10 0xfffffffffffefc02
core   0: 0x0000000080005fdc (0x012a123b) sllw    tp, s4, s2
core   0: 1 0x0000000080005fdc (0x012a123b) x4  0x0000000000000000
core   0: 0x0000000080005fe0 (0xb3867c4f) fnmadd.d fs8, fa2, fs8, fs6
core   0: 1 0x0000000080005fe0 (0xb3867c4f) f24 0x7ff8000000000000
core   0: 0x0000000080005fe4 (0x23dcac53) fsgnjx.d fs8, fs9, ft9
core   0: 1 0x0000000080005fe4 (0x23dcac53) f24 0x7ff8000000000000
core   0: 0x0000000080005fe8 (0x00eaf5b3) and     a1, s5, a4
core   0: 1 0x0000000080005fe8 (0x00eaf5b3) x11 0x0000000000000002
core   0: 0x0000000080005fec (0x02bca233) mulhsu  tp, s9, a1
core   0: 1 0x0000000080005fec (0x02bca233) x4  0xffffffffffffffff
core   0: 0x0000000080005ff0 (0xc22971d3) fcvt.l.d gp, fs2
core   0: 1 0x0000000080005ff0 (0xc22971d3) x3  0x00000000f96819e6
core   0: 0x0000000080005ff4 (0x5b75f5cf) fnmadd.d fa1, fa1, fs7, fa1
core   0: 1 0x0000000080005ff4 (0x5b75f5cf) c1_fflags 0x0000000000000011 f11 0xc5ef2d033cbfffff
core   0: 0x0000000080005ff8 (0x4091d91b) sraiw   s2, gp, 9
core   0: 1 0x0000000080005ff8 (0x4091d91b) x18 0xfffffffffffcb40c
core   0: 0x0000000080005ffc (0xc3977d4b) fnmsub.d fs10, fa4, fs9, fs8
core   0: 1 0x0000000080005ffc (0xc3977d4b) f26 0x7ff8000000000000
core   0: 0x0000000080006000 (0x23c98fd3) fsgnj.d ft11, fs3, ft8
core   0: 1 0x0000000080006000 (0x23c98fd3) f31 0xfff8000000000000
core   0: 0x0000000080006004 (0x0105d033) srl     zero, a1, a6
core   0: 1 0x0000000080006004 (0x0105d033)
core   0: >>>>  write_tohost
core   0: 0x0000000080006008 (0x9dcfa0ef) jal     pc - 0x5e24
core   0: 1 0x0000000080006008 (0x9dcfa0ef) x1  0x000000008000600c
core   0: >>>>  _exit
core   0: 0x00000000800001e4 (0x00004505) c.li    a0, 1
core   0: 1 0x00000000800001e4 (0x4505) x10 0x0000000000000001
core   0: 0x00000000800001e6 (0x00001f17) auipc   t5, 0x1
core   0: 1 0x00000000800001e6 (0x00001f17) x30 0x00000000800011e6
core   0: 0x00000000800001ea (0xe0af2d23) sw      a0, -486(t5)
core   0: 1 0x00000000800001ea (0xe0af2d23) mem 0x0000000080001000 0x00000001
cp /home/server/RISCV/cva6/verif/sim/out/seed_1017/spike_sim/new_seeds_1017_.cv64a6_imafdc_sv39.log.iss /home/server/RISCV/cva6/verif/sim/out/seed_1017/spike_sim/new_seeds_1017_.cv64a6_imafdc_sv39.log
