Makefile:14: must set CVA6_REPO_DIR to point at the root of CVA6 sources and CVA6_TB_DIR to point here -- doing it for you...
LD_LIBRARY_PATH="$(realpath ../../tools/spike/lib):$LD_LIBRARY_PATH" \
	/home/server/RISCV/cva6/tools/spike/bin/spike --steps=2000000  --log-commits --isa=rv64gc_zba_zbb_zbs_zbc_zicsr_zifencei --priv=msu -l /home/server/RISCV/cva6/verif/sim/out/seed_115/directed_asm_tests/new_seeds_115_.o
[SPIKE] Max simulation steps: 2000000
[SPIKE] Proc 0 | ISA: rv64gc_zba_zbb_zbs_zbc_zicsr_zifencei PRIV: msu
[SPIKE] Initializing memories...
core   0: 0x0000000000010000 (0x00100413) li      s0, 1
core   0: 3 0x0000000000010000 (0x00100413) x8  0x0000000000000001
core   0: 0x0000000000010004 (0x01f41413) slli    s0, s0, 31
core   0: 3 0x0000000000010004 (0x01f41413) x8  0x0000000080000000
core   0: 0x0000000000010008 (0xf1402573) csrrs   a0, mhartid, zero
core   0: 3 0x0000000000010008 (0xf1402573) x10 0x0000000000000000
core   0: 0x000000000001000c (0x00000597) auipc   a1, 0x0
core   0: 3 0x000000000001000c (0x00000597) x11 0x000000000001000c
core   0: 0x0000000000010010 (0x07458593) addi    a1, a1, 116
core   0: 3 0x0000000000010010 (0x07458593) x11 0x0000000000010080
core   0: 0x0000000000010014 (0x00040067) jr      s0
core   0: 3 0x0000000000010014 (0x00040067)
core   0: >>>>  _start
core   0: 0x0000000080000000 (0x00004081) c.li    ra, 0
core   0: 3 0x0000000080000000 (0x4081) x1  0x0000000000000000
core   0: 0x0000000080000002 (0x00004101) c.li    sp, 0
core   0: 3 0x0000000080000002 (0x4101) x2  0x0000000000000000
core   0: 0x0000000080000004 (0x00004181) c.li    gp, 0
core   0: 3 0x0000000080000004 (0x4181) x3  0x0000000000000000
core   0: 0x0000000080000006 (0x00004201) c.li    tp, 0
core   0: 3 0x0000000080000006 (0x4201) x4  0x0000000000000000
core   0: 0x0000000080000008 (0x00004281) c.li    t0, 0
core   0: 3 0x0000000080000008 (0x4281) x5  0x0000000000000000
core   0: 0x000000008000000a (0x00004301) c.li    t1, 0
core   0: 3 0x000000008000000a (0x4301) x6  0x0000000000000000
core   0: 0x000000008000000c (0x00004381) c.li    t2, 0
core   0: 3 0x000000008000000c (0x4381) x7  0x0000000000000000
core   0: 0x000000008000000e (0x00004401) c.li    s0, 0
core   0: 3 0x000000008000000e (0x4401) x8  0x0000000000000000
core   0: 0x0000000080000010 (0x00004481) c.li    s1, 0
core   0: 3 0x0000000080000010 (0x4481) x9  0x0000000000000000
core   0: 0x0000000080000012 (0x00004501) c.li    a0, 0
core   0: 3 0x0000000080000012 (0x4501) x10 0x0000000000000000
core   0: 0x0000000080000014 (0x00004581) c.li    a1, 0
core   0: 3 0x0000000080000014 (0x4581) x11 0x0000000000000000
core   0: 0x0000000080000016 (0x00004601) c.li    a2, 0
core   0: 3 0x0000000080000016 (0x4601) x12 0x0000000000000000
core   0: 0x0000000080000018 (0x00004681) c.li    a3, 0
core   0: 3 0x0000000080000018 (0x4681) x13 0x0000000000000000
core   0: 0x000000008000001a (0x00004701) c.li    a4, 0
core   0: 3 0x000000008000001a (0x4701) x14 0x0000000000000000
core   0: 0x000000008000001c (0x00004781) c.li    a5, 0
core   0: 3 0x000000008000001c (0x4781) x15 0x0000000000000000
core   0: 0x000000008000001e (0x00004801) c.li    a6, 0
core   0: 3 0x000000008000001e (0x4801) x16 0x0000000000000000
core   0: 0x0000000080000020 (0x00004881) c.li    a7, 0
core   0: 3 0x0000000080000020 (0x4881) x17 0x0000000000000000
core   0: 0x0000000080000022 (0x00004901) c.li    s2, 0
core   0: 3 0x0000000080000022 (0x4901) x18 0x0000000000000000
core   0: 0x0000000080000024 (0x00004981) c.li    s3, 0
core   0: 3 0x0000000080000024 (0x4981) x19 0x0000000000000000
core   0: 0x0000000080000026 (0x00004a01) c.li    s4, 0
core   0: 3 0x0000000080000026 (0x4a01) x20 0x0000000000000000
core   0: 0x0000000080000028 (0x00004a81) c.li    s5, 0
core   0: 3 0x0000000080000028 (0x4a81) x21 0x0000000000000000
core   0: 0x000000008000002a (0x00004b01) c.li    s6, 0
core   0: 3 0x000000008000002a (0x4b01) x22 0x0000000000000000
core   0: 0x000000008000002c (0x00004b81) c.li    s7, 0
core   0: 3 0x000000008000002c (0x4b81) x23 0x0000000000000000
core   0: 0x000000008000002e (0x00004c01) c.li    s8, 0
core   0: 3 0x000000008000002e (0x4c01) x24 0x0000000000000000
core   0: 0x0000000080000030 (0x00004c81) c.li    s9, 0
core   0: 3 0x0000000080000030 (0x4c81) x25 0x0000000000000000
core   0: 0x0000000080000032 (0x00004d01) c.li    s10, 0
core   0: 3 0x0000000080000032 (0x4d01) x26 0x0000000000000000
core   0: 0x0000000080000034 (0x00004d81) c.li    s11, 0
core   0: 3 0x0000000080000034 (0x4d81) x27 0x0000000000000000
core   0: 0x0000000080000036 (0x00004e01) c.li    t3, 0
core   0: 3 0x0000000080000036 (0x4e01) x28 0x0000000000000000
core   0: 0x0000000080000038 (0x00004e81) c.li    t4, 0
core   0: 3 0x0000000080000038 (0x4e81) x29 0x0000000000000000
core   0: 0x000000008000003a (0x00004f01) c.li    t5, 0
core   0: 3 0x000000008000003a (0x4f01) x30 0x0000000000000000
core   0: 0x000000008000003c (0x00004f81) c.li    t6, 0
core   0: 3 0x000000008000003c (0x4f81) x31 0x0000000000000000
core   0: 0x000000008000003e (0x000062f9) c.lui   t0, 0x1e
core   0: 3 0x000000008000003e (0x62f9) x5  0x000000000001e000
core   0: 0x0000000080000040 (0x3002a073) csrrs   zero, mstatus, t0
core   0: 3 0x0000000080000040 (0x3002a073) c768_mstatus 0x8000000a00006000
core   0: 0x0000000080000044 (0x00004285) c.li    t0, 1
core   0: 3 0x0000000080000044 (0x4285) x5  0x0000000000000001
core   0: 0x0000000080000046 (0x000002fe) c.slli  t0, 31
core   0: 3 0x0000000080000046 (0x02fe) x5  0x0000000080000000
core   0: 0x0000000080000048 (0x0002d863) bge     t0, zero, pc + 16
core   0: 3 0x0000000080000048 (0x0002d863)
core   0: 0x0000000080000058 (0x00000297) auipc   t0, 0x0
core   0: 3 0x0000000080000058 (0x00000297) x5  0x0000000080000058
core   0: 0x000000008000005c (0x09028293) addi    t0, t0, 144
core   0: 3 0x000000008000005c (0x09028293) x5  0x00000000800000e8
core   0: 0x0000000080000060 (0x30529073) csrrw   zero, mtvec, t0
core   0: 3 0x0000000080000060 (0x30529073) c773_mtvec 0x00000000800000e8
core   0: 0x0000000080000064 (0x00301073) csrrw   zero, fcsr, zero
core   0: 3 0x0000000080000064 (0x00301073) c1_fflags 0x0000000000000000 c2_frm 0x0000000000000000
core   0: 0x0000000080000068 (0xf0000053) fmv.w.x ft0, zero
core   0: 3 0x0000000080000068 (0xf0000053) f0  0xffffffff00000000
core   0: 0x000000008000006c (0xf00000d3) fmv.w.x ft1, zero
core   0: 3 0x000000008000006c (0xf00000d3) f1  0xffffffff00000000
core   0: 0x0000000080000070 (0xf0000153) fmv.w.x ft2, zero
core   0: 3 0x0000000080000070 (0xf0000153) f2  0xffffffff00000000
core   0: 0x0000000080000074 (0xf00001d3) fmv.w.x ft3, zero
core   0: 3 0x0000000080000074 (0xf00001d3) f3  0xffffffff00000000
core   0: 0x0000000080000078 (0xf0000253) fmv.w.x ft4, zero
core   0: 3 0x0000000080000078 (0xf0000253) f4  0xffffffff00000000
core   0: 0x000000008000007c (0xf00002d3) fmv.w.x ft5, zero
core   0: 3 0x000000008000007c (0xf00002d3) f5  0xffffffff00000000
core   0: 0x0000000080000080 (0xf0000353) fmv.w.x ft6, zero
core   0: 3 0x0000000080000080 (0xf0000353) f6  0xffffffff00000000
core   0: 0x0000000080000084 (0xf00003d3) fmv.w.x ft7, zero
core   0: 3 0x0000000080000084 (0xf00003d3) f7  0xffffffff00000000
core   0: 0x0000000080000088 (0xf0000453) fmv.w.x fs0, zero
core   0: 3 0x0000000080000088 (0xf0000453) f8  0xffffffff00000000
core   0: 0x000000008000008c (0xf00004d3) fmv.w.x fs1, zero
core   0: 3 0x000000008000008c (0xf00004d3) f9  0xffffffff00000000
core   0: 0x0000000080000090 (0xf0000553) fmv.w.x fa0, zero
core   0: 3 0x0000000080000090 (0xf0000553) f10 0xffffffff00000000
core   0: 0x0000000080000094 (0xf00005d3) fmv.w.x fa1, zero
core   0: 3 0x0000000080000094 (0xf00005d3) f11 0xffffffff00000000
core   0: 0x0000000080000098 (0xf0000653) fmv.w.x fa2, zero
core   0: 3 0x0000000080000098 (0xf0000653) f12 0xffffffff00000000
core   0: 0x000000008000009c (0xf00006d3) fmv.w.x fa3, zero
core   0: 3 0x000000008000009c (0xf00006d3) f13 0xffffffff00000000
core   0: 0x00000000800000a0 (0xf0000753) fmv.w.x fa4, zero
core   0: 3 0x00000000800000a0 (0xf0000753) f14 0xffffffff00000000
core   0: 0x00000000800000a4 (0xf00007d3) fmv.w.x fa5, zero
core   0: 3 0x00000000800000a4 (0xf00007d3) f15 0xffffffff00000000
core   0: 0x00000000800000a8 (0xf0000853) fmv.w.x fa6, zero
core   0: 3 0x00000000800000a8 (0xf0000853) f16 0xffffffff00000000
core   0: 0x00000000800000ac (0xf00008d3) fmv.w.x fa7, zero
core   0: 3 0x00000000800000ac (0xf00008d3) f17 0xffffffff00000000
core   0: 0x00000000800000b0 (0xf0000953) fmv.w.x fs2, zero
core   0: 3 0x00000000800000b0 (0xf0000953) f18 0xffffffff00000000
core   0: 0x00000000800000b4 (0xf00009d3) fmv.w.x fs3, zero
core   0: 3 0x00000000800000b4 (0xf00009d3) f19 0xffffffff00000000
core   0: 0x00000000800000b8 (0xf0000a53) fmv.w.x fs4, zero
core   0: 3 0x00000000800000b8 (0xf0000a53) f20 0xffffffff00000000
core   0: 0x00000000800000bc (0xf0000ad3) fmv.w.x fs5, zero
core   0: 3 0x00000000800000bc (0xf0000ad3) f21 0xffffffff00000000
core   0: 0x00000000800000c0 (0xf0000b53) fmv.w.x fs6, zero
core   0: 3 0x00000000800000c0 (0xf0000b53) f22 0xffffffff00000000
core   0: 0x00000000800000c4 (0xf0000bd3) fmv.w.x fs7, zero
core   0: 3 0x00000000800000c4 (0xf0000bd3) f23 0xffffffff00000000
core   0: 0x00000000800000c8 (0xf0000c53) fmv.w.x fs8, zero
core   0: 3 0x00000000800000c8 (0xf0000c53) f24 0xffffffff00000000
core   0: 0x00000000800000cc (0xf0000cd3) fmv.w.x fs9, zero
core   0: 3 0x00000000800000cc (0xf0000cd3) f25 0xffffffff00000000
core   0: 0x00000000800000d0 (0xf0000d53) fmv.w.x fs10, zero
core   0: 3 0x00000000800000d0 (0xf0000d53) f26 0xffffffff00000000
core   0: 0x00000000800000d4 (0xf0000dd3) fmv.w.x fs11, zero
core   0: 3 0x00000000800000d4 (0xf0000dd3) f27 0xffffffff00000000
core   0: 0x00000000800000d8 (0xf0000e53) fmv.w.x ft8, zero
core   0: 3 0x00000000800000d8 (0xf0000e53) f28 0xffffffff00000000
core   0: 0x00000000800000dc (0xf0000ed3) fmv.w.x ft9, zero
core   0: 3 0x00000000800000dc (0xf0000ed3) f29 0xffffffff00000000
core   0: 0x00000000800000e0 (0xf0000f53) fmv.w.x ft10, zero
core   0: 3 0x00000000800000e0 (0xf0000f53) f30 0xffffffff00000000
core   0: 0x00000000800000e4 (0xf0000fd3) fmv.w.x ft11, zero
core   0: 3 0x00000000800000e4 (0xf0000fd3) f31 0xffffffff00000000
core   0: 0x00000000800000e8 (0x00000297) auipc   t0, 0x0
core   0: 3 0x00000000800000e8 (0x00000297) x5  0x00000000800000e8
core   0: 0x00000000800000ec (0x03c28293) addi    t0, t0, 60
core   0: 3 0x00000000800000ec (0x03c28293) x5  0x0000000080000124
core   0: 0x00000000800000f0 (0x30529073) csrrw   zero, mtvec, t0
core   0: 3 0x00000000800000f0 (0x30529073) c773_mtvec 0x0000000080000124
core   0: 0x00000000800000f4 (0x00012197) auipc   gp, 0x12
core   0: 3 0x00000000800000f4 (0x00012197) x3  0x00000000800120f4
core   0: 0x00000000800000f8 (0x73418193) addi    gp, gp, 1844
core   0: 3 0x00000000800000f8 (0x73418193) x3  0x0000000080012828
core   0: 0x00000000800000fc (0x00012217) auipc   tp, 0x12
core   0: 3 0x00000000800000fc (0x00012217) x4  0x00000000800120fc
core   0: 0x0000000080000100 (0xf8320213) addi    tp, tp, -125
core   0: 3 0x0000000080000100 (0xf8320213) x4  0x000000008001207f
core   0: 0x0000000080000104 (0xfc027213) andi    tp, tp, -64
core   0: 3 0x0000000080000104 (0xfc027213) x4  0x0000000080012040
core   0: 0x0000000080000108 (0xf1402573) csrrs   a0, mhartid, zero
core   0: 3 0x0000000080000108 (0xf1402573) x10 0x0000000000000000
core   0: 0x000000008000010c (0x00004585) c.li    a1, 1
core   0: 3 0x000000008000010c (0x4585) x11 0x0000000000000001
core   0: 0x000000008000010e (0x00b57063) bgeu    a0, a1, pc + 0
core   0: 3 0x000000008000010e (0x00b57063)
core   0: 0x0000000080000112 (0x00150113) addi    sp, a0, 1
core   0: 3 0x0000000080000112 (0x00150113) x2  0x0000000000000001
core   0: 0x0000000080000116 (0x00000146) c.slli  sp, 17
core   0: 3 0x0000000080000116 (0x0146) x2  0x0000000000020000
core   0: 0x0000000080000118 (0x00009112) c.add   sp, tp
core   0: 3 0x0000000080000118 (0x9112) x2  0x0000000080032040
core   0: 0x000000008000011a (0x01151613) slli    a2, a0, 17
core   0: 3 0x000000008000011a (0x01151613) x12 0x0000000000000000
core   0: 0x000000008000011e (0x00009232) c.add   tp, a2
core   0: 3 0x000000008000011e (0x9232) x4  0x0000000080012040
core   0: 0x0000000080000120 (0x3cc0f06f) j       pc + 0xf3cc
core   0: 3 0x0000000080000120 (0x3cc0f06f)
core   0: >>>>  _init
core   0: 0x000000008000f4ec (0x00007171) c.addi16sp sp, -176
core   0: 3 0x000000008000f4ec (0x7171) x2  0x0000000080031f90
core   0: 0x000000008000f4ee (0x0000f506) c.sdsp  ra, 168(sp)
core   0: 3 0x000000008000f4ee (0xf506) mem 0x0000000080032038 0x0000000000000000
core   0: 0x000000008000f4f0 (0x0000f122) c.sdsp  s0, 160(sp)
core   0: 3 0x000000008000f4f0 (0xf122) mem 0x0000000080032030 0x0000000000000000
core   0: 0x000000008000f4f2 (0x0000ed26) c.sdsp  s1, 152(sp)
core   0: 3 0x000000008000f4f2 (0xed26) mem 0x0000000080032028 0x0000000000000000
core   0: 0x000000008000f4f4 (0x00001900) c.addi4spn s0, sp, 176
core   0: 3 0x000000008000f4f4 (0x1900) x8  0x0000000080032040
core   0: 0x000000008000f4f6 (0x000087aa) c.mv    a5, a0
core   0: 3 0x000000008000f4f6 (0x87aa) x15 0x0000000000000000
core   0: 0x000000008000f4f8 (0x0000872e) c.mv    a4, a1
core   0: 3 0x000000008000f4f8 (0x872e) x14 0x0000000000000001
core   0: 0x000000008000f4fa (0xf4f42e23) sw      a5, -164(s0)
core   0: 3 0x000000008000f4fa (0xf4f42e23) mem 0x0000000080031f9c 0x00000000
core   0: 0x000000008000f4fe (0x000087ba) c.mv    a5, a4
core   0: 3 0x000000008000f4fe (0x87ba) x15 0x0000000000000001
core   0: 0x000000008000f500 (0xf4f42c23) sw      a5, -168(s0)
core   0: 3 0x000000008000f500 (0xf4f42c23) mem 0x0000000080031f98 0x00000001
core   0: 0x000000008000f504 (0xfe040793) addi    a5, s0, -32
core   0: 3 0x000000008000f504 (0xfe040793) x15 0x0000000080032020
core   0: 0x000000008000f508 (0xf4f43823) sd      a5, -176(s0)
core   0: 3 0x000000008000f508 (0xf4f43823) mem 0x0000000080031f90 0x0000000080032020
core   0: 0x000000008000f50c (0xf5043783) ld      a5, -176(s0)
core   0: 3 0x000000008000f50c (0xf5043783) x15 0x0000000080032020 mem 0x0000000080031f90
core   0: 0x000000008000f510 (0xf8078793) addi    a5, a5, -128
core   0: 3 0x000000008000f510 (0xf8078793) x15 0x0000000080031fa0
core   0: 0x000000008000f514 (0x03f78793) addi    a5, a5, 63
core   0: 3 0x000000008000f514 (0x03f78793) x15 0x0000000080031fdf
core   0: 0x000000008000f518 (0x00008399) c.srli  a5, 6
core   0: 3 0x000000008000f518 (0x8399) x15 0x0000000002000c7f
core   0: 0x000000008000f51a (0x00679493) slli    s1, a5, 6
core   0: 3 0x000000008000f51a (0x00679493) x9  0x0000000080031fc0
core   0: 0x000000008000f51e (0xf65ff0ef) jal     pc - 0x9c
core   0: 3 0x000000008000f51e (0xf65ff0ef) x1  0x000000008000f522
core   0: >>>>  init_tls
core   0: 0x000000008000f482 (0x00001101) c.addi  sp, -32
core   0: 3 0x000000008000f482 (0x1101) x2  0x0000000080031f70
core   0: 0x000000008000f484 (0x0000ec06) c.sdsp  ra, 24(sp)
core   0: 3 0x000000008000f484 (0xec06) mem 0x0000000080031f88 0x000000008000f522
core   0: 0x000000008000f486 (0x0000e822) c.sdsp  s0, 16(sp)
core   0: 3 0x000000008000f486 (0xe822) mem 0x0000000080031f80 0x0000000080032040
core   0: 0x000000008000f488 (0x00001000) c.addi4spn s0, sp, 32
core   0: 3 0x000000008000f488 (0x1000) x8  0x0000000080031f90
core   0: 0x000000008000f48a (0x00003717) auipc   a4, 0x3
core   0: 3 0x000000008000f48a (0x00003717) x14 0x000000008001248a
core   0: 0x000000008000f48e (0xb9e70713) addi    a4, a4, -1122
core   0: 3 0x000000008000f48e (0xb9e70713) x14 0x0000000080012028
core   0: 0x000000008000f492 (0x00003797) auipc   a5, 0x3
core   0: 3 0x000000008000f492 (0x00003797) x15 0x0000000080012492
core   0: 0x000000008000f496 (0xb9678793) addi    a5, a5, -1130
core   0: 3 0x000000008000f496 (0xb9678793) x15 0x0000000080012028
core   0: 0x000000008000f49a (0x40f707b3) sub     a5, a4, a5
core   0: 3 0x000000008000f49a (0x40f707b3) x15 0x0000000000000000
core   0: 0x000000008000f49e (0xfef43423) sd      a5, -24(s0)
core   0: 3 0x000000008000f49e (0xfef43423) mem 0x0000000080031f78 0x0000000000000000
core   0: 0x000000008000f4a2 (0x00008792) c.mv    a5, tp
core   0: 3 0x000000008000f4a2 (0x8792) x15 0x0000000080012040
core   0: 0x000000008000f4a4 (0xfe843603) ld      a2, -24(s0)
core   0: 3 0x000000008000f4a4 (0xfe843603) x12 0x0000000000000000 mem 0x0000000080031f78
core   0: 0x000000008000f4a8 (0x00003597) auipc   a1, 0x3
core   0: 3 0x000000008000f4a8 (0x00003597) x11 0x00000000800124a8
core   0: 0x000000008000f4ac (0xb8058593) addi    a1, a1, -1152
core   0: 3 0x000000008000f4ac (0xb8058593) x11 0x0000000080012028
core   0: 0x000000008000f4b0 (0x0000853e) c.mv    a0, a5
core   0: 3 0x000000008000f4b0 (0x853e) x10 0x0000000080012040
core   0: 0x000000008000f4b2 (0x0f9000ef) jal     pc + 0x8f8
core   0: 3 0x000000008000f4b2 (0x0f9000ef) x1  0x000000008000f4b6
core   0: >>>>  memcpy
core   0: 0x000000008000fdaa (0x0000715d) c.addi16sp sp, -80
core   0: 3 0x000000008000fdaa (0x715d) x2  0x0000000080031f20
core   0: 0x000000008000fdac (0x0000e4a2) c.sdsp  s0, 72(sp)
core   0: 3 0x000000008000fdac (0xe4a2) mem 0x0000000080031f68 0x0000000080031f90
core   0: 0x000000008000fdae (0x00000880) c.addi4spn s0, sp, 80
core   0: 3 0x000000008000fdae (0x0880) x8  0x0000000080031f70
core   0: 0x000000008000fdb0 (0xfca43423) sd      a0, -56(s0)
core   0: 3 0x000000008000fdb0 (0xfca43423) mem 0x0000000080031f38 0x0000000080012040
core   0: 0x000000008000fdb4 (0xfcb43023) sd      a1, -64(s0)
core   0: 3 0x000000008000fdb4 (0xfcb43023) mem 0x0000000080031f30 0x0000000080012028
core   0: 0x000000008000fdb8 (0xfac43c23) sd      a2, -72(s0)
core   0: 3 0x000000008000fdb8 (0xfac43c23) mem 0x0000000080031f28 0x0000000000000000
core   0: 0x000000008000fdbc (0xfc843703) ld      a4, -56(s0)
core   0: 3 0x000000008000fdbc (0xfc843703) x14 0x0000000080012040 mem 0x0000000080031f38
core   0: 0x000000008000fdc0 (0xfc043783) ld      a5, -64(s0)
core   0: 3 0x000000008000fdc0 (0xfc043783) x15 0x0000000080012028 mem 0x0000000080031f30
core   0: 0x000000008000fdc4 (0x00008f5d) c.or    a4, a5
core   0: 3 0x000000008000fdc4 (0x8f5d) x14 0x0000000080012068
core   0: 0x000000008000fdc6 (0xfb843783) ld      a5, -72(s0)
core   0: 3 0x000000008000fdc6 (0xfb843783) x15 0x0000000000000000 mem 0x0000000080031f28
core   0: 0x000000008000fdca (0x00008fd9) c.or    a5, a4
core   0: 3 0x000000008000fdca (0x8fd9) x15 0x0000000080012068
core   0: 0x000000008000fdcc (0x00008b9d) c.andi  a5, 7
core   0: 3 0x000000008000fdcc (0x8b9d) x15 0x0000000000000000
core   0: 0x000000008000fdce (0x0000e3b1) c.bnez  a5, pc + 68
core   0: 3 0x000000008000fdce (0xe3b1)
core   0: 0x000000008000fdd0 (0xfc043783) ld      a5, -64(s0)
core   0: 3 0x000000008000fdd0 (0xfc043783) x15 0x0000000080012028 mem 0x0000000080031f30
core   0: 0x000000008000fdd4 (0xfef43423) sd      a5, -24(s0)
core   0: 3 0x000000008000fdd4 (0xfef43423) mem 0x0000000080031f58 0x0000000080012028
core   0: 0x000000008000fdd8 (0xfc843783) ld      a5, -56(s0)
core   0: 3 0x000000008000fdd8 (0xfc843783) x15 0x0000000080012040 mem 0x0000000080031f38
core   0: 0x000000008000fddc (0xfef43023) sd      a5, -32(s0)
core   0: 3 0x000000008000fddc (0xfef43023) mem 0x0000000080031f50 0x0000000080012040
core   0: 0x000000008000fde0 (0x0000a839) c.j     pc + 30
core   0: 3 0x000000008000fde0 (0xa839)
core   0: 0x000000008000fdfe (0xfc843703) ld      a4, -56(s0)
core   0: 3 0x000000008000fdfe (0xfc843703) x14 0x0000000080012040 mem 0x0000000080031f38
core   0: 0x000000008000fe02 (0xfb843783) ld      a5, -72(s0)
core   0: 3 0x000000008000fe02 (0xfb843783) x15 0x0000000000000000 mem 0x0000000080031f28
core   0: 0x000000008000fe06 (0x000097ba) c.add   a5, a4
core   0: 3 0x000000008000fe06 (0x97ba) x15 0x0000000080012040
core   0: 0x000000008000fe08 (0xfe043703) ld      a4, -32(s0)
core   0: 3 0x000000008000fe08 (0xfe043703) x14 0x0000000080012040 mem 0x0000000080031f50
core   0: 0x000000008000fe0c (0xfcf76be3) bltu    a4, a5, pc - 42
core   0: 3 0x000000008000fe0c (0xfcf76be3)
core   0: 0x000000008000fe10 (0x0000a099) c.j     pc + 70
core   0: 3 0x000000008000fe10 (0xa099)
core   0: 0x000000008000fe56 (0xfc843783) ld      a5, -56(s0)
core   0: 3 0x000000008000fe56 (0xfc843783) x15 0x0000000080012040 mem 0x0000000080031f38
core   0: 0x000000008000fe5a (0x0000853e) c.mv    a0, a5
core   0: 3 0x000000008000fe5a (0x853e) x10 0x0000000080012040
core   0: 0x000000008000fe5c (0x00006426) c.ldsp  s0, 72(sp)
core   0: 3 0x000000008000fe5c (0x6426) x8  0x0000000080031f90 mem 0x0000000080031f68
core   0: 0x000000008000fe5e (0x00006161) c.addi16sp sp, 80
core   0: 3 0x000000008000fe5e (0x6161) x2  0x0000000080031f70
core   0: 0x000000008000fe60 (0x00008082) ret
core   0: 3 0x000000008000fe60 (0x8082)
core   0: 0x000000008000f4b6 (0x00003717) auipc   a4, 0x3
core   0: 3 0x000000008000f4b6 (0x00003717) x14 0x00000000800124b6
core   0: 0x000000008000f4ba (0xc0e70713) addi    a4, a4, -1010
core   0: 3 0x000000008000f4ba (0xc0e70713) x14 0x00000000800120c4
core   0: 0x000000008000f4be (0x00003797) auipc   a5, 0x3
core   0: 3 0x000000008000f4be (0x00003797) x15 0x00000000800124be
core   0: 0x000000008000f4c2 (0xb6a78793) addi    a5, a5, -1174
core   0: 3 0x000000008000f4c2 (0xb6a78793) x15 0x0000000080012028
core   0: 0x000000008000f4c6 (0x40f707b3) sub     a5, a4, a5
core   0: 3 0x000000008000f4c6 (0x40f707b3) x15 0x000000000000009c
core   0: 0x000000008000f4ca (0xfef43023) sd      a5, -32(s0)
core   0: 3 0x000000008000f4ca (0xfef43023) mem 0x0000000080031f70 0x000000000000009c
core   0: 0x000000008000f4ce (0x00008712) c.mv    a4, tp
core   0: 3 0x000000008000f4ce (0x8712) x14 0x0000000080012040
core   0: 0x000000008000f4d0 (0xfe843783) ld      a5, -24(s0)
core   0: 3 0x000000008000f4d0 (0xfe843783) x15 0x0000000000000000 mem 0x0000000080031f78
core   0: 0x000000008000f4d4 (0x000097ba) c.add   a5, a4
core   0: 3 0x000000008000f4d4 (0x97ba) x15 0x0000000080012040
core   0: 0x000000008000f4d6 (0xfe043603) ld      a2, -32(s0)
core   0: 3 0x000000008000f4d6 (0xfe043603) x12 0x000000000000009c mem 0x0000000080031f70
core   0: 0x000000008000f4da (0x00004581) c.li    a1, 0
core   0: 3 0x000000008000f4da (0x4581) x11 0x0000000000000000
core   0: 0x000000008000f4dc (0x0000853e) c.mv    a0, a5
core   0: 3 0x000000008000f4dc (0x853e) x10 0x0000000080012040
core   0: 0x000000008000f4de (0x185000ef) jal     pc + 0x984
core   0: 3 0x000000008000f4de (0x185000ef) x1  0x000000008000f4e2
core   0: >>>>  memset
core   0: 0x000000008000fe62 (0x0000715d) c.addi16sp sp, -80
core   0: 3 0x000000008000fe62 (0x715d) x2  0x0000000080031f20
core   0: 0x000000008000fe64 (0x0000e4a2) c.sdsp  s0, 72(sp)
core   0: 3 0x000000008000fe64 (0xe4a2) mem 0x0000000080031f68 0x0000000080031f90
core   0: 0x000000008000fe66 (0x00000880) c.addi4spn s0, sp, 80
core   0: 3 0x000000008000fe66 (0x0880) x8  0x0000000080031f70
core   0: 0x000000008000fe68 (0xfca43423) sd      a0, -56(s0)
core   0: 3 0x000000008000fe68 (0xfca43423) mem 0x0000000080031f38 0x0000000080012040
core   0: 0x000000008000fe6c (0x000087ae) c.mv    a5, a1
core   0: 3 0x000000008000fe6c (0x87ae) x15 0x0000000000000000
core   0: 0x000000008000fe6e (0xfac43c23) sd      a2, -72(s0)
core   0: 3 0x000000008000fe6e (0xfac43c23) mem 0x0000000080031f28 0x000000000000009c
core   0: 0x000000008000fe72 (0xfcf42223) sw      a5, -60(s0)
core   0: 3 0x000000008000fe72 (0xfcf42223) mem 0x0000000080031f34 0x00000000
core   0: 0x000000008000fe76 (0xfc843703) ld      a4, -56(s0)
core   0: 3 0x000000008000fe76 (0xfc843703) x14 0x0000000080012040 mem 0x0000000080031f38
core   0: 0x000000008000fe7a (0xfb843783) ld      a5, -72(s0)
core   0: 3 0x000000008000fe7a (0xfb843783) x15 0x000000000000009c mem 0x0000000080031f28
core   0: 0x000000008000fe7e (0x00008fd9) c.or    a5, a4
core   0: 3 0x000000008000fe7e (0x8fd9) x15 0x00000000800120dc
core   0: 0x000000008000fe80 (0x00008b9d) c.andi  a5, 7
core   0: 3 0x000000008000fe80 (0x8b9d) x15 0x0000000000000004
core   0: 0x000000008000fe82 (0x0000e7bd) c.bnez  a5, pc + 110
core   0: 3 0x000000008000fe82 (0xe7bd)
core   0: 0x000000008000fef0 (0xfc843783) ld      a5, -56(s0)
core   0: 3 0x000000008000fef0 (0xfc843783) x15 0x0000000080012040 mem 0x0000000080031f38
core   0: 0x000000008000fef4 (0xfef43023) sd      a5, -32(s0)
core   0: 3 0x000000008000fef4 (0xfef43023) mem 0x0000000080031f50 0x0000000080012040
core   0: 0x000000008000fef8 (0x0000a829) c.j     pc + 26
core   0: 3 0x000000008000fef8 (0xa829)
core   0: 0x000000008000ff12 (0xfc843703) ld      a4, -56(s0)
core   0: 3 0x000000008000ff12 (0xfc843703) x14 0x0000000080012040 mem 0x0000000080031f38
core   0: 0x000000008000ff16 (0xfb843783) ld      a5, -72(s0)
core   0: 3 0x000000008000ff16 (0xfb843783) x15 0x000000000000009c mem 0x0000000080031f28
core   0: 0x000000008000ff1a (0x000097ba) c.add   a5, a4
core   0: 3 0x000000008000ff1a (0x97ba) x15 0x00000000800120dc
core   0: 0x000000008000ff1c (0xfe043703) ld      a4, -32(s0)
core   0: 3 0x000000008000ff1c (0xfe043703) x14 0x0000000080012040 mem 0x0000000080031f50
core   0: 0x000000008000ff20 (0xfcf76de3) bltu    a4, a5, pc - 38
core   0: 3 0x000000008000ff20 (0xfcf76de3)
core   0: 0x000000008000fefa (0xfe043783) ld      a5, -32(s0)
core   0: 3 0x000000008000fefa (0xfe043783) x15 0x0000000080012040 mem 0x0000000080031f50
core   0: 0x000000008000fefe (0x00178713) addi    a4, a5, 1
core   0: 3 0x000000008000fefe (0x00178713) x14 0x0000000080012041
core   0: 0x000000008000ff02 (0xfee43023) sd      a4, -32(s0)
core   0: 3 0x000000008000ff02 (0xfee43023) mem 0x0000000080031f50 0x0000000080012041
core   0: 0x000000008000ff06 (0xfc442703) lw      a4, -60(s0)
core   0: 3 0x000000008000ff06 (0xfc442703) x14 0x0000000000000000 mem 0x0000000080031f34
core   0: 0x000000008000ff0a (0x0ff77713) andi    a4, a4, 255
core   0: 3 0x000000008000ff0a (0x0ff77713) x14 0x0000000000000000
core   0: 0x000000008000ff0e (0x00e78023) sb      a4, 0(a5)
core   0: 3 0x000000008000ff0e (0x00e78023) mem 0x0000000080012040 0x00
core   0: 0x000000008000ff12 (0xfc843703) ld      a4, -56(s0)
core   0: 3 0x000000008000ff12 (0xfc843703) x14 0x0000000080012040 mem 0x0000000080031f38
core   0: 0x000000008000ff16 (0xfb843783) ld      a5, -72(s0)
core   0: 3 0x000000008000ff16 (0xfb843783) x15 0x000000000000009c mem 0x0000000080031f28
core   0: 0x000000008000ff1a (0x000097ba) c.add   a5, a4
core   0: 3 0x000000008000ff1a (0x97ba) x15 0x00000000800120dc
core   0: 0x000000008000ff1c (0xfe043703) ld      a4, -32(s0)
core   0: 3 0x000000008000ff1c (0xfe043703) x14 0x0000000080012041 mem 0x0000000080031f50
core   0: 0x000000008000ff20 (0xfcf76de3) bltu    a4, a5, pc - 38
core   0: 3 0x000000008000ff20 (0xfcf76de3)
core   0: 0x000000008000fefa (0xfe043783) ld      a5, -32(s0)
core   0: 3 0x000000008000fefa (0xfe043783) x15 0x0000000080012041 mem 0x0000000080031f50
core   0: 0x000000008000fefe (0x00178713) addi    a4, a5, 1
core   0: 3 0x000000008000fefe (0x00178713) x14 0x0000000080012042
core   0: 0x000000008000ff02 (0xfee43023) sd      a4, -32(s0)
core   0: 3 0x000000008000ff02 (0xfee43023) mem 0x0000000080031f50 0x0000000080012042
core   0: 0x000000008000ff06 (0xfc442703) lw      a4, -60(s0)
core   0: 3 0x000000008000ff06 (0xfc442703) x14 0x0000000000000000 mem 0x0000000080031f34
core   0: 0x000000008000ff0a (0x0ff77713) andi    a4, a4, 255
core   0: 3 0x000000008000ff0a (0x0ff77713) x14 0x0000000000000000
core   0: 0x000000008000ff0e (0x00e78023) sb      a4, 0(a5)
core   0: 3 0x000000008000ff0e (0x00e78023) mem 0x0000000080012041 0x00
core   0: 0x000000008000ff12 (0xfc843703) ld      a4, -56(s0)
core   0: 3 0x000000008000ff12 (0xfc843703) x14 0x0000000080012040 mem 0x0000000080031f38
core   0: 0x000000008000ff16 (0xfb843783) ld      a5, -72(s0)
core   0: 3 0x000000008000ff16 (0xfb843783) x15 0x000000000000009c mem 0x0000000080031f28
core   0: 0x000000008000ff1a (0x000097ba) c.add   a5, a4
core   0: 3 0x000000008000ff1a (0x97ba) x15 0x00000000800120dc
core   0: 0x000000008000ff1c (0xfe043703) ld      a4, -32(s0)
core   0: 3 0x000000008000ff1c (0xfe043703) x14 0x0000000080012042 mem 0x0000000080031f50
core   0: 0x000000008000ff20 (0xfcf76de3) bltu    a4, a5, pc - 38
core   0: 3 0x000000008000ff20 (0xfcf76de3)
core   0: 0x000000008000fefa (0xfe043783) ld      a5, -32(s0)
core   0: 3 0x000000008000fefa (0xfe043783) x15 0x0000000080012042 mem 0x0000000080031f50
core   0: 0x000000008000fefe (0x00178713) addi    a4, a5, 1
core   0: 3 0x000000008000fefe (0x00178713) x14 0x0000000080012043
core   0: 0x000000008000ff02 (0xfee43023) sd      a4, -32(s0)
core   0: 3 0x000000008000ff02 (0xfee43023) mem 0x0000000080031f50 0x0000000080012043
core   0: 0x000000008000ff06 (0xfc442703) lw      a4, -60(s0)
core   0: 3 0x000000008000ff06 (0xfc442703) x14 0x0000000000000000 mem 0x0000000080031f34
core   0: 0x000000008000ff0a (0x0ff77713) andi    a4, a4, 255
core   0: 3 0x000000008000ff0a (0x0ff77713) x14 0x0000000000000000
core   0: 0x000000008000ff0e (0x00e78023) sb      a4, 0(a5)
core   0: 3 0x000000008000ff0e (0x00e78023) mem 0x0000000080012042 0x00
core   0: 0x000000008000ff12 (0xfc843703) ld      a4, -56(s0)
core   0: 3 0x000000008000ff12 (0xfc843703) x14 0x0000000080012040 mem 0x0000000080031f38
core   0: 0x000000008000ff16 (0xfb843783) ld      a5, -72(s0)
core   0: 3 0x000000008000ff16 (0xfb843783) x15 0x000000000000009c mem 0x0000000080031f28
core   0: 0x000000008000ff1a (0x000097ba) c.add   a5, a4
core   0: 3 0x000000008000ff1a (0x97ba) x15 0x00000000800120dc
core   0: 0x000000008000ff1c (0xfe043703) ld      a4, -32(s0)
core   0: 3 0x000000008000ff1c (0xfe043703) x14 0x0000000080012043 mem 0x0000000080031f50
core   0: 0x000000008000ff20 (0xfcf76de3) bltu    a4, a5, pc - 38
core   0: 3 0x000000008000ff20 (0xfcf76de3)
core   0: 0x000000008000fefa (0xfe043783) ld      a5, -32(s0)
core   0: 3 0x000000008000fefa (0xfe043783) x15 0x0000000080012043 mem 0x0000000080031f50
core   0: 0x000000008000fefe (0x00178713) addi    a4, a5, 1
core   0: 3 0x000000008000fefe (0x00178713) x14 0x0000000080012044
core   0: 0x000000008000ff02 (0xfee43023) sd      a4, -32(s0)
core   0: 3 0x000000008000ff02 (0xfee43023) mem 0x0000000080031f50 0x0000000080012044
core   0: 0x000000008000ff06 (0xfc442703) lw      a4, -60(s0)
core   0: 3 0x000000008000ff06 (0xfc442703) x14 0x0000000000000000 mem 0x0000000080031f34
core   0: 0x000000008000ff0a (0x0ff77713) andi    a4, a4, 255
core   0: 3 0x000000008000ff0a (0x0ff77713) x14 0x0000000000000000
core   0: 0x000000008000ff0e (0x00e78023) sb      a4, 0(a5)
core   0: 3 0x000000008000ff0e (0x00e78023) mem 0x0000000080012043 0x00
core   0: 0x000000008000ff12 (0xfc843703) ld      a4, -56(s0)
core   0: 3 0x000000008000ff12 (0xfc843703) x14 0x0000000080012040 mem 0x0000000080031f38
core   0: 0x000000008000ff16 (0xfb843783) ld      a5, -72(s0)
core   0: 3 0x000000008000ff16 (0xfb843783) x15 0x000000000000009c mem 0x0000000080031f28
core   0: 0x000000008000ff1a (0x000097ba) c.add   a5, a4
core   0: 3 0x000000008000ff1a (0x97ba) x15 0x00000000800120dc
core   0: 0x000000008000ff1c (0xfe043703) ld      a4, -32(s0)
core   0: 3 0x000000008000ff1c (0xfe043703) x14 0x0000000080012044 mem 0x0000000080031f50
core   0: 0x000000008000ff20 (0xfcf76de3) bltu    a4, a5, pc - 38
core   0: 3 0x000000008000ff20 (0xfcf76de3)
core   0: 0x000000008000fefa (0xfe043783) ld      a5, -32(s0)
core   0: 3 0x000000008000fefa (0xfe043783) x15 0x0000000080012044 mem 0x0000000080031f50
core   0: 0x000000008000fefe (0x00178713) addi    a4, a5, 1
core   0: 3 0x000000008000fefe (0x00178713) x14 0x0000000080012045
core   0: 0x000000008000ff02 (0xfee43023) sd      a4, -32(s0)
core   0: 3 0x000000008000ff02 (0xfee43023) mem 0x0000000080031f50 0x0000000080012045
core   0: 0x000000008000ff06 (0xfc442703) lw      a4, -60(s0)
core   0: 3 0x000000008000ff06 (0xfc442703) x14 0x0000000000000000 mem 0x0000000080031f34
core   0: 0x000000008000ff0a (0x0ff77713) andi    a4, a4, 255
core   0: 3 0x000000008000ff0a (0x0ff77713) x14 0x0000000000000000
core   0: 0x000000008000ff0e (0x00e78023) sb      a4, 0(a5)
core   0: 3 0x000000008000ff0e (0x00e78023) mem 0x0000000080012044 0x00
core   0: 0x000000008000ff12 (0xfc843703) ld      a4, -56(s0)
core   0: 3 0x000000008000ff12 (0xfc843703) x14 0x0000000080012040 mem 0x0000000080031f38
core   0: 0x000000008000ff16 (0xfb843783) ld      a5, -72(s0)
core   0: 3 0x000000008000ff16 (0xfb843783) x15 0x000000000000009c mem 0x0000000080031f28
core   0: 0x000000008000ff1a (0x000097ba) c.add   a5, a4
core   0: 3 0x000000008000ff1a (0x97ba) x15 0x00000000800120dc
core   0: 0x000000008000ff1c (0xfe043703) ld      a4, -32(s0)
core   0: 3 0x000000008000ff1c (0xfe043703) x14 0x0000000080012045 mem 0x0000000080031f50
core   0: 0x000000008000ff20 (0xfcf76de3) bltu    a4, a5, pc - 38
core   0: 3 0x000000008000ff20 (0xfcf76de3)
core   0: 0x000000008000fefa (0xfe043783) ld      a5, -32(s0)
core   0: 3 0x000000008000fefa (0xfe043783) x15 0x0000000080012045 mem 0x0000000080031f50
core   0: 0x000000008000fefe (0x00178713) addi    a4, a5, 1
core   0: 3 0x000000008000fefe (0x00178713) x14 0x0000000080012046
core   0: 0x000000008000ff02 (0xfee43023) sd      a4, -32(s0)
core   0: 3 0x000000008000ff02 (0xfee43023) mem 0x0000000080031f50 0x0000000080012046
core   0: 0x000000008000ff06 (0xfc442703) lw      a4, -60(s0)
core   0: 3 0x000000008000ff06 (0xfc442703) x14 0x0000000000000000 mem 0x0000000080031f34
core   0: 0x000000008000ff0a (0x0ff77713) andi    a4, a4, 255
core   0: 3 0x000000008000ff0a (0x0ff77713) x14 0x0000000000000000
core   0: 0x000000008000ff0e (0x00e78023) sb      a4, 0(a5)
core   0: 3 0x000000008000ff0e (0x00e78023) mem 0x0000000080012045 0x00
core   0: 0x000000008000ff12 (0xfc843703) ld      a4, -56(s0)
core   0: 3 0x000000008000ff12 (0xfc843703) x14 0x0000000080012040 mem 0x0000000080031f38
core   0: 0x000000008000ff16 (0xfb843783) ld      a5, -72(s0)
core   0: 3 0x000000008000ff16 (0xfb843783) x15 0x000000000000009c mem 0x0000000080031f28
core   0: 0x000000008000ff1a (0x000097ba) c.add   a5, a4
core   0: 3 0x000000008000ff1a (0x97ba) x15 0x00000000800120dc
core   0: 0x000000008000ff1c (0xfe043703) ld      a4, -32(s0)
core   0: 3 0x000000008000ff1c (0xfe043703) x14 0x0000000080012046 mem 0x0000000080031f50
core   0: 0x000000008000ff20 (0xfcf76de3) bltu    a4, a5, pc - 38
core   0: 3 0x000000008000ff20 (0xfcf76de3)
core   0: 0x000000008000fefa (0xfe043783) ld      a5, -32(s0)
core   0: 3 0x000000008000fefa (0xfe043783) x15 0x0000000080012046 mem 0x0000000080031f50
core   0: 0x000000008000fefe (0x00178713) addi    a4, a5, 1
core   0: 3 0x000000008000fefe (0x00178713) x14 0x0000000080012047
core   0: 0x000000008000ff02 (0xfee43023) sd      a4, -32(s0)
core   0: 3 0x000000008000ff02 (0xfee43023) mem 0x0000000080031f50 0x0000000080012047
core   0: 0x000000008000ff06 (0xfc442703) lw      a4, -60(s0)
core   0: 3 0x000000008000ff06 (0xfc442703) x14 0x0000000000000000 mem 0x0000000080031f34
core   0: 0x000000008000ff0a (0x0ff77713) andi    a4, a4, 255
core   0: 3 0x000000008000ff0a (0x0ff77713) x14 0x0000000000000000
core   0: 0x000000008000ff0e (0x00e78023) sb      a4, 0(a5)
core   0: 3 0x000000008000ff0e (0x00e78023) mem 0x0000000080012046 0x00
core   0: 0x000000008000ff12 (0xfc843703) ld      a4, -56(s0)
core   0: 3 0x000000008000ff12 (0xfc843703) x14 0x0000000080012040 mem 0x0000000080031f38
core   0: 0x000000008000ff16 (0xfb843783) ld      a5, -72(s0)
core   0: 3 0x000000008000ff16 (0xfb843783) x15 0x000000000000009c mem 0x0000000080031f28
core   0: 0x000000008000ff1a (0x000097ba) c.add   a5, a4
core   0: 3 0x000000008000ff1a (0x97ba) x15 0x00000000800120dc
core   0: 0x000000008000ff1c (0xfe043703) ld      a4, -32(s0)
core   0: 3 0x000000008000ff1c (0xfe043703) x14 0x0000000080012047 mem 0x0000000080031f50
core   0: 0x000000008000ff20 (0xfcf76de3) bltu    a4, a5, pc - 38
core   0: 3 0x000000008000ff20 (0xfcf76de3)
core   0: 0x000000008000fefa (0xfe043783) ld      a5, -32(s0)
core   0: 3 0x000000008000fefa (0xfe043783) x15 0x0000000080012047 mem 0x0000000080031f50
core   0: 0x000000008000fefe (0x00178713) addi    a4, a5, 1
core   0: 3 0x000000008000fefe (0x00178713) x14 0x0000000080012048
core   0: 0x000000008000ff02 (0xfee43023) sd      a4, -32(s0)
core   0: 3 0x000000008000ff02 (0xfee43023) mem 0x0000000080031f50 0x0000000080012048
core   0: 0x000000008000ff06 (0xfc442703) lw      a4, -60(s0)
core   0: 3 0x000000008000ff06 (0xfc442703) x14 0x0000000000000000 mem 0x0000000080031f34
core   0: 0x000000008000ff0a (0x0ff77713) andi    a4, a4, 255
core   0: 3 0x000000008000ff0a (0x0ff77713) x14 0x0000000000000000
core   0: 0x000000008000ff0e (0x00e78023) sb      a4, 0(a5)
core   0: 3 0x000000008000ff0e (0x00e78023) mem 0x0000000080012047 0x00
core   0: 0x000000008000ff12 (0xfc843703) ld      a4, -56(s0)
core   0: 3 0x000000008000ff12 (0xfc843703) x14 0x0000000080012040 mem 0x0000000080031f38
core   0: 0x000000008000ff16 (0xfb843783) ld      a5, -72(s0)
core   0: 3 0x000000008000ff16 (0xfb843783) x15 0x000000000000009c mem 0x0000000080031f28
core   0: 0x000000008000ff1a (0x000097ba) c.add   a5, a4
core   0: 3 0x000000008000ff1a (0x97ba) x15 0x00000000800120dc
core   0: 0x000000008000ff1c (0xfe043703) ld      a4, -32(s0)
core   0: 3 0x000000008000ff1c (0xfe043703) x14 0x0000000080012048 mem 0x0000000080031f50
core   0: 0x000000008000ff20 (0xfcf76de3) bltu    a4, a5, pc - 38
core   0: 3 0x000000008000ff20 (0xfcf76de3)
core   0: 0x000000008000fefa (0xfe043783) ld      a5, -32(s0)
core   0: 3 0x000000008000fefa (0xfe043783) x15 0x0000000080012048 mem 0x0000000080031f50
core   0: 0x000000008000fefe (0x00178713) addi    a4, a5, 1
core   0: 3 0x000000008000fefe (0x00178713) x14 0x0000000080012049
core   0: 0x000000008000ff02 (0xfee43023) sd      a4, -32(s0)
core   0: 3 0x000000008000ff02 (0xfee43023) mem 0x0000000080031f50 0x0000000080012049
core   0: 0x000000008000ff06 (0xfc442703) lw      a4, -60(s0)
core   0: 3 0x000000008000ff06 (0xfc442703) x14 0x0000000000000000 mem 0x0000000080031f34
core   0: 0x000000008000ff0a (0x0ff77713) andi    a4, a4, 255
core   0: 3 0x000000008000ff0a (0x0ff77713) x14 0x0000000000000000
core   0: 0x000000008000ff0e (0x00e78023) sb      a4, 0(a5)
core   0: 3 0x000000008000ff0e (0x00e78023) mem 0x0000000080012048 0x00
core   0: 0x000000008000ff12 (0xfc843703) ld      a4, -56(s0)
core   0: 3 0x000000008000ff12 (0xfc843703) x14 0x0000000080012040 mem 0x0000000080031f38
core   0: 0x000000008000ff16 (0xfb843783) ld      a5, -72(s0)
core   0: 3 0x000000008000ff16 (0xfb843783) x15 0x000000000000009c mem 0x0000000080031f28
core   0: 0x000000008000ff1a (0x000097ba) c.add   a5, a4
core   0: 3 0x000000008000ff1a (0x97ba) x15 0x00000000800120dc
core   0: 0x000000008000ff1c (0xfe043703) ld      a4, -32(s0)
core   0: 3 0x000000008000ff1c (0xfe043703) x14 0x0000000080012049 mem 0x0000000080031f50
core   0: 0x000000008000ff20 (0xfcf76de3) bltu    a4, a5, pc - 38
core   0: 3 0x000000008000ff20 (0xfcf76de3)
core   0: 0x000000008000fefa (0xfe043783) ld      a5, -32(s0)
core   0: 3 0x000000008000fefa (0xfe043783) x15 0x0000000080012049 mem 0x0000000080031f50
core   0: 0x000000008000fefe (0x00178713) addi    a4, a5, 1
core   0: 3 0x000000008000fefe (0x00178713) x14 0x000000008001204a
core   0: 0x000000008000ff02 (0xfee43023) sd      a4, -32(s0)
core   0: 3 0x000000008000ff02 (0xfee43023) mem 0x0000000080031f50 0x000000008001204a
core   0: 0x000000008000ff06 (0xfc442703) lw      a4, -60(s0)
core   0: 3 0x000000008000ff06 (0xfc442703) x14 0x0000000000000000 mem 0x0000000080031f34
core   0: 0x000000008000ff0a (0x0ff77713) andi    a4, a4, 255
core   0: 3 0x000000008000ff0a (0x0ff77713) x14 0x0000000000000000
core   0: 0x000000008000ff0e (0x00e78023) sb      a4, 0(a5)
core   0: 3 0x000000008000ff0e (0x00e78023) mem 0x0000000080012049 0x00
core   0: 0x000000008000ff12 (0xfc843703) ld      a4, -56(s0)
core   0: 3 0x000000008000ff12 (0xfc843703) x14 0x0000000080012040 mem 0x0000000080031f38
core   0: 0x000000008000ff16 (0xfb843783) ld      a5, -72(s0)
core   0: 3 0x000000008000ff16 (0xfb843783) x15 0x000000000000009c mem 0x0000000080031f28
core   0: 0x000000008000ff1a (0x000097ba) c.add   a5, a4
core   0: 3 0x000000008000ff1a (0x97ba) x15 0x00000000800120dc
core   0: 0x000000008000ff1c (0xfe043703) ld      a4, -32(s0)
core   0: 3 0x000000008000ff1c (0xfe043703) x14 0x000000008001204a mem 0x0000000080031f50
core   0: 0x000000008000ff20 (0xfcf76de3) bltu    a4, a5, pc - 38
core   0: 3 0x000000008000ff20 (0xfcf76de3)
core   0: 0x000000008000fefa (0xfe043783) ld      a5, -32(s0)
core   0: 3 0x000000008000fefa (0xfe043783) x15 0x000000008001204a mem 0x0000000080031f50
core   0: 0x000000008000fefe (0x00178713) addi    a4, a5, 1
core   0: 3 0x000000008000fefe (0x00178713) x14 0x000000008001204b
core   0: 0x000000008000ff02 (0xfee43023) sd      a4, -32(s0)
core   0: 3 0x000000008000ff02 (0xfee43023) mem 0x0000000080031f50 0x000000008001204b
core   0: 0x000000008000ff06 (0xfc442703) lw      a4, -60(s0)
core   0: 3 0x000000008000ff06 (0xfc442703) x14 0x0000000000000000 mem 0x0000000080031f34
core   0: 0x000000008000ff0a (0x0ff77713) andi    a4, a4, 255
core   0: 3 0x000000008000ff0a (0x0ff77713) x14 0x0000000000000000
core   0: 0x000000008000ff0e (0x00e78023) sb      a4, 0(a5)
core   0: 3 0x000000008000ff0e (0x00e78023) mem 0x000000008001204a 0x00
core   0: 0x000000008000ff12 (0xfc843703) ld      a4, -56(s0)
core   0: 3 0x000000008000ff12 (0xfc843703) x14 0x0000000080012040 mem 0x0000000080031f38
core   0: 0x000000008000ff16 (0xfb843783) ld      a5, -72(s0)
core   0: 3 0x000000008000ff16 (0xfb843783) x15 0x000000000000009c mem 0x0000000080031f28
core   0: 0x000000008000ff1a (0x000097ba) c.add   a5, a4
core   0: 3 0x000000008000ff1a (0x97ba) x15 0x00000000800120dc
core   0: 0x000000008000ff1c (0xfe043703) ld      a4, -32(s0)
core   0: 3 0x000000008000ff1c (0xfe043703) x14 0x000000008001204b mem 0x0000000080031f50
core   0: 0x000000008000ff20 (0xfcf76de3) bltu    a4, a5, pc - 38
core   0: 3 0x000000008000ff20 (0xfcf76de3)
core   0: 0x000000008000fefa (0xfe043783) ld      a5, -32(s0)
core   0: 3 0x000000008000fefa (0xfe043783) x15 0x000000008001204b mem 0x0000000080031f50
core   0: 0x000000008000fefe (0x00178713) addi    a4, a5, 1
core   0: 3 0x000000008000fefe (0x00178713) x14 0x000000008001204c
core   0: 0x000000008000ff02 (0xfee43023) sd      a4, -32(s0)
core   0: 3 0x000000008000ff02 (0xfee43023) mem 0x0000000080031f50 0x000000008001204c
core   0: 0x000000008000ff06 (0xfc442703) lw      a4, -60(s0)
core   0: 3 0x000000008000ff06 (0xfc442703) x14 0x0000000000000000 mem 0x0000000080031f34
core   0: 0x000000008000ff0a (0x0ff77713) andi    a4, a4, 255
core   0: 3 0x000000008000ff0a (0x0ff77713) x14 0x0000000000000000
core   0: 0x000000008000ff0e (0x00e78023) sb      a4, 0(a5)
core   0: 3 0x000000008000ff0e (0x00e78023) mem 0x000000008001204b 0x00
core   0: 0x000000008000ff12 (0xfc843703) ld      a4, -56(s0)
core   0: 3 0x000000008000ff12 (0xfc843703) x14 0x0000000080012040 mem 0x0000000080031f38
core   0: 0x000000008000ff16 (0xfb843783) ld      a5, -72(s0)
core   0: 3 0x000000008000ff16 (0xfb843783) x15 0x000000000000009c mem 0x0000000080031f28
core   0: 0x000000008000ff1a (0x000097ba) c.add   a5, a4
core   0: 3 0x000000008000ff1a (0x97ba) x15 0x00000000800120dc
core   0: 0x000000008000ff1c (0xfe043703) ld      a4, -32(s0)
core   0: 3 0x000000008000ff1c (0xfe043703) x14 0x000000008001204c mem 0x0000000080031f50
core   0: 0x000000008000ff20 (0xfcf76de3) bltu    a4, a5, pc - 38
core   0: 3 0x000000008000ff20 (0xfcf76de3)
core   0: 0x000000008000fefa (0xfe043783) ld      a5, -32(s0)
core   0: 3 0x000000008000fefa (0xfe043783) x15 0x000000008001204c mem 0x0000000080031f50
core   0: 0x000000008000fefe (0x00178713) addi    a4, a5, 1
core   0: 3 0x000000008000fefe (0x00178713) x14 0x000000008001204d
core   0: 0x000000008000ff02 (0xfee43023) sd      a4, -32(s0)
core   0: 3 0x000000008000ff02 (0xfee43023) mem 0x0000000080031f50 0x000000008001204d
core   0: 0x000000008000ff06 (0xfc442703) lw      a4, -60(s0)
core   0: 3 0x000000008000ff06 (0xfc442703) x14 0x0000000000000000 mem 0x0000000080031f34
core   0: 0x000000008000ff0a (0x0ff77713) andi    a4, a4, 255
core   0: 3 0x000000008000ff0a (0x0ff77713) x14 0x0000000000000000
core   0: 0x000000008000ff0e (0x00e78023) sb      a4, 0(a5)
core   0: 3 0x000000008000ff0e (0x00e78023) mem 0x000000008001204c 0x00
core   0: 0x000000008000ff12 (0xfc843703) ld      a4, -56(s0)
core   0: 3 0x000000008000ff12 (0xfc843703) x14 0x0000000080012040 mem 0x0000000080031f38
core   0: 0x000000008000ff16 (0xfb843783) ld      a5, -72(s0)
core   0: 3 0x000000008000ff16 (0xfb843783) x15 0x000000000000009c mem 0x0000000080031f28
core   0: 0x000000008000ff1a (0x000097ba) c.add   a5, a4
core   0: 3 0x000000008000ff1a (0x97ba) x15 0x00000000800120dc
core   0: 0x000000008000ff1c (0xfe043703) ld      a4, -32(s0)
core   0: 3 0x000000008000ff1c (0xfe043703) x14 0x000000008001204d mem 0x0000000080031f50
core   0: 0x000000008000ff20 (0xfcf76de3) bltu    a4, a5, pc - 38
core   0: 3 0x000000008000ff20 (0xfcf76de3)
core   0: 0x000000008000fefa (0xfe043783) ld      a5, -32(s0)
core   0: 3 0x000000008000fefa (0xfe043783) x15 0x000000008001204d mem 0x0000000080031f50
core   0: 0x000000008000fefe (0x00178713) addi    a4, a5, 1
core   0: 3 0x000000008000fefe (0x00178713) x14 0x000000008001204e
core   0: 0x000000008000ff02 (0xfee43023) sd      a4, -32(s0)
core   0: 3 0x000000008000ff02 (0xfee43023) mem 0x0000000080031f50 0x000000008001204e
core   0: 0x000000008000ff06 (0xfc442703) lw      a4, -60(s0)
core   0: 3 0x000000008000ff06 (0xfc442703) x14 0x0000000000000000 mem 0x0000000080031f34
core   0: 0x000000008000ff0a (0x0ff77713) andi    a4, a4, 255
core   0: 3 0x000000008000ff0a (0x0ff77713) x14 0x0000000000000000
core   0: 0x000000008000ff0e (0x00e78023) sb      a4, 0(a5)
core   0: 3 0x000000008000ff0e (0x00e78023) mem 0x000000008001204d 0x00
core   0: 0x000000008000ff12 (0xfc843703) ld      a4, -56(s0)
core   0: 3 0x000000008000ff12 (0xfc843703) x14 0x0000000080012040 mem 0x0000000080031f38
core   0: 0x000000008000ff16 (0xfb843783) ld      a5, -72(s0)
core   0: 3 0x000000008000ff16 (0xfb843783) x15 0x000000000000009c mem 0x0000000080031f28
core   0: 0x000000008000ff1a (0x000097ba) c.add   a5, a4
core   0: 3 0x000000008000ff1a (0x97ba) x15 0x00000000800120dc
core   0: 0x000000008000ff1c (0xfe043703) ld      a4, -32(s0)
core   0: 3 0x000000008000ff1c (0xfe043703) x14 0x000000008001204e mem 0x0000000080031f50
core   0: 0x000000008000ff20 (0xfcf76de3) bltu    a4, a5, pc - 38
core   0: 3 0x000000008000ff20 (0xfcf76de3)
core   0: 0x000000008000fefa (0xfe043783) ld      a5, -32(s0)
core   0: 3 0x000000008000fefa (0xfe043783) x15 0x000000008001204e mem 0x0000000080031f50
core   0: 0x000000008000fefe (0x00178713) addi    a4, a5, 1
core   0: 3 0x000000008000fefe (0x00178713) x14 0x000000008001204f
core   0: 0x000000008000ff02 (0xfee43023) sd      a4, -32(s0)
core   0: 3 0x000000008000ff02 (0xfee43023) mem 0x0000000080031f50 0x000000008001204f
core   0: 0x000000008000ff06 (0xfc442703) lw      a4, -60(s0)
core   0: 3 0x000000008000ff06 (0xfc442703) x14 0x0000000000000000 mem 0x0000000080031f34
core   0: 0x000000008000ff0a (0x0ff77713) andi    a4, a4, 255
core   0: 3 0x000000008000ff0a (0x0ff77713) x14 0x0000000000000000
core   0: 0x000000008000ff0e (0x00e78023) sb      a4, 0(a5)
core   0: 3 0x000000008000ff0e (0x00e78023) mem 0x000000008001204e 0x00
core   0: 0x000000008000ff12 (0xfc843703) ld      a4, -56(s0)
core   0: 3 0x000000008000ff12 (0xfc843703) x14 0x0000000080012040 mem 0x0000000080031f38
core   0: 0x000000008000ff16 (0xfb843783) ld      a5, -72(s0)
core   0: 3 0x000000008000ff16 (0xfb843783) x15 0x000000000000009c mem 0x0000000080031f28
core   0: 0x000000008000ff1a (0x000097ba) c.add   a5, a4
core   0: 3 0x000000008000ff1a (0x97ba) x15 0x00000000800120dc
core   0: 0x000000008000ff1c (0xfe043703) ld      a4, -32(s0)
core   0: 3 0x000000008000ff1c (0xfe043703) x14 0x000000008001204f mem 0x0000000080031f50
core   0: 0x000000008000ff20 (0xfcf76de3) bltu    a4, a5, pc - 38
core   0: 3 0x000000008000ff20 (0xfcf76de3)
core   0: 0x000000008000fefa (0xfe043783) ld      a5, -32(s0)
core   0: 3 0x000000008000fefa (0xfe043783) x15 0x000000008001204f mem 0x0000000080031f50
core   0: 0x000000008000fefe (0x00178713) addi    a4, a5, 1
core   0: 3 0x000000008000fefe (0x00178713) x14 0x0000000080012050
core   0: 0x000000008000ff02 (0xfee43023) sd      a4, -32(s0)
core   0: 3 0x000000008000ff02 (0xfee43023) mem 0x0000000080031f50 0x0000000080012050
core   0: 0x000000008000ff06 (0xfc442703) lw      a4, -60(s0)
core   0: 3 0x000000008000ff06 (0xfc442703) x14 0x0000000000000000 mem 0x0000000080031f34
core   0: 0x000000008000ff0a (0x0ff77713) andi    a4, a4, 255
core   0: 3 0x000000008000ff0a (0x0ff77713) x14 0x0000000000000000
core   0: 0x000000008000ff0e (0x00e78023) sb      a4, 0(a5)
core   0: 3 0x000000008000ff0e (0x00e78023) mem 0x000000008001204f 0x00
core   0: 0x000000008000ff12 (0xfc843703) ld      a4, -56(s0)
core   0: 3 0x000000008000ff12 (0xfc843703) x14 0x0000000080012040 mem 0x0000000080031f38
core   0: 0x000000008000ff16 (0xfb843783) ld      a5, -72(s0)
core   0: 3 0x000000008000ff16 (0xfb843783) x15 0x000000000000009c mem 0x0000000080031f28
core   0: 0x000000008000ff1a (0x000097ba) c.add   a5, a4
core   0: 3 0x000000008000ff1a (0x97ba) x15 0x00000000800120dc
core   0: 0x000000008000ff1c (0xfe043703) ld      a4, -32(s0)
core   0: 3 0x000000008000ff1c (0xfe043703) x14 0x0000000080012050 mem 0x0000000080031f50
core   0: 0x000000008000ff20 (0xfcf76de3) bltu    a4, a5, pc - 38
core   0: 3 0x000000008000ff20 (0xfcf76de3)
core   0: 0x000000008000fefa (0xfe043783) ld      a5, -32(s0)
core   0: 3 0x000000008000fefa (0xfe043783) x15 0x0000000080012050 mem 0x0000000080031f50
core   0: 0x000000008000fefe (0x00178713) addi    a4, a5, 1
core   0: 3 0x000000008000fefe (0x00178713) x14 0x0000000080012051
core   0: 0x000000008000ff02 (0xfee43023) sd      a4, -32(s0)
core   0: 3 0x000000008000ff02 (0xfee43023) mem 0x0000000080031f50 0x0000000080012051
core   0: 0x000000008000ff06 (0xfc442703) lw      a4, -60(s0)
core   0: 3 0x000000008000ff06 (0xfc442703) x14 0x0000000000000000 mem 0x0000000080031f34
core   0: 0x000000008000ff0a (0x0ff77713) andi    a4, a4, 255
core   0: 3 0x000000008000ff0a (0x0ff77713) x14 0x0000000000000000
core   0: 0x000000008000ff0e (0x00e78023) sb      a4, 0(a5)
core   0: 3 0x000000008000ff0e (0x00e78023) mem 0x0000000080012050 0x00
core   0: 0x000000008000ff12 (0xfc843703) ld      a4, -56(s0)
core   0: 3 0x000000008000ff12 (0xfc843703) x14 0x0000000080012040 mem 0x0000000080031f38
core   0: 0x000000008000ff16 (0xfb843783) ld      a5, -72(s0)
core   0: 3 0x000000008000ff16 (0xfb843783) x15 0x000000000000009c mem 0x0000000080031f28
core   0: 0x000000008000ff1a (0x000097ba) c.add   a5, a4
core   0: 3 0x000000008000ff1a (0x97ba) x15 0x00000000800120dc
core   0: 0x000000008000ff1c (0xfe043703) ld      a4, -32(s0)
core   0: 3 0x000000008000ff1c (0xfe043703) x14 0x0000000080012051 mem 0x0000000080031f50
core   0: 0x000000008000ff20 (0xfcf76de3) bltu    a4, a5, pc - 38
core   0: 3 0x000000008000ff20 (0xfcf76de3)
core   0: 0x000000008000fefa (0xfe043783) ld      a5, -32(s0)
core   0: 3 0x000000008000fefa (0xfe043783) x15 0x0000000080012051 mem 0x0000000080031f50
core   0: 0x000000008000fefe (0x00178713) addi    a4, a5, 1
core   0: 3 0x000000008000fefe (0x00178713) x14 0x0000000080012052
core   0: 0x000000008000ff02 (0xfee43023) sd      a4, -32(s0)
core   0: 3 0x000000008000ff02 (0xfee43023) mem 0x0000000080031f50 0x0000000080012052
core   0: 0x000000008000ff06 (0xfc442703) lw      a4, -60(s0)
core   0: 3 0x000000008000ff06 (0xfc442703) x14 0x0000000000000000 mem 0x0000000080031f34
core   0: 0x000000008000ff0a (0x0ff77713) andi    a4, a4, 255
core   0: 3 0x000000008000ff0a (0x0ff77713) x14 0x0000000000000000
core   0: 0x000000008000ff0e (0x00e78023) sb      a4, 0(a5)
core   0: 3 0x000000008000ff0e (0x00e78023) mem 0x0000000080012051 0x00
core   0: 0x000000008000ff12 (0xfc843703) ld      a4, -56(s0)
core   0: 3 0x000000008000ff12 (0xfc843703) x14 0x0000000080012040 mem 0x0000000080031f38
core   0: 0x000000008000ff16 (0xfb843783) ld      a5, -72(s0)
core   0: 3 0x000000008000ff16 (0xfb843783) x15 0x000000000000009c mem 0x0000000080031f28
core   0: 0x000000008000ff1a (0x000097ba) c.add   a5, a4
core   0: 3 0x000000008000ff1a (0x97ba) x15 0x00000000800120dc
core   0: 0x000000008000ff1c (0xfe043703) ld      a4, -32(s0)
core   0: 3 0x000000008000ff1c (0xfe043703) x14 0x0000000080012052 mem 0x0000000080031f50
core   0: 0x000000008000ff20 (0xfcf76de3) bltu    a4, a5, pc - 38
core   0: 3 0x000000008000ff20 (0xfcf76de3)
core   0: 0x000000008000fefa (0xfe043783) ld      a5, -32(s0)
core   0: 3 0x000000008000fefa (0xfe043783) x15 0x0000000080012052 mem 0x0000000080031f50
core   0: 0x000000008000fefe (0x00178713) addi    a4, a5, 1
core   0: 3 0x000000008000fefe (0x00178713) x14 0x0000000080012053
core   0: 0x000000008000ff02 (0xfee43023) sd      a4, -32(s0)
core   0: 3 0x000000008000ff02 (0xfee43023) mem 0x0000000080031f50 0x0000000080012053
core   0: 0x000000008000ff06 (0xfc442703) lw      a4, -60(s0)
core   0: 3 0x000000008000ff06 (0xfc442703) x14 0x0000000000000000 mem 0x0000000080031f34
core   0: 0x000000008000ff0a (0x0ff77713) andi    a4, a4, 255
core   0: 3 0x000000008000ff0a (0x0ff77713) x14 0x0000000000000000
core   0: 0x000000008000ff0e (0x00e78023) sb      a4, 0(a5)
core   0: 3 0x000000008000ff0e (0x00e78023) mem 0x0000000080012052 0x00
core   0: 0x000000008000ff12 (0xfc843703) ld      a4, -56(s0)
core   0: 3 0x000000008000ff12 (0xfc843703) x14 0x0000000080012040 mem 0x0000000080031f38
core   0: 0x000000008000ff16 (0xfb843783) ld      a5, -72(s0)
core   0: 3 0x000000008000ff16 (0xfb843783) x15 0x000000000000009c mem 0x0000000080031f28
core   0: 0x000000008000ff1a (0x000097ba) c.add   a5, a4
core   0: 3 0x000000008000ff1a (0x97ba) x15 0x00000000800120dc
core   0: 0x000000008000ff1c (0xfe043703) ld      a4, -32(s0)
core   0: 3 0x000000008000ff1c (0xfe043703) x14 0x0000000080012053 mem 0x0000000080031f50
core   0: 0x000000008000ff20 (0xfcf76de3) bltu    a4, a5, pc - 38
core   0: 3 0x000000008000ff20 (0xfcf76de3)
core   0: 0x000000008000fefa (0xfe043783) ld      a5, -32(s0)
core   0: 3 0x000000008000fefa (0xfe043783) x15 0x0000000080012053 mem 0x0000000080031f50
core   0: 0x000000008000fefe (0x00178713) addi    a4, a5, 1
core   0: 3 0x000000008000fefe (0x00178713) x14 0x0000000080012054
core   0: 0x000000008000ff02 (0xfee43023) sd      a4, -32(s0)
core   0: 3 0x000000008000ff02 (0xfee43023) mem 0x0000000080031f50 0x0000000080012054
core   0: 0x000000008000ff06 (0xfc442703) lw      a4, -60(s0)
core   0: 3 0x000000008000ff06 (0xfc442703) x14 0x0000000000000000 mem 0x0000000080031f34
core   0: 0x000000008000ff0a (0x0ff77713) andi    a4, a4, 255
core   0: 3 0x000000008000ff0a (0x0ff77713) x14 0x0000000000000000
core   0: 0x000000008000ff0e (0x00e78023) sb      a4, 0(a5)
core   0: 3 0x000000008000ff0e (0x00e78023) mem 0x0000000080012053 0x00
core   0: 0x000000008000ff12 (0xfc843703) ld      a4, -56(s0)
core   0: 3 0x000000008000ff12 (0xfc843703) x14 0x0000000080012040 mem 0x0000000080031f38
core   0: 0x000000008000ff16 (0xfb843783) ld      a5, -72(s0)
core   0: 3 0x000000008000ff16 (0xfb843783) x15 0x000000000000009c mem 0x0000000080031f28
core   0: 0x000000008000ff1a (0x000097ba) c.add   a5, a4
core   0: 3 0x000000008000ff1a (0x97ba) x15 0x00000000800120dc
core   0: 0x000000008000ff1c (0xfe043703) ld      a4, -32(s0)
core   0: 3 0x000000008000ff1c (0xfe043703) x14 0x0000000080012054 mem 0x0000000080031f50
core   0: 0x000000008000ff20 (0xfcf76de3) bltu    a4, a5, pc - 38
core   0: 3 0x000000008000ff20 (0xfcf76de3)
core   0: 0x000000008000fefa (0xfe043783) ld      a5, -32(s0)
core   0: 3 0x000000008000fefa (0xfe043783) x15 0x0000000080012054 mem 0x0000000080031f50
core   0: 0x000000008000fefe (0x00178713) addi    a4, a5, 1
core   0: 3 0x000000008000fefe (0x00178713) x14 0x0000000080012055
core   0: 0x000000008000ff02 (0xfee43023) sd      a4, -32(s0)
core   0: 3 0x000000008000ff02 (0xfee43023) mem 0x0000000080031f50 0x0000000080012055
core   0: 0x000000008000ff06 (0xfc442703) lw      a4, -60(s0)
core   0: 3 0x000000008000ff06 (0xfc442703) x14 0x0000000000000000 mem 0x0000000080031f34
core   0: 0x000000008000ff0a (0x0ff77713) andi    a4, a4, 255
core   0: 3 0x000000008000ff0a (0x0ff77713) x14 0x0000000000000000
core   0: 0x000000008000ff0e (0x00e78023) sb      a4, 0(a5)
core   0: 3 0x000000008000ff0e (0x00e78023) mem 0x0000000080012054 0x00
core   0: 0x000000008000ff12 (0xfc843703) ld      a4, -56(s0)
core   0: 3 0x000000008000ff12 (0xfc843703) x14 0x0000000080012040 mem 0x0000000080031f38
core   0: 0x000000008000ff16 (0xfb843783) ld      a5, -72(s0)
core   0: 3 0x000000008000ff16 (0xfb843783) x15 0x000000000000009c mem 0x0000000080031f28
core   0: 0x000000008000ff1a (0x000097ba) c.add   a5, a4
core   0: 3 0x000000008000ff1a (0x97ba) x15 0x00000000800120dc
core   0: 0x000000008000ff1c (0xfe043703) ld      a4, -32(s0)
core   0: 3 0x000000008000ff1c (0xfe043703) x14 0x0000000080012055 mem 0x0000000080031f50
core   0: 0x000000008000ff20 (0xfcf76de3) bltu    a4, a5, pc - 38
core   0: 3 0x000000008000ff20 (0xfcf76de3)
core   0: 0x000000008000fefa (0xfe043783) ld      a5, -32(s0)
core   0: 3 0x000000008000fefa (0xfe043783) x15 0x0000000080012055 mem 0x0000000080031f50
core   0: 0x000000008000fefe (0x00178713) addi    a4, a5, 1
core   0: 3 0x000000008000fefe (0x00178713) x14 0x0000000080012056
core   0: 0x000000008000ff02 (0xfee43023) sd      a4, -32(s0)
core   0: 3 0x000000008000ff02 (0xfee43023) mem 0x0000000080031f50 0x0000000080012056
core   0: 0x000000008000ff06 (0xfc442703) lw      a4, -60(s0)
core   0: 3 0x000000008000ff06 (0xfc442703) x14 0x0000000000000000 mem 0x0000000080031f34
core   0: 0x000000008000ff0a (0x0ff77713) andi    a4, a4, 255
core   0: 3 0x000000008000ff0a (0x0ff77713) x14 0x0000000000000000
core   0: 0x000000008000ff0e (0x00e78023) sb      a4, 0(a5)
core   0: 3 0x000000008000ff0e (0x00e78023) mem 0x0000000080012055 0x00
core   0: 0x000000008000ff12 (0xfc843703) ld      a4, -56(s0)
core   0: 3 0x000000008000ff12 (0xfc843703) x14 0x0000000080012040 mem 0x0000000080031f38
core   0: 0x000000008000ff16 (0xfb843783) ld      a5, -72(s0)
core   0: 3 0x000000008000ff16 (0xfb843783) x15 0x000000000000009c mem 0x0000000080031f28
core   0: 0x000000008000ff1a (0x000097ba) c.add   a5, a4
core   0: 3 0x000000008000ff1a (0x97ba) x15 0x00000000800120dc
core   0: 0x000000008000ff1c (0xfe043703) ld      a4, -32(s0)
core   0: 3 0x000000008000ff1c (0xfe043703) x14 0x0000000080012056 mem 0x0000000080031f50
core   0: 0x000000008000ff20 (0xfcf76de3) bltu    a4, a5, pc - 38
core   0: 3 0x000000008000ff20 (0xfcf76de3)
core   0: 0x000000008000fefa (0xfe043783) ld      a5, -32(s0)
core   0: 3 0x000000008000fefa (0xfe043783) x15 0x0000000080012056 mem 0x0000000080031f50
core   0: 0x000000008000fefe (0x00178713) addi    a4, a5, 1
core   0: 3 0x000000008000fefe (0x00178713) x14 0x0000000080012057
core   0: 0x000000008000ff02 (0xfee43023) sd      a4, -32(s0)
core   0: 3 0x000000008000ff02 (0xfee43023) mem 0x0000000080031f50 0x0000000080012057
core   0: 0x000000008000ff06 (0xfc442703) lw      a4, -60(s0)
core   0: 3 0x000000008000ff06 (0xfc442703) x14 0x0000000000000000 mem 0x0000000080031f34
core   0: 0x000000008000ff0a (0x0ff77713) andi    a4, a4, 255
core   0: 3 0x000000008000ff0a (0x0ff77713) x14 0x0000000000000000
core   0: 0x000000008000ff0e (0x00e78023) sb      a4, 0(a5)
core   0: 3 0x000000008000ff0e (0x00e78023) mem 0x0000000080012056 0x00
core   0: 0x000000008000ff12 (0xfc843703) ld      a4, -56(s0)
core   0: 3 0x000000008000ff12 (0xfc843703) x14 0x0000000080012040 mem 0x0000000080031f38
core   0: 0x000000008000ff16 (0xfb843783) ld      a5, -72(s0)
core   0: 3 0x000000008000ff16 (0xfb843783) x15 0x000000000000009c mem 0x0000000080031f28
core   0: 0x000000008000ff1a (0x000097ba) c.add   a5, a4
core   0: 3 0x000000008000ff1a (0x97ba) x15 0x00000000800120dc
core   0: 0x000000008000ff1c (0xfe043703) ld      a4, -32(s0)
core   0: 3 0x000000008000ff1c (0xfe043703) x14 0x0000000080012057 mem 0x0000000080031f50
core   0: 0x000000008000ff20 (0xfcf76de3) bltu    a4, a5, pc - 38
core   0: 3 0x000000008000ff20 (0xfcf76de3)
core   0: 0x000000008000fefa (0xfe043783) ld      a5, -32(s0)
core   0: 3 0x000000008000fefa (0xfe043783) x15 0x0000000080012057 mem 0x0000000080031f50
core   0: 0x000000008000fefe (0x00178713) addi    a4, a5, 1
core   0: 3 0x000000008000fefe (0x00178713) x14 0x0000000080012058
core   0: 0x000000008000ff02 (0xfee43023) sd      a4, -32(s0)
core   0: 3 0x000000008000ff02 (0xfee43023) mem 0x0000000080031f50 0x0000000080012058
core   0: 0x000000008000ff06 (0xfc442703) lw      a4, -60(s0)
core   0: 3 0x000000008000ff06 (0xfc442703) x14 0x0000000000000000 mem 0x0000000080031f34
core   0: 0x000000008000ff0a (0x0ff77713) andi    a4, a4, 255
core   0: 3 0x000000008000ff0a (0x0ff77713) x14 0x0000000000000000
core   0: 0x000000008000ff0e (0x00e78023) sb      a4, 0(a5)
core   0: 3 0x000000008000ff0e (0x00e78023) mem 0x0000000080012057 0x00
core   0: 0x000000008000ff12 (0xfc843703) ld      a4, -56(s0)
core   0: 3 0x000000008000ff12 (0xfc843703) x14 0x0000000080012040 mem 0x0000000080031f38
core   0: 0x000000008000ff16 (0xfb843783) ld      a5, -72(s0)
core   0: 3 0x000000008000ff16 (0xfb843783) x15 0x000000000000009c mem 0x0000000080031f28
core   0: 0x000000008000ff1a (0x000097ba) c.add   a5, a4
core   0: 3 0x000000008000ff1a (0x97ba) x15 0x00000000800120dc
core   0: 0x000000008000ff1c (0xfe043703) ld      a4, -32(s0)
core   0: 3 0x000000008000ff1c (0xfe043703) x14 0x0000000080012058 mem 0x0000000080031f50
core   0: 0x000000008000ff20 (0xfcf76de3) bltu    a4, a5, pc - 38
core   0: 3 0x000000008000ff20 (0xfcf76de3)
core   0: 0x000000008000fefa (0xfe043783) ld      a5, -32(s0)
core   0: 3 0x000000008000fefa (0xfe043783) x15 0x0000000080012058 mem 0x0000000080031f50
core   0: 0x000000008000fefe (0x00178713) addi    a4, a5, 1
core   0: 3 0x000000008000fefe (0x00178713) x14 0x0000000080012059
core   0: 0x000000008000ff02 (0xfee43023) sd      a4, -32(s0)
core   0: 3 0x000000008000ff02 (0xfee43023) mem 0x0000000080031f50 0x0000000080012059
core   0: 0x000000008000ff06 (0xfc442703) lw      a4, -60(s0)
core   0: 3 0x000000008000ff06 (0xfc442703) x14 0x0000000000000000 mem 0x0000000080031f34
core   0: 0x000000008000ff0a (0x0ff77713) andi    a4, a4, 255
core   0: 3 0x000000008000ff0a (0x0ff77713) x14 0x0000000000000000
core   0: 0x000000008000ff0e (0x00e78023) sb      a4, 0(a5)
core   0: 3 0x000000008000ff0e (0x00e78023) mem 0x0000000080012058 0x00
core   0: 0x000000008000ff12 (0xfc843703) ld      a4, -56(s0)
core   0: 3 0x000000008000ff12 (0xfc843703) x14 0x0000000080012040 mem 0x0000000080031f38
core   0: 0x000000008000ff16 (0xfb843783) ld      a5, -72(s0)
core   0: 3 0x000000008000ff16 (0xfb843783) x15 0x000000000000009c mem 0x0000000080031f28
core   0: 0x000000008000ff1a (0x000097ba) c.add   a5, a4
core   0: 3 0x000000008000ff1a (0x97ba) x15 0x00000000800120dc
core   0: 0x000000008000ff1c (0xfe043703) ld      a4, -32(s0)
core   0: 3 0x000000008000ff1c (0xfe043703) x14 0x0000000080012059 mem 0x0000000080031f50
core   0: 0x000000008000ff20 (0xfcf76de3) bltu    a4, a5, pc - 38
core   0: 3 0x000000008000ff20 (0xfcf76de3)
core   0: 0x000000008000fefa (0xfe043783) ld      a5, -32(s0)
core   0: 3 0x000000008000fefa (0xfe043783) x15 0x0000000080012059 mem 0x0000000080031f50
core   0: 0x000000008000fefe (0x00178713) addi    a4, a5, 1
core   0: 3 0x000000008000fefe (0x00178713) x14 0x000000008001205a
core   0: 0x000000008000ff02 (0xfee43023) sd      a4, -32(s0)
core   0: 3 0x000000008000ff02 (0xfee43023) mem 0x0000000080031f50 0x000000008001205a
core   0: 0x000000008000ff06 (0xfc442703) lw      a4, -60(s0)
core   0: 3 0x000000008000ff06 (0xfc442703) x14 0x0000000000000000 mem 0x0000000080031f34
core   0: 0x000000008000ff0a (0x0ff77713) andi    a4, a4, 255
core   0: 3 0x000000008000ff0a (0x0ff77713) x14 0x0000000000000000
core   0: 0x000000008000ff0e (0x00e78023) sb      a4, 0(a5)
core   0: 3 0x000000008000ff0e (0x00e78023) mem 0x0000000080012059 0x00
core   0: 0x000000008000ff12 (0xfc843703) ld      a4, -56(s0)
core   0: 3 0x000000008000ff12 (0xfc843703) x14 0x0000000080012040 mem 0x0000000080031f38
core   0: 0x000000008000ff16 (0xfb843783) ld      a5, -72(s0)
core   0: 3 0x000000008000ff16 (0xfb843783) x15 0x000000000000009c mem 0x0000000080031f28
core   0: 0x000000008000ff1a (0x000097ba) c.add   a5, a4
core   0: 3 0x000000008000ff1a (0x97ba) x15 0x00000000800120dc
core   0: 0x000000008000ff1c (0xfe043703) ld      a4, -32(s0)
core   0: 3 0x000000008000ff1c (0xfe043703) x14 0x000000008001205a mem 0x0000000080031f50
core   0: 0x000000008000ff20 (0xfcf76de3) bltu    a4, a5, pc - 38
core   0: 3 0x000000008000ff20 (0xfcf76de3)
core   0: 0x000000008000fefa (0xfe043783) ld      a5, -32(s0)
core   0: 3 0x000000008000fefa (0xfe043783) x15 0x000000008001205a mem 0x0000000080031f50
core   0: 0x000000008000fefe (0x00178713) addi    a4, a5, 1
core   0: 3 0x000000008000fefe (0x00178713) x14 0x000000008001205b
core   0: 0x000000008000ff02 (0xfee43023) sd      a4, -32(s0)
core   0: 3 0x000000008000ff02 (0xfee43023) mem 0x0000000080031f50 0x000000008001205b
core   0: 0x000000008000ff06 (0xfc442703) lw      a4, -60(s0)
core   0: 3 0x000000008000ff06 (0xfc442703) x14 0x0000000000000000 mem 0x0000000080031f34
core   0: 0x000000008000ff0a (0x0ff77713) andi    a4, a4, 255
core   0: 3 0x000000008000ff0a (0x0ff77713) x14 0x0000000000000000
core   0: 0x000000008000ff0e (0x00e78023) sb      a4, 0(a5)
core   0: 3 0x000000008000ff0e (0x00e78023) mem 0x000000008001205a 0x00
core   0: 0x000000008000ff12 (0xfc843703) ld      a4, -56(s0)
core   0: 3 0x000000008000ff12 (0xfc843703) x14 0x0000000080012040 mem 0x0000000080031f38
core   0: 0x000000008000ff16 (0xfb843783) ld      a5, -72(s0)
core   0: 3 0x000000008000ff16 (0xfb843783) x15 0x000000000000009c mem 0x0000000080031f28
core   0: 0x000000008000ff1a (0x000097ba) c.add   a5, a4
core   0: 3 0x000000008000ff1a (0x97ba) x15 0x00000000800120dc
core   0: 0x000000008000ff1c (0xfe043703) ld      a4, -32(s0)
core   0: 3 0x000000008000ff1c (0xfe043703) x14 0x000000008001205b mem 0x0000000080031f50
core   0: 0x000000008000ff20 (0xfcf76de3) bltu    a4, a5, pc - 38
core   0: 3 0x000000008000ff20 (0xfcf76de3)
core   0: 0x000000008000fefa (0xfe043783) ld      a5, -32(s0)
core   0: 3 0x000000008000fefa (0xfe043783) x15 0x000000008001205b mem 0x0000000080031f50
core   0: 0x000000008000fefe (0x00178713) addi    a4, a5, 1
core   0: 3 0x000000008000fefe (0x00178713) x14 0x000000008001205c
core   0: 0x000000008000ff02 (0xfee43023) sd      a4, -32(s0)
core   0: 3 0x000000008000ff02 (0xfee43023) mem 0x0000000080031f50 0x000000008001205c
core   0: 0x000000008000ff06 (0xfc442703) lw      a4, -60(s0)
core   0: 3 0x000000008000ff06 (0xfc442703) x14 0x0000000000000000 mem 0x0000000080031f34
core   0: 0x000000008000ff0a (0x0ff77713) andi    a4, a4, 255
core   0: 3 0x000000008000ff0a (0x0ff77713) x14 0x0000000000000000
core   0: 0x000000008000ff0e (0x00e78023) sb      a4, 0(a5)
core   0: 3 0x000000008000ff0e (0x00e78023) mem 0x000000008001205b 0x00
core   0: 0x000000008000ff12 (0xfc843703) ld      a4, -56(s0)
core   0: 3 0x000000008000ff12 (0xfc843703) x14 0x0000000080012040 mem 0x0000000080031f38
core   0: 0x000000008000ff16 (0xfb843783) ld      a5, -72(s0)
core   0: 3 0x000000008000ff16 (0xfb843783) x15 0x000000000000009c mem 0x0000000080031f28
core   0: 0x000000008000ff1a (0x000097ba) c.add   a5, a4
core   0: 3 0x000000008000ff1a (0x97ba) x15 0x00000000800120dc
core   0: 0x000000008000ff1c (0xfe043703) ld      a4, -32(s0)
core   0: 3 0x000000008000ff1c (0xfe043703) x14 0x000000008001205c mem 0x0000000080031f50
core   0: 0x000000008000ff20 (0xfcf76de3) bltu    a4, a5, pc - 38
core   0: 3 0x000000008000ff20 (0xfcf76de3)
core   0: 0x000000008000fefa (0xfe043783) ld      a5, -32(s0)
core   0: 3 0x000000008000fefa (0xfe043783) x15 0x000000008001205c mem 0x0000000080031f50
core   0: 0x000000008000fefe (0x00178713) addi    a4, a5, 1
core   0: 3 0x000000008000fefe (0x00178713) x14 0x000000008001205d
core   0: 0x000000008000ff02 (0xfee43023) sd      a4, -32(s0)
core   0: 3 0x000000008000ff02 (0xfee43023) mem 0x0000000080031f50 0x000000008001205d
core   0: 0x000000008000ff06 (0xfc442703) lw      a4, -60(s0)
core   0: 3 0x000000008000ff06 (0xfc442703) x14 0x0000000000000000 mem 0x0000000080031f34
core   0: 0x000000008000ff0a (0x0ff77713) andi    a4, a4, 255
core   0: 3 0x000000008000ff0a (0x0ff77713) x14 0x0000000000000000
core   0: 0x000000008000ff0e (0x00e78023) sb      a4, 0(a5)
core   0: 3 0x000000008000ff0e (0x00e78023) mem 0x000000008001205c 0x00
core   0: 0x000000008000ff12 (0xfc843703) ld      a4, -56(s0)
core   0: 3 0x000000008000ff12 (0xfc843703) x14 0x0000000080012040 mem 0x0000000080031f38
core   0: 0x000000008000ff16 (0xfb843783) ld      a5, -72(s0)
core   0: 3 0x000000008000ff16 (0xfb843783) x15 0x000000000000009c mem 0x0000000080031f28
core   0: 0x000000008000ff1a (0x000097ba) c.add   a5, a4
core   0: 3 0x000000008000ff1a (0x97ba) x15 0x00000000800120dc
core   0: 0x000000008000ff1c (0xfe043703) ld      a4, -32(s0)
core   0: 3 0x000000008000ff1c (0xfe043703) x14 0x000000008001205d mem 0x0000000080031f50
core   0: 0x000000008000ff20 (0xfcf76de3) bltu    a4, a5, pc - 38
core   0: 3 0x000000008000ff20 (0xfcf76de3)
core   0: 0x000000008000fefa (0xfe043783) ld      a5, -32(s0)
core   0: 3 0x000000008000fefa (0xfe043783) x15 0x000000008001205d mem 0x0000000080031f50
core   0: 0x000000008000fefe (0x00178713) addi    a4, a5, 1
core   0: 3 0x000000008000fefe (0x00178713) x14 0x000000008001205e
core   0: 0x000000008000ff02 (0xfee43023) sd      a4, -32(s0)
core   0: 3 0x000000008000ff02 (0xfee43023) mem 0x0000000080031f50 0x000000008001205e
core   0: 0x000000008000ff06 (0xfc442703) lw      a4, -60(s0)
core   0: 3 0x000000008000ff06 (0xfc442703) x14 0x0000000000000000 mem 0x0000000080031f34
core   0: 0x000000008000ff0a (0x0ff77713) andi    a4, a4, 255
core   0: 3 0x000000008000ff0a (0x0ff77713) x14 0x0000000000000000
core   0: 0x000000008000ff0e (0x00e78023) sb      a4, 0(a5)
core   0: 3 0x000000008000ff0e (0x00e78023) mem 0x000000008001205d 0x00
core   0: 0x000000008000ff12 (0xfc843703) ld      a4, -56(s0)
core   0: 3 0x000000008000ff12 (0xfc843703) x14 0x0000000080012040 mem 0x0000000080031f38
core   0: 0x000000008000ff16 (0xfb843783) ld      a5, -72(s0)
core   0: 3 0x000000008000ff16 (0xfb843783) x15 0x000000000000009c mem 0x0000000080031f28
core   0: 0x000000008000ff1a (0x000097ba) c.add   a5, a4
core   0: 3 0x000000008000ff1a (0x97ba) x15 0x00000000800120dc
core   0: 0x000000008000ff1c (0xfe043703) ld      a4, -32(s0)
core   0: 3 0x000000008000ff1c (0xfe043703) x14 0x000000008001205e mem 0x0000000080031f50
core   0: 0x000000008000ff20 (0xfcf76de3) bltu    a4, a5, pc - 38
core   0: 3 0x000000008000ff20 (0xfcf76de3)
core   0: 0x000000008000fefa (0xfe043783) ld      a5, -32(s0)
core   0: 3 0x000000008000fefa (0xfe043783) x15 0x000000008001205e mem 0x0000000080031f50
core   0: 0x000000008000fefe (0x00178713) addi    a4, a5, 1
core   0: 3 0x000000008000fefe (0x00178713) x14 0x000000008001205f
core   0: 0x000000008000ff02 (0xfee43023) sd      a4, -32(s0)
core   0: 3 0x000000008000ff02 (0xfee43023) mem 0x0000000080031f50 0x000000008001205f
core   0: 0x000000008000ff06 (0xfc442703) lw      a4, -60(s0)
core   0: 3 0x000000008000ff06 (0xfc442703) x14 0x0000000000000000 mem 0x0000000080031f34
core   0: 0x000000008000ff0a (0x0ff77713) andi    a4, a4, 255
core   0: 3 0x000000008000ff0a (0x0ff77713) x14 0x0000000000000000
core   0: 0x000000008000ff0e (0x00e78023) sb      a4, 0(a5)
core   0: 3 0x000000008000ff0e (0x00e78023) mem 0x000000008001205e 0x00
core   0: 0x000000008000ff12 (0xfc843703) ld      a4, -56(s0)
core   0: 3 0x000000008000ff12 (0xfc843703) x14 0x0000000080012040 mem 0x0000000080031f38
core   0: 0x000000008000ff16 (0xfb843783) ld      a5, -72(s0)
core   0: 3 0x000000008000ff16 (0xfb843783) x15 0x000000000000009c mem 0x0000000080031f28
core   0: 0x000000008000ff1a (0x000097ba) c.add   a5, a4
core   0: 3 0x000000008000ff1a (0x97ba) x15 0x00000000800120dc
core   0: 0x000000008000ff1c (0xfe043703) ld      a4, -32(s0)
core   0: 3 0x000000008000ff1c (0xfe043703) x14 0x000000008001205f mem 0x0000000080031f50
core   0: 0x000000008000ff20 (0xfcf76de3) bltu    a4, a5, pc - 38
core   0: 3 0x000000008000ff20 (0xfcf76de3)
core   0: 0x000000008000fefa (0xfe043783) ld      a5, -32(s0)
core   0: 3 0x000000008000fefa (0xfe043783) x15 0x000000008001205f mem 0x0000000080031f50
core   0: 0x000000008000fefe (0x00178713) addi    a4, a5, 1
core   0: 3 0x000000008000fefe (0x00178713) x14 0x0000000080012060
core   0: 0x000000008000ff02 (0xfee43023) sd      a4, -32(s0)
core   0: 3 0x000000008000ff02 (0xfee43023) mem 0x0000000080031f50 0x0000000080012060
core   0: 0x000000008000ff06 (0xfc442703) lw      a4, -60(s0)
core   0: 3 0x000000008000ff06 (0xfc442703) x14 0x0000000000000000 mem 0x0000000080031f34
core   0: 0x000000008000ff0a (0x0ff77713) andi    a4, a4, 255
core   0: 3 0x000000008000ff0a (0x0ff77713) x14 0x0000000000000000
core   0: 0x000000008000ff0e (0x00e78023) sb      a4, 0(a5)
core   0: 3 0x000000008000ff0e (0x00e78023) mem 0x000000008001205f 0x00
core   0: 0x000000008000ff12 (0xfc843703) ld      a4, -56(s0)
core   0: 3 0x000000008000ff12 (0xfc843703) x14 0x0000000080012040 mem 0x0000000080031f38
core   0: 0x000000008000ff16 (0xfb843783) ld      a5, -72(s0)
core   0: 3 0x000000008000ff16 (0xfb843783) x15 0x000000000000009c mem 0x0000000080031f28
core   0: 0x000000008000ff1a (0x000097ba) c.add   a5, a4
core   0: 3 0x000000008000ff1a (0x97ba) x15 0x00000000800120dc
core   0: 0x000000008000ff1c (0xfe043703) ld      a4, -32(s0)
core   0: 3 0x000000008000ff1c (0xfe043703) x14 0x0000000080012060 mem 0x0000000080031f50
core   0: 0x000000008000ff20 (0xfcf76de3) bltu    a4, a5, pc - 38
core   0: 3 0x000000008000ff20 (0xfcf76de3)
core   0: 0x000000008000fefa (0xfe043783) ld      a5, -32(s0)
core   0: 3 0x000000008000fefa (0xfe043783) x15 0x0000000080012060 mem 0x0000000080031f50
core   0: 0x000000008000fefe (0x00178713) addi    a4, a5, 1
core   0: 3 0x000000008000fefe (0x00178713) x14 0x0000000080012061
core   0: 0x000000008000ff02 (0xfee43023) sd      a4, -32(s0)
core   0: 3 0x000000008000ff02 (0xfee43023) mem 0x0000000080031f50 0x0000000080012061
core   0: 0x000000008000ff06 (0xfc442703) lw      a4, -60(s0)
core   0: 3 0x000000008000ff06 (0xfc442703) x14 0x0000000000000000 mem 0x0000000080031f34
core   0: 0x000000008000ff0a (0x0ff77713) andi    a4, a4, 255
core   0: 3 0x000000008000ff0a (0x0ff77713) x14 0x0000000000000000
core   0: 0x000000008000ff0e (0x00e78023) sb      a4, 0(a5)
core   0: 3 0x000000008000ff0e (0x00e78023) mem 0x0000000080012060 0x00
core   0: 0x000000008000ff12 (0xfc843703) ld      a4, -56(s0)
core   0: 3 0x000000008000ff12 (0xfc843703) x14 0x0000000080012040 mem 0x0000000080031f38
core   0: 0x000000008000ff16 (0xfb843783) ld      a5, -72(s0)
core   0: 3 0x000000008000ff16 (0xfb843783) x15 0x000000000000009c mem 0x0000000080031f28
core   0: 0x000000008000ff1a (0x000097ba) c.add   a5, a4
core   0: 3 0x000000008000ff1a (0x97ba) x15 0x00000000800120dc
core   0: 0x000000008000ff1c (0xfe043703) ld      a4, -32(s0)
core   0: 3 0x000000008000ff1c (0xfe043703) x14 0x0000000080012061 mem 0x0000000080031f50
core   0: 0x000000008000ff20 (0xfcf76de3) bltu    a4, a5, pc - 38
core   0: 3 0x000000008000ff20 (0xfcf76de3)
core   0: 0x000000008000fefa (0xfe043783) ld      a5, -32(s0)
core   0: 3 0x000000008000fefa (0xfe043783) x15 0x0000000080012061 mem 0x0000000080031f50
core   0: 0x000000008000fefe (0x00178713) addi    a4, a5, 1
core   0: 3 0x000000008000fefe (0x00178713) x14 0x0000000080012062
core   0: 0x000000008000ff02 (0xfee43023) sd      a4, -32(s0)
core   0: 3 0x000000008000ff02 (0xfee43023) mem 0x0000000080031f50 0x0000000080012062
core   0: 0x000000008000ff06 (0xfc442703) lw      a4, -60(s0)
core   0: 3 0x000000008000ff06 (0xfc442703) x14 0x0000000000000000 mem 0x0000000080031f34
core   0: 0x000000008000ff0a (0x0ff77713) andi    a4, a4, 255
core   0: 3 0x000000008000ff0a (0x0ff77713) x14 0x0000000000000000
core   0: 0x000000008000ff0e (0x00e78023) sb      a4, 0(a5)
core   0: 3 0x000000008000ff0e (0x00e78023) mem 0x0000000080012061 0x00
core   0: 0x000000008000ff12 (0xfc843703) ld      a4, -56(s0)
core   0: 3 0x000000008000ff12 (0xfc843703) x14 0x0000000080012040 mem 0x0000000080031f38
core   0: 0x000000008000ff16 (0xfb843783) ld      a5, -72(s0)
core   0: 3 0x000000008000ff16 (0xfb843783) x15 0x000000000000009c mem 0x0000000080031f28
core   0: 0x000000008000ff1a (0x000097ba) c.add   a5, a4
core   0: 3 0x000000008000ff1a (0x97ba) x15 0x00000000800120dc
core   0: 0x000000008000ff1c (0xfe043703) ld      a4, -32(s0)
core   0: 3 0x000000008000ff1c (0xfe043703) x14 0x0000000080012062 mem 0x0000000080031f50
core   0: 0x000000008000ff20 (0xfcf76de3) bltu    a4, a5, pc - 38
core   0: 3 0x000000008000ff20 (0xfcf76de3)
core   0: 0x000000008000fefa (0xfe043783) ld      a5, -32(s0)
core   0: 3 0x000000008000fefa (0xfe043783) x15 0x0000000080012062 mem 0x0000000080031f50
core   0: 0x000000008000fefe (0x00178713) addi    a4, a5, 1
core   0: 3 0x000000008000fefe (0x00178713) x14 0x0000000080012063
core   0: 0x000000008000ff02 (0xfee43023) sd      a4, -32(s0)
core   0: 3 0x000000008000ff02 (0xfee43023) mem 0x0000000080031f50 0x0000000080012063
core   0: 0x000000008000ff06 (0xfc442703) lw      a4, -60(s0)
core   0: 3 0x000000008000ff06 (0xfc442703) x14 0x0000000000000000 mem 0x0000000080031f34
core   0: 0x000000008000ff0a (0x0ff77713) andi    a4, a4, 255
core   0: 3 0x000000008000ff0a (0x0ff77713) x14 0x0000000000000000
core   0: 0x000000008000ff0e (0x00e78023) sb      a4, 0(a5)
core   0: 3 0x000000008000ff0e (0x00e78023) mem 0x0000000080012062 0x00
core   0: 0x000000008000ff12 (0xfc843703) ld      a4, -56(s0)
core   0: 3 0x000000008000ff12 (0xfc843703) x14 0x0000000080012040 mem 0x0000000080031f38
core   0: 0x000000008000ff16 (0xfb843783) ld      a5, -72(s0)
core   0: 3 0x000000008000ff16 (0xfb843783) x15 0x000000000000009c mem 0x0000000080031f28
core   0: 0x000000008000ff1a (0x000097ba) c.add   a5, a4
core   0: 3 0x000000008000ff1a (0x97ba) x15 0x00000000800120dc
core   0: 0x000000008000ff1c (0xfe043703) ld      a4, -32(s0)
core   0: 3 0x000000008000ff1c (0xfe043703) x14 0x0000000080012063 mem 0x0000000080031f50
core   0: 0x000000008000ff20 (0xfcf76de3) bltu    a4, a5, pc - 38
core   0: 3 0x000000008000ff20 (0xfcf76de3)
core   0: 0x000000008000fefa (0xfe043783) ld      a5, -32(s0)
core   0: 3 0x000000008000fefa (0xfe043783) x15 0x0000000080012063 mem 0x0000000080031f50
core   0: 0x000000008000fefe (0x00178713) addi    a4, a5, 1
core   0: 3 0x000000008000fefe (0x00178713) x14 0x0000000080012064
core   0: 0x000000008000ff02 (0xfee43023) sd      a4, -32(s0)
core   0: 3 0x000000008000ff02 (0xfee43023) mem 0x0000000080031f50 0x0000000080012064
core   0: 0x000000008000ff06 (0xfc442703) lw      a4, -60(s0)
core   0: 3 0x000000008000ff06 (0xfc442703) x14 0x0000000000000000 mem 0x0000000080031f34
core   0: 0x000000008000ff0a (0x0ff77713) andi    a4, a4, 255
core   0: 3 0x000000008000ff0a (0x0ff77713) x14 0x0000000000000000
core   0: 0x000000008000ff0e (0x00e78023) sb      a4, 0(a5)
core   0: 3 0x000000008000ff0e (0x00e78023) mem 0x0000000080012063 0x00
core   0: 0x000000008000ff12 (0xfc843703) ld      a4, -56(s0)
core   0: 3 0x000000008000ff12 (0xfc843703) x14 0x0000000080012040 mem 0x0000000080031f38
core   0: 0x000000008000ff16 (0xfb843783) ld      a5, -72(s0)
core   0: 3 0x000000008000ff16 (0xfb843783) x15 0x000000000000009c mem 0x0000000080031f28
core   0: 0x000000008000ff1a (0x000097ba) c.add   a5, a4
core   0: 3 0x000000008000ff1a (0x97ba) x15 0x00000000800120dc
core   0: 0x000000008000ff1c (0xfe043703) ld      a4, -32(s0)
core   0: 3 0x000000008000ff1c (0xfe043703) x14 0x0000000080012064 mem 0x0000000080031f50
core   0: 0x000000008000ff20 (0xfcf76de3) bltu    a4, a5, pc - 38
core   0: 3 0x000000008000ff20 (0xfcf76de3)
core   0: 0x000000008000fefa (0xfe043783) ld      a5, -32(s0)
core   0: 3 0x000000008000fefa (0xfe043783) x15 0x0000000080012064 mem 0x0000000080031f50
core   0: 0x000000008000fefe (0x00178713) addi    a4, a5, 1
core   0: 3 0x000000008000fefe (0x00178713) x14 0x0000000080012065
core   0: 0x000000008000ff02 (0xfee43023) sd      a4, -32(s0)
core   0: 3 0x000000008000ff02 (0xfee43023) mem 0x0000000080031f50 0x0000000080012065
core   0: 0x000000008000ff06 (0xfc442703) lw      a4, -60(s0)
core   0: 3 0x000000008000ff06 (0xfc442703) x14 0x0000000000000000 mem 0x0000000080031f34
core   0: 0x000000008000ff0a (0x0ff77713) andi    a4, a4, 255
core   0: 3 0x000000008000ff0a (0x0ff77713) x14 0x0000000000000000
core   0: 0x000000008000ff0e (0x00e78023) sb      a4, 0(a5)
core   0: 3 0x000000008000ff0e (0x00e78023) mem 0x0000000080012064 0x00
core   0: 0x000000008000ff12 (0xfc843703) ld      a4, -56(s0)
core   0: 3 0x000000008000ff12 (0xfc843703) x14 0x0000000080012040 mem 0x0000000080031f38
core   0: 0x000000008000ff16 (0xfb843783) ld      a5, -72(s0)
core   0: 3 0x000000008000ff16 (0xfb843783) x15 0x000000000000009c mem 0x0000000080031f28
core   0: 0x000000008000ff1a (0x000097ba) c.add   a5, a4
core   0: 3 0x000000008000ff1a (0x97ba) x15 0x00000000800120dc
core   0: 0x000000008000ff1c (0xfe043703) ld      a4, -32(s0)
core   0: 3 0x000000008000ff1c (0xfe043703) x14 0x0000000080012065 mem 0x0000000080031f50
core   0: 0x000000008000ff20 (0xfcf76de3) bltu    a4, a5, pc - 38
core   0: 3 0x000000008000ff20 (0xfcf76de3)
core   0: 0x000000008000fefa (0xfe043783) ld      a5, -32(s0)
core   0: 3 0x000000008000fefa (0xfe043783) x15 0x0000000080012065 mem 0x0000000080031f50
core   0: 0x000000008000fefe (0x00178713) addi    a4, a5, 1
core   0: 3 0x000000008000fefe (0x00178713) x14 0x0000000080012066
core   0: 0x000000008000ff02 (0xfee43023) sd      a4, -32(s0)
core   0: 3 0x000000008000ff02 (0xfee43023) mem 0x0000000080031f50 0x0000000080012066
core   0: 0x000000008000ff06 (0xfc442703) lw      a4, -60(s0)
core   0: 3 0x000000008000ff06 (0xfc442703) x14 0x0000000000000000 mem 0x0000000080031f34
core   0: 0x000000008000ff0a (0x0ff77713) andi    a4, a4, 255
core   0: 3 0x000000008000ff0a (0x0ff77713) x14 0x0000000000000000
core   0: 0x000000008000ff0e (0x00e78023) sb      a4, 0(a5)
core   0: 3 0x000000008000ff0e (0x00e78023) mem 0x0000000080012065 0x00
core   0: 0x000000008000ff12 (0xfc843703) ld      a4, -56(s0)
core   0: 3 0x000000008000ff12 (0xfc843703) x14 0x0000000080012040 mem 0x0000000080031f38
core   0: 0x000000008000ff16 (0xfb843783) ld      a5, -72(s0)
core   0: 3 0x000000008000ff16 (0xfb843783) x15 0x000000000000009c mem 0x0000000080031f28
core   0: 0x000000008000ff1a (0x000097ba) c.add   a5, a4
core   0: 3 0x000000008000ff1a (0x97ba) x15 0x00000000800120dc
core   0: 0x000000008000ff1c (0xfe043703) ld      a4, -32(s0)
core   0: 3 0x000000008000ff1c (0xfe043703) x14 0x0000000080012066 mem 0x0000000080031f50
core   0: 0x000000008000ff20 (0xfcf76de3) bltu    a4, a5, pc - 38
core   0: 3 0x000000008000ff20 (0xfcf76de3)
core   0: 0x000000008000fefa (0xfe043783) ld      a5, -32(s0)
core   0: 3 0x000000008000fefa (0xfe043783) x15 0x0000000080012066 mem 0x0000000080031f50
core   0: 0x000000008000fefe (0x00178713) addi    a4, a5, 1
core   0: 3 0x000000008000fefe (0x00178713) x14 0x0000000080012067
core   0: 0x000000008000ff02 (0xfee43023) sd      a4, -32(s0)
core   0: 3 0x000000008000ff02 (0xfee43023) mem 0x0000000080031f50 0x0000000080012067
core   0: 0x000000008000ff06 (0xfc442703) lw      a4, -60(s0)
core   0: 3 0x000000008000ff06 (0xfc442703) x14 0x0000000000000000 mem 0x0000000080031f34
core   0: 0x000000008000ff0a (0x0ff77713) andi    a4, a4, 255
core   0: 3 0x000000008000ff0a (0x0ff77713) x14 0x0000000000000000
core   0: 0x000000008000ff0e (0x00e78023) sb      a4, 0(a5)
core   0: 3 0x000000008000ff0e (0x00e78023) mem 0x0000000080012066 0x00
core   0: 0x000000008000ff12 (0xfc843703) ld      a4, -56(s0)
core   0: 3 0x000000008000ff12 (0xfc843703) x14 0x0000000080012040 mem 0x0000000080031f38
core   0: 0x000000008000ff16 (0xfb843783) ld      a5, -72(s0)
core   0: 3 0x000000008000ff16 (0xfb843783) x15 0x000000000000009c mem 0x0000000080031f28
core   0: 0x000000008000ff1a (0x000097ba) c.add   a5, a4
core   0: 3 0x000000008000ff1a (0x97ba) x15 0x00000000800120dc
core   0: 0x000000008000ff1c (0xfe043703) ld      a4, -32(s0)
core   0: 3 0x000000008000ff1c (0xfe043703) x14 0x0000000080012067 mem 0x0000000080031f50
core   0: 0x000000008000ff20 (0xfcf76de3) bltu    a4, a5, pc - 38
core   0: 3 0x000000008000ff20 (0xfcf76de3)
core   0: 0x000000008000fefa (0xfe043783) ld      a5, -32(s0)
core   0: 3 0x000000008000fefa (0xfe043783) x15 0x0000000080012067 mem 0x0000000080031f50
core   0: 0x000000008000fefe (0x00178713) addi    a4, a5, 1
core   0: 3 0x000000008000fefe (0x00178713) x14 0x0000000080012068
core   0: 0x000000008000ff02 (0xfee43023) sd      a4, -32(s0)
core   0: 3 0x000000008000ff02 (0xfee43023) mem 0x0000000080031f50 0x0000000080012068
core   0: 0x000000008000ff06 (0xfc442703) lw      a4, -60(s0)
core   0: 3 0x000000008000ff06 (0xfc442703) x14 0x0000000000000000 mem 0x0000000080031f34
core   0: 0x000000008000ff0a (0x0ff77713) andi    a4, a4, 255
core   0: 3 0x000000008000ff0a (0x0ff77713) x14 0x0000000000000000
core   0: 0x000000008000ff0e (0x00e78023) sb      a4, 0(a5)
core   0: 3 0x000000008000ff0e (0x00e78023) mem 0x0000000080012067 0x00
core   0: 0x000000008000ff12 (0xfc843703) ld      a4, -56(s0)
core   0: 3 0x000000008000ff12 (0xfc843703) x14 0x0000000080012040 mem 0x0000000080031f38
core   0: 0x000000008000ff16 (0xfb843783) ld      a5, -72(s0)
core   0: 3 0x000000008000ff16 (0xfb843783) x15 0x000000000000009c mem 0x0000000080031f28
core   0: 0x000000008000ff1a (0x000097ba) c.add   a5, a4
core   0: 3 0x000000008000ff1a (0x97ba) x15 0x00000000800120dc
core   0: 0x000000008000ff1c (0xfe043703) ld      a4, -32(s0)
core   0: 3 0x000000008000ff1c (0xfe043703) x14 0x0000000080012068 mem 0x0000000080031f50
core   0: 0x000000008000ff20 (0xfcf76de3) bltu    a4, a5, pc - 38
core   0: 3 0x000000008000ff20 (0xfcf76de3)
core   0: 0x000000008000fefa (0xfe043783) ld      a5, -32(s0)
core   0: 3 0x000000008000fefa (0xfe043783) x15 0x0000000080012068 mem 0x0000000080031f50
core   0: 0x000000008000fefe (0x00178713) addi    a4, a5, 1
core   0: 3 0x000000008000fefe (0x00178713) x14 0x0000000080012069
core   0: 0x000000008000ff02 (0xfee43023) sd      a4, -32(s0)
core   0: 3 0x000000008000ff02 (0xfee43023) mem 0x0000000080031f50 0x0000000080012069
core   0: 0x000000008000ff06 (0xfc442703) lw      a4, -60(s0)
core   0: 3 0x000000008000ff06 (0xfc442703) x14 0x0000000000000000 mem 0x0000000080031f34
core   0: 0x000000008000ff0a (0x0ff77713) andi    a4, a4, 255
core   0: 3 0x000000008000ff0a (0x0ff77713) x14 0x0000000000000000
core   0: 0x000000008000ff0e (0x00e78023) sb      a4, 0(a5)
core   0: 3 0x000000008000ff0e (0x00e78023) mem 0x0000000080012068 0x00
core   0: 0x000000008000ff12 (0xfc843703) ld      a4, -56(s0)
core   0: 3 0x000000008000ff12 (0xfc843703) x14 0x0000000080012040 mem 0x0000000080031f38
core   0: 0x000000008000ff16 (0xfb843783) ld      a5, -72(s0)
core   0: 3 0x000000008000ff16 (0xfb843783) x15 0x000000000000009c mem 0x0000000080031f28
core   0: 0x000000008000ff1a (0x000097ba) c.add   a5, a4
core   0: 3 0x000000008000ff1a (0x97ba) x15 0x00000000800120dc
core   0: 0x000000008000ff1c (0xfe043703) ld      a4, -32(s0)
core   0: 3 0x000000008000ff1c (0xfe043703) x14 0x0000000080012069 mem 0x0000000080031f50
core   0: 0x000000008000ff20 (0xfcf76de3) bltu    a4, a5, pc - 38
core   0: 3 0x000000008000ff20 (0xfcf76de3)
core   0: 0x000000008000fefa (0xfe043783) ld      a5, -32(s0)
core   0: 3 0x000000008000fefa (0xfe043783) x15 0x0000000080012069 mem 0x0000000080031f50
core   0: 0x000000008000fefe (0x00178713) addi    a4, a5, 1
core   0: 3 0x000000008000fefe (0x00178713) x14 0x000000008001206a
core   0: 0x000000008000ff02 (0xfee43023) sd      a4, -32(s0)
core   0: 3 0x000000008000ff02 (0xfee43023) mem 0x0000000080031f50 0x000000008001206a
core   0: 0x000000008000ff06 (0xfc442703) lw      a4, -60(s0)
core   0: 3 0x000000008000ff06 (0xfc442703) x14 0x0000000000000000 mem 0x0000000080031f34
core   0: 0x000000008000ff0a (0x0ff77713) andi    a4, a4, 255
core   0: 3 0x000000008000ff0a (0x0ff77713) x14 0x0000000000000000
core   0: 0x000000008000ff0e (0x00e78023) sb      a4, 0(a5)
core   0: 3 0x000000008000ff0e (0x00e78023) mem 0x0000000080012069 0x00
core   0: 0x000000008000ff12 (0xfc843703) ld      a4, -56(s0)
core   0: 3 0x000000008000ff12 (0xfc843703) x14 0x0000000080012040 mem 0x0000000080031f38
core   0: 0x000000008000ff16 (0xfb843783) ld      a5, -72(s0)
core   0: 3 0x000000008000ff16 (0xfb843783) x15 0x000000000000009c mem 0x0000000080031f28
core   0: 0x000000008000ff1a (0x000097ba) c.add   a5, a4
core   0: 3 0x000000008000ff1a (0x97ba) x15 0x00000000800120dc
core   0: 0x000000008000ff1c (0xfe043703) ld      a4, -32(s0)
core   0: 3 0x000000008000ff1c (0xfe043703) x14 0x000000008001206a mem 0x0000000080031f50
core   0: 0x000000008000ff20 (0xfcf76de3) bltu    a4, a5, pc - 38
core   0: 3 0x000000008000ff20 (0xfcf76de3)
core   0: 0x000000008000fefa (0xfe043783) ld      a5, -32(s0)
core   0: 3 0x000000008000fefa (0xfe043783) x15 0x000000008001206a mem 0x0000000080031f50
core   0: 0x000000008000fefe (0x00178713) addi    a4, a5, 1
core   0: 3 0x000000008000fefe (0x00178713) x14 0x000000008001206b
core   0: 0x000000008000ff02 (0xfee43023) sd      a4, -32(s0)
core   0: 3 0x000000008000ff02 (0xfee43023) mem 0x0000000080031f50 0x000000008001206b
core   0: 0x000000008000ff06 (0xfc442703) lw      a4, -60(s0)
core   0: 3 0x000000008000ff06 (0xfc442703) x14 0x0000000000000000 mem 0x0000000080031f34
core   0: 0x000000008000ff0a (0x0ff77713) andi    a4, a4, 255
core   0: 3 0x000000008000ff0a (0x0ff77713) x14 0x0000000000000000
core   0: 0x000000008000ff0e (0x00e78023) sb      a4, 0(a5)
core   0: 3 0x000000008000ff0e (0x00e78023) mem 0x000000008001206a 0x00
core   0: 0x000000008000ff12 (0xfc843703) ld      a4, -56(s0)
core   0: 3 0x000000008000ff12 (0xfc843703) x14 0x0000000080012040 mem 0x0000000080031f38
core   0: 0x000000008000ff16 (0xfb843783) ld      a5, -72(s0)
core   0: 3 0x000000008000ff16 (0xfb843783) x15 0x000000000000009c mem 0x0000000080031f28
core   0: 0x000000008000ff1a (0x000097ba) c.add   a5, a4
core   0: 3 0x000000008000ff1a (0x97ba) x15 0x00000000800120dc
core   0: 0x000000008000ff1c (0xfe043703) ld      a4, -32(s0)
core   0: 3 0x000000008000ff1c (0xfe043703) x14 0x000000008001206b mem 0x0000000080031f50
core   0: 0x000000008000ff20 (0xfcf76de3) bltu    a4, a5, pc - 38
core   0: 3 0x000000008000ff20 (0xfcf76de3)
core   0: 0x000000008000fefa (0xfe043783) ld      a5, -32(s0)
core   0: 3 0x000000008000fefa (0xfe043783) x15 0x000000008001206b mem 0x0000000080031f50
core   0: 0x000000008000fefe (0x00178713) addi    a4, a5, 1
core   0: 3 0x000000008000fefe (0x00178713) x14 0x000000008001206c
core   0: 0x000000008000ff02 (0xfee43023) sd      a4, -32(s0)
core   0: 3 0x000000008000ff02 (0xfee43023) mem 0x0000000080031f50 0x000000008001206c
core   0: 0x000000008000ff06 (0xfc442703) lw      a4, -60(s0)
core   0: 3 0x000000008000ff06 (0xfc442703) x14 0x0000000000000000 mem 0x0000000080031f34
core   0: 0x000000008000ff0a (0x0ff77713) andi    a4, a4, 255
core   0: 3 0x000000008000ff0a (0x0ff77713) x14 0x0000000000000000
core   0: 0x000000008000ff0e (0x00e78023) sb      a4, 0(a5)
core   0: 3 0x000000008000ff0e (0x00e78023) mem 0x000000008001206b 0x00
core   0: 0x000000008000ff12 (0xfc843703) ld      a4, -56(s0)
core   0: 3 0x000000008000ff12 (0xfc843703) x14 0x0000000080012040 mem 0x0000000080031f38
core   0: 0x000000008000ff16 (0xfb843783) ld      a5, -72(s0)
core   0: 3 0x000000008000ff16 (0xfb843783) x15 0x000000000000009c mem 0x0000000080031f28
core   0: 0x000000008000ff1a (0x000097ba) c.add   a5, a4
core   0: 3 0x000000008000ff1a (0x97ba) x15 0x00000000800120dc
core   0: 0x000000008000ff1c (0xfe043703) ld      a4, -32(s0)
core   0: 3 0x000000008000ff1c (0xfe043703) x14 0x000000008001206c mem 0x0000000080031f50
core   0: 0x000000008000ff20 (0xfcf76de3) bltu    a4, a5, pc - 38
core   0: 3 0x000000008000ff20 (0xfcf76de3)
core   0: 0x000000008000fefa (0xfe043783) ld      a5, -32(s0)
core   0: 3 0x000000008000fefa (0xfe043783) x15 0x000000008001206c mem 0x0000000080031f50
core   0: 0x000000008000fefe (0x00178713) addi    a4, a5, 1
core   0: 3 0x000000008000fefe (0x00178713) x14 0x000000008001206d
core   0: 0x000000008000ff02 (0xfee43023) sd      a4, -32(s0)
core   0: 3 0x000000008000ff02 (0xfee43023) mem 0x0000000080031f50 0x000000008001206d
core   0: 0x000000008000ff06 (0xfc442703) lw      a4, -60(s0)
core   0: 3 0x000000008000ff06 (0xfc442703) x14 0x0000000000000000 mem 0x0000000080031f34
core   0: 0x000000008000ff0a (0x0ff77713) andi    a4, a4, 255
core   0: 3 0x000000008000ff0a (0x0ff77713) x14 0x0000000000000000
core   0: 0x000000008000ff0e (0x00e78023) sb      a4, 0(a5)
core   0: 3 0x000000008000ff0e (0x00e78023) mem 0x000000008001206c 0x00
core   0: 0x000000008000ff12 (0xfc843703) ld      a4, -56(s0)
core   0: 3 0x000000008000ff12 (0xfc843703) x14 0x0000000080012040 mem 0x0000000080031f38
core   0: 0x000000008000ff16 (0xfb843783) ld      a5, -72(s0)
core   0: 3 0x000000008000ff16 (0xfb843783) x15 0x000000000000009c mem 0x0000000080031f28
core   0: 0x000000008000ff1a (0x000097ba) c.add   a5, a4
core   0: 3 0x000000008000ff1a (0x97ba) x15 0x00000000800120dc
core   0: 0x000000008000ff1c (0xfe043703) ld      a4, -32(s0)
core   0: 3 0x000000008000ff1c (0xfe043703) x14 0x000000008001206d mem 0x0000000080031f50
core   0: 0x000000008000ff20 (0xfcf76de3) bltu    a4, a5, pc - 38
core   0: 3 0x000000008000ff20 (0xfcf76de3)
core   0: 0x000000008000fefa (0xfe043783) ld      a5, -32(s0)
core   0: 3 0x000000008000fefa (0xfe043783) x15 0x000000008001206d mem 0x0000000080031f50
core   0: 0x000000008000fefe (0x00178713) addi    a4, a5, 1
core   0: 3 0x000000008000fefe (0x00178713) x14 0x000000008001206e
core   0: 0x000000008000ff02 (0xfee43023) sd      a4, -32(s0)
core   0: 3 0x000000008000ff02 (0xfee43023) mem 0x0000000080031f50 0x000000008001206e
core   0: 0x000000008000ff06 (0xfc442703) lw      a4, -60(s0)
core   0: 3 0x000000008000ff06 (0xfc442703) x14 0x0000000000000000 mem 0x0000000080031f34
core   0: 0x000000008000ff0a (0x0ff77713) andi    a4, a4, 255
core   0: 3 0x000000008000ff0a (0x0ff77713) x14 0x0000000000000000
core   0: 0x000000008000ff0e (0x00e78023) sb      a4, 0(a5)
core   0: 3 0x000000008000ff0e (0x00e78023) mem 0x000000008001206d 0x00
core   0: 0x000000008000ff12 (0xfc843703) ld      a4, -56(s0)
core   0: 3 0x000000008000ff12 (0xfc843703) x14 0x0000000080012040 mem 0x0000000080031f38
core   0: 0x000000008000ff16 (0xfb843783) ld      a5, -72(s0)
core   0: 3 0x000000008000ff16 (0xfb843783) x15 0x000000000000009c mem 0x0000000080031f28
core   0: 0x000000008000ff1a (0x000097ba) c.add   a5, a4
core   0: 3 0x000000008000ff1a (0x97ba) x15 0x00000000800120dc
core   0: 0x000000008000ff1c (0xfe043703) ld      a4, -32(s0)
core   0: 3 0x000000008000ff1c (0xfe043703) x14 0x000000008001206e mem 0x0000000080031f50
core   0: 0x000000008000ff20 (0xfcf76de3) bltu    a4, a5, pc - 38
core   0: 3 0x000000008000ff20 (0xfcf76de3)
core   0: 0x000000008000fefa (0xfe043783) ld      a5, -32(s0)
core   0: 3 0x000000008000fefa (0xfe043783) x15 0x000000008001206e mem 0x0000000080031f50
core   0: 0x000000008000fefe (0x00178713) addi    a4, a5, 1
core   0: 3 0x000000008000fefe (0x00178713) x14 0x000000008001206f
core   0: 0x000000008000ff02 (0xfee43023) sd      a4, -32(s0)
core   0: 3 0x000000008000ff02 (0xfee43023) mem 0x0000000080031f50 0x000000008001206f
core   0: 0x000000008000ff06 (0xfc442703) lw      a4, -60(s0)
core   0: 3 0x000000008000ff06 (0xfc442703) x14 0x0000000000000000 mem 0x0000000080031f34
core   0: 0x000000008000ff0a (0x0ff77713) andi    a4, a4, 255
core   0: 3 0x000000008000ff0a (0x0ff77713) x14 0x0000000000000000
core   0: 0x000000008000ff0e (0x00e78023) sb      a4, 0(a5)
core   0: 3 0x000000008000ff0e (0x00e78023) mem 0x000000008001206e 0x00
core   0: 0x000000008000ff12 (0xfc843703) ld      a4, -56(s0)
core   0: 3 0x000000008000ff12 (0xfc843703) x14 0x0000000080012040 mem 0x0000000080031f38
core   0: 0x000000008000ff16 (0xfb843783) ld      a5, -72(s0)
core   0: 3 0x000000008000ff16 (0xfb843783) x15 0x000000000000009c mem 0x0000000080031f28
core   0: 0x000000008000ff1a (0x000097ba) c.add   a5, a4
core   0: 3 0x000000008000ff1a (0x97ba) x15 0x00000000800120dc
core   0: 0x000000008000ff1c (0xfe043703) ld      a4, -32(s0)
core   0: 3 0x000000008000ff1c (0xfe043703) x14 0x000000008001206f mem 0x0000000080031f50
core   0: 0x000000008000ff20 (0xfcf76de3) bltu    a4, a5, pc - 38
core   0: 3 0x000000008000ff20 (0xfcf76de3)
core   0: 0x000000008000fefa (0xfe043783) ld      a5, -32(s0)
core   0: 3 0x000000008000fefa (0xfe043783) x15 0x000000008001206f mem 0x0000000080031f50
core   0: 0x000000008000fefe (0x00178713) addi    a4, a5, 1
core   0: 3 0x000000008000fefe (0x00178713) x14 0x0000000080012070
core   0: 0x000000008000ff02 (0xfee43023) sd      a4, -32(s0)
core   0: 3 0x000000008000ff02 (0xfee43023) mem 0x0000000080031f50 0x0000000080012070
core   0: 0x000000008000ff06 (0xfc442703) lw      a4, -60(s0)
core   0: 3 0x000000008000ff06 (0xfc442703) x14 0x0000000000000000 mem 0x0000000080031f34
core   0: 0x000000008000ff0a (0x0ff77713) andi    a4, a4, 255
core   0: 3 0x000000008000ff0a (0x0ff77713) x14 0x0000000000000000
core   0: 0x000000008000ff0e (0x00e78023) sb      a4, 0(a5)
core   0: 3 0x000000008000ff0e (0x00e78023) mem 0x000000008001206f 0x00
core   0: 0x000000008000ff12 (0xfc843703) ld      a4, -56(s0)
core   0: 3 0x000000008000ff12 (0xfc843703) x14 0x0000000080012040 mem 0x0000000080031f38
core   0: 0x000000008000ff16 (0xfb843783) ld      a5, -72(s0)
core   0: 3 0x000000008000ff16 (0xfb843783) x15 0x000000000000009c mem 0x0000000080031f28
core   0: 0x000000008000ff1a (0x000097ba) c.add   a5, a4
core   0: 3 0x000000008000ff1a (0x97ba) x15 0x00000000800120dc
core   0: 0x000000008000ff1c (0xfe043703) ld      a4, -32(s0)
core   0: 3 0x000000008000ff1c (0xfe043703) x14 0x0000000080012070 mem 0x0000000080031f50
core   0: 0x000000008000ff20 (0xfcf76de3) bltu    a4, a5, pc - 38
core   0: 3 0x000000008000ff20 (0xfcf76de3)
core   0: 0x000000008000fefa (0xfe043783) ld      a5, -32(s0)
core   0: 3 0x000000008000fefa (0xfe043783) x15 0x0000000080012070 mem 0x0000000080031f50
core   0: 0x000000008000fefe (0x00178713) addi    a4, a5, 1
core   0: 3 0x000000008000fefe (0x00178713) x14 0x0000000080012071
core   0: 0x000000008000ff02 (0xfee43023) sd      a4, -32(s0)
core   0: 3 0x000000008000ff02 (0xfee43023) mem 0x0000000080031f50 0x0000000080012071
core   0: 0x000000008000ff06 (0xfc442703) lw      a4, -60(s0)
core   0: 3 0x000000008000ff06 (0xfc442703) x14 0x0000000000000000 mem 0x0000000080031f34
core   0: 0x000000008000ff0a (0x0ff77713) andi    a4, a4, 255
core   0: 3 0x000000008000ff0a (0x0ff77713) x14 0x0000000000000000
core   0: 0x000000008000ff0e (0x00e78023) sb      a4, 0(a5)
core   0: 3 0x000000008000ff0e (0x00e78023) mem 0x0000000080012070 0x00
core   0: 0x000000008000ff12 (0xfc843703) ld      a4, -56(s0)
core   0: 3 0x000000008000ff12 (0xfc843703) x14 0x0000000080012040 mem 0x0000000080031f38
core   0: 0x000000008000ff16 (0xfb843783) ld      a5, -72(s0)
core   0: 3 0x000000008000ff16 (0xfb843783) x15 0x000000000000009c mem 0x0000000080031f28
core   0: 0x000000008000ff1a (0x000097ba) c.add   a5, a4
core   0: 3 0x000000008000ff1a (0x97ba) x15 0x00000000800120dc
core   0: 0x000000008000ff1c (0xfe043703) ld      a4, -32(s0)
core   0: 3 0x000000008000ff1c (0xfe043703) x14 0x0000000080012071 mem 0x0000000080031f50
core   0: 0x000000008000ff20 (0xfcf76de3) bltu    a4, a5, pc - 38
core   0: 3 0x000000008000ff20 (0xfcf76de3)
core   0: 0x000000008000fefa (0xfe043783) ld      a5, -32(s0)
core   0: 3 0x000000008000fefa (0xfe043783) x15 0x0000000080012071 mem 0x0000000080031f50
core   0: 0x000000008000fefe (0x00178713) addi    a4, a5, 1
core   0: 3 0x000000008000fefe (0x00178713) x14 0x0000000080012072
core   0: 0x000000008000ff02 (0xfee43023) sd      a4, -32(s0)
core   0: 3 0x000000008000ff02 (0xfee43023) mem 0x0000000080031f50 0x0000000080012072
core   0: 0x000000008000ff06 (0xfc442703) lw      a4, -60(s0)
core   0: 3 0x000000008000ff06 (0xfc442703) x14 0x0000000000000000 mem 0x0000000080031f34
core   0: 0x000000008000ff0a (0x0ff77713) andi    a4, a4, 255
core   0: 3 0x000000008000ff0a (0x0ff77713) x14 0x0000000000000000
core   0: 0x000000008000ff0e (0x00e78023) sb      a4, 0(a5)
core   0: 3 0x000000008000ff0e (0x00e78023) mem 0x0000000080012071 0x00
core   0: 0x000000008000ff12 (0xfc843703) ld      a4, -56(s0)
core   0: 3 0x000000008000ff12 (0xfc843703) x14 0x0000000080012040 mem 0x0000000080031f38
core   0: 0x000000008000ff16 (0xfb843783) ld      a5, -72(s0)
core   0: 3 0x000000008000ff16 (0xfb843783) x15 0x000000000000009c mem 0x0000000080031f28
core   0: 0x000000008000ff1a (0x000097ba) c.add   a5, a4
core   0: 3 0x000000008000ff1a (0x97ba) x15 0x00000000800120dc
core   0: 0x000000008000ff1c (0xfe043703) ld      a4, -32(s0)
core   0: 3 0x000000008000ff1c (0xfe043703) x14 0x0000000080012072 mem 0x0000000080031f50
core   0: 0x000000008000ff20 (0xfcf76de3) bltu    a4, a5, pc - 38
core   0: 3 0x000000008000ff20 (0xfcf76de3)
core   0: 0x000000008000fefa (0xfe043783) ld      a5, -32(s0)
core   0: 3 0x000000008000fefa (0xfe043783) x15 0x0000000080012072 mem 0x0000000080031f50
core   0: 0x000000008000fefe (0x00178713) addi    a4, a5, 1
core   0: 3 0x000000008000fefe (0x00178713) x14 0x0000000080012073
core   0: 0x000000008000ff02 (0xfee43023) sd      a4, -32(s0)
core   0: 3 0x000000008000ff02 (0xfee43023) mem 0x0000000080031f50 0x0000000080012073
core   0: 0x000000008000ff06 (0xfc442703) lw      a4, -60(s0)
core   0: 3 0x000000008000ff06 (0xfc442703) x14 0x0000000000000000 mem 0x0000000080031f34
core   0: 0x000000008000ff0a (0x0ff77713) andi    a4, a4, 255
core   0: 3 0x000000008000ff0a (0x0ff77713) x14 0x0000000000000000
core   0: 0x000000008000ff0e (0x00e78023) sb      a4, 0(a5)
core   0: 3 0x000000008000ff0e (0x00e78023) mem 0x0000000080012072 0x00
core   0: 0x000000008000ff12 (0xfc843703) ld      a4, -56(s0)
core   0: 3 0x000000008000ff12 (0xfc843703) x14 0x0000000080012040 mem 0x0000000080031f38
core   0: 0x000000008000ff16 (0xfb843783) ld      a5, -72(s0)
core   0: 3 0x000000008000ff16 (0xfb843783) x15 0x000000000000009c mem 0x0000000080031f28
core   0: 0x000000008000ff1a (0x000097ba) c.add   a5, a4
core   0: 3 0x000000008000ff1a (0x97ba) x15 0x00000000800120dc
core   0: 0x000000008000ff1c (0xfe043703) ld      a4, -32(s0)
core   0: 3 0x000000008000ff1c (0xfe043703) x14 0x0000000080012073 mem 0x0000000080031f50
core   0: 0x000000008000ff20 (0xfcf76de3) bltu    a4, a5, pc - 38
core   0: 3 0x000000008000ff20 (0xfcf76de3)
core   0: 0x000000008000fefa (0xfe043783) ld      a5, -32(s0)
core   0: 3 0x000000008000fefa (0xfe043783) x15 0x0000000080012073 mem 0x0000000080031f50
core   0: 0x000000008000fefe (0x00178713) addi    a4, a5, 1
core   0: 3 0x000000008000fefe (0x00178713) x14 0x0000000080012074
core   0: 0x000000008000ff02 (0xfee43023) sd      a4, -32(s0)
core   0: 3 0x000000008000ff02 (0xfee43023) mem 0x0000000080031f50 0x0000000080012074
core   0: 0x000000008000ff06 (0xfc442703) lw      a4, -60(s0)
core   0: 3 0x000000008000ff06 (0xfc442703) x14 0x0000000000000000 mem 0x0000000080031f34
core   0: 0x000000008000ff0a (0x0ff77713) andi    a4, a4, 255
core   0: 3 0x000000008000ff0a (0x0ff77713) x14 0x0000000000000000
core   0: 0x000000008000ff0e (0x00e78023) sb      a4, 0(a5)
core   0: 3 0x000000008000ff0e (0x00e78023) mem 0x0000000080012073 0x00
core   0: 0x000000008000ff12 (0xfc843703) ld      a4, -56(s0)
core   0: 3 0x000000008000ff12 (0xfc843703) x14 0x0000000080012040 mem 0x0000000080031f38
core   0: 0x000000008000ff16 (0xfb843783) ld      a5, -72(s0)
core   0: 3 0x000000008000ff16 (0xfb843783) x15 0x000000000000009c mem 0x0000000080031f28
core   0: 0x000000008000ff1a (0x000097ba) c.add   a5, a4
core   0: 3 0x000000008000ff1a (0x97ba) x15 0x00000000800120dc
core   0: 0x000000008000ff1c (0xfe043703) ld      a4, -32(s0)
core   0: 3 0x000000008000ff1c (0xfe043703) x14 0x0000000080012074 mem 0x0000000080031f50
core   0: 0x000000008000ff20 (0xfcf76de3) bltu    a4, a5, pc - 38
core   0: 3 0x000000008000ff20 (0xfcf76de3)
core   0: 0x000000008000fefa (0xfe043783) ld      a5, -32(s0)
core   0: 3 0x000000008000fefa (0xfe043783) x15 0x0000000080012074 mem 0x0000000080031f50
core   0: 0x000000008000fefe (0x00178713) addi    a4, a5, 1
core   0: 3 0x000000008000fefe (0x00178713) x14 0x0000000080012075
core   0: 0x000000008000ff02 (0xfee43023) sd      a4, -32(s0)
core   0: 3 0x000000008000ff02 (0xfee43023) mem 0x0000000080031f50 0x0000000080012075
core   0: 0x000000008000ff06 (0xfc442703) lw      a4, -60(s0)
core   0: 3 0x000000008000ff06 (0xfc442703) x14 0x0000000000000000 mem 0x0000000080031f34
core   0: 0x000000008000ff0a (0x0ff77713) andi    a4, a4, 255
core   0: 3 0x000000008000ff0a (0x0ff77713) x14 0x0000000000000000
core   0: 0x000000008000ff0e (0x00e78023) sb      a4, 0(a5)
core   0: 3 0x000000008000ff0e (0x00e78023) mem 0x0000000080012074 0x00
core   0: 0x000000008000ff12 (0xfc843703) ld      a4, -56(s0)
core   0: 3 0x000000008000ff12 (0xfc843703) x14 0x0000000080012040 mem 0x0000000080031f38
core   0: 0x000000008000ff16 (0xfb843783) ld      a5, -72(s0)
core   0: 3 0x000000008000ff16 (0xfb843783) x15 0x000000000000009c mem 0x0000000080031f28
core   0: 0x000000008000ff1a (0x000097ba) c.add   a5, a4
core   0: 3 0x000000008000ff1a (0x97ba) x15 0x00000000800120dc
core   0: 0x000000008000ff1c (0xfe043703) ld      a4, -32(s0)
core   0: 3 0x000000008000ff1c (0xfe043703) x14 0x0000000080012075 mem 0x0000000080031f50
core   0: 0x000000008000ff20 (0xfcf76de3) bltu    a4, a5, pc - 38
core   0: 3 0x000000008000ff20 (0xfcf76de3)
core   0: 0x000000008000fefa (0xfe043783) ld      a5, -32(s0)
core   0: 3 0x000000008000fefa (0xfe043783) x15 0x0000000080012075 mem 0x0000000080031f50
core   0: 0x000000008000fefe (0x00178713) addi    a4, a5, 1
core   0: 3 0x000000008000fefe (0x00178713) x14 0x0000000080012076
core   0: 0x000000008000ff02 (0xfee43023) sd      a4, -32(s0)
core   0: 3 0x000000008000ff02 (0xfee43023) mem 0x0000000080031f50 0x0000000080012076
core   0: 0x000000008000ff06 (0xfc442703) lw      a4, -60(s0)
core   0: 3 0x000000008000ff06 (0xfc442703) x14 0x0000000000000000 mem 0x0000000080031f34
core   0: 0x000000008000ff0a (0x0ff77713) andi    a4, a4, 255
core   0: 3 0x000000008000ff0a (0x0ff77713) x14 0x0000000000000000
core   0: 0x000000008000ff0e (0x00e78023) sb      a4, 0(a5)
core   0: 3 0x000000008000ff0e (0x00e78023) mem 0x0000000080012075 0x00
core   0: 0x000000008000ff12 (0xfc843703) ld      a4, -56(s0)
core   0: 3 0x000000008000ff12 (0xfc843703) x14 0x0000000080012040 mem 0x0000000080031f38
core   0: 0x000000008000ff16 (0xfb843783) ld      a5, -72(s0)
core   0: 3 0x000000008000ff16 (0xfb843783) x15 0x000000000000009c mem 0x0000000080031f28
core   0: 0x000000008000ff1a (0x000097ba) c.add   a5, a4
core   0: 3 0x000000008000ff1a (0x97ba) x15 0x00000000800120dc
core   0: 0x000000008000ff1c (0xfe043703) ld      a4, -32(s0)
core   0: 3 0x000000008000ff1c (0xfe043703) x14 0x0000000080012076 mem 0x0000000080031f50
core   0: 0x000000008000ff20 (0xfcf76de3) bltu    a4, a5, pc - 38
core   0: 3 0x000000008000ff20 (0xfcf76de3)
core   0: 0x000000008000fefa (0xfe043783) ld      a5, -32(s0)
core   0: 3 0x000000008000fefa (0xfe043783) x15 0x0000000080012076 mem 0x0000000080031f50
core   0: 0x000000008000fefe (0x00178713) addi    a4, a5, 1
core   0: 3 0x000000008000fefe (0x00178713) x14 0x0000000080012077
core   0: 0x000000008000ff02 (0xfee43023) sd      a4, -32(s0)
core   0: 3 0x000000008000ff02 (0xfee43023) mem 0x0000000080031f50 0x0000000080012077
core   0: 0x000000008000ff06 (0xfc442703) lw      a4, -60(s0)
core   0: 3 0x000000008000ff06 (0xfc442703) x14 0x0000000000000000 mem 0x0000000080031f34
core   0: 0x000000008000ff0a (0x0ff77713) andi    a4, a4, 255
core   0: 3 0x000000008000ff0a (0x0ff77713) x14 0x0000000000000000
core   0: 0x000000008000ff0e (0x00e78023) sb      a4, 0(a5)
core   0: 3 0x000000008000ff0e (0x00e78023) mem 0x0000000080012076 0x00
core   0: 0x000000008000ff12 (0xfc843703) ld      a4, -56(s0)
core   0: 3 0x000000008000ff12 (0xfc843703) x14 0x0000000080012040 mem 0x0000000080031f38
core   0: 0x000000008000ff16 (0xfb843783) ld      a5, -72(s0)
core   0: 3 0x000000008000ff16 (0xfb843783) x15 0x000000000000009c mem 0x0000000080031f28
core   0: 0x000000008000ff1a (0x000097ba) c.add   a5, a4
core   0: 3 0x000000008000ff1a (0x97ba) x15 0x00000000800120dc
core   0: 0x000000008000ff1c (0xfe043703) ld      a4, -32(s0)
core   0: 3 0x000000008000ff1c (0xfe043703) x14 0x0000000080012077 mem 0x0000000080031f50
core   0: 0x000000008000ff20 (0xfcf76de3) bltu    a4, a5, pc - 38
core   0: 3 0x000000008000ff20 (0xfcf76de3)
core   0: 0x000000008000fefa (0xfe043783) ld      a5, -32(s0)
core   0: 3 0x000000008000fefa (0xfe043783) x15 0x0000000080012077 mem 0x0000000080031f50
core   0: 0x000000008000fefe (0x00178713) addi    a4, a5, 1
core   0: 3 0x000000008000fefe (0x00178713) x14 0x0000000080012078
core   0: 0x000000008000ff02 (0xfee43023) sd      a4, -32(s0)
core   0: 3 0x000000008000ff02 (0xfee43023) mem 0x0000000080031f50 0x0000000080012078
core   0: 0x000000008000ff06 (0xfc442703) lw      a4, -60(s0)
core   0: 3 0x000000008000ff06 (0xfc442703) x14 0x0000000000000000 mem 0x0000000080031f34
core   0: 0x000000008000ff0a (0x0ff77713) andi    a4, a4, 255
core   0: 3 0x000000008000ff0a (0x0ff77713) x14 0x0000000000000000
core   0: 0x000000008000ff0e (0x00e78023) sb      a4, 0(a5)
core   0: 3 0x000000008000ff0e (0x00e78023) mem 0x0000000080012077 0x00
core   0: 0x000000008000ff12 (0xfc843703) ld      a4, -56(s0)
core   0: 3 0x000000008000ff12 (0xfc843703) x14 0x0000000080012040 mem 0x0000000080031f38
core   0: 0x000000008000ff16 (0xfb843783) ld      a5, -72(s0)
core   0: 3 0x000000008000ff16 (0xfb843783) x15 0x000000000000009c mem 0x0000000080031f28
core   0: 0x000000008000ff1a (0x000097ba) c.add   a5, a4
core   0: 3 0x000000008000ff1a (0x97ba) x15 0x00000000800120dc
core   0: 0x000000008000ff1c (0xfe043703) ld      a4, -32(s0)
core   0: 3 0x000000008000ff1c (0xfe043703) x14 0x0000000080012078 mem 0x0000000080031f50
core   0: 0x000000008000ff20 (0xfcf76de3) bltu    a4, a5, pc - 38
core   0: 3 0x000000008000ff20 (0xfcf76de3)
core   0: 0x000000008000fefa (0xfe043783) ld      a5, -32(s0)
core   0: 3 0x000000008000fefa (0xfe043783) x15 0x0000000080012078 mem 0x0000000080031f50
core   0: 0x000000008000fefe (0x00178713) addi    a4, a5, 1
core   0: 3 0x000000008000fefe (0x00178713) x14 0x0000000080012079
core   0: 0x000000008000ff02 (0xfee43023) sd      a4, -32(s0)
core   0: 3 0x000000008000ff02 (0xfee43023) mem 0x0000000080031f50 0x0000000080012079
core   0: 0x000000008000ff06 (0xfc442703) lw      a4, -60(s0)
core   0: 3 0x000000008000ff06 (0xfc442703) x14 0x0000000000000000 mem 0x0000000080031f34
core   0: 0x000000008000ff0a (0x0ff77713) andi    a4, a4, 255
core   0: 3 0x000000008000ff0a (0x0ff77713) x14 0x0000000000000000
core   0: 0x000000008000ff0e (0x00e78023) sb      a4, 0(a5)
core   0: 3 0x000000008000ff0e (0x00e78023) mem 0x0000000080012078 0x00
core   0: 0x000000008000ff12 (0xfc843703) ld      a4, -56(s0)
core   0: 3 0x000000008000ff12 (0xfc843703) x14 0x0000000080012040 mem 0x0000000080031f38
core   0: 0x000000008000ff16 (0xfb843783) ld      a5, -72(s0)
core   0: 3 0x000000008000ff16 (0xfb843783) x15 0x000000000000009c mem 0x0000000080031f28
core   0: 0x000000008000ff1a (0x000097ba) c.add   a5, a4
core   0: 3 0x000000008000ff1a (0x97ba) x15 0x00000000800120dc
core   0: 0x000000008000ff1c (0xfe043703) ld      a4, -32(s0)
core   0: 3 0x000000008000ff1c (0xfe043703) x14 0x0000000080012079 mem 0x0000000080031f50
core   0: 0x000000008000ff20 (0xfcf76de3) bltu    a4, a5, pc - 38
core   0: 3 0x000000008000ff20 (0xfcf76de3)
core   0: 0x000000008000fefa (0xfe043783) ld      a5, -32(s0)
core   0: 3 0x000000008000fefa (0xfe043783) x15 0x0000000080012079 mem 0x0000000080031f50
core   0: 0x000000008000fefe (0x00178713) addi    a4, a5, 1
core   0: 3 0x000000008000fefe (0x00178713) x14 0x000000008001207a
core   0: 0x000000008000ff02 (0xfee43023) sd      a4, -32(s0)
core   0: 3 0x000000008000ff02 (0xfee43023) mem 0x0000000080031f50 0x000000008001207a
core   0: 0x000000008000ff06 (0xfc442703) lw      a4, -60(s0)
core   0: 3 0x000000008000ff06 (0xfc442703) x14 0x0000000000000000 mem 0x0000000080031f34
core   0: 0x000000008000ff0a (0x0ff77713) andi    a4, a4, 255
core   0: 3 0x000000008000ff0a (0x0ff77713) x14 0x0000000000000000
core   0: 0x000000008000ff0e (0x00e78023) sb      a4, 0(a5)
core   0: 3 0x000000008000ff0e (0x00e78023) mem 0x0000000080012079 0x00
core   0: 0x000000008000ff12 (0xfc843703) ld      a4, -56(s0)
core   0: 3 0x000000008000ff12 (0xfc843703) x14 0x0000000080012040 mem 0x0000000080031f38
core   0: 0x000000008000ff16 (0xfb843783) ld      a5, -72(s0)
core   0: 3 0x000000008000ff16 (0xfb843783) x15 0x000000000000009c mem 0x0000000080031f28
core   0: 0x000000008000ff1a (0x000097ba) c.add   a5, a4
core   0: 3 0x000000008000ff1a (0x97ba) x15 0x00000000800120dc
core   0: 0x000000008000ff1c (0xfe043703) ld      a4, -32(s0)
core   0: 3 0x000000008000ff1c (0xfe043703) x14 0x000000008001207a mem 0x0000000080031f50
core   0: 0x000000008000ff20 (0xfcf76de3) bltu    a4, a5, pc - 38
core   0: 3 0x000000008000ff20 (0xfcf76de3)
core   0: 0x000000008000fefa (0xfe043783) ld      a5, -32(s0)
core   0: 3 0x000000008000fefa (0xfe043783) x15 0x000000008001207a mem 0x0000000080031f50
core   0: 0x000000008000fefe (0x00178713) addi    a4, a5, 1
core   0: 3 0x000000008000fefe (0x00178713) x14 0x000000008001207b
core   0: 0x000000008000ff02 (0xfee43023) sd      a4, -32(s0)
core   0: 3 0x000000008000ff02 (0xfee43023) mem 0x0000000080031f50 0x000000008001207b
core   0: 0x000000008000ff06 (0xfc442703) lw      a4, -60(s0)
core   0: 3 0x000000008000ff06 (0xfc442703) x14 0x0000000000000000 mem 0x0000000080031f34
core   0: 0x000000008000ff0a (0x0ff77713) andi    a4, a4, 255
core   0: 3 0x000000008000ff0a (0x0ff77713) x14 0x0000000000000000
core   0: 0x000000008000ff0e (0x00e78023) sb      a4, 0(a5)
core   0: 3 0x000000008000ff0e (0x00e78023) mem 0x000000008001207a 0x00
core   0: 0x000000008000ff12 (0xfc843703) ld      a4, -56(s0)
core   0: 3 0x000000008000ff12 (0xfc843703) x14 0x0000000080012040 mem 0x0000000080031f38
core   0: 0x000000008000ff16 (0xfb843783) ld      a5, -72(s0)
core   0: 3 0x000000008000ff16 (0xfb843783) x15 0x000000000000009c mem 0x0000000080031f28
core   0: 0x000000008000ff1a (0x000097ba) c.add   a5, a4
core   0: 3 0x000000008000ff1a (0x97ba) x15 0x00000000800120dc
core   0: 0x000000008000ff1c (0xfe043703) ld      a4, -32(s0)
core   0: 3 0x000000008000ff1c (0xfe043703) x14 0x000000008001207b mem 0x0000000080031f50
core   0: 0x000000008000ff20 (0xfcf76de3) bltu    a4, a5, pc - 38
core   0: 3 0x000000008000ff20 (0xfcf76de3)
core   0: 0x000000008000fefa (0xfe043783) ld      a5, -32(s0)
core   0: 3 0x000000008000fefa (0xfe043783) x15 0x000000008001207b mem 0x0000000080031f50
core   0: 0x000000008000fefe (0x00178713) addi    a4, a5, 1
core   0: 3 0x000000008000fefe (0x00178713) x14 0x000000008001207c
core   0: 0x000000008000ff02 (0xfee43023) sd      a4, -32(s0)
core   0: 3 0x000000008000ff02 (0xfee43023) mem 0x0000000080031f50 0x000000008001207c
core   0: 0x000000008000ff06 (0xfc442703) lw      a4, -60(s0)
core   0: 3 0x000000008000ff06 (0xfc442703) x14 0x0000000000000000 mem 0x0000000080031f34
core   0: 0x000000008000ff0a (0x0ff77713) andi    a4, a4, 255
core   0: 3 0x000000008000ff0a (0x0ff77713) x14 0x0000000000000000
core   0: 0x000000008000ff0e (0x00e78023) sb      a4, 0(a5)
core   0: 3 0x000000008000ff0e (0x00e78023) mem 0x000000008001207b 0x00
core   0: 0x000000008000ff12 (0xfc843703) ld      a4, -56(s0)
core   0: 3 0x000000008000ff12 (0xfc843703) x14 0x0000000080012040 mem 0x0000000080031f38
core   0: 0x000000008000ff16 (0xfb843783) ld      a5, -72(s0)
core   0: 3 0x000000008000ff16 (0xfb843783) x15 0x000000000000009c mem 0x0000000080031f28
core   0: 0x000000008000ff1a (0x000097ba) c.add   a5, a4
core   0: 3 0x000000008000ff1a (0x97ba) x15 0x00000000800120dc
core   0: 0x000000008000ff1c (0xfe043703) ld      a4, -32(s0)
core   0: 3 0x000000008000ff1c (0xfe043703) x14 0x000000008001207c mem 0x0000000080031f50
core   0: 0x000000008000ff20 (0xfcf76de3) bltu    a4, a5, pc - 38
core   0: 3 0x000000008000ff20 (0xfcf76de3)
core   0: 0x000000008000fefa (0xfe043783) ld      a5, -32(s0)
core   0: 3 0x000000008000fefa (0xfe043783) x15 0x000000008001207c mem 0x0000000080031f50
core   0: 0x000000008000fefe (0x00178713) addi    a4, a5, 1
core   0: 3 0x000000008000fefe (0x00178713) x14 0x000000008001207d
core   0: 0x000000008000ff02 (0xfee43023) sd      a4, -32(s0)
core   0: 3 0x000000008000ff02 (0xfee43023) mem 0x0000000080031f50 0x000000008001207d
core   0: 0x000000008000ff06 (0xfc442703) lw      a4, -60(s0)
core   0: 3 0x000000008000ff06 (0xfc442703) x14 0x0000000000000000 mem 0x0000000080031f34
core   0: 0x000000008000ff0a (0x0ff77713) andi    a4, a4, 255
core   0: 3 0x000000008000ff0a (0x0ff77713) x14 0x0000000000000000
core   0: 0x000000008000ff0e (0x00e78023) sb      a4, 0(a5)
core   0: 3 0x000000008000ff0e (0x00e78023) mem 0x000000008001207c 0x00
core   0: 0x000000008000ff12 (0xfc843703) ld      a4, -56(s0)
core   0: 3 0x000000008000ff12 (0xfc843703) x14 0x0000000080012040 mem 0x0000000080031f38
core   0: 0x000000008000ff16 (0xfb843783) ld      a5, -72(s0)
core   0: 3 0x000000008000ff16 (0xfb843783) x15 0x000000000000009c mem 0x0000000080031f28
core   0: 0x000000008000ff1a (0x000097ba) c.add   a5, a4
core   0: 3 0x000000008000ff1a (0x97ba) x15 0x00000000800120dc
core   0: 0x000000008000ff1c (0xfe043703) ld      a4, -32(s0)
core   0: 3 0x000000008000ff1c (0xfe043703) x14 0x000000008001207d mem 0x0000000080031f50
core   0: 0x000000008000ff20 (0xfcf76de3) bltu    a4, a5, pc - 38
core   0: 3 0x000000008000ff20 (0xfcf76de3)
core   0: 0x000000008000fefa (0xfe043783) ld      a5, -32(s0)
core   0: 3 0x000000008000fefa (0xfe043783) x15 0x000000008001207d mem 0x0000000080031f50
core   0: 0x000000008000fefe (0x00178713) addi    a4, a5, 1
core   0: 3 0x000000008000fefe (0x00178713) x14 0x000000008001207e
core   0: 0x000000008000ff02 (0xfee43023) sd      a4, -32(s0)
core   0: 3 0x000000008000ff02 (0xfee43023) mem 0x0000000080031f50 0x000000008001207e
core   0: 0x000000008000ff06 (0xfc442703) lw      a4, -60(s0)
core   0: 3 0x000000008000ff06 (0xfc442703) x14 0x0000000000000000 mem 0x0000000080031f34
core   0: 0x000000008000ff0a (0x0ff77713) andi    a4, a4, 255
core   0: 3 0x000000008000ff0a (0x0ff77713) x14 0x0000000000000000
core   0: 0x000000008000ff0e (0x00e78023) sb      a4, 0(a5)
core   0: 3 0x000000008000ff0e (0x00e78023) mem 0x000000008001207d 0x00
core   0: 0x000000008000ff12 (0xfc843703) ld      a4, -56(s0)
core   0: 3 0x000000008000ff12 (0xfc843703) x14 0x0000000080012040 mem 0x0000000080031f38
core   0: 0x000000008000ff16 (0xfb843783) ld      a5, -72(s0)
core   0: 3 0x000000008000ff16 (0xfb843783) x15 0x000000000000009c mem 0x0000000080031f28
core   0: 0x000000008000ff1a (0x000097ba) c.add   a5, a4
core   0: 3 0x000000008000ff1a (0x97ba) x15 0x00000000800120dc
core   0: 0x000000008000ff1c (0xfe043703) ld      a4, -32(s0)
core   0: 3 0x000000008000ff1c (0xfe043703) x14 0x000000008001207e mem 0x0000000080031f50
core   0: 0x000000008000ff20 (0xfcf76de3) bltu    a4, a5, pc - 38
core   0: 3 0x000000008000ff20 (0xfcf76de3)
core   0: 0x000000008000fefa (0xfe043783) ld      a5, -32(s0)
core   0: 3 0x000000008000fefa (0xfe043783) x15 0x000000008001207e mem 0x0000000080031f50
core   0: 0x000000008000fefe (0x00178713) addi    a4, a5, 1
core   0: 3 0x000000008000fefe (0x00178713) x14 0x000000008001207f
core   0: 0x000000008000ff02 (0xfee43023) sd      a4, -32(s0)
core   0: 3 0x000000008000ff02 (0xfee43023) mem 0x0000000080031f50 0x000000008001207f
core   0: 0x000000008000ff06 (0xfc442703) lw      a4, -60(s0)
core   0: 3 0x000000008000ff06 (0xfc442703) x14 0x0000000000000000 mem 0x0000000080031f34
core   0: 0x000000008000ff0a (0x0ff77713) andi    a4, a4, 255
core   0: 3 0x000000008000ff0a (0x0ff77713) x14 0x0000000000000000
core   0: 0x000000008000ff0e (0x00e78023) sb      a4, 0(a5)
core   0: 3 0x000000008000ff0e (0x00e78023) mem 0x000000008001207e 0x00
core   0: 0x000000008000ff12 (0xfc843703) ld      a4, -56(s0)
core   0: 3 0x000000008000ff12 (0xfc843703) x14 0x0000000080012040 mem 0x0000000080031f38
core   0: 0x000000008000ff16 (0xfb843783) ld      a5, -72(s0)
core   0: 3 0x000000008000ff16 (0xfb843783) x15 0x000000000000009c mem 0x0000000080031f28
core   0: 0x000000008000ff1a (0x000097ba) c.add   a5, a4
core   0: 3 0x000000008000ff1a (0x97ba) x15 0x00000000800120dc
core   0: 0x000000008000ff1c (0xfe043703) ld      a4, -32(s0)
core   0: 3 0x000000008000ff1c (0xfe043703) x14 0x000000008001207f mem 0x0000000080031f50
core   0: 0x000000008000ff20 (0xfcf76de3) bltu    a4, a5, pc - 38
core   0: 3 0x000000008000ff20 (0xfcf76de3)
core   0: 0x000000008000fefa (0xfe043783) ld      a5, -32(s0)
core   0: 3 0x000000008000fefa (0xfe043783) x15 0x000000008001207f mem 0x0000000080031f50
core   0: 0x000000008000fefe (0x00178713) addi    a4, a5, 1
core   0: 3 0x000000008000fefe (0x00178713) x14 0x0000000080012080
core   0: 0x000000008000ff02 (0xfee43023) sd      a4, -32(s0)
core   0: 3 0x000000008000ff02 (0xfee43023) mem 0x0000000080031f50 0x0000000080012080
core   0: 0x000000008000ff06 (0xfc442703) lw      a4, -60(s0)
core   0: 3 0x000000008000ff06 (0xfc442703) x14 0x0000000000000000 mem 0x0000000080031f34
core   0: 0x000000008000ff0a (0x0ff77713) andi    a4, a4, 255
core   0: 3 0x000000008000ff0a (0x0ff77713) x14 0x0000000000000000
core   0: 0x000000008000ff0e (0x00e78023) sb      a4, 0(a5)
core   0: 3 0x000000008000ff0e (0x00e78023) mem 0x000000008001207f 0x00
core   0: 0x000000008000ff12 (0xfc843703) ld      a4, -56(s0)
core   0: 3 0x000000008000ff12 (0xfc843703) x14 0x0000000080012040 mem 0x0000000080031f38
core   0: 0x000000008000ff16 (0xfb843783) ld      a5, -72(s0)
core   0: 3 0x000000008000ff16 (0xfb843783) x15 0x000000000000009c mem 0x0000000080031f28
core   0: 0x000000008000ff1a (0x000097ba) c.add   a5, a4
core   0: 3 0x000000008000ff1a (0x97ba) x15 0x00000000800120dc
core   0: 0x000000008000ff1c (0xfe043703) ld      a4, -32(s0)
core   0: 3 0x000000008000ff1c (0xfe043703) x14 0x0000000080012080 mem 0x0000000080031f50
core   0: 0x000000008000ff20 (0xfcf76de3) bltu    a4, a5, pc - 38
core   0: 3 0x000000008000ff20 (0xfcf76de3)
core   0: 0x000000008000fefa (0xfe043783) ld      a5, -32(s0)
core   0: 3 0x000000008000fefa (0xfe043783) x15 0x0000000080012080 mem 0x0000000080031f50
core   0: 0x000000008000fefe (0x00178713) addi    a4, a5, 1
core   0: 3 0x000000008000fefe (0x00178713) x14 0x0000000080012081
core   0: 0x000000008000ff02 (0xfee43023) sd      a4, -32(s0)
core   0: 3 0x000000008000ff02 (0xfee43023) mem 0x0000000080031f50 0x0000000080012081
core   0: 0x000000008000ff06 (0xfc442703) lw      a4, -60(s0)
core   0: 3 0x000000008000ff06 (0xfc442703) x14 0x0000000000000000 mem 0x0000000080031f34
core   0: 0x000000008000ff0a (0x0ff77713) andi    a4, a4, 255
core   0: 3 0x000000008000ff0a (0x0ff77713) x14 0x0000000000000000
core   0: 0x000000008000ff0e (0x00e78023) sb      a4, 0(a5)
core   0: 3 0x000000008000ff0e (0x00e78023) mem 0x0000000080012080 0x00
core   0: 0x000000008000ff12 (0xfc843703) ld      a4, -56(s0)
core   0: 3 0x000000008000ff12 (0xfc843703) x14 0x0000000080012040 mem 0x0000000080031f38
core   0: 0x000000008000ff16 (0xfb843783) ld      a5, -72(s0)
core   0: 3 0x000000008000ff16 (0xfb843783) x15 0x000000000000009c mem 0x0000000080031f28
core   0: 0x000000008000ff1a (0x000097ba) c.add   a5, a4
core   0: 3 0x000000008000ff1a (0x97ba) x15 0x00000000800120dc
core   0: 0x000000008000ff1c (0xfe043703) ld      a4, -32(s0)
core   0: 3 0x000000008000ff1c (0xfe043703) x14 0x0000000080012081 mem 0x0000000080031f50
core   0: 0x000000008000ff20 (0xfcf76de3) bltu    a4, a5, pc - 38
core   0: 3 0x000000008000ff20 (0xfcf76de3)
core   0: 0x000000008000fefa (0xfe043783) ld      a5, -32(s0)
core   0: 3 0x000000008000fefa (0xfe043783) x15 0x0000000080012081 mem 0x0000000080031f50
core   0: 0x000000008000fefe (0x00178713) addi    a4, a5, 1
core   0: 3 0x000000008000fefe (0x00178713) x14 0x0000000080012082
core   0: 0x000000008000ff02 (0xfee43023) sd      a4, -32(s0)
core   0: 3 0x000000008000ff02 (0xfee43023) mem 0x0000000080031f50 0x0000000080012082
core   0: 0x000000008000ff06 (0xfc442703) lw      a4, -60(s0)
core   0: 3 0x000000008000ff06 (0xfc442703) x14 0x0000000000000000 mem 0x0000000080031f34
core   0: 0x000000008000ff0a (0x0ff77713) andi    a4, a4, 255
core   0: 3 0x000000008000ff0a (0x0ff77713) x14 0x0000000000000000
core   0: 0x000000008000ff0e (0x00e78023) sb      a4, 0(a5)
core   0: 3 0x000000008000ff0e (0x00e78023) mem 0x0000000080012081 0x00
core   0: 0x000000008000ff12 (0xfc843703) ld      a4, -56(s0)
core   0: 3 0x000000008000ff12 (0xfc843703) x14 0x0000000080012040 mem 0x0000000080031f38
core   0: 0x000000008000ff16 (0xfb843783) ld      a5, -72(s0)
core   0: 3 0x000000008000ff16 (0xfb843783) x15 0x000000000000009c mem 0x0000000080031f28
core   0: 0x000000008000ff1a (0x000097ba) c.add   a5, a4
core   0: 3 0x000000008000ff1a (0x97ba) x15 0x00000000800120dc
core   0: 0x000000008000ff1c (0xfe043703) ld      a4, -32(s0)
core   0: 3 0x000000008000ff1c (0xfe043703) x14 0x0000000080012082 mem 0x0000000080031f50
core   0: 0x000000008000ff20 (0xfcf76de3) bltu    a4, a5, pc - 38
core   0: 3 0x000000008000ff20 (0xfcf76de3)
core   0: 0x000000008000fefa (0xfe043783) ld      a5, -32(s0)
core   0: 3 0x000000008000fefa (0xfe043783) x15 0x0000000080012082 mem 0x0000000080031f50
core   0: 0x000000008000fefe (0x00178713) addi    a4, a5, 1
core   0: 3 0x000000008000fefe (0x00178713) x14 0x0000000080012083
core   0: 0x000000008000ff02 (0xfee43023) sd      a4, -32(s0)
core   0: 3 0x000000008000ff02 (0xfee43023) mem 0x0000000080031f50 0x0000000080012083
core   0: 0x000000008000ff06 (0xfc442703) lw      a4, -60(s0)
core   0: 3 0x000000008000ff06 (0xfc442703) x14 0x0000000000000000 mem 0x0000000080031f34
core   0: 0x000000008000ff0a (0x0ff77713) andi    a4, a4, 255
core   0: 3 0x000000008000ff0a (0x0ff77713) x14 0x0000000000000000
core   0: 0x000000008000ff0e (0x00e78023) sb      a4, 0(a5)
core   0: 3 0x000000008000ff0e (0x00e78023) mem 0x0000000080012082 0x00
core   0: 0x000000008000ff12 (0xfc843703) ld      a4, -56(s0)
core   0: 3 0x000000008000ff12 (0xfc843703) x14 0x0000000080012040 mem 0x0000000080031f38
core   0: 0x000000008000ff16 (0xfb843783) ld      a5, -72(s0)
core   0: 3 0x000000008000ff16 (0xfb843783) x15 0x000000000000009c mem 0x0000000080031f28
core   0: 0x000000008000ff1a (0x000097ba) c.add   a5, a4
core   0: 3 0x000000008000ff1a (0x97ba) x15 0x00000000800120dc
core   0: 0x000000008000ff1c (0xfe043703) ld      a4, -32(s0)
core   0: 3 0x000000008000ff1c (0xfe043703) x14 0x0000000080012083 mem 0x0000000080031f50
core   0: 0x000000008000ff20 (0xfcf76de3) bltu    a4, a5, pc - 38
core   0: 3 0x000000008000ff20 (0xfcf76de3)
core   0: 0x000000008000fefa (0xfe043783) ld      a5, -32(s0)
core   0: 3 0x000000008000fefa (0xfe043783) x15 0x0000000080012083 mem 0x0000000080031f50
core   0: 0x000000008000fefe (0x00178713) addi    a4, a5, 1
core   0: 3 0x000000008000fefe (0x00178713) x14 0x0000000080012084
core   0: 0x000000008000ff02 (0xfee43023) sd      a4, -32(s0)
core   0: 3 0x000000008000ff02 (0xfee43023) mem 0x0000000080031f50 0x0000000080012084
core   0: 0x000000008000ff06 (0xfc442703) lw      a4, -60(s0)
core   0: 3 0x000000008000ff06 (0xfc442703) x14 0x0000000000000000 mem 0x0000000080031f34
core   0: 0x000000008000ff0a (0x0ff77713) andi    a4, a4, 255
core   0: 3 0x000000008000ff0a (0x0ff77713) x14 0x0000000000000000
core   0: 0x000000008000ff0e (0x00e78023) sb      a4, 0(a5)
core   0: 3 0x000000008000ff0e (0x00e78023) mem 0x0000000080012083 0x00
core   0: 0x000000008000ff12 (0xfc843703) ld      a4, -56(s0)
core   0: 3 0x000000008000ff12 (0xfc843703) x14 0x0000000080012040 mem 0x0000000080031f38
core   0: 0x000000008000ff16 (0xfb843783) ld      a5, -72(s0)
core   0: 3 0x000000008000ff16 (0xfb843783) x15 0x000000000000009c mem 0x0000000080031f28
core   0: 0x000000008000ff1a (0x000097ba) c.add   a5, a4
core   0: 3 0x000000008000ff1a (0x97ba) x15 0x00000000800120dc
core   0: 0x000000008000ff1c (0xfe043703) ld      a4, -32(s0)
core   0: 3 0x000000008000ff1c (0xfe043703) x14 0x0000000080012084 mem 0x0000000080031f50
core   0: 0x000000008000ff20 (0xfcf76de3) bltu    a4, a5, pc - 38
core   0: 3 0x000000008000ff20 (0xfcf76de3)
core   0: 0x000000008000fefa (0xfe043783) ld      a5, -32(s0)
core   0: 3 0x000000008000fefa (0xfe043783) x15 0x0000000080012084 mem 0x0000000080031f50
core   0: 0x000000008000fefe (0x00178713) addi    a4, a5, 1
core   0: 3 0x000000008000fefe (0x00178713) x14 0x0000000080012085
core   0: 0x000000008000ff02 (0xfee43023) sd      a4, -32(s0)
core   0: 3 0x000000008000ff02 (0xfee43023) mem 0x0000000080031f50 0x0000000080012085
core   0: 0x000000008000ff06 (0xfc442703) lw      a4, -60(s0)
core   0: 3 0x000000008000ff06 (0xfc442703) x14 0x0000000000000000 mem 0x0000000080031f34
core   0: 0x000000008000ff0a (0x0ff77713) andi    a4, a4, 255
core   0: 3 0x000000008000ff0a (0x0ff77713) x14 0x0000000000000000
core   0: 0x000000008000ff0e (0x00e78023) sb      a4, 0(a5)
core   0: 3 0x000000008000ff0e (0x00e78023) mem 0x0000000080012084 0x00
core   0: 0x000000008000ff12 (0xfc843703) ld      a4, -56(s0)
core   0: 3 0x000000008000ff12 (0xfc843703) x14 0x0000000080012040 mem 0x0000000080031f38
core   0: 0x000000008000ff16 (0xfb843783) ld      a5, -72(s0)
core   0: 3 0x000000008000ff16 (0xfb843783) x15 0x000000000000009c mem 0x0000000080031f28
core   0: 0x000000008000ff1a (0x000097ba) c.add   a5, a4
core   0: 3 0x000000008000ff1a (0x97ba) x15 0x00000000800120dc
core   0: 0x000000008000ff1c (0xfe043703) ld      a4, -32(s0)
core   0: 3 0x000000008000ff1c (0xfe043703) x14 0x0000000080012085 mem 0x0000000080031f50
core   0: 0x000000008000ff20 (0xfcf76de3) bltu    a4, a5, pc - 38
core   0: 3 0x000000008000ff20 (0xfcf76de3)
core   0: 0x000000008000fefa (0xfe043783) ld      a5, -32(s0)
core   0: 3 0x000000008000fefa (0xfe043783) x15 0x0000000080012085 mem 0x0000000080031f50
core   0: 0x000000008000fefe (0x00178713) addi    a4, a5, 1
core   0: 3 0x000000008000fefe (0x00178713) x14 0x0000000080012086
core   0: 0x000000008000ff02 (0xfee43023) sd      a4, -32(s0)
core   0: 3 0x000000008000ff02 (0xfee43023) mem 0x0000000080031f50 0x0000000080012086
core   0: 0x000000008000ff06 (0xfc442703) lw      a4, -60(s0)
core   0: 3 0x000000008000ff06 (0xfc442703) x14 0x0000000000000000 mem 0x0000000080031f34
core   0: 0x000000008000ff0a (0x0ff77713) andi    a4, a4, 255
core   0: 3 0x000000008000ff0a (0x0ff77713) x14 0x0000000000000000
core   0: 0x000000008000ff0e (0x00e78023) sb      a4, 0(a5)
core   0: 3 0x000000008000ff0e (0x00e78023) mem 0x0000000080012085 0x00
core   0: 0x000000008000ff12 (0xfc843703) ld      a4, -56(s0)
core   0: 3 0x000000008000ff12 (0xfc843703) x14 0x0000000080012040 mem 0x0000000080031f38
core   0: 0x000000008000ff16 (0xfb843783) ld      a5, -72(s0)
core   0: 3 0x000000008000ff16 (0xfb843783) x15 0x000000000000009c mem 0x0000000080031f28
core   0: 0x000000008000ff1a (0x000097ba) c.add   a5, a4
core   0: 3 0x000000008000ff1a (0x97ba) x15 0x00000000800120dc
core   0: 0x000000008000ff1c (0xfe043703) ld      a4, -32(s0)
core   0: 3 0x000000008000ff1c (0xfe043703) x14 0x0000000080012086 mem 0x0000000080031f50
core   0: 0x000000008000ff20 (0xfcf76de3) bltu    a4, a5, pc - 38
core   0: 3 0x000000008000ff20 (0xfcf76de3)
core   0: 0x000000008000fefa (0xfe043783) ld      a5, -32(s0)
core   0: 3 0x000000008000fefa (0xfe043783) x15 0x0000000080012086 mem 0x0000000080031f50
core   0: 0x000000008000fefe (0x00178713) addi    a4, a5, 1
core   0: 3 0x000000008000fefe (0x00178713) x14 0x0000000080012087
core   0: 0x000000008000ff02 (0xfee43023) sd      a4, -32(s0)
core   0: 3 0x000000008000ff02 (0xfee43023) mem 0x0000000080031f50 0x0000000080012087
core   0: 0x000000008000ff06 (0xfc442703) lw      a4, -60(s0)
core   0: 3 0x000000008000ff06 (0xfc442703) x14 0x0000000000000000 mem 0x0000000080031f34
core   0: 0x000000008000ff0a (0x0ff77713) andi    a4, a4, 255
core   0: 3 0x000000008000ff0a (0x0ff77713) x14 0x0000000000000000
core   0: 0x000000008000ff0e (0x00e78023) sb      a4, 0(a5)
core   0: 3 0x000000008000ff0e (0x00e78023) mem 0x0000000080012086 0x00
core   0: 0x000000008000ff12 (0xfc843703) ld      a4, -56(s0)
core   0: 3 0x000000008000ff12 (0xfc843703) x14 0x0000000080012040 mem 0x0000000080031f38
core   0: 0x000000008000ff16 (0xfb843783) ld      a5, -72(s0)
core   0: 3 0x000000008000ff16 (0xfb843783) x15 0x000000000000009c mem 0x0000000080031f28
core   0: 0x000000008000ff1a (0x000097ba) c.add   a5, a4
core   0: 3 0x000000008000ff1a (0x97ba) x15 0x00000000800120dc
core   0: 0x000000008000ff1c (0xfe043703) ld      a4, -32(s0)
core   0: 3 0x000000008000ff1c (0xfe043703) x14 0x0000000080012087 mem 0x0000000080031f50
core   0: 0x000000008000ff20 (0xfcf76de3) bltu    a4, a5, pc - 38
core   0: 3 0x000000008000ff20 (0xfcf76de3)
core   0: 0x000000008000fefa (0xfe043783) ld      a5, -32(s0)
core   0: 3 0x000000008000fefa (0xfe043783) x15 0x0000000080012087 mem 0x0000000080031f50
core   0: 0x000000008000fefe (0x00178713) addi    a4, a5, 1
core   0: 3 0x000000008000fefe (0x00178713) x14 0x0000000080012088
core   0: 0x000000008000ff02 (0xfee43023) sd      a4, -32(s0)
core   0: 3 0x000000008000ff02 (0xfee43023) mem 0x0000000080031f50 0x0000000080012088
core   0: 0x000000008000ff06 (0xfc442703) lw      a4, -60(s0)
core   0: 3 0x000000008000ff06 (0xfc442703) x14 0x0000000000000000 mem 0x0000000080031f34
core   0: 0x000000008000ff0a (0x0ff77713) andi    a4, a4, 255
core   0: 3 0x000000008000ff0a (0x0ff77713) x14 0x0000000000000000
core   0: 0x000000008000ff0e (0x00e78023) sb      a4, 0(a5)
core   0: 3 0x000000008000ff0e (0x00e78023) mem 0x0000000080012087 0x00
core   0: 0x000000008000ff12 (0xfc843703) ld      a4, -56(s0)
core   0: 3 0x000000008000ff12 (0xfc843703) x14 0x0000000080012040 mem 0x0000000080031f38
core   0: 0x000000008000ff16 (0xfb843783) ld      a5, -72(s0)
core   0: 3 0x000000008000ff16 (0xfb843783) x15 0x000000000000009c mem 0x0000000080031f28
core   0: 0x000000008000ff1a (0x000097ba) c.add   a5, a4
core   0: 3 0x000000008000ff1a (0x97ba) x15 0x00000000800120dc
core   0: 0x000000008000ff1c (0xfe043703) ld      a4, -32(s0)
core   0: 3 0x000000008000ff1c (0xfe043703) x14 0x0000000080012088 mem 0x0000000080031f50
core   0: 0x000000008000ff20 (0xfcf76de3) bltu    a4, a5, pc - 38
core   0: 3 0x000000008000ff20 (0xfcf76de3)
core   0: 0x000000008000fefa (0xfe043783) ld      a5, -32(s0)
core   0: 3 0x000000008000fefa (0xfe043783) x15 0x0000000080012088 mem 0x0000000080031f50
core   0: 0x000000008000fefe (0x00178713) addi    a4, a5, 1
core   0: 3 0x000000008000fefe (0x00178713) x14 0x0000000080012089
core   0: 0x000000008000ff02 (0xfee43023) sd      a4, -32(s0)
core   0: 3 0x000000008000ff02 (0xfee43023) mem 0x0000000080031f50 0x0000000080012089
core   0: 0x000000008000ff06 (0xfc442703) lw      a4, -60(s0)
core   0: 3 0x000000008000ff06 (0xfc442703) x14 0x0000000000000000 mem 0x0000000080031f34
core   0: 0x000000008000ff0a (0x0ff77713) andi    a4, a4, 255
core   0: 3 0x000000008000ff0a (0x0ff77713) x14 0x0000000000000000
core   0: 0x000000008000ff0e (0x00e78023) sb      a4, 0(a5)
core   0: 3 0x000000008000ff0e (0x00e78023) mem 0x0000000080012088 0x00
core   0: 0x000000008000ff12 (0xfc843703) ld      a4, -56(s0)
core   0: 3 0x000000008000ff12 (0xfc843703) x14 0x0000000080012040 mem 0x0000000080031f38
core   0: 0x000000008000ff16 (0xfb843783) ld      a5, -72(s0)
core   0: 3 0x000000008000ff16 (0xfb843783) x15 0x000000000000009c mem 0x0000000080031f28
core   0: 0x000000008000ff1a (0x000097ba) c.add   a5, a4
core   0: 3 0x000000008000ff1a (0x97ba) x15 0x00000000800120dc
core   0: 0x000000008000ff1c (0xfe043703) ld      a4, -32(s0)
core   0: 3 0x000000008000ff1c (0xfe043703) x14 0x0000000080012089 mem 0x0000000080031f50
core   0: 0x000000008000ff20 (0xfcf76de3) bltu    a4, a5, pc - 38
core   0: 3 0x000000008000ff20 (0xfcf76de3)
core   0: 0x000000008000fefa (0xfe043783) ld      a5, -32(s0)
core   0: 3 0x000000008000fefa (0xfe043783) x15 0x0000000080012089 mem 0x0000000080031f50
core   0: 0x000000008000fefe (0x00178713) addi    a4, a5, 1
core   0: 3 0x000000008000fefe (0x00178713) x14 0x000000008001208a
core   0: 0x000000008000ff02 (0xfee43023) sd      a4, -32(s0)
core   0: 3 0x000000008000ff02 (0xfee43023) mem 0x0000000080031f50 0x000000008001208a
core   0: 0x000000008000ff06 (0xfc442703) lw      a4, -60(s0)
core   0: 3 0x000000008000ff06 (0xfc442703) x14 0x0000000000000000 mem 0x0000000080031f34
core   0: 0x000000008000ff0a (0x0ff77713) andi    a4, a4, 255
core   0: 3 0x000000008000ff0a (0x0ff77713) x14 0x0000000000000000
core   0: 0x000000008000ff0e (0x00e78023) sb      a4, 0(a5)
core   0: 3 0x000000008000ff0e (0x00e78023) mem 0x0000000080012089 0x00
core   0: 0x000000008000ff12 (0xfc843703) ld      a4, -56(s0)
core   0: 3 0x000000008000ff12 (0xfc843703) x14 0x0000000080012040 mem 0x0000000080031f38
core   0: 0x000000008000ff16 (0xfb843783) ld      a5, -72(s0)
core   0: 3 0x000000008000ff16 (0xfb843783) x15 0x000000000000009c mem 0x0000000080031f28
core   0: 0x000000008000ff1a (0x000097ba) c.add   a5, a4
core   0: 3 0x000000008000ff1a (0x97ba) x15 0x00000000800120dc
core   0: 0x000000008000ff1c (0xfe043703) ld      a4, -32(s0)
core   0: 3 0x000000008000ff1c (0xfe043703) x14 0x000000008001208a mem 0x0000000080031f50
core   0: 0x000000008000ff20 (0xfcf76de3) bltu    a4, a5, pc - 38
core   0: 3 0x000000008000ff20 (0xfcf76de3)
core   0: 0x000000008000fefa (0xfe043783) ld      a5, -32(s0)
core   0: 3 0x000000008000fefa (0xfe043783) x15 0x000000008001208a mem 0x0000000080031f50
core   0: 0x000000008000fefe (0x00178713) addi    a4, a5, 1
core   0: 3 0x000000008000fefe (0x00178713) x14 0x000000008001208b
core   0: 0x000000008000ff02 (0xfee43023) sd      a4, -32(s0)
core   0: 3 0x000000008000ff02 (0xfee43023) mem 0x0000000080031f50 0x000000008001208b
core   0: 0x000000008000ff06 (0xfc442703) lw      a4, -60(s0)
core   0: 3 0x000000008000ff06 (0xfc442703) x14 0x0000000000000000 mem 0x0000000080031f34
core   0: 0x000000008000ff0a (0x0ff77713) andi    a4, a4, 255
core   0: 3 0x000000008000ff0a (0x0ff77713) x14 0x0000000000000000
core   0: 0x000000008000ff0e (0x00e78023) sb      a4, 0(a5)
core   0: 3 0x000000008000ff0e (0x00e78023) mem 0x000000008001208a 0x00
core   0: 0x000000008000ff12 (0xfc843703) ld      a4, -56(s0)
core   0: 3 0x000000008000ff12 (0xfc843703) x14 0x0000000080012040 mem 0x0000000080031f38
core   0: 0x000000008000ff16 (0xfb843783) ld      a5, -72(s0)
core   0: 3 0x000000008000ff16 (0xfb843783) x15 0x000000000000009c mem 0x0000000080031f28
core   0: 0x000000008000ff1a (0x000097ba) c.add   a5, a4
core   0: 3 0x000000008000ff1a (0x97ba) x15 0x00000000800120dc
core   0: 0x000000008000ff1c (0xfe043703) ld      a4, -32(s0)
core   0: 3 0x000000008000ff1c (0xfe043703) x14 0x000000008001208b mem 0x0000000080031f50
core   0: 0x000000008000ff20 (0xfcf76de3) bltu    a4, a5, pc - 38
core   0: 3 0x000000008000ff20 (0xfcf76de3)
core   0: 0x000000008000fefa (0xfe043783) ld      a5, -32(s0)
core   0: 3 0x000000008000fefa (0xfe043783) x15 0x000000008001208b mem 0x0000000080031f50
core   0: 0x000000008000fefe (0x00178713) addi    a4, a5, 1
core   0: 3 0x000000008000fefe (0x00178713) x14 0x000000008001208c
core   0: 0x000000008000ff02 (0xfee43023) sd      a4, -32(s0)
core   0: 3 0x000000008000ff02 (0xfee43023) mem 0x0000000080031f50 0x000000008001208c
core   0: 0x000000008000ff06 (0xfc442703) lw      a4, -60(s0)
core   0: 3 0x000000008000ff06 (0xfc442703) x14 0x0000000000000000 mem 0x0000000080031f34
core   0: 0x000000008000ff0a (0x0ff77713) andi    a4, a4, 255
core   0: 3 0x000000008000ff0a (0x0ff77713) x14 0x0000000000000000
core   0: 0x000000008000ff0e (0x00e78023) sb      a4, 0(a5)
core   0: 3 0x000000008000ff0e (0x00e78023) mem 0x000000008001208b 0x00
core   0: 0x000000008000ff12 (0xfc843703) ld      a4, -56(s0)
core   0: 3 0x000000008000ff12 (0xfc843703) x14 0x0000000080012040 mem 0x0000000080031f38
core   0: 0x000000008000ff16 (0xfb843783) ld      a5, -72(s0)
core   0: 3 0x000000008000ff16 (0xfb843783) x15 0x000000000000009c mem 0x0000000080031f28
core   0: 0x000000008000ff1a (0x000097ba) c.add   a5, a4
core   0: 3 0x000000008000ff1a (0x97ba) x15 0x00000000800120dc
core   0: 0x000000008000ff1c (0xfe043703) ld      a4, -32(s0)
core   0: 3 0x000000008000ff1c (0xfe043703) x14 0x000000008001208c mem 0x0000000080031f50
core   0: 0x000000008000ff20 (0xfcf76de3) bltu    a4, a5, pc - 38
core   0: 3 0x000000008000ff20 (0xfcf76de3)
core   0: 0x000000008000fefa (0xfe043783) ld      a5, -32(s0)
core   0: 3 0x000000008000fefa (0xfe043783) x15 0x000000008001208c mem 0x0000000080031f50
core   0: 0x000000008000fefe (0x00178713) addi    a4, a5, 1
core   0: 3 0x000000008000fefe (0x00178713) x14 0x000000008001208d
core   0: 0x000000008000ff02 (0xfee43023) sd      a4, -32(s0)
core   0: 3 0x000000008000ff02 (0xfee43023) mem 0x0000000080031f50 0x000000008001208d
core   0: 0x000000008000ff06 (0xfc442703) lw      a4, -60(s0)
core   0: 3 0x000000008000ff06 (0xfc442703) x14 0x0000000000000000 mem 0x0000000080031f34
core   0: 0x000000008000ff0a (0x0ff77713) andi    a4, a4, 255
core   0: 3 0x000000008000ff0a (0x0ff77713) x14 0x0000000000000000
core   0: 0x000000008000ff0e (0x00e78023) sb      a4, 0(a5)
core   0: 3 0x000000008000ff0e (0x00e78023) mem 0x000000008001208c 0x00
core   0: 0x000000008000ff12 (0xfc843703) ld      a4, -56(s0)
core   0: 3 0x000000008000ff12 (0xfc843703) x14 0x0000000080012040 mem 0x0000000080031f38
core   0: 0x000000008000ff16 (0xfb843783) ld      a5, -72(s0)
core   0: 3 0x000000008000ff16 (0xfb843783) x15 0x000000000000009c mem 0x0000000080031f28
core   0: 0x000000008000ff1a (0x000097ba) c.add   a5, a4
core   0: 3 0x000000008000ff1a (0x97ba) x15 0x00000000800120dc
core   0: 0x000000008000ff1c (0xfe043703) ld      a4, -32(s0)
core   0: 3 0x000000008000ff1c (0xfe043703) x14 0x000000008001208d mem 0x0000000080031f50
core   0: 0x000000008000ff20 (0xfcf76de3) bltu    a4, a5, pc - 38
core   0: 3 0x000000008000ff20 (0xfcf76de3)
core   0: 0x000000008000fefa (0xfe043783) ld      a5, -32(s0)
core   0: 3 0x000000008000fefa (0xfe043783) x15 0x000000008001208d mem 0x0000000080031f50
core   0: 0x000000008000fefe (0x00178713) addi    a4, a5, 1
core   0: 3 0x000000008000fefe (0x00178713) x14 0x000000008001208e
core   0: 0x000000008000ff02 (0xfee43023) sd      a4, -32(s0)
core   0: 3 0x000000008000ff02 (0xfee43023) mem 0x0000000080031f50 0x000000008001208e
core   0: 0x000000008000ff06 (0xfc442703) lw      a4, -60(s0)
core   0: 3 0x000000008000ff06 (0xfc442703) x14 0x0000000000000000 mem 0x0000000080031f34
core   0: 0x000000008000ff0a (0x0ff77713) andi    a4, a4, 255
core   0: 3 0x000000008000ff0a (0x0ff77713) x14 0x0000000000000000
core   0: 0x000000008000ff0e (0x00e78023) sb      a4, 0(a5)
core   0: 3 0x000000008000ff0e (0x00e78023) mem 0x000000008001208d 0x00
core   0: 0x000000008000ff12 (0xfc843703) ld      a4, -56(s0)
core   0: 3 0x000000008000ff12 (0xfc843703) x14 0x0000000080012040 mem 0x0000000080031f38
core   0: 0x000000008000ff16 (0xfb843783) ld      a5, -72(s0)
core   0: 3 0x000000008000ff16 (0xfb843783) x15 0x000000000000009c mem 0x0000000080031f28
core   0: 0x000000008000ff1a (0x000097ba) c.add   a5, a4
core   0: 3 0x000000008000ff1a (0x97ba) x15 0x00000000800120dc
core   0: 0x000000008000ff1c (0xfe043703) ld      a4, -32(s0)
core   0: 3 0x000000008000ff1c (0xfe043703) x14 0x000000008001208e mem 0x0000000080031f50
core   0: 0x000000008000ff20 (0xfcf76de3) bltu    a4, a5, pc - 38
core   0: 3 0x000000008000ff20 (0xfcf76de3)
core   0: 0x000000008000fefa (0xfe043783) ld      a5, -32(s0)
core   0: 3 0x000000008000fefa (0xfe043783) x15 0x000000008001208e mem 0x0000000080031f50
core   0: 0x000000008000fefe (0x00178713) addi    a4, a5, 1
core   0: 3 0x000000008000fefe (0x00178713) x14 0x000000008001208f
core   0: 0x000000008000ff02 (0xfee43023) sd      a4, -32(s0)
core   0: 3 0x000000008000ff02 (0xfee43023) mem 0x0000000080031f50 0x000000008001208f
core   0: 0x000000008000ff06 (0xfc442703) lw      a4, -60(s0)
core   0: 3 0x000000008000ff06 (0xfc442703) x14 0x0000000000000000 mem 0x0000000080031f34
core   0: 0x000000008000ff0a (0x0ff77713) andi    a4, a4, 255
core   0: 3 0x000000008000ff0a (0x0ff77713) x14 0x0000000000000000
core   0: 0x000000008000ff0e (0x00e78023) sb      a4, 0(a5)
core   0: 3 0x000000008000ff0e (0x00e78023) mem 0x000000008001208e 0x00
core   0: 0x000000008000ff12 (0xfc843703) ld      a4, -56(s0)
core   0: 3 0x000000008000ff12 (0xfc843703) x14 0x0000000080012040 mem 0x0000000080031f38
core   0: 0x000000008000ff16 (0xfb843783) ld      a5, -72(s0)
core   0: 3 0x000000008000ff16 (0xfb843783) x15 0x000000000000009c mem 0x0000000080031f28
core   0: 0x000000008000ff1a (0x000097ba) c.add   a5, a4
core   0: 3 0x000000008000ff1a (0x97ba) x15 0x00000000800120dc
core   0: 0x000000008000ff1c (0xfe043703) ld      a4, -32(s0)
core   0: 3 0x000000008000ff1c (0xfe043703) x14 0x000000008001208f mem 0x0000000080031f50
core   0: 0x000000008000ff20 (0xfcf76de3) bltu    a4, a5, pc - 38
core   0: 3 0x000000008000ff20 (0xfcf76de3)
core   0: 0x000000008000fefa (0xfe043783) ld      a5, -32(s0)
core   0: 3 0x000000008000fefa (0xfe043783) x15 0x000000008001208f mem 0x0000000080031f50
core   0: 0x000000008000fefe (0x00178713) addi    a4, a5, 1
core   0: 3 0x000000008000fefe (0x00178713) x14 0x0000000080012090
core   0: 0x000000008000ff02 (0xfee43023) sd      a4, -32(s0)
core   0: 3 0x000000008000ff02 (0xfee43023) mem 0x0000000080031f50 0x0000000080012090
core   0: 0x000000008000ff06 (0xfc442703) lw      a4, -60(s0)
core   0: 3 0x000000008000ff06 (0xfc442703) x14 0x0000000000000000 mem 0x0000000080031f34
core   0: 0x000000008000ff0a (0x0ff77713) andi    a4, a4, 255
core   0: 3 0x000000008000ff0a (0x0ff77713) x14 0x0000000000000000
core   0: 0x000000008000ff0e (0x00e78023) sb      a4, 0(a5)
core   0: 3 0x000000008000ff0e (0x00e78023) mem 0x000000008001208f 0x00
core   0: 0x000000008000ff12 (0xfc843703) ld      a4, -56(s0)
core   0: 3 0x000000008000ff12 (0xfc843703) x14 0x0000000080012040 mem 0x0000000080031f38
core   0: 0x000000008000ff16 (0xfb843783) ld      a5, -72(s0)
core   0: 3 0x000000008000ff16 (0xfb843783) x15 0x000000000000009c mem 0x0000000080031f28
core   0: 0x000000008000ff1a (0x000097ba) c.add   a5, a4
core   0: 3 0x000000008000ff1a (0x97ba) x15 0x00000000800120dc
core   0: 0x000000008000ff1c (0xfe043703) ld      a4, -32(s0)
core   0: 3 0x000000008000ff1c (0xfe043703) x14 0x0000000080012090 mem 0x0000000080031f50
core   0: 0x000000008000ff20 (0xfcf76de3) bltu    a4, a5, pc - 38
core   0: 3 0x000000008000ff20 (0xfcf76de3)
core   0: 0x000000008000fefa (0xfe043783) ld      a5, -32(s0)
core   0: 3 0x000000008000fefa (0xfe043783) x15 0x0000000080012090 mem 0x0000000080031f50
core   0: 0x000000008000fefe (0x00178713) addi    a4, a5, 1
core   0: 3 0x000000008000fefe (0x00178713) x14 0x0000000080012091
core   0: 0x000000008000ff02 (0xfee43023) sd      a4, -32(s0)
core   0: 3 0x000000008000ff02 (0xfee43023) mem 0x0000000080031f50 0x0000000080012091
core   0: 0x000000008000ff06 (0xfc442703) lw      a4, -60(s0)
core   0: 3 0x000000008000ff06 (0xfc442703) x14 0x0000000000000000 mem 0x0000000080031f34
core   0: 0x000000008000ff0a (0x0ff77713) andi    a4, a4, 255
core   0: 3 0x000000008000ff0a (0x0ff77713) x14 0x0000000000000000
core   0: 0x000000008000ff0e (0x00e78023) sb      a4, 0(a5)
core   0: 3 0x000000008000ff0e (0x00e78023) mem 0x0000000080012090 0x00
core   0: 0x000000008000ff12 (0xfc843703) ld      a4, -56(s0)
core   0: 3 0x000000008000ff12 (0xfc843703) x14 0x0000000080012040 mem 0x0000000080031f38
core   0: 0x000000008000ff16 (0xfb843783) ld      a5, -72(s0)
core   0: 3 0x000000008000ff16 (0xfb843783) x15 0x000000000000009c mem 0x0000000080031f28
core   0: 0x000000008000ff1a (0x000097ba) c.add   a5, a4
core   0: 3 0x000000008000ff1a (0x97ba) x15 0x00000000800120dc
core   0: 0x000000008000ff1c (0xfe043703) ld      a4, -32(s0)
core   0: 3 0x000000008000ff1c (0xfe043703) x14 0x0000000080012091 mem 0x0000000080031f50
core   0: 0x000000008000ff20 (0xfcf76de3) bltu    a4, a5, pc - 38
core   0: 3 0x000000008000ff20 (0xfcf76de3)
core   0: 0x000000008000fefa (0xfe043783) ld      a5, -32(s0)
core   0: 3 0x000000008000fefa (0xfe043783) x15 0x0000000080012091 mem 0x0000000080031f50
core   0: 0x000000008000fefe (0x00178713) addi    a4, a5, 1
core   0: 3 0x000000008000fefe (0x00178713) x14 0x0000000080012092
core   0: 0x000000008000ff02 (0xfee43023) sd      a4, -32(s0)
core   0: 3 0x000000008000ff02 (0xfee43023) mem 0x0000000080031f50 0x0000000080012092
core   0: 0x000000008000ff06 (0xfc442703) lw      a4, -60(s0)
core   0: 3 0x000000008000ff06 (0xfc442703) x14 0x0000000000000000 mem 0x0000000080031f34
core   0: 0x000000008000ff0a (0x0ff77713) andi    a4, a4, 255
core   0: 3 0x000000008000ff0a (0x0ff77713) x14 0x0000000000000000
core   0: 0x000000008000ff0e (0x00e78023) sb      a4, 0(a5)
core   0: 3 0x000000008000ff0e (0x00e78023) mem 0x0000000080012091 0x00
core   0: 0x000000008000ff12 (0xfc843703) ld      a4, -56(s0)
core   0: 3 0x000000008000ff12 (0xfc843703) x14 0x0000000080012040 mem 0x0000000080031f38
core   0: 0x000000008000ff16 (0xfb843783) ld      a5, -72(s0)
core   0: 3 0x000000008000ff16 (0xfb843783) x15 0x000000000000009c mem 0x0000000080031f28
core   0: 0x000000008000ff1a (0x000097ba) c.add   a5, a4
core   0: 3 0x000000008000ff1a (0x97ba) x15 0x00000000800120dc
core   0: 0x000000008000ff1c (0xfe043703) ld      a4, -32(s0)
core   0: 3 0x000000008000ff1c (0xfe043703) x14 0x0000000080012092 mem 0x0000000080031f50
core   0: 0x000000008000ff20 (0xfcf76de3) bltu    a4, a5, pc - 38
core   0: 3 0x000000008000ff20 (0xfcf76de3)
core   0: 0x000000008000fefa (0xfe043783) ld      a5, -32(s0)
core   0: 3 0x000000008000fefa (0xfe043783) x15 0x0000000080012092 mem 0x0000000080031f50
core   0: 0x000000008000fefe (0x00178713) addi    a4, a5, 1
core   0: 3 0x000000008000fefe (0x00178713) x14 0x0000000080012093
core   0: 0x000000008000ff02 (0xfee43023) sd      a4, -32(s0)
core   0: 3 0x000000008000ff02 (0xfee43023) mem 0x0000000080031f50 0x0000000080012093
core   0: 0x000000008000ff06 (0xfc442703) lw      a4, -60(s0)
core   0: 3 0x000000008000ff06 (0xfc442703) x14 0x0000000000000000 mem 0x0000000080031f34
core   0: 0x000000008000ff0a (0x0ff77713) andi    a4, a4, 255
core   0: 3 0x000000008000ff0a (0x0ff77713) x14 0x0000000000000000
core   0: 0x000000008000ff0e (0x00e78023) sb      a4, 0(a5)
core   0: 3 0x000000008000ff0e (0x00e78023) mem 0x0000000080012092 0x00
core   0: 0x000000008000ff12 (0xfc843703) ld      a4, -56(s0)
core   0: 3 0x000000008000ff12 (0xfc843703) x14 0x0000000080012040 mem 0x0000000080031f38
core   0: 0x000000008000ff16 (0xfb843783) ld      a5, -72(s0)
core   0: 3 0x000000008000ff16 (0xfb843783) x15 0x000000000000009c mem 0x0000000080031f28
core   0: 0x000000008000ff1a (0x000097ba) c.add   a5, a4
core   0: 3 0x000000008000ff1a (0x97ba) x15 0x00000000800120dc
core   0: 0x000000008000ff1c (0xfe043703) ld      a4, -32(s0)
core   0: 3 0x000000008000ff1c (0xfe043703) x14 0x0000000080012093 mem 0x0000000080031f50
core   0: 0x000000008000ff20 (0xfcf76de3) bltu    a4, a5, pc - 38
core   0: 3 0x000000008000ff20 (0xfcf76de3)
core   0: 0x000000008000fefa (0xfe043783) ld      a5, -32(s0)
core   0: 3 0x000000008000fefa (0xfe043783) x15 0x0000000080012093 mem 0x0000000080031f50
core   0: 0x000000008000fefe (0x00178713) addi    a4, a5, 1
core   0: 3 0x000000008000fefe (0x00178713) x14 0x0000000080012094
core   0: 0x000000008000ff02 (0xfee43023) sd      a4, -32(s0)
core   0: 3 0x000000008000ff02 (0xfee43023) mem 0x0000000080031f50 0x0000000080012094
core   0: 0x000000008000ff06 (0xfc442703) lw      a4, -60(s0)
core   0: 3 0x000000008000ff06 (0xfc442703) x14 0x0000000000000000 mem 0x0000000080031f34
core   0: 0x000000008000ff0a (0x0ff77713) andi    a4, a4, 255
core   0: 3 0x000000008000ff0a (0x0ff77713) x14 0x0000000000000000
core   0: 0x000000008000ff0e (0x00e78023) sb      a4, 0(a5)
core   0: 3 0x000000008000ff0e (0x00e78023) mem 0x0000000080012093 0x00
core   0: 0x000000008000ff12 (0xfc843703) ld      a4, -56(s0)
core   0: 3 0x000000008000ff12 (0xfc843703) x14 0x0000000080012040 mem 0x0000000080031f38
core   0: 0x000000008000ff16 (0xfb843783) ld      a5, -72(s0)
core   0: 3 0x000000008000ff16 (0xfb843783) x15 0x000000000000009c mem 0x0000000080031f28
core   0: 0x000000008000ff1a (0x000097ba) c.add   a5, a4
core   0: 3 0x000000008000ff1a (0x97ba) x15 0x00000000800120dc
core   0: 0x000000008000ff1c (0xfe043703) ld      a4, -32(s0)
core   0: 3 0x000000008000ff1c (0xfe043703) x14 0x0000000080012094 mem 0x0000000080031f50
core   0: 0x000000008000ff20 (0xfcf76de3) bltu    a4, a5, pc - 38
core   0: 3 0x000000008000ff20 (0xfcf76de3)
core   0: 0x000000008000fefa (0xfe043783) ld      a5, -32(s0)
core   0: 3 0x000000008000fefa (0xfe043783) x15 0x0000000080012094 mem 0x0000000080031f50
core   0: 0x000000008000fefe (0x00178713) addi    a4, a5, 1
core   0: 3 0x000000008000fefe (0x00178713) x14 0x0000000080012095
core   0: 0x000000008000ff02 (0xfee43023) sd      a4, -32(s0)
core   0: 3 0x000000008000ff02 (0xfee43023) mem 0x0000000080031f50 0x0000000080012095
core   0: 0x000000008000ff06 (0xfc442703) lw      a4, -60(s0)
core   0: 3 0x000000008000ff06 (0xfc442703) x14 0x0000000000000000 mem 0x0000000080031f34
core   0: 0x000000008000ff0a (0x0ff77713) andi    a4, a4, 255
core   0: 3 0x000000008000ff0a (0x0ff77713) x14 0x0000000000000000
core   0: 0x000000008000ff0e (0x00e78023) sb      a4, 0(a5)
core   0: 3 0x000000008000ff0e (0x00e78023) mem 0x0000000080012094 0x00
core   0: 0x000000008000ff12 (0xfc843703) ld      a4, -56(s0)
core   0: 3 0x000000008000ff12 (0xfc843703) x14 0x0000000080012040 mem 0x0000000080031f38
core   0: 0x000000008000ff16 (0xfb843783) ld      a5, -72(s0)
core   0: 3 0x000000008000ff16 (0xfb843783) x15 0x000000000000009c mem 0x0000000080031f28
core   0: 0x000000008000ff1a (0x000097ba) c.add   a5, a4
core   0: 3 0x000000008000ff1a (0x97ba) x15 0x00000000800120dc
core   0: 0x000000008000ff1c (0xfe043703) ld      a4, -32(s0)
core   0: 3 0x000000008000ff1c (0xfe043703) x14 0x0000000080012095 mem 0x0000000080031f50
core   0: 0x000000008000ff20 (0xfcf76de3) bltu    a4, a5, pc - 38
core   0: 3 0x000000008000ff20 (0xfcf76de3)
core   0: 0x000000008000fefa (0xfe043783) ld      a5, -32(s0)
core   0: 3 0x000000008000fefa (0xfe043783) x15 0x0000000080012095 mem 0x0000000080031f50
core   0: 0x000000008000fefe (0x00178713) addi    a4, a5, 1
core   0: 3 0x000000008000fefe (0x00178713) x14 0x0000000080012096
core   0: 0x000000008000ff02 (0xfee43023) sd      a4, -32(s0)
core   0: 3 0x000000008000ff02 (0xfee43023) mem 0x0000000080031f50 0x0000000080012096
core   0: 0x000000008000ff06 (0xfc442703) lw      a4, -60(s0)
core   0: 3 0x000000008000ff06 (0xfc442703) x14 0x0000000000000000 mem 0x0000000080031f34
core   0: 0x000000008000ff0a (0x0ff77713) andi    a4, a4, 255
core   0: 3 0x000000008000ff0a (0x0ff77713) x14 0x0000000000000000
core   0: 0x000000008000ff0e (0x00e78023) sb      a4, 0(a5)
core   0: 3 0x000000008000ff0e (0x00e78023) mem 0x0000000080012095 0x00
core   0: 0x000000008000ff12 (0xfc843703) ld      a4, -56(s0)
core   0: 3 0x000000008000ff12 (0xfc843703) x14 0x0000000080012040 mem 0x0000000080031f38
core   0: 0x000000008000ff16 (0xfb843783) ld      a5, -72(s0)
core   0: 3 0x000000008000ff16 (0xfb843783) x15 0x000000000000009c mem 0x0000000080031f28
core   0: 0x000000008000ff1a (0x000097ba) c.add   a5, a4
core   0: 3 0x000000008000ff1a (0x97ba) x15 0x00000000800120dc
core   0: 0x000000008000ff1c (0xfe043703) ld      a4, -32(s0)
core   0: 3 0x000000008000ff1c (0xfe043703) x14 0x0000000080012096 mem 0x0000000080031f50
core   0: 0x000000008000ff20 (0xfcf76de3) bltu    a4, a5, pc - 38
core   0: 3 0x000000008000ff20 (0xfcf76de3)
core   0: 0x000000008000fefa (0xfe043783) ld      a5, -32(s0)
core   0: 3 0x000000008000fefa (0xfe043783) x15 0x0000000080012096 mem 0x0000000080031f50
core   0: 0x000000008000fefe (0x00178713) addi    a4, a5, 1
core   0: 3 0x000000008000fefe (0x00178713) x14 0x0000000080012097
core   0: 0x000000008000ff02 (0xfee43023) sd      a4, -32(s0)
core   0: 3 0x000000008000ff02 (0xfee43023) mem 0x0000000080031f50 0x0000000080012097
core   0: 0x000000008000ff06 (0xfc442703) lw      a4, -60(s0)
core   0: 3 0x000000008000ff06 (0xfc442703) x14 0x0000000000000000 mem 0x0000000080031f34
core   0: 0x000000008000ff0a (0x0ff77713) andi    a4, a4, 255
core   0: 3 0x000000008000ff0a (0x0ff77713) x14 0x0000000000000000
core   0: 0x000000008000ff0e (0x00e78023) sb      a4, 0(a5)
core   0: 3 0x000000008000ff0e (0x00e78023) mem 0x0000000080012096 0x00
core   0: 0x000000008000ff12 (0xfc843703) ld      a4, -56(s0)
core   0: 3 0x000000008000ff12 (0xfc843703) x14 0x0000000080012040 mem 0x0000000080031f38
core   0: 0x000000008000ff16 (0xfb843783) ld      a5, -72(s0)
core   0: 3 0x000000008000ff16 (0xfb843783) x15 0x000000000000009c mem 0x0000000080031f28
core   0: 0x000000008000ff1a (0x000097ba) c.add   a5, a4
core   0: 3 0x000000008000ff1a (0x97ba) x15 0x00000000800120dc
core   0: 0x000000008000ff1c (0xfe043703) ld      a4, -32(s0)
core   0: 3 0x000000008000ff1c (0xfe043703) x14 0x0000000080012097 mem 0x0000000080031f50
core   0: 0x000000008000ff20 (0xfcf76de3) bltu    a4, a5, pc - 38
core   0: 3 0x000000008000ff20 (0xfcf76de3)
core   0: 0x000000008000fefa (0xfe043783) ld      a5, -32(s0)
core   0: 3 0x000000008000fefa (0xfe043783) x15 0x0000000080012097 mem 0x0000000080031f50
core   0: 0x000000008000fefe (0x00178713) addi    a4, a5, 1
core   0: 3 0x000000008000fefe (0x00178713) x14 0x0000000080012098
core   0: 0x000000008000ff02 (0xfee43023) sd      a4, -32(s0)
core   0: 3 0x000000008000ff02 (0xfee43023) mem 0x0000000080031f50 0x0000000080012098
core   0: 0x000000008000ff06 (0xfc442703) lw      a4, -60(s0)
core   0: 3 0x000000008000ff06 (0xfc442703) x14 0x0000000000000000 mem 0x0000000080031f34
core   0: 0x000000008000ff0a (0x0ff77713) andi    a4, a4, 255
core   0: 3 0x000000008000ff0a (0x0ff77713) x14 0x0000000000000000
core   0: 0x000000008000ff0e (0x00e78023) sb      a4, 0(a5)
core   0: 3 0x000000008000ff0e (0x00e78023) mem 0x0000000080012097 0x00
core   0: 0x000000008000ff12 (0xfc843703) ld      a4, -56(s0)
core   0: 3 0x000000008000ff12 (0xfc843703) x14 0x0000000080012040 mem 0x0000000080031f38
core   0: 0x000000008000ff16 (0xfb843783) ld      a5, -72(s0)
core   0: 3 0x000000008000ff16 (0xfb843783) x15 0x000000000000009c mem 0x0000000080031f28
core   0: 0x000000008000ff1a (0x000097ba) c.add   a5, a4
core   0: 3 0x000000008000ff1a (0x97ba) x15 0x00000000800120dc
core   0: 0x000000008000ff1c (0xfe043703) ld      a4, -32(s0)
core   0: 3 0x000000008000ff1c (0xfe043703) x14 0x0000000080012098 mem 0x0000000080031f50
core   0: 0x000000008000ff20 (0xfcf76de3) bltu    a4, a5, pc - 38
core   0: 3 0x000000008000ff20 (0xfcf76de3)
core   0: 0x000000008000fefa (0xfe043783) ld      a5, -32(s0)
core   0: 3 0x000000008000fefa (0xfe043783) x15 0x0000000080012098 mem 0x0000000080031f50
core   0: 0x000000008000fefe (0x00178713) addi    a4, a5, 1
core   0: 3 0x000000008000fefe (0x00178713) x14 0x0000000080012099
core   0: 0x000000008000ff02 (0xfee43023) sd      a4, -32(s0)
core   0: 3 0x000000008000ff02 (0xfee43023) mem 0x0000000080031f50 0x0000000080012099
core   0: 0x000000008000ff06 (0xfc442703) lw      a4, -60(s0)
core   0: 3 0x000000008000ff06 (0xfc442703) x14 0x0000000000000000 mem 0x0000000080031f34
core   0: 0x000000008000ff0a (0x0ff77713) andi    a4, a4, 255
core   0: 3 0x000000008000ff0a (0x0ff77713) x14 0x0000000000000000
core   0: 0x000000008000ff0e (0x00e78023) sb      a4, 0(a5)
core   0: 3 0x000000008000ff0e (0x00e78023) mem 0x0000000080012098 0x00
core   0: 0x000000008000ff12 (0xfc843703) ld      a4, -56(s0)
core   0: 3 0x000000008000ff12 (0xfc843703) x14 0x0000000080012040 mem 0x0000000080031f38
core   0: 0x000000008000ff16 (0xfb843783) ld      a5, -72(s0)
core   0: 3 0x000000008000ff16 (0xfb843783) x15 0x000000000000009c mem 0x0000000080031f28
core   0: 0x000000008000ff1a (0x000097ba) c.add   a5, a4
core   0: 3 0x000000008000ff1a (0x97ba) x15 0x00000000800120dc
core   0: 0x000000008000ff1c (0xfe043703) ld      a4, -32(s0)
core   0: 3 0x000000008000ff1c (0xfe043703) x14 0x0000000080012099 mem 0x0000000080031f50
core   0: 0x000000008000ff20 (0xfcf76de3) bltu    a4, a5, pc - 38
core   0: 3 0x000000008000ff20 (0xfcf76de3)
core   0: 0x000000008000fefa (0xfe043783) ld      a5, -32(s0)
core   0: 3 0x000000008000fefa (0xfe043783) x15 0x0000000080012099 mem 0x0000000080031f50
core   0: 0x000000008000fefe (0x00178713) addi    a4, a5, 1
core   0: 3 0x000000008000fefe (0x00178713) x14 0x000000008001209a
core   0: 0x000000008000ff02 (0xfee43023) sd      a4, -32(s0)
core   0: 3 0x000000008000ff02 (0xfee43023) mem 0x0000000080031f50 0x000000008001209a
core   0: 0x000000008000ff06 (0xfc442703) lw      a4, -60(s0)
core   0: 3 0x000000008000ff06 (0xfc442703) x14 0x0000000000000000 mem 0x0000000080031f34
core   0: 0x000000008000ff0a (0x0ff77713) andi    a4, a4, 255
core   0: 3 0x000000008000ff0a (0x0ff77713) x14 0x0000000000000000
core   0: 0x000000008000ff0e (0x00e78023) sb      a4, 0(a5)
core   0: 3 0x000000008000ff0e (0x00e78023) mem 0x0000000080012099 0x00
core   0: 0x000000008000ff12 (0xfc843703) ld      a4, -56(s0)
core   0: 3 0x000000008000ff12 (0xfc843703) x14 0x0000000080012040 mem 0x0000000080031f38
core   0: 0x000000008000ff16 (0xfb843783) ld      a5, -72(s0)
core   0: 3 0x000000008000ff16 (0xfb843783) x15 0x000000000000009c mem 0x0000000080031f28
core   0: 0x000000008000ff1a (0x000097ba) c.add   a5, a4
core   0: 3 0x000000008000ff1a (0x97ba) x15 0x00000000800120dc
core   0: 0x000000008000ff1c (0xfe043703) ld      a4, -32(s0)
core   0: 3 0x000000008000ff1c (0xfe043703) x14 0x000000008001209a mem 0x0000000080031f50
core   0: 0x000000008000ff20 (0xfcf76de3) bltu    a4, a5, pc - 38
core   0: 3 0x000000008000ff20 (0xfcf76de3)
core   0: 0x000000008000fefa (0xfe043783) ld      a5, -32(s0)
core   0: 3 0x000000008000fefa (0xfe043783) x15 0x000000008001209a mem 0x0000000080031f50
core   0: 0x000000008000fefe (0x00178713) addi    a4, a5, 1
core   0: 3 0x000000008000fefe (0x00178713) x14 0x000000008001209b
core   0: 0x000000008000ff02 (0xfee43023) sd      a4, -32(s0)
core   0: 3 0x000000008000ff02 (0xfee43023) mem 0x0000000080031f50 0x000000008001209b
core   0: 0x000000008000ff06 (0xfc442703) lw      a4, -60(s0)
core   0: 3 0x000000008000ff06 (0xfc442703) x14 0x0000000000000000 mem 0x0000000080031f34
core   0: 0x000000008000ff0a (0x0ff77713) andi    a4, a4, 255
core   0: 3 0x000000008000ff0a (0x0ff77713) x14 0x0000000000000000
core   0: 0x000000008000ff0e (0x00e78023) sb      a4, 0(a5)
core   0: 3 0x000000008000ff0e (0x00e78023) mem 0x000000008001209a 0x00
core   0: 0x000000008000ff12 (0xfc843703) ld      a4, -56(s0)
core   0: 3 0x000000008000ff12 (0xfc843703) x14 0x0000000080012040 mem 0x0000000080031f38
core   0: 0x000000008000ff16 (0xfb843783) ld      a5, -72(s0)
core   0: 3 0x000000008000ff16 (0xfb843783) x15 0x000000000000009c mem 0x0000000080031f28
core   0: 0x000000008000ff1a (0x000097ba) c.add   a5, a4
core   0: 3 0x000000008000ff1a (0x97ba) x15 0x00000000800120dc
core   0: 0x000000008000ff1c (0xfe043703) ld      a4, -32(s0)
core   0: 3 0x000000008000ff1c (0xfe043703) x14 0x000000008001209b mem 0x0000000080031f50
core   0: 0x000000008000ff20 (0xfcf76de3) bltu    a4, a5, pc - 38
core   0: 3 0x000000008000ff20 (0xfcf76de3)
core   0: 0x000000008000fefa (0xfe043783) ld      a5, -32(s0)
core   0: 3 0x000000008000fefa (0xfe043783) x15 0x000000008001209b mem 0x0000000080031f50
core   0: 0x000000008000fefe (0x00178713) addi    a4, a5, 1
core   0: 3 0x000000008000fefe (0x00178713) x14 0x000000008001209c
core   0: 0x000000008000ff02 (0xfee43023) sd      a4, -32(s0)
core   0: 3 0x000000008000ff02 (0xfee43023) mem 0x0000000080031f50 0x000000008001209c
core   0: 0x000000008000ff06 (0xfc442703) lw      a4, -60(s0)
core   0: 3 0x000000008000ff06 (0xfc442703) x14 0x0000000000000000 mem 0x0000000080031f34
core   0: 0x000000008000ff0a (0x0ff77713) andi    a4, a4, 255
core   0: 3 0x000000008000ff0a (0x0ff77713) x14 0x0000000000000000
core   0: 0x000000008000ff0e (0x00e78023) sb      a4, 0(a5)
core   0: 3 0x000000008000ff0e (0x00e78023) mem 0x000000008001209b 0x00
core   0: 0x000000008000ff12 (0xfc843703) ld      a4, -56(s0)
core   0: 3 0x000000008000ff12 (0xfc843703) x14 0x0000000080012040 mem 0x0000000080031f38
core   0: 0x000000008000ff16 (0xfb843783) ld      a5, -72(s0)
core   0: 3 0x000000008000ff16 (0xfb843783) x15 0x000000000000009c mem 0x0000000080031f28
core   0: 0x000000008000ff1a (0x000097ba) c.add   a5, a4
core   0: 3 0x000000008000ff1a (0x97ba) x15 0x00000000800120dc
core   0: 0x000000008000ff1c (0xfe043703) ld      a4, -32(s0)
core   0: 3 0x000000008000ff1c (0xfe043703) x14 0x000000008001209c mem 0x0000000080031f50
core   0: 0x000000008000ff20 (0xfcf76de3) bltu    a4, a5, pc - 38
core   0: 3 0x000000008000ff20 (0xfcf76de3)
core   0: 0x000000008000fefa (0xfe043783) ld      a5, -32(s0)
core   0: 3 0x000000008000fefa (0xfe043783) x15 0x000000008001209c mem 0x0000000080031f50
core   0: 0x000000008000fefe (0x00178713) addi    a4, a5, 1
core   0: 3 0x000000008000fefe (0x00178713) x14 0x000000008001209d
core   0: 0x000000008000ff02 (0xfee43023) sd      a4, -32(s0)
core   0: 3 0x000000008000ff02 (0xfee43023) mem 0x0000000080031f50 0x000000008001209d
core   0: 0x000000008000ff06 (0xfc442703) lw      a4, -60(s0)
core   0: 3 0x000000008000ff06 (0xfc442703) x14 0x0000000000000000 mem 0x0000000080031f34
core   0: 0x000000008000ff0a (0x0ff77713) andi    a4, a4, 255
core   0: 3 0x000000008000ff0a (0x0ff77713) x14 0x0000000000000000
core   0: 0x000000008000ff0e (0x00e78023) sb      a4, 0(a5)
core   0: 3 0x000000008000ff0e (0x00e78023) mem 0x000000008001209c 0x00
core   0: 0x000000008000ff12 (0xfc843703) ld      a4, -56(s0)
core   0: 3 0x000000008000ff12 (0xfc843703) x14 0x0000000080012040 mem 0x0000000080031f38
core   0: 0x000000008000ff16 (0xfb843783) ld      a5, -72(s0)
core   0: 3 0x000000008000ff16 (0xfb843783) x15 0x000000000000009c mem 0x0000000080031f28
core   0: 0x000000008000ff1a (0x000097ba) c.add   a5, a4
core   0: 3 0x000000008000ff1a (0x97ba) x15 0x00000000800120dc
core   0: 0x000000008000ff1c (0xfe043703) ld      a4, -32(s0)
core   0: 3 0x000000008000ff1c (0xfe043703) x14 0x000000008001209d mem 0x0000000080031f50
core   0: 0x000000008000ff20 (0xfcf76de3) bltu    a4, a5, pc - 38
core   0: 3 0x000000008000ff20 (0xfcf76de3)
core   0: 0x000000008000fefa (0xfe043783) ld      a5, -32(s0)
core   0: 3 0x000000008000fefa (0xfe043783) x15 0x000000008001209d mem 0x0000000080031f50
core   0: 0x000000008000fefe (0x00178713) addi    a4, a5, 1
core   0: 3 0x000000008000fefe (0x00178713) x14 0x000000008001209e
core   0: 0x000000008000ff02 (0xfee43023) sd      a4, -32(s0)
core   0: 3 0x000000008000ff02 (0xfee43023) mem 0x0000000080031f50 0x000000008001209e
core   0: 0x000000008000ff06 (0xfc442703) lw      a4, -60(s0)
core   0: 3 0x000000008000ff06 (0xfc442703) x14 0x0000000000000000 mem 0x0000000080031f34
core   0: 0x000000008000ff0a (0x0ff77713) andi    a4, a4, 255
core   0: 3 0x000000008000ff0a (0x0ff77713) x14 0x0000000000000000
core   0: 0x000000008000ff0e (0x00e78023) sb      a4, 0(a5)
core   0: 3 0x000000008000ff0e (0x00e78023) mem 0x000000008001209d 0x00
core   0: 0x000000008000ff12 (0xfc843703) ld      a4, -56(s0)
core   0: 3 0x000000008000ff12 (0xfc843703) x14 0x0000000080012040 mem 0x0000000080031f38
core   0: 0x000000008000ff16 (0xfb843783) ld      a5, -72(s0)
core   0: 3 0x000000008000ff16 (0xfb843783) x15 0x000000000000009c mem 0x0000000080031f28
core   0: 0x000000008000ff1a (0x000097ba) c.add   a5, a4
core   0: 3 0x000000008000ff1a (0x97ba) x15 0x00000000800120dc
core   0: 0x000000008000ff1c (0xfe043703) ld      a4, -32(s0)
core   0: 3 0x000000008000ff1c (0xfe043703) x14 0x000000008001209e mem 0x0000000080031f50
core   0: 0x000000008000ff20 (0xfcf76de3) bltu    a4, a5, pc - 38
core   0: 3 0x000000008000ff20 (0xfcf76de3)
core   0: 0x000000008000fefa (0xfe043783) ld      a5, -32(s0)
core   0: 3 0x000000008000fefa (0xfe043783) x15 0x000000008001209e mem 0x0000000080031f50
core   0: 0x000000008000fefe (0x00178713) addi    a4, a5, 1
core   0: 3 0x000000008000fefe (0x00178713) x14 0x000000008001209f
core   0: 0x000000008000ff02 (0xfee43023) sd      a4, -32(s0)
core   0: 3 0x000000008000ff02 (0xfee43023) mem 0x0000000080031f50 0x000000008001209f
core   0: 0x000000008000ff06 (0xfc442703) lw      a4, -60(s0)
core   0: 3 0x000000008000ff06 (0xfc442703) x14 0x0000000000000000 mem 0x0000000080031f34
core   0: 0x000000008000ff0a (0x0ff77713) andi    a4, a4, 255
core   0: 3 0x000000008000ff0a (0x0ff77713) x14 0x0000000000000000
core   0: 0x000000008000ff0e (0x00e78023) sb      a4, 0(a5)
core   0: 3 0x000000008000ff0e (0x00e78023) mem 0x000000008001209e 0x00
core   0: 0x000000008000ff12 (0xfc843703) ld      a4, -56(s0)
core   0: 3 0x000000008000ff12 (0xfc843703) x14 0x0000000080012040 mem 0x0000000080031f38
core   0: 0x000000008000ff16 (0xfb843783) ld      a5, -72(s0)
core   0: 3 0x000000008000ff16 (0xfb843783) x15 0x000000000000009c mem 0x0000000080031f28
core   0: 0x000000008000ff1a (0x000097ba) c.add   a5, a4
core   0: 3 0x000000008000ff1a (0x97ba) x15 0x00000000800120dc
core   0: 0x000000008000ff1c (0xfe043703) ld      a4, -32(s0)
core   0: 3 0x000000008000ff1c (0xfe043703) x14 0x000000008001209f mem 0x0000000080031f50
core   0: 0x000000008000ff20 (0xfcf76de3) bltu    a4, a5, pc - 38
core   0: 3 0x000000008000ff20 (0xfcf76de3)
core   0: 0x000000008000fefa (0xfe043783) ld      a5, -32(s0)
core   0: 3 0x000000008000fefa (0xfe043783) x15 0x000000008001209f mem 0x0000000080031f50
core   0: 0x000000008000fefe (0x00178713) addi    a4, a5, 1
core   0: 3 0x000000008000fefe (0x00178713) x14 0x00000000800120a0
core   0: 0x000000008000ff02 (0xfee43023) sd      a4, -32(s0)
core   0: 3 0x000000008000ff02 (0xfee43023) mem 0x0000000080031f50 0x00000000800120a0
core   0: 0x000000008000ff06 (0xfc442703) lw      a4, -60(s0)
core   0: 3 0x000000008000ff06 (0xfc442703) x14 0x0000000000000000 mem 0x0000000080031f34
core   0: 0x000000008000ff0a (0x0ff77713) andi    a4, a4, 255
core   0: 3 0x000000008000ff0a (0x0ff77713) x14 0x0000000000000000
core   0: 0x000000008000ff0e (0x00e78023) sb      a4, 0(a5)
core   0: 3 0x000000008000ff0e (0x00e78023) mem 0x000000008001209f 0x00
core   0: 0x000000008000ff12 (0xfc843703) ld      a4, -56(s0)
core   0: 3 0x000000008000ff12 (0xfc843703) x14 0x0000000080012040 mem 0x0000000080031f38
core   0: 0x000000008000ff16 (0xfb843783) ld      a5, -72(s0)
core   0: 3 0x000000008000ff16 (0xfb843783) x15 0x000000000000009c mem 0x0000000080031f28
core   0: 0x000000008000ff1a (0x000097ba) c.add   a5, a4
core   0: 3 0x000000008000ff1a (0x97ba) x15 0x00000000800120dc
core   0: 0x000000008000ff1c (0xfe043703) ld      a4, -32(s0)
core   0: 3 0x000000008000ff1c (0xfe043703) x14 0x00000000800120a0 mem 0x0000000080031f50
core   0: 0x000000008000ff20 (0xfcf76de3) bltu    a4, a5, pc - 38
core   0: 3 0x000000008000ff20 (0xfcf76de3)
core   0: 0x000000008000fefa (0xfe043783) ld      a5, -32(s0)
core   0: 3 0x000000008000fefa (0xfe043783) x15 0x00000000800120a0 mem 0x0000000080031f50
core   0: 0x000000008000fefe (0x00178713) addi    a4, a5, 1
core   0: 3 0x000000008000fefe (0x00178713) x14 0x00000000800120a1
core   0: 0x000000008000ff02 (0xfee43023) sd      a4, -32(s0)
core   0: 3 0x000000008000ff02 (0xfee43023) mem 0x0000000080031f50 0x00000000800120a1
core   0: 0x000000008000ff06 (0xfc442703) lw      a4, -60(s0)
core   0: 3 0x000000008000ff06 (0xfc442703) x14 0x0000000000000000 mem 0x0000000080031f34
core   0: 0x000000008000ff0a (0x0ff77713) andi    a4, a4, 255
core   0: 3 0x000000008000ff0a (0x0ff77713) x14 0x0000000000000000
core   0: 0x000000008000ff0e (0x00e78023) sb      a4, 0(a5)
core   0: 3 0x000000008000ff0e (0x00e78023) mem 0x00000000800120a0 0x00
core   0: 0x000000008000ff12 (0xfc843703) ld      a4, -56(s0)
core   0: 3 0x000000008000ff12 (0xfc843703) x14 0x0000000080012040 mem 0x0000000080031f38
core   0: 0x000000008000ff16 (0xfb843783) ld      a5, -72(s0)
core   0: 3 0x000000008000ff16 (0xfb843783) x15 0x000000000000009c mem 0x0000000080031f28
core   0: 0x000000008000ff1a (0x000097ba) c.add   a5, a4
core   0: 3 0x000000008000ff1a (0x97ba) x15 0x00000000800120dc
core   0: 0x000000008000ff1c (0xfe043703) ld      a4, -32(s0)
core   0: 3 0x000000008000ff1c (0xfe043703) x14 0x00000000800120a1 mem 0x0000000080031f50
core   0: 0x000000008000ff20 (0xfcf76de3) bltu    a4, a5, pc - 38
core   0: 3 0x000000008000ff20 (0xfcf76de3)
core   0: 0x000000008000fefa (0xfe043783) ld      a5, -32(s0)
core   0: 3 0x000000008000fefa (0xfe043783) x15 0x00000000800120a1 mem 0x0000000080031f50
core   0: 0x000000008000fefe (0x00178713) addi    a4, a5, 1
core   0: 3 0x000000008000fefe (0x00178713) x14 0x00000000800120a2
core   0: 0x000000008000ff02 (0xfee43023) sd      a4, -32(s0)
core   0: 3 0x000000008000ff02 (0xfee43023) mem 0x0000000080031f50 0x00000000800120a2
core   0: 0x000000008000ff06 (0xfc442703) lw      a4, -60(s0)
core   0: 3 0x000000008000ff06 (0xfc442703) x14 0x0000000000000000 mem 0x0000000080031f34
core   0: 0x000000008000ff0a (0x0ff77713) andi    a4, a4, 255
core   0: 3 0x000000008000ff0a (0x0ff77713) x14 0x0000000000000000
core   0: 0x000000008000ff0e (0x00e78023) sb      a4, 0(a5)
core   0: 3 0x000000008000ff0e (0x00e78023) mem 0x00000000800120a1 0x00
core   0: 0x000000008000ff12 (0xfc843703) ld      a4, -56(s0)
core   0: 3 0x000000008000ff12 (0xfc843703) x14 0x0000000080012040 mem 0x0000000080031f38
core   0: 0x000000008000ff16 (0xfb843783) ld      a5, -72(s0)
core   0: 3 0x000000008000ff16 (0xfb843783) x15 0x000000000000009c mem 0x0000000080031f28
core   0: 0x000000008000ff1a (0x000097ba) c.add   a5, a4
core   0: 3 0x000000008000ff1a (0x97ba) x15 0x00000000800120dc
core   0: 0x000000008000ff1c (0xfe043703) ld      a4, -32(s0)
core   0: 3 0x000000008000ff1c (0xfe043703) x14 0x00000000800120a2 mem 0x0000000080031f50
core   0: 0x000000008000ff20 (0xfcf76de3) bltu    a4, a5, pc - 38
core   0: 3 0x000000008000ff20 (0xfcf76de3)
core   0: 0x000000008000fefa (0xfe043783) ld      a5, -32(s0)
core   0: 3 0x000000008000fefa (0xfe043783) x15 0x00000000800120a2 mem 0x0000000080031f50
core   0: 0x000000008000fefe (0x00178713) addi    a4, a5, 1
core   0: 3 0x000000008000fefe (0x00178713) x14 0x00000000800120a3
core   0: 0x000000008000ff02 (0xfee43023) sd      a4, -32(s0)
core   0: 3 0x000000008000ff02 (0xfee43023) mem 0x0000000080031f50 0x00000000800120a3
core   0: 0x000000008000ff06 (0xfc442703) lw      a4, -60(s0)
core   0: 3 0x000000008000ff06 (0xfc442703) x14 0x0000000000000000 mem 0x0000000080031f34
core   0: 0x000000008000ff0a (0x0ff77713) andi    a4, a4, 255
core   0: 3 0x000000008000ff0a (0x0ff77713) x14 0x0000000000000000
core   0: 0x000000008000ff0e (0x00e78023) sb      a4, 0(a5)
core   0: 3 0x000000008000ff0e (0x00e78023) mem 0x00000000800120a2 0x00
core   0: 0x000000008000ff12 (0xfc843703) ld      a4, -56(s0)
core   0: 3 0x000000008000ff12 (0xfc843703) x14 0x0000000080012040 mem 0x0000000080031f38
core   0: 0x000000008000ff16 (0xfb843783) ld      a5, -72(s0)
core   0: 3 0x000000008000ff16 (0xfb843783) x15 0x000000000000009c mem 0x0000000080031f28
core   0: 0x000000008000ff1a (0x000097ba) c.add   a5, a4
core   0: 3 0x000000008000ff1a (0x97ba) x15 0x00000000800120dc
core   0: 0x000000008000ff1c (0xfe043703) ld      a4, -32(s0)
core   0: 3 0x000000008000ff1c (0xfe043703) x14 0x00000000800120a3 mem 0x0000000080031f50
core   0: 0x000000008000ff20 (0xfcf76de3) bltu    a4, a5, pc - 38
core   0: 3 0x000000008000ff20 (0xfcf76de3)
core   0: 0x000000008000fefa (0xfe043783) ld      a5, -32(s0)
core   0: 3 0x000000008000fefa (0xfe043783) x15 0x00000000800120a3 mem 0x0000000080031f50
core   0: 0x000000008000fefe (0x00178713) addi    a4, a5, 1
core   0: 3 0x000000008000fefe (0x00178713) x14 0x00000000800120a4
core   0: 0x000000008000ff02 (0xfee43023) sd      a4, -32(s0)
core   0: 3 0x000000008000ff02 (0xfee43023) mem 0x0000000080031f50 0x00000000800120a4
core   0: 0x000000008000ff06 (0xfc442703) lw      a4, -60(s0)
core   0: 3 0x000000008000ff06 (0xfc442703) x14 0x0000000000000000 mem 0x0000000080031f34
core   0: 0x000000008000ff0a (0x0ff77713) andi    a4, a4, 255
core   0: 3 0x000000008000ff0a (0x0ff77713) x14 0x0000000000000000
core   0: 0x000000008000ff0e (0x00e78023) sb      a4, 0(a5)
core   0: 3 0x000000008000ff0e (0x00e78023) mem 0x00000000800120a3 0x00
core   0: 0x000000008000ff12 (0xfc843703) ld      a4, -56(s0)
core   0: 3 0x000000008000ff12 (0xfc843703) x14 0x0000000080012040 mem 0x0000000080031f38
core   0: 0x000000008000ff16 (0xfb843783) ld      a5, -72(s0)
core   0: 3 0x000000008000ff16 (0xfb843783) x15 0x000000000000009c mem 0x0000000080031f28
core   0: 0x000000008000ff1a (0x000097ba) c.add   a5, a4
core   0: 3 0x000000008000ff1a (0x97ba) x15 0x00000000800120dc
core   0: 0x000000008000ff1c (0xfe043703) ld      a4, -32(s0)
core   0: 3 0x000000008000ff1c (0xfe043703) x14 0x00000000800120a4 mem 0x0000000080031f50
core   0: 0x000000008000ff20 (0xfcf76de3) bltu    a4, a5, pc - 38
core   0: 3 0x000000008000ff20 (0xfcf76de3)
core   0: 0x000000008000fefa (0xfe043783) ld      a5, -32(s0)
core   0: 3 0x000000008000fefa (0xfe043783) x15 0x00000000800120a4 mem 0x0000000080031f50
core   0: 0x000000008000fefe (0x00178713) addi    a4, a5, 1
core   0: 3 0x000000008000fefe (0x00178713) x14 0x00000000800120a5
core   0: 0x000000008000ff02 (0xfee43023) sd      a4, -32(s0)
core   0: 3 0x000000008000ff02 (0xfee43023) mem 0x0000000080031f50 0x00000000800120a5
core   0: 0x000000008000ff06 (0xfc442703) lw      a4, -60(s0)
core   0: 3 0x000000008000ff06 (0xfc442703) x14 0x0000000000000000 mem 0x0000000080031f34
core   0: 0x000000008000ff0a (0x0ff77713) andi    a4, a4, 255
core   0: 3 0x000000008000ff0a (0x0ff77713) x14 0x0000000000000000
core   0: 0x000000008000ff0e (0x00e78023) sb      a4, 0(a5)
core   0: 3 0x000000008000ff0e (0x00e78023) mem 0x00000000800120a4 0x00
core   0: 0x000000008000ff12 (0xfc843703) ld      a4, -56(s0)
core   0: 3 0x000000008000ff12 (0xfc843703) x14 0x0000000080012040 mem 0x0000000080031f38
core   0: 0x000000008000ff16 (0xfb843783) ld      a5, -72(s0)
core   0: 3 0x000000008000ff16 (0xfb843783) x15 0x000000000000009c mem 0x0000000080031f28
core   0: 0x000000008000ff1a (0x000097ba) c.add   a5, a4
core   0: 3 0x000000008000ff1a (0x97ba) x15 0x00000000800120dc
core   0: 0x000000008000ff1c (0xfe043703) ld      a4, -32(s0)
core   0: 3 0x000000008000ff1c (0xfe043703) x14 0x00000000800120a5 mem 0x0000000080031f50
core   0: 0x000000008000ff20 (0xfcf76de3) bltu    a4, a5, pc - 38
core   0: 3 0x000000008000ff20 (0xfcf76de3)
core   0: 0x000000008000fefa (0xfe043783) ld      a5, -32(s0)
core   0: 3 0x000000008000fefa (0xfe043783) x15 0x00000000800120a5 mem 0x0000000080031f50
core   0: 0x000000008000fefe (0x00178713) addi    a4, a5, 1
core   0: 3 0x000000008000fefe (0x00178713) x14 0x00000000800120a6
core   0: 0x000000008000ff02 (0xfee43023) sd      a4, -32(s0)
core   0: 3 0x000000008000ff02 (0xfee43023) mem 0x0000000080031f50 0x00000000800120a6
core   0: 0x000000008000ff06 (0xfc442703) lw      a4, -60(s0)
core   0: 3 0x000000008000ff06 (0xfc442703) x14 0x0000000000000000 mem 0x0000000080031f34
core   0: 0x000000008000ff0a (0x0ff77713) andi    a4, a4, 255
core   0: 3 0x000000008000ff0a (0x0ff77713) x14 0x0000000000000000
core   0: 0x000000008000ff0e (0x00e78023) sb      a4, 0(a5)
core   0: 3 0x000000008000ff0e (0x00e78023) mem 0x00000000800120a5 0x00
core   0: 0x000000008000ff12 (0xfc843703) ld      a4, -56(s0)
core   0: 3 0x000000008000ff12 (0xfc843703) x14 0x0000000080012040 mem 0x0000000080031f38
core   0: 0x000000008000ff16 (0xfb843783) ld      a5, -72(s0)
core   0: 3 0x000000008000ff16 (0xfb843783) x15 0x000000000000009c mem 0x0000000080031f28
core   0: 0x000000008000ff1a (0x000097ba) c.add   a5, a4
core   0: 3 0x000000008000ff1a (0x97ba) x15 0x00000000800120dc
core   0: 0x000000008000ff1c (0xfe043703) ld      a4, -32(s0)
core   0: 3 0x000000008000ff1c (0xfe043703) x14 0x00000000800120a6 mem 0x0000000080031f50
core   0: 0x000000008000ff20 (0xfcf76de3) bltu    a4, a5, pc - 38
core   0: 3 0x000000008000ff20 (0xfcf76de3)
core   0: 0x000000008000fefa (0xfe043783) ld      a5, -32(s0)
core   0: 3 0x000000008000fefa (0xfe043783) x15 0x00000000800120a6 mem 0x0000000080031f50
core   0: 0x000000008000fefe (0x00178713) addi    a4, a5, 1
core   0: 3 0x000000008000fefe (0x00178713) x14 0x00000000800120a7
core   0: 0x000000008000ff02 (0xfee43023) sd      a4, -32(s0)
core   0: 3 0x000000008000ff02 (0xfee43023) mem 0x0000000080031f50 0x00000000800120a7
core   0: 0x000000008000ff06 (0xfc442703) lw      a4, -60(s0)
core   0: 3 0x000000008000ff06 (0xfc442703) x14 0x0000000000000000 mem 0x0000000080031f34
core   0: 0x000000008000ff0a (0x0ff77713) andi    a4, a4, 255
core   0: 3 0x000000008000ff0a (0x0ff77713) x14 0x0000000000000000
core   0: 0x000000008000ff0e (0x00e78023) sb      a4, 0(a5)
core   0: 3 0x000000008000ff0e (0x00e78023) mem 0x00000000800120a6 0x00
core   0: 0x000000008000ff12 (0xfc843703) ld      a4, -56(s0)
core   0: 3 0x000000008000ff12 (0xfc843703) x14 0x0000000080012040 mem 0x0000000080031f38
core   0: 0x000000008000ff16 (0xfb843783) ld      a5, -72(s0)
core   0: 3 0x000000008000ff16 (0xfb843783) x15 0x000000000000009c mem 0x0000000080031f28
core   0: 0x000000008000ff1a (0x000097ba) c.add   a5, a4
core   0: 3 0x000000008000ff1a (0x97ba) x15 0x00000000800120dc
core   0: 0x000000008000ff1c (0xfe043703) ld      a4, -32(s0)
core   0: 3 0x000000008000ff1c (0xfe043703) x14 0x00000000800120a7 mem 0x0000000080031f50
core   0: 0x000000008000ff20 (0xfcf76de3) bltu    a4, a5, pc - 38
core   0: 3 0x000000008000ff20 (0xfcf76de3)
core   0: 0x000000008000fefa (0xfe043783) ld      a5, -32(s0)
core   0: 3 0x000000008000fefa (0xfe043783) x15 0x00000000800120a7 mem 0x0000000080031f50
core   0: 0x000000008000fefe (0x00178713) addi    a4, a5, 1
core   0: 3 0x000000008000fefe (0x00178713) x14 0x00000000800120a8
core   0: 0x000000008000ff02 (0xfee43023) sd      a4, -32(s0)
core   0: 3 0x000000008000ff02 (0xfee43023) mem 0x0000000080031f50 0x00000000800120a8
core   0: 0x000000008000ff06 (0xfc442703) lw      a4, -60(s0)
core   0: 3 0x000000008000ff06 (0xfc442703) x14 0x0000000000000000 mem 0x0000000080031f34
core   0: 0x000000008000ff0a (0x0ff77713) andi    a4, a4, 255
core   0: 3 0x000000008000ff0a (0x0ff77713) x14 0x0000000000000000
core   0: 0x000000008000ff0e (0x00e78023) sb      a4, 0(a5)
core   0: 3 0x000000008000ff0e (0x00e78023) mem 0x00000000800120a7 0x00
core   0: 0x000000008000ff12 (0xfc843703) ld      a4, -56(s0)
core   0: 3 0x000000008000ff12 (0xfc843703) x14 0x0000000080012040 mem 0x0000000080031f38
core   0: 0x000000008000ff16 (0xfb843783) ld      a5, -72(s0)
core   0: 3 0x000000008000ff16 (0xfb843783) x15 0x000000000000009c mem 0x0000000080031f28
core   0: 0x000000008000ff1a (0x000097ba) c.add   a5, a4
core   0: 3 0x000000008000ff1a (0x97ba) x15 0x00000000800120dc
core   0: 0x000000008000ff1c (0xfe043703) ld      a4, -32(s0)
core   0: 3 0x000000008000ff1c (0xfe043703) x14 0x00000000800120a8 mem 0x0000000080031f50
core   0: 0x000000008000ff20 (0xfcf76de3) bltu    a4, a5, pc - 38
core   0: 3 0x000000008000ff20 (0xfcf76de3)
core   0: 0x000000008000fefa (0xfe043783) ld      a5, -32(s0)
core   0: 3 0x000000008000fefa (0xfe043783) x15 0x00000000800120a8 mem 0x0000000080031f50
core   0: 0x000000008000fefe (0x00178713) addi    a4, a5, 1
core   0: 3 0x000000008000fefe (0x00178713) x14 0x00000000800120a9
core   0: 0x000000008000ff02 (0xfee43023) sd      a4, -32(s0)
core   0: 3 0x000000008000ff02 (0xfee43023) mem 0x0000000080031f50 0x00000000800120a9
core   0: 0x000000008000ff06 (0xfc442703) lw      a4, -60(s0)
core   0: 3 0x000000008000ff06 (0xfc442703) x14 0x0000000000000000 mem 0x0000000080031f34
core   0: 0x000000008000ff0a (0x0ff77713) andi    a4, a4, 255
core   0: 3 0x000000008000ff0a (0x0ff77713) x14 0x0000000000000000
core   0: 0x000000008000ff0e (0x00e78023) sb      a4, 0(a5)
core   0: 3 0x000000008000ff0e (0x00e78023) mem 0x00000000800120a8 0x00
core   0: 0x000000008000ff12 (0xfc843703) ld      a4, -56(s0)
core   0: 3 0x000000008000ff12 (0xfc843703) x14 0x0000000080012040 mem 0x0000000080031f38
core   0: 0x000000008000ff16 (0xfb843783) ld      a5, -72(s0)
core   0: 3 0x000000008000ff16 (0xfb843783) x15 0x000000000000009c mem 0x0000000080031f28
core   0: 0x000000008000ff1a (0x000097ba) c.add   a5, a4
core   0: 3 0x000000008000ff1a (0x97ba) x15 0x00000000800120dc
core   0: 0x000000008000ff1c (0xfe043703) ld      a4, -32(s0)
core   0: 3 0x000000008000ff1c (0xfe043703) x14 0x00000000800120a9 mem 0x0000000080031f50
core   0: 0x000000008000ff20 (0xfcf76de3) bltu    a4, a5, pc - 38
core   0: 3 0x000000008000ff20 (0xfcf76de3)
core   0: 0x000000008000fefa (0xfe043783) ld      a5, -32(s0)
core   0: 3 0x000000008000fefa (0xfe043783) x15 0x00000000800120a9 mem 0x0000000080031f50
core   0: 0x000000008000fefe (0x00178713) addi    a4, a5, 1
core   0: 3 0x000000008000fefe (0x00178713) x14 0x00000000800120aa
core   0: 0x000000008000ff02 (0xfee43023) sd      a4, -32(s0)
core   0: 3 0x000000008000ff02 (0xfee43023) mem 0x0000000080031f50 0x00000000800120aa
core   0: 0x000000008000ff06 (0xfc442703) lw      a4, -60(s0)
core   0: 3 0x000000008000ff06 (0xfc442703) x14 0x0000000000000000 mem 0x0000000080031f34
core   0: 0x000000008000ff0a (0x0ff77713) andi    a4, a4, 255
core   0: 3 0x000000008000ff0a (0x0ff77713) x14 0x0000000000000000
core   0: 0x000000008000ff0e (0x00e78023) sb      a4, 0(a5)
core   0: 3 0x000000008000ff0e (0x00e78023) mem 0x00000000800120a9 0x00
core   0: 0x000000008000ff12 (0xfc843703) ld      a4, -56(s0)
core   0: 3 0x000000008000ff12 (0xfc843703) x14 0x0000000080012040 mem 0x0000000080031f38
core   0: 0x000000008000ff16 (0xfb843783) ld      a5, -72(s0)
core   0: 3 0x000000008000ff16 (0xfb843783) x15 0x000000000000009c mem 0x0000000080031f28
core   0: 0x000000008000ff1a (0x000097ba) c.add   a5, a4
core   0: 3 0x000000008000ff1a (0x97ba) x15 0x00000000800120dc
core   0: 0x000000008000ff1c (0xfe043703) ld      a4, -32(s0)
core   0: 3 0x000000008000ff1c (0xfe043703) x14 0x00000000800120aa mem 0x0000000080031f50
core   0: 0x000000008000ff20 (0xfcf76de3) bltu    a4, a5, pc - 38
core   0: 3 0x000000008000ff20 (0xfcf76de3)
core   0: 0x000000008000fefa (0xfe043783) ld      a5, -32(s0)
core   0: 3 0x000000008000fefa (0xfe043783) x15 0x00000000800120aa mem 0x0000000080031f50
core   0: 0x000000008000fefe (0x00178713) addi    a4, a5, 1
core   0: 3 0x000000008000fefe (0x00178713) x14 0x00000000800120ab
core   0: 0x000000008000ff02 (0xfee43023) sd      a4, -32(s0)
core   0: 3 0x000000008000ff02 (0xfee43023) mem 0x0000000080031f50 0x00000000800120ab
core   0: 0x000000008000ff06 (0xfc442703) lw      a4, -60(s0)
core   0: 3 0x000000008000ff06 (0xfc442703) x14 0x0000000000000000 mem 0x0000000080031f34
core   0: 0x000000008000ff0a (0x0ff77713) andi    a4, a4, 255
core   0: 3 0x000000008000ff0a (0x0ff77713) x14 0x0000000000000000
core   0: 0x000000008000ff0e (0x00e78023) sb      a4, 0(a5)
core   0: 3 0x000000008000ff0e (0x00e78023) mem 0x00000000800120aa 0x00
core   0: 0x000000008000ff12 (0xfc843703) ld      a4, -56(s0)
core   0: 3 0x000000008000ff12 (0xfc843703) x14 0x0000000080012040 mem 0x0000000080031f38
core   0: 0x000000008000ff16 (0xfb843783) ld      a5, -72(s0)
core   0: 3 0x000000008000ff16 (0xfb843783) x15 0x000000000000009c mem 0x0000000080031f28
core   0: 0x000000008000ff1a (0x000097ba) c.add   a5, a4
core   0: 3 0x000000008000ff1a (0x97ba) x15 0x00000000800120dc
core   0: 0x000000008000ff1c (0xfe043703) ld      a4, -32(s0)
core   0: 3 0x000000008000ff1c (0xfe043703) x14 0x00000000800120ab mem 0x0000000080031f50
core   0: 0x000000008000ff20 (0xfcf76de3) bltu    a4, a5, pc - 38
core   0: 3 0x000000008000ff20 (0xfcf76de3)
core   0: 0x000000008000fefa (0xfe043783) ld      a5, -32(s0)
core   0: 3 0x000000008000fefa (0xfe043783) x15 0x00000000800120ab mem 0x0000000080031f50
core   0: 0x000000008000fefe (0x00178713) addi    a4, a5, 1
core   0: 3 0x000000008000fefe (0x00178713) x14 0x00000000800120ac
core   0: 0x000000008000ff02 (0xfee43023) sd      a4, -32(s0)
core   0: 3 0x000000008000ff02 (0xfee43023) mem 0x0000000080031f50 0x00000000800120ac
core   0: 0x000000008000ff06 (0xfc442703) lw      a4, -60(s0)
core   0: 3 0x000000008000ff06 (0xfc442703) x14 0x0000000000000000 mem 0x0000000080031f34
core   0: 0x000000008000ff0a (0x0ff77713) andi    a4, a4, 255
core   0: 3 0x000000008000ff0a (0x0ff77713) x14 0x0000000000000000
core   0: 0x000000008000ff0e (0x00e78023) sb      a4, 0(a5)
core   0: 3 0x000000008000ff0e (0x00e78023) mem 0x00000000800120ab 0x00
core   0: 0x000000008000ff12 (0xfc843703) ld      a4, -56(s0)
core   0: 3 0x000000008000ff12 (0xfc843703) x14 0x0000000080012040 mem 0x0000000080031f38
core   0: 0x000000008000ff16 (0xfb843783) ld      a5, -72(s0)
core   0: 3 0x000000008000ff16 (0xfb843783) x15 0x000000000000009c mem 0x0000000080031f28
core   0: 0x000000008000ff1a (0x000097ba) c.add   a5, a4
core   0: 3 0x000000008000ff1a (0x97ba) x15 0x00000000800120dc
core   0: 0x000000008000ff1c (0xfe043703) ld      a4, -32(s0)
core   0: 3 0x000000008000ff1c (0xfe043703) x14 0x00000000800120ac mem 0x0000000080031f50
core   0: 0x000000008000ff20 (0xfcf76de3) bltu    a4, a5, pc - 38
core   0: 3 0x000000008000ff20 (0xfcf76de3)
core   0: 0x000000008000fefa (0xfe043783) ld      a5, -32(s0)
core   0: 3 0x000000008000fefa (0xfe043783) x15 0x00000000800120ac mem 0x0000000080031f50
core   0: 0x000000008000fefe (0x00178713) addi    a4, a5, 1
core   0: 3 0x000000008000fefe (0x00178713) x14 0x00000000800120ad
core   0: 0x000000008000ff02 (0xfee43023) sd      a4, -32(s0)
core   0: 3 0x000000008000ff02 (0xfee43023) mem 0x0000000080031f50 0x00000000800120ad
core   0: 0x000000008000ff06 (0xfc442703) lw      a4, -60(s0)
core   0: 3 0x000000008000ff06 (0xfc442703) x14 0x0000000000000000 mem 0x0000000080031f34
core   0: 0x000000008000ff0a (0x0ff77713) andi    a4, a4, 255
core   0: 3 0x000000008000ff0a (0x0ff77713) x14 0x0000000000000000
core   0: 0x000000008000ff0e (0x00e78023) sb      a4, 0(a5)
core   0: 3 0x000000008000ff0e (0x00e78023) mem 0x00000000800120ac 0x00
core   0: 0x000000008000ff12 (0xfc843703) ld      a4, -56(s0)
core   0: 3 0x000000008000ff12 (0xfc843703) x14 0x0000000080012040 mem 0x0000000080031f38
core   0: 0x000000008000ff16 (0xfb843783) ld      a5, -72(s0)
core   0: 3 0x000000008000ff16 (0xfb843783) x15 0x000000000000009c mem 0x0000000080031f28
core   0: 0x000000008000ff1a (0x000097ba) c.add   a5, a4
core   0: 3 0x000000008000ff1a (0x97ba) x15 0x00000000800120dc
core   0: 0x000000008000ff1c (0xfe043703) ld      a4, -32(s0)
core   0: 3 0x000000008000ff1c (0xfe043703) x14 0x00000000800120ad mem 0x0000000080031f50
core   0: 0x000000008000ff20 (0xfcf76de3) bltu    a4, a5, pc - 38
core   0: 3 0x000000008000ff20 (0xfcf76de3)
core   0: 0x000000008000fefa (0xfe043783) ld      a5, -32(s0)
core   0: 3 0x000000008000fefa (0xfe043783) x15 0x00000000800120ad mem 0x0000000080031f50
core   0: 0x000000008000fefe (0x00178713) addi    a4, a5, 1
core   0: 3 0x000000008000fefe (0x00178713) x14 0x00000000800120ae
core   0: 0x000000008000ff02 (0xfee43023) sd      a4, -32(s0)
core   0: 3 0x000000008000ff02 (0xfee43023) mem 0x0000000080031f50 0x00000000800120ae
core   0: 0x000000008000ff06 (0xfc442703) lw      a4, -60(s0)
core   0: 3 0x000000008000ff06 (0xfc442703) x14 0x0000000000000000 mem 0x0000000080031f34
core   0: 0x000000008000ff0a (0x0ff77713) andi    a4, a4, 255
core   0: 3 0x000000008000ff0a (0x0ff77713) x14 0x0000000000000000
core   0: 0x000000008000ff0e (0x00e78023) sb      a4, 0(a5)
core   0: 3 0x000000008000ff0e (0x00e78023) mem 0x00000000800120ad 0x00
core   0: 0x000000008000ff12 (0xfc843703) ld      a4, -56(s0)
core   0: 3 0x000000008000ff12 (0xfc843703) x14 0x0000000080012040 mem 0x0000000080031f38
core   0: 0x000000008000ff16 (0xfb843783) ld      a5, -72(s0)
core   0: 3 0x000000008000ff16 (0xfb843783) x15 0x000000000000009c mem 0x0000000080031f28
core   0: 0x000000008000ff1a (0x000097ba) c.add   a5, a4
core   0: 3 0x000000008000ff1a (0x97ba) x15 0x00000000800120dc
core   0: 0x000000008000ff1c (0xfe043703) ld      a4, -32(s0)
core   0: 3 0x000000008000ff1c (0xfe043703) x14 0x00000000800120ae mem 0x0000000080031f50
core   0: 0x000000008000ff20 (0xfcf76de3) bltu    a4, a5, pc - 38
core   0: 3 0x000000008000ff20 (0xfcf76de3)
core   0: 0x000000008000fefa (0xfe043783) ld      a5, -32(s0)
core   0: 3 0x000000008000fefa (0xfe043783) x15 0x00000000800120ae mem 0x0000000080031f50
core   0: 0x000000008000fefe (0x00178713) addi    a4, a5, 1
core   0: 3 0x000000008000fefe (0x00178713) x14 0x00000000800120af
core   0: 0x000000008000ff02 (0xfee43023) sd      a4, -32(s0)
core   0: 3 0x000000008000ff02 (0xfee43023) mem 0x0000000080031f50 0x00000000800120af
core   0: 0x000000008000ff06 (0xfc442703) lw      a4, -60(s0)
core   0: 3 0x000000008000ff06 (0xfc442703) x14 0x0000000000000000 mem 0x0000000080031f34
core   0: 0x000000008000ff0a (0x0ff77713) andi    a4, a4, 255
core   0: 3 0x000000008000ff0a (0x0ff77713) x14 0x0000000000000000
core   0: 0x000000008000ff0e (0x00e78023) sb      a4, 0(a5)
core   0: 3 0x000000008000ff0e (0x00e78023) mem 0x00000000800120ae 0x00
core   0: 0x000000008000ff12 (0xfc843703) ld      a4, -56(s0)
core   0: 3 0x000000008000ff12 (0xfc843703) x14 0x0000000080012040 mem 0x0000000080031f38
core   0: 0x000000008000ff16 (0xfb843783) ld      a5, -72(s0)
core   0: 3 0x000000008000ff16 (0xfb843783) x15 0x000000000000009c mem 0x0000000080031f28
core   0: 0x000000008000ff1a (0x000097ba) c.add   a5, a4
core   0: 3 0x000000008000ff1a (0x97ba) x15 0x00000000800120dc
core   0: 0x000000008000ff1c (0xfe043703) ld      a4, -32(s0)
core   0: 3 0x000000008000ff1c (0xfe043703) x14 0x00000000800120af mem 0x0000000080031f50
core   0: 0x000000008000ff20 (0xfcf76de3) bltu    a4, a5, pc - 38
core   0: 3 0x000000008000ff20 (0xfcf76de3)
core   0: 0x000000008000fefa (0xfe043783) ld      a5, -32(s0)
core   0: 3 0x000000008000fefa (0xfe043783) x15 0x00000000800120af mem 0x0000000080031f50
core   0: 0x000000008000fefe (0x00178713) addi    a4, a5, 1
core   0: 3 0x000000008000fefe (0x00178713) x14 0x00000000800120b0
core   0: 0x000000008000ff02 (0xfee43023) sd      a4, -32(s0)
core   0: 3 0x000000008000ff02 (0xfee43023) mem 0x0000000080031f50 0x00000000800120b0
core   0: 0x000000008000ff06 (0xfc442703) lw      a4, -60(s0)
core   0: 3 0x000000008000ff06 (0xfc442703) x14 0x0000000000000000 mem 0x0000000080031f34
core   0: 0x000000008000ff0a (0x0ff77713) andi    a4, a4, 255
core   0: 3 0x000000008000ff0a (0x0ff77713) x14 0x0000000000000000
core   0: 0x000000008000ff0e (0x00e78023) sb      a4, 0(a5)
core   0: 3 0x000000008000ff0e (0x00e78023) mem 0x00000000800120af 0x00
core   0: 0x000000008000ff12 (0xfc843703) ld      a4, -56(s0)
core   0: 3 0x000000008000ff12 (0xfc843703) x14 0x0000000080012040 mem 0x0000000080031f38
core   0: 0x000000008000ff16 (0xfb843783) ld      a5, -72(s0)
core   0: 3 0x000000008000ff16 (0xfb843783) x15 0x000000000000009c mem 0x0000000080031f28
core   0: 0x000000008000ff1a (0x000097ba) c.add   a5, a4
core   0: 3 0x000000008000ff1a (0x97ba) x15 0x00000000800120dc
core   0: 0x000000008000ff1c (0xfe043703) ld      a4, -32(s0)
core   0: 3 0x000000008000ff1c (0xfe043703) x14 0x00000000800120b0 mem 0x0000000080031f50
core   0: 0x000000008000ff20 (0xfcf76de3) bltu    a4, a5, pc - 38
core   0: 3 0x000000008000ff20 (0xfcf76de3)
core   0: 0x000000008000fefa (0xfe043783) ld      a5, -32(s0)
core   0: 3 0x000000008000fefa (0xfe043783) x15 0x00000000800120b0 mem 0x0000000080031f50
core   0: 0x000000008000fefe (0x00178713) addi    a4, a5, 1
core   0: 3 0x000000008000fefe (0x00178713) x14 0x00000000800120b1
core   0: 0x000000008000ff02 (0xfee43023) sd      a4, -32(s0)
core   0: 3 0x000000008000ff02 (0xfee43023) mem 0x0000000080031f50 0x00000000800120b1
core   0: 0x000000008000ff06 (0xfc442703) lw      a4, -60(s0)
core   0: 3 0x000000008000ff06 (0xfc442703) x14 0x0000000000000000 mem 0x0000000080031f34
core   0: 0x000000008000ff0a (0x0ff77713) andi    a4, a4, 255
core   0: 3 0x000000008000ff0a (0x0ff77713) x14 0x0000000000000000
core   0: 0x000000008000ff0e (0x00e78023) sb      a4, 0(a5)
core   0: 3 0x000000008000ff0e (0x00e78023) mem 0x00000000800120b0 0x00
core   0: 0x000000008000ff12 (0xfc843703) ld      a4, -56(s0)
core   0: 3 0x000000008000ff12 (0xfc843703) x14 0x0000000080012040 mem 0x0000000080031f38
core   0: 0x000000008000ff16 (0xfb843783) ld      a5, -72(s0)
core   0: 3 0x000000008000ff16 (0xfb843783) x15 0x000000000000009c mem 0x0000000080031f28
core   0: 0x000000008000ff1a (0x000097ba) c.add   a5, a4
core   0: 3 0x000000008000ff1a (0x97ba) x15 0x00000000800120dc
core   0: 0x000000008000ff1c (0xfe043703) ld      a4, -32(s0)
core   0: 3 0x000000008000ff1c (0xfe043703) x14 0x00000000800120b1 mem 0x0000000080031f50
core   0: 0x000000008000ff20 (0xfcf76de3) bltu    a4, a5, pc - 38
core   0: 3 0x000000008000ff20 (0xfcf76de3)
core   0: 0x000000008000fefa (0xfe043783) ld      a5, -32(s0)
core   0: 3 0x000000008000fefa (0xfe043783) x15 0x00000000800120b1 mem 0x0000000080031f50
core   0: 0x000000008000fefe (0x00178713) addi    a4, a5, 1
core   0: 3 0x000000008000fefe (0x00178713) x14 0x00000000800120b2
core   0: 0x000000008000ff02 (0xfee43023) sd      a4, -32(s0)
core   0: 3 0x000000008000ff02 (0xfee43023) mem 0x0000000080031f50 0x00000000800120b2
core   0: 0x000000008000ff06 (0xfc442703) lw      a4, -60(s0)
core   0: 3 0x000000008000ff06 (0xfc442703) x14 0x0000000000000000 mem 0x0000000080031f34
core   0: 0x000000008000ff0a (0x0ff77713) andi    a4, a4, 255
core   0: 3 0x000000008000ff0a (0x0ff77713) x14 0x0000000000000000
core   0: 0x000000008000ff0e (0x00e78023) sb      a4, 0(a5)
core   0: 3 0x000000008000ff0e (0x00e78023) mem 0x00000000800120b1 0x00
core   0: 0x000000008000ff12 (0xfc843703) ld      a4, -56(s0)
core   0: 3 0x000000008000ff12 (0xfc843703) x14 0x0000000080012040 mem 0x0000000080031f38
core   0: 0x000000008000ff16 (0xfb843783) ld      a5, -72(s0)
core   0: 3 0x000000008000ff16 (0xfb843783) x15 0x000000000000009c mem 0x0000000080031f28
core   0: 0x000000008000ff1a (0x000097ba) c.add   a5, a4
core   0: 3 0x000000008000ff1a (0x97ba) x15 0x00000000800120dc
core   0: 0x000000008000ff1c (0xfe043703) ld      a4, -32(s0)
core   0: 3 0x000000008000ff1c (0xfe043703) x14 0x00000000800120b2 mem 0x0000000080031f50
core   0: 0x000000008000ff20 (0xfcf76de3) bltu    a4, a5, pc - 38
core   0: 3 0x000000008000ff20 (0xfcf76de3)
core   0: 0x000000008000fefa (0xfe043783) ld      a5, -32(s0)
core   0: 3 0x000000008000fefa (0xfe043783) x15 0x00000000800120b2 mem 0x0000000080031f50
core   0: 0x000000008000fefe (0x00178713) addi    a4, a5, 1
core   0: 3 0x000000008000fefe (0x00178713) x14 0x00000000800120b3
core   0: 0x000000008000ff02 (0xfee43023) sd      a4, -32(s0)
core   0: 3 0x000000008000ff02 (0xfee43023) mem 0x0000000080031f50 0x00000000800120b3
core   0: 0x000000008000ff06 (0xfc442703) lw      a4, -60(s0)
core   0: 3 0x000000008000ff06 (0xfc442703) x14 0x0000000000000000 mem 0x0000000080031f34
core   0: 0x000000008000ff0a (0x0ff77713) andi    a4, a4, 255
core   0: 3 0x000000008000ff0a (0x0ff77713) x14 0x0000000000000000
core   0: 0x000000008000ff0e (0x00e78023) sb      a4, 0(a5)
core   0: 3 0x000000008000ff0e (0x00e78023) mem 0x00000000800120b2 0x00
core   0: 0x000000008000ff12 (0xfc843703) ld      a4, -56(s0)
core   0: 3 0x000000008000ff12 (0xfc843703) x14 0x0000000080012040 mem 0x0000000080031f38
core   0: 0x000000008000ff16 (0xfb843783) ld      a5, -72(s0)
core   0: 3 0x000000008000ff16 (0xfb843783) x15 0x000000000000009c mem 0x0000000080031f28
core   0: 0x000000008000ff1a (0x000097ba) c.add   a5, a4
core   0: 3 0x000000008000ff1a (0x97ba) x15 0x00000000800120dc
core   0: 0x000000008000ff1c (0xfe043703) ld      a4, -32(s0)
core   0: 3 0x000000008000ff1c (0xfe043703) x14 0x00000000800120b3 mem 0x0000000080031f50
core   0: 0x000000008000ff20 (0xfcf76de3) bltu    a4, a5, pc - 38
core   0: 3 0x000000008000ff20 (0xfcf76de3)
core   0: 0x000000008000fefa (0xfe043783) ld      a5, -32(s0)
core   0: 3 0x000000008000fefa (0xfe043783) x15 0x00000000800120b3 mem 0x0000000080031f50
core   0: 0x000000008000fefe (0x00178713) addi    a4, a5, 1
core   0: 3 0x000000008000fefe (0x00178713) x14 0x00000000800120b4
core   0: 0x000000008000ff02 (0xfee43023) sd      a4, -32(s0)
core   0: 3 0x000000008000ff02 (0xfee43023) mem 0x0000000080031f50 0x00000000800120b4
core   0: 0x000000008000ff06 (0xfc442703) lw      a4, -60(s0)
core   0: 3 0x000000008000ff06 (0xfc442703) x14 0x0000000000000000 mem 0x0000000080031f34
core   0: 0x000000008000ff0a (0x0ff77713) andi    a4, a4, 255
core   0: 3 0x000000008000ff0a (0x0ff77713) x14 0x0000000000000000
core   0: 0x000000008000ff0e (0x00e78023) sb      a4, 0(a5)
core   0: 3 0x000000008000ff0e (0x00e78023) mem 0x00000000800120b3 0x00
core   0: 0x000000008000ff12 (0xfc843703) ld      a4, -56(s0)
core   0: 3 0x000000008000ff12 (0xfc843703) x14 0x0000000080012040 mem 0x0000000080031f38
core   0: 0x000000008000ff16 (0xfb843783) ld      a5, -72(s0)
core   0: 3 0x000000008000ff16 (0xfb843783) x15 0x000000000000009c mem 0x0000000080031f28
core   0: 0x000000008000ff1a (0x000097ba) c.add   a5, a4
core   0: 3 0x000000008000ff1a (0x97ba) x15 0x00000000800120dc
core   0: 0x000000008000ff1c (0xfe043703) ld      a4, -32(s0)
core   0: 3 0x000000008000ff1c (0xfe043703) x14 0x00000000800120b4 mem 0x0000000080031f50
core   0: 0x000000008000ff20 (0xfcf76de3) bltu    a4, a5, pc - 38
core   0: 3 0x000000008000ff20 (0xfcf76de3)
core   0: 0x000000008000fefa (0xfe043783) ld      a5, -32(s0)
core   0: 3 0x000000008000fefa (0xfe043783) x15 0x00000000800120b4 mem 0x0000000080031f50
core   0: 0x000000008000fefe (0x00178713) addi    a4, a5, 1
core   0: 3 0x000000008000fefe (0x00178713) x14 0x00000000800120b5
core   0: 0x000000008000ff02 (0xfee43023) sd      a4, -32(s0)
core   0: 3 0x000000008000ff02 (0xfee43023) mem 0x0000000080031f50 0x00000000800120b5
core   0: 0x000000008000ff06 (0xfc442703) lw      a4, -60(s0)
core   0: 3 0x000000008000ff06 (0xfc442703) x14 0x0000000000000000 mem 0x0000000080031f34
core   0: 0x000000008000ff0a (0x0ff77713) andi    a4, a4, 255
core   0: 3 0x000000008000ff0a (0x0ff77713) x14 0x0000000000000000
core   0: 0x000000008000ff0e (0x00e78023) sb      a4, 0(a5)
core   0: 3 0x000000008000ff0e (0x00e78023) mem 0x00000000800120b4 0x00
core   0: 0x000000008000ff12 (0xfc843703) ld      a4, -56(s0)
core   0: 3 0x000000008000ff12 (0xfc843703) x14 0x0000000080012040 mem 0x0000000080031f38
core   0: 0x000000008000ff16 (0xfb843783) ld      a5, -72(s0)
core   0: 3 0x000000008000ff16 (0xfb843783) x15 0x000000000000009c mem 0x0000000080031f28
core   0: 0x000000008000ff1a (0x000097ba) c.add   a5, a4
core   0: 3 0x000000008000ff1a (0x97ba) x15 0x00000000800120dc
core   0: 0x000000008000ff1c (0xfe043703) ld      a4, -32(s0)
core   0: 3 0x000000008000ff1c (0xfe043703) x14 0x00000000800120b5 mem 0x0000000080031f50
core   0: 0x000000008000ff20 (0xfcf76de3) bltu    a4, a5, pc - 38
core   0: 3 0x000000008000ff20 (0xfcf76de3)
core   0: 0x000000008000fefa (0xfe043783) ld      a5, -32(s0)
core   0: 3 0x000000008000fefa (0xfe043783) x15 0x00000000800120b5 mem 0x0000000080031f50
core   0: 0x000000008000fefe (0x00178713) addi    a4, a5, 1
core   0: 3 0x000000008000fefe (0x00178713) x14 0x00000000800120b6
core   0: 0x000000008000ff02 (0xfee43023) sd      a4, -32(s0)
core   0: 3 0x000000008000ff02 (0xfee43023) mem 0x0000000080031f50 0x00000000800120b6
core   0: 0x000000008000ff06 (0xfc442703) lw      a4, -60(s0)
core   0: 3 0x000000008000ff06 (0xfc442703) x14 0x0000000000000000 mem 0x0000000080031f34
core   0: 0x000000008000ff0a (0x0ff77713) andi    a4, a4, 255
core   0: 3 0x000000008000ff0a (0x0ff77713) x14 0x0000000000000000
core   0: 0x000000008000ff0e (0x00e78023) sb      a4, 0(a5)
core   0: 3 0x000000008000ff0e (0x00e78023) mem 0x00000000800120b5 0x00
core   0: 0x000000008000ff12 (0xfc843703) ld      a4, -56(s0)
core   0: 3 0x000000008000ff12 (0xfc843703) x14 0x0000000080012040 mem 0x0000000080031f38
core   0: 0x000000008000ff16 (0xfb843783) ld      a5, -72(s0)
core   0: 3 0x000000008000ff16 (0xfb843783) x15 0x000000000000009c mem 0x0000000080031f28
core   0: 0x000000008000ff1a (0x000097ba) c.add   a5, a4
core   0: 3 0x000000008000ff1a (0x97ba) x15 0x00000000800120dc
core   0: 0x000000008000ff1c (0xfe043703) ld      a4, -32(s0)
core   0: 3 0x000000008000ff1c (0xfe043703) x14 0x00000000800120b6 mem 0x0000000080031f50
core   0: 0x000000008000ff20 (0xfcf76de3) bltu    a4, a5, pc - 38
core   0: 3 0x000000008000ff20 (0xfcf76de3)
core   0: 0x000000008000fefa (0xfe043783) ld      a5, -32(s0)
core   0: 3 0x000000008000fefa (0xfe043783) x15 0x00000000800120b6 mem 0x0000000080031f50
core   0: 0x000000008000fefe (0x00178713) addi    a4, a5, 1
core   0: 3 0x000000008000fefe (0x00178713) x14 0x00000000800120b7
core   0: 0x000000008000ff02 (0xfee43023) sd      a4, -32(s0)
core   0: 3 0x000000008000ff02 (0xfee43023) mem 0x0000000080031f50 0x00000000800120b7
core   0: 0x000000008000ff06 (0xfc442703) lw      a4, -60(s0)
core   0: 3 0x000000008000ff06 (0xfc442703) x14 0x0000000000000000 mem 0x0000000080031f34
core   0: 0x000000008000ff0a (0x0ff77713) andi    a4, a4, 255
core   0: 3 0x000000008000ff0a (0x0ff77713) x14 0x0000000000000000
core   0: 0x000000008000ff0e (0x00e78023) sb      a4, 0(a5)
core   0: 3 0x000000008000ff0e (0x00e78023) mem 0x00000000800120b6 0x00
core   0: 0x000000008000ff12 (0xfc843703) ld      a4, -56(s0)
core   0: 3 0x000000008000ff12 (0xfc843703) x14 0x0000000080012040 mem 0x0000000080031f38
core   0: 0x000000008000ff16 (0xfb843783) ld      a5, -72(s0)
core   0: 3 0x000000008000ff16 (0xfb843783) x15 0x000000000000009c mem 0x0000000080031f28
core   0: 0x000000008000ff1a (0x000097ba) c.add   a5, a4
core   0: 3 0x000000008000ff1a (0x97ba) x15 0x00000000800120dc
core   0: 0x000000008000ff1c (0xfe043703) ld      a4, -32(s0)
core   0: 3 0x000000008000ff1c (0xfe043703) x14 0x00000000800120b7 mem 0x0000000080031f50
core   0: 0x000000008000ff20 (0xfcf76de3) bltu    a4, a5, pc - 38
core   0: 3 0x000000008000ff20 (0xfcf76de3)
core   0: 0x000000008000fefa (0xfe043783) ld      a5, -32(s0)
core   0: 3 0x000000008000fefa (0xfe043783) x15 0x00000000800120b7 mem 0x0000000080031f50
core   0: 0x000000008000fefe (0x00178713) addi    a4, a5, 1
core   0: 3 0x000000008000fefe (0x00178713) x14 0x00000000800120b8
core   0: 0x000000008000ff02 (0xfee43023) sd      a4, -32(s0)
core   0: 3 0x000000008000ff02 (0xfee43023) mem 0x0000000080031f50 0x00000000800120b8
core   0: 0x000000008000ff06 (0xfc442703) lw      a4, -60(s0)
core   0: 3 0x000000008000ff06 (0xfc442703) x14 0x0000000000000000 mem 0x0000000080031f34
core   0: 0x000000008000ff0a (0x0ff77713) andi    a4, a4, 255
core   0: 3 0x000000008000ff0a (0x0ff77713) x14 0x0000000000000000
core   0: 0x000000008000ff0e (0x00e78023) sb      a4, 0(a5)
core   0: 3 0x000000008000ff0e (0x00e78023) mem 0x00000000800120b7 0x00
core   0: 0x000000008000ff12 (0xfc843703) ld      a4, -56(s0)
core   0: 3 0x000000008000ff12 (0xfc843703) x14 0x0000000080012040 mem 0x0000000080031f38
core   0: 0x000000008000ff16 (0xfb843783) ld      a5, -72(s0)
core   0: 3 0x000000008000ff16 (0xfb843783) x15 0x000000000000009c mem 0x0000000080031f28
core   0: 0x000000008000ff1a (0x000097ba) c.add   a5, a4
core   0: 3 0x000000008000ff1a (0x97ba) x15 0x00000000800120dc
core   0: 0x000000008000ff1c (0xfe043703) ld      a4, -32(s0)
core   0: 3 0x000000008000ff1c (0xfe043703) x14 0x00000000800120b8 mem 0x0000000080031f50
core   0: 0x000000008000ff20 (0xfcf76de3) bltu    a4, a5, pc - 38
core   0: 3 0x000000008000ff20 (0xfcf76de3)
core   0: 0x000000008000fefa (0xfe043783) ld      a5, -32(s0)
core   0: 3 0x000000008000fefa (0xfe043783) x15 0x00000000800120b8 mem 0x0000000080031f50
core   0: 0x000000008000fefe (0x00178713) addi    a4, a5, 1
core   0: 3 0x000000008000fefe (0x00178713) x14 0x00000000800120b9
core   0: 0x000000008000ff02 (0xfee43023) sd      a4, -32(s0)
core   0: 3 0x000000008000ff02 (0xfee43023) mem 0x0000000080031f50 0x00000000800120b9
core   0: 0x000000008000ff06 (0xfc442703) lw      a4, -60(s0)
core   0: 3 0x000000008000ff06 (0xfc442703) x14 0x0000000000000000 mem 0x0000000080031f34
core   0: 0x000000008000ff0a (0x0ff77713) andi    a4, a4, 255
core   0: 3 0x000000008000ff0a (0x0ff77713) x14 0x0000000000000000
core   0: 0x000000008000ff0e (0x00e78023) sb      a4, 0(a5)
core   0: 3 0x000000008000ff0e (0x00e78023) mem 0x00000000800120b8 0x00
core   0: 0x000000008000ff12 (0xfc843703) ld      a4, -56(s0)
core   0: 3 0x000000008000ff12 (0xfc843703) x14 0x0000000080012040 mem 0x0000000080031f38
core   0: 0x000000008000ff16 (0xfb843783) ld      a5, -72(s0)
core   0: 3 0x000000008000ff16 (0xfb843783) x15 0x000000000000009c mem 0x0000000080031f28
core   0: 0x000000008000ff1a (0x000097ba) c.add   a5, a4
core   0: 3 0x000000008000ff1a (0x97ba) x15 0x00000000800120dc
core   0: 0x000000008000ff1c (0xfe043703) ld      a4, -32(s0)
core   0: 3 0x000000008000ff1c (0xfe043703) x14 0x00000000800120b9 mem 0x0000000080031f50
core   0: 0x000000008000ff20 (0xfcf76de3) bltu    a4, a5, pc - 38
core   0: 3 0x000000008000ff20 (0xfcf76de3)
core   0: 0x000000008000fefa (0xfe043783) ld      a5, -32(s0)
core   0: 3 0x000000008000fefa (0xfe043783) x15 0x00000000800120b9 mem 0x0000000080031f50
core   0: 0x000000008000fefe (0x00178713) addi    a4, a5, 1
core   0: 3 0x000000008000fefe (0x00178713) x14 0x00000000800120ba
core   0: 0x000000008000ff02 (0xfee43023) sd      a4, -32(s0)
core   0: 3 0x000000008000ff02 (0xfee43023) mem 0x0000000080031f50 0x00000000800120ba
core   0: 0x000000008000ff06 (0xfc442703) lw      a4, -60(s0)
core   0: 3 0x000000008000ff06 (0xfc442703) x14 0x0000000000000000 mem 0x0000000080031f34
core   0: 0x000000008000ff0a (0x0ff77713) andi    a4, a4, 255
core   0: 3 0x000000008000ff0a (0x0ff77713) x14 0x0000000000000000
core   0: 0x000000008000ff0e (0x00e78023) sb      a4, 0(a5)
core   0: 3 0x000000008000ff0e (0x00e78023) mem 0x00000000800120b9 0x00
core   0: 0x000000008000ff12 (0xfc843703) ld      a4, -56(s0)
core   0: 3 0x000000008000ff12 (0xfc843703) x14 0x0000000080012040 mem 0x0000000080031f38
core   0: 0x000000008000ff16 (0xfb843783) ld      a5, -72(s0)
core   0: 3 0x000000008000ff16 (0xfb843783) x15 0x000000000000009c mem 0x0000000080031f28
core   0: 0x000000008000ff1a (0x000097ba) c.add   a5, a4
core   0: 3 0x000000008000ff1a (0x97ba) x15 0x00000000800120dc
core   0: 0x000000008000ff1c (0xfe043703) ld      a4, -32(s0)
core   0: 3 0x000000008000ff1c (0xfe043703) x14 0x00000000800120ba mem 0x0000000080031f50
core   0: 0x000000008000ff20 (0xfcf76de3) bltu    a4, a5, pc - 38
core   0: 3 0x000000008000ff20 (0xfcf76de3)
core   0: 0x000000008000fefa (0xfe043783) ld      a5, -32(s0)
core   0: 3 0x000000008000fefa (0xfe043783) x15 0x00000000800120ba mem 0x0000000080031f50
core   0: 0x000000008000fefe (0x00178713) addi    a4, a5, 1
core   0: 3 0x000000008000fefe (0x00178713) x14 0x00000000800120bb
core   0: 0x000000008000ff02 (0xfee43023) sd      a4, -32(s0)
core   0: 3 0x000000008000ff02 (0xfee43023) mem 0x0000000080031f50 0x00000000800120bb
core   0: 0x000000008000ff06 (0xfc442703) lw      a4, -60(s0)
core   0: 3 0x000000008000ff06 (0xfc442703) x14 0x0000000000000000 mem 0x0000000080031f34
core   0: 0x000000008000ff0a (0x0ff77713) andi    a4, a4, 255
core   0: 3 0x000000008000ff0a (0x0ff77713) x14 0x0000000000000000
core   0: 0x000000008000ff0e (0x00e78023) sb      a4, 0(a5)
core   0: 3 0x000000008000ff0e (0x00e78023) mem 0x00000000800120ba 0x00
core   0: 0x000000008000ff12 (0xfc843703) ld      a4, -56(s0)
core   0: 3 0x000000008000ff12 (0xfc843703) x14 0x0000000080012040 mem 0x0000000080031f38
core   0: 0x000000008000ff16 (0xfb843783) ld      a5, -72(s0)
core   0: 3 0x000000008000ff16 (0xfb843783) x15 0x000000000000009c mem 0x0000000080031f28
core   0: 0x000000008000ff1a (0x000097ba) c.add   a5, a4
core   0: 3 0x000000008000ff1a (0x97ba) x15 0x00000000800120dc
core   0: 0x000000008000ff1c (0xfe043703) ld      a4, -32(s0)
core   0: 3 0x000000008000ff1c (0xfe043703) x14 0x00000000800120bb mem 0x0000000080031f50
core   0: 0x000000008000ff20 (0xfcf76de3) bltu    a4, a5, pc - 38
core   0: 3 0x000000008000ff20 (0xfcf76de3)
core   0: 0x000000008000fefa (0xfe043783) ld      a5, -32(s0)
core   0: 3 0x000000008000fefa (0xfe043783) x15 0x00000000800120bb mem 0x0000000080031f50
core   0: 0x000000008000fefe (0x00178713) addi    a4, a5, 1
core   0: 3 0x000000008000fefe (0x00178713) x14 0x00000000800120bc
core   0: 0x000000008000ff02 (0xfee43023) sd      a4, -32(s0)
core   0: 3 0x000000008000ff02 (0xfee43023) mem 0x0000000080031f50 0x00000000800120bc
core   0: 0x000000008000ff06 (0xfc442703) lw      a4, -60(s0)
core   0: 3 0x000000008000ff06 (0xfc442703) x14 0x0000000000000000 mem 0x0000000080031f34
core   0: 0x000000008000ff0a (0x0ff77713) andi    a4, a4, 255
core   0: 3 0x000000008000ff0a (0x0ff77713) x14 0x0000000000000000
core   0: 0x000000008000ff0e (0x00e78023) sb      a4, 0(a5)
core   0: 3 0x000000008000ff0e (0x00e78023) mem 0x00000000800120bb 0x00
core   0: 0x000000008000ff12 (0xfc843703) ld      a4, -56(s0)
core   0: 3 0x000000008000ff12 (0xfc843703) x14 0x0000000080012040 mem 0x0000000080031f38
core   0: 0x000000008000ff16 (0xfb843783) ld      a5, -72(s0)
core   0: 3 0x000000008000ff16 (0xfb843783) x15 0x000000000000009c mem 0x0000000080031f28
core   0: 0x000000008000ff1a (0x000097ba) c.add   a5, a4
core   0: 3 0x000000008000ff1a (0x97ba) x15 0x00000000800120dc
core   0: 0x000000008000ff1c (0xfe043703) ld      a4, -32(s0)
core   0: 3 0x000000008000ff1c (0xfe043703) x14 0x00000000800120bc mem 0x0000000080031f50
core   0: 0x000000008000ff20 (0xfcf76de3) bltu    a4, a5, pc - 38
core   0: 3 0x000000008000ff20 (0xfcf76de3)
core   0: 0x000000008000fefa (0xfe043783) ld      a5, -32(s0)
core   0: 3 0x000000008000fefa (0xfe043783) x15 0x00000000800120bc mem 0x0000000080031f50
core   0: 0x000000008000fefe (0x00178713) addi    a4, a5, 1
core   0: 3 0x000000008000fefe (0x00178713) x14 0x00000000800120bd
core   0: 0x000000008000ff02 (0xfee43023) sd      a4, -32(s0)
core   0: 3 0x000000008000ff02 (0xfee43023) mem 0x0000000080031f50 0x00000000800120bd
core   0: 0x000000008000ff06 (0xfc442703) lw      a4, -60(s0)
core   0: 3 0x000000008000ff06 (0xfc442703) x14 0x0000000000000000 mem 0x0000000080031f34
core   0: 0x000000008000ff0a (0x0ff77713) andi    a4, a4, 255
core   0: 3 0x000000008000ff0a (0x0ff77713) x14 0x0000000000000000
core   0: 0x000000008000ff0e (0x00e78023) sb      a4, 0(a5)
core   0: 3 0x000000008000ff0e (0x00e78023) mem 0x00000000800120bc 0x00
core   0: 0x000000008000ff12 (0xfc843703) ld      a4, -56(s0)
core   0: 3 0x000000008000ff12 (0xfc843703) x14 0x0000000080012040 mem 0x0000000080031f38
core   0: 0x000000008000ff16 (0xfb843783) ld      a5, -72(s0)
core   0: 3 0x000000008000ff16 (0xfb843783) x15 0x000000000000009c mem 0x0000000080031f28
core   0: 0x000000008000ff1a (0x000097ba) c.add   a5, a4
core   0: 3 0x000000008000ff1a (0x97ba) x15 0x00000000800120dc
core   0: 0x000000008000ff1c (0xfe043703) ld      a4, -32(s0)
core   0: 3 0x000000008000ff1c (0xfe043703) x14 0x00000000800120bd mem 0x0000000080031f50
core   0: 0x000000008000ff20 (0xfcf76de3) bltu    a4, a5, pc - 38
core   0: 3 0x000000008000ff20 (0xfcf76de3)
core   0: 0x000000008000fefa (0xfe043783) ld      a5, -32(s0)
core   0: 3 0x000000008000fefa (0xfe043783) x15 0x00000000800120bd mem 0x0000000080031f50
core   0: 0x000000008000fefe (0x00178713) addi    a4, a5, 1
core   0: 3 0x000000008000fefe (0x00178713) x14 0x00000000800120be
core   0: 0x000000008000ff02 (0xfee43023) sd      a4, -32(s0)
core   0: 3 0x000000008000ff02 (0xfee43023) mem 0x0000000080031f50 0x00000000800120be
core   0: 0x000000008000ff06 (0xfc442703) lw      a4, -60(s0)
core   0: 3 0x000000008000ff06 (0xfc442703) x14 0x0000000000000000 mem 0x0000000080031f34
core   0: 0x000000008000ff0a (0x0ff77713) andi    a4, a4, 255
core   0: 3 0x000000008000ff0a (0x0ff77713) x14 0x0000000000000000
core   0: 0x000000008000ff0e (0x00e78023) sb      a4, 0(a5)
core   0: 3 0x000000008000ff0e (0x00e78023) mem 0x00000000800120bd 0x00
core   0: 0x000000008000ff12 (0xfc843703) ld      a4, -56(s0)
core   0: 3 0x000000008000ff12 (0xfc843703) x14 0x0000000080012040 mem 0x0000000080031f38
core   0: 0x000000008000ff16 (0xfb843783) ld      a5, -72(s0)
core   0: 3 0x000000008000ff16 (0xfb843783) x15 0x000000000000009c mem 0x0000000080031f28
core   0: 0x000000008000ff1a (0x000097ba) c.add   a5, a4
core   0: 3 0x000000008000ff1a (0x97ba) x15 0x00000000800120dc
core   0: 0x000000008000ff1c (0xfe043703) ld      a4, -32(s0)
core   0: 3 0x000000008000ff1c (0xfe043703) x14 0x00000000800120be mem 0x0000000080031f50
core   0: 0x000000008000ff20 (0xfcf76de3) bltu    a4, a5, pc - 38
core   0: 3 0x000000008000ff20 (0xfcf76de3)
core   0: 0x000000008000fefa (0xfe043783) ld      a5, -32(s0)
core   0: 3 0x000000008000fefa (0xfe043783) x15 0x00000000800120be mem 0x0000000080031f50
core   0: 0x000000008000fefe (0x00178713) addi    a4, a5, 1
core   0: 3 0x000000008000fefe (0x00178713) x14 0x00000000800120bf
core   0: 0x000000008000ff02 (0xfee43023) sd      a4, -32(s0)
core   0: 3 0x000000008000ff02 (0xfee43023) mem 0x0000000080031f50 0x00000000800120bf
core   0: 0x000000008000ff06 (0xfc442703) lw      a4, -60(s0)
core   0: 3 0x000000008000ff06 (0xfc442703) x14 0x0000000000000000 mem 0x0000000080031f34
core   0: 0x000000008000ff0a (0x0ff77713) andi    a4, a4, 255
core   0: 3 0x000000008000ff0a (0x0ff77713) x14 0x0000000000000000
core   0: 0x000000008000ff0e (0x00e78023) sb      a4, 0(a5)
core   0: 3 0x000000008000ff0e (0x00e78023) mem 0x00000000800120be 0x00
core   0: 0x000000008000ff12 (0xfc843703) ld      a4, -56(s0)
core   0: 3 0x000000008000ff12 (0xfc843703) x14 0x0000000080012040 mem 0x0000000080031f38
core   0: 0x000000008000ff16 (0xfb843783) ld      a5, -72(s0)
core   0: 3 0x000000008000ff16 (0xfb843783) x15 0x000000000000009c mem 0x0000000080031f28
core   0: 0x000000008000ff1a (0x000097ba) c.add   a5, a4
core   0: 3 0x000000008000ff1a (0x97ba) x15 0x00000000800120dc
core   0: 0x000000008000ff1c (0xfe043703) ld      a4, -32(s0)
core   0: 3 0x000000008000ff1c (0xfe043703) x14 0x00000000800120bf mem 0x0000000080031f50
core   0: 0x000000008000ff20 (0xfcf76de3) bltu    a4, a5, pc - 38
core   0: 3 0x000000008000ff20 (0xfcf76de3)
core   0: 0x000000008000fefa (0xfe043783) ld      a5, -32(s0)
core   0: 3 0x000000008000fefa (0xfe043783) x15 0x00000000800120bf mem 0x0000000080031f50
core   0: 0x000000008000fefe (0x00178713) addi    a4, a5, 1
core   0: 3 0x000000008000fefe (0x00178713) x14 0x00000000800120c0
core   0: 0x000000008000ff02 (0xfee43023) sd      a4, -32(s0)
core   0: 3 0x000000008000ff02 (0xfee43023) mem 0x0000000080031f50 0x00000000800120c0
core   0: 0x000000008000ff06 (0xfc442703) lw      a4, -60(s0)
core   0: 3 0x000000008000ff06 (0xfc442703) x14 0x0000000000000000 mem 0x0000000080031f34
core   0: 0x000000008000ff0a (0x0ff77713) andi    a4, a4, 255
core   0: 3 0x000000008000ff0a (0x0ff77713) x14 0x0000000000000000
core   0: 0x000000008000ff0e (0x00e78023) sb      a4, 0(a5)
core   0: 3 0x000000008000ff0e (0x00e78023) mem 0x00000000800120bf 0x00
core   0: 0x000000008000ff12 (0xfc843703) ld      a4, -56(s0)
core   0: 3 0x000000008000ff12 (0xfc843703) x14 0x0000000080012040 mem 0x0000000080031f38
core   0: 0x000000008000ff16 (0xfb843783) ld      a5, -72(s0)
core   0: 3 0x000000008000ff16 (0xfb843783) x15 0x000000000000009c mem 0x0000000080031f28
core   0: 0x000000008000ff1a (0x000097ba) c.add   a5, a4
core   0: 3 0x000000008000ff1a (0x97ba) x15 0x00000000800120dc
core   0: 0x000000008000ff1c (0xfe043703) ld      a4, -32(s0)
core   0: 3 0x000000008000ff1c (0xfe043703) x14 0x00000000800120c0 mem 0x0000000080031f50
core   0: 0x000000008000ff20 (0xfcf76de3) bltu    a4, a5, pc - 38
core   0: 3 0x000000008000ff20 (0xfcf76de3)
core   0: 0x000000008000fefa (0xfe043783) ld      a5, -32(s0)
core   0: 3 0x000000008000fefa (0xfe043783) x15 0x00000000800120c0 mem 0x0000000080031f50
core   0: 0x000000008000fefe (0x00178713) addi    a4, a5, 1
core   0: 3 0x000000008000fefe (0x00178713) x14 0x00000000800120c1
core   0: 0x000000008000ff02 (0xfee43023) sd      a4, -32(s0)
core   0: 3 0x000000008000ff02 (0xfee43023) mem 0x0000000080031f50 0x00000000800120c1
core   0: 0x000000008000ff06 (0xfc442703) lw      a4, -60(s0)
core   0: 3 0x000000008000ff06 (0xfc442703) x14 0x0000000000000000 mem 0x0000000080031f34
core   0: 0x000000008000ff0a (0x0ff77713) andi    a4, a4, 255
core   0: 3 0x000000008000ff0a (0x0ff77713) x14 0x0000000000000000
core   0: 0x000000008000ff0e (0x00e78023) sb      a4, 0(a5)
core   0: 3 0x000000008000ff0e (0x00e78023) mem 0x00000000800120c0 0x00
core   0: 0x000000008000ff12 (0xfc843703) ld      a4, -56(s0)
core   0: 3 0x000000008000ff12 (0xfc843703) x14 0x0000000080012040 mem 0x0000000080031f38
core   0: 0x000000008000ff16 (0xfb843783) ld      a5, -72(s0)
core   0: 3 0x000000008000ff16 (0xfb843783) x15 0x000000000000009c mem 0x0000000080031f28
core   0: 0x000000008000ff1a (0x000097ba) c.add   a5, a4
core   0: 3 0x000000008000ff1a (0x97ba) x15 0x00000000800120dc
core   0: 0x000000008000ff1c (0xfe043703) ld      a4, -32(s0)
core   0: 3 0x000000008000ff1c (0xfe043703) x14 0x00000000800120c1 mem 0x0000000080031f50
core   0: 0x000000008000ff20 (0xfcf76de3) bltu    a4, a5, pc - 38
core   0: 3 0x000000008000ff20 (0xfcf76de3)
core   0: 0x000000008000fefa (0xfe043783) ld      a5, -32(s0)
core   0: 3 0x000000008000fefa (0xfe043783) x15 0x00000000800120c1 mem 0x0000000080031f50
core   0: 0x000000008000fefe (0x00178713) addi    a4, a5, 1
core   0: 3 0x000000008000fefe (0x00178713) x14 0x00000000800120c2
core   0: 0x000000008000ff02 (0xfee43023) sd      a4, -32(s0)
core   0: 3 0x000000008000ff02 (0xfee43023) mem 0x0000000080031f50 0x00000000800120c2
core   0: 0x000000008000ff06 (0xfc442703) lw      a4, -60(s0)
core   0: 3 0x000000008000ff06 (0xfc442703) x14 0x0000000000000000 mem 0x0000000080031f34
core   0: 0x000000008000ff0a (0x0ff77713) andi    a4, a4, 255
core   0: 3 0x000000008000ff0a (0x0ff77713) x14 0x0000000000000000
core   0: 0x000000008000ff0e (0x00e78023) sb      a4, 0(a5)
core   0: 3 0x000000008000ff0e (0x00e78023) mem 0x00000000800120c1 0x00
core   0: 0x000000008000ff12 (0xfc843703) ld      a4, -56(s0)
core   0: 3 0x000000008000ff12 (0xfc843703) x14 0x0000000080012040 mem 0x0000000080031f38
core   0: 0x000000008000ff16 (0xfb843783) ld      a5, -72(s0)
core   0: 3 0x000000008000ff16 (0xfb843783) x15 0x000000000000009c mem 0x0000000080031f28
core   0: 0x000000008000ff1a (0x000097ba) c.add   a5, a4
core   0: 3 0x000000008000ff1a (0x97ba) x15 0x00000000800120dc
core   0: 0x000000008000ff1c (0xfe043703) ld      a4, -32(s0)
core   0: 3 0x000000008000ff1c (0xfe043703) x14 0x00000000800120c2 mem 0x0000000080031f50
core   0: 0x000000008000ff20 (0xfcf76de3) bltu    a4, a5, pc - 38
core   0: 3 0x000000008000ff20 (0xfcf76de3)
core   0: 0x000000008000fefa (0xfe043783) ld      a5, -32(s0)
core   0: 3 0x000000008000fefa (0xfe043783) x15 0x00000000800120c2 mem 0x0000000080031f50
core   0: 0x000000008000fefe (0x00178713) addi    a4, a5, 1
core   0: 3 0x000000008000fefe (0x00178713) x14 0x00000000800120c3
core   0: 0x000000008000ff02 (0xfee43023) sd      a4, -32(s0)
core   0: 3 0x000000008000ff02 (0xfee43023) mem 0x0000000080031f50 0x00000000800120c3
core   0: 0x000000008000ff06 (0xfc442703) lw      a4, -60(s0)
core   0: 3 0x000000008000ff06 (0xfc442703) x14 0x0000000000000000 mem 0x0000000080031f34
core   0: 0x000000008000ff0a (0x0ff77713) andi    a4, a4, 255
core   0: 3 0x000000008000ff0a (0x0ff77713) x14 0x0000000000000000
core   0: 0x000000008000ff0e (0x00e78023) sb      a4, 0(a5)
core   0: 3 0x000000008000ff0e (0x00e78023) mem 0x00000000800120c2 0x00
core   0: 0x000000008000ff12 (0xfc843703) ld      a4, -56(s0)
core   0: 3 0x000000008000ff12 (0xfc843703) x14 0x0000000080012040 mem 0x0000000080031f38
core   0: 0x000000008000ff16 (0xfb843783) ld      a5, -72(s0)
core   0: 3 0x000000008000ff16 (0xfb843783) x15 0x000000000000009c mem 0x0000000080031f28
core   0: 0x000000008000ff1a (0x000097ba) c.add   a5, a4
core   0: 3 0x000000008000ff1a (0x97ba) x15 0x00000000800120dc
core   0: 0x000000008000ff1c (0xfe043703) ld      a4, -32(s0)
core   0: 3 0x000000008000ff1c (0xfe043703) x14 0x00000000800120c3 mem 0x0000000080031f50
core   0: 0x000000008000ff20 (0xfcf76de3) bltu    a4, a5, pc - 38
core   0: 3 0x000000008000ff20 (0xfcf76de3)
core   0: 0x000000008000fefa (0xfe043783) ld      a5, -32(s0)
core   0: 3 0x000000008000fefa (0xfe043783) x15 0x00000000800120c3 mem 0x0000000080031f50
core   0: 0x000000008000fefe (0x00178713) addi    a4, a5, 1
core   0: 3 0x000000008000fefe (0x00178713) x14 0x00000000800120c4
core   0: 0x000000008000ff02 (0xfee43023) sd      a4, -32(s0)
core   0: 3 0x000000008000ff02 (0xfee43023) mem 0x0000000080031f50 0x00000000800120c4
core   0: 0x000000008000ff06 (0xfc442703) lw      a4, -60(s0)
core   0: 3 0x000000008000ff06 (0xfc442703) x14 0x0000000000000000 mem 0x0000000080031f34
core   0: 0x000000008000ff0a (0x0ff77713) andi    a4, a4, 255
core   0: 3 0x000000008000ff0a (0x0ff77713) x14 0x0000000000000000
core   0: 0x000000008000ff0e (0x00e78023) sb      a4, 0(a5)
core   0: 3 0x000000008000ff0e (0x00e78023) mem 0x00000000800120c3 0x00
core   0: 0x000000008000ff12 (0xfc843703) ld      a4, -56(s0)
core   0: 3 0x000000008000ff12 (0xfc843703) x14 0x0000000080012040 mem 0x0000000080031f38
core   0: 0x000000008000ff16 (0xfb843783) ld      a5, -72(s0)
core   0: 3 0x000000008000ff16 (0xfb843783) x15 0x000000000000009c mem 0x0000000080031f28
core   0: 0x000000008000ff1a (0x000097ba) c.add   a5, a4
core   0: 3 0x000000008000ff1a (0x97ba) x15 0x00000000800120dc
core   0: 0x000000008000ff1c (0xfe043703) ld      a4, -32(s0)
core   0: 3 0x000000008000ff1c (0xfe043703) x14 0x00000000800120c4 mem 0x0000000080031f50
core   0: 0x000000008000ff20 (0xfcf76de3) bltu    a4, a5, pc - 38
core   0: 3 0x000000008000ff20 (0xfcf76de3)
core   0: 0x000000008000fefa (0xfe043783) ld      a5, -32(s0)
core   0: 3 0x000000008000fefa (0xfe043783) x15 0x00000000800120c4 mem 0x0000000080031f50
core   0: 0x000000008000fefe (0x00178713) addi    a4, a5, 1
core   0: 3 0x000000008000fefe (0x00178713) x14 0x00000000800120c5
core   0: 0x000000008000ff02 (0xfee43023) sd      a4, -32(s0)
core   0: 3 0x000000008000ff02 (0xfee43023) mem 0x0000000080031f50 0x00000000800120c5
core   0: 0x000000008000ff06 (0xfc442703) lw      a4, -60(s0)
core   0: 3 0x000000008000ff06 (0xfc442703) x14 0x0000000000000000 mem 0x0000000080031f34
core   0: 0x000000008000ff0a (0x0ff77713) andi    a4, a4, 255
core   0: 3 0x000000008000ff0a (0x0ff77713) x14 0x0000000000000000
core   0: 0x000000008000ff0e (0x00e78023) sb      a4, 0(a5)
core   0: 3 0x000000008000ff0e (0x00e78023) mem 0x00000000800120c4 0x00
core   0: 0x000000008000ff12 (0xfc843703) ld      a4, -56(s0)
core   0: 3 0x000000008000ff12 (0xfc843703) x14 0x0000000080012040 mem 0x0000000080031f38
core   0: 0x000000008000ff16 (0xfb843783) ld      a5, -72(s0)
core   0: 3 0x000000008000ff16 (0xfb843783) x15 0x000000000000009c mem 0x0000000080031f28
core   0: 0x000000008000ff1a (0x000097ba) c.add   a5, a4
core   0: 3 0x000000008000ff1a (0x97ba) x15 0x00000000800120dc
core   0: 0x000000008000ff1c (0xfe043703) ld      a4, -32(s0)
core   0: 3 0x000000008000ff1c (0xfe043703) x14 0x00000000800120c5 mem 0x0000000080031f50
core   0: 0x000000008000ff20 (0xfcf76de3) bltu    a4, a5, pc - 38
core   0: 3 0x000000008000ff20 (0xfcf76de3)
core   0: 0x000000008000fefa (0xfe043783) ld      a5, -32(s0)
core   0: 3 0x000000008000fefa (0xfe043783) x15 0x00000000800120c5 mem 0x0000000080031f50
core   0: 0x000000008000fefe (0x00178713) addi    a4, a5, 1
core   0: 3 0x000000008000fefe (0x00178713) x14 0x00000000800120c6
core   0: 0x000000008000ff02 (0xfee43023) sd      a4, -32(s0)
core   0: 3 0x000000008000ff02 (0xfee43023) mem 0x0000000080031f50 0x00000000800120c6
core   0: 0x000000008000ff06 (0xfc442703) lw      a4, -60(s0)
core   0: 3 0x000000008000ff06 (0xfc442703) x14 0x0000000000000000 mem 0x0000000080031f34
core   0: 0x000000008000ff0a (0x0ff77713) andi    a4, a4, 255
core   0: 3 0x000000008000ff0a (0x0ff77713) x14 0x0000000000000000
core   0: 0x000000008000ff0e (0x00e78023) sb      a4, 0(a5)
core   0: 3 0x000000008000ff0e (0x00e78023) mem 0x00000000800120c5 0x00
core   0: 0x000000008000ff12 (0xfc843703) ld      a4, -56(s0)
core   0: 3 0x000000008000ff12 (0xfc843703) x14 0x0000000080012040 mem 0x0000000080031f38
core   0: 0x000000008000ff16 (0xfb843783) ld      a5, -72(s0)
core   0: 3 0x000000008000ff16 (0xfb843783) x15 0x000000000000009c mem 0x0000000080031f28
core   0: 0x000000008000ff1a (0x000097ba) c.add   a5, a4
core   0: 3 0x000000008000ff1a (0x97ba) x15 0x00000000800120dc
core   0: 0x000000008000ff1c (0xfe043703) ld      a4, -32(s0)
core   0: 3 0x000000008000ff1c (0xfe043703) x14 0x00000000800120c6 mem 0x0000000080031f50
core   0: 0x000000008000ff20 (0xfcf76de3) bltu    a4, a5, pc - 38
core   0: 3 0x000000008000ff20 (0xfcf76de3)
core   0: 0x000000008000fefa (0xfe043783) ld      a5, -32(s0)
core   0: 3 0x000000008000fefa (0xfe043783) x15 0x00000000800120c6 mem 0x0000000080031f50
core   0: 0x000000008000fefe (0x00178713) addi    a4, a5, 1
core   0: 3 0x000000008000fefe (0x00178713) x14 0x00000000800120c7
core   0: 0x000000008000ff02 (0xfee43023) sd      a4, -32(s0)
core   0: 3 0x000000008000ff02 (0xfee43023) mem 0x0000000080031f50 0x00000000800120c7
core   0: 0x000000008000ff06 (0xfc442703) lw      a4, -60(s0)
core   0: 3 0x000000008000ff06 (0xfc442703) x14 0x0000000000000000 mem 0x0000000080031f34
core   0: 0x000000008000ff0a (0x0ff77713) andi    a4, a4, 255
core   0: 3 0x000000008000ff0a (0x0ff77713) x14 0x0000000000000000
core   0: 0x000000008000ff0e (0x00e78023) sb      a4, 0(a5)
core   0: 3 0x000000008000ff0e (0x00e78023) mem 0x00000000800120c6 0x00
core   0: 0x000000008000ff12 (0xfc843703) ld      a4, -56(s0)
core   0: 3 0x000000008000ff12 (0xfc843703) x14 0x0000000080012040 mem 0x0000000080031f38
core   0: 0x000000008000ff16 (0xfb843783) ld      a5, -72(s0)
core   0: 3 0x000000008000ff16 (0xfb843783) x15 0x000000000000009c mem 0x0000000080031f28
core   0: 0x000000008000ff1a (0x000097ba) c.add   a5, a4
core   0: 3 0x000000008000ff1a (0x97ba) x15 0x00000000800120dc
core   0: 0x000000008000ff1c (0xfe043703) ld      a4, -32(s0)
core   0: 3 0x000000008000ff1c (0xfe043703) x14 0x00000000800120c7 mem 0x0000000080031f50
core   0: 0x000000008000ff20 (0xfcf76de3) bltu    a4, a5, pc - 38
core   0: 3 0x000000008000ff20 (0xfcf76de3)
core   0: 0x000000008000fefa (0xfe043783) ld      a5, -32(s0)
core   0: 3 0x000000008000fefa (0xfe043783) x15 0x00000000800120c7 mem 0x0000000080031f50
core   0: 0x000000008000fefe (0x00178713) addi    a4, a5, 1
core   0: 3 0x000000008000fefe (0x00178713) x14 0x00000000800120c8
core   0: 0x000000008000ff02 (0xfee43023) sd      a4, -32(s0)
core   0: 3 0x000000008000ff02 (0xfee43023) mem 0x0000000080031f50 0x00000000800120c8
core   0: 0x000000008000ff06 (0xfc442703) lw      a4, -60(s0)
core   0: 3 0x000000008000ff06 (0xfc442703) x14 0x0000000000000000 mem 0x0000000080031f34
core   0: 0x000000008000ff0a (0x0ff77713) andi    a4, a4, 255
core   0: 3 0x000000008000ff0a (0x0ff77713) x14 0x0000000000000000
core   0: 0x000000008000ff0e (0x00e78023) sb      a4, 0(a5)
core   0: 3 0x000000008000ff0e (0x00e78023) mem 0x00000000800120c7 0x00
core   0: 0x000000008000ff12 (0xfc843703) ld      a4, -56(s0)
core   0: 3 0x000000008000ff12 (0xfc843703) x14 0x0000000080012040 mem 0x0000000080031f38
core   0: 0x000000008000ff16 (0xfb843783) ld      a5, -72(s0)
core   0: 3 0x000000008000ff16 (0xfb843783) x15 0x000000000000009c mem 0x0000000080031f28
core   0: 0x000000008000ff1a (0x000097ba) c.add   a5, a4
core   0: 3 0x000000008000ff1a (0x97ba) x15 0x00000000800120dc
core   0: 0x000000008000ff1c (0xfe043703) ld      a4, -32(s0)
core   0: 3 0x000000008000ff1c (0xfe043703) x14 0x00000000800120c8 mem 0x0000000080031f50
core   0: 0x000000008000ff20 (0xfcf76de3) bltu    a4, a5, pc - 38
core   0: 3 0x000000008000ff20 (0xfcf76de3)
core   0: 0x000000008000fefa (0xfe043783) ld      a5, -32(s0)
core   0: 3 0x000000008000fefa (0xfe043783) x15 0x00000000800120c8 mem 0x0000000080031f50
core   0: 0x000000008000fefe (0x00178713) addi    a4, a5, 1
core   0: 3 0x000000008000fefe (0x00178713) x14 0x00000000800120c9
core   0: 0x000000008000ff02 (0xfee43023) sd      a4, -32(s0)
core   0: 3 0x000000008000ff02 (0xfee43023) mem 0x0000000080031f50 0x00000000800120c9
core   0: 0x000000008000ff06 (0xfc442703) lw      a4, -60(s0)
core   0: 3 0x000000008000ff06 (0xfc442703) x14 0x0000000000000000 mem 0x0000000080031f34
core   0: 0x000000008000ff0a (0x0ff77713) andi    a4, a4, 255
core   0: 3 0x000000008000ff0a (0x0ff77713) x14 0x0000000000000000
core   0: 0x000000008000ff0e (0x00e78023) sb      a4, 0(a5)
core   0: 3 0x000000008000ff0e (0x00e78023) mem 0x00000000800120c8 0x00
core   0: 0x000000008000ff12 (0xfc843703) ld      a4, -56(s0)
core   0: 3 0x000000008000ff12 (0xfc843703) x14 0x0000000080012040 mem 0x0000000080031f38
core   0: 0x000000008000ff16 (0xfb843783) ld      a5, -72(s0)
core   0: 3 0x000000008000ff16 (0xfb843783) x15 0x000000000000009c mem 0x0000000080031f28
core   0: 0x000000008000ff1a (0x000097ba) c.add   a5, a4
core   0: 3 0x000000008000ff1a (0x97ba) x15 0x00000000800120dc
core   0: 0x000000008000ff1c (0xfe043703) ld      a4, -32(s0)
core   0: 3 0x000000008000ff1c (0xfe043703) x14 0x00000000800120c9 mem 0x0000000080031f50
core   0: 0x000000008000ff20 (0xfcf76de3) bltu    a4, a5, pc - 38
core   0: 3 0x000000008000ff20 (0xfcf76de3)
core   0: 0x000000008000fefa (0xfe043783) ld      a5, -32(s0)
core   0: 3 0x000000008000fefa (0xfe043783) x15 0x00000000800120c9 mem 0x0000000080031f50
core   0: 0x000000008000fefe (0x00178713) addi    a4, a5, 1
core   0: 3 0x000000008000fefe (0x00178713) x14 0x00000000800120ca
core   0: 0x000000008000ff02 (0xfee43023) sd      a4, -32(s0)
core   0: 3 0x000000008000ff02 (0xfee43023) mem 0x0000000080031f50 0x00000000800120ca
core   0: 0x000000008000ff06 (0xfc442703) lw      a4, -60(s0)
core   0: 3 0x000000008000ff06 (0xfc442703) x14 0x0000000000000000 mem 0x0000000080031f34
core   0: 0x000000008000ff0a (0x0ff77713) andi    a4, a4, 255
core   0: 3 0x000000008000ff0a (0x0ff77713) x14 0x0000000000000000
core   0: 0x000000008000ff0e (0x00e78023) sb      a4, 0(a5)
core   0: 3 0x000000008000ff0e (0x00e78023) mem 0x00000000800120c9 0x00
core   0: 0x000000008000ff12 (0xfc843703) ld      a4, -56(s0)
core   0: 3 0x000000008000ff12 (0xfc843703) x14 0x0000000080012040 mem 0x0000000080031f38
core   0: 0x000000008000ff16 (0xfb843783) ld      a5, -72(s0)
core   0: 3 0x000000008000ff16 (0xfb843783) x15 0x000000000000009c mem 0x0000000080031f28
core   0: 0x000000008000ff1a (0x000097ba) c.add   a5, a4
core   0: 3 0x000000008000ff1a (0x97ba) x15 0x00000000800120dc
core   0: 0x000000008000ff1c (0xfe043703) ld      a4, -32(s0)
core   0: 3 0x000000008000ff1c (0xfe043703) x14 0x00000000800120ca mem 0x0000000080031f50
core   0: 0x000000008000ff20 (0xfcf76de3) bltu    a4, a5, pc - 38
core   0: 3 0x000000008000ff20 (0xfcf76de3)
core   0: 0x000000008000fefa (0xfe043783) ld      a5, -32(s0)
core   0: 3 0x000000008000fefa (0xfe043783) x15 0x00000000800120ca mem 0x0000000080031f50
core   0: 0x000000008000fefe (0x00178713) addi    a4, a5, 1
core   0: 3 0x000000008000fefe (0x00178713) x14 0x00000000800120cb
core   0: 0x000000008000ff02 (0xfee43023) sd      a4, -32(s0)
core   0: 3 0x000000008000ff02 (0xfee43023) mem 0x0000000080031f50 0x00000000800120cb
core   0: 0x000000008000ff06 (0xfc442703) lw      a4, -60(s0)
core   0: 3 0x000000008000ff06 (0xfc442703) x14 0x0000000000000000 mem 0x0000000080031f34
core   0: 0x000000008000ff0a (0x0ff77713) andi    a4, a4, 255
core   0: 3 0x000000008000ff0a (0x0ff77713) x14 0x0000000000000000
core   0: 0x000000008000ff0e (0x00e78023) sb      a4, 0(a5)
core   0: 3 0x000000008000ff0e (0x00e78023) mem 0x00000000800120ca 0x00
core   0: 0x000000008000ff12 (0xfc843703) ld      a4, -56(s0)
core   0: 3 0x000000008000ff12 (0xfc843703) x14 0x0000000080012040 mem 0x0000000080031f38
core   0: 0x000000008000ff16 (0xfb843783) ld      a5, -72(s0)
core   0: 3 0x000000008000ff16 (0xfb843783) x15 0x000000000000009c mem 0x0000000080031f28
core   0: 0x000000008000ff1a (0x000097ba) c.add   a5, a4
core   0: 3 0x000000008000ff1a (0x97ba) x15 0x00000000800120dc
core   0: 0x000000008000ff1c (0xfe043703) ld      a4, -32(s0)
core   0: 3 0x000000008000ff1c (0xfe043703) x14 0x00000000800120cb mem 0x0000000080031f50
core   0: 0x000000008000ff20 (0xfcf76de3) bltu    a4, a5, pc - 38
core   0: 3 0x000000008000ff20 (0xfcf76de3)
core   0: 0x000000008000fefa (0xfe043783) ld      a5, -32(s0)
core   0: 3 0x000000008000fefa (0xfe043783) x15 0x00000000800120cb mem 0x0000000080031f50
core   0: 0x000000008000fefe (0x00178713) addi    a4, a5, 1
core   0: 3 0x000000008000fefe (0x00178713) x14 0x00000000800120cc
core   0: 0x000000008000ff02 (0xfee43023) sd      a4, -32(s0)
core   0: 3 0x000000008000ff02 (0xfee43023) mem 0x0000000080031f50 0x00000000800120cc
core   0: 0x000000008000ff06 (0xfc442703) lw      a4, -60(s0)
core   0: 3 0x000000008000ff06 (0xfc442703) x14 0x0000000000000000 mem 0x0000000080031f34
core   0: 0x000000008000ff0a (0x0ff77713) andi    a4, a4, 255
core   0: 3 0x000000008000ff0a (0x0ff77713) x14 0x0000000000000000
core   0: 0x000000008000ff0e (0x00e78023) sb      a4, 0(a5)
core   0: 3 0x000000008000ff0e (0x00e78023) mem 0x00000000800120cb 0x00
core   0: 0x000000008000ff12 (0xfc843703) ld      a4, -56(s0)
core   0: 3 0x000000008000ff12 (0xfc843703) x14 0x0000000080012040 mem 0x0000000080031f38
core   0: 0x000000008000ff16 (0xfb843783) ld      a5, -72(s0)
core   0: 3 0x000000008000ff16 (0xfb843783) x15 0x000000000000009c mem 0x0000000080031f28
core   0: 0x000000008000ff1a (0x000097ba) c.add   a5, a4
core   0: 3 0x000000008000ff1a (0x97ba) x15 0x00000000800120dc
core   0: 0x000000008000ff1c (0xfe043703) ld      a4, -32(s0)
core   0: 3 0x000000008000ff1c (0xfe043703) x14 0x00000000800120cc mem 0x0000000080031f50
core   0: 0x000000008000ff20 (0xfcf76de3) bltu    a4, a5, pc - 38
core   0: 3 0x000000008000ff20 (0xfcf76de3)
core   0: 0x000000008000fefa (0xfe043783) ld      a5, -32(s0)
core   0: 3 0x000000008000fefa (0xfe043783) x15 0x00000000800120cc mem 0x0000000080031f50
core   0: 0x000000008000fefe (0x00178713) addi    a4, a5, 1
core   0: 3 0x000000008000fefe (0x00178713) x14 0x00000000800120cd
core   0: 0x000000008000ff02 (0xfee43023) sd      a4, -32(s0)
core   0: 3 0x000000008000ff02 (0xfee43023) mem 0x0000000080031f50 0x00000000800120cd
core   0: 0x000000008000ff06 (0xfc442703) lw      a4, -60(s0)
core   0: 3 0x000000008000ff06 (0xfc442703) x14 0x0000000000000000 mem 0x0000000080031f34
core   0: 0x000000008000ff0a (0x0ff77713) andi    a4, a4, 255
core   0: 3 0x000000008000ff0a (0x0ff77713) x14 0x0000000000000000
core   0: 0x000000008000ff0e (0x00e78023) sb      a4, 0(a5)
core   0: 3 0x000000008000ff0e (0x00e78023) mem 0x00000000800120cc 0x00
core   0: 0x000000008000ff12 (0xfc843703) ld      a4, -56(s0)
core   0: 3 0x000000008000ff12 (0xfc843703) x14 0x0000000080012040 mem 0x0000000080031f38
core   0: 0x000000008000ff16 (0xfb843783) ld      a5, -72(s0)
core   0: 3 0x000000008000ff16 (0xfb843783) x15 0x000000000000009c mem 0x0000000080031f28
core   0: 0x000000008000ff1a (0x000097ba) c.add   a5, a4
core   0: 3 0x000000008000ff1a (0x97ba) x15 0x00000000800120dc
core   0: 0x000000008000ff1c (0xfe043703) ld      a4, -32(s0)
core   0: 3 0x000000008000ff1c (0xfe043703) x14 0x00000000800120cd mem 0x0000000080031f50
core   0: 0x000000008000ff20 (0xfcf76de3) bltu    a4, a5, pc - 38
core   0: 3 0x000000008000ff20 (0xfcf76de3)
core   0: 0x000000008000fefa (0xfe043783) ld      a5, -32(s0)
core   0: 3 0x000000008000fefa (0xfe043783) x15 0x00000000800120cd mem 0x0000000080031f50
core   0: 0x000000008000fefe (0x00178713) addi    a4, a5, 1
core   0: 3 0x000000008000fefe (0x00178713) x14 0x00000000800120ce
core   0: 0x000000008000ff02 (0xfee43023) sd      a4, -32(s0)
core   0: 3 0x000000008000ff02 (0xfee43023) mem 0x0000000080031f50 0x00000000800120ce
core   0: 0x000000008000ff06 (0xfc442703) lw      a4, -60(s0)
core   0: 3 0x000000008000ff06 (0xfc442703) x14 0x0000000000000000 mem 0x0000000080031f34
core   0: 0x000000008000ff0a (0x0ff77713) andi    a4, a4, 255
core   0: 3 0x000000008000ff0a (0x0ff77713) x14 0x0000000000000000
core   0: 0x000000008000ff0e (0x00e78023) sb      a4, 0(a5)
core   0: 3 0x000000008000ff0e (0x00e78023) mem 0x00000000800120cd 0x00
core   0: 0x000000008000ff12 (0xfc843703) ld      a4, -56(s0)
core   0: 3 0x000000008000ff12 (0xfc843703) x14 0x0000000080012040 mem 0x0000000080031f38
core   0: 0x000000008000ff16 (0xfb843783) ld      a5, -72(s0)
core   0: 3 0x000000008000ff16 (0xfb843783) x15 0x000000000000009c mem 0x0000000080031f28
core   0: 0x000000008000ff1a (0x000097ba) c.add   a5, a4
core   0: 3 0x000000008000ff1a (0x97ba) x15 0x00000000800120dc
core   0: 0x000000008000ff1c (0xfe043703) ld      a4, -32(s0)
core   0: 3 0x000000008000ff1c (0xfe043703) x14 0x00000000800120ce mem 0x0000000080031f50
core   0: 0x000000008000ff20 (0xfcf76de3) bltu    a4, a5, pc - 38
core   0: 3 0x000000008000ff20 (0xfcf76de3)
core   0: 0x000000008000fefa (0xfe043783) ld      a5, -32(s0)
core   0: 3 0x000000008000fefa (0xfe043783) x15 0x00000000800120ce mem 0x0000000080031f50
core   0: 0x000000008000fefe (0x00178713) addi    a4, a5, 1
core   0: 3 0x000000008000fefe (0x00178713) x14 0x00000000800120cf
core   0: 0x000000008000ff02 (0xfee43023) sd      a4, -32(s0)
core   0: 3 0x000000008000ff02 (0xfee43023) mem 0x0000000080031f50 0x00000000800120cf
core   0: 0x000000008000ff06 (0xfc442703) lw      a4, -60(s0)
core   0: 3 0x000000008000ff06 (0xfc442703) x14 0x0000000000000000 mem 0x0000000080031f34
core   0: 0x000000008000ff0a (0x0ff77713) andi    a4, a4, 255
core   0: 3 0x000000008000ff0a (0x0ff77713) x14 0x0000000000000000
core   0: 0x000000008000ff0e (0x00e78023) sb      a4, 0(a5)
core   0: 3 0x000000008000ff0e (0x00e78023) mem 0x00000000800120ce 0x00
core   0: 0x000000008000ff12 (0xfc843703) ld      a4, -56(s0)
core   0: 3 0x000000008000ff12 (0xfc843703) x14 0x0000000080012040 mem 0x0000000080031f38
core   0: 0x000000008000ff16 (0xfb843783) ld      a5, -72(s0)
core   0: 3 0x000000008000ff16 (0xfb843783) x15 0x000000000000009c mem 0x0000000080031f28
core   0: 0x000000008000ff1a (0x000097ba) c.add   a5, a4
core   0: 3 0x000000008000ff1a (0x97ba) x15 0x00000000800120dc
core   0: 0x000000008000ff1c (0xfe043703) ld      a4, -32(s0)
core   0: 3 0x000000008000ff1c (0xfe043703) x14 0x00000000800120cf mem 0x0000000080031f50
core   0: 0x000000008000ff20 (0xfcf76de3) bltu    a4, a5, pc - 38
core   0: 3 0x000000008000ff20 (0xfcf76de3)
core   0: 0x000000008000fefa (0xfe043783) ld      a5, -32(s0)
core   0: 3 0x000000008000fefa (0xfe043783) x15 0x00000000800120cf mem 0x0000000080031f50
core   0: 0x000000008000fefe (0x00178713) addi    a4, a5, 1
core   0: 3 0x000000008000fefe (0x00178713) x14 0x00000000800120d0
core   0: 0x000000008000ff02 (0xfee43023) sd      a4, -32(s0)
core   0: 3 0x000000008000ff02 (0xfee43023) mem 0x0000000080031f50 0x00000000800120d0
core   0: 0x000000008000ff06 (0xfc442703) lw      a4, -60(s0)
core   0: 3 0x000000008000ff06 (0xfc442703) x14 0x0000000000000000 mem 0x0000000080031f34
core   0: 0x000000008000ff0a (0x0ff77713) andi    a4, a4, 255
core   0: 3 0x000000008000ff0a (0x0ff77713) x14 0x0000000000000000
core   0: 0x000000008000ff0e (0x00e78023) sb      a4, 0(a5)
core   0: 3 0x000000008000ff0e (0x00e78023) mem 0x00000000800120cf 0x00
core   0: 0x000000008000ff12 (0xfc843703) ld      a4, -56(s0)
core   0: 3 0x000000008000ff12 (0xfc843703) x14 0x0000000080012040 mem 0x0000000080031f38
core   0: 0x000000008000ff16 (0xfb843783) ld      a5, -72(s0)
core   0: 3 0x000000008000ff16 (0xfb843783) x15 0x000000000000009c mem 0x0000000080031f28
core   0: 0x000000008000ff1a (0x000097ba) c.add   a5, a4
core   0: 3 0x000000008000ff1a (0x97ba) x15 0x00000000800120dc
core   0: 0x000000008000ff1c (0xfe043703) ld      a4, -32(s0)
core   0: 3 0x000000008000ff1c (0xfe043703) x14 0x00000000800120d0 mem 0x0000000080031f50
core   0: 0x000000008000ff20 (0xfcf76de3) bltu    a4, a5, pc - 38
core   0: 3 0x000000008000ff20 (0xfcf76de3)
core   0: 0x000000008000fefa (0xfe043783) ld      a5, -32(s0)
core   0: 3 0x000000008000fefa (0xfe043783) x15 0x00000000800120d0 mem 0x0000000080031f50
core   0: 0x000000008000fefe (0x00178713) addi    a4, a5, 1
core   0: 3 0x000000008000fefe (0x00178713) x14 0x00000000800120d1
core   0: 0x000000008000ff02 (0xfee43023) sd      a4, -32(s0)
core   0: 3 0x000000008000ff02 (0xfee43023) mem 0x0000000080031f50 0x00000000800120d1
core   0: 0x000000008000ff06 (0xfc442703) lw      a4, -60(s0)
core   0: 3 0x000000008000ff06 (0xfc442703) x14 0x0000000000000000 mem 0x0000000080031f34
core   0: 0x000000008000ff0a (0x0ff77713) andi    a4, a4, 255
core   0: 3 0x000000008000ff0a (0x0ff77713) x14 0x0000000000000000
core   0: 0x000000008000ff0e (0x00e78023) sb      a4, 0(a5)
core   0: 3 0x000000008000ff0e (0x00e78023) mem 0x00000000800120d0 0x00
core   0: 0x000000008000ff12 (0xfc843703) ld      a4, -56(s0)
core   0: 3 0x000000008000ff12 (0xfc843703) x14 0x0000000080012040 mem 0x0000000080031f38
core   0: 0x000000008000ff16 (0xfb843783) ld      a5, -72(s0)
core   0: 3 0x000000008000ff16 (0xfb843783) x15 0x000000000000009c mem 0x0000000080031f28
core   0: 0x000000008000ff1a (0x000097ba) c.add   a5, a4
core   0: 3 0x000000008000ff1a (0x97ba) x15 0x00000000800120dc
core   0: 0x000000008000ff1c (0xfe043703) ld      a4, -32(s0)
core   0: 3 0x000000008000ff1c (0xfe043703) x14 0x00000000800120d1 mem 0x0000000080031f50
core   0: 0x000000008000ff20 (0xfcf76de3) bltu    a4, a5, pc - 38
core   0: 3 0x000000008000ff20 (0xfcf76de3)
core   0: 0x000000008000fefa (0xfe043783) ld      a5, -32(s0)
core   0: 3 0x000000008000fefa (0xfe043783) x15 0x00000000800120d1 mem 0x0000000080031f50
core   0: 0x000000008000fefe (0x00178713) addi    a4, a5, 1
core   0: 3 0x000000008000fefe (0x00178713) x14 0x00000000800120d2
core   0: 0x000000008000ff02 (0xfee43023) sd      a4, -32(s0)
core   0: 3 0x000000008000ff02 (0xfee43023) mem 0x0000000080031f50 0x00000000800120d2
core   0: 0x000000008000ff06 (0xfc442703) lw      a4, -60(s0)
core   0: 3 0x000000008000ff06 (0xfc442703) x14 0x0000000000000000 mem 0x0000000080031f34
core   0: 0x000000008000ff0a (0x0ff77713) andi    a4, a4, 255
core   0: 3 0x000000008000ff0a (0x0ff77713) x14 0x0000000000000000
core   0: 0x000000008000ff0e (0x00e78023) sb      a4, 0(a5)
core   0: 3 0x000000008000ff0e (0x00e78023) mem 0x00000000800120d1 0x00
core   0: 0x000000008000ff12 (0xfc843703) ld      a4, -56(s0)
core   0: 3 0x000000008000ff12 (0xfc843703) x14 0x0000000080012040 mem 0x0000000080031f38
core   0: 0x000000008000ff16 (0xfb843783) ld      a5, -72(s0)
core   0: 3 0x000000008000ff16 (0xfb843783) x15 0x000000000000009c mem 0x0000000080031f28
core   0: 0x000000008000ff1a (0x000097ba) c.add   a5, a4
core   0: 3 0x000000008000ff1a (0x97ba) x15 0x00000000800120dc
core   0: 0x000000008000ff1c (0xfe043703) ld      a4, -32(s0)
core   0: 3 0x000000008000ff1c (0xfe043703) x14 0x00000000800120d2 mem 0x0000000080031f50
core   0: 0x000000008000ff20 (0xfcf76de3) bltu    a4, a5, pc - 38
core   0: 3 0x000000008000ff20 (0xfcf76de3)
core   0: 0x000000008000fefa (0xfe043783) ld      a5, -32(s0)
core   0: 3 0x000000008000fefa (0xfe043783) x15 0x00000000800120d2 mem 0x0000000080031f50
core   0: 0x000000008000fefe (0x00178713) addi    a4, a5, 1
core   0: 3 0x000000008000fefe (0x00178713) x14 0x00000000800120d3
core   0: 0x000000008000ff02 (0xfee43023) sd      a4, -32(s0)
core   0: 3 0x000000008000ff02 (0xfee43023) mem 0x0000000080031f50 0x00000000800120d3
core   0: 0x000000008000ff06 (0xfc442703) lw      a4, -60(s0)
core   0: 3 0x000000008000ff06 (0xfc442703) x14 0x0000000000000000 mem 0x0000000080031f34
core   0: 0x000000008000ff0a (0x0ff77713) andi    a4, a4, 255
core   0: 3 0x000000008000ff0a (0x0ff77713) x14 0x0000000000000000
core   0: 0x000000008000ff0e (0x00e78023) sb      a4, 0(a5)
core   0: 3 0x000000008000ff0e (0x00e78023) mem 0x00000000800120d2 0x00
core   0: 0x000000008000ff12 (0xfc843703) ld      a4, -56(s0)
core   0: 3 0x000000008000ff12 (0xfc843703) x14 0x0000000080012040 mem 0x0000000080031f38
core   0: 0x000000008000ff16 (0xfb843783) ld      a5, -72(s0)
core   0: 3 0x000000008000ff16 (0xfb843783) x15 0x000000000000009c mem 0x0000000080031f28
core   0: 0x000000008000ff1a (0x000097ba) c.add   a5, a4
core   0: 3 0x000000008000ff1a (0x97ba) x15 0x00000000800120dc
core   0: 0x000000008000ff1c (0xfe043703) ld      a4, -32(s0)
core   0: 3 0x000000008000ff1c (0xfe043703) x14 0x00000000800120d3 mem 0x0000000080031f50
core   0: 0x000000008000ff20 (0xfcf76de3) bltu    a4, a5, pc - 38
core   0: 3 0x000000008000ff20 (0xfcf76de3)
core   0: 0x000000008000fefa (0xfe043783) ld      a5, -32(s0)
core   0: 3 0x000000008000fefa (0xfe043783) x15 0x00000000800120d3 mem 0x0000000080031f50
core   0: 0x000000008000fefe (0x00178713) addi    a4, a5, 1
core   0: 3 0x000000008000fefe (0x00178713) x14 0x00000000800120d4
core   0: 0x000000008000ff02 (0xfee43023) sd      a4, -32(s0)
core   0: 3 0x000000008000ff02 (0xfee43023) mem 0x0000000080031f50 0x00000000800120d4
core   0: 0x000000008000ff06 (0xfc442703) lw      a4, -60(s0)
core   0: 3 0x000000008000ff06 (0xfc442703) x14 0x0000000000000000 mem 0x0000000080031f34
core   0: 0x000000008000ff0a (0x0ff77713) andi    a4, a4, 255
core   0: 3 0x000000008000ff0a (0x0ff77713) x14 0x0000000000000000
core   0: 0x000000008000ff0e (0x00e78023) sb      a4, 0(a5)
core   0: 3 0x000000008000ff0e (0x00e78023) mem 0x00000000800120d3 0x00
core   0: 0x000000008000ff12 (0xfc843703) ld      a4, -56(s0)
core   0: 3 0x000000008000ff12 (0xfc843703) x14 0x0000000080012040 mem 0x0000000080031f38
core   0: 0x000000008000ff16 (0xfb843783) ld      a5, -72(s0)
core   0: 3 0x000000008000ff16 (0xfb843783) x15 0x000000000000009c mem 0x0000000080031f28
core   0: 0x000000008000ff1a (0x000097ba) c.add   a5, a4
core   0: 3 0x000000008000ff1a (0x97ba) x15 0x00000000800120dc
core   0: 0x000000008000ff1c (0xfe043703) ld      a4, -32(s0)
core   0: 3 0x000000008000ff1c (0xfe043703) x14 0x00000000800120d4 mem 0x0000000080031f50
core   0: 0x000000008000ff20 (0xfcf76de3) bltu    a4, a5, pc - 38
core   0: 3 0x000000008000ff20 (0xfcf76de3)
core   0: 0x000000008000fefa (0xfe043783) ld      a5, -32(s0)
core   0: 3 0x000000008000fefa (0xfe043783) x15 0x00000000800120d4 mem 0x0000000080031f50
core   0: 0x000000008000fefe (0x00178713) addi    a4, a5, 1
core   0: 3 0x000000008000fefe (0x00178713) x14 0x00000000800120d5
core   0: 0x000000008000ff02 (0xfee43023) sd      a4, -32(s0)
core   0: 3 0x000000008000ff02 (0xfee43023) mem 0x0000000080031f50 0x00000000800120d5
core   0: 0x000000008000ff06 (0xfc442703) lw      a4, -60(s0)
core   0: 3 0x000000008000ff06 (0xfc442703) x14 0x0000000000000000 mem 0x0000000080031f34
core   0: 0x000000008000ff0a (0x0ff77713) andi    a4, a4, 255
core   0: 3 0x000000008000ff0a (0x0ff77713) x14 0x0000000000000000
core   0: 0x000000008000ff0e (0x00e78023) sb      a4, 0(a5)
core   0: 3 0x000000008000ff0e (0x00e78023) mem 0x00000000800120d4 0x00
core   0: 0x000000008000ff12 (0xfc843703) ld      a4, -56(s0)
core   0: 3 0x000000008000ff12 (0xfc843703) x14 0x0000000080012040 mem 0x0000000080031f38
core   0: 0x000000008000ff16 (0xfb843783) ld      a5, -72(s0)
core   0: 3 0x000000008000ff16 (0xfb843783) x15 0x000000000000009c mem 0x0000000080031f28
core   0: 0x000000008000ff1a (0x000097ba) c.add   a5, a4
core   0: 3 0x000000008000ff1a (0x97ba) x15 0x00000000800120dc
core   0: 0x000000008000ff1c (0xfe043703) ld      a4, -32(s0)
core   0: 3 0x000000008000ff1c (0xfe043703) x14 0x00000000800120d5 mem 0x0000000080031f50
core   0: 0x000000008000ff20 (0xfcf76de3) bltu    a4, a5, pc - 38
core   0: 3 0x000000008000ff20 (0xfcf76de3)
core   0: 0x000000008000fefa (0xfe043783) ld      a5, -32(s0)
core   0: 3 0x000000008000fefa (0xfe043783) x15 0x00000000800120d5 mem 0x0000000080031f50
core   0: 0x000000008000fefe (0x00178713) addi    a4, a5, 1
core   0: 3 0x000000008000fefe (0x00178713) x14 0x00000000800120d6
core   0: 0x000000008000ff02 (0xfee43023) sd      a4, -32(s0)
core   0: 3 0x000000008000ff02 (0xfee43023) mem 0x0000000080031f50 0x00000000800120d6
core   0: 0x000000008000ff06 (0xfc442703) lw      a4, -60(s0)
core   0: 3 0x000000008000ff06 (0xfc442703) x14 0x0000000000000000 mem 0x0000000080031f34
core   0: 0x000000008000ff0a (0x0ff77713) andi    a4, a4, 255
core   0: 3 0x000000008000ff0a (0x0ff77713) x14 0x0000000000000000
core   0: 0x000000008000ff0e (0x00e78023) sb      a4, 0(a5)
core   0: 3 0x000000008000ff0e (0x00e78023) mem 0x00000000800120d5 0x00
core   0: 0x000000008000ff12 (0xfc843703) ld      a4, -56(s0)
core   0: 3 0x000000008000ff12 (0xfc843703) x14 0x0000000080012040 mem 0x0000000080031f38
core   0: 0x000000008000ff16 (0xfb843783) ld      a5, -72(s0)
core   0: 3 0x000000008000ff16 (0xfb843783) x15 0x000000000000009c mem 0x0000000080031f28
core   0: 0x000000008000ff1a (0x000097ba) c.add   a5, a4
core   0: 3 0x000000008000ff1a (0x97ba) x15 0x00000000800120dc
core   0: 0x000000008000ff1c (0xfe043703) ld      a4, -32(s0)
core   0: 3 0x000000008000ff1c (0xfe043703) x14 0x00000000800120d6 mem 0x0000000080031f50
core   0: 0x000000008000ff20 (0xfcf76de3) bltu    a4, a5, pc - 38
core   0: 3 0x000000008000ff20 (0xfcf76de3)
core   0: 0x000000008000fefa (0xfe043783) ld      a5, -32(s0)
core   0: 3 0x000000008000fefa (0xfe043783) x15 0x00000000800120d6 mem 0x0000000080031f50
core   0: 0x000000008000fefe (0x00178713) addi    a4, a5, 1
core   0: 3 0x000000008000fefe (0x00178713) x14 0x00000000800120d7
core   0: 0x000000008000ff02 (0xfee43023) sd      a4, -32(s0)
core   0: 3 0x000000008000ff02 (0xfee43023) mem 0x0000000080031f50 0x00000000800120d7
core   0: 0x000000008000ff06 (0xfc442703) lw      a4, -60(s0)
core   0: 3 0x000000008000ff06 (0xfc442703) x14 0x0000000000000000 mem 0x0000000080031f34
core   0: 0x000000008000ff0a (0x0ff77713) andi    a4, a4, 255
core   0: 3 0x000000008000ff0a (0x0ff77713) x14 0x0000000000000000
core   0: 0x000000008000ff0e (0x00e78023) sb      a4, 0(a5)
core   0: 3 0x000000008000ff0e (0x00e78023) mem 0x00000000800120d6 0x00
core   0: 0x000000008000ff12 (0xfc843703) ld      a4, -56(s0)
core   0: 3 0x000000008000ff12 (0xfc843703) x14 0x0000000080012040 mem 0x0000000080031f38
core   0: 0x000000008000ff16 (0xfb843783) ld      a5, -72(s0)
core   0: 3 0x000000008000ff16 (0xfb843783) x15 0x000000000000009c mem 0x0000000080031f28
core   0: 0x000000008000ff1a (0x000097ba) c.add   a5, a4
core   0: 3 0x000000008000ff1a (0x97ba) x15 0x00000000800120dc
core   0: 0x000000008000ff1c (0xfe043703) ld      a4, -32(s0)
core   0: 3 0x000000008000ff1c (0xfe043703) x14 0x00000000800120d7 mem 0x0000000080031f50
core   0: 0x000000008000ff20 (0xfcf76de3) bltu    a4, a5, pc - 38
core   0: 3 0x000000008000ff20 (0xfcf76de3)
core   0: 0x000000008000fefa (0xfe043783) ld      a5, -32(s0)
core   0: 3 0x000000008000fefa (0xfe043783) x15 0x00000000800120d7 mem 0x0000000080031f50
core   0: 0x000000008000fefe (0x00178713) addi    a4, a5, 1
core   0: 3 0x000000008000fefe (0x00178713) x14 0x00000000800120d8
core   0: 0x000000008000ff02 (0xfee43023) sd      a4, -32(s0)
core   0: 3 0x000000008000ff02 (0xfee43023) mem 0x0000000080031f50 0x00000000800120d8
core   0: 0x000000008000ff06 (0xfc442703) lw      a4, -60(s0)
core   0: 3 0x000000008000ff06 (0xfc442703) x14 0x0000000000000000 mem 0x0000000080031f34
core   0: 0x000000008000ff0a (0x0ff77713) andi    a4, a4, 255
core   0: 3 0x000000008000ff0a (0x0ff77713) x14 0x0000000000000000
core   0: 0x000000008000ff0e (0x00e78023) sb      a4, 0(a5)
core   0: 3 0x000000008000ff0e (0x00e78023) mem 0x00000000800120d7 0x00
core   0: 0x000000008000ff12 (0xfc843703) ld      a4, -56(s0)
core   0: 3 0x000000008000ff12 (0xfc843703) x14 0x0000000080012040 mem 0x0000000080031f38
core   0: 0x000000008000ff16 (0xfb843783) ld      a5, -72(s0)
core   0: 3 0x000000008000ff16 (0xfb843783) x15 0x000000000000009c mem 0x0000000080031f28
core   0: 0x000000008000ff1a (0x000097ba) c.add   a5, a4
core   0: 3 0x000000008000ff1a (0x97ba) x15 0x00000000800120dc
core   0: 0x000000008000ff1c (0xfe043703) ld      a4, -32(s0)
core   0: 3 0x000000008000ff1c (0xfe043703) x14 0x00000000800120d8 mem 0x0000000080031f50
core   0: 0x000000008000ff20 (0xfcf76de3) bltu    a4, a5, pc - 38
core   0: 3 0x000000008000ff20 (0xfcf76de3)
core   0: 0x000000008000fefa (0xfe043783) ld      a5, -32(s0)
core   0: 3 0x000000008000fefa (0xfe043783) x15 0x00000000800120d8 mem 0x0000000080031f50
core   0: 0x000000008000fefe (0x00178713) addi    a4, a5, 1
core   0: 3 0x000000008000fefe (0x00178713) x14 0x00000000800120d9
core   0: 0x000000008000ff02 (0xfee43023) sd      a4, -32(s0)
core   0: 3 0x000000008000ff02 (0xfee43023) mem 0x0000000080031f50 0x00000000800120d9
core   0: 0x000000008000ff06 (0xfc442703) lw      a4, -60(s0)
core   0: 3 0x000000008000ff06 (0xfc442703) x14 0x0000000000000000 mem 0x0000000080031f34
core   0: 0x000000008000ff0a (0x0ff77713) andi    a4, a4, 255
core   0: 3 0x000000008000ff0a (0x0ff77713) x14 0x0000000000000000
core   0: 0x000000008000ff0e (0x00e78023) sb      a4, 0(a5)
core   0: 3 0x000000008000ff0e (0x00e78023) mem 0x00000000800120d8 0x00
core   0: 0x000000008000ff12 (0xfc843703) ld      a4, -56(s0)
core   0: 3 0x000000008000ff12 (0xfc843703) x14 0x0000000080012040 mem 0x0000000080031f38
core   0: 0x000000008000ff16 (0xfb843783) ld      a5, -72(s0)
core   0: 3 0x000000008000ff16 (0xfb843783) x15 0x000000000000009c mem 0x0000000080031f28
core   0: 0x000000008000ff1a (0x000097ba) c.add   a5, a4
core   0: 3 0x000000008000ff1a (0x97ba) x15 0x00000000800120dc
core   0: 0x000000008000ff1c (0xfe043703) ld      a4, -32(s0)
core   0: 3 0x000000008000ff1c (0xfe043703) x14 0x00000000800120d9 mem 0x0000000080031f50
core   0: 0x000000008000ff20 (0xfcf76de3) bltu    a4, a5, pc - 38
core   0: 3 0x000000008000ff20 (0xfcf76de3)
core   0: 0x000000008000fefa (0xfe043783) ld      a5, -32(s0)
core   0: 3 0x000000008000fefa (0xfe043783) x15 0x00000000800120d9 mem 0x0000000080031f50
core   0: 0x000000008000fefe (0x00178713) addi    a4, a5, 1
core   0: 3 0x000000008000fefe (0x00178713) x14 0x00000000800120da
core   0: 0x000000008000ff02 (0xfee43023) sd      a4, -32(s0)
core   0: 3 0x000000008000ff02 (0xfee43023) mem 0x0000000080031f50 0x00000000800120da
core   0: 0x000000008000ff06 (0xfc442703) lw      a4, -60(s0)
core   0: 3 0x000000008000ff06 (0xfc442703) x14 0x0000000000000000 mem 0x0000000080031f34
core   0: 0x000000008000ff0a (0x0ff77713) andi    a4, a4, 255
core   0: 3 0x000000008000ff0a (0x0ff77713) x14 0x0000000000000000
core   0: 0x000000008000ff0e (0x00e78023) sb      a4, 0(a5)
core   0: 3 0x000000008000ff0e (0x00e78023) mem 0x00000000800120d9 0x00
core   0: 0x000000008000ff12 (0xfc843703) ld      a4, -56(s0)
core   0: 3 0x000000008000ff12 (0xfc843703) x14 0x0000000080012040 mem 0x0000000080031f38
core   0: 0x000000008000ff16 (0xfb843783) ld      a5, -72(s0)
core   0: 3 0x000000008000ff16 (0xfb843783) x15 0x000000000000009c mem 0x0000000080031f28
core   0: 0x000000008000ff1a (0x000097ba) c.add   a5, a4
core   0: 3 0x000000008000ff1a (0x97ba) x15 0x00000000800120dc
core   0: 0x000000008000ff1c (0xfe043703) ld      a4, -32(s0)
core   0: 3 0x000000008000ff1c (0xfe043703) x14 0x00000000800120da mem 0x0000000080031f50
core   0: 0x000000008000ff20 (0xfcf76de3) bltu    a4, a5, pc - 38
core   0: 3 0x000000008000ff20 (0xfcf76de3)
core   0: 0x000000008000fefa (0xfe043783) ld      a5, -32(s0)
core   0: 3 0x000000008000fefa (0xfe043783) x15 0x00000000800120da mem 0x0000000080031f50
core   0: 0x000000008000fefe (0x00178713) addi    a4, a5, 1
core   0: 3 0x000000008000fefe (0x00178713) x14 0x00000000800120db
core   0: 0x000000008000ff02 (0xfee43023) sd      a4, -32(s0)
core   0: 3 0x000000008000ff02 (0xfee43023) mem 0x0000000080031f50 0x00000000800120db
core   0: 0x000000008000ff06 (0xfc442703) lw      a4, -60(s0)
core   0: 3 0x000000008000ff06 (0xfc442703) x14 0x0000000000000000 mem 0x0000000080031f34
core   0: 0x000000008000ff0a (0x0ff77713) andi    a4, a4, 255
core   0: 3 0x000000008000ff0a (0x0ff77713) x14 0x0000000000000000
core   0: 0x000000008000ff0e (0x00e78023) sb      a4, 0(a5)
core   0: 3 0x000000008000ff0e (0x00e78023) mem 0x00000000800120da 0x00
core   0: 0x000000008000ff12 (0xfc843703) ld      a4, -56(s0)
core   0: 3 0x000000008000ff12 (0xfc843703) x14 0x0000000080012040 mem 0x0000000080031f38
core   0: 0x000000008000ff16 (0xfb843783) ld      a5, -72(s0)
core   0: 3 0x000000008000ff16 (0xfb843783) x15 0x000000000000009c mem 0x0000000080031f28
core   0: 0x000000008000ff1a (0x000097ba) c.add   a5, a4
core   0: 3 0x000000008000ff1a (0x97ba) x15 0x00000000800120dc
core   0: 0x000000008000ff1c (0xfe043703) ld      a4, -32(s0)
core   0: 3 0x000000008000ff1c (0xfe043703) x14 0x00000000800120db mem 0x0000000080031f50
core   0: 0x000000008000ff20 (0xfcf76de3) bltu    a4, a5, pc - 38
core   0: 3 0x000000008000ff20 (0xfcf76de3)
core   0: 0x000000008000fefa (0xfe043783) ld      a5, -32(s0)
core   0: 3 0x000000008000fefa (0xfe043783) x15 0x00000000800120db mem 0x0000000080031f50
core   0: 0x000000008000fefe (0x00178713) addi    a4, a5, 1
core   0: 3 0x000000008000fefe (0x00178713) x14 0x00000000800120dc
core   0: 0x000000008000ff02 (0xfee43023) sd      a4, -32(s0)
core   0: 3 0x000000008000ff02 (0xfee43023) mem 0x0000000080031f50 0x00000000800120dc
core   0: 0x000000008000ff06 (0xfc442703) lw      a4, -60(s0)
core   0: 3 0x000000008000ff06 (0xfc442703) x14 0x0000000000000000 mem 0x0000000080031f34
core   0: 0x000000008000ff0a (0x0ff77713) andi    a4, a4, 255
core   0: 3 0x000000008000ff0a (0x0ff77713) x14 0x0000000000000000
core   0: 0x000000008000ff0e (0x00e78023) sb      a4, 0(a5)
core   0: 3 0x000000008000ff0e (0x00e78023) mem 0x00000000800120db 0x00
core   0: 0x000000008000ff12 (0xfc843703) ld      a4, -56(s0)
core   0: 3 0x000000008000ff12 (0xfc843703) x14 0x0000000080012040 mem 0x0000000080031f38
core   0: 0x000000008000ff16 (0xfb843783) ld      a5, -72(s0)
core   0: 3 0x000000008000ff16 (0xfb843783) x15 0x000000000000009c mem 0x0000000080031f28
core   0: 0x000000008000ff1a (0x000097ba) c.add   a5, a4
core   0: 3 0x000000008000ff1a (0x97ba) x15 0x00000000800120dc
core   0: 0x000000008000ff1c (0xfe043703) ld      a4, -32(s0)
core   0: 3 0x000000008000ff1c (0xfe043703) x14 0x00000000800120dc mem 0x0000000080031f50
core   0: 0x000000008000ff20 (0xfcf76de3) bltu    a4, a5, pc - 38
core   0: 3 0x000000008000ff20 (0xfcf76de3)
core   0: 0x000000008000ff24 (0xfc843783) ld      a5, -56(s0)
core   0: 3 0x000000008000ff24 (0xfc843783) x15 0x0000000080012040 mem 0x0000000080031f38
core   0: 0x000000008000ff28 (0x0000853e) c.mv    a0, a5
core   0: 3 0x000000008000ff28 (0x853e) x10 0x0000000080012040
core   0: 0x000000008000ff2a (0x00006426) c.ldsp  s0, 72(sp)
core   0: 3 0x000000008000ff2a (0x6426) x8  0x0000000080031f90 mem 0x0000000080031f68
core   0: 0x000000008000ff2c (0x00006161) c.addi16sp sp, 80
core   0: 3 0x000000008000ff2c (0x6161) x2  0x0000000080031f70
core   0: 0x000000008000ff2e (0x00008082) ret
core   0: 3 0x000000008000ff2e (0x8082)
core   0: 0x000000008000f4e2 (0x00000001) c.nop
core   0: 3 0x000000008000f4e2 (0x0001)
core   0: 0x000000008000f4e4 (0x000060e2) c.ldsp  ra, 24(sp)
core   0: 3 0x000000008000f4e4 (0x60e2) x1  0x000000008000f522 mem 0x0000000080031f88
core   0: 0x000000008000f4e6 (0x00006442) c.ldsp  s0, 16(sp)
core   0: 3 0x000000008000f4e6 (0x6442) x8  0x0000000080032040 mem 0x0000000080031f80
core   0: 0x000000008000f4e8 (0x00006105) c.addi16sp sp, 32
core   0: 3 0x000000008000f4e8 (0x6105) x2  0x0000000080031f90
core   0: 0x000000008000f4ea (0x00008082) ret
core   0: 3 0x000000008000f4ea (0x8082)
core   0: 0x000000008000f522 (0xf5842703) lw      a4, -168(s0)
core   0: 3 0x000000008000f522 (0xf5842703) x14 0x0000000000000001 mem 0x0000000080031f98
core   0: 0x000000008000f526 (0xf5c42783) lw      a5, -164(s0)
core   0: 3 0x000000008000f526 (0xf5c42783) x15 0x0000000000000000 mem 0x0000000080031f9c
core   0: 0x000000008000f52a (0x000085ba) c.mv    a1, a4
core   0: 3 0x000000008000f52a (0x85ba) x11 0x0000000000000001
core   0: 0x000000008000f52c (0x0000853e) c.mv    a0, a5
core   0: 3 0x000000008000f52c (0x853e) x10 0x0000000000000000
core   0: 0x000000008000f52e (0xf03ff0ef) jal     pc - 0xfe
core   0: 3 0x000000008000f52e (0xf03ff0ef) x1  0x000000008000f532
core   0: >>>>  thread_entry
core   0: 0x000000008000f430 (0x00001101) c.addi  sp, -32
core   0: 3 0x000000008000f430 (0x1101) x2  0x0000000080031f70
core   0: 0x000000008000f432 (0x0000ec22) c.sdsp  s0, 24(sp)
core   0: 3 0x000000008000f432 (0xec22) mem 0x0000000080031f88 0x0000000080032040
core   0: 0x000000008000f434 (0x00001000) c.addi4spn s0, sp, 32
core   0: 3 0x000000008000f434 (0x1000) x8  0x0000000080031f90
core   0: 0x000000008000f436 (0x000087aa) c.mv    a5, a0
core   0: 3 0x000000008000f436 (0x87aa) x15 0x0000000000000000
core   0: 0x000000008000f438 (0x0000872e) c.mv    a4, a1
core   0: 3 0x000000008000f438 (0x872e) x14 0x0000000000000001
core   0: 0x000000008000f43a (0xfef42623) sw      a5, -20(s0)
core   0: 3 0x000000008000f43a (0xfef42623) mem 0x0000000080031f7c 0x00000000
core   0: 0x000000008000f43e (0x000087ba) c.mv    a5, a4
core   0: 3 0x000000008000f43e (0x87ba) x15 0x0000000000000001
core   0: 0x000000008000f440 (0xfef42423) sw      a5, -24(s0)
core   0: 3 0x000000008000f440 (0xfef42423) mem 0x0000000080031f78 0x00000001
core   0: 0x000000008000f444 (0x00000001) c.nop
core   0: 3 0x000000008000f444 (0x0001)
core   0: 0x000000008000f446 (0xfec42783) lw      a5, -20(s0)
core   0: 3 0x000000008000f446 (0xfec42783) x15 0x0000000000000000 mem 0x0000000080031f7c
core   0: 0x000000008000f44a (0x00002781) c.addiw a5, 0
core   0: 3 0x000000008000f44a (0x2781) x15 0x0000000000000000
core   0: 0x000000008000f44c (0x0000ffed) c.bnez  a5, pc - 6
core   0: 3 0x000000008000f44c (0xffed)
core   0: 0x000000008000f44e (0x00000001) c.nop
core   0: 3 0x000000008000f44e (0x0001)
core   0: 0x000000008000f450 (0x00000001) c.nop
core   0: 3 0x000000008000f450 (0x0001)
core   0: 0x000000008000f452 (0x00006462) c.ldsp  s0, 24(sp)
core   0: 3 0x000000008000f452 (0x6462) x8  0x0000000080032040 mem 0x0000000080031f88
core   0: 0x000000008000f454 (0x00006105) c.addi16sp sp, 32
core   0: 3 0x000000008000f454 (0x6105) x2  0x0000000080031f90
core   0: 0x000000008000f456 (0x00008082) ret
core   0: 3 0x000000008000f456 (0x8082)
core   0: 0x000000008000f532 (0x00004581) c.li    a1, 0
core   0: 3 0x000000008000f532 (0x4581) x11 0x0000000000000000
core   0: 0x000000008000f534 (0x00004501) c.li    a0, 0
core   0: 3 0x000000008000f534 (0x4501) x10 0x0000000000000000
core   0: 0x000000008000f536 (0xacbf20ef) jal     pc - 0xd536
core   0: 3 0x000000008000f536 (0xacbf20ef) x1  0x000000008000f53a
core   0: >>>>  main
core   0: 0x0000000080002000 (0x00000001) c.nop
core   0: 3 0x0000000080002000 (0x0001)
core   0: >>>>  trap_vec_init
core   0: 0x0000000080002002 (0x00002797) auipc   a5, 0x2
core   0: 3 0x0000000080002002 (0x00002797) x15 0x0000000080004002
core   0: 0x0000000080002006 (0xffe78793) addi    a5, a5, -2
core   0: 3 0x0000000080002006 (0xffe78793) x15 0x0000000080004000
core   0: 0x000000008000200a (0x30579073) csrrw   zero, mtvec, a5
core   0: 3 0x000000008000200a (0x30579073) c773_mtvec 0x0000000080004000
core   0: >>>>  pmp_setup
core   0: 0x000000008000200e (0x00002c17) auipc   s8, 0x2
core   0: 3 0x000000008000200e (0x00002c17) x24 0x000000008000400e
core   0: 0x0000000080002012 (0x022c0c13) addi    s8, s8, 34
core   0: 3 0x0000000080002012 (0x022c0c13) x24 0x0000000080004030
core   0: 0x0000000080002016 (0x00004781) c.li    a5, 0
core   0: 3 0x0000000080002016 (0x4781) x15 0x0000000000000000
core   0: 0x0000000080002018 (0x00009c3e) c.add   s8, a5
core   0: 3 0x0000000080002018 (0x9c3e) x24 0x0000000080004030
core   0: 0x000000008000201a (0x3b0c1073) csrrw   zero, pmpaddr0, s8
core   0: 3 0x000000008000201a (0x3b0c1073) c944_pmpaddr0 0x0000000080004030
core   0: 0x000000008000201e (0x00004c3d) c.li    s8, 15
core   0: 3 0x000000008000201e (0x4c3d) x24 0x000000000000000f
core   0: 0x0000000080002020 (0x3a0c1073) csrrw   zero, pmpcfg0, s8
core   0: 3 0x0000000080002020 (0x3a0c1073) c928_pmpcfg0 0x000000000000000f
core   0: 0x0000000080002024 (0x12000073) sfence.vma zero, zero
core   0: 3 0x0000000080002024 (0x12000073)
core   0: >>>>  mepc_setup
core   0: 0x0000000080002028 (0x00002797) auipc   a5, 0x2
core   0: 3 0x0000000080002028 (0x00002797) x15 0x0000000080004028
core   0: 0x000000008000202c (0x00878793) addi    a5, a5, 8
core   0: 3 0x000000008000202c (0x00878793) x15 0x0000000080004030
core   0: 0x0000000080002030 (0x34179073) csrrw   zero, mepc, a5
core   0: 3 0x0000000080002030 (0x34179073) c833_mepc 0x0000000080004030
core   0: >>>>  custom_csr_setup
core   0: 0x0000000080002034 (0x00100f9b) addiw   t6, zero, 1
core   0: 3 0x0000000080002034 (0x00100f9b) x31 0x0000000000000001
core   0: 0x0000000080002038 (0x00000ffe) c.slli  t6, 31
core   0: 3 0x0000000080002038 (0x0ffe) x31 0x0000000080000000
core   0: 0x000000008000203a (0x00000001) c.nop
core   0: 3 0x000000008000203a (0x0001)
core   0: >>>>  init_s_mode
core   0: 0x000000008000203c (0xfff0079b) addiw   a5, zero, -1
core   0: 3 0x000000008000203c (0xfff0079b) x15 0xffffffffffffffff
core   0: 0x0000000080002040 (0x000017fe) c.slli  a5, 63
core   0: 3 0x0000000080002040 (0x17fe) x15 0x8000000000000000
core   0: 0x0000000080002042 (0x18079073) csrrw   zero, satp, a5
core   0: 3 0x0000000080002042 (0x18079073) c384_satp 0x8000000000000000
core   0: 0x0000000080002046 (0x0000f797) auipc   a5, 0xf
core   0: 3 0x0000000080002046 (0x0000f797) x15 0x0000000080011046
core   0: 0x000000008000204a (0xfba78793) addi    a5, a5, -70
core   0: 3 0x000000008000204a (0xfba78793) x15 0x0000000080011000
core   0: 0x000000008000204e (0x000083b1) c.srli  a5, 12
core   0: 3 0x000000008000204e (0x83b1) x15 0x0000000000080011
core   0: 0x0000000080002050 (0x0010061b) addiw   a2, zero, 1
core   0: 3 0x0000000080002050 (0x0010061b) x12 0x0000000000000001
core   0: 0x0000000080002054 (0x00001632) c.slli  a2, 44
core   0: 3 0x0000000080002054 (0x1632) x12 0x0000100000000000
core   0: 0x0000000080002056 (0x0000167d) c.addi  a2, -1
core   0: 3 0x0000000080002056 (0x167d) x12 0x00000fffffffffff
core   0: 0x0000000080002058 (0x00008ff1) c.and   a5, a2
core   0: 3 0x0000000080002058 (0x8ff1) x15 0x0000000000080011
core   0: 0x000000008000205a (0x1807a073) csrrs   zero, satp, a5
core   0: 3 0x000000008000205a (0x1807a073) c384_satp 0x8000000000080011
core   0: 0x000000008000205e (0x00a005b7) lui     a1, 0xa00
core   0: 3 0x000000008000205e (0x00a005b7) x11 0x0000000000a00000
core   0: 0x0000000080002062 (0x10b5859b) addiw   a1, a1, 267
core   0: 3 0x0000000080002062 (0x10b5859b) x11 0x0000000000a0010b
core   0: 0x0000000080002066 (0x000005b2) c.slli  a1, 12
core   0: 3 0x0000000080002066 (0x05b2) x11 0x0000000a0010b000
core   0: 0x0000000080002068 (0xa0058593) addi    a1, a1, -1536
core   0: 3 0x0000000080002068 (0xa0058593) x11 0x0000000a0010aa00
core   0: 0x000000008000206c (0x30059073) csrrw   zero, mstatus, a1
core   0: 3 0x000000008000206c (0x30059073) c768_mstatus 0x0000000a00102800
core   0: 0x0000000080002070 (0x30459073) csrrw   zero, mie, a1
core   0: 3 0x0000000080002070 (0x30459073) c772_mie 0x0000000000000a00
core   0: 0x0000000080002074 (0x00a005b7) lui     a1, 0xa00
core   0: 3 0x0000000080002074 (0x00a005b7) x11 0x0000000000a00000
core   0: 0x0000000080002078 (0x10b5859b) addiw   a1, a1, 267
core   0: 3 0x0000000080002078 (0x10b5859b) x11 0x0000000000a0010b
core   0: 0x000000008000207c (0x000005b2) c.slli  a1, 12
core   0: 3 0x000000008000207c (0x05b2) x11 0x0000000a0010b000
core   0: 0x000000008000207e (0xa0058593) addi    a1, a1, -1536
core   0: 3 0x000000008000207e (0xa0058593) x11 0x0000000a0010aa00
core   0: 0x0000000080002082 (0x10059073) csrrw   zero, sstatus, a1
core   0: 3 0x0000000080002082 (0x10059073) c768_mstatus 0x0000000a00102800
core   0: 0x0000000080002086 (0x10459073) csrrw   zero, sie, a1
core   0: 3 0x0000000080002086 (0x10459073) c772_mie 0x0000000000000a00
core   0: 0x000000008000208a (0x30200073) mret
core   0: 3 0x000000008000208a (0x30200073) c768_mstatus 0x0000000a00102080
core   0: >>>>  main_g
core   0: 0x0000000080004030 (0xa6b4a7b7) lui     a5, 0xa6b4a
core   0: 1 0x0000000080004030 (0xa6b4a7b7) x15 0xffffffffa6b4a000
core   0: 0x0000000080004034 (0x00008c7d) c.and   s0, a5
core   0: 1 0x0000000080004034 (0x8c7d) x8  0x0000000080002000
core   0: 0x0000000080004036 (0x022143bb) divw    t2, sp, sp
core   0: 1 0x0000000080004036 (0x022143bb) x7  0x0000000000000001
core   0: 0x000000008000403a (0x43f5d313) srai    t1, a1, 63
core   0: 1 0x000000008000403a (0x43f5d313) x6  0x0000000000000000
core   0: 0x000000008000403e (0x00202df3) csrrs   s11, frm, zero
core   0: 1 0x000000008000403e (0x00202df3) x27 0x0000000000000000
core   0: 0x0000000080004042 (0x51bdea97) auipc   s5, 0x51bde
core   0: 1 0x0000000080004042 (0x51bdea97) x21 0x00000000d1be2042
core   0: 0x0000000080004046 (0xfaf7f74b) fnmsub.d fa4, fa5, fa5, ft11
core   0: 1 0x0000000080004046 (0xfaf7f74b) c768_mstatus 0x8000000a00106080 f14 0x7ff8000000000000
core   0: 0x000000008000404a (0xd024f0d3) fcvt.s.l ft1, s1
core   0: 1 0x000000008000404a (0xd024f0d3) c1_fflags 0x0000000000000001 f1  0xffffffff4f000320
core   0: 0x000000008000404e (0xf1333a73) csrrc   s4, mimpid, t1
core   0: exception trap_illegal_instruction, epc 0x000000008000404e
core   0:           tval 0x00000000f1333a73
core   0: >>>>  $xrv64i2p1_m2p0_a2p1_f2p2_d2p2_zicsr2p0_zifencei2p0_zmmul1p0_zba1p0_zbb1p0_zbc1p0_zbs1p0
core   0: 0x0000000080004000 (0x0080006f) j       pc + 0x8
core   0: 3 0x0000000080004000 (0x0080006f)
core   0: >>>>  mmode_exception_handler
core   0: 0x0000000080004008 (0x00002c17) auipc   s8, 0x2
core   0: 3 0x0000000080004008 (0x00002c17) x24 0x0000000080006008
core   0: 0x000000008000400c (0x058c0c13) addi    s8, s8, 88
core   0: 3 0x000000008000400c (0x058c0c13) x24 0x0000000080006060
core   0: 0x0000000080004010 (0x000c00e7) jalr    s8
core   0: 3 0x0000000080004010 (0x000c00e7) x1  0x0000000080004014
core   0: >>>>  any_handler
core   0: 0x0000000080006060 (0x341027f3) csrrs   a5, mepc, zero
core   0: 3 0x0000000080006060 (0x341027f3) x15 0x000000008000404e
core   0: 0x0000000080006064 (0x34202773) csrrs   a4, mcause, zero
core   0: 3 0x0000000080006064 (0x34202773) x14 0x0000000000000002
core   0: 0x0000000080006068 (0x142026f3) csrrs   a3, scause, zero
core   0: 3 0x0000000080006068 (0x142026f3) x13 0x0000000000000000
core   0: 0x000000008000606c (0x30402673) csrrs   a2, mie, zero
core   0: 3 0x000000008000606c (0x30402673) x12 0x0000000000000a00
core   0: 0x0000000080006070 (0x344025f3) csrrs   a1, mip, zero
core   0: 3 0x0000000080006070 (0x344025f3) x11 0x0000000000000080
core   0: 0x0000000080006074 (0x343025f3) csrrs   a1, mtval, zero
core   0: 3 0x0000000080006074 (0x343025f3) x11 0x00000000f1333a73
core   0: 0x0000000080006078 (0x14302573) csrrs   a0, stval, zero
core   0: 3 0x0000000080006078 (0x14302573) x10 0x0000000000000000
core   0: 0x000000008000607c (0xb02024f3) csrrs   s1, minstret, zero
core   0: 3 0x000000008000607c (0xb02024f3) x9  0x00000000000007d3
core   0: 0x0000000080006080 (0x0000a811) c.j     pc + 20
core   0: 3 0x0000000080006080 (0xa811)
core   0: >>>>  mepc_4
core   0: 0x0000000080006094 (0x00000791) c.addi  a5, 4
core   0: 3 0x0000000080006094 (0x0791) x15 0x0000000080004052
core   0: 0x0000000080006096 (0x34179073) csrrw   zero, mepc, a5
core   0: 3 0x0000000080006096 (0x34179073) c833_mepc 0x0000000080004052
core   0: 0x000000008000609a (0x30200073) mret
core   0: 3 0x000000008000609a (0x30200073) c768_mstatus 0x8000000a00106080
core   0: 0x0000000080004052 (0xd02df1d3) fcvt.s.l ft3, s11
core   0: 1 0x0000000080004052 (0xd02df1d3) f3  0xffffffff00000000
core   0: 0x0000000080004056 (0x00000001) c.nop
core   0: 1 0x0000000080004056 (0x0001)
core   0: 0x0000000080004058 (0x4071dc9b) sraiw   s9, gp, 7
core   0: 1 0x0000000080004058 (0x4071dc9b) x25 0xffffffffff000250
core   0: 0x000000008000405c (0x000d7113) andi    sp, s10, 0
core   0: 1 0x000000008000405c (0x000d7113) x2  0x0000000000000000
core   0: 0x0000000080004060 (0x40107053) fcvt.s.d ft0, ft0
core   0: 1 0x0000000080004060 (0x40107053) f0  0xffffffff7fc00000
core   0: 0x0000000080004064 (0xfa851037) lui     zero, 0xfa851
core   0: 1 0x0000000080004064 (0xfa851037)
core   0: 0x0000000080004068 (0xa310001b) addiw   zero, zero, -1487
core   0: 1 0x0000000080004068 (0xa310001b)
core   0: 0x000000008000406c (0x00c01013) slli    zero, zero, 12
core   0: 1 0x000000008000406c (0x00c01013)
core   0: 0x0000000080004070 (0x34c00013) li      zero, 844
core   0: 1 0x0000000080004070 (0x34c00013)
core   0: 0x0000000080004074 (0x00ed9bbb) sllw    s7, s11, a4
core   0: 1 0x0000000080004074 (0x00ed9bbb) x23 0x0000000000000000
core   0: 0x0000000080004078 (0x40920233) sub     tp, tp, s1
core   0: 1 0x0000000080004078 (0x40920233) x4  0x000000008001186d
core   0: 0x000000008000407c (0xeb237d4b) fnmsub.d fs10, ft6, fs2, ft9
core   0: 1 0x000000008000407c (0xeb237d4b) f26 0x7ff8000000000000
core   0: 0x0000000080004080 (0x002023f3) csrrs   t2, frm, zero
core   0: 1 0x0000000080004080 (0x002023f3) x7  0x0000000000000000
core   0: 0x0000000080004084 (0x00439233) sll     tp, t2, tp
core   0: 1 0x0000000080004084 (0x00439233) x4  0x0000000000000000
core   0: 0x0000000080004088 (0x342231f3) csrrc   gp, mcause, tp
core   0: exception trap_illegal_instruction, epc 0x0000000080004088
core   0:           tval 0x00000000342231f3
core   0: >>>>  $xrv64i2p1_m2p0_a2p1_f2p2_d2p2_zicsr2p0_zifencei2p0_zmmul1p0_zba1p0_zbb1p0_zbc1p0_zbs1p0
core   0: 0x0000000080004000 (0x0080006f) j       pc + 0x8
core   0: 3 0x0000000080004000 (0x0080006f)
core   0: >>>>  mmode_exception_handler
core   0: 0x0000000080004008 (0x00002c17) auipc   s8, 0x2
core   0: 3 0x0000000080004008 (0x00002c17) x24 0x0000000080006008
core   0: 0x000000008000400c (0x058c0c13) addi    s8, s8, 88
core   0: 3 0x000000008000400c (0x058c0c13) x24 0x0000000080006060
core   0: 0x0000000080004010 (0x000c00e7) jalr    s8
core   0: 3 0x0000000080004010 (0x000c00e7) x1  0x0000000080004014
core   0: >>>>  any_handler
core   0: 0x0000000080006060 (0x341027f3) csrrs   a5, mepc, zero
core   0: 3 0x0000000080006060 (0x341027f3) x15 0x0000000080004088
core   0: 0x0000000080006064 (0x34202773) csrrs   a4, mcause, zero
core   0: 3 0x0000000080006064 (0x34202773) x14 0x0000000000000002
core   0: 0x0000000080006068 (0x142026f3) csrrs   a3, scause, zero
core   0: 3 0x0000000080006068 (0x142026f3) x13 0x0000000000000000
core   0: 0x000000008000606c (0x30402673) csrrs   a2, mie, zero
core   0: 3 0x000000008000606c (0x30402673) x12 0x0000000000000a00
core   0: 0x0000000080006070 (0x344025f3) csrrs   a1, mip, zero
core   0: 3 0x0000000080006070 (0x344025f3) x11 0x0000000000000080
core   0: 0x0000000080006074 (0x343025f3) csrrs   a1, mtval, zero
core   0: 3 0x0000000080006074 (0x343025f3) x11 0x00000000342231f3
core   0: 0x0000000080006078 (0x14302573) csrrs   a0, stval, zero
core   0: 3 0x0000000080006078 (0x14302573) x10 0x0000000000000000
core   0: 0x000000008000607c (0xb02024f3) csrrs   s1, minstret, zero
core   0: 3 0x000000008000607c (0xb02024f3) x9  0x00000000000007f1
core   0: 0x0000000080006080 (0x0000a811) c.j     pc + 20
core   0: 3 0x0000000080006080 (0xa811)
core   0: >>>>  mepc_4
core   0: 0x0000000080006094 (0x00000791) c.addi  a5, 4
core   0: 3 0x0000000080006094 (0x0791) x15 0x000000008000408c
core   0: 0x0000000080006096 (0x34179073) csrrw   zero, mepc, a5
core   0: 3 0x0000000080006096 (0x34179073) c833_mepc 0x000000008000408c
core   0: 0x000000008000609a (0x30200073) mret
core   0: 3 0x000000008000609a (0x30200073) c768_mstatus 0x8000000a00106080
core   0: 0x000000008000408c (0x40160633) sub     a2, a2, ra
core   0: 1 0x000000008000408c (0x40160633) x12 0xffffffff7fffc9ec
core   0: 0x0000000080004090 (0x00202af3) csrrs   s5, frm, zero
core   0: 1 0x0000000080004090 (0x00202af3) x21 0x0000000000000000
core   0: 0x0000000080004094 (0x010610b3) sll     ra, a2, a6
core   0: 1 0x0000000080004094 (0x010610b3) x1  0xffffffff7fffc9ec
core   0: 0x0000000080004098 (0x00000b2e) c.slli  s6, 11
core   0: 1 0x0000000080004098 (0x0b2e) x22 0x0000000000000000
core   0: 0x000000008000409a (0x0ff0000f) fence   iorw,iorw
core   0: 1 0x000000008000409a (0x0ff0000f)
core   0: 0x000000008000409e (0x03bc11b3) mulh    gp, s8, s11
core   0: 1 0x000000008000409e (0x03bc11b3) x3  0x0000000000000000
core   0: 0x00000000800040a2 (0x220198d3) fsgnjn.d fa7, ft3, ft0
core   0: 1 0x00000000800040a2 (0x220198d3) f17 0x7fffffff00000000
core   0: 0x00000000800040a6 (0xc218f8d3) fcvt.wu.d a7, fa7
core   0: 1 0x00000000800040a6 (0xc218f8d3) c1_fflags 0x0000000000000011 x17 0xffffffffffffffff
core   0: 0x00000000800040aa (0x0218d0bb) divuw   ra, a7, ra
core   0: 1 0x00000000800040aa (0x0218d0bb) x1  0x0000000000000002
core   0: 0x00000000800040ae (0x40e45d1b) sraiw   s10, s0, 14
core   0: 1 0x00000000800040ae (0x40e45d1b) x26 0xfffffffffffe0000
core   0: 0x00000000800040b2 (0xc20778d3) fcvt.w.d a7, fa4
core   0: 1 0x00000000800040b2 (0xc20778d3) c1_fflags 0x0000000000000011 x17 0x000000007fffffff
core   0: 0x00000000800040b6 (0x5a0b7b53) fsqrt.d fs6, fs6
core   0: 1 0x00000000800040b6 (0x5a0b7b53) f22 0x7ff8000000000000
core   0: 0x00000000800040ba (0x01d89033) sll     zero, a7, t4
core   0: 1 0x00000000800040ba (0x01d89033)
core   0: 0x00000000800040be (0x021d443b) divw    s0, s10, ra
core   0: 1 0x00000000800040be (0x021d443b) x8  0xffffffffffff0000
core   0: 0x00000000800040c2 (0x0057d79b) srliw   a5, a5, 5
core   0: 1 0x00000000800040c2 (0x0057d79b) x15 0x0000000004000204
core   0: 0x00000000800040c6 (0x238b05d3) fsgnj.d fa1, fs6, fs8
core   0: 1 0x00000000800040c6 (0x238b05d3) f11 0xfff8000000000000
core   0: 0x00000000800040ca (0x42048cd3) fcvt.d.s fs9, fs1
core   0: 1 0x00000000800040ca (0x42048cd3) f25 0x0000000000000000
core   0: 0x00000000800040ce (0x02d946b3) div     a3, s2, a3
core   0: 1 0x00000000800040ce (0x02d946b3) x13 0xffffffffffffffff
core   0: 0x00000000800040d2 (0x22731a53) fsgnjn.d fs4, ft6, ft7
core   0: 1 0x00000000800040d2 (0x22731a53) f20 0x7fffffff00000000
core   0: 0x00000000800040d6 (0x135d79d3) fmul.d  fs3, fs10, fs5
core   0: 1 0x00000000800040d6 (0x135d79d3) f19 0x7ff8000000000000
core   0: 0x00000000800040da (0x43f4d193) srai    gp, s1, 63
core   0: 1 0x00000000800040da (0x43f4d193) x3  0x0000000000000000
core   0: 0x00000000800040de (0x00000001) c.nop
core   0: 1 0x00000000800040de (0x0001)
core   0: 0x00000000800040e0 (0x0000970e) c.add   a4, gp
core   0: 1 0x00000000800040e0 (0x970e) x14 0x0000000000000002
core   0: 0x00000000800040e2 (0x001029f3) csrrs   s3, fflags, zero
core   0: 1 0x00000000800040e2 (0x001029f3) x19 0x0000000000000011
core   0: 0x00000000800040e6 (0x40b9dc13) srai    s8, s3, 11
core   0: 1 0x00000000800040e6 (0x40b9dc13) x24 0x0000000000000000
core   0: 0x00000000800040ea (0x7b00ddf3) csrrwi  s11, dcsr, 1
core   0: exception trap_illegal_instruction, epc 0x00000000800040ea
core   0:           tval 0x000000007b00ddf3
core   0: >>>>  $xrv64i2p1_m2p0_a2p1_f2p2_d2p2_zicsr2p0_zifencei2p0_zmmul1p0_zba1p0_zbb1p0_zbc1p0_zbs1p0
core   0: 0x0000000080004000 (0x0080006f) j       pc + 0x8
core   0: 3 0x0000000080004000 (0x0080006f)
core   0: >>>>  mmode_exception_handler
core   0: 0x0000000080004008 (0x00002c17) auipc   s8, 0x2
core   0: 3 0x0000000080004008 (0x00002c17) x24 0x0000000080006008
core   0: 0x000000008000400c (0x058c0c13) addi    s8, s8, 88
core   0: 3 0x000000008000400c (0x058c0c13) x24 0x0000000080006060
core   0: 0x0000000080004010 (0x000c00e7) jalr    s8
core   0: 3 0x0000000080004010 (0x000c00e7) x1  0x0000000080004014
core   0: >>>>  any_handler
core   0: 0x0000000080006060 (0x341027f3) csrrs   a5, mepc, zero
core   0: 3 0x0000000080006060 (0x341027f3) x15 0x00000000800040ea
core   0: 0x0000000080006064 (0x34202773) csrrs   a4, mcause, zero
core   0: 3 0x0000000080006064 (0x34202773) x14 0x0000000000000002
core   0: 0x0000000080006068 (0x142026f3) csrrs   a3, scause, zero
core   0: 3 0x0000000080006068 (0x142026f3) x13 0x0000000000000000
core   0: 0x000000008000606c (0x30402673) csrrs   a2, mie, zero
core   0: 3 0x000000008000606c (0x30402673) x12 0x0000000000000a00
core   0: 0x0000000080006070 (0x344025f3) csrrs   a1, mip, zero
core   0: 3 0x0000000080006070 (0x344025f3) x11 0x0000000000000080
core   0: 0x0000000080006074 (0x343025f3) csrrs   a1, mtval, zero
core   0: 3 0x0000000080006074 (0x343025f3) x11 0x000000007b00ddf3
core   0: 0x0000000080006078 (0x14302573) csrrs   a0, stval, zero
core   0: 3 0x0000000080006078 (0x14302573) x10 0x0000000000000000
core   0: 0x000000008000607c (0xb02024f3) csrrs   s1, minstret, zero
core   0: 3 0x000000008000607c (0xb02024f3) x9  0x000000000000081a
core   0: 0x0000000080006080 (0x0000a811) c.j     pc + 20
core   0: 3 0x0000000080006080 (0xa811)
core   0: >>>>  mepc_4
core   0: 0x0000000080006094 (0x00000791) c.addi  a5, 4
core   0: 3 0x0000000080006094 (0x0791) x15 0x00000000800040ee
core   0: 0x0000000080006096 (0x34179073) csrrw   zero, mepc, a5
core   0: 3 0x0000000080006096 (0x34179073) c833_mepc 0x00000000800040ee
core   0: 0x000000008000609a (0x30200073) mret
core   0: 3 0x000000008000609a (0x30200073) c768_mstatus 0x8000000a00106080
core   0: 0x00000000800040ee (0xf20682d3) fmv.d.x ft5, a3
core   0: 1 0x00000000800040ee (0xf20682d3) f5  0x0000000000000000
core   0: 0x00000000800040f2 (0x00edd633) srl     a2, s11, a4
core   0: 1 0x00000000800040f2 (0x00edd633) x12 0x0000000000000000
core   0: 0x00000000800040f6 (0xfe9706b7) lui     a3, 0xfe970
core   0: 1 0x00000000800040f6 (0xfe9706b7) x13 0xfffffffffe970000
core   0: 0x00000000800040fa (0x6bb6869b) addiw   a3, a3, 1723
core   0: 1 0x00000000800040fa (0x6bb6869b) x13 0xfffffffffe9706bb
core   0: 0x00000000800040fe (0x000006ba) c.slli  a3, 14
core   0: 1 0x00000000800040fe (0x06ba) x13 0xffffffa5c1aec000
core   0: 0x0000000080004100 (0x47e68693) addi    a3, a3, 1150
core   0: 1 0x0000000080004100 (0x47e68693) x13 0xffffffa5c1aec47e
core   0: 0x0000000080004104 (0x0386febb) remuw   t4, a3, s8
core   0: 1 0x0000000080004104 (0x0386febb) x29 0x0000000041ae641e
core   0: 0x0000000080004108 (0x038018b3) mulh    a7, zero, s8
core   0: 1 0x0000000080004108 (0x038018b3) x17 0x0000000000000000
core   0: 0x000000008000410c (0x41fc5a9b) sraiw   s5, s8, 31
core   0: 1 0x000000008000410c (0x41fc5a9b) x21 0xffffffffffffffff
core   0: 0x0000000080004110 (0x26d8e293) ori     t0, a7, 621
core   0: 1 0x0000000080004110 (0x26d8e293) x5  0x000000000000026d
core   0: 0x0000000080004114 (0x03299113) slli    sp, s3, 50
core   0: 1 0x0000000080004114 (0x03299113) x2  0x0044000000000000
core   0: 0x0000000080004118 (0x57de4c13) xori    s8, t3, 1405
core   0: 1 0x0000000080004118 (0x57de4c13) x24 0x000000000000057d
core   0: 0x000000008000411c (0x4101563b) sraw    a2, sp, a6
core   0: 1 0x000000008000411c (0x4101563b) x12 0x0000000000000000
core   0: 0x0000000080004120 (0x1bb67d93) andi    s11, a2, 443
core   0: 1 0x0000000080004120 (0x1bb67d93) x27 0x0000000000000000
core   0: 0x0000000080004124 (0x40a9541b) sraiw   s0, s2, 10
core   0: 1 0x0000000080004124 (0x40a9541b) x8  0x0000000000000000
core   0: 0x0000000080004128 (0xc21df0d3) fcvt.wu.d ra, fs11
core   0: 1 0x0000000080004128 (0xc21df0d3) c1_fflags 0x0000000000000011 x1  0xffffffffffffffff
core   0: 0x000000008000412c (0xef4c4813) xori    a6, s8, -268
core   0: 1 0x000000008000412c (0xef4c4813) x16 0xfffffffffffffb89
core   0: 0x0000000080004130 (0xd03c7853) fcvt.s.lu fa6, s8
core   0: 1 0x0000000080004130 (0xd03c7853) f16 0xffffffff44afa000
core   0: 0x0000000080004134 (0x030b7353) fadd.d  ft6, fs6, fa6
core   0: 1 0x0000000080004134 (0x030b7353) f6  0x7ff8000000000000
core   0: 0x0000000080004138 (0xc032f3d3) fcvt.lu.s t2, ft5
core   0: 1 0x0000000080004138 (0xc032f3d3) c1_fflags 0x0000000000000011 x7  0xffffffffffffffff
core   0: 0x000000008000413c (0x001ed8b7) lui     a7, 0x1ed
core   0: 1 0x000000008000413c (0x001ed8b7) x17 0x00000000001ed000
core   0: 0x0000000080004140 (0x00003885) c.addiw a7, -31
core   0: 1 0x0000000080004140 (0x3885) x17 0x00000000001ecfe1
core   0: 0x0000000080004142 (0x000008ca) c.slli  a7, 18
core   0: 1 0x0000000080004142 (0x08ca) x17 0x0000007b3f840000
core   0: 0x0000000080004144 (0x93e88893) addi    a7, a7, -1730
core   0: 1 0x0000000080004144 (0x93e88893) x17 0x0000007b3f83f93e
core   0: 0x0000000080004148 (0x007b49b3) xor     s3, s6, t2
core   0: 1 0x0000000080004148 (0x007b49b3) x19 0xffffffffffffffff
core   0: 0x000000008000414c (0x0ff0000f) fence   iorw,iorw
core   0: 1 0x000000008000414c (0x0ff0000f)
core   0: 0x0000000080004150 (0xf8d44bb7) lui     s7, 0xf8d44
core   0: 1 0x0000000080004150 (0xf8d44bb7) x23 0xfffffffff8d44000
core   0: 0x0000000080004154 (0x437b8b9b) addiw   s7, s7, 1079
core   0: 1 0x0000000080004154 (0x437b8b9b) x23 0xfffffffff8d44437
core   0: 0x0000000080004158 (0x00000bb2) c.slli  s7, 12
core   0: 1 0x0000000080004158 (0x0bb2) x23 0xffffff8d44437000
core   0: 0x000000008000415a (0xf21b8b93) addi    s7, s7, -223
core   0: 1 0x000000008000415a (0xf21b8b93) x23 0xffffff8d44436f21
core   0: 0x000000008000415e (0x0000117d) c.addi  sp, -1
core   0: 1 0x000000008000415e (0x117d) x2  0x0043ffffffffffff
core   0: 0x0000000080004160 (0x00c24bb3) xor     s7, tp, a2
core   0: 1 0x0000000080004160 (0x00c24bb3) x23 0x0000000000000000
core   0: 0x0000000080004164 (0x31a12773) csrrs   a4, menvcfgh, sp
core   0: exception trap_illegal_instruction, epc 0x0000000080004164
core   0:           tval 0x0000000031a12773
core   0: >>>>  $xrv64i2p1_m2p0_a2p1_f2p2_d2p2_zicsr2p0_zifencei2p0_zmmul1p0_zba1p0_zbb1p0_zbc1p0_zbs1p0
core   0: 0x0000000080004000 (0x0080006f) j       pc + 0x8
core   0: 3 0x0000000080004000 (0x0080006f)
core   0: >>>>  mmode_exception_handler
core   0: 0x0000000080004008 (0x00002c17) auipc   s8, 0x2
core   0: 3 0x0000000080004008 (0x00002c17) x24 0x0000000080006008
core   0: 0x000000008000400c (0x058c0c13) addi    s8, s8, 88
core   0: 3 0x000000008000400c (0x058c0c13) x24 0x0000000080006060
core   0: 0x0000000080004010 (0x000c00e7) jalr    s8
core   0: 3 0x0000000080004010 (0x000c00e7) x1  0x0000000080004014
core   0: >>>>  any_handler
core   0: 0x0000000080006060 (0x341027f3) csrrs   a5, mepc, zero
core   0: 3 0x0000000080006060 (0x341027f3) x15 0x0000000080004164
core   0: 0x0000000080006064 (0x34202773) csrrs   a4, mcause, zero
core   0: 3 0x0000000080006064 (0x34202773) x14 0x0000000000000002
core   0: 0x0000000080006068 (0x142026f3) csrrs   a3, scause, zero
core   0: 3 0x0000000080006068 (0x142026f3) x13 0x0000000000000000
core   0: 0x000000008000606c (0x30402673) csrrs   a2, mie, zero
core   0: 3 0x000000008000606c (0x30402673) x12 0x0000000000000a00
core   0: 0x0000000080006070 (0x344025f3) csrrs   a1, mip, zero
core   0: 3 0x0000000080006070 (0x344025f3) x11 0x0000000000000080
core   0: 0x0000000080006074 (0x343025f3) csrrs   a1, mtval, zero
core   0: 3 0x0000000080006074 (0x343025f3) x11 0x0000000031a12773
core   0: 0x0000000080006078 (0x14302573) csrrs   a0, stval, zero
core   0: 3 0x0000000080006078 (0x14302573) x10 0x0000000000000000
core   0: 0x000000008000607c (0xb02024f3) csrrs   s1, minstret, zero
core   0: 3 0x000000008000607c (0xb02024f3) x9  0x000000000000084a
core   0: 0x0000000080006080 (0x0000a811) c.j     pc + 20
core   0: 3 0x0000000080006080 (0xa811)
core   0: >>>>  mepc_4
core   0: 0x0000000080006094 (0x00000791) c.addi  a5, 4
core   0: 3 0x0000000080006094 (0x0791) x15 0x0000000080004168
core   0: 0x0000000080006096 (0x34179073) csrrw   zero, mepc, a5
core   0: 3 0x0000000080006096 (0x34179073) c833_mepc 0x0000000080004168
core   0: 0x000000008000609a (0x30200073) mret
core   0: 3 0x000000008000609a (0x30200073) c768_mstatus 0x8000000a00106080
core   0: 0x0000000080004168 (0x00906037) lui     zero, 0x906
core   0: 1 0x0000000080004168 (0x00906037)
core   0: 0x000000008000416c (0xbb70001b) addiw   zero, zero, -1097
core   0: 1 0x000000008000416c (0xbb70001b)
core   0: 0x0000000080004170 (0x00f01013) slli    zero, zero, 15
core   0: 1 0x0000000080004170 (0x00f01013)
core   0: 0x0000000080004174 (0x04200013) li      zero, 66
core   0: 1 0x0000000080004174 (0x04200013)
core   0: 0x0000000080004178 (0x92d6f6c7) fmsub.d fa3, fa3, fa3, fs2
core   0: 1 0x0000000080004178 (0x92d6f6c7) f13 0x7ff8000000000000
core   0: 0x000000008000417c (0x0280d193) srli    gp, ra, 40
core   0: 1 0x000000008000417c (0x0280d193) x3  0x0000000000000000
core   0: 0x0000000080004180 (0x03aa6a33) rem     s4, s4, s10
core   0: 1 0x0000000080004180 (0x03aa6a33) x20 0x0000000000000000
core   0: 0x0000000080004184 (0xb67bf813) andi    a6, s7, -1177
core   0: 1 0x0000000080004184 (0xb67bf813) x16 0x0000000000000000
core   0: 0x0000000080004188 (0x01edd993) srli    s3, s11, 30
core   0: 1 0x0000000080004188 (0x01edd993) x19 0x0000000000000000
core   0: 0x000000008000418c (0x02b2eabb) remw    s5, t0, a1
core   0: 1 0x000000008000418c (0x02b2eabb) x21 0x000000000000026d
core   0: 0x0000000080004190 (0xc03b7953) fcvt.lu.s s2, fs6
core   0: 1 0x0000000080004190 (0xc03b7953) c1_fflags 0x0000000000000011 x18 0xffffffffffffffff
core   0: 0x0000000080004194 (0x00000001) c.nop
core   0: 1 0x0000000080004194 (0x0001)
core   0: 0x0000000080004196 (0x00102173) csrrs   sp, fflags, zero
core   0: 1 0x0000000080004196 (0x00102173) x2  0x0000000000000011
core   0: 0x000000008000419a (0x234a2a53) fsgnjx.d fs4, fs4, fs4
core   0: 1 0x000000008000419a (0x234a2a53) f20 0x7fffffff00000000
core   0: 0x000000008000419e (0xe20c8ed3) fmv.x.d t4, fs9
core   0: 1 0x000000008000419e (0xe20c8ed3) x29 0x0000000000000000
core   0: 0x00000000800041a2 (0xe20a1053) fclass.d zero, fs4
core   0: 1 0x00000000800041a2 (0xe20a1053)
core   0: 0x00000000800041a6 (0x001017f3) csrrw   a5, fflags, zero
core   0: 1 0x00000000800041a6 (0x001017f3) x15 0x0000000000000011 c1_fflags 0x0000000000000000
core   0: 0x00000000800041aa (0xfea05d37) lui     s10, 0xfea05
core   0: 1 0x00000000800041aa (0xfea05d37) x26 0xfffffffffea05000
core   0: 0x00000000800041ae (0xc3bd0d1b) addiw   s10, s10, -965
core   0: 1 0x00000000800041ae (0xc3bd0d1b) x26 0xfffffffffea04c3b
core   0: 0x00000000800041b2 (0x00000d3a) c.slli  s10, 14
core   0: 1 0x00000000800041b2 (0x0d3a) x26 0xffffffa8130ec000
core   0: 0x00000000800041b4 (0x1b9d0d13) addi    s10, s10, 441
core   0: 1 0x00000000800041b4 (0x1b9d0d13) x26 0xffffffa8130ec1b9
core   0: 0x00000000800041b8 (0x91804293) xori    t0, zero, -1768
core   0: 1 0x00000000800041b8 (0x91804293) x5  0xfffffffffffff918
core   0: 0x00000000800041bc (0xc22a7453) fcvt.l.d s0, fs4
core   0: 1 0x00000000800041bc (0xc22a7453) c1_fflags 0x0000000000000010 x8  0x7fffffffffffffff
core   0: 0x00000000800041c0 (0xe20e0d53) fmv.x.d s10, ft8
core   0: 1 0x00000000800041c0 (0xe20e0d53) x26 0xffffffff00000000
core   0: 0x00000000800041c4 (0x0004801b) sext.w  zero, s1
core   0: 1 0x00000000800041c4 (0x0004801b)
core   0: 0x00000000800041c8 (0xc0267953) fcvt.l.s s2, fa2
core   0: 1 0x00000000800041c8 (0xc0267953) x18 0x0000000000000000
core   0: 0x00000000800041cc (0x41ab8d33) sub     s10, s7, s10
core   0: 1 0x00000000800041cc (0x41ab8d33) x26 0x0000000100000000
core   0: 0x00000000800041d0 (0xb3507043) fmadd.d ft0, ft0, fs5, fs6
core   0: 1 0x00000000800041d0 (0xb3507043) f0  0x7ff8000000000000
core   0: 0x00000000800041d4 (0x05adf537) lui     a0, 0x5adf
core   0: 1 0x00000000800041d4 (0x05adf537) x10 0x0000000005adf000
core   0: 0x00000000800041d8 (0x6eb5051b) addiw   a0, a0, 1771
core   0: 1 0x00000000800041d8 (0x6eb5051b) x10 0x0000000005adf6eb
core   0: 0x00000000800041dc (0x00000532) c.slli  a0, 12
core   0: 1 0x00000000800041dc (0x0532) x10 0x0000005adf6eb000
core   0: 0x00000000800041de (0xcf950513) addi    a0, a0, -775
core   0: 1 0x00000000800041de (0xcf950513) x10 0x0000005adf6eacf9
core   0: 0x00000000800041e2 (0x02fd5913) srli    s2, s10, 47
core   0: 1 0x00000000800041e2 (0x02fd5913) x18 0x0000000000000000
core   0: 0x00000000800041e6 (0x009e163b) sllw    a2, t3, s1
core   0: 1 0x00000000800041e6 (0x009e163b) x12 0x0000000000000000
core   0: 0x00000000800041ea (0x0695ee93) ori     t4, a1, 105
core   0: 1 0x00000000800041ea (0x0695ee93) x29 0x0000000031a1277b
core   0: 0x00000000800041ee (0x022113b3) mulh    t2, sp, sp
core   0: 1 0x00000000800041ee (0x022113b3) x7  0x0000000000000000
core   0: 0x00000000800041f2 (0x9a5b4c93) xori    s9, s6, -1627
core   0: 1 0x00000000800041f2 (0x9a5b4c93) x25 0xfffffffffffff9a5
core   0: 0x00000000800041f6 (0xc20cf5d3) fcvt.w.d a1, fs9
core   0: 1 0x00000000800041f6 (0xc20cf5d3) x11 0x0000000000000000
core   0: 0x00000000800041fa (0x403186bb) subw    a3, gp, gp
core   0: 1 0x00000000800041fa (0x403186bb) x13 0x0000000000000000
core   0: 0x00000000800041fe (0x01d65e93) srli    t4, a2, 29
core   0: 1 0x00000000800041fe (0x01d65e93) x29 0x0000000000000000
core   0: 0x0000000080004202 (0xc03070d3) fcvt.lu.s ra, ft0
core   0: 1 0x0000000080004202 (0xc03070d3) c1_fflags 0x0000000000000010 x1  0xffffffffffffffff
core   0: 0x0000000080004206 (0x2b3b9b53) fmax.d  fs6, fs7, fs3
core   0: 1 0x0000000080004206 (0x2b3b9b53) f22 0x7ff8000000000000
core   0: 0x000000008000420a (0x001ed093) srli    ra, t4, 1
core   0: 1 0x000000008000420a (0x001ed093) x1  0x0000000000000000
core   0: 0x000000008000420e (0x00000001) c.nop
core   0: 1 0x000000008000420e (0x0001)
core   0: 0x0000000080004210 (0x79774893) xori    a7, a4, 1943
core   0: 1 0x0000000080004210 (0x79774893) x17 0x0000000000000795
core   0: 0x0000000080004214 (0xbaa57547) fmsub.d fa0, fa0, fa0, fs7
core   0: 1 0x0000000080004214 (0xbaa57547) f10 0x7ff8000000000000
core   0: 0x0000000080004218 (0x00ea0133) add     sp, s4, a4
core   0: 1 0x0000000080004218 (0x00ea0133) x2  0x0000000000000002
core   0: 0x000000008000421c (0x01a86d33) or      s10, a6, s10
core   0: 1 0x000000008000421c (0x01a86d33) x26 0x0000000100000000
core   0: 0x0000000080004220 (0x40155ebb) sraw    t4, a0, ra
core   0: 1 0x0000000080004220 (0x40155ebb) x29 0xffffffffdf6eacf9
core   0: 0x0000000080004224 (0x000d549b) srliw   s1, s10, 0
core   0: 1 0x0000000080004224 (0x000d549b) x9  0x0000000000000000
core   0: 0x0000000080004228 (0x01fede1b) srliw   t3, t4, 31
core   0: 1 0x0000000080004228 (0x01fede1b) x28 0x0000000000000001
core   0: 0x000000008000422c (0x002e17b3) sll     a5, t3, sp
core   0: 1 0x000000008000422c (0x002e17b3) x15 0x0000000000000004
core   0: 0x0000000080004230 (0xc229fad3) fcvt.l.d s5, fs3
core   0: 1 0x0000000080004230 (0xc229fad3) c1_fflags 0x0000000000000010 x21 0x7fffffffffffffff
core   0: 0x0000000080004234 (0x40005793) srai    a5, zero, 0
core   0: 1 0x0000000080004234 (0x40005793) x15 0x0000000000000000
core   0: 0x0000000080004238 (0x039596b3) mulh    a3, a1, s9
core   0: 1 0x0000000080004238 (0x039596b3) x13 0x0000000000000000
core   0: 0x000000008000423c (0x2a801d53) fmax.d  fs10, ft0, fs0
core   0: 1 0x000000008000423c (0x2a801d53) f26 0x7ff8000000000000
core   0: 0x0000000080004240 (0x410a84b3) sub     s1, s5, a6
core   0: 1 0x0000000080004240 (0x410a84b3) x9  0x7fffffffffffffff
core   0: 0x0000000080004244 (0x0ff0000f) fence   iorw,iorw
core   0: 1 0x0000000080004244 (0x0ff0000f)
core   0: 0x0000000080004248 (0x015aa3b3) slt     t2, s5, s5
core   0: 1 0x0000000080004248 (0x015aa3b3) x7  0x0000000000000000
core   0: 0x000000008000424c (0x00000001) c.nop
core   0: 1 0x000000008000424c (0x0001)
core   0: 0x000000008000424e (0x40760733) sub     a4, a2, t2
core   0: 1 0x000000008000424e (0x40760733) x14 0x0000000000000000
core   0: 0x0000000080004252 (0x03fff153) fadd.d  ft2, ft11, ft11
core   0: 1 0x0000000080004252 (0x03fff153) f2  0x7ff8000000000000
core   0: 0x0000000080004256 (0xd20584d3) fcvt.d.w fs1, a1
core   0: 1 0x0000000080004256 (0xd20584d3) f9  0x0000000000000000
core   0: 0x000000008000425a (0x229698d3) fsgnjn.d fa7, fa3, fs1
core   0: 1 0x000000008000425a (0x229698d3) f17 0xfff8000000000000
core   0: 0x000000008000425e (0x0074c537) lui     a0, 0x74c
core   0: 1 0x000000008000425e (0x0074c537) x10 0x000000000074c000
core   0: 0x0000000080004262 (0xcc55051b) addiw   a0, a0, -827
core   0: 1 0x0000000080004262 (0xcc55051b) x10 0x000000000074bcc5
core   0: 0x0000000080004266 (0x00000532) c.slli  a0, 12
core   0: 1 0x0000000080004266 (0x0532) x10 0x000000074bcc5000
core   0: 0x0000000080004268 (0x05450513) addi    a0, a0, 84
core   0: 1 0x0000000080004268 (0x05450513) x10 0x000000074bcc5054
core   0: 0x000000008000426c (0xc038f653) fcvt.lu.s a2, fa7
core   0: 1 0x000000008000426c (0xc038f653) c1_fflags 0x0000000000000010 x12 0xffffffffffffffff
core   0: 0x0000000080004270 (0x411288bb) subw    a7, t0, a7
core   0: 1 0x0000000080004270 (0x411288bb) x17 0xfffffffffffff183
core   0: 0x0000000080004274 (0xc224fb53) fcvt.l.d s6, fs1
core   0: 1 0x0000000080004274 (0xc224fb53) x22 0x0000000000000000
core   0: 0x0000000080004278 (0x038edb37) lui     s6, 0x38ed
core   0: 1 0x0000000080004278 (0x038edb37) x22 0x00000000038ed000
core   0: 0x000000008000427c (0x1ebb0b1b) addiw   s6, s6, 491
core   0: 1 0x000000008000427c (0x1ebb0b1b) x22 0x00000000038ed1eb
core   0: 0x0000000080004280 (0x00000b36) c.slli  s6, 13
core   0: 1 0x0000000080004280 (0x0b36) x22 0x00000071da3d6000
core   0: 0x0000000080004282 (0x479b0b13) addi    s6, s6, 1145
core   0: 1 0x0000000080004282 (0x479b0b13) x22 0x00000071da3d6479
core   0: 0x0000000080004286 (0x00b79533) sll     a0, a5, a1
core   0: 1 0x0000000080004286 (0x00b79533) x10 0x0000000000000000
core   0: 0x000000008000428a (0x02ab5cbb) divuw   s9, s6, a0
core   0: 1 0x000000008000428a (0x02ab5cbb) x25 0xffffffffffffffff
core   0: 0x000000008000428e (0xe9678793) addi    a5, a5, -362
core   0: 1 0x000000008000428e (0xe9678793) x15 0xfffffffffffffe96
core   0: 0x0000000080004292 (0x00000001) c.nop
core   0: 1 0x0000000080004292 (0x0001)
core   0: 0x0000000080004294 (0xe20c8053) fmv.x.d zero, fs9
core   0: 1 0x0000000080004294 (0xe20c8053)
core   0: 0x0000000080004298 (0xb4920213) addi    tp, tp, -1207
core   0: 1 0x0000000080004298 (0xb4920213) x4  0xfffffffffffffb49
core   0: 0x000000008000429c (0x00379dbb) sllw    s11, a5, gp
core   0: 1 0x000000008000429c (0x00379dbb) x27 0xfffffffffffffe96
core   0: 0x00000000800042a0 (0x631d5497) auipc   s1, 0x631d5
core   0: 1 0x00000000800042a0 (0x631d5497) x9  0x00000000e31d92a0
core   0: 0x00000000800042a4 (0x00001a62) c.slli  s4, 56
core   0: 1 0x00000000800042a4 (0x1a62) x20 0x0000000000000000
core   0: 0x00000000800042a6 (0xe06d8a1b) addiw   s4, s11, -506
core   0: 1 0x00000000800042a6 (0xe06d8a1b) x20 0xfffffffffffffc9c
core   0: 0x00000000800042aa (0x02b090b3) mulh    ra, ra, a1
core   0: 1 0x00000000800042aa (0x02b090b3) x1  0x0000000000000000
core   0: 0x00000000800042ae (0x030f7f53) fadd.d  ft10, ft10, fa6
core   0: 1 0x00000000800042ae (0x030f7f53) f30 0x7ff8000000000000
core   0: 0x00000000800042b2 (0x401cf1d3) fcvt.s.d ft3, fs9
core   0: 1 0x00000000800042b2 (0x401cf1d3) f3  0xffffffff00000000
core   0: 0x00000000800042b6 (0xa26e7a47) fmsub.d fs4, ft8, ft6, fs4
core   0: 1 0x00000000800042b6 (0xa26e7a47) f20 0x7ff8000000000000
core   0: 0x00000000800042ba (0x03173cb3) mulhu   s9, a4, a7
core   0: 1 0x00000000800042ba (0x03173cb3) x25 0x0000000000000000
core   0: 0x00000000800042be (0x01bf0037) lui     zero, 0x1bf0
core   0: 1 0x00000000800042be (0x01bf0037)
core   0: 0x00000000800042c2 (0x71d0001b) addiw   zero, zero, 1821
core   0: 1 0x00000000800042c2 (0x71d0001b)
core   0: 0x00000000800042c6 (0x00d01013) slli    zero, zero, 13
core   0: 1 0x00000000800042c6 (0x00d01013)
core   0: 0x00000000800042ca (0xba300013) li      zero, -1117
core   0: 1 0x00000000800042ca (0xba300013)
core   0: 0x00000000800042ce (0xb2c4764b) fnmsub.d fa2, fs0, fa2, fs6
core   0: 1 0x00000000800042ce (0xb2c4764b) f12 0x7ff8000000000000
core   0: 0x00000000800042d2 (0x000ed913) srli    s2, t4, 0
core   0: 1 0x00000000800042d2 (0x000ed913) x18 0xffffffffdf6eacf9
core   0: 0x00000000800042d6 (0x00000001) c.nop
core   0: 1 0x00000000800042d6 (0x0001)
core   0: 0x00000000800042d8 (0x00000001) c.nop
core   0: 1 0x00000000800042d8 (0x0001)
core   0: 0x00000000800042da (0x032972b3) remu    t0, s2, s2
core   0: 1 0x00000000800042da (0x032972b3) x5  0x0000000000000000
core   0: 0x00000000800042de (0xd23df7d3) fcvt.d.lu fa5, s11
core   0: 1 0x00000000800042de (0xd23df7d3) c1_fflags 0x0000000000000011 f15 0x43f0000000000000
core   0: 0x00000000800042e2 (0x9b496213) ori     tp, s2, -1612
core   0: 1 0x00000000800042e2 (0x9b496213) x4  0xfffffffffffffdfd
core   0: 0x00000000800042e6 (0x0379ca3b) divw    s4, s3, s7
core   0: 1 0x00000000800042e6 (0x0379ca3b) x20 0xffffffffffffffff
core   0: 0x00000000800042ea (0x4bcc7993) andi    s3, s8, 1212
core   0: 1 0x00000000800042ea (0x4bcc7993) x19 0x0000000000000020
core   0: 0x00000000800042ee (0xd03bf553) fcvt.s.lu fa0, s7
core   0: 1 0x00000000800042ee (0xd03bf553) f10 0xffffffff00000000
core   0: 0x00000000800042f2 (0x025a6733) rem     a4, s4, t0
core   0: 1 0x00000000800042f2 (0x025a6733) x14 0xffffffffffffffff
core   0: 0x00000000800042f6 (0x0136d83b) srlw    a6, a3, s3
core   0: 1 0x00000000800042f6 (0x0136d83b) x16 0x0000000000000000
core   0: 0x00000000800042fa (0x0aebf753) fsub.d  fa4, fs7, fa4
core   0: 1 0x00000000800042fa (0x0aebf753) f14 0x7ff8000000000000
core   0: 0x00000000800042fe (0x5526e213) ori     tp, a3, 1362
core   0: 1 0x00000000800042fe (0x5526e213) x4  0x0000000000000552
core   0: 0x0000000080004302 (0xd036fc53) fcvt.s.lu fs8, a3
core   0: 1 0x0000000080004302 (0xd036fc53) f24 0xffffffff00000000
core   0: 0x0000000080004306 (0x13cd7c53) fmul.d  fs8, fs10, ft8
core   0: 1 0x0000000080004306 (0x13cd7c53) f24 0x7ff8000000000000
core   0: 0x000000008000430a (0x0341ea33) rem     s4, gp, s4
core   0: 1 0x000000008000430a (0x0341ea33) x20 0x0000000000000000
core   0: 0x000000008000430e (0x4010d21b) sraiw   tp, ra, 1
core   0: 1 0x000000008000430e (0x4010d21b) x4  0x0000000000000000
core   0: 0x0000000080004312 (0x2b680f53) fmin.d  ft10, fa6, fs6
core   0: 1 0x0000000080004312 (0x2b680f53) f30 0x7ff8000000000000
core   0: 0x0000000080004316 (0x00000001) c.nop
core   0: 1 0x0000000080004316 (0x0001)
core   0: 0x0000000080004318 (0x300a7913) andi    s2, s4, 768
core   0: 1 0x0000000080004318 (0x300a7913) x18 0x0000000000000000
core   0: 0x000000008000431c (0xd02579d3) fcvt.s.l fs3, a0
core   0: 1 0x000000008000431c (0xd02579d3) f19 0xffffffff00000000
core   0: 0x0000000080004320 (0xb07879b7) lui     s3, 0xb0787
core   0: 1 0x0000000080004320 (0xb07879b7) x19 0xffffffffb0787000
core   0: 0x0000000080004324 (0xc036f553) fcvt.lu.s a0, fa3
core   0: 1 0x0000000080004324 (0xc036f553) c1_fflags 0x0000000000000011 x10 0xffffffffffffffff
core   0: 0x0000000080004328 (0xc80bddf3) csrrwi  s11, cycleh, 23
core   0: exception trap_illegal_instruction, epc 0x0000000080004328
core   0:           tval 0x00000000c80bddf3
core   0: >>>>  $xrv64i2p1_m2p0_a2p1_f2p2_d2p2_zicsr2p0_zifencei2p0_zmmul1p0_zba1p0_zbb1p0_zbc1p0_zbs1p0
core   0: 0x0000000080004000 (0x0080006f) j       pc + 0x8
core   0: 3 0x0000000080004000 (0x0080006f)
core   0: >>>>  mmode_exception_handler
core   0: 0x0000000080004008 (0x00002c17) auipc   s8, 0x2
core   0: 3 0x0000000080004008 (0x00002c17) x24 0x0000000080006008
core   0: 0x000000008000400c (0x058c0c13) addi    s8, s8, 88
core   0: 3 0x000000008000400c (0x058c0c13) x24 0x0000000080006060
core   0: 0x0000000080004010 (0x000c00e7) jalr    s8
core   0: 3 0x0000000080004010 (0x000c00e7) x1  0x0000000080004014
core   0: >>>>  any_handler
core   0: 0x0000000080006060 (0x341027f3) csrrs   a5, mepc, zero
core   0: 3 0x0000000080006060 (0x341027f3) x15 0x0000000080004328
core   0: 0x0000000080006064 (0x34202773) csrrs   a4, mcause, zero
core   0: 3 0x0000000080006064 (0x34202773) x14 0x0000000000000002
core   0: 0x0000000080006068 (0x142026f3) csrrs   a3, scause, zero
core   0: 3 0x0000000080006068 (0x142026f3) x13 0x0000000000000000
core   0: 0x000000008000606c (0x30402673) csrrs   a2, mie, zero
core   0: 3 0x000000008000606c (0x30402673) x12 0x0000000000000a00
core   0: 0x0000000080006070 (0x344025f3) csrrs   a1, mip, zero
core   0: 3 0x0000000080006070 (0x344025f3) x11 0x0000000000000080
core   0: 0x0000000080006074 (0x343025f3) csrrs   a1, mtval, zero
core   0: 3 0x0000000080006074 (0x343025f3) x11 0x00000000c80bddf3
core   0: 0x0000000080006078 (0x14302573) csrrs   a0, stval, zero
core   0: 3 0x0000000080006078 (0x14302573) x10 0x0000000000000000
core   0: 0x000000008000607c (0xb02024f3) csrrs   s1, minstret, zero
core   0: 3 0x000000008000607c (0xb02024f3) x9  0x00000000000008d0
core   0: 0x0000000080006080 (0x0000a811) c.j     pc + 20
core   0: 3 0x0000000080006080 (0xa811)
core   0: >>>>  mepc_4
core   0: 0x0000000080006094 (0x00000791) c.addi  a5, 4
core   0: 3 0x0000000080006094 (0x0791) x15 0x000000008000432c
core   0: 0x0000000080006096 (0x34179073) csrrw   zero, mepc, a5
core   0: 3 0x0000000080006096 (0x34179073) c833_mepc 0x000000008000432c
core   0: 0x000000008000609a (0x30200073) mret
core   0: 3 0x000000008000609a (0x30200073) c768_mstatus 0x8000000a00106080
core   0: 0x000000008000432c (0x01b96d33) or      s10, s2, s11
core   0: 1 0x000000008000432c (0x01b96d33) x26 0xfffffffffffffe96
core   0: 0x0000000080004330 (0x7ff1829b) addiw   t0, gp, 2047
core   0: 1 0x0000000080004330 (0x7ff1829b) x5  0x00000000000007ff
core   0: 0x0000000080004334 (0x01f9149b) slliw   s1, s2, 31
core   0: 1 0x0000000080004334 (0x01f9149b) x9  0x0000000000000000
core   0: 0x0000000080004338 (0xf1187273) csrrci  tp, mvendorid, 16
core   0: exception trap_illegal_instruction, epc 0x0000000080004338
core   0:           tval 0x00000000f1187273
core   0: >>>>  $xrv64i2p1_m2p0_a2p1_f2p2_d2p2_zicsr2p0_zifencei2p0_zmmul1p0_zba1p0_zbb1p0_zbc1p0_zbs1p0
core   0: 0x0000000080004000 (0x0080006f) j       pc + 0x8
core   0: 3 0x0000000080004000 (0x0080006f)
core   0: >>>>  mmode_exception_handler
core   0: 0x0000000080004008 (0x00002c17) auipc   s8, 0x2
core   0: 3 0x0000000080004008 (0x00002c17) x24 0x0000000080006008
core   0: 0x000000008000400c (0x058c0c13) addi    s8, s8, 88
core   0: 3 0x000000008000400c (0x058c0c13) x24 0x0000000080006060
core   0: 0x0000000080004010 (0x000c00e7) jalr    s8
core   0: 3 0x0000000080004010 (0x000c00e7) x1  0x0000000080004014
core   0: >>>>  any_handler
core   0: 0x0000000080006060 (0x341027f3) csrrs   a5, mepc, zero
core   0: 3 0x0000000080006060 (0x341027f3) x15 0x0000000080004338
core   0: 0x0000000080006064 (0x34202773) csrrs   a4, mcause, zero
core   0: 3 0x0000000080006064 (0x34202773) x14 0x0000000000000002
core   0: 0x0000000080006068 (0x142026f3) csrrs   a3, scause, zero
core   0: 3 0x0000000080006068 (0x142026f3) x13 0x0000000000000000
core   0: 0x000000008000606c (0x30402673) csrrs   a2, mie, zero
core   0: 3 0x000000008000606c (0x30402673) x12 0x0000000000000a00
core   0: 0x0000000080006070 (0x344025f3) csrrs   a1, mip, zero
core   0: 3 0x0000000080006070 (0x344025f3) x11 0x0000000000000080
core   0: 0x0000000080006074 (0x343025f3) csrrs   a1, mtval, zero
core   0: 3 0x0000000080006074 (0x343025f3) x11 0x00000000f1187273
core   0: 0x0000000080006078 (0x14302573) csrrs   a0, stval, zero
core   0: 3 0x0000000080006078 (0x14302573) x10 0x0000000000000000
core   0: 0x000000008000607c (0xb02024f3) csrrs   s1, minstret, zero
core   0: 3 0x000000008000607c (0xb02024f3) x9  0x00000000000008e3
core   0: 0x0000000080006080 (0x0000a811) c.j     pc + 20
core   0: 3 0x0000000080006080 (0xa811)
core   0: >>>>  mepc_4
core   0: 0x0000000080006094 (0x00000791) c.addi  a5, 4
core   0: 3 0x0000000080006094 (0x0791) x15 0x000000008000433c
core   0: 0x0000000080006096 (0x34179073) csrrw   zero, mepc, a5
core   0: 3 0x0000000080006096 (0x34179073) c833_mepc 0x000000008000433c
core   0: 0x000000008000609a (0x30200073) mret
core   0: 3 0x000000008000609a (0x30200073) c768_mstatus 0x8000000a00106080
core   0: 0x000000008000433c (0xc222f853) fcvt.l.d a6, ft5
core   0: 1 0x000000008000433c (0xc222f853) x16 0x0000000000000000
core   0: 0x0000000080004340 (0xe88b7e93) andi    t4, s6, -376
core   0: 1 0x0000000080004340 (0xe88b7e93) x29 0x00000071da3d6408
core   0: 0x0000000080004344 (0x03533433) mulhu   s0, t1, s5
core   0: 1 0x0000000080004344 (0x03533433) x8  0x0000000000000000
core   0: 0x0000000080004348 (0x1289fe53) fmul.d  ft8, fs3, fs0
core   0: 1 0x0000000080004348 (0x1289fe53) f28 0x7ff8000000000000
core   0: 0x000000008000434c (0x0153deb3) srl     t4, t2, s5
core   0: 1 0x000000008000434c (0x0153deb3) x29 0x0000000000000000
core   0: 0x0000000080004350 (0xe249fbcf) fnmadd.d fs7, fs3, ft4, ft8
core   0: 1 0x0000000080004350 (0xe249fbcf) f23 0x7ff8000000000000
core   0: 0x0000000080004354 (0x42010153) fcvt.d.s ft2, ft2
core   0: 1 0x0000000080004354 (0x42010153) f2  0x7ff8000000000000
core   0: 0x0000000080004358 (0x23412353) fsgnjx.d ft6, ft2, fs4
core   0: 1 0x0000000080004358 (0x23412353) f6  0x7ff8000000000000
core   0: 0x000000008000435c (0x01da1d1b) slliw   s10, s4, 29
core   0: 1 0x000000008000435c (0x01da1d1b) x26 0x0000000000000000
core   0: 0x0000000080004360 (0x2b930cd3) fmin.d  fs9, ft6, fs9
core   0: 1 0x0000000080004360 (0x2b930cd3) f25 0x0000000000000000
core   0: 0x0000000080004364 (0x03709db3) mulh    s11, ra, s7
core   0: 1 0x0000000080004364 (0x03709db3) x27 0x0000000000000000
core   0: 0x0000000080004368 (0xc02b1873) csrrw   a6, instret, s6
core   0: exception trap_illegal_instruction, epc 0x0000000080004368
core   0:           tval 0x00000000c02b1873
core   0: >>>>  $xrv64i2p1_m2p0_a2p1_f2p2_d2p2_zicsr2p0_zifencei2p0_zmmul1p0_zba1p0_zbb1p0_zbc1p0_zbs1p0
core   0: 0x0000000080004000 (0x0080006f) j       pc + 0x8
core   0: 3 0x0000000080004000 (0x0080006f)
core   0: >>>>  mmode_exception_handler
core   0: 0x0000000080004008 (0x00002c17) auipc   s8, 0x2
core   0: 3 0x0000000080004008 (0x00002c17) x24 0x0000000080006008
core   0: 0x000000008000400c (0x058c0c13) addi    s8, s8, 88
core   0: 3 0x000000008000400c (0x058c0c13) x24 0x0000000080006060
core   0: 0x0000000080004010 (0x000c00e7) jalr    s8
core   0: 3 0x0000000080004010 (0x000c00e7) x1  0x0000000080004014
core   0: >>>>  any_handler
core   0: 0x0000000080006060 (0x341027f3) csrrs   a5, mepc, zero
core   0: 3 0x0000000080006060 (0x341027f3) x15 0x0000000080004368
core   0: 0x0000000080006064 (0x34202773) csrrs   a4, mcause, zero
core   0: 3 0x0000000080006064 (0x34202773) x14 0x0000000000000002
core   0: 0x0000000080006068 (0x142026f3) csrrs   a3, scause, zero
core   0: 3 0x0000000080006068 (0x142026f3) x13 0x0000000000000000
core   0: 0x000000008000606c (0x30402673) csrrs   a2, mie, zero
core   0: 3 0x000000008000606c (0x30402673) x12 0x0000000000000a00
core   0: 0x0000000080006070 (0x344025f3) csrrs   a1, mip, zero
core   0: 3 0x0000000080006070 (0x344025f3) x11 0x0000000000000080
core   0: 0x0000000080006074 (0x343025f3) csrrs   a1, mtval, zero
core   0: 3 0x0000000080006074 (0x343025f3) x11 0x00000000c02b1873
core   0: 0x0000000080006078 (0x14302573) csrrs   a0, stval, zero
core   0: 3 0x0000000080006078 (0x14302573) x10 0x0000000000000000
core   0: 0x000000008000607c (0xb02024f3) csrrs   s1, minstret, zero
core   0: 3 0x000000008000607c (0xb02024f3) x9  0x00000000000008fe
core   0: 0x0000000080006080 (0x0000a811) c.j     pc + 20
core   0: 3 0x0000000080006080 (0xa811)
core   0: >>>>  mepc_4
core   0: 0x0000000080006094 (0x00000791) c.addi  a5, 4
core   0: 3 0x0000000080006094 (0x0791) x15 0x000000008000436c
core   0: 0x0000000080006096 (0x34179073) csrrw   zero, mepc, a5
core   0: 3 0x0000000080006096 (0x34179073) c833_mepc 0x000000008000436c
core   0: 0x000000008000609a (0x30200073) mret
core   0: 3 0x000000008000609a (0x30200073) c768_mstatus 0x8000000a00106080
core   0: 0x000000008000436c (0xf861819b) addiw   gp, gp, -122
core   0: 1 0x000000008000436c (0xf861819b) x3  0xffffffffffffff86
core   0: 0x0000000080004370 (0x03710bbb) mulw    s7, sp, s7
core   0: 1 0x0000000080004370 (0x03710bbb) x23 0x0000000000000000
core   0: 0x0000000080004374 (0x414585b3) sub     a1, a1, s4
core   0: 1 0x0000000080004374 (0x414585b3) x11 0x00000000c02b1873
core   0: 0x0000000080004378 (0xd229fe53) fcvt.d.l ft8, s3
core   0: 1 0x0000000080004378 (0xd229fe53) f28 0xc1d3e1e400000000
core   0: 0x000000008000437c (0x019c27b3) slt     a5, s8, s9
core   0: 1 0x000000008000437c (0x019c27b3) x15 0x0000000000000000
core   0: 0x0000000080004380 (0xc23e78d3) fcvt.lu.d a7, ft8
core   0: 1 0x0000000080004380 (0xc23e78d3) c1_fflags 0x0000000000000011 x17 0x0000000000000000
core   0: 0x0000000080004384 (0x05e291b7) lui     gp, 0x5e29
core   0: 1 0x0000000080004384 (0x05e291b7) x3  0x0000000005e29000
core   0: 0x0000000080004388 (0x94f1819b) addiw   gp, gp, -1713
core   0: 1 0x0000000080004388 (0x94f1819b) x3  0x0000000005e2894f
core   0: 0x000000008000438c (0x000001b2) c.slli  gp, 12
core   0: 1 0x000000008000438c (0x01b2) x3  0x0000005e2894f000
core   0: 0x000000008000438e (0x63418193) addi    gp, gp, 1588
core   0: 1 0x000000008000438e (0x63418193) x3  0x0000005e2894f634
core   0: 0x0000000080004392 (0x4101d513) srai    a0, gp, 16
core   0: 1 0x0000000080004392 (0x4101d513) x10 0x00000000005e2894
core   0: 0x0000000080004396 (0x41fe521b) sraiw   tp, t3, 31
core   0: 1 0x0000000080004396 (0x41fe521b) x4  0x0000000000000000
core   0: 0x000000008000439a (0x001bc593) xori    a1, s7, 1
core   0: 1 0x000000008000439a (0x001bc593) x11 0x0000000000000001
core   0: 0x000000008000439e (0xc022f853) fcvt.l.s a6, ft5
core   0: 1 0x000000008000439e (0xc022f853) c1_fflags 0x0000000000000011 x16 0x7fffffffffffffff
core   0: 0x00000000800043a2 (0x0299a9b3) mulhsu  s3, s3, s1
core   0: 1 0x00000000800043a2 (0x0299a9b3) x19 0xffffffffffffffff
core   0: 0x00000000800043a6 (0x024c31b3) mulhu   gp, s8, tp
core   0: 1 0x00000000800043a6 (0x024c31b3) x3  0x0000000000000000
core   0: 0x00000000800043aa (0x03708bbb) mulw    s7, ra, s7
core   0: 1 0x00000000800043aa (0x03708bbb) x23 0x0000000000000000
core   0: 0x00000000800043ae (0xa141fb13) andi    s6, gp, -1516
core   0: 1 0x00000000800043ae (0xa141fb13) x22 0x0000000000000000
core   0: 0x00000000800043b2 (0x03709cb3) mulh    s9, ra, s7
core   0: 1 0x00000000800043b2 (0x03709cb3) x25 0x0000000000000000
core   0: 0x00000000800043b6 (0xe2040ed3) fmv.x.d t4, fs0
core   0: 1 0x00000000800043b6 (0xe2040ed3) x29 0xffffffff00000000
core   0: 0x00000000800043ba (0xd0337553) fcvt.s.lu fa0, t1
core   0: 1 0x00000000800043ba (0xd0337553) f10 0xffffffff00000000
core   0: 0x00000000800043be (0x00e9873b) addw    a4, s3, a4
core   0: 1 0x00000000800043be (0x00e9873b) x14 0x0000000000000001
core   0: 0x00000000800043c2 (0xd02cfdd3) fcvt.s.l fs11, s9
core   0: 1 0x00000000800043c2 (0xd02cfdd3) f27 0xffffffff00000000
core   0: 0x00000000800043c6 (0x00000001) c.nop
core   0: 1 0x00000000800043c6 (0x0001)
core   0: 0x00000000800043c8 (0x02f9edbb) remw    s11, s3, a5
core   0: 1 0x00000000800043c8 (0x02f9edbb) x27 0xffffffffffffffff
core   0: 0x00000000800043cc (0xc20e7753) fcvt.w.d a4, ft8
core   0: 1 0x00000000800043cc (0xc20e7753) x14 0xffffffffb0787000
core   0: 0x00000000800043d0 (0x4099093b) subw    s2, s2, s1
core   0: 1 0x00000000800043d0 (0x4099093b) x18 0xfffffffffffff702
core   0: 0x00000000800043d4 (0xd038ff53) fcvt.s.lu ft10, a7
core   0: 1 0x00000000800043d4 (0xd038ff53) f30 0xffffffff00000000
core   0: 0x00000000800043d8 (0x0008d113) srli    sp, a7, 0
core   0: 1 0x00000000800043d8 (0x0008d113) x2  0x0000000000000000
core   0: 0x00000000800043dc (0x022423b3) mulhsu  t2, s0, sp
core   0: 1 0x00000000800043dc (0x022423b3) x7  0x0000000000000000
core   0: 0x00000000800043e0 (0x41a507bb) subw    a5, a0, s10
core   0: 1 0x00000000800043e0 (0x41a507bb) x15 0x00000000005e2894
core   0: 0x00000000800043e4 (0xb4a57093) andi    ra, a0, -1206
core   0: 1 0x00000000800043e4 (0xb4a57093) x1  0x00000000005e2800
core   0: 0x00000000800043e8 (0x2abb9753) fmax.d  fa4, fs7, fa1
core   0: 1 0x00000000800043e8 (0x2abb9753) f14 0x7ff8000000000000
core   0: 0x00000000800043ec (0xa3788353) fle.d   t1, fa7, fs7
core   0: 1 0x00000000800043ec (0xa3788353) c1_fflags 0x0000000000000011 x6  0x0000000000000000
core   0: 0x00000000800043f0 (0x15e0859b) addiw   a1, ra, 350
core   0: 1 0x00000000800043f0 (0x15e0859b) x11 0x00000000005e295e
core   0: 0x00000000800043f4 (0x0156aab3) slt     s5, a3, s5
core   0: 1 0x00000000800043f4 (0x0156aab3) x21 0x0000000000000001
core   0: 0x00000000800043f8 (0x7b01f7c7) fmsub.d fa5, ft3, fa6, fa5
core   0: 1 0x00000000800043f8 (0x7b01f7c7) f15 0x7ff8000000000000
core   0: 0x00000000800043fc (0xd20d8453) fcvt.d.w fs0, s11
core   0: 1 0x00000000800043fc (0xd20d8453) f8  0xbff0000000000000
core   0: 0x0000000080004400 (0x1e91e493) ori     s1, gp, 489
core   0: 1 0x0000000080004400 (0x1e91e493) x9  0x00000000000001e9
core   0: 0x0000000080004404 (0x414dd2b3) sra     t0, s11, s4
core   0: 1 0x0000000080004404 (0x414dd2b3) x5  0xffffffffffffffff
core   0: 0x0000000080004408 (0xbaff31b7) lui     gp, 0xbaff3
core   0: 1 0x0000000080004408 (0xbaff31b7) x3  0xffffffffbaff3000
core   0: 0x000000008000440c (0x00110b9b) addiw   s7, sp, 1
core   0: 1 0x000000008000440c (0x00110b9b) x23 0x0000000000000001
core   0: 0x0000000080004410 (0xdacef643) fmadd.d fa2, ft9, fa2, fs11
core   0: 1 0x0000000080004410 (0xdacef643) f12 0x7ff8000000000000
core   0: 0x0000000080004414 (0x02536dbb) remw    s11, t1, t0
core   0: 1 0x0000000080004414 (0x02536dbb) x27 0x0000000000000000
core   0: 0x0000000080004418 (0x007eceb3) xor     t4, t4, t2
core   0: 1 0x0000000080004418 (0x007eceb3) x29 0xffffffff00000000
core   0: 0x000000008000441c (0x2b9f9cd3) fmax.d  fs9, ft11, fs9
core   0: 1 0x000000008000441c (0x2b9f9cd3) f25 0x0000000000000000
core   0: 0x0000000080004420 (0x02567633) remu    a2, a2, t0
core   0: 1 0x0000000080004420 (0x02567633) x12 0x0000000000000a00
core   0: 0x0000000080004424 (0x00c7d3bb) srlw    t2, a5, a2
core   0: 1 0x0000000080004424 (0x00c7d3bb) x7  0x00000000005e2894
core   0: 0x0000000080004428 (0x4076813b) subw    sp, a3, t2
core   0: 1 0x0000000080004428 (0x4076813b) x2  0xffffffffffa1d76c
core   0: 0x000000008000442c (0x0387f233) remu    tp, a5, s8
core   0: 1 0x000000008000442c (0x0387f233) x4  0x00000000005e2894
core   0: 0x0000000080004430 (0xd03af453) fcvt.s.lu fs0, s5
core   0: 1 0x0000000080004430 (0xd03af453) f8  0xffffffff3f800000
core   0: 0x0000000080004434 (0x00002481) c.addiw s1, 0
core   0: 1 0x0000000080004434 (0x2481) x9  0x00000000000001e9
core   0: 0x0000000080004436 (0x1229714f) fnmadd.d ft2, fs2, ft2, ft2
core   0: 1 0x0000000080004436 (0x1229714f) f2  0x7ff8000000000000
core   0: 0x000000008000443a (0x02f8ed33) rem     s10, a7, a5
core   0: 1 0x000000008000443a (0x02f8ed33) x26 0x0000000000000000
core   0: 0x000000008000443e (0xf80eb6b7) lui     a3, 0xf80eb
core   0: 1 0x000000008000443e (0xf80eb6b7) x13 0xfffffffff80eb000
core   0: 0x0000000080004442 (0xce76869b) addiw   a3, a3, -793
core   0: 1 0x0000000080004442 (0xce76869b) x13 0xfffffffff80eace7
core   0: 0x0000000080004446 (0x000006b2) c.slli  a3, 12
core   0: 1 0x0000000080004446 (0x06b2) x13 0xffffff80eace7000
core   0: 0x0000000080004448 (0x88868693) addi    a3, a3, -1912
core   0: 1 0x0000000080004448 (0x88868693) x13 0xffffff80eace6888
core   0: 0x000000008000444c (0x03a6fabb) remuw   s5, a3, s10
core   0: 1 0x000000008000444c (0x03a6fabb) x21 0xffffffffeace6888
core   0: 0x0000000080004450 (0x43035313) srai    t1, t1, 48
core   0: 1 0x0000000080004450 (0x43035313) x6  0x0000000000000000
core   0: 0x0000000080004454 (0x22791b53) fsgnjn.d fs6, fs2, ft7
core   0: 1 0x0000000080004454 (0x22791b53) f22 0x7fffffff00000000
core   0: 0x0000000080004458 (0xda097d4f) fnmadd.d fs10, fs2, ft0, fs11
core   0: 1 0x0000000080004458 (0xda097d4f) f26 0x7ff8000000000000
core   0: 0x000000008000445c (0x226d0353) fsgnj.d ft6, fs10, ft6
core   0: 1 0x000000008000445c (0x226d0353) f6  0x7ff8000000000000
core   0: 0x0000000080004460 (0x25f34693) xori    a3, t1, 607
core   0: 1 0x0000000080004460 (0x25f34693) x13 0x000000000000025f
core   0: 0x0000000080004464 (0x00d26233) or      tp, tp, a3
core   0: 1 0x0000000080004464 (0x00d26233) x4  0x00000000005e2adf
core   0: 0x0000000080004468 (0x132ef353) fmul.d  ft6, ft9, fs2
core   0: 1 0x0000000080004468 (0x132ef353) f6  0x7ff8000000000000
core   0: 0x000000008000446c (0x00468a3b) addw    s4, a3, tp
core   0: 1 0x000000008000446c (0x00468a3b) x20 0x00000000005e2d3e
core   0: 0x0000000080004470 (0x02ca1633) mulh    a2, s4, a2
core   0: 1 0x0000000080004470 (0x02ca1633) x12 0x0000000000000000
core   0: 0x0000000080004474 (0x0273e5bb) remw    a1, t2, t2
core   0: 1 0x0000000080004474 (0x0273e5bb) x11 0x0000000000000000
core   0: 0x0000000080004478 (0xd23775d3) fcvt.d.lu fa1, a4
core   0: 1 0x0000000080004478 (0xd23775d3) f11 0x43effffffff60f0e
core   0: 0x000000008000447c (0x41e5d89b) sraiw   a7, a1, 30
core   0: 1 0x000000008000447c (0x41e5d89b) x17 0x0000000000000000
core   0: 0x0000000080004480 (0x41975a1b) sraiw   s4, a4, 25
core   0: 1 0x0000000080004480 (0x41975a1b) x20 0xffffffffffffffd8
core   0: 0x0000000080004484 (0x23fe97d3) fsgnjn.d fa5, ft9, ft11
core   0: 1 0x0000000080004484 (0x23fe97d3) f15 0x7fffffff00000000
core   0: 0x0000000080004488 (0x0130501b) srliw   zero, zero, 19
core   0: 1 0x0000000080004488 (0x0130501b)
core   0: 0x000000008000448c (0x420906d3) fcvt.d.s fa3, fs2
core   0: 1 0x000000008000448c (0x420906d3) f13 0x0000000000000000
core   0: 0x0000000080004490 (0x4122d21b) sraiw   tp, t0, 18
core   0: 1 0x0000000080004490 (0x4122d21b) x4  0xffffffffffffffff
core   0: 0x0000000080004494 (0x0ff0000f) fence   iorw,iorw
core   0: 1 0x0000000080004494 (0x0ff0000f)
core   0: 0x0000000080004498 (0x1a7efbd3) fdiv.d  fs7, ft9, ft7
core   0: 1 0x0000000080004498 (0x1a7efbd3) f23 0x7ff8000000000000
core   0: 0x000000008000449c (0x03fe9a13) slli    s4, t4, 63
core   0: 1 0x000000008000449c (0x03fe9a13) x20 0x0000000000000000
core   0: 0x00000000800044a0 (0xad0a031b) addiw   t1, s4, -1328
core   0: 1 0x00000000800044a0 (0xad0a031b) x6  0xfffffffffffffad0
core   0: 0x00000000800044a4 (0x0270703b) remuw   zero, zero, t2
core   0: 1 0x00000000800044a4 (0x0270703b)
core   0: 0x00000000800044a8 (0x401e7e53) fcvt.s.d ft8, ft8
core   0: 1 0x00000000800044a8 (0x401e7e53) f28 0xffffffffce9f0f20
core   0: 0x00000000800044ac (0x01a7123b) sllw    tp, a4, s10
core   0: 1 0x00000000800044ac (0x01a7123b) x4  0xffffffffb0787000
core   0: 0x00000000800044b0 (0x01b5f5b3) and     a1, a1, s11
core   0: 1 0x00000000800044b0 (0x01b5f5b3) x11 0x0000000000000000
core   0: 0x00000000800044b4 (0x800d031b) addiw   t1, s10, -2048
core   0: 1 0x00000000800044b4 (0x800d031b) x6  0xfffffffffffff800
core   0: 0x00000000800044b8 (0x41a7571b) sraiw   a4, a4, 26
core   0: 1 0x00000000800044b8 (0x41a7571b) x14 0xffffffffffffffec
core   0: 0x00000000800044bc (0xc2117ed3) fcvt.wu.d t4, ft2
core   0: 1 0x00000000800044bc (0xc2117ed3) c1_fflags 0x0000000000000011 x29 0xffffffffffffffff
core   0: 0x00000000800044c0 (0x2ae41853) fmax.d  fa6, fs0, fa4
core   0: 1 0x00000000800044c0 (0x2ae41853) f16 0x7ff8000000000000
core   0: 0x00000000800044c4 (0x001efb33) and     s6, t4, ra
core   0: 1 0x00000000800044c4 (0x001efb33) x22 0x00000000005e2800
core   0: 0x00000000800044c8 (0xc2177c53) fcvt.wu.d s8, fa4
core   0: 1 0x00000000800044c8 (0xc2177c53) c1_fflags 0x0000000000000011 x24 0xffffffffffffffff
core   0: 0x00000000800044cc (0x5a057953) fsqrt.d fs2, fa0
core   0: 1 0x00000000800044cc (0x5a057953) f18 0x7ff8000000000000
core   0: 0x00000000800044d0 (0xc20974d3) fcvt.w.d s1, fs2
core   0: 1 0x00000000800044d0 (0xc20974d3) c1_fflags 0x0000000000000011 x9  0x000000007fffffff
core   0: 0x00000000800044d4 (0xd234fdd3) fcvt.d.lu fs11, s1
core   0: 1 0x00000000800044d4 (0xd234fdd3) f27 0x41dfffffffc00000
core   0: 0x00000000800044d8 (0x00856eb3) or      t4, a0, s0
core   0: 1 0x00000000800044d8 (0x00856eb3) x29 0x00000000005e2894
core   0: 0x00000000800044dc (0xd3c5f343) fmadd.d ft6, fa1, ft8, fs10
core   0: 1 0x00000000800044dc (0xd3c5f343) f6  0x7ff8000000000000
core   0: 0x00000000800044e0 (0xb302f9c7) fmsub.d fs3, ft5, fa6, fs6
core   0: 1 0x00000000800044e0 (0xb302f9c7) f19 0x7ff8000000000000
core   0: 0x00000000800044e4 (0x00bd9ebb) sllw    t4, s11, a1
core   0: 1 0x00000000800044e4 (0x00bd9ebb) x29 0x0000000000000000
core   0: 0x00000000800044e8 (0xe6d1e013) ori     zero, gp, -403
core   0: 1 0x00000000800044e8 (0xe6d1e013)
core   0: 0x00000000800044ec (0xc05693f3) csrrw   t2, hpmcounter5, a3
core   0: exception trap_illegal_instruction, epc 0x00000000800044ec
core   0:           tval 0x00000000c05693f3
core   0: >>>>  $xrv64i2p1_m2p0_a2p1_f2p2_d2p2_zicsr2p0_zifencei2p0_zmmul1p0_zba1p0_zbb1p0_zbc1p0_zbs1p0
core   0: 0x0000000080004000 (0x0080006f) j       pc + 0x8
core   0: 3 0x0000000080004000 (0x0080006f)
core   0: >>>>  mmode_exception_handler
core   0: 0x0000000080004008 (0x00002c17) auipc   s8, 0x2
core   0: 3 0x0000000080004008 (0x00002c17) x24 0x0000000080006008
core   0: 0x000000008000400c (0x058c0c13) addi    s8, s8, 88
core   0: 3 0x000000008000400c (0x058c0c13) x24 0x0000000080006060
core   0: 0x0000000080004010 (0x000c00e7) jalr    s8
core   0: 3 0x0000000080004010 (0x000c00e7) x1  0x0000000080004014
core   0: >>>>  any_handler
core   0: 0x0000000080006060 (0x341027f3) csrrs   a5, mepc, zero
core   0: 3 0x0000000080006060 (0x341027f3) x15 0x00000000800044ec
core   0: 0x0000000080006064 (0x34202773) csrrs   a4, mcause, zero
core   0: 3 0x0000000080006064 (0x34202773) x14 0x0000000000000002
core   0: 0x0000000080006068 (0x142026f3) csrrs   a3, scause, zero
core   0: 3 0x0000000080006068 (0x142026f3) x13 0x0000000000000000
core   0: 0x000000008000606c (0x30402673) csrrs   a2, mie, zero
core   0: 3 0x000000008000606c (0x30402673) x12 0x0000000000000a00
core   0: 0x0000000080006070 (0x344025f3) csrrs   a1, mip, zero
core   0: 3 0x0000000080006070 (0x344025f3) x11 0x0000000000000080
core   0: 0x0000000080006074 (0x343025f3) csrrs   a1, mtval, zero
core   0: 3 0x0000000080006074 (0x343025f3) x11 0x00000000c05693f3
core   0: 0x0000000080006078 (0x14302573) csrrs   a0, stval, zero
core   0: 3 0x0000000080006078 (0x14302573) x10 0x0000000000000000
core   0: 0x000000008000607c (0xb02024f3) csrrs   s1, minstret, zero
core   0: 3 0x000000008000607c (0xb02024f3) x9  0x0000000000000970
core   0: 0x0000000080006080 (0x0000a811) c.j     pc + 20
core   0: 3 0x0000000080006080 (0xa811)
core   0: >>>>  mepc_4
core   0: 0x0000000080006094 (0x00000791) c.addi  a5, 4
core   0: 3 0x0000000080006094 (0x0791) x15 0x00000000800044f0
core   0: 0x0000000080006096 (0x34179073) csrrw   zero, mepc, a5
core   0: 3 0x0000000080006096 (0x34179073) c833_mepc 0x00000000800044f0
core   0: 0x000000008000609a (0x30200073) mret
core   0: 3 0x000000008000609a (0x30200073) c768_mstatus 0x8000000a00106080
core   0: 0x00000000800044f0 (0xd0207153) fcvt.s.l ft2, zero
core   0: 1 0x00000000800044f0 (0xd0207153) f2  0xffffffff00000000
core   0: 0x00000000800044f4 (0x0222c2bb) divw    t0, t0, sp
core   0: 1 0x00000000800044f4 (0x0222c2bb) x5  0x0000000000000000
core   0: 0x00000000800044f8 (0x41428eb3) sub     t4, t0, s4
core   0: 1 0x00000000800044f8 (0x41428eb3) x29 0x0000000000000000
core   0: 0x00000000800044fc (0x01d99813) slli    a6, s3, 29
core   0: 1 0x00000000800044fc (0x01d99813) x16 0xffffffffe0000000
core   0: 0x0000000080004500 (0x028245bb) divw    a1, tp, s0
core   0: 1 0x0000000080004500 (0x028245bb) x11 0xffffffffffffffff
core   0: 0x0000000080004504 (0x001b9b73) csrrw   s6, fflags, s7
core   0: 1 0x0000000080004504 (0x001b9b73) x22 0x0000000000000011 c1_fflags 0x0000000000000001
core   0: 0x0000000080004508 (0x2a1b9ad3) fmax.d  fs5, fs7, ft1
core   0: 1 0x0000000080004508 (0x2a1b9ad3) f21 0x7ff8000000000000
core   0: 0x000000008000450c (0x002393b3) sll     t2, t2, sp
core   0: 1 0x000000008000450c (0x002393b3) x7  0xe289400000000000
core   0: 0x0000000080004510 (0xc218f5d3) fcvt.wu.d a1, fa7
core   0: 1 0x0000000080004510 (0xc218f5d3) c1_fflags 0x0000000000000011 x11 0xffffffffffffffff
core   0: 0x0000000080004514 (0x00110b1b) addiw   s6, sp, 1
core   0: 1 0x0000000080004514 (0x00110b1b) x22 0xffffffffffa1d76d
core   0: 0x0000000080004518 (0x00000001) c.nop
core   0: 1 0x0000000080004518 (0x0001)
core   0: 0x000000008000451a (0x00202df3) csrrs   s11, frm, zero
core   0: 1 0x000000008000451a (0x00202df3) x27 0x0000000000000000
core   0: 0x000000008000451e (0xf2010c53) fmv.d.x fs8, sp
core   0: 1 0x000000008000451e (0xf2010c53) f24 0xffffffffffa1d76c
core   0: 0x0000000080004522 (0x237c18d3) fsgnjn.d fa7, fs8, fs7
core   0: 1 0x0000000080004522 (0x237c18d3) f17 0xffffffffffa1d76c
core   0: 0x0000000080004526 (0xfffdfd93) andi    s11, s11, -1
core   0: 1 0x0000000080004526 (0xfffdfd93) x27 0x0000000000000000
core   0: 0x000000008000452a (0x000a501b) srliw   zero, s4, 0
core   0: 1 0x000000008000452a (0x000a501b)
core   0: 0x000000008000452e (0xc23a7c53) fcvt.lu.d s8, fs4
core   0: 1 0x000000008000452e (0xc23a7c53) c1_fflags 0x0000000000000011 x24 0xffffffffffffffff
core   0: 0x0000000080004532 (0x0ff0000f) fence   iorw,iorw
core   0: 1 0x0000000080004532 (0x0ff0000f)
core   0: 0x0000000080004536 (0x00559533) sll     a0, a1, t0
core   0: 1 0x0000000080004536 (0x00559533) x10 0xffffffffffffffff
core   0: 0x000000008000453a (0x03754b3b) divw    s6, a0, s7
core   0: 1 0x000000008000453a (0x03754b3b) x22 0xffffffffffffffff
core   0: 0x000000008000453e (0x007b5e13) srli    t3, s6, 7
core   0: 1 0x000000008000453e (0x007b5e13) x28 0x01ffffffffffffff
core   0: 0x0000000080004542 (0x035f7047) fmsub.d ft0, ft10, fs5, ft0
core   0: 1 0x0000000080004542 (0x035f7047) f0  0x7ff8000000000000
core   0: 0x0000000080004546 (0x2a199653) fmax.d  fa2, fs3, ft1
core   0: 1 0x0000000080004546 (0x2a199653) f12 0x7ff8000000000000
core   0: 0x000000008000454a (0x019e75b3) and     a1, t3, s9
core   0: 1 0x000000008000454a (0x019e75b3) x11 0x0000000000000000
core   0: 0x000000008000454e (0xfe573497) auipc   s1, 0xfe573
core   0: 1 0x000000008000454e (0xfe573497) x9  0x000000007e57754e
core   0: 0x0000000080004552 (0x016613bb) sllw    t2, a2, s6
core   0: 1 0x0000000080004552 (0x016613bb) x7  0x0000000000000000
core   0: 0x0000000080004556 (0xd22677d3) fcvt.d.l fa5, a2
core   0: 1 0x0000000080004556 (0xd22677d3) f15 0x40a4000000000000
core   0: 0x000000008000455a (0x23297b4f) fnmadd.d fs6, fs2, fs2, ft4
core   0: 1 0x000000008000455a (0x23297b4f) f22 0x7ff8000000000000
core   0: 0x000000008000455e (0x4149043b) subw    s0, s2, s4
core   0: 1 0x000000008000455e (0x4149043b) x8  0xfffffffffffff702
core   0: 0x0000000080004562 (0x23458553) fsgnj.d fa0, fa1, fs4
core   0: 1 0x0000000080004562 (0x23458553) f10 0x43effffffff60f0e
core   0: 0x0000000080004566 (0x40b28eb3) sub     t4, t0, a1
core   0: 1 0x0000000080004566 (0x40b28eb3) x29 0x0000000000000000
core   0: 0x000000008000456a (0x40f4debb) sraw    t4, s1, a5
core   0: 1 0x000000008000456a (0x40f4debb) x29 0x0000000000007e57
core   0: 0x000000008000456e (0x5bba8a9b) addiw   s5, s5, 1467
core   0: 1 0x000000008000456e (0x5bba8a9b) x21 0xffffffffeace6e43
core   0: 0x0000000080004572 (0x00000001) c.nop
core   0: 1 0x0000000080004572 (0x0001)
core   0: 0x0000000080004574 (0x00f7db3b) srlw    s6, a5, a5
core   0: 1 0x0000000080004574 (0x00f7db3b) x22 0x0000000000008000
core   0: 0x0000000080004578 (0xc221fdd3) fcvt.l.d s11, ft3
core   0: 1 0x0000000080004578 (0xc221fdd3) c1_fflags 0x0000000000000011 x27 0x7fffffffffffffff
core   0: 0x000000008000457c (0x23a61653) fsgnjn.d fa2, fa2, fs10
core   0: 1 0x000000008000457c (0x23a61653) f12 0xfff8000000000000
core   0: 0x0000000080004580 (0x12c57853) fmul.d  fa6, fa0, fa2
core   0: 1 0x0000000080004580 (0x12c57853) f16 0x7ff8000000000000
core   0: 0x0000000080004584 (0xda4571b7) lui     gp, 0xda457
core   0: 1 0x0000000080004584 (0xda4571b7) x3  0xffffffffda457000
core   0: 0x0000000080004588 (0x0229a9b3) mulhsu  s3, s3, sp
core   0: 1 0x0000000080004588 (0x0229a9b3) x19 0xffffffffffffffff
core   0: 0x000000008000458c (0x0025f533) and     a0, a1, sp
core   0: 1 0x000000008000458c (0x0025f533) x10 0x0000000000000000
core   0: 0x0000000080004590 (0x03718bbb) mulw    s7, gp, s7
core   0: 1 0x0000000080004590 (0x03718bbb) x23 0xffffffffda457000
core   0: 0x0000000080004594 (0x4161d833) sra     a6, gp, s6
core   0: 1 0x0000000080004594 (0x4161d833) x16 0xffffffffda457000
core   0: 0x0000000080004598 (0x414b5e93) srai    t4, s6, 20
core   0: 1 0x0000000080004598 (0x414b5e93) x29 0x0000000000000000
core   0: 0x000000008000459c (0x5a06f6d3) fsqrt.d fa3, fa3
core   0: 1 0x000000008000459c (0x5a06f6d3) f13 0x0000000000000000
core   0: 0x00000000800045a0 (0xc04ffaf3) csrrci  s5, hpmcounter4, 31
core   0: exception trap_illegal_instruction, epc 0x00000000800045a0
core   0:           tval 0x00000000c04ffaf3
core   0: >>>>  $xrv64i2p1_m2p0_a2p1_f2p2_d2p2_zicsr2p0_zifencei2p0_zmmul1p0_zba1p0_zbb1p0_zbc1p0_zbs1p0
core   0: 0x0000000080004000 (0x0080006f) j       pc + 0x8
core   0: 3 0x0000000080004000 (0x0080006f)
core   0: >>>>  mmode_exception_handler
core   0: 0x0000000080004008 (0x00002c17) auipc   s8, 0x2
core   0: 3 0x0000000080004008 (0x00002c17) x24 0x0000000080006008
core   0: 0x000000008000400c (0x058c0c13) addi    s8, s8, 88
core   0: 3 0x000000008000400c (0x058c0c13) x24 0x0000000080006060
core   0: 0x0000000080004010 (0x000c00e7) jalr    s8
core   0: 3 0x0000000080004010 (0x000c00e7) x1  0x0000000080004014
core   0: >>>>  any_handler
core   0: 0x0000000080006060 (0x341027f3) csrrs   a5, mepc, zero
core   0: 3 0x0000000080006060 (0x341027f3) x15 0x00000000800045a0
core   0: 0x0000000080006064 (0x34202773) csrrs   a4, mcause, zero
core   0: 3 0x0000000080006064 (0x34202773) x14 0x0000000000000002
core   0: 0x0000000080006068 (0x142026f3) csrrs   a3, scause, zero
core   0: 3 0x0000000080006068 (0x142026f3) x13 0x0000000000000000
core   0: 0x000000008000606c (0x30402673) csrrs   a2, mie, zero
core   0: 3 0x000000008000606c (0x30402673) x12 0x0000000000000a00
core   0: 0x0000000080006070 (0x344025f3) csrrs   a1, mip, zero
core   0: 3 0x0000000080006070 (0x344025f3) x11 0x0000000000000080
core   0: 0x0000000080006074 (0x343025f3) csrrs   a1, mtval, zero
core   0: 3 0x0000000080006074 (0x343025f3) x11 0x00000000c04ffaf3
core   0: 0x0000000080006078 (0x14302573) csrrs   a0, stval, zero
core   0: 3 0x0000000080006078 (0x14302573) x10 0x0000000000000000
core   0: 0x000000008000607c (0xb02024f3) csrrs   s1, minstret, zero
core   0: 3 0x000000008000607c (0xb02024f3) x9  0x00000000000009ad
core   0: 0x0000000080006080 (0x0000a811) c.j     pc + 20
core   0: 3 0x0000000080006080 (0xa811)
core   0: >>>>  mepc_4
core   0: 0x0000000080006094 (0x00000791) c.addi  a5, 4
core   0: 3 0x0000000080006094 (0x0791) x15 0x00000000800045a4
core   0: 0x0000000080006096 (0x34179073) csrrw   zero, mepc, a5
core   0: 3 0x0000000080006096 (0x34179073) c833_mepc 0x00000000800045a4
core   0: 0x000000008000609a (0x30200073) mret
core   0: 3 0x000000008000609a (0x30200073) c768_mstatus 0x8000000a00106080
core   0: 0x00000000800045a4 (0x40d5d2b3) sra     t0, a1, a3
core   0: 1 0x00000000800045a4 (0x40d5d2b3) x5  0x00000000c04ffaf3
core   0: 0x00000000800045a8 (0x8e376d93) ori     s11, a4, -1821
core   0: 1 0x00000000800045a8 (0x8e376d93) x27 0xfffffffffffff8e3
core   0: 0x00000000800045ac (0x2a4999d3) fmax.d  fs3, fs3, ft4
core   0: 1 0x00000000800045ac (0x2a4999d3) f19 0x7ff8000000000000
core   0: 0x00000000800045b0 (0x2269fcc3) fmadd.d fs9, fs3, ft6, ft4
core   0: 1 0x00000000800045b0 (0x2269fcc3) f25 0x7ff8000000000000
core   0: 0x00000000800045b4 (0x2a6707d3) fmin.d  fa5, fa4, ft6
core   0: 1 0x00000000800045b4 (0x2a6707d3) f15 0x7ff8000000000000
core   0: 0x00000000800045b8 (0x00009b6e) c.add   s6, s11
core   0: 1 0x00000000800045b8 (0x9b6e) x22 0x00000000000078e3
core   0: 0x00000000800045ba (0x000d9893) slli    a7, s11, 0
core   0: 1 0x00000000800045ba (0x000d9893) x17 0xfffffffffffff8e3
core   0: 0x00000000800045be (0xc0377553) fcvt.lu.s a0, fa4
core   0: 1 0x00000000800045be (0xc0377553) c1_fflags 0x0000000000000011 x10 0xffffffffffffffff
core   0: 0x00000000800045c2 (0x0b23f053) fsub.d  ft0, ft7, fs2
core   0: 1 0x00000000800045c2 (0x0b23f053) f0  0x7ff8000000000000
core   0: 0x00000000800045c6 (0x4169d633) sra     a2, s3, s6
core   0: 1 0x00000000800045c6 (0x4169d633) x12 0xffffffffffffffff
core   0: 0x00000000800045ca (0x4198d33b) sraw    t1, a7, s9
core   0: 1 0x00000000800045ca (0x4198d33b) x6  0xfffffffffffff8e3
core   0: 0x00000000800045ce (0x0239e6bb) remw    a3, s3, gp
core   0: 1 0x00000000800045ce (0x0239e6bb) x13 0xffffffffffffffff
core   0: 0x00000000800045d2 (0x1a84f453) fdiv.d  fs0, fs1, fs0
core   0: 1 0x00000000800045d2 (0x1a84f453) f8  0x7ff8000000000000
core   0: 0x00000000800045d6 (0xc22e7ad3) fcvt.l.d s5, ft8
core   0: 1 0x00000000800045d6 (0xc22e7ad3) c1_fflags 0x0000000000000011 x21 0x7fffffffffffffff
core   0: 0x00000000800045da (0x4b7bfb4b) fnmsub.d fs6, fs7, fs7, fs1
core   0: 1 0x00000000800045da (0x4b7bfb4b) f22 0x7ff8000000000000
core   0: 0x00000000800045de (0xc21574d3) fcvt.wu.d s1, fa0
core   0: 1 0x00000000800045de (0xc21574d3) c1_fflags 0x0000000000000011 x9  0xffffffffffffffff
core   0: 0x00000000800045e2 (0xa3688753) fle.d   a4, fa7, fs6
core   0: 1 0x00000000800045e2 (0xa3688753) c1_fflags 0x0000000000000011 x14 0x0000000000000000
core   0: 0x00000000800045e6 (0x018ee633) or      a2, t4, s8
core   0: 1 0x00000000800045e6 (0x018ee633) x12 0x0000000080006060
core   0: 0x00000000800045ea (0x01d662b3) or      t0, a2, t4
core   0: 1 0x00000000800045ea (0x01d662b3) x5  0x0000000080006060
core   0: 0x00000000800045ee (0x00b2523b) srlw    tp, tp, a1
core   0: 1 0x00000000800045ee (0x00b2523b) x4  0x000000000000160f
core   0: 0x00000000800045f2 (0x0355eeb3) rem     t4, a1, s5
core   0: 1 0x00000000800045f2 (0x0355eeb3) x29 0x00000000c04ffaf3
core   0: 0x00000000800045f6 (0x02a47253) fadd.d  ft4, fs0, fa0
core   0: 1 0x00000000800045f6 (0x02a47253) f4  0x7ff8000000000000
core   0: 0x00000000800045fa (0x00a4ebb3) or      s7, s1, a0
core   0: 1 0x00000000800045fa (0x00a4ebb3) x23 0xffffffffffffffff
core   0: 0x00000000800045fe (0x03db9cb3) mulh    s9, s7, t4
core   0: 1 0x00000000800045fe (0x03db9cb3) x25 0xffffffffffffffff
core   0: 0x0000000080004602 (0x02aac7bb) divw    a5, s5, a0
core   0: 1 0x0000000080004602 (0x02aac7bb) x15 0x0000000000000001
core   0: 0x0000000080004606 (0x2283724b) fnmsub.d ft4, ft6, fs0, ft4
core   0: 1 0x0000000080004606 (0x2283724b) f4  0x7ff8000000000000
core   0: 0x000000008000460a (0xd2188fd3) fcvt.d.wu ft11, a7
core   0: 1 0x000000008000460a (0xd2188fd3) f31 0x41efffff1c600000
core   0: 0x000000008000460e (0x8a4ac597) auipc   a1, 0x8a4ac
core   0: 1 0x000000008000460e (0x8a4ac597) x11 0x000000000a4b060e
core   0: 0x0000000080004612 (0x01789233) sll     tp, a7, s7
core   0: 1 0x0000000080004612 (0x01789233) x4  0x8000000000000000
core   0: 0x0000000080004616 (0x01f2de9b) srliw   t4, t0, 31
core   0: 1 0x0000000080004616 (0x01f2de9b) x29 0x0000000000000001
core   0: 0x000000008000461a (0x001e831b) addiw   t1, t4, 1
core   0: 1 0x000000008000461a (0x001e831b) x6  0x0000000000000002
core   0: 0x000000008000461e (0x0001599b) srliw   s3, sp, 0
core   0: 1 0x000000008000461e (0x0001599b) x19 0xffffffffffa1d76c
core   0: 0x0000000080004622 (0xa3921ad3) flt.d   s5, ft4, fs9
core   0: 1 0x0000000080004622 (0xa3921ad3) c1_fflags 0x0000000000000011 x21 0x0000000000000000
core   0: 0x0000000080004626 (0xd239fe53) fcvt.d.lu ft8, s3
core   0: 1 0x0000000080004626 (0xd239fe53) c1_fflags 0x0000000000000011 f28 0x43effffffffff43b
core   0: 0x000000008000462a (0x03f9d713) srli    a4, s3, 63
core   0: 1 0x000000008000462a (0x03f9d713) x14 0x0000000000000001
core   0: 0x000000008000462e (0x015a85b3) add     a1, s5, s5
core   0: 1 0x000000008000462e (0x015a85b3) x11 0x0000000000000000
core   0: 0x0000000080004632 (0x00841a33) sll     s4, s0, s0
core   0: 1 0x0000000080004632 (0x00841a33) x20 0xffffffffffffdc08
core   0: 0x0000000080004636 (0x237686d3) fsgnj.d fa3, fa3, fs7
core   0: 1 0x0000000080004636 (0x237686d3) f13 0x0000000000000000
core   0: 0x000000008000463a (0x00151d93) slli    s11, a0, 1
core   0: 1 0x000000008000463a (0x00151d93) x27 0xfffffffffffffffe
core   0: 0x000000008000463e (0xff68d5b7) lui     a1, 0xff68d
core   0: 1 0x000000008000463e (0xff68d5b7) x11 0xffffffffff68d000
core   0: 0x0000000080004642 (0xddb5859b) addiw   a1, a1, -549
core   0: 1 0x0000000080004642 (0xddb5859b) x11 0xffffffffff68cddb
core   0: 0x0000000080004646 (0x000005ba) c.slli  a1, 14
core   0: 1 0x0000000080004646 (0x05ba) x11 0xffffffda3376c000
core   0: 0x0000000080004648 (0x11d58593) addi    a1, a1, 285
core   0: 1 0x0000000080004648 (0x11d58593) x11 0xffffffda3376c11d
core   0: 0x000000008000464c (0x1bc67653) fdiv.d  fa2, fa2, ft8
core   0: 1 0x000000008000464c (0x1bc67653) f12 0x7ff8000000000000
core   0: 0x0000000080004650 (0xd22dfb53) fcvt.d.l fs6, s11
core   0: 1 0x0000000080004650 (0xd22dfb53) f22 0xc000000000000000
core   0: 0x0000000080004654 (0x0af77853) fsub.d  fa6, fa4, fa5
core   0: 1 0x0000000080004654 (0x0af77853) f16 0x7ff8000000000000
core   0: 0x0000000080004658 (0x00d6d6b3) srl     a3, a3, a3
core   0: 1 0x0000000080004658 (0x00d6d6b3) x13 0x0000000000000001
core   0: 0x000000008000465c (0xe2080653) fmv.x.d a2, fa6
core   0: 1 0x000000008000465c (0xe2080653) x12 0x7ff8000000000000
core   0: 0x0000000080004660 (0x0246ecbb) remw    s9, a3, tp
core   0: 1 0x0000000080004660 (0x0246ecbb) x25 0x0000000000000001
core   0: 0x0000000080004664 (0xba347bc7) fmsub.d fs7, fs0, ft3, fs7
core   0: 1 0x0000000080004664 (0xba347bc7) f23 0x7ff8000000000000
core   0: 0x0000000080004668 (0xc0317e53) fcvt.lu.s t3, ft2
core   0: 1 0x0000000080004668 (0xc0317e53) x28 0x0000000000000000
core   0: 0x000000008000466c (0xe91b0e93) addi    t4, s6, -367
core   0: 1 0x000000008000466c (0xe91b0e93) x29 0x0000000000007774
core   0: 0x0000000080004670 (0xf20b0753) fmv.d.x fa4, s6
core   0: 1 0x0000000080004670 (0xf20b0753) f14 0x00000000000078e3
core   0: 0x0000000080004674 (0xc012d2f3) csrrwi  t0, time, 5
core   0: exception trap_illegal_instruction, epc 0x0000000080004674
core   0:           tval 0x00000000c012d2f3
core   0: >>>>  $xrv64i2p1_m2p0_a2p1_f2p2_d2p2_zicsr2p0_zifencei2p0_zmmul1p0_zba1p0_zbb1p0_zbc1p0_zbs1p0
core   0: 0x0000000080004000 (0x0080006f) j       pc + 0x8
core   0: 3 0x0000000080004000 (0x0080006f)
core   0: >>>>  mmode_exception_handler
core   0: 0x0000000080004008 (0x00002c17) auipc   s8, 0x2
core   0: 3 0x0000000080004008 (0x00002c17) x24 0x0000000080006008
core   0: 0x000000008000400c (0x058c0c13) addi    s8, s8, 88
core   0: 3 0x000000008000400c (0x058c0c13) x24 0x0000000080006060
core   0: 0x0000000080004010 (0x000c00e7) jalr    s8
core   0: 3 0x0000000080004010 (0x000c00e7) x1  0x0000000080004014
core   0: >>>>  any_handler
core   0: 0x0000000080006060 (0x341027f3) csrrs   a5, mepc, zero
core   0: 3 0x0000000080006060 (0x341027f3) x15 0x0000000080004674
core   0: 0x0000000080006064 (0x34202773) csrrs   a4, mcause, zero
core   0: 3 0x0000000080006064 (0x34202773) x14 0x0000000000000002
core   0: 0x0000000080006068 (0x142026f3) csrrs   a3, scause, zero
core   0: 3 0x0000000080006068 (0x142026f3) x13 0x0000000000000000
core   0: 0x000000008000606c (0x30402673) csrrs   a2, mie, zero
core   0: 3 0x000000008000606c (0x30402673) x12 0x0000000000000a00
core   0: 0x0000000080006070 (0x344025f3) csrrs   a1, mip, zero
core   0: 3 0x0000000080006070 (0x344025f3) x11 0x0000000000000080
core   0: 0x0000000080006074 (0x343025f3) csrrs   a1, mtval, zero
core   0: 3 0x0000000080006074 (0x343025f3) x11 0x00000000c012d2f3
core   0: 0x0000000080006078 (0x14302573) csrrs   a0, stval, zero
core   0: 3 0x0000000080006078 (0x14302573) x10 0x0000000000000000
core   0: 0x000000008000607c (0xb02024f3) csrrs   s1, minstret, zero
core   0: 3 0x000000008000607c (0xb02024f3) x9  0x00000000000009f2
core   0: 0x0000000080006080 (0x0000a811) c.j     pc + 20
core   0: 3 0x0000000080006080 (0xa811)
core   0: >>>>  mepc_4
core   0: 0x0000000080006094 (0x00000791) c.addi  a5, 4
core   0: 3 0x0000000080006094 (0x0791) x15 0x0000000080004678
core   0: 0x0000000080006096 (0x34179073) csrrw   zero, mepc, a5
core   0: 3 0x0000000080006096 (0x34179073) c833_mepc 0x0000000080004678
core   0: 0x000000008000609a (0x30200073) mret
core   0: 3 0x000000008000609a (0x30200073) c768_mstatus 0x8000000a00106080
core   0: 0x0000000080004678 (0x01c2923b) sllw    tp, t0, t3
core   0: 1 0x0000000080004678 (0x01c2923b) x4  0xffffffff80006060
core   0: 0x000000008000467c (0x4013fcd3) fcvt.s.d fs9, ft7
core   0: 1 0x000000008000467c (0x4013fcd3) f25 0xffffffff7fc00000
core   0: 0x0000000080004680 (0xf2020053) fmv.d.x ft0, tp
core   0: 1 0x0000000080004680 (0xf2020053) f0  0xffffffff80006060
core   0: 0x0000000080004684 (0x484ef693) andi    a3, t4, 1156
core   0: 1 0x0000000080004684 (0x484ef693) x13 0x0000000000000404
core   0: 0x0000000080004688 (0x40d15e1b) sraiw   t3, sp, 13
core   0: 1 0x0000000080004688 (0x40d15e1b) x28 0xfffffffffffffd0e
core   0: 0x000000008000468c (0x0299e4b3) rem     s1, s3, s1
core   0: 1 0x000000008000468c (0x0299e4b3) x9  0xfffffffffffff8ea
core   0: 0x0000000080004690 (0x415ed1b3) sra     gp, t4, s5
core   0: 1 0x0000000080004690 (0x415ed1b3) x3  0x0000000000007774
core   0: 0x0000000080004694 (0x003059bb) srlw    s3, zero, gp
core   0: 1 0x0000000080004694 (0x003059bb) x19 0x0000000000000000
core   0: 0x0000000080004698 (0x4857889b) addiw   a7, a5, 1157
core   0: 1 0x0000000080004698 (0x4857889b) x17 0xffffffff80004afd
core   0: 0x000000008000469c (0xc23cfbd3) fcvt.lu.d s7, fs9
core   0: 1 0x000000008000469c (0xc23cfbd3) c1_fflags 0x0000000000000011 x23 0xffffffffffffffff
core   0: 0x00000000800046a0 (0x8203f747) fmsub.d fa4, ft7, ft0, fa6
core   0: 1 0x00000000800046a0 (0x8203f747) f14 0x7ff8000000000000
core   0: 0x00000000800046a4 (0x00044193) xori    gp, s0, 0
core   0: 1 0x00000000800046a4 (0x00044193) x3  0xfffffffffffff702
core   0: 0x00000000800046a8 (0x001b9473) csrrw   s0, fflags, s7
core   0: 1 0x00000000800046a8 (0x001b9473) x8  0x0000000000000011 c1_fflags 0x000000000000001f
core   0: 0x00000000800046ac (0x411e591b) sraiw   s2, t3, 17
core   0: 1 0x00000000800046ac (0x411e591b) x18 0xffffffffffffffff
core   0: 0x00000000800046b0 (0x4007da93) srai    s5, a5, 0
core   0: 1 0x00000000800046b0 (0x4007da93) x21 0x0000000080004678
core   0: 0x00000000800046b4 (0xa3ff8e53) fle.d   t3, ft11, ft11
core   0: 1 0x00000000800046b4 (0xa3ff8e53) x28 0x0000000000000001
core   0: 0x00000000800046b8 (0x01b5963b) sllw    a2, a1, s11
core   0: 1 0x00000000800046b8 (0x01b5963b) x12 0xffffffffc0000000
core   0: 0x00000000800046bc (0x40528933) sub     s2, t0, t0
core   0: 1 0x00000000800046bc (0x40528933) x18 0x0000000000000000
core   0: 0x00000000800046c0 (0x417d84bb) subw    s1, s11, s7
core   0: 1 0x00000000800046c0 (0x417d84bb) x9  0xffffffffffffffff
core   0: 0x00000000800046c4 (0x41d48733) sub     a4, s1, t4
core   0: 1 0x00000000800046c4 (0x41d48733) x14 0xffffffffffff888b
core   0: 0x00000000800046c8 (0x01d7529b) srliw   t0, a4, 29
core   0: 1 0x00000000800046c8 (0x01d7529b) x5  0x0000000000000007
core   0: 0x00000000800046cc (0xa22709d3) fle.d   s3, fa4, ft2
core   0: 1 0x00000000800046cc (0xa22709d3) c1_fflags 0x000000000000001f x19 0x0000000000000000
core   0: 0x00000000800046d0 (0x03e65493) srli    s1, a2, 62
core   0: 1 0x00000000800046d0 (0x03e65493) x9  0x0000000000000003
core   0: 0x00000000800046d4 (0x00033333) sltu    t1, t1, zero
core   0: 1 0x00000000800046d4 (0x00033333) x6  0x0000000000000000
core   0: 0x00000000800046d8 (0x035da8b3) mulhsu  a7, s11, s5
core   0: 1 0x00000000800046d8 (0x035da8b3) x17 0xffffffffffffffff
core   0: 0x00000000800046dc (0x5a057b53) fsqrt.d fs6, fa0
core   0: 1 0x00000000800046dc (0x5a057b53) c1_fflags 0x000000000000001f f22 0x41effffffffb0787
core   0: 0x00000000800046e0 (0x23ff81d3) fsgnj.d ft3, ft11, ft11
core   0: 1 0x00000000800046e0 (0x23ff81d3) f3  0x41efffff1c600000
core   0: 0x00000000800046e4 (0x41160233) sub     tp, a2, a7
core   0: 1 0x00000000800046e4 (0x41160233) x4  0xffffffffc0000001
core   0: 0x00000000800046e8 (0x2a3f9453) fmax.d  fs0, ft11, ft3
core   0: 1 0x00000000800046e8 (0x2a3f9453) f8  0x41efffff1c600000
core   0: 0x00000000800046ec (0x0115969b) slliw   a3, a1, 17
core   0: 1 0x00000000800046ec (0x0115969b) x13 0xffffffffa5e60000
core   0: 0x00000000800046f0 (0x01a281b3) add     gp, t0, s10
core   0: 1 0x00000000800046f0 (0x01a281b3) x3  0x0000000000000007
core   0: 0x00000000800046f4 (0x8006fb93) andi    s7, a3, -2048
core   0: 1 0x00000000800046f4 (0x8006fb93) x23 0xffffffffa5e60000
core   0: 0x00000000800046f8 (0x7ffd0d1b) addiw   s10, s10, 2047
core   0: 1 0x00000000800046f8 (0x7ffd0d1b) x26 0x00000000000007ff
core   0: 0x00000000800046fc (0x00000001) c.nop
core   0: 1 0x00000000800046fc (0x0001)
core   0: 0x00000000800046fe (0x000b8e1b) sext.w  t3, s7
core   0: 1 0x00000000800046fe (0x000b8e1b) x28 0xffffffffa5e60000
core   0: 0x0000000080004702 (0x03447353) fadd.d  ft6, fs0, fs4
core   0: 1 0x0000000080004702 (0x03447353) f6  0x7ff8000000000000
core   0: 0x0000000080004706 (0xc03af0d3) fcvt.lu.s ra, fs5
core   0: 1 0x0000000080004706 (0xc03af0d3) c1_fflags 0x000000000000001f x1  0xffffffffffffffff
core   0: 0x000000008000470a (0x40155a33) sra     s4, a0, ra
core   0: 1 0x000000008000470a (0x40155a33) x20 0x0000000000000000
core   0: 0x000000008000470e (0x0370fd33) remu    s10, ra, s7
core   0: 1 0x000000008000470e (0x0370fd33) x26 0x000000005a19ffff
core   0: 0x0000000080004712 (0x00000001) c.nop
core   0: 1 0x0000000080004712 (0x0001)
core   0: 0x0000000080004714 (0xe20a0453) fmv.x.d s0, fs4
core   0: 1 0x0000000080004714 (0xe20a0453) x8  0x7ff8000000000000
core   0: 0x0000000080004718 (0xd1d28837) lui     a6, 0xd1d28
core   0: 1 0x0000000080004718 (0xd1d28837) x16 0xffffffffd1d28000
core   0: 0x000000008000471c (0x41838433) sub     s0, t2, s8
core   0: 1 0x000000008000471c (0x41838433) x8  0xffffffff7fff9fa0
core   0: 0x0000000080004720 (0x1063e073) csrrsi  zero, scounteren, 7
core   0: 1 0x0000000080004720 (0x1063e073) c262_scounteren 0x0000000000000000
core   0: 0x0000000080004724 (0xb2f6c193) xori    gp, a3, -1233
core   0: 1 0x0000000080004724 (0xb2f6c193) x3  0x000000005a19fb2f
core   0: 0x0000000080004728 (0x122ffd43) fmadd.d fs10, ft11, ft2, ft2
core   0: 1 0x0000000080004728 (0x122ffd43) f26 0x7ff8000000000000
core   0: 0x000000008000472c (0xc801fdf3) csrrci  s11, cycleh, 3
core   0: exception trap_illegal_instruction, epc 0x000000008000472c
core   0:           tval 0x00000000c801fdf3
core   0: >>>>  $xrv64i2p1_m2p0_a2p1_f2p2_d2p2_zicsr2p0_zifencei2p0_zmmul1p0_zba1p0_zbb1p0_zbc1p0_zbs1p0
core   0: 0x0000000080004000 (0x0080006f) j       pc + 0x8
core   0: 3 0x0000000080004000 (0x0080006f)
core   0: >>>>  mmode_exception_handler
core   0: 0x0000000080004008 (0x00002c17) auipc   s8, 0x2
core   0: 3 0x0000000080004008 (0x00002c17) x24 0x0000000080006008
core   0: 0x000000008000400c (0x058c0c13) addi    s8, s8, 88
core   0: 3 0x000000008000400c (0x058c0c13) x24 0x0000000080006060
core   0: 0x0000000080004010 (0x000c00e7) jalr    s8
core   0: 3 0x0000000080004010 (0x000c00e7) x1  0x0000000080004014
core   0: >>>>  any_handler
core   0: 0x0000000080006060 (0x341027f3) csrrs   a5, mepc, zero
core   0: 3 0x0000000080006060 (0x341027f3) x15 0x000000008000472c
core   0: 0x0000000080006064 (0x34202773) csrrs   a4, mcause, zero
core   0: 3 0x0000000080006064 (0x34202773) x14 0x0000000000000002
core   0: 0x0000000080006068 (0x142026f3) csrrs   a3, scause, zero
core   0: 3 0x0000000080006068 (0x142026f3) x13 0x0000000000000000
core   0: 0x000000008000606c (0x30402673) csrrs   a2, mie, zero
core   0: 3 0x000000008000606c (0x30402673) x12 0x0000000000000a00
core   0: 0x0000000080006070 (0x344025f3) csrrs   a1, mip, zero
core   0: 3 0x0000000080006070 (0x344025f3) x11 0x0000000000000080
core   0: 0x0000000080006074 (0x343025f3) csrrs   a1, mtval, zero
core   0: 3 0x0000000080006074 (0x343025f3) x11 0x00000000c801fdf3
core   0: 0x0000000080006078 (0x14302573) csrrs   a0, stval, zero
core   0: 3 0x0000000080006078 (0x14302573) x10 0x0000000000000000
core   0: 0x000000008000607c (0xb02024f3) csrrs   s1, minstret, zero
core   0: 3 0x000000008000607c (0xb02024f3) x9  0x0000000000000a30
core   0: 0x0000000080006080 (0x0000a811) c.j     pc + 20
core   0: 3 0x0000000080006080 (0xa811)
core   0: >>>>  mepc_4
core   0: 0x0000000080006094 (0x00000791) c.addi  a5, 4
core   0: 3 0x0000000080006094 (0x0791) x15 0x0000000080004730
core   0: 0x0000000080006096 (0x34179073) csrrw   zero, mepc, a5
core   0: 3 0x0000000080006096 (0x34179073) c833_mepc 0x0000000080004730
core   0: 0x000000008000609a (0x30200073) mret
core   0: 3 0x000000008000609a (0x30200073) c768_mstatus 0x8000000a00106080
core   0: 0x0000000080004730 (0x4012fa53) fcvt.s.d fs4, ft5
core   0: 1 0x0000000080004730 (0x4012fa53) f20 0xffffffff00000000
core   0: 0x0000000080004734 (0x033d4a33) div     s4, s10, s3
core   0: 1 0x0000000080004734 (0x033d4a33) x20 0xffffffffffffffff
core   0: 0x0000000080004738 (0x014d80b3) add     ra, s11, s4
core   0: 1 0x0000000080004738 (0x014d80b3) x1  0xfffffffffffffffd
core   0: 0x000000008000473c (0x01addebb) srlw    t4, s11, s10
core   0: 1 0x000000008000473c (0x01addebb) x29 0x0000000000000001
core   0: 0x0000000080004740 (0x00102373) csrrs   t1, fflags, zero
core   0: 1 0x0000000080004740 (0x00102373) x6  0x000000000000001f
core   0: 0x0000000080004744 (0x00001c1b) slliw   s8, zero, 0
core   0: 1 0x0000000080004744 (0x00001c1b) x24 0x0000000000000000
core   0: 0x0000000080004748 (0x418ad93b) sraw    s2, s5, s8
core   0: 1 0x0000000080004748 (0x418ad93b) x18 0xffffffff80004678
core   0: 0x000000008000474c (0x12537ed3) fmul.d  ft9, ft6, ft5
core   0: 1 0x000000008000474c (0x12537ed3) f29 0x7ff8000000000000
core   0: 0x0000000080004750 (0xd03df853) fcvt.s.lu fa6, s11
core   0: 1 0x0000000080004750 (0xd03df853) c1_fflags 0x000000000000001f f16 0xffffffff5f800000
core   0: 0x0000000080004754 (0x03087247) fmsub.d ft4, fa6, fa6, ft0
core   0: 1 0x0000000080004754 (0x03087247) f4  0x7ff8000000000000
core   0: 0x0000000080004758 (0xd20b08d3) fcvt.d.w fa7, s6
core   0: 1 0x0000000080004758 (0xd20b08d3) f17 0x40de38c000000000
core   0: 0x000000008000475c (0x038a2cb3) mulhsu  s9, s4, s8
core   0: 1 0x000000008000475c (0x038a2cb3) x25 0x0000000000000000
core   0: 0x0000000080004760 (0xd2110553) fcvt.d.wu fa0, sp
core   0: 1 0x0000000080004760 (0xd2110553) f10 0x41eff43aed800000
core   0: 0x0000000080004764 (0x408a58bb) sraw    a7, s4, s0
core   0: 1 0x0000000080004764 (0x408a58bb) x17 0xffffffffffffffff
core   0: 0x0000000080004768 (0x4fcce993) ori     s3, s9, 1276
core   0: 1 0x0000000080004768 (0x4fcce993) x19 0x00000000000004fc
core   0: 0x000000008000476c (0xda0d7d4b) fnmsub.d fs10, fs10, ft0, fs11
core   0: 1 0x000000008000476c (0xda0d7d4b) f26 0x7ff8000000000000
core   0: 0x0000000080004770 (0x02e46d3b) remw    s10, s0, a4
core   0: 1 0x0000000080004770 (0x02e46d3b) x26 0x0000000000000000
core   0: 0x0000000080004774 (0x00000001) c.nop
core   0: 1 0x0000000080004774 (0x0001)
core   0: 0x0000000080004776 (0xf128b473) csrrc   s0, marchid, a7
core   0: exception trap_illegal_instruction, epc 0x0000000080004776
core   0:           tval 0x00000000f128b473
core   0: >>>>  $xrv64i2p1_m2p0_a2p1_f2p2_d2p2_zicsr2p0_zifencei2p0_zmmul1p0_zba1p0_zbb1p0_zbc1p0_zbs1p0
core   0: 0x0000000080004000 (0x0080006f) j       pc + 0x8
core   0: 3 0x0000000080004000 (0x0080006f)
core   0: >>>>  mmode_exception_handler
core   0: 0x0000000080004008 (0x00002c17) auipc   s8, 0x2
core   0: 3 0x0000000080004008 (0x00002c17) x24 0x0000000080006008
core   0: 0x000000008000400c (0x058c0c13) addi    s8, s8, 88
core   0: 3 0x000000008000400c (0x058c0c13) x24 0x0000000080006060
core   0: 0x0000000080004010 (0x000c00e7) jalr    s8
core   0: 3 0x0000000080004010 (0x000c00e7) x1  0x0000000080004014
core   0: >>>>  any_handler
core   0: 0x0000000080006060 (0x341027f3) csrrs   a5, mepc, zero
core   0: 3 0x0000000080006060 (0x341027f3) x15 0x0000000080004776
core   0: 0x0000000080006064 (0x34202773) csrrs   a4, mcause, zero
core   0: 3 0x0000000080006064 (0x34202773) x14 0x0000000000000002
core   0: 0x0000000080006068 (0x142026f3) csrrs   a3, scause, zero
core   0: 3 0x0000000080006068 (0x142026f3) x13 0x0000000000000000
core   0: 0x000000008000606c (0x30402673) csrrs   a2, mie, zero
core   0: 3 0x000000008000606c (0x30402673) x12 0x0000000000000a00
core   0: 0x0000000080006070 (0x344025f3) csrrs   a1, mip, zero
core   0: 3 0x0000000080006070 (0x344025f3) x11 0x0000000000000080
core   0: 0x0000000080006074 (0x343025f3) csrrs   a1, mtval, zero
core   0: 3 0x0000000080006074 (0x343025f3) x11 0x00000000f128b473
core   0: 0x0000000080006078 (0x14302573) csrrs   a0, stval, zero
core   0: 3 0x0000000080006078 (0x14302573) x10 0x0000000000000000
core   0: 0x000000008000607c (0xb02024f3) csrrs   s1, minstret, zero
core   0: 3 0x000000008000607c (0xb02024f3) x9  0x0000000000000a52
core   0: 0x0000000080006080 (0x0000a811) c.j     pc + 20
core   0: 3 0x0000000080006080 (0xa811)
core   0: >>>>  mepc_4
core   0: 0x0000000080006094 (0x00000791) c.addi  a5, 4
core   0: 3 0x0000000080006094 (0x0791) x15 0x000000008000477a
core   0: 0x0000000080006096 (0x34179073) csrrw   zero, mepc, a5
core   0: 3 0x0000000080006096 (0x34179073) c833_mepc 0x000000008000477a
core   0: 0x000000008000609a (0x30200073) mret
core   0: 3 0x000000008000609a (0x30200073) c768_mstatus 0x8000000a00106080
core   0: 0x000000008000477a (0xd0247cd3) fcvt.s.l fs9, s0
core   0: 1 0x000000008000477a (0xd0247cd3) c1_fflags 0x000000000000001f f25 0xffffffffcf000060
core   0: 0x000000008000477e (0x5c1d6113) ori     sp, s10, 1473
core   0: 1 0x000000008000477e (0x5c1d6113) x2  0x00000000000005c1
core   0: 0x0000000080004782 (0xc218f453) fcvt.wu.d s0, fa7
core   0: 1 0x0000000080004782 (0xc218f453) x8  0x00000000000078e3
core   0: 0x0000000080004786 (0x00299173) csrrw   sp, frm, s3
core   0: 1 0x0000000080004786 (0x00299173) x2  0x0000000000000000 c2_frm 0x0000000000000004
core   0: 0x000000008000478a (0x00fcf633) and     a2, s9, a5
core   0: 1 0x000000008000478a (0x00fcf633) x12 0x0000000000000000
core   0: 0x000000008000478e (0x5a00fad3) fsqrt.d fs5, ft1
core   0: 1 0x000000008000478e (0x5a00fad3) f21 0x7ff8000000000000
core   0: 0x0000000080004792 (0x02c146bb) divw    a3, sp, a2
core   0: 1 0x0000000080004792 (0x02c146bb) x13 0xffffffffffffffff
core   0: 0x0000000080004796 (0x000c9593) slli    a1, s9, 0
core   0: 1 0x0000000080004796 (0x000c9593) x11 0x0000000000000000
core   0: 0x000000008000479a (0x41a5db9b) sraiw   s7, a1, 26
core   0: 1 0x000000008000479a (0x41a5db9b) x23 0x0000000000000000
core   0: 0x000000008000479e (0x20047793) andi    a5, s0, 512
core   0: 1 0x000000008000479e (0x20047793) x15 0x0000000000000000
core   0: 0x00000000800047a2 (0x144d5df3) csrrwi  s11, sip, 26
core   0: 1 0x00000000800047a2 (0x144d5df3) x27 0x0000000000000000 c836_mip 0x0000000000000080
core   0: 0x00000000800047a6 (0x303da573) csrrs   a0, mideleg, s11
core   0: exception trap_illegal_instruction, epc 0x00000000800047a6
core   0:           tval 0x00000000303da573
core   0: >>>>  $xrv64i2p1_m2p0_a2p1_f2p2_d2p2_zicsr2p0_zifencei2p0_zmmul1p0_zba1p0_zbb1p0_zbc1p0_zbs1p0
core   0: 0x0000000080004000 (0x0080006f) j       pc + 0x8
core   0: 3 0x0000000080004000 (0x0080006f)
core   0: >>>>  mmode_exception_handler
core   0: 0x0000000080004008 (0x00002c17) auipc   s8, 0x2
core   0: 3 0x0000000080004008 (0x00002c17) x24 0x0000000080006008
core   0: 0x000000008000400c (0x058c0c13) addi    s8, s8, 88
core   0: 3 0x000000008000400c (0x058c0c13) x24 0x0000000080006060
core   0: 0x0000000080004010 (0x000c00e7) jalr    s8
core   0: 3 0x0000000080004010 (0x000c00e7) x1  0x0000000080004014
core   0: >>>>  any_handler
core   0: 0x0000000080006060 (0x341027f3) csrrs   a5, mepc, zero
core   0: 3 0x0000000080006060 (0x341027f3) x15 0x00000000800047a6
core   0: 0x0000000080006064 (0x34202773) csrrs   a4, mcause, zero
core   0: 3 0x0000000080006064 (0x34202773) x14 0x0000000000000002
core   0: 0x0000000080006068 (0x142026f3) csrrs   a3, scause, zero
core   0: 3 0x0000000080006068 (0x142026f3) x13 0x0000000000000000
core   0: 0x000000008000606c (0x30402673) csrrs   a2, mie, zero
core   0: 3 0x000000008000606c (0x30402673) x12 0x0000000000000a00
core   0: 0x0000000080006070 (0x344025f3) csrrs   a1, mip, zero
core   0: 3 0x0000000080006070 (0x344025f3) x11 0x0000000000000080
core   0: 0x0000000080006074 (0x343025f3) csrrs   a1, mtval, zero
core   0: 3 0x0000000080006074 (0x343025f3) x11 0x00000000303da573
core   0: 0x0000000080006078 (0x14302573) csrrs   a0, stval, zero
core   0: 3 0x0000000080006078 (0x14302573) x10 0x0000000000000000
core   0: 0x000000008000607c (0xb02024f3) csrrs   s1, minstret, zero
core   0: 3 0x000000008000607c (0xb02024f3) x9  0x0000000000000a6d
core   0: 0x0000000080006080 (0x0000a811) c.j     pc + 20
core   0: 3 0x0000000080006080 (0xa811)
core   0: >>>>  mepc_4
core   0: 0x0000000080006094 (0x00000791) c.addi  a5, 4
core   0: 3 0x0000000080006094 (0x0791) x15 0x00000000800047aa
core   0: 0x0000000080006096 (0x34179073) csrrw   zero, mepc, a5
core   0: 3 0x0000000080006096 (0x34179073) c833_mepc 0x00000000800047aa
core   0: 0x000000008000609a (0x30200073) mret
core   0: 3 0x000000008000609a (0x30200073) c768_mstatus 0x8000000a00106080
core   0: 0x00000000800047aa (0x02de4e33) div     t3, t3, a3
core   0: 1 0x00000000800047aa (0x02de4e33) x28 0xffffffffffffffff
core   0: 0x00000000800047ae (0x800d0c9b) addiw   s9, s10, -2048
core   0: 1 0x00000000800047ae (0x800d0c9b) x25 0xfffffffffffff800
core   0: 0x00000000800047b2 (0x41b05db3) sra     s11, zero, s11
core   0: 1 0x00000000800047b2 (0x41b05db3) x27 0x0000000000000000
core   0: 0x00000000800047b6 (0x03c07433) remu    s0, zero, t3
core   0: 1 0x00000000800047b6 (0x03c07433) x8  0x0000000000000000
core   0: 0x00000000800047ba (0xc2357553) fcvt.lu.d a0, fa0
core   0: 1 0x00000000800047ba (0xc2357553) x10 0x00000000ffa1d76c
core   0: 0x00000000800047be (0x43fb5913) srai    s2, s6, 63
core   0: 1 0x00000000800047be (0x43fb5913) x18 0x0000000000000000
core   0: 0x00000000800047c2 (0xd21504d3) fcvt.d.wu fs1, a0
core   0: 1 0x00000000800047c2 (0xd21504d3) f9  0x41eff43aed800000
core   0: 0x00000000800047c6 (0x008b8bbb) addw    s7, s7, s0
core   0: 1 0x00000000800047c6 (0x008b8bbb) x23 0x0000000000000000
core   0: 0x00000000800047ca (0x008e4bb7) lui     s7, 0x8e4
core   0: 1 0x00000000800047ca (0x008e4bb7) x23 0x00000000008e4000
core   0: 0x00000000800047ce (0x08bb8b9b) addiw   s7, s7, 139
core   0: 1 0x00000000800047ce (0x08bb8b9b) x23 0x00000000008e408b
core   0: 0x00000000800047d2 (0x00000bbe) c.slli  s7, 15
core   0: 1 0x00000000800047d2 (0x0bbe) x23 0x0000004720458000
core   0: 0x00000000800047d4 (0x641b8b93) addi    s7, s7, 1601
core   0: 1 0x00000000800047d4 (0x641b8b93) x23 0x0000004720458641
core   0: 0x00000000800047d8 (0x02f79813) slli    a6, a5, 47
core   0: 1 0x00000000800047d8 (0x02f79813) x16 0x23d5000000000000
core   0: 0x00000000800047dc (0x00000001) c.nop
core   0: 1 0x00000000800047dc (0x0001)
core   0: 0x00000000800047de (0x00fcc6b3) xor     a3, s9, a5
core   0: 1 0x00000000800047de (0x00fcc6b3) x13 0xffffffff7fffbfaa
core   0: 0x00000000800047e2 (0x401f71d3) fcvt.s.d ft3, ft10
core   0: 1 0x00000000800047e2 (0x401f71d3) f3  0xffffffff7fc00000
core   0: 0x00000000800047e6 (0x1a7d7553) fdiv.d  fa0, fs10, ft7
core   0: 1 0x00000000800047e6 (0x1a7d7553) f10 0x7ff8000000000000
core   0: 0x00000000800047ea (0x303699f3) csrrw   s3, mideleg, a3
core   0: exception trap_illegal_instruction, epc 0x00000000800047ea
core   0:           tval 0x00000000303699f3
core   0: >>>>  $xrv64i2p1_m2p0_a2p1_f2p2_d2p2_zicsr2p0_zifencei2p0_zmmul1p0_zba1p0_zbb1p0_zbc1p0_zbs1p0
core   0: 0x0000000080004000 (0x0080006f) j       pc + 0x8
core   0: 3 0x0000000080004000 (0x0080006f)
core   0: >>>>  mmode_exception_handler
core   0: 0x0000000080004008 (0x00002c17) auipc   s8, 0x2
core   0: 3 0x0000000080004008 (0x00002c17) x24 0x0000000080006008
core   0: 0x000000008000400c (0x058c0c13) addi    s8, s8, 88
core   0: 3 0x000000008000400c (0x058c0c13) x24 0x0000000080006060
core   0: 0x0000000080004010 (0x000c00e7) jalr    s8
core   0: 3 0x0000000080004010 (0x000c00e7) x1  0x0000000080004014
core   0: >>>>  any_handler
core   0: 0x0000000080006060 (0x341027f3) csrrs   a5, mepc, zero
core   0: 3 0x0000000080006060 (0x341027f3) x15 0x00000000800047ea
core   0: 0x0000000080006064 (0x34202773) csrrs   a4, mcause, zero
core   0: 3 0x0000000080006064 (0x34202773) x14 0x0000000000000002
core   0: 0x0000000080006068 (0x142026f3) csrrs   a3, scause, zero
core   0: 3 0x0000000080006068 (0x142026f3) x13 0x0000000000000000
core   0: 0x000000008000606c (0x30402673) csrrs   a2, mie, zero
core   0: 3 0x000000008000606c (0x30402673) x12 0x0000000000000a00
core   0: 0x0000000080006070 (0x344025f3) csrrs   a1, mip, zero
core   0: 3 0x0000000080006070 (0x344025f3) x11 0x0000000000000080
core   0: 0x0000000080006074 (0x343025f3) csrrs   a1, mtval, zero
core   0: 3 0x0000000080006074 (0x343025f3) x11 0x00000000303699f3
core   0: 0x0000000080006078 (0x14302573) csrrs   a0, stval, zero
core   0: 3 0x0000000080006078 (0x14302573) x10 0x0000000000000000
core   0: 0x000000008000607c (0xb02024f3) csrrs   s1, minstret, zero
core   0: 3 0x000000008000607c (0xb02024f3) x9  0x0000000000000a8e
core   0: 0x0000000080006080 (0x0000a811) c.j     pc + 20
core   0: 3 0x0000000080006080 (0xa811)
core   0: >>>>  mepc_4
core   0: 0x0000000080006094 (0x00000791) c.addi  a5, 4
core   0: 3 0x0000000080006094 (0x0791) x15 0x00000000800047ee
core   0: 0x0000000080006096 (0x34179073) csrrw   zero, mepc, a5
core   0: 3 0x0000000080006096 (0x34179073) c833_mepc 0x00000000800047ee
core   0: 0x000000008000609a (0x30200073) mret
core   0: 3 0x000000008000609a (0x30200073) c768_mstatus 0x8000000a00106080
core   0: 0x00000000800047ee (0xa4cf0717) auipc   a4, 0xa4cf0
core   0: 1 0x00000000800047ee (0xa4cf0717) x14 0x0000000024cf47ee
core   0: 0x00000000800047f2 (0x42088fd3) fcvt.d.s ft11, fa7
core   0: 1 0x00000000800047f2 (0x42088fd3) f31 0x7ff8000000000000
core   0: 0x00000000800047f6 (0xd20c0953) fcvt.d.w fs2, s8
core   0: 1 0x00000000800047f6 (0xd20c0953) f18 0xc1dfffe7e8000000
core   0: 0x00000000800047fa (0x032f70d3) fadd.d  ft1, ft10, fs2
core   0: 1 0x00000000800047fa (0x032f70d3) f1  0x7ff8000000000000
core   0: 0x00000000800047fe (0x30076593) ori     a1, a4, 768
core   0: 1 0x00000000800047fe (0x30076593) x11 0x0000000024cf47ee
core   0: 0x0000000080004802 (0x01275c1b) srliw   s8, a4, 18
core   0: 1 0x0000000080004802 (0x01275c1b) x24 0x0000000000000933
core   0: 0x0000000080004806 (0x410c01bb) subw    gp, s8, a6
core   0: 1 0x0000000080004806 (0x410c01bb) x3  0x0000000000000933
core   0: 0x000000008000480a (0xd21189d3) fcvt.d.wu fs3, gp
core   0: 1 0x000000008000480a (0xd21189d3) f19 0x40a2660000000000
core   0: 0x000000008000480e (0xd20282d3) fcvt.d.w ft5, t0
core   0: 1 0x000000008000480e (0xd20282d3) f5  0x401c000000000000
core   0: 0x0000000080004812 (0x40d00933) sub     s2, zero, a3
core   0: 1 0x0000000080004812 (0x40d00933) x18 0x0000000000000000
core   0: 0x0000000080004816 (0x01791b3b) sllw    s6, s2, s7
core   0: 1 0x0000000080004816 (0x01791b3b) x22 0x0000000000000000
core   0: 0x000000008000481a (0x344b1573) csrrw   a0, mip, s6
core   0: exception trap_illegal_instruction, epc 0x000000008000481a
core   0:           tval 0x00000000344b1573
core   0: >>>>  $xrv64i2p1_m2p0_a2p1_f2p2_d2p2_zicsr2p0_zifencei2p0_zmmul1p0_zba1p0_zbb1p0_zbc1p0_zbs1p0
core   0: 0x0000000080004000 (0x0080006f) j       pc + 0x8
core   0: 3 0x0000000080004000 (0x0080006f)
core   0: >>>>  mmode_exception_handler
core   0: 0x0000000080004008 (0x00002c17) auipc   s8, 0x2
core   0: 3 0x0000000080004008 (0x00002c17) x24 0x0000000080006008
core   0: 0x000000008000400c (0x058c0c13) addi    s8, s8, 88
core   0: 3 0x000000008000400c (0x058c0c13) x24 0x0000000080006060
core   0: 0x0000000080004010 (0x000c00e7) jalr    s8
core   0: 3 0x0000000080004010 (0x000c00e7) x1  0x0000000080004014
core   0: >>>>  any_handler
core   0: 0x0000000080006060 (0x341027f3) csrrs   a5, mepc, zero
core   0: 3 0x0000000080006060 (0x341027f3) x15 0x000000008000481a
core   0: 0x0000000080006064 (0x34202773) csrrs   a4, mcause, zero
core   0: 3 0x0000000080006064 (0x34202773) x14 0x0000000000000002
core   0: 0x0000000080006068 (0x142026f3) csrrs   a3, scause, zero
core   0: 3 0x0000000080006068 (0x142026f3) x13 0x0000000000000000
core   0: 0x000000008000606c (0x30402673) csrrs   a2, mie, zero
core   0: 3 0x000000008000606c (0x30402673) x12 0x0000000000000a00
core   0: 0x0000000080006070 (0x344025f3) csrrs   a1, mip, zero
core   0: 3 0x0000000080006070 (0x344025f3) x11 0x0000000000000080
core   0: 0x0000000080006074 (0x343025f3) csrrs   a1, mtval, zero
core   0: 3 0x0000000080006074 (0x343025f3) x11 0x00000000344b1573
core   0: 0x0000000080006078 (0x14302573) csrrs   a0, stval, zero
core   0: 3 0x0000000080006078 (0x14302573) x10 0x0000000000000000
core   0: 0x000000008000607c (0xb02024f3) csrrs   s1, minstret, zero
core   0: 3 0x000000008000607c (0xb02024f3) x9  0x0000000000000aa9
core   0: 0x0000000080006080 (0x0000a811) c.j     pc + 20
core   0: 3 0x0000000080006080 (0xa811)
core   0: >>>>  mepc_4
core   0: 0x0000000080006094 (0x00000791) c.addi  a5, 4
core   0: 3 0x0000000080006094 (0x0791) x15 0x000000008000481e
core   0: 0x0000000080006096 (0x34179073) csrrw   zero, mepc, a5
core   0: 3 0x0000000080006096 (0x34179073) c833_mepc 0x000000008000481e
core   0: 0x000000008000609a (0x30200073) mret
core   0: 3 0x000000008000609a (0x30200073) c768_mstatus 0x8000000a00106080
core   0: 0x000000008000481e (0x010c89b3) add     s3, s9, a6
core   0: 1 0x000000008000481e (0x010c89b3) x19 0x23d4fffffffff800
core   0: 0x0000000080004822 (0x0048e8b3) or      a7, a7, tp
core   0: 1 0x0000000080004822 (0x0048e8b3) x17 0xffffffffffffffff
core   0: 0x0000000080004826 (0x000c0b33) add     s6, s8, zero
core   0: 1 0x0000000080004826 (0x000c0b33) x22 0x0000000080006060
core   0: 0x000000008000482a (0x009b23b3) slt     t2, s6, s1
core   0: 1 0x000000008000482a (0x009b23b3) x7  0x0000000000000000
core   0: 0x000000008000482e (0x0000942e) c.add   s0, a1
core   0: 1 0x000000008000482e (0x942e) x8  0x00000000344b1573
core   0: 0x0000000080004830 (0x4094d63b) sraw    a2, s1, s1
core   0: 1 0x0000000080004830 (0x4094d63b) x12 0x0000000000000005
core   0: 0x0000000080004834 (0xfff7e513) ori     a0, a5, -1
core   0: 1 0x0000000080004834 (0xfff7e513) x10 0xffffffffffffffff
core   0: 0x0000000080004838 (0x136afe53) fmul.d  ft8, fs5, fs6
core   0: 1 0x0000000080004838 (0x136afe53) f28 0x7ff8000000000000
core   0: 0x000000008000483c (0x1293f4d3) fmul.d  fs1, ft7, fs1
core   0: 1 0x000000008000483c (0x1293f4d3) f9  0x7ff8000000000000
core   0: 0x0000000080004840 (0x4e04011b) addiw   sp, s0, 1248
core   0: 1 0x0000000080004840 (0x4e04011b) x2  0x00000000344b1a53
core   0: 0x0000000080004844 (0x022870b3) remu    ra, a6, sp
core   0: 1 0x0000000080004844 (0x022870b3) x1  0x00000000277a3d1e
core   0: 0x0000000080004848 (0x4b787b47) fmsub.d fs6, fa6, fs7, fs1
core   0: 1 0x0000000080004848 (0x4b787b47) f22 0x7ff8000000000000
core   0: 0x000000008000484c (0xd2110c53) fcvt.d.wu fs8, sp
core   0: 1 0x000000008000484c (0xd2110c53) f24 0x41ca258d29800000
core   0: 0x0000000080004850 (0x130b7dd3) fmul.d  fs11, fs6, fa6
core   0: 1 0x0000000080004850 (0x130b7dd3) f27 0x7ff8000000000000
core   0: 0x0000000080004854 (0xc02ffc53) fcvt.l.s s8, ft11
core   0: 1 0x0000000080004854 (0xc02ffc53) c1_fflags 0x000000000000001f x24 0x7fffffffffffffff
core   0: 0x0000000080004858 (0x238c71cf) fnmadd.d ft3, fs8, fs8, ft4
core   0: 1 0x0000000080004858 (0x238c71cf) f3  0x7ff8000000000000
core   0: 0x000000008000485c (0x0285eab3) rem     s5, a1, s0
core   0: 1 0x000000008000485c (0x0285eab3) x21 0x0000000000000000
core   0: 0x0000000080004860 (0x001411f3) csrrw   gp, fflags, s0
core   0: 1 0x0000000080004860 (0x001411f3) x3  0x000000000000001f c1_fflags 0x0000000000000013
core   0: 0x0000000080004864 (0xd5570613) addi    a2, a4, -683
core   0: 1 0x0000000080004864 (0xd5570613) x12 0xfffffffffffffd57
core   0: 0x0000000080004868 (0x0211e5b3) rem     a1, gp, ra
core   0: 1 0x0000000080004868 (0x0211e5b3) x11 0x000000000000001f
core   0: 0x000000008000486c (0x40645e3b) sraw    t3, s0, t1
core   0: 1 0x000000008000486c (0x40645e3b) x28 0x0000000000000000
core   0: 0x0000000080004870 (0x390e6597) auipc   a1, 0x390e6
core   0: 1 0x0000000080004870 (0x390e6597) x11 0x00000000b90ea870
core   0: 0x0000000080004874 (0x13677b53) fmul.d  fs6, fa4, fs6
core   0: 1 0x0000000080004874 (0x13677b53) f22 0x7ff8000000000000
core   0: 0x0000000080004878 (0x402b8d33) sub     s10, s7, sp
core   0: 1 0x0000000080004878 (0x402b8d33) x26 0x00000046ebfa6bee
core   0: 0x000000008000487c (0x02cc583b) divuw   a6, s8, a2
core   0: 1 0x000000008000487c (0x02cc583b) x16 0x0000000000000001
core   0: 0x0000000080004880 (0x03a75633) divu    a2, a4, s10
core   0: 1 0x0000000080004880 (0x03a75633) x12 0x0000000000000000
core   0: 0x0000000080004884 (0x00841cb3) sll     s9, s0, s0
core   0: 1 0x0000000080004884 (0x00841cb3) x25 0xab98000000000000
core   0: 0x0000000080004888 (0xc221fd53) fcvt.l.d s10, ft3
core   0: 1 0x0000000080004888 (0xc221fd53) c1_fflags 0x0000000000000013 x26 0x7fffffffffffffff
core   0: 0x000000008000488c (0x01780ebb) addw    t4, a6, s7
core   0: 1 0x000000008000488c (0x01780ebb) x29 0x0000000020458642
core   0: 0x0000000080004890 (0x1a37fad3) fdiv.d  fs5, fa5, ft3
core   0: 1 0x0000000080004890 (0x1a37fad3) f21 0x7ff8000000000000
core   0: 0x0000000080004894 (0x4016d71b) sraiw   a4, a3, 1
core   0: 1 0x0000000080004894 (0x4016d71b) x14 0x0000000000000000
core   0: 0x0000000080004898 (0xf3557947) fmsub.d fs2, fa0, fs5, ft10
core   0: 1 0x0000000080004898 (0xf3557947) f18 0x7ff8000000000000
core   0: 0x000000008000489c (0xf11c63f3) csrrsi  t2, mvendorid, 24
core   0: exception trap_illegal_instruction, epc 0x000000008000489c
core   0:           tval 0x00000000f11c63f3
core   0: >>>>  $xrv64i2p1_m2p0_a2p1_f2p2_d2p2_zicsr2p0_zifencei2p0_zmmul1p0_zba1p0_zbb1p0_zbc1p0_zbs1p0
core   0: 0x0000000080004000 (0x0080006f) j       pc + 0x8
core   0: 3 0x0000000080004000 (0x0080006f)
core   0: >>>>  mmode_exception_handler
core   0: 0x0000000080004008 (0x00002c17) auipc   s8, 0x2
core   0: 3 0x0000000080004008 (0x00002c17) x24 0x0000000080006008
core   0: 0x000000008000400c (0x058c0c13) addi    s8, s8, 88
core   0: 3 0x000000008000400c (0x058c0c13) x24 0x0000000080006060
core   0: 0x0000000080004010 (0x000c00e7) jalr    s8
core   0: 3 0x0000000080004010 (0x000c00e7) x1  0x0000000080004014
core   0: >>>>  any_handler
core   0: 0x0000000080006060 (0x341027f3) csrrs   a5, mepc, zero
core   0: 3 0x0000000080006060 (0x341027f3) x15 0x000000008000489c
core   0: 0x0000000080006064 (0x34202773) csrrs   a4, mcause, zero
core   0: 3 0x0000000080006064 (0x34202773) x14 0x0000000000000002
core   0: 0x0000000080006068 (0x142026f3) csrrs   a3, scause, zero
core   0: 3 0x0000000080006068 (0x142026f3) x13 0x0000000000000000
core   0: 0x000000008000606c (0x30402673) csrrs   a2, mie, zero
core   0: 3 0x000000008000606c (0x30402673) x12 0x0000000000000a00
core   0: 0x0000000080006070 (0x344025f3) csrrs   a1, mip, zero
core   0: 3 0x0000000080006070 (0x344025f3) x11 0x0000000000000080
core   0: 0x0000000080006074 (0x343025f3) csrrs   a1, mtval, zero
core   0: 3 0x0000000080006074 (0x343025f3) x11 0x00000000f11c63f3
core   0: 0x0000000080006078 (0x14302573) csrrs   a0, stval, zero
core   0: 3 0x0000000080006078 (0x14302573) x10 0x0000000000000000
core   0: 0x000000008000607c (0xb02024f3) csrrs   s1, minstret, zero
core   0: 3 0x000000008000607c (0xb02024f3) x9  0x0000000000000ad9
core   0: 0x0000000080006080 (0x0000a811) c.j     pc + 20
core   0: 3 0x0000000080006080 (0xa811)
core   0: >>>>  mepc_4
core   0: 0x0000000080006094 (0x00000791) c.addi  a5, 4
core   0: 3 0x0000000080006094 (0x0791) x15 0x00000000800048a0
core   0: 0x0000000080006096 (0x34179073) csrrw   zero, mepc, a5
core   0: 3 0x0000000080006096 (0x34179073) c833_mepc 0x00000000800048a0
core   0: 0x000000008000609a (0x30200073) mret
core   0: 3 0x000000008000609a (0x30200073) c768_mstatus 0x8000000a00106080
core   0: 0x00000000800048a0 (0x0ff0000f) fence   iorw,iorw
core   0: 1 0x00000000800048a0 (0x0ff0000f)
core   0: 0x00000000800048a4 (0x4195d83b) sraw    a6, a1, s9
core   0: 1 0x00000000800048a4 (0x4195d83b) x16 0xfffffffff11c63f3
core   0: 0x00000000800048a8 (0x439cda93) srai    s5, s9, 57
core   0: 1 0x00000000800048a8 (0x439cda93) x21 0xffffffffffffffd5
core   0: 0x00000000800048ac (0x030ad633) divu    a2, s5, a6
core   0: 1 0x00000000800048ac (0x030ad633) x12 0x0000000000000001
core   0: 0x00000000800048b0 (0xc2367953) fcvt.lu.d s2, fa2
core   0: 1 0x00000000800048b0 (0xc2367953) c1_fflags 0x0000000000000013 x18 0xffffffffffffffff
core   0: 0x00000000800048b4 (0xc21afad3) fcvt.wu.d s5, fs5
core   0: 1 0x00000000800048b4 (0xc21afad3) c1_fflags 0x0000000000000013 x21 0xffffffffffffffff
core   0: 0x00000000800048b8 (0x0152acb3) slt     s9, t0, s5
core   0: 1 0x00000000800048b8 (0x0152acb3) x25 0x0000000000000000
core   0: 0x00000000800048bc (0x135af0d3) fmul.d  ft1, fs5, fs5
core   0: 1 0x00000000800048bc (0x135af0d3) f1  0x7ff8000000000000
core   0: 0x00000000800048c0 (0x00698ab3) add     s5, s3, t1
core   0: 1 0x00000000800048c0 (0x00698ab3) x21 0x23d4fffffffff81f
core   0: 0x00000000800048c4 (0x01ad1333) sll     t1, s10, s10
core   0: 1 0x00000000800048c4 (0x01ad1333) x6  0x8000000000000000
core   0: 0x00000000800048c8 (0x02566b37) lui     s6, 0x2566
core   0: 1 0x00000000800048c8 (0x02566b37) x22 0x0000000002566000
core   0: 0x00000000800048cc (0x31bb0b1b) addiw   s6, s6, 795
core   0: 1 0x00000000800048cc (0x31bb0b1b) x22 0x000000000256631b
core   0: 0x00000000800048d0 (0x00000b32) c.slli  s6, 12
core   0: 1 0x00000000800048d0 (0x0b32) x22 0x000000256631b000
core   0: 0x00000000800048d2 (0xeb7b0b13) addi    s6, s6, -329
core   0: 1 0x00000000800048d2 (0xeb7b0b13) x22 0x000000256631aeb7
core   0: 0x00000000800048d6 (0xfe23f037) lui     zero, 0xfe23f
core   0: 1 0x00000000800048d6 (0xfe23f037)
core   0: 0x00000000800048da (0x6cd0001b) addiw   zero, zero, 1741
core   0: 1 0x00000000800048da (0x6cd0001b)
core   0: 0x00000000800048de (0x00d01013) slli    zero, zero, 13
core   0: 1 0x00000000800048de (0x00d01013)
core   0: 0x00000000800048e2 (0xd0100013) li      zero, -767
core   0: 1 0x00000000800048e2 (0xd0100013)
core   0: 0x00000000800048e6 (0x002313f3) csrrw   t2, frm, t1
core   0: 1 0x00000000800048e6 (0x002313f3) x7  0x0000000000000004 c2_frm 0x0000000000000000
core   0: 0x00000000800048ea (0x0216e0b3) rem     ra, a3, ra
core   0: 1 0x00000000800048ea (0x0216e0b3) x1  0x0000000000000000
core   0: 0x00000000800048ee (0xbdb67c93) andi    s9, a2, -1061
core   0: 1 0x00000000800048ee (0xbdb67c93) x25 0x0000000000000001
core   0: 0x00000000800048f2 (0x4133d093) srai    ra, t2, 19
core   0: 1 0x00000000800048f2 (0x4133d093) x1  0x0000000000000000
core   0: 0x00000000800048f6 (0x0296d293) srli    t0, a3, 41
core   0: 1 0x00000000800048f6 (0x0296d293) x5  0x0000000000000000
core   0: 0x00000000800048fa (0x00981633) sll     a2, a6, s1
core   0: 1 0x00000000800048fa (0x00981633) x12 0xffe238c7e6000000
core   0: 0x00000000800048fe (0x02dd7dd3) fadd.d  fs11, fs10, fa3
core   0: 1 0x00000000800048fe (0x02dd7dd3) f27 0x7ff8000000000000
core   0: 0x0000000080004902 (0x00051413) slli    s0, a0, 0
core   0: 1 0x0000000080004902 (0x00051413) x8  0x0000000000000000
core   0: 0x0000000080004906 (0xc02373d3) fcvt.l.s t2, ft6
core   0: 1 0x0000000080004906 (0xc02373d3) c1_fflags 0x0000000000000013 x7  0x7fffffffffffffff
core   0: 0x000000008000490a (0xd03379d3) fcvt.s.lu fs3, t1
core   0: 1 0x000000008000490a (0xd03379d3) f19 0xffffffff5f000000
core   0: 0x000000008000490e (0x416d50b3) sra     ra, s10, s6
core   0: 1 0x000000008000490e (0x416d50b3) x1  0x00000000000000ff
core   0: 0x0000000080004912 (0x02b49633) mulh    a2, s1, a1
core   0: 1 0x0000000080004912 (0x02b49633) x12 0x0000000000000000
core   0: 0x0000000080004916 (0x03ac7d3b) remuw   s10, s8, s10
core   0: 1 0x0000000080004916 (0x03ac7d3b) x26 0xffffffff80006060
core   0: 0x000000008000491a (0x025efbb3) remu    s7, t4, t0
core   0: 1 0x000000008000491a (0x025efbb3) x23 0x0000000020458642
core   0: 0x000000008000491e (0x227a17d3) fsgnjn.d fa5, fs4, ft7
core   0: 1 0x000000008000491e (0x227a17d3) f15 0x7fffffff00000000
core   0: 0x0000000080004922 (0x035b98b3) mulh    a7, s7, s5
core   0: 1 0x0000000080004922 (0x035b98b3) x17 0x0000000004845b33
core   0: 0x0000000080004926 (0x415a84b3) sub     s1, s5, s5
core   0: 1 0x0000000080004926 (0x415a84b3) x9  0x0000000000000000
core   0: 0x000000008000492a (0x009e9813) slli    a6, t4, 9
core   0: 1 0x000000008000492a (0x009e9813) x16 0x000000408b0c8400
core   0: 0x000000008000492e (0x22c62053) fsgnjx.d ft0, fa2, fa2
core   0: 1 0x000000008000492e (0x22c62053) f0  0x7ff8000000000000
core   0: 0x0000000080004932 (0x0005591b) srliw   s2, a0, 0
core   0: 1 0x0000000080004932 (0x0005591b) x18 0x0000000000000000
core   0: 0x0000000080004936 (0x5a03f753) fsqrt.d fa4, ft7
core   0: 1 0x0000000080004936 (0x5a03f753) f14 0x7ff8000000000000
core   0: 0x000000008000493a (0xb026a673) csrrs   a2, minstret, a3
core   0: exception trap_illegal_instruction, epc 0x000000008000493a
core   0:           tval 0x00000000b026a673
core   0: >>>>  $xrv64i2p1_m2p0_a2p1_f2p2_d2p2_zicsr2p0_zifencei2p0_zmmul1p0_zba1p0_zbb1p0_zbc1p0_zbs1p0
core   0: 0x0000000080004000 (0x0080006f) j       pc + 0x8
core   0: 3 0x0000000080004000 (0x0080006f)
core   0: >>>>  mmode_exception_handler
core   0: 0x0000000080004008 (0x00002c17) auipc   s8, 0x2
core   0: 3 0x0000000080004008 (0x00002c17) x24 0x0000000080006008
core   0: 0x000000008000400c (0x058c0c13) addi    s8, s8, 88
core   0: 3 0x000000008000400c (0x058c0c13) x24 0x0000000080006060
core   0: 0x0000000080004010 (0x000c00e7) jalr    s8
core   0: 3 0x0000000080004010 (0x000c00e7) x1  0x0000000080004014
core   0: >>>>  any_handler
core   0: 0x0000000080006060 (0x341027f3) csrrs   a5, mepc, zero
core   0: 3 0x0000000080006060 (0x341027f3) x15 0x000000008000493a
core   0: 0x0000000080006064 (0x34202773) csrrs   a4, mcause, zero
core   0: 3 0x0000000080006064 (0x34202773) x14 0x0000000000000002
core   0: 0x0000000080006068 (0x142026f3) csrrs   a3, scause, zero
core   0: 3 0x0000000080006068 (0x142026f3) x13 0x0000000000000000
core   0: 0x000000008000606c (0x30402673) csrrs   a2, mie, zero
core   0: 3 0x000000008000606c (0x30402673) x12 0x0000000000000a00
core   0: 0x0000000080006070 (0x344025f3) csrrs   a1, mip, zero
core   0: 3 0x0000000080006070 (0x344025f3) x11 0x0000000000000080
core   0: 0x0000000080006074 (0x343025f3) csrrs   a1, mtval, zero
core   0: 3 0x0000000080006074 (0x343025f3) x11 0x00000000b026a673
core   0: 0x0000000080006078 (0x14302573) csrrs   a0, stval, zero
core   0: 3 0x0000000080006078 (0x14302573) x10 0x0000000000000000
core   0: 0x000000008000607c (0xb02024f3) csrrs   s1, minstret, zero
core   0: 3 0x000000008000607c (0xb02024f3) x9  0x0000000000000b10
core   0: 0x0000000080006080 (0x0000a811) c.j     pc + 20
core   0: 3 0x0000000080006080 (0xa811)
core   0: >>>>  mepc_4
core   0: 0x0000000080006094 (0x00000791) c.addi  a5, 4
core   0: 3 0x0000000080006094 (0x0791) x15 0x000000008000493e
core   0: 0x0000000080006096 (0x34179073) csrrw   zero, mepc, a5
core   0: 3 0x0000000080006096 (0x34179073) c833_mepc 0x000000008000493e
core   0: 0x000000008000609a (0x30200073) mret
core   0: 3 0x000000008000609a (0x30200073) c768_mstatus 0x8000000a00106080
core   0: 0x000000008000493e (0x0b817153) fsub.d  ft2, ft2, fs8
core   0: 1 0x000000008000493e (0x0b817153) f2  0x7ff8000000000000
core   0: 0x0000000080004942 (0xf36077c7) fmsub.d fa5, ft0, fs6, ft10
core   0: 1 0x0000000080004942 (0xf36077c7) f15 0x7ff8000000000000
core   0: 0x0000000080004946 (0x41b6509b) sraiw   ra, a2, 27
core   0: 1 0x0000000080004946 (0x41b6509b) x1  0x0000000000000000
core   0: 0x000000008000494a (0x00202173) csrrs   sp, frm, zero
core   0: 1 0x000000008000494a (0x00202173) x2  0x0000000000000000
core   0: 0x000000008000494e (0x020073d3) fadd.d  ft7, ft0, ft0
core   0: 1 0x000000008000494e (0x020073d3) f7  0x7ff8000000000000
core   0: 0x0000000080004952 (0x00011413) slli    s0, sp, 0
core   0: 1 0x0000000080004952 (0x00011413) x8  0x0000000000000000
core   0: 0x0000000080004956 (0x0041d73b) srlw    a4, gp, tp
core   0: 1 0x0000000080004956 (0x0041d73b) x14 0x000000000000000f
core   0: 0x000000008000495a (0xf88b2a13) slti    s4, s6, -120
core   0: 1 0x000000008000495a (0xf88b2a13) x20 0x0000000000000000
core   0: 0x000000008000495e (0x23902f53) fsgnjx.d ft10, ft0, fs9
core   0: 1 0x000000008000495e (0x23902f53) f30 0xfff8000000000000
core   0: 0x0000000080004962 (0x03162633) mulhsu  a2, a2, a7
core   0: 1 0x0000000080004962 (0x03162633) x12 0x0000000000000000
core   0: 0x0000000080004966 (0x43fbd393) srai    t2, s7, 63
core   0: 1 0x0000000080004966 (0x43fbd393) x7  0x0000000000000000
core   0: 0x000000008000496a (0xd0257353) fcvt.s.l ft6, a0
core   0: 1 0x000000008000496a (0xd0257353) f6  0xffffffff00000000
core   0: 0x000000008000496e (0x40187353) fcvt.s.d ft6, fa6
core   0: 1 0x000000008000496e (0x40187353) f6  0xffffffff7fc00000
core   0: 0x0000000080004972 (0x1437f673) csrrci  a2, stval, 15
core   0: 1 0x0000000080004972 (0x1437f673) x12 0x0000000000000000 c323_stval 0x0000000000000000
core   0: 0x0000000080004976 (0x82e8f8cf) fnmadd.d fa7, fa7, fa4, fa6
core   0: 1 0x0000000080004976 (0x82e8f8cf) f17 0x7ff8000000000000
core   0: 0x000000008000497a (0xf20c8453) fmv.d.x fs0, s9
core   0: 1 0x000000008000497a (0xf20c8453) f8  0x0000000000000001
core   0: 0x000000008000497e (0x00d1e6b3) or      a3, gp, a3
core   0: 1 0x000000008000497e (0x00d1e6b3) x13 0x000000000000001f
core   0: 0x0000000080004982 (0x90a62197) auipc   gp, 0x90a62
core   0: 1 0x0000000080004982 (0x90a62197) x3  0x0000000010a66982
core   0: 0x0000000080004986 (0x01a29d33) sll     s10, t0, s10
core   0: 1 0x0000000080004986 (0x01a29d33) x26 0x0000000000000000
core   0: 0x000000008000498a (0x1aea7253) fdiv.d  ft4, fs4, fa4
core   0: 1 0x000000008000498a (0x1aea7253) f4  0x7ff8000000000000
core   0: 0x000000008000498e (0x00071993) slli    s3, a4, 0
core   0: 1 0x000000008000498e (0x00071993) x19 0x000000000000000f
core   0: 0x0000000080004992 (0xd223fe53) fcvt.d.l ft8, t2
core   0: 1 0x0000000080004992 (0xd223fe53) f28 0x0000000000000000
core   0: 0x0000000080004996 (0xb5a4c893) xori    a7, s1, -1190
core   0: 1 0x0000000080004996 (0xb5a4c893) x17 0xfffffffffffff04a
core   0: 0x000000008000499a (0x420c8fd3) fcvt.d.s ft11, fs9
core   0: 1 0x000000008000499a (0x420c8fd3) f31 0xc1e0000c00000000
core   0: 0x000000008000499e (0x23c7a2d3) fsgnjx.d ft5, fa5, ft8
core   0: 1 0x000000008000499e (0x23c7a2d3) f5  0x7ff8000000000000
core   0: 0x00000000800049a2 (0xfff08d9b) addiw   s11, ra, -1
core   0: 1 0x00000000800049a2 (0xfff08d9b) x27 0xffffffffffffffff
core   0: 0x00000000800049a6 (0x93bd011b) addiw   sp, s10, -1733
core   0: 1 0x00000000800049a6 (0x93bd011b) x2  0xfffffffffffff93b
core   0: 0x00000000800049aa (0x2a940453) fmin.d  fs0, fs0, fs1
core   0: 1 0x00000000800049aa (0x2a940453) f8  0x0000000000000001
core   0: 0x00000000800049ae (0x401d7d53) fcvt.s.d fs10, fs10
core   0: 1 0x00000000800049ae (0x401d7d53) f26 0xffffffff7fc00000
core   0: 0x00000000800049b2 (0x4d46c813) xori    a6, a3, 1236
core   0: 1 0x00000000800049b2 (0x4d46c813) x16 0x00000000000004cb
core   0: 0x00000000800049b6 (0x43fddb13) srai    s6, s11, 63
core   0: 1 0x00000000800049b6 (0x43fddb13) x22 0xffffffffffffffff
core   0: 0x00000000800049ba (0xa3aa05d3) fle.d   a1, fs4, fs10
core   0: 1 0x00000000800049ba (0xa3aa05d3) c1_fflags 0x0000000000000013 x11 0x0000000000000000
core   0: 0x00000000800049be (0x420e8053) fcvt.d.s ft0, ft9
core   0: 1 0x00000000800049be (0x420e8053) f0  0x7ff8000000000000
core   0: 0x00000000800049c2 (0xd20887d3) fcvt.d.w fa5, a7
core   0: 1 0x00000000800049c2 (0xd20887d3) f15 0xc0af6c0000000000
core   0: 0x00000000800049c6 (0x02bb6abb) remw    s5, s6, a1
core   0: 1 0x00000000800049c6 (0x02bb6abb) x21 0xffffffffffffffff
core   0: 0x00000000800049ca (0x02447ebb) remuw   t4, s0, tp
core   0: 1 0x00000000800049ca (0x02447ebb) x29 0x0000000000000000
core   0: 0x00000000800049ce (0x0153ecb3) or      s9, t2, s5
core   0: 1 0x00000000800049ce (0x0153ecb3) x25 0xffffffffffffffff
core   0: 0x00000000800049d2 (0x125a73c7) fmsub.d ft7, fs4, ft5, ft2
core   0: 1 0x00000000800049d2 (0x125a73c7) f7  0x7ff8000000000000
core   0: 0x00000000800049d6 (0xc227fe53) fcvt.l.d t3, fa5
core   0: 1 0x00000000800049d6 (0xc227fe53) x28 0xfffffffffffff04a
core   0: 0x00000000800049da (0x000e5113) srli    sp, t3, 0
core   0: 1 0x00000000800049da (0x000e5113) x2  0xfffffffffffff04a
core   0: 0x00000000800049de (0x008302bb) addw    t0, t1, s0
core   0: 1 0x00000000800049de (0x008302bb) x5  0x0000000000000000
core   0: 0x00000000800049e2 (0xfff46893) ori     a7, s0, -1
core   0: 1 0x00000000800049e2 (0xfff46893) x17 0xffffffffffffffff
core   0: 0x00000000800049e6 (0x01b1911b) slliw   sp, gp, 27
core   0: 1 0x00000000800049e6 (0x01b1911b) x2  0x0000000010000000
core   0: 0x00000000800049ea (0x1b007853) fdiv.d  fa6, ft0, fa6
core   0: 1 0x00000000800049ea (0x1b007853) f16 0x7ff8000000000000
core   0: 0x00000000800049ee (0x8a7fffc3) fmadd.d ft11, ft11, ft7, fa7
core   0: 1 0x00000000800049ee (0x8a7fffc3) f31 0x7ff8000000000000
core   0: 0x00000000800049f2 (0x03d39533) mulh    a0, t2, t4
core   0: 1 0x00000000800049f2 (0x03d39533) x10 0x0000000000000000
core   0: 0x00000000800049f6 (0x303cdaf3) csrrwi  s5, mideleg, 25
core   0: exception trap_illegal_instruction, epc 0x00000000800049f6
core   0:           tval 0x00000000303cdaf3
core   0: >>>>  $xrv64i2p1_m2p0_a2p1_f2p2_d2p2_zicsr2p0_zifencei2p0_zmmul1p0_zba1p0_zbb1p0_zbc1p0_zbs1p0
core   0: 0x0000000080004000 (0x0080006f) j       pc + 0x8
core   0: 3 0x0000000080004000 (0x0080006f)
core   0: >>>>  mmode_exception_handler
core   0: 0x0000000080004008 (0x00002c17) auipc   s8, 0x2
core   0: 3 0x0000000080004008 (0x00002c17) x24 0x0000000080006008
core   0: 0x000000008000400c (0x058c0c13) addi    s8, s8, 88
core   0: 3 0x000000008000400c (0x058c0c13) x24 0x0000000080006060
core   0: 0x0000000080004010 (0x000c00e7) jalr    s8
core   0: 3 0x0000000080004010 (0x000c00e7) x1  0x0000000080004014
core   0: >>>>  any_handler
core   0: 0x0000000080006060 (0x341027f3) csrrs   a5, mepc, zero
core   0: 3 0x0000000080006060 (0x341027f3) x15 0x00000000800049f6
core   0: 0x0000000080006064 (0x34202773) csrrs   a4, mcause, zero
core   0: 3 0x0000000080006064 (0x34202773) x14 0x0000000000000002
core   0: 0x0000000080006068 (0x142026f3) csrrs   a3, scause, zero
core   0: 3 0x0000000080006068 (0x142026f3) x13 0x0000000000000000
core   0: 0x000000008000606c (0x30402673) csrrs   a2, mie, zero
core   0: 3 0x000000008000606c (0x30402673) x12 0x0000000000000a00
core   0: 0x0000000080006070 (0x344025f3) csrrs   a1, mip, zero
core   0: 3 0x0000000080006070 (0x344025f3) x11 0x0000000000000080
core   0: 0x0000000080006074 (0x343025f3) csrrs   a1, mtval, zero
core   0: 3 0x0000000080006074 (0x343025f3) x11 0x00000000303cdaf3
core   0: 0x0000000080006078 (0x14302573) csrrs   a0, stval, zero
core   0: 3 0x0000000080006078 (0x14302573) x10 0x0000000000000000
core   0: 0x000000008000607c (0xb02024f3) csrrs   s1, minstret, zero
core   0: 3 0x000000008000607c (0xb02024f3) x9  0x0000000000000b4e
core   0: 0x0000000080006080 (0x0000a811) c.j     pc + 20
core   0: 3 0x0000000080006080 (0xa811)
core   0: >>>>  mepc_4
core   0: 0x0000000080006094 (0x00000791) c.addi  a5, 4
core   0: 3 0x0000000080006094 (0x0791) x15 0x00000000800049fa
core   0: 0x0000000080006096 (0x34179073) csrrw   zero, mepc, a5
core   0: 3 0x0000000080006096 (0x34179073) c833_mepc 0x00000000800049fa
core   0: 0x000000008000609a (0x30200073) mret
core   0: 3 0x000000008000609a (0x30200073) c768_mstatus 0x8000000a00106080
core   0: 0x00000000800049fa (0x0aa37353) fsub.d  ft6, ft6, fa0
core   0: 1 0x00000000800049fa (0x0aa37353) f6  0x7ff8000000000000
core   0: 0x00000000800049fe (0x001023f3) csrrs   t2, fflags, zero
core   0: 1 0x00000000800049fe (0x001023f3) x7  0x0000000000000013
core   0: 0x0000000080004a02 (0x005be2b3) or      t0, s7, t0
core   0: 1 0x0000000080004a02 (0x005be2b3) x5  0x0000000020458642
core   0: 0x0000000080004a06 (0x001bc9b3) xor     s3, s7, ra
core   0: 1 0x0000000080004a06 (0x001bc9b3) x19 0x00000000a045c656
core   0: 0x0000000080004a0a (0x019122b3) slt     t0, sp, s9
core   0: 1 0x0000000080004a0a (0x019122b3) x5  0x0000000000000000
core   0: 0x0000000080004a0e (0x7ffe8593) addi    a1, t4, 2047
core   0: 1 0x0000000080004a0e (0x7ffe8593) x11 0x00000000000007ff
core   0: 0x0000000080004a12 (0x01c0193b) sllw    s2, zero, t3
core   0: 1 0x0000000080004a12 (0x01c0193b) x18 0x0000000000000000
core   0: 0x0000000080004a16 (0x012e68b3) or      a7, t3, s2
core   0: 1 0x0000000080004a16 (0x012e68b3) x17 0xfffffffffffff04a
core   0: 0x0000000080004a1a (0x00281873) csrrw   a6, frm, a6
core   0: 1 0x0000000080004a1a (0x00281873) x16 0x0000000000000000 c2_frm 0x0000000000000003
core   0: 0x0000000080004a1e (0x2367aa53) fsgnjx.d fs4, fa5, fs6
core   0: 1 0x0000000080004a1e (0x2367aa53) f20 0xc0af6c0000000000
core   0: 0x0000000080004a22 (0x0007d5b3) srl     a1, a5, zero
core   0: 1 0x0000000080004a22 (0x0007d5b3) x11 0x00000000800049fa
core   0: 0x0000000080004a26 (0x00171ef3) csrrw   t4, fflags, a4
core   0: 1 0x0000000080004a26 (0x00171ef3) x29 0x0000000000000013 c1_fflags 0x0000000000000002
core   0: 0x0000000080004a2a (0x0129193b) sllw    s2, s2, s2
core   0: 1 0x0000000080004a2a (0x0129193b) x18 0x0000000000000000
core   0: 0x0000000080004a2e (0x7ff8899b) addiw   s3, a7, 2047
core   0: 1 0x0000000080004a2e (0x7ff8899b) x19 0xfffffffffffff849
core   0: 0x0000000080004a32 (0x017b24b3) slt     s1, s6, s7
core   0: 1 0x0000000080004a32 (0x017b24b3) x9  0x0000000000000001
core   0: 0x0000000080004a36 (0x334afc4f) fnmadd.d fs8, fs5, fs4, ft6
core   0: 1 0x0000000080004a36 (0x334afc4f) f24 0x7ff8000000000000
core   0: 0x0000000080004a3a (0x008b9433) sll     s0, s7, s0
core   0: 1 0x0000000080004a3a (0x008b9433) x8  0x0000000020458642
core   0: 0x0000000080004a3e (0x22612153) fsgnjx.d ft2, ft2, ft6
core   0: 1 0x0000000080004a3e (0x22612153) f2  0x7ff8000000000000
core   0: 0x0000000080004a42 (0xc21a7753) fcvt.wu.d a4, fs4
core   0: 1 0x0000000080004a42 (0xc21a7753) c1_fflags 0x0000000000000012 x14 0x0000000000000000
core   0: 0x0000000080004a46 (0x0384dc33) divu    s8, s1, s8
core   0: 1 0x0000000080004a46 (0x0384dc33) x24 0x0000000000000000
core   0: 0x0000000080004a4a (0x1ab8fd53) fdiv.d  fs10, fa7, fa1
core   0: 1 0x0000000080004a4a (0x1ab8fd53) f26 0x7ff8000000000000
core   0: 0x0000000080004a4e (0x0316cbbb) divw    s7, a3, a7
core   0: 1 0x0000000080004a4e (0x0316cbbb) x23 0x0000000000000000
core   0: 0x0000000080004a52 (0x002314f3) csrrw   s1, frm, t1
core   0: 1 0x0000000080004a52 (0x002314f3) x9  0x0000000000000003 c2_frm 0x0000000000000000
core   0: 0x0000000080004a56 (0x5a02f2d3) fsqrt.d ft5, ft5
core   0: 1 0x0000000080004a56 (0x5a02f2d3) f5  0x7ff8000000000000
core   0: 0x0000000080004a5a (0x82cdc817) auipc   a6, 0x82cdc
core   0: 1 0x0000000080004a5a (0x82cdc817) x16 0x0000000002ce0a5a
core   0: 0x0000000080004a5e (0x00179773) csrrw   a4, fflags, a5
core   0: 1 0x0000000080004a5e (0x00179773) x14 0x0000000000000012 c1_fflags 0x000000000000001a
core   0: 0x0000000080004a62 (0x000cd39b) srliw   t2, s9, 0
core   0: 1 0x0000000080004a62 (0x000cd39b) x7  0xffffffffffffffff
core   0: 0x0000000080004a66 (0x00ee5833) srl     a6, t3, a4
core   0: 1 0x0000000080004a66 (0x00ee5833) x16 0x00003fffffffffff
core   0: 0x0000000080004a6a (0xd030f153) fcvt.s.lu ft2, ra
core   0: 1 0x0000000080004a6a (0xd030f153) c1_fflags 0x000000000000001b f2  0xffffffff4f000040
core   0: 0x0000000080004a6e (0x0748b297) auipc   t0, 0x748b
core   0: 1 0x0000000080004a6e (0x0748b297) x5  0x000000008748fa6e
core   0: 0x0000000080004a72 (0x005cdcb3) srl     s9, s9, t0
core   0: 1 0x0000000080004a72 (0x005cdcb3) x25 0x000000000003ffff
core   0: 0x0000000080004a76 (0x1b627253) fdiv.d  ft4, ft4, fs6
core   0: 1 0x0000000080004a76 (0x1b627253) f4  0x7ff8000000000000
core   0: 0x0000000080004a7a (0xe2080e53) fmv.x.d t3, fa6
core   0: 1 0x0000000080004a7a (0xe2080e53) x28 0x7ff8000000000000
core   0: 0x0000000080004a7e (0x0247f8d3) fadd.d  fa7, fa5, ft4
core   0: 1 0x0000000080004a7e (0x0247f8d3) f17 0x7ff8000000000000
core   0: 0x0000000080004a82 (0x012aecb3) or      s9, s5, s2
core   0: 1 0x0000000080004a82 (0x012aecb3) x25 0xffffffffffffffff
core   0: 0x0000000080004a86 (0x0ff0000f) fence   iorw,iorw
core   0: 1 0x0000000080004a86 (0x0ff0000f)
core   0: 0x0000000080004a8a (0x235a9f53) fsgnjn.d ft10, fs5, fs5
core   0: 1 0x0000000080004a8a (0x235a9f53) f30 0xfff8000000000000
core   0: 0x0000000080004a8e (0x00e720b3) slt     ra, a4, a4
core   0: 1 0x0000000080004a8e (0x00e720b3) x1  0x0000000000000000
core   0: 0x0000000080004a92 (0xd02971d3) fcvt.s.l ft3, s2
core   0: 1 0x0000000080004a92 (0xd02971d3) f3  0xffffffff00000000
core   0: 0x0000000080004a96 (0xd20e8953) fcvt.d.w fs2, t4
core   0: 1 0x0000000080004a96 (0xd20e8953) f18 0x4033000000000000
core   0: 0x0000000080004a9a (0x410854b3) sra     s1, a6, a6
core   0: 1 0x0000000080004a9a (0x410854b3) x9  0x0000000000000000
core   0: 0x0000000080004a9e (0x00102df3) csrrs   s11, fflags, zero
core   0: 1 0x0000000080004a9e (0x00102df3) x27 0x000000000000001b
core   0: 0x0000000080004aa2 (0x420c8cd3) fcvt.d.s fs9, fs9
core   0: 1 0x0000000080004aa2 (0x420c8cd3) f25 0xc1e0000c00000000
core   0: 0x0000000080004aa6 (0x40117153) fcvt.s.d ft2, ft2
core   0: 1 0x0000000080004aa6 (0x40117153) f2  0xffffffff7fc00000
core   0: 0x0000000080004aaa (0x5a09f853) fsqrt.d fa6, fs3
core   0: 1 0x0000000080004aaa (0x5a09f853) f16 0x7ff8000000000000
core   0: 0x0000000080004aae (0x00e7563b) srlw    a2, a4, a4
core   0: 1 0x0000000080004aae (0x00e7563b) x12 0x0000000000000000
core   0: 0x0000000080004ab2 (0xf117a7f3) csrrs   a5, mvendorid, a5
core   0: exception trap_illegal_instruction, epc 0x0000000080004ab2
core   0:           tval 0x00000000f117a7f3
core   0: >>>>  $xrv64i2p1_m2p0_a2p1_f2p2_d2p2_zicsr2p0_zifencei2p0_zmmul1p0_zba1p0_zbb1p0_zbc1p0_zbs1p0
core   0: 0x0000000080004000 (0x0080006f) j       pc + 0x8
core   0: 3 0x0000000080004000 (0x0080006f)
core   0: >>>>  mmode_exception_handler
core   0: 0x0000000080004008 (0x00002c17) auipc   s8, 0x2
core   0: 3 0x0000000080004008 (0x00002c17) x24 0x0000000080006008
core   0: 0x000000008000400c (0x058c0c13) addi    s8, s8, 88
core   0: 3 0x000000008000400c (0x058c0c13) x24 0x0000000080006060
core   0: 0x0000000080004010 (0x000c00e7) jalr    s8
core   0: 3 0x0000000080004010 (0x000c00e7) x1  0x0000000080004014
core   0: >>>>  any_handler
core   0: 0x0000000080006060 (0x341027f3) csrrs   a5, mepc, zero
core   0: 3 0x0000000080006060 (0x341027f3) x15 0x0000000080004ab2
core   0: 0x0000000080006064 (0x34202773) csrrs   a4, mcause, zero
core   0: 3 0x0000000080006064 (0x34202773) x14 0x0000000000000002
core   0: 0x0000000080006068 (0x142026f3) csrrs   a3, scause, zero
core   0: 3 0x0000000080006068 (0x142026f3) x13 0x0000000000000000
core   0: 0x000000008000606c (0x30402673) csrrs   a2, mie, zero
core   0: 3 0x000000008000606c (0x30402673) x12 0x0000000000000a00
core   0: 0x0000000080006070 (0x344025f3) csrrs   a1, mip, zero
core   0: 3 0x0000000080006070 (0x344025f3) x11 0x0000000000000080
core   0: 0x0000000080006074 (0x343025f3) csrrs   a1, mtval, zero
core   0: 3 0x0000000080006074 (0x343025f3) x11 0x00000000f117a7f3
core   0: 0x0000000080006078 (0x14302573) csrrs   a0, stval, zero
core   0: 3 0x0000000080006078 (0x14302573) x10 0x0000000000000000
core   0: 0x000000008000607c (0xb02024f3) csrrs   s1, minstret, zero
core   0: 3 0x000000008000607c (0xb02024f3) x9  0x0000000000000b8c
core   0: 0x0000000080006080 (0x0000a811) c.j     pc + 20
core   0: 3 0x0000000080006080 (0xa811)
core   0: >>>>  mepc_4
core   0: 0x0000000080006094 (0x00000791) c.addi  a5, 4
core   0: 3 0x0000000080006094 (0x0791) x15 0x0000000080004ab6
core   0: 0x0000000080006096 (0x34179073) csrrw   zero, mepc, a5
core   0: 3 0x0000000080006096 (0x34179073) c833_mepc 0x0000000080004ab6
core   0: 0x000000008000609a (0x30200073) mret
core   0: 3 0x000000008000609a (0x30200073) c768_mstatus 0x8000000a00106080
core   0: 0x0000000080004ab6 (0xc0287ad3) fcvt.l.s s5, fa6
core   0: 1 0x0000000080004ab6 (0xc0287ad3) c1_fflags 0x000000000000001b x21 0x7fffffffffffffff
core   0: 0x0000000080004aba (0xc02f7ed3) fcvt.l.s t4, ft10
core   0: 1 0x0000000080004aba (0xc02f7ed3) c1_fflags 0x000000000000001b x29 0x7fffffffffffffff
core   0: 0x0000000080004abe (0x7ff86313) ori     t1, a6, 2047
core   0: 1 0x0000000080004abe (0x7ff86313) x6  0x00003fffffffffff
core   0: 0x0000000080004ac2 (0x13ba7dd3) fmul.d  fs11, fs4, fs11
core   0: 1 0x0000000080004ac2 (0x13ba7dd3) f27 0x7ff8000000000000
core   0: 0x0000000080004ac6 (0x13a1fd53) fmul.d  fs10, ft3, fs10
core   0: 1 0x0000000080004ac6 (0x13a1fd53) f26 0x7ff8000000000000
core   0: 0x0000000080004aca (0x404352bb) sraw    t0, t1, tp
core   0: 1 0x0000000080004aca (0x404352bb) x5  0xffffffffffffffff
core   0: 0x0000000080004ace (0xf111f9f3) csrrci  s3, mvendorid, 3
core   0: exception trap_illegal_instruction, epc 0x0000000080004ace
core   0:           tval 0x00000000f111f9f3
core   0: >>>>  $xrv64i2p1_m2p0_a2p1_f2p2_d2p2_zicsr2p0_zifencei2p0_zmmul1p0_zba1p0_zbb1p0_zbc1p0_zbs1p0
core   0: 0x0000000080004000 (0x0080006f) j       pc + 0x8
core   0: 3 0x0000000080004000 (0x0080006f)
core   0: >>>>  mmode_exception_handler
core   0: 0x0000000080004008 (0x00002c17) auipc   s8, 0x2
core   0: 3 0x0000000080004008 (0x00002c17) x24 0x0000000080006008
core   0: 0x000000008000400c (0x058c0c13) addi    s8, s8, 88
core   0: 3 0x000000008000400c (0x058c0c13) x24 0x0000000080006060
core   0: 0x0000000080004010 (0x000c00e7) jalr    s8
core   0: 3 0x0000000080004010 (0x000c00e7) x1  0x0000000080004014
core   0: >>>>  any_handler
core   0: 0x0000000080006060 (0x341027f3) csrrs   a5, mepc, zero
core   0: 3 0x0000000080006060 (0x341027f3) x15 0x0000000080004ace
core   0: 0x0000000080006064 (0x34202773) csrrs   a4, mcause, zero
core   0: 3 0x0000000080006064 (0x34202773) x14 0x0000000000000002
core   0: 0x0000000080006068 (0x142026f3) csrrs   a3, scause, zero
core   0: 3 0x0000000080006068 (0x142026f3) x13 0x0000000000000000
core   0: 0x000000008000606c (0x30402673) csrrs   a2, mie, zero
core   0: 3 0x000000008000606c (0x30402673) x12 0x0000000000000a00
core   0: 0x0000000080006070 (0x344025f3) csrrs   a1, mip, zero
core   0: 3 0x0000000080006070 (0x344025f3) x11 0x0000000000000080
core   0: 0x0000000080006074 (0x343025f3) csrrs   a1, mtval, zero
core   0: 3 0x0000000080006074 (0x343025f3) x11 0x00000000f111f9f3
core   0: 0x0000000080006078 (0x14302573) csrrs   a0, stval, zero
core   0: 3 0x0000000080006078 (0x14302573) x10 0x0000000000000000
core   0: 0x000000008000607c (0xb02024f3) csrrs   s1, minstret, zero
core   0: 3 0x000000008000607c (0xb02024f3) x9  0x0000000000000ba2
core   0: 0x0000000080006080 (0x0000a811) c.j     pc + 20
core   0: 3 0x0000000080006080 (0xa811)
core   0: >>>>  mepc_4
core   0: 0x0000000080006094 (0x00000791) c.addi  a5, 4
core   0: 3 0x0000000080006094 (0x0791) x15 0x0000000080004ad2
core   0: 0x0000000080006096 (0x34179073) csrrw   zero, mepc, a5
core   0: 3 0x0000000080006096 (0x34179073) c833_mepc 0x0000000080004ad2
core   0: 0x000000008000609a (0x30200073) mret
core   0: 3 0x000000008000609a (0x30200073) c768_mstatus 0x8000000a00106080
core   0: 0x0000000080004ad2 (0x001994f3) csrrw   s1, fflags, s3
core   0: 1 0x0000000080004ad2 (0x001994f3) x9  0x000000000000001b c1_fflags 0x0000000000000009
core   0: 0x0000000080004ad6 (0x07698613) addi    a2, s3, 118
core   0: 1 0x0000000080004ad6 (0x07698613) x12 0xfffffffffffff8bf
core   0: 0x0000000080004ada (0xc23ef453) fcvt.lu.d s0, ft9
core   0: 1 0x0000000080004ada (0xc23ef453) c1_fflags 0x0000000000000019 x8  0xffffffffffffffff
core   0: 0x0000000080004ade (0x03ccf8bb) remuw   a7, s9, t3
core   0: 1 0x0000000080004ade (0x03ccf8bb) x17 0xffffffffffffffff
core   0: 0x0000000080004ae2 (0x40ecd61b) sraiw   a2, s9, 14
core   0: 1 0x0000000080004ae2 (0x40ecd61b) x12 0xffffffffffffffff
core   0: 0x0000000080004ae6 (0x00fbb1b7) lui     gp, 0xfbb
core   0: 1 0x0000000080004ae6 (0x00fbb1b7) x3  0x0000000000fbb000
core   0: 0x0000000080004aea (0x7e31819b) addiw   gp, gp, 2019
core   0: 1 0x0000000080004aea (0x7e31819b) x3  0x0000000000fbb7e3
core   0: 0x0000000080004aee (0x000001b2) c.slli  gp, 12
core   0: 1 0x0000000080004aee (0x01b2) x3  0x0000000fbb7e3000
core   0: 0x0000000080004af0 (0x54018193) addi    gp, gp, 1344
core   0: 1 0x0000000080004af0 (0x54018193) x3  0x0000000fbb7e3540
core   0: 0x0000000080004af4 (0x002d14f3) csrrw   s1, frm, s10
core   0: 1 0x0000000080004af4 (0x002d14f3) x9  0x0000000000000000 c2_frm 0x0000000000000000
core   0: 0x0000000080004af8 (0x019357b3) srl     a5, t1, s9
core   0: 1 0x0000000080004af8 (0x019357b3) x15 0x0000000000000000
core   0: 0x0000000080004afc (0x03ccf453) fadd.d  fs0, fs9, ft8
core   0: 1 0x0000000080004afc (0x03ccf453) f8  0xc1e0000c00000000
core   0: 0x0000000080004b00 (0x0219f0d3) fadd.d  ft1, fs3, ft1
core   0: 1 0x0000000080004b00 (0x0219f0d3) f1  0x7ff8000000000000
core   0: 0x0000000080004b04 (0x021d4d33) div     s10, s10, ra
core   0: 1 0x0000000080004b04 (0x021d4d33) x26 0x0000000000000000
core   0: 0x0000000080004b08 (0x03aa0c33) mul     s8, s4, s10
core   0: 1 0x0000000080004b08 (0x03aa0c33) x24 0x0000000000000000
core   0: 0x0000000080004b0c (0x0060853b) addw    a0, ra, t1
core   0: 1 0x0000000080004b0c (0x0060853b) x10 0xffffffff80004013
core   0: 0x0000000080004b10 (0x0000187e) c.slli  a6, 63
core   0: 1 0x0000000080004b10 (0x187e) x16 0x8000000000000000
core   0: 0x0000000080004b12 (0x00ce3637) lui     a2, 0xce3
core   0: 1 0x0000000080004b12 (0x00ce3637) x12 0x0000000000ce3000
core   0: 0x0000000080004b16 (0xea56061b) addiw   a2, a2, -347
core   0: 1 0x0000000080004b16 (0xea56061b) x12 0x0000000000ce2ea5
core   0: 0x0000000080004b1a (0x00000636) c.slli  a2, 13
core   0: 1 0x0000000080004b1a (0x0636) x12 0x00000019c5d4a000
core   0: 0x0000000080004b1c (0xb9c60613) addi    a2, a2, -1124
core   0: 1 0x0000000080004b1c (0xb9c60613) x12 0x00000019c5d49b9c
core   0: 0x0000000080004b20 (0x007c5013) srli    zero, s8, 7
core   0: 1 0x0000000080004b20 (0x007c5013)
core   0: 0x0000000080004b24 (0x82ce7fcf) fnmadd.d ft11, ft8, fa2, fa6
core   0: 1 0x0000000080004b24 (0x82ce7fcf) f31 0x7ff8000000000000
core   0: 0x0000000080004b28 (0x401c5d13) srai    s10, s8, 1
core   0: 1 0x0000000080004b28 (0x401c5d13) x26 0x0000000000000000
core   0: 0x0000000080004b2c (0x028cecb3) rem     s9, s9, s0
core   0: 1 0x0000000080004b2c (0x028cecb3) x25 0x0000000000000000
core   0: 0x0000000080004b30 (0x025072bb) remuw   t0, zero, t0
core   0: 1 0x0000000080004b30 (0x025072bb) x5  0x0000000000000000
core   0: 0x0000000080004b34 (0x020ff353) fadd.d  ft6, ft11, ft0
core   0: 1 0x0000000080004b34 (0x020ff353) f6  0x7ff8000000000000
core   0: 0x0000000080004b38 (0x0ff0000f) fence   iorw,iorw
core   0: 1 0x0000000080004b38 (0x0ff0000f)
core   0: 0x0000000080004b3c (0x4016f453) fcvt.s.d fs0, fa3
core   0: 1 0x0000000080004b3c (0x4016f453) f8  0xffffffff00000000
core   0: 0x0000000080004b40 (0xd2247cd3) fcvt.d.l fs9, s0
core   0: 1 0x0000000080004b40 (0xd2247cd3) f25 0xbff0000000000000
core   0: 0x0000000080004b44 (0x42068fd3) fcvt.d.s ft11, fa3
core   0: 1 0x0000000080004b44 (0x42068fd3) f31 0x7ff8000000000000
core   0: 0x0000000080004b48 (0x0305f0d3) fadd.d  ft1, fa1, fa6
core   0: 1 0x0000000080004b48 (0x0305f0d3) f1  0x7ff8000000000000
core   0: 0x0000000080004b4c (0x221caa53) fsgnjx.d fs4, fs9, ft1
core   0: 1 0x0000000080004b4c (0x221caa53) f20 0xbff0000000000000
core   0: 0x0000000080004b50 (0xd222f0d3) fcvt.d.l ft1, t0
core   0: 1 0x0000000080004b50 (0xd222f0d3) f1  0x0000000000000000
core   0: 0x0000000080004b54 (0x0380703b) remuw   zero, zero, s8
core   0: 1 0x0000000080004b54 (0x0380703b)
core   0: 0x0000000080004b58 (0xcbaa7d4b) fnmsub.d fs10, fs4, fs10, fs9
core   0: 1 0x0000000080004b58 (0xcbaa7d4b) f26 0x7ff8000000000000
core   0: 0x0000000080004b5c (0x005293bb) sllw    t2, t0, t0
core   0: 1 0x0000000080004b5c (0x005293bb) x7  0x0000000000000000
core   0: 0x0000000080004b60 (0x0074db3b) srlw    s6, s1, t2
core   0: 1 0x0000000080004b60 (0x0074db3b) x22 0x0000000000000000
core   0: 0x0000000080004b64 (0xfff0021b) addiw   tp, zero, -1
core   0: 1 0x0000000080004b64 (0xfff0021b) x4  0xffffffffffffffff
core   0: 0x0000000080004b68 (0x0000166a) c.slli  a2, 58
core   0: 1 0x0000000080004b68 (0x166a) x12 0x7000000000000000
core   0: 0x0000000080004b6a (0x42030053) fcvt.d.s ft0, ft6
core   0: 1 0x0000000080004b6a (0x42030053) f0  0x7ff8000000000000
core   0: 0x0000000080004b6e (0x03428d3b) mulw    s10, t0, s4
core   0: 1 0x0000000080004b6e (0x03428d3b) x26 0x0000000000000000
core   0: 0x0000000080004b72 (0x00009f09) c.subw  a4, a0
core   0: 1 0x0000000080004b72 (0x9f09) x14 0x000000007fffbfef
core   0: 0x0000000080004b74 (0x4ab74813) xori    a6, a4, 1195
core   0: 1 0x0000000080004b74 (0x4ab74813) x16 0x000000007fffbb44
core   0: 0x0000000080004b78 (0x2a1d1a53) fmax.d  fs4, fs10, ft1
core   0: 1 0x0000000080004b78 (0x2a1d1a53) f20 0x0000000000000000
core   0: 0x0000000080004b7c (0x41985233) sra     tp, a6, s9
core   0: 1 0x0000000080004b7c (0x41985233) x4  0x000000007fffbb44
core   0: 0x0000000080004b80 (0x00000001) c.nop
core   0: 1 0x0000000080004b80 (0x0001)
core   0: 0x0000000080004b82 (0x00b918b3) sll     a7, s2, a1
core   0: 1 0x0000000080004b82 (0x00b918b3) x17 0x0000000000000000
core   0: 0x0000000080004b86 (0x001a19f3) csrrw   s3, fflags, s4
core   0: 1 0x0000000080004b86 (0x001a19f3) x19 0x0000000000000019 c1_fflags 0x0000000000000000
core   0: 0x0000000080004b8a (0x0ff0000f) fence   iorw,iorw
core   0: 1 0x0000000080004b8a (0x0ff0000f)
core   0: 0x0000000080004b8e (0x7ffd8e13) addi    t3, s11, 2047
core   0: 1 0x0000000080004b8e (0x7ffd8e13) x28 0x000000000000081a
core   0: 0x0000000080004b92 (0x00000001) c.nop
core   0: 1 0x0000000080004b92 (0x0001)
core   0: 0x0000000080004b94 (0x401b7553) fcvt.s.d fa0, fs6
core   0: 1 0x0000000080004b94 (0x401b7553) f10 0xffffffff7fc00000
core   0: 0x0000000080004b98 (0xc171cc17) auipc   s8, 0xc171c
core   0: 1 0x0000000080004b98 (0xc171cc17) x24 0x0000000041720b98
core   0: 0x0000000080004b9c (0xc020f7d3) fcvt.l.s a5, ft1
core   0: 1 0x0000000080004b9c (0xc020f7d3) c1_fflags 0x0000000000000010 x15 0x7fffffffffffffff
core   0: 0x0000000080004ba0 (0x5abcf5c7) fmsub.d fa1, fs9, fa1, fa1
core   0: 1 0x0000000080004ba0 (0x5abcf5c7) f11 0xc3fffffffff60f0e
core   0: 0x0000000080004ba4 (0xd03575d3) fcvt.s.lu fa1, a0
core   0: 1 0x0000000080004ba4 (0xd03575d3) c1_fflags 0x0000000000000011 f11 0xffffffff5f800000
core   0: 0x0000000080004ba8 (0x00000001) c.nop
core   0: 1 0x0000000080004ba8 (0x0001)
core   0: 0x0000000080004baa (0x01f0551b) srliw   a0, zero, 31
core   0: 1 0x0000000080004baa (0x01f0551b) x10 0x0000000000000000
core   0: 0x0000000080004bae (0x00202073) csrrs   zero, frm, zero
core   0: 1 0x0000000080004bae (0x00202073)
core   0: 0x0000000080004bb2 (0x0358bab3) mulhu   s5, a7, s5
core   0: 1 0x0000000080004bb2 (0x0358bab3) x21 0x0000000000000000
core   0: 0x0000000080004bb6 (0x035653b3) divu    t2, a2, s5
core   0: 1 0x0000000080004bb6 (0x035653b3) x7  0xffffffffffffffff
core   0: 0x0000000080004bba (0x01150933) add     s2, a0, a7
core   0: 1 0x0000000080004bba (0x01150933) x18 0x0000000000000000
core   0: 0x0000000080004bbe (0x033b06b3) mul     a3, s6, s3
core   0: 1 0x0000000080004bbe (0x033b06b3) x13 0x0000000000000000
core   0: 0x0000000080004bc2 (0x00000001) c.nop
core   0: 1 0x0000000080004bc2 (0x0001)
core   0: 0x0000000080004bc4 (0x00ca9c9b) slliw   s9, s5, 12
core   0: 1 0x0000000080004bc4 (0x00ca9c9b) x25 0x0000000000000000
core   0: 0x0000000080004bc8 (0x4002d59b) sraiw   a1, t0, 0
core   0: 1 0x0000000080004bc8 (0x4002d59b) x11 0x0000000000000000
core   0: 0x0000000080004bcc (0x00c672b3) and     t0, a2, a2
core   0: 1 0x0000000080004bcc (0x00c672b3) x5  0x7000000000000000
core   0: 0x0000000080004bd0 (0x01aa4033) xor     zero, s4, s10
core   0: 1 0x0000000080004bd0 (0x01aa4033)
core   0: 0x0000000080004bd4 (0x40b580b3) sub     ra, a1, a1
core   0: 1 0x0000000080004bd4 (0x40b580b3) x1  0x0000000000000000
core   0: 0x0000000080004bd8 (0x22631c53) fsgnjn.d fs8, ft6, ft6
core   0: 1 0x0000000080004bd8 (0x22631c53) f24 0xfff8000000000000
core   0: 0x0000000080004bdc (0x411ed8bb) sraw    a7, t4, a7
core   0: 1 0x0000000080004bdc (0x411ed8bb) x17 0xffffffffffffffff
core   0: 0x0000000080004be0 (0xe978f013) andi    zero, a7, -361
core   0: 1 0x0000000080004be0 (0xe978f013)
core   0: 0x0000000080004be4 (0x0094b4b3) sltu    s1, s1, s1
core   0: 1 0x0000000080004be4 (0x0094b4b3) x9  0x0000000000000000
core   0: 0x0000000080004be8 (0x028026b3) mulhsu  a3, zero, s0
core   0: 1 0x0000000080004be8 (0x028026b3) x13 0x0000000000000000
core   0: 0x0000000080004bec (0x2a5d8dd3) fmin.d  fs11, fs11, ft5
core   0: 1 0x0000000080004bec (0x2a5d8dd3) f27 0x7ff8000000000000
core   0: 0x0000000080004bf0 (0x2b4480d3) fmin.d  ft1, fs1, fs4
core   0: 1 0x0000000080004bf0 (0x2b4480d3) f1  0x0000000000000000
core   0: 0x0000000080004bf4 (0x03da9e33) mulh    t3, s5, t4
core   0: 1 0x0000000080004bf4 (0x03da9e33) x28 0x0000000000000000
core   0: 0x0000000080004bf8 (0x40c980b3) sub     ra, s3, a2
core   0: 1 0x0000000080004bf8 (0x40c980b3) x1  0x9000000000000019
core   0: 0x0000000080004bfc (0x01f5d49b) srliw   s1, a1, 31
core   0: 1 0x0000000080004bfc (0x01f5d49b) x9  0x0000000000000000
core   0: 0x0000000080004c00 (0x01f31e1b) slliw   t3, t1, 31
core   0: 1 0x0000000080004c00 (0x01f31e1b) x28 0xffffffff80000000
core   0: 0x0000000080004c04 (0xc230f153) fcvt.lu.d sp, ft1
core   0: 1 0x0000000080004c04 (0xc230f153) x2  0x0000000000000000
core   0: 0x0000000080004c08 (0x00b971b3) and     gp, s2, a1
core   0: 1 0x0000000080004c08 (0x00b971b3) x3  0x0000000000000000
core   0: 0x0000000080004c0c (0x0147d433) srl     s0, a5, s4
core   0: 1 0x0000000080004c0c (0x0147d433) x8  0x7fffffffffffffff
core   0: 0x0000000080004c10 (0x02951093) slli    ra, a0, 41
core   0: 1 0x0000000080004c10 (0x02951093) x1  0x0000000000000000
core   0: 0x0000000080004c14 (0x8a1f7f4f) fnmadd.d ft10, ft10, ft1, fa7
core   0: 1 0x0000000080004c14 (0x8a1f7f4f) f30 0x7ff8000000000000
core   0: 0x0000000080004c18 (0x00119df3) csrrw   s11, fflags, gp
core   0: 1 0x0000000080004c18 (0x00119df3) x27 0x0000000000000011 c1_fflags 0x0000000000000000
core   0: 0x0000000080004c1c (0x036e8e33) mul     t3, t4, s6
core   0: 1 0x0000000080004c1c (0x036e8e33) x28 0x0000000000000000
core   0: 0x0000000080004c20 (0x226a9ad3) fsgnjn.d fs5, fs5, ft6
core   0: 1 0x0000000080004c20 (0x226a9ad3) f21 0xfff8000000000000
core   0: 0x0000000080004c24 (0x406ad03b) sraw    zero, s5, t1
core   0: 1 0x0000000080004c24 (0x406ad03b)
core   0: 0x0000000080004c28 (0xd2317d53) fcvt.d.lu fs10, sp
core   0: 1 0x0000000080004c28 (0xd2317d53) f26 0x0000000000000000
core   0: 0x0000000080004c2c (0x040ab937) lui     s2, 0x40ab
core   0: 1 0x0000000080004c2c (0x040ab937) x18 0x00000000040ab000
core   0: 0x0000000080004c30 (0x6699091b) addiw   s2, s2, 1641
core   0: 1 0x0000000080004c30 (0x6699091b) x18 0x00000000040ab669
core   0: 0x0000000080004c34 (0x00000932) c.slli  s2, 12
core   0: 1 0x0000000080004c34 (0x0932) x18 0x00000040ab669000
core   0: 0x0000000080004c36 (0x76f90913) addi    s2, s2, 1903
core   0: 1 0x0000000080004c36 (0x76f90913) x18 0x00000040ab66976f
core   0: 0x0000000080004c3a (0xef0ee137) lui     sp, 0xef0ee
core   0: 1 0x0000000080004c3a (0xef0ee137) x2  0xffffffffef0ee000
core   0: 0x0000000080004c3e (0xfab5fccf) fnmadd.d fs9, fa1, fa1, ft11
core   0: 1 0x0000000080004c3e (0xfab5fccf) f25 0x7ff8000000000000
core   0: 0x0000000080004c42 (0x038b9b33) mulh    s6, s7, s8
core   0: 1 0x0000000080004c42 (0x038b9b33) x22 0x0000000000000000
core   0: 0x0000000080004c46 (0x007505bb) addw    a1, a0, t2
core   0: 1 0x0000000080004c46 (0x007505bb) x11 0xffffffffffffffff
core   0: 0x0000000080004c4a (0xd023fbd3) fcvt.s.l fs7, t2
core   0: 1 0x0000000080004c4a (0xd023fbd3) f23 0xffffffffbf800000
core   0: 0x0000000080004c4e (0x000c79b3) and     s3, s8, zero
core   0: 1 0x0000000080004c4e (0x000c79b3) x19 0x0000000000000000
core   0: 0x0000000080004c52 (0x303077f3) csrrci  a5, mideleg, 0
core   0: exception trap_illegal_instruction, epc 0x0000000080004c52
core   0:           tval 0x00000000303077f3
core   0: >>>>  $xrv64i2p1_m2p0_a2p1_f2p2_d2p2_zicsr2p0_zifencei2p0_zmmul1p0_zba1p0_zbb1p0_zbc1p0_zbs1p0
core   0: 0x0000000080004000 (0x0080006f) j       pc + 0x8
core   0: 3 0x0000000080004000 (0x0080006f)
core   0: >>>>  mmode_exception_handler
core   0: 0x0000000080004008 (0x00002c17) auipc   s8, 0x2
core   0: 3 0x0000000080004008 (0x00002c17) x24 0x0000000080006008
core   0: 0x000000008000400c (0x058c0c13) addi    s8, s8, 88
core   0: 3 0x000000008000400c (0x058c0c13) x24 0x0000000080006060
core   0: 0x0000000080004010 (0x000c00e7) jalr    s8
core   0: 3 0x0000000080004010 (0x000c00e7) x1  0x0000000080004014
core   0: >>>>  any_handler
core   0: 0x0000000080006060 (0x341027f3) csrrs   a5, mepc, zero
core   0: 3 0x0000000080006060 (0x341027f3) x15 0x0000000080004c52
core   0: 0x0000000080006064 (0x34202773) csrrs   a4, mcause, zero
core   0: 3 0x0000000080006064 (0x34202773) x14 0x0000000000000002
core   0: 0x0000000080006068 (0x142026f3) csrrs   a3, scause, zero
core   0: 3 0x0000000080006068 (0x142026f3) x13 0x0000000000000000
core   0: 0x000000008000606c (0x30402673) csrrs   a2, mie, zero
core   0: 3 0x000000008000606c (0x30402673) x12 0x0000000000000a00
core   0: 0x0000000080006070 (0x344025f3) csrrs   a1, mip, zero
core   0: 3 0x0000000080006070 (0x344025f3) x11 0x0000000000000080
core   0: 0x0000000080006074 (0x343025f3) csrrs   a1, mtval, zero
core   0: 3 0x0000000080006074 (0x343025f3) x11 0x00000000303077f3
core   0: 0x0000000080006078 (0x14302573) csrrs   a0, stval, zero
core   0: 3 0x0000000080006078 (0x14302573) x10 0x0000000000000000
core   0: 0x000000008000607c (0xb02024f3) csrrs   s1, minstret, zero
core   0: 3 0x000000008000607c (0xb02024f3) x9  0x0000000000000c17
core   0: 0x0000000080006080 (0x0000a811) c.j     pc + 20
core   0: 3 0x0000000080006080 (0xa811)
core   0: >>>>  mepc_4
core   0: 0x0000000080006094 (0x00000791) c.addi  a5, 4
core   0: 3 0x0000000080006094 (0x0791) x15 0x0000000080004c56
core   0: 0x0000000080006096 (0x34179073) csrrw   zero, mepc, a5
core   0: 3 0x0000000080006096 (0x34179073) c833_mepc 0x0000000080004c56
core   0: 0x000000008000609a (0x30200073) mret
core   0: 3 0x000000008000609a (0x30200073) c768_mstatus 0x8000000a00106080
core   0: 0x0000000080004c56 (0x0010d0b3) srl     ra, ra, ra
core   0: 1 0x0000000080004c56 (0x0010d0b3) x1  0x0000000000000800
core   0: 0x0000000080004c5a (0x41ead61b) sraiw   a2, s5, 30
core   0: 1 0x0000000080004c5a (0x41ead61b) x12 0x0000000000000000
core   0: 0x0000000080004c5e (0x034cff53) fadd.d  ft10, fs9, fs4
core   0: 1 0x0000000080004c5e (0x034cff53) f30 0x7ff8000000000000
core   0: 0x0000000080004c62 (0x5fe18c9b) addiw   s9, gp, 1534
core   0: 1 0x0000000080004c62 (0x5fe18c9b) x25 0x00000000000005fe
core   0: 0x0000000080004c66 (0xa3038053) fle.d   zero, ft7, fa6
core   0: 1 0x0000000080004c66 (0xa3038053) c1_fflags 0x0000000000000010
core   0: 0x0000000080004c6a (0x03367d3b) remuw   s10, a2, s3
core   0: 1 0x0000000080004c6a (0x03367d3b) x26 0x0000000000000000
core   0: 0x0000000080004c6e (0x00a482bb) addw    t0, s1, a0
core   0: 1 0x0000000080004c6e (0x00a482bb) x5  0x0000000000000c17
core   0: 0x0000000080004c72 (0xd032f453) fcvt.s.lu fs0, t0
core   0: 1 0x0000000080004c72 (0xd032f453) f8  0xffffffff45417000
core   0: 0x0000000080004c76 (0xd03d7e53) fcvt.s.lu ft8, s10
core   0: 1 0x0000000080004c76 (0xd03d7e53) f28 0xffffffff00000000
core   0: 0x0000000080004c7a (0x02e80033) mul     zero, a6, a4
core   0: 1 0x0000000080004c7a (0x02e80033)
core   0: 0x0000000080004c7e (0x2ab01553) fmax.d  fa0, ft0, fa1
core   0: 1 0x0000000080004c7e (0x2ab01553) f10 0x7ff8000000000000
core   0: 0x0000000080004c82 (0x00000001) c.nop
core   0: 1 0x0000000080004c82 (0x0001)
core   0: 0x0000000080004c84 (0x03805c13) srli    s8, zero, 56
core   0: 1 0x0000000080004c84 (0x03805c13) x24 0x0000000000000000
core   0: 0x0000000080004c88 (0x239b0cd3) fsgnj.d fs9, fs6, fs9
core   0: 1 0x0000000080004c88 (0x239b0cd3) f25 0x7ff8000000000000
core   0: 0x0000000080004c8c (0x5319f2cf) fnmadd.d ft5, fs3, fa7, fa0
core   0: 1 0x0000000080004c8c (0x5319f2cf) f5  0x7ff8000000000000
core   0: 0x0000000080004c90 (0x018d0d3b) addw    s10, s10, s8
core   0: 1 0x0000000080004c90 (0x018d0d3b) x26 0x0000000000000000
core   0: 0x0000000080004c94 (0x2aac8753) fmin.d  fa4, fs9, fa0
core   0: 1 0x0000000080004c94 (0x2aac8753) f14 0x7ff8000000000000
core   0: 0x0000000080004c98 (0x7470d273) csrrwi  tp, mseccfg, 1
core   0: exception trap_illegal_instruction, epc 0x0000000080004c98
core   0:           tval 0x000000007470d273
core   0: >>>>  $xrv64i2p1_m2p0_a2p1_f2p2_d2p2_zicsr2p0_zifencei2p0_zmmul1p0_zba1p0_zbb1p0_zbc1p0_zbs1p0
core   0: 0x0000000080004000 (0x0080006f) j       pc + 0x8
core   0: 3 0x0000000080004000 (0x0080006f)
core   0: >>>>  mmode_exception_handler
core   0: 0x0000000080004008 (0x00002c17) auipc   s8, 0x2
core   0: 3 0x0000000080004008 (0x00002c17) x24 0x0000000080006008
core   0: 0x000000008000400c (0x058c0c13) addi    s8, s8, 88
core   0: 3 0x000000008000400c (0x058c0c13) x24 0x0000000080006060
core   0: 0x0000000080004010 (0x000c00e7) jalr    s8
core   0: 3 0x0000000080004010 (0x000c00e7) x1  0x0000000080004014
core   0: >>>>  any_handler
core   0: 0x0000000080006060 (0x341027f3) csrrs   a5, mepc, zero
core   0: 3 0x0000000080006060 (0x341027f3) x15 0x0000000080004c98
core   0: 0x0000000080006064 (0x34202773) csrrs   a4, mcause, zero
core   0: 3 0x0000000080006064 (0x34202773) x14 0x0000000000000002
core   0: 0x0000000080006068 (0x142026f3) csrrs   a3, scause, zero
core   0: 3 0x0000000080006068 (0x142026f3) x13 0x0000000000000000
core   0: 0x000000008000606c (0x30402673) csrrs   a2, mie, zero
core   0: 3 0x000000008000606c (0x30402673) x12 0x0000000000000a00
core   0: 0x0000000080006070 (0x344025f3) csrrs   a1, mip, zero
core   0: 3 0x0000000080006070 (0x344025f3) x11 0x0000000000000080
core   0: 0x0000000080006074 (0x343025f3) csrrs   a1, mtval, zero
core   0: 3 0x0000000080006074 (0x343025f3) x11 0x000000007470d273
core   0: 0x0000000080006078 (0x14302573) csrrs   a0, stval, zero
core   0: 3 0x0000000080006078 (0x14302573) x10 0x0000000000000000
core   0: 0x000000008000607c (0xb02024f3) csrrs   s1, minstret, zero
core   0: 3 0x000000008000607c (0xb02024f3) x9  0x0000000000000c38
core   0: 0x0000000080006080 (0x0000a811) c.j     pc + 20
core   0: 3 0x0000000080006080 (0xa811)
core   0: >>>>  mepc_4
core   0: 0x0000000080006094 (0x00000791) c.addi  a5, 4
core   0: 3 0x0000000080006094 (0x0791) x15 0x0000000080004c9c
core   0: 0x0000000080006096 (0x34179073) csrrw   zero, mepc, a5
core   0: 3 0x0000000080006096 (0x34179073) c833_mepc 0x0000000080004c9c
core   0: 0x000000008000609a (0x30200073) mret
core   0: 3 0x000000008000609a (0x30200073) c768_mstatus 0x8000000a00106080
core   0: 0x0000000080004c9c (0x1ae97ed3) fdiv.d  ft9, fs2, fa4
core   0: 1 0x0000000080004c9c (0x1ae97ed3) f29 0x7ff8000000000000
core   0: 0x0000000080004ca0 (0x002a513b) srlw    sp, s4, sp
core   0: 1 0x0000000080004ca0 (0x002a513b) x2  0x0000000000000000
core   0: 0x0000000080004ca4 (0x01e7951b) slliw   a0, a5, 30
core   0: 1 0x0000000080004ca4 (0x01e7951b) x10 0x0000000000000000
core   0: 0x0000000080004ca8 (0xd2387353) fcvt.d.lu ft6, a6
core   0: 1 0x0000000080004ca8 (0xd2387353) f6  0x41dfffeed1000000
core   0: 0x0000000080004cac (0xc21ef453) fcvt.wu.d s0, ft9
core   0: 1 0x0000000080004cac (0xc21ef453) c1_fflags 0x0000000000000010 x8  0xffffffffffffffff
core   0: 0x0000000080004cb0 (0x00000001) c.nop
core   0: 1 0x0000000080004cb0 (0x0001)
core   0: 0x0000000080004cb2 (0x0121f2b3) and     t0, gp, s2
core   0: 1 0x0000000080004cb2 (0x0121f2b3) x5  0x0000000000000000
core   0: 0x0000000080004cb6 (0xd02572d3) fcvt.s.l ft5, a0
core   0: 1 0x0000000080004cb6 (0xd02572d3) f5  0xffffffff00000000
core   0: 0x0000000080004cba (0x420f0c53) fcvt.d.s fs8, ft10
core   0: 1 0x0000000080004cba (0x420f0c53) f24 0x7ff8000000000000
core   0: 0x0000000080004cbe (0x73d30d1b) addiw   s10, t1, 1853
core   0: 1 0x0000000080004cbe (0x73d30d1b) x26 0x000000000000073c
core   0: 0x0000000080004cc2 (0x00000001) c.nop
core   0: 1 0x0000000080004cc2 (0x0001)
core   0: 0x0000000080004cc4 (0x00ad5013) srli    zero, s10, 10
core   0: 1 0x0000000080004cc4 (0x00ad5013)
core   0: 0x0000000080004cc8 (0x0046d933) srl     s2, a3, tp
core   0: 1 0x0000000080004cc8 (0x0046d933) x18 0x0000000000000000
core   0: 0x0000000080004ccc (0xe699bc17) auipc   s8, 0xe699b
core   0: 1 0x0000000080004ccc (0xe699bc17) x24 0x000000006699fccc
core   0: 0x0000000080004cd0 (0x5a077ed3) fsqrt.d ft9, fa4
core   0: 1 0x0000000080004cd0 (0x5a077ed3) f29 0x7ff8000000000000
core   0: 0x0000000080004cd4 (0xf133d9f3) csrrwi  s3, mimpid, 7
core   0: exception trap_illegal_instruction, epc 0x0000000080004cd4
core   0:           tval 0x00000000f133d9f3
core   0: >>>>  $xrv64i2p1_m2p0_a2p1_f2p2_d2p2_zicsr2p0_zifencei2p0_zmmul1p0_zba1p0_zbb1p0_zbc1p0_zbs1p0
core   0: 0x0000000080004000 (0x0080006f) j       pc + 0x8
core   0: 3 0x0000000080004000 (0x0080006f)
core   0: >>>>  mmode_exception_handler
core   0: 0x0000000080004008 (0x00002c17) auipc   s8, 0x2
core   0: 3 0x0000000080004008 (0x00002c17) x24 0x0000000080006008
core   0: 0x000000008000400c (0x058c0c13) addi    s8, s8, 88
core   0: 3 0x000000008000400c (0x058c0c13) x24 0x0000000080006060
core   0: 0x0000000080004010 (0x000c00e7) jalr    s8
core   0: 3 0x0000000080004010 (0x000c00e7) x1  0x0000000080004014
core   0: >>>>  any_handler
core   0: 0x0000000080006060 (0x341027f3) csrrs   a5, mepc, zero
core   0: 3 0x0000000080006060 (0x341027f3) x15 0x0000000080004cd4
core   0: 0x0000000080006064 (0x34202773) csrrs   a4, mcause, zero
core   0: 3 0x0000000080006064 (0x34202773) x14 0x0000000000000002
core   0: 0x0000000080006068 (0x142026f3) csrrs   a3, scause, zero
core   0: 3 0x0000000080006068 (0x142026f3) x13 0x0000000000000000
core   0: 0x000000008000606c (0x30402673) csrrs   a2, mie, zero
core   0: 3 0x000000008000606c (0x30402673) x12 0x0000000000000a00
core   0: 0x0000000080006070 (0x344025f3) csrrs   a1, mip, zero
core   0: 3 0x0000000080006070 (0x344025f3) x11 0x0000000000000080
core   0: 0x0000000080006074 (0x343025f3) csrrs   a1, mtval, zero
core   0: 3 0x0000000080006074 (0x343025f3) x11 0x00000000f133d9f3
core   0: 0x0000000080006078 (0x14302573) csrrs   a0, stval, zero
core   0: 3 0x0000000080006078 (0x14302573) x10 0x0000000000000000
core   0: 0x000000008000607c (0xb02024f3) csrrs   s1, minstret, zero
core   0: 3 0x000000008000607c (0xb02024f3) x9  0x0000000000000c57
core   0: 0x0000000080006080 (0x0000a811) c.j     pc + 20
core   0: 3 0x0000000080006080 (0xa811)
core   0: >>>>  mepc_4
core   0: 0x0000000080006094 (0x00000791) c.addi  a5, 4
core   0: 3 0x0000000080006094 (0x0791) x15 0x0000000080004cd8
core   0: 0x0000000080006096 (0x34179073) csrrw   zero, mepc, a5
core   0: 3 0x0000000080006096 (0x34179073) c833_mepc 0x0000000080004cd8
core   0: 0x000000008000609a (0x30200073) mret
core   0: 3 0x000000008000609a (0x30200073) c768_mstatus 0x8000000a00106080
core   0: 0x0000000080004cd8 (0x027cdcbb) divuw   s9, s9, t2
core   0: 1 0x0000000080004cd8 (0x027cdcbb) x25 0x0000000000000000
core   0: 0x0000000080004cdc (0x019bd433) srl     s0, s7, s9
core   0: 1 0x0000000080004cdc (0x019bd433) x8  0x0000000000000000
core   0: 0x0000000080004ce0 (0x00008e31) c.xor   a2, a2
core   0: 1 0x0000000080004ce0 (0x8e31) x12 0x0000000000000000
core   0: 0x0000000080004ce2 (0x0335f23b) remuw   tp, a1, s3
core   0: 1 0x0000000080004ce2 (0x0335f23b) x4  0xfffffffff133d9f3
core   0: 0x0000000080004ce6 (0x00159a73) csrrw   s4, fflags, a1
core   0: 1 0x0000000080004ce6 (0x00159a73) x20 0x0000000000000010 c1_fflags 0x0000000000000013
core   0: 0x0000000080004cea (0x036a9333) mulh    t1, s5, s6
core   0: 1 0x0000000080004cea (0x036a9333) x6  0x0000000000000000
core   0: 0x0000000080004cee (0x02032633) mulhsu  a2, t1, zero
core   0: 1 0x0000000080004cee (0x02032633) x12 0x0000000000000000
core   0: 0x0000000080004cf2 (0xd7667193) andi    gp, a2, -650
core   0: 1 0x0000000080004cf2 (0xd7667193) x3  0x0000000000000000
core   0: 0x0000000080004cf6 (0x028a1593) slli    a1, s4, 40
core   0: 1 0x0000000080004cf6 (0x028a1593) x11 0x0000100000000000
core   0: 0x0000000080004cfa (0xc03ef953) fcvt.lu.s s2, ft9
core   0: 1 0x0000000080004cfa (0xc03ef953) c1_fflags 0x0000000000000013 x18 0xffffffffffffffff
core   0: 0x0000000080004cfe (0xa318ff4b) fnmsub.d ft10, fa7, fa7, fs4
core   0: 1 0x0000000080004cfe (0xa318ff4b) f30 0x7ff8000000000000
core   0: 0x0000000080004d02 (0x0b98fcd3) fsub.d  fs9, fa7, fs9
core   0: 1 0x0000000080004d02 (0x0b98fcd3) f25 0x7ff8000000000000
core   0: 0x0000000080004d06 (0x00102573) csrrs   a0, fflags, zero
core   0: 1 0x0000000080004d06 (0x00102573) x10 0x0000000000000013
core   0: 0x0000000080004d0a (0x002114f3) csrrw   s1, frm, sp
core   0: 1 0x0000000080004d0a (0x002114f3) x9  0x0000000000000000 c2_frm 0x0000000000000000
core   0: 0x0000000080004d0e (0x02ebed3b) remw    s10, s7, a4
core   0: 1 0x0000000080004d0e (0x02ebed3b) x26 0x0000000000000000
core   0: 0x0000000080004d12 (0x0014879b) addiw   a5, s1, 1
core   0: 1 0x0000000080004d12 (0x0014879b) x15 0x0000000000000001
core   0: 0x0000000080004d16 (0xc03f7353) fcvt.lu.s t1, ft10
core   0: 1 0x0000000080004d16 (0xc03f7353) c1_fflags 0x0000000000000013 x6  0xffffffffffffffff
core   0: 0x0000000080004d1a (0x01a19533) sll     a0, gp, s10
core   0: 1 0x0000000080004d1a (0x01a19533) x10 0x0000000000000000
core   0: 0x0000000080004d1e (0x420608d3) fcvt.d.s fa7, fa2
core   0: 1 0x0000000080004d1e (0x420608d3) f17 0x7ff8000000000000
core   0: 0x0000000080004d22 (0x40145c13) srai    s8, s0, 1
core   0: 1 0x0000000080004d22 (0x40145c13) x24 0x0000000000000000
core   0: 0x0000000080004d26 (0xfb517ac7) fmsub.d fs5, ft2, fs5, ft11
core   0: 1 0x0000000080004d26 (0xfb517ac7) f21 0x7ff8000000000000
core   0: 0x0000000080004d2a (0x220a8053) fsgnj.d ft0, fs5, ft0
core   0: 1 0x0000000080004d2a (0x220a8053) f0  0x7ff8000000000000
core   0: 0x0000000080004d2e (0xa31606d3) fle.d   a3, fa2, fa7
core   0: 1 0x0000000080004d2e (0xa31606d3) c1_fflags 0x0000000000000013 x13 0x0000000000000000
core   0: 0x0000000080004d32 (0xfa2ae393) ori     t2, s5, -94
core   0: 1 0x0000000080004d32 (0xfa2ae393) x7  0xffffffffffffffa2
core   0: 0x0000000080004d36 (0x00241773) csrrw   a4, frm, s0
core   0: 1 0x0000000080004d36 (0x00241773) x14 0x0000000000000000 c2_frm 0x0000000000000000
core   0: 0x0000000080004d3a (0xd228f6d3) fcvt.d.l fa3, a7
core   0: 1 0x0000000080004d3a (0xd228f6d3) f13 0xbff0000000000000
core   0: 0x0000000080004d3e (0x02eb0dbb) mulw    s11, s6, a4
core   0: 1 0x0000000080004d3e (0x02eb0dbb) x27 0x0000000000000000
core   0: 0x0000000080004d42 (0xa2ccfc93) andi    s9, s9, -1492
core   0: 1 0x0000000080004d42 (0xa2ccfc93) x25 0x0000000000000000
core   0: 0x0000000080004d46 (0xe20b89d3) fmv.x.d s3, fs7
core   0: 1 0x0000000080004d46 (0xe20b89d3) x19 0xffffffffbf800000
core   0: 0x0000000080004d4a (0xfbfb78c7) fmsub.d fa7, fs6, ft11, ft11
core   0: 1 0x0000000080004d4a (0xfbfb78c7) f17 0x7ff8000000000000
core   0: 0x0000000080004d4e (0xc02ff353) fcvt.l.s t1, ft11
core   0: 1 0x0000000080004d4e (0xc02ff353) c1_fflags 0x0000000000000013 x6  0x7fffffffffffffff
core   0: 0x0000000080004d52 (0x61887097) auipc   ra, 0x61887
core   0: 1 0x0000000080004d52 (0x61887097) x1  0x00000000e188bd52
core   0: 0x0000000080004d56 (0xc039fed3) fcvt.lu.s t4, fs3
core   0: 1 0x0000000080004d56 (0xc039fed3) x29 0x8000000000000000
core   0: 0x0000000080004d5a (0x409056bb) sraw    a3, zero, s1
core   0: 1 0x0000000080004d5a (0x409056bb) x13 0x0000000000000000
core   0: 0x0000000080004d5e (0xc02ffed3) fcvt.l.s t4, ft11
core   0: 1 0x0000000080004d5e (0xc02ffed3) c1_fflags 0x0000000000000013 x29 0x7fffffffffffffff
core   0: 0x0000000080004d62 (0x008ed29b) srliw   t0, t4, 8
core   0: 1 0x0000000080004d62 (0x008ed29b) x5  0x0000000000ffffff
core   0: 0x0000000080004d66 (0xe20f80d3) fmv.x.d ra, ft11
core   0: 1 0x0000000080004d66 (0xe20f80d3) x1  0x7ff8000000000000
core   0: 0x0000000080004d6a (0x00131073) csrrw   zero, fflags, t1
core   0: 1 0x0000000080004d6a (0x00131073) c1_fflags 0x000000000000001f
core   0: 0x0000000080004d6e (0x00084c33) xor     s8, a6, zero
core   0: 1 0x0000000080004d6e (0x00084c33) x24 0x000000007fffbb44
core   0: 0x0000000080004d72 (0x420d8c53) fcvt.d.s fs8, fs11
core   0: 1 0x0000000080004d72 (0x420d8c53) f24 0x7ff8000000000000
core   0: 0x0000000080004d76 (0x00181973) csrrw   s2, fflags, a6
core   0: 1 0x0000000080004d76 (0x00181973) x18 0x000000000000001f c1_fflags 0x0000000000000004
core   0: 0x0000000080004d7a (0xc2137753) fcvt.wu.d a4, ft6
core   0: 1 0x0000000080004d7a (0xc2137753) x14 0x000000007fffbb44
core   0: 0x0000000080004d7e (0x00191573) csrrw   a0, fflags, s2
core   0: 1 0x0000000080004d7e (0x00191573) x10 0x0000000000000004 c1_fflags 0x000000000000001f
core   0: 0x0000000080004d82 (0x001b1a73) csrrw   s4, fflags, s6
core   0: 1 0x0000000080004d82 (0x001b1a73) x20 0x000000000000001f c1_fflags 0x0000000000000000
core   0: 0x0000000080004d86 (0xc81d90f3) csrrw   ra, timeh, s11
core   0: exception trap_illegal_instruction, epc 0x0000000080004d86
core   0:           tval 0x00000000c81d90f3
core   0: >>>>  $xrv64i2p1_m2p0_a2p1_f2p2_d2p2_zicsr2p0_zifencei2p0_zmmul1p0_zba1p0_zbb1p0_zbc1p0_zbs1p0
core   0: 0x0000000080004000 (0x0080006f) j       pc + 0x8
core   0: 3 0x0000000080004000 (0x0080006f)
core   0: >>>>  mmode_exception_handler
core   0: 0x0000000080004008 (0x00002c17) auipc   s8, 0x2
core   0: 3 0x0000000080004008 (0x00002c17) x24 0x0000000080006008
core   0: 0x000000008000400c (0x058c0c13) addi    s8, s8, 88
core   0: 3 0x000000008000400c (0x058c0c13) x24 0x0000000080006060
core   0: 0x0000000080004010 (0x000c00e7) jalr    s8
core   0: 3 0x0000000080004010 (0x000c00e7) x1  0x0000000080004014
core   0: >>>>  any_handler
core   0: 0x0000000080006060 (0x341027f3) csrrs   a5, mepc, zero
core   0: 3 0x0000000080006060 (0x341027f3) x15 0x0000000080004d86
core   0: 0x0000000080006064 (0x34202773) csrrs   a4, mcause, zero
core   0: 3 0x0000000080006064 (0x34202773) x14 0x0000000000000002
core   0: 0x0000000080006068 (0x142026f3) csrrs   a3, scause, zero
core   0: 3 0x0000000080006068 (0x142026f3) x13 0x0000000000000000
core   0: 0x000000008000606c (0x30402673) csrrs   a2, mie, zero
core   0: 3 0x000000008000606c (0x30402673) x12 0x0000000000000a00
core   0: 0x0000000080006070 (0x344025f3) csrrs   a1, mip, zero
core   0: 3 0x0000000080006070 (0x344025f3) x11 0x0000000000000080
core   0: 0x0000000080006074 (0x343025f3) csrrs   a1, mtval, zero
core   0: 3 0x0000000080006074 (0x343025f3) x11 0x00000000c81d90f3
core   0: 0x0000000080006078 (0x14302573) csrrs   a0, stval, zero
core   0: 3 0x0000000080006078 (0x14302573) x10 0x0000000000000000
core   0: 0x000000008000607c (0xb02024f3) csrrs   s1, minstret, zero
core   0: 3 0x000000008000607c (0xb02024f3) x9  0x0000000000000c93
core   0: 0x0000000080006080 (0x0000a811) c.j     pc + 20
core   0: 3 0x0000000080006080 (0xa811)
core   0: >>>>  mepc_4
core   0: 0x0000000080006094 (0x00000791) c.addi  a5, 4
core   0: 3 0x0000000080006094 (0x0791) x15 0x0000000080004d8a
core   0: 0x0000000080006096 (0x34179073) csrrw   zero, mepc, a5
core   0: 3 0x0000000080006096 (0x34179073) c833_mepc 0x0000000080004d8a
core   0: 0x000000008000609a (0x30200073) mret
core   0: 3 0x000000008000609a (0x30200073) c768_mstatus 0x8000000a00106080
core   0: 0x0000000080004d8a (0x0279f9d3) fadd.d  fs3, fs3, ft7
core   0: 1 0x0000000080004d8a (0x0279f9d3) f19 0x7ff8000000000000
core   0: 0x0000000080004d8e (0x2bca83d3) fmin.d  ft7, fs5, ft8
core   0: 1 0x0000000080004d8e (0x2bca83d3) f7  0x7ff8000000000000
core   0: 0x0000000080004d92 (0x01464a33) xor     s4, a2, s4
core   0: 1 0x0000000080004d92 (0x01464a33) x20 0x0000000000000a1f
core   0: 0x0000000080004d96 (0x01462ab3) slt     s5, a2, s4
core   0: 1 0x0000000080004d96 (0x01462ab3) x21 0x0000000000000001
core   0: 0x0000000080004d9a (0x00f79abb) sllw    s5, a5, a5
core   0: 1 0x0000000080004d9a (0x00f79abb) x21 0x0000000001362800
core   0: 0x0000000080004d9e (0x40e8803b) subw    zero, a7, a4
core   0: 1 0x0000000080004d9e (0x40e8803b)
core   0: 0x0000000080004da2 (0x42730993) addi    s3, t1, 1063
core   0: 1 0x0000000080004da2 (0x42730993) x19 0x8000000000000426
core   0: 0x0000000080004da6 (0xca7cf0cb) fnmsub.d ft1, fs9, ft7, fs9
core   0: 1 0x0000000080004da6 (0xca7cf0cb) f1  0x7ff8000000000000
core   0: 0x0000000080004daa (0xd03374d3) fcvt.s.lu fs1, t1
core   0: 1 0x0000000080004daa (0xd03374d3) c1_fflags 0x0000000000000001 f9  0xffffffff5f000000
core   0: 0x0000000080004dae (0x03690b3b) mulw    s6, s2, s6
core   0: 1 0x0000000080004dae (0x03690b3b) x22 0x0000000000000000
core   0: 0x0000000080004db2 (0x40340433) sub     s0, s0, gp
core   0: 1 0x0000000080004db2 (0x40340433) x8  0x0000000000000000
core   0: 0x0000000080004db6 (0x02467453) fadd.d  fs0, fa2, ft4
core   0: 1 0x0000000080004db6 (0x02467453) f8  0x7ff8000000000000
core   0: 0x0000000080004dba (0x0358583b) divuw   a6, a6, s5
core   0: 1 0x0000000080004dba (0x0358583b) x16 0x0000000000000069
core   0: 0x0000000080004dbe (0x01aad6bb) srlw    a3, s5, s10
core   0: 1 0x0000000080004dbe (0x01aad6bb) x13 0x0000000001362800
core   0: 0x0000000080004dc2 (0x016a4e33) xor     t3, s4, s6
core   0: 1 0x0000000080004dc2 (0x016a4e33) x28 0x0000000000000a1f
core   0: 0x0000000080004dc6 (0xfecac3b7) lui     t2, 0xfecac
core   0: 1 0x0000000080004dc6 (0xfecac3b7) x7  0xfffffffffecac000
core   0: 0x0000000080004dca (0xa913839b) addiw   t2, t2, -1391
core   0: 1 0x0000000080004dca (0xa913839b) x7  0xfffffffffecaba91
core   0: 0x0000000080004dce (0x000003b6) c.slli  t2, 13
core   0: 1 0x0000000080004dce (0x03b6) x7  0xffffffd957522000
core   0: 0x0000000080004dd0 (0x43538393) addi    t2, t2, 1077
core   0: 1 0x0000000080004dd0 (0x43538393) x7  0xffffffd957522435
core   0: 0x0000000080004dd4 (0x03cc90b3) mulh    ra, s9, t3
core   0: 1 0x0000000080004dd4 (0x03cc90b3) x1  0x0000000000000000
core   0: 0x0000000080004dd8 (0x039e05bb) mulw    a1, t3, s9
core   0: 1 0x0000000080004dd8 (0x039e05bb) x11 0x0000000000000000
core   0: 0x0000000080004ddc (0x02424633) div     a2, tp, tp
core   0: 1 0x0000000080004ddc (0x02424633) x12 0x0000000000000001
core   0: 0x0000000080004de0 (0x420c8fd3) fcvt.d.s ft11, fs9
core   0: 1 0x0000000080004de0 (0x420c8fd3) f31 0x7ff8000000000000
core   0: 0x0000000080004de4 (0x0b3e76d3) fsub.d  fa3, ft8, fs3
core   0: 1 0x0000000080004de4 (0x0b3e76d3) f13 0x7ff8000000000000
core   0: 0x0000000080004de8 (0x018d953b) sllw    a0, s11, s8
core   0: 1 0x0000000080004de8 (0x018d953b) x10 0x0000000000000000
core   0: 0x0000000080004dec (0x126df1d3) fmul.d  ft3, fs11, ft6
core   0: 1 0x0000000080004dec (0x126df1d3) f3  0x7ff8000000000000
core   0: 0x0000000080004df0 (0xd0357a53) fcvt.s.lu fs4, a0
core   0: 1 0x0000000080004df0 (0xd0357a53) f20 0xffffffff00000000
core   0: 0x0000000080004df4 (0xc20a70d3) fcvt.w.d ra, fs4
core   0: 1 0x0000000080004df4 (0xc20a70d3) c1_fflags 0x0000000000000011 x1  0x000000007fffffff
core   0: 0x0000000080004df8 (0x014c0ebb) addw    t4, s8, s4
core   0: 1 0x0000000080004df8 (0x014c0ebb) x29 0xffffffff80006a7f
core   0: 0x0000000080004dfc (0x405c5c33) sra     s8, s8, t0
core   0: 1 0x0000000080004dfc (0x405c5c33) x24 0x0000000000000000
core   0: 0x0000000080004e00 (0x2322a853) fsgnjx.d fa6, ft5, fs2
core   0: 1 0x0000000080004e00 (0x2322a853) f16 0xffffffff00000000
core   0: 0x0000000080004e04 (0x01981cbb) sllw    s9, a6, s9
core   0: 1 0x0000000080004e04 (0x01981cbb) x25 0x0000000000000069
core   0: 0x0000000080004e08 (0x0325cc3b) divw    s8, a1, s2
core   0: 1 0x0000000080004e08 (0x0325cc3b) x24 0x0000000000000000
core   0: 0x0000000080004e0c (0x00be89bb) addw    s3, t4, a1
core   0: 1 0x0000000080004e0c (0x00be89bb) x19 0xffffffff80006a7f
core   0: 0x0000000080004e10 (0x018bc833) xor     a6, s7, s8
core   0: 1 0x0000000080004e10 (0x018bc833) x16 0x0000000000000000
core   0: 0x0000000080004e14 (0x0beefed3) fsub.d  ft9, ft9, ft10
core   0: 1 0x0000000080004e14 (0x0beefed3) f29 0x7ff8000000000000
core   0: 0x0000000080004e18 (0x0020c333) xor     t1, ra, sp
core   0: 1 0x0000000080004e18 (0x0020c333) x6  0x000000007fffffff
core   0: 0x0000000080004e1c (0xe24e724f) fnmadd.d ft4, ft8, ft4, ft8
core   0: 1 0x0000000080004e1c (0xe24e724f) f4  0x7ff8000000000000
core   0: 0x0000000080004e20 (0x02a0f53b) remuw   a0, ra, a0
core   0: 1 0x0000000080004e20 (0x02a0f53b) x10 0x000000007fffffff
core   0: 0x0000000080004e24 (0x00000001) c.nop
core   0: 1 0x0000000080004e24 (0x0001)
core   0: 0x0000000080004e26 (0x02388233) mul     tp, a7, gp
core   0: 1 0x0000000080004e26 (0x02388233) x4  0x0000000000000000
core   0: 0x0000000080004e2a (0x03d8483b) divw    a6, a6, t4
core   0: 1 0x0000000080004e2a (0x03d8483b) x16 0x0000000000000000
core   0: 0x0000000080004e2e (0xa3d227d3) feq.d   a5, ft4, ft9
core   0: 1 0x0000000080004e2e (0xa3d227d3) x15 0x0000000000000000
core   0: 0x0000000080004e32 (0xfb818693) addi    a3, gp, -72
core   0: 1 0x0000000080004e32 (0xfb818693) x13 0xffffffffffffffb8
core   0: 0x0000000080004e36 (0x02f7e2b3) rem     t0, a5, a5
core   0: 1 0x0000000080004e36 (0x02f7e2b3) x5  0x0000000000000000
core   0: 0x0000000080004e3a (0x224c0353) fsgnj.d ft6, fs8, ft4
core   0: 1 0x0000000080004e3a (0x224c0353) f6  0x7ff8000000000000
core   0: 0x0000000080004e3e (0x021960bb) remw    ra, s2, ra
core   0: 1 0x0000000080004e3e (0x021960bb) x1  0x000000000000001f
core   0: 0x0000000080004e42 (0xfa54f64f) fnmadd.d fa2, fs1, ft5, ft11
core   0: 1 0x0000000080004e42 (0xfa54f64f) f12 0x7ff8000000000000
core   0: 0x0000000080004e46 (0x02079113) slli    sp, a5, 32
core   0: 1 0x0000000080004e46 (0x02079113) x2  0x0000000000000000
core   0: 0x0000000080004e4a (0x4e9bb617) auipc   a2, 0x4e9bb
core   0: 1 0x0000000080004e4a (0x4e9bb617) x12 0x00000000ce9bfe4a
core   0: 0x0000000080004e4e (0x2a798453) fmin.d  fs0, fs3, ft7
core   0: 1 0x0000000080004e4e (0x2a798453) f8  0x7ff8000000000000
core   0: 0x0000000080004e52 (0x0336dd93) srli    s11, a3, 51
core   0: 1 0x0000000080004e52 (0x0336dd93) x27 0x0000000000001fff
core   0: 0x0000000080004e56 (0x7ffd871b) addiw   a4, s11, 2047
core   0: 1 0x0000000080004e56 (0x7ffd871b) x14 0x00000000000027fe
core   0: 0x0000000080004e5a (0x23ab0d53) fsgnj.d fs10, fs6, fs10
core   0: 1 0x0000000080004e5a (0x23ab0d53) f26 0x7ff8000000000000
core   0: 0x0000000080004e5e (0x017c5abb) srlw    s5, s8, s7
core   0: 1 0x0000000080004e5e (0x017c5abb) x21 0x0000000000000000
core   0: 0x0000000080004e62 (0x5a0f7553) fsqrt.d fa0, ft10
core   0: 1 0x0000000080004e62 (0x5a0f7553) f10 0x7ff8000000000000
core   0: 0x0000000080004e66 (0x00261c73) csrrw   s8, frm, a2
core   0: 1 0x0000000080004e66 (0x00261c73) x24 0x0000000000000000 c2_frm 0x0000000000000002
core   0: 0x0000000080004e6a (0x0073e333) or      t1, t2, t2
core   0: 1 0x0000000080004e6a (0x0073e333) x6  0xffffffd957522435
core   0: 0x0000000080004e6e (0xa37d0b53) fle.d   s6, fs10, fs7
core   0: 1 0x0000000080004e6e (0xa37d0b53) c1_fflags 0x0000000000000011 x22 0x0000000000000000
core   0: 0x0000000080004e72 (0xc23574d3) fcvt.lu.d s1, fa0
core   0: 1 0x0000000080004e72 (0xc23574d3) c1_fflags 0x0000000000000011 x9  0xffffffffffffffff
core   0: 0x0000000080004e76 (0xc201f653) fcvt.w.d a2, ft3
core   0: 1 0x0000000080004e76 (0xc201f653) c1_fflags 0x0000000000000011 x12 0x000000007fffffff
core   0: 0x0000000080004e7a (0xd21e8653) fcvt.d.wu fa2, t4
core   0: 1 0x0000000080004e7a (0xd21e8653) f12 0x41e0000d4fe00000
core   0: 0x0000000080004e7e (0x00102173) csrrs   sp, fflags, zero
core   0: 1 0x0000000080004e7e (0x00102173) x2  0x0000000000000011
core   0: 0x0000000080004e82 (0x002027f3) csrrs   a5, frm, zero
core   0: 1 0x0000000080004e82 (0x002027f3) x15 0x0000000000000002
core   0: 0x0000000080004e86 (0x2337a253) fsgnjx.d ft4, fa5, fs3
core   0: 1 0x0000000080004e86 (0x2337a253) f4  0xc0af6c0000000000
core   0: 0x0000000080004e8a (0x01d7ddb3) srl     s11, a5, t4
core   0: 1 0x0000000080004e8a (0x01d7ddb3) x27 0x0000000000000000
core   0: 0x0000000080004e8e (0xf2030cd3) fmv.d.x fs9, t1
core   0: 1 0x0000000080004e8e (0xf2030cd3) f25 0xffffffd957522435
core   0: 0x0000000080004e92 (0x02316133) rem     sp, sp, gp
core   0: 1 0x0000000080004e92 (0x02316133) x2  0x0000000000000011
core   0: 0x0000000080004e96 (0x02721833) mulh    a6, tp, t2
core   0: 1 0x0000000080004e96 (0x02721833) x16 0x0000000000000000
core   0: 0x0000000080004e9a (0x23b69dd3) fsgnjn.d fs11, fa3, fs11
core   0: 1 0x0000000080004e9a (0x23b69dd3) f27 0xfff8000000000000
core   0: 0x0000000080004e9e (0x5a01f153) fsqrt.d ft2, ft3
core   0: 1 0x0000000080004e9e (0x5a01f153) f2  0x7ff8000000000000
core   0: 0x0000000080004ea2 (0xc021f1d3) fcvt.l.s gp, ft3
core   0: 1 0x0000000080004ea2 (0xc021f1d3) c1_fflags 0x0000000000000011 x3  0x7fffffffffffffff
core   0: 0x0000000080004ea6 (0x00008ca6) c.mv    s9, s1
core   0: 1 0x0000000080004ea6 (0x8ca6) x25 0xffffffffffffffff
core   0: 0x0000000080004ea8 (0xc1648e13) addi    t3, s1, -1002
core   0: 1 0x0000000080004ea8 (0xc1648e13) x28 0xfffffffffffffc15
core   0: 0x0000000080004eac (0x62d08113) addi    sp, ra, 1581
core   0: 1 0x0000000080004eac (0x62d08113) x2  0x000000000000064c
core   0: 0x0000000080004eb0 (0x0106153b) sllw    a0, a2, a6
core   0: 1 0x0000000080004eb0 (0x0106153b) x10 0x000000007fffffff
core   0: 0x0000000080004eb4 (0x41a70ebb) subw    t4, a4, s10
core   0: 1 0x0000000080004eb4 (0x41a70ebb) x29 0x00000000000027fe
core   0: 0x0000000080004eb8 (0x03de8b3b) mulw    s6, t4, t4
core   0: 1 0x0000000080004eb8 (0x03de8b3b) x22 0x00000000063f6004
core   0: 0x0000000080004ebc (0xd2357a53) fcvt.d.lu fs4, a0
core   0: 1 0x0000000080004ebc (0xd2357a53) f20 0x41dfffffffc00000
core   0: 0x0000000080004ec0 (0x33b1e737) lui     a4, 0x33b1e
core   0: 1 0x0000000080004ec0 (0x33b1e737) x14 0x0000000033b1e000
core   0: 0x0000000080004ec4 (0x01f9989b) slliw   a7, s3, 31
core   0: 1 0x0000000080004ec4 (0x01f9989b) x17 0xffffffff80000000
core   0: 0x0000000080004ec8 (0x03331093) slli    ra, t1, 51
core   0: 1 0x0000000080004ec8 (0x03331093) x1  0x21a8000000000000
core   0: 0x0000000080004ecc (0x6b8e0e13) addi    t3, t3, 1720
core   0: 1 0x0000000080004ecc (0x6b8e0e13) x28 0x00000000000002cd
core   0: 0x0000000080004ed0 (0x01c89593) slli    a1, a7, 28
core   0: 1 0x0000000080004ed0 (0x01c89593) x11 0xf800000000000000
core   0: 0x0000000080004ed4 (0xa2620a53) fle.d   s4, ft4, ft6
core   0: 1 0x0000000080004ed4 (0xa2620a53) c1_fflags 0x0000000000000011 x20 0x0000000000000000
core   0: 0x0000000080004ed8 (0xc21df753) fcvt.wu.d a4, fs11
core   0: 1 0x0000000080004ed8 (0xc21df753) c1_fflags 0x0000000000000011 x14 0xffffffffffffffff
core   0: 0x0000000080004edc (0xd21a0ed3) fcvt.d.wu ft9, s4
core   0: 1 0x0000000080004edc (0xd21a0ed3) f29 0x0000000000000000
core   0: 0x0000000080004ee0 (0x2bdf85d3) fmin.d  fa1, ft11, ft9
core   0: 1 0x0000000080004ee0 (0x2bdf85d3) f11 0x0000000000000000
core   0: 0x0000000080004ee4 (0xc20efad3) fcvt.w.d s5, ft9
core   0: 1 0x0000000080004ee4 (0xc20efad3) x21 0x0000000000000000
core   0: 0x0000000080004ee8 (0x00000001) c.nop
core   0: 1 0x0000000080004ee8 (0x0001)
core   0: 0x0000000080004eea (0x00699a33) sll     s4, s3, t1
core   0: 1 0x0000000080004eea (0x00699a33) x20 0x4fe0000000000000
core   0: 0x0000000080004eee (0x01d5053b) addw    a0, a0, t4
core   0: 1 0x0000000080004eee (0x01d5053b) x10 0xffffffff800027fd
core   0: 0x0000000080004ef2 (0x1b6573d3) fdiv.d  ft7, fa0, fs6
core   0: 1 0x0000000080004ef2 (0x1b6573d3) f7  0x7ff8000000000000
core   0: 0x0000000080004ef6 (0xcbdef313) andi    t1, t4, -835
core   0: 1 0x0000000080004ef6 (0xcbdef313) x6  0x00000000000024bc
core   0: 0x0000000080004efa (0xc2057c53) fcvt.w.d s8, fa0
core   0: 1 0x0000000080004efa (0xc2057c53) c1_fflags 0x0000000000000011 x24 0x000000007fffffff
core   0: 0x0000000080004efe (0xd238fa53) fcvt.d.lu fs4, a7
core   0: 1 0x0000000080004efe (0xd238fa53) f20 0x43effffffff00000
core   0: 0x0000000080004f02 (0x010898bb) sllw    a7, a7, a6
core   0: 1 0x0000000080004f02 (0x010898bb) x17 0xffffffff80000000
core   0: 0x0000000080004f06 (0x0b4e7ad3) fsub.d  fs5, ft8, fs4
core   0: 1 0x0000000080004f06 (0x0b4e7ad3) f21 0x7ff8000000000000
core   0: 0x0000000080004f0a (0x2acc7e93) andi    t4, s8, 684
core   0: 1 0x0000000080004f0a (0x2acc7e93) x29 0x00000000000002ac
core   0: 0x0000000080004f0e (0x01d74a33) xor     s4, a4, t4
core   0: 1 0x0000000080004f0e (0x01d74a33) x20 0xfffffffffffffd53
core   0: 0x0000000080004f12 (0x0141803b) addw    zero, gp, s4
core   0: 1 0x0000000080004f12 (0x0141803b)
core   0: 0x0000000080004f16 (0x650e1817) auipc   a6, 0x650e1
core   0: 1 0x0000000080004f16 (0x650e1817) x16 0x00000000e50e5f16
core   0: 0x0000000080004f1a (0xc23bf5d3) fcvt.lu.d a1, fs7
core   0: 1 0x0000000080004f1a (0xc23bf5d3) c1_fflags 0x0000000000000011 x11 0xffffffffffffffff
core   0: 0x0000000080004f1e (0xc02af1d3) fcvt.l.s gp, fs5
core   0: 1 0x0000000080004f1e (0xc02af1d3) c1_fflags 0x0000000000000011 x3  0x7fffffffffffffff
core   0: 0x0000000080004f22 (0x001029f3) csrrs   s3, fflags, zero
core   0: 1 0x0000000080004f22 (0x001029f3) x19 0x0000000000000011
core   0: 0x0000000080004f26 (0xd234f053) fcvt.d.lu ft0, s1
core   0: 1 0x0000000080004f26 (0xd234f053) c1_fflags 0x0000000000000011 f0  0x43efffffffffffff
core   0: 0x0000000080004f2a (0x02f79113) slli    sp, a5, 47
core   0: 1 0x0000000080004f2a (0x02f79113) x2  0x0001000000000000
core   0: 0x0000000080004f2e (0x0252cb3b) divw    s6, t0, t0
core   0: 1 0x0000000080004f2e (0x0252cb3b) x22 0xffffffffffffffff
core   0: 0x0000000080004f32 (0xd21b03d3) fcvt.d.wu ft7, s6
core   0: 1 0x0000000080004f32 (0xd21b03d3) f7  0x41efffffffe00000
core   0: 0x0000000080004f36 (0xc034f0d3) fcvt.lu.s ra, fs1
core   0: 1 0x0000000080004f36 (0xc034f0d3) x1  0x8000000000000000
core   0: 0x0000000080004f3a (0x00000001) c.nop
core   0: 1 0x0000000080004f3a (0x0001)
core   0: 0x0000000080004f3c (0x3f00e513) ori     a0, ra, 1008
core   0: 1 0x0000000080004f3c (0x3f00e513) x10 0x80000000000003f0
core   0: 0x0000000080004f40 (0x2bc39c53) fmax.d  fs8, ft7, ft8
core   0: 1 0x0000000080004f40 (0x2bc39c53) f24 0x41efffffffe00000
core   0: 0x0000000080004f44 (0x827affc7) fmsub.d ft11, fs5, ft7, fa6
core   0: 1 0x0000000080004f44 (0x827affc7) f31 0x7ff8000000000000
core   0: 0x0000000080004f48 (0x01170cb3) add     s9, a4, a7
core   0: 1 0x0000000080004f48 (0x01170cb3) x25 0xffffffff7fffffff
core   0: 0x0000000080004f4c (0x5a097bd3) fsqrt.d fs7, fs2
core   0: 1 0x0000000080004f4c (0x5a097bd3) c1_fflags 0x0000000000000011 f23 0x40116f8334644df8
core   0: 0x0000000080004f50 (0xe20681d3) fmv.x.d gp, fa3
core   0: 1 0x0000000080004f50 (0xe20681d3) x3  0x7ff8000000000000
core   0: 0x0000000080004f54 (0xf2827e13) andi    t3, tp, -216
core   0: 1 0x0000000080004f54 (0xf2827e13) x28 0x0000000000000000
core   0: 0x0000000080004f58 (0xef847113) andi    sp, s0, -264
core   0: 1 0x0000000080004f58 (0xef847113) x2  0x0000000000000000
core   0: 0x0000000080004f5c (0xd20185d3) fcvt.d.w fa1, gp
core   0: 1 0x0000000080004f5c (0xd20185d3) f11 0x0000000000000000
core   0: 0x0000000080004f60 (0xc02bf7d3) fcvt.l.s a5, fs7
core   0: 1 0x0000000080004f60 (0xc02bf7d3) c1_fflags 0x0000000000000011 x15 0x7fffffffffffffff
core   0: 0x0000000080004f64 (0x02a37953) fadd.d  fs2, ft6, fa0
core   0: 1 0x0000000080004f64 (0x02a37953) f18 0x7ff8000000000000
core   0: 0x0000000080004f68 (0x42030dd3) fcvt.d.s fs11, ft6
core   0: 1 0x0000000080004f68 (0x42030dd3) f27 0x7ff8000000000000
core   0: 0x0000000080004f6c (0xd20204d3) fcvt.d.w fs1, tp
core   0: 1 0x0000000080004f6c (0xd20204d3) f9  0x0000000000000000
core   0: 0x0000000080004f70 (0x7476e373) csrrsi  t1, mseccfg, 13
core   0: exception trap_illegal_instruction, epc 0x0000000080004f70
core   0:           tval 0x000000007476e373
core   0: >>>>  $xrv64i2p1_m2p0_a2p1_f2p2_d2p2_zicsr2p0_zifencei2p0_zmmul1p0_zba1p0_zbb1p0_zbc1p0_zbs1p0
core   0: 0x0000000080004000 (0x0080006f) j       pc + 0x8
core   0: 3 0x0000000080004000 (0x0080006f)
core   0: >>>>  mmode_exception_handler
core   0: 0x0000000080004008 (0x00002c17) auipc   s8, 0x2
core   0: 3 0x0000000080004008 (0x00002c17) x24 0x0000000080006008
core   0: 0x000000008000400c (0x058c0c13) addi    s8, s8, 88
core   0: 3 0x000000008000400c (0x058c0c13) x24 0x0000000080006060
core   0: 0x0000000080004010 (0x000c00e7) jalr    s8
core   0: 3 0x0000000080004010 (0x000c00e7) x1  0x0000000080004014
core   0: >>>>  any_handler
core   0: 0x0000000080006060 (0x341027f3) csrrs   a5, mepc, zero
core   0: 3 0x0000000080006060 (0x341027f3) x15 0x0000000080004f70
core   0: 0x0000000080006064 (0x34202773) csrrs   a4, mcause, zero
core   0: 3 0x0000000080006064 (0x34202773) x14 0x0000000000000002
core   0: 0x0000000080006068 (0x142026f3) csrrs   a3, scause, zero
core   0: 3 0x0000000080006068 (0x142026f3) x13 0x0000000000000000
core   0: 0x000000008000606c (0x30402673) csrrs   a2, mie, zero
core   0: 3 0x000000008000606c (0x30402673) x12 0x0000000000000a00
core   0: 0x0000000080006070 (0x344025f3) csrrs   a1, mip, zero
core   0: 3 0x0000000080006070 (0x344025f3) x11 0x0000000000000080
core   0: 0x0000000080006074 (0x343025f3) csrrs   a1, mtval, zero
core   0: 3 0x0000000080006074 (0x343025f3) x11 0x000000007476e373
core   0: 0x0000000080006078 (0x14302573) csrrs   a0, stval, zero
core   0: 3 0x0000000080006078 (0x14302573) x10 0x0000000000000000
core   0: 0x000000008000607c (0xb02024f3) csrrs   s1, minstret, zero
core   0: 3 0x000000008000607c (0xb02024f3) x9  0x0000000000000d1f
core   0: 0x0000000080006080 (0x0000a811) c.j     pc + 20
core   0: 3 0x0000000080006080 (0xa811)
core   0: >>>>  mepc_4
core   0: 0x0000000080006094 (0x00000791) c.addi  a5, 4
core   0: 3 0x0000000080006094 (0x0791) x15 0x0000000080004f74
core   0: 0x0000000080006096 (0x34179073) csrrw   zero, mepc, a5
core   0: 3 0x0000000080006096 (0x34179073) c833_mepc 0x0000000080004f74
core   0: 0x000000008000609a (0x30200073) mret
core   0: 3 0x000000008000609a (0x30200073) c768_mstatus 0x8000000a00106080
core   0: 0x0000000080004f74 (0x028d4233) div     tp, s10, s0
core   0: 1 0x0000000080004f74 (0x028d4233) x4  0xffffffffffffffff
core   0: 0x0000000080004f78 (0x0b6b7dd3) fsub.d  fs11, fs6, fs6
core   0: 1 0x0000000080004f78 (0x0b6b7dd3) f27 0x7ff8000000000000
core   0: 0x0000000080004f7c (0xfedd99b7) lui     s3, 0xfedd9
core   0: 1 0x0000000080004f7c (0xfedd99b7) x19 0xfffffffffedd9000
core   0: 0x0000000080004f80 (0x1e79899b) addiw   s3, s3, 487
core   0: 1 0x0000000080004f80 (0x1e79899b) x19 0xfffffffffedd91e7
core   0: 0x0000000080004f84 (0x000009ba) c.slli  s3, 14
core   0: 1 0x0000000080004f84 (0x09ba) x19 0xffffffb76479c000
core   0: 0x0000000080004f86 (0x27c98993) addi    s3, s3, 636
core   0: 1 0x0000000080004f86 (0x27c98993) x19 0xffffffb76479c27c
core   0: 0x0000000080004f8a (0x0186113b) sllw    sp, a2, s8
core   0: 1 0x0000000080004f8a (0x0186113b) x2  0x0000000000000a00
core   0: 0x0000000080004f8e (0x00029213) slli    tp, t0, 0
core   0: 1 0x0000000080004f8e (0x00029213) x4  0x0000000000000000
core   0: 0x0000000080004f92 (0x0168053b) addw    a0, a6, s6
core   0: 1 0x0000000080004f92 (0x0168053b) x10 0xffffffffe50e5f15
core   0: 0x0000000080004f96 (0xdb4ff6cf) fnmadd.d fa3, ft11, fs4, fs11
core   0: 1 0x0000000080004f96 (0xdb4ff6cf) f13 0x7ff8000000000000
core   0: 0x0000000080004f9a (0xc236f0d3) fcvt.lu.d ra, fa3
core   0: 1 0x0000000080004f9a (0xc236f0d3) c1_fflags 0x0000000000000011 x1  0xffffffffffffffff
core   0: 0x0000000080004f9e (0x024d9033) mulh    zero, s11, tp
core   0: 1 0x0000000080004f9e (0x024d9033)
core   0: 0x0000000080004fa2 (0x2ada0153) fmin.d  ft2, fs4, fa3
core   0: 1 0x0000000080004fa2 (0x2ada0153) f2  0x43effffffff00000
core   0: 0x0000000080004fa6 (0x00102173) csrrs   sp, fflags, zero
core   0: 1 0x0000000080004fa6 (0x00102173) x2  0x0000000000000011
core   0: 0x0000000080004faa (0x12a37313) andi    t1, t1, 298
core   0: 1 0x0000000080004faa (0x12a37313) x6  0x0000000000000028
core   0: 0x0000000080004fae (0xd0237053) fcvt.s.l ft0, t1
core   0: 1 0x0000000080004fae (0xd0237053) f0  0xffffffff42200000
core   0: 0x0000000080004fb2 (0x0bbf7753) fsub.d  fa4, ft10, fs11
core   0: 1 0x0000000080004fb2 (0x0bbf7753) f14 0x7ff8000000000000
core   0: 0x0000000080004fb6 (0xc2377053) fcvt.lu.d zero, fa4
core   0: 1 0x0000000080004fb6 (0xc2377053) c1_fflags 0x0000000000000011
core   0: 0x0000000080004fba (0x014244b3) xor     s1, tp, s4
core   0: 1 0x0000000080004fba (0x014244b3) x9  0xfffffffffffffd53
core   0: 0x0000000080004fbe (0x000056bb) srlw    a3, zero, zero
core   0: 1 0x0000000080004fbe (0x000056bb) x13 0x0000000000000000
core   0: 0x0000000080004fc2 (0x01873c33) sltu    s8, a4, s8
core   0: 1 0x0000000080004fc2 (0x01873c33) x24 0x0000000000000001
core   0: 0x0000000080004fc6 (0x225b9653) fsgnjn.d fa2, fs7, ft5
core   0: 1 0x0000000080004fc6 (0x225b9653) f12 0x40116f8334644df8
core   0: 0x0000000080004fca (0x41c9de33) sra     t3, s3, t3
core   0: 1 0x0000000080004fca (0x41c9de33) x28 0xffffffb76479c27c
core   0: 0x0000000080004fce (0x40fe0433) sub     s0, t3, a5
core   0: 1 0x0000000080004fce (0x40fe0433) x8  0xffffffb6e4797308
core   0: 0x0000000080004fd2 (0x415a81bb) subw    gp, s5, s5
core   0: 1 0x0000000080004fd2 (0x415a81bb) x3  0x0000000000000000
core   0: 0x0000000080004fd6 (0x00009dce) c.add   s11, s3
core   0: 1 0x0000000080004fd6 (0x9dce) x27 0xffffffb76479c27c
core   0: 0x0000000080004fd8 (0x00000001) c.nop
core   0: 1 0x0000000080004fd8 (0x0001)
core   0: 0x0000000080004fda (0xe20b8b53) fmv.x.d s6, fs7
core   0: 1 0x0000000080004fda (0xe20b8b53) x22 0x40116f8334644df8
core   0: 0x0000000080004fde (0x420f85d3) fcvt.d.s fa1, ft11
core   0: 1 0x0000000080004fde (0x420f85d3) f11 0x7ff8000000000000
core   0: 0x0000000080004fe2 (0x5a007653) fsqrt.d fa2, ft0
core   0: 1 0x0000000080004fe2 (0x5a007653) f12 0x7ff8000000000000
core   0: 0x0000000080004fe6 (0x020a733b) remuw   t1, s4, zero
core   0: 1 0x0000000080004fe6 (0x020a733b) x6  0xfffffffffffffd53
core   0: 0x0000000080004fea (0x2b407693) andi    a3, zero, 692
core   0: 1 0x0000000080004fea (0x2b407693) x13 0x0000000000000000
core   0: 0x0000000080004fee (0x41385393) srai    t2, a6, 19
core   0: 1 0x0000000080004fee (0x41385393) x7  0x0000000000001ca1
core   0: 0x0000000080004ff2 (0xdca3859b) addiw   a1, t2, -566
core   0: 1 0x0000000080004ff2 (0xdca3859b) x11 0x0000000000001a6b
core   0: 0x0000000080004ff6 (0x5a087353) fsqrt.d ft6, fa6
core   0: 1 0x0000000080004ff6 (0x5a087353) f6  0x7ff8000000000000
core   0: 0x0000000080004ffa (0x0004db1b) srliw   s6, s1, 0
core   0: 1 0x0000000080004ffa (0x0004db1b) x22 0xfffffffffffffd53
core   0: 0x0000000080004ffe (0x0265d0bb) divuw   ra, a1, t1
core   0: 1 0x0000000080004ffe (0x0265d0bb) x1  0x0000000000000000
core   0: 0x0000000080005002 (0x40ba8cbb) subw    s9, s5, a1
core   0: 1 0x0000000080005002 (0x40ba8cbb) x25 0xffffffffffffe595
core   0: 0x0000000080005006 (0xa8c4a897) auipc   a7, 0xa8c4a
core   0: 1 0x0000000080005006 (0xa8c4a897) x17 0x0000000028c4f006
core   0: 0x000000008000500a (0x0ff0000f) fence   iorw,iorw
core   0: 1 0x000000008000500a (0x0ff0000f)
core   0: 0x000000008000500e (0x00108c3b) addw    s8, ra, ra
core   0: 1 0x000000008000500e (0x00108c3b) x24 0x0000000000000000
core   0: 0x0000000080005012 (0x4148d61b) sraiw   a2, a7, 20
core   0: 1 0x0000000080005012 (0x4148d61b) x12 0x000000000000028c
core   0: 0x0000000080005016 (0x034673bb) remuw   t2, a2, s4
core   0: 1 0x0000000080005016 (0x034673bb) x7  0x000000000000028c
core   0: 0x000000008000501a (0xb27c3d13) sltiu   s10, s8, -1241
core   0: 1 0x000000008000501a (0xb27c3d13) x26 0x0000000000000001
core   0: 0x000000008000501e (0x3ad473c7) fmsub.d ft7, fs0, fa3, ft7
core   0: 1 0x000000008000501e (0x3ad473c7) f7  0x7ff8000000000000
core   0: 0x0000000080005022 (0x2bf70fd3) fmin.d  ft11, fa4, ft11
core   0: 1 0x0000000080005022 (0x2bf70fd3) f31 0x7ff8000000000000
core   0: 0x0000000080005026 (0x01aa02bb) addw    t0, s4, s10
core   0: 1 0x0000000080005026 (0x01aa02bb) x5  0xfffffffffffffd54
core   0: 0x000000008000502a (0xb82fe873) csrrsi  a6, minstreth, 31
core   0: exception trap_illegal_instruction, epc 0x000000008000502a
core   0:           tval 0x00000000b82fe873
core   0: >>>>  $xrv64i2p1_m2p0_a2p1_f2p2_d2p2_zicsr2p0_zifencei2p0_zmmul1p0_zba1p0_zbb1p0_zbc1p0_zbs1p0
core   0: 0x0000000080004000 (0x0080006f) j       pc + 0x8
core   0: 3 0x0000000080004000 (0x0080006f)
core   0: >>>>  mmode_exception_handler
core   0: 0x0000000080004008 (0x00002c17) auipc   s8, 0x2
core   0: 3 0x0000000080004008 (0x00002c17) x24 0x0000000080006008
core   0: 0x000000008000400c (0x058c0c13) addi    s8, s8, 88
core   0: 3 0x000000008000400c (0x058c0c13) x24 0x0000000080006060
core   0: 0x0000000080004010 (0x000c00e7) jalr    s8
core   0: 3 0x0000000080004010 (0x000c00e7) x1  0x0000000080004014
core   0: >>>>  any_handler
core   0: 0x0000000080006060 (0x341027f3) csrrs   a5, mepc, zero
core   0: 3 0x0000000080006060 (0x341027f3) x15 0x000000008000502a
core   0: 0x0000000080006064 (0x34202773) csrrs   a4, mcause, zero
core   0: 3 0x0000000080006064 (0x34202773) x14 0x0000000000000002
core   0: 0x0000000080006068 (0x142026f3) csrrs   a3, scause, zero
core   0: 3 0x0000000080006068 (0x142026f3) x13 0x0000000000000000
core   0: 0x000000008000606c (0x30402673) csrrs   a2, mie, zero
core   0: 3 0x000000008000606c (0x30402673) x12 0x0000000000000a00
core   0: 0x0000000080006070 (0x344025f3) csrrs   a1, mip, zero
core   0: 3 0x0000000080006070 (0x344025f3) x11 0x0000000000000080
core   0: 0x0000000080006074 (0x343025f3) csrrs   a1, mtval, zero
core   0: 3 0x0000000080006074 (0x343025f3) x11 0x00000000b82fe873
core   0: 0x0000000080006078 (0x14302573) csrrs   a0, stval, zero
core   0: 3 0x0000000080006078 (0x14302573) x10 0x0000000000000000
core   0: 0x000000008000607c (0xb02024f3) csrrs   s1, minstret, zero
core   0: 3 0x000000008000607c (0xb02024f3) x9  0x0000000000000d5e
core   0: 0x0000000080006080 (0x0000a811) c.j     pc + 20
core   0: 3 0x0000000080006080 (0xa811)
core   0: >>>>  mepc_4
core   0: 0x0000000080006094 (0x00000791) c.addi  a5, 4
core   0: 3 0x0000000080006094 (0x0791) x15 0x000000008000502e
core   0: 0x0000000080006096 (0x34179073) csrrw   zero, mepc, a5
core   0: 3 0x0000000080006096 (0x34179073) c833_mepc 0x000000008000502e
core   0: 0x000000008000609a (0x30200073) mret
core   0: 3 0x000000008000609a (0x30200073) c768_mstatus 0x8000000a00106080
core   0: 0x000000008000502e (0x0008dd93) srli    s11, a7, 0
core   0: 1 0x000000008000502e (0x0008dd93) x27 0x0000000028c4f006
core   0: 0x0000000080005032 (0xd039f753) fcvt.s.lu fa4, s3
core   0: 1 0x0000000080005032 (0xd039f753) c1_fflags 0x0000000000000011 f14 0xffffffff5f7fffff
core   0: 0x0000000080005036 (0xc23cfed3) fcvt.lu.d t4, fs9
core   0: 1 0x0000000080005036 (0xc23cfed3) c1_fflags 0x0000000000000011 x29 0xffffffffffffffff
core   0: 0x000000008000503a (0x00000001) c.nop
core   0: 1 0x000000008000503a (0x0001)
core   0: 0x000000008000503c (0x01dc7433) and     s0, s8, t4
core   0: 1 0x000000008000503c (0x01dc7433) x8  0x0000000080006060
core   0: 0x0000000080005040 (0x028c7d33) remu    s10, s8, s0
core   0: 1 0x0000000080005040 (0x028c7d33) x26 0x0000000000000000
core   0: 0x0000000080005044 (0xc03b7c53) fcvt.lu.s s8, fs6
core   0: 1 0x0000000080005044 (0xc03b7c53) c1_fflags 0x0000000000000011 x24 0xffffffffffffffff
core   0: 0x0000000080005048 (0x01a44933) xor     s2, s0, s10
core   0: 1 0x0000000080005048 (0x01a44933) x18 0x0000000080006060
core   0: 0x000000008000504c (0xcab772cf) fnmadd.d ft5, fa4, fa1, fs9
core   0: 1 0x000000008000504c (0xcab772cf) f5  0x7ff8000000000000
core   0: 0x0000000080005050 (0x03991613) slli    a2, s2, 57
core   0: 1 0x0000000080005050 (0x03991613) x12 0xc000000000000000
core   0: 0x0000000080005054 (0x00c67bb3) and     s7, a2, a2
core   0: 1 0x0000000080005054 (0x00c67bb3) x23 0xc000000000000000
core   0: 0x0000000080005058 (0x00d68ab3) add     s5, a3, a3
core   0: 1 0x0000000080005058 (0x00d68ab3) x21 0x0000000000000000
core   0: 0x000000008000505c (0x00a51b3b) sllw    s6, a0, a0
core   0: 1 0x000000008000505c (0x00a51b3b) x22 0x0000000000000000
core   0: 0x0000000080005060 (0xc21877d3) fcvt.wu.d a5, fa6
core   0: 1 0x0000000080005060 (0xc21877d3) c1_fflags 0x0000000000000011 x15 0xffffffffffffffff
core   0: 0x0000000080005064 (0xa2b70953) fle.d   s2, fa4, fa1
core   0: 1 0x0000000080005064 (0xa2b70953) c1_fflags 0x0000000000000011 x18 0x0000000000000000
core   0: 0x0000000080005068 (0xfe6e7ab7) lui     s5, 0xfe6e7
core   0: 1 0x0000000080005068 (0xfe6e7ab7) x21 0xfffffffffe6e7000
core   0: 0x000000008000506c (0x267a8a9b) addiw   s5, s5, 615
core   0: 1 0x000000008000506c (0x267a8a9b) x21 0xfffffffffe6e7267
core   0: 0x0000000080005070 (0x00000ab2) c.slli  s5, 12
core   0: 1 0x0000000080005070 (0x0ab2) x21 0xffffffe6e7267000
core   0: 0x0000000080005072 (0xf0ca8a93) addi    s5, s5, -244
core   0: 1 0x0000000080005072 (0xf0ca8a93) x21 0xffffffe6e7266f0c
core   0: 0x0000000080005076 (0xed2cfb17) auipc   s6, 0xed2cf
core   0: 1 0x0000000080005076 (0xed2cfb17) x22 0x000000006d2d4076
core   0: 0x000000008000507a (0xd21a85d3) fcvt.d.wu fa1, s5
core   0: 1 0x000000008000507a (0xd21a85d3) f11 0x41ece4cde1800000
core   0: 0x000000008000507e (0x02769893) slli    a7, a3, 39
core   0: 1 0x000000008000507e (0x02769893) x17 0x0000000000000000
core   0: 0x0000000080005082 (0x8001819b) addiw   gp, gp, -2048
core   0: 1 0x0000000080005082 (0x8001819b) x3  0xfffffffffffff800
core   0: 0x0000000080005086 (0x41ded233) sra     tp, t4, t4
core   0: 1 0x0000000080005086 (0x41ded233) x4  0xffffffffffffffff
core   0: 0x000000008000508a (0x0bc7f7d3) fsub.d  fa5, fa5, ft8
core   0: 1 0x000000008000508a (0x0bc7f7d3) f15 0x7ff8000000000000
core   0: 0x000000008000508e (0x03d7f9b3) remu    s3, a5, t4
core   0: 1 0x000000008000508e (0x03d7f9b3) x19 0x0000000000000000
core   0: 0x0000000080005092 (0xf2088a53) fmv.d.x fs4, a7
core   0: 1 0x0000000080005092 (0xf2088a53) f20 0x0000000000000000
core   0: 0x0000000080005096 (0xfa266c37) lui     s8, 0xfa266
core   0: 1 0x0000000080005096 (0xfa266c37) x24 0xfffffffffa266000
core   0: 0x000000008000509a (0x66bc0c1b) addiw   s8, s8, 1643
core   0: 1 0x000000008000509a (0x66bc0c1b) x24 0xfffffffffa26666b
core   0: 0x000000008000509e (0x00000c32) c.slli  s8, 12
core   0: 1 0x000000008000509e (0x0c32) x24 0xffffffa26666b000
core   0: 0x00000000800050a0 (0xa5ac0c13) addi    s8, s8, -1446
core   0: 1 0x00000000800050a0 (0xa5ac0c13) x24 0xffffffa26666aa5a
core   0: 0x00000000800050a4 (0x0197503b) srlw    zero, a4, s9
core   0: 1 0x00000000800050a4 (0x0197503b)
core   0: 0x00000000800050a8 (0x022a783b) remuw   a6, s4, sp
core   0: 1 0x00000000800050a8 (0x022a783b) x16 0x000000000000000d
core   0: 0x00000000800050ac (0x005e919b) slliw   gp, t4, 5
core   0: 1 0x00000000800050ac (0x005e919b) x3  0xffffffffffffffe0
core   0: 0x00000000800050b0 (0x0019e6b3) or      a3, s3, ra
core   0: 1 0x00000000800050b0 (0x0019e6b3) x13 0x0000000080004014
core   0: 0x00000000800050b4 (0x57e1eb13) ori     s6, gp, 1406
core   0: 1 0x00000000800050b4 (0x57e1eb13) x22 0xfffffffffffffffe
core   0: 0x00000000800050b8 (0xf142a073) csrrs   zero, mhartid, t0
core   0: exception trap_illegal_instruction, epc 0x00000000800050b8
core   0:           tval 0x00000000f142a073
core   0: >>>>  $xrv64i2p1_m2p0_a2p1_f2p2_d2p2_zicsr2p0_zifencei2p0_zmmul1p0_zba1p0_zbb1p0_zbc1p0_zbs1p0
core   0: 0x0000000080004000 (0x0080006f) j       pc + 0x8
core   0: 3 0x0000000080004000 (0x0080006f)
core   0: >>>>  mmode_exception_handler
core   0: 0x0000000080004008 (0x00002c17) auipc   s8, 0x2
core   0: 3 0x0000000080004008 (0x00002c17) x24 0x0000000080006008
core   0: 0x000000008000400c (0x058c0c13) addi    s8, s8, 88
core   0: 3 0x000000008000400c (0x058c0c13) x24 0x0000000080006060
core   0: 0x0000000080004010 (0x000c00e7) jalr    s8
core   0: 3 0x0000000080004010 (0x000c00e7) x1  0x0000000080004014
core   0: >>>>  any_handler
core   0: 0x0000000080006060 (0x341027f3) csrrs   a5, mepc, zero
core   0: 3 0x0000000080006060 (0x341027f3) x15 0x00000000800050b8
core   0: 0x0000000080006064 (0x34202773) csrrs   a4, mcause, zero
core   0: 3 0x0000000080006064 (0x34202773) x14 0x0000000000000002
core   0: 0x0000000080006068 (0x142026f3) csrrs   a3, scause, zero
core   0: 3 0x0000000080006068 (0x142026f3) x13 0x0000000000000000
core   0: 0x000000008000606c (0x30402673) csrrs   a2, mie, zero
core   0: 3 0x000000008000606c (0x30402673) x12 0x0000000000000a00
core   0: 0x0000000080006070 (0x344025f3) csrrs   a1, mip, zero
core   0: 3 0x0000000080006070 (0x344025f3) x11 0x0000000000000080
core   0: 0x0000000080006074 (0x343025f3) csrrs   a1, mtval, zero
core   0: 3 0x0000000080006074 (0x343025f3) x11 0x00000000f142a073
core   0: 0x0000000080006078 (0x14302573) csrrs   a0, stval, zero
core   0: 3 0x0000000080006078 (0x14302573) x10 0x0000000000000000
core   0: 0x000000008000607c (0xb02024f3) csrrs   s1, minstret, zero
core   0: 3 0x000000008000607c (0xb02024f3) x9  0x0000000000000d92
core   0: 0x0000000080006080 (0x0000a811) c.j     pc + 20
core   0: 3 0x0000000080006080 (0xa811)
core   0: >>>>  mepc_4
core   0: 0x0000000080006094 (0x00000791) c.addi  a5, 4
core   0: 3 0x0000000080006094 (0x0791) x15 0x00000000800050bc
core   0: 0x0000000080006096 (0x34179073) csrrw   zero, mepc, a5
core   0: 3 0x0000000080006096 (0x34179073) c833_mepc 0x00000000800050bc
core   0: 0x000000008000609a (0x30200073) mret
core   0: 3 0x000000008000609a (0x30200073) c768_mstatus 0x8000000a00106080
core   0: 0x00000000800050bc (0x58948117) auipc   sp, 0x58948
core   0: 1 0x00000000800050bc (0x58948117) x2  0x00000000d894d0bc
core   0: 0x00000000800050c0 (0x01b6563b) srlw    a2, a2, s11
core   0: 1 0x00000000800050c0 (0x01b6563b) x12 0x0000000000000028
core   0: 0x00000000800050c4 (0x004257bb) srlw    a5, tp, tp
core   0: 1 0x00000000800050c4 (0x004257bb) x15 0x0000000000000001
core   0: 0x00000000800050c8 (0x5a0a7bd3) fsqrt.d fs7, fs4
core   0: 1 0x00000000800050c8 (0x5a0a7bd3) f23 0x0000000000000000
core   0: 0x00000000800050cc (0x02f56d3b) remw    s10, a0, a5
core   0: 1 0x00000000800050cc (0x02f56d3b) x26 0x0000000000000000
core   0: 0x00000000800050d0 (0xd21404d3) fcvt.d.wu fs1, s0
core   0: 1 0x00000000800050d0 (0xd21404d3) f9  0x41e0000c0c000000
core   0: 0x00000000800050d4 (0x236c97d3) fsgnjn.d fa5, fs9, fs6
core   0: 1 0x00000000800050d4 (0x236c97d3) f15 0xffffffd957522435
core   0: 0x00000000800050d8 (0x00fb2b33) slt     s6, s6, a5
core   0: 1 0x00000000800050d8 (0x00fb2b33) x22 0x0000000000000001
core   0: 0x00000000800050dc (0xc20bf0d3) fcvt.w.d ra, fs7
core   0: 1 0x00000000800050dc (0xc20bf0d3) x1  0x0000000000000000
core   0: 0x00000000800050e0 (0xe20b00d3) fmv.x.d ra, fs6
core   0: 1 0x00000000800050e0 (0xe20b00d3) x1  0x7ff8000000000000
core   0: 0x00000000800050e4 (0x001617bb) sllw    a5, a2, ra
core   0: 1 0x00000000800050e4 (0x001617bb) x15 0x0000000000000028
core   0: 0x00000000800050e8 (0x00102573) csrrs   a0, fflags, zero
core   0: 1 0x00000000800050e8 (0x00102573) x10 0x0000000000000011
core   0: 0x00000000800050ec (0x41f0d31b) sraiw   t1, ra, 31
core   0: 1 0x00000000800050ec (0x41f0d31b) x6  0x0000000000000000
core   0: 0x00000000800050f0 (0x2356aad3) fsgnjx.d fs5, fa3, fs5
core   0: 1 0x00000000800050f0 (0x2356aad3) f21 0x7ff8000000000000
core   0: 0x00000000800050f4 (0x016d4bb3) xor     s7, s10, s6
core   0: 1 0x00000000800050f4 (0x016d4bb3) x23 0x0000000000000001
core   0: 0x00000000800050f8 (0x001b1273) csrrw   tp, fflags, s6
core   0: 1 0x00000000800050f8 (0x001b1273) x4  0x0000000000000011 c1_fflags 0x0000000000000001
core   0: 0x00000000800050fc (0x80c88e9b) addiw   t4, a7, -2036
core   0: 1 0x00000000800050fc (0x80c88e9b) x29 0xfffffffffffff80c
core   0: 0x0000000080005100 (0x00202c73) csrrs   s8, frm, zero
core   0: 1 0x0000000080005100 (0x00202c73) x24 0x0000000000000002
core   0: 0x0000000080005104 (0x238cfd4b) fnmsub.d fs10, fs9, fs8, ft4
core   0: 1 0x0000000080005104 (0x238cfd4b) f26 0x7ff8000000000000
core   0: 0x0000000080005108 (0x001e9373) csrrw   t1, fflags, t4
core   0: 1 0x0000000080005108 (0x001e9373) x6  0x0000000000000001 c1_fflags 0x000000000000000c
core   0: 0x000000008000510c (0x01d249b3) xor     s3, tp, t4
core   0: 1 0x000000008000510c (0x01d249b3) x19 0xfffffffffffff81d
core   0: 0x0000000080005110 (0xd03c7053) fcvt.s.lu ft0, s8
core   0: 1 0x0000000080005110 (0xd03c7053) f0  0xffffffff40000000
core   0: 0x0000000080005114 (0x344efa73) csrrci  s4, mip, 29
core   0: exception trap_illegal_instruction, epc 0x0000000080005114
core   0:           tval 0x00000000344efa73
core   0: >>>>  $xrv64i2p1_m2p0_a2p1_f2p2_d2p2_zicsr2p0_zifencei2p0_zmmul1p0_zba1p0_zbb1p0_zbc1p0_zbs1p0
core   0: 0x0000000080004000 (0x0080006f) j       pc + 0x8
core   0: 3 0x0000000080004000 (0x0080006f)
core   0: >>>>  mmode_exception_handler
core   0: 0x0000000080004008 (0x00002c17) auipc   s8, 0x2
core   0: 3 0x0000000080004008 (0x00002c17) x24 0x0000000080006008
core   0: 0x000000008000400c (0x058c0c13) addi    s8, s8, 88
core   0: 3 0x000000008000400c (0x058c0c13) x24 0x0000000080006060
core   0: 0x0000000080004010 (0x000c00e7) jalr    s8
core   0: 3 0x0000000080004010 (0x000c00e7) x1  0x0000000080004014
core   0: >>>>  any_handler
core   0: 0x0000000080006060 (0x341027f3) csrrs   a5, mepc, zero
core   0: 3 0x0000000080006060 (0x341027f3) x15 0x0000000080005114
core   0: 0x0000000080006064 (0x34202773) csrrs   a4, mcause, zero
core   0: 3 0x0000000080006064 (0x34202773) x14 0x0000000000000002
core   0: 0x0000000080006068 (0x142026f3) csrrs   a3, scause, zero
core   0: 3 0x0000000080006068 (0x142026f3) x13 0x0000000000000000
core   0: 0x000000008000606c (0x30402673) csrrs   a2, mie, zero
core   0: 3 0x000000008000606c (0x30402673) x12 0x0000000000000a00
core   0: 0x0000000080006070 (0x344025f3) csrrs   a1, mip, zero
core   0: 3 0x0000000080006070 (0x344025f3) x11 0x0000000000000080
core   0: 0x0000000080006074 (0x343025f3) csrrs   a1, mtval, zero
core   0: 3 0x0000000080006074 (0x343025f3) x11 0x00000000344efa73
core   0: 0x0000000080006078 (0x14302573) csrrs   a0, stval, zero
core   0: 3 0x0000000080006078 (0x14302573) x10 0x0000000000000000
core   0: 0x000000008000607c (0xb02024f3) csrrs   s1, minstret, zero
core   0: 3 0x000000008000607c (0xb02024f3) x9  0x0000000000000db8
core   0: 0x0000000080006080 (0x0000a811) c.j     pc + 20
core   0: 3 0x0000000080006080 (0xa811)
core   0: >>>>  mepc_4
core   0: 0x0000000080006094 (0x00000791) c.addi  a5, 4
core   0: 3 0x0000000080006094 (0x0791) x15 0x0000000080005118
core   0: 0x0000000080006096 (0x34179073) csrrw   zero, mepc, a5
core   0: 3 0x0000000080006096 (0x34179073) c833_mepc 0x0000000080005118
core   0: 0x000000008000609a (0x30200073) mret
core   0: 3 0x000000008000609a (0x30200073) c768_mstatus 0x8000000a00106080
core   0: 0x0000000080005118 (0xe8af3b17) auipc   s6, 0xe8af3
core   0: 1 0x0000000080005118 (0xe8af3b17) x22 0x0000000068af8118
core   0: 0x000000008000511c (0xc0247dd3) fcvt.l.s s11, fs0
core   0: 1 0x000000008000511c (0xc0247dd3) c1_fflags 0x000000000000001c x27 0x7fffffffffffffff
core   0: 0x0000000080005120 (0x340fe573) csrrsi  a0, mscratch, 31
core   0: exception trap_illegal_instruction, epc 0x0000000080005120
core   0:           tval 0x00000000340fe573
core   0: >>>>  $xrv64i2p1_m2p0_a2p1_f2p2_d2p2_zicsr2p0_zifencei2p0_zmmul1p0_zba1p0_zbb1p0_zbc1p0_zbs1p0
core   0: 0x0000000080004000 (0x0080006f) j       pc + 0x8
core   0: 3 0x0000000080004000 (0x0080006f)
core   0: >>>>  mmode_exception_handler
core   0: 0x0000000080004008 (0x00002c17) auipc   s8, 0x2
core   0: 3 0x0000000080004008 (0x00002c17) x24 0x0000000080006008
core   0: 0x000000008000400c (0x058c0c13) addi    s8, s8, 88
core   0: 3 0x000000008000400c (0x058c0c13) x24 0x0000000080006060
core   0: 0x0000000080004010 (0x000c00e7) jalr    s8
core   0: 3 0x0000000080004010 (0x000c00e7) x1  0x0000000080004014
core   0: >>>>  any_handler
core   0: 0x0000000080006060 (0x341027f3) csrrs   a5, mepc, zero
core   0: 3 0x0000000080006060 (0x341027f3) x15 0x0000000080005120
core   0: 0x0000000080006064 (0x34202773) csrrs   a4, mcause, zero
core   0: 3 0x0000000080006064 (0x34202773) x14 0x0000000000000002
core   0: 0x0000000080006068 (0x142026f3) csrrs   a3, scause, zero
core   0: 3 0x0000000080006068 (0x142026f3) x13 0x0000000000000000
core   0: 0x000000008000606c (0x30402673) csrrs   a2, mie, zero
core   0: 3 0x000000008000606c (0x30402673) x12 0x0000000000000a00
core   0: 0x0000000080006070 (0x344025f3) csrrs   a1, mip, zero
core   0: 3 0x0000000080006070 (0x344025f3) x11 0x0000000000000080
core   0: 0x0000000080006074 (0x343025f3) csrrs   a1, mtval, zero
core   0: 3 0x0000000080006074 (0x343025f3) x11 0x00000000340fe573
core   0: 0x0000000080006078 (0x14302573) csrrs   a0, stval, zero
core   0: 3 0x0000000080006078 (0x14302573) x10 0x0000000000000000
core   0: 0x000000008000607c (0xb02024f3) csrrs   s1, minstret, zero
core   0: 3 0x000000008000607c (0xb02024f3) x9  0x0000000000000dca
core   0: 0x0000000080006080 (0x0000a811) c.j     pc + 20
core   0: 3 0x0000000080006080 (0xa811)
core   0: >>>>  mepc_4
core   0: 0x0000000080006094 (0x00000791) c.addi  a5, 4
core   0: 3 0x0000000080006094 (0x0791) x15 0x0000000080005124
core   0: 0x0000000080006096 (0x34179073) csrrw   zero, mepc, a5
core   0: 3 0x0000000080006096 (0x34179073) c833_mepc 0x0000000080005124
core   0: 0x000000008000609a (0x30200073) mret
core   0: 3 0x000000008000609a (0x30200073) c768_mstatus 0x8000000a00106080
core   0: 0x0000000080005124 (0x0015011b) addiw   sp, a0, 1
core   0: 1 0x0000000080005124 (0x0015011b) x2  0x0000000000000001
core   0: 0x0000000080005128 (0x401a5a13) srai    s4, s4, 1
core   0: 1 0x0000000080005128 (0x401a5a13) x20 0xfffffffffffffea9
core   0: 0x000000008000512c (0x41235413) srai    s0, t1, 18
core   0: 1 0x000000008000512c (0x41235413) x8  0x0000000000000000
core   0: 0x0000000080005130 (0x0093813b) addw    sp, t2, s1
core   0: 1 0x0000000080005130 (0x0093813b) x2  0x0000000000001056
core   0: 0x0000000080005134 (0x0343c7bb) divw    a5, t2, s4
core   0: 1 0x0000000080005134 (0x0343c7bb) x15 0xffffffffffffffff
core   0: 0x0000000080005138 (0x0000975a) c.add   a4, s6
core   0: 1 0x0000000080005138 (0x975a) x14 0x0000000068af811a
core   0: 0x000000008000513a (0x02bdecb3) rem     s9, s11, a1
core   0: 1 0x000000008000513a (0x02bdecb3) x25 0x000000000a6393db
core   0: 0x000000008000513e (0x00119bf3) csrrw   s7, fflags, gp
core   0: 1 0x000000008000513e (0x00119bf3) x23 0x000000000000001c c1_fflags 0x0000000000000000
core   0: 0x0000000080005142 (0x10542173) csrrs   sp, stvec, s0
core   0: 1 0x0000000080005142 (0x10542173) x2  0x0000000000000000 c261_stvec 0x0000000000000000
core   0: 0x0000000080005146 (0x0a847653) fsub.d  fa2, fs0, fs0
core   0: 1 0x0000000080005146 (0x0a847653) f12 0x7ff8000000000000
core   0: 0x000000008000514a (0x40b157bb) sraw    a5, sp, a1
core   0: 1 0x000000008000514a (0x40b157bb) x15 0x0000000000000000
core   0: 0x000000008000514e (0x401ff7d3) fcvt.s.d fa5, ft11
core   0: 1 0x000000008000514e (0x401ff7d3) f15 0xffffffff7fc00000
core   0: 0x0000000080005152 (0xc020fad3) fcvt.l.s s5, ft1
core   0: 1 0x0000000080005152 (0xc020fad3) c1_fflags 0x0000000000000010 x21 0x7fffffffffffffff
core   0: 0x0000000080005156 (0x010a5d9b) srliw   s11, s4, 16
core   0: 1 0x0000000080005156 (0x010a5d9b) x27 0x000000000000ffff
core   0: 0x000000008000515a (0x9ab0f34f) fnmadd.d ft6, ft1, fa1, fs3
core   0: 1 0x000000008000515a (0x9ab0f34f) f6  0x7ff8000000000000
core   0: 0x000000008000515e (0xd02bf753) fcvt.s.l fa4, s7
core   0: 1 0x000000008000515e (0xd02bf753) f14 0xffffffff41e00000
core   0: 0x0000000080005162 (0x001b5613) srli    a2, s6, 1
core   0: 1 0x0000000080005162 (0x001b5613) x12 0x000000003457c08c
core   0: 0x0000000080005166 (0x42060653) fcvt.d.s fa2, fa2
core   0: 1 0x0000000080005166 (0x42060653) f12 0x7ff8000000000000
core   0: 0x000000008000516a (0x00202d73) csrrs   s10, frm, zero
core   0: 1 0x000000008000516a (0x00202d73) x26 0x0000000000000002
core   0: 0x000000008000516e (0x94b679b7) lui     s3, 0x94b67
core   0: 1 0x000000008000516e (0x94b679b7) x19 0xffffffff94b67000
core   0: 0x0000000080005172 (0x13a6f0d3) fmul.d  ft1, fa3, fs10
core   0: 1 0x0000000080005172 (0x13a6f0d3) f1  0x7ff8000000000000
core   0: 0x0000000080005176 (0xd039fad3) fcvt.s.lu fs5, s3
core   0: 1 0x0000000080005176 (0xd039fad3) c1_fflags 0x0000000000000011 f21 0xffffffff5f7fffff
core   0: 0x000000008000517a (0x00f7171b) slliw   a4, a4, 15
core   0: 1 0x000000008000517a (0x00f7171b) x14 0xffffffffc08d0000
core   0: 0x000000008000517e (0x4017f953) fcvt.s.d fs2, fa5
core   0: 1 0x000000008000517e (0x4017f953) f18 0xffffffff7fc00000
core   0: 0x0000000080005182 (0x18e76513) ori     a0, a4, 398
core   0: 1 0x0000000080005182 (0x18e76513) x10 0xffffffffc08d018e
core   0: 0x0000000080005186 (0x03199b33) mulh    s6, s3, a7
core   0: 1 0x0000000080005186 (0x03199b33) x22 0x0000000000000000
core   0: 0x000000008000518a (0xa35d15d3) flt.d   a1, fs10, fs5
core   0: 1 0x000000008000518a (0xa35d15d3) c1_fflags 0x0000000000000011 x11 0x0000000000000000
core   0: 0x000000008000518e (0x40197fd3) fcvt.s.d ft11, fs2
core   0: 1 0x000000008000518e (0x40197fd3) f31 0xffffffff7fc00000
core   0: 0x0000000080005192 (0xc234fdd3) fcvt.lu.d s11, fs1
core   0: 1 0x0000000080005192 (0xc234fdd3) x27 0x0000000080006060
core   0: 0x0000000080005196 (0xc02472d3) fcvt.l.s t0, fs0
core   0: 1 0x0000000080005196 (0xc02472d3) c1_fflags 0x0000000000000011 x5  0x7fffffffffffffff
core   0: 0x000000008000519a (0x01b2d53b) srlw    a0, t0, s11
core   0: 1 0x000000008000519a (0x01b2d53b) x10 0xffffffffffffffff
core   0: 0x000000008000519e (0x00000001) c.nop
core   0: 1 0x000000008000519e (0x0001)
core   0: 0x00000000800051a0 (0x0263d33b) divuw   t1, t2, t1
core   0: 1 0x00000000800051a0 (0x0263d33b) x6  0x000000000000028c
core   0: 0x00000000800051a4 (0x13ff7ed3) fmul.d  ft9, ft10, ft11
core   0: 1 0x00000000800051a4 (0x13ff7ed3) f29 0x7ff8000000000000
core   0: 0x00000000800051a8 (0x5a94fccf) fnmadd.d fs9, fs1, fs1, fa1
core   0: 1 0x00000000800051a8 (0x5a94fccf) c1_fflags 0x0000000000000011 f25 0xc3d000181842dba5
core   0: 0x00000000800051ac (0x001027f3) csrrs   a5, fflags, zero
core   0: 1 0x00000000800051ac (0x001027f3) x15 0x0000000000000011
core   0: 0x00000000800051b0 (0x52affe47) fmsub.d ft8, ft11, fa0, fa0
core   0: 1 0x00000000800051b0 (0x52affe47) f28 0x7ff8000000000000
core   0: 0x00000000800051b4 (0x23be2753) fsgnjx.d fa4, ft8, fs11
core   0: 1 0x00000000800051b4 (0x23be2753) f14 0x7ff8000000000000
core   0: 0x00000000800051b8 (0xd02e73d3) fcvt.s.l ft7, t3
core   0: 1 0x00000000800051b8 (0xd02e73d3) c1_fflags 0x0000000000000011 f7  0xffffffffd291370d
core   0: 0x00000000800051bc (0xc0377953) fcvt.lu.s s2, fa4
core   0: 1 0x00000000800051bc (0xc0377953) c1_fflags 0x0000000000000011 x18 0xffffffffffffffff
core   0: 0x00000000800051c0 (0x0bc37353) fsub.d  ft6, ft6, ft8
core   0: 1 0x00000000800051c0 (0x0bc37353) f6  0x7ff8000000000000
core   0: 0x00000000800051c4 (0x012ed6b3) srl     a3, t4, s2
core   0: 1 0x00000000800051c4 (0x012ed6b3) x13 0x0000000000000001
core   0: 0x00000000800051c8 (0x018c5e3b) srlw    t3, s8, s8
core   0: 1 0x00000000800051c8 (0x018c5e3b) x28 0xffffffff80006060
core   0: 0x00000000800051cc (0xd23efc53) fcvt.d.lu fs8, t4
core   0: 1 0x00000000800051cc (0xd23efc53) c1_fflags 0x0000000000000011 f24 0x43efffffffffffff
core   0: 0x00000000800051d0 (0xfff64313) not     t1, a2
core   0: 1 0x00000000800051d0 (0xfff64313) x6  0xffffffffcba83f73
core   0: 0x00000000800051d4 (0x0022541b) srliw   s0, tp, 2
core   0: 1 0x00000000800051d4 (0x0022541b) x8  0x0000000000000004
core   0: 0x00000000800051d8 (0x00000001) c.nop
core   0: 1 0x00000000800051d8 (0x0001)
core   0: 0x00000000800051da (0x0080d0b3) srl     ra, ra, s0
core   0: 1 0x00000000800051da (0x0080d0b3) x1  0x0000000008000401
core   0: 0x00000000800051de (0x0ff0000f) fence   iorw,iorw
core   0: 1 0x00000000800051de (0x0ff0000f)
core   0: 0x00000000800051e2 (0x1be0f0cb) fnmsub.d ft1, ft1, ft10, ft3
core   0: 1 0x00000000800051e2 (0x1be0f0cb) f1  0x7ff8000000000000
core   0: 0x00000000800051e6 (0x01550d37) lui     s10, 0x1550
core   0: 1 0x00000000800051e6 (0x01550d37) x26 0x0000000001550000
core   0: 0x00000000800051ea (0xe03d0d1b) addiw   s10, s10, -509
core   0: 1 0x00000000800051ea (0xe03d0d1b) x26 0x000000000154fe03
core   0: 0x00000000800051ee (0x00000d36) c.slli  s10, 13
core   0: 1 0x00000000800051ee (0x0d36) x26 0x0000002a9fc06000
core   0: 0x00000000800051f0 (0x5bbd0d13) addi    s10, s10, 1467
core   0: 1 0x00000000800051f0 (0x5bbd0d13) x26 0x0000002a9fc065bb
core   0: 0x00000000800051f4 (0xc20b7e53) fcvt.w.d t3, fs6
core   0: 1 0x00000000800051f4 (0xc20b7e53) c1_fflags 0x0000000000000011 x28 0x000000007fffffff
core   0: 0x00000000800051f8 (0x1f060c13) addi    s8, a2, 496
core   0: 1 0x00000000800051f8 (0x1f060c13) x24 0x000000003457c27c
core   0: 0x00000000800051fc (0x31affb73) csrrci  s6, menvcfgh, 31
core   0: exception trap_illegal_instruction, epc 0x00000000800051fc
core   0:           tval 0x0000000031affb73
core   0: >>>>  $xrv64i2p1_m2p0_a2p1_f2p2_d2p2_zicsr2p0_zifencei2p0_zmmul1p0_zba1p0_zbb1p0_zbc1p0_zbs1p0
core   0: 0x0000000080004000 (0x0080006f) j       pc + 0x8
core   0: 3 0x0000000080004000 (0x0080006f)
core   0: >>>>  mmode_exception_handler
core   0: 0x0000000080004008 (0x00002c17) auipc   s8, 0x2
core   0: 3 0x0000000080004008 (0x00002c17) x24 0x0000000080006008
core   0: 0x000000008000400c (0x058c0c13) addi    s8, s8, 88
core   0: 3 0x000000008000400c (0x058c0c13) x24 0x0000000080006060
core   0: 0x0000000080004010 (0x000c00e7) jalr    s8
core   0: 3 0x0000000080004010 (0x000c00e7) x1  0x0000000080004014
core   0: >>>>  any_handler
core   0: 0x0000000080006060 (0x341027f3) csrrs   a5, mepc, zero
core   0: 3 0x0000000080006060 (0x341027f3) x15 0x00000000800051fc
core   0: 0x0000000080006064 (0x34202773) csrrs   a4, mcause, zero
core   0: 3 0x0000000080006064 (0x34202773) x14 0x0000000000000002
core   0: 0x0000000080006068 (0x142026f3) csrrs   a3, scause, zero
core   0: 3 0x0000000080006068 (0x142026f3) x13 0x0000000000000000
core   0: 0x000000008000606c (0x30402673) csrrs   a2, mie, zero
core   0: 3 0x000000008000606c (0x30402673) x12 0x0000000000000a00
core   0: 0x0000000080006070 (0x344025f3) csrrs   a1, mip, zero
core   0: 3 0x0000000080006070 (0x344025f3) x11 0x0000000000000080
core   0: 0x0000000080006074 (0x343025f3) csrrs   a1, mtval, zero
core   0: 3 0x0000000080006074 (0x343025f3) x11 0x0000000031affb73
core   0: 0x0000000080006078 (0x14302573) csrrs   a0, stval, zero
core   0: 3 0x0000000080006078 (0x14302573) x10 0x0000000000000000
core   0: 0x000000008000607c (0xb02024f3) csrrs   s1, minstret, zero
core   0: 3 0x000000008000607c (0xb02024f3) x9  0x0000000000000e12
core   0: 0x0000000080006080 (0x0000a811) c.j     pc + 20
core   0: 3 0x0000000080006080 (0xa811)
core   0: >>>>  mepc_4
core   0: 0x0000000080006094 (0x00000791) c.addi  a5, 4
core   0: 3 0x0000000080006094 (0x0791) x15 0x0000000080005200
core   0: 0x0000000080006096 (0x34179073) csrrw   zero, mepc, a5
core   0: 3 0x0000000080006096 (0x34179073) c833_mepc 0x0000000080005200
core   0: 0x000000008000609a (0x30200073) mret
core   0: 3 0x000000008000609a (0x30200073) c768_mstatus 0x8000000a00106080
core   0: 0x0000000080005200 (0xc0237553) fcvt.l.s a0, ft6
core   0: 1 0x0000000080005200 (0xc0237553) c1_fflags 0x0000000000000011 x10 0x7fffffffffffffff
core   0: 0x0000000080005204 (0x015e6e33) or      t3, t3, s5
core   0: 1 0x0000000080005204 (0x015e6e33) x28 0x7fffffffffffffff
core   0: 0x0000000080005208 (0x01c8bbb3) sltu    s7, a7, t3
core   0: 1 0x0000000080005208 (0x01c8bbb3) x23 0x0000000000000001
core   0: 0x000000008000520c (0x00000001) c.nop
core   0: 1 0x000000008000520c (0x0001)
core   0: 0x000000008000520e (0x00000001) c.nop
core   0: 1 0x000000008000520e (0x0001)
core   0: 0x0000000080005210 (0x0316603b) remw    zero, a2, a7
core   0: 1 0x0000000080005210 (0x0316603b)
core   0: 0x0000000080005214 (0x00141d33) sll     s10, s0, ra
core   0: 1 0x0000000080005214 (0x00141d33) x26 0x0000000000400000
core   0: 0x0000000080005218 (0xff109337) lui     t1, 0xff109
core   0: 1 0x0000000080005218 (0xff109337) x6  0xffffffffff109000
core   0: 0x000000008000521c (0x3533031b) addiw   t1, t1, 851
core   0: 1 0x000000008000521c (0x3533031b) x6  0xffffffffff109353
core   0: 0x0000000080005220 (0x00000336) c.slli  t1, 13
core   0: 1 0x0000000080005220 (0x0336) x6  0xffffffe2126a6000
core   0: 0x0000000080005222 (0x86430313) addi    t1, t1, -1948
core   0: 1 0x0000000080005222 (0x86430313) x6  0xffffffe2126a5864
core   0: 0x0000000080005226 (0xd21c0453) fcvt.d.wu fs0, s8
core   0: 1 0x0000000080005226 (0xd21c0453) f8  0x41e0000c0c000000
core   0: 0x000000008000522a (0x0ad57553) fsub.d  fa0, fa0, fa3
core   0: 1 0x000000008000522a (0x0ad57553) f10 0x7ff8000000000000
core   0: 0x000000008000522e (0x02becd3b) divw    s10, t4, a1
core   0: 1 0x000000008000522e (0x02becd3b) x26 0x0000000000000000
core   0: 0x0000000080005232 (0x001313f3) csrrw   t2, fflags, t1
core   0: 1 0x0000000080005232 (0x001313f3) x7  0x0000000000000011 c1_fflags 0x0000000000000004
core   0: 0x0000000080005236 (0x03341a33) mulh    s4, s0, s3
core   0: 1 0x0000000080005236 (0x03341a33) x20 0xffffffffffffffff
core   0: 0x000000008000523a (0x02198e33) mul     t3, s3, ra
core   0: 1 0x000000008000523a (0x02198e33) x28 0xca5b1d253a40c000
core   0: 0x000000008000523e (0xc800a973) csrrs   s2, cycleh, ra
core   0: exception trap_illegal_instruction, epc 0x000000008000523e
core   0:           tval 0x00000000c800a973
core   0: >>>>  $xrv64i2p1_m2p0_a2p1_f2p2_d2p2_zicsr2p0_zifencei2p0_zmmul1p0_zba1p0_zbb1p0_zbc1p0_zbs1p0
core   0: 0x0000000080004000 (0x0080006f) j       pc + 0x8
core   0: 3 0x0000000080004000 (0x0080006f)
core   0: >>>>  mmode_exception_handler
core   0: 0x0000000080004008 (0x00002c17) auipc   s8, 0x2
core   0: 3 0x0000000080004008 (0x00002c17) x24 0x0000000080006008
core   0: 0x000000008000400c (0x058c0c13) addi    s8, s8, 88
core   0: 3 0x000000008000400c (0x058c0c13) x24 0x0000000080006060
core   0: 0x0000000080004010 (0x000c00e7) jalr    s8
core   0: 3 0x0000000080004010 (0x000c00e7) x1  0x0000000080004014
core   0: >>>>  any_handler
core   0: 0x0000000080006060 (0x341027f3) csrrs   a5, mepc, zero
core   0: 3 0x0000000080006060 (0x341027f3) x15 0x000000008000523e
core   0: 0x0000000080006064 (0x34202773) csrrs   a4, mcause, zero
core   0: 3 0x0000000080006064 (0x34202773) x14 0x0000000000000002
core   0: 0x0000000080006068 (0x142026f3) csrrs   a3, scause, zero
core   0: 3 0x0000000080006068 (0x142026f3) x13 0x0000000000000000
core   0: 0x000000008000606c (0x30402673) csrrs   a2, mie, zero
core   0: 3 0x000000008000606c (0x30402673) x12 0x0000000000000a00
core   0: 0x0000000080006070 (0x344025f3) csrrs   a1, mip, zero
core   0: 3 0x0000000080006070 (0x344025f3) x11 0x0000000000000080
core   0: 0x0000000080006074 (0x343025f3) csrrs   a1, mtval, zero
core   0: 3 0x0000000080006074 (0x343025f3) x11 0x00000000c800a973
core   0: 0x0000000080006078 (0x14302573) csrrs   a0, stval, zero
core   0: 3 0x0000000080006078 (0x14302573) x10 0x0000000000000000
core   0: 0x000000008000607c (0xb02024f3) csrrs   s1, minstret, zero
core   0: 3 0x000000008000607c (0xb02024f3) x9  0x0000000000000e33
core   0: 0x0000000080006080 (0x0000a811) c.j     pc + 20
core   0: 3 0x0000000080006080 (0xa811)
core   0: >>>>  mepc_4
core   0: 0x0000000080006094 (0x00000791) c.addi  a5, 4
core   0: 3 0x0000000080006094 (0x0791) x15 0x0000000080005242
core   0: 0x0000000080006096 (0x34179073) csrrw   zero, mepc, a5
core   0: 3 0x0000000080006096 (0x34179073) c833_mepc 0x0000000080005242
core   0: 0x000000008000609a (0x30200073) mret
core   0: 3 0x000000008000609a (0x30200073) c768_mstatus 0x8000000a00106080
core   0: 0x0000000080005242 (0x032c59bb) divuw   s3, s8, s2
core   0: 1 0x0000000080005242 (0x032c59bb) x19 0x0000000000000000
core   0: 0x0000000080005246 (0x0285fe3b) remuw   t3, a1, s0
core   0: 1 0x0000000080005246 (0x0285fe3b) x28 0x0000000000000003
core   0: 0x000000008000524a (0x018edd93) srli    s11, t4, 24
core   0: 1 0x000000008000524a (0x018edd93) x27 0x000000ffffffffff
core   0: 0x000000008000524e (0x022cf133) remu    sp, s9, sp
core   0: 1 0x000000008000524e (0x022cf133) x2  0x000000000a6393db
core   0: 0x0000000080005252 (0xc03179d3) fcvt.lu.s s3, ft2
core   0: 1 0x0000000080005252 (0xc03179d3) c1_fflags 0x0000000000000014 x19 0xffffffffffffffff
core   0: 0x0000000080005256 (0xc035f053) fcvt.lu.s zero, fa1
core   0: 1 0x0000000080005256 (0xc035f053) c1_fflags 0x0000000000000014
core   0: 0x000000008000525a (0x01207933) and     s2, zero, s2
core   0: 1 0x000000008000525a (0x01207933) x18 0x0000000000000000
core   0: 0x000000008000525e (0x00000001) c.nop
core   0: 1 0x000000008000525e (0x0001)
core   0: 0x0000000080005260 (0x00241473) csrrw   s0, frm, s0
core   0: 1 0x0000000080005260 (0x00241473) x8  0x0000000000000002 c2_frm 0x0000000000000004
core   0: 0x0000000080005264 (0x2362ab53) fsgnjx.d fs6, ft5, fs6
core   0: 1 0x0000000080005264 (0x2362ab53) f22 0x7ff8000000000000
core   0: 0x0000000080005268 (0x02000e3b) mulw    t3, zero, zero
core   0: 1 0x0000000080005268 (0x02000e3b) x28 0x0000000000000000
core   0: 0x000000008000526c (0x00ce5d3b) srlw    s10, t3, a2
core   0: 1 0x000000008000526c (0x00ce5d3b) x26 0x0000000000000000
core   0: 0x0000000080005270 (0x41f15293) srai    t0, sp, 31
core   0: 1 0x0000000080005270 (0x41f15293) x5  0x0000000000000000
core   0: 0x0000000080005274 (0xd02171d3) fcvt.s.l ft3, sp
core   0: 1 0x0000000080005274 (0xd02171d3) c1_fflags 0x0000000000000015 f3  0xffffffff4d26393e
core   0: 0x0000000080005278 (0xd032f453) fcvt.s.lu fs0, t0
core   0: 1 0x0000000080005278 (0xd032f453) f8  0xffffffff00000000
core   0: 0x000000008000527c (0x41d70cbb) subw    s9, a4, t4
core   0: 1 0x000000008000527c (0x41d70cbb) x25 0x00000000000007f6
core   0: 0x0000000080005280 (0xd22279d3) fcvt.d.l fs3, tp
core   0: 1 0x0000000080005280 (0xd22279d3) f19 0x4031000000000000
core   0: 0x0000000080005284 (0xe20b8b53) fmv.x.d s6, fs7
core   0: 1 0x0000000080005284 (0xe20b8b53) x22 0x0000000000000000
core   0: 0x0000000080005288 (0x001b1c73) csrrw   s8, fflags, s6
core   0: 1 0x0000000080005288 (0x001b1c73) x24 0x0000000000000015 c1_fflags 0x0000000000000000
core   0: 0x000000008000528c (0x5a0771d3) fsqrt.d ft3, fa4
core   0: 1 0x000000008000528c (0x5a0771d3) f3  0x7ff8000000000000
core   0: 0x0000000080005290 (0x2b3c17d3) fmax.d  fa5, fs8, fs3
core   0: 1 0x0000000080005290 (0x2b3c17d3) f15 0x43efffffffffffff
core   0: 0x0000000080005294 (0x42010153) fcvt.d.s ft2, ft2
core   0: 1 0x0000000080005294 (0x42010153) f2  0x7ff8000000000000
core   0: 0x0000000080005298 (0x22112bd3) fsgnjx.d fs7, ft2, ft1
core   0: 1 0x0000000080005298 (0x22112bd3) f23 0x7ff8000000000000
core   0: 0x000000008000529c (0x02ac5633) divu    a2, s8, a0
core   0: 1 0x000000008000529c (0x02ac5633) x12 0xffffffffffffffff
core   0: 0x00000000800052a0 (0x03955913) srli    s2, a0, 57
core   0: 1 0x00000000800052a0 (0x03955913) x18 0x0000000000000000
core   0: 0x00000000800052a4 (0x414686bb) subw    a3, a3, s4
core   0: 1 0x00000000800052a4 (0x414686bb) x13 0x0000000000000001
core   0: 0x00000000800052a8 (0x02844233) div     tp, s0, s0
core   0: 1 0x00000000800052a8 (0x02844233) x4  0x0000000000000001
core   0: 0x00000000800052ac (0x400e531b) sraiw   t1, t3, 0
core   0: 1 0x00000000800052ac (0x400e531b) x6  0x0000000000000000
core   0: 0x00000000800052b0 (0x00202373) csrrs   t1, frm, zero
core   0: 1 0x00000000800052b0 (0x00202373) x6  0x0000000000000004
core   0: 0x00000000800052b4 (0x02aac83b) divw    a6, s5, a0
core   0: 1 0x00000000800052b4 (0x02aac83b) x16 0xffffffffffffffff
core   0: 0x00000000800052b8 (0x03794d3b) divw    s10, s2, s7
core   0: 1 0x00000000800052b8 (0x03794d3b) x26 0x0000000000000000
core   0: 0x00000000800052bc (0xd0237853) fcvt.s.l fa6, t1
core   0: 1 0x00000000800052bc (0xd0237853) f16 0xffffffff40800000
core   0: 0x00000000800052c0 (0x800d849b) addiw   s1, s11, -2048
core   0: 1 0x00000000800052c0 (0x800d849b) x9  0xfffffffffffff7ff
core   0: 0x00000000800052c4 (0x41295933) sra     s2, s2, s2
core   0: 1 0x00000000800052c4 (0x41295933) x18 0x0000000000000000
core   0: 0x00000000800052c8 (0x03e35413) srli    s0, t1, 62
core   0: 1 0x00000000800052c8 (0x03e35413) x8  0x0000000000000000
core   0: 0x00000000800052cc (0xfa4ff4cb) fnmsub.d fs1, ft11, ft4, ft11
core   0: 1 0x00000000800052cc (0xfa4ff4cb) f9  0x7ff8000000000000
core   0: 0x00000000800052d0 (0xc02879d3) fcvt.l.s s3, fa6
core   0: 1 0x00000000800052d0 (0xc02879d3) x19 0x0000000000000004
core   0: 0x00000000800052d4 (0x0050a333) slt     t1, ra, t0
core   0: 1 0x00000000800052d4 (0x0050a333) x6  0x0000000000000000
core   0: 0x00000000800052d8 (0xe2018a53) fmv.x.d s4, ft3
core   0: 1 0x00000000800052d8 (0xe2018a53) x20 0x7ff8000000000000
core   0: 0x00000000800052dc (0x414307bb) subw    a5, t1, s4
core   0: 1 0x00000000800052dc (0x414307bb) x15 0x0000000000000000
core   0: 0x00000000800052e0 (0xd20d0053) fcvt.d.w ft0, s10
core   0: 1 0x00000000800052e0 (0xd20d0053) f0  0x0000000000000000
core   0: 0x00000000800052e4 (0x5c906217) auipc   tp, 0x5c906
core   0: 1 0x00000000800052e4 (0x5c906217) x4  0x00000000dc90b2e4
core   0: 0x00000000800052e8 (0x0277f3b3) remu    t2, a5, t2
core   0: 1 0x00000000800052e8 (0x0277f3b3) x7  0x0000000000000000
core   0: 0x00000000800052ec (0xf128abf3) csrrs   s7, marchid, a7
core   0: exception trap_illegal_instruction, epc 0x00000000800052ec
core   0:           tval 0x00000000f128abf3
core   0: >>>>  $xrv64i2p1_m2p0_a2p1_f2p2_d2p2_zicsr2p0_zifencei2p0_zmmul1p0_zba1p0_zbb1p0_zbc1p0_zbs1p0
core   0: 0x0000000080004000 (0x0080006f) j       pc + 0x8
core   0: 3 0x0000000080004000 (0x0080006f)
core   0: >>>>  mmode_exception_handler
core   0: 0x0000000080004008 (0x00002c17) auipc   s8, 0x2
core   0: 3 0x0000000080004008 (0x00002c17) x24 0x0000000080006008
core   0: 0x000000008000400c (0x058c0c13) addi    s8, s8, 88
core   0: 3 0x000000008000400c (0x058c0c13) x24 0x0000000080006060
core   0: 0x0000000080004010 (0x000c00e7) jalr    s8
core   0: 3 0x0000000080004010 (0x000c00e7) x1  0x0000000080004014
core   0: >>>>  any_handler
core   0: 0x0000000080006060 (0x341027f3) csrrs   a5, mepc, zero
core   0: 3 0x0000000080006060 (0x341027f3) x15 0x00000000800052ec
core   0: 0x0000000080006064 (0x34202773) csrrs   a4, mcause, zero
core   0: 3 0x0000000080006064 (0x34202773) x14 0x0000000000000002
core   0: 0x0000000080006068 (0x142026f3) csrrs   a3, scause, zero
core   0: 3 0x0000000080006068 (0x142026f3) x13 0x0000000000000000
core   0: 0x000000008000606c (0x30402673) csrrs   a2, mie, zero
core   0: 3 0x000000008000606c (0x30402673) x12 0x0000000000000a00
core   0: 0x0000000080006070 (0x344025f3) csrrs   a1, mip, zero
core   0: 3 0x0000000080006070 (0x344025f3) x11 0x0000000000000080
core   0: 0x0000000080006074 (0x343025f3) csrrs   a1, mtval, zero
core   0: 3 0x0000000080006074 (0x343025f3) x11 0x00000000f128abf3
core   0: 0x0000000080006078 (0x14302573) csrrs   a0, stval, zero
core   0: 3 0x0000000080006078 (0x14302573) x10 0x0000000000000000
core   0: 0x000000008000607c (0xb02024f3) csrrs   s1, minstret, zero
core   0: 3 0x000000008000607c (0xb02024f3) x9  0x0000000000000e6e
core   0: 0x0000000080006080 (0x0000a811) c.j     pc + 20
core   0: 3 0x0000000080006080 (0xa811)
core   0: >>>>  mepc_4
core   0: 0x0000000080006094 (0x00000791) c.addi  a5, 4
core   0: 3 0x0000000080006094 (0x0791) x15 0x00000000800052f0
core   0: 0x0000000080006096 (0x34179073) csrrw   zero, mepc, a5
core   0: 3 0x0000000080006096 (0x34179073) c833_mepc 0x00000000800052f0
core   0: 0x000000008000609a (0x30200073) mret
core   0: 3 0x000000008000609a (0x30200073) c768_mstatus 0x8000000a00106080
core   0: 0x00000000800052f0 (0xc21ffd53) fcvt.wu.d s10, ft11
core   0: 1 0x00000000800052f0 (0xc21ffd53) c1_fflags 0x0000000000000010 x26 0xffffffffffffffff
core   0: 0x00000000800052f4 (0x01fa5a1b) srliw   s4, s4, 31
core   0: 1 0x00000000800052f4 (0x01fa5a1b) x20 0x0000000000000000
core   0: 0x00000000800052f8 (0x2a999453) fmax.d  fs0, fs3, fs1
core   0: 1 0x00000000800052f8 (0x2a999453) f8  0x4031000000000000
core   0: 0x00000000800052fc (0x02207cb3) remu    s9, zero, sp
core   0: 1 0x00000000800052fc (0x02207cb3) x25 0x0000000000000000
core   0: 0x0000000080005300 (0xd21a0153) fcvt.d.wu ft2, s4
core   0: 1 0x0000000080005300 (0xd21a0153) f2  0x0000000000000000
core   0: 0x0000000080005304 (0xc02a7c53) fcvt.l.s s8, fs4
core   0: 1 0x0000000080005304 (0xc02a7c53) c1_fflags 0x0000000000000010 x24 0x7fffffffffffffff
core   0: 0x0000000080005308 (0x0004519b) srliw   gp, s0, 0
core   0: 1 0x0000000080005308 (0x0004519b) x3  0x0000000000000000
core   0: 0x000000008000530c (0xc2017d53) fcvt.w.d s10, ft2
core   0: 1 0x000000008000530c (0xc2017d53) x26 0x0000000000000000
core   0: 0x0000000080005310 (0xc03af653) fcvt.lu.s a2, fs5
core   0: 1 0x0000000080005310 (0xc03af653) x12 0xffffff0000000000
core   0: 0x0000000080005314 (0x32b5f14b) fnmsub.d ft2, fa1, fa1, ft6
core   0: 1 0x0000000080005314 (0x32b5f14b) f2  0x7ff8000000000000
core   0: 0x0000000080005318 (0x00165b13) srli    s6, a2, 1
core   0: 1 0x0000000080005318 (0x00165b13) x22 0x7fffff8000000000
core   0: 0x000000008000531c (0x00102c73) csrrs   s8, fflags, zero
core   0: 1 0x000000008000531c (0x00102c73) x24 0x0000000000000010
core   0: 0x0000000080005320 (0xd228f053) fcvt.d.l ft0, a7
core   0: 1 0x0000000080005320 (0xd228f053) f0  0x0000000000000000
core   0: 0x0000000080005324 (0x0ff0000f) fence   iorw,iorw
core   0: 1 0x0000000080005324 (0x0ff0000f)
core   0: 0x0000000080005328 (0x2cd56513) ori     a0, a0, 717
core   0: 1 0x0000000080005328 (0x2cd56513) x10 0x00000000000002cd
core   0: 0x000000008000532c (0x0273a3b3) mulhsu  t2, t2, t2
core   0: 1 0x000000008000532c (0x0273a3b3) x7  0x0000000000000000
core   0: 0x0000000080005330 (0x478bfb93) andi    s7, s7, 1144
core   0: 1 0x0000000080005330 (0x478bfb93) x23 0x0000000000000000
core   0: 0x0000000080005334 (0x001d9e73) csrrw   t3, fflags, s11
core   0: 1 0x0000000080005334 (0x001d9e73) x28 0x0000000000000010 c1_fflags 0x000000000000001f
core   0: 0x0000000080005338 (0x015ce137) lui     sp, 0x15ce
core   0: 1 0x0000000080005338 (0x015ce137) x2  0x00000000015ce000
core   0: 0x000000008000533c (0xbe31011b) addiw   sp, sp, -1053
core   0: 1 0x000000008000533c (0xbe31011b) x2  0x00000000015cdbe3
core   0: 0x0000000080005340 (0x0000013a) c.slli  sp, 14
core   0: 1 0x0000000080005340 (0x013a) x2  0x0000005736f8c000
core   0: 0x0000000080005342 (0x0b710113) addi    sp, sp, 183
core   0: 1 0x0000000080005342 (0x0b710113) x2  0x0000005736f8c0b7
core   0: 0x0000000080005346 (0x037ba7b3) mulhsu  a5, s7, s7
core   0: 1 0x0000000080005346 (0x037ba7b3) x15 0x0000000000000000
core   0: 0x000000008000534a (0xd2020cd3) fcvt.d.w fs9, tp
core   0: 1 0x000000008000534a (0xd2020cd3) f25 0xc1c1b7a68e000000
core   0: 0x000000008000534e (0x00396433) or      s0, s2, gp
core   0: 1 0x000000008000534e (0x00396433) x8  0x0000000000000000
core   0: 0x0000000080005352 (0x03147633) remu    a2, s0, a7
core   0: 1 0x0000000080005352 (0x03147633) x12 0x0000000000000000
core   0: 0x0000000080005356 (0x036755bb) divuw   a1, a4, s6
core   0: 1 0x0000000080005356 (0x036755bb) x11 0xffffffffffffffff
core   0: 0x000000008000535a (0x01658cbb) addw    s9, a1, s6
core   0: 1 0x000000008000535a (0x01658cbb) x25 0xffffffffffffffff
core   0: 0x000000008000535e (0x106ca073) csrrs   zero, scounteren, s9
core   0: 1 0x000000008000535e (0x106ca073) c262_scounteren 0x0000000000000000
core   0: 0x0000000080005362 (0x03ca03b3) mul     t2, s4, t3
core   0: 1 0x0000000080005362 (0x03ca03b3) x7  0x0000000000000000
core   0: 0x0000000080005366 (0xb214f0cb) fnmsub.d ft1, fs1, ft1, fs6
core   0: 1 0x0000000080005366 (0xb214f0cb) f1  0x7ff8000000000000
core   0: 0x000000008000536a (0x407d5ab3) sra     s5, s10, t2
core   0: 1 0x000000008000536a (0x407d5ab3) x21 0x0000000000000000
core   0: 0x000000008000536e (0x00b75193) srli    gp, a4, 11
core   0: 1 0x000000008000536e (0x00b75193) x3  0x0000000000000000
core   0: 0x0000000080005372 (0x039b1bb3) mulh    s7, s6, s9
core   0: 1 0x0000000080005372 (0x039b1bb3) x23 0xffffffffffffffff
core   0: 0x0000000080005376 (0xa3428953) fle.d   s2, ft5, fs4
core   0: 1 0x0000000080005376 (0xa3428953) c1_fflags 0x000000000000001f x18 0x0000000000000000
core   0: 0x000000008000537a (0x23981e53) fsgnjn.d ft8, fa6, fs9
core   0: 1 0x000000008000537a (0x23981e53) f28 0x7fffffff40800000
core   0: 0x000000008000537e (0x002b1e73) csrrw   t3, frm, s6
core   0: 1 0x000000008000537e (0x002b1e73) x28 0x0000000000000004 c2_frm 0x0000000000000000
core   0: 0x0000000080005382 (0x0ff0000f) fence   iorw,iorw
core   0: 1 0x0000000080005382 (0x0ff0000f)
core   0: 0x0000000080005386 (0x0a177753) fsub.d  fa4, fa4, ft1
core   0: 1 0x0000000080005386 (0x0a177753) f14 0x7ff8000000000000
core   0: 0x000000008000538a (0x0174a133) slt     sp, s1, s7
core   0: 1 0x000000008000538a (0x0174a133) x2  0x0000000000000000
core   0: 0x000000008000538e (0xeae008b7) lui     a7, 0xeae00
core   0: 1 0x000000008000538e (0xeae008b7) x17 0xffffffffeae00000
core   0: 0x0000000080005392 (0x0119dbb3) srl     s7, s3, a7
core   0: 1 0x0000000080005392 (0x0119dbb3) x23 0x0000000000000004
core   0: 0x0000000080005396 (0x411a0a33) sub     s4, s4, a7
core   0: 1 0x0000000080005396 (0x411a0a33) x20 0x0000000015200000
core   0: 0x000000008000539a (0x002168b3) or      a7, sp, sp
core   0: 1 0x000000008000539a (0x002168b3) x17 0x0000000000000000
core   0: 0x000000008000539e (0x723778c3) fmadd.d fa7, fa4, ft3, fa4
core   0: 1 0x000000008000539e (0x723778c3) f17 0x7ff8000000000000
core   0: 0x00000000800053a2 (0x4071d43b) sraw    s0, gp, t2
core   0: 1 0x00000000800053a2 (0x4071d43b) x8  0x0000000000000000
core   0: 0x00000000800053a6 (0x02b5c5b3) div     a1, a1, a1
core   0: 1 0x00000000800053a6 (0x02b5c5b3) x11 0x0000000000000001
core   0: 0x00000000800053aa (0xfc01d6b7) lui     a3, 0xfc01d
core   0: 1 0x00000000800053aa (0xfc01d6b7) x13 0xfffffffffc01d000
core   0: 0x00000000800053ae (0xac96869b) addiw   a3, a3, -1335
core   0: 1 0x00000000800053ae (0xac96869b) x13 0xfffffffffc01cac9
core   0: 0x00000000800053b2 (0x000006b2) c.slli  a3, 12
core   0: 1 0x00000000800053b2 (0x06b2) x13 0xffffffc01cac9000
core   0: 0x00000000800053b4 (0x40e68693) addi    a3, a3, 1038
core   0: 1 0x00000000800053b4 (0x40e68693) x13 0xffffffc01cac940e
core   0: 0x00000000800053b8 (0x0137e233) or      tp, a5, s3
core   0: 1 0x00000000800053b8 (0x0137e233) x4  0x0000000000000004
core   0: 0x00000000800053bc (0x001297f3) csrrw   a5, fflags, t0
core   0: 1 0x00000000800053bc (0x001297f3) x15 0x000000000000001f c1_fflags 0x0000000000000000
core   0: 0x00000000800053c0 (0x27ade013) ori     zero, s11, 634
core   0: 1 0x00000000800053c0 (0x27ade013)
core   0: 0x00000000800053c4 (0x01ded4b3) srl     s1, t4, t4
core   0: 1 0x00000000800053c4 (0x01ded4b3) x9  0x000fffffffffffff
core   0: 0x00000000800053c8 (0x00000001) c.nop
core   0: 1 0x00000000800053c8 (0x0001)
core   0: 0x00000000800053ca (0x23c02853) fsgnjx.d fa6, ft0, ft8
core   0: 1 0x00000000800053ca (0x23c02853) f16 0x0000000000000000
core   0: 0x00000000800053ce (0x000000be) c.slli  ra, 15
core   0: 1 0x00000000800053ce (0x00be) x1  0x00004000200a0000
core   0: 0x00000000800053d0 (0x40928b3b) subw    s6, t0, s1
core   0: 1 0x00000000800053d0 (0x40928b3b) x22 0x0000000000000001
core   0: 0x00000000800053d4 (0x0142ebb3) or      s7, t0, s4
core   0: 1 0x00000000800053d4 (0x0142ebb3) x23 0x0000000015200000
core   0: 0x00000000800053d8 (0x017b93bb) sllw    t2, s7, s7
core   0: 1 0x00000000800053d8 (0x017b93bb) x7  0x0000000015200000
core   0: 0x00000000800053dc (0x40fa5d3b) sraw    s10, s4, a5
core   0: 1 0x00000000800053dc (0x40fa5d3b) x26 0x0000000000000000
core   0: 0x00000000800053e0 (0x414282b3) sub     t0, t0, s4
core   0: 1 0x00000000800053e0 (0x414282b3) x5  0xffffffffeae00000
core   0: 0x00000000800053e4 (0x000a9a93) slli    s5, s5, 0
core   0: 1 0x00000000800053e4 (0x000a9a93) x21 0x0000000000000000
core   0: 0x00000000800053e8 (0x5a0675d3) fsqrt.d fa1, fa2
core   0: 1 0x00000000800053e8 (0x5a0675d3) f11 0x7ff8000000000000
core   0: 0x00000000800053ec (0x00061893) slli    a7, a2, 0
core   0: 1 0x00000000800053ec (0x00061893) x17 0x0000000000000000
core   0: 0x00000000800053f0 (0x01298e3b) addw    t3, s3, s2
core   0: 1 0x00000000800053f0 (0x01298e3b) x28 0x0000000000000004
core   0: 0x00000000800053f4 (0x4005d7b3) sra     a5, a1, zero
core   0: 1 0x00000000800053f4 (0x4005d7b3) x15 0x0000000000000001
core   0: 0x00000000800053f8 (0x4007d83b) sraw    a6, a5, zero
core   0: 1 0x00000000800053f8 (0x4007d83b) x16 0x0000000000000001
core   0: 0x00000000800053fc (0x00102df3) csrrs   s11, fflags, zero
core   0: 1 0x00000000800053fc (0x00102df3) x27 0x0000000000000000
core   0: 0x0000000080005400 (0x0ff0000f) fence   iorw,iorw
core   0: 1 0x0000000080005400 (0x0ff0000f)
core   0: 0x0000000080005404 (0xa2888bd3) fle.d   s7, fa7, fs0
core   0: 1 0x0000000080005404 (0xa2888bd3) c1_fflags 0x0000000000000010 x23 0x0000000000000000
core   0: 0x0000000080005408 (0x01cb8ebb) addw    t4, s7, t3
core   0: 1 0x0000000080005408 (0x01cb8ebb) x29 0x0000000000000004
core   0: 0x000000008000540c (0x8008c693) xori    a3, a7, -2048
core   0: 1 0x000000008000540c (0x8008c693) x13 0xfffffffffffff800
core   0: 0x0000000080005410 (0xb088881b) addiw   a6, a7, -1272
core   0: 1 0x0000000080005410 (0xb088881b) x16 0xfffffffffffffb08
core   0: 0x0000000080005414 (0x40117153) fcvt.s.d ft2, ft2
core   0: 1 0x0000000080005414 (0x40117153) f2  0xffffffff7fc00000
core   0: 0x0000000080005418 (0x00c0d63b) srlw    a2, ra, a2
core   0: 1 0x0000000080005418 (0x00c0d63b) x12 0x00000000200a0000
core   0: 0x000000008000541c (0x03debeb3) mulhu   t4, t4, t4
core   0: 1 0x000000008000541c (0x03debeb3) x29 0x0000000000000000
core   0: 0x0000000080005420 (0x322e3497) auipc   s1, 0x322e3
core   0: 1 0x0000000080005420 (0x322e3497) x9  0x00000000b22e8420
core   0: 0x0000000080005424 (0x00259073) csrrw   zero, frm, a1
core   0: 1 0x0000000080005424 (0x00259073) c2_frm 0x0000000000000001
core   0: 0x0000000080005428 (0x0062923b) sllw    tp, t0, t1
core   0: 1 0x0000000080005428 (0x0062923b) x4  0xffffffffeae00000
core   0: 0x000000008000542c (0x00f6fc33) and     s8, a3, a5
core   0: 1 0x000000008000542c (0x00f6fc33) x24 0x0000000000000000
core   0: 0x0000000080005430 (0x00dd8a3b) addw    s4, s11, a3
core   0: 1 0x0000000080005430 (0x00dd8a3b) x20 0xfffffffffffff800
core   0: 0x0000000080005434 (0xc634a8b7) lui     a7, 0xc634a
core   0: 1 0x0000000080005434 (0xc634a8b7) x17 0xffffffffc634a000
core   0: 0x0000000080005438 (0xd021f653) fcvt.s.l fa2, gp
core   0: 1 0x0000000080005438 (0xd021f653) f12 0xffffffff00000000
core   0: 0x000000008000543c (0x031beebb) remw    t4, s7, a7
core   0: 1 0x000000008000543c (0x031beebb) x29 0x0000000000000000
core   0: 0x0000000080005440 (0x80090413) addi    s0, s2, -2048
core   0: 1 0x0000000080005440 (0x80090413) x8  0xfffffffffffff800
core   0: 0x0000000080005444 (0x0094083b) addw    a6, s0, s1
core   0: 1 0x0000000080005444 (0x0094083b) x16 0xffffffffb22e7c20
core   0: 0x0000000080005448 (0x00281b73) csrrw   s6, frm, a6
core   0: 1 0x0000000080005448 (0x00281b73) x22 0x0000000000000001 c2_frm 0x0000000000000000
core   0: 0x000000008000544c (0x0068013b) addw    sp, a6, t1
core   0: 1 0x000000008000544c (0x0068013b) x2  0xffffffffb22e7c20
core   0: 0x0000000080005450 (0x43bff397) auipc   t2, 0x43bff
core   0: 1 0x0000000080005450 (0x43bff397) x7  0x00000000c3c04450
core   0: 0x0000000080005454 (0xfc0221b7) lui     gp, 0xfc022
core   0: 1 0x0000000080005454 (0xfc0221b7) x3  0xfffffffffc022000
core   0: 0x0000000080005458 (0xfa71819b) addiw   gp, gp, -89
core   0: 1 0x0000000080005458 (0xfa71819b) x3  0xfffffffffc021fa7
core   0: 0x000000008000545c (0x000001b6) c.slli  gp, 13
core   0: 1 0x000000008000545c (0x01b6) x3  0xffffff8043f4e000
core   0: 0x000000008000545e (0x45718193) addi    gp, gp, 1111
core   0: 1 0x000000008000545e (0x45718193) x3  0xffffff8043f4e457
core   0: 0x0000000080005462 (0x0ff0000f) fence   iorw,iorw
core   0: 1 0x0000000080005462 (0x0ff0000f)
core   0: 0x0000000080005466 (0x34489873) csrrw   a6, mip, a7
core   0: exception trap_illegal_instruction, epc 0x0000000080005466
core   0:           tval 0x0000000034489873
core   0: >>>>  $xrv64i2p1_m2p0_a2p1_f2p2_d2p2_zicsr2p0_zifencei2p0_zmmul1p0_zba1p0_zbb1p0_zbc1p0_zbs1p0
core   0: 0x0000000080004000 (0x0080006f) j       pc + 0x8
core   0: 3 0x0000000080004000 (0x0080006f)
core   0: >>>>  mmode_exception_handler
core   0: 0x0000000080004008 (0x00002c17) auipc   s8, 0x2
core   0: 3 0x0000000080004008 (0x00002c17) x24 0x0000000080006008
core   0: 0x000000008000400c (0x058c0c13) addi    s8, s8, 88
core   0: 3 0x000000008000400c (0x058c0c13) x24 0x0000000080006060
core   0: 0x0000000080004010 (0x000c00e7) jalr    s8
core   0: 3 0x0000000080004010 (0x000c00e7) x1  0x0000000080004014
core   0: >>>>  any_handler
core   0: 0x0000000080006060 (0x341027f3) csrrs   a5, mepc, zero
core   0: 3 0x0000000080006060 (0x341027f3) x15 0x0000000080005466
core   0: 0x0000000080006064 (0x34202773) csrrs   a4, mcause, zero
core   0: 3 0x0000000080006064 (0x34202773) x14 0x0000000000000002
core   0: 0x0000000080006068 (0x142026f3) csrrs   a3, scause, zero
core   0: 3 0x0000000080006068 (0x142026f3) x13 0x0000000000000000
core   0: 0x000000008000606c (0x30402673) csrrs   a2, mie, zero
core   0: 3 0x000000008000606c (0x30402673) x12 0x0000000000000a00
core   0: 0x0000000080006070 (0x344025f3) csrrs   a1, mip, zero
core   0: 3 0x0000000080006070 (0x344025f3) x11 0x0000000000000080
core   0: 0x0000000080006074 (0x343025f3) csrrs   a1, mtval, zero
core   0: 3 0x0000000080006074 (0x343025f3) x11 0x0000000034489873
core   0: 0x0000000080006078 (0x14302573) csrrs   a0, stval, zero
core   0: 3 0x0000000080006078 (0x14302573) x10 0x0000000000000000
core   0: 0x000000008000607c (0xb02024f3) csrrs   s1, minstret, zero
core   0: 3 0x000000008000607c (0xb02024f3) x9  0x0000000000000ede
core   0: 0x0000000080006080 (0x0000a811) c.j     pc + 20
core   0: 3 0x0000000080006080 (0xa811)
core   0: >>>>  mepc_4
core   0: 0x0000000080006094 (0x00000791) c.addi  a5, 4
core   0: 3 0x0000000080006094 (0x0791) x15 0x000000008000546a
core   0: 0x0000000080006096 (0x34179073) csrrw   zero, mepc, a5
core   0: 3 0x0000000080006096 (0x34179073) c833_mepc 0x000000008000546a
core   0: 0x000000008000609a (0x30200073) mret
core   0: 3 0x000000008000609a (0x30200073) c768_mstatus 0x8000000a00106080
core   0: 0x000000008000546a (0x2b178953) fmin.d  fs2, fa5, fa7
core   0: 1 0x000000008000546a (0x2b178953) f18 0x43efffffffffffff
core   0: 0x000000008000546e (0x2377abd3) fsgnjx.d fs7, fa5, fs7
core   0: 1 0x000000008000546e (0x2377abd3) f23 0x43efffffffffffff
core   0: 0x0000000080005472 (0x0038f6b3) and     a3, a7, gp
core   0: 1 0x0000000080005472 (0x0038f6b3) x13 0xffffff804234a000
core   0: 0x0000000080005476 (0x9bbefe43) fmadd.d ft8, ft9, fs11, fs3
core   0: 1 0x0000000080005476 (0x9bbefe43) f28 0x7ff8000000000000
core   0: 0x000000008000547a (0xc2158613) addi    a2, a1, -991
core   0: 1 0x000000008000547a (0xc2158613) x12 0x0000000034489494
core   0: 0x000000008000547e (0x5a0afd53) fsqrt.d fs10, fs5
core   0: 1 0x000000008000547e (0x5a0afd53) f26 0x7ff8000000000000
core   0: 0x0000000080005482 (0xc20e7b53) fcvt.w.d s6, ft8
core   0: 1 0x0000000080005482 (0xc20e7b53) c1_fflags 0x0000000000000010 x22 0x000000007fffffff
core   0: 0x0000000080005486 (0x000b1113) slli    sp, s6, 0
core   0: 1 0x0000000080005486 (0x000b1113) x2  0x000000007fffffff
core   0: 0x000000008000548a (0xdc840d9b) addiw   s11, s0, -568
core   0: 1 0x000000008000548a (0xdc840d9b) x27 0xfffffffffffff5c8
core   0: 0x000000008000548e (0x03779013) slli    zero, a5, 55
core   0: 1 0x000000008000548e (0x03779013)
core   0: 0x0000000080005492 (0x403058bb) sraw    a7, zero, gp
core   0: 1 0x0000000080005492 (0x403058bb) x17 0x0000000000000000
core   0: 0x0000000080005496 (0x0076d3bb) srlw    t2, a3, t2
core   0: 1 0x0000000080005496 (0x0076d3bb) x7  0x0000000000004234
core   0: 0x000000008000549a (0xc23a7653) fcvt.lu.d a2, fs4
core   0: 1 0x000000008000549a (0xc23a7653) x12 0x0000000000000000
core   0: 0x000000008000549e (0xc02afbd3) fcvt.l.s s7, fs5
core   0: 1 0x000000008000549e (0xc02afbd3) c1_fflags 0x0000000000000010 x23 0x7fffffffffffffff
core   0: 0x00000000800054a2 (0x03ce04b3) mul     s1, t3, t3
core   0: 1 0x00000000800054a2 (0x03ce04b3) x9  0x0000000000000010
core   0: 0x00000000800054a6 (0x034a5e33) divu    t3, s4, s4
core   0: 1 0x00000000800054a6 (0x034a5e33) x28 0x0000000000000001
core   0: 0x00000000800054aa (0x00000001) c.nop
core   0: 1 0x00000000800054aa (0x0001)
core   0: 0x00000000800054ac (0x03c145b3) div     a1, sp, t3
core   0: 1 0x00000000800054ac (0x03c145b3) x11 0x000000007fffffff
core   0: 0x00000000800054b0 (0x0075a3b3) slt     t2, a1, t2
core   0: 1 0x00000000800054b0 (0x0075a3b3) x7  0x0000000000000000
core   0: 0x00000000800054b4 (0x01064333) xor     t1, a2, a6
core   0: 1 0x00000000800054b4 (0x01064333) x6  0xffffffffb22e7c20
core   0: 0x00000000800054b8 (0x0000d913) srli    s2, ra, 0
core   0: 1 0x00000000800054b8 (0x0000d913) x18 0x0000000080004014
core   0: 0x00000000800054bc (0x005813b3) sll     t2, a6, t0
core   0: 1 0x00000000800054bc (0x005813b3) x7  0xffffffffb22e7c20
core   0: 0x00000000800054c0 (0x02c00333) mul     t1, zero, a2
core   0: 1 0x00000000800054c0 (0x02c00333) x6  0x0000000000000000
core   0: 0x00000000800054c4 (0x40035e33) sra     t3, t1, zero
core   0: 1 0x00000000800054c4 (0x40035e33) x28 0x0000000000000000
core   0: 0x00000000800054c8 (0x01b510b3) sll     ra, a0, s11
core   0: 1 0x00000000800054c8 (0x01b510b3) x1  0x0000000000000000
core   0: 0x00000000800054cc (0x0210f1bb) remuw   gp, ra, ra
core   0: 1 0x00000000800054cc (0x0210f1bb) x3  0x0000000000000000
core   0: 0x00000000800054d0 (0x22ff1b53) fsgnjn.d fs6, ft10, fa5
core   0: 1 0x00000000800054d0 (0x22ff1b53) f22 0xfff8000000000000
core   0: 0x00000000800054d4 (0xd2080153) fcvt.d.w ft2, a6
core   0: 1 0x00000000800054d4 (0xd2080153) f2  0xc1d37460f8000000
core   0: 0x00000000800054d8 (0x02846b33) rem     s6, s0, s0
core   0: 1 0x00000000800054d8 (0x02846b33) x22 0x0000000000000000
core   0: 0x00000000800054dc (0x003a94bb) sllw    s1, s5, gp
core   0: 1 0x00000000800054dc (0x003a94bb) x9  0x0000000000000000
core   0: 0x00000000800054e0 (0x01d0153b) sllw    a0, zero, t4
core   0: 1 0x00000000800054e0 (0x01d0153b) x10 0x0000000000000000
core   0: 0x00000000800054e4 (0xc22d7853) fcvt.l.d a6, fs10
core   0: 1 0x00000000800054e4 (0xc22d7853) c1_fflags 0x0000000000000010 x16 0x7fffffffffffffff
core   0: 0x00000000800054e8 (0x406bdc1b) sraiw   s8, s7, 6
core   0: 1 0x00000000800054e8 (0x406bdc1b) x24 0xffffffffffffffff
core   0: 0x00000000800054ec (0x01cdd53b) srlw    a0, s11, t3
core   0: 1 0x00000000800054ec (0x01cdd53b) x10 0xfffffffffffff5c8
core   0: 0x00000000800054f0 (0x02ddd033) divu    zero, s11, a3
core   0: 1 0x00000000800054f0 (0x02ddd033)
core   0: 0x00000000800054f4 (0x00209b73) csrrw   s6, frm, ra
core   0: 1 0x00000000800054f4 (0x00209b73) x22 0x0000000000000000 c2_frm 0x0000000000000000
core   0: 0x00000000800054f8 (0xd0217153) fcvt.s.l ft2, sp
core   0: 1 0x00000000800054f8 (0xd0217153) c1_fflags 0x0000000000000011 f2  0xffffffff4f000000
core   0: 0x00000000800054fc (0x036cf0b3) remu    ra, s9, s6
core   0: 1 0x00000000800054fc (0x036cf0b3) x1  0xffffffffffffffff
core   0: 0x0000000080005500 (0x5a07f253) fsqrt.d ft4, fa5
core   0: 1 0x0000000080005500 (0x5a07f253) c1_fflags 0x0000000000000011 f4  0x41efffffffffffff
core   0: 0x0000000080005504 (0x4115551b) sraiw   a0, a0, 17
core   0: 1 0x0000000080005504 (0x4115551b) x10 0xffffffffffffffff
core   0: 0x0000000080005508 (0xa0905037) lui     zero, 0xa0905
core   0: 1 0x0000000080005508 (0xa0905037)
core   0: 0x000000008000550c (0xa3d101d3) fle.d   gp, ft2, ft9
core   0: 1 0x000000008000550c (0xa3d101d3) c1_fflags 0x0000000000000011 x3  0x0000000000000000
core   0: 0x0000000080005510 (0x1b9ffc53) fdiv.d  fs8, ft11, fs9
core   0: 1 0x0000000080005510 (0x1b9ffc53) f24 0x7ff8000000000000
core   0: 0x0000000080005514 (0x001c1b73) csrrw   s6, fflags, s8
core   0: 1 0x0000000080005514 (0x001c1b73) x22 0x0000000000000011 c1_fflags 0x000000000000001f
core   0: 0x0000000080005518 (0x13727253) fmul.d  ft4, ft4, fs7
core   0: 1 0x0000000080005518 (0x13727253) c1_fflags 0x000000000000001f f4  0x45effffffffffffe
core   0: 0x000000008000551c (0xc58c4e13) xori    t3, s8, -936
core   0: 1 0x000000008000551c (0xc58c4e13) x28 0x00000000000003a7
core   0: 0x0000000080005520 (0x739df743) fmadd.d fa4, fs11, fs9, fa4
core   0: 1 0x0000000080005520 (0x739df743) f14 0x7ff8000000000000
core   0: 0x0000000080005524 (0x034d0d3b) mulw    s10, s10, s4
core   0: 1 0x0000000080005524 (0x034d0d3b) x26 0x0000000000000000
core   0: 0x0000000080005528 (0x00549a1b) slliw   s4, s1, 5
core   0: 1 0x0000000080005528 (0x00549a1b) x20 0x0000000000000000
core   0: 0x000000008000552c (0x414d5db3) sra     s11, s10, s4
core   0: 1 0x000000008000552c (0x414d5db3) x27 0x0000000000000000
core   0: 0x0000000080005530 (0x021c03b3) mul     t2, s8, ra
core   0: 1 0x0000000080005530 (0x021c03b3) x7  0x0000000000000001
core   0: 0x0000000080005534 (0x41475b1b) sraiw   s6, a4, 20
core   0: 1 0x0000000080005534 (0x41475b1b) x22 0x0000000000000000
core   0: 0x0000000080005538 (0x0337f253) fadd.d  ft4, fa5, fs3
core   0: 1 0x0000000080005538 (0x0337f253) c1_fflags 0x000000000000001f f4  0x43efffffffffffff
core   0: 0x000000008000553c (0x40f75c33) sra     s8, a4, a5
core   0: 1 0x000000008000553c (0x40f75c33) x24 0x0000000000000000
core   0: 0x0000000080005540 (0x03fa1913) slli    s2, s4, 63
core   0: 1 0x0000000080005540 (0x03fa1913) x18 0x0000000000000000
core   0: 0x0000000080005544 (0xd03ef953) fcvt.s.lu fs2, t4
core   0: 1 0x0000000080005544 (0xd03ef953) f18 0xffffffff00000000
core   0: 0x0000000080005548 (0xc209fa53) fcvt.w.d s4, fs3
core   0: 1 0x0000000080005548 (0xc209fa53) x20 0x0000000000000011
core   0: 0x000000008000554c (0x4067d73b) sraw    a4, a5, t1
core   0: 1 0x000000008000554c (0x4067d73b) x14 0xffffffff8000546a
core   0: 0x0000000080005550 (0x0079013b) addw    sp, s2, t2
core   0: 1 0x0000000080005550 (0x0079013b) x2  0x0000000000000001
core   0: 0x0000000080005554 (0x01225e33) srl     t3, tp, s2
core   0: 1 0x0000000080005554 (0x01225e33) x28 0xffffffffeae00000
core   0: 0x0000000080005558 (0x017cf133) and     sp, s9, s7
core   0: 1 0x0000000080005558 (0x017cf133) x2  0x7fffffffffffffff
core   0: 0x000000008000555c (0x417bd9bb) sraw    s3, s7, s7
core   0: 1 0x000000008000555c (0x417bd9bb) x19 0xffffffffffffffff
core   0: 0x0000000080005560 (0x023ce733) rem     a4, s9, gp
core   0: 1 0x0000000080005560 (0x023ce733) x14 0xffffffffffffffff
core   0: 0x0000000080005564 (0x01134333) xor     t1, t1, a7
core   0: 1 0x0000000080005564 (0x01134333) x6  0x0000000000000000
core   0: 0x0000000080005568 (0xc229fdd3) fcvt.l.d s11, fs3
core   0: 1 0x0000000080005568 (0xc229fdd3) x27 0x0000000000000011
core   0: 0x000000008000556c (0x226d2753) fsgnjx.d fa4, fs10, ft6
core   0: 1 0x000000008000556c (0x226d2753) f14 0x7ff8000000000000
core   0: 0x0000000080005570 (0xc251e513) ori     a0, gp, -987
core   0: 1 0x0000000080005570 (0xc251e513) x10 0xfffffffffffffc25
core   0: 0x0000000080005574 (0x0217ffd3) fadd.d  ft11, fa5, ft1
core   0: 1 0x0000000080005574 (0x0217ffd3) f31 0x7ff8000000000000
core   0: 0x0000000080005578 (0x00000001) c.nop
core   0: 1 0x0000000080005578 (0x0001)
core   0: 0x000000008000557a (0x00905d33) srl     s10, zero, s1
core   0: 1 0x000000008000557a (0x00905d33) x26 0x0000000000000000
core   0: 0x000000008000557e (0x002498f3) csrrw   a7, frm, s1
core   0: 1 0x000000008000557e (0x002498f3) x17 0x0000000000000000 c2_frm 0x0000000000000000
core   0: 0x0000000080005582 (0x01ef1737) lui     a4, 0x1ef1
core   0: 1 0x0000000080005582 (0x01ef1737) x14 0x0000000001ef1000
core   0: 0x0000000080005586 (0x1437071b) addiw   a4, a4, 323
core   0: 1 0x0000000080005586 (0x1437071b) x14 0x0000000001ef1143
core   0: 0x000000008000558a (0x00000732) c.slli  a4, 12
core   0: 1 0x000000008000558a (0x0732) x14 0x0000001ef1143000
core   0: 0x000000008000558c (0xe2870713) addi    a4, a4, -472
core   0: 1 0x000000008000558c (0xe2870713) x14 0x0000001ef1142e28
core   0: 0x0000000080005590 (0xc035f4d3) fcvt.lu.s s1, fa1
core   0: 1 0x0000000080005590 (0xc035f4d3) c1_fflags 0x000000000000001f x9  0xffffffffffffffff
core   0: 0x0000000080005594 (0xd024f453) fcvt.s.l fs0, s1
core   0: 1 0x0000000080005594 (0xd024f453) f8  0xffffffffbf800000
core   0: 0x0000000080005598 (0xd024f253) fcvt.s.l ft4, s1
core   0: 1 0x0000000080005598 (0xd024f253) f4  0xffffffffbf800000
core   0: 0x000000008000559c (0x7b5077c7) fmsub.d fa5, ft0, fs5, fa5
core   0: 1 0x000000008000559c (0x7b5077c7) f15 0x7ff8000000000000
core   0: 0x00000000800055a0 (0x22f21fd3) fsgnjn.d ft11, ft4, fa5
core   0: 1 0x00000000800055a0 (0x22f21fd3) f31 0xffffffffbf800000
core   0: 0x00000000800055a4 (0x00aa84bb) addw    s1, s5, a0
core   0: 1 0x00000000800055a4 (0x00aa84bb) x9  0xfffffffffffffc25
core   0: 0x00000000800055a8 (0x8374f4c7) fmsub.d fs1, fs1, fs7, fa6
core   0: 1 0x00000000800055a8 (0x8374f4c7) f9  0x7ff8000000000000
core   0: 0x00000000800055ac (0xc2187b53) fcvt.wu.d s6, fa6
core   0: 1 0x00000000800055ac (0xc2187b53) x22 0x0000000000000000
core   0: 0x00000000800055b0 (0x408bde3b) sraw    t3, s7, s0
core   0: 1 0x00000000800055b0 (0x408bde3b) x28 0xffffffffffffffff
core   0: 0x00000000800055b4 (0x40127dd3) fcvt.s.d fs11, ft4
core   0: 1 0x00000000800055b4 (0x40127dd3) f27 0xffffffff7fc00000
core   0: 0x00000000800055b8 (0x1a9cf3d3) fdiv.d  ft7, fs9, fs1
core   0: 1 0x00000000800055b8 (0x1a9cf3d3) f7  0x7ff8000000000000
core   0: 0x00000000800055bc (0x029cfcb3) remu    s9, s9, s1
core   0: 1 0x00000000800055bc (0x029cfcb3) x25 0x00000000000003da
core   0: 0x00000000800055c0 (0x553cf613) andi    a2, s9, 1363
core   0: 1 0x00000000800055c0 (0x553cf613) x12 0x0000000000000152
core   0: 0x00000000800055c4 (0x143c37f3) csrrc   a5, stval, s8
core   0: 1 0x00000000800055c4 (0x143c37f3) x15 0x0000000000000000 c323_stval 0x0000000000000000
core   0: 0x00000000800055c8 (0x22551bd3) fsgnjn.d fs7, fa0, ft5
core   0: 1 0x00000000800055c8 (0x22551bd3) f23 0xfff8000000000000
core   0: 0x00000000800055cc (0x405b52bb) sraw    t0, s6, t0
core   0: 1 0x00000000800055cc (0x405b52bb) x5  0x0000000000000000
core   0: 0x00000000800055d0 (0x00089713) slli    a4, a7, 0
core   0: 1 0x00000000800055d0 (0x00089713) x14 0x0000000000000000
core   0: 0x00000000800055d4 (0x2ae09353) fmax.d  ft6, ft1, fa4
core   0: 1 0x00000000800055d4 (0x2ae09353) f6  0x7ff8000000000000
core   0: 0x00000000800055d8 (0x0af7f7d3) fsub.d  fa5, fa5, fa5
core   0: 1 0x00000000800055d8 (0x0af7f7d3) f15 0x7ff8000000000000
core   0: 0x00000000800055dc (0x00000001) c.nop
core   0: 1 0x00000000800055dc (0x0001)
core   0: 0x00000000800055de (0x02f87c3b) remuw   s8, a6, a5
core   0: 1 0x00000000800055de (0x02f87c3b) x24 0xffffffffffffffff
core   0: 0x00000000800055e2 (0x22632ad3) fsgnjx.d fs5, ft6, ft6
core   0: 1 0x00000000800055e2 (0x22632ad3) f21 0x7ff8000000000000
core   0: 0x00000000800055e6 (0x00000001) c.nop
core   0: 1 0x00000000800055e6 (0x0001)
core   0: 0x00000000800055e8 (0x02faeabb) remw    s5, s5, a5
core   0: 1 0x00000000800055e8 (0x02faeabb) x21 0x0000000000000000
core   0: 0x00000000800055ec (0x032d5d3b) divuw   s10, s10, s2
core   0: 1 0x00000000800055ec (0x032d5d3b) x26 0xffffffffffffffff
core   0: 0x00000000800055f0 (0x40a5093b) subw    s2, a0, a0
core   0: 1 0x00000000800055f0 (0x40a5093b) x18 0x0000000000000000
core   0: 0x00000000800055f4 (0x000cdc9b) srliw   s9, s9, 0
core   0: 1 0x00000000800055f4 (0x000cdc9b) x25 0x00000000000003da
core   0: 0x00000000800055f8 (0x019b5d1b) srliw   s10, s6, 25
core   0: 1 0x00000000800055f8 (0x019b5d1b) x26 0x0000000000000000
core   0: 0x00000000800055fc (0x9a29fe47) fmsub.d ft8, fs3, ft2, fs3
core   0: 1 0x00000000800055fc (0x9a29fe47) f28 0x7ff8000000000000
core   0: 0x0000000080005600 (0x033bf633) remu    a2, s7, s3
core   0: 1 0x0000000080005600 (0x033bf633) x12 0x7fffffffffffffff
core   0: 0x0000000080005604 (0xf3ef7d47) fmsub.d fs10, ft10, ft10, ft10
core   0: 1 0x0000000080005604 (0xf3ef7d47) f26 0x7ff8000000000000
core   0: 0x0000000080005608 (0x0354c033) div     zero, s1, s5
core   0: 1 0x0000000080005608 (0x0354c033)
core   0: 0x000000008000560c (0x9b5af9cb) fnmsub.d fs3, fs5, fs5, fs3
core   0: 1 0x000000008000560c (0x9b5af9cb) f19 0x7ff8000000000000
core   0: 0x0000000080005610 (0x401a70d3) fcvt.s.d ft1, fs4
core   0: 1 0x0000000080005610 (0x401a70d3) f1  0xffffffff00000000
core   0: 0x0000000080005614 (0x0ff0000f) fence   iorw,iorw
core   0: 1 0x0000000080005614 (0x0ff0000f)
core   0: 0x0000000080005618 (0x001029f3) csrrs   s3, fflags, zero
core   0: 1 0x0000000080005618 (0x001029f3) x19 0x000000000000001f
core   0: 0x000000008000561c (0x029d7bbb) remuw   s7, s10, s1
core   0: 1 0x000000008000561c (0x029d7bbb) x23 0x0000000000000000
core   0: 0x0000000080005620 (0x03bd633b) remw    t1, s10, s11
core   0: 1 0x0000000080005620 (0x03bd633b) x6  0x0000000000000000
core   0: 0x0000000080005624 (0x020d4e13) xori    t3, s10, 32
core   0: 1 0x0000000080005624 (0x020d4e13) x28 0x0000000000000020
core   0: 0x0000000080005628 (0x0069803b) addw    zero, s3, t1
core   0: 1 0x0000000080005628 (0x0069803b)
core   0: 0x000000008000562c (0x00d06d33) or      s10, zero, a3
core   0: 1 0x000000008000562c (0x00d06d33) x26 0xffffff804234a000
core   0: 0x0000000080005630 (0x0354b7b3) mulhu   a5, s1, s5
core   0: 1 0x0000000080005630 (0x0354b7b3) x15 0x0000000000000000
core   0: 0x0000000080005634 (0x41ab01b3) sub     gp, s6, s10
core   0: 1 0x0000000080005634 (0x41ab01b3) x3  0x0000007fbdcb6000
core   0: 0x0000000080005638 (0x417ddab3) sra     s5, s11, s7
core   0: 1 0x0000000080005638 (0x417ddab3) x21 0x0000000000000011
core   0: 0x000000008000563c (0x415a85bb) subw    a1, s5, s5
core   0: 1 0x000000008000563c (0x415a85bb) x11 0x0000000000000000
core   0: 0x0000000080005640 (0x1a4cfd47) fmsub.d fs10, fs9, ft4, ft3
core   0: 1 0x0000000080005640 (0x1a4cfd47) f26 0x7ff8000000000000
core   0: 0x0000000080005644 (0x00041e93) slli    t4, s0, 0
core   0: 1 0x0000000080005644 (0x00041e93) x29 0xfffffffffffff800
core   0: 0x0000000080005648 (0x9b036313) ori     t1, t1, -1616
core   0: 1 0x0000000080005648 (0x9b036313) x6  0xfffffffffffff9b0
core   0: 0x000000008000564c (0xd21105d3) fcvt.d.wu fa1, sp
core   0: 1 0x000000008000564c (0xd21105d3) f11 0x41efffffffe00000
core   0: 0x0000000080005650 (0xc225f753) fcvt.l.d a4, fa1
core   0: 1 0x0000000080005650 (0xc225f753) x14 0x00000000ffffffff
core   0: 0x0000000080005654 (0xc2157dd3) fcvt.wu.d s11, fa0
core   0: 1 0x0000000080005654 (0xc2157dd3) c1_fflags 0x000000000000001f x27 0xffffffffffffffff
core   0: 0x0000000080005658 (0xd021fcd3) fcvt.s.l fs9, gp
core   0: 1 0x0000000080005658 (0xd021fcd3) c1_fflags 0x000000000000001f f25 0xffffffff52ff7b97
core   0: 0x000000008000565c (0x230babd3) fsgnjx.d fs7, fs7, fa6
core   0: 1 0x000000008000565c (0x230babd3) f23 0xfff8000000000000
core   0: 0x0000000080005660 (0x0ff0000f) fence   iorw,iorw
core   0: 1 0x0000000080005660 (0x0ff0000f)
core   0: 0x0000000080005664 (0x418606bb) subw    a3, a2, s8
core   0: 1 0x0000000080005664 (0x418606bb) x13 0x0000000000000000
core   0: 0x0000000080005668 (0xd2168353) fcvt.d.wu ft6, a3
core   0: 1 0x0000000080005668 (0xd2168353) f6  0x0000000000000000
core   0: 0x000000008000566c (0x00000001) c.nop
core   0: 1 0x000000008000566c (0x0001)
core   0: 0x000000008000566e (0xd02efad3) fcvt.s.l fs5, t4
core   0: 1 0x000000008000566e (0xd02efad3) f21 0xffffffffc5000000
core   0: 0x0000000080005672 (0x22d68753) fsgnj.d fa4, fa3, fa3
core   0: 1 0x0000000080005672 (0x22d68753) f14 0x7ff8000000000000
core   0: 0x0000000080005676 (0x00008756) c.mv    a4, s5
core   0: 1 0x0000000080005676 (0x8756) x14 0x0000000000000011
core   0: 0x0000000080005678 (0x0358e1bb) remw    gp, a7, s5
core   0: 1 0x0000000080005678 (0x0358e1bb) x3  0x0000000000000000
core   0: 0x000000008000567c (0x02e8cbb3) div     s7, a7, a4
core   0: 1 0x000000008000567c (0x02e8cbb3) x23 0x0000000000000000
core   0: 0x0000000080005680 (0x027ddc33) divu    s8, s11, t2
core   0: 1 0x0000000080005680 (0x027ddc33) x24 0xffffffffffffffff
core   0: 0x0000000080005684 (0x0123043b) addw    s0, t1, s2
core   0: 1 0x0000000080005684 (0x0123043b) x8  0xfffffffffffff9b0
core   0: 0x0000000080005688 (0x02ae1d13) slli    s10, t3, 42
core   0: 1 0x0000000080005688 (0x02ae1d13) x26 0x0000800000000000
core   0: 0x000000008000568c (0x01fb5b1b) srliw   s6, s6, 31
core   0: 1 0x000000008000568c (0x01fb5b1b) x22 0x0000000000000000
core   0: 0x0000000080005690 (0x0ff0000f) fence   iorw,iorw
core   0: 1 0x0000000080005690 (0x0ff0000f)
core   0: 0x0000000080005694 (0xc228fa53) fcvt.l.d s4, fa7
core   0: 1 0x0000000080005694 (0xc228fa53) c1_fflags 0x000000000000001f x20 0x7fffffffffffffff
core   0: 0x0000000080005698 (0x02a624b3) mulhsu  s1, a2, a0
core   0: 1 0x0000000080005698 (0x02a624b3) x9  0x7ffffffffffffe11
core   0: 0x000000008000569c (0x12ffffd3) fmul.d  ft11, ft11, fa5
core   0: 1 0x000000008000569c (0x12ffffd3) f31 0x7ff8000000000000
core   0: 0x00000000800056a0 (0x01649e93) slli    t4, s1, 22
core   0: 1 0x00000000800056a0 (0x01649e93) x29 0xffffffff84400000
core   0: 0x00000000800056a4 (0x43fd5d13) srai    s10, s10, 63
core   0: 1 0x00000000800056a4 (0x43fd5d13) x26 0x0000000000000000
core   0: 0x00000000800056a8 (0xa34dfa47) fmsub.d fs4, fs11, fs4, fs4
core   0: 1 0x00000000800056a8 (0xa34dfa47) f20 0x7ff8000000000000
core   0: 0x00000000800056ac (0x0000db13) srli    s6, ra, 0
core   0: 1 0x00000000800056ac (0x0000db13) x22 0xffffffffffffffff
core   0: 0x00000000800056b0 (0xbbba7e4b) fnmsub.d ft8, fs4, fs11, fs7
core   0: 1 0x00000000800056b0 (0xbbba7e4b) f28 0x7ff8000000000000
core   0: 0x00000000800056b4 (0xd2217f53) fcvt.d.l ft10, sp
core   0: 1 0x00000000800056b4 (0xd2217f53) c1_fflags 0x000000000000001f f30 0x43e0000000000000
core   0: 0x00000000800056b8 (0x01ad2a33) slt     s4, s10, s10
core   0: 1 0x00000000800056b8 (0x01ad2a33) x20 0x0000000000000000
core   0: 0x00000000800056bc (0x3bec4d13) xori    s10, s8, 958
core   0: 1 0x00000000800056bc (0x3bec4d13) x26 0xfffffffffffffc41
core   0: 0x00000000800056c0 (0x411a58bb) sraw    a7, s4, a7
core   0: 1 0x00000000800056c0 (0x411a58bb) x17 0x0000000000000000
core   0: 0x00000000800056c4 (0x0080103b) sllw    zero, zero, s0
core   0: 1 0x00000000800056c4 (0x0080103b)
core   0: 0x00000000800056c8 (0x41a258b3) sra     a7, tp, s10
core   0: 1 0x00000000800056c8 (0x41a258b3) x17 0xfffffffff5700000
core   0: 0x00000000800056cc (0xc010f3f3) csrrci  t2, time, 1
core   0: exception trap_illegal_instruction, epc 0x00000000800056cc
core   0:           tval 0x00000000c010f3f3
core   0: >>>>  $xrv64i2p1_m2p0_a2p1_f2p2_d2p2_zicsr2p0_zifencei2p0_zmmul1p0_zba1p0_zbb1p0_zbc1p0_zbs1p0
core   0: 0x0000000080004000 (0x0080006f) j       pc + 0x8
core   0: 3 0x0000000080004000 (0x0080006f)
core   0: >>>>  mmode_exception_handler
core   0: 0x0000000080004008 (0x00002c17) auipc   s8, 0x2
core   0: 3 0x0000000080004008 (0x00002c17) x24 0x0000000080006008
core   0: 0x000000008000400c (0x058c0c13) addi    s8, s8, 88
core   0: 3 0x000000008000400c (0x058c0c13) x24 0x0000000080006060
core   0: 0x0000000080004010 (0x000c00e7) jalr    s8
core   0: 3 0x0000000080004010 (0x000c00e7) x1  0x0000000080004014
core   0: >>>>  any_handler
core   0: 0x0000000080006060 (0x341027f3) csrrs   a5, mepc, zero
core   0: 3 0x0000000080006060 (0x341027f3) x15 0x00000000800056cc
core   0: 0x0000000080006064 (0x34202773) csrrs   a4, mcause, zero
core   0: 3 0x0000000080006064 (0x34202773) x14 0x0000000000000002
core   0: 0x0000000080006068 (0x142026f3) csrrs   a3, scause, zero
core   0: 3 0x0000000080006068 (0x142026f3) x13 0x0000000000000000
core   0: 0x000000008000606c (0x30402673) csrrs   a2, mie, zero
core   0: 3 0x000000008000606c (0x30402673) x12 0x0000000000000a00
core   0: 0x0000000080006070 (0x344025f3) csrrs   a1, mip, zero
core   0: 3 0x0000000080006070 (0x344025f3) x11 0x0000000000000080
core   0: 0x0000000080006074 (0x343025f3) csrrs   a1, mtval, zero
core   0: 3 0x0000000080006074 (0x343025f3) x11 0x00000000c010f3f3
core   0: 0x0000000080006078 (0x14302573) csrrs   a0, stval, zero
core   0: 3 0x0000000080006078 (0x14302573) x10 0x0000000000000000
core   0: 0x000000008000607c (0xb02024f3) csrrs   s1, minstret, zero
core   0: 3 0x000000008000607c (0xb02024f3) x9  0x0000000000000f8a
core   0: 0x0000000080006080 (0x0000a811) c.j     pc + 20
core   0: 3 0x0000000080006080 (0xa811)
core   0: >>>>  mepc_4
core   0: 0x0000000080006094 (0x00000791) c.addi  a5, 4
core   0: 3 0x0000000080006094 (0x0791) x15 0x00000000800056d0
core   0: 0x0000000080006096 (0x34179073) csrrw   zero, mepc, a5
core   0: 3 0x0000000080006096 (0x34179073) c833_mepc 0x00000000800056d0
core   0: 0x000000008000609a (0x30200073) mret
core   0: 3 0x000000008000609a (0x30200073) c768_mstatus 0x8000000a00106080
core   0: 0x00000000800056d0 (0x00000001) c.nop
core   0: 1 0x00000000800056d0 (0x0001)
core   0: 0x00000000800056d2 (0x23fe10d3) fsgnjn.d ft1, ft8, ft11
core   0: 1 0x00000000800056d2 (0x23fe10d3) f1  0xfff8000000000000
core   0: 0x00000000800056d6 (0x00e2d73b) srlw    a4, t0, a4
core   0: 1 0x00000000800056d6 (0x00e2d73b) x14 0x0000000000000000
core   0: 0x00000000800056da (0x013459bb) srlw    s3, s0, s3
core   0: 1 0x00000000800056da (0x013459bb) x19 0x0000000000000001
core   0: 0x00000000800056de (0x025aa8b3) mulhsu  a7, s5, t0
core   0: 1 0x00000000800056de (0x025aa8b3) x17 0x0000000000000000
core   0: 0x00000000800056e2 (0xd028f953) fcvt.s.l fs2, a7
core   0: 1 0x00000000800056e2 (0xd028f953) f18 0xffffffff00000000
core   0: 0x00000000800056e6 (0x4171d713) srai    a4, gp, 23
core   0: 1 0x00000000800056e6 (0x4171d713) x14 0x0000000000000000
core   0: 0x00000000800056ea (0x039ecebb) divw    t4, t4, s9
core   0: 1 0x00000000800056ea (0x039ecebb) x29 0xffffffffffdfdec5
core   0: 0x00000000800056ee (0x42070753) fcvt.d.s fa4, fa4
core   0: 1 0x00000000800056ee (0x42070753) f14 0x7ff8000000000000
core   0: 0x00000000800056f2 (0x00000001) c.nop
core   0: 1 0x00000000800056f2 (0x0001)
core   0: 0x00000000800056f4 (0x002e1973) csrrw   s2, frm, t3
core   0: 1 0x00000000800056f4 (0x002e1973) x18 0x0000000000000000 c2_frm 0x0000000000000000
core   0: 0x00000000800056f8 (0x001b1273) csrrw   tp, fflags, s6
core   0: 1 0x00000000800056f8 (0x001b1273) x4  0x000000000000001f c1_fflags 0x000000000000001f
core   0: 0x00000000800056fc (0x029bd493) srli    s1, s7, 41
core   0: 1 0x00000000800056fc (0x029bd493) x9  0x0000000000000000
core   0: 0x0000000080005700 (0x656a099b) addiw   s3, s4, 1622
core   0: 1 0x0000000080005700 (0x656a099b) x19 0x0000000000000656
core   0: 0x0000000080005704 (0x0254c2bb) divw    t0, s1, t0
core   0: 1 0x0000000080005704 (0x0254c2bb) x5  0xffffffffffffffff
core   0: 0x0000000080005708 (0x031b723b) remuw   tp, s6, a7
core   0: 1 0x0000000080005708 (0x031b723b) x4  0xffffffffffffffff
core   0: 0x000000008000570c (0x03d9ceb3) div     t4, s3, t4
core   0: 1 0x000000008000570c (0x03d9ceb3) x29 0x0000000000000000
core   0: 0x0000000080005710 (0xc20dfed3) fcvt.w.d t4, fs11
core   0: 1 0x0000000080005710 (0xc20dfed3) c1_fflags 0x000000000000001f x29 0x000000007fffffff
core   0: 0x0000000080005714 (0x40197cd3) fcvt.s.d fs9, fs2
core   0: 1 0x0000000080005714 (0x40197cd3) f25 0xffffffff7fc00000
core   0: 0x0000000080005718 (0x12fcf7d3) fmul.d  fa5, fs9, fa5
core   0: 1 0x0000000080005718 (0x12fcf7d3) f15 0x7ff8000000000000
core   0: 0x000000008000571c (0x3a223713) sltiu   a4, tp, 930
core   0: 1 0x000000008000571c (0x3a223713) x14 0x0000000000000000
core   0: 0x0000000080005720 (0x43f55593) srai    a1, a0, 63
core   0: 1 0x0000000080005720 (0x43f55593) x11 0x0000000000000000
core   0: 0x0000000080005724 (0xd2050bd3) fcvt.d.w fs7, a0
core   0: 1 0x0000000080005724 (0xd2050bd3) f23 0x0000000000000000
core   0: 0x0000000080005728 (0xf8a57513) andi    a0, a0, -118
core   0: 1 0x0000000080005728 (0xf8a57513) x10 0x0000000000000000
core   0: 0x000000008000572c (0x02a80433) mul     s0, a6, a0
core   0: 1 0x000000008000572c (0x02a80433) x8  0x0000000000000000
core   0: 0x0000000080005730 (0x41c0893b) subw    s2, ra, t3
core   0: 1 0x0000000080005730 (0x41c0893b) x18 0xffffffff80003ff4
core   0: 0x0000000080005734 (0xc05eb3f3) csrrc   t2, hpmcounter5, t4
core   0: exception trap_illegal_instruction, epc 0x0000000080005734
core   0:           tval 0x00000000c05eb3f3
core   0: >>>>  $xrv64i2p1_m2p0_a2p1_f2p2_d2p2_zicsr2p0_zifencei2p0_zmmul1p0_zba1p0_zbb1p0_zbc1p0_zbs1p0
core   0: 0x0000000080004000 (0x0080006f) j       pc + 0x8
core   0: 3 0x0000000080004000 (0x0080006f)
core   0: >>>>  mmode_exception_handler
core   0: 0x0000000080004008 (0x00002c17) auipc   s8, 0x2
core   0: 3 0x0000000080004008 (0x00002c17) x24 0x0000000080006008
core   0: 0x000000008000400c (0x058c0c13) addi    s8, s8, 88
core   0: 3 0x000000008000400c (0x058c0c13) x24 0x0000000080006060
core   0: 0x0000000080004010 (0x000c00e7) jalr    s8
core   0: 3 0x0000000080004010 (0x000c00e7) x1  0x0000000080004014
core   0: >>>>  any_handler
core   0: 0x0000000080006060 (0x341027f3) csrrs   a5, mepc, zero
core   0: 3 0x0000000080006060 (0x341027f3) x15 0x0000000080005734
core   0: 0x0000000080006064 (0x34202773) csrrs   a4, mcause, zero
core   0: 3 0x0000000080006064 (0x34202773) x14 0x0000000000000002
core   0: 0x0000000080006068 (0x142026f3) csrrs   a3, scause, zero
core   0: 3 0x0000000080006068 (0x142026f3) x13 0x0000000000000000
core   0: 0x000000008000606c (0x30402673) csrrs   a2, mie, zero
core   0: 3 0x000000008000606c (0x30402673) x12 0x0000000000000a00
core   0: 0x0000000080006070 (0x344025f3) csrrs   a1, mip, zero
core   0: 3 0x0000000080006070 (0x344025f3) x11 0x0000000000000080
core   0: 0x0000000080006074 (0x343025f3) csrrs   a1, mtval, zero
core   0: 3 0x0000000080006074 (0x343025f3) x11 0x00000000c05eb3f3
core   0: 0x0000000080006078 (0x14302573) csrrs   a0, stval, zero
core   0: 3 0x0000000080006078 (0x14302573) x10 0x0000000000000000
core   0: 0x000000008000607c (0xb02024f3) csrrs   s1, minstret, zero
core   0: 3 0x000000008000607c (0xb02024f3) x9  0x0000000000000fb4
core   0: 0x0000000080006080 (0x0000a811) c.j     pc + 20
core   0: 3 0x0000000080006080 (0xa811)
core   0: >>>>  mepc_4
core   0: 0x0000000080006094 (0x00000791) c.addi  a5, 4
core   0: 3 0x0000000080006094 (0x0791) x15 0x0000000080005738
core   0: 0x0000000080006096 (0x34179073) csrrw   zero, mepc, a5
core   0: 3 0x0000000080006096 (0x34179073) c833_mepc 0x0000000080005738
core   0: 0x000000008000609a (0x30200073) mret
core   0: 3 0x000000008000609a (0x30200073) c768_mstatus 0x8000000a00106080
core   0: 0x0000000080005738 (0x02cbfbd3) fadd.d  fs7, fs7, fa2
core   0: 1 0x0000000080005738 (0x02cbfbd3) f23 0x7ff8000000000000
core   0: 0x000000008000573c (0xc2267d53) fcvt.l.d s10, fa2
core   0: 1 0x000000008000573c (0xc2267d53) c1_fflags 0x000000000000001f x26 0x7fffffffffffffff
core   0: 0x0000000080005740 (0x00001736) c.slli  a4, 45
core   0: 1 0x0000000080005740 (0x1736) x14 0x0000400000000000
core   0: 0x0000000080005742 (0x137bf5d3) fmul.d  fa1, fs7, fs7
core   0: 1 0x0000000080005742 (0x137bf5d3) f11 0x7ff8000000000000
core   0: 0x0000000080005746 (0x03505d13) srli    s10, zero, 53
core   0: 1 0x0000000080005746 (0x03505d13) x26 0x0000000000000000
core   0: 0x000000008000574a (0x02230133) mul     sp, t1, sp
core   0: 1 0x000000008000574a (0x02230133) x2  0x0000000000000650
core   0: 0x000000008000574e (0x0ff0000f) fence   iorw,iorw
core   0: 1 0x000000008000574e (0x0ff0000f)
core   0: 0x0000000080005752 (0xc23378d3) fcvt.lu.d a7, ft6
core   0: 1 0x0000000080005752 (0xc23378d3) x17 0x0000000000000000
core   0: 0x0000000080005756 (0x4b9a7cc3) fmadd.d fs9, fs4, fs9, fs1
core   0: 1 0x0000000080005756 (0x4b9a7cc3) f25 0x7ff8000000000000
core   0: 0x000000008000575a (0x00202073) csrrs   zero, frm, zero
core   0: 1 0x000000008000575a (0x00202073)
core   0: 0x000000008000575e (0x02d4fcbb) remuw   s9, s1, a3
core   0: 1 0x000000008000575e (0x02d4fcbb) x25 0x0000000000000fb4
core   0: 0x0000000080005762 (0x0073f5b3) and     a1, t2, t2
core   0: 1 0x0000000080005762 (0x0073f5b3) x11 0x0000000000000001
core   0: 0x0000000080005766 (0x001ad113) srli    sp, s5, 1
core   0: 1 0x0000000080005766 (0x001ad113) x2  0x0000000000000008
core   0: 0x000000008000576a (0xc22cf0d3) fcvt.l.d ra, fs9
core   0: 1 0x000000008000576a (0xc22cf0d3) c1_fflags 0x000000000000001f x1  0x7fffffffffffffff
core   0: 0x000000008000576e (0xa2b223d3) feq.d   t2, ft4, fa1
core   0: 1 0x000000008000576e (0xa2b223d3) x7  0x0000000000000000
core   0: 0x0000000080005772 (0x420207d3) fcvt.d.s fa5, ft4
core   0: 1 0x0000000080005772 (0x420207d3) f15 0xbff0000000000000
core   0: 0x0000000080005776 (0x00131a93) slli    s5, t1, 1
core   0: 1 0x0000000080005776 (0x00131a93) x21 0xfffffffffffff360
core   0: 0x000000008000577a (0x413a5a33) sra     s4, s4, s3
core   0: 1 0x000000008000577a (0x413a5a33) x20 0x0000000000000000
core   0: 0x000000008000577e (0xc03cf253) fcvt.lu.s tp, fs9
core   0: 1 0x000000008000577e (0xc03cf253) c1_fflags 0x000000000000001f x4  0xffffffffffffffff
core   0: 0x0000000080005782 (0x400e5c9b) sraiw   s9, t3, 0
core   0: 1 0x0000000080005782 (0x400e5c9b) x25 0x0000000000000020
core   0: 0x0000000080005786 (0x03c871b3) remu    gp, a6, t3
core   0: 1 0x0000000080005786 (0x03c871b3) x3  0x000000000000001f
core   0: 0x000000008000578a (0x001292f3) csrrw   t0, fflags, t0
core   0: 1 0x000000008000578a (0x001292f3) x5  0x000000000000001f c1_fflags 0x000000000000001f
core   0: 0x000000008000578e (0x0019951b) slliw   a0, s3, 1
core   0: 1 0x000000008000578e (0x0019951b) x10 0x0000000000000cac
core   0: 0x0000000080005792 (0x03b9b0b3) mulhu   ra, s3, s11
core   0: 1 0x0000000080005792 (0x03b9b0b3) x1  0x0000000000000655
core   0: 0x0000000080005796 (0x415b8bbb) subw    s7, s7, s5
core   0: 1 0x0000000080005796 (0x415b8bbb) x23 0x0000000000000ca0
core   0: 0x000000008000579a (0x00e2e9b3) or      s3, t0, a4
core   0: 1 0x000000008000579a (0x00e2e9b3) x19 0x000040000000001f
core   0: 0x000000008000579e (0x0ff0000f) fence   iorw,iorw
core   0: 1 0x000000008000579e (0x0ff0000f)
core   0: 0x00000000800057a2 (0x30607973) csrrci  s2, mcounteren, 0
core   0: exception trap_illegal_instruction, epc 0x00000000800057a2
core   0:           tval 0x0000000030607973
core   0: >>>>  $xrv64i2p1_m2p0_a2p1_f2p2_d2p2_zicsr2p0_zifencei2p0_zmmul1p0_zba1p0_zbb1p0_zbc1p0_zbs1p0
core   0: 0x0000000080004000 (0x0080006f) j       pc + 0x8
core   0: 3 0x0000000080004000 (0x0080006f)
core   0: >>>>  mmode_exception_handler
core   0: 0x0000000080004008 (0x00002c17) auipc   s8, 0x2
core   0: 3 0x0000000080004008 (0x00002c17) x24 0x0000000080006008
core   0: 0x000000008000400c (0x058c0c13) addi    s8, s8, 88
core   0: 3 0x000000008000400c (0x058c0c13) x24 0x0000000080006060
core   0: 0x0000000080004010 (0x000c00e7) jalr    s8
core   0: 3 0x0000000080004010 (0x000c00e7) x1  0x0000000080004014
core   0: >>>>  any_handler
core   0: 0x0000000080006060 (0x341027f3) csrrs   a5, mepc, zero
core   0: 3 0x0000000080006060 (0x341027f3) x15 0x00000000800057a2
core   0: 0x0000000080006064 (0x34202773) csrrs   a4, mcause, zero
core   0: 3 0x0000000080006064 (0x34202773) x14 0x0000000000000002
core   0: 0x0000000080006068 (0x142026f3) csrrs   a3, scause, zero
core   0: 3 0x0000000080006068 (0x142026f3) x13 0x0000000000000000
core   0: 0x000000008000606c (0x30402673) csrrs   a2, mie, zero
core   0: 3 0x000000008000606c (0x30402673) x12 0x0000000000000a00
core   0: 0x0000000080006070 (0x344025f3) csrrs   a1, mip, zero
core   0: 3 0x0000000080006070 (0x344025f3) x11 0x0000000000000080
core   0: 0x0000000080006074 (0x343025f3) csrrs   a1, mtval, zero
core   0: 3 0x0000000080006074 (0x343025f3) x11 0x0000000030607973
core   0: 0x0000000080006078 (0x14302573) csrrs   a0, stval, zero
core   0: 3 0x0000000080006078 (0x14302573) x10 0x0000000000000000
core   0: 0x000000008000607c (0xb02024f3) csrrs   s1, minstret, zero
core   0: 3 0x000000008000607c (0xb02024f3) x9  0x0000000000000fdf
core   0: 0x0000000080006080 (0x0000a811) c.j     pc + 20
core   0: 3 0x0000000080006080 (0xa811)
core   0: >>>>  mepc_4
core   0: 0x0000000080006094 (0x00000791) c.addi  a5, 4
core   0: 3 0x0000000080006094 (0x0791) x15 0x00000000800057a6
core   0: 0x0000000080006096 (0x34179073) csrrw   zero, mepc, a5
core   0: 3 0x0000000080006096 (0x34179073) c833_mepc 0x00000000800057a6
core   0: 0x000000008000609a (0x30200073) mret
core   0: 3 0x000000008000609a (0x30200073) c768_mstatus 0x8000000a00106080
core   0: 0x00000000800057a6 (0x0ff0000f) fence   iorw,iorw
core   0: 1 0x00000000800057a6 (0x0ff0000f)
core   0: 0x00000000800057aa (0xd2048353) fcvt.d.w ft6, s1
core   0: 1 0x00000000800057aa (0xd2048353) f6  0x40afbe0000000000
core   0: 0x00000000800057ae (0xc23672d3) fcvt.lu.d t0, fa2
core   0: 1 0x00000000800057ae (0xc23672d3) c1_fflags 0x000000000000001f x5  0xffffffffffffffff
core   0: 0x00000000800057b2 (0x0ff0000f) fence   iorw,iorw
core   0: 1 0x00000000800057b2 (0x0ff0000f)
core   0: 0x00000000800057b6 (0x22f30153) fsgnj.d ft2, ft6, fa5
core   0: 1 0x00000000800057b6 (0x22f30153) f2  0xc0afbe0000000000
core   0: 0x00000000800057ba (0xf9105e37) lui     t3, 0xf9105
core   0: 1 0x00000000800057ba (0xf9105e37) x28 0xfffffffff9105000
core   0: 0x00000000800057be (0xe20c82d3) fmv.x.d t0, fs9
core   0: 1 0x00000000800057be (0xe20c82d3) x5  0x7ff8000000000000
core   0: 0x00000000800057c2 (0xc21cfcd3) fcvt.wu.d s9, fs9
core   0: 1 0x00000000800057c2 (0xc21cfcd3) c1_fflags 0x000000000000001f x25 0xffffffffffffffff
core   0: 0x00000000800057c6 (0x4a04fdc7) fmsub.d fs11, fs1, ft0, fs1
core   0: 1 0x00000000800057c6 (0x4a04fdc7) f27 0x7ff8000000000000
core   0: 0x00000000800057ca (0x4032d91b) sraiw   s2, t0, 3
core   0: 1 0x00000000800057ca (0x4032d91b) x18 0x0000000000000000
core   0: 0x00000000800057ce (0xe2048c53) fmv.x.d s8, fs1
core   0: 1 0x00000000800057ce (0xe2048c53) x24 0x7ff8000000000000
core   0: 0x00000000800057d2 (0x018780bb) addw    ra, a5, s8
core   0: 1 0x00000000800057d2 (0x018780bb) x1  0xffffffff800057a6
core   0: 0x00000000800057d6 (0x142064f3) csrrsi  s1, scause, 0
core   0: 1 0x00000000800057d6 (0x142064f3) x9  0x0000000000000000
core   0: 0x00000000800057da (0xd020ffd3) fcvt.s.l ft11, ra
core   0: 1 0x00000000800057da (0xd020ffd3) c1_fflags 0x000000000000001f f31 0xffffffffceffff51
core   0: 0x00000000800057de (0xa3c483d3) fle.d   t2, fs1, ft8
core   0: 1 0x00000000800057de (0xa3c483d3) c1_fflags 0x000000000000001f x7  0x0000000000000000
core   0: 0x00000000800057e2 (0x00102bf3) csrrs   s7, fflags, zero
core   0: 1 0x00000000800057e2 (0x00102bf3) x23 0x000000000000001f
core   0: 0x00000000800057e6 (0x00102873) csrrs   a6, fflags, zero
core   0: 1 0x00000000800057e6 (0x00102873) x16 0x000000000000001f
core   0: 0x00000000800057ea (0xa6628c13) addi    s8, t0, -1434
core   0: 1 0x00000000800057ea (0xa6628c13) x24 0x7ff7fffffffffa66
core   0: 0x00000000800057ee (0x00102373) csrrs   t1, fflags, zero
core   0: 1 0x00000000800057ee (0x00102373) x6  0x000000000000001f
core   0: 0x00000000800057f2 (0x011115b3) sll     a1, sp, a7
core   0: 1 0x00000000800057f2 (0x011115b3) x11 0x0000000000000008
core   0: 0x00000000800057f6 (0x23f28053) fsgnj.d ft0, ft5, ft11
core   0: 1 0x00000000800057f6 (0x23f28053) f0  0xfff8000000000000
core   0: 0x00000000800057fa (0xc02df4d3) fcvt.l.s s1, fs11
core   0: 1 0x00000000800057fa (0xc02df4d3) c1_fflags 0x000000000000001f x9  0x7fffffffffffffff
core   0: 0x00000000800057fe (0xc052f173) csrrci  sp, hpmcounter5, 5
core   0: exception trap_illegal_instruction, epc 0x00000000800057fe
core   0:           tval 0x00000000c052f173
core   0: >>>>  $xrv64i2p1_m2p0_a2p1_f2p2_d2p2_zicsr2p0_zifencei2p0_zmmul1p0_zba1p0_zbb1p0_zbc1p0_zbs1p0
core   0: 0x0000000080004000 (0x0080006f) j       pc + 0x8
core   0: 3 0x0000000080004000 (0x0080006f)
core   0: >>>>  mmode_exception_handler
core   0: 0x0000000080004008 (0x00002c17) auipc   s8, 0x2
core   0: 3 0x0000000080004008 (0x00002c17) x24 0x0000000080006008
core   0: 0x000000008000400c (0x058c0c13) addi    s8, s8, 88
core   0: 3 0x000000008000400c (0x058c0c13) x24 0x0000000080006060
core   0: 0x0000000080004010 (0x000c00e7) jalr    s8
core   0: 3 0x0000000080004010 (0x000c00e7) x1  0x0000000080004014
core   0: >>>>  any_handler
core   0: 0x0000000080006060 (0x341027f3) csrrs   a5, mepc, zero
core   0: 3 0x0000000080006060 (0x341027f3) x15 0x00000000800057fe
core   0: 0x0000000080006064 (0x34202773) csrrs   a4, mcause, zero
core   0: 3 0x0000000080006064 (0x34202773) x14 0x0000000000000002
core   0: 0x0000000080006068 (0x142026f3) csrrs   a3, scause, zero
core   0: 3 0x0000000080006068 (0x142026f3) x13 0x0000000000000000
core   0: 0x000000008000606c (0x30402673) csrrs   a2, mie, zero
core   0: 3 0x000000008000606c (0x30402673) x12 0x0000000000000a00
core   0: 0x0000000080006070 (0x344025f3) csrrs   a1, mip, zero
core   0: 3 0x0000000080006070 (0x344025f3) x11 0x0000000000000080
core   0: 0x0000000080006074 (0x343025f3) csrrs   a1, mtval, zero
core   0: 3 0x0000000080006074 (0x343025f3) x11 0x00000000c052f173
core   0: 0x0000000080006078 (0x14302573) csrrs   a0, stval, zero
core   0: 3 0x0000000080006078 (0x14302573) x10 0x0000000000000000
core   0: 0x000000008000607c (0xb02024f3) csrrs   s1, minstret, zero
core   0: 3 0x000000008000607c (0xb02024f3) x9  0x0000000000001005
core   0: 0x0000000080006080 (0x0000a811) c.j     pc + 20
core   0: 3 0x0000000080006080 (0xa811)
core   0: >>>>  mepc_4
core   0: 0x0000000080006094 (0x00000791) c.addi  a5, 4
core   0: 3 0x0000000080006094 (0x0791) x15 0x0000000080005802
core   0: 0x0000000080006096 (0x34179073) csrrw   zero, mepc, a5
core   0: 3 0x0000000080006096 (0x34179073) c833_mepc 0x0000000080005802
core   0: 0x000000008000609a (0x30200073) mret
core   0: 3 0x000000008000609a (0x30200073) c768_mstatus 0x8000000a00106080
core   0: 0x0000000080005802 (0x41b90db3) sub     s11, s2, s11
core   0: 1 0x0000000080005802 (0x41b90db3) x27 0x0000000000000001
core   0: 0x0000000080005806 (0xf7630c9b) addiw   s9, t1, -138
core   0: 1 0x0000000080005806 (0xf7630c9b) x25 0xffffffffffffff95
core   0: 0x000000008000580a (0x00121073) csrrw   zero, fflags, tp
core   0: 1 0x000000008000580a (0x00121073) c1_fflags 0x000000000000001f
core   0: 0x000000008000580e (0x420489d3) fcvt.d.s fs3, fs1
core   0: 1 0x000000008000580e (0x420489d3) f19 0x7ff8000000000000
core   0: 0x0000000080005812 (0x00d697bb) sllw    a5, a3, a3
core   0: 1 0x0000000080005812 (0x00d697bb) x15 0x0000000000000000
core   0: 0x0000000080005816 (0x1ad9f2d3) fdiv.d  ft5, fs3, fa3
core   0: 1 0x0000000080005816 (0x1ad9f2d3) f5  0x7ff8000000000000
core   0: 0x000000008000581a (0xc2337653) fcvt.lu.d a2, ft6
core   0: 1 0x000000008000581a (0xc2337653) x12 0x0000000000000fdf
core   0: 0x000000008000581e (0x001c9cf3) csrrw   s9, fflags, s9
core   0: 1 0x000000008000581e (0x001c9cf3) x25 0x000000000000001f c1_fflags 0x0000000000000015
core   0: 0x0000000080005822 (0x036d57b3) divu    a5, s10, s6
core   0: 1 0x0000000080005822 (0x036d57b3) x15 0x0000000000000000
core   0: 0x0000000080005826 (0x43fe5d13) srai    s10, t3, 63
core   0: 1 0x0000000080005826 (0x43fe5d13) x26 0xffffffffffffffff
core   0: 0x000000008000582a (0x01aad633) srl     a2, s5, s10
core   0: 1 0x000000008000582a (0x01aad633) x12 0x0000000000000001
core   0: 0x000000008000582e (0x0182c433) xor     s0, t0, s8
core   0: 1 0x000000008000582e (0x0182c433) x8  0x7ff8000080006060
core   0: 0x0000000080005832 (0xa2b20dd3) fle.d   s11, ft4, fa1
core   0: 1 0x0000000080005832 (0xa2b20dd3) c1_fflags 0x0000000000000015 x27 0x0000000000000000
core   0: 0x0000000080005836 (0x0046e9b3) or      s3, a3, tp
core   0: 1 0x0000000080005836 (0x0046e9b3) x19 0xffffffffffffffff
core   0: 0x000000008000583a (0x41f96b37) lui     s6, 0x41f96
core   0: 1 0x000000008000583a (0x41f96b37) x22 0x0000000041f96000
core   0: 0x000000008000583e (0x001692f3) csrrw   t0, fflags, a3
core   0: 1 0x000000008000583e (0x001692f3) x5  0x0000000000000015 c1_fflags 0x0000000000000000
core   0: 0x0000000080005842 (0x415c093b) subw    s2, s8, s5
core   0: 1 0x0000000080005842 (0x415c093b) x18 0xffffffff80006d00
core   0: 0x0000000080005846 (0x008e143b) sllw    s0, t3, s0
core   0: 1 0x0000000080005846 (0x008e143b) x8  0xfffffffff9105000
core   0: 0x000000008000584a (0x000009c6) c.slli  s3, 17
core   0: 1 0x000000008000584a (0x09c6) x19 0xfffffffffffe0000
core   0: 0x000000008000584c (0x45147c93) andi    s9, s0, 1105
core   0: 1 0x000000008000584c (0x45147c93) x25 0x0000000000000000
core   0: 0x0000000080005850 (0x01de82b3) add     t0, t4, t4
core   0: 1 0x0000000080005850 (0x01de82b3) x5  0x00000000fffffffe
core   0: 0x0000000080005854 (0x0ff0000f) fence   iorw,iorw
core   0: 1 0x0000000080005854 (0x0ff0000f)
core   0: 0x0000000080005858 (0x019b6b33) or      s6, s6, s9
core   0: 1 0x0000000080005858 (0x019b6b33) x22 0x0000000041f96000
core   0: 0x000000008000585c (0xf2060553) fmv.d.x fa0, a2
core   0: 1 0x000000008000585c (0xf2060553) f10 0x0000000000000001
core   0: 0x0000000080005860 (0x2adc8ed3) fmin.d  ft9, fs9, fa3
core   0: 1 0x0000000080005860 (0x2adc8ed3) f29 0x7ff8000000000000
core   0: 0x0000000080005864 (0x00cb49b3) xor     s3, s6, a2
core   0: 1 0x0000000080005864 (0x00cb49b3) x19 0x0000000041f96001
core   0: 0x0000000080005868 (0x5273f3cf) fnmadd.d ft7, ft7, ft7, fa0
core   0: 1 0x0000000080005868 (0x5273f3cf) f7  0x7ff8000000000000
core   0: 0x000000008000586c (0x40bcd193) srai    gp, s9, 11
core   0: 1 0x000000008000586c (0x40bcd193) x3  0x0000000000000000
core   0: 0x0000000080005870 (0xeffcc313) xori    t1, s9, -257
core   0: 1 0x0000000080005870 (0xeffcc313) x6  0xfffffffffffffeff
core   0: 0x0000000080005874 (0x03360733) mul     a4, a2, s3
core   0: 1 0x0000000080005874 (0x03360733) x14 0x0000000041f96001
core   0: 0x0000000080005878 (0x028c80bb) mulw    ra, s9, s0
core   0: 1 0x0000000080005878 (0x028c80bb) x1  0x0000000000000000
core   0: 0x000000008000587c (0x00889e33) sll     t3, a7, s0
core   0: 1 0x000000008000587c (0x00889e33) x28 0x0000000000000000
core   0: 0x0000000080005880 (0x00008ce9) c.and   s1, a0
core   0: 1 0x0000000080005880 (0x8ce9) x9  0x0000000000000000
core   0: 0x0000000080005882 (0x7e0c6297) auipc   t0, 0x7e0c6
core   0: 1 0x0000000080005882 (0x7e0c6297) x5  0x00000000fe0cb882
core   0: 0x0000000080005886 (0x00000001) c.nop
core   0: 1 0x0000000080005886 (0x0001)
core   0: 0x0000000080005888 (0xc23cf453) fcvt.lu.d s0, fs9
core   0: 1 0x0000000080005888 (0xc23cf453) c1_fflags 0x0000000000000010 x8  0xffffffffffffffff
core   0: 0x000000008000588c (0x4016fe53) fcvt.s.d ft8, fa3
core   0: 1 0x000000008000588c (0x4016fe53) f28 0xffffffff7fc00000
core   0: 0x0000000080005890 (0x1d90fd93) andi    s11, ra, 473
core   0: 1 0x0000000080005890 (0x1d90fd93) x27 0x0000000000000000
core   0: 0x0000000080005894 (0xd21d8353) fcvt.d.wu ft6, s11
core   0: 1 0x0000000080005894 (0xd21d8353) f6  0x0000000000000000
core   0: 0x0000000080005898 (0x418c5c3b) sraw    s8, s8, s8
core   0: 1 0x0000000080005898 (0x418c5c3b) x24 0xffffffff80006060
core   0: 0x000000008000589c (0x2aa887d3) fmin.d  fa5, fa7, fa0
core   0: 1 0x000000008000589c (0x2aa887d3) f15 0x0000000000000001
core   0: 0x00000000800058a0 (0x036ac9b3) div     s3, s5, s6
core   0: 1 0x00000000800058a0 (0x036ac9b3) x19 0x0000000000000000
core   0: 0x00000000800058a4 (0x013ae933) or      s2, s5, s3
core   0: 1 0x00000000800058a4 (0x013ae933) x18 0xfffffffffffff360
core   0: 0x00000000800058a8 (0x0117d31b) srliw   t1, a5, 17
core   0: 1 0x00000000800058a8 (0x0117d31b) x6  0x0000000000000000
core   0: 0x00000000800058ac (0x00000001) c.nop
core   0: 1 0x00000000800058ac (0x0001)
core   0: 0x00000000800058ae (0x41835393) srai    t2, t1, 24
core   0: 1 0x00000000800058ae (0x41835393) x7  0x0000000000000000
core   0: 0x00000000800058b2 (0x77e6f793) andi    a5, a3, 1918
core   0: 1 0x00000000800058b2 (0x77e6f793) x15 0x0000000000000000
core   0: 0x00000000800058b6 (0x01036233) or      tp, t1, a6
core   0: 1 0x00000000800058b6 (0x01036233) x4  0x000000000000001f
core   0: 0x00000000800058ba (0x00055713) srli    a4, a0, 0
core   0: 1 0x00000000800058ba (0x00055713) x14 0x0000000000000000
core   0: 0x00000000800058be (0xc23e7dd3) fcvt.lu.d s11, ft8
core   0: 1 0x00000000800058be (0xc23e7dd3) c1_fflags 0x0000000000000010 x27 0xffffffffffffffff
core   0: 0x00000000800058c2 (0xa2750d53) fle.d   s10, fa0, ft7
core   0: 1 0x00000000800058c2 (0xa2750d53) c1_fflags 0x0000000000000010 x26 0x0000000000000000
core   0: 0x00000000800058c6 (0xa3ce23d3) feq.d   t2, ft8, ft8
core   0: 1 0x00000000800058c6 (0xa3ce23d3) x7  0x0000000000000000
core   0: 0x00000000800058ca (0x00f4d29b) srliw   t0, s1, 15
core   0: 1 0x00000000800058ca (0x00f4d29b) x5  0x0000000000000000
core   0: 0x00000000800058ce (0x0093fc33) and     s8, t2, s1
core   0: 1 0x00000000800058ce (0x0093fc33) x24 0x0000000000000000
core   0: 0x00000000800058d2 (0xe20e0ad3) fmv.x.d s5, ft8
core   0: 1 0x00000000800058d2 (0xe20e0ad3) x21 0xffffffff7fc00000
core   0: 0x00000000800058d6 (0x4006d21b) sraiw   tp, a3, 0
core   0: 1 0x00000000800058d6 (0x4006d21b) x4  0x0000000000000000
core   0: 0x00000000800058da (0x41b25733) sra     a4, tp, s11
core   0: 1 0x00000000800058da (0x41b25733) x14 0x0000000000000000
core   0: 0x00000000800058de (0xe2a37a47) fmsub.d fs4, ft6, fa0, ft8
core   0: 1 0x00000000800058de (0xe2a37a47) f20 0x7ff8000000000000
core   0: 0x00000000800058e2 (0x40a25993) srai    s3, tp, 10
core   0: 1 0x00000000800058e2 (0x40a25993) x19 0x0000000000000000
core   0: 0x00000000800058e6 (0xebebf1cf) fnmadd.d ft3, fs7, ft10, ft9
core   0: 1 0x00000000800058e6 (0xebebf1cf) f3  0x7ff8000000000000
core   0: 0x00000000800058ea (0x0ff0000f) fence   iorw,iorw
core   0: 1 0x00000000800058ea (0x0ff0000f)
core   0: 0x00000000800058ee (0xc207fa53) fcvt.w.d s4, fa5
core   0: 1 0x00000000800058ee (0xc207fa53) c1_fflags 0x0000000000000011 x20 0x0000000000000000
core   0: 0x00000000800058f2 (0xd22778d3) fcvt.d.l fa7, a4
core   0: 1 0x00000000800058f2 (0xd22778d3) f17 0x0000000000000000
core   0: 0x00000000800058f6 (0xd02770d3) fcvt.s.l ft1, a4
core   0: 1 0x00000000800058f6 (0xd02770d3) f1  0xffffffff00000000
core   0: 0x00000000800058fa (0x00b58eb7) lui     t4, 0xb58
core   0: 1 0x00000000800058fa (0x00b58eb7) x29 0x0000000000b58000
core   0: 0x00000000800058fe (0x3c5e8e9b) addiw   t4, t4, 965
core   0: 1 0x00000000800058fe (0x3c5e8e9b) x29 0x0000000000b583c5
core   0: 0x0000000080005902 (0x00000eba) c.slli  t4, 14
core   0: 1 0x0000000080005902 (0x0eba) x29 0x0000002d60f14000
core   0: 0x0000000080005904 (0xc25e8e93) addi    t4, t4, -987
core   0: 1 0x0000000080005904 (0xc25e8e93) x29 0x0000002d60f13c25
core   0: 0x0000000080005908 (0x2a30fac3) fmadd.d fs5, ft1, ft3, ft5
core   0: 1 0x0000000080005908 (0x2a30fac3) f21 0x7ff8000000000000
core   0: 0x000000008000590c (0x03beb0b3) mulhu   ra, t4, s11
core   0: 1 0x000000008000590c (0x03beb0b3) x1  0x0000002d60f13c24
core   0: 0x0000000080005910 (0xd220fdd3) fcvt.d.l fs11, ra
core   0: 1 0x0000000080005910 (0xd220fdd3) f27 0x4246b0789e120000
core   0: 0x0000000080005914 (0x402e013b) subw    sp, t3, sp
core   0: 1 0x0000000080005914 (0x402e013b) x2  0xfffffffffffffff8
core   0: 0x0000000080005918 (0x3850c993) xori    s3, ra, 901
core   0: 1 0x0000000080005918 (0x3850c993) x19 0x0000002d60f13fa1
core   0: 0x000000008000591c (0x0139193b) sllw    s2, s2, s3
core   0: 1 0x000000008000591c (0x0139193b) x18 0xffffffffffffe6c0
core   0: 0x0000000080005920 (0x40165c13) srai    s8, a2, 1
core   0: 1 0x0000000080005920 (0x40165c13) x24 0x0000000000000000
core   0: 0x0000000080005924 (0x41d58033) sub     zero, a1, t4
core   0: 1 0x0000000080005924 (0x41d58033)
core   0: 0x0000000080005928 (0x13397453) fmul.d  fs0, fs2, fs3
core   0: 1 0x0000000080005928 (0x13397453) f8  0x7ff8000000000000
core   0: 0x000000008000592c (0x03856dbb) remw    s11, a0, s8
core   0: 1 0x000000008000592c (0x03856dbb) x27 0x0000000000000000
core   0: 0x0000000080005930 (0x41fcd81b) sraiw   a6, s9, 31
core   0: 1 0x0000000080005930 (0x41fcd81b) x16 0x0000000000000000
core   0: 0x0000000080005934 (0xdb3473c7) fmsub.d ft7, fs0, fs3, fs11
core   0: 1 0x0000000080005934 (0xdb3473c7) f7  0x7ff8000000000000
core   0: 0x0000000080005938 (0x01820db3) add     s11, tp, s8
core   0: 1 0x0000000080005938 (0x01820db3) x27 0x0000000000000000
core   0: 0x000000008000593c (0x00fd8a3b) addw    s4, s11, a5
core   0: 1 0x000000008000593c (0x00fd8a3b) x20 0x0000000000000000
core   0: 0x0000000080005940 (0x43f0db13) srai    s6, ra, 63
core   0: 1 0x0000000080005940 (0x43f0db13) x22 0x0000000000000000
core   0: 0x0000000080005944 (0xcea48493) addi    s1, s1, -790
core   0: 1 0x0000000080005944 (0xcea48493) x9  0xfffffffffffffcea
core   0: 0x0000000080005948 (0x000096a6) c.add   a3, s1
core   0: 1 0x0000000080005948 (0x96a6) x13 0xfffffffffffffcea
core   0: 0x000000008000594a (0x017b03b3) add     t2, s6, s7
core   0: 1 0x000000008000594a (0x017b03b3) x7  0x000000000000001f
core   0: 0x000000008000594e (0x02a26033) rem     zero, tp, a0
core   0: 1 0x000000008000594e (0x02a26033)
core   0: 0x0000000080005952 (0xc048b373) csrrc   t1, hpmcounter4, a7
core   0: exception trap_illegal_instruction, epc 0x0000000080005952
core   0:           tval 0x00000000c048b373
core   0: >>>>  $xrv64i2p1_m2p0_a2p1_f2p2_d2p2_zicsr2p0_zifencei2p0_zmmul1p0_zba1p0_zbb1p0_zbc1p0_zbs1p0
core   0: 0x0000000080004000 (0x0080006f) j       pc + 0x8
core   0: 3 0x0000000080004000 (0x0080006f)
core   0: >>>>  mmode_exception_handler
core   0: 0x0000000080004008 (0x00002c17) auipc   s8, 0x2
core   0: 3 0x0000000080004008 (0x00002c17) x24 0x0000000080006008
core   0: 0x000000008000400c (0x058c0c13) addi    s8, s8, 88
core   0: 3 0x000000008000400c (0x058c0c13) x24 0x0000000080006060
core   0: 0x0000000080004010 (0x000c00e7) jalr    s8
core   0: 3 0x0000000080004010 (0x000c00e7) x1  0x0000000080004014
core   0: >>>>  any_handler
core   0: 0x0000000080006060 (0x341027f3) csrrs   a5, mepc, zero
core   0: 3 0x0000000080006060 (0x341027f3) x15 0x0000000080005952
core   0: 0x0000000080006064 (0x34202773) csrrs   a4, mcause, zero
core   0: 3 0x0000000080006064 (0x34202773) x14 0x0000000000000002
core   0: 0x0000000080006068 (0x142026f3) csrrs   a3, scause, zero
core   0: 3 0x0000000080006068 (0x142026f3) x13 0x0000000000000000
core   0: 0x000000008000606c (0x30402673) csrrs   a2, mie, zero
core   0: 3 0x000000008000606c (0x30402673) x12 0x0000000000000a00
core   0: 0x0000000080006070 (0x344025f3) csrrs   a1, mip, zero
core   0: 3 0x0000000080006070 (0x344025f3) x11 0x0000000000000080
core   0: 0x0000000080006074 (0x343025f3) csrrs   a1, mtval, zero
core   0: 3 0x0000000080006074 (0x343025f3) x11 0x00000000c048b373
core   0: 0x0000000080006078 (0x14302573) csrrs   a0, stval, zero
core   0: 3 0x0000000080006078 (0x14302573) x10 0x0000000000000000
core   0: 0x000000008000607c (0xb02024f3) csrrs   s1, minstret, zero
core   0: 3 0x000000008000607c (0xb02024f3) x9  0x000000000000106c
core   0: 0x0000000080006080 (0x0000a811) c.j     pc + 20
core   0: 3 0x0000000080006080 (0xa811)
core   0: >>>>  mepc_4
core   0: 0x0000000080006094 (0x00000791) c.addi  a5, 4
core   0: 3 0x0000000080006094 (0x0791) x15 0x0000000080005956
core   0: 0x0000000080006096 (0x34179073) csrrw   zero, mepc, a5
core   0: 3 0x0000000080006096 (0x34179073) c833_mepc 0x0000000080005956
core   0: 0x000000008000609a (0x30200073) mret
core   0: 3 0x000000008000609a (0x30200073) c768_mstatus 0x8000000a00106080
core   0: 0x0000000080005956 (0x0053153b) sllw    a0, t1, t0
core   0: 1 0x0000000080005956 (0x0053153b) x10 0x0000000000000000
core   0: 0x000000008000595a (0x00a1d833) srl     a6, gp, a0
core   0: 1 0x000000008000595a (0x00a1d833) x16 0x0000000000000000
core   0: 0x000000008000595e (0x05f74b37) lui     s6, 0x5f74
core   0: 1 0x000000008000595e (0x05f74b37) x22 0x0000000005f74000
core   0: 0x0000000080005962 (0x72fb0b1b) addiw   s6, s6, 1839
core   0: 1 0x0000000080005962 (0x72fb0b1b) x22 0x0000000005f7472f
core   0: 0x0000000080005966 (0x00000b32) c.slli  s6, 12
core   0: 1 0x0000000080005966 (0x0b32) x22 0x0000005f7472f000
core   0: 0x0000000080005968 (0x04cb0b13) addi    s6, s6, 76
core   0: 1 0x0000000080005968 (0x04cb0b13) x22 0x0000005f7472f04c
core   0: 0x000000008000596c (0x029df2bb) remuw   t0, s11, s1
core   0: 1 0x000000008000596c (0x029df2bb) x5  0x0000000000000000
core   0: 0x0000000080005970 (0x4078dd9b) sraiw   s11, a7, 7
core   0: 1 0x0000000080005970 (0x4078dd9b) x27 0x0000000000000000
core   0: 0x0000000080005974 (0x4013f8d3) fcvt.s.d fa7, ft7
core   0: 1 0x0000000080005974 (0x4013f8d3) f17 0xffffffff7fc00000
core   0: 0x0000000080005978 (0x0379d83b) divuw   a6, s3, s7
core   0: 1 0x0000000080005978 (0x0379d83b) x16 0x0000000003208e70
core   0: 0x000000008000597c (0xd222f053) fcvt.d.l ft0, t0
core   0: 1 0x000000008000597c (0xd222f053) f0  0x0000000000000000
core   0: 0x0000000080005980 (0xeff1f113) andi    sp, gp, -257
core   0: 1 0x0000000080005980 (0xeff1f113) x2  0x0000000000000000
core   0: 0x0000000080005984 (0x41dc5ebb) sraw    t4, s8, t4
core   0: 1 0x0000000080005984 (0x41dc5ebb) x29 0xfffffffffc000303
core   0: 0x0000000080005988 (0x01208733) add     a4, ra, s2
core   0: 1 0x0000000080005988 (0x01208733) x14 0x00000000800026d4
core   0: 0x000000008000598c (0x03ad3c33) mulhu   s8, s10, s10
core   0: 1 0x000000008000598c (0x03ad3c33) x24 0x0000000000000000
core   0: 0x0000000080005990 (0x16a0c593) xori    a1, ra, 362
core   0: 1 0x0000000080005990 (0x16a0c593) x11 0x000000008000417e
core   0: 0x0000000080005994 (0x02071033) mulh    zero, a4, zero
core   0: 1 0x0000000080005994 (0x02071033)
core   0: 0x0000000080005998 (0xc21cfb53) fcvt.wu.d s6, fs9
core   0: 1 0x0000000080005998 (0xc21cfb53) c1_fflags 0x0000000000000011 x22 0xffffffffffffffff
core   0: 0x000000008000599c (0x003b7833) and     a6, s6, gp
core   0: 1 0x000000008000599c (0x003b7833) x16 0x0000000000000000
core   0: 0x00000000800059a0 (0x02db5393) srli    t2, s6, 45
core   0: 1 0x00000000800059a0 (0x02db5393) x7  0x000000000007ffff
core   0: 0x00000000800059a4 (0x00000b8e) c.slli  s7, 3
core   0: 1 0x00000000800059a4 (0x0b8e) x23 0x00000000000000f8
core   0: 0x00000000800059a6 (0x40a77617) auipc   a2, 0x40a77
core   0: 1 0x00000000800059a6 (0x40a77617) x12 0x00000000c0a7c9a6
core   0: 0x00000000800059aa (0x01717d33) and     s10, sp, s7
core   0: 1 0x00000000800059aa (0x01717d33) x26 0x0000000000000000
core   0: 0x00000000800059ae (0x01c90433) add     s0, s2, t3
core   0: 1 0x00000000800059ae (0x01c90433) x8  0xffffffffffffe6c0
core   0: 0x00000000800059b2 (0x02365abb) divuw   s5, a2, gp
core   0: 1 0x00000000800059b2 (0x02365abb) x21 0xffffffffffffffff
core   0: 0x00000000800059b6 (0x4004579b) sraiw   a5, s0, 0
core   0: 1 0x00000000800059b6 (0x4004579b) x15 0xffffffffffffe6c0
core   0: 0x00000000800059ba (0x00da9633) sll     a2, s5, a3
core   0: 1 0x00000000800059ba (0x00da9633) x12 0xffffffffffffffff
core   0: 0x00000000800059be (0xd238fd53) fcvt.d.lu fs10, a7
core   0: 1 0x00000000800059be (0xd238fd53) f26 0x0000000000000000
core   0: 0x00000000800059c2 (0x00199213) slli    tp, s3, 1
core   0: 1 0x00000000800059c2 (0x00199213) x4  0x0000005ac1e27f42
core   0: 0x00000000800059c6 (0x032a2633) mulhsu  a2, s4, s2
core   0: 1 0x00000000800059c6 (0x032a2633) x12 0x0000000000000000
core   0: 0x00000000800059ca (0x41b8dcb3) sra     s9, a7, s11
core   0: 1 0x00000000800059ca (0x41b8dcb3) x25 0x0000000000000000
core   0: 0x00000000800059ce (0x02a27953) fadd.d  fs2, ft4, fa0
core   0: 1 0x00000000800059ce (0x02a27953) f18 0x7ff8000000000000
core   0: 0x00000000800059d2 (0xc20a75d3) fcvt.w.d a1, fs4
core   0: 1 0x00000000800059d2 (0xc20a75d3) c1_fflags 0x0000000000000011 x11 0x000000007fffffff
core   0: 0x00000000800059d6 (0x002c9773) csrrw   a4, frm, s9
core   0: 1 0x00000000800059d6 (0x002c9773) x14 0x0000000000000000 c2_frm 0x0000000000000000
core   0: 0x00000000800059da (0x32017df3) csrrci  s11, mcountinhibit, 2
core   0: exception trap_illegal_instruction, epc 0x00000000800059da
core   0:           tval 0x0000000032017df3
core   0: >>>>  $xrv64i2p1_m2p0_a2p1_f2p2_d2p2_zicsr2p0_zifencei2p0_zmmul1p0_zba1p0_zbb1p0_zbc1p0_zbs1p0
core   0: 0x0000000080004000 (0x0080006f) j       pc + 0x8
core   0: 3 0x0000000080004000 (0x0080006f)
core   0: >>>>  mmode_exception_handler
core   0: 0x0000000080004008 (0x00002c17) auipc   s8, 0x2
core   0: 3 0x0000000080004008 (0x00002c17) x24 0x0000000080006008
core   0: 0x000000008000400c (0x058c0c13) addi    s8, s8, 88
core   0: 3 0x000000008000400c (0x058c0c13) x24 0x0000000080006060
core   0: 0x0000000080004010 (0x000c00e7) jalr    s8
core   0: 3 0x0000000080004010 (0x000c00e7) x1  0x0000000080004014
core   0: >>>>  any_handler
core   0: 0x0000000080006060 (0x341027f3) csrrs   a5, mepc, zero
core   0: 3 0x0000000080006060 (0x341027f3) x15 0x00000000800059da
core   0: 0x0000000080006064 (0x34202773) csrrs   a4, mcause, zero
core   0: 3 0x0000000080006064 (0x34202773) x14 0x0000000000000002
core   0: 0x0000000080006068 (0x142026f3) csrrs   a3, scause, zero
core   0: 3 0x0000000080006068 (0x142026f3) x13 0x0000000000000000
core   0: 0x000000008000606c (0x30402673) csrrs   a2, mie, zero
core   0: 3 0x000000008000606c (0x30402673) x12 0x0000000000000a00
core   0: 0x0000000080006070 (0x344025f3) csrrs   a1, mip, zero
core   0: 3 0x0000000080006070 (0x344025f3) x11 0x0000000000000080
core   0: 0x0000000080006074 (0x343025f3) csrrs   a1, mtval, zero
core   0: 3 0x0000000080006074 (0x343025f3) x11 0x0000000032017df3
core   0: 0x0000000080006078 (0x14302573) csrrs   a0, stval, zero
core   0: 3 0x0000000080006078 (0x14302573) x10 0x0000000000000000
core   0: 0x000000008000607c (0xb02024f3) csrrs   s1, minstret, zero
core   0: 3 0x000000008000607c (0xb02024f3) x9  0x000000000000109e
core   0: 0x0000000080006080 (0x0000a811) c.j     pc + 20
core   0: 3 0x0000000080006080 (0xa811)
core   0: >>>>  mepc_4
core   0: 0x0000000080006094 (0x00000791) c.addi  a5, 4
core   0: 3 0x0000000080006094 (0x0791) x15 0x00000000800059de
core   0: 0x0000000080006096 (0x34179073) csrrw   zero, mepc, a5
core   0: 3 0x0000000080006096 (0x34179073) c833_mepc 0x00000000800059de
core   0: 0x000000008000609a (0x30200073) mret
core   0: 3 0x000000008000609a (0x30200073) c768_mstatus 0x8000000a00106080
core   0: 0x00000000800059de (0x43fdd213) srai    tp, s11, 63
core   0: 1 0x00000000800059de (0x43fdd213) x4  0x0000000000000000
core   0: 0x00000000800059e2 (0x0139d53b) srlw    a0, s3, s3
core   0: 1 0x00000000800059e2 (0x0139d53b) x10 0x0000000030789fd0
core   0: 0x00000000800059e6 (0xd9ca009b) addiw   ra, s4, -612
core   0: 1 0x00000000800059e6 (0xd9ca009b) x1  0xfffffffffffffd9c
core   0: 0x00000000800059ea (0x238519d3) fsgnjn.d fs3, fa0, fs8
core   0: 1 0x00000000800059ea (0x238519d3) f19 0x8000000000000001
core   0: 0x00000000800059ee (0x0210d2b3) divu    t0, ra, ra
core   0: 1 0x00000000800059ee (0x0210d2b3) x5  0x0000000000000001
core   0: 0x00000000800059f2 (0x02f587b3) mul     a5, a1, a5
core   0: 1 0x00000000800059f2 (0x02f587b3) x15 0x1900d0876214b3ba
core   0: 0x00000000800059f6 (0x23a5724b) fnmsub.d ft4, fa0, fs10, ft4
core   0: 1 0x00000000800059f6 (0x23a5724b) f4  0x7ff8000000000000
core   0: 0x00000000800059fa (0xf8643ab7) lui     s5, 0xf8643
core   0: 1 0x00000000800059fa (0xf8643ab7) x21 0xfffffffff8643000
core   0: 0x00000000800059fe (0x4eda8a9b) addiw   s5, s5, 1261
core   0: 1 0x00000000800059fe (0x4eda8a9b) x21 0xfffffffff86434ed
core   0: 0x0000000080005a02 (0x00000ab2) c.slli  s5, 12
core   0: 1 0x0000000080005a02 (0x0ab2) x21 0xffffff86434ed000
core   0: 0x0000000080005a04 (0x41da8a93) addi    s5, s5, 1053
core   0: 1 0x0000000080005a04 (0x41da8a93) x21 0xffffff86434ed41d
core   0: 0x0000000080005a08 (0x0305f5d3) fadd.d  fa1, fa1, fa6
core   0: 1 0x0000000080005a08 (0x0305f5d3) f11 0x7ff8000000000000
core   0: 0x0000000080005a0c (0x02309013) slli    zero, ra, 35
core   0: 1 0x0000000080005a0c (0x02309013)
core   0: 0x0000000080005a10 (0x00051a1b) slliw   s4, a0, 0
core   0: 1 0x0000000080005a10 (0x00051a1b) x20 0x0000000030789fd0
core   0: 0x0000000080005a14 (0x01bb1133) sll     sp, s6, s11
core   0: 1 0x0000000080005a14 (0x01bb1133) x2  0xffffffffffffffff
core   0: 0x0000000080005a18 (0xc2097453) fcvt.w.d s0, fs2
core   0: 1 0x0000000080005a18 (0xc2097453) c1_fflags 0x0000000000000011 x8  0x000000007fffffff
core   0: 0x0000000080005a1c (0x401b7c53) fcvt.s.d fs8, fs6
core   0: 1 0x0000000080005a1c (0x401b7c53) f24 0xffffffff7fc00000
core   0: 0x0000000080005a20 (0xc02a76d3) fcvt.l.s a3, fs4
core   0: 1 0x0000000080005a20 (0xc02a76d3) c1_fflags 0x0000000000000011 x13 0x7fffffffffffffff
core   0: 0x0000000080005a24 (0xfb8eca37) lui     s4, 0xfb8ec
core   0: 1 0x0000000080005a24 (0xfb8eca37) x20 0xfffffffffb8ec000
core   0: 0x0000000080005a28 (0x97da0a1b) addiw   s4, s4, -1667
core   0: 1 0x0000000080005a28 (0x97da0a1b) x20 0xfffffffffb8eb97d
core   0: 0x0000000080005a2c (0x00000a32) c.slli  s4, 12
core   0: 1 0x0000000080005a2c (0x0a32) x20 0xffffffb8eb97d000
core   0: 0x0000000080005a2e (0xdc7a0a13) addi    s4, s4, -569
core   0: 1 0x0000000080005a2e (0xdc7a0a13) x20 0xffffffb8eb97cdc7
core   0: 0x0000000080005a32 (0x00202273) csrrs   tp, frm, zero
core   0: 1 0x0000000080005a32 (0x00202273) x4  0x0000000000000000
core   0: 0x0000000080005a36 (0xc23ffb53) fcvt.lu.d s6, ft11
core   0: 1 0x0000000080005a36 (0xc23ffb53) c1_fflags 0x0000000000000011 x22 0xffffffffffffffff
core   0: 0x0000000080005a3a (0xdee938b7) lui     a7, 0xdee93
core   0: 1 0x0000000080005a3a (0xdee938b7) x17 0xffffffffdee93000
core   0: 0x0000000080005a3e (0x4017d81b) sraiw   a6, a5, 1
core   0: 1 0x0000000080005a3e (0x4017d81b) x16 0x00000000310a59dd
core   0: 0x0000000080005a42 (0x028bc9bb) divw    s3, s7, s0
core   0: 1 0x0000000080005a42 (0x028bc9bb) x19 0x0000000000000000
core   0: 0x0000000080005a46 (0xd037f8d3) fcvt.s.lu fa7, a5
core   0: 1 0x0000000080005a46 (0xd037f8d3) c1_fflags 0x0000000000000011 f17 0xffffffff5dc80684
core   0: 0x0000000080005a4a (0x0080dabb) srlw    s5, ra, s0
core   0: 1 0x0000000080005a4a (0x0080dabb) x21 0x0000000000000001
core   0: 0x0000000080005a4e (0x008016bb) sllw    a3, zero, s0
core   0: 1 0x0000000080005a4e (0x008016bb) x13 0x0000000000000000
core   0: 0x0000000080005a52 (0xc21b70d3) fcvt.wu.d ra, fs6
core   0: 1 0x0000000080005a52 (0xc21b70d3) c1_fflags 0x0000000000000011 x1  0xffffffffffffffff
core   0: 0x0000000080005a56 (0x40168833) sub     a6, a3, ra
core   0: 1 0x0000000080005a56 (0x40168833) x16 0x0000000000000001
core   0: 0x0000000080005a5a (0x41040933) sub     s2, s0, a6
core   0: 1 0x0000000080005a5a (0x41040933) x18 0x000000007ffffffe
core   0: 0x0000000080005a5e (0xd22877d3) fcvt.d.l fa5, a6
core   0: 1 0x0000000080005a5e (0xd22877d3) f15 0x3ff0000000000000
core   0: 0x0000000080005a62 (0x0ff0000f) fence   iorw,iorw
core   0: 1 0x0000000080005a62 (0x0ff0000f)
core   0: 0x0000000080005a66 (0x00000001) c.nop
core   0: 1 0x0000000080005a66 (0x0001)
core   0: 0x0000000080005a68 (0x41d5db33) sra     s6, a1, t4
core   0: 1 0x0000000080005a68 (0x41d5db33) x22 0x0000000006402fbe
core   0: 0x0000000080005a6c (0xf20b0753) fmv.d.x fa4, s6
core   0: 1 0x0000000080005a6c (0xf20b0753) f14 0x0000000006402fbe
core   0: 0x0000000080005a70 (0x22e91653) fsgnjn.d fa2, fs2, fa4
core   0: 1 0x0000000080005a70 (0x22e91653) f12 0xfff8000000000000
core   0: 0x0000000080005a74 (0x000b4c93) xori    s9, s6, 0
core   0: 1 0x0000000080005a74 (0x000b4c93) x25 0x0000000006402fbe
core   0: 0x0000000080005a78 (0x0273ce3b) divw    t3, t2, t2
core   0: 1 0x0000000080005a78 (0x0273ce3b) x28 0x0000000000000001
core   0: 0x0000000080005a7c (0x001e8cb3) add     s9, t4, ra
core   0: 1 0x0000000080005a7c (0x001e8cb3) x25 0xfffffffffc000302
core   0: 0x0000000080005a80 (0x00000001) c.nop
core   0: 1 0x0000000080005a80 (0x0001)
core   0: 0x0000000080005a82 (0x01fdd89b) srliw   a7, s11, 31
core   0: 1 0x0000000080005a82 (0x01fdd89b) x17 0x0000000000000000
core   0: 0x0000000080005a86 (0x000272b3) and     t0, tp, zero
core   0: 1 0x0000000080005a86 (0x000272b3) x5  0x0000000000000000
core   0: 0x0000000080005a8a (0x0112183b) sllw    a6, tp, a7
core   0: 1 0x0000000080005a8a (0x0112183b) x16 0x0000000000000000
core   0: 0x0000000080005a8e (0x007b4433) xor     s0, s6, t2
core   0: 1 0x0000000080005a8e (0x007b4433) x8  0x000000000647d041
core   0: 0x0000000080005a92 (0xf0bd4e93) xori    t4, s10, -245
core   0: 1 0x0000000080005a92 (0xf0bd4e93) x29 0xffffffffffffff0b
core   0: 0x0000000080005a96 (0x00202373) csrrs   t1, frm, zero
core   0: 1 0x0000000080005a96 (0x00202373) x6  0x0000000000000000
core   0: 0x0000000080005a9a (0xfcb24837) lui     a6, 0xfcb24
core   0: 1 0x0000000080005a9a (0xfcb24837) x16 0xfffffffffcb24000
core   0: 0x0000000080005a9e (0x2b98081b) addiw   a6, a6, 697
core   0: 1 0x0000000080005a9e (0x2b98081b) x16 0xfffffffffcb242b9
core   0: 0x0000000080005aa2 (0x00000832) c.slli  a6, 12
core   0: 1 0x0000000080005aa2 (0x0832) x16 0xffffffcb242b9000
core   0: 0x0000000080005aa4 (0x7af80813) addi    a6, a6, 1967
core   0: 1 0x0000000080005aa4 (0x7af80813) x16 0xffffffcb242b97af
core   0: 0x0000000080005aa8 (0x2110ecb7) lui     s9, 0x2110e
core   0: 1 0x0000000080005aa8 (0x2110ecb7) x25 0x000000002110e000
core   0: 0x0000000080005aac (0x010c893b) addw    s2, s9, a6
core   0: 1 0x0000000080005aac (0x010c893b) x18 0x00000000453c77af
core   0: 0x0000000080005ab0 (0xd2180953) fcvt.d.wu fs2, a6
core   0: 1 0x0000000080005ab0 (0xd2180953) f18 0x41c215cbd7800000
core   0: 0x0000000080005ab4 (0xd02af9d3) fcvt.s.l fs3, s5
core   0: 1 0x0000000080005ab4 (0xd02af9d3) f19 0xffffffff3f800000
core   0: 0x0000000080005ab8 (0xd2387d53) fcvt.d.lu fs10, a6
core   0: 1 0x0000000080005ab8 (0xd2387d53) c1_fflags 0x0000000000000011 f26 0x43effffff9648573
core   0: 0x0000000080005abc (0x9288794b) fnmsub.d fs2, fa6, fs0, fs2
core   0: 1 0x0000000080005abc (0x9288794b) f18 0x7ff8000000000000
core   0: 0x0000000080005ac0 (0x000a1793) slli    a5, s4, 0
core   0: 1 0x0000000080005ac0 (0x000a1793) x15 0xffffffb8eb97cdc7
core   0: 0x0000000080005ac4 (0x011d58bb) srlw    a7, s10, a7
core   0: 1 0x0000000080005ac4 (0x011d58bb) x17 0x0000000000000000
core   0: 0x0000000080005ac8 (0xc22d7353) fcvt.l.d t1, fs10
core   0: 1 0x0000000080005ac8 (0xc22d7353) c1_fflags 0x0000000000000011 x6  0x7fffffffffffffff
core   0: 0x0000000080005acc (0xd2030153) fcvt.d.w ft2, t1
core   0: 1 0x0000000080005acc (0xd2030153) f2  0xbff0000000000000
core   0: 0x0000000080005ad0 (0x00202c73) csrrs   s8, frm, zero
core   0: 1 0x0000000080005ad0 (0x00202c73) x24 0x0000000000000000
core   0: 0x0000000080005ad4 (0x03fed113) srli    sp, t4, 63
core   0: 1 0x0000000080005ad4 (0x03fed113) x2  0x0000000000000001
core   0: 0x0000000080005ad8 (0x02e4e0bb) remw    ra, s1, a4
core   0: 1 0x0000000080005ad8 (0x02e4e0bb) x1  0x0000000000000000
core   0: 0x0000000080005adc (0x51f7cc93) xori    s9, a5, 1311
core   0: 1 0x0000000080005adc (0x51f7cc93) x25 0xffffffb8eb97c8d8
core   0: 0x0000000080005ae0 (0x2ae70e53) fmin.d  ft8, fa4, fa4
core   0: 1 0x0000000080005ae0 (0x2ae70e53) f28 0x0000000006402fbe
core   0: 0x0000000080005ae4 (0xe20709d3) fmv.x.d s3, fa4
core   0: 1 0x0000000080005ae4 (0xe20709d3) x19 0x0000000006402fbe
core   0: 0x0000000080005ae8 (0x03f49093) slli    ra, s1, 63
core   0: 1 0x0000000080005ae8 (0x03f49093) x1  0x0000000000000000
core   0: 0x0000000080005aec (0xc01c6273) csrrsi  tp, time, 24
core   0: exception trap_illegal_instruction, epc 0x0000000080005aec
core   0:           tval 0x00000000c01c6273
core   0: >>>>  $xrv64i2p1_m2p0_a2p1_f2p2_d2p2_zicsr2p0_zifencei2p0_zmmul1p0_zba1p0_zbb1p0_zbc1p0_zbs1p0
core   0: 0x0000000080004000 (0x0080006f) j       pc + 0x8
core   0: 3 0x0000000080004000 (0x0080006f)
core   0: >>>>  mmode_exception_handler
core   0: 0x0000000080004008 (0x00002c17) auipc   s8, 0x2
core   0: 3 0x0000000080004008 (0x00002c17) x24 0x0000000080006008
core   0: 0x000000008000400c (0x058c0c13) addi    s8, s8, 88
core   0: 3 0x000000008000400c (0x058c0c13) x24 0x0000000080006060
core   0: 0x0000000080004010 (0x000c00e7) jalr    s8
core   0: 3 0x0000000080004010 (0x000c00e7) x1  0x0000000080004014
core   0: >>>>  any_handler
core   0: 0x0000000080006060 (0x341027f3) csrrs   a5, mepc, zero
core   0: 3 0x0000000080006060 (0x341027f3) x15 0x0000000080005aec
core   0: 0x0000000080006064 (0x34202773) csrrs   a4, mcause, zero
core   0: 3 0x0000000080006064 (0x34202773) x14 0x0000000000000002
core   0: 0x0000000080006068 (0x142026f3) csrrs   a3, scause, zero
core   0: 3 0x0000000080006068 (0x142026f3) x13 0x0000000000000000
core   0: 0x000000008000606c (0x30402673) csrrs   a2, mie, zero
core   0: 3 0x000000008000606c (0x30402673) x12 0x0000000000000a00
core   0: 0x0000000080006070 (0x344025f3) csrrs   a1, mip, zero
core   0: 3 0x0000000080006070 (0x344025f3) x11 0x0000000000000080
core   0: 0x0000000080006074 (0x343025f3) csrrs   a1, mtval, zero
core   0: 3 0x0000000080006074 (0x343025f3) x11 0x00000000c01c6273
core   0: 0x0000000080006078 (0x14302573) csrrs   a0, stval, zero
core   0: 3 0x0000000080006078 (0x14302573) x10 0x0000000000000000
core   0: 0x000000008000607c (0xb02024f3) csrrs   s1, minstret, zero
core   0: 3 0x000000008000607c (0xb02024f3) x9  0x00000000000010f4
core   0: 0x0000000080006080 (0x0000a811) c.j     pc + 20
core   0: 3 0x0000000080006080 (0xa811)
core   0: >>>>  mepc_4
core   0: 0x0000000080006094 (0x00000791) c.addi  a5, 4
core   0: 3 0x0000000080006094 (0x0791) x15 0x0000000080005af0
core   0: 0x0000000080006096 (0x34179073) csrrw   zero, mepc, a5
core   0: 3 0x0000000080006096 (0x34179073) c833_mepc 0x0000000080005af0
core   0: 0x000000008000609a (0x30200073) mret
core   0: 3 0x000000008000609a (0x30200073) c768_mstatus 0x8000000a00106080
core   0: 0x0000000080005af0 (0xc214f053) fcvt.wu.d zero, fs1
core   0: 1 0x0000000080005af0 (0xc214f053) c1_fflags 0x0000000000000011
core   0: 0x0000000080005af4 (0x40d6d8bb) sraw    a7, a3, a3
core   0: 1 0x0000000080005af4 (0x40d6d8bb) x17 0x0000000000000000
core   0: 0x0000000080005af8 (0x039004bb) mulw    s1, zero, s9
core   0: 1 0x0000000080005af8 (0x039004bb) x9  0x0000000000000000
core   0: 0x0000000080005afc (0x01a515b3) sll     a1, a0, s10
core   0: 1 0x0000000080005afc (0x01a515b3) x11 0x0000000000000000
core   0: 0x0000000080005b00 (0x00e91933) sll     s2, s2, a4
core   0: 1 0x0000000080005b00 (0x00e91933) x18 0x0000000114f1debc
core   0: 0x0000000080005b04 (0x001a141b) slliw   s0, s4, 1
core   0: 1 0x0000000080005b04 (0x001a141b) x8  0xffffffffd72f9b8e
core   0: 0x0000000080005b08 (0x1a5277d3) fdiv.d  fa5, ft4, ft5
core   0: 1 0x0000000080005b08 (0x1a5277d3) f15 0x7ff8000000000000
core   0: 0x0000000080005b0c (0x00351d13) slli    s10, a0, 3
core   0: 1 0x0000000080005b0c (0x00351d13) x26 0x0000000000000000
core   0: 0x0000000080005b10 (0x416a579b) sraiw   a5, s4, 22
core   0: 1 0x0000000080005b10 (0x416a579b) x15 0xffffffffffffffae
core   0: 0x0000000080005b14 (0x032785bb) mulw    a1, a5, s2
core   0: 1 0x0000000080005b14 (0x032785bb) x11 0x000000004a86a7c8
core   0: 0x0000000080005b18 (0x01389113) slli    sp, a7, 19
core   0: 1 0x0000000080005b18 (0x01389113) x2  0x0000000000000000
core   0: 0x0000000080005b1c (0x224e1653) fsgnjn.d fa2, ft8, ft4
core   0: 1 0x0000000080005b1c (0x224e1653) f12 0x8000000006402fbe
core   0: 0x0000000080005b20 (0x2ba60d53) fmin.d  fs10, fa2, fs10
core   0: 1 0x0000000080005b20 (0x2ba60d53) f26 0x8000000006402fbe
core   0: 0x0000000080005b24 (0xd2217253) fcvt.d.l ft4, sp
core   0: 1 0x0000000080005b24 (0xd2217253) f4  0x0000000000000000
core   0: 0x0000000080005b28 (0x01155e3b) srlw    t3, a0, a7
core   0: 1 0x0000000080005b28 (0x01155e3b) x28 0x0000000000000000
core   0: 0x0000000080005b2c (0xc23973d3) fcvt.lu.d t2, fs2
core   0: 1 0x0000000080005b2c (0xc23973d3) c1_fflags 0x0000000000000011 x7  0xffffffffffffffff
core   0: 0x0000000080005b30 (0x02839293) slli    t0, t2, 40
core   0: 1 0x0000000080005b30 (0x02839293) x5  0xffffff0000000000
core   0: 0x0000000080005b34 (0x0a9274d3) fsub.d  fs1, ft4, fs1
core   0: 1 0x0000000080005b34 (0x0a9274d3) f9  0x7ff8000000000000
core   0: 0x0000000080005b38 (0x027a59b3) divu    s3, s4, t2
core   0: 1 0x0000000080005b38 (0x027a59b3) x19 0x0000000000000000
core   0: 0x0000000080005b3c (0x4008d493) srai    s1, a7, 0
core   0: 1 0x0000000080005b3c (0x4008d493) x9  0x0000000000000000
core   0: 0x0000000080005b40 (0x009292bb) sllw    t0, t0, s1
core   0: 1 0x0000000080005b40 (0x009292bb) x5  0x0000000000000000
core   0: 0x0000000080005b44 (0x03161a33) mulh    s4, a2, a7
core   0: 1 0x0000000080005b44 (0x03161a33) x20 0x0000000000000000
core   0: 0x0000000080005b48 (0x0010d1bb) srlw    gp, ra, ra
core   0: 1 0x0000000080005b48 (0x0010d1bb) x3  0x0000000000000800
core   0: 0x0000000080005b4c (0x0145d7b3) srl     a5, a1, s4
core   0: 1 0x0000000080005b4c (0x0145d7b3) x15 0x000000004a86a7c8
core   0: 0x0000000080005b50 (0x034a68bb) remw    a7, s4, s4
core   0: 1 0x0000000080005b50 (0x034a68bb) x17 0x0000000000000000
core   0: 0x0000000080005b54 (0x023aa1b3) mulhsu  gp, s5, gp
core   0: 1 0x0000000080005b54 (0x023aa1b3) x3  0x0000000000000000
core   0: 0x0000000080005b58 (0x403a5a33) sra     s4, s4, gp
core   0: 1 0x0000000080005b58 (0x403a5a33) x20 0x0000000000000000
core   0: 0x0000000080005b5c (0x22909653) fsgnjn.d fa2, ft1, fs1
core   0: 1 0x0000000080005b5c (0x22909653) f12 0xffffffff00000000
core   0: 0x0000000080005b60 (0x22866997) auipc   s3, 0x22866
core   0: 1 0x0000000080005b60 (0x22866997) x19 0x00000000a286bb60
core   0: 0x0000000080005b64 (0x036c7d33) remu    s10, s8, s6
core   0: 1 0x0000000080005b64 (0x036c7d33) x26 0x0000000002fca588
core   0: 0x0000000080005b68 (0x021d06bb) mulw    a3, s10, ra
core   0: 1 0x0000000080005b68 (0x021d06bb) x13 0x00000000651eeea0
core   0: 0x0000000080005b6c (0x22948a53) fsgnj.d fs4, fs1, fs1
core   0: 1 0x0000000080005b6c (0x22948a53) f20 0x7ff8000000000000
core   0: 0x0000000080005b70 (0x02ba79d3) fadd.d  fs3, fs4, fa1
core   0: 1 0x0000000080005b70 (0x02ba79d3) f19 0x7ff8000000000000
core   0: 0x0000000080005b74 (0xc03efe53) fcvt.lu.s t3, ft9
core   0: 1 0x0000000080005b74 (0xc03efe53) c1_fflags 0x0000000000000011 x28 0xffffffffffffffff
core   0: 0x0000000080005b78 (0xefa28b17) auipc   s6, 0xefa28
core   0: 1 0x0000000080005b78 (0xefa28b17) x22 0x000000006fa2db78
core   0: 0x0000000080005b7c (0x40b7ddbb) sraw    s11, a5, a1
core   0: 1 0x0000000080005b7c (0x40b7ddbb) x27 0x00000000004a86a7
core   0: 0x0000000080005b80 (0x007100b3) add     ra, sp, t2
core   0: 1 0x0000000080005b80 (0x007100b3) x1  0xffffffffffffffff
core   0: 0x0000000080005b84 (0x4000db9b) sraiw   s7, ra, 0
core   0: 1 0x0000000080005b84 (0x4000db9b) x23 0xffffffffffffffff
core   0: 0x0000000080005b88 (0x2216a6d3) fsgnjx.d fa3, fa3, ft1
core   0: 1 0x0000000080005b88 (0x2216a6d3) f13 0xfff8000000000000
core   0: 0x0000000080005b8c (0x8306f44f) fnmadd.d fs0, fa3, fa6, fa6
core   0: 1 0x0000000080005b8c (0x8306f44f) f8  0x7ff8000000000000
core   0: 0x0000000080005b90 (0xc20474d3) fcvt.w.d s1, fs0
core   0: 1 0x0000000080005b90 (0xc20474d3) c1_fflags 0x0000000000000011 x9  0x000000007fffffff
core   0: 0x0000000080005b94 (0xdf6f3517) auipc   a0, 0xdf6f3
core   0: 1 0x0000000080005b94 (0xdf6f3517) x10 0x000000005f6f8b94
core   0: 0x0000000080005b98 (0x0239f1d3) fadd.d  ft3, fs3, ft3
core   0: 1 0x0000000080005b98 (0x0239f1d3) f3  0x7ff8000000000000
core   0: 0x0000000080005b9c (0x00248333) add     t1, s1, sp
core   0: 1 0x0000000080005b9c (0x00248333) x6  0x000000007fffffff
core   0: 0x0000000080005ba0 (0x0164961b) slliw   a2, s1, 22
core   0: 1 0x0000000080005ba0 (0x0164961b) x12 0xffffffffffc00000
core   0: 0x0000000080005ba4 (0x00cc76b3) and     a3, s8, a2
core   0: 1 0x0000000080005ba4 (0x00cc76b3) x13 0x0000000080000000
core   0: 0x0000000080005ba8 (0x00d8d89b) srliw   a7, a7, 13
core   0: 1 0x0000000080005ba8 (0x00d8d89b) x17 0x0000000000000000
core   0: 0x0000000080005bac (0x2126e713) ori     a4, a3, 530
core   0: 1 0x0000000080005bac (0x2126e713) x14 0x0000000080000212
core   0: 0x0000000080005bb0 (0x01e7599b) srliw   s3, a4, 30
core   0: 1 0x0000000080005bb0 (0x01e7599b) x19 0x0000000000000002
core   0: 0x0000000080005bb4 (0x000096d6) c.add   a3, s5
core   0: 1 0x0000000080005bb4 (0x96d6) x13 0x0000000080000001
core   0: 0x0000000080005bb6 (0x420005d3) fcvt.d.s fa1, ft0
core   0: 1 0x0000000080005bb6 (0x420005d3) f11 0x7ff8000000000000
core   0: 0x0000000080005bba (0xc025f653) fcvt.l.s a2, fa1
core   0: 1 0x0000000080005bba (0xc025f653) c1_fflags 0x0000000000000011 x12 0x7fffffffffffffff
core   0: 0x0000000080005bbe (0xc0397c53) fcvt.lu.s s8, fs2
core   0: 1 0x0000000080005bbe (0xc0397c53) c1_fflags 0x0000000000000011 x24 0xffffffffffffffff
core   0: 0x0000000080005bc2 (0x005e023b) addw    tp, t3, t0
core   0: 1 0x0000000080005bc2 (0x005e023b) x4  0xffffffffffffffff
core   0: 0x0000000080005bc6 (0xd2078bd3) fcvt.d.w fs7, a5
core   0: 1 0x0000000080005bc6 (0xd2078bd3) f23 0x41d2a1a9f2000000
core   0: 0x0000000080005bca (0xc21bf8d3) fcvt.wu.d a7, fs7
core   0: 1 0x0000000080005bca (0xc21bf8d3) x17 0x000000004a86a7c8
core   0: 0x0000000080005bce (0x000d9013) slli    zero, s11, 0
core   0: 1 0x0000000080005bce (0x000d9013)
core   0: 0x0000000080005bd2 (0x00000001) c.nop
core   0: 1 0x0000000080005bd2 (0x0001)
core   0: 0x0000000080005bd4 (0x00000001) c.nop
core   0: 1 0x0000000080005bd4 (0x0001)
core   0: 0x0000000080005bd6 (0xc039b073) csrrc   zero, hpmcounter3, s3
core   0: exception trap_illegal_instruction, epc 0x0000000080005bd6
core   0:           tval 0x00000000c039b073
core   0: >>>>  $xrv64i2p1_m2p0_a2p1_f2p2_d2p2_zicsr2p0_zifencei2p0_zmmul1p0_zba1p0_zbb1p0_zbc1p0_zbs1p0
core   0: 0x0000000080004000 (0x0080006f) j       pc + 0x8
core   0: 3 0x0000000080004000 (0x0080006f)
core   0: >>>>  mmode_exception_handler
core   0: 0x0000000080004008 (0x00002c17) auipc   s8, 0x2
core   0: 3 0x0000000080004008 (0x00002c17) x24 0x0000000080006008
core   0: 0x000000008000400c (0x058c0c13) addi    s8, s8, 88
core   0: 3 0x000000008000400c (0x058c0c13) x24 0x0000000080006060
core   0: 0x0000000080004010 (0x000c00e7) jalr    s8
core   0: 3 0x0000000080004010 (0x000c00e7) x1  0x0000000080004014
core   0: >>>>  any_handler
core   0: 0x0000000080006060 (0x341027f3) csrrs   a5, mepc, zero
core   0: 3 0x0000000080006060 (0x341027f3) x15 0x0000000080005bd6
core   0: 0x0000000080006064 (0x34202773) csrrs   a4, mcause, zero
core   0: 3 0x0000000080006064 (0x34202773) x14 0x0000000000000002
core   0: 0x0000000080006068 (0x142026f3) csrrs   a3, scause, zero
core   0: 3 0x0000000080006068 (0x142026f3) x13 0x0000000000000000
core   0: 0x000000008000606c (0x30402673) csrrs   a2, mie, zero
core   0: 3 0x000000008000606c (0x30402673) x12 0x0000000000000a00
core   0: 0x0000000080006070 (0x344025f3) csrrs   a1, mip, zero
core   0: 3 0x0000000080006070 (0x344025f3) x11 0x0000000000000080
core   0: 0x0000000080006074 (0x343025f3) csrrs   a1, mtval, zero
core   0: 3 0x0000000080006074 (0x343025f3) x11 0x00000000c039b073
core   0: 0x0000000080006078 (0x14302573) csrrs   a0, stval, zero
core   0: 3 0x0000000080006078 (0x14302573) x10 0x0000000000000000
core   0: 0x000000008000607c (0xb02024f3) csrrs   s1, minstret, zero
core   0: 3 0x000000008000607c (0xb02024f3) x9  0x000000000000113f
core   0: 0x0000000080006080 (0x0000a811) c.j     pc + 20
core   0: 3 0x0000000080006080 (0xa811)
core   0: >>>>  mepc_4
core   0: 0x0000000080006094 (0x00000791) c.addi  a5, 4
core   0: 3 0x0000000080006094 (0x0791) x15 0x0000000080005bda
core   0: 0x0000000080006096 (0x34179073) csrrw   zero, mepc, a5
core   0: 3 0x0000000080006096 (0x34179073) c833_mepc 0x0000000080005bda
core   0: 0x000000008000609a (0x30200073) mret
core   0: 3 0x000000008000609a (0x30200073) c768_mstatus 0x8000000a00106080
core   0: 0x0000000080005bda (0x41f8d49b) sraiw   s1, a7, 31
core   0: 1 0x0000000080005bda (0x41f8d49b) x9  0x0000000000000000
core   0: 0x0000000080005bde (0x221e9ad3) fsgnjn.d fs5, ft9, ft1
core   0: 1 0x0000000080005bde (0x221e9ad3) f21 0x7ff8000000000000
core   0: 0x0000000080005be2 (0x01384233) xor     tp, a6, s3
core   0: 1 0x0000000080005be2 (0x01384233) x4  0xffffffcb242b97ad
core   0: 0x0000000080005be6 (0x0043abb3) slt     s7, t2, tp
core   0: 1 0x0000000080005be6 (0x0043abb3) x23 0x0000000000000000
core   0: 0x0000000080005bea (0x413982bb) subw    t0, s3, s3
core   0: 1 0x0000000080005bea (0x413982bb) x5  0x0000000000000000
core   0: 0x0000000080005bee (0x4000561b) sraiw   a2, zero, 0
core   0: 1 0x0000000080005bee (0x4000561b) x12 0x0000000000000000
core   0: 0x0000000080005bf2 (0x03ad7853) fadd.d  fa6, fs10, fs10
core   0: 1 0x0000000080005bf2 (0x03ad7853) f16 0x800000000c805f7c
core   0: 0x0000000080005bf6 (0x1a5e7cd3) fdiv.d  fs9, ft8, ft5
core   0: 1 0x0000000080005bf6 (0x1a5e7cd3) f25 0x7ff8000000000000
core   0: 0x0000000080005bfa (0x5a04ffd3) fsqrt.d ft11, fs1
core   0: 1 0x0000000080005bfa (0x5a04ffd3) f31 0x7ff8000000000000
core   0: 0x0000000080005bfe (0x032978bb) remuw   a7, s2, s2
core   0: 1 0x0000000080005bfe (0x032978bb) x17 0x0000000000000000
core   0: 0x0000000080005c02 (0x01530abb) addw    s5, t1, s5
core   0: 1 0x0000000080005c02 (0x01530abb) x21 0xffffffff80000000
core   0: 0x0000000080005c06 (0x4068da33) sra     s4, a7, t1
core   0: 1 0x0000000080005c06 (0x4068da33) x20 0x0000000000000000
core   0: 0x0000000080005c0a (0x74eb4117) auipc   sp, 0x74eb4
core   0: 1 0x0000000080005c0a (0x74eb4117) x2  0x00000000f4eb9c0a
core   0: 0x0000000080005c0e (0x02f77453) fadd.d  fs0, fa4, fa5
core   0: 1 0x0000000080005c0e (0x02f77453) f8  0x7ff8000000000000
core   0: 0x0000000080005c12 (0x002187b3) add     a5, gp, sp
core   0: 1 0x0000000080005c12 (0x002187b3) x15 0x00000000f4eb9c0a
core   0: 0x0000000080005c16 (0x00000001) c.nop
core   0: 1 0x0000000080005c16 (0x0001)
core   0: 0x0000000080005c18 (0x231f2fd3) fsgnjx.d ft11, ft10, fa7
core   0: 1 0x0000000080005c18 (0x231f2fd3) f31 0xc3e0000000000000
core   0: 0x0000000080005c1c (0xd02df3d3) fcvt.s.l ft7, s11
core   0: 1 0x0000000080005c1c (0xd02df3d3) f7  0xffffffff4a950d4e
core   0: 0x0000000080005c20 (0xf20881d3) fmv.d.x ft3, a7
core   0: 1 0x0000000080005c20 (0xf20881d3) f3  0x0000000000000000
core   0: 0x0000000080005c24 (0x0094f033) and     zero, s1, s1
core   0: 1 0x0000000080005c24 (0x0094f033)
core   0: 0x0000000080005c28 (0xd223f353) fcvt.d.l ft6, t2
core   0: 1 0x0000000080005c28 (0xd223f353) f6  0xbff0000000000000
core   0: 0x0000000080005c2c (0xfe12c237) lui     tp, 0xfe12c
core   0: 1 0x0000000080005c2c (0xfe12c237) x4  0xfffffffffe12c000
core   0: 0x0000000080005c30 (0x85d2021b) addiw   tp, tp, -1955
core   0: 1 0x0000000080005c30 (0x85d2021b) x4  0xfffffffffe12b85d
core   0: 0x0000000080005c34 (0x0000023a) c.slli  tp, 14
core   0: 1 0x0000000080005c34 (0x023a) x4  0xffffff84ae174000
core   0: 0x0000000080005c36 (0x3dd20213) addi    tp, tp, 989
core   0: 1 0x0000000080005c36 (0x3dd20213) x4  0xffffff84ae1743dd
core   0: 0x0000000080005c3a (0xd02b7c53) fcvt.s.l fs8, s6
core   0: 1 0x0000000080005c3a (0xd02b7c53) c1_fflags 0x0000000000000011 f24 0xffffffff4edf45b7
core   0: 0x0000000080005c3e (0x0274a7b3) mulhsu  a5, s1, t2
core   0: 1 0x0000000080005c3e (0x0274a7b3) x15 0x0000000000000000
core   0: 0x0000000080005c42 (0x00f7e9b3) or      s3, a5, a5
core   0: 1 0x0000000080005c42 (0x00f7e9b3) x19 0x0000000000000000
core   0: 0x0000000080005c46 (0x031cadb3) mulhsu  s11, s9, a7
core   0: 1 0x0000000080005c46 (0x031cadb3) x27 0x0000000000000000
core   0: 0x0000000080005c4a (0x41870c33) sub     s8, a4, s8
core   0: 1 0x0000000080005c4a (0x41870c33) x24 0xffffffff7fff9fa2
core   0: 0x0000000080005c4e (0x00281573) csrrw   a0, frm, a6
core   0: 1 0x0000000080005c4e (0x00281573) x10 0x0000000000000000 c2_frm 0x0000000000000007
core   0: 0x0000000080005c52 (0x0000377d) c.addiw a4, -1
core   0: 1 0x0000000080005c52 (0x377d) x14 0x0000000000000001
core   0: 0x0000000080005c54 (0x340dd6f3) csrrwi  a3, mscratch, 27
core   0: exception trap_illegal_instruction, epc 0x0000000080005c54
core   0:           tval 0x00000000340dd6f3
core   0: >>>>  $xrv64i2p1_m2p0_a2p1_f2p2_d2p2_zicsr2p0_zifencei2p0_zmmul1p0_zba1p0_zbb1p0_zbc1p0_zbs1p0
core   0: 0x0000000080004000 (0x0080006f) j       pc + 0x8
core   0: 3 0x0000000080004000 (0x0080006f)
core   0: >>>>  mmode_exception_handler
core   0: 0x0000000080004008 (0x00002c17) auipc   s8, 0x2
core   0: 3 0x0000000080004008 (0x00002c17) x24 0x0000000080006008
core   0: 0x000000008000400c (0x058c0c13) addi    s8, s8, 88
core   0: 3 0x000000008000400c (0x058c0c13) x24 0x0000000080006060
core   0: 0x0000000080004010 (0x000c00e7) jalr    s8
core   0: 3 0x0000000080004010 (0x000c00e7) x1  0x0000000080004014
core   0: >>>>  any_handler
core   0: 0x0000000080006060 (0x341027f3) csrrs   a5, mepc, zero
core   0: 3 0x0000000080006060 (0x341027f3) x15 0x0000000080005c54
core   0: 0x0000000080006064 (0x34202773) csrrs   a4, mcause, zero
core   0: 3 0x0000000080006064 (0x34202773) x14 0x0000000000000002
core   0: 0x0000000080006068 (0x142026f3) csrrs   a3, scause, zero
core   0: 3 0x0000000080006068 (0x142026f3) x13 0x0000000000000000
core   0: 0x000000008000606c (0x30402673) csrrs   a2, mie, zero
core   0: 3 0x000000008000606c (0x30402673) x12 0x0000000000000a00
core   0: 0x0000000080006070 (0x344025f3) csrrs   a1, mip, zero
core   0: 3 0x0000000080006070 (0x344025f3) x11 0x0000000000000080
core   0: 0x0000000080006074 (0x343025f3) csrrs   a1, mtval, zero
core   0: 3 0x0000000080006074 (0x343025f3) x11 0x00000000340dd6f3
core   0: 0x0000000080006078 (0x14302573) csrrs   a0, stval, zero
core   0: 3 0x0000000080006078 (0x14302573) x10 0x0000000000000000
core   0: 0x000000008000607c (0xb02024f3) csrrs   s1, minstret, zero
core   0: 3 0x000000008000607c (0xb02024f3) x9  0x000000000000116f
core   0: 0x0000000080006080 (0x0000a811) c.j     pc + 20
core   0: 3 0x0000000080006080 (0xa811)
core   0: >>>>  mepc_4
core   0: 0x0000000080006094 (0x00000791) c.addi  a5, 4
core   0: 3 0x0000000080006094 (0x0791) x15 0x0000000080005c58
core   0: 0x0000000080006096 (0x34179073) csrrw   zero, mepc, a5
core   0: 3 0x0000000080006096 (0x34179073) c833_mepc 0x0000000080005c58
core   0: 0x000000008000609a (0x30200073) mret
core   0: 3 0x000000008000609a (0x30200073) c768_mstatus 0x8000000a00106080
core   0: 0x0000000080005c58 (0x00599ebb) sllw    t4, s3, t0
core   0: 1 0x0000000080005c58 (0x00599ebb) x29 0x0000000000000000
core   0: 0x0000000080005c5c (0x035a8dbb) mulw    s11, s5, s5
core   0: 1 0x0000000080005c5c (0x035a8dbb) x27 0x0000000000000000
core   0: 0x0000000080005c60 (0x40725d3b) sraw    s10, tp, t2
core   0: 1 0x0000000080005c60 (0x40725d3b) x26 0xffffffffffffffff
core   0: 0x0000000080005c64 (0x018e1c9b) slliw   s9, t3, 24
core   0: 1 0x0000000080005c64 (0x018e1c9b) x25 0xffffffffff000000
core   0: 0x0000000080005c68 (0x5a0c7553) fsqrt.d fa0, fs8
core   0: exception trap_illegal_instruction, epc 0x0000000080005c68
core   0:           tval 0x000000005a0c7553
core   0: >>>>  $xrv64i2p1_m2p0_a2p1_f2p2_d2p2_zicsr2p0_zifencei2p0_zmmul1p0_zba1p0_zbb1p0_zbc1p0_zbs1p0
core   0: 0x0000000080004000 (0x0080006f) j       pc + 0x8
core   0: 3 0x0000000080004000 (0x0080006f)
core   0: >>>>  mmode_exception_handler
core   0: 0x0000000080004008 (0x00002c17) auipc   s8, 0x2
core   0: 3 0x0000000080004008 (0x00002c17) x24 0x0000000080006008
core   0: 0x000000008000400c (0x058c0c13) addi    s8, s8, 88
core   0: 3 0x000000008000400c (0x058c0c13) x24 0x0000000080006060
core   0: 0x0000000080004010 (0x000c00e7) jalr    s8
core   0: 3 0x0000000080004010 (0x000c00e7) x1  0x0000000080004014
core   0: >>>>  any_handler
core   0: 0x0000000080006060 (0x341027f3) csrrs   a5, mepc, zero
core   0: 3 0x0000000080006060 (0x341027f3) x15 0x0000000080005c68
core   0: 0x0000000080006064 (0x34202773) csrrs   a4, mcause, zero
core   0: 3 0x0000000080006064 (0x34202773) x14 0x0000000000000002
core   0: 0x0000000080006068 (0x142026f3) csrrs   a3, scause, zero
core   0: 3 0x0000000080006068 (0x142026f3) x13 0x0000000000000000
core   0: 0x000000008000606c (0x30402673) csrrs   a2, mie, zero
core   0: 3 0x000000008000606c (0x30402673) x12 0x0000000000000a00
core   0: 0x0000000080006070 (0x344025f3) csrrs   a1, mip, zero
core   0: 3 0x0000000080006070 (0x344025f3) x11 0x0000000000000080
core   0: 0x0000000080006074 (0x343025f3) csrrs   a1, mtval, zero
core   0: 3 0x0000000080006074 (0x343025f3) x11 0x000000005a0c7553
core   0: 0x0000000080006078 (0x14302573) csrrs   a0, stval, zero
core   0: 3 0x0000000080006078 (0x14302573) x10 0x0000000000000000
core   0: 0x000000008000607c (0xb02024f3) csrrs   s1, minstret, zero
core   0: 3 0x000000008000607c (0xb02024f3) x9  0x0000000000001183
core   0: 0x0000000080006080 (0x0000a811) c.j     pc + 20
core   0: 3 0x0000000080006080 (0xa811)
core   0: >>>>  mepc_4
core   0: 0x0000000080006094 (0x00000791) c.addi  a5, 4
core   0: 3 0x0000000080006094 (0x0791) x15 0x0000000080005c6c
core   0: 0x0000000080006096 (0x34179073) csrrw   zero, mepc, a5
core   0: 3 0x0000000080006096 (0x34179073) c833_mepc 0x0000000080005c6c
core   0: 0x000000008000609a (0x30200073) mret
core   0: 3 0x000000008000609a (0x30200073) c768_mstatus 0x8000000a00106080
core   0: 0x0000000080005c6c (0xc03c71d3) fcvt.lu.s gp, fs8
core   0: exception trap_illegal_instruction, epc 0x0000000080005c6c
core   0:           tval 0x00000000c03c71d3
core   0: >>>>  $xrv64i2p1_m2p0_a2p1_f2p2_d2p2_zicsr2p0_zifencei2p0_zmmul1p0_zba1p0_zbb1p0_zbc1p0_zbs1p0
core   0: 0x0000000080004000 (0x0080006f) j       pc + 0x8
core   0: 3 0x0000000080004000 (0x0080006f)
core   0: >>>>  mmode_exception_handler
core   0: 0x0000000080004008 (0x00002c17) auipc   s8, 0x2
core   0: 3 0x0000000080004008 (0x00002c17) x24 0x0000000080006008
core   0: 0x000000008000400c (0x058c0c13) addi    s8, s8, 88
core   0: 3 0x000000008000400c (0x058c0c13) x24 0x0000000080006060
core   0: 0x0000000080004010 (0x000c00e7) jalr    s8
core   0: 3 0x0000000080004010 (0x000c00e7) x1  0x0000000080004014
core   0: >>>>  any_handler
core   0: 0x0000000080006060 (0x341027f3) csrrs   a5, mepc, zero
core   0: 3 0x0000000080006060 (0x341027f3) x15 0x0000000080005c6c
core   0: 0x0000000080006064 (0x34202773) csrrs   a4, mcause, zero
core   0: 3 0x0000000080006064 (0x34202773) x14 0x0000000000000002
core   0: 0x0000000080006068 (0x142026f3) csrrs   a3, scause, zero
core   0: 3 0x0000000080006068 (0x142026f3) x13 0x0000000000000000
core   0: 0x000000008000606c (0x30402673) csrrs   a2, mie, zero
core   0: 3 0x000000008000606c (0x30402673) x12 0x0000000000000a00
core   0: 0x0000000080006070 (0x344025f3) csrrs   a1, mip, zero
core   0: 3 0x0000000080006070 (0x344025f3) x11 0x0000000000000080
core   0: 0x0000000080006074 (0x343025f3) csrrs   a1, mtval, zero
core   0: 3 0x0000000080006074 (0x343025f3) x11 0x00000000c03c71d3
core   0: 0x0000000080006078 (0x14302573) csrrs   a0, stval, zero
core   0: 3 0x0000000080006078 (0x14302573) x10 0x0000000000000000
core   0: 0x000000008000607c (0xb02024f3) csrrs   s1, minstret, zero
core   0: 3 0x000000008000607c (0xb02024f3) x9  0x0000000000001193
core   0: 0x0000000080006080 (0x0000a811) c.j     pc + 20
core   0: 3 0x0000000080006080 (0xa811)
core   0: >>>>  mepc_4
core   0: 0x0000000080006094 (0x00000791) c.addi  a5, 4
core   0: 3 0x0000000080006094 (0x0791) x15 0x0000000080005c70
core   0: 0x0000000080006096 (0x34179073) csrrw   zero, mepc, a5
core   0: 3 0x0000000080006096 (0x34179073) c833_mepc 0x0000000080005c70
core   0: 0x000000008000609a (0x30200073) mret
core   0: 3 0x000000008000609a (0x30200073) c768_mstatus 0x8000000a00106080
core   0: 0x0000000080005c70 (0x43f75993) srai    s3, a4, 63
core   0: 1 0x0000000080005c70 (0x43f75993) x19 0x0000000000000000
core   0: 0x0000000080005c74 (0x420c05d3) fcvt.d.s fa1, fs8
core   0: 1 0x0000000080005c74 (0x420c05d3) f11 0x41dbe8b6e0000000
core   0: 0x0000000080005c78 (0xb029f1f3) csrrci  gp, minstret, 19
core   0: exception trap_illegal_instruction, epc 0x0000000080005c78
core   0:           tval 0x00000000b029f1f3
core   0: >>>>  $xrv64i2p1_m2p0_a2p1_f2p2_d2p2_zicsr2p0_zifencei2p0_zmmul1p0_zba1p0_zbb1p0_zbc1p0_zbs1p0
core   0: 0x0000000080004000 (0x0080006f) j       pc + 0x8
core   0: 3 0x0000000080004000 (0x0080006f)
core   0: >>>>  mmode_exception_handler
core   0: 0x0000000080004008 (0x00002c17) auipc   s8, 0x2
core   0: 3 0x0000000080004008 (0x00002c17) x24 0x0000000080006008
core   0: 0x000000008000400c (0x058c0c13) addi    s8, s8, 88
core   0: 3 0x000000008000400c (0x058c0c13) x24 0x0000000080006060
core   0: 0x0000000080004010 (0x000c00e7) jalr    s8
core   0: 3 0x0000000080004010 (0x000c00e7) x1  0x0000000080004014
core   0: >>>>  any_handler
core   0: 0x0000000080006060 (0x341027f3) csrrs   a5, mepc, zero
core   0: 3 0x0000000080006060 (0x341027f3) x15 0x0000000080005c78
core   0: 0x0000000080006064 (0x34202773) csrrs   a4, mcause, zero
core   0: 3 0x0000000080006064 (0x34202773) x14 0x0000000000000002
core   0: 0x0000000080006068 (0x142026f3) csrrs   a3, scause, zero
core   0: 3 0x0000000080006068 (0x142026f3) x13 0x0000000000000000
core   0: 0x000000008000606c (0x30402673) csrrs   a2, mie, zero
core   0: 3 0x000000008000606c (0x30402673) x12 0x0000000000000a00
core   0: 0x0000000080006070 (0x344025f3) csrrs   a1, mip, zero
core   0: 3 0x0000000080006070 (0x344025f3) x11 0x0000000000000080
core   0: 0x0000000080006074 (0x343025f3) csrrs   a1, mtval, zero
core   0: 3 0x0000000080006074 (0x343025f3) x11 0x00000000b029f1f3
core   0: 0x0000000080006078 (0x14302573) csrrs   a0, stval, zero
core   0: 3 0x0000000080006078 (0x14302573) x10 0x0000000000000000
core   0: 0x000000008000607c (0xb02024f3) csrrs   s1, minstret, zero
core   0: 3 0x000000008000607c (0xb02024f3) x9  0x00000000000011a5
core   0: 0x0000000080006080 (0x0000a811) c.j     pc + 20
core   0: 3 0x0000000080006080 (0xa811)
core   0: >>>>  mepc_4
core   0: 0x0000000080006094 (0x00000791) c.addi  a5, 4
core   0: 3 0x0000000080006094 (0x0791) x15 0x0000000080005c7c
core   0: 0x0000000080006096 (0x34179073) csrrw   zero, mepc, a5
core   0: 3 0x0000000080006096 (0x34179073) c833_mepc 0x0000000080005c7c
core   0: 0x000000008000609a (0x30200073) mret
core   0: 3 0x000000008000609a (0x30200073) c768_mstatus 0x8000000a00106080
core   0: 0x0000000080005c7c (0x420b0b53) fcvt.d.s fs6, fs6
core   0: 1 0x0000000080005c7c (0x420b0b53) f22 0x7ff8000000000000
core   0: 0x0000000080005c80 (0x6470ce13) xori    t3, ra, 1607
core   0: 1 0x0000000080005c80 (0x6470ce13) x28 0x0000000080004653
core   0: 0x0000000080005c84 (0x000091da) c.add   gp, s6
core   0: 1 0x0000000080005c84 (0x91da) x3  0x000000006fa2db78
core   0: 0x0000000080005c86 (0x003380bb) addw    ra, t2, gp
core   0: 1 0x0000000080005c86 (0x003380bb) x1  0x000000006fa2db77
core   0: 0x0000000080005c8a (0x41cb87b3) sub     a5, s7, t3
core   0: 1 0x0000000080005c8a (0x41cb87b3) x15 0xffffffff7fffb9ad
core   0: 0x0000000080005c8e (0x02f08d3b) mulw    s10, ra, a5
core   0: 1 0x0000000080005c8e (0x02f08d3b) x26 0xffffffffc6304e6b
core   0: 0x0000000080005c92 (0x01a7843b) addw    s0, a5, s10
core   0: 1 0x0000000080005c92 (0x01a7843b) x8  0x0000000046300818
core   0: 0x0000000080005c96 (0x001b4b13) xori    s6, s6, 1
core   0: 1 0x0000000080005c96 (0x001b4b13) x22 0x000000006fa2db79
core   0: 0x0000000080005c9a (0x4018581b) sraiw   a6, a6, 1
core   0: 1 0x0000000080005c9a (0x4018581b) x16 0x000000001215cbd7
core   0: 0x0000000080005c9e (0x018678b3) and     a7, a2, s8
core   0: 1 0x0000000080005c9e (0x018678b3) x17 0x0000000000000000
core   0: 0x0000000080005ca2 (0xd035f1d3) fcvt.s.lu ft3, a1
core   0: exception trap_illegal_instruction, epc 0x0000000080005ca2
core   0:           tval 0x00000000d035f1d3
core   0: >>>>  $xrv64i2p1_m2p0_a2p1_f2p2_d2p2_zicsr2p0_zifencei2p0_zmmul1p0_zba1p0_zbb1p0_zbc1p0_zbs1p0
core   0: 0x0000000080004000 (0x0080006f) j       pc + 0x8
core   0: 3 0x0000000080004000 (0x0080006f)
core   0: >>>>  mmode_exception_handler
core   0: 0x0000000080004008 (0x00002c17) auipc   s8, 0x2
core   0: 3 0x0000000080004008 (0x00002c17) x24 0x0000000080006008
core   0: 0x000000008000400c (0x058c0c13) addi    s8, s8, 88
core   0: 3 0x000000008000400c (0x058c0c13) x24 0x0000000080006060
core   0: 0x0000000080004010 (0x000c00e7) jalr    s8
core   0: 3 0x0000000080004010 (0x000c00e7) x1  0x0000000080004014
core   0: >>>>  any_handler
core   0: 0x0000000080006060 (0x341027f3) csrrs   a5, mepc, zero
core   0: 3 0x0000000080006060 (0x341027f3) x15 0x0000000080005ca2
core   0: 0x0000000080006064 (0x34202773) csrrs   a4, mcause, zero
core   0: 3 0x0000000080006064 (0x34202773) x14 0x0000000000000002
core   0: 0x0000000080006068 (0x142026f3) csrrs   a3, scause, zero
core   0: 3 0x0000000080006068 (0x142026f3) x13 0x0000000000000000
core   0: 0x000000008000606c (0x30402673) csrrs   a2, mie, zero
core   0: 3 0x000000008000606c (0x30402673) x12 0x0000000000000a00
core   0: 0x0000000080006070 (0x344025f3) csrrs   a1, mip, zero
core   0: 3 0x0000000080006070 (0x344025f3) x11 0x0000000000000080
core   0: 0x0000000080006074 (0x343025f3) csrrs   a1, mtval, zero
core   0: 3 0x0000000080006074 (0x343025f3) x11 0x00000000d035f1d3
core   0: 0x0000000080006078 (0x14302573) csrrs   a0, stval, zero
core   0: 3 0x0000000080006078 (0x14302573) x10 0x0000000000000000
core   0: 0x000000008000607c (0xb02024f3) csrrs   s1, minstret, zero
core   0: 3 0x000000008000607c (0xb02024f3) x9  0x00000000000011bf
core   0: 0x0000000080006080 (0x0000a811) c.j     pc + 20
core   0: 3 0x0000000080006080 (0xa811)
core   0: >>>>  mepc_4
core   0: 0x0000000080006094 (0x00000791) c.addi  a5, 4
core   0: 3 0x0000000080006094 (0x0791) x15 0x0000000080005ca6
core   0: 0x0000000080006096 (0x34179073) csrrw   zero, mepc, a5
core   0: 3 0x0000000080006096 (0x34179073) c833_mepc 0x0000000080005ca6
core   0: 0x000000008000609a (0x30200073) mret
core   0: 3 0x000000008000609a (0x30200073) c768_mstatus 0x8000000a00106080
core   0: 0x0000000080005ca6 (0x22b586d3) fsgnj.d fa3, fa1, fa1
core   0: 1 0x0000000080005ca6 (0x22b586d3) f13 0x41dbe8b6e0000000
core   0: 0x0000000080005caa (0x419b5b3b) sraw    s6, s6, s9
core   0: 1 0x0000000080005caa (0x419b5b3b) x22 0x000000006fa2db79
core   0: 0x0000000080005cae (0xcc8b0a1b) addiw   s4, s6, -824
core   0: 1 0x0000000080005cae (0xcc8b0a1b) x20 0x000000006fa2d841
core   0: 0x0000000080005cb2 (0x00202873) csrrs   a6, frm, zero
core   0: 1 0x0000000080005cb2 (0x00202873) x16 0x0000000000000007
core   0: 0x0000000080005cb6 (0x41605013) srai    zero, zero, 22
core   0: 1 0x0000000080005cb6 (0x41605013)
core   0: 0x0000000080005cba (0x410b57bb) sraw    a5, s6, a6
core   0: 1 0x0000000080005cba (0x410b57bb) x15 0x0000000000df45b6
core   0: 0x0000000080005cbe (0x0113d137) lui     sp, 0x113d
core   0: 1 0x0000000080005cbe (0x0113d137) x2  0x000000000113d000
core   0: 0x0000000080005cc2 (0x16d1011b) addiw   sp, sp, 365
core   0: 1 0x0000000080005cc2 (0x16d1011b) x2  0x000000000113d16d
core   0: 0x0000000080005cc6 (0x00000136) c.slli  sp, 13
core   0: 1 0x0000000080005cc6 (0x0136) x2  0x000000227a2da000
core   0: 0x0000000080005cc8 (0xe3c10113) addi    sp, sp, -452
core   0: 1 0x0000000080005cc8 (0xe3c10113) x2  0x000000227a2d9e3c
core   0: 0x0000000080005ccc (0x002a1b73) csrrw   s6, frm, s4
core   0: 1 0x0000000080005ccc (0x002a1b73) x22 0x0000000000000007 c2_frm 0x0000000000000001
core   0: 0x0000000080005cd0 (0x02711013) slli    zero, sp, 39
core   0: 1 0x0000000080005cd0 (0x02711013)
core   0: 0x0000000080005cd4 (0xe20081d3) fmv.x.d gp, ft1
core   0: 1 0x0000000080005cd4 (0xe20081d3) x3  0xffffffff00000000
core   0: 0x0000000080005cd8 (0x023dd83b) divuw   a6, s11, gp
core   0: 1 0x0000000080005cd8 (0x023dd83b) x16 0xffffffffffffffff
core   0: 0x0000000080005cdc (0x02607933) remu    s2, zero, t1
core   0: 1 0x0000000080005cdc (0x02607933) x18 0x0000000000000000
core   0: 0x0000000080005ce0 (0xaed94393) xori    t2, s2, -1299
core   0: 1 0x0000000080005ce0 (0xaed94393) x7  0xfffffffffffffaed
core   0: 0x0000000080005ce4 (0x00b3e1b3) or      gp, t2, a1
core   0: 1 0x0000000080005ce4 (0x00b3e1b3) x3  0xfffffffffffffbff
core   0: 0x0000000080005ce8 (0x0ff0000f) fence   iorw,iorw
core   0: 1 0x0000000080005ce8 (0x0ff0000f)
core   0: 0x0000000080005cec (0x00db8bbb) addw    s7, s7, a3
core   0: 1 0x0000000080005cec (0x00db8bbb) x23 0x0000000000000000
core   0: 0x0000000080005cf0 (0x2267a8d3) fsgnjx.d fa7, fa5, ft6
core   0: 1 0x0000000080005cf0 (0x2267a8d3) f17 0xfff8000000000000
core   0: 0x0000000080005cf4 (0xd239f253) fcvt.d.lu ft4, s3
core   0: 1 0x0000000080005cf4 (0xd239f253) f4  0x0000000000000000
core   0: 0x0000000080005cf8 (0x0187573b) srlw    a4, a4, s8
core   0: 1 0x0000000080005cf8 (0x0187573b) x14 0x0000000000000002
core   0: 0x0000000080005cfc (0x5a05f853) fsqrt.d fa6, fa1
core   0: 1 0x0000000080005cfc (0x5a05f853) c1_fflags 0x0000000000000011 f16 0x40e521b0bcb2ce9d
core   0: 0x0000000080005d00 (0x40c459bb) sraw    s3, s0, a2
core   0: 1 0x0000000080005d00 (0x40c459bb) x19 0x0000000046300818
core   0: 0x0000000080005d04 (0xc2317853) fcvt.lu.d a6, ft2
core   0: 1 0x0000000080005d04 (0xc2317853) c1_fflags 0x0000000000000011 x16 0x0000000000000000
core   0: 0x0000000080005d08 (0x01f81d9b) slliw   s11, a6, 31
core   0: 1 0x0000000080005d08 (0x01f81d9b) x27 0x0000000000000000
core   0: 0x0000000080005d0c (0xf2068c53) fmv.d.x fs8, a3
core   0: 1 0x0000000080005d0c (0xf2068c53) f24 0x0000000000000000
core   0: 0x0000000080005d10 (0x00647633) and     a2, s0, t1
core   0: 1 0x0000000080005d10 (0x00647633) x12 0x0000000046300818
core   0: 0x0000000080005d14 (0xfd50b237) lui     tp, 0xfd50b
core   0: 1 0x0000000080005d14 (0xfd50b237) x4  0xfffffffffd50b000
core   0: 0x0000000080005d18 (0xc5d2021b) addiw   tp, tp, -931
core   0: 1 0x0000000080005d18 (0xc5d2021b) x4  0xfffffffffd50ac5d
core   0: 0x0000000080005d1c (0x00000232) c.slli  tp, 12
core   0: 1 0x0000000080005d1c (0x0232) x4  0xffffffd50ac5d000
core   0: 0x0000000080005d1e (0xd1220213) addi    tp, tp, -750
core   0: 1 0x0000000080005d1e (0xd1220213) x4  0xffffffd50ac5cd12
core   0: 0x0000000080005d22 (0x000a589b) srliw   a7, s4, 0
core   0: 1 0x0000000080005d22 (0x000a589b) x17 0x000000006fa2d841
core   0: 0x0000000080005d26 (0xc21bfb53) fcvt.wu.d s6, fs7
core   0: 1 0x0000000080005d26 (0xc21bfb53) x22 0x000000004a86a7c8
core   0: 0x0000000080005d2a (0x0273ed3b) remw    s10, t2, t2
core   0: 1 0x0000000080005d2a (0x0273ed3b) x26 0x0000000000000000
core   0: 0x0000000080005d2e (0x837a7747) fmsub.d fa4, fs4, fs7, fa6
core   0: 1 0x0000000080005d2e (0x837a7747) f14 0x7ff8000000000000
core   0: 0x0000000080005d32 (0x0269e5bb) remw    a1, s3, t1
core   0: 1 0x0000000080005d32 (0x0269e5bb) x11 0x0000000046300818
core   0: 0x0000000080005d36 (0x0081dc33) srl     s8, gp, s0
core   0: 1 0x0000000080005d36 (0x0081dc33) x24 0x000000ffffffffff
core   0: 0x0000000080005d3a (0xfeca54b7) lui     s1, 0xfeca5
core   0: 1 0x0000000080005d3a (0xfeca54b7) x9  0xfffffffffeca5000
core   0: 0x0000000080005d3e (0x46b4849b) addiw   s1, s1, 1131
core   0: 1 0x0000000080005d3e (0x46b4849b) x9  0xfffffffffeca546b
core   0: 0x0000000080005d42 (0x000004b6) c.slli  s1, 13
core   0: 1 0x0000000080005d42 (0x04b6) x9  0xffffffd94a8d6000
core   0: 0x0000000080005d44 (0x000004e5) c.addi  s1, 25
core   0: 1 0x0000000080005d44 (0x04e5) x9  0xffffffd94a8d6019
core   0: 0x0000000080005d46 (0xbb476937) lui     s2, 0xbb476
core   0: 1 0x0000000080005d46 (0xbb476937) x18 0xffffffffbb476000
core   0: 0x0000000080005d4a (0xd03971d3) fcvt.s.lu ft3, s2
core   0: 1 0x0000000080005d4a (0xd03971d3) c1_fflags 0x0000000000000011 f3  0xffffffff5f7fffff
core   0: 0x0000000080005d4e (0x80090d1b) addiw   s10, s2, -2048
core   0: 1 0x0000000080005d4e (0x80090d1b) x26 0xffffffffbb475800
core   0: 0x0000000080005d52 (0xd02dfdd3) fcvt.s.l fs11, s11
core   0: 1 0x0000000080005d52 (0xd02dfdd3) f27 0xffffffff00000000
core   0: 0x0000000080005d56 (0x004aeab3) or      s5, s5, tp
core   0: 1 0x0000000080005d56 (0x004aeab3) x21 0xffffffff8ac5cd12
core   0: 0x0000000080005d5a (0x41005033) sra     zero, zero, a6
core   0: 1 0x0000000080005d5a (0x41005033)
core   0: 0x0000000080005d5e (0x037869bb) remw    s3, a6, s7
core   0: 1 0x0000000080005d5e (0x037869bb) x19 0x0000000000000000
core   0: 0x0000000080005d62 (0xa30d82d3) fle.d   t0, fs11, fa6
core   0: 1 0x0000000080005d62 (0xa30d82d3) c1_fflags 0x0000000000000011 x5  0x0000000000000000
core   0: 0x0000000080005d66 (0x01bd96bb) sllw    a3, s11, s11
core   0: 1 0x0000000080005d66 (0x01bd96bb) x13 0x0000000000000000
core   0: 0x0000000080005d6a (0x40bd55b3) sra     a1, s10, a1
core   0: 1 0x0000000080005d6a (0x40bd55b3) x11 0xffffffffffffffbb
core   0: 0x0000000080005d6e (0x1bedf2d3) fdiv.d  ft5, fs11, ft10
core   0: 1 0x0000000080005d6e (0x1bedf2d3) f5  0x7ff8000000000000
core   0: 0x0000000080005d72 (0x4015d19b) sraiw   gp, a1, 1
core   0: 1 0x0000000080005d72 (0x4015d19b) x3  0xffffffffffffffdd
core   0: 0x0000000080005d76 (0x4010501b) sraiw   zero, zero, 1
core   0: 1 0x0000000080005d76 (0x4010501b)
core   0: 0x0000000080005d7a (0x41d05433) sra     s0, zero, t4
core   0: 1 0x0000000080005d7a (0x41d05433) x8  0x0000000000000000
core   0: 0x0000000080005d7e (0x002e9773) csrrw   a4, frm, t4
core   0: 1 0x0000000080005d7e (0x002e9773) x14 0x0000000000000001 c2_frm 0x0000000000000000
core   0: 0x0000000080005d82 (0x40175413) srai    s0, a4, 1
core   0: 1 0x0000000080005d82 (0x40175413) x8  0x0000000000000000
core   0: 0x0000000080005d86 (0x01bee033) or      zero, t4, s11
core   0: 1 0x0000000080005d86 (0x01bee033)
core   0: 0x0000000080005d8a (0x001b071b) addiw   a4, s6, 1
core   0: 1 0x0000000080005d8a (0x001b071b) x14 0x000000004a86a7c9
core   0: 0x0000000080005d8e (0xb3804c93) xori    s9, zero, -1224
core   0: 1 0x0000000080005d8e (0xb3804c93) x25 0xfffffffffffffb38
core   0: 0x0000000080005d92 (0x00000001) c.nop
core   0: 1 0x0000000080005d92 (0x0001)
core   0: 0x0000000080005d94 (0x402c88bb) subw    a7, s9, sp
core   0: 1 0x0000000080005d94 (0x402c88bb) x17 0xffffffff85d25cfc
core   0: 0x0000000080005d98 (0x0071dabb) srlw    s5, gp, t2
core   0: 1 0x0000000080005d98 (0x0071dabb) x21 0x000000000007ffff
core   0: 0x0000000080005d9c (0x02e983bb) mulw    t2, s3, a4
core   0: 1 0x0000000080005d9c (0x02e983bb) x7  0x0000000000000000
core   0: 0x0000000080005da0 (0x01ae0d3b) addw    s10, t3, s10
core   0: 1 0x0000000080005da0 (0x01ae0d3b) x26 0x000000003b479e53
core   0: 0x0000000080005da4 (0x3432e573) csrrsi  a0, mtval, 5
core   0: exception trap_illegal_instruction, epc 0x0000000080005da4
core   0:           tval 0x000000003432e573
core   0: >>>>  $xrv64i2p1_m2p0_a2p1_f2p2_d2p2_zicsr2p0_zifencei2p0_zmmul1p0_zba1p0_zbb1p0_zbc1p0_zbs1p0
core   0: 0x0000000080004000 (0x0080006f) j       pc + 0x8
core   0: 3 0x0000000080004000 (0x0080006f)
core   0: >>>>  mmode_exception_handler
core   0: 0x0000000080004008 (0x00002c17) auipc   s8, 0x2
core   0: 3 0x0000000080004008 (0x00002c17) x24 0x0000000080006008
core   0: 0x000000008000400c (0x058c0c13) addi    s8, s8, 88
core   0: 3 0x000000008000400c (0x058c0c13) x24 0x0000000080006060
core   0: 0x0000000080004010 (0x000c00e7) jalr    s8
core   0: 3 0x0000000080004010 (0x000c00e7) x1  0x0000000080004014
core   0: >>>>  any_handler
core   0: 0x0000000080006060 (0x341027f3) csrrs   a5, mepc, zero
core   0: 3 0x0000000080006060 (0x341027f3) x15 0x0000000080005da4
core   0: 0x0000000080006064 (0x34202773) csrrs   a4, mcause, zero
core   0: 3 0x0000000080006064 (0x34202773) x14 0x0000000000000002
core   0: 0x0000000080006068 (0x142026f3) csrrs   a3, scause, zero
core   0: 3 0x0000000080006068 (0x142026f3) x13 0x0000000000000000
core   0: 0x000000008000606c (0x30402673) csrrs   a2, mie, zero
core   0: 3 0x000000008000606c (0x30402673) x12 0x0000000000000a00
core   0: 0x0000000080006070 (0x344025f3) csrrs   a1, mip, zero
core   0: 3 0x0000000080006070 (0x344025f3) x11 0x0000000000000080
core   0: 0x0000000080006074 (0x343025f3) csrrs   a1, mtval, zero
core   0: 3 0x0000000080006074 (0x343025f3) x11 0x000000003432e573
core   0: 0x0000000080006078 (0x14302573) csrrs   a0, stval, zero
core   0: 3 0x0000000080006078 (0x14302573) x10 0x0000000000000000
core   0: 0x000000008000607c (0xb02024f3) csrrs   s1, minstret, zero
core   0: 3 0x000000008000607c (0xb02024f3) x9  0x0000000000001211
core   0: 0x0000000080006080 (0x0000a811) c.j     pc + 20
core   0: 3 0x0000000080006080 (0xa811)
core   0: >>>>  mepc_4
core   0: 0x0000000080006094 (0x00000791) c.addi  a5, 4
core   0: 3 0x0000000080006094 (0x0791) x15 0x0000000080005da8
core   0: 0x0000000080006096 (0x34179073) csrrw   zero, mepc, a5
core   0: 3 0x0000000080006096 (0x34179073) c833_mepc 0x0000000080005da8
core   0: 0x000000008000609a (0x30200073) mret
core   0: 3 0x000000008000609a (0x30200073) c768_mstatus 0x8000000a00106080
core   0: 0x0000000080005da8 (0x7255f5cf) fnmadd.d fa1, fa1, ft5, fa4
core   0: 1 0x0000000080005da8 (0x7255f5cf) f11 0x7ff8000000000000
core   0: 0x0000000080005dac (0x00202cf3) csrrs   s9, frm, zero
core   0: 1 0x0000000080005dac (0x00202cf3) x25 0x0000000000000000
core   0: 0x0000000080005db0 (0x5a01f353) fsqrt.d ft6, ft3
core   0: 1 0x0000000080005db0 (0x5a01f353) f6  0x7ff8000000000000
core   0: 0x0000000080005db4 (0x019d23b3) slt     t2, s10, s9
core   0: 1 0x0000000080005db4 (0x019d23b3) x7  0x0000000000000000
core   0: 0x0000000080005db8 (0xa2e70053) fle.d   zero, fa4, fa4
core   0: 1 0x0000000080005db8 (0xa2e70053) c1_fflags 0x0000000000000011
core   0: 0x0000000080005dbc (0x10012ef3) csrrs   t4, sstatus, sp
core   0: 1 0x0000000080005dbc (0x10012ef3) x29 0x8000000200006000 c768_mstatus 0x8000000a001c60a0
core   0: 0x0000000080005dc0 (0xc211fd53) fcvt.wu.d s10, ft3
core   0: 1 0x0000000080005dc0 (0xc211fd53) c1_fflags 0x0000000000000011 x26 0xffffffffffffffff
core   0: 0x0000000080005dc4 (0x0344e23b) remw    tp, s1, s4
core   0: 1 0x0000000080005dc4 (0x0344e23b) x4  0x0000000000001211
core   0: 0x0000000080005dc8 (0x003641b3) xor     gp, a2, gp
core   0: 1 0x0000000080005dc8 (0x003641b3) x3  0xfffffffffffff5dd
core   0: 0x0000000080005dcc (0x014a16b3) sll     a3, s4, s4
core   0: 1 0x0000000080005dcc (0x014a16b3) x13 0x00000000df45b082
core   0: 0x0000000080005dd0 (0x00141df3) csrrw   s11, fflags, s0
core   0: 1 0x0000000080005dd0 (0x00141df3) x27 0x0000000000000011 c1_fflags 0x0000000000000000
core   0: 0x0000000080005dd4 (0x4013dc13) srai    s8, t2, 1
core   0: 1 0x0000000080005dd4 (0x4013dc13) x24 0x0000000000000000
core   0: 0x0000000080005dd8 (0x82380293) addi    t0, a6, -2013
core   0: 1 0x0000000080005dd8 (0x82380293) x5  0xfffffffffffff823
core   0: 0x0000000080005ddc (0x03ce31b3) mulhu   gp, t3, t3
core   0: 1 0x0000000080005ddc (0x03ce31b3) x3  0x0000000000000000
core   0: 0x0000000080005de0 (0xc06457f3) csrrwi  a5, hpmcounter6, 8
core   0: exception trap_illegal_instruction, epc 0x0000000080005de0
core   0:           tval 0x00000000c06457f3
core   0: >>>>  $xrv64i2p1_m2p0_a2p1_f2p2_d2p2_zicsr2p0_zifencei2p0_zmmul1p0_zba1p0_zbb1p0_zbc1p0_zbs1p0
core   0: 0x0000000080004000 (0x0080006f) j       pc + 0x8
core   0: 3 0x0000000080004000 (0x0080006f)
core   0: >>>>  mmode_exception_handler
core   0: 0x0000000080004008 (0x00002c17) auipc   s8, 0x2
core   0: 3 0x0000000080004008 (0x00002c17) x24 0x0000000080006008
core   0: 0x000000008000400c (0x058c0c13) addi    s8, s8, 88
core   0: 3 0x000000008000400c (0x058c0c13) x24 0x0000000080006060
core   0: 0x0000000080004010 (0x000c00e7) jalr    s8
core   0: 3 0x0000000080004010 (0x000c00e7) x1  0x0000000080004014
core   0: >>>>  any_handler
core   0: 0x0000000080006060 (0x341027f3) csrrs   a5, mepc, zero
core   0: 3 0x0000000080006060 (0x341027f3) x15 0x0000000080005de0
core   0: 0x0000000080006064 (0x34202773) csrrs   a4, mcause, zero
core   0: 3 0x0000000080006064 (0x34202773) x14 0x0000000000000002
core   0: 0x0000000080006068 (0x142026f3) csrrs   a3, scause, zero
core   0: 3 0x0000000080006068 (0x142026f3) x13 0x0000000000000000
core   0: 0x000000008000606c (0x30402673) csrrs   a2, mie, zero
core   0: 3 0x000000008000606c (0x30402673) x12 0x0000000000000a00
core   0: 0x0000000080006070 (0x344025f3) csrrs   a1, mip, zero
core   0: 3 0x0000000080006070 (0x344025f3) x11 0x0000000000000080
core   0: 0x0000000080006074 (0x343025f3) csrrs   a1, mtval, zero
core   0: 3 0x0000000080006074 (0x343025f3) x11 0x00000000c06457f3
core   0: 0x0000000080006078 (0x14302573) csrrs   a0, stval, zero
core   0: 3 0x0000000080006078 (0x14302573) x10 0x0000000000000000
core   0: 0x000000008000607c (0xb02024f3) csrrs   s1, minstret, zero
core   0: 3 0x000000008000607c (0xb02024f3) x9  0x000000000000122f
core   0: 0x0000000080006080 (0x0000a811) c.j     pc + 20
core   0: 3 0x0000000080006080 (0xa811)
core   0: >>>>  mepc_4
core   0: 0x0000000080006094 (0x00000791) c.addi  a5, 4
core   0: 3 0x0000000080006094 (0x0791) x15 0x0000000080005de4
core   0: 0x0000000080006096 (0x34179073) csrrw   zero, mepc, a5
core   0: 3 0x0000000080006096 (0x34179073) c833_mepc 0x0000000080005de4
core   0: 0x000000008000609a (0x30200073) mret
core   0: 3 0x000000008000609a (0x30200073) c768_mstatus 0x8000000a001c60a0
core   0: 0x0000000080005de4 (0x02378333) mul     t1, a5, gp
core   0: 1 0x0000000080005de4 (0x02378333) x6  0x0000000000000000
core   0: 0x0000000080005de8 (0x001a901b) slliw   zero, s5, 1
core   0: 1 0x0000000080005de8 (0x001a901b)
core   0: 0x0000000080005dec (0x4008d49b) sraiw   s1, a7, 0
core   0: 1 0x0000000080005dec (0x4008d49b) x9  0xffffffff85d25cfc
core   0: 0x0000000080005df0 (0x800c6993) ori     s3, s8, -2048
core   0: 1 0x0000000080005df0 (0x800c6993) x19 0xfffffffffffff860
core   0: 0x0000000080005df4 (0x3005d797) auipc   a5, 0x3005d
core   0: 1 0x0000000080005df4 (0x3005d797) x15 0x00000000b0062df4
core   0: 0x0000000080005df8 (0x008181bb) addw    gp, gp, s0
core   0: 1 0x0000000080005df8 (0x008181bb) x3  0x0000000000000000
core   0: 0x0000000080005dfc (0xff289c37) lui     s8, 0xff289
core   0: 1 0x0000000080005dfc (0xff289c37) x24 0xffffffffff289000
core   0: 0x0000000080005e00 (0x1a9c0c1b) addiw   s8, s8, 425
core   0: 1 0x0000000080005e00 (0x1a9c0c1b) x24 0xffffffffff2891a9
core   0: 0x0000000080005e04 (0x00000c32) c.slli  s8, 12
core   0: 1 0x0000000080005e04 (0x0c32) x24 0xfffffff2891a9000
core   0: 0x0000000080005e06 (0x611c0c13) addi    s8, s8, 1553
core   0: 1 0x0000000080005e06 (0x611c0c13) x24 0xfffffff2891a9611
core   0: 0x0000000080005e0a (0x000a5b93) srli    s7, s4, 0
core   0: 1 0x0000000080005e0a (0x000a5b93) x23 0x000000006fa2d841
core   0: 0x0000000080005e0e (0x8231fe13) andi    t3, gp, -2013
core   0: 1 0x0000000080005e0e (0x8231fe13) x28 0x0000000000000000
core   0: 0x0000000080005e12 (0x038e643b) remw    s0, t3, s8
core   0: 1 0x0000000080005e12 (0x038e643b) x8  0x0000000000000000
core   0: 0x0000000080005e16 (0x017bd6bb) srlw    a3, s7, s7
core   0: 1 0x0000000080005e16 (0x017bd6bb) x13 0x0000000037d16c20
core   0: 0x0000000080005e1a (0x00102073) csrrs   zero, fflags, zero
core   0: 1 0x0000000080005e1a (0x00102073)
core   0: 0x0000000080005e1e (0x007510b3) sll     ra, a0, t2
core   0: 1 0x0000000080005e1e (0x007510b3) x1  0x0000000000000000
core   0: 0x0000000080005e22 (0xa2bc0053) fle.d   zero, fs8, fa1
core   0: 1 0x0000000080005e22 (0xa2bc0053) c1_fflags 0x0000000000000010
core   0: 0x0000000080005e26 (0x2a4383d3) fmin.d  ft7, ft7, ft4
core   0: 1 0x0000000080005e26 (0x2a4383d3) f7  0x0000000000000000
core   0: 0x0000000080005e2a (0x00001493) slli    s1, zero, 0
core   0: 1 0x0000000080005e2a (0x00001493) x9  0x0000000000000000
core   0: 0x0000000080005e2e (0x01284933) xor     s2, a6, s2
core   0: 1 0x0000000080005e2e (0x01284933) x18 0xffffffffbb476000
core   0: 0x0000000080005e32 (0xc033fe53) fcvt.lu.s t3, ft7
core   0: 1 0x0000000080005e32 (0xc033fe53) c1_fflags 0x0000000000000010 x28 0xffffffffffffffff
core   0: 0x0000000080005e36 (0xd03a7a53) fcvt.s.lu fs4, s4
core   0: 1 0x0000000080005e36 (0xd03a7a53) c1_fflags 0x0000000000000011 f20 0xffffffff4edf45b1
core   0: 0x0000000080005e3a (0x1af974d3) fdiv.d  fs1, fs2, fa5
core   0: 1 0x0000000080005e3a (0x1af974d3) f9  0x7ff8000000000000
core   0: 0x0000000080005e3e (0x02f277d3) fadd.d  fa5, ft4, fa5
core   0: 1 0x0000000080005e3e (0x02f277d3) f15 0x7ff8000000000000
core   0: 0x0000000080005e42 (0x00000001) c.nop
core   0: 1 0x0000000080005e42 (0x0001)
core   0: 0x0000000080005e44 (0x0011f9b3) and     s3, gp, ra
core   0: 1 0x0000000080005e44 (0x0011f9b3) x19 0x0000000000000000
core   0: 0x0000000080005e48 (0x410b0bb3) sub     s7, s6, a6
core   0: 1 0x0000000080005e48 (0x410b0bb3) x23 0x000000004a86a7c8
core   0: 0x0000000080005e4c (0x0070909b) slliw   ra, ra, 7
core   0: 1 0x0000000080005e4c (0x0070909b) x1  0x0000000000000000
core   0: 0x0000000080005e50 (0xc024f2d3) fcvt.l.s t0, fs1
core   0: 1 0x0000000080005e50 (0xc024f2d3) c1_fflags 0x0000000000000011 x5  0x7fffffffffffffff
core   0: 0x0000000080005e54 (0x41935cb3) sra     s9, t1, s9
core   0: 1 0x0000000080005e54 (0x41935cb3) x25 0x0000000000000000
core   0: 0x0000000080005e58 (0x5a0cfcd3) fsqrt.d fs9, fs9
core   0: 1 0x0000000080005e58 (0x5a0cfcd3) f25 0x7ff8000000000000
core   0: 0x0000000080005e5c (0x00d3c3b3) xor     t2, t2, a3
core   0: 1 0x0000000080005e5c (0x00d3c3b3) x7  0x0000000037d16c20
core   0: 0x0000000080005e60 (0x027e3db3) mulhu   s11, t3, t2
core   0: 1 0x0000000080005e60 (0x027e3db3) x27 0x0000000037d16c1f
core   0: 0x0000000080005e64 (0x01896233) or      tp, s2, s8
core   0: 1 0x0000000080005e64 (0x01896233) x4  0xffffffffbb5ff611
core   0: 0x0000000080005e68 (0x0292443b) divw    s0, tp, s1
core   0: 1 0x0000000080005e68 (0x0292443b) x8  0xffffffffffffffff
core   0: 0x0000000080005e6c (0xd2118453) fcvt.d.wu fs0, gp
core   0: 1 0x0000000080005e6c (0xd2118453) f8  0x0000000000000000
core   0: 0x0000000080005e70 (0x003e0633) add     a2, t3, gp
core   0: 1 0x0000000080005e70 (0x003e0633) x12 0xffffffffffffffff
core   0: 0x0000000080005e74 (0xa430db17) auipc   s6, 0xa430d
core   0: 1 0x0000000080005e74 (0xa430db17) x22 0x0000000024312e74
core   0: 0x0000000080005e78 (0x0ff0000f) fence   iorw,iorw
core   0: 1 0x0000000080005e78 (0x0ff0000f)
core   0: 0x0000000080005e7c (0xb8558e17) auipc   t3, 0xb8558
core   0: 1 0x0000000080005e7c (0xb8558e17) x28 0x000000003855de7c
core   0: 0x0000000080005e80 (0xd2297653) fcvt.d.l fa2, s2
core   0: 1 0x0000000080005e80 (0xd2297653) f12 0xc1d12e2800000000
core   0: 0x0000000080005e84 (0x0078d5b3) srl     a1, a7, t2
core   0: 1 0x0000000080005e84 (0x0078d5b3) x11 0x00000000ffffffff
core   0: 0x0000000080005e88 (0x01450ab3) add     s5, a0, s4
core   0: 1 0x0000000080005e88 (0x01450ab3) x21 0x000000006fa2d841
core   0: 0x0000000080005e8c (0x2ab41dd3) fmax.d  fs11, fs0, fa1
core   0: 1 0x0000000080005e8c (0x2ab41dd3) f27 0x0000000000000000
core   0: 0x0000000080005e90 (0xe20d8553) fmv.x.d a0, fs11
core   0: 1 0x0000000080005e90 (0xe20d8553) x10 0x0000000000000000
core   0: 0x0000000080005e94 (0xe13ef793) andi    a5, t4, -493
core   0: 1 0x0000000080005e94 (0xe13ef793) x15 0x8000000200006000
core   0: 0x0000000080005e98 (0x0115073b) addw    a4, a0, a7
core   0: 1 0x0000000080005e98 (0x0115073b) x14 0xffffffff85d25cfc
core   0: 0x0000000080005e9c (0x00000001) c.nop
core   0: 1 0x0000000080005e9c (0x0001)
core   0: 0x0000000080005e9e (0xdbd5fecb) fnmsub.d ft9, fa1, ft9, fs11
core   0: 1 0x0000000080005e9e (0xdbd5fecb) f29 0x7ff8000000000000
core   0: 0x0000000080005ea2 (0x0ff0000f) fence   iorw,iorw
core   0: 1 0x0000000080005ea2 (0x0ff0000f)
core   0: 0x0000000080005ea6 (0x00000001) c.nop
core   0: 1 0x0000000080005ea6 (0x0001)
core   0: 0x0000000080005ea8 (0x43f55493) srai    s1, a0, 63
core   0: 1 0x0000000080005ea8 (0x43f55493) x9  0x0000000000000000
core   0: 0x0000000080005eac (0x23d4a253) fsgnjx.d ft4, fs1, ft9
core   0: 1 0x0000000080005eac (0x23d4a253) f4  0x7ff8000000000000
core   0: 0x0000000080005eb0 (0x02b7c93b) divw    s2, a5, a1
core   0: 1 0x0000000080005eb0 (0x02b7c93b) x18 0xffffffffffffa000
core   0: 0x0000000080005eb4 (0x41598abb) subw    s5, s3, s5
core   0: 1 0x0000000080005eb4 (0x41598abb) x21 0xffffffff905d27bf
core   0: 0x0000000080005eb8 (0x1b0efbd3) fdiv.d  fs7, ft9, fa6
core   0: 1 0x0000000080005eb8 (0x1b0efbd3) f23 0x7ff8000000000000
core   0: 0x0000000080005ebc (0x401670d3) fcvt.s.d ft1, fa2
core   0: 1 0x0000000080005ebc (0x401670d3) f1  0xffffffffce897140
core   0: 0x0000000080005ec0 (0x0329b933) mulhu   s2, s3, s2
core   0: 1 0x0000000080005ec0 (0x0329b933) x18 0x0000000000000000
core   0: 0x0000000080005ec4 (0x00000001) c.nop
core   0: 1 0x0000000080005ec4 (0x0001)
core   0: 0x0000000080005ec6 (0xf2000c53) fmv.d.x fs8, zero
core   0: 1 0x0000000080005ec6 (0xf2000c53) f24 0x0000000000000000
core   0: 0x0000000080005eca (0x0ff0000f) fence   iorw,iorw
core   0: 1 0x0000000080005eca (0x0ff0000f)
core   0: 0x0000000080005ece (0x0289603b) remw    zero, s2, s0
core   0: 1 0x0000000080005ece (0x0289603b)
core   0: 0x0000000080005ed2 (0xc026f5d3) fcvt.l.s a1, fa3
core   0: 1 0x0000000080005ed2 (0xc026f5d3) c1_fflags 0x0000000000000011 x11 0x7fffffffffffffff
core   0: 0x0000000080005ed6 (0x00125093) srli    ra, tp, 1
core   0: 1 0x0000000080005ed6 (0x00125093) x1  0x7fffffffddaffb08
core   0: 0x0000000080005eda (0x01236033) or      zero, t1, s2
core   0: 1 0x0000000080005eda (0x01236033)
core   0: 0x0000000080005ede (0xc0367cd3) fcvt.lu.s s9, fa2
core   0: 1 0x0000000080005ede (0xc0367cd3) c1_fflags 0x0000000000000011 x25 0xffffffffffffffff
core   0: 0x0000000080005ee2 (0x2ad09cd3) fmax.d  fs9, ft1, fa3
core   0: 1 0x0000000080005ee2 (0x2ad09cd3) f25 0x41dbe8b6e0000000
core   0: 0x0000000080005ee6 (0x01700c3b) addw    s8, zero, s7
core   0: 1 0x0000000080005ee6 (0x01700c3b) x24 0x000000004a86a7c8
core   0: 0x0000000080005eea (0x13be7053) fmul.d  ft0, ft8, fs11
core   0: 1 0x0000000080005eea (0x13be7053) f0  0x0000000000000000
core   0: 0x0000000080005eee (0x415cdb1b) sraiw   s6, s9, 21
core   0: 1 0x0000000080005eee (0x415cdb1b) x22 0xffffffffffffffff
core   0: 0x0000000080005ef2 (0x03f35a93) srli    s5, t1, 63
core   0: 1 0x0000000080005ef2 (0x03f35a93) x21 0x0000000000000000
core   0: 0x0000000080005ef6 (0x00426833) or      a6, tp, tp
core   0: 1 0x0000000080005ef6 (0x00426833) x16 0xffffffffbb5ff611
core   0: 0x0000000080005efa (0x0102f2b3) and     t0, t0, a6
core   0: 1 0x0000000080005efa (0x0102f2b3) x5  0x7fffffffbb5ff611
core   0: 0x0000000080005efe (0x2bc01153) fmax.d  ft2, ft0, ft8
core   0: 1 0x0000000080005efe (0x2bc01153) f2  0x0000000006402fbe
core   0: 0x0000000080005f02 (0x00000001) c.nop
core   0: 1 0x0000000080005f02 (0x0001)
core   0: 0x0000000080005f04 (0x002025f3) csrrs   a1, frm, zero
core   0: 1 0x0000000080005f04 (0x002025f3) x11 0x0000000000000000
core   0: 0x0000000080005f08 (0x01ba4cb3) xor     s9, s4, s11
core   0: 1 0x0000000080005f08 (0x01ba4cb3) x25 0x000000005873b45e
core   0: 0x0000000080005f0c (0x019a5b3b) srlw    s6, s4, s9
core   0: 1 0x0000000080005f0c (0x019a5b3b) x22 0x0000000000000001
core   0: 0x0000000080005f10 (0xc20cf153) fcvt.w.d sp, fs9
core   0: 1 0x0000000080005f10 (0xc20cf153) x2  0x000000006fa2db80
core   0: 0x0000000080005f14 (0x001113f3) csrrw   t2, fflags, sp
core   0: 1 0x0000000080005f14 (0x001113f3) x7  0x0000000000000011 c1_fflags 0x0000000000000000
core   0: 0x0000000080005f18 (0x2ba09fd3) fmax.d  ft11, ft1, fs10
core   0: 1 0x0000000080005f18 (0x2ba09fd3) f31 0x8000000006402fbe
core   0: 0x0000000080005f1c (0x02d3d9b3) divu    s3, t2, a3
core   0: 1 0x0000000080005f1c (0x02d3d9b3) x19 0x0000000000000000
core   0: 0x0000000080005f20 (0xd0307f53) fcvt.s.lu ft10, zero
core   0: 1 0x0000000080005f20 (0xd0307f53) f30 0xffffffff00000000
core   0: 0x0000000080005f24 (0x00202e73) csrrs   t3, frm, zero
core   0: 1 0x0000000080005f24 (0x00202e73) x28 0x0000000000000000
core   0: 0x0000000080005f28 (0x00000001) c.nop
core   0: 1 0x0000000080005f28 (0x0001)
core   0: 0x0000000080005f2a (0x3ee85637) lui     a2, 0x3ee85
core   0: 1 0x0000000080005f2a (0x3ee85637) x12 0x000000003ee85000
core   0: 0x0000000080005f2e (0xd20d0953) fcvt.d.w fs2, s10
core   0: 1 0x0000000080005f2e (0xd20d0953) f18 0xbff0000000000000
core   0: 0x0000000080005f32 (0x0ff0000f) fence   iorw,iorw
core   0: 1 0x0000000080005f32 (0x0ff0000f)
core   0: 0x0000000080005f36 (0x2322a453) fsgnjx.d fs0, ft5, fs2
core   0: 1 0x0000000080005f36 (0x2322a453) f8  0xfff8000000000000
core   0: 0x0000000080005f3a (0x00ce593b) srlw    s2, t3, a2
core   0: 1 0x0000000080005f3a (0x00ce593b) x18 0x0000000000000000
core   0: 0x0000000080005f3e (0x0326fabb) remuw   s5, a3, s2
core   0: 1 0x0000000080005f3e (0x0326fabb) x21 0x0000000037d16c20
core   0: 0x0000000080005f42 (0x1b69f153) fdiv.d  ft2, fs3, fs6
core   0: 1 0x0000000080005f42 (0x1b69f153) f2  0x7ff8000000000000
core   0: 0x0000000080005f46 (0x2251a553) fsgnjx.d fa0, ft3, ft5
core   0: 1 0x0000000080005f46 (0x2251a553) f10 0xffffffff5f7fffff
core   0: 0x0000000080005f4a (0x0ff0000f) fence   iorw,iorw
core   0: 1 0x0000000080005f4a (0x0ff0000f)
core   0: 0x0000000080005f4e (0xf2f179c3) fmadd.d fs3, ft2, fa5, ft10
core   0: 1 0x0000000080005f4e (0xf2f179c3) f19 0x7ff8000000000000
core   0: 0x0000000080005f52 (0x00075e1b) srliw   t3, a4, 0
core   0: 1 0x0000000080005f52 (0x00075e1b) x28 0xffffffff85d25cfc
core   0: 0x0000000080005f56 (0xfd33c837) lui     a6, 0xfd33c
core   0: 1 0x0000000080005f56 (0xfd33c837) x16 0xfffffffffd33c000
core   0: 0x0000000080005f5a (0xf5f8081b) addiw   a6, a6, -161
core   0: 1 0x0000000080005f5a (0xf5f8081b) x16 0xfffffffffd33bf5f
core   0: 0x0000000080005f5e (0x00000836) c.slli  a6, 13
core   0: 1 0x0000000080005f5e (0x0836) x16 0xffffffa677ebe000
core   0: 0x0000000080005f60 (0xd0e80813) addi    a6, a6, -754
core   0: 1 0x0000000080005f60 (0xd0e80813) x16 0xffffffa677ebdd0e
core   0: 0x0000000080005f64 (0xfff84237) lui     tp, 0xfff84
core   0: 1 0x0000000080005f64 (0xfff84237) x4  0xfffffffffff84000
core   0: 0x0000000080005f68 (0x31d2021b) addiw   tp, tp, 797
core   0: 1 0x0000000080005f68 (0x31d2021b) x4  0xfffffffffff8431d
core   0: 0x0000000080005f6c (0x0000024a) c.slli  tp, 18
core   0: 1 0x0000000080005f6c (0x024a) x4  0xffffffe10c740000
core   0: 0x0000000080005f6e (0x06420213) addi    tp, tp, 100
core   0: 1 0x0000000080005f6e (0x06420213) x4  0xffffffe10c740064
core   0: 0x0000000080005f72 (0x00a0c533) xor     a0, ra, a0
core   0: 1 0x0000000080005f72 (0x00a0c533) x10 0x7fffffffddaffb08
core   0: 0x0000000080005f76 (0x22699e53) fsgnjn.d ft8, fs3, ft6
core   0: 1 0x0000000080005f76 (0x22699e53) f28 0xfff8000000000000
core   0: 0x0000000080005f7a (0xd031ff53) fcvt.s.lu ft10, gp
core   0: 1 0x0000000080005f7a (0xd031ff53) f30 0xffffffff00000000
core   0: 0x0000000080005f7e (0xd2227ad3) fcvt.d.l fs5, tp
core   0: 1 0x0000000080005f7e (0xd2227ad3) f21 0xc23ef38bff9c0000
core   0: 0x0000000080005f82 (0x41b85dbb) sraw    s11, a6, s11
core   0: 1 0x0000000080005f82 (0x41b85dbb) x27 0x0000000000000000
core   0: 0x0000000080005f86 (0x015b15b3) sll     a1, s6, s5
core   0: 1 0x0000000080005f86 (0x015b15b3) x11 0x0000000100000000
core   0: 0x0000000080005f8a (0x0167e7b3) or      a5, a5, s6
core   0: 1 0x0000000080005f8a (0x0167e7b3) x15 0x8000000200006001
core   0: 0x0000000080005f8e (0x00b7113b) sllw    sp, a4, a1
core   0: 1 0x0000000080005f8e (0x00b7113b) x2  0xffffffff85d25cfc
core   0: 0x0000000080005f92 (0x0105083b) addw    a6, a0, a6
core   0: 1 0x0000000080005f92 (0x0105083b) x16 0x00000000559bd816
core   0: 0x0000000080005f96 (0x002029f3) csrrs   s3, frm, zero
core   0: 1 0x0000000080005f96 (0x002029f3) x19 0x0000000000000000
core   0: 0x0000000080005f9a (0xf20e02d3) fmv.d.x ft5, t3
core   0: 1 0x0000000080005f9a (0xf20e02d3) f5  0xffffffff85d25cfc
core   0: 0x0000000080005f9e (0x420887d3) fcvt.d.s fa5, fa7
core   0: 1 0x0000000080005f9e (0x420887d3) f15 0x7ff8000000000000
core   0: 0x0000000080005fa2 (0x039bdbbb) divuw   s7, s7, s9
core   0: 1 0x0000000080005fa2 (0x039bdbbb) x23 0x0000000000000000
core   0: 0x0000000080005fa6 (0x010282bb) addw    t0, t0, a6
core   0: 1 0x0000000080005fa6 (0x010282bb) x5  0x0000000010fbce27
core   0: 0x0000000080005faa (0x0072c6b3) xor     a3, t0, t2
core   0: 1 0x0000000080005faa (0x0072c6b3) x13 0x0000000010fbce36
core   0: 0x0000000080005fae (0x00b39433) sll     s0, t2, a1
core   0: 1 0x0000000080005fae (0x00b39433) x8  0x0000000000000011
core   0: 0x0000000080005fb2 (0x3420f873) csrrci  a6, mcause, 1
core   0: exception trap_illegal_instruction, epc 0x0000000080005fb2
core   0:           tval 0x000000003420f873
core   0: >>>>  $xrv64i2p1_m2p0_a2p1_f2p2_d2p2_zicsr2p0_zifencei2p0_zmmul1p0_zba1p0_zbb1p0_zbc1p0_zbs1p0
core   0: 0x0000000080004000 (0x0080006f) j       pc + 0x8
core   0: 3 0x0000000080004000 (0x0080006f)
core   0: >>>>  mmode_exception_handler
core   0: 0x0000000080004008 (0x00002c17) auipc   s8, 0x2
core   0: 3 0x0000000080004008 (0x00002c17) x24 0x0000000080006008
core   0: 0x000000008000400c (0x058c0c13) addi    s8, s8, 88
core   0: 3 0x000000008000400c (0x058c0c13) x24 0x0000000080006060
core   0: 0x0000000080004010 (0x000c00e7) jalr    s8
core   0: 3 0x0000000080004010 (0x000c00e7) x1  0x0000000080004014
core   0: >>>>  any_handler
core   0: 0x0000000080006060 (0x341027f3) csrrs   a5, mepc, zero
core   0: 3 0x0000000080006060 (0x341027f3) x15 0x0000000080005fb2
core   0: 0x0000000080006064 (0x34202773) csrrs   a4, mcause, zero
core   0: 3 0x0000000080006064 (0x34202773) x14 0x0000000000000002
core   0: 0x0000000080006068 (0x142026f3) csrrs   a3, scause, zero
core   0: 3 0x0000000080006068 (0x142026f3) x13 0x0000000000000000
core   0: 0x000000008000606c (0x30402673) csrrs   a2, mie, zero
core   0: 3 0x000000008000606c (0x30402673) x12 0x0000000000000a00
core   0: 0x0000000080006070 (0x344025f3) csrrs   a1, mip, zero
core   0: 3 0x0000000080006070 (0x344025f3) x11 0x0000000000000080
core   0: 0x0000000080006074 (0x343025f3) csrrs   a1, mtval, zero
core   0: 3 0x0000000080006074 (0x343025f3) x11 0x000000003420f873
core   0: 0x0000000080006078 (0x14302573) csrrs   a0, stval, zero
core   0: 3 0x0000000080006078 (0x14302573) x10 0x0000000000000000
core   0: 0x000000008000607c (0xb02024f3) csrrs   s1, minstret, zero
core   0: 3 0x000000008000607c (0xb02024f3) x9  0x00000000000012b7
core   0: 0x0000000080006080 (0x0000a811) c.j     pc + 20
core   0: 3 0x0000000080006080 (0xa811)
core   0: >>>>  mepc_4
core   0: 0x0000000080006094 (0x00000791) c.addi  a5, 4
core   0: 3 0x0000000080006094 (0x0791) x15 0x0000000080005fb6
core   0: 0x0000000080006096 (0x34179073) csrrw   zero, mepc, a5
core   0: 3 0x0000000080006096 (0x34179073) c833_mepc 0x0000000080005fb6
core   0: 0x000000008000609a (0x30200073) mret
core   0: 3 0x000000008000609a (0x30200073) c768_mstatus 0x8000000a001c60a0
core   0: 0x0000000080005fb6 (0x409087bb) subw    a5, ra, s1
core   0: 1 0x0000000080005fb6 (0x409087bb) x15 0xffffffff80002d5d
core   0: 0x0000000080005fba (0xfffe0113) addi    sp, t3, -1
core   0: 1 0x0000000080005fba (0xfffe0113) x2  0xffffffff85d25cfb
core   0: 0x0000000080005fbe (0x01dedebb) srlw    t4, t4, t4
core   0: 1 0x0000000080005fbe (0x01dedebb) x29 0x0000000000006000
core   0: 0x0000000080005fc2 (0xbf8beb93) ori     s7, s7, -1032
core   0: 1 0x0000000080005fc2 (0xbf8beb93) x23 0xfffffffffffffbf8
core   0: 0x0000000080005fc6 (0x038be9b3) rem     s3, s7, s8
core   0: 1 0x0000000080005fc6 (0x038be9b3) x19 0xfffffffffffffbf8
core   0: 0x0000000080005fca (0xbbfbfdc3) fmadd.d fs11, fs7, ft11, fs7
core   0: 1 0x0000000080005fca (0xbbfbfdc3) f27 0x7ff8000000000000
core   0: 0x0000000080005fce (0x018b5593) srli    a1, s6, 24
core   0: 1 0x0000000080005fce (0x018b5593) x11 0x0000000000000000
core   0: 0x0000000080005fd2 (0x41f2db9b) sraiw   s7, t0, 31
core   0: 1 0x0000000080005fd2 (0x41f2db9b) x23 0x0000000000000000
core   0: 0x0000000080005fd6 (0xd2267353) fcvt.d.l ft6, a2
core   0: 1 0x0000000080005fd6 (0xd2267353) f6  0x40a4000000000000
core   0: 0x0000000080005fda (0x0058ee33) or      t3, a7, t0
core   0: 1 0x0000000080005fda (0x0058ee33) x28 0xffffffff95fbdeff
core   0: 0x0000000080005fde (0x01ce0133) add     sp, t3, t3
core   0: 1 0x0000000080005fde (0x01ce0133) x2  0xffffffff2bf7bdfe
core   0: 0x0000000080005fe2 (0x22632053) fsgnjx.d ft0, ft6, ft6
core   0: 1 0x0000000080005fe2 (0x22632053) f0  0x40a4000000000000
core   0: 0x0000000080005fe6 (0x03814433) div     s0, sp, s8
core   0: 1 0x0000000080005fe6 (0x03814433) x8  0xffffffffffffffff
core   0: 0x0000000080005fea (0x002b9ef3) csrrw   t4, frm, s7
core   0: 1 0x0000000080005fea (0x002b9ef3) x29 0x0000000000000000 c2_frm 0x0000000000000000
core   0: 0x0000000080005fee (0x0b8371d3) fsub.d  ft3, ft6, fs8
core   0: 1 0x0000000080005fee (0x0b8371d3) f3  0x40a4000000000000
core   0: 0x0000000080005ff2 (0x00687237) lui     tp, 0x687
core   0: 1 0x0000000080005ff2 (0x00687237) x4  0x0000000000687000
core   0: 0x0000000080005ff6 (0x4cf2021b) addiw   tp, tp, 1231
core   0: 1 0x0000000080005ff6 (0x4cf2021b) x4  0x00000000006874cf
core   0: 0x0000000080005ffa (0x0000023a) c.slli  tp, 14
core   0: 1 0x0000000080005ffa (0x023a) x4  0x0000001a1d33c000
core   0: 0x0000000080005ffc (0x14b20213) addi    tp, tp, 331
core   0: 1 0x0000000080005ffc (0x14b20213) x4  0x0000001a1d33c14b
core   0: 0x0000000080006000 (0x1a0d77c3) fmadd.d fa5, fs10, ft0, ft3
core   0: 1 0x0000000080006000 (0x1a0d77c3) c1_fflags 0x0000000000000001 f15 0x40a4000000000000
core   0: 0x0000000080006004 (0x0044d83b) srlw    a6, s1, tp
core   0: 1 0x0000000080006004 (0x0044d83b) x16 0x0000000000000002
core   0: 0x0000000080006008 (0x5a03f5d3) fsqrt.d fa1, ft7
core   0: 1 0x0000000080006008 (0x5a03f5d3) f11 0x0000000000000000
core   0: 0x000000008000600c (0x41e8551b) sraiw   a0, a6, 30
core   0: 1 0x000000008000600c (0x41e8551b) x10 0x0000000000000000
core   0: 0x0000000080006010 (0x00e70a3b) addw    s4, a4, a4
core   0: 1 0x0000000080006010 (0x00e70a3b) x20 0x0000000000000004
core   0: 0x0000000080006014 (0x01b71333) sll     t1, a4, s11
core   0: 1 0x0000000080006014 (0x01b71333) x6  0x0000000000000002
core   0: 0x0000000080006018 (0x00001bc6) c.slli  s7, 49
core   0: 1 0x0000000080006018 (0x1bc6) x23 0x0000000000000000
core   0: 0x000000008000601a (0xf1589873) csrrw   a6, mconfigptr, a7
core   0: exception trap_illegal_instruction, epc 0x000000008000601a
core   0:           tval 0x00000000f1589873
core   0: >>>>  $xrv64i2p1_m2p0_a2p1_f2p2_d2p2_zicsr2p0_zifencei2p0_zmmul1p0_zba1p0_zbb1p0_zbc1p0_zbs1p0
core   0: 0x0000000080004000 (0x0080006f) j       pc + 0x8
core   0: 3 0x0000000080004000 (0x0080006f)
core   0: >>>>  mmode_exception_handler
core   0: 0x0000000080004008 (0x00002c17) auipc   s8, 0x2
core   0: 3 0x0000000080004008 (0x00002c17) x24 0x0000000080006008
core   0: 0x000000008000400c (0x058c0c13) addi    s8, s8, 88
core   0: 3 0x000000008000400c (0x058c0c13) x24 0x0000000080006060
core   0: 0x0000000080004010 (0x000c00e7) jalr    s8
core   0: 3 0x0000000080004010 (0x000c00e7) x1  0x0000000080004014
core   0: >>>>  any_handler
core   0: 0x0000000080006060 (0x341027f3) csrrs   a5, mepc, zero
core   0: 3 0x0000000080006060 (0x341027f3) x15 0x000000008000601a
core   0: 0x0000000080006064 (0x34202773) csrrs   a4, mcause, zero
core   0: 3 0x0000000080006064 (0x34202773) x14 0x0000000000000002
core   0: 0x0000000080006068 (0x142026f3) csrrs   a3, scause, zero
core   0: 3 0x0000000080006068 (0x142026f3) x13 0x0000000000000000
core   0: 0x000000008000606c (0x30402673) csrrs   a2, mie, zero
core   0: 3 0x000000008000606c (0x30402673) x12 0x0000000000000a00
core   0: 0x0000000080006070 (0x344025f3) csrrs   a1, mip, zero
core   0: 3 0x0000000080006070 (0x344025f3) x11 0x0000000000000080
core   0: 0x0000000080006074 (0x343025f3) csrrs   a1, mtval, zero
core   0: 3 0x0000000080006074 (0x343025f3) x11 0x00000000f1589873
core   0: 0x0000000080006078 (0x14302573) csrrs   a0, stval, zero
core   0: 3 0x0000000080006078 (0x14302573) x10 0x0000000000000000
core   0: 0x000000008000607c (0xb02024f3) csrrs   s1, minstret, zero
core   0: 3 0x000000008000607c (0xb02024f3) x9  0x00000000000012e1
core   0: 0x0000000080006080 (0x0000a811) c.j     pc + 20
core   0: 3 0x0000000080006080 (0xa811)
core   0: >>>>  mepc_4
core   0: 0x0000000080006094 (0x00000791) c.addi  a5, 4
core   0: 3 0x0000000080006094 (0x0791) x15 0x000000008000601e
core   0: 0x0000000080006096 (0x34179073) csrrw   zero, mepc, a5
core   0: 3 0x0000000080006096 (0x34179073) c833_mepc 0x000000008000601e
core   0: 0x000000008000609a (0x30200073) mret
core   0: 3 0x000000008000609a (0x30200073) c768_mstatus 0x8000000a001c60a0
core   0: 0x000000008000601e (0x014a0833) add     a6, s4, s4
core   0: 1 0x000000008000601e (0x014a0833) x16 0x0000000000000008
core   0: 0x0000000080006022 (0xa2f480d3) fle.d   ra, fs1, fa5
core   0: 1 0x0000000080006022 (0xa2f480d3) c1_fflags 0x0000000000000011 x1  0x0000000000000000
core   0: 0x0000000080006026 (0x22b491d3) fsgnjn.d ft3, fs1, fa1
core   0: 1 0x0000000080006026 (0x22b491d3) f3  0xfff8000000000000
core   0: 0x000000008000602a (0x418a5c3b) sraw    s8, s4, s8
core   0: 1 0x000000008000602a (0x418a5c3b) x24 0x0000000000000004
core   0: 0x000000008000602e (0x00000001) c.nop
core   0: 1 0x000000008000602e (0x0001)
core   0: 0x0000000080006030 (0x000c0ab3) add     s5, s8, zero
core   0: 1 0x0000000080006030 (0x000c0ab3) x21 0x0000000000000004
core   0: 0x0000000080006034 (0x2ba30353) fmin.d  ft6, ft6, fs10
core   0: 1 0x0000000080006034 (0x2ba30353) f6  0x8000000006402fbe
core   0: 0x0000000080006038 (0x034b5cbb) divuw   s9, s6, s4
core   0: 1 0x0000000080006038 (0x034b5cbb) x25 0x0000000000000000
core   0: 0x000000008000603c (0x00000001) c.nop
core   0: 1 0x000000008000603c (0x0001)
core   0: 0x000000008000603e (0xc210f653) fcvt.wu.d a2, ft1
core   0: 1 0x000000008000603e (0xc210f653) c1_fflags 0x0000000000000011 x12 0xffffffffffffffff
core   0: 0x0000000080006042 (0x412651bb) sraw    gp, a2, s2
core   0: 1 0x0000000080006042 (0x412651bb) x3  0xffffffffffffffff
core   0: 0x0000000080006046 (0xdaa472cb) fnmsub.d ft5, fs0, fa0, fs11
core   0: 1 0x0000000080006046 (0xdaa472cb) f5  0x7ff8000000000000
core   0: 0x000000008000604a (0xc202fad3) fcvt.w.d s5, ft5
core   0: 1 0x000000008000604a (0xc202fad3) c1_fflags 0x0000000000000011 x21 0x000000007fffffff
core   0: 0x000000008000604e (0xd0377b53) fcvt.s.lu fs6, a4
core   0: 1 0x000000008000604e (0xd0377b53) f22 0xffffffff40000000
core   0: 0x0000000080006052 (0x000e853b) addw    a0, t4, zero
core   0: 1 0x0000000080006052 (0x000e853b) x10 0x0000000000000000
core   0: 0x0000000080006056 (0x2b52f243) fmadd.d ft4, ft5, fs5, ft5
core   0: 1 0x0000000080006056 (0x2b52f243) f4  0x7ff8000000000000
core   0: >>>>  write_tohost
core   0: 0x000000008000605a (0x98afa0ef) jal     pc - 0x5e76
core   0: 1 0x000000008000605a (0x98afa0ef) x1  0x000000008000605e
core   0: >>>>  _exit
core   0: 0x00000000800001e4 (0x00004505) c.li    a0, 1
core   0: 1 0x00000000800001e4 (0x4505) x10 0x0000000000000001
core   0: 0x00000000800001e6 (0x00001f17) auipc   t5, 0x1
core   0: 1 0x00000000800001e6 (0x00001f17) x30 0x00000000800011e6
core   0: 0x00000000800001ea (0xe0af2d23) sw      a0, -486(t5)
core   0: 1 0x00000000800001ea (0xe0af2d23) mem 0x0000000080001000 0x00000001
cp /home/server/RISCV/cva6/verif/sim/out/seed_115/spike_sim/new_seeds_115_.cv64a6_imafdc_sv39.log.iss /home/server/RISCV/cva6/verif/sim/out/seed_115/spike_sim/new_seeds_115_.cv64a6_imafdc_sv39.log
