Makefile:14: must set CVA6_REPO_DIR to point at the root of CVA6 sources and CVA6_TB_DIR to point here -- doing it for you...
LD_LIBRARY_PATH="$(realpath ../../tools/spike/lib):$LD_LIBRARY_PATH" \
	/home/server/RISCV/cva6/tools/spike/bin/spike --steps=2000000  --log-commits --isa=rv64gc_zba_zbb_zbs_zbc_zicsr_zifencei --priv=msu -l /home/server/RISCV/cva6/verif/sim/out/seed_1863/directed_asm_tests/new_seeds_1863_.o
[SPIKE] Max simulation steps: 2000000
[SPIKE] Proc 0 | ISA: rv64gc_zba_zbb_zbs_zbc_zicsr_zifencei PRIV: msu
[SPIKE] Initializing memories...
core   0: 0x0000000000010000 (0x00100413) li      s0, 1
core   0: 3 0x0000000000010000 (0x00100413) x8  0x0000000000000001
core   0: 0x0000000000010004 (0x01f41413) slli    s0, s0, 31
core   0: 3 0x0000000000010004 (0x01f41413) x8  0x0000000080000000
core   0: 0x0000000000010008 (0xf1402573) csrrs   a0, mhartid, zero
core   0: 3 0x0000000000010008 (0xf1402573) x10 0x0000000000000000
core   0: 0x000000000001000c (0x00000597) auipc   a1, 0x0
core   0: 3 0x000000000001000c (0x00000597) x11 0x000000000001000c
core   0: 0x0000000000010010 (0x07458593) addi    a1, a1, 116
core   0: 3 0x0000000000010010 (0x07458593) x11 0x0000000000010080
core   0: 0x0000000000010014 (0x00040067) jr      s0
core   0: 3 0x0000000000010014 (0x00040067)
core   0: >>>>  _start
core   0: 0x0000000080000000 (0x00004081) c.li    ra, 0
core   0: 3 0x0000000080000000 (0x4081) x1  0x0000000000000000
core   0: 0x0000000080000002 (0x00004101) c.li    sp, 0
core   0: 3 0x0000000080000002 (0x4101) x2  0x0000000000000000
core   0: 0x0000000080000004 (0x00004181) c.li    gp, 0
core   0: 3 0x0000000080000004 (0x4181) x3  0x0000000000000000
core   0: 0x0000000080000006 (0x00004201) c.li    tp, 0
core   0: 3 0x0000000080000006 (0x4201) x4  0x0000000000000000
core   0: 0x0000000080000008 (0x00004281) c.li    t0, 0
core   0: 3 0x0000000080000008 (0x4281) x5  0x0000000000000000
core   0: 0x000000008000000a (0x00004301) c.li    t1, 0
core   0: 3 0x000000008000000a (0x4301) x6  0x0000000000000000
core   0: 0x000000008000000c (0x00004381) c.li    t2, 0
core   0: 3 0x000000008000000c (0x4381) x7  0x0000000000000000
core   0: 0x000000008000000e (0x00004401) c.li    s0, 0
core   0: 3 0x000000008000000e (0x4401) x8  0x0000000000000000
core   0: 0x0000000080000010 (0x00004481) c.li    s1, 0
core   0: 3 0x0000000080000010 (0x4481) x9  0x0000000000000000
core   0: 0x0000000080000012 (0x00004501) c.li    a0, 0
core   0: 3 0x0000000080000012 (0x4501) x10 0x0000000000000000
core   0: 0x0000000080000014 (0x00004581) c.li    a1, 0
core   0: 3 0x0000000080000014 (0x4581) x11 0x0000000000000000
core   0: 0x0000000080000016 (0x00004601) c.li    a2, 0
core   0: 3 0x0000000080000016 (0x4601) x12 0x0000000000000000
core   0: 0x0000000080000018 (0x00004681) c.li    a3, 0
core   0: 3 0x0000000080000018 (0x4681) x13 0x0000000000000000
core   0: 0x000000008000001a (0x00004701) c.li    a4, 0
core   0: 3 0x000000008000001a (0x4701) x14 0x0000000000000000
core   0: 0x000000008000001c (0x00004781) c.li    a5, 0
core   0: 3 0x000000008000001c (0x4781) x15 0x0000000000000000
core   0: 0x000000008000001e (0x00004801) c.li    a6, 0
core   0: 3 0x000000008000001e (0x4801) x16 0x0000000000000000
core   0: 0x0000000080000020 (0x00004881) c.li    a7, 0
core   0: 3 0x0000000080000020 (0x4881) x17 0x0000000000000000
core   0: 0x0000000080000022 (0x00004901) c.li    s2, 0
core   0: 3 0x0000000080000022 (0x4901) x18 0x0000000000000000
core   0: 0x0000000080000024 (0x00004981) c.li    s3, 0
core   0: 3 0x0000000080000024 (0x4981) x19 0x0000000000000000
core   0: 0x0000000080000026 (0x00004a01) c.li    s4, 0
core   0: 3 0x0000000080000026 (0x4a01) x20 0x0000000000000000
core   0: 0x0000000080000028 (0x00004a81) c.li    s5, 0
core   0: 3 0x0000000080000028 (0x4a81) x21 0x0000000000000000
core   0: 0x000000008000002a (0x00004b01) c.li    s6, 0
core   0: 3 0x000000008000002a (0x4b01) x22 0x0000000000000000
core   0: 0x000000008000002c (0x00004b81) c.li    s7, 0
core   0: 3 0x000000008000002c (0x4b81) x23 0x0000000000000000
core   0: 0x000000008000002e (0x00004c01) c.li    s8, 0
core   0: 3 0x000000008000002e (0x4c01) x24 0x0000000000000000
core   0: 0x0000000080000030 (0x00004c81) c.li    s9, 0
core   0: 3 0x0000000080000030 (0x4c81) x25 0x0000000000000000
core   0: 0x0000000080000032 (0x00004d01) c.li    s10, 0
core   0: 3 0x0000000080000032 (0x4d01) x26 0x0000000000000000
core   0: 0x0000000080000034 (0x00004d81) c.li    s11, 0
core   0: 3 0x0000000080000034 (0x4d81) x27 0x0000000000000000
core   0: 0x0000000080000036 (0x00004e01) c.li    t3, 0
core   0: 3 0x0000000080000036 (0x4e01) x28 0x0000000000000000
core   0: 0x0000000080000038 (0x00004e81) c.li    t4, 0
core   0: 3 0x0000000080000038 (0x4e81) x29 0x0000000000000000
core   0: 0x000000008000003a (0x00004f01) c.li    t5, 0
core   0: 3 0x000000008000003a (0x4f01) x30 0x0000000000000000
core   0: 0x000000008000003c (0x00004f81) c.li    t6, 0
core   0: 3 0x000000008000003c (0x4f81) x31 0x0000000000000000
core   0: 0x000000008000003e (0x000062f9) c.lui   t0, 0x1e
core   0: 3 0x000000008000003e (0x62f9) x5  0x000000000001e000
core   0: 0x0000000080000040 (0x3002a073) csrrs   zero, mstatus, t0
core   0: 3 0x0000000080000040 (0x3002a073) c768_mstatus 0x8000000a00006000
core   0: 0x0000000080000044 (0x00004285) c.li    t0, 1
core   0: 3 0x0000000080000044 (0x4285) x5  0x0000000000000001
core   0: 0x0000000080000046 (0x000002fe) c.slli  t0, 31
core   0: 3 0x0000000080000046 (0x02fe) x5  0x0000000080000000
core   0: 0x0000000080000048 (0x0002d863) bge     t0, zero, pc + 16
core   0: 3 0x0000000080000048 (0x0002d863)
core   0: 0x0000000080000058 (0x00000297) auipc   t0, 0x0
core   0: 3 0x0000000080000058 (0x00000297) x5  0x0000000080000058
core   0: 0x000000008000005c (0x09028293) addi    t0, t0, 144
core   0: 3 0x000000008000005c (0x09028293) x5  0x00000000800000e8
core   0: 0x0000000080000060 (0x30529073) csrrw   zero, mtvec, t0
core   0: 3 0x0000000080000060 (0x30529073) c773_mtvec 0x00000000800000e8
core   0: 0x0000000080000064 (0x00301073) csrrw   zero, fcsr, zero
core   0: 3 0x0000000080000064 (0x00301073) c1_fflags 0x0000000000000000 c2_frm 0x0000000000000000
core   0: 0x0000000080000068 (0xf0000053) fmv.w.x ft0, zero
core   0: 3 0x0000000080000068 (0xf0000053) f0  0xffffffff00000000
core   0: 0x000000008000006c (0xf00000d3) fmv.w.x ft1, zero
core   0: 3 0x000000008000006c (0xf00000d3) f1  0xffffffff00000000
core   0: 0x0000000080000070 (0xf0000153) fmv.w.x ft2, zero
core   0: 3 0x0000000080000070 (0xf0000153) f2  0xffffffff00000000
core   0: 0x0000000080000074 (0xf00001d3) fmv.w.x ft3, zero
core   0: 3 0x0000000080000074 (0xf00001d3) f3  0xffffffff00000000
core   0: 0x0000000080000078 (0xf0000253) fmv.w.x ft4, zero
core   0: 3 0x0000000080000078 (0xf0000253) f4  0xffffffff00000000
core   0: 0x000000008000007c (0xf00002d3) fmv.w.x ft5, zero
core   0: 3 0x000000008000007c (0xf00002d3) f5  0xffffffff00000000
core   0: 0x0000000080000080 (0xf0000353) fmv.w.x ft6, zero
core   0: 3 0x0000000080000080 (0xf0000353) f6  0xffffffff00000000
core   0: 0x0000000080000084 (0xf00003d3) fmv.w.x ft7, zero
core   0: 3 0x0000000080000084 (0xf00003d3) f7  0xffffffff00000000
core   0: 0x0000000080000088 (0xf0000453) fmv.w.x fs0, zero
core   0: 3 0x0000000080000088 (0xf0000453) f8  0xffffffff00000000
core   0: 0x000000008000008c (0xf00004d3) fmv.w.x fs1, zero
core   0: 3 0x000000008000008c (0xf00004d3) f9  0xffffffff00000000
core   0: 0x0000000080000090 (0xf0000553) fmv.w.x fa0, zero
core   0: 3 0x0000000080000090 (0xf0000553) f10 0xffffffff00000000
core   0: 0x0000000080000094 (0xf00005d3) fmv.w.x fa1, zero
core   0: 3 0x0000000080000094 (0xf00005d3) f11 0xffffffff00000000
core   0: 0x0000000080000098 (0xf0000653) fmv.w.x fa2, zero
core   0: 3 0x0000000080000098 (0xf0000653) f12 0xffffffff00000000
core   0: 0x000000008000009c (0xf00006d3) fmv.w.x fa3, zero
core   0: 3 0x000000008000009c (0xf00006d3) f13 0xffffffff00000000
core   0: 0x00000000800000a0 (0xf0000753) fmv.w.x fa4, zero
core   0: 3 0x00000000800000a0 (0xf0000753) f14 0xffffffff00000000
core   0: 0x00000000800000a4 (0xf00007d3) fmv.w.x fa5, zero
core   0: 3 0x00000000800000a4 (0xf00007d3) f15 0xffffffff00000000
core   0: 0x00000000800000a8 (0xf0000853) fmv.w.x fa6, zero
core   0: 3 0x00000000800000a8 (0xf0000853) f16 0xffffffff00000000
core   0: 0x00000000800000ac (0xf00008d3) fmv.w.x fa7, zero
core   0: 3 0x00000000800000ac (0xf00008d3) f17 0xffffffff00000000
core   0: 0x00000000800000b0 (0xf0000953) fmv.w.x fs2, zero
core   0: 3 0x00000000800000b0 (0xf0000953) f18 0xffffffff00000000
core   0: 0x00000000800000b4 (0xf00009d3) fmv.w.x fs3, zero
core   0: 3 0x00000000800000b4 (0xf00009d3) f19 0xffffffff00000000
core   0: 0x00000000800000b8 (0xf0000a53) fmv.w.x fs4, zero
core   0: 3 0x00000000800000b8 (0xf0000a53) f20 0xffffffff00000000
core   0: 0x00000000800000bc (0xf0000ad3) fmv.w.x fs5, zero
core   0: 3 0x00000000800000bc (0xf0000ad3) f21 0xffffffff00000000
core   0: 0x00000000800000c0 (0xf0000b53) fmv.w.x fs6, zero
core   0: 3 0x00000000800000c0 (0xf0000b53) f22 0xffffffff00000000
core   0: 0x00000000800000c4 (0xf0000bd3) fmv.w.x fs7, zero
core   0: 3 0x00000000800000c4 (0xf0000bd3) f23 0xffffffff00000000
core   0: 0x00000000800000c8 (0xf0000c53) fmv.w.x fs8, zero
core   0: 3 0x00000000800000c8 (0xf0000c53) f24 0xffffffff00000000
core   0: 0x00000000800000cc (0xf0000cd3) fmv.w.x fs9, zero
core   0: 3 0x00000000800000cc (0xf0000cd3) f25 0xffffffff00000000
core   0: 0x00000000800000d0 (0xf0000d53) fmv.w.x fs10, zero
core   0: 3 0x00000000800000d0 (0xf0000d53) f26 0xffffffff00000000
core   0: 0x00000000800000d4 (0xf0000dd3) fmv.w.x fs11, zero
core   0: 3 0x00000000800000d4 (0xf0000dd3) f27 0xffffffff00000000
core   0: 0x00000000800000d8 (0xf0000e53) fmv.w.x ft8, zero
core   0: 3 0x00000000800000d8 (0xf0000e53) f28 0xffffffff00000000
core   0: 0x00000000800000dc (0xf0000ed3) fmv.w.x ft9, zero
core   0: 3 0x00000000800000dc (0xf0000ed3) f29 0xffffffff00000000
core   0: 0x00000000800000e0 (0xf0000f53) fmv.w.x ft10, zero
core   0: 3 0x00000000800000e0 (0xf0000f53) f30 0xffffffff00000000
core   0: 0x00000000800000e4 (0xf0000fd3) fmv.w.x ft11, zero
core   0: 3 0x00000000800000e4 (0xf0000fd3) f31 0xffffffff00000000
core   0: 0x00000000800000e8 (0x00000297) auipc   t0, 0x0
core   0: 3 0x00000000800000e8 (0x00000297) x5  0x00000000800000e8
core   0: 0x00000000800000ec (0x03c28293) addi    t0, t0, 60
core   0: 3 0x00000000800000ec (0x03c28293) x5  0x0000000080000124
core   0: 0x00000000800000f0 (0x30529073) csrrw   zero, mtvec, t0
core   0: 3 0x00000000800000f0 (0x30529073) c773_mtvec 0x0000000080000124
core   0: 0x00000000800000f4 (0x00012197) auipc   gp, 0x12
core   0: 3 0x00000000800000f4 (0x00012197) x3  0x00000000800120f4
core   0: 0x00000000800000f8 (0x73418193) addi    gp, gp, 1844
core   0: 3 0x00000000800000f8 (0x73418193) x3  0x0000000080012828
core   0: 0x00000000800000fc (0x00012217) auipc   tp, 0x12
core   0: 3 0x00000000800000fc (0x00012217) x4  0x00000000800120fc
core   0: 0x0000000080000100 (0xf8320213) addi    tp, tp, -125
core   0: 3 0x0000000080000100 (0xf8320213) x4  0x000000008001207f
core   0: 0x0000000080000104 (0xfc027213) andi    tp, tp, -64
core   0: 3 0x0000000080000104 (0xfc027213) x4  0x0000000080012040
core   0: 0x0000000080000108 (0xf1402573) csrrs   a0, mhartid, zero
core   0: 3 0x0000000080000108 (0xf1402573) x10 0x0000000000000000
core   0: 0x000000008000010c (0x00004585) c.li    a1, 1
core   0: 3 0x000000008000010c (0x4585) x11 0x0000000000000001
core   0: 0x000000008000010e (0x00b57063) bgeu    a0, a1, pc + 0
core   0: 3 0x000000008000010e (0x00b57063)
core   0: 0x0000000080000112 (0x00150113) addi    sp, a0, 1
core   0: 3 0x0000000080000112 (0x00150113) x2  0x0000000000000001
core   0: 0x0000000080000116 (0x00000146) c.slli  sp, 17
core   0: 3 0x0000000080000116 (0x0146) x2  0x0000000000020000
core   0: 0x0000000080000118 (0x00009112) c.add   sp, tp
core   0: 3 0x0000000080000118 (0x9112) x2  0x0000000080032040
core   0: 0x000000008000011a (0x01151613) slli    a2, a0, 17
core   0: 3 0x000000008000011a (0x01151613) x12 0x0000000000000000
core   0: 0x000000008000011e (0x00009232) c.add   tp, a2
core   0: 3 0x000000008000011e (0x9232) x4  0x0000000080012040
core   0: 0x0000000080000120 (0x3e60f06f) j       pc + 0xf3e6
core   0: 3 0x0000000080000120 (0x3e60f06f)
core   0: >>>>  _init
core   0: 0x000000008000f506 (0x00007171) c.addi16sp sp, -176
core   0: 3 0x000000008000f506 (0x7171) x2  0x0000000080031f90
core   0: 0x000000008000f508 (0x0000f506) c.sdsp  ra, 168(sp)
core   0: 3 0x000000008000f508 (0xf506) mem 0x0000000080032038 0x0000000000000000
core   0: 0x000000008000f50a (0x0000f122) c.sdsp  s0, 160(sp)
core   0: 3 0x000000008000f50a (0xf122) mem 0x0000000080032030 0x0000000000000000
core   0: 0x000000008000f50c (0x0000ed26) c.sdsp  s1, 152(sp)
core   0: 3 0x000000008000f50c (0xed26) mem 0x0000000080032028 0x0000000000000000
core   0: 0x000000008000f50e (0x00001900) c.addi4spn s0, sp, 176
core   0: 3 0x000000008000f50e (0x1900) x8  0x0000000080032040
core   0: 0x000000008000f510 (0x000087aa) c.mv    a5, a0
core   0: 3 0x000000008000f510 (0x87aa) x15 0x0000000000000000
core   0: 0x000000008000f512 (0x0000872e) c.mv    a4, a1
core   0: 3 0x000000008000f512 (0x872e) x14 0x0000000000000001
core   0: 0x000000008000f514 (0xf4f42e23) sw      a5, -164(s0)
core   0: 3 0x000000008000f514 (0xf4f42e23) mem 0x0000000080031f9c 0x00000000
core   0: 0x000000008000f518 (0x000087ba) c.mv    a5, a4
core   0: 3 0x000000008000f518 (0x87ba) x15 0x0000000000000001
core   0: 0x000000008000f51a (0xf4f42c23) sw      a5, -168(s0)
core   0: 3 0x000000008000f51a (0xf4f42c23) mem 0x0000000080031f98 0x00000001
core   0: 0x000000008000f51e (0xfe040793) addi    a5, s0, -32
core   0: 3 0x000000008000f51e (0xfe040793) x15 0x0000000080032020
core   0: 0x000000008000f522 (0xf4f43823) sd      a5, -176(s0)
core   0: 3 0x000000008000f522 (0xf4f43823) mem 0x0000000080031f90 0x0000000080032020
core   0: 0x000000008000f526 (0xf5043783) ld      a5, -176(s0)
core   0: 3 0x000000008000f526 (0xf5043783) x15 0x0000000080032020 mem 0x0000000080031f90
core   0: 0x000000008000f52a (0xf8078793) addi    a5, a5, -128
core   0: 3 0x000000008000f52a (0xf8078793) x15 0x0000000080031fa0
core   0: 0x000000008000f52e (0x03f78793) addi    a5, a5, 63
core   0: 3 0x000000008000f52e (0x03f78793) x15 0x0000000080031fdf
core   0: 0x000000008000f532 (0x00008399) c.srli  a5, 6
core   0: 3 0x000000008000f532 (0x8399) x15 0x0000000002000c7f
core   0: 0x000000008000f534 (0x00679493) slli    s1, a5, 6
core   0: 3 0x000000008000f534 (0x00679493) x9  0x0000000080031fc0
core   0: 0x000000008000f538 (0xf65ff0ef) jal     pc - 0x9c
core   0: 3 0x000000008000f538 (0xf65ff0ef) x1  0x000000008000f53c
core   0: >>>>  init_tls
core   0: 0x000000008000f49c (0x00001101) c.addi  sp, -32
core   0: 3 0x000000008000f49c (0x1101) x2  0x0000000080031f70
core   0: 0x000000008000f49e (0x0000ec06) c.sdsp  ra, 24(sp)
core   0: 3 0x000000008000f49e (0xec06) mem 0x0000000080031f88 0x000000008000f53c
core   0: 0x000000008000f4a0 (0x0000e822) c.sdsp  s0, 16(sp)
core   0: 3 0x000000008000f4a0 (0xe822) mem 0x0000000080031f80 0x0000000080032040
core   0: 0x000000008000f4a2 (0x00001000) c.addi4spn s0, sp, 32
core   0: 3 0x000000008000f4a2 (0x1000) x8  0x0000000080031f90
core   0: 0x000000008000f4a4 (0x00003717) auipc   a4, 0x3
core   0: 3 0x000000008000f4a4 (0x00003717) x14 0x00000000800124a4
core   0: 0x000000008000f4a8 (0xb8470713) addi    a4, a4, -1148
core   0: 3 0x000000008000f4a8 (0xb8470713) x14 0x0000000080012028
core   0: 0x000000008000f4ac (0x00003797) auipc   a5, 0x3
core   0: 3 0x000000008000f4ac (0x00003797) x15 0x00000000800124ac
core   0: 0x000000008000f4b0 (0xb7c78793) addi    a5, a5, -1156
core   0: 3 0x000000008000f4b0 (0xb7c78793) x15 0x0000000080012028
core   0: 0x000000008000f4b4 (0x40f707b3) sub     a5, a4, a5
core   0: 3 0x000000008000f4b4 (0x40f707b3) x15 0x0000000000000000
core   0: 0x000000008000f4b8 (0xfef43423) sd      a5, -24(s0)
core   0: 3 0x000000008000f4b8 (0xfef43423) mem 0x0000000080031f78 0x0000000000000000
core   0: 0x000000008000f4bc (0x00008792) c.mv    a5, tp
core   0: 3 0x000000008000f4bc (0x8792) x15 0x0000000080012040
core   0: 0x000000008000f4be (0xfe843603) ld      a2, -24(s0)
core   0: 3 0x000000008000f4be (0xfe843603) x12 0x0000000000000000 mem 0x0000000080031f78
core   0: 0x000000008000f4c2 (0x00003597) auipc   a1, 0x3
core   0: 3 0x000000008000f4c2 (0x00003597) x11 0x00000000800124c2
core   0: 0x000000008000f4c6 (0xb6658593) addi    a1, a1, -1178
core   0: 3 0x000000008000f4c6 (0xb6658593) x11 0x0000000080012028
core   0: 0x000000008000f4ca (0x0000853e) c.mv    a0, a5
core   0: 3 0x000000008000f4ca (0x853e) x10 0x0000000080012040
core   0: 0x000000008000f4cc (0x0f9000ef) jal     pc + 0x8f8
core   0: 3 0x000000008000f4cc (0x0f9000ef) x1  0x000000008000f4d0
core   0: >>>>  memcpy
core   0: 0x000000008000fdc4 (0x0000715d) c.addi16sp sp, -80
core   0: 3 0x000000008000fdc4 (0x715d) x2  0x0000000080031f20
core   0: 0x000000008000fdc6 (0x0000e4a2) c.sdsp  s0, 72(sp)
core   0: 3 0x000000008000fdc6 (0xe4a2) mem 0x0000000080031f68 0x0000000080031f90
core   0: 0x000000008000fdc8 (0x00000880) c.addi4spn s0, sp, 80
core   0: 3 0x000000008000fdc8 (0x0880) x8  0x0000000080031f70
core   0: 0x000000008000fdca (0xfca43423) sd      a0, -56(s0)
core   0: 3 0x000000008000fdca (0xfca43423) mem 0x0000000080031f38 0x0000000080012040
core   0: 0x000000008000fdce (0xfcb43023) sd      a1, -64(s0)
core   0: 3 0x000000008000fdce (0xfcb43023) mem 0x0000000080031f30 0x0000000080012028
core   0: 0x000000008000fdd2 (0xfac43c23) sd      a2, -72(s0)
core   0: 3 0x000000008000fdd2 (0xfac43c23) mem 0x0000000080031f28 0x0000000000000000
core   0: 0x000000008000fdd6 (0xfc843703) ld      a4, -56(s0)
core   0: 3 0x000000008000fdd6 (0xfc843703) x14 0x0000000080012040 mem 0x0000000080031f38
core   0: 0x000000008000fdda (0xfc043783) ld      a5, -64(s0)
core   0: 3 0x000000008000fdda (0xfc043783) x15 0x0000000080012028 mem 0x0000000080031f30
core   0: 0x000000008000fdde (0x00008f5d) c.or    a4, a5
core   0: 3 0x000000008000fdde (0x8f5d) x14 0x0000000080012068
core   0: 0x000000008000fde0 (0xfb843783) ld      a5, -72(s0)
core   0: 3 0x000000008000fde0 (0xfb843783) x15 0x0000000000000000 mem 0x0000000080031f28
core   0: 0x000000008000fde4 (0x00008fd9) c.or    a5, a4
core   0: 3 0x000000008000fde4 (0x8fd9) x15 0x0000000080012068
core   0: 0x000000008000fde6 (0x00008b9d) c.andi  a5, 7
core   0: 3 0x000000008000fde6 (0x8b9d) x15 0x0000000000000000
core   0: 0x000000008000fde8 (0x0000e3b1) c.bnez  a5, pc + 68
core   0: 3 0x000000008000fde8 (0xe3b1)
core   0: 0x000000008000fdea (0xfc043783) ld      a5, -64(s0)
core   0: 3 0x000000008000fdea (0xfc043783) x15 0x0000000080012028 mem 0x0000000080031f30
core   0: 0x000000008000fdee (0xfef43423) sd      a5, -24(s0)
core   0: 3 0x000000008000fdee (0xfef43423) mem 0x0000000080031f58 0x0000000080012028
core   0: 0x000000008000fdf2 (0xfc843783) ld      a5, -56(s0)
core   0: 3 0x000000008000fdf2 (0xfc843783) x15 0x0000000080012040 mem 0x0000000080031f38
core   0: 0x000000008000fdf6 (0xfef43023) sd      a5, -32(s0)
core   0: 3 0x000000008000fdf6 (0xfef43023) mem 0x0000000080031f50 0x0000000080012040
core   0: 0x000000008000fdfa (0x0000a839) c.j     pc + 30
core   0: 3 0x000000008000fdfa (0xa839)
core   0: 0x000000008000fe18 (0xfc843703) ld      a4, -56(s0)
core   0: 3 0x000000008000fe18 (0xfc843703) x14 0x0000000080012040 mem 0x0000000080031f38
core   0: 0x000000008000fe1c (0xfb843783) ld      a5, -72(s0)
core   0: 3 0x000000008000fe1c (0xfb843783) x15 0x0000000000000000 mem 0x0000000080031f28
core   0: 0x000000008000fe20 (0x000097ba) c.add   a5, a4
core   0: 3 0x000000008000fe20 (0x97ba) x15 0x0000000080012040
core   0: 0x000000008000fe22 (0xfe043703) ld      a4, -32(s0)
core   0: 3 0x000000008000fe22 (0xfe043703) x14 0x0000000080012040 mem 0x0000000080031f50
core   0: 0x000000008000fe26 (0xfcf76be3) bltu    a4, a5, pc - 42
core   0: 3 0x000000008000fe26 (0xfcf76be3)
core   0: 0x000000008000fe2a (0x0000a099) c.j     pc + 70
core   0: 3 0x000000008000fe2a (0xa099)
core   0: 0x000000008000fe70 (0xfc843783) ld      a5, -56(s0)
core   0: 3 0x000000008000fe70 (0xfc843783) x15 0x0000000080012040 mem 0x0000000080031f38
core   0: 0x000000008000fe74 (0x0000853e) c.mv    a0, a5
core   0: 3 0x000000008000fe74 (0x853e) x10 0x0000000080012040
core   0: 0x000000008000fe76 (0x00006426) c.ldsp  s0, 72(sp)
core   0: 3 0x000000008000fe76 (0x6426) x8  0x0000000080031f90 mem 0x0000000080031f68
core   0: 0x000000008000fe78 (0x00006161) c.addi16sp sp, 80
core   0: 3 0x000000008000fe78 (0x6161) x2  0x0000000080031f70
core   0: 0x000000008000fe7a (0x00008082) ret
core   0: 3 0x000000008000fe7a (0x8082)
core   0: 0x000000008000f4d0 (0x00003717) auipc   a4, 0x3
core   0: 3 0x000000008000f4d0 (0x00003717) x14 0x00000000800124d0
core   0: 0x000000008000f4d4 (0xbf470713) addi    a4, a4, -1036
core   0: 3 0x000000008000f4d4 (0xbf470713) x14 0x00000000800120c4
core   0: 0x000000008000f4d8 (0x00003797) auipc   a5, 0x3
core   0: 3 0x000000008000f4d8 (0x00003797) x15 0x00000000800124d8
core   0: 0x000000008000f4dc (0xb5078793) addi    a5, a5, -1200
core   0: 3 0x000000008000f4dc (0xb5078793) x15 0x0000000080012028
core   0: 0x000000008000f4e0 (0x40f707b3) sub     a5, a4, a5
core   0: 3 0x000000008000f4e0 (0x40f707b3) x15 0x000000000000009c
core   0: 0x000000008000f4e4 (0xfef43023) sd      a5, -32(s0)
core   0: 3 0x000000008000f4e4 (0xfef43023) mem 0x0000000080031f70 0x000000000000009c
core   0: 0x000000008000f4e8 (0x00008712) c.mv    a4, tp
core   0: 3 0x000000008000f4e8 (0x8712) x14 0x0000000080012040
core   0: 0x000000008000f4ea (0xfe843783) ld      a5, -24(s0)
core   0: 3 0x000000008000f4ea (0xfe843783) x15 0x0000000000000000 mem 0x0000000080031f78
core   0: 0x000000008000f4ee (0x000097ba) c.add   a5, a4
core   0: 3 0x000000008000f4ee (0x97ba) x15 0x0000000080012040
core   0: 0x000000008000f4f0 (0xfe043603) ld      a2, -32(s0)
core   0: 3 0x000000008000f4f0 (0xfe043603) x12 0x000000000000009c mem 0x0000000080031f70
core   0: 0x000000008000f4f4 (0x00004581) c.li    a1, 0
core   0: 3 0x000000008000f4f4 (0x4581) x11 0x0000000000000000
core   0: 0x000000008000f4f6 (0x0000853e) c.mv    a0, a5
core   0: 3 0x000000008000f4f6 (0x853e) x10 0x0000000080012040
core   0: 0x000000008000f4f8 (0x185000ef) jal     pc + 0x984
core   0: 3 0x000000008000f4f8 (0x185000ef) x1  0x000000008000f4fc
core   0: >>>>  memset
core   0: 0x000000008000fe7c (0x0000715d) c.addi16sp sp, -80
core   0: 3 0x000000008000fe7c (0x715d) x2  0x0000000080031f20
core   0: 0x000000008000fe7e (0x0000e4a2) c.sdsp  s0, 72(sp)
core   0: 3 0x000000008000fe7e (0xe4a2) mem 0x0000000080031f68 0x0000000080031f90
core   0: 0x000000008000fe80 (0x00000880) c.addi4spn s0, sp, 80
core   0: 3 0x000000008000fe80 (0x0880) x8  0x0000000080031f70
core   0: 0x000000008000fe82 (0xfca43423) sd      a0, -56(s0)
core   0: 3 0x000000008000fe82 (0xfca43423) mem 0x0000000080031f38 0x0000000080012040
core   0: 0x000000008000fe86 (0x000087ae) c.mv    a5, a1
core   0: 3 0x000000008000fe86 (0x87ae) x15 0x0000000000000000
core   0: 0x000000008000fe88 (0xfac43c23) sd      a2, -72(s0)
core   0: 3 0x000000008000fe88 (0xfac43c23) mem 0x0000000080031f28 0x000000000000009c
core   0: 0x000000008000fe8c (0xfcf42223) sw      a5, -60(s0)
core   0: 3 0x000000008000fe8c (0xfcf42223) mem 0x0000000080031f34 0x00000000
core   0: 0x000000008000fe90 (0xfc843703) ld      a4, -56(s0)
core   0: 3 0x000000008000fe90 (0xfc843703) x14 0x0000000080012040 mem 0x0000000080031f38
core   0: 0x000000008000fe94 (0xfb843783) ld      a5, -72(s0)
core   0: 3 0x000000008000fe94 (0xfb843783) x15 0x000000000000009c mem 0x0000000080031f28
core   0: 0x000000008000fe98 (0x00008fd9) c.or    a5, a4
core   0: 3 0x000000008000fe98 (0x8fd9) x15 0x00000000800120dc
core   0: 0x000000008000fe9a (0x00008b9d) c.andi  a5, 7
core   0: 3 0x000000008000fe9a (0x8b9d) x15 0x0000000000000004
core   0: 0x000000008000fe9c (0x0000e7bd) c.bnez  a5, pc + 110
core   0: 3 0x000000008000fe9c (0xe7bd)
core   0: 0x000000008000ff0a (0xfc843783) ld      a5, -56(s0)
core   0: 3 0x000000008000ff0a (0xfc843783) x15 0x0000000080012040 mem 0x0000000080031f38
core   0: 0x000000008000ff0e (0xfef43023) sd      a5, -32(s0)
core   0: 3 0x000000008000ff0e (0xfef43023) mem 0x0000000080031f50 0x0000000080012040
core   0: 0x000000008000ff12 (0x0000a829) c.j     pc + 26
core   0: 3 0x000000008000ff12 (0xa829)
core   0: 0x000000008000ff2c (0xfc843703) ld      a4, -56(s0)
core   0: 3 0x000000008000ff2c (0xfc843703) x14 0x0000000080012040 mem 0x0000000080031f38
core   0: 0x000000008000ff30 (0xfb843783) ld      a5, -72(s0)
core   0: 3 0x000000008000ff30 (0xfb843783) x15 0x000000000000009c mem 0x0000000080031f28
core   0: 0x000000008000ff34 (0x000097ba) c.add   a5, a4
core   0: 3 0x000000008000ff34 (0x97ba) x15 0x00000000800120dc
core   0: 0x000000008000ff36 (0xfe043703) ld      a4, -32(s0)
core   0: 3 0x000000008000ff36 (0xfe043703) x14 0x0000000080012040 mem 0x0000000080031f50
core   0: 0x000000008000ff3a (0xfcf76de3) bltu    a4, a5, pc - 38
core   0: 3 0x000000008000ff3a (0xfcf76de3)
core   0: 0x000000008000ff14 (0xfe043783) ld      a5, -32(s0)
core   0: 3 0x000000008000ff14 (0xfe043783) x15 0x0000000080012040 mem 0x0000000080031f50
core   0: 0x000000008000ff18 (0x00178713) addi    a4, a5, 1
core   0: 3 0x000000008000ff18 (0x00178713) x14 0x0000000080012041
core   0: 0x000000008000ff1c (0xfee43023) sd      a4, -32(s0)
core   0: 3 0x000000008000ff1c (0xfee43023) mem 0x0000000080031f50 0x0000000080012041
core   0: 0x000000008000ff20 (0xfc442703) lw      a4, -60(s0)
core   0: 3 0x000000008000ff20 (0xfc442703) x14 0x0000000000000000 mem 0x0000000080031f34
core   0: 0x000000008000ff24 (0x0ff77713) andi    a4, a4, 255
core   0: 3 0x000000008000ff24 (0x0ff77713) x14 0x0000000000000000
core   0: 0x000000008000ff28 (0x00e78023) sb      a4, 0(a5)
core   0: 3 0x000000008000ff28 (0x00e78023) mem 0x0000000080012040 0x00
core   0: 0x000000008000ff2c (0xfc843703) ld      a4, -56(s0)
core   0: 3 0x000000008000ff2c (0xfc843703) x14 0x0000000080012040 mem 0x0000000080031f38
core   0: 0x000000008000ff30 (0xfb843783) ld      a5, -72(s0)
core   0: 3 0x000000008000ff30 (0xfb843783) x15 0x000000000000009c mem 0x0000000080031f28
core   0: 0x000000008000ff34 (0x000097ba) c.add   a5, a4
core   0: 3 0x000000008000ff34 (0x97ba) x15 0x00000000800120dc
core   0: 0x000000008000ff36 (0xfe043703) ld      a4, -32(s0)
core   0: 3 0x000000008000ff36 (0xfe043703) x14 0x0000000080012041 mem 0x0000000080031f50
core   0: 0x000000008000ff3a (0xfcf76de3) bltu    a4, a5, pc - 38
core   0: 3 0x000000008000ff3a (0xfcf76de3)
core   0: 0x000000008000ff14 (0xfe043783) ld      a5, -32(s0)
core   0: 3 0x000000008000ff14 (0xfe043783) x15 0x0000000080012041 mem 0x0000000080031f50
core   0: 0x000000008000ff18 (0x00178713) addi    a4, a5, 1
core   0: 3 0x000000008000ff18 (0x00178713) x14 0x0000000080012042
core   0: 0x000000008000ff1c (0xfee43023) sd      a4, -32(s0)
core   0: 3 0x000000008000ff1c (0xfee43023) mem 0x0000000080031f50 0x0000000080012042
core   0: 0x000000008000ff20 (0xfc442703) lw      a4, -60(s0)
core   0: 3 0x000000008000ff20 (0xfc442703) x14 0x0000000000000000 mem 0x0000000080031f34
core   0: 0x000000008000ff24 (0x0ff77713) andi    a4, a4, 255
core   0: 3 0x000000008000ff24 (0x0ff77713) x14 0x0000000000000000
core   0: 0x000000008000ff28 (0x00e78023) sb      a4, 0(a5)
core   0: 3 0x000000008000ff28 (0x00e78023) mem 0x0000000080012041 0x00
core   0: 0x000000008000ff2c (0xfc843703) ld      a4, -56(s0)
core   0: 3 0x000000008000ff2c (0xfc843703) x14 0x0000000080012040 mem 0x0000000080031f38
core   0: 0x000000008000ff30 (0xfb843783) ld      a5, -72(s0)
core   0: 3 0x000000008000ff30 (0xfb843783) x15 0x000000000000009c mem 0x0000000080031f28
core   0: 0x000000008000ff34 (0x000097ba) c.add   a5, a4
core   0: 3 0x000000008000ff34 (0x97ba) x15 0x00000000800120dc
core   0: 0x000000008000ff36 (0xfe043703) ld      a4, -32(s0)
core   0: 3 0x000000008000ff36 (0xfe043703) x14 0x0000000080012042 mem 0x0000000080031f50
core   0: 0x000000008000ff3a (0xfcf76de3) bltu    a4, a5, pc - 38
core   0: 3 0x000000008000ff3a (0xfcf76de3)
core   0: 0x000000008000ff14 (0xfe043783) ld      a5, -32(s0)
core   0: 3 0x000000008000ff14 (0xfe043783) x15 0x0000000080012042 mem 0x0000000080031f50
core   0: 0x000000008000ff18 (0x00178713) addi    a4, a5, 1
core   0: 3 0x000000008000ff18 (0x00178713) x14 0x0000000080012043
core   0: 0x000000008000ff1c (0xfee43023) sd      a4, -32(s0)
core   0: 3 0x000000008000ff1c (0xfee43023) mem 0x0000000080031f50 0x0000000080012043
core   0: 0x000000008000ff20 (0xfc442703) lw      a4, -60(s0)
core   0: 3 0x000000008000ff20 (0xfc442703) x14 0x0000000000000000 mem 0x0000000080031f34
core   0: 0x000000008000ff24 (0x0ff77713) andi    a4, a4, 255
core   0: 3 0x000000008000ff24 (0x0ff77713) x14 0x0000000000000000
core   0: 0x000000008000ff28 (0x00e78023) sb      a4, 0(a5)
core   0: 3 0x000000008000ff28 (0x00e78023) mem 0x0000000080012042 0x00
core   0: 0x000000008000ff2c (0xfc843703) ld      a4, -56(s0)
core   0: 3 0x000000008000ff2c (0xfc843703) x14 0x0000000080012040 mem 0x0000000080031f38
core   0: 0x000000008000ff30 (0xfb843783) ld      a5, -72(s0)
core   0: 3 0x000000008000ff30 (0xfb843783) x15 0x000000000000009c mem 0x0000000080031f28
core   0: 0x000000008000ff34 (0x000097ba) c.add   a5, a4
core   0: 3 0x000000008000ff34 (0x97ba) x15 0x00000000800120dc
core   0: 0x000000008000ff36 (0xfe043703) ld      a4, -32(s0)
core   0: 3 0x000000008000ff36 (0xfe043703) x14 0x0000000080012043 mem 0x0000000080031f50
core   0: 0x000000008000ff3a (0xfcf76de3) bltu    a4, a5, pc - 38
core   0: 3 0x000000008000ff3a (0xfcf76de3)
core   0: 0x000000008000ff14 (0xfe043783) ld      a5, -32(s0)
core   0: 3 0x000000008000ff14 (0xfe043783) x15 0x0000000080012043 mem 0x0000000080031f50
core   0: 0x000000008000ff18 (0x00178713) addi    a4, a5, 1
core   0: 3 0x000000008000ff18 (0x00178713) x14 0x0000000080012044
core   0: 0x000000008000ff1c (0xfee43023) sd      a4, -32(s0)
core   0: 3 0x000000008000ff1c (0xfee43023) mem 0x0000000080031f50 0x0000000080012044
core   0: 0x000000008000ff20 (0xfc442703) lw      a4, -60(s0)
core   0: 3 0x000000008000ff20 (0xfc442703) x14 0x0000000000000000 mem 0x0000000080031f34
core   0: 0x000000008000ff24 (0x0ff77713) andi    a4, a4, 255
core   0: 3 0x000000008000ff24 (0x0ff77713) x14 0x0000000000000000
core   0: 0x000000008000ff28 (0x00e78023) sb      a4, 0(a5)
core   0: 3 0x000000008000ff28 (0x00e78023) mem 0x0000000080012043 0x00
core   0: 0x000000008000ff2c (0xfc843703) ld      a4, -56(s0)
core   0: 3 0x000000008000ff2c (0xfc843703) x14 0x0000000080012040 mem 0x0000000080031f38
core   0: 0x000000008000ff30 (0xfb843783) ld      a5, -72(s0)
core   0: 3 0x000000008000ff30 (0xfb843783) x15 0x000000000000009c mem 0x0000000080031f28
core   0: 0x000000008000ff34 (0x000097ba) c.add   a5, a4
core   0: 3 0x000000008000ff34 (0x97ba) x15 0x00000000800120dc
core   0: 0x000000008000ff36 (0xfe043703) ld      a4, -32(s0)
core   0: 3 0x000000008000ff36 (0xfe043703) x14 0x0000000080012044 mem 0x0000000080031f50
core   0: 0x000000008000ff3a (0xfcf76de3) bltu    a4, a5, pc - 38
core   0: 3 0x000000008000ff3a (0xfcf76de3)
core   0: 0x000000008000ff14 (0xfe043783) ld      a5, -32(s0)
core   0: 3 0x000000008000ff14 (0xfe043783) x15 0x0000000080012044 mem 0x0000000080031f50
core   0: 0x000000008000ff18 (0x00178713) addi    a4, a5, 1
core   0: 3 0x000000008000ff18 (0x00178713) x14 0x0000000080012045
core   0: 0x000000008000ff1c (0xfee43023) sd      a4, -32(s0)
core   0: 3 0x000000008000ff1c (0xfee43023) mem 0x0000000080031f50 0x0000000080012045
core   0: 0x000000008000ff20 (0xfc442703) lw      a4, -60(s0)
core   0: 3 0x000000008000ff20 (0xfc442703) x14 0x0000000000000000 mem 0x0000000080031f34
core   0: 0x000000008000ff24 (0x0ff77713) andi    a4, a4, 255
core   0: 3 0x000000008000ff24 (0x0ff77713) x14 0x0000000000000000
core   0: 0x000000008000ff28 (0x00e78023) sb      a4, 0(a5)
core   0: 3 0x000000008000ff28 (0x00e78023) mem 0x0000000080012044 0x00
core   0: 0x000000008000ff2c (0xfc843703) ld      a4, -56(s0)
core   0: 3 0x000000008000ff2c (0xfc843703) x14 0x0000000080012040 mem 0x0000000080031f38
core   0: 0x000000008000ff30 (0xfb843783) ld      a5, -72(s0)
core   0: 3 0x000000008000ff30 (0xfb843783) x15 0x000000000000009c mem 0x0000000080031f28
core   0: 0x000000008000ff34 (0x000097ba) c.add   a5, a4
core   0: 3 0x000000008000ff34 (0x97ba) x15 0x00000000800120dc
core   0: 0x000000008000ff36 (0xfe043703) ld      a4, -32(s0)
core   0: 3 0x000000008000ff36 (0xfe043703) x14 0x0000000080012045 mem 0x0000000080031f50
core   0: 0x000000008000ff3a (0xfcf76de3) bltu    a4, a5, pc - 38
core   0: 3 0x000000008000ff3a (0xfcf76de3)
core   0: 0x000000008000ff14 (0xfe043783) ld      a5, -32(s0)
core   0: 3 0x000000008000ff14 (0xfe043783) x15 0x0000000080012045 mem 0x0000000080031f50
core   0: 0x000000008000ff18 (0x00178713) addi    a4, a5, 1
core   0: 3 0x000000008000ff18 (0x00178713) x14 0x0000000080012046
core   0: 0x000000008000ff1c (0xfee43023) sd      a4, -32(s0)
core   0: 3 0x000000008000ff1c (0xfee43023) mem 0x0000000080031f50 0x0000000080012046
core   0: 0x000000008000ff20 (0xfc442703) lw      a4, -60(s0)
core   0: 3 0x000000008000ff20 (0xfc442703) x14 0x0000000000000000 mem 0x0000000080031f34
core   0: 0x000000008000ff24 (0x0ff77713) andi    a4, a4, 255
core   0: 3 0x000000008000ff24 (0x0ff77713) x14 0x0000000000000000
core   0: 0x000000008000ff28 (0x00e78023) sb      a4, 0(a5)
core   0: 3 0x000000008000ff28 (0x00e78023) mem 0x0000000080012045 0x00
core   0: 0x000000008000ff2c (0xfc843703) ld      a4, -56(s0)
core   0: 3 0x000000008000ff2c (0xfc843703) x14 0x0000000080012040 mem 0x0000000080031f38
core   0: 0x000000008000ff30 (0xfb843783) ld      a5, -72(s0)
core   0: 3 0x000000008000ff30 (0xfb843783) x15 0x000000000000009c mem 0x0000000080031f28
core   0: 0x000000008000ff34 (0x000097ba) c.add   a5, a4
core   0: 3 0x000000008000ff34 (0x97ba) x15 0x00000000800120dc
core   0: 0x000000008000ff36 (0xfe043703) ld      a4, -32(s0)
core   0: 3 0x000000008000ff36 (0xfe043703) x14 0x0000000080012046 mem 0x0000000080031f50
core   0: 0x000000008000ff3a (0xfcf76de3) bltu    a4, a5, pc - 38
core   0: 3 0x000000008000ff3a (0xfcf76de3)
core   0: 0x000000008000ff14 (0xfe043783) ld      a5, -32(s0)
core   0: 3 0x000000008000ff14 (0xfe043783) x15 0x0000000080012046 mem 0x0000000080031f50
core   0: 0x000000008000ff18 (0x00178713) addi    a4, a5, 1
core   0: 3 0x000000008000ff18 (0x00178713) x14 0x0000000080012047
core   0: 0x000000008000ff1c (0xfee43023) sd      a4, -32(s0)
core   0: 3 0x000000008000ff1c (0xfee43023) mem 0x0000000080031f50 0x0000000080012047
core   0: 0x000000008000ff20 (0xfc442703) lw      a4, -60(s0)
core   0: 3 0x000000008000ff20 (0xfc442703) x14 0x0000000000000000 mem 0x0000000080031f34
core   0: 0x000000008000ff24 (0x0ff77713) andi    a4, a4, 255
core   0: 3 0x000000008000ff24 (0x0ff77713) x14 0x0000000000000000
core   0: 0x000000008000ff28 (0x00e78023) sb      a4, 0(a5)
core   0: 3 0x000000008000ff28 (0x00e78023) mem 0x0000000080012046 0x00
core   0: 0x000000008000ff2c (0xfc843703) ld      a4, -56(s0)
core   0: 3 0x000000008000ff2c (0xfc843703) x14 0x0000000080012040 mem 0x0000000080031f38
core   0: 0x000000008000ff30 (0xfb843783) ld      a5, -72(s0)
core   0: 3 0x000000008000ff30 (0xfb843783) x15 0x000000000000009c mem 0x0000000080031f28
core   0: 0x000000008000ff34 (0x000097ba) c.add   a5, a4
core   0: 3 0x000000008000ff34 (0x97ba) x15 0x00000000800120dc
core   0: 0x000000008000ff36 (0xfe043703) ld      a4, -32(s0)
core   0: 3 0x000000008000ff36 (0xfe043703) x14 0x0000000080012047 mem 0x0000000080031f50
core   0: 0x000000008000ff3a (0xfcf76de3) bltu    a4, a5, pc - 38
core   0: 3 0x000000008000ff3a (0xfcf76de3)
core   0: 0x000000008000ff14 (0xfe043783) ld      a5, -32(s0)
core   0: 3 0x000000008000ff14 (0xfe043783) x15 0x0000000080012047 mem 0x0000000080031f50
core   0: 0x000000008000ff18 (0x00178713) addi    a4, a5, 1
core   0: 3 0x000000008000ff18 (0x00178713) x14 0x0000000080012048
core   0: 0x000000008000ff1c (0xfee43023) sd      a4, -32(s0)
core   0: 3 0x000000008000ff1c (0xfee43023) mem 0x0000000080031f50 0x0000000080012048
core   0: 0x000000008000ff20 (0xfc442703) lw      a4, -60(s0)
core   0: 3 0x000000008000ff20 (0xfc442703) x14 0x0000000000000000 mem 0x0000000080031f34
core   0: 0x000000008000ff24 (0x0ff77713) andi    a4, a4, 255
core   0: 3 0x000000008000ff24 (0x0ff77713) x14 0x0000000000000000
core   0: 0x000000008000ff28 (0x00e78023) sb      a4, 0(a5)
core   0: 3 0x000000008000ff28 (0x00e78023) mem 0x0000000080012047 0x00
core   0: 0x000000008000ff2c (0xfc843703) ld      a4, -56(s0)
core   0: 3 0x000000008000ff2c (0xfc843703) x14 0x0000000080012040 mem 0x0000000080031f38
core   0: 0x000000008000ff30 (0xfb843783) ld      a5, -72(s0)
core   0: 3 0x000000008000ff30 (0xfb843783) x15 0x000000000000009c mem 0x0000000080031f28
core   0: 0x000000008000ff34 (0x000097ba) c.add   a5, a4
core   0: 3 0x000000008000ff34 (0x97ba) x15 0x00000000800120dc
core   0: 0x000000008000ff36 (0xfe043703) ld      a4, -32(s0)
core   0: 3 0x000000008000ff36 (0xfe043703) x14 0x0000000080012048 mem 0x0000000080031f50
core   0: 0x000000008000ff3a (0xfcf76de3) bltu    a4, a5, pc - 38
core   0: 3 0x000000008000ff3a (0xfcf76de3)
core   0: 0x000000008000ff14 (0xfe043783) ld      a5, -32(s0)
core   0: 3 0x000000008000ff14 (0xfe043783) x15 0x0000000080012048 mem 0x0000000080031f50
core   0: 0x000000008000ff18 (0x00178713) addi    a4, a5, 1
core   0: 3 0x000000008000ff18 (0x00178713) x14 0x0000000080012049
core   0: 0x000000008000ff1c (0xfee43023) sd      a4, -32(s0)
core   0: 3 0x000000008000ff1c (0xfee43023) mem 0x0000000080031f50 0x0000000080012049
core   0: 0x000000008000ff20 (0xfc442703) lw      a4, -60(s0)
core   0: 3 0x000000008000ff20 (0xfc442703) x14 0x0000000000000000 mem 0x0000000080031f34
core   0: 0x000000008000ff24 (0x0ff77713) andi    a4, a4, 255
core   0: 3 0x000000008000ff24 (0x0ff77713) x14 0x0000000000000000
core   0: 0x000000008000ff28 (0x00e78023) sb      a4, 0(a5)
core   0: 3 0x000000008000ff28 (0x00e78023) mem 0x0000000080012048 0x00
core   0: 0x000000008000ff2c (0xfc843703) ld      a4, -56(s0)
core   0: 3 0x000000008000ff2c (0xfc843703) x14 0x0000000080012040 mem 0x0000000080031f38
core   0: 0x000000008000ff30 (0xfb843783) ld      a5, -72(s0)
core   0: 3 0x000000008000ff30 (0xfb843783) x15 0x000000000000009c mem 0x0000000080031f28
core   0: 0x000000008000ff34 (0x000097ba) c.add   a5, a4
core   0: 3 0x000000008000ff34 (0x97ba) x15 0x00000000800120dc
core   0: 0x000000008000ff36 (0xfe043703) ld      a4, -32(s0)
core   0: 3 0x000000008000ff36 (0xfe043703) x14 0x0000000080012049 mem 0x0000000080031f50
core   0: 0x000000008000ff3a (0xfcf76de3) bltu    a4, a5, pc - 38
core   0: 3 0x000000008000ff3a (0xfcf76de3)
core   0: 0x000000008000ff14 (0xfe043783) ld      a5, -32(s0)
core   0: 3 0x000000008000ff14 (0xfe043783) x15 0x0000000080012049 mem 0x0000000080031f50
core   0: 0x000000008000ff18 (0x00178713) addi    a4, a5, 1
core   0: 3 0x000000008000ff18 (0x00178713) x14 0x000000008001204a
core   0: 0x000000008000ff1c (0xfee43023) sd      a4, -32(s0)
core   0: 3 0x000000008000ff1c (0xfee43023) mem 0x0000000080031f50 0x000000008001204a
core   0: 0x000000008000ff20 (0xfc442703) lw      a4, -60(s0)
core   0: 3 0x000000008000ff20 (0xfc442703) x14 0x0000000000000000 mem 0x0000000080031f34
core   0: 0x000000008000ff24 (0x0ff77713) andi    a4, a4, 255
core   0: 3 0x000000008000ff24 (0x0ff77713) x14 0x0000000000000000
core   0: 0x000000008000ff28 (0x00e78023) sb      a4, 0(a5)
core   0: 3 0x000000008000ff28 (0x00e78023) mem 0x0000000080012049 0x00
core   0: 0x000000008000ff2c (0xfc843703) ld      a4, -56(s0)
core   0: 3 0x000000008000ff2c (0xfc843703) x14 0x0000000080012040 mem 0x0000000080031f38
core   0: 0x000000008000ff30 (0xfb843783) ld      a5, -72(s0)
core   0: 3 0x000000008000ff30 (0xfb843783) x15 0x000000000000009c mem 0x0000000080031f28
core   0: 0x000000008000ff34 (0x000097ba) c.add   a5, a4
core   0: 3 0x000000008000ff34 (0x97ba) x15 0x00000000800120dc
core   0: 0x000000008000ff36 (0xfe043703) ld      a4, -32(s0)
core   0: 3 0x000000008000ff36 (0xfe043703) x14 0x000000008001204a mem 0x0000000080031f50
core   0: 0x000000008000ff3a (0xfcf76de3) bltu    a4, a5, pc - 38
core   0: 3 0x000000008000ff3a (0xfcf76de3)
core   0: 0x000000008000ff14 (0xfe043783) ld      a5, -32(s0)
core   0: 3 0x000000008000ff14 (0xfe043783) x15 0x000000008001204a mem 0x0000000080031f50
core   0: 0x000000008000ff18 (0x00178713) addi    a4, a5, 1
core   0: 3 0x000000008000ff18 (0x00178713) x14 0x000000008001204b
core   0: 0x000000008000ff1c (0xfee43023) sd      a4, -32(s0)
core   0: 3 0x000000008000ff1c (0xfee43023) mem 0x0000000080031f50 0x000000008001204b
core   0: 0x000000008000ff20 (0xfc442703) lw      a4, -60(s0)
core   0: 3 0x000000008000ff20 (0xfc442703) x14 0x0000000000000000 mem 0x0000000080031f34
core   0: 0x000000008000ff24 (0x0ff77713) andi    a4, a4, 255
core   0: 3 0x000000008000ff24 (0x0ff77713) x14 0x0000000000000000
core   0: 0x000000008000ff28 (0x00e78023) sb      a4, 0(a5)
core   0: 3 0x000000008000ff28 (0x00e78023) mem 0x000000008001204a 0x00
core   0: 0x000000008000ff2c (0xfc843703) ld      a4, -56(s0)
core   0: 3 0x000000008000ff2c (0xfc843703) x14 0x0000000080012040 mem 0x0000000080031f38
core   0: 0x000000008000ff30 (0xfb843783) ld      a5, -72(s0)
core   0: 3 0x000000008000ff30 (0xfb843783) x15 0x000000000000009c mem 0x0000000080031f28
core   0: 0x000000008000ff34 (0x000097ba) c.add   a5, a4
core   0: 3 0x000000008000ff34 (0x97ba) x15 0x00000000800120dc
core   0: 0x000000008000ff36 (0xfe043703) ld      a4, -32(s0)
core   0: 3 0x000000008000ff36 (0xfe043703) x14 0x000000008001204b mem 0x0000000080031f50
core   0: 0x000000008000ff3a (0xfcf76de3) bltu    a4, a5, pc - 38
core   0: 3 0x000000008000ff3a (0xfcf76de3)
core   0: 0x000000008000ff14 (0xfe043783) ld      a5, -32(s0)
core   0: 3 0x000000008000ff14 (0xfe043783) x15 0x000000008001204b mem 0x0000000080031f50
core   0: 0x000000008000ff18 (0x00178713) addi    a4, a5, 1
core   0: 3 0x000000008000ff18 (0x00178713) x14 0x000000008001204c
core   0: 0x000000008000ff1c (0xfee43023) sd      a4, -32(s0)
core   0: 3 0x000000008000ff1c (0xfee43023) mem 0x0000000080031f50 0x000000008001204c
core   0: 0x000000008000ff20 (0xfc442703) lw      a4, -60(s0)
core   0: 3 0x000000008000ff20 (0xfc442703) x14 0x0000000000000000 mem 0x0000000080031f34
core   0: 0x000000008000ff24 (0x0ff77713) andi    a4, a4, 255
core   0: 3 0x000000008000ff24 (0x0ff77713) x14 0x0000000000000000
core   0: 0x000000008000ff28 (0x00e78023) sb      a4, 0(a5)
core   0: 3 0x000000008000ff28 (0x00e78023) mem 0x000000008001204b 0x00
core   0: 0x000000008000ff2c (0xfc843703) ld      a4, -56(s0)
core   0: 3 0x000000008000ff2c (0xfc843703) x14 0x0000000080012040 mem 0x0000000080031f38
core   0: 0x000000008000ff30 (0xfb843783) ld      a5, -72(s0)
core   0: 3 0x000000008000ff30 (0xfb843783) x15 0x000000000000009c mem 0x0000000080031f28
core   0: 0x000000008000ff34 (0x000097ba) c.add   a5, a4
core   0: 3 0x000000008000ff34 (0x97ba) x15 0x00000000800120dc
core   0: 0x000000008000ff36 (0xfe043703) ld      a4, -32(s0)
core   0: 3 0x000000008000ff36 (0xfe043703) x14 0x000000008001204c mem 0x0000000080031f50
core   0: 0x000000008000ff3a (0xfcf76de3) bltu    a4, a5, pc - 38
core   0: 3 0x000000008000ff3a (0xfcf76de3)
core   0: 0x000000008000ff14 (0xfe043783) ld      a5, -32(s0)
core   0: 3 0x000000008000ff14 (0xfe043783) x15 0x000000008001204c mem 0x0000000080031f50
core   0: 0x000000008000ff18 (0x00178713) addi    a4, a5, 1
core   0: 3 0x000000008000ff18 (0x00178713) x14 0x000000008001204d
core   0: 0x000000008000ff1c (0xfee43023) sd      a4, -32(s0)
core   0: 3 0x000000008000ff1c (0xfee43023) mem 0x0000000080031f50 0x000000008001204d
core   0: 0x000000008000ff20 (0xfc442703) lw      a4, -60(s0)
core   0: 3 0x000000008000ff20 (0xfc442703) x14 0x0000000000000000 mem 0x0000000080031f34
core   0: 0x000000008000ff24 (0x0ff77713) andi    a4, a4, 255
core   0: 3 0x000000008000ff24 (0x0ff77713) x14 0x0000000000000000
core   0: 0x000000008000ff28 (0x00e78023) sb      a4, 0(a5)
core   0: 3 0x000000008000ff28 (0x00e78023) mem 0x000000008001204c 0x00
core   0: 0x000000008000ff2c (0xfc843703) ld      a4, -56(s0)
core   0: 3 0x000000008000ff2c (0xfc843703) x14 0x0000000080012040 mem 0x0000000080031f38
core   0: 0x000000008000ff30 (0xfb843783) ld      a5, -72(s0)
core   0: 3 0x000000008000ff30 (0xfb843783) x15 0x000000000000009c mem 0x0000000080031f28
core   0: 0x000000008000ff34 (0x000097ba) c.add   a5, a4
core   0: 3 0x000000008000ff34 (0x97ba) x15 0x00000000800120dc
core   0: 0x000000008000ff36 (0xfe043703) ld      a4, -32(s0)
core   0: 3 0x000000008000ff36 (0xfe043703) x14 0x000000008001204d mem 0x0000000080031f50
core   0: 0x000000008000ff3a (0xfcf76de3) bltu    a4, a5, pc - 38
core   0: 3 0x000000008000ff3a (0xfcf76de3)
core   0: 0x000000008000ff14 (0xfe043783) ld      a5, -32(s0)
core   0: 3 0x000000008000ff14 (0xfe043783) x15 0x000000008001204d mem 0x0000000080031f50
core   0: 0x000000008000ff18 (0x00178713) addi    a4, a5, 1
core   0: 3 0x000000008000ff18 (0x00178713) x14 0x000000008001204e
core   0: 0x000000008000ff1c (0xfee43023) sd      a4, -32(s0)
core   0: 3 0x000000008000ff1c (0xfee43023) mem 0x0000000080031f50 0x000000008001204e
core   0: 0x000000008000ff20 (0xfc442703) lw      a4, -60(s0)
core   0: 3 0x000000008000ff20 (0xfc442703) x14 0x0000000000000000 mem 0x0000000080031f34
core   0: 0x000000008000ff24 (0x0ff77713) andi    a4, a4, 255
core   0: 3 0x000000008000ff24 (0x0ff77713) x14 0x0000000000000000
core   0: 0x000000008000ff28 (0x00e78023) sb      a4, 0(a5)
core   0: 3 0x000000008000ff28 (0x00e78023) mem 0x000000008001204d 0x00
core   0: 0x000000008000ff2c (0xfc843703) ld      a4, -56(s0)
core   0: 3 0x000000008000ff2c (0xfc843703) x14 0x0000000080012040 mem 0x0000000080031f38
core   0: 0x000000008000ff30 (0xfb843783) ld      a5, -72(s0)
core   0: 3 0x000000008000ff30 (0xfb843783) x15 0x000000000000009c mem 0x0000000080031f28
core   0: 0x000000008000ff34 (0x000097ba) c.add   a5, a4
core   0: 3 0x000000008000ff34 (0x97ba) x15 0x00000000800120dc
core   0: 0x000000008000ff36 (0xfe043703) ld      a4, -32(s0)
core   0: 3 0x000000008000ff36 (0xfe043703) x14 0x000000008001204e mem 0x0000000080031f50
core   0: 0x000000008000ff3a (0xfcf76de3) bltu    a4, a5, pc - 38
core   0: 3 0x000000008000ff3a (0xfcf76de3)
core   0: 0x000000008000ff14 (0xfe043783) ld      a5, -32(s0)
core   0: 3 0x000000008000ff14 (0xfe043783) x15 0x000000008001204e mem 0x0000000080031f50
core   0: 0x000000008000ff18 (0x00178713) addi    a4, a5, 1
core   0: 3 0x000000008000ff18 (0x00178713) x14 0x000000008001204f
core   0: 0x000000008000ff1c (0xfee43023) sd      a4, -32(s0)
core   0: 3 0x000000008000ff1c (0xfee43023) mem 0x0000000080031f50 0x000000008001204f
core   0: 0x000000008000ff20 (0xfc442703) lw      a4, -60(s0)
core   0: 3 0x000000008000ff20 (0xfc442703) x14 0x0000000000000000 mem 0x0000000080031f34
core   0: 0x000000008000ff24 (0x0ff77713) andi    a4, a4, 255
core   0: 3 0x000000008000ff24 (0x0ff77713) x14 0x0000000000000000
core   0: 0x000000008000ff28 (0x00e78023) sb      a4, 0(a5)
core   0: 3 0x000000008000ff28 (0x00e78023) mem 0x000000008001204e 0x00
core   0: 0x000000008000ff2c (0xfc843703) ld      a4, -56(s0)
core   0: 3 0x000000008000ff2c (0xfc843703) x14 0x0000000080012040 mem 0x0000000080031f38
core   0: 0x000000008000ff30 (0xfb843783) ld      a5, -72(s0)
core   0: 3 0x000000008000ff30 (0xfb843783) x15 0x000000000000009c mem 0x0000000080031f28
core   0: 0x000000008000ff34 (0x000097ba) c.add   a5, a4
core   0: 3 0x000000008000ff34 (0x97ba) x15 0x00000000800120dc
core   0: 0x000000008000ff36 (0xfe043703) ld      a4, -32(s0)
core   0: 3 0x000000008000ff36 (0xfe043703) x14 0x000000008001204f mem 0x0000000080031f50
core   0: 0x000000008000ff3a (0xfcf76de3) bltu    a4, a5, pc - 38
core   0: 3 0x000000008000ff3a (0xfcf76de3)
core   0: 0x000000008000ff14 (0xfe043783) ld      a5, -32(s0)
core   0: 3 0x000000008000ff14 (0xfe043783) x15 0x000000008001204f mem 0x0000000080031f50
core   0: 0x000000008000ff18 (0x00178713) addi    a4, a5, 1
core   0: 3 0x000000008000ff18 (0x00178713) x14 0x0000000080012050
core   0: 0x000000008000ff1c (0xfee43023) sd      a4, -32(s0)
core   0: 3 0x000000008000ff1c (0xfee43023) mem 0x0000000080031f50 0x0000000080012050
core   0: 0x000000008000ff20 (0xfc442703) lw      a4, -60(s0)
core   0: 3 0x000000008000ff20 (0xfc442703) x14 0x0000000000000000 mem 0x0000000080031f34
core   0: 0x000000008000ff24 (0x0ff77713) andi    a4, a4, 255
core   0: 3 0x000000008000ff24 (0x0ff77713) x14 0x0000000000000000
core   0: 0x000000008000ff28 (0x00e78023) sb      a4, 0(a5)
core   0: 3 0x000000008000ff28 (0x00e78023) mem 0x000000008001204f 0x00
core   0: 0x000000008000ff2c (0xfc843703) ld      a4, -56(s0)
core   0: 3 0x000000008000ff2c (0xfc843703) x14 0x0000000080012040 mem 0x0000000080031f38
core   0: 0x000000008000ff30 (0xfb843783) ld      a5, -72(s0)
core   0: 3 0x000000008000ff30 (0xfb843783) x15 0x000000000000009c mem 0x0000000080031f28
core   0: 0x000000008000ff34 (0x000097ba) c.add   a5, a4
core   0: 3 0x000000008000ff34 (0x97ba) x15 0x00000000800120dc
core   0: 0x000000008000ff36 (0xfe043703) ld      a4, -32(s0)
core   0: 3 0x000000008000ff36 (0xfe043703) x14 0x0000000080012050 mem 0x0000000080031f50
core   0: 0x000000008000ff3a (0xfcf76de3) bltu    a4, a5, pc - 38
core   0: 3 0x000000008000ff3a (0xfcf76de3)
core   0: 0x000000008000ff14 (0xfe043783) ld      a5, -32(s0)
core   0: 3 0x000000008000ff14 (0xfe043783) x15 0x0000000080012050 mem 0x0000000080031f50
core   0: 0x000000008000ff18 (0x00178713) addi    a4, a5, 1
core   0: 3 0x000000008000ff18 (0x00178713) x14 0x0000000080012051
core   0: 0x000000008000ff1c (0xfee43023) sd      a4, -32(s0)
core   0: 3 0x000000008000ff1c (0xfee43023) mem 0x0000000080031f50 0x0000000080012051
core   0: 0x000000008000ff20 (0xfc442703) lw      a4, -60(s0)
core   0: 3 0x000000008000ff20 (0xfc442703) x14 0x0000000000000000 mem 0x0000000080031f34
core   0: 0x000000008000ff24 (0x0ff77713) andi    a4, a4, 255
core   0: 3 0x000000008000ff24 (0x0ff77713) x14 0x0000000000000000
core   0: 0x000000008000ff28 (0x00e78023) sb      a4, 0(a5)
core   0: 3 0x000000008000ff28 (0x00e78023) mem 0x0000000080012050 0x00
core   0: 0x000000008000ff2c (0xfc843703) ld      a4, -56(s0)
core   0: 3 0x000000008000ff2c (0xfc843703) x14 0x0000000080012040 mem 0x0000000080031f38
core   0: 0x000000008000ff30 (0xfb843783) ld      a5, -72(s0)
core   0: 3 0x000000008000ff30 (0xfb843783) x15 0x000000000000009c mem 0x0000000080031f28
core   0: 0x000000008000ff34 (0x000097ba) c.add   a5, a4
core   0: 3 0x000000008000ff34 (0x97ba) x15 0x00000000800120dc
core   0: 0x000000008000ff36 (0xfe043703) ld      a4, -32(s0)
core   0: 3 0x000000008000ff36 (0xfe043703) x14 0x0000000080012051 mem 0x0000000080031f50
core   0: 0x000000008000ff3a (0xfcf76de3) bltu    a4, a5, pc - 38
core   0: 3 0x000000008000ff3a (0xfcf76de3)
core   0: 0x000000008000ff14 (0xfe043783) ld      a5, -32(s0)
core   0: 3 0x000000008000ff14 (0xfe043783) x15 0x0000000080012051 mem 0x0000000080031f50
core   0: 0x000000008000ff18 (0x00178713) addi    a4, a5, 1
core   0: 3 0x000000008000ff18 (0x00178713) x14 0x0000000080012052
core   0: 0x000000008000ff1c (0xfee43023) sd      a4, -32(s0)
core   0: 3 0x000000008000ff1c (0xfee43023) mem 0x0000000080031f50 0x0000000080012052
core   0: 0x000000008000ff20 (0xfc442703) lw      a4, -60(s0)
core   0: 3 0x000000008000ff20 (0xfc442703) x14 0x0000000000000000 mem 0x0000000080031f34
core   0: 0x000000008000ff24 (0x0ff77713) andi    a4, a4, 255
core   0: 3 0x000000008000ff24 (0x0ff77713) x14 0x0000000000000000
core   0: 0x000000008000ff28 (0x00e78023) sb      a4, 0(a5)
core   0: 3 0x000000008000ff28 (0x00e78023) mem 0x0000000080012051 0x00
core   0: 0x000000008000ff2c (0xfc843703) ld      a4, -56(s0)
core   0: 3 0x000000008000ff2c (0xfc843703) x14 0x0000000080012040 mem 0x0000000080031f38
core   0: 0x000000008000ff30 (0xfb843783) ld      a5, -72(s0)
core   0: 3 0x000000008000ff30 (0xfb843783) x15 0x000000000000009c mem 0x0000000080031f28
core   0: 0x000000008000ff34 (0x000097ba) c.add   a5, a4
core   0: 3 0x000000008000ff34 (0x97ba) x15 0x00000000800120dc
core   0: 0x000000008000ff36 (0xfe043703) ld      a4, -32(s0)
core   0: 3 0x000000008000ff36 (0xfe043703) x14 0x0000000080012052 mem 0x0000000080031f50
core   0: 0x000000008000ff3a (0xfcf76de3) bltu    a4, a5, pc - 38
core   0: 3 0x000000008000ff3a (0xfcf76de3)
core   0: 0x000000008000ff14 (0xfe043783) ld      a5, -32(s0)
core   0: 3 0x000000008000ff14 (0xfe043783) x15 0x0000000080012052 mem 0x0000000080031f50
core   0: 0x000000008000ff18 (0x00178713) addi    a4, a5, 1
core   0: 3 0x000000008000ff18 (0x00178713) x14 0x0000000080012053
core   0: 0x000000008000ff1c (0xfee43023) sd      a4, -32(s0)
core   0: 3 0x000000008000ff1c (0xfee43023) mem 0x0000000080031f50 0x0000000080012053
core   0: 0x000000008000ff20 (0xfc442703) lw      a4, -60(s0)
core   0: 3 0x000000008000ff20 (0xfc442703) x14 0x0000000000000000 mem 0x0000000080031f34
core   0: 0x000000008000ff24 (0x0ff77713) andi    a4, a4, 255
core   0: 3 0x000000008000ff24 (0x0ff77713) x14 0x0000000000000000
core   0: 0x000000008000ff28 (0x00e78023) sb      a4, 0(a5)
core   0: 3 0x000000008000ff28 (0x00e78023) mem 0x0000000080012052 0x00
core   0: 0x000000008000ff2c (0xfc843703) ld      a4, -56(s0)
core   0: 3 0x000000008000ff2c (0xfc843703) x14 0x0000000080012040 mem 0x0000000080031f38
core   0: 0x000000008000ff30 (0xfb843783) ld      a5, -72(s0)
core   0: 3 0x000000008000ff30 (0xfb843783) x15 0x000000000000009c mem 0x0000000080031f28
core   0: 0x000000008000ff34 (0x000097ba) c.add   a5, a4
core   0: 3 0x000000008000ff34 (0x97ba) x15 0x00000000800120dc
core   0: 0x000000008000ff36 (0xfe043703) ld      a4, -32(s0)
core   0: 3 0x000000008000ff36 (0xfe043703) x14 0x0000000080012053 mem 0x0000000080031f50
core   0: 0x000000008000ff3a (0xfcf76de3) bltu    a4, a5, pc - 38
core   0: 3 0x000000008000ff3a (0xfcf76de3)
core   0: 0x000000008000ff14 (0xfe043783) ld      a5, -32(s0)
core   0: 3 0x000000008000ff14 (0xfe043783) x15 0x0000000080012053 mem 0x0000000080031f50
core   0: 0x000000008000ff18 (0x00178713) addi    a4, a5, 1
core   0: 3 0x000000008000ff18 (0x00178713) x14 0x0000000080012054
core   0: 0x000000008000ff1c (0xfee43023) sd      a4, -32(s0)
core   0: 3 0x000000008000ff1c (0xfee43023) mem 0x0000000080031f50 0x0000000080012054
core   0: 0x000000008000ff20 (0xfc442703) lw      a4, -60(s0)
core   0: 3 0x000000008000ff20 (0xfc442703) x14 0x0000000000000000 mem 0x0000000080031f34
core   0: 0x000000008000ff24 (0x0ff77713) andi    a4, a4, 255
core   0: 3 0x000000008000ff24 (0x0ff77713) x14 0x0000000000000000
core   0: 0x000000008000ff28 (0x00e78023) sb      a4, 0(a5)
core   0: 3 0x000000008000ff28 (0x00e78023) mem 0x0000000080012053 0x00
core   0: 0x000000008000ff2c (0xfc843703) ld      a4, -56(s0)
core   0: 3 0x000000008000ff2c (0xfc843703) x14 0x0000000080012040 mem 0x0000000080031f38
core   0: 0x000000008000ff30 (0xfb843783) ld      a5, -72(s0)
core   0: 3 0x000000008000ff30 (0xfb843783) x15 0x000000000000009c mem 0x0000000080031f28
core   0: 0x000000008000ff34 (0x000097ba) c.add   a5, a4
core   0: 3 0x000000008000ff34 (0x97ba) x15 0x00000000800120dc
core   0: 0x000000008000ff36 (0xfe043703) ld      a4, -32(s0)
core   0: 3 0x000000008000ff36 (0xfe043703) x14 0x0000000080012054 mem 0x0000000080031f50
core   0: 0x000000008000ff3a (0xfcf76de3) bltu    a4, a5, pc - 38
core   0: 3 0x000000008000ff3a (0xfcf76de3)
core   0: 0x000000008000ff14 (0xfe043783) ld      a5, -32(s0)
core   0: 3 0x000000008000ff14 (0xfe043783) x15 0x0000000080012054 mem 0x0000000080031f50
core   0: 0x000000008000ff18 (0x00178713) addi    a4, a5, 1
core   0: 3 0x000000008000ff18 (0x00178713) x14 0x0000000080012055
core   0: 0x000000008000ff1c (0xfee43023) sd      a4, -32(s0)
core   0: 3 0x000000008000ff1c (0xfee43023) mem 0x0000000080031f50 0x0000000080012055
core   0: 0x000000008000ff20 (0xfc442703) lw      a4, -60(s0)
core   0: 3 0x000000008000ff20 (0xfc442703) x14 0x0000000000000000 mem 0x0000000080031f34
core   0: 0x000000008000ff24 (0x0ff77713) andi    a4, a4, 255
core   0: 3 0x000000008000ff24 (0x0ff77713) x14 0x0000000000000000
core   0: 0x000000008000ff28 (0x00e78023) sb      a4, 0(a5)
core   0: 3 0x000000008000ff28 (0x00e78023) mem 0x0000000080012054 0x00
core   0: 0x000000008000ff2c (0xfc843703) ld      a4, -56(s0)
core   0: 3 0x000000008000ff2c (0xfc843703) x14 0x0000000080012040 mem 0x0000000080031f38
core   0: 0x000000008000ff30 (0xfb843783) ld      a5, -72(s0)
core   0: 3 0x000000008000ff30 (0xfb843783) x15 0x000000000000009c mem 0x0000000080031f28
core   0: 0x000000008000ff34 (0x000097ba) c.add   a5, a4
core   0: 3 0x000000008000ff34 (0x97ba) x15 0x00000000800120dc
core   0: 0x000000008000ff36 (0xfe043703) ld      a4, -32(s0)
core   0: 3 0x000000008000ff36 (0xfe043703) x14 0x0000000080012055 mem 0x0000000080031f50
core   0: 0x000000008000ff3a (0xfcf76de3) bltu    a4, a5, pc - 38
core   0: 3 0x000000008000ff3a (0xfcf76de3)
core   0: 0x000000008000ff14 (0xfe043783) ld      a5, -32(s0)
core   0: 3 0x000000008000ff14 (0xfe043783) x15 0x0000000080012055 mem 0x0000000080031f50
core   0: 0x000000008000ff18 (0x00178713) addi    a4, a5, 1
core   0: 3 0x000000008000ff18 (0x00178713) x14 0x0000000080012056
core   0: 0x000000008000ff1c (0xfee43023) sd      a4, -32(s0)
core   0: 3 0x000000008000ff1c (0xfee43023) mem 0x0000000080031f50 0x0000000080012056
core   0: 0x000000008000ff20 (0xfc442703) lw      a4, -60(s0)
core   0: 3 0x000000008000ff20 (0xfc442703) x14 0x0000000000000000 mem 0x0000000080031f34
core   0: 0x000000008000ff24 (0x0ff77713) andi    a4, a4, 255
core   0: 3 0x000000008000ff24 (0x0ff77713) x14 0x0000000000000000
core   0: 0x000000008000ff28 (0x00e78023) sb      a4, 0(a5)
core   0: 3 0x000000008000ff28 (0x00e78023) mem 0x0000000080012055 0x00
core   0: 0x000000008000ff2c (0xfc843703) ld      a4, -56(s0)
core   0: 3 0x000000008000ff2c (0xfc843703) x14 0x0000000080012040 mem 0x0000000080031f38
core   0: 0x000000008000ff30 (0xfb843783) ld      a5, -72(s0)
core   0: 3 0x000000008000ff30 (0xfb843783) x15 0x000000000000009c mem 0x0000000080031f28
core   0: 0x000000008000ff34 (0x000097ba) c.add   a5, a4
core   0: 3 0x000000008000ff34 (0x97ba) x15 0x00000000800120dc
core   0: 0x000000008000ff36 (0xfe043703) ld      a4, -32(s0)
core   0: 3 0x000000008000ff36 (0xfe043703) x14 0x0000000080012056 mem 0x0000000080031f50
core   0: 0x000000008000ff3a (0xfcf76de3) bltu    a4, a5, pc - 38
core   0: 3 0x000000008000ff3a (0xfcf76de3)
core   0: 0x000000008000ff14 (0xfe043783) ld      a5, -32(s0)
core   0: 3 0x000000008000ff14 (0xfe043783) x15 0x0000000080012056 mem 0x0000000080031f50
core   0: 0x000000008000ff18 (0x00178713) addi    a4, a5, 1
core   0: 3 0x000000008000ff18 (0x00178713) x14 0x0000000080012057
core   0: 0x000000008000ff1c (0xfee43023) sd      a4, -32(s0)
core   0: 3 0x000000008000ff1c (0xfee43023) mem 0x0000000080031f50 0x0000000080012057
core   0: 0x000000008000ff20 (0xfc442703) lw      a4, -60(s0)
core   0: 3 0x000000008000ff20 (0xfc442703) x14 0x0000000000000000 mem 0x0000000080031f34
core   0: 0x000000008000ff24 (0x0ff77713) andi    a4, a4, 255
core   0: 3 0x000000008000ff24 (0x0ff77713) x14 0x0000000000000000
core   0: 0x000000008000ff28 (0x00e78023) sb      a4, 0(a5)
core   0: 3 0x000000008000ff28 (0x00e78023) mem 0x0000000080012056 0x00
core   0: 0x000000008000ff2c (0xfc843703) ld      a4, -56(s0)
core   0: 3 0x000000008000ff2c (0xfc843703) x14 0x0000000080012040 mem 0x0000000080031f38
core   0: 0x000000008000ff30 (0xfb843783) ld      a5, -72(s0)
core   0: 3 0x000000008000ff30 (0xfb843783) x15 0x000000000000009c mem 0x0000000080031f28
core   0: 0x000000008000ff34 (0x000097ba) c.add   a5, a4
core   0: 3 0x000000008000ff34 (0x97ba) x15 0x00000000800120dc
core   0: 0x000000008000ff36 (0xfe043703) ld      a4, -32(s0)
core   0: 3 0x000000008000ff36 (0xfe043703) x14 0x0000000080012057 mem 0x0000000080031f50
core   0: 0x000000008000ff3a (0xfcf76de3) bltu    a4, a5, pc - 38
core   0: 3 0x000000008000ff3a (0xfcf76de3)
core   0: 0x000000008000ff14 (0xfe043783) ld      a5, -32(s0)
core   0: 3 0x000000008000ff14 (0xfe043783) x15 0x0000000080012057 mem 0x0000000080031f50
core   0: 0x000000008000ff18 (0x00178713) addi    a4, a5, 1
core   0: 3 0x000000008000ff18 (0x00178713) x14 0x0000000080012058
core   0: 0x000000008000ff1c (0xfee43023) sd      a4, -32(s0)
core   0: 3 0x000000008000ff1c (0xfee43023) mem 0x0000000080031f50 0x0000000080012058
core   0: 0x000000008000ff20 (0xfc442703) lw      a4, -60(s0)
core   0: 3 0x000000008000ff20 (0xfc442703) x14 0x0000000000000000 mem 0x0000000080031f34
core   0: 0x000000008000ff24 (0x0ff77713) andi    a4, a4, 255
core   0: 3 0x000000008000ff24 (0x0ff77713) x14 0x0000000000000000
core   0: 0x000000008000ff28 (0x00e78023) sb      a4, 0(a5)
core   0: 3 0x000000008000ff28 (0x00e78023) mem 0x0000000080012057 0x00
core   0: 0x000000008000ff2c (0xfc843703) ld      a4, -56(s0)
core   0: 3 0x000000008000ff2c (0xfc843703) x14 0x0000000080012040 mem 0x0000000080031f38
core   0: 0x000000008000ff30 (0xfb843783) ld      a5, -72(s0)
core   0: 3 0x000000008000ff30 (0xfb843783) x15 0x000000000000009c mem 0x0000000080031f28
core   0: 0x000000008000ff34 (0x000097ba) c.add   a5, a4
core   0: 3 0x000000008000ff34 (0x97ba) x15 0x00000000800120dc
core   0: 0x000000008000ff36 (0xfe043703) ld      a4, -32(s0)
core   0: 3 0x000000008000ff36 (0xfe043703) x14 0x0000000080012058 mem 0x0000000080031f50
core   0: 0x000000008000ff3a (0xfcf76de3) bltu    a4, a5, pc - 38
core   0: 3 0x000000008000ff3a (0xfcf76de3)
core   0: 0x000000008000ff14 (0xfe043783) ld      a5, -32(s0)
core   0: 3 0x000000008000ff14 (0xfe043783) x15 0x0000000080012058 mem 0x0000000080031f50
core   0: 0x000000008000ff18 (0x00178713) addi    a4, a5, 1
core   0: 3 0x000000008000ff18 (0x00178713) x14 0x0000000080012059
core   0: 0x000000008000ff1c (0xfee43023) sd      a4, -32(s0)
core   0: 3 0x000000008000ff1c (0xfee43023) mem 0x0000000080031f50 0x0000000080012059
core   0: 0x000000008000ff20 (0xfc442703) lw      a4, -60(s0)
core   0: 3 0x000000008000ff20 (0xfc442703) x14 0x0000000000000000 mem 0x0000000080031f34
core   0: 0x000000008000ff24 (0x0ff77713) andi    a4, a4, 255
core   0: 3 0x000000008000ff24 (0x0ff77713) x14 0x0000000000000000
core   0: 0x000000008000ff28 (0x00e78023) sb      a4, 0(a5)
core   0: 3 0x000000008000ff28 (0x00e78023) mem 0x0000000080012058 0x00
core   0: 0x000000008000ff2c (0xfc843703) ld      a4, -56(s0)
core   0: 3 0x000000008000ff2c (0xfc843703) x14 0x0000000080012040 mem 0x0000000080031f38
core   0: 0x000000008000ff30 (0xfb843783) ld      a5, -72(s0)
core   0: 3 0x000000008000ff30 (0xfb843783) x15 0x000000000000009c mem 0x0000000080031f28
core   0: 0x000000008000ff34 (0x000097ba) c.add   a5, a4
core   0: 3 0x000000008000ff34 (0x97ba) x15 0x00000000800120dc
core   0: 0x000000008000ff36 (0xfe043703) ld      a4, -32(s0)
core   0: 3 0x000000008000ff36 (0xfe043703) x14 0x0000000080012059 mem 0x0000000080031f50
core   0: 0x000000008000ff3a (0xfcf76de3) bltu    a4, a5, pc - 38
core   0: 3 0x000000008000ff3a (0xfcf76de3)
core   0: 0x000000008000ff14 (0xfe043783) ld      a5, -32(s0)
core   0: 3 0x000000008000ff14 (0xfe043783) x15 0x0000000080012059 mem 0x0000000080031f50
core   0: 0x000000008000ff18 (0x00178713) addi    a4, a5, 1
core   0: 3 0x000000008000ff18 (0x00178713) x14 0x000000008001205a
core   0: 0x000000008000ff1c (0xfee43023) sd      a4, -32(s0)
core   0: 3 0x000000008000ff1c (0xfee43023) mem 0x0000000080031f50 0x000000008001205a
core   0: 0x000000008000ff20 (0xfc442703) lw      a4, -60(s0)
core   0: 3 0x000000008000ff20 (0xfc442703) x14 0x0000000000000000 mem 0x0000000080031f34
core   0: 0x000000008000ff24 (0x0ff77713) andi    a4, a4, 255
core   0: 3 0x000000008000ff24 (0x0ff77713) x14 0x0000000000000000
core   0: 0x000000008000ff28 (0x00e78023) sb      a4, 0(a5)
core   0: 3 0x000000008000ff28 (0x00e78023) mem 0x0000000080012059 0x00
core   0: 0x000000008000ff2c (0xfc843703) ld      a4, -56(s0)
core   0: 3 0x000000008000ff2c (0xfc843703) x14 0x0000000080012040 mem 0x0000000080031f38
core   0: 0x000000008000ff30 (0xfb843783) ld      a5, -72(s0)
core   0: 3 0x000000008000ff30 (0xfb843783) x15 0x000000000000009c mem 0x0000000080031f28
core   0: 0x000000008000ff34 (0x000097ba) c.add   a5, a4
core   0: 3 0x000000008000ff34 (0x97ba) x15 0x00000000800120dc
core   0: 0x000000008000ff36 (0xfe043703) ld      a4, -32(s0)
core   0: 3 0x000000008000ff36 (0xfe043703) x14 0x000000008001205a mem 0x0000000080031f50
core   0: 0x000000008000ff3a (0xfcf76de3) bltu    a4, a5, pc - 38
core   0: 3 0x000000008000ff3a (0xfcf76de3)
core   0: 0x000000008000ff14 (0xfe043783) ld      a5, -32(s0)
core   0: 3 0x000000008000ff14 (0xfe043783) x15 0x000000008001205a mem 0x0000000080031f50
core   0: 0x000000008000ff18 (0x00178713) addi    a4, a5, 1
core   0: 3 0x000000008000ff18 (0x00178713) x14 0x000000008001205b
core   0: 0x000000008000ff1c (0xfee43023) sd      a4, -32(s0)
core   0: 3 0x000000008000ff1c (0xfee43023) mem 0x0000000080031f50 0x000000008001205b
core   0: 0x000000008000ff20 (0xfc442703) lw      a4, -60(s0)
core   0: 3 0x000000008000ff20 (0xfc442703) x14 0x0000000000000000 mem 0x0000000080031f34
core   0: 0x000000008000ff24 (0x0ff77713) andi    a4, a4, 255
core   0: 3 0x000000008000ff24 (0x0ff77713) x14 0x0000000000000000
core   0: 0x000000008000ff28 (0x00e78023) sb      a4, 0(a5)
core   0: 3 0x000000008000ff28 (0x00e78023) mem 0x000000008001205a 0x00
core   0: 0x000000008000ff2c (0xfc843703) ld      a4, -56(s0)
core   0: 3 0x000000008000ff2c (0xfc843703) x14 0x0000000080012040 mem 0x0000000080031f38
core   0: 0x000000008000ff30 (0xfb843783) ld      a5, -72(s0)
core   0: 3 0x000000008000ff30 (0xfb843783) x15 0x000000000000009c mem 0x0000000080031f28
core   0: 0x000000008000ff34 (0x000097ba) c.add   a5, a4
core   0: 3 0x000000008000ff34 (0x97ba) x15 0x00000000800120dc
core   0: 0x000000008000ff36 (0xfe043703) ld      a4, -32(s0)
core   0: 3 0x000000008000ff36 (0xfe043703) x14 0x000000008001205b mem 0x0000000080031f50
core   0: 0x000000008000ff3a (0xfcf76de3) bltu    a4, a5, pc - 38
core   0: 3 0x000000008000ff3a (0xfcf76de3)
core   0: 0x000000008000ff14 (0xfe043783) ld      a5, -32(s0)
core   0: 3 0x000000008000ff14 (0xfe043783) x15 0x000000008001205b mem 0x0000000080031f50
core   0: 0x000000008000ff18 (0x00178713) addi    a4, a5, 1
core   0: 3 0x000000008000ff18 (0x00178713) x14 0x000000008001205c
core   0: 0x000000008000ff1c (0xfee43023) sd      a4, -32(s0)
core   0: 3 0x000000008000ff1c (0xfee43023) mem 0x0000000080031f50 0x000000008001205c
core   0: 0x000000008000ff20 (0xfc442703) lw      a4, -60(s0)
core   0: 3 0x000000008000ff20 (0xfc442703) x14 0x0000000000000000 mem 0x0000000080031f34
core   0: 0x000000008000ff24 (0x0ff77713) andi    a4, a4, 255
core   0: 3 0x000000008000ff24 (0x0ff77713) x14 0x0000000000000000
core   0: 0x000000008000ff28 (0x00e78023) sb      a4, 0(a5)
core   0: 3 0x000000008000ff28 (0x00e78023) mem 0x000000008001205b 0x00
core   0: 0x000000008000ff2c (0xfc843703) ld      a4, -56(s0)
core   0: 3 0x000000008000ff2c (0xfc843703) x14 0x0000000080012040 mem 0x0000000080031f38
core   0: 0x000000008000ff30 (0xfb843783) ld      a5, -72(s0)
core   0: 3 0x000000008000ff30 (0xfb843783) x15 0x000000000000009c mem 0x0000000080031f28
core   0: 0x000000008000ff34 (0x000097ba) c.add   a5, a4
core   0: 3 0x000000008000ff34 (0x97ba) x15 0x00000000800120dc
core   0: 0x000000008000ff36 (0xfe043703) ld      a4, -32(s0)
core   0: 3 0x000000008000ff36 (0xfe043703) x14 0x000000008001205c mem 0x0000000080031f50
core   0: 0x000000008000ff3a (0xfcf76de3) bltu    a4, a5, pc - 38
core   0: 3 0x000000008000ff3a (0xfcf76de3)
core   0: 0x000000008000ff14 (0xfe043783) ld      a5, -32(s0)
core   0: 3 0x000000008000ff14 (0xfe043783) x15 0x000000008001205c mem 0x0000000080031f50
core   0: 0x000000008000ff18 (0x00178713) addi    a4, a5, 1
core   0: 3 0x000000008000ff18 (0x00178713) x14 0x000000008001205d
core   0: 0x000000008000ff1c (0xfee43023) sd      a4, -32(s0)
core   0: 3 0x000000008000ff1c (0xfee43023) mem 0x0000000080031f50 0x000000008001205d
core   0: 0x000000008000ff20 (0xfc442703) lw      a4, -60(s0)
core   0: 3 0x000000008000ff20 (0xfc442703) x14 0x0000000000000000 mem 0x0000000080031f34
core   0: 0x000000008000ff24 (0x0ff77713) andi    a4, a4, 255
core   0: 3 0x000000008000ff24 (0x0ff77713) x14 0x0000000000000000
core   0: 0x000000008000ff28 (0x00e78023) sb      a4, 0(a5)
core   0: 3 0x000000008000ff28 (0x00e78023) mem 0x000000008001205c 0x00
core   0: 0x000000008000ff2c (0xfc843703) ld      a4, -56(s0)
core   0: 3 0x000000008000ff2c (0xfc843703) x14 0x0000000080012040 mem 0x0000000080031f38
core   0: 0x000000008000ff30 (0xfb843783) ld      a5, -72(s0)
core   0: 3 0x000000008000ff30 (0xfb843783) x15 0x000000000000009c mem 0x0000000080031f28
core   0: 0x000000008000ff34 (0x000097ba) c.add   a5, a4
core   0: 3 0x000000008000ff34 (0x97ba) x15 0x00000000800120dc
core   0: 0x000000008000ff36 (0xfe043703) ld      a4, -32(s0)
core   0: 3 0x000000008000ff36 (0xfe043703) x14 0x000000008001205d mem 0x0000000080031f50
core   0: 0x000000008000ff3a (0xfcf76de3) bltu    a4, a5, pc - 38
core   0: 3 0x000000008000ff3a (0xfcf76de3)
core   0: 0x000000008000ff14 (0xfe043783) ld      a5, -32(s0)
core   0: 3 0x000000008000ff14 (0xfe043783) x15 0x000000008001205d mem 0x0000000080031f50
core   0: 0x000000008000ff18 (0x00178713) addi    a4, a5, 1
core   0: 3 0x000000008000ff18 (0x00178713) x14 0x000000008001205e
core   0: 0x000000008000ff1c (0xfee43023) sd      a4, -32(s0)
core   0: 3 0x000000008000ff1c (0xfee43023) mem 0x0000000080031f50 0x000000008001205e
core   0: 0x000000008000ff20 (0xfc442703) lw      a4, -60(s0)
core   0: 3 0x000000008000ff20 (0xfc442703) x14 0x0000000000000000 mem 0x0000000080031f34
core   0: 0x000000008000ff24 (0x0ff77713) andi    a4, a4, 255
core   0: 3 0x000000008000ff24 (0x0ff77713) x14 0x0000000000000000
core   0: 0x000000008000ff28 (0x00e78023) sb      a4, 0(a5)
core   0: 3 0x000000008000ff28 (0x00e78023) mem 0x000000008001205d 0x00
core   0: 0x000000008000ff2c (0xfc843703) ld      a4, -56(s0)
core   0: 3 0x000000008000ff2c (0xfc843703) x14 0x0000000080012040 mem 0x0000000080031f38
core   0: 0x000000008000ff30 (0xfb843783) ld      a5, -72(s0)
core   0: 3 0x000000008000ff30 (0xfb843783) x15 0x000000000000009c mem 0x0000000080031f28
core   0: 0x000000008000ff34 (0x000097ba) c.add   a5, a4
core   0: 3 0x000000008000ff34 (0x97ba) x15 0x00000000800120dc
core   0: 0x000000008000ff36 (0xfe043703) ld      a4, -32(s0)
core   0: 3 0x000000008000ff36 (0xfe043703) x14 0x000000008001205e mem 0x0000000080031f50
core   0: 0x000000008000ff3a (0xfcf76de3) bltu    a4, a5, pc - 38
core   0: 3 0x000000008000ff3a (0xfcf76de3)
core   0: 0x000000008000ff14 (0xfe043783) ld      a5, -32(s0)
core   0: 3 0x000000008000ff14 (0xfe043783) x15 0x000000008001205e mem 0x0000000080031f50
core   0: 0x000000008000ff18 (0x00178713) addi    a4, a5, 1
core   0: 3 0x000000008000ff18 (0x00178713) x14 0x000000008001205f
core   0: 0x000000008000ff1c (0xfee43023) sd      a4, -32(s0)
core   0: 3 0x000000008000ff1c (0xfee43023) mem 0x0000000080031f50 0x000000008001205f
core   0: 0x000000008000ff20 (0xfc442703) lw      a4, -60(s0)
core   0: 3 0x000000008000ff20 (0xfc442703) x14 0x0000000000000000 mem 0x0000000080031f34
core   0: 0x000000008000ff24 (0x0ff77713) andi    a4, a4, 255
core   0: 3 0x000000008000ff24 (0x0ff77713) x14 0x0000000000000000
core   0: 0x000000008000ff28 (0x00e78023) sb      a4, 0(a5)
core   0: 3 0x000000008000ff28 (0x00e78023) mem 0x000000008001205e 0x00
core   0: 0x000000008000ff2c (0xfc843703) ld      a4, -56(s0)
core   0: 3 0x000000008000ff2c (0xfc843703) x14 0x0000000080012040 mem 0x0000000080031f38
core   0: 0x000000008000ff30 (0xfb843783) ld      a5, -72(s0)
core   0: 3 0x000000008000ff30 (0xfb843783) x15 0x000000000000009c mem 0x0000000080031f28
core   0: 0x000000008000ff34 (0x000097ba) c.add   a5, a4
core   0: 3 0x000000008000ff34 (0x97ba) x15 0x00000000800120dc
core   0: 0x000000008000ff36 (0xfe043703) ld      a4, -32(s0)
core   0: 3 0x000000008000ff36 (0xfe043703) x14 0x000000008001205f mem 0x0000000080031f50
core   0: 0x000000008000ff3a (0xfcf76de3) bltu    a4, a5, pc - 38
core   0: 3 0x000000008000ff3a (0xfcf76de3)
core   0: 0x000000008000ff14 (0xfe043783) ld      a5, -32(s0)
core   0: 3 0x000000008000ff14 (0xfe043783) x15 0x000000008001205f mem 0x0000000080031f50
core   0: 0x000000008000ff18 (0x00178713) addi    a4, a5, 1
core   0: 3 0x000000008000ff18 (0x00178713) x14 0x0000000080012060
core   0: 0x000000008000ff1c (0xfee43023) sd      a4, -32(s0)
core   0: 3 0x000000008000ff1c (0xfee43023) mem 0x0000000080031f50 0x0000000080012060
core   0: 0x000000008000ff20 (0xfc442703) lw      a4, -60(s0)
core   0: 3 0x000000008000ff20 (0xfc442703) x14 0x0000000000000000 mem 0x0000000080031f34
core   0: 0x000000008000ff24 (0x0ff77713) andi    a4, a4, 255
core   0: 3 0x000000008000ff24 (0x0ff77713) x14 0x0000000000000000
core   0: 0x000000008000ff28 (0x00e78023) sb      a4, 0(a5)
core   0: 3 0x000000008000ff28 (0x00e78023) mem 0x000000008001205f 0x00
core   0: 0x000000008000ff2c (0xfc843703) ld      a4, -56(s0)
core   0: 3 0x000000008000ff2c (0xfc843703) x14 0x0000000080012040 mem 0x0000000080031f38
core   0: 0x000000008000ff30 (0xfb843783) ld      a5, -72(s0)
core   0: 3 0x000000008000ff30 (0xfb843783) x15 0x000000000000009c mem 0x0000000080031f28
core   0: 0x000000008000ff34 (0x000097ba) c.add   a5, a4
core   0: 3 0x000000008000ff34 (0x97ba) x15 0x00000000800120dc
core   0: 0x000000008000ff36 (0xfe043703) ld      a4, -32(s0)
core   0: 3 0x000000008000ff36 (0xfe043703) x14 0x0000000080012060 mem 0x0000000080031f50
core   0: 0x000000008000ff3a (0xfcf76de3) bltu    a4, a5, pc - 38
core   0: 3 0x000000008000ff3a (0xfcf76de3)
core   0: 0x000000008000ff14 (0xfe043783) ld      a5, -32(s0)
core   0: 3 0x000000008000ff14 (0xfe043783) x15 0x0000000080012060 mem 0x0000000080031f50
core   0: 0x000000008000ff18 (0x00178713) addi    a4, a5, 1
core   0: 3 0x000000008000ff18 (0x00178713) x14 0x0000000080012061
core   0: 0x000000008000ff1c (0xfee43023) sd      a4, -32(s0)
core   0: 3 0x000000008000ff1c (0xfee43023) mem 0x0000000080031f50 0x0000000080012061
core   0: 0x000000008000ff20 (0xfc442703) lw      a4, -60(s0)
core   0: 3 0x000000008000ff20 (0xfc442703) x14 0x0000000000000000 mem 0x0000000080031f34
core   0: 0x000000008000ff24 (0x0ff77713) andi    a4, a4, 255
core   0: 3 0x000000008000ff24 (0x0ff77713) x14 0x0000000000000000
core   0: 0x000000008000ff28 (0x00e78023) sb      a4, 0(a5)
core   0: 3 0x000000008000ff28 (0x00e78023) mem 0x0000000080012060 0x00
core   0: 0x000000008000ff2c (0xfc843703) ld      a4, -56(s0)
core   0: 3 0x000000008000ff2c (0xfc843703) x14 0x0000000080012040 mem 0x0000000080031f38
core   0: 0x000000008000ff30 (0xfb843783) ld      a5, -72(s0)
core   0: 3 0x000000008000ff30 (0xfb843783) x15 0x000000000000009c mem 0x0000000080031f28
core   0: 0x000000008000ff34 (0x000097ba) c.add   a5, a4
core   0: 3 0x000000008000ff34 (0x97ba) x15 0x00000000800120dc
core   0: 0x000000008000ff36 (0xfe043703) ld      a4, -32(s0)
core   0: 3 0x000000008000ff36 (0xfe043703) x14 0x0000000080012061 mem 0x0000000080031f50
core   0: 0x000000008000ff3a (0xfcf76de3) bltu    a4, a5, pc - 38
core   0: 3 0x000000008000ff3a (0xfcf76de3)
core   0: 0x000000008000ff14 (0xfe043783) ld      a5, -32(s0)
core   0: 3 0x000000008000ff14 (0xfe043783) x15 0x0000000080012061 mem 0x0000000080031f50
core   0: 0x000000008000ff18 (0x00178713) addi    a4, a5, 1
core   0: 3 0x000000008000ff18 (0x00178713) x14 0x0000000080012062
core   0: 0x000000008000ff1c (0xfee43023) sd      a4, -32(s0)
core   0: 3 0x000000008000ff1c (0xfee43023) mem 0x0000000080031f50 0x0000000080012062
core   0: 0x000000008000ff20 (0xfc442703) lw      a4, -60(s0)
core   0: 3 0x000000008000ff20 (0xfc442703) x14 0x0000000000000000 mem 0x0000000080031f34
core   0: 0x000000008000ff24 (0x0ff77713) andi    a4, a4, 255
core   0: 3 0x000000008000ff24 (0x0ff77713) x14 0x0000000000000000
core   0: 0x000000008000ff28 (0x00e78023) sb      a4, 0(a5)
core   0: 3 0x000000008000ff28 (0x00e78023) mem 0x0000000080012061 0x00
core   0: 0x000000008000ff2c (0xfc843703) ld      a4, -56(s0)
core   0: 3 0x000000008000ff2c (0xfc843703) x14 0x0000000080012040 mem 0x0000000080031f38
core   0: 0x000000008000ff30 (0xfb843783) ld      a5, -72(s0)
core   0: 3 0x000000008000ff30 (0xfb843783) x15 0x000000000000009c mem 0x0000000080031f28
core   0: 0x000000008000ff34 (0x000097ba) c.add   a5, a4
core   0: 3 0x000000008000ff34 (0x97ba) x15 0x00000000800120dc
core   0: 0x000000008000ff36 (0xfe043703) ld      a4, -32(s0)
core   0: 3 0x000000008000ff36 (0xfe043703) x14 0x0000000080012062 mem 0x0000000080031f50
core   0: 0x000000008000ff3a (0xfcf76de3) bltu    a4, a5, pc - 38
core   0: 3 0x000000008000ff3a (0xfcf76de3)
core   0: 0x000000008000ff14 (0xfe043783) ld      a5, -32(s0)
core   0: 3 0x000000008000ff14 (0xfe043783) x15 0x0000000080012062 mem 0x0000000080031f50
core   0: 0x000000008000ff18 (0x00178713) addi    a4, a5, 1
core   0: 3 0x000000008000ff18 (0x00178713) x14 0x0000000080012063
core   0: 0x000000008000ff1c (0xfee43023) sd      a4, -32(s0)
core   0: 3 0x000000008000ff1c (0xfee43023) mem 0x0000000080031f50 0x0000000080012063
core   0: 0x000000008000ff20 (0xfc442703) lw      a4, -60(s0)
core   0: 3 0x000000008000ff20 (0xfc442703) x14 0x0000000000000000 mem 0x0000000080031f34
core   0: 0x000000008000ff24 (0x0ff77713) andi    a4, a4, 255
core   0: 3 0x000000008000ff24 (0x0ff77713) x14 0x0000000000000000
core   0: 0x000000008000ff28 (0x00e78023) sb      a4, 0(a5)
core   0: 3 0x000000008000ff28 (0x00e78023) mem 0x0000000080012062 0x00
core   0: 0x000000008000ff2c (0xfc843703) ld      a4, -56(s0)
core   0: 3 0x000000008000ff2c (0xfc843703) x14 0x0000000080012040 mem 0x0000000080031f38
core   0: 0x000000008000ff30 (0xfb843783) ld      a5, -72(s0)
core   0: 3 0x000000008000ff30 (0xfb843783) x15 0x000000000000009c mem 0x0000000080031f28
core   0: 0x000000008000ff34 (0x000097ba) c.add   a5, a4
core   0: 3 0x000000008000ff34 (0x97ba) x15 0x00000000800120dc
core   0: 0x000000008000ff36 (0xfe043703) ld      a4, -32(s0)
core   0: 3 0x000000008000ff36 (0xfe043703) x14 0x0000000080012063 mem 0x0000000080031f50
core   0: 0x000000008000ff3a (0xfcf76de3) bltu    a4, a5, pc - 38
core   0: 3 0x000000008000ff3a (0xfcf76de3)
core   0: 0x000000008000ff14 (0xfe043783) ld      a5, -32(s0)
core   0: 3 0x000000008000ff14 (0xfe043783) x15 0x0000000080012063 mem 0x0000000080031f50
core   0: 0x000000008000ff18 (0x00178713) addi    a4, a5, 1
core   0: 3 0x000000008000ff18 (0x00178713) x14 0x0000000080012064
core   0: 0x000000008000ff1c (0xfee43023) sd      a4, -32(s0)
core   0: 3 0x000000008000ff1c (0xfee43023) mem 0x0000000080031f50 0x0000000080012064
core   0: 0x000000008000ff20 (0xfc442703) lw      a4, -60(s0)
core   0: 3 0x000000008000ff20 (0xfc442703) x14 0x0000000000000000 mem 0x0000000080031f34
core   0: 0x000000008000ff24 (0x0ff77713) andi    a4, a4, 255
core   0: 3 0x000000008000ff24 (0x0ff77713) x14 0x0000000000000000
core   0: 0x000000008000ff28 (0x00e78023) sb      a4, 0(a5)
core   0: 3 0x000000008000ff28 (0x00e78023) mem 0x0000000080012063 0x00
core   0: 0x000000008000ff2c (0xfc843703) ld      a4, -56(s0)
core   0: 3 0x000000008000ff2c (0xfc843703) x14 0x0000000080012040 mem 0x0000000080031f38
core   0: 0x000000008000ff30 (0xfb843783) ld      a5, -72(s0)
core   0: 3 0x000000008000ff30 (0xfb843783) x15 0x000000000000009c mem 0x0000000080031f28
core   0: 0x000000008000ff34 (0x000097ba) c.add   a5, a4
core   0: 3 0x000000008000ff34 (0x97ba) x15 0x00000000800120dc
core   0: 0x000000008000ff36 (0xfe043703) ld      a4, -32(s0)
core   0: 3 0x000000008000ff36 (0xfe043703) x14 0x0000000080012064 mem 0x0000000080031f50
core   0: 0x000000008000ff3a (0xfcf76de3) bltu    a4, a5, pc - 38
core   0: 3 0x000000008000ff3a (0xfcf76de3)
core   0: 0x000000008000ff14 (0xfe043783) ld      a5, -32(s0)
core   0: 3 0x000000008000ff14 (0xfe043783) x15 0x0000000080012064 mem 0x0000000080031f50
core   0: 0x000000008000ff18 (0x00178713) addi    a4, a5, 1
core   0: 3 0x000000008000ff18 (0x00178713) x14 0x0000000080012065
core   0: 0x000000008000ff1c (0xfee43023) sd      a4, -32(s0)
core   0: 3 0x000000008000ff1c (0xfee43023) mem 0x0000000080031f50 0x0000000080012065
core   0: 0x000000008000ff20 (0xfc442703) lw      a4, -60(s0)
core   0: 3 0x000000008000ff20 (0xfc442703) x14 0x0000000000000000 mem 0x0000000080031f34
core   0: 0x000000008000ff24 (0x0ff77713) andi    a4, a4, 255
core   0: 3 0x000000008000ff24 (0x0ff77713) x14 0x0000000000000000
core   0: 0x000000008000ff28 (0x00e78023) sb      a4, 0(a5)
core   0: 3 0x000000008000ff28 (0x00e78023) mem 0x0000000080012064 0x00
core   0: 0x000000008000ff2c (0xfc843703) ld      a4, -56(s0)
core   0: 3 0x000000008000ff2c (0xfc843703) x14 0x0000000080012040 mem 0x0000000080031f38
core   0: 0x000000008000ff30 (0xfb843783) ld      a5, -72(s0)
core   0: 3 0x000000008000ff30 (0xfb843783) x15 0x000000000000009c mem 0x0000000080031f28
core   0: 0x000000008000ff34 (0x000097ba) c.add   a5, a4
core   0: 3 0x000000008000ff34 (0x97ba) x15 0x00000000800120dc
core   0: 0x000000008000ff36 (0xfe043703) ld      a4, -32(s0)
core   0: 3 0x000000008000ff36 (0xfe043703) x14 0x0000000080012065 mem 0x0000000080031f50
core   0: 0x000000008000ff3a (0xfcf76de3) bltu    a4, a5, pc - 38
core   0: 3 0x000000008000ff3a (0xfcf76de3)
core   0: 0x000000008000ff14 (0xfe043783) ld      a5, -32(s0)
core   0: 3 0x000000008000ff14 (0xfe043783) x15 0x0000000080012065 mem 0x0000000080031f50
core   0: 0x000000008000ff18 (0x00178713) addi    a4, a5, 1
core   0: 3 0x000000008000ff18 (0x00178713) x14 0x0000000080012066
core   0: 0x000000008000ff1c (0xfee43023) sd      a4, -32(s0)
core   0: 3 0x000000008000ff1c (0xfee43023) mem 0x0000000080031f50 0x0000000080012066
core   0: 0x000000008000ff20 (0xfc442703) lw      a4, -60(s0)
core   0: 3 0x000000008000ff20 (0xfc442703) x14 0x0000000000000000 mem 0x0000000080031f34
core   0: 0x000000008000ff24 (0x0ff77713) andi    a4, a4, 255
core   0: 3 0x000000008000ff24 (0x0ff77713) x14 0x0000000000000000
core   0: 0x000000008000ff28 (0x00e78023) sb      a4, 0(a5)
core   0: 3 0x000000008000ff28 (0x00e78023) mem 0x0000000080012065 0x00
core   0: 0x000000008000ff2c (0xfc843703) ld      a4, -56(s0)
core   0: 3 0x000000008000ff2c (0xfc843703) x14 0x0000000080012040 mem 0x0000000080031f38
core   0: 0x000000008000ff30 (0xfb843783) ld      a5, -72(s0)
core   0: 3 0x000000008000ff30 (0xfb843783) x15 0x000000000000009c mem 0x0000000080031f28
core   0: 0x000000008000ff34 (0x000097ba) c.add   a5, a4
core   0: 3 0x000000008000ff34 (0x97ba) x15 0x00000000800120dc
core   0: 0x000000008000ff36 (0xfe043703) ld      a4, -32(s0)
core   0: 3 0x000000008000ff36 (0xfe043703) x14 0x0000000080012066 mem 0x0000000080031f50
core   0: 0x000000008000ff3a (0xfcf76de3) bltu    a4, a5, pc - 38
core   0: 3 0x000000008000ff3a (0xfcf76de3)
core   0: 0x000000008000ff14 (0xfe043783) ld      a5, -32(s0)
core   0: 3 0x000000008000ff14 (0xfe043783) x15 0x0000000080012066 mem 0x0000000080031f50
core   0: 0x000000008000ff18 (0x00178713) addi    a4, a5, 1
core   0: 3 0x000000008000ff18 (0x00178713) x14 0x0000000080012067
core   0: 0x000000008000ff1c (0xfee43023) sd      a4, -32(s0)
core   0: 3 0x000000008000ff1c (0xfee43023) mem 0x0000000080031f50 0x0000000080012067
core   0: 0x000000008000ff20 (0xfc442703) lw      a4, -60(s0)
core   0: 3 0x000000008000ff20 (0xfc442703) x14 0x0000000000000000 mem 0x0000000080031f34
core   0: 0x000000008000ff24 (0x0ff77713) andi    a4, a4, 255
core   0: 3 0x000000008000ff24 (0x0ff77713) x14 0x0000000000000000
core   0: 0x000000008000ff28 (0x00e78023) sb      a4, 0(a5)
core   0: 3 0x000000008000ff28 (0x00e78023) mem 0x0000000080012066 0x00
core   0: 0x000000008000ff2c (0xfc843703) ld      a4, -56(s0)
core   0: 3 0x000000008000ff2c (0xfc843703) x14 0x0000000080012040 mem 0x0000000080031f38
core   0: 0x000000008000ff30 (0xfb843783) ld      a5, -72(s0)
core   0: 3 0x000000008000ff30 (0xfb843783) x15 0x000000000000009c mem 0x0000000080031f28
core   0: 0x000000008000ff34 (0x000097ba) c.add   a5, a4
core   0: 3 0x000000008000ff34 (0x97ba) x15 0x00000000800120dc
core   0: 0x000000008000ff36 (0xfe043703) ld      a4, -32(s0)
core   0: 3 0x000000008000ff36 (0xfe043703) x14 0x0000000080012067 mem 0x0000000080031f50
core   0: 0x000000008000ff3a (0xfcf76de3) bltu    a4, a5, pc - 38
core   0: 3 0x000000008000ff3a (0xfcf76de3)
core   0: 0x000000008000ff14 (0xfe043783) ld      a5, -32(s0)
core   0: 3 0x000000008000ff14 (0xfe043783) x15 0x0000000080012067 mem 0x0000000080031f50
core   0: 0x000000008000ff18 (0x00178713) addi    a4, a5, 1
core   0: 3 0x000000008000ff18 (0x00178713) x14 0x0000000080012068
core   0: 0x000000008000ff1c (0xfee43023) sd      a4, -32(s0)
core   0: 3 0x000000008000ff1c (0xfee43023) mem 0x0000000080031f50 0x0000000080012068
core   0: 0x000000008000ff20 (0xfc442703) lw      a4, -60(s0)
core   0: 3 0x000000008000ff20 (0xfc442703) x14 0x0000000000000000 mem 0x0000000080031f34
core   0: 0x000000008000ff24 (0x0ff77713) andi    a4, a4, 255
core   0: 3 0x000000008000ff24 (0x0ff77713) x14 0x0000000000000000
core   0: 0x000000008000ff28 (0x00e78023) sb      a4, 0(a5)
core   0: 3 0x000000008000ff28 (0x00e78023) mem 0x0000000080012067 0x00
core   0: 0x000000008000ff2c (0xfc843703) ld      a4, -56(s0)
core   0: 3 0x000000008000ff2c (0xfc843703) x14 0x0000000080012040 mem 0x0000000080031f38
core   0: 0x000000008000ff30 (0xfb843783) ld      a5, -72(s0)
core   0: 3 0x000000008000ff30 (0xfb843783) x15 0x000000000000009c mem 0x0000000080031f28
core   0: 0x000000008000ff34 (0x000097ba) c.add   a5, a4
core   0: 3 0x000000008000ff34 (0x97ba) x15 0x00000000800120dc
core   0: 0x000000008000ff36 (0xfe043703) ld      a4, -32(s0)
core   0: 3 0x000000008000ff36 (0xfe043703) x14 0x0000000080012068 mem 0x0000000080031f50
core   0: 0x000000008000ff3a (0xfcf76de3) bltu    a4, a5, pc - 38
core   0: 3 0x000000008000ff3a (0xfcf76de3)
core   0: 0x000000008000ff14 (0xfe043783) ld      a5, -32(s0)
core   0: 3 0x000000008000ff14 (0xfe043783) x15 0x0000000080012068 mem 0x0000000080031f50
core   0: 0x000000008000ff18 (0x00178713) addi    a4, a5, 1
core   0: 3 0x000000008000ff18 (0x00178713) x14 0x0000000080012069
core   0: 0x000000008000ff1c (0xfee43023) sd      a4, -32(s0)
core   0: 3 0x000000008000ff1c (0xfee43023) mem 0x0000000080031f50 0x0000000080012069
core   0: 0x000000008000ff20 (0xfc442703) lw      a4, -60(s0)
core   0: 3 0x000000008000ff20 (0xfc442703) x14 0x0000000000000000 mem 0x0000000080031f34
core   0: 0x000000008000ff24 (0x0ff77713) andi    a4, a4, 255
core   0: 3 0x000000008000ff24 (0x0ff77713) x14 0x0000000000000000
core   0: 0x000000008000ff28 (0x00e78023) sb      a4, 0(a5)
core   0: 3 0x000000008000ff28 (0x00e78023) mem 0x0000000080012068 0x00
core   0: 0x000000008000ff2c (0xfc843703) ld      a4, -56(s0)
core   0: 3 0x000000008000ff2c (0xfc843703) x14 0x0000000080012040 mem 0x0000000080031f38
core   0: 0x000000008000ff30 (0xfb843783) ld      a5, -72(s0)
core   0: 3 0x000000008000ff30 (0xfb843783) x15 0x000000000000009c mem 0x0000000080031f28
core   0: 0x000000008000ff34 (0x000097ba) c.add   a5, a4
core   0: 3 0x000000008000ff34 (0x97ba) x15 0x00000000800120dc
core   0: 0x000000008000ff36 (0xfe043703) ld      a4, -32(s0)
core   0: 3 0x000000008000ff36 (0xfe043703) x14 0x0000000080012069 mem 0x0000000080031f50
core   0: 0x000000008000ff3a (0xfcf76de3) bltu    a4, a5, pc - 38
core   0: 3 0x000000008000ff3a (0xfcf76de3)
core   0: 0x000000008000ff14 (0xfe043783) ld      a5, -32(s0)
core   0: 3 0x000000008000ff14 (0xfe043783) x15 0x0000000080012069 mem 0x0000000080031f50
core   0: 0x000000008000ff18 (0x00178713) addi    a4, a5, 1
core   0: 3 0x000000008000ff18 (0x00178713) x14 0x000000008001206a
core   0: 0x000000008000ff1c (0xfee43023) sd      a4, -32(s0)
core   0: 3 0x000000008000ff1c (0xfee43023) mem 0x0000000080031f50 0x000000008001206a
core   0: 0x000000008000ff20 (0xfc442703) lw      a4, -60(s0)
core   0: 3 0x000000008000ff20 (0xfc442703) x14 0x0000000000000000 mem 0x0000000080031f34
core   0: 0x000000008000ff24 (0x0ff77713) andi    a4, a4, 255
core   0: 3 0x000000008000ff24 (0x0ff77713) x14 0x0000000000000000
core   0: 0x000000008000ff28 (0x00e78023) sb      a4, 0(a5)
core   0: 3 0x000000008000ff28 (0x00e78023) mem 0x0000000080012069 0x00
core   0: 0x000000008000ff2c (0xfc843703) ld      a4, -56(s0)
core   0: 3 0x000000008000ff2c (0xfc843703) x14 0x0000000080012040 mem 0x0000000080031f38
core   0: 0x000000008000ff30 (0xfb843783) ld      a5, -72(s0)
core   0: 3 0x000000008000ff30 (0xfb843783) x15 0x000000000000009c mem 0x0000000080031f28
core   0: 0x000000008000ff34 (0x000097ba) c.add   a5, a4
core   0: 3 0x000000008000ff34 (0x97ba) x15 0x00000000800120dc
core   0: 0x000000008000ff36 (0xfe043703) ld      a4, -32(s0)
core   0: 3 0x000000008000ff36 (0xfe043703) x14 0x000000008001206a mem 0x0000000080031f50
core   0: 0x000000008000ff3a (0xfcf76de3) bltu    a4, a5, pc - 38
core   0: 3 0x000000008000ff3a (0xfcf76de3)
core   0: 0x000000008000ff14 (0xfe043783) ld      a5, -32(s0)
core   0: 3 0x000000008000ff14 (0xfe043783) x15 0x000000008001206a mem 0x0000000080031f50
core   0: 0x000000008000ff18 (0x00178713) addi    a4, a5, 1
core   0: 3 0x000000008000ff18 (0x00178713) x14 0x000000008001206b
core   0: 0x000000008000ff1c (0xfee43023) sd      a4, -32(s0)
core   0: 3 0x000000008000ff1c (0xfee43023) mem 0x0000000080031f50 0x000000008001206b
core   0: 0x000000008000ff20 (0xfc442703) lw      a4, -60(s0)
core   0: 3 0x000000008000ff20 (0xfc442703) x14 0x0000000000000000 mem 0x0000000080031f34
core   0: 0x000000008000ff24 (0x0ff77713) andi    a4, a4, 255
core   0: 3 0x000000008000ff24 (0x0ff77713) x14 0x0000000000000000
core   0: 0x000000008000ff28 (0x00e78023) sb      a4, 0(a5)
core   0: 3 0x000000008000ff28 (0x00e78023) mem 0x000000008001206a 0x00
core   0: 0x000000008000ff2c (0xfc843703) ld      a4, -56(s0)
core   0: 3 0x000000008000ff2c (0xfc843703) x14 0x0000000080012040 mem 0x0000000080031f38
core   0: 0x000000008000ff30 (0xfb843783) ld      a5, -72(s0)
core   0: 3 0x000000008000ff30 (0xfb843783) x15 0x000000000000009c mem 0x0000000080031f28
core   0: 0x000000008000ff34 (0x000097ba) c.add   a5, a4
core   0: 3 0x000000008000ff34 (0x97ba) x15 0x00000000800120dc
core   0: 0x000000008000ff36 (0xfe043703) ld      a4, -32(s0)
core   0: 3 0x000000008000ff36 (0xfe043703) x14 0x000000008001206b mem 0x0000000080031f50
core   0: 0x000000008000ff3a (0xfcf76de3) bltu    a4, a5, pc - 38
core   0: 3 0x000000008000ff3a (0xfcf76de3)
core   0: 0x000000008000ff14 (0xfe043783) ld      a5, -32(s0)
core   0: 3 0x000000008000ff14 (0xfe043783) x15 0x000000008001206b mem 0x0000000080031f50
core   0: 0x000000008000ff18 (0x00178713) addi    a4, a5, 1
core   0: 3 0x000000008000ff18 (0x00178713) x14 0x000000008001206c
core   0: 0x000000008000ff1c (0xfee43023) sd      a4, -32(s0)
core   0: 3 0x000000008000ff1c (0xfee43023) mem 0x0000000080031f50 0x000000008001206c
core   0: 0x000000008000ff20 (0xfc442703) lw      a4, -60(s0)
core   0: 3 0x000000008000ff20 (0xfc442703) x14 0x0000000000000000 mem 0x0000000080031f34
core   0: 0x000000008000ff24 (0x0ff77713) andi    a4, a4, 255
core   0: 3 0x000000008000ff24 (0x0ff77713) x14 0x0000000000000000
core   0: 0x000000008000ff28 (0x00e78023) sb      a4, 0(a5)
core   0: 3 0x000000008000ff28 (0x00e78023) mem 0x000000008001206b 0x00
core   0: 0x000000008000ff2c (0xfc843703) ld      a4, -56(s0)
core   0: 3 0x000000008000ff2c (0xfc843703) x14 0x0000000080012040 mem 0x0000000080031f38
core   0: 0x000000008000ff30 (0xfb843783) ld      a5, -72(s0)
core   0: 3 0x000000008000ff30 (0xfb843783) x15 0x000000000000009c mem 0x0000000080031f28
core   0: 0x000000008000ff34 (0x000097ba) c.add   a5, a4
core   0: 3 0x000000008000ff34 (0x97ba) x15 0x00000000800120dc
core   0: 0x000000008000ff36 (0xfe043703) ld      a4, -32(s0)
core   0: 3 0x000000008000ff36 (0xfe043703) x14 0x000000008001206c mem 0x0000000080031f50
core   0: 0x000000008000ff3a (0xfcf76de3) bltu    a4, a5, pc - 38
core   0: 3 0x000000008000ff3a (0xfcf76de3)
core   0: 0x000000008000ff14 (0xfe043783) ld      a5, -32(s0)
core   0: 3 0x000000008000ff14 (0xfe043783) x15 0x000000008001206c mem 0x0000000080031f50
core   0: 0x000000008000ff18 (0x00178713) addi    a4, a5, 1
core   0: 3 0x000000008000ff18 (0x00178713) x14 0x000000008001206d
core   0: 0x000000008000ff1c (0xfee43023) sd      a4, -32(s0)
core   0: 3 0x000000008000ff1c (0xfee43023) mem 0x0000000080031f50 0x000000008001206d
core   0: 0x000000008000ff20 (0xfc442703) lw      a4, -60(s0)
core   0: 3 0x000000008000ff20 (0xfc442703) x14 0x0000000000000000 mem 0x0000000080031f34
core   0: 0x000000008000ff24 (0x0ff77713) andi    a4, a4, 255
core   0: 3 0x000000008000ff24 (0x0ff77713) x14 0x0000000000000000
core   0: 0x000000008000ff28 (0x00e78023) sb      a4, 0(a5)
core   0: 3 0x000000008000ff28 (0x00e78023) mem 0x000000008001206c 0x00
core   0: 0x000000008000ff2c (0xfc843703) ld      a4, -56(s0)
core   0: 3 0x000000008000ff2c (0xfc843703) x14 0x0000000080012040 mem 0x0000000080031f38
core   0: 0x000000008000ff30 (0xfb843783) ld      a5, -72(s0)
core   0: 3 0x000000008000ff30 (0xfb843783) x15 0x000000000000009c mem 0x0000000080031f28
core   0: 0x000000008000ff34 (0x000097ba) c.add   a5, a4
core   0: 3 0x000000008000ff34 (0x97ba) x15 0x00000000800120dc
core   0: 0x000000008000ff36 (0xfe043703) ld      a4, -32(s0)
core   0: 3 0x000000008000ff36 (0xfe043703) x14 0x000000008001206d mem 0x0000000080031f50
core   0: 0x000000008000ff3a (0xfcf76de3) bltu    a4, a5, pc - 38
core   0: 3 0x000000008000ff3a (0xfcf76de3)
core   0: 0x000000008000ff14 (0xfe043783) ld      a5, -32(s0)
core   0: 3 0x000000008000ff14 (0xfe043783) x15 0x000000008001206d mem 0x0000000080031f50
core   0: 0x000000008000ff18 (0x00178713) addi    a4, a5, 1
core   0: 3 0x000000008000ff18 (0x00178713) x14 0x000000008001206e
core   0: 0x000000008000ff1c (0xfee43023) sd      a4, -32(s0)
core   0: 3 0x000000008000ff1c (0xfee43023) mem 0x0000000080031f50 0x000000008001206e
core   0: 0x000000008000ff20 (0xfc442703) lw      a4, -60(s0)
core   0: 3 0x000000008000ff20 (0xfc442703) x14 0x0000000000000000 mem 0x0000000080031f34
core   0: 0x000000008000ff24 (0x0ff77713) andi    a4, a4, 255
core   0: 3 0x000000008000ff24 (0x0ff77713) x14 0x0000000000000000
core   0: 0x000000008000ff28 (0x00e78023) sb      a4, 0(a5)
core   0: 3 0x000000008000ff28 (0x00e78023) mem 0x000000008001206d 0x00
core   0: 0x000000008000ff2c (0xfc843703) ld      a4, -56(s0)
core   0: 3 0x000000008000ff2c (0xfc843703) x14 0x0000000080012040 mem 0x0000000080031f38
core   0: 0x000000008000ff30 (0xfb843783) ld      a5, -72(s0)
core   0: 3 0x000000008000ff30 (0xfb843783) x15 0x000000000000009c mem 0x0000000080031f28
core   0: 0x000000008000ff34 (0x000097ba) c.add   a5, a4
core   0: 3 0x000000008000ff34 (0x97ba) x15 0x00000000800120dc
core   0: 0x000000008000ff36 (0xfe043703) ld      a4, -32(s0)
core   0: 3 0x000000008000ff36 (0xfe043703) x14 0x000000008001206e mem 0x0000000080031f50
core   0: 0x000000008000ff3a (0xfcf76de3) bltu    a4, a5, pc - 38
core   0: 3 0x000000008000ff3a (0xfcf76de3)
core   0: 0x000000008000ff14 (0xfe043783) ld      a5, -32(s0)
core   0: 3 0x000000008000ff14 (0xfe043783) x15 0x000000008001206e mem 0x0000000080031f50
core   0: 0x000000008000ff18 (0x00178713) addi    a4, a5, 1
core   0: 3 0x000000008000ff18 (0x00178713) x14 0x000000008001206f
core   0: 0x000000008000ff1c (0xfee43023) sd      a4, -32(s0)
core   0: 3 0x000000008000ff1c (0xfee43023) mem 0x0000000080031f50 0x000000008001206f
core   0: 0x000000008000ff20 (0xfc442703) lw      a4, -60(s0)
core   0: 3 0x000000008000ff20 (0xfc442703) x14 0x0000000000000000 mem 0x0000000080031f34
core   0: 0x000000008000ff24 (0x0ff77713) andi    a4, a4, 255
core   0: 3 0x000000008000ff24 (0x0ff77713) x14 0x0000000000000000
core   0: 0x000000008000ff28 (0x00e78023) sb      a4, 0(a5)
core   0: 3 0x000000008000ff28 (0x00e78023) mem 0x000000008001206e 0x00
core   0: 0x000000008000ff2c (0xfc843703) ld      a4, -56(s0)
core   0: 3 0x000000008000ff2c (0xfc843703) x14 0x0000000080012040 mem 0x0000000080031f38
core   0: 0x000000008000ff30 (0xfb843783) ld      a5, -72(s0)
core   0: 3 0x000000008000ff30 (0xfb843783) x15 0x000000000000009c mem 0x0000000080031f28
core   0: 0x000000008000ff34 (0x000097ba) c.add   a5, a4
core   0: 3 0x000000008000ff34 (0x97ba) x15 0x00000000800120dc
core   0: 0x000000008000ff36 (0xfe043703) ld      a4, -32(s0)
core   0: 3 0x000000008000ff36 (0xfe043703) x14 0x000000008001206f mem 0x0000000080031f50
core   0: 0x000000008000ff3a (0xfcf76de3) bltu    a4, a5, pc - 38
core   0: 3 0x000000008000ff3a (0xfcf76de3)
core   0: 0x000000008000ff14 (0xfe043783) ld      a5, -32(s0)
core   0: 3 0x000000008000ff14 (0xfe043783) x15 0x000000008001206f mem 0x0000000080031f50
core   0: 0x000000008000ff18 (0x00178713) addi    a4, a5, 1
core   0: 3 0x000000008000ff18 (0x00178713) x14 0x0000000080012070
core   0: 0x000000008000ff1c (0xfee43023) sd      a4, -32(s0)
core   0: 3 0x000000008000ff1c (0xfee43023) mem 0x0000000080031f50 0x0000000080012070
core   0: 0x000000008000ff20 (0xfc442703) lw      a4, -60(s0)
core   0: 3 0x000000008000ff20 (0xfc442703) x14 0x0000000000000000 mem 0x0000000080031f34
core   0: 0x000000008000ff24 (0x0ff77713) andi    a4, a4, 255
core   0: 3 0x000000008000ff24 (0x0ff77713) x14 0x0000000000000000
core   0: 0x000000008000ff28 (0x00e78023) sb      a4, 0(a5)
core   0: 3 0x000000008000ff28 (0x00e78023) mem 0x000000008001206f 0x00
core   0: 0x000000008000ff2c (0xfc843703) ld      a4, -56(s0)
core   0: 3 0x000000008000ff2c (0xfc843703) x14 0x0000000080012040 mem 0x0000000080031f38
core   0: 0x000000008000ff30 (0xfb843783) ld      a5, -72(s0)
core   0: 3 0x000000008000ff30 (0xfb843783) x15 0x000000000000009c mem 0x0000000080031f28
core   0: 0x000000008000ff34 (0x000097ba) c.add   a5, a4
core   0: 3 0x000000008000ff34 (0x97ba) x15 0x00000000800120dc
core   0: 0x000000008000ff36 (0xfe043703) ld      a4, -32(s0)
core   0: 3 0x000000008000ff36 (0xfe043703) x14 0x0000000080012070 mem 0x0000000080031f50
core   0: 0x000000008000ff3a (0xfcf76de3) bltu    a4, a5, pc - 38
core   0: 3 0x000000008000ff3a (0xfcf76de3)
core   0: 0x000000008000ff14 (0xfe043783) ld      a5, -32(s0)
core   0: 3 0x000000008000ff14 (0xfe043783) x15 0x0000000080012070 mem 0x0000000080031f50
core   0: 0x000000008000ff18 (0x00178713) addi    a4, a5, 1
core   0: 3 0x000000008000ff18 (0x00178713) x14 0x0000000080012071
core   0: 0x000000008000ff1c (0xfee43023) sd      a4, -32(s0)
core   0: 3 0x000000008000ff1c (0xfee43023) mem 0x0000000080031f50 0x0000000080012071
core   0: 0x000000008000ff20 (0xfc442703) lw      a4, -60(s0)
core   0: 3 0x000000008000ff20 (0xfc442703) x14 0x0000000000000000 mem 0x0000000080031f34
core   0: 0x000000008000ff24 (0x0ff77713) andi    a4, a4, 255
core   0: 3 0x000000008000ff24 (0x0ff77713) x14 0x0000000000000000
core   0: 0x000000008000ff28 (0x00e78023) sb      a4, 0(a5)
core   0: 3 0x000000008000ff28 (0x00e78023) mem 0x0000000080012070 0x00
core   0: 0x000000008000ff2c (0xfc843703) ld      a4, -56(s0)
core   0: 3 0x000000008000ff2c (0xfc843703) x14 0x0000000080012040 mem 0x0000000080031f38
core   0: 0x000000008000ff30 (0xfb843783) ld      a5, -72(s0)
core   0: 3 0x000000008000ff30 (0xfb843783) x15 0x000000000000009c mem 0x0000000080031f28
core   0: 0x000000008000ff34 (0x000097ba) c.add   a5, a4
core   0: 3 0x000000008000ff34 (0x97ba) x15 0x00000000800120dc
core   0: 0x000000008000ff36 (0xfe043703) ld      a4, -32(s0)
core   0: 3 0x000000008000ff36 (0xfe043703) x14 0x0000000080012071 mem 0x0000000080031f50
core   0: 0x000000008000ff3a (0xfcf76de3) bltu    a4, a5, pc - 38
core   0: 3 0x000000008000ff3a (0xfcf76de3)
core   0: 0x000000008000ff14 (0xfe043783) ld      a5, -32(s0)
core   0: 3 0x000000008000ff14 (0xfe043783) x15 0x0000000080012071 mem 0x0000000080031f50
core   0: 0x000000008000ff18 (0x00178713) addi    a4, a5, 1
core   0: 3 0x000000008000ff18 (0x00178713) x14 0x0000000080012072
core   0: 0x000000008000ff1c (0xfee43023) sd      a4, -32(s0)
core   0: 3 0x000000008000ff1c (0xfee43023) mem 0x0000000080031f50 0x0000000080012072
core   0: 0x000000008000ff20 (0xfc442703) lw      a4, -60(s0)
core   0: 3 0x000000008000ff20 (0xfc442703) x14 0x0000000000000000 mem 0x0000000080031f34
core   0: 0x000000008000ff24 (0x0ff77713) andi    a4, a4, 255
core   0: 3 0x000000008000ff24 (0x0ff77713) x14 0x0000000000000000
core   0: 0x000000008000ff28 (0x00e78023) sb      a4, 0(a5)
core   0: 3 0x000000008000ff28 (0x00e78023) mem 0x0000000080012071 0x00
core   0: 0x000000008000ff2c (0xfc843703) ld      a4, -56(s0)
core   0: 3 0x000000008000ff2c (0xfc843703) x14 0x0000000080012040 mem 0x0000000080031f38
core   0: 0x000000008000ff30 (0xfb843783) ld      a5, -72(s0)
core   0: 3 0x000000008000ff30 (0xfb843783) x15 0x000000000000009c mem 0x0000000080031f28
core   0: 0x000000008000ff34 (0x000097ba) c.add   a5, a4
core   0: 3 0x000000008000ff34 (0x97ba) x15 0x00000000800120dc
core   0: 0x000000008000ff36 (0xfe043703) ld      a4, -32(s0)
core   0: 3 0x000000008000ff36 (0xfe043703) x14 0x0000000080012072 mem 0x0000000080031f50
core   0: 0x000000008000ff3a (0xfcf76de3) bltu    a4, a5, pc - 38
core   0: 3 0x000000008000ff3a (0xfcf76de3)
core   0: 0x000000008000ff14 (0xfe043783) ld      a5, -32(s0)
core   0: 3 0x000000008000ff14 (0xfe043783) x15 0x0000000080012072 mem 0x0000000080031f50
core   0: 0x000000008000ff18 (0x00178713) addi    a4, a5, 1
core   0: 3 0x000000008000ff18 (0x00178713) x14 0x0000000080012073
core   0: 0x000000008000ff1c (0xfee43023) sd      a4, -32(s0)
core   0: 3 0x000000008000ff1c (0xfee43023) mem 0x0000000080031f50 0x0000000080012073
core   0: 0x000000008000ff20 (0xfc442703) lw      a4, -60(s0)
core   0: 3 0x000000008000ff20 (0xfc442703) x14 0x0000000000000000 mem 0x0000000080031f34
core   0: 0x000000008000ff24 (0x0ff77713) andi    a4, a4, 255
core   0: 3 0x000000008000ff24 (0x0ff77713) x14 0x0000000000000000
core   0: 0x000000008000ff28 (0x00e78023) sb      a4, 0(a5)
core   0: 3 0x000000008000ff28 (0x00e78023) mem 0x0000000080012072 0x00
core   0: 0x000000008000ff2c (0xfc843703) ld      a4, -56(s0)
core   0: 3 0x000000008000ff2c (0xfc843703) x14 0x0000000080012040 mem 0x0000000080031f38
core   0: 0x000000008000ff30 (0xfb843783) ld      a5, -72(s0)
core   0: 3 0x000000008000ff30 (0xfb843783) x15 0x000000000000009c mem 0x0000000080031f28
core   0: 0x000000008000ff34 (0x000097ba) c.add   a5, a4
core   0: 3 0x000000008000ff34 (0x97ba) x15 0x00000000800120dc
core   0: 0x000000008000ff36 (0xfe043703) ld      a4, -32(s0)
core   0: 3 0x000000008000ff36 (0xfe043703) x14 0x0000000080012073 mem 0x0000000080031f50
core   0: 0x000000008000ff3a (0xfcf76de3) bltu    a4, a5, pc - 38
core   0: 3 0x000000008000ff3a (0xfcf76de3)
core   0: 0x000000008000ff14 (0xfe043783) ld      a5, -32(s0)
core   0: 3 0x000000008000ff14 (0xfe043783) x15 0x0000000080012073 mem 0x0000000080031f50
core   0: 0x000000008000ff18 (0x00178713) addi    a4, a5, 1
core   0: 3 0x000000008000ff18 (0x00178713) x14 0x0000000080012074
core   0: 0x000000008000ff1c (0xfee43023) sd      a4, -32(s0)
core   0: 3 0x000000008000ff1c (0xfee43023) mem 0x0000000080031f50 0x0000000080012074
core   0: 0x000000008000ff20 (0xfc442703) lw      a4, -60(s0)
core   0: 3 0x000000008000ff20 (0xfc442703) x14 0x0000000000000000 mem 0x0000000080031f34
core   0: 0x000000008000ff24 (0x0ff77713) andi    a4, a4, 255
core   0: 3 0x000000008000ff24 (0x0ff77713) x14 0x0000000000000000
core   0: 0x000000008000ff28 (0x00e78023) sb      a4, 0(a5)
core   0: 3 0x000000008000ff28 (0x00e78023) mem 0x0000000080012073 0x00
core   0: 0x000000008000ff2c (0xfc843703) ld      a4, -56(s0)
core   0: 3 0x000000008000ff2c (0xfc843703) x14 0x0000000080012040 mem 0x0000000080031f38
core   0: 0x000000008000ff30 (0xfb843783) ld      a5, -72(s0)
core   0: 3 0x000000008000ff30 (0xfb843783) x15 0x000000000000009c mem 0x0000000080031f28
core   0: 0x000000008000ff34 (0x000097ba) c.add   a5, a4
core   0: 3 0x000000008000ff34 (0x97ba) x15 0x00000000800120dc
core   0: 0x000000008000ff36 (0xfe043703) ld      a4, -32(s0)
core   0: 3 0x000000008000ff36 (0xfe043703) x14 0x0000000080012074 mem 0x0000000080031f50
core   0: 0x000000008000ff3a (0xfcf76de3) bltu    a4, a5, pc - 38
core   0: 3 0x000000008000ff3a (0xfcf76de3)
core   0: 0x000000008000ff14 (0xfe043783) ld      a5, -32(s0)
core   0: 3 0x000000008000ff14 (0xfe043783) x15 0x0000000080012074 mem 0x0000000080031f50
core   0: 0x000000008000ff18 (0x00178713) addi    a4, a5, 1
core   0: 3 0x000000008000ff18 (0x00178713) x14 0x0000000080012075
core   0: 0x000000008000ff1c (0xfee43023) sd      a4, -32(s0)
core   0: 3 0x000000008000ff1c (0xfee43023) mem 0x0000000080031f50 0x0000000080012075
core   0: 0x000000008000ff20 (0xfc442703) lw      a4, -60(s0)
core   0: 3 0x000000008000ff20 (0xfc442703) x14 0x0000000000000000 mem 0x0000000080031f34
core   0: 0x000000008000ff24 (0x0ff77713) andi    a4, a4, 255
core   0: 3 0x000000008000ff24 (0x0ff77713) x14 0x0000000000000000
core   0: 0x000000008000ff28 (0x00e78023) sb      a4, 0(a5)
core   0: 3 0x000000008000ff28 (0x00e78023) mem 0x0000000080012074 0x00
core   0: 0x000000008000ff2c (0xfc843703) ld      a4, -56(s0)
core   0: 3 0x000000008000ff2c (0xfc843703) x14 0x0000000080012040 mem 0x0000000080031f38
core   0: 0x000000008000ff30 (0xfb843783) ld      a5, -72(s0)
core   0: 3 0x000000008000ff30 (0xfb843783) x15 0x000000000000009c mem 0x0000000080031f28
core   0: 0x000000008000ff34 (0x000097ba) c.add   a5, a4
core   0: 3 0x000000008000ff34 (0x97ba) x15 0x00000000800120dc
core   0: 0x000000008000ff36 (0xfe043703) ld      a4, -32(s0)
core   0: 3 0x000000008000ff36 (0xfe043703) x14 0x0000000080012075 mem 0x0000000080031f50
core   0: 0x000000008000ff3a (0xfcf76de3) bltu    a4, a5, pc - 38
core   0: 3 0x000000008000ff3a (0xfcf76de3)
core   0: 0x000000008000ff14 (0xfe043783) ld      a5, -32(s0)
core   0: 3 0x000000008000ff14 (0xfe043783) x15 0x0000000080012075 mem 0x0000000080031f50
core   0: 0x000000008000ff18 (0x00178713) addi    a4, a5, 1
core   0: 3 0x000000008000ff18 (0x00178713) x14 0x0000000080012076
core   0: 0x000000008000ff1c (0xfee43023) sd      a4, -32(s0)
core   0: 3 0x000000008000ff1c (0xfee43023) mem 0x0000000080031f50 0x0000000080012076
core   0: 0x000000008000ff20 (0xfc442703) lw      a4, -60(s0)
core   0: 3 0x000000008000ff20 (0xfc442703) x14 0x0000000000000000 mem 0x0000000080031f34
core   0: 0x000000008000ff24 (0x0ff77713) andi    a4, a4, 255
core   0: 3 0x000000008000ff24 (0x0ff77713) x14 0x0000000000000000
core   0: 0x000000008000ff28 (0x00e78023) sb      a4, 0(a5)
core   0: 3 0x000000008000ff28 (0x00e78023) mem 0x0000000080012075 0x00
core   0: 0x000000008000ff2c (0xfc843703) ld      a4, -56(s0)
core   0: 3 0x000000008000ff2c (0xfc843703) x14 0x0000000080012040 mem 0x0000000080031f38
core   0: 0x000000008000ff30 (0xfb843783) ld      a5, -72(s0)
core   0: 3 0x000000008000ff30 (0xfb843783) x15 0x000000000000009c mem 0x0000000080031f28
core   0: 0x000000008000ff34 (0x000097ba) c.add   a5, a4
core   0: 3 0x000000008000ff34 (0x97ba) x15 0x00000000800120dc
core   0: 0x000000008000ff36 (0xfe043703) ld      a4, -32(s0)
core   0: 3 0x000000008000ff36 (0xfe043703) x14 0x0000000080012076 mem 0x0000000080031f50
core   0: 0x000000008000ff3a (0xfcf76de3) bltu    a4, a5, pc - 38
core   0: 3 0x000000008000ff3a (0xfcf76de3)
core   0: 0x000000008000ff14 (0xfe043783) ld      a5, -32(s0)
core   0: 3 0x000000008000ff14 (0xfe043783) x15 0x0000000080012076 mem 0x0000000080031f50
core   0: 0x000000008000ff18 (0x00178713) addi    a4, a5, 1
core   0: 3 0x000000008000ff18 (0x00178713) x14 0x0000000080012077
core   0: 0x000000008000ff1c (0xfee43023) sd      a4, -32(s0)
core   0: 3 0x000000008000ff1c (0xfee43023) mem 0x0000000080031f50 0x0000000080012077
core   0: 0x000000008000ff20 (0xfc442703) lw      a4, -60(s0)
core   0: 3 0x000000008000ff20 (0xfc442703) x14 0x0000000000000000 mem 0x0000000080031f34
core   0: 0x000000008000ff24 (0x0ff77713) andi    a4, a4, 255
core   0: 3 0x000000008000ff24 (0x0ff77713) x14 0x0000000000000000
core   0: 0x000000008000ff28 (0x00e78023) sb      a4, 0(a5)
core   0: 3 0x000000008000ff28 (0x00e78023) mem 0x0000000080012076 0x00
core   0: 0x000000008000ff2c (0xfc843703) ld      a4, -56(s0)
core   0: 3 0x000000008000ff2c (0xfc843703) x14 0x0000000080012040 mem 0x0000000080031f38
core   0: 0x000000008000ff30 (0xfb843783) ld      a5, -72(s0)
core   0: 3 0x000000008000ff30 (0xfb843783) x15 0x000000000000009c mem 0x0000000080031f28
core   0: 0x000000008000ff34 (0x000097ba) c.add   a5, a4
core   0: 3 0x000000008000ff34 (0x97ba) x15 0x00000000800120dc
core   0: 0x000000008000ff36 (0xfe043703) ld      a4, -32(s0)
core   0: 3 0x000000008000ff36 (0xfe043703) x14 0x0000000080012077 mem 0x0000000080031f50
core   0: 0x000000008000ff3a (0xfcf76de3) bltu    a4, a5, pc - 38
core   0: 3 0x000000008000ff3a (0xfcf76de3)
core   0: 0x000000008000ff14 (0xfe043783) ld      a5, -32(s0)
core   0: 3 0x000000008000ff14 (0xfe043783) x15 0x0000000080012077 mem 0x0000000080031f50
core   0: 0x000000008000ff18 (0x00178713) addi    a4, a5, 1
core   0: 3 0x000000008000ff18 (0x00178713) x14 0x0000000080012078
core   0: 0x000000008000ff1c (0xfee43023) sd      a4, -32(s0)
core   0: 3 0x000000008000ff1c (0xfee43023) mem 0x0000000080031f50 0x0000000080012078
core   0: 0x000000008000ff20 (0xfc442703) lw      a4, -60(s0)
core   0: 3 0x000000008000ff20 (0xfc442703) x14 0x0000000000000000 mem 0x0000000080031f34
core   0: 0x000000008000ff24 (0x0ff77713) andi    a4, a4, 255
core   0: 3 0x000000008000ff24 (0x0ff77713) x14 0x0000000000000000
core   0: 0x000000008000ff28 (0x00e78023) sb      a4, 0(a5)
core   0: 3 0x000000008000ff28 (0x00e78023) mem 0x0000000080012077 0x00
core   0: 0x000000008000ff2c (0xfc843703) ld      a4, -56(s0)
core   0: 3 0x000000008000ff2c (0xfc843703) x14 0x0000000080012040 mem 0x0000000080031f38
core   0: 0x000000008000ff30 (0xfb843783) ld      a5, -72(s0)
core   0: 3 0x000000008000ff30 (0xfb843783) x15 0x000000000000009c mem 0x0000000080031f28
core   0: 0x000000008000ff34 (0x000097ba) c.add   a5, a4
core   0: 3 0x000000008000ff34 (0x97ba) x15 0x00000000800120dc
core   0: 0x000000008000ff36 (0xfe043703) ld      a4, -32(s0)
core   0: 3 0x000000008000ff36 (0xfe043703) x14 0x0000000080012078 mem 0x0000000080031f50
core   0: 0x000000008000ff3a (0xfcf76de3) bltu    a4, a5, pc - 38
core   0: 3 0x000000008000ff3a (0xfcf76de3)
core   0: 0x000000008000ff14 (0xfe043783) ld      a5, -32(s0)
core   0: 3 0x000000008000ff14 (0xfe043783) x15 0x0000000080012078 mem 0x0000000080031f50
core   0: 0x000000008000ff18 (0x00178713) addi    a4, a5, 1
core   0: 3 0x000000008000ff18 (0x00178713) x14 0x0000000080012079
core   0: 0x000000008000ff1c (0xfee43023) sd      a4, -32(s0)
core   0: 3 0x000000008000ff1c (0xfee43023) mem 0x0000000080031f50 0x0000000080012079
core   0: 0x000000008000ff20 (0xfc442703) lw      a4, -60(s0)
core   0: 3 0x000000008000ff20 (0xfc442703) x14 0x0000000000000000 mem 0x0000000080031f34
core   0: 0x000000008000ff24 (0x0ff77713) andi    a4, a4, 255
core   0: 3 0x000000008000ff24 (0x0ff77713) x14 0x0000000000000000
core   0: 0x000000008000ff28 (0x00e78023) sb      a4, 0(a5)
core   0: 3 0x000000008000ff28 (0x00e78023) mem 0x0000000080012078 0x00
core   0: 0x000000008000ff2c (0xfc843703) ld      a4, -56(s0)
core   0: 3 0x000000008000ff2c (0xfc843703) x14 0x0000000080012040 mem 0x0000000080031f38
core   0: 0x000000008000ff30 (0xfb843783) ld      a5, -72(s0)
core   0: 3 0x000000008000ff30 (0xfb843783) x15 0x000000000000009c mem 0x0000000080031f28
core   0: 0x000000008000ff34 (0x000097ba) c.add   a5, a4
core   0: 3 0x000000008000ff34 (0x97ba) x15 0x00000000800120dc
core   0: 0x000000008000ff36 (0xfe043703) ld      a4, -32(s0)
core   0: 3 0x000000008000ff36 (0xfe043703) x14 0x0000000080012079 mem 0x0000000080031f50
core   0: 0x000000008000ff3a (0xfcf76de3) bltu    a4, a5, pc - 38
core   0: 3 0x000000008000ff3a (0xfcf76de3)
core   0: 0x000000008000ff14 (0xfe043783) ld      a5, -32(s0)
core   0: 3 0x000000008000ff14 (0xfe043783) x15 0x0000000080012079 mem 0x0000000080031f50
core   0: 0x000000008000ff18 (0x00178713) addi    a4, a5, 1
core   0: 3 0x000000008000ff18 (0x00178713) x14 0x000000008001207a
core   0: 0x000000008000ff1c (0xfee43023) sd      a4, -32(s0)
core   0: 3 0x000000008000ff1c (0xfee43023) mem 0x0000000080031f50 0x000000008001207a
core   0: 0x000000008000ff20 (0xfc442703) lw      a4, -60(s0)
core   0: 3 0x000000008000ff20 (0xfc442703) x14 0x0000000000000000 mem 0x0000000080031f34
core   0: 0x000000008000ff24 (0x0ff77713) andi    a4, a4, 255
core   0: 3 0x000000008000ff24 (0x0ff77713) x14 0x0000000000000000
core   0: 0x000000008000ff28 (0x00e78023) sb      a4, 0(a5)
core   0: 3 0x000000008000ff28 (0x00e78023) mem 0x0000000080012079 0x00
core   0: 0x000000008000ff2c (0xfc843703) ld      a4, -56(s0)
core   0: 3 0x000000008000ff2c (0xfc843703) x14 0x0000000080012040 mem 0x0000000080031f38
core   0: 0x000000008000ff30 (0xfb843783) ld      a5, -72(s0)
core   0: 3 0x000000008000ff30 (0xfb843783) x15 0x000000000000009c mem 0x0000000080031f28
core   0: 0x000000008000ff34 (0x000097ba) c.add   a5, a4
core   0: 3 0x000000008000ff34 (0x97ba) x15 0x00000000800120dc
core   0: 0x000000008000ff36 (0xfe043703) ld      a4, -32(s0)
core   0: 3 0x000000008000ff36 (0xfe043703) x14 0x000000008001207a mem 0x0000000080031f50
core   0: 0x000000008000ff3a (0xfcf76de3) bltu    a4, a5, pc - 38
core   0: 3 0x000000008000ff3a (0xfcf76de3)
core   0: 0x000000008000ff14 (0xfe043783) ld      a5, -32(s0)
core   0: 3 0x000000008000ff14 (0xfe043783) x15 0x000000008001207a mem 0x0000000080031f50
core   0: 0x000000008000ff18 (0x00178713) addi    a4, a5, 1
core   0: 3 0x000000008000ff18 (0x00178713) x14 0x000000008001207b
core   0: 0x000000008000ff1c (0xfee43023) sd      a4, -32(s0)
core   0: 3 0x000000008000ff1c (0xfee43023) mem 0x0000000080031f50 0x000000008001207b
core   0: 0x000000008000ff20 (0xfc442703) lw      a4, -60(s0)
core   0: 3 0x000000008000ff20 (0xfc442703) x14 0x0000000000000000 mem 0x0000000080031f34
core   0: 0x000000008000ff24 (0x0ff77713) andi    a4, a4, 255
core   0: 3 0x000000008000ff24 (0x0ff77713) x14 0x0000000000000000
core   0: 0x000000008000ff28 (0x00e78023) sb      a4, 0(a5)
core   0: 3 0x000000008000ff28 (0x00e78023) mem 0x000000008001207a 0x00
core   0: 0x000000008000ff2c (0xfc843703) ld      a4, -56(s0)
core   0: 3 0x000000008000ff2c (0xfc843703) x14 0x0000000080012040 mem 0x0000000080031f38
core   0: 0x000000008000ff30 (0xfb843783) ld      a5, -72(s0)
core   0: 3 0x000000008000ff30 (0xfb843783) x15 0x000000000000009c mem 0x0000000080031f28
core   0: 0x000000008000ff34 (0x000097ba) c.add   a5, a4
core   0: 3 0x000000008000ff34 (0x97ba) x15 0x00000000800120dc
core   0: 0x000000008000ff36 (0xfe043703) ld      a4, -32(s0)
core   0: 3 0x000000008000ff36 (0xfe043703) x14 0x000000008001207b mem 0x0000000080031f50
core   0: 0x000000008000ff3a (0xfcf76de3) bltu    a4, a5, pc - 38
core   0: 3 0x000000008000ff3a (0xfcf76de3)
core   0: 0x000000008000ff14 (0xfe043783) ld      a5, -32(s0)
core   0: 3 0x000000008000ff14 (0xfe043783) x15 0x000000008001207b mem 0x0000000080031f50
core   0: 0x000000008000ff18 (0x00178713) addi    a4, a5, 1
core   0: 3 0x000000008000ff18 (0x00178713) x14 0x000000008001207c
core   0: 0x000000008000ff1c (0xfee43023) sd      a4, -32(s0)
core   0: 3 0x000000008000ff1c (0xfee43023) mem 0x0000000080031f50 0x000000008001207c
core   0: 0x000000008000ff20 (0xfc442703) lw      a4, -60(s0)
core   0: 3 0x000000008000ff20 (0xfc442703) x14 0x0000000000000000 mem 0x0000000080031f34
core   0: 0x000000008000ff24 (0x0ff77713) andi    a4, a4, 255
core   0: 3 0x000000008000ff24 (0x0ff77713) x14 0x0000000000000000
core   0: 0x000000008000ff28 (0x00e78023) sb      a4, 0(a5)
core   0: 3 0x000000008000ff28 (0x00e78023) mem 0x000000008001207b 0x00
core   0: 0x000000008000ff2c (0xfc843703) ld      a4, -56(s0)
core   0: 3 0x000000008000ff2c (0xfc843703) x14 0x0000000080012040 mem 0x0000000080031f38
core   0: 0x000000008000ff30 (0xfb843783) ld      a5, -72(s0)
core   0: 3 0x000000008000ff30 (0xfb843783) x15 0x000000000000009c mem 0x0000000080031f28
core   0: 0x000000008000ff34 (0x000097ba) c.add   a5, a4
core   0: 3 0x000000008000ff34 (0x97ba) x15 0x00000000800120dc
core   0: 0x000000008000ff36 (0xfe043703) ld      a4, -32(s0)
core   0: 3 0x000000008000ff36 (0xfe043703) x14 0x000000008001207c mem 0x0000000080031f50
core   0: 0x000000008000ff3a (0xfcf76de3) bltu    a4, a5, pc - 38
core   0: 3 0x000000008000ff3a (0xfcf76de3)
core   0: 0x000000008000ff14 (0xfe043783) ld      a5, -32(s0)
core   0: 3 0x000000008000ff14 (0xfe043783) x15 0x000000008001207c mem 0x0000000080031f50
core   0: 0x000000008000ff18 (0x00178713) addi    a4, a5, 1
core   0: 3 0x000000008000ff18 (0x00178713) x14 0x000000008001207d
core   0: 0x000000008000ff1c (0xfee43023) sd      a4, -32(s0)
core   0: 3 0x000000008000ff1c (0xfee43023) mem 0x0000000080031f50 0x000000008001207d
core   0: 0x000000008000ff20 (0xfc442703) lw      a4, -60(s0)
core   0: 3 0x000000008000ff20 (0xfc442703) x14 0x0000000000000000 mem 0x0000000080031f34
core   0: 0x000000008000ff24 (0x0ff77713) andi    a4, a4, 255
core   0: 3 0x000000008000ff24 (0x0ff77713) x14 0x0000000000000000
core   0: 0x000000008000ff28 (0x00e78023) sb      a4, 0(a5)
core   0: 3 0x000000008000ff28 (0x00e78023) mem 0x000000008001207c 0x00
core   0: 0x000000008000ff2c (0xfc843703) ld      a4, -56(s0)
core   0: 3 0x000000008000ff2c (0xfc843703) x14 0x0000000080012040 mem 0x0000000080031f38
core   0: 0x000000008000ff30 (0xfb843783) ld      a5, -72(s0)
core   0: 3 0x000000008000ff30 (0xfb843783) x15 0x000000000000009c mem 0x0000000080031f28
core   0: 0x000000008000ff34 (0x000097ba) c.add   a5, a4
core   0: 3 0x000000008000ff34 (0x97ba) x15 0x00000000800120dc
core   0: 0x000000008000ff36 (0xfe043703) ld      a4, -32(s0)
core   0: 3 0x000000008000ff36 (0xfe043703) x14 0x000000008001207d mem 0x0000000080031f50
core   0: 0x000000008000ff3a (0xfcf76de3) bltu    a4, a5, pc - 38
core   0: 3 0x000000008000ff3a (0xfcf76de3)
core   0: 0x000000008000ff14 (0xfe043783) ld      a5, -32(s0)
core   0: 3 0x000000008000ff14 (0xfe043783) x15 0x000000008001207d mem 0x0000000080031f50
core   0: 0x000000008000ff18 (0x00178713) addi    a4, a5, 1
core   0: 3 0x000000008000ff18 (0x00178713) x14 0x000000008001207e
core   0: 0x000000008000ff1c (0xfee43023) sd      a4, -32(s0)
core   0: 3 0x000000008000ff1c (0xfee43023) mem 0x0000000080031f50 0x000000008001207e
core   0: 0x000000008000ff20 (0xfc442703) lw      a4, -60(s0)
core   0: 3 0x000000008000ff20 (0xfc442703) x14 0x0000000000000000 mem 0x0000000080031f34
core   0: 0x000000008000ff24 (0x0ff77713) andi    a4, a4, 255
core   0: 3 0x000000008000ff24 (0x0ff77713) x14 0x0000000000000000
core   0: 0x000000008000ff28 (0x00e78023) sb      a4, 0(a5)
core   0: 3 0x000000008000ff28 (0x00e78023) mem 0x000000008001207d 0x00
core   0: 0x000000008000ff2c (0xfc843703) ld      a4, -56(s0)
core   0: 3 0x000000008000ff2c (0xfc843703) x14 0x0000000080012040 mem 0x0000000080031f38
core   0: 0x000000008000ff30 (0xfb843783) ld      a5, -72(s0)
core   0: 3 0x000000008000ff30 (0xfb843783) x15 0x000000000000009c mem 0x0000000080031f28
core   0: 0x000000008000ff34 (0x000097ba) c.add   a5, a4
core   0: 3 0x000000008000ff34 (0x97ba) x15 0x00000000800120dc
core   0: 0x000000008000ff36 (0xfe043703) ld      a4, -32(s0)
core   0: 3 0x000000008000ff36 (0xfe043703) x14 0x000000008001207e mem 0x0000000080031f50
core   0: 0x000000008000ff3a (0xfcf76de3) bltu    a4, a5, pc - 38
core   0: 3 0x000000008000ff3a (0xfcf76de3)
core   0: 0x000000008000ff14 (0xfe043783) ld      a5, -32(s0)
core   0: 3 0x000000008000ff14 (0xfe043783) x15 0x000000008001207e mem 0x0000000080031f50
core   0: 0x000000008000ff18 (0x00178713) addi    a4, a5, 1
core   0: 3 0x000000008000ff18 (0x00178713) x14 0x000000008001207f
core   0: 0x000000008000ff1c (0xfee43023) sd      a4, -32(s0)
core   0: 3 0x000000008000ff1c (0xfee43023) mem 0x0000000080031f50 0x000000008001207f
core   0: 0x000000008000ff20 (0xfc442703) lw      a4, -60(s0)
core   0: 3 0x000000008000ff20 (0xfc442703) x14 0x0000000000000000 mem 0x0000000080031f34
core   0: 0x000000008000ff24 (0x0ff77713) andi    a4, a4, 255
core   0: 3 0x000000008000ff24 (0x0ff77713) x14 0x0000000000000000
core   0: 0x000000008000ff28 (0x00e78023) sb      a4, 0(a5)
core   0: 3 0x000000008000ff28 (0x00e78023) mem 0x000000008001207e 0x00
core   0: 0x000000008000ff2c (0xfc843703) ld      a4, -56(s0)
core   0: 3 0x000000008000ff2c (0xfc843703) x14 0x0000000080012040 mem 0x0000000080031f38
core   0: 0x000000008000ff30 (0xfb843783) ld      a5, -72(s0)
core   0: 3 0x000000008000ff30 (0xfb843783) x15 0x000000000000009c mem 0x0000000080031f28
core   0: 0x000000008000ff34 (0x000097ba) c.add   a5, a4
core   0: 3 0x000000008000ff34 (0x97ba) x15 0x00000000800120dc
core   0: 0x000000008000ff36 (0xfe043703) ld      a4, -32(s0)
core   0: 3 0x000000008000ff36 (0xfe043703) x14 0x000000008001207f mem 0x0000000080031f50
core   0: 0x000000008000ff3a (0xfcf76de3) bltu    a4, a5, pc - 38
core   0: 3 0x000000008000ff3a (0xfcf76de3)
core   0: 0x000000008000ff14 (0xfe043783) ld      a5, -32(s0)
core   0: 3 0x000000008000ff14 (0xfe043783) x15 0x000000008001207f mem 0x0000000080031f50
core   0: 0x000000008000ff18 (0x00178713) addi    a4, a5, 1
core   0: 3 0x000000008000ff18 (0x00178713) x14 0x0000000080012080
core   0: 0x000000008000ff1c (0xfee43023) sd      a4, -32(s0)
core   0: 3 0x000000008000ff1c (0xfee43023) mem 0x0000000080031f50 0x0000000080012080
core   0: 0x000000008000ff20 (0xfc442703) lw      a4, -60(s0)
core   0: 3 0x000000008000ff20 (0xfc442703) x14 0x0000000000000000 mem 0x0000000080031f34
core   0: 0x000000008000ff24 (0x0ff77713) andi    a4, a4, 255
core   0: 3 0x000000008000ff24 (0x0ff77713) x14 0x0000000000000000
core   0: 0x000000008000ff28 (0x00e78023) sb      a4, 0(a5)
core   0: 3 0x000000008000ff28 (0x00e78023) mem 0x000000008001207f 0x00
core   0: 0x000000008000ff2c (0xfc843703) ld      a4, -56(s0)
core   0: 3 0x000000008000ff2c (0xfc843703) x14 0x0000000080012040 mem 0x0000000080031f38
core   0: 0x000000008000ff30 (0xfb843783) ld      a5, -72(s0)
core   0: 3 0x000000008000ff30 (0xfb843783) x15 0x000000000000009c mem 0x0000000080031f28
core   0: 0x000000008000ff34 (0x000097ba) c.add   a5, a4
core   0: 3 0x000000008000ff34 (0x97ba) x15 0x00000000800120dc
core   0: 0x000000008000ff36 (0xfe043703) ld      a4, -32(s0)
core   0: 3 0x000000008000ff36 (0xfe043703) x14 0x0000000080012080 mem 0x0000000080031f50
core   0: 0x000000008000ff3a (0xfcf76de3) bltu    a4, a5, pc - 38
core   0: 3 0x000000008000ff3a (0xfcf76de3)
core   0: 0x000000008000ff14 (0xfe043783) ld      a5, -32(s0)
core   0: 3 0x000000008000ff14 (0xfe043783) x15 0x0000000080012080 mem 0x0000000080031f50
core   0: 0x000000008000ff18 (0x00178713) addi    a4, a5, 1
core   0: 3 0x000000008000ff18 (0x00178713) x14 0x0000000080012081
core   0: 0x000000008000ff1c (0xfee43023) sd      a4, -32(s0)
core   0: 3 0x000000008000ff1c (0xfee43023) mem 0x0000000080031f50 0x0000000080012081
core   0: 0x000000008000ff20 (0xfc442703) lw      a4, -60(s0)
core   0: 3 0x000000008000ff20 (0xfc442703) x14 0x0000000000000000 mem 0x0000000080031f34
core   0: 0x000000008000ff24 (0x0ff77713) andi    a4, a4, 255
core   0: 3 0x000000008000ff24 (0x0ff77713) x14 0x0000000000000000
core   0: 0x000000008000ff28 (0x00e78023) sb      a4, 0(a5)
core   0: 3 0x000000008000ff28 (0x00e78023) mem 0x0000000080012080 0x00
core   0: 0x000000008000ff2c (0xfc843703) ld      a4, -56(s0)
core   0: 3 0x000000008000ff2c (0xfc843703) x14 0x0000000080012040 mem 0x0000000080031f38
core   0: 0x000000008000ff30 (0xfb843783) ld      a5, -72(s0)
core   0: 3 0x000000008000ff30 (0xfb843783) x15 0x000000000000009c mem 0x0000000080031f28
core   0: 0x000000008000ff34 (0x000097ba) c.add   a5, a4
core   0: 3 0x000000008000ff34 (0x97ba) x15 0x00000000800120dc
core   0: 0x000000008000ff36 (0xfe043703) ld      a4, -32(s0)
core   0: 3 0x000000008000ff36 (0xfe043703) x14 0x0000000080012081 mem 0x0000000080031f50
core   0: 0x000000008000ff3a (0xfcf76de3) bltu    a4, a5, pc - 38
core   0: 3 0x000000008000ff3a (0xfcf76de3)
core   0: 0x000000008000ff14 (0xfe043783) ld      a5, -32(s0)
core   0: 3 0x000000008000ff14 (0xfe043783) x15 0x0000000080012081 mem 0x0000000080031f50
core   0: 0x000000008000ff18 (0x00178713) addi    a4, a5, 1
core   0: 3 0x000000008000ff18 (0x00178713) x14 0x0000000080012082
core   0: 0x000000008000ff1c (0xfee43023) sd      a4, -32(s0)
core   0: 3 0x000000008000ff1c (0xfee43023) mem 0x0000000080031f50 0x0000000080012082
core   0: 0x000000008000ff20 (0xfc442703) lw      a4, -60(s0)
core   0: 3 0x000000008000ff20 (0xfc442703) x14 0x0000000000000000 mem 0x0000000080031f34
core   0: 0x000000008000ff24 (0x0ff77713) andi    a4, a4, 255
core   0: 3 0x000000008000ff24 (0x0ff77713) x14 0x0000000000000000
core   0: 0x000000008000ff28 (0x00e78023) sb      a4, 0(a5)
core   0: 3 0x000000008000ff28 (0x00e78023) mem 0x0000000080012081 0x00
core   0: 0x000000008000ff2c (0xfc843703) ld      a4, -56(s0)
core   0: 3 0x000000008000ff2c (0xfc843703) x14 0x0000000080012040 mem 0x0000000080031f38
core   0: 0x000000008000ff30 (0xfb843783) ld      a5, -72(s0)
core   0: 3 0x000000008000ff30 (0xfb843783) x15 0x000000000000009c mem 0x0000000080031f28
core   0: 0x000000008000ff34 (0x000097ba) c.add   a5, a4
core   0: 3 0x000000008000ff34 (0x97ba) x15 0x00000000800120dc
core   0: 0x000000008000ff36 (0xfe043703) ld      a4, -32(s0)
core   0: 3 0x000000008000ff36 (0xfe043703) x14 0x0000000080012082 mem 0x0000000080031f50
core   0: 0x000000008000ff3a (0xfcf76de3) bltu    a4, a5, pc - 38
core   0: 3 0x000000008000ff3a (0xfcf76de3)
core   0: 0x000000008000ff14 (0xfe043783) ld      a5, -32(s0)
core   0: 3 0x000000008000ff14 (0xfe043783) x15 0x0000000080012082 mem 0x0000000080031f50
core   0: 0x000000008000ff18 (0x00178713) addi    a4, a5, 1
core   0: 3 0x000000008000ff18 (0x00178713) x14 0x0000000080012083
core   0: 0x000000008000ff1c (0xfee43023) sd      a4, -32(s0)
core   0: 3 0x000000008000ff1c (0xfee43023) mem 0x0000000080031f50 0x0000000080012083
core   0: 0x000000008000ff20 (0xfc442703) lw      a4, -60(s0)
core   0: 3 0x000000008000ff20 (0xfc442703) x14 0x0000000000000000 mem 0x0000000080031f34
core   0: 0x000000008000ff24 (0x0ff77713) andi    a4, a4, 255
core   0: 3 0x000000008000ff24 (0x0ff77713) x14 0x0000000000000000
core   0: 0x000000008000ff28 (0x00e78023) sb      a4, 0(a5)
core   0: 3 0x000000008000ff28 (0x00e78023) mem 0x0000000080012082 0x00
core   0: 0x000000008000ff2c (0xfc843703) ld      a4, -56(s0)
core   0: 3 0x000000008000ff2c (0xfc843703) x14 0x0000000080012040 mem 0x0000000080031f38
core   0: 0x000000008000ff30 (0xfb843783) ld      a5, -72(s0)
core   0: 3 0x000000008000ff30 (0xfb843783) x15 0x000000000000009c mem 0x0000000080031f28
core   0: 0x000000008000ff34 (0x000097ba) c.add   a5, a4
core   0: 3 0x000000008000ff34 (0x97ba) x15 0x00000000800120dc
core   0: 0x000000008000ff36 (0xfe043703) ld      a4, -32(s0)
core   0: 3 0x000000008000ff36 (0xfe043703) x14 0x0000000080012083 mem 0x0000000080031f50
core   0: 0x000000008000ff3a (0xfcf76de3) bltu    a4, a5, pc - 38
core   0: 3 0x000000008000ff3a (0xfcf76de3)
core   0: 0x000000008000ff14 (0xfe043783) ld      a5, -32(s0)
core   0: 3 0x000000008000ff14 (0xfe043783) x15 0x0000000080012083 mem 0x0000000080031f50
core   0: 0x000000008000ff18 (0x00178713) addi    a4, a5, 1
core   0: 3 0x000000008000ff18 (0x00178713) x14 0x0000000080012084
core   0: 0x000000008000ff1c (0xfee43023) sd      a4, -32(s0)
core   0: 3 0x000000008000ff1c (0xfee43023) mem 0x0000000080031f50 0x0000000080012084
core   0: 0x000000008000ff20 (0xfc442703) lw      a4, -60(s0)
core   0: 3 0x000000008000ff20 (0xfc442703) x14 0x0000000000000000 mem 0x0000000080031f34
core   0: 0x000000008000ff24 (0x0ff77713) andi    a4, a4, 255
core   0: 3 0x000000008000ff24 (0x0ff77713) x14 0x0000000000000000
core   0: 0x000000008000ff28 (0x00e78023) sb      a4, 0(a5)
core   0: 3 0x000000008000ff28 (0x00e78023) mem 0x0000000080012083 0x00
core   0: 0x000000008000ff2c (0xfc843703) ld      a4, -56(s0)
core   0: 3 0x000000008000ff2c (0xfc843703) x14 0x0000000080012040 mem 0x0000000080031f38
core   0: 0x000000008000ff30 (0xfb843783) ld      a5, -72(s0)
core   0: 3 0x000000008000ff30 (0xfb843783) x15 0x000000000000009c mem 0x0000000080031f28
core   0: 0x000000008000ff34 (0x000097ba) c.add   a5, a4
core   0: 3 0x000000008000ff34 (0x97ba) x15 0x00000000800120dc
core   0: 0x000000008000ff36 (0xfe043703) ld      a4, -32(s0)
core   0: 3 0x000000008000ff36 (0xfe043703) x14 0x0000000080012084 mem 0x0000000080031f50
core   0: 0x000000008000ff3a (0xfcf76de3) bltu    a4, a5, pc - 38
core   0: 3 0x000000008000ff3a (0xfcf76de3)
core   0: 0x000000008000ff14 (0xfe043783) ld      a5, -32(s0)
core   0: 3 0x000000008000ff14 (0xfe043783) x15 0x0000000080012084 mem 0x0000000080031f50
core   0: 0x000000008000ff18 (0x00178713) addi    a4, a5, 1
core   0: 3 0x000000008000ff18 (0x00178713) x14 0x0000000080012085
core   0: 0x000000008000ff1c (0xfee43023) sd      a4, -32(s0)
core   0: 3 0x000000008000ff1c (0xfee43023) mem 0x0000000080031f50 0x0000000080012085
core   0: 0x000000008000ff20 (0xfc442703) lw      a4, -60(s0)
core   0: 3 0x000000008000ff20 (0xfc442703) x14 0x0000000000000000 mem 0x0000000080031f34
core   0: 0x000000008000ff24 (0x0ff77713) andi    a4, a4, 255
core   0: 3 0x000000008000ff24 (0x0ff77713) x14 0x0000000000000000
core   0: 0x000000008000ff28 (0x00e78023) sb      a4, 0(a5)
core   0: 3 0x000000008000ff28 (0x00e78023) mem 0x0000000080012084 0x00
core   0: 0x000000008000ff2c (0xfc843703) ld      a4, -56(s0)
core   0: 3 0x000000008000ff2c (0xfc843703) x14 0x0000000080012040 mem 0x0000000080031f38
core   0: 0x000000008000ff30 (0xfb843783) ld      a5, -72(s0)
core   0: 3 0x000000008000ff30 (0xfb843783) x15 0x000000000000009c mem 0x0000000080031f28
core   0: 0x000000008000ff34 (0x000097ba) c.add   a5, a4
core   0: 3 0x000000008000ff34 (0x97ba) x15 0x00000000800120dc
core   0: 0x000000008000ff36 (0xfe043703) ld      a4, -32(s0)
core   0: 3 0x000000008000ff36 (0xfe043703) x14 0x0000000080012085 mem 0x0000000080031f50
core   0: 0x000000008000ff3a (0xfcf76de3) bltu    a4, a5, pc - 38
core   0: 3 0x000000008000ff3a (0xfcf76de3)
core   0: 0x000000008000ff14 (0xfe043783) ld      a5, -32(s0)
core   0: 3 0x000000008000ff14 (0xfe043783) x15 0x0000000080012085 mem 0x0000000080031f50
core   0: 0x000000008000ff18 (0x00178713) addi    a4, a5, 1
core   0: 3 0x000000008000ff18 (0x00178713) x14 0x0000000080012086
core   0: 0x000000008000ff1c (0xfee43023) sd      a4, -32(s0)
core   0: 3 0x000000008000ff1c (0xfee43023) mem 0x0000000080031f50 0x0000000080012086
core   0: 0x000000008000ff20 (0xfc442703) lw      a4, -60(s0)
core   0: 3 0x000000008000ff20 (0xfc442703) x14 0x0000000000000000 mem 0x0000000080031f34
core   0: 0x000000008000ff24 (0x0ff77713) andi    a4, a4, 255
core   0: 3 0x000000008000ff24 (0x0ff77713) x14 0x0000000000000000
core   0: 0x000000008000ff28 (0x00e78023) sb      a4, 0(a5)
core   0: 3 0x000000008000ff28 (0x00e78023) mem 0x0000000080012085 0x00
core   0: 0x000000008000ff2c (0xfc843703) ld      a4, -56(s0)
core   0: 3 0x000000008000ff2c (0xfc843703) x14 0x0000000080012040 mem 0x0000000080031f38
core   0: 0x000000008000ff30 (0xfb843783) ld      a5, -72(s0)
core   0: 3 0x000000008000ff30 (0xfb843783) x15 0x000000000000009c mem 0x0000000080031f28
core   0: 0x000000008000ff34 (0x000097ba) c.add   a5, a4
core   0: 3 0x000000008000ff34 (0x97ba) x15 0x00000000800120dc
core   0: 0x000000008000ff36 (0xfe043703) ld      a4, -32(s0)
core   0: 3 0x000000008000ff36 (0xfe043703) x14 0x0000000080012086 mem 0x0000000080031f50
core   0: 0x000000008000ff3a (0xfcf76de3) bltu    a4, a5, pc - 38
core   0: 3 0x000000008000ff3a (0xfcf76de3)
core   0: 0x000000008000ff14 (0xfe043783) ld      a5, -32(s0)
core   0: 3 0x000000008000ff14 (0xfe043783) x15 0x0000000080012086 mem 0x0000000080031f50
core   0: 0x000000008000ff18 (0x00178713) addi    a4, a5, 1
core   0: 3 0x000000008000ff18 (0x00178713) x14 0x0000000080012087
core   0: 0x000000008000ff1c (0xfee43023) sd      a4, -32(s0)
core   0: 3 0x000000008000ff1c (0xfee43023) mem 0x0000000080031f50 0x0000000080012087
core   0: 0x000000008000ff20 (0xfc442703) lw      a4, -60(s0)
core   0: 3 0x000000008000ff20 (0xfc442703) x14 0x0000000000000000 mem 0x0000000080031f34
core   0: 0x000000008000ff24 (0x0ff77713) andi    a4, a4, 255
core   0: 3 0x000000008000ff24 (0x0ff77713) x14 0x0000000000000000
core   0: 0x000000008000ff28 (0x00e78023) sb      a4, 0(a5)
core   0: 3 0x000000008000ff28 (0x00e78023) mem 0x0000000080012086 0x00
core   0: 0x000000008000ff2c (0xfc843703) ld      a4, -56(s0)
core   0: 3 0x000000008000ff2c (0xfc843703) x14 0x0000000080012040 mem 0x0000000080031f38
core   0: 0x000000008000ff30 (0xfb843783) ld      a5, -72(s0)
core   0: 3 0x000000008000ff30 (0xfb843783) x15 0x000000000000009c mem 0x0000000080031f28
core   0: 0x000000008000ff34 (0x000097ba) c.add   a5, a4
core   0: 3 0x000000008000ff34 (0x97ba) x15 0x00000000800120dc
core   0: 0x000000008000ff36 (0xfe043703) ld      a4, -32(s0)
core   0: 3 0x000000008000ff36 (0xfe043703) x14 0x0000000080012087 mem 0x0000000080031f50
core   0: 0x000000008000ff3a (0xfcf76de3) bltu    a4, a5, pc - 38
core   0: 3 0x000000008000ff3a (0xfcf76de3)
core   0: 0x000000008000ff14 (0xfe043783) ld      a5, -32(s0)
core   0: 3 0x000000008000ff14 (0xfe043783) x15 0x0000000080012087 mem 0x0000000080031f50
core   0: 0x000000008000ff18 (0x00178713) addi    a4, a5, 1
core   0: 3 0x000000008000ff18 (0x00178713) x14 0x0000000080012088
core   0: 0x000000008000ff1c (0xfee43023) sd      a4, -32(s0)
core   0: 3 0x000000008000ff1c (0xfee43023) mem 0x0000000080031f50 0x0000000080012088
core   0: 0x000000008000ff20 (0xfc442703) lw      a4, -60(s0)
core   0: 3 0x000000008000ff20 (0xfc442703) x14 0x0000000000000000 mem 0x0000000080031f34
core   0: 0x000000008000ff24 (0x0ff77713) andi    a4, a4, 255
core   0: 3 0x000000008000ff24 (0x0ff77713) x14 0x0000000000000000
core   0: 0x000000008000ff28 (0x00e78023) sb      a4, 0(a5)
core   0: 3 0x000000008000ff28 (0x00e78023) mem 0x0000000080012087 0x00
core   0: 0x000000008000ff2c (0xfc843703) ld      a4, -56(s0)
core   0: 3 0x000000008000ff2c (0xfc843703) x14 0x0000000080012040 mem 0x0000000080031f38
core   0: 0x000000008000ff30 (0xfb843783) ld      a5, -72(s0)
core   0: 3 0x000000008000ff30 (0xfb843783) x15 0x000000000000009c mem 0x0000000080031f28
core   0: 0x000000008000ff34 (0x000097ba) c.add   a5, a4
core   0: 3 0x000000008000ff34 (0x97ba) x15 0x00000000800120dc
core   0: 0x000000008000ff36 (0xfe043703) ld      a4, -32(s0)
core   0: 3 0x000000008000ff36 (0xfe043703) x14 0x0000000080012088 mem 0x0000000080031f50
core   0: 0x000000008000ff3a (0xfcf76de3) bltu    a4, a5, pc - 38
core   0: 3 0x000000008000ff3a (0xfcf76de3)
core   0: 0x000000008000ff14 (0xfe043783) ld      a5, -32(s0)
core   0: 3 0x000000008000ff14 (0xfe043783) x15 0x0000000080012088 mem 0x0000000080031f50
core   0: 0x000000008000ff18 (0x00178713) addi    a4, a5, 1
core   0: 3 0x000000008000ff18 (0x00178713) x14 0x0000000080012089
core   0: 0x000000008000ff1c (0xfee43023) sd      a4, -32(s0)
core   0: 3 0x000000008000ff1c (0xfee43023) mem 0x0000000080031f50 0x0000000080012089
core   0: 0x000000008000ff20 (0xfc442703) lw      a4, -60(s0)
core   0: 3 0x000000008000ff20 (0xfc442703) x14 0x0000000000000000 mem 0x0000000080031f34
core   0: 0x000000008000ff24 (0x0ff77713) andi    a4, a4, 255
core   0: 3 0x000000008000ff24 (0x0ff77713) x14 0x0000000000000000
core   0: 0x000000008000ff28 (0x00e78023) sb      a4, 0(a5)
core   0: 3 0x000000008000ff28 (0x00e78023) mem 0x0000000080012088 0x00
core   0: 0x000000008000ff2c (0xfc843703) ld      a4, -56(s0)
core   0: 3 0x000000008000ff2c (0xfc843703) x14 0x0000000080012040 mem 0x0000000080031f38
core   0: 0x000000008000ff30 (0xfb843783) ld      a5, -72(s0)
core   0: 3 0x000000008000ff30 (0xfb843783) x15 0x000000000000009c mem 0x0000000080031f28
core   0: 0x000000008000ff34 (0x000097ba) c.add   a5, a4
core   0: 3 0x000000008000ff34 (0x97ba) x15 0x00000000800120dc
core   0: 0x000000008000ff36 (0xfe043703) ld      a4, -32(s0)
core   0: 3 0x000000008000ff36 (0xfe043703) x14 0x0000000080012089 mem 0x0000000080031f50
core   0: 0x000000008000ff3a (0xfcf76de3) bltu    a4, a5, pc - 38
core   0: 3 0x000000008000ff3a (0xfcf76de3)
core   0: 0x000000008000ff14 (0xfe043783) ld      a5, -32(s0)
core   0: 3 0x000000008000ff14 (0xfe043783) x15 0x0000000080012089 mem 0x0000000080031f50
core   0: 0x000000008000ff18 (0x00178713) addi    a4, a5, 1
core   0: 3 0x000000008000ff18 (0x00178713) x14 0x000000008001208a
core   0: 0x000000008000ff1c (0xfee43023) sd      a4, -32(s0)
core   0: 3 0x000000008000ff1c (0xfee43023) mem 0x0000000080031f50 0x000000008001208a
core   0: 0x000000008000ff20 (0xfc442703) lw      a4, -60(s0)
core   0: 3 0x000000008000ff20 (0xfc442703) x14 0x0000000000000000 mem 0x0000000080031f34
core   0: 0x000000008000ff24 (0x0ff77713) andi    a4, a4, 255
core   0: 3 0x000000008000ff24 (0x0ff77713) x14 0x0000000000000000
core   0: 0x000000008000ff28 (0x00e78023) sb      a4, 0(a5)
core   0: 3 0x000000008000ff28 (0x00e78023) mem 0x0000000080012089 0x00
core   0: 0x000000008000ff2c (0xfc843703) ld      a4, -56(s0)
core   0: 3 0x000000008000ff2c (0xfc843703) x14 0x0000000080012040 mem 0x0000000080031f38
core   0: 0x000000008000ff30 (0xfb843783) ld      a5, -72(s0)
core   0: 3 0x000000008000ff30 (0xfb843783) x15 0x000000000000009c mem 0x0000000080031f28
core   0: 0x000000008000ff34 (0x000097ba) c.add   a5, a4
core   0: 3 0x000000008000ff34 (0x97ba) x15 0x00000000800120dc
core   0: 0x000000008000ff36 (0xfe043703) ld      a4, -32(s0)
core   0: 3 0x000000008000ff36 (0xfe043703) x14 0x000000008001208a mem 0x0000000080031f50
core   0: 0x000000008000ff3a (0xfcf76de3) bltu    a4, a5, pc - 38
core   0: 3 0x000000008000ff3a (0xfcf76de3)
core   0: 0x000000008000ff14 (0xfe043783) ld      a5, -32(s0)
core   0: 3 0x000000008000ff14 (0xfe043783) x15 0x000000008001208a mem 0x0000000080031f50
core   0: 0x000000008000ff18 (0x00178713) addi    a4, a5, 1
core   0: 3 0x000000008000ff18 (0x00178713) x14 0x000000008001208b
core   0: 0x000000008000ff1c (0xfee43023) sd      a4, -32(s0)
core   0: 3 0x000000008000ff1c (0xfee43023) mem 0x0000000080031f50 0x000000008001208b
core   0: 0x000000008000ff20 (0xfc442703) lw      a4, -60(s0)
core   0: 3 0x000000008000ff20 (0xfc442703) x14 0x0000000000000000 mem 0x0000000080031f34
core   0: 0x000000008000ff24 (0x0ff77713) andi    a4, a4, 255
core   0: 3 0x000000008000ff24 (0x0ff77713) x14 0x0000000000000000
core   0: 0x000000008000ff28 (0x00e78023) sb      a4, 0(a5)
core   0: 3 0x000000008000ff28 (0x00e78023) mem 0x000000008001208a 0x00
core   0: 0x000000008000ff2c (0xfc843703) ld      a4, -56(s0)
core   0: 3 0x000000008000ff2c (0xfc843703) x14 0x0000000080012040 mem 0x0000000080031f38
core   0: 0x000000008000ff30 (0xfb843783) ld      a5, -72(s0)
core   0: 3 0x000000008000ff30 (0xfb843783) x15 0x000000000000009c mem 0x0000000080031f28
core   0: 0x000000008000ff34 (0x000097ba) c.add   a5, a4
core   0: 3 0x000000008000ff34 (0x97ba) x15 0x00000000800120dc
core   0: 0x000000008000ff36 (0xfe043703) ld      a4, -32(s0)
core   0: 3 0x000000008000ff36 (0xfe043703) x14 0x000000008001208b mem 0x0000000080031f50
core   0: 0x000000008000ff3a (0xfcf76de3) bltu    a4, a5, pc - 38
core   0: 3 0x000000008000ff3a (0xfcf76de3)
core   0: 0x000000008000ff14 (0xfe043783) ld      a5, -32(s0)
core   0: 3 0x000000008000ff14 (0xfe043783) x15 0x000000008001208b mem 0x0000000080031f50
core   0: 0x000000008000ff18 (0x00178713) addi    a4, a5, 1
core   0: 3 0x000000008000ff18 (0x00178713) x14 0x000000008001208c
core   0: 0x000000008000ff1c (0xfee43023) sd      a4, -32(s0)
core   0: 3 0x000000008000ff1c (0xfee43023) mem 0x0000000080031f50 0x000000008001208c
core   0: 0x000000008000ff20 (0xfc442703) lw      a4, -60(s0)
core   0: 3 0x000000008000ff20 (0xfc442703) x14 0x0000000000000000 mem 0x0000000080031f34
core   0: 0x000000008000ff24 (0x0ff77713) andi    a4, a4, 255
core   0: 3 0x000000008000ff24 (0x0ff77713) x14 0x0000000000000000
core   0: 0x000000008000ff28 (0x00e78023) sb      a4, 0(a5)
core   0: 3 0x000000008000ff28 (0x00e78023) mem 0x000000008001208b 0x00
core   0: 0x000000008000ff2c (0xfc843703) ld      a4, -56(s0)
core   0: 3 0x000000008000ff2c (0xfc843703) x14 0x0000000080012040 mem 0x0000000080031f38
core   0: 0x000000008000ff30 (0xfb843783) ld      a5, -72(s0)
core   0: 3 0x000000008000ff30 (0xfb843783) x15 0x000000000000009c mem 0x0000000080031f28
core   0: 0x000000008000ff34 (0x000097ba) c.add   a5, a4
core   0: 3 0x000000008000ff34 (0x97ba) x15 0x00000000800120dc
core   0: 0x000000008000ff36 (0xfe043703) ld      a4, -32(s0)
core   0: 3 0x000000008000ff36 (0xfe043703) x14 0x000000008001208c mem 0x0000000080031f50
core   0: 0x000000008000ff3a (0xfcf76de3) bltu    a4, a5, pc - 38
core   0: 3 0x000000008000ff3a (0xfcf76de3)
core   0: 0x000000008000ff14 (0xfe043783) ld      a5, -32(s0)
core   0: 3 0x000000008000ff14 (0xfe043783) x15 0x000000008001208c mem 0x0000000080031f50
core   0: 0x000000008000ff18 (0x00178713) addi    a4, a5, 1
core   0: 3 0x000000008000ff18 (0x00178713) x14 0x000000008001208d
core   0: 0x000000008000ff1c (0xfee43023) sd      a4, -32(s0)
core   0: 3 0x000000008000ff1c (0xfee43023) mem 0x0000000080031f50 0x000000008001208d
core   0: 0x000000008000ff20 (0xfc442703) lw      a4, -60(s0)
core   0: 3 0x000000008000ff20 (0xfc442703) x14 0x0000000000000000 mem 0x0000000080031f34
core   0: 0x000000008000ff24 (0x0ff77713) andi    a4, a4, 255
core   0: 3 0x000000008000ff24 (0x0ff77713) x14 0x0000000000000000
core   0: 0x000000008000ff28 (0x00e78023) sb      a4, 0(a5)
core   0: 3 0x000000008000ff28 (0x00e78023) mem 0x000000008001208c 0x00
core   0: 0x000000008000ff2c (0xfc843703) ld      a4, -56(s0)
core   0: 3 0x000000008000ff2c (0xfc843703) x14 0x0000000080012040 mem 0x0000000080031f38
core   0: 0x000000008000ff30 (0xfb843783) ld      a5, -72(s0)
core   0: 3 0x000000008000ff30 (0xfb843783) x15 0x000000000000009c mem 0x0000000080031f28
core   0: 0x000000008000ff34 (0x000097ba) c.add   a5, a4
core   0: 3 0x000000008000ff34 (0x97ba) x15 0x00000000800120dc
core   0: 0x000000008000ff36 (0xfe043703) ld      a4, -32(s0)
core   0: 3 0x000000008000ff36 (0xfe043703) x14 0x000000008001208d mem 0x0000000080031f50
core   0: 0x000000008000ff3a (0xfcf76de3) bltu    a4, a5, pc - 38
core   0: 3 0x000000008000ff3a (0xfcf76de3)
core   0: 0x000000008000ff14 (0xfe043783) ld      a5, -32(s0)
core   0: 3 0x000000008000ff14 (0xfe043783) x15 0x000000008001208d mem 0x0000000080031f50
core   0: 0x000000008000ff18 (0x00178713) addi    a4, a5, 1
core   0: 3 0x000000008000ff18 (0x00178713) x14 0x000000008001208e
core   0: 0x000000008000ff1c (0xfee43023) sd      a4, -32(s0)
core   0: 3 0x000000008000ff1c (0xfee43023) mem 0x0000000080031f50 0x000000008001208e
core   0: 0x000000008000ff20 (0xfc442703) lw      a4, -60(s0)
core   0: 3 0x000000008000ff20 (0xfc442703) x14 0x0000000000000000 mem 0x0000000080031f34
core   0: 0x000000008000ff24 (0x0ff77713) andi    a4, a4, 255
core   0: 3 0x000000008000ff24 (0x0ff77713) x14 0x0000000000000000
core   0: 0x000000008000ff28 (0x00e78023) sb      a4, 0(a5)
core   0: 3 0x000000008000ff28 (0x00e78023) mem 0x000000008001208d 0x00
core   0: 0x000000008000ff2c (0xfc843703) ld      a4, -56(s0)
core   0: 3 0x000000008000ff2c (0xfc843703) x14 0x0000000080012040 mem 0x0000000080031f38
core   0: 0x000000008000ff30 (0xfb843783) ld      a5, -72(s0)
core   0: 3 0x000000008000ff30 (0xfb843783) x15 0x000000000000009c mem 0x0000000080031f28
core   0: 0x000000008000ff34 (0x000097ba) c.add   a5, a4
core   0: 3 0x000000008000ff34 (0x97ba) x15 0x00000000800120dc
core   0: 0x000000008000ff36 (0xfe043703) ld      a4, -32(s0)
core   0: 3 0x000000008000ff36 (0xfe043703) x14 0x000000008001208e mem 0x0000000080031f50
core   0: 0x000000008000ff3a (0xfcf76de3) bltu    a4, a5, pc - 38
core   0: 3 0x000000008000ff3a (0xfcf76de3)
core   0: 0x000000008000ff14 (0xfe043783) ld      a5, -32(s0)
core   0: 3 0x000000008000ff14 (0xfe043783) x15 0x000000008001208e mem 0x0000000080031f50
core   0: 0x000000008000ff18 (0x00178713) addi    a4, a5, 1
core   0: 3 0x000000008000ff18 (0x00178713) x14 0x000000008001208f
core   0: 0x000000008000ff1c (0xfee43023) sd      a4, -32(s0)
core   0: 3 0x000000008000ff1c (0xfee43023) mem 0x0000000080031f50 0x000000008001208f
core   0: 0x000000008000ff20 (0xfc442703) lw      a4, -60(s0)
core   0: 3 0x000000008000ff20 (0xfc442703) x14 0x0000000000000000 mem 0x0000000080031f34
core   0: 0x000000008000ff24 (0x0ff77713) andi    a4, a4, 255
core   0: 3 0x000000008000ff24 (0x0ff77713) x14 0x0000000000000000
core   0: 0x000000008000ff28 (0x00e78023) sb      a4, 0(a5)
core   0: 3 0x000000008000ff28 (0x00e78023) mem 0x000000008001208e 0x00
core   0: 0x000000008000ff2c (0xfc843703) ld      a4, -56(s0)
core   0: 3 0x000000008000ff2c (0xfc843703) x14 0x0000000080012040 mem 0x0000000080031f38
core   0: 0x000000008000ff30 (0xfb843783) ld      a5, -72(s0)
core   0: 3 0x000000008000ff30 (0xfb843783) x15 0x000000000000009c mem 0x0000000080031f28
core   0: 0x000000008000ff34 (0x000097ba) c.add   a5, a4
core   0: 3 0x000000008000ff34 (0x97ba) x15 0x00000000800120dc
core   0: 0x000000008000ff36 (0xfe043703) ld      a4, -32(s0)
core   0: 3 0x000000008000ff36 (0xfe043703) x14 0x000000008001208f mem 0x0000000080031f50
core   0: 0x000000008000ff3a (0xfcf76de3) bltu    a4, a5, pc - 38
core   0: 3 0x000000008000ff3a (0xfcf76de3)
core   0: 0x000000008000ff14 (0xfe043783) ld      a5, -32(s0)
core   0: 3 0x000000008000ff14 (0xfe043783) x15 0x000000008001208f mem 0x0000000080031f50
core   0: 0x000000008000ff18 (0x00178713) addi    a4, a5, 1
core   0: 3 0x000000008000ff18 (0x00178713) x14 0x0000000080012090
core   0: 0x000000008000ff1c (0xfee43023) sd      a4, -32(s0)
core   0: 3 0x000000008000ff1c (0xfee43023) mem 0x0000000080031f50 0x0000000080012090
core   0: 0x000000008000ff20 (0xfc442703) lw      a4, -60(s0)
core   0: 3 0x000000008000ff20 (0xfc442703) x14 0x0000000000000000 mem 0x0000000080031f34
core   0: 0x000000008000ff24 (0x0ff77713) andi    a4, a4, 255
core   0: 3 0x000000008000ff24 (0x0ff77713) x14 0x0000000000000000
core   0: 0x000000008000ff28 (0x00e78023) sb      a4, 0(a5)
core   0: 3 0x000000008000ff28 (0x00e78023) mem 0x000000008001208f 0x00
core   0: 0x000000008000ff2c (0xfc843703) ld      a4, -56(s0)
core   0: 3 0x000000008000ff2c (0xfc843703) x14 0x0000000080012040 mem 0x0000000080031f38
core   0: 0x000000008000ff30 (0xfb843783) ld      a5, -72(s0)
core   0: 3 0x000000008000ff30 (0xfb843783) x15 0x000000000000009c mem 0x0000000080031f28
core   0: 0x000000008000ff34 (0x000097ba) c.add   a5, a4
core   0: 3 0x000000008000ff34 (0x97ba) x15 0x00000000800120dc
core   0: 0x000000008000ff36 (0xfe043703) ld      a4, -32(s0)
core   0: 3 0x000000008000ff36 (0xfe043703) x14 0x0000000080012090 mem 0x0000000080031f50
core   0: 0x000000008000ff3a (0xfcf76de3) bltu    a4, a5, pc - 38
core   0: 3 0x000000008000ff3a (0xfcf76de3)
core   0: 0x000000008000ff14 (0xfe043783) ld      a5, -32(s0)
core   0: 3 0x000000008000ff14 (0xfe043783) x15 0x0000000080012090 mem 0x0000000080031f50
core   0: 0x000000008000ff18 (0x00178713) addi    a4, a5, 1
core   0: 3 0x000000008000ff18 (0x00178713) x14 0x0000000080012091
core   0: 0x000000008000ff1c (0xfee43023) sd      a4, -32(s0)
core   0: 3 0x000000008000ff1c (0xfee43023) mem 0x0000000080031f50 0x0000000080012091
core   0: 0x000000008000ff20 (0xfc442703) lw      a4, -60(s0)
core   0: 3 0x000000008000ff20 (0xfc442703) x14 0x0000000000000000 mem 0x0000000080031f34
core   0: 0x000000008000ff24 (0x0ff77713) andi    a4, a4, 255
core   0: 3 0x000000008000ff24 (0x0ff77713) x14 0x0000000000000000
core   0: 0x000000008000ff28 (0x00e78023) sb      a4, 0(a5)
core   0: 3 0x000000008000ff28 (0x00e78023) mem 0x0000000080012090 0x00
core   0: 0x000000008000ff2c (0xfc843703) ld      a4, -56(s0)
core   0: 3 0x000000008000ff2c (0xfc843703) x14 0x0000000080012040 mem 0x0000000080031f38
core   0: 0x000000008000ff30 (0xfb843783) ld      a5, -72(s0)
core   0: 3 0x000000008000ff30 (0xfb843783) x15 0x000000000000009c mem 0x0000000080031f28
core   0: 0x000000008000ff34 (0x000097ba) c.add   a5, a4
core   0: 3 0x000000008000ff34 (0x97ba) x15 0x00000000800120dc
core   0: 0x000000008000ff36 (0xfe043703) ld      a4, -32(s0)
core   0: 3 0x000000008000ff36 (0xfe043703) x14 0x0000000080012091 mem 0x0000000080031f50
core   0: 0x000000008000ff3a (0xfcf76de3) bltu    a4, a5, pc - 38
core   0: 3 0x000000008000ff3a (0xfcf76de3)
core   0: 0x000000008000ff14 (0xfe043783) ld      a5, -32(s0)
core   0: 3 0x000000008000ff14 (0xfe043783) x15 0x0000000080012091 mem 0x0000000080031f50
core   0: 0x000000008000ff18 (0x00178713) addi    a4, a5, 1
core   0: 3 0x000000008000ff18 (0x00178713) x14 0x0000000080012092
core   0: 0x000000008000ff1c (0xfee43023) sd      a4, -32(s0)
core   0: 3 0x000000008000ff1c (0xfee43023) mem 0x0000000080031f50 0x0000000080012092
core   0: 0x000000008000ff20 (0xfc442703) lw      a4, -60(s0)
core   0: 3 0x000000008000ff20 (0xfc442703) x14 0x0000000000000000 mem 0x0000000080031f34
core   0: 0x000000008000ff24 (0x0ff77713) andi    a4, a4, 255
core   0: 3 0x000000008000ff24 (0x0ff77713) x14 0x0000000000000000
core   0: 0x000000008000ff28 (0x00e78023) sb      a4, 0(a5)
core   0: 3 0x000000008000ff28 (0x00e78023) mem 0x0000000080012091 0x00
core   0: 0x000000008000ff2c (0xfc843703) ld      a4, -56(s0)
core   0: 3 0x000000008000ff2c (0xfc843703) x14 0x0000000080012040 mem 0x0000000080031f38
core   0: 0x000000008000ff30 (0xfb843783) ld      a5, -72(s0)
core   0: 3 0x000000008000ff30 (0xfb843783) x15 0x000000000000009c mem 0x0000000080031f28
core   0: 0x000000008000ff34 (0x000097ba) c.add   a5, a4
core   0: 3 0x000000008000ff34 (0x97ba) x15 0x00000000800120dc
core   0: 0x000000008000ff36 (0xfe043703) ld      a4, -32(s0)
core   0: 3 0x000000008000ff36 (0xfe043703) x14 0x0000000080012092 mem 0x0000000080031f50
core   0: 0x000000008000ff3a (0xfcf76de3) bltu    a4, a5, pc - 38
core   0: 3 0x000000008000ff3a (0xfcf76de3)
core   0: 0x000000008000ff14 (0xfe043783) ld      a5, -32(s0)
core   0: 3 0x000000008000ff14 (0xfe043783) x15 0x0000000080012092 mem 0x0000000080031f50
core   0: 0x000000008000ff18 (0x00178713) addi    a4, a5, 1
core   0: 3 0x000000008000ff18 (0x00178713) x14 0x0000000080012093
core   0: 0x000000008000ff1c (0xfee43023) sd      a4, -32(s0)
core   0: 3 0x000000008000ff1c (0xfee43023) mem 0x0000000080031f50 0x0000000080012093
core   0: 0x000000008000ff20 (0xfc442703) lw      a4, -60(s0)
core   0: 3 0x000000008000ff20 (0xfc442703) x14 0x0000000000000000 mem 0x0000000080031f34
core   0: 0x000000008000ff24 (0x0ff77713) andi    a4, a4, 255
core   0: 3 0x000000008000ff24 (0x0ff77713) x14 0x0000000000000000
core   0: 0x000000008000ff28 (0x00e78023) sb      a4, 0(a5)
core   0: 3 0x000000008000ff28 (0x00e78023) mem 0x0000000080012092 0x00
core   0: 0x000000008000ff2c (0xfc843703) ld      a4, -56(s0)
core   0: 3 0x000000008000ff2c (0xfc843703) x14 0x0000000080012040 mem 0x0000000080031f38
core   0: 0x000000008000ff30 (0xfb843783) ld      a5, -72(s0)
core   0: 3 0x000000008000ff30 (0xfb843783) x15 0x000000000000009c mem 0x0000000080031f28
core   0: 0x000000008000ff34 (0x000097ba) c.add   a5, a4
core   0: 3 0x000000008000ff34 (0x97ba) x15 0x00000000800120dc
core   0: 0x000000008000ff36 (0xfe043703) ld      a4, -32(s0)
core   0: 3 0x000000008000ff36 (0xfe043703) x14 0x0000000080012093 mem 0x0000000080031f50
core   0: 0x000000008000ff3a (0xfcf76de3) bltu    a4, a5, pc - 38
core   0: 3 0x000000008000ff3a (0xfcf76de3)
core   0: 0x000000008000ff14 (0xfe043783) ld      a5, -32(s0)
core   0: 3 0x000000008000ff14 (0xfe043783) x15 0x0000000080012093 mem 0x0000000080031f50
core   0: 0x000000008000ff18 (0x00178713) addi    a4, a5, 1
core   0: 3 0x000000008000ff18 (0x00178713) x14 0x0000000080012094
core   0: 0x000000008000ff1c (0xfee43023) sd      a4, -32(s0)
core   0: 3 0x000000008000ff1c (0xfee43023) mem 0x0000000080031f50 0x0000000080012094
core   0: 0x000000008000ff20 (0xfc442703) lw      a4, -60(s0)
core   0: 3 0x000000008000ff20 (0xfc442703) x14 0x0000000000000000 mem 0x0000000080031f34
core   0: 0x000000008000ff24 (0x0ff77713) andi    a4, a4, 255
core   0: 3 0x000000008000ff24 (0x0ff77713) x14 0x0000000000000000
core   0: 0x000000008000ff28 (0x00e78023) sb      a4, 0(a5)
core   0: 3 0x000000008000ff28 (0x00e78023) mem 0x0000000080012093 0x00
core   0: 0x000000008000ff2c (0xfc843703) ld      a4, -56(s0)
core   0: 3 0x000000008000ff2c (0xfc843703) x14 0x0000000080012040 mem 0x0000000080031f38
core   0: 0x000000008000ff30 (0xfb843783) ld      a5, -72(s0)
core   0: 3 0x000000008000ff30 (0xfb843783) x15 0x000000000000009c mem 0x0000000080031f28
core   0: 0x000000008000ff34 (0x000097ba) c.add   a5, a4
core   0: 3 0x000000008000ff34 (0x97ba) x15 0x00000000800120dc
core   0: 0x000000008000ff36 (0xfe043703) ld      a4, -32(s0)
core   0: 3 0x000000008000ff36 (0xfe043703) x14 0x0000000080012094 mem 0x0000000080031f50
core   0: 0x000000008000ff3a (0xfcf76de3) bltu    a4, a5, pc - 38
core   0: 3 0x000000008000ff3a (0xfcf76de3)
core   0: 0x000000008000ff14 (0xfe043783) ld      a5, -32(s0)
core   0: 3 0x000000008000ff14 (0xfe043783) x15 0x0000000080012094 mem 0x0000000080031f50
core   0: 0x000000008000ff18 (0x00178713) addi    a4, a5, 1
core   0: 3 0x000000008000ff18 (0x00178713) x14 0x0000000080012095
core   0: 0x000000008000ff1c (0xfee43023) sd      a4, -32(s0)
core   0: 3 0x000000008000ff1c (0xfee43023) mem 0x0000000080031f50 0x0000000080012095
core   0: 0x000000008000ff20 (0xfc442703) lw      a4, -60(s0)
core   0: 3 0x000000008000ff20 (0xfc442703) x14 0x0000000000000000 mem 0x0000000080031f34
core   0: 0x000000008000ff24 (0x0ff77713) andi    a4, a4, 255
core   0: 3 0x000000008000ff24 (0x0ff77713) x14 0x0000000000000000
core   0: 0x000000008000ff28 (0x00e78023) sb      a4, 0(a5)
core   0: 3 0x000000008000ff28 (0x00e78023) mem 0x0000000080012094 0x00
core   0: 0x000000008000ff2c (0xfc843703) ld      a4, -56(s0)
core   0: 3 0x000000008000ff2c (0xfc843703) x14 0x0000000080012040 mem 0x0000000080031f38
core   0: 0x000000008000ff30 (0xfb843783) ld      a5, -72(s0)
core   0: 3 0x000000008000ff30 (0xfb843783) x15 0x000000000000009c mem 0x0000000080031f28
core   0: 0x000000008000ff34 (0x000097ba) c.add   a5, a4
core   0: 3 0x000000008000ff34 (0x97ba) x15 0x00000000800120dc
core   0: 0x000000008000ff36 (0xfe043703) ld      a4, -32(s0)
core   0: 3 0x000000008000ff36 (0xfe043703) x14 0x0000000080012095 mem 0x0000000080031f50
core   0: 0x000000008000ff3a (0xfcf76de3) bltu    a4, a5, pc - 38
core   0: 3 0x000000008000ff3a (0xfcf76de3)
core   0: 0x000000008000ff14 (0xfe043783) ld      a5, -32(s0)
core   0: 3 0x000000008000ff14 (0xfe043783) x15 0x0000000080012095 mem 0x0000000080031f50
core   0: 0x000000008000ff18 (0x00178713) addi    a4, a5, 1
core   0: 3 0x000000008000ff18 (0x00178713) x14 0x0000000080012096
core   0: 0x000000008000ff1c (0xfee43023) sd      a4, -32(s0)
core   0: 3 0x000000008000ff1c (0xfee43023) mem 0x0000000080031f50 0x0000000080012096
core   0: 0x000000008000ff20 (0xfc442703) lw      a4, -60(s0)
core   0: 3 0x000000008000ff20 (0xfc442703) x14 0x0000000000000000 mem 0x0000000080031f34
core   0: 0x000000008000ff24 (0x0ff77713) andi    a4, a4, 255
core   0: 3 0x000000008000ff24 (0x0ff77713) x14 0x0000000000000000
core   0: 0x000000008000ff28 (0x00e78023) sb      a4, 0(a5)
core   0: 3 0x000000008000ff28 (0x00e78023) mem 0x0000000080012095 0x00
core   0: 0x000000008000ff2c (0xfc843703) ld      a4, -56(s0)
core   0: 3 0x000000008000ff2c (0xfc843703) x14 0x0000000080012040 mem 0x0000000080031f38
core   0: 0x000000008000ff30 (0xfb843783) ld      a5, -72(s0)
core   0: 3 0x000000008000ff30 (0xfb843783) x15 0x000000000000009c mem 0x0000000080031f28
core   0: 0x000000008000ff34 (0x000097ba) c.add   a5, a4
core   0: 3 0x000000008000ff34 (0x97ba) x15 0x00000000800120dc
core   0: 0x000000008000ff36 (0xfe043703) ld      a4, -32(s0)
core   0: 3 0x000000008000ff36 (0xfe043703) x14 0x0000000080012096 mem 0x0000000080031f50
core   0: 0x000000008000ff3a (0xfcf76de3) bltu    a4, a5, pc - 38
core   0: 3 0x000000008000ff3a (0xfcf76de3)
core   0: 0x000000008000ff14 (0xfe043783) ld      a5, -32(s0)
core   0: 3 0x000000008000ff14 (0xfe043783) x15 0x0000000080012096 mem 0x0000000080031f50
core   0: 0x000000008000ff18 (0x00178713) addi    a4, a5, 1
core   0: 3 0x000000008000ff18 (0x00178713) x14 0x0000000080012097
core   0: 0x000000008000ff1c (0xfee43023) sd      a4, -32(s0)
core   0: 3 0x000000008000ff1c (0xfee43023) mem 0x0000000080031f50 0x0000000080012097
core   0: 0x000000008000ff20 (0xfc442703) lw      a4, -60(s0)
core   0: 3 0x000000008000ff20 (0xfc442703) x14 0x0000000000000000 mem 0x0000000080031f34
core   0: 0x000000008000ff24 (0x0ff77713) andi    a4, a4, 255
core   0: 3 0x000000008000ff24 (0x0ff77713) x14 0x0000000000000000
core   0: 0x000000008000ff28 (0x00e78023) sb      a4, 0(a5)
core   0: 3 0x000000008000ff28 (0x00e78023) mem 0x0000000080012096 0x00
core   0: 0x000000008000ff2c (0xfc843703) ld      a4, -56(s0)
core   0: 3 0x000000008000ff2c (0xfc843703) x14 0x0000000080012040 mem 0x0000000080031f38
core   0: 0x000000008000ff30 (0xfb843783) ld      a5, -72(s0)
core   0: 3 0x000000008000ff30 (0xfb843783) x15 0x000000000000009c mem 0x0000000080031f28
core   0: 0x000000008000ff34 (0x000097ba) c.add   a5, a4
core   0: 3 0x000000008000ff34 (0x97ba) x15 0x00000000800120dc
core   0: 0x000000008000ff36 (0xfe043703) ld      a4, -32(s0)
core   0: 3 0x000000008000ff36 (0xfe043703) x14 0x0000000080012097 mem 0x0000000080031f50
core   0: 0x000000008000ff3a (0xfcf76de3) bltu    a4, a5, pc - 38
core   0: 3 0x000000008000ff3a (0xfcf76de3)
core   0: 0x000000008000ff14 (0xfe043783) ld      a5, -32(s0)
core   0: 3 0x000000008000ff14 (0xfe043783) x15 0x0000000080012097 mem 0x0000000080031f50
core   0: 0x000000008000ff18 (0x00178713) addi    a4, a5, 1
core   0: 3 0x000000008000ff18 (0x00178713) x14 0x0000000080012098
core   0: 0x000000008000ff1c (0xfee43023) sd      a4, -32(s0)
core   0: 3 0x000000008000ff1c (0xfee43023) mem 0x0000000080031f50 0x0000000080012098
core   0: 0x000000008000ff20 (0xfc442703) lw      a4, -60(s0)
core   0: 3 0x000000008000ff20 (0xfc442703) x14 0x0000000000000000 mem 0x0000000080031f34
core   0: 0x000000008000ff24 (0x0ff77713) andi    a4, a4, 255
core   0: 3 0x000000008000ff24 (0x0ff77713) x14 0x0000000000000000
core   0: 0x000000008000ff28 (0x00e78023) sb      a4, 0(a5)
core   0: 3 0x000000008000ff28 (0x00e78023) mem 0x0000000080012097 0x00
core   0: 0x000000008000ff2c (0xfc843703) ld      a4, -56(s0)
core   0: 3 0x000000008000ff2c (0xfc843703) x14 0x0000000080012040 mem 0x0000000080031f38
core   0: 0x000000008000ff30 (0xfb843783) ld      a5, -72(s0)
core   0: 3 0x000000008000ff30 (0xfb843783) x15 0x000000000000009c mem 0x0000000080031f28
core   0: 0x000000008000ff34 (0x000097ba) c.add   a5, a4
core   0: 3 0x000000008000ff34 (0x97ba) x15 0x00000000800120dc
core   0: 0x000000008000ff36 (0xfe043703) ld      a4, -32(s0)
core   0: 3 0x000000008000ff36 (0xfe043703) x14 0x0000000080012098 mem 0x0000000080031f50
core   0: 0x000000008000ff3a (0xfcf76de3) bltu    a4, a5, pc - 38
core   0: 3 0x000000008000ff3a (0xfcf76de3)
core   0: 0x000000008000ff14 (0xfe043783) ld      a5, -32(s0)
core   0: 3 0x000000008000ff14 (0xfe043783) x15 0x0000000080012098 mem 0x0000000080031f50
core   0: 0x000000008000ff18 (0x00178713) addi    a4, a5, 1
core   0: 3 0x000000008000ff18 (0x00178713) x14 0x0000000080012099
core   0: 0x000000008000ff1c (0xfee43023) sd      a4, -32(s0)
core   0: 3 0x000000008000ff1c (0xfee43023) mem 0x0000000080031f50 0x0000000080012099
core   0: 0x000000008000ff20 (0xfc442703) lw      a4, -60(s0)
core   0: 3 0x000000008000ff20 (0xfc442703) x14 0x0000000000000000 mem 0x0000000080031f34
core   0: 0x000000008000ff24 (0x0ff77713) andi    a4, a4, 255
core   0: 3 0x000000008000ff24 (0x0ff77713) x14 0x0000000000000000
core   0: 0x000000008000ff28 (0x00e78023) sb      a4, 0(a5)
core   0: 3 0x000000008000ff28 (0x00e78023) mem 0x0000000080012098 0x00
core   0: 0x000000008000ff2c (0xfc843703) ld      a4, -56(s0)
core   0: 3 0x000000008000ff2c (0xfc843703) x14 0x0000000080012040 mem 0x0000000080031f38
core   0: 0x000000008000ff30 (0xfb843783) ld      a5, -72(s0)
core   0: 3 0x000000008000ff30 (0xfb843783) x15 0x000000000000009c mem 0x0000000080031f28
core   0: 0x000000008000ff34 (0x000097ba) c.add   a5, a4
core   0: 3 0x000000008000ff34 (0x97ba) x15 0x00000000800120dc
core   0: 0x000000008000ff36 (0xfe043703) ld      a4, -32(s0)
core   0: 3 0x000000008000ff36 (0xfe043703) x14 0x0000000080012099 mem 0x0000000080031f50
core   0: 0x000000008000ff3a (0xfcf76de3) bltu    a4, a5, pc - 38
core   0: 3 0x000000008000ff3a (0xfcf76de3)
core   0: 0x000000008000ff14 (0xfe043783) ld      a5, -32(s0)
core   0: 3 0x000000008000ff14 (0xfe043783) x15 0x0000000080012099 mem 0x0000000080031f50
core   0: 0x000000008000ff18 (0x00178713) addi    a4, a5, 1
core   0: 3 0x000000008000ff18 (0x00178713) x14 0x000000008001209a
core   0: 0x000000008000ff1c (0xfee43023) sd      a4, -32(s0)
core   0: 3 0x000000008000ff1c (0xfee43023) mem 0x0000000080031f50 0x000000008001209a
core   0: 0x000000008000ff20 (0xfc442703) lw      a4, -60(s0)
core   0: 3 0x000000008000ff20 (0xfc442703) x14 0x0000000000000000 mem 0x0000000080031f34
core   0: 0x000000008000ff24 (0x0ff77713) andi    a4, a4, 255
core   0: 3 0x000000008000ff24 (0x0ff77713) x14 0x0000000000000000
core   0: 0x000000008000ff28 (0x00e78023) sb      a4, 0(a5)
core   0: 3 0x000000008000ff28 (0x00e78023) mem 0x0000000080012099 0x00
core   0: 0x000000008000ff2c (0xfc843703) ld      a4, -56(s0)
core   0: 3 0x000000008000ff2c (0xfc843703) x14 0x0000000080012040 mem 0x0000000080031f38
core   0: 0x000000008000ff30 (0xfb843783) ld      a5, -72(s0)
core   0: 3 0x000000008000ff30 (0xfb843783) x15 0x000000000000009c mem 0x0000000080031f28
core   0: 0x000000008000ff34 (0x000097ba) c.add   a5, a4
core   0: 3 0x000000008000ff34 (0x97ba) x15 0x00000000800120dc
core   0: 0x000000008000ff36 (0xfe043703) ld      a4, -32(s0)
core   0: 3 0x000000008000ff36 (0xfe043703) x14 0x000000008001209a mem 0x0000000080031f50
core   0: 0x000000008000ff3a (0xfcf76de3) bltu    a4, a5, pc - 38
core   0: 3 0x000000008000ff3a (0xfcf76de3)
core   0: 0x000000008000ff14 (0xfe043783) ld      a5, -32(s0)
core   0: 3 0x000000008000ff14 (0xfe043783) x15 0x000000008001209a mem 0x0000000080031f50
core   0: 0x000000008000ff18 (0x00178713) addi    a4, a5, 1
core   0: 3 0x000000008000ff18 (0x00178713) x14 0x000000008001209b
core   0: 0x000000008000ff1c (0xfee43023) sd      a4, -32(s0)
core   0: 3 0x000000008000ff1c (0xfee43023) mem 0x0000000080031f50 0x000000008001209b
core   0: 0x000000008000ff20 (0xfc442703) lw      a4, -60(s0)
core   0: 3 0x000000008000ff20 (0xfc442703) x14 0x0000000000000000 mem 0x0000000080031f34
core   0: 0x000000008000ff24 (0x0ff77713) andi    a4, a4, 255
core   0: 3 0x000000008000ff24 (0x0ff77713) x14 0x0000000000000000
core   0: 0x000000008000ff28 (0x00e78023) sb      a4, 0(a5)
core   0: 3 0x000000008000ff28 (0x00e78023) mem 0x000000008001209a 0x00
core   0: 0x000000008000ff2c (0xfc843703) ld      a4, -56(s0)
core   0: 3 0x000000008000ff2c (0xfc843703) x14 0x0000000080012040 mem 0x0000000080031f38
core   0: 0x000000008000ff30 (0xfb843783) ld      a5, -72(s0)
core   0: 3 0x000000008000ff30 (0xfb843783) x15 0x000000000000009c mem 0x0000000080031f28
core   0: 0x000000008000ff34 (0x000097ba) c.add   a5, a4
core   0: 3 0x000000008000ff34 (0x97ba) x15 0x00000000800120dc
core   0: 0x000000008000ff36 (0xfe043703) ld      a4, -32(s0)
core   0: 3 0x000000008000ff36 (0xfe043703) x14 0x000000008001209b mem 0x0000000080031f50
core   0: 0x000000008000ff3a (0xfcf76de3) bltu    a4, a5, pc - 38
core   0: 3 0x000000008000ff3a (0xfcf76de3)
core   0: 0x000000008000ff14 (0xfe043783) ld      a5, -32(s0)
core   0: 3 0x000000008000ff14 (0xfe043783) x15 0x000000008001209b mem 0x0000000080031f50
core   0: 0x000000008000ff18 (0x00178713) addi    a4, a5, 1
core   0: 3 0x000000008000ff18 (0x00178713) x14 0x000000008001209c
core   0: 0x000000008000ff1c (0xfee43023) sd      a4, -32(s0)
core   0: 3 0x000000008000ff1c (0xfee43023) mem 0x0000000080031f50 0x000000008001209c
core   0: 0x000000008000ff20 (0xfc442703) lw      a4, -60(s0)
core   0: 3 0x000000008000ff20 (0xfc442703) x14 0x0000000000000000 mem 0x0000000080031f34
core   0: 0x000000008000ff24 (0x0ff77713) andi    a4, a4, 255
core   0: 3 0x000000008000ff24 (0x0ff77713) x14 0x0000000000000000
core   0: 0x000000008000ff28 (0x00e78023) sb      a4, 0(a5)
core   0: 3 0x000000008000ff28 (0x00e78023) mem 0x000000008001209b 0x00
core   0: 0x000000008000ff2c (0xfc843703) ld      a4, -56(s0)
core   0: 3 0x000000008000ff2c (0xfc843703) x14 0x0000000080012040 mem 0x0000000080031f38
core   0: 0x000000008000ff30 (0xfb843783) ld      a5, -72(s0)
core   0: 3 0x000000008000ff30 (0xfb843783) x15 0x000000000000009c mem 0x0000000080031f28
core   0: 0x000000008000ff34 (0x000097ba) c.add   a5, a4
core   0: 3 0x000000008000ff34 (0x97ba) x15 0x00000000800120dc
core   0: 0x000000008000ff36 (0xfe043703) ld      a4, -32(s0)
core   0: 3 0x000000008000ff36 (0xfe043703) x14 0x000000008001209c mem 0x0000000080031f50
core   0: 0x000000008000ff3a (0xfcf76de3) bltu    a4, a5, pc - 38
core   0: 3 0x000000008000ff3a (0xfcf76de3)
core   0: 0x000000008000ff14 (0xfe043783) ld      a5, -32(s0)
core   0: 3 0x000000008000ff14 (0xfe043783) x15 0x000000008001209c mem 0x0000000080031f50
core   0: 0x000000008000ff18 (0x00178713) addi    a4, a5, 1
core   0: 3 0x000000008000ff18 (0x00178713) x14 0x000000008001209d
core   0: 0x000000008000ff1c (0xfee43023) sd      a4, -32(s0)
core   0: 3 0x000000008000ff1c (0xfee43023) mem 0x0000000080031f50 0x000000008001209d
core   0: 0x000000008000ff20 (0xfc442703) lw      a4, -60(s0)
core   0: 3 0x000000008000ff20 (0xfc442703) x14 0x0000000000000000 mem 0x0000000080031f34
core   0: 0x000000008000ff24 (0x0ff77713) andi    a4, a4, 255
core   0: 3 0x000000008000ff24 (0x0ff77713) x14 0x0000000000000000
core   0: 0x000000008000ff28 (0x00e78023) sb      a4, 0(a5)
core   0: 3 0x000000008000ff28 (0x00e78023) mem 0x000000008001209c 0x00
core   0: 0x000000008000ff2c (0xfc843703) ld      a4, -56(s0)
core   0: 3 0x000000008000ff2c (0xfc843703) x14 0x0000000080012040 mem 0x0000000080031f38
core   0: 0x000000008000ff30 (0xfb843783) ld      a5, -72(s0)
core   0: 3 0x000000008000ff30 (0xfb843783) x15 0x000000000000009c mem 0x0000000080031f28
core   0: 0x000000008000ff34 (0x000097ba) c.add   a5, a4
core   0: 3 0x000000008000ff34 (0x97ba) x15 0x00000000800120dc
core   0: 0x000000008000ff36 (0xfe043703) ld      a4, -32(s0)
core   0: 3 0x000000008000ff36 (0xfe043703) x14 0x000000008001209d mem 0x0000000080031f50
core   0: 0x000000008000ff3a (0xfcf76de3) bltu    a4, a5, pc - 38
core   0: 3 0x000000008000ff3a (0xfcf76de3)
core   0: 0x000000008000ff14 (0xfe043783) ld      a5, -32(s0)
core   0: 3 0x000000008000ff14 (0xfe043783) x15 0x000000008001209d mem 0x0000000080031f50
core   0: 0x000000008000ff18 (0x00178713) addi    a4, a5, 1
core   0: 3 0x000000008000ff18 (0x00178713) x14 0x000000008001209e
core   0: 0x000000008000ff1c (0xfee43023) sd      a4, -32(s0)
core   0: 3 0x000000008000ff1c (0xfee43023) mem 0x0000000080031f50 0x000000008001209e
core   0: 0x000000008000ff20 (0xfc442703) lw      a4, -60(s0)
core   0: 3 0x000000008000ff20 (0xfc442703) x14 0x0000000000000000 mem 0x0000000080031f34
core   0: 0x000000008000ff24 (0x0ff77713) andi    a4, a4, 255
core   0: 3 0x000000008000ff24 (0x0ff77713) x14 0x0000000000000000
core   0: 0x000000008000ff28 (0x00e78023) sb      a4, 0(a5)
core   0: 3 0x000000008000ff28 (0x00e78023) mem 0x000000008001209d 0x00
core   0: 0x000000008000ff2c (0xfc843703) ld      a4, -56(s0)
core   0: 3 0x000000008000ff2c (0xfc843703) x14 0x0000000080012040 mem 0x0000000080031f38
core   0: 0x000000008000ff30 (0xfb843783) ld      a5, -72(s0)
core   0: 3 0x000000008000ff30 (0xfb843783) x15 0x000000000000009c mem 0x0000000080031f28
core   0: 0x000000008000ff34 (0x000097ba) c.add   a5, a4
core   0: 3 0x000000008000ff34 (0x97ba) x15 0x00000000800120dc
core   0: 0x000000008000ff36 (0xfe043703) ld      a4, -32(s0)
core   0: 3 0x000000008000ff36 (0xfe043703) x14 0x000000008001209e mem 0x0000000080031f50
core   0: 0x000000008000ff3a (0xfcf76de3) bltu    a4, a5, pc - 38
core   0: 3 0x000000008000ff3a (0xfcf76de3)
core   0: 0x000000008000ff14 (0xfe043783) ld      a5, -32(s0)
core   0: 3 0x000000008000ff14 (0xfe043783) x15 0x000000008001209e mem 0x0000000080031f50
core   0: 0x000000008000ff18 (0x00178713) addi    a4, a5, 1
core   0: 3 0x000000008000ff18 (0x00178713) x14 0x000000008001209f
core   0: 0x000000008000ff1c (0xfee43023) sd      a4, -32(s0)
core   0: 3 0x000000008000ff1c (0xfee43023) mem 0x0000000080031f50 0x000000008001209f
core   0: 0x000000008000ff20 (0xfc442703) lw      a4, -60(s0)
core   0: 3 0x000000008000ff20 (0xfc442703) x14 0x0000000000000000 mem 0x0000000080031f34
core   0: 0x000000008000ff24 (0x0ff77713) andi    a4, a4, 255
core   0: 3 0x000000008000ff24 (0x0ff77713) x14 0x0000000000000000
core   0: 0x000000008000ff28 (0x00e78023) sb      a4, 0(a5)
core   0: 3 0x000000008000ff28 (0x00e78023) mem 0x000000008001209e 0x00
core   0: 0x000000008000ff2c (0xfc843703) ld      a4, -56(s0)
core   0: 3 0x000000008000ff2c (0xfc843703) x14 0x0000000080012040 mem 0x0000000080031f38
core   0: 0x000000008000ff30 (0xfb843783) ld      a5, -72(s0)
core   0: 3 0x000000008000ff30 (0xfb843783) x15 0x000000000000009c mem 0x0000000080031f28
core   0: 0x000000008000ff34 (0x000097ba) c.add   a5, a4
core   0: 3 0x000000008000ff34 (0x97ba) x15 0x00000000800120dc
core   0: 0x000000008000ff36 (0xfe043703) ld      a4, -32(s0)
core   0: 3 0x000000008000ff36 (0xfe043703) x14 0x000000008001209f mem 0x0000000080031f50
core   0: 0x000000008000ff3a (0xfcf76de3) bltu    a4, a5, pc - 38
core   0: 3 0x000000008000ff3a (0xfcf76de3)
core   0: 0x000000008000ff14 (0xfe043783) ld      a5, -32(s0)
core   0: 3 0x000000008000ff14 (0xfe043783) x15 0x000000008001209f mem 0x0000000080031f50
core   0: 0x000000008000ff18 (0x00178713) addi    a4, a5, 1
core   0: 3 0x000000008000ff18 (0x00178713) x14 0x00000000800120a0
core   0: 0x000000008000ff1c (0xfee43023) sd      a4, -32(s0)
core   0: 3 0x000000008000ff1c (0xfee43023) mem 0x0000000080031f50 0x00000000800120a0
core   0: 0x000000008000ff20 (0xfc442703) lw      a4, -60(s0)
core   0: 3 0x000000008000ff20 (0xfc442703) x14 0x0000000000000000 mem 0x0000000080031f34
core   0: 0x000000008000ff24 (0x0ff77713) andi    a4, a4, 255
core   0: 3 0x000000008000ff24 (0x0ff77713) x14 0x0000000000000000
core   0: 0x000000008000ff28 (0x00e78023) sb      a4, 0(a5)
core   0: 3 0x000000008000ff28 (0x00e78023) mem 0x000000008001209f 0x00
core   0: 0x000000008000ff2c (0xfc843703) ld      a4, -56(s0)
core   0: 3 0x000000008000ff2c (0xfc843703) x14 0x0000000080012040 mem 0x0000000080031f38
core   0: 0x000000008000ff30 (0xfb843783) ld      a5, -72(s0)
core   0: 3 0x000000008000ff30 (0xfb843783) x15 0x000000000000009c mem 0x0000000080031f28
core   0: 0x000000008000ff34 (0x000097ba) c.add   a5, a4
core   0: 3 0x000000008000ff34 (0x97ba) x15 0x00000000800120dc
core   0: 0x000000008000ff36 (0xfe043703) ld      a4, -32(s0)
core   0: 3 0x000000008000ff36 (0xfe043703) x14 0x00000000800120a0 mem 0x0000000080031f50
core   0: 0x000000008000ff3a (0xfcf76de3) bltu    a4, a5, pc - 38
core   0: 3 0x000000008000ff3a (0xfcf76de3)
core   0: 0x000000008000ff14 (0xfe043783) ld      a5, -32(s0)
core   0: 3 0x000000008000ff14 (0xfe043783) x15 0x00000000800120a0 mem 0x0000000080031f50
core   0: 0x000000008000ff18 (0x00178713) addi    a4, a5, 1
core   0: 3 0x000000008000ff18 (0x00178713) x14 0x00000000800120a1
core   0: 0x000000008000ff1c (0xfee43023) sd      a4, -32(s0)
core   0: 3 0x000000008000ff1c (0xfee43023) mem 0x0000000080031f50 0x00000000800120a1
core   0: 0x000000008000ff20 (0xfc442703) lw      a4, -60(s0)
core   0: 3 0x000000008000ff20 (0xfc442703) x14 0x0000000000000000 mem 0x0000000080031f34
core   0: 0x000000008000ff24 (0x0ff77713) andi    a4, a4, 255
core   0: 3 0x000000008000ff24 (0x0ff77713) x14 0x0000000000000000
core   0: 0x000000008000ff28 (0x00e78023) sb      a4, 0(a5)
core   0: 3 0x000000008000ff28 (0x00e78023) mem 0x00000000800120a0 0x00
core   0: 0x000000008000ff2c (0xfc843703) ld      a4, -56(s0)
core   0: 3 0x000000008000ff2c (0xfc843703) x14 0x0000000080012040 mem 0x0000000080031f38
core   0: 0x000000008000ff30 (0xfb843783) ld      a5, -72(s0)
core   0: 3 0x000000008000ff30 (0xfb843783) x15 0x000000000000009c mem 0x0000000080031f28
core   0: 0x000000008000ff34 (0x000097ba) c.add   a5, a4
core   0: 3 0x000000008000ff34 (0x97ba) x15 0x00000000800120dc
core   0: 0x000000008000ff36 (0xfe043703) ld      a4, -32(s0)
core   0: 3 0x000000008000ff36 (0xfe043703) x14 0x00000000800120a1 mem 0x0000000080031f50
core   0: 0x000000008000ff3a (0xfcf76de3) bltu    a4, a5, pc - 38
core   0: 3 0x000000008000ff3a (0xfcf76de3)
core   0: 0x000000008000ff14 (0xfe043783) ld      a5, -32(s0)
core   0: 3 0x000000008000ff14 (0xfe043783) x15 0x00000000800120a1 mem 0x0000000080031f50
core   0: 0x000000008000ff18 (0x00178713) addi    a4, a5, 1
core   0: 3 0x000000008000ff18 (0x00178713) x14 0x00000000800120a2
core   0: 0x000000008000ff1c (0xfee43023) sd      a4, -32(s0)
core   0: 3 0x000000008000ff1c (0xfee43023) mem 0x0000000080031f50 0x00000000800120a2
core   0: 0x000000008000ff20 (0xfc442703) lw      a4, -60(s0)
core   0: 3 0x000000008000ff20 (0xfc442703) x14 0x0000000000000000 mem 0x0000000080031f34
core   0: 0x000000008000ff24 (0x0ff77713) andi    a4, a4, 255
core   0: 3 0x000000008000ff24 (0x0ff77713) x14 0x0000000000000000
core   0: 0x000000008000ff28 (0x00e78023) sb      a4, 0(a5)
core   0: 3 0x000000008000ff28 (0x00e78023) mem 0x00000000800120a1 0x00
core   0: 0x000000008000ff2c (0xfc843703) ld      a4, -56(s0)
core   0: 3 0x000000008000ff2c (0xfc843703) x14 0x0000000080012040 mem 0x0000000080031f38
core   0: 0x000000008000ff30 (0xfb843783) ld      a5, -72(s0)
core   0: 3 0x000000008000ff30 (0xfb843783) x15 0x000000000000009c mem 0x0000000080031f28
core   0: 0x000000008000ff34 (0x000097ba) c.add   a5, a4
core   0: 3 0x000000008000ff34 (0x97ba) x15 0x00000000800120dc
core   0: 0x000000008000ff36 (0xfe043703) ld      a4, -32(s0)
core   0: 3 0x000000008000ff36 (0xfe043703) x14 0x00000000800120a2 mem 0x0000000080031f50
core   0: 0x000000008000ff3a (0xfcf76de3) bltu    a4, a5, pc - 38
core   0: 3 0x000000008000ff3a (0xfcf76de3)
core   0: 0x000000008000ff14 (0xfe043783) ld      a5, -32(s0)
core   0: 3 0x000000008000ff14 (0xfe043783) x15 0x00000000800120a2 mem 0x0000000080031f50
core   0: 0x000000008000ff18 (0x00178713) addi    a4, a5, 1
core   0: 3 0x000000008000ff18 (0x00178713) x14 0x00000000800120a3
core   0: 0x000000008000ff1c (0xfee43023) sd      a4, -32(s0)
core   0: 3 0x000000008000ff1c (0xfee43023) mem 0x0000000080031f50 0x00000000800120a3
core   0: 0x000000008000ff20 (0xfc442703) lw      a4, -60(s0)
core   0: 3 0x000000008000ff20 (0xfc442703) x14 0x0000000000000000 mem 0x0000000080031f34
core   0: 0x000000008000ff24 (0x0ff77713) andi    a4, a4, 255
core   0: 3 0x000000008000ff24 (0x0ff77713) x14 0x0000000000000000
core   0: 0x000000008000ff28 (0x00e78023) sb      a4, 0(a5)
core   0: 3 0x000000008000ff28 (0x00e78023) mem 0x00000000800120a2 0x00
core   0: 0x000000008000ff2c (0xfc843703) ld      a4, -56(s0)
core   0: 3 0x000000008000ff2c (0xfc843703) x14 0x0000000080012040 mem 0x0000000080031f38
core   0: 0x000000008000ff30 (0xfb843783) ld      a5, -72(s0)
core   0: 3 0x000000008000ff30 (0xfb843783) x15 0x000000000000009c mem 0x0000000080031f28
core   0: 0x000000008000ff34 (0x000097ba) c.add   a5, a4
core   0: 3 0x000000008000ff34 (0x97ba) x15 0x00000000800120dc
core   0: 0x000000008000ff36 (0xfe043703) ld      a4, -32(s0)
core   0: 3 0x000000008000ff36 (0xfe043703) x14 0x00000000800120a3 mem 0x0000000080031f50
core   0: 0x000000008000ff3a (0xfcf76de3) bltu    a4, a5, pc - 38
core   0: 3 0x000000008000ff3a (0xfcf76de3)
core   0: 0x000000008000ff14 (0xfe043783) ld      a5, -32(s0)
core   0: 3 0x000000008000ff14 (0xfe043783) x15 0x00000000800120a3 mem 0x0000000080031f50
core   0: 0x000000008000ff18 (0x00178713) addi    a4, a5, 1
core   0: 3 0x000000008000ff18 (0x00178713) x14 0x00000000800120a4
core   0: 0x000000008000ff1c (0xfee43023) sd      a4, -32(s0)
core   0: 3 0x000000008000ff1c (0xfee43023) mem 0x0000000080031f50 0x00000000800120a4
core   0: 0x000000008000ff20 (0xfc442703) lw      a4, -60(s0)
core   0: 3 0x000000008000ff20 (0xfc442703) x14 0x0000000000000000 mem 0x0000000080031f34
core   0: 0x000000008000ff24 (0x0ff77713) andi    a4, a4, 255
core   0: 3 0x000000008000ff24 (0x0ff77713) x14 0x0000000000000000
core   0: 0x000000008000ff28 (0x00e78023) sb      a4, 0(a5)
core   0: 3 0x000000008000ff28 (0x00e78023) mem 0x00000000800120a3 0x00
core   0: 0x000000008000ff2c (0xfc843703) ld      a4, -56(s0)
core   0: 3 0x000000008000ff2c (0xfc843703) x14 0x0000000080012040 mem 0x0000000080031f38
core   0: 0x000000008000ff30 (0xfb843783) ld      a5, -72(s0)
core   0: 3 0x000000008000ff30 (0xfb843783) x15 0x000000000000009c mem 0x0000000080031f28
core   0: 0x000000008000ff34 (0x000097ba) c.add   a5, a4
core   0: 3 0x000000008000ff34 (0x97ba) x15 0x00000000800120dc
core   0: 0x000000008000ff36 (0xfe043703) ld      a4, -32(s0)
core   0: 3 0x000000008000ff36 (0xfe043703) x14 0x00000000800120a4 mem 0x0000000080031f50
core   0: 0x000000008000ff3a (0xfcf76de3) bltu    a4, a5, pc - 38
core   0: 3 0x000000008000ff3a (0xfcf76de3)
core   0: 0x000000008000ff14 (0xfe043783) ld      a5, -32(s0)
core   0: 3 0x000000008000ff14 (0xfe043783) x15 0x00000000800120a4 mem 0x0000000080031f50
core   0: 0x000000008000ff18 (0x00178713) addi    a4, a5, 1
core   0: 3 0x000000008000ff18 (0x00178713) x14 0x00000000800120a5
core   0: 0x000000008000ff1c (0xfee43023) sd      a4, -32(s0)
core   0: 3 0x000000008000ff1c (0xfee43023) mem 0x0000000080031f50 0x00000000800120a5
core   0: 0x000000008000ff20 (0xfc442703) lw      a4, -60(s0)
core   0: 3 0x000000008000ff20 (0xfc442703) x14 0x0000000000000000 mem 0x0000000080031f34
core   0: 0x000000008000ff24 (0x0ff77713) andi    a4, a4, 255
core   0: 3 0x000000008000ff24 (0x0ff77713) x14 0x0000000000000000
core   0: 0x000000008000ff28 (0x00e78023) sb      a4, 0(a5)
core   0: 3 0x000000008000ff28 (0x00e78023) mem 0x00000000800120a4 0x00
core   0: 0x000000008000ff2c (0xfc843703) ld      a4, -56(s0)
core   0: 3 0x000000008000ff2c (0xfc843703) x14 0x0000000080012040 mem 0x0000000080031f38
core   0: 0x000000008000ff30 (0xfb843783) ld      a5, -72(s0)
core   0: 3 0x000000008000ff30 (0xfb843783) x15 0x000000000000009c mem 0x0000000080031f28
core   0: 0x000000008000ff34 (0x000097ba) c.add   a5, a4
core   0: 3 0x000000008000ff34 (0x97ba) x15 0x00000000800120dc
core   0: 0x000000008000ff36 (0xfe043703) ld      a4, -32(s0)
core   0: 3 0x000000008000ff36 (0xfe043703) x14 0x00000000800120a5 mem 0x0000000080031f50
core   0: 0x000000008000ff3a (0xfcf76de3) bltu    a4, a5, pc - 38
core   0: 3 0x000000008000ff3a (0xfcf76de3)
core   0: 0x000000008000ff14 (0xfe043783) ld      a5, -32(s0)
core   0: 3 0x000000008000ff14 (0xfe043783) x15 0x00000000800120a5 mem 0x0000000080031f50
core   0: 0x000000008000ff18 (0x00178713) addi    a4, a5, 1
core   0: 3 0x000000008000ff18 (0x00178713) x14 0x00000000800120a6
core   0: 0x000000008000ff1c (0xfee43023) sd      a4, -32(s0)
core   0: 3 0x000000008000ff1c (0xfee43023) mem 0x0000000080031f50 0x00000000800120a6
core   0: 0x000000008000ff20 (0xfc442703) lw      a4, -60(s0)
core   0: 3 0x000000008000ff20 (0xfc442703) x14 0x0000000000000000 mem 0x0000000080031f34
core   0: 0x000000008000ff24 (0x0ff77713) andi    a4, a4, 255
core   0: 3 0x000000008000ff24 (0x0ff77713) x14 0x0000000000000000
core   0: 0x000000008000ff28 (0x00e78023) sb      a4, 0(a5)
core   0: 3 0x000000008000ff28 (0x00e78023) mem 0x00000000800120a5 0x00
core   0: 0x000000008000ff2c (0xfc843703) ld      a4, -56(s0)
core   0: 3 0x000000008000ff2c (0xfc843703) x14 0x0000000080012040 mem 0x0000000080031f38
core   0: 0x000000008000ff30 (0xfb843783) ld      a5, -72(s0)
core   0: 3 0x000000008000ff30 (0xfb843783) x15 0x000000000000009c mem 0x0000000080031f28
core   0: 0x000000008000ff34 (0x000097ba) c.add   a5, a4
core   0: 3 0x000000008000ff34 (0x97ba) x15 0x00000000800120dc
core   0: 0x000000008000ff36 (0xfe043703) ld      a4, -32(s0)
core   0: 3 0x000000008000ff36 (0xfe043703) x14 0x00000000800120a6 mem 0x0000000080031f50
core   0: 0x000000008000ff3a (0xfcf76de3) bltu    a4, a5, pc - 38
core   0: 3 0x000000008000ff3a (0xfcf76de3)
core   0: 0x000000008000ff14 (0xfe043783) ld      a5, -32(s0)
core   0: 3 0x000000008000ff14 (0xfe043783) x15 0x00000000800120a6 mem 0x0000000080031f50
core   0: 0x000000008000ff18 (0x00178713) addi    a4, a5, 1
core   0: 3 0x000000008000ff18 (0x00178713) x14 0x00000000800120a7
core   0: 0x000000008000ff1c (0xfee43023) sd      a4, -32(s0)
core   0: 3 0x000000008000ff1c (0xfee43023) mem 0x0000000080031f50 0x00000000800120a7
core   0: 0x000000008000ff20 (0xfc442703) lw      a4, -60(s0)
core   0: 3 0x000000008000ff20 (0xfc442703) x14 0x0000000000000000 mem 0x0000000080031f34
core   0: 0x000000008000ff24 (0x0ff77713) andi    a4, a4, 255
core   0: 3 0x000000008000ff24 (0x0ff77713) x14 0x0000000000000000
core   0: 0x000000008000ff28 (0x00e78023) sb      a4, 0(a5)
core   0: 3 0x000000008000ff28 (0x00e78023) mem 0x00000000800120a6 0x00
core   0: 0x000000008000ff2c (0xfc843703) ld      a4, -56(s0)
core   0: 3 0x000000008000ff2c (0xfc843703) x14 0x0000000080012040 mem 0x0000000080031f38
core   0: 0x000000008000ff30 (0xfb843783) ld      a5, -72(s0)
core   0: 3 0x000000008000ff30 (0xfb843783) x15 0x000000000000009c mem 0x0000000080031f28
core   0: 0x000000008000ff34 (0x000097ba) c.add   a5, a4
core   0: 3 0x000000008000ff34 (0x97ba) x15 0x00000000800120dc
core   0: 0x000000008000ff36 (0xfe043703) ld      a4, -32(s0)
core   0: 3 0x000000008000ff36 (0xfe043703) x14 0x00000000800120a7 mem 0x0000000080031f50
core   0: 0x000000008000ff3a (0xfcf76de3) bltu    a4, a5, pc - 38
core   0: 3 0x000000008000ff3a (0xfcf76de3)
core   0: 0x000000008000ff14 (0xfe043783) ld      a5, -32(s0)
core   0: 3 0x000000008000ff14 (0xfe043783) x15 0x00000000800120a7 mem 0x0000000080031f50
core   0: 0x000000008000ff18 (0x00178713) addi    a4, a5, 1
core   0: 3 0x000000008000ff18 (0x00178713) x14 0x00000000800120a8
core   0: 0x000000008000ff1c (0xfee43023) sd      a4, -32(s0)
core   0: 3 0x000000008000ff1c (0xfee43023) mem 0x0000000080031f50 0x00000000800120a8
core   0: 0x000000008000ff20 (0xfc442703) lw      a4, -60(s0)
core   0: 3 0x000000008000ff20 (0xfc442703) x14 0x0000000000000000 mem 0x0000000080031f34
core   0: 0x000000008000ff24 (0x0ff77713) andi    a4, a4, 255
core   0: 3 0x000000008000ff24 (0x0ff77713) x14 0x0000000000000000
core   0: 0x000000008000ff28 (0x00e78023) sb      a4, 0(a5)
core   0: 3 0x000000008000ff28 (0x00e78023) mem 0x00000000800120a7 0x00
core   0: 0x000000008000ff2c (0xfc843703) ld      a4, -56(s0)
core   0: 3 0x000000008000ff2c (0xfc843703) x14 0x0000000080012040 mem 0x0000000080031f38
core   0: 0x000000008000ff30 (0xfb843783) ld      a5, -72(s0)
core   0: 3 0x000000008000ff30 (0xfb843783) x15 0x000000000000009c mem 0x0000000080031f28
core   0: 0x000000008000ff34 (0x000097ba) c.add   a5, a4
core   0: 3 0x000000008000ff34 (0x97ba) x15 0x00000000800120dc
core   0: 0x000000008000ff36 (0xfe043703) ld      a4, -32(s0)
core   0: 3 0x000000008000ff36 (0xfe043703) x14 0x00000000800120a8 mem 0x0000000080031f50
core   0: 0x000000008000ff3a (0xfcf76de3) bltu    a4, a5, pc - 38
core   0: 3 0x000000008000ff3a (0xfcf76de3)
core   0: 0x000000008000ff14 (0xfe043783) ld      a5, -32(s0)
core   0: 3 0x000000008000ff14 (0xfe043783) x15 0x00000000800120a8 mem 0x0000000080031f50
core   0: 0x000000008000ff18 (0x00178713) addi    a4, a5, 1
core   0: 3 0x000000008000ff18 (0x00178713) x14 0x00000000800120a9
core   0: 0x000000008000ff1c (0xfee43023) sd      a4, -32(s0)
core   0: 3 0x000000008000ff1c (0xfee43023) mem 0x0000000080031f50 0x00000000800120a9
core   0: 0x000000008000ff20 (0xfc442703) lw      a4, -60(s0)
core   0: 3 0x000000008000ff20 (0xfc442703) x14 0x0000000000000000 mem 0x0000000080031f34
core   0: 0x000000008000ff24 (0x0ff77713) andi    a4, a4, 255
core   0: 3 0x000000008000ff24 (0x0ff77713) x14 0x0000000000000000
core   0: 0x000000008000ff28 (0x00e78023) sb      a4, 0(a5)
core   0: 3 0x000000008000ff28 (0x00e78023) mem 0x00000000800120a8 0x00
core   0: 0x000000008000ff2c (0xfc843703) ld      a4, -56(s0)
core   0: 3 0x000000008000ff2c (0xfc843703) x14 0x0000000080012040 mem 0x0000000080031f38
core   0: 0x000000008000ff30 (0xfb843783) ld      a5, -72(s0)
core   0: 3 0x000000008000ff30 (0xfb843783) x15 0x000000000000009c mem 0x0000000080031f28
core   0: 0x000000008000ff34 (0x000097ba) c.add   a5, a4
core   0: 3 0x000000008000ff34 (0x97ba) x15 0x00000000800120dc
core   0: 0x000000008000ff36 (0xfe043703) ld      a4, -32(s0)
core   0: 3 0x000000008000ff36 (0xfe043703) x14 0x00000000800120a9 mem 0x0000000080031f50
core   0: 0x000000008000ff3a (0xfcf76de3) bltu    a4, a5, pc - 38
core   0: 3 0x000000008000ff3a (0xfcf76de3)
core   0: 0x000000008000ff14 (0xfe043783) ld      a5, -32(s0)
core   0: 3 0x000000008000ff14 (0xfe043783) x15 0x00000000800120a9 mem 0x0000000080031f50
core   0: 0x000000008000ff18 (0x00178713) addi    a4, a5, 1
core   0: 3 0x000000008000ff18 (0x00178713) x14 0x00000000800120aa
core   0: 0x000000008000ff1c (0xfee43023) sd      a4, -32(s0)
core   0: 3 0x000000008000ff1c (0xfee43023) mem 0x0000000080031f50 0x00000000800120aa
core   0: 0x000000008000ff20 (0xfc442703) lw      a4, -60(s0)
core   0: 3 0x000000008000ff20 (0xfc442703) x14 0x0000000000000000 mem 0x0000000080031f34
core   0: 0x000000008000ff24 (0x0ff77713) andi    a4, a4, 255
core   0: 3 0x000000008000ff24 (0x0ff77713) x14 0x0000000000000000
core   0: 0x000000008000ff28 (0x00e78023) sb      a4, 0(a5)
core   0: 3 0x000000008000ff28 (0x00e78023) mem 0x00000000800120a9 0x00
core   0: 0x000000008000ff2c (0xfc843703) ld      a4, -56(s0)
core   0: 3 0x000000008000ff2c (0xfc843703) x14 0x0000000080012040 mem 0x0000000080031f38
core   0: 0x000000008000ff30 (0xfb843783) ld      a5, -72(s0)
core   0: 3 0x000000008000ff30 (0xfb843783) x15 0x000000000000009c mem 0x0000000080031f28
core   0: 0x000000008000ff34 (0x000097ba) c.add   a5, a4
core   0: 3 0x000000008000ff34 (0x97ba) x15 0x00000000800120dc
core   0: 0x000000008000ff36 (0xfe043703) ld      a4, -32(s0)
core   0: 3 0x000000008000ff36 (0xfe043703) x14 0x00000000800120aa mem 0x0000000080031f50
core   0: 0x000000008000ff3a (0xfcf76de3) bltu    a4, a5, pc - 38
core   0: 3 0x000000008000ff3a (0xfcf76de3)
core   0: 0x000000008000ff14 (0xfe043783) ld      a5, -32(s0)
core   0: 3 0x000000008000ff14 (0xfe043783) x15 0x00000000800120aa mem 0x0000000080031f50
core   0: 0x000000008000ff18 (0x00178713) addi    a4, a5, 1
core   0: 3 0x000000008000ff18 (0x00178713) x14 0x00000000800120ab
core   0: 0x000000008000ff1c (0xfee43023) sd      a4, -32(s0)
core   0: 3 0x000000008000ff1c (0xfee43023) mem 0x0000000080031f50 0x00000000800120ab
core   0: 0x000000008000ff20 (0xfc442703) lw      a4, -60(s0)
core   0: 3 0x000000008000ff20 (0xfc442703) x14 0x0000000000000000 mem 0x0000000080031f34
core   0: 0x000000008000ff24 (0x0ff77713) andi    a4, a4, 255
core   0: 3 0x000000008000ff24 (0x0ff77713) x14 0x0000000000000000
core   0: 0x000000008000ff28 (0x00e78023) sb      a4, 0(a5)
core   0: 3 0x000000008000ff28 (0x00e78023) mem 0x00000000800120aa 0x00
core   0: 0x000000008000ff2c (0xfc843703) ld      a4, -56(s0)
core   0: 3 0x000000008000ff2c (0xfc843703) x14 0x0000000080012040 mem 0x0000000080031f38
core   0: 0x000000008000ff30 (0xfb843783) ld      a5, -72(s0)
core   0: 3 0x000000008000ff30 (0xfb843783) x15 0x000000000000009c mem 0x0000000080031f28
core   0: 0x000000008000ff34 (0x000097ba) c.add   a5, a4
core   0: 3 0x000000008000ff34 (0x97ba) x15 0x00000000800120dc
core   0: 0x000000008000ff36 (0xfe043703) ld      a4, -32(s0)
core   0: 3 0x000000008000ff36 (0xfe043703) x14 0x00000000800120ab mem 0x0000000080031f50
core   0: 0x000000008000ff3a (0xfcf76de3) bltu    a4, a5, pc - 38
core   0: 3 0x000000008000ff3a (0xfcf76de3)
core   0: 0x000000008000ff14 (0xfe043783) ld      a5, -32(s0)
core   0: 3 0x000000008000ff14 (0xfe043783) x15 0x00000000800120ab mem 0x0000000080031f50
core   0: 0x000000008000ff18 (0x00178713) addi    a4, a5, 1
core   0: 3 0x000000008000ff18 (0x00178713) x14 0x00000000800120ac
core   0: 0x000000008000ff1c (0xfee43023) sd      a4, -32(s0)
core   0: 3 0x000000008000ff1c (0xfee43023) mem 0x0000000080031f50 0x00000000800120ac
core   0: 0x000000008000ff20 (0xfc442703) lw      a4, -60(s0)
core   0: 3 0x000000008000ff20 (0xfc442703) x14 0x0000000000000000 mem 0x0000000080031f34
core   0: 0x000000008000ff24 (0x0ff77713) andi    a4, a4, 255
core   0: 3 0x000000008000ff24 (0x0ff77713) x14 0x0000000000000000
core   0: 0x000000008000ff28 (0x00e78023) sb      a4, 0(a5)
core   0: 3 0x000000008000ff28 (0x00e78023) mem 0x00000000800120ab 0x00
core   0: 0x000000008000ff2c (0xfc843703) ld      a4, -56(s0)
core   0: 3 0x000000008000ff2c (0xfc843703) x14 0x0000000080012040 mem 0x0000000080031f38
core   0: 0x000000008000ff30 (0xfb843783) ld      a5, -72(s0)
core   0: 3 0x000000008000ff30 (0xfb843783) x15 0x000000000000009c mem 0x0000000080031f28
core   0: 0x000000008000ff34 (0x000097ba) c.add   a5, a4
core   0: 3 0x000000008000ff34 (0x97ba) x15 0x00000000800120dc
core   0: 0x000000008000ff36 (0xfe043703) ld      a4, -32(s0)
core   0: 3 0x000000008000ff36 (0xfe043703) x14 0x00000000800120ac mem 0x0000000080031f50
core   0: 0x000000008000ff3a (0xfcf76de3) bltu    a4, a5, pc - 38
core   0: 3 0x000000008000ff3a (0xfcf76de3)
core   0: 0x000000008000ff14 (0xfe043783) ld      a5, -32(s0)
core   0: 3 0x000000008000ff14 (0xfe043783) x15 0x00000000800120ac mem 0x0000000080031f50
core   0: 0x000000008000ff18 (0x00178713) addi    a4, a5, 1
core   0: 3 0x000000008000ff18 (0x00178713) x14 0x00000000800120ad
core   0: 0x000000008000ff1c (0xfee43023) sd      a4, -32(s0)
core   0: 3 0x000000008000ff1c (0xfee43023) mem 0x0000000080031f50 0x00000000800120ad
core   0: 0x000000008000ff20 (0xfc442703) lw      a4, -60(s0)
core   0: 3 0x000000008000ff20 (0xfc442703) x14 0x0000000000000000 mem 0x0000000080031f34
core   0: 0x000000008000ff24 (0x0ff77713) andi    a4, a4, 255
core   0: 3 0x000000008000ff24 (0x0ff77713) x14 0x0000000000000000
core   0: 0x000000008000ff28 (0x00e78023) sb      a4, 0(a5)
core   0: 3 0x000000008000ff28 (0x00e78023) mem 0x00000000800120ac 0x00
core   0: 0x000000008000ff2c (0xfc843703) ld      a4, -56(s0)
core   0: 3 0x000000008000ff2c (0xfc843703) x14 0x0000000080012040 mem 0x0000000080031f38
core   0: 0x000000008000ff30 (0xfb843783) ld      a5, -72(s0)
core   0: 3 0x000000008000ff30 (0xfb843783) x15 0x000000000000009c mem 0x0000000080031f28
core   0: 0x000000008000ff34 (0x000097ba) c.add   a5, a4
core   0: 3 0x000000008000ff34 (0x97ba) x15 0x00000000800120dc
core   0: 0x000000008000ff36 (0xfe043703) ld      a4, -32(s0)
core   0: 3 0x000000008000ff36 (0xfe043703) x14 0x00000000800120ad mem 0x0000000080031f50
core   0: 0x000000008000ff3a (0xfcf76de3) bltu    a4, a5, pc - 38
core   0: 3 0x000000008000ff3a (0xfcf76de3)
core   0: 0x000000008000ff14 (0xfe043783) ld      a5, -32(s0)
core   0: 3 0x000000008000ff14 (0xfe043783) x15 0x00000000800120ad mem 0x0000000080031f50
core   0: 0x000000008000ff18 (0x00178713) addi    a4, a5, 1
core   0: 3 0x000000008000ff18 (0x00178713) x14 0x00000000800120ae
core   0: 0x000000008000ff1c (0xfee43023) sd      a4, -32(s0)
core   0: 3 0x000000008000ff1c (0xfee43023) mem 0x0000000080031f50 0x00000000800120ae
core   0: 0x000000008000ff20 (0xfc442703) lw      a4, -60(s0)
core   0: 3 0x000000008000ff20 (0xfc442703) x14 0x0000000000000000 mem 0x0000000080031f34
core   0: 0x000000008000ff24 (0x0ff77713) andi    a4, a4, 255
core   0: 3 0x000000008000ff24 (0x0ff77713) x14 0x0000000000000000
core   0: 0x000000008000ff28 (0x00e78023) sb      a4, 0(a5)
core   0: 3 0x000000008000ff28 (0x00e78023) mem 0x00000000800120ad 0x00
core   0: 0x000000008000ff2c (0xfc843703) ld      a4, -56(s0)
core   0: 3 0x000000008000ff2c (0xfc843703) x14 0x0000000080012040 mem 0x0000000080031f38
core   0: 0x000000008000ff30 (0xfb843783) ld      a5, -72(s0)
core   0: 3 0x000000008000ff30 (0xfb843783) x15 0x000000000000009c mem 0x0000000080031f28
core   0: 0x000000008000ff34 (0x000097ba) c.add   a5, a4
core   0: 3 0x000000008000ff34 (0x97ba) x15 0x00000000800120dc
core   0: 0x000000008000ff36 (0xfe043703) ld      a4, -32(s0)
core   0: 3 0x000000008000ff36 (0xfe043703) x14 0x00000000800120ae mem 0x0000000080031f50
core   0: 0x000000008000ff3a (0xfcf76de3) bltu    a4, a5, pc - 38
core   0: 3 0x000000008000ff3a (0xfcf76de3)
core   0: 0x000000008000ff14 (0xfe043783) ld      a5, -32(s0)
core   0: 3 0x000000008000ff14 (0xfe043783) x15 0x00000000800120ae mem 0x0000000080031f50
core   0: 0x000000008000ff18 (0x00178713) addi    a4, a5, 1
core   0: 3 0x000000008000ff18 (0x00178713) x14 0x00000000800120af
core   0: 0x000000008000ff1c (0xfee43023) sd      a4, -32(s0)
core   0: 3 0x000000008000ff1c (0xfee43023) mem 0x0000000080031f50 0x00000000800120af
core   0: 0x000000008000ff20 (0xfc442703) lw      a4, -60(s0)
core   0: 3 0x000000008000ff20 (0xfc442703) x14 0x0000000000000000 mem 0x0000000080031f34
core   0: 0x000000008000ff24 (0x0ff77713) andi    a4, a4, 255
core   0: 3 0x000000008000ff24 (0x0ff77713) x14 0x0000000000000000
core   0: 0x000000008000ff28 (0x00e78023) sb      a4, 0(a5)
core   0: 3 0x000000008000ff28 (0x00e78023) mem 0x00000000800120ae 0x00
core   0: 0x000000008000ff2c (0xfc843703) ld      a4, -56(s0)
core   0: 3 0x000000008000ff2c (0xfc843703) x14 0x0000000080012040 mem 0x0000000080031f38
core   0: 0x000000008000ff30 (0xfb843783) ld      a5, -72(s0)
core   0: 3 0x000000008000ff30 (0xfb843783) x15 0x000000000000009c mem 0x0000000080031f28
core   0: 0x000000008000ff34 (0x000097ba) c.add   a5, a4
core   0: 3 0x000000008000ff34 (0x97ba) x15 0x00000000800120dc
core   0: 0x000000008000ff36 (0xfe043703) ld      a4, -32(s0)
core   0: 3 0x000000008000ff36 (0xfe043703) x14 0x00000000800120af mem 0x0000000080031f50
core   0: 0x000000008000ff3a (0xfcf76de3) bltu    a4, a5, pc - 38
core   0: 3 0x000000008000ff3a (0xfcf76de3)
core   0: 0x000000008000ff14 (0xfe043783) ld      a5, -32(s0)
core   0: 3 0x000000008000ff14 (0xfe043783) x15 0x00000000800120af mem 0x0000000080031f50
core   0: 0x000000008000ff18 (0x00178713) addi    a4, a5, 1
core   0: 3 0x000000008000ff18 (0x00178713) x14 0x00000000800120b0
core   0: 0x000000008000ff1c (0xfee43023) sd      a4, -32(s0)
core   0: 3 0x000000008000ff1c (0xfee43023) mem 0x0000000080031f50 0x00000000800120b0
core   0: 0x000000008000ff20 (0xfc442703) lw      a4, -60(s0)
core   0: 3 0x000000008000ff20 (0xfc442703) x14 0x0000000000000000 mem 0x0000000080031f34
core   0: 0x000000008000ff24 (0x0ff77713) andi    a4, a4, 255
core   0: 3 0x000000008000ff24 (0x0ff77713) x14 0x0000000000000000
core   0: 0x000000008000ff28 (0x00e78023) sb      a4, 0(a5)
core   0: 3 0x000000008000ff28 (0x00e78023) mem 0x00000000800120af 0x00
core   0: 0x000000008000ff2c (0xfc843703) ld      a4, -56(s0)
core   0: 3 0x000000008000ff2c (0xfc843703) x14 0x0000000080012040 mem 0x0000000080031f38
core   0: 0x000000008000ff30 (0xfb843783) ld      a5, -72(s0)
core   0: 3 0x000000008000ff30 (0xfb843783) x15 0x000000000000009c mem 0x0000000080031f28
core   0: 0x000000008000ff34 (0x000097ba) c.add   a5, a4
core   0: 3 0x000000008000ff34 (0x97ba) x15 0x00000000800120dc
core   0: 0x000000008000ff36 (0xfe043703) ld      a4, -32(s0)
core   0: 3 0x000000008000ff36 (0xfe043703) x14 0x00000000800120b0 mem 0x0000000080031f50
core   0: 0x000000008000ff3a (0xfcf76de3) bltu    a4, a5, pc - 38
core   0: 3 0x000000008000ff3a (0xfcf76de3)
core   0: 0x000000008000ff14 (0xfe043783) ld      a5, -32(s0)
core   0: 3 0x000000008000ff14 (0xfe043783) x15 0x00000000800120b0 mem 0x0000000080031f50
core   0: 0x000000008000ff18 (0x00178713) addi    a4, a5, 1
core   0: 3 0x000000008000ff18 (0x00178713) x14 0x00000000800120b1
core   0: 0x000000008000ff1c (0xfee43023) sd      a4, -32(s0)
core   0: 3 0x000000008000ff1c (0xfee43023) mem 0x0000000080031f50 0x00000000800120b1
core   0: 0x000000008000ff20 (0xfc442703) lw      a4, -60(s0)
core   0: 3 0x000000008000ff20 (0xfc442703) x14 0x0000000000000000 mem 0x0000000080031f34
core   0: 0x000000008000ff24 (0x0ff77713) andi    a4, a4, 255
core   0: 3 0x000000008000ff24 (0x0ff77713) x14 0x0000000000000000
core   0: 0x000000008000ff28 (0x00e78023) sb      a4, 0(a5)
core   0: 3 0x000000008000ff28 (0x00e78023) mem 0x00000000800120b0 0x00
core   0: 0x000000008000ff2c (0xfc843703) ld      a4, -56(s0)
core   0: 3 0x000000008000ff2c (0xfc843703) x14 0x0000000080012040 mem 0x0000000080031f38
core   0: 0x000000008000ff30 (0xfb843783) ld      a5, -72(s0)
core   0: 3 0x000000008000ff30 (0xfb843783) x15 0x000000000000009c mem 0x0000000080031f28
core   0: 0x000000008000ff34 (0x000097ba) c.add   a5, a4
core   0: 3 0x000000008000ff34 (0x97ba) x15 0x00000000800120dc
core   0: 0x000000008000ff36 (0xfe043703) ld      a4, -32(s0)
core   0: 3 0x000000008000ff36 (0xfe043703) x14 0x00000000800120b1 mem 0x0000000080031f50
core   0: 0x000000008000ff3a (0xfcf76de3) bltu    a4, a5, pc - 38
core   0: 3 0x000000008000ff3a (0xfcf76de3)
core   0: 0x000000008000ff14 (0xfe043783) ld      a5, -32(s0)
core   0: 3 0x000000008000ff14 (0xfe043783) x15 0x00000000800120b1 mem 0x0000000080031f50
core   0: 0x000000008000ff18 (0x00178713) addi    a4, a5, 1
core   0: 3 0x000000008000ff18 (0x00178713) x14 0x00000000800120b2
core   0: 0x000000008000ff1c (0xfee43023) sd      a4, -32(s0)
core   0: 3 0x000000008000ff1c (0xfee43023) mem 0x0000000080031f50 0x00000000800120b2
core   0: 0x000000008000ff20 (0xfc442703) lw      a4, -60(s0)
core   0: 3 0x000000008000ff20 (0xfc442703) x14 0x0000000000000000 mem 0x0000000080031f34
core   0: 0x000000008000ff24 (0x0ff77713) andi    a4, a4, 255
core   0: 3 0x000000008000ff24 (0x0ff77713) x14 0x0000000000000000
core   0: 0x000000008000ff28 (0x00e78023) sb      a4, 0(a5)
core   0: 3 0x000000008000ff28 (0x00e78023) mem 0x00000000800120b1 0x00
core   0: 0x000000008000ff2c (0xfc843703) ld      a4, -56(s0)
core   0: 3 0x000000008000ff2c (0xfc843703) x14 0x0000000080012040 mem 0x0000000080031f38
core   0: 0x000000008000ff30 (0xfb843783) ld      a5, -72(s0)
core   0: 3 0x000000008000ff30 (0xfb843783) x15 0x000000000000009c mem 0x0000000080031f28
core   0: 0x000000008000ff34 (0x000097ba) c.add   a5, a4
core   0: 3 0x000000008000ff34 (0x97ba) x15 0x00000000800120dc
core   0: 0x000000008000ff36 (0xfe043703) ld      a4, -32(s0)
core   0: 3 0x000000008000ff36 (0xfe043703) x14 0x00000000800120b2 mem 0x0000000080031f50
core   0: 0x000000008000ff3a (0xfcf76de3) bltu    a4, a5, pc - 38
core   0: 3 0x000000008000ff3a (0xfcf76de3)
core   0: 0x000000008000ff14 (0xfe043783) ld      a5, -32(s0)
core   0: 3 0x000000008000ff14 (0xfe043783) x15 0x00000000800120b2 mem 0x0000000080031f50
core   0: 0x000000008000ff18 (0x00178713) addi    a4, a5, 1
core   0: 3 0x000000008000ff18 (0x00178713) x14 0x00000000800120b3
core   0: 0x000000008000ff1c (0xfee43023) sd      a4, -32(s0)
core   0: 3 0x000000008000ff1c (0xfee43023) mem 0x0000000080031f50 0x00000000800120b3
core   0: 0x000000008000ff20 (0xfc442703) lw      a4, -60(s0)
core   0: 3 0x000000008000ff20 (0xfc442703) x14 0x0000000000000000 mem 0x0000000080031f34
core   0: 0x000000008000ff24 (0x0ff77713) andi    a4, a4, 255
core   0: 3 0x000000008000ff24 (0x0ff77713) x14 0x0000000000000000
core   0: 0x000000008000ff28 (0x00e78023) sb      a4, 0(a5)
core   0: 3 0x000000008000ff28 (0x00e78023) mem 0x00000000800120b2 0x00
core   0: 0x000000008000ff2c (0xfc843703) ld      a4, -56(s0)
core   0: 3 0x000000008000ff2c (0xfc843703) x14 0x0000000080012040 mem 0x0000000080031f38
core   0: 0x000000008000ff30 (0xfb843783) ld      a5, -72(s0)
core   0: 3 0x000000008000ff30 (0xfb843783) x15 0x000000000000009c mem 0x0000000080031f28
core   0: 0x000000008000ff34 (0x000097ba) c.add   a5, a4
core   0: 3 0x000000008000ff34 (0x97ba) x15 0x00000000800120dc
core   0: 0x000000008000ff36 (0xfe043703) ld      a4, -32(s0)
core   0: 3 0x000000008000ff36 (0xfe043703) x14 0x00000000800120b3 mem 0x0000000080031f50
core   0: 0x000000008000ff3a (0xfcf76de3) bltu    a4, a5, pc - 38
core   0: 3 0x000000008000ff3a (0xfcf76de3)
core   0: 0x000000008000ff14 (0xfe043783) ld      a5, -32(s0)
core   0: 3 0x000000008000ff14 (0xfe043783) x15 0x00000000800120b3 mem 0x0000000080031f50
core   0: 0x000000008000ff18 (0x00178713) addi    a4, a5, 1
core   0: 3 0x000000008000ff18 (0x00178713) x14 0x00000000800120b4
core   0: 0x000000008000ff1c (0xfee43023) sd      a4, -32(s0)
core   0: 3 0x000000008000ff1c (0xfee43023) mem 0x0000000080031f50 0x00000000800120b4
core   0: 0x000000008000ff20 (0xfc442703) lw      a4, -60(s0)
core   0: 3 0x000000008000ff20 (0xfc442703) x14 0x0000000000000000 mem 0x0000000080031f34
core   0: 0x000000008000ff24 (0x0ff77713) andi    a4, a4, 255
core   0: 3 0x000000008000ff24 (0x0ff77713) x14 0x0000000000000000
core   0: 0x000000008000ff28 (0x00e78023) sb      a4, 0(a5)
core   0: 3 0x000000008000ff28 (0x00e78023) mem 0x00000000800120b3 0x00
core   0: 0x000000008000ff2c (0xfc843703) ld      a4, -56(s0)
core   0: 3 0x000000008000ff2c (0xfc843703) x14 0x0000000080012040 mem 0x0000000080031f38
core   0: 0x000000008000ff30 (0xfb843783) ld      a5, -72(s0)
core   0: 3 0x000000008000ff30 (0xfb843783) x15 0x000000000000009c mem 0x0000000080031f28
core   0: 0x000000008000ff34 (0x000097ba) c.add   a5, a4
core   0: 3 0x000000008000ff34 (0x97ba) x15 0x00000000800120dc
core   0: 0x000000008000ff36 (0xfe043703) ld      a4, -32(s0)
core   0: 3 0x000000008000ff36 (0xfe043703) x14 0x00000000800120b4 mem 0x0000000080031f50
core   0: 0x000000008000ff3a (0xfcf76de3) bltu    a4, a5, pc - 38
core   0: 3 0x000000008000ff3a (0xfcf76de3)
core   0: 0x000000008000ff14 (0xfe043783) ld      a5, -32(s0)
core   0: 3 0x000000008000ff14 (0xfe043783) x15 0x00000000800120b4 mem 0x0000000080031f50
core   0: 0x000000008000ff18 (0x00178713) addi    a4, a5, 1
core   0: 3 0x000000008000ff18 (0x00178713) x14 0x00000000800120b5
core   0: 0x000000008000ff1c (0xfee43023) sd      a4, -32(s0)
core   0: 3 0x000000008000ff1c (0xfee43023) mem 0x0000000080031f50 0x00000000800120b5
core   0: 0x000000008000ff20 (0xfc442703) lw      a4, -60(s0)
core   0: 3 0x000000008000ff20 (0xfc442703) x14 0x0000000000000000 mem 0x0000000080031f34
core   0: 0x000000008000ff24 (0x0ff77713) andi    a4, a4, 255
core   0: 3 0x000000008000ff24 (0x0ff77713) x14 0x0000000000000000
core   0: 0x000000008000ff28 (0x00e78023) sb      a4, 0(a5)
core   0: 3 0x000000008000ff28 (0x00e78023) mem 0x00000000800120b4 0x00
core   0: 0x000000008000ff2c (0xfc843703) ld      a4, -56(s0)
core   0: 3 0x000000008000ff2c (0xfc843703) x14 0x0000000080012040 mem 0x0000000080031f38
core   0: 0x000000008000ff30 (0xfb843783) ld      a5, -72(s0)
core   0: 3 0x000000008000ff30 (0xfb843783) x15 0x000000000000009c mem 0x0000000080031f28
core   0: 0x000000008000ff34 (0x000097ba) c.add   a5, a4
core   0: 3 0x000000008000ff34 (0x97ba) x15 0x00000000800120dc
core   0: 0x000000008000ff36 (0xfe043703) ld      a4, -32(s0)
core   0: 3 0x000000008000ff36 (0xfe043703) x14 0x00000000800120b5 mem 0x0000000080031f50
core   0: 0x000000008000ff3a (0xfcf76de3) bltu    a4, a5, pc - 38
core   0: 3 0x000000008000ff3a (0xfcf76de3)
core   0: 0x000000008000ff14 (0xfe043783) ld      a5, -32(s0)
core   0: 3 0x000000008000ff14 (0xfe043783) x15 0x00000000800120b5 mem 0x0000000080031f50
core   0: 0x000000008000ff18 (0x00178713) addi    a4, a5, 1
core   0: 3 0x000000008000ff18 (0x00178713) x14 0x00000000800120b6
core   0: 0x000000008000ff1c (0xfee43023) sd      a4, -32(s0)
core   0: 3 0x000000008000ff1c (0xfee43023) mem 0x0000000080031f50 0x00000000800120b6
core   0: 0x000000008000ff20 (0xfc442703) lw      a4, -60(s0)
core   0: 3 0x000000008000ff20 (0xfc442703) x14 0x0000000000000000 mem 0x0000000080031f34
core   0: 0x000000008000ff24 (0x0ff77713) andi    a4, a4, 255
core   0: 3 0x000000008000ff24 (0x0ff77713) x14 0x0000000000000000
core   0: 0x000000008000ff28 (0x00e78023) sb      a4, 0(a5)
core   0: 3 0x000000008000ff28 (0x00e78023) mem 0x00000000800120b5 0x00
core   0: 0x000000008000ff2c (0xfc843703) ld      a4, -56(s0)
core   0: 3 0x000000008000ff2c (0xfc843703) x14 0x0000000080012040 mem 0x0000000080031f38
core   0: 0x000000008000ff30 (0xfb843783) ld      a5, -72(s0)
core   0: 3 0x000000008000ff30 (0xfb843783) x15 0x000000000000009c mem 0x0000000080031f28
core   0: 0x000000008000ff34 (0x000097ba) c.add   a5, a4
core   0: 3 0x000000008000ff34 (0x97ba) x15 0x00000000800120dc
core   0: 0x000000008000ff36 (0xfe043703) ld      a4, -32(s0)
core   0: 3 0x000000008000ff36 (0xfe043703) x14 0x00000000800120b6 mem 0x0000000080031f50
core   0: 0x000000008000ff3a (0xfcf76de3) bltu    a4, a5, pc - 38
core   0: 3 0x000000008000ff3a (0xfcf76de3)
core   0: 0x000000008000ff14 (0xfe043783) ld      a5, -32(s0)
core   0: 3 0x000000008000ff14 (0xfe043783) x15 0x00000000800120b6 mem 0x0000000080031f50
core   0: 0x000000008000ff18 (0x00178713) addi    a4, a5, 1
core   0: 3 0x000000008000ff18 (0x00178713) x14 0x00000000800120b7
core   0: 0x000000008000ff1c (0xfee43023) sd      a4, -32(s0)
core   0: 3 0x000000008000ff1c (0xfee43023) mem 0x0000000080031f50 0x00000000800120b7
core   0: 0x000000008000ff20 (0xfc442703) lw      a4, -60(s0)
core   0: 3 0x000000008000ff20 (0xfc442703) x14 0x0000000000000000 mem 0x0000000080031f34
core   0: 0x000000008000ff24 (0x0ff77713) andi    a4, a4, 255
core   0: 3 0x000000008000ff24 (0x0ff77713) x14 0x0000000000000000
core   0: 0x000000008000ff28 (0x00e78023) sb      a4, 0(a5)
core   0: 3 0x000000008000ff28 (0x00e78023) mem 0x00000000800120b6 0x00
core   0: 0x000000008000ff2c (0xfc843703) ld      a4, -56(s0)
core   0: 3 0x000000008000ff2c (0xfc843703) x14 0x0000000080012040 mem 0x0000000080031f38
core   0: 0x000000008000ff30 (0xfb843783) ld      a5, -72(s0)
core   0: 3 0x000000008000ff30 (0xfb843783) x15 0x000000000000009c mem 0x0000000080031f28
core   0: 0x000000008000ff34 (0x000097ba) c.add   a5, a4
core   0: 3 0x000000008000ff34 (0x97ba) x15 0x00000000800120dc
core   0: 0x000000008000ff36 (0xfe043703) ld      a4, -32(s0)
core   0: 3 0x000000008000ff36 (0xfe043703) x14 0x00000000800120b7 mem 0x0000000080031f50
core   0: 0x000000008000ff3a (0xfcf76de3) bltu    a4, a5, pc - 38
core   0: 3 0x000000008000ff3a (0xfcf76de3)
core   0: 0x000000008000ff14 (0xfe043783) ld      a5, -32(s0)
core   0: 3 0x000000008000ff14 (0xfe043783) x15 0x00000000800120b7 mem 0x0000000080031f50
core   0: 0x000000008000ff18 (0x00178713) addi    a4, a5, 1
core   0: 3 0x000000008000ff18 (0x00178713) x14 0x00000000800120b8
core   0: 0x000000008000ff1c (0xfee43023) sd      a4, -32(s0)
core   0: 3 0x000000008000ff1c (0xfee43023) mem 0x0000000080031f50 0x00000000800120b8
core   0: 0x000000008000ff20 (0xfc442703) lw      a4, -60(s0)
core   0: 3 0x000000008000ff20 (0xfc442703) x14 0x0000000000000000 mem 0x0000000080031f34
core   0: 0x000000008000ff24 (0x0ff77713) andi    a4, a4, 255
core   0: 3 0x000000008000ff24 (0x0ff77713) x14 0x0000000000000000
core   0: 0x000000008000ff28 (0x00e78023) sb      a4, 0(a5)
core   0: 3 0x000000008000ff28 (0x00e78023) mem 0x00000000800120b7 0x00
core   0: 0x000000008000ff2c (0xfc843703) ld      a4, -56(s0)
core   0: 3 0x000000008000ff2c (0xfc843703) x14 0x0000000080012040 mem 0x0000000080031f38
core   0: 0x000000008000ff30 (0xfb843783) ld      a5, -72(s0)
core   0: 3 0x000000008000ff30 (0xfb843783) x15 0x000000000000009c mem 0x0000000080031f28
core   0: 0x000000008000ff34 (0x000097ba) c.add   a5, a4
core   0: 3 0x000000008000ff34 (0x97ba) x15 0x00000000800120dc
core   0: 0x000000008000ff36 (0xfe043703) ld      a4, -32(s0)
core   0: 3 0x000000008000ff36 (0xfe043703) x14 0x00000000800120b8 mem 0x0000000080031f50
core   0: 0x000000008000ff3a (0xfcf76de3) bltu    a4, a5, pc - 38
core   0: 3 0x000000008000ff3a (0xfcf76de3)
core   0: 0x000000008000ff14 (0xfe043783) ld      a5, -32(s0)
core   0: 3 0x000000008000ff14 (0xfe043783) x15 0x00000000800120b8 mem 0x0000000080031f50
core   0: 0x000000008000ff18 (0x00178713) addi    a4, a5, 1
core   0: 3 0x000000008000ff18 (0x00178713) x14 0x00000000800120b9
core   0: 0x000000008000ff1c (0xfee43023) sd      a4, -32(s0)
core   0: 3 0x000000008000ff1c (0xfee43023) mem 0x0000000080031f50 0x00000000800120b9
core   0: 0x000000008000ff20 (0xfc442703) lw      a4, -60(s0)
core   0: 3 0x000000008000ff20 (0xfc442703) x14 0x0000000000000000 mem 0x0000000080031f34
core   0: 0x000000008000ff24 (0x0ff77713) andi    a4, a4, 255
core   0: 3 0x000000008000ff24 (0x0ff77713) x14 0x0000000000000000
core   0: 0x000000008000ff28 (0x00e78023) sb      a4, 0(a5)
core   0: 3 0x000000008000ff28 (0x00e78023) mem 0x00000000800120b8 0x00
core   0: 0x000000008000ff2c (0xfc843703) ld      a4, -56(s0)
core   0: 3 0x000000008000ff2c (0xfc843703) x14 0x0000000080012040 mem 0x0000000080031f38
core   0: 0x000000008000ff30 (0xfb843783) ld      a5, -72(s0)
core   0: 3 0x000000008000ff30 (0xfb843783) x15 0x000000000000009c mem 0x0000000080031f28
core   0: 0x000000008000ff34 (0x000097ba) c.add   a5, a4
core   0: 3 0x000000008000ff34 (0x97ba) x15 0x00000000800120dc
core   0: 0x000000008000ff36 (0xfe043703) ld      a4, -32(s0)
core   0: 3 0x000000008000ff36 (0xfe043703) x14 0x00000000800120b9 mem 0x0000000080031f50
core   0: 0x000000008000ff3a (0xfcf76de3) bltu    a4, a5, pc - 38
core   0: 3 0x000000008000ff3a (0xfcf76de3)
core   0: 0x000000008000ff14 (0xfe043783) ld      a5, -32(s0)
core   0: 3 0x000000008000ff14 (0xfe043783) x15 0x00000000800120b9 mem 0x0000000080031f50
core   0: 0x000000008000ff18 (0x00178713) addi    a4, a5, 1
core   0: 3 0x000000008000ff18 (0x00178713) x14 0x00000000800120ba
core   0: 0x000000008000ff1c (0xfee43023) sd      a4, -32(s0)
core   0: 3 0x000000008000ff1c (0xfee43023) mem 0x0000000080031f50 0x00000000800120ba
core   0: 0x000000008000ff20 (0xfc442703) lw      a4, -60(s0)
core   0: 3 0x000000008000ff20 (0xfc442703) x14 0x0000000000000000 mem 0x0000000080031f34
core   0: 0x000000008000ff24 (0x0ff77713) andi    a4, a4, 255
core   0: 3 0x000000008000ff24 (0x0ff77713) x14 0x0000000000000000
core   0: 0x000000008000ff28 (0x00e78023) sb      a4, 0(a5)
core   0: 3 0x000000008000ff28 (0x00e78023) mem 0x00000000800120b9 0x00
core   0: 0x000000008000ff2c (0xfc843703) ld      a4, -56(s0)
core   0: 3 0x000000008000ff2c (0xfc843703) x14 0x0000000080012040 mem 0x0000000080031f38
core   0: 0x000000008000ff30 (0xfb843783) ld      a5, -72(s0)
core   0: 3 0x000000008000ff30 (0xfb843783) x15 0x000000000000009c mem 0x0000000080031f28
core   0: 0x000000008000ff34 (0x000097ba) c.add   a5, a4
core   0: 3 0x000000008000ff34 (0x97ba) x15 0x00000000800120dc
core   0: 0x000000008000ff36 (0xfe043703) ld      a4, -32(s0)
core   0: 3 0x000000008000ff36 (0xfe043703) x14 0x00000000800120ba mem 0x0000000080031f50
core   0: 0x000000008000ff3a (0xfcf76de3) bltu    a4, a5, pc - 38
core   0: 3 0x000000008000ff3a (0xfcf76de3)
core   0: 0x000000008000ff14 (0xfe043783) ld      a5, -32(s0)
core   0: 3 0x000000008000ff14 (0xfe043783) x15 0x00000000800120ba mem 0x0000000080031f50
core   0: 0x000000008000ff18 (0x00178713) addi    a4, a5, 1
core   0: 3 0x000000008000ff18 (0x00178713) x14 0x00000000800120bb
core   0: 0x000000008000ff1c (0xfee43023) sd      a4, -32(s0)
core   0: 3 0x000000008000ff1c (0xfee43023) mem 0x0000000080031f50 0x00000000800120bb
core   0: 0x000000008000ff20 (0xfc442703) lw      a4, -60(s0)
core   0: 3 0x000000008000ff20 (0xfc442703) x14 0x0000000000000000 mem 0x0000000080031f34
core   0: 0x000000008000ff24 (0x0ff77713) andi    a4, a4, 255
core   0: 3 0x000000008000ff24 (0x0ff77713) x14 0x0000000000000000
core   0: 0x000000008000ff28 (0x00e78023) sb      a4, 0(a5)
core   0: 3 0x000000008000ff28 (0x00e78023) mem 0x00000000800120ba 0x00
core   0: 0x000000008000ff2c (0xfc843703) ld      a4, -56(s0)
core   0: 3 0x000000008000ff2c (0xfc843703) x14 0x0000000080012040 mem 0x0000000080031f38
core   0: 0x000000008000ff30 (0xfb843783) ld      a5, -72(s0)
core   0: 3 0x000000008000ff30 (0xfb843783) x15 0x000000000000009c mem 0x0000000080031f28
core   0: 0x000000008000ff34 (0x000097ba) c.add   a5, a4
core   0: 3 0x000000008000ff34 (0x97ba) x15 0x00000000800120dc
core   0: 0x000000008000ff36 (0xfe043703) ld      a4, -32(s0)
core   0: 3 0x000000008000ff36 (0xfe043703) x14 0x00000000800120bb mem 0x0000000080031f50
core   0: 0x000000008000ff3a (0xfcf76de3) bltu    a4, a5, pc - 38
core   0: 3 0x000000008000ff3a (0xfcf76de3)
core   0: 0x000000008000ff14 (0xfe043783) ld      a5, -32(s0)
core   0: 3 0x000000008000ff14 (0xfe043783) x15 0x00000000800120bb mem 0x0000000080031f50
core   0: 0x000000008000ff18 (0x00178713) addi    a4, a5, 1
core   0: 3 0x000000008000ff18 (0x00178713) x14 0x00000000800120bc
core   0: 0x000000008000ff1c (0xfee43023) sd      a4, -32(s0)
core   0: 3 0x000000008000ff1c (0xfee43023) mem 0x0000000080031f50 0x00000000800120bc
core   0: 0x000000008000ff20 (0xfc442703) lw      a4, -60(s0)
core   0: 3 0x000000008000ff20 (0xfc442703) x14 0x0000000000000000 mem 0x0000000080031f34
core   0: 0x000000008000ff24 (0x0ff77713) andi    a4, a4, 255
core   0: 3 0x000000008000ff24 (0x0ff77713) x14 0x0000000000000000
core   0: 0x000000008000ff28 (0x00e78023) sb      a4, 0(a5)
core   0: 3 0x000000008000ff28 (0x00e78023) mem 0x00000000800120bb 0x00
core   0: 0x000000008000ff2c (0xfc843703) ld      a4, -56(s0)
core   0: 3 0x000000008000ff2c (0xfc843703) x14 0x0000000080012040 mem 0x0000000080031f38
core   0: 0x000000008000ff30 (0xfb843783) ld      a5, -72(s0)
core   0: 3 0x000000008000ff30 (0xfb843783) x15 0x000000000000009c mem 0x0000000080031f28
core   0: 0x000000008000ff34 (0x000097ba) c.add   a5, a4
core   0: 3 0x000000008000ff34 (0x97ba) x15 0x00000000800120dc
core   0: 0x000000008000ff36 (0xfe043703) ld      a4, -32(s0)
core   0: 3 0x000000008000ff36 (0xfe043703) x14 0x00000000800120bc mem 0x0000000080031f50
core   0: 0x000000008000ff3a (0xfcf76de3) bltu    a4, a5, pc - 38
core   0: 3 0x000000008000ff3a (0xfcf76de3)
core   0: 0x000000008000ff14 (0xfe043783) ld      a5, -32(s0)
core   0: 3 0x000000008000ff14 (0xfe043783) x15 0x00000000800120bc mem 0x0000000080031f50
core   0: 0x000000008000ff18 (0x00178713) addi    a4, a5, 1
core   0: 3 0x000000008000ff18 (0x00178713) x14 0x00000000800120bd
core   0: 0x000000008000ff1c (0xfee43023) sd      a4, -32(s0)
core   0: 3 0x000000008000ff1c (0xfee43023) mem 0x0000000080031f50 0x00000000800120bd
core   0: 0x000000008000ff20 (0xfc442703) lw      a4, -60(s0)
core   0: 3 0x000000008000ff20 (0xfc442703) x14 0x0000000000000000 mem 0x0000000080031f34
core   0: 0x000000008000ff24 (0x0ff77713) andi    a4, a4, 255
core   0: 3 0x000000008000ff24 (0x0ff77713) x14 0x0000000000000000
core   0: 0x000000008000ff28 (0x00e78023) sb      a4, 0(a5)
core   0: 3 0x000000008000ff28 (0x00e78023) mem 0x00000000800120bc 0x00
core   0: 0x000000008000ff2c (0xfc843703) ld      a4, -56(s0)
core   0: 3 0x000000008000ff2c (0xfc843703) x14 0x0000000080012040 mem 0x0000000080031f38
core   0: 0x000000008000ff30 (0xfb843783) ld      a5, -72(s0)
core   0: 3 0x000000008000ff30 (0xfb843783) x15 0x000000000000009c mem 0x0000000080031f28
core   0: 0x000000008000ff34 (0x000097ba) c.add   a5, a4
core   0: 3 0x000000008000ff34 (0x97ba) x15 0x00000000800120dc
core   0: 0x000000008000ff36 (0xfe043703) ld      a4, -32(s0)
core   0: 3 0x000000008000ff36 (0xfe043703) x14 0x00000000800120bd mem 0x0000000080031f50
core   0: 0x000000008000ff3a (0xfcf76de3) bltu    a4, a5, pc - 38
core   0: 3 0x000000008000ff3a (0xfcf76de3)
core   0: 0x000000008000ff14 (0xfe043783) ld      a5, -32(s0)
core   0: 3 0x000000008000ff14 (0xfe043783) x15 0x00000000800120bd mem 0x0000000080031f50
core   0: 0x000000008000ff18 (0x00178713) addi    a4, a5, 1
core   0: 3 0x000000008000ff18 (0x00178713) x14 0x00000000800120be
core   0: 0x000000008000ff1c (0xfee43023) sd      a4, -32(s0)
core   0: 3 0x000000008000ff1c (0xfee43023) mem 0x0000000080031f50 0x00000000800120be
core   0: 0x000000008000ff20 (0xfc442703) lw      a4, -60(s0)
core   0: 3 0x000000008000ff20 (0xfc442703) x14 0x0000000000000000 mem 0x0000000080031f34
core   0: 0x000000008000ff24 (0x0ff77713) andi    a4, a4, 255
core   0: 3 0x000000008000ff24 (0x0ff77713) x14 0x0000000000000000
core   0: 0x000000008000ff28 (0x00e78023) sb      a4, 0(a5)
core   0: 3 0x000000008000ff28 (0x00e78023) mem 0x00000000800120bd 0x00
core   0: 0x000000008000ff2c (0xfc843703) ld      a4, -56(s0)
core   0: 3 0x000000008000ff2c (0xfc843703) x14 0x0000000080012040 mem 0x0000000080031f38
core   0: 0x000000008000ff30 (0xfb843783) ld      a5, -72(s0)
core   0: 3 0x000000008000ff30 (0xfb843783) x15 0x000000000000009c mem 0x0000000080031f28
core   0: 0x000000008000ff34 (0x000097ba) c.add   a5, a4
core   0: 3 0x000000008000ff34 (0x97ba) x15 0x00000000800120dc
core   0: 0x000000008000ff36 (0xfe043703) ld      a4, -32(s0)
core   0: 3 0x000000008000ff36 (0xfe043703) x14 0x00000000800120be mem 0x0000000080031f50
core   0: 0x000000008000ff3a (0xfcf76de3) bltu    a4, a5, pc - 38
core   0: 3 0x000000008000ff3a (0xfcf76de3)
core   0: 0x000000008000ff14 (0xfe043783) ld      a5, -32(s0)
core   0: 3 0x000000008000ff14 (0xfe043783) x15 0x00000000800120be mem 0x0000000080031f50
core   0: 0x000000008000ff18 (0x00178713) addi    a4, a5, 1
core   0: 3 0x000000008000ff18 (0x00178713) x14 0x00000000800120bf
core   0: 0x000000008000ff1c (0xfee43023) sd      a4, -32(s0)
core   0: 3 0x000000008000ff1c (0xfee43023) mem 0x0000000080031f50 0x00000000800120bf
core   0: 0x000000008000ff20 (0xfc442703) lw      a4, -60(s0)
core   0: 3 0x000000008000ff20 (0xfc442703) x14 0x0000000000000000 mem 0x0000000080031f34
core   0: 0x000000008000ff24 (0x0ff77713) andi    a4, a4, 255
core   0: 3 0x000000008000ff24 (0x0ff77713) x14 0x0000000000000000
core   0: 0x000000008000ff28 (0x00e78023) sb      a4, 0(a5)
core   0: 3 0x000000008000ff28 (0x00e78023) mem 0x00000000800120be 0x00
core   0: 0x000000008000ff2c (0xfc843703) ld      a4, -56(s0)
core   0: 3 0x000000008000ff2c (0xfc843703) x14 0x0000000080012040 mem 0x0000000080031f38
core   0: 0x000000008000ff30 (0xfb843783) ld      a5, -72(s0)
core   0: 3 0x000000008000ff30 (0xfb843783) x15 0x000000000000009c mem 0x0000000080031f28
core   0: 0x000000008000ff34 (0x000097ba) c.add   a5, a4
core   0: 3 0x000000008000ff34 (0x97ba) x15 0x00000000800120dc
core   0: 0x000000008000ff36 (0xfe043703) ld      a4, -32(s0)
core   0: 3 0x000000008000ff36 (0xfe043703) x14 0x00000000800120bf mem 0x0000000080031f50
core   0: 0x000000008000ff3a (0xfcf76de3) bltu    a4, a5, pc - 38
core   0: 3 0x000000008000ff3a (0xfcf76de3)
core   0: 0x000000008000ff14 (0xfe043783) ld      a5, -32(s0)
core   0: 3 0x000000008000ff14 (0xfe043783) x15 0x00000000800120bf mem 0x0000000080031f50
core   0: 0x000000008000ff18 (0x00178713) addi    a4, a5, 1
core   0: 3 0x000000008000ff18 (0x00178713) x14 0x00000000800120c0
core   0: 0x000000008000ff1c (0xfee43023) sd      a4, -32(s0)
core   0: 3 0x000000008000ff1c (0xfee43023) mem 0x0000000080031f50 0x00000000800120c0
core   0: 0x000000008000ff20 (0xfc442703) lw      a4, -60(s0)
core   0: 3 0x000000008000ff20 (0xfc442703) x14 0x0000000000000000 mem 0x0000000080031f34
core   0: 0x000000008000ff24 (0x0ff77713) andi    a4, a4, 255
core   0: 3 0x000000008000ff24 (0x0ff77713) x14 0x0000000000000000
core   0: 0x000000008000ff28 (0x00e78023) sb      a4, 0(a5)
core   0: 3 0x000000008000ff28 (0x00e78023) mem 0x00000000800120bf 0x00
core   0: 0x000000008000ff2c (0xfc843703) ld      a4, -56(s0)
core   0: 3 0x000000008000ff2c (0xfc843703) x14 0x0000000080012040 mem 0x0000000080031f38
core   0: 0x000000008000ff30 (0xfb843783) ld      a5, -72(s0)
core   0: 3 0x000000008000ff30 (0xfb843783) x15 0x000000000000009c mem 0x0000000080031f28
core   0: 0x000000008000ff34 (0x000097ba) c.add   a5, a4
core   0: 3 0x000000008000ff34 (0x97ba) x15 0x00000000800120dc
core   0: 0x000000008000ff36 (0xfe043703) ld      a4, -32(s0)
core   0: 3 0x000000008000ff36 (0xfe043703) x14 0x00000000800120c0 mem 0x0000000080031f50
core   0: 0x000000008000ff3a (0xfcf76de3) bltu    a4, a5, pc - 38
core   0: 3 0x000000008000ff3a (0xfcf76de3)
core   0: 0x000000008000ff14 (0xfe043783) ld      a5, -32(s0)
core   0: 3 0x000000008000ff14 (0xfe043783) x15 0x00000000800120c0 mem 0x0000000080031f50
core   0: 0x000000008000ff18 (0x00178713) addi    a4, a5, 1
core   0: 3 0x000000008000ff18 (0x00178713) x14 0x00000000800120c1
core   0: 0x000000008000ff1c (0xfee43023) sd      a4, -32(s0)
core   0: 3 0x000000008000ff1c (0xfee43023) mem 0x0000000080031f50 0x00000000800120c1
core   0: 0x000000008000ff20 (0xfc442703) lw      a4, -60(s0)
core   0: 3 0x000000008000ff20 (0xfc442703) x14 0x0000000000000000 mem 0x0000000080031f34
core   0: 0x000000008000ff24 (0x0ff77713) andi    a4, a4, 255
core   0: 3 0x000000008000ff24 (0x0ff77713) x14 0x0000000000000000
core   0: 0x000000008000ff28 (0x00e78023) sb      a4, 0(a5)
core   0: 3 0x000000008000ff28 (0x00e78023) mem 0x00000000800120c0 0x00
core   0: 0x000000008000ff2c (0xfc843703) ld      a4, -56(s0)
core   0: 3 0x000000008000ff2c (0xfc843703) x14 0x0000000080012040 mem 0x0000000080031f38
core   0: 0x000000008000ff30 (0xfb843783) ld      a5, -72(s0)
core   0: 3 0x000000008000ff30 (0xfb843783) x15 0x000000000000009c mem 0x0000000080031f28
core   0: 0x000000008000ff34 (0x000097ba) c.add   a5, a4
core   0: 3 0x000000008000ff34 (0x97ba) x15 0x00000000800120dc
core   0: 0x000000008000ff36 (0xfe043703) ld      a4, -32(s0)
core   0: 3 0x000000008000ff36 (0xfe043703) x14 0x00000000800120c1 mem 0x0000000080031f50
core   0: 0x000000008000ff3a (0xfcf76de3) bltu    a4, a5, pc - 38
core   0: 3 0x000000008000ff3a (0xfcf76de3)
core   0: 0x000000008000ff14 (0xfe043783) ld      a5, -32(s0)
core   0: 3 0x000000008000ff14 (0xfe043783) x15 0x00000000800120c1 mem 0x0000000080031f50
core   0: 0x000000008000ff18 (0x00178713) addi    a4, a5, 1
core   0: 3 0x000000008000ff18 (0x00178713) x14 0x00000000800120c2
core   0: 0x000000008000ff1c (0xfee43023) sd      a4, -32(s0)
core   0: 3 0x000000008000ff1c (0xfee43023) mem 0x0000000080031f50 0x00000000800120c2
core   0: 0x000000008000ff20 (0xfc442703) lw      a4, -60(s0)
core   0: 3 0x000000008000ff20 (0xfc442703) x14 0x0000000000000000 mem 0x0000000080031f34
core   0: 0x000000008000ff24 (0x0ff77713) andi    a4, a4, 255
core   0: 3 0x000000008000ff24 (0x0ff77713) x14 0x0000000000000000
core   0: 0x000000008000ff28 (0x00e78023) sb      a4, 0(a5)
core   0: 3 0x000000008000ff28 (0x00e78023) mem 0x00000000800120c1 0x00
core   0: 0x000000008000ff2c (0xfc843703) ld      a4, -56(s0)
core   0: 3 0x000000008000ff2c (0xfc843703) x14 0x0000000080012040 mem 0x0000000080031f38
core   0: 0x000000008000ff30 (0xfb843783) ld      a5, -72(s0)
core   0: 3 0x000000008000ff30 (0xfb843783) x15 0x000000000000009c mem 0x0000000080031f28
core   0: 0x000000008000ff34 (0x000097ba) c.add   a5, a4
core   0: 3 0x000000008000ff34 (0x97ba) x15 0x00000000800120dc
core   0: 0x000000008000ff36 (0xfe043703) ld      a4, -32(s0)
core   0: 3 0x000000008000ff36 (0xfe043703) x14 0x00000000800120c2 mem 0x0000000080031f50
core   0: 0x000000008000ff3a (0xfcf76de3) bltu    a4, a5, pc - 38
core   0: 3 0x000000008000ff3a (0xfcf76de3)
core   0: 0x000000008000ff14 (0xfe043783) ld      a5, -32(s0)
core   0: 3 0x000000008000ff14 (0xfe043783) x15 0x00000000800120c2 mem 0x0000000080031f50
core   0: 0x000000008000ff18 (0x00178713) addi    a4, a5, 1
core   0: 3 0x000000008000ff18 (0x00178713) x14 0x00000000800120c3
core   0: 0x000000008000ff1c (0xfee43023) sd      a4, -32(s0)
core   0: 3 0x000000008000ff1c (0xfee43023) mem 0x0000000080031f50 0x00000000800120c3
core   0: 0x000000008000ff20 (0xfc442703) lw      a4, -60(s0)
core   0: 3 0x000000008000ff20 (0xfc442703) x14 0x0000000000000000 mem 0x0000000080031f34
core   0: 0x000000008000ff24 (0x0ff77713) andi    a4, a4, 255
core   0: 3 0x000000008000ff24 (0x0ff77713) x14 0x0000000000000000
core   0: 0x000000008000ff28 (0x00e78023) sb      a4, 0(a5)
core   0: 3 0x000000008000ff28 (0x00e78023) mem 0x00000000800120c2 0x00
core   0: 0x000000008000ff2c (0xfc843703) ld      a4, -56(s0)
core   0: 3 0x000000008000ff2c (0xfc843703) x14 0x0000000080012040 mem 0x0000000080031f38
core   0: 0x000000008000ff30 (0xfb843783) ld      a5, -72(s0)
core   0: 3 0x000000008000ff30 (0xfb843783) x15 0x000000000000009c mem 0x0000000080031f28
core   0: 0x000000008000ff34 (0x000097ba) c.add   a5, a4
core   0: 3 0x000000008000ff34 (0x97ba) x15 0x00000000800120dc
core   0: 0x000000008000ff36 (0xfe043703) ld      a4, -32(s0)
core   0: 3 0x000000008000ff36 (0xfe043703) x14 0x00000000800120c3 mem 0x0000000080031f50
core   0: 0x000000008000ff3a (0xfcf76de3) bltu    a4, a5, pc - 38
core   0: 3 0x000000008000ff3a (0xfcf76de3)
core   0: 0x000000008000ff14 (0xfe043783) ld      a5, -32(s0)
core   0: 3 0x000000008000ff14 (0xfe043783) x15 0x00000000800120c3 mem 0x0000000080031f50
core   0: 0x000000008000ff18 (0x00178713) addi    a4, a5, 1
core   0: 3 0x000000008000ff18 (0x00178713) x14 0x00000000800120c4
core   0: 0x000000008000ff1c (0xfee43023) sd      a4, -32(s0)
core   0: 3 0x000000008000ff1c (0xfee43023) mem 0x0000000080031f50 0x00000000800120c4
core   0: 0x000000008000ff20 (0xfc442703) lw      a4, -60(s0)
core   0: 3 0x000000008000ff20 (0xfc442703) x14 0x0000000000000000 mem 0x0000000080031f34
core   0: 0x000000008000ff24 (0x0ff77713) andi    a4, a4, 255
core   0: 3 0x000000008000ff24 (0x0ff77713) x14 0x0000000000000000
core   0: 0x000000008000ff28 (0x00e78023) sb      a4, 0(a5)
core   0: 3 0x000000008000ff28 (0x00e78023) mem 0x00000000800120c3 0x00
core   0: 0x000000008000ff2c (0xfc843703) ld      a4, -56(s0)
core   0: 3 0x000000008000ff2c (0xfc843703) x14 0x0000000080012040 mem 0x0000000080031f38
core   0: 0x000000008000ff30 (0xfb843783) ld      a5, -72(s0)
core   0: 3 0x000000008000ff30 (0xfb843783) x15 0x000000000000009c mem 0x0000000080031f28
core   0: 0x000000008000ff34 (0x000097ba) c.add   a5, a4
core   0: 3 0x000000008000ff34 (0x97ba) x15 0x00000000800120dc
core   0: 0x000000008000ff36 (0xfe043703) ld      a4, -32(s0)
core   0: 3 0x000000008000ff36 (0xfe043703) x14 0x00000000800120c4 mem 0x0000000080031f50
core   0: 0x000000008000ff3a (0xfcf76de3) bltu    a4, a5, pc - 38
core   0: 3 0x000000008000ff3a (0xfcf76de3)
core   0: 0x000000008000ff14 (0xfe043783) ld      a5, -32(s0)
core   0: 3 0x000000008000ff14 (0xfe043783) x15 0x00000000800120c4 mem 0x0000000080031f50
core   0: 0x000000008000ff18 (0x00178713) addi    a4, a5, 1
core   0: 3 0x000000008000ff18 (0x00178713) x14 0x00000000800120c5
core   0: 0x000000008000ff1c (0xfee43023) sd      a4, -32(s0)
core   0: 3 0x000000008000ff1c (0xfee43023) mem 0x0000000080031f50 0x00000000800120c5
core   0: 0x000000008000ff20 (0xfc442703) lw      a4, -60(s0)
core   0: 3 0x000000008000ff20 (0xfc442703) x14 0x0000000000000000 mem 0x0000000080031f34
core   0: 0x000000008000ff24 (0x0ff77713) andi    a4, a4, 255
core   0: 3 0x000000008000ff24 (0x0ff77713) x14 0x0000000000000000
core   0: 0x000000008000ff28 (0x00e78023) sb      a4, 0(a5)
core   0: 3 0x000000008000ff28 (0x00e78023) mem 0x00000000800120c4 0x00
core   0: 0x000000008000ff2c (0xfc843703) ld      a4, -56(s0)
core   0: 3 0x000000008000ff2c (0xfc843703) x14 0x0000000080012040 mem 0x0000000080031f38
core   0: 0x000000008000ff30 (0xfb843783) ld      a5, -72(s0)
core   0: 3 0x000000008000ff30 (0xfb843783) x15 0x000000000000009c mem 0x0000000080031f28
core   0: 0x000000008000ff34 (0x000097ba) c.add   a5, a4
core   0: 3 0x000000008000ff34 (0x97ba) x15 0x00000000800120dc
core   0: 0x000000008000ff36 (0xfe043703) ld      a4, -32(s0)
core   0: 3 0x000000008000ff36 (0xfe043703) x14 0x00000000800120c5 mem 0x0000000080031f50
core   0: 0x000000008000ff3a (0xfcf76de3) bltu    a4, a5, pc - 38
core   0: 3 0x000000008000ff3a (0xfcf76de3)
core   0: 0x000000008000ff14 (0xfe043783) ld      a5, -32(s0)
core   0: 3 0x000000008000ff14 (0xfe043783) x15 0x00000000800120c5 mem 0x0000000080031f50
core   0: 0x000000008000ff18 (0x00178713) addi    a4, a5, 1
core   0: 3 0x000000008000ff18 (0x00178713) x14 0x00000000800120c6
core   0: 0x000000008000ff1c (0xfee43023) sd      a4, -32(s0)
core   0: 3 0x000000008000ff1c (0xfee43023) mem 0x0000000080031f50 0x00000000800120c6
core   0: 0x000000008000ff20 (0xfc442703) lw      a4, -60(s0)
core   0: 3 0x000000008000ff20 (0xfc442703) x14 0x0000000000000000 mem 0x0000000080031f34
core   0: 0x000000008000ff24 (0x0ff77713) andi    a4, a4, 255
core   0: 3 0x000000008000ff24 (0x0ff77713) x14 0x0000000000000000
core   0: 0x000000008000ff28 (0x00e78023) sb      a4, 0(a5)
core   0: 3 0x000000008000ff28 (0x00e78023) mem 0x00000000800120c5 0x00
core   0: 0x000000008000ff2c (0xfc843703) ld      a4, -56(s0)
core   0: 3 0x000000008000ff2c (0xfc843703) x14 0x0000000080012040 mem 0x0000000080031f38
core   0: 0x000000008000ff30 (0xfb843783) ld      a5, -72(s0)
core   0: 3 0x000000008000ff30 (0xfb843783) x15 0x000000000000009c mem 0x0000000080031f28
core   0: 0x000000008000ff34 (0x000097ba) c.add   a5, a4
core   0: 3 0x000000008000ff34 (0x97ba) x15 0x00000000800120dc
core   0: 0x000000008000ff36 (0xfe043703) ld      a4, -32(s0)
core   0: 3 0x000000008000ff36 (0xfe043703) x14 0x00000000800120c6 mem 0x0000000080031f50
core   0: 0x000000008000ff3a (0xfcf76de3) bltu    a4, a5, pc - 38
core   0: 3 0x000000008000ff3a (0xfcf76de3)
core   0: 0x000000008000ff14 (0xfe043783) ld      a5, -32(s0)
core   0: 3 0x000000008000ff14 (0xfe043783) x15 0x00000000800120c6 mem 0x0000000080031f50
core   0: 0x000000008000ff18 (0x00178713) addi    a4, a5, 1
core   0: 3 0x000000008000ff18 (0x00178713) x14 0x00000000800120c7
core   0: 0x000000008000ff1c (0xfee43023) sd      a4, -32(s0)
core   0: 3 0x000000008000ff1c (0xfee43023) mem 0x0000000080031f50 0x00000000800120c7
core   0: 0x000000008000ff20 (0xfc442703) lw      a4, -60(s0)
core   0: 3 0x000000008000ff20 (0xfc442703) x14 0x0000000000000000 mem 0x0000000080031f34
core   0: 0x000000008000ff24 (0x0ff77713) andi    a4, a4, 255
core   0: 3 0x000000008000ff24 (0x0ff77713) x14 0x0000000000000000
core   0: 0x000000008000ff28 (0x00e78023) sb      a4, 0(a5)
core   0: 3 0x000000008000ff28 (0x00e78023) mem 0x00000000800120c6 0x00
core   0: 0x000000008000ff2c (0xfc843703) ld      a4, -56(s0)
core   0: 3 0x000000008000ff2c (0xfc843703) x14 0x0000000080012040 mem 0x0000000080031f38
core   0: 0x000000008000ff30 (0xfb843783) ld      a5, -72(s0)
core   0: 3 0x000000008000ff30 (0xfb843783) x15 0x000000000000009c mem 0x0000000080031f28
core   0: 0x000000008000ff34 (0x000097ba) c.add   a5, a4
core   0: 3 0x000000008000ff34 (0x97ba) x15 0x00000000800120dc
core   0: 0x000000008000ff36 (0xfe043703) ld      a4, -32(s0)
core   0: 3 0x000000008000ff36 (0xfe043703) x14 0x00000000800120c7 mem 0x0000000080031f50
core   0: 0x000000008000ff3a (0xfcf76de3) bltu    a4, a5, pc - 38
core   0: 3 0x000000008000ff3a (0xfcf76de3)
core   0: 0x000000008000ff14 (0xfe043783) ld      a5, -32(s0)
core   0: 3 0x000000008000ff14 (0xfe043783) x15 0x00000000800120c7 mem 0x0000000080031f50
core   0: 0x000000008000ff18 (0x00178713) addi    a4, a5, 1
core   0: 3 0x000000008000ff18 (0x00178713) x14 0x00000000800120c8
core   0: 0x000000008000ff1c (0xfee43023) sd      a4, -32(s0)
core   0: 3 0x000000008000ff1c (0xfee43023) mem 0x0000000080031f50 0x00000000800120c8
core   0: 0x000000008000ff20 (0xfc442703) lw      a4, -60(s0)
core   0: 3 0x000000008000ff20 (0xfc442703) x14 0x0000000000000000 mem 0x0000000080031f34
core   0: 0x000000008000ff24 (0x0ff77713) andi    a4, a4, 255
core   0: 3 0x000000008000ff24 (0x0ff77713) x14 0x0000000000000000
core   0: 0x000000008000ff28 (0x00e78023) sb      a4, 0(a5)
core   0: 3 0x000000008000ff28 (0x00e78023) mem 0x00000000800120c7 0x00
core   0: 0x000000008000ff2c (0xfc843703) ld      a4, -56(s0)
core   0: 3 0x000000008000ff2c (0xfc843703) x14 0x0000000080012040 mem 0x0000000080031f38
core   0: 0x000000008000ff30 (0xfb843783) ld      a5, -72(s0)
core   0: 3 0x000000008000ff30 (0xfb843783) x15 0x000000000000009c mem 0x0000000080031f28
core   0: 0x000000008000ff34 (0x000097ba) c.add   a5, a4
core   0: 3 0x000000008000ff34 (0x97ba) x15 0x00000000800120dc
core   0: 0x000000008000ff36 (0xfe043703) ld      a4, -32(s0)
core   0: 3 0x000000008000ff36 (0xfe043703) x14 0x00000000800120c8 mem 0x0000000080031f50
core   0: 0x000000008000ff3a (0xfcf76de3) bltu    a4, a5, pc - 38
core   0: 3 0x000000008000ff3a (0xfcf76de3)
core   0: 0x000000008000ff14 (0xfe043783) ld      a5, -32(s0)
core   0: 3 0x000000008000ff14 (0xfe043783) x15 0x00000000800120c8 mem 0x0000000080031f50
core   0: 0x000000008000ff18 (0x00178713) addi    a4, a5, 1
core   0: 3 0x000000008000ff18 (0x00178713) x14 0x00000000800120c9
core   0: 0x000000008000ff1c (0xfee43023) sd      a4, -32(s0)
core   0: 3 0x000000008000ff1c (0xfee43023) mem 0x0000000080031f50 0x00000000800120c9
core   0: 0x000000008000ff20 (0xfc442703) lw      a4, -60(s0)
core   0: 3 0x000000008000ff20 (0xfc442703) x14 0x0000000000000000 mem 0x0000000080031f34
core   0: 0x000000008000ff24 (0x0ff77713) andi    a4, a4, 255
core   0: 3 0x000000008000ff24 (0x0ff77713) x14 0x0000000000000000
core   0: 0x000000008000ff28 (0x00e78023) sb      a4, 0(a5)
core   0: 3 0x000000008000ff28 (0x00e78023) mem 0x00000000800120c8 0x00
core   0: 0x000000008000ff2c (0xfc843703) ld      a4, -56(s0)
core   0: 3 0x000000008000ff2c (0xfc843703) x14 0x0000000080012040 mem 0x0000000080031f38
core   0: 0x000000008000ff30 (0xfb843783) ld      a5, -72(s0)
core   0: 3 0x000000008000ff30 (0xfb843783) x15 0x000000000000009c mem 0x0000000080031f28
core   0: 0x000000008000ff34 (0x000097ba) c.add   a5, a4
core   0: 3 0x000000008000ff34 (0x97ba) x15 0x00000000800120dc
core   0: 0x000000008000ff36 (0xfe043703) ld      a4, -32(s0)
core   0: 3 0x000000008000ff36 (0xfe043703) x14 0x00000000800120c9 mem 0x0000000080031f50
core   0: 0x000000008000ff3a (0xfcf76de3) bltu    a4, a5, pc - 38
core   0: 3 0x000000008000ff3a (0xfcf76de3)
core   0: 0x000000008000ff14 (0xfe043783) ld      a5, -32(s0)
core   0: 3 0x000000008000ff14 (0xfe043783) x15 0x00000000800120c9 mem 0x0000000080031f50
core   0: 0x000000008000ff18 (0x00178713) addi    a4, a5, 1
core   0: 3 0x000000008000ff18 (0x00178713) x14 0x00000000800120ca
core   0: 0x000000008000ff1c (0xfee43023) sd      a4, -32(s0)
core   0: 3 0x000000008000ff1c (0xfee43023) mem 0x0000000080031f50 0x00000000800120ca
core   0: 0x000000008000ff20 (0xfc442703) lw      a4, -60(s0)
core   0: 3 0x000000008000ff20 (0xfc442703) x14 0x0000000000000000 mem 0x0000000080031f34
core   0: 0x000000008000ff24 (0x0ff77713) andi    a4, a4, 255
core   0: 3 0x000000008000ff24 (0x0ff77713) x14 0x0000000000000000
core   0: 0x000000008000ff28 (0x00e78023) sb      a4, 0(a5)
core   0: 3 0x000000008000ff28 (0x00e78023) mem 0x00000000800120c9 0x00
core   0: 0x000000008000ff2c (0xfc843703) ld      a4, -56(s0)
core   0: 3 0x000000008000ff2c (0xfc843703) x14 0x0000000080012040 mem 0x0000000080031f38
core   0: 0x000000008000ff30 (0xfb843783) ld      a5, -72(s0)
core   0: 3 0x000000008000ff30 (0xfb843783) x15 0x000000000000009c mem 0x0000000080031f28
core   0: 0x000000008000ff34 (0x000097ba) c.add   a5, a4
core   0: 3 0x000000008000ff34 (0x97ba) x15 0x00000000800120dc
core   0: 0x000000008000ff36 (0xfe043703) ld      a4, -32(s0)
core   0: 3 0x000000008000ff36 (0xfe043703) x14 0x00000000800120ca mem 0x0000000080031f50
core   0: 0x000000008000ff3a (0xfcf76de3) bltu    a4, a5, pc - 38
core   0: 3 0x000000008000ff3a (0xfcf76de3)
core   0: 0x000000008000ff14 (0xfe043783) ld      a5, -32(s0)
core   0: 3 0x000000008000ff14 (0xfe043783) x15 0x00000000800120ca mem 0x0000000080031f50
core   0: 0x000000008000ff18 (0x00178713) addi    a4, a5, 1
core   0: 3 0x000000008000ff18 (0x00178713) x14 0x00000000800120cb
core   0: 0x000000008000ff1c (0xfee43023) sd      a4, -32(s0)
core   0: 3 0x000000008000ff1c (0xfee43023) mem 0x0000000080031f50 0x00000000800120cb
core   0: 0x000000008000ff20 (0xfc442703) lw      a4, -60(s0)
core   0: 3 0x000000008000ff20 (0xfc442703) x14 0x0000000000000000 mem 0x0000000080031f34
core   0: 0x000000008000ff24 (0x0ff77713) andi    a4, a4, 255
core   0: 3 0x000000008000ff24 (0x0ff77713) x14 0x0000000000000000
core   0: 0x000000008000ff28 (0x00e78023) sb      a4, 0(a5)
core   0: 3 0x000000008000ff28 (0x00e78023) mem 0x00000000800120ca 0x00
core   0: 0x000000008000ff2c (0xfc843703) ld      a4, -56(s0)
core   0: 3 0x000000008000ff2c (0xfc843703) x14 0x0000000080012040 mem 0x0000000080031f38
core   0: 0x000000008000ff30 (0xfb843783) ld      a5, -72(s0)
core   0: 3 0x000000008000ff30 (0xfb843783) x15 0x000000000000009c mem 0x0000000080031f28
core   0: 0x000000008000ff34 (0x000097ba) c.add   a5, a4
core   0: 3 0x000000008000ff34 (0x97ba) x15 0x00000000800120dc
core   0: 0x000000008000ff36 (0xfe043703) ld      a4, -32(s0)
core   0: 3 0x000000008000ff36 (0xfe043703) x14 0x00000000800120cb mem 0x0000000080031f50
core   0: 0x000000008000ff3a (0xfcf76de3) bltu    a4, a5, pc - 38
core   0: 3 0x000000008000ff3a (0xfcf76de3)
core   0: 0x000000008000ff14 (0xfe043783) ld      a5, -32(s0)
core   0: 3 0x000000008000ff14 (0xfe043783) x15 0x00000000800120cb mem 0x0000000080031f50
core   0: 0x000000008000ff18 (0x00178713) addi    a4, a5, 1
core   0: 3 0x000000008000ff18 (0x00178713) x14 0x00000000800120cc
core   0: 0x000000008000ff1c (0xfee43023) sd      a4, -32(s0)
core   0: 3 0x000000008000ff1c (0xfee43023) mem 0x0000000080031f50 0x00000000800120cc
core   0: 0x000000008000ff20 (0xfc442703) lw      a4, -60(s0)
core   0: 3 0x000000008000ff20 (0xfc442703) x14 0x0000000000000000 mem 0x0000000080031f34
core   0: 0x000000008000ff24 (0x0ff77713) andi    a4, a4, 255
core   0: 3 0x000000008000ff24 (0x0ff77713) x14 0x0000000000000000
core   0: 0x000000008000ff28 (0x00e78023) sb      a4, 0(a5)
core   0: 3 0x000000008000ff28 (0x00e78023) mem 0x00000000800120cb 0x00
core   0: 0x000000008000ff2c (0xfc843703) ld      a4, -56(s0)
core   0: 3 0x000000008000ff2c (0xfc843703) x14 0x0000000080012040 mem 0x0000000080031f38
core   0: 0x000000008000ff30 (0xfb843783) ld      a5, -72(s0)
core   0: 3 0x000000008000ff30 (0xfb843783) x15 0x000000000000009c mem 0x0000000080031f28
core   0: 0x000000008000ff34 (0x000097ba) c.add   a5, a4
core   0: 3 0x000000008000ff34 (0x97ba) x15 0x00000000800120dc
core   0: 0x000000008000ff36 (0xfe043703) ld      a4, -32(s0)
core   0: 3 0x000000008000ff36 (0xfe043703) x14 0x00000000800120cc mem 0x0000000080031f50
core   0: 0x000000008000ff3a (0xfcf76de3) bltu    a4, a5, pc - 38
core   0: 3 0x000000008000ff3a (0xfcf76de3)
core   0: 0x000000008000ff14 (0xfe043783) ld      a5, -32(s0)
core   0: 3 0x000000008000ff14 (0xfe043783) x15 0x00000000800120cc mem 0x0000000080031f50
core   0: 0x000000008000ff18 (0x00178713) addi    a4, a5, 1
core   0: 3 0x000000008000ff18 (0x00178713) x14 0x00000000800120cd
core   0: 0x000000008000ff1c (0xfee43023) sd      a4, -32(s0)
core   0: 3 0x000000008000ff1c (0xfee43023) mem 0x0000000080031f50 0x00000000800120cd
core   0: 0x000000008000ff20 (0xfc442703) lw      a4, -60(s0)
core   0: 3 0x000000008000ff20 (0xfc442703) x14 0x0000000000000000 mem 0x0000000080031f34
core   0: 0x000000008000ff24 (0x0ff77713) andi    a4, a4, 255
core   0: 3 0x000000008000ff24 (0x0ff77713) x14 0x0000000000000000
core   0: 0x000000008000ff28 (0x00e78023) sb      a4, 0(a5)
core   0: 3 0x000000008000ff28 (0x00e78023) mem 0x00000000800120cc 0x00
core   0: 0x000000008000ff2c (0xfc843703) ld      a4, -56(s0)
core   0: 3 0x000000008000ff2c (0xfc843703) x14 0x0000000080012040 mem 0x0000000080031f38
core   0: 0x000000008000ff30 (0xfb843783) ld      a5, -72(s0)
core   0: 3 0x000000008000ff30 (0xfb843783) x15 0x000000000000009c mem 0x0000000080031f28
core   0: 0x000000008000ff34 (0x000097ba) c.add   a5, a4
core   0: 3 0x000000008000ff34 (0x97ba) x15 0x00000000800120dc
core   0: 0x000000008000ff36 (0xfe043703) ld      a4, -32(s0)
core   0: 3 0x000000008000ff36 (0xfe043703) x14 0x00000000800120cd mem 0x0000000080031f50
core   0: 0x000000008000ff3a (0xfcf76de3) bltu    a4, a5, pc - 38
core   0: 3 0x000000008000ff3a (0xfcf76de3)
core   0: 0x000000008000ff14 (0xfe043783) ld      a5, -32(s0)
core   0: 3 0x000000008000ff14 (0xfe043783) x15 0x00000000800120cd mem 0x0000000080031f50
core   0: 0x000000008000ff18 (0x00178713) addi    a4, a5, 1
core   0: 3 0x000000008000ff18 (0x00178713) x14 0x00000000800120ce
core   0: 0x000000008000ff1c (0xfee43023) sd      a4, -32(s0)
core   0: 3 0x000000008000ff1c (0xfee43023) mem 0x0000000080031f50 0x00000000800120ce
core   0: 0x000000008000ff20 (0xfc442703) lw      a4, -60(s0)
core   0: 3 0x000000008000ff20 (0xfc442703) x14 0x0000000000000000 mem 0x0000000080031f34
core   0: 0x000000008000ff24 (0x0ff77713) andi    a4, a4, 255
core   0: 3 0x000000008000ff24 (0x0ff77713) x14 0x0000000000000000
core   0: 0x000000008000ff28 (0x00e78023) sb      a4, 0(a5)
core   0: 3 0x000000008000ff28 (0x00e78023) mem 0x00000000800120cd 0x00
core   0: 0x000000008000ff2c (0xfc843703) ld      a4, -56(s0)
core   0: 3 0x000000008000ff2c (0xfc843703) x14 0x0000000080012040 mem 0x0000000080031f38
core   0: 0x000000008000ff30 (0xfb843783) ld      a5, -72(s0)
core   0: 3 0x000000008000ff30 (0xfb843783) x15 0x000000000000009c mem 0x0000000080031f28
core   0: 0x000000008000ff34 (0x000097ba) c.add   a5, a4
core   0: 3 0x000000008000ff34 (0x97ba) x15 0x00000000800120dc
core   0: 0x000000008000ff36 (0xfe043703) ld      a4, -32(s0)
core   0: 3 0x000000008000ff36 (0xfe043703) x14 0x00000000800120ce mem 0x0000000080031f50
core   0: 0x000000008000ff3a (0xfcf76de3) bltu    a4, a5, pc - 38
core   0: 3 0x000000008000ff3a (0xfcf76de3)
core   0: 0x000000008000ff14 (0xfe043783) ld      a5, -32(s0)
core   0: 3 0x000000008000ff14 (0xfe043783) x15 0x00000000800120ce mem 0x0000000080031f50
core   0: 0x000000008000ff18 (0x00178713) addi    a4, a5, 1
core   0: 3 0x000000008000ff18 (0x00178713) x14 0x00000000800120cf
core   0: 0x000000008000ff1c (0xfee43023) sd      a4, -32(s0)
core   0: 3 0x000000008000ff1c (0xfee43023) mem 0x0000000080031f50 0x00000000800120cf
core   0: 0x000000008000ff20 (0xfc442703) lw      a4, -60(s0)
core   0: 3 0x000000008000ff20 (0xfc442703) x14 0x0000000000000000 mem 0x0000000080031f34
core   0: 0x000000008000ff24 (0x0ff77713) andi    a4, a4, 255
core   0: 3 0x000000008000ff24 (0x0ff77713) x14 0x0000000000000000
core   0: 0x000000008000ff28 (0x00e78023) sb      a4, 0(a5)
core   0: 3 0x000000008000ff28 (0x00e78023) mem 0x00000000800120ce 0x00
core   0: 0x000000008000ff2c (0xfc843703) ld      a4, -56(s0)
core   0: 3 0x000000008000ff2c (0xfc843703) x14 0x0000000080012040 mem 0x0000000080031f38
core   0: 0x000000008000ff30 (0xfb843783) ld      a5, -72(s0)
core   0: 3 0x000000008000ff30 (0xfb843783) x15 0x000000000000009c mem 0x0000000080031f28
core   0: 0x000000008000ff34 (0x000097ba) c.add   a5, a4
core   0: 3 0x000000008000ff34 (0x97ba) x15 0x00000000800120dc
core   0: 0x000000008000ff36 (0xfe043703) ld      a4, -32(s0)
core   0: 3 0x000000008000ff36 (0xfe043703) x14 0x00000000800120cf mem 0x0000000080031f50
core   0: 0x000000008000ff3a (0xfcf76de3) bltu    a4, a5, pc - 38
core   0: 3 0x000000008000ff3a (0xfcf76de3)
core   0: 0x000000008000ff14 (0xfe043783) ld      a5, -32(s0)
core   0: 3 0x000000008000ff14 (0xfe043783) x15 0x00000000800120cf mem 0x0000000080031f50
core   0: 0x000000008000ff18 (0x00178713) addi    a4, a5, 1
core   0: 3 0x000000008000ff18 (0x00178713) x14 0x00000000800120d0
core   0: 0x000000008000ff1c (0xfee43023) sd      a4, -32(s0)
core   0: 3 0x000000008000ff1c (0xfee43023) mem 0x0000000080031f50 0x00000000800120d0
core   0: 0x000000008000ff20 (0xfc442703) lw      a4, -60(s0)
core   0: 3 0x000000008000ff20 (0xfc442703) x14 0x0000000000000000 mem 0x0000000080031f34
core   0: 0x000000008000ff24 (0x0ff77713) andi    a4, a4, 255
core   0: 3 0x000000008000ff24 (0x0ff77713) x14 0x0000000000000000
core   0: 0x000000008000ff28 (0x00e78023) sb      a4, 0(a5)
core   0: 3 0x000000008000ff28 (0x00e78023) mem 0x00000000800120cf 0x00
core   0: 0x000000008000ff2c (0xfc843703) ld      a4, -56(s0)
core   0: 3 0x000000008000ff2c (0xfc843703) x14 0x0000000080012040 mem 0x0000000080031f38
core   0: 0x000000008000ff30 (0xfb843783) ld      a5, -72(s0)
core   0: 3 0x000000008000ff30 (0xfb843783) x15 0x000000000000009c mem 0x0000000080031f28
core   0: 0x000000008000ff34 (0x000097ba) c.add   a5, a4
core   0: 3 0x000000008000ff34 (0x97ba) x15 0x00000000800120dc
core   0: 0x000000008000ff36 (0xfe043703) ld      a4, -32(s0)
core   0: 3 0x000000008000ff36 (0xfe043703) x14 0x00000000800120d0 mem 0x0000000080031f50
core   0: 0x000000008000ff3a (0xfcf76de3) bltu    a4, a5, pc - 38
core   0: 3 0x000000008000ff3a (0xfcf76de3)
core   0: 0x000000008000ff14 (0xfe043783) ld      a5, -32(s0)
core   0: 3 0x000000008000ff14 (0xfe043783) x15 0x00000000800120d0 mem 0x0000000080031f50
core   0: 0x000000008000ff18 (0x00178713) addi    a4, a5, 1
core   0: 3 0x000000008000ff18 (0x00178713) x14 0x00000000800120d1
core   0: 0x000000008000ff1c (0xfee43023) sd      a4, -32(s0)
core   0: 3 0x000000008000ff1c (0xfee43023) mem 0x0000000080031f50 0x00000000800120d1
core   0: 0x000000008000ff20 (0xfc442703) lw      a4, -60(s0)
core   0: 3 0x000000008000ff20 (0xfc442703) x14 0x0000000000000000 mem 0x0000000080031f34
core   0: 0x000000008000ff24 (0x0ff77713) andi    a4, a4, 255
core   0: 3 0x000000008000ff24 (0x0ff77713) x14 0x0000000000000000
core   0: 0x000000008000ff28 (0x00e78023) sb      a4, 0(a5)
core   0: 3 0x000000008000ff28 (0x00e78023) mem 0x00000000800120d0 0x00
core   0: 0x000000008000ff2c (0xfc843703) ld      a4, -56(s0)
core   0: 3 0x000000008000ff2c (0xfc843703) x14 0x0000000080012040 mem 0x0000000080031f38
core   0: 0x000000008000ff30 (0xfb843783) ld      a5, -72(s0)
core   0: 3 0x000000008000ff30 (0xfb843783) x15 0x000000000000009c mem 0x0000000080031f28
core   0: 0x000000008000ff34 (0x000097ba) c.add   a5, a4
core   0: 3 0x000000008000ff34 (0x97ba) x15 0x00000000800120dc
core   0: 0x000000008000ff36 (0xfe043703) ld      a4, -32(s0)
core   0: 3 0x000000008000ff36 (0xfe043703) x14 0x00000000800120d1 mem 0x0000000080031f50
core   0: 0x000000008000ff3a (0xfcf76de3) bltu    a4, a5, pc - 38
core   0: 3 0x000000008000ff3a (0xfcf76de3)
core   0: 0x000000008000ff14 (0xfe043783) ld      a5, -32(s0)
core   0: 3 0x000000008000ff14 (0xfe043783) x15 0x00000000800120d1 mem 0x0000000080031f50
core   0: 0x000000008000ff18 (0x00178713) addi    a4, a5, 1
core   0: 3 0x000000008000ff18 (0x00178713) x14 0x00000000800120d2
core   0: 0x000000008000ff1c (0xfee43023) sd      a4, -32(s0)
core   0: 3 0x000000008000ff1c (0xfee43023) mem 0x0000000080031f50 0x00000000800120d2
core   0: 0x000000008000ff20 (0xfc442703) lw      a4, -60(s0)
core   0: 3 0x000000008000ff20 (0xfc442703) x14 0x0000000000000000 mem 0x0000000080031f34
core   0: 0x000000008000ff24 (0x0ff77713) andi    a4, a4, 255
core   0: 3 0x000000008000ff24 (0x0ff77713) x14 0x0000000000000000
core   0: 0x000000008000ff28 (0x00e78023) sb      a4, 0(a5)
core   0: 3 0x000000008000ff28 (0x00e78023) mem 0x00000000800120d1 0x00
core   0: 0x000000008000ff2c (0xfc843703) ld      a4, -56(s0)
core   0: 3 0x000000008000ff2c (0xfc843703) x14 0x0000000080012040 mem 0x0000000080031f38
core   0: 0x000000008000ff30 (0xfb843783) ld      a5, -72(s0)
core   0: 3 0x000000008000ff30 (0xfb843783) x15 0x000000000000009c mem 0x0000000080031f28
core   0: 0x000000008000ff34 (0x000097ba) c.add   a5, a4
core   0: 3 0x000000008000ff34 (0x97ba) x15 0x00000000800120dc
core   0: 0x000000008000ff36 (0xfe043703) ld      a4, -32(s0)
core   0: 3 0x000000008000ff36 (0xfe043703) x14 0x00000000800120d2 mem 0x0000000080031f50
core   0: 0x000000008000ff3a (0xfcf76de3) bltu    a4, a5, pc - 38
core   0: 3 0x000000008000ff3a (0xfcf76de3)
core   0: 0x000000008000ff14 (0xfe043783) ld      a5, -32(s0)
core   0: 3 0x000000008000ff14 (0xfe043783) x15 0x00000000800120d2 mem 0x0000000080031f50
core   0: 0x000000008000ff18 (0x00178713) addi    a4, a5, 1
core   0: 3 0x000000008000ff18 (0x00178713) x14 0x00000000800120d3
core   0: 0x000000008000ff1c (0xfee43023) sd      a4, -32(s0)
core   0: 3 0x000000008000ff1c (0xfee43023) mem 0x0000000080031f50 0x00000000800120d3
core   0: 0x000000008000ff20 (0xfc442703) lw      a4, -60(s0)
core   0: 3 0x000000008000ff20 (0xfc442703) x14 0x0000000000000000 mem 0x0000000080031f34
core   0: 0x000000008000ff24 (0x0ff77713) andi    a4, a4, 255
core   0: 3 0x000000008000ff24 (0x0ff77713) x14 0x0000000000000000
core   0: 0x000000008000ff28 (0x00e78023) sb      a4, 0(a5)
core   0: 3 0x000000008000ff28 (0x00e78023) mem 0x00000000800120d2 0x00
core   0: 0x000000008000ff2c (0xfc843703) ld      a4, -56(s0)
core   0: 3 0x000000008000ff2c (0xfc843703) x14 0x0000000080012040 mem 0x0000000080031f38
core   0: 0x000000008000ff30 (0xfb843783) ld      a5, -72(s0)
core   0: 3 0x000000008000ff30 (0xfb843783) x15 0x000000000000009c mem 0x0000000080031f28
core   0: 0x000000008000ff34 (0x000097ba) c.add   a5, a4
core   0: 3 0x000000008000ff34 (0x97ba) x15 0x00000000800120dc
core   0: 0x000000008000ff36 (0xfe043703) ld      a4, -32(s0)
core   0: 3 0x000000008000ff36 (0xfe043703) x14 0x00000000800120d3 mem 0x0000000080031f50
core   0: 0x000000008000ff3a (0xfcf76de3) bltu    a4, a5, pc - 38
core   0: 3 0x000000008000ff3a (0xfcf76de3)
core   0: 0x000000008000ff14 (0xfe043783) ld      a5, -32(s0)
core   0: 3 0x000000008000ff14 (0xfe043783) x15 0x00000000800120d3 mem 0x0000000080031f50
core   0: 0x000000008000ff18 (0x00178713) addi    a4, a5, 1
core   0: 3 0x000000008000ff18 (0x00178713) x14 0x00000000800120d4
core   0: 0x000000008000ff1c (0xfee43023) sd      a4, -32(s0)
core   0: 3 0x000000008000ff1c (0xfee43023) mem 0x0000000080031f50 0x00000000800120d4
core   0: 0x000000008000ff20 (0xfc442703) lw      a4, -60(s0)
core   0: 3 0x000000008000ff20 (0xfc442703) x14 0x0000000000000000 mem 0x0000000080031f34
core   0: 0x000000008000ff24 (0x0ff77713) andi    a4, a4, 255
core   0: 3 0x000000008000ff24 (0x0ff77713) x14 0x0000000000000000
core   0: 0x000000008000ff28 (0x00e78023) sb      a4, 0(a5)
core   0: 3 0x000000008000ff28 (0x00e78023) mem 0x00000000800120d3 0x00
core   0: 0x000000008000ff2c (0xfc843703) ld      a4, -56(s0)
core   0: 3 0x000000008000ff2c (0xfc843703) x14 0x0000000080012040 mem 0x0000000080031f38
core   0: 0x000000008000ff30 (0xfb843783) ld      a5, -72(s0)
core   0: 3 0x000000008000ff30 (0xfb843783) x15 0x000000000000009c mem 0x0000000080031f28
core   0: 0x000000008000ff34 (0x000097ba) c.add   a5, a4
core   0: 3 0x000000008000ff34 (0x97ba) x15 0x00000000800120dc
core   0: 0x000000008000ff36 (0xfe043703) ld      a4, -32(s0)
core   0: 3 0x000000008000ff36 (0xfe043703) x14 0x00000000800120d4 mem 0x0000000080031f50
core   0: 0x000000008000ff3a (0xfcf76de3) bltu    a4, a5, pc - 38
core   0: 3 0x000000008000ff3a (0xfcf76de3)
core   0: 0x000000008000ff14 (0xfe043783) ld      a5, -32(s0)
core   0: 3 0x000000008000ff14 (0xfe043783) x15 0x00000000800120d4 mem 0x0000000080031f50
core   0: 0x000000008000ff18 (0x00178713) addi    a4, a5, 1
core   0: 3 0x000000008000ff18 (0x00178713) x14 0x00000000800120d5
core   0: 0x000000008000ff1c (0xfee43023) sd      a4, -32(s0)
core   0: 3 0x000000008000ff1c (0xfee43023) mem 0x0000000080031f50 0x00000000800120d5
core   0: 0x000000008000ff20 (0xfc442703) lw      a4, -60(s0)
core   0: 3 0x000000008000ff20 (0xfc442703) x14 0x0000000000000000 mem 0x0000000080031f34
core   0: 0x000000008000ff24 (0x0ff77713) andi    a4, a4, 255
core   0: 3 0x000000008000ff24 (0x0ff77713) x14 0x0000000000000000
core   0: 0x000000008000ff28 (0x00e78023) sb      a4, 0(a5)
core   0: 3 0x000000008000ff28 (0x00e78023) mem 0x00000000800120d4 0x00
core   0: 0x000000008000ff2c (0xfc843703) ld      a4, -56(s0)
core   0: 3 0x000000008000ff2c (0xfc843703) x14 0x0000000080012040 mem 0x0000000080031f38
core   0: 0x000000008000ff30 (0xfb843783) ld      a5, -72(s0)
core   0: 3 0x000000008000ff30 (0xfb843783) x15 0x000000000000009c mem 0x0000000080031f28
core   0: 0x000000008000ff34 (0x000097ba) c.add   a5, a4
core   0: 3 0x000000008000ff34 (0x97ba) x15 0x00000000800120dc
core   0: 0x000000008000ff36 (0xfe043703) ld      a4, -32(s0)
core   0: 3 0x000000008000ff36 (0xfe043703) x14 0x00000000800120d5 mem 0x0000000080031f50
core   0: 0x000000008000ff3a (0xfcf76de3) bltu    a4, a5, pc - 38
core   0: 3 0x000000008000ff3a (0xfcf76de3)
core   0: 0x000000008000ff14 (0xfe043783) ld      a5, -32(s0)
core   0: 3 0x000000008000ff14 (0xfe043783) x15 0x00000000800120d5 mem 0x0000000080031f50
core   0: 0x000000008000ff18 (0x00178713) addi    a4, a5, 1
core   0: 3 0x000000008000ff18 (0x00178713) x14 0x00000000800120d6
core   0: 0x000000008000ff1c (0xfee43023) sd      a4, -32(s0)
core   0: 3 0x000000008000ff1c (0xfee43023) mem 0x0000000080031f50 0x00000000800120d6
core   0: 0x000000008000ff20 (0xfc442703) lw      a4, -60(s0)
core   0: 3 0x000000008000ff20 (0xfc442703) x14 0x0000000000000000 mem 0x0000000080031f34
core   0: 0x000000008000ff24 (0x0ff77713) andi    a4, a4, 255
core   0: 3 0x000000008000ff24 (0x0ff77713) x14 0x0000000000000000
core   0: 0x000000008000ff28 (0x00e78023) sb      a4, 0(a5)
core   0: 3 0x000000008000ff28 (0x00e78023) mem 0x00000000800120d5 0x00
core   0: 0x000000008000ff2c (0xfc843703) ld      a4, -56(s0)
core   0: 3 0x000000008000ff2c (0xfc843703) x14 0x0000000080012040 mem 0x0000000080031f38
core   0: 0x000000008000ff30 (0xfb843783) ld      a5, -72(s0)
core   0: 3 0x000000008000ff30 (0xfb843783) x15 0x000000000000009c mem 0x0000000080031f28
core   0: 0x000000008000ff34 (0x000097ba) c.add   a5, a4
core   0: 3 0x000000008000ff34 (0x97ba) x15 0x00000000800120dc
core   0: 0x000000008000ff36 (0xfe043703) ld      a4, -32(s0)
core   0: 3 0x000000008000ff36 (0xfe043703) x14 0x00000000800120d6 mem 0x0000000080031f50
core   0: 0x000000008000ff3a (0xfcf76de3) bltu    a4, a5, pc - 38
core   0: 3 0x000000008000ff3a (0xfcf76de3)
core   0: 0x000000008000ff14 (0xfe043783) ld      a5, -32(s0)
core   0: 3 0x000000008000ff14 (0xfe043783) x15 0x00000000800120d6 mem 0x0000000080031f50
core   0: 0x000000008000ff18 (0x00178713) addi    a4, a5, 1
core   0: 3 0x000000008000ff18 (0x00178713) x14 0x00000000800120d7
core   0: 0x000000008000ff1c (0xfee43023) sd      a4, -32(s0)
core   0: 3 0x000000008000ff1c (0xfee43023) mem 0x0000000080031f50 0x00000000800120d7
core   0: 0x000000008000ff20 (0xfc442703) lw      a4, -60(s0)
core   0: 3 0x000000008000ff20 (0xfc442703) x14 0x0000000000000000 mem 0x0000000080031f34
core   0: 0x000000008000ff24 (0x0ff77713) andi    a4, a4, 255
core   0: 3 0x000000008000ff24 (0x0ff77713) x14 0x0000000000000000
core   0: 0x000000008000ff28 (0x00e78023) sb      a4, 0(a5)
core   0: 3 0x000000008000ff28 (0x00e78023) mem 0x00000000800120d6 0x00
core   0: 0x000000008000ff2c (0xfc843703) ld      a4, -56(s0)
core   0: 3 0x000000008000ff2c (0xfc843703) x14 0x0000000080012040 mem 0x0000000080031f38
core   0: 0x000000008000ff30 (0xfb843783) ld      a5, -72(s0)
core   0: 3 0x000000008000ff30 (0xfb843783) x15 0x000000000000009c mem 0x0000000080031f28
core   0: 0x000000008000ff34 (0x000097ba) c.add   a5, a4
core   0: 3 0x000000008000ff34 (0x97ba) x15 0x00000000800120dc
core   0: 0x000000008000ff36 (0xfe043703) ld      a4, -32(s0)
core   0: 3 0x000000008000ff36 (0xfe043703) x14 0x00000000800120d7 mem 0x0000000080031f50
core   0: 0x000000008000ff3a (0xfcf76de3) bltu    a4, a5, pc - 38
core   0: 3 0x000000008000ff3a (0xfcf76de3)
core   0: 0x000000008000ff14 (0xfe043783) ld      a5, -32(s0)
core   0: 3 0x000000008000ff14 (0xfe043783) x15 0x00000000800120d7 mem 0x0000000080031f50
core   0: 0x000000008000ff18 (0x00178713) addi    a4, a5, 1
core   0: 3 0x000000008000ff18 (0x00178713) x14 0x00000000800120d8
core   0: 0x000000008000ff1c (0xfee43023) sd      a4, -32(s0)
core   0: 3 0x000000008000ff1c (0xfee43023) mem 0x0000000080031f50 0x00000000800120d8
core   0: 0x000000008000ff20 (0xfc442703) lw      a4, -60(s0)
core   0: 3 0x000000008000ff20 (0xfc442703) x14 0x0000000000000000 mem 0x0000000080031f34
core   0: 0x000000008000ff24 (0x0ff77713) andi    a4, a4, 255
core   0: 3 0x000000008000ff24 (0x0ff77713) x14 0x0000000000000000
core   0: 0x000000008000ff28 (0x00e78023) sb      a4, 0(a5)
core   0: 3 0x000000008000ff28 (0x00e78023) mem 0x00000000800120d7 0x00
core   0: 0x000000008000ff2c (0xfc843703) ld      a4, -56(s0)
core   0: 3 0x000000008000ff2c (0xfc843703) x14 0x0000000080012040 mem 0x0000000080031f38
core   0: 0x000000008000ff30 (0xfb843783) ld      a5, -72(s0)
core   0: 3 0x000000008000ff30 (0xfb843783) x15 0x000000000000009c mem 0x0000000080031f28
core   0: 0x000000008000ff34 (0x000097ba) c.add   a5, a4
core   0: 3 0x000000008000ff34 (0x97ba) x15 0x00000000800120dc
core   0: 0x000000008000ff36 (0xfe043703) ld      a4, -32(s0)
core   0: 3 0x000000008000ff36 (0xfe043703) x14 0x00000000800120d8 mem 0x0000000080031f50
core   0: 0x000000008000ff3a (0xfcf76de3) bltu    a4, a5, pc - 38
core   0: 3 0x000000008000ff3a (0xfcf76de3)
core   0: 0x000000008000ff14 (0xfe043783) ld      a5, -32(s0)
core   0: 3 0x000000008000ff14 (0xfe043783) x15 0x00000000800120d8 mem 0x0000000080031f50
core   0: 0x000000008000ff18 (0x00178713) addi    a4, a5, 1
core   0: 3 0x000000008000ff18 (0x00178713) x14 0x00000000800120d9
core   0: 0x000000008000ff1c (0xfee43023) sd      a4, -32(s0)
core   0: 3 0x000000008000ff1c (0xfee43023) mem 0x0000000080031f50 0x00000000800120d9
core   0: 0x000000008000ff20 (0xfc442703) lw      a4, -60(s0)
core   0: 3 0x000000008000ff20 (0xfc442703) x14 0x0000000000000000 mem 0x0000000080031f34
core   0: 0x000000008000ff24 (0x0ff77713) andi    a4, a4, 255
core   0: 3 0x000000008000ff24 (0x0ff77713) x14 0x0000000000000000
core   0: 0x000000008000ff28 (0x00e78023) sb      a4, 0(a5)
core   0: 3 0x000000008000ff28 (0x00e78023) mem 0x00000000800120d8 0x00
core   0: 0x000000008000ff2c (0xfc843703) ld      a4, -56(s0)
core   0: 3 0x000000008000ff2c (0xfc843703) x14 0x0000000080012040 mem 0x0000000080031f38
core   0: 0x000000008000ff30 (0xfb843783) ld      a5, -72(s0)
core   0: 3 0x000000008000ff30 (0xfb843783) x15 0x000000000000009c mem 0x0000000080031f28
core   0: 0x000000008000ff34 (0x000097ba) c.add   a5, a4
core   0: 3 0x000000008000ff34 (0x97ba) x15 0x00000000800120dc
core   0: 0x000000008000ff36 (0xfe043703) ld      a4, -32(s0)
core   0: 3 0x000000008000ff36 (0xfe043703) x14 0x00000000800120d9 mem 0x0000000080031f50
core   0: 0x000000008000ff3a (0xfcf76de3) bltu    a4, a5, pc - 38
core   0: 3 0x000000008000ff3a (0xfcf76de3)
core   0: 0x000000008000ff14 (0xfe043783) ld      a5, -32(s0)
core   0: 3 0x000000008000ff14 (0xfe043783) x15 0x00000000800120d9 mem 0x0000000080031f50
core   0: 0x000000008000ff18 (0x00178713) addi    a4, a5, 1
core   0: 3 0x000000008000ff18 (0x00178713) x14 0x00000000800120da
core   0: 0x000000008000ff1c (0xfee43023) sd      a4, -32(s0)
core   0: 3 0x000000008000ff1c (0xfee43023) mem 0x0000000080031f50 0x00000000800120da
core   0: 0x000000008000ff20 (0xfc442703) lw      a4, -60(s0)
core   0: 3 0x000000008000ff20 (0xfc442703) x14 0x0000000000000000 mem 0x0000000080031f34
core   0: 0x000000008000ff24 (0x0ff77713) andi    a4, a4, 255
core   0: 3 0x000000008000ff24 (0x0ff77713) x14 0x0000000000000000
core   0: 0x000000008000ff28 (0x00e78023) sb      a4, 0(a5)
core   0: 3 0x000000008000ff28 (0x00e78023) mem 0x00000000800120d9 0x00
core   0: 0x000000008000ff2c (0xfc843703) ld      a4, -56(s0)
core   0: 3 0x000000008000ff2c (0xfc843703) x14 0x0000000080012040 mem 0x0000000080031f38
core   0: 0x000000008000ff30 (0xfb843783) ld      a5, -72(s0)
core   0: 3 0x000000008000ff30 (0xfb843783) x15 0x000000000000009c mem 0x0000000080031f28
core   0: 0x000000008000ff34 (0x000097ba) c.add   a5, a4
core   0: 3 0x000000008000ff34 (0x97ba) x15 0x00000000800120dc
core   0: 0x000000008000ff36 (0xfe043703) ld      a4, -32(s0)
core   0: 3 0x000000008000ff36 (0xfe043703) x14 0x00000000800120da mem 0x0000000080031f50
core   0: 0x000000008000ff3a (0xfcf76de3) bltu    a4, a5, pc - 38
core   0: 3 0x000000008000ff3a (0xfcf76de3)
core   0: 0x000000008000ff14 (0xfe043783) ld      a5, -32(s0)
core   0: 3 0x000000008000ff14 (0xfe043783) x15 0x00000000800120da mem 0x0000000080031f50
core   0: 0x000000008000ff18 (0x00178713) addi    a4, a5, 1
core   0: 3 0x000000008000ff18 (0x00178713) x14 0x00000000800120db
core   0: 0x000000008000ff1c (0xfee43023) sd      a4, -32(s0)
core   0: 3 0x000000008000ff1c (0xfee43023) mem 0x0000000080031f50 0x00000000800120db
core   0: 0x000000008000ff20 (0xfc442703) lw      a4, -60(s0)
core   0: 3 0x000000008000ff20 (0xfc442703) x14 0x0000000000000000 mem 0x0000000080031f34
core   0: 0x000000008000ff24 (0x0ff77713) andi    a4, a4, 255
core   0: 3 0x000000008000ff24 (0x0ff77713) x14 0x0000000000000000
core   0: 0x000000008000ff28 (0x00e78023) sb      a4, 0(a5)
core   0: 3 0x000000008000ff28 (0x00e78023) mem 0x00000000800120da 0x00
core   0: 0x000000008000ff2c (0xfc843703) ld      a4, -56(s0)
core   0: 3 0x000000008000ff2c (0xfc843703) x14 0x0000000080012040 mem 0x0000000080031f38
core   0: 0x000000008000ff30 (0xfb843783) ld      a5, -72(s0)
core   0: 3 0x000000008000ff30 (0xfb843783) x15 0x000000000000009c mem 0x0000000080031f28
core   0: 0x000000008000ff34 (0x000097ba) c.add   a5, a4
core   0: 3 0x000000008000ff34 (0x97ba) x15 0x00000000800120dc
core   0: 0x000000008000ff36 (0xfe043703) ld      a4, -32(s0)
core   0: 3 0x000000008000ff36 (0xfe043703) x14 0x00000000800120db mem 0x0000000080031f50
core   0: 0x000000008000ff3a (0xfcf76de3) bltu    a4, a5, pc - 38
core   0: 3 0x000000008000ff3a (0xfcf76de3)
core   0: 0x000000008000ff14 (0xfe043783) ld      a5, -32(s0)
core   0: 3 0x000000008000ff14 (0xfe043783) x15 0x00000000800120db mem 0x0000000080031f50
core   0: 0x000000008000ff18 (0x00178713) addi    a4, a5, 1
core   0: 3 0x000000008000ff18 (0x00178713) x14 0x00000000800120dc
core   0: 0x000000008000ff1c (0xfee43023) sd      a4, -32(s0)
core   0: 3 0x000000008000ff1c (0xfee43023) mem 0x0000000080031f50 0x00000000800120dc
core   0: 0x000000008000ff20 (0xfc442703) lw      a4, -60(s0)
core   0: 3 0x000000008000ff20 (0xfc442703) x14 0x0000000000000000 mem 0x0000000080031f34
core   0: 0x000000008000ff24 (0x0ff77713) andi    a4, a4, 255
core   0: 3 0x000000008000ff24 (0x0ff77713) x14 0x0000000000000000
core   0: 0x000000008000ff28 (0x00e78023) sb      a4, 0(a5)
core   0: 3 0x000000008000ff28 (0x00e78023) mem 0x00000000800120db 0x00
core   0: 0x000000008000ff2c (0xfc843703) ld      a4, -56(s0)
core   0: 3 0x000000008000ff2c (0xfc843703) x14 0x0000000080012040 mem 0x0000000080031f38
core   0: 0x000000008000ff30 (0xfb843783) ld      a5, -72(s0)
core   0: 3 0x000000008000ff30 (0xfb843783) x15 0x000000000000009c mem 0x0000000080031f28
core   0: 0x000000008000ff34 (0x000097ba) c.add   a5, a4
core   0: 3 0x000000008000ff34 (0x97ba) x15 0x00000000800120dc
core   0: 0x000000008000ff36 (0xfe043703) ld      a4, -32(s0)
core   0: 3 0x000000008000ff36 (0xfe043703) x14 0x00000000800120dc mem 0x0000000080031f50
core   0: 0x000000008000ff3a (0xfcf76de3) bltu    a4, a5, pc - 38
core   0: 3 0x000000008000ff3a (0xfcf76de3)
core   0: 0x000000008000ff3e (0xfc843783) ld      a5, -56(s0)
core   0: 3 0x000000008000ff3e (0xfc843783) x15 0x0000000080012040 mem 0x0000000080031f38
core   0: 0x000000008000ff42 (0x0000853e) c.mv    a0, a5
core   0: 3 0x000000008000ff42 (0x853e) x10 0x0000000080012040
core   0: 0x000000008000ff44 (0x00006426) c.ldsp  s0, 72(sp)
core   0: 3 0x000000008000ff44 (0x6426) x8  0x0000000080031f90 mem 0x0000000080031f68
core   0: 0x000000008000ff46 (0x00006161) c.addi16sp sp, 80
core   0: 3 0x000000008000ff46 (0x6161) x2  0x0000000080031f70
core   0: 0x000000008000ff48 (0x00008082) ret
core   0: 3 0x000000008000ff48 (0x8082)
core   0: 0x000000008000f4fc (0x00000001) c.nop
core   0: 3 0x000000008000f4fc (0x0001)
core   0: 0x000000008000f4fe (0x000060e2) c.ldsp  ra, 24(sp)
core   0: 3 0x000000008000f4fe (0x60e2) x1  0x000000008000f53c mem 0x0000000080031f88
core   0: 0x000000008000f500 (0x00006442) c.ldsp  s0, 16(sp)
core   0: 3 0x000000008000f500 (0x6442) x8  0x0000000080032040 mem 0x0000000080031f80
core   0: 0x000000008000f502 (0x00006105) c.addi16sp sp, 32
core   0: 3 0x000000008000f502 (0x6105) x2  0x0000000080031f90
core   0: 0x000000008000f504 (0x00008082) ret
core   0: 3 0x000000008000f504 (0x8082)
core   0: 0x000000008000f53c (0xf5842703) lw      a4, -168(s0)
core   0: 3 0x000000008000f53c (0xf5842703) x14 0x0000000000000001 mem 0x0000000080031f98
core   0: 0x000000008000f540 (0xf5c42783) lw      a5, -164(s0)
core   0: 3 0x000000008000f540 (0xf5c42783) x15 0x0000000000000000 mem 0x0000000080031f9c
core   0: 0x000000008000f544 (0x000085ba) c.mv    a1, a4
core   0: 3 0x000000008000f544 (0x85ba) x11 0x0000000000000001
core   0: 0x000000008000f546 (0x0000853e) c.mv    a0, a5
core   0: 3 0x000000008000f546 (0x853e) x10 0x0000000000000000
core   0: 0x000000008000f548 (0xf03ff0ef) jal     pc - 0xfe
core   0: 3 0x000000008000f548 (0xf03ff0ef) x1  0x000000008000f54c
core   0: >>>>  thread_entry
core   0: 0x000000008000f44a (0x00001101) c.addi  sp, -32
core   0: 3 0x000000008000f44a (0x1101) x2  0x0000000080031f70
core   0: 0x000000008000f44c (0x0000ec22) c.sdsp  s0, 24(sp)
core   0: 3 0x000000008000f44c (0xec22) mem 0x0000000080031f88 0x0000000080032040
core   0: 0x000000008000f44e (0x00001000) c.addi4spn s0, sp, 32
core   0: 3 0x000000008000f44e (0x1000) x8  0x0000000080031f90
core   0: 0x000000008000f450 (0x000087aa) c.mv    a5, a0
core   0: 3 0x000000008000f450 (0x87aa) x15 0x0000000000000000
core   0: 0x000000008000f452 (0x0000872e) c.mv    a4, a1
core   0: 3 0x000000008000f452 (0x872e) x14 0x0000000000000001
core   0: 0x000000008000f454 (0xfef42623) sw      a5, -20(s0)
core   0: 3 0x000000008000f454 (0xfef42623) mem 0x0000000080031f7c 0x00000000
core   0: 0x000000008000f458 (0x000087ba) c.mv    a5, a4
core   0: 3 0x000000008000f458 (0x87ba) x15 0x0000000000000001
core   0: 0x000000008000f45a (0xfef42423) sw      a5, -24(s0)
core   0: 3 0x000000008000f45a (0xfef42423) mem 0x0000000080031f78 0x00000001
core   0: 0x000000008000f45e (0x00000001) c.nop
core   0: 3 0x000000008000f45e (0x0001)
core   0: 0x000000008000f460 (0xfec42783) lw      a5, -20(s0)
core   0: 3 0x000000008000f460 (0xfec42783) x15 0x0000000000000000 mem 0x0000000080031f7c
core   0: 0x000000008000f464 (0x00002781) c.addiw a5, 0
core   0: 3 0x000000008000f464 (0x2781) x15 0x0000000000000000
core   0: 0x000000008000f466 (0x0000ffed) c.bnez  a5, pc - 6
core   0: 3 0x000000008000f466 (0xffed)
core   0: 0x000000008000f468 (0x00000001) c.nop
core   0: 3 0x000000008000f468 (0x0001)
core   0: 0x000000008000f46a (0x00000001) c.nop
core   0: 3 0x000000008000f46a (0x0001)
core   0: 0x000000008000f46c (0x00006462) c.ldsp  s0, 24(sp)
core   0: 3 0x000000008000f46c (0x6462) x8  0x0000000080032040 mem 0x0000000080031f88
core   0: 0x000000008000f46e (0x00006105) c.addi16sp sp, 32
core   0: 3 0x000000008000f46e (0x6105) x2  0x0000000080031f90
core   0: 0x000000008000f470 (0x00008082) ret
core   0: 3 0x000000008000f470 (0x8082)
core   0: 0x000000008000f54c (0x00004581) c.li    a1, 0
core   0: 3 0x000000008000f54c (0x4581) x11 0x0000000000000000
core   0: 0x000000008000f54e (0x00004501) c.li    a0, 0
core   0: 3 0x000000008000f54e (0x4501) x10 0x0000000000000000
core   0: 0x000000008000f550 (0xab1f20ef) jal     pc - 0xd550
core   0: 3 0x000000008000f550 (0xab1f20ef) x1  0x000000008000f554
core   0: >>>>  main
core   0: 0x0000000080002000 (0x00000001) c.nop
core   0: 3 0x0000000080002000 (0x0001)
core   0: >>>>  trap_vec_init
core   0: 0x0000000080002002 (0x00002797) auipc   a5, 0x2
core   0: 3 0x0000000080002002 (0x00002797) x15 0x0000000080004002
core   0: 0x0000000080002006 (0xffe78793) addi    a5, a5, -2
core   0: 3 0x0000000080002006 (0xffe78793) x15 0x0000000080004000
core   0: 0x000000008000200a (0x30579073) csrrw   zero, mtvec, a5
core   0: 3 0x000000008000200a (0x30579073) c773_mtvec 0x0000000080004000
core   0: >>>>  pmp_setup
core   0: 0x000000008000200e (0x00002c17) auipc   s8, 0x2
core   0: 3 0x000000008000200e (0x00002c17) x24 0x000000008000400e
core   0: 0x0000000080002012 (0x022c0c13) addi    s8, s8, 34
core   0: 3 0x0000000080002012 (0x022c0c13) x24 0x0000000080004030
core   0: 0x0000000080002016 (0x00004781) c.li    a5, 0
core   0: 3 0x0000000080002016 (0x4781) x15 0x0000000000000000
core   0: 0x0000000080002018 (0x00009c3e) c.add   s8, a5
core   0: 3 0x0000000080002018 (0x9c3e) x24 0x0000000080004030
core   0: 0x000000008000201a (0x3b0c1073) csrrw   zero, pmpaddr0, s8
core   0: 3 0x000000008000201a (0x3b0c1073) c944_pmpaddr0 0x0000000080004030
core   0: 0x000000008000201e (0x00004c3d) c.li    s8, 15
core   0: 3 0x000000008000201e (0x4c3d) x24 0x000000000000000f
core   0: 0x0000000080002020 (0x3a0c1073) csrrw   zero, pmpcfg0, s8
core   0: 3 0x0000000080002020 (0x3a0c1073) c928_pmpcfg0 0x000000000000000f
core   0: 0x0000000080002024 (0x12000073) sfence.vma zero, zero
core   0: 3 0x0000000080002024 (0x12000073)
core   0: >>>>  mepc_setup
core   0: 0x0000000080002028 (0x00002797) auipc   a5, 0x2
core   0: 3 0x0000000080002028 (0x00002797) x15 0x0000000080004028
core   0: 0x000000008000202c (0x00878793) addi    a5, a5, 8
core   0: 3 0x000000008000202c (0x00878793) x15 0x0000000080004030
core   0: 0x0000000080002030 (0x34179073) csrrw   zero, mepc, a5
core   0: 3 0x0000000080002030 (0x34179073) c833_mepc 0x0000000080004030
core   0: >>>>  custom_csr_setup
core   0: 0x0000000080002034 (0x00100f9b) addiw   t6, zero, 1
core   0: 3 0x0000000080002034 (0x00100f9b) x31 0x0000000000000001
core   0: 0x0000000080002038 (0x00000ffe) c.slli  t6, 31
core   0: 3 0x0000000080002038 (0x0ffe) x31 0x0000000080000000
core   0: 0x000000008000203a (0x00000001) c.nop
core   0: 3 0x000000008000203a (0x0001)
core   0: >>>>  init_s_mode
core   0: 0x000000008000203c (0xfff0079b) addiw   a5, zero, -1
core   0: 3 0x000000008000203c (0xfff0079b) x15 0xffffffffffffffff
core   0: 0x0000000080002040 (0x000017fe) c.slli  a5, 63
core   0: 3 0x0000000080002040 (0x17fe) x15 0x8000000000000000
core   0: 0x0000000080002042 (0x18079073) csrrw   zero, satp, a5
core   0: 3 0x0000000080002042 (0x18079073) c384_satp 0x8000000000000000
core   0: 0x0000000080002046 (0x0000f797) auipc   a5, 0xf
core   0: 3 0x0000000080002046 (0x0000f797) x15 0x0000000080011046
core   0: 0x000000008000204a (0xfba78793) addi    a5, a5, -70
core   0: 3 0x000000008000204a (0xfba78793) x15 0x0000000080011000
core   0: 0x000000008000204e (0x000083b1) c.srli  a5, 12
core   0: 3 0x000000008000204e (0x83b1) x15 0x0000000000080011
core   0: 0x0000000080002050 (0x0010061b) addiw   a2, zero, 1
core   0: 3 0x0000000080002050 (0x0010061b) x12 0x0000000000000001
core   0: 0x0000000080002054 (0x00001632) c.slli  a2, 44
core   0: 3 0x0000000080002054 (0x1632) x12 0x0000100000000000
core   0: 0x0000000080002056 (0x0000167d) c.addi  a2, -1
core   0: 3 0x0000000080002056 (0x167d) x12 0x00000fffffffffff
core   0: 0x0000000080002058 (0x00008ff1) c.and   a5, a2
core   0: 3 0x0000000080002058 (0x8ff1) x15 0x0000000000080011
core   0: 0x000000008000205a (0x1807a073) csrrs   zero, satp, a5
core   0: 3 0x000000008000205a (0x1807a073) c384_satp 0x8000000000080011
core   0: 0x000000008000205e (0x00a005b7) lui     a1, 0xa00
core   0: 3 0x000000008000205e (0x00a005b7) x11 0x0000000000a00000
core   0: 0x0000000080002062 (0x10b5859b) addiw   a1, a1, 267
core   0: 3 0x0000000080002062 (0x10b5859b) x11 0x0000000000a0010b
core   0: 0x0000000080002066 (0x000005b2) c.slli  a1, 12
core   0: 3 0x0000000080002066 (0x05b2) x11 0x0000000a0010b000
core   0: 0x0000000080002068 (0xa0058593) addi    a1, a1, -1536
core   0: 3 0x0000000080002068 (0xa0058593) x11 0x0000000a0010aa00
core   0: 0x000000008000206c (0x30059073) csrrw   zero, mstatus, a1
core   0: 3 0x000000008000206c (0x30059073) c768_mstatus 0x0000000a00102800
core   0: 0x0000000080002070 (0x30459073) csrrw   zero, mie, a1
core   0: 3 0x0000000080002070 (0x30459073) c772_mie 0x0000000000000a00
core   0: 0x0000000080002074 (0x00a005b7) lui     a1, 0xa00
core   0: 3 0x0000000080002074 (0x00a005b7) x11 0x0000000000a00000
core   0: 0x0000000080002078 (0x10b5859b) addiw   a1, a1, 267
core   0: 3 0x0000000080002078 (0x10b5859b) x11 0x0000000000a0010b
core   0: 0x000000008000207c (0x000005b2) c.slli  a1, 12
core   0: 3 0x000000008000207c (0x05b2) x11 0x0000000a0010b000
core   0: 0x000000008000207e (0xa0058593) addi    a1, a1, -1536
core   0: 3 0x000000008000207e (0xa0058593) x11 0x0000000a0010aa00
core   0: 0x0000000080002082 (0x10059073) csrrw   zero, sstatus, a1
core   0: 3 0x0000000080002082 (0x10059073) c768_mstatus 0x0000000a00102800
core   0: 0x0000000080002086 (0x10459073) csrrw   zero, sie, a1
core   0: 3 0x0000000080002086 (0x10459073) c772_mie 0x0000000000000a00
core   0: 0x000000008000208a (0x30200073) mret
core   0: 3 0x000000008000208a (0x30200073) c768_mstatus 0x0000000a00102080
core   0: >>>>  main_g
core   0: 0x0000000080004030 (0x6c334a97) auipc   s5, 0x6c334
core   0: 1 0x0000000080004030 (0x6c334a97) x21 0x00000000ec338030
core   0: 0x0000000080004034 (0x0ff0000f) fence   iorw,iorw
core   0: 1 0x0000000080004034 (0x0ff0000f)
core   0: 0x0000000080004038 (0x003706b3) add     a3, a4, gp
core   0: 1 0x0000000080004038 (0x003706b3) x13 0x0000000080012829
core   0: 0x000000008000403c (0x0005831b) sext.w  t1, a1
core   0: 1 0x000000008000403c (0x0005831b) x6  0x000000000010aa00
core   0: 0x0000000080004040 (0x40167653) fcvt.s.d fa2, fa2
core   0: 1 0x0000000080004040 (0x40167653) c768_mstatus 0x8000000a00106080 f12 0xffffffff7fc00000
core   0: 0x0000000080004044 (0xd2170753) fcvt.d.wu fa4, a4
core   0: 1 0x0000000080004044 (0xd2170753) f14 0x3ff0000000000000
core   0: 0x0000000080004048 (0xc2287bd3) fcvt.l.d s7, fa6
core   0: 1 0x0000000080004048 (0xc2287bd3) c1_fflags 0x0000000000000010 x23 0x7fffffffffffffff
core   0: 0x000000008000404c (0x00000272) c.slli  tp, 28
core   0: 1 0x000000008000404c (0x0272) x4  0x0800120400000000
core   0: 0x000000008000404e (0x00079733) sll     a4, a5, zero
core   0: 1 0x000000008000404e (0x00079733) x14 0x0000000000080011
core   0: 0x0000000080004052 (0x00631b9b) slliw   s7, t1, 6
core   0: 1 0x0000000080004052 (0x00631b9b) x23 0x00000000042a8000
core   0: 0x0000000080004056 (0xd0377bd3) fcvt.s.lu fs7, a4
core   0: 1 0x0000000080004056 (0xd0377bd3) f23 0xffffffff49000110
core   0: 0x000000008000405a (0xd02af4d3) fcvt.s.l fs1, s5
core   0: 1 0x000000008000405a (0xd02af4d3) c1_fflags 0x0000000000000011 f9  0xffffffff4f6c3380
core   0: 0x000000008000405e (0x03f75693) srli    a3, a4, 63
core   0: 1 0x000000008000405e (0x03f75693) x13 0x0000000000000000
core   0: 0x0000000080004062 (0x2e57ea13) ori     s4, a5, 741
core   0: 1 0x0000000080004062 (0x2e57ea13) x20 0x00000000000802f5
core   0: 0x0000000080004066 (0x0001199b) slliw   s3, sp, 0
core   0: 1 0x0000000080004066 (0x0001199b) x19 0xffffffff80031f90
core   0: 0x000000008000406a (0x03ba7c33) remu    s8, s4, s11
core   0: 1 0x000000008000406a (0x03ba7c33) x24 0x00000000000802f5
core   0: 0x000000008000406e (0x72ddf213) andi    tp, s11, 1837
core   0: 1 0x000000008000406e (0x72ddf213) x4  0x0000000000000000
core   0: 0x0000000080004072 (0xd03dfcd3) fcvt.s.lu fs9, s11
core   0: 1 0x0000000080004072 (0xd03dfcd3) f25 0xffffffff00000000
core   0: 0x0000000080004076 (0x401278d3) fcvt.s.d fa7, ft4
core   0: 1 0x0000000080004076 (0x401278d3) f17 0xffffffff7fc00000
core   0: 0x000000008000407a (0x020e51bb) divuw   gp, t3, zero
core   0: 1 0x000000008000407a (0x020e51bb) x3  0xffffffffffffffff
core   0: 0x000000008000407e (0x40a5883b) subw    a6, a1, a0
core   0: 1 0x000000008000407e (0x40a5883b) x16 0x000000000010aa00
core   0: 0x0000000080004082 (0x2a3e00d3) fmin.d  ft1, ft8, ft3
core   0: 1 0x0000000080004082 (0x2a3e00d3) f1  0x7ff8000000000000
core   0: 0x0000000080004086 (0x01614ab3) xor     s5, sp, s6
core   0: 1 0x0000000080004086 (0x01614ab3) x21 0x0000000080031f90
core   0: 0x000000008000408a (0x03be8cb3) mul     s9, t4, s11
core   0: 1 0x000000008000408a (0x03be8cb3) x25 0x0000000000000000
core   0: 0x000000008000408e (0x2ce7e313) ori     t1, a5, 718
core   0: 1 0x000000008000408e (0x2ce7e313) x6  0x00000000000802df
core   0: 0x0000000080004092 (0x0320f0d3) fadd.d  ft1, ft1, fs2
core   0: 1 0x0000000080004092 (0x0320f0d3) f1  0x7ff8000000000000
core   0: 0x0000000080004096 (0x1e6ec817) auipc   a6, 0x1e6ec
core   0: 1 0x0000000080004096 (0x1e6ec817) x16 0x000000009e6f0096
core   0: 0x000000008000409a (0xe2070e53) fmv.x.d t3, fa4
core   0: 1 0x000000008000409a (0xe2070e53) x28 0x3ff0000000000000
core   0: 0x000000008000409e (0x005e2b33) slt     s6, t3, t0
core   0: 1 0x000000008000409e (0x005e2b33) x22 0x0000000000000000
core   0: 0x00000000800040a2 (0x026c1393) slli    t2, s8, 38
core   0: 1 0x00000000800040a2 (0x026c1393) x7  0x0200bd4000000000
core   0: 0x00000000800040a6 (0x00000001) c.nop
core   0: 1 0x00000000800040a6 (0x0001)
core   0: 0x00000000800040a8 (0xc20378d3) fcvt.w.d a7, ft6
core   0: 1 0x00000000800040a8 (0xc20378d3) c1_fflags 0x0000000000000011 x17 0x000000007fffffff
core   0: 0x00000000800040ac (0x039c8b3b) mulw    s6, s9, s9
core   0: 1 0x00000000800040ac (0x039c8b3b) x22 0x0000000000000000
core   0: 0x00000000800040b0 (0x4169083b) subw    a6, s2, s6
core   0: 1 0x00000000800040b0 (0x4169083b) x16 0x0000000000000000
core   0: 0x00000000800040b4 (0x436cd813) srai    a6, s9, 54
core   0: 1 0x00000000800040b4 (0x436cd813) x16 0x0000000000000000
core   0: 0x00000000800040b8 (0x0173c4b3) xor     s1, t2, s7
core   0: 1 0x00000000800040b8 (0x0173c4b3) x9  0x0200bd40042a8000
core   0: 0x00000000800040bc (0x010e0033) add     zero, t3, a6
core   0: 1 0x00000000800040bc (0x010e0033)
core   0: 0x00000000800040c0 (0xd2048fd3) fcvt.d.w ft11, s1
core   0: 1 0x00000000800040c0 (0xd2048fd3) f31 0x4190aa0000000000
core   0: 0x00000000800040c4 (0xd22076d3) fcvt.d.l fa3, zero
core   0: 1 0x00000000800040c4 (0xd22076d3) f13 0x0000000000000000
core   0: 0x00000000800040c8 (0x0a8afad3) fsub.d  fs5, fs5, fs0
core   0: 1 0x00000000800040c8 (0x0a8afad3) f21 0x7ff8000000000000
core   0: 0x00000000800040cc (0x5a07f253) fsqrt.d ft4, fa5
core   0: 1 0x00000000800040cc (0x5a07f253) f4  0x7ff8000000000000
core   0: 0x00000000800040d0 (0xc027f453) fcvt.l.s s0, fa5
core   0: 1 0x00000000800040d0 (0xc027f453) x8  0x0000000000000000
core   0: 0x00000000800040d4 (0xf276ff4f) fnmadd.d ft10, fa3, ft7, ft10
core   0: 1 0x00000000800040d4 (0xf276ff4f) f30 0x7ff8000000000000
core   0: 0x00000000800040d8 (0x00009dc6) c.add   s11, a7
core   0: 1 0x00000000800040d8 (0x9dc6) x27 0x000000007fffffff
core   0: 0x00000000800040da (0x22f377c3) fmadd.d fa5, ft6, fa5, ft4
core   0: 1 0x00000000800040da (0x22f377c3) f15 0x7ff8000000000000
core   0: 0x00000000800040de (0x787be193) ori     gp, s7, 1927
core   0: 1 0x00000000800040de (0x787be193) x3  0x00000000042a8787
core   0: 0x00000000800040e2 (0x02437f53) fadd.d  ft10, ft6, ft4
core   0: 1 0x00000000800040e2 (0x02437f53) f30 0x7ff8000000000000
core   0: 0x00000000800040e6 (0x40cc58bb) sraw    a7, s8, a2
core   0: 1 0x00000000800040e6 (0x40cc58bb) x17 0x0000000000000000
core   0: 0x00000000800040ea (0x2a3bf7c7) fmsub.d fa5, fs7, ft3, ft5
core   0: 1 0x00000000800040ea (0x2a3bf7c7) f15 0x7ff8000000000000
core   0: 0x00000000800040ee (0x42e35293) srai    t0, t1, 46
core   0: 1 0x00000000800040ee (0x42e35293) x5  0x0000000000000000
core   0: 0x00000000800040f2 (0xc21976d3) fcvt.wu.d a3, fs2
core   0: 1 0x00000000800040f2 (0xc21976d3) c1_fflags 0x0000000000000011 x13 0xffffffffffffffff
core   0: 0x00000000800040f6 (0x403702bb) subw    t0, a4, gp
core   0: 1 0x00000000800040f6 (0x403702bb) x5  0xfffffffffbdd788a
core   0: 0x00000000800040fa (0x40b0d09b) sraiw   ra, ra, 11
core   0: 1 0x00000000800040fa (0x40b0d09b) x1  0xfffffffffff0001e
core   0: 0x00000000800040fe (0xd20304d3) fcvt.d.w fs1, t1
core   0: 1 0x00000000800040fe (0xd20304d3) f9  0x412005be00000000
core   0: 0x0000000080004102 (0x26797593) andi    a1, s2, 615
core   0: 1 0x0000000080004102 (0x26797593) x11 0x0000000000000000
core   0: 0x0000000080004106 (0x001e9d73) csrrw   s10, fflags, t4
core   0: 1 0x0000000080004106 (0x001e9d73) x26 0x0000000000000011 c1_fflags 0x0000000000000000
core   0: 0x000000008000410a (0x002b9473) csrrw   s0, frm, s7
core   0: 1 0x000000008000410a (0x002b9473) x8  0x0000000000000000 c2_frm 0x0000000000000000
core   0: 0x000000008000410e (0x7ff4091b) addiw   s2, s0, 2047
core   0: 1 0x000000008000410e (0x7ff4091b) x18 0x00000000000007ff
core   0: 0x0000000080004112 (0x00c41233) sll     tp, s0, a2
core   0: 1 0x0000000080004112 (0x00c41233) x4  0x0000000000000000
core   0: 0x0000000080004116 (0x4b297e47) fmsub.d ft8, fs2, fs2, fs1
core   0: 1 0x0000000080004116 (0x4b297e47) f28 0x7ff8000000000000
core   0: 0x000000008000411a (0x01395e9b) srliw   t4, s2, 19
core   0: 1 0x000000008000411a (0x01395e9b) x29 0x0000000000000000
core   0: 0x000000008000411e (0xcbdefccb) fnmsub.d fs9, ft9, ft9, fs9
core   0: 1 0x000000008000411e (0xcbdefccb) f25 0x7ff8000000000000
core   0: 0x0000000080004122 (0x00202473) csrrs   s0, frm, zero
core   0: 1 0x0000000080004122 (0x00202473) x8  0x0000000000000000
core   0: 0x0000000080004126 (0x415b5c9b) sraiw   s9, s6, 21
core   0: 1 0x0000000080004126 (0x415b5c9b) x25 0x0000000000000000
core   0: 0x000000008000412a (0x5d0c821b) addiw   tp, s9, 1488
core   0: 1 0x000000008000412a (0x5d0c821b) x4  0x00000000000005d0
core   0: 0x000000008000412e (0x002b9bf3) csrrw   s7, frm, s7
core   0: 1 0x000000008000412e (0x002b9bf3) x23 0x0000000000000000 c2_frm 0x0000000000000000
core   0: 0x0000000080004132 (0x420e0ad3) fcvt.d.s fs5, ft8
core   0: 1 0x0000000080004132 (0x420e0ad3) f21 0x7ff8000000000000
core   0: 0x0000000080004136 (0x00cacc33) xor     s8, s5, a2
core   0: 1 0x0000000080004136 (0x00cacc33) x24 0x00000fff7ffce06f
core   0: 0x000000008000413a (0xf20285d3) fmv.d.x fa1, t0
core   0: 1 0x000000008000413a (0xf20285d3) f11 0xfffffffffbdd788a
core   0: 0x000000008000413e (0x002d1973) csrrw   s2, frm, s10
core   0: 1 0x000000008000413e (0x002d1973) x18 0x0000000000000000 c2_frm 0x0000000000000001
core   0: 0x0000000080004142 (0x22f9a053) fsgnjx.d ft0, fs3, fa5
core   0: 1 0x0000000080004142 (0x22f9a053) f0  0xffffffff00000000
core   0: 0x0000000080004146 (0x0344f233) remu    tp, s1, s4
core   0: 1 0x0000000080004146 (0x0344f233) x4  0x000000000000f6b7
core   0: 0x000000008000414a (0xe20006d3) fmv.x.d a3, ft0
core   0: 1 0x000000008000414a (0xe20006d3) x13 0xffffffff00000000
core   0: 0x000000008000414e (0x75ba8113) addi    sp, s5, 1883
core   0: 1 0x000000008000414e (0x75ba8113) x2  0x00000000800326eb
core   0: 0x0000000080004152 (0x41b9dc13) srai    s8, s3, 27
core   0: 1 0x0000000080004152 (0x41b9dc13) x24 0xfffffffffffffff0
core   0: 0x0000000080004156 (0xa2b984d3) fle.d   s1, fs3, fa1
core   0: 1 0x0000000080004156 (0xa2b984d3) c1_fflags 0x0000000000000010 x9  0x0000000000000000
core   0: 0x000000008000415a (0x7ff6e693) ori     a3, a3, 2047
core   0: 1 0x000000008000415a (0x7ff6e693) x13 0xffffffff000007ff
core   0: 0x000000008000415e (0xd2048d53) fcvt.d.w fs10, s1
core   0: 1 0x000000008000415e (0xd2048d53) f26 0x0000000000000000
core   0: 0x0000000080004162 (0x00202e73) csrrs   t3, frm, zero
core   0: 1 0x0000000080004162 (0x00202e73) x28 0x0000000000000001
core   0: 0x0000000080004166 (0x220d1353) fsgnjn.d ft6, fs10, ft0
core   0: 1 0x0000000080004166 (0x220d1353) f6  0x0000000000000000
core   0: 0x000000008000416a (0x01deaeb3) slt     t4, t4, t4
core   0: 1 0x000000008000416a (0x01deaeb3) x29 0x0000000000000000
core   0: 0x000000008000416e (0x00ce4733) xor     a4, t3, a2
core   0: 1 0x000000008000416e (0x00ce4733) x14 0x00000ffffffffffe
core   0: 0x0000000080004172 (0xd2128ed3) fcvt.d.wu ft9, t0
core   0: 1 0x0000000080004172 (0xd2128ed3) f29 0x41ef7baf11400000
core   0: 0x0000000080004176 (0x40fed91b) sraiw   s2, t4, 15
core   0: 1 0x0000000080004176 (0x40fed91b) x18 0x0000000000000000
core   0: 0x000000008000417a (0x413b5cbb) sraw    s9, s6, s3
core   0: 1 0x000000008000417a (0x413b5cbb) x25 0x0000000000000000
core   0: 0x000000008000417e (0xd033fbd3) fcvt.s.lu fs7, t2
core   0: 1 0x000000008000417e (0xd033fbd3) f23 0xffffffff5c002f50
core   0: 0x0000000080004182 (0x039cc633) div     a2, s9, s9
core   0: 1 0x0000000080004182 (0x039cc633) x12 0xffffffffffffffff
core   0: 0x0000000080004186 (0x032076bb) remuw   a3, zero, s2
core   0: 1 0x0000000080004186 (0x032076bb) x13 0x0000000000000000
core   0: 0x000000008000418a (0x0012dd9b) srliw   s11, t0, 1
core   0: 1 0x000000008000418a (0x0012dd9b) x27 0x000000007deebc45
core   0: 0x000000008000418e (0x00000001) c.nop
core   0: 1 0x000000008000418e (0x0001)
core   0: 0x0000000080004190 (0x020cde3b) divuw   t3, s9, zero
core   0: 1 0x0000000080004190 (0x020cde3b) x28 0xffffffffffffffff
core   0: 0x0000000080004194 (0x2399f44b) fnmsub.d fs0, fs3, fs9, ft4
core   0: 1 0x0000000080004194 (0x2399f44b) f8  0x7ff8000000000000
core   0: 0x0000000080004198 (0x00102bf3) csrrs   s7, fflags, zero
core   0: 1 0x0000000080004198 (0x00102bf3) x23 0x0000000000000010
core   0: 0x000000008000419c (0x03ce7d3b) remuw   s10, t3, t3
core   0: 1 0x000000008000419c (0x03ce7d3b) x26 0x0000000000000000
core   0: 0x00000000800041a0 (0x408c50b3) sra     ra, s8, s0
core   0: 1 0x00000000800041a0 (0x408c50b3) x1  0xfffffffffffffff0
core   0: 0x00000000800041a4 (0x4005d49b) sraiw   s1, a1, 0
core   0: 1 0x00000000800041a4 (0x4005d49b) x9  0x0000000000000000
core   0: 0x00000000800041a8 (0x0208503b) divuw   zero, a6, zero
core   0: 1 0x00000000800041a8 (0x0208503b)
core   0: 0x00000000800041ac (0x03c623b3) mulhsu  t2, a2, t3
core   0: 1 0x00000000800041ac (0x03c623b3) x7  0xffffffffffffffff
core   0: 0x00000000800041b0 (0x12397dd3) fmul.d  fs11, fs2, ft3
core   0: 1 0x00000000800041b0 (0x12397dd3) f27 0x7ff8000000000000
core   0: 0x00000000800041b4 (0x03539eb3) mulh    t4, t2, s5
core   0: 1 0x00000000800041b4 (0x03539eb3) x29 0xffffffffffffffff
core   0: 0x00000000800041b8 (0x9f20a317) auipc   t1, 0x9f20a
core   0: 1 0x00000000800041b8 (0x9f20a317) x6  0x000000001f20e1b8
core   0: 0x00000000800041bc (0x406c8cb3) sub     s9, s9, t1
core   0: 1 0x00000000800041bc (0x406c8cb3) x25 0xffffffffe0df1e48
core   0: 0x00000000800041c0 (0x00009b0a) c.add   s6, sp
core   0: 1 0x00000000800041c0 (0x9b0a) x22 0x00000000800326eb
core   0: 0x00000000800041c2 (0x025163bb) remw    t2, sp, t0
core   0: 1 0x00000000800041c2 (0x025163bb) x7  0xfffffffffc0f06bf
core   0: 0x00000000800041c6 (0x2ab695d3) fmax.d  fa1, fa3, fa1
core   0: 1 0x00000000800041c6 (0x2ab695d3) f11 0x0000000000000000
core   0: 0x00000000800041ca (0x0035143b) sllw    s0, a0, gp
core   0: 1 0x00000000800041ca (0x0035143b) x8  0x0000000000000000
core   0: 0x00000000800041ce (0xf13fdd73) csrrwi  s10, mimpid, 31
core   0: exception trap_illegal_instruction, epc 0x00000000800041ce
core   0:           tval 0x00000000f13fdd73
core   0: >>>>  $xrv64i2p1_m2p0_a2p1_f2p2_d2p2_zicsr2p0_zifencei2p0_zmmul1p0_zba1p0_zbb1p0_zbc1p0_zbs1p0
core   0: 0x0000000080004000 (0x0080006f) j       pc + 0x8
core   0: 3 0x0000000080004000 (0x0080006f)
core   0: >>>>  mmode_exception_handler
core   0: 0x0000000080004008 (0x00002c17) auipc   s8, 0x2
core   0: 3 0x0000000080004008 (0x00002c17) x24 0x0000000080006008
core   0: 0x000000008000400c (0x03ec0c13) addi    s8, s8, 62
core   0: 3 0x000000008000400c (0x03ec0c13) x24 0x0000000080006046
core   0: 0x0000000080004010 (0x000c00e7) jalr    s8
core   0: 3 0x0000000080004010 (0x000c00e7) x1  0x0000000080004014
core   0: >>>>  any_handler
core   0: 0x0000000080006046 (0x341027f3) csrrs   a5, mepc, zero
core   0: 3 0x0000000080006046 (0x341027f3) x15 0x00000000800041ce
core   0: 0x000000008000604a (0x34202773) csrrs   a4, mcause, zero
core   0: 3 0x000000008000604a (0x34202773) x14 0x0000000000000002
core   0: 0x000000008000604e (0x142026f3) csrrs   a3, scause, zero
core   0: 3 0x000000008000604e (0x142026f3) x13 0x0000000000000000
core   0: 0x0000000080006052 (0x30402673) csrrs   a2, mie, zero
core   0: 3 0x0000000080006052 (0x30402673) x12 0x0000000000000a00
core   0: 0x0000000080006056 (0x344025f3) csrrs   a1, mip, zero
core   0: 3 0x0000000080006056 (0x344025f3) x11 0x0000000000000080
core   0: 0x000000008000605a (0x343025f3) csrrs   a1, mtval, zero
core   0: 3 0x000000008000605a (0x343025f3) x11 0x00000000f13fdd73
core   0: 0x000000008000605e (0x14302573) csrrs   a0, stval, zero
core   0: 3 0x000000008000605e (0x14302573) x10 0x0000000000000000
core   0: 0x0000000080006062 (0xb02024f3) csrrs   s1, minstret, zero
core   0: 3 0x0000000080006062 (0xb02024f3) x9  0x0000000000000835
core   0: 0x0000000080006066 (0x0000a811) c.j     pc + 20
core   0: 3 0x0000000080006066 (0xa811)
core   0: >>>>  mepc_4
core   0: 0x000000008000607a (0x00000791) c.addi  a5, 4
core   0: 3 0x000000008000607a (0x0791) x15 0x00000000800041d2
core   0: 0x000000008000607c (0x34179073) csrrw   zero, mepc, a5
core   0: 3 0x000000008000607c (0x34179073) c833_mepc 0x00000000800041d2
core   0: 0x0000000080006080 (0x30200073) mret
core   0: 3 0x0000000080006080 (0x30200073) c768_mstatus 0x8000000a00106080
core   0: 0x00000000800041d2 (0xc205fc53) fcvt.w.d s8, fa1
core   0: 1 0x00000000800041d2 (0xc205fc53) x24 0x0000000000000000
core   0: 0x00000000800041d6 (0x07a731b7) lui     gp, 0x7a73
core   0: 1 0x00000000800041d6 (0x07a731b7) x3  0x0000000007a73000
core   0: 0x00000000800041da (0x0231819b) addiw   gp, gp, 35
core   0: 1 0x00000000800041da (0x0231819b) x3  0x0000000007a73023
core   0: 0x00000000800041de (0x000001b2) c.slli  gp, 12
core   0: 1 0x00000000800041de (0x01b2) x3  0x0000007a73023000
core   0: 0x00000000800041e0 (0xe0818193) addi    gp, gp, -504
core   0: 1 0x00000000800041e0 (0xe0818193) x3  0x0000007a73022e08
core   0: 0x00000000800041e4 (0x13b37753) fmul.d  fa4, ft6, fs11
core   0: 1 0x00000000800041e4 (0x13b37753) f14 0x7ff8000000000000
core   0: 0x00000000800041e8 (0xc0227453) fcvt.l.s s0, ft4
core   0: 1 0x00000000800041e8 (0xc0227453) c1_fflags 0x0000000000000010 x8  0x7fffffffffffffff
core   0: 0x00000000800041ec (0x0ff0000f) fence   iorw,iorw
core   0: 1 0x00000000800041ec (0x0ff0000f)
core   0: 0x00000000800041f0 (0x5a08fc53) fsqrt.d fs8, fa7
core   0: 1 0x00000000800041f0 (0x5a08fc53) f24 0x7ff8000000000000
core   0: 0x00000000800041f4 (0x0089043b) addw    s0, s2, s0
core   0: 1 0x00000000800041f4 (0x0089043b) x8  0xffffffffffffffff
core   0: 0x00000000800041f8 (0x00289673) csrrw   a2, frm, a7
core   0: 1 0x00000000800041f8 (0x00289673) x12 0x0000000000000001 c2_frm 0x0000000000000000
core   0: 0x00000000800041fc (0x014d50bb) srlw    ra, s10, s4
core   0: 1 0x00000000800041fc (0x014d50bb) x1  0x0000000000000000
core   0: 0x0000000080004200 (0x7ff40e93) addi    t4, s0, 2047
core   0: 1 0x0000000080004200 (0x7ff40e93) x29 0x00000000000007fe
core   0: 0x0000000080004204 (0x41a3d093) srai    ra, t2, 26
core   0: 1 0x0000000080004204 (0x41a3d093) x1  0xffffffffffffffff
core   0: 0x0000000080004208 (0xc2307c53) fcvt.lu.d s8, ft0
core   0: 1 0x0000000080004208 (0xc2307c53) c1_fflags 0x0000000000000010 x24 0xffffffffffffffff
core   0: 0x000000008000420c (0x09011c97) auipc   s9, 0x9011
core   0: 1 0x000000008000420c (0x09011c97) x25 0x000000008901520c
core   0: 0x0000000080004210 (0x57bb7e97) auipc   t4, 0x57bb7
core   0: 1 0x0000000080004210 (0x57bb7e97) x29 0x00000000d7bbb210
core   0: 0x0000000080004214 (0x00061613) slli    a2, a2, 0
core   0: 1 0x0000000080004214 (0x00061613) x12 0x0000000000000001
core   0: 0x0000000080004218 (0x0196143b) sllw    s0, a2, s9
core   0: 1 0x0000000080004218 (0x0196143b) x8  0x0000000000001000
core   0: 0x000000008000421c (0x005ec0b3) xor     ra, t4, t0
core   0: 1 0x000000008000421c (0x005ec0b3) x1  0xffffffff2c66ca9a
core   0: 0x0000000080004220 (0x00102c73) csrrs   s8, fflags, zero
core   0: 1 0x0000000080004220 (0x00102c73) x24 0x0000000000000010
core   0: 0x0000000080004224 (0x23ce2f53) fsgnjx.d ft10, ft8, ft8
core   0: 1 0x0000000080004224 (0x23ce2f53) f30 0x7ff8000000000000
core   0: 0x0000000080004228 (0x220f1c53) fsgnjn.d fs8, ft10, ft0
core   0: 1 0x0000000080004228 (0x220f1c53) f24 0x7ff8000000000000
core   0: 0x000000008000422c (0xb697f3b7) lui     t2, 0xb697f
core   0: 1 0x000000008000422c (0xb697f3b7) x7  0xffffffffb697f000
core   0: 0x0000000080004230 (0x0328f8bb) remuw   a7, a7, s2
core   0: 1 0x0000000080004230 (0x0328f8bb) x17 0x0000000000000000
core   0: 0x0000000080004234 (0x031bc4bb) divw    s1, s7, a7
core   0: 1 0x0000000080004234 (0x031bc4bb) x9  0xffffffffffffffff
core   0: 0x0000000080004238 (0x41f5db9b) sraiw   s7, a1, 31
core   0: 1 0x0000000080004238 (0x41f5db9b) x23 0xffffffffffffffff
core   0: 0x000000008000423c (0x001d9b73) csrrw   s6, fflags, s11
core   0: 1 0x000000008000423c (0x001d9b73) x22 0x0000000000000010 c1_fflags 0x0000000000000005
core   0: 0x0000000080004240 (0xc027d273) csrrwi  tp, instret, 15
core   0: exception trap_illegal_instruction, epc 0x0000000080004240
core   0:           tval 0x00000000c027d273
core   0: >>>>  $xrv64i2p1_m2p0_a2p1_f2p2_d2p2_zicsr2p0_zifencei2p0_zmmul1p0_zba1p0_zbb1p0_zbc1p0_zbs1p0
core   0: 0x0000000080004000 (0x0080006f) j       pc + 0x8
core   0: 3 0x0000000080004000 (0x0080006f)
core   0: >>>>  mmode_exception_handler
core   0: 0x0000000080004008 (0x00002c17) auipc   s8, 0x2
core   0: 3 0x0000000080004008 (0x00002c17) x24 0x0000000080006008
core   0: 0x000000008000400c (0x03ec0c13) addi    s8, s8, 62
core   0: 3 0x000000008000400c (0x03ec0c13) x24 0x0000000080006046
core   0: 0x0000000080004010 (0x000c00e7) jalr    s8
core   0: 3 0x0000000080004010 (0x000c00e7) x1  0x0000000080004014
core   0: >>>>  any_handler
core   0: 0x0000000080006046 (0x341027f3) csrrs   a5, mepc, zero
core   0: 3 0x0000000080006046 (0x341027f3) x15 0x0000000080004240
core   0: 0x000000008000604a (0x34202773) csrrs   a4, mcause, zero
core   0: 3 0x000000008000604a (0x34202773) x14 0x0000000000000002
core   0: 0x000000008000604e (0x142026f3) csrrs   a3, scause, zero
core   0: 3 0x000000008000604e (0x142026f3) x13 0x0000000000000000
core   0: 0x0000000080006052 (0x30402673) csrrs   a2, mie, zero
core   0: 3 0x0000000080006052 (0x30402673) x12 0x0000000000000a00
core   0: 0x0000000080006056 (0x344025f3) csrrs   a1, mip, zero
core   0: 3 0x0000000080006056 (0x344025f3) x11 0x0000000000000080
core   0: 0x000000008000605a (0x343025f3) csrrs   a1, mtval, zero
core   0: 3 0x000000008000605a (0x343025f3) x11 0x00000000c027d273
core   0: 0x000000008000605e (0x14302573) csrrs   a0, stval, zero
core   0: 3 0x000000008000605e (0x14302573) x10 0x0000000000000000
core   0: 0x0000000080006062 (0xb02024f3) csrrs   s1, minstret, zero
core   0: 3 0x0000000080006062 (0xb02024f3) x9  0x0000000000000861
core   0: 0x0000000080006066 (0x0000a811) c.j     pc + 20
core   0: 3 0x0000000080006066 (0xa811)
core   0: >>>>  mepc_4
core   0: 0x000000008000607a (0x00000791) c.addi  a5, 4
core   0: 3 0x000000008000607a (0x0791) x15 0x0000000080004244
core   0: 0x000000008000607c (0x34179073) csrrw   zero, mepc, a5
core   0: 3 0x000000008000607c (0x34179073) c833_mepc 0x0000000080004244
core   0: 0x0000000080006080 (0x30200073) mret
core   0: 3 0x0000000080006080 (0x30200073) c768_mstatus 0x8000000a00106080
core   0: 0x0000000080004244 (0xc20efad3) fcvt.w.d s5, ft9
core   0: 1 0x0000000080004244 (0xc20efad3) c1_fflags 0x0000000000000015 x21 0x000000007fffffff
core   0: 0x0000000080004248 (0x0ff0000f) fence   iorw,iorw
core   0: 1 0x0000000080004248 (0x0ff0000f)
core   0: 0x000000008000424c (0x23018853) fsgnj.d fa6, ft3, fa6
core   0: 1 0x000000008000424c (0x23018853) f16 0xffffffff00000000
core   0: 0x0000000080004250 (0x015a8ebb) addw    t4, s5, s5
core   0: 1 0x0000000080004250 (0x015a8ebb) x29 0xfffffffffffffffe
core   0: 0x0000000080004254 (0xc2087a53) fcvt.w.d s4, fa6
core   0: 1 0x0000000080004254 (0xc2087a53) c1_fflags 0x0000000000000015 x20 0x000000007fffffff
core   0: 0x0000000080004258 (0xc02df5d3) fcvt.l.s a1, fs11
core   0: 1 0x0000000080004258 (0xc02df5d3) c1_fflags 0x0000000000000015 x11 0x7fffffffffffffff
core   0: 0x000000008000425c (0xf20d05d3) fmv.d.x fa1, s10
core   0: 1 0x000000008000425c (0xf20d05d3) f11 0x0000000000000000
core   0: 0x0000000080004260 (0x0016969b) slliw   a3, a3, 1
core   0: 1 0x0000000080004260 (0x0016969b) x13 0x0000000000000000
core   0: 0x0000000080004264 (0x7bebff47) fmsub.d ft10, fs7, ft10, fa5
core   0: 1 0x0000000080004264 (0x7bebff47) f30 0x7ff8000000000000
core   0: 0x0000000080004268 (0x7175f193) andi    gp, a1, 1815
core   0: 1 0x0000000080004268 (0x7175f193) x3  0x0000000000000717
core   0: 0x000000008000426c (0xc21d7a53) fcvt.wu.d s4, fs10
core   0: 1 0x000000008000426c (0xc21d7a53) x20 0x0000000000000000
core   0: 0x0000000080004270 (0xd02179d3) fcvt.s.l fs3, sp
core   0: 1 0x0000000080004270 (0xd02179d3) c1_fflags 0x0000000000000015 f19 0xffffffff4f000327
core   0: 0x0000000080004274 (0x41ccd0bb) sraw    ra, s9, t3
core   0: 1 0x0000000080004274 (0x41ccd0bb) x1  0xffffffffffffffff
core   0: 0x0000000080004278 (0x4089883b) subw    a6, s3, s0
core   0: 1 0x0000000080004278 (0x4089883b) x16 0xffffffff80030f90
core   0: 0x000000008000427c (0x01c8a4b3) slt     s1, a7, t3
core   0: 1 0x000000008000427c (0x01c8a4b3) x9  0x0000000000000000
core   0: 0x0000000080004280 (0x0065a3b3) slt     t2, a1, t1
core   0: 1 0x0000000080004280 (0x0065a3b3) x7  0x0000000000000000
core   0: 0x0000000080004284 (0x4003dd1b) sraiw   s10, t2, 0
core   0: 1 0x0000000080004284 (0x4003dd1b) x26 0x0000000000000000
core   0: 0x0000000080004288 (0x140393f3) csrrw   t2, sscratch, t2
core   0: 1 0x0000000080004288 (0x140393f3) x7  0x0000000000000000 c320_sscratch 0x0000000000000000
core   0: 0x000000008000428c (0x000a9a13) slli    s4, s5, 0
core   0: 1 0x000000008000428c (0x000a9a13) x20 0x000000007fffffff
core   0: 0x0000000080004290 (0x412b86bb) subw    a3, s7, s2
core   0: 1 0x0000000080004290 (0x412b86bb) x13 0xffffffffffffffff
core   0: 0x0000000080004294 (0x028c05b3) mul     a1, s8, s0
core   0: 1 0x0000000080004294 (0x028c05b3) x11 0x0000080006046000
core   0: 0x0000000080004298 (0x0139ebb3) or      s7, s3, s3
core   0: 1 0x0000000080004298 (0x0139ebb3) x23 0xffffffff80031f90
core   0: 0x000000008000429c (0xc04a23f3) csrrs   t2, hpmcounter4, s4
core   0: exception trap_illegal_instruction, epc 0x000000008000429c
core   0:           tval 0x00000000c04a23f3
core   0: >>>>  $xrv64i2p1_m2p0_a2p1_f2p2_d2p2_zicsr2p0_zifencei2p0_zmmul1p0_zba1p0_zbb1p0_zbc1p0_zbs1p0
core   0: 0x0000000080004000 (0x0080006f) j       pc + 0x8
core   0: 3 0x0000000080004000 (0x0080006f)
core   0: >>>>  mmode_exception_handler
core   0: 0x0000000080004008 (0x00002c17) auipc   s8, 0x2
core   0: 3 0x0000000080004008 (0x00002c17) x24 0x0000000080006008
core   0: 0x000000008000400c (0x03ec0c13) addi    s8, s8, 62
core   0: 3 0x000000008000400c (0x03ec0c13) x24 0x0000000080006046
core   0: 0x0000000080004010 (0x000c00e7) jalr    s8
core   0: 3 0x0000000080004010 (0x000c00e7) x1  0x0000000080004014
core   0: >>>>  any_handler
core   0: 0x0000000080006046 (0x341027f3) csrrs   a5, mepc, zero
core   0: 3 0x0000000080006046 (0x341027f3) x15 0x000000008000429c
core   0: 0x000000008000604a (0x34202773) csrrs   a4, mcause, zero
core   0: 3 0x000000008000604a (0x34202773) x14 0x0000000000000002
core   0: 0x000000008000604e (0x142026f3) csrrs   a3, scause, zero
core   0: 3 0x000000008000604e (0x142026f3) x13 0x0000000000000000
core   0: 0x0000000080006052 (0x30402673) csrrs   a2, mie, zero
core   0: 3 0x0000000080006052 (0x30402673) x12 0x0000000000000a00
core   0: 0x0000000080006056 (0x344025f3) csrrs   a1, mip, zero
core   0: 3 0x0000000080006056 (0x344025f3) x11 0x0000000000000080
core   0: 0x000000008000605a (0x343025f3) csrrs   a1, mtval, zero
core   0: 3 0x000000008000605a (0x343025f3) x11 0x00000000c04a23f3
core   0: 0x000000008000605e (0x14302573) csrrs   a0, stval, zero
core   0: 3 0x000000008000605e (0x14302573) x10 0x0000000000000000
core   0: 0x0000000080006062 (0xb02024f3) csrrs   s1, minstret, zero
core   0: 3 0x0000000080006062 (0xb02024f3) x9  0x0000000000000887
core   0: 0x0000000080006066 (0x0000a811) c.j     pc + 20
core   0: 3 0x0000000080006066 (0xa811)
core   0: >>>>  mepc_4
core   0: 0x000000008000607a (0x00000791) c.addi  a5, 4
core   0: 3 0x000000008000607a (0x0791) x15 0x00000000800042a0
core   0: 0x000000008000607c (0x34179073) csrrw   zero, mepc, a5
core   0: 3 0x000000008000607c (0x34179073) c833_mepc 0x00000000800042a0
core   0: 0x0000000080006080 (0x30200073) mret
core   0: 3 0x0000000080006080 (0x30200073) c768_mstatus 0x8000000a00106080
core   0: 0x00000000800042a0 (0x035d56b3) divu    a3, s10, s5
core   0: 1 0x00000000800042a0 (0x035d56b3) x13 0x0000000000000000
core   0: 0x00000000800042a4 (0x0066033b) addw    t1, a2, t1
core   0: 1 0x00000000800042a4 (0x0066033b) x6  0x000000001f20ebb8
core   0: 0x00000000800042a8 (0xc21bf453) fcvt.wu.d s0, fs7
core   0: 1 0x00000000800042a8 (0xc21bf453) c1_fflags 0x0000000000000015 x8  0xffffffffffffffff
core   0: 0x00000000800042ac (0x130bf6d3) fmul.d  fa3, fs7, fa6
core   0: 1 0x00000000800042ac (0x130bf6d3) f13 0x7ff8000000000000
core   0: 0x00000000800042b0 (0xb2b27acf) fnmadd.d fs5, ft4, fa1, fs6
core   0: 1 0x00000000800042b0 (0xb2b27acf) f21 0x7ff8000000000000
core   0: 0x00000000800042b4 (0x00f7919b) slliw   gp, a5, 15
core   0: 1 0x00000000800042b4 (0x00f7919b) x3  0x0000000021500000
core   0: 0x00000000800042b8 (0x02579c93) slli    s9, a5, 37
core   0: 1 0x00000000800042b8 (0x02579c93) x25 0x0008540000000000
core   0: 0x00000000800042bc (0x31f7fb93) andi    s7, a5, 799
core   0: 1 0x00000000800042bc (0x31f7fb93) x23 0x0000000000000200
core   0: 0x00000000800042c0 (0x027386bb) mulw    a3, t2, t2
core   0: 1 0x00000000800042c0 (0x027386bb) x13 0x0000000000000000
core   0: 0x00000000800042c4 (0xc02273d3) fcvt.l.s t2, ft4
core   0: 1 0x00000000800042c4 (0xc02273d3) c1_fflags 0x0000000000000015 x7  0x7fffffffffffffff
core   0: 0x00000000800042c8 (0x027e503b) divuw   zero, t3, t2
core   0: 1 0x00000000800042c8 (0x027e503b)
core   0: 0x00000000800042cc (0xd220fbd3) fcvt.d.l fs7, ra
core   0: 1 0x00000000800042cc (0xd220fbd3) f23 0x41e0000802800000
core   0: 0x00000000800042d0 (0xc23bfc53) fcvt.lu.d s8, fs7
core   0: 1 0x00000000800042d0 (0xc23bfc53) x24 0x0000000080004014
core   0: 0x00000000800042d4 (0x02356533) rem     a0, a0, gp
core   0: 1 0x00000000800042d4 (0x02356533) x10 0x0000000000000000
core   0: 0x00000000800042d8 (0x02a1d8bb) divuw   a7, gp, a0
core   0: 1 0x00000000800042d8 (0x02a1d8bb) x17 0xffffffffffffffff
core   0: 0x00000000800042dc (0x01311b33) sll     s6, sp, s3
core   0: 1 0x00000000800042dc (0x01311b33) x22 0x0000800326eb0000
core   0: 0x00000000800042e0 (0x01267633) and     a2, a2, s2
core   0: 1 0x00000000800042e0 (0x01267633) x12 0x0000000000000000
core   0: 0x00000000800042e4 (0xc03474d3) fcvt.lu.s s1, fs0
core   0: 1 0x00000000800042e4 (0xc03474d3) c1_fflags 0x0000000000000015 x9  0xffffffffffffffff
core   0: 0x00000000800042e8 (0x4094d933) sra     s2, s1, s1
core   0: 1 0x00000000800042e8 (0x4094d933) x18 0xffffffffffffffff
core   0: 0x00000000800042ec (0x23830353) fsgnj.d ft6, ft6, fs8
core   0: 1 0x00000000800042ec (0x23830353) f6  0x0000000000000000
core   0: 0x00000000800042f0 (0x401d553b) sraw    a0, s10, ra
core   0: 1 0x00000000800042f0 (0x401d553b) x10 0x0000000000000000
core   0: 0x00000000800042f4 (0xc05ff673) csrrci  a2, hpmcounter5, 31
core   0: exception trap_illegal_instruction, epc 0x00000000800042f4
core   0:           tval 0x00000000c05ff673
core   0: >>>>  $xrv64i2p1_m2p0_a2p1_f2p2_d2p2_zicsr2p0_zifencei2p0_zmmul1p0_zba1p0_zbb1p0_zbc1p0_zbs1p0
core   0: 0x0000000080004000 (0x0080006f) j       pc + 0x8
core   0: 3 0x0000000080004000 (0x0080006f)
core   0: >>>>  mmode_exception_handler
core   0: 0x0000000080004008 (0x00002c17) auipc   s8, 0x2
core   0: 3 0x0000000080004008 (0x00002c17) x24 0x0000000080006008
core   0: 0x000000008000400c (0x03ec0c13) addi    s8, s8, 62
core   0: 3 0x000000008000400c (0x03ec0c13) x24 0x0000000080006046
core   0: 0x0000000080004010 (0x000c00e7) jalr    s8
core   0: 3 0x0000000080004010 (0x000c00e7) x1  0x0000000080004014
core   0: >>>>  any_handler
core   0: 0x0000000080006046 (0x341027f3) csrrs   a5, mepc, zero
core   0: 3 0x0000000080006046 (0x341027f3) x15 0x00000000800042f4
core   0: 0x000000008000604a (0x34202773) csrrs   a4, mcause, zero
core   0: 3 0x000000008000604a (0x34202773) x14 0x0000000000000002
core   0: 0x000000008000604e (0x142026f3) csrrs   a3, scause, zero
core   0: 3 0x000000008000604e (0x142026f3) x13 0x0000000000000000
core   0: 0x0000000080006052 (0x30402673) csrrs   a2, mie, zero
core   0: 3 0x0000000080006052 (0x30402673) x12 0x0000000000000a00
core   0: 0x0000000080006056 (0x344025f3) csrrs   a1, mip, zero
core   0: 3 0x0000000080006056 (0x344025f3) x11 0x0000000000000080
core   0: 0x000000008000605a (0x343025f3) csrrs   a1, mtval, zero
core   0: 3 0x000000008000605a (0x343025f3) x11 0x00000000c05ff673
core   0: 0x000000008000605e (0x14302573) csrrs   a0, stval, zero
core   0: 3 0x000000008000605e (0x14302573) x10 0x0000000000000000
core   0: 0x0000000080006062 (0xb02024f3) csrrs   s1, minstret, zero
core   0: 3 0x0000000080006062 (0xb02024f3) x9  0x00000000000008ac
core   0: 0x0000000080006066 (0x0000a811) c.j     pc + 20
core   0: 3 0x0000000080006066 (0xa811)
core   0: >>>>  mepc_4
core   0: 0x000000008000607a (0x00000791) c.addi  a5, 4
core   0: 3 0x000000008000607a (0x0791) x15 0x00000000800042f8
core   0: 0x000000008000607c (0x34179073) csrrw   zero, mepc, a5
core   0: 3 0x000000008000607c (0x34179073) c833_mepc 0x00000000800042f8
core   0: 0x0000000080006080 (0x30200073) mret
core   0: 3 0x0000000080006080 (0x30200073) c768_mstatus 0x8000000a00106080
core   0: 0x00000000800042f8 (0x41f65a1b) sraiw   s4, a2, 31
core   0: 1 0x00000000800042f8 (0x41f65a1b) x20 0x0000000000000000
core   0: 0x00000000800042fc (0xd0217553) fcvt.s.l fa0, sp
core   0: 1 0x00000000800042fc (0xd0217553) c1_fflags 0x0000000000000015 f10 0xffffffff4f000327
core   0: 0x0000000080004300 (0x006a47b3) xor     a5, s4, t1
core   0: 1 0x0000000080004300 (0x006a47b3) x15 0x000000001f20ebb8
core   0: 0x0000000080004304 (0x03ce503b) divuw   zero, t3, t3
core   0: 1 0x0000000080004304 (0x03ce503b)
core   0: 0x0000000080004308 (0x029bddbb) divuw   s11, s7, s1
core   0: 1 0x0000000080004308 (0x029bddbb) x27 0x0000000000000000
core   0: 0x000000008000430c (0x002020f3) csrrs   ra, frm, zero
core   0: 1 0x000000008000430c (0x002020f3) x1  0x0000000000000000
core   0: 0x0000000080004310 (0x02baf7b3) remu    a5, s5, a1
core   0: 1 0x0000000080004310 (0x02baf7b3) x15 0x000000007fffffff
core   0: 0x0000000080004314 (0xd037f9d3) fcvt.s.lu fs3, a5
core   0: 1 0x0000000080004314 (0xd037f9d3) c1_fflags 0x0000000000000015 f19 0xffffffff4f000000
core   0: 0x0000000080004318 (0x000cc793) xori    a5, s9, 0
core   0: 1 0x0000000080004318 (0x000cc793) x15 0x0008540000000000
core   0: 0x000000008000431c (0xc20af653) fcvt.w.d a2, fs5
core   0: 1 0x000000008000431c (0xc20af653) c1_fflags 0x0000000000000015 x12 0x000000007fffffff
core   0: 0x0000000080004320 (0x02e74133) div     sp, a4, a4
core   0: 1 0x0000000080004320 (0x02e74133) x2  0x0000000000000001
core   0: 0x0000000080004324 (0x0408eb37) lui     s6, 0x408e
core   0: 1 0x0000000080004324 (0x0408eb37) x22 0x000000000408e000
core   0: 0x0000000080004328 (0xc039f253) fcvt.lu.s tp, fs3
core   0: 1 0x0000000080004328 (0xc039f253) x4  0x0000000080000000
core   0: 0x000000008000432c (0xbb89f547) fmsub.d fa0, fs3, fs8, fs7
core   0: 1 0x000000008000432c (0xbb89f547) f10 0x7ff8000000000000
core   0: 0x0000000080004330 (0x03c063b3) rem     t2, zero, t3
core   0: 1 0x0000000080004330 (0x03c063b3) x7  0x0000000000000000
core   0: 0x0000000080004334 (0xd21606d3) fcvt.d.wu fa3, a2
core   0: 1 0x0000000080004334 (0xd21606d3) f13 0x41dfffffffc00000
core   0: 0x0000000080004338 (0xd22a7353) fcvt.d.l ft6, s4
core   0: 1 0x0000000080004338 (0xd22a7353) f6  0x0000000000000000
core   0: 0x000000008000433c (0xd224fc53) fcvt.d.l fs8, s1
core   0: 1 0x000000008000433c (0xd224fc53) f24 0x40a1580000000000
core   0: 0x0000000080004340 (0x401572d3) fcvt.s.d ft5, fa0
core   0: 1 0x0000000080004340 (0x401572d3) f5  0xffffffff7fc00000
core   0: 0x0000000080004344 (0x0002109b) slliw   ra, tp, 0
core   0: 1 0x0000000080004344 (0x0002109b) x1  0xffffffff80000000
core   0: 0x0000000080004348 (0xfc0d7c93) andi    s9, s10, -64
core   0: 1 0x0000000080004348 (0xfc0d7c93) x25 0x0000000000000000
core   0: 0x000000008000434c (0x42028cd3) fcvt.d.s fs9, ft5
core   0: 1 0x000000008000434c (0x42028cd3) f25 0x7ff8000000000000
core   0: 0x0000000080004350 (0x41b8d39b) sraiw   t2, a7, 27
core   0: 1 0x0000000080004350 (0x41b8d39b) x7  0xffffffffffffffff
core   0: 0x0000000080004354 (0x01c39c3b) sllw    s8, t2, t3
core   0: 1 0x0000000080004354 (0x01c39c3b) x24 0xffffffff80000000
core   0: 0x0000000080004358 (0x018b6d33) or      s10, s6, s8
core   0: 1 0x0000000080004358 (0x018b6d33) x26 0xffffffff8408e000
core   0: 0x000000008000435c (0xc23774d3) fcvt.lu.d s1, fa4
core   0: 1 0x000000008000435c (0xc23774d3) c1_fflags 0x0000000000000015 x9  0xffffffffffffffff
core   0: 0x0000000080004360 (0xd2098d53) fcvt.d.w fs10, s3
core   0: 1 0x0000000080004360 (0xd2098d53) f26 0xc1dfff381c000000
core   0: 0x0000000080004364 (0x2b311fd3) fmax.d  ft11, ft2, fs3
core   0: 1 0x0000000080004364 (0x2b311fd3) f31 0x7ff8000000000000
core   0: 0x0000000080004368 (0x22da0f53) fsgnj.d ft10, fs4, fa3
core   0: 1 0x0000000080004368 (0x22da0f53) f30 0x7fffffff00000000
core   0: 0x000000008000436c (0x001c9ef3) csrrw   t4, fflags, s9
core   0: 1 0x000000008000436c (0x001c9ef3) x29 0x0000000000000015 c1_fflags 0x0000000000000000
core   0: 0x0000000080004370 (0xfff5f413) andi    s0, a1, -1
core   0: 1 0x0000000080004370 (0xfff5f413) x8  0x00000000c05ff673
core   0: 0x0000000080004374 (0xfff46c13) ori     s8, s0, -1
core   0: 1 0x0000000080004374 (0xfff46c13) x24 0xffffffffffffffff
core   0: 0x0000000080004378 (0xd23efc53) fcvt.d.lu fs8, t4
core   0: 1 0x0000000080004378 (0xd23efc53) f24 0x4035000000000000
core   0: 0x000000008000437c (0x0357bdb3) mulhu   s11, a5, s5
core   0: 1 0x000000008000437c (0x0357bdb3) x27 0x00000000000429ff
core   0: 0x0000000080004380 (0x222a1153) fsgnjn.d ft2, fs4, ft2
core   0: 1 0x0000000080004380 (0x222a1153) f2  0x7fffffff00000000
core   0: 0x0000000080004384 (0x0087d333) srl     t1, a5, s0
core   0: 1 0x0000000080004384 (0x0087d333) x6  0x0000000000000001
core   0: 0x0000000080004388 (0xad758c93) addi    s9, a1, -1321
core   0: 1 0x0000000080004388 (0xad758c93) x25 0x00000000c05ff14a
core   0: 0x000000008000438c (0x01addd3b) srlw    s10, s11, s10
core   0: 1 0x000000008000438c (0x01addd3b) x26 0x00000000000429ff
core   0: 0x0000000080004390 (0x01ad5393) srli    t2, s10, 26
core   0: 1 0x0000000080004390 (0x01ad5393) x7  0x0000000000000000
core   0: 0x0000000080004394 (0x017afa33) and     s4, s5, s7
core   0: 1 0x0000000080004394 (0x017afa33) x20 0x0000000000000200
core   0: 0x0000000080004398 (0x00011a93) slli    s5, sp, 0
core   0: 1 0x0000000080004398 (0x00011a93) x21 0x0000000000000001
core   0: 0x000000008000439c (0x00000001) c.nop
core   0: 1 0x000000008000439c (0x0001)
core   0: 0x000000008000439e (0x00ed883b) addw    a6, s11, a4
core   0: 1 0x000000008000439e (0x00ed883b) x16 0x0000000000042a01
core   0: 0x00000000800043a2 (0x00191073) csrrw   zero, fflags, s2
core   0: 1 0x00000000800043a2 (0x00191073) c1_fflags 0x000000000000001f
core   0: 0x00000000800043a6 (0x03016b33) rem     s6, sp, a6
core   0: 1 0x00000000800043a6 (0x03016b33) x22 0x0000000000000001
core   0: 0x00000000800043aa (0xe2068cd3) fmv.x.d s9, fa3
core   0: 1 0x00000000800043aa (0xe2068cd3) x25 0x41dfffffffc00000
core   0: 0x00000000800043ae (0xe39627b7) lui     a5, 0xe3962
core   0: 1 0x00000000800043ae (0xe39627b7) x15 0xffffffffe3962000
core   0: 0x00000000800043b2 (0x00a696bb) sllw    a3, a3, a0
core   0: 1 0x00000000800043b2 (0x00a696bb) x13 0x0000000000000000
core   0: 0x00000000800043b6 (0xd2397c53) fcvt.d.lu fs8, s2
core   0: 1 0x00000000800043b6 (0xd2397c53) c1_fflags 0x000000000000001f f24 0x43f0000000000000
core   0: 0x00000000800043ba (0x0326b233) mulhu   tp, a3, s2
core   0: 1 0x00000000800043ba (0x0326b233) x4  0x0000000000000000
core   0: 0x00000000800043be (0x238c83d3) fsgnj.d ft7, fs9, fs8
core   0: 1 0x00000000800043be (0x238c83d3) f7  0x7ff8000000000000
core   0: 0x00000000800043c2 (0x00000001) c.nop
core   0: 1 0x00000000800043c2 (0x0001)
core   0: 0x00000000800043c4 (0x10a31073) csrrw   zero, senvcfg, t1
core   0: 1 0x00000000800043c4 (0x10a31073) c266_senvcfg 0x0000000000000000
core   0: 0x00000000800043c8 (0x4133d69b) sraiw   a3, t2, 19
core   0: 1 0x00000000800043c8 (0x4133d69b) x13 0x0000000000000000
core   0: 0x00000000800043cc (0x14197073) csrrci  zero, sepc, 18
core   0: 1 0x00000000800043cc (0x14197073) c321_sepc 0x0000000000000000
core   0: 0x00000000800043d0 (0x0328fd33) remu    s10, a7, s2
core   0: 1 0x00000000800043d0 (0x0328fd33) x26 0x0000000000000000
core   0: 0x00000000800043d4 (0x03a9f1b3) remu    gp, s3, s10
core   0: 1 0x00000000800043d4 (0x03a9f1b3) x3  0xffffffff80031f90
core   0: 0x00000000800043d8 (0x0069e833) or      a6, s3, t1
core   0: 1 0x00000000800043d8 (0x0069e833) x16 0xffffffff80031f91
core   0: 0x00000000800043dc (0x03f15e93) srli    t4, sp, 63
core   0: 1 0x00000000800043dc (0x03f15e93) x29 0x0000000000000000
core   0: 0x00000000800043e0 (0x000ede13) srli    t3, t4, 0
core   0: 1 0x00000000800043e0 (0x000ede13) x28 0x0000000000000000
core   0: 0x00000000800043e4 (0x00000001) c.nop
core   0: 1 0x00000000800043e4 (0x0001)
core   0: 0x00000000800043e6 (0x139c7043) fmadd.d ft0, fs8, fs9, ft2
core   0: 1 0x00000000800043e6 (0x139c7043) f0  0x7ff8000000000000
core   0: 0x00000000800043ea (0x5a0a7ad3) fsqrt.d fs5, fs4
core   0: 1 0x00000000800043ea (0x5a0a7ad3) f21 0x7ff8000000000000
core   0: 0x00000000800043ee (0x40b154bb) sraw    s1, sp, a1
core   0: 1 0x00000000800043ee (0x40b154bb) x9  0x0000000000000000
core   0: 0x00000000800043f2 (0x1059d673) csrrwi  a2, stvec, 19
core   0: 1 0x00000000800043f2 (0x1059d673) x12 0x0000000000000000 c261_stvec 0x0000000000000011
core   0: 0x00000000800043f6 (0x030df333) remu    t1, s11, a6
core   0: 1 0x00000000800043f6 (0x030df333) x6  0x00000000000429ff
core   0: 0x00000000800043fa (0xd23e7d53) fcvt.d.lu fs10, t3
core   0: 1 0x00000000800043fa (0xd23e7d53) f26 0x0000000000000000
core   0: 0x00000000800043fe (0xc21afc53) fcvt.wu.d s8, fs5
core   0: 1 0x00000000800043fe (0xc21afc53) c1_fflags 0x000000000000001f x24 0xffffffffffffffff
core   0: 0x0000000080004402 (0x00231c33) sll     s8, t1, sp
core   0: 1 0x0000000080004402 (0x00231c33) x24 0x00000000000853fe
core   0: 0x0000000080004406 (0x01f5979b) slliw   a5, a1, 31
core   0: 1 0x0000000080004406 (0x01f5979b) x15 0xffffffff80000000
core   0: 0x000000008000440a (0x40455c3b) sraw    s8, a0, tp
core   0: 1 0x000000008000440a (0x40455c3b) x24 0x0000000000000000
core   0: 0x000000008000440e (0x42a35c93) srai    s9, t1, 42
core   0: 1 0x000000008000440e (0x42a35c93) x25 0x0000000000000000
core   0: 0x0000000080004412 (0x41458d3b) subw    s10, a1, s4
core   0: 1 0x0000000080004412 (0x41458d3b) x26 0xffffffffc05ff473
core   0: 0x0000000080004416 (0x002e9ef3) csrrw   t4, frm, t4
core   0: 1 0x0000000080004416 (0x002e9ef3) x29 0x0000000000000000 c2_frm 0x0000000000000000
core   0: 0x000000008000441a (0xe20a8c53) fmv.x.d s8, fs5
core   0: 1 0x000000008000441a (0xe20a8c53) x24 0x7ff8000000000000
core   0: 0x000000008000441e (0xa33702d3) fle.d   t0, fa4, fs3
core   0: 1 0x000000008000441e (0xa33702d3) c1_fflags 0x000000000000001f x5  0x0000000000000000
core   0: 0x0000000080004422 (0x1297fa53) fmul.d  fs4, fa5, fs1
core   0: 1 0x0000000080004422 (0x1297fa53) f20 0x7ff8000000000000
core   0: 0x0000000080004426 (0x22a71cd3) fsgnjn.d fs9, fa4, fa0
core   0: 1 0x0000000080004426 (0x22a71cd3) f25 0xfff8000000000000
core   0: 0x000000008000442a (0x005c7733) and     a4, s8, t0
core   0: 1 0x000000008000442a (0x005c7733) x14 0x0000000000000000
core   0: 0x000000008000442e (0x038c7ec7) fmsub.d ft9, fs8, fs8, ft0
core   0: 1 0x000000008000442e (0x038c7ec7) f29 0x7ff8000000000000
core   0: 0x0000000080004432 (0x1aac7bd3) fdiv.d  fs7, fs8, fa0
core   0: 1 0x0000000080004432 (0x1aac7bd3) f23 0x7ff8000000000000
core   0: 0x0000000080004436 (0x32b375cb) fnmsub.d fa1, ft6, fa1, ft6
core   0: 1 0x0000000080004436 (0x32b375cb) f11 0x0000000000000000
core   0: 0x000000008000443a (0x4190559b) sraiw   a1, zero, 25
core   0: 1 0x000000008000443a (0x4190559b) x11 0x0000000000000000
core   0: 0x000000008000443e (0xd0387dd3) fcvt.s.lu fs11, a6
core   0: 1 0x000000008000443e (0xd0387dd3) c1_fflags 0x000000000000001f f27 0xffffffff5f800000
core   0: 0x0000000080004442 (0xc022f5d3) fcvt.l.s a1, ft5
core   0: 1 0x0000000080004442 (0xc022f5d3) c1_fflags 0x000000000000001f x11 0x7fffffffffffffff
core   0: 0x0000000080004446 (0x4019d793) srai    a5, s3, 1
core   0: 1 0x0000000080004446 (0x4019d793) x15 0xffffffffc0018fc8
core   0: 0x000000008000444a (0xd2198653) fcvt.d.wu fa2, s3
core   0: 1 0x000000008000444a (0xd2198653) f12 0x41e00063f2000000
core   0: 0x000000008000444e (0x8007841b) addiw   s0, a5, -2048
core   0: 1 0x000000008000444e (0x8007841b) x8  0xffffffffc00187c8
core   0: 0x0000000080004452 (0x2bfd84d3) fmin.d  fs1, fs11, ft11
core   0: 1 0x0000000080004452 (0x2bfd84d3) f9  0x7ff8000000000000
core   0: 0x0000000080004456 (0x0a8a7453) fsub.d  fs0, fs4, fs0
core   0: 1 0x0000000080004456 (0x0a8a7453) f8  0x7ff8000000000000
core   0: 0x000000008000445a (0x40107053) fcvt.s.d ft0, ft0
core   0: 1 0x000000008000445a (0x40107053) f0  0xffffffff7fc00000
core   0: 0x000000008000445e (0xd2140053) fcvt.d.wu ft0, s0
core   0: 1 0x000000008000445e (0xd2140053) f0  0x41e80030f9000000
core   0: 0x0000000080004462 (0xfff9ea93) ori     s5, s3, -1
core   0: 1 0x0000000080004462 (0xfff9ea93) x21 0xffffffffffffffff
core   0: 0x0000000080004466 (0x401ad393) srai    t2, s5, 1
core   0: 1 0x0000000080004466 (0x401ad393) x7  0xffffffffffffffff
core   0: 0x000000008000446a (0x002710f3) csrrw   ra, frm, a4
core   0: 1 0x000000008000446a (0x002710f3) x1  0x0000000000000000 c2_frm 0x0000000000000000
core   0: 0x000000008000446e (0xc03f77d3) fcvt.lu.s a5, ft10
core   0: 1 0x000000008000446e (0xc03f77d3) c1_fflags 0x000000000000001f x15 0xffffffffffffffff
core   0: 0x0000000080004472 (0x22960653) fsgnj.d fa2, fa2, fs1
core   0: 1 0x0000000080004472 (0x22960653) f12 0x41e00063f2000000
core   0: 0x0000000080004476 (0x026d2a33) mulhsu  s4, s10, t1
core   0: 1 0x0000000080004476 (0x026d2a33) x20 0xffffffffffffffff
core   0: 0x000000008000447a (0xc2367653) fcvt.lu.d a2, fa2
core   0: 1 0x000000008000447a (0xc2367653) x12 0x0000000080031f90
core   0: 0x000000008000447e (0x034ac23b) divw    tp, s5, s4
core   0: 1 0x000000008000447e (0x034ac23b) x4  0x0000000000000001
core   0: 0x0000000080004482 (0x024a8cbb) mulw    s9, s5, tp
core   0: 1 0x0000000080004482 (0x024a8cbb) x25 0xffffffffffffffff
core   0: 0x0000000080004486 (0x2b0800d3) fmin.d  ft1, fa6, fa6
core   0: 1 0x0000000080004486 (0x2b0800d3) f1  0x7ff8000000000000
core   0: 0x000000008000448a (0xa3f88853) fle.d   a6, fa7, ft11
core   0: 1 0x000000008000448a (0xa3f88853) c1_fflags 0x000000000000001f x16 0x0000000000000000
core   0: 0x000000008000448e (0x012c9b9b) slliw   s7, s9, 18
core   0: 1 0x000000008000448e (0x012c9b9b) x23 0xfffffffffffc0000
core   0: 0x0000000080004492 (0x0002551b) srliw   a0, tp, 0
core   0: 1 0x0000000080004492 (0x0002551b) x10 0x0000000000000001
core   0: 0x0000000080004496 (0x40bcd713) srai    a4, s9, 11
core   0: 1 0x0000000080004496 (0x40bcd713) x14 0xffffffffffffffff
core   0: 0x000000008000449a (0xd02d74d3) fcvt.s.l fs1, s10
core   0: 1 0x000000008000449a (0xd02d74d3) c1_fflags 0x000000000000001f f9  0xffffffffce7e802e
core   0: 0x000000008000449e (0x002aa733) slt     a4, s5, sp
core   0: 1 0x000000008000449e (0x002aa733) x14 0x0000000000000001
core   0: 0x00000000800044a2 (0x1b19f9d3) fdiv.d  fs3, fs3, fa7
core   0: 1 0x00000000800044a2 (0x1b19f9d3) f19 0x7ff8000000000000
core   0: 0x00000000800044a6 (0xd227f253) fcvt.d.l ft4, a5
core   0: 1 0x00000000800044a6 (0xd227f253) f4  0xbff0000000000000
core   0: 0x00000000800044aa (0xc2047853) fcvt.w.d a6, fs0
core   0: 1 0x00000000800044aa (0xc2047853) c1_fflags 0x000000000000001f x16 0x000000007fffffff
core   0: 0x00000000800044ae (0x00000001) c.nop
core   0: 1 0x00000000800044ae (0x0001)
core   0: 0x00000000800044b0 (0x023c51bb) divuw   gp, s8, gp
core   0: 1 0x00000000800044b0 (0x023c51bb) x3  0x0000000000000000
core   0: 0x00000000800044b4 (0x22ee9cd3) fsgnjn.d fs9, ft9, fa4
core   0: 1 0x00000000800044b4 (0x22ee9cd3) f25 0xfff8000000000000
core   0: 0x00000000800044b8 (0xc2377bd3) fcvt.lu.d s7, fa4
core   0: 1 0x00000000800044b8 (0xc2377bd3) c1_fflags 0x000000000000001f x23 0xffffffffffffffff
core   0: 0x00000000800044bc (0x027686bb) mulw    a3, a3, t2
core   0: 1 0x00000000800044bc (0x027686bb) x13 0x0000000000000000
core   0: 0x00000000800044c0 (0xc2177953) fcvt.wu.d s2, fa4
core   0: 1 0x00000000800044c0 (0xc2177953) c1_fflags 0x000000000000001f x18 0xffffffffffffffff
core   0: 0x00000000800044c4 (0x2b2c9953) fmax.d  fs2, fs9, fs2
core   0: 1 0x00000000800044c4 (0x2b2c9953) f18 0x7ff8000000000000
core   0: 0x00000000800044c8 (0x4125d5bb) sraw    a1, a1, s2
core   0: 1 0x00000000800044c8 (0x4125d5bb) x11 0xffffffffffffffff
core   0: 0x00000000800044cc (0x01940cbb) addw    s9, s0, s9
core   0: 1 0x00000000800044cc (0x01940cbb) x25 0xffffffffc00187c7
core   0: 0x00000000800044d0 (0xe2060cd3) fmv.x.d s9, fa2
core   0: 1 0x00000000800044d0 (0xe2060cd3) x25 0x41e00063f2000000
core   0: 0x00000000800044d4 (0x1d79eb93) ori     s7, s3, 471
core   0: 1 0x00000000800044d4 (0x1d79eb93) x23 0xffffffff80031fd7
core   0: 0x00000000800044d8 (0xc2227b53) fcvt.l.d s6, ft4
core   0: 1 0x00000000800044d8 (0xc2227b53) x22 0xffffffffffffffff
core   0: 0x00000000800044dc (0xd03979d3) fcvt.s.lu fs3, s2
core   0: 1 0x00000000800044dc (0xd03979d3) c1_fflags 0x000000000000001f f19 0xffffffff5f800000
core   0: 0x00000000800044e0 (0x03c34633) div     a2, t1, t3
core   0: 1 0x00000000800044e0 (0x03c34633) x12 0xffffffffffffffff
core   0: 0x00000000800044e4 (0xd20806d3) fcvt.d.w fa3, a6
core   0: 1 0x00000000800044e4 (0xd20806d3) f13 0x41dfffffffc00000
core   0: 0x00000000800044e8 (0x0bef79d3) fsub.d  fs3, ft10, ft10
core   0: 1 0x00000000800044e8 (0x0bef79d3) f19 0x7ff8000000000000
core   0: 0x00000000800044ec (0xc02f7d53) fcvt.l.s s10, ft10
core   0: 1 0x00000000800044ec (0xc02f7d53) c1_fflags 0x000000000000001f x26 0x7fffffffffffffff
core   0: 0x00000000800044f0 (0x0005139b) slliw   t2, a0, 0
core   0: 1 0x00000000800044f0 (0x0005139b) x7  0x0000000000000001
core   0: 0x00000000800044f4 (0x007585bb) addw    a1, a1, t2
core   0: 1 0x00000000800044f4 (0x007585bb) x11 0x0000000000000000
core   0: 0x00000000800044f8 (0x7ffb6493) ori     s1, s6, 2047
core   0: 1 0x00000000800044f8 (0x7ffb6493) x9  0xffffffffffffffff
core   0: 0x00000000800044fc (0xe2028653) fmv.x.d a2, ft5
core   0: 1 0x00000000800044fc (0xe2028653) x12 0xffffffff7fc00000
core   0: 0x0000000080004500 (0xc223f853) fcvt.l.d a6, ft7
core   0: 1 0x0000000080004500 (0xc223f853) c1_fflags 0x000000000000001f x16 0x7fffffffffffffff
core   0: 0x0000000080004504 (0x00001332) c.slli  t1, 44
core   0: 1 0x0000000080004504 (0x1332) x6  0x429ff00000000000
core   0: 0x0000000080004506 (0x40e781b3) sub     gp, a5, a4
core   0: 1 0x0000000080004506 (0x40e781b3) x3  0xfffffffffffffffe
core   0: 0x000000008000450a (0x0a73f853) fsub.d  fa6, ft7, ft7
core   0: 1 0x000000008000450a (0x0a73f853) f16 0x7ff8000000000000
core   0: 0x000000008000450e (0xd2287953) fcvt.d.l fs2, a6
core   0: 1 0x000000008000450e (0xd2287953) c1_fflags 0x000000000000001f f18 0x43e0000000000000
core   0: 0x0000000080004512 (0x031c26b3) mulhsu  a3, s8, a7
core   0: 1 0x0000000080004512 (0x031c26b3) x13 0x7ff7ffffffffffff
core   0: 0x0000000080004516 (0x03c5774b) fnmsub.d fa4, fa0, ft8, ft0
core   0: 1 0x0000000080004516 (0x03c5774b) f14 0x7ff8000000000000
core   0: 0x000000008000451a (0x130e7353) fmul.d  ft6, ft8, fa6
core   0: 1 0x000000008000451a (0x130e7353) f6  0x7ff8000000000000
core   0: 0x000000008000451e (0x00000001) c.nop
core   0: 1 0x000000008000451e (0x0001)
core   0: 0x0000000080004520 (0x03dee133) rem     sp, t4, t4
core   0: 1 0x0000000080004520 (0x03dee133) x2  0x0000000000000000
core   0: 0x0000000080004524 (0xc03aae73) csrrs   t3, hpmcounter3, s5
core   0: exception trap_illegal_instruction, epc 0x0000000080004524
core   0:           tval 0x00000000c03aae73
core   0: >>>>  $xrv64i2p1_m2p0_a2p1_f2p2_d2p2_zicsr2p0_zifencei2p0_zmmul1p0_zba1p0_zbb1p0_zbc1p0_zbs1p0
core   0: 0x0000000080004000 (0x0080006f) j       pc + 0x8
core   0: 3 0x0000000080004000 (0x0080006f)
core   0: >>>>  mmode_exception_handler
core   0: 0x0000000080004008 (0x00002c17) auipc   s8, 0x2
core   0: 3 0x0000000080004008 (0x00002c17) x24 0x0000000080006008
core   0: 0x000000008000400c (0x03ec0c13) addi    s8, s8, 62
core   0: 3 0x000000008000400c (0x03ec0c13) x24 0x0000000080006046
core   0: 0x0000000080004010 (0x000c00e7) jalr    s8
core   0: 3 0x0000000080004010 (0x000c00e7) x1  0x0000000080004014
core   0: >>>>  any_handler
core   0: 0x0000000080006046 (0x341027f3) csrrs   a5, mepc, zero
core   0: 3 0x0000000080006046 (0x341027f3) x15 0x0000000080004524
core   0: 0x000000008000604a (0x34202773) csrrs   a4, mcause, zero
core   0: 3 0x000000008000604a (0x34202773) x14 0x0000000000000002
core   0: 0x000000008000604e (0x142026f3) csrrs   a3, scause, zero
core   0: 3 0x000000008000604e (0x142026f3) x13 0x0000000000000000
core   0: 0x0000000080006052 (0x30402673) csrrs   a2, mie, zero
core   0: 3 0x0000000080006052 (0x30402673) x12 0x0000000000000a00
core   0: 0x0000000080006056 (0x344025f3) csrrs   a1, mip, zero
core   0: 3 0x0000000080006056 (0x344025f3) x11 0x0000000000000080
core   0: 0x000000008000605a (0x343025f3) csrrs   a1, mtval, zero
core   0: 3 0x000000008000605a (0x343025f3) x11 0x00000000c03aae73
core   0: 0x000000008000605e (0x14302573) csrrs   a0, stval, zero
core   0: 3 0x000000008000605e (0x14302573) x10 0x0000000000000000
core   0: 0x0000000080006062 (0xb02024f3) csrrs   s1, minstret, zero
core   0: 3 0x0000000080006062 (0xb02024f3) x9  0x000000000000094a
core   0: 0x0000000080006066 (0x0000a811) c.j     pc + 20
core   0: 3 0x0000000080006066 (0xa811)
core   0: >>>>  mepc_4
core   0: 0x000000008000607a (0x00000791) c.addi  a5, 4
core   0: 3 0x000000008000607a (0x0791) x15 0x0000000080004528
core   0: 0x000000008000607c (0x34179073) csrrw   zero, mepc, a5
core   0: 3 0x000000008000607c (0x34179073) c833_mepc 0x0000000080004528
core   0: 0x0000000080006080 (0x30200073) mret
core   0: 3 0x0000000080006080 (0x30200073) c768_mstatus 0x8000000a00106080
core   0: 0x0000000080004528 (0x0031d333) srl     t1, gp, gp
core   0: 1 0x0000000080004528 (0x0031d333) x6  0x0000000000000003
core   0: 0x000000008000452c (0x000092fd) c.srli  a3, 63
core   0: 1 0x000000008000452c (0x92fd) x13 0x0000000000000000
core   0: 0x000000008000452e (0x02d41ab3) mulh    s5, s0, a3
core   0: 1 0x000000008000452e (0x02d41ab3) x21 0x0000000000000000
core   0: 0x0000000080004532 (0x5a047d53) fsqrt.d fs10, fs0
core   0: 1 0x0000000080004532 (0x5a047d53) f26 0x7ff8000000000000
core   0: 0x0000000080004536 (0x0ff0000f) fence   iorw,iorw
core   0: 1 0x0000000080004536 (0x0ff0000f)
core   0: 0x000000008000453a (0x405b5133) sra     sp, s6, t0
core   0: 1 0x000000008000453a (0x405b5133) x2  0xffffffffffffffff
core   0: 0x000000008000453e (0x00000001) c.nop
core   0: 1 0x000000008000453e (0x0001)
core   0: 0x0000000080004540 (0xa38d0453) fle.d   s0, fs10, fs8
core   0: 1 0x0000000080004540 (0xa38d0453) c1_fflags 0x000000000000001f x8  0x0000000000000000
core   0: 0x0000000080004544 (0x000a1633) sll     a2, s4, zero
core   0: 1 0x0000000080004544 (0x000a1633) x12 0xffffffffffffffff
core   0: 0x0000000080004548 (0x2251a1d3) fsgnjx.d ft3, ft3, ft5
core   0: 1 0x0000000080004548 (0x2251a1d3) f3  0x7fffffff00000000
core   0: 0x000000008000454c (0x5a0c75d3) fsqrt.d fa1, fs8
core   0: 1 0x000000008000454c (0x5a0c75d3) f11 0x41f0000000000000
core   0: 0x0000000080004550 (0x01965d33) srl     s10, a2, s9
core   0: 1 0x0000000080004550 (0x01965d33) x26 0xffffffffffffffff
core   0: 0x0000000080004554 (0x0073e9b3) or      s3, t2, t2
core   0: 1 0x0000000080004554 (0x0073e9b3) x19 0x0000000000000001
core   0: 0x0000000080004558 (0xc21cf5d3) fcvt.wu.d a1, fs9
core   0: 1 0x0000000080004558 (0xc21cf5d3) c1_fflags 0x000000000000001f x11 0xffffffffffffffff
core   0: 0x000000008000455c (0x3c864b93) xori    s7, a2, 968
core   0: 1 0x000000008000455c (0x3c864b93) x23 0xfffffffffffffc37
core   0: 0x0000000080004560 (0x0333d6bb) divuw   a3, t2, s3
core   0: 1 0x0000000080004560 (0x0333d6bb) x13 0x0000000000000001
core   0: 0x0000000080004564 (0x0171e9b3) or      s3, gp, s7
core   0: 1 0x0000000080004564 (0x0171e9b3) x19 0xffffffffffffffff
core   0: 0x0000000080004568 (0x006a1a1b) slliw   s4, s4, 6
core   0: 1 0x0000000080004568 (0x006a1a1b) x20 0xffffffffffffffc0
core   0: 0x000000008000456c (0x418dd9b3) sra     s3, s11, s8
core   0: 1 0x000000008000456c (0x418dd9b3) x19 0x00000000000010a7
core   0: 0x0000000080004570 (0xd2190a53) fcvt.d.wu fs4, s2
core   0: 1 0x0000000080004570 (0xd2190a53) f20 0x41efffffffe00000
core   0: 0x0000000080004574 (0x01bd0233) add     tp, s10, s11
core   0: 1 0x0000000080004574 (0x01bd0233) x4  0x00000000000429fe
core   0: 0x0000000080004578 (0x039d6dbb) remw    s11, s10, s9
core   0: 1 0x0000000080004578 (0x039d6dbb) x27 0xffffffffffffffff
core   0: 0x000000008000457c (0x00000001) c.nop
core   0: 1 0x000000008000457c (0x0001)
core   0: 0x000000008000457e (0x029b7b3b) remuw   s6, s6, s1
core   0: 1 0x000000008000457e (0x029b7b3b) x22 0x00000000000007fd
core   0: 0x0000000080004582 (0x226429d3) fsgnjx.d fs3, fs0, ft6
core   0: 1 0x0000000080004582 (0x226429d3) f19 0x7ff8000000000000
core   0: 0x0000000080004586 (0x40125013) srai    zero, tp, 1
core   0: 1 0x0000000080004586 (0x40125013)
core   0: 0x000000008000458a (0x0110043b) addw    s0, zero, a7
core   0: 1 0x000000008000458a (0x0110043b) x8  0xffffffffffffffff
core   0: 0x000000008000458e (0x00001593) slli    a1, zero, 0
core   0: 1 0x000000008000458e (0x00001593) x11 0x0000000000000000
core   0: 0x0000000080004592 (0x02b7c3bb) divw    t2, a5, a1
core   0: 1 0x0000000080004592 (0x02b7c3bb) x7  0xffffffffffffffff
core   0: 0x0000000080004596 (0x01193933) sltu    s2, s2, a7
core   0: 1 0x0000000080004596 (0x01193933) x18 0x0000000000000000
core   0: 0x000000008000459a (0x02a55cbb) divuw   s9, a0, a0
core   0: 1 0x000000008000459a (0x02a55cbb) x25 0xffffffffffffffff
core   0: 0x000000008000459e (0x002027f3) csrrs   a5, frm, zero
core   0: 1 0x000000008000459e (0x002027f3) x15 0x0000000000000000
core   0: 0x00000000800045a2 (0xf2078d53) fmv.d.x fs10, a5
core   0: 1 0x00000000800045a2 (0xf2078d53) f26 0x0000000000000000
core   0: 0x00000000800045a6 (0x0361043b) mulw    s0, sp, s6
core   0: 1 0x00000000800045a6 (0x0361043b) x8  0xfffffffffffff803
core   0: 0x00000000800045aa (0x0039f533) and     a0, s3, gp
core   0: 1 0x00000000800045aa (0x0039f533) x10 0x00000000000010a6
core   0: 0x00000000800045ae (0xf2098dd3) fmv.d.x fs11, s3
core   0: 1 0x00000000800045ae (0xf2098dd3) f27 0x00000000000010a7
core   0: 0x00000000800045b2 (0x0026d5bb) srlw    a1, a3, sp
core   0: 1 0x00000000800045b2 (0x0026d5bb) x11 0x0000000000000000
core   0: 0x00000000800045b6 (0x003686bb) addw    a3, a3, gp
core   0: 1 0x00000000800045b6 (0x003686bb) x13 0xffffffffffffffff
core   0: 0x00000000800045ba (0x1006a0f3) csrrs   ra, sstatus, a3
core   0: 1 0x00000000800045ba (0x1006a0f3) x1  0x8000000200006000 c768_mstatus 0x8000000a001c61a2
core   0: 0x00000000800045be (0x00a56db3) or      s11, a0, a0
core   0: 1 0x00000000800045be (0x00a56db3) x27 0x00000000000010a6
core   0: 0x00000000800045c2 (0xd02570d3) fcvt.s.l ft1, a0
core   0: 1 0x00000000800045c2 (0xd02570d3) f1  0xffffffff45853000
core   0: 0x00000000800045c6 (0x4008511b) sraiw   sp, a6, 0
core   0: 1 0x00000000800045c6 (0x4008511b) x2  0xffffffffffffffff
core   0: 0x00000000800045ca (0x01010733) add     a4, sp, a6
core   0: 1 0x00000000800045ca (0x01010733) x14 0x7ffffffffffffffe
core   0: 0x00000000800045ce (0xd02e7f53) fcvt.s.l ft10, t3
core   0: 1 0x00000000800045ce (0xd02e7f53) f30 0xffffffff00000000
core   0: 0x00000000800045d2 (0x02c97233) remu    tp, s2, a2
core   0: 1 0x00000000800045d2 (0x02c97233) x4  0x0000000000000000
core   0: 0x00000000800045d6 (0x0003589b) srliw   a7, t1, 0
core   0: 1 0x00000000800045d6 (0x0003589b) x17 0x0000000000000003
core   0: 0x00000000800045da (0x013169b3) or      s3, sp, s3
core   0: 1 0x00000000800045da (0x013169b3) x19 0xffffffffffffffff
core   0: 0x00000000800045de (0x0a377d53) fsub.d  fs10, fa4, ft3
core   0: 1 0x00000000800045de (0x0a377d53) f26 0x7ff8000000000000
core   0: 0x00000000800045e2 (0x02d456b3) divu    a3, s0, a3
core   0: 1 0x00000000800045e2 (0x02d456b3) x13 0x0000000000000000
core   0: 0x00000000800045e6 (0x02769793) slli    a5, a3, 39
core   0: 1 0x00000000800045e6 (0x02769793) x15 0x0000000000000000
core   0: 0x00000000800045ea (0x02edee33) rem     t3, s11, a4
core   0: 1 0x00000000800045ea (0x02edee33) x28 0x00000000000010a6
core   0: 0x00000000800045ee (0x7e870713) addi    a4, a4, 2024
core   0: 1 0x00000000800045ee (0x7e870713) x14 0x80000000000007e6
core   0: 0x00000000800045f2 (0x01127533) and     a0, tp, a7
core   0: 1 0x00000000800045f2 (0x01127533) x10 0x0000000000000000
core   0: 0x00000000800045f6 (0x344fec73) csrrsi  s8, mip, 31
core   0: exception trap_illegal_instruction, epc 0x00000000800045f6
core   0:           tval 0x00000000344fec73
core   0: >>>>  $xrv64i2p1_m2p0_a2p1_f2p2_d2p2_zicsr2p0_zifencei2p0_zmmul1p0_zba1p0_zbb1p0_zbc1p0_zbs1p0
core   0: 0x0000000080004000 (0x0080006f) j       pc + 0x8
core   0: 3 0x0000000080004000 (0x0080006f)
core   0: >>>>  mmode_exception_handler
core   0: 0x0000000080004008 (0x00002c17) auipc   s8, 0x2
core   0: 3 0x0000000080004008 (0x00002c17) x24 0x0000000080006008
core   0: 0x000000008000400c (0x03ec0c13) addi    s8, s8, 62
core   0: 3 0x000000008000400c (0x03ec0c13) x24 0x0000000080006046
core   0: 0x0000000080004010 (0x000c00e7) jalr    s8
core   0: 3 0x0000000080004010 (0x000c00e7) x1  0x0000000080004014
core   0: >>>>  any_handler
core   0: 0x0000000080006046 (0x341027f3) csrrs   a5, mepc, zero
core   0: 3 0x0000000080006046 (0x341027f3) x15 0x00000000800045f6
core   0: 0x000000008000604a (0x34202773) csrrs   a4, mcause, zero
core   0: 3 0x000000008000604a (0x34202773) x14 0x0000000000000002
core   0: 0x000000008000604e (0x142026f3) csrrs   a3, scause, zero
core   0: 3 0x000000008000604e (0x142026f3) x13 0x0000000000000000
core   0: 0x0000000080006052 (0x30402673) csrrs   a2, mie, zero
core   0: 3 0x0000000080006052 (0x30402673) x12 0x0000000000000a00
core   0: 0x0000000080006056 (0x344025f3) csrrs   a1, mip, zero
core   0: 3 0x0000000080006056 (0x344025f3) x11 0x0000000000000080
core   0: 0x000000008000605a (0x343025f3) csrrs   a1, mtval, zero
core   0: 3 0x000000008000605a (0x343025f3) x11 0x00000000344fec73
core   0: 0x000000008000605e (0x14302573) csrrs   a0, stval, zero
core   0: 3 0x000000008000605e (0x14302573) x10 0x0000000000000000
core   0: 0x0000000080006062 (0xb02024f3) csrrs   s1, minstret, zero
core   0: 3 0x0000000080006062 (0xb02024f3) x9  0x000000000000098f
core   0: 0x0000000080006066 (0x0000a811) c.j     pc + 20
core   0: 3 0x0000000080006066 (0xa811)
core   0: >>>>  mepc_4
core   0: 0x000000008000607a (0x00000791) c.addi  a5, 4
core   0: 3 0x000000008000607a (0x0791) x15 0x00000000800045fa
core   0: 0x000000008000607c (0x34179073) csrrw   zero, mepc, a5
core   0: 3 0x000000008000607c (0x34179073) c833_mepc 0x00000000800045fa
core   0: 0x0000000080006080 (0x30200073) mret
core   0: 3 0x0000000080006080 (0x30200073) c768_mstatus 0x8000000a001c61a2
core   0: 0x00000000800045fa (0x40bc579b) sraiw   a5, s8, 11
core   0: 1 0x00000000800045fa (0x40bc579b) x15 0xfffffffffff0000c
core   0: 0x00000000800045fe (0x0231f13b) remuw   sp, gp, gp
core   0: 1 0x00000000800045fe (0x0231f13b) x2  0x0000000000000000
core   0: 0x0000000080004602 (0x41088833) sub     a6, a7, a6
core   0: 1 0x0000000080004602 (0x41088833) x16 0x8000000000000004
core   0: 0x0000000080004606 (0x01e690b7) lui     ra, 0x1e69
core   0: 1 0x0000000080004606 (0x01e690b7) x1  0x0000000001e69000
core   0: 0x000000008000460a (0x4210809b) addiw   ra, ra, 1057
core   0: 1 0x000000008000460a (0x4210809b) x1  0x0000000001e69421
core   0: 0x000000008000460e (0x000000b6) c.slli  ra, 13
core   0: 1 0x000000008000460e (0x00b6) x1  0x0000003cd2842000
core   0: 0x0000000080004610 (0xa9208093) addi    ra, ra, -1390
core   0: 1 0x0000000080004610 (0xa9208093) x1  0x0000003cd2841a92
core   0: 0x0000000080004614 (0xc22d7ed3) fcvt.l.d t4, fs10
core   0: 1 0x0000000080004614 (0xc22d7ed3) c1_fflags 0x000000000000001f x29 0x7fffffffffffffff
core   0: 0x0000000080004618 (0x0092141b) slliw   s0, tp, 9
core   0: 1 0x0000000080004618 (0x0092141b) x8  0x0000000000000000
core   0: 0x000000008000461c (0x00221b73) csrrw   s6, frm, tp
core   0: 1 0x000000008000461c (0x00221b73) x22 0x0000000000000000 c2_frm 0x0000000000000000
core   0: 0x0000000080004620 (0x8a34f8cb) fnmsub.d fa7, fs1, ft3, fa7
core   0: 1 0x0000000080004620 (0x8a34f8cb) f17 0x7ff8000000000000
core   0: 0x0000000080004624 (0x7ff1f793) andi    a5, gp, 2047
core   0: 1 0x0000000080004624 (0x7ff1f793) x15 0x00000000000007fe
core   0: 0x0000000080004628 (0x0015e593) ori     a1, a1, 1
core   0: 1 0x0000000080004628 (0x0015e593) x11 0x00000000344fec73
core   0: 0x000000008000462c (0xc2137ad3) fcvt.wu.d s5, ft6
core   0: 1 0x000000008000462c (0xc2137ad3) c1_fflags 0x000000000000001f x21 0xffffffffffffffff
core   0: 0x0000000080004630 (0x402807b3) sub     a5, a6, sp
core   0: 1 0x0000000080004630 (0x402807b3) x15 0x8000000000000004
core   0: 0x0000000080004634 (0x400a5c93) srai    s9, s4, 0
core   0: 1 0x0000000080004634 (0x400a5c93) x25 0xffffffffffffffc0
core   0: 0x0000000080004638 (0x401000b3) sub     ra, zero, ra
core   0: 1 0x0000000080004638 (0x401000b3) x1  0xffffffc32d7be56e
core   0: 0x000000008000463c (0x13bd7dd3) fmul.d  fs11, fs10, fs11
core   0: 1 0x000000008000463c (0x13bd7dd3) f27 0x7ff8000000000000
core   0: 0x0000000080004640 (0x001092f3) csrrw   t0, fflags, ra
core   0: 1 0x0000000080004640 (0x001092f3) x5  0x000000000000001f c1_fflags 0x000000000000000e
core   0: 0x0000000080004644 (0x01740bbb) addw    s7, s0, s7
core   0: 1 0x0000000080004644 (0x01740bbb) x23 0xfffffffffffffc37
core   0: 0x0000000080004648 (0x02cbd63b) divuw   a2, s7, a2
core   0: 1 0x0000000080004648 (0x02cbd63b) x12 0x0000000000199999
core   0: 0x000000008000464c (0x2b7d82d3) fmin.d  ft5, fs11, fs7
core   0: 1 0x000000008000464c (0x2b7d82d3) f5  0x7ff8000000000000
core   0: 0x0000000080004650 (0x000ad83b) srlw    a6, s5, zero
core   0: 1 0x0000000080004650 (0x000ad83b) x16 0xffffffffffffffff
core   0: 0x0000000080004654 (0x001c16f3) csrrw   a3, fflags, s8
core   0: 1 0x0000000080004654 (0x001c16f3) x13 0x000000000000000e c1_fflags 0x0000000000000006
core   0: 0x0000000080004658 (0x2a151ad3) fmax.d  fs5, fa0, ft1
core   0: 1 0x0000000080004658 (0x2a151ad3) f21 0x7ff8000000000000
core   0: 0x000000008000465c (0x035aaab3) mulhsu  s5, s5, s5
core   0: 1 0x000000008000465c (0x035aaab3) x21 0xffffffffffffffff
core   0: 0x0000000080004660 (0x01405c33) srl     s8, zero, s4
core   0: 1 0x0000000080004660 (0x01405c33) x24 0x0000000000000000
core   0: 0x0000000080004664 (0x0ff0000f) fence   iorw,iorw
core   0: 1 0x0000000080004664 (0x0ff0000f)
core   0: 0x0000000080004668 (0x0ff0000f) fence   iorw,iorw
core   0: 1 0x0000000080004668 (0x0ff0000f)
core   0: 0x000000008000466c (0x1a347953) fdiv.d  fs2, fs0, ft3
core   0: 1 0x000000008000466c (0x1a347953) f18 0x7ff8000000000000
core   0: 0x0000000080004670 (0x2b979153) fmax.d  ft2, fa5, fs9
core   0: 1 0x0000000080004670 (0x2b979153) f2  0x7ff8000000000000
core   0: 0x0000000080004674 (0x408d843b) subw    s0, s11, s0
core   0: 1 0x0000000080004674 (0x408d843b) x8  0x00000000000010a6
core   0: 0x0000000080004678 (0x40f35333) sra     t1, t1, a5
core   0: 1 0x0000000080004678 (0x40f35333) x6  0x0000000000000000
core   0: 0x000000008000467c (0x407dd7bb) sraw    a5, s11, t2
core   0: 1 0x000000008000467c (0x407dd7bb) x15 0x0000000000000000
core   0: 0x0000000080004680 (0xc2267753) fcvt.l.d a4, fa2
core   0: 1 0x0000000080004680 (0xc2267753) x14 0x0000000080031f90
core   0: 0x0000000080004684 (0x9b9672cf) fnmadd.d ft5, fa2, fs9, fs3
core   0: 1 0x0000000080004684 (0x9b9672cf) f5  0x7ff8000000000000
core   0: 0x0000000080004688 (0x00e350bb) srlw    ra, t1, a4
core   0: 1 0x0000000080004688 (0x00e350bb) x1  0x0000000000000000
core   0: 0x000000008000468c (0x23ef8c53) fsgnj.d fs8, ft11, ft10
core   0: 1 0x000000008000468c (0x23ef8c53) f24 0xfff8000000000000
core   0: 0x0000000080004690 (0x032ce7bb) remw    a5, s9, s2
core   0: 1 0x0000000080004690 (0x032ce7bb) x15 0xffffffffffffffc0
core   0: 0x0000000080004694 (0x00079c93) slli    s9, a5, 0
core   0: 1 0x0000000080004694 (0x00079c93) x25 0xffffffffffffffc0
core   0: 0x0000000080004698 (0x0194d233) srl     tp, s1, s9
core   0: 1 0x0000000080004698 (0x0194d233) x4  0x000000000000098f
core   0: 0x000000008000469c (0xc0327853) fcvt.lu.s a6, ft4
core   0: 1 0x000000008000469c (0xc0327853) c1_fflags 0x0000000000000016 x16 0xffffffffffffffff
core   0: 0x00000000800046a0 (0x42ad5d13) srai    s10, s10, 42
core   0: 1 0x00000000800046a0 (0x42ad5d13) x26 0xffffffffffffffff
core   0: 0x00000000800046a4 (0x403051bb) sraw    gp, zero, gp
core   0: 1 0x00000000800046a4 (0x403051bb) x3  0x0000000000000000
core   0: 0x00000000800046a8 (0x0ff0000f) fence   iorw,iorw
core   0: 1 0x00000000800046a8 (0x0ff0000f)
core   0: 0x00000000800046ac (0xd23d72d3) fcvt.d.lu ft5, s10
core   0: 1 0x00000000800046ac (0xd23d72d3) c1_fflags 0x0000000000000017 f5  0x43f0000000000000
core   0: 0x00000000800046b0 (0x01fd969b) slliw   a3, s11, 31
core   0: 1 0x00000000800046b0 (0x01fd969b) x13 0x0000000000000000
core   0: 0x00000000800046b4 (0xc0227453) fcvt.l.s s0, ft4
core   0: 1 0x00000000800046b4 (0xc0227453) c1_fflags 0x0000000000000017 x8  0x7fffffffffffffff
core   0: 0x00000000800046b8 (0xc028f253) fcvt.l.s tp, fa7
core   0: 1 0x00000000800046b8 (0xc028f253) c1_fflags 0x0000000000000017 x4  0x7fffffffffffffff
core   0: 0x00000000800046bc (0x6a106013) prefetch.r 1696(zero)
core   0: 1 0x00000000800046bc (0x6a106013)
core   0: 0x00000000800046c0 (0x40420533) sub     a0, tp, tp
core   0: 1 0x00000000800046c0 (0x40420533) x10 0x0000000000000000
core   0: 0x00000000800046c4 (0xc03ff353) fcvt.lu.s t1, ft11
core   0: 1 0x00000000800046c4 (0xc03ff353) c1_fflags 0x0000000000000017 x6  0xffffffffffffffff
core   0: 0x00000000800046c8 (0x010151bb) srlw    gp, sp, a6
core   0: 1 0x00000000800046c8 (0x010151bb) x3  0x0000000000000000
core   0: 0x00000000800046cc (0xc22afb53) fcvt.l.d s6, fs5
core   0: 1 0x00000000800046cc (0xc22afb53) c1_fflags 0x0000000000000017 x22 0x7fffffffffffffff
core   0: 0x00000000800046d0 (0x22d20253) fsgnj.d ft4, ft4, fa3
core   0: 1 0x00000000800046d0 (0x22d20253) f4  0x3ff0000000000000
core   0: 0x00000000800046d4 (0x00102ef3) csrrs   t4, fflags, zero
core   0: 1 0x00000000800046d4 (0x00102ef3) x29 0x0000000000000017
core   0: 0x00000000800046d8 (0x0323ee33) rem     t3, t2, s2
core   0: 1 0x00000000800046d8 (0x0323ee33) x28 0xffffffffffffffff
core   0: 0x00000000800046dc (0xaad5f4cf) fnmadd.d fs1, fa1, fa3, fs5
core   0: 1 0x00000000800046dc (0xaad5f4cf) f9  0x7ff8000000000000
core   0: 0x00000000800046e0 (0x00000001) c.nop
core   0: 1 0x00000000800046e0 (0x0001)
core   0: 0x00000000800046e2 (0x000e871b) sext.w  a4, t4
core   0: 1 0x00000000800046e2 (0x000e871b) x14 0x0000000000000017
core   0: 0x00000000800046e6 (0xa5362697) auipc   a3, 0xa5362
core   0: 1 0x00000000800046e6 (0xa5362697) x13 0x00000000253666e6
core   0: 0x00000000800046ea (0x00008185) c.srli  a1, 1
core   0: 1 0x00000000800046ea (0x8185) x11 0x000000001a27f639
core   0: 0x00000000800046ec (0x0073803b) addw    zero, t2, t2
core   0: 1 0x00000000800046ec (0x0073803b)
core   0: 0x00000000800046f0 (0xd02c77d3) fcvt.s.l fa5, s8
core   0: 1 0x00000000800046f0 (0xd02c77d3) f15 0xffffffff00000000
core   0: 0x00000000800046f4 (0x03087cbb) remuw   s9, a6, a6
core   0: 1 0x00000000800046f4 (0x03087cbb) x25 0x0000000000000000
core   0: 0x00000000800046f8 (0x01bd5b1b) srliw   s6, s10, 27
core   0: 1 0x00000000800046f8 (0x01bd5b1b) x22 0x000000000000001f
core   0: 0x00000000800046fc (0x123571d3) fmul.d  ft3, fa0, ft3
core   0: 1 0x00000000800046fc (0x123571d3) f3  0x7ff8000000000000
core   0: 0x0000000080004700 (0x03aa6ebb) remw    t4, s4, s10
core   0: 1 0x0000000080004700 (0x03aa6ebb) x29 0x0000000000000000
core   0: 0x0000000080004704 (0x00075493) srli    s1, a4, 0
core   0: 1 0x0000000080004704 (0x00075493) x9  0x0000000000000017
core   0: 0x0000000080004708 (0x40e207b3) sub     a5, tp, a4
core   0: 1 0x0000000080004708 (0x40e207b3) x15 0x7fffffffffffffe8
core   0: 0x000000008000470c (0x00202773) csrrs   a4, frm, zero
core   0: 1 0x000000008000470c (0x00202773) x14 0x0000000000000000
core   0: 0x0000000080004710 (0x00592133) slt     sp, s2, t0
core   0: 1 0x0000000080004710 (0x00592133) x2  0x0000000000000001
core   0: 0x0000000080004714 (0x5d48bcb7) lui     s9, 0x5d48b
core   0: 1 0x0000000080004714 (0x5d48bcb7) x25 0x000000005d48b000
core   0: 0x0000000080004718 (0xd03a73d3) fcvt.s.lu ft7, s4
core   0: 1 0x0000000080004718 (0xd03a73d3) c1_fflags 0x0000000000000017 f7  0xffffffff5f800000
core   0: 0x000000008000471c (0x03acd333) divu    t1, s9, s10
core   0: 1 0x000000008000471c (0x03acd333) x6  0x0000000000000000
core   0: 0x0000000080004720 (0x001290f3) csrrw   ra, fflags, t0
core   0: 1 0x0000000080004720 (0x001290f3) x1  0x0000000000000017 c1_fflags 0x000000000000001f
core   0: 0x0000000080004724 (0x01f0db93) srli    s7, ra, 31
core   0: 1 0x0000000080004724 (0x01f0db93) x23 0x0000000000000000
core   0: 0x0000000080004728 (0x000b9b1b) slliw   s6, s7, 0
core   0: 1 0x0000000080004728 (0x000b9b1b) x22 0x0000000000000000
core   0: 0x000000008000472c (0xd038f3d3) fcvt.s.lu ft7, a7
core   0: 1 0x000000008000472c (0xd038f3d3) f7  0xffffffff40400000
core   0: 0x0000000080004730 (0xc027fb53) fcvt.l.s s6, fa5
core   0: 1 0x0000000080004730 (0xc027fb53) x22 0x0000000000000000
core   0: 0x0000000080004734 (0x03b80ab3) mul     s5, a6, s11
core   0: 1 0x0000000080004734 (0x03b80ab3) x21 0xffffffffffffef5a
core   0: 0x0000000080004738 (0x027ae6bb) remw    a3, s5, t2
core   0: 1 0x0000000080004738 (0x027ae6bb) x13 0x0000000000000000
core   0: 0x000000008000473c (0x4199d39b) sraiw   t2, s3, 25
core   0: 1 0x000000008000473c (0x4199d39b) x7  0xffffffffffffffff
core   0: 0x0000000080004740 (0x001024f3) csrrs   s1, fflags, zero
core   0: 1 0x0000000080004740 (0x001024f3) x9  0x000000000000001f
core   0: 0x0000000080004744 (0x038c5233) divu    tp, s8, s8
core   0: 1 0x0000000080004744 (0x038c5233) x4  0xffffffffffffffff
core   0: 0x0000000080004748 (0x00159873) csrrw   a6, fflags, a1
core   0: 1 0x0000000080004748 (0x00159873) x16 0x000000000000001f c1_fflags 0x0000000000000019
core   0: 0x000000008000474c (0x2b949cd3) fmax.d  fs9, fs1, fs9
core   0: 1 0x000000008000474c (0x2b949cd3) f25 0x7ff8000000000000
core   0: 0x0000000080004750 (0x40948533) sub     a0, s1, s1
core   0: 1 0x0000000080004750 (0x40948533) x10 0x0000000000000000
core   0: 0x0000000080004754 (0x1a6874d3) fdiv.d  fs1, fa6, ft6
core   0: 1 0x0000000080004754 (0x1a6874d3) f9  0x7ff8000000000000
core   0: 0x0000000080004758 (0x01cdd133) srl     sp, s11, t3
core   0: 1 0x0000000080004758 (0x01cdd133) x2  0x0000000000000000
core   0: 0x000000008000475c (0x00000001) c.nop
core   0: 1 0x000000008000475c (0x0001)
core   0: 0x000000008000475e (0x00000001) c.nop
core   0: 1 0x000000008000475e (0x0001)
core   0: 0x0000000080004760 (0x00000001) c.nop
core   0: 1 0x0000000080004760 (0x0001)
core   0: 0x0000000080004762 (0x7ffc0c13) addi    s8, s8, 2047
core   0: 1 0x0000000080004762 (0x7ffc0c13) x24 0x00000000000007ff
core   0: 0x0000000080004766 (0x115c5137) lui     sp, 0x115c5
core   0: 1 0x0000000080004766 (0x115c5137) x2  0x00000000115c5000
core   0: 0x000000008000476a (0x3597fd93) andi    s11, a5, 857
core   0: 1 0x000000008000476a (0x3597fd93) x27 0x0000000000000348
core   0: 0x000000008000476e (0x0003599b) srliw   s3, t1, 0
core   0: 1 0x000000008000476e (0x0003599b) x19 0x0000000000000000
core   0: 0x0000000080004772 (0x22d62253) fsgnjx.d ft4, fa2, fa3
core   0: 1 0x0000000080004772 (0x22d62253) f4  0x41e00063f2000000
core   0: 0x0000000080004776 (0x01ac4833) xor     a6, s8, s10
core   0: 1 0x0000000080004776 (0x01ac4833) x16 0xfffffffffffff800
core   0: 0x000000008000477a (0x034769bb) remw    s3, a4, s4
core   0: 1 0x000000008000477a (0x034769bb) x19 0x0000000000000000
core   0: 0x000000008000477e (0x2242a5d3) fsgnjx.d fa1, ft5, ft4
core   0: 1 0x000000008000477e (0x2242a5d3) f11 0x43f0000000000000
core   0: 0x0000000080004782 (0x23260f53) fsgnj.d ft10, fa2, fs2
core   0: 1 0x0000000080004782 (0x23260f53) f30 0x41e00063f2000000
core   0: 0x0000000080004786 (0x233e89d3) fsgnj.d fs3, ft9, fs3
core   0: 1 0x0000000080004786 (0x233e89d3) f19 0x7ff8000000000000
core   0: 0x000000008000478a (0x0350e7bb) remw    a5, ra, s5
core   0: 1 0x000000008000478a (0x0350e7bb) x15 0x0000000000000017
core   0: 0x000000008000478e (0x2b1515d3) fmax.d  fa1, fa0, fa7
core   0: 1 0x000000008000478e (0x2b1515d3) f11 0x7ff8000000000000
core   0: 0x0000000080004792 (0x1accfcd3) fdiv.d  fs9, fs9, fa2
core   0: 1 0x0000000080004792 (0x1accfcd3) f25 0x7ff8000000000000
core   0: 0x0000000080004796 (0x00102cf3) csrrs   s9, fflags, zero
core   0: 1 0x0000000080004796 (0x00102cf3) x25 0x0000000000000019
core   0: 0x000000008000479a (0xd20e0ad3) fcvt.d.w fs5, t3
core   0: 1 0x000000008000479a (0xd20e0ad3) f21 0xbff0000000000000
core   0: 0x000000008000479e (0x41cb0e3b) subw    t3, s6, t3
core   0: 1 0x000000008000479e (0x41cb0e3b) x28 0x0000000000000001
core   0: 0x00000000800047a2 (0x4a587a37) lui     s4, 0x4a587
core   0: 1 0x00000000800047a2 (0x4a587a37) x20 0x000000004a587000
core   0: 0x00000000800047a6 (0x0002d2bb) srlw    t0, t0, zero
core   0: 1 0x00000000800047a6 (0x0002d2bb) x5  0x000000000000001f
core   0: 0x00000000800047aa (0x03412633) mulhsu  a2, sp, s4
core   0: 1 0x00000000800047aa (0x03412633) x12 0x0000000000000000
core   0: 0x00000000800047ae (0x2a420353) fmin.d  ft6, ft4, ft4
core   0: 1 0x00000000800047ae (0x2a420353) f6  0x41e00063f2000000
core   0: 0x00000000800047b2 (0x14353573) csrrc   a0, stval, a0
core   0: 1 0x00000000800047b2 (0x14353573) x10 0x0000000000000000 c323_stval 0x0000000000000000
core   0: 0x00000000800047b6 (0x4084d49b) sraiw   s1, s1, 8
core   0: 1 0x00000000800047b6 (0x4084d49b) x9  0x0000000000000000
core   0: 0x00000000800047ba (0x747fecf3) csrrsi  s9, mseccfg, 31
core   0: exception trap_illegal_instruction, epc 0x00000000800047ba
core   0:           tval 0x00000000747fecf3
core   0: >>>>  $xrv64i2p1_m2p0_a2p1_f2p2_d2p2_zicsr2p0_zifencei2p0_zmmul1p0_zba1p0_zbb1p0_zbc1p0_zbs1p0
core   0: 0x0000000080004000 (0x0080006f) j       pc + 0x8
core   0: 3 0x0000000080004000 (0x0080006f)
core   0: >>>>  mmode_exception_handler
core   0: 0x0000000080004008 (0x00002c17) auipc   s8, 0x2
core   0: 3 0x0000000080004008 (0x00002c17) x24 0x0000000080006008
core   0: 0x000000008000400c (0x03ec0c13) addi    s8, s8, 62
core   0: 3 0x000000008000400c (0x03ec0c13) x24 0x0000000080006046
core   0: 0x0000000080004010 (0x000c00e7) jalr    s8
core   0: 3 0x0000000080004010 (0x000c00e7) x1  0x0000000080004014
core   0: >>>>  any_handler
core   0: 0x0000000080006046 (0x341027f3) csrrs   a5, mepc, zero
core   0: 3 0x0000000080006046 (0x341027f3) x15 0x00000000800047ba
core   0: 0x000000008000604a (0x34202773) csrrs   a4, mcause, zero
core   0: 3 0x000000008000604a (0x34202773) x14 0x0000000000000002
core   0: 0x000000008000604e (0x142026f3) csrrs   a3, scause, zero
core   0: 3 0x000000008000604e (0x142026f3) x13 0x0000000000000000
core   0: 0x0000000080006052 (0x30402673) csrrs   a2, mie, zero
core   0: 3 0x0000000080006052 (0x30402673) x12 0x0000000000000a00
core   0: 0x0000000080006056 (0x344025f3) csrrs   a1, mip, zero
core   0: 3 0x0000000080006056 (0x344025f3) x11 0x0000000000000080
core   0: 0x000000008000605a (0x343025f3) csrrs   a1, mtval, zero
core   0: 3 0x000000008000605a (0x343025f3) x11 0x00000000747fecf3
core   0: 0x000000008000605e (0x14302573) csrrs   a0, stval, zero
core   0: 3 0x000000008000605e (0x14302573) x10 0x0000000000000000
core   0: 0x0000000080006062 (0xb02024f3) csrrs   s1, minstret, zero
core   0: 3 0x0000000080006062 (0xb02024f3) x9  0x0000000000000a12
core   0: 0x0000000080006066 (0x0000a811) c.j     pc + 20
core   0: 3 0x0000000080006066 (0xa811)
core   0: >>>>  mepc_4
core   0: 0x000000008000607a (0x00000791) c.addi  a5, 4
core   0: 3 0x000000008000607a (0x0791) x15 0x00000000800047be
core   0: 0x000000008000607c (0x34179073) csrrw   zero, mepc, a5
core   0: 3 0x000000008000607c (0x34179073) c833_mepc 0x00000000800047be
core   0: 0x0000000080006080 (0x30200073) mret
core   0: 3 0x0000000080006080 (0x30200073) c768_mstatus 0x8000000a001c61a2
core   0: 0x00000000800047be (0x00001efe) c.slli  t4, 63
core   0: 1 0x00000000800047be (0x1efe) x29 0x0000000000000000
core   0: 0x00000000800047c0 (0x00aa5ebb) srlw    t4, s4, a0
core   0: 1 0x00000000800047c0 (0x00aa5ebb) x29 0x000000004a587000
core   0: 0x00000000800047c4 (0x002029f3) csrrs   s3, frm, zero
core   0: 1 0x00000000800047c4 (0x002029f3) x19 0x0000000000000000
core   0: 0x00000000800047c8 (0x007b7a33) and     s4, s6, t2
core   0: 1 0x00000000800047c8 (0x007b7a33) x20 0x0000000000000000
core   0: 0x00000000800047cc (0x401b7fd3) fcvt.s.d ft11, fs6
core   0: 1 0x00000000800047cc (0x401b7fd3) f31 0xffffffff7fc00000
core   0: 0x00000000800047d0 (0xd032f4d3) fcvt.s.lu fs1, t0
core   0: 1 0x00000000800047d0 (0xd032f4d3) f9  0xffffffff41f80000
core   0: 0x00000000800047d4 (0x420b0c53) fcvt.d.s fs8, fs6
core   0: 1 0x00000000800047d4 (0x420b0c53) f24 0x0000000000000000
core   0: 0x00000000800047d8 (0x23ec2653) fsgnjx.d fa2, fs8, ft10
core   0: 1 0x00000000800047d8 (0x23ec2653) f12 0x0000000000000000
core   0: 0x00000000800047dc (0xd22d7dd3) fcvt.d.l fs11, s10
core   0: 1 0x00000000800047dc (0xd22d7dd3) f27 0xbff0000000000000
core   0: 0x00000000800047e0 (0x00ca1d9b) slliw   s11, s4, 12
core   0: 1 0x00000000800047e0 (0x00ca1d9b) x27 0x0000000000000000
core   0: 0x00000000800047e4 (0x013876b3) and     a3, a6, s3
core   0: 1 0x00000000800047e4 (0x013876b3) x13 0x0000000000000000
core   0: 0x00000000800047e8 (0x028836b3) mulhu   a3, a6, s0
core   0: 1 0x00000000800047e8 (0x028836b3) x13 0x7ffffffffffffbff
core   0: 0x00000000800047ec (0x0ff0000f) fence   iorw,iorw
core   0: 1 0x00000000800047ec (0x0ff0000f)
core   0: 0x00000000800047f0 (0xb2168e9b) addiw   t4, a3, -1247
core   0: 1 0x00000000800047f0 (0xb2168e9b) x29 0xfffffffffffff720
core   0: 0x00000000800047f4 (0x2aec84d3) fmin.d  fs1, fs9, fa4
core   0: 1 0x00000000800047f4 (0x2aec84d3) f9  0x7ff8000000000000
core   0: 0x00000000800047f8 (0x1a7effd3) fdiv.d  ft11, ft9, ft7
core   0: 1 0x00000000800047f8 (0x1a7effd3) f31 0x7ff8000000000000
core   0: 0x00000000800047fc (0x40ce5d33) sra     s10, t3, a2
core   0: 1 0x00000000800047fc (0x40ce5d33) x26 0x0000000000000001
core   0: 0x0000000080004800 (0x039d4ebb) divw    t4, s10, s9
core   0: 1 0x0000000080004800 (0x039d4ebb) x29 0x0000000000000000
core   0: 0x0000000080004804 (0xf869cbb7) lui     s7, 0xf869c
core   0: 1 0x0000000080004804 (0xf869cbb7) x23 0xfffffffff869c000
core   0: 0x0000000080004808 (0x35bb8b9b) addiw   s7, s7, 859
core   0: 1 0x0000000080004808 (0x35bb8b9b) x23 0xfffffffff869c35b
core   0: 0x000000008000480c (0x00000bb2) c.slli  s7, 12
core   0: 1 0x000000008000480c (0x0bb2) x23 0xffffff869c35b000
core   0: 0x000000008000480e (0x48ab8b93) addi    s7, s7, 1162
core   0: 1 0x000000008000480e (0x48ab8b93) x23 0xffffff869c35b48a
core   0: 0x0000000080004812 (0x00d2f2b3) and     t0, t0, a3
core   0: 1 0x0000000080004812 (0x00d2f2b3) x5  0x000000000000001f
core   0: 0x0000000080004816 (0x1aee7053) fdiv.d  ft0, ft8, fa4
core   0: 1 0x0000000080004816 (0x1aee7053) f0  0x7ff8000000000000
core   0: 0x000000008000481a (0xe20509d3) fmv.x.d s3, fa0
core   0: 1 0x000000008000481a (0xe20509d3) x19 0x7ff8000000000000
core   0: 0x000000008000481e (0x00ec521b) srliw   tp, s8, 14
core   0: 1 0x000000008000481e (0x00ec521b) x4  0x0000000000020001
core   0: 0x0000000080004822 (0x00000001) c.nop
core   0: 1 0x0000000080004822 (0x0001)
core   0: 0x0000000080004824 (0xd23a7dd3) fcvt.d.lu fs11, s4
core   0: 1 0x0000000080004824 (0xd23a7dd3) f27 0x0000000000000000
core   0: 0x0000000080004828 (0x00202a73) csrrs   s4, frm, zero
core   0: 1 0x0000000080004828 (0x00202a73) x20 0x0000000000000000
core   0: 0x000000008000482c (0xd03a7e53) fcvt.s.lu ft8, s4
core   0: 1 0x000000008000482c (0xd03a7e53) f28 0xffffffff00000000
core   0: 0x0000000080004830 (0x0115feb3) and     t4, a1, a7
core   0: 1 0x0000000080004830 (0x0115feb3) x29 0x0000000000000003
core   0: 0x0000000080004834 (0xe2080453) fmv.x.d s0, fa6
core   0: 1 0x0000000080004834 (0xe2080453) x8  0x7ff8000000000000
core   0: 0x0000000080004838 (0x0017073b) addw    a4, a4, ra
core   0: 1 0x0000000080004838 (0x0017073b) x14 0xffffffff80004016
core   0: 0x000000008000483c (0x019558bb) srlw    a7, a0, s9
core   0: 1 0x000000008000483c (0x019558bb) x17 0x0000000000000000
core   0: 0x0000000080004840 (0x41815133) sra     sp, sp, s8
core   0: 1 0x0000000080004840 (0x41815133) x2  0x0000000000457140
core   0: 0x0000000080004844 (0xd3e1fe13) andi    t3, gp, -706
core   0: 1 0x0000000080004844 (0xd3e1fe13) x28 0x0000000000000000
core   0: 0x0000000080004848 (0x003b9913) slli    s2, s7, 3
core   0: 1 0x0000000080004848 (0x003b9913) x18 0xfffffc34e1ada450
core   0: 0x000000008000484c (0x0193093b) addw    s2, t1, s9
core   0: 1 0x000000008000484c (0x0193093b) x18 0x0000000000000019
core   0: 0x0000000080004850 (0xae3b0b1b) addiw   s6, s6, -1309
core   0: 1 0x0000000080004850 (0xae3b0b1b) x22 0xfffffffffffffae3
core   0: 0x0000000080004854 (0xc028fed3) fcvt.l.s t4, fa7
core   0: 1 0x0000000080004854 (0xc028fed3) c1_fflags 0x0000000000000019 x29 0x7fffffffffffffff
core   0: 0x0000000080004858 (0x7ffa8713) addi    a4, s5, 2047
core   0: 1 0x0000000080004858 (0x7ffa8713) x14 0xfffffffffffff759
core   0: 0x000000008000485c (0x100c6bf3) csrrsi  s7, sstatus, 24
core   0: 1 0x000000008000485c (0x100c6bf3) x23 0x80000002000c6122 c768_mstatus 0x8000000a001c61a2
core   0: 0x0000000080004860 (0x0248f83b) remuw   a6, a7, tp
core   0: 1 0x0000000080004860 (0x0248f83b) x16 0x0000000000000000
core   0: 0x0000000080004864 (0x002a1473) csrrw   s0, frm, s4
core   0: 1 0x0000000080004864 (0x002a1473) x8  0x0000000000000000 c2_frm 0x0000000000000000
core   0: 0x0000000080004868 (0x026ef553) fadd.d  fa0, ft9, ft6
core   0: 1 0x0000000080004868 (0x026ef553) f10 0x7ff8000000000000
core   0: 0x000000008000486c (0x00000001) c.nop
core   0: 1 0x000000008000486c (0x0001)
core   0: 0x000000008000486e (0x0286f6b3) remu    a3, a3, s0
core   0: 1 0x000000008000486e (0x0286f6b3) x13 0x7ffffffffffffbff
core   0: 0x0000000080004872 (0x12387443) fmadd.d fs0, fa6, ft3, ft2
core   0: 1 0x0000000080004872 (0x12387443) f8  0x7ff8000000000000
core   0: 0x0000000080004876 (0x00a3d53b) srlw    a0, t2, a0
core   0: 1 0x0000000080004876 (0x00a3d53b) x10 0xffffffffffffffff
core   0: 0x000000008000487a (0x01ca52bb) srlw    t0, s4, t3
core   0: 1 0x000000008000487a (0x01ca52bb) x5  0x0000000000000000
core   0: 0x000000008000487e (0x018c88bb) addw    a7, s9, s8
core   0: 1 0x000000008000487e (0x018c88bb) x17 0xffffffff8000605f
core   0: 0x0000000080004882 (0x009b5b1b) srliw   s6, s6, 9
core   0: 1 0x0000000080004882 (0x009b5b1b) x22 0x00000000007ffffd
core   0: 0x0000000080004886 (0x0358f6b3) remu    a3, a7, s5
core   0: 1 0x0000000080004886 (0x0358f6b3) x13 0xffffffff8000605f
core   0: 0x000000008000488a (0x00102bf3) csrrs   s7, fflags, zero
core   0: 1 0x000000008000488a (0x00102bf3) x23 0x0000000000000019
core   0: 0x000000008000488e (0x00008685) c.srai  a3, 1
core   0: 1 0x000000008000488e (0x8685) x13 0xffffffffc000302f
core   0: 0x0000000080004890 (0xc20d7353) fcvt.w.d t1, fs10
core   0: 1 0x0000000080004890 (0xc20d7353) c1_fflags 0x0000000000000019 x6  0x000000007fffffff
core   0: 0x0000000080004894 (0xc23976d3) fcvt.lu.d a3, fs2
core   0: 1 0x0000000080004894 (0xc23976d3) c1_fflags 0x0000000000000019 x13 0xffffffffffffffff
core   0: 0x0000000080004898 (0x5b388613) addi    a2, a7, 1459
core   0: 1 0x0000000080004898 (0x5b388613) x12 0xffffffff80006612
core   0: 0x000000008000489c (0x01055e33) srl     t3, a0, a6
core   0: 1 0x000000008000489c (0x01055e33) x28 0xffffffffffffffff
core   0: 0x00000000800048a0 (0x011910bb) sllw    ra, s2, a7
core   0: 1 0x00000000800048a0 (0x011910bb) x1  0xffffffff80000000
core   0: 0x00000000800048a4 (0x2bf809d3) fmin.d  fs3, fa6, ft11
core   0: 1 0x00000000800048a4 (0x2bf809d3) f19 0x7ff8000000000000
core   0: 0x00000000800048a8 (0xd02b7453) fcvt.s.l fs0, s6
core   0: 1 0x00000000800048a8 (0xd02b7453) f8  0xffffffff4afffffa
core   0: 0x00000000800048ac (0x00202273) csrrs   tp, frm, zero
core   0: 1 0x00000000800048ac (0x00202273) x4  0x0000000000000000
core   0: 0x00000000800048b0 (0x000090c5) c.srli  s1, 49
core   0: 1 0x00000000800048b0 (0x90c5) x9  0x0000000000000000
core   0: 0x00000000800048b2 (0x41d886b3) sub     a3, a7, t4
core   0: 1 0x00000000800048b2 (0x41d886b3) x13 0x7fffffff80006060
core   0: 0x00000000800048b6 (0xc035f2d3) fcvt.lu.s t0, fa1
core   0: 1 0x00000000800048b6 (0xc035f2d3) c1_fflags 0x0000000000000019 x5  0xffffffffffffffff
core   0: 0x00000000800048ba (0x001b9e73) csrrw   t3, fflags, s7
core   0: 1 0x00000000800048ba (0x001b9e73) x28 0x0000000000000019 c1_fflags 0x0000000000000019
core   0: 0x00000000800048be (0x00d9da33) srl     s4, s3, a3
core   0: 1 0x00000000800048be (0x00d9da33) x20 0x000000007ff80000
core   0: 0x00000000800048c2 (0x01a9dbb3) srl     s7, s3, s10
core   0: 1 0x00000000800048c2 (0x01a9dbb3) x23 0x3ffc000000000000
core   0: 0x00000000800048c6 (0x0103883b) addw    a6, t2, a6
core   0: 1 0x00000000800048c6 (0x0103883b) x16 0xffffffffffffffff
core   0: 0x00000000800048ca (0x00102473) csrrs   s0, fflags, zero
core   0: 1 0x00000000800048ca (0x00102473) x8  0x0000000000000019
core   0: 0x00000000800048ce (0x3c9cdb17) auipc   s6, 0x3c9cd
core   0: 1 0x00000000800048ce (0x3c9cdb17) x22 0x00000000bc9d18ce
core   0: 0x00000000800048d2 (0x0b66abb7) lui     s7, 0xb66a
core   0: 1 0x00000000800048d2 (0x0b66abb7) x23 0x000000000b66a000
core   0: 0x00000000800048d6 (0x00abe4b3) or      s1, s7, a0
core   0: 1 0x00000000800048d6 (0x00abe4b3) x9  0xffffffffffffffff
core   0: 0x00000000800048da (0x0176d1b3) srl     gp, a3, s7
core   0: 1 0x00000000800048da (0x0176d1b3) x3  0x7fffffff80006060
core   0: 0x00000000800048de (0xfff00a1b) addiw   s4, zero, -1
core   0: 1 0x00000000800048de (0xfff00a1b) x20 0xffffffffffffffff
core   0: 0x00000000800048e2 (0x02695933) divu    s2, s2, t1
core   0: 1 0x00000000800048e2 (0x02695933) x18 0x0000000000000000
core   0: 0x00000000800048e6 (0xc03ff8d3) fcvt.lu.s a7, ft11
core   0: 1 0x00000000800048e6 (0xc03ff8d3) c1_fflags 0x0000000000000019 x17 0xffffffffffffffff
core   0: 0x00000000800048ea (0x00a9593b) srlw    s2, s2, a0
core   0: 1 0x00000000800048ea (0x00a9593b) x18 0x0000000000000000
core   0: 0x00000000800048ee (0x00000001) c.nop
core   0: 1 0x00000000800048ee (0x0001)
core   0: 0x00000000800048f0 (0x1a94fcd3) fdiv.d  fs9, fs1, fs1
core   0: 1 0x00000000800048f0 (0x1a94fcd3) f25 0x7ff8000000000000
core   0: 0x00000000800048f4 (0x90e70e1b) addiw   t3, a4, -1778
core   0: 1 0x00000000800048f4 (0x90e70e1b) x28 0xfffffffffffff067
core   0: 0x00000000800048f8 (0xd0297ad3) fcvt.s.l fs5, s2
core   0: 1 0x00000000800048f8 (0xd0297ad3) f21 0xffffffff00000000
core   0: 0x00000000800048fc (0x4106563b) sraw    a2, a2, a6
core   0: 1 0x00000000800048fc (0x4106563b) x12 0xffffffffffffffff
core   0: 0x0000000080004900 (0x030479b3) remu    s3, s0, a6
core   0: 1 0x0000000080004900 (0x030479b3) x19 0x0000000000000019
core   0: 0x0000000080004904 (0x0ff0000f) fence   iorw,iorw
core   0: 1 0x0000000080004904 (0x0ff0000f)
core   0: 0x0000000080004908 (0x00008371) c.srli  a4, 28
core   0: 1 0x0000000080004908 (0x8371) x14 0x0000000fffffffff
core   0: 0x000000008000490a (0xd0174193) xori    gp, a4, -767
core   0: 1 0x000000008000490a (0xd0174193) x3  0xfffffff0000002fe
core   0: 0x000000008000490e (0x7af5fec7) fmsub.d ft9, fa1, fa5, fa5
core   0: 1 0x000000008000490e (0x7af5fec7) f29 0x7ff8000000000000
core   0: 0x0000000080004912 (0x4169d3bb) sraw    t2, s3, s6
core   0: 1 0x0000000080004912 (0x4169d3bb) x7  0x0000000000000000
core   0: 0x0000000080004916 (0xc21efc53) fcvt.wu.d s8, ft9
core   0: 1 0x0000000080004916 (0xc21efc53) c1_fflags 0x0000000000000019 x24 0xffffffffffffffff
core   0: 0x000000008000491a (0x01d5151b) slliw   a0, a0, 29
core   0: 1 0x000000008000491a (0x01d5151b) x10 0xffffffffe0000000
core   0: 0x000000008000491e (0x94657e93) andi    t4, a0, -1722
core   0: 1 0x000000008000491e (0x94657e93) x29 0xffffffffe0000000
core   0: 0x0000000080004922 (0x1407ad73) csrrs   s10, sscratch, a5
core   0: 1 0x0000000080004922 (0x1407ad73) x26 0x0000000000000000 c320_sscratch 0x00000000800047be
core   0: 0x0000000080004926 (0x01045433) srl     s0, s0, a6
core   0: 1 0x0000000080004926 (0x01045433) x8  0x0000000000000000
core   0: 0x000000008000492a (0x235326d3) fsgnjx.d fa3, ft6, fs5
core   0: 1 0x000000008000492a (0x235326d3) f13 0xc1e00063f2000000
core   0: 0x000000008000492e (0x000ac713) xori    a4, s5, 0
core   0: 1 0x000000008000492e (0x000ac713) x14 0xffffffffffffef5a
core   0: 0x0000000080004932 (0x02fa86bb) mulw    a3, s5, a5
core   0: 1 0x0000000080004932 (0x02fa86bb) x13 0xfffffffffb559acc
core   0: 0x0000000080004936 (0x41d985b3) sub     a1, s3, t4
core   0: 1 0x0000000080004936 (0x41d985b3) x11 0x0000000020000019
core   0: 0x000000008000493a (0x93a8081b) addiw   a6, a6, -1734
core   0: 1 0x000000008000493a (0x93a8081b) x16 0xfffffffffffff939
core   0: 0x000000008000493e (0x01899c3b) sllw    s8, s3, s8
core   0: 1 0x000000008000493e (0x01899c3b) x24 0xffffffff80000000
core   0: 0x0000000080004942 (0x0103d6b3) srl     a3, t2, a6
core   0: 1 0x0000000080004942 (0x0103d6b3) x13 0x0000000000000000
core   0: 0x0000000080004946 (0x401f7053) fcvt.s.d ft0, ft10
core   0: 1 0x0000000080004946 (0x401f7053) c1_fflags 0x0000000000000019 f0  0xffffffff4f000320
core   0: 0x000000008000494a (0x032701bb) mulw    gp, a4, s2
core   0: 1 0x000000008000494a (0x032701bb) x3  0x0000000000000000
core   0: 0x000000008000494e (0xc2307d53) fcvt.lu.d s10, ft0
core   0: 1 0x000000008000494e (0xc2307d53) c1_fflags 0x0000000000000019 x26 0xffffffffffffffff
core   0: 0x0000000080004952 (0xc033f7d3) fcvt.lu.s a5, ft7
core   0: 1 0x0000000080004952 (0xc033f7d3) x15 0x0000000000000003
core   0: 0x0000000080004956 (0x0236453b) divw    a0, a2, gp
core   0: 1 0x0000000080004956 (0x0236453b) x10 0xffffffffffffffff
core   0: 0x000000008000495a (0x0005031b) sext.w  t1, a0
core   0: 1 0x000000008000495a (0x0005031b) x6  0xffffffffffffffff
core   0: 0x000000008000495e (0xf13ff3f3) csrrci  t2, mimpid, 31
core   0: exception trap_illegal_instruction, epc 0x000000008000495e
core   0:           tval 0x00000000f13ff3f3
core   0: >>>>  $xrv64i2p1_m2p0_a2p1_f2p2_d2p2_zicsr2p0_zifencei2p0_zmmul1p0_zba1p0_zbb1p0_zbc1p0_zbs1p0
core   0: 0x0000000080004000 (0x0080006f) j       pc + 0x8
core   0: 3 0x0000000080004000 (0x0080006f)
core   0: >>>>  mmode_exception_handler
core   0: 0x0000000080004008 (0x00002c17) auipc   s8, 0x2
core   0: 3 0x0000000080004008 (0x00002c17) x24 0x0000000080006008
core   0: 0x000000008000400c (0x03ec0c13) addi    s8, s8, 62
core   0: 3 0x000000008000400c (0x03ec0c13) x24 0x0000000080006046
core   0: 0x0000000080004010 (0x000c00e7) jalr    s8
core   0: 3 0x0000000080004010 (0x000c00e7) x1  0x0000000080004014
core   0: >>>>  any_handler
core   0: 0x0000000080006046 (0x341027f3) csrrs   a5, mepc, zero
core   0: 3 0x0000000080006046 (0x341027f3) x15 0x000000008000495e
core   0: 0x000000008000604a (0x34202773) csrrs   a4, mcause, zero
core   0: 3 0x000000008000604a (0x34202773) x14 0x0000000000000002
core   0: 0x000000008000604e (0x142026f3) csrrs   a3, scause, zero
core   0: 3 0x000000008000604e (0x142026f3) x13 0x0000000000000000
core   0: 0x0000000080006052 (0x30402673) csrrs   a2, mie, zero
core   0: 3 0x0000000080006052 (0x30402673) x12 0x0000000000000a00
core   0: 0x0000000080006056 (0x344025f3) csrrs   a1, mip, zero
core   0: 3 0x0000000080006056 (0x344025f3) x11 0x0000000000000080
core   0: 0x000000008000605a (0x343025f3) csrrs   a1, mtval, zero
core   0: 3 0x000000008000605a (0x343025f3) x11 0x00000000f13ff3f3
core   0: 0x000000008000605e (0x14302573) csrrs   a0, stval, zero
core   0: 3 0x000000008000605e (0x14302573) x10 0x0000000000000000
core   0: 0x0000000080006062 (0xb02024f3) csrrs   s1, minstret, zero
core   0: 3 0x0000000080006062 (0xb02024f3) x9  0x0000000000000a8e
core   0: 0x0000000080006066 (0x0000a811) c.j     pc + 20
core   0: 3 0x0000000080006066 (0xa811)
core   0: >>>>  mepc_4
core   0: 0x000000008000607a (0x00000791) c.addi  a5, 4
core   0: 3 0x000000008000607a (0x0791) x15 0x0000000080004962
core   0: 0x000000008000607c (0x34179073) csrrw   zero, mepc, a5
core   0: 3 0x000000008000607c (0x34179073) c833_mepc 0x0000000080004962
core   0: 0x0000000080006080 (0x30200073) mret
core   0: 3 0x0000000080006080 (0x30200073) c768_mstatus 0x8000000a001c61a2
core   0: 0x0000000080004962 (0x00000001) c.nop
core   0: 1 0x0000000080004962 (0x0001)
core   0: 0x0000000080004964 (0x00008086) c.mv    ra, ra
core   0: 1 0x0000000080004964 (0x8086) x1  0x0000000080004014
core   0: 0x0000000080004966 (0x0000973a) c.add   a4, a4
core   0: 1 0x0000000080004966 (0x973a) x14 0x0000000000000004
core   0: 0x0000000080004968 (0xb3e6f0c7) fmsub.d ft1, fa3, ft10, fs6
core   0: 1 0x0000000080004968 (0xb3e6f0c7) f1  0x7ff8000000000000
core   0: 0x000000008000496c (0xc22b7c53) fcvt.l.d s8, fs6
core   0: 1 0x000000008000496c (0xc22b7c53) c1_fflags 0x0000000000000019 x24 0x7fffffffffffffff
core   0: 0x0000000080004970 (0x00aad6b3) srl     a3, s5, a0
core   0: 1 0x0000000080004970 (0x00aad6b3) x13 0xffffffffffffef5a
core   0: 0x0000000080004974 (0xd0257453) fcvt.s.l fs0, a0
core   0: 1 0x0000000080004974 (0xd0257453) f8  0xffffffff00000000
core   0: 0x0000000080004978 (0x2a360253) fmin.d  ft4, fa2, ft3
core   0: 1 0x0000000080004978 (0x2a360253) f4  0x0000000000000000
core   0: 0x000000008000497c (0x2a4e9a53) fmax.d  fs4, ft9, ft4
core   0: 1 0x000000008000497c (0x2a4e9a53) f20 0x0000000000000000
core   0: 0x0000000080004980 (0x51a96497) auipc   s1, 0x51a96
core   0: 1 0x0000000080004980 (0x51a96497) x9  0x00000000d1a9a980
core   0: 0x0000000080004984 (0x4216db13) srai    s6, a3, 33
core   0: 1 0x0000000080004984 (0x4216db13) x22 0xffffffffffffffff
core   0: 0x0000000080004988 (0x0298c7bb) divw    a5, a7, s1
core   0: 1 0x0000000080004988 (0x0298c7bb) x15 0x0000000000000000
core   0: 0x000000008000498c (0x4105529b) sraiw   t0, a0, 16
core   0: 1 0x000000008000498c (0x4105529b) x5  0x0000000000000000
core   0: 0x0000000080004990 (0x01c7d83b) srlw    a6, a5, t3
core   0: 1 0x0000000080004990 (0x01c7d83b) x16 0x0000000000000000
core   0: 0x0000000080004994 (0xc21efdd3) fcvt.wu.d s11, ft9
core   0: 1 0x0000000080004994 (0xc21efdd3) c1_fflags 0x0000000000000019 x27 0xffffffffffffffff
core   0: 0x0000000080004998 (0x400c5c1b) sraiw   s8, s8, 0
core   0: 1 0x0000000080004998 (0x400c5c1b) x24 0xffffffffffffffff
core   0: 0x000000008000499c (0x002023f3) csrrs   t2, frm, zero
core   0: 1 0x000000008000499c (0x002023f3) x7  0x0000000000000000
core   0: 0x00000000800049a0 (0x407e5533) sra     a0, t3, t2
core   0: 1 0x00000000800049a0 (0x407e5533) x10 0xfffffffffffff067
core   0: 0x00000000800049a4 (0x025502b3) mul     t0, a0, t0
core   0: 1 0x00000000800049a4 (0x025502b3) x5  0x0000000000000000
core   0: 0x00000000800049a8 (0x01f31d1b) slliw   s10, t1, 31
core   0: 1 0x00000000800049a8 (0x01f31d1b) x26 0xffffffff80000000
core   0: 0x00000000800049ac (0xbb4a7b4f) fnmadd.d fs6, fs4, fs4, fs7
core   0: 1 0x00000000800049ac (0xbb4a7b4f) f22 0x7ff8000000000000
core   0: 0x00000000800049b0 (0x41feda9b) sraiw   s5, t4, 31
core   0: 1 0x00000000800049b0 (0x41feda9b) x21 0xffffffffffffffff
core   0: 0x00000000800049b4 (0xd21c8dd3) fcvt.d.wu fs11, s9
core   0: 1 0x00000000800049b4 (0xd21c8dd3) f27 0x4039000000000000
core   0: 0x00000000800049b8 (0xc2217853) fcvt.l.d a6, ft2
core   0: 1 0x00000000800049b8 (0xc2217853) c1_fflags 0x0000000000000019 x16 0x7fffffffffffffff
core   0: 0x00000000800049bc (0x406680b3) sub     ra, a3, t1
core   0: 1 0x00000000800049bc (0x406680b3) x1  0xffffffffffffef5b
core   0: 0x00000000800049c0 (0x00000001) c.nop
core   0: 1 0x00000000800049c0 (0x0001)
core   0: 0x00000000800049c2 (0xa2e68ed3) fle.d   t4, fa3, fa4
core   0: 1 0x00000000800049c2 (0xa2e68ed3) c1_fflags 0x0000000000000019 x29 0x0000000000000000
core   0: 0x00000000800049c6 (0x002a9af3) csrrw   s5, frm, s5
core   0: 1 0x00000000800049c6 (0x002a9af3) x21 0x0000000000000000 c2_frm 0x0000000000000007
core   0: 0x00000000800049ca (0x03b97153) fadd.d  ft2, fs2, fs11
core   0: exception trap_illegal_instruction, epc 0x00000000800049ca
core   0:           tval 0x0000000003b97153
core   0: >>>>  $xrv64i2p1_m2p0_a2p1_f2p2_d2p2_zicsr2p0_zifencei2p0_zmmul1p0_zba1p0_zbb1p0_zbc1p0_zbs1p0
core   0: 0x0000000080004000 (0x0080006f) j       pc + 0x8
core   0: 3 0x0000000080004000 (0x0080006f)
core   0: >>>>  mmode_exception_handler
core   0: 0x0000000080004008 (0x00002c17) auipc   s8, 0x2
core   0: 3 0x0000000080004008 (0x00002c17) x24 0x0000000080006008
core   0: 0x000000008000400c (0x03ec0c13) addi    s8, s8, 62
core   0: 3 0x000000008000400c (0x03ec0c13) x24 0x0000000080006046
core   0: 0x0000000080004010 (0x000c00e7) jalr    s8
core   0: 3 0x0000000080004010 (0x000c00e7) x1  0x0000000080004014
core   0: >>>>  any_handler
core   0: 0x0000000080006046 (0x341027f3) csrrs   a5, mepc, zero
core   0: 3 0x0000000080006046 (0x341027f3) x15 0x00000000800049ca
core   0: 0x000000008000604a (0x34202773) csrrs   a4, mcause, zero
core   0: 3 0x000000008000604a (0x34202773) x14 0x0000000000000002
core   0: 0x000000008000604e (0x142026f3) csrrs   a3, scause, zero
core   0: 3 0x000000008000604e (0x142026f3) x13 0x0000000000000000
core   0: 0x0000000080006052 (0x30402673) csrrs   a2, mie, zero
core   0: 3 0x0000000080006052 (0x30402673) x12 0x0000000000000a00
core   0: 0x0000000080006056 (0x344025f3) csrrs   a1, mip, zero
core   0: 3 0x0000000080006056 (0x344025f3) x11 0x0000000000000080
core   0: 0x000000008000605a (0x343025f3) csrrs   a1, mtval, zero
core   0: 3 0x000000008000605a (0x343025f3) x11 0x0000000003b97153
core   0: 0x000000008000605e (0x14302573) csrrs   a0, stval, zero
core   0: 3 0x000000008000605e (0x14302573) x10 0x0000000000000000
core   0: 0x0000000080006062 (0xb02024f3) csrrs   s1, minstret, zero
core   0: 3 0x0000000080006062 (0xb02024f3) x9  0x0000000000000aba
core   0: 0x0000000080006066 (0x0000a811) c.j     pc + 20
core   0: 3 0x0000000080006066 (0xa811)
core   0: >>>>  mepc_4
core   0: 0x000000008000607a (0x00000791) c.addi  a5, 4
core   0: 3 0x000000008000607a (0x0791) x15 0x00000000800049ce
core   0: 0x000000008000607c (0x34179073) csrrw   zero, mepc, a5
core   0: 3 0x000000008000607c (0x34179073) c833_mepc 0x00000000800049ce
core   0: 0x0000000080006080 (0x30200073) mret
core   0: 3 0x0000000080006080 (0x30200073) c768_mstatus 0x8000000a001c61a2
core   0: 0x00000000800049ce (0x1ad77953) fdiv.d  fs2, fa4, fa3
core   0: exception trap_illegal_instruction, epc 0x00000000800049ce
core   0:           tval 0x000000001ad77953
core   0: >>>>  $xrv64i2p1_m2p0_a2p1_f2p2_d2p2_zicsr2p0_zifencei2p0_zmmul1p0_zba1p0_zbb1p0_zbc1p0_zbs1p0
core   0: 0x0000000080004000 (0x0080006f) j       pc + 0x8
core   0: 3 0x0000000080004000 (0x0080006f)
core   0: >>>>  mmode_exception_handler
core   0: 0x0000000080004008 (0x00002c17) auipc   s8, 0x2
core   0: 3 0x0000000080004008 (0x00002c17) x24 0x0000000080006008
core   0: 0x000000008000400c (0x03ec0c13) addi    s8, s8, 62
core   0: 3 0x000000008000400c (0x03ec0c13) x24 0x0000000080006046
core   0: 0x0000000080004010 (0x000c00e7) jalr    s8
core   0: 3 0x0000000080004010 (0x000c00e7) x1  0x0000000080004014
core   0: >>>>  any_handler
core   0: 0x0000000080006046 (0x341027f3) csrrs   a5, mepc, zero
core   0: 3 0x0000000080006046 (0x341027f3) x15 0x00000000800049ce
core   0: 0x000000008000604a (0x34202773) csrrs   a4, mcause, zero
core   0: 3 0x000000008000604a (0x34202773) x14 0x0000000000000002
core   0: 0x000000008000604e (0x142026f3) csrrs   a3, scause, zero
core   0: 3 0x000000008000604e (0x142026f3) x13 0x0000000000000000
core   0: 0x0000000080006052 (0x30402673) csrrs   a2, mie, zero
core   0: 3 0x0000000080006052 (0x30402673) x12 0x0000000000000a00
core   0: 0x0000000080006056 (0x344025f3) csrrs   a1, mip, zero
core   0: 3 0x0000000080006056 (0x344025f3) x11 0x0000000000000080
core   0: 0x000000008000605a (0x343025f3) csrrs   a1, mtval, zero
core   0: 3 0x000000008000605a (0x343025f3) x11 0x000000001ad77953
core   0: 0x000000008000605e (0x14302573) csrrs   a0, stval, zero
core   0: 3 0x000000008000605e (0x14302573) x10 0x0000000000000000
core   0: 0x0000000080006062 (0xb02024f3) csrrs   s1, minstret, zero
core   0: 3 0x0000000080006062 (0xb02024f3) x9  0x0000000000000aca
core   0: 0x0000000080006066 (0x0000a811) c.j     pc + 20
core   0: 3 0x0000000080006066 (0xa811)
core   0: >>>>  mepc_4
core   0: 0x000000008000607a (0x00000791) c.addi  a5, 4
core   0: 3 0x000000008000607a (0x0791) x15 0x00000000800049d2
core   0: 0x000000008000607c (0x34179073) csrrw   zero, mepc, a5
core   0: 3 0x000000008000607c (0x34179073) c833_mepc 0x00000000800049d2
core   0: 0x0000000080006080 (0x30200073) mret
core   0: 3 0x0000000080006080 (0x30200073) c768_mstatus 0x8000000a001c61a2
core   0: 0x00000000800049d2 (0x72fc7c43) fmadd.d fs8, fs8, fa5, fa4
core   0: exception trap_illegal_instruction, epc 0x00000000800049d2
core   0:           tval 0x0000000072fc7c43
core   0: >>>>  $xrv64i2p1_m2p0_a2p1_f2p2_d2p2_zicsr2p0_zifencei2p0_zmmul1p0_zba1p0_zbb1p0_zbc1p0_zbs1p0
core   0: 0x0000000080004000 (0x0080006f) j       pc + 0x8
core   0: 3 0x0000000080004000 (0x0080006f)
core   0: >>>>  mmode_exception_handler
core   0: 0x0000000080004008 (0x00002c17) auipc   s8, 0x2
core   0: 3 0x0000000080004008 (0x00002c17) x24 0x0000000080006008
core   0: 0x000000008000400c (0x03ec0c13) addi    s8, s8, 62
core   0: 3 0x000000008000400c (0x03ec0c13) x24 0x0000000080006046
core   0: 0x0000000080004010 (0x000c00e7) jalr    s8
core   0: 3 0x0000000080004010 (0x000c00e7) x1  0x0000000080004014
core   0: >>>>  any_handler
core   0: 0x0000000080006046 (0x341027f3) csrrs   a5, mepc, zero
core   0: 3 0x0000000080006046 (0x341027f3) x15 0x00000000800049d2
core   0: 0x000000008000604a (0x34202773) csrrs   a4, mcause, zero
core   0: 3 0x000000008000604a (0x34202773) x14 0x0000000000000002
core   0: 0x000000008000604e (0x142026f3) csrrs   a3, scause, zero
core   0: 3 0x000000008000604e (0x142026f3) x13 0x0000000000000000
core   0: 0x0000000080006052 (0x30402673) csrrs   a2, mie, zero
core   0: 3 0x0000000080006052 (0x30402673) x12 0x0000000000000a00
core   0: 0x0000000080006056 (0x344025f3) csrrs   a1, mip, zero
core   0: 3 0x0000000080006056 (0x344025f3) x11 0x0000000000000080
core   0: 0x000000008000605a (0x343025f3) csrrs   a1, mtval, zero
core   0: 3 0x000000008000605a (0x343025f3) x11 0x0000000072fc7c43
core   0: 0x000000008000605e (0x14302573) csrrs   a0, stval, zero
core   0: 3 0x000000008000605e (0x14302573) x10 0x0000000000000000
core   0: 0x0000000080006062 (0xb02024f3) csrrs   s1, minstret, zero
core   0: 3 0x0000000080006062 (0xb02024f3) x9  0x0000000000000ada
core   0: 0x0000000080006066 (0x0000a811) c.j     pc + 20
core   0: 3 0x0000000080006066 (0xa811)
core   0: >>>>  mepc_4
core   0: 0x000000008000607a (0x00000791) c.addi  a5, 4
core   0: 3 0x000000008000607a (0x0791) x15 0x00000000800049d6
core   0: 0x000000008000607c (0x34179073) csrrw   zero, mepc, a5
core   0: 3 0x000000008000607c (0x34179073) c833_mepc 0x00000000800049d6
core   0: 0x0000000080006080 (0x30200073) mret
core   0: 3 0x0000000080006080 (0x30200073) c768_mstatus 0x8000000a001c61a2
core   0: 0x00000000800049d6 (0xd20b8153) fcvt.d.w ft2, s7
core   0: 1 0x00000000800049d6 (0xd20b8153) f2  0x41a6cd4000000000
core   0: 0x00000000800049da (0x0145551b) srliw   a0, a0, 20
core   0: 1 0x00000000800049da (0x0145551b) x10 0x0000000000000000
core   0: 0x00000000800049de (0x01099d9b) slliw   s11, s3, 16
core   0: 1 0x00000000800049de (0x01099d9b) x27 0x0000000000190000
core   0: 0x00000000800049e2 (0x2ab185d3) fmin.d  fa1, ft3, fa1
core   0: 1 0x00000000800049e2 (0x2ab185d3) f11 0x7ff8000000000000
core   0: 0x00000000800049e6 (0x23af1e53) fsgnjn.d ft8, ft10, fs10
core   0: 1 0x00000000800049e6 (0x23af1e53) f28 0xc1e00063f2000000
core   0: 0x00000000800049ea (0x42d65093) srai    ra, a2, 45
core   0: 1 0x00000000800049ea (0x42d65093) x1  0x0000000000000000
core   0: 0x00000000800049ee (0x032568bb) remw    a7, a0, s2
core   0: 1 0x00000000800049ee (0x032568bb) x17 0x0000000000000000
core   0: 0x00000000800049f2 (0x2bc51553) fmax.d  fa0, fa0, ft8
core   0: 1 0x00000000800049f2 (0x2bc51553) f10 0xc1e00063f2000000
core   0: 0x00000000800049f6 (0xbb7bfbc7) fmsub.d fs7, fs7, fs7, fs7
core   0: exception trap_illegal_instruction, epc 0x00000000800049f6
core   0:           tval 0x00000000bb7bfbc7
core   0: >>>>  $xrv64i2p1_m2p0_a2p1_f2p2_d2p2_zicsr2p0_zifencei2p0_zmmul1p0_zba1p0_zbb1p0_zbc1p0_zbs1p0
core   0: 0x0000000080004000 (0x0080006f) j       pc + 0x8
core   0: 3 0x0000000080004000 (0x0080006f)
core   0: >>>>  mmode_exception_handler
core   0: 0x0000000080004008 (0x00002c17) auipc   s8, 0x2
core   0: 3 0x0000000080004008 (0x00002c17) x24 0x0000000080006008
core   0: 0x000000008000400c (0x03ec0c13) addi    s8, s8, 62
core   0: 3 0x000000008000400c (0x03ec0c13) x24 0x0000000080006046
core   0: 0x0000000080004010 (0x000c00e7) jalr    s8
core   0: 3 0x0000000080004010 (0x000c00e7) x1  0x0000000080004014
core   0: >>>>  any_handler
core   0: 0x0000000080006046 (0x341027f3) csrrs   a5, mepc, zero
core   0: 3 0x0000000080006046 (0x341027f3) x15 0x00000000800049f6
core   0: 0x000000008000604a (0x34202773) csrrs   a4, mcause, zero
core   0: 3 0x000000008000604a (0x34202773) x14 0x0000000000000002
core   0: 0x000000008000604e (0x142026f3) csrrs   a3, scause, zero
core   0: 3 0x000000008000604e (0x142026f3) x13 0x0000000000000000
core   0: 0x0000000080006052 (0x30402673) csrrs   a2, mie, zero
core   0: 3 0x0000000080006052 (0x30402673) x12 0x0000000000000a00
core   0: 0x0000000080006056 (0x344025f3) csrrs   a1, mip, zero
core   0: 3 0x0000000080006056 (0x344025f3) x11 0x0000000000000080
core   0: 0x000000008000605a (0x343025f3) csrrs   a1, mtval, zero
core   0: 3 0x000000008000605a (0x343025f3) x11 0x00000000bb7bfbc7
core   0: 0x000000008000605e (0x14302573) csrrs   a0, stval, zero
core   0: 3 0x000000008000605e (0x14302573) x10 0x0000000000000000
core   0: 0x0000000080006062 (0xb02024f3) csrrs   s1, minstret, zero
core   0: 3 0x0000000080006062 (0xb02024f3) x9  0x0000000000000af2
core   0: 0x0000000080006066 (0x0000a811) c.j     pc + 20
core   0: 3 0x0000000080006066 (0xa811)
core   0: >>>>  mepc_4
core   0: 0x000000008000607a (0x00000791) c.addi  a5, 4
core   0: 3 0x000000008000607a (0x0791) x15 0x00000000800049fa
core   0: 0x000000008000607c (0x34179073) csrrw   zero, mepc, a5
core   0: 3 0x000000008000607c (0x34179073) c833_mepc 0x00000000800049fa
core   0: 0x0000000080006080 (0x30200073) mret
core   0: 3 0x0000000080006080 (0x30200073) c768_mstatus 0x8000000a001c61a2
core   0: 0x00000000800049fa (0x001793f3) csrrw   t2, fflags, a5
core   0: 1 0x00000000800049fa (0x001793f3) x7  0x0000000000000019 c1_fflags 0x000000000000001a
core   0: 0x00000000800049fe (0x007c2db3) slt     s11, s8, t2
core   0: 1 0x00000000800049fe (0x007c2db3) x27 0x0000000000000000
core   0: 0x0000000080004a02 (0xdbddfa43) fmadd.d fs4, fs11, ft9, fs11
core   0: exception trap_illegal_instruction, epc 0x0000000080004a02
core   0:           tval 0x00000000dbddfa43
core   0: >>>>  $xrv64i2p1_m2p0_a2p1_f2p2_d2p2_zicsr2p0_zifencei2p0_zmmul1p0_zba1p0_zbb1p0_zbc1p0_zbs1p0
core   0: 0x0000000080004000 (0x0080006f) j       pc + 0x8
core   0: 3 0x0000000080004000 (0x0080006f)
core   0: >>>>  mmode_exception_handler
core   0: 0x0000000080004008 (0x00002c17) auipc   s8, 0x2
core   0: 3 0x0000000080004008 (0x00002c17) x24 0x0000000080006008
core   0: 0x000000008000400c (0x03ec0c13) addi    s8, s8, 62
core   0: 3 0x000000008000400c (0x03ec0c13) x24 0x0000000080006046
core   0: 0x0000000080004010 (0x000c00e7) jalr    s8
core   0: 3 0x0000000080004010 (0x000c00e7) x1  0x0000000080004014
core   0: >>>>  any_handler
core   0: 0x0000000080006046 (0x341027f3) csrrs   a5, mepc, zero
core   0: 3 0x0000000080006046 (0x341027f3) x15 0x0000000080004a02
core   0: 0x000000008000604a (0x34202773) csrrs   a4, mcause, zero
core   0: 3 0x000000008000604a (0x34202773) x14 0x0000000000000002
core   0: 0x000000008000604e (0x142026f3) csrrs   a3, scause, zero
core   0: 3 0x000000008000604e (0x142026f3) x13 0x0000000000000000
core   0: 0x0000000080006052 (0x30402673) csrrs   a2, mie, zero
core   0: 3 0x0000000080006052 (0x30402673) x12 0x0000000000000a00
core   0: 0x0000000080006056 (0x344025f3) csrrs   a1, mip, zero
core   0: 3 0x0000000080006056 (0x344025f3) x11 0x0000000000000080
core   0: 0x000000008000605a (0x343025f3) csrrs   a1, mtval, zero
core   0: 3 0x000000008000605a (0x343025f3) x11 0x00000000dbddfa43
core   0: 0x000000008000605e (0x14302573) csrrs   a0, stval, zero
core   0: 3 0x000000008000605e (0x14302573) x10 0x0000000000000000
core   0: 0x0000000080006062 (0xb02024f3) csrrs   s1, minstret, zero
core   0: 3 0x0000000080006062 (0xb02024f3) x9  0x0000000000000b04
core   0: 0x0000000080006066 (0x0000a811) c.j     pc + 20
core   0: 3 0x0000000080006066 (0xa811)
core   0: >>>>  mepc_4
core   0: 0x000000008000607a (0x00000791) c.addi  a5, 4
core   0: 3 0x000000008000607a (0x0791) x15 0x0000000080004a06
core   0: 0x000000008000607c (0x34179073) csrrw   zero, mepc, a5
core   0: 3 0x000000008000607c (0x34179073) c833_mepc 0x0000000080004a06
core   0: 0x0000000080006080 (0x30200073) mret
core   0: 3 0x0000000080006080 (0x30200073) c768_mstatus 0x8000000a001c61a2
core   0: 0x0000000080004a06 (0x02b91493) slli    s1, s2, 43
core   0: 1 0x0000000080004a06 (0x02b91493) x9  0x0000000000000000
core   0: 0x0000000080004a0a (0x027e51b3) divu    gp, t3, t2
core   0: 1 0x0000000080004a0a (0x027e51b3) x3  0x0a3d70a3d70a3cd0
core   0: 0x0000000080004a0e (0x234616d3) fsgnjn.d fa3, fa2, fs4
core   0: 1 0x0000000080004a0e (0x234616d3) f13 0x8000000000000000
core   0: 0x0000000080004a12 (0x0152589b) srliw   a7, tp, 21
core   0: 1 0x0000000080004a12 (0x0152589b) x17 0x0000000000000000
core   0: 0x0000000080004a16 (0x016b9b9b) slliw   s7, s7, 22
core   0: 1 0x0000000080004a16 (0x016b9b9b) x23 0x0000000000000000
core   0: 0x0000000080004a1a (0x41788b3b) subw    s6, a7, s7
core   0: 1 0x0000000080004a1a (0x41788b3b) x22 0x0000000000000000
core   0: 0x0000000080004a1e (0x4afa7a4f) fnmadd.d fs4, fs4, fa5, fs1
core   0: exception trap_illegal_instruction, epc 0x0000000080004a1e
core   0:           tval 0x000000004afa7a4f
core   0: >>>>  $xrv64i2p1_m2p0_a2p1_f2p2_d2p2_zicsr2p0_zifencei2p0_zmmul1p0_zba1p0_zbb1p0_zbc1p0_zbs1p0
core   0: 0x0000000080004000 (0x0080006f) j       pc + 0x8
core   0: 3 0x0000000080004000 (0x0080006f)
core   0: >>>>  mmode_exception_handler
core   0: 0x0000000080004008 (0x00002c17) auipc   s8, 0x2
core   0: 3 0x0000000080004008 (0x00002c17) x24 0x0000000080006008
core   0: 0x000000008000400c (0x03ec0c13) addi    s8, s8, 62
core   0: 3 0x000000008000400c (0x03ec0c13) x24 0x0000000080006046
core   0: 0x0000000080004010 (0x000c00e7) jalr    s8
core   0: 3 0x0000000080004010 (0x000c00e7) x1  0x0000000080004014
core   0: >>>>  any_handler
core   0: 0x0000000080006046 (0x341027f3) csrrs   a5, mepc, zero
core   0: 3 0x0000000080006046 (0x341027f3) x15 0x0000000080004a1e
core   0: 0x000000008000604a (0x34202773) csrrs   a4, mcause, zero
core   0: 3 0x000000008000604a (0x34202773) x14 0x0000000000000002
core   0: 0x000000008000604e (0x142026f3) csrrs   a3, scause, zero
core   0: 3 0x000000008000604e (0x142026f3) x13 0x0000000000000000
core   0: 0x0000000080006052 (0x30402673) csrrs   a2, mie, zero
core   0: 3 0x0000000080006052 (0x30402673) x12 0x0000000000000a00
core   0: 0x0000000080006056 (0x344025f3) csrrs   a1, mip, zero
core   0: 3 0x0000000080006056 (0x344025f3) x11 0x0000000000000080
core   0: 0x000000008000605a (0x343025f3) csrrs   a1, mtval, zero
core   0: 3 0x000000008000605a (0x343025f3) x11 0x000000004afa7a4f
core   0: 0x000000008000605e (0x14302573) csrrs   a0, stval, zero
core   0: 3 0x000000008000605e (0x14302573) x10 0x0000000000000000
core   0: 0x0000000080006062 (0xb02024f3) csrrs   s1, minstret, zero
core   0: 3 0x0000000080006062 (0xb02024f3) x9  0x0000000000000b1a
core   0: 0x0000000080006066 (0x0000a811) c.j     pc + 20
core   0: 3 0x0000000080006066 (0xa811)
core   0: >>>>  mepc_4
core   0: 0x000000008000607a (0x00000791) c.addi  a5, 4
core   0: 3 0x000000008000607a (0x0791) x15 0x0000000080004a22
core   0: 0x000000008000607c (0x34179073) csrrw   zero, mepc, a5
core   0: 3 0x000000008000607c (0x34179073) c833_mepc 0x0000000080004a22
core   0: 0x0000000080006080 (0x30200073) mret
core   0: 3 0x0000000080006080 (0x30200073) c768_mstatus 0x8000000a001c61a2
core   0: 0x0000000080004a22 (0x03e678d3) fadd.d  fa7, fa2, ft10
core   0: exception trap_illegal_instruction, epc 0x0000000080004a22
core   0:           tval 0x0000000003e678d3
core   0: >>>>  $xrv64i2p1_m2p0_a2p1_f2p2_d2p2_zicsr2p0_zifencei2p0_zmmul1p0_zba1p0_zbb1p0_zbc1p0_zbs1p0
core   0: 0x0000000080004000 (0x0080006f) j       pc + 0x8
core   0: 3 0x0000000080004000 (0x0080006f)
core   0: >>>>  mmode_exception_handler
core   0: 0x0000000080004008 (0x00002c17) auipc   s8, 0x2
core   0: 3 0x0000000080004008 (0x00002c17) x24 0x0000000080006008
core   0: 0x000000008000400c (0x03ec0c13) addi    s8, s8, 62
core   0: 3 0x000000008000400c (0x03ec0c13) x24 0x0000000080006046
core   0: 0x0000000080004010 (0x000c00e7) jalr    s8
core   0: 3 0x0000000080004010 (0x000c00e7) x1  0x0000000080004014
core   0: >>>>  any_handler
core   0: 0x0000000080006046 (0x341027f3) csrrs   a5, mepc, zero
core   0: 3 0x0000000080006046 (0x341027f3) x15 0x0000000080004a22
core   0: 0x000000008000604a (0x34202773) csrrs   a4, mcause, zero
core   0: 3 0x000000008000604a (0x34202773) x14 0x0000000000000002
core   0: 0x000000008000604e (0x142026f3) csrrs   a3, scause, zero
core   0: 3 0x000000008000604e (0x142026f3) x13 0x0000000000000000
core   0: 0x0000000080006052 (0x30402673) csrrs   a2, mie, zero
core   0: 3 0x0000000080006052 (0x30402673) x12 0x0000000000000a00
core   0: 0x0000000080006056 (0x344025f3) csrrs   a1, mip, zero
core   0: 3 0x0000000080006056 (0x344025f3) x11 0x0000000000000080
core   0: 0x000000008000605a (0x343025f3) csrrs   a1, mtval, zero
core   0: 3 0x000000008000605a (0x343025f3) x11 0x0000000003e678d3
core   0: 0x000000008000605e (0x14302573) csrrs   a0, stval, zero
core   0: 3 0x000000008000605e (0x14302573) x10 0x0000000000000000
core   0: 0x0000000080006062 (0xb02024f3) csrrs   s1, minstret, zero
core   0: 3 0x0000000080006062 (0xb02024f3) x9  0x0000000000000b2a
core   0: 0x0000000080006066 (0x0000a811) c.j     pc + 20
core   0: 3 0x0000000080006066 (0xa811)
core   0: >>>>  mepc_4
core   0: 0x000000008000607a (0x00000791) c.addi  a5, 4
core   0: 3 0x000000008000607a (0x0791) x15 0x0000000080004a26
core   0: 0x000000008000607c (0x34179073) csrrw   zero, mepc, a5
core   0: 3 0x000000008000607c (0x34179073) c833_mepc 0x0000000080004a26
core   0: 0x0000000080006080 (0x30200073) mret
core   0: 3 0x0000000080006080 (0x30200073) c768_mstatus 0x8000000a001c61a2
core   0: 0x0000000080004a26 (0xc03f70d3) fcvt.lu.s ra, ft10
core   0: exception trap_illegal_instruction, epc 0x0000000080004a26
core   0:           tval 0x00000000c03f70d3
core   0: >>>>  $xrv64i2p1_m2p0_a2p1_f2p2_d2p2_zicsr2p0_zifencei2p0_zmmul1p0_zba1p0_zbb1p0_zbc1p0_zbs1p0
core   0: 0x0000000080004000 (0x0080006f) j       pc + 0x8
core   0: 3 0x0000000080004000 (0x0080006f)
core   0: >>>>  mmode_exception_handler
core   0: 0x0000000080004008 (0x00002c17) auipc   s8, 0x2
core   0: 3 0x0000000080004008 (0x00002c17) x24 0x0000000080006008
core   0: 0x000000008000400c (0x03ec0c13) addi    s8, s8, 62
core   0: 3 0x000000008000400c (0x03ec0c13) x24 0x0000000080006046
core   0: 0x0000000080004010 (0x000c00e7) jalr    s8
core   0: 3 0x0000000080004010 (0x000c00e7) x1  0x0000000080004014
core   0: >>>>  any_handler
core   0: 0x0000000080006046 (0x341027f3) csrrs   a5, mepc, zero
core   0: 3 0x0000000080006046 (0x341027f3) x15 0x0000000080004a26
core   0: 0x000000008000604a (0x34202773) csrrs   a4, mcause, zero
core   0: 3 0x000000008000604a (0x34202773) x14 0x0000000000000002
core   0: 0x000000008000604e (0x142026f3) csrrs   a3, scause, zero
core   0: 3 0x000000008000604e (0x142026f3) x13 0x0000000000000000
core   0: 0x0000000080006052 (0x30402673) csrrs   a2, mie, zero
core   0: 3 0x0000000080006052 (0x30402673) x12 0x0000000000000a00
core   0: 0x0000000080006056 (0x344025f3) csrrs   a1, mip, zero
core   0: 3 0x0000000080006056 (0x344025f3) x11 0x0000000000000080
core   0: 0x000000008000605a (0x343025f3) csrrs   a1, mtval, zero
core   0: 3 0x000000008000605a (0x343025f3) x11 0x00000000c03f70d3
core   0: 0x000000008000605e (0x14302573) csrrs   a0, stval, zero
core   0: 3 0x000000008000605e (0x14302573) x10 0x0000000000000000
core   0: 0x0000000080006062 (0xb02024f3) csrrs   s1, minstret, zero
core   0: 3 0x0000000080006062 (0xb02024f3) x9  0x0000000000000b3a
core   0: 0x0000000080006066 (0x0000a811) c.j     pc + 20
core   0: 3 0x0000000080006066 (0xa811)
core   0: >>>>  mepc_4
core   0: 0x000000008000607a (0x00000791) c.addi  a5, 4
core   0: 3 0x000000008000607a (0x0791) x15 0x0000000080004a2a
core   0: 0x000000008000607c (0x34179073) csrrw   zero, mepc, a5
core   0: 3 0x000000008000607c (0x34179073) c833_mepc 0x0000000080004a2a
core   0: 0x0000000080006080 (0x30200073) mret
core   0: 3 0x0000000080006080 (0x30200073) c768_mstatus 0x8000000a001c61a2
core   0: 0x0000000080004a2a (0x00000001) c.nop
core   0: 1 0x0000000080004a2a (0x0001)
core   0: 0x0000000080004a2c (0x0121909b) slliw   ra, gp, 18
core   0: 1 0x0000000080004a2c (0x0121909b) x1  0xfffffffff3400000
core   0: 0x0000000080004a30 (0x0032c133) xor     sp, t0, gp
core   0: 1 0x0000000080004a30 (0x0032c133) x2  0x0a3d70a3d70a3cd0
core   0: 0x0000000080004a34 (0xfc28e5b7) lui     a1, 0xfc28e
core   0: 1 0x0000000080004a34 (0xfc28e5b7) x11 0xfffffffffc28e000
core   0: 0x0000000080004a38 (0x6a55859b) addiw   a1, a1, 1701
core   0: 1 0x0000000080004a38 (0x6a55859b) x11 0xfffffffffc28e6a5
core   0: 0x0000000080004a3c (0x000005b6) c.slli  a1, 13
core   0: 1 0x0000000080004a3c (0x05b6) x11 0xffffff851cd4a000
core   0: 0x0000000080004a3e (0x8b058593) addi    a1, a1, -1872
core   0: 1 0x0000000080004a3e (0x8b058593) x11 0xffffff851cd498b0
core   0: 0x0000000080004a42 (0x413cd09b) sraiw   ra, s9, 19
core   0: 1 0x0000000080004a42 (0x413cd09b) x1  0x0000000000000000
core   0: 0x0000000080004a46 (0x01dd89bb) addw    s3, s11, t4
core   0: 1 0x0000000080004a46 (0x01dd89bb) x19 0x0000000000000000
core   0: 0x0000000080004a4a (0x5f2c8993) addi    s3, s9, 1522
core   0: 1 0x0000000080004a4a (0x5f2c8993) x19 0x000000000000060b
core   0: 0x0000000080004a4e (0xc03573d3) fcvt.lu.s t2, fa0
core   0: exception trap_illegal_instruction, epc 0x0000000080004a4e
core   0:           tval 0x00000000c03573d3
core   0: >>>>  $xrv64i2p1_m2p0_a2p1_f2p2_d2p2_zicsr2p0_zifencei2p0_zmmul1p0_zba1p0_zbb1p0_zbc1p0_zbs1p0
core   0: 0x0000000080004000 (0x0080006f) j       pc + 0x8
core   0: 3 0x0000000080004000 (0x0080006f)
core   0: >>>>  mmode_exception_handler
core   0: 0x0000000080004008 (0x00002c17) auipc   s8, 0x2
core   0: 3 0x0000000080004008 (0x00002c17) x24 0x0000000080006008
core   0: 0x000000008000400c (0x03ec0c13) addi    s8, s8, 62
core   0: 3 0x000000008000400c (0x03ec0c13) x24 0x0000000080006046
core   0: 0x0000000080004010 (0x000c00e7) jalr    s8
core   0: 3 0x0000000080004010 (0x000c00e7) x1  0x0000000080004014
core   0: >>>>  any_handler
core   0: 0x0000000080006046 (0x341027f3) csrrs   a5, mepc, zero
core   0: 3 0x0000000080006046 (0x341027f3) x15 0x0000000080004a4e
core   0: 0x000000008000604a (0x34202773) csrrs   a4, mcause, zero
core   0: 3 0x000000008000604a (0x34202773) x14 0x0000000000000002
core   0: 0x000000008000604e (0x142026f3) csrrs   a3, scause, zero
core   0: 3 0x000000008000604e (0x142026f3) x13 0x0000000000000000
core   0: 0x0000000080006052 (0x30402673) csrrs   a2, mie, zero
core   0: 3 0x0000000080006052 (0x30402673) x12 0x0000000000000a00
core   0: 0x0000000080006056 (0x344025f3) csrrs   a1, mip, zero
core   0: 3 0x0000000080006056 (0x344025f3) x11 0x0000000000000080
core   0: 0x000000008000605a (0x343025f3) csrrs   a1, mtval, zero
core   0: 3 0x000000008000605a (0x343025f3) x11 0x00000000c03573d3
core   0: 0x000000008000605e (0x14302573) csrrs   a0, stval, zero
core   0: 3 0x000000008000605e (0x14302573) x10 0x0000000000000000
core   0: 0x0000000080006062 (0xb02024f3) csrrs   s1, minstret, zero
core   0: 3 0x0000000080006062 (0xb02024f3) x9  0x0000000000000b54
core   0: 0x0000000080006066 (0x0000a811) c.j     pc + 20
core   0: 3 0x0000000080006066 (0xa811)
core   0: >>>>  mepc_4
core   0: 0x000000008000607a (0x00000791) c.addi  a5, 4
core   0: 3 0x000000008000607a (0x0791) x15 0x0000000080004a52
core   0: 0x000000008000607c (0x34179073) csrrw   zero, mepc, a5
core   0: 3 0x000000008000607c (0x34179073) c833_mepc 0x0000000080004a52
core   0: 0x0000000080006080 (0x30200073) mret
core   0: 3 0x0000000080006080 (0x30200073) c768_mstatus 0x8000000a001c61a2
core   0: 0x0000000080004a52 (0x334dfa47) fmsub.d fs4, fs11, fs4, ft6
core   0: exception trap_illegal_instruction, epc 0x0000000080004a52
core   0:           tval 0x00000000334dfa47
core   0: >>>>  $xrv64i2p1_m2p0_a2p1_f2p2_d2p2_zicsr2p0_zifencei2p0_zmmul1p0_zba1p0_zbb1p0_zbc1p0_zbs1p0
core   0: 0x0000000080004000 (0x0080006f) j       pc + 0x8
core   0: 3 0x0000000080004000 (0x0080006f)
core   0: >>>>  mmode_exception_handler
core   0: 0x0000000080004008 (0x00002c17) auipc   s8, 0x2
core   0: 3 0x0000000080004008 (0x00002c17) x24 0x0000000080006008
core   0: 0x000000008000400c (0x03ec0c13) addi    s8, s8, 62
core   0: 3 0x000000008000400c (0x03ec0c13) x24 0x0000000080006046
core   0: 0x0000000080004010 (0x000c00e7) jalr    s8
core   0: 3 0x0000000080004010 (0x000c00e7) x1  0x0000000080004014
core   0: >>>>  any_handler
core   0: 0x0000000080006046 (0x341027f3) csrrs   a5, mepc, zero
core   0: 3 0x0000000080006046 (0x341027f3) x15 0x0000000080004a52
core   0: 0x000000008000604a (0x34202773) csrrs   a4, mcause, zero
core   0: 3 0x000000008000604a (0x34202773) x14 0x0000000000000002
core   0: 0x000000008000604e (0x142026f3) csrrs   a3, scause, zero
core   0: 3 0x000000008000604e (0x142026f3) x13 0x0000000000000000
core   0: 0x0000000080006052 (0x30402673) csrrs   a2, mie, zero
core   0: 3 0x0000000080006052 (0x30402673) x12 0x0000000000000a00
core   0: 0x0000000080006056 (0x344025f3) csrrs   a1, mip, zero
core   0: 3 0x0000000080006056 (0x344025f3) x11 0x0000000000000080
core   0: 0x000000008000605a (0x343025f3) csrrs   a1, mtval, zero
core   0: 3 0x000000008000605a (0x343025f3) x11 0x00000000334dfa47
core   0: 0x000000008000605e (0x14302573) csrrs   a0, stval, zero
core   0: 3 0x000000008000605e (0x14302573) x10 0x0000000000000000
core   0: 0x0000000080006062 (0xb02024f3) csrrs   s1, minstret, zero
core   0: 3 0x0000000080006062 (0xb02024f3) x9  0x0000000000000b64
core   0: 0x0000000080006066 (0x0000a811) c.j     pc + 20
core   0: 3 0x0000000080006066 (0xa811)
core   0: >>>>  mepc_4
core   0: 0x000000008000607a (0x00000791) c.addi  a5, 4
core   0: 3 0x000000008000607a (0x0791) x15 0x0000000080004a56
core   0: 0x000000008000607c (0x34179073) csrrw   zero, mepc, a5
core   0: 3 0x000000008000607c (0x34179073) c833_mepc 0x0000000080004a56
core   0: 0x0000000080006080 (0x30200073) mret
core   0: 3 0x0000000080006080 (0x30200073) c768_mstatus 0x8000000a001c61a2
core   0: 0x0000000080004a56 (0xc027f353) fcvt.l.s t1, fa5
core   0: exception trap_illegal_instruction, epc 0x0000000080004a56
core   0:           tval 0x00000000c027f353
core   0: >>>>  $xrv64i2p1_m2p0_a2p1_f2p2_d2p2_zicsr2p0_zifencei2p0_zmmul1p0_zba1p0_zbb1p0_zbc1p0_zbs1p0
core   0: 0x0000000080004000 (0x0080006f) j       pc + 0x8
core   0: 3 0x0000000080004000 (0x0080006f)
core   0: >>>>  mmode_exception_handler
core   0: 0x0000000080004008 (0x00002c17) auipc   s8, 0x2
core   0: 3 0x0000000080004008 (0x00002c17) x24 0x0000000080006008
core   0: 0x000000008000400c (0x03ec0c13) addi    s8, s8, 62
core   0: 3 0x000000008000400c (0x03ec0c13) x24 0x0000000080006046
core   0: 0x0000000080004010 (0x000c00e7) jalr    s8
core   0: 3 0x0000000080004010 (0x000c00e7) x1  0x0000000080004014
core   0: >>>>  any_handler
core   0: 0x0000000080006046 (0x341027f3) csrrs   a5, mepc, zero
core   0: 3 0x0000000080006046 (0x341027f3) x15 0x0000000080004a56
core   0: 0x000000008000604a (0x34202773) csrrs   a4, mcause, zero
core   0: 3 0x000000008000604a (0x34202773) x14 0x0000000000000002
core   0: 0x000000008000604e (0x142026f3) csrrs   a3, scause, zero
core   0: 3 0x000000008000604e (0x142026f3) x13 0x0000000000000000
core   0: 0x0000000080006052 (0x30402673) csrrs   a2, mie, zero
core   0: 3 0x0000000080006052 (0x30402673) x12 0x0000000000000a00
core   0: 0x0000000080006056 (0x344025f3) csrrs   a1, mip, zero
core   0: 3 0x0000000080006056 (0x344025f3) x11 0x0000000000000080
core   0: 0x000000008000605a (0x343025f3) csrrs   a1, mtval, zero
core   0: 3 0x000000008000605a (0x343025f3) x11 0x00000000c027f353
core   0: 0x000000008000605e (0x14302573) csrrs   a0, stval, zero
core   0: 3 0x000000008000605e (0x14302573) x10 0x0000000000000000
core   0: 0x0000000080006062 (0xb02024f3) csrrs   s1, minstret, zero
core   0: 3 0x0000000080006062 (0xb02024f3) x9  0x0000000000000b74
core   0: 0x0000000080006066 (0x0000a811) c.j     pc + 20
core   0: 3 0x0000000080006066 (0xa811)
core   0: >>>>  mepc_4
core   0: 0x000000008000607a (0x00000791) c.addi  a5, 4
core   0: 3 0x000000008000607a (0x0791) x15 0x0000000080004a5a
core   0: 0x000000008000607c (0x34179073) csrrw   zero, mepc, a5
core   0: 3 0x000000008000607c (0x34179073) c833_mepc 0x0000000080004a5a
core   0: 0x0000000080006080 (0x30200073) mret
core   0: 3 0x0000000080006080 (0x30200073) c768_mstatus 0x8000000a001c61a2
core   0: 0x0000000080004a5a (0x00009592) c.add   a1, tp
core   0: 1 0x0000000080004a5a (0x9592) x11 0x00000000c027f353
core   0: 0x0000000080004a5c (0x00c75e33) srl     t3, a4, a2
core   0: 1 0x0000000080004a5c (0x00c75e33) x28 0x0000000000000002
core   0: 0x0000000080004a60 (0x02a5f4b3) remu    s1, a1, a0
core   0: 1 0x0000000080004a60 (0x02a5f4b3) x9  0x00000000c027f353
core   0: 0x0000000080004a64 (0xc0397bd3) fcvt.lu.s s7, fs2
core   0: exception trap_illegal_instruction, epc 0x0000000080004a64
core   0:           tval 0x00000000c0397bd3
core   0: >>>>  $xrv64i2p1_m2p0_a2p1_f2p2_d2p2_zicsr2p0_zifencei2p0_zmmul1p0_zba1p0_zbb1p0_zbc1p0_zbs1p0
core   0: 0x0000000080004000 (0x0080006f) j       pc + 0x8
core   0: 3 0x0000000080004000 (0x0080006f)
core   0: >>>>  mmode_exception_handler
core   0: 0x0000000080004008 (0x00002c17) auipc   s8, 0x2
core   0: 3 0x0000000080004008 (0x00002c17) x24 0x0000000080006008
core   0: 0x000000008000400c (0x03ec0c13) addi    s8, s8, 62
core   0: 3 0x000000008000400c (0x03ec0c13) x24 0x0000000080006046
core   0: 0x0000000080004010 (0x000c00e7) jalr    s8
core   0: 3 0x0000000080004010 (0x000c00e7) x1  0x0000000080004014
core   0: >>>>  any_handler
core   0: 0x0000000080006046 (0x341027f3) csrrs   a5, mepc, zero
core   0: 3 0x0000000080006046 (0x341027f3) x15 0x0000000080004a64
core   0: 0x000000008000604a (0x34202773) csrrs   a4, mcause, zero
core   0: 3 0x000000008000604a (0x34202773) x14 0x0000000000000002
core   0: 0x000000008000604e (0x142026f3) csrrs   a3, scause, zero
core   0: 3 0x000000008000604e (0x142026f3) x13 0x0000000000000000
core   0: 0x0000000080006052 (0x30402673) csrrs   a2, mie, zero
core   0: 3 0x0000000080006052 (0x30402673) x12 0x0000000000000a00
core   0: 0x0000000080006056 (0x344025f3) csrrs   a1, mip, zero
core   0: 3 0x0000000080006056 (0x344025f3) x11 0x0000000000000080
core   0: 0x000000008000605a (0x343025f3) csrrs   a1, mtval, zero
core   0: 3 0x000000008000605a (0x343025f3) x11 0x00000000c0397bd3
core   0: 0x000000008000605e (0x14302573) csrrs   a0, stval, zero
core   0: 3 0x000000008000605e (0x14302573) x10 0x0000000000000000
core   0: 0x0000000080006062 (0xb02024f3) csrrs   s1, minstret, zero
core   0: 3 0x0000000080006062 (0xb02024f3) x9  0x0000000000000b87
core   0: 0x0000000080006066 (0x0000a811) c.j     pc + 20
core   0: 3 0x0000000080006066 (0xa811)
core   0: >>>>  mepc_4
core   0: 0x000000008000607a (0x00000791) c.addi  a5, 4
core   0: 3 0x000000008000607a (0x0791) x15 0x0000000080004a68
core   0: 0x000000008000607c (0x34179073) csrrw   zero, mepc, a5
core   0: 3 0x000000008000607c (0x34179073) c833_mepc 0x0000000080004a68
core   0: 0x0000000080006080 (0x30200073) mret
core   0: 3 0x0000000080006080 (0x30200073) c768_mstatus 0x8000000a001c61a2
core   0: 0x0000000080004a68 (0xd0297bd3) fcvt.s.l fs7, s2
core   0: exception trap_illegal_instruction, epc 0x0000000080004a68
core   0:           tval 0x00000000d0297bd3
core   0: >>>>  $xrv64i2p1_m2p0_a2p1_f2p2_d2p2_zicsr2p0_zifencei2p0_zmmul1p0_zba1p0_zbb1p0_zbc1p0_zbs1p0
core   0: 0x0000000080004000 (0x0080006f) j       pc + 0x8
core   0: 3 0x0000000080004000 (0x0080006f)
core   0: >>>>  mmode_exception_handler
core   0: 0x0000000080004008 (0x00002c17) auipc   s8, 0x2
core   0: 3 0x0000000080004008 (0x00002c17) x24 0x0000000080006008
core   0: 0x000000008000400c (0x03ec0c13) addi    s8, s8, 62
core   0: 3 0x000000008000400c (0x03ec0c13) x24 0x0000000080006046
core   0: 0x0000000080004010 (0x000c00e7) jalr    s8
core   0: 3 0x0000000080004010 (0x000c00e7) x1  0x0000000080004014
core   0: >>>>  any_handler
core   0: 0x0000000080006046 (0x341027f3) csrrs   a5, mepc, zero
core   0: 3 0x0000000080006046 (0x341027f3) x15 0x0000000080004a68
core   0: 0x000000008000604a (0x34202773) csrrs   a4, mcause, zero
core   0: 3 0x000000008000604a (0x34202773) x14 0x0000000000000002
core   0: 0x000000008000604e (0x142026f3) csrrs   a3, scause, zero
core   0: 3 0x000000008000604e (0x142026f3) x13 0x0000000000000000
core   0: 0x0000000080006052 (0x30402673) csrrs   a2, mie, zero
core   0: 3 0x0000000080006052 (0x30402673) x12 0x0000000000000a00
core   0: 0x0000000080006056 (0x344025f3) csrrs   a1, mip, zero
core   0: 3 0x0000000080006056 (0x344025f3) x11 0x0000000000000080
core   0: 0x000000008000605a (0x343025f3) csrrs   a1, mtval, zero
core   0: 3 0x000000008000605a (0x343025f3) x11 0x00000000d0297bd3
core   0: 0x000000008000605e (0x14302573) csrrs   a0, stval, zero
core   0: 3 0x000000008000605e (0x14302573) x10 0x0000000000000000
core   0: 0x0000000080006062 (0xb02024f3) csrrs   s1, minstret, zero
core   0: 3 0x0000000080006062 (0xb02024f3) x9  0x0000000000000b97
core   0: 0x0000000080006066 (0x0000a811) c.j     pc + 20
core   0: 3 0x0000000080006066 (0xa811)
core   0: >>>>  mepc_4
core   0: 0x000000008000607a (0x00000791) c.addi  a5, 4
core   0: 3 0x000000008000607a (0x0791) x15 0x0000000080004a6c
core   0: 0x000000008000607c (0x34179073) csrrw   zero, mepc, a5
core   0: 3 0x000000008000607c (0x34179073) c833_mepc 0x0000000080004a6c
core   0: 0x0000000080006080 (0x30200073) mret
core   0: 3 0x0000000080006080 (0x30200073) c768_mstatus 0x8000000a001c61a2
core   0: 0x0000000080004a6c (0xd03a70d3) fcvt.s.lu ft1, s4
core   0: exception trap_illegal_instruction, epc 0x0000000080004a6c
core   0:           tval 0x00000000d03a70d3
core   0: >>>>  $xrv64i2p1_m2p0_a2p1_f2p2_d2p2_zicsr2p0_zifencei2p0_zmmul1p0_zba1p0_zbb1p0_zbc1p0_zbs1p0
core   0: 0x0000000080004000 (0x0080006f) j       pc + 0x8
core   0: 3 0x0000000080004000 (0x0080006f)
core   0: >>>>  mmode_exception_handler
core   0: 0x0000000080004008 (0x00002c17) auipc   s8, 0x2
core   0: 3 0x0000000080004008 (0x00002c17) x24 0x0000000080006008
core   0: 0x000000008000400c (0x03ec0c13) addi    s8, s8, 62
core   0: 3 0x000000008000400c (0x03ec0c13) x24 0x0000000080006046
core   0: 0x0000000080004010 (0x000c00e7) jalr    s8
core   0: 3 0x0000000080004010 (0x000c00e7) x1  0x0000000080004014
core   0: >>>>  any_handler
core   0: 0x0000000080006046 (0x341027f3) csrrs   a5, mepc, zero
core   0: 3 0x0000000080006046 (0x341027f3) x15 0x0000000080004a6c
core   0: 0x000000008000604a (0x34202773) csrrs   a4, mcause, zero
core   0: 3 0x000000008000604a (0x34202773) x14 0x0000000000000002
core   0: 0x000000008000604e (0x142026f3) csrrs   a3, scause, zero
core   0: 3 0x000000008000604e (0x142026f3) x13 0x0000000000000000
core   0: 0x0000000080006052 (0x30402673) csrrs   a2, mie, zero
core   0: 3 0x0000000080006052 (0x30402673) x12 0x0000000000000a00
core   0: 0x0000000080006056 (0x344025f3) csrrs   a1, mip, zero
core   0: 3 0x0000000080006056 (0x344025f3) x11 0x0000000000000080
core   0: 0x000000008000605a (0x343025f3) csrrs   a1, mtval, zero
core   0: 3 0x000000008000605a (0x343025f3) x11 0x00000000d03a70d3
core   0: 0x000000008000605e (0x14302573) csrrs   a0, stval, zero
core   0: 3 0x000000008000605e (0x14302573) x10 0x0000000000000000
core   0: 0x0000000080006062 (0xb02024f3) csrrs   s1, minstret, zero
core   0: 3 0x0000000080006062 (0xb02024f3) x9  0x0000000000000ba7
core   0: 0x0000000080006066 (0x0000a811) c.j     pc + 20
core   0: 3 0x0000000080006066 (0xa811)
core   0: >>>>  mepc_4
core   0: 0x000000008000607a (0x00000791) c.addi  a5, 4
core   0: 3 0x000000008000607a (0x0791) x15 0x0000000080004a70
core   0: 0x000000008000607c (0x34179073) csrrw   zero, mepc, a5
core   0: 3 0x000000008000607c (0x34179073) c833_mepc 0x0000000080004a70
core   0: 0x0000000080006080 (0x30200073) mret
core   0: 3 0x0000000080006080 (0x30200073) c768_mstatus 0x8000000a001c61a2
core   0: 0x0000000080004a70 (0x0ff0000f) fence   iorw,iorw
core   0: 1 0x0000000080004a70 (0x0ff0000f)
core   0: 0x0000000080004a74 (0x23768dd3) fsgnj.d fs11, fa3, fs7
core   0: 1 0x0000000080004a74 (0x23768dd3) f27 0x0000000000000000
core   0: 0x0000000080004a78 (0x014d22b3) slt     t0, s10, s4
core   0: 1 0x0000000080004a78 (0x014d22b3) x5  0x0000000000000001
core   0: 0x0000000080004a7c (0x03a04db3) div     s11, zero, s10
core   0: 1 0x0000000080004a7c (0x03a04db3) x27 0x0000000000000000
core   0: 0x0000000080004a80 (0x63b1f643) fmadd.d fa2, ft3, fs11, fa2
core   0: exception trap_illegal_instruction, epc 0x0000000080004a80
core   0:           tval 0x0000000063b1f643
core   0: >>>>  $xrv64i2p1_m2p0_a2p1_f2p2_d2p2_zicsr2p0_zifencei2p0_zmmul1p0_zba1p0_zbb1p0_zbc1p0_zbs1p0
core   0: 0x0000000080004000 (0x0080006f) j       pc + 0x8
core   0: 3 0x0000000080004000 (0x0080006f)
core   0: >>>>  mmode_exception_handler
core   0: 0x0000000080004008 (0x00002c17) auipc   s8, 0x2
core   0: 3 0x0000000080004008 (0x00002c17) x24 0x0000000080006008
core   0: 0x000000008000400c (0x03ec0c13) addi    s8, s8, 62
core   0: 3 0x000000008000400c (0x03ec0c13) x24 0x0000000080006046
core   0: 0x0000000080004010 (0x000c00e7) jalr    s8
core   0: 3 0x0000000080004010 (0x000c00e7) x1  0x0000000080004014
core   0: >>>>  any_handler
core   0: 0x0000000080006046 (0x341027f3) csrrs   a5, mepc, zero
core   0: 3 0x0000000080006046 (0x341027f3) x15 0x0000000080004a80
core   0: 0x000000008000604a (0x34202773) csrrs   a4, mcause, zero
core   0: 3 0x000000008000604a (0x34202773) x14 0x0000000000000002
core   0: 0x000000008000604e (0x142026f3) csrrs   a3, scause, zero
core   0: 3 0x000000008000604e (0x142026f3) x13 0x0000000000000000
core   0: 0x0000000080006052 (0x30402673) csrrs   a2, mie, zero
core   0: 3 0x0000000080006052 (0x30402673) x12 0x0000000000000a00
core   0: 0x0000000080006056 (0x344025f3) csrrs   a1, mip, zero
core   0: 3 0x0000000080006056 (0x344025f3) x11 0x0000000000000080
core   0: 0x000000008000605a (0x343025f3) csrrs   a1, mtval, zero
core   0: 3 0x000000008000605a (0x343025f3) x11 0x0000000063b1f643
core   0: 0x000000008000605e (0x14302573) csrrs   a0, stval, zero
core   0: 3 0x000000008000605e (0x14302573) x10 0x0000000000000000
core   0: 0x0000000080006062 (0xb02024f3) csrrs   s1, minstret, zero
core   0: 3 0x0000000080006062 (0xb02024f3) x9  0x0000000000000bbb
core   0: 0x0000000080006066 (0x0000a811) c.j     pc + 20
core   0: 3 0x0000000080006066 (0xa811)
core   0: >>>>  mepc_4
core   0: 0x000000008000607a (0x00000791) c.addi  a5, 4
core   0: 3 0x000000008000607a (0x0791) x15 0x0000000080004a84
core   0: 0x000000008000607c (0x34179073) csrrw   zero, mepc, a5
core   0: 3 0x000000008000607c (0x34179073) c833_mepc 0x0000000080004a84
core   0: 0x0000000080006080 (0x30200073) mret
core   0: 3 0x0000000080006080 (0x30200073) c768_mstatus 0x8000000a001c61a2
core   0: 0x0000000080004a84 (0x007b75b3) and     a1, s6, t2
core   0: 1 0x0000000080004a84 (0x007b75b3) x11 0x0000000000000000
core   0: 0x0000000080004a88 (0x00b681b3) add     gp, a3, a1
core   0: 1 0x0000000080004a88 (0x00b681b3) x3  0x0000000000000000
core   0: 0x0000000080004a8c (0x00181273) csrrw   tp, fflags, a6
core   0: 1 0x0000000080004a8c (0x00181273) x4  0x000000000000001a c1_fflags 0x000000000000001f
core   0: 0x0000000080004a90 (0x40425c9b) sraiw   s9, tp, 4
core   0: 1 0x0000000080004a90 (0x40425c9b) x25 0x0000000000000001
core   0: 0x0000000080004a94 (0x40075b9b) sraiw   s7, a4, 0
core   0: 1 0x0000000080004a94 (0x40075b9b) x23 0x0000000000000002
core   0: 0x0000000080004a98 (0x43f1d193) srai    gp, gp, 63
core   0: 1 0x0000000080004a98 (0x43f1d193) x3  0x0000000000000000
core   0: 0x0000000080004a9c (0x2274a1d3) fsgnjx.d ft3, fs1, ft7
core   0: 1 0x0000000080004a9c (0x2274a1d3) f3  0xfff8000000000000
core   0: 0x0000000080004aa0 (0xb2717c47) fmsub.d fs8, ft2, ft7, fs6
core   0: exception trap_illegal_instruction, epc 0x0000000080004aa0
core   0:           tval 0x00000000b2717c47
core   0: >>>>  $xrv64i2p1_m2p0_a2p1_f2p2_d2p2_zicsr2p0_zifencei2p0_zmmul1p0_zba1p0_zbb1p0_zbc1p0_zbs1p0
core   0: 0x0000000080004000 (0x0080006f) j       pc + 0x8
core   0: 3 0x0000000080004000 (0x0080006f)
core   0: >>>>  mmode_exception_handler
core   0: 0x0000000080004008 (0x00002c17) auipc   s8, 0x2
core   0: 3 0x0000000080004008 (0x00002c17) x24 0x0000000080006008
core   0: 0x000000008000400c (0x03ec0c13) addi    s8, s8, 62
core   0: 3 0x000000008000400c (0x03ec0c13) x24 0x0000000080006046
core   0: 0x0000000080004010 (0x000c00e7) jalr    s8
core   0: 3 0x0000000080004010 (0x000c00e7) x1  0x0000000080004014
core   0: >>>>  any_handler
core   0: 0x0000000080006046 (0x341027f3) csrrs   a5, mepc, zero
core   0: 3 0x0000000080006046 (0x341027f3) x15 0x0000000080004aa0
core   0: 0x000000008000604a (0x34202773) csrrs   a4, mcause, zero
core   0: 3 0x000000008000604a (0x34202773) x14 0x0000000000000002
core   0: 0x000000008000604e (0x142026f3) csrrs   a3, scause, zero
core   0: 3 0x000000008000604e (0x142026f3) x13 0x0000000000000000
core   0: 0x0000000080006052 (0x30402673) csrrs   a2, mie, zero
core   0: 3 0x0000000080006052 (0x30402673) x12 0x0000000000000a00
core   0: 0x0000000080006056 (0x344025f3) csrrs   a1, mip, zero
core   0: 3 0x0000000080006056 (0x344025f3) x11 0x0000000000000080
core   0: 0x000000008000605a (0x343025f3) csrrs   a1, mtval, zero
core   0: 3 0x000000008000605a (0x343025f3) x11 0x00000000b2717c47
core   0: 0x000000008000605e (0x14302573) csrrs   a0, stval, zero
core   0: 3 0x000000008000605e (0x14302573) x10 0x0000000000000000
core   0: 0x0000000080006062 (0xb02024f3) csrrs   s1, minstret, zero
core   0: 3 0x0000000080006062 (0xb02024f3) x9  0x0000000000000bd2
core   0: 0x0000000080006066 (0x0000a811) c.j     pc + 20
core   0: 3 0x0000000080006066 (0xa811)
core   0: >>>>  mepc_4
core   0: 0x000000008000607a (0x00000791) c.addi  a5, 4
core   0: 3 0x000000008000607a (0x0791) x15 0x0000000080004aa4
core   0: 0x000000008000607c (0x34179073) csrrw   zero, mepc, a5
core   0: 3 0x000000008000607c (0x34179073) c833_mepc 0x0000000080004aa4
core   0: 0x0000000080006080 (0x30200073) mret
core   0: 3 0x0000000080006080 (0x30200073) c768_mstatus 0x8000000a001c61a2
core   0: 0x0000000080004aa4 (0x40ed51bb) sraw    gp, s10, a4
core   0: 1 0x0000000080004aa4 (0x40ed51bb) x3  0xffffffffe0000000
core   0: 0x0000000080004aa8 (0x2211a1d3) fsgnjx.d ft3, ft3, ft1
core   0: 1 0x0000000080004aa8 (0x2211a1d3) f3  0xfff8000000000000
core   0: 0x0000000080004aac (0x40a7571b) sraiw   a4, a4, 10
core   0: 1 0x0000000080004aac (0x40a7571b) x14 0x0000000000000000
core   0: 0x0000000080004ab0 (0x4015db13) srai    s6, a1, 1
core   0: 1 0x0000000080004ab0 (0x4015db13) x22 0x000000005938be23
core   0: 0x0000000080004ab4 (0x002e17f3) csrrw   a5, frm, t3
core   0: 1 0x0000000080004ab4 (0x002e17f3) x15 0x0000000000000007 c2_frm 0x0000000000000002
core   0: 0x0000000080004ab8 (0x41845d1b) sraiw   s10, s0, 24
core   0: 1 0x0000000080004ab8 (0x41845d1b) x26 0x0000000000000000
core   0: 0x0000000080004abc (0x0057893b) addw    s2, a5, t0
core   0: 1 0x0000000080004abc (0x0057893b) x18 0x0000000000000008
core   0: 0x0000000080004ac0 (0xd2217653) fcvt.d.l fa2, sp
core   0: 1 0x0000000080004ac0 (0xd2217653) c1_fflags 0x000000000000001f f12 0x43a47ae147ae1479
core   0: 0x0000000080004ac4 (0x03ce563b) divuw   a2, t3, t3
core   0: 1 0x0000000080004ac4 (0x03ce563b) x12 0x0000000000000001
core   0: 0x0000000080004ac8 (0x019d2a33) slt     s4, s10, s9
core   0: 1 0x0000000080004ac8 (0x019d2a33) x20 0x0000000000000001
core   0: 0x0000000080004acc (0xfacd7b4b) fnmsub.d fs6, fs10, fa2, ft11
core   0: 1 0x0000000080004acc (0xfacd7b4b) f22 0x7ff8000000000000
core   0: 0x0000000080004ad0 (0xc22ffc53) fcvt.l.d s8, ft11
core   0: 1 0x0000000080004ad0 (0xc22ffc53) c1_fflags 0x000000000000001f x24 0x7fffffffffffffff
core   0: 0x0000000080004ad4 (0x42058e53) fcvt.d.s ft8, fa1
core   0: 1 0x0000000080004ad4 (0x42058e53) f28 0x7ff8000000000000
core   0: 0x0000000080004ad8 (0x02639833) mulh    a6, t2, t1
core   0: 1 0x0000000080004ad8 (0x02639833) x16 0xffffffffffffffff
core   0: 0x0000000080004adc (0x012cde1b) srliw   t3, s9, 18
core   0: 1 0x0000000080004adc (0x012cde1b) x28 0x0000000000000000
core   0: 0x0000000080004ae0 (0x0265b1b3) mulhu   gp, a1, t1
core   0: 1 0x0000000080004ae0 (0x0265b1b3) x3  0x00000000b2717c46
core   0: 0x0000000080004ae4 (0x00008162) c.mv    sp, s8
core   0: 1 0x0000000080004ae4 (0x8162) x2  0x7fffffffffffffff
core   0: 0x0000000080004ae6 (0x23860c53) fsgnj.d fs8, fa2, fs8
core   0: 1 0x0000000080004ae6 (0x23860c53) f24 0x43a47ae147ae1479
core   0: 0x0000000080004aea (0x8acd7343) fmadd.d ft6, fs10, fa2, fa7
core   0: 1 0x0000000080004aea (0x8acd7343) f6  0x7ff8000000000000
core   0: 0x0000000080004aee (0x12c8f8d3) fmul.d  fa7, fa7, fa2
core   0: 1 0x0000000080004aee (0x12c8f8d3) f17 0x7ff8000000000000
core   0: 0x0000000080004af2 (0x22a8acd3) fsgnjx.d fs9, fa7, fa0
core   0: 1 0x0000000080004af2 (0x22a8acd3) f25 0xfff8000000000000
core   0: 0x0000000080004af6 (0x2b348153) fmin.d  ft2, fs1, fs3
core   0: 1 0x0000000080004af6 (0x2b348153) f2  0x7ff8000000000000
core   0: 0x0000000080004afa (0x024c8cbb) mulw    s9, s9, tp
core   0: 1 0x0000000080004afa (0x024c8cbb) x25 0x000000000000001a
core   0: 0x0000000080004afe (0x6539da17) auipc   s4, 0x6539d
core   0: 1 0x0000000080004afe (0x6539da17) x20 0x00000000e53a1afe
core   0: 0x0000000080004b02 (0x409edc93) srai    s9, t4, 9
core   0: 1 0x0000000080004b02 (0x409edc93) x25 0x0000000000000000
core   0: 0x0000000080004b06 (0x022e1833) mulh    a6, t3, sp
core   0: 1 0x0000000080004b06 (0x022e1833) x16 0x0000000000000000
core   0: 0x0000000080004b0a (0xda2e72cb) fnmsub.d ft5, ft8, ft2, fs11
core   0: 1 0x0000000080004b0a (0xda2e72cb) f5  0x7ff8000000000000
core   0: 0x0000000080004b0e (0x43f15713) srai    a4, sp, 63
core   0: 1 0x0000000080004b0e (0x43f15713) x14 0x0000000000000000
core   0: 0x0000000080004b12 (0x031701b3) mul     gp, a4, a7
core   0: 1 0x0000000080004b12 (0x031701b3) x3  0x0000000000000000
core   0: 0x0000000080004b16 (0x142fd973) csrrwi  s2, scause, 31
core   0: 1 0x0000000080004b16 (0x142fd973) x18 0x0000000000000000 c322_scause 0x000000000000001f
core   0: 0x0000000080004b1a (0x12fbf153) fmul.d  ft2, fs7, fa5
core   0: 1 0x0000000080004b1a (0x12fbf153) f2  0x7ff8000000000000
core   0: 0x0000000080004b1e (0x00d080bb) addw    ra, ra, a3
core   0: 1 0x0000000080004b1e (0x00d080bb) x1  0xffffffff80004014
core   0: 0x0000000080004b22 (0x7ff1011b) addiw   sp, sp, 2047
core   0: 1 0x0000000080004b22 (0x7ff1011b) x2  0x00000000000007fe
core   0: 0x0000000080004b26 (0x0000941d) c.srai  s0, 39
core   0: 1 0x0000000080004b26 (0x941d) x8  0x0000000000000000
core   0: 0x0000000080004b28 (0x3b0c73c7) fmsub.d ft7, fs8, fa6, ft7
core   0: 1 0x0000000080004b28 (0x3b0c73c7) f7  0x7ff8000000000000
core   0: 0x0000000080004b2c (0x400a5813) srai    a6, s4, 0
core   0: 1 0x0000000080004b2c (0x400a5813) x16 0x00000000e53a1afe
core   0: 0x0000000080004b30 (0x01a5d913) srli    s2, a1, 26
core   0: 1 0x0000000080004b30 (0x01a5d913) x18 0x000000000000002c
core   0: 0x0000000080004b34 (0x00102e73) csrrs   t3, fflags, zero
core   0: 1 0x0000000080004b34 (0x00102e73) x28 0x000000000000001f
core   0: 0x0000000080004b38 (0x003c1dbb) sllw    s11, s8, gp
core   0: 1 0x0000000080004b38 (0x003c1dbb) x27 0xffffffffffffffff
core   0: 0x0000000080004b3c (0x411ddd13) srai    s10, s11, 17
core   0: 1 0x0000000080004b3c (0x411ddd13) x26 0xffffffffffffffff
core   0: 0x0000000080004b40 (0x40d1d9bb) sraw    s3, gp, a3
core   0: 1 0x0000000080004b40 (0x40d1d9bb) x19 0x0000000000000000
core   0: 0x0000000080004b44 (0x00d896bb) sllw    a3, a7, a3
core   0: 1 0x0000000080004b44 (0x00d896bb) x13 0x0000000000000000
core   0: 0x0000000080004b48 (0xd037ffd3) fcvt.s.lu ft11, a5
core   0: 1 0x0000000080004b48 (0xd037ffd3) f31 0xffffffff40e00000
core   0: 0x0000000080004b4c (0x1a7879d3) fdiv.d  fs3, fa6, ft7
core   0: 1 0x0000000080004b4c (0x1a7879d3) f19 0x7ff8000000000000
core   0: 0x0000000080004b50 (0xd2068cd3) fcvt.d.w fs9, a3
core   0: 1 0x0000000080004b50 (0xd2068cd3) f25 0x0000000000000000
core   0: 0x0000000080004b54 (0x03015593) srli    a1, sp, 48
core   0: 1 0x0000000080004b54 (0x03015593) x11 0x0000000000000000
core   0: 0x0000000080004b58 (0x22e7a753) fsgnjx.d fa4, fa5, fa4
core   0: 1 0x0000000080004b58 (0x22e7a753) f14 0xffffffff00000000
core   0: 0x0000000080004b5c (0x41b98b3b) subw    s6, s3, s11
core   0: 1 0x0000000080004b5c (0x41b98b3b) x22 0x0000000000000001
core   0: 0x0000000080004b60 (0x4018fbd3) fcvt.s.d fs7, fa7
core   0: 1 0x0000000080004b60 (0x4018fbd3) f23 0xffffffff7fc00000
core   0: 0x0000000080004b64 (0x00202673) csrrs   a2, frm, zero
core   0: 1 0x0000000080004b64 (0x00202673) x12 0x0000000000000002
core   0: 0x0000000080004b68 (0x409c043b) subw    s0, s8, s1
core   0: 1 0x0000000080004b68 (0x409c043b) x8  0xfffffffffffff42d
core   0: 0x0000000080004b6c (0xc20876d3) fcvt.w.d a3, fa6
core   0: 1 0x0000000080004b6c (0xc20876d3) c1_fflags 0x000000000000001f x13 0x000000007fffffff
core   0: 0x0000000080004b70 (0x01fb171b) slliw   a4, s6, 31
core   0: 1 0x0000000080004b70 (0x01fb171b) x14 0xffffffff80000000
core   0: 0x0000000080004b74 (0xd23b76d3) fcvt.d.lu fa3, s6
core   0: 1 0x0000000080004b74 (0xd23b76d3) f13 0x3ff0000000000000
core   0: 0x0000000080004b78 (0x03a375b3) remu    a1, t1, s10
core   0: 1 0x0000000080004b78 (0x03a375b3) x11 0x0000000000000000
core   0: 0x0000000080004b7c (0x0036d73b) srlw    a4, a3, gp
core   0: 1 0x0000000080004b7c (0x0036d73b) x14 0x000000007fffffff
core   0: 0x0000000080004b80 (0x0001d8bb) srlw    a7, gp, zero
core   0: 1 0x0000000080004b80 (0x0001d8bb) x17 0x0000000000000000
core   0: 0x0000000080004b84 (0x41e1d59b) sraiw   a1, gp, 30
core   0: 1 0x0000000080004b84 (0x41e1d59b) x11 0x0000000000000000
core   0: 0x0000000080004b88 (0x039c763b) remuw   a2, s8, s9
core   0: 1 0x0000000080004b88 (0x039c763b) x12 0xffffffffffffffff
core   0: 0x0000000080004b8c (0x800c8693) addi    a3, s9, -2048
core   0: 1 0x0000000080004b8c (0x800c8693) x13 0xfffffffffffff800
core   0: 0x0000000080004b90 (0x00169673) csrrw   a2, fflags, a3
core   0: 1 0x0000000080004b90 (0x00169673) x12 0x000000000000001f c1_fflags 0x0000000000000000
core   0: 0x0000000080004b94 (0x344618f3) csrrw   a7, mip, a2
core   0: exception trap_illegal_instruction, epc 0x0000000080004b94
core   0:           tval 0x00000000344618f3
core   0: >>>>  $xrv64i2p1_m2p0_a2p1_f2p2_d2p2_zicsr2p0_zifencei2p0_zmmul1p0_zba1p0_zbb1p0_zbc1p0_zbs1p0
core   0: 0x0000000080004000 (0x0080006f) j       pc + 0x8
core   0: 3 0x0000000080004000 (0x0080006f)
core   0: >>>>  mmode_exception_handler
core   0: 0x0000000080004008 (0x00002c17) auipc   s8, 0x2
core   0: 3 0x0000000080004008 (0x00002c17) x24 0x0000000080006008
core   0: 0x000000008000400c (0x03ec0c13) addi    s8, s8, 62
core   0: 3 0x000000008000400c (0x03ec0c13) x24 0x0000000080006046
core   0: 0x0000000080004010 (0x000c00e7) jalr    s8
core   0: 3 0x0000000080004010 (0x000c00e7) x1  0x0000000080004014
core   0: >>>>  any_handler
core   0: 0x0000000080006046 (0x341027f3) csrrs   a5, mepc, zero
core   0: 3 0x0000000080006046 (0x341027f3) x15 0x0000000080004b94
core   0: 0x000000008000604a (0x34202773) csrrs   a4, mcause, zero
core   0: 3 0x000000008000604a (0x34202773) x14 0x0000000000000002
core   0: 0x000000008000604e (0x142026f3) csrrs   a3, scause, zero
core   0: 3 0x000000008000604e (0x142026f3) x13 0x000000000000001f
core   0: 0x0000000080006052 (0x30402673) csrrs   a2, mie, zero
core   0: 3 0x0000000080006052 (0x30402673) x12 0x0000000000000a00
core   0: 0x0000000080006056 (0x344025f3) csrrs   a1, mip, zero
core   0: 3 0x0000000080006056 (0x344025f3) x11 0x0000000000000080
core   0: 0x000000008000605a (0x343025f3) csrrs   a1, mtval, zero
core   0: 3 0x000000008000605a (0x343025f3) x11 0x00000000344618f3
core   0: 0x000000008000605e (0x14302573) csrrs   a0, stval, zero
core   0: 3 0x000000008000605e (0x14302573) x10 0x0000000000000000
core   0: 0x0000000080006062 (0xb02024f3) csrrs   s1, minstret, zero
core   0: 3 0x0000000080006062 (0xb02024f3) x9  0x0000000000000c1f
core   0: 0x0000000080006066 (0x0000a811) c.j     pc + 20
core   0: 3 0x0000000080006066 (0xa811)
core   0: >>>>  mepc_4
core   0: 0x000000008000607a (0x00000791) c.addi  a5, 4
core   0: 3 0x000000008000607a (0x0791) x15 0x0000000080004b98
core   0: 0x000000008000607c (0x34179073) csrrw   zero, mepc, a5
core   0: 3 0x000000008000607c (0x34179073) c833_mepc 0x0000000080004b98
core   0: 0x0000000080006080 (0x30200073) mret
core   0: 3 0x0000000080006080 (0x30200073) c768_mstatus 0x8000000a001c61a2
core   0: 0x0000000080004b98 (0x34302df3) csrrs   s11, mtval, zero
core   0: exception trap_illegal_instruction, epc 0x0000000080004b98
core   0:           tval 0x0000000034302df3
core   0: >>>>  $xrv64i2p1_m2p0_a2p1_f2p2_d2p2_zicsr2p0_zifencei2p0_zmmul1p0_zba1p0_zbb1p0_zbc1p0_zbs1p0
core   0: 0x0000000080004000 (0x0080006f) j       pc + 0x8
core   0: 3 0x0000000080004000 (0x0080006f)
core   0: >>>>  mmode_exception_handler
core   0: 0x0000000080004008 (0x00002c17) auipc   s8, 0x2
core   0: 3 0x0000000080004008 (0x00002c17) x24 0x0000000080006008
core   0: 0x000000008000400c (0x03ec0c13) addi    s8, s8, 62
core   0: 3 0x000000008000400c (0x03ec0c13) x24 0x0000000080006046
core   0: 0x0000000080004010 (0x000c00e7) jalr    s8
core   0: 3 0x0000000080004010 (0x000c00e7) x1  0x0000000080004014
core   0: >>>>  any_handler
core   0: 0x0000000080006046 (0x341027f3) csrrs   a5, mepc, zero
core   0: 3 0x0000000080006046 (0x341027f3) x15 0x0000000080004b98
core   0: 0x000000008000604a (0x34202773) csrrs   a4, mcause, zero
core   0: 3 0x000000008000604a (0x34202773) x14 0x0000000000000002
core   0: 0x000000008000604e (0x142026f3) csrrs   a3, scause, zero
core   0: 3 0x000000008000604e (0x142026f3) x13 0x000000000000001f
core   0: 0x0000000080006052 (0x30402673) csrrs   a2, mie, zero
core   0: 3 0x0000000080006052 (0x30402673) x12 0x0000000000000a00
core   0: 0x0000000080006056 (0x344025f3) csrrs   a1, mip, zero
core   0: 3 0x0000000080006056 (0x344025f3) x11 0x0000000000000080
core   0: 0x000000008000605a (0x343025f3) csrrs   a1, mtval, zero
core   0: 3 0x000000008000605a (0x343025f3) x11 0x0000000034302df3
core   0: 0x000000008000605e (0x14302573) csrrs   a0, stval, zero
core   0: 3 0x000000008000605e (0x14302573) x10 0x0000000000000000
core   0: 0x0000000080006062 (0xb02024f3) csrrs   s1, minstret, zero
core   0: 3 0x0000000080006062 (0xb02024f3) x9  0x0000000000000c2f
core   0: 0x0000000080006066 (0x0000a811) c.j     pc + 20
core   0: 3 0x0000000080006066 (0xa811)
core   0: >>>>  mepc_4
core   0: 0x000000008000607a (0x00000791) c.addi  a5, 4
core   0: 3 0x000000008000607a (0x0791) x15 0x0000000080004b9c
core   0: 0x000000008000607c (0x34179073) csrrw   zero, mepc, a5
core   0: 3 0x000000008000607c (0x34179073) c833_mepc 0x0000000080004b9c
core   0: 0x0000000080006080 (0x30200073) mret
core   0: 3 0x0000000080006080 (0x30200073) c768_mstatus 0x8000000a001c61a2
core   0: 0x0000000080004b9c (0x0204b0b3) mulhu   ra, s1, zero
core   0: 1 0x0000000080004b9c (0x0204b0b3) x1  0x0000000000000000
core   0: 0x0000000080004ba0 (0x021d00bb) mulw    ra, s10, ra
core   0: 1 0x0000000080004ba0 (0x021d00bb) x1  0x0000000000000000
core   0: 0x0000000080004ba4 (0x1ba5fc53) fdiv.d  fs8, fa1, fs10
core   0: 1 0x0000000080004ba4 (0x1ba5fc53) f24 0x7ff8000000000000
core   0: 0x0000000080004ba8 (0x0010859b) addiw   a1, ra, 1
core   0: 1 0x0000000080004ba8 (0x0010859b) x11 0x0000000000000001
core   0: 0x0000000080004bac (0x01fed91b) srliw   s2, t4, 31
core   0: 1 0x0000000080004bac (0x01fed91b) x18 0x0000000000000000
core   0: 0x0000000080004bb0 (0x436ed093) srai    ra, t4, 54
core   0: 1 0x0000000080004bb0 (0x436ed093) x1  0x0000000000000000
core   0: 0x0000000080004bb4 (0x00051c9b) slliw   s9, a0, 0
core   0: 1 0x0000000080004bb4 (0x00051c9b) x25 0x0000000000000000
core   0: 0x0000000080004bb8 (0x0b9bf3d3) fsub.d  ft7, fs7, fs9
core   0: 1 0x0000000080004bb8 (0x0b9bf3d3) f7  0x7ff8000000000000
core   0: 0x0000000080004bbc (0x2a4c9253) fmax.d  ft4, fs9, ft4
core   0: 1 0x0000000080004bbc (0x2a4c9253) f4  0x0000000000000000
core   0: 0x0000000080004bc0 (0x0225593b) divuw   s2, a0, sp
core   0: 1 0x0000000080004bc0 (0x0225593b) x18 0x0000000000000000
core   0: 0x0000000080004bc4 (0xa9d40b93) addi    s7, s0, -1379
core   0: 1 0x0000000080004bc4 (0xa9d40b93) x23 0xffffffffffffeeca
core   0: 0x0000000080004bc8 (0x0ff0000f) fence   iorw,iorw
core   0: 1 0x0000000080004bc8 (0x0ff0000f)
core   0: 0x0000000080004bcc (0xd22471d3) fcvt.d.l ft3, s0
core   0: 1 0x0000000080004bcc (0xd22471d3) f3  0xc0a7a60000000000
core   0: 0x0000000080004bd0 (0x402d549b) sraiw   s1, s10, 2
core   0: 1 0x0000000080004bd0 (0x402d549b) x9  0xffffffffffffffff
core   0: 0x0000000080004bd4 (0xf11073f3) csrrci  t2, mvendorid, 0
core   0: exception trap_illegal_instruction, epc 0x0000000080004bd4
core   0:           tval 0x00000000f11073f3
core   0: >>>>  $xrv64i2p1_m2p0_a2p1_f2p2_d2p2_zicsr2p0_zifencei2p0_zmmul1p0_zba1p0_zbb1p0_zbc1p0_zbs1p0
core   0: 0x0000000080004000 (0x0080006f) j       pc + 0x8
core   0: 3 0x0000000080004000 (0x0080006f)
core   0: >>>>  mmode_exception_handler
core   0: 0x0000000080004008 (0x00002c17) auipc   s8, 0x2
core   0: 3 0x0000000080004008 (0x00002c17) x24 0x0000000080006008
core   0: 0x000000008000400c (0x03ec0c13) addi    s8, s8, 62
core   0: 3 0x000000008000400c (0x03ec0c13) x24 0x0000000080006046
core   0: 0x0000000080004010 (0x000c00e7) jalr    s8
core   0: 3 0x0000000080004010 (0x000c00e7) x1  0x0000000080004014
core   0: >>>>  any_handler
core   0: 0x0000000080006046 (0x341027f3) csrrs   a5, mepc, zero
core   0: 3 0x0000000080006046 (0x341027f3) x15 0x0000000080004bd4
core   0: 0x000000008000604a (0x34202773) csrrs   a4, mcause, zero
core   0: 3 0x000000008000604a (0x34202773) x14 0x0000000000000002
core   0: 0x000000008000604e (0x142026f3) csrrs   a3, scause, zero
core   0: 3 0x000000008000604e (0x142026f3) x13 0x000000000000001f
core   0: 0x0000000080006052 (0x30402673) csrrs   a2, mie, zero
core   0: 3 0x0000000080006052 (0x30402673) x12 0x0000000000000a00
core   0: 0x0000000080006056 (0x344025f3) csrrs   a1, mip, zero
core   0: 3 0x0000000080006056 (0x344025f3) x11 0x0000000000000080
core   0: 0x000000008000605a (0x343025f3) csrrs   a1, mtval, zero
core   0: 3 0x000000008000605a (0x343025f3) x11 0x00000000f11073f3
core   0: 0x000000008000605e (0x14302573) csrrs   a0, stval, zero
core   0: 3 0x000000008000605e (0x14302573) x10 0x0000000000000000
core   0: 0x0000000080006062 (0xb02024f3) csrrs   s1, minstret, zero
core   0: 3 0x0000000080006062 (0xb02024f3) x9  0x0000000000000c4d
core   0: 0x0000000080006066 (0x0000a811) c.j     pc + 20
core   0: 3 0x0000000080006066 (0xa811)
core   0: >>>>  mepc_4
core   0: 0x000000008000607a (0x00000791) c.addi  a5, 4
core   0: 3 0x000000008000607a (0x0791) x15 0x0000000080004bd8
core   0: 0x000000008000607c (0x34179073) csrrw   zero, mepc, a5
core   0: 3 0x000000008000607c (0x34179073) c833_mepc 0x0000000080004bd8
core   0: 0x0000000080006080 (0x30200073) mret
core   0: 3 0x0000000080006080 (0x30200073) c768_mstatus 0x8000000a001c61a2
core   0: 0x0000000080004bd8 (0x0094d83b) srlw    a6, s1, s1
core   0: 1 0x0000000080004bd8 (0x0094d83b) x16 0x0000000000000000
core   0: 0x0000000080004bdc (0x4088521b) sraiw   tp, a6, 8
core   0: 1 0x0000000080004bdc (0x4088521b) x4  0x0000000000000000
core   0: 0x0000000080004be0 (0x00000001) c.nop
core   0: 1 0x0000000080004be0 (0x0001)
core   0: 0x0000000080004be2 (0x415a03bb) subw    t2, s4, s5
core   0: 1 0x0000000080004be2 (0x415a03bb) x7  0xffffffffe53a1afe
core   0: 0x0000000080004be6 (0x401e7ad3) fcvt.s.d fs5, ft8
core   0: 1 0x0000000080004be6 (0x401e7ad3) f21 0xffffffff7fc00000
core   0: 0x0000000080004bea (0xc21b79d3) fcvt.wu.d s3, fs6
core   0: 1 0x0000000080004bea (0xc21b79d3) c1_fflags 0x0000000000000010 x19 0xffffffffffffffff
core   0: 0x0000000080004bee (0xc201fe53) fcvt.w.d t3, ft3
core   0: 1 0x0000000080004bee (0xc201fe53) x28 0xfffffffffffff42d
core   0: 0x0000000080004bf2 (0x54d6809b) addiw   ra, a3, 1357
core   0: 1 0x0000000080004bf2 (0x54d6809b) x1  0x000000000000056c
core   0: 0x0000000080004bf6 (0x002a1a73) csrrw   s4, frm, s4
core   0: 1 0x0000000080004bf6 (0x002a1a73) x20 0x0000000000000002 c2_frm 0x0000000000000006
core   0: 0x0000000080004bfa (0x031cd733) divu    a4, s9, a7
core   0: 1 0x0000000080004bfa (0x031cd733) x14 0xffffffffffffffff
core   0: 0x0000000080004bfe (0xe20b02d3) fmv.x.d t0, fs6
core   0: 1 0x0000000080004bfe (0xe20b02d3) x5  0x7ff8000000000000
core   0: 0x0000000080004c02 (0x000e9c93) slli    s9, t4, 0
core   0: 1 0x0000000080004c02 (0x000e9c93) x25 0x0000000000000000
core   0: 0x0000000080004c06 (0x247a6513) ori     a0, s4, 583
core   0: 1 0x0000000080004c06 (0x247a6513) x10 0x0000000000000247
core   0: 0x0000000080004c0a (0x02ac2c33) mulhsu  s8, s8, a0
core   0: 1 0x0000000080004c0a (0x02ac2c33) x24 0x0000000000000000
core   0: 0x0000000080004c0e (0x2b3a1253) fmax.d  ft4, fs4, fs3
core   0: 1 0x0000000080004c0e (0x2b3a1253) f4  0x0000000000000000
core   0: 0x0000000080004c12 (0x7ff60793) addi    a5, a2, 2047
core   0: 1 0x0000000080004c12 (0x7ff60793) x15 0x00000000000011ff
core   0: 0x0000000080004c16 (0x001eee93) ori     t4, t4, 1
core   0: 1 0x0000000080004c16 (0x001eee93) x29 0x0000000000000001
core   0: 0x0000000080004c1a (0x401500bb) subw    ra, a0, ra
core   0: 1 0x0000000080004c1a (0x401500bb) x1  0xfffffffffffffcdb
core   0: 0x0000000080004c1e (0x00000001) c.nop
core   0: 1 0x0000000080004c1e (0x0001)
core   0: 0x0000000080004c20 (0x4016f6d3) fcvt.s.d fa3, fa3
core   0: exception trap_illegal_instruction, epc 0x0000000080004c20
core   0:           tval 0x000000004016f6d3
core   0: >>>>  $xrv64i2p1_m2p0_a2p1_f2p2_d2p2_zicsr2p0_zifencei2p0_zmmul1p0_zba1p0_zbb1p0_zbc1p0_zbs1p0
core   0: 0x0000000080004000 (0x0080006f) j       pc + 0x8
core   0: 3 0x0000000080004000 (0x0080006f)
core   0: >>>>  mmode_exception_handler
core   0: 0x0000000080004008 (0x00002c17) auipc   s8, 0x2
core   0: 3 0x0000000080004008 (0x00002c17) x24 0x0000000080006008
core   0: 0x000000008000400c (0x03ec0c13) addi    s8, s8, 62
core   0: 3 0x000000008000400c (0x03ec0c13) x24 0x0000000080006046
core   0: 0x0000000080004010 (0x000c00e7) jalr    s8
core   0: 3 0x0000000080004010 (0x000c00e7) x1  0x0000000080004014
core   0: >>>>  any_handler
core   0: 0x0000000080006046 (0x341027f3) csrrs   a5, mepc, zero
core   0: 3 0x0000000080006046 (0x341027f3) x15 0x0000000080004c20
core   0: 0x000000008000604a (0x34202773) csrrs   a4, mcause, zero
core   0: 3 0x000000008000604a (0x34202773) x14 0x0000000000000002
core   0: 0x000000008000604e (0x142026f3) csrrs   a3, scause, zero
core   0: 3 0x000000008000604e (0x142026f3) x13 0x000000000000001f
core   0: 0x0000000080006052 (0x30402673) csrrs   a2, mie, zero
core   0: 3 0x0000000080006052 (0x30402673) x12 0x0000000000000a00
core   0: 0x0000000080006056 (0x344025f3) csrrs   a1, mip, zero
core   0: 3 0x0000000080006056 (0x344025f3) x11 0x0000000000000080
core   0: 0x000000008000605a (0x343025f3) csrrs   a1, mtval, zero
core   0: 3 0x000000008000605a (0x343025f3) x11 0x000000004016f6d3
core   0: 0x000000008000605e (0x14302573) csrrs   a0, stval, zero
core   0: 3 0x000000008000605e (0x14302573) x10 0x0000000000000000
core   0: 0x0000000080006062 (0xb02024f3) csrrs   s1, minstret, zero
core   0: 3 0x0000000080006062 (0xb02024f3) x9  0x0000000000000c70
core   0: 0x0000000080006066 (0x0000a811) c.j     pc + 20
core   0: 3 0x0000000080006066 (0xa811)
core   0: >>>>  mepc_4
core   0: 0x000000008000607a (0x00000791) c.addi  a5, 4
core   0: 3 0x000000008000607a (0x0791) x15 0x0000000080004c24
core   0: 0x000000008000607c (0x34179073) csrrw   zero, mepc, a5
core   0: 3 0x000000008000607c (0x34179073) c833_mepc 0x0000000080004c24
core   0: 0x0000000080006080 (0x30200073) mret
core   0: 3 0x0000000080006080 (0x30200073) c768_mstatus 0x8000000a001c61a2
core   0: 0x0000000080004c24 (0x81b9e0b7) lui     ra, 0x81b9e
core   0: 1 0x0000000080004c24 (0x81b9e0b7) x1  0xffffffff81b9e000
core   0: 0x0000000080004c28 (0x40b9033b) subw    t1, s2, a1
core   0: 1 0x0000000080004c28 (0x40b9033b) x6  0xffffffffbfe9092d
core   0: 0x0000000080004c2c (0xd20105d3) fcvt.d.w fa1, sp
core   0: 1 0x0000000080004c2c (0xd20105d3) f11 0x409ff80000000000
core   0: 0x0000000080004c30 (0xa279754f) fnmadd.d fa0, fs2, ft7, fs4
core   0: exception trap_illegal_instruction, epc 0x0000000080004c30
core   0:           tval 0x00000000a279754f
core   0: >>>>  $xrv64i2p1_m2p0_a2p1_f2p2_d2p2_zicsr2p0_zifencei2p0_zmmul1p0_zba1p0_zbb1p0_zbc1p0_zbs1p0
core   0: 0x0000000080004000 (0x0080006f) j       pc + 0x8
core   0: 3 0x0000000080004000 (0x0080006f)
core   0: >>>>  mmode_exception_handler
core   0: 0x0000000080004008 (0x00002c17) auipc   s8, 0x2
core   0: 3 0x0000000080004008 (0x00002c17) x24 0x0000000080006008
core   0: 0x000000008000400c (0x03ec0c13) addi    s8, s8, 62
core   0: 3 0x000000008000400c (0x03ec0c13) x24 0x0000000080006046
core   0: 0x0000000080004010 (0x000c00e7) jalr    s8
core   0: 3 0x0000000080004010 (0x000c00e7) x1  0x0000000080004014
core   0: >>>>  any_handler
core   0: 0x0000000080006046 (0x341027f3) csrrs   a5, mepc, zero
core   0: 3 0x0000000080006046 (0x341027f3) x15 0x0000000080004c30
core   0: 0x000000008000604a (0x34202773) csrrs   a4, mcause, zero
core   0: 3 0x000000008000604a (0x34202773) x14 0x0000000000000002
core   0: 0x000000008000604e (0x142026f3) csrrs   a3, scause, zero
core   0: 3 0x000000008000604e (0x142026f3) x13 0x000000000000001f
core   0: 0x0000000080006052 (0x30402673) csrrs   a2, mie, zero
core   0: 3 0x0000000080006052 (0x30402673) x12 0x0000000000000a00
core   0: 0x0000000080006056 (0x344025f3) csrrs   a1, mip, zero
core   0: 3 0x0000000080006056 (0x344025f3) x11 0x0000000000000080
core   0: 0x000000008000605a (0x343025f3) csrrs   a1, mtval, zero
core   0: 3 0x000000008000605a (0x343025f3) x11 0x00000000a279754f
core   0: 0x000000008000605e (0x14302573) csrrs   a0, stval, zero
core   0: 3 0x000000008000605e (0x14302573) x10 0x0000000000000000
core   0: 0x0000000080006062 (0xb02024f3) csrrs   s1, minstret, zero
core   0: 3 0x0000000080006062 (0xb02024f3) x9  0x0000000000000c83
core   0: 0x0000000080006066 (0x0000a811) c.j     pc + 20
core   0: 3 0x0000000080006066 (0xa811)
core   0: >>>>  mepc_4
core   0: 0x000000008000607a (0x00000791) c.addi  a5, 4
core   0: 3 0x000000008000607a (0x0791) x15 0x0000000080004c34
core   0: 0x000000008000607c (0x34179073) csrrw   zero, mepc, a5
core   0: 3 0x000000008000607c (0x34179073) c833_mepc 0x0000000080004c34
core   0: 0x0000000080006080 (0x30200073) mret
core   0: 3 0x0000000080006080 (0x30200073) c768_mstatus 0x8000000a001c61a2
core   0: 0x0000000080004c34 (0xf347e913) ori     s2, a5, -204
core   0: 1 0x0000000080004c34 (0xf347e913) x18 0xffffffffffffff34
core   0: 0x0000000080004c38 (0x01141613) slli    a2, s0, 17
core   0: 1 0x0000000080004c38 (0x01141613) x12 0xffffffffe85a0000
core   0: 0x0000000080004c3c (0x008ecd33) xor     s10, t4, s0
core   0: 1 0x0000000080004c3c (0x008ecd33) x26 0xfffffffffffff42c
core   0: 0x0000000080004c40 (0x00000001) c.nop
core   0: 1 0x0000000080004c40 (0x0001)
core   0: 0x0000000080004c42 (0xe20b8153) fmv.x.d sp, fs7
core   0: 1 0x0000000080004c42 (0xe20b8153) x2  0xffffffff7fc00000
core   0: 0x0000000080004c46 (0x00221df3) csrrw   s11, frm, tp
core   0: 1 0x0000000080004c46 (0x00221df3) x27 0x0000000000000006 c2_frm 0x0000000000000000
core   0: 0x0000000080004c4a (0x7a010d1b) addiw   s10, sp, 1952
core   0: 1 0x0000000080004c4a (0x7a010d1b) x26 0x000000007fc007a0
core   0: 0x0000000080004c4e (0x000d5793) srli    a5, s10, 0
core   0: 1 0x0000000080004c4e (0x000d5793) x15 0x000000007fc007a0
core   0: 0x0000000080004c52 (0xc03978d3) fcvt.lu.s a7, fs2
core   0: 1 0x0000000080004c52 (0xc03978d3) c1_fflags 0x0000000000000010 x17 0xffffffffffffffff
core   0: 0x0000000080004c56 (0x01a4cbb3) xor     s7, s1, s10
core   0: 1 0x0000000080004c56 (0x01a4cbb3) x23 0x000000007fc00b23
core   0: 0x0000000080004c5a (0xd223ffd3) fcvt.d.l ft11, t2
core   0: 1 0x0000000080004c5a (0xd223ffd3) f31 0xc1bac5e502000000
core   0: 0x0000000080004c5e (0x40418833) sub     a6, gp, tp
core   0: 1 0x0000000080004c5e (0x40418833) x16 0x0000000000000000
core   0: 0x0000000080004c62 (0x4008531b) sraiw   t1, a6, 0
core   0: 1 0x0000000080004c62 (0x4008531b) x6  0x0000000000000000
core   0: 0x0000000080004c66 (0x007a93b3) sll     t2, s5, t2
core   0: 1 0x0000000080004c66 (0x007a93b3) x7  0x0000000000000000
core   0: 0x0000000080004c6a (0x0294d53b) divuw   a0, s1, s1
core   0: 1 0x0000000080004c6a (0x0294d53b) x10 0x0000000000000001
core   0: 0x0000000080004c6e (0x401ad993) srai    s3, s5, 1
core   0: 1 0x0000000080004c6e (0x401ad993) x19 0x0000000000000000
core   0: 0x0000000080004c72 (0x03556ebb) remw    t4, a0, s5
core   0: 1 0x0000000080004c72 (0x03556ebb) x29 0x0000000000000001
core   0: 0x0000000080004c76 (0x016adb3b) srlw    s6, s5, s6
core   0: 1 0x0000000080004c76 (0x016adb3b) x22 0x0000000000000000
core   0: 0x0000000080004c7a (0x01f99d93) slli    s11, s3, 31
core   0: 1 0x0000000080004c7a (0x01f99d93) x27 0x0000000000000000
core   0: 0x0000000080004c7e (0x13da70d3) fmul.d  ft1, fs4, ft9
core   0: 1 0x0000000080004c7e (0x13da70d3) f1  0x7ff8000000000000
core   0: 0x0000000080004c82 (0x2a3a96d3) fmax.d  fa3, fs5, ft3
core   0: 1 0x0000000080004c82 (0x2a3a96d3) f13 0xc0a7a60000000000
core   0: 0x0000000080004c86 (0x031a4d3b) divw    s10, s4, a7
core   0: 1 0x0000000080004c86 (0x031a4d3b) x26 0xfffffffffffffffe
core   0: 0x0000000080004c8a (0x141d2273) csrrs   tp, sepc, s10
core   0: 1 0x0000000080004c8a (0x141d2273) x4  0x0000000000000000 c321_sepc 0xfffffffffffffffe
core   0: 0x0000000080004c8e (0x03164633) div     a2, a2, a7
core   0: 1 0x0000000080004c8e (0x03164633) x12 0x0000000017a60000
core   0: 0x0000000080004c92 (0xd4d04113) xori    sp, zero, -691
core   0: 1 0x0000000080004c92 (0xd4d04113) x2  0xfffffffffffffd4d
core   0: 0x0000000080004c96 (0x0226653b) remw    a0, a2, sp
core   0: 1 0x0000000080004c96 (0x0226653b) x10 0x0000000000000013
core   0: 0x0000000080004c9a (0xfa6104b7) lui     s1, 0xfa610
core   0: 1 0x0000000080004c9a (0xfa6104b7) x9  0xfffffffffa610000
core   0: 0x0000000080004c9e (0xb454849b) addiw   s1, s1, -1211
core   0: 1 0x0000000080004c9e (0xb454849b) x9  0xfffffffffa60fb45
core   0: 0x0000000080004ca2 (0x000004b2) c.slli  s1, 12
core   0: 1 0x0000000080004ca2 (0x04b2) x9  0xffffffa60fb45000
core   0: 0x0000000080004ca4 (0x31e48493) addi    s1, s1, 798
core   0: 1 0x0000000080004ca4 (0x31e48493) x9  0xffffffa60fb4531e
core   0: 0x0000000080004ca8 (0x00202873) csrrs   a6, frm, zero
core   0: 1 0x0000000080004ca8 (0x00202873) x16 0x0000000000000000
core   0: 0x0000000080004cac (0x0094dab3) srl     s5, s1, s1
core   0: 1 0x0000000080004cac (0x0094dab3) x21 0x00000003fffffe98
core   0: 0x0000000080004cb0 (0x12cdf5d3) fmul.d  fa1, fs11, fa2
core   0: 1 0x0000000080004cb0 (0x12cdf5d3) f11 0x0000000000000000
core   0: 0x0000000080004cb4 (0x0353d693) srli    a3, t2, 53
core   0: 1 0x0000000080004cb4 (0x0353d693) x13 0x0000000000000000
core   0: 0x0000000080004cb8 (0x01d11c93) slli    s9, sp, 29
core   0: 1 0x0000000080004cb8 (0x01d11c93) x25 0xffffffa9a0000000
core   0: 0x0000000080004cbc (0xd2110dd3) fcvt.d.wu fs11, sp
core   0: 1 0x0000000080004cbc (0xd2110dd3) f27 0x41efffffa9a00000
core   0: 0x0000000080004cc0 (0x7bee754b) fnmsub.d fa0, ft8, ft10, fa5
core   0: 1 0x0000000080004cc0 (0x7bee754b) f10 0x7ff8000000000000
core   0: 0x0000000080004cc4 (0x2b0b0953) fmin.d  fs2, fs6, fa6
core   0: 1 0x0000000080004cc4 (0x2b0b0953) f18 0x7ff8000000000000
core   0: 0x0000000080004cc8 (0x4020d0bb) sraw    ra, ra, sp
core   0: 1 0x0000000080004cc8 (0x4020d0bb) x1  0xfffffffffffc0002
core   0: 0x0000000080004ccc (0x01fd9d9b) slliw   s11, s11, 31
core   0: 1 0x0000000080004ccc (0x01fd9d9b) x27 0x0000000000000000
core   0: 0x0000000080004cd0 (0x23e79f53) fsgnjn.d ft10, fa5, ft10
core   0: 1 0x0000000080004cd0 (0x23e79f53) f30 0xffffffff00000000
core   0: 0x0000000080004cd4 (0x3440dcf3) csrrwi  s9, mip, 1
core   0: exception trap_illegal_instruction, epc 0x0000000080004cd4
core   0:           tval 0x000000003440dcf3
core   0: >>>>  $xrv64i2p1_m2p0_a2p1_f2p2_d2p2_zicsr2p0_zifencei2p0_zmmul1p0_zba1p0_zbb1p0_zbc1p0_zbs1p0
core   0: 0x0000000080004000 (0x0080006f) j       pc + 0x8
core   0: 3 0x0000000080004000 (0x0080006f)
core   0: >>>>  mmode_exception_handler
core   0: 0x0000000080004008 (0x00002c17) auipc   s8, 0x2
core   0: 3 0x0000000080004008 (0x00002c17) x24 0x0000000080006008
core   0: 0x000000008000400c (0x03ec0c13) addi    s8, s8, 62
core   0: 3 0x000000008000400c (0x03ec0c13) x24 0x0000000080006046
core   0: 0x0000000080004010 (0x000c00e7) jalr    s8
core   0: 3 0x0000000080004010 (0x000c00e7) x1  0x0000000080004014
core   0: >>>>  any_handler
core   0: 0x0000000080006046 (0x341027f3) csrrs   a5, mepc, zero
core   0: 3 0x0000000080006046 (0x341027f3) x15 0x0000000080004cd4
core   0: 0x000000008000604a (0x34202773) csrrs   a4, mcause, zero
core   0: 3 0x000000008000604a (0x34202773) x14 0x0000000000000002
core   0: 0x000000008000604e (0x142026f3) csrrs   a3, scause, zero
core   0: 3 0x000000008000604e (0x142026f3) x13 0x000000000000001f
core   0: 0x0000000080006052 (0x30402673) csrrs   a2, mie, zero
core   0: 3 0x0000000080006052 (0x30402673) x12 0x0000000000000a00
core   0: 0x0000000080006056 (0x344025f3) csrrs   a1, mip, zero
core   0: 3 0x0000000080006056 (0x344025f3) x11 0x0000000000000080
core   0: 0x000000008000605a (0x343025f3) csrrs   a1, mtval, zero
core   0: 3 0x000000008000605a (0x343025f3) x11 0x000000003440dcf3
core   0: 0x000000008000605e (0x14302573) csrrs   a0, stval, zero
core   0: 3 0x000000008000605e (0x14302573) x10 0x0000000000000000
core   0: 0x0000000080006062 (0xb02024f3) csrrs   s1, minstret, zero
core   0: 3 0x0000000080006062 (0xb02024f3) x9  0x0000000000000cbc
core   0: 0x0000000080006066 (0x0000a811) c.j     pc + 20
core   0: 3 0x0000000080006066 (0xa811)
core   0: >>>>  mepc_4
core   0: 0x000000008000607a (0x00000791) c.addi  a5, 4
core   0: 3 0x000000008000607a (0x0791) x15 0x0000000080004cd8
core   0: 0x000000008000607c (0x34179073) csrrw   zero, mepc, a5
core   0: 3 0x000000008000607c (0x34179073) c833_mepc 0x0000000080004cd8
core   0: 0x0000000080006080 (0x30200073) mret
core   0: 3 0x0000000080006080 (0x30200073) c768_mstatus 0x8000000a001c61a2
core   0: 0x0000000080004cd8 (0x001020f3) csrrs   ra, fflags, zero
core   0: 1 0x0000000080004cd8 (0x001020f3) x1  0x0000000000000010
core   0: 0x0000000080004cdc (0x031ac9b3) div     s3, s5, a7
core   0: 1 0x0000000080004cdc (0x031ac9b3) x19 0xfffffffc00000168
core   0: 0x0000000080004ce0 (0x34399ef3) csrrw   t4, mtval, s3
core   0: exception trap_illegal_instruction, epc 0x0000000080004ce0
core   0:           tval 0x0000000034399ef3
core   0: >>>>  $xrv64i2p1_m2p0_a2p1_f2p2_d2p2_zicsr2p0_zifencei2p0_zmmul1p0_zba1p0_zbb1p0_zbc1p0_zbs1p0
core   0: 0x0000000080004000 (0x0080006f) j       pc + 0x8
core   0: 3 0x0000000080004000 (0x0080006f)
core   0: >>>>  mmode_exception_handler
core   0: 0x0000000080004008 (0x00002c17) auipc   s8, 0x2
core   0: 3 0x0000000080004008 (0x00002c17) x24 0x0000000080006008
core   0: 0x000000008000400c (0x03ec0c13) addi    s8, s8, 62
core   0: 3 0x000000008000400c (0x03ec0c13) x24 0x0000000080006046
core   0: 0x0000000080004010 (0x000c00e7) jalr    s8
core   0: 3 0x0000000080004010 (0x000c00e7) x1  0x0000000080004014
core   0: >>>>  any_handler
core   0: 0x0000000080006046 (0x341027f3) csrrs   a5, mepc, zero
core   0: 3 0x0000000080006046 (0x341027f3) x15 0x0000000080004ce0
core   0: 0x000000008000604a (0x34202773) csrrs   a4, mcause, zero
core   0: 3 0x000000008000604a (0x34202773) x14 0x0000000000000002
core   0: 0x000000008000604e (0x142026f3) csrrs   a3, scause, zero
core   0: 3 0x000000008000604e (0x142026f3) x13 0x000000000000001f
core   0: 0x0000000080006052 (0x30402673) csrrs   a2, mie, zero
core   0: 3 0x0000000080006052 (0x30402673) x12 0x0000000000000a00
core   0: 0x0000000080006056 (0x344025f3) csrrs   a1, mip, zero
core   0: 3 0x0000000080006056 (0x344025f3) x11 0x0000000000000080
core   0: 0x000000008000605a (0x343025f3) csrrs   a1, mtval, zero
core   0: 3 0x000000008000605a (0x343025f3) x11 0x0000000034399ef3
core   0: 0x000000008000605e (0x14302573) csrrs   a0, stval, zero
core   0: 3 0x000000008000605e (0x14302573) x10 0x0000000000000000
core   0: 0x0000000080006062 (0xb02024f3) csrrs   s1, minstret, zero
core   0: 3 0x0000000080006062 (0xb02024f3) x9  0x0000000000000cce
core   0: 0x0000000080006066 (0x0000a811) c.j     pc + 20
core   0: 3 0x0000000080006066 (0xa811)
core   0: >>>>  mepc_4
core   0: 0x000000008000607a (0x00000791) c.addi  a5, 4
core   0: 3 0x000000008000607a (0x0791) x15 0x0000000080004ce4
core   0: 0x000000008000607c (0x34179073) csrrw   zero, mepc, a5
core   0: 3 0x000000008000607c (0x34179073) c833_mepc 0x0000000080004ce4
core   0: 0x0000000080006080 (0x30200073) mret
core   0: 3 0x0000000080006080 (0x30200073) c768_mstatus 0x8000000a001c61a2
core   0: 0x0000000080004ce4 (0x01bb8233) add     tp, s7, s11
core   0: 1 0x0000000080004ce4 (0x01bb8233) x4  0x000000007fc00b23
core   0: 0x0000000080004ce8 (0x93667bb7) lui     s7, 0x93667
core   0: 1 0x0000000080004ce8 (0x93667bb7) x23 0xffffffff93667000
core   0: 0x0000000080004cec (0x40d706b3) sub     a3, a4, a3
core   0: 1 0x0000000080004cec (0x40d706b3) x13 0xffffffffffffffe3
core   0: 0x0000000080004cf0 (0x02aeb0b3) mulhu   ra, t4, a0
core   0: 1 0x0000000080004cf0 (0x02aeb0b3) x1  0x0000000000000000
core   0: 0x0000000080004cf4 (0x40a7d933) sra     s2, a5, a0
core   0: 1 0x0000000080004cf4 (0x40a7d933) x18 0x0000000080004ce4
core   0: 0x0000000080004cf8 (0x023aa333) mulhsu  t1, s5, gp
core   0: 1 0x0000000080004cf8 (0x023aa333) x6  0x0000000000000000
core   0: 0x0000000080004cfc (0x0aff76d3) fsub.d  fa3, ft10, fa5
core   0: 1 0x0000000080004cfc (0x0aff76d3) f13 0x7ff8000000000000
core   0: 0x0000000080004d00 (0x0ff0000f) fence   iorw,iorw
core   0: 1 0x0000000080004d00 (0x0ff0000f)
core   0: 0x0000000080004d04 (0xc210f553) fcvt.wu.d a0, ft1
core   0: 1 0x0000000080004d04 (0xc210f553) c1_fflags 0x0000000000000010 x10 0xffffffffffffffff
core   0: 0x0000000080004d08 (0x00c517b3) sll     a5, a0, a2
core   0: 1 0x0000000080004d08 (0x00c517b3) x15 0xffffffffffffffff
core   0: 0x0000000080004d0c (0x42e9d013) srai    zero, s3, 46
core   0: 1 0x0000000080004d0c (0x42e9d013)
core   0: 0x0000000080004d10 (0x00002381) c.addiw t2, 0
core   0: 1 0x0000000080004d10 (0x2381) x7  0x0000000000000000
core   0: 0x0000000080004d12 (0x0339d8b3) divu    a7, s3, s3
core   0: 1 0x0000000080004d12 (0x0339d8b3) x17 0x0000000000000001
core   0: 0x0000000080004d16 (0x00219cf3) csrrw   s9, frm, gp
core   0: 1 0x0000000080004d16 (0x00219cf3) x25 0x0000000000000000 c2_frm 0x0000000000000000
core   0: 0x0000000080004d1a (0x01de1e3b) sllw    t3, t3, t4
core   0: 1 0x0000000080004d1a (0x01de1e3b) x28 0xffffffffffffe85a
core   0: 0x0000000080004d1e (0xd225f553) fcvt.d.l fa0, a1
core   0: 1 0x0000000080004d1e (0xd225f553) f10 0x41ca1ccf79800000
core   0: 0x0000000080004d22 (0x418b0b33) sub     s6, s6, s8
core   0: 1 0x0000000080004d22 (0x418b0b33) x22 0xffffffff7fff9fba
core   0: 0x0000000080004d26 (0xf20805d3) fmv.d.x fa1, a6
core   0: 1 0x0000000080004d26 (0xf20805d3) f11 0x0000000000000000
core   0: 0x0000000080004d2a (0xd23b71d3) fcvt.d.lu ft3, s6
core   0: 1 0x0000000080004d2a (0xd23b71d3) c1_fflags 0x0000000000000011 f3  0x43efffffffeffff4
core   0: 0x0000000080004d2e (0x030c7c3b) remuw   s8, s8, a6
core   0: 1 0x0000000080004d2e (0x030c7c3b) x24 0xffffffff80006046
core   0: 0x0000000080004d32 (0xc02af7d3) fcvt.l.s a5, fs5
core   0: 1 0x0000000080004d32 (0xc02af7d3) c1_fflags 0x0000000000000011 x15 0x7fffffffffffffff
core   0: 0x0000000080004d36 (0xc039f8d3) fcvt.lu.s a7, fs3
core   0: 1 0x0000000080004d36 (0xc039f8d3) c1_fflags 0x0000000000000011 x17 0xffffffffffffffff
core   0: 0x0000000080004d3a (0x008393b3) sll     t2, t2, s0
core   0: 1 0x0000000080004d3a (0x008393b3) x7  0x0000000000000000
core   0: 0x0000000080004d3e (0x31a07173) csrrci  sp, menvcfgh, 0
core   0: exception trap_illegal_instruction, epc 0x0000000080004d3e
core   0:           tval 0x0000000031a07173
core   0: >>>>  $xrv64i2p1_m2p0_a2p1_f2p2_d2p2_zicsr2p0_zifencei2p0_zmmul1p0_zba1p0_zbb1p0_zbc1p0_zbs1p0
core   0: 0x0000000080004000 (0x0080006f) j       pc + 0x8
core   0: 3 0x0000000080004000 (0x0080006f)
core   0: >>>>  mmode_exception_handler
core   0: 0x0000000080004008 (0x00002c17) auipc   s8, 0x2
core   0: 3 0x0000000080004008 (0x00002c17) x24 0x0000000080006008
core   0: 0x000000008000400c (0x03ec0c13) addi    s8, s8, 62
core   0: 3 0x000000008000400c (0x03ec0c13) x24 0x0000000080006046
core   0: 0x0000000080004010 (0x000c00e7) jalr    s8
core   0: 3 0x0000000080004010 (0x000c00e7) x1  0x0000000080004014
core   0: >>>>  any_handler
core   0: 0x0000000080006046 (0x341027f3) csrrs   a5, mepc, zero
core   0: 3 0x0000000080006046 (0x341027f3) x15 0x0000000080004d3e
core   0: 0x000000008000604a (0x34202773) csrrs   a4, mcause, zero
core   0: 3 0x000000008000604a (0x34202773) x14 0x0000000000000002
core   0: 0x000000008000604e (0x142026f3) csrrs   a3, scause, zero
core   0: 3 0x000000008000604e (0x142026f3) x13 0x000000000000001f
core   0: 0x0000000080006052 (0x30402673) csrrs   a2, mie, zero
core   0: 3 0x0000000080006052 (0x30402673) x12 0x0000000000000a00
core   0: 0x0000000080006056 (0x344025f3) csrrs   a1, mip, zero
core   0: 3 0x0000000080006056 (0x344025f3) x11 0x0000000000000080
core   0: 0x000000008000605a (0x343025f3) csrrs   a1, mtval, zero
core   0: 3 0x000000008000605a (0x343025f3) x11 0x0000000031a07173
core   0: 0x000000008000605e (0x14302573) csrrs   a0, stval, zero
core   0: 3 0x000000008000605e (0x14302573) x10 0x0000000000000000
core   0: 0x0000000080006062 (0xb02024f3) csrrs   s1, minstret, zero
core   0: 3 0x0000000080006062 (0xb02024f3) x9  0x0000000000000cf5
core   0: 0x0000000080006066 (0x0000a811) c.j     pc + 20
core   0: 3 0x0000000080006066 (0xa811)
core   0: >>>>  mepc_4
core   0: 0x000000008000607a (0x00000791) c.addi  a5, 4
core   0: 3 0x000000008000607a (0x0791) x15 0x0000000080004d42
core   0: 0x000000008000607c (0x34179073) csrrw   zero, mepc, a5
core   0: 3 0x000000008000607c (0x34179073) c833_mepc 0x0000000080004d42
core   0: 0x0000000080006080 (0x30200073) mret
core   0: 3 0x0000000080006080 (0x30200073) c768_mstatus 0x8000000a001c61a2
core   0: 0x0000000080004d42 (0xc03afe53) fcvt.lu.s t3, fs5
core   0: 1 0x0000000080004d42 (0xc03afe53) c1_fflags 0x0000000000000011 x28 0xffffffffffffffff
core   0: 0x0000000080004d46 (0x008792b3) sll     t0, a5, s0
core   0: 1 0x0000000080004d46 (0x008792b3) x5  0x09a8400000000000
core   0: 0x0000000080004d4a (0x02769733) mulh    a4, a3, t2
core   0: 1 0x0000000080004d4a (0x02769733) x14 0x0000000000000000
core   0: 0x0000000080004d4e (0xea31f34b) fnmsub.d ft6, ft3, ft3, ft9
core   0: 1 0x0000000080004d4e (0xea31f34b) f6  0x7ff8000000000000
core   0: 0x0000000080004d52 (0xd0357b53) fcvt.s.lu fs6, a0
core   0: 1 0x0000000080004d52 (0xd0357b53) f22 0xffffffff00000000
core   0: 0x0000000080004d56 (0xf6528c13) addi    s8, t0, -155
core   0: 1 0x0000000080004d56 (0xf6528c13) x24 0x09a83fffffffff65
core   0: 0x0000000080004d5a (0x018d8a33) add     s4, s11, s8
core   0: 1 0x0000000080004d5a (0x018d8a33) x20 0x09a83fffffffff65
core   0: 0x0000000080004d5e (0x034c5713) srli    a4, s8, 52
core   0: 1 0x0000000080004d5e (0x034c5713) x14 0x000000000000009a
core   0: 0x0000000080004d62 (0x86ea4513) xori    a0, s4, -1938
core   0: 1 0x0000000080004d62 (0x86ea4513) x10 0xf657c0000000070b
core   0: 0x0000000080004d66 (0x0252c2bb) divw    t0, t0, t0
core   0: 1 0x0000000080004d66 (0x0252c2bb) x5  0xffffffffffffffff
core   0: 0x0000000080004d6a (0xc231f0d3) fcvt.lu.d ra, ft3
core   0: 1 0x0000000080004d6a (0xc231f0d3) x1  0xffffffff7fffa000
core   0: 0x0000000080004d6e (0x412b8bbb) subw    s7, s7, s2
core   0: 1 0x0000000080004d6e (0x412b8bbb) x23 0x000000001366231c
core   0: 0x0000000080004d72 (0x03b75513) srli    a0, a4, 59
core   0: 1 0x0000000080004d72 (0x03b75513) x10 0x0000000000000000
core   0: 0x0000000080004d76 (0x408e07bb) subw    a5, t3, s0
core   0: 1 0x0000000080004d76 (0x408e07bb) x15 0x0000000000000bd2
core   0: 0x0000000080004d7a (0x004079b3) and     s3, zero, tp
core   0: 1 0x0000000080004d7a (0x004079b3) x19 0x0000000000000000
core   0: 0x0000000080004d7e (0x40fb053b) subw    a0, s6, a5
core   0: 1 0x0000000080004d7e (0x40fb053b) x10 0x000000007fff93e8
core   0: 0x0000000080004d82 (0x02aa8733) mul     a4, s5, a0
core   0: 1 0x0000000080004d82 (0x02aa8733) x14 0xfffe4eec009801c0
core   0: 0x0000000080004d86 (0x1bd87853) fdiv.d  fa6, fa6, ft9
core   0: 1 0x0000000080004d86 (0x1bd87853) f16 0x7ff8000000000000
core   0: 0x0000000080004d8a (0x02775313) srli    t1, a4, 39
core   0: 1 0x0000000080004d8a (0x02775313) x6  0x0000000001fffc9d
core   0: 0x0000000080004d8e (0x036adb3b) divuw   s6, s5, s6
core   0: 1 0x0000000080004d8e (0x036adb3b) x22 0x0000000000000002
core   0: 0x0000000080004d92 (0x01dc5a9b) srliw   s5, s8, 29
core   0: 1 0x0000000080004d92 (0x01dc5a9b) x21 0x0000000000000007
core   0: 0x0000000080004d96 (0x7ffe0e9b) addiw   t4, t3, 2047
core   0: 1 0x0000000080004d96 (0x7ffe0e9b) x29 0x00000000000007fe
core   0: 0x0000000080004d9a (0x00d691bb) sllw    gp, a3, a3
core   0: 1 0x0000000080004d9a (0x00d691bb) x3  0xffffffff80000000
core   0: 0x0000000080004d9e (0x0131da9b) srliw   s5, gp, 19
core   0: 1 0x0000000080004d9e (0x0131da9b) x21 0x0000000000001000
core   0: 0x0000000080004da2 (0xbb65754b) fnmsub.d fa0, fa0, fs6, fs7
core   0: 1 0x0000000080004da2 (0xbb65754b) f10 0x7ff8000000000000
core   0: 0x0000000080004da6 (0x0155d5bb) srlw    a1, a1, s5
core   0: 1 0x0000000080004da6 (0x0155d5bb) x11 0x0000000031a07173
core   0: 0x0000000080004daa (0x0055969b) slliw   a3, a1, 5
core   0: 1 0x0000000080004daa (0x0055969b) x13 0x00000000340e2e60
core   0: 0x0000000080004dae (0x80008013) addi    zero, ra, -2048
core   0: 1 0x0000000080004dae (0x80008013)
core   0: 0x0000000080004db2 (0x4002523b) sraw    tp, tp, zero
core   0: 1 0x0000000080004db2 (0x4002523b) x4  0x000000007fc00b23
core   0: 0x0000000080004db6 (0x23e811d3) fsgnjn.d ft3, fa6, ft10
core   0: 1 0x0000000080004db6 (0x23e811d3) f3  0x7ff8000000000000
core   0: 0x0000000080004dba (0x23ec2e53) fsgnjx.d ft8, fs8, ft10
core   0: 1 0x0000000080004dba (0x23ec2e53) f28 0xfff8000000000000
core   0: 0x0000000080004dbe (0x0201dbb3) divu    s7, gp, zero
core   0: 1 0x0000000080004dbe (0x0201dbb3) x23 0xffffffffffffffff
core   0: 0x0000000080004dc2 (0xc022fa53) fcvt.l.s s4, ft5
core   0: 1 0x0000000080004dc2 (0xc022fa53) c1_fflags 0x0000000000000011 x20 0x7fffffffffffffff
core   0: 0x0000000080004dc6 (0x013a533b) srlw    t1, s4, s3
core   0: 1 0x0000000080004dc6 (0x013a533b) x6  0xffffffffffffffff
core   0: 0x0000000080004dca (0xd026f7d3) fcvt.s.l fa5, a3
core   0: 1 0x0000000080004dca (0xd026f7d3) c1_fflags 0x0000000000000011 f15 0xffffffff4e5038ba
core   0: 0x0000000080004dce (0x0240423b) divw    tp, zero, tp
core   0: 1 0x0000000080004dce (0x0240423b) x4  0x0000000000000000
core   0: 0x0000000080004dd2 (0x00e2551b) srliw   a0, tp, 14
core   0: 1 0x0000000080004dd2 (0x00e2551b) x10 0x0000000000000000
core   0: 0x0000000080004dd6 (0xd02d7f53) fcvt.s.l ft10, s10
core   0: 1 0x0000000080004dd6 (0xd02d7f53) f30 0xffffffffc0000000
core   0: 0x0000000080004dda (0x0200f53b) remuw   a0, ra, zero
core   0: 1 0x0000000080004dda (0x0200f53b) x10 0x000000007fffa000
core   0: 0x0000000080004dde (0x001467b3) or      a5, s0, ra
core   0: 1 0x0000000080004dde (0x001467b3) x15 0xfffffffffffff42d
core   0: 0x0000000080004de2 (0x402787bb) subw    a5, a5, sp
core   0: 1 0x0000000080004de2 (0x402787bb) x15 0xfffffffffffff6e0
core   0: 0x0000000080004de6 (0x2a630fd3) fmin.d  ft11, ft6, ft6
core   0: 1 0x0000000080004de6 (0x2a630fd3) f31 0x7ff8000000000000
core   0: 0x0000000080004dea (0x7ffa7313) andi    t1, s4, 2047
core   0: 1 0x0000000080004dea (0x7ffa7313) x6  0x00000000000007ff
core   0: 0x0000000080004dee (0x7e903197) auipc   gp, 0x7e903
core   0: 1 0x0000000080004dee (0x7e903197) x3  0x00000000fe907dee
core   0: 0x0000000080004df2 (0x4011fbd3) fcvt.s.d fs7, ft3
core   0: 1 0x0000000080004df2 (0x4011fbd3) f23 0xffffffff7fc00000
core   0: 0x0000000080004df6 (0x00009bc6) c.add   s7, a7
core   0: 1 0x0000000080004df6 (0x9bc6) x23 0xfffffffffffffffe
core   0: 0x0000000080004df8 (0x04ae5cb7) lui     s9, 0x4ae5
core   0: 1 0x0000000080004df8 (0x04ae5cb7) x25 0x0000000004ae5000
core   0: 0x0000000080004dfc (0xf45c8c9b) addiw   s9, s9, -187
core   0: 1 0x0000000080004dfc (0xf45c8c9b) x25 0x0000000004ae4f45
core   0: 0x0000000080004e00 (0x00000cb2) c.slli  s9, 12
core   0: 1 0x0000000080004e00 (0x0cb2) x25 0x0000004ae4f45000
core   0: 0x0000000080004e02 (0x605c8c93) addi    s9, s9, 1541
core   0: 1 0x0000000080004e02 (0x605c8c93) x25 0x0000004ae4f45605
core   0: 0x0000000080004e06 (0x028c1433) mulh    s0, s8, s0
core   0: 1 0x0000000080004e06 (0x028c1433) x8  0xffffffffffffff8d
core   0: 0x0000000080004e0a (0xd02af5d3) fcvt.s.l fa1, s5
core   0: 1 0x0000000080004e0a (0xd02af5d3) f11 0xffffffff45800000
core   0: 0x0000000080004e0e (0x237b8553) fsgnj.d fa0, fs7, fs7
core   0: 1 0x0000000080004e0e (0x237b8553) f10 0xffffffff7fc00000
core   0: 0x0000000080004e12 (0x01087533) and     a0, a6, a6
core   0: 1 0x0000000080004e12 (0x01087533) x10 0x0000000000000000
core   0: 0x0000000080004e16 (0x409d04b3) sub     s1, s10, s1
core   0: 1 0x0000000080004e16 (0x409d04b3) x9  0xfffffffffffff309
core   0: 0x0000000080004e1a (0xd0297453) fcvt.s.l fs0, s2
core   0: 1 0x0000000080004e1a (0xd0297453) c1_fflags 0x0000000000000011 f8  0xffffffff4f00004d
core   0: 0x0000000080004e1e (0x1a72fe53) fdiv.d  ft8, ft5, ft7
core   0: 1 0x0000000080004e1e (0x1a72fe53) f28 0x7ff8000000000000
core   0: 0x0000000080004e22 (0xc1507413) andi    s0, zero, -1003
core   0: 1 0x0000000080004e22 (0xc1507413) x8  0x0000000000000000
core   0: 0x0000000080004e26 (0xc2147753) fcvt.wu.d a4, fs0
core   0: 1 0x0000000080004e26 (0xc2147753) c1_fflags 0x0000000000000011 x14 0xffffffffffffffff
core   0: 0x0000000080004e2a (0x033462b3) rem     t0, s0, s3
core   0: 1 0x0000000080004e2a (0x033462b3) x5  0x0000000000000000
core   0: 0x0000000080004e2e (0xd033fed3) fcvt.s.lu ft9, t2
core   0: 1 0x0000000080004e2e (0xd033fed3) f29 0xffffffff00000000
core   0: 0x0000000080004e32 (0xe2000353) fmv.x.d t1, ft0
core   0: 1 0x0000000080004e32 (0xe2000353) x6  0xffffffff4f000320
core   0: 0x0000000080004e36 (0x0331a633) mulhsu  a2, gp, s3
core   0: 1 0x0000000080004e36 (0x0331a633) x12 0x0000000000000000
core   0: 0x0000000080004e3a (0x00c852b3) srl     t0, a6, a2
core   0: 1 0x0000000080004e3a (0x00c852b3) x5  0x0000000000000000
core   0: 0x0000000080004e3e (0x00240d3b) addw    s10, s0, sp
core   0: 1 0x0000000080004e3e (0x00240d3b) x26 0xfffffffffffffd4d
core   0: 0x0000000080004e42 (0xa2e30ed3) fle.d   t4, ft6, fa4
core   0: 1 0x0000000080004e42 (0xa2e30ed3) c1_fflags 0x0000000000000011 x29 0x0000000000000000
core   0: 0x0000000080004e46 (0x0000920a) c.add   tp, sp
core   0: 1 0x0000000080004e46 (0x920a) x4  0xfffffffffffffd4d
core   0: 0x0000000080004e48 (0x2b178bd3) fmin.d  fs7, fa5, fa7
core   0: 1 0x0000000080004e48 (0x2b178bd3) f23 0x7ff8000000000000
core   0: 0x0000000080004e4c (0x00000001) c.nop
core   0: 1 0x0000000080004e4c (0x0001)
core   0: 0x0000000080004e4e (0x2213a6d3) fsgnjx.d fa3, ft7, ft1
core   0: 1 0x0000000080004e4e (0x2213a6d3) f13 0x7ff8000000000000
core   0: 0x0000000080004e52 (0x22e704d3) fsgnj.d fs1, fa4, fa4
core   0: 1 0x0000000080004e52 (0x22e704d3) f9  0xffffffff00000000
core   0: 0x0000000080004e56 (0x00002605) c.addiw a2, 1
core   0: 1 0x0000000080004e56 (0x2605) x12 0x0000000000000001
core   0: 0x0000000080004e58 (0xc234f6d3) fcvt.lu.d a3, fs1
core   0: 1 0x0000000080004e58 (0xc234f6d3) c1_fflags 0x0000000000000011 x13 0xffffffffffffffff
core   0: 0x0000000080004e5c (0xf6dc8c93) addi    s9, s9, -147
core   0: 1 0x0000000080004e5c (0xf6dc8c93) x25 0x0000004ae4f45572
core   0: 0x0000000080004e60 (0x1a9d7bd3) fdiv.d  fs7, fs10, fs1
core   0: 1 0x0000000080004e60 (0x1a9d7bd3) f23 0x7ff8000000000000
core   0: 0x0000000080004e64 (0x2b781053) fmax.d  ft0, fa6, fs7
core   0: 1 0x0000000080004e64 (0x2b781053) f0  0x7ff8000000000000
core   0: 0x0000000080004e68 (0xc2f590b7) lui     ra, 0xc2f59
core   0: 1 0x0000000080004e68 (0xc2f590b7) x1  0xffffffffc2f59000
core   0: 0x0000000080004e6c (0x00c75a1b) srliw   s4, a4, 12
core   0: 1 0x0000000080004e6c (0x00c75a1b) x20 0x00000000000fffff
core   0: 0x0000000080004e70 (0x001de413) ori     s0, s11, 1
core   0: 1 0x0000000080004e70 (0x001de413) x8  0x0000000000000001
core   0: 0x0000000080004e74 (0x020a54bb) divuw   s1, s4, zero
core   0: 1 0x0000000080004e74 (0x020a54bb) x9  0xffffffffffffffff
core   0: 0x0000000080004e78 (0x0007199b) slliw   s3, a4, 0
core   0: 1 0x0000000080004e78 (0x0007199b) x19 0xffffffffffffffff
core   0: 0x0000000080004e7c (0xc22875d3) fcvt.l.d a1, fa6
core   0: 1 0x0000000080004e7c (0xc22875d3) c1_fflags 0x0000000000000011 x11 0x7fffffffffffffff
core   0: 0x0000000080004e80 (0x0311a5b3) mulhsu  a1, gp, a7
core   0: 1 0x0000000080004e80 (0x0311a5b3) x11 0x00000000fe907ded
core   0: 0x0000000080004e84 (0x403b3137) lui     sp, 0x403b3
core   0: 1 0x0000000080004e84 (0x403b3137) x2  0x00000000403b3000
core   0: 0x0000000080004e88 (0x00e75b3b) srlw    s6, a4, a4
core   0: 1 0x0000000080004e88 (0x00e75b3b) x22 0x0000000000000001
core   0: 0x0000000080004e8c (0xc20efad3) fcvt.w.d s5, ft9
core   0: 1 0x0000000080004e8c (0xc20efad3) c1_fflags 0x0000000000000011 x21 0x000000007fffffff
core   0: 0x0000000080004e90 (0xd22af9d3) fcvt.d.l fs3, s5
core   0: 1 0x0000000080004e90 (0xd22af9d3) f19 0x41dfffffffc00000
core   0: 0x0000000080004e94 (0x7ffa049b) addiw   s1, s4, 2047
core   0: 1 0x0000000080004e94 (0x7ffa049b) x9  0x00000000001007fe
core   0: 0x0000000080004e98 (0x02b84cbb) divw    s9, a6, a1
core   0: 1 0x0000000080004e98 (0x02b84cbb) x25 0x0000000000000000
core   0: 0x0000000080004e9c (0x0ff0000f) fence   iorw,iorw
core   0: 1 0x0000000080004e9c (0x0ff0000f)
core   0: 0x0000000080004ea0 (0x02c046bb) divw    a3, zero, a2
core   0: 1 0x0000000080004ea0 (0x02c046bb) x13 0x0000000000000000
core   0: 0x0000000080004ea4 (0x4cf38e93) addi    t4, t2, 1231
core   0: 1 0x0000000080004ea4 (0x4cf38e93) x29 0x00000000000004cf
core   0: 0x0000000080004ea8 (0x03c27e33) remu    t3, tp, t3
core   0: 1 0x0000000080004ea8 (0x03c27e33) x28 0xfffffffffffffd4d
core   0: 0x0000000080004eac (0x4050551b) sraiw   a0, zero, 5
core   0: 1 0x0000000080004eac (0x4050551b) x10 0x0000000000000000
core   0: 0x0000000080004eb0 (0x0373863b) mulw    a2, t2, s7
core   0: 1 0x0000000080004eb0 (0x0373863b) x12 0x0000000000000000
core   0: 0x0000000080004eb4 (0x403184b3) sub     s1, gp, gp
core   0: 1 0x0000000080004eb4 (0x403184b3) x9  0x0000000000000000
core   0: 0x0000000080004eb8 (0x40ca52bb) sraw    t0, s4, a2
core   0: 1 0x0000000080004eb8 (0x40ca52bb) x5  0x00000000000fffff
core   0: 0x0000000080004ebc (0xc03df453) fcvt.lu.s s0, fs11
core   0: 1 0x0000000080004ebc (0xc03df453) c1_fflags 0x0000000000000011 x8  0xffffffffffffffff
core   0: 0x0000000080004ec0 (0x65e43cb7) lui     s9, 0x65e43
core   0: 1 0x0000000080004ec0 (0x65e43cb7) x25 0x0000000065e43000
core   0: 0x0000000080004ec4 (0x8003031b) addiw   t1, t1, -2048
core   0: 1 0x0000000080004ec4 (0x8003031b) x6  0x000000004efffb20
core   0: 0x0000000080004ec8 (0xc2247dd3) fcvt.l.d s11, fs0
core   0: 1 0x0000000080004ec8 (0xc2247dd3) c1_fflags 0x0000000000000011 x27 0x7fffffffffffffff
core   0: 0x0000000080004ecc (0x40145393) srai    t2, s0, 1
core   0: 1 0x0000000080004ecc (0x40145393) x7  0xffffffffffffffff
core   0: 0x0000000080004ed0 (0x0238a3b3) mulhsu  t2, a7, gp
core   0: 1 0x0000000080004ed0 (0x0238a3b3) x7  0xffffffffffffffff
core   0: 0x0000000080004ed4 (0x406d8233) sub     tp, s11, t1
core   0: 1 0x0000000080004ed4 (0x406d8233) x4  0x7fffffffb10004df
core   0: 0x0000000080004ed8 (0x001590f3) csrrw   ra, fflags, a1
core   0: 1 0x0000000080004ed8 (0x001590f3) x1  0x0000000000000011 c1_fflags 0x000000000000000d
core   0: 0x0000000080004edc (0x006340b3) xor     ra, t1, t1
core   0: 1 0x0000000080004edc (0x006340b3) x1  0x0000000000000000
core   0: 0x0000000080004ee0 (0x02398cb3) mul     s9, s3, gp
core   0: 1 0x0000000080004ee0 (0x02398cb3) x25 0xffffffff016f8212
core   0: 0x0000000080004ee4 (0x02fda7b3) mulhsu  a5, s11, a5
core   0: 1 0x0000000080004ee4 (0x02fda7b3) x15 0x7ffffffffffffb6f
core   0: 0x0000000080004ee8 (0x00ae6533) or      a0, t3, a0
core   0: 1 0x0000000080004ee8 (0x00ae6533) x10 0xfffffffffffffd4d
core   0: 0x0000000080004eec (0xe2088353) fmv.x.d t1, fa7
core   0: 1 0x0000000080004eec (0xe2088353) x6  0x7ff8000000000000
core   0: 0x0000000080004ef0 (0x4014d39b) sraiw   t2, s1, 1
core   0: 1 0x0000000080004ef0 (0x4014d39b) x7  0x0000000000000000
core   0: 0x0000000080004ef4 (0x00a8ea33) or      s4, a7, a0
core   0: 1 0x0000000080004ef4 (0x00a8ea33) x20 0xffffffffffffffff
core   0: 0x0000000080004ef8 (0x02a574b3) remu    s1, a0, a0
core   0: 1 0x0000000080004ef8 (0x02a574b3) x9  0x0000000000000000
core   0: 0x0000000080004efc (0x1b3779d3) fdiv.d  fs3, fa4, fs3
core   0: 1 0x0000000080004efc (0x1b3779d3) f19 0x7ff8000000000000
core   0: 0x0000000080004f00 (0x018c2333) slt     t1, s8, s8
core   0: 1 0x0000000080004f00 (0x018c2333) x6  0x0000000000000000
core   0: 0x0000000080004f04 (0x401b71d3) fcvt.s.d ft3, fs6
core   0: 1 0x0000000080004f04 (0x401b71d3) f3  0xffffffff7fc00000
core   0: 0x0000000080004f08 (0xc2257dd3) fcvt.l.d s11, fa0
core   0: 1 0x0000000080004f08 (0xc2257dd3) c1_fflags 0x000000000000001d x27 0x7fffffffffffffff
core   0: 0x0000000080004f0c (0x03961633) mulh    a2, a2, s9
core   0: 1 0x0000000080004f0c (0x03961633) x12 0x0000000000000000
core   0: 0x0000000080004f10 (0x00b7cdb3) xor     s11, a5, a1
core   0: 1 0x0000000080004f10 (0x00b7cdb3) x27 0x7fffffff016f8682
core   0: 0x0000000080004f14 (0x01bd1b33) sll     s6, s10, s11
core   0: 1 0x0000000080004f14 (0x01bd1b33) x22 0xfffffffffffff534
core   0: 0x0000000080004f18 (0x22e82853) fsgnjx.d fa6, fa6, fa4
core   0: 1 0x0000000080004f18 (0x22e82853) f16 0xfff8000000000000
core   0: 0x0000000080004f1c (0x03664633) div     a2, a2, s6
core   0: 1 0x0000000080004f1c (0x03664633) x12 0x0000000000000000
core   0: 0x0000000080004f20 (0x01739033) sll     zero, t2, s7
core   0: 1 0x0000000080004f20 (0x01739033)
core   0: 0x0000000080004f24 (0x2b010953) fmin.d  fs2, ft2, fa6
core   0: 1 0x0000000080004f24 (0x2b010953) f18 0x7ff8000000000000
core   0: 0x0000000080004f28 (0xf20387d3) fmv.d.x fa5, t2
core   0: 1 0x0000000080004f28 (0xf20387d3) f15 0x0000000000000000
core   0: 0x0000000080004f2c (0x00769abb) sllw    s5, a3, t2
core   0: 1 0x0000000080004f2c (0x00769abb) x21 0x0000000000000000
core   0: 0x0000000080004f30 (0x01036233) or      tp, t1, a6
core   0: 1 0x0000000080004f30 (0x01036233) x4  0x0000000000000000
core   0: 0x0000000080004f34 (0x00021093) slli    ra, tp, 0
core   0: 1 0x0000000080004f34 (0x00021093) x1  0x0000000000000000
core   0: 0x0000000080004f38 (0xc2327ed3) fcvt.lu.d t4, ft4
core   0: 1 0x0000000080004f38 (0xc2327ed3) x29 0x0000000000000000
core   0: 0x0000000080004f3c (0x0b757253) fsub.d  ft4, fa0, fs7
core   0: 1 0x0000000080004f3c (0x0b757253) f4  0x7ff8000000000000
core   0: 0x0000000080004f40 (0xc02b7253) fcvt.l.s tp, fs6
core   0: 1 0x0000000080004f40 (0xc02b7253) x4  0x0000000000000000
core   0: 0x0000000080004f44 (0xc2117d53) fcvt.wu.d s10, ft2
core   0: 1 0x0000000080004f44 (0xc2117d53) c1_fflags 0x000000000000001d x26 0xffffffffffffffff
core   0: 0x0000000080004f48 (0xf20e0353) fmv.d.x ft6, t3
core   0: 1 0x0000000080004f48 (0xf20e0353) f6  0xfffffffffffffd4d
core   0: 0x0000000080004f4c (0xeaf372c7) fmsub.d ft5, ft6, fa5, ft9
core   0: 1 0x0000000080004f4c (0xeaf372c7) f5  0x7ff8000000000000
core   0: 0x0000000080004f50 (0x0319e93b) remw    s2, s3, a7
core   0: 1 0x0000000080004f50 (0x0319e93b) x18 0x0000000000000000
core   0: 0x0000000080004f54 (0x012d1b13) slli    s6, s10, 18
core   0: 1 0x0000000080004f54 (0x012d1b13) x22 0xfffffffffffc0000
core   0: 0x0000000080004f58 (0xd2207853) fcvt.d.l fa6, zero
core   0: 1 0x0000000080004f58 (0xd2207853) f16 0x0000000000000000
core   0: 0x0000000080004f5c (0x2bcb8753) fmin.d  fa4, fs7, ft8
core   0: 1 0x0000000080004f5c (0x2bcb8753) f14 0x7ff8000000000000
core   0: 0x0000000080004f60 (0x03cc523b) divuw   tp, s8, t3
core   0: 1 0x0000000080004f60 (0x03cc523b) x4  0x0000000000000001
core   0: 0x0000000080004f64 (0x001027f3) csrrs   a5, fflags, zero
core   0: 1 0x0000000080004f64 (0x001027f3) x15 0x000000000000001d
core   0: 0x0000000080004f68 (0x418a0c33) sub     s8, s4, s8
core   0: 1 0x0000000080004f68 (0x418a0c33) x24 0xf657c0000000009a
core   0: 0x0000000080004f6c (0x00f057b3) srl     a5, zero, a5
core   0: 1 0x0000000080004f6c (0x00f057b3) x15 0x0000000000000000
core   0: 0x0000000080004f70 (0x22a686d3) fsgnj.d fa3, fa3, fa0
core   0: 1 0x0000000080004f70 (0x22a686d3) f13 0xfff8000000000000
core   0: 0x0000000080004f74 (0x0331c5b3) div     a1, gp, s3
core   0: 1 0x0000000080004f74 (0x0331c5b3) x11 0xffffffff016f8212
core   0: 0x0000000080004f78 (0xd235f053) fcvt.d.lu ft0, a1
core   0: 1 0x0000000080004f78 (0xd235f053) c1_fflags 0x000000000000001d f0  0x43efffffffe02df0
core   0: 0x0000000080004f7c (0x00e4c433) xor     s0, s1, a4
core   0: 1 0x0000000080004f7c (0x00e4c433) x8  0xffffffffffffffff
core   0: 0x0000000080004f80 (0x0001d19b) srliw   gp, gp, 0
core   0: 1 0x0000000080004f80 (0x0001d19b) x3  0xfffffffffe907dee
core   0: 0x0000000080004f84 (0x0008149b) slliw   s1, a6, 0
core   0: 1 0x0000000080004f84 (0x0008149b) x9  0x0000000000000000
core   0: 0x0000000080004f88 (0x03875c3b) divuw   s8, a4, s8
core   0: 1 0x0000000080004f88 (0x03875c3b) x24 0x0000000001a98ef6
core   0: 0x0000000080004f8c (0xc053d473) csrrwi  s0, hpmcounter5, 7
core   0: exception trap_illegal_instruction, epc 0x0000000080004f8c
core   0:           tval 0x00000000c053d473
core   0: >>>>  $xrv64i2p1_m2p0_a2p1_f2p2_d2p2_zicsr2p0_zifencei2p0_zmmul1p0_zba1p0_zbb1p0_zbc1p0_zbs1p0
core   0: 0x0000000080004000 (0x0080006f) j       pc + 0x8
core   0: 3 0x0000000080004000 (0x0080006f)
core   0: >>>>  mmode_exception_handler
core   0: 0x0000000080004008 (0x00002c17) auipc   s8, 0x2
core   0: 3 0x0000000080004008 (0x00002c17) x24 0x0000000080006008
core   0: 0x000000008000400c (0x03ec0c13) addi    s8, s8, 62
core   0: 3 0x000000008000400c (0x03ec0c13) x24 0x0000000080006046
core   0: 0x0000000080004010 (0x000c00e7) jalr    s8
core   0: 3 0x0000000080004010 (0x000c00e7) x1  0x0000000080004014
core   0: >>>>  any_handler
core   0: 0x0000000080006046 (0x341027f3) csrrs   a5, mepc, zero
core   0: 3 0x0000000080006046 (0x341027f3) x15 0x0000000080004f8c
core   0: 0x000000008000604a (0x34202773) csrrs   a4, mcause, zero
core   0: 3 0x000000008000604a (0x34202773) x14 0x0000000000000002
core   0: 0x000000008000604e (0x142026f3) csrrs   a3, scause, zero
core   0: 3 0x000000008000604e (0x142026f3) x13 0x000000000000001f
core   0: 0x0000000080006052 (0x30402673) csrrs   a2, mie, zero
core   0: 3 0x0000000080006052 (0x30402673) x12 0x0000000000000a00
core   0: 0x0000000080006056 (0x344025f3) csrrs   a1, mip, zero
core   0: 3 0x0000000080006056 (0x344025f3) x11 0x0000000000000080
core   0: 0x000000008000605a (0x343025f3) csrrs   a1, mtval, zero
core   0: 3 0x000000008000605a (0x343025f3) x11 0x00000000c053d473
core   0: 0x000000008000605e (0x14302573) csrrs   a0, stval, zero
core   0: 3 0x000000008000605e (0x14302573) x10 0x0000000000000000
core   0: 0x0000000080006062 (0xb02024f3) csrrs   s1, minstret, zero
core   0: 3 0x0000000080006062 (0xb02024f3) x9  0x0000000000000d9a
core   0: 0x0000000080006066 (0x0000a811) c.j     pc + 20
core   0: 3 0x0000000080006066 (0xa811)
core   0: >>>>  mepc_4
core   0: 0x000000008000607a (0x00000791) c.addi  a5, 4
core   0: 3 0x000000008000607a (0x0791) x15 0x0000000080004f90
core   0: 0x000000008000607c (0x34179073) csrrw   zero, mepc, a5
core   0: 3 0x000000008000607c (0x34179073) c833_mepc 0x0000000080004f90
core   0: 0x0000000080006080 (0x30200073) mret
core   0: 3 0x0000000080006080 (0x30200073) c768_mstatus 0x8000000a001c61a2
core   0: 0x0000000080004f90 (0xc021fb53) fcvt.l.s s6, ft3
core   0: 1 0x0000000080004f90 (0xc021fb53) c1_fflags 0x000000000000001d x22 0x7fffffffffffffff
core   0: 0x0000000080004f94 (0xd21c0853) fcvt.d.wu fa6, s8
core   0: 1 0x0000000080004f94 (0xd21c0853) f16 0x41e0000c08c00000
core   0: 0x0000000080004f98 (0x02c9b633) mulhu   a2, s3, a2
core   0: 1 0x0000000080004f98 (0x02c9b633) x12 0x00000000000009ff
core   0: 0x0000000080004f9c (0x00868c33) add     s8, a3, s0
core   0: 1 0x0000000080004f9c (0x00868c33) x24 0x000000000000001e
core   0: 0x0000000080004fa0 (0xd2048353) fcvt.d.w ft6, s1
core   0: 1 0x0000000080004fa0 (0xd2048353) f6  0x40ab340000000000
core   0: 0x0000000080004fa4 (0x43ab5b13) srai    s6, s6, 58
core   0: 1 0x0000000080004fa4 (0x43ab5b13) x22 0x000000000000001f
core   0: 0x0000000080004fa8 (0x230b1bd3) fsgnjn.d fs7, fs6, fa6
core   0: 1 0x0000000080004fa8 (0x230b1bd3) f23 0xffffffff00000000
core   0: 0x0000000080004fac (0x416507bb) subw    a5, a0, s6
core   0: 1 0x0000000080004fac (0x416507bb) x15 0xffffffffffffffe1
core   0: 0x0000000080004fb0 (0x41660333) sub     t1, a2, s6
core   0: 1 0x0000000080004fb0 (0x41660333) x6  0x00000000000009e0
core   0: 0x0000000080004fb4 (0xd20c0953) fcvt.d.w fs2, s8
core   0: 1 0x0000000080004fb4 (0xd20c0953) f18 0x403e000000000000
core   0: 0x0000000080004fb8 (0x037bbd33) mulhu   s10, s7, s7
core   0: 1 0x0000000080004fb8 (0x037bbd33) x26 0xfffffffffffffffc
core   0: 0x0000000080004fbc (0x2a671753) fmax.d  fa4, fa4, ft6
core   0: 1 0x0000000080004fbc (0x2a671753) f14 0x40ab340000000000
core   0: 0x0000000080004fc0 (0x037af9bb) remuw   s3, s5, s7
core   0: 1 0x0000000080004fc0 (0x037af9bb) x19 0x0000000000000000
core   0: 0x0000000080004fc4 (0x035c78bb) remuw   a7, s8, s5
core   0: 1 0x0000000080004fc4 (0x035c78bb) x17 0x000000000000001e
core   0: 0x0000000080004fc8 (0x41505eb3) sra     t4, zero, s5
core   0: 1 0x0000000080004fc8 (0x41505eb3) x29 0x0000000000000000
core   0: 0x0000000080004fcc (0x015a9693) slli    a3, s5, 21
core   0: 1 0x0000000080004fcc (0x015a9693) x13 0x0000000000000000
core   0: 0x0000000080004fd0 (0x02dd5d33) divu    s10, s10, a3
core   0: 1 0x0000000080004fd0 (0x02dd5d33) x26 0xffffffffffffffff
core   0: 0x0000000080004fd4 (0xd20e8153) fcvt.d.w ft2, t4
core   0: 1 0x0000000080004fd4 (0xd20e8153) f2  0x0000000000000000
core   0: 0x0000000080004fd8 (0xf114a9f3) csrrs   s3, mvendorid, s1
core   0: exception trap_illegal_instruction, epc 0x0000000080004fd8
core   0:           tval 0x00000000f114a9f3
core   0: >>>>  $xrv64i2p1_m2p0_a2p1_f2p2_d2p2_zicsr2p0_zifencei2p0_zmmul1p0_zba1p0_zbb1p0_zbc1p0_zbs1p0
core   0: 0x0000000080004000 (0x0080006f) j       pc + 0x8
core   0: 3 0x0000000080004000 (0x0080006f)
core   0: >>>>  mmode_exception_handler
core   0: 0x0000000080004008 (0x00002c17) auipc   s8, 0x2
core   0: 3 0x0000000080004008 (0x00002c17) x24 0x0000000080006008
core   0: 0x000000008000400c (0x03ec0c13) addi    s8, s8, 62
core   0: 3 0x000000008000400c (0x03ec0c13) x24 0x0000000080006046
core   0: 0x0000000080004010 (0x000c00e7) jalr    s8
core   0: 3 0x0000000080004010 (0x000c00e7) x1  0x0000000080004014
core   0: >>>>  any_handler
core   0: 0x0000000080006046 (0x341027f3) csrrs   a5, mepc, zero
core   0: 3 0x0000000080006046 (0x341027f3) x15 0x0000000080004fd8
core   0: 0x000000008000604a (0x34202773) csrrs   a4, mcause, zero
core   0: 3 0x000000008000604a (0x34202773) x14 0x0000000000000002
core   0: 0x000000008000604e (0x142026f3) csrrs   a3, scause, zero
core   0: 3 0x000000008000604e (0x142026f3) x13 0x000000000000001f
core   0: 0x0000000080006052 (0x30402673) csrrs   a2, mie, zero
core   0: 3 0x0000000080006052 (0x30402673) x12 0x0000000000000a00
core   0: 0x0000000080006056 (0x344025f3) csrrs   a1, mip, zero
core   0: 3 0x0000000080006056 (0x344025f3) x11 0x0000000000000080
core   0: 0x000000008000605a (0x343025f3) csrrs   a1, mtval, zero
core   0: 3 0x000000008000605a (0x343025f3) x11 0x00000000f114a9f3
core   0: 0x000000008000605e (0x14302573) csrrs   a0, stval, zero
core   0: 3 0x000000008000605e (0x14302573) x10 0x0000000000000000
core   0: 0x0000000080006062 (0xb02024f3) csrrs   s1, minstret, zero
core   0: 3 0x0000000080006062 (0xb02024f3) x9  0x0000000000000dbc
core   0: 0x0000000080006066 (0x0000a811) c.j     pc + 20
core   0: 3 0x0000000080006066 (0xa811)
core   0: >>>>  mepc_4
core   0: 0x000000008000607a (0x00000791) c.addi  a5, 4
core   0: 3 0x000000008000607a (0x0791) x15 0x0000000080004fdc
core   0: 0x000000008000607c (0x34179073) csrrw   zero, mepc, a5
core   0: 3 0x000000008000607c (0x34179073) c833_mepc 0x0000000080004fdc
core   0: 0x0000000080006080 (0x30200073) mret
core   0: 3 0x0000000080006080 (0x30200073) c768_mstatus 0x8000000a001c61a2
core   0: 0x0000000080004fdc (0x033842bb) divw    t0, a6, s3
core   0: 1 0x0000000080004fdc (0x033842bb) x5  0xffffffffffffffff
core   0: 0x0000000080004fe0 (0x0038e133) or      sp, a7, gp
core   0: 1 0x0000000080004fe0 (0x0038e133) x2  0xfffffffffe907dfe
core   0: 0x0000000080004fe4 (0x01c62533) slt     a0, a2, t3
core   0: 1 0x0000000080004fe4 (0x01c62533) x10 0x0000000000000000
core   0: 0x0000000080004fe8 (0x40555e33) sra     t3, a0, t0
core   0: 1 0x0000000080004fe8 (0x40555e33) x28 0x0000000000000000
core   0: 0x0000000080004fec (0x03b841b3) div     gp, a6, s11
core   0: 1 0x0000000080004fec (0x03b841b3) x3  0x0000000000000000
core   0: 0x0000000080004ff0 (0xc02bf953) fcvt.l.s s2, fs7
core   0: 1 0x0000000080004ff0 (0xc02bf953) x18 0x0000000000000000
core   0: 0x0000000080004ff4 (0xc20f7ad3) fcvt.w.d s5, ft10
core   0: 1 0x0000000080004ff4 (0xc20f7ad3) c1_fflags 0x000000000000001d x21 0x000000007fffffff
core   0: 0x0000000080004ff8 (0x03f91793) slli    a5, s2, 63
core   0: 1 0x0000000080004ff8 (0x03f91793) x15 0x0000000000000000
core   0: 0x0000000080004ffc (0x1be67d53) fdiv.d  fs10, fa2, ft10
core   0: 1 0x0000000080004ffc (0x1be67d53) f26 0x7ff8000000000000
core   0: 0x0000000080005000 (0xd20909d3) fcvt.d.w fs3, s2
core   0: 1 0x0000000080005000 (0xd20909d3) f19 0x0000000000000000
core   0: 0x0000000080005004 (0x0297bb33) mulhu   s6, a5, s1
core   0: 1 0x0000000080005004 (0x0297bb33) x22 0x0000000000000000
core   0: 0x0000000080005008 (0x03db6eb7) lui     t4, 0x3db6
core   0: 1 0x0000000080005008 (0x03db6eb7) x29 0x0000000003db6000
core   0: 0x000000008000500c (0x25fe8e9b) addiw   t4, t4, 607
core   0: 1 0x000000008000500c (0x25fe8e9b) x29 0x0000000003db625f
core   0: 0x0000000080005010 (0x00000eb2) c.slli  t4, 12
core   0: 1 0x0000000080005010 (0x0eb2) x29 0x0000003db625f000
core   0: 0x0000000080005012 (0xdb6e8e93) addi    t4, t4, -586
core   0: 1 0x0000000080005012 (0xdb6e8e93) x29 0x0000003db625edb6
core   0: 0x0000000080005016 (0x23198853) fsgnj.d fa6, fs3, fa7
core   0: 1 0x0000000080005016 (0x23198853) f16 0x0000000000000000
core   0: 0x000000008000501a (0x03a348bb) divw    a7, t1, s10
core   0: 1 0x000000008000501a (0x03a348bb) x17 0xfffffffffffff620
core   0: 0x000000008000501e (0x000bd61b) srliw   a2, s7, 0
core   0: 1 0x000000008000501e (0x000bd61b) x12 0xfffffffffffffffe
core   0: 0x0000000080005022 (0x420c0c53) fcvt.d.s fs8, fs8
core   0: 1 0x0000000080005022 (0x420c0c53) f24 0x7ff8000000000000
core   0: 0x0000000080005026 (0xe20087d3) fmv.x.d a5, ft1
core   0: 1 0x0000000080005026 (0xe20087d3) x15 0x7ff8000000000000
core   0: 0x000000008000502a (0xc2b57847) fmsub.d fa6, fa0, fa1, fs8
core   0: 1 0x000000008000502a (0xc2b57847) f16 0x7ff8000000000000
core   0: 0x000000008000502e (0x0166521b) srliw   tp, a2, 22
core   0: 1 0x000000008000502e (0x0166521b) x4  0x00000000000003ff
core   0: 0x0000000080005032 (0x00202673) csrrs   a2, frm, zero
core   0: 1 0x0000000080005032 (0x00202673) x12 0x0000000000000000
core   0: 0x0000000080005036 (0xc201f2d3) fcvt.w.d t0, ft3
core   0: 1 0x0000000080005036 (0xc201f2d3) c1_fflags 0x000000000000001d x5  0x000000007fffffff
core   0: 0x000000008000503a (0x0036aeb3) slt     t4, a3, gp
core   0: 1 0x000000008000503a (0x0036aeb3) x29 0x0000000000000000
core   0: 0x000000008000503e (0x5d0ee613) ori     a2, t4, 1488
core   0: 1 0x000000008000503e (0x5d0ee613) x12 0x00000000000005d0
core   0: 0x0000000080005042 (0x23081a53) fsgnjn.d fs4, fa6, fa6
core   0: 1 0x0000000080005042 (0x23081a53) f20 0xfff8000000000000
core   0: 0x0000000080005046 (0x139cff53) fmul.d  ft10, fs9, fs9
core   0: 1 0x0000000080005046 (0x139cff53) f30 0x0000000000000000
core   0: 0x000000008000504a (0x40c2d4b3) sra     s1, t0, a2
core   0: 1 0x000000008000504a (0x40c2d4b3) x9  0x0000000000007fff
core   0: 0x000000008000504e (0xc03cfbd3) fcvt.lu.s s7, fs9
core   0: 1 0x000000008000504e (0xc03cfbd3) c1_fflags 0x000000000000001d x23 0xffffffffffffffff
core   0: 0x0000000080005052 (0xa34df9cf) fnmadd.d fs3, fs11, fs4, fs4
core   0: 1 0x0000000080005052 (0xa34df9cf) f19 0x7ff8000000000000
core   0: 0x0000000080005056 (0x002017f3) csrrw   a5, frm, zero
core   0: 1 0x0000000080005056 (0x002017f3) x15 0x0000000000000000 c2_frm 0x0000000000000000
core   0: 0x000000008000505a (0x00c5561b) srliw   a2, a0, 12
core   0: 1 0x000000008000505a (0x00c5561b) x12 0x0000000000000000
core   0: 0x000000008000505e (0x00000001) c.nop
core   0: 1 0x000000008000505e (0x0001)
core   0: 0x0000000080005060 (0x0c717993) andi    s3, sp, 199
core   0: 1 0x0000000080005060 (0x0c717993) x19 0x00000000000000c6
core   0: 0x0000000080005064 (0x002262b3) or      t0, tp, sp
core   0: 1 0x0000000080005064 (0x002262b3) x5  0xfffffffffe907fff
core   0: 0x0000000080005068 (0x0059d1b3) srl     gp, s3, t0
core   0: 1 0x0000000080005068 (0x0059d1b3) x3  0x0000000000000000
core   0: 0x000000008000506c (0x01d1f733) and     a4, gp, t4
core   0: 1 0x000000008000506c (0x01d1f733) x14 0x0000000000000000
core   0: 0x0000000080005070 (0x40135b13) srai    s6, t1, 1
core   0: 1 0x0000000080005070 (0x40135b13) x22 0x00000000000004f0
core   0: 0x0000000080005074 (0xc20cf7d3) fcvt.w.d a5, fs9
core   0: 1 0x0000000080005074 (0xc20cf7d3) x15 0x0000000000000000
core   0: 0x0000000080005078 (0x01a9edb3) or      s11, s3, s10
core   0: 1 0x0000000080005078 (0x01a9edb3) x27 0xffffffffffffffff
core   0: 0x000000008000507c (0x019d5c3b) srlw    s8, s10, s9
core   0: 1 0x000000008000507c (0x019d5c3b) x24 0x0000000000003fff
core   0: 0x0000000080005080 (0x191d819b) addiw   gp, s11, 401
core   0: 1 0x0000000080005080 (0x191d819b) x3  0x0000000000000190
core   0: 0x0000000080005084 (0xe20a8453) fmv.x.d s0, fs5
core   0: 1 0x0000000080005084 (0xe20a8453) x8  0xffffffff7fc00000
core   0: 0x0000000080005088 (0x34912297) auipc   t0, 0x34912
core   0: 1 0x0000000080005088 (0x34912297) x5  0x00000000b4917088
core   0: 0x000000008000508c (0x40da5a13) srai    s4, s4, 13
core   0: 1 0x000000008000508c (0x40da5a13) x20 0xffffffffffffffff
core   0: 0x0000000080005090 (0x407a5b33) sra     s6, s4, t2
core   0: 1 0x0000000080005090 (0x407a5b33) x22 0xffffffffffffffff
core   0: 0x0000000080005094 (0x02a68bb3) mul     s7, a3, a0
core   0: 1 0x0000000080005094 (0x02a68bb3) x23 0x0000000000000000
core   0: 0x0000000080005098 (0x9324f14f) fnmadd.d ft2, fs1, fs2, fs2
core   0: 1 0x0000000080005098 (0x9324f14f) f2  0x7ff8000000000000
core   0: 0x000000008000509c (0xb22d4793) xori    a5, s10, -1246
core   0: 1 0x000000008000509c (0xb22d4793) x15 0x00000000000004dd
core   0: 0x00000000800050a0 (0x028a50bb) divuw   ra, s4, s0
core   0: 1 0x00000000800050a0 (0x028a50bb) x1  0x0000000000000002
core   0: 0x00000000800050a4 (0xd22a7a53) fcvt.d.l fs4, s4
core   0: 1 0x00000000800050a4 (0xd22a7a53) f20 0xbff0000000000000
core   0: 0x00000000800050a8 (0x0168123b) sllw    tp, a6, s6
core   0: 1 0x00000000800050a8 (0x0168123b) x4  0x0000000000000000
core   0: 0x00000000800050ac (0x00008de1) c.and   a1, s0
core   0: 1 0x00000000800050ac (0x8de1) x11 0x0000000071000000
core   0: 0x00000000800050ae (0x00485cbb) srlw    s9, a6, tp
core   0: 1 0x00000000800050ae (0x00485cbb) x25 0x0000000000000000
core   0: 0x00000000800050b2 (0x00447ab3) and     s5, s0, tp
core   0: 1 0x00000000800050b2 (0x00447ab3) x21 0x0000000000000000
core   0: 0x00000000800050b6 (0x039ede93) srli    t4, t4, 57
core   0: 1 0x00000000800050b6 (0x039ede93) x29 0x0000000000000000
core   0: 0x00000000800050ba (0x40075d13) srai    s10, a4, 0
core   0: 1 0x00000000800050ba (0x40075d13) x26 0x0000000000000000
core   0: 0x00000000800050be (0x41dd51bb) sraw    gp, s10, t4
core   0: 1 0x00000000800050be (0x41dd51bb) x3  0x0000000000000000
core   0: 0x00000000800050c2 (0x026c4737) lui     a4, 0x26c4
core   0: 1 0x00000000800050c2 (0x026c4737) x14 0x00000000026c4000
core   0: 0x00000000800050c6 (0x6b77071b) addiw   a4, a4, 1719
core   0: 1 0x00000000800050c6 (0x6b77071b) x14 0x00000000026c46b7
core   0: 0x00000000800050ca (0x00000736) c.slli  a4, 13
core   0: 1 0x00000000800050ca (0x0736) x14 0x0000004d88d6e000
core   0: 0x00000000800050cc (0xf4470713) addi    a4, a4, -188
core   0: 1 0x00000000800050cc (0xf4470713) x14 0x0000004d88d6df44
core   0: 0x00000000800050d0 (0x138c7c53) fmul.d  fs8, fs8, fs8
core   0: 1 0x00000000800050d0 (0x138c7c53) f24 0x7ff8000000000000
core   0: 0x00000000800050d4 (0x0007099b) sext.w  s3, a4
core   0: 1 0x00000000800050d4 (0x0007099b) x19 0xffffffff88d6df44
core   0: 0x00000000800050d8 (0xfb81ffcf) fnmadd.d ft11, ft3, fs8, ft11
core   0: 1 0x00000000800050d8 (0xfb81ffcf) f31 0x7ff8000000000000
core   0: 0x00000000800050dc (0x009405bb) addw    a1, s0, s1
core   0: 1 0x00000000800050dc (0x009405bb) x11 0x000000007fc07fff
core   0: 0x00000000800050e0 (0x23f39cd3) fsgnjn.d fs9, ft7, ft11
core   0: 1 0x00000000800050e0 (0x23f39cd3) f25 0xfff8000000000000
core   0: 0x00000000800050e4 (0xc2167b53) fcvt.wu.d s6, fa2
core   0: 1 0x00000000800050e4 (0xc2167b53) c1_fflags 0x000000000000001d x22 0xffffffffffffffff
core   0: 0x00000000800050e8 (0x0335c3b3) div     t2, a1, s3
core   0: 1 0x00000000800050e8 (0x0335c3b3) x7  0xffffffffffffffff
core   0: 0x00000000800050ec (0xc2db7c4f) fnmadd.d fs8, fs6, fa3, fs8
core   0: 1 0x00000000800050ec (0xc2db7c4f) f24 0x7ff8000000000000
core   0: 0x00000000800050f0 (0x236d2553) fsgnjx.d fa0, fs10, fs6
core   0: 1 0x00000000800050f0 (0x236d2553) f10 0xfff8000000000000
core   0: 0x00000000800050f4 (0x0035d413) srli    s0, a1, 3
core   0: 1 0x00000000800050f4 (0x0035d413) x8  0x000000000ff80fff
core   0: 0x00000000800050f8 (0x000c909b) slliw   ra, s9, 0
core   0: 1 0x00000000800050f8 (0x000c909b) x1  0x0000000000000000
core   0: 0x00000000800050fc (0x02e8fab3) remu    s5, a7, a4
core   0: 1 0x00000000800050fc (0x02e8fab3) x21 0x0000004b20604ff0
core   0: 0x0000000080005100 (0x0ff0000f) fence   iorw,iorw
core   0: 1 0x0000000080005100 (0x0ff0000f)
core   0: 0x0000000080005104 (0x0043f3b3) and     t2, t2, tp
core   0: 1 0x0000000080005104 (0x0043f3b3) x7  0x0000000000000000
core   0: 0x0000000080005108 (0x0014c893) xori    a7, s1, 1
core   0: 1 0x0000000080005108 (0x0014c893) x17 0x0000000000007ffe
core   0: 0x000000008000510c (0xd2178cd3) fcvt.d.wu fs9, a5
core   0: 1 0x000000008000510c (0xd2178cd3) f25 0x4093740000000000
core   0: 0x0000000080005110 (0x40a556b3) sra     a3, a0, a0
core   0: 1 0x0000000080005110 (0x40a556b3) x13 0x0000000000000000
core   0: 0x0000000080005114 (0xd20d8353) fcvt.d.w ft6, s11
core   0: 1 0x0000000080005114 (0xd20d8353) f6  0xbff0000000000000
core   0: 0x0000000080005118 (0x01eedc1b) srliw   s8, t4, 30
core   0: 1 0x0000000080005118 (0x01eedc1b) x24 0x0000000000000000
core   0: 0x000000008000511c (0x002996f3) csrrw   a3, frm, s3
core   0: 1 0x000000008000511c (0x002996f3) x13 0x0000000000000000 c2_frm 0x0000000000000004
core   0: 0x0000000080005120 (0x00000001) c.nop
core   0: 1 0x0000000080005120 (0x0001)
core   0: 0x0000000080005122 (0xc23677d3) fcvt.lu.d a5, fa2
core   0: 1 0x0000000080005122 (0xc23677d3) x15 0x0a3d70a3d70a3c80
core   0: 0x0000000080005126 (0xac8e0b13) addi    s6, t3, -1336
core   0: 1 0x0000000080005126 (0xac8e0b13) x22 0xfffffffffffffac8
core   0: 0x000000008000512a (0x0186a933) slt     s2, a3, s8
core   0: 1 0x000000008000512a (0x0186a933) x18 0x0000000000000000
core   0: 0x000000008000512e (0x51be2cb7) lui     s9, 0x51be2
core   0: 1 0x000000008000512e (0x51be2cb7) x25 0x0000000051be2000
core   0: 0x0000000080005132 (0x4150dabb) sraw    s5, ra, s5
core   0: 1 0x0000000080005132 (0x4150dabb) x21 0x0000000000000000
core   0: 0x0000000080005136 (0x419e8ebb) subw    t4, t4, s9
core   0: 1 0x0000000080005136 (0x419e8ebb) x29 0xffffffffae41e000
core   0: 0x000000008000513a (0x03dd29b3) mulhsu  s3, s10, t4
core   0: 1 0x000000008000513a (0x03dd29b3) x19 0x0000000000000000
core   0: 0x000000008000513e (0x0335b833) mulhu   a6, a1, s3
core   0: 1 0x000000008000513e (0x0335b833) x16 0x0000000000000000
core   0: 0x0000000080005142 (0x03a2b033) mulhu   zero, t0, s10
core   0: 1 0x0000000080005142 (0x03a2b033)
core   0: 0x0000000080005146 (0x00000001) c.nop
core   0: 1 0x0000000080005146 (0x0001)
core   0: 0x0000000080005148 (0xe2030a53) fmv.x.d s4, ft6
core   0: 1 0x0000000080005148 (0xe2030a53) x20 0xbff0000000000000
core   0: 0x000000008000514c (0x01baf333) and     t1, s5, s11
core   0: 1 0x000000008000514c (0x01baf333) x6  0x0000000000000000
core   0: 0x0000000080005150 (0xbebf9017) auipc   zero, 0xbebf9
core   0: 1 0x0000000080005150 (0xbebf9017)
core   0: 0x0000000080005154 (0x015e7d33) and     s10, t3, s5
core   0: 1 0x0000000080005154 (0x015e7d33) x26 0x0000000000000000
core   0: 0x0000000080005158 (0x1a5cf2d3) fdiv.d  ft5, fs9, ft5
core   0: 1 0x0000000080005158 (0x1a5cf2d3) f5  0x7ff8000000000000
core   0: 0x000000008000515c (0xcebd6593) ori     a1, s10, -789
core   0: 1 0x000000008000515c (0xcebd6593) x11 0xfffffffffffffceb
core   0: 0x0000000080005160 (0x12f476d3) fmul.d  fa3, fs0, fa5
core   0: 1 0x0000000080005160 (0x12f476d3) f13 0x7ff8000000000000
core   0: 0x0000000080005164 (0x7a4af64f) fnmadd.d fa2, fs5, ft4, fa5
core   0: 1 0x0000000080005164 (0x7a4af64f) f12 0x7ff8000000000000
core   0: 0x0000000080005168 (0x0052943b) sllw    s0, t0, t0
core   0: 1 0x0000000080005168 (0x0052943b) x8  0xffffffff91708800
core   0: 0x000000008000516c (0x03a3db33) divu    s6, t2, s10
core   0: 1 0x000000008000516c (0x03a3db33) x22 0xffffffffffffffff
core   0: 0x0000000080005170 (0x03f2d213) srli    tp, t0, 63
core   0: 1 0x0000000080005170 (0x03f2d213) x4  0x0000000000000000
core   0: 0x0000000080005174 (0x0310d333) divu    t1, ra, a7
core   0: 1 0x0000000080005174 (0x0310d333) x6  0x0000000000000000
core   0: 0x0000000080005178 (0x239c2c53) fsgnjx.d fs8, fs8, fs9
core   0: 1 0x0000000080005178 (0x239c2c53) f24 0x7ff8000000000000
core   0: 0x000000008000517c (0x0328ccb3) div     s9, a7, s2
core   0: 1 0x000000008000517c (0x0328ccb3) x25 0xffffffffffffffff
core   0: 0x0000000080005180 (0x00019193) slli    gp, gp, 0
core   0: 1 0x0000000080005180 (0x00019193) x3  0x0000000000000000
core   0: 0x0000000080005184 (0x0002121b) slliw   tp, tp, 0
core   0: 1 0x0000000080005184 (0x0002121b) x4  0x0000000000000000
core   0: 0x0000000080005188 (0x4081d59b) sraiw   a1, gp, 8
core   0: 1 0x0000000080005188 (0x4081d59b) x11 0x0000000000000000
core   0: 0x000000008000518c (0x004a02bb) addw    t0, s4, tp
core   0: 1 0x000000008000518c (0x004a02bb) x5  0x0000000000000000
core   0: 0x0000000080005190 (0x34319073) csrrw   zero, mtval, gp
core   0: exception trap_illegal_instruction, epc 0x0000000080005190
core   0:           tval 0x0000000034319073
core   0: >>>>  $xrv64i2p1_m2p0_a2p1_f2p2_d2p2_zicsr2p0_zifencei2p0_zmmul1p0_zba1p0_zbb1p0_zbc1p0_zbs1p0
core   0: 0x0000000080004000 (0x0080006f) j       pc + 0x8
core   0: 3 0x0000000080004000 (0x0080006f)
core   0: >>>>  mmode_exception_handler
core   0: 0x0000000080004008 (0x00002c17) auipc   s8, 0x2
core   0: 3 0x0000000080004008 (0x00002c17) x24 0x0000000080006008
core   0: 0x000000008000400c (0x03ec0c13) addi    s8, s8, 62
core   0: 3 0x000000008000400c (0x03ec0c13) x24 0x0000000080006046
core   0: 0x0000000080004010 (0x000c00e7) jalr    s8
core   0: 3 0x0000000080004010 (0x000c00e7) x1  0x0000000080004014
core   0: >>>>  any_handler
core   0: 0x0000000080006046 (0x341027f3) csrrs   a5, mepc, zero
core   0: 3 0x0000000080006046 (0x341027f3) x15 0x0000000080005190
core   0: 0x000000008000604a (0x34202773) csrrs   a4, mcause, zero
core   0: 3 0x000000008000604a (0x34202773) x14 0x0000000000000002
core   0: 0x000000008000604e (0x142026f3) csrrs   a3, scause, zero
core   0: 3 0x000000008000604e (0x142026f3) x13 0x000000000000001f
core   0: 0x0000000080006052 (0x30402673) csrrs   a2, mie, zero
core   0: 3 0x0000000080006052 (0x30402673) x12 0x0000000000000a00
core   0: 0x0000000080006056 (0x344025f3) csrrs   a1, mip, zero
core   0: 3 0x0000000080006056 (0x344025f3) x11 0x0000000000000080
core   0: 0x000000008000605a (0x343025f3) csrrs   a1, mtval, zero
core   0: 3 0x000000008000605a (0x343025f3) x11 0x0000000034319073
core   0: 0x000000008000605e (0x14302573) csrrs   a0, stval, zero
core   0: 3 0x000000008000605e (0x14302573) x10 0x0000000000000000
core   0: 0x0000000080006062 (0xb02024f3) csrrs   s1, minstret, zero
core   0: 3 0x0000000080006062 (0xb02024f3) x9  0x0000000000000e3c
core   0: 0x0000000080006066 (0x0000a811) c.j     pc + 20
core   0: 3 0x0000000080006066 (0xa811)
core   0: >>>>  mepc_4
core   0: 0x000000008000607a (0x00000791) c.addi  a5, 4
core   0: 3 0x000000008000607a (0x0791) x15 0x0000000080005194
core   0: 0x000000008000607c (0x34179073) csrrw   zero, mepc, a5
core   0: 3 0x000000008000607c (0x34179073) c833_mepc 0x0000000080005194
core   0: 0x0000000080006080 (0x30200073) mret
core   0: 3 0x0000000080006080 (0x30200073) c768_mstatus 0x8000000a001c61a2
core   0: 0x0000000080005194 (0x00000001) c.nop
core   0: 1 0x0000000080005194 (0x0001)
core   0: 0x0000000080005196 (0x00102c73) csrrs   s8, fflags, zero
core   0: 1 0x0000000080005196 (0x00102c73) x24 0x000000000000001d
core   0: 0x000000008000519a (0x00ad5cbb) srlw    s9, s10, a0
core   0: 1 0x000000008000519a (0x00ad5cbb) x25 0x0000000000000000
core   0: 0x000000008000519e (0x00e7183b) sllw    a6, a4, a4
core   0: 1 0x000000008000519e (0x00e7183b) x16 0x0000000000000008
core   0: 0x00000000800051a2 (0x400ad913) srai    s2, s5, 0
core   0: 1 0x00000000800051a2 (0x400ad913) x18 0x0000000000000000
core   0: 0x00000000800051a6 (0x00421133) sll     sp, tp, tp
core   0: 1 0x00000000800051a6 (0x00421133) x2  0x0000000000000000
core   0: 0x00000000800051aa (0xc38f7ecb) fnmsub.d ft9, ft10, fs8, fs8
core   0: 1 0x00000000800051aa (0xc38f7ecb) f29 0x7ff8000000000000
core   0: 0x00000000800051ae (0x00e111b3) sll     gp, sp, a4
core   0: 1 0x00000000800051ae (0x00e111b3) x3  0x0000000000000000
core   0: 0x00000000800051b2 (0x01f19b1b) slliw   s6, gp, 31
core   0: 1 0x00000000800051b2 (0x01f19b1b) x22 0x0000000000000000
core   0: 0x00000000800051b6 (0x4008db93) srai    s7, a7, 0
core   0: 1 0x00000000800051b6 (0x4008db93) x23 0x0000000000007ffe
core   0: 0x00000000800051ba (0x10a82073) csrrs   zero, senvcfg, a6
core   0: 1 0x00000000800051ba (0x10a82073) c266_senvcfg 0x0000000000000000
core   0: 0x00000000800051be (0x3dce8a9b) addiw   s5, t4, 988
core   0: 1 0x00000000800051be (0x3dce8a9b) x21 0xffffffffae41e3dc
core   0: 0x00000000800051c2 (0xc03c7e53) fcvt.lu.s t3, fs8
core   0: 1 0x00000000800051c2 (0xc03c7e53) c1_fflags 0x000000000000001d x28 0xffffffffffffffff
core   0: 0x00000000800051c6 (0x00000001) c.nop
core   0: 1 0x00000000800051c6 (0x0001)
core   0: 0x00000000800051c8 (0x00000001) c.nop
core   0: 1 0x00000000800051c8 (0x0001)
core   0: 0x00000000800051ca (0xb262f2cf) fnmadd.d ft5, ft5, ft6, fs6
core   0: 1 0x00000000800051ca (0xb262f2cf) f5  0x7ff8000000000000
core   0: 0x00000000800051ce (0x41cb03b3) sub     t2, s6, t3
core   0: 1 0x00000000800051ce (0x41cb03b3) x7  0x0000000000000001
core   0: 0x00000000800051d2 (0x007a23b3) slt     t2, s4, t2
core   0: 1 0x00000000800051d2 (0x007a23b3) x7  0x0000000000000001
core   0: 0x00000000800051d6 (0x226eaf53) fsgnjx.d ft10, ft9, ft6
core   0: 1 0x00000000800051d6 (0x226eaf53) f30 0xfff8000000000000
core   0: 0x00000000800051da (0x23e484d3) fsgnj.d fs1, fs1, ft10
core   0: 1 0x00000000800051da (0x23e484d3) f9  0xffffffff00000000
core   0: 0x00000000800051de (0x038c5133) divu    sp, s8, s8
core   0: 1 0x00000000800051de (0x038c5133) x2  0x0000000000000001
core   0: 0x00000000800051e2 (0x022ee63b) remw    a2, t4, sp
core   0: 1 0x00000000800051e2 (0x022ee63b) x12 0x0000000000000000
core   0: 0x00000000800051e6 (0x01841c3b) sllw    s8, s0, s8
core   0: 1 0x00000000800051e6 (0x01841c3b) x24 0x0000000000000000
core   0: 0x00000000800051ea (0x4156ddbb) sraw    s11, a3, s5
core   0: 1 0x00000000800051ea (0x4156ddbb) x27 0x0000000000000000
core   0: 0x00000000800051ee (0x002090f3) csrrw   ra, frm, ra
core   0: 1 0x00000000800051ee (0x002090f3) x1  0x0000000000000004 c2_frm 0x0000000000000004
core   0: 0x00000000800051f2 (0xa47d54b7) lui     s1, 0xa47d5
core   0: 1 0x00000000800051f2 (0xa47d54b7) x9  0xffffffffa47d5000
core   0: 0x00000000800051f6 (0x002027f3) csrrs   a5, frm, zero
core   0: 1 0x00000000800051f6 (0x002027f3) x15 0x0000000000000004
core   0: 0x00000000800051fa (0x3720009b) addiw   ra, zero, 882
core   0: 1 0x00000000800051fa (0x3720009b) x1  0x0000000000000372
core   0: 0x00000000800051fe (0x0ff0000f) fence   iorw,iorw
core   0: 1 0x00000000800051fe (0x0ff0000f)
core   0: 0x0000000080005202 (0xc8106b73) csrrsi  s6, timeh, 0
core   0: exception trap_illegal_instruction, epc 0x0000000080005202
core   0:           tval 0x00000000c8106b73
core   0: >>>>  $xrv64i2p1_m2p0_a2p1_f2p2_d2p2_zicsr2p0_zifencei2p0_zmmul1p0_zba1p0_zbb1p0_zbc1p0_zbs1p0
core   0: 0x0000000080004000 (0x0080006f) j       pc + 0x8
core   0: 3 0x0000000080004000 (0x0080006f)
core   0: >>>>  mmode_exception_handler
core   0: 0x0000000080004008 (0x00002c17) auipc   s8, 0x2
core   0: 3 0x0000000080004008 (0x00002c17) x24 0x0000000080006008
core   0: 0x000000008000400c (0x03ec0c13) addi    s8, s8, 62
core   0: 3 0x000000008000400c (0x03ec0c13) x24 0x0000000080006046
core   0: 0x0000000080004010 (0x000c00e7) jalr    s8
core   0: 3 0x0000000080004010 (0x000c00e7) x1  0x0000000080004014
core   0: >>>>  any_handler
core   0: 0x0000000080006046 (0x341027f3) csrrs   a5, mepc, zero
core   0: 3 0x0000000080006046 (0x341027f3) x15 0x0000000080005202
core   0: 0x000000008000604a (0x34202773) csrrs   a4, mcause, zero
core   0: 3 0x000000008000604a (0x34202773) x14 0x0000000000000002
core   0: 0x000000008000604e (0x142026f3) csrrs   a3, scause, zero
core   0: 3 0x000000008000604e (0x142026f3) x13 0x000000000000001f
core   0: 0x0000000080006052 (0x30402673) csrrs   a2, mie, zero
core   0: 3 0x0000000080006052 (0x30402673) x12 0x0000000000000a00
core   0: 0x0000000080006056 (0x344025f3) csrrs   a1, mip, zero
core   0: 3 0x0000000080006056 (0x344025f3) x11 0x0000000000000080
core   0: 0x000000008000605a (0x343025f3) csrrs   a1, mtval, zero
core   0: 3 0x000000008000605a (0x343025f3) x11 0x00000000c8106b73
core   0: 0x000000008000605e (0x14302573) csrrs   a0, stval, zero
core   0: 3 0x000000008000605e (0x14302573) x10 0x0000000000000000
core   0: 0x0000000080006062 (0xb02024f3) csrrs   s1, minstret, zero
core   0: 3 0x0000000080006062 (0xb02024f3) x9  0x0000000000000e69
core   0: 0x0000000080006066 (0x0000a811) c.j     pc + 20
core   0: 3 0x0000000080006066 (0xa811)
core   0: >>>>  mepc_4
core   0: 0x000000008000607a (0x00000791) c.addi  a5, 4
core   0: 3 0x000000008000607a (0x0791) x15 0x0000000080005206
core   0: 0x000000008000607c (0x34179073) csrrw   zero, mepc, a5
core   0: 3 0x000000008000607c (0x34179073) c833_mepc 0x0000000080005206
core   0: 0x0000000080006080 (0x30200073) mret
core   0: 3 0x0000000080006080 (0x30200073) c768_mstatus 0x8000000a001c61a2
core   0: 0x0000000080005206 (0x1a52ff53) fdiv.d  ft10, ft5, ft5
core   0: 1 0x0000000080005206 (0x1a52ff53) f30 0x7ff8000000000000
core   0: 0x000000008000520a (0x031e7cbb) remuw   s9, t3, a7
core   0: 1 0x000000008000520a (0x031e7cbb) x25 0x000000000000000f
core   0: 0x000000008000520e (0x00159693) slli    a3, a1, 1
core   0: 1 0x000000008000520e (0x00159693) x13 0x000000019020d6e6
core   0: 0x0000000080005212 (0x00009146) c.add   sp, a7
core   0: 1 0x0000000080005212 (0x9146) x2  0x0000000000007fff
core   0: 0x0000000080005214 (0x2722e293) ori     t0, t0, 626
core   0: 1 0x0000000080005214 (0x2722e293) x5  0x0000000000000272
core   0: 0x0000000080005218 (0x02565abb) divuw   s5, a2, t0
core   0: 1 0x0000000080005218 (0x02565abb) x21 0x0000000000000004
core   0: 0x000000008000521c (0x00caacb3) slt     s9, s5, a2
core   0: 1 0x000000008000521c (0x00caacb3) x25 0x0000000000000001
core   0: 0x0000000080005220 (0xe20f0e53) fmv.x.d t3, ft10
core   0: 1 0x0000000080005220 (0xe20f0e53) x28 0x7ff8000000000000
core   0: 0x0000000080005224 (0xe20305d3) fmv.x.d a1, ft6
core   0: 1 0x0000000080005224 (0xe20305d3) x11 0xbff0000000000000
core   0: 0x0000000080005228 (0x02d6c8bb) divw    a7, a3, a3
core   0: 1 0x0000000080005228 (0x02d6c8bb) x17 0x0000000000000001
core   0: 0x000000008000522c (0x01fe541b) srliw   s0, t3, 31
core   0: 1 0x000000008000522c (0x01fe541b) x8  0x0000000000000000
core   0: 0x0000000080005230 (0x236d1ed3) fsgnjn.d ft9, fs10, fs6
core   0: 1 0x0000000080005230 (0x236d1ed3) f29 0x7ff8000000000000
core   0: 0x0000000080005234 (0x01da8d33) add     s10, s5, t4
core   0: 1 0x0000000080005234 (0x01da8d33) x26 0xffffffffae41e004
core   0: 0x0000000080005238 (0xd032f7d3) fcvt.s.lu fa5, t0
core   0: 1 0x0000000080005238 (0xd032f7d3) f15 0xffffffff441c8000
core   0: 0x000000008000523c (0x010d043b) addw    s0, s10, a6
core   0: 1 0x000000008000523c (0x010d043b) x8  0xffffffffae41e00c
core   0: 0x0000000080005240 (0x1000e773) csrrsi  a4, sstatus, 1
core   0: 1 0x0000000080005240 (0x1000e773) x14 0x80000002000c6122 c768_mstatus 0x8000000a001c61a2
core   0: 0x0000000080005244 (0x7b78744f) fnmadd.d fs0, fa6, fs7, fa5
core   0: 1 0x0000000080005244 (0x7b78744f) f8  0x7ff8000000000000
core   0: 0x0000000080005248 (0x0017159b) slliw   a1, a4, 1
core   0: 1 0x0000000080005248 (0x0017159b) x11 0x000000000018c244
core   0: 0x000000008000524c (0x016e6b33) or      s6, t3, s6
core   0: 1 0x000000008000524c (0x016e6b33) x22 0x7ff8000000000000
core   0: 0x0000000080005250 (0x00109773) csrrw   a4, fflags, ra
core   0: 1 0x0000000080005250 (0x00109773) x14 0x000000000000001d c1_fflags 0x0000000000000014
core   0: 0x0000000080005254 (0x1bc3f6c3) fmadd.d fa3, ft7, ft8, ft3
core   0: 1 0x0000000080005254 (0x1bc3f6c3) f13 0x7ff8000000000000
core   0: 0x0000000080005258 (0x411e86bb) subw    a3, t4, a7
core   0: 1 0x0000000080005258 (0x411e86bb) x13 0xffffffffae41dfff
core   0: 0x000000008000525c (0xf1527373) csrrci  t1, mconfigptr, 4
core   0: exception trap_illegal_instruction, epc 0x000000008000525c
core   0:           tval 0x00000000f1527373
core   0: >>>>  $xrv64i2p1_m2p0_a2p1_f2p2_d2p2_zicsr2p0_zifencei2p0_zmmul1p0_zba1p0_zbb1p0_zbc1p0_zbs1p0
core   0: 0x0000000080004000 (0x0080006f) j       pc + 0x8
core   0: 3 0x0000000080004000 (0x0080006f)
core   0: >>>>  mmode_exception_handler
core   0: 0x0000000080004008 (0x00002c17) auipc   s8, 0x2
core   0: 3 0x0000000080004008 (0x00002c17) x24 0x0000000080006008
core   0: 0x000000008000400c (0x03ec0c13) addi    s8, s8, 62
core   0: 3 0x000000008000400c (0x03ec0c13) x24 0x0000000080006046
core   0: 0x0000000080004010 (0x000c00e7) jalr    s8
core   0: 3 0x0000000080004010 (0x000c00e7) x1  0x0000000080004014
core   0: >>>>  any_handler
core   0: 0x0000000080006046 (0x341027f3) csrrs   a5, mepc, zero
core   0: 3 0x0000000080006046 (0x341027f3) x15 0x000000008000525c
core   0: 0x000000008000604a (0x34202773) csrrs   a4, mcause, zero
core   0: 3 0x000000008000604a (0x34202773) x14 0x0000000000000002
core   0: 0x000000008000604e (0x142026f3) csrrs   a3, scause, zero
core   0: 3 0x000000008000604e (0x142026f3) x13 0x000000000000001f
core   0: 0x0000000080006052 (0x30402673) csrrs   a2, mie, zero
core   0: 3 0x0000000080006052 (0x30402673) x12 0x0000000000000a00
core   0: 0x0000000080006056 (0x344025f3) csrrs   a1, mip, zero
core   0: 3 0x0000000080006056 (0x344025f3) x11 0x0000000000000080
core   0: 0x000000008000605a (0x343025f3) csrrs   a1, mtval, zero
core   0: 3 0x000000008000605a (0x343025f3) x11 0x00000000f1527373
core   0: 0x000000008000605e (0x14302573) csrrs   a0, stval, zero
core   0: 3 0x000000008000605e (0x14302573) x10 0x0000000000000000
core   0: 0x0000000080006062 (0xb02024f3) csrrs   s1, minstret, zero
core   0: 3 0x0000000080006062 (0xb02024f3) x9  0x0000000000000e8f
core   0: 0x0000000080006066 (0x0000a811) c.j     pc + 20
core   0: 3 0x0000000080006066 (0xa811)
core   0: >>>>  mepc_4
core   0: 0x000000008000607a (0x00000791) c.addi  a5, 4
core   0: 3 0x000000008000607a (0x0791) x15 0x0000000080005260
core   0: 0x000000008000607c (0x34179073) csrrw   zero, mepc, a5
core   0: 3 0x000000008000607c (0x34179073) c833_mepc 0x0000000080005260
core   0: 0x0000000080006080 (0x30200073) mret
core   0: 3 0x0000000080006080 (0x30200073) c768_mstatus 0x8000000a001c61a2
core   0: 0x0000000080005260 (0x5a037c53) fsqrt.d fs8, ft6
core   0: 1 0x0000000080005260 (0x5a037c53) c1_fflags 0x0000000000000014 f24 0x7ff8000000000000
core   0: 0x0000000080005264 (0xdacb8a93) addi    s5, s7, -596
core   0: 1 0x0000000080005264 (0xdacb8a93) x21 0x0000000000007daa
core   0: 0x0000000080005268 (0x1a6675d3) fdiv.d  fa1, fa2, ft6
core   0: 1 0x0000000080005268 (0x1a6675d3) f11 0x7ff8000000000000
core   0: 0x000000008000526c (0x00ae5533) srl     a0, t3, a0
core   0: 1 0x000000008000526c (0x00ae5533) x10 0x7ff8000000000000
core   0: 0x0000000080005270 (0x03d41893) slli    a7, s0, 61
core   0: 1 0x0000000080005270 (0x03d41893) x17 0x8000000000000000
core   0: 0x0000000080005274 (0xd220f6d3) fcvt.d.l fa3, ra
core   0: 1 0x0000000080005274 (0xd220f6d3) f13 0x41e0000802800000
core   0: 0x0000000080005278 (0x039054b3) divu    s1, zero, s9
core   0: 1 0x0000000080005278 (0x039054b3) x9  0x0000000000000000
core   0: 0x000000008000527c (0x00b7c3b3) xor     t2, a5, a1
core   0: 1 0x000000008000527c (0x00b7c3b3) x7  0x0000000071522113
core   0: 0x0000000080005280 (0x02fb9533) mulh    a0, s7, a5
core   0: 1 0x0000000080005280 (0x02fb9533) x10 0x0000000000000000
core   0: 0x0000000080005284 (0x00f78233) add     tp, a5, a5
core   0: 1 0x0000000080005284 (0x00f78233) x4  0x000000010000a4c0
core   0: 0x0000000080005288 (0x027bd613) srli    a2, s7, 39
core   0: 1 0x0000000080005288 (0x027bd613) x12 0x0000000000000000
core   0: 0x000000008000528c (0x3b754c17) auipc   s8, 0x3b754
core   0: 1 0x000000008000528c (0x3b754c17) x24 0x00000000bb75928c
core   0: 0x0000000080005290 (0xfab076b7) lui     a3, 0xfab07
core   0: 1 0x0000000080005290 (0xfab076b7) x13 0xfffffffffab07000
core   0: 0x0000000080005294 (0x90d6869b) addiw   a3, a3, -1779
core   0: 1 0x0000000080005294 (0x90d6869b) x13 0xfffffffffab0690d
core   0: 0x0000000080005298 (0x000006b2) c.slli  a3, 12
core   0: 1 0x0000000080005298 (0x06b2) x13 0xffffffab0690d000
core   0: 0x000000008000529a (0x5b168693) addi    a3, a3, 1457
core   0: 1 0x000000008000529a (0x5b168693) x13 0xffffffab0690d5b1
core   0: 0x000000008000529e (0x00000001) c.nop
core   0: 1 0x000000008000529e (0x0001)
core   0: 0x00000000800052a0 (0x00819cbb) sllw    s9, gp, s0
core   0: 1 0x00000000800052a0 (0x00819cbb) x25 0x0000000000000000
core   0: 0x00000000800052a4 (0x0eadd497) auipc   s1, 0xeadd
core   0: 1 0x00000000800052a4 (0x0eadd497) x9  0x000000008eae22a4
core   0: 0x00000000800052a8 (0x420d8253) fcvt.d.s ft4, fs11
core   0: 1 0x00000000800052a8 (0x420d8253) f4  0x7ff8000000000000
core   0: 0x00000000800052ac (0x00102e73) csrrs   t3, fflags, zero
core   0: 1 0x00000000800052ac (0x00102e73) x28 0x0000000000000014
core   0: 0x00000000800052b0 (0x0023933b) sllw    t1, t2, sp
core   0: 1 0x00000000800052b0 (0x0023933b) x6  0xffffffff80000000
core   0: 0x00000000800052b4 (0x0a4f7d53) fsub.d  fs10, ft10, ft4
core   0: 1 0x00000000800052b4 (0x0a4f7d53) f26 0x7ff8000000000000
core   0: 0x00000000800052b8 (0x00159873) csrrw   a6, fflags, a1
core   0: 1 0x00000000800052b8 (0x00159873) x16 0x0000000000000014 c1_fflags 0x0000000000000013
core   0: 0x00000000800052bc (0x03739b33) mulh    s6, t2, s7
core   0: 1 0x00000000800052bc (0x03739b33) x22 0x0000000000000000
core   0: 0x00000000800052c0 (0xc20df153) fcvt.w.d sp, fs11
core   0: 1 0x00000000800052c0 (0xc20df153) c1_fflags 0x0000000000000013 x2  0x000000007fffffff
core   0: 0x00000000800052c4 (0x1045b6f3) csrrc   a3, sie, a1
core   0: 1 0x00000000800052c4 (0x1045b6f3) x13 0x0000000000000000 c772_mie 0x0000000000000a00
core   0: 0x00000000800052c8 (0x03f19293) slli    t0, gp, 63
core   0: 1 0x00000000800052c8 (0x03f19293) x5  0x0000000000000000
core   0: 0x00000000800052cc (0xc226f4d3) fcvt.l.d s1, fa3
core   0: 1 0x00000000800052cc (0xc226f4d3) x9  0x0000000080004014
core   0: 0x00000000800052d0 (0x1371fc53) fmul.d  fs8, ft3, fs7
core   0: 1 0x00000000800052d0 (0x1371fc53) f24 0x7ff8000000000000
core   0: 0x00000000800052d4 (0x03b88cbb) mulw    s9, a7, s11
core   0: 1 0x00000000800052d4 (0x03b88cbb) x25 0x0000000000000000
core   0: 0x00000000800052d8 (0x00000001) c.nop
core   0: 1 0x00000000800052d8 (0x0001)
core   0: 0x00000000800052da (0xf11fe773) csrrsi  a4, mvendorid, 31
core   0: exception trap_illegal_instruction, epc 0x00000000800052da
core   0:           tval 0x00000000f11fe773
core   0: >>>>  $xrv64i2p1_m2p0_a2p1_f2p2_d2p2_zicsr2p0_zifencei2p0_zmmul1p0_zba1p0_zbb1p0_zbc1p0_zbs1p0
core   0: 0x0000000080004000 (0x0080006f) j       pc + 0x8
core   0: 3 0x0000000080004000 (0x0080006f)
core   0: >>>>  mmode_exception_handler
core   0: 0x0000000080004008 (0x00002c17) auipc   s8, 0x2
core   0: 3 0x0000000080004008 (0x00002c17) x24 0x0000000080006008
core   0: 0x000000008000400c (0x03ec0c13) addi    s8, s8, 62
core   0: 3 0x000000008000400c (0x03ec0c13) x24 0x0000000080006046
core   0: 0x0000000080004010 (0x000c00e7) jalr    s8
core   0: 3 0x0000000080004010 (0x000c00e7) x1  0x0000000080004014
core   0: >>>>  any_handler
core   0: 0x0000000080006046 (0x341027f3) csrrs   a5, mepc, zero
core   0: 3 0x0000000080006046 (0x341027f3) x15 0x00000000800052da
core   0: 0x000000008000604a (0x34202773) csrrs   a4, mcause, zero
core   0: 3 0x000000008000604a (0x34202773) x14 0x0000000000000002
core   0: 0x000000008000604e (0x142026f3) csrrs   a3, scause, zero
core   0: 3 0x000000008000604e (0x142026f3) x13 0x000000000000001f
core   0: 0x0000000080006052 (0x30402673) csrrs   a2, mie, zero
core   0: 3 0x0000000080006052 (0x30402673) x12 0x0000000000000a00
core   0: 0x0000000080006056 (0x344025f3) csrrs   a1, mip, zero
core   0: 3 0x0000000080006056 (0x344025f3) x11 0x0000000000000080
core   0: 0x000000008000605a (0x343025f3) csrrs   a1, mtval, zero
core   0: 3 0x000000008000605a (0x343025f3) x11 0x00000000f11fe773
core   0: 0x000000008000605e (0x14302573) csrrs   a0, stval, zero
core   0: 3 0x000000008000605e (0x14302573) x10 0x0000000000000000
core   0: 0x0000000080006062 (0xb02024f3) csrrs   s1, minstret, zero
core   0: 3 0x0000000080006062 (0xb02024f3) x9  0x0000000000000ebf
core   0: 0x0000000080006066 (0x0000a811) c.j     pc + 20
core   0: 3 0x0000000080006066 (0xa811)
core   0: >>>>  mepc_4
core   0: 0x000000008000607a (0x00000791) c.addi  a5, 4
core   0: 3 0x000000008000607a (0x0791) x15 0x00000000800052de
core   0: 0x000000008000607c (0x34179073) csrrw   zero, mepc, a5
core   0: 3 0x000000008000607c (0x34179073) c833_mepc 0x00000000800052de
core   0: 0x0000000080006080 (0x30200073) mret
core   0: 3 0x0000000080006080 (0x30200073) c768_mstatus 0x8000000a001c61a2
core   0: 0x00000000800052de (0x02e74e3b) divw    t3, a4, a4
core   0: 1 0x00000000800052de (0x02e74e3b) x28 0x0000000000000001
core   0: 0x00000000800052e2 (0x08684ab7) lui     s5, 0x8684
core   0: 1 0x00000000800052e2 (0x08684ab7) x21 0x0000000008684000
core   0: 0x00000000800052e6 (0x0047dabb) srlw    s5, a5, tp
core   0: 1 0x00000000800052e6 (0x0047dabb) x21 0xffffffff800052de
core   0: 0x00000000800052ea (0xd2178553) fcvt.d.wu fa0, a5
core   0: 1 0x00000000800052ea (0xd2178553) f10 0x41e0000a5bc00000
core   0: 0x00000000800052ee (0x1ae0009b) addiw   ra, zero, 430
core   0: 1 0x00000000800052ee (0x1ae0009b) x1  0x00000000000001ae
core   0: 0x00000000800052f2 (0x00179713) slli    a4, a5, 1
core   0: 1 0x00000000800052f2 (0x00179713) x14 0x000000010000a5bc
core   0: 0x00000000800052f6 (0x00009b06) c.add   s6, ra
core   0: 1 0x00000000800052f6 (0x9b06) x22 0x00000000000001ae
core   0: 0x00000000800052f8 (0x30a70517) auipc   a0, 0x30a70
core   0: 1 0x00000000800052f8 (0x30a70517) x10 0x00000000b0a752f8
core   0: 0x00000000800052fc (0xe2050853) fmv.x.d a6, fa0
core   0: 1 0x00000000800052fc (0xe2050853) x16 0x41e0000a5bc00000
core   0: 0x0000000080005300 (0xd2118053) fcvt.d.wu ft0, gp
core   0: 1 0x0000000080005300 (0xd2118053) f0  0x0000000000000000
core   0: 0x0000000080005304 (0x999e059b) addiw   a1, t3, -1639
core   0: 1 0x0000000080005304 (0x999e059b) x11 0xfffffffffffff99a
core   0: 0x0000000080005308 (0x01de8d3b) addw    s10, t4, t4
core   0: 1 0x0000000080005308 (0x01de8d3b) x26 0x000000005c83c000
core   0: 0x000000008000530c (0x0016dd13) srli    s10, a3, 1
core   0: 1 0x000000008000530c (0x0016dd13) x26 0x000000000000000f
core   0: 0x0000000080005310 (0x02e0763b) remuw   a2, zero, a4
core   0: 1 0x0000000080005310 (0x02e0763b) x12 0x0000000000000000
core   0: 0x0000000080005314 (0x0131f1b7) lui     gp, 0x131f
core   0: 1 0x0000000080005314 (0x0131f1b7) x3  0x000000000131f000
core   0: 0x0000000080005318 (0x8371819b) addiw   gp, gp, -1993
core   0: 1 0x0000000080005318 (0x8371819b) x3  0x000000000131e837
core   0: 0x000000008000531c (0x000001b2) c.slli  gp, 12
core   0: 1 0x000000008000531c (0x01b2) x3  0x000000131e837000
core   0: 0x000000008000531e (0xad118193) addi    gp, gp, -1327
core   0: 1 0x000000008000531e (0xad118193) x3  0x000000131e836ad1
core   0: 0x0000000080005322 (0x023d6833) rem     a6, s10, gp
core   0: 1 0x0000000080005322 (0x023d6833) x16 0x000000000000000f
core   0: 0x0000000080005326 (0x00000001) c.nop
core   0: 1 0x0000000080005326 (0x0001)
core   0: 0x0000000080005328 (0xa34000d3) fle.d   ra, ft0, fs4
core   0: 1 0x0000000080005328 (0xa34000d3) x1  0x0000000000000000
core   0: 0x000000008000532c (0x4385de13) srai    t3, a1, 56
core   0: 1 0x000000008000532c (0x4385de13) x28 0xffffffffffffffff
core   0: 0x0000000080005330 (0x02844433) div     s0, s0, s0
core   0: 1 0x0000000080005330 (0x02844433) x8  0x0000000000000001
core   0: 0x0000000080005334 (0x414c8933) sub     s2, s9, s4
core   0: 1 0x0000000080005334 (0x414c8933) x18 0x4010000000000000
core   0: 0x0000000080005338 (0x03acfd3b) remuw   s10, s9, s10
core   0: 1 0x0000000080005338 (0x03acfd3b) x26 0x0000000000000000
core   0: 0x000000008000533c (0x017d12b3) sll     t0, s10, s7
core   0: 1 0x000000008000533c (0x017d12b3) x5  0x0000000000000000
core   0: 0x0000000080005340 (0x00000001) c.nop
core   0: 1 0x0000000080005340 (0x0001)
core   0: 0x0000000080005342 (0x022b30b7) lui     ra, 0x22b3
core   0: 1 0x0000000080005342 (0x022b30b7) x1  0x00000000022b3000
core   0: 0x0000000080005346 (0xe770809b) addiw   ra, ra, -393
core   0: 1 0x0000000080005346 (0xe770809b) x1  0x00000000022b2e77
core   0: 0x000000008000534a (0x000000b2) c.slli  ra, 12
core   0: 1 0x000000008000534a (0x00b2) x1  0x00000022b2e77000
core   0: 0x000000008000534c (0xc7d08093) addi    ra, ra, -899
core   0: 1 0x000000008000534c (0xc7d08093) x1  0x00000022b2e76c7d
core   0: 0x0000000080005350 (0x02324bb3) div     s7, tp, gp
core   0: 1 0x0000000080005350 (0x02324bb3) x23 0x0000000000000000
core   0: 0x0000000080005354 (0x00019513) slli    a0, gp, 0
core   0: 1 0x0000000080005354 (0x00019513) x10 0x000000131e836ad1
core   0: 0x0000000080005358 (0x03f0d793) srli    a5, ra, 63
core   0: 1 0x0000000080005358 (0x03f0d793) x15 0x0000000000000000
core   0: 0x000000008000535c (0x02b5d4bb) divuw   s1, a1, a1
core   0: 1 0x000000008000535c (0x02b5d4bb) x9  0x0000000000000001
core   0: 0x0000000080005360 (0x23731ed3) fsgnjn.d ft9, ft6, fs7
core   0: 1 0x0000000080005360 (0x23731ed3) f29 0x3ff0000000000000
core   0: 0x0000000080005364 (0x0294c233) div     tp, s1, s1
core   0: 1 0x0000000080005364 (0x0294c233) x4  0x0000000000000001
core   0: 0x0000000080005368 (0x024a3633) mulhu   a2, s4, tp
core   0: 1 0x0000000080005368 (0x024a3633) x12 0x0000000000000000
core   0: 0x000000008000536c (0x01ab119b) slliw   gp, s6, 26
core   0: 1 0x000000008000536c (0x01ab119b) x3  0xffffffffb8000000
core   0: 0x0000000080005370 (0x00102d73) csrrs   s10, fflags, zero
core   0: 1 0x0000000080005370 (0x00102d73) x26 0x0000000000000013
core   0: 0x0000000080005374 (0x019cc933) xor     s2, s9, s9
core   0: 1 0x0000000080005374 (0x019cc933) x18 0x0000000000000000
core   0: 0x0000000080005378 (0x00000001) c.nop
core   0: 1 0x0000000080005378 (0x0001)
core   0: 0x000000008000537a (0x00202673) csrrs   a2, frm, zero
core   0: 1 0x000000008000537a (0x00202673) x12 0x0000000000000004
core   0: 0x000000008000537e (0x403d05bb) subw    a1, s10, gp
core   0: 1 0x000000008000537e (0x403d05bb) x11 0x0000000048000013
core   0: 0x0000000080005382 (0x0f5dc217) auipc   tp, 0xf5dc
core   0: 1 0x0000000080005382 (0x0f5dc217) x4  0x000000008f5e1382
core   0: 0x0000000080005386 (0x417887bb) subw    a5, a7, s7
core   0: 1 0x0000000080005386 (0x417887bb) x15 0x0000000000000000
core   0: 0x000000008000538a (0x00000001) c.nop
core   0: 1 0x000000008000538a (0x0001)
core   0: 0x000000008000538c (0x01b79dbb) sllw    s11, a5, s11
core   0: 1 0x000000008000538c (0x01b79dbb) x27 0x0000000000000000
core   0: 0x0000000080005390 (0xf2078bd3) fmv.d.x fs7, a5
core   0: 1 0x0000000080005390 (0xf2078bd3) f23 0x0000000000000000
core   0: 0x0000000080005394 (0x021dfd3b) remuw   s10, s11, ra
core   0: 1 0x0000000080005394 (0x021dfd3b) x26 0x0000000000000000
core   0: 0x0000000080005398 (0xc02a7b53) fcvt.l.s s6, fs4
core   0: 1 0x0000000080005398 (0xc02a7b53) c1_fflags 0x0000000000000013 x22 0x7fffffffffffffff
core   0: 0x000000008000539c (0x0069c1b3) xor     gp, s3, t1
core   0: 1 0x000000008000539c (0x0069c1b3) x3  0xffffffff80000000
core   0: 0x00000000800053a0 (0x028aeab3) rem     s5, s5, s0
core   0: 1 0x00000000800053a0 (0x028aeab3) x21 0x0000000000000000
core   0: 0x00000000800053a4 (0x00102173) csrrs   sp, fflags, zero
core   0: 1 0x00000000800053a4 (0x00102173) x2  0x0000000000000013
core   0: 0x00000000800053a8 (0x0021d1b3) srl     gp, gp, sp
core   0: 1 0x00000000800053a8 (0x0021d1b3) x3  0x00001ffffffff000
core   0: 0x00000000800053ac (0xfff66b93) ori     s7, a2, -1
core   0: 1 0x00000000800053ac (0xfff66b93) x23 0xffffffffffffffff
core   0: 0x00000000800053b0 (0x0093eeb3) or      t4, t2, s1
core   0: 1 0x00000000800053b0 (0x0093eeb3) x29 0x0000000071522113
core   0: 0x00000000800053b4 (0x017be2b3) or      t0, s7, s7
core   0: 1 0x00000000800053b4 (0x017be2b3) x5  0xffffffffffffffff
core   0: 0x00000000800053b8 (0x7ff5c393) xori    t2, a1, 2047
core   0: 1 0x00000000800053b8 (0x7ff5c393) x7  0x00000000480007ec
core   0: 0x00000000800053bc (0x00074693) xori    a3, a4, 0
core   0: 1 0x00000000800053bc (0x00074693) x13 0x000000010000a5bc
core   0: 0x00000000800053c0 (0xf2058ed3) fmv.d.x ft9, a1
core   0: 1 0x00000000800053c0 (0xf2058ed3) f29 0x0000000048000013
core   0: 0x00000000800053c4 (0xf7324737) lui     a4, 0xf7324
core   0: 1 0x00000000800053c4 (0xf7324737) x14 0xfffffffff7324000
core   0: 0x00000000800053c8 (0xf11ebb73) csrrc   s6, mvendorid, t4
core   0: exception trap_illegal_instruction, epc 0x00000000800053c8
core   0:           tval 0x00000000f11ebb73
core   0: >>>>  $xrv64i2p1_m2p0_a2p1_f2p2_d2p2_zicsr2p0_zifencei2p0_zmmul1p0_zba1p0_zbb1p0_zbc1p0_zbs1p0
core   0: 0x0000000080004000 (0x0080006f) j       pc + 0x8
core   0: 3 0x0000000080004000 (0x0080006f)
core   0: >>>>  mmode_exception_handler
core   0: 0x0000000080004008 (0x00002c17) auipc   s8, 0x2
core   0: 3 0x0000000080004008 (0x00002c17) x24 0x0000000080006008
core   0: 0x000000008000400c (0x03ec0c13) addi    s8, s8, 62
core   0: 3 0x000000008000400c (0x03ec0c13) x24 0x0000000080006046
core   0: 0x0000000080004010 (0x000c00e7) jalr    s8
core   0: 3 0x0000000080004010 (0x000c00e7) x1  0x0000000080004014
core   0: >>>>  any_handler
core   0: 0x0000000080006046 (0x341027f3) csrrs   a5, mepc, zero
core   0: 3 0x0000000080006046 (0x341027f3) x15 0x00000000800053c8
core   0: 0x000000008000604a (0x34202773) csrrs   a4, mcause, zero
core   0: 3 0x000000008000604a (0x34202773) x14 0x0000000000000002
core   0: 0x000000008000604e (0x142026f3) csrrs   a3, scause, zero
core   0: 3 0x000000008000604e (0x142026f3) x13 0x000000000000001f
core   0: 0x0000000080006052 (0x30402673) csrrs   a2, mie, zero
core   0: 3 0x0000000080006052 (0x30402673) x12 0x0000000000000a00
core   0: 0x0000000080006056 (0x344025f3) csrrs   a1, mip, zero
core   0: 3 0x0000000080006056 (0x344025f3) x11 0x0000000000000080
core   0: 0x000000008000605a (0x343025f3) csrrs   a1, mtval, zero
core   0: 3 0x000000008000605a (0x343025f3) x11 0x00000000f11ebb73
core   0: 0x000000008000605e (0x14302573) csrrs   a0, stval, zero
core   0: 3 0x000000008000605e (0x14302573) x10 0x0000000000000000
core   0: 0x0000000080006062 (0xb02024f3) csrrs   s1, minstret, zero
core   0: 3 0x0000000080006062 (0xb02024f3) x9  0x0000000000000f0d
core   0: 0x0000000080006066 (0x0000a811) c.j     pc + 20
core   0: 3 0x0000000080006066 (0xa811)
core   0: >>>>  mepc_4
core   0: 0x000000008000607a (0x00000791) c.addi  a5, 4
core   0: 3 0x000000008000607a (0x0791) x15 0x00000000800053cc
core   0: 0x000000008000607c (0x34179073) csrrw   zero, mepc, a5
core   0: 3 0x000000008000607c (0x34179073) c833_mepc 0x00000000800053cc
core   0: 0x0000000080006080 (0x30200073) mret
core   0: 3 0x0000000080006080 (0x30200073) c768_mstatus 0x8000000a001c61a2
core   0: 0x00000000800053cc (0x037a9313) slli    t1, s5, 55
core   0: 1 0x00000000800053cc (0x037a9313) x6  0x0000000000000000
core   0: 0x00000000800053d0 (0x000b5013) srli    zero, s6, 0
core   0: 1 0x00000000800053d0 (0x000b5013)
core   0: 0x00000000800053d4 (0x00017133) and     sp, sp, zero
core   0: 1 0x00000000800053d4 (0x00017133) x2  0x0000000000000000
core   0: 0x00000000800053d8 (0x8b16f6cb) fnmsub.d fa3, fa3, fa7, fa7
core   0: 1 0x00000000800053d8 (0x8b16f6cb) f13 0x7ff8000000000000
core   0: 0x00000000800053dc (0xc03978d3) fcvt.lu.s a7, fs2
core   0: 1 0x00000000800053dc (0xc03978d3) c1_fflags 0x0000000000000013 x17 0xffffffffffffffff
core   0: 0x00000000800053e0 (0x31a2d873) csrrwi  a6, menvcfgh, 5
core   0: exception trap_illegal_instruction, epc 0x00000000800053e0
core   0:           tval 0x0000000031a2d873
core   0: >>>>  $xrv64i2p1_m2p0_a2p1_f2p2_d2p2_zicsr2p0_zifencei2p0_zmmul1p0_zba1p0_zbb1p0_zbc1p0_zbs1p0
core   0: 0x0000000080004000 (0x0080006f) j       pc + 0x8
core   0: 3 0x0000000080004000 (0x0080006f)
core   0: >>>>  mmode_exception_handler
core   0: 0x0000000080004008 (0x00002c17) auipc   s8, 0x2
core   0: 3 0x0000000080004008 (0x00002c17) x24 0x0000000080006008
core   0: 0x000000008000400c (0x03ec0c13) addi    s8, s8, 62
core   0: 3 0x000000008000400c (0x03ec0c13) x24 0x0000000080006046
core   0: 0x0000000080004010 (0x000c00e7) jalr    s8
core   0: 3 0x0000000080004010 (0x000c00e7) x1  0x0000000080004014
core   0: >>>>  any_handler
core   0: 0x0000000080006046 (0x341027f3) csrrs   a5, mepc, zero
core   0: 3 0x0000000080006046 (0x341027f3) x15 0x00000000800053e0
core   0: 0x000000008000604a (0x34202773) csrrs   a4, mcause, zero
core   0: 3 0x000000008000604a (0x34202773) x14 0x0000000000000002
core   0: 0x000000008000604e (0x142026f3) csrrs   a3, scause, zero
core   0: 3 0x000000008000604e (0x142026f3) x13 0x000000000000001f
core   0: 0x0000000080006052 (0x30402673) csrrs   a2, mie, zero
core   0: 3 0x0000000080006052 (0x30402673) x12 0x0000000000000a00
core   0: 0x0000000080006056 (0x344025f3) csrrs   a1, mip, zero
core   0: 3 0x0000000080006056 (0x344025f3) x11 0x0000000000000080
core   0: 0x000000008000605a (0x343025f3) csrrs   a1, mtval, zero
core   0: 3 0x000000008000605a (0x343025f3) x11 0x0000000031a2d873
core   0: 0x000000008000605e (0x14302573) csrrs   a0, stval, zero
core   0: 3 0x000000008000605e (0x14302573) x10 0x0000000000000000
core   0: 0x0000000080006062 (0xb02024f3) csrrs   s1, minstret, zero
core   0: 3 0x0000000080006062 (0xb02024f3) x9  0x0000000000000f22
core   0: 0x0000000080006066 (0x0000a811) c.j     pc + 20
core   0: 3 0x0000000080006066 (0xa811)
core   0: >>>>  mepc_4
core   0: 0x000000008000607a (0x00000791) c.addi  a5, 4
core   0: 3 0x000000008000607a (0x0791) x15 0x00000000800053e4
core   0: 0x000000008000607c (0x34179073) csrrw   zero, mepc, a5
core   0: 3 0x000000008000607c (0x34179073) c833_mepc 0x00000000800053e4
core   0: 0x0000000080006080 (0x30200073) mret
core   0: 3 0x0000000080006080 (0x30200073) c768_mstatus 0x8000000a001c61a2
core   0: 0x00000000800053e4 (0x2a6e15d3) fmax.d  fa1, ft8, ft6
core   0: 1 0x00000000800053e4 (0x2a6e15d3) f11 0xbff0000000000000
core   0: 0x00000000800053e8 (0xc20cf453) fcvt.w.d s0, fs9
core   0: 1 0x00000000800053e8 (0xc20cf453) x8  0x00000000000004dd
core   0: 0x00000000800053ec (0x2a8d0e53) fmin.d  ft8, fs10, fs0
core   0: 1 0x00000000800053ec (0x2a8d0e53) f28 0x7ff8000000000000
core   0: 0x00000000800053f0 (0x00147713) andi    a4, s0, 1
core   0: 1 0x00000000800053f0 (0x00147713) x14 0x0000000000000001
core   0: 0x00000000800053f4 (0x0210c633) div     a2, ra, ra
core   0: 1 0x00000000800053f4 (0x0210c633) x12 0x0000000000000001
core   0: 0x00000000800053f8 (0x021395b3) mulh    a1, t2, ra
core   0: 1 0x00000000800053f8 (0x021395b3) x11 0x0000000000000000
core   0: 0x00000000800053fc (0x002a9073) csrrw   zero, frm, s5
core   0: 1 0x00000000800053fc (0x002a9073) c2_frm 0x0000000000000000
core   0: 0x0000000080005400 (0xc03e72d3) fcvt.lu.s t0, ft8
core   0: 1 0x0000000080005400 (0xc03e72d3) c1_fflags 0x0000000000000013 x5  0xffffffffffffffff
core   0: 0x0000000080005404 (0xf20d8fd3) fmv.d.x ft11, s11
core   0: 1 0x0000000080005404 (0xf20d8fd3) f31 0x0000000000000000
core   0: 0x0000000080005408 (0x4002de9b) sraiw   t4, t0, 0
core   0: 1 0x0000000080005408 (0x4002de9b) x29 0xffffffffffffffff
core   0: 0x000000008000540c (0xd21901d3) fcvt.d.wu ft3, s2
core   0: 1 0x000000008000540c (0xd21901d3) f3  0x0000000000000000
core   0: 0x0000000080005410 (0xf130e6f3) csrrsi  a3, mimpid, 1
core   0: exception trap_illegal_instruction, epc 0x0000000080005410
core   0:           tval 0x00000000f130e6f3
core   0: >>>>  $xrv64i2p1_m2p0_a2p1_f2p2_d2p2_zicsr2p0_zifencei2p0_zmmul1p0_zba1p0_zbb1p0_zbc1p0_zbs1p0
core   0: 0x0000000080004000 (0x0080006f) j       pc + 0x8
core   0: 3 0x0000000080004000 (0x0080006f)
core   0: >>>>  mmode_exception_handler
core   0: 0x0000000080004008 (0x00002c17) auipc   s8, 0x2
core   0: 3 0x0000000080004008 (0x00002c17) x24 0x0000000080006008
core   0: 0x000000008000400c (0x03ec0c13) addi    s8, s8, 62
core   0: 3 0x000000008000400c (0x03ec0c13) x24 0x0000000080006046
core   0: 0x0000000080004010 (0x000c00e7) jalr    s8
core   0: 3 0x0000000080004010 (0x000c00e7) x1  0x0000000080004014
core   0: >>>>  any_handler
core   0: 0x0000000080006046 (0x341027f3) csrrs   a5, mepc, zero
core   0: 3 0x0000000080006046 (0x341027f3) x15 0x0000000080005410
core   0: 0x000000008000604a (0x34202773) csrrs   a4, mcause, zero
core   0: 3 0x000000008000604a (0x34202773) x14 0x0000000000000002
core   0: 0x000000008000604e (0x142026f3) csrrs   a3, scause, zero
core   0: 3 0x000000008000604e (0x142026f3) x13 0x000000000000001f
core   0: 0x0000000080006052 (0x30402673) csrrs   a2, mie, zero
core   0: 3 0x0000000080006052 (0x30402673) x12 0x0000000000000a00
core   0: 0x0000000080006056 (0x344025f3) csrrs   a1, mip, zero
core   0: 3 0x0000000080006056 (0x344025f3) x11 0x0000000000000080
core   0: 0x000000008000605a (0x343025f3) csrrs   a1, mtval, zero
core   0: 3 0x000000008000605a (0x343025f3) x11 0x00000000f130e6f3
core   0: 0x000000008000605e (0x14302573) csrrs   a0, stval, zero
core   0: 3 0x000000008000605e (0x14302573) x10 0x0000000000000000
core   0: 0x0000000080006062 (0xb02024f3) csrrs   s1, minstret, zero
core   0: 3 0x0000000080006062 (0xb02024f3) x9  0x0000000000000f3d
core   0: 0x0000000080006066 (0x0000a811) c.j     pc + 20
core   0: 3 0x0000000080006066 (0xa811)
core   0: >>>>  mepc_4
core   0: 0x000000008000607a (0x00000791) c.addi  a5, 4
core   0: 3 0x000000008000607a (0x0791) x15 0x0000000080005414
core   0: 0x000000008000607c (0x34179073) csrrw   zero, mepc, a5
core   0: 3 0x000000008000607c (0x34179073) c833_mepc 0x0000000080005414
core   0: 0x0000000080006080 (0x30200073) mret
core   0: 3 0x0000000080006080 (0x30200073) c768_mstatus 0x8000000a001c61a2
core   0: 0x0000000080005414 (0x014904bb) addw    s1, s2, s4
core   0: 1 0x0000000080005414 (0x014904bb) x9  0x0000000000000000
core   0: 0x0000000080005418 (0x0ff0000f) fence   iorw,iorw
core   0: 1 0x0000000080005418 (0x0ff0000f)
core   0: 0x000000008000541c (0x001811f3) csrrw   gp, fflags, a6
core   0: 1 0x000000008000541c (0x001811f3) x3  0x0000000000000013 c1_fflags 0x000000000000000f
core   0: 0x0000000080005420 (0x035c9713) slli    a4, s9, 53
core   0: 1 0x0000000080005420 (0x035c9713) x14 0x0000000000000000
core   0: 0x0000000080005424 (0x1a39f9c7) fmsub.d fs3, fs3, ft3, ft3
core   0: 1 0x0000000080005424 (0x1a39f9c7) f19 0x7ff8000000000000
core   0: 0x0000000080005428 (0xcb46f14b) fnmsub.d ft2, fa3, fs4, fs9
core   0: 1 0x0000000080005428 (0xcb46f14b) f2  0x7ff8000000000000
core   0: 0x000000008000542c (0x00009d21) c.addw  a0, s0
core   0: 1 0x000000008000542c (0x9d21) x10 0x00000000000004dd
core   0: 0x000000008000542e (0x038b27b3) mulhsu  a5, s6, s8
core   0: 1 0x000000008000542e (0x038b27b3) x15 0x0000000040003022
core   0: 0x0000000080005432 (0x01220a33) add     s4, tp, s2
core   0: 1 0x0000000080005432 (0x01220a33) x20 0x000000008f5e1382
core   0: 0x0000000080005436 (0x008413b3) sll     t2, s0, s0
core   0: 1 0x0000000080005436 (0x008413b3) x7  0x0000009ba0000000
core   0: 0x000000008000543a (0x39c442b7) lui     t0, 0x39c44
core   0: 1 0x000000008000543a (0x39c442b7) x5  0x0000000039c44000
core   0: 0x000000008000543e (0xd022f353) fcvt.s.l ft6, t0
core   0: 1 0x000000008000543e (0xd022f353) f6  0xffffffff4e671100
core   0: 0x0000000080005442 (0x4005d79b) sraiw   a5, a1, 0
core   0: 1 0x0000000080005442 (0x4005d79b) x15 0xfffffffff130e6f3
core   0: 0x0000000080005446 (0xc208fcd3) fcvt.w.d s9, fa7
core   0: 1 0x0000000080005446 (0xc208fcd3) c1_fflags 0x000000000000001f x25 0x000000007fffffff
core   0: 0x000000008000544a (0xc055b273) csrrc   tp, hpmcounter5, a1
core   0: exception trap_illegal_instruction, epc 0x000000008000544a
core   0:           tval 0x00000000c055b273
core   0: >>>>  $xrv64i2p1_m2p0_a2p1_f2p2_d2p2_zicsr2p0_zifencei2p0_zmmul1p0_zba1p0_zbb1p0_zbc1p0_zbs1p0
core   0: 0x0000000080004000 (0x0080006f) j       pc + 0x8
core   0: 3 0x0000000080004000 (0x0080006f)
core   0: >>>>  mmode_exception_handler
core   0: 0x0000000080004008 (0x00002c17) auipc   s8, 0x2
core   0: 3 0x0000000080004008 (0x00002c17) x24 0x0000000080006008
core   0: 0x000000008000400c (0x03ec0c13) addi    s8, s8, 62
core   0: 3 0x000000008000400c (0x03ec0c13) x24 0x0000000080006046
core   0: 0x0000000080004010 (0x000c00e7) jalr    s8
core   0: 3 0x0000000080004010 (0x000c00e7) x1  0x0000000080004014
core   0: >>>>  any_handler
core   0: 0x0000000080006046 (0x341027f3) csrrs   a5, mepc, zero
core   0: 3 0x0000000080006046 (0x341027f3) x15 0x000000008000544a
core   0: 0x000000008000604a (0x34202773) csrrs   a4, mcause, zero
core   0: 3 0x000000008000604a (0x34202773) x14 0x0000000000000002
core   0: 0x000000008000604e (0x142026f3) csrrs   a3, scause, zero
core   0: 3 0x000000008000604e (0x142026f3) x13 0x000000000000001f
core   0: 0x0000000080006052 (0x30402673) csrrs   a2, mie, zero
core   0: 3 0x0000000080006052 (0x30402673) x12 0x0000000000000a00
core   0: 0x0000000080006056 (0x344025f3) csrrs   a1, mip, zero
core   0: 3 0x0000000080006056 (0x344025f3) x11 0x0000000000000080
core   0: 0x000000008000605a (0x343025f3) csrrs   a1, mtval, zero
core   0: 3 0x000000008000605a (0x343025f3) x11 0x00000000c055b273
core   0: 0x000000008000605e (0x14302573) csrrs   a0, stval, zero
core   0: 3 0x000000008000605e (0x14302573) x10 0x0000000000000000
core   0: 0x0000000080006062 (0xb02024f3) csrrs   s1, minstret, zero
core   0: 3 0x0000000080006062 (0xb02024f3) x9  0x0000000000000f5b
core   0: 0x0000000080006066 (0x0000a811) c.j     pc + 20
core   0: 3 0x0000000080006066 (0xa811)
core   0: >>>>  mepc_4
core   0: 0x000000008000607a (0x00000791) c.addi  a5, 4
core   0: 3 0x000000008000607a (0x0791) x15 0x000000008000544e
core   0: 0x000000008000607c (0x34179073) csrrw   zero, mepc, a5
core   0: 3 0x000000008000607c (0x34179073) c833_mepc 0x000000008000544e
core   0: 0x0000000080006080 (0x30200073) mret
core   0: 3 0x0000000080006080 (0x30200073) c768_mstatus 0x8000000a001c61a2
core   0: 0x000000008000544e (0x407c53bb) sraw    t2, s8, t2
core   0: 1 0x000000008000544e (0x407c53bb) x7  0xffffffff80006046
core   0: 0x0000000080005452 (0x1eb3031b) addiw   t1, t1, 491
core   0: 1 0x0000000080005452 (0x1eb3031b) x6  0x00000000000001eb
core   0: 0x0000000080005456 (0x0318f453) fadd.d  fs0, fa7, fa7
core   0: 1 0x0000000080005456 (0x0318f453) f8  0x7ff8000000000000
core   0: 0x000000008000545a (0x01cc5b9b) srliw   s7, s8, 28
core   0: 1 0x000000008000545a (0x01cc5b9b) x23 0x0000000000000008
core   0: 0x000000008000545e (0xcfb16113) ori     sp, sp, -773
core   0: 1 0x000000008000545e (0xcfb16113) x2  0xfffffffffffffcfb
core   0: 0x0000000080005462 (0x0284543b) divuw   s0, s0, s0
core   0: 1 0x0000000080005462 (0x0284543b) x8  0x0000000000000001
core   0: 0x0000000080005466 (0x42010453) fcvt.d.s fs0, ft2
core   0: 1 0x0000000080005466 (0x42010453) f8  0x7ff8000000000000
core   0: 0x000000008000546a (0x014a4db3) xor     s11, s4, s4
core   0: 1 0x000000008000546a (0x014a4db3) x27 0x0000000000000000
core   0: 0x000000008000546e (0x41bbdc33) sra     s8, s7, s11
core   0: 1 0x000000008000546e (0x41bbdc33) x24 0x0000000000000008
core   0: 0x0000000080005472 (0x00db6e33) or      t3, s6, a3
core   0: 1 0x0000000080005472 (0x00db6e33) x28 0x7fffffffffffffff
core   0: 0x0000000080005476 (0xc889f013) andi    zero, s3, -888
core   0: 1 0x0000000080005476 (0xc889f013)
core   0: 0x000000008000547a (0x00109673) csrrw   a2, fflags, ra
core   0: 1 0x000000008000547a (0x00109673) x12 0x000000000000001f c1_fflags 0x0000000000000014
core   0: 0x000000008000547e (0x023cd393) srli    t2, s9, 35
core   0: 1 0x000000008000547e (0x023cd393) x7  0x0000000000000000
core   0: 0x0000000080005482 (0x01c21113) slli    sp, tp, 28
core   0: 1 0x0000000080005482 (0x01c21113) x2  0x08f5e13820000000
core   0: 0x0000000080005486 (0xf20e88d3) fmv.d.x fa7, t4
core   0: 1 0x0000000080005486 (0xf20e88d3) f17 0xffffffffffffffff
core   0: 0x000000008000548a (0x0164d8bb) srlw    a7, s1, s6
core   0: 1 0x000000008000548a (0x0164d8bb) x17 0x0000000000000000
core   0: 0x000000008000548e (0xd2010053) fcvt.d.w ft0, sp
core   0: 1 0x000000008000548e (0xd2010053) f0  0x41c0000000000000
core   0: 0x0000000080005492 (0x3b907cc7) fmsub.d fs9, ft0, fs9, ft7
core   0: 1 0x0000000080005492 (0x3b907cc7) f25 0x7ff8000000000000
core   0: 0x0000000080005496 (0x00257533) and     a0, a0, sp
core   0: 1 0x0000000080005496 (0x00257533) x10 0x0000000000000000
core   0: 0x000000008000549a (0x01436333) or      t1, t1, s4
core   0: 1 0x000000008000549a (0x01436333) x6  0x000000008f5e13eb
core   0: 0x000000008000549e (0x01346bb3) or      s7, s0, s3
core   0: 1 0x000000008000549e (0x01346bb3) x23 0x0000000000000001
core   0: 0x00000000800054a2 (0x02426abb) remw    s5, tp, tp
core   0: 1 0x00000000800054a2 (0x02426abb) x21 0x0000000000000000
core   0: 0x00000000800054a6 (0x7ff47113) andi    sp, s0, 2047
core   0: 1 0x00000000800054a6 (0x7ff47113) x2  0x0000000000000001
core   0: 0x00000000800054aa (0x2bea8ad3) fmin.d  fs5, fs5, ft10
core   0: 1 0x00000000800054aa (0x2bea8ad3) f21 0x7ff8000000000000
core   0: 0x00000000800054ae (0x01ce2a33) slt     s4, t3, t3
core   0: 1 0x00000000800054ae (0x01ce2a33) x20 0x0000000000000000
core   0: 0x00000000800054b2 (0x8005f193) andi    gp, a1, -2048
core   0: 1 0x00000000800054b2 (0x8005f193) x3  0x00000000c055b000
core   0: 0x00000000800054b6 (0x0187dc9b) srliw   s9, a5, 24
core   0: 1 0x00000000800054b6 (0x0187dc9b) x25 0x0000000000000080
core   0: 0x00000000800054ba (0x4003599b) sraiw   s3, t1, 0
core   0: 1 0x00000000800054ba (0x4003599b) x19 0xffffffff8f5e13eb
core   0: 0x00000000800054be (0x033d81b3) mul     gp, s11, s3
core   0: 1 0x00000000800054be (0x033d81b3) x3  0x0000000000000000
core   0: 0x00000000800054c2 (0x416654bb) sraw    s1, a2, s6
core   0: 1 0x00000000800054c2 (0x416654bb) x9  0x0000000000000000
core   0: 0x00000000800054c6 (0x411b043b) subw    s0, s6, a7
core   0: 1 0x00000000800054c6 (0x411b043b) x8  0xffffffffffffffff
core   0: 0x00000000800054ca (0xd2317cd3) fcvt.d.lu fs9, sp
core   0: 1 0x00000000800054ca (0xd2317cd3) f25 0x3ff0000000000000
core   0: 0x00000000800054ce (0x2a738653) fmin.d  fa2, ft7, ft7
core   0: 1 0x00000000800054ce (0x2a738653) f12 0x7ff8000000000000
core   0: 0x00000000800054d2 (0x00000001) c.nop
core   0: 1 0x00000000800054d2 (0x0001)
core   0: 0x00000000800054d4 (0xfff7801b) addiw   zero, a5, -1
core   0: 1 0x00000000800054d4 (0xfff7801b)
core   0: 0x00000000800054d8 (0xa28989d3) fle.d   s3, fs3, fs0
core   0: 1 0x00000000800054d8 (0xa28989d3) c1_fflags 0x0000000000000014 x19 0x0000000000000000
core   0: 0x00000000800054dc (0x00fa5993) srli    s3, s4, 15
core   0: 1 0x00000000800054dc (0x00fa5993) x19 0x0000000000000000
core   0: 0x00000000800054e0 (0xc020fcd3) fcvt.l.s s9, ft1
core   0: 1 0x00000000800054e0 (0xc020fcd3) c1_fflags 0x0000000000000014 x25 0x7fffffffffffffff
core   0: 0x00000000800054e4 (0x03dd5ebb) divuw   t4, s10, t4
core   0: 1 0x00000000800054e4 (0x03dd5ebb) x29 0x0000000000000000
core   0: 0x00000000800054e8 (0x001c8433) add     s0, s9, ra
core   0: 1 0x00000000800054e8 (0x001c8433) x8  0x8000000080004013
core   0: 0x00000000800054ec (0xc215f653) fcvt.wu.d a2, fa1
core   0: 1 0x00000000800054ec (0xc215f653) c1_fflags 0x0000000000000014 x12 0x0000000000000000
core   0: 0x00000000800054f0 (0xd2387b53) fcvt.d.lu fs6, a6
core   0: 1 0x00000000800054f0 (0xd2387b53) f22 0x402e000000000000
core   0: 0x00000000800054f4 (0x00878733) add     a4, a5, s0
core   0: 1 0x00000000800054f4 (0x00878733) x14 0x8000000100009461
core   0: 0x00000000800054f8 (0x00175893) srli    a7, a4, 1
core   0: 1 0x00000000800054f8 (0x00175893) x17 0x4000000080004a30
core   0: 0x00000000800054fc (0x00009b6e) c.add   s6, s11
core   0: 1 0x00000000800054fc (0x9b6e) x22 0x7fffffffffffffff
core   0: 0x00000000800054fe (0xc216fc53) fcvt.wu.d s8, fa3
core   0: 1 0x00000000800054fe (0xc216fc53) c1_fflags 0x0000000000000014 x24 0xffffffffffffffff
core   0: 0x0000000080005502 (0xc22070d3) fcvt.l.d ra, ft0
core   0: 1 0x0000000080005502 (0xc22070d3) x1  0x0000000020000000
core   0: 0x0000000080005506 (0x7ff9fe13) andi    t3, s3, 2047
core   0: 1 0x0000000080005506 (0x7ff9fe13) x28 0x0000000000000000
core   0: 0x000000008000550a (0x0196cbb3) xor     s7, a3, s9
core   0: 1 0x000000008000550a (0x0196cbb3) x23 0x7fffffffffffffe0
core   0: 0x000000008000550e (0x03872433) mulhsu  s0, a4, s8
core   0: 1 0x000000008000550e (0x03872433) x8  0x8000000100009461
core   0: 0x0000000080005512 (0x01a823b3) slt     t2, a6, s10
core   0: 1 0x0000000080005512 (0x01a823b3) x7  0x0000000000000000
core   0: 0x0000000080005516 (0x0226db33) divu    s6, a3, sp
core   0: 1 0x0000000080005516 (0x0226db33) x22 0x000000000000001f
core   0: 0x000000008000551a (0x002c9133) sll     sp, s9, sp
core   0: 1 0x000000008000551a (0x002c9133) x2  0xfffffffffffffffe
core   0: 0x000000008000551e (0x131bf0cb) fnmsub.d ft1, fs7, fa7, ft2
core   0: 1 0x000000008000551e (0x131bf0cb) f1  0x7ff8000000000000
core   0: 0x0000000080005522 (0x0005d73b) srlw    a4, a1, zero
core   0: 1 0x0000000080005522 (0x0005d73b) x14 0xffffffffc055b273
core   0: 0x0000000080005526 (0x013a053b) addw    a0, s4, s3
core   0: 1 0x0000000080005526 (0x013a053b) x10 0x0000000000000000
core   0: 0x000000008000552a (0x03395d3b) divuw   s10, s2, s3
core   0: 1 0x000000008000552a (0x03395d3b) x26 0xffffffffffffffff
core   0: 0x000000008000552e (0x227097d3) fsgnjn.d fa5, ft1, ft7
core   0: 1 0x000000008000552e (0x227097d3) f15 0xfff8000000000000
core   0: 0x0000000080005532 (0x0210ffd3) fadd.d  ft11, ft1, ft1
core   0: 1 0x0000000080005532 (0x0210ffd3) f31 0x7ff8000000000000
core   0: 0x0000000080005536 (0xd03d7353) fcvt.s.lu ft6, s10
core   0: 1 0x0000000080005536 (0xd03d7353) c1_fflags 0x0000000000000015 f6  0xffffffff5f800000
core   0: 0x000000008000553a (0x560e069b) addiw   a3, t3, 1376
core   0: 1 0x000000008000553a (0x560e069b) x13 0x0000000000000560
core   0: 0x000000008000553e (0x401570d3) fcvt.s.d ft1, fa0
core   0: 1 0x000000008000553e (0x401570d3) c1_fflags 0x0000000000000015 f1  0xffffffff4f000053
core   0: 0x0000000080005542 (0x002462b3) or      t0, s0, sp
core   0: 1 0x0000000080005542 (0x002462b3) x5  0xffffffffffffffff
core   0: 0x0000000080005546 (0xc22ff753) fcvt.l.d a4, ft11
core   0: 1 0x0000000080005546 (0xc22ff753) c1_fflags 0x0000000000000015 x14 0x7fffffffffffffff
core   0: 0x000000008000554a (0xc21372d3) fcvt.wu.d t0, ft6
core   0: 1 0x000000008000554a (0xc21372d3) c1_fflags 0x0000000000000015 x5  0xffffffffffffffff
core   0: 0x000000008000554e (0x025b5633) divu    a2, s6, t0
core   0: 1 0x000000008000554e (0x025b5633) x12 0x0000000000000000
core   0: 0x0000000080005552 (0x018080bb) addw    ra, ra, s8
core   0: 1 0x0000000080005552 (0x018080bb) x1  0x000000001fffffff
core   0: 0x0000000080005556 (0x01b3c333) xor     t1, t2, s11
core   0: 1 0x0000000080005556 (0x01b3c333) x6  0x0000000000000000
core   0: 0x000000008000555a (0x43425613) srai    a2, tp, 52
core   0: 1 0x000000008000555a (0x43425613) x12 0x0000000000000000
core   0: 0x000000008000555e (0x5a0a7653) fsqrt.d fa2, fs4
core   0: 1 0x000000008000555e (0x5a0a7653) c1_fflags 0x0000000000000015 f12 0x7ff8000000000000
core   0: 0x0000000080005562 (0x40d8d89b) sraiw   a7, a7, 13
core   0: 1 0x0000000080005562 (0x40d8d89b) x17 0xfffffffffffc0002
core   0: 0x0000000080005566 (0x10999b97) auipc   s7, 0x10999
core   0: 1 0x0000000080005566 (0x10999b97) x23 0x000000009099e566
core   0: 0x000000008000556a (0xc254f5cb) fnmsub.d fa1, fs1, ft5, fs8
core   0: 1 0x000000008000556a (0xc254f5cb) f11 0x7ff8000000000000
core   0: 0x000000008000556e (0x400bd593) srai    a1, s7, 0
core   0: 1 0x000000008000556e (0x400bd593) x11 0x000000009099e566
core   0: 0x0000000080005572 (0x02c5bdb3) mulhu   s11, a1, a2
core   0: 1 0x0000000080005572 (0x02c5bdb3) x27 0x0000000000000000
core   0: 0x0000000080005576 (0x000b5693) srli    a3, s6, 0
core   0: 1 0x0000000080005576 (0x000b5693) x13 0x000000000000001f
core   0: 0x000000008000557a (0x403d813b) subw    sp, s11, gp
core   0: 1 0x000000008000557a (0x403d813b) x2  0x0000000000000000
core   0: 0x000000008000557e (0x0ae5f953) fsub.d  fs2, fa1, fa4
core   0: 1 0x000000008000557e (0x0ae5f953) f18 0x7ff8000000000000
core   0: 0x0000000080005582 (0x002399f3) csrrw   s3, frm, t2
core   0: 1 0x0000000080005582 (0x002399f3) x19 0x0000000000000000 c2_frm 0x0000000000000000
core   0: 0x0000000080005586 (0x00eb141b) slliw   s0, s6, 14
core   0: 1 0x0000000080005586 (0x00eb141b) x8  0x000000000007c000
core   0: 0x000000008000558a (0xcbc14917) auipc   s2, 0xcbc14
core   0: 1 0x000000008000558a (0xcbc14917) x18 0x000000004bc1958a
core   0: 0x000000008000558e (0x1ee6809b) addiw   ra, a3, 494
core   0: 1 0x000000008000558e (0x1ee6809b) x1  0x000000000000020d
core   0: 0x0000000080005592 (0x00008d6a) c.mv    s10, s10
core   0: 1 0x0000000080005592 (0x8d6a) x26 0xffffffffffffffff
core   0: 0x0000000080005594 (0xa41d0937) lui     s2, 0xa41d0
core   0: 1 0x0000000080005594 (0xa41d0937) x18 0xffffffffa41d0000
core   0: 0x0000000080005598 (0x012d2b33) slt     s6, s10, s2
core   0: 1 0x0000000080005598 (0x012d2b33) x22 0x0000000000000000
core   0: 0x000000008000559c (0x01d3081b) addiw   a6, t1, 29
core   0: 1 0x000000008000559c (0x01d3081b) x16 0x000000000000001d
core   0: 0x00000000800055a0 (0x03685dbb) divuw   s11, a6, s6
core   0: 1 0x00000000800055a0 (0x03685dbb) x27 0xffffffffffffffff
core   0: 0x00000000800055a4 (0x9852ab97) auipc   s7, 0x9852a
core   0: 1 0x00000000800055a4 (0x9852ab97) x23 0x000000001852f5a4
core   0: 0x00000000800055a8 (0x001d179b) slliw   a5, s10, 1
core   0: 1 0x00000000800055a8 (0x001d179b) x15 0xfffffffffffffffe
core   0: 0x00000000800055ac (0x2a1a0753) fmin.d  fa4, fs4, ft1
core   0: 1 0x00000000800055ac (0x2a1a0753) f14 0xbff0000000000000
core   0: 0x00000000800055b0 (0xd02bf9d3) fcvt.s.l fs3, s7
core   0: 1 0x00000000800055b0 (0xd02bf9d3) c1_fflags 0x0000000000000015 f19 0xffffffff4dc297ad
core   0: 0x00000000800055b4 (0x8c160613) addi    a2, a2, -1855
core   0: 1 0x00000000800055b4 (0x8c160613) x12 0xfffffffffffff8c1
core   0: 0x00000000800055b8 (0x01d25233) srl     tp, tp, t4
core   0: 1 0x00000000800055b8 (0x01d25233) x4  0x000000008f5e1382
core   0: 0x00000000800055bc (0x0045e2b3) or      t0, a1, tp
core   0: 1 0x00000000800055bc (0x0045e2b3) x5  0x000000009fdff7e6
core   0: 0x00000000800055c0 (0x0212653b) remw    a0, tp, ra
core   0: 1 0x00000000800055c0 (0x0212653b) x10 0xffffffffffffff1a
core   0: 0x00000000800055c4 (0x38a57793) andi    a5, a0, 906
core   0: 1 0x00000000800055c4 (0x38a57793) x15 0x000000000000030a
core   0: 0x00000000800055c8 (0x02f065bb) remw    a1, zero, a5
core   0: 1 0x00000000800055c8 (0x02f065bb) x11 0x0000000000000000
core   0: 0x00000000800055cc (0x401e74d3) fcvt.s.d fs1, ft8
core   0: 1 0x00000000800055cc (0x401e74d3) f9  0xffffffff7fc00000
core   0: 0x00000000800055d0 (0x0105579b) srliw   a5, a0, 16
core   0: 1 0x00000000800055d0 (0x0105579b) x15 0x000000000000ffff
core   0: 0x00000000800055d4 (0x40f051bb) sraw    gp, zero, a5
core   0: 1 0x00000000800055d4 (0x40f051bb) x3  0x0000000000000000
core   0: 0x00000000800055d8 (0x3434ba73) csrrc   s4, mtval, s1
core   0: exception trap_illegal_instruction, epc 0x00000000800055d8
core   0:           tval 0x000000003434ba73
core   0: >>>>  $xrv64i2p1_m2p0_a2p1_f2p2_d2p2_zicsr2p0_zifencei2p0_zmmul1p0_zba1p0_zbb1p0_zbc1p0_zbs1p0
core   0: 0x0000000080004000 (0x0080006f) j       pc + 0x8
core   0: 3 0x0000000080004000 (0x0080006f)
core   0: >>>>  mmode_exception_handler
core   0: 0x0000000080004008 (0x00002c17) auipc   s8, 0x2
core   0: 3 0x0000000080004008 (0x00002c17) x24 0x0000000080006008
core   0: 0x000000008000400c (0x03ec0c13) addi    s8, s8, 62
core   0: 3 0x000000008000400c (0x03ec0c13) x24 0x0000000080006046
core   0: 0x0000000080004010 (0x000c00e7) jalr    s8
core   0: 3 0x0000000080004010 (0x000c00e7) x1  0x0000000080004014
core   0: >>>>  any_handler
core   0: 0x0000000080006046 (0x341027f3) csrrs   a5, mepc, zero
core   0: 3 0x0000000080006046 (0x341027f3) x15 0x00000000800055d8
core   0: 0x000000008000604a (0x34202773) csrrs   a4, mcause, zero
core   0: 3 0x000000008000604a (0x34202773) x14 0x0000000000000002
core   0: 0x000000008000604e (0x142026f3) csrrs   a3, scause, zero
core   0: 3 0x000000008000604e (0x142026f3) x13 0x000000000000001f
core   0: 0x0000000080006052 (0x30402673) csrrs   a2, mie, zero
core   0: 3 0x0000000080006052 (0x30402673) x12 0x0000000000000a00
core   0: 0x0000000080006056 (0x344025f3) csrrs   a1, mip, zero
core   0: 3 0x0000000080006056 (0x344025f3) x11 0x0000000000000080
core   0: 0x000000008000605a (0x343025f3) csrrs   a1, mtval, zero
core   0: 3 0x000000008000605a (0x343025f3) x11 0x000000003434ba73
core   0: 0x000000008000605e (0x14302573) csrrs   a0, stval, zero
core   0: 3 0x000000008000605e (0x14302573) x10 0x0000000000000000
core   0: 0x0000000080006062 (0xb02024f3) csrrs   s1, minstret, zero
core   0: 3 0x0000000080006062 (0xb02024f3) x9  0x0000000000000fcf
core   0: 0x0000000080006066 (0x0000a811) c.j     pc + 20
core   0: 3 0x0000000080006066 (0xa811)
core   0: >>>>  mepc_4
core   0: 0x000000008000607a (0x00000791) c.addi  a5, 4
core   0: 3 0x000000008000607a (0x0791) x15 0x00000000800055dc
core   0: 0x000000008000607c (0x34179073) csrrw   zero, mepc, a5
core   0: 3 0x000000008000607c (0x34179073) c833_mepc 0x00000000800055dc
core   0: 0x0000000080006080 (0x30200073) mret
core   0: 3 0x0000000080006080 (0x30200073) c768_mstatus 0x8000000a001c61a2
core   0: 0x00000000800055dc (0x00fda133) slt     sp, s11, a5
core   0: 1 0x00000000800055dc (0x00fda133) x2  0x0000000000000001
core   0: 0x00000000800055e0 (0x016598bb) sllw    a7, a1, s6
core   0: 1 0x00000000800055e0 (0x016598bb) x17 0x000000003434ba73
core   0: 0x00000000800055e4 (0xd028f253) fcvt.s.l ft4, a7
core   0: 1 0x00000000800055e4 (0xd028f253) c1_fflags 0x0000000000000015 f4  0xffffffff4e50d2ea
core   0: 0x00000000800055e8 (0xd20d8753) fcvt.d.w fa4, s11
core   0: 1 0x00000000800055e8 (0xd20d8753) f14 0xbff0000000000000
core   0: 0x00000000800055ec (0x5a0c7bd3) fsqrt.d fs7, fs8
core   0: 1 0x00000000800055ec (0x5a0c7bd3) f23 0x7ff8000000000000
core   0: 0x00000000800055f0 (0x011896bb) sllw    a3, a7, a7
core   0: 1 0x00000000800055f0 (0x011896bb) x13 0xffffffffd3980000
core   0: 0x00000000800055f4 (0x0228b9b3) mulhu   s3, a7, sp
core   0: 1 0x00000000800055f4 (0x0228b9b3) x19 0x0000000000000000
core   0: 0x00000000800055f8 (0x0ac679d3) fsub.d  fs3, fa2, fa2
core   0: 1 0x00000000800055f8 (0x0ac679d3) f19 0x7ff8000000000000
core   0: 0x00000000800055fc (0x001297b3) sll     a5, t0, ra
core   0: 1 0x00000000800055fc (0x001297b3) x15 0x0009fdff7e600000
core   0: 0x0000000080005600 (0x0bd57553) fsub.d  fa0, fa0, ft9
core   0: 1 0x0000000080005600 (0x0bd57553) c1_fflags 0x0000000000000015 f10 0x41e0000a5bc00000
core   0: 0x0000000080005604 (0xee194ab7) lui     s5, 0xee194
core   0: 1 0x0000000080005604 (0xee194ab7) x21 0xffffffffee194000
core   0: 0x0000000080005608 (0x00000506) c.slli  a0, 1
core   0: 1 0x0000000080005608 (0x0506) x10 0x0000000000000000
core   0: 0x000000008000560a (0xd03974d3) fcvt.s.lu fs1, s2
core   0: 1 0x000000008000560a (0xd03974d3) c1_fflags 0x0000000000000015 f9  0xffffffff5f800000
core   0: 0x000000008000560e (0x23f32253) fsgnjx.d ft4, ft6, ft11
core   0: 1 0x000000008000560e (0x23f32253) f4  0xffffffff5f800000
core   0: 0x0000000080005612 (0x40ea8cbb) subw    s9, s5, a4
core   0: 1 0x0000000080005612 (0x40ea8cbb) x25 0xffffffffee193ffe
core   0: 0x0000000080005616 (0x0ff0000f) fence   iorw,iorw
core   0: 1 0x0000000080005616 (0x0ff0000f)
core   0: 0x000000008000561a (0x224e0e53) fsgnj.d ft8, ft8, ft4
core   0: 1 0x000000008000561a (0x224e0e53) f28 0xfff8000000000000
core   0: 0x000000008000561e (0x227193d3) fsgnjn.d ft7, ft3, ft7
core   0: 1 0x000000008000561e (0x227193d3) f7  0x8000000000000000
core   0: 0x0000000080005622 (0x01f7189b) slliw   a7, a4, 31
core   0: 1 0x0000000080005622 (0x01f7189b) x17 0x0000000000000000
core   0: 0x0000000080005626 (0xd21c85d3) fcvt.d.wu fa1, s9
core   0: 1 0x0000000080005626 (0xd21c85d3) f11 0x41edc327ffc00000
core   0: 0x000000008000562a (0x7b006873) csrrsi  a6, dcsr, 0
core   0: exception trap_illegal_instruction, epc 0x000000008000562a
core   0:           tval 0x000000007b006873
core   0: >>>>  $xrv64i2p1_m2p0_a2p1_f2p2_d2p2_zicsr2p0_zifencei2p0_zmmul1p0_zba1p0_zbb1p0_zbc1p0_zbs1p0
core   0: 0x0000000080004000 (0x0080006f) j       pc + 0x8
core   0: 3 0x0000000080004000 (0x0080006f)
core   0: >>>>  mmode_exception_handler
core   0: 0x0000000080004008 (0x00002c17) auipc   s8, 0x2
core   0: 3 0x0000000080004008 (0x00002c17) x24 0x0000000080006008
core   0: 0x000000008000400c (0x03ec0c13) addi    s8, s8, 62
core   0: 3 0x000000008000400c (0x03ec0c13) x24 0x0000000080006046
core   0: 0x0000000080004010 (0x000c00e7) jalr    s8
core   0: 3 0x0000000080004010 (0x000c00e7) x1  0x0000000080004014
core   0: >>>>  any_handler
core   0: 0x0000000080006046 (0x341027f3) csrrs   a5, mepc, zero
core   0: 3 0x0000000080006046 (0x341027f3) x15 0x000000008000562a
core   0: 0x000000008000604a (0x34202773) csrrs   a4, mcause, zero
core   0: 3 0x000000008000604a (0x34202773) x14 0x0000000000000002
core   0: 0x000000008000604e (0x142026f3) csrrs   a3, scause, zero
core   0: 3 0x000000008000604e (0x142026f3) x13 0x000000000000001f
core   0: 0x0000000080006052 (0x30402673) csrrs   a2, mie, zero
core   0: 3 0x0000000080006052 (0x30402673) x12 0x0000000000000a00
core   0: 0x0000000080006056 (0x344025f3) csrrs   a1, mip, zero
core   0: 3 0x0000000080006056 (0x344025f3) x11 0x0000000000000080
core   0: 0x000000008000605a (0x343025f3) csrrs   a1, mtval, zero
core   0: 3 0x000000008000605a (0x343025f3) x11 0x000000007b006873
core   0: 0x000000008000605e (0x14302573) csrrs   a0, stval, zero
core   0: 3 0x000000008000605e (0x14302573) x10 0x0000000000000000
core   0: 0x0000000080006062 (0xb02024f3) csrrs   s1, minstret, zero
core   0: 3 0x0000000080006062 (0xb02024f3) x9  0x0000000000000ff3
core   0: 0x0000000080006066 (0x0000a811) c.j     pc + 20
core   0: 3 0x0000000080006066 (0xa811)
core   0: >>>>  mepc_4
core   0: 0x000000008000607a (0x00000791) c.addi  a5, 4
core   0: 3 0x000000008000607a (0x0791) x15 0x000000008000562e
core   0: 0x000000008000607c (0x34179073) csrrw   zero, mepc, a5
core   0: 3 0x000000008000607c (0x34179073) c833_mepc 0x000000008000562e
core   0: 0x0000000080006080 (0x30200073) mret
core   0: 3 0x0000000080006080 (0x30200073) c768_mstatus 0x8000000a001c61a2
core   0: 0x000000008000562e (0x122e79d3) fmul.d  fs3, ft8, ft2
core   0: 1 0x000000008000562e (0x122e79d3) f19 0x7ff8000000000000
core   0: 0x0000000080005632 (0x009187bb) addw    a5, gp, s1
core   0: 1 0x0000000080005632 (0x009187bb) x15 0x0000000000000ff3
core   0: 0x0000000080005636 (0x0019e093) ori     ra, s3, 1
core   0: 1 0x0000000080005636 (0x0019e093) x1  0x0000000000000001
core   0: 0x000000008000563a (0xd2198a53) fcvt.d.wu fs4, s3
core   0: 1 0x000000008000563a (0xd2198a53) f20 0x0000000000000000
core   0: 0x000000008000563e (0x417ed8bb) sraw    a7, t4, s7
core   0: 1 0x000000008000563e (0x417ed8bb) x17 0x0000000000000000
core   0: 0x0000000080005642 (0xc037f0d3) fcvt.lu.s ra, fa5
core   0: 1 0x0000000080005642 (0xc037f0d3) c1_fflags 0x0000000000000015 x1  0xffffffffffffffff
core   0: 0x0000000080005646 (0x000c883b) addw    a6, s9, zero
core   0: 1 0x0000000080005646 (0x000c883b) x16 0xffffffffee193ffe
core   0: 0x000000008000564a (0x00202e73) csrrs   t3, frm, zero
core   0: 1 0x000000008000564a (0x00202e73) x28 0x0000000000000000
core   0: 0x000000008000564e (0x000a14b3) sll     s1, s4, zero
core   0: 1 0x000000008000564e (0x000a14b3) x9  0x0000000000000000
core   0: 0x0000000080005652 (0x002026f3) csrrs   a3, frm, zero
core   0: 1 0x0000000080005652 (0x002026f3) x13 0x0000000000000000
core   0: 0x0000000080005656 (0x4184dd1b) sraiw   s10, s1, 24
core   0: 1 0x0000000080005656 (0x4184dd1b) x26 0x0000000000000000
core   0: 0x000000008000565a (0x234e8e53) fsgnj.d ft8, ft9, fs4
core   0: 1 0x000000008000565a (0x234e8e53) f28 0x0000000048000013
core   0: 0x000000008000565e (0x2267f413) andi    s0, a5, 550
core   0: 1 0x000000008000565e (0x2267f413) x8  0x0000000000000222
core   0: 0x0000000080005662 (0x000017d2) c.slli  a5, 52
core   0: 1 0x0000000080005662 (0x17d2) x15 0xff30000000000000
core   0: 0x0000000080005664 (0x00000001) c.nop
core   0: 1 0x0000000080005664 (0x0001)
core   0: 0x0000000080005666 (0x4004509b) sraiw   ra, s0, 0
core   0: 1 0x0000000080005666 (0x4004509b) x1  0x0000000000000222
core   0: 0x000000008000566a (0x40eedb9b) sraiw   s7, t4, 14
core   0: 1 0x000000008000566a (0x40eedb9b) x23 0x0000000000000000
core   0: 0x000000008000566e (0x002592f3) csrrw   t0, frm, a1
core   0: 1 0x000000008000566e (0x002592f3) x5  0x0000000000000000 c2_frm 0x0000000000000003
core   0: 0x0000000080005672 (0xfb20f94f) fnmadd.d fs2, ft1, fs2, ft11
core   0: 1 0x0000000080005672 (0xfb20f94f) f18 0x7ff8000000000000
core   0: 0x0000000080005676 (0x02247b3b) remuw   s6, s0, sp
core   0: 1 0x0000000080005676 (0x02247b3b) x22 0x0000000000000000
core   0: 0x000000008000567a (0x00d414b3) sll     s1, s0, a3
core   0: 1 0x000000008000567a (0x00d414b3) x9  0x0000000000000222
core   0: 0x000000008000567e (0xe362fd43) fmadd.d fs10, ft5, fs6, ft8
core   0: 1 0x000000008000567e (0xe362fd43) f26 0x7ff8000000000000
core   0: 0x0000000080005682 (0x80027513) andi    a0, tp, -2048
core   0: 1 0x0000000080005682 (0x80027513) x10 0x000000008f5e1000
core   0: 0x0000000080005686 (0x00670433) add     s0, a4, t1
core   0: 1 0x0000000080005686 (0x00670433) x8  0x0000000000000002
core   0: 0x000000008000568a (0x41645b3b) sraw    s6, s0, s6
core   0: 1 0x000000008000568a (0x41645b3b) x22 0x0000000000000002
core   0: 0x000000008000568e (0x0038a1b3) slt     gp, a7, gp
core   0: 1 0x000000008000568e (0x0038a1b3) x3  0x0000000000000000
core   0: 0x0000000080005692 (0x011292bb) sllw    t0, t0, a7
core   0: 1 0x0000000080005692 (0x011292bb) x5  0x0000000000000000
core   0: 0x0000000080005696 (0x00504033) xor     zero, zero, t0
core   0: 1 0x0000000080005696 (0x00504033)
core   0: 0x000000008000569a (0x022778b3) remu    a7, a4, sp
core   0: 1 0x000000008000569a (0x022778b3) x17 0x0000000000000000
core   0: 0x000000008000569e (0xd20682d3) fcvt.d.w ft5, a3
core   0: 1 0x000000008000569e (0xd20682d3) f5  0x0000000000000000
core   0: 0x00000000800056a2 (0x0af7fad3) fsub.d  fs5, fa5, fa5
core   0: 1 0x00000000800056a2 (0x0af7fad3) f21 0x7ff8000000000000
core   0: 0x00000000800056a6 (0x42088a53) fcvt.d.s fs4, fa7
core   0: 1 0x00000000800056a6 (0x42088a53) f20 0x7ff8000000000000
core   0: 0x00000000800056aa (0x00202773) csrrs   a4, frm, zero
core   0: 1 0x00000000800056aa (0x00202773) x14 0x0000000000000003
core   0: 0x00000000800056ae (0x40665c13) srai    s8, a2, 6
core   0: 1 0x00000000800056ae (0x40665c13) x24 0x0000000000000028
core   0: 0x00000000800056b2 (0x1b42f353) fdiv.d  ft6, ft5, fs4
core   0: 1 0x00000000800056b2 (0x1b42f353) f6  0x7ff8000000000000
core   0: 0x00000000800056b6 (0x223420d3) fsgnjx.d ft1, fs0, ft3
core   0: 1 0x00000000800056b6 (0x223420d3) f1  0x7ff8000000000000
core   0: 0x00000000800056ba (0x2372a053) fsgnjx.d ft0, ft5, fs7
core   0: 1 0x00000000800056ba (0x2372a053) f0  0x0000000000000000
core   0: 0x00000000800056be (0xd21c0453) fcvt.d.wu fs0, s8
core   0: 1 0x00000000800056be (0xd21c0453) f8  0x4044000000000000
core   0: 0x00000000800056c2 (0x407e80bb) subw    ra, t4, t2
core   0: 1 0x00000000800056c2 (0x407e80bb) x1  0x0000000000000000
core   0: 0x00000000800056c6 (0x0001f7b3) and     a5, gp, zero
core   0: 1 0x00000000800056c6 (0x0001f7b3) x15 0x0000000000000000
core   0: 0x00000000800056ca (0xd2277753) fcvt.d.l fa4, a4
core   0: 1 0x00000000800056ca (0xd2277753) f14 0x4008000000000000
core   0: 0x00000000800056ce (0x00008952) c.mv    s2, s4
core   0: 1 0x00000000800056ce (0x8952) x18 0x0000000000000000
core   0: 0x00000000800056d0 (0xe0ea2097) auipc   ra, 0xe0ea2
core   0: 1 0x00000000800056d0 (0xe0ea2097) x1  0x0000000060ea76d0
core   0: 0x00000000800056d4 (0x0000d793) srli    a5, ra, 0
core   0: 1 0x00000000800056d4 (0x0000d793) x15 0x0000000060ea76d0
core   0: 0x00000000800056d8 (0x1a7573d3) fdiv.d  ft7, fa0, ft7
core   0: 1 0x00000000800056d8 (0x1a7573d3) c1_fflags 0x000000000000001d f7  0xfff0000000000000
core   0: 0x00000000800056dc (0xfff3c393) not     t2, t2
core   0: 1 0x00000000800056dc (0xfff3c393) x7  0xffffffffffffffff
core   0: 0x00000000800056e0 (0x03dcfa3b) remuw   s4, s9, t4
core   0: 1 0x00000000800056e0 (0x03dcfa3b) x20 0xffffffffee193ffe
core   0: 0x00000000800056e4 (0xc023f753) fcvt.l.s a4, ft7
core   0: 1 0x00000000800056e4 (0xc023f753) c1_fflags 0x000000000000001d x14 0x7fffffffffffffff
core   0: 0x00000000800056e8 (0x000ee0b3) or      ra, t4, zero
core   0: 1 0x00000000800056e8 (0x000ee0b3) x1  0x0000000000000000
core   0: 0x00000000800056ec (0xf20c8253) fmv.d.x ft4, s9
core   0: 1 0x00000000800056ec (0xf20c8253) f4  0xffffffffee193ffe
core   0: 0x00000000800056f0 (0x0322dab3) divu    s5, t0, s2
core   0: 1 0x00000000800056f0 (0x0322dab3) x21 0xffffffffffffffff
core   0: 0x00000000800056f4 (0x00105b93) srli    s7, zero, 1
core   0: 1 0x00000000800056f4 (0x00105b93) x23 0x0000000000000000
core   0: 0x00000000800056f8 (0xc0247253) fcvt.l.s tp, fs0
core   0: 1 0x00000000800056f8 (0xc0247253) c1_fflags 0x000000000000001d x4  0x7fffffffffffffff
core   0: 0x00000000800056fc (0xd2307653) fcvt.d.lu fa2, zero
core   0: 1 0x00000000800056fc (0xd2307653) f12 0x0000000000000000
core   0: 0x0000000080005700 (0x00009366) c.add   t1, s9
core   0: 1 0x0000000080005700 (0x9366) x6  0xffffffffee193ffe
core   0: 0x0000000080005702 (0xc027e8f3) csrrsi  a7, instret, 15
core   0: exception trap_illegal_instruction, epc 0x0000000080005702
core   0:           tval 0x00000000c027e8f3
core   0: >>>>  $xrv64i2p1_m2p0_a2p1_f2p2_d2p2_zicsr2p0_zifencei2p0_zmmul1p0_zba1p0_zbb1p0_zbc1p0_zbs1p0
core   0: 0x0000000080004000 (0x0080006f) j       pc + 0x8
core   0: 3 0x0000000080004000 (0x0080006f)
core   0: >>>>  mmode_exception_handler
core   0: 0x0000000080004008 (0x00002c17) auipc   s8, 0x2
core   0: 3 0x0000000080004008 (0x00002c17) x24 0x0000000080006008
core   0: 0x000000008000400c (0x03ec0c13) addi    s8, s8, 62
core   0: 3 0x000000008000400c (0x03ec0c13) x24 0x0000000080006046
core   0: 0x0000000080004010 (0x000c00e7) jalr    s8
core   0: 3 0x0000000080004010 (0x000c00e7) x1  0x0000000080004014
core   0: >>>>  any_handler
core   0: 0x0000000080006046 (0x341027f3) csrrs   a5, mepc, zero
core   0: 3 0x0000000080006046 (0x341027f3) x15 0x0000000080005702
core   0: 0x000000008000604a (0x34202773) csrrs   a4, mcause, zero
core   0: 3 0x000000008000604a (0x34202773) x14 0x0000000000000002
core   0: 0x000000008000604e (0x142026f3) csrrs   a3, scause, zero
core   0: 3 0x000000008000604e (0x142026f3) x13 0x000000000000001f
core   0: 0x0000000080006052 (0x30402673) csrrs   a2, mie, zero
core   0: 3 0x0000000080006052 (0x30402673) x12 0x0000000000000a00
core   0: 0x0000000080006056 (0x344025f3) csrrs   a1, mip, zero
core   0: 3 0x0000000080006056 (0x344025f3) x11 0x0000000000000080
core   0: 0x000000008000605a (0x343025f3) csrrs   a1, mtval, zero
core   0: 3 0x000000008000605a (0x343025f3) x11 0x00000000c027e8f3
core   0: 0x000000008000605e (0x14302573) csrrs   a0, stval, zero
core   0: 3 0x000000008000605e (0x14302573) x10 0x0000000000000000
core   0: 0x0000000080006062 (0xb02024f3) csrrs   s1, minstret, zero
core   0: 3 0x0000000080006062 (0xb02024f3) x9  0x000000000000103a
core   0: 0x0000000080006066 (0x0000a811) c.j     pc + 20
core   0: 3 0x0000000080006066 (0xa811)
core   0: >>>>  mepc_4
core   0: 0x000000008000607a (0x00000791) c.addi  a5, 4
core   0: 3 0x000000008000607a (0x0791) x15 0x0000000080005706
core   0: 0x000000008000607c (0x34179073) csrrw   zero, mepc, a5
core   0: 3 0x000000008000607c (0x34179073) c833_mepc 0x0000000080005706
core   0: 0x0000000080006080 (0x30200073) mret
core   0: 3 0x0000000080006080 (0x30200073) c768_mstatus 0x8000000a001c61a2
core   0: 0x0000000080005706 (0x41bb8633) sub     a2, s7, s11
core   0: 1 0x0000000080005706 (0x41bb8633) x12 0x0000000000000001
core   0: 0x000000008000570a (0x401c55b3) sra     a1, s8, ra
core   0: 1 0x000000008000570a (0x401c55b3) x11 0x0000000000000800
core   0: 0x000000008000570e (0x00b660b3) or      ra, a2, a1
core   0: 1 0x000000008000570e (0x00b660b3) x1  0x0000000000000801
core   0: 0x0000000080005712 (0x01a65033) srl     zero, a2, s10
core   0: 1 0x0000000080005712 (0x01a65033)
core   0: 0x0000000080005716 (0x40065e93) srai    t4, a2, 0
core   0: 1 0x0000000080005716 (0x40065e93) x29 0x0000000000000001
core   0: 0x000000008000571a (0xdaddfdcb) fnmsub.d fs11, fs11, fa3, fs11
core   0: 1 0x000000008000571a (0xdaddfdcb) f27 0x7ff8000000000000
core   0: 0x000000008000571e (0xd028f953) fcvt.s.l fs2, a7
core   0: 1 0x000000008000571e (0xd028f953) f18 0xffffffff00000000
core   0: 0x0000000080005722 (0x000e963b) sllw    a2, t4, zero
core   0: 1 0x0000000080005722 (0x000e963b) x12 0x0000000000000001
core   0: 0x0000000080005726 (0xd2148853) fcvt.d.wu fa6, s1
core   0: 1 0x0000000080005726 (0xd2148853) f16 0x40b03a0000000000
core   0: 0x000000008000572a (0xc2287e53) fcvt.l.d t3, fa6
core   0: 1 0x000000008000572a (0xc2287e53) x28 0x000000000000103a
core   0: 0x000000008000572e (0x00000001) c.nop
core   0: 1 0x000000008000572e (0x0001)
core   0: 0x0000000080005730 (0xf2088153) fmv.d.x ft2, a7
core   0: 1 0x0000000080005730 (0xf2088153) f2  0x0000000000000000
core   0: 0x0000000080005734 (0x03ce35b3) mulhu   a1, t3, t3
core   0: 1 0x0000000080005734 (0x03ce35b3) x11 0x0000000000000000
core   0: 0x0000000080005738 (0xf2020dd3) fmv.d.x fs11, tp
core   0: 1 0x0000000080005738 (0xf2020dd3) f27 0x7fffffffffffffff
core   0: 0x000000008000573c (0x029e42bb) divw    t0, t3, s1
core   0: 1 0x000000008000573c (0x029e42bb) x5  0x0000000000000001
core   0: 0x0000000080005740 (0x0121b133) sltu    sp, gp, s2
core   0: 1 0x0000000080005740 (0x0121b133) x2  0x0000000000000000
core   0: 0x0000000080005744 (0x00000001) c.nop
core   0: 1 0x0000000080005744 (0x0001)
core   0: 0x0000000080005746 (0x416edb3b) sraw    s6, t4, s6
core   0: 1 0x0000000080005746 (0x416edb3b) x22 0x0000000000000000
core   0: 0x000000008000574a (0xc0377653) fcvt.lu.s a2, fa4
core   0: 1 0x000000008000574a (0xc0377653) c1_fflags 0x000000000000001d x12 0xffffffffffffffff
core   0: 0x000000008000574e (0x2be60653) fmin.d  fa2, fa2, ft10
core   0: 1 0x000000008000574e (0x2be60653) f12 0x0000000000000000
core   0: 0x0000000080005752 (0x4102dd33) sra     s10, t0, a6
core   0: 1 0x0000000080005752 (0x4102dd33) x26 0x0000000000000000
core   0: 0x0000000080005756 (0x40175393) srai    t2, a4, 1
core   0: 1 0x0000000080005756 (0x40175393) x7  0x0000000000000001
core   0: 0x000000008000575a (0x01775913) srli    s2, a4, 23
core   0: 1 0x000000008000575a (0x01775913) x18 0x0000000000000000
core   0: 0x000000008000575e (0x412181b3) sub     gp, gp, s2
core   0: 1 0x000000008000575e (0x412181b3) x3  0x0000000000000000
core   0: 0x0000000080005762 (0x0024d713) srli    a4, s1, 2
core   0: 1 0x0000000080005762 (0x0024d713) x14 0x000000000000040e
core   0: 0x0000000080005766 (0x037dcdb3) div     s11, s11, s7
core   0: 1 0x0000000080005766 (0x037dcdb3) x27 0xffffffffffffffff
core   0: 0x000000008000576a (0x2bb118d3) fmax.d  fa7, ft2, fs11
core   0: 1 0x000000008000576a (0x2bb118d3) f17 0x0000000000000000
core   0: 0x000000008000576e (0x018caab3) slt     s5, s9, s8
core   0: 1 0x000000008000576e (0x018caab3) x21 0x0000000000000001
core   0: 0x0000000080005772 (0x1baff253) fdiv.d  ft4, ft11, fs10
core   0: 1 0x0000000080005772 (0x1baff253) f4  0x7ff8000000000000
core   0: 0x0000000080005776 (0xd024fbd3) fcvt.s.l fs7, s1
core   0: 1 0x0000000080005776 (0xd024fbd3) f23 0xffffffff4581d000
core   0: 0x000000008000577a (0x01b17db3) and     s11, sp, s11
core   0: 1 0x000000008000577a (0x01b17db3) x27 0x0000000000000000
core   0: 0x000000008000577e (0x89a38a17) auipc   s4, 0x89a38
core   0: 1 0x000000008000577e (0x89a38a17) x20 0x0000000009a3d77e
core   0: 0x0000000080005782 (0x00102cf3) csrrs   s9, fflags, zero
core   0: 1 0x0000000080005782 (0x00102cf3) x25 0x000000000000001d
core   0: 0x0000000080005786 (0x0010d59b) srliw   a1, ra, 1
core   0: 1 0x0000000080005786 (0x0010d59b) x11 0x0000000000000400
core   0: 0x000000008000578a (0x027e2eb3) mulhsu  t4, t3, t2
core   0: 1 0x000000008000578a (0x027e2eb3) x29 0x0000000000000000
core   0: 0x000000008000578e (0x0ffefc93) andi    s9, t4, 255
core   0: 1 0x000000008000578e (0x0ffefc93) x25 0x0000000000000000
core   0: 0x0000000080005792 (0x01d26b33) or      s6, tp, t4
core   0: 1 0x0000000080005792 (0x01d26b33) x22 0x7fffffffffffffff
core   0: 0x0000000080005796 (0x01925e3b) srlw    t3, tp, s9
core   0: 1 0x0000000080005796 (0x01925e3b) x28 0xffffffffffffffff
core   0: 0x000000008000579a (0x12cf7753) fmul.d  fa4, ft10, fa2
core   0: 1 0x000000008000579a (0x12cf7753) f14 0x7ff8000000000000
core   0: 0x000000008000579e (0x01f1d19b) srliw   gp, gp, 31
core   0: 1 0x000000008000579e (0x01f1d19b) x3  0x0000000000000000
core   0: 0x00000000800057a2 (0x01a6983b) sllw    a6, a3, s10
core   0: 1 0x00000000800057a2 (0x01a6983b) x16 0x000000000000001f
core   0: 0x00000000800057a6 (0x420b8ad3) fcvt.d.s fs5, fs7
core   0: 1 0x00000000800057a6 (0x420b8ad3) f21 0x40b03a0000000000
core   0: 0x00000000800057aa (0x0250d33b) divuw   t1, ra, t0
core   0: 1 0x00000000800057aa (0x0250d33b) x6  0x0000000000000801
core   0: 0x00000000800057ae (0xd2038853) fcvt.d.w fa6, t2
core   0: 1 0x00000000800057ae (0xd2038853) f16 0x3ff0000000000000
core   0: 0x00000000800057b2 (0x40147453) fcvt.s.d fs0, fs0
core   0: 1 0x00000000800057b2 (0x40147453) f8  0xffffffff42200000
core   0: 0x00000000800057b6 (0x01cd5d3b) srlw    s10, s10, t3
core   0: 1 0x00000000800057b6 (0x01cd5d3b) x26 0x0000000000000000
core   0: 0x00000000800057ba (0xfffd011b) addiw   sp, s10, -1
core   0: 1 0x00000000800057ba (0xfffd011b) x2  0xffffffffffffffff
core   0: 0x00000000800057be (0x002e21b3) slt     gp, t3, sp
core   0: 1 0x00000000800057be (0x002e21b3) x3  0x0000000000000000
core   0: 0x00000000800057c2 (0x72847843) fmadd.d fa6, fs0, fs0, fa4
core   0: 1 0x00000000800057c2 (0x72847843) f16 0x7ff8000000000000
core   0: 0x00000000800057c6 (0x41cdde33) sra     t3, s11, t3
core   0: 1 0x00000000800057c6 (0x41cdde33) x28 0x0000000000000000
core   0: 0x00000000800057ca (0x0ff0000f) fence   iorw,iorw
core   0: 1 0x00000000800057ca (0x0ff0000f)
core   0: 0x00000000800057ce (0x4052d833) sra     a6, t0, t0
core   0: 1 0x00000000800057ce (0x4052d833) x16 0x0000000000000000
core   0: 0x00000000800057d2 (0x00a3e9b3) or      s3, t2, a0
core   0: 1 0x00000000800057d2 (0x00a3e9b3) x19 0x0000000000000001
core   0: 0x00000000800057d6 (0xd0357fd3) fcvt.s.lu ft11, a0
core   0: 1 0x00000000800057d6 (0xd0357fd3) f31 0xffffffff00000000
core   0: 0x00000000800057da (0x010edeb3) srl     t4, t4, a6
core   0: 1 0x00000000800057da (0x010edeb3) x29 0x0000000000000000
core   0: 0x00000000800057de (0x00b80db3) add     s11, a6, a1
core   0: 1 0x00000000800057de (0x00b80db3) x27 0x0000000000000400
core   0: 0x00000000800057e2 (0x022663bb) remw    t2, a2, sp
core   0: 1 0x00000000800057e2 (0x022663bb) x7  0x0000000000000000
core   0: 0x00000000800057e6 (0x004318b3) sll     a7, t1, tp
core   0: 1 0x00000000800057e6 (0x004318b3) x17 0x8000000000000000
core   0: 0x00000000800057ea (0xfd611737) lui     a4, 0xfd611
core   0: 1 0x00000000800057ea (0xfd611737) x14 0xfffffffffd611000
core   0: 0x00000000800057ee (0x9ef7071b) addiw   a4, a4, -1553
core   0: 1 0x00000000800057ee (0x9ef7071b) x14 0xfffffffffd6109ef
core   0: 0x00000000800057f2 (0x00000736) c.slli  a4, 13
core   0: 1 0x00000000800057f2 (0x0736) x14 0xffffffac213de000
core   0: 0x00000000800057f4 (0xc4d70713) addi    a4, a4, -947
core   0: 1 0x00000000800057f4 (0xc4d70713) x14 0xffffffac213ddc4d
core   0: 0x00000000800057f8 (0x5a067053) fsqrt.d ft0, fa2
core   0: 1 0x00000000800057f8 (0x5a067053) f0  0x0000000000000000
core   0: 0x00000000800057fc (0x4011f053) fcvt.s.d ft0, ft3
core   0: 1 0x00000000800057fc (0x4011f053) f0  0xffffffff00000000
core   0: 0x0000000080005800 (0xd022fe53) fcvt.s.l ft8, t0
core   0: 1 0x0000000080005800 (0xd022fe53) f28 0xffffffff3f800000
core   0: 0x0000000080005804 (0x03876ab3) rem     s5, a4, s8
core   0: 1 0x0000000080005804 (0x03876ab3) x21 0xffffffffa17ca9f7
core   0: 0x0000000080005808 (0x00102bf3) csrrs   s7, fflags, zero
core   0: 1 0x0000000080005808 (0x00102bf3) x23 0x000000000000001d
core   0: 0x000000008000580c (0x01354c33) xor     s8, a0, s3
core   0: 1 0x000000008000580c (0x01354c33) x24 0x0000000000000001
core   0: 0x0000000080005810 (0xfffdfd93) andi    s11, s11, -1
core   0: 1 0x0000000080005810 (0xfffdfd93) x27 0x0000000000000400
core   0: 0x0000000080005814 (0xa28a0ad3) fle.d   s5, fs4, fs0
core   0: 1 0x0000000080005814 (0xa28a0ad3) c1_fflags 0x000000000000001d x21 0x0000000000000000
core   0: 0x0000000080005818 (0xc2287053) fcvt.l.d zero, fa6
core   0: 1 0x0000000080005818 (0xc2287053) c1_fflags 0x000000000000001d
core   0: 0x000000008000581c (0x021b8abb) mulw    s5, s7, ra
core   0: 1 0x000000008000581c (0x021b8abb) x21 0x000000000000e81d
core   0: 0x0000000080005820 (0x01c61537) lui     a0, 0x1c61
core   0: 1 0x0000000080005820 (0x01c61537) x10 0x0000000001c61000
core   0: 0x0000000080005824 (0x8b15051b) addiw   a0, a0, -1871
core   0: 1 0x0000000080005824 (0x8b15051b) x10 0x0000000001c608b1
core   0: 0x0000000080005828 (0x0000053a) c.slli  a0, 14
core   0: 1 0x0000000080005828 (0x053a) x10 0x00000071822c4000
core   0: 0x000000008000582a (0x6f550513) addi    a0, a0, 1781
core   0: 1 0x000000008000582a (0x6f550513) x10 0x00000071822c46f5
core   0: 0x000000008000582e (0x018d1d3b) sllw    s10, s10, s8
core   0: 1 0x000000008000582e (0x018d1d3b) x26 0x0000000000000000
core   0: 0x0000000080005832 (0x036a1433) mulh    s0, s4, s6
core   0: 1 0x0000000080005832 (0x036a1433) x8  0x0000000004d1ebbe
core   0: 0x0000000080005836 (0x401c5213) srai    tp, s8, 1
core   0: 1 0x0000000080005836 (0x401c5213) x4  0x0000000000000000
core   0: 0x000000008000583a (0x0057111b) slliw   sp, a4, 5
core   0: 1 0x000000008000583a (0x0057111b) x2  0x0000000027bb89a0
core   0: 0x000000008000583e (0x000c149b) slliw   s1, s8, 0
core   0: 1 0x000000008000583e (0x000c149b) x9  0x0000000000000001
core   0: 0x0000000080005842 (0x01b49db3) sll     s11, s1, s11
core   0: 1 0x0000000080005842 (0x01b49db3) x27 0x0000000000000001
core   0: 0x0000000080005846 (0xc2247453) fcvt.l.d s0, fs0
core   0: 1 0x0000000080005846 (0xc2247453) c1_fflags 0x000000000000001d x8  0x7fffffffffffffff
core   0: 0x000000008000584a (0x4067da3b) sraw    s4, a5, t1
core   0: 1 0x000000008000584a (0x4067da3b) x20 0xffffffffc0002b83
core   0: 0x000000008000584e (0x002d9d73) csrrw   s10, frm, s11
core   0: 1 0x000000008000584e (0x002d9d73) x26 0x0000000000000003 c2_frm 0x0000000000000001
core   0: 0x0000000080005852 (0xc03778d3) fcvt.lu.s a7, fa4
core   0: 1 0x0000000080005852 (0xc03778d3) c1_fflags 0x000000000000001d x17 0xffffffffffffffff
core   0: 0x0000000080005856 (0x028dfd4f) fnmadd.d fs10, fs11, fs0, ft0
core   0: 1 0x0000000080005856 (0x028dfd4f) f26 0x7ff8000000000000
core   0: 0x000000008000585a (0x02390bbb) mulw    s7, s2, gp
core   0: 1 0x000000008000585a (0x02390bbb) x23 0x0000000000000000
core   0: 0x000000008000585e (0x001b91f3) csrrw   gp, fflags, s7
core   0: 1 0x000000008000585e (0x001b91f3) x3  0x000000000000001d c1_fflags 0x0000000000000000
core   0: 0x0000000080005862 (0xd03477d3) fcvt.s.lu fa5, s0
core   0: 1 0x0000000080005862 (0xd03477d3) c1_fflags 0x0000000000000001 f15 0xffffffff5effffff
core   0: 0x0000000080005866 (0xa33e06d3) fle.d   a3, ft8, fs3
core   0: 1 0x0000000080005866 (0xa33e06d3) c1_fflags 0x0000000000000011 x13 0x0000000000000000
core   0: 0x000000008000586a (0x41010db3) sub     s11, sp, a6
core   0: 1 0x000000008000586a (0x41010db3) x27 0x0000000027bb89a0
core   0: 0x000000008000586e (0x0074acb3) slt     s9, s1, t2
core   0: 1 0x000000008000586e (0x0074acb3) x25 0x0000000000000000
core   0: 0x0000000080005872 (0x00000001) c.nop
core   0: 1 0x0000000080005872 (0x0001)
core   0: 0x0000000080005874 (0x01fa969b) slliw   a3, s5, 31
core   0: 1 0x0000000080005874 (0x01fa969b) x13 0xffffffff80000000
core   0: 0x0000000080005878 (0x42008fd3) fcvt.d.s ft11, ft1
core   0: 1 0x0000000080005878 (0x42008fd3) f31 0x7ff8000000000000
core   0: 0x000000008000587c (0x02bac3bb) divw    t2, s5, a1
core   0: 1 0x000000008000587c (0x02bac3bb) x7  0x000000000000003a
core   0: 0x0000000080005880 (0x53437743) fmadd.d fa4, ft6, fs4, fa0
core   0: 1 0x0000000080005880 (0x53437743) f14 0x7ff8000000000000
core   0: 0x0000000080005884 (0x026489b3) mul     s3, s1, t1
core   0: 1 0x0000000080005884 (0x026489b3) x19 0x0000000000000801
core   0: 0x0000000080005888 (0x002d99f3) csrrw   s3, frm, s11
core   0: 1 0x0000000080005888 (0x002d99f3) x19 0x0000000000000001 c2_frm 0x0000000000000000
core   0: 0x000000008000588c (0x02868533) mul     a0, a3, s0
core   0: 1 0x000000008000588c (0x02868533) x10 0x0000000080000000
core   0: 0x0000000080005890 (0x40abd2bb) sraw    t0, s7, a0
core   0: 1 0x0000000080005890 (0x40abd2bb) x5  0x0000000000000000
core   0: 0x0000000080005894 (0xd03df853) fcvt.s.lu fa6, s11
core   0: 1 0x0000000080005894 (0xd03df853) c1_fflags 0x0000000000000011 f16 0xffffffff4e1eee26
core   0: 0x0000000080005898 (0x406d0ebb) subw    t4, s10, t1
core   0: 1 0x0000000080005898 (0x406d0ebb) x29 0xfffffffffffff802
core   0: 0x000000008000589c (0x019b53bb) srlw    t2, s6, s9
core   0: 1 0x000000008000589c (0x019b53bb) x7  0xffffffffffffffff
core   0: 0x00000000800058a0 (0x402ad43b) sraw    s0, s5, sp
core   0: 1 0x00000000800058a0 (0x402ad43b) x8  0x000000000000e81d
core   0: 0x00000000800058a4 (0x00102273) csrrs   tp, fflags, zero
core   0: 1 0x00000000800058a4 (0x00102273) x4  0x0000000000000011
core   0: 0x00000000800058a8 (0x01865c13) srli    s8, a2, 24
core   0: 1 0x00000000800058a8 (0x01865c13) x24 0x000000ffffffffff
core   0: 0x00000000800058ac (0x034dda13) srli    s4, s11, 52
core   0: 1 0x00000000800058ac (0x034dda13) x20 0x0000000000000000
core   0: 0x00000000800058b0 (0x41c4523b) sraw    tp, s0, t3
core   0: 1 0x00000000800058b0 (0x41c4523b) x4  0x000000000000e81d
core   0: 0x00000000800058b4 (0xc21df753) fcvt.wu.d a4, fs11
core   0: 1 0x00000000800058b4 (0xc21df753) c1_fflags 0x0000000000000011 x14 0xffffffffffffffff
core   0: 0x00000000800058b8 (0x03933cb3) mulhu   s9, t1, s9
core   0: 1 0x00000000800058b8 (0x03933cb3) x25 0x0000000000000000
core   0: 0x00000000800058bc (0x000bdab3) srl     s5, s7, zero
core   0: 1 0x00000000800058bc (0x000bdab3) x21 0x0000000000000000
core   0: 0x00000000800058c0 (0x0339f3bb) remuw   t2, s3, s3
core   0: 1 0x00000000800058c0 (0x0339f3bb) x7  0x0000000000000000
core   0: 0x00000000800058c4 (0x001edc9b) srliw   s9, t4, 1
core   0: 1 0x00000000800058c4 (0x001edc9b) x25 0x000000007ffffc01
core   0: 0x00000000800058c8 (0x01472d33) slt     s10, a4, s4
core   0: 1 0x00000000800058c8 (0x01472d33) x26 0x0000000000000001
core   0: 0x00000000800058cc (0xd9847417) auipc   s0, 0xd9847
core   0: 1 0x00000000800058cc (0xd9847417) x8  0x000000005984c8cc
core   0: 0x00000000800058d0 (0x01de923b) sllw    tp, t4, t4
core   0: 1 0x00000000800058d0 (0x01de923b) x4  0xffffffffffffe008
core   0: 0x00000000800058d4 (0x2b9e07d3) fmin.d  fa5, ft8, fs9
core   0: 1 0x00000000800058d4 (0x2b9e07d3) f15 0x3ff0000000000000
core   0: 0x00000000800058d8 (0x02b24abb) divw    s5, tp, a1
core   0: 1 0x00000000800058d8 (0x02b24abb) x21 0xfffffffffffffff9
core   0: 0x00000000800058dc (0xd02775d3) fcvt.s.l fa1, a4
core   0: 1 0x00000000800058dc (0xd02775d3) f11 0xffffffffbf800000
core   0: 0x00000000800058e0 (0xb956be93) sltiu   t4, a3, -1131
core   0: 1 0x00000000800058e0 (0xb956be93) x29 0x0000000000000001
core   0: 0x00000000800058e4 (0x026ad0b3) divu    ra, s5, t1
core   0: 1 0x00000000800058e4 (0x026ad0b3) x1  0x001ffc007ff001ff
core   0: 0x00000000800058e8 (0x00202b73) csrrs   s6, frm, zero
core   0: 1 0x00000000800058e8 (0x00202b73) x22 0x0000000000000000
core   0: 0x00000000800058ec (0x00202573) csrrs   a0, frm, zero
core   0: 1 0x00000000800058ec (0x00202573) x10 0x0000000000000000
core   0: 0x00000000800058f0 (0xd034f5d3) fcvt.s.lu fa1, s1
core   0: 1 0x00000000800058f0 (0xd034f5d3) f11 0xffffffff3f800000
core   0: 0x00000000800058f4 (0x0017583b) srlw    a6, a4, ra
core   0: 1 0x00000000800058f4 (0x0017583b) x16 0x0000000000000001
core   0: 0x00000000800058f8 (0xd21d8353) fcvt.d.wu ft6, s11
core   0: 1 0x00000000800058f8 (0xd21d8353) f6  0x41c3ddc4d0000000
core   0: 0x00000000800058fc (0x408458b3) sra     a7, s0, s0
core   0: 1 0x00000000800058fc (0x408458b3) x17 0x000000000005984c
core   0: 0x0000000080005900 (0x030b723b) remuw   tp, s6, a6
core   0: 1 0x0000000080005900 (0x030b723b) x4  0x0000000000000000
core   0: 0x0000000080005904 (0xc2137453) fcvt.wu.d s0, ft6
core   0: 1 0x0000000080005904 (0xc2137453) x8  0x0000000027bb89a0
core   0: 0x0000000080005908 (0x3e385b37) lui     s6, 0x3e385
core   0: 1 0x0000000080005908 (0x3e385b37) x22 0x000000003e385000
core   0: 0x000000008000590c (0x43f95c13) srai    s8, s2, 63
core   0: 1 0x000000008000590c (0x43f95c13) x24 0x0000000000000000
core   0: 0x0000000080005910 (0x00102bf3) csrrs   s7, fflags, zero
core   0: 1 0x0000000080005910 (0x00102bf3) x23 0x0000000000000011
core   0: 0x0000000080005914 (0x014e8bb3) add     s7, t4, s4
core   0: 1 0x0000000080005914 (0x014e8bb3) x23 0x0000000000000001
core   0: 0x0000000080005918 (0x001bd593) srli    a1, s7, 1
core   0: 1 0x0000000080005918 (0x001bd593) x11 0x0000000000000000
core   0: 0x000000008000591c (0x406583bb) subw    t2, a1, t1
core   0: 1 0x000000008000591c (0x406583bb) x7  0xfffffffffffff7ff
core   0: 0x0000000080005920 (0xc211f253) fcvt.wu.d tp, ft3
core   0: 1 0x0000000080005920 (0xc211f253) x4  0x0000000000000000
core   0: 0x0000000080005924 (0x03907233) remu    tp, zero, s9
core   0: 1 0x0000000080005924 (0x03907233) x4  0x0000000000000000
core   0: 0x0000000080005928 (0x0aa5f4d3) fsub.d  fs1, fa1, fa0
core   0: 1 0x0000000080005928 (0x0aa5f4d3) f9  0x7ff8000000000000
core   0: 0x000000008000592c (0x01a8dd3b) srlw    s10, a7, s10
core   0: 1 0x000000008000592c (0x01a8dd3b) x26 0x000000000002cc26
core   0: 0x0000000080005930 (0x8cd70193) addi    gp, a4, -1843
core   0: 1 0x0000000080005930 (0x8cd70193) x3  0xfffffffffffff8cc
core   0: 0x0000000080005934 (0xa27392d3) flt.d   t0, ft7, ft7
core   0: 1 0x0000000080005934 (0xa27392d3) x5  0x0000000000000000
core   0: 0x0000000080005938 (0xd022fad3) fcvt.s.l fs5, t0
core   0: 1 0x0000000080005938 (0xd022fad3) f21 0xffffffff00000000
core   0: 0x000000008000593c (0x03647b33) remu    s6, s0, s6
core   0: 1 0x000000008000593c (0x03647b33) x22 0x0000000027bb89a0
core   0: 0x0000000080005940 (0x0316d6b3) divu    a3, a3, a7
core   0: 1 0x0000000080005940 (0x0316d6b3) x13 0x00002dc1812bd37b
core   0: 0x0000000080005944 (0xa2fa7a43) fmadd.d fs4, fs4, fa5, fs4
core   0: 1 0x0000000080005944 (0xa2fa7a43) f20 0x7ff8000000000000
core   0: 0x0000000080005948 (0x0ff0000f) fence   iorw,iorw
core   0: 1 0x0000000080005948 (0x0ff0000f)
core   0: 0x000000008000594c (0x00bc70b3) and     ra, s8, a1
core   0: 1 0x000000008000594c (0x00bc70b3) x1  0x0000000000000000
core   0: 0x0000000080005950 (0xd225f353) fcvt.d.l ft6, a1
core   0: 1 0x0000000080005950 (0xd225f353) f6  0x0000000000000000
core   0: 0x0000000080005954 (0x0152d63b) srlw    a2, t0, s5
core   0: 1 0x0000000080005954 (0x0152d63b) x12 0x0000000000000000
core   0: 0x0000000080005958 (0xc227f053) fcvt.l.d zero, fa5
core   0: 1 0x0000000080005958 (0xc227f053)
core   0: 0x000000008000595c (0x005ea6b3) slt     a3, t4, t0
core   0: 1 0x000000008000595c (0x005ea6b3) x13 0x0000000000000000
core   0: 0x0000000080005960 (0x031093b3) mulh    t2, ra, a7
core   0: 1 0x0000000080005960 (0x031093b3) x7  0x0000000000000000
core   0: 0x0000000080005964 (0x23eb0b53) fsgnj.d fs6, fs6, ft10
core   0: 1 0x0000000080005964 (0x23eb0b53) f22 0x402e000000000000
core   0: 0x0000000080005968 (0x001ddd9b) srliw   s11, s11, 1
core   0: 1 0x0000000080005968 (0x001ddd9b) x27 0x0000000013ddc4d0
core   0: 0x000000008000596c (0x022620b3) mulhsu  ra, a2, sp
core   0: 1 0x000000008000596c (0x022620b3) x1  0x0000000000000000
core   0: 0x0000000080005970 (0x0ff0000f) fence   iorw,iorw
core   0: 1 0x0000000080005970 (0x0ff0000f)
core   0: 0x0000000080005974 (0x02212933) mulhsu  s2, sp, sp
core   0: 1 0x0000000080005974 (0x02212933) x18 0x0000000000000000
core   0: 0x0000000080005978 (0x402105b3) sub     a1, sp, sp
core   0: 1 0x0000000080005978 (0x402105b3) x11 0x0000000000000000
core   0: 0x000000008000597c (0x63aef193) andi    gp, t4, 1594
core   0: 1 0x000000008000597c (0x63aef193) x3  0x0000000000000000
core   0: 0x0000000080005980 (0x016ce6b3) or      a3, s9, s6
core   0: 1 0x0000000080005980 (0x016ce6b3) x13 0x000000007ffffda1
core   0: 0x0000000080005984 (0x41d9d5bb) sraw    a1, s3, t4
core   0: 1 0x0000000080005984 (0x41d9d5bb) x11 0x0000000000000000
core   0: 0x0000000080005988 (0x00b857bb) srlw    a5, a6, a1
core   0: 1 0x0000000080005988 (0x00b857bb) x15 0x0000000000000001
core   0: 0x000000008000598c (0x03de8033) mul     zero, t4, t4
core   0: 1 0x000000008000598c (0x03de8033)
core   0: 0x0000000080005990 (0x029b5e3b) divuw   t3, s6, s1
core   0: 1 0x0000000080005990 (0x029b5e3b) x28 0x0000000027bb89a0
core   0: 0x0000000080005994 (0x4a3ba317) auipc   t1, 0x4a3ba
core   0: 1 0x0000000080005994 (0x4a3ba317) x6  0x00000000ca3bf994
core   0: 0x0000000080005998 (0x0387d9bb) divuw   s3, a5, s8
core   0: 1 0x0000000080005998 (0x0387d9bb) x19 0xffffffffffffffff
core   0: 0x000000008000599c (0x2ae19b53) fmax.d  fs6, ft3, fa4
core   0: 1 0x000000008000599c (0x2ae19b53) f22 0x0000000000000000
core   0: 0x00000000800059a0 (0xa3da08d3) fle.d   a7, fs4, ft9
core   0: 1 0x00000000800059a0 (0xa3da08d3) c1_fflags 0x0000000000000011 x17 0x0000000000000000
core   0: 0x00000000800059a4 (0xd02e79d3) fcvt.s.l fs3, t3
core   0: 1 0x00000000800059a4 (0xd02e79d3) c1_fflags 0x0000000000000011 f19 0xffffffff4e1eee26
core   0: 0x00000000800059a8 (0x31a18093) addi    ra, gp, 794
core   0: 1 0x00000000800059a8 (0x31a18093) x1  0x000000000000031a
core   0: 0x00000000800059ac (0xe9be0913) addi    s2, t3, -357
core   0: 1 0x00000000800059ac (0xe9be0913) x18 0x0000000027bb883b
core   0: 0x00000000800059b0 (0x005cd29b) srliw   t0, s9, 5
core   0: 1 0x00000000800059b0 (0x005cd29b) x5  0x0000000003ffffe0
core   0: 0x00000000800059b4 (0x00199513) slli    a0, s3, 1
core   0: 1 0x00000000800059b4 (0x00199513) x10 0xfffffffffffffffe
core   0: 0x00000000800059b8 (0x7ff98c1b) addiw   s8, s3, 2047
core   0: 1 0x00000000800059b8 (0x7ff98c1b) x24 0x00000000000007fe
core   0: 0x00000000800059bc (0x01bd6633) or      a2, s10, s11
core   0: 1 0x00000000800059bc (0x01bd6633) x12 0x0000000013dfccf6
core   0: 0x00000000800059c0 (0xfe0a9c37) lui     s8, 0xfe0a9
core   0: 1 0x00000000800059c0 (0xfe0a9c37) x24 0xfffffffffe0a9000
core   0: 0x00000000800059c4 (0xe20f0553) fmv.x.d a0, ft10
core   0: 1 0x00000000800059c4 (0xe20f0553) x10 0x7ff8000000000000
core   0: 0x00000000800059c8 (0x40015a1b) sraiw   s4, sp, 0
core   0: 1 0x00000000800059c8 (0x40015a1b) x20 0x0000000027bb89a0
core   0: 0x00000000800059cc (0x01457933) and     s2, a0, s4
core   0: 1 0x00000000800059cc (0x01457933) x18 0x0000000000000000
core   0: 0x00000000800059d0 (0x02c9c9bb) divw    s3, s3, a2
core   0: 1 0x00000000800059d0 (0x02c9c9bb) x19 0x0000000000000000
core   0: 0x00000000800059d4 (0x40e9d3bb) sraw    t2, s3, a4
core   0: 1 0x00000000800059d4 (0x40e9d3bb) x7  0x0000000000000000
core   0: 0x00000000800059d8 (0xab564613) xori    a2, a2, -1355
core   0: 1 0x00000000800059d8 (0xab564613) x12 0xffffffffec203643
core   0: 0x00000000800059dc (0x1b2b7953) fdiv.d  fs2, fs6, fs2
core   0: 1 0x00000000800059dc (0x1b2b7953) f18 0x7ff8000000000000
core   0: 0x00000000800059e0 (0x408c5c3b) sraw    s8, s8, s0
core   0: 1 0x00000000800059e0 (0x408c5c3b) x24 0xfffffffffe0a9000
core   0: 0x00000000800059e4 (0x0070101b) slliw   zero, zero, 7
core   0: 1 0x00000000800059e4 (0x0070101b)
core   0: 0x00000000800059e8 (0x03d8c1b3) div     gp, a7, t4
core   0: 1 0x00000000800059e8 (0x03d8c1b3) x3  0x0000000000000000
core   0: 0x00000000800059ec (0xe20f82d3) fmv.x.d t0, ft11
core   0: 1 0x00000000800059ec (0xe20f82d3) x5  0x7ff8000000000000
core   0: 0x00000000800059f0 (0x40500b3b) subw    s6, zero, t0
core   0: 1 0x00000000800059f0 (0x40500b3b) x22 0x0000000000000000
core   0: 0x00000000800059f4 (0xd2000dd3) fcvt.d.w fs11, zero
core   0: 1 0x00000000800059f4 (0xd2000dd3) f27 0x0000000000000000
core   0: 0x00000000800059f8 (0xc23dfbd3) fcvt.lu.d s7, fs11
core   0: 1 0x00000000800059f8 (0xc23dfbd3) x23 0x0000000000000000
core   0: 0x00000000800059fc (0x001291f3) csrrw   gp, fflags, t0
core   0: 1 0x00000000800059fc (0x001291f3) x3  0x0000000000000011 c1_fflags 0x0000000000000000
core   0: 0x0000000080005a00 (0x40107453) fcvt.s.d fs0, ft0
core   0: 1 0x0000000080005a00 (0x40107453) f8  0xffffffff7fc00000
core   0: 0x0000000080005a04 (0xc215f753) fcvt.wu.d a4, fa1
core   0: 1 0x0000000080005a04 (0xc215f753) c1_fflags 0x0000000000000010 x14 0xffffffffffffffff
core   0: 0x0000000080005a08 (0x0218ad33) mulhsu  s10, a7, ra
core   0: 1 0x0000000080005a08 (0x0218ad33) x26 0x0000000000000000
core   0: 0x0000000080005a0c (0x00281173) csrrw   sp, frm, a6
core   0: 1 0x0000000080005a0c (0x00281173) x2  0x0000000000000000 c2_frm 0x0000000000000001
core   0: 0x0000000080005a10 (0x2b1a8213) addi    tp, s5, 689
core   0: 1 0x0000000080005a10 (0x2b1a8213) x4  0x00000000000002aa
core   0: 0x0000000080005a14 (0xaeaaeb13) ori     s6, s5, -1302
core   0: 1 0x0000000080005a14 (0xaeaaeb13) x22 0xfffffffffffffffb
core   0: 0x0000000080005a18 (0x12e07753) fmul.d  fa4, ft0, fa4
core   0: 1 0x0000000080005a18 (0x12e07753) f14 0x7ff8000000000000
core   0: 0x0000000080005a1c (0x1b98fdd3) fdiv.d  fs11, fa7, fs9
core   0: 1 0x0000000080005a1c (0x1b98fdd3) f27 0x0000000000000000
core   0: 0x0000000080005a20 (0x4168d8bb) sraw    a7, a7, s6
core   0: 1 0x0000000080005a20 (0x4168d8bb) x17 0x0000000000000000
core   0: 0x0000000080005a24 (0x01c297b3) sll     a5, t0, t3
core   0: 1 0x0000000080005a24 (0x01c297b3) x15 0x0000000000000000
core   0: 0x0000000080005a28 (0x02c7b6b3) mulhu   a3, a5, a2
core   0: 1 0x0000000080005a28 (0x02c7b6b3) x13 0x0000000000000000
core   0: 0x0000000080005a2c (0x001ac433) xor     s0, s5, ra
core   0: 1 0x0000000080005a2c (0x001ac433) x8  0xfffffffffffffce3
core   0: 0x0000000080005a30 (0xf133b173) csrrc   sp, mimpid, t2
core   0: exception trap_illegal_instruction, epc 0x0000000080005a30
core   0:           tval 0x00000000f133b173
core   0: >>>>  $xrv64i2p1_m2p0_a2p1_f2p2_d2p2_zicsr2p0_zifencei2p0_zmmul1p0_zba1p0_zbb1p0_zbc1p0_zbs1p0
core   0: 0x0000000080004000 (0x0080006f) j       pc + 0x8
core   0: 3 0x0000000080004000 (0x0080006f)
core   0: >>>>  mmode_exception_handler
core   0: 0x0000000080004008 (0x00002c17) auipc   s8, 0x2
core   0: 3 0x0000000080004008 (0x00002c17) x24 0x0000000080006008
core   0: 0x000000008000400c (0x03ec0c13) addi    s8, s8, 62
core   0: 3 0x000000008000400c (0x03ec0c13) x24 0x0000000080006046
core   0: 0x0000000080004010 (0x000c00e7) jalr    s8
core   0: 3 0x0000000080004010 (0x000c00e7) x1  0x0000000080004014
core   0: >>>>  any_handler
core   0: 0x0000000080006046 (0x341027f3) csrrs   a5, mepc, zero
core   0: 3 0x0000000080006046 (0x341027f3) x15 0x0000000080005a30
core   0: 0x000000008000604a (0x34202773) csrrs   a4, mcause, zero
core   0: 3 0x000000008000604a (0x34202773) x14 0x0000000000000002
core   0: 0x000000008000604e (0x142026f3) csrrs   a3, scause, zero
core   0: 3 0x000000008000604e (0x142026f3) x13 0x000000000000001f
core   0: 0x0000000080006052 (0x30402673) csrrs   a2, mie, zero
core   0: 3 0x0000000080006052 (0x30402673) x12 0x0000000000000a00
core   0: 0x0000000080006056 (0x344025f3) csrrs   a1, mip, zero
core   0: 3 0x0000000080006056 (0x344025f3) x11 0x0000000000000080
core   0: 0x000000008000605a (0x343025f3) csrrs   a1, mtval, zero
core   0: 3 0x000000008000605a (0x343025f3) x11 0x00000000f133b173
core   0: 0x000000008000605e (0x14302573) csrrs   a0, stval, zero
core   0: 3 0x000000008000605e (0x14302573) x10 0x0000000000000000
core   0: 0x0000000080006062 (0xb02024f3) csrrs   s1, minstret, zero
core   0: 3 0x0000000080006062 (0xb02024f3) x9  0x0000000000001117
core   0: 0x0000000080006066 (0x0000a811) c.j     pc + 20
core   0: 3 0x0000000080006066 (0xa811)
core   0: >>>>  mepc_4
core   0: 0x000000008000607a (0x00000791) c.addi  a5, 4
core   0: 3 0x000000008000607a (0x0791) x15 0x0000000080005a34
core   0: 0x000000008000607c (0x34179073) csrrw   zero, mepc, a5
core   0: 3 0x000000008000607c (0x34179073) c833_mepc 0x0000000080005a34
core   0: 0x0000000080006080 (0x30200073) mret
core   0: 3 0x0000000080006080 (0x30200073) c768_mstatus 0x8000000a001c61a2
core   0: 0x0000000080005a34 (0x00000001) c.nop
core   0: 1 0x0000000080005a34 (0x0001)
core   0: 0x0000000080005a36 (0x73677943) fmadd.d fs2, fa4, fs6, fa4
core   0: 1 0x0000000080005a36 (0x73677943) f18 0x7ff8000000000000
core   0: 0x0000000080005a3a (0xb79bc897) auipc   a7, 0xb79bc
core   0: 1 0x0000000080005a3a (0xb79bc897) x17 0x00000000379c1a3a
core   0: 0x0000000080005a3e (0x00000001) c.nop
core   0: 1 0x0000000080005a3e (0x0001)
core   0: 0x0000000080005a40 (0x002022f3) csrrs   t0, frm, zero
core   0: 1 0x0000000080005a40 (0x002022f3) x5  0x0000000000000001
core   0: 0x0000000080005a44 (0x4115de13) srai    t3, a1, 17
core   0: 1 0x0000000080005a44 (0x4115de13) x28 0x0000000000007899
core   0: 0x0000000080005a48 (0xc20972d3) fcvt.w.d t0, fs2
core   0: 1 0x0000000080005a48 (0xc20972d3) c1_fflags 0x0000000000000010 x5  0x000000007fffffff
core   0: 0x0000000080005a4c (0xf2088bd3) fmv.d.x fs7, a7
core   0: 1 0x0000000080005a4c (0xf2088bd3) f23 0x00000000379c1a3a
core   0: 0x0000000080005a50 (0x00159df3) csrrw   s11, fflags, a1
core   0: 1 0x0000000080005a50 (0x00159df3) x27 0x0000000000000010 c1_fflags 0x0000000000000013
core   0: 0x0000000080005a54 (0x0018d893) srli    a7, a7, 1
core   0: 1 0x0000000080005a54 (0x0018d893) x17 0x000000001bce0d1d
core   0: 0x0000000080005a58 (0x2a0080d3) fmin.d  ft1, ft1, ft0
core   0: 1 0x0000000080005a58 (0x2a0080d3) f1  0x7ff8000000000000
core   0: 0x0000000080005a5c (0xf6bdf113) andi    sp, s11, -149
core   0: 1 0x0000000080005a5c (0xf6bdf113) x2  0x0000000000000000
core   0: 0x0000000080005a60 (0x03d81333) mulh    t1, a6, t4
core   0: 1 0x0000000080005a60 (0x03d81333) x6  0x0000000000000000
core   0: 0x0000000080005a64 (0xd320f1c3) fmadd.d ft3, ft1, fs2, fs10
core   0: 1 0x0000000080005a64 (0xd320f1c3) f3  0x7ff8000000000000
core   0: 0x0000000080005a68 (0x00211bf3) csrrw   s7, frm, sp
core   0: 1 0x0000000080005a68 (0x00211bf3) x23 0x0000000000000001 c2_frm 0x0000000000000000
core   0: 0x0000000080005a6c (0x402259b3) sra     s3, tp, sp
core   0: 1 0x0000000080005a6c (0x402259b3) x19 0x00000000000002aa
core   0: 0x0000000080005a70 (0xd2140ed3) fcvt.d.wu ft9, s0
core   0: 1 0x0000000080005a70 (0xd2140ed3) f29 0x41efffff9c600000
core   0: 0x0000000080005a74 (0x230e9ad3) fsgnjn.d fs5, ft9, fa6
core   0: 1 0x0000000080005a74 (0x230e9ad3) f21 0x41efffff9c600000
core   0: 0x0000000080005a78 (0x40e7d093) srai    ra, a5, 14
core   0: 1 0x0000000080005a78 (0x40e7d093) x1  0x0000000000020001
core   0: 0x0000000080005a7c (0x03822a33) mulhsu  s4, tp, s8
core   0: 1 0x0000000080005a7c (0x03822a33) x20 0x0000000000000000
core   0: 0x0000000080005a80 (0x4156d69b) sraiw   a3, a3, 21
core   0: 1 0x0000000080005a80 (0x4156d69b) x13 0x0000000000000000
core   0: 0x0000000080005a84 (0xdbb0f24f) fnmadd.d ft4, ft1, fs11, fs11
core   0: 1 0x0000000080005a84 (0xdbb0f24f) f4  0x7ff8000000000000
core   0: 0x0000000080005a88 (0x401dfcd3) fcvt.s.d fs9, fs11
core   0: 1 0x0000000080005a88 (0x401dfcd3) f25 0xffffffff00000000
core   0: 0x0000000080005a8c (0xf2060bd3) fmv.d.x fs7, a2
core   0: 1 0x0000000080005a8c (0xf2060bd3) f23 0x0000000000000a00
core   0: 0x0000000080005a90 (0x025560b3) rem     ra, a0, t0
core   0: 1 0x0000000080005a90 (0x025560b3) x1  0x0000000000000000
core   0: 0x0000000080005a94 (0x0010d63b) srlw    a2, ra, ra
core   0: 1 0x0000000080005a94 (0x0010d63b) x12 0x0000000000000000
core   0: 0x0000000080005a98 (0x02d47453) fadd.d  fs0, fs0, fa3
core   0: 1 0x0000000080005a98 (0x02d47453) f8  0x7ff8000000000000
core   0: 0x0000000080005a9c (0x22938fd3) fsgnj.d ft11, ft7, fs1
core   0: 1 0x0000000080005a9c (0x22938fd3) f31 0x7ff0000000000000
core   0: 0x0000000080005aa0 (0x00367ab3) and     s5, a2, gp
core   0: 1 0x0000000080005aa0 (0x00367ab3) x21 0x0000000000000000
core   0: 0x0000000080005aa4 (0xc043eef3) csrrsi  t4, hpmcounter4, 7
core   0: exception trap_illegal_instruction, epc 0x0000000080005aa4
core   0:           tval 0x00000000c043eef3
core   0: >>>>  $xrv64i2p1_m2p0_a2p1_f2p2_d2p2_zicsr2p0_zifencei2p0_zmmul1p0_zba1p0_zbb1p0_zbc1p0_zbs1p0
core   0: 0x0000000080004000 (0x0080006f) j       pc + 0x8
core   0: 3 0x0000000080004000 (0x0080006f)
core   0: >>>>  mmode_exception_handler
core   0: 0x0000000080004008 (0x00002c17) auipc   s8, 0x2
core   0: 3 0x0000000080004008 (0x00002c17) x24 0x0000000080006008
core   0: 0x000000008000400c (0x03ec0c13) addi    s8, s8, 62
core   0: 3 0x000000008000400c (0x03ec0c13) x24 0x0000000080006046
core   0: 0x0000000080004010 (0x000c00e7) jalr    s8
core   0: 3 0x0000000080004010 (0x000c00e7) x1  0x0000000080004014
core   0: >>>>  any_handler
core   0: 0x0000000080006046 (0x341027f3) csrrs   a5, mepc, zero
core   0: 3 0x0000000080006046 (0x341027f3) x15 0x0000000080005aa4
core   0: 0x000000008000604a (0x34202773) csrrs   a4, mcause, zero
core   0: 3 0x000000008000604a (0x34202773) x14 0x0000000000000002
core   0: 0x000000008000604e (0x142026f3) csrrs   a3, scause, zero
core   0: 3 0x000000008000604e (0x142026f3) x13 0x000000000000001f
core   0: 0x0000000080006052 (0x30402673) csrrs   a2, mie, zero
core   0: 3 0x0000000080006052 (0x30402673) x12 0x0000000000000a00
core   0: 0x0000000080006056 (0x344025f3) csrrs   a1, mip, zero
core   0: 3 0x0000000080006056 (0x344025f3) x11 0x0000000000000080
core   0: 0x000000008000605a (0x343025f3) csrrs   a1, mtval, zero
core   0: 3 0x000000008000605a (0x343025f3) x11 0x00000000c043eef3
core   0: 0x000000008000605e (0x14302573) csrrs   a0, stval, zero
core   0: 3 0x000000008000605e (0x14302573) x10 0x0000000000000000
core   0: 0x0000000080006062 (0xb02024f3) csrrs   s1, minstret, zero
core   0: 3 0x0000000080006062 (0xb02024f3) x9  0x0000000000001144
core   0: 0x0000000080006066 (0x0000a811) c.j     pc + 20
core   0: 3 0x0000000080006066 (0xa811)
core   0: >>>>  mepc_4
core   0: 0x000000008000607a (0x00000791) c.addi  a5, 4
core   0: 3 0x000000008000607a (0x0791) x15 0x0000000080005aa8
core   0: 0x000000008000607c (0x34179073) csrrw   zero, mepc, a5
core   0: 3 0x000000008000607c (0x34179073) c833_mepc 0x0000000080005aa8
core   0: 0x0000000080006080 (0x30200073) mret
core   0: 3 0x0000000080006080 (0x30200073) c768_mstatus 0x8000000a001c61a2
core   0: 0x0000000080005aa8 (0x4007dc13) srai    s8, a5, 0
core   0: 1 0x0000000080005aa8 (0x4007dc13) x24 0x0000000080005aa8
core   0: 0x0000000080005aac (0x42080ad3) fcvt.d.s fs5, fa6
core   0: 1 0x0000000080005aac (0x42080ad3) f21 0x41c3ddc4c0000000
core   0: 0x0000000080005ab0 (0x03deec3b) remw    s8, t4, t4
core   0: 1 0x0000000080005ab0 (0x03deec3b) x24 0x0000000000000000
core   0: 0x0000000080005ab4 (0xf99b7793) andi    a5, s6, -103
core   0: 1 0x0000000080005ab4 (0xf99b7793) x15 0xffffffffffffff99
core   0: 0x0000000080005ab8 (0x03db2eb3) mulhsu  t4, s6, t4
core   0: 1 0x0000000080005ab8 (0x03db2eb3) x29 0xffffffffffffffff
core   0: 0x0000000080005abc (0x2bef0c53) fmin.d  fs8, ft10, ft10
core   0: 1 0x0000000080005abc (0x2bef0c53) f24 0x7ff8000000000000
core   0: 0x0000000080005ac0 (0xe5d41237) lui     tp, 0xe5d41
core   0: 1 0x0000000080005ac0 (0xe5d41237) x4  0xffffffffe5d41000
core   0: 0x0000000080005ac4 (0x01926ab3) or      s5, tp, s9
core   0: 1 0x0000000080005ac4 (0x01926ab3) x21 0xfffffffffffffc01
core   0: 0x0000000080005ac8 (0x02449333) mulh    t1, s1, tp
core   0: 1 0x0000000080005ac8 (0x02449333) x6  0xffffffffffffffff
core   0: 0x0000000080005acc (0x41cbda33) sra     s4, s7, t3
core   0: 1 0x0000000080005acc (0x41cbda33) x20 0x0000000000000000
core   0: 0x0000000080005ad0 (0x00008b52) c.mv    s6, s4
core   0: 1 0x0000000080005ad0 (0x8b52) x22 0x0000000000000000
core   0: 0x0000000080005ad2 (0x00ea521b) srliw   tp, s4, 14
core   0: 1 0x0000000080005ad2 (0x00ea521b) x4  0x0000000000000000
core   0: 0x0000000080005ad6 (0x0ff0000f) fence   iorw,iorw
core   0: 1 0x0000000080005ad6 (0x0ff0000f)
core   0: 0x0000000080005ada (0x03b7f9b3) remu    s3, a5, s11
core   0: 1 0x0000000080005ada (0x03b7f9b3) x19 0x0000000000000009
core   0: 0x0000000080005ade (0x00202c73) csrrs   s8, frm, zero
core   0: 1 0x0000000080005ade (0x00202c73) x24 0x0000000000000000
core   0: 0x0000000080005ae2 (0x5ffc2e97) auipc   t4, 0x5ffc2
core   0: 1 0x0000000080005ae2 (0x5ffc2e97) x29 0x00000000dffc7ae2
core   0: 0x0000000080005ae6 (0x001c089b) addiw   a7, s8, 1
core   0: 1 0x0000000080005ae6 (0x001c089b) x17 0x0000000000000001
core   0: 0x0000000080005aea (0xd03ef2d3) fcvt.s.lu ft5, t4
core   0: 1 0x0000000080005aea (0xd03ef2d3) c1_fflags 0x0000000000000013 f5  0xffffffff4f5ffc7b
core   0: 0x0000000080005aee (0x02289ab3) mulh    s5, a7, sp
core   0: 1 0x0000000080005aee (0x02289ab3) x21 0x0000000000000000
core   0: 0x0000000080005af2 (0x420784d3) fcvt.d.s fs1, fa5
core   0: 1 0x0000000080005af2 (0x420784d3) f9  0x7ff8000000000000
core   0: 0x0000000080005af6 (0xf20484d3) fmv.d.x fs1, s1
core   0: 1 0x0000000080005af6 (0xf20484d3) f9  0x0000000000001144
core   0: 0x0000000080005afa (0x0117a633) slt     a2, a5, a7
core   0: 1 0x0000000080005afa (0x0117a633) x12 0x0000000000000001
core   0: 0x0000000080005afe (0x5a0b7dd3) fsqrt.d fs11, fs6
core   0: 1 0x0000000080005afe (0x5a0b7dd3) f27 0x0000000000000000
core   0: 0x0000000080005b02 (0x001023f3) csrrs   t2, fflags, zero
core   0: 1 0x0000000080005b02 (0x001023f3) x7  0x0000000000000013
core   0: 0x0000000080005b06 (0xd20907d3) fcvt.d.w fa5, s2
core   0: 1 0x0000000080005b06 (0xd20907d3) f15 0x0000000000000000
core   0: 0x0000000080005b0a (0xd233f9d3) fcvt.d.lu fs3, t2
core   0: 1 0x0000000080005b0a (0xd233f9d3) f19 0x4033000000000000
core   0: 0x0000000080005b0e (0x02fd77bb) remuw   a5, s10, a5
core   0: 1 0x0000000080005b0e (0x02fd77bb) x15 0x0000000000000000
core   0: 0x0000000080005b12 (0x011408bb) addw    a7, s0, a7
core   0: 1 0x0000000080005b12 (0x011408bb) x17 0xfffffffffffffce4
core   0: 0x0000000080005b16 (0x22b5aad3) fsgnjx.d fs5, fa1, fa1
core   0: 1 0x0000000080005b16 (0x22b5aad3) f21 0x7fffffff3f800000
core   0: 0x0000000080005b1a (0xf2040d53) fmv.d.x fs10, s0
core   0: 1 0x0000000080005b1a (0xf2040d53) f26 0xfffffffffffffce3
core   0: 0x0000000080005b1e (0x6225f643) fmadd.d fa2, fa1, ft2, fa2
core   0: 1 0x0000000080005b1e (0x6225f643) f12 0x7ff8000000000000
core   0: 0x0000000080005b22 (0xd2038bd3) fcvt.d.w fs7, t2
core   0: 1 0x0000000080005b22 (0xd2038bd3) f23 0x4033000000000000
core   0: 0x0000000080005b26 (0x03569a33) mulh    s4, a3, s5
core   0: 1 0x0000000080005b26 (0x03569a33) x20 0x0000000000000000
core   0: 0x0000000080005b2a (0xc03f76d3) fcvt.lu.s a3, ft10
core   0: 1 0x0000000080005b2a (0xc03f76d3) c1_fflags 0x0000000000000013 x13 0xffffffffffffffff
core   0: 0x0000000080005b2e (0xde0a7c93) andi    s9, s4, -544
core   0: 1 0x0000000080005b2e (0xde0a7c93) x25 0x0000000000000000
core   0: 0x0000000080005b32 (0x0328c33b) divw    t1, a7, s2
core   0: 1 0x0000000080005b32 (0x0328c33b) x6  0xffffffffffffffff
core   0: 0x0000000080005b36 (0x08b33597) auipc   a1, 0x8b33
core   0: 1 0x0000000080005b36 (0x08b33597) x11 0x0000000088b38b36
core   0: 0x0000000080005b3a (0x7ffd7413) andi    s0, s10, 2047
core   0: 1 0x0000000080005b3a (0x7ffd7413) x8  0x0000000000000000
core   0: 0x0000000080005b3e (0x000bdd1b) srliw   s10, s7, 0
core   0: 1 0x0000000080005b3e (0x000bdd1b) x26 0x0000000000000001
core   0: 0x0000000080005b42 (0x017a023b) addw    tp, s4, s7
core   0: 1 0x0000000080005b42 (0x017a023b) x4  0x0000000000000001
core   0: 0x0000000080005b46 (0x40c2083b) subw    a6, tp, a2
core   0: 1 0x0000000080005b46 (0x40c2083b) x16 0x0000000000000000
core   0: 0x0000000080005b4a (0x00ee95b3) sll     a1, t4, a4
core   0: 1 0x0000000080005b4a (0x00ee95b3) x11 0x000000037ff1eb88
core   0: 0x0000000080005b4e (0xff139d37) lui     s10, 0xff139
core   0: 1 0x0000000080005b4e (0xff139d37) x26 0xffffffffff139000
core   0: 0x0000000080005b52 (0x73bd0d1b) addiw   s10, s10, 1851
core   0: 1 0x0000000080005b52 (0x73bd0d1b) x26 0xffffffffff13973b
core   0: 0x0000000080005b56 (0x00000d3e) c.slli  s10, 15
core   0: 1 0x0000000080005b56 (0x0d3e) x26 0xffffff89cb9d8000
core   0: 0x0000000080005b58 (0x746d0d13) addi    s10, s10, 1862
core   0: 1 0x0000000080005b58 (0x746d0d13) x26 0xffffff89cb9d8746
core   0: 0x0000000080005b5c (0x4baffa4f) fnmadd.d fs4, ft11, fs10, fs1
core   0: 1 0x0000000080005b5c (0x4baffa4f) f20 0x7ff8000000000000
core   0: 0x0000000080005b60 (0x34271273) csrrw   tp, mcause, a4
core   0: exception trap_illegal_instruction, epc 0x0000000080005b60
core   0:           tval 0x0000000034271273
core   0: >>>>  $xrv64i2p1_m2p0_a2p1_f2p2_d2p2_zicsr2p0_zifencei2p0_zmmul1p0_zba1p0_zbb1p0_zbc1p0_zbs1p0
core   0: 0x0000000080004000 (0x0080006f) j       pc + 0x8
core   0: 3 0x0000000080004000 (0x0080006f)
core   0: >>>>  mmode_exception_handler
core   0: 0x0000000080004008 (0x00002c17) auipc   s8, 0x2
core   0: 3 0x0000000080004008 (0x00002c17) x24 0x0000000080006008
core   0: 0x000000008000400c (0x03ec0c13) addi    s8, s8, 62
core   0: 3 0x000000008000400c (0x03ec0c13) x24 0x0000000080006046
core   0: 0x0000000080004010 (0x000c00e7) jalr    s8
core   0: 3 0x0000000080004010 (0x000c00e7) x1  0x0000000080004014
core   0: >>>>  any_handler
core   0: 0x0000000080006046 (0x341027f3) csrrs   a5, mepc, zero
core   0: 3 0x0000000080006046 (0x341027f3) x15 0x0000000080005b60
core   0: 0x000000008000604a (0x34202773) csrrs   a4, mcause, zero
core   0: 3 0x000000008000604a (0x34202773) x14 0x0000000000000002
core   0: 0x000000008000604e (0x142026f3) csrrs   a3, scause, zero
core   0: 3 0x000000008000604e (0x142026f3) x13 0x000000000000001f
core   0: 0x0000000080006052 (0x30402673) csrrs   a2, mie, zero
core   0: 3 0x0000000080006052 (0x30402673) x12 0x0000000000000a00
core   0: 0x0000000080006056 (0x344025f3) csrrs   a1, mip, zero
core   0: 3 0x0000000080006056 (0x344025f3) x11 0x0000000000000080
core   0: 0x000000008000605a (0x343025f3) csrrs   a1, mtval, zero
core   0: 3 0x000000008000605a (0x343025f3) x11 0x0000000034271273
core   0: 0x000000008000605e (0x14302573) csrrs   a0, stval, zero
core   0: 3 0x000000008000605e (0x14302573) x10 0x0000000000000000
core   0: 0x0000000080006062 (0xb02024f3) csrrs   s1, minstret, zero
core   0: 3 0x0000000080006062 (0xb02024f3) x9  0x0000000000001183
core   0: 0x0000000080006066 (0x0000a811) c.j     pc + 20
core   0: 3 0x0000000080006066 (0xa811)
core   0: >>>>  mepc_4
core   0: 0x000000008000607a (0x00000791) c.addi  a5, 4
core   0: 3 0x000000008000607a (0x0791) x15 0x0000000080005b64
core   0: 0x000000008000607c (0x34179073) csrrw   zero, mepc, a5
core   0: 3 0x000000008000607c (0x34179073) c833_mepc 0x0000000080005b64
core   0: 0x0000000080006080 (0x30200073) mret
core   0: 3 0x0000000080006080 (0x30200073) c768_mstatus 0x8000000a001c61a2
core   0: 0x0000000080005b64 (0xc02a7853) fcvt.l.s a6, fs4
core   0: 1 0x0000000080005b64 (0xc02a7853) c1_fflags 0x0000000000000013 x16 0x7fffffffffffffff
core   0: 0x0000000080005b68 (0x420f8ed3) fcvt.d.s ft9, ft11
core   0: 1 0x0000000080005b68 (0x420f8ed3) f29 0x7ff8000000000000
core   0: 0x0000000080005b6c (0x2a0b87d3) fmin.d  fa5, fs7, ft0
core   0: 1 0x0000000080005b6c (0x2a0b87d3) f15 0x4033000000000000
core   0: 0x0000000080005b70 (0x22168153) fsgnj.d ft2, fa3, ft1
core   0: 1 0x0000000080005b70 (0x22168153) f2  0x7ff8000000000000
core   0: 0x0000000080005b74 (0xbf24f7b7) lui     a5, 0xbf24f
core   0: 1 0x0000000080005b74 (0xbf24f7b7) x15 0xffffffffbf24f000
core   0: 0x0000000080005b78 (0x120f7f53) fmul.d  ft10, ft10, ft0
core   0: 1 0x0000000080005b78 (0x120f7f53) f30 0x7ff8000000000000
core   0: 0x0000000080005b7c (0xf2098f53) fmv.d.x ft10, s3
core   0: 1 0x0000000080005b7c (0xf2098f53) f30 0x0000000000000009
core   0: 0x0000000080005b80 (0x007556b3) srl     a3, a0, t2
core   0: 1 0x0000000080005b80 (0x007556b3) x13 0x0000000000000000
core   0: 0x0000000080005b84 (0x015adab3) srl     s5, s5, s5
core   0: 1 0x0000000080005b84 (0x015adab3) x21 0x0000000000000000
core   0: 0x0000000080005b88 (0xd02efed3) fcvt.s.l ft9, t4
core   0: 1 0x0000000080005b88 (0xd02efed3) c1_fflags 0x0000000000000013 f29 0xffffffff4f5ffc7b
core   0: 0x0000000080005b8c (0x40b155bb) sraw    a1, sp, a1
core   0: 1 0x0000000080005b8c (0x40b155bb) x11 0x0000000000000000
core   0: 0x0000000080005b90 (0x1368fcd3) fmul.d  fs9, fa7, fs6
core   0: 1 0x0000000080005b90 (0x1368fcd3) f25 0x0000000000000000
core   0: 0x0000000080005b94 (0x03878033) mul     zero, a5, s8
core   0: 1 0x0000000080005b94 (0x03878033)
core   0: 0x0000000080005b98 (0x417c843b) subw    s0, s9, s7
core   0: 1 0x0000000080005b98 (0x417c843b) x8  0xffffffffffffffff
core   0: 0x0000000080005b9c (0x02927c53) fadd.d  fs8, ft4, fs1
core   0: 1 0x0000000080005b9c (0x02927c53) f24 0x7ff8000000000000
core   0: 0x0000000080005ba0 (0x0698b0b7) lui     ra, 0x698b
core   0: 1 0x0000000080005ba0 (0x0698b0b7) x1  0x000000000698b000
core   0: 0x0000000080005ba4 (0xb210809b) addiw   ra, ra, -1247
core   0: 1 0x0000000080005ba4 (0xb210809b) x1  0x000000000698ab21
core   0: 0x0000000080005ba8 (0x000000b2) c.slli  ra, 12
core   0: 1 0x0000000080005ba8 (0x00b2) x1  0x000000698ab21000
core   0: 0x0000000080005baa (0x4a308093) addi    ra, ra, 1187
core   0: 1 0x0000000080005baa (0x4a308093) x1  0x000000698ab214a3
core   0: 0x0000000080005bae (0xfdd76d37) lui     s10, 0xfdd76
core   0: 1 0x0000000080005bae (0xfdd76d37) x26 0xfffffffffdd76000
core   0: 0x0000000080005bb2 (0x41dd0d1b) addiw   s10, s10, 1053
core   0: 1 0x0000000080005bb2 (0x41dd0d1b) x26 0xfffffffffdd7641d
core   0: 0x0000000080005bb6 (0x00000d36) c.slli  s10, 13
core   0: 1 0x0000000080005bb6 (0x0d36) x26 0xffffffbaec83a000
core   0: 0x0000000080005bb8 (0x31cd0d13) addi    s10, s10, 796
core   0: 1 0x0000000080005bb8 (0x31cd0d13) x26 0xffffffbaec83a31c
core   0: 0x0000000080005bbc (0xd0347cd3) fcvt.s.lu fs9, s0
core   0: 1 0x0000000080005bbc (0xd0347cd3) c1_fflags 0x0000000000000013 f25 0xffffffff5f800000
core   0: 0x0000000080005bc0 (0x00202e73) csrrs   t3, frm, zero
core   0: 1 0x0000000080005bc0 (0x00202e73) x28 0x0000000000000000
core   0: 0x0000000080005bc4 (0xc22cf553) fcvt.l.d a0, fs9
core   0: 1 0x0000000080005bc4 (0xc22cf553) c1_fflags 0x0000000000000013 x10 0x7fffffffffffffff
core   0: 0x0000000080005bc8 (0x23fa2bd3) fsgnjx.d fs7, fs4, ft11
core   0: 1 0x0000000080005bc8 (0x23fa2bd3) f23 0x7ff8000000000000
core   0: 0x0000000080005bcc (0x4015f5d3) fcvt.s.d fa1, fa1
core   0: 1 0x0000000080005bcc (0x4015f5d3) f11 0xffffffff7fc00000
core   0: 0x0000000080005bd0 (0x03ad79b3) remu    s3, s10, s10
core   0: 1 0x0000000080005bd0 (0x03ad79b3) x19 0x0000000000000000
core   0: 0x0000000080005bd4 (0xd231f1d3) fcvt.d.lu ft3, gp
core   0: 1 0x0000000080005bd4 (0xd231f1d3) f3  0x4031000000000000
core   0: 0x0000000080005bd8 (0x02c1763b) remuw   a2, sp, a2
core   0: 1 0x0000000080005bd8 (0x02c1763b) x12 0x0000000000000000
core   0: 0x0000000080005bdc (0xda0dfbcb) fnmsub.d fs7, fs11, ft0, fs11
core   0: 1 0x0000000080005bdc (0xda0dfbcb) f23 0x7ff8000000000000
core   0: 0x0000000080005be0 (0x01364433) xor     s0, a2, s3
core   0: 1 0x0000000080005be0 (0x01364433) x8  0x0000000000000000
core   0: 0x0000000080005be4 (0x239999d3) fsgnjn.d fs3, fs3, fs9
core   0: 1 0x0000000080005be4 (0x239999d3) f19 0x4033000000000000
core   0: 0x0000000080005be8 (0x0215d5b3) divu    a1, a1, ra
core   0: 1 0x0000000080005be8 (0x0215d5b3) x11 0x0000000000000000
core   0: 0x0000000080005bec (0xd21b00d3) fcvt.d.wu ft1, s6
core   0: 1 0x0000000080005bec (0xd21b00d3) f1  0x0000000000000000
core   0: 0x0000000080005bf0 (0x4015fd53) fcvt.s.d fs10, fa1
core   0: 1 0x0000000080005bf0 (0x4015fd53) f26 0xffffffff7fc00000
core   0: 0x0000000080005bf4 (0x4375d393) srai    t2, a1, 55
core   0: 1 0x0000000080005bf4 (0x4375d393) x7  0x0000000000000000
core   0: 0x0000000080005bf8 (0x401d7753) fcvt.s.d fa4, fs10
core   0: 1 0x0000000080005bf8 (0x401d7753) f14 0xffffffff7fc00000
core   0: 0x0000000080005bfc (0x063e4893) xori    a7, t3, 99
core   0: 1 0x0000000080005bfc (0x063e4893) x17 0x0000000000000063
core   0: 0x0000000080005c00 (0x00a8949b) slliw   s1, a7, 10
core   0: 1 0x0000000080005c00 (0x00a8949b) x9  0x0000000000018c00
core   0: 0x0000000080005c04 (0x01f2961b) slliw   a2, t0, 31
core   0: 1 0x0000000080005c04 (0x01f2961b) x12 0xffffffff80000000
core   0: 0x0000000080005c08 (0x800b031b) addiw   t1, s6, -2048
core   0: 1 0x0000000080005c08 (0x800b031b) x6  0xfffffffffffff800
core   0: 0x0000000080005c0c (0x026307b3) mul     a5, t1, t1
core   0: 1 0x0000000080005c0c (0x026307b3) x15 0x0000000000400000
core   0: 0x0000000080005c10 (0x0000d033) srl     zero, ra, zero
core   0: 1 0x0000000080005c10 (0x0000d033)
core   0: 0x0000000080005c14 (0xf20e8f53) fmv.d.x ft10, t4
core   0: 1 0x0000000080005c14 (0xf20e8f53) f30 0x00000000dffc7ae2
core   0: 0x0000000080005c18 (0x0727cdb7) lui     s11, 0x727c
core   0: 1 0x0000000080005c18 (0x0727cdb7) x27 0x000000000727c000
core   0: 0x0000000080005c1c (0x3c7d8d9b) addiw   s11, s11, 967
core   0: 1 0x0000000080005c1c (0x3c7d8d9b) x27 0x000000000727c3c7
core   0: 0x0000000080005c20 (0x00000db2) c.slli  s11, 12
core   0: 1 0x0000000080005c20 (0x0db2) x27 0x000000727c3c7000
core   0: 0x0000000080005c22 (0xea5d8d93) addi    s11, s11, -347
core   0: 1 0x0000000080005c22 (0xea5d8d93) x27 0x000000727c3c6ea5
core   0: 0x0000000080005c26 (0xc7d3fa93) andi    s5, t2, -899
core   0: 1 0x0000000080005c26 (0xc7d3fa93) x21 0x0000000000000000
core   0: 0x0000000080005c2a (0x0154a7b3) slt     a5, s1, s5
core   0: 1 0x0000000080005c2a (0x0154a7b3) x15 0x0000000000000000
core   0: 0x0000000080005c2e (0xd22af553) fcvt.d.l fa0, s5
core   0: 1 0x0000000080005c2e (0xd22af553) f10 0x0000000000000000
core   0: 0x0000000080005c32 (0x00009e11) c.subw  a2, a2
core   0: 1 0x0000000080005c32 (0x9e11) x12 0x0000000000000000
core   0: 0x0000000080005c34 (0xabdafacf) fnmadd.d fs5, fs5, ft9, fs5
core   0: 1 0x0000000080005c34 (0xabdafacf) f21 0x7ff8000000000000
core   0: 0x0000000080005c38 (0x019babb3) slt     s7, s7, s9
core   0: 1 0x0000000080005c38 (0x019babb3) x23 0x0000000000000000
core   0: 0x0000000080005c3c (0x00251573) csrrw   a0, frm, a0
core   0: 1 0x0000000080005c3c (0x00251573) x10 0x0000000000000000 c2_frm 0x0000000000000007
core   0: 0x0000000080005c40 (0xa2ba0ed3) fle.d   t4, fs4, fa1
core   0: 1 0x0000000080005c40 (0xa2ba0ed3) c1_fflags 0x0000000000000013 x29 0x0000000000000000
core   0: 0x0000000080005c44 (0xd2008253) fcvt.d.w ft4, ra
core   0: 1 0x0000000080005c44 (0xd2008253) f4  0xc1dd537ad7400000
core   0: 0x0000000080005c48 (0x01080b33) add     s6, a6, a6
core   0: 1 0x0000000080005c48 (0x01080b33) x22 0xfffffffffffffffe
core   0: 0x0000000080005c4c (0x4103dd33) sra     s10, t2, a6
core   0: 1 0x0000000080005c4c (0x4103dd33) x26 0x0000000000000000
core   0: 0x0000000080005c50 (0x027709bb) mulw    s3, a4, t2
core   0: 1 0x0000000080005c50 (0x027709bb) x19 0x0000000000000000
core   0: 0x0000000080005c54 (0x0199d8bb) srlw    a7, s3, s9
core   0: 1 0x0000000080005c54 (0x0199d8bb) x17 0x0000000000000000
core   0: 0x0000000080005c58 (0x0119163b) sllw    a2, s2, a7
core   0: 1 0x0000000080005c58 (0x0119163b) x12 0x0000000000000000
core   0: 0x0000000080005c5c (0x00000001) c.nop
core   0: 1 0x0000000080005c5c (0x0001)
core   0: 0x0000000080005c5e (0x015aa6b3) slt     a3, s5, s5
core   0: 1 0x0000000080005c5e (0x015aa6b3) x13 0x0000000000000000
core   0: 0x0000000080005c62 (0xf111a973) csrrs   s2, mvendorid, gp
core   0: exception trap_illegal_instruction, epc 0x0000000080005c62
core   0:           tval 0x00000000f111a973
core   0: >>>>  $xrv64i2p1_m2p0_a2p1_f2p2_d2p2_zicsr2p0_zifencei2p0_zmmul1p0_zba1p0_zbb1p0_zbc1p0_zbs1p0
core   0: 0x0000000080004000 (0x0080006f) j       pc + 0x8
core   0: 3 0x0000000080004000 (0x0080006f)
core   0: >>>>  mmode_exception_handler
core   0: 0x0000000080004008 (0x00002c17) auipc   s8, 0x2
core   0: 3 0x0000000080004008 (0x00002c17) x24 0x0000000080006008
core   0: 0x000000008000400c (0x03ec0c13) addi    s8, s8, 62
core   0: 3 0x000000008000400c (0x03ec0c13) x24 0x0000000080006046
core   0: 0x0000000080004010 (0x000c00e7) jalr    s8
core   0: 3 0x0000000080004010 (0x000c00e7) x1  0x0000000080004014
core   0: >>>>  any_handler
core   0: 0x0000000080006046 (0x341027f3) csrrs   a5, mepc, zero
core   0: 3 0x0000000080006046 (0x341027f3) x15 0x0000000080005c62
core   0: 0x000000008000604a (0x34202773) csrrs   a4, mcause, zero
core   0: 3 0x000000008000604a (0x34202773) x14 0x0000000000000002
core   0: 0x000000008000604e (0x142026f3) csrrs   a3, scause, zero
core   0: 3 0x000000008000604e (0x142026f3) x13 0x000000000000001f
core   0: 0x0000000080006052 (0x30402673) csrrs   a2, mie, zero
core   0: 3 0x0000000080006052 (0x30402673) x12 0x0000000000000a00
core   0: 0x0000000080006056 (0x344025f3) csrrs   a1, mip, zero
core   0: 3 0x0000000080006056 (0x344025f3) x11 0x0000000000000080
core   0: 0x000000008000605a (0x343025f3) csrrs   a1, mtval, zero
core   0: 3 0x000000008000605a (0x343025f3) x11 0x00000000f111a973
core   0: 0x000000008000605e (0x14302573) csrrs   a0, stval, zero
core   0: 3 0x000000008000605e (0x14302573) x10 0x0000000000000000
core   0: 0x0000000080006062 (0xb02024f3) csrrs   s1, minstret, zero
core   0: 3 0x0000000080006062 (0xb02024f3) x9  0x00000000000011d5
core   0: 0x0000000080006066 (0x0000a811) c.j     pc + 20
core   0: 3 0x0000000080006066 (0xa811)
core   0: >>>>  mepc_4
core   0: 0x000000008000607a (0x00000791) c.addi  a5, 4
core   0: 3 0x000000008000607a (0x0791) x15 0x0000000080005c66
core   0: 0x000000008000607c (0x34179073) csrrw   zero, mepc, a5
core   0: 3 0x000000008000607c (0x34179073) c833_mepc 0x0000000080005c66
core   0: 0x0000000080006080 (0x30200073) mret
core   0: 3 0x0000000080006080 (0x30200073) c768_mstatus 0x8000000a001c61a2
core   0: 0x0000000080005c66 (0x01272a33) slt     s4, a4, s2
core   0: 1 0x0000000080005c66 (0x01272a33) x20 0x0000000000000000
core   0: 0x0000000080005c6a (0x015393b3) sll     t2, t2, s5
core   0: 1 0x0000000080005c6a (0x015393b3) x7  0x0000000000000000
core   0: 0x0000000080005c6e (0xa2b809d3) fle.d   s3, fa6, fa1
core   0: 1 0x0000000080005c6e (0xa2b809d3) c1_fflags 0x0000000000000013 x19 0x0000000000000000
core   0: 0x0000000080005c72 (0x40c3533b) sraw    t1, t1, a2
core   0: 1 0x0000000080005c72 (0x40c3533b) x6  0xfffffffffffff800
core   0: 0x0000000080005c76 (0x0319e6b3) rem     a3, s3, a7
core   0: 1 0x0000000080005c76 (0x0319e6b3) x13 0x0000000000000000
core   0: 0x0000000080005c7a (0xfff30b13) addi    s6, t1, -1
core   0: 1 0x0000000080005c7a (0xfff30b13) x22 0xfffffffffffff7ff
core   0: 0x0000000080005c7e (0x4031013b) subw    sp, sp, gp
core   0: 1 0x0000000080005c7e (0x4031013b) x2  0xffffffffffffffef
core   0: 0x0000000080005c82 (0x8a61774f) fnmadd.d fa4, ft2, ft6, fa7
core   0: exception trap_illegal_instruction, epc 0x0000000080005c82
core   0:           tval 0x000000008a61774f
core   0: >>>>  $xrv64i2p1_m2p0_a2p1_f2p2_d2p2_zicsr2p0_zifencei2p0_zmmul1p0_zba1p0_zbb1p0_zbc1p0_zbs1p0
core   0: 0x0000000080004000 (0x0080006f) j       pc + 0x8
core   0: 3 0x0000000080004000 (0x0080006f)
core   0: >>>>  mmode_exception_handler
core   0: 0x0000000080004008 (0x00002c17) auipc   s8, 0x2
core   0: 3 0x0000000080004008 (0x00002c17) x24 0x0000000080006008
core   0: 0x000000008000400c (0x03ec0c13) addi    s8, s8, 62
core   0: 3 0x000000008000400c (0x03ec0c13) x24 0x0000000080006046
core   0: 0x0000000080004010 (0x000c00e7) jalr    s8
core   0: 3 0x0000000080004010 (0x000c00e7) x1  0x0000000080004014
core   0: >>>>  any_handler
core   0: 0x0000000080006046 (0x341027f3) csrrs   a5, mepc, zero
core   0: 3 0x0000000080006046 (0x341027f3) x15 0x0000000080005c82
core   0: 0x000000008000604a (0x34202773) csrrs   a4, mcause, zero
core   0: 3 0x000000008000604a (0x34202773) x14 0x0000000000000002
core   0: 0x000000008000604e (0x142026f3) csrrs   a3, scause, zero
core   0: 3 0x000000008000604e (0x142026f3) x13 0x000000000000001f
core   0: 0x0000000080006052 (0x30402673) csrrs   a2, mie, zero
core   0: 3 0x0000000080006052 (0x30402673) x12 0x0000000000000a00
core   0: 0x0000000080006056 (0x344025f3) csrrs   a1, mip, zero
core   0: 3 0x0000000080006056 (0x344025f3) x11 0x0000000000000080
core   0: 0x000000008000605a (0x343025f3) csrrs   a1, mtval, zero
core   0: 3 0x000000008000605a (0x343025f3) x11 0x000000008a61774f
core   0: 0x000000008000605e (0x14302573) csrrs   a0, stval, zero
core   0: 3 0x000000008000605e (0x14302573) x10 0x0000000000000000
core   0: 0x0000000080006062 (0xb02024f3) csrrs   s1, minstret, zero
core   0: 3 0x0000000080006062 (0xb02024f3) x9  0x00000000000011ec
core   0: 0x0000000080006066 (0x0000a811) c.j     pc + 20
core   0: 3 0x0000000080006066 (0xa811)
core   0: >>>>  mepc_4
core   0: 0x000000008000607a (0x00000791) c.addi  a5, 4
core   0: 3 0x000000008000607a (0x0791) x15 0x0000000080005c86
core   0: 0x000000008000607c (0x34179073) csrrw   zero, mepc, a5
core   0: 3 0x000000008000607c (0x34179073) c833_mepc 0x0000000080005c86
core   0: 0x0000000080006080 (0x30200073) mret
core   0: 3 0x0000000080006080 (0x30200073) c768_mstatus 0x8000000a001c61a2
core   0: 0x0000000080005c86 (0x00422cb3) slt     s9, tp, tp
core   0: 1 0x0000000080005c86 (0x00422cb3) x25 0x0000000000000000
core   0: 0x0000000080005c8a (0x13f3f753) fmul.d  fa4, ft7, ft11
core   0: exception trap_illegal_instruction, epc 0x0000000080005c8a
core   0:           tval 0x0000000013f3f753
core   0: >>>>  $xrv64i2p1_m2p0_a2p1_f2p2_d2p2_zicsr2p0_zifencei2p0_zmmul1p0_zba1p0_zbb1p0_zbc1p0_zbs1p0
core   0: 0x0000000080004000 (0x0080006f) j       pc + 0x8
core   0: 3 0x0000000080004000 (0x0080006f)
core   0: >>>>  mmode_exception_handler
core   0: 0x0000000080004008 (0x00002c17) auipc   s8, 0x2
core   0: 3 0x0000000080004008 (0x00002c17) x24 0x0000000080006008
core   0: 0x000000008000400c (0x03ec0c13) addi    s8, s8, 62
core   0: 3 0x000000008000400c (0x03ec0c13) x24 0x0000000080006046
core   0: 0x0000000080004010 (0x000c00e7) jalr    s8
core   0: 3 0x0000000080004010 (0x000c00e7) x1  0x0000000080004014
core   0: >>>>  any_handler
core   0: 0x0000000080006046 (0x341027f3) csrrs   a5, mepc, zero
core   0: 3 0x0000000080006046 (0x341027f3) x15 0x0000000080005c8a
core   0: 0x000000008000604a (0x34202773) csrrs   a4, mcause, zero
core   0: 3 0x000000008000604a (0x34202773) x14 0x0000000000000002
core   0: 0x000000008000604e (0x142026f3) csrrs   a3, scause, zero
core   0: 3 0x000000008000604e (0x142026f3) x13 0x000000000000001f
core   0: 0x0000000080006052 (0x30402673) csrrs   a2, mie, zero
core   0: 3 0x0000000080006052 (0x30402673) x12 0x0000000000000a00
core   0: 0x0000000080006056 (0x344025f3) csrrs   a1, mip, zero
core   0: 3 0x0000000080006056 (0x344025f3) x11 0x0000000000000080
core   0: 0x000000008000605a (0x343025f3) csrrs   a1, mtval, zero
core   0: 3 0x000000008000605a (0x343025f3) x11 0x0000000013f3f753
core   0: 0x000000008000605e (0x14302573) csrrs   a0, stval, zero
core   0: 3 0x000000008000605e (0x14302573) x10 0x0000000000000000
core   0: 0x0000000080006062 (0xb02024f3) csrrs   s1, minstret, zero
core   0: 3 0x0000000080006062 (0xb02024f3) x9  0x00000000000011fd
core   0: 0x0000000080006066 (0x0000a811) c.j     pc + 20
core   0: 3 0x0000000080006066 (0xa811)
core   0: >>>>  mepc_4
core   0: 0x000000008000607a (0x00000791) c.addi  a5, 4
core   0: 3 0x000000008000607a (0x0791) x15 0x0000000080005c8e
core   0: 0x000000008000607c (0x34179073) csrrw   zero, mepc, a5
core   0: 3 0x000000008000607c (0x34179073) c833_mepc 0x0000000080005c8e
core   0: 0x0000000080006080 (0x30200073) mret
core   0: 3 0x0000000080006080 (0x30200073) c768_mstatus 0x8000000a001c61a2
core   0: 0x0000000080005c8e (0x220b9bd3) fsgnjn.d fs7, fs7, ft0
core   0: 1 0x0000000080005c8e (0x220b9bd3) f23 0x7ff8000000000000
core   0: 0x0000000080005c92 (0x03697b33) remu    s6, s2, s6
core   0: 1 0x0000000080005c92 (0x03697b33) x22 0x0000000000000000
core   0: 0x0000000080005c96 (0x1c247013) andi    zero, s0, 450
core   0: 1 0x0000000080005c96 (0x1c247013)
core   0: 0x0000000080005c9a (0x02716b3b) remw    s6, sp, t2
core   0: 1 0x0000000080005c9a (0x02716b3b) x22 0xffffffffffffffef
core   0: 0x0000000080005c9e (0xa37c2453) feq.d   s0, fs8, fs7
core   0: 1 0x0000000080005c9e (0xa37c2453) x8  0x0000000000000000
core   0: 0x0000000080005ca2 (0x22dc2453) fsgnjx.d fs0, fs8, fa3
core   0: 1 0x0000000080005ca2 (0x22dc2453) f8  0x7ff8000000000000
core   0: 0x0000000080005ca6 (0x80087313) andi    t1, a6, -2048
core   0: 1 0x0000000080005ca6 (0x80087313) x6  0x7ffffffffffff800
core   0: 0x0000000080005caa (0x583af293) andi    t0, s5, 1411
core   0: 1 0x0000000080005caa (0x583af293) x5  0x0000000000000000
core   0: 0x0000000080005cae (0x4009dc9b) sraiw   s9, s3, 0
core   0: 1 0x0000000080005cae (0x4009dc9b) x25 0x0000000000000000
core   0: 0x0000000080005cb2 (0x4018f8d3) fcvt.s.d fa7, fa7
core   0: exception trap_illegal_instruction, epc 0x0000000080005cb2
core   0:           tval 0x000000004018f8d3
core   0: >>>>  $xrv64i2p1_m2p0_a2p1_f2p2_d2p2_zicsr2p0_zifencei2p0_zmmul1p0_zba1p0_zbb1p0_zbc1p0_zbs1p0
core   0: 0x0000000080004000 (0x0080006f) j       pc + 0x8
core   0: 3 0x0000000080004000 (0x0080006f)
core   0: >>>>  mmode_exception_handler
core   0: 0x0000000080004008 (0x00002c17) auipc   s8, 0x2
core   0: 3 0x0000000080004008 (0x00002c17) x24 0x0000000080006008
core   0: 0x000000008000400c (0x03ec0c13) addi    s8, s8, 62
core   0: 3 0x000000008000400c (0x03ec0c13) x24 0x0000000080006046
core   0: 0x0000000080004010 (0x000c00e7) jalr    s8
core   0: 3 0x0000000080004010 (0x000c00e7) x1  0x0000000080004014
core   0: >>>>  any_handler
core   0: 0x0000000080006046 (0x341027f3) csrrs   a5, mepc, zero
core   0: 3 0x0000000080006046 (0x341027f3) x15 0x0000000080005cb2
core   0: 0x000000008000604a (0x34202773) csrrs   a4, mcause, zero
core   0: 3 0x000000008000604a (0x34202773) x14 0x0000000000000002
core   0: 0x000000008000604e (0x142026f3) csrrs   a3, scause, zero
core   0: 3 0x000000008000604e (0x142026f3) x13 0x000000000000001f
core   0: 0x0000000080006052 (0x30402673) csrrs   a2, mie, zero
core   0: 3 0x0000000080006052 (0x30402673) x12 0x0000000000000a00
core   0: 0x0000000080006056 (0x344025f3) csrrs   a1, mip, zero
core   0: 3 0x0000000080006056 (0x344025f3) x11 0x0000000000000080
core   0: 0x000000008000605a (0x343025f3) csrrs   a1, mtval, zero
core   0: 3 0x000000008000605a (0x343025f3) x11 0x000000004018f8d3
core   0: 0x000000008000605e (0x14302573) csrrs   a0, stval, zero
core   0: 3 0x000000008000605e (0x14302573) x10 0x0000000000000000
core   0: 0x0000000080006062 (0xb02024f3) csrrs   s1, minstret, zero
core   0: 3 0x0000000080006062 (0xb02024f3) x9  0x0000000000001216
core   0: 0x0000000080006066 (0x0000a811) c.j     pc + 20
core   0: 3 0x0000000080006066 (0xa811)
core   0: >>>>  mepc_4
core   0: 0x000000008000607a (0x00000791) c.addi  a5, 4
core   0: 3 0x000000008000607a (0x0791) x15 0x0000000080005cb6
core   0: 0x000000008000607c (0x34179073) csrrw   zero, mepc, a5
core   0: 3 0x000000008000607c (0x34179073) c833_mepc 0x0000000080005cb6
core   0: 0x0000000080006080 (0x30200073) mret
core   0: 3 0x0000000080006080 (0x30200073) c768_mstatus 0x8000000a001c61a2
core   0: 0x0000000080005cb6 (0x0311f3c7) fmsub.d ft7, ft3, fa7, ft0
core   0: exception trap_illegal_instruction, epc 0x0000000080005cb6
core   0:           tval 0x000000000311f3c7
core   0: >>>>  $xrv64i2p1_m2p0_a2p1_f2p2_d2p2_zicsr2p0_zifencei2p0_zmmul1p0_zba1p0_zbb1p0_zbc1p0_zbs1p0
core   0: 0x0000000080004000 (0x0080006f) j       pc + 0x8
core   0: 3 0x0000000080004000 (0x0080006f)
core   0: >>>>  mmode_exception_handler
core   0: 0x0000000080004008 (0x00002c17) auipc   s8, 0x2
core   0: 3 0x0000000080004008 (0x00002c17) x24 0x0000000080006008
core   0: 0x000000008000400c (0x03ec0c13) addi    s8, s8, 62
core   0: 3 0x000000008000400c (0x03ec0c13) x24 0x0000000080006046
core   0: 0x0000000080004010 (0x000c00e7) jalr    s8
core   0: 3 0x0000000080004010 (0x000c00e7) x1  0x0000000080004014
core   0: >>>>  any_handler
core   0: 0x0000000080006046 (0x341027f3) csrrs   a5, mepc, zero
core   0: 3 0x0000000080006046 (0x341027f3) x15 0x0000000080005cb6
core   0: 0x000000008000604a (0x34202773) csrrs   a4, mcause, zero
core   0: 3 0x000000008000604a (0x34202773) x14 0x0000000000000002
core   0: 0x000000008000604e (0x142026f3) csrrs   a3, scause, zero
core   0: 3 0x000000008000604e (0x142026f3) x13 0x000000000000001f
core   0: 0x0000000080006052 (0x30402673) csrrs   a2, mie, zero
core   0: 3 0x0000000080006052 (0x30402673) x12 0x0000000000000a00
core   0: 0x0000000080006056 (0x344025f3) csrrs   a1, mip, zero
core   0: 3 0x0000000080006056 (0x344025f3) x11 0x0000000000000080
core   0: 0x000000008000605a (0x343025f3) csrrs   a1, mtval, zero
core   0: 3 0x000000008000605a (0x343025f3) x11 0x000000000311f3c7
core   0: 0x000000008000605e (0x14302573) csrrs   a0, stval, zero
core   0: 3 0x000000008000605e (0x14302573) x10 0x0000000000000000
core   0: 0x0000000080006062 (0xb02024f3) csrrs   s1, minstret, zero
core   0: 3 0x0000000080006062 (0xb02024f3) x9  0x0000000000001226
core   0: 0x0000000080006066 (0x0000a811) c.j     pc + 20
core   0: 3 0x0000000080006066 (0xa811)
core   0: >>>>  mepc_4
core   0: 0x000000008000607a (0x00000791) c.addi  a5, 4
core   0: 3 0x000000008000607a (0x0791) x15 0x0000000080005cba
core   0: 0x000000008000607c (0x34179073) csrrw   zero, mepc, a5
core   0: 3 0x000000008000607c (0x34179073) c833_mepc 0x0000000080005cba
core   0: 0x0000000080006080 (0x30200073) mret
core   0: 3 0x0000000080006080 (0x30200073) c768_mstatus 0x8000000a001c61a2
core   0: 0x0000000080005cba (0x018cec33) or      s8, s9, s8
core   0: 1 0x0000000080005cba (0x018cec33) x24 0x0000000080006046
core   0: 0x0000000080005cbe (0x40825393) srai    t2, tp, 8
core   0: 1 0x0000000080005cbe (0x40825393) x7  0x0000000000000000
core   0: 0x0000000080005cc2 (0x015294b3) sll     s1, t0, s5
core   0: 1 0x0000000080005cc2 (0x015294b3) x9  0x0000000000000000
core   0: 0x0000000080005cc6 (0x02973a33) mulhu   s4, a4, s1
core   0: 1 0x0000000080005cc6 (0x02973a33) x20 0x0000000000000000
core   0: 0x0000000080005cca (0x0153cab3) xor     s5, t2, s5
core   0: 1 0x0000000080005cca (0x0153cab3) x21 0x0000000000000000
core   0: 0x0000000080005cce (0x25fd7913) andi    s2, s10, 607
core   0: 1 0x0000000080005cce (0x25fd7913) x18 0x0000000000000000
core   0: 0x0000000080005cd2 (0x5bc20613) addi    a2, tp, 1468
core   0: 1 0x0000000080005cd2 (0x5bc20613) x12 0x00000000000005bd
core   0: 0x0000000080005cd6 (0x016a20b3) slt     ra, s4, s6
core   0: 1 0x0000000080005cd6 (0x016a20b3) x1  0x0000000000000000
core   0: 0x0000000080005cda (0x42f35b93) srai    s7, t1, 47
core   0: 1 0x0000000080005cda (0x42f35b93) x23 0x000000000000ffff
core   0: 0x0000000080005cde (0x001b9493) slli    s1, s7, 1
core   0: 1 0x0000000080005cde (0x001b9493) x9  0x000000000001fffe
core   0: 0x0000000080005ce2 (0x00009a13) slli    s4, ra, 0
core   0: 1 0x0000000080005ce2 (0x00009a13) x20 0x0000000000000000
core   0: 0x0000000080005ce6 (0xfec50d1b) addiw   s10, a0, -20
core   0: 1 0x0000000080005ce6 (0xfec50d1b) x26 0xffffffffffffffec
core   0: 0x0000000080005cea (0x03ad00b3) mul     ra, s10, s10
core   0: 1 0x0000000080005cea (0x03ad00b3) x1  0x0000000000000190
core   0: 0x0000000080005cee (0xd0357ed3) fcvt.s.lu ft9, a0
core   0: exception trap_illegal_instruction, epc 0x0000000080005cee
core   0:           tval 0x00000000d0357ed3
core   0: >>>>  $xrv64i2p1_m2p0_a2p1_f2p2_d2p2_zicsr2p0_zifencei2p0_zmmul1p0_zba1p0_zbb1p0_zbc1p0_zbs1p0
core   0: 0x0000000080004000 (0x0080006f) j       pc + 0x8
core   0: 3 0x0000000080004000 (0x0080006f)
core   0: >>>>  mmode_exception_handler
core   0: 0x0000000080004008 (0x00002c17) auipc   s8, 0x2
core   0: 3 0x0000000080004008 (0x00002c17) x24 0x0000000080006008
core   0: 0x000000008000400c (0x03ec0c13) addi    s8, s8, 62
core   0: 3 0x000000008000400c (0x03ec0c13) x24 0x0000000080006046
core   0: 0x0000000080004010 (0x000c00e7) jalr    s8
core   0: 3 0x0000000080004010 (0x000c00e7) x1  0x0000000080004014
core   0: >>>>  any_handler
core   0: 0x0000000080006046 (0x341027f3) csrrs   a5, mepc, zero
core   0: 3 0x0000000080006046 (0x341027f3) x15 0x0000000080005cee
core   0: 0x000000008000604a (0x34202773) csrrs   a4, mcause, zero
core   0: 3 0x000000008000604a (0x34202773) x14 0x0000000000000002
core   0: 0x000000008000604e (0x142026f3) csrrs   a3, scause, zero
core   0: 3 0x000000008000604e (0x142026f3) x13 0x000000000000001f
core   0: 0x0000000080006052 (0x30402673) csrrs   a2, mie, zero
core   0: 3 0x0000000080006052 (0x30402673) x12 0x0000000000000a00
core   0: 0x0000000080006056 (0x344025f3) csrrs   a1, mip, zero
core   0: 3 0x0000000080006056 (0x344025f3) x11 0x0000000000000080
core   0: 0x000000008000605a (0x343025f3) csrrs   a1, mtval, zero
core   0: 3 0x000000008000605a (0x343025f3) x11 0x00000000d0357ed3
core   0: 0x000000008000605e (0x14302573) csrrs   a0, stval, zero
core   0: 3 0x000000008000605e (0x14302573) x10 0x0000000000000000
core   0: 0x0000000080006062 (0xb02024f3) csrrs   s1, minstret, zero
core   0: 3 0x0000000080006062 (0xb02024f3) x9  0x0000000000001243
core   0: 0x0000000080006066 (0x0000a811) c.j     pc + 20
core   0: 3 0x0000000080006066 (0xa811)
core   0: >>>>  mepc_4
core   0: 0x000000008000607a (0x00000791) c.addi  a5, 4
core   0: 3 0x000000008000607a (0x0791) x15 0x0000000080005cf2
core   0: 0x000000008000607c (0x34179073) csrrw   zero, mepc, a5
core   0: 3 0x000000008000607c (0x34179073) c833_mepc 0x0000000080005cf2
core   0: 0x0000000080006080 (0x30200073) mret
core   0: 3 0x0000000080006080 (0x30200073) c768_mstatus 0x8000000a001c61a2
core   0: 0x0000000080005cf2 (0x861ec713) xori    a4, t4, -1951
core   0: 1 0x0000000080005cf2 (0x861ec713) x14 0xfffffffffffff861
core   0: 0x0000000080005cf6 (0x00229573) csrrw   a0, frm, t0
core   0: 1 0x0000000080005cf6 (0x00229573) x10 0x0000000000000007 c2_frm 0x0000000000000000
core   0: 0x0000000080005cfa (0x011c563b) srlw    a2, s8, a7
core   0: 1 0x0000000080005cfa (0x011c563b) x12 0xffffffff80006046
core   0: 0x0000000080005cfe (0x025ecbbb) divw    s7, t4, t0
core   0: 1 0x0000000080005cfe (0x025ecbbb) x23 0xffffffffffffffff
core   0: 0x0000000080005d02 (0x017b933b) sllw    t1, s7, s7
core   0: 1 0x0000000080005d02 (0x017b933b) x6  0xffffffff80000000
core   0: 0x0000000080005d06 (0x00631a3b) sllw    s4, t1, t1
core   0: 1 0x0000000080005d06 (0x00631a3b) x20 0xffffffff80000000
core   0: 0x0000000080005d0a (0x142052f3) csrrwi  t0, scause, 0
core   0: 1 0x0000000080005d0a (0x142052f3) x5  0x000000000000001f c322_scause 0x0000000000000000
core   0: 0x0000000080005d0e (0xc207f2d3) fcvt.w.d t0, fa5
core   0: 1 0x0000000080005d0e (0xc207f2d3) x5  0x0000000000000013
core   0: 0x0000000080005d12 (0xd039fd53) fcvt.s.lu fs10, s3
core   0: 1 0x0000000080005d12 (0xd039fd53) f26 0xffffffff00000000
core   0: 0x0000000080005d16 (0x00000001) c.nop
core   0: 1 0x0000000080005d16 (0x0001)
core   0: 0x0000000080005d18 (0x008acbb3) xor     s7, s5, s0
core   0: 1 0x0000000080005d18 (0x008acbb3) x23 0x0000000000000000
core   0: 0x0000000080005d1c (0x00d9f533) and     a0, s3, a3
core   0: 1 0x0000000080005d1c (0x00d9f533) x10 0x0000000000000000
core   0: 0x0000000080005d20 (0x420409d3) fcvt.d.s fs3, fs0
core   0: 1 0x0000000080005d20 (0x420409d3) f19 0x7ff8000000000000
core   0: 0x0000000080005d24 (0x6b397943) fmadd.d fs2, fs2, fs3, fa3
core   0: 1 0x0000000080005d24 (0x6b397943) f18 0x7ff8000000000000
core   0: 0x0000000080005d28 (0x00000001) c.nop
core   0: 1 0x0000000080005d28 (0x0001)
core   0: 0x0000000080005d2a (0xd2207f53) fcvt.d.l ft10, zero
core   0: 1 0x0000000080005d2a (0xd2207f53) f30 0x0000000000000000
core   0: 0x0000000080005d2e (0x0196f6b3) and     a3, a3, s9
core   0: 1 0x0000000080005d2e (0x0196f6b3) x13 0x0000000000000000
core   0: 0x0000000080005d32 (0x00102573) csrrs   a0, fflags, zero
core   0: 1 0x0000000080005d32 (0x00102573) x10 0x0000000000000013
core   0: 0x0000000080005d36 (0xc21df2d3) fcvt.wu.d t0, fs11
core   0: 1 0x0000000080005d36 (0xc21df2d3) x5  0x0000000000000000
core   0: 0x0000000080005d3a (0x0282d6b3) divu    a3, t0, s0
core   0: 1 0x0000000080005d3a (0x0282d6b3) x13 0xffffffffffffffff
core   0: 0x0000000080005d3e (0x1b8676d3) fdiv.d  fa3, fa2, fs8
core   0: 1 0x0000000080005d3e (0x1b8676d3) f13 0x7ff8000000000000
core   0: 0x0000000080005d42 (0x420589d3) fcvt.d.s fs3, fa1
core   0: 1 0x0000000080005d42 (0x420589d3) f19 0x7ff8000000000000
core   0: 0x0000000080005d46 (0xd034f053) fcvt.s.lu ft0, s1
core   0: 1 0x0000000080005d46 (0xd034f053) f0  0xffffffff45921800
core   0: 0x0000000080005d4a (0x0a1bfbc3) fmadd.d fs7, fs7, ft1, ft1
core   0: 1 0x0000000080005d4a (0x0a1bfbc3) f23 0x7ff8000000000000
core   0: 0x0000000080005d4e (0x0019dd13) srli    s10, s3, 1
core   0: 1 0x0000000080005d4e (0x0019dd13) x26 0x0000000000000000
core   0: 0x0000000080005d52 (0xd226f1d3) fcvt.d.l ft3, a3
core   0: 1 0x0000000080005d52 (0xd226f1d3) f3  0xbff0000000000000
core   0: 0x0000000080005d56 (0x002020f3) csrrs   ra, frm, zero
core   0: 1 0x0000000080005d56 (0x002020f3) x1  0x0000000000000000
core   0: 0x0000000080005d5a (0x020b8a3b) mulw    s4, s7, zero
core   0: 1 0x0000000080005d5a (0x020b8a3b) x20 0x0000000000000000
core   0: 0x0000000080005d5e (0x00982033) slt     zero, a6, s1
core   0: 1 0x0000000080005d5e (0x00982033)
core   0: 0x0000000080005d62 (0x70572c97) auipc   s9, 0x70572
core   0: 1 0x0000000080005d62 (0x70572c97) x25 0x00000000f0577d62
core   0: 0x0000000080005d66 (0x0000945e) c.add   s0, s7
core   0: 1 0x0000000080005d66 (0x945e) x8  0x0000000000000000
core   0: 0x0000000080005d68 (0x5a017153) fsqrt.d ft2, ft2
core   0: 1 0x0000000080005d68 (0x5a017153) f2  0x7ff8000000000000
core   0: 0x0000000080005d6c (0x02f7b633) mulhu   a2, a5, a5
core   0: 1 0x0000000080005d6c (0x02f7b633) x12 0x0000000000000000
core   0: 0x0000000080005d70 (0xe20905d3) fmv.x.d a1, fs2
core   0: 1 0x0000000080005d70 (0xe20905d3) x11 0x7ff8000000000000
core   0: 0x0000000080005d74 (0x12b4f5d3) fmul.d  fa1, fs1, fa1
core   0: 1 0x0000000080005d74 (0x12b4f5d3) f11 0x7ff8000000000000
core   0: 0x0000000080005d78 (0x01a646b3) xor     a3, a2, s10
core   0: 1 0x0000000080005d78 (0x01a646b3) x13 0x0000000000000000
core   0: 0x0000000080005d7c (0xd2160453) fcvt.d.wu fs0, a2
core   0: 1 0x0000000080005d7c (0xd2160453) f8  0x0000000000000000
core   0: 0x0000000080005d80 (0xd7aec493) xori    s1, t4, -646
core   0: 1 0x0000000080005d80 (0xd7aec493) x9  0xfffffffffffffd7a
core   0: 0x0000000080005d84 (0x01cb6733) or      a4, s6, t3
core   0: 1 0x0000000080005d84 (0x01cb6733) x14 0xffffffffffffffef
core   0: 0x0000000080005d88 (0xd2078fd3) fcvt.d.w ft11, a5
core   0: 1 0x0000000080005d88 (0xd2078fd3) f31 0xc1dfffe8c3800000
core   0: 0x0000000080005d8c (0x8007849b) addiw   s1, a5, -2048
core   0: 1 0x0000000080005d8c (0x8007849b) x9  0xffffffff800054f2
core   0: 0x0000000080005d90 (0x00102673) csrrs   a2, fflags, zero
core   0: 1 0x0000000080005d90 (0x00102673) x12 0x0000000000000013
core   0: 0x0000000080005d94 (0x22959c53) fsgnjn.d fs8, fa1, fs1
core   0: 1 0x0000000080005d94 (0x22959c53) f24 0xfff8000000000000
core   0: 0x0000000080005d98 (0x0308e8bb) remw    a7, a7, a6
core   0: 1 0x0000000080005d98 (0x0308e8bb) x17 0x0000000000000000
core   0: 0x0000000080005d9c (0x032e4cb3) div     s9, t3, s2
core   0: 1 0x0000000080005d9c (0x032e4cb3) x25 0xffffffffffffffff
core   0: 0x0000000080005da0 (0xd2000b53) fcvt.d.w fs6, zero
core   0: 1 0x0000000080005da0 (0xd2000b53) f22 0x0000000000000000
core   0: 0x0000000080005da4 (0x03bca633) mulhsu  a2, s9, s11
core   0: 1 0x0000000080005da4 (0x03bca633) x12 0xffffffffffffffff
core   0: 0x0000000080005da8 (0x23092853) fsgnjx.d fa6, fs2, fa6
core   0: 1 0x0000000080005da8 (0x23092853) f16 0xfff8000000000000
core   0: 0x0000000080005dac (0x41520a33) sub     s4, tp, s5
core   0: 1 0x0000000080005dac (0x41520a33) x20 0x0000000000000001
core   0: 0x0000000080005db0 (0x40e95d9b) sraiw   s11, s2, 14
core   0: 1 0x0000000080005db0 (0x40e95d9b) x27 0x0000000000000000
core   0: 0x0000000080005db4 (0xd23d72d3) fcvt.d.lu ft5, s10
core   0: 1 0x0000000080005db4 (0xd23d72d3) f5  0x0000000000000000
core   0: 0x0000000080005db8 (0xf124b7f3) csrrc   a5, marchid, s1
core   0: exception trap_illegal_instruction, epc 0x0000000080005db8
core   0:           tval 0x00000000f124b7f3
core   0: >>>>  $xrv64i2p1_m2p0_a2p1_f2p2_d2p2_zicsr2p0_zifencei2p0_zmmul1p0_zba1p0_zbb1p0_zbc1p0_zbs1p0
core   0: 0x0000000080004000 (0x0080006f) j       pc + 0x8
core   0: 3 0x0000000080004000 (0x0080006f)
core   0: >>>>  mmode_exception_handler
core   0: 0x0000000080004008 (0x00002c17) auipc   s8, 0x2
core   0: 3 0x0000000080004008 (0x00002c17) x24 0x0000000080006008
core   0: 0x000000008000400c (0x03ec0c13) addi    s8, s8, 62
core   0: 3 0x000000008000400c (0x03ec0c13) x24 0x0000000080006046
core   0: 0x0000000080004010 (0x000c00e7) jalr    s8
core   0: 3 0x0000000080004010 (0x000c00e7) x1  0x0000000080004014
core   0: >>>>  any_handler
core   0: 0x0000000080006046 (0x341027f3) csrrs   a5, mepc, zero
core   0: 3 0x0000000080006046 (0x341027f3) x15 0x0000000080005db8
core   0: 0x000000008000604a (0x34202773) csrrs   a4, mcause, zero
core   0: 3 0x000000008000604a (0x34202773) x14 0x0000000000000002
core   0: 0x000000008000604e (0x142026f3) csrrs   a3, scause, zero
core   0: 3 0x000000008000604e (0x142026f3) x13 0x0000000000000000
core   0: 0x0000000080006052 (0x30402673) csrrs   a2, mie, zero
core   0: 3 0x0000000080006052 (0x30402673) x12 0x0000000000000a00
core   0: 0x0000000080006056 (0x344025f3) csrrs   a1, mip, zero
core   0: 3 0x0000000080006056 (0x344025f3) x11 0x0000000000000080
core   0: 0x000000008000605a (0x343025f3) csrrs   a1, mtval, zero
core   0: 3 0x000000008000605a (0x343025f3) x11 0x00000000f124b7f3
core   0: 0x000000008000605e (0x14302573) csrrs   a0, stval, zero
core   0: 3 0x000000008000605e (0x14302573) x10 0x0000000000000000
core   0: 0x0000000080006062 (0xb02024f3) csrrs   s1, minstret, zero
core   0: 3 0x0000000080006062 (0xb02024f3) x9  0x0000000000001286
core   0: 0x0000000080006066 (0x0000a811) c.j     pc + 20
core   0: 3 0x0000000080006066 (0xa811)
core   0: >>>>  mepc_4
core   0: 0x000000008000607a (0x00000791) c.addi  a5, 4
core   0: 3 0x000000008000607a (0x0791) x15 0x0000000080005dbc
core   0: 0x000000008000607c (0x34179073) csrrw   zero, mepc, a5
core   0: 3 0x000000008000607c (0x34179073) c833_mepc 0x0000000080005dbc
core   0: 0x0000000080006080 (0x30200073) mret
core   0: 3 0x0000000080006080 (0x30200073) c768_mstatus 0x8000000a001c61a2
core   0: 0x0000000080005dbc (0x000dda93) srli    s5, s11, 0
core   0: 1 0x0000000080005dbc (0x000dda93) x21 0x0000000000000000
core   0: 0x0000000080005dc0 (0x019c903b) sllw    zero, s9, s9
core   0: 1 0x0000000080005dc0 (0x019c903b)
core   0: 0x0000000080005dc4 (0xd20a8fd3) fcvt.d.w ft11, s5
core   0: 1 0x0000000080005dc4 (0xd20a8fd3) f31 0x0000000000000000
core   0: 0x0000000080005dc8 (0xc034fcd3) fcvt.lu.s s9, fs1
core   0: 1 0x0000000080005dc8 (0xc034fcd3) c1_fflags 0x0000000000000013 x25 0xffffffffffffffff
core   0: 0x0000000080005dcc (0xc0217bd3) fcvt.l.s s7, ft2
core   0: 1 0x0000000080005dcc (0xc0217bd3) c1_fflags 0x0000000000000013 x23 0x7fffffffffffffff
core   0: 0x0000000080005dd0 (0x000b939b) slliw   t2, s7, 0
core   0: 1 0x0000000080005dd0 (0x000b939b) x7  0xffffffffffffffff
core   0: 0x0000000080005dd4 (0x407d53bb) sraw    t2, s10, t2
core   0: 1 0x0000000080005dd4 (0x407d53bb) x7  0x0000000000000000
core   0: 0x0000000080005dd8 (0x0ff0000f) fence   iorw,iorw
core   0: 1 0x0000000080005dd8 (0x0ff0000f)
core   0: 0x0000000080005ddc (0x0230e1bb) remw    gp, ra, gp
core   0: 1 0x0000000080005ddc (0x0230e1bb) x3  0xfffffffffffffff6
core   0: 0x0000000080005de0 (0x002023f3) csrrs   t2, frm, zero
core   0: 1 0x0000000080005de0 (0x002023f3) x7  0x0000000000000000
core   0: 0x0000000080005de4 (0x02a7b5b3) mulhu   a1, a5, a0
core   0: 1 0x0000000080005de4 (0x02a7b5b3) x11 0x0000000000000000
core   0: 0x0000000080005de8 (0x0010de9b) srliw   t4, ra, 1
core   0: 1 0x0000000080005de8 (0x0010de9b) x29 0x000000004000200a
core   0: 0x0000000080005dec (0x42088153) fcvt.d.s ft2, fa7
core   0: 1 0x0000000080005dec (0x42088153) f2  0x7ff8000000000000
core   0: 0x0000000080005df0 (0x34257573) csrrci  a0, mcause, 10
core   0: exception trap_illegal_instruction, epc 0x0000000080005df0
core   0:           tval 0x0000000034257573
core   0: >>>>  $xrv64i2p1_m2p0_a2p1_f2p2_d2p2_zicsr2p0_zifencei2p0_zmmul1p0_zba1p0_zbb1p0_zbc1p0_zbs1p0
core   0: 0x0000000080004000 (0x0080006f) j       pc + 0x8
core   0: 3 0x0000000080004000 (0x0080006f)
core   0: >>>>  mmode_exception_handler
core   0: 0x0000000080004008 (0x00002c17) auipc   s8, 0x2
core   0: 3 0x0000000080004008 (0x00002c17) x24 0x0000000080006008
core   0: 0x000000008000400c (0x03ec0c13) addi    s8, s8, 62
core   0: 3 0x000000008000400c (0x03ec0c13) x24 0x0000000080006046
core   0: 0x0000000080004010 (0x000c00e7) jalr    s8
core   0: 3 0x0000000080004010 (0x000c00e7) x1  0x0000000080004014
core   0: >>>>  any_handler
core   0: 0x0000000080006046 (0x341027f3) csrrs   a5, mepc, zero
core   0: 3 0x0000000080006046 (0x341027f3) x15 0x0000000080005df0
core   0: 0x000000008000604a (0x34202773) csrrs   a4, mcause, zero
core   0: 3 0x000000008000604a (0x34202773) x14 0x0000000000000002
core   0: 0x000000008000604e (0x142026f3) csrrs   a3, scause, zero
core   0: 3 0x000000008000604e (0x142026f3) x13 0x0000000000000000
core   0: 0x0000000080006052 (0x30402673) csrrs   a2, mie, zero
core   0: 3 0x0000000080006052 (0x30402673) x12 0x0000000000000a00
core   0: 0x0000000080006056 (0x344025f3) csrrs   a1, mip, zero
core   0: 3 0x0000000080006056 (0x344025f3) x11 0x0000000000000080
core   0: 0x000000008000605a (0x343025f3) csrrs   a1, mtval, zero
core   0: 3 0x000000008000605a (0x343025f3) x11 0x0000000034257573
core   0: 0x000000008000605e (0x14302573) csrrs   a0, stval, zero
core   0: 3 0x000000008000605e (0x14302573) x10 0x0000000000000000
core   0: 0x0000000080006062 (0xb02024f3) csrrs   s1, minstret, zero
core   0: 3 0x0000000080006062 (0xb02024f3) x9  0x00000000000012a3
core   0: 0x0000000080006066 (0x0000a811) c.j     pc + 20
core   0: 3 0x0000000080006066 (0xa811)
core   0: >>>>  mepc_4
core   0: 0x000000008000607a (0x00000791) c.addi  a5, 4
core   0: 3 0x000000008000607a (0x0791) x15 0x0000000080005df4
core   0: 0x000000008000607c (0x34179073) csrrw   zero, mepc, a5
core   0: 3 0x000000008000607c (0x34179073) c833_mepc 0x0000000080005df4
core   0: 0x0000000080006080 (0x30200073) mret
core   0: 3 0x0000000080006080 (0x30200073) c768_mstatus 0x8000000a001c61a2
core   0: 0x0000000080005df4 (0x00ad5eb3) srl     t4, s10, a0
core   0: 1 0x0000000080005df4 (0x00ad5eb3) x29 0x0000000000000000
core   0: 0x0000000080005df8 (0x036c90b3) mulh    ra, s9, s6
core   0: 1 0x0000000080005df8 (0x036c90b3) x1  0x0000000000000000
core   0: 0x0000000080005dfc (0x4292de93) srai    t4, t0, 41
core   0: 1 0x0000000080005dfc (0x4292de93) x29 0x0000000000000000
core   0: 0x0000000080005e00 (0x00f36433) or      s0, t1, a5
core   0: 1 0x0000000080005e00 (0x00f36433) x8  0xffffffff80005df4
core   0: 0x0000000080005e04 (0x8baa6a13) ori     s4, s4, -1862
core   0: 1 0x0000000080005e04 (0x8baa6a13) x20 0xfffffffffffff8bb
core   0: 0x0000000080005e08 (0xc2217dd3) fcvt.l.d s11, ft2
core   0: 1 0x0000000080005e08 (0xc2217dd3) c1_fflags 0x0000000000000013 x27 0x7fffffffffffffff
core   0: 0x0000000080005e0c (0x009ba9b3) slt     s3, s7, s1
core   0: 1 0x0000000080005e0c (0x009ba9b3) x19 0x0000000000000000
core   0: 0x0000000080005e10 (0xff4d0937) lui     s2, 0xff4d0
core   0: 1 0x0000000080005e10 (0xff4d0937) x18 0xffffffffff4d0000
core   0: 0x0000000080005e14 (0xadf9091b) addiw   s2, s2, -1313
core   0: 1 0x0000000080005e14 (0xadf9091b) x18 0xffffffffff4cfadf
core   0: 0x0000000080005e18 (0x00000932) c.slli  s2, 12
core   0: 1 0x0000000080005e18 (0x0932) x18 0xfffffff4cfadf000
core   0: 0x0000000080005e1a (0x19790913) addi    s2, s2, 407
core   0: 1 0x0000000080005e1a (0x19790913) x18 0xfffffff4cfadf197
core   0: 0x0000000080005e1e (0x03c162bb) remw    t0, sp, t3
core   0: 1 0x0000000080005e1e (0x03c162bb) x5  0xffffffffffffffef
core   0: 0x0000000080005e22 (0xf13098f3) csrrw   a7, mimpid, ra
core   0: exception trap_illegal_instruction, epc 0x0000000080005e22
core   0:           tval 0x00000000f13098f3
core   0: >>>>  $xrv64i2p1_m2p0_a2p1_f2p2_d2p2_zicsr2p0_zifencei2p0_zmmul1p0_zba1p0_zbb1p0_zbc1p0_zbs1p0
core   0: 0x0000000080004000 (0x0080006f) j       pc + 0x8
core   0: 3 0x0000000080004000 (0x0080006f)
core   0: >>>>  mmode_exception_handler
core   0: 0x0000000080004008 (0x00002c17) auipc   s8, 0x2
core   0: 3 0x0000000080004008 (0x00002c17) x24 0x0000000080006008
core   0: 0x000000008000400c (0x03ec0c13) addi    s8, s8, 62
core   0: 3 0x000000008000400c (0x03ec0c13) x24 0x0000000080006046
core   0: 0x0000000080004010 (0x000c00e7) jalr    s8
core   0: 3 0x0000000080004010 (0x000c00e7) x1  0x0000000080004014
core   0: >>>>  any_handler
core   0: 0x0000000080006046 (0x341027f3) csrrs   a5, mepc, zero
core   0: 3 0x0000000080006046 (0x341027f3) x15 0x0000000080005e22
core   0: 0x000000008000604a (0x34202773) csrrs   a4, mcause, zero
core   0: 3 0x000000008000604a (0x34202773) x14 0x0000000000000002
core   0: 0x000000008000604e (0x142026f3) csrrs   a3, scause, zero
core   0: 3 0x000000008000604e (0x142026f3) x13 0x0000000000000000
core   0: 0x0000000080006052 (0x30402673) csrrs   a2, mie, zero
core   0: 3 0x0000000080006052 (0x30402673) x12 0x0000000000000a00
core   0: 0x0000000080006056 (0x344025f3) csrrs   a1, mip, zero
core   0: 3 0x0000000080006056 (0x344025f3) x11 0x0000000000000080
core   0: 0x000000008000605a (0x343025f3) csrrs   a1, mtval, zero
core   0: 3 0x000000008000605a (0x343025f3) x11 0x00000000f13098f3
core   0: 0x000000008000605e (0x14302573) csrrs   a0, stval, zero
core   0: 3 0x000000008000605e (0x14302573) x10 0x0000000000000000
core   0: 0x0000000080006062 (0xb02024f3) csrrs   s1, minstret, zero
core   0: 3 0x0000000080006062 (0xb02024f3) x9  0x00000000000012bf
core   0: 0x0000000080006066 (0x0000a811) c.j     pc + 20
core   0: 3 0x0000000080006066 (0xa811)
core   0: >>>>  mepc_4
core   0: 0x000000008000607a (0x00000791) c.addi  a5, 4
core   0: 3 0x000000008000607a (0x0791) x15 0x0000000080005e26
core   0: 0x000000008000607c (0x34179073) csrrw   zero, mepc, a5
core   0: 3 0x000000008000607c (0x34179073) c833_mepc 0x0000000080005e26
core   0: 0x0000000080006080 (0x30200073) mret
core   0: 3 0x0000000080006080 (0x30200073) c768_mstatus 0x8000000a001c61a2
core   0: 0x0000000080005e26 (0x4188db9b) sraiw   s7, a7, 24
core   0: 1 0x0000000080005e26 (0x4188db9b) x23 0x0000000000000000
core   0: 0x0000000080005e2a (0x023bddbb) divuw   s11, s7, gp
core   0: 1 0x0000000080005e2a (0x023bddbb) x27 0x0000000000000000
core   0: 0x0000000080005e2e (0x02e2eb3b) remw    s6, t0, a4
core   0: 1 0x0000000080005e2e (0x02e2eb3b) x22 0xffffffffffffffff
core   0: 0x0000000080005e32 (0x0d8a809b) addiw   ra, s5, 216
core   0: 1 0x0000000080005e32 (0x0d8a809b) x1  0x00000000000000d8
core   0: 0x0000000080005e36 (0x01585613) srli    a2, a6, 21
core   0: 1 0x0000000080005e36 (0x01585613) x12 0x000003ffffffffff
core   0: 0x0000000080005e3a (0x7ff0c093) xori    ra, ra, 2047
core   0: 1 0x0000000080005e3a (0x7ff0c093) x1  0x0000000000000727
core   0: 0x0000000080005e3e (0xc232fa53) fcvt.lu.d s4, ft5
core   0: 1 0x0000000080005e3e (0xc232fa53) x20 0x0000000000000000
core   0: 0x0000000080005e42 (0xc03075d3) fcvt.lu.s a1, ft0
core   0: 1 0x0000000080005e42 (0xc03075d3) x11 0x0000000000001243
core   0: 0x0000000080005e46 (0x410e5ebb) sraw    t4, t3, a6
core   0: 1 0x0000000080005e46 (0x410e5ebb) x29 0x0000000000000000
core   0: 0x0000000080005e4a (0x002161b3) or      gp, sp, sp
core   0: 1 0x0000000080005e4a (0x002161b3) x3  0xffffffffffffffef
core   0: 0x0000000080005e4e (0x23c0add3) fsgnjx.d fs11, ft1, ft8
core   0: 1 0x0000000080005e4e (0x23c0add3) f27 0x8000000000000000
core   0: 0x0000000080005e52 (0x02a2723b) remuw   tp, tp, a0
core   0: 1 0x0000000080005e52 (0x02a2723b) x4  0x0000000000000001
core   0: 0x0000000080005e56 (0x49ebbe93) sltiu   t4, s7, 1182
core   0: 1 0x0000000080005e56 (0x49ebbe93) x29 0x0000000000000001
core   0: 0x0000000080005e5a (0x401e893b) subw    s2, t4, ra
core   0: 1 0x0000000080005e5a (0x401e893b) x18 0xfffffffffffff8da
core   0: 0x0000000080005e5e (0x419d87bb) subw    a5, s11, s9
core   0: 1 0x0000000080005e5e (0x419d87bb) x15 0x0000000000000001
core   0: 0x0000000080005e62 (0x00a7ec33) or      s8, a5, a0
core   0: 1 0x0000000080005e62 (0x00a7ec33) x24 0x0000000000000001
core   0: 0x0000000080005e66 (0x01c0fe33) and     t3, ra, t3
core   0: 1 0x0000000080005e66 (0x01c0fe33) x28 0x0000000000000000
core   0: 0x0000000080005e6a (0x01496033) or      zero, s2, s4
core   0: 1 0x0000000080005e6a (0x01496033)
core   0: 0x0000000080005e6e (0x5a0bf6d3) fsqrt.d fa3, fs7
core   0: 1 0x0000000080005e6e (0x5a0bf6d3) f13 0x7ff8000000000000
core   0: 0x0000000080005e72 (0x6cb87697) auipc   a3, 0x6cb87
core   0: 1 0x0000000080005e72 (0x6cb87697) x13 0x00000000ecb8ce72
core   0: 0x0000000080005e76 (0x00b591b3) sll     gp, a1, a1
core   0: 1 0x0000000080005e76 (0x00b591b3) x3  0x0000000000009218
core   0: 0x0000000080005e7a (0x00394333) xor     t1, s2, gp
core   0: 1 0x0000000080005e7a (0x00394333) x6  0xffffffffffff6ac2
core   0: 0x0000000080005e7e (0x4000d6b3) sra     a3, ra, zero
core   0: 1 0x0000000080005e7e (0x4000d6b3) x13 0x0000000000000727
core   0: 0x0000000080005e82 (0x009610b3) sll     ra, a2, s1
core   0: 1 0x0000000080005e82 (0x009610b3) x1  0x8000000000000000
core   0: 0x0000000080005e86 (0x0b70fed3) fsub.d  ft9, ft1, fs7
core   0: 1 0x0000000080005e86 (0x0b70fed3) f29 0x7ff8000000000000
core   0: 0x0000000080005e8a (0x02fada33) divu    s4, s5, a5
core   0: 1 0x0000000080005e8a (0x02fada33) x20 0x0000000000000000
core   0: 0x0000000080005e8e (0x2bf79fd3) fmax.d  ft11, fa5, ft11
core   0: 1 0x0000000080005e8e (0x2bf79fd3) f31 0x4033000000000000
core   0: 0x0000000080005e92 (0x40165c9b) sraiw   s9, a2, 1
core   0: 1 0x0000000080005e92 (0x40165c9b) x25 0xffffffffffffffff
core   0: 0x0000000080005e96 (0xa34776cb) fnmsub.d fa3, fa4, fs4, fs4
core   0: 1 0x0000000080005e96 (0xa34776cb) f13 0x7ff8000000000000
core   0: 0x0000000080005e9a (0x41695ab3) sra     s5, s2, s6
core   0: 1 0x0000000080005e9a (0x41695ab3) x21 0xffffffffffffffff
core   0: 0x0000000080005e9e (0x00000001) c.nop
core   0: 1 0x0000000080005e9e (0x0001)
core   0: 0x0000000080005ea0 (0x411dda3b) sraw    s4, s11, a7
core   0: 1 0x0000000080005ea0 (0x411dda3b) x20 0x0000000000000000
core   0: 0x0000000080005ea4 (0xd026f853) fcvt.s.l fa6, a3
core   0: 1 0x0000000080005ea4 (0xd026f853) f16 0xffffffff44e4e000
core   0: 0x0000000080005ea8 (0x018c7333) and     t1, s8, s8
core   0: 1 0x0000000080005ea8 (0x018c7333) x6  0x0000000000000001
core   0: 0x0000000080005eac (0x03ba87bb) mulw    a5, s5, s11
core   0: 1 0x0000000080005eac (0x03ba87bb) x15 0x0000000000000000
core   0: 0x0000000080005eb0 (0xc23476d3) fcvt.lu.d a3, fs0
core   0: 1 0x0000000080005eb0 (0xc23476d3) x13 0x0000000000000000
core   0: 0x0000000080005eb4 (0x028020b3) mulhsu  ra, zero, s0
core   0: 1 0x0000000080005eb4 (0x028020b3) x1  0x0000000000000000
core   0: 0x0000000080005eb8 (0x520df24f) fnmadd.d ft4, fs11, ft0, fa0
core   0: 1 0x0000000080005eb8 (0x520df24f) f4  0x7ff8000000000000
core   0: 0x0000000080005ebc (0x037cd3bb) divuw   t2, s9, s7
core   0: 1 0x0000000080005ebc (0x037cd3bb) x7  0xffffffffffffffff
core   0: 0x0000000080005ec0 (0x017b89bb) addw    s3, s7, s7
core   0: 1 0x0000000080005ec0 (0x017b89bb) x19 0x0000000000000000
core   0: 0x0000000080005ec4 (0x03caf3b3) remu    t2, s5, t3
core   0: 1 0x0000000080005ec4 (0x03caf3b3) x7  0xffffffffffffffff
core   0: 0x0000000080005ec8 (0x40a85033) sra     zero, a6, a0
core   0: 1 0x0000000080005ec8 (0x40a85033)
core   0: 0x0000000080005ecc (0x275f5837) lui     a6, 0x275f5
core   0: 1 0x0000000080005ecc (0x275f5837) x16 0x00000000275f5000
core   0: 0x0000000080005ed0 (0x2a4282d3) fmin.d  ft5, ft5, ft4
core   0: 1 0x0000000080005ed0 (0x2a4282d3) f5  0x0000000000000000
core   0: 0x0000000080005ed4 (0x00202473) csrrs   s0, frm, zero
core   0: 1 0x0000000080005ed4 (0x00202473) x8  0x0000000000000000
core   0: 0x0000000080005ed8 (0xf20ffc47) fmsub.d fs8, ft11, ft0, ft10
core   0: 1 0x0000000080005ed8 (0xf20ffc47) f24 0x7ff8000000000000
core   0: 0x0000000080005edc (0x414d8d33) sub     s10, s11, s4
core   0: 1 0x0000000080005edc (0x414d8d33) x26 0x0000000000000000
core   0: 0x0000000080005ee0 (0x00d87cb3) and     s9, a6, a3
core   0: 1 0x0000000080005ee0 (0x00d87cb3) x25 0x0000000000000000
core   0: 0x0000000080005ee4 (0x0065161b) slliw   a2, a0, 6
core   0: 1 0x0000000080005ee4 (0x0065161b) x12 0x0000000000000000
core   0: 0x0000000080005ee8 (0x40750133) sub     sp, a0, t2
core   0: 1 0x0000000080005ee8 (0x40750133) x2  0x0000000000000001
core   0: 0x0000000080005eec (0x83947a4f) fnmadd.d fs4, fs0, fs9, fa6
core   0: 1 0x0000000080005eec (0x83947a4f) f20 0x7ff8000000000000
core   0: 0x0000000080005ef0 (0x9273f2cf) fnmadd.d ft5, ft7, ft7, fs2
core   0: 1 0x0000000080005ef0 (0x9273f2cf) f5  0x7ff8000000000000
core   0: 0x0000000080005ef4 (0x1a0c7253) fdiv.d  ft4, fs8, ft0
core   0: 1 0x0000000080005ef4 (0x1a0c7253) f4  0x7ff8000000000000
core   0: 0x0000000080005ef8 (0xd21b0f53) fcvt.d.wu ft10, s6
core   0: 1 0x0000000080005ef8 (0xd21b0f53) f30 0x41efffffffe00000
core   0: 0x0000000080005efc (0xc210f4d3) fcvt.wu.d s1, ft1
core   0: 1 0x0000000080005efc (0xc210f4d3) x9  0x0000000000000000
core   0: 0x0000000080005f00 (0x02d847bb) divw    a5, a6, a3
core   0: 1 0x0000000080005f00 (0x02d847bb) x15 0xffffffffffffffff
core   0: 0x0000000080005f04 (0x00d3e933) or      s2, t2, a3
core   0: 1 0x0000000080005f04 (0x00d3e933) x18 0xffffffffffffffff
core   0: 0x0000000080005f08 (0xa3f40853) fle.d   a6, fs0, ft11
core   0: 1 0x0000000080005f08 (0xa3f40853) x16 0x0000000000000001
core   0: 0x0000000080005f0c (0xc033f353) fcvt.lu.s t1, ft7
core   0: 1 0x0000000080005f0c (0xc033f353) c1_fflags 0x0000000000000013 x6  0xffffffffffffffff
core   0: 0x0000000080005f10 (0x22542b53) fsgnjx.d fs6, fs0, ft5
core   0: 1 0x0000000080005f10 (0x22542b53) f22 0x0000000000000000
core   0: 0x0000000080005f14 (0x0015953b) sllw    a0, a1, ra
core   0: 1 0x0000000080005f14 (0x0015953b) x10 0x0000000000001243
core   0: 0x0000000080005f18 (0x00d07033) and     zero, zero, a3
core   0: 1 0x0000000080005f18 (0x00d07033)
core   0: 0x0000000080005f1c (0x00042433) slt     s0, s0, zero
core   0: 1 0x0000000080005f1c (0x00042433) x8  0x0000000000000000
core   0: 0x0000000080005f20 (0x401ef5d3) fcvt.s.d fa1, ft9
core   0: 1 0x0000000080005f20 (0x401ef5d3) f11 0xffffffff7fc00000
core   0: 0x0000000080005f24 (0x0359f9b3) remu    s3, s3, s5
core   0: 1 0x0000000080005f24 (0x0359f9b3) x19 0x0000000000000000
core   0: 0x0000000080005f28 (0x01d323b3) slt     t2, t1, t4
core   0: 1 0x0000000080005f28 (0x01d323b3) x7  0x0000000000000001
core   0: 0x0000000080005f2c (0x409cdc3b) sraw    s8, s9, s1
core   0: 1 0x0000000080005f2c (0x409cdc3b) x24 0x0000000000000000
core   0: 0x0000000080005f30 (0x41948a3b) subw    s4, s1, s9
core   0: 1 0x0000000080005f30 (0x41948a3b) x20 0x0000000000000000
core   0: 0x0000000080005f34 (0x5bd37347) fmsub.d ft6, ft6, ft9, fa1
core   0: 1 0x0000000080005f34 (0x5bd37347) f6  0x7ff8000000000000
core   0: 0x0000000080005f38 (0xae5e8a9b) addiw   s5, t4, -1307
core   0: 1 0x0000000080005f38 (0xae5e8a9b) x21 0xfffffffffffffae6
core   0: 0x0000000080005f3c (0x01fa5d93) srli    s11, s4, 31
core   0: 1 0x0000000080005f3c (0x01fa5d93) x27 0x0000000000000000
core   0: 0x0000000080005f40 (0x00957633) and     a2, a0, s1
core   0: 1 0x0000000080005f40 (0x00957633) x12 0x0000000000000000
core   0: 0x0000000080005f44 (0x03084833) div     a6, a6, a6
core   0: 1 0x0000000080005f44 (0x03084833) x16 0x0000000000000001
core   0: 0x0000000080005f48 (0x7ada7d47) fmsub.d fs10, fs4, fa3, fa5
core   0: 1 0x0000000080005f48 (0x7ada7d47) f26 0x7ff8000000000000
core   0: 0x0000000080005f4c (0x031b58b3) divu    a7, s6, a7
core   0: 1 0x0000000080005f4c (0x031b58b3) x17 0xffffffffffffffff
core   0: 0x0000000080005f50 (0x4021d19b) sraiw   gp, gp, 2
core   0: 1 0x0000000080005f50 (0x4021d19b) x3  0x0000000000002486
core   0: 0x0000000080005f54 (0x01d0debb) srlw    t4, ra, t4
core   0: 1 0x0000000080005f54 (0x01d0debb) x29 0x0000000000000000
core   0: 0x0000000080005f58 (0x7bba081b) addiw   a6, s4, 1979
core   0: 1 0x0000000080005f58 (0x7bba081b) x16 0x00000000000007bb
core   0: 0x0000000080005f5c (0x0201f053) fadd.d  ft0, ft3, ft0
core   0: 1 0x0000000080005f5c (0x0201f053) f0  0x7ff8000000000000
core   0: 0x0000000080005f60 (0x5a08f2d3) fsqrt.d ft5, fa7
core   0: 1 0x0000000080005f60 (0x5a08f2d3) f5  0x0000000000000000
core   0: 0x0000000080005f64 (0x002690f3) csrrw   ra, frm, a3
core   0: 1 0x0000000080005f64 (0x002690f3) x1  0x0000000000000000 c2_frm 0x0000000000000000
core   0: 0x0000000080005f68 (0x02bafb33) remu    s6, s5, a1
core   0: 1 0x0000000080005f68 (0x02bafb33) x22 0x00000000000007da
core   0: 0x0000000080005f6c (0x4228d913) srai    s2, a7, 34
core   0: 1 0x0000000080005f6c (0x4228d913) x18 0xffffffffffffffff
core   0: 0x0000000080005f70 (0x00000001) c.nop
core   0: 1 0x0000000080005f70 (0x0001)
core   0: 0x0000000080005f72 (0x415d80bb) subw    ra, s11, s5
core   0: 1 0x0000000080005f72 (0x415d80bb) x1  0x000000000000051a
core   0: 0x0000000080005f76 (0xa2a90d53) fle.d   s10, fs2, fa0
core   0: 1 0x0000000080005f76 (0xa2a90d53) c1_fflags 0x0000000000000013 x26 0x0000000000000000
core   0: 0x0000000080005f7a (0x0339f4d3) fadd.d  fs1, fs3, fs3
core   0: 1 0x0000000080005f7a (0x0339f4d3) f9  0x7ff8000000000000
core   0: 0x0000000080005f7e (0x0192ea33) or      s4, t0, s9
core   0: 1 0x0000000080005f7e (0x0192ea33) x20 0xffffffffffffffef
core   0: 0x0000000080005f82 (0x4120501b) sraiw   zero, zero, 18
core   0: 1 0x0000000080005f82 (0x4120501b)
core   0: 0x0000000080005f86 (0x00d2d2b3) srl     t0, t0, a3
core   0: 1 0x0000000080005f86 (0x00d2d2b3) x5  0xffffffffffffffef
core   0: 0x0000000080005f8a (0x0126583b) srlw    a6, a2, s2
core   0: 1 0x0000000080005f8a (0x0126583b) x16 0x0000000000000000
core   0: 0x0000000080005f8e (0xd2050ed3) fcvt.d.w ft9, a0
core   0: 1 0x0000000080005f8e (0xd2050ed3) f29 0x40b2430000000000
core   0: 0x0000000080005f92 (0x001e10b3) sll     ra, t3, ra
core   0: 1 0x0000000080005f92 (0x001e10b3) x1  0x0000000000000000
core   0: 0x0000000080005f96 (0xd23a7353) fcvt.d.lu ft6, s4
core   0: 1 0x0000000080005f96 (0xd23a7353) c1_fflags 0x0000000000000013 f6  0x43f0000000000000
core   0: 0x0000000080005f9a (0x416e52bb) sraw    t0, t3, s6
core   0: 1 0x0000000080005f9a (0x416e52bb) x5  0x0000000000000000
core   0: 0x0000000080005f9e (0x00118b9b) addiw   s7, gp, 1
core   0: 1 0x0000000080005f9e (0x00118b9b) x23 0x0000000000002487
core   0: 0x0000000080005fa2 (0x03ea7a53) fadd.d  fs4, fs4, ft10
core   0: 1 0x0000000080005fa2 (0x03ea7a53) f20 0x7ff8000000000000
core   0: 0x0000000080005fa6 (0x400e571b) sraiw   a4, t3, 0
core   0: 1 0x0000000080005fa6 (0x400e571b) x14 0x0000000000000000
core   0: 0x0000000080005faa (0x03f7fdd3) fadd.d  fs11, fa5, ft11
core   0: 1 0x0000000080005faa (0x03f7fdd3) f27 0x4043000000000000
core   0: 0x0000000080005fae (0x13987853) fmul.d  fa6, fa6, fs9
core   0: 1 0x0000000080005fae (0x13987853) f16 0x7ff8000000000000
core   0: 0x0000000080005fb2 (0x000005c2) c.slli  a1, 16
core   0: 1 0x0000000080005fb2 (0x05c2) x11 0x0000000012430000
core   0: 0x0000000080005fb4 (0x41710e33) sub     t3, sp, s7
core   0: 1 0x0000000080005fb4 (0x41710e33) x28 0xffffffffffffdb7a
core   0: 0x0000000080005fb8 (0x40197bd3) fcvt.s.d fs7, fs2
core   0: 1 0x0000000080005fb8 (0x40197bd3) f23 0xffffffff7fc00000
core   0: 0x0000000080005fbc (0x83a775c3) fmadd.d fa1, fa4, fs10, fa6
core   0: 1 0x0000000080005fbc (0x83a775c3) f11 0x7ff8000000000000
core   0: 0x0000000080005fc0 (0x00008285) c.srli  a3, 1
core   0: 1 0x0000000080005fc0 (0x8285) x13 0x0000000000000000
core   0: 0x0000000080005fc2 (0x011ed41b) srliw   s0, t4, 17
core   0: 1 0x0000000080005fc2 (0x011ed41b) x8  0x0000000000000000
core   0: 0x0000000080005fc6 (0x00281273) csrrw   tp, frm, a6
core   0: 1 0x0000000080005fc6 (0x00281273) x4  0x0000000000000000 c2_frm 0x0000000000000000
core   0: 0x0000000080005fca (0x0295e9b3) rem     s3, a1, s1
core   0: 1 0x0000000080005fca (0x0295e9b3) x19 0x0000000012430000
core   0: 0x0000000080005fce (0x009b1413) slli    s0, s6, 9
core   0: 1 0x0000000080005fce (0x009b1413) x8  0x00000000000fb400
core   0: 0x0000000080005fd2 (0x03d9debb) divuw   t4, s3, t4
core   0: 1 0x0000000080005fd2 (0x03d9debb) x29 0xffffffffffffffff
core   0: 0x0000000080005fd6 (0x02888533) mul     a0, a7, s0
core   0: 1 0x0000000080005fd6 (0x02888533) x10 0xfffffffffff04c00
core   0: 0x0000000080005fda (0xf2040dd3) fmv.d.x fs11, s0
core   0: 1 0x0000000080005fda (0xf2040dd3) f27 0x00000000000fb400
core   0: 0x0000000080005fde (0x00000001) c.nop
core   0: 1 0x0000000080005fde (0x0001)
core   0: 0x0000000080005fe0 (0xc0337253) fcvt.lu.s tp, ft6
core   0: 1 0x0000000080005fe0 (0xc0337253) c1_fflags 0x0000000000000013 x4  0xffffffffffffffff
core   0: 0x0000000080005fe4 (0xd2377cd3) fcvt.d.lu fs9, a4
core   0: 1 0x0000000080005fe4 (0xd2377cd3) f25 0x0000000000000000
core   0: 0x0000000080005fe8 (0x00091d1b) slliw   s10, s2, 0
core   0: 1 0x0000000080005fe8 (0x00091d1b) x26 0xffffffffffffffff
core   0: 0x0000000080005fec (0xc229fa53) fcvt.l.d s4, fs3
core   0: 1 0x0000000080005fec (0xc229fa53) c1_fflags 0x0000000000000013 x20 0x7fffffffffffffff
core   0: 0x0000000080005ff0 (0x00a25d1b) srliw   s10, tp, 10
core   0: 1 0x0000000080005ff0 (0x00a25d1b) x26 0x00000000003fffff
core   0: 0x0000000080005ff4 (0x001d80bb) addw    ra, s11, ra
core   0: 1 0x0000000080005ff4 (0x001d80bb) x1  0x0000000000000000
core   0: 0x0000000080005ff8 (0x001020f3) csrrs   ra, fflags, zero
core   0: 1 0x0000000080005ff8 (0x001020f3) x1  0x0000000000000013
core   0: 0x0000000080005ffc (0x00ec5db3) srl     s11, s8, a4
core   0: 1 0x0000000080005ffc (0x00ec5db3) x27 0x0000000000000000
core   0: 0x0000000080006000 (0x2a9c9cd3) fmax.d  fs9, fs9, fs1
core   0: 1 0x0000000080006000 (0x2a9c9cd3) f25 0x0000000000000000
core   0: 0x0000000080006004 (0x037080b3) mul     ra, ra, s7
core   0: 1 0x0000000080006004 (0x037080b3) x1  0x000000000002b605
core   0: 0x0000000080006008 (0xd0387a53) fcvt.s.lu fs4, a6
core   0: 1 0x0000000080006008 (0xd0387a53) f20 0xffffffff00000000
core   0: 0x000000008000600c (0xe20b8053) fmv.x.d zero, fs7
core   0: 1 0x000000008000600c (0xe20b8053)
core   0: 0x0000000080006010 (0x42058253) fcvt.d.s ft4, fa1
core   0: 1 0x0000000080006010 (0x42058253) f4  0x7ff8000000000000
core   0: 0x0000000080006014 (0x400edc3b) sraw    s8, t4, zero
core   0: 1 0x0000000080006014 (0x400edc3b) x24 0xffffffffffffffff
core   0: 0x0000000080006018 (0x404b5b33) sra     s6, s6, tp
core   0: 1 0x0000000080006018 (0x404b5b33) x22 0x0000000000000000
core   0: 0x000000008000601c (0x00440dbb) addw    s11, s0, tp
core   0: 1 0x000000008000601c (0x00440dbb) x27 0x00000000000fb3ff
core   0: 0x0000000080006020 (0x7033c497) auipc   s1, 0x7033c
core   0: 1 0x0000000080006020 (0x7033c497) x9  0x00000000f0342020
core   0: 0x0000000080006024 (0x2a1a8653) fmin.d  fa2, fs5, ft1
core   0: 1 0x0000000080006024 (0x2a1a8653) f12 0x0000000000000000
core   0: 0x0000000080006028 (0x011e94b3) sll     s1, t4, a7
core   0: 1 0x0000000080006028 (0x011e94b3) x9  0x8000000000000000
core   0: 0x000000008000602c (0x013ef633) and     a2, t4, s3
core   0: 1 0x000000008000602c (0x013ef633) x12 0x0000000012430000
core   0: 0x0000000080006030 (0xfbf8ffcf) fnmadd.d ft11, fa7, ft11, ft11
core   0: 1 0x0000000080006030 (0xfbf8ffcf) f31 0xc033000000000000
core   0: 0x0000000080006034 (0x032b8e33) mul     t3, s7, s2
core   0: 1 0x0000000080006034 (0x032b8e33) x28 0xffffffffffffdb79
core   0: 0x0000000080006038 (0x821efac3) fmadd.d fs5, ft9, ft1, fa6
core   0: 1 0x0000000080006038 (0x821efac3) f21 0x7ff8000000000000
core   0: 0x000000008000603c (0x7f80bc97) auipc   s9, 0x7f80b
core   0: 1 0x000000008000603c (0x7f80bc97) x25 0x00000000ff81103c
core   0: >>>>  write_tohost
core   0: 0x0000000080006040 (0x9a4fa0ef) jal     pc - 0x5e5c
core   0: 1 0x0000000080006040 (0x9a4fa0ef) x1  0x0000000080006044
core   0: >>>>  _exit
core   0: 0x00000000800001e4 (0x00004505) c.li    a0, 1
core   0: 1 0x00000000800001e4 (0x4505) x10 0x0000000000000001
core   0: 0x00000000800001e6 (0x00001f17) auipc   t5, 0x1
core   0: 1 0x00000000800001e6 (0x00001f17) x30 0x00000000800011e6
core   0: 0x00000000800001ea (0xe0af2d23) sw      a0, -486(t5)
core   0: 1 0x00000000800001ea (0xe0af2d23) mem 0x0000000080001000 0x00000001
cp /home/server/RISCV/cva6/verif/sim/out/seed_1863/spike_sim/new_seeds_1863_.cv64a6_imafdc_sv39.log.iss /home/server/RISCV/cva6/verif/sim/out/seed_1863/spike_sim/new_seeds_1863_.cv64a6_imafdc_sv39.log
