Makefile:14: must set CVA6_REPO_DIR to point at the root of CVA6 sources and CVA6_TB_DIR to point here -- doing it for you...
LD_LIBRARY_PATH="$(realpath ../../tools/spike/lib):$LD_LIBRARY_PATH" \
	/home/server/RISCV/cva6/tools/spike/bin/spike --steps=2000000  --log-commits --isa=rv64gc_zba_zbb_zbs_zbc_zicsr_zifencei --priv=msu -l /home/server/RISCV/cva6/verif/sim/out/seed_467/directed_asm_tests/new_seeds_467_.o
[SPIKE] Max simulation steps: 2000000
[SPIKE] Proc 0 | ISA: rv64gc_zba_zbb_zbs_zbc_zicsr_zifencei PRIV: msu
[SPIKE] Initializing memories...
core   0: 0x0000000000010000 (0x00100413) li      s0, 1
core   0: 3 0x0000000000010000 (0x00100413) x8  0x0000000000000001
core   0: 0x0000000000010004 (0x01f41413) slli    s0, s0, 31
core   0: 3 0x0000000000010004 (0x01f41413) x8  0x0000000080000000
core   0: 0x0000000000010008 (0xf1402573) csrrs   a0, mhartid, zero
core   0: 3 0x0000000000010008 (0xf1402573) x10 0x0000000000000000
core   0: 0x000000000001000c (0x00000597) auipc   a1, 0x0
core   0: 3 0x000000000001000c (0x00000597) x11 0x000000000001000c
core   0: 0x0000000000010010 (0x07458593) addi    a1, a1, 116
core   0: 3 0x0000000000010010 (0x07458593) x11 0x0000000000010080
core   0: 0x0000000000010014 (0x00040067) jr      s0
core   0: 3 0x0000000000010014 (0x00040067)
core   0: >>>>  _start
core   0: 0x0000000080000000 (0x00004081) c.li    ra, 0
core   0: 3 0x0000000080000000 (0x4081) x1  0x0000000000000000
core   0: 0x0000000080000002 (0x00004101) c.li    sp, 0
core   0: 3 0x0000000080000002 (0x4101) x2  0x0000000000000000
core   0: 0x0000000080000004 (0x00004181) c.li    gp, 0
core   0: 3 0x0000000080000004 (0x4181) x3  0x0000000000000000
core   0: 0x0000000080000006 (0x00004201) c.li    tp, 0
core   0: 3 0x0000000080000006 (0x4201) x4  0x0000000000000000
core   0: 0x0000000080000008 (0x00004281) c.li    t0, 0
core   0: 3 0x0000000080000008 (0x4281) x5  0x0000000000000000
core   0: 0x000000008000000a (0x00004301) c.li    t1, 0
core   0: 3 0x000000008000000a (0x4301) x6  0x0000000000000000
core   0: 0x000000008000000c (0x00004381) c.li    t2, 0
core   0: 3 0x000000008000000c (0x4381) x7  0x0000000000000000
core   0: 0x000000008000000e (0x00004401) c.li    s0, 0
core   0: 3 0x000000008000000e (0x4401) x8  0x0000000000000000
core   0: 0x0000000080000010 (0x00004481) c.li    s1, 0
core   0: 3 0x0000000080000010 (0x4481) x9  0x0000000000000000
core   0: 0x0000000080000012 (0x00004501) c.li    a0, 0
core   0: 3 0x0000000080000012 (0x4501) x10 0x0000000000000000
core   0: 0x0000000080000014 (0x00004581) c.li    a1, 0
core   0: 3 0x0000000080000014 (0x4581) x11 0x0000000000000000
core   0: 0x0000000080000016 (0x00004601) c.li    a2, 0
core   0: 3 0x0000000080000016 (0x4601) x12 0x0000000000000000
core   0: 0x0000000080000018 (0x00004681) c.li    a3, 0
core   0: 3 0x0000000080000018 (0x4681) x13 0x0000000000000000
core   0: 0x000000008000001a (0x00004701) c.li    a4, 0
core   0: 3 0x000000008000001a (0x4701) x14 0x0000000000000000
core   0: 0x000000008000001c (0x00004781) c.li    a5, 0
core   0: 3 0x000000008000001c (0x4781) x15 0x0000000000000000
core   0: 0x000000008000001e (0x00004801) c.li    a6, 0
core   0: 3 0x000000008000001e (0x4801) x16 0x0000000000000000
core   0: 0x0000000080000020 (0x00004881) c.li    a7, 0
core   0: 3 0x0000000080000020 (0x4881) x17 0x0000000000000000
core   0: 0x0000000080000022 (0x00004901) c.li    s2, 0
core   0: 3 0x0000000080000022 (0x4901) x18 0x0000000000000000
core   0: 0x0000000080000024 (0x00004981) c.li    s3, 0
core   0: 3 0x0000000080000024 (0x4981) x19 0x0000000000000000
core   0: 0x0000000080000026 (0x00004a01) c.li    s4, 0
core   0: 3 0x0000000080000026 (0x4a01) x20 0x0000000000000000
core   0: 0x0000000080000028 (0x00004a81) c.li    s5, 0
core   0: 3 0x0000000080000028 (0x4a81) x21 0x0000000000000000
core   0: 0x000000008000002a (0x00004b01) c.li    s6, 0
core   0: 3 0x000000008000002a (0x4b01) x22 0x0000000000000000
core   0: 0x000000008000002c (0x00004b81) c.li    s7, 0
core   0: 3 0x000000008000002c (0x4b81) x23 0x0000000000000000
core   0: 0x000000008000002e (0x00004c01) c.li    s8, 0
core   0: 3 0x000000008000002e (0x4c01) x24 0x0000000000000000
core   0: 0x0000000080000030 (0x00004c81) c.li    s9, 0
core   0: 3 0x0000000080000030 (0x4c81) x25 0x0000000000000000
core   0: 0x0000000080000032 (0x00004d01) c.li    s10, 0
core   0: 3 0x0000000080000032 (0x4d01) x26 0x0000000000000000
core   0: 0x0000000080000034 (0x00004d81) c.li    s11, 0
core   0: 3 0x0000000080000034 (0x4d81) x27 0x0000000000000000
core   0: 0x0000000080000036 (0x00004e01) c.li    t3, 0
core   0: 3 0x0000000080000036 (0x4e01) x28 0x0000000000000000
core   0: 0x0000000080000038 (0x00004e81) c.li    t4, 0
core   0: 3 0x0000000080000038 (0x4e81) x29 0x0000000000000000
core   0: 0x000000008000003a (0x00004f01) c.li    t5, 0
core   0: 3 0x000000008000003a (0x4f01) x30 0x0000000000000000
core   0: 0x000000008000003c (0x00004f81) c.li    t6, 0
core   0: 3 0x000000008000003c (0x4f81) x31 0x0000000000000000
core   0: 0x000000008000003e (0x000062f9) c.lui   t0, 0x1e
core   0: 3 0x000000008000003e (0x62f9) x5  0x000000000001e000
core   0: 0x0000000080000040 (0x3002a073) csrrs   zero, mstatus, t0
core   0: 3 0x0000000080000040 (0x3002a073) c768_mstatus 0x8000000a00006000
core   0: 0x0000000080000044 (0x00004285) c.li    t0, 1
core   0: 3 0x0000000080000044 (0x4285) x5  0x0000000000000001
core   0: 0x0000000080000046 (0x000002fe) c.slli  t0, 31
core   0: 3 0x0000000080000046 (0x02fe) x5  0x0000000080000000
core   0: 0x0000000080000048 (0x0002d863) bge     t0, zero, pc + 16
core   0: 3 0x0000000080000048 (0x0002d863)
core   0: 0x0000000080000058 (0x00000297) auipc   t0, 0x0
core   0: 3 0x0000000080000058 (0x00000297) x5  0x0000000080000058
core   0: 0x000000008000005c (0x09028293) addi    t0, t0, 144
core   0: 3 0x000000008000005c (0x09028293) x5  0x00000000800000e8
core   0: 0x0000000080000060 (0x30529073) csrrw   zero, mtvec, t0
core   0: 3 0x0000000080000060 (0x30529073) c773_mtvec 0x00000000800000e8
core   0: 0x0000000080000064 (0x00301073) csrrw   zero, fcsr, zero
core   0: 3 0x0000000080000064 (0x00301073) c1_fflags 0x0000000000000000 c2_frm 0x0000000000000000
core   0: 0x0000000080000068 (0xf0000053) fmv.w.x ft0, zero
core   0: 3 0x0000000080000068 (0xf0000053) f0  0xffffffff00000000
core   0: 0x000000008000006c (0xf00000d3) fmv.w.x ft1, zero
core   0: 3 0x000000008000006c (0xf00000d3) f1  0xffffffff00000000
core   0: 0x0000000080000070 (0xf0000153) fmv.w.x ft2, zero
core   0: 3 0x0000000080000070 (0xf0000153) f2  0xffffffff00000000
core   0: 0x0000000080000074 (0xf00001d3) fmv.w.x ft3, zero
core   0: 3 0x0000000080000074 (0xf00001d3) f3  0xffffffff00000000
core   0: 0x0000000080000078 (0xf0000253) fmv.w.x ft4, zero
core   0: 3 0x0000000080000078 (0xf0000253) f4  0xffffffff00000000
core   0: 0x000000008000007c (0xf00002d3) fmv.w.x ft5, zero
core   0: 3 0x000000008000007c (0xf00002d3) f5  0xffffffff00000000
core   0: 0x0000000080000080 (0xf0000353) fmv.w.x ft6, zero
core   0: 3 0x0000000080000080 (0xf0000353) f6  0xffffffff00000000
core   0: 0x0000000080000084 (0xf00003d3) fmv.w.x ft7, zero
core   0: 3 0x0000000080000084 (0xf00003d3) f7  0xffffffff00000000
core   0: 0x0000000080000088 (0xf0000453) fmv.w.x fs0, zero
core   0: 3 0x0000000080000088 (0xf0000453) f8  0xffffffff00000000
core   0: 0x000000008000008c (0xf00004d3) fmv.w.x fs1, zero
core   0: 3 0x000000008000008c (0xf00004d3) f9  0xffffffff00000000
core   0: 0x0000000080000090 (0xf0000553) fmv.w.x fa0, zero
core   0: 3 0x0000000080000090 (0xf0000553) f10 0xffffffff00000000
core   0: 0x0000000080000094 (0xf00005d3) fmv.w.x fa1, zero
core   0: 3 0x0000000080000094 (0xf00005d3) f11 0xffffffff00000000
core   0: 0x0000000080000098 (0xf0000653) fmv.w.x fa2, zero
core   0: 3 0x0000000080000098 (0xf0000653) f12 0xffffffff00000000
core   0: 0x000000008000009c (0xf00006d3) fmv.w.x fa3, zero
core   0: 3 0x000000008000009c (0xf00006d3) f13 0xffffffff00000000
core   0: 0x00000000800000a0 (0xf0000753) fmv.w.x fa4, zero
core   0: 3 0x00000000800000a0 (0xf0000753) f14 0xffffffff00000000
core   0: 0x00000000800000a4 (0xf00007d3) fmv.w.x fa5, zero
core   0: 3 0x00000000800000a4 (0xf00007d3) f15 0xffffffff00000000
core   0: 0x00000000800000a8 (0xf0000853) fmv.w.x fa6, zero
core   0: 3 0x00000000800000a8 (0xf0000853) f16 0xffffffff00000000
core   0: 0x00000000800000ac (0xf00008d3) fmv.w.x fa7, zero
core   0: 3 0x00000000800000ac (0xf00008d3) f17 0xffffffff00000000
core   0: 0x00000000800000b0 (0xf0000953) fmv.w.x fs2, zero
core   0: 3 0x00000000800000b0 (0xf0000953) f18 0xffffffff00000000
core   0: 0x00000000800000b4 (0xf00009d3) fmv.w.x fs3, zero
core   0: 3 0x00000000800000b4 (0xf00009d3) f19 0xffffffff00000000
core   0: 0x00000000800000b8 (0xf0000a53) fmv.w.x fs4, zero
core   0: 3 0x00000000800000b8 (0xf0000a53) f20 0xffffffff00000000
core   0: 0x00000000800000bc (0xf0000ad3) fmv.w.x fs5, zero
core   0: 3 0x00000000800000bc (0xf0000ad3) f21 0xffffffff00000000
core   0: 0x00000000800000c0 (0xf0000b53) fmv.w.x fs6, zero
core   0: 3 0x00000000800000c0 (0xf0000b53) f22 0xffffffff00000000
core   0: 0x00000000800000c4 (0xf0000bd3) fmv.w.x fs7, zero
core   0: 3 0x00000000800000c4 (0xf0000bd3) f23 0xffffffff00000000
core   0: 0x00000000800000c8 (0xf0000c53) fmv.w.x fs8, zero
core   0: 3 0x00000000800000c8 (0xf0000c53) f24 0xffffffff00000000
core   0: 0x00000000800000cc (0xf0000cd3) fmv.w.x fs9, zero
core   0: 3 0x00000000800000cc (0xf0000cd3) f25 0xffffffff00000000
core   0: 0x00000000800000d0 (0xf0000d53) fmv.w.x fs10, zero
core   0: 3 0x00000000800000d0 (0xf0000d53) f26 0xffffffff00000000
core   0: 0x00000000800000d4 (0xf0000dd3) fmv.w.x fs11, zero
core   0: 3 0x00000000800000d4 (0xf0000dd3) f27 0xffffffff00000000
core   0: 0x00000000800000d8 (0xf0000e53) fmv.w.x ft8, zero
core   0: 3 0x00000000800000d8 (0xf0000e53) f28 0xffffffff00000000
core   0: 0x00000000800000dc (0xf0000ed3) fmv.w.x ft9, zero
core   0: 3 0x00000000800000dc (0xf0000ed3) f29 0xffffffff00000000
core   0: 0x00000000800000e0 (0xf0000f53) fmv.w.x ft10, zero
core   0: 3 0x00000000800000e0 (0xf0000f53) f30 0xffffffff00000000
core   0: 0x00000000800000e4 (0xf0000fd3) fmv.w.x ft11, zero
core   0: 3 0x00000000800000e4 (0xf0000fd3) f31 0xffffffff00000000
core   0: 0x00000000800000e8 (0x00000297) auipc   t0, 0x0
core   0: 3 0x00000000800000e8 (0x00000297) x5  0x00000000800000e8
core   0: 0x00000000800000ec (0x03c28293) addi    t0, t0, 60
core   0: 3 0x00000000800000ec (0x03c28293) x5  0x0000000080000124
core   0: 0x00000000800000f0 (0x30529073) csrrw   zero, mtvec, t0
core   0: 3 0x00000000800000f0 (0x30529073) c773_mtvec 0x0000000080000124
core   0: 0x00000000800000f4 (0x00012197) auipc   gp, 0x12
core   0: 3 0x00000000800000f4 (0x00012197) x3  0x00000000800120f4
core   0: 0x00000000800000f8 (0x73418193) addi    gp, gp, 1844
core   0: 3 0x00000000800000f8 (0x73418193) x3  0x0000000080012828
core   0: 0x00000000800000fc (0x00012217) auipc   tp, 0x12
core   0: 3 0x00000000800000fc (0x00012217) x4  0x00000000800120fc
core   0: 0x0000000080000100 (0xf8320213) addi    tp, tp, -125
core   0: 3 0x0000000080000100 (0xf8320213) x4  0x000000008001207f
core   0: 0x0000000080000104 (0xfc027213) andi    tp, tp, -64
core   0: 3 0x0000000080000104 (0xfc027213) x4  0x0000000080012040
core   0: 0x0000000080000108 (0xf1402573) csrrs   a0, mhartid, zero
core   0: 3 0x0000000080000108 (0xf1402573) x10 0x0000000000000000
core   0: 0x000000008000010c (0x00004585) c.li    a1, 1
core   0: 3 0x000000008000010c (0x4585) x11 0x0000000000000001
core   0: 0x000000008000010e (0x00b57063) bgeu    a0, a1, pc + 0
core   0: 3 0x000000008000010e (0x00b57063)
core   0: 0x0000000080000112 (0x00150113) addi    sp, a0, 1
core   0: 3 0x0000000080000112 (0x00150113) x2  0x0000000000000001
core   0: 0x0000000080000116 (0x00000146) c.slli  sp, 17
core   0: 3 0x0000000080000116 (0x0146) x2  0x0000000000020000
core   0: 0x0000000080000118 (0x00009112) c.add   sp, tp
core   0: 3 0x0000000080000118 (0x9112) x2  0x0000000080032040
core   0: 0x000000008000011a (0x01151613) slli    a2, a0, 17
core   0: 3 0x000000008000011a (0x01151613) x12 0x0000000000000000
core   0: 0x000000008000011e (0x00009232) c.add   tp, a2
core   0: 3 0x000000008000011e (0x9232) x4  0x0000000080012040
core   0: 0x0000000080000120 (0x43e0f06f) j       pc + 0xf43e
core   0: 3 0x0000000080000120 (0x43e0f06f)
core   0: >>>>  _init
core   0: 0x000000008000f55e (0x00007171) c.addi16sp sp, -176
core   0: 3 0x000000008000f55e (0x7171) x2  0x0000000080031f90
core   0: 0x000000008000f560 (0x0000f506) c.sdsp  ra, 168(sp)
core   0: 3 0x000000008000f560 (0xf506) mem 0x0000000080032038 0x0000000000000000
core   0: 0x000000008000f562 (0x0000f122) c.sdsp  s0, 160(sp)
core   0: 3 0x000000008000f562 (0xf122) mem 0x0000000080032030 0x0000000000000000
core   0: 0x000000008000f564 (0x0000ed26) c.sdsp  s1, 152(sp)
core   0: 3 0x000000008000f564 (0xed26) mem 0x0000000080032028 0x0000000000000000
core   0: 0x000000008000f566 (0x00001900) c.addi4spn s0, sp, 176
core   0: 3 0x000000008000f566 (0x1900) x8  0x0000000080032040
core   0: 0x000000008000f568 (0x000087aa) c.mv    a5, a0
core   0: 3 0x000000008000f568 (0x87aa) x15 0x0000000000000000
core   0: 0x000000008000f56a (0x0000872e) c.mv    a4, a1
core   0: 3 0x000000008000f56a (0x872e) x14 0x0000000000000001
core   0: 0x000000008000f56c (0xf4f42e23) sw      a5, -164(s0)
core   0: 3 0x000000008000f56c (0xf4f42e23) mem 0x0000000080031f9c 0x00000000
core   0: 0x000000008000f570 (0x000087ba) c.mv    a5, a4
core   0: 3 0x000000008000f570 (0x87ba) x15 0x0000000000000001
core   0: 0x000000008000f572 (0xf4f42c23) sw      a5, -168(s0)
core   0: 3 0x000000008000f572 (0xf4f42c23) mem 0x0000000080031f98 0x00000001
core   0: 0x000000008000f576 (0xfe040793) addi    a5, s0, -32
core   0: 3 0x000000008000f576 (0xfe040793) x15 0x0000000080032020
core   0: 0x000000008000f57a (0xf4f43823) sd      a5, -176(s0)
core   0: 3 0x000000008000f57a (0xf4f43823) mem 0x0000000080031f90 0x0000000080032020
core   0: 0x000000008000f57e (0xf5043783) ld      a5, -176(s0)
core   0: 3 0x000000008000f57e (0xf5043783) x15 0x0000000080032020 mem 0x0000000080031f90
core   0: 0x000000008000f582 (0xf8078793) addi    a5, a5, -128
core   0: 3 0x000000008000f582 (0xf8078793) x15 0x0000000080031fa0
core   0: 0x000000008000f586 (0x03f78793) addi    a5, a5, 63
core   0: 3 0x000000008000f586 (0x03f78793) x15 0x0000000080031fdf
core   0: 0x000000008000f58a (0x00008399) c.srli  a5, 6
core   0: 3 0x000000008000f58a (0x8399) x15 0x0000000002000c7f
core   0: 0x000000008000f58c (0x00679493) slli    s1, a5, 6
core   0: 3 0x000000008000f58c (0x00679493) x9  0x0000000080031fc0
core   0: 0x000000008000f590 (0xf65ff0ef) jal     pc - 0x9c
core   0: 3 0x000000008000f590 (0xf65ff0ef) x1  0x000000008000f594
core   0: >>>>  init_tls
core   0: 0x000000008000f4f4 (0x00001101) c.addi  sp, -32
core   0: 3 0x000000008000f4f4 (0x1101) x2  0x0000000080031f70
core   0: 0x000000008000f4f6 (0x0000ec06) c.sdsp  ra, 24(sp)
core   0: 3 0x000000008000f4f6 (0xec06) mem 0x0000000080031f88 0x000000008000f594
core   0: 0x000000008000f4f8 (0x0000e822) c.sdsp  s0, 16(sp)
core   0: 3 0x000000008000f4f8 (0xe822) mem 0x0000000080031f80 0x0000000080032040
core   0: 0x000000008000f4fa (0x00001000) c.addi4spn s0, sp, 32
core   0: 3 0x000000008000f4fa (0x1000) x8  0x0000000080031f90
core   0: 0x000000008000f4fc (0x00003717) auipc   a4, 0x3
core   0: 3 0x000000008000f4fc (0x00003717) x14 0x00000000800124fc
core   0: 0x000000008000f500 (0xb2c70713) addi    a4, a4, -1236
core   0: 3 0x000000008000f500 (0xb2c70713) x14 0x0000000080012028
core   0: 0x000000008000f504 (0x00003797) auipc   a5, 0x3
core   0: 3 0x000000008000f504 (0x00003797) x15 0x0000000080012504
core   0: 0x000000008000f508 (0xb2478793) addi    a5, a5, -1244
core   0: 3 0x000000008000f508 (0xb2478793) x15 0x0000000080012028
core   0: 0x000000008000f50c (0x40f707b3) sub     a5, a4, a5
core   0: 3 0x000000008000f50c (0x40f707b3) x15 0x0000000000000000
core   0: 0x000000008000f510 (0xfef43423) sd      a5, -24(s0)
core   0: 3 0x000000008000f510 (0xfef43423) mem 0x0000000080031f78 0x0000000000000000
core   0: 0x000000008000f514 (0x00008792) c.mv    a5, tp
core   0: 3 0x000000008000f514 (0x8792) x15 0x0000000080012040
core   0: 0x000000008000f516 (0xfe843603) ld      a2, -24(s0)
core   0: 3 0x000000008000f516 (0xfe843603) x12 0x0000000000000000 mem 0x0000000080031f78
core   0: 0x000000008000f51a (0x00003597) auipc   a1, 0x3
core   0: 3 0x000000008000f51a (0x00003597) x11 0x000000008001251a
core   0: 0x000000008000f51e (0xb0e58593) addi    a1, a1, -1266
core   0: 3 0x000000008000f51e (0xb0e58593) x11 0x0000000080012028
core   0: 0x000000008000f522 (0x0000853e) c.mv    a0, a5
core   0: 3 0x000000008000f522 (0x853e) x10 0x0000000080012040
core   0: 0x000000008000f524 (0x0f9000ef) jal     pc + 0x8f8
core   0: 3 0x000000008000f524 (0x0f9000ef) x1  0x000000008000f528
core   0: >>>>  memcpy
core   0: 0x000000008000fe1c (0x0000715d) c.addi16sp sp, -80
core   0: 3 0x000000008000fe1c (0x715d) x2  0x0000000080031f20
core   0: 0x000000008000fe1e (0x0000e4a2) c.sdsp  s0, 72(sp)
core   0: 3 0x000000008000fe1e (0xe4a2) mem 0x0000000080031f68 0x0000000080031f90
core   0: 0x000000008000fe20 (0x00000880) c.addi4spn s0, sp, 80
core   0: 3 0x000000008000fe20 (0x0880) x8  0x0000000080031f70
core   0: 0x000000008000fe22 (0xfca43423) sd      a0, -56(s0)
core   0: 3 0x000000008000fe22 (0xfca43423) mem 0x0000000080031f38 0x0000000080012040
core   0: 0x000000008000fe26 (0xfcb43023) sd      a1, -64(s0)
core   0: 3 0x000000008000fe26 (0xfcb43023) mem 0x0000000080031f30 0x0000000080012028
core   0: 0x000000008000fe2a (0xfac43c23) sd      a2, -72(s0)
core   0: 3 0x000000008000fe2a (0xfac43c23) mem 0x0000000080031f28 0x0000000000000000
core   0: 0x000000008000fe2e (0xfc843703) ld      a4, -56(s0)
core   0: 3 0x000000008000fe2e (0xfc843703) x14 0x0000000080012040 mem 0x0000000080031f38
core   0: 0x000000008000fe32 (0xfc043783) ld      a5, -64(s0)
core   0: 3 0x000000008000fe32 (0xfc043783) x15 0x0000000080012028 mem 0x0000000080031f30
core   0: 0x000000008000fe36 (0x00008f5d) c.or    a4, a5
core   0: 3 0x000000008000fe36 (0x8f5d) x14 0x0000000080012068
core   0: 0x000000008000fe38 (0xfb843783) ld      a5, -72(s0)
core   0: 3 0x000000008000fe38 (0xfb843783) x15 0x0000000000000000 mem 0x0000000080031f28
core   0: 0x000000008000fe3c (0x00008fd9) c.or    a5, a4
core   0: 3 0x000000008000fe3c (0x8fd9) x15 0x0000000080012068
core   0: 0x000000008000fe3e (0x00008b9d) c.andi  a5, 7
core   0: 3 0x000000008000fe3e (0x8b9d) x15 0x0000000000000000
core   0: 0x000000008000fe40 (0x0000e3b1) c.bnez  a5, pc + 68
core   0: 3 0x000000008000fe40 (0xe3b1)
core   0: 0x000000008000fe42 (0xfc043783) ld      a5, -64(s0)
core   0: 3 0x000000008000fe42 (0xfc043783) x15 0x0000000080012028 mem 0x0000000080031f30
core   0: 0x000000008000fe46 (0xfef43423) sd      a5, -24(s0)
core   0: 3 0x000000008000fe46 (0xfef43423) mem 0x0000000080031f58 0x0000000080012028
core   0: 0x000000008000fe4a (0xfc843783) ld      a5, -56(s0)
core   0: 3 0x000000008000fe4a (0xfc843783) x15 0x0000000080012040 mem 0x0000000080031f38
core   0: 0x000000008000fe4e (0xfef43023) sd      a5, -32(s0)
core   0: 3 0x000000008000fe4e (0xfef43023) mem 0x0000000080031f50 0x0000000080012040
core   0: 0x000000008000fe52 (0x0000a839) c.j     pc + 30
core   0: 3 0x000000008000fe52 (0xa839)
core   0: 0x000000008000fe70 (0xfc843703) ld      a4, -56(s0)
core   0: 3 0x000000008000fe70 (0xfc843703) x14 0x0000000080012040 mem 0x0000000080031f38
core   0: 0x000000008000fe74 (0xfb843783) ld      a5, -72(s0)
core   0: 3 0x000000008000fe74 (0xfb843783) x15 0x0000000000000000 mem 0x0000000080031f28
core   0: 0x000000008000fe78 (0x000097ba) c.add   a5, a4
core   0: 3 0x000000008000fe78 (0x97ba) x15 0x0000000080012040
core   0: 0x000000008000fe7a (0xfe043703) ld      a4, -32(s0)
core   0: 3 0x000000008000fe7a (0xfe043703) x14 0x0000000080012040 mem 0x0000000080031f50
core   0: 0x000000008000fe7e (0xfcf76be3) bltu    a4, a5, pc - 42
core   0: 3 0x000000008000fe7e (0xfcf76be3)
core   0: 0x000000008000fe82 (0x0000a099) c.j     pc + 70
core   0: 3 0x000000008000fe82 (0xa099)
core   0: 0x000000008000fec8 (0xfc843783) ld      a5, -56(s0)
core   0: 3 0x000000008000fec8 (0xfc843783) x15 0x0000000080012040 mem 0x0000000080031f38
core   0: 0x000000008000fecc (0x0000853e) c.mv    a0, a5
core   0: 3 0x000000008000fecc (0x853e) x10 0x0000000080012040
core   0: 0x000000008000fece (0x00006426) c.ldsp  s0, 72(sp)
core   0: 3 0x000000008000fece (0x6426) x8  0x0000000080031f90 mem 0x0000000080031f68
core   0: 0x000000008000fed0 (0x00006161) c.addi16sp sp, 80
core   0: 3 0x000000008000fed0 (0x6161) x2  0x0000000080031f70
core   0: 0x000000008000fed2 (0x00008082) ret
core   0: 3 0x000000008000fed2 (0x8082)
core   0: 0x000000008000f528 (0x00003717) auipc   a4, 0x3
core   0: 3 0x000000008000f528 (0x00003717) x14 0x0000000080012528
core   0: 0x000000008000f52c (0xb9c70713) addi    a4, a4, -1124
core   0: 3 0x000000008000f52c (0xb9c70713) x14 0x00000000800120c4
core   0: 0x000000008000f530 (0x00003797) auipc   a5, 0x3
core   0: 3 0x000000008000f530 (0x00003797) x15 0x0000000080012530
core   0: 0x000000008000f534 (0xaf878793) addi    a5, a5, -1288
core   0: 3 0x000000008000f534 (0xaf878793) x15 0x0000000080012028
core   0: 0x000000008000f538 (0x40f707b3) sub     a5, a4, a5
core   0: 3 0x000000008000f538 (0x40f707b3) x15 0x000000000000009c
core   0: 0x000000008000f53c (0xfef43023) sd      a5, -32(s0)
core   0: 3 0x000000008000f53c (0xfef43023) mem 0x0000000080031f70 0x000000000000009c
core   0: 0x000000008000f540 (0x00008712) c.mv    a4, tp
core   0: 3 0x000000008000f540 (0x8712) x14 0x0000000080012040
core   0: 0x000000008000f542 (0xfe843783) ld      a5, -24(s0)
core   0: 3 0x000000008000f542 (0xfe843783) x15 0x0000000000000000 mem 0x0000000080031f78
core   0: 0x000000008000f546 (0x000097ba) c.add   a5, a4
core   0: 3 0x000000008000f546 (0x97ba) x15 0x0000000080012040
core   0: 0x000000008000f548 (0xfe043603) ld      a2, -32(s0)
core   0: 3 0x000000008000f548 (0xfe043603) x12 0x000000000000009c mem 0x0000000080031f70
core   0: 0x000000008000f54c (0x00004581) c.li    a1, 0
core   0: 3 0x000000008000f54c (0x4581) x11 0x0000000000000000
core   0: 0x000000008000f54e (0x0000853e) c.mv    a0, a5
core   0: 3 0x000000008000f54e (0x853e) x10 0x0000000080012040
core   0: 0x000000008000f550 (0x185000ef) jal     pc + 0x984
core   0: 3 0x000000008000f550 (0x185000ef) x1  0x000000008000f554
core   0: >>>>  memset
core   0: 0x000000008000fed4 (0x0000715d) c.addi16sp sp, -80
core   0: 3 0x000000008000fed4 (0x715d) x2  0x0000000080031f20
core   0: 0x000000008000fed6 (0x0000e4a2) c.sdsp  s0, 72(sp)
core   0: 3 0x000000008000fed6 (0xe4a2) mem 0x0000000080031f68 0x0000000080031f90
core   0: 0x000000008000fed8 (0x00000880) c.addi4spn s0, sp, 80
core   0: 3 0x000000008000fed8 (0x0880) x8  0x0000000080031f70
core   0: 0x000000008000feda (0xfca43423) sd      a0, -56(s0)
core   0: 3 0x000000008000feda (0xfca43423) mem 0x0000000080031f38 0x0000000080012040
core   0: 0x000000008000fede (0x000087ae) c.mv    a5, a1
core   0: 3 0x000000008000fede (0x87ae) x15 0x0000000000000000
core   0: 0x000000008000fee0 (0xfac43c23) sd      a2, -72(s0)
core   0: 3 0x000000008000fee0 (0xfac43c23) mem 0x0000000080031f28 0x000000000000009c
core   0: 0x000000008000fee4 (0xfcf42223) sw      a5, -60(s0)
core   0: 3 0x000000008000fee4 (0xfcf42223) mem 0x0000000080031f34 0x00000000
core   0: 0x000000008000fee8 (0xfc843703) ld      a4, -56(s0)
core   0: 3 0x000000008000fee8 (0xfc843703) x14 0x0000000080012040 mem 0x0000000080031f38
core   0: 0x000000008000feec (0xfb843783) ld      a5, -72(s0)
core   0: 3 0x000000008000feec (0xfb843783) x15 0x000000000000009c mem 0x0000000080031f28
core   0: 0x000000008000fef0 (0x00008fd9) c.or    a5, a4
core   0: 3 0x000000008000fef0 (0x8fd9) x15 0x00000000800120dc
core   0: 0x000000008000fef2 (0x00008b9d) c.andi  a5, 7
core   0: 3 0x000000008000fef2 (0x8b9d) x15 0x0000000000000004
core   0: 0x000000008000fef4 (0x0000e7bd) c.bnez  a5, pc + 110
core   0: 3 0x000000008000fef4 (0xe7bd)
core   0: 0x000000008000ff62 (0xfc843783) ld      a5, -56(s0)
core   0: 3 0x000000008000ff62 (0xfc843783) x15 0x0000000080012040 mem 0x0000000080031f38
core   0: 0x000000008000ff66 (0xfef43023) sd      a5, -32(s0)
core   0: 3 0x000000008000ff66 (0xfef43023) mem 0x0000000080031f50 0x0000000080012040
core   0: 0x000000008000ff6a (0x0000a829) c.j     pc + 26
core   0: 3 0x000000008000ff6a (0xa829)
core   0: 0x000000008000ff84 (0xfc843703) ld      a4, -56(s0)
core   0: 3 0x000000008000ff84 (0xfc843703) x14 0x0000000080012040 mem 0x0000000080031f38
core   0: 0x000000008000ff88 (0xfb843783) ld      a5, -72(s0)
core   0: 3 0x000000008000ff88 (0xfb843783) x15 0x000000000000009c mem 0x0000000080031f28
core   0: 0x000000008000ff8c (0x000097ba) c.add   a5, a4
core   0: 3 0x000000008000ff8c (0x97ba) x15 0x00000000800120dc
core   0: 0x000000008000ff8e (0xfe043703) ld      a4, -32(s0)
core   0: 3 0x000000008000ff8e (0xfe043703) x14 0x0000000080012040 mem 0x0000000080031f50
core   0: 0x000000008000ff92 (0xfcf76de3) bltu    a4, a5, pc - 38
core   0: 3 0x000000008000ff92 (0xfcf76de3)
core   0: 0x000000008000ff6c (0xfe043783) ld      a5, -32(s0)
core   0: 3 0x000000008000ff6c (0xfe043783) x15 0x0000000080012040 mem 0x0000000080031f50
core   0: 0x000000008000ff70 (0x00178713) addi    a4, a5, 1
core   0: 3 0x000000008000ff70 (0x00178713) x14 0x0000000080012041
core   0: 0x000000008000ff74 (0xfee43023) sd      a4, -32(s0)
core   0: 3 0x000000008000ff74 (0xfee43023) mem 0x0000000080031f50 0x0000000080012041
core   0: 0x000000008000ff78 (0xfc442703) lw      a4, -60(s0)
core   0: 3 0x000000008000ff78 (0xfc442703) x14 0x0000000000000000 mem 0x0000000080031f34
core   0: 0x000000008000ff7c (0x0ff77713) andi    a4, a4, 255
core   0: 3 0x000000008000ff7c (0x0ff77713) x14 0x0000000000000000
core   0: 0x000000008000ff80 (0x00e78023) sb      a4, 0(a5)
core   0: 3 0x000000008000ff80 (0x00e78023) mem 0x0000000080012040 0x00
core   0: 0x000000008000ff84 (0xfc843703) ld      a4, -56(s0)
core   0: 3 0x000000008000ff84 (0xfc843703) x14 0x0000000080012040 mem 0x0000000080031f38
core   0: 0x000000008000ff88 (0xfb843783) ld      a5, -72(s0)
core   0: 3 0x000000008000ff88 (0xfb843783) x15 0x000000000000009c mem 0x0000000080031f28
core   0: 0x000000008000ff8c (0x000097ba) c.add   a5, a4
core   0: 3 0x000000008000ff8c (0x97ba) x15 0x00000000800120dc
core   0: 0x000000008000ff8e (0xfe043703) ld      a4, -32(s0)
core   0: 3 0x000000008000ff8e (0xfe043703) x14 0x0000000080012041 mem 0x0000000080031f50
core   0: 0x000000008000ff92 (0xfcf76de3) bltu    a4, a5, pc - 38
core   0: 3 0x000000008000ff92 (0xfcf76de3)
core   0: 0x000000008000ff6c (0xfe043783) ld      a5, -32(s0)
core   0: 3 0x000000008000ff6c (0xfe043783) x15 0x0000000080012041 mem 0x0000000080031f50
core   0: 0x000000008000ff70 (0x00178713) addi    a4, a5, 1
core   0: 3 0x000000008000ff70 (0x00178713) x14 0x0000000080012042
core   0: 0x000000008000ff74 (0xfee43023) sd      a4, -32(s0)
core   0: 3 0x000000008000ff74 (0xfee43023) mem 0x0000000080031f50 0x0000000080012042
core   0: 0x000000008000ff78 (0xfc442703) lw      a4, -60(s0)
core   0: 3 0x000000008000ff78 (0xfc442703) x14 0x0000000000000000 mem 0x0000000080031f34
core   0: 0x000000008000ff7c (0x0ff77713) andi    a4, a4, 255
core   0: 3 0x000000008000ff7c (0x0ff77713) x14 0x0000000000000000
core   0: 0x000000008000ff80 (0x00e78023) sb      a4, 0(a5)
core   0: 3 0x000000008000ff80 (0x00e78023) mem 0x0000000080012041 0x00
core   0: 0x000000008000ff84 (0xfc843703) ld      a4, -56(s0)
core   0: 3 0x000000008000ff84 (0xfc843703) x14 0x0000000080012040 mem 0x0000000080031f38
core   0: 0x000000008000ff88 (0xfb843783) ld      a5, -72(s0)
core   0: 3 0x000000008000ff88 (0xfb843783) x15 0x000000000000009c mem 0x0000000080031f28
core   0: 0x000000008000ff8c (0x000097ba) c.add   a5, a4
core   0: 3 0x000000008000ff8c (0x97ba) x15 0x00000000800120dc
core   0: 0x000000008000ff8e (0xfe043703) ld      a4, -32(s0)
core   0: 3 0x000000008000ff8e (0xfe043703) x14 0x0000000080012042 mem 0x0000000080031f50
core   0: 0x000000008000ff92 (0xfcf76de3) bltu    a4, a5, pc - 38
core   0: 3 0x000000008000ff92 (0xfcf76de3)
core   0: 0x000000008000ff6c (0xfe043783) ld      a5, -32(s0)
core   0: 3 0x000000008000ff6c (0xfe043783) x15 0x0000000080012042 mem 0x0000000080031f50
core   0: 0x000000008000ff70 (0x00178713) addi    a4, a5, 1
core   0: 3 0x000000008000ff70 (0x00178713) x14 0x0000000080012043
core   0: 0x000000008000ff74 (0xfee43023) sd      a4, -32(s0)
core   0: 3 0x000000008000ff74 (0xfee43023) mem 0x0000000080031f50 0x0000000080012043
core   0: 0x000000008000ff78 (0xfc442703) lw      a4, -60(s0)
core   0: 3 0x000000008000ff78 (0xfc442703) x14 0x0000000000000000 mem 0x0000000080031f34
core   0: 0x000000008000ff7c (0x0ff77713) andi    a4, a4, 255
core   0: 3 0x000000008000ff7c (0x0ff77713) x14 0x0000000000000000
core   0: 0x000000008000ff80 (0x00e78023) sb      a4, 0(a5)
core   0: 3 0x000000008000ff80 (0x00e78023) mem 0x0000000080012042 0x00
core   0: 0x000000008000ff84 (0xfc843703) ld      a4, -56(s0)
core   0: 3 0x000000008000ff84 (0xfc843703) x14 0x0000000080012040 mem 0x0000000080031f38
core   0: 0x000000008000ff88 (0xfb843783) ld      a5, -72(s0)
core   0: 3 0x000000008000ff88 (0xfb843783) x15 0x000000000000009c mem 0x0000000080031f28
core   0: 0x000000008000ff8c (0x000097ba) c.add   a5, a4
core   0: 3 0x000000008000ff8c (0x97ba) x15 0x00000000800120dc
core   0: 0x000000008000ff8e (0xfe043703) ld      a4, -32(s0)
core   0: 3 0x000000008000ff8e (0xfe043703) x14 0x0000000080012043 mem 0x0000000080031f50
core   0: 0x000000008000ff92 (0xfcf76de3) bltu    a4, a5, pc - 38
core   0: 3 0x000000008000ff92 (0xfcf76de3)
core   0: 0x000000008000ff6c (0xfe043783) ld      a5, -32(s0)
core   0: 3 0x000000008000ff6c (0xfe043783) x15 0x0000000080012043 mem 0x0000000080031f50
core   0: 0x000000008000ff70 (0x00178713) addi    a4, a5, 1
core   0: 3 0x000000008000ff70 (0x00178713) x14 0x0000000080012044
core   0: 0x000000008000ff74 (0xfee43023) sd      a4, -32(s0)
core   0: 3 0x000000008000ff74 (0xfee43023) mem 0x0000000080031f50 0x0000000080012044
core   0: 0x000000008000ff78 (0xfc442703) lw      a4, -60(s0)
core   0: 3 0x000000008000ff78 (0xfc442703) x14 0x0000000000000000 mem 0x0000000080031f34
core   0: 0x000000008000ff7c (0x0ff77713) andi    a4, a4, 255
core   0: 3 0x000000008000ff7c (0x0ff77713) x14 0x0000000000000000
core   0: 0x000000008000ff80 (0x00e78023) sb      a4, 0(a5)
core   0: 3 0x000000008000ff80 (0x00e78023) mem 0x0000000080012043 0x00
core   0: 0x000000008000ff84 (0xfc843703) ld      a4, -56(s0)
core   0: 3 0x000000008000ff84 (0xfc843703) x14 0x0000000080012040 mem 0x0000000080031f38
core   0: 0x000000008000ff88 (0xfb843783) ld      a5, -72(s0)
core   0: 3 0x000000008000ff88 (0xfb843783) x15 0x000000000000009c mem 0x0000000080031f28
core   0: 0x000000008000ff8c (0x000097ba) c.add   a5, a4
core   0: 3 0x000000008000ff8c (0x97ba) x15 0x00000000800120dc
core   0: 0x000000008000ff8e (0xfe043703) ld      a4, -32(s0)
core   0: 3 0x000000008000ff8e (0xfe043703) x14 0x0000000080012044 mem 0x0000000080031f50
core   0: 0x000000008000ff92 (0xfcf76de3) bltu    a4, a5, pc - 38
core   0: 3 0x000000008000ff92 (0xfcf76de3)
core   0: 0x000000008000ff6c (0xfe043783) ld      a5, -32(s0)
core   0: 3 0x000000008000ff6c (0xfe043783) x15 0x0000000080012044 mem 0x0000000080031f50
core   0: 0x000000008000ff70 (0x00178713) addi    a4, a5, 1
core   0: 3 0x000000008000ff70 (0x00178713) x14 0x0000000080012045
core   0: 0x000000008000ff74 (0xfee43023) sd      a4, -32(s0)
core   0: 3 0x000000008000ff74 (0xfee43023) mem 0x0000000080031f50 0x0000000080012045
core   0: 0x000000008000ff78 (0xfc442703) lw      a4, -60(s0)
core   0: 3 0x000000008000ff78 (0xfc442703) x14 0x0000000000000000 mem 0x0000000080031f34
core   0: 0x000000008000ff7c (0x0ff77713) andi    a4, a4, 255
core   0: 3 0x000000008000ff7c (0x0ff77713) x14 0x0000000000000000
core   0: 0x000000008000ff80 (0x00e78023) sb      a4, 0(a5)
core   0: 3 0x000000008000ff80 (0x00e78023) mem 0x0000000080012044 0x00
core   0: 0x000000008000ff84 (0xfc843703) ld      a4, -56(s0)
core   0: 3 0x000000008000ff84 (0xfc843703) x14 0x0000000080012040 mem 0x0000000080031f38
core   0: 0x000000008000ff88 (0xfb843783) ld      a5, -72(s0)
core   0: 3 0x000000008000ff88 (0xfb843783) x15 0x000000000000009c mem 0x0000000080031f28
core   0: 0x000000008000ff8c (0x000097ba) c.add   a5, a4
core   0: 3 0x000000008000ff8c (0x97ba) x15 0x00000000800120dc
core   0: 0x000000008000ff8e (0xfe043703) ld      a4, -32(s0)
core   0: 3 0x000000008000ff8e (0xfe043703) x14 0x0000000080012045 mem 0x0000000080031f50
core   0: 0x000000008000ff92 (0xfcf76de3) bltu    a4, a5, pc - 38
core   0: 3 0x000000008000ff92 (0xfcf76de3)
core   0: 0x000000008000ff6c (0xfe043783) ld      a5, -32(s0)
core   0: 3 0x000000008000ff6c (0xfe043783) x15 0x0000000080012045 mem 0x0000000080031f50
core   0: 0x000000008000ff70 (0x00178713) addi    a4, a5, 1
core   0: 3 0x000000008000ff70 (0x00178713) x14 0x0000000080012046
core   0: 0x000000008000ff74 (0xfee43023) sd      a4, -32(s0)
core   0: 3 0x000000008000ff74 (0xfee43023) mem 0x0000000080031f50 0x0000000080012046
core   0: 0x000000008000ff78 (0xfc442703) lw      a4, -60(s0)
core   0: 3 0x000000008000ff78 (0xfc442703) x14 0x0000000000000000 mem 0x0000000080031f34
core   0: 0x000000008000ff7c (0x0ff77713) andi    a4, a4, 255
core   0: 3 0x000000008000ff7c (0x0ff77713) x14 0x0000000000000000
core   0: 0x000000008000ff80 (0x00e78023) sb      a4, 0(a5)
core   0: 3 0x000000008000ff80 (0x00e78023) mem 0x0000000080012045 0x00
core   0: 0x000000008000ff84 (0xfc843703) ld      a4, -56(s0)
core   0: 3 0x000000008000ff84 (0xfc843703) x14 0x0000000080012040 mem 0x0000000080031f38
core   0: 0x000000008000ff88 (0xfb843783) ld      a5, -72(s0)
core   0: 3 0x000000008000ff88 (0xfb843783) x15 0x000000000000009c mem 0x0000000080031f28
core   0: 0x000000008000ff8c (0x000097ba) c.add   a5, a4
core   0: 3 0x000000008000ff8c (0x97ba) x15 0x00000000800120dc
core   0: 0x000000008000ff8e (0xfe043703) ld      a4, -32(s0)
core   0: 3 0x000000008000ff8e (0xfe043703) x14 0x0000000080012046 mem 0x0000000080031f50
core   0: 0x000000008000ff92 (0xfcf76de3) bltu    a4, a5, pc - 38
core   0: 3 0x000000008000ff92 (0xfcf76de3)
core   0: 0x000000008000ff6c (0xfe043783) ld      a5, -32(s0)
core   0: 3 0x000000008000ff6c (0xfe043783) x15 0x0000000080012046 mem 0x0000000080031f50
core   0: 0x000000008000ff70 (0x00178713) addi    a4, a5, 1
core   0: 3 0x000000008000ff70 (0x00178713) x14 0x0000000080012047
core   0: 0x000000008000ff74 (0xfee43023) sd      a4, -32(s0)
core   0: 3 0x000000008000ff74 (0xfee43023) mem 0x0000000080031f50 0x0000000080012047
core   0: 0x000000008000ff78 (0xfc442703) lw      a4, -60(s0)
core   0: 3 0x000000008000ff78 (0xfc442703) x14 0x0000000000000000 mem 0x0000000080031f34
core   0: 0x000000008000ff7c (0x0ff77713) andi    a4, a4, 255
core   0: 3 0x000000008000ff7c (0x0ff77713) x14 0x0000000000000000
core   0: 0x000000008000ff80 (0x00e78023) sb      a4, 0(a5)
core   0: 3 0x000000008000ff80 (0x00e78023) mem 0x0000000080012046 0x00
core   0: 0x000000008000ff84 (0xfc843703) ld      a4, -56(s0)
core   0: 3 0x000000008000ff84 (0xfc843703) x14 0x0000000080012040 mem 0x0000000080031f38
core   0: 0x000000008000ff88 (0xfb843783) ld      a5, -72(s0)
core   0: 3 0x000000008000ff88 (0xfb843783) x15 0x000000000000009c mem 0x0000000080031f28
core   0: 0x000000008000ff8c (0x000097ba) c.add   a5, a4
core   0: 3 0x000000008000ff8c (0x97ba) x15 0x00000000800120dc
core   0: 0x000000008000ff8e (0xfe043703) ld      a4, -32(s0)
core   0: 3 0x000000008000ff8e (0xfe043703) x14 0x0000000080012047 mem 0x0000000080031f50
core   0: 0x000000008000ff92 (0xfcf76de3) bltu    a4, a5, pc - 38
core   0: 3 0x000000008000ff92 (0xfcf76de3)
core   0: 0x000000008000ff6c (0xfe043783) ld      a5, -32(s0)
core   0: 3 0x000000008000ff6c (0xfe043783) x15 0x0000000080012047 mem 0x0000000080031f50
core   0: 0x000000008000ff70 (0x00178713) addi    a4, a5, 1
core   0: 3 0x000000008000ff70 (0x00178713) x14 0x0000000080012048
core   0: 0x000000008000ff74 (0xfee43023) sd      a4, -32(s0)
core   0: 3 0x000000008000ff74 (0xfee43023) mem 0x0000000080031f50 0x0000000080012048
core   0: 0x000000008000ff78 (0xfc442703) lw      a4, -60(s0)
core   0: 3 0x000000008000ff78 (0xfc442703) x14 0x0000000000000000 mem 0x0000000080031f34
core   0: 0x000000008000ff7c (0x0ff77713) andi    a4, a4, 255
core   0: 3 0x000000008000ff7c (0x0ff77713) x14 0x0000000000000000
core   0: 0x000000008000ff80 (0x00e78023) sb      a4, 0(a5)
core   0: 3 0x000000008000ff80 (0x00e78023) mem 0x0000000080012047 0x00
core   0: 0x000000008000ff84 (0xfc843703) ld      a4, -56(s0)
core   0: 3 0x000000008000ff84 (0xfc843703) x14 0x0000000080012040 mem 0x0000000080031f38
core   0: 0x000000008000ff88 (0xfb843783) ld      a5, -72(s0)
core   0: 3 0x000000008000ff88 (0xfb843783) x15 0x000000000000009c mem 0x0000000080031f28
core   0: 0x000000008000ff8c (0x000097ba) c.add   a5, a4
core   0: 3 0x000000008000ff8c (0x97ba) x15 0x00000000800120dc
core   0: 0x000000008000ff8e (0xfe043703) ld      a4, -32(s0)
core   0: 3 0x000000008000ff8e (0xfe043703) x14 0x0000000080012048 mem 0x0000000080031f50
core   0: 0x000000008000ff92 (0xfcf76de3) bltu    a4, a5, pc - 38
core   0: 3 0x000000008000ff92 (0xfcf76de3)
core   0: 0x000000008000ff6c (0xfe043783) ld      a5, -32(s0)
core   0: 3 0x000000008000ff6c (0xfe043783) x15 0x0000000080012048 mem 0x0000000080031f50
core   0: 0x000000008000ff70 (0x00178713) addi    a4, a5, 1
core   0: 3 0x000000008000ff70 (0x00178713) x14 0x0000000080012049
core   0: 0x000000008000ff74 (0xfee43023) sd      a4, -32(s0)
core   0: 3 0x000000008000ff74 (0xfee43023) mem 0x0000000080031f50 0x0000000080012049
core   0: 0x000000008000ff78 (0xfc442703) lw      a4, -60(s0)
core   0: 3 0x000000008000ff78 (0xfc442703) x14 0x0000000000000000 mem 0x0000000080031f34
core   0: 0x000000008000ff7c (0x0ff77713) andi    a4, a4, 255
core   0: 3 0x000000008000ff7c (0x0ff77713) x14 0x0000000000000000
core   0: 0x000000008000ff80 (0x00e78023) sb      a4, 0(a5)
core   0: 3 0x000000008000ff80 (0x00e78023) mem 0x0000000080012048 0x00
core   0: 0x000000008000ff84 (0xfc843703) ld      a4, -56(s0)
core   0: 3 0x000000008000ff84 (0xfc843703) x14 0x0000000080012040 mem 0x0000000080031f38
core   0: 0x000000008000ff88 (0xfb843783) ld      a5, -72(s0)
core   0: 3 0x000000008000ff88 (0xfb843783) x15 0x000000000000009c mem 0x0000000080031f28
core   0: 0x000000008000ff8c (0x000097ba) c.add   a5, a4
core   0: 3 0x000000008000ff8c (0x97ba) x15 0x00000000800120dc
core   0: 0x000000008000ff8e (0xfe043703) ld      a4, -32(s0)
core   0: 3 0x000000008000ff8e (0xfe043703) x14 0x0000000080012049 mem 0x0000000080031f50
core   0: 0x000000008000ff92 (0xfcf76de3) bltu    a4, a5, pc - 38
core   0: 3 0x000000008000ff92 (0xfcf76de3)
core   0: 0x000000008000ff6c (0xfe043783) ld      a5, -32(s0)
core   0: 3 0x000000008000ff6c (0xfe043783) x15 0x0000000080012049 mem 0x0000000080031f50
core   0: 0x000000008000ff70 (0x00178713) addi    a4, a5, 1
core   0: 3 0x000000008000ff70 (0x00178713) x14 0x000000008001204a
core   0: 0x000000008000ff74 (0xfee43023) sd      a4, -32(s0)
core   0: 3 0x000000008000ff74 (0xfee43023) mem 0x0000000080031f50 0x000000008001204a
core   0: 0x000000008000ff78 (0xfc442703) lw      a4, -60(s0)
core   0: 3 0x000000008000ff78 (0xfc442703) x14 0x0000000000000000 mem 0x0000000080031f34
core   0: 0x000000008000ff7c (0x0ff77713) andi    a4, a4, 255
core   0: 3 0x000000008000ff7c (0x0ff77713) x14 0x0000000000000000
core   0: 0x000000008000ff80 (0x00e78023) sb      a4, 0(a5)
core   0: 3 0x000000008000ff80 (0x00e78023) mem 0x0000000080012049 0x00
core   0: 0x000000008000ff84 (0xfc843703) ld      a4, -56(s0)
core   0: 3 0x000000008000ff84 (0xfc843703) x14 0x0000000080012040 mem 0x0000000080031f38
core   0: 0x000000008000ff88 (0xfb843783) ld      a5, -72(s0)
core   0: 3 0x000000008000ff88 (0xfb843783) x15 0x000000000000009c mem 0x0000000080031f28
core   0: 0x000000008000ff8c (0x000097ba) c.add   a5, a4
core   0: 3 0x000000008000ff8c (0x97ba) x15 0x00000000800120dc
core   0: 0x000000008000ff8e (0xfe043703) ld      a4, -32(s0)
core   0: 3 0x000000008000ff8e (0xfe043703) x14 0x000000008001204a mem 0x0000000080031f50
core   0: 0x000000008000ff92 (0xfcf76de3) bltu    a4, a5, pc - 38
core   0: 3 0x000000008000ff92 (0xfcf76de3)
core   0: 0x000000008000ff6c (0xfe043783) ld      a5, -32(s0)
core   0: 3 0x000000008000ff6c (0xfe043783) x15 0x000000008001204a mem 0x0000000080031f50
core   0: 0x000000008000ff70 (0x00178713) addi    a4, a5, 1
core   0: 3 0x000000008000ff70 (0x00178713) x14 0x000000008001204b
core   0: 0x000000008000ff74 (0xfee43023) sd      a4, -32(s0)
core   0: 3 0x000000008000ff74 (0xfee43023) mem 0x0000000080031f50 0x000000008001204b
core   0: 0x000000008000ff78 (0xfc442703) lw      a4, -60(s0)
core   0: 3 0x000000008000ff78 (0xfc442703) x14 0x0000000000000000 mem 0x0000000080031f34
core   0: 0x000000008000ff7c (0x0ff77713) andi    a4, a4, 255
core   0: 3 0x000000008000ff7c (0x0ff77713) x14 0x0000000000000000
core   0: 0x000000008000ff80 (0x00e78023) sb      a4, 0(a5)
core   0: 3 0x000000008000ff80 (0x00e78023) mem 0x000000008001204a 0x00
core   0: 0x000000008000ff84 (0xfc843703) ld      a4, -56(s0)
core   0: 3 0x000000008000ff84 (0xfc843703) x14 0x0000000080012040 mem 0x0000000080031f38
core   0: 0x000000008000ff88 (0xfb843783) ld      a5, -72(s0)
core   0: 3 0x000000008000ff88 (0xfb843783) x15 0x000000000000009c mem 0x0000000080031f28
core   0: 0x000000008000ff8c (0x000097ba) c.add   a5, a4
core   0: 3 0x000000008000ff8c (0x97ba) x15 0x00000000800120dc
core   0: 0x000000008000ff8e (0xfe043703) ld      a4, -32(s0)
core   0: 3 0x000000008000ff8e (0xfe043703) x14 0x000000008001204b mem 0x0000000080031f50
core   0: 0x000000008000ff92 (0xfcf76de3) bltu    a4, a5, pc - 38
core   0: 3 0x000000008000ff92 (0xfcf76de3)
core   0: 0x000000008000ff6c (0xfe043783) ld      a5, -32(s0)
core   0: 3 0x000000008000ff6c (0xfe043783) x15 0x000000008001204b mem 0x0000000080031f50
core   0: 0x000000008000ff70 (0x00178713) addi    a4, a5, 1
core   0: 3 0x000000008000ff70 (0x00178713) x14 0x000000008001204c
core   0: 0x000000008000ff74 (0xfee43023) sd      a4, -32(s0)
core   0: 3 0x000000008000ff74 (0xfee43023) mem 0x0000000080031f50 0x000000008001204c
core   0: 0x000000008000ff78 (0xfc442703) lw      a4, -60(s0)
core   0: 3 0x000000008000ff78 (0xfc442703) x14 0x0000000000000000 mem 0x0000000080031f34
core   0: 0x000000008000ff7c (0x0ff77713) andi    a4, a4, 255
core   0: 3 0x000000008000ff7c (0x0ff77713) x14 0x0000000000000000
core   0: 0x000000008000ff80 (0x00e78023) sb      a4, 0(a5)
core   0: 3 0x000000008000ff80 (0x00e78023) mem 0x000000008001204b 0x00
core   0: 0x000000008000ff84 (0xfc843703) ld      a4, -56(s0)
core   0: 3 0x000000008000ff84 (0xfc843703) x14 0x0000000080012040 mem 0x0000000080031f38
core   0: 0x000000008000ff88 (0xfb843783) ld      a5, -72(s0)
core   0: 3 0x000000008000ff88 (0xfb843783) x15 0x000000000000009c mem 0x0000000080031f28
core   0: 0x000000008000ff8c (0x000097ba) c.add   a5, a4
core   0: 3 0x000000008000ff8c (0x97ba) x15 0x00000000800120dc
core   0: 0x000000008000ff8e (0xfe043703) ld      a4, -32(s0)
core   0: 3 0x000000008000ff8e (0xfe043703) x14 0x000000008001204c mem 0x0000000080031f50
core   0: 0x000000008000ff92 (0xfcf76de3) bltu    a4, a5, pc - 38
core   0: 3 0x000000008000ff92 (0xfcf76de3)
core   0: 0x000000008000ff6c (0xfe043783) ld      a5, -32(s0)
core   0: 3 0x000000008000ff6c (0xfe043783) x15 0x000000008001204c mem 0x0000000080031f50
core   0: 0x000000008000ff70 (0x00178713) addi    a4, a5, 1
core   0: 3 0x000000008000ff70 (0x00178713) x14 0x000000008001204d
core   0: 0x000000008000ff74 (0xfee43023) sd      a4, -32(s0)
core   0: 3 0x000000008000ff74 (0xfee43023) mem 0x0000000080031f50 0x000000008001204d
core   0: 0x000000008000ff78 (0xfc442703) lw      a4, -60(s0)
core   0: 3 0x000000008000ff78 (0xfc442703) x14 0x0000000000000000 mem 0x0000000080031f34
core   0: 0x000000008000ff7c (0x0ff77713) andi    a4, a4, 255
core   0: 3 0x000000008000ff7c (0x0ff77713) x14 0x0000000000000000
core   0: 0x000000008000ff80 (0x00e78023) sb      a4, 0(a5)
core   0: 3 0x000000008000ff80 (0x00e78023) mem 0x000000008001204c 0x00
core   0: 0x000000008000ff84 (0xfc843703) ld      a4, -56(s0)
core   0: 3 0x000000008000ff84 (0xfc843703) x14 0x0000000080012040 mem 0x0000000080031f38
core   0: 0x000000008000ff88 (0xfb843783) ld      a5, -72(s0)
core   0: 3 0x000000008000ff88 (0xfb843783) x15 0x000000000000009c mem 0x0000000080031f28
core   0: 0x000000008000ff8c (0x000097ba) c.add   a5, a4
core   0: 3 0x000000008000ff8c (0x97ba) x15 0x00000000800120dc
core   0: 0x000000008000ff8e (0xfe043703) ld      a4, -32(s0)
core   0: 3 0x000000008000ff8e (0xfe043703) x14 0x000000008001204d mem 0x0000000080031f50
core   0: 0x000000008000ff92 (0xfcf76de3) bltu    a4, a5, pc - 38
core   0: 3 0x000000008000ff92 (0xfcf76de3)
core   0: 0x000000008000ff6c (0xfe043783) ld      a5, -32(s0)
core   0: 3 0x000000008000ff6c (0xfe043783) x15 0x000000008001204d mem 0x0000000080031f50
core   0: 0x000000008000ff70 (0x00178713) addi    a4, a5, 1
core   0: 3 0x000000008000ff70 (0x00178713) x14 0x000000008001204e
core   0: 0x000000008000ff74 (0xfee43023) sd      a4, -32(s0)
core   0: 3 0x000000008000ff74 (0xfee43023) mem 0x0000000080031f50 0x000000008001204e
core   0: 0x000000008000ff78 (0xfc442703) lw      a4, -60(s0)
core   0: 3 0x000000008000ff78 (0xfc442703) x14 0x0000000000000000 mem 0x0000000080031f34
core   0: 0x000000008000ff7c (0x0ff77713) andi    a4, a4, 255
core   0: 3 0x000000008000ff7c (0x0ff77713) x14 0x0000000000000000
core   0: 0x000000008000ff80 (0x00e78023) sb      a4, 0(a5)
core   0: 3 0x000000008000ff80 (0x00e78023) mem 0x000000008001204d 0x00
core   0: 0x000000008000ff84 (0xfc843703) ld      a4, -56(s0)
core   0: 3 0x000000008000ff84 (0xfc843703) x14 0x0000000080012040 mem 0x0000000080031f38
core   0: 0x000000008000ff88 (0xfb843783) ld      a5, -72(s0)
core   0: 3 0x000000008000ff88 (0xfb843783) x15 0x000000000000009c mem 0x0000000080031f28
core   0: 0x000000008000ff8c (0x000097ba) c.add   a5, a4
core   0: 3 0x000000008000ff8c (0x97ba) x15 0x00000000800120dc
core   0: 0x000000008000ff8e (0xfe043703) ld      a4, -32(s0)
core   0: 3 0x000000008000ff8e (0xfe043703) x14 0x000000008001204e mem 0x0000000080031f50
core   0: 0x000000008000ff92 (0xfcf76de3) bltu    a4, a5, pc - 38
core   0: 3 0x000000008000ff92 (0xfcf76de3)
core   0: 0x000000008000ff6c (0xfe043783) ld      a5, -32(s0)
core   0: 3 0x000000008000ff6c (0xfe043783) x15 0x000000008001204e mem 0x0000000080031f50
core   0: 0x000000008000ff70 (0x00178713) addi    a4, a5, 1
core   0: 3 0x000000008000ff70 (0x00178713) x14 0x000000008001204f
core   0: 0x000000008000ff74 (0xfee43023) sd      a4, -32(s0)
core   0: 3 0x000000008000ff74 (0xfee43023) mem 0x0000000080031f50 0x000000008001204f
core   0: 0x000000008000ff78 (0xfc442703) lw      a4, -60(s0)
core   0: 3 0x000000008000ff78 (0xfc442703) x14 0x0000000000000000 mem 0x0000000080031f34
core   0: 0x000000008000ff7c (0x0ff77713) andi    a4, a4, 255
core   0: 3 0x000000008000ff7c (0x0ff77713) x14 0x0000000000000000
core   0: 0x000000008000ff80 (0x00e78023) sb      a4, 0(a5)
core   0: 3 0x000000008000ff80 (0x00e78023) mem 0x000000008001204e 0x00
core   0: 0x000000008000ff84 (0xfc843703) ld      a4, -56(s0)
core   0: 3 0x000000008000ff84 (0xfc843703) x14 0x0000000080012040 mem 0x0000000080031f38
core   0: 0x000000008000ff88 (0xfb843783) ld      a5, -72(s0)
core   0: 3 0x000000008000ff88 (0xfb843783) x15 0x000000000000009c mem 0x0000000080031f28
core   0: 0x000000008000ff8c (0x000097ba) c.add   a5, a4
core   0: 3 0x000000008000ff8c (0x97ba) x15 0x00000000800120dc
core   0: 0x000000008000ff8e (0xfe043703) ld      a4, -32(s0)
core   0: 3 0x000000008000ff8e (0xfe043703) x14 0x000000008001204f mem 0x0000000080031f50
core   0: 0x000000008000ff92 (0xfcf76de3) bltu    a4, a5, pc - 38
core   0: 3 0x000000008000ff92 (0xfcf76de3)
core   0: 0x000000008000ff6c (0xfe043783) ld      a5, -32(s0)
core   0: 3 0x000000008000ff6c (0xfe043783) x15 0x000000008001204f mem 0x0000000080031f50
core   0: 0x000000008000ff70 (0x00178713) addi    a4, a5, 1
core   0: 3 0x000000008000ff70 (0x00178713) x14 0x0000000080012050
core   0: 0x000000008000ff74 (0xfee43023) sd      a4, -32(s0)
core   0: 3 0x000000008000ff74 (0xfee43023) mem 0x0000000080031f50 0x0000000080012050
core   0: 0x000000008000ff78 (0xfc442703) lw      a4, -60(s0)
core   0: 3 0x000000008000ff78 (0xfc442703) x14 0x0000000000000000 mem 0x0000000080031f34
core   0: 0x000000008000ff7c (0x0ff77713) andi    a4, a4, 255
core   0: 3 0x000000008000ff7c (0x0ff77713) x14 0x0000000000000000
core   0: 0x000000008000ff80 (0x00e78023) sb      a4, 0(a5)
core   0: 3 0x000000008000ff80 (0x00e78023) mem 0x000000008001204f 0x00
core   0: 0x000000008000ff84 (0xfc843703) ld      a4, -56(s0)
core   0: 3 0x000000008000ff84 (0xfc843703) x14 0x0000000080012040 mem 0x0000000080031f38
core   0: 0x000000008000ff88 (0xfb843783) ld      a5, -72(s0)
core   0: 3 0x000000008000ff88 (0xfb843783) x15 0x000000000000009c mem 0x0000000080031f28
core   0: 0x000000008000ff8c (0x000097ba) c.add   a5, a4
core   0: 3 0x000000008000ff8c (0x97ba) x15 0x00000000800120dc
core   0: 0x000000008000ff8e (0xfe043703) ld      a4, -32(s0)
core   0: 3 0x000000008000ff8e (0xfe043703) x14 0x0000000080012050 mem 0x0000000080031f50
core   0: 0x000000008000ff92 (0xfcf76de3) bltu    a4, a5, pc - 38
core   0: 3 0x000000008000ff92 (0xfcf76de3)
core   0: 0x000000008000ff6c (0xfe043783) ld      a5, -32(s0)
core   0: 3 0x000000008000ff6c (0xfe043783) x15 0x0000000080012050 mem 0x0000000080031f50
core   0: 0x000000008000ff70 (0x00178713) addi    a4, a5, 1
core   0: 3 0x000000008000ff70 (0x00178713) x14 0x0000000080012051
core   0: 0x000000008000ff74 (0xfee43023) sd      a4, -32(s0)
core   0: 3 0x000000008000ff74 (0xfee43023) mem 0x0000000080031f50 0x0000000080012051
core   0: 0x000000008000ff78 (0xfc442703) lw      a4, -60(s0)
core   0: 3 0x000000008000ff78 (0xfc442703) x14 0x0000000000000000 mem 0x0000000080031f34
core   0: 0x000000008000ff7c (0x0ff77713) andi    a4, a4, 255
core   0: 3 0x000000008000ff7c (0x0ff77713) x14 0x0000000000000000
core   0: 0x000000008000ff80 (0x00e78023) sb      a4, 0(a5)
core   0: 3 0x000000008000ff80 (0x00e78023) mem 0x0000000080012050 0x00
core   0: 0x000000008000ff84 (0xfc843703) ld      a4, -56(s0)
core   0: 3 0x000000008000ff84 (0xfc843703) x14 0x0000000080012040 mem 0x0000000080031f38
core   0: 0x000000008000ff88 (0xfb843783) ld      a5, -72(s0)
core   0: 3 0x000000008000ff88 (0xfb843783) x15 0x000000000000009c mem 0x0000000080031f28
core   0: 0x000000008000ff8c (0x000097ba) c.add   a5, a4
core   0: 3 0x000000008000ff8c (0x97ba) x15 0x00000000800120dc
core   0: 0x000000008000ff8e (0xfe043703) ld      a4, -32(s0)
core   0: 3 0x000000008000ff8e (0xfe043703) x14 0x0000000080012051 mem 0x0000000080031f50
core   0: 0x000000008000ff92 (0xfcf76de3) bltu    a4, a5, pc - 38
core   0: 3 0x000000008000ff92 (0xfcf76de3)
core   0: 0x000000008000ff6c (0xfe043783) ld      a5, -32(s0)
core   0: 3 0x000000008000ff6c (0xfe043783) x15 0x0000000080012051 mem 0x0000000080031f50
core   0: 0x000000008000ff70 (0x00178713) addi    a4, a5, 1
core   0: 3 0x000000008000ff70 (0x00178713) x14 0x0000000080012052
core   0: 0x000000008000ff74 (0xfee43023) sd      a4, -32(s0)
core   0: 3 0x000000008000ff74 (0xfee43023) mem 0x0000000080031f50 0x0000000080012052
core   0: 0x000000008000ff78 (0xfc442703) lw      a4, -60(s0)
core   0: 3 0x000000008000ff78 (0xfc442703) x14 0x0000000000000000 mem 0x0000000080031f34
core   0: 0x000000008000ff7c (0x0ff77713) andi    a4, a4, 255
core   0: 3 0x000000008000ff7c (0x0ff77713) x14 0x0000000000000000
core   0: 0x000000008000ff80 (0x00e78023) sb      a4, 0(a5)
core   0: 3 0x000000008000ff80 (0x00e78023) mem 0x0000000080012051 0x00
core   0: 0x000000008000ff84 (0xfc843703) ld      a4, -56(s0)
core   0: 3 0x000000008000ff84 (0xfc843703) x14 0x0000000080012040 mem 0x0000000080031f38
core   0: 0x000000008000ff88 (0xfb843783) ld      a5, -72(s0)
core   0: 3 0x000000008000ff88 (0xfb843783) x15 0x000000000000009c mem 0x0000000080031f28
core   0: 0x000000008000ff8c (0x000097ba) c.add   a5, a4
core   0: 3 0x000000008000ff8c (0x97ba) x15 0x00000000800120dc
core   0: 0x000000008000ff8e (0xfe043703) ld      a4, -32(s0)
core   0: 3 0x000000008000ff8e (0xfe043703) x14 0x0000000080012052 mem 0x0000000080031f50
core   0: 0x000000008000ff92 (0xfcf76de3) bltu    a4, a5, pc - 38
core   0: 3 0x000000008000ff92 (0xfcf76de3)
core   0: 0x000000008000ff6c (0xfe043783) ld      a5, -32(s0)
core   0: 3 0x000000008000ff6c (0xfe043783) x15 0x0000000080012052 mem 0x0000000080031f50
core   0: 0x000000008000ff70 (0x00178713) addi    a4, a5, 1
core   0: 3 0x000000008000ff70 (0x00178713) x14 0x0000000080012053
core   0: 0x000000008000ff74 (0xfee43023) sd      a4, -32(s0)
core   0: 3 0x000000008000ff74 (0xfee43023) mem 0x0000000080031f50 0x0000000080012053
core   0: 0x000000008000ff78 (0xfc442703) lw      a4, -60(s0)
core   0: 3 0x000000008000ff78 (0xfc442703) x14 0x0000000000000000 mem 0x0000000080031f34
core   0: 0x000000008000ff7c (0x0ff77713) andi    a4, a4, 255
core   0: 3 0x000000008000ff7c (0x0ff77713) x14 0x0000000000000000
core   0: 0x000000008000ff80 (0x00e78023) sb      a4, 0(a5)
core   0: 3 0x000000008000ff80 (0x00e78023) mem 0x0000000080012052 0x00
core   0: 0x000000008000ff84 (0xfc843703) ld      a4, -56(s0)
core   0: 3 0x000000008000ff84 (0xfc843703) x14 0x0000000080012040 mem 0x0000000080031f38
core   0: 0x000000008000ff88 (0xfb843783) ld      a5, -72(s0)
core   0: 3 0x000000008000ff88 (0xfb843783) x15 0x000000000000009c mem 0x0000000080031f28
core   0: 0x000000008000ff8c (0x000097ba) c.add   a5, a4
core   0: 3 0x000000008000ff8c (0x97ba) x15 0x00000000800120dc
core   0: 0x000000008000ff8e (0xfe043703) ld      a4, -32(s0)
core   0: 3 0x000000008000ff8e (0xfe043703) x14 0x0000000080012053 mem 0x0000000080031f50
core   0: 0x000000008000ff92 (0xfcf76de3) bltu    a4, a5, pc - 38
core   0: 3 0x000000008000ff92 (0xfcf76de3)
core   0: 0x000000008000ff6c (0xfe043783) ld      a5, -32(s0)
core   0: 3 0x000000008000ff6c (0xfe043783) x15 0x0000000080012053 mem 0x0000000080031f50
core   0: 0x000000008000ff70 (0x00178713) addi    a4, a5, 1
core   0: 3 0x000000008000ff70 (0x00178713) x14 0x0000000080012054
core   0: 0x000000008000ff74 (0xfee43023) sd      a4, -32(s0)
core   0: 3 0x000000008000ff74 (0xfee43023) mem 0x0000000080031f50 0x0000000080012054
core   0: 0x000000008000ff78 (0xfc442703) lw      a4, -60(s0)
core   0: 3 0x000000008000ff78 (0xfc442703) x14 0x0000000000000000 mem 0x0000000080031f34
core   0: 0x000000008000ff7c (0x0ff77713) andi    a4, a4, 255
core   0: 3 0x000000008000ff7c (0x0ff77713) x14 0x0000000000000000
core   0: 0x000000008000ff80 (0x00e78023) sb      a4, 0(a5)
core   0: 3 0x000000008000ff80 (0x00e78023) mem 0x0000000080012053 0x00
core   0: 0x000000008000ff84 (0xfc843703) ld      a4, -56(s0)
core   0: 3 0x000000008000ff84 (0xfc843703) x14 0x0000000080012040 mem 0x0000000080031f38
core   0: 0x000000008000ff88 (0xfb843783) ld      a5, -72(s0)
core   0: 3 0x000000008000ff88 (0xfb843783) x15 0x000000000000009c mem 0x0000000080031f28
core   0: 0x000000008000ff8c (0x000097ba) c.add   a5, a4
core   0: 3 0x000000008000ff8c (0x97ba) x15 0x00000000800120dc
core   0: 0x000000008000ff8e (0xfe043703) ld      a4, -32(s0)
core   0: 3 0x000000008000ff8e (0xfe043703) x14 0x0000000080012054 mem 0x0000000080031f50
core   0: 0x000000008000ff92 (0xfcf76de3) bltu    a4, a5, pc - 38
core   0: 3 0x000000008000ff92 (0xfcf76de3)
core   0: 0x000000008000ff6c (0xfe043783) ld      a5, -32(s0)
core   0: 3 0x000000008000ff6c (0xfe043783) x15 0x0000000080012054 mem 0x0000000080031f50
core   0: 0x000000008000ff70 (0x00178713) addi    a4, a5, 1
core   0: 3 0x000000008000ff70 (0x00178713) x14 0x0000000080012055
core   0: 0x000000008000ff74 (0xfee43023) sd      a4, -32(s0)
core   0: 3 0x000000008000ff74 (0xfee43023) mem 0x0000000080031f50 0x0000000080012055
core   0: 0x000000008000ff78 (0xfc442703) lw      a4, -60(s0)
core   0: 3 0x000000008000ff78 (0xfc442703) x14 0x0000000000000000 mem 0x0000000080031f34
core   0: 0x000000008000ff7c (0x0ff77713) andi    a4, a4, 255
core   0: 3 0x000000008000ff7c (0x0ff77713) x14 0x0000000000000000
core   0: 0x000000008000ff80 (0x00e78023) sb      a4, 0(a5)
core   0: 3 0x000000008000ff80 (0x00e78023) mem 0x0000000080012054 0x00
core   0: 0x000000008000ff84 (0xfc843703) ld      a4, -56(s0)
core   0: 3 0x000000008000ff84 (0xfc843703) x14 0x0000000080012040 mem 0x0000000080031f38
core   0: 0x000000008000ff88 (0xfb843783) ld      a5, -72(s0)
core   0: 3 0x000000008000ff88 (0xfb843783) x15 0x000000000000009c mem 0x0000000080031f28
core   0: 0x000000008000ff8c (0x000097ba) c.add   a5, a4
core   0: 3 0x000000008000ff8c (0x97ba) x15 0x00000000800120dc
core   0: 0x000000008000ff8e (0xfe043703) ld      a4, -32(s0)
core   0: 3 0x000000008000ff8e (0xfe043703) x14 0x0000000080012055 mem 0x0000000080031f50
core   0: 0x000000008000ff92 (0xfcf76de3) bltu    a4, a5, pc - 38
core   0: 3 0x000000008000ff92 (0xfcf76de3)
core   0: 0x000000008000ff6c (0xfe043783) ld      a5, -32(s0)
core   0: 3 0x000000008000ff6c (0xfe043783) x15 0x0000000080012055 mem 0x0000000080031f50
core   0: 0x000000008000ff70 (0x00178713) addi    a4, a5, 1
core   0: 3 0x000000008000ff70 (0x00178713) x14 0x0000000080012056
core   0: 0x000000008000ff74 (0xfee43023) sd      a4, -32(s0)
core   0: 3 0x000000008000ff74 (0xfee43023) mem 0x0000000080031f50 0x0000000080012056
core   0: 0x000000008000ff78 (0xfc442703) lw      a4, -60(s0)
core   0: 3 0x000000008000ff78 (0xfc442703) x14 0x0000000000000000 mem 0x0000000080031f34
core   0: 0x000000008000ff7c (0x0ff77713) andi    a4, a4, 255
core   0: 3 0x000000008000ff7c (0x0ff77713) x14 0x0000000000000000
core   0: 0x000000008000ff80 (0x00e78023) sb      a4, 0(a5)
core   0: 3 0x000000008000ff80 (0x00e78023) mem 0x0000000080012055 0x00
core   0: 0x000000008000ff84 (0xfc843703) ld      a4, -56(s0)
core   0: 3 0x000000008000ff84 (0xfc843703) x14 0x0000000080012040 mem 0x0000000080031f38
core   0: 0x000000008000ff88 (0xfb843783) ld      a5, -72(s0)
core   0: 3 0x000000008000ff88 (0xfb843783) x15 0x000000000000009c mem 0x0000000080031f28
core   0: 0x000000008000ff8c (0x000097ba) c.add   a5, a4
core   0: 3 0x000000008000ff8c (0x97ba) x15 0x00000000800120dc
core   0: 0x000000008000ff8e (0xfe043703) ld      a4, -32(s0)
core   0: 3 0x000000008000ff8e (0xfe043703) x14 0x0000000080012056 mem 0x0000000080031f50
core   0: 0x000000008000ff92 (0xfcf76de3) bltu    a4, a5, pc - 38
core   0: 3 0x000000008000ff92 (0xfcf76de3)
core   0: 0x000000008000ff6c (0xfe043783) ld      a5, -32(s0)
core   0: 3 0x000000008000ff6c (0xfe043783) x15 0x0000000080012056 mem 0x0000000080031f50
core   0: 0x000000008000ff70 (0x00178713) addi    a4, a5, 1
core   0: 3 0x000000008000ff70 (0x00178713) x14 0x0000000080012057
core   0: 0x000000008000ff74 (0xfee43023) sd      a4, -32(s0)
core   0: 3 0x000000008000ff74 (0xfee43023) mem 0x0000000080031f50 0x0000000080012057
core   0: 0x000000008000ff78 (0xfc442703) lw      a4, -60(s0)
core   0: 3 0x000000008000ff78 (0xfc442703) x14 0x0000000000000000 mem 0x0000000080031f34
core   0: 0x000000008000ff7c (0x0ff77713) andi    a4, a4, 255
core   0: 3 0x000000008000ff7c (0x0ff77713) x14 0x0000000000000000
core   0: 0x000000008000ff80 (0x00e78023) sb      a4, 0(a5)
core   0: 3 0x000000008000ff80 (0x00e78023) mem 0x0000000080012056 0x00
core   0: 0x000000008000ff84 (0xfc843703) ld      a4, -56(s0)
core   0: 3 0x000000008000ff84 (0xfc843703) x14 0x0000000080012040 mem 0x0000000080031f38
core   0: 0x000000008000ff88 (0xfb843783) ld      a5, -72(s0)
core   0: 3 0x000000008000ff88 (0xfb843783) x15 0x000000000000009c mem 0x0000000080031f28
core   0: 0x000000008000ff8c (0x000097ba) c.add   a5, a4
core   0: 3 0x000000008000ff8c (0x97ba) x15 0x00000000800120dc
core   0: 0x000000008000ff8e (0xfe043703) ld      a4, -32(s0)
core   0: 3 0x000000008000ff8e (0xfe043703) x14 0x0000000080012057 mem 0x0000000080031f50
core   0: 0x000000008000ff92 (0xfcf76de3) bltu    a4, a5, pc - 38
core   0: 3 0x000000008000ff92 (0xfcf76de3)
core   0: 0x000000008000ff6c (0xfe043783) ld      a5, -32(s0)
core   0: 3 0x000000008000ff6c (0xfe043783) x15 0x0000000080012057 mem 0x0000000080031f50
core   0: 0x000000008000ff70 (0x00178713) addi    a4, a5, 1
core   0: 3 0x000000008000ff70 (0x00178713) x14 0x0000000080012058
core   0: 0x000000008000ff74 (0xfee43023) sd      a4, -32(s0)
core   0: 3 0x000000008000ff74 (0xfee43023) mem 0x0000000080031f50 0x0000000080012058
core   0: 0x000000008000ff78 (0xfc442703) lw      a4, -60(s0)
core   0: 3 0x000000008000ff78 (0xfc442703) x14 0x0000000000000000 mem 0x0000000080031f34
core   0: 0x000000008000ff7c (0x0ff77713) andi    a4, a4, 255
core   0: 3 0x000000008000ff7c (0x0ff77713) x14 0x0000000000000000
core   0: 0x000000008000ff80 (0x00e78023) sb      a4, 0(a5)
core   0: 3 0x000000008000ff80 (0x00e78023) mem 0x0000000080012057 0x00
core   0: 0x000000008000ff84 (0xfc843703) ld      a4, -56(s0)
core   0: 3 0x000000008000ff84 (0xfc843703) x14 0x0000000080012040 mem 0x0000000080031f38
core   0: 0x000000008000ff88 (0xfb843783) ld      a5, -72(s0)
core   0: 3 0x000000008000ff88 (0xfb843783) x15 0x000000000000009c mem 0x0000000080031f28
core   0: 0x000000008000ff8c (0x000097ba) c.add   a5, a4
core   0: 3 0x000000008000ff8c (0x97ba) x15 0x00000000800120dc
core   0: 0x000000008000ff8e (0xfe043703) ld      a4, -32(s0)
core   0: 3 0x000000008000ff8e (0xfe043703) x14 0x0000000080012058 mem 0x0000000080031f50
core   0: 0x000000008000ff92 (0xfcf76de3) bltu    a4, a5, pc - 38
core   0: 3 0x000000008000ff92 (0xfcf76de3)
core   0: 0x000000008000ff6c (0xfe043783) ld      a5, -32(s0)
core   0: 3 0x000000008000ff6c (0xfe043783) x15 0x0000000080012058 mem 0x0000000080031f50
core   0: 0x000000008000ff70 (0x00178713) addi    a4, a5, 1
core   0: 3 0x000000008000ff70 (0x00178713) x14 0x0000000080012059
core   0: 0x000000008000ff74 (0xfee43023) sd      a4, -32(s0)
core   0: 3 0x000000008000ff74 (0xfee43023) mem 0x0000000080031f50 0x0000000080012059
core   0: 0x000000008000ff78 (0xfc442703) lw      a4, -60(s0)
core   0: 3 0x000000008000ff78 (0xfc442703) x14 0x0000000000000000 mem 0x0000000080031f34
core   0: 0x000000008000ff7c (0x0ff77713) andi    a4, a4, 255
core   0: 3 0x000000008000ff7c (0x0ff77713) x14 0x0000000000000000
core   0: 0x000000008000ff80 (0x00e78023) sb      a4, 0(a5)
core   0: 3 0x000000008000ff80 (0x00e78023) mem 0x0000000080012058 0x00
core   0: 0x000000008000ff84 (0xfc843703) ld      a4, -56(s0)
core   0: 3 0x000000008000ff84 (0xfc843703) x14 0x0000000080012040 mem 0x0000000080031f38
core   0: 0x000000008000ff88 (0xfb843783) ld      a5, -72(s0)
core   0: 3 0x000000008000ff88 (0xfb843783) x15 0x000000000000009c mem 0x0000000080031f28
core   0: 0x000000008000ff8c (0x000097ba) c.add   a5, a4
core   0: 3 0x000000008000ff8c (0x97ba) x15 0x00000000800120dc
core   0: 0x000000008000ff8e (0xfe043703) ld      a4, -32(s0)
core   0: 3 0x000000008000ff8e (0xfe043703) x14 0x0000000080012059 mem 0x0000000080031f50
core   0: 0x000000008000ff92 (0xfcf76de3) bltu    a4, a5, pc - 38
core   0: 3 0x000000008000ff92 (0xfcf76de3)
core   0: 0x000000008000ff6c (0xfe043783) ld      a5, -32(s0)
core   0: 3 0x000000008000ff6c (0xfe043783) x15 0x0000000080012059 mem 0x0000000080031f50
core   0: 0x000000008000ff70 (0x00178713) addi    a4, a5, 1
core   0: 3 0x000000008000ff70 (0x00178713) x14 0x000000008001205a
core   0: 0x000000008000ff74 (0xfee43023) sd      a4, -32(s0)
core   0: 3 0x000000008000ff74 (0xfee43023) mem 0x0000000080031f50 0x000000008001205a
core   0: 0x000000008000ff78 (0xfc442703) lw      a4, -60(s0)
core   0: 3 0x000000008000ff78 (0xfc442703) x14 0x0000000000000000 mem 0x0000000080031f34
core   0: 0x000000008000ff7c (0x0ff77713) andi    a4, a4, 255
core   0: 3 0x000000008000ff7c (0x0ff77713) x14 0x0000000000000000
core   0: 0x000000008000ff80 (0x00e78023) sb      a4, 0(a5)
core   0: 3 0x000000008000ff80 (0x00e78023) mem 0x0000000080012059 0x00
core   0: 0x000000008000ff84 (0xfc843703) ld      a4, -56(s0)
core   0: 3 0x000000008000ff84 (0xfc843703) x14 0x0000000080012040 mem 0x0000000080031f38
core   0: 0x000000008000ff88 (0xfb843783) ld      a5, -72(s0)
core   0: 3 0x000000008000ff88 (0xfb843783) x15 0x000000000000009c mem 0x0000000080031f28
core   0: 0x000000008000ff8c (0x000097ba) c.add   a5, a4
core   0: 3 0x000000008000ff8c (0x97ba) x15 0x00000000800120dc
core   0: 0x000000008000ff8e (0xfe043703) ld      a4, -32(s0)
core   0: 3 0x000000008000ff8e (0xfe043703) x14 0x000000008001205a mem 0x0000000080031f50
core   0: 0x000000008000ff92 (0xfcf76de3) bltu    a4, a5, pc - 38
core   0: 3 0x000000008000ff92 (0xfcf76de3)
core   0: 0x000000008000ff6c (0xfe043783) ld      a5, -32(s0)
core   0: 3 0x000000008000ff6c (0xfe043783) x15 0x000000008001205a mem 0x0000000080031f50
core   0: 0x000000008000ff70 (0x00178713) addi    a4, a5, 1
core   0: 3 0x000000008000ff70 (0x00178713) x14 0x000000008001205b
core   0: 0x000000008000ff74 (0xfee43023) sd      a4, -32(s0)
core   0: 3 0x000000008000ff74 (0xfee43023) mem 0x0000000080031f50 0x000000008001205b
core   0: 0x000000008000ff78 (0xfc442703) lw      a4, -60(s0)
core   0: 3 0x000000008000ff78 (0xfc442703) x14 0x0000000000000000 mem 0x0000000080031f34
core   0: 0x000000008000ff7c (0x0ff77713) andi    a4, a4, 255
core   0: 3 0x000000008000ff7c (0x0ff77713) x14 0x0000000000000000
core   0: 0x000000008000ff80 (0x00e78023) sb      a4, 0(a5)
core   0: 3 0x000000008000ff80 (0x00e78023) mem 0x000000008001205a 0x00
core   0: 0x000000008000ff84 (0xfc843703) ld      a4, -56(s0)
core   0: 3 0x000000008000ff84 (0xfc843703) x14 0x0000000080012040 mem 0x0000000080031f38
core   0: 0x000000008000ff88 (0xfb843783) ld      a5, -72(s0)
core   0: 3 0x000000008000ff88 (0xfb843783) x15 0x000000000000009c mem 0x0000000080031f28
core   0: 0x000000008000ff8c (0x000097ba) c.add   a5, a4
core   0: 3 0x000000008000ff8c (0x97ba) x15 0x00000000800120dc
core   0: 0x000000008000ff8e (0xfe043703) ld      a4, -32(s0)
core   0: 3 0x000000008000ff8e (0xfe043703) x14 0x000000008001205b mem 0x0000000080031f50
core   0: 0x000000008000ff92 (0xfcf76de3) bltu    a4, a5, pc - 38
core   0: 3 0x000000008000ff92 (0xfcf76de3)
core   0: 0x000000008000ff6c (0xfe043783) ld      a5, -32(s0)
core   0: 3 0x000000008000ff6c (0xfe043783) x15 0x000000008001205b mem 0x0000000080031f50
core   0: 0x000000008000ff70 (0x00178713) addi    a4, a5, 1
core   0: 3 0x000000008000ff70 (0x00178713) x14 0x000000008001205c
core   0: 0x000000008000ff74 (0xfee43023) sd      a4, -32(s0)
core   0: 3 0x000000008000ff74 (0xfee43023) mem 0x0000000080031f50 0x000000008001205c
core   0: 0x000000008000ff78 (0xfc442703) lw      a4, -60(s0)
core   0: 3 0x000000008000ff78 (0xfc442703) x14 0x0000000000000000 mem 0x0000000080031f34
core   0: 0x000000008000ff7c (0x0ff77713) andi    a4, a4, 255
core   0: 3 0x000000008000ff7c (0x0ff77713) x14 0x0000000000000000
core   0: 0x000000008000ff80 (0x00e78023) sb      a4, 0(a5)
core   0: 3 0x000000008000ff80 (0x00e78023) mem 0x000000008001205b 0x00
core   0: 0x000000008000ff84 (0xfc843703) ld      a4, -56(s0)
core   0: 3 0x000000008000ff84 (0xfc843703) x14 0x0000000080012040 mem 0x0000000080031f38
core   0: 0x000000008000ff88 (0xfb843783) ld      a5, -72(s0)
core   0: 3 0x000000008000ff88 (0xfb843783) x15 0x000000000000009c mem 0x0000000080031f28
core   0: 0x000000008000ff8c (0x000097ba) c.add   a5, a4
core   0: 3 0x000000008000ff8c (0x97ba) x15 0x00000000800120dc
core   0: 0x000000008000ff8e (0xfe043703) ld      a4, -32(s0)
core   0: 3 0x000000008000ff8e (0xfe043703) x14 0x000000008001205c mem 0x0000000080031f50
core   0: 0x000000008000ff92 (0xfcf76de3) bltu    a4, a5, pc - 38
core   0: 3 0x000000008000ff92 (0xfcf76de3)
core   0: 0x000000008000ff6c (0xfe043783) ld      a5, -32(s0)
core   0: 3 0x000000008000ff6c (0xfe043783) x15 0x000000008001205c mem 0x0000000080031f50
core   0: 0x000000008000ff70 (0x00178713) addi    a4, a5, 1
core   0: 3 0x000000008000ff70 (0x00178713) x14 0x000000008001205d
core   0: 0x000000008000ff74 (0xfee43023) sd      a4, -32(s0)
core   0: 3 0x000000008000ff74 (0xfee43023) mem 0x0000000080031f50 0x000000008001205d
core   0: 0x000000008000ff78 (0xfc442703) lw      a4, -60(s0)
core   0: 3 0x000000008000ff78 (0xfc442703) x14 0x0000000000000000 mem 0x0000000080031f34
core   0: 0x000000008000ff7c (0x0ff77713) andi    a4, a4, 255
core   0: 3 0x000000008000ff7c (0x0ff77713) x14 0x0000000000000000
core   0: 0x000000008000ff80 (0x00e78023) sb      a4, 0(a5)
core   0: 3 0x000000008000ff80 (0x00e78023) mem 0x000000008001205c 0x00
core   0: 0x000000008000ff84 (0xfc843703) ld      a4, -56(s0)
core   0: 3 0x000000008000ff84 (0xfc843703) x14 0x0000000080012040 mem 0x0000000080031f38
core   0: 0x000000008000ff88 (0xfb843783) ld      a5, -72(s0)
core   0: 3 0x000000008000ff88 (0xfb843783) x15 0x000000000000009c mem 0x0000000080031f28
core   0: 0x000000008000ff8c (0x000097ba) c.add   a5, a4
core   0: 3 0x000000008000ff8c (0x97ba) x15 0x00000000800120dc
core   0: 0x000000008000ff8e (0xfe043703) ld      a4, -32(s0)
core   0: 3 0x000000008000ff8e (0xfe043703) x14 0x000000008001205d mem 0x0000000080031f50
core   0: 0x000000008000ff92 (0xfcf76de3) bltu    a4, a5, pc - 38
core   0: 3 0x000000008000ff92 (0xfcf76de3)
core   0: 0x000000008000ff6c (0xfe043783) ld      a5, -32(s0)
core   0: 3 0x000000008000ff6c (0xfe043783) x15 0x000000008001205d mem 0x0000000080031f50
core   0: 0x000000008000ff70 (0x00178713) addi    a4, a5, 1
core   0: 3 0x000000008000ff70 (0x00178713) x14 0x000000008001205e
core   0: 0x000000008000ff74 (0xfee43023) sd      a4, -32(s0)
core   0: 3 0x000000008000ff74 (0xfee43023) mem 0x0000000080031f50 0x000000008001205e
core   0: 0x000000008000ff78 (0xfc442703) lw      a4, -60(s0)
core   0: 3 0x000000008000ff78 (0xfc442703) x14 0x0000000000000000 mem 0x0000000080031f34
core   0: 0x000000008000ff7c (0x0ff77713) andi    a4, a4, 255
core   0: 3 0x000000008000ff7c (0x0ff77713) x14 0x0000000000000000
core   0: 0x000000008000ff80 (0x00e78023) sb      a4, 0(a5)
core   0: 3 0x000000008000ff80 (0x00e78023) mem 0x000000008001205d 0x00
core   0: 0x000000008000ff84 (0xfc843703) ld      a4, -56(s0)
core   0: 3 0x000000008000ff84 (0xfc843703) x14 0x0000000080012040 mem 0x0000000080031f38
core   0: 0x000000008000ff88 (0xfb843783) ld      a5, -72(s0)
core   0: 3 0x000000008000ff88 (0xfb843783) x15 0x000000000000009c mem 0x0000000080031f28
core   0: 0x000000008000ff8c (0x000097ba) c.add   a5, a4
core   0: 3 0x000000008000ff8c (0x97ba) x15 0x00000000800120dc
core   0: 0x000000008000ff8e (0xfe043703) ld      a4, -32(s0)
core   0: 3 0x000000008000ff8e (0xfe043703) x14 0x000000008001205e mem 0x0000000080031f50
core   0: 0x000000008000ff92 (0xfcf76de3) bltu    a4, a5, pc - 38
core   0: 3 0x000000008000ff92 (0xfcf76de3)
core   0: 0x000000008000ff6c (0xfe043783) ld      a5, -32(s0)
core   0: 3 0x000000008000ff6c (0xfe043783) x15 0x000000008001205e mem 0x0000000080031f50
core   0: 0x000000008000ff70 (0x00178713) addi    a4, a5, 1
core   0: 3 0x000000008000ff70 (0x00178713) x14 0x000000008001205f
core   0: 0x000000008000ff74 (0xfee43023) sd      a4, -32(s0)
core   0: 3 0x000000008000ff74 (0xfee43023) mem 0x0000000080031f50 0x000000008001205f
core   0: 0x000000008000ff78 (0xfc442703) lw      a4, -60(s0)
core   0: 3 0x000000008000ff78 (0xfc442703) x14 0x0000000000000000 mem 0x0000000080031f34
core   0: 0x000000008000ff7c (0x0ff77713) andi    a4, a4, 255
core   0: 3 0x000000008000ff7c (0x0ff77713) x14 0x0000000000000000
core   0: 0x000000008000ff80 (0x00e78023) sb      a4, 0(a5)
core   0: 3 0x000000008000ff80 (0x00e78023) mem 0x000000008001205e 0x00
core   0: 0x000000008000ff84 (0xfc843703) ld      a4, -56(s0)
core   0: 3 0x000000008000ff84 (0xfc843703) x14 0x0000000080012040 mem 0x0000000080031f38
core   0: 0x000000008000ff88 (0xfb843783) ld      a5, -72(s0)
core   0: 3 0x000000008000ff88 (0xfb843783) x15 0x000000000000009c mem 0x0000000080031f28
core   0: 0x000000008000ff8c (0x000097ba) c.add   a5, a4
core   0: 3 0x000000008000ff8c (0x97ba) x15 0x00000000800120dc
core   0: 0x000000008000ff8e (0xfe043703) ld      a4, -32(s0)
core   0: 3 0x000000008000ff8e (0xfe043703) x14 0x000000008001205f mem 0x0000000080031f50
core   0: 0x000000008000ff92 (0xfcf76de3) bltu    a4, a5, pc - 38
core   0: 3 0x000000008000ff92 (0xfcf76de3)
core   0: 0x000000008000ff6c (0xfe043783) ld      a5, -32(s0)
core   0: 3 0x000000008000ff6c (0xfe043783) x15 0x000000008001205f mem 0x0000000080031f50
core   0: 0x000000008000ff70 (0x00178713) addi    a4, a5, 1
core   0: 3 0x000000008000ff70 (0x00178713) x14 0x0000000080012060
core   0: 0x000000008000ff74 (0xfee43023) sd      a4, -32(s0)
core   0: 3 0x000000008000ff74 (0xfee43023) mem 0x0000000080031f50 0x0000000080012060
core   0: 0x000000008000ff78 (0xfc442703) lw      a4, -60(s0)
core   0: 3 0x000000008000ff78 (0xfc442703) x14 0x0000000000000000 mem 0x0000000080031f34
core   0: 0x000000008000ff7c (0x0ff77713) andi    a4, a4, 255
core   0: 3 0x000000008000ff7c (0x0ff77713) x14 0x0000000000000000
core   0: 0x000000008000ff80 (0x00e78023) sb      a4, 0(a5)
core   0: 3 0x000000008000ff80 (0x00e78023) mem 0x000000008001205f 0x00
core   0: 0x000000008000ff84 (0xfc843703) ld      a4, -56(s0)
core   0: 3 0x000000008000ff84 (0xfc843703) x14 0x0000000080012040 mem 0x0000000080031f38
core   0: 0x000000008000ff88 (0xfb843783) ld      a5, -72(s0)
core   0: 3 0x000000008000ff88 (0xfb843783) x15 0x000000000000009c mem 0x0000000080031f28
core   0: 0x000000008000ff8c (0x000097ba) c.add   a5, a4
core   0: 3 0x000000008000ff8c (0x97ba) x15 0x00000000800120dc
core   0: 0x000000008000ff8e (0xfe043703) ld      a4, -32(s0)
core   0: 3 0x000000008000ff8e (0xfe043703) x14 0x0000000080012060 mem 0x0000000080031f50
core   0: 0x000000008000ff92 (0xfcf76de3) bltu    a4, a5, pc - 38
core   0: 3 0x000000008000ff92 (0xfcf76de3)
core   0: 0x000000008000ff6c (0xfe043783) ld      a5, -32(s0)
core   0: 3 0x000000008000ff6c (0xfe043783) x15 0x0000000080012060 mem 0x0000000080031f50
core   0: 0x000000008000ff70 (0x00178713) addi    a4, a5, 1
core   0: 3 0x000000008000ff70 (0x00178713) x14 0x0000000080012061
core   0: 0x000000008000ff74 (0xfee43023) sd      a4, -32(s0)
core   0: 3 0x000000008000ff74 (0xfee43023) mem 0x0000000080031f50 0x0000000080012061
core   0: 0x000000008000ff78 (0xfc442703) lw      a4, -60(s0)
core   0: 3 0x000000008000ff78 (0xfc442703) x14 0x0000000000000000 mem 0x0000000080031f34
core   0: 0x000000008000ff7c (0x0ff77713) andi    a4, a4, 255
core   0: 3 0x000000008000ff7c (0x0ff77713) x14 0x0000000000000000
core   0: 0x000000008000ff80 (0x00e78023) sb      a4, 0(a5)
core   0: 3 0x000000008000ff80 (0x00e78023) mem 0x0000000080012060 0x00
core   0: 0x000000008000ff84 (0xfc843703) ld      a4, -56(s0)
core   0: 3 0x000000008000ff84 (0xfc843703) x14 0x0000000080012040 mem 0x0000000080031f38
core   0: 0x000000008000ff88 (0xfb843783) ld      a5, -72(s0)
core   0: 3 0x000000008000ff88 (0xfb843783) x15 0x000000000000009c mem 0x0000000080031f28
core   0: 0x000000008000ff8c (0x000097ba) c.add   a5, a4
core   0: 3 0x000000008000ff8c (0x97ba) x15 0x00000000800120dc
core   0: 0x000000008000ff8e (0xfe043703) ld      a4, -32(s0)
core   0: 3 0x000000008000ff8e (0xfe043703) x14 0x0000000080012061 mem 0x0000000080031f50
core   0: 0x000000008000ff92 (0xfcf76de3) bltu    a4, a5, pc - 38
core   0: 3 0x000000008000ff92 (0xfcf76de3)
core   0: 0x000000008000ff6c (0xfe043783) ld      a5, -32(s0)
core   0: 3 0x000000008000ff6c (0xfe043783) x15 0x0000000080012061 mem 0x0000000080031f50
core   0: 0x000000008000ff70 (0x00178713) addi    a4, a5, 1
core   0: 3 0x000000008000ff70 (0x00178713) x14 0x0000000080012062
core   0: 0x000000008000ff74 (0xfee43023) sd      a4, -32(s0)
core   0: 3 0x000000008000ff74 (0xfee43023) mem 0x0000000080031f50 0x0000000080012062
core   0: 0x000000008000ff78 (0xfc442703) lw      a4, -60(s0)
core   0: 3 0x000000008000ff78 (0xfc442703) x14 0x0000000000000000 mem 0x0000000080031f34
core   0: 0x000000008000ff7c (0x0ff77713) andi    a4, a4, 255
core   0: 3 0x000000008000ff7c (0x0ff77713) x14 0x0000000000000000
core   0: 0x000000008000ff80 (0x00e78023) sb      a4, 0(a5)
core   0: 3 0x000000008000ff80 (0x00e78023) mem 0x0000000080012061 0x00
core   0: 0x000000008000ff84 (0xfc843703) ld      a4, -56(s0)
core   0: 3 0x000000008000ff84 (0xfc843703) x14 0x0000000080012040 mem 0x0000000080031f38
core   0: 0x000000008000ff88 (0xfb843783) ld      a5, -72(s0)
core   0: 3 0x000000008000ff88 (0xfb843783) x15 0x000000000000009c mem 0x0000000080031f28
core   0: 0x000000008000ff8c (0x000097ba) c.add   a5, a4
core   0: 3 0x000000008000ff8c (0x97ba) x15 0x00000000800120dc
core   0: 0x000000008000ff8e (0xfe043703) ld      a4, -32(s0)
core   0: 3 0x000000008000ff8e (0xfe043703) x14 0x0000000080012062 mem 0x0000000080031f50
core   0: 0x000000008000ff92 (0xfcf76de3) bltu    a4, a5, pc - 38
core   0: 3 0x000000008000ff92 (0xfcf76de3)
core   0: 0x000000008000ff6c (0xfe043783) ld      a5, -32(s0)
core   0: 3 0x000000008000ff6c (0xfe043783) x15 0x0000000080012062 mem 0x0000000080031f50
core   0: 0x000000008000ff70 (0x00178713) addi    a4, a5, 1
core   0: 3 0x000000008000ff70 (0x00178713) x14 0x0000000080012063
core   0: 0x000000008000ff74 (0xfee43023) sd      a4, -32(s0)
core   0: 3 0x000000008000ff74 (0xfee43023) mem 0x0000000080031f50 0x0000000080012063
core   0: 0x000000008000ff78 (0xfc442703) lw      a4, -60(s0)
core   0: 3 0x000000008000ff78 (0xfc442703) x14 0x0000000000000000 mem 0x0000000080031f34
core   0: 0x000000008000ff7c (0x0ff77713) andi    a4, a4, 255
core   0: 3 0x000000008000ff7c (0x0ff77713) x14 0x0000000000000000
core   0: 0x000000008000ff80 (0x00e78023) sb      a4, 0(a5)
core   0: 3 0x000000008000ff80 (0x00e78023) mem 0x0000000080012062 0x00
core   0: 0x000000008000ff84 (0xfc843703) ld      a4, -56(s0)
core   0: 3 0x000000008000ff84 (0xfc843703) x14 0x0000000080012040 mem 0x0000000080031f38
core   0: 0x000000008000ff88 (0xfb843783) ld      a5, -72(s0)
core   0: 3 0x000000008000ff88 (0xfb843783) x15 0x000000000000009c mem 0x0000000080031f28
core   0: 0x000000008000ff8c (0x000097ba) c.add   a5, a4
core   0: 3 0x000000008000ff8c (0x97ba) x15 0x00000000800120dc
core   0: 0x000000008000ff8e (0xfe043703) ld      a4, -32(s0)
core   0: 3 0x000000008000ff8e (0xfe043703) x14 0x0000000080012063 mem 0x0000000080031f50
core   0: 0x000000008000ff92 (0xfcf76de3) bltu    a4, a5, pc - 38
core   0: 3 0x000000008000ff92 (0xfcf76de3)
core   0: 0x000000008000ff6c (0xfe043783) ld      a5, -32(s0)
core   0: 3 0x000000008000ff6c (0xfe043783) x15 0x0000000080012063 mem 0x0000000080031f50
core   0: 0x000000008000ff70 (0x00178713) addi    a4, a5, 1
core   0: 3 0x000000008000ff70 (0x00178713) x14 0x0000000080012064
core   0: 0x000000008000ff74 (0xfee43023) sd      a4, -32(s0)
core   0: 3 0x000000008000ff74 (0xfee43023) mem 0x0000000080031f50 0x0000000080012064
core   0: 0x000000008000ff78 (0xfc442703) lw      a4, -60(s0)
core   0: 3 0x000000008000ff78 (0xfc442703) x14 0x0000000000000000 mem 0x0000000080031f34
core   0: 0x000000008000ff7c (0x0ff77713) andi    a4, a4, 255
core   0: 3 0x000000008000ff7c (0x0ff77713) x14 0x0000000000000000
core   0: 0x000000008000ff80 (0x00e78023) sb      a4, 0(a5)
core   0: 3 0x000000008000ff80 (0x00e78023) mem 0x0000000080012063 0x00
core   0: 0x000000008000ff84 (0xfc843703) ld      a4, -56(s0)
core   0: 3 0x000000008000ff84 (0xfc843703) x14 0x0000000080012040 mem 0x0000000080031f38
core   0: 0x000000008000ff88 (0xfb843783) ld      a5, -72(s0)
core   0: 3 0x000000008000ff88 (0xfb843783) x15 0x000000000000009c mem 0x0000000080031f28
core   0: 0x000000008000ff8c (0x000097ba) c.add   a5, a4
core   0: 3 0x000000008000ff8c (0x97ba) x15 0x00000000800120dc
core   0: 0x000000008000ff8e (0xfe043703) ld      a4, -32(s0)
core   0: 3 0x000000008000ff8e (0xfe043703) x14 0x0000000080012064 mem 0x0000000080031f50
core   0: 0x000000008000ff92 (0xfcf76de3) bltu    a4, a5, pc - 38
core   0: 3 0x000000008000ff92 (0xfcf76de3)
core   0: 0x000000008000ff6c (0xfe043783) ld      a5, -32(s0)
core   0: 3 0x000000008000ff6c (0xfe043783) x15 0x0000000080012064 mem 0x0000000080031f50
core   0: 0x000000008000ff70 (0x00178713) addi    a4, a5, 1
core   0: 3 0x000000008000ff70 (0x00178713) x14 0x0000000080012065
core   0: 0x000000008000ff74 (0xfee43023) sd      a4, -32(s0)
core   0: 3 0x000000008000ff74 (0xfee43023) mem 0x0000000080031f50 0x0000000080012065
core   0: 0x000000008000ff78 (0xfc442703) lw      a4, -60(s0)
core   0: 3 0x000000008000ff78 (0xfc442703) x14 0x0000000000000000 mem 0x0000000080031f34
core   0: 0x000000008000ff7c (0x0ff77713) andi    a4, a4, 255
core   0: 3 0x000000008000ff7c (0x0ff77713) x14 0x0000000000000000
core   0: 0x000000008000ff80 (0x00e78023) sb      a4, 0(a5)
core   0: 3 0x000000008000ff80 (0x00e78023) mem 0x0000000080012064 0x00
core   0: 0x000000008000ff84 (0xfc843703) ld      a4, -56(s0)
core   0: 3 0x000000008000ff84 (0xfc843703) x14 0x0000000080012040 mem 0x0000000080031f38
core   0: 0x000000008000ff88 (0xfb843783) ld      a5, -72(s0)
core   0: 3 0x000000008000ff88 (0xfb843783) x15 0x000000000000009c mem 0x0000000080031f28
core   0: 0x000000008000ff8c (0x000097ba) c.add   a5, a4
core   0: 3 0x000000008000ff8c (0x97ba) x15 0x00000000800120dc
core   0: 0x000000008000ff8e (0xfe043703) ld      a4, -32(s0)
core   0: 3 0x000000008000ff8e (0xfe043703) x14 0x0000000080012065 mem 0x0000000080031f50
core   0: 0x000000008000ff92 (0xfcf76de3) bltu    a4, a5, pc - 38
core   0: 3 0x000000008000ff92 (0xfcf76de3)
core   0: 0x000000008000ff6c (0xfe043783) ld      a5, -32(s0)
core   0: 3 0x000000008000ff6c (0xfe043783) x15 0x0000000080012065 mem 0x0000000080031f50
core   0: 0x000000008000ff70 (0x00178713) addi    a4, a5, 1
core   0: 3 0x000000008000ff70 (0x00178713) x14 0x0000000080012066
core   0: 0x000000008000ff74 (0xfee43023) sd      a4, -32(s0)
core   0: 3 0x000000008000ff74 (0xfee43023) mem 0x0000000080031f50 0x0000000080012066
core   0: 0x000000008000ff78 (0xfc442703) lw      a4, -60(s0)
core   0: 3 0x000000008000ff78 (0xfc442703) x14 0x0000000000000000 mem 0x0000000080031f34
core   0: 0x000000008000ff7c (0x0ff77713) andi    a4, a4, 255
core   0: 3 0x000000008000ff7c (0x0ff77713) x14 0x0000000000000000
core   0: 0x000000008000ff80 (0x00e78023) sb      a4, 0(a5)
core   0: 3 0x000000008000ff80 (0x00e78023) mem 0x0000000080012065 0x00
core   0: 0x000000008000ff84 (0xfc843703) ld      a4, -56(s0)
core   0: 3 0x000000008000ff84 (0xfc843703) x14 0x0000000080012040 mem 0x0000000080031f38
core   0: 0x000000008000ff88 (0xfb843783) ld      a5, -72(s0)
core   0: 3 0x000000008000ff88 (0xfb843783) x15 0x000000000000009c mem 0x0000000080031f28
core   0: 0x000000008000ff8c (0x000097ba) c.add   a5, a4
core   0: 3 0x000000008000ff8c (0x97ba) x15 0x00000000800120dc
core   0: 0x000000008000ff8e (0xfe043703) ld      a4, -32(s0)
core   0: 3 0x000000008000ff8e (0xfe043703) x14 0x0000000080012066 mem 0x0000000080031f50
core   0: 0x000000008000ff92 (0xfcf76de3) bltu    a4, a5, pc - 38
core   0: 3 0x000000008000ff92 (0xfcf76de3)
core   0: 0x000000008000ff6c (0xfe043783) ld      a5, -32(s0)
core   0: 3 0x000000008000ff6c (0xfe043783) x15 0x0000000080012066 mem 0x0000000080031f50
core   0: 0x000000008000ff70 (0x00178713) addi    a4, a5, 1
core   0: 3 0x000000008000ff70 (0x00178713) x14 0x0000000080012067
core   0: 0x000000008000ff74 (0xfee43023) sd      a4, -32(s0)
core   0: 3 0x000000008000ff74 (0xfee43023) mem 0x0000000080031f50 0x0000000080012067
core   0: 0x000000008000ff78 (0xfc442703) lw      a4, -60(s0)
core   0: 3 0x000000008000ff78 (0xfc442703) x14 0x0000000000000000 mem 0x0000000080031f34
core   0: 0x000000008000ff7c (0x0ff77713) andi    a4, a4, 255
core   0: 3 0x000000008000ff7c (0x0ff77713) x14 0x0000000000000000
core   0: 0x000000008000ff80 (0x00e78023) sb      a4, 0(a5)
core   0: 3 0x000000008000ff80 (0x00e78023) mem 0x0000000080012066 0x00
core   0: 0x000000008000ff84 (0xfc843703) ld      a4, -56(s0)
core   0: 3 0x000000008000ff84 (0xfc843703) x14 0x0000000080012040 mem 0x0000000080031f38
core   0: 0x000000008000ff88 (0xfb843783) ld      a5, -72(s0)
core   0: 3 0x000000008000ff88 (0xfb843783) x15 0x000000000000009c mem 0x0000000080031f28
core   0: 0x000000008000ff8c (0x000097ba) c.add   a5, a4
core   0: 3 0x000000008000ff8c (0x97ba) x15 0x00000000800120dc
core   0: 0x000000008000ff8e (0xfe043703) ld      a4, -32(s0)
core   0: 3 0x000000008000ff8e (0xfe043703) x14 0x0000000080012067 mem 0x0000000080031f50
core   0: 0x000000008000ff92 (0xfcf76de3) bltu    a4, a5, pc - 38
core   0: 3 0x000000008000ff92 (0xfcf76de3)
core   0: 0x000000008000ff6c (0xfe043783) ld      a5, -32(s0)
core   0: 3 0x000000008000ff6c (0xfe043783) x15 0x0000000080012067 mem 0x0000000080031f50
core   0: 0x000000008000ff70 (0x00178713) addi    a4, a5, 1
core   0: 3 0x000000008000ff70 (0x00178713) x14 0x0000000080012068
core   0: 0x000000008000ff74 (0xfee43023) sd      a4, -32(s0)
core   0: 3 0x000000008000ff74 (0xfee43023) mem 0x0000000080031f50 0x0000000080012068
core   0: 0x000000008000ff78 (0xfc442703) lw      a4, -60(s0)
core   0: 3 0x000000008000ff78 (0xfc442703) x14 0x0000000000000000 mem 0x0000000080031f34
core   0: 0x000000008000ff7c (0x0ff77713) andi    a4, a4, 255
core   0: 3 0x000000008000ff7c (0x0ff77713) x14 0x0000000000000000
core   0: 0x000000008000ff80 (0x00e78023) sb      a4, 0(a5)
core   0: 3 0x000000008000ff80 (0x00e78023) mem 0x0000000080012067 0x00
core   0: 0x000000008000ff84 (0xfc843703) ld      a4, -56(s0)
core   0: 3 0x000000008000ff84 (0xfc843703) x14 0x0000000080012040 mem 0x0000000080031f38
core   0: 0x000000008000ff88 (0xfb843783) ld      a5, -72(s0)
core   0: 3 0x000000008000ff88 (0xfb843783) x15 0x000000000000009c mem 0x0000000080031f28
core   0: 0x000000008000ff8c (0x000097ba) c.add   a5, a4
core   0: 3 0x000000008000ff8c (0x97ba) x15 0x00000000800120dc
core   0: 0x000000008000ff8e (0xfe043703) ld      a4, -32(s0)
core   0: 3 0x000000008000ff8e (0xfe043703) x14 0x0000000080012068 mem 0x0000000080031f50
core   0: 0x000000008000ff92 (0xfcf76de3) bltu    a4, a5, pc - 38
core   0: 3 0x000000008000ff92 (0xfcf76de3)
core   0: 0x000000008000ff6c (0xfe043783) ld      a5, -32(s0)
core   0: 3 0x000000008000ff6c (0xfe043783) x15 0x0000000080012068 mem 0x0000000080031f50
core   0: 0x000000008000ff70 (0x00178713) addi    a4, a5, 1
core   0: 3 0x000000008000ff70 (0x00178713) x14 0x0000000080012069
core   0: 0x000000008000ff74 (0xfee43023) sd      a4, -32(s0)
core   0: 3 0x000000008000ff74 (0xfee43023) mem 0x0000000080031f50 0x0000000080012069
core   0: 0x000000008000ff78 (0xfc442703) lw      a4, -60(s0)
core   0: 3 0x000000008000ff78 (0xfc442703) x14 0x0000000000000000 mem 0x0000000080031f34
core   0: 0x000000008000ff7c (0x0ff77713) andi    a4, a4, 255
core   0: 3 0x000000008000ff7c (0x0ff77713) x14 0x0000000000000000
core   0: 0x000000008000ff80 (0x00e78023) sb      a4, 0(a5)
core   0: 3 0x000000008000ff80 (0x00e78023) mem 0x0000000080012068 0x00
core   0: 0x000000008000ff84 (0xfc843703) ld      a4, -56(s0)
core   0: 3 0x000000008000ff84 (0xfc843703) x14 0x0000000080012040 mem 0x0000000080031f38
core   0: 0x000000008000ff88 (0xfb843783) ld      a5, -72(s0)
core   0: 3 0x000000008000ff88 (0xfb843783) x15 0x000000000000009c mem 0x0000000080031f28
core   0: 0x000000008000ff8c (0x000097ba) c.add   a5, a4
core   0: 3 0x000000008000ff8c (0x97ba) x15 0x00000000800120dc
core   0: 0x000000008000ff8e (0xfe043703) ld      a4, -32(s0)
core   0: 3 0x000000008000ff8e (0xfe043703) x14 0x0000000080012069 mem 0x0000000080031f50
core   0: 0x000000008000ff92 (0xfcf76de3) bltu    a4, a5, pc - 38
core   0: 3 0x000000008000ff92 (0xfcf76de3)
core   0: 0x000000008000ff6c (0xfe043783) ld      a5, -32(s0)
core   0: 3 0x000000008000ff6c (0xfe043783) x15 0x0000000080012069 mem 0x0000000080031f50
core   0: 0x000000008000ff70 (0x00178713) addi    a4, a5, 1
core   0: 3 0x000000008000ff70 (0x00178713) x14 0x000000008001206a
core   0: 0x000000008000ff74 (0xfee43023) sd      a4, -32(s0)
core   0: 3 0x000000008000ff74 (0xfee43023) mem 0x0000000080031f50 0x000000008001206a
core   0: 0x000000008000ff78 (0xfc442703) lw      a4, -60(s0)
core   0: 3 0x000000008000ff78 (0xfc442703) x14 0x0000000000000000 mem 0x0000000080031f34
core   0: 0x000000008000ff7c (0x0ff77713) andi    a4, a4, 255
core   0: 3 0x000000008000ff7c (0x0ff77713) x14 0x0000000000000000
core   0: 0x000000008000ff80 (0x00e78023) sb      a4, 0(a5)
core   0: 3 0x000000008000ff80 (0x00e78023) mem 0x0000000080012069 0x00
core   0: 0x000000008000ff84 (0xfc843703) ld      a4, -56(s0)
core   0: 3 0x000000008000ff84 (0xfc843703) x14 0x0000000080012040 mem 0x0000000080031f38
core   0: 0x000000008000ff88 (0xfb843783) ld      a5, -72(s0)
core   0: 3 0x000000008000ff88 (0xfb843783) x15 0x000000000000009c mem 0x0000000080031f28
core   0: 0x000000008000ff8c (0x000097ba) c.add   a5, a4
core   0: 3 0x000000008000ff8c (0x97ba) x15 0x00000000800120dc
core   0: 0x000000008000ff8e (0xfe043703) ld      a4, -32(s0)
core   0: 3 0x000000008000ff8e (0xfe043703) x14 0x000000008001206a mem 0x0000000080031f50
core   0: 0x000000008000ff92 (0xfcf76de3) bltu    a4, a5, pc - 38
core   0: 3 0x000000008000ff92 (0xfcf76de3)
core   0: 0x000000008000ff6c (0xfe043783) ld      a5, -32(s0)
core   0: 3 0x000000008000ff6c (0xfe043783) x15 0x000000008001206a mem 0x0000000080031f50
core   0: 0x000000008000ff70 (0x00178713) addi    a4, a5, 1
core   0: 3 0x000000008000ff70 (0x00178713) x14 0x000000008001206b
core   0: 0x000000008000ff74 (0xfee43023) sd      a4, -32(s0)
core   0: 3 0x000000008000ff74 (0xfee43023) mem 0x0000000080031f50 0x000000008001206b
core   0: 0x000000008000ff78 (0xfc442703) lw      a4, -60(s0)
core   0: 3 0x000000008000ff78 (0xfc442703) x14 0x0000000000000000 mem 0x0000000080031f34
core   0: 0x000000008000ff7c (0x0ff77713) andi    a4, a4, 255
core   0: 3 0x000000008000ff7c (0x0ff77713) x14 0x0000000000000000
core   0: 0x000000008000ff80 (0x00e78023) sb      a4, 0(a5)
core   0: 3 0x000000008000ff80 (0x00e78023) mem 0x000000008001206a 0x00
core   0: 0x000000008000ff84 (0xfc843703) ld      a4, -56(s0)
core   0: 3 0x000000008000ff84 (0xfc843703) x14 0x0000000080012040 mem 0x0000000080031f38
core   0: 0x000000008000ff88 (0xfb843783) ld      a5, -72(s0)
core   0: 3 0x000000008000ff88 (0xfb843783) x15 0x000000000000009c mem 0x0000000080031f28
core   0: 0x000000008000ff8c (0x000097ba) c.add   a5, a4
core   0: 3 0x000000008000ff8c (0x97ba) x15 0x00000000800120dc
core   0: 0x000000008000ff8e (0xfe043703) ld      a4, -32(s0)
core   0: 3 0x000000008000ff8e (0xfe043703) x14 0x000000008001206b mem 0x0000000080031f50
core   0: 0x000000008000ff92 (0xfcf76de3) bltu    a4, a5, pc - 38
core   0: 3 0x000000008000ff92 (0xfcf76de3)
core   0: 0x000000008000ff6c (0xfe043783) ld      a5, -32(s0)
core   0: 3 0x000000008000ff6c (0xfe043783) x15 0x000000008001206b mem 0x0000000080031f50
core   0: 0x000000008000ff70 (0x00178713) addi    a4, a5, 1
core   0: 3 0x000000008000ff70 (0x00178713) x14 0x000000008001206c
core   0: 0x000000008000ff74 (0xfee43023) sd      a4, -32(s0)
core   0: 3 0x000000008000ff74 (0xfee43023) mem 0x0000000080031f50 0x000000008001206c
core   0: 0x000000008000ff78 (0xfc442703) lw      a4, -60(s0)
core   0: 3 0x000000008000ff78 (0xfc442703) x14 0x0000000000000000 mem 0x0000000080031f34
core   0: 0x000000008000ff7c (0x0ff77713) andi    a4, a4, 255
core   0: 3 0x000000008000ff7c (0x0ff77713) x14 0x0000000000000000
core   0: 0x000000008000ff80 (0x00e78023) sb      a4, 0(a5)
core   0: 3 0x000000008000ff80 (0x00e78023) mem 0x000000008001206b 0x00
core   0: 0x000000008000ff84 (0xfc843703) ld      a4, -56(s0)
core   0: 3 0x000000008000ff84 (0xfc843703) x14 0x0000000080012040 mem 0x0000000080031f38
core   0: 0x000000008000ff88 (0xfb843783) ld      a5, -72(s0)
core   0: 3 0x000000008000ff88 (0xfb843783) x15 0x000000000000009c mem 0x0000000080031f28
core   0: 0x000000008000ff8c (0x000097ba) c.add   a5, a4
core   0: 3 0x000000008000ff8c (0x97ba) x15 0x00000000800120dc
core   0: 0x000000008000ff8e (0xfe043703) ld      a4, -32(s0)
core   0: 3 0x000000008000ff8e (0xfe043703) x14 0x000000008001206c mem 0x0000000080031f50
core   0: 0x000000008000ff92 (0xfcf76de3) bltu    a4, a5, pc - 38
core   0: 3 0x000000008000ff92 (0xfcf76de3)
core   0: 0x000000008000ff6c (0xfe043783) ld      a5, -32(s0)
core   0: 3 0x000000008000ff6c (0xfe043783) x15 0x000000008001206c mem 0x0000000080031f50
core   0: 0x000000008000ff70 (0x00178713) addi    a4, a5, 1
core   0: 3 0x000000008000ff70 (0x00178713) x14 0x000000008001206d
core   0: 0x000000008000ff74 (0xfee43023) sd      a4, -32(s0)
core   0: 3 0x000000008000ff74 (0xfee43023) mem 0x0000000080031f50 0x000000008001206d
core   0: 0x000000008000ff78 (0xfc442703) lw      a4, -60(s0)
core   0: 3 0x000000008000ff78 (0xfc442703) x14 0x0000000000000000 mem 0x0000000080031f34
core   0: 0x000000008000ff7c (0x0ff77713) andi    a4, a4, 255
core   0: 3 0x000000008000ff7c (0x0ff77713) x14 0x0000000000000000
core   0: 0x000000008000ff80 (0x00e78023) sb      a4, 0(a5)
core   0: 3 0x000000008000ff80 (0x00e78023) mem 0x000000008001206c 0x00
core   0: 0x000000008000ff84 (0xfc843703) ld      a4, -56(s0)
core   0: 3 0x000000008000ff84 (0xfc843703) x14 0x0000000080012040 mem 0x0000000080031f38
core   0: 0x000000008000ff88 (0xfb843783) ld      a5, -72(s0)
core   0: 3 0x000000008000ff88 (0xfb843783) x15 0x000000000000009c mem 0x0000000080031f28
core   0: 0x000000008000ff8c (0x000097ba) c.add   a5, a4
core   0: 3 0x000000008000ff8c (0x97ba) x15 0x00000000800120dc
core   0: 0x000000008000ff8e (0xfe043703) ld      a4, -32(s0)
core   0: 3 0x000000008000ff8e (0xfe043703) x14 0x000000008001206d mem 0x0000000080031f50
core   0: 0x000000008000ff92 (0xfcf76de3) bltu    a4, a5, pc - 38
core   0: 3 0x000000008000ff92 (0xfcf76de3)
core   0: 0x000000008000ff6c (0xfe043783) ld      a5, -32(s0)
core   0: 3 0x000000008000ff6c (0xfe043783) x15 0x000000008001206d mem 0x0000000080031f50
core   0: 0x000000008000ff70 (0x00178713) addi    a4, a5, 1
core   0: 3 0x000000008000ff70 (0x00178713) x14 0x000000008001206e
core   0: 0x000000008000ff74 (0xfee43023) sd      a4, -32(s0)
core   0: 3 0x000000008000ff74 (0xfee43023) mem 0x0000000080031f50 0x000000008001206e
core   0: 0x000000008000ff78 (0xfc442703) lw      a4, -60(s0)
core   0: 3 0x000000008000ff78 (0xfc442703) x14 0x0000000000000000 mem 0x0000000080031f34
core   0: 0x000000008000ff7c (0x0ff77713) andi    a4, a4, 255
core   0: 3 0x000000008000ff7c (0x0ff77713) x14 0x0000000000000000
core   0: 0x000000008000ff80 (0x00e78023) sb      a4, 0(a5)
core   0: 3 0x000000008000ff80 (0x00e78023) mem 0x000000008001206d 0x00
core   0: 0x000000008000ff84 (0xfc843703) ld      a4, -56(s0)
core   0: 3 0x000000008000ff84 (0xfc843703) x14 0x0000000080012040 mem 0x0000000080031f38
core   0: 0x000000008000ff88 (0xfb843783) ld      a5, -72(s0)
core   0: 3 0x000000008000ff88 (0xfb843783) x15 0x000000000000009c mem 0x0000000080031f28
core   0: 0x000000008000ff8c (0x000097ba) c.add   a5, a4
core   0: 3 0x000000008000ff8c (0x97ba) x15 0x00000000800120dc
core   0: 0x000000008000ff8e (0xfe043703) ld      a4, -32(s0)
core   0: 3 0x000000008000ff8e (0xfe043703) x14 0x000000008001206e mem 0x0000000080031f50
core   0: 0x000000008000ff92 (0xfcf76de3) bltu    a4, a5, pc - 38
core   0: 3 0x000000008000ff92 (0xfcf76de3)
core   0: 0x000000008000ff6c (0xfe043783) ld      a5, -32(s0)
core   0: 3 0x000000008000ff6c (0xfe043783) x15 0x000000008001206e mem 0x0000000080031f50
core   0: 0x000000008000ff70 (0x00178713) addi    a4, a5, 1
core   0: 3 0x000000008000ff70 (0x00178713) x14 0x000000008001206f
core   0: 0x000000008000ff74 (0xfee43023) sd      a4, -32(s0)
core   0: 3 0x000000008000ff74 (0xfee43023) mem 0x0000000080031f50 0x000000008001206f
core   0: 0x000000008000ff78 (0xfc442703) lw      a4, -60(s0)
core   0: 3 0x000000008000ff78 (0xfc442703) x14 0x0000000000000000 mem 0x0000000080031f34
core   0: 0x000000008000ff7c (0x0ff77713) andi    a4, a4, 255
core   0: 3 0x000000008000ff7c (0x0ff77713) x14 0x0000000000000000
core   0: 0x000000008000ff80 (0x00e78023) sb      a4, 0(a5)
core   0: 3 0x000000008000ff80 (0x00e78023) mem 0x000000008001206e 0x00
core   0: 0x000000008000ff84 (0xfc843703) ld      a4, -56(s0)
core   0: 3 0x000000008000ff84 (0xfc843703) x14 0x0000000080012040 mem 0x0000000080031f38
core   0: 0x000000008000ff88 (0xfb843783) ld      a5, -72(s0)
core   0: 3 0x000000008000ff88 (0xfb843783) x15 0x000000000000009c mem 0x0000000080031f28
core   0: 0x000000008000ff8c (0x000097ba) c.add   a5, a4
core   0: 3 0x000000008000ff8c (0x97ba) x15 0x00000000800120dc
core   0: 0x000000008000ff8e (0xfe043703) ld      a4, -32(s0)
core   0: 3 0x000000008000ff8e (0xfe043703) x14 0x000000008001206f mem 0x0000000080031f50
core   0: 0x000000008000ff92 (0xfcf76de3) bltu    a4, a5, pc - 38
core   0: 3 0x000000008000ff92 (0xfcf76de3)
core   0: 0x000000008000ff6c (0xfe043783) ld      a5, -32(s0)
core   0: 3 0x000000008000ff6c (0xfe043783) x15 0x000000008001206f mem 0x0000000080031f50
core   0: 0x000000008000ff70 (0x00178713) addi    a4, a5, 1
core   0: 3 0x000000008000ff70 (0x00178713) x14 0x0000000080012070
core   0: 0x000000008000ff74 (0xfee43023) sd      a4, -32(s0)
core   0: 3 0x000000008000ff74 (0xfee43023) mem 0x0000000080031f50 0x0000000080012070
core   0: 0x000000008000ff78 (0xfc442703) lw      a4, -60(s0)
core   0: 3 0x000000008000ff78 (0xfc442703) x14 0x0000000000000000 mem 0x0000000080031f34
core   0: 0x000000008000ff7c (0x0ff77713) andi    a4, a4, 255
core   0: 3 0x000000008000ff7c (0x0ff77713) x14 0x0000000000000000
core   0: 0x000000008000ff80 (0x00e78023) sb      a4, 0(a5)
core   0: 3 0x000000008000ff80 (0x00e78023) mem 0x000000008001206f 0x00
core   0: 0x000000008000ff84 (0xfc843703) ld      a4, -56(s0)
core   0: 3 0x000000008000ff84 (0xfc843703) x14 0x0000000080012040 mem 0x0000000080031f38
core   0: 0x000000008000ff88 (0xfb843783) ld      a5, -72(s0)
core   0: 3 0x000000008000ff88 (0xfb843783) x15 0x000000000000009c mem 0x0000000080031f28
core   0: 0x000000008000ff8c (0x000097ba) c.add   a5, a4
core   0: 3 0x000000008000ff8c (0x97ba) x15 0x00000000800120dc
core   0: 0x000000008000ff8e (0xfe043703) ld      a4, -32(s0)
core   0: 3 0x000000008000ff8e (0xfe043703) x14 0x0000000080012070 mem 0x0000000080031f50
core   0: 0x000000008000ff92 (0xfcf76de3) bltu    a4, a5, pc - 38
core   0: 3 0x000000008000ff92 (0xfcf76de3)
core   0: 0x000000008000ff6c (0xfe043783) ld      a5, -32(s0)
core   0: 3 0x000000008000ff6c (0xfe043783) x15 0x0000000080012070 mem 0x0000000080031f50
core   0: 0x000000008000ff70 (0x00178713) addi    a4, a5, 1
core   0: 3 0x000000008000ff70 (0x00178713) x14 0x0000000080012071
core   0: 0x000000008000ff74 (0xfee43023) sd      a4, -32(s0)
core   0: 3 0x000000008000ff74 (0xfee43023) mem 0x0000000080031f50 0x0000000080012071
core   0: 0x000000008000ff78 (0xfc442703) lw      a4, -60(s0)
core   0: 3 0x000000008000ff78 (0xfc442703) x14 0x0000000000000000 mem 0x0000000080031f34
core   0: 0x000000008000ff7c (0x0ff77713) andi    a4, a4, 255
core   0: 3 0x000000008000ff7c (0x0ff77713) x14 0x0000000000000000
core   0: 0x000000008000ff80 (0x00e78023) sb      a4, 0(a5)
core   0: 3 0x000000008000ff80 (0x00e78023) mem 0x0000000080012070 0x00
core   0: 0x000000008000ff84 (0xfc843703) ld      a4, -56(s0)
core   0: 3 0x000000008000ff84 (0xfc843703) x14 0x0000000080012040 mem 0x0000000080031f38
core   0: 0x000000008000ff88 (0xfb843783) ld      a5, -72(s0)
core   0: 3 0x000000008000ff88 (0xfb843783) x15 0x000000000000009c mem 0x0000000080031f28
core   0: 0x000000008000ff8c (0x000097ba) c.add   a5, a4
core   0: 3 0x000000008000ff8c (0x97ba) x15 0x00000000800120dc
core   0: 0x000000008000ff8e (0xfe043703) ld      a4, -32(s0)
core   0: 3 0x000000008000ff8e (0xfe043703) x14 0x0000000080012071 mem 0x0000000080031f50
core   0: 0x000000008000ff92 (0xfcf76de3) bltu    a4, a5, pc - 38
core   0: 3 0x000000008000ff92 (0xfcf76de3)
core   0: 0x000000008000ff6c (0xfe043783) ld      a5, -32(s0)
core   0: 3 0x000000008000ff6c (0xfe043783) x15 0x0000000080012071 mem 0x0000000080031f50
core   0: 0x000000008000ff70 (0x00178713) addi    a4, a5, 1
core   0: 3 0x000000008000ff70 (0x00178713) x14 0x0000000080012072
core   0: 0x000000008000ff74 (0xfee43023) sd      a4, -32(s0)
core   0: 3 0x000000008000ff74 (0xfee43023) mem 0x0000000080031f50 0x0000000080012072
core   0: 0x000000008000ff78 (0xfc442703) lw      a4, -60(s0)
core   0: 3 0x000000008000ff78 (0xfc442703) x14 0x0000000000000000 mem 0x0000000080031f34
core   0: 0x000000008000ff7c (0x0ff77713) andi    a4, a4, 255
core   0: 3 0x000000008000ff7c (0x0ff77713) x14 0x0000000000000000
core   0: 0x000000008000ff80 (0x00e78023) sb      a4, 0(a5)
core   0: 3 0x000000008000ff80 (0x00e78023) mem 0x0000000080012071 0x00
core   0: 0x000000008000ff84 (0xfc843703) ld      a4, -56(s0)
core   0: 3 0x000000008000ff84 (0xfc843703) x14 0x0000000080012040 mem 0x0000000080031f38
core   0: 0x000000008000ff88 (0xfb843783) ld      a5, -72(s0)
core   0: 3 0x000000008000ff88 (0xfb843783) x15 0x000000000000009c mem 0x0000000080031f28
core   0: 0x000000008000ff8c (0x000097ba) c.add   a5, a4
core   0: 3 0x000000008000ff8c (0x97ba) x15 0x00000000800120dc
core   0: 0x000000008000ff8e (0xfe043703) ld      a4, -32(s0)
core   0: 3 0x000000008000ff8e (0xfe043703) x14 0x0000000080012072 mem 0x0000000080031f50
core   0: 0x000000008000ff92 (0xfcf76de3) bltu    a4, a5, pc - 38
core   0: 3 0x000000008000ff92 (0xfcf76de3)
core   0: 0x000000008000ff6c (0xfe043783) ld      a5, -32(s0)
core   0: 3 0x000000008000ff6c (0xfe043783) x15 0x0000000080012072 mem 0x0000000080031f50
core   0: 0x000000008000ff70 (0x00178713) addi    a4, a5, 1
core   0: 3 0x000000008000ff70 (0x00178713) x14 0x0000000080012073
core   0: 0x000000008000ff74 (0xfee43023) sd      a4, -32(s0)
core   0: 3 0x000000008000ff74 (0xfee43023) mem 0x0000000080031f50 0x0000000080012073
core   0: 0x000000008000ff78 (0xfc442703) lw      a4, -60(s0)
core   0: 3 0x000000008000ff78 (0xfc442703) x14 0x0000000000000000 mem 0x0000000080031f34
core   0: 0x000000008000ff7c (0x0ff77713) andi    a4, a4, 255
core   0: 3 0x000000008000ff7c (0x0ff77713) x14 0x0000000000000000
core   0: 0x000000008000ff80 (0x00e78023) sb      a4, 0(a5)
core   0: 3 0x000000008000ff80 (0x00e78023) mem 0x0000000080012072 0x00
core   0: 0x000000008000ff84 (0xfc843703) ld      a4, -56(s0)
core   0: 3 0x000000008000ff84 (0xfc843703) x14 0x0000000080012040 mem 0x0000000080031f38
core   0: 0x000000008000ff88 (0xfb843783) ld      a5, -72(s0)
core   0: 3 0x000000008000ff88 (0xfb843783) x15 0x000000000000009c mem 0x0000000080031f28
core   0: 0x000000008000ff8c (0x000097ba) c.add   a5, a4
core   0: 3 0x000000008000ff8c (0x97ba) x15 0x00000000800120dc
core   0: 0x000000008000ff8e (0xfe043703) ld      a4, -32(s0)
core   0: 3 0x000000008000ff8e (0xfe043703) x14 0x0000000080012073 mem 0x0000000080031f50
core   0: 0x000000008000ff92 (0xfcf76de3) bltu    a4, a5, pc - 38
core   0: 3 0x000000008000ff92 (0xfcf76de3)
core   0: 0x000000008000ff6c (0xfe043783) ld      a5, -32(s0)
core   0: 3 0x000000008000ff6c (0xfe043783) x15 0x0000000080012073 mem 0x0000000080031f50
core   0: 0x000000008000ff70 (0x00178713) addi    a4, a5, 1
core   0: 3 0x000000008000ff70 (0x00178713) x14 0x0000000080012074
core   0: 0x000000008000ff74 (0xfee43023) sd      a4, -32(s0)
core   0: 3 0x000000008000ff74 (0xfee43023) mem 0x0000000080031f50 0x0000000080012074
core   0: 0x000000008000ff78 (0xfc442703) lw      a4, -60(s0)
core   0: 3 0x000000008000ff78 (0xfc442703) x14 0x0000000000000000 mem 0x0000000080031f34
core   0: 0x000000008000ff7c (0x0ff77713) andi    a4, a4, 255
core   0: 3 0x000000008000ff7c (0x0ff77713) x14 0x0000000000000000
core   0: 0x000000008000ff80 (0x00e78023) sb      a4, 0(a5)
core   0: 3 0x000000008000ff80 (0x00e78023) mem 0x0000000080012073 0x00
core   0: 0x000000008000ff84 (0xfc843703) ld      a4, -56(s0)
core   0: 3 0x000000008000ff84 (0xfc843703) x14 0x0000000080012040 mem 0x0000000080031f38
core   0: 0x000000008000ff88 (0xfb843783) ld      a5, -72(s0)
core   0: 3 0x000000008000ff88 (0xfb843783) x15 0x000000000000009c mem 0x0000000080031f28
core   0: 0x000000008000ff8c (0x000097ba) c.add   a5, a4
core   0: 3 0x000000008000ff8c (0x97ba) x15 0x00000000800120dc
core   0: 0x000000008000ff8e (0xfe043703) ld      a4, -32(s0)
core   0: 3 0x000000008000ff8e (0xfe043703) x14 0x0000000080012074 mem 0x0000000080031f50
core   0: 0x000000008000ff92 (0xfcf76de3) bltu    a4, a5, pc - 38
core   0: 3 0x000000008000ff92 (0xfcf76de3)
core   0: 0x000000008000ff6c (0xfe043783) ld      a5, -32(s0)
core   0: 3 0x000000008000ff6c (0xfe043783) x15 0x0000000080012074 mem 0x0000000080031f50
core   0: 0x000000008000ff70 (0x00178713) addi    a4, a5, 1
core   0: 3 0x000000008000ff70 (0x00178713) x14 0x0000000080012075
core   0: 0x000000008000ff74 (0xfee43023) sd      a4, -32(s0)
core   0: 3 0x000000008000ff74 (0xfee43023) mem 0x0000000080031f50 0x0000000080012075
core   0: 0x000000008000ff78 (0xfc442703) lw      a4, -60(s0)
core   0: 3 0x000000008000ff78 (0xfc442703) x14 0x0000000000000000 mem 0x0000000080031f34
core   0: 0x000000008000ff7c (0x0ff77713) andi    a4, a4, 255
core   0: 3 0x000000008000ff7c (0x0ff77713) x14 0x0000000000000000
core   0: 0x000000008000ff80 (0x00e78023) sb      a4, 0(a5)
core   0: 3 0x000000008000ff80 (0x00e78023) mem 0x0000000080012074 0x00
core   0: 0x000000008000ff84 (0xfc843703) ld      a4, -56(s0)
core   0: 3 0x000000008000ff84 (0xfc843703) x14 0x0000000080012040 mem 0x0000000080031f38
core   0: 0x000000008000ff88 (0xfb843783) ld      a5, -72(s0)
core   0: 3 0x000000008000ff88 (0xfb843783) x15 0x000000000000009c mem 0x0000000080031f28
core   0: 0x000000008000ff8c (0x000097ba) c.add   a5, a4
core   0: 3 0x000000008000ff8c (0x97ba) x15 0x00000000800120dc
core   0: 0x000000008000ff8e (0xfe043703) ld      a4, -32(s0)
core   0: 3 0x000000008000ff8e (0xfe043703) x14 0x0000000080012075 mem 0x0000000080031f50
core   0: 0x000000008000ff92 (0xfcf76de3) bltu    a4, a5, pc - 38
core   0: 3 0x000000008000ff92 (0xfcf76de3)
core   0: 0x000000008000ff6c (0xfe043783) ld      a5, -32(s0)
core   0: 3 0x000000008000ff6c (0xfe043783) x15 0x0000000080012075 mem 0x0000000080031f50
core   0: 0x000000008000ff70 (0x00178713) addi    a4, a5, 1
core   0: 3 0x000000008000ff70 (0x00178713) x14 0x0000000080012076
core   0: 0x000000008000ff74 (0xfee43023) sd      a4, -32(s0)
core   0: 3 0x000000008000ff74 (0xfee43023) mem 0x0000000080031f50 0x0000000080012076
core   0: 0x000000008000ff78 (0xfc442703) lw      a4, -60(s0)
core   0: 3 0x000000008000ff78 (0xfc442703) x14 0x0000000000000000 mem 0x0000000080031f34
core   0: 0x000000008000ff7c (0x0ff77713) andi    a4, a4, 255
core   0: 3 0x000000008000ff7c (0x0ff77713) x14 0x0000000000000000
core   0: 0x000000008000ff80 (0x00e78023) sb      a4, 0(a5)
core   0: 3 0x000000008000ff80 (0x00e78023) mem 0x0000000080012075 0x00
core   0: 0x000000008000ff84 (0xfc843703) ld      a4, -56(s0)
core   0: 3 0x000000008000ff84 (0xfc843703) x14 0x0000000080012040 mem 0x0000000080031f38
core   0: 0x000000008000ff88 (0xfb843783) ld      a5, -72(s0)
core   0: 3 0x000000008000ff88 (0xfb843783) x15 0x000000000000009c mem 0x0000000080031f28
core   0: 0x000000008000ff8c (0x000097ba) c.add   a5, a4
core   0: 3 0x000000008000ff8c (0x97ba) x15 0x00000000800120dc
core   0: 0x000000008000ff8e (0xfe043703) ld      a4, -32(s0)
core   0: 3 0x000000008000ff8e (0xfe043703) x14 0x0000000080012076 mem 0x0000000080031f50
core   0: 0x000000008000ff92 (0xfcf76de3) bltu    a4, a5, pc - 38
core   0: 3 0x000000008000ff92 (0xfcf76de3)
core   0: 0x000000008000ff6c (0xfe043783) ld      a5, -32(s0)
core   0: 3 0x000000008000ff6c (0xfe043783) x15 0x0000000080012076 mem 0x0000000080031f50
core   0: 0x000000008000ff70 (0x00178713) addi    a4, a5, 1
core   0: 3 0x000000008000ff70 (0x00178713) x14 0x0000000080012077
core   0: 0x000000008000ff74 (0xfee43023) sd      a4, -32(s0)
core   0: 3 0x000000008000ff74 (0xfee43023) mem 0x0000000080031f50 0x0000000080012077
core   0: 0x000000008000ff78 (0xfc442703) lw      a4, -60(s0)
core   0: 3 0x000000008000ff78 (0xfc442703) x14 0x0000000000000000 mem 0x0000000080031f34
core   0: 0x000000008000ff7c (0x0ff77713) andi    a4, a4, 255
core   0: 3 0x000000008000ff7c (0x0ff77713) x14 0x0000000000000000
core   0: 0x000000008000ff80 (0x00e78023) sb      a4, 0(a5)
core   0: 3 0x000000008000ff80 (0x00e78023) mem 0x0000000080012076 0x00
core   0: 0x000000008000ff84 (0xfc843703) ld      a4, -56(s0)
core   0: 3 0x000000008000ff84 (0xfc843703) x14 0x0000000080012040 mem 0x0000000080031f38
core   0: 0x000000008000ff88 (0xfb843783) ld      a5, -72(s0)
core   0: 3 0x000000008000ff88 (0xfb843783) x15 0x000000000000009c mem 0x0000000080031f28
core   0: 0x000000008000ff8c (0x000097ba) c.add   a5, a4
core   0: 3 0x000000008000ff8c (0x97ba) x15 0x00000000800120dc
core   0: 0x000000008000ff8e (0xfe043703) ld      a4, -32(s0)
core   0: 3 0x000000008000ff8e (0xfe043703) x14 0x0000000080012077 mem 0x0000000080031f50
core   0: 0x000000008000ff92 (0xfcf76de3) bltu    a4, a5, pc - 38
core   0: 3 0x000000008000ff92 (0xfcf76de3)
core   0: 0x000000008000ff6c (0xfe043783) ld      a5, -32(s0)
core   0: 3 0x000000008000ff6c (0xfe043783) x15 0x0000000080012077 mem 0x0000000080031f50
core   0: 0x000000008000ff70 (0x00178713) addi    a4, a5, 1
core   0: 3 0x000000008000ff70 (0x00178713) x14 0x0000000080012078
core   0: 0x000000008000ff74 (0xfee43023) sd      a4, -32(s0)
core   0: 3 0x000000008000ff74 (0xfee43023) mem 0x0000000080031f50 0x0000000080012078
core   0: 0x000000008000ff78 (0xfc442703) lw      a4, -60(s0)
core   0: 3 0x000000008000ff78 (0xfc442703) x14 0x0000000000000000 mem 0x0000000080031f34
core   0: 0x000000008000ff7c (0x0ff77713) andi    a4, a4, 255
core   0: 3 0x000000008000ff7c (0x0ff77713) x14 0x0000000000000000
core   0: 0x000000008000ff80 (0x00e78023) sb      a4, 0(a5)
core   0: 3 0x000000008000ff80 (0x00e78023) mem 0x0000000080012077 0x00
core   0: 0x000000008000ff84 (0xfc843703) ld      a4, -56(s0)
core   0: 3 0x000000008000ff84 (0xfc843703) x14 0x0000000080012040 mem 0x0000000080031f38
core   0: 0x000000008000ff88 (0xfb843783) ld      a5, -72(s0)
core   0: 3 0x000000008000ff88 (0xfb843783) x15 0x000000000000009c mem 0x0000000080031f28
core   0: 0x000000008000ff8c (0x000097ba) c.add   a5, a4
core   0: 3 0x000000008000ff8c (0x97ba) x15 0x00000000800120dc
core   0: 0x000000008000ff8e (0xfe043703) ld      a4, -32(s0)
core   0: 3 0x000000008000ff8e (0xfe043703) x14 0x0000000080012078 mem 0x0000000080031f50
core   0: 0x000000008000ff92 (0xfcf76de3) bltu    a4, a5, pc - 38
core   0: 3 0x000000008000ff92 (0xfcf76de3)
core   0: 0x000000008000ff6c (0xfe043783) ld      a5, -32(s0)
core   0: 3 0x000000008000ff6c (0xfe043783) x15 0x0000000080012078 mem 0x0000000080031f50
core   0: 0x000000008000ff70 (0x00178713) addi    a4, a5, 1
core   0: 3 0x000000008000ff70 (0x00178713) x14 0x0000000080012079
core   0: 0x000000008000ff74 (0xfee43023) sd      a4, -32(s0)
core   0: 3 0x000000008000ff74 (0xfee43023) mem 0x0000000080031f50 0x0000000080012079
core   0: 0x000000008000ff78 (0xfc442703) lw      a4, -60(s0)
core   0: 3 0x000000008000ff78 (0xfc442703) x14 0x0000000000000000 mem 0x0000000080031f34
core   0: 0x000000008000ff7c (0x0ff77713) andi    a4, a4, 255
core   0: 3 0x000000008000ff7c (0x0ff77713) x14 0x0000000000000000
core   0: 0x000000008000ff80 (0x00e78023) sb      a4, 0(a5)
core   0: 3 0x000000008000ff80 (0x00e78023) mem 0x0000000080012078 0x00
core   0: 0x000000008000ff84 (0xfc843703) ld      a4, -56(s0)
core   0: 3 0x000000008000ff84 (0xfc843703) x14 0x0000000080012040 mem 0x0000000080031f38
core   0: 0x000000008000ff88 (0xfb843783) ld      a5, -72(s0)
core   0: 3 0x000000008000ff88 (0xfb843783) x15 0x000000000000009c mem 0x0000000080031f28
core   0: 0x000000008000ff8c (0x000097ba) c.add   a5, a4
core   0: 3 0x000000008000ff8c (0x97ba) x15 0x00000000800120dc
core   0: 0x000000008000ff8e (0xfe043703) ld      a4, -32(s0)
core   0: 3 0x000000008000ff8e (0xfe043703) x14 0x0000000080012079 mem 0x0000000080031f50
core   0: 0x000000008000ff92 (0xfcf76de3) bltu    a4, a5, pc - 38
core   0: 3 0x000000008000ff92 (0xfcf76de3)
core   0: 0x000000008000ff6c (0xfe043783) ld      a5, -32(s0)
core   0: 3 0x000000008000ff6c (0xfe043783) x15 0x0000000080012079 mem 0x0000000080031f50
core   0: 0x000000008000ff70 (0x00178713) addi    a4, a5, 1
core   0: 3 0x000000008000ff70 (0x00178713) x14 0x000000008001207a
core   0: 0x000000008000ff74 (0xfee43023) sd      a4, -32(s0)
core   0: 3 0x000000008000ff74 (0xfee43023) mem 0x0000000080031f50 0x000000008001207a
core   0: 0x000000008000ff78 (0xfc442703) lw      a4, -60(s0)
core   0: 3 0x000000008000ff78 (0xfc442703) x14 0x0000000000000000 mem 0x0000000080031f34
core   0: 0x000000008000ff7c (0x0ff77713) andi    a4, a4, 255
core   0: 3 0x000000008000ff7c (0x0ff77713) x14 0x0000000000000000
core   0: 0x000000008000ff80 (0x00e78023) sb      a4, 0(a5)
core   0: 3 0x000000008000ff80 (0x00e78023) mem 0x0000000080012079 0x00
core   0: 0x000000008000ff84 (0xfc843703) ld      a4, -56(s0)
core   0: 3 0x000000008000ff84 (0xfc843703) x14 0x0000000080012040 mem 0x0000000080031f38
core   0: 0x000000008000ff88 (0xfb843783) ld      a5, -72(s0)
core   0: 3 0x000000008000ff88 (0xfb843783) x15 0x000000000000009c mem 0x0000000080031f28
core   0: 0x000000008000ff8c (0x000097ba) c.add   a5, a4
core   0: 3 0x000000008000ff8c (0x97ba) x15 0x00000000800120dc
core   0: 0x000000008000ff8e (0xfe043703) ld      a4, -32(s0)
core   0: 3 0x000000008000ff8e (0xfe043703) x14 0x000000008001207a mem 0x0000000080031f50
core   0: 0x000000008000ff92 (0xfcf76de3) bltu    a4, a5, pc - 38
core   0: 3 0x000000008000ff92 (0xfcf76de3)
core   0: 0x000000008000ff6c (0xfe043783) ld      a5, -32(s0)
core   0: 3 0x000000008000ff6c (0xfe043783) x15 0x000000008001207a mem 0x0000000080031f50
core   0: 0x000000008000ff70 (0x00178713) addi    a4, a5, 1
core   0: 3 0x000000008000ff70 (0x00178713) x14 0x000000008001207b
core   0: 0x000000008000ff74 (0xfee43023) sd      a4, -32(s0)
core   0: 3 0x000000008000ff74 (0xfee43023) mem 0x0000000080031f50 0x000000008001207b
core   0: 0x000000008000ff78 (0xfc442703) lw      a4, -60(s0)
core   0: 3 0x000000008000ff78 (0xfc442703) x14 0x0000000000000000 mem 0x0000000080031f34
core   0: 0x000000008000ff7c (0x0ff77713) andi    a4, a4, 255
core   0: 3 0x000000008000ff7c (0x0ff77713) x14 0x0000000000000000
core   0: 0x000000008000ff80 (0x00e78023) sb      a4, 0(a5)
core   0: 3 0x000000008000ff80 (0x00e78023) mem 0x000000008001207a 0x00
core   0: 0x000000008000ff84 (0xfc843703) ld      a4, -56(s0)
core   0: 3 0x000000008000ff84 (0xfc843703) x14 0x0000000080012040 mem 0x0000000080031f38
core   0: 0x000000008000ff88 (0xfb843783) ld      a5, -72(s0)
core   0: 3 0x000000008000ff88 (0xfb843783) x15 0x000000000000009c mem 0x0000000080031f28
core   0: 0x000000008000ff8c (0x000097ba) c.add   a5, a4
core   0: 3 0x000000008000ff8c (0x97ba) x15 0x00000000800120dc
core   0: 0x000000008000ff8e (0xfe043703) ld      a4, -32(s0)
core   0: 3 0x000000008000ff8e (0xfe043703) x14 0x000000008001207b mem 0x0000000080031f50
core   0: 0x000000008000ff92 (0xfcf76de3) bltu    a4, a5, pc - 38
core   0: 3 0x000000008000ff92 (0xfcf76de3)
core   0: 0x000000008000ff6c (0xfe043783) ld      a5, -32(s0)
core   0: 3 0x000000008000ff6c (0xfe043783) x15 0x000000008001207b mem 0x0000000080031f50
core   0: 0x000000008000ff70 (0x00178713) addi    a4, a5, 1
core   0: 3 0x000000008000ff70 (0x00178713) x14 0x000000008001207c
core   0: 0x000000008000ff74 (0xfee43023) sd      a4, -32(s0)
core   0: 3 0x000000008000ff74 (0xfee43023) mem 0x0000000080031f50 0x000000008001207c
core   0: 0x000000008000ff78 (0xfc442703) lw      a4, -60(s0)
core   0: 3 0x000000008000ff78 (0xfc442703) x14 0x0000000000000000 mem 0x0000000080031f34
core   0: 0x000000008000ff7c (0x0ff77713) andi    a4, a4, 255
core   0: 3 0x000000008000ff7c (0x0ff77713) x14 0x0000000000000000
core   0: 0x000000008000ff80 (0x00e78023) sb      a4, 0(a5)
core   0: 3 0x000000008000ff80 (0x00e78023) mem 0x000000008001207b 0x00
core   0: 0x000000008000ff84 (0xfc843703) ld      a4, -56(s0)
core   0: 3 0x000000008000ff84 (0xfc843703) x14 0x0000000080012040 mem 0x0000000080031f38
core   0: 0x000000008000ff88 (0xfb843783) ld      a5, -72(s0)
core   0: 3 0x000000008000ff88 (0xfb843783) x15 0x000000000000009c mem 0x0000000080031f28
core   0: 0x000000008000ff8c (0x000097ba) c.add   a5, a4
core   0: 3 0x000000008000ff8c (0x97ba) x15 0x00000000800120dc
core   0: 0x000000008000ff8e (0xfe043703) ld      a4, -32(s0)
core   0: 3 0x000000008000ff8e (0xfe043703) x14 0x000000008001207c mem 0x0000000080031f50
core   0: 0x000000008000ff92 (0xfcf76de3) bltu    a4, a5, pc - 38
core   0: 3 0x000000008000ff92 (0xfcf76de3)
core   0: 0x000000008000ff6c (0xfe043783) ld      a5, -32(s0)
core   0: 3 0x000000008000ff6c (0xfe043783) x15 0x000000008001207c mem 0x0000000080031f50
core   0: 0x000000008000ff70 (0x00178713) addi    a4, a5, 1
core   0: 3 0x000000008000ff70 (0x00178713) x14 0x000000008001207d
core   0: 0x000000008000ff74 (0xfee43023) sd      a4, -32(s0)
core   0: 3 0x000000008000ff74 (0xfee43023) mem 0x0000000080031f50 0x000000008001207d
core   0: 0x000000008000ff78 (0xfc442703) lw      a4, -60(s0)
core   0: 3 0x000000008000ff78 (0xfc442703) x14 0x0000000000000000 mem 0x0000000080031f34
core   0: 0x000000008000ff7c (0x0ff77713) andi    a4, a4, 255
core   0: 3 0x000000008000ff7c (0x0ff77713) x14 0x0000000000000000
core   0: 0x000000008000ff80 (0x00e78023) sb      a4, 0(a5)
core   0: 3 0x000000008000ff80 (0x00e78023) mem 0x000000008001207c 0x00
core   0: 0x000000008000ff84 (0xfc843703) ld      a4, -56(s0)
core   0: 3 0x000000008000ff84 (0xfc843703) x14 0x0000000080012040 mem 0x0000000080031f38
core   0: 0x000000008000ff88 (0xfb843783) ld      a5, -72(s0)
core   0: 3 0x000000008000ff88 (0xfb843783) x15 0x000000000000009c mem 0x0000000080031f28
core   0: 0x000000008000ff8c (0x000097ba) c.add   a5, a4
core   0: 3 0x000000008000ff8c (0x97ba) x15 0x00000000800120dc
core   0: 0x000000008000ff8e (0xfe043703) ld      a4, -32(s0)
core   0: 3 0x000000008000ff8e (0xfe043703) x14 0x000000008001207d mem 0x0000000080031f50
core   0: 0x000000008000ff92 (0xfcf76de3) bltu    a4, a5, pc - 38
core   0: 3 0x000000008000ff92 (0xfcf76de3)
core   0: 0x000000008000ff6c (0xfe043783) ld      a5, -32(s0)
core   0: 3 0x000000008000ff6c (0xfe043783) x15 0x000000008001207d mem 0x0000000080031f50
core   0: 0x000000008000ff70 (0x00178713) addi    a4, a5, 1
core   0: 3 0x000000008000ff70 (0x00178713) x14 0x000000008001207e
core   0: 0x000000008000ff74 (0xfee43023) sd      a4, -32(s0)
core   0: 3 0x000000008000ff74 (0xfee43023) mem 0x0000000080031f50 0x000000008001207e
core   0: 0x000000008000ff78 (0xfc442703) lw      a4, -60(s0)
core   0: 3 0x000000008000ff78 (0xfc442703) x14 0x0000000000000000 mem 0x0000000080031f34
core   0: 0x000000008000ff7c (0x0ff77713) andi    a4, a4, 255
core   0: 3 0x000000008000ff7c (0x0ff77713) x14 0x0000000000000000
core   0: 0x000000008000ff80 (0x00e78023) sb      a4, 0(a5)
core   0: 3 0x000000008000ff80 (0x00e78023) mem 0x000000008001207d 0x00
core   0: 0x000000008000ff84 (0xfc843703) ld      a4, -56(s0)
core   0: 3 0x000000008000ff84 (0xfc843703) x14 0x0000000080012040 mem 0x0000000080031f38
core   0: 0x000000008000ff88 (0xfb843783) ld      a5, -72(s0)
core   0: 3 0x000000008000ff88 (0xfb843783) x15 0x000000000000009c mem 0x0000000080031f28
core   0: 0x000000008000ff8c (0x000097ba) c.add   a5, a4
core   0: 3 0x000000008000ff8c (0x97ba) x15 0x00000000800120dc
core   0: 0x000000008000ff8e (0xfe043703) ld      a4, -32(s0)
core   0: 3 0x000000008000ff8e (0xfe043703) x14 0x000000008001207e mem 0x0000000080031f50
core   0: 0x000000008000ff92 (0xfcf76de3) bltu    a4, a5, pc - 38
core   0: 3 0x000000008000ff92 (0xfcf76de3)
core   0: 0x000000008000ff6c (0xfe043783) ld      a5, -32(s0)
core   0: 3 0x000000008000ff6c (0xfe043783) x15 0x000000008001207e mem 0x0000000080031f50
core   0: 0x000000008000ff70 (0x00178713) addi    a4, a5, 1
core   0: 3 0x000000008000ff70 (0x00178713) x14 0x000000008001207f
core   0: 0x000000008000ff74 (0xfee43023) sd      a4, -32(s0)
core   0: 3 0x000000008000ff74 (0xfee43023) mem 0x0000000080031f50 0x000000008001207f
core   0: 0x000000008000ff78 (0xfc442703) lw      a4, -60(s0)
core   0: 3 0x000000008000ff78 (0xfc442703) x14 0x0000000000000000 mem 0x0000000080031f34
core   0: 0x000000008000ff7c (0x0ff77713) andi    a4, a4, 255
core   0: 3 0x000000008000ff7c (0x0ff77713) x14 0x0000000000000000
core   0: 0x000000008000ff80 (0x00e78023) sb      a4, 0(a5)
core   0: 3 0x000000008000ff80 (0x00e78023) mem 0x000000008001207e 0x00
core   0: 0x000000008000ff84 (0xfc843703) ld      a4, -56(s0)
core   0: 3 0x000000008000ff84 (0xfc843703) x14 0x0000000080012040 mem 0x0000000080031f38
core   0: 0x000000008000ff88 (0xfb843783) ld      a5, -72(s0)
core   0: 3 0x000000008000ff88 (0xfb843783) x15 0x000000000000009c mem 0x0000000080031f28
core   0: 0x000000008000ff8c (0x000097ba) c.add   a5, a4
core   0: 3 0x000000008000ff8c (0x97ba) x15 0x00000000800120dc
core   0: 0x000000008000ff8e (0xfe043703) ld      a4, -32(s0)
core   0: 3 0x000000008000ff8e (0xfe043703) x14 0x000000008001207f mem 0x0000000080031f50
core   0: 0x000000008000ff92 (0xfcf76de3) bltu    a4, a5, pc - 38
core   0: 3 0x000000008000ff92 (0xfcf76de3)
core   0: 0x000000008000ff6c (0xfe043783) ld      a5, -32(s0)
core   0: 3 0x000000008000ff6c (0xfe043783) x15 0x000000008001207f mem 0x0000000080031f50
core   0: 0x000000008000ff70 (0x00178713) addi    a4, a5, 1
core   0: 3 0x000000008000ff70 (0x00178713) x14 0x0000000080012080
core   0: 0x000000008000ff74 (0xfee43023) sd      a4, -32(s0)
core   0: 3 0x000000008000ff74 (0xfee43023) mem 0x0000000080031f50 0x0000000080012080
core   0: 0x000000008000ff78 (0xfc442703) lw      a4, -60(s0)
core   0: 3 0x000000008000ff78 (0xfc442703) x14 0x0000000000000000 mem 0x0000000080031f34
core   0: 0x000000008000ff7c (0x0ff77713) andi    a4, a4, 255
core   0: 3 0x000000008000ff7c (0x0ff77713) x14 0x0000000000000000
core   0: 0x000000008000ff80 (0x00e78023) sb      a4, 0(a5)
core   0: 3 0x000000008000ff80 (0x00e78023) mem 0x000000008001207f 0x00
core   0: 0x000000008000ff84 (0xfc843703) ld      a4, -56(s0)
core   0: 3 0x000000008000ff84 (0xfc843703) x14 0x0000000080012040 mem 0x0000000080031f38
core   0: 0x000000008000ff88 (0xfb843783) ld      a5, -72(s0)
core   0: 3 0x000000008000ff88 (0xfb843783) x15 0x000000000000009c mem 0x0000000080031f28
core   0: 0x000000008000ff8c (0x000097ba) c.add   a5, a4
core   0: 3 0x000000008000ff8c (0x97ba) x15 0x00000000800120dc
core   0: 0x000000008000ff8e (0xfe043703) ld      a4, -32(s0)
core   0: 3 0x000000008000ff8e (0xfe043703) x14 0x0000000080012080 mem 0x0000000080031f50
core   0: 0x000000008000ff92 (0xfcf76de3) bltu    a4, a5, pc - 38
core   0: 3 0x000000008000ff92 (0xfcf76de3)
core   0: 0x000000008000ff6c (0xfe043783) ld      a5, -32(s0)
core   0: 3 0x000000008000ff6c (0xfe043783) x15 0x0000000080012080 mem 0x0000000080031f50
core   0: 0x000000008000ff70 (0x00178713) addi    a4, a5, 1
core   0: 3 0x000000008000ff70 (0x00178713) x14 0x0000000080012081
core   0: 0x000000008000ff74 (0xfee43023) sd      a4, -32(s0)
core   0: 3 0x000000008000ff74 (0xfee43023) mem 0x0000000080031f50 0x0000000080012081
core   0: 0x000000008000ff78 (0xfc442703) lw      a4, -60(s0)
core   0: 3 0x000000008000ff78 (0xfc442703) x14 0x0000000000000000 mem 0x0000000080031f34
core   0: 0x000000008000ff7c (0x0ff77713) andi    a4, a4, 255
core   0: 3 0x000000008000ff7c (0x0ff77713) x14 0x0000000000000000
core   0: 0x000000008000ff80 (0x00e78023) sb      a4, 0(a5)
core   0: 3 0x000000008000ff80 (0x00e78023) mem 0x0000000080012080 0x00
core   0: 0x000000008000ff84 (0xfc843703) ld      a4, -56(s0)
core   0: 3 0x000000008000ff84 (0xfc843703) x14 0x0000000080012040 mem 0x0000000080031f38
core   0: 0x000000008000ff88 (0xfb843783) ld      a5, -72(s0)
core   0: 3 0x000000008000ff88 (0xfb843783) x15 0x000000000000009c mem 0x0000000080031f28
core   0: 0x000000008000ff8c (0x000097ba) c.add   a5, a4
core   0: 3 0x000000008000ff8c (0x97ba) x15 0x00000000800120dc
core   0: 0x000000008000ff8e (0xfe043703) ld      a4, -32(s0)
core   0: 3 0x000000008000ff8e (0xfe043703) x14 0x0000000080012081 mem 0x0000000080031f50
core   0: 0x000000008000ff92 (0xfcf76de3) bltu    a4, a5, pc - 38
core   0: 3 0x000000008000ff92 (0xfcf76de3)
core   0: 0x000000008000ff6c (0xfe043783) ld      a5, -32(s0)
core   0: 3 0x000000008000ff6c (0xfe043783) x15 0x0000000080012081 mem 0x0000000080031f50
core   0: 0x000000008000ff70 (0x00178713) addi    a4, a5, 1
core   0: 3 0x000000008000ff70 (0x00178713) x14 0x0000000080012082
core   0: 0x000000008000ff74 (0xfee43023) sd      a4, -32(s0)
core   0: 3 0x000000008000ff74 (0xfee43023) mem 0x0000000080031f50 0x0000000080012082
core   0: 0x000000008000ff78 (0xfc442703) lw      a4, -60(s0)
core   0: 3 0x000000008000ff78 (0xfc442703) x14 0x0000000000000000 mem 0x0000000080031f34
core   0: 0x000000008000ff7c (0x0ff77713) andi    a4, a4, 255
core   0: 3 0x000000008000ff7c (0x0ff77713) x14 0x0000000000000000
core   0: 0x000000008000ff80 (0x00e78023) sb      a4, 0(a5)
core   0: 3 0x000000008000ff80 (0x00e78023) mem 0x0000000080012081 0x00
core   0: 0x000000008000ff84 (0xfc843703) ld      a4, -56(s0)
core   0: 3 0x000000008000ff84 (0xfc843703) x14 0x0000000080012040 mem 0x0000000080031f38
core   0: 0x000000008000ff88 (0xfb843783) ld      a5, -72(s0)
core   0: 3 0x000000008000ff88 (0xfb843783) x15 0x000000000000009c mem 0x0000000080031f28
core   0: 0x000000008000ff8c (0x000097ba) c.add   a5, a4
core   0: 3 0x000000008000ff8c (0x97ba) x15 0x00000000800120dc
core   0: 0x000000008000ff8e (0xfe043703) ld      a4, -32(s0)
core   0: 3 0x000000008000ff8e (0xfe043703) x14 0x0000000080012082 mem 0x0000000080031f50
core   0: 0x000000008000ff92 (0xfcf76de3) bltu    a4, a5, pc - 38
core   0: 3 0x000000008000ff92 (0xfcf76de3)
core   0: 0x000000008000ff6c (0xfe043783) ld      a5, -32(s0)
core   0: 3 0x000000008000ff6c (0xfe043783) x15 0x0000000080012082 mem 0x0000000080031f50
core   0: 0x000000008000ff70 (0x00178713) addi    a4, a5, 1
core   0: 3 0x000000008000ff70 (0x00178713) x14 0x0000000080012083
core   0: 0x000000008000ff74 (0xfee43023) sd      a4, -32(s0)
core   0: 3 0x000000008000ff74 (0xfee43023) mem 0x0000000080031f50 0x0000000080012083
core   0: 0x000000008000ff78 (0xfc442703) lw      a4, -60(s0)
core   0: 3 0x000000008000ff78 (0xfc442703) x14 0x0000000000000000 mem 0x0000000080031f34
core   0: 0x000000008000ff7c (0x0ff77713) andi    a4, a4, 255
core   0: 3 0x000000008000ff7c (0x0ff77713) x14 0x0000000000000000
core   0: 0x000000008000ff80 (0x00e78023) sb      a4, 0(a5)
core   0: 3 0x000000008000ff80 (0x00e78023) mem 0x0000000080012082 0x00
core   0: 0x000000008000ff84 (0xfc843703) ld      a4, -56(s0)
core   0: 3 0x000000008000ff84 (0xfc843703) x14 0x0000000080012040 mem 0x0000000080031f38
core   0: 0x000000008000ff88 (0xfb843783) ld      a5, -72(s0)
core   0: 3 0x000000008000ff88 (0xfb843783) x15 0x000000000000009c mem 0x0000000080031f28
core   0: 0x000000008000ff8c (0x000097ba) c.add   a5, a4
core   0: 3 0x000000008000ff8c (0x97ba) x15 0x00000000800120dc
core   0: 0x000000008000ff8e (0xfe043703) ld      a4, -32(s0)
core   0: 3 0x000000008000ff8e (0xfe043703) x14 0x0000000080012083 mem 0x0000000080031f50
core   0: 0x000000008000ff92 (0xfcf76de3) bltu    a4, a5, pc - 38
core   0: 3 0x000000008000ff92 (0xfcf76de3)
core   0: 0x000000008000ff6c (0xfe043783) ld      a5, -32(s0)
core   0: 3 0x000000008000ff6c (0xfe043783) x15 0x0000000080012083 mem 0x0000000080031f50
core   0: 0x000000008000ff70 (0x00178713) addi    a4, a5, 1
core   0: 3 0x000000008000ff70 (0x00178713) x14 0x0000000080012084
core   0: 0x000000008000ff74 (0xfee43023) sd      a4, -32(s0)
core   0: 3 0x000000008000ff74 (0xfee43023) mem 0x0000000080031f50 0x0000000080012084
core   0: 0x000000008000ff78 (0xfc442703) lw      a4, -60(s0)
core   0: 3 0x000000008000ff78 (0xfc442703) x14 0x0000000000000000 mem 0x0000000080031f34
core   0: 0x000000008000ff7c (0x0ff77713) andi    a4, a4, 255
core   0: 3 0x000000008000ff7c (0x0ff77713) x14 0x0000000000000000
core   0: 0x000000008000ff80 (0x00e78023) sb      a4, 0(a5)
core   0: 3 0x000000008000ff80 (0x00e78023) mem 0x0000000080012083 0x00
core   0: 0x000000008000ff84 (0xfc843703) ld      a4, -56(s0)
core   0: 3 0x000000008000ff84 (0xfc843703) x14 0x0000000080012040 mem 0x0000000080031f38
core   0: 0x000000008000ff88 (0xfb843783) ld      a5, -72(s0)
core   0: 3 0x000000008000ff88 (0xfb843783) x15 0x000000000000009c mem 0x0000000080031f28
core   0: 0x000000008000ff8c (0x000097ba) c.add   a5, a4
core   0: 3 0x000000008000ff8c (0x97ba) x15 0x00000000800120dc
core   0: 0x000000008000ff8e (0xfe043703) ld      a4, -32(s0)
core   0: 3 0x000000008000ff8e (0xfe043703) x14 0x0000000080012084 mem 0x0000000080031f50
core   0: 0x000000008000ff92 (0xfcf76de3) bltu    a4, a5, pc - 38
core   0: 3 0x000000008000ff92 (0xfcf76de3)
core   0: 0x000000008000ff6c (0xfe043783) ld      a5, -32(s0)
core   0: 3 0x000000008000ff6c (0xfe043783) x15 0x0000000080012084 mem 0x0000000080031f50
core   0: 0x000000008000ff70 (0x00178713) addi    a4, a5, 1
core   0: 3 0x000000008000ff70 (0x00178713) x14 0x0000000080012085
core   0: 0x000000008000ff74 (0xfee43023) sd      a4, -32(s0)
core   0: 3 0x000000008000ff74 (0xfee43023) mem 0x0000000080031f50 0x0000000080012085
core   0: 0x000000008000ff78 (0xfc442703) lw      a4, -60(s0)
core   0: 3 0x000000008000ff78 (0xfc442703) x14 0x0000000000000000 mem 0x0000000080031f34
core   0: 0x000000008000ff7c (0x0ff77713) andi    a4, a4, 255
core   0: 3 0x000000008000ff7c (0x0ff77713) x14 0x0000000000000000
core   0: 0x000000008000ff80 (0x00e78023) sb      a4, 0(a5)
core   0: 3 0x000000008000ff80 (0x00e78023) mem 0x0000000080012084 0x00
core   0: 0x000000008000ff84 (0xfc843703) ld      a4, -56(s0)
core   0: 3 0x000000008000ff84 (0xfc843703) x14 0x0000000080012040 mem 0x0000000080031f38
core   0: 0x000000008000ff88 (0xfb843783) ld      a5, -72(s0)
core   0: 3 0x000000008000ff88 (0xfb843783) x15 0x000000000000009c mem 0x0000000080031f28
core   0: 0x000000008000ff8c (0x000097ba) c.add   a5, a4
core   0: 3 0x000000008000ff8c (0x97ba) x15 0x00000000800120dc
core   0: 0x000000008000ff8e (0xfe043703) ld      a4, -32(s0)
core   0: 3 0x000000008000ff8e (0xfe043703) x14 0x0000000080012085 mem 0x0000000080031f50
core   0: 0x000000008000ff92 (0xfcf76de3) bltu    a4, a5, pc - 38
core   0: 3 0x000000008000ff92 (0xfcf76de3)
core   0: 0x000000008000ff6c (0xfe043783) ld      a5, -32(s0)
core   0: 3 0x000000008000ff6c (0xfe043783) x15 0x0000000080012085 mem 0x0000000080031f50
core   0: 0x000000008000ff70 (0x00178713) addi    a4, a5, 1
core   0: 3 0x000000008000ff70 (0x00178713) x14 0x0000000080012086
core   0: 0x000000008000ff74 (0xfee43023) sd      a4, -32(s0)
core   0: 3 0x000000008000ff74 (0xfee43023) mem 0x0000000080031f50 0x0000000080012086
core   0: 0x000000008000ff78 (0xfc442703) lw      a4, -60(s0)
core   0: 3 0x000000008000ff78 (0xfc442703) x14 0x0000000000000000 mem 0x0000000080031f34
core   0: 0x000000008000ff7c (0x0ff77713) andi    a4, a4, 255
core   0: 3 0x000000008000ff7c (0x0ff77713) x14 0x0000000000000000
core   0: 0x000000008000ff80 (0x00e78023) sb      a4, 0(a5)
core   0: 3 0x000000008000ff80 (0x00e78023) mem 0x0000000080012085 0x00
core   0: 0x000000008000ff84 (0xfc843703) ld      a4, -56(s0)
core   0: 3 0x000000008000ff84 (0xfc843703) x14 0x0000000080012040 mem 0x0000000080031f38
core   0: 0x000000008000ff88 (0xfb843783) ld      a5, -72(s0)
core   0: 3 0x000000008000ff88 (0xfb843783) x15 0x000000000000009c mem 0x0000000080031f28
core   0: 0x000000008000ff8c (0x000097ba) c.add   a5, a4
core   0: 3 0x000000008000ff8c (0x97ba) x15 0x00000000800120dc
core   0: 0x000000008000ff8e (0xfe043703) ld      a4, -32(s0)
core   0: 3 0x000000008000ff8e (0xfe043703) x14 0x0000000080012086 mem 0x0000000080031f50
core   0: 0x000000008000ff92 (0xfcf76de3) bltu    a4, a5, pc - 38
core   0: 3 0x000000008000ff92 (0xfcf76de3)
core   0: 0x000000008000ff6c (0xfe043783) ld      a5, -32(s0)
core   0: 3 0x000000008000ff6c (0xfe043783) x15 0x0000000080012086 mem 0x0000000080031f50
core   0: 0x000000008000ff70 (0x00178713) addi    a4, a5, 1
core   0: 3 0x000000008000ff70 (0x00178713) x14 0x0000000080012087
core   0: 0x000000008000ff74 (0xfee43023) sd      a4, -32(s0)
core   0: 3 0x000000008000ff74 (0xfee43023) mem 0x0000000080031f50 0x0000000080012087
core   0: 0x000000008000ff78 (0xfc442703) lw      a4, -60(s0)
core   0: 3 0x000000008000ff78 (0xfc442703) x14 0x0000000000000000 mem 0x0000000080031f34
core   0: 0x000000008000ff7c (0x0ff77713) andi    a4, a4, 255
core   0: 3 0x000000008000ff7c (0x0ff77713) x14 0x0000000000000000
core   0: 0x000000008000ff80 (0x00e78023) sb      a4, 0(a5)
core   0: 3 0x000000008000ff80 (0x00e78023) mem 0x0000000080012086 0x00
core   0: 0x000000008000ff84 (0xfc843703) ld      a4, -56(s0)
core   0: 3 0x000000008000ff84 (0xfc843703) x14 0x0000000080012040 mem 0x0000000080031f38
core   0: 0x000000008000ff88 (0xfb843783) ld      a5, -72(s0)
core   0: 3 0x000000008000ff88 (0xfb843783) x15 0x000000000000009c mem 0x0000000080031f28
core   0: 0x000000008000ff8c (0x000097ba) c.add   a5, a4
core   0: 3 0x000000008000ff8c (0x97ba) x15 0x00000000800120dc
core   0: 0x000000008000ff8e (0xfe043703) ld      a4, -32(s0)
core   0: 3 0x000000008000ff8e (0xfe043703) x14 0x0000000080012087 mem 0x0000000080031f50
core   0: 0x000000008000ff92 (0xfcf76de3) bltu    a4, a5, pc - 38
core   0: 3 0x000000008000ff92 (0xfcf76de3)
core   0: 0x000000008000ff6c (0xfe043783) ld      a5, -32(s0)
core   0: 3 0x000000008000ff6c (0xfe043783) x15 0x0000000080012087 mem 0x0000000080031f50
core   0: 0x000000008000ff70 (0x00178713) addi    a4, a5, 1
core   0: 3 0x000000008000ff70 (0x00178713) x14 0x0000000080012088
core   0: 0x000000008000ff74 (0xfee43023) sd      a4, -32(s0)
core   0: 3 0x000000008000ff74 (0xfee43023) mem 0x0000000080031f50 0x0000000080012088
core   0: 0x000000008000ff78 (0xfc442703) lw      a4, -60(s0)
core   0: 3 0x000000008000ff78 (0xfc442703) x14 0x0000000000000000 mem 0x0000000080031f34
core   0: 0x000000008000ff7c (0x0ff77713) andi    a4, a4, 255
core   0: 3 0x000000008000ff7c (0x0ff77713) x14 0x0000000000000000
core   0: 0x000000008000ff80 (0x00e78023) sb      a4, 0(a5)
core   0: 3 0x000000008000ff80 (0x00e78023) mem 0x0000000080012087 0x00
core   0: 0x000000008000ff84 (0xfc843703) ld      a4, -56(s0)
core   0: 3 0x000000008000ff84 (0xfc843703) x14 0x0000000080012040 mem 0x0000000080031f38
core   0: 0x000000008000ff88 (0xfb843783) ld      a5, -72(s0)
core   0: 3 0x000000008000ff88 (0xfb843783) x15 0x000000000000009c mem 0x0000000080031f28
core   0: 0x000000008000ff8c (0x000097ba) c.add   a5, a4
core   0: 3 0x000000008000ff8c (0x97ba) x15 0x00000000800120dc
core   0: 0x000000008000ff8e (0xfe043703) ld      a4, -32(s0)
core   0: 3 0x000000008000ff8e (0xfe043703) x14 0x0000000080012088 mem 0x0000000080031f50
core   0: 0x000000008000ff92 (0xfcf76de3) bltu    a4, a5, pc - 38
core   0: 3 0x000000008000ff92 (0xfcf76de3)
core   0: 0x000000008000ff6c (0xfe043783) ld      a5, -32(s0)
core   0: 3 0x000000008000ff6c (0xfe043783) x15 0x0000000080012088 mem 0x0000000080031f50
core   0: 0x000000008000ff70 (0x00178713) addi    a4, a5, 1
core   0: 3 0x000000008000ff70 (0x00178713) x14 0x0000000080012089
core   0: 0x000000008000ff74 (0xfee43023) sd      a4, -32(s0)
core   0: 3 0x000000008000ff74 (0xfee43023) mem 0x0000000080031f50 0x0000000080012089
core   0: 0x000000008000ff78 (0xfc442703) lw      a4, -60(s0)
core   0: 3 0x000000008000ff78 (0xfc442703) x14 0x0000000000000000 mem 0x0000000080031f34
core   0: 0x000000008000ff7c (0x0ff77713) andi    a4, a4, 255
core   0: 3 0x000000008000ff7c (0x0ff77713) x14 0x0000000000000000
core   0: 0x000000008000ff80 (0x00e78023) sb      a4, 0(a5)
core   0: 3 0x000000008000ff80 (0x00e78023) mem 0x0000000080012088 0x00
core   0: 0x000000008000ff84 (0xfc843703) ld      a4, -56(s0)
core   0: 3 0x000000008000ff84 (0xfc843703) x14 0x0000000080012040 mem 0x0000000080031f38
core   0: 0x000000008000ff88 (0xfb843783) ld      a5, -72(s0)
core   0: 3 0x000000008000ff88 (0xfb843783) x15 0x000000000000009c mem 0x0000000080031f28
core   0: 0x000000008000ff8c (0x000097ba) c.add   a5, a4
core   0: 3 0x000000008000ff8c (0x97ba) x15 0x00000000800120dc
core   0: 0x000000008000ff8e (0xfe043703) ld      a4, -32(s0)
core   0: 3 0x000000008000ff8e (0xfe043703) x14 0x0000000080012089 mem 0x0000000080031f50
core   0: 0x000000008000ff92 (0xfcf76de3) bltu    a4, a5, pc - 38
core   0: 3 0x000000008000ff92 (0xfcf76de3)
core   0: 0x000000008000ff6c (0xfe043783) ld      a5, -32(s0)
core   0: 3 0x000000008000ff6c (0xfe043783) x15 0x0000000080012089 mem 0x0000000080031f50
core   0: 0x000000008000ff70 (0x00178713) addi    a4, a5, 1
core   0: 3 0x000000008000ff70 (0x00178713) x14 0x000000008001208a
core   0: 0x000000008000ff74 (0xfee43023) sd      a4, -32(s0)
core   0: 3 0x000000008000ff74 (0xfee43023) mem 0x0000000080031f50 0x000000008001208a
core   0: 0x000000008000ff78 (0xfc442703) lw      a4, -60(s0)
core   0: 3 0x000000008000ff78 (0xfc442703) x14 0x0000000000000000 mem 0x0000000080031f34
core   0: 0x000000008000ff7c (0x0ff77713) andi    a4, a4, 255
core   0: 3 0x000000008000ff7c (0x0ff77713) x14 0x0000000000000000
core   0: 0x000000008000ff80 (0x00e78023) sb      a4, 0(a5)
core   0: 3 0x000000008000ff80 (0x00e78023) mem 0x0000000080012089 0x00
core   0: 0x000000008000ff84 (0xfc843703) ld      a4, -56(s0)
core   0: 3 0x000000008000ff84 (0xfc843703) x14 0x0000000080012040 mem 0x0000000080031f38
core   0: 0x000000008000ff88 (0xfb843783) ld      a5, -72(s0)
core   0: 3 0x000000008000ff88 (0xfb843783) x15 0x000000000000009c mem 0x0000000080031f28
core   0: 0x000000008000ff8c (0x000097ba) c.add   a5, a4
core   0: 3 0x000000008000ff8c (0x97ba) x15 0x00000000800120dc
core   0: 0x000000008000ff8e (0xfe043703) ld      a4, -32(s0)
core   0: 3 0x000000008000ff8e (0xfe043703) x14 0x000000008001208a mem 0x0000000080031f50
core   0: 0x000000008000ff92 (0xfcf76de3) bltu    a4, a5, pc - 38
core   0: 3 0x000000008000ff92 (0xfcf76de3)
core   0: 0x000000008000ff6c (0xfe043783) ld      a5, -32(s0)
core   0: 3 0x000000008000ff6c (0xfe043783) x15 0x000000008001208a mem 0x0000000080031f50
core   0: 0x000000008000ff70 (0x00178713) addi    a4, a5, 1
core   0: 3 0x000000008000ff70 (0x00178713) x14 0x000000008001208b
core   0: 0x000000008000ff74 (0xfee43023) sd      a4, -32(s0)
core   0: 3 0x000000008000ff74 (0xfee43023) mem 0x0000000080031f50 0x000000008001208b
core   0: 0x000000008000ff78 (0xfc442703) lw      a4, -60(s0)
core   0: 3 0x000000008000ff78 (0xfc442703) x14 0x0000000000000000 mem 0x0000000080031f34
core   0: 0x000000008000ff7c (0x0ff77713) andi    a4, a4, 255
core   0: 3 0x000000008000ff7c (0x0ff77713) x14 0x0000000000000000
core   0: 0x000000008000ff80 (0x00e78023) sb      a4, 0(a5)
core   0: 3 0x000000008000ff80 (0x00e78023) mem 0x000000008001208a 0x00
core   0: 0x000000008000ff84 (0xfc843703) ld      a4, -56(s0)
core   0: 3 0x000000008000ff84 (0xfc843703) x14 0x0000000080012040 mem 0x0000000080031f38
core   0: 0x000000008000ff88 (0xfb843783) ld      a5, -72(s0)
core   0: 3 0x000000008000ff88 (0xfb843783) x15 0x000000000000009c mem 0x0000000080031f28
core   0: 0x000000008000ff8c (0x000097ba) c.add   a5, a4
core   0: 3 0x000000008000ff8c (0x97ba) x15 0x00000000800120dc
core   0: 0x000000008000ff8e (0xfe043703) ld      a4, -32(s0)
core   0: 3 0x000000008000ff8e (0xfe043703) x14 0x000000008001208b mem 0x0000000080031f50
core   0: 0x000000008000ff92 (0xfcf76de3) bltu    a4, a5, pc - 38
core   0: 3 0x000000008000ff92 (0xfcf76de3)
core   0: 0x000000008000ff6c (0xfe043783) ld      a5, -32(s0)
core   0: 3 0x000000008000ff6c (0xfe043783) x15 0x000000008001208b mem 0x0000000080031f50
core   0: 0x000000008000ff70 (0x00178713) addi    a4, a5, 1
core   0: 3 0x000000008000ff70 (0x00178713) x14 0x000000008001208c
core   0: 0x000000008000ff74 (0xfee43023) sd      a4, -32(s0)
core   0: 3 0x000000008000ff74 (0xfee43023) mem 0x0000000080031f50 0x000000008001208c
core   0: 0x000000008000ff78 (0xfc442703) lw      a4, -60(s0)
core   0: 3 0x000000008000ff78 (0xfc442703) x14 0x0000000000000000 mem 0x0000000080031f34
core   0: 0x000000008000ff7c (0x0ff77713) andi    a4, a4, 255
core   0: 3 0x000000008000ff7c (0x0ff77713) x14 0x0000000000000000
core   0: 0x000000008000ff80 (0x00e78023) sb      a4, 0(a5)
core   0: 3 0x000000008000ff80 (0x00e78023) mem 0x000000008001208b 0x00
core   0: 0x000000008000ff84 (0xfc843703) ld      a4, -56(s0)
core   0: 3 0x000000008000ff84 (0xfc843703) x14 0x0000000080012040 mem 0x0000000080031f38
core   0: 0x000000008000ff88 (0xfb843783) ld      a5, -72(s0)
core   0: 3 0x000000008000ff88 (0xfb843783) x15 0x000000000000009c mem 0x0000000080031f28
core   0: 0x000000008000ff8c (0x000097ba) c.add   a5, a4
core   0: 3 0x000000008000ff8c (0x97ba) x15 0x00000000800120dc
core   0: 0x000000008000ff8e (0xfe043703) ld      a4, -32(s0)
core   0: 3 0x000000008000ff8e (0xfe043703) x14 0x000000008001208c mem 0x0000000080031f50
core   0: 0x000000008000ff92 (0xfcf76de3) bltu    a4, a5, pc - 38
core   0: 3 0x000000008000ff92 (0xfcf76de3)
core   0: 0x000000008000ff6c (0xfe043783) ld      a5, -32(s0)
core   0: 3 0x000000008000ff6c (0xfe043783) x15 0x000000008001208c mem 0x0000000080031f50
core   0: 0x000000008000ff70 (0x00178713) addi    a4, a5, 1
core   0: 3 0x000000008000ff70 (0x00178713) x14 0x000000008001208d
core   0: 0x000000008000ff74 (0xfee43023) sd      a4, -32(s0)
core   0: 3 0x000000008000ff74 (0xfee43023) mem 0x0000000080031f50 0x000000008001208d
core   0: 0x000000008000ff78 (0xfc442703) lw      a4, -60(s0)
core   0: 3 0x000000008000ff78 (0xfc442703) x14 0x0000000000000000 mem 0x0000000080031f34
core   0: 0x000000008000ff7c (0x0ff77713) andi    a4, a4, 255
core   0: 3 0x000000008000ff7c (0x0ff77713) x14 0x0000000000000000
core   0: 0x000000008000ff80 (0x00e78023) sb      a4, 0(a5)
core   0: 3 0x000000008000ff80 (0x00e78023) mem 0x000000008001208c 0x00
core   0: 0x000000008000ff84 (0xfc843703) ld      a4, -56(s0)
core   0: 3 0x000000008000ff84 (0xfc843703) x14 0x0000000080012040 mem 0x0000000080031f38
core   0: 0x000000008000ff88 (0xfb843783) ld      a5, -72(s0)
core   0: 3 0x000000008000ff88 (0xfb843783) x15 0x000000000000009c mem 0x0000000080031f28
core   0: 0x000000008000ff8c (0x000097ba) c.add   a5, a4
core   0: 3 0x000000008000ff8c (0x97ba) x15 0x00000000800120dc
core   0: 0x000000008000ff8e (0xfe043703) ld      a4, -32(s0)
core   0: 3 0x000000008000ff8e (0xfe043703) x14 0x000000008001208d mem 0x0000000080031f50
core   0: 0x000000008000ff92 (0xfcf76de3) bltu    a4, a5, pc - 38
core   0: 3 0x000000008000ff92 (0xfcf76de3)
core   0: 0x000000008000ff6c (0xfe043783) ld      a5, -32(s0)
core   0: 3 0x000000008000ff6c (0xfe043783) x15 0x000000008001208d mem 0x0000000080031f50
core   0: 0x000000008000ff70 (0x00178713) addi    a4, a5, 1
core   0: 3 0x000000008000ff70 (0x00178713) x14 0x000000008001208e
core   0: 0x000000008000ff74 (0xfee43023) sd      a4, -32(s0)
core   0: 3 0x000000008000ff74 (0xfee43023) mem 0x0000000080031f50 0x000000008001208e
core   0: 0x000000008000ff78 (0xfc442703) lw      a4, -60(s0)
core   0: 3 0x000000008000ff78 (0xfc442703) x14 0x0000000000000000 mem 0x0000000080031f34
core   0: 0x000000008000ff7c (0x0ff77713) andi    a4, a4, 255
core   0: 3 0x000000008000ff7c (0x0ff77713) x14 0x0000000000000000
core   0: 0x000000008000ff80 (0x00e78023) sb      a4, 0(a5)
core   0: 3 0x000000008000ff80 (0x00e78023) mem 0x000000008001208d 0x00
core   0: 0x000000008000ff84 (0xfc843703) ld      a4, -56(s0)
core   0: 3 0x000000008000ff84 (0xfc843703) x14 0x0000000080012040 mem 0x0000000080031f38
core   0: 0x000000008000ff88 (0xfb843783) ld      a5, -72(s0)
core   0: 3 0x000000008000ff88 (0xfb843783) x15 0x000000000000009c mem 0x0000000080031f28
core   0: 0x000000008000ff8c (0x000097ba) c.add   a5, a4
core   0: 3 0x000000008000ff8c (0x97ba) x15 0x00000000800120dc
core   0: 0x000000008000ff8e (0xfe043703) ld      a4, -32(s0)
core   0: 3 0x000000008000ff8e (0xfe043703) x14 0x000000008001208e mem 0x0000000080031f50
core   0: 0x000000008000ff92 (0xfcf76de3) bltu    a4, a5, pc - 38
core   0: 3 0x000000008000ff92 (0xfcf76de3)
core   0: 0x000000008000ff6c (0xfe043783) ld      a5, -32(s0)
core   0: 3 0x000000008000ff6c (0xfe043783) x15 0x000000008001208e mem 0x0000000080031f50
core   0: 0x000000008000ff70 (0x00178713) addi    a4, a5, 1
core   0: 3 0x000000008000ff70 (0x00178713) x14 0x000000008001208f
core   0: 0x000000008000ff74 (0xfee43023) sd      a4, -32(s0)
core   0: 3 0x000000008000ff74 (0xfee43023) mem 0x0000000080031f50 0x000000008001208f
core   0: 0x000000008000ff78 (0xfc442703) lw      a4, -60(s0)
core   0: 3 0x000000008000ff78 (0xfc442703) x14 0x0000000000000000 mem 0x0000000080031f34
core   0: 0x000000008000ff7c (0x0ff77713) andi    a4, a4, 255
core   0: 3 0x000000008000ff7c (0x0ff77713) x14 0x0000000000000000
core   0: 0x000000008000ff80 (0x00e78023) sb      a4, 0(a5)
core   0: 3 0x000000008000ff80 (0x00e78023) mem 0x000000008001208e 0x00
core   0: 0x000000008000ff84 (0xfc843703) ld      a4, -56(s0)
core   0: 3 0x000000008000ff84 (0xfc843703) x14 0x0000000080012040 mem 0x0000000080031f38
core   0: 0x000000008000ff88 (0xfb843783) ld      a5, -72(s0)
core   0: 3 0x000000008000ff88 (0xfb843783) x15 0x000000000000009c mem 0x0000000080031f28
core   0: 0x000000008000ff8c (0x000097ba) c.add   a5, a4
core   0: 3 0x000000008000ff8c (0x97ba) x15 0x00000000800120dc
core   0: 0x000000008000ff8e (0xfe043703) ld      a4, -32(s0)
core   0: 3 0x000000008000ff8e (0xfe043703) x14 0x000000008001208f mem 0x0000000080031f50
core   0: 0x000000008000ff92 (0xfcf76de3) bltu    a4, a5, pc - 38
core   0: 3 0x000000008000ff92 (0xfcf76de3)
core   0: 0x000000008000ff6c (0xfe043783) ld      a5, -32(s0)
core   0: 3 0x000000008000ff6c (0xfe043783) x15 0x000000008001208f mem 0x0000000080031f50
core   0: 0x000000008000ff70 (0x00178713) addi    a4, a5, 1
core   0: 3 0x000000008000ff70 (0x00178713) x14 0x0000000080012090
core   0: 0x000000008000ff74 (0xfee43023) sd      a4, -32(s0)
core   0: 3 0x000000008000ff74 (0xfee43023) mem 0x0000000080031f50 0x0000000080012090
core   0: 0x000000008000ff78 (0xfc442703) lw      a4, -60(s0)
core   0: 3 0x000000008000ff78 (0xfc442703) x14 0x0000000000000000 mem 0x0000000080031f34
core   0: 0x000000008000ff7c (0x0ff77713) andi    a4, a4, 255
core   0: 3 0x000000008000ff7c (0x0ff77713) x14 0x0000000000000000
core   0: 0x000000008000ff80 (0x00e78023) sb      a4, 0(a5)
core   0: 3 0x000000008000ff80 (0x00e78023) mem 0x000000008001208f 0x00
core   0: 0x000000008000ff84 (0xfc843703) ld      a4, -56(s0)
core   0: 3 0x000000008000ff84 (0xfc843703) x14 0x0000000080012040 mem 0x0000000080031f38
core   0: 0x000000008000ff88 (0xfb843783) ld      a5, -72(s0)
core   0: 3 0x000000008000ff88 (0xfb843783) x15 0x000000000000009c mem 0x0000000080031f28
core   0: 0x000000008000ff8c (0x000097ba) c.add   a5, a4
core   0: 3 0x000000008000ff8c (0x97ba) x15 0x00000000800120dc
core   0: 0x000000008000ff8e (0xfe043703) ld      a4, -32(s0)
core   0: 3 0x000000008000ff8e (0xfe043703) x14 0x0000000080012090 mem 0x0000000080031f50
core   0: 0x000000008000ff92 (0xfcf76de3) bltu    a4, a5, pc - 38
core   0: 3 0x000000008000ff92 (0xfcf76de3)
core   0: 0x000000008000ff6c (0xfe043783) ld      a5, -32(s0)
core   0: 3 0x000000008000ff6c (0xfe043783) x15 0x0000000080012090 mem 0x0000000080031f50
core   0: 0x000000008000ff70 (0x00178713) addi    a4, a5, 1
core   0: 3 0x000000008000ff70 (0x00178713) x14 0x0000000080012091
core   0: 0x000000008000ff74 (0xfee43023) sd      a4, -32(s0)
core   0: 3 0x000000008000ff74 (0xfee43023) mem 0x0000000080031f50 0x0000000080012091
core   0: 0x000000008000ff78 (0xfc442703) lw      a4, -60(s0)
core   0: 3 0x000000008000ff78 (0xfc442703) x14 0x0000000000000000 mem 0x0000000080031f34
core   0: 0x000000008000ff7c (0x0ff77713) andi    a4, a4, 255
core   0: 3 0x000000008000ff7c (0x0ff77713) x14 0x0000000000000000
core   0: 0x000000008000ff80 (0x00e78023) sb      a4, 0(a5)
core   0: 3 0x000000008000ff80 (0x00e78023) mem 0x0000000080012090 0x00
core   0: 0x000000008000ff84 (0xfc843703) ld      a4, -56(s0)
core   0: 3 0x000000008000ff84 (0xfc843703) x14 0x0000000080012040 mem 0x0000000080031f38
core   0: 0x000000008000ff88 (0xfb843783) ld      a5, -72(s0)
core   0: 3 0x000000008000ff88 (0xfb843783) x15 0x000000000000009c mem 0x0000000080031f28
core   0: 0x000000008000ff8c (0x000097ba) c.add   a5, a4
core   0: 3 0x000000008000ff8c (0x97ba) x15 0x00000000800120dc
core   0: 0x000000008000ff8e (0xfe043703) ld      a4, -32(s0)
core   0: 3 0x000000008000ff8e (0xfe043703) x14 0x0000000080012091 mem 0x0000000080031f50
core   0: 0x000000008000ff92 (0xfcf76de3) bltu    a4, a5, pc - 38
core   0: 3 0x000000008000ff92 (0xfcf76de3)
core   0: 0x000000008000ff6c (0xfe043783) ld      a5, -32(s0)
core   0: 3 0x000000008000ff6c (0xfe043783) x15 0x0000000080012091 mem 0x0000000080031f50
core   0: 0x000000008000ff70 (0x00178713) addi    a4, a5, 1
core   0: 3 0x000000008000ff70 (0x00178713) x14 0x0000000080012092
core   0: 0x000000008000ff74 (0xfee43023) sd      a4, -32(s0)
core   0: 3 0x000000008000ff74 (0xfee43023) mem 0x0000000080031f50 0x0000000080012092
core   0: 0x000000008000ff78 (0xfc442703) lw      a4, -60(s0)
core   0: 3 0x000000008000ff78 (0xfc442703) x14 0x0000000000000000 mem 0x0000000080031f34
core   0: 0x000000008000ff7c (0x0ff77713) andi    a4, a4, 255
core   0: 3 0x000000008000ff7c (0x0ff77713) x14 0x0000000000000000
core   0: 0x000000008000ff80 (0x00e78023) sb      a4, 0(a5)
core   0: 3 0x000000008000ff80 (0x00e78023) mem 0x0000000080012091 0x00
core   0: 0x000000008000ff84 (0xfc843703) ld      a4, -56(s0)
core   0: 3 0x000000008000ff84 (0xfc843703) x14 0x0000000080012040 mem 0x0000000080031f38
core   0: 0x000000008000ff88 (0xfb843783) ld      a5, -72(s0)
core   0: 3 0x000000008000ff88 (0xfb843783) x15 0x000000000000009c mem 0x0000000080031f28
core   0: 0x000000008000ff8c (0x000097ba) c.add   a5, a4
core   0: 3 0x000000008000ff8c (0x97ba) x15 0x00000000800120dc
core   0: 0x000000008000ff8e (0xfe043703) ld      a4, -32(s0)
core   0: 3 0x000000008000ff8e (0xfe043703) x14 0x0000000080012092 mem 0x0000000080031f50
core   0: 0x000000008000ff92 (0xfcf76de3) bltu    a4, a5, pc - 38
core   0: 3 0x000000008000ff92 (0xfcf76de3)
core   0: 0x000000008000ff6c (0xfe043783) ld      a5, -32(s0)
core   0: 3 0x000000008000ff6c (0xfe043783) x15 0x0000000080012092 mem 0x0000000080031f50
core   0: 0x000000008000ff70 (0x00178713) addi    a4, a5, 1
core   0: 3 0x000000008000ff70 (0x00178713) x14 0x0000000080012093
core   0: 0x000000008000ff74 (0xfee43023) sd      a4, -32(s0)
core   0: 3 0x000000008000ff74 (0xfee43023) mem 0x0000000080031f50 0x0000000080012093
core   0: 0x000000008000ff78 (0xfc442703) lw      a4, -60(s0)
core   0: 3 0x000000008000ff78 (0xfc442703) x14 0x0000000000000000 mem 0x0000000080031f34
core   0: 0x000000008000ff7c (0x0ff77713) andi    a4, a4, 255
core   0: 3 0x000000008000ff7c (0x0ff77713) x14 0x0000000000000000
core   0: 0x000000008000ff80 (0x00e78023) sb      a4, 0(a5)
core   0: 3 0x000000008000ff80 (0x00e78023) mem 0x0000000080012092 0x00
core   0: 0x000000008000ff84 (0xfc843703) ld      a4, -56(s0)
core   0: 3 0x000000008000ff84 (0xfc843703) x14 0x0000000080012040 mem 0x0000000080031f38
core   0: 0x000000008000ff88 (0xfb843783) ld      a5, -72(s0)
core   0: 3 0x000000008000ff88 (0xfb843783) x15 0x000000000000009c mem 0x0000000080031f28
core   0: 0x000000008000ff8c (0x000097ba) c.add   a5, a4
core   0: 3 0x000000008000ff8c (0x97ba) x15 0x00000000800120dc
core   0: 0x000000008000ff8e (0xfe043703) ld      a4, -32(s0)
core   0: 3 0x000000008000ff8e (0xfe043703) x14 0x0000000080012093 mem 0x0000000080031f50
core   0: 0x000000008000ff92 (0xfcf76de3) bltu    a4, a5, pc - 38
core   0: 3 0x000000008000ff92 (0xfcf76de3)
core   0: 0x000000008000ff6c (0xfe043783) ld      a5, -32(s0)
core   0: 3 0x000000008000ff6c (0xfe043783) x15 0x0000000080012093 mem 0x0000000080031f50
core   0: 0x000000008000ff70 (0x00178713) addi    a4, a5, 1
core   0: 3 0x000000008000ff70 (0x00178713) x14 0x0000000080012094
core   0: 0x000000008000ff74 (0xfee43023) sd      a4, -32(s0)
core   0: 3 0x000000008000ff74 (0xfee43023) mem 0x0000000080031f50 0x0000000080012094
core   0: 0x000000008000ff78 (0xfc442703) lw      a4, -60(s0)
core   0: 3 0x000000008000ff78 (0xfc442703) x14 0x0000000000000000 mem 0x0000000080031f34
core   0: 0x000000008000ff7c (0x0ff77713) andi    a4, a4, 255
core   0: 3 0x000000008000ff7c (0x0ff77713) x14 0x0000000000000000
core   0: 0x000000008000ff80 (0x00e78023) sb      a4, 0(a5)
core   0: 3 0x000000008000ff80 (0x00e78023) mem 0x0000000080012093 0x00
core   0: 0x000000008000ff84 (0xfc843703) ld      a4, -56(s0)
core   0: 3 0x000000008000ff84 (0xfc843703) x14 0x0000000080012040 mem 0x0000000080031f38
core   0: 0x000000008000ff88 (0xfb843783) ld      a5, -72(s0)
core   0: 3 0x000000008000ff88 (0xfb843783) x15 0x000000000000009c mem 0x0000000080031f28
core   0: 0x000000008000ff8c (0x000097ba) c.add   a5, a4
core   0: 3 0x000000008000ff8c (0x97ba) x15 0x00000000800120dc
core   0: 0x000000008000ff8e (0xfe043703) ld      a4, -32(s0)
core   0: 3 0x000000008000ff8e (0xfe043703) x14 0x0000000080012094 mem 0x0000000080031f50
core   0: 0x000000008000ff92 (0xfcf76de3) bltu    a4, a5, pc - 38
core   0: 3 0x000000008000ff92 (0xfcf76de3)
core   0: 0x000000008000ff6c (0xfe043783) ld      a5, -32(s0)
core   0: 3 0x000000008000ff6c (0xfe043783) x15 0x0000000080012094 mem 0x0000000080031f50
core   0: 0x000000008000ff70 (0x00178713) addi    a4, a5, 1
core   0: 3 0x000000008000ff70 (0x00178713) x14 0x0000000080012095
core   0: 0x000000008000ff74 (0xfee43023) sd      a4, -32(s0)
core   0: 3 0x000000008000ff74 (0xfee43023) mem 0x0000000080031f50 0x0000000080012095
core   0: 0x000000008000ff78 (0xfc442703) lw      a4, -60(s0)
core   0: 3 0x000000008000ff78 (0xfc442703) x14 0x0000000000000000 mem 0x0000000080031f34
core   0: 0x000000008000ff7c (0x0ff77713) andi    a4, a4, 255
core   0: 3 0x000000008000ff7c (0x0ff77713) x14 0x0000000000000000
core   0: 0x000000008000ff80 (0x00e78023) sb      a4, 0(a5)
core   0: 3 0x000000008000ff80 (0x00e78023) mem 0x0000000080012094 0x00
core   0: 0x000000008000ff84 (0xfc843703) ld      a4, -56(s0)
core   0: 3 0x000000008000ff84 (0xfc843703) x14 0x0000000080012040 mem 0x0000000080031f38
core   0: 0x000000008000ff88 (0xfb843783) ld      a5, -72(s0)
core   0: 3 0x000000008000ff88 (0xfb843783) x15 0x000000000000009c mem 0x0000000080031f28
core   0: 0x000000008000ff8c (0x000097ba) c.add   a5, a4
core   0: 3 0x000000008000ff8c (0x97ba) x15 0x00000000800120dc
core   0: 0x000000008000ff8e (0xfe043703) ld      a4, -32(s0)
core   0: 3 0x000000008000ff8e (0xfe043703) x14 0x0000000080012095 mem 0x0000000080031f50
core   0: 0x000000008000ff92 (0xfcf76de3) bltu    a4, a5, pc - 38
core   0: 3 0x000000008000ff92 (0xfcf76de3)
core   0: 0x000000008000ff6c (0xfe043783) ld      a5, -32(s0)
core   0: 3 0x000000008000ff6c (0xfe043783) x15 0x0000000080012095 mem 0x0000000080031f50
core   0: 0x000000008000ff70 (0x00178713) addi    a4, a5, 1
core   0: 3 0x000000008000ff70 (0x00178713) x14 0x0000000080012096
core   0: 0x000000008000ff74 (0xfee43023) sd      a4, -32(s0)
core   0: 3 0x000000008000ff74 (0xfee43023) mem 0x0000000080031f50 0x0000000080012096
core   0: 0x000000008000ff78 (0xfc442703) lw      a4, -60(s0)
core   0: 3 0x000000008000ff78 (0xfc442703) x14 0x0000000000000000 mem 0x0000000080031f34
core   0: 0x000000008000ff7c (0x0ff77713) andi    a4, a4, 255
core   0: 3 0x000000008000ff7c (0x0ff77713) x14 0x0000000000000000
core   0: 0x000000008000ff80 (0x00e78023) sb      a4, 0(a5)
core   0: 3 0x000000008000ff80 (0x00e78023) mem 0x0000000080012095 0x00
core   0: 0x000000008000ff84 (0xfc843703) ld      a4, -56(s0)
core   0: 3 0x000000008000ff84 (0xfc843703) x14 0x0000000080012040 mem 0x0000000080031f38
core   0: 0x000000008000ff88 (0xfb843783) ld      a5, -72(s0)
core   0: 3 0x000000008000ff88 (0xfb843783) x15 0x000000000000009c mem 0x0000000080031f28
core   0: 0x000000008000ff8c (0x000097ba) c.add   a5, a4
core   0: 3 0x000000008000ff8c (0x97ba) x15 0x00000000800120dc
core   0: 0x000000008000ff8e (0xfe043703) ld      a4, -32(s0)
core   0: 3 0x000000008000ff8e (0xfe043703) x14 0x0000000080012096 mem 0x0000000080031f50
core   0: 0x000000008000ff92 (0xfcf76de3) bltu    a4, a5, pc - 38
core   0: 3 0x000000008000ff92 (0xfcf76de3)
core   0: 0x000000008000ff6c (0xfe043783) ld      a5, -32(s0)
core   0: 3 0x000000008000ff6c (0xfe043783) x15 0x0000000080012096 mem 0x0000000080031f50
core   0: 0x000000008000ff70 (0x00178713) addi    a4, a5, 1
core   0: 3 0x000000008000ff70 (0x00178713) x14 0x0000000080012097
core   0: 0x000000008000ff74 (0xfee43023) sd      a4, -32(s0)
core   0: 3 0x000000008000ff74 (0xfee43023) mem 0x0000000080031f50 0x0000000080012097
core   0: 0x000000008000ff78 (0xfc442703) lw      a4, -60(s0)
core   0: 3 0x000000008000ff78 (0xfc442703) x14 0x0000000000000000 mem 0x0000000080031f34
core   0: 0x000000008000ff7c (0x0ff77713) andi    a4, a4, 255
core   0: 3 0x000000008000ff7c (0x0ff77713) x14 0x0000000000000000
core   0: 0x000000008000ff80 (0x00e78023) sb      a4, 0(a5)
core   0: 3 0x000000008000ff80 (0x00e78023) mem 0x0000000080012096 0x00
core   0: 0x000000008000ff84 (0xfc843703) ld      a4, -56(s0)
core   0: 3 0x000000008000ff84 (0xfc843703) x14 0x0000000080012040 mem 0x0000000080031f38
core   0: 0x000000008000ff88 (0xfb843783) ld      a5, -72(s0)
core   0: 3 0x000000008000ff88 (0xfb843783) x15 0x000000000000009c mem 0x0000000080031f28
core   0: 0x000000008000ff8c (0x000097ba) c.add   a5, a4
core   0: 3 0x000000008000ff8c (0x97ba) x15 0x00000000800120dc
core   0: 0x000000008000ff8e (0xfe043703) ld      a4, -32(s0)
core   0: 3 0x000000008000ff8e (0xfe043703) x14 0x0000000080012097 mem 0x0000000080031f50
core   0: 0x000000008000ff92 (0xfcf76de3) bltu    a4, a5, pc - 38
core   0: 3 0x000000008000ff92 (0xfcf76de3)
core   0: 0x000000008000ff6c (0xfe043783) ld      a5, -32(s0)
core   0: 3 0x000000008000ff6c (0xfe043783) x15 0x0000000080012097 mem 0x0000000080031f50
core   0: 0x000000008000ff70 (0x00178713) addi    a4, a5, 1
core   0: 3 0x000000008000ff70 (0x00178713) x14 0x0000000080012098
core   0: 0x000000008000ff74 (0xfee43023) sd      a4, -32(s0)
core   0: 3 0x000000008000ff74 (0xfee43023) mem 0x0000000080031f50 0x0000000080012098
core   0: 0x000000008000ff78 (0xfc442703) lw      a4, -60(s0)
core   0: 3 0x000000008000ff78 (0xfc442703) x14 0x0000000000000000 mem 0x0000000080031f34
core   0: 0x000000008000ff7c (0x0ff77713) andi    a4, a4, 255
core   0: 3 0x000000008000ff7c (0x0ff77713) x14 0x0000000000000000
core   0: 0x000000008000ff80 (0x00e78023) sb      a4, 0(a5)
core   0: 3 0x000000008000ff80 (0x00e78023) mem 0x0000000080012097 0x00
core   0: 0x000000008000ff84 (0xfc843703) ld      a4, -56(s0)
core   0: 3 0x000000008000ff84 (0xfc843703) x14 0x0000000080012040 mem 0x0000000080031f38
core   0: 0x000000008000ff88 (0xfb843783) ld      a5, -72(s0)
core   0: 3 0x000000008000ff88 (0xfb843783) x15 0x000000000000009c mem 0x0000000080031f28
core   0: 0x000000008000ff8c (0x000097ba) c.add   a5, a4
core   0: 3 0x000000008000ff8c (0x97ba) x15 0x00000000800120dc
core   0: 0x000000008000ff8e (0xfe043703) ld      a4, -32(s0)
core   0: 3 0x000000008000ff8e (0xfe043703) x14 0x0000000080012098 mem 0x0000000080031f50
core   0: 0x000000008000ff92 (0xfcf76de3) bltu    a4, a5, pc - 38
core   0: 3 0x000000008000ff92 (0xfcf76de3)
core   0: 0x000000008000ff6c (0xfe043783) ld      a5, -32(s0)
core   0: 3 0x000000008000ff6c (0xfe043783) x15 0x0000000080012098 mem 0x0000000080031f50
core   0: 0x000000008000ff70 (0x00178713) addi    a4, a5, 1
core   0: 3 0x000000008000ff70 (0x00178713) x14 0x0000000080012099
core   0: 0x000000008000ff74 (0xfee43023) sd      a4, -32(s0)
core   0: 3 0x000000008000ff74 (0xfee43023) mem 0x0000000080031f50 0x0000000080012099
core   0: 0x000000008000ff78 (0xfc442703) lw      a4, -60(s0)
core   0: 3 0x000000008000ff78 (0xfc442703) x14 0x0000000000000000 mem 0x0000000080031f34
core   0: 0x000000008000ff7c (0x0ff77713) andi    a4, a4, 255
core   0: 3 0x000000008000ff7c (0x0ff77713) x14 0x0000000000000000
core   0: 0x000000008000ff80 (0x00e78023) sb      a4, 0(a5)
core   0: 3 0x000000008000ff80 (0x00e78023) mem 0x0000000080012098 0x00
core   0: 0x000000008000ff84 (0xfc843703) ld      a4, -56(s0)
core   0: 3 0x000000008000ff84 (0xfc843703) x14 0x0000000080012040 mem 0x0000000080031f38
core   0: 0x000000008000ff88 (0xfb843783) ld      a5, -72(s0)
core   0: 3 0x000000008000ff88 (0xfb843783) x15 0x000000000000009c mem 0x0000000080031f28
core   0: 0x000000008000ff8c (0x000097ba) c.add   a5, a4
core   0: 3 0x000000008000ff8c (0x97ba) x15 0x00000000800120dc
core   0: 0x000000008000ff8e (0xfe043703) ld      a4, -32(s0)
core   0: 3 0x000000008000ff8e (0xfe043703) x14 0x0000000080012099 mem 0x0000000080031f50
core   0: 0x000000008000ff92 (0xfcf76de3) bltu    a4, a5, pc - 38
core   0: 3 0x000000008000ff92 (0xfcf76de3)
core   0: 0x000000008000ff6c (0xfe043783) ld      a5, -32(s0)
core   0: 3 0x000000008000ff6c (0xfe043783) x15 0x0000000080012099 mem 0x0000000080031f50
core   0: 0x000000008000ff70 (0x00178713) addi    a4, a5, 1
core   0: 3 0x000000008000ff70 (0x00178713) x14 0x000000008001209a
core   0: 0x000000008000ff74 (0xfee43023) sd      a4, -32(s0)
core   0: 3 0x000000008000ff74 (0xfee43023) mem 0x0000000080031f50 0x000000008001209a
core   0: 0x000000008000ff78 (0xfc442703) lw      a4, -60(s0)
core   0: 3 0x000000008000ff78 (0xfc442703) x14 0x0000000000000000 mem 0x0000000080031f34
core   0: 0x000000008000ff7c (0x0ff77713) andi    a4, a4, 255
core   0: 3 0x000000008000ff7c (0x0ff77713) x14 0x0000000000000000
core   0: 0x000000008000ff80 (0x00e78023) sb      a4, 0(a5)
core   0: 3 0x000000008000ff80 (0x00e78023) mem 0x0000000080012099 0x00
core   0: 0x000000008000ff84 (0xfc843703) ld      a4, -56(s0)
core   0: 3 0x000000008000ff84 (0xfc843703) x14 0x0000000080012040 mem 0x0000000080031f38
core   0: 0x000000008000ff88 (0xfb843783) ld      a5, -72(s0)
core   0: 3 0x000000008000ff88 (0xfb843783) x15 0x000000000000009c mem 0x0000000080031f28
core   0: 0x000000008000ff8c (0x000097ba) c.add   a5, a4
core   0: 3 0x000000008000ff8c (0x97ba) x15 0x00000000800120dc
core   0: 0x000000008000ff8e (0xfe043703) ld      a4, -32(s0)
core   0: 3 0x000000008000ff8e (0xfe043703) x14 0x000000008001209a mem 0x0000000080031f50
core   0: 0x000000008000ff92 (0xfcf76de3) bltu    a4, a5, pc - 38
core   0: 3 0x000000008000ff92 (0xfcf76de3)
core   0: 0x000000008000ff6c (0xfe043783) ld      a5, -32(s0)
core   0: 3 0x000000008000ff6c (0xfe043783) x15 0x000000008001209a mem 0x0000000080031f50
core   0: 0x000000008000ff70 (0x00178713) addi    a4, a5, 1
core   0: 3 0x000000008000ff70 (0x00178713) x14 0x000000008001209b
core   0: 0x000000008000ff74 (0xfee43023) sd      a4, -32(s0)
core   0: 3 0x000000008000ff74 (0xfee43023) mem 0x0000000080031f50 0x000000008001209b
core   0: 0x000000008000ff78 (0xfc442703) lw      a4, -60(s0)
core   0: 3 0x000000008000ff78 (0xfc442703) x14 0x0000000000000000 mem 0x0000000080031f34
core   0: 0x000000008000ff7c (0x0ff77713) andi    a4, a4, 255
core   0: 3 0x000000008000ff7c (0x0ff77713) x14 0x0000000000000000
core   0: 0x000000008000ff80 (0x00e78023) sb      a4, 0(a5)
core   0: 3 0x000000008000ff80 (0x00e78023) mem 0x000000008001209a 0x00
core   0: 0x000000008000ff84 (0xfc843703) ld      a4, -56(s0)
core   0: 3 0x000000008000ff84 (0xfc843703) x14 0x0000000080012040 mem 0x0000000080031f38
core   0: 0x000000008000ff88 (0xfb843783) ld      a5, -72(s0)
core   0: 3 0x000000008000ff88 (0xfb843783) x15 0x000000000000009c mem 0x0000000080031f28
core   0: 0x000000008000ff8c (0x000097ba) c.add   a5, a4
core   0: 3 0x000000008000ff8c (0x97ba) x15 0x00000000800120dc
core   0: 0x000000008000ff8e (0xfe043703) ld      a4, -32(s0)
core   0: 3 0x000000008000ff8e (0xfe043703) x14 0x000000008001209b mem 0x0000000080031f50
core   0: 0x000000008000ff92 (0xfcf76de3) bltu    a4, a5, pc - 38
core   0: 3 0x000000008000ff92 (0xfcf76de3)
core   0: 0x000000008000ff6c (0xfe043783) ld      a5, -32(s0)
core   0: 3 0x000000008000ff6c (0xfe043783) x15 0x000000008001209b mem 0x0000000080031f50
core   0: 0x000000008000ff70 (0x00178713) addi    a4, a5, 1
core   0: 3 0x000000008000ff70 (0x00178713) x14 0x000000008001209c
core   0: 0x000000008000ff74 (0xfee43023) sd      a4, -32(s0)
core   0: 3 0x000000008000ff74 (0xfee43023) mem 0x0000000080031f50 0x000000008001209c
core   0: 0x000000008000ff78 (0xfc442703) lw      a4, -60(s0)
core   0: 3 0x000000008000ff78 (0xfc442703) x14 0x0000000000000000 mem 0x0000000080031f34
core   0: 0x000000008000ff7c (0x0ff77713) andi    a4, a4, 255
core   0: 3 0x000000008000ff7c (0x0ff77713) x14 0x0000000000000000
core   0: 0x000000008000ff80 (0x00e78023) sb      a4, 0(a5)
core   0: 3 0x000000008000ff80 (0x00e78023) mem 0x000000008001209b 0x00
core   0: 0x000000008000ff84 (0xfc843703) ld      a4, -56(s0)
core   0: 3 0x000000008000ff84 (0xfc843703) x14 0x0000000080012040 mem 0x0000000080031f38
core   0: 0x000000008000ff88 (0xfb843783) ld      a5, -72(s0)
core   0: 3 0x000000008000ff88 (0xfb843783) x15 0x000000000000009c mem 0x0000000080031f28
core   0: 0x000000008000ff8c (0x000097ba) c.add   a5, a4
core   0: 3 0x000000008000ff8c (0x97ba) x15 0x00000000800120dc
core   0: 0x000000008000ff8e (0xfe043703) ld      a4, -32(s0)
core   0: 3 0x000000008000ff8e (0xfe043703) x14 0x000000008001209c mem 0x0000000080031f50
core   0: 0x000000008000ff92 (0xfcf76de3) bltu    a4, a5, pc - 38
core   0: 3 0x000000008000ff92 (0xfcf76de3)
core   0: 0x000000008000ff6c (0xfe043783) ld      a5, -32(s0)
core   0: 3 0x000000008000ff6c (0xfe043783) x15 0x000000008001209c mem 0x0000000080031f50
core   0: 0x000000008000ff70 (0x00178713) addi    a4, a5, 1
core   0: 3 0x000000008000ff70 (0x00178713) x14 0x000000008001209d
core   0: 0x000000008000ff74 (0xfee43023) sd      a4, -32(s0)
core   0: 3 0x000000008000ff74 (0xfee43023) mem 0x0000000080031f50 0x000000008001209d
core   0: 0x000000008000ff78 (0xfc442703) lw      a4, -60(s0)
core   0: 3 0x000000008000ff78 (0xfc442703) x14 0x0000000000000000 mem 0x0000000080031f34
core   0: 0x000000008000ff7c (0x0ff77713) andi    a4, a4, 255
core   0: 3 0x000000008000ff7c (0x0ff77713) x14 0x0000000000000000
core   0: 0x000000008000ff80 (0x00e78023) sb      a4, 0(a5)
core   0: 3 0x000000008000ff80 (0x00e78023) mem 0x000000008001209c 0x00
core   0: 0x000000008000ff84 (0xfc843703) ld      a4, -56(s0)
core   0: 3 0x000000008000ff84 (0xfc843703) x14 0x0000000080012040 mem 0x0000000080031f38
core   0: 0x000000008000ff88 (0xfb843783) ld      a5, -72(s0)
core   0: 3 0x000000008000ff88 (0xfb843783) x15 0x000000000000009c mem 0x0000000080031f28
core   0: 0x000000008000ff8c (0x000097ba) c.add   a5, a4
core   0: 3 0x000000008000ff8c (0x97ba) x15 0x00000000800120dc
core   0: 0x000000008000ff8e (0xfe043703) ld      a4, -32(s0)
core   0: 3 0x000000008000ff8e (0xfe043703) x14 0x000000008001209d mem 0x0000000080031f50
core   0: 0x000000008000ff92 (0xfcf76de3) bltu    a4, a5, pc - 38
core   0: 3 0x000000008000ff92 (0xfcf76de3)
core   0: 0x000000008000ff6c (0xfe043783) ld      a5, -32(s0)
core   0: 3 0x000000008000ff6c (0xfe043783) x15 0x000000008001209d mem 0x0000000080031f50
core   0: 0x000000008000ff70 (0x00178713) addi    a4, a5, 1
core   0: 3 0x000000008000ff70 (0x00178713) x14 0x000000008001209e
core   0: 0x000000008000ff74 (0xfee43023) sd      a4, -32(s0)
core   0: 3 0x000000008000ff74 (0xfee43023) mem 0x0000000080031f50 0x000000008001209e
core   0: 0x000000008000ff78 (0xfc442703) lw      a4, -60(s0)
core   0: 3 0x000000008000ff78 (0xfc442703) x14 0x0000000000000000 mem 0x0000000080031f34
core   0: 0x000000008000ff7c (0x0ff77713) andi    a4, a4, 255
core   0: 3 0x000000008000ff7c (0x0ff77713) x14 0x0000000000000000
core   0: 0x000000008000ff80 (0x00e78023) sb      a4, 0(a5)
core   0: 3 0x000000008000ff80 (0x00e78023) mem 0x000000008001209d 0x00
core   0: 0x000000008000ff84 (0xfc843703) ld      a4, -56(s0)
core   0: 3 0x000000008000ff84 (0xfc843703) x14 0x0000000080012040 mem 0x0000000080031f38
core   0: 0x000000008000ff88 (0xfb843783) ld      a5, -72(s0)
core   0: 3 0x000000008000ff88 (0xfb843783) x15 0x000000000000009c mem 0x0000000080031f28
core   0: 0x000000008000ff8c (0x000097ba) c.add   a5, a4
core   0: 3 0x000000008000ff8c (0x97ba) x15 0x00000000800120dc
core   0: 0x000000008000ff8e (0xfe043703) ld      a4, -32(s0)
core   0: 3 0x000000008000ff8e (0xfe043703) x14 0x000000008001209e mem 0x0000000080031f50
core   0: 0x000000008000ff92 (0xfcf76de3) bltu    a4, a5, pc - 38
core   0: 3 0x000000008000ff92 (0xfcf76de3)
core   0: 0x000000008000ff6c (0xfe043783) ld      a5, -32(s0)
core   0: 3 0x000000008000ff6c (0xfe043783) x15 0x000000008001209e mem 0x0000000080031f50
core   0: 0x000000008000ff70 (0x00178713) addi    a4, a5, 1
core   0: 3 0x000000008000ff70 (0x00178713) x14 0x000000008001209f
core   0: 0x000000008000ff74 (0xfee43023) sd      a4, -32(s0)
core   0: 3 0x000000008000ff74 (0xfee43023) mem 0x0000000080031f50 0x000000008001209f
core   0: 0x000000008000ff78 (0xfc442703) lw      a4, -60(s0)
core   0: 3 0x000000008000ff78 (0xfc442703) x14 0x0000000000000000 mem 0x0000000080031f34
core   0: 0x000000008000ff7c (0x0ff77713) andi    a4, a4, 255
core   0: 3 0x000000008000ff7c (0x0ff77713) x14 0x0000000000000000
core   0: 0x000000008000ff80 (0x00e78023) sb      a4, 0(a5)
core   0: 3 0x000000008000ff80 (0x00e78023) mem 0x000000008001209e 0x00
core   0: 0x000000008000ff84 (0xfc843703) ld      a4, -56(s0)
core   0: 3 0x000000008000ff84 (0xfc843703) x14 0x0000000080012040 mem 0x0000000080031f38
core   0: 0x000000008000ff88 (0xfb843783) ld      a5, -72(s0)
core   0: 3 0x000000008000ff88 (0xfb843783) x15 0x000000000000009c mem 0x0000000080031f28
core   0: 0x000000008000ff8c (0x000097ba) c.add   a5, a4
core   0: 3 0x000000008000ff8c (0x97ba) x15 0x00000000800120dc
core   0: 0x000000008000ff8e (0xfe043703) ld      a4, -32(s0)
core   0: 3 0x000000008000ff8e (0xfe043703) x14 0x000000008001209f mem 0x0000000080031f50
core   0: 0x000000008000ff92 (0xfcf76de3) bltu    a4, a5, pc - 38
core   0: 3 0x000000008000ff92 (0xfcf76de3)
core   0: 0x000000008000ff6c (0xfe043783) ld      a5, -32(s0)
core   0: 3 0x000000008000ff6c (0xfe043783) x15 0x000000008001209f mem 0x0000000080031f50
core   0: 0x000000008000ff70 (0x00178713) addi    a4, a5, 1
core   0: 3 0x000000008000ff70 (0x00178713) x14 0x00000000800120a0
core   0: 0x000000008000ff74 (0xfee43023) sd      a4, -32(s0)
core   0: 3 0x000000008000ff74 (0xfee43023) mem 0x0000000080031f50 0x00000000800120a0
core   0: 0x000000008000ff78 (0xfc442703) lw      a4, -60(s0)
core   0: 3 0x000000008000ff78 (0xfc442703) x14 0x0000000000000000 mem 0x0000000080031f34
core   0: 0x000000008000ff7c (0x0ff77713) andi    a4, a4, 255
core   0: 3 0x000000008000ff7c (0x0ff77713) x14 0x0000000000000000
core   0: 0x000000008000ff80 (0x00e78023) sb      a4, 0(a5)
core   0: 3 0x000000008000ff80 (0x00e78023) mem 0x000000008001209f 0x00
core   0: 0x000000008000ff84 (0xfc843703) ld      a4, -56(s0)
core   0: 3 0x000000008000ff84 (0xfc843703) x14 0x0000000080012040 mem 0x0000000080031f38
core   0: 0x000000008000ff88 (0xfb843783) ld      a5, -72(s0)
core   0: 3 0x000000008000ff88 (0xfb843783) x15 0x000000000000009c mem 0x0000000080031f28
core   0: 0x000000008000ff8c (0x000097ba) c.add   a5, a4
core   0: 3 0x000000008000ff8c (0x97ba) x15 0x00000000800120dc
core   0: 0x000000008000ff8e (0xfe043703) ld      a4, -32(s0)
core   0: 3 0x000000008000ff8e (0xfe043703) x14 0x00000000800120a0 mem 0x0000000080031f50
core   0: 0x000000008000ff92 (0xfcf76de3) bltu    a4, a5, pc - 38
core   0: 3 0x000000008000ff92 (0xfcf76de3)
core   0: 0x000000008000ff6c (0xfe043783) ld      a5, -32(s0)
core   0: 3 0x000000008000ff6c (0xfe043783) x15 0x00000000800120a0 mem 0x0000000080031f50
core   0: 0x000000008000ff70 (0x00178713) addi    a4, a5, 1
core   0: 3 0x000000008000ff70 (0x00178713) x14 0x00000000800120a1
core   0: 0x000000008000ff74 (0xfee43023) sd      a4, -32(s0)
core   0: 3 0x000000008000ff74 (0xfee43023) mem 0x0000000080031f50 0x00000000800120a1
core   0: 0x000000008000ff78 (0xfc442703) lw      a4, -60(s0)
core   0: 3 0x000000008000ff78 (0xfc442703) x14 0x0000000000000000 mem 0x0000000080031f34
core   0: 0x000000008000ff7c (0x0ff77713) andi    a4, a4, 255
core   0: 3 0x000000008000ff7c (0x0ff77713) x14 0x0000000000000000
core   0: 0x000000008000ff80 (0x00e78023) sb      a4, 0(a5)
core   0: 3 0x000000008000ff80 (0x00e78023) mem 0x00000000800120a0 0x00
core   0: 0x000000008000ff84 (0xfc843703) ld      a4, -56(s0)
core   0: 3 0x000000008000ff84 (0xfc843703) x14 0x0000000080012040 mem 0x0000000080031f38
core   0: 0x000000008000ff88 (0xfb843783) ld      a5, -72(s0)
core   0: 3 0x000000008000ff88 (0xfb843783) x15 0x000000000000009c mem 0x0000000080031f28
core   0: 0x000000008000ff8c (0x000097ba) c.add   a5, a4
core   0: 3 0x000000008000ff8c (0x97ba) x15 0x00000000800120dc
core   0: 0x000000008000ff8e (0xfe043703) ld      a4, -32(s0)
core   0: 3 0x000000008000ff8e (0xfe043703) x14 0x00000000800120a1 mem 0x0000000080031f50
core   0: 0x000000008000ff92 (0xfcf76de3) bltu    a4, a5, pc - 38
core   0: 3 0x000000008000ff92 (0xfcf76de3)
core   0: 0x000000008000ff6c (0xfe043783) ld      a5, -32(s0)
core   0: 3 0x000000008000ff6c (0xfe043783) x15 0x00000000800120a1 mem 0x0000000080031f50
core   0: 0x000000008000ff70 (0x00178713) addi    a4, a5, 1
core   0: 3 0x000000008000ff70 (0x00178713) x14 0x00000000800120a2
core   0: 0x000000008000ff74 (0xfee43023) sd      a4, -32(s0)
core   0: 3 0x000000008000ff74 (0xfee43023) mem 0x0000000080031f50 0x00000000800120a2
core   0: 0x000000008000ff78 (0xfc442703) lw      a4, -60(s0)
core   0: 3 0x000000008000ff78 (0xfc442703) x14 0x0000000000000000 mem 0x0000000080031f34
core   0: 0x000000008000ff7c (0x0ff77713) andi    a4, a4, 255
core   0: 3 0x000000008000ff7c (0x0ff77713) x14 0x0000000000000000
core   0: 0x000000008000ff80 (0x00e78023) sb      a4, 0(a5)
core   0: 3 0x000000008000ff80 (0x00e78023) mem 0x00000000800120a1 0x00
core   0: 0x000000008000ff84 (0xfc843703) ld      a4, -56(s0)
core   0: 3 0x000000008000ff84 (0xfc843703) x14 0x0000000080012040 mem 0x0000000080031f38
core   0: 0x000000008000ff88 (0xfb843783) ld      a5, -72(s0)
core   0: 3 0x000000008000ff88 (0xfb843783) x15 0x000000000000009c mem 0x0000000080031f28
core   0: 0x000000008000ff8c (0x000097ba) c.add   a5, a4
core   0: 3 0x000000008000ff8c (0x97ba) x15 0x00000000800120dc
core   0: 0x000000008000ff8e (0xfe043703) ld      a4, -32(s0)
core   0: 3 0x000000008000ff8e (0xfe043703) x14 0x00000000800120a2 mem 0x0000000080031f50
core   0: 0x000000008000ff92 (0xfcf76de3) bltu    a4, a5, pc - 38
core   0: 3 0x000000008000ff92 (0xfcf76de3)
core   0: 0x000000008000ff6c (0xfe043783) ld      a5, -32(s0)
core   0: 3 0x000000008000ff6c (0xfe043783) x15 0x00000000800120a2 mem 0x0000000080031f50
core   0: 0x000000008000ff70 (0x00178713) addi    a4, a5, 1
core   0: 3 0x000000008000ff70 (0x00178713) x14 0x00000000800120a3
core   0: 0x000000008000ff74 (0xfee43023) sd      a4, -32(s0)
core   0: 3 0x000000008000ff74 (0xfee43023) mem 0x0000000080031f50 0x00000000800120a3
core   0: 0x000000008000ff78 (0xfc442703) lw      a4, -60(s0)
core   0: 3 0x000000008000ff78 (0xfc442703) x14 0x0000000000000000 mem 0x0000000080031f34
core   0: 0x000000008000ff7c (0x0ff77713) andi    a4, a4, 255
core   0: 3 0x000000008000ff7c (0x0ff77713) x14 0x0000000000000000
core   0: 0x000000008000ff80 (0x00e78023) sb      a4, 0(a5)
core   0: 3 0x000000008000ff80 (0x00e78023) mem 0x00000000800120a2 0x00
core   0: 0x000000008000ff84 (0xfc843703) ld      a4, -56(s0)
core   0: 3 0x000000008000ff84 (0xfc843703) x14 0x0000000080012040 mem 0x0000000080031f38
core   0: 0x000000008000ff88 (0xfb843783) ld      a5, -72(s0)
core   0: 3 0x000000008000ff88 (0xfb843783) x15 0x000000000000009c mem 0x0000000080031f28
core   0: 0x000000008000ff8c (0x000097ba) c.add   a5, a4
core   0: 3 0x000000008000ff8c (0x97ba) x15 0x00000000800120dc
core   0: 0x000000008000ff8e (0xfe043703) ld      a4, -32(s0)
core   0: 3 0x000000008000ff8e (0xfe043703) x14 0x00000000800120a3 mem 0x0000000080031f50
core   0: 0x000000008000ff92 (0xfcf76de3) bltu    a4, a5, pc - 38
core   0: 3 0x000000008000ff92 (0xfcf76de3)
core   0: 0x000000008000ff6c (0xfe043783) ld      a5, -32(s0)
core   0: 3 0x000000008000ff6c (0xfe043783) x15 0x00000000800120a3 mem 0x0000000080031f50
core   0: 0x000000008000ff70 (0x00178713) addi    a4, a5, 1
core   0: 3 0x000000008000ff70 (0x00178713) x14 0x00000000800120a4
core   0: 0x000000008000ff74 (0xfee43023) sd      a4, -32(s0)
core   0: 3 0x000000008000ff74 (0xfee43023) mem 0x0000000080031f50 0x00000000800120a4
core   0: 0x000000008000ff78 (0xfc442703) lw      a4, -60(s0)
core   0: 3 0x000000008000ff78 (0xfc442703) x14 0x0000000000000000 mem 0x0000000080031f34
core   0: 0x000000008000ff7c (0x0ff77713) andi    a4, a4, 255
core   0: 3 0x000000008000ff7c (0x0ff77713) x14 0x0000000000000000
core   0: 0x000000008000ff80 (0x00e78023) sb      a4, 0(a5)
core   0: 3 0x000000008000ff80 (0x00e78023) mem 0x00000000800120a3 0x00
core   0: 0x000000008000ff84 (0xfc843703) ld      a4, -56(s0)
core   0: 3 0x000000008000ff84 (0xfc843703) x14 0x0000000080012040 mem 0x0000000080031f38
core   0: 0x000000008000ff88 (0xfb843783) ld      a5, -72(s0)
core   0: 3 0x000000008000ff88 (0xfb843783) x15 0x000000000000009c mem 0x0000000080031f28
core   0: 0x000000008000ff8c (0x000097ba) c.add   a5, a4
core   0: 3 0x000000008000ff8c (0x97ba) x15 0x00000000800120dc
core   0: 0x000000008000ff8e (0xfe043703) ld      a4, -32(s0)
core   0: 3 0x000000008000ff8e (0xfe043703) x14 0x00000000800120a4 mem 0x0000000080031f50
core   0: 0x000000008000ff92 (0xfcf76de3) bltu    a4, a5, pc - 38
core   0: 3 0x000000008000ff92 (0xfcf76de3)
core   0: 0x000000008000ff6c (0xfe043783) ld      a5, -32(s0)
core   0: 3 0x000000008000ff6c (0xfe043783) x15 0x00000000800120a4 mem 0x0000000080031f50
core   0: 0x000000008000ff70 (0x00178713) addi    a4, a5, 1
core   0: 3 0x000000008000ff70 (0x00178713) x14 0x00000000800120a5
core   0: 0x000000008000ff74 (0xfee43023) sd      a4, -32(s0)
core   0: 3 0x000000008000ff74 (0xfee43023) mem 0x0000000080031f50 0x00000000800120a5
core   0: 0x000000008000ff78 (0xfc442703) lw      a4, -60(s0)
core   0: 3 0x000000008000ff78 (0xfc442703) x14 0x0000000000000000 mem 0x0000000080031f34
core   0: 0x000000008000ff7c (0x0ff77713) andi    a4, a4, 255
core   0: 3 0x000000008000ff7c (0x0ff77713) x14 0x0000000000000000
core   0: 0x000000008000ff80 (0x00e78023) sb      a4, 0(a5)
core   0: 3 0x000000008000ff80 (0x00e78023) mem 0x00000000800120a4 0x00
core   0: 0x000000008000ff84 (0xfc843703) ld      a4, -56(s0)
core   0: 3 0x000000008000ff84 (0xfc843703) x14 0x0000000080012040 mem 0x0000000080031f38
core   0: 0x000000008000ff88 (0xfb843783) ld      a5, -72(s0)
core   0: 3 0x000000008000ff88 (0xfb843783) x15 0x000000000000009c mem 0x0000000080031f28
core   0: 0x000000008000ff8c (0x000097ba) c.add   a5, a4
core   0: 3 0x000000008000ff8c (0x97ba) x15 0x00000000800120dc
core   0: 0x000000008000ff8e (0xfe043703) ld      a4, -32(s0)
core   0: 3 0x000000008000ff8e (0xfe043703) x14 0x00000000800120a5 mem 0x0000000080031f50
core   0: 0x000000008000ff92 (0xfcf76de3) bltu    a4, a5, pc - 38
core   0: 3 0x000000008000ff92 (0xfcf76de3)
core   0: 0x000000008000ff6c (0xfe043783) ld      a5, -32(s0)
core   0: 3 0x000000008000ff6c (0xfe043783) x15 0x00000000800120a5 mem 0x0000000080031f50
core   0: 0x000000008000ff70 (0x00178713) addi    a4, a5, 1
core   0: 3 0x000000008000ff70 (0x00178713) x14 0x00000000800120a6
core   0: 0x000000008000ff74 (0xfee43023) sd      a4, -32(s0)
core   0: 3 0x000000008000ff74 (0xfee43023) mem 0x0000000080031f50 0x00000000800120a6
core   0: 0x000000008000ff78 (0xfc442703) lw      a4, -60(s0)
core   0: 3 0x000000008000ff78 (0xfc442703) x14 0x0000000000000000 mem 0x0000000080031f34
core   0: 0x000000008000ff7c (0x0ff77713) andi    a4, a4, 255
core   0: 3 0x000000008000ff7c (0x0ff77713) x14 0x0000000000000000
core   0: 0x000000008000ff80 (0x00e78023) sb      a4, 0(a5)
core   0: 3 0x000000008000ff80 (0x00e78023) mem 0x00000000800120a5 0x00
core   0: 0x000000008000ff84 (0xfc843703) ld      a4, -56(s0)
core   0: 3 0x000000008000ff84 (0xfc843703) x14 0x0000000080012040 mem 0x0000000080031f38
core   0: 0x000000008000ff88 (0xfb843783) ld      a5, -72(s0)
core   0: 3 0x000000008000ff88 (0xfb843783) x15 0x000000000000009c mem 0x0000000080031f28
core   0: 0x000000008000ff8c (0x000097ba) c.add   a5, a4
core   0: 3 0x000000008000ff8c (0x97ba) x15 0x00000000800120dc
core   0: 0x000000008000ff8e (0xfe043703) ld      a4, -32(s0)
core   0: 3 0x000000008000ff8e (0xfe043703) x14 0x00000000800120a6 mem 0x0000000080031f50
core   0: 0x000000008000ff92 (0xfcf76de3) bltu    a4, a5, pc - 38
core   0: 3 0x000000008000ff92 (0xfcf76de3)
core   0: 0x000000008000ff6c (0xfe043783) ld      a5, -32(s0)
core   0: 3 0x000000008000ff6c (0xfe043783) x15 0x00000000800120a6 mem 0x0000000080031f50
core   0: 0x000000008000ff70 (0x00178713) addi    a4, a5, 1
core   0: 3 0x000000008000ff70 (0x00178713) x14 0x00000000800120a7
core   0: 0x000000008000ff74 (0xfee43023) sd      a4, -32(s0)
core   0: 3 0x000000008000ff74 (0xfee43023) mem 0x0000000080031f50 0x00000000800120a7
core   0: 0x000000008000ff78 (0xfc442703) lw      a4, -60(s0)
core   0: 3 0x000000008000ff78 (0xfc442703) x14 0x0000000000000000 mem 0x0000000080031f34
core   0: 0x000000008000ff7c (0x0ff77713) andi    a4, a4, 255
core   0: 3 0x000000008000ff7c (0x0ff77713) x14 0x0000000000000000
core   0: 0x000000008000ff80 (0x00e78023) sb      a4, 0(a5)
core   0: 3 0x000000008000ff80 (0x00e78023) mem 0x00000000800120a6 0x00
core   0: 0x000000008000ff84 (0xfc843703) ld      a4, -56(s0)
core   0: 3 0x000000008000ff84 (0xfc843703) x14 0x0000000080012040 mem 0x0000000080031f38
core   0: 0x000000008000ff88 (0xfb843783) ld      a5, -72(s0)
core   0: 3 0x000000008000ff88 (0xfb843783) x15 0x000000000000009c mem 0x0000000080031f28
core   0: 0x000000008000ff8c (0x000097ba) c.add   a5, a4
core   0: 3 0x000000008000ff8c (0x97ba) x15 0x00000000800120dc
core   0: 0x000000008000ff8e (0xfe043703) ld      a4, -32(s0)
core   0: 3 0x000000008000ff8e (0xfe043703) x14 0x00000000800120a7 mem 0x0000000080031f50
core   0: 0x000000008000ff92 (0xfcf76de3) bltu    a4, a5, pc - 38
core   0: 3 0x000000008000ff92 (0xfcf76de3)
core   0: 0x000000008000ff6c (0xfe043783) ld      a5, -32(s0)
core   0: 3 0x000000008000ff6c (0xfe043783) x15 0x00000000800120a7 mem 0x0000000080031f50
core   0: 0x000000008000ff70 (0x00178713) addi    a4, a5, 1
core   0: 3 0x000000008000ff70 (0x00178713) x14 0x00000000800120a8
core   0: 0x000000008000ff74 (0xfee43023) sd      a4, -32(s0)
core   0: 3 0x000000008000ff74 (0xfee43023) mem 0x0000000080031f50 0x00000000800120a8
core   0: 0x000000008000ff78 (0xfc442703) lw      a4, -60(s0)
core   0: 3 0x000000008000ff78 (0xfc442703) x14 0x0000000000000000 mem 0x0000000080031f34
core   0: 0x000000008000ff7c (0x0ff77713) andi    a4, a4, 255
core   0: 3 0x000000008000ff7c (0x0ff77713) x14 0x0000000000000000
core   0: 0x000000008000ff80 (0x00e78023) sb      a4, 0(a5)
core   0: 3 0x000000008000ff80 (0x00e78023) mem 0x00000000800120a7 0x00
core   0: 0x000000008000ff84 (0xfc843703) ld      a4, -56(s0)
core   0: 3 0x000000008000ff84 (0xfc843703) x14 0x0000000080012040 mem 0x0000000080031f38
core   0: 0x000000008000ff88 (0xfb843783) ld      a5, -72(s0)
core   0: 3 0x000000008000ff88 (0xfb843783) x15 0x000000000000009c mem 0x0000000080031f28
core   0: 0x000000008000ff8c (0x000097ba) c.add   a5, a4
core   0: 3 0x000000008000ff8c (0x97ba) x15 0x00000000800120dc
core   0: 0x000000008000ff8e (0xfe043703) ld      a4, -32(s0)
core   0: 3 0x000000008000ff8e (0xfe043703) x14 0x00000000800120a8 mem 0x0000000080031f50
core   0: 0x000000008000ff92 (0xfcf76de3) bltu    a4, a5, pc - 38
core   0: 3 0x000000008000ff92 (0xfcf76de3)
core   0: 0x000000008000ff6c (0xfe043783) ld      a5, -32(s0)
core   0: 3 0x000000008000ff6c (0xfe043783) x15 0x00000000800120a8 mem 0x0000000080031f50
core   0: 0x000000008000ff70 (0x00178713) addi    a4, a5, 1
core   0: 3 0x000000008000ff70 (0x00178713) x14 0x00000000800120a9
core   0: 0x000000008000ff74 (0xfee43023) sd      a4, -32(s0)
core   0: 3 0x000000008000ff74 (0xfee43023) mem 0x0000000080031f50 0x00000000800120a9
core   0: 0x000000008000ff78 (0xfc442703) lw      a4, -60(s0)
core   0: 3 0x000000008000ff78 (0xfc442703) x14 0x0000000000000000 mem 0x0000000080031f34
core   0: 0x000000008000ff7c (0x0ff77713) andi    a4, a4, 255
core   0: 3 0x000000008000ff7c (0x0ff77713) x14 0x0000000000000000
core   0: 0x000000008000ff80 (0x00e78023) sb      a4, 0(a5)
core   0: 3 0x000000008000ff80 (0x00e78023) mem 0x00000000800120a8 0x00
core   0: 0x000000008000ff84 (0xfc843703) ld      a4, -56(s0)
core   0: 3 0x000000008000ff84 (0xfc843703) x14 0x0000000080012040 mem 0x0000000080031f38
core   0: 0x000000008000ff88 (0xfb843783) ld      a5, -72(s0)
core   0: 3 0x000000008000ff88 (0xfb843783) x15 0x000000000000009c mem 0x0000000080031f28
core   0: 0x000000008000ff8c (0x000097ba) c.add   a5, a4
core   0: 3 0x000000008000ff8c (0x97ba) x15 0x00000000800120dc
core   0: 0x000000008000ff8e (0xfe043703) ld      a4, -32(s0)
core   0: 3 0x000000008000ff8e (0xfe043703) x14 0x00000000800120a9 mem 0x0000000080031f50
core   0: 0x000000008000ff92 (0xfcf76de3) bltu    a4, a5, pc - 38
core   0: 3 0x000000008000ff92 (0xfcf76de3)
core   0: 0x000000008000ff6c (0xfe043783) ld      a5, -32(s0)
core   0: 3 0x000000008000ff6c (0xfe043783) x15 0x00000000800120a9 mem 0x0000000080031f50
core   0: 0x000000008000ff70 (0x00178713) addi    a4, a5, 1
core   0: 3 0x000000008000ff70 (0x00178713) x14 0x00000000800120aa
core   0: 0x000000008000ff74 (0xfee43023) sd      a4, -32(s0)
core   0: 3 0x000000008000ff74 (0xfee43023) mem 0x0000000080031f50 0x00000000800120aa
core   0: 0x000000008000ff78 (0xfc442703) lw      a4, -60(s0)
core   0: 3 0x000000008000ff78 (0xfc442703) x14 0x0000000000000000 mem 0x0000000080031f34
core   0: 0x000000008000ff7c (0x0ff77713) andi    a4, a4, 255
core   0: 3 0x000000008000ff7c (0x0ff77713) x14 0x0000000000000000
core   0: 0x000000008000ff80 (0x00e78023) sb      a4, 0(a5)
core   0: 3 0x000000008000ff80 (0x00e78023) mem 0x00000000800120a9 0x00
core   0: 0x000000008000ff84 (0xfc843703) ld      a4, -56(s0)
core   0: 3 0x000000008000ff84 (0xfc843703) x14 0x0000000080012040 mem 0x0000000080031f38
core   0: 0x000000008000ff88 (0xfb843783) ld      a5, -72(s0)
core   0: 3 0x000000008000ff88 (0xfb843783) x15 0x000000000000009c mem 0x0000000080031f28
core   0: 0x000000008000ff8c (0x000097ba) c.add   a5, a4
core   0: 3 0x000000008000ff8c (0x97ba) x15 0x00000000800120dc
core   0: 0x000000008000ff8e (0xfe043703) ld      a4, -32(s0)
core   0: 3 0x000000008000ff8e (0xfe043703) x14 0x00000000800120aa mem 0x0000000080031f50
core   0: 0x000000008000ff92 (0xfcf76de3) bltu    a4, a5, pc - 38
core   0: 3 0x000000008000ff92 (0xfcf76de3)
core   0: 0x000000008000ff6c (0xfe043783) ld      a5, -32(s0)
core   0: 3 0x000000008000ff6c (0xfe043783) x15 0x00000000800120aa mem 0x0000000080031f50
core   0: 0x000000008000ff70 (0x00178713) addi    a4, a5, 1
core   0: 3 0x000000008000ff70 (0x00178713) x14 0x00000000800120ab
core   0: 0x000000008000ff74 (0xfee43023) sd      a4, -32(s0)
core   0: 3 0x000000008000ff74 (0xfee43023) mem 0x0000000080031f50 0x00000000800120ab
core   0: 0x000000008000ff78 (0xfc442703) lw      a4, -60(s0)
core   0: 3 0x000000008000ff78 (0xfc442703) x14 0x0000000000000000 mem 0x0000000080031f34
core   0: 0x000000008000ff7c (0x0ff77713) andi    a4, a4, 255
core   0: 3 0x000000008000ff7c (0x0ff77713) x14 0x0000000000000000
core   0: 0x000000008000ff80 (0x00e78023) sb      a4, 0(a5)
core   0: 3 0x000000008000ff80 (0x00e78023) mem 0x00000000800120aa 0x00
core   0: 0x000000008000ff84 (0xfc843703) ld      a4, -56(s0)
core   0: 3 0x000000008000ff84 (0xfc843703) x14 0x0000000080012040 mem 0x0000000080031f38
core   0: 0x000000008000ff88 (0xfb843783) ld      a5, -72(s0)
core   0: 3 0x000000008000ff88 (0xfb843783) x15 0x000000000000009c mem 0x0000000080031f28
core   0: 0x000000008000ff8c (0x000097ba) c.add   a5, a4
core   0: 3 0x000000008000ff8c (0x97ba) x15 0x00000000800120dc
core   0: 0x000000008000ff8e (0xfe043703) ld      a4, -32(s0)
core   0: 3 0x000000008000ff8e (0xfe043703) x14 0x00000000800120ab mem 0x0000000080031f50
core   0: 0x000000008000ff92 (0xfcf76de3) bltu    a4, a5, pc - 38
core   0: 3 0x000000008000ff92 (0xfcf76de3)
core   0: 0x000000008000ff6c (0xfe043783) ld      a5, -32(s0)
core   0: 3 0x000000008000ff6c (0xfe043783) x15 0x00000000800120ab mem 0x0000000080031f50
core   0: 0x000000008000ff70 (0x00178713) addi    a4, a5, 1
core   0: 3 0x000000008000ff70 (0x00178713) x14 0x00000000800120ac
core   0: 0x000000008000ff74 (0xfee43023) sd      a4, -32(s0)
core   0: 3 0x000000008000ff74 (0xfee43023) mem 0x0000000080031f50 0x00000000800120ac
core   0: 0x000000008000ff78 (0xfc442703) lw      a4, -60(s0)
core   0: 3 0x000000008000ff78 (0xfc442703) x14 0x0000000000000000 mem 0x0000000080031f34
core   0: 0x000000008000ff7c (0x0ff77713) andi    a4, a4, 255
core   0: 3 0x000000008000ff7c (0x0ff77713) x14 0x0000000000000000
core   0: 0x000000008000ff80 (0x00e78023) sb      a4, 0(a5)
core   0: 3 0x000000008000ff80 (0x00e78023) mem 0x00000000800120ab 0x00
core   0: 0x000000008000ff84 (0xfc843703) ld      a4, -56(s0)
core   0: 3 0x000000008000ff84 (0xfc843703) x14 0x0000000080012040 mem 0x0000000080031f38
core   0: 0x000000008000ff88 (0xfb843783) ld      a5, -72(s0)
core   0: 3 0x000000008000ff88 (0xfb843783) x15 0x000000000000009c mem 0x0000000080031f28
core   0: 0x000000008000ff8c (0x000097ba) c.add   a5, a4
core   0: 3 0x000000008000ff8c (0x97ba) x15 0x00000000800120dc
core   0: 0x000000008000ff8e (0xfe043703) ld      a4, -32(s0)
core   0: 3 0x000000008000ff8e (0xfe043703) x14 0x00000000800120ac mem 0x0000000080031f50
core   0: 0x000000008000ff92 (0xfcf76de3) bltu    a4, a5, pc - 38
core   0: 3 0x000000008000ff92 (0xfcf76de3)
core   0: 0x000000008000ff6c (0xfe043783) ld      a5, -32(s0)
core   0: 3 0x000000008000ff6c (0xfe043783) x15 0x00000000800120ac mem 0x0000000080031f50
core   0: 0x000000008000ff70 (0x00178713) addi    a4, a5, 1
core   0: 3 0x000000008000ff70 (0x00178713) x14 0x00000000800120ad
core   0: 0x000000008000ff74 (0xfee43023) sd      a4, -32(s0)
core   0: 3 0x000000008000ff74 (0xfee43023) mem 0x0000000080031f50 0x00000000800120ad
core   0: 0x000000008000ff78 (0xfc442703) lw      a4, -60(s0)
core   0: 3 0x000000008000ff78 (0xfc442703) x14 0x0000000000000000 mem 0x0000000080031f34
core   0: 0x000000008000ff7c (0x0ff77713) andi    a4, a4, 255
core   0: 3 0x000000008000ff7c (0x0ff77713) x14 0x0000000000000000
core   0: 0x000000008000ff80 (0x00e78023) sb      a4, 0(a5)
core   0: 3 0x000000008000ff80 (0x00e78023) mem 0x00000000800120ac 0x00
core   0: 0x000000008000ff84 (0xfc843703) ld      a4, -56(s0)
core   0: 3 0x000000008000ff84 (0xfc843703) x14 0x0000000080012040 mem 0x0000000080031f38
core   0: 0x000000008000ff88 (0xfb843783) ld      a5, -72(s0)
core   0: 3 0x000000008000ff88 (0xfb843783) x15 0x000000000000009c mem 0x0000000080031f28
core   0: 0x000000008000ff8c (0x000097ba) c.add   a5, a4
core   0: 3 0x000000008000ff8c (0x97ba) x15 0x00000000800120dc
core   0: 0x000000008000ff8e (0xfe043703) ld      a4, -32(s0)
core   0: 3 0x000000008000ff8e (0xfe043703) x14 0x00000000800120ad mem 0x0000000080031f50
core   0: 0x000000008000ff92 (0xfcf76de3) bltu    a4, a5, pc - 38
core   0: 3 0x000000008000ff92 (0xfcf76de3)
core   0: 0x000000008000ff6c (0xfe043783) ld      a5, -32(s0)
core   0: 3 0x000000008000ff6c (0xfe043783) x15 0x00000000800120ad mem 0x0000000080031f50
core   0: 0x000000008000ff70 (0x00178713) addi    a4, a5, 1
core   0: 3 0x000000008000ff70 (0x00178713) x14 0x00000000800120ae
core   0: 0x000000008000ff74 (0xfee43023) sd      a4, -32(s0)
core   0: 3 0x000000008000ff74 (0xfee43023) mem 0x0000000080031f50 0x00000000800120ae
core   0: 0x000000008000ff78 (0xfc442703) lw      a4, -60(s0)
core   0: 3 0x000000008000ff78 (0xfc442703) x14 0x0000000000000000 mem 0x0000000080031f34
core   0: 0x000000008000ff7c (0x0ff77713) andi    a4, a4, 255
core   0: 3 0x000000008000ff7c (0x0ff77713) x14 0x0000000000000000
core   0: 0x000000008000ff80 (0x00e78023) sb      a4, 0(a5)
core   0: 3 0x000000008000ff80 (0x00e78023) mem 0x00000000800120ad 0x00
core   0: 0x000000008000ff84 (0xfc843703) ld      a4, -56(s0)
core   0: 3 0x000000008000ff84 (0xfc843703) x14 0x0000000080012040 mem 0x0000000080031f38
core   0: 0x000000008000ff88 (0xfb843783) ld      a5, -72(s0)
core   0: 3 0x000000008000ff88 (0xfb843783) x15 0x000000000000009c mem 0x0000000080031f28
core   0: 0x000000008000ff8c (0x000097ba) c.add   a5, a4
core   0: 3 0x000000008000ff8c (0x97ba) x15 0x00000000800120dc
core   0: 0x000000008000ff8e (0xfe043703) ld      a4, -32(s0)
core   0: 3 0x000000008000ff8e (0xfe043703) x14 0x00000000800120ae mem 0x0000000080031f50
core   0: 0x000000008000ff92 (0xfcf76de3) bltu    a4, a5, pc - 38
core   0: 3 0x000000008000ff92 (0xfcf76de3)
core   0: 0x000000008000ff6c (0xfe043783) ld      a5, -32(s0)
core   0: 3 0x000000008000ff6c (0xfe043783) x15 0x00000000800120ae mem 0x0000000080031f50
core   0: 0x000000008000ff70 (0x00178713) addi    a4, a5, 1
core   0: 3 0x000000008000ff70 (0x00178713) x14 0x00000000800120af
core   0: 0x000000008000ff74 (0xfee43023) sd      a4, -32(s0)
core   0: 3 0x000000008000ff74 (0xfee43023) mem 0x0000000080031f50 0x00000000800120af
core   0: 0x000000008000ff78 (0xfc442703) lw      a4, -60(s0)
core   0: 3 0x000000008000ff78 (0xfc442703) x14 0x0000000000000000 mem 0x0000000080031f34
core   0: 0x000000008000ff7c (0x0ff77713) andi    a4, a4, 255
core   0: 3 0x000000008000ff7c (0x0ff77713) x14 0x0000000000000000
core   0: 0x000000008000ff80 (0x00e78023) sb      a4, 0(a5)
core   0: 3 0x000000008000ff80 (0x00e78023) mem 0x00000000800120ae 0x00
core   0: 0x000000008000ff84 (0xfc843703) ld      a4, -56(s0)
core   0: 3 0x000000008000ff84 (0xfc843703) x14 0x0000000080012040 mem 0x0000000080031f38
core   0: 0x000000008000ff88 (0xfb843783) ld      a5, -72(s0)
core   0: 3 0x000000008000ff88 (0xfb843783) x15 0x000000000000009c mem 0x0000000080031f28
core   0: 0x000000008000ff8c (0x000097ba) c.add   a5, a4
core   0: 3 0x000000008000ff8c (0x97ba) x15 0x00000000800120dc
core   0: 0x000000008000ff8e (0xfe043703) ld      a4, -32(s0)
core   0: 3 0x000000008000ff8e (0xfe043703) x14 0x00000000800120af mem 0x0000000080031f50
core   0: 0x000000008000ff92 (0xfcf76de3) bltu    a4, a5, pc - 38
core   0: 3 0x000000008000ff92 (0xfcf76de3)
core   0: 0x000000008000ff6c (0xfe043783) ld      a5, -32(s0)
core   0: 3 0x000000008000ff6c (0xfe043783) x15 0x00000000800120af mem 0x0000000080031f50
core   0: 0x000000008000ff70 (0x00178713) addi    a4, a5, 1
core   0: 3 0x000000008000ff70 (0x00178713) x14 0x00000000800120b0
core   0: 0x000000008000ff74 (0xfee43023) sd      a4, -32(s0)
core   0: 3 0x000000008000ff74 (0xfee43023) mem 0x0000000080031f50 0x00000000800120b0
core   0: 0x000000008000ff78 (0xfc442703) lw      a4, -60(s0)
core   0: 3 0x000000008000ff78 (0xfc442703) x14 0x0000000000000000 mem 0x0000000080031f34
core   0: 0x000000008000ff7c (0x0ff77713) andi    a4, a4, 255
core   0: 3 0x000000008000ff7c (0x0ff77713) x14 0x0000000000000000
core   0: 0x000000008000ff80 (0x00e78023) sb      a4, 0(a5)
core   0: 3 0x000000008000ff80 (0x00e78023) mem 0x00000000800120af 0x00
core   0: 0x000000008000ff84 (0xfc843703) ld      a4, -56(s0)
core   0: 3 0x000000008000ff84 (0xfc843703) x14 0x0000000080012040 mem 0x0000000080031f38
core   0: 0x000000008000ff88 (0xfb843783) ld      a5, -72(s0)
core   0: 3 0x000000008000ff88 (0xfb843783) x15 0x000000000000009c mem 0x0000000080031f28
core   0: 0x000000008000ff8c (0x000097ba) c.add   a5, a4
core   0: 3 0x000000008000ff8c (0x97ba) x15 0x00000000800120dc
core   0: 0x000000008000ff8e (0xfe043703) ld      a4, -32(s0)
core   0: 3 0x000000008000ff8e (0xfe043703) x14 0x00000000800120b0 mem 0x0000000080031f50
core   0: 0x000000008000ff92 (0xfcf76de3) bltu    a4, a5, pc - 38
core   0: 3 0x000000008000ff92 (0xfcf76de3)
core   0: 0x000000008000ff6c (0xfe043783) ld      a5, -32(s0)
core   0: 3 0x000000008000ff6c (0xfe043783) x15 0x00000000800120b0 mem 0x0000000080031f50
core   0: 0x000000008000ff70 (0x00178713) addi    a4, a5, 1
core   0: 3 0x000000008000ff70 (0x00178713) x14 0x00000000800120b1
core   0: 0x000000008000ff74 (0xfee43023) sd      a4, -32(s0)
core   0: 3 0x000000008000ff74 (0xfee43023) mem 0x0000000080031f50 0x00000000800120b1
core   0: 0x000000008000ff78 (0xfc442703) lw      a4, -60(s0)
core   0: 3 0x000000008000ff78 (0xfc442703) x14 0x0000000000000000 mem 0x0000000080031f34
core   0: 0x000000008000ff7c (0x0ff77713) andi    a4, a4, 255
core   0: 3 0x000000008000ff7c (0x0ff77713) x14 0x0000000000000000
core   0: 0x000000008000ff80 (0x00e78023) sb      a4, 0(a5)
core   0: 3 0x000000008000ff80 (0x00e78023) mem 0x00000000800120b0 0x00
core   0: 0x000000008000ff84 (0xfc843703) ld      a4, -56(s0)
core   0: 3 0x000000008000ff84 (0xfc843703) x14 0x0000000080012040 mem 0x0000000080031f38
core   0: 0x000000008000ff88 (0xfb843783) ld      a5, -72(s0)
core   0: 3 0x000000008000ff88 (0xfb843783) x15 0x000000000000009c mem 0x0000000080031f28
core   0: 0x000000008000ff8c (0x000097ba) c.add   a5, a4
core   0: 3 0x000000008000ff8c (0x97ba) x15 0x00000000800120dc
core   0: 0x000000008000ff8e (0xfe043703) ld      a4, -32(s0)
core   0: 3 0x000000008000ff8e (0xfe043703) x14 0x00000000800120b1 mem 0x0000000080031f50
core   0: 0x000000008000ff92 (0xfcf76de3) bltu    a4, a5, pc - 38
core   0: 3 0x000000008000ff92 (0xfcf76de3)
core   0: 0x000000008000ff6c (0xfe043783) ld      a5, -32(s0)
core   0: 3 0x000000008000ff6c (0xfe043783) x15 0x00000000800120b1 mem 0x0000000080031f50
core   0: 0x000000008000ff70 (0x00178713) addi    a4, a5, 1
core   0: 3 0x000000008000ff70 (0x00178713) x14 0x00000000800120b2
core   0: 0x000000008000ff74 (0xfee43023) sd      a4, -32(s0)
core   0: 3 0x000000008000ff74 (0xfee43023) mem 0x0000000080031f50 0x00000000800120b2
core   0: 0x000000008000ff78 (0xfc442703) lw      a4, -60(s0)
core   0: 3 0x000000008000ff78 (0xfc442703) x14 0x0000000000000000 mem 0x0000000080031f34
core   0: 0x000000008000ff7c (0x0ff77713) andi    a4, a4, 255
core   0: 3 0x000000008000ff7c (0x0ff77713) x14 0x0000000000000000
core   0: 0x000000008000ff80 (0x00e78023) sb      a4, 0(a5)
core   0: 3 0x000000008000ff80 (0x00e78023) mem 0x00000000800120b1 0x00
core   0: 0x000000008000ff84 (0xfc843703) ld      a4, -56(s0)
core   0: 3 0x000000008000ff84 (0xfc843703) x14 0x0000000080012040 mem 0x0000000080031f38
core   0: 0x000000008000ff88 (0xfb843783) ld      a5, -72(s0)
core   0: 3 0x000000008000ff88 (0xfb843783) x15 0x000000000000009c mem 0x0000000080031f28
core   0: 0x000000008000ff8c (0x000097ba) c.add   a5, a4
core   0: 3 0x000000008000ff8c (0x97ba) x15 0x00000000800120dc
core   0: 0x000000008000ff8e (0xfe043703) ld      a4, -32(s0)
core   0: 3 0x000000008000ff8e (0xfe043703) x14 0x00000000800120b2 mem 0x0000000080031f50
core   0: 0x000000008000ff92 (0xfcf76de3) bltu    a4, a5, pc - 38
core   0: 3 0x000000008000ff92 (0xfcf76de3)
core   0: 0x000000008000ff6c (0xfe043783) ld      a5, -32(s0)
core   0: 3 0x000000008000ff6c (0xfe043783) x15 0x00000000800120b2 mem 0x0000000080031f50
core   0: 0x000000008000ff70 (0x00178713) addi    a4, a5, 1
core   0: 3 0x000000008000ff70 (0x00178713) x14 0x00000000800120b3
core   0: 0x000000008000ff74 (0xfee43023) sd      a4, -32(s0)
core   0: 3 0x000000008000ff74 (0xfee43023) mem 0x0000000080031f50 0x00000000800120b3
core   0: 0x000000008000ff78 (0xfc442703) lw      a4, -60(s0)
core   0: 3 0x000000008000ff78 (0xfc442703) x14 0x0000000000000000 mem 0x0000000080031f34
core   0: 0x000000008000ff7c (0x0ff77713) andi    a4, a4, 255
core   0: 3 0x000000008000ff7c (0x0ff77713) x14 0x0000000000000000
core   0: 0x000000008000ff80 (0x00e78023) sb      a4, 0(a5)
core   0: 3 0x000000008000ff80 (0x00e78023) mem 0x00000000800120b2 0x00
core   0: 0x000000008000ff84 (0xfc843703) ld      a4, -56(s0)
core   0: 3 0x000000008000ff84 (0xfc843703) x14 0x0000000080012040 mem 0x0000000080031f38
core   0: 0x000000008000ff88 (0xfb843783) ld      a5, -72(s0)
core   0: 3 0x000000008000ff88 (0xfb843783) x15 0x000000000000009c mem 0x0000000080031f28
core   0: 0x000000008000ff8c (0x000097ba) c.add   a5, a4
core   0: 3 0x000000008000ff8c (0x97ba) x15 0x00000000800120dc
core   0: 0x000000008000ff8e (0xfe043703) ld      a4, -32(s0)
core   0: 3 0x000000008000ff8e (0xfe043703) x14 0x00000000800120b3 mem 0x0000000080031f50
core   0: 0x000000008000ff92 (0xfcf76de3) bltu    a4, a5, pc - 38
core   0: 3 0x000000008000ff92 (0xfcf76de3)
core   0: 0x000000008000ff6c (0xfe043783) ld      a5, -32(s0)
core   0: 3 0x000000008000ff6c (0xfe043783) x15 0x00000000800120b3 mem 0x0000000080031f50
core   0: 0x000000008000ff70 (0x00178713) addi    a4, a5, 1
core   0: 3 0x000000008000ff70 (0x00178713) x14 0x00000000800120b4
core   0: 0x000000008000ff74 (0xfee43023) sd      a4, -32(s0)
core   0: 3 0x000000008000ff74 (0xfee43023) mem 0x0000000080031f50 0x00000000800120b4
core   0: 0x000000008000ff78 (0xfc442703) lw      a4, -60(s0)
core   0: 3 0x000000008000ff78 (0xfc442703) x14 0x0000000000000000 mem 0x0000000080031f34
core   0: 0x000000008000ff7c (0x0ff77713) andi    a4, a4, 255
core   0: 3 0x000000008000ff7c (0x0ff77713) x14 0x0000000000000000
core   0: 0x000000008000ff80 (0x00e78023) sb      a4, 0(a5)
core   0: 3 0x000000008000ff80 (0x00e78023) mem 0x00000000800120b3 0x00
core   0: 0x000000008000ff84 (0xfc843703) ld      a4, -56(s0)
core   0: 3 0x000000008000ff84 (0xfc843703) x14 0x0000000080012040 mem 0x0000000080031f38
core   0: 0x000000008000ff88 (0xfb843783) ld      a5, -72(s0)
core   0: 3 0x000000008000ff88 (0xfb843783) x15 0x000000000000009c mem 0x0000000080031f28
core   0: 0x000000008000ff8c (0x000097ba) c.add   a5, a4
core   0: 3 0x000000008000ff8c (0x97ba) x15 0x00000000800120dc
core   0: 0x000000008000ff8e (0xfe043703) ld      a4, -32(s0)
core   0: 3 0x000000008000ff8e (0xfe043703) x14 0x00000000800120b4 mem 0x0000000080031f50
core   0: 0x000000008000ff92 (0xfcf76de3) bltu    a4, a5, pc - 38
core   0: 3 0x000000008000ff92 (0xfcf76de3)
core   0: 0x000000008000ff6c (0xfe043783) ld      a5, -32(s0)
core   0: 3 0x000000008000ff6c (0xfe043783) x15 0x00000000800120b4 mem 0x0000000080031f50
core   0: 0x000000008000ff70 (0x00178713) addi    a4, a5, 1
core   0: 3 0x000000008000ff70 (0x00178713) x14 0x00000000800120b5
core   0: 0x000000008000ff74 (0xfee43023) sd      a4, -32(s0)
core   0: 3 0x000000008000ff74 (0xfee43023) mem 0x0000000080031f50 0x00000000800120b5
core   0: 0x000000008000ff78 (0xfc442703) lw      a4, -60(s0)
core   0: 3 0x000000008000ff78 (0xfc442703) x14 0x0000000000000000 mem 0x0000000080031f34
core   0: 0x000000008000ff7c (0x0ff77713) andi    a4, a4, 255
core   0: 3 0x000000008000ff7c (0x0ff77713) x14 0x0000000000000000
core   0: 0x000000008000ff80 (0x00e78023) sb      a4, 0(a5)
core   0: 3 0x000000008000ff80 (0x00e78023) mem 0x00000000800120b4 0x00
core   0: 0x000000008000ff84 (0xfc843703) ld      a4, -56(s0)
core   0: 3 0x000000008000ff84 (0xfc843703) x14 0x0000000080012040 mem 0x0000000080031f38
core   0: 0x000000008000ff88 (0xfb843783) ld      a5, -72(s0)
core   0: 3 0x000000008000ff88 (0xfb843783) x15 0x000000000000009c mem 0x0000000080031f28
core   0: 0x000000008000ff8c (0x000097ba) c.add   a5, a4
core   0: 3 0x000000008000ff8c (0x97ba) x15 0x00000000800120dc
core   0: 0x000000008000ff8e (0xfe043703) ld      a4, -32(s0)
core   0: 3 0x000000008000ff8e (0xfe043703) x14 0x00000000800120b5 mem 0x0000000080031f50
core   0: 0x000000008000ff92 (0xfcf76de3) bltu    a4, a5, pc - 38
core   0: 3 0x000000008000ff92 (0xfcf76de3)
core   0: 0x000000008000ff6c (0xfe043783) ld      a5, -32(s0)
core   0: 3 0x000000008000ff6c (0xfe043783) x15 0x00000000800120b5 mem 0x0000000080031f50
core   0: 0x000000008000ff70 (0x00178713) addi    a4, a5, 1
core   0: 3 0x000000008000ff70 (0x00178713) x14 0x00000000800120b6
core   0: 0x000000008000ff74 (0xfee43023) sd      a4, -32(s0)
core   0: 3 0x000000008000ff74 (0xfee43023) mem 0x0000000080031f50 0x00000000800120b6
core   0: 0x000000008000ff78 (0xfc442703) lw      a4, -60(s0)
core   0: 3 0x000000008000ff78 (0xfc442703) x14 0x0000000000000000 mem 0x0000000080031f34
core   0: 0x000000008000ff7c (0x0ff77713) andi    a4, a4, 255
core   0: 3 0x000000008000ff7c (0x0ff77713) x14 0x0000000000000000
core   0: 0x000000008000ff80 (0x00e78023) sb      a4, 0(a5)
core   0: 3 0x000000008000ff80 (0x00e78023) mem 0x00000000800120b5 0x00
core   0: 0x000000008000ff84 (0xfc843703) ld      a4, -56(s0)
core   0: 3 0x000000008000ff84 (0xfc843703) x14 0x0000000080012040 mem 0x0000000080031f38
core   0: 0x000000008000ff88 (0xfb843783) ld      a5, -72(s0)
core   0: 3 0x000000008000ff88 (0xfb843783) x15 0x000000000000009c mem 0x0000000080031f28
core   0: 0x000000008000ff8c (0x000097ba) c.add   a5, a4
core   0: 3 0x000000008000ff8c (0x97ba) x15 0x00000000800120dc
core   0: 0x000000008000ff8e (0xfe043703) ld      a4, -32(s0)
core   0: 3 0x000000008000ff8e (0xfe043703) x14 0x00000000800120b6 mem 0x0000000080031f50
core   0: 0x000000008000ff92 (0xfcf76de3) bltu    a4, a5, pc - 38
core   0: 3 0x000000008000ff92 (0xfcf76de3)
core   0: 0x000000008000ff6c (0xfe043783) ld      a5, -32(s0)
core   0: 3 0x000000008000ff6c (0xfe043783) x15 0x00000000800120b6 mem 0x0000000080031f50
core   0: 0x000000008000ff70 (0x00178713) addi    a4, a5, 1
core   0: 3 0x000000008000ff70 (0x00178713) x14 0x00000000800120b7
core   0: 0x000000008000ff74 (0xfee43023) sd      a4, -32(s0)
core   0: 3 0x000000008000ff74 (0xfee43023) mem 0x0000000080031f50 0x00000000800120b7
core   0: 0x000000008000ff78 (0xfc442703) lw      a4, -60(s0)
core   0: 3 0x000000008000ff78 (0xfc442703) x14 0x0000000000000000 mem 0x0000000080031f34
core   0: 0x000000008000ff7c (0x0ff77713) andi    a4, a4, 255
core   0: 3 0x000000008000ff7c (0x0ff77713) x14 0x0000000000000000
core   0: 0x000000008000ff80 (0x00e78023) sb      a4, 0(a5)
core   0: 3 0x000000008000ff80 (0x00e78023) mem 0x00000000800120b6 0x00
core   0: 0x000000008000ff84 (0xfc843703) ld      a4, -56(s0)
core   0: 3 0x000000008000ff84 (0xfc843703) x14 0x0000000080012040 mem 0x0000000080031f38
core   0: 0x000000008000ff88 (0xfb843783) ld      a5, -72(s0)
core   0: 3 0x000000008000ff88 (0xfb843783) x15 0x000000000000009c mem 0x0000000080031f28
core   0: 0x000000008000ff8c (0x000097ba) c.add   a5, a4
core   0: 3 0x000000008000ff8c (0x97ba) x15 0x00000000800120dc
core   0: 0x000000008000ff8e (0xfe043703) ld      a4, -32(s0)
core   0: 3 0x000000008000ff8e (0xfe043703) x14 0x00000000800120b7 mem 0x0000000080031f50
core   0: 0x000000008000ff92 (0xfcf76de3) bltu    a4, a5, pc - 38
core   0: 3 0x000000008000ff92 (0xfcf76de3)
core   0: 0x000000008000ff6c (0xfe043783) ld      a5, -32(s0)
core   0: 3 0x000000008000ff6c (0xfe043783) x15 0x00000000800120b7 mem 0x0000000080031f50
core   0: 0x000000008000ff70 (0x00178713) addi    a4, a5, 1
core   0: 3 0x000000008000ff70 (0x00178713) x14 0x00000000800120b8
core   0: 0x000000008000ff74 (0xfee43023) sd      a4, -32(s0)
core   0: 3 0x000000008000ff74 (0xfee43023) mem 0x0000000080031f50 0x00000000800120b8
core   0: 0x000000008000ff78 (0xfc442703) lw      a4, -60(s0)
core   0: 3 0x000000008000ff78 (0xfc442703) x14 0x0000000000000000 mem 0x0000000080031f34
core   0: 0x000000008000ff7c (0x0ff77713) andi    a4, a4, 255
core   0: 3 0x000000008000ff7c (0x0ff77713) x14 0x0000000000000000
core   0: 0x000000008000ff80 (0x00e78023) sb      a4, 0(a5)
core   0: 3 0x000000008000ff80 (0x00e78023) mem 0x00000000800120b7 0x00
core   0: 0x000000008000ff84 (0xfc843703) ld      a4, -56(s0)
core   0: 3 0x000000008000ff84 (0xfc843703) x14 0x0000000080012040 mem 0x0000000080031f38
core   0: 0x000000008000ff88 (0xfb843783) ld      a5, -72(s0)
core   0: 3 0x000000008000ff88 (0xfb843783) x15 0x000000000000009c mem 0x0000000080031f28
core   0: 0x000000008000ff8c (0x000097ba) c.add   a5, a4
core   0: 3 0x000000008000ff8c (0x97ba) x15 0x00000000800120dc
core   0: 0x000000008000ff8e (0xfe043703) ld      a4, -32(s0)
core   0: 3 0x000000008000ff8e (0xfe043703) x14 0x00000000800120b8 mem 0x0000000080031f50
core   0: 0x000000008000ff92 (0xfcf76de3) bltu    a4, a5, pc - 38
core   0: 3 0x000000008000ff92 (0xfcf76de3)
core   0: 0x000000008000ff6c (0xfe043783) ld      a5, -32(s0)
core   0: 3 0x000000008000ff6c (0xfe043783) x15 0x00000000800120b8 mem 0x0000000080031f50
core   0: 0x000000008000ff70 (0x00178713) addi    a4, a5, 1
core   0: 3 0x000000008000ff70 (0x00178713) x14 0x00000000800120b9
core   0: 0x000000008000ff74 (0xfee43023) sd      a4, -32(s0)
core   0: 3 0x000000008000ff74 (0xfee43023) mem 0x0000000080031f50 0x00000000800120b9
core   0: 0x000000008000ff78 (0xfc442703) lw      a4, -60(s0)
core   0: 3 0x000000008000ff78 (0xfc442703) x14 0x0000000000000000 mem 0x0000000080031f34
core   0: 0x000000008000ff7c (0x0ff77713) andi    a4, a4, 255
core   0: 3 0x000000008000ff7c (0x0ff77713) x14 0x0000000000000000
core   0: 0x000000008000ff80 (0x00e78023) sb      a4, 0(a5)
core   0: 3 0x000000008000ff80 (0x00e78023) mem 0x00000000800120b8 0x00
core   0: 0x000000008000ff84 (0xfc843703) ld      a4, -56(s0)
core   0: 3 0x000000008000ff84 (0xfc843703) x14 0x0000000080012040 mem 0x0000000080031f38
core   0: 0x000000008000ff88 (0xfb843783) ld      a5, -72(s0)
core   0: 3 0x000000008000ff88 (0xfb843783) x15 0x000000000000009c mem 0x0000000080031f28
core   0: 0x000000008000ff8c (0x000097ba) c.add   a5, a4
core   0: 3 0x000000008000ff8c (0x97ba) x15 0x00000000800120dc
core   0: 0x000000008000ff8e (0xfe043703) ld      a4, -32(s0)
core   0: 3 0x000000008000ff8e (0xfe043703) x14 0x00000000800120b9 mem 0x0000000080031f50
core   0: 0x000000008000ff92 (0xfcf76de3) bltu    a4, a5, pc - 38
core   0: 3 0x000000008000ff92 (0xfcf76de3)
core   0: 0x000000008000ff6c (0xfe043783) ld      a5, -32(s0)
core   0: 3 0x000000008000ff6c (0xfe043783) x15 0x00000000800120b9 mem 0x0000000080031f50
core   0: 0x000000008000ff70 (0x00178713) addi    a4, a5, 1
core   0: 3 0x000000008000ff70 (0x00178713) x14 0x00000000800120ba
core   0: 0x000000008000ff74 (0xfee43023) sd      a4, -32(s0)
core   0: 3 0x000000008000ff74 (0xfee43023) mem 0x0000000080031f50 0x00000000800120ba
core   0: 0x000000008000ff78 (0xfc442703) lw      a4, -60(s0)
core   0: 3 0x000000008000ff78 (0xfc442703) x14 0x0000000000000000 mem 0x0000000080031f34
core   0: 0x000000008000ff7c (0x0ff77713) andi    a4, a4, 255
core   0: 3 0x000000008000ff7c (0x0ff77713) x14 0x0000000000000000
core   0: 0x000000008000ff80 (0x00e78023) sb      a4, 0(a5)
core   0: 3 0x000000008000ff80 (0x00e78023) mem 0x00000000800120b9 0x00
core   0: 0x000000008000ff84 (0xfc843703) ld      a4, -56(s0)
core   0: 3 0x000000008000ff84 (0xfc843703) x14 0x0000000080012040 mem 0x0000000080031f38
core   0: 0x000000008000ff88 (0xfb843783) ld      a5, -72(s0)
core   0: 3 0x000000008000ff88 (0xfb843783) x15 0x000000000000009c mem 0x0000000080031f28
core   0: 0x000000008000ff8c (0x000097ba) c.add   a5, a4
core   0: 3 0x000000008000ff8c (0x97ba) x15 0x00000000800120dc
core   0: 0x000000008000ff8e (0xfe043703) ld      a4, -32(s0)
core   0: 3 0x000000008000ff8e (0xfe043703) x14 0x00000000800120ba mem 0x0000000080031f50
core   0: 0x000000008000ff92 (0xfcf76de3) bltu    a4, a5, pc - 38
core   0: 3 0x000000008000ff92 (0xfcf76de3)
core   0: 0x000000008000ff6c (0xfe043783) ld      a5, -32(s0)
core   0: 3 0x000000008000ff6c (0xfe043783) x15 0x00000000800120ba mem 0x0000000080031f50
core   0: 0x000000008000ff70 (0x00178713) addi    a4, a5, 1
core   0: 3 0x000000008000ff70 (0x00178713) x14 0x00000000800120bb
core   0: 0x000000008000ff74 (0xfee43023) sd      a4, -32(s0)
core   0: 3 0x000000008000ff74 (0xfee43023) mem 0x0000000080031f50 0x00000000800120bb
core   0: 0x000000008000ff78 (0xfc442703) lw      a4, -60(s0)
core   0: 3 0x000000008000ff78 (0xfc442703) x14 0x0000000000000000 mem 0x0000000080031f34
core   0: 0x000000008000ff7c (0x0ff77713) andi    a4, a4, 255
core   0: 3 0x000000008000ff7c (0x0ff77713) x14 0x0000000000000000
core   0: 0x000000008000ff80 (0x00e78023) sb      a4, 0(a5)
core   0: 3 0x000000008000ff80 (0x00e78023) mem 0x00000000800120ba 0x00
core   0: 0x000000008000ff84 (0xfc843703) ld      a4, -56(s0)
core   0: 3 0x000000008000ff84 (0xfc843703) x14 0x0000000080012040 mem 0x0000000080031f38
core   0: 0x000000008000ff88 (0xfb843783) ld      a5, -72(s0)
core   0: 3 0x000000008000ff88 (0xfb843783) x15 0x000000000000009c mem 0x0000000080031f28
core   0: 0x000000008000ff8c (0x000097ba) c.add   a5, a4
core   0: 3 0x000000008000ff8c (0x97ba) x15 0x00000000800120dc
core   0: 0x000000008000ff8e (0xfe043703) ld      a4, -32(s0)
core   0: 3 0x000000008000ff8e (0xfe043703) x14 0x00000000800120bb mem 0x0000000080031f50
core   0: 0x000000008000ff92 (0xfcf76de3) bltu    a4, a5, pc - 38
core   0: 3 0x000000008000ff92 (0xfcf76de3)
core   0: 0x000000008000ff6c (0xfe043783) ld      a5, -32(s0)
core   0: 3 0x000000008000ff6c (0xfe043783) x15 0x00000000800120bb mem 0x0000000080031f50
core   0: 0x000000008000ff70 (0x00178713) addi    a4, a5, 1
core   0: 3 0x000000008000ff70 (0x00178713) x14 0x00000000800120bc
core   0: 0x000000008000ff74 (0xfee43023) sd      a4, -32(s0)
core   0: 3 0x000000008000ff74 (0xfee43023) mem 0x0000000080031f50 0x00000000800120bc
core   0: 0x000000008000ff78 (0xfc442703) lw      a4, -60(s0)
core   0: 3 0x000000008000ff78 (0xfc442703) x14 0x0000000000000000 mem 0x0000000080031f34
core   0: 0x000000008000ff7c (0x0ff77713) andi    a4, a4, 255
core   0: 3 0x000000008000ff7c (0x0ff77713) x14 0x0000000000000000
core   0: 0x000000008000ff80 (0x00e78023) sb      a4, 0(a5)
core   0: 3 0x000000008000ff80 (0x00e78023) mem 0x00000000800120bb 0x00
core   0: 0x000000008000ff84 (0xfc843703) ld      a4, -56(s0)
core   0: 3 0x000000008000ff84 (0xfc843703) x14 0x0000000080012040 mem 0x0000000080031f38
core   0: 0x000000008000ff88 (0xfb843783) ld      a5, -72(s0)
core   0: 3 0x000000008000ff88 (0xfb843783) x15 0x000000000000009c mem 0x0000000080031f28
core   0: 0x000000008000ff8c (0x000097ba) c.add   a5, a4
core   0: 3 0x000000008000ff8c (0x97ba) x15 0x00000000800120dc
core   0: 0x000000008000ff8e (0xfe043703) ld      a4, -32(s0)
core   0: 3 0x000000008000ff8e (0xfe043703) x14 0x00000000800120bc mem 0x0000000080031f50
core   0: 0x000000008000ff92 (0xfcf76de3) bltu    a4, a5, pc - 38
core   0: 3 0x000000008000ff92 (0xfcf76de3)
core   0: 0x000000008000ff6c (0xfe043783) ld      a5, -32(s0)
core   0: 3 0x000000008000ff6c (0xfe043783) x15 0x00000000800120bc mem 0x0000000080031f50
core   0: 0x000000008000ff70 (0x00178713) addi    a4, a5, 1
core   0: 3 0x000000008000ff70 (0x00178713) x14 0x00000000800120bd
core   0: 0x000000008000ff74 (0xfee43023) sd      a4, -32(s0)
core   0: 3 0x000000008000ff74 (0xfee43023) mem 0x0000000080031f50 0x00000000800120bd
core   0: 0x000000008000ff78 (0xfc442703) lw      a4, -60(s0)
core   0: 3 0x000000008000ff78 (0xfc442703) x14 0x0000000000000000 mem 0x0000000080031f34
core   0: 0x000000008000ff7c (0x0ff77713) andi    a4, a4, 255
core   0: 3 0x000000008000ff7c (0x0ff77713) x14 0x0000000000000000
core   0: 0x000000008000ff80 (0x00e78023) sb      a4, 0(a5)
core   0: 3 0x000000008000ff80 (0x00e78023) mem 0x00000000800120bc 0x00
core   0: 0x000000008000ff84 (0xfc843703) ld      a4, -56(s0)
core   0: 3 0x000000008000ff84 (0xfc843703) x14 0x0000000080012040 mem 0x0000000080031f38
core   0: 0x000000008000ff88 (0xfb843783) ld      a5, -72(s0)
core   0: 3 0x000000008000ff88 (0xfb843783) x15 0x000000000000009c mem 0x0000000080031f28
core   0: 0x000000008000ff8c (0x000097ba) c.add   a5, a4
core   0: 3 0x000000008000ff8c (0x97ba) x15 0x00000000800120dc
core   0: 0x000000008000ff8e (0xfe043703) ld      a4, -32(s0)
core   0: 3 0x000000008000ff8e (0xfe043703) x14 0x00000000800120bd mem 0x0000000080031f50
core   0: 0x000000008000ff92 (0xfcf76de3) bltu    a4, a5, pc - 38
core   0: 3 0x000000008000ff92 (0xfcf76de3)
core   0: 0x000000008000ff6c (0xfe043783) ld      a5, -32(s0)
core   0: 3 0x000000008000ff6c (0xfe043783) x15 0x00000000800120bd mem 0x0000000080031f50
core   0: 0x000000008000ff70 (0x00178713) addi    a4, a5, 1
core   0: 3 0x000000008000ff70 (0x00178713) x14 0x00000000800120be
core   0: 0x000000008000ff74 (0xfee43023) sd      a4, -32(s0)
core   0: 3 0x000000008000ff74 (0xfee43023) mem 0x0000000080031f50 0x00000000800120be
core   0: 0x000000008000ff78 (0xfc442703) lw      a4, -60(s0)
core   0: 3 0x000000008000ff78 (0xfc442703) x14 0x0000000000000000 mem 0x0000000080031f34
core   0: 0x000000008000ff7c (0x0ff77713) andi    a4, a4, 255
core   0: 3 0x000000008000ff7c (0x0ff77713) x14 0x0000000000000000
core   0: 0x000000008000ff80 (0x00e78023) sb      a4, 0(a5)
core   0: 3 0x000000008000ff80 (0x00e78023) mem 0x00000000800120bd 0x00
core   0: 0x000000008000ff84 (0xfc843703) ld      a4, -56(s0)
core   0: 3 0x000000008000ff84 (0xfc843703) x14 0x0000000080012040 mem 0x0000000080031f38
core   0: 0x000000008000ff88 (0xfb843783) ld      a5, -72(s0)
core   0: 3 0x000000008000ff88 (0xfb843783) x15 0x000000000000009c mem 0x0000000080031f28
core   0: 0x000000008000ff8c (0x000097ba) c.add   a5, a4
core   0: 3 0x000000008000ff8c (0x97ba) x15 0x00000000800120dc
core   0: 0x000000008000ff8e (0xfe043703) ld      a4, -32(s0)
core   0: 3 0x000000008000ff8e (0xfe043703) x14 0x00000000800120be mem 0x0000000080031f50
core   0: 0x000000008000ff92 (0xfcf76de3) bltu    a4, a5, pc - 38
core   0: 3 0x000000008000ff92 (0xfcf76de3)
core   0: 0x000000008000ff6c (0xfe043783) ld      a5, -32(s0)
core   0: 3 0x000000008000ff6c (0xfe043783) x15 0x00000000800120be mem 0x0000000080031f50
core   0: 0x000000008000ff70 (0x00178713) addi    a4, a5, 1
core   0: 3 0x000000008000ff70 (0x00178713) x14 0x00000000800120bf
core   0: 0x000000008000ff74 (0xfee43023) sd      a4, -32(s0)
core   0: 3 0x000000008000ff74 (0xfee43023) mem 0x0000000080031f50 0x00000000800120bf
core   0: 0x000000008000ff78 (0xfc442703) lw      a4, -60(s0)
core   0: 3 0x000000008000ff78 (0xfc442703) x14 0x0000000000000000 mem 0x0000000080031f34
core   0: 0x000000008000ff7c (0x0ff77713) andi    a4, a4, 255
core   0: 3 0x000000008000ff7c (0x0ff77713) x14 0x0000000000000000
core   0: 0x000000008000ff80 (0x00e78023) sb      a4, 0(a5)
core   0: 3 0x000000008000ff80 (0x00e78023) mem 0x00000000800120be 0x00
core   0: 0x000000008000ff84 (0xfc843703) ld      a4, -56(s0)
core   0: 3 0x000000008000ff84 (0xfc843703) x14 0x0000000080012040 mem 0x0000000080031f38
core   0: 0x000000008000ff88 (0xfb843783) ld      a5, -72(s0)
core   0: 3 0x000000008000ff88 (0xfb843783) x15 0x000000000000009c mem 0x0000000080031f28
core   0: 0x000000008000ff8c (0x000097ba) c.add   a5, a4
core   0: 3 0x000000008000ff8c (0x97ba) x15 0x00000000800120dc
core   0: 0x000000008000ff8e (0xfe043703) ld      a4, -32(s0)
core   0: 3 0x000000008000ff8e (0xfe043703) x14 0x00000000800120bf mem 0x0000000080031f50
core   0: 0x000000008000ff92 (0xfcf76de3) bltu    a4, a5, pc - 38
core   0: 3 0x000000008000ff92 (0xfcf76de3)
core   0: 0x000000008000ff6c (0xfe043783) ld      a5, -32(s0)
core   0: 3 0x000000008000ff6c (0xfe043783) x15 0x00000000800120bf mem 0x0000000080031f50
core   0: 0x000000008000ff70 (0x00178713) addi    a4, a5, 1
core   0: 3 0x000000008000ff70 (0x00178713) x14 0x00000000800120c0
core   0: 0x000000008000ff74 (0xfee43023) sd      a4, -32(s0)
core   0: 3 0x000000008000ff74 (0xfee43023) mem 0x0000000080031f50 0x00000000800120c0
core   0: 0x000000008000ff78 (0xfc442703) lw      a4, -60(s0)
core   0: 3 0x000000008000ff78 (0xfc442703) x14 0x0000000000000000 mem 0x0000000080031f34
core   0: 0x000000008000ff7c (0x0ff77713) andi    a4, a4, 255
core   0: 3 0x000000008000ff7c (0x0ff77713) x14 0x0000000000000000
core   0: 0x000000008000ff80 (0x00e78023) sb      a4, 0(a5)
core   0: 3 0x000000008000ff80 (0x00e78023) mem 0x00000000800120bf 0x00
core   0: 0x000000008000ff84 (0xfc843703) ld      a4, -56(s0)
core   0: 3 0x000000008000ff84 (0xfc843703) x14 0x0000000080012040 mem 0x0000000080031f38
core   0: 0x000000008000ff88 (0xfb843783) ld      a5, -72(s0)
core   0: 3 0x000000008000ff88 (0xfb843783) x15 0x000000000000009c mem 0x0000000080031f28
core   0: 0x000000008000ff8c (0x000097ba) c.add   a5, a4
core   0: 3 0x000000008000ff8c (0x97ba) x15 0x00000000800120dc
core   0: 0x000000008000ff8e (0xfe043703) ld      a4, -32(s0)
core   0: 3 0x000000008000ff8e (0xfe043703) x14 0x00000000800120c0 mem 0x0000000080031f50
core   0: 0x000000008000ff92 (0xfcf76de3) bltu    a4, a5, pc - 38
core   0: 3 0x000000008000ff92 (0xfcf76de3)
core   0: 0x000000008000ff6c (0xfe043783) ld      a5, -32(s0)
core   0: 3 0x000000008000ff6c (0xfe043783) x15 0x00000000800120c0 mem 0x0000000080031f50
core   0: 0x000000008000ff70 (0x00178713) addi    a4, a5, 1
core   0: 3 0x000000008000ff70 (0x00178713) x14 0x00000000800120c1
core   0: 0x000000008000ff74 (0xfee43023) sd      a4, -32(s0)
core   0: 3 0x000000008000ff74 (0xfee43023) mem 0x0000000080031f50 0x00000000800120c1
core   0: 0x000000008000ff78 (0xfc442703) lw      a4, -60(s0)
core   0: 3 0x000000008000ff78 (0xfc442703) x14 0x0000000000000000 mem 0x0000000080031f34
core   0: 0x000000008000ff7c (0x0ff77713) andi    a4, a4, 255
core   0: 3 0x000000008000ff7c (0x0ff77713) x14 0x0000000000000000
core   0: 0x000000008000ff80 (0x00e78023) sb      a4, 0(a5)
core   0: 3 0x000000008000ff80 (0x00e78023) mem 0x00000000800120c0 0x00
core   0: 0x000000008000ff84 (0xfc843703) ld      a4, -56(s0)
core   0: 3 0x000000008000ff84 (0xfc843703) x14 0x0000000080012040 mem 0x0000000080031f38
core   0: 0x000000008000ff88 (0xfb843783) ld      a5, -72(s0)
core   0: 3 0x000000008000ff88 (0xfb843783) x15 0x000000000000009c mem 0x0000000080031f28
core   0: 0x000000008000ff8c (0x000097ba) c.add   a5, a4
core   0: 3 0x000000008000ff8c (0x97ba) x15 0x00000000800120dc
core   0: 0x000000008000ff8e (0xfe043703) ld      a4, -32(s0)
core   0: 3 0x000000008000ff8e (0xfe043703) x14 0x00000000800120c1 mem 0x0000000080031f50
core   0: 0x000000008000ff92 (0xfcf76de3) bltu    a4, a5, pc - 38
core   0: 3 0x000000008000ff92 (0xfcf76de3)
core   0: 0x000000008000ff6c (0xfe043783) ld      a5, -32(s0)
core   0: 3 0x000000008000ff6c (0xfe043783) x15 0x00000000800120c1 mem 0x0000000080031f50
core   0: 0x000000008000ff70 (0x00178713) addi    a4, a5, 1
core   0: 3 0x000000008000ff70 (0x00178713) x14 0x00000000800120c2
core   0: 0x000000008000ff74 (0xfee43023) sd      a4, -32(s0)
core   0: 3 0x000000008000ff74 (0xfee43023) mem 0x0000000080031f50 0x00000000800120c2
core   0: 0x000000008000ff78 (0xfc442703) lw      a4, -60(s0)
core   0: 3 0x000000008000ff78 (0xfc442703) x14 0x0000000000000000 mem 0x0000000080031f34
core   0: 0x000000008000ff7c (0x0ff77713) andi    a4, a4, 255
core   0: 3 0x000000008000ff7c (0x0ff77713) x14 0x0000000000000000
core   0: 0x000000008000ff80 (0x00e78023) sb      a4, 0(a5)
core   0: 3 0x000000008000ff80 (0x00e78023) mem 0x00000000800120c1 0x00
core   0: 0x000000008000ff84 (0xfc843703) ld      a4, -56(s0)
core   0: 3 0x000000008000ff84 (0xfc843703) x14 0x0000000080012040 mem 0x0000000080031f38
core   0: 0x000000008000ff88 (0xfb843783) ld      a5, -72(s0)
core   0: 3 0x000000008000ff88 (0xfb843783) x15 0x000000000000009c mem 0x0000000080031f28
core   0: 0x000000008000ff8c (0x000097ba) c.add   a5, a4
core   0: 3 0x000000008000ff8c (0x97ba) x15 0x00000000800120dc
core   0: 0x000000008000ff8e (0xfe043703) ld      a4, -32(s0)
core   0: 3 0x000000008000ff8e (0xfe043703) x14 0x00000000800120c2 mem 0x0000000080031f50
core   0: 0x000000008000ff92 (0xfcf76de3) bltu    a4, a5, pc - 38
core   0: 3 0x000000008000ff92 (0xfcf76de3)
core   0: 0x000000008000ff6c (0xfe043783) ld      a5, -32(s0)
core   0: 3 0x000000008000ff6c (0xfe043783) x15 0x00000000800120c2 mem 0x0000000080031f50
core   0: 0x000000008000ff70 (0x00178713) addi    a4, a5, 1
core   0: 3 0x000000008000ff70 (0x00178713) x14 0x00000000800120c3
core   0: 0x000000008000ff74 (0xfee43023) sd      a4, -32(s0)
core   0: 3 0x000000008000ff74 (0xfee43023) mem 0x0000000080031f50 0x00000000800120c3
core   0: 0x000000008000ff78 (0xfc442703) lw      a4, -60(s0)
core   0: 3 0x000000008000ff78 (0xfc442703) x14 0x0000000000000000 mem 0x0000000080031f34
core   0: 0x000000008000ff7c (0x0ff77713) andi    a4, a4, 255
core   0: 3 0x000000008000ff7c (0x0ff77713) x14 0x0000000000000000
core   0: 0x000000008000ff80 (0x00e78023) sb      a4, 0(a5)
core   0: 3 0x000000008000ff80 (0x00e78023) mem 0x00000000800120c2 0x00
core   0: 0x000000008000ff84 (0xfc843703) ld      a4, -56(s0)
core   0: 3 0x000000008000ff84 (0xfc843703) x14 0x0000000080012040 mem 0x0000000080031f38
core   0: 0x000000008000ff88 (0xfb843783) ld      a5, -72(s0)
core   0: 3 0x000000008000ff88 (0xfb843783) x15 0x000000000000009c mem 0x0000000080031f28
core   0: 0x000000008000ff8c (0x000097ba) c.add   a5, a4
core   0: 3 0x000000008000ff8c (0x97ba) x15 0x00000000800120dc
core   0: 0x000000008000ff8e (0xfe043703) ld      a4, -32(s0)
core   0: 3 0x000000008000ff8e (0xfe043703) x14 0x00000000800120c3 mem 0x0000000080031f50
core   0: 0x000000008000ff92 (0xfcf76de3) bltu    a4, a5, pc - 38
core   0: 3 0x000000008000ff92 (0xfcf76de3)
core   0: 0x000000008000ff6c (0xfe043783) ld      a5, -32(s0)
core   0: 3 0x000000008000ff6c (0xfe043783) x15 0x00000000800120c3 mem 0x0000000080031f50
core   0: 0x000000008000ff70 (0x00178713) addi    a4, a5, 1
core   0: 3 0x000000008000ff70 (0x00178713) x14 0x00000000800120c4
core   0: 0x000000008000ff74 (0xfee43023) sd      a4, -32(s0)
core   0: 3 0x000000008000ff74 (0xfee43023) mem 0x0000000080031f50 0x00000000800120c4
core   0: 0x000000008000ff78 (0xfc442703) lw      a4, -60(s0)
core   0: 3 0x000000008000ff78 (0xfc442703) x14 0x0000000000000000 mem 0x0000000080031f34
core   0: 0x000000008000ff7c (0x0ff77713) andi    a4, a4, 255
core   0: 3 0x000000008000ff7c (0x0ff77713) x14 0x0000000000000000
core   0: 0x000000008000ff80 (0x00e78023) sb      a4, 0(a5)
core   0: 3 0x000000008000ff80 (0x00e78023) mem 0x00000000800120c3 0x00
core   0: 0x000000008000ff84 (0xfc843703) ld      a4, -56(s0)
core   0: 3 0x000000008000ff84 (0xfc843703) x14 0x0000000080012040 mem 0x0000000080031f38
core   0: 0x000000008000ff88 (0xfb843783) ld      a5, -72(s0)
core   0: 3 0x000000008000ff88 (0xfb843783) x15 0x000000000000009c mem 0x0000000080031f28
core   0: 0x000000008000ff8c (0x000097ba) c.add   a5, a4
core   0: 3 0x000000008000ff8c (0x97ba) x15 0x00000000800120dc
core   0: 0x000000008000ff8e (0xfe043703) ld      a4, -32(s0)
core   0: 3 0x000000008000ff8e (0xfe043703) x14 0x00000000800120c4 mem 0x0000000080031f50
core   0: 0x000000008000ff92 (0xfcf76de3) bltu    a4, a5, pc - 38
core   0: 3 0x000000008000ff92 (0xfcf76de3)
core   0: 0x000000008000ff6c (0xfe043783) ld      a5, -32(s0)
core   0: 3 0x000000008000ff6c (0xfe043783) x15 0x00000000800120c4 mem 0x0000000080031f50
core   0: 0x000000008000ff70 (0x00178713) addi    a4, a5, 1
core   0: 3 0x000000008000ff70 (0x00178713) x14 0x00000000800120c5
core   0: 0x000000008000ff74 (0xfee43023) sd      a4, -32(s0)
core   0: 3 0x000000008000ff74 (0xfee43023) mem 0x0000000080031f50 0x00000000800120c5
core   0: 0x000000008000ff78 (0xfc442703) lw      a4, -60(s0)
core   0: 3 0x000000008000ff78 (0xfc442703) x14 0x0000000000000000 mem 0x0000000080031f34
core   0: 0x000000008000ff7c (0x0ff77713) andi    a4, a4, 255
core   0: 3 0x000000008000ff7c (0x0ff77713) x14 0x0000000000000000
core   0: 0x000000008000ff80 (0x00e78023) sb      a4, 0(a5)
core   0: 3 0x000000008000ff80 (0x00e78023) mem 0x00000000800120c4 0x00
core   0: 0x000000008000ff84 (0xfc843703) ld      a4, -56(s0)
core   0: 3 0x000000008000ff84 (0xfc843703) x14 0x0000000080012040 mem 0x0000000080031f38
core   0: 0x000000008000ff88 (0xfb843783) ld      a5, -72(s0)
core   0: 3 0x000000008000ff88 (0xfb843783) x15 0x000000000000009c mem 0x0000000080031f28
core   0: 0x000000008000ff8c (0x000097ba) c.add   a5, a4
core   0: 3 0x000000008000ff8c (0x97ba) x15 0x00000000800120dc
core   0: 0x000000008000ff8e (0xfe043703) ld      a4, -32(s0)
core   0: 3 0x000000008000ff8e (0xfe043703) x14 0x00000000800120c5 mem 0x0000000080031f50
core   0: 0x000000008000ff92 (0xfcf76de3) bltu    a4, a5, pc - 38
core   0: 3 0x000000008000ff92 (0xfcf76de3)
core   0: 0x000000008000ff6c (0xfe043783) ld      a5, -32(s0)
core   0: 3 0x000000008000ff6c (0xfe043783) x15 0x00000000800120c5 mem 0x0000000080031f50
core   0: 0x000000008000ff70 (0x00178713) addi    a4, a5, 1
core   0: 3 0x000000008000ff70 (0x00178713) x14 0x00000000800120c6
core   0: 0x000000008000ff74 (0xfee43023) sd      a4, -32(s0)
core   0: 3 0x000000008000ff74 (0xfee43023) mem 0x0000000080031f50 0x00000000800120c6
core   0: 0x000000008000ff78 (0xfc442703) lw      a4, -60(s0)
core   0: 3 0x000000008000ff78 (0xfc442703) x14 0x0000000000000000 mem 0x0000000080031f34
core   0: 0x000000008000ff7c (0x0ff77713) andi    a4, a4, 255
core   0: 3 0x000000008000ff7c (0x0ff77713) x14 0x0000000000000000
core   0: 0x000000008000ff80 (0x00e78023) sb      a4, 0(a5)
core   0: 3 0x000000008000ff80 (0x00e78023) mem 0x00000000800120c5 0x00
core   0: 0x000000008000ff84 (0xfc843703) ld      a4, -56(s0)
core   0: 3 0x000000008000ff84 (0xfc843703) x14 0x0000000080012040 mem 0x0000000080031f38
core   0: 0x000000008000ff88 (0xfb843783) ld      a5, -72(s0)
core   0: 3 0x000000008000ff88 (0xfb843783) x15 0x000000000000009c mem 0x0000000080031f28
core   0: 0x000000008000ff8c (0x000097ba) c.add   a5, a4
core   0: 3 0x000000008000ff8c (0x97ba) x15 0x00000000800120dc
core   0: 0x000000008000ff8e (0xfe043703) ld      a4, -32(s0)
core   0: 3 0x000000008000ff8e (0xfe043703) x14 0x00000000800120c6 mem 0x0000000080031f50
core   0: 0x000000008000ff92 (0xfcf76de3) bltu    a4, a5, pc - 38
core   0: 3 0x000000008000ff92 (0xfcf76de3)
core   0: 0x000000008000ff6c (0xfe043783) ld      a5, -32(s0)
core   0: 3 0x000000008000ff6c (0xfe043783) x15 0x00000000800120c6 mem 0x0000000080031f50
core   0: 0x000000008000ff70 (0x00178713) addi    a4, a5, 1
core   0: 3 0x000000008000ff70 (0x00178713) x14 0x00000000800120c7
core   0: 0x000000008000ff74 (0xfee43023) sd      a4, -32(s0)
core   0: 3 0x000000008000ff74 (0xfee43023) mem 0x0000000080031f50 0x00000000800120c7
core   0: 0x000000008000ff78 (0xfc442703) lw      a4, -60(s0)
core   0: 3 0x000000008000ff78 (0xfc442703) x14 0x0000000000000000 mem 0x0000000080031f34
core   0: 0x000000008000ff7c (0x0ff77713) andi    a4, a4, 255
core   0: 3 0x000000008000ff7c (0x0ff77713) x14 0x0000000000000000
core   0: 0x000000008000ff80 (0x00e78023) sb      a4, 0(a5)
core   0: 3 0x000000008000ff80 (0x00e78023) mem 0x00000000800120c6 0x00
core   0: 0x000000008000ff84 (0xfc843703) ld      a4, -56(s0)
core   0: 3 0x000000008000ff84 (0xfc843703) x14 0x0000000080012040 mem 0x0000000080031f38
core   0: 0x000000008000ff88 (0xfb843783) ld      a5, -72(s0)
core   0: 3 0x000000008000ff88 (0xfb843783) x15 0x000000000000009c mem 0x0000000080031f28
core   0: 0x000000008000ff8c (0x000097ba) c.add   a5, a4
core   0: 3 0x000000008000ff8c (0x97ba) x15 0x00000000800120dc
core   0: 0x000000008000ff8e (0xfe043703) ld      a4, -32(s0)
core   0: 3 0x000000008000ff8e (0xfe043703) x14 0x00000000800120c7 mem 0x0000000080031f50
core   0: 0x000000008000ff92 (0xfcf76de3) bltu    a4, a5, pc - 38
core   0: 3 0x000000008000ff92 (0xfcf76de3)
core   0: 0x000000008000ff6c (0xfe043783) ld      a5, -32(s0)
core   0: 3 0x000000008000ff6c (0xfe043783) x15 0x00000000800120c7 mem 0x0000000080031f50
core   0: 0x000000008000ff70 (0x00178713) addi    a4, a5, 1
core   0: 3 0x000000008000ff70 (0x00178713) x14 0x00000000800120c8
core   0: 0x000000008000ff74 (0xfee43023) sd      a4, -32(s0)
core   0: 3 0x000000008000ff74 (0xfee43023) mem 0x0000000080031f50 0x00000000800120c8
core   0: 0x000000008000ff78 (0xfc442703) lw      a4, -60(s0)
core   0: 3 0x000000008000ff78 (0xfc442703) x14 0x0000000000000000 mem 0x0000000080031f34
core   0: 0x000000008000ff7c (0x0ff77713) andi    a4, a4, 255
core   0: 3 0x000000008000ff7c (0x0ff77713) x14 0x0000000000000000
core   0: 0x000000008000ff80 (0x00e78023) sb      a4, 0(a5)
core   0: 3 0x000000008000ff80 (0x00e78023) mem 0x00000000800120c7 0x00
core   0: 0x000000008000ff84 (0xfc843703) ld      a4, -56(s0)
core   0: 3 0x000000008000ff84 (0xfc843703) x14 0x0000000080012040 mem 0x0000000080031f38
core   0: 0x000000008000ff88 (0xfb843783) ld      a5, -72(s0)
core   0: 3 0x000000008000ff88 (0xfb843783) x15 0x000000000000009c mem 0x0000000080031f28
core   0: 0x000000008000ff8c (0x000097ba) c.add   a5, a4
core   0: 3 0x000000008000ff8c (0x97ba) x15 0x00000000800120dc
core   0: 0x000000008000ff8e (0xfe043703) ld      a4, -32(s0)
core   0: 3 0x000000008000ff8e (0xfe043703) x14 0x00000000800120c8 mem 0x0000000080031f50
core   0: 0x000000008000ff92 (0xfcf76de3) bltu    a4, a5, pc - 38
core   0: 3 0x000000008000ff92 (0xfcf76de3)
core   0: 0x000000008000ff6c (0xfe043783) ld      a5, -32(s0)
core   0: 3 0x000000008000ff6c (0xfe043783) x15 0x00000000800120c8 mem 0x0000000080031f50
core   0: 0x000000008000ff70 (0x00178713) addi    a4, a5, 1
core   0: 3 0x000000008000ff70 (0x00178713) x14 0x00000000800120c9
core   0: 0x000000008000ff74 (0xfee43023) sd      a4, -32(s0)
core   0: 3 0x000000008000ff74 (0xfee43023) mem 0x0000000080031f50 0x00000000800120c9
core   0: 0x000000008000ff78 (0xfc442703) lw      a4, -60(s0)
core   0: 3 0x000000008000ff78 (0xfc442703) x14 0x0000000000000000 mem 0x0000000080031f34
core   0: 0x000000008000ff7c (0x0ff77713) andi    a4, a4, 255
core   0: 3 0x000000008000ff7c (0x0ff77713) x14 0x0000000000000000
core   0: 0x000000008000ff80 (0x00e78023) sb      a4, 0(a5)
core   0: 3 0x000000008000ff80 (0x00e78023) mem 0x00000000800120c8 0x00
core   0: 0x000000008000ff84 (0xfc843703) ld      a4, -56(s0)
core   0: 3 0x000000008000ff84 (0xfc843703) x14 0x0000000080012040 mem 0x0000000080031f38
core   0: 0x000000008000ff88 (0xfb843783) ld      a5, -72(s0)
core   0: 3 0x000000008000ff88 (0xfb843783) x15 0x000000000000009c mem 0x0000000080031f28
core   0: 0x000000008000ff8c (0x000097ba) c.add   a5, a4
core   0: 3 0x000000008000ff8c (0x97ba) x15 0x00000000800120dc
core   0: 0x000000008000ff8e (0xfe043703) ld      a4, -32(s0)
core   0: 3 0x000000008000ff8e (0xfe043703) x14 0x00000000800120c9 mem 0x0000000080031f50
core   0: 0x000000008000ff92 (0xfcf76de3) bltu    a4, a5, pc - 38
core   0: 3 0x000000008000ff92 (0xfcf76de3)
core   0: 0x000000008000ff6c (0xfe043783) ld      a5, -32(s0)
core   0: 3 0x000000008000ff6c (0xfe043783) x15 0x00000000800120c9 mem 0x0000000080031f50
core   0: 0x000000008000ff70 (0x00178713) addi    a4, a5, 1
core   0: 3 0x000000008000ff70 (0x00178713) x14 0x00000000800120ca
core   0: 0x000000008000ff74 (0xfee43023) sd      a4, -32(s0)
core   0: 3 0x000000008000ff74 (0xfee43023) mem 0x0000000080031f50 0x00000000800120ca
core   0: 0x000000008000ff78 (0xfc442703) lw      a4, -60(s0)
core   0: 3 0x000000008000ff78 (0xfc442703) x14 0x0000000000000000 mem 0x0000000080031f34
core   0: 0x000000008000ff7c (0x0ff77713) andi    a4, a4, 255
core   0: 3 0x000000008000ff7c (0x0ff77713) x14 0x0000000000000000
core   0: 0x000000008000ff80 (0x00e78023) sb      a4, 0(a5)
core   0: 3 0x000000008000ff80 (0x00e78023) mem 0x00000000800120c9 0x00
core   0: 0x000000008000ff84 (0xfc843703) ld      a4, -56(s0)
core   0: 3 0x000000008000ff84 (0xfc843703) x14 0x0000000080012040 mem 0x0000000080031f38
core   0: 0x000000008000ff88 (0xfb843783) ld      a5, -72(s0)
core   0: 3 0x000000008000ff88 (0xfb843783) x15 0x000000000000009c mem 0x0000000080031f28
core   0: 0x000000008000ff8c (0x000097ba) c.add   a5, a4
core   0: 3 0x000000008000ff8c (0x97ba) x15 0x00000000800120dc
core   0: 0x000000008000ff8e (0xfe043703) ld      a4, -32(s0)
core   0: 3 0x000000008000ff8e (0xfe043703) x14 0x00000000800120ca mem 0x0000000080031f50
core   0: 0x000000008000ff92 (0xfcf76de3) bltu    a4, a5, pc - 38
core   0: 3 0x000000008000ff92 (0xfcf76de3)
core   0: 0x000000008000ff6c (0xfe043783) ld      a5, -32(s0)
core   0: 3 0x000000008000ff6c (0xfe043783) x15 0x00000000800120ca mem 0x0000000080031f50
core   0: 0x000000008000ff70 (0x00178713) addi    a4, a5, 1
core   0: 3 0x000000008000ff70 (0x00178713) x14 0x00000000800120cb
core   0: 0x000000008000ff74 (0xfee43023) sd      a4, -32(s0)
core   0: 3 0x000000008000ff74 (0xfee43023) mem 0x0000000080031f50 0x00000000800120cb
core   0: 0x000000008000ff78 (0xfc442703) lw      a4, -60(s0)
core   0: 3 0x000000008000ff78 (0xfc442703) x14 0x0000000000000000 mem 0x0000000080031f34
core   0: 0x000000008000ff7c (0x0ff77713) andi    a4, a4, 255
core   0: 3 0x000000008000ff7c (0x0ff77713) x14 0x0000000000000000
core   0: 0x000000008000ff80 (0x00e78023) sb      a4, 0(a5)
core   0: 3 0x000000008000ff80 (0x00e78023) mem 0x00000000800120ca 0x00
core   0: 0x000000008000ff84 (0xfc843703) ld      a4, -56(s0)
core   0: 3 0x000000008000ff84 (0xfc843703) x14 0x0000000080012040 mem 0x0000000080031f38
core   0: 0x000000008000ff88 (0xfb843783) ld      a5, -72(s0)
core   0: 3 0x000000008000ff88 (0xfb843783) x15 0x000000000000009c mem 0x0000000080031f28
core   0: 0x000000008000ff8c (0x000097ba) c.add   a5, a4
core   0: 3 0x000000008000ff8c (0x97ba) x15 0x00000000800120dc
core   0: 0x000000008000ff8e (0xfe043703) ld      a4, -32(s0)
core   0: 3 0x000000008000ff8e (0xfe043703) x14 0x00000000800120cb mem 0x0000000080031f50
core   0: 0x000000008000ff92 (0xfcf76de3) bltu    a4, a5, pc - 38
core   0: 3 0x000000008000ff92 (0xfcf76de3)
core   0: 0x000000008000ff6c (0xfe043783) ld      a5, -32(s0)
core   0: 3 0x000000008000ff6c (0xfe043783) x15 0x00000000800120cb mem 0x0000000080031f50
core   0: 0x000000008000ff70 (0x00178713) addi    a4, a5, 1
core   0: 3 0x000000008000ff70 (0x00178713) x14 0x00000000800120cc
core   0: 0x000000008000ff74 (0xfee43023) sd      a4, -32(s0)
core   0: 3 0x000000008000ff74 (0xfee43023) mem 0x0000000080031f50 0x00000000800120cc
core   0: 0x000000008000ff78 (0xfc442703) lw      a4, -60(s0)
core   0: 3 0x000000008000ff78 (0xfc442703) x14 0x0000000000000000 mem 0x0000000080031f34
core   0: 0x000000008000ff7c (0x0ff77713) andi    a4, a4, 255
core   0: 3 0x000000008000ff7c (0x0ff77713) x14 0x0000000000000000
core   0: 0x000000008000ff80 (0x00e78023) sb      a4, 0(a5)
core   0: 3 0x000000008000ff80 (0x00e78023) mem 0x00000000800120cb 0x00
core   0: 0x000000008000ff84 (0xfc843703) ld      a4, -56(s0)
core   0: 3 0x000000008000ff84 (0xfc843703) x14 0x0000000080012040 mem 0x0000000080031f38
core   0: 0x000000008000ff88 (0xfb843783) ld      a5, -72(s0)
core   0: 3 0x000000008000ff88 (0xfb843783) x15 0x000000000000009c mem 0x0000000080031f28
core   0: 0x000000008000ff8c (0x000097ba) c.add   a5, a4
core   0: 3 0x000000008000ff8c (0x97ba) x15 0x00000000800120dc
core   0: 0x000000008000ff8e (0xfe043703) ld      a4, -32(s0)
core   0: 3 0x000000008000ff8e (0xfe043703) x14 0x00000000800120cc mem 0x0000000080031f50
core   0: 0x000000008000ff92 (0xfcf76de3) bltu    a4, a5, pc - 38
core   0: 3 0x000000008000ff92 (0xfcf76de3)
core   0: 0x000000008000ff6c (0xfe043783) ld      a5, -32(s0)
core   0: 3 0x000000008000ff6c (0xfe043783) x15 0x00000000800120cc mem 0x0000000080031f50
core   0: 0x000000008000ff70 (0x00178713) addi    a4, a5, 1
core   0: 3 0x000000008000ff70 (0x00178713) x14 0x00000000800120cd
core   0: 0x000000008000ff74 (0xfee43023) sd      a4, -32(s0)
core   0: 3 0x000000008000ff74 (0xfee43023) mem 0x0000000080031f50 0x00000000800120cd
core   0: 0x000000008000ff78 (0xfc442703) lw      a4, -60(s0)
core   0: 3 0x000000008000ff78 (0xfc442703) x14 0x0000000000000000 mem 0x0000000080031f34
core   0: 0x000000008000ff7c (0x0ff77713) andi    a4, a4, 255
core   0: 3 0x000000008000ff7c (0x0ff77713) x14 0x0000000000000000
core   0: 0x000000008000ff80 (0x00e78023) sb      a4, 0(a5)
core   0: 3 0x000000008000ff80 (0x00e78023) mem 0x00000000800120cc 0x00
core   0: 0x000000008000ff84 (0xfc843703) ld      a4, -56(s0)
core   0: 3 0x000000008000ff84 (0xfc843703) x14 0x0000000080012040 mem 0x0000000080031f38
core   0: 0x000000008000ff88 (0xfb843783) ld      a5, -72(s0)
core   0: 3 0x000000008000ff88 (0xfb843783) x15 0x000000000000009c mem 0x0000000080031f28
core   0: 0x000000008000ff8c (0x000097ba) c.add   a5, a4
core   0: 3 0x000000008000ff8c (0x97ba) x15 0x00000000800120dc
core   0: 0x000000008000ff8e (0xfe043703) ld      a4, -32(s0)
core   0: 3 0x000000008000ff8e (0xfe043703) x14 0x00000000800120cd mem 0x0000000080031f50
core   0: 0x000000008000ff92 (0xfcf76de3) bltu    a4, a5, pc - 38
core   0: 3 0x000000008000ff92 (0xfcf76de3)
core   0: 0x000000008000ff6c (0xfe043783) ld      a5, -32(s0)
core   0: 3 0x000000008000ff6c (0xfe043783) x15 0x00000000800120cd mem 0x0000000080031f50
core   0: 0x000000008000ff70 (0x00178713) addi    a4, a5, 1
core   0: 3 0x000000008000ff70 (0x00178713) x14 0x00000000800120ce
core   0: 0x000000008000ff74 (0xfee43023) sd      a4, -32(s0)
core   0: 3 0x000000008000ff74 (0xfee43023) mem 0x0000000080031f50 0x00000000800120ce
core   0: 0x000000008000ff78 (0xfc442703) lw      a4, -60(s0)
core   0: 3 0x000000008000ff78 (0xfc442703) x14 0x0000000000000000 mem 0x0000000080031f34
core   0: 0x000000008000ff7c (0x0ff77713) andi    a4, a4, 255
core   0: 3 0x000000008000ff7c (0x0ff77713) x14 0x0000000000000000
core   0: 0x000000008000ff80 (0x00e78023) sb      a4, 0(a5)
core   0: 3 0x000000008000ff80 (0x00e78023) mem 0x00000000800120cd 0x00
core   0: 0x000000008000ff84 (0xfc843703) ld      a4, -56(s0)
core   0: 3 0x000000008000ff84 (0xfc843703) x14 0x0000000080012040 mem 0x0000000080031f38
core   0: 0x000000008000ff88 (0xfb843783) ld      a5, -72(s0)
core   0: 3 0x000000008000ff88 (0xfb843783) x15 0x000000000000009c mem 0x0000000080031f28
core   0: 0x000000008000ff8c (0x000097ba) c.add   a5, a4
core   0: 3 0x000000008000ff8c (0x97ba) x15 0x00000000800120dc
core   0: 0x000000008000ff8e (0xfe043703) ld      a4, -32(s0)
core   0: 3 0x000000008000ff8e (0xfe043703) x14 0x00000000800120ce mem 0x0000000080031f50
core   0: 0x000000008000ff92 (0xfcf76de3) bltu    a4, a5, pc - 38
core   0: 3 0x000000008000ff92 (0xfcf76de3)
core   0: 0x000000008000ff6c (0xfe043783) ld      a5, -32(s0)
core   0: 3 0x000000008000ff6c (0xfe043783) x15 0x00000000800120ce mem 0x0000000080031f50
core   0: 0x000000008000ff70 (0x00178713) addi    a4, a5, 1
core   0: 3 0x000000008000ff70 (0x00178713) x14 0x00000000800120cf
core   0: 0x000000008000ff74 (0xfee43023) sd      a4, -32(s0)
core   0: 3 0x000000008000ff74 (0xfee43023) mem 0x0000000080031f50 0x00000000800120cf
core   0: 0x000000008000ff78 (0xfc442703) lw      a4, -60(s0)
core   0: 3 0x000000008000ff78 (0xfc442703) x14 0x0000000000000000 mem 0x0000000080031f34
core   0: 0x000000008000ff7c (0x0ff77713) andi    a4, a4, 255
core   0: 3 0x000000008000ff7c (0x0ff77713) x14 0x0000000000000000
core   0: 0x000000008000ff80 (0x00e78023) sb      a4, 0(a5)
core   0: 3 0x000000008000ff80 (0x00e78023) mem 0x00000000800120ce 0x00
core   0: 0x000000008000ff84 (0xfc843703) ld      a4, -56(s0)
core   0: 3 0x000000008000ff84 (0xfc843703) x14 0x0000000080012040 mem 0x0000000080031f38
core   0: 0x000000008000ff88 (0xfb843783) ld      a5, -72(s0)
core   0: 3 0x000000008000ff88 (0xfb843783) x15 0x000000000000009c mem 0x0000000080031f28
core   0: 0x000000008000ff8c (0x000097ba) c.add   a5, a4
core   0: 3 0x000000008000ff8c (0x97ba) x15 0x00000000800120dc
core   0: 0x000000008000ff8e (0xfe043703) ld      a4, -32(s0)
core   0: 3 0x000000008000ff8e (0xfe043703) x14 0x00000000800120cf mem 0x0000000080031f50
core   0: 0x000000008000ff92 (0xfcf76de3) bltu    a4, a5, pc - 38
core   0: 3 0x000000008000ff92 (0xfcf76de3)
core   0: 0x000000008000ff6c (0xfe043783) ld      a5, -32(s0)
core   0: 3 0x000000008000ff6c (0xfe043783) x15 0x00000000800120cf mem 0x0000000080031f50
core   0: 0x000000008000ff70 (0x00178713) addi    a4, a5, 1
core   0: 3 0x000000008000ff70 (0x00178713) x14 0x00000000800120d0
core   0: 0x000000008000ff74 (0xfee43023) sd      a4, -32(s0)
core   0: 3 0x000000008000ff74 (0xfee43023) mem 0x0000000080031f50 0x00000000800120d0
core   0: 0x000000008000ff78 (0xfc442703) lw      a4, -60(s0)
core   0: 3 0x000000008000ff78 (0xfc442703) x14 0x0000000000000000 mem 0x0000000080031f34
core   0: 0x000000008000ff7c (0x0ff77713) andi    a4, a4, 255
core   0: 3 0x000000008000ff7c (0x0ff77713) x14 0x0000000000000000
core   0: 0x000000008000ff80 (0x00e78023) sb      a4, 0(a5)
core   0: 3 0x000000008000ff80 (0x00e78023) mem 0x00000000800120cf 0x00
core   0: 0x000000008000ff84 (0xfc843703) ld      a4, -56(s0)
core   0: 3 0x000000008000ff84 (0xfc843703) x14 0x0000000080012040 mem 0x0000000080031f38
core   0: 0x000000008000ff88 (0xfb843783) ld      a5, -72(s0)
core   0: 3 0x000000008000ff88 (0xfb843783) x15 0x000000000000009c mem 0x0000000080031f28
core   0: 0x000000008000ff8c (0x000097ba) c.add   a5, a4
core   0: 3 0x000000008000ff8c (0x97ba) x15 0x00000000800120dc
core   0: 0x000000008000ff8e (0xfe043703) ld      a4, -32(s0)
core   0: 3 0x000000008000ff8e (0xfe043703) x14 0x00000000800120d0 mem 0x0000000080031f50
core   0: 0x000000008000ff92 (0xfcf76de3) bltu    a4, a5, pc - 38
core   0: 3 0x000000008000ff92 (0xfcf76de3)
core   0: 0x000000008000ff6c (0xfe043783) ld      a5, -32(s0)
core   0: 3 0x000000008000ff6c (0xfe043783) x15 0x00000000800120d0 mem 0x0000000080031f50
core   0: 0x000000008000ff70 (0x00178713) addi    a4, a5, 1
core   0: 3 0x000000008000ff70 (0x00178713) x14 0x00000000800120d1
core   0: 0x000000008000ff74 (0xfee43023) sd      a4, -32(s0)
core   0: 3 0x000000008000ff74 (0xfee43023) mem 0x0000000080031f50 0x00000000800120d1
core   0: 0x000000008000ff78 (0xfc442703) lw      a4, -60(s0)
core   0: 3 0x000000008000ff78 (0xfc442703) x14 0x0000000000000000 mem 0x0000000080031f34
core   0: 0x000000008000ff7c (0x0ff77713) andi    a4, a4, 255
core   0: 3 0x000000008000ff7c (0x0ff77713) x14 0x0000000000000000
core   0: 0x000000008000ff80 (0x00e78023) sb      a4, 0(a5)
core   0: 3 0x000000008000ff80 (0x00e78023) mem 0x00000000800120d0 0x00
core   0: 0x000000008000ff84 (0xfc843703) ld      a4, -56(s0)
core   0: 3 0x000000008000ff84 (0xfc843703) x14 0x0000000080012040 mem 0x0000000080031f38
core   0: 0x000000008000ff88 (0xfb843783) ld      a5, -72(s0)
core   0: 3 0x000000008000ff88 (0xfb843783) x15 0x000000000000009c mem 0x0000000080031f28
core   0: 0x000000008000ff8c (0x000097ba) c.add   a5, a4
core   0: 3 0x000000008000ff8c (0x97ba) x15 0x00000000800120dc
core   0: 0x000000008000ff8e (0xfe043703) ld      a4, -32(s0)
core   0: 3 0x000000008000ff8e (0xfe043703) x14 0x00000000800120d1 mem 0x0000000080031f50
core   0: 0x000000008000ff92 (0xfcf76de3) bltu    a4, a5, pc - 38
core   0: 3 0x000000008000ff92 (0xfcf76de3)
core   0: 0x000000008000ff6c (0xfe043783) ld      a5, -32(s0)
core   0: 3 0x000000008000ff6c (0xfe043783) x15 0x00000000800120d1 mem 0x0000000080031f50
core   0: 0x000000008000ff70 (0x00178713) addi    a4, a5, 1
core   0: 3 0x000000008000ff70 (0x00178713) x14 0x00000000800120d2
core   0: 0x000000008000ff74 (0xfee43023) sd      a4, -32(s0)
core   0: 3 0x000000008000ff74 (0xfee43023) mem 0x0000000080031f50 0x00000000800120d2
core   0: 0x000000008000ff78 (0xfc442703) lw      a4, -60(s0)
core   0: 3 0x000000008000ff78 (0xfc442703) x14 0x0000000000000000 mem 0x0000000080031f34
core   0: 0x000000008000ff7c (0x0ff77713) andi    a4, a4, 255
core   0: 3 0x000000008000ff7c (0x0ff77713) x14 0x0000000000000000
core   0: 0x000000008000ff80 (0x00e78023) sb      a4, 0(a5)
core   0: 3 0x000000008000ff80 (0x00e78023) mem 0x00000000800120d1 0x00
core   0: 0x000000008000ff84 (0xfc843703) ld      a4, -56(s0)
core   0: 3 0x000000008000ff84 (0xfc843703) x14 0x0000000080012040 mem 0x0000000080031f38
core   0: 0x000000008000ff88 (0xfb843783) ld      a5, -72(s0)
core   0: 3 0x000000008000ff88 (0xfb843783) x15 0x000000000000009c mem 0x0000000080031f28
core   0: 0x000000008000ff8c (0x000097ba) c.add   a5, a4
core   0: 3 0x000000008000ff8c (0x97ba) x15 0x00000000800120dc
core   0: 0x000000008000ff8e (0xfe043703) ld      a4, -32(s0)
core   0: 3 0x000000008000ff8e (0xfe043703) x14 0x00000000800120d2 mem 0x0000000080031f50
core   0: 0x000000008000ff92 (0xfcf76de3) bltu    a4, a5, pc - 38
core   0: 3 0x000000008000ff92 (0xfcf76de3)
core   0: 0x000000008000ff6c (0xfe043783) ld      a5, -32(s0)
core   0: 3 0x000000008000ff6c (0xfe043783) x15 0x00000000800120d2 mem 0x0000000080031f50
core   0: 0x000000008000ff70 (0x00178713) addi    a4, a5, 1
core   0: 3 0x000000008000ff70 (0x00178713) x14 0x00000000800120d3
core   0: 0x000000008000ff74 (0xfee43023) sd      a4, -32(s0)
core   0: 3 0x000000008000ff74 (0xfee43023) mem 0x0000000080031f50 0x00000000800120d3
core   0: 0x000000008000ff78 (0xfc442703) lw      a4, -60(s0)
core   0: 3 0x000000008000ff78 (0xfc442703) x14 0x0000000000000000 mem 0x0000000080031f34
core   0: 0x000000008000ff7c (0x0ff77713) andi    a4, a4, 255
core   0: 3 0x000000008000ff7c (0x0ff77713) x14 0x0000000000000000
core   0: 0x000000008000ff80 (0x00e78023) sb      a4, 0(a5)
core   0: 3 0x000000008000ff80 (0x00e78023) mem 0x00000000800120d2 0x00
core   0: 0x000000008000ff84 (0xfc843703) ld      a4, -56(s0)
core   0: 3 0x000000008000ff84 (0xfc843703) x14 0x0000000080012040 mem 0x0000000080031f38
core   0: 0x000000008000ff88 (0xfb843783) ld      a5, -72(s0)
core   0: 3 0x000000008000ff88 (0xfb843783) x15 0x000000000000009c mem 0x0000000080031f28
core   0: 0x000000008000ff8c (0x000097ba) c.add   a5, a4
core   0: 3 0x000000008000ff8c (0x97ba) x15 0x00000000800120dc
core   0: 0x000000008000ff8e (0xfe043703) ld      a4, -32(s0)
core   0: 3 0x000000008000ff8e (0xfe043703) x14 0x00000000800120d3 mem 0x0000000080031f50
core   0: 0x000000008000ff92 (0xfcf76de3) bltu    a4, a5, pc - 38
core   0: 3 0x000000008000ff92 (0xfcf76de3)
core   0: 0x000000008000ff6c (0xfe043783) ld      a5, -32(s0)
core   0: 3 0x000000008000ff6c (0xfe043783) x15 0x00000000800120d3 mem 0x0000000080031f50
core   0: 0x000000008000ff70 (0x00178713) addi    a4, a5, 1
core   0: 3 0x000000008000ff70 (0x00178713) x14 0x00000000800120d4
core   0: 0x000000008000ff74 (0xfee43023) sd      a4, -32(s0)
core   0: 3 0x000000008000ff74 (0xfee43023) mem 0x0000000080031f50 0x00000000800120d4
core   0: 0x000000008000ff78 (0xfc442703) lw      a4, -60(s0)
core   0: 3 0x000000008000ff78 (0xfc442703) x14 0x0000000000000000 mem 0x0000000080031f34
core   0: 0x000000008000ff7c (0x0ff77713) andi    a4, a4, 255
core   0: 3 0x000000008000ff7c (0x0ff77713) x14 0x0000000000000000
core   0: 0x000000008000ff80 (0x00e78023) sb      a4, 0(a5)
core   0: 3 0x000000008000ff80 (0x00e78023) mem 0x00000000800120d3 0x00
core   0: 0x000000008000ff84 (0xfc843703) ld      a4, -56(s0)
core   0: 3 0x000000008000ff84 (0xfc843703) x14 0x0000000080012040 mem 0x0000000080031f38
core   0: 0x000000008000ff88 (0xfb843783) ld      a5, -72(s0)
core   0: 3 0x000000008000ff88 (0xfb843783) x15 0x000000000000009c mem 0x0000000080031f28
core   0: 0x000000008000ff8c (0x000097ba) c.add   a5, a4
core   0: 3 0x000000008000ff8c (0x97ba) x15 0x00000000800120dc
core   0: 0x000000008000ff8e (0xfe043703) ld      a4, -32(s0)
core   0: 3 0x000000008000ff8e (0xfe043703) x14 0x00000000800120d4 mem 0x0000000080031f50
core   0: 0x000000008000ff92 (0xfcf76de3) bltu    a4, a5, pc - 38
core   0: 3 0x000000008000ff92 (0xfcf76de3)
core   0: 0x000000008000ff6c (0xfe043783) ld      a5, -32(s0)
core   0: 3 0x000000008000ff6c (0xfe043783) x15 0x00000000800120d4 mem 0x0000000080031f50
core   0: 0x000000008000ff70 (0x00178713) addi    a4, a5, 1
core   0: 3 0x000000008000ff70 (0x00178713) x14 0x00000000800120d5
core   0: 0x000000008000ff74 (0xfee43023) sd      a4, -32(s0)
core   0: 3 0x000000008000ff74 (0xfee43023) mem 0x0000000080031f50 0x00000000800120d5
core   0: 0x000000008000ff78 (0xfc442703) lw      a4, -60(s0)
core   0: 3 0x000000008000ff78 (0xfc442703) x14 0x0000000000000000 mem 0x0000000080031f34
core   0: 0x000000008000ff7c (0x0ff77713) andi    a4, a4, 255
core   0: 3 0x000000008000ff7c (0x0ff77713) x14 0x0000000000000000
core   0: 0x000000008000ff80 (0x00e78023) sb      a4, 0(a5)
core   0: 3 0x000000008000ff80 (0x00e78023) mem 0x00000000800120d4 0x00
core   0: 0x000000008000ff84 (0xfc843703) ld      a4, -56(s0)
core   0: 3 0x000000008000ff84 (0xfc843703) x14 0x0000000080012040 mem 0x0000000080031f38
core   0: 0x000000008000ff88 (0xfb843783) ld      a5, -72(s0)
core   0: 3 0x000000008000ff88 (0xfb843783) x15 0x000000000000009c mem 0x0000000080031f28
core   0: 0x000000008000ff8c (0x000097ba) c.add   a5, a4
core   0: 3 0x000000008000ff8c (0x97ba) x15 0x00000000800120dc
core   0: 0x000000008000ff8e (0xfe043703) ld      a4, -32(s0)
core   0: 3 0x000000008000ff8e (0xfe043703) x14 0x00000000800120d5 mem 0x0000000080031f50
core   0: 0x000000008000ff92 (0xfcf76de3) bltu    a4, a5, pc - 38
core   0: 3 0x000000008000ff92 (0xfcf76de3)
core   0: 0x000000008000ff6c (0xfe043783) ld      a5, -32(s0)
core   0: 3 0x000000008000ff6c (0xfe043783) x15 0x00000000800120d5 mem 0x0000000080031f50
core   0: 0x000000008000ff70 (0x00178713) addi    a4, a5, 1
core   0: 3 0x000000008000ff70 (0x00178713) x14 0x00000000800120d6
core   0: 0x000000008000ff74 (0xfee43023) sd      a4, -32(s0)
core   0: 3 0x000000008000ff74 (0xfee43023) mem 0x0000000080031f50 0x00000000800120d6
core   0: 0x000000008000ff78 (0xfc442703) lw      a4, -60(s0)
core   0: 3 0x000000008000ff78 (0xfc442703) x14 0x0000000000000000 mem 0x0000000080031f34
core   0: 0x000000008000ff7c (0x0ff77713) andi    a4, a4, 255
core   0: 3 0x000000008000ff7c (0x0ff77713) x14 0x0000000000000000
core   0: 0x000000008000ff80 (0x00e78023) sb      a4, 0(a5)
core   0: 3 0x000000008000ff80 (0x00e78023) mem 0x00000000800120d5 0x00
core   0: 0x000000008000ff84 (0xfc843703) ld      a4, -56(s0)
core   0: 3 0x000000008000ff84 (0xfc843703) x14 0x0000000080012040 mem 0x0000000080031f38
core   0: 0x000000008000ff88 (0xfb843783) ld      a5, -72(s0)
core   0: 3 0x000000008000ff88 (0xfb843783) x15 0x000000000000009c mem 0x0000000080031f28
core   0: 0x000000008000ff8c (0x000097ba) c.add   a5, a4
core   0: 3 0x000000008000ff8c (0x97ba) x15 0x00000000800120dc
core   0: 0x000000008000ff8e (0xfe043703) ld      a4, -32(s0)
core   0: 3 0x000000008000ff8e (0xfe043703) x14 0x00000000800120d6 mem 0x0000000080031f50
core   0: 0x000000008000ff92 (0xfcf76de3) bltu    a4, a5, pc - 38
core   0: 3 0x000000008000ff92 (0xfcf76de3)
core   0: 0x000000008000ff6c (0xfe043783) ld      a5, -32(s0)
core   0: 3 0x000000008000ff6c (0xfe043783) x15 0x00000000800120d6 mem 0x0000000080031f50
core   0: 0x000000008000ff70 (0x00178713) addi    a4, a5, 1
core   0: 3 0x000000008000ff70 (0x00178713) x14 0x00000000800120d7
core   0: 0x000000008000ff74 (0xfee43023) sd      a4, -32(s0)
core   0: 3 0x000000008000ff74 (0xfee43023) mem 0x0000000080031f50 0x00000000800120d7
core   0: 0x000000008000ff78 (0xfc442703) lw      a4, -60(s0)
core   0: 3 0x000000008000ff78 (0xfc442703) x14 0x0000000000000000 mem 0x0000000080031f34
core   0: 0x000000008000ff7c (0x0ff77713) andi    a4, a4, 255
core   0: 3 0x000000008000ff7c (0x0ff77713) x14 0x0000000000000000
core   0: 0x000000008000ff80 (0x00e78023) sb      a4, 0(a5)
core   0: 3 0x000000008000ff80 (0x00e78023) mem 0x00000000800120d6 0x00
core   0: 0x000000008000ff84 (0xfc843703) ld      a4, -56(s0)
core   0: 3 0x000000008000ff84 (0xfc843703) x14 0x0000000080012040 mem 0x0000000080031f38
core   0: 0x000000008000ff88 (0xfb843783) ld      a5, -72(s0)
core   0: 3 0x000000008000ff88 (0xfb843783) x15 0x000000000000009c mem 0x0000000080031f28
core   0: 0x000000008000ff8c (0x000097ba) c.add   a5, a4
core   0: 3 0x000000008000ff8c (0x97ba) x15 0x00000000800120dc
core   0: 0x000000008000ff8e (0xfe043703) ld      a4, -32(s0)
core   0: 3 0x000000008000ff8e (0xfe043703) x14 0x00000000800120d7 mem 0x0000000080031f50
core   0: 0x000000008000ff92 (0xfcf76de3) bltu    a4, a5, pc - 38
core   0: 3 0x000000008000ff92 (0xfcf76de3)
core   0: 0x000000008000ff6c (0xfe043783) ld      a5, -32(s0)
core   0: 3 0x000000008000ff6c (0xfe043783) x15 0x00000000800120d7 mem 0x0000000080031f50
core   0: 0x000000008000ff70 (0x00178713) addi    a4, a5, 1
core   0: 3 0x000000008000ff70 (0x00178713) x14 0x00000000800120d8
core   0: 0x000000008000ff74 (0xfee43023) sd      a4, -32(s0)
core   0: 3 0x000000008000ff74 (0xfee43023) mem 0x0000000080031f50 0x00000000800120d8
core   0: 0x000000008000ff78 (0xfc442703) lw      a4, -60(s0)
core   0: 3 0x000000008000ff78 (0xfc442703) x14 0x0000000000000000 mem 0x0000000080031f34
core   0: 0x000000008000ff7c (0x0ff77713) andi    a4, a4, 255
core   0: 3 0x000000008000ff7c (0x0ff77713) x14 0x0000000000000000
core   0: 0x000000008000ff80 (0x00e78023) sb      a4, 0(a5)
core   0: 3 0x000000008000ff80 (0x00e78023) mem 0x00000000800120d7 0x00
core   0: 0x000000008000ff84 (0xfc843703) ld      a4, -56(s0)
core   0: 3 0x000000008000ff84 (0xfc843703) x14 0x0000000080012040 mem 0x0000000080031f38
core   0: 0x000000008000ff88 (0xfb843783) ld      a5, -72(s0)
core   0: 3 0x000000008000ff88 (0xfb843783) x15 0x000000000000009c mem 0x0000000080031f28
core   0: 0x000000008000ff8c (0x000097ba) c.add   a5, a4
core   0: 3 0x000000008000ff8c (0x97ba) x15 0x00000000800120dc
core   0: 0x000000008000ff8e (0xfe043703) ld      a4, -32(s0)
core   0: 3 0x000000008000ff8e (0xfe043703) x14 0x00000000800120d8 mem 0x0000000080031f50
core   0: 0x000000008000ff92 (0xfcf76de3) bltu    a4, a5, pc - 38
core   0: 3 0x000000008000ff92 (0xfcf76de3)
core   0: 0x000000008000ff6c (0xfe043783) ld      a5, -32(s0)
core   0: 3 0x000000008000ff6c (0xfe043783) x15 0x00000000800120d8 mem 0x0000000080031f50
core   0: 0x000000008000ff70 (0x00178713) addi    a4, a5, 1
core   0: 3 0x000000008000ff70 (0x00178713) x14 0x00000000800120d9
core   0: 0x000000008000ff74 (0xfee43023) sd      a4, -32(s0)
core   0: 3 0x000000008000ff74 (0xfee43023) mem 0x0000000080031f50 0x00000000800120d9
core   0: 0x000000008000ff78 (0xfc442703) lw      a4, -60(s0)
core   0: 3 0x000000008000ff78 (0xfc442703) x14 0x0000000000000000 mem 0x0000000080031f34
core   0: 0x000000008000ff7c (0x0ff77713) andi    a4, a4, 255
core   0: 3 0x000000008000ff7c (0x0ff77713) x14 0x0000000000000000
core   0: 0x000000008000ff80 (0x00e78023) sb      a4, 0(a5)
core   0: 3 0x000000008000ff80 (0x00e78023) mem 0x00000000800120d8 0x00
core   0: 0x000000008000ff84 (0xfc843703) ld      a4, -56(s0)
core   0: 3 0x000000008000ff84 (0xfc843703) x14 0x0000000080012040 mem 0x0000000080031f38
core   0: 0x000000008000ff88 (0xfb843783) ld      a5, -72(s0)
core   0: 3 0x000000008000ff88 (0xfb843783) x15 0x000000000000009c mem 0x0000000080031f28
core   0: 0x000000008000ff8c (0x000097ba) c.add   a5, a4
core   0: 3 0x000000008000ff8c (0x97ba) x15 0x00000000800120dc
core   0: 0x000000008000ff8e (0xfe043703) ld      a4, -32(s0)
core   0: 3 0x000000008000ff8e (0xfe043703) x14 0x00000000800120d9 mem 0x0000000080031f50
core   0: 0x000000008000ff92 (0xfcf76de3) bltu    a4, a5, pc - 38
core   0: 3 0x000000008000ff92 (0xfcf76de3)
core   0: 0x000000008000ff6c (0xfe043783) ld      a5, -32(s0)
core   0: 3 0x000000008000ff6c (0xfe043783) x15 0x00000000800120d9 mem 0x0000000080031f50
core   0: 0x000000008000ff70 (0x00178713) addi    a4, a5, 1
core   0: 3 0x000000008000ff70 (0x00178713) x14 0x00000000800120da
core   0: 0x000000008000ff74 (0xfee43023) sd      a4, -32(s0)
core   0: 3 0x000000008000ff74 (0xfee43023) mem 0x0000000080031f50 0x00000000800120da
core   0: 0x000000008000ff78 (0xfc442703) lw      a4, -60(s0)
core   0: 3 0x000000008000ff78 (0xfc442703) x14 0x0000000000000000 mem 0x0000000080031f34
core   0: 0x000000008000ff7c (0x0ff77713) andi    a4, a4, 255
core   0: 3 0x000000008000ff7c (0x0ff77713) x14 0x0000000000000000
core   0: 0x000000008000ff80 (0x00e78023) sb      a4, 0(a5)
core   0: 3 0x000000008000ff80 (0x00e78023) mem 0x00000000800120d9 0x00
core   0: 0x000000008000ff84 (0xfc843703) ld      a4, -56(s0)
core   0: 3 0x000000008000ff84 (0xfc843703) x14 0x0000000080012040 mem 0x0000000080031f38
core   0: 0x000000008000ff88 (0xfb843783) ld      a5, -72(s0)
core   0: 3 0x000000008000ff88 (0xfb843783) x15 0x000000000000009c mem 0x0000000080031f28
core   0: 0x000000008000ff8c (0x000097ba) c.add   a5, a4
core   0: 3 0x000000008000ff8c (0x97ba) x15 0x00000000800120dc
core   0: 0x000000008000ff8e (0xfe043703) ld      a4, -32(s0)
core   0: 3 0x000000008000ff8e (0xfe043703) x14 0x00000000800120da mem 0x0000000080031f50
core   0: 0x000000008000ff92 (0xfcf76de3) bltu    a4, a5, pc - 38
core   0: 3 0x000000008000ff92 (0xfcf76de3)
core   0: 0x000000008000ff6c (0xfe043783) ld      a5, -32(s0)
core   0: 3 0x000000008000ff6c (0xfe043783) x15 0x00000000800120da mem 0x0000000080031f50
core   0: 0x000000008000ff70 (0x00178713) addi    a4, a5, 1
core   0: 3 0x000000008000ff70 (0x00178713) x14 0x00000000800120db
core   0: 0x000000008000ff74 (0xfee43023) sd      a4, -32(s0)
core   0: 3 0x000000008000ff74 (0xfee43023) mem 0x0000000080031f50 0x00000000800120db
core   0: 0x000000008000ff78 (0xfc442703) lw      a4, -60(s0)
core   0: 3 0x000000008000ff78 (0xfc442703) x14 0x0000000000000000 mem 0x0000000080031f34
core   0: 0x000000008000ff7c (0x0ff77713) andi    a4, a4, 255
core   0: 3 0x000000008000ff7c (0x0ff77713) x14 0x0000000000000000
core   0: 0x000000008000ff80 (0x00e78023) sb      a4, 0(a5)
core   0: 3 0x000000008000ff80 (0x00e78023) mem 0x00000000800120da 0x00
core   0: 0x000000008000ff84 (0xfc843703) ld      a4, -56(s0)
core   0: 3 0x000000008000ff84 (0xfc843703) x14 0x0000000080012040 mem 0x0000000080031f38
core   0: 0x000000008000ff88 (0xfb843783) ld      a5, -72(s0)
core   0: 3 0x000000008000ff88 (0xfb843783) x15 0x000000000000009c mem 0x0000000080031f28
core   0: 0x000000008000ff8c (0x000097ba) c.add   a5, a4
core   0: 3 0x000000008000ff8c (0x97ba) x15 0x00000000800120dc
core   0: 0x000000008000ff8e (0xfe043703) ld      a4, -32(s0)
core   0: 3 0x000000008000ff8e (0xfe043703) x14 0x00000000800120db mem 0x0000000080031f50
core   0: 0x000000008000ff92 (0xfcf76de3) bltu    a4, a5, pc - 38
core   0: 3 0x000000008000ff92 (0xfcf76de3)
core   0: 0x000000008000ff6c (0xfe043783) ld      a5, -32(s0)
core   0: 3 0x000000008000ff6c (0xfe043783) x15 0x00000000800120db mem 0x0000000080031f50
core   0: 0x000000008000ff70 (0x00178713) addi    a4, a5, 1
core   0: 3 0x000000008000ff70 (0x00178713) x14 0x00000000800120dc
core   0: 0x000000008000ff74 (0xfee43023) sd      a4, -32(s0)
core   0: 3 0x000000008000ff74 (0xfee43023) mem 0x0000000080031f50 0x00000000800120dc
core   0: 0x000000008000ff78 (0xfc442703) lw      a4, -60(s0)
core   0: 3 0x000000008000ff78 (0xfc442703) x14 0x0000000000000000 mem 0x0000000080031f34
core   0: 0x000000008000ff7c (0x0ff77713) andi    a4, a4, 255
core   0: 3 0x000000008000ff7c (0x0ff77713) x14 0x0000000000000000
core   0: 0x000000008000ff80 (0x00e78023) sb      a4, 0(a5)
core   0: 3 0x000000008000ff80 (0x00e78023) mem 0x00000000800120db 0x00
core   0: 0x000000008000ff84 (0xfc843703) ld      a4, -56(s0)
core   0: 3 0x000000008000ff84 (0xfc843703) x14 0x0000000080012040 mem 0x0000000080031f38
core   0: 0x000000008000ff88 (0xfb843783) ld      a5, -72(s0)
core   0: 3 0x000000008000ff88 (0xfb843783) x15 0x000000000000009c mem 0x0000000080031f28
core   0: 0x000000008000ff8c (0x000097ba) c.add   a5, a4
core   0: 3 0x000000008000ff8c (0x97ba) x15 0x00000000800120dc
core   0: 0x000000008000ff8e (0xfe043703) ld      a4, -32(s0)
core   0: 3 0x000000008000ff8e (0xfe043703) x14 0x00000000800120dc mem 0x0000000080031f50
core   0: 0x000000008000ff92 (0xfcf76de3) bltu    a4, a5, pc - 38
core   0: 3 0x000000008000ff92 (0xfcf76de3)
core   0: 0x000000008000ff96 (0xfc843783) ld      a5, -56(s0)
core   0: 3 0x000000008000ff96 (0xfc843783) x15 0x0000000080012040 mem 0x0000000080031f38
core   0: 0x000000008000ff9a (0x0000853e) c.mv    a0, a5
core   0: 3 0x000000008000ff9a (0x853e) x10 0x0000000080012040
core   0: 0x000000008000ff9c (0x00006426) c.ldsp  s0, 72(sp)
core   0: 3 0x000000008000ff9c (0x6426) x8  0x0000000080031f90 mem 0x0000000080031f68
core   0: 0x000000008000ff9e (0x00006161) c.addi16sp sp, 80
core   0: 3 0x000000008000ff9e (0x6161) x2  0x0000000080031f70
core   0: 0x000000008000ffa0 (0x00008082) ret
core   0: 3 0x000000008000ffa0 (0x8082)
core   0: 0x000000008000f554 (0x00000001) c.nop
core   0: 3 0x000000008000f554 (0x0001)
core   0: 0x000000008000f556 (0x000060e2) c.ldsp  ra, 24(sp)
core   0: 3 0x000000008000f556 (0x60e2) x1  0x000000008000f594 mem 0x0000000080031f88
core   0: 0x000000008000f558 (0x00006442) c.ldsp  s0, 16(sp)
core   0: 3 0x000000008000f558 (0x6442) x8  0x0000000080032040 mem 0x0000000080031f80
core   0: 0x000000008000f55a (0x00006105) c.addi16sp sp, 32
core   0: 3 0x000000008000f55a (0x6105) x2  0x0000000080031f90
core   0: 0x000000008000f55c (0x00008082) ret
core   0: 3 0x000000008000f55c (0x8082)
core   0: 0x000000008000f594 (0xf5842703) lw      a4, -168(s0)
core   0: 3 0x000000008000f594 (0xf5842703) x14 0x0000000000000001 mem 0x0000000080031f98
core   0: 0x000000008000f598 (0xf5c42783) lw      a5, -164(s0)
core   0: 3 0x000000008000f598 (0xf5c42783) x15 0x0000000000000000 mem 0x0000000080031f9c
core   0: 0x000000008000f59c (0x000085ba) c.mv    a1, a4
core   0: 3 0x000000008000f59c (0x85ba) x11 0x0000000000000001
core   0: 0x000000008000f59e (0x0000853e) c.mv    a0, a5
core   0: 3 0x000000008000f59e (0x853e) x10 0x0000000000000000
core   0: 0x000000008000f5a0 (0xf03ff0ef) jal     pc - 0xfe
core   0: 3 0x000000008000f5a0 (0xf03ff0ef) x1  0x000000008000f5a4
core   0: >>>>  thread_entry
core   0: 0x000000008000f4a2 (0x00001101) c.addi  sp, -32
core   0: 3 0x000000008000f4a2 (0x1101) x2  0x0000000080031f70
core   0: 0x000000008000f4a4 (0x0000ec22) c.sdsp  s0, 24(sp)
core   0: 3 0x000000008000f4a4 (0xec22) mem 0x0000000080031f88 0x0000000080032040
core   0: 0x000000008000f4a6 (0x00001000) c.addi4spn s0, sp, 32
core   0: 3 0x000000008000f4a6 (0x1000) x8  0x0000000080031f90
core   0: 0x000000008000f4a8 (0x000087aa) c.mv    a5, a0
core   0: 3 0x000000008000f4a8 (0x87aa) x15 0x0000000000000000
core   0: 0x000000008000f4aa (0x0000872e) c.mv    a4, a1
core   0: 3 0x000000008000f4aa (0x872e) x14 0x0000000000000001
core   0: 0x000000008000f4ac (0xfef42623) sw      a5, -20(s0)
core   0: 3 0x000000008000f4ac (0xfef42623) mem 0x0000000080031f7c 0x00000000
core   0: 0x000000008000f4b0 (0x000087ba) c.mv    a5, a4
core   0: 3 0x000000008000f4b0 (0x87ba) x15 0x0000000000000001
core   0: 0x000000008000f4b2 (0xfef42423) sw      a5, -24(s0)
core   0: 3 0x000000008000f4b2 (0xfef42423) mem 0x0000000080031f78 0x00000001
core   0: 0x000000008000f4b6 (0x00000001) c.nop
core   0: 3 0x000000008000f4b6 (0x0001)
core   0: 0x000000008000f4b8 (0xfec42783) lw      a5, -20(s0)
core   0: 3 0x000000008000f4b8 (0xfec42783) x15 0x0000000000000000 mem 0x0000000080031f7c
core   0: 0x000000008000f4bc (0x00002781) c.addiw a5, 0
core   0: 3 0x000000008000f4bc (0x2781) x15 0x0000000000000000
core   0: 0x000000008000f4be (0x0000ffed) c.bnez  a5, pc - 6
core   0: 3 0x000000008000f4be (0xffed)
core   0: 0x000000008000f4c0 (0x00000001) c.nop
core   0: 3 0x000000008000f4c0 (0x0001)
core   0: 0x000000008000f4c2 (0x00000001) c.nop
core   0: 3 0x000000008000f4c2 (0x0001)
core   0: 0x000000008000f4c4 (0x00006462) c.ldsp  s0, 24(sp)
core   0: 3 0x000000008000f4c4 (0x6462) x8  0x0000000080032040 mem 0x0000000080031f88
core   0: 0x000000008000f4c6 (0x00006105) c.addi16sp sp, 32
core   0: 3 0x000000008000f4c6 (0x6105) x2  0x0000000080031f90
core   0: 0x000000008000f4c8 (0x00008082) ret
core   0: 3 0x000000008000f4c8 (0x8082)
core   0: 0x000000008000f5a4 (0x00004581) c.li    a1, 0
core   0: 3 0x000000008000f5a4 (0x4581) x11 0x0000000000000000
core   0: 0x000000008000f5a6 (0x00004501) c.li    a0, 0
core   0: 3 0x000000008000f5a6 (0x4501) x10 0x0000000000000000
core   0: 0x000000008000f5a8 (0xa59f20ef) jal     pc - 0xd5a8
core   0: 3 0x000000008000f5a8 (0xa59f20ef) x1  0x000000008000f5ac
core   0: >>>>  main
core   0: 0x0000000080002000 (0x00000001) c.nop
core   0: 3 0x0000000080002000 (0x0001)
core   0: >>>>  trap_vec_init
core   0: 0x0000000080002002 (0x00002797) auipc   a5, 0x2
core   0: 3 0x0000000080002002 (0x00002797) x15 0x0000000080004002
core   0: 0x0000000080002006 (0xffe78793) addi    a5, a5, -2
core   0: 3 0x0000000080002006 (0xffe78793) x15 0x0000000080004000
core   0: 0x000000008000200a (0x30579073) csrrw   zero, mtvec, a5
core   0: 3 0x000000008000200a (0x30579073) c773_mtvec 0x0000000080004000
core   0: >>>>  pmp_setup
core   0: 0x000000008000200e (0x00002c17) auipc   s8, 0x2
core   0: 3 0x000000008000200e (0x00002c17) x24 0x000000008000400e
core   0: 0x0000000080002012 (0x022c0c13) addi    s8, s8, 34
core   0: 3 0x0000000080002012 (0x022c0c13) x24 0x0000000080004030
core   0: 0x0000000080002016 (0x00004781) c.li    a5, 0
core   0: 3 0x0000000080002016 (0x4781) x15 0x0000000000000000
core   0: 0x0000000080002018 (0x00009c3e) c.add   s8, a5
core   0: 3 0x0000000080002018 (0x9c3e) x24 0x0000000080004030
core   0: 0x000000008000201a (0x3b0c1073) csrrw   zero, pmpaddr0, s8
core   0: 3 0x000000008000201a (0x3b0c1073) c944_pmpaddr0 0x0000000080004030
core   0: 0x000000008000201e (0x00004c3d) c.li    s8, 15
core   0: 3 0x000000008000201e (0x4c3d) x24 0x000000000000000f
core   0: 0x0000000080002020 (0x3a0c1073) csrrw   zero, pmpcfg0, s8
core   0: 3 0x0000000080002020 (0x3a0c1073) c928_pmpcfg0 0x000000000000000f
core   0: 0x0000000080002024 (0x12000073) sfence.vma zero, zero
core   0: 3 0x0000000080002024 (0x12000073)
core   0: >>>>  mepc_setup
core   0: 0x0000000080002028 (0x00002797) auipc   a5, 0x2
core   0: 3 0x0000000080002028 (0x00002797) x15 0x0000000080004028
core   0: 0x000000008000202c (0x00878793) addi    a5, a5, 8
core   0: 3 0x000000008000202c (0x00878793) x15 0x0000000080004030
core   0: 0x0000000080002030 (0x34179073) csrrw   zero, mepc, a5
core   0: 3 0x0000000080002030 (0x34179073) c833_mepc 0x0000000080004030
core   0: >>>>  custom_csr_setup
core   0: 0x0000000080002034 (0x00100f9b) addiw   t6, zero, 1
core   0: 3 0x0000000080002034 (0x00100f9b) x31 0x0000000000000001
core   0: 0x0000000080002038 (0x00000ffe) c.slli  t6, 31
core   0: 3 0x0000000080002038 (0x0ffe) x31 0x0000000080000000
core   0: 0x000000008000203a (0x00000001) c.nop
core   0: 3 0x000000008000203a (0x0001)
core   0: >>>>  init_s_mode
core   0: 0x000000008000203c (0xfff0079b) addiw   a5, zero, -1
core   0: 3 0x000000008000203c (0xfff0079b) x15 0xffffffffffffffff
core   0: 0x0000000080002040 (0x000017fe) c.slli  a5, 63
core   0: 3 0x0000000080002040 (0x17fe) x15 0x8000000000000000
core   0: 0x0000000080002042 (0x18079073) csrrw   zero, satp, a5
core   0: 3 0x0000000080002042 (0x18079073) c384_satp 0x8000000000000000
core   0: 0x0000000080002046 (0x0000f797) auipc   a5, 0xf
core   0: 3 0x0000000080002046 (0x0000f797) x15 0x0000000080011046
core   0: 0x000000008000204a (0xfba78793) addi    a5, a5, -70
core   0: 3 0x000000008000204a (0xfba78793) x15 0x0000000080011000
core   0: 0x000000008000204e (0x000083b1) c.srli  a5, 12
core   0: 3 0x000000008000204e (0x83b1) x15 0x0000000000080011
core   0: 0x0000000080002050 (0x0010061b) addiw   a2, zero, 1
core   0: 3 0x0000000080002050 (0x0010061b) x12 0x0000000000000001
core   0: 0x0000000080002054 (0x00001632) c.slli  a2, 44
core   0: 3 0x0000000080002054 (0x1632) x12 0x0000100000000000
core   0: 0x0000000080002056 (0x0000167d) c.addi  a2, -1
core   0: 3 0x0000000080002056 (0x167d) x12 0x00000fffffffffff
core   0: 0x0000000080002058 (0x00008ff1) c.and   a5, a2
core   0: 3 0x0000000080002058 (0x8ff1) x15 0x0000000000080011
core   0: 0x000000008000205a (0x1807a073) csrrs   zero, satp, a5
core   0: 3 0x000000008000205a (0x1807a073) c384_satp 0x8000000000080011
core   0: 0x000000008000205e (0x00a005b7) lui     a1, 0xa00
core   0: 3 0x000000008000205e (0x00a005b7) x11 0x0000000000a00000
core   0: 0x0000000080002062 (0x10b5859b) addiw   a1, a1, 267
core   0: 3 0x0000000080002062 (0x10b5859b) x11 0x0000000000a0010b
core   0: 0x0000000080002066 (0x000005b2) c.slli  a1, 12
core   0: 3 0x0000000080002066 (0x05b2) x11 0x0000000a0010b000
core   0: 0x0000000080002068 (0xa0058593) addi    a1, a1, -1536
core   0: 3 0x0000000080002068 (0xa0058593) x11 0x0000000a0010aa00
core   0: 0x000000008000206c (0x30059073) csrrw   zero, mstatus, a1
core   0: 3 0x000000008000206c (0x30059073) c768_mstatus 0x0000000a00102800
core   0: 0x0000000080002070 (0x30459073) csrrw   zero, mie, a1
core   0: 3 0x0000000080002070 (0x30459073) c772_mie 0x0000000000000a00
core   0: 0x0000000080002074 (0x00a005b7) lui     a1, 0xa00
core   0: 3 0x0000000080002074 (0x00a005b7) x11 0x0000000000a00000
core   0: 0x0000000080002078 (0x10b5859b) addiw   a1, a1, 267
core   0: 3 0x0000000080002078 (0x10b5859b) x11 0x0000000000a0010b
core   0: 0x000000008000207c (0x000005b2) c.slli  a1, 12
core   0: 3 0x000000008000207c (0x05b2) x11 0x0000000a0010b000
core   0: 0x000000008000207e (0xa0058593) addi    a1, a1, -1536
core   0: 3 0x000000008000207e (0xa0058593) x11 0x0000000a0010aa00
core   0: 0x0000000080002082 (0x10059073) csrrw   zero, sstatus, a1
core   0: 3 0x0000000080002082 (0x10059073) c768_mstatus 0x0000000a00102800
core   0: 0x0000000080002086 (0x10459073) csrrw   zero, sie, a1
core   0: 3 0x0000000080002086 (0x10459073) c772_mie 0x0000000000000a00
core   0: 0x000000008000208a (0x30200073) mret
core   0: 3 0x000000008000208a (0x30200073) c768_mstatus 0x0000000a00102080
core   0: >>>>  main_g
core   0: 0x0000000080004030 (0x0223f03b) remuw   zero, t2, sp
core   0: 1 0x0000000080004030 (0x0223f03b)
core   0: 0x0000000080004034 (0x00000001) c.nop
core   0: 1 0x0000000080004034 (0x0001)
core   0: 0x0000000080004036 (0x93f87fcb) fnmsub.d ft11, fa6, ft11, fs2
core   0: 1 0x0000000080004036 (0x93f87fcb) c768_mstatus 0x8000000a00106080 f31 0x7ff8000000000000
core   0: 0x000000008000403a (0x00202c73) csrrs   s8, frm, zero
core   0: 1 0x000000008000403a (0x00202c73) x24 0x0000000000000000
core   0: 0x000000008000403e (0x9afbe593) ori     a1, s7, -1617
core   0: 1 0x000000008000403e (0x9afbe593) x11 0xfffffffffffff9af
core   0: 0x0000000080004042 (0xaf7293b7) lui     t2, 0xaf729
core   0: 1 0x0000000080004042 (0xaf7293b7) x7  0xffffffffaf729000
core   0: 0x0000000080004046 (0xc0009b73) csrrw   s6, cycle, ra
core   0: exception trap_illegal_instruction, epc 0x0000000080004046
core   0:           tval 0x00000000c0009b73
core   0: >>>>  $xrv64i2p1_m2p0_a2p1_f2p2_d2p2_zicsr2p0_zifencei2p0_zmmul1p0_zba1p0_zbb1p0_zbc1p0_zbs1p0
core   0: 0x0000000080004000 (0x0080006f) j       pc + 0x8
core   0: 3 0x0000000080004000 (0x0080006f)
core   0: >>>>  mmode_exception_handler
core   0: 0x0000000080004008 (0x00002c17) auipc   s8, 0x2
core   0: 3 0x0000000080004008 (0x00002c17) x24 0x0000000080006008
core   0: 0x000000008000400c (0xfe6c0c13) addi    s8, s8, -26
core   0: 3 0x000000008000400c (0xfe6c0c13) x24 0x0000000080005fee
core   0: 0x0000000080004010 (0x000c00e7) jalr    s8
core   0: 3 0x0000000080004010 (0x000c00e7) x1  0x0000000080004014
core   0: >>>>  any_handler
core   0: 0x0000000080005fee (0x341027f3) csrrs   a5, mepc, zero
core   0: 3 0x0000000080005fee (0x341027f3) x15 0x0000000080004046
core   0: 0x0000000080005ff2 (0x34202773) csrrs   a4, mcause, zero
core   0: 3 0x0000000080005ff2 (0x34202773) x14 0x0000000000000002
core   0: 0x0000000080005ff6 (0x142026f3) csrrs   a3, scause, zero
core   0: 3 0x0000000080005ff6 (0x142026f3) x13 0x0000000000000000
core   0: 0x0000000080005ffa (0x30402673) csrrs   a2, mie, zero
core   0: 3 0x0000000080005ffa (0x30402673) x12 0x0000000000000a00
core   0: 0x0000000080005ffe (0x344025f3) csrrs   a1, mip, zero
core   0: 3 0x0000000080005ffe (0x344025f3) x11 0x0000000000000080
core   0: 0x0000000080006002 (0x343025f3) csrrs   a1, mtval, zero
core   0: 3 0x0000000080006002 (0x343025f3) x11 0x00000000c0009b73
core   0: 0x0000000080006006 (0x14302573) csrrs   a0, stval, zero
core   0: 3 0x0000000080006006 (0x14302573) x10 0x0000000000000000
core   0: 0x000000008000600a (0xb02024f3) csrrs   s1, minstret, zero
core   0: 3 0x000000008000600a (0xb02024f3) x9  0x00000000000007d1
core   0: 0x000000008000600e (0x0000a811) c.j     pc + 20
core   0: 3 0x000000008000600e (0xa811)
core   0: >>>>  mepc_4
core   0: 0x0000000080006022 (0x00000791) c.addi  a5, 4
core   0: 3 0x0000000080006022 (0x0791) x15 0x000000008000404a
core   0: 0x0000000080006024 (0x34179073) csrrw   zero, mepc, a5
core   0: 3 0x0000000080006024 (0x34179073) c833_mepc 0x000000008000404a
core   0: 0x0000000080006028 (0x30200073) mret
core   0: 3 0x0000000080006028 (0x30200073) c768_mstatus 0x8000000a00106080
core   0: 0x000000008000404a (0x0365ceb3) div     t4, a1, s6
core   0: 1 0x000000008000404a (0x0365ceb3) x29 0xffffffffffffffff
core   0: 0x000000008000404e (0xfff3c813) not     a6, t2
core   0: 1 0x000000008000404e (0xfff3c813) x16 0x00000000508d6fff
core   0: 0x0000000080004052 (0x41c85cb3) sra     s9, a6, t3
core   0: 1 0x0000000080004052 (0x41c85cb3) x25 0x00000000508d6fff
core   0: 0x0000000080004056 (0xc2207dd3) fcvt.l.d s11, ft0
core   0: 1 0x0000000080004056 (0xc2207dd3) c1_fflags 0x0000000000000010 x27 0x7fffffffffffffff
core   0: 0x000000008000405a (0xad094813) xori    a6, s2, -1328
core   0: 1 0x000000008000405a (0xad094813) x16 0xfffffffffffffad0
core   0: 0x000000008000405e (0x01a8053b) addw    a0, a6, s10
core   0: 1 0x000000008000405e (0x01a8053b) x10 0xfffffffffffffad0
core   0: 0x0000000080004062 (0x40d6d19b) sraiw   gp, a3, 13
core   0: 1 0x0000000080004062 (0x40d6d19b) x3  0x0000000000000000
core   0: 0x0000000080004066 (0xd02e73d3) fcvt.s.l ft7, t3
core   0: 1 0x0000000080004066 (0xd02e73d3) f7  0xffffffff00000000
core   0: 0x000000008000406a (0x03926233) rem     tp, tp, s9
core   0: 1 0x000000008000406a (0x03926233) x4  0x000000002f73b041
core   0: 0x000000008000406e (0xa3890753) fle.d   a4, fs2, fs8
core   0: 1 0x000000008000406e (0xa3890753) c1_fflags 0x0000000000000010 x14 0x0000000000000000
core   0: 0x0000000080004072 (0x40c75113) srai    sp, a4, 12
core   0: 1 0x0000000080004072 (0x40c75113) x2  0x0000000000000000
core   0: 0x0000000080004076 (0xc2007253) fcvt.w.d tp, ft0
core   0: 1 0x0000000080004076 (0xc2007253) c1_fflags 0x0000000000000010 x4  0x000000007fffffff
core   0: 0x000000008000407a (0xd432ea93) ori     s5, t0, -701
core   0: 1 0x000000008000407a (0xd432ea93) x21 0xfffffffffffffd67
core   0: 0x000000008000407e (0x40270cb3) sub     s9, a4, sp
core   0: 1 0x000000008000407e (0x40270cb3) x25 0x0000000000000000
core   0: 0x0000000080004082 (0x03f85213) srli    tp, a6, 63
core   0: 1 0x0000000080004082 (0x03f85213) x4  0x0000000000000001
core   0: 0x0000000080004086 (0x004819b3) sll     s3, a6, tp
core   0: 1 0x0000000080004086 (0x004819b3) x19 0xfffffffffffff5a0
core   0: 0x000000008000408a (0xabb37e4b) fnmsub.d ft8, ft6, fs11, fs5
core   0: 1 0x000000008000408a (0xabb37e4b) f28 0x7ff8000000000000
core   0: 0x000000008000408e (0x02a3e53b) remw    a0, t2, a0
core   0: 1 0x000000008000408e (0x02a3e53b) x10 0xfffffffffffffd50
core   0: 0x0000000080004092 (0xc20e71d3) fcvt.w.d gp, ft8
core   0: 1 0x0000000080004092 (0xc20e71d3) c1_fflags 0x0000000000000010 x3  0x000000007fffffff
core   0: 0x0000000080004096 (0x0a6b7ed3) fsub.d  ft9, fs6, ft6
core   0: 1 0x0000000080004096 (0x0a6b7ed3) f29 0x7ff8000000000000
core   0: 0x000000008000409a (0x0000123b) sllw    tp, zero, zero
core   0: 1 0x000000008000409a (0x0000123b) x4  0x0000000000000000
core   0: 0x000000008000409e (0x0011ca33) xor     s4, gp, ra
core   0: 1 0x000000008000409e (0x0011ca33) x20 0x00000000ffffbfeb
core   0: 0x00000000800040a2 (0x00000001) c.nop
core   0: 1 0x00000000800040a2 (0x0001)
core   0: 0x00000000800040a4 (0x95ff0017) auipc   zero, 0x95ff0
core   0: 1 0x00000000800040a4 (0x95ff0017)
core   0: 0x00000000800040a8 (0xc22a7d53) fcvt.l.d s10, fs4
core   0: 1 0x00000000800040a8 (0xc22a7d53) c1_fflags 0x0000000000000010 x26 0x7fffffffffffffff
core   0: 0x00000000800040ac (0x000cdc1b) srliw   s8, s9, 0
core   0: 1 0x00000000800040ac (0x000cdc1b) x24 0x0000000000000000
core   0: 0x00000000800040b0 (0xd21800d3) fcvt.d.wu ft1, a6
core   0: 1 0x00000000800040b0 (0xd21800d3) f1  0x41efffff5a000000
core   0: 0x00000000800040b4 (0x6fbc1317) auipc   t1, 0x6fbc1
core   0: 1 0x00000000800040b4 (0x6fbc1317) x6  0x00000000efbc50b4
core   0: 0x00000000800040b8 (0x026888bb) mulw    a7, a7, t1
core   0: 1 0x00000000800040b8 (0x026888bb) x17 0x0000000000000000
core   0: 0x00000000800040bc (0x026b7d33) remu    s10, s6, t1
core   0: 1 0x00000000800040bc (0x026b7d33) x26 0x0000000000000000
core   0: 0x00000000800040c0 (0xe2008dd3) fmv.x.d s11, ft1
core   0: 1 0x00000000800040c0 (0xe2008dd3) x27 0x41efffff5a000000
core   0: 0x00000000800040c4 (0xa23089d3) fle.d   s3, ft1, ft3
core   0: 1 0x00000000800040c4 (0xa23089d3) c1_fflags 0x0000000000000010 x19 0x0000000000000000
core   0: 0x00000000800040c8 (0xd2198153) fcvt.d.wu ft2, s3
core   0: 1 0x00000000800040c8 (0xd2198153) f2  0x0000000000000000
core   0: 0x00000000800040cc (0xd03276d3) fcvt.s.lu fa3, tp
core   0: 1 0x00000000800040cc (0xd03276d3) f13 0xffffffff00000000
core   0: 0x00000000800040d0 (0x4149da9b) sraiw   s5, s3, 20
core   0: 1 0x00000000800040d0 (0x4149da9b) x21 0x0000000000000000
core   0: 0x00000000800040d4 (0x4016fa53) fcvt.s.d fs4, fa3
core   0: 1 0x00000000800040d4 (0x4016fa53) f20 0xffffffff7fc00000
core   0: 0x00000000800040d8 (0x6c146413) ori     s0, s0, 1729
core   0: 1 0x00000000800040d8 (0x6c146413) x8  0x00000000800326c1
core   0: 0x00000000800040dc (0xea3dfecf) fnmadd.d ft9, fs11, ft3, ft9
core   0: 1 0x00000000800040dc (0xea3dfecf) f29 0x7ff8000000000000
core   0: 0x00000000800040e0 (0xc221f2d3) fcvt.l.d t0, ft3
core   0: 1 0x00000000800040e0 (0xc221f2d3) c1_fflags 0x0000000000000010 x5  0x7fffffffffffffff
core   0: 0x00000000800040e4 (0x03f41a93) slli    s5, s0, 63
core   0: 1 0x00000000800040e4 (0x03f41a93) x21 0x8000000000000000
core   0: 0x00000000800040e8 (0x010ad9bb) srlw    s3, s5, a6
core   0: 1 0x00000000800040e8 (0x010ad9bb) x19 0x0000000000000000
core   0: 0x00000000800040ec (0xd64a8d1b) addiw   s10, s5, -668
core   0: 1 0x00000000800040ec (0xd64a8d1b) x26 0xfffffffffffffd64
core   0: 0x00000000800040f0 (0xca007f4f) fnmadd.d ft10, ft0, ft0, fs9
core   0: 1 0x00000000800040f0 (0xca007f4f) f30 0x7ff8000000000000
core   0: 0x00000000800040f4 (0x41fad61b) sraiw   a2, s5, 31
core   0: 1 0x00000000800040f4 (0x41fad61b) x12 0x0000000000000000
core   0: 0x00000000800040f8 (0x3fc0001b) addiw   zero, zero, 1020
core   0: 1 0x00000000800040f8 (0x3fc0001b)
core   0: 0x00000000800040fc (0x00cd191b) slliw   s2, s10, 12
core   0: 1 0x00000000800040fc (0x00cd191b) x18 0xffffffffffd64000
core   0: 0x0000000080004100 (0x55cda297) auipc   t0, 0x55cda
core   0: 1 0x0000000080004100 (0x55cda297) x5  0x00000000d5cde100
core   0: 0x0000000080004104 (0x001c1b93) slli    s7, s8, 1
core   0: 1 0x0000000080004104 (0x001c1b93) x23 0x0000000000000000
core   0: 0x0000000080004108 (0x4322c293) xori    t0, t0, 1074
core   0: 1 0x0000000080004108 (0x4322c293) x5  0x00000000d5cde532
core   0: 0x000000008000410c (0xd0307553) fcvt.s.lu fa0, zero
core   0: 1 0x000000008000410c (0xd0307553) f10 0xffffffff00000000
core   0: 0x0000000080004110 (0xf1305773) csrrwi  a4, mimpid, 0
core   0: exception trap_illegal_instruction, epc 0x0000000080004110
core   0:           tval 0x00000000f1305773
core   0: >>>>  $xrv64i2p1_m2p0_a2p1_f2p2_d2p2_zicsr2p0_zifencei2p0_zmmul1p0_zba1p0_zbb1p0_zbc1p0_zbs1p0
core   0: 0x0000000080004000 (0x0080006f) j       pc + 0x8
core   0: 3 0x0000000080004000 (0x0080006f)
core   0: >>>>  mmode_exception_handler
core   0: 0x0000000080004008 (0x00002c17) auipc   s8, 0x2
core   0: 3 0x0000000080004008 (0x00002c17) x24 0x0000000080006008
core   0: 0x000000008000400c (0xfe6c0c13) addi    s8, s8, -26
core   0: 3 0x000000008000400c (0xfe6c0c13) x24 0x0000000080005fee
core   0: 0x0000000080004010 (0x000c00e7) jalr    s8
core   0: 3 0x0000000080004010 (0x000c00e7) x1  0x0000000080004014
core   0: >>>>  any_handler
core   0: 0x0000000080005fee (0x341027f3) csrrs   a5, mepc, zero
core   0: 3 0x0000000080005fee (0x341027f3) x15 0x0000000080004110
core   0: 0x0000000080005ff2 (0x34202773) csrrs   a4, mcause, zero
core   0: 3 0x0000000080005ff2 (0x34202773) x14 0x0000000000000002
core   0: 0x0000000080005ff6 (0x142026f3) csrrs   a3, scause, zero
core   0: 3 0x0000000080005ff6 (0x142026f3) x13 0x0000000000000000
core   0: 0x0000000080005ffa (0x30402673) csrrs   a2, mie, zero
core   0: 3 0x0000000080005ffa (0x30402673) x12 0x0000000000000a00
core   0: 0x0000000080005ffe (0x344025f3) csrrs   a1, mip, zero
core   0: 3 0x0000000080005ffe (0x344025f3) x11 0x0000000000000080
core   0: 0x0000000080006002 (0x343025f3) csrrs   a1, mtval, zero
core   0: 3 0x0000000080006002 (0x343025f3) x11 0x00000000f1305773
core   0: 0x0000000080006006 (0x14302573) csrrs   a0, stval, zero
core   0: 3 0x0000000080006006 (0x14302573) x10 0x0000000000000000
core   0: 0x000000008000600a (0xb02024f3) csrrs   s1, minstret, zero
core   0: 3 0x000000008000600a (0xb02024f3) x9  0x0000000000000813
core   0: 0x000000008000600e (0x0000a811) c.j     pc + 20
core   0: 3 0x000000008000600e (0xa811)
core   0: >>>>  mepc_4
core   0: 0x0000000080006022 (0x00000791) c.addi  a5, 4
core   0: 3 0x0000000080006022 (0x0791) x15 0x0000000080004114
core   0: 0x0000000080006024 (0x34179073) csrrw   zero, mepc, a5
core   0: 3 0x0000000080006024 (0x34179073) c833_mepc 0x0000000080004114
core   0: 0x0000000080006028 (0x30200073) mret
core   0: 3 0x0000000080006028 (0x30200073) c768_mstatus 0x8000000a00106080
core   0: 0x0000000080004114 (0x0ff0000f) fence   iorw,iorw
core   0: 1 0x0000000080004114 (0x0ff0000f)
core   0: 0x0000000080004118 (0x62e5764f) fnmadd.d fa2, fa0, fa4, fa2
core   0: 1 0x0000000080004118 (0x62e5764f) f12 0x7ff8000000000000
core   0: 0x000000008000411c (0xfff7ca93) not     s5, a5
core   0: 1 0x000000008000411c (0xfff7ca93) x21 0xffffffff7fffbeeb
core   0: 0x0000000080004120 (0x00000001) c.nop
core   0: 1 0x0000000080004120 (0x0001)
core   0: 0x0000000080004122 (0x0ff0000f) fence   iorw,iorw
core   0: 1 0x0000000080004122 (0x0ff0000f)
core   0: 0x0000000080004126 (0x00202273) csrrs   tp, frm, zero
core   0: 1 0x0000000080004126 (0x00202273) x4  0x0000000000000000
core   0: 0x000000008000412a (0xf11fd873) csrrwi  a6, mvendorid, 31
core   0: exception trap_illegal_instruction, epc 0x000000008000412a
core   0:           tval 0x00000000f11fd873
core   0: >>>>  $xrv64i2p1_m2p0_a2p1_f2p2_d2p2_zicsr2p0_zifencei2p0_zmmul1p0_zba1p0_zbb1p0_zbc1p0_zbs1p0
core   0: 0x0000000080004000 (0x0080006f) j       pc + 0x8
core   0: 3 0x0000000080004000 (0x0080006f)
core   0: >>>>  mmode_exception_handler
core   0: 0x0000000080004008 (0x00002c17) auipc   s8, 0x2
core   0: 3 0x0000000080004008 (0x00002c17) x24 0x0000000080006008
core   0: 0x000000008000400c (0xfe6c0c13) addi    s8, s8, -26
core   0: 3 0x000000008000400c (0xfe6c0c13) x24 0x0000000080005fee
core   0: 0x0000000080004010 (0x000c00e7) jalr    s8
core   0: 3 0x0000000080004010 (0x000c00e7) x1  0x0000000080004014
core   0: >>>>  any_handler
core   0: 0x0000000080005fee (0x341027f3) csrrs   a5, mepc, zero
core   0: 3 0x0000000080005fee (0x341027f3) x15 0x000000008000412a
core   0: 0x0000000080005ff2 (0x34202773) csrrs   a4, mcause, zero
core   0: 3 0x0000000080005ff2 (0x34202773) x14 0x0000000000000002
core   0: 0x0000000080005ff6 (0x142026f3) csrrs   a3, scause, zero
core   0: 3 0x0000000080005ff6 (0x142026f3) x13 0x0000000000000000
core   0: 0x0000000080005ffa (0x30402673) csrrs   a2, mie, zero
core   0: 3 0x0000000080005ffa (0x30402673) x12 0x0000000000000a00
core   0: 0x0000000080005ffe (0x344025f3) csrrs   a1, mip, zero
core   0: 3 0x0000000080005ffe (0x344025f3) x11 0x0000000000000080
core   0: 0x0000000080006002 (0x343025f3) csrrs   a1, mtval, zero
core   0: 3 0x0000000080006002 (0x343025f3) x11 0x00000000f11fd873
core   0: 0x0000000080006006 (0x14302573) csrrs   a0, stval, zero
core   0: 3 0x0000000080006006 (0x14302573) x10 0x0000000000000000
core   0: 0x000000008000600a (0xb02024f3) csrrs   s1, minstret, zero
core   0: 3 0x000000008000600a (0xb02024f3) x9  0x0000000000000829
core   0: 0x000000008000600e (0x0000a811) c.j     pc + 20
core   0: 3 0x000000008000600e (0xa811)
core   0: >>>>  mepc_4
core   0: 0x0000000080006022 (0x00000791) c.addi  a5, 4
core   0: 3 0x0000000080006022 (0x0791) x15 0x000000008000412e
core   0: 0x0000000080006024 (0x34179073) csrrw   zero, mepc, a5
core   0: 3 0x0000000080006024 (0x34179073) c833_mepc 0x000000008000412e
core   0: 0x0000000080006028 (0x30200073) mret
core   0: 3 0x0000000080006028 (0x30200073) c768_mstatus 0x8000000a00106080
core   0: 0x000000008000412e (0x022d4717) auipc   a4, 0x22d4
core   0: 1 0x000000008000412e (0x022d4717) x14 0x00000000822d812e
core   0: 0x0000000080004132 (0xd02df953) fcvt.s.l fs2, s11
core   0: 1 0x0000000080004132 (0xd02df953) c1_fflags 0x0000000000000011 f18 0xffffffff5e83e000
core   0: 0x0000000080004136 (0x4010fcd3) fcvt.s.d fs9, ft1
core   0: 1 0x0000000080004136 (0x4010fcd3) c1_fflags 0x0000000000000011 f25 0xffffffff4f7ffffb
core   0: 0x000000008000413a (0x0ff0000f) fence   iorw,iorw
core   0: 1 0x000000008000413a (0x0ff0000f)
core   0: 0x000000008000413e (0x405a00bb) subw    ra, s4, t0
core   0: 1 0x000000008000413e (0x405a00bb) x1  0x000000002a31dab9
core   0: 0x0000000080004142 (0x0010f6b3) and     a3, ra, ra
core   0: 1 0x0000000080004142 (0x0010f6b3) x13 0x000000002a31dab9
core   0: 0x0000000080004146 (0x0386d513) srli    a0, a3, 56
core   0: 1 0x0000000080004146 (0x0386d513) x10 0x0000000000000000
core   0: 0x000000008000414a (0x03621d33) mulh    s10, tp, s6
core   0: 1 0x000000008000414a (0x03621d33) x26 0x0000000000000000
core   0: 0x000000008000414e (0x0ff0000f) fence   iorw,iorw
core   0: 1 0x000000008000414e (0x0ff0000f)
core   0: 0x0000000080004152 (0x02ae4e3b) divw    t3, t3, a0
core   0: 1 0x0000000080004152 (0x02ae4e3b) x28 0xffffffffffffffff
core   0: 0x0000000080004156 (0x420b8853) fcvt.d.s fa6, fs7
core   0: 1 0x0000000080004156 (0x420b8853) f16 0x0000000000000000
core   0: 0x000000008000415a (0x14427913) andi    s2, tp, 324
core   0: 1 0x000000008000415a (0x14427913) x18 0x0000000000000000
core   0: 0x000000008000415e (0x40065e9b) sraiw   t4, a2, 0
core   0: 1 0x000000008000415e (0x40065e9b) x29 0x0000000000000a00
core   0: 0x0000000080004162 (0x037e3bb3) mulhu   s7, t3, s7
core   0: 1 0x0000000080004162 (0x037e3bb3) x23 0x0000000000000000
core   0: 0x0000000080004166 (0xc03ff353) fcvt.lu.s t1, ft11
core   0: 1 0x0000000080004166 (0xc03ff353) c1_fflags 0x0000000000000011 x6  0xffffffffffffffff
core   0: 0x000000008000416a (0x405408bb) subw    a7, s0, t0
core   0: 1 0x000000008000416a (0x405408bb) x17 0xffffffffaa35418f
core   0: 0x000000008000416e (0x4013f753) fcvt.s.d fa4, ft7
core   0: 1 0x000000008000416e (0x4013f753) f14 0xffffffff7fc00000
core   0: 0x0000000080004172 (0x00000001) c.nop
core   0: 1 0x0000000080004172 (0x0001)
core   0: 0x0000000080004174 (0xc204fc53) fcvt.w.d s8, fs1
core   0: 1 0x0000000080004174 (0xc204fc53) c1_fflags 0x0000000000000011 x24 0x000000007fffffff
core   0: 0x0000000080004178 (0x401af5d3) fcvt.s.d fa1, fs5
core   0: 1 0x0000000080004178 (0x401af5d3) f11 0xffffffff7fc00000
core   0: 0x000000008000417c (0x105cb0f3) csrrc   ra, stvec, s9
core   0: 1 0x000000008000417c (0x105cb0f3) x1  0x0000000000000000 c261_stvec 0x0000000000000000
core   0: 0x0000000080004180 (0x025b6133) rem     sp, s6, t0
core   0: 1 0x0000000080004180 (0x025b6133) x2  0x0000000000000000
core   0: 0x0000000080004184 (0x001e059b) addiw   a1, t3, 1
core   0: 1 0x0000000080004184 (0x001e059b) x11 0x0000000000000000
core   0: 0x0000000080004188 (0x41bd873b) subw    a4, s11, s11
core   0: 1 0x0000000080004188 (0x41bd873b) x14 0x0000000000000000
core   0: 0x000000008000418c (0x019a8d33) add     s10, s5, s9
core   0: 1 0x000000008000418c (0x019a8d33) x26 0xffffffff7fffbeeb
core   0: 0x0000000080004190 (0x0023033b) addw    t1, t1, sp
core   0: 1 0x0000000080004190 (0x0023033b) x6  0xffffffffffffffff
core   0: 0x0000000080004194 (0xd03172d3) fcvt.s.lu ft5, sp
core   0: 1 0x0000000080004194 (0xd03172d3) f5  0xffffffff00000000
core   0: 0x0000000080004198 (0x00259d33) sll     s10, a1, sp
core   0: 1 0x0000000080004198 (0x00259d33) x26 0x0000000000000000
core   0: 0x000000008000419c (0x5a04ffd3) fsqrt.d ft11, fs1
core   0: 1 0x000000008000419c (0x5a04ffd3) f31 0x7ff8000000000000
core   0: 0x00000000800041a0 (0x6f658c13) addi    s8, a1, 1782
core   0: 1 0x00000000800041a0 (0x6f658c13) x24 0x00000000000006f6
core   0: 0x00000000800041a4 (0x74763673) csrrc   a2, mseccfg, a2
core   0: exception trap_illegal_instruction, epc 0x00000000800041a4
core   0:           tval 0x0000000074763673
core   0: >>>>  $xrv64i2p1_m2p0_a2p1_f2p2_d2p2_zicsr2p0_zifencei2p0_zmmul1p0_zba1p0_zbb1p0_zbc1p0_zbs1p0
core   0: 0x0000000080004000 (0x0080006f) j       pc + 0x8
core   0: 3 0x0000000080004000 (0x0080006f)
core   0: >>>>  mmode_exception_handler
core   0: 0x0000000080004008 (0x00002c17) auipc   s8, 0x2
core   0: 3 0x0000000080004008 (0x00002c17) x24 0x0000000080006008
core   0: 0x000000008000400c (0xfe6c0c13) addi    s8, s8, -26
core   0: 3 0x000000008000400c (0xfe6c0c13) x24 0x0000000080005fee
core   0: 0x0000000080004010 (0x000c00e7) jalr    s8
core   0: 3 0x0000000080004010 (0x000c00e7) x1  0x0000000080004014
core   0: >>>>  any_handler
core   0: 0x0000000080005fee (0x341027f3) csrrs   a5, mepc, zero
core   0: 3 0x0000000080005fee (0x341027f3) x15 0x00000000800041a4
core   0: 0x0000000080005ff2 (0x34202773) csrrs   a4, mcause, zero
core   0: 3 0x0000000080005ff2 (0x34202773) x14 0x0000000000000002
core   0: 0x0000000080005ff6 (0x142026f3) csrrs   a3, scause, zero
core   0: 3 0x0000000080005ff6 (0x142026f3) x13 0x0000000000000000
core   0: 0x0000000080005ffa (0x30402673) csrrs   a2, mie, zero
core   0: 3 0x0000000080005ffa (0x30402673) x12 0x0000000000000a00
core   0: 0x0000000080005ffe (0x344025f3) csrrs   a1, mip, zero
core   0: 3 0x0000000080005ffe (0x344025f3) x11 0x0000000000000080
core   0: 0x0000000080006002 (0x343025f3) csrrs   a1, mtval, zero
core   0: 3 0x0000000080006002 (0x343025f3) x11 0x0000000074763673
core   0: 0x0000000080006006 (0x14302573) csrrs   a0, stval, zero
core   0: 3 0x0000000080006006 (0x14302573) x10 0x0000000000000000
core   0: 0x000000008000600a (0xb02024f3) csrrs   s1, minstret, zero
core   0: 3 0x000000008000600a (0xb02024f3) x9  0x0000000000000857
core   0: 0x000000008000600e (0x0000a811) c.j     pc + 20
core   0: 3 0x000000008000600e (0xa811)
core   0: >>>>  mepc_4
core   0: 0x0000000080006022 (0x00000791) c.addi  a5, 4
core   0: 3 0x0000000080006022 (0x0791) x15 0x00000000800041a8
core   0: 0x0000000080006024 (0x34179073) csrrw   zero, mepc, a5
core   0: 3 0x0000000080006024 (0x34179073) c833_mepc 0x00000000800041a8
core   0: 0x0000000080006028 (0x30200073) mret
core   0: 3 0x0000000080006028 (0x30200073) c768_mstatus 0x8000000a00106080
core   0: 0x00000000800041a8 (0x02186ebb) remw    t4, a6, ra
core   0: 1 0x00000000800041a8 (0x02186ebb) x29 0xfffffffffffffad0
core   0: 0x00000000800041ac (0x00261173) csrrw   sp, frm, a2
core   0: 1 0x00000000800041ac (0x00261173) x2  0x0000000000000000 c2_frm 0x0000000000000000
core   0: 0x00000000800041b0 (0xc03b7453) fcvt.lu.s s0, fs6
core   0: 1 0x00000000800041b0 (0xc03b7453) x8  0x0000000000000000
core   0: 0x00000000800041b4 (0x121f0db7) lui     s11, 0x121f0
core   0: 1 0x00000000800041b4 (0x121f0db7) x27 0x00000000121f0000
core   0: 0x00000000800041b8 (0x0007d79b) srliw   a5, a5, 0
core   0: 1 0x00000000800041b8 (0x0007d79b) x15 0xffffffff800041a8
core   0: 0x00000000800041bc (0x680dc313) xori    t1, s11, 1664
core   0: 1 0x00000000800041bc (0x680dc313) x6  0x00000000121f0680
core   0: 0x00000000800041c0 (0x00202e73) csrrs   t3, frm, zero
core   0: 1 0x00000000800041c0 (0x00202e73) x28 0x0000000000000000
core   0: 0x00000000800041c4 (0x1a5ff653) fdiv.d  fa2, ft11, ft5
core   0: 1 0x00000000800041c4 (0x1a5ff653) f12 0x7ff8000000000000
core   0: 0x00000000800041c8 (0xd2058ed3) fcvt.d.w ft9, a1
core   0: 1 0x00000000800041c8 (0xd2058ed3) f29 0x41dd1d8d9cc00000
core   0: 0x00000000800041cc (0x730e7847) fmsub.d fa6, ft8, fa6, fa4
core   0: 1 0x00000000800041cc (0x730e7847) f16 0x7ff8000000000000
core   0: 0x00000000800041d0 (0x9ae7f193) andi    gp, a5, -1618
core   0: 1 0x00000000800041d0 (0x9ae7f193) x3  0xffffffff800041a8
core   0: 0x00000000800041d4 (0x01acdd3b) srlw    s10, s9, s10
core   0: 1 0x00000000800041d4 (0x01acdd3b) x26 0x0000000000000000
core   0: 0x00000000800041d8 (0x0257d433) divu    s0, a5, t0
core   0: 1 0x00000000800041d8 (0x0257d433) x8  0x000000013285f921
core   0: 0x00000000800041dc (0x4ac40a1b) addiw   s4, s0, 1196
core   0: 1 0x00000000800041dc (0x4ac40a1b) x20 0x000000003285fdcd
core   0: 0x00000000800041e0 (0xc23df0d3) fcvt.lu.d ra, fs11
core   0: 1 0x00000000800041e0 (0xc23df0d3) c1_fflags 0x0000000000000011 x1  0xffffffffffffffff
core   0: 0x00000000800041e4 (0x03926b33) rem     s6, tp, s9
core   0: 1 0x00000000800041e4 (0x03926b33) x22 0x0000000000000000
core   0: 0x00000000800041e8 (0x00001eea) c.slli  t4, 58
core   0: 1 0x00000000800041e8 (0x1eea) x29 0x4000000000000000
core   0: 0x00000000800041ea (0x03b2f7bb) remuw   a5, t0, s11
core   0: 1 0x00000000800041ea (0x03b2f7bb) x15 0x000000000e78e532
core   0: 0x00000000800041ee (0x00fc0c3b) addw    s8, s8, a5
core   0: 1 0x00000000800041ee (0x00fc0c3b) x24 0xffffffff8e794520
core   0: 0x00000000800041f2 (0x40f857b3) sra     a5, a6, a5
core   0: 1 0x00000000800041f2 (0x40f857b3) x15 0xffffffffffffffff
core   0: 0x00000000800041f6 (0x02b5f033) remu    zero, a1, a1
core   0: 1 0x00000000800041f6 (0x02b5f033)
core   0: 0x00000000800041fa (0x99edfa13) andi    s4, s11, -1634
core   0: 1 0x00000000800041fa (0x99edfa13) x20 0x00000000121f0000
core   0: 0x00000000800041fe (0xdbc77e4b) fnmsub.d ft8, fa4, ft8, fs11
core   0: 1 0x00000000800041fe (0xdbc77e4b) f28 0x7ff8000000000000
core   0: 0x0000000080004202 (0xf139bbf3) csrrc   s7, mimpid, s3
core   0: exception trap_illegal_instruction, epc 0x0000000080004202
core   0:           tval 0x00000000f139bbf3
core   0: >>>>  $xrv64i2p1_m2p0_a2p1_f2p2_d2p2_zicsr2p0_zifencei2p0_zmmul1p0_zba1p0_zbb1p0_zbc1p0_zbs1p0
core   0: 0x0000000080004000 (0x0080006f) j       pc + 0x8
core   0: 3 0x0000000080004000 (0x0080006f)
core   0: >>>>  mmode_exception_handler
core   0: 0x0000000080004008 (0x00002c17) auipc   s8, 0x2
core   0: 3 0x0000000080004008 (0x00002c17) x24 0x0000000080006008
core   0: 0x000000008000400c (0xfe6c0c13) addi    s8, s8, -26
core   0: 3 0x000000008000400c (0xfe6c0c13) x24 0x0000000080005fee
core   0: 0x0000000080004010 (0x000c00e7) jalr    s8
core   0: 3 0x0000000080004010 (0x000c00e7) x1  0x0000000080004014
core   0: >>>>  any_handler
core   0: 0x0000000080005fee (0x341027f3) csrrs   a5, mepc, zero
core   0: 3 0x0000000080005fee (0x341027f3) x15 0x0000000080004202
core   0: 0x0000000080005ff2 (0x34202773) csrrs   a4, mcause, zero
core   0: 3 0x0000000080005ff2 (0x34202773) x14 0x0000000000000002
core   0: 0x0000000080005ff6 (0x142026f3) csrrs   a3, scause, zero
core   0: 3 0x0000000080005ff6 (0x142026f3) x13 0x0000000000000000
core   0: 0x0000000080005ffa (0x30402673) csrrs   a2, mie, zero
core   0: 3 0x0000000080005ffa (0x30402673) x12 0x0000000000000a00
core   0: 0x0000000080005ffe (0x344025f3) csrrs   a1, mip, zero
core   0: 3 0x0000000080005ffe (0x344025f3) x11 0x0000000000000080
core   0: 0x0000000080006002 (0x343025f3) csrrs   a1, mtval, zero
core   0: 3 0x0000000080006002 (0x343025f3) x11 0x00000000f139bbf3
core   0: 0x0000000080006006 (0x14302573) csrrs   a0, stval, zero
core   0: 3 0x0000000080006006 (0x14302573) x10 0x0000000000000000
core   0: 0x000000008000600a (0xb02024f3) csrrs   s1, minstret, zero
core   0: 3 0x000000008000600a (0xb02024f3) x9  0x000000000000087e
core   0: 0x000000008000600e (0x0000a811) c.j     pc + 20
core   0: 3 0x000000008000600e (0xa811)
core   0: >>>>  mepc_4
core   0: 0x0000000080006022 (0x00000791) c.addi  a5, 4
core   0: 3 0x0000000080006022 (0x0791) x15 0x0000000080004206
core   0: 0x0000000080006024 (0x34179073) csrrw   zero, mepc, a5
core   0: 3 0x0000000080006024 (0x34179073) c833_mepc 0x0000000080004206
core   0: 0x0000000080006028 (0x30200073) mret
core   0: 3 0x0000000080006028 (0x30200073) c768_mstatus 0x8000000a00106080
core   0: 0x0000000080004206 (0x0346d6bb) divuw   a3, a3, s4
core   0: 1 0x0000000080004206 (0x0346d6bb) x13 0x0000000000000000
core   0: 0x000000008000420a (0xd23dfed3) fcvt.d.lu ft9, s11
core   0: 1 0x000000008000420a (0xd23dfed3) f29 0x41b21f0000000000
core   0: 0x000000008000420e (0x0156d99b) srliw   s3, a3, 21
core   0: 1 0x000000008000420e (0x0156d99b) x19 0x0000000000000000
core   0: 0x0000000080004212 (0x0ff0000f) fence   iorw,iorw
core   0: 1 0x0000000080004212 (0x0ff0000f)
core   0: 0x0000000080004216 (0x00089893) slli    a7, a7, 0
core   0: 1 0x0000000080004216 (0x00089893) x17 0xffffffffaa35418f
core   0: 0x000000008000421a (0xd2020253) fcvt.d.w ft4, tp
core   0: 1 0x000000008000421a (0xd2020253) f4  0x0000000000000000
core   0: 0x000000008000421e (0x153a7993) andi    s3, s4, 339
core   0: 1 0x000000008000421e (0x153a7993) x19 0x0000000000000000
core   0: 0x0000000080004222 (0xf9b696b7) lui     a3, 0xf9b69
core   0: 1 0x0000000080004222 (0xf9b696b7) x13 0xfffffffff9b69000
core   0: 0x0000000080004226 (0xbe16869b) addiw   a3, a3, -1055
core   0: 1 0x0000000080004226 (0xbe16869b) x13 0xfffffffff9b68be1
core   0: 0x000000008000422a (0x000006b2) c.slli  a3, 12
core   0: 1 0x000000008000422a (0x06b2) x13 0xffffff9b68be1000
core   0: 0x000000008000422c (0x6cb68693) addi    a3, a3, 1739
core   0: 1 0x000000008000422c (0x6cb68693) x13 0xffffff9b68be16cb
core   0: 0x0000000080004230 (0x41330cbb) subw    s9, t1, s3
core   0: 1 0x0000000080004230 (0x41330cbb) x25 0x00000000121f0680
core   0: 0x0000000080004234 (0x0386d5bb) divuw   a1, a3, s8
core   0: 1 0x0000000080004234 (0x0386d5bb) x11 0x0000000000000000
core   0: 0x0000000080004238 (0x010c8bb3) add     s7, s9, a6
core   0: 1 0x0000000080004238 (0x010c8bb3) x23 0x00000000121f0150
core   0: 0x000000008000423c (0x238ba353) fsgnjx.d ft6, fs7, fs8
core   0: 1 0x000000008000423c (0x238ba353) f6  0x7fffffff00000000
core   0: 0x0000000080004240 (0x41d80dbb) subw    s11, a6, t4
core   0: 1 0x0000000080004240 (0x41d80dbb) x27 0xfffffffffffffad0
core   0: 0x0000000080004244 (0xe20386d3) fmv.x.d a3, ft7
core   0: 1 0x0000000080004244 (0xe20386d3) x13 0xffffffff00000000
core   0: 0x0000000080004248 (0x00395793) srli    a5, s2, 3
core   0: 1 0x0000000080004248 (0x00395793) x15 0x0000000000000000
core   0: 0x000000008000424c (0x33a90e93) addi    t4, s2, 826
core   0: 1 0x000000008000424c (0x33a90e93) x29 0x000000000000033a
core   0: 0x0000000080004250 (0xd03ef953) fcvt.s.lu fs2, t4
core   0: 1 0x0000000080004250 (0xd03ef953) f18 0xffffffff444e8000
core   0: 0x0000000080004254 (0x12d2f5d3) fmul.d  fa1, ft5, fa3
core   0: 1 0x0000000080004254 (0x12d2f5d3) f11 0x7ff8000000000000
core   0: 0x0000000080004258 (0x02fef233) remu    tp, t4, a5
core   0: 1 0x0000000080004258 (0x02fef233) x4  0x000000000000033a
core   0: 0x000000008000425c (0x00000001) c.nop
core   0: 1 0x000000008000425c (0x0001)
core   0: 0x000000008000425e (0x005916bb) sllw    a3, s2, t0
core   0: 1 0x000000008000425e (0x005916bb) x13 0x0000000000000000
core   0: 0x0000000080004262 (0x9fa09197) auipc   gp, 0x9fa09
core   0: 1 0x0000000080004262 (0x9fa09197) x3  0x000000001fa0d262
core   0: 0x0000000080004266 (0x00839a3b) sllw    s4, t2, s0
core   0: 1 0x0000000080004266 (0x00839a3b) x20 0x000000005ee52000
core   0: 0x000000008000426a (0xc236fb53) fcvt.lu.d s6, fa3
core   0: 1 0x000000008000426a (0xc236fb53) c1_fflags 0x0000000000000011 x22 0xffffffffffffffff
core   0: 0x000000008000426e (0x400b5a93) srai    s5, s6, 0
core   0: 1 0x000000008000426e (0x400b5a93) x21 0xffffffffffffffff
core   0: 0x0000000080004272 (0x0ff0000f) fence   iorw,iorw
core   0: 1 0x0000000080004272 (0x0ff0000f)
core   0: 0x0000000080004276 (0x4000d11b) sraiw   sp, ra, 0
core   0: 1 0x0000000080004276 (0x4000d11b) x2  0xffffffff80004014
core   0: 0x000000008000427a (0xf20083d3) fmv.d.x ft7, ra
core   0: 1 0x000000008000427a (0xf20083d3) f7  0x0000000080004014
core   0: 0x000000008000427e (0x000007b3) add     a5, zero, zero
core   0: 1 0x000000008000427e (0x000007b3) x15 0x0000000000000000
core   0: 0x0000000080004282 (0x006ca3b3) slt     t2, s9, t1
core   0: 1 0x0000000080004282 (0x006ca3b3) x7  0x0000000000000000
core   0: 0x0000000080004286 (0xc2087753) fcvt.w.d a4, fa6
core   0: 1 0x0000000080004286 (0xc2087753) c1_fflags 0x0000000000000011 x14 0x000000007fffffff
core   0: 0x000000008000428a (0x400add93) srai    s11, s5, 0
core   0: 1 0x000000008000428a (0x400add93) x27 0xffffffffffffffff
core   0: 0x000000008000428e (0x02507053) fadd.d  ft0, ft0, ft5
core   0: 1 0x000000008000428e (0x02507053) f0  0x7ff8000000000000
core   0: 0x0000000080004292 (0x2250a0d3) fsgnjx.d ft1, ft1, ft5
core   0: 1 0x0000000080004292 (0x2250a0d3) f1  0xc1efffff5a000000
core   0: 0x0000000080004296 (0x00da66b3) or      a3, s4, a3
core   0: 1 0x0000000080004296 (0x00da66b3) x13 0x000000005ee52000
core   0: 0x000000008000429a (0x2bb096d3) fmax.d  fa3, ft1, fs11
core   0: 1 0x000000008000429a (0x2bb096d3) f13 0xc1efffff5a000000
core   0: 0x000000008000429e (0x221413d3) fsgnjn.d ft7, fs0, ft1
core   0: 1 0x000000008000429e (0x221413d3) f7  0x7fffffff00000000
core   0: 0x00000000800042a2 (0x00000001) c.nop
core   0: 1 0x00000000800042a2 (0x0001)
core   0: 0x00000000800042a4 (0xc02ef4d3) fcvt.l.s s1, ft9
core   0: 1 0x00000000800042a4 (0xc02ef4d3) c1_fflags 0x0000000000000011 x9  0x7fffffffffffffff
core   0: 0x00000000800042a8 (0x01c69b33) sll     s6, a3, t3
core   0: 1 0x00000000800042a8 (0x01c69b33) x22 0x000000005ee52000
core   0: 0x00000000800042ac (0x032d5a33) divu    s4, s10, s2
core   0: 1 0x00000000800042ac (0x032d5a33) x20 0xffffffffffffffff
core   0: 0x00000000800042b0 (0x01dad2b3) srl     t0, s5, t4
core   0: 1 0x00000000800042b0 (0x01dad2b3) x5  0x000000000000003f
core   0: 0x00000000800042b4 (0x0089d99b) srliw   s3, s3, 8
core   0: 1 0x00000000800042b4 (0x0089d99b) x19 0x0000000000000000
core   0: 0x00000000800042b8 (0xc2247a53) fcvt.l.d s4, fs0
core   0: 1 0x00000000800042b8 (0xc2247a53) c1_fflags 0x0000000000000011 x20 0x7fffffffffffffff
core   0: 0x00000000800042bc (0x42048bd3) fcvt.d.s fs7, fs1
core   0: 1 0x00000000800042bc (0x42048bd3) f23 0x0000000000000000
core   0: 0x00000000800042c0 (0x418787bb) subw    a5, a5, s8
core   0: 1 0x00000000800042c0 (0x418787bb) x15 0x000000007fffa012
core   0: 0x00000000800042c4 (0x9252fa13) andi    s4, t0, -1755
core   0: 1 0x00000000800042c4 (0x9252fa13) x20 0x0000000000000025
core   0: 0x00000000800042c8 (0x00a9963b) sllw    a2, s3, a0
core   0: 1 0x00000000800042c8 (0x00a9963b) x12 0x0000000000000000
core   0: 0x00000000800042cc (0x8b597143) fmadd.d ft2, fs2, fs5, fa7
core   0: 1 0x00000000800042cc (0x8b597143) f2  0x7ff8000000000000
core   0: 0x00000000800042d0 (0x00000001) c.nop
core   0: 1 0x00000000800042d0 (0x0001)
core   0: 0x00000000800042d2 (0x2b068fd3) fmin.d  ft11, fa3, fa6
core   0: 1 0x00000000800042d2 (0x2b068fd3) f31 0xc1efffff5a000000
core   0: 0x00000000800042d6 (0xff8c1bb7) lui     s7, 0xff8c1
core   0: 1 0x00000000800042d6 (0xff8c1bb7) x23 0xffffffffff8c1000
core   0: 0x00000000800042da (0xd15b8b9b) addiw   s7, s7, -747
core   0: 1 0x00000000800042da (0xd15b8b9b) x23 0xffffffffff8c0d15
core   0: 0x00000000800042de (0x00000bbe) c.slli  s7, 15
core   0: 1 0x00000000800042de (0x0bbe) x23 0xffffffc6068a8000
core   0: 0x00000000800042e0 (0xbc7b8b93) addi    s7, s7, -1081
core   0: 1 0x00000000800042e0 (0xbc7b8b93) x23 0xffffffc6068a7bc7
core   0: 0x00000000800042e4 (0x00202a73) csrrs   s4, frm, zero
core   0: 1 0x00000000800042e4 (0x00202a73) x20 0x0000000000000000
core   0: 0x00000000800042e8 (0xd21c01d3) fcvt.d.wu ft3, s8
core   0: 1 0x00000000800042e8 (0xd21c01d3) f3  0x41e0000bfdc00000
core   0: 0x00000000800042ec (0x33b7d597) auipc   a1, 0x33b7d
core   0: 1 0x00000000800042ec (0x33b7d597) x11 0x00000000b3b812ec
core   0: 0x00000000800042f0 (0xa30d881b) addiw   a6, s11, -1488
core   0: 1 0x00000000800042f0 (0xa30d881b) x16 0xfffffffffffffa2f
core   0: 0x00000000800042f4 (0x0231b1b3) mulhu   gp, gp, gp
core   0: 1 0x00000000800042f4 (0x0231b1b3) x3  0x0000000000000000
core   0: 0x00000000800042f8 (0x033356b3) divu    a3, t1, s3
core   0: 1 0x00000000800042f8 (0x033356b3) x13 0xffffffffffffffff
core   0: 0x00000000800042fc (0x41518b33) sub     s6, gp, s5
core   0: 1 0x00000000800042fc (0x41518b33) x22 0x0000000000000001
core   0: 0x0000000080004300 (0x00f181bb) addw    gp, gp, a5
core   0: 1 0x0000000080004300 (0x00f181bb) x3  0x000000007fffa012
core   0: 0x0000000080004304 (0x23d383d3) fsgnj.d ft7, ft7, ft9
core   0: 1 0x0000000080004304 (0x23d383d3) f7  0x7fffffff00000000
core   0: 0x0000000080004308 (0x00000001) c.nop
core   0: 1 0x0000000080004308 (0x0001)
core   0: 0x000000008000430a (0x409182b3) sub     t0, gp, s1
core   0: 1 0x000000008000430a (0x409182b3) x5  0x800000007fffa013
core   0: 0x000000008000430e (0x74304ab7) lui     s5, 0x74304
core   0: 1 0x000000008000430e (0x74304ab7) x21 0x0000000074304000
core   0: 0x0000000080004312 (0xf252f947) fmsub.d fs2, ft5, ft5, ft10
core   0: 1 0x0000000080004312 (0xf252f947) f18 0x7ff8000000000000
core   0: 0x0000000080004316 (0x3064a373) csrrs   t1, mcounteren, s1
core   0: exception trap_illegal_instruction, epc 0x0000000080004316
core   0:           tval 0x000000003064a373
core   0: >>>>  $xrv64i2p1_m2p0_a2p1_f2p2_d2p2_zicsr2p0_zifencei2p0_zmmul1p0_zba1p0_zbb1p0_zbc1p0_zbs1p0
core   0: 0x0000000080004000 (0x0080006f) j       pc + 0x8
core   0: 3 0x0000000080004000 (0x0080006f)
core   0: >>>>  mmode_exception_handler
core   0: 0x0000000080004008 (0x00002c17) auipc   s8, 0x2
core   0: 3 0x0000000080004008 (0x00002c17) x24 0x0000000080006008
core   0: 0x000000008000400c (0xfe6c0c13) addi    s8, s8, -26
core   0: 3 0x000000008000400c (0xfe6c0c13) x24 0x0000000080005fee
core   0: 0x0000000080004010 (0x000c00e7) jalr    s8
core   0: 3 0x0000000080004010 (0x000c00e7) x1  0x0000000080004014
core   0: >>>>  any_handler
core   0: 0x0000000080005fee (0x341027f3) csrrs   a5, mepc, zero
core   0: 3 0x0000000080005fee (0x341027f3) x15 0x0000000080004316
core   0: 0x0000000080005ff2 (0x34202773) csrrs   a4, mcause, zero
core   0: 3 0x0000000080005ff2 (0x34202773) x14 0x0000000000000002
core   0: 0x0000000080005ff6 (0x142026f3) csrrs   a3, scause, zero
core   0: 3 0x0000000080005ff6 (0x142026f3) x13 0x0000000000000000
core   0: 0x0000000080005ffa (0x30402673) csrrs   a2, mie, zero
core   0: 3 0x0000000080005ffa (0x30402673) x12 0x0000000000000a00
core   0: 0x0000000080005ffe (0x344025f3) csrrs   a1, mip, zero
core   0: 3 0x0000000080005ffe (0x344025f3) x11 0x0000000000000080
core   0: 0x0000000080006002 (0x343025f3) csrrs   a1, mtval, zero
core   0: 3 0x0000000080006002 (0x343025f3) x11 0x000000003064a373
core   0: 0x0000000080006006 (0x14302573) csrrs   a0, stval, zero
core   0: 3 0x0000000080006006 (0x14302573) x10 0x0000000000000000
core   0: 0x000000008000600a (0xb02024f3) csrrs   s1, minstret, zero
core   0: 3 0x000000008000600a (0xb02024f3) x9  0x00000000000008d5
core   0: 0x000000008000600e (0x0000a811) c.j     pc + 20
core   0: 3 0x000000008000600e (0xa811)
core   0: >>>>  mepc_4
core   0: 0x0000000080006022 (0x00000791) c.addi  a5, 4
core   0: 3 0x0000000080006022 (0x0791) x15 0x000000008000431a
core   0: 0x0000000080006024 (0x34179073) csrrw   zero, mepc, a5
core   0: 3 0x0000000080006024 (0x34179073) c833_mepc 0x000000008000431a
core   0: 0x0000000080006028 (0x30200073) mret
core   0: 3 0x0000000080006028 (0x30200073) c768_mstatus 0x8000000a00106080
core   0: 0x000000008000431a (0x8008f213) andi    tp, a7, -2048
core   0: 1 0x000000008000431a (0x8008f213) x4  0xffffffffaa354000
core   0: 0x000000008000431e (0x404ed03b) sraw    zero, t4, tp
core   0: 1 0x000000008000431e (0x404ed03b)
core   0: 0x0000000080004322 (0x03a9d9bb) divuw   s3, s3, s10
core   0: 1 0x0000000080004322 (0x03a9d9bb) x19 0xffffffffffffffff
core   0: 0x0000000080004326 (0x0330443b) divw    s0, zero, s3
core   0: 1 0x0000000080004326 (0x0330443b) x8  0x0000000000000000
core   0: 0x000000008000432a (0xc23373d3) fcvt.lu.d t2, ft6
core   0: 1 0x000000008000432a (0xc23373d3) c1_fflags 0x0000000000000011 x7  0xffffffffffffffff
core   0: 0x000000008000432e (0x00838bbb) addw    s7, t2, s0
core   0: 1 0x000000008000432e (0x00838bbb) x23 0xffffffffffffffff
core   0: 0x0000000080004332 (0x00216133) or      sp, sp, sp
core   0: 1 0x0000000080004332 (0x00216133) x2  0xffffffff80004014
core   0: 0x0000000080004336 (0x000edc1b) srliw   s8, t4, 0
core   0: 1 0x0000000080004336 (0x000edc1b) x24 0x000000000000033a
core   0: 0x000000008000433a (0xd02c7053) fcvt.s.l ft0, s8
core   0: 1 0x000000008000433a (0xd02c7053) f0  0xffffffff444e8000
core   0: 0x000000008000433e (0x00000001) c.nop
core   0: 1 0x000000008000433e (0x0001)
core   0: 0x0000000080004340 (0x01130dbb) addw    s11, t1, a7
core   0: 1 0x0000000080004340 (0x01130dbb) x27 0xffffffffbc54480f
core   0: 0x0000000080004344 (0x512dc393) xori    t2, s11, 1298
core   0: 1 0x0000000080004344 (0x512dc393) x7  0xffffffffbc544d1d
core   0: 0x0000000080004348 (0x006dad33) slt     s10, s11, t1
core   0: 1 0x0000000080004348 (0x006dad33) x26 0x0000000000000001
core   0: 0x000000008000434c (0x002696f3) csrrw   a3, frm, a3
core   0: 1 0x000000008000434c (0x002696f3) x13 0x0000000000000000 c2_frm 0x0000000000000000
core   0: 0x0000000080004350 (0xd2120553) fcvt.d.wu fa0, tp
core   0: 1 0x0000000080004350 (0xd2120553) f10 0x41e546a800000000
core   0: 0x0000000080004354 (0x007d151b) slliw   a0, s10, 7
core   0: 1 0x0000000080004354 (0x007d151b) x10 0x0000000000000080
core   0: 0x0000000080004358 (0x92fb70cf) fnmadd.d ft1, fs6, fa5, fs2
core   0: 1 0x0000000080004358 (0x92fb70cf) f1  0x7ff8000000000000
core   0: 0x000000008000435c (0x016e70b3) and     ra, t3, s6
core   0: 1 0x000000008000435c (0x016e70b3) x1  0x0000000000000000
core   0: 0x0000000080004360 (0x22a00fd3) fsgnj.d ft11, ft0, fa0
core   0: 1 0x0000000080004360 (0x22a00fd3) f31 0x7fffffff444e8000
core   0: 0x0000000080004364 (0x011e48b3) xor     a7, t3, a7
core   0: 1 0x0000000080004364 (0x011e48b3) x17 0xffffffffaa35418f
core   0: 0x0000000080004368 (0x007c9b33) sll     s6, s9, t2
core   0: 1 0x0000000080004368 (0x007c9b33) x22 0x0243e0d000000000
core   0: 0x000000008000436c (0x84ab0d93) addi    s11, s6, -1974
core   0: 1 0x000000008000436c (0x84ab0d93) x27 0x0243e0cffffff84a
core   0: 0x0000000080004370 (0x00202573) csrrs   a0, frm, zero
core   0: 1 0x0000000080004370 (0x00202573) x10 0x0000000000000000
core   0: 0x0000000080004374 (0xc220fdd3) fcvt.l.d s11, ft1
core   0: 1 0x0000000080004374 (0xc220fdd3) c1_fflags 0x0000000000000011 x27 0x7fffffffffffffff
core   0: 0x0000000080004378 (0x03b0763b) remuw   a2, zero, s11
core   0: 1 0x0000000080004378 (0x03b0763b) x12 0x0000000000000000
core   0: 0x000000008000437c (0xd03d76d3) fcvt.s.lu fa3, s10
core   0: 1 0x000000008000437c (0xd03d76d3) f13 0xffffffff3f800000
core   0: 0x0000000080004380 (0x03daab33) mulhsu  s6, s5, t4
core   0: 1 0x0000000080004380 (0x03daab33) x22 0x0000000000000000
core   0: 0x0000000080004384 (0x12e0fc53) fmul.d  fs8, ft1, fa4
core   0: 1 0x0000000080004384 (0x12e0fc53) f24 0x7ff8000000000000
core   0: 0x0000000080004388 (0x409dd23b) sraw    tp, s11, s1
core   0: 1 0x0000000080004388 (0x409dd23b) x4  0xffffffffffffffff
core   0: 0x000000008000438c (0x41cd0d33) sub     s10, s10, t3
core   0: 1 0x000000008000438c (0x41cd0d33) x26 0x0000000000000001
core   0: 0x0000000080004390 (0x0104593b) srlw    s2, s0, a6
core   0: 1 0x0000000080004390 (0x0104593b) x18 0x0000000000000000
core   0: 0x0000000080004394 (0x800dc713) xori    a4, s11, -2048
core   0: 1 0x0000000080004394 (0x800dc713) x14 0x80000000000007ff
core   0: 0x0000000080004398 (0xd21807d3) fcvt.d.wu fa5, a6
core   0: 1 0x0000000080004398 (0xd21807d3) f15 0x41efffff45e00000
core   0: 0x000000008000439c (0x28f96c93) ori     s9, s2, 655
core   0: 1 0x000000008000439c (0x28f96c93) x25 0x000000000000028f
core   0: 0x00000000800043a0 (0x02c9c633) div     a2, s3, a2
core   0: 1 0x00000000800043a0 (0x02c9c633) x12 0xffffffffffffffff
core   0: 0x00000000800043a4 (0x00c620b3) slt     ra, a2, a2
core   0: 1 0x00000000800043a4 (0x00c620b3) x1  0x0000000000000000
core   0: 0x00000000800043a8 (0x407a8633) sub     a2, s5, t2
core   0: 1 0x00000000800043a8 (0x407a8633) x12 0x00000000b7dbf2e3
core   0: 0x00000000800043ac (0x02181833) mulh    a6, a6, ra
core   0: 1 0x00000000800043ac (0x02181833) x16 0x0000000000000000
core   0: 0x00000000800043b0 (0x01b641b3) xor     gp, a2, s11
core   0: 1 0x00000000800043b0 (0x01b641b3) x3  0x7fffffff48240d1c
core   0: 0x00000000800043b4 (0x00b858bb) srlw    a7, a6, a1
core   0: 1 0x00000000800043b4 (0x00b858bb) x17 0x0000000000000000
core   0: 0x00000000800043b8 (0x033d0d3b) mulw    s10, s10, s3
core   0: 1 0x00000000800043b8 (0x033d0d3b) x26 0xffffffffffffffff
core   0: 0x00000000800043bc (0x001e1a73) csrrw   s4, fflags, t3
core   0: 1 0x00000000800043bc (0x001e1a73) x20 0x0000000000000011 c1_fflags 0x0000000000000000
core   0: 0x00000000800043c0 (0x401efed3) fcvt.s.d ft9, ft9
core   0: 1 0x00000000800043c0 (0x401efed3) f29 0xffffffff4d90f800
core   0: 0x00000000800043c4 (0xd8174e13) xori    t3, a4, -639
core   0: 1 0x00000000800043c4 (0xd8174e13) x28 0x7ffffffffffffa7e
core   0: 0x00000000800043c8 (0x7b022473) csrrs   s0, dcsr, tp
core   0: exception trap_illegal_instruction, epc 0x00000000800043c8
core   0:           tval 0x000000007b022473
core   0: >>>>  $xrv64i2p1_m2p0_a2p1_f2p2_d2p2_zicsr2p0_zifencei2p0_zmmul1p0_zba1p0_zbb1p0_zbc1p0_zbs1p0
core   0: 0x0000000080004000 (0x0080006f) j       pc + 0x8
core   0: 3 0x0000000080004000 (0x0080006f)
core   0: >>>>  mmode_exception_handler
core   0: 0x0000000080004008 (0x00002c17) auipc   s8, 0x2
core   0: 3 0x0000000080004008 (0x00002c17) x24 0x0000000080006008
core   0: 0x000000008000400c (0xfe6c0c13) addi    s8, s8, -26
core   0: 3 0x000000008000400c (0xfe6c0c13) x24 0x0000000080005fee
core   0: 0x0000000080004010 (0x000c00e7) jalr    s8
core   0: 3 0x0000000080004010 (0x000c00e7) x1  0x0000000080004014
core   0: >>>>  any_handler
core   0: 0x0000000080005fee (0x341027f3) csrrs   a5, mepc, zero
core   0: 3 0x0000000080005fee (0x341027f3) x15 0x00000000800043c8
core   0: 0x0000000080005ff2 (0x34202773) csrrs   a4, mcause, zero
core   0: 3 0x0000000080005ff2 (0x34202773) x14 0x0000000000000002
core   0: 0x0000000080005ff6 (0x142026f3) csrrs   a3, scause, zero
core   0: 3 0x0000000080005ff6 (0x142026f3) x13 0x0000000000000000
core   0: 0x0000000080005ffa (0x30402673) csrrs   a2, mie, zero
core   0: 3 0x0000000080005ffa (0x30402673) x12 0x0000000000000a00
core   0: 0x0000000080005ffe (0x344025f3) csrrs   a1, mip, zero
core   0: 3 0x0000000080005ffe (0x344025f3) x11 0x0000000000000080
core   0: 0x0000000080006002 (0x343025f3) csrrs   a1, mtval, zero
core   0: 3 0x0000000080006002 (0x343025f3) x11 0x000000007b022473
core   0: 0x0000000080006006 (0x14302573) csrrs   a0, stval, zero
core   0: 3 0x0000000080006006 (0x14302573) x10 0x0000000000000000
core   0: 0x000000008000600a (0xb02024f3) csrrs   s1, minstret, zero
core   0: 3 0x000000008000600a (0xb02024f3) x9  0x0000000000000911
core   0: 0x000000008000600e (0x0000a811) c.j     pc + 20
core   0: 3 0x000000008000600e (0xa811)
core   0: >>>>  mepc_4
core   0: 0x0000000080006022 (0x00000791) c.addi  a5, 4
core   0: 3 0x0000000080006022 (0x0791) x15 0x00000000800043cc
core   0: 0x0000000080006024 (0x34179073) csrrw   zero, mepc, a5
core   0: 3 0x0000000080006024 (0x34179073) c833_mepc 0x00000000800043cc
core   0: 0x0000000080006028 (0x30200073) mret
core   0: 3 0x0000000080006028 (0x30200073) c768_mstatus 0x8000000a00106080
core   0: 0x00000000800043cc (0x401ddd93) srai    s11, s11, 1
core   0: 1 0x00000000800043cc (0x401ddd93) x27 0x3fffffffffffffff
core   0: 0x00000000800043d0 (0xa2ec0753) fle.d   a4, fs8, fa4
core   0: 1 0x00000000800043d0 (0xa2ec0753) c1_fflags 0x0000000000000010 x14 0x0000000000000000
core   0: 0x00000000800043d4 (0x0002523b) srlw    tp, tp, zero
core   0: 1 0x00000000800043d4 (0x0002523b) x4  0xffffffffffffffff
core   0: 0x00000000800043d8 (0x0018d1bb) srlw    gp, a7, ra
core   0: 1 0x00000000800043d8 (0x0018d1bb) x3  0x0000000000000000
core   0: 0x00000000800043dc (0x0ff0000f) fence   iorw,iorw
core   0: 1 0x00000000800043dc (0x0ff0000f)
core   0: 0x00000000800043e0 (0x01fb571b) srliw   a4, s6, 31
core   0: 1 0x00000000800043e0 (0x01fb571b) x14 0x0000000000000000
core   0: 0x00000000800043e4 (0x0ff0000f) fence   iorw,iorw
core   0: 1 0x00000000800043e4 (0x0ff0000f)
core   0: 0x00000000800043e8 (0xdd0b3113) sltiu   sp, s6, -560
core   0: 1 0x00000000800043e8 (0xdd0b3113) x2  0x0000000000000001
core   0: 0x00000000800043ec (0x02e135b3) mulhu   a1, sp, a4
core   0: 1 0x00000000800043ec (0x02e135b3) x11 0x0000000000000000
core   0: 0x00000000800043f0 (0x7ffce513) ori     a0, s9, 2047
core   0: 1 0x00000000800043f0 (0x7ffce513) x10 0x00000000000007ff
core   0: 0x00000000800043f4 (0xffa94cb7) lui     s9, 0xffa94
core   0: 1 0x00000000800043f4 (0xffa94cb7) x25 0xffffffffffa94000
core   0: 0x00000000800043f8 (0x733c8c9b) addiw   s9, s9, 1843
core   0: 1 0x00000000800043f8 (0x733c8c9b) x25 0xffffffffffa94733
core   0: 0x00000000800043fc (0x00000cb2) c.slli  s9, 12
core   0: 1 0x00000000800043fc (0x0cb2) x25 0xfffffffa94733000
core   0: 0x00000000800043fe (0x871c8c93) addi    s9, s9, -1935
core   0: 1 0x00000000800043fe (0x871c8c93) x25 0xfffffffa94732871
core   0: 0x0000000080004402 (0x935efa43) fmadd.d fs4, ft9, fs5, fs2
core   0: 1 0x0000000080004402 (0x935efa43) f20 0x7ff8000000000000
core   0: 0x0000000080004406 (0xab83f4c3) fmadd.d fs1, ft7, fs8, fs5
core   0: 1 0x0000000080004406 (0xab83f4c3) f9  0x7ff8000000000000
core   0: 0x000000008000440a (0x0b4278d3) fsub.d  fa7, ft4, fs4
core   0: 1 0x000000008000440a (0x0b4278d3) f17 0x7ff8000000000000
core   0: 0x000000008000440e (0x01955b33) srl     s6, a0, s9
core   0: 1 0x000000008000440e (0x01955b33) x22 0x0000000000000000
core   0: 0x0000000080004412 (0x03b292b3) mulh    t0, t0, s11
core   0: 1 0x0000000080004412 (0x03b292b3) x5  0xe00000001fffe805
core   0: 0x0000000080004416 (0x001498b3) sll     a7, s1, ra
core   0: 1 0x0000000080004416 (0x001498b3) x17 0x0000000091100000
core   0: 0x000000008000441a (0xd0317ad3) fcvt.s.lu fs5, sp
core   0: 1 0x000000008000441a (0xd0317ad3) f21 0xffffffff3f800000
core   0: 0x000000008000441e (0x009b983b) sllw    a6, s7, s1
core   0: 1 0x000000008000441e (0x009b983b) x16 0xfffffffffffe0000
core   0: 0x0000000080004422 (0x00190813) addi    a6, s2, 1
core   0: 1 0x0000000080004422 (0x00190813) x16 0x0000000000000001
core   0: 0x0000000080004426 (0x03d8673b) remw    a4, a6, t4
core   0: 1 0x0000000080004426 (0x03d8673b) x14 0x0000000000000001
core   0: 0x000000008000442a (0x01d3909b) slliw   ra, t2, 29
core   0: 1 0x000000008000442a (0x01d3909b) x1  0xffffffffa0000000
core   0: 0x000000008000442e (0x01c21e3b) sllw    t3, tp, t3
core   0: 1 0x000000008000442e (0x01c21e3b) x28 0xffffffffc0000000
core   0: 0x0000000080004432 (0x03de51bb) divuw   gp, t3, t4
core   0: 1 0x0000000080004432 (0x03de51bb) x3  0x00000000003b818c
core   0: 0x0000000080004436 (0x011c4a33) xor     s4, s8, a7
core   0: 1 0x0000000080004436 (0x011c4a33) x20 0x0000000011105fee
core   0: 0x000000008000443a (0x034403bb) mulw    t2, s0, s4
core   0: 1 0x000000008000443a (0x034403bb) x7  0x0000000000000000
core   0: 0x000000008000443e (0x4014581b) sraiw   a6, s0, 1
core   0: 1 0x000000008000443e (0x4014581b) x16 0x0000000000000000
core   0: 0x0000000080004442 (0x00585d33) srl     s10, a6, t0
core   0: 1 0x0000000080004442 (0x00585d33) x26 0x0000000000000000
core   0: 0x0000000080004446 (0x00202273) csrrs   tp, frm, zero
core   0: 1 0x0000000080004446 (0x00202273) x4  0x0000000000000000
core   0: 0x000000008000444a (0xd21d04d3) fcvt.d.wu fs1, s10
core   0: 1 0x000000008000444a (0xd21d04d3) f9  0x0000000000000000
core   0: 0x000000008000444e (0x02436e3b) remw    t3, t1, tp
core   0: 1 0x000000008000444e (0x02436e3b) x28 0x00000000121f0680
core   0: 0x0000000080004452 (0x00e22b33) slt     s6, tp, a4
core   0: 1 0x0000000080004452 (0x00e22b33) x22 0x0000000000000001
core   0: 0x0000000080004456 (0x00102273) csrrs   tp, fflags, zero
core   0: 1 0x0000000080004456 (0x00102273) x4  0x0000000000000010
core   0: 0x000000008000445a (0x00110c1b) addiw   s8, sp, 1
core   0: 1 0x000000008000445a (0x00110c1b) x24 0x0000000000000002
core   0: 0x000000008000445e (0x338af193) andi    gp, s5, 824
core   0: 1 0x000000008000445e (0x338af193) x3  0x0000000000000000
core   0: 0x0000000080004462 (0xc211f7d3) fcvt.wu.d a5, ft3
core   0: 1 0x0000000080004462 (0xc211f7d3) x15 0xffffffff80005fee
core   0: 0x0000000080004466 (0xd2018253) fcvt.d.w ft4, gp
core   0: 1 0x0000000080004466 (0xd2018253) f4  0x0000000000000000
core   0: 0x000000008000446a (0x011189b3) add     s3, gp, a7
core   0: 1 0x000000008000446a (0x011189b3) x19 0x0000000091100000
core   0: 0x000000008000446e (0x220223d3) fsgnjx.d ft7, ft4, ft0
core   0: 1 0x000000008000446e (0x220223d3) f7  0x8000000000000000
core   0: 0x0000000080004472 (0x01752533) slt     a0, a0, s7
core   0: 1 0x0000000080004472 (0x01752533) x10 0x0000000000000000
core   0: 0x0000000080004476 (0x0252f2b3) remu    t0, t0, t0
core   0: 1 0x0000000080004476 (0x0252f2b3) x5  0x0000000000000000
core   0: 0x000000008000447a (0x02e71733) mulh    a4, a4, a4
core   0: 1 0x000000008000447a (0x02e71733) x14 0x0000000000000000
core   0: 0x000000008000447e (0x00201273) csrrw   tp, frm, zero
core   0: 1 0x000000008000447e (0x00201273) x4  0x0000000000000000 c2_frm 0x0000000000000000
core   0: 0x0000000080004482 (0x22621153) fsgnjn.d ft2, ft4, ft6
core   0: 1 0x0000000080004482 (0x22621153) f2  0x8000000000000000
core   0: 0x0000000080004486 (0x004845b3) xor     a1, a6, tp
core   0: 1 0x0000000080004486 (0x004845b3) x11 0x0000000000000000
core   0: 0x000000008000448a (0x00dd163b) sllw    a2, s10, a3
core   0: 1 0x000000008000448a (0x00dd163b) x12 0x0000000000000000
core   0: 0x000000008000448e (0x0300e433) rem     s0, ra, a6
core   0: 1 0x000000008000448e (0x0300e433) x8  0xffffffffa0000000
core   0: 0x0000000080004492 (0x40c0813b) subw    sp, ra, a2
core   0: 1 0x0000000080004492 (0x40c0813b) x2  0xffffffffa0000000
core   0: 0x0000000080004496 (0xc21ffad3) fcvt.wu.d s5, ft11
core   0: 1 0x0000000080004496 (0xc21ffad3) c1_fflags 0x0000000000000010 x21 0xffffffffffffffff
core   0: 0x000000008000449a (0xc20c72d3) fcvt.w.d t0, fs8
core   0: 1 0x000000008000449a (0xc20c72d3) c1_fflags 0x0000000000000010 x5  0x000000007fffffff
core   0: 0x000000008000449e (0x3a237443) fmadd.d fs0, ft6, ft2, ft7
core   0: 1 0x000000008000449e (0x3a237443) f8  0x7ff8000000000000
core   0: 0x00000000800044a2 (0x12c370c3) fmadd.d ft1, ft6, fa2, ft2
core   0: 1 0x00000000800044a2 (0x12c370c3) f1  0x7ff8000000000000
core   0: 0x00000000800044a6 (0x0110f933) and     s2, ra, a7
core   0: 1 0x00000000800044a6 (0x0110f933) x18 0x0000000080000000
core   0: 0x00000000800044aa (0x1abb7453) fdiv.d  fs0, fs6, fa1
core   0: 1 0x00000000800044aa (0x1abb7453) f8  0x7ff8000000000000
core   0: 0x00000000800044ae (0x1aa37e53) fdiv.d  ft8, ft6, fa0
core   0: 1 0x00000000800044ae (0x1aa37e53) f28 0x7ff8000000000000
core   0: 0x00000000800044b2 (0x005b26b3) slt     a3, s6, t0
core   0: 1 0x00000000800044b2 (0x005b26b3) x13 0x0000000000000001
core   0: 0x00000000800044b6 (0x00000001) c.nop
core   0: 1 0x00000000800044b6 (0x0001)
core   0: 0x00000000800044b8 (0x00000001) c.nop
core   0: 1 0x00000000800044b8 (0x0001)
core   0: 0x00000000800044ba (0x2b2609d3) fmin.d  fs3, fa2, fs2
core   0: 1 0x00000000800044ba (0x2b2609d3) f19 0x7ff8000000000000
core   0: 0x00000000800044be (0x02406bb7) lui     s7, 0x2406
core   0: 1 0x00000000800044be (0x02406bb7) x23 0x0000000002406000
core   0: 0x00000000800044c2 (0x277b8b9b) addiw   s7, s7, 631
core   0: 1 0x00000000800044c2 (0x277b8b9b) x23 0x0000000002406277
core   0: 0x00000000800044c6 (0x00000bb6) c.slli  s7, 13
core   0: 1 0x00000000800044c6 (0x0bb6) x23 0x000000480c4ee000
core   0: 0x00000000800044c8 (0xc4fb8b93) addi    s7, s7, -945
core   0: 1 0x00000000800044c8 (0xc4fb8b93) x23 0x000000480c4edc4f
core   0: 0x00000000800044cc (0xc21bf853) fcvt.wu.d a6, fs7
core   0: 1 0x00000000800044cc (0xc21bf853) x16 0x0000000000000000
core   0: 0x00000000800044d0 (0xd0217353) fcvt.s.l ft6, sp
core   0: 1 0x00000000800044d0 (0xd0217353) f6  0xffffffffcec00000
core   0: 0x00000000800044d4 (0xd02778d3) fcvt.s.l fa7, a4
core   0: 1 0x00000000800044d4 (0xd02778d3) f17 0xffffffff00000000
core   0: 0x00000000800044d8 (0x800d8493) addi    s1, s11, -2048
core   0: 1 0x00000000800044d8 (0x800d8493) x9  0x3ffffffffffff7ff
core   0: 0x00000000800044dc (0x22c22ad3) fsgnjx.d fs5, ft4, fa2
core   0: 1 0x00000000800044dc (0x22c22ad3) f21 0x0000000000000000
core   0: 0x00000000800044e0 (0x229884d3) fsgnj.d fs1, fa7, fs1
core   0: 1 0x00000000800044e0 (0x229884d3) f9  0x7fffffff00000000
core   0: 0x00000000800044e4 (0x40ddd71b) sraiw   a4, s11, 13
core   0: 1 0x00000000800044e4 (0x40ddd71b) x14 0xffffffffffffffff
core   0: 0x00000000800044e8 (0x00ab583b) srlw    a6, s6, a0
core   0: 1 0x00000000800044e8 (0x00ab583b) x16 0x0000000000000001
core   0: 0x00000000800044ec (0xf75d6993) ori     s3, s10, -139
core   0: 1 0x00000000800044ec (0xf75d6993) x19 0xffffffffffffff75
core   0: 0x00000000800044f0 (0x03a81633) mulh    a2, a6, s10
core   0: 1 0x00000000800044f0 (0x03a81633) x12 0x0000000000000000
core   0: 0x00000000800044f4 (0x01b2ddbb) srlw    s11, t0, s11
core   0: 1 0x00000000800044f4 (0x01b2ddbb) x27 0x0000000000000000
core   0: 0x00000000800044f8 (0x000097c2) c.add   a5, a6
core   0: 1 0x00000000800044f8 (0x97c2) x15 0xffffffff80005fef
core   0: 0x00000000800044fa (0x00102b73) csrrs   s6, fflags, zero
core   0: 1 0x00000000800044fa (0x00102b73) x22 0x0000000000000010
core   0: 0x00000000800044fe (0x00120a93) addi    s5, tp, 1
core   0: 1 0x00000000800044fe (0x00120a93) x21 0x0000000000000001
core   0: 0x0000000080004502 (0x0160debb) srlw    t4, ra, s6
core   0: 1 0x0000000080004502 (0x0160debb) x29 0x000000000000a000
core   0: 0x0000000080004506 (0x1aa1fad3) fdiv.d  fs5, ft3, fa0
core   0: 1 0x0000000080004506 (0x1aa1fad3) c1_fflags 0x0000000000000011 f21 0x3fe810a06cfefcee
core   0: 0x000000008000450a (0x03dcf3bb) remuw   t2, s9, t4
core   0: 1 0x000000008000450a (0x03dcf3bb) x7  0x0000000000000871
core   0: 0x000000008000450e (0xd02efb53) fcvt.s.l fs6, t4
core   0: 1 0x000000008000450e (0xd02efb53) f22 0xffffffff47200000
core   0: 0x0000000080004512 (0x0073de33) srl     t3, t2, t2
core   0: 1 0x0000000080004512 (0x0073de33) x28 0x0000000000000000
core   0: 0x0000000080004516 (0x00102bf3) csrrs   s7, fflags, zero
core   0: 1 0x0000000080004516 (0x00102bf3) x23 0x0000000000000011
core   0: 0x000000008000451a (0x0b5b7a53) fsub.d  fs4, fs6, fs5
core   0: 1 0x000000008000451a (0x0b5b7a53) f20 0x7ff8000000000000
core   0: 0x000000008000451e (0xe202e313) ori     t1, t0, -480
core   0: 1 0x000000008000451e (0xe202e313) x6  0xffffffffffffffff
core   0: 0x0000000080004522 (0x4032d3bb) sraw    t2, t0, gp
core   0: 1 0x0000000080004522 (0x4032d3bb) x7  0x000000007fffffff
core   0: 0x0000000080004526 (0x03ce4ebb) divw    t4, t3, t3
core   0: 1 0x0000000080004526 (0x03ce4ebb) x29 0xffffffffffffffff
core   0: 0x000000008000452a (0x41f0dd1b) sraiw   s10, ra, 31
core   0: 1 0x000000008000452a (0x41f0dd1b) x26 0xffffffffffffffff
core   0: 0x000000008000452e (0x23a315d3) fsgnjn.d fa1, ft6, fs10
core   0: 1 0x000000008000452e (0x23a315d3) f11 0x7fffffffcec00000
core   0: 0x0000000080004532 (0x00000001) c.nop
core   0: 1 0x0000000080004532 (0x0001)
core   0: 0x0000000080004534 (0x002024f3) csrrs   s1, frm, zero
core   0: 1 0x0000000080004534 (0x002024f3) x9  0x0000000000000000
core   0: 0x0000000080004538 (0x0188a533) slt     a0, a7, s8
core   0: 1 0x0000000080004538 (0x0188a533) x10 0x0000000000000000
core   0: 0x000000008000453c (0x00000001) c.nop
core   0: 1 0x000000008000453c (0x0001)
core   0: 0x000000008000453e (0x0018181b) slliw   a6, a6, 1
core   0: 1 0x000000008000453e (0x0018181b) x16 0x0000000000000002
core   0: 0x0000000080004542 (0x00e80c33) add     s8, a6, a4
core   0: 1 0x0000000080004542 (0x00e80c33) x24 0x0000000000000001
core   0: 0x0000000080004546 (0x827b3717) auipc   a4, 0x827b3
core   0: 1 0x0000000080004546 (0x827b3717) x14 0x00000000027b7546
core   0: 0x000000008000454a (0x02b964b3) rem     s1, s2, a1
core   0: 1 0x000000008000454a (0x02b964b3) x9  0x0000000080000000
core   0: 0x000000008000454e (0xc22577d3) fcvt.l.d a5, fa0
core   0: 1 0x000000008000454e (0xc22577d3) x15 0x00000000aa354000
core   0: 0x0000000080004552 (0xc80817f3) csrrw   a5, cycleh, a6
core   0: exception trap_illegal_instruction, epc 0x0000000080004552
core   0:           tval 0x00000000c80817f3
core   0: >>>>  $xrv64i2p1_m2p0_a2p1_f2p2_d2p2_zicsr2p0_zifencei2p0_zmmul1p0_zba1p0_zbb1p0_zbc1p0_zbs1p0
core   0: 0x0000000080004000 (0x0080006f) j       pc + 0x8
core   0: 3 0x0000000080004000 (0x0080006f)
core   0: >>>>  mmode_exception_handler
core   0: 0x0000000080004008 (0x00002c17) auipc   s8, 0x2
core   0: 3 0x0000000080004008 (0x00002c17) x24 0x0000000080006008
core   0: 0x000000008000400c (0xfe6c0c13) addi    s8, s8, -26
core   0: 3 0x000000008000400c (0xfe6c0c13) x24 0x0000000080005fee
core   0: 0x0000000080004010 (0x000c00e7) jalr    s8
core   0: 3 0x0000000080004010 (0x000c00e7) x1  0x0000000080004014
core   0: >>>>  any_handler
core   0: 0x0000000080005fee (0x341027f3) csrrs   a5, mepc, zero
core   0: 3 0x0000000080005fee (0x341027f3) x15 0x0000000080004552
core   0: 0x0000000080005ff2 (0x34202773) csrrs   a4, mcause, zero
core   0: 3 0x0000000080005ff2 (0x34202773) x14 0x0000000000000002
core   0: 0x0000000080005ff6 (0x142026f3) csrrs   a3, scause, zero
core   0: 3 0x0000000080005ff6 (0x142026f3) x13 0x0000000000000000
core   0: 0x0000000080005ffa (0x30402673) csrrs   a2, mie, zero
core   0: 3 0x0000000080005ffa (0x30402673) x12 0x0000000000000a00
core   0: 0x0000000080005ffe (0x344025f3) csrrs   a1, mip, zero
core   0: 3 0x0000000080005ffe (0x344025f3) x11 0x0000000000000080
core   0: 0x0000000080006002 (0x343025f3) csrrs   a1, mtval, zero
core   0: 3 0x0000000080006002 (0x343025f3) x11 0x00000000c80817f3
core   0: 0x0000000080006006 (0x14302573) csrrs   a0, stval, zero
core   0: 3 0x0000000080006006 (0x14302573) x10 0x0000000000000000
core   0: 0x000000008000600a (0xb02024f3) csrrs   s1, minstret, zero
core   0: 3 0x000000008000600a (0xb02024f3) x9  0x0000000000000986
core   0: 0x000000008000600e (0x0000a811) c.j     pc + 20
core   0: 3 0x000000008000600e (0xa811)
core   0: >>>>  mepc_4
core   0: 0x0000000080006022 (0x00000791) c.addi  a5, 4
core   0: 3 0x0000000080006022 (0x0791) x15 0x0000000080004556
core   0: 0x0000000080006024 (0x34179073) csrrw   zero, mepc, a5
core   0: 3 0x0000000080006024 (0x34179073) c833_mepc 0x0000000080004556
core   0: 0x0000000080006028 (0x30200073) mret
core   0: 3 0x0000000080006028 (0x30200073) c768_mstatus 0x8000000a00106080
core   0: 0x0000000080004556 (0x0387ab33) mulhsu  s6, a5, s8
core   0: 1 0x0000000080004556 (0x0387ab33) x22 0x0000000000000000
core   0: 0x000000008000455a (0x4152d2bb) sraw    t0, t0, s5
core   0: 1 0x000000008000455a (0x4152d2bb) x5  0x000000003fffffff
core   0: 0x000000008000455e (0xc204f453) fcvt.w.d s0, fs1
core   0: 1 0x000000008000455e (0xc204f453) c1_fflags 0x0000000000000011 x8  0x000000007fffffff
core   0: 0x0000000080004562 (0xfff5e593) ori     a1, a1, -1
core   0: 1 0x0000000080004562 (0xfff5e593) x11 0xffffffffffffffff
core   0: 0x0000000080004566 (0x00000001) c.nop
core   0: 1 0x0000000080004566 (0x0001)
core   0: 0x0000000080004568 (0x42b95b93) srai    s7, s2, 43
core   0: 1 0x0000000080004568 (0x42b95b93) x23 0x0000000000000000
core   0: 0x000000008000456c (0xc80feb73) csrrsi  s6, cycleh, 31
core   0: exception trap_illegal_instruction, epc 0x000000008000456c
core   0:           tval 0x00000000c80feb73
core   0: >>>>  $xrv64i2p1_m2p0_a2p1_f2p2_d2p2_zicsr2p0_zifencei2p0_zmmul1p0_zba1p0_zbb1p0_zbc1p0_zbs1p0
core   0: 0x0000000080004000 (0x0080006f) j       pc + 0x8
core   0: 3 0x0000000080004000 (0x0080006f)
core   0: >>>>  mmode_exception_handler
core   0: 0x0000000080004008 (0x00002c17) auipc   s8, 0x2
core   0: 3 0x0000000080004008 (0x00002c17) x24 0x0000000080006008
core   0: 0x000000008000400c (0xfe6c0c13) addi    s8, s8, -26
core   0: 3 0x000000008000400c (0xfe6c0c13) x24 0x0000000080005fee
core   0: 0x0000000080004010 (0x000c00e7) jalr    s8
core   0: 3 0x0000000080004010 (0x000c00e7) x1  0x0000000080004014
core   0: >>>>  any_handler
core   0: 0x0000000080005fee (0x341027f3) csrrs   a5, mepc, zero
core   0: 3 0x0000000080005fee (0x341027f3) x15 0x000000008000456c
core   0: 0x0000000080005ff2 (0x34202773) csrrs   a4, mcause, zero
core   0: 3 0x0000000080005ff2 (0x34202773) x14 0x0000000000000002
core   0: 0x0000000080005ff6 (0x142026f3) csrrs   a3, scause, zero
core   0: 3 0x0000000080005ff6 (0x142026f3) x13 0x0000000000000000
core   0: 0x0000000080005ffa (0x30402673) csrrs   a2, mie, zero
core   0: 3 0x0000000080005ffa (0x30402673) x12 0x0000000000000a00
core   0: 0x0000000080005ffe (0x344025f3) csrrs   a1, mip, zero
core   0: 3 0x0000000080005ffe (0x344025f3) x11 0x0000000000000080
core   0: 0x0000000080006002 (0x343025f3) csrrs   a1, mtval, zero
core   0: 3 0x0000000080006002 (0x343025f3) x11 0x00000000c80feb73
core   0: 0x0000000080006006 (0x14302573) csrrs   a0, stval, zero
core   0: 3 0x0000000080006006 (0x14302573) x10 0x0000000000000000
core   0: 0x000000008000600a (0xb02024f3) csrrs   s1, minstret, zero
core   0: 3 0x000000008000600a (0xb02024f3) x9  0x000000000000099c
core   0: 0x000000008000600e (0x0000a811) c.j     pc + 20
core   0: 3 0x000000008000600e (0xa811)
core   0: >>>>  mepc_4
core   0: 0x0000000080006022 (0x00000791) c.addi  a5, 4
core   0: 3 0x0000000080006022 (0x0791) x15 0x0000000080004570
core   0: 0x0000000080006024 (0x34179073) csrrw   zero, mepc, a5
core   0: 3 0x0000000080006024 (0x34179073) c833_mepc 0x0000000080004570
core   0: 0x0000000080006028 (0x30200073) mret
core   0: 3 0x0000000080006028 (0x30200073) c768_mstatus 0x8000000a00106080
core   0: 0x0000000080004570 (0x002023f3) csrrs   t2, frm, zero
core   0: 1 0x0000000080004570 (0x002023f3) x7  0x0000000000000000
core   0: 0x0000000080004574 (0xc03a78d3) fcvt.lu.s a7, fs4
core   0: 1 0x0000000080004574 (0xc03a78d3) c1_fflags 0x0000000000000011 x17 0xffffffffffffffff
core   0: 0x0000000080004578 (0x41d8d59b) sraiw   a1, a7, 29
core   0: 1 0x0000000080004578 (0x41d8d59b) x11 0xffffffffffffffff
core   0: 0x000000008000457c (0x03217633) remu    a2, sp, s2
core   0: 1 0x000000008000457c (0x03217633) x12 0x0000000020000000
core   0: 0x0000000080004580 (0x036b04b3) mul     s1, s6, s6
core   0: 1 0x0000000080004580 (0x036b04b3) x9  0x0000000000000000
core   0: 0x0000000080004584 (0x7ff47c93) andi    s9, s0, 2047
core   0: 1 0x0000000080004584 (0x7ff47c93) x25 0x00000000000007ff
core   0: 0x0000000080004588 (0x222712d3) fsgnjn.d ft5, fa4, ft2
core   0: 1 0x0000000080004588 (0x222712d3) f5  0x7fffffff7fc00000
core   0: 0x000000008000458c (0x039f10b7) lui     ra, 0x39f1
core   0: 1 0x000000008000458c (0x039f10b7) x1  0x00000000039f1000
core   0: 0x0000000080004590 (0x9930809b) addiw   ra, ra, -1645
core   0: 1 0x0000000080004590 (0x9930809b) x1  0x00000000039f0993
core   0: 0x0000000080004594 (0x000000b2) c.slli  ra, 12
core   0: 1 0x0000000080004594 (0x00b2) x1  0x00000039f0993000
core   0: 0x0000000080004596 (0xcfc08093) addi    ra, ra, -772
core   0: 1 0x0000000080004596 (0xcfc08093) x1  0x00000039f0992cfc
core   0: 0x000000008000459a (0xd2397853) fcvt.d.lu fa6, s2
core   0: 1 0x000000008000459a (0xd2397853) f16 0x41e0000000000000
core   0: 0x000000008000459e (0x00102673) csrrs   a2, fflags, zero
core   0: 1 0x000000008000459e (0x00102673) x12 0x0000000000000011
core   0: 0x00000000800045a2 (0x22512e53) fsgnjx.d ft8, ft2, ft5
core   0: 1 0x00000000800045a2 (0x22512e53) f28 0x8000000000000000
core   0: 0x00000000800045a6 (0x824e74cb) fnmsub.d fs1, ft8, ft4, fa6
core   0: 1 0x00000000800045a6 (0x824e74cb) f9  0x41e0000000000000
core   0: 0x00000000800045aa (0x00e916b3) sll     a3, s2, a4
core   0: 1 0x00000000800045aa (0x00e916b3) x13 0x0000000200000000
core   0: 0x00000000800045ae (0xe2068d53) fmv.x.d s10, fa3
core   0: 1 0x00000000800045ae (0xe2068d53) x26 0xffffffff3f800000
core   0: 0x00000000800045b2 (0x00000001) c.nop
core   0: 1 0x00000000800045b2 (0x0001)
core   0: 0x00000000800045b4 (0x0ad5f5d3) fsub.d  fa1, fa1, fa3
core   0: 1 0x00000000800045b4 (0x0ad5f5d3) f11 0x7ff8000000000000
core   0: 0x00000000800045b8 (0x00c7ebb3) or      s7, a5, a2
core   0: 1 0x00000000800045b8 (0x00c7ebb3) x23 0x0000000080004571
core   0: 0x00000000800045bc (0xd0387ad3) fcvt.s.lu fs5, a6
core   0: 1 0x00000000800045bc (0xd0387ad3) f21 0xffffffff40000000
core   0: 0x00000000800045c0 (0x4004d213) srai    tp, s1, 0
core   0: 1 0x00000000800045c0 (0x4004d213) x4  0x0000000000000000
core   0: 0x00000000800045c4 (0xe20b8053) fmv.x.d zero, fs7
core   0: 1 0x00000000800045c4 (0xe20b8053)
core   0: 0x00000000800045c8 (0xc205f1d3) fcvt.w.d gp, fa1
core   0: 1 0x00000000800045c8 (0xc205f1d3) c1_fflags 0x0000000000000011 x3  0x000000007fffffff
core   0: 0x00000000800045cc (0x02341533) mulh    a0, s0, gp
core   0: 1 0x00000000800045cc (0x02341533) x10 0x0000000000000000
core   0: 0x00000000800045d0 (0x235898d3) fsgnjn.d fa7, fa7, fs5
core   0: 1 0x00000000800045d0 (0x235898d3) f17 0x7fffffff00000000
core   0: 0x00000000800045d4 (0x1b46f6d3) fdiv.d  fa3, fa3, fs4
core   0: 1 0x00000000800045d4 (0x1b46f6d3) f13 0x7ff8000000000000
core   0: 0x00000000800045d8 (0xc23e7753) fcvt.lu.d a4, ft8
core   0: 1 0x00000000800045d8 (0xc23e7753) x14 0x0000000000000000
core   0: 0x00000000800045dc (0x028df8d3) fadd.d  fa7, fs11, fs0
core   0: 1 0x00000000800045dc (0x028df8d3) f17 0x7ff8000000000000
core   0: 0x00000000800045e0 (0x001a5d93) srli    s11, s4, 1
core   0: 1 0x00000000800045e0 (0x001a5d93) x27 0x0000000008882ff7
core   0: 0x00000000800045e4 (0x00e75dbb) srlw    s11, a4, a4
core   0: 1 0x00000000800045e4 (0x00e75dbb) x27 0x0000000000000000
core   0: 0x00000000800045e8 (0x012dd9bb) srlw    s3, s11, s2
core   0: 1 0x00000000800045e8 (0x012dd9bb) x19 0x0000000000000000
core   0: 0x00000000800045ec (0x001b851b) addiw   a0, s7, 1
core   0: 1 0x00000000800045ec (0x001b851b) x10 0xffffffff80004572
core   0: 0x00000000800045f0 (0xc20ef853) fcvt.w.d a6, ft9
core   0: 1 0x00000000800045f0 (0xc20ef853) c1_fflags 0x0000000000000011 x16 0x000000007fffffff
core   0: 0x00000000800045f4 (0x00beee33) or      t3, t4, a1
core   0: 1 0x00000000800045f4 (0x00beee33) x28 0xffffffffffffffff
core   0: 0x00000000800045f8 (0x8ac3f64b) fnmsub.d fa2, ft7, fa2, fa7
core   0: 1 0x00000000800045f8 (0x8ac3f64b) f12 0x7ff8000000000000
core   0: 0x00000000800045fc (0x038d9db3) mulh    s11, s11, s8
core   0: 1 0x00000000800045fc (0x038d9db3) x27 0x0000000000000000
core   0: 0x0000000080004600 (0x009a21b3) slt     gp, s4, s1
core   0: 1 0x0000000080004600 (0x009a21b3) x3  0x0000000000000000
core   0: 0x0000000080004604 (0x00000001) c.nop
core   0: 1 0x0000000080004604 (0x0001)
core   0: 0x0000000080004606 (0x00202773) csrrs   a4, frm, zero
core   0: 1 0x0000000080004606 (0x00202773) x14 0x0000000000000000
core   0: 0x000000008000460a (0x024dd23b) divuw   tp, s11, tp
core   0: 1 0x000000008000460a (0x024dd23b) x4  0xffffffffffffffff
core   0: 0x000000008000460e (0x00335893) srli    a7, t1, 3
core   0: 1 0x000000008000460e (0x00335893) x17 0x1fffffffffffffff
core   0: 0x0000000080004612 (0x4a84f44f) fnmadd.d fs0, fs1, fs0, fs1
core   0: 1 0x0000000080004612 (0x4a84f44f) f8  0x7ff8000000000000
core   0: 0x0000000080004616 (0x00102373) csrrs   t1, fflags, zero
core   0: 1 0x0000000080004616 (0x00102373) x6  0x0000000000000011
core   0: 0x000000008000461a (0x2af999d3) fmax.d  fs3, fs3, fa5
core   0: 1 0x000000008000461a (0x2af999d3) f19 0x41efffff45e00000
core   0: 0x000000008000461e (0x40b20db3) sub     s11, tp, a1
core   0: 1 0x000000008000461e (0x40b20db3) x27 0x0000000000000000
core   0: 0x0000000080004622 (0x0206ee33) rem     t3, a3, zero
core   0: 1 0x0000000080004622 (0x0206ee33) x28 0x0000000200000000
core   0: 0x0000000080004626 (0x01c558b3) srl     a7, a0, t3
core   0: 1 0x0000000080004626 (0x01c558b3) x17 0xffffffff80004572
core   0: 0x000000008000462a (0x03be053b) mulw    a0, t3, s11
core   0: 1 0x000000008000462a (0x03be053b) x10 0x0000000000000000
core   0: 0x000000008000462e (0x01ce083b) addw    a6, t3, t3
core   0: 1 0x000000008000462e (0x01ce083b) x16 0x0000000000000000
core   0: 0x0000000080004632 (0x0305463b) divw    a2, a0, a6
core   0: 1 0x0000000080004632 (0x0305463b) x12 0xffffffffffffffff
core   0: 0x0000000080004636 (0x41d3d3bb) sraw    t2, t2, t4
core   0: 1 0x0000000080004636 (0x41d3d3bb) x7  0x0000000000000000
core   0: 0x000000008000463a (0x406005b3) sub     a1, zero, t1
core   0: 1 0x000000008000463a (0x406005b3) x11 0xffffffffffffffef
core   0: 0x000000008000463e (0xd26cf847) fmsub.d fa6, fs9, ft6, fs10
core   0: 1 0x000000008000463e (0xd26cf847) f16 0x7ff8000000000000
core   0: 0x0000000080004642 (0x00b89133) sll     sp, a7, a1
core   0: 1 0x0000000080004642 (0x00b89133) x2  0x22b9000000000000
core   0: 0x0000000080004646 (0x00000001) c.nop
core   0: 1 0x0000000080004646 (0x0001)
core   0: 0x0000000080004648 (0x2b0ef74f) fnmadd.d fa4, ft9, fa6, ft5
core   0: 1 0x0000000080004648 (0x2b0ef74f) f14 0x7ff8000000000000
core   0: 0x000000008000464c (0x031dd8bb) divuw   a7, s11, a7
core   0: 1 0x000000008000464c (0x031dd8bb) x17 0x0000000000000000
core   0: 0x0000000080004650 (0x01114bb3) xor     s7, sp, a7
core   0: 1 0x0000000080004650 (0x01114bb3) x23 0x22b9000000000000
core   0: 0x0000000080004654 (0x9bd7f3cb) fnmsub.d ft7, fa5, ft9, fs3
core   0: 1 0x0000000080004654 (0x9bd7f3cb) f7  0x7ff8000000000000
core   0: 0x0000000080004658 (0x42e9d493) srai    s1, s3, 46
core   0: 1 0x0000000080004658 (0x42e9d493) x9  0x0000000000000000
core   0: 0x000000008000465c (0x4013f253) fcvt.s.d ft4, ft7
core   0: 1 0x000000008000465c (0x4013f253) f4  0xffffffff7fc00000
core   0: 0x0000000080004660 (0x032a4a3b) divw    s4, s4, s2
core   0: 1 0x0000000080004660 (0x032a4a3b) x20 0x0000000000000000
core   0: 0x0000000080004664 (0x0045a2b3) slt     t0, a1, tp
core   0: 1 0x0000000080004664 (0x0045a2b3) x5  0x0000000000000001
core   0: 0x0000000080004668 (0xdb29774b) fnmsub.d fa4, fs2, fs2, fs11
core   0: 1 0x0000000080004668 (0xdb29774b) f14 0x7ff8000000000000
core   0: 0x000000008000466c (0x001dd11b) srliw   sp, s11, 1
core   0: 1 0x000000008000466c (0x001dd11b) x2  0x0000000000000000
core   0: 0x0000000080004670 (0x016acb33) xor     s6, s5, s6
core   0: 1 0x0000000080004670 (0x016acb33) x22 0x0000000000000001
core   0: 0x0000000080004674 (0x001aec13) ori     s8, s5, 1
core   0: 1 0x0000000080004674 (0x001aec13) x24 0x0000000000000001
core   0: 0x0000000080004678 (0xf20686d3) fmv.d.x fa3, a3
core   0: 1 0x0000000080004678 (0xf20686d3) f13 0x0000000200000000
core   0: 0x000000008000467c (0x32dcfa43) fmadd.d fs4, fs9, fa3, ft6
core   0: 1 0x000000008000467c (0x32dcfa43) f20 0x7ff8000000000000
core   0: 0x0000000080004680 (0x00281e73) csrrw   t3, frm, a6
core   0: 1 0x0000000080004680 (0x00281e73) x28 0x0000000000000000 c2_frm 0x0000000000000000
core   0: 0x0000000080004684 (0xc23b7653) fcvt.lu.d a2, fs6
core   0: 1 0x0000000080004684 (0xc23b7653) c1_fflags 0x0000000000000011 x12 0xffffffffffffffff
core   0: 0x0000000080004688 (0x417ad23b) sraw    tp, s5, s7
core   0: 1 0x0000000080004688 (0x417ad23b) x4  0x0000000000000001
core   0: 0x000000008000468c (0x2aac8153) fmin.d  ft2, fs9, fa0
core   0: 1 0x000000008000468c (0x2aac8153) f2  0x41e546a800000000
core   0: 0x0000000080004690 (0x02ce1e33) mulh    t3, t3, a2
core   0: 1 0x0000000080004690 (0x02ce1e33) x28 0x0000000000000000
core   0: 0x0000000080004694 (0x1b9b7853) fdiv.d  fa6, fs6, fs9
core   0: 1 0x0000000080004694 (0x1b9b7853) f16 0x7ff8000000000000
core   0: 0x0000000080004698 (0x6b01774f) fnmadd.d fa4, ft2, fa6, fa3
core   0: 1 0x0000000080004698 (0x6b01774f) f14 0x7ff8000000000000
core   0: 0x000000008000469c (0x001e153b) sllw    a0, t3, ra
core   0: 1 0x000000008000469c (0x001e153b) x10 0x0000000000000000
core   0: 0x00000000800046a0 (0x03c54ab3) div     s5, a0, t3
core   0: 1 0x00000000800046a0 (0x03c54ab3) x21 0xffffffffffffffff
core   0: 0x00000000800046a4 (0xa3b717d3) flt.d   a5, fa4, fs11
core   0: 1 0x00000000800046a4 (0xa3b717d3) c1_fflags 0x0000000000000011 x15 0x0000000000000000
core   0: 0x00000000800046a8 (0x01b78ab3) add     s5, a5, s11
core   0: 1 0x00000000800046a8 (0x01b78ab3) x21 0x0000000000000000
core   0: 0x00000000800046ac (0x0205c237) lui     tp, 0x205c
core   0: 1 0x00000000800046ac (0x0205c237) x4  0x000000000205c000
core   0: 0x00000000800046b0 (0x7772021b) addiw   tp, tp, 1911
core   0: 1 0x00000000800046b0 (0x7772021b) x4  0x000000000205c777
core   0: 0x00000000800046b4 (0x00000232) c.slli  tp, 12
core   0: 1 0x00000000800046b4 (0x0232) x4  0x000000205c777000
core   0: 0x00000000800046b6 (0xb6e20213) addi    tp, tp, -1170
core   0: 1 0x00000000800046b6 (0xb6e20213) x4  0x000000205c776b6e
core   0: 0x00000000800046ba (0x401271d3) fcvt.s.d ft3, ft4
core   0: 1 0x00000000800046ba (0x401271d3) f3  0xffffffff7fc00000
core   0: 0x00000000800046be (0xd036f4d3) fcvt.s.lu fs1, a3
core   0: 1 0x00000000800046be (0xd036f4d3) f9  0xffffffff50000000
core   0: 0x00000000800046c2 (0x019323b3) slt     t2, t1, s9
core   0: 1 0x00000000800046c2 (0x019323b3) x7  0x0000000000000001
core   0: 0x00000000800046c6 (0x41a752bb) sraw    t0, a4, s10
core   0: 1 0x00000000800046c6 (0x41a752bb) x5  0x0000000000000000
core   0: 0x00000000800046ca (0xd032f453) fcvt.s.lu fs0, t0
core   0: 1 0x00000000800046ca (0xd032f453) f8  0xffffffff00000000
core   0: 0x00000000800046ce (0xd2337553) fcvt.d.lu fa0, t1
core   0: 1 0x00000000800046ce (0xd2337553) f10 0x4031000000000000
core   0: 0x00000000800046d2 (0xb1630893) addi    a7, t1, -1258
core   0: 1 0x00000000800046d2 (0xb1630893) x17 0xfffffffffffffb27
core   0: 0x00000000800046d6 (0xf11fe4f3) csrrsi  s1, mvendorid, 31
core   0: exception trap_illegal_instruction, epc 0x00000000800046d6
core   0:           tval 0x00000000f11fe4f3
core   0: >>>>  $xrv64i2p1_m2p0_a2p1_f2p2_d2p2_zicsr2p0_zifencei2p0_zmmul1p0_zba1p0_zbb1p0_zbc1p0_zbs1p0
core   0: 0x0000000080004000 (0x0080006f) j       pc + 0x8
core   0: 3 0x0000000080004000 (0x0080006f)
core   0: >>>>  mmode_exception_handler
core   0: 0x0000000080004008 (0x00002c17) auipc   s8, 0x2
core   0: 3 0x0000000080004008 (0x00002c17) x24 0x0000000080006008
core   0: 0x000000008000400c (0xfe6c0c13) addi    s8, s8, -26
core   0: 3 0x000000008000400c (0xfe6c0c13) x24 0x0000000080005fee
core   0: 0x0000000080004010 (0x000c00e7) jalr    s8
core   0: 3 0x0000000080004010 (0x000c00e7) x1  0x0000000080004014
core   0: >>>>  any_handler
core   0: 0x0000000080005fee (0x341027f3) csrrs   a5, mepc, zero
core   0: 3 0x0000000080005fee (0x341027f3) x15 0x00000000800046d6
core   0: 0x0000000080005ff2 (0x34202773) csrrs   a4, mcause, zero
core   0: 3 0x0000000080005ff2 (0x34202773) x14 0x0000000000000002
core   0: 0x0000000080005ff6 (0x142026f3) csrrs   a3, scause, zero
core   0: 3 0x0000000080005ff6 (0x142026f3) x13 0x0000000000000000
core   0: 0x0000000080005ffa (0x30402673) csrrs   a2, mie, zero
core   0: 3 0x0000000080005ffa (0x30402673) x12 0x0000000000000a00
core   0: 0x0000000080005ffe (0x344025f3) csrrs   a1, mip, zero
core   0: 3 0x0000000080005ffe (0x344025f3) x11 0x0000000000000080
core   0: 0x0000000080006002 (0x343025f3) csrrs   a1, mtval, zero
core   0: 3 0x0000000080006002 (0x343025f3) x11 0x00000000f11fe4f3
core   0: 0x0000000080006006 (0x14302573) csrrs   a0, stval, zero
core   0: 3 0x0000000080006006 (0x14302573) x10 0x0000000000000000
core   0: 0x000000008000600a (0xb02024f3) csrrs   s1, minstret, zero
core   0: 3 0x000000008000600a (0xb02024f3) x9  0x0000000000000a08
core   0: 0x000000008000600e (0x0000a811) c.j     pc + 20
core   0: 3 0x000000008000600e (0xa811)
core   0: >>>>  mepc_4
core   0: 0x0000000080006022 (0x00000791) c.addi  a5, 4
core   0: 3 0x0000000080006022 (0x0791) x15 0x00000000800046da
core   0: 0x0000000080006024 (0x34179073) csrrw   zero, mepc, a5
core   0: 3 0x0000000080006024 (0x34179073) c833_mepc 0x00000000800046da
core   0: 0x0000000080006028 (0x30200073) mret
core   0: 3 0x0000000080006028 (0x30200073) c768_mstatus 0x8000000a00106080
core   0: 0x00000000800046da (0x001619f3) csrrw   s3, fflags, a2
core   0: 1 0x00000000800046da (0x001619f3) x19 0x0000000000000011 c1_fflags 0x0000000000000000
core   0: 0x00000000800046de (0x2a898dd3) fmin.d  fs11, fs3, fs0
core   0: 1 0x00000000800046de (0x2a898dd3) f27 0x41efffff45e00000
core   0: 0x00000000800046e2 (0x0389fc33) remu    s8, s3, s8
core   0: 1 0x00000000800046e2 (0x0389fc33) x24 0x0000000000000011
core   0: 0x00000000800046e6 (0x01b80dbb) addw    s11, a6, s11
core   0: 1 0x00000000800046e6 (0x01b80dbb) x27 0x0000000000000000
core   0: 0x00000000800046ea (0x031e7453) fadd.d  fs0, ft8, fa7
core   0: 1 0x00000000800046ea (0x031e7453) f8  0x7ff8000000000000
core   0: 0x00000000800046ee (0x420d8553) fcvt.d.s fa0, fs11
core   0: 1 0x00000000800046ee (0x420d8553) f10 0x7ff8000000000000
core   0: 0x00000000800046f2 (0x031cc63b) divw    a2, s9, a7
core   0: 1 0x00000000800046f2 (0x031cc63b) x12 0xffffffffffffffff
core   0: 0x00000000800046f6 (0x000d9593) slli    a1, s11, 0
core   0: 1 0x00000000800046f6 (0x000d9593) x11 0x0000000000000000
core   0: 0x00000000800046fa (0xc2b69397) auipc   t2, 0xc2b69
core   0: 1 0x00000000800046fa (0xc2b69397) x7  0x0000000042b6d6fa
core   0: 0x00000000800046fe (0x400ed03b) sraw    zero, t4, zero
core   0: 1 0x00000000800046fe (0x400ed03b)
core   0: 0x0000000080004702 (0x00495d9b) srliw   s11, s2, 4
core   0: 1 0x0000000080004702 (0x00495d9b) x27 0x0000000008000000
core   0: 0x0000000080004706 (0x407dd13b) sraw    sp, s11, t2
core   0: 1 0x0000000080004706 (0x407dd13b) x2  0x0000000000000002
core   0: 0x000000008000470a (0x4000d0bb) sraw    ra, ra, zero
core   0: 1 0x000000008000470a (0x4000d0bb) x1  0xffffffff80004014
core   0: 0x000000008000470e (0x00529abb) sllw    s5, t0, t0
core   0: 1 0x000000008000470e (0x00529abb) x21 0x0000000000000000
core   0: 0x0000000080004712 (0x7aaef7cf) fnmadd.d fa5, ft9, fa0, fa5
core   0: 1 0x0000000080004712 (0x7aaef7cf) f15 0x7ff8000000000000
core   0: 0x0000000080004716 (0x00000001) c.nop
core   0: 1 0x0000000080004716 (0x0001)
core   0: 0x0000000080004718 (0x00149273) csrrw   tp, fflags, s1
core   0: 1 0x0000000080004718 (0x00149273) x4  0x0000000000000000 c1_fflags 0x0000000000000008
core   0: 0x000000008000471c (0x408ad89b) sraiw   a7, s5, 8
core   0: 1 0x000000008000471c (0x408ad89b) x17 0x0000000000000000
core   0: 0x0000000080004720 (0xfad2fd4f) fnmadd.d fs10, ft5, fa3, ft11
core   0: 1 0x0000000080004720 (0xfad2fd4f) f26 0x7ff8000000000000
core   0: 0x0000000080004724 (0x018e9eb3) sll     t4, t4, s8
core   0: 1 0x0000000080004724 (0x018e9eb3) x29 0xfffffffffffe0000
core   0: 0x0000000080004728 (0xf86e8bb7) lui     s7, 0xf86e8
core   0: 1 0x0000000080004728 (0xf86e8bb7) x23 0xfffffffff86e8000
core   0: 0x000000008000472c (0xa35b8b9b) addiw   s7, s7, -1483
core   0: 1 0x000000008000472c (0xa35b8b9b) x23 0xfffffffff86e7a35
core   0: 0x0000000080004730 (0x00000bb2) c.slli  s7, 12
core   0: 1 0x0000000080004730 (0x0bb2) x23 0xffffff86e7a35000
core   0: 0x0000000080004732 (0xb2fb8b93) addi    s7, s7, -1233
core   0: 1 0x0000000080004732 (0xb2fb8b93) x23 0xffffff86e7a34b2f
core   0: 0x0000000080004736 (0x00281173) csrrw   sp, frm, a6
core   0: 1 0x0000000080004736 (0x00281173) x2  0x0000000000000000 c2_frm 0x0000000000000000
core   0: 0x000000008000473a (0x001813f3) csrrw   t2, fflags, a6
core   0: 1 0x000000008000473a (0x001813f3) x7  0x0000000000000008 c1_fflags 0x0000000000000000
core   0: 0x000000008000473e (0x1973fd93) andi    s11, t2, 407
core   0: 1 0x000000008000473e (0x1973fd93) x27 0x0000000000000000
core   0: 0x0000000080004742 (0x01bde7b3) or      a5, s11, s11
core   0: 1 0x0000000080004742 (0x01bde7b3) x15 0x0000000000000000
core   0: 0x0000000080004746 (0x0033d4bb) srlw    s1, t2, gp
core   0: 1 0x0000000080004746 (0x0033d4bb) x9  0x0000000000000008
core   0: 0x000000008000474a (0x02d18333) mul     t1, gp, a3
core   0: 1 0x000000008000474a (0x02d18333) x6  0x0000000000000000
core   0: 0x000000008000474e (0x002021f3) csrrs   gp, frm, zero
core   0: 1 0x000000008000474e (0x002021f3) x3  0x0000000000000000
core   0: 0x0000000080004752 (0x0345c4b3) div     s1, a1, s4
core   0: 1 0x0000000080004752 (0x0345c4b3) x9  0xffffffffffffffff
core   0: 0x0000000080004756 (0x008d919b) slliw   gp, s11, 8
core   0: 1 0x0000000080004756 (0x008d919b) x3  0x0000000000000000
core   0: 0x000000008000475a (0x10576af3) csrrsi  s5, stvec, 14
core   0: 1 0x000000008000475a (0x10576af3) x21 0x0000000000000000 c261_stvec 0x000000000000000c
core   0: 0x000000008000475e (0x0346753b) remuw   a0, a2, s4
core   0: 1 0x000000008000475e (0x0346753b) x10 0xffffffffffffffff
core   0: 0x0000000080004762 (0x236d7647) fmsub.d fa2, fs10, fs6, ft4
core   0: 1 0x0000000080004762 (0x236d7647) f12 0x7ff8000000000000
core   0: 0x0000000080004766 (0x22c613d3) fsgnjn.d ft7, fa2, fa2
core   0: 1 0x0000000080004766 (0x22c613d3) f7  0xfff8000000000000
core   0: 0x000000008000476a (0xd03bf7d3) fcvt.s.lu fa5, s7
core   0: 1 0x000000008000476a (0xd03bf7d3) c1_fflags 0x0000000000000001 f15 0xffffffff5f800000
core   0: 0x000000008000476e (0xe20d05d3) fmv.x.d a1, fs10
core   0: 1 0x000000008000476e (0xe20d05d3) x11 0x7ff8000000000000
core   0: 0x0000000080004772 (0x99cbcc13) xori    s8, s7, -1636
core   0: 1 0x0000000080004772 (0x99cbcc13) x24 0x00000079185cb2b3
core   0: 0x0000000080004776 (0x01ae4233) xor     tp, t3, s10
core   0: 1 0x0000000080004776 (0x01ae4233) x4  0xffffffff3f800000
core   0: 0x000000008000477a (0x8007b793) sltiu   a5, a5, -2048
core   0: 1 0x000000008000477a (0x8007b793) x15 0x0000000000000001
core   0: 0x000000008000477e (0x02abe1bb) remw    gp, s7, a0
core   0: 1 0x000000008000477e (0x02abe1bb) x3  0x0000000000000000
core   0: 0x0000000080004782 (0xf15ff173) csrrci  sp, mconfigptr, 31
core   0: exception trap_illegal_instruction, epc 0x0000000080004782
core   0:           tval 0x00000000f15ff173
core   0: >>>>  $xrv64i2p1_m2p0_a2p1_f2p2_d2p2_zicsr2p0_zifencei2p0_zmmul1p0_zba1p0_zbb1p0_zbc1p0_zbs1p0
core   0: 0x0000000080004000 (0x0080006f) j       pc + 0x8
core   0: 3 0x0000000080004000 (0x0080006f)
core   0: >>>>  mmode_exception_handler
core   0: 0x0000000080004008 (0x00002c17) auipc   s8, 0x2
core   0: 3 0x0000000080004008 (0x00002c17) x24 0x0000000080006008
core   0: 0x000000008000400c (0xfe6c0c13) addi    s8, s8, -26
core   0: 3 0x000000008000400c (0xfe6c0c13) x24 0x0000000080005fee
core   0: 0x0000000080004010 (0x000c00e7) jalr    s8
core   0: 3 0x0000000080004010 (0x000c00e7) x1  0x0000000080004014
core   0: >>>>  any_handler
core   0: 0x0000000080005fee (0x341027f3) csrrs   a5, mepc, zero
core   0: 3 0x0000000080005fee (0x341027f3) x15 0x0000000080004782
core   0: 0x0000000080005ff2 (0x34202773) csrrs   a4, mcause, zero
core   0: 3 0x0000000080005ff2 (0x34202773) x14 0x0000000000000002
core   0: 0x0000000080005ff6 (0x142026f3) csrrs   a3, scause, zero
core   0: 3 0x0000000080005ff6 (0x142026f3) x13 0x0000000000000000
core   0: 0x0000000080005ffa (0x30402673) csrrs   a2, mie, zero
core   0: 3 0x0000000080005ffa (0x30402673) x12 0x0000000000000a00
core   0: 0x0000000080005ffe (0x344025f3) csrrs   a1, mip, zero
core   0: 3 0x0000000080005ffe (0x344025f3) x11 0x0000000000000080
core   0: 0x0000000080006002 (0x343025f3) csrrs   a1, mtval, zero
core   0: 3 0x0000000080006002 (0x343025f3) x11 0x00000000f15ff173
core   0: 0x0000000080006006 (0x14302573) csrrs   a0, stval, zero
core   0: 3 0x0000000080006006 (0x14302573) x10 0x0000000000000000
core   0: 0x000000008000600a (0xb02024f3) csrrs   s1, minstret, zero
core   0: 3 0x000000008000600a (0xb02024f3) x9  0x0000000000000a43
core   0: 0x000000008000600e (0x0000a811) c.j     pc + 20
core   0: 3 0x000000008000600e (0xa811)
core   0: >>>>  mepc_4
core   0: 0x0000000080006022 (0x00000791) c.addi  a5, 4
core   0: 3 0x0000000080006022 (0x0791) x15 0x0000000080004786
core   0: 0x0000000080006024 (0x34179073) csrrw   zero, mepc, a5
core   0: 3 0x0000000080006024 (0x34179073) c833_mepc 0x0000000080004786
core   0: 0x0000000080006028 (0x30200073) mret
core   0: 3 0x0000000080006028 (0x30200073) c768_mstatus 0x8000000a00106080
core   0: 0x0000000080004786 (0x01158a33) add     s4, a1, a7
core   0: 1 0x0000000080004786 (0x01158a33) x20 0x00000000f15ff173
core   0: 0x000000008000478a (0x4069833b) subw    t1, s3, t1
core   0: 1 0x000000008000478a (0x4069833b) x6  0x0000000000000011
core   0: 0x000000008000478e (0x1060d073) csrrwi  zero, scounteren, 1
core   0: 1 0x000000008000478e (0x1060d073) c262_scounteren 0x0000000000000000
core   0: 0x0000000080004792 (0x032532b3) mulhu   t0, a0, s2
core   0: 1 0x0000000080004792 (0x032532b3) x5  0x0000000000000000
core   0: 0x0000000080004796 (0x0202f033) remu    zero, t0, zero
core   0: 1 0x0000000080004796 (0x0202f033)
core   0: 0x000000008000479a (0x4017ff53) fcvt.s.d ft10, fa5
core   0: 1 0x000000008000479a (0x4017ff53) f30 0xffffffff7fc00000
core   0: 0x000000008000479e (0x0189dc33) srl     s8, s3, s8
core   0: 1 0x000000008000479e (0x0189dc33) x24 0x0000000000000000
core   0: 0x00000000800047a2 (0x400100bb) subw    ra, sp, zero
core   0: 1 0x00000000800047a2 (0x400100bb) x1  0x0000000000000000
core   0: 0x00000000800047a6 (0x7ffc7093) andi    ra, s8, 2047
core   0: 1 0x00000000800047a6 (0x7ffc7093) x1  0x0000000000000000
core   0: 0x00000000800047aa (0x0069bdb3) sltu    s11, s3, t1
core   0: 1 0x00000000800047aa (0x0069bdb3) x27 0x0000000000000000
core   0: 0x00000000800047ae (0x1b49f9d3) fdiv.d  fs3, fs3, fs4
core   0: 1 0x00000000800047ae (0x1b49f9d3) f19 0x7ff8000000000000
core   0: 0x00000000800047b2 (0x00e8e8b3) or      a7, a7, a4
core   0: 1 0x00000000800047b2 (0x00e8e8b3) x17 0x0000000000000002
core   0: 0x00000000800047b6 (0x4181db1b) sraiw   s6, gp, 24
core   0: 1 0x00000000800047b6 (0x4181db1b) x22 0x0000000000000000
core   0: 0x00000000800047ba (0xc2027553) fcvt.w.d a0, ft4
core   0: 1 0x00000000800047ba (0xc2027553) c1_fflags 0x0000000000000011 x10 0x000000007fffffff
core   0: 0x00000000800047be (0xc20a70d3) fcvt.w.d ra, fs4
core   0: 1 0x00000000800047be (0xc20a70d3) c1_fflags 0x0000000000000011 x1  0x000000007fffffff
core   0: 0x00000000800047c2 (0x23d98cd3) fsgnj.d fs9, fs3, ft9
core   0: 1 0x00000000800047c2 (0x23d98cd3) f25 0xfff8000000000000
core   0: 0x00000000800047c6 (0x6bc61897) auipc   a7, 0x6bc61
core   0: 1 0x00000000800047c6 (0x6bc61897) x17 0x00000000ebc657c6
core   0: 0x00000000800047ca (0x039c8cbb) mulw    s9, s9, s9
core   0: 1 0x00000000800047ca (0x039c8cbb) x25 0x00000000003ff001
core   0: 0x00000000800047ce (0xd21b0a53) fcvt.d.wu fs4, s6
core   0: 1 0x00000000800047ce (0xd21b0a53) f20 0x0000000000000000
core   0: 0x00000000800047d2 (0x001e931b) slliw   t1, t4, 1
core   0: 1 0x00000000800047d2 (0x001e931b) x6  0xfffffffffffc0000
core   0: 0x00000000800047d6 (0xd03dfc53) fcvt.s.lu fs8, s11
core   0: 1 0x00000000800047d6 (0xd03dfc53) f24 0xffffffff00000000
core   0: 0x00000000800047da (0xc2337953) fcvt.lu.d s2, ft6
core   0: 1 0x00000000800047da (0xc2337953) c1_fflags 0x0000000000000011 x18 0xffffffffffffffff
core   0: 0x00000000800047de (0x0be47453) fsub.d  fs0, fs0, ft10
core   0: 1 0x00000000800047de (0x0be47453) f8  0x7ff8000000000000
core   0: 0x00000000800047e2 (0x00000e42) c.slli  t3, 16
core   0: 1 0x00000000800047e2 (0x0e42) x28 0x0000000000000000
core   0: 0x00000000800047e4 (0xd3ec7d4f) fnmadd.d fs10, fs8, ft10, fs10
core   0: 1 0x00000000800047e4 (0xd3ec7d4f) f26 0x7ff8000000000000
core   0: 0x00000000800047e8 (0x006a5333) srl     t1, s4, t1
core   0: 1 0x00000000800047e8 (0x006a5333) x6  0x00000000f15ff173
core   0: 0x00000000800047ec (0x5a0aff53) fsqrt.d ft10, fs5
core   0: 1 0x00000000800047ec (0x5a0aff53) f30 0x7ff8000000000000
core   0: 0x00000000800047f0 (0x022176d3) fadd.d  fa3, ft2, ft2
core   0: 1 0x00000000800047f0 (0x022176d3) f13 0x41f546a800000000
core   0: 0x00000000800047f4 (0x40678b3b) subw    s6, a5, t1
core   0: 1 0x00000000800047f4 (0x40678b3b) x22 0xffffffff8ea05613
core   0: 0x00000000800047f8 (0x00629333) sll     t1, t0, t1
core   0: 1 0x00000000800047f8 (0x00629333) x6  0x0000000000000000
core   0: 0x00000000800047fc (0xd21a8053) fcvt.d.wu ft0, s5
core   0: 1 0x00000000800047fc (0xd21a8053) f0  0x0000000000000000
core   0: 0x0000000080004800 (0x01131b13) slli    s6, t1, 17
core   0: 1 0x0000000080004800 (0x01131b13) x22 0x0000000000000000
core   0: 0x0000000080004804 (0xfff4e993) ori     s3, s1, -1
core   0: 1 0x0000000080004804 (0xfff4e993) x19 0xffffffffffffffff
core   0: 0x0000000080004808 (0x00e0139b) slliw   t2, zero, 14
core   0: 1 0x0000000080004808 (0x00e0139b) x7  0x0000000000000000
core   0: 0x000000008000480c (0x41a38833) sub     a6, t2, s10
core   0: 1 0x000000008000480c (0x41a38833) x16 0x00000000c0800000
core   0: 0x0000000080004810 (0x0303653b) remw    a0, t1, a6
core   0: 1 0x0000000080004810 (0x0303653b) x10 0x0000000000000000
core   0: 0x0000000080004814 (0x0ac67653) fsub.d  fa2, fa2, fa2
core   0: 1 0x0000000080004814 (0x0ac67653) f12 0x7ff8000000000000
core   0: 0x0000000080004818 (0x02a8643b) remw    s0, a6, a0
core   0: 1 0x0000000080004818 (0x02a8643b) x8  0xffffffffc0800000
core   0: 0x000000008000481c (0x4016d733) sra     a4, a3, ra
core   0: 1 0x000000008000481c (0x4016d733) x14 0x0000000000000000
core   0: 0x0000000080004820 (0x40e9da1b) sraiw   s4, s3, 14
core   0: 1 0x0000000080004820 (0x40e9da1b) x20 0xffffffffffffffff
core   0: 0x0000000080004824 (0x023cf5b3) remu    a1, s9, gp
core   0: 1 0x0000000080004824 (0x023cf5b3) x11 0x00000000003ff001
core   0: 0x0000000080004828 (0xff559cb7) lui     s9, 0xff559
core   0: 1 0x0000000080004828 (0xff559cb7) x25 0xffffffffff559000
core   0: 0x000000008000482c (0x769c8c9b) addiw   s9, s9, 1897
core   0: 1 0x000000008000482c (0x769c8c9b) x25 0xffffffffff559769
core   0: 0x0000000080004830 (0x00000cba) c.slli  s9, 14
core   0: 1 0x0000000080004830 (0x0cba) x25 0xffffffd565da4000
core   0: 0x0000000080004832 (0xb80c8c93) addi    s9, s9, -1152
core   0: 1 0x0000000080004832 (0xb80c8c93) x25 0xffffffd565da3b80
core   0: 0x0000000080004836 (0x038d5dbb) divuw   s11, s10, s8
core   0: 1 0x0000000080004836 (0x038d5dbb) x27 0xffffffffffffffff
core   0: 0x000000008000483a (0x002dd43b) srlw    s0, s11, sp
core   0: 1 0x000000008000483a (0x002dd43b) x8  0xffffffffffffffff
core   0: 0x000000008000483e (0x00bc96bb) sllw    a3, s9, a1
core   0: 1 0x000000008000483e (0x00bc96bb) x13 0xffffffffcbb47700
core   0: 0x0000000080004842 (0x0015d99b) srliw   s3, a1, 1
core   0: 1 0x0000000080004842 (0x0015d99b) x19 0x00000000001ff800
core   0: 0x0000000080004846 (0x40dcdcb3) sra     s9, s9, a3
core   0: 1 0x0000000080004846 (0x40dcdcb3) x25 0xffffffd565da3b80
core   0: 0x000000008000484a (0x02608d3b) mulw    s10, ra, t1
core   0: 1 0x000000008000484a (0x02608d3b) x26 0x0000000000000000
core   0: 0x000000008000484e (0x42965a93) srai    s5, a2, 41
core   0: 1 0x000000008000484e (0x42965a93) x21 0x0000000000000000
core   0: 0x0000000080004852 (0x414653bb) sraw    t2, a2, s4
core   0: 1 0x0000000080004852 (0x414653bb) x7  0x0000000000000000
core   0: 0x0000000080004856 (0x00fd25b3) slt     a1, s10, a5
core   0: 1 0x0000000080004856 (0x00fd25b3) x11 0x0000000000000001
core   0: 0x000000008000485a (0x93570e37) lui     t3, 0x93570
core   0: 1 0x000000008000485a (0x93570e37) x28 0xffffffff93570000
core   0: 0x000000008000485e (0xf13becf3) csrrsi  s9, mimpid, 23
core   0: exception trap_illegal_instruction, epc 0x000000008000485e
core   0:           tval 0x00000000f13becf3
core   0: >>>>  $xrv64i2p1_m2p0_a2p1_f2p2_d2p2_zicsr2p0_zifencei2p0_zmmul1p0_zba1p0_zbb1p0_zbc1p0_zbs1p0
core   0: 0x0000000080004000 (0x0080006f) j       pc + 0x8
core   0: 3 0x0000000080004000 (0x0080006f)
core   0: >>>>  mmode_exception_handler
core   0: 0x0000000080004008 (0x00002c17) auipc   s8, 0x2
core   0: 3 0x0000000080004008 (0x00002c17) x24 0x0000000080006008
core   0: 0x000000008000400c (0xfe6c0c13) addi    s8, s8, -26
core   0: 3 0x000000008000400c (0xfe6c0c13) x24 0x0000000080005fee
core   0: 0x0000000080004010 (0x000c00e7) jalr    s8
core   0: 3 0x0000000080004010 (0x000c00e7) x1  0x0000000080004014
core   0: >>>>  any_handler
core   0: 0x0000000080005fee (0x341027f3) csrrs   a5, mepc, zero
core   0: 3 0x0000000080005fee (0x341027f3) x15 0x000000008000485e
core   0: 0x0000000080005ff2 (0x34202773) csrrs   a4, mcause, zero
core   0: 3 0x0000000080005ff2 (0x34202773) x14 0x0000000000000002
core   0: 0x0000000080005ff6 (0x142026f3) csrrs   a3, scause, zero
core   0: 3 0x0000000080005ff6 (0x142026f3) x13 0x0000000000000000
core   0: 0x0000000080005ffa (0x30402673) csrrs   a2, mie, zero
core   0: 3 0x0000000080005ffa (0x30402673) x12 0x0000000000000a00
core   0: 0x0000000080005ffe (0x344025f3) csrrs   a1, mip, zero
core   0: 3 0x0000000080005ffe (0x344025f3) x11 0x0000000000000080
core   0: 0x0000000080006002 (0x343025f3) csrrs   a1, mtval, zero
core   0: 3 0x0000000080006002 (0x343025f3) x11 0x00000000f13becf3
core   0: 0x0000000080006006 (0x14302573) csrrs   a0, stval, zero
core   0: 3 0x0000000080006006 (0x14302573) x10 0x0000000000000000
core   0: 0x000000008000600a (0xb02024f3) csrrs   s1, minstret, zero
core   0: 3 0x000000008000600a (0xb02024f3) x9  0x0000000000000a8a
core   0: 0x000000008000600e (0x0000a811) c.j     pc + 20
core   0: 3 0x000000008000600e (0xa811)
core   0: >>>>  mepc_4
core   0: 0x0000000080006022 (0x00000791) c.addi  a5, 4
core   0: 3 0x0000000080006022 (0x0791) x15 0x0000000080004862
core   0: 0x0000000080006024 (0x34179073) csrrw   zero, mepc, a5
core   0: 3 0x0000000080006024 (0x34179073) c833_mepc 0x0000000080004862
core   0: 0x0000000080006028 (0x30200073) mret
core   0: 3 0x0000000080006028 (0x30200073) c768_mstatus 0x8000000a00106080
core   0: 0x0000000080004862 (0xa35d8b53) fle.d   s6, fs11, fs5
core   0: 1 0x0000000080004862 (0xa35d8b53) c1_fflags 0x0000000000000011 x22 0x0000000000000000
core   0: 0x0000000080004866 (0xd2040bd3) fcvt.d.w fs7, s0
core   0: 1 0x0000000080004866 (0xd2040bd3) f23 0xbff0000000000000
core   0: 0x000000008000486a (0x016d17bb) sllw    a5, s10, s6
core   0: 1 0x000000008000486a (0x016d17bb) x15 0x0000000000000000
core   0: 0x000000008000486e (0xe20f80d3) fmv.x.d ra, ft11
core   0: 1 0x000000008000486e (0xe20f80d3) x1  0x7fffffff444e8000
core   0: 0x0000000080004872 (0x0097903b) sllw    zero, a5, s1
core   0: 1 0x0000000080004872 (0x0097903b)
core   0: 0x0000000080004876 (0x1b14ff53) fdiv.d  ft10, fs1, fa7
core   0: 1 0x0000000080004876 (0x1b14ff53) f30 0x7ff8000000000000
core   0: 0x000000008000487a (0x6ffef493) andi    s1, t4, 1791
core   0: 1 0x000000008000487a (0x6ffef493) x9  0x0000000000000000
core   0: 0x000000008000487e (0x105fdef3) csrrwi  t4, stvec, 31
core   0: 1 0x000000008000487e (0x105fdef3) x29 0x000000000000000c c261_stvec 0x000000000000001d
core   0: 0x0000000080004882 (0x41505433) sra     s0, zero, s5
core   0: 1 0x0000000080004882 (0x41505433) x8  0x0000000000000000
core   0: 0x0000000080004886 (0x02d1e1bb) remw    gp, gp, a3
core   0: 1 0x0000000080004886 (0x02d1e1bb) x3  0x0000000000000000
core   0: 0x000000008000488a (0x231aa353) fsgnjx.d ft6, fs5, fa7
core   0: 1 0x000000008000488a (0x231aa353) f6  0xffffffff40000000
core   0: 0x000000008000488e (0x03f45993) srli    s3, s0, 63
core   0: 1 0x000000008000488e (0x03f45993) x19 0x0000000000000000
core   0: 0x0000000080004892 (0x0139ce33) xor     t3, s3, s3
core   0: 1 0x0000000080004892 (0x0139ce33) x28 0x0000000000000000
core   0: 0x0000000080004896 (0x013dadb3) slt     s11, s11, s3
core   0: 1 0x0000000080004896 (0x013dadb3) x27 0x0000000000000001
core   0: 0x000000008000489a (0xb82ee373) csrrsi  t1, minstreth, 29
core   0: exception trap_illegal_instruction, epc 0x000000008000489a
core   0:           tval 0x00000000b82ee373
core   0: >>>>  $xrv64i2p1_m2p0_a2p1_f2p2_d2p2_zicsr2p0_zifencei2p0_zmmul1p0_zba1p0_zbb1p0_zbc1p0_zbs1p0
core   0: 0x0000000080004000 (0x0080006f) j       pc + 0x8
core   0: 3 0x0000000080004000 (0x0080006f)
core   0: >>>>  mmode_exception_handler
core   0: 0x0000000080004008 (0x00002c17) auipc   s8, 0x2
core   0: 3 0x0000000080004008 (0x00002c17) x24 0x0000000080006008
core   0: 0x000000008000400c (0xfe6c0c13) addi    s8, s8, -26
core   0: 3 0x000000008000400c (0xfe6c0c13) x24 0x0000000080005fee
core   0: 0x0000000080004010 (0x000c00e7) jalr    s8
core   0: 3 0x0000000080004010 (0x000c00e7) x1  0x0000000080004014
core   0: >>>>  any_handler
core   0: 0x0000000080005fee (0x341027f3) csrrs   a5, mepc, zero
core   0: 3 0x0000000080005fee (0x341027f3) x15 0x000000008000489a
core   0: 0x0000000080005ff2 (0x34202773) csrrs   a4, mcause, zero
core   0: 3 0x0000000080005ff2 (0x34202773) x14 0x0000000000000002
core   0: 0x0000000080005ff6 (0x142026f3) csrrs   a3, scause, zero
core   0: 3 0x0000000080005ff6 (0x142026f3) x13 0x0000000000000000
core   0: 0x0000000080005ffa (0x30402673) csrrs   a2, mie, zero
core   0: 3 0x0000000080005ffa (0x30402673) x12 0x0000000000000a00
core   0: 0x0000000080005ffe (0x344025f3) csrrs   a1, mip, zero
core   0: 3 0x0000000080005ffe (0x344025f3) x11 0x0000000000000080
core   0: 0x0000000080006002 (0x343025f3) csrrs   a1, mtval, zero
core   0: 3 0x0000000080006002 (0x343025f3) x11 0x00000000b82ee373
core   0: 0x0000000080006006 (0x14302573) csrrs   a0, stval, zero
core   0: 3 0x0000000080006006 (0x14302573) x10 0x0000000000000000
core   0: 0x000000008000600a (0xb02024f3) csrrs   s1, minstret, zero
core   0: 3 0x000000008000600a (0xb02024f3) x9  0x0000000000000aa8
core   0: 0x000000008000600e (0x0000a811) c.j     pc + 20
core   0: 3 0x000000008000600e (0xa811)
core   0: >>>>  mepc_4
core   0: 0x0000000080006022 (0x00000791) c.addi  a5, 4
core   0: 3 0x0000000080006022 (0x0791) x15 0x000000008000489e
core   0: 0x0000000080006024 (0x34179073) csrrw   zero, mepc, a5
core   0: 3 0x0000000080006024 (0x34179073) c833_mepc 0x000000008000489e
core   0: 0x0000000080006028 (0x30200073) mret
core   0: 3 0x0000000080006028 (0x30200073) c768_mstatus 0x8000000a00106080
core   0: 0x000000008000489e (0x42078c53) fcvt.d.s fs8, fa5
core   0: 1 0x000000008000489e (0x42078c53) f24 0x43f0000000000000
core   0: 0x00000000800048a2 (0x02d156bb) divuw   a3, sp, a3
core   0: 1 0x00000000800048a2 (0x02d156bb) x13 0xffffffffffffffff
core   0: 0x00000000800048a6 (0xe2dc7993) andi    s3, s8, -467
core   0: 1 0x00000000800048a6 (0xe2dc7993) x19 0x0000000080005e2c
core   0: 0x00000000800048aa (0x015e9d3b) sllw    s10, t4, s5
core   0: 1 0x00000000800048aa (0x015e9d3b) x26 0x000000000000000c
core   0: 0x00000000800048ae (0xc21c7453) fcvt.wu.d s0, fs8
core   0: 1 0x00000000800048ae (0xc21c7453) c1_fflags 0x0000000000000011 x8  0xffffffffffffffff
core   0: 0x00000000800048b2 (0x01d2533b) srlw    t1, tp, t4
core   0: 1 0x00000000800048b2 (0x01d2533b) x6  0x000000000003f800
core   0: 0x00000000800048b6 (0x4062d5b3) sra     a1, t0, t1
core   0: 1 0x00000000800048b6 (0x4062d5b3) x11 0x0000000000000000
core   0: 0x00000000800048ba (0x0056593b) srlw    s2, a2, t0
core   0: 1 0x00000000800048ba (0x0056593b) x18 0x0000000000000a00
core   0: 0x00000000800048be (0x03bdfdbb) remuw   s11, s11, s11
core   0: 1 0x00000000800048be (0x03bdfdbb) x27 0x0000000000000000
core   0: 0x00000000800048c2 (0x0002c513) xori    a0, t0, 0
core   0: 1 0x00000000800048c2 (0x0002c513) x10 0x0000000000000000
core   0: 0x00000000800048c6 (0x40a289b3) sub     s3, t0, a0
core   0: 1 0x00000000800048c6 (0x40a289b3) x19 0x0000000000000000
core   0: 0x00000000800048ca (0x0084d7b3) srl     a5, s1, s0
core   0: 1 0x00000000800048ca (0x0084d7b3) x15 0x0000000000000000
core   0: 0x00000000800048ce (0x40bbdbb3) sra     s7, s7, a1
core   0: 1 0x00000000800048ce (0x40bbdbb3) x23 0xffffff86e7a34b2f
core   0: 0x00000000800048d2 (0x03776d3b) remw    s10, a4, s7
core   0: 1 0x00000000800048d2 (0x03776d3b) x26 0x0000000000000002
core   0: 0x00000000800048d6 (0xd021f453) fcvt.s.l fs0, gp
core   0: 1 0x00000000800048d6 (0xd021f453) f8  0xffffffff00000000
core   0: 0x00000000800048da (0xd2307053) fcvt.d.lu ft0, zero
core   0: 1 0x00000000800048da (0xd2307053) f0  0x0000000000000000
core   0: 0x00000000800048de (0x4055dbb3) sra     s7, a1, t0
core   0: 1 0x00000000800048de (0x4055dbb3) x23 0x0000000000000000
core   0: 0x00000000800048e2 (0x400d501b) sraiw   zero, s10, 0
core   0: 1 0x00000000800048e2 (0x400d501b)
core   0: 0x00000000800048e6 (0x5a0b7953) fsqrt.d fs2, fs6
core   0: 1 0x00000000800048e6 (0x5a0b7953) f18 0x7ff8000000000000
core   0: 0x00000000800048ea (0x1400f973) csrrci  s2, sscratch, 1
core   0: 1 0x00000000800048ea (0x1400f973) x18 0x0000000000000000 c320_sscratch 0x0000000000000000
core   0: 0x00000000800048ee (0xb27b73cb) fnmsub.d ft7, fs6, ft7, fs6
core   0: 1 0x00000000800048ee (0xb27b73cb) f7  0x7ff8000000000000
core   0: 0x00000000800048f2 (0x00c3113b) sllw    sp, t1, a2
core   0: 1 0x00000000800048f2 (0x00c3113b) x2  0x000000000003f800
core   0: 0x00000000800048f6 (0x5a067553) fsqrt.d fa0, fa2
core   0: 1 0x00000000800048f6 (0x5a067553) f10 0x7ff8000000000000
core   0: 0x00000000800048fa (0xd02673d3) fcvt.s.l ft7, a2
core   0: 1 0x00000000800048fa (0xd02673d3) f7  0xffffffff45200000
core   0: 0x00000000800048fe (0x10d16813) ori     a6, sp, 269
core   0: 1 0x00000000800048fe (0x10d16813) x16 0x000000000003f90d
core   0: 0x0000000080004902 (0xd1b66313) ori     t1, a2, -741
core   0: 1 0x0000000080004902 (0xd1b66313) x6  0xffffffffffffff1b
core   0: 0x0000000080004906 (0x01717533) and     a0, sp, s7
core   0: 1 0x0000000080004906 (0x01717533) x10 0x0000000000000000
core   0: 0x000000008000490a (0x420d8c53) fcvt.d.s fs8, fs11
core   0: 1 0x000000008000490a (0x420d8c53) f24 0x7ff8000000000000
core   0: 0x000000008000490e (0xd463039b) addiw   t2, t1, -698
core   0: 1 0x000000008000490e (0xd463039b) x7  0xfffffffffffffc61
core   0: 0x0000000080004912 (0x62e3f843) fmadd.d fa6, ft7, fa4, fa2
core   0: 1 0x0000000080004912 (0x62e3f843) f16 0x7ff8000000000000
core   0: 0x0000000080004916 (0x3ae3f7c3) fmadd.d fa5, ft7, fa4, ft7
core   0: 1 0x0000000080004916 (0x3ae3f7c3) f15 0x7ff8000000000000
core   0: 0x000000008000491a (0x00f34bb3) xor     s7, t1, a5
core   0: 1 0x000000008000491a (0x00f34bb3) x23 0xffffffffffffff1b
core   0: 0x000000008000491e (0x02eba9b3) mulhsu  s3, s7, a4
core   0: 1 0x000000008000491e (0x02eba9b3) x19 0xffffffffffffffff
core   0: 0x0000000080004922 (0x00ac2933) slt     s2, s8, a0
core   0: 1 0x0000000080004922 (0x00ac2933) x18 0x0000000000000000
core   0: 0x0000000080004926 (0x01c9c3b3) xor     t2, s3, t3
core   0: 1 0x0000000080004926 (0x01c9c3b3) x7  0xffffffffffffffff
core   0: 0x000000008000492a (0x43f35793) srai    a5, t1, 63
core   0: 1 0x000000008000492a (0x43f35793) x15 0xffffffffffffffff
core   0: 0x000000008000492e (0x00e6a733) slt     a4, a3, a4
core   0: 1 0x000000008000492e (0x00e6a733) x14 0x0000000000000001
core   0: 0x0000000080004932 (0x0177da13) srli    s4, a5, 23
core   0: 1 0x0000000080004932 (0x0177da13) x20 0x000001ffffffffff
core   0: 0x0000000080004936 (0x0d76e693) ori     a3, a3, 215
core   0: 1 0x0000000080004936 (0x0d76e693) x13 0xffffffffffffffff
core   0: 0x000000008000493a (0x30342373) csrrs   t1, mideleg, s0
core   0: exception trap_illegal_instruction, epc 0x000000008000493a
core   0:           tval 0x0000000030342373
core   0: >>>>  $xrv64i2p1_m2p0_a2p1_f2p2_d2p2_zicsr2p0_zifencei2p0_zmmul1p0_zba1p0_zbb1p0_zbc1p0_zbs1p0
core   0: 0x0000000080004000 (0x0080006f) j       pc + 0x8
core   0: 3 0x0000000080004000 (0x0080006f)
core   0: >>>>  mmode_exception_handler
core   0: 0x0000000080004008 (0x00002c17) auipc   s8, 0x2
core   0: 3 0x0000000080004008 (0x00002c17) x24 0x0000000080006008
core   0: 0x000000008000400c (0xfe6c0c13) addi    s8, s8, -26
core   0: 3 0x000000008000400c (0xfe6c0c13) x24 0x0000000080005fee
core   0: 0x0000000080004010 (0x000c00e7) jalr    s8
core   0: 3 0x0000000080004010 (0x000c00e7) x1  0x0000000080004014
core   0: >>>>  any_handler
core   0: 0x0000000080005fee (0x341027f3) csrrs   a5, mepc, zero
core   0: 3 0x0000000080005fee (0x341027f3) x15 0x000000008000493a
core   0: 0x0000000080005ff2 (0x34202773) csrrs   a4, mcause, zero
core   0: 3 0x0000000080005ff2 (0x34202773) x14 0x0000000000000002
core   0: 0x0000000080005ff6 (0x142026f3) csrrs   a3, scause, zero
core   0: 3 0x0000000080005ff6 (0x142026f3) x13 0x0000000000000000
core   0: 0x0000000080005ffa (0x30402673) csrrs   a2, mie, zero
core   0: 3 0x0000000080005ffa (0x30402673) x12 0x0000000000000a00
core   0: 0x0000000080005ffe (0x344025f3) csrrs   a1, mip, zero
core   0: 3 0x0000000080005ffe (0x344025f3) x11 0x0000000000000080
core   0: 0x0000000080006002 (0x343025f3) csrrs   a1, mtval, zero
core   0: 3 0x0000000080006002 (0x343025f3) x11 0x0000000030342373
core   0: 0x0000000080006006 (0x14302573) csrrs   a0, stval, zero
core   0: 3 0x0000000080006006 (0x14302573) x10 0x0000000000000000
core   0: 0x000000008000600a (0xb02024f3) csrrs   s1, minstret, zero
core   0: 3 0x000000008000600a (0xb02024f3) x9  0x0000000000000adf
core   0: 0x000000008000600e (0x0000a811) c.j     pc + 20
core   0: 3 0x000000008000600e (0xa811)
core   0: >>>>  mepc_4
core   0: 0x0000000080006022 (0x00000791) c.addi  a5, 4
core   0: 3 0x0000000080006022 (0x0791) x15 0x000000008000493e
core   0: 0x0000000080006024 (0x34179073) csrrw   zero, mepc, a5
core   0: 3 0x0000000080006024 (0x34179073) c833_mepc 0x000000008000493e
core   0: 0x0000000080006028 (0x30200073) mret
core   0: 3 0x0000000080006028 (0x30200073) c768_mstatus 0x8000000a00106080
core   0: 0x000000008000493e (0x5a0afbd3) fsqrt.d fs7, fs5
core   0: 1 0x000000008000493e (0x5a0afbd3) f23 0x7ff8000000000000
core   0: 0x0000000080004942 (0x0104571b) srliw   a4, s0, 16
core   0: 1 0x0000000080004942 (0x0104571b) x14 0x000000000000ffff
core   0: 0x0000000080004946 (0x001c92f3) csrrw   t0, fflags, s9
core   0: 1 0x0000000080004946 (0x001c92f3) x5  0x0000000000000011 c1_fflags 0x0000000000000000
core   0: 0x000000008000494a (0x000c9d93) slli    s11, s9, 0
core   0: 1 0x000000008000494a (0x000c9d93) x27 0xffffffd565da3b80
core   0: 0x000000008000494e (0x03c0cbbb) divw    s7, ra, t3
core   0: 1 0x000000008000494e (0x03c0cbbb) x23 0xffffffffffffffff
core   0: 0x0000000080004952 (0x00000001) c.nop
core   0: 1 0x0000000080004952 (0x0001)
core   0: 0x0000000080004954 (0xe2098b53) fmv.x.d s6, fs3
core   0: 1 0x0000000080004954 (0xe2098b53) x22 0x7ff8000000000000
core   0: 0x0000000080004958 (0x77facd13) xori    s10, s5, 1919
core   0: 1 0x0000000080004958 (0x77facd13) x26 0x000000000000077f
core   0: 0x000000008000495c (0x81af4ab7) lui     s5, 0x81af4
core   0: 1 0x000000008000495c (0x81af4ab7) x21 0xffffffff81af4000
core   0: 0x0000000080004960 (0x00202c73) csrrs   s8, frm, zero
core   0: 1 0x0000000080004960 (0x00202c73) x24 0x0000000000000000
core   0: 0x0000000080004964 (0x557bd217) auipc   tp, 0x557bd
core   0: 1 0x0000000080004964 (0x557bd217) x4  0x00000000d57c1964
core   0: 0x0000000080004968 (0xe20804d3) fmv.x.d s1, fa6
core   0: 1 0x0000000080004968 (0xe20804d3) x9  0x7ff8000000000000
core   0: 0x000000008000496c (0x016e81b3) add     gp, t4, s6
core   0: 1 0x000000008000496c (0x016e81b3) x3  0x7ff800000000000c
core   0: 0x0000000080004970 (0x42080653) fcvt.d.s fa2, fa6
core   0: 1 0x0000000080004970 (0x42080653) f12 0x7ff8000000000000
core   0: 0x0000000080004974 (0x4054d8bb) sraw    a7, s1, t0
core   0: 1 0x0000000080004974 (0x4054d8bb) x17 0x0000000000000000
core   0: 0x0000000080004978 (0x00179cf3) csrrw   s9, fflags, a5
core   0: 1 0x0000000080004978 (0x00179cf3) x25 0x0000000000000000 c1_fflags 0x000000000000001e
core   0: 0x000000008000497c (0x22319c53) fsgnjn.d fs8, ft3, ft3
core   0: 1 0x000000008000497c (0x22319c53) f24 0x7fffffff7fc00000
core   0: 0x0000000080004980 (0x2ba60c53) fmin.d  fs8, fa2, fs10
core   0: 1 0x0000000080004980 (0x2ba60c53) f24 0x7ff8000000000000
core   0: 0x0000000080004984 (0x7399f147) fmsub.d ft2, fs3, fs9, fa4
core   0: 1 0x0000000080004984 (0x7399f147) f2  0x7ff8000000000000
core   0: 0x0000000080004988 (0x018d0a33) add     s4, s10, s8
core   0: 1 0x0000000080004988 (0x018d0a33) x20 0x000000000000077f
core   0: 0x000000008000498c (0xc010f8f3) csrrci  a7, time, 1
core   0: exception trap_illegal_instruction, epc 0x000000008000498c
core   0:           tval 0x00000000c010f8f3
core   0: >>>>  $xrv64i2p1_m2p0_a2p1_f2p2_d2p2_zicsr2p0_zifencei2p0_zmmul1p0_zba1p0_zbb1p0_zbc1p0_zbs1p0
core   0: 0x0000000080004000 (0x0080006f) j       pc + 0x8
core   0: 3 0x0000000080004000 (0x0080006f)
core   0: >>>>  mmode_exception_handler
core   0: 0x0000000080004008 (0x00002c17) auipc   s8, 0x2
core   0: 3 0x0000000080004008 (0x00002c17) x24 0x0000000080006008
core   0: 0x000000008000400c (0xfe6c0c13) addi    s8, s8, -26
core   0: 3 0x000000008000400c (0xfe6c0c13) x24 0x0000000080005fee
core   0: 0x0000000080004010 (0x000c00e7) jalr    s8
core   0: 3 0x0000000080004010 (0x000c00e7) x1  0x0000000080004014
core   0: >>>>  any_handler
core   0: 0x0000000080005fee (0x341027f3) csrrs   a5, mepc, zero
core   0: 3 0x0000000080005fee (0x341027f3) x15 0x000000008000498c
core   0: 0x0000000080005ff2 (0x34202773) csrrs   a4, mcause, zero
core   0: 3 0x0000000080005ff2 (0x34202773) x14 0x0000000000000002
core   0: 0x0000000080005ff6 (0x142026f3) csrrs   a3, scause, zero
core   0: 3 0x0000000080005ff6 (0x142026f3) x13 0x0000000000000000
core   0: 0x0000000080005ffa (0x30402673) csrrs   a2, mie, zero
core   0: 3 0x0000000080005ffa (0x30402673) x12 0x0000000000000a00
core   0: 0x0000000080005ffe (0x344025f3) csrrs   a1, mip, zero
core   0: 3 0x0000000080005ffe (0x344025f3) x11 0x0000000000000080
core   0: 0x0000000080006002 (0x343025f3) csrrs   a1, mtval, zero
core   0: 3 0x0000000080006002 (0x343025f3) x11 0x00000000c010f8f3
core   0: 0x0000000080006006 (0x14302573) csrrs   a0, stval, zero
core   0: 3 0x0000000080006006 (0x14302573) x10 0x0000000000000000
core   0: 0x000000008000600a (0xb02024f3) csrrs   s1, minstret, zero
core   0: 3 0x000000008000600a (0xb02024f3) x9  0x0000000000000b03
core   0: 0x000000008000600e (0x0000a811) c.j     pc + 20
core   0: 3 0x000000008000600e (0xa811)
core   0: >>>>  mepc_4
core   0: 0x0000000080006022 (0x00000791) c.addi  a5, 4
core   0: 3 0x0000000080006022 (0x0791) x15 0x0000000080004990
core   0: 0x0000000080006024 (0x34179073) csrrw   zero, mepc, a5
core   0: 3 0x0000000080006024 (0x34179073) c833_mepc 0x0000000080004990
core   0: 0x0000000080006028 (0x30200073) mret
core   0: 3 0x0000000080006028 (0x30200073) c768_mstatus 0x8000000a00106080
core   0: 0x0000000080004990 (0x01105b13) srli    s6, zero, 17
core   0: 1 0x0000000080004990 (0x01105b13) x22 0x0000000000000000
core   0: 0x0000000080004994 (0x143732f3) csrrc   t0, stval, a4
core   0: 1 0x0000000080004994 (0x143732f3) x5  0x0000000000000000 c323_stval 0x0000000000000000
core   0: 0x0000000080004998 (0x002898f3) csrrw   a7, frm, a7
core   0: 1 0x0000000080004998 (0x002898f3) x17 0x0000000000000000 c2_frm 0x0000000000000000
core   0: 0x000000008000499c (0x007d80b3) add     ra, s11, t2
core   0: 1 0x000000008000499c (0x007d80b3) x1  0xffffffd565da3b7f
core   0: 0x00000000800049a0 (0x401edebb) sraw    t4, t4, ra
core   0: 1 0x00000000800049a0 (0x401edebb) x29 0x0000000000000000
core   0: 0x00000000800049a4 (0x03abdd33) divu    s10, s7, s10
core   0: 1 0x00000000800049a4 (0x03abdd33) x26 0x002226afd32d393a
core   0: 0x00000000800049a8 (0xfff84593) not     a1, a6
core   0: 1 0x00000000800049a8 (0xfff84593) x11 0xfffffffffffc06f2
core   0: 0x00000000800049ac (0x00fe76b7) lui     a3, 0xfe7
core   0: 1 0x00000000800049ac (0x00fe76b7) x13 0x0000000000fe7000
core   0: 0x00000000800049b0 (0x3d56869b) addiw   a3, a3, 981
core   0: 1 0x00000000800049b0 (0x3d56869b) x13 0x0000000000fe73d5
core   0: 0x00000000800049b4 (0x000006be) c.slli  a3, 15
core   0: 1 0x00000000800049b4 (0x06be) x13 0x0000007f39ea8000
core   0: 0x00000000800049b6 (0xf6968693) addi    a3, a3, -151
core   0: 1 0x00000000800049b6 (0xf6968693) x13 0x0000007f39ea7f69
core   0: 0x00000000800049ba (0x01c6de13) srli    t3, a3, 28
core   0: 1 0x00000000800049ba (0x01c6de13) x28 0x00000000000007f3
core   0: 0x00000000800049be (0x01b81533) sll     a0, a6, s11
core   0: 1 0x00000000800049be (0x01b81533) x10 0x000000000003f90d
core   0: 0x00000000800049c2 (0xdd854c93) xori    s9, a0, -552
core   0: 1 0x00000000800049c2 (0xdd854c93) x25 0xfffffffffffc04d5
core   0: 0x00000000800049c6 (0xa8405b37) lui     s6, 0xa8405
core   0: 1 0x00000000800049c6 (0xa8405b37) x22 0xffffffffa8405000
core   0: 0x00000000800049ca (0x00da1e1b) slliw   t3, s4, 13
core   0: 1 0x00000000800049ca (0x00da1e1b) x28 0x0000000000efe000
core   0: 0x00000000800049ce (0x037d5a33) divu    s4, s10, s7
core   0: 1 0x00000000800049ce (0x037d5a33) x20 0x0000000000000000
core   0: 0x00000000800049d2 (0x03a5e5bb) remw    a1, a1, s10
core   0: 1 0x00000000800049d2 (0x03a5e5bb) x11 0xfffffffffffc06f2
core   0: 0x00000000800049d6 (0x01c58033) add     zero, a1, t3
core   0: 1 0x00000000800049d6 (0x01c58033)
core   0: 0x00000000800049da (0x40fd5993) srai    s3, s10, 15
core   0: 1 0x00000000800049da (0x40fd5993) x19 0x000000444d5fa65a
core   0: 0x00000000800049de (0x5a0d70d3) fsqrt.d ft1, fs10
core   0: 1 0x00000000800049de (0x5a0d70d3) f1  0x7ff8000000000000
core   0: 0x00000000800049e2 (0x01c12e33) slt     t3, sp, t3
core   0: 1 0x00000000800049e2 (0x01c12e33) x28 0x0000000000000001
core   0: 0x00000000800049e6 (0x73038b93) addi    s7, t2, 1840
core   0: 1 0x00000000800049e6 (0x73038b93) x23 0x000000000000072f
core   0: 0x00000000800049ea (0xf14210f3) csrrw   ra, mhartid, tp
core   0: exception trap_illegal_instruction, epc 0x00000000800049ea
core   0:           tval 0x00000000f14210f3
core   0: >>>>  $xrv64i2p1_m2p0_a2p1_f2p2_d2p2_zicsr2p0_zifencei2p0_zmmul1p0_zba1p0_zbb1p0_zbc1p0_zbs1p0
core   0: 0x0000000080004000 (0x0080006f) j       pc + 0x8
core   0: 3 0x0000000080004000 (0x0080006f)
core   0: >>>>  mmode_exception_handler
core   0: 0x0000000080004008 (0x00002c17) auipc   s8, 0x2
core   0: 3 0x0000000080004008 (0x00002c17) x24 0x0000000080006008
core   0: 0x000000008000400c (0xfe6c0c13) addi    s8, s8, -26
core   0: 3 0x000000008000400c (0xfe6c0c13) x24 0x0000000080005fee
core   0: 0x0000000080004010 (0x000c00e7) jalr    s8
core   0: 3 0x0000000080004010 (0x000c00e7) x1  0x0000000080004014
core   0: >>>>  any_handler
core   0: 0x0000000080005fee (0x341027f3) csrrs   a5, mepc, zero
core   0: 3 0x0000000080005fee (0x341027f3) x15 0x00000000800049ea
core   0: 0x0000000080005ff2 (0x34202773) csrrs   a4, mcause, zero
core   0: 3 0x0000000080005ff2 (0x34202773) x14 0x0000000000000002
core   0: 0x0000000080005ff6 (0x142026f3) csrrs   a3, scause, zero
core   0: 3 0x0000000080005ff6 (0x142026f3) x13 0x0000000000000000
core   0: 0x0000000080005ffa (0x30402673) csrrs   a2, mie, zero
core   0: 3 0x0000000080005ffa (0x30402673) x12 0x0000000000000a00
core   0: 0x0000000080005ffe (0x344025f3) csrrs   a1, mip, zero
core   0: 3 0x0000000080005ffe (0x344025f3) x11 0x0000000000000080
core   0: 0x0000000080006002 (0x343025f3) csrrs   a1, mtval, zero
core   0: 3 0x0000000080006002 (0x343025f3) x11 0x00000000f14210f3
core   0: 0x0000000080006006 (0x14302573) csrrs   a0, stval, zero
core   0: 3 0x0000000080006006 (0x14302573) x10 0x0000000000000000
core   0: 0x000000008000600a (0xb02024f3) csrrs   s1, minstret, zero
core   0: 3 0x000000008000600a (0xb02024f3) x9  0x0000000000000b2a
core   0: 0x000000008000600e (0x0000a811) c.j     pc + 20
core   0: 3 0x000000008000600e (0xa811)
core   0: >>>>  mepc_4
core   0: 0x0000000080006022 (0x00000791) c.addi  a5, 4
core   0: 3 0x0000000080006022 (0x0791) x15 0x00000000800049ee
core   0: 0x0000000080006024 (0x34179073) csrrw   zero, mepc, a5
core   0: 3 0x0000000080006024 (0x34179073) c833_mepc 0x00000000800049ee
core   0: 0x0000000080006028 (0x30200073) mret
core   0: 3 0x0000000080006028 (0x30200073) c768_mstatus 0x8000000a00106080
core   0: 0x00000000800049ee (0x00061b1b) slliw   s6, a2, 0
core   0: 1 0x00000000800049ee (0x00061b1b) x22 0x0000000000000a00
core   0: 0x00000000800049f2 (0x00009ea5) c.addw  a3, s1
core   0: 1 0x00000000800049f2 (0x9ea5) x13 0x0000000000000b2a
core   0: 0x00000000800049f4 (0xc2197353) fcvt.wu.d t1, fs2
core   0: 1 0x00000000800049f4 (0xc2197353) c1_fflags 0x000000000000001e x6  0xffffffffffffffff
core   0: 0x00000000800049f8 (0x1a8ef9d3) fdiv.d  fs3, ft9, fs0
core   0: 1 0x00000000800049f8 (0x1a8ef9d3) f19 0x7ff8000000000000
core   0: 0x00000000800049fc (0x41485a3b) sraw    s4, a6, s4
core   0: 1 0x00000000800049fc (0x41485a3b) x20 0x000000000003f90d
core   0: 0x0000000080004a00 (0xd236f353) fcvt.d.lu ft6, a3
core   0: 1 0x0000000080004a00 (0xd236f353) f6  0x40a6540000000000
core   0: 0x0000000080004a04 (0xc2017553) fcvt.w.d a0, ft2
core   0: 1 0x0000000080004a04 (0xc2017553) c1_fflags 0x000000000000001e x10 0x000000007fffffff
core   0: 0x0000000080004a08 (0x01d314b3) sll     s1, t1, t4
core   0: 1 0x0000000080004a08 (0x01d314b3) x9  0xffffffffffffffff
core   0: 0x0000000080004a0c (0x0065923b) sllw    tp, a1, t1
core   0: 1 0x0000000080004a0c (0x0065923b) x4  0xffffffff80000000
core   0: 0x0000000080004a10 (0x001b63b3) or      t2, s6, ra
core   0: 1 0x0000000080004a10 (0x001b63b3) x7  0x0000000080004a14
core   0: 0x0000000080004a14 (0x028322b3) mulhsu  t0, t1, s0
core   0: 1 0x0000000080004a14 (0x028322b3) x5  0xffffffffffffffff
core   0: 0x0000000080004a18 (0x00c24c33) xor     s8, tp, a2
core   0: 1 0x0000000080004a18 (0x00c24c33) x24 0xffffffff80000a00
core   0: 0x0000000080004a1c (0x400a5493) srai    s1, s4, 0
core   0: 1 0x0000000080004a1c (0x400a5493) x9  0x000000000003f90d
core   0: 0x0000000080004a20 (0x01f1d19b) srliw   gp, gp, 31
core   0: 1 0x0000000080004a20 (0x01f1d19b) x3  0x0000000000000000
core   0: 0x0000000080004a24 (0xf20d8f53) fmv.d.x ft10, s11
core   0: 1 0x0000000080004a24 (0xf20d8f53) f30 0xffffffd565da3b80
core   0: 0x0000000080004a28 (0x5a0df053) fsqrt.d ft0, fs11
core   0: 1 0x0000000080004a28 (0x5a0df053) c1_fflags 0x000000000000001f f0  0x40efffffa2efff79
core   0: 0x0000000080004a2c (0x00f788b3) add     a7, a5, a5
core   0: 1 0x0000000080004a2c (0x00f788b3) x17 0x00000001000093dc
core   0: 0x0000000080004a30 (0x2a1c7c4b) fnmsub.d fs8, fs8, ft1, ft5
core   0: 1 0x0000000080004a30 (0x2a1c7c4b) f24 0x7ff8000000000000
core   0: 0x0000000080004a34 (0x01262bb3) slt     s7, a2, s2
core   0: 1 0x0000000080004a34 (0x01262bb3) x23 0x0000000000000000
core   0: 0x0000000080004a38 (0xe0038413) addi    s0, t2, -512
core   0: 1 0x0000000080004a38 (0xe0038413) x8  0x0000000080004814
core   0: 0x0000000080004a3c (0x02a6e533) rem     a0, a3, a0
core   0: 1 0x0000000080004a3c (0x02a6e533) x10 0x0000000000000b2a
core   0: 0x0000000080004a40 (0xcb9c7147) fmsub.d ft2, fs8, fs9, fs9
core   0: 1 0x0000000080004a40 (0xcb9c7147) f2  0x7ff8000000000000
core   0: 0x0000000080004a44 (0xc05ef7f3) csrrci  a5, hpmcounter5, 29
core   0: exception trap_illegal_instruction, epc 0x0000000080004a44
core   0:           tval 0x00000000c05ef7f3
core   0: >>>>  $xrv64i2p1_m2p0_a2p1_f2p2_d2p2_zicsr2p0_zifencei2p0_zmmul1p0_zba1p0_zbb1p0_zbc1p0_zbs1p0
core   0: 0x0000000080004000 (0x0080006f) j       pc + 0x8
core   0: 3 0x0000000080004000 (0x0080006f)
core   0: >>>>  mmode_exception_handler
core   0: 0x0000000080004008 (0x00002c17) auipc   s8, 0x2
core   0: 3 0x0000000080004008 (0x00002c17) x24 0x0000000080006008
core   0: 0x000000008000400c (0xfe6c0c13) addi    s8, s8, -26
core   0: 3 0x000000008000400c (0xfe6c0c13) x24 0x0000000080005fee
core   0: 0x0000000080004010 (0x000c00e7) jalr    s8
core   0: 3 0x0000000080004010 (0x000c00e7) x1  0x0000000080004014
core   0: >>>>  any_handler
core   0: 0x0000000080005fee (0x341027f3) csrrs   a5, mepc, zero
core   0: 3 0x0000000080005fee (0x341027f3) x15 0x0000000080004a44
core   0: 0x0000000080005ff2 (0x34202773) csrrs   a4, mcause, zero
core   0: 3 0x0000000080005ff2 (0x34202773) x14 0x0000000000000002
core   0: 0x0000000080005ff6 (0x142026f3) csrrs   a3, scause, zero
core   0: 3 0x0000000080005ff6 (0x142026f3) x13 0x0000000000000000
core   0: 0x0000000080005ffa (0x30402673) csrrs   a2, mie, zero
core   0: 3 0x0000000080005ffa (0x30402673) x12 0x0000000000000a00
core   0: 0x0000000080005ffe (0x344025f3) csrrs   a1, mip, zero
core   0: 3 0x0000000080005ffe (0x344025f3) x11 0x0000000000000080
core   0: 0x0000000080006002 (0x343025f3) csrrs   a1, mtval, zero
core   0: 3 0x0000000080006002 (0x343025f3) x11 0x00000000c05ef7f3
core   0: 0x0000000080006006 (0x14302573) csrrs   a0, stval, zero
core   0: 3 0x0000000080006006 (0x14302573) x10 0x0000000000000000
core   0: 0x000000008000600a (0xb02024f3) csrrs   s1, minstret, zero
core   0: 3 0x000000008000600a (0xb02024f3) x9  0x0000000000000b50
core   0: 0x000000008000600e (0x0000a811) c.j     pc + 20
core   0: 3 0x000000008000600e (0xa811)
core   0: >>>>  mepc_4
core   0: 0x0000000080006022 (0x00000791) c.addi  a5, 4
core   0: 3 0x0000000080006022 (0x0791) x15 0x0000000080004a48
core   0: 0x0000000080006024 (0x34179073) csrrw   zero, mepc, a5
core   0: 3 0x0000000080006024 (0x34179073) c833_mepc 0x0000000080004a48
core   0: 0x0000000080006028 (0x30200073) mret
core   0: 3 0x0000000080006028 (0x30200073) c768_mstatus 0x8000000a00106080
core   0: 0x0000000080004a48 (0x5b9171c3) fmadd.d ft3, ft2, fs9, fa1
core   0: 1 0x0000000080004a48 (0x5b9171c3) f3  0x7ff8000000000000
core   0: 0x0000000080004a4c (0x417a01b3) sub     gp, s4, s7
core   0: 1 0x0000000080004a4c (0x417a01b3) x3  0x000000000003f90d
core   0: 0x0000000080004a50 (0x0ff0000f) fence   iorw,iorw
core   0: 1 0x0000000080004a50 (0x0ff0000f)
core   0: 0x0000000080004a54 (0x438c7743) fmadd.d fa4, fs8, fs8, fs0
core   0: 1 0x0000000080004a54 (0x438c7743) f14 0x7ff8000000000000
core   0: 0x0000000080004a58 (0x02c00133) mul     sp, zero, a2
core   0: 1 0x0000000080004a58 (0x02c00133) x2  0x0000000000000000
core   0: 0x0000000080004a5c (0x2ae18b53) fmin.d  fs6, ft3, fa4
core   0: 1 0x0000000080004a5c (0x2ae18b53) f22 0x7ff8000000000000
core   0: 0x0000000080004a60 (0x2a5296d3) fmax.d  fa3, ft5, ft5
core   0: 1 0x0000000080004a60 (0x2a5296d3) f13 0x7ff8000000000000
core   0: 0x0000000080004a64 (0x22eb2153) fsgnjx.d ft2, fs6, fa4
core   0: 1 0x0000000080004a64 (0x22eb2153) f2  0x7ff8000000000000
core   0: 0x0000000080004a68 (0x0077999b) slliw   s3, a5, 7
core   0: 1 0x0000000080004a68 (0x0077999b) x19 0x0000000000252400
core   0: 0x0000000080004a6c (0x40a5533b) sraw    t1, a0, a0
core   0: 1 0x0000000080004a6c (0x40a5533b) x6  0x0000000000000000
core   0: 0x0000000080004a70 (0x00335cbb) srlw    s9, t1, gp
core   0: 1 0x0000000080004a70 (0x00335cbb) x25 0x0000000000000000
core   0: 0x0000000080004a74 (0x4061dab3) sra     s5, gp, t1
core   0: 1 0x0000000080004a74 (0x4061dab3) x21 0x000000000003f90d
core   0: 0x0000000080004a78 (0x0ff0000f) fence   iorw,iorw
core   0: 1 0x0000000080004a78 (0x0ff0000f)
core   0: 0x0000000080004a7c (0xc226f3d3) fcvt.l.d t2, fa3
core   0: 1 0x0000000080004a7c (0xc226f3d3) c1_fflags 0x000000000000001f x7  0x7fffffffffffffff
core   0: 0x0000000080004a80 (0x0359ccb3) div     s9, s3, s5
core   0: 1 0x0000000080004a80 (0x0359ccb3) x25 0x0000000000000009
core   0: 0x0000000080004a84 (0x003e9ebb) sllw    t4, t4, gp
core   0: 1 0x0000000080004a84 (0x003e9ebb) x29 0x0000000000000000
core   0: 0x0000000080004a88 (0x01939a33) sll     s4, t2, s9
core   0: 1 0x0000000080004a88 (0x01939a33) x20 0xfffffffffffffe00
core   0: 0x0000000080004a8c (0x006ec6b3) xor     a3, t4, t1
core   0: 1 0x0000000080004a8c (0x006ec6b3) x13 0x0000000000000000
core   0: 0x0000000080004a90 (0x0013039b) addiw   t2, t1, 1
core   0: 1 0x0000000080004a90 (0x0013039b) x7  0x0000000000000001
core   0: 0x0000000080004a94 (0x400c8cbb) subw    s9, s9, zero
core   0: 1 0x0000000080004a94 (0x400c8cbb) x25 0x0000000000000009
core   0: 0x0000000080004a98 (0xd2090cd3) fcvt.d.w fs9, s2
core   0: 1 0x0000000080004a98 (0xd2090cd3) f25 0x0000000000000000
core   0: 0x0000000080004a9c (0xa3668853) fle.d   a6, fa3, fs6
core   0: 1 0x0000000080004a9c (0xa3668853) c1_fflags 0x000000000000001f x16 0x0000000000000000
core   0: 0x0000000080004aa0 (0xc216f7d3) fcvt.wu.d a5, fa3
core   0: 1 0x0000000080004aa0 (0xc216f7d3) c1_fflags 0x000000000000001f x15 0xffffffffffffffff
core   0: 0x0000000080004aa4 (0x020b83bb) mulw    t2, s7, zero
core   0: 1 0x0000000080004aa4 (0x020b83bb) x7  0x0000000000000000
core   0: 0x0000000080004aa8 (0x0acaf653) fsub.d  fa2, fs5, fa2
core   0: 1 0x0000000080004aa8 (0x0acaf653) f12 0x7ff8000000000000
core   0: 0x0000000080004aac (0x63617b4b) fnmsub.d fs6, ft2, fs6, fa2
core   0: 1 0x0000000080004aac (0x63617b4b) f22 0x7ff8000000000000
core   0: 0x0000000080004ab0 (0x02e6e83b) remw    a6, a3, a4
core   0: 1 0x0000000080004ab0 (0x02e6e83b) x16 0x0000000000000000
core   0: 0x0000000080004ab4 (0xc020e373) csrrsi  t1, instret, 1
core   0: exception trap_illegal_instruction, epc 0x0000000080004ab4
core   0:           tval 0x00000000c020e373
core   0: >>>>  $xrv64i2p1_m2p0_a2p1_f2p2_d2p2_zicsr2p0_zifencei2p0_zmmul1p0_zba1p0_zbb1p0_zbc1p0_zbs1p0
core   0: 0x0000000080004000 (0x0080006f) j       pc + 0x8
core   0: 3 0x0000000080004000 (0x0080006f)
core   0: >>>>  mmode_exception_handler
core   0: 0x0000000080004008 (0x00002c17) auipc   s8, 0x2
core   0: 3 0x0000000080004008 (0x00002c17) x24 0x0000000080006008
core   0: 0x000000008000400c (0xfe6c0c13) addi    s8, s8, -26
core   0: 3 0x000000008000400c (0xfe6c0c13) x24 0x0000000080005fee
core   0: 0x0000000080004010 (0x000c00e7) jalr    s8
core   0: 3 0x0000000080004010 (0x000c00e7) x1  0x0000000080004014
core   0: >>>>  any_handler
core   0: 0x0000000080005fee (0x341027f3) csrrs   a5, mepc, zero
core   0: 3 0x0000000080005fee (0x341027f3) x15 0x0000000080004ab4
core   0: 0x0000000080005ff2 (0x34202773) csrrs   a4, mcause, zero
core   0: 3 0x0000000080005ff2 (0x34202773) x14 0x0000000000000002
core   0: 0x0000000080005ff6 (0x142026f3) csrrs   a3, scause, zero
core   0: 3 0x0000000080005ff6 (0x142026f3) x13 0x0000000000000000
core   0: 0x0000000080005ffa (0x30402673) csrrs   a2, mie, zero
core   0: 3 0x0000000080005ffa (0x30402673) x12 0x0000000000000a00
core   0: 0x0000000080005ffe (0x344025f3) csrrs   a1, mip, zero
core   0: 3 0x0000000080005ffe (0x344025f3) x11 0x0000000000000080
core   0: 0x0000000080006002 (0x343025f3) csrrs   a1, mtval, zero
core   0: 3 0x0000000080006002 (0x343025f3) x11 0x00000000c020e373
core   0: 0x0000000080006006 (0x14302573) csrrs   a0, stval, zero
core   0: 3 0x0000000080006006 (0x14302573) x10 0x0000000000000000
core   0: 0x000000008000600a (0xb02024f3) csrrs   s1, minstret, zero
core   0: 3 0x000000008000600a (0xb02024f3) x9  0x0000000000000b7b
core   0: 0x000000008000600e (0x0000a811) c.j     pc + 20
core   0: 3 0x000000008000600e (0xa811)
core   0: >>>>  mepc_4
core   0: 0x0000000080006022 (0x00000791) c.addi  a5, 4
core   0: 3 0x0000000080006022 (0x0791) x15 0x0000000080004ab8
core   0: 0x0000000080006024 (0x34179073) csrrw   zero, mepc, a5
core   0: 3 0x0000000080006024 (0x34179073) c833_mepc 0x0000000080004ab8
core   0: 0x0000000080006028 (0x30200073) mret
core   0: 3 0x0000000080006028 (0x30200073) c768_mstatus 0x8000000a00106080
core   0: 0x0000000080004ab8 (0xaa1673cb) fnmsub.d ft7, fa2, ft1, fs5
core   0: 1 0x0000000080004ab8 (0xaa1673cb) f7  0x7ff8000000000000
core   0: 0x0000000080004abc (0x78d34c13) xori    s8, t1, 1933
core   0: 1 0x0000000080004abc (0x78d34c13) x24 0x000000000000078d
core   0: 0x0000000080004ac0 (0x0aab7553) fsub.d  fa0, fs6, fa0
core   0: 1 0x0000000080004ac0 (0x0aab7553) f10 0x7ff8000000000000
core   0: 0x0000000080004ac4 (0xc0287653) fcvt.l.s a2, fa6
core   0: 1 0x0000000080004ac4 (0xc0287653) c1_fflags 0x000000000000001f x12 0x7fffffffffffffff
core   0: 0x0000000080004ac8 (0x4097d6b3) sra     a3, a5, s1
core   0: 1 0x0000000080004ac8 (0x4097d6b3) x13 0x0000000000000000
core   0: 0x0000000080004acc (0x420d0953) fcvt.d.s fs2, fs10
core   0: 1 0x0000000080004acc (0x420d0953) f18 0x7ff8000000000000
core   0: 0x0000000080004ad0 (0xd23df453) fcvt.d.lu fs0, s11
core   0: 1 0x0000000080004ad0 (0xd23df453) c1_fflags 0x000000000000001f f8  0x43effffffaacbb47
core   0: 0x0000000080004ad4 (0xc20f7d53) fcvt.w.d s10, ft10
core   0: 1 0x0000000080004ad4 (0xc20f7d53) c1_fflags 0x000000000000001f x26 0x000000007fffffff
core   0: 0x0000000080004ad8 (0x0385f6b3) remu    a3, a1, s8
core   0: 1 0x0000000080004ad8 (0x0385f6b3) x13 0x0000000000000386
core   0: 0x0000000080004adc (0x00d35333) srl     t1, t1, a3
core   0: 1 0x0000000080004adc (0x00d35333) x6  0x0000000000000000
core   0: 0x0000000080004ae0 (0xc2197ed3) fcvt.wu.d t4, fs2
core   0: 1 0x0000000080004ae0 (0xc2197ed3) c1_fflags 0x000000000000001f x29 0xffffffffffffffff
core   0: 0x0000000080004ae4 (0x106eb073) csrrc   zero, scounteren, t4
core   0: 1 0x0000000080004ae4 (0x106eb073) c262_scounteren 0x0000000000000000
core   0: 0x0000000080004ae8 (0x40d105bb) subw    a1, sp, a3
core   0: 1 0x0000000080004ae8 (0x40d105bb) x11 0xfffffffffffffc7a
core   0: 0x0000000080004aec (0x00202273) csrrs   tp, frm, zero
core   0: 1 0x0000000080004aec (0x00202273) x4  0x0000000000000000
core   0: 0x0000000080004af0 (0x0ff0000f) fence   iorw,iorw
core   0: 1 0x0000000080004af0 (0x0ff0000f)
core   0: 0x0000000080004af4 (0x011407bb) addw    a5, s0, a7
core   0: 1 0x0000000080004af4 (0x011407bb) x15 0xffffffff8000dbf0
core   0: 0x0000000080004af8 (0x017c01bb) addw    gp, s8, s7
core   0: 1 0x0000000080004af8 (0x017c01bb) x3  0x000000000000078d
core   0: 0x0000000080004afc (0x41ca8d3b) subw    s10, s5, t3
core   0: 1 0x0000000080004afc (0x41ca8d3b) x26 0x000000000003f90c
core   0: 0x0000000080004b00 (0x00f9f433) and     s0, s3, a5
core   0: 1 0x0000000080004b00 (0x00f9f433) x8  0x0000000000000000
core   0: 0x0000000080004b04 (0x0078d233) srl     tp, a7, t2
core   0: 1 0x0000000080004b04 (0x0078d233) x4  0x00000001000093dc
core   0: 0x0000000080004b08 (0x01489eb3) sll     t4, a7, s4
core   0: 1 0x0000000080004b08 (0x01489eb3) x29 0x00000001000093dc
core   0: 0x0000000080004b0c (0x031ae1b3) rem     gp, s5, a7
core   0: 1 0x0000000080004b0c (0x031ae1b3) x3  0x000000000003f90d
core   0: 0x0000000080004b10 (0xf7fe6e13) ori     t3, t3, -129
core   0: 1 0x0000000080004b10 (0xf7fe6e13) x28 0xffffffffffffff7f
core   0: 0x0000000080004b14 (0x80046413) ori     s0, s0, -2048
core   0: 1 0x0000000080004b14 (0x80046413) x8  0xfffffffffffff800
core   0: 0x0000000080004b18 (0x2ba49d53) fmax.d  fs10, fs1, fs10
core   0: 1 0x0000000080004b18 (0x2ba49d53) f26 0x7ff8000000000000
core   0: 0x0000000080004b1c (0x00fe0533) add     a0, t3, a5
core   0: 1 0x0000000080004b1c (0x00fe0533) x10 0xffffffff8000db6f
core   0: 0x0000000080004b20 (0x23a181d3) fsgnj.d ft3, ft3, fs10
core   0: 1 0x0000000080004b20 (0x23a181d3) f3  0x7ff8000000000000
core   0: 0x0000000080004b24 (0x0ff0000f) fence   iorw,iorw
core   0: 1 0x0000000080004b24 (0x0ff0000f)
core   0: 0x0000000080004b28 (0x008c93bb) sllw    t2, s9, s0
core   0: 1 0x0000000080004b28 (0x008c93bb) x7  0x0000000000000009
core   0: 0x0000000080004b2c (0x026181b3) mul     gp, gp, t1
core   0: 1 0x0000000080004b2c (0x026181b3) x3  0x0000000000000000
core   0: 0x0000000080004b30 (0x23a59753) fsgnjn.d fa4, fa1, fs10
core   0: 1 0x0000000080004b30 (0x23a59753) f14 0xfff8000000000000
core   0: 0x0000000080004b34 (0x0162d29b) srliw   t0, t0, 22
core   0: 1 0x0000000080004b34 (0x0162d29b) x5  0x00000000000003ff
core   0: 0x0000000080004b38 (0x00051a13) slli    s4, a0, 0
core   0: 1 0x0000000080004b38 (0x00051a13) x20 0xffffffff8000db6f
core   0: 0x0000000080004b3c (0x01fac937) lui     s2, 0x1fac
core   0: 1 0x0000000080004b3c (0x01fac937) x18 0x0000000001fac000
core   0: 0x0000000080004b40 (0x0479091b) addiw   s2, s2, 71
core   0: 1 0x0000000080004b40 (0x0479091b) x18 0x0000000001fac047
core   0: 0x0000000080004b44 (0x0000093a) c.slli  s2, 14
core   0: 1 0x0000000080004b44 (0x093a) x18 0x0000007eb011c000
core   0: 0x0000000080004b46 (0x2bf90913) addi    s2, s2, 703
core   0: 1 0x0000000080004b46 (0x2bf90913) x18 0x0000007eb011c2bf
core   0: 0x0000000080004b4a (0x63cbb593) sltiu   a1, s7, 1596
core   0: 1 0x0000000080004b4a (0x63cbb593) x11 0x0000000000000001
core   0: 0x0000000080004b4e (0xd21103d3) fcvt.d.wu ft7, sp
core   0: 1 0x0000000080004b4e (0xd21103d3) f7  0x0000000000000000
core   0: 0x0000000080004b52 (0x00b5f833) and     a6, a1, a1
core   0: 1 0x0000000080004b52 (0x00b5f833) x16 0x0000000000000001
core   0: 0x0000000080004b56 (0x00a95bbb) srlw    s7, s2, a0
core   0: 1 0x0000000080004b56 (0x00a95bbb) x23 0x0000000000016023
core   0: 0x0000000080004b5a (0x00b59cbb) sllw    s9, a1, a1
core   0: 1 0x0000000080004b5a (0x00b59cbb) x25 0x0000000000000002
core   0: 0x0000000080004b5e (0x00a1d3b3) srl     t2, gp, a0
core   0: 1 0x0000000080004b5e (0x00a1d3b3) x7  0x0000000000000000
core   0: 0x0000000080004b62 (0xc21d75d3) fcvt.wu.d a1, fs10
core   0: 1 0x0000000080004b62 (0xc21d75d3) c1_fflags 0x000000000000001f x11 0xffffffffffffffff
core   0: 0x0000000080004b66 (0x00350c3b) addw    s8, a0, gp
core   0: 1 0x0000000080004b66 (0x00350c3b) x24 0xffffffff8000db6f
core   0: 0x0000000080004b6a (0xd02e7dd3) fcvt.s.l fs11, t3
core   0: 1 0x0000000080004b6a (0xd02e7dd3) f27 0xffffffffc3010000
core   0: 0x0000000080004b6e (0x00ec5893) srli    a7, s8, 14
core   0: 1 0x0000000080004b6e (0x00ec5893) x17 0x0003fffffffe0003
core   0: 0x0000000080004b72 (0x00000001) c.nop
core   0: 1 0x0000000080004b72 (0x0001)
core   0: 0x0000000080004b74 (0x403ddb33) sra     s6, s11, gp
core   0: 1 0x0000000080004b74 (0x403ddb33) x22 0xffffffd565da3b80
core   0: 0x0000000080004b78 (0x22701853) fsgnjn.d fa6, ft0, ft7
core   0: 1 0x0000000080004b78 (0x22701853) f16 0xc0efffffa2efff79
core   0: 0x0000000080004b7c (0x024246b3) div     a3, tp, tp
core   0: 1 0x0000000080004b7c (0x024246b3) x13 0x0000000000000001
core   0: 0x0000000080004b80 (0x02d6f8bb) remuw   a7, a3, a3
core   0: 1 0x0000000080004b80 (0x02d6f8bb) x17 0x0000000000000000
core   0: 0x0000000080004b84 (0x0072dc33) srl     s8, t0, t2
core   0: 1 0x0000000080004b84 (0x0072dc33) x24 0x00000000000003ff
core   0: 0x0000000080004b88 (0x230223d3) fsgnjx.d ft7, ft4, fa6
core   0: 1 0x0000000080004b88 (0x230223d3) f7  0x7fffffff7fc00000
core   0: 0x0000000080004b8c (0x2bbc7947) fmsub.d fs2, fs8, fs11, ft5
core   0: 1 0x0000000080004b8c (0x2bbc7947) f18 0x7ff8000000000000
core   0: 0x0000000080004b90 (0x020294b3) mulh    s1, t0, zero
core   0: 1 0x0000000080004b90 (0x020294b3) x9  0x0000000000000000
core   0: 0x0000000080004b94 (0x2bee0e53) fmin.d  ft8, ft8, ft10
core   0: 1 0x0000000080004b94 (0x2bee0e53) f28 0x8000000000000000
core   0: 0x0000000080004b98 (0x0202a533) mulhsu  a0, t0, zero
core   0: 1 0x0000000080004b98 (0x0202a533) x10 0x0000000000000000
core   0: 0x0000000080004b9c (0x00000001) c.nop
core   0: 1 0x0000000080004b9c (0x0001)
core   0: 0x0000000080004b9e (0x001d9a33) sll     s4, s11, ra
core   0: 1 0x0000000080004b9e (0x001d9a33) x20 0xfd565da3b8000000
core   0: 0x0000000080004ba2 (0x4140d613) srai    a2, ra, 20
core   0: 1 0x0000000080004ba2 (0x4140d613) x12 0x0000000000000800
core   0: 0x0000000080004ba6 (0xd22579d3) fcvt.d.l fs3, a0
core   0: 1 0x0000000080004ba6 (0xd22579d3) f19 0x0000000000000000
core   0: 0x0000000080004baa (0xc20cf153) fcvt.w.d sp, fs9
core   0: 1 0x0000000080004baa (0xc20cf153) x2  0x0000000000000000
core   0: 0x0000000080004bae (0x003182bb) addw    t0, gp, gp
core   0: 1 0x0000000080004bae (0x003182bb) x5  0x0000000000000000
core   0: 0x0000000080004bb2 (0xc22afcd3) fcvt.l.d s9, fs5
core   0: 1 0x0000000080004bb2 (0xc22afcd3) c1_fflags 0x000000000000001f x25 0x7fffffffffffffff
core   0: 0x0000000080004bb6 (0x7b009df3) csrrw   s11, dcsr, ra
core   0: exception trap_illegal_instruction, epc 0x0000000080004bb6
core   0:           tval 0x000000007b009df3
core   0: >>>>  $xrv64i2p1_m2p0_a2p1_f2p2_d2p2_zicsr2p0_zifencei2p0_zmmul1p0_zba1p0_zbb1p0_zbc1p0_zbs1p0
core   0: 0x0000000080004000 (0x0080006f) j       pc + 0x8
core   0: 3 0x0000000080004000 (0x0080006f)
core   0: >>>>  mmode_exception_handler
core   0: 0x0000000080004008 (0x00002c17) auipc   s8, 0x2
core   0: 3 0x0000000080004008 (0x00002c17) x24 0x0000000080006008
core   0: 0x000000008000400c (0xfe6c0c13) addi    s8, s8, -26
core   0: 3 0x000000008000400c (0xfe6c0c13) x24 0x0000000080005fee
core   0: 0x0000000080004010 (0x000c00e7) jalr    s8
core   0: 3 0x0000000080004010 (0x000c00e7) x1  0x0000000080004014
core   0: >>>>  any_handler
core   0: 0x0000000080005fee (0x341027f3) csrrs   a5, mepc, zero
core   0: 3 0x0000000080005fee (0x341027f3) x15 0x0000000080004bb6
core   0: 0x0000000080005ff2 (0x34202773) csrrs   a4, mcause, zero
core   0: 3 0x0000000080005ff2 (0x34202773) x14 0x0000000000000002
core   0: 0x0000000080005ff6 (0x142026f3) csrrs   a3, scause, zero
core   0: 3 0x0000000080005ff6 (0x142026f3) x13 0x0000000000000000
core   0: 0x0000000080005ffa (0x30402673) csrrs   a2, mie, zero
core   0: 3 0x0000000080005ffa (0x30402673) x12 0x0000000000000a00
core   0: 0x0000000080005ffe (0x344025f3) csrrs   a1, mip, zero
core   0: 3 0x0000000080005ffe (0x344025f3) x11 0x0000000000000080
core   0: 0x0000000080006002 (0x343025f3) csrrs   a1, mtval, zero
core   0: 3 0x0000000080006002 (0x343025f3) x11 0x000000007b009df3
core   0: 0x0000000080006006 (0x14302573) csrrs   a0, stval, zero
core   0: 3 0x0000000080006006 (0x14302573) x10 0x0000000000000000
core   0: 0x000000008000600a (0xb02024f3) csrrs   s1, minstret, zero
core   0: 3 0x000000008000600a (0xb02024f3) x9  0x0000000000000bcc
core   0: 0x000000008000600e (0x0000a811) c.j     pc + 20
core   0: 3 0x000000008000600e (0xa811)
core   0: >>>>  mepc_4
core   0: 0x0000000080006022 (0x00000791) c.addi  a5, 4
core   0: 3 0x0000000080006022 (0x0791) x15 0x0000000080004bba
core   0: 0x0000000080006024 (0x34179073) csrrw   zero, mepc, a5
core   0: 3 0x0000000080006024 (0x34179073) c833_mepc 0x0000000080004bba
core   0: 0x0000000080006028 (0x30200073) mret
core   0: 3 0x0000000080006028 (0x30200073) c768_mstatus 0x8000000a00106080
core   0: 0x0000000080004bba (0x3f79e993) ori     s3, s3, 1015
core   0: 1 0x0000000080004bba (0x3f79e993) x19 0x00000000002527f7
core   0: 0x0000000080004bbe (0x1b5e7ed3) fdiv.d  ft9, ft8, fs5
core   0: 1 0x0000000080004bbe (0x1b5e7ed3) f29 0x7ff8000000000000
core   0: 0x0000000080004bc2 (0x0165969b) slliw   a3, a1, 22
core   0: 1 0x0000000080004bc2 (0x0165969b) x13 0x000000007cc00000
core   0: 0x0000000080004bc6 (0x0216de33) divu    t3, a3, ra
core   0: 1 0x0000000080004bc6 (0x0216de33) x28 0x0000000000000000
core   0: 0x0000000080004bca (0x02bd3c33) mulhu   s8, s10, a1
core   0: 1 0x0000000080004bca (0x02bd3c33) x24 0x0000000000000000
core   0: 0x0000000080004bce (0x00b5d1bb) srlw    gp, a1, a1
core   0: 1 0x0000000080004bce (0x00b5d1bb) x3  0x0000000000000f60
core   0: 0x0000000080004bd2 (0x23c9a153) fsgnjx.d ft2, fs3, ft8
core   0: 1 0x0000000080004bd2 (0x23c9a153) f2  0x8000000000000000
core   0: 0x0000000080004bd6 (0x011999bb) sllw    s3, s3, a7
core   0: 1 0x0000000080004bd6 (0x011999bb) x19 0x00000000002527f7
core   0: 0x0000000080004bda (0x023b0d3b) mulw    s10, s6, gp
core   0: 1 0x0000000080004bda (0x023b0d3b) x26 0xfffffffffb52d000
core   0: 0x0000000080004bde (0x4b2872c3) fmadd.d ft5, fa6, fs2, fs1
core   0: 1 0x0000000080004bde (0x4b2872c3) f5  0x7ff8000000000000
core   0: 0x0000000080004be2 (0xd2078553) fcvt.d.w fa0, a5
core   0: 1 0x0000000080004be2 (0xd2078553) f10 0xc1dfffed11800000
core   0: 0x0000000080004be6 (0x01ab6ab3) or      s5, s6, s10
core   0: 1 0x0000000080004be6 (0x01ab6ab3) x21 0xffffffffffdafb80
core   0: 0x0000000080004bea (0x0296f03b) remuw   zero, a3, s1
core   0: 1 0x0000000080004bea (0x0296f03b)
core   0: 0x0000000080004bee (0x2bfa1a53) fmax.d  fs4, fs4, ft11
core   0: 1 0x0000000080004bee (0x2bfa1a53) f20 0x0000000000000000
core   0: 0x0000000080004bf2 (0xb84f2eb7) lui     t4, 0xb84f2
core   0: 1 0x0000000080004bf2 (0xb84f2eb7) x29 0xffffffffb84f2000
core   0: 0x0000000080004bf6 (0x6bc77b4b) fnmsub.d fs6, fa4, ft8, fa3
core   0: 1 0x0000000080004bf6 (0x6bc77b4b) f22 0x7ff8000000000000
core   0: 0x0000000080004bfa (0x41d60c3b) subw    s8, a2, t4
core   0: 1 0x0000000080004bfa (0x41d60c3b) x24 0x0000000047b0ea00
core   0: 0x0000000080004bfe (0x7ffe889b) addiw   a7, t4, 2047
core   0: 1 0x0000000080004bfe (0x7ffe889b) x17 0xffffffffb84f27ff
core   0: 0x0000000080004c02 (0xd20e8353) fcvt.d.w ft6, t4
core   0: 1 0x0000000080004c02 (0xd20e8353) f6  0xc1d1ec3800000000
core   0: 0x0000000080004c06 (0x025ccb3b) divw    s6, s9, t0
core   0: 1 0x0000000080004c06 (0x025ccb3b) x22 0xffffffffffffffff
core   0: 0x0000000080004c0a (0x0ff0000f) fence   iorw,iorw
core   0: 1 0x0000000080004c0a (0x0ff0000f)
core   0: 0x0000000080004c0e (0x026b7d3b) remuw   s10, s6, t1
core   0: 1 0x0000000080004c0e (0x026b7d3b) x26 0xffffffffffffffff
core   0: 0x0000000080004c12 (0xf988e417) auipc   s0, 0xf988e
core   0: 1 0x0000000080004c12 (0xf988e417) x8  0x0000000079892c12
core   0: 0x0000000080004c16 (0x00940ebb) addw    t4, s0, s1
core   0: 1 0x0000000080004c16 (0x00940ebb) x29 0x00000000798937de
core   0: 0x0000000080004c1a (0x4097d2bb) sraw    t0, a5, s1
core   0: 1 0x0000000080004c1a (0x4097d2bb) x5  0xfffffffffff80004
core   0: 0x0000000080004c1e (0x0237b6b3) mulhu   a3, a5, gp
core   0: 1 0x0000000080004c1e (0x0237b6b3) x13 0x0000000000000000
core   0: 0x0000000080004c22 (0x0ff0000f) fence   iorw,iorw
core   0: 1 0x0000000080004c22 (0x0ff0000f)
core   0: 0x0000000080004c26 (0x00d89a9b) slliw   s5, a7, 13
core   0: 1 0x0000000080004c26 (0x00d89a9b) x21 0xffffffffe4ffe000
core   0: 0x0000000080004c2a (0x02eac73b) divw    a4, s5, a4
core   0: 1 0x0000000080004c2a (0x02eac73b) x14 0xfffffffff27ff000
core   0: 0x0000000080004c2e (0x41208c33) sub     s8, ra, s2
core   0: 1 0x0000000080004c2e (0x41208c33) x24 0xffffff81cfee7d55
core   0: 0x0000000080004c32 (0x018952bb) srlw    t0, s2, s8
core   0: 1 0x0000000080004c32 (0x018952bb) x5  0x0000000000000580
core   0: 0x0000000080004c36 (0x0210d533) divu    a0, ra, ra
core   0: 1 0x0000000080004c36 (0x0210d533) x10 0x0000000000000001
core   0: 0x0000000080004c3a (0x0275ceb3) div     t4, a1, t2
core   0: 1 0x0000000080004c3a (0x0275ceb3) x29 0xffffffffffffffff
core   0: 0x0000000080004c3e (0x401dd0b3) sra     ra, s11, ra
core   0: 1 0x0000000080004c3e (0x401dd0b3) x1  0xfffffffffffd565d
core   0: 0x0000000080004c42 (0x00084033) xor     zero, a6, zero
core   0: 1 0x0000000080004c42 (0x00084033)
core   0: 0x0000000080004c46 (0x99740413) addi    s0, s0, -1641
core   0: 1 0x0000000080004c46 (0x99740413) x8  0x00000000798925a9
core   0: 0x0000000080004c4a (0x02007b33) remu    s6, zero, zero
core   0: 1 0x0000000080004c4a (0x02007b33) x22 0x0000000000000000
core   0: 0x0000000080004c4e (0x03602ab3) mulhsu  s5, zero, s6
core   0: 1 0x0000000080004c4e (0x03602ab3) x21 0x0000000000000000
core   0: 0x0000000080004c52 (0x000091a1) c.srli  a1, 40
core   0: 1 0x0000000080004c52 (0x91a1) x11 0x0000000000000000
core   0: 0x0000000080004c54 (0x323596f3) csrrw   a3, mhpmevent3, a1
core   0: exception trap_illegal_instruction, epc 0x0000000080004c54
core   0:           tval 0x00000000323596f3
core   0: >>>>  $xrv64i2p1_m2p0_a2p1_f2p2_d2p2_zicsr2p0_zifencei2p0_zmmul1p0_zba1p0_zbb1p0_zbc1p0_zbs1p0
core   0: 0x0000000080004000 (0x0080006f) j       pc + 0x8
core   0: 3 0x0000000080004000 (0x0080006f)
core   0: >>>>  mmode_exception_handler
core   0: 0x0000000080004008 (0x00002c17) auipc   s8, 0x2
core   0: 3 0x0000000080004008 (0x00002c17) x24 0x0000000080006008
core   0: 0x000000008000400c (0xfe6c0c13) addi    s8, s8, -26
core   0: 3 0x000000008000400c (0xfe6c0c13) x24 0x0000000080005fee
core   0: 0x0000000080004010 (0x000c00e7) jalr    s8
core   0: 3 0x0000000080004010 (0x000c00e7) x1  0x0000000080004014
core   0: >>>>  any_handler
core   0: 0x0000000080005fee (0x341027f3) csrrs   a5, mepc, zero
core   0: 3 0x0000000080005fee (0x341027f3) x15 0x0000000080004c54
core   0: 0x0000000080005ff2 (0x34202773) csrrs   a4, mcause, zero
core   0: 3 0x0000000080005ff2 (0x34202773) x14 0x0000000000000002
core   0: 0x0000000080005ff6 (0x142026f3) csrrs   a3, scause, zero
core   0: 3 0x0000000080005ff6 (0x142026f3) x13 0x0000000000000000
core   0: 0x0000000080005ffa (0x30402673) csrrs   a2, mie, zero
core   0: 3 0x0000000080005ffa (0x30402673) x12 0x0000000000000a00
core   0: 0x0000000080005ffe (0x344025f3) csrrs   a1, mip, zero
core   0: 3 0x0000000080005ffe (0x344025f3) x11 0x0000000000000080
core   0: 0x0000000080006002 (0x343025f3) csrrs   a1, mtval, zero
core   0: 3 0x0000000080006002 (0x343025f3) x11 0x00000000323596f3
core   0: 0x0000000080006006 (0x14302573) csrrs   a0, stval, zero
core   0: 3 0x0000000080006006 (0x14302573) x10 0x0000000000000000
core   0: 0x000000008000600a (0xb02024f3) csrrs   s1, minstret, zero
core   0: 3 0x000000008000600a (0xb02024f3) x9  0x0000000000000c03
core   0: 0x000000008000600e (0x0000a811) c.j     pc + 20
core   0: 3 0x000000008000600e (0xa811)
core   0: >>>>  mepc_4
core   0: 0x0000000080006022 (0x00000791) c.addi  a5, 4
core   0: 3 0x0000000080006022 (0x0791) x15 0x0000000080004c58
core   0: 0x0000000080006024 (0x34179073) csrrw   zero, mepc, a5
core   0: 3 0x0000000080006024 (0x34179073) c833_mepc 0x0000000080004c58
core   0: 0x0000000080006028 (0x30200073) mret
core   0: 3 0x0000000080006028 (0x30200073) c768_mstatus 0x8000000a00106080
core   0: 0x0000000080004c58 (0x40fdd7bb) sraw    a5, s11, a5
core   0: 1 0x0000000080004c58 (0x40fdd7bb) x15 0x0000000000000065
core   0: 0x0000000080004c5c (0xd025f2d3) fcvt.s.l ft5, a1
core   0: 1 0x0000000080004c5c (0xd025f2d3) c1_fflags 0x000000000000001f f5  0xffffffff4e48d65c
core   0: 0x0000000080004c60 (0x41c5803b) subw    zero, a1, t3
core   0: 1 0x0000000080004c60 (0x41c5803b)
core   0: 0x0000000080004c64 (0x40178cbb) subw    s9, a5, ra
core   0: 1 0x0000000080004c64 (0x40178cbb) x25 0x000000007fffc051
core   0: 0x0000000080004c68 (0x420101d3) fcvt.d.s ft3, ft2
core   0: 1 0x0000000080004c68 (0x420101d3) f3  0x7ff8000000000000
core   0: 0x0000000080004c6c (0x405cd9bb) sraw    s3, s9, t0
core   0: 1 0x0000000080004c6c (0x405cd9bb) x19 0x000000007fffc051
core   0: 0x0000000080004c70 (0x03294633) div     a2, s2, s2
core   0: 1 0x0000000080004c70 (0x03294633) x12 0x0000000000000001
core   0: 0x0000000080004c74 (0x420a8d53) fcvt.d.s fs10, fs5
core   0: 1 0x0000000080004c74 (0x420a8d53) f26 0x4000000000000000
core   0: 0x0000000080004c78 (0xfff8ee93) ori     t4, a7, -1
core   0: 1 0x0000000080004c78 (0xfff8ee93) x29 0xffffffffffffffff
core   0: 0x0000000080004c7c (0xd038f7d3) fcvt.s.lu fa5, a7
core   0: 1 0x0000000080004c7c (0xd038f7d3) c1_fflags 0x000000000000001f f15 0xffffffff5f800000
core   0: 0x0000000080004c80 (0x02033033) mulhu   zero, t1, zero
core   0: 1 0x0000000080004c80 (0x02033033)
core   0: 0x0000000080004c84 (0xc20d7653) fcvt.w.d a2, fs10
core   0: 1 0x0000000080004c84 (0xc20d7653) x12 0x0000000000000002
core   0: 0x0000000080004c88 (0x00102873) csrrs   a6, fflags, zero
core   0: 1 0x0000000080004c88 (0x00102873) x16 0x000000000000001f
core   0: 0x0000000080004c8c (0x001a11f3) csrrw   gp, fflags, s4
core   0: 1 0x0000000080004c8c (0x001a11f3) x3  0x000000000000001f c1_fflags 0x0000000000000000
core   0: 0x0000000080004c90 (0x4002d993) srai    s3, t0, 0
core   0: 1 0x0000000080004c90 (0x4002d993) x19 0x0000000000000580
core   0: 0x0000000080004c94 (0x02214ab3) div     s5, sp, sp
core   0: 1 0x0000000080004c94 (0x02214ab3) x21 0xffffffffffffffff
core   0: 0x0000000080004c98 (0xfffd8d1b) addiw   s10, s11, -1
core   0: 1 0x0000000080004c98 (0xfffd8d1b) x26 0x0000000065da3b7f
core   0: 0x0000000080004c9c (0x4014f0d3) fcvt.s.d ft1, fs1
core   0: 1 0x0000000080004c9c (0x4014f0d3) f1  0xffffffff7fc00000
core   0: 0x0000000080004ca0 (0x5a097b53) fsqrt.d fs6, fs2
core   0: 1 0x0000000080004ca0 (0x5a097b53) f22 0x7ff8000000000000
core   0: 0x0000000080004ca4 (0x00141bf3) csrrw   s7, fflags, s0
core   0: 1 0x0000000080004ca4 (0x00141bf3) x23 0x0000000000000000 c1_fflags 0x0000000000000009
core   0: 0x0000000080004ca8 (0x012407b3) add     a5, s0, s2
core   0: 1 0x0000000080004ca8 (0x012407b3) x15 0x0000007f299ae868
core   0: 0x0000000080004cac (0x4114ba17) auipc   s4, 0x4114b
core   0: 1 0x0000000080004cac (0x4114ba17) x20 0x00000000c114fcac
core   0: 0x0000000080004cb0 (0x02543db3) mulhu   s11, s0, t0
core   0: 1 0x0000000080004cb0 (0x02543db3) x27 0x0000000000000000
core   0: 0x0000000080004cb4 (0x027413b3) mulh    t2, s0, t2
core   0: 1 0x0000000080004cb4 (0x027413b3) x7  0x0000000000000000
core   0: 0x0000000080004cb8 (0x02440d33) mul     s10, s0, tp
core   0: 1 0x0000000080004cb8 (0x02440d33) x26 0x79896bdb327c683c
core   0: 0x0000000080004cbc (0x2a5288d3) fmin.d  fa7, ft5, ft5
core   0: 1 0x0000000080004cbc (0x2a5288d3) f17 0x7ff8000000000000
core   0: 0x0000000080004cc0 (0x009b0bbb) addw    s7, s6, s1
core   0: 1 0x0000000080004cc0 (0x009b0bbb) x23 0x0000000000000c03
core   0: 0x0000000080004cc4 (0x00191273) csrrw   tp, fflags, s2
core   0: 1 0x0000000080004cc4 (0x00191273) x4  0x0000000000000009 c1_fflags 0x000000000000001f
core   0: 0x0000000080004cc8 (0x0013531b) srliw   t1, t1, 1
core   0: 1 0x0000000080004cc8 (0x0013531b) x6  0x0000000000000000
core   0: 0x0000000080004ccc (0x0004d493) srli    s1, s1, 0
core   0: 1 0x0000000080004ccc (0x0004d493) x9  0x0000000000000c03
core   0: 0x0000000080004cd0 (0x01545ab3) srl     s5, s0, s5
core   0: 1 0x0000000080004cd0 (0x01545ab3) x21 0x0000000000000000
core   0: 0x0000000080004cd4 (0xd39ffccf) fnmadd.d fs9, ft11, fs9, fs10
core   0: 1 0x0000000080004cd4 (0xd39ffccf) f25 0x7ff8000000000000
core   0: 0x0000000080004cd8 (0x00241d9b) slliw   s11, s0, 2
core   0: 1 0x0000000080004cd8 (0x00241d9b) x27 0xffffffffe62496a4
core   0: 0x0000000080004cdc (0x295b3e37) lui     t3, 0x295b3
core   0: 1 0x0000000080004cdc (0x295b3e37) x28 0x00000000295b3000
core   0: 0x0000000080004ce0 (0x401d7ad3) fcvt.s.d fs5, fs10
core   0: 1 0x0000000080004ce0 (0x401d7ad3) f21 0xffffffff40000000
core   0: 0x0000000080004ce4 (0x0ff0000f) fence   iorw,iorw
core   0: 1 0x0000000080004ce4 (0x0ff0000f)
core   0: 0x0000000080004ce8 (0x02ce86b3) mul     a3, t4, a2
core   0: 1 0x0000000080004ce8 (0x02ce86b3) x13 0xfffffffffffffffe
core   0: 0x0000000080004cec (0x2a4595d3) fmax.d  fa1, fa1, ft4
core   0: 1 0x0000000080004cec (0x2a4595d3) f11 0x7ff8000000000000
core   0: 0x0000000080004cf0 (0x013c1c33) sll     s8, s8, s3
core   0: 1 0x0000000080004cf0 (0x013c1c33) x24 0x0000000080005fee
core   0: 0x0000000080004cf4 (0x00000001) c.nop
core   0: 1 0x0000000080004cf4 (0x0001)
core   0: 0x0000000080004cf6 (0x015ac3b3) xor     t2, s5, s5
core   0: 1 0x0000000080004cf6 (0x015ac3b3) x7  0x0000000000000000
core   0: 0x0000000080004cfa (0x011bc8b3) xor     a7, s7, a7
core   0: 1 0x0000000080004cfa (0x011bc8b3) x17 0xffffffffb84f2bfc
core   0: 0x0000000080004cfe (0xc23f7cd3) fcvt.lu.d s9, ft10
core   0: 1 0x0000000080004cfe (0xc23f7cd3) c1_fflags 0x000000000000001f x25 0xffffffffffffffff
core   0: 0x0000000080004d02 (0xd0267cd3) fcvt.s.l fs9, a2
core   0: 1 0x0000000080004d02 (0xd0267cd3) f25 0xffffffff40000000
core   0: 0x0000000080004d06 (0x00202a73) csrrs   s4, frm, zero
core   0: 1 0x0000000080004d06 (0x00202a73) x20 0x0000000000000000
core   0: 0x0000000080004d0a (0x00b82bb3) slt     s7, a6, a1
core   0: 1 0x0000000080004d0a (0x00b82bb3) x23 0x0000000000000001
core   0: 0x0000000080004d0e (0x00000001) c.nop
core   0: 1 0x0000000080004d0e (0x0001)
core   0: 0x0000000080004d10 (0x00bd25b3) slt     a1, s10, a1
core   0: 1 0x0000000080004d10 (0x00bd25b3) x11 0x0000000000000000
core   0: 0x0000000080004d14 (0x00000001) c.nop
core   0: 1 0x0000000080004d14 (0x0001)
core   0: 0x0000000080004d16 (0x02959993) slli    s3, a1, 41
core   0: 1 0x0000000080004d16 (0x02959993) x19 0x0000000000000000
core   0: 0x0000000080004d1a (0x2a3e02d3) fmin.d  ft5, ft8, ft3
core   0: 1 0x0000000080004d1a (0x2a3e02d3) f5  0x8000000000000000
core   0: 0x0000000080004d1e (0x401cf6d3) fcvt.s.d fa3, fs9
core   0: 1 0x0000000080004d1e (0x401cf6d3) f13 0xffffffff7fc00000
core   0: 0x0000000080004d22 (0xd03d7253) fcvt.s.lu ft4, s10
core   0: 1 0x0000000080004d22 (0xd03d7253) c1_fflags 0x000000000000001f f4  0xffffffff5ef312d8
core   0: 0x0000000080004d26 (0x013c9cbb) sllw    s9, s9, s3
core   0: 1 0x0000000080004d26 (0x013c9cbb) x25 0xffffffffffffffff
core   0: 0x0000000080004d2a (0x41b2d29b) sraiw   t0, t0, 27
core   0: 1 0x0000000080004d2a (0x41b2d29b) x5  0x0000000000000000
core   0: 0x0000000080004d2e (0x2a7703d3) fmin.d  ft7, fa4, ft7
core   0: 1 0x0000000080004d2e (0x2a7703d3) f7  0x7ff8000000000000
core   0: 0x0000000080004d32 (0x23d19ed3) fsgnjn.d ft9, ft3, ft9
core   0: 1 0x0000000080004d32 (0x23d19ed3) f29 0xfff8000000000000
core   0: 0x0000000080004d36 (0x005be8b3) or      a7, s7, t0
core   0: 1 0x0000000080004d36 (0x005be8b3) x17 0x0000000000000001
core   0: 0x0000000080004d3a (0x420f8f53) fcvt.d.s ft10, ft11
core   0: 1 0x0000000080004d3a (0x420f8f53) f30 0x7ff8000000000000
core   0: 0x0000000080004d3e (0x0222bd33) mulhu   s10, t0, sp
core   0: 1 0x0000000080004d3e (0x0222bd33) x26 0x0000000000000000
core   0: 0x0000000080004d42 (0x03175433) divu    s0, a4, a7
core   0: 1 0x0000000080004d42 (0x03175433) x8  0x0000000000000002
core   0: 0x0000000080004d46 (0xa2a82a53) feq.d   s4, fa6, fa0
core   0: 1 0x0000000080004d46 (0xa2a82a53) x20 0x0000000000000000
core   0: 0x0000000080004d4a (0x408a5b3b) sraw    s6, s4, s0
core   0: 1 0x0000000080004d4a (0x408a5b3b) x22 0x0000000000000000
core   0: 0x0000000080004d4e (0x02f9663b) remw    a2, s2, a5
core   0: 1 0x0000000080004d4e (0x02f9663b) x12 0xffffffffd9acab27
core   0: 0x0000000080004d52 (0x03b64333) div     t1, a2, s11
core   0: 1 0x0000000080004d52 (0x03b64333) x6  0x0000000000000001
core   0: 0x0000000080004d56 (0x009164b3) or      s1, sp, s1
core   0: 1 0x0000000080004d56 (0x009164b3) x9  0x0000000000000c03
core   0: 0x0000000080004d5a (0x400d003b) subw    zero, s10, zero
core   0: 1 0x0000000080004d5a (0x400d003b)
core   0: 0x0000000080004d5e (0x401f72d3) fcvt.s.d ft5, ft10
core   0: 1 0x0000000080004d5e (0x401f72d3) f5  0xffffffff7fc00000
core   0: 0x0000000080004d62 (0x00102773) csrrs   a4, fflags, zero
core   0: 1 0x0000000080004d62 (0x00102773) x14 0x000000000000001f
core   0: 0x0000000080004d66 (0xe0c7e793) ori     a5, a5, -500
core   0: 1 0x0000000080004d66 (0xe0c7e793) x15 0xfffffffffffffe6c
core   0: 0x0000000080004d6a (0x1a7f7f53) fdiv.d  ft10, ft10, ft7
core   0: 1 0x0000000080004d6a (0x1a7f7f53) f30 0x7ff8000000000000
core   0: 0x0000000080004d6e (0x410652bb) sraw    t0, a2, a6
core   0: 1 0x0000000080004d6e (0x410652bb) x5  0xffffffffffffffff
core   0: 0x0000000080004d72 (0x340b6173) csrrsi  sp, mscratch, 22
core   0: exception trap_illegal_instruction, epc 0x0000000080004d72
core   0:           tval 0x00000000340b6173
core   0: >>>>  $xrv64i2p1_m2p0_a2p1_f2p2_d2p2_zicsr2p0_zifencei2p0_zmmul1p0_zba1p0_zbb1p0_zbc1p0_zbs1p0
core   0: 0x0000000080004000 (0x0080006f) j       pc + 0x8
core   0: 3 0x0000000080004000 (0x0080006f)
core   0: >>>>  mmode_exception_handler
core   0: 0x0000000080004008 (0x00002c17) auipc   s8, 0x2
core   0: 3 0x0000000080004008 (0x00002c17) x24 0x0000000080006008
core   0: 0x000000008000400c (0xfe6c0c13) addi    s8, s8, -26
core   0: 3 0x000000008000400c (0xfe6c0c13) x24 0x0000000080005fee
core   0: 0x0000000080004010 (0x000c00e7) jalr    s8
core   0: 3 0x0000000080004010 (0x000c00e7) x1  0x0000000080004014
core   0: >>>>  any_handler
core   0: 0x0000000080005fee (0x341027f3) csrrs   a5, mepc, zero
core   0: 3 0x0000000080005fee (0x341027f3) x15 0x0000000080004d72
core   0: 0x0000000080005ff2 (0x34202773) csrrs   a4, mcause, zero
core   0: 3 0x0000000080005ff2 (0x34202773) x14 0x0000000000000002
core   0: 0x0000000080005ff6 (0x142026f3) csrrs   a3, scause, zero
core   0: 3 0x0000000080005ff6 (0x142026f3) x13 0x0000000000000000
core   0: 0x0000000080005ffa (0x30402673) csrrs   a2, mie, zero
core   0: 3 0x0000000080005ffa (0x30402673) x12 0x0000000000000a00
core   0: 0x0000000080005ffe (0x344025f3) csrrs   a1, mip, zero
core   0: 3 0x0000000080005ffe (0x344025f3) x11 0x0000000000000080
core   0: 0x0000000080006002 (0x343025f3) csrrs   a1, mtval, zero
core   0: 3 0x0000000080006002 (0x343025f3) x11 0x00000000340b6173
core   0: 0x0000000080006006 (0x14302573) csrrs   a0, stval, zero
core   0: 3 0x0000000080006006 (0x14302573) x10 0x0000000000000000
core   0: 0x000000008000600a (0xb02024f3) csrrs   s1, minstret, zero
core   0: 3 0x000000008000600a (0xb02024f3) x9  0x0000000000000c5b
core   0: 0x000000008000600e (0x0000a811) c.j     pc + 20
core   0: 3 0x000000008000600e (0xa811)
core   0: >>>>  mepc_4
core   0: 0x0000000080006022 (0x00000791) c.addi  a5, 4
core   0: 3 0x0000000080006022 (0x0791) x15 0x0000000080004d76
core   0: 0x0000000080006024 (0x34179073) csrrw   zero, mepc, a5
core   0: 3 0x0000000080006024 (0x34179073) c833_mepc 0x0000000080004d76
core   0: 0x0000000080006028 (0x30200073) mret
core   0: 3 0x0000000080006028 (0x30200073) c768_mstatus 0x8000000a00106080
core   0: 0x0000000080004d76 (0x00149ef3) csrrw   t4, fflags, s1
core   0: 1 0x0000000080004d76 (0x00149ef3) x29 0x000000000000001f c1_fflags 0x000000000000001b
core   0: 0x0000000080004d7a (0x00000001) c.nop
core   0: 1 0x0000000080004d7a (0x0001)
core   0: 0x0000000080004d7c (0x01d416bb) sllw    a3, s0, t4
core   0: 1 0x0000000080004d7c (0x01d416bb) x13 0x0000000000000000
core   0: 0x0000000080004d80 (0xbbef75c7) fmsub.d fa1, ft10, ft10, fs7
core   0: 1 0x0000000080004d80 (0xbbef75c7) f11 0x7ff8000000000000
core   0: 0x0000000080004d84 (0x00141bf3) csrrw   s7, fflags, s0
core   0: 1 0x0000000080004d84 (0x00141bf3) x23 0x000000000000001b c1_fflags 0x0000000000000002
core   0: 0x0000000080004d88 (0xe2af70c3) fmadd.d ft1, ft10, fa0, ft8
core   0: 1 0x0000000080004d88 (0xe2af70c3) f1  0x7ff8000000000000
core   0: 0x0000000080004d8c (0x032acabb) divw    s5, s5, s2
core   0: 1 0x0000000080004d8c (0x032acabb) x21 0x0000000000000000
core   0: 0x0000000080004d90 (0xc2057d53) fcvt.w.d s10, fa0
core   0: 1 0x0000000080004d90 (0xc2057d53) x26 0xffffffff80004bba
core   0: 0x0000000080004d94 (0x012c5b9b) srliw   s7, s8, 18
core   0: 1 0x0000000080004d94 (0x012c5b9b) x23 0x0000000000002000
core   0: 0x0000000080004d98 (0x00a65933) srl     s2, a2, a0
core   0: 1 0x0000000080004d98 (0x00a65933) x18 0x0000000000000a00
core   0: 0x0000000080004d9c (0xc00c74f3) csrrci  s1, cycle, 24
core   0: exception trap_illegal_instruction, epc 0x0000000080004d9c
core   0:           tval 0x00000000c00c74f3
core   0: >>>>  $xrv64i2p1_m2p0_a2p1_f2p2_d2p2_zicsr2p0_zifencei2p0_zmmul1p0_zba1p0_zbb1p0_zbc1p0_zbs1p0
core   0: 0x0000000080004000 (0x0080006f) j       pc + 0x8
core   0: 3 0x0000000080004000 (0x0080006f)
core   0: >>>>  mmode_exception_handler
core   0: 0x0000000080004008 (0x00002c17) auipc   s8, 0x2
core   0: 3 0x0000000080004008 (0x00002c17) x24 0x0000000080006008
core   0: 0x000000008000400c (0xfe6c0c13) addi    s8, s8, -26
core   0: 3 0x000000008000400c (0xfe6c0c13) x24 0x0000000080005fee
core   0: 0x0000000080004010 (0x000c00e7) jalr    s8
core   0: 3 0x0000000080004010 (0x000c00e7) x1  0x0000000080004014
core   0: >>>>  any_handler
core   0: 0x0000000080005fee (0x341027f3) csrrs   a5, mepc, zero
core   0: 3 0x0000000080005fee (0x341027f3) x15 0x0000000080004d9c
core   0: 0x0000000080005ff2 (0x34202773) csrrs   a4, mcause, zero
core   0: 3 0x0000000080005ff2 (0x34202773) x14 0x0000000000000002
core   0: 0x0000000080005ff6 (0x142026f3) csrrs   a3, scause, zero
core   0: 3 0x0000000080005ff6 (0x142026f3) x13 0x0000000000000000
core   0: 0x0000000080005ffa (0x30402673) csrrs   a2, mie, zero
core   0: 3 0x0000000080005ffa (0x30402673) x12 0x0000000000000a00
core   0: 0x0000000080005ffe (0x344025f3) csrrs   a1, mip, zero
core   0: 3 0x0000000080005ffe (0x344025f3) x11 0x0000000000000080
core   0: 0x0000000080006002 (0x343025f3) csrrs   a1, mtval, zero
core   0: 3 0x0000000080006002 (0x343025f3) x11 0x00000000c00c74f3
core   0: 0x0000000080006006 (0x14302573) csrrs   a0, stval, zero
core   0: 3 0x0000000080006006 (0x14302573) x10 0x0000000000000000
core   0: 0x000000008000600a (0xb02024f3) csrrs   s1, minstret, zero
core   0: 3 0x000000008000600a (0xb02024f3) x9  0x0000000000000c75
core   0: 0x000000008000600e (0x0000a811) c.j     pc + 20
core   0: 3 0x000000008000600e (0xa811)
core   0: >>>>  mepc_4
core   0: 0x0000000080006022 (0x00000791) c.addi  a5, 4
core   0: 3 0x0000000080006022 (0x0791) x15 0x0000000080004da0
core   0: 0x0000000080006024 (0x34179073) csrrw   zero, mepc, a5
core   0: 3 0x0000000080006024 (0x34179073) c833_mepc 0x0000000080004da0
core   0: 0x0000000080006028 (0x30200073) mret
core   0: 3 0x0000000080006028 (0x30200073) c768_mstatus 0x8000000a00106080
core   0: 0x0000000080004da0 (0x8004cc93) xori    s9, s1, -2048
core   0: 1 0x0000000080004da0 (0x8004cc93) x25 0xfffffffffffff475
core   0: 0x0000000080004da4 (0x00049713) slli    a4, s1, 0
core   0: 1 0x0000000080004da4 (0x00049713) x14 0x0000000000000c75
core   0: 0x0000000080004da8 (0x000c9e93) slli    t4, s9, 0
core   0: 1 0x0000000080004da8 (0x000c9e93) x29 0xfffffffffffff475
core   0: 0x0000000080004dac (0x014e969b) slliw   a3, t4, 20
core   0: 1 0x0000000080004dac (0x014e969b) x13 0x0000000047500000
core   0: 0x0000000080004db0 (0x0107c833) xor     a6, a5, a6
core   0: 1 0x0000000080004db0 (0x0107c833) x16 0x0000000080004dbf
core   0: 0x0000000080004db4 (0x022d50bb) divuw   ra, s10, sp
core   0: 1 0x0000000080004db4 (0x022d50bb) x1  0xffffffffffffffff
core   0: 0x0000000080004db8 (0x401a7dd3) fcvt.s.d fs11, fs4
core   0: 1 0x0000000080004db8 (0x401a7dd3) f27 0xffffffff00000000
core   0: 0x0000000080004dbc (0x0ff0000f) fence   iorw,iorw
core   0: 1 0x0000000080004dbc (0x0ff0000f)
core   0: 0x0000000080004dc0 (0xd22d7d53) fcvt.d.l fs10, s10
core   0: 1 0x0000000080004dc0 (0xd22d7d53) f26 0xc1dfffed11800000
core   0: 0x0000000080004dc4 (0xd2247553) fcvt.d.l fa0, s0
core   0: 1 0x0000000080004dc4 (0xd2247553) f10 0x4000000000000000
core   0: 0x0000000080004dc8 (0x420301d3) fcvt.d.s ft3, ft6
core   0: 1 0x0000000080004dc8 (0x420301d3) f3  0x7ff8000000000000
core   0: 0x0000000080004dcc (0x000bdc9b) srliw   s9, s7, 0
core   0: 1 0x0000000080004dcc (0x000bdc9b) x25 0x0000000000002000
core   0: 0x0000000080004dd0 (0xa34d89d3) fle.d   s3, fs11, fs4
core   0: 1 0x0000000080004dd0 (0xa34d89d3) c1_fflags 0x0000000000000012 x19 0x0000000000000000
core   0: 0x0000000080004dd4 (0x0049943b) sllw    s0, s3, tp
core   0: 1 0x0000000080004dd4 (0x0049943b) x8  0x0000000000000000
core   0: 0x0000000080004dd8 (0xb89efcb7) lui     s9, 0xb89ef
core   0: 1 0x0000000080004dd8 (0xb89efcb7) x25 0xffffffffb89ef000
core   0: 0x0000000080004ddc (0xd032f3d3) fcvt.s.lu ft7, t0
core   0: 1 0x0000000080004ddc (0xd032f3d3) c1_fflags 0x0000000000000013 f7  0xffffffff5f800000
core   0: 0x0000000080004de0 (0x00331613) slli    a2, t1, 3
core   0: 1 0x0000000080004de0 (0x00331613) x12 0x0000000000000008
core   0: 0x0000000080004de4 (0xe2038dd3) fmv.x.d s11, ft7
core   0: 1 0x0000000080004de4 (0xe2038dd3) x27 0xffffffff5f800000
core   0: 0x0000000080004de8 (0x22d785d3) fsgnj.d fa1, fa5, fa3
core   0: 1 0x0000000080004de8 (0x22d785d3) f11 0xffffffff5f800000
core   0: 0x0000000080004dec (0x0010d193) srli    gp, ra, 1
core   0: 1 0x0000000080004dec (0x0010d193) x3  0x7fffffffffffffff
core   0: 0x0000000080004df0 (0x00000001) c.nop
core   0: 1 0x0000000080004df0 (0x0001)
core   0: 0x0000000080004df2 (0x0006113b) sllw    sp, a2, zero
core   0: 1 0x0000000080004df2 (0x0006113b) x2  0x0000000000000008
core   0: 0x0000000080004df6 (0xf2b27f4b) fnmsub.d ft10, ft4, fa1, ft10
core   0: 1 0x0000000080004df6 (0xf2b27f4b) f30 0x7ff8000000000000
core   0: 0x0000000080004dfa (0x01fbd31b) srliw   t1, s7, 31
core   0: 1 0x0000000080004dfa (0x01fbd31b) x6  0x0000000000000000
core   0: 0x0000000080004dfe (0xe357f2cf) fnmadd.d ft5, fa5, fs5, ft8
core   0: 1 0x0000000080004dfe (0xe357f2cf) f5  0x7ff8000000000000
core   0: 0x0000000080004e02 (0x404a08b3) sub     a7, s4, tp
core   0: 1 0x0000000080004e02 (0x404a08b3) x17 0xfffffffffffffff7
core   0: 0x0000000080004e06 (0x03a29637) lui     a2, 0x3a29
core   0: 1 0x0000000080004e06 (0x03a29637) x12 0x0000000003a29000
core   0: 0x0000000080004e0a (0xba96061b) addiw   a2, a2, -1111
core   0: 1 0x0000000080004e0a (0xba96061b) x12 0x0000000003a28ba9
core   0: 0x0000000080004e0e (0x00000636) c.slli  a2, 13
core   0: 1 0x0000000080004e0e (0x0636) x12 0x0000007451752000
core   0: 0x0000000080004e10 (0x62f60613) addi    a2, a2, 1583
core   0: 1 0x0000000080004e10 (0x62f60613) x12 0x000000745175262f
core   0: 0x0000000080004e14 (0x36d88393) addi    t2, a7, 877
core   0: 1 0x0000000080004e14 (0x36d88393) x7  0x0000000000000364
core   0: 0x0000000080004e18 (0xc023fa53) fcvt.l.s s4, ft7
core   0: 1 0x0000000080004e18 (0xc023fa53) c1_fflags 0x0000000000000013 x20 0x7fffffffffffffff
core   0: 0x0000000080004e1c (0xe2028ad3) fmv.x.d s5, ft5
core   0: 1 0x0000000080004e1c (0xe2028ad3) x21 0x7ff8000000000000
core   0: 0x0000000080004e20 (0x40ba08bb) subw    a7, s4, a1
core   0: 1 0x0000000080004e20 (0x40ba08bb) x17 0x000000003ff38b0c
core   0: 0x0000000080004e24 (0x40310233) sub     tp, sp, gp
core   0: 1 0x0000000080004e24 (0x40310233) x4  0x8000000000000009
core   0: 0x0000000080004e28 (0x7ffa801b) addiw   zero, s5, 2047
core   0: 1 0x0000000080004e28 (0x7ffa801b)
core   0: 0x0000000080004e2c (0x239f89d3) fsgnj.d fs3, ft11, fs9
core   0: 1 0x0000000080004e2c (0x239f89d3) f19 0xffffffff444e8000
core   0: 0x0000000080004e30 (0x8471f297) auipc   t0, 0x8471f
core   0: 1 0x0000000080004e30 (0x8471f297) x5  0x0000000004723e30
core   0: 0x0000000080004e34 (0x0393f3d3) fadd.d  ft7, ft7, fs9
core   0: 1 0x0000000080004e34 (0x0393f3d3) f7  0x7ff8000000000000
core   0: 0x0000000080004e38 (0x40f157bb) sraw    a5, sp, a5
core   0: 1 0x0000000080004e38 (0x40f157bb) x15 0x0000000000000008
core   0: 0x0000000080004e3c (0xd21788d3) fcvt.d.wu fa7, a5
core   0: 1 0x0000000080004e3c (0xd21788d3) f17 0x4020000000000000
core   0: 0x0000000080004e40 (0xc213fdd3) fcvt.wu.d s11, ft7
core   0: 1 0x0000000080004e40 (0xc213fdd3) c1_fflags 0x0000000000000013 x27 0xffffffffffffffff
core   0: 0x0000000080004e44 (0x003ca433) slt     s0, s9, gp
core   0: 1 0x0000000080004e44 (0x003ca433) x8  0x0000000000000001
core   0: 0x0000000080004e48 (0x0281823b) mulw    tp, gp, s0
core   0: 1 0x0000000080004e48 (0x0281823b) x4  0xffffffffffffffff
core   0: 0x0000000080004e4c (0x0129d133) srl     sp, s3, s2
core   0: 1 0x0000000080004e4c (0x0129d133) x2  0x0000000000000000
core   0: 0x0000000080004e50 (0x1318f14b) fnmsub.d ft2, fa7, fa7, ft2
core   0: 1 0x0000000080004e50 (0x1318f14b) f2  0xc050000000000000
core   0: 0x0000000080004e54 (0x40675693) srai    a3, a4, 6
core   0: 1 0x0000000080004e54 (0x40675693) x13 0x0000000000000031
core   0: 0x0000000080004e58 (0x00ed6d33) or      s10, s10, a4
core   0: 1 0x0000000080004e58 (0x00ed6d33) x26 0xffffffff80004fff
core   0: 0x0000000080004e5c (0x65a26213) ori     tp, tp, 1626
core   0: 1 0x0000000080004e5c (0x65a26213) x4  0xffffffffffffffff
core   0: 0x0000000080004e60 (0x0197fbb3) and     s7, a5, s9
core   0: 1 0x0000000080004e60 (0x0197fbb3) x23 0x0000000000000000
core   0: 0x0000000080004e64 (0xd20787d3) fcvt.d.w fa5, a5
core   0: 1 0x0000000080004e64 (0xd20787d3) f15 0x4020000000000000
core   0: 0x0000000080004e68 (0x005bd31b) srliw   t1, s7, 5
core   0: 1 0x0000000080004e68 (0x005bd31b) x6  0x0000000000000000
core   0: 0x0000000080004e6c (0x2b711dd3) fmax.d  fs11, ft2, fs7
core   0: 1 0x0000000080004e6c (0x2b711dd3) f27 0xc050000000000000
core   0: 0x0000000080004e70 (0x2a210953) fmin.d  fs2, ft2, ft2
core   0: 1 0x0000000080004e70 (0x2a210953) f18 0xc050000000000000
core   0: 0x0000000080004e74 (0xc237f653) fcvt.lu.d a2, fa5
core   0: 1 0x0000000080004e74 (0xc237f653) x12 0x0000000000000008
core   0: 0x0000000080004e78 (0x03967d3b) remuw   s10, a2, s9
core   0: 1 0x0000000080004e78 (0x03967d3b) x26 0x0000000000000008
core   0: 0x0000000080004e7c (0xf6c27137) lui     sp, 0xf6c27
core   0: 1 0x0000000080004e7c (0xf6c27137) x2  0xfffffffff6c27000
core   0: 0x0000000080004e80 (0x0022c8b3) xor     a7, t0, sp
core   0: 1 0x0000000080004e80 (0x0022c8b3) x17 0xfffffffff2b04e30
core   0: 0x0000000080004e84 (0x00000001) c.nop
core   0: 1 0x0000000080004e84 (0x0001)
core   0: 0x0000000080004e86 (0xd03077d3) fcvt.s.lu fa5, zero
core   0: 1 0x0000000080004e86 (0xd03077d3) f15 0xffffffff00000000
core   0: 0x0000000080004e8a (0x7ff30d1b) addiw   s10, t1, 2047
core   0: 1 0x0000000080004e8a (0x7ff30d1b) x26 0x00000000000007ff
core   0: 0x0000000080004e8e (0x525e744b) fnmsub.d fs0, ft8, ft5, fa0
core   0: 1 0x0000000080004e8e (0x525e744b) f8  0x7ff8000000000000
core   0: 0x0000000080004e92 (0x00102273) csrrs   tp, fflags, zero
core   0: 1 0x0000000080004e92 (0x00102273) x4  0x0000000000000013
core   0: 0x0000000080004e96 (0x41360b3b) subw    s6, a2, s3
core   0: 1 0x0000000080004e96 (0x41360b3b) x22 0x0000000000000008
core   0: 0x0000000080004e9a (0x410edeb3) sra     t4, t4, a6
core   0: 1 0x0000000080004e9a (0x410edeb3) x29 0xffffffffffffffff
core   0: 0x0000000080004e9e (0x00a2ddb3) srl     s11, t0, a0
core   0: 1 0x0000000080004e9e (0x00a2ddb3) x27 0x0000000004723e30
core   0: 0x0000000080004ea2 (0x1a9d74d3) fdiv.d  fs1, fs10, fs1
core   0: 1 0x0000000080004ea2 (0x1a9d74d3) f9  0x7ff8000000000000
core   0: 0x0000000080004ea6 (0xc22dfc53) fcvt.l.d s8, fs11
core   0: 1 0x0000000080004ea6 (0xc22dfc53) x24 0xffffffffffffffc0
core   0: 0x0000000080004eaa (0x00241373) csrrw   t1, frm, s0
core   0: 1 0x0000000080004eaa (0x00241373) x6  0x0000000000000000 c2_frm 0x0000000000000001
core   0: 0x0000000080004eae (0x4016f6d3) fcvt.s.d fa3, fa3
core   0: 1 0x0000000080004eae (0x4016f6d3) f13 0xffffffff7fc00000
core   0: 0x0000000080004eb2 (0x420580d3) fcvt.d.s ft1, fa1
core   0: 1 0x0000000080004eb2 (0x420580d3) f1  0x43f0000000000000
core   0: 0x0000000080004eb6 (0x00845d3b) srlw    s10, s0, s0
core   0: 1 0x0000000080004eb6 (0x00845d3b) x26 0x0000000000000000
core   0: 0x0000000080004eba (0x02634933) div     s2, t1, t1
core   0: 1 0x0000000080004eba (0x02634933) x18 0xffffffffffffffff
core   0: 0x0000000080004ebe (0x10607073) csrrci  zero, scounteren, 0
core   0: 1 0x0000000080004ebe (0x10607073)
core   0: 0x0000000080004ec2 (0x221d26d3) fsgnjx.d fa3, fs10, ft1
core   0: 1 0x0000000080004ec2 (0x221d26d3) f13 0xc1dfffed11800000
core   0: 0x0000000080004ec6 (0xd0227e53) fcvt.s.l ft8, tp
core   0: 1 0x0000000080004ec6 (0xd0227e53) f28 0xffffffff41980000
core   0: 0x0000000080004eca (0x00291e13) slli    t3, s2, 2
core   0: 1 0x0000000080004eca (0x00291e13) x28 0xfffffffffffffffc
core   0: 0x0000000080004ece (0x0031da3b) srlw    s4, gp, gp
core   0: 1 0x0000000080004ece (0x0031da3b) x20 0x0000000000000001
core   0: 0x0000000080004ed2 (0x41dd8db3) sub     s11, s11, t4
core   0: 1 0x0000000080004ed2 (0x41dd8db3) x27 0x0000000004723e31
core   0: 0x0000000080004ed6 (0x0141dc33) srl     s8, gp, s4
core   0: 1 0x0000000080004ed6 (0x0141dc33) x24 0x3fffffffffffffff
core   0: 0x0000000080004eda (0xe20305d3) fmv.x.d a1, ft6
core   0: 1 0x0000000080004eda (0xe20305d3) x11 0xc1d1ec3800000000
core   0: 0x0000000080004ede (0xc23e7e53) fcvt.lu.d t3, ft8
core   0: 1 0x0000000080004ede (0xc23e7e53) c1_fflags 0x0000000000000013 x28 0xffffffffffffffff
core   0: 0x0000000080004ee2 (0x0158169b) slliw   a3, a6, 21
core   0: 1 0x0000000080004ee2 (0x0158169b) x13 0xffffffffb7e00000
core   0: 0x0000000080004ee6 (0xe20a07d3) fmv.x.d a5, fs4
core   0: 1 0x0000000080004ee6 (0xe20a07d3) x15 0x0000000000000000
core   0: 0x0000000080004eea (0x2371ad53) fsgnjx.d fs10, ft3, fs7
core   0: 1 0x0000000080004eea (0x2371ad53) f26 0x7ff8000000000000
core   0: 0x0000000080004eee (0x00000a4e) c.slli  s4, 19
core   0: 1 0x0000000080004eee (0x0a4e) x20 0x0000000000080000
core   0: 0x0000000080004ef0 (0x43dd6137) lui     sp, 0x43dd6
core   0: 1 0x0000000080004ef0 (0x43dd6137) x2  0x0000000043dd6000
core   0: 0x0000000080004ef4 (0x014ddd9b) srliw   s11, s11, 20
core   0: 1 0x0000000080004ef4 (0x014ddd9b) x27 0x0000000000000047
core   0: 0x0000000080004ef8 (0x021180b3) mul     ra, gp, ra
core   0: 1 0x0000000080004ef8 (0x021180b3) x1  0x8000000000000001
core   0: 0x0000000080004efc (0x036b79d3) fadd.d  fs3, fs6, fs6
core   0: 1 0x0000000080004efc (0x036b79d3) f19 0x7ff8000000000000
core   0: 0x0000000080004f00 (0x00e354b3) srl     s1, t1, a4
core   0: 1 0x0000000080004f00 (0x00e354b3) x9  0x0000000000000000
core   0: 0x0000000080004f04 (0x00000001) c.nop
core   0: 1 0x0000000080004f04 (0x0001)
core   0: 0x0000000080004f06 (0x0009d21b) srliw   tp, s3, 0
core   0: 1 0x0000000080004f06 (0x0009d21b) x4  0x0000000000000000
core   0: 0x0000000080004f0a (0x413487b3) sub     a5, s1, s3
core   0: 1 0x0000000080004f0a (0x413487b3) x15 0x0000000000000000
core   0: 0x0000000080004f0e (0x413786b3) sub     a3, a5, s3
core   0: 1 0x0000000080004f0e (0x413786b3) x13 0x0000000000000000
core   0: 0x0000000080004f12 (0x00201873) csrrw   a6, frm, zero
core   0: 1 0x0000000080004f12 (0x00201873) x16 0x0000000000000001 c2_frm 0x0000000000000000
core   0: 0x0000000080004f16 (0x03686a3b) remw    s4, a6, s6
core   0: 1 0x0000000080004f16 (0x03686a3b) x20 0x0000000000000001
core   0: 0x0000000080004f1a (0x0bcff253) fsub.d  ft4, ft11, ft8
core   0: 1 0x0000000080004f1a (0x0bcff253) f4  0x7ff8000000000000
core   0: 0x0000000080004f1e (0x01020133) add     sp, tp, a6
core   0: 1 0x0000000080004f1e (0x01020133) x2  0x0000000000000001
core   0: 0x0000000080004f22 (0x23a67647) fmsub.d fa2, fa2, fs10, ft4
core   0: 1 0x0000000080004f22 (0x23a67647) f12 0x7ff8000000000000
core   0: 0x0000000080004f26 (0x0036501b) srliw   zero, a2, 3
core   0: 1 0x0000000080004f26 (0x0036501b)
core   0: 0x0000000080004f2a (0x00202473) csrrs   s0, frm, zero
core   0: 1 0x0000000080004f2a (0x00202473) x8  0x0000000000000000
core   0: 0x0000000080004f2e (0xd2138dd3) fcvt.d.wu fs11, t2
core   0: 1 0x0000000080004f2e (0xd2138dd3) f27 0x408b200000000000
core   0: 0x0000000080004f32 (0x01de42b3) xor     t0, t3, t4
core   0: 1 0x0000000080004f32 (0x01de42b3) x5  0x0000000000000000
core   0: 0x0000000080004f36 (0x03d2cc33) div     s8, t0, t4
core   0: 1 0x0000000080004f36 (0x03d2cc33) x24 0x0000000000000000
core   0: 0x0000000080004f3a (0x0000101b) slliw   zero, zero, 0
core   0: 1 0x0000000080004f3a (0x0000101b)
core   0: 0x0000000080004f3e (0x40f3d19b) sraiw   gp, t2, 15
core   0: 1 0x0000000080004f3e (0x40f3d19b) x3  0x0000000000000000
core   0: 0x0000000080004f42 (0x02f6803b) mulw    zero, a3, a5
core   0: 1 0x0000000080004f42 (0x02f6803b)
core   0: 0x0000000080004f46 (0xd2100f53) fcvt.d.wu ft10, zero
core   0: 1 0x0000000080004f46 (0xd2100f53) f30 0x0000000000000000
core   0: 0x0000000080004f4a (0x40005a93) srai    s5, zero, 0
core   0: 1 0x0000000080004f4a (0x40005a93) x21 0x0000000000000000
core   0: 0x0000000080004f4e (0x41fad69b) sraiw   a3, s5, 31
core   0: 1 0x0000000080004f4e (0x41fad69b) x13 0x0000000000000000
core   0: 0x0000000080004f52 (0x00202af3) csrrs   s5, frm, zero
core   0: 1 0x0000000080004f52 (0x00202af3) x21 0x0000000000000000
core   0: 0x0000000080004f56 (0x3a83734b) fnmsub.d ft6, ft6, fs0, ft7
core   0: 1 0x0000000080004f56 (0x3a83734b) f6  0x7ff8000000000000
core   0: 0x0000000080004f5a (0x00009e0a) c.add   t3, sp
core   0: 1 0x0000000080004f5a (0x9e0a) x28 0x0000000000000000
core   0: 0x0000000080004f5c (0x019ccbb3) xor     s7, s9, s9
core   0: 1 0x0000000080004f5c (0x019ccbb3) x23 0x0000000000000000
core   0: 0x0000000080004f60 (0xd20c049b) addiw   s1, s8, -736
core   0: 1 0x0000000080004f60 (0xd20c049b) x9  0xfffffffffffffd20
core   0: 0x0000000080004f64 (0xfffc4993) not     s3, s8
core   0: 1 0x0000000080004f64 (0xfffc4993) x19 0xffffffffffffffff
core   0: 0x0000000080004f68 (0xd21781d3) fcvt.d.wu ft3, a5
core   0: 1 0x0000000080004f68 (0xd21781d3) f3  0x0000000000000000
core   0: 0x0000000080004f6c (0xc236f0d3) fcvt.lu.d ra, fa3
core   0: 1 0x0000000080004f6c (0xc236f0d3) c1_fflags 0x0000000000000013 x1  0x0000000000000000
core   0: 0x0000000080004f70 (0x01f4e037) lui     zero, 0x1f4e
core   0: 1 0x0000000080004f70 (0x01f4e037)
core   0: 0x0000000080004f74 (0x3030001b) addiw   zero, zero, 771
core   0: 1 0x0000000080004f74 (0x3030001b)
core   0: 0x0000000080004f78 (0x00d01013) slli    zero, zero, 13
core   0: 1 0x0000000080004f78 (0x00d01013)
core   0: 0x0000000080004f7c (0xb1f00013) li      zero, -1249
core   0: 1 0x0000000080004f7c (0xb1f00013)
core   0: 0x0000000080004f80 (0x02004eb3) div     t4, zero, zero
core   0: 1 0x0000000080004f80 (0x02004eb3) x29 0xffffffffffffffff
core   0: 0x0000000080004f84 (0x01b78dbb) addw    s11, a5, s11
core   0: 1 0x0000000080004f84 (0x01b78dbb) x27 0x0000000000000047
core   0: 0x0000000080004f88 (0x001e4a13) xori    s4, t3, 1
core   0: 1 0x0000000080004f88 (0x001e4a13) x20 0x0000000000000001
core   0: 0x0000000080004f8c (0xd03a72d3) fcvt.s.lu ft5, s4
core   0: 1 0x0000000080004f8c (0xd03a72d3) f5  0xffffffff3f800000
core   0: 0x0000000080004f90 (0x0347773b) remuw   a4, a4, s4
core   0: 1 0x0000000080004f90 (0x0347773b) x14 0x0000000000000000
core   0: 0x0000000080004f94 (0x01d56533) or      a0, a0, t4
core   0: 1 0x0000000080004f94 (0x01d56533) x10 0xffffffffffffffff
core   0: 0x0000000080004f98 (0x032941b3) div     gp, s2, s2
core   0: 1 0x0000000080004f98 (0x032941b3) x3  0x0000000000000001
core   0: 0x0000000080004f9c (0x105be7f3) csrrsi  a5, stvec, 23
core   0: 1 0x0000000080004f9c (0x105be7f3) x15 0x000000000000001d c261_stvec 0x000000000000001d
core   0: 0x0000000080004fa0 (0x00f6ddbb) srlw    s11, a3, a5
core   0: 1 0x0000000080004fa0 (0x00f6ddbb) x27 0x0000000000000000
core   0: 0x0000000080004fa4 (0x2342a2d3) fsgnjx.d ft5, ft5, fs4
core   0: 1 0x0000000080004fa4 (0x2342a2d3) f5  0xffffffff3f800000
core   0: 0x0000000080004fa8 (0x4003db3b) sraw    s6, t2, zero
core   0: 1 0x0000000080004fa8 (0x4003db3b) x22 0x0000000000000364
core   0: 0x0000000080004fac (0x01116533) or      a0, sp, a7
core   0: 1 0x0000000080004fac (0x01116533) x10 0xfffffffff2b04e31
core   0: 0x0000000080004fb0 (0x7ff5059b) addiw   a1, a0, 2047
core   0: 1 0x0000000080004fb0 (0x7ff5059b) x11 0xfffffffff2b05630
core   0: 0x0000000080004fb4 (0xd02878d3) fcvt.s.l fa7, a6
core   0: 1 0x0000000080004fb4 (0xd02878d3) f17 0xffffffff3f800000
core   0: 0x0000000080004fb8 (0x03d9d93b) divuw   s2, s3, t4
core   0: 1 0x0000000080004fb8 (0x03d9d93b) x18 0x0000000000000001
core   0: 0x0000000080004fbc (0x9b6af8b7) lui     a7, 0x9b6af
core   0: 1 0x0000000080004fbc (0x9b6af8b7) x17 0xffffffff9b6af000
core   0: 0x0000000080004fc0 (0x00011e9b) slliw   t4, sp, 0
core   0: 1 0x0000000080004fc0 (0x00011e9b) x29 0x0000000000000001
core   0: 0x0000000080004fc4 (0x0ff0000f) fence   iorw,iorw
core   0: 1 0x0000000080004fc4 (0x0ff0000f)
core   0: 0x0000000080004fc8 (0x00000001) c.nop
core   0: 1 0x0000000080004fc8 (0x0001)
core   0: 0x0000000080004fca (0x1332f5d3) fmul.d  fa1, ft5, fs3
core   0: 1 0x0000000080004fca (0x1332f5d3) f11 0x7ff8000000000000
core   0: 0x0000000080004fce (0xefe37413) andi    s0, t1, -258
core   0: 1 0x0000000080004fce (0xefe37413) x8  0x0000000000000000
core   0: 0x0000000080004fd2 (0x1273f853) fmul.d  fa6, ft7, ft7
core   0: 1 0x0000000080004fd2 (0x1273f853) f16 0x7ff8000000000000
core   0: 0x0000000080004fd6 (0x013402bb) addw    t0, s0, s3
core   0: 1 0x0000000080004fd6 (0x013402bb) x5  0xffffffffffffffff
core   0: 0x0000000080004fda (0x01d75733) srl     a4, a4, t4
core   0: 1 0x0000000080004fda (0x01d75733) x14 0x0000000000000000
core   0: 0x0000000080004fde (0xd22ef753) fcvt.d.l fa4, t4
core   0: 1 0x0000000080004fde (0xd22ef753) f14 0x3ff0000000000000
core   0: 0x0000000080004fe2 (0x00e50d33) add     s10, a0, a4
core   0: 1 0x0000000080004fe2 (0x00e50d33) x26 0xfffffffff2b04e31
core   0: 0x0000000080004fe6 (0x02a56533) rem     a0, a0, a0
core   0: 1 0x0000000080004fe6 (0x02a56533) x10 0x0000000000000000
core   0: 0x0000000080004fea (0x03cbce3b) divw    t3, s7, t3
core   0: 1 0x0000000080004fea (0x03cbce3b) x28 0xffffffffffffffff
core   0: 0x0000000080004fee (0x02ac2533) mulhsu  a0, s8, a0
core   0: 1 0x0000000080004fee (0x02ac2533) x10 0x0000000000000000
core   0: 0x0000000080004ff2 (0x005eda33) srl     s4, t4, t0
core   0: 1 0x0000000080004ff2 (0x005eda33) x20 0x0000000000000000
core   0: 0x0000000080004ff6 (0x435a5913) srai    s2, s4, 53
core   0: 1 0x0000000080004ff6 (0x435a5913) x18 0x0000000000000000
core   0: 0x0000000080004ffa (0x41838c33) sub     s8, t2, s8
core   0: 1 0x0000000080004ffa (0x41838c33) x24 0x0000000000000364
core   0: 0x0000000080004ffe (0xd0397bd3) fcvt.s.lu fs7, s2
core   0: 1 0x0000000080004ffe (0xd0397bd3) f23 0xffffffff00000000
core   0: 0x0000000080005002 (0x005342b3) xor     t0, t1, t0
core   0: 1 0x0000000080005002 (0x005342b3) x5  0xffffffffffffffff
core   0: 0x0000000080005006 (0xd23bf153) fcvt.d.lu ft2, s7
core   0: 1 0x0000000080005006 (0xd23bf153) f2  0x0000000000000000
core   0: 0x000000008000500a (0x014085bb) addw    a1, ra, s4
core   0: 1 0x000000008000500a (0x014085bb) x11 0x0000000000000000
core   0: 0x000000008000500e (0x014a1c3b) sllw    s8, s4, s4
core   0: 1 0x000000008000500e (0x014a1c3b) x24 0x0000000000000000
core   0: 0x0000000080005012 (0x0341fa33) remu    s4, gp, s4
core   0: 1 0x0000000080005012 (0x0341fa33) x20 0x0000000000000001
core   0: 0x0000000080005016 (0x0001e713) ori     a4, gp, 0
core   0: 1 0x0000000080005016 (0x0001e713) x14 0x0000000000000001
core   0: 0x000000008000501a (0x01ce55b3) srl     a1, t3, t3
core   0: 1 0x000000008000501a (0x01ce55b3) x11 0x0000000000000001
core   0: 0x000000008000501e (0x00202173) csrrs   sp, frm, zero
core   0: 1 0x000000008000501e (0x00202173) x2  0x0000000000000000
core   0: 0x0000000080005022 (0x019582b3) add     t0, a1, s9
core   0: 1 0x0000000080005022 (0x019582b3) x5  0xffffffffb89ef001
core   0: 0x0000000080005026 (0x23a98d53) fsgnj.d fs10, fs3, fs10
core   0: 1 0x0000000080005026 (0x23a98d53) f26 0x7ff8000000000000
core   0: 0x000000008000502a (0xc028fe53) fcvt.l.s t3, fa7
core   0: 1 0x000000008000502a (0xc028fe53) x28 0x0000000000000001
core   0: 0x000000008000502e (0x14516313) ori     t1, sp, 325
core   0: 1 0x000000008000502e (0x14516313) x6  0x0000000000000145
core   0: 0x0000000080005032 (0x41d75633) sra     a2, a4, t4
core   0: 1 0x0000000080005032 (0x41d75633) x12 0x0000000000000000
core   0: 0x0000000080005036 (0x2e71f413) andi    s0, gp, 743
core   0: 1 0x0000000080005036 (0x2e71f413) x8  0x0000000000000001
core   0: 0x000000008000503a (0x4136593b) sraw    s2, a2, s3
core   0: 1 0x000000008000503a (0x4136593b) x18 0x0000000000000000
core   0: 0x000000008000503e (0x00159c1b) slliw   s8, a1, 1
core   0: 1 0x000000008000503e (0x00159c1b) x24 0x0000000000000002
core   0: 0x0000000080005042 (0x035479bb) remuw   s3, s0, s5
core   0: 1 0x0000000080005042 (0x035479bb) x19 0x0000000000000001
core   0: 0x0000000080005046 (0x0329ebbb) remw    s7, s3, s2
core   0: 1 0x0000000080005046 (0x0329ebbb) x23 0x0000000000000001
core   0: 0x000000008000504a (0x2a7e9ed3) fmax.d  ft9, ft9, ft7
core   0: 1 0x000000008000504a (0x2a7e9ed3) f29 0x7ff8000000000000
core   0: 0x000000008000504e (0x23d3af53) fsgnjx.d ft10, ft7, ft9
core   0: 1 0x000000008000504e (0x23d3af53) f30 0x7ff8000000000000
core   0: 0x0000000080005052 (0x003d84bb) addw    s1, s11, gp
core   0: 1 0x0000000080005052 (0x003d84bb) x9  0x0000000000000001
core   0: 0x0000000080005056 (0x02728933) mul     s2, t0, t2
core   0: 1 0x0000000080005056 (0x02728933) x18 0xffffff0dfae5c364
core   0: 0x000000008000505a (0x00609793) slli    a5, ra, 6
core   0: 1 0x000000008000505a (0x00609793) x15 0x0000000000000000
core   0: 0x000000008000505e (0x00000c26) c.slli  s8, 9
core   0: 1 0x000000008000505e (0x0c26) x24 0x0000000000000400
core   0: 0x0000000080005060 (0x922ac313) xori    t1, s5, -1758
core   0: 1 0x0000000080005060 (0x922ac313) x6  0xfffffffffffff922
core   0: 0x0000000080005064 (0x012300bb) addw    ra, t1, s2
core   0: 1 0x0000000080005064 (0x012300bb) x1  0xfffffffffae5bc86
core   0: 0x0000000080005068 (0xc2217553) fcvt.l.d a0, ft2
core   0: 1 0x0000000080005068 (0xc2217553) x10 0x0000000000000000
core   0: 0x000000008000506c (0x0a847a53) fsub.d  fs4, fs0, fs0
core   0: 1 0x000000008000506c (0x0a847a53) f20 0x7ff8000000000000
core   0: 0x0000000080005070 (0x1aab75d3) fdiv.d  fa1, fs6, fa0
core   0: 1 0x0000000080005070 (0x1aab75d3) f11 0x7ff8000000000000
core   0: 0x0000000080005074 (0x02a95bb3) divu    s7, s2, a0
core   0: 1 0x0000000080005074 (0x02a95bb3) x23 0xffffffffffffffff
core   0: 0x0000000080005078 (0x0b8c7a53) fsub.d  fs4, fs8, fs8
core   0: 1 0x0000000080005078 (0x0b8c7a53) f20 0x7ff8000000000000
core   0: 0x000000008000507c (0x00171373) csrrw   t1, fflags, a4
core   0: 1 0x000000008000507c (0x00171373) x6  0x0000000000000013 c1_fflags 0x0000000000000001
core   0: 0x0000000080005080 (0x800d4413) xori    s0, s10, -2048
core   0: 1 0x0000000080005080 (0x800d4413) x8  0x000000000d4fb631
core   0: 0x0000000080005084 (0x03ce3bb3) mulhu   s7, t3, t3
core   0: 1 0x0000000080005084 (0x03ce3bb3) x23 0x0000000000000000
core   0: 0x0000000080005088 (0x40278abb) subw    s5, a5, sp
core   0: 1 0x0000000080005088 (0x40278abb) x21 0x0000000000000000
core   0: 0x000000008000508c (0xa28d8a53) fle.d   s4, fs11, fs0
core   0: 1 0x000000008000508c (0xa28d8a53) c1_fflags 0x0000000000000011 x20 0x0000000000000000
core   0: 0x0000000080005090 (0x43fd5d13) srai    s10, s10, 63
core   0: 1 0x0000000080005090 (0x43fd5d13) x26 0xffffffffffffffff
core   0: 0x0000000080005094 (0xc0247353) fcvt.l.s t1, fs0
core   0: 1 0x0000000080005094 (0xc0247353) c1_fflags 0x0000000000000011 x6  0x7fffffffffffffff
core   0: 0x0000000080005098 (0x1b6cfed3) fdiv.d  ft9, fs9, fs6
core   0: 1 0x0000000080005098 (0x1b6cfed3) f29 0x7ff8000000000000
core   0: 0x000000008000509c (0x02f7a9b3) mulhsu  s3, a5, a5
core   0: 1 0x000000008000509c (0x02f7a9b3) x19 0x0000000000000000
core   0: 0x00000000800050a0 (0x0297d213) srli    tp, a5, 41
core   0: 1 0x00000000800050a0 (0x0297d213) x4  0x0000000000000000
core   0: 0x00000000800050a4 (0x023cf3cb) fnmsub.d ft7, fs9, ft3, ft0
core   0: 1 0x00000000800050a4 (0x023cf3cb) f7  0x7ff8000000000000
core   0: 0x00000000800050a8 (0x025280bb) mulw    ra, t0, t0
core   0: 1 0x00000000800050a8 (0x025280bb) x1  0xffffffff923de001
core   0: 0x00000000800050ac (0x23adadd3) fsgnjx.d fs11, fs11, fs10
core   0: 1 0x00000000800050ac (0x23adadd3) f27 0x408b200000000000
core   0: 0x00000000800050b0 (0x401d5793) srai    a5, s10, 1
core   0: 1 0x00000000800050b0 (0x401d5793) x15 0xffffffffffffffff
core   0: 0x00000000800050b4 (0x227d97d3) fsgnjn.d fa5, fs11, ft7
core   0: 1 0x00000000800050b4 (0x227d97d3) f15 0xc08b200000000000
core   0: 0x00000000800050b8 (0x4015d63b) sraw    a2, a1, ra
core   0: 1 0x00000000800050b8 (0x4015d63b) x12 0x0000000000000000
core   0: 0x00000000800050bc (0x03b63db3) mulhu   s11, a2, s11
core   0: 1 0x00000000800050bc (0x03b63db3) x27 0x0000000000000000
core   0: 0x00000000800050c0 (0x01a61d1b) slliw   s10, a2, 26
core   0: 1 0x00000000800050c0 (0x01a61d1b) x26 0x0000000000000000
core   0: 0x00000000800050c4 (0x000e1e1b) slliw   t3, t3, 0
core   0: 1 0x00000000800050c4 (0x000e1e1b) x28 0x0000000000000001
core   0: 0x00000000800050c8 (0x2a371b53) fmax.d  fs6, fa4, ft3
core   0: 1 0x00000000800050c8 (0x2a371b53) f22 0x3ff0000000000000
core   0: 0x00000000800050cc (0x02caea3b) remw    s4, s5, a2
core   0: 1 0x00000000800050cc (0x02caea3b) x20 0x0000000000000000
core   0: 0x00000000800050d0 (0x30ab0b1b) addiw   s6, s6, 778
core   0: 1 0x00000000800050d0 (0x30ab0b1b) x22 0x000000000000066e
core   0: 0x00000000800050d4 (0x8e4fdd17) auipc   s10, 0x8e4fd
core   0: 1 0x00000000800050d4 (0x8e4fdd17) x26 0x000000000e5020d4
core   0: 0x00000000800050d8 (0x025701b3) mul     gp, a4, t0
core   0: 1 0x00000000800050d8 (0x025701b3) x3  0xffffffffb89ef001
core   0: 0x00000000800050dc (0x0053003b) addw    zero, t1, t0
core   0: 1 0x00000000800050dc (0x0053003b)
core   0: 0x00000000800050e0 (0x41b8d893) srai    a7, a7, 27
core   0: 1 0x00000000800050e0 (0x41b8d893) x17 0xfffffffffffffff3
core   0: 0x00000000800050e4 (0x006341b3) xor     gp, t1, t1
core   0: 1 0x00000000800050e4 (0x006341b3) x3  0x0000000000000000
core   0: 0x00000000800050e8 (0x40e8dab3) sra     s5, a7, a4
core   0: 1 0x00000000800050e8 (0x40e8dab3) x21 0xfffffffffffffff9
core   0: 0x00000000800050ec (0x02385833) divu    a6, a6, gp
core   0: 1 0x00000000800050ec (0x02385833) x16 0xffffffffffffffff
core   0: 0x00000000800050f0 (0x00202cf3) csrrs   s9, frm, zero
core   0: 1 0x00000000800050f0 (0x00202cf3) x25 0x0000000000000000
core   0: 0x00000000800050f4 (0xc221fe53) fcvt.l.d t3, ft3
core   0: 1 0x00000000800050f4 (0xc221fe53) x28 0x0000000000000000
core   0: 0x00000000800050f8 (0x01c91033) sll     zero, s2, t3
core   0: 1 0x00000000800050f8 (0x01c91033)
core   0: 0x00000000800050fc (0xdafd079b) addiw   a5, s10, -593
core   0: 1 0x00000000800050fc (0xdafd079b) x15 0x000000000e501e83
core   0: 0x0000000080005100 (0x13bdf7d3) fmul.d  fa5, fs11, fs11
core   0: 1 0x0000000080005100 (0x13bdf7d3) f15 0x4126fe2000000000
core   0: 0x0000000080005104 (0xc21f7b53) fcvt.wu.d s6, ft10
core   0: 1 0x0000000080005104 (0xc21f7b53) c1_fflags 0x0000000000000011 x22 0xffffffffffffffff
core   0: 0x0000000080005108 (0xd21d8653) fcvt.d.wu fa2, s11
core   0: 1 0x0000000080005108 (0xd21d8653) f12 0x0000000000000000
core   0: 0x000000008000510c (0x01399233) sll     tp, s3, s3
core   0: 1 0x000000008000510c (0x01399233) x4  0x0000000000000000
core   0: 0x0000000080005110 (0x00fa08bb) addw    a7, s4, a5
core   0: 1 0x0000000080005110 (0x00fa08bb) x17 0x000000000e501e83
core   0: 0x0000000080005114 (0x631a7943) fmadd.d fs2, fs4, fa7, fa2
core   0: 1 0x0000000080005114 (0x631a7943) f18 0x7ff8000000000000
core   0: 0x0000000080005118 (0x03769a33) mulh    s4, a3, s7
core   0: 1 0x0000000080005118 (0x03769a33) x20 0x0000000000000000
core   0: 0x000000008000511c (0x2b648853) fmin.d  fa6, fs1, fs6
core   0: 1 0x000000008000511c (0x2b648853) f16 0x3ff0000000000000
core   0: 0x0000000080005120 (0x00e15ebb) srlw    t4, sp, a4
core   0: 1 0x0000000080005120 (0x00e15ebb) x29 0x0000000000000000
core   0: 0x0000000080005124 (0x40dc86b3) sub     a3, s9, a3
core   0: 1 0x0000000080005124 (0x40dc86b3) x13 0x0000000000000000
core   0: 0x0000000080005128 (0x0189d993) srli    s3, s3, 24
core   0: 1 0x0000000080005128 (0x0189d993) x19 0x0000000000000000
core   0: 0x000000008000512c (0x17837313) andi    t1, t1, 376
core   0: 1 0x000000008000512c (0x17837313) x6  0x0000000000000178
core   0: 0x0000000080005130 (0x009d56bb) srlw    a3, s10, s1
core   0: 1 0x0000000080005130 (0x009d56bb) x13 0x000000000728106a
core   0: 0x0000000080005134 (0xc01fdcf3) csrrwi  s9, time, 31
core   0: exception trap_illegal_instruction, epc 0x0000000080005134
core   0:           tval 0x00000000c01fdcf3
core   0: >>>>  $xrv64i2p1_m2p0_a2p1_f2p2_d2p2_zicsr2p0_zifencei2p0_zmmul1p0_zba1p0_zbb1p0_zbc1p0_zbs1p0
core   0: 0x0000000080004000 (0x0080006f) j       pc + 0x8
core   0: 3 0x0000000080004000 (0x0080006f)
core   0: >>>>  mmode_exception_handler
core   0: 0x0000000080004008 (0x00002c17) auipc   s8, 0x2
core   0: 3 0x0000000080004008 (0x00002c17) x24 0x0000000080006008
core   0: 0x000000008000400c (0xfe6c0c13) addi    s8, s8, -26
core   0: 3 0x000000008000400c (0xfe6c0c13) x24 0x0000000080005fee
core   0: 0x0000000080004010 (0x000c00e7) jalr    s8
core   0: 3 0x0000000080004010 (0x000c00e7) x1  0x0000000080004014
core   0: >>>>  any_handler
core   0: 0x0000000080005fee (0x341027f3) csrrs   a5, mepc, zero
core   0: 3 0x0000000080005fee (0x341027f3) x15 0x0000000080005134
core   0: 0x0000000080005ff2 (0x34202773) csrrs   a4, mcause, zero
core   0: 3 0x0000000080005ff2 (0x34202773) x14 0x0000000000000002
core   0: 0x0000000080005ff6 (0x142026f3) csrrs   a3, scause, zero
core   0: 3 0x0000000080005ff6 (0x142026f3) x13 0x0000000000000000
core   0: 0x0000000080005ffa (0x30402673) csrrs   a2, mie, zero
core   0: 3 0x0000000080005ffa (0x30402673) x12 0x0000000000000a00
core   0: 0x0000000080005ffe (0x344025f3) csrrs   a1, mip, zero
core   0: 3 0x0000000080005ffe (0x344025f3) x11 0x0000000000000080
core   0: 0x0000000080006002 (0x343025f3) csrrs   a1, mtval, zero
core   0: 3 0x0000000080006002 (0x343025f3) x11 0x00000000c01fdcf3
core   0: 0x0000000080006006 (0x14302573) csrrs   a0, stval, zero
core   0: 3 0x0000000080006006 (0x14302573) x10 0x0000000000000000
core   0: 0x000000008000600a (0xb02024f3) csrrs   s1, minstret, zero
core   0: 3 0x000000008000600a (0xb02024f3) x9  0x0000000000000d6e
core   0: 0x000000008000600e (0x0000a811) c.j     pc + 20
core   0: 3 0x000000008000600e (0xa811)
core   0: >>>>  mepc_4
core   0: 0x0000000080006022 (0x00000791) c.addi  a5, 4
core   0: 3 0x0000000080006022 (0x0791) x15 0x0000000080005138
core   0: 0x0000000080006024 (0x34179073) csrrw   zero, mepc, a5
core   0: 3 0x0000000080006024 (0x34179073) c833_mepc 0x0000000080005138
core   0: 0x0000000080006028 (0x30200073) mret
core   0: 3 0x0000000080006028 (0x30200073) c768_mstatus 0x8000000a00106080
core   0: 0x0000000080005138 (0x00b79413) slli    s0, a5, 11
core   0: 1 0x0000000080005138 (0x00b79413) x8  0x000004000289c000
core   0: 0x000000008000513c (0x23ef0bd3) fsgnj.d fs7, ft10, ft10
core   0: 1 0x000000008000513c (0x23ef0bd3) f23 0x7ff8000000000000
core   0: 0x0000000080005140 (0x00542533) slt     a0, s0, t0
core   0: 1 0x0000000080005140 (0x00542533) x10 0x0000000000000000
core   0: 0x0000000080005144 (0x401b503b) sraw    zero, s6, ra
core   0: 1 0x0000000080005144 (0x401b503b)
core   0: 0x0000000080005148 (0x23200053) fsgnj.d ft0, ft0, fs2
core   0: 1 0x0000000080005148 (0x23200053) f0  0x40efffffa2efff79
core   0: 0x000000008000514c (0x01fb5c9b) srliw   s9, s6, 31
core   0: 1 0x000000008000514c (0x01fb5c9b) x25 0x0000000000000001
core   0: 0x0000000080005150 (0xb52cc613) xori    a2, s9, -1198
core   0: 1 0x0000000080005150 (0xb52cc613) x12 0xfffffffffffffb53
core   0: 0x0000000080005154 (0xfbb01db7) lui     s11, 0xfbb01
core   0: 1 0x0000000080005154 (0xfbb01db7) x27 0xfffffffffbb01000
core   0: 0x0000000080005158 (0xb2fd8d9b) addiw   s11, s11, -1233
core   0: 1 0x0000000080005158 (0xb2fd8d9b) x27 0xfffffffffbb00b2f
core   0: 0x000000008000515c (0x00000db2) c.slli  s11, 12
core   0: 1 0x000000008000515c (0x0db2) x27 0xffffffbb00b2f000
core   0: 0x000000008000515e (0x18ad8d93) addi    s11, s11, 394
core   0: 1 0x000000008000515e (0x18ad8d93) x27 0xffffffbb00b2f18a
core   0: 0x0000000080005162 (0x02c07ed3) fadd.d  ft9, ft0, fa2
core   0: 1 0x0000000080005162 (0x02c07ed3) f29 0x40efffffa2efff79
core   0: 0x0000000080005166 (0x023d0433) mul     s0, s10, gp
core   0: 1 0x0000000080005166 (0x023d0433) x8  0x0000000000000000
core   0: 0x000000008000516a (0x23472653) fsgnjx.d fa2, fa4, fs4
core   0: 1 0x000000008000516a (0x23472653) f12 0x3ff0000000000000
core   0: 0x000000008000516e (0x00000001) c.nop
core   0: 1 0x000000008000516e (0x0001)
core   0: 0x0000000080005170 (0x02076033) rem     zero, a4, zero
core   0: 1 0x0000000080005170 (0x02076033)
core   0: 0x0000000080005174 (0x01dd8ebb) addw    t4, s11, t4
core   0: 1 0x0000000080005174 (0x01dd8ebb) x29 0x0000000000b2f18a
core   0: 0x0000000080005178 (0xbef765b7) lui     a1, 0xbef76
core   0: 1 0x0000000080005178 (0xbef765b7) x11 0xffffffffbef76000
core   0: 0x000000008000517c (0x0187d7bb) srlw    a5, a5, s8
core   0: 1 0x000000008000517c (0x0187d7bb) x15 0x0000000000020001
core   0: 0x0000000080005180 (0xd21b89d3) fcvt.d.wu fs3, s7
core   0: 1 0x0000000080005180 (0xd21b89d3) f19 0x0000000000000000
core   0: 0x0000000080005184 (0x0b3d7cc3) fmadd.d fs9, fs10, fs3, ft1
core   0: 1 0x0000000080005184 (0x0b3d7cc3) f25 0x7ff8000000000000
core   0: 0x0000000080005188 (0x00000001) c.nop
core   0: 1 0x0000000080005188 (0x0001)
core   0: 0x000000008000518a (0x412951b3) sra     gp, s2, s2
core   0: 1 0x000000008000518a (0x412951b3) x3  0xfffffffffffffff0
core   0: 0x000000008000518e (0x0387aeb3) mulhsu  t4, a5, s8
core   0: 1 0x000000008000518e (0x0387aeb3) x29 0x0000000000000000
core   0: 0x0000000080005192 (0x7ded4013) xori    zero, s10, 2014
core   0: 1 0x0000000080005192 (0x7ded4013)
core   0: 0x0000000080005196 (0x418a0533) sub     a0, s4, s8
core   0: 1 0x0000000080005196 (0x418a0533) x10 0xffffffff7fffa012
core   0: 0x000000008000519a (0x00000001) c.nop
core   0: 1 0x000000008000519a (0x0001)
core   0: 0x000000008000519c (0x0019f913) andi    s2, s3, 1
core   0: 1 0x000000008000519c (0x0019f913) x18 0x0000000000000000
core   0: 0x00000000800051a0 (0x5a06f9d3) fsqrt.d fs3, fa3
core   0: 1 0x00000000800051a0 (0x5a06f9d3) c1_fflags 0x0000000000000011 f19 0x7ff8000000000000
core   0: 0x00000000800051a4 (0x029dea33) rem     s4, s11, s1
core   0: 1 0x00000000800051a4 (0x029dea33) x20 0xffffffffffffff4e
core   0: 0x00000000800051a8 (0x01ba553b) srlw    a0, s4, s11
core   0: 1 0x00000000800051a8 (0x01ba553b) x10 0x00000000003fffff
core   0: 0x00000000800051ac (0x029e19b3) mulh    s3, t3, s1
core   0: 1 0x00000000800051ac (0x029e19b3) x19 0x0000000000000000
core   0: 0x00000000800051b0 (0x7ff96593) ori     a1, s2, 2047
core   0: 1 0x00000000800051b0 (0x7ff96593) x11 0x00000000000007ff
core   0: 0x00000000800051b4 (0x5a037053) fsqrt.d ft0, ft6
core   0: 1 0x00000000800051b4 (0x5a037053) f0  0x7ff8000000000000
core   0: 0x00000000800051b8 (0xcae3f5c7) fmsub.d fa1, ft7, fa4, fs9
core   0: 1 0x00000000800051b8 (0xcae3f5c7) f11 0x7ff8000000000000
core   0: 0x00000000800051bc (0xd03c70d3) fcvt.s.lu ft1, s8
core   0: 1 0x00000000800051bc (0xd03c70d3) c1_fflags 0x0000000000000011 f1  0xffffffff4f000060
core   0: 0x00000000800051c0 (0xd22674d3) fcvt.d.l fs1, a2
core   0: 1 0x00000000800051c0 (0xd22674d3) f9  0xc092b40000000000
core   0: 0x00000000800051c4 (0x012904b3) add     s1, s2, s2
core   0: 1 0x00000000800051c4 (0x012904b3) x9  0x0000000000000000
core   0: 0x00000000800051c8 (0x01bdd733) srl     a4, s11, s11
core   0: 1 0x00000000800051c8 (0x01bdd733) x14 0x003fffffeec02cbc
core   0: 0x00000000800051cc (0x036efa53) fadd.d  fs4, ft9, fs6
core   0: 1 0x00000000800051cc (0x036efa53) c1_fflags 0x0000000000000011 f20 0x40f0000fd177ffbc
core   0: 0x00000000800051d0 (0x0355c633) div     a2, a1, s5
core   0: 1 0x00000000800051d0 (0x0355c633) x12 0xfffffffffffffedc
core   0: 0x00000000800051d4 (0x00ca103b) sllw    zero, s4, a2
core   0: 1 0x00000000800051d4 (0x00ca103b)
core   0: 0x00000000800051d8 (0x0ff0000f) fence   iorw,iorw
core   0: 1 0x00000000800051d8 (0x0ff0000f)
core   0: 0x00000000800051dc (0xfb5a7fcb) fnmsub.d ft11, fs4, fs5, ft11
core   0: 1 0x00000000800051dc (0xfb5a7fcb) f31 0x7ff8000000000000
core   0: 0x00000000800051e0 (0x41d2deb3) sra     t4, t0, t4
core   0: 1 0x00000000800051e0 (0x41d2deb3) x29 0xffffffffb89ef001
core   0: 0x00000000800051e4 (0x3be70a93) addi    s5, a4, 958
core   0: 1 0x00000000800051e4 (0x3be70a93) x21 0x003fffffeec0307a
core   0: 0x00000000800051e8 (0x409a5bbb) sraw    s7, s4, s1
core   0: 1 0x00000000800051e8 (0x409a5bbb) x23 0xffffffffffffff4e
core   0: 0x00000000800051ec (0x1bfaf3d3) fdiv.d  ft7, fs5, ft11
core   0: 1 0x00000000800051ec (0x1bfaf3d3) f7  0x7ff8000000000000
core   0: 0x00000000800051f0 (0x2b3d8dd3) fmin.d  fs11, fs11, fs3
core   0: 1 0x00000000800051f0 (0x2b3d8dd3) f27 0x408b200000000000
core   0: 0x00000000800051f4 (0x02e4e43b) remw    s0, s1, a4
core   0: 1 0x00000000800051f4 (0x02e4e43b) x8  0x0000000000000000
core   0: 0x00000000800051f8 (0x4009de9b) sraiw   t4, s3, 0
core   0: 1 0x00000000800051f8 (0x4009de9b) x29 0x0000000000000000
core   0: 0x00000000800051fc (0x0ff0000f) fence   iorw,iorw
core   0: 1 0x00000000800051fc (0x0ff0000f)
core   0: 0x0000000080005200 (0x01505ab3) srl     s5, zero, s5
core   0: 1 0x0000000080005200 (0x01505ab3) x21 0x0000000000000000
core   0: 0x0000000080005204 (0x000085f9) c.srai  a1, 30
core   0: 1 0x0000000080005204 (0x85f9) x11 0x0000000000000000
core   0: 0x0000000080005206 (0xeb0dfd93) andi    s11, s11, -336
core   0: 1 0x0000000080005206 (0xeb0dfd93) x27 0xffffffbb00b2f080
core   0: 0x000000008000520a (0x0151a1b3) slt     gp, gp, s5
core   0: 1 0x000000008000520a (0x0151a1b3) x3  0x0000000000000001
core   0: 0x000000008000520e (0xc229f8d3) fcvt.l.d a7, fs3
core   0: 1 0x000000008000520e (0xc229f8d3) c1_fflags 0x0000000000000011 x17 0x7fffffffffffffff
core   0: 0x0000000080005212 (0x0084543b) srlw    s0, s0, s0
core   0: 1 0x0000000080005212 (0x0084543b) x8  0x0000000000000000
core   0: 0x0000000080005216 (0xeb357243) fmadd.d ft4, fa0, fs3, ft9
core   0: 1 0x0000000080005216 (0xeb357243) f4  0x7ff8000000000000
core   0: 0x000000008000521a (0x4003519b) sraiw   gp, t1, 0
core   0: 1 0x000000008000521a (0x4003519b) x3  0x0000000000000178
core   0: 0x000000008000521e (0x4094599b) sraiw   s3, s0, 9
core   0: 1 0x000000008000521e (0x4094599b) x19 0x0000000000000000
core   0: 0x0000000080005222 (0xfff98213) addi    tp, s3, -1
core   0: 1 0x0000000080005222 (0xfff98213) x4  0xffffffffffffffff
core   0: 0x0000000080005226 (0x2ab399d3) fmax.d  fs3, ft7, fa1
core   0: 1 0x0000000080005226 (0x2ab399d3) f19 0x7ff8000000000000
core   0: 0x000000008000522a (0x03367cb3) remu    s9, a2, s3
core   0: 1 0x000000008000522a (0x03367cb3) x25 0xfffffffffffffedc
core   0: 0x000000008000522e (0x019a993b) sllw    s2, s5, s9
core   0: 1 0x000000008000522e (0x019a993b) x18 0x0000000000000000
core   0: 0x0000000080005232 (0x001790f3) csrrw   ra, fflags, a5
core   0: 1 0x0000000080005232 (0x001790f3) x1  0x0000000000000011 c1_fflags 0x0000000000000001
core   0: 0x0000000080005236 (0x00202cf3) csrrs   s9, frm, zero
core   0: 1 0x0000000080005236 (0x00202cf3) x25 0x0000000000000000
core   0: 0x000000008000523a (0xa2ce0d53) fle.d   s10, ft8, fa2
core   0: 1 0x000000008000523a (0xa2ce0d53) c1_fflags 0x0000000000000011 x26 0x0000000000000000
core   0: 0x000000008000523e (0x414a053b) subw    a0, s4, s4
core   0: 1 0x000000008000523e (0x414a053b) x10 0x0000000000000000
core   0: 0x0000000080005242 (0x40528db3) sub     s11, t0, t0
core   0: 1 0x0000000080005242 (0x40528db3) x27 0x0000000000000000
core   0: 0x0000000080005246 (0xd20a8453) fcvt.d.w fs0, s5
core   0: 1 0x0000000080005246 (0xd20a8453) f8  0x0000000000000000
core   0: 0x000000008000524a (0x40d3d53b) sraw    a0, t2, a3
core   0: 1 0x000000008000524a (0x40d3d53b) x10 0x0000000000000364
core   0: 0x000000008000524e (0x0002d013) srli    zero, t0, 0
core   0: 1 0x000000008000524e (0x0002d013)
core   0: 0x0000000080005252 (0x43f55b13) srai    s6, a0, 63
core   0: 1 0x0000000080005252 (0x43f55b13) x22 0x0000000000000000
core   0: 0x0000000080005256 (0x405cd713) srai    a4, s9, 5
core   0: 1 0x0000000080005256 (0x405cd713) x14 0x0000000000000000
core   0: 0x000000008000525a (0x01a62ab3) slt     s5, a2, s10
core   0: 1 0x000000008000525a (0x01a62ab3) x21 0x0000000000000001
core   0: 0x000000008000525e (0x142c9273) csrrw   tp, scause, s9
core   0: 1 0x000000008000525e (0x142c9273) x4  0x0000000000000000 c322_scause 0x0000000000000000
core   0: 0x0000000080005262 (0x4012f953) fcvt.s.d fs2, ft5
core   0: 1 0x0000000080005262 (0x4012f953) f18 0xffffffff7fc00000
core   0: 0x0000000080005266 (0x00aa54bb) srlw    s1, s4, a0
core   0: 1 0x0000000080005266 (0x00aa54bb) x9  0x000000000ffffff4
core   0: 0x000000008000526a (0x03c49ab3) mulh    s5, s1, t3
core   0: 1 0x000000008000526a (0x03c49ab3) x21 0x0000000000000000
core   0: 0x000000008000526e (0x004e561b) srliw   a2, t3, 4
core   0: 1 0x000000008000526e (0x004e561b) x12 0x0000000000000000
core   0: 0x0000000080005272 (0x02300e3b) mulw    t3, zero, gp
core   0: 1 0x0000000080005272 (0x02300e3b) x28 0x0000000000000000
core   0: 0x0000000080005276 (0x0cab0b9b) addiw   s7, s6, 202
core   0: 1 0x0000000080005276 (0x0cab0b9b) x23 0x00000000000000ca
core   0: 0x000000008000527a (0x330b841b) addiw   s0, s7, 816
core   0: 1 0x000000008000527a (0x330b841b) x8  0x00000000000003fa
core   0: 0x000000008000527e (0x00f898bb) sllw    a7, a7, a5
core   0: 1 0x000000008000527e (0x00f898bb) x17 0xfffffffffffffffe
core   0: 0x0000000080005282 (0xa6e7869b) addiw   a3, a5, -1426
core   0: 1 0x0000000080005282 (0xa6e7869b) x13 0x000000000001fa6f
core   0: 0x0000000080005286 (0x420c8ad3) fcvt.d.s fs5, fs9
core   0: 1 0x0000000080005286 (0x420c8ad3) f21 0x7ff8000000000000
core   0: 0x000000008000528a (0x023791b3) mulh    gp, a5, gp
core   0: 1 0x000000008000528a (0x023791b3) x3  0x0000000000000000
core   0: 0x000000008000528e (0xc2127047) fmsub.d ft0, ft4, ft1, fs8
core   0: 1 0x000000008000528e (0xc2127047) f0  0x7ff8000000000000
core   0: 0x0000000080005292 (0x0326fc33) remu    s8, a3, s2
core   0: 1 0x0000000080005292 (0x0326fc33) x24 0x000000000001fa6f
core   0: 0x0000000080005296 (0x01858b1b) addiw   s6, a1, 24
core   0: 1 0x0000000080005296 (0x01858b1b) x22 0x0000000000000018
core   0: 0x000000008000529a (0x1d8ae713) ori     a4, s5, 472
core   0: 1 0x000000008000529a (0x1d8ae713) x14 0x00000000000001d8
core   0: 0x000000008000529e (0x0053d39b) srliw   t2, t2, 5
core   0: 1 0x000000008000529e (0x0053d39b) x7  0x000000000000001b
core   0: 0x00000000800052a2 (0x00948933) add     s2, s1, s1
core   0: 1 0x00000000800052a2 (0x00948933) x18 0x000000001fffffe8
core   0: 0x00000000800052a6 (0xf1339e73) csrrw   t3, mimpid, t2
core   0: exception trap_illegal_instruction, epc 0x00000000800052a6
core   0:           tval 0x00000000f1339e73
core   0: >>>>  $xrv64i2p1_m2p0_a2p1_f2p2_d2p2_zicsr2p0_zifencei2p0_zmmul1p0_zba1p0_zbb1p0_zbc1p0_zbs1p0
core   0: 0x0000000080004000 (0x0080006f) j       pc + 0x8
core   0: 3 0x0000000080004000 (0x0080006f)
core   0: >>>>  mmode_exception_handler
core   0: 0x0000000080004008 (0x00002c17) auipc   s8, 0x2
core   0: 3 0x0000000080004008 (0x00002c17) x24 0x0000000080006008
core   0: 0x000000008000400c (0xfe6c0c13) addi    s8, s8, -26
core   0: 3 0x000000008000400c (0xfe6c0c13) x24 0x0000000080005fee
core   0: 0x0000000080004010 (0x000c00e7) jalr    s8
core   0: 3 0x0000000080004010 (0x000c00e7) x1  0x0000000080004014
core   0: >>>>  any_handler
core   0: 0x0000000080005fee (0x341027f3) csrrs   a5, mepc, zero
core   0: 3 0x0000000080005fee (0x341027f3) x15 0x00000000800052a6
core   0: 0x0000000080005ff2 (0x34202773) csrrs   a4, mcause, zero
core   0: 3 0x0000000080005ff2 (0x34202773) x14 0x0000000000000002
core   0: 0x0000000080005ff6 (0x142026f3) csrrs   a3, scause, zero
core   0: 3 0x0000000080005ff6 (0x142026f3) x13 0x0000000000000000
core   0: 0x0000000080005ffa (0x30402673) csrrs   a2, mie, zero
core   0: 3 0x0000000080005ffa (0x30402673) x12 0x0000000000000a00
core   0: 0x0000000080005ffe (0x344025f3) csrrs   a1, mip, zero
core   0: 3 0x0000000080005ffe (0x344025f3) x11 0x0000000000000080
core   0: 0x0000000080006002 (0x343025f3) csrrs   a1, mtval, zero
core   0: 3 0x0000000080006002 (0x343025f3) x11 0x00000000f1339e73
core   0: 0x0000000080006006 (0x14302573) csrrs   a0, stval, zero
core   0: 3 0x0000000080006006 (0x14302573) x10 0x0000000000000000
core   0: 0x000000008000600a (0xb02024f3) csrrs   s1, minstret, zero
core   0: 3 0x000000008000600a (0xb02024f3) x9  0x0000000000000ddc
core   0: 0x000000008000600e (0x0000a811) c.j     pc + 20
core   0: 3 0x000000008000600e (0xa811)
core   0: >>>>  mepc_4
core   0: 0x0000000080006022 (0x00000791) c.addi  a5, 4
core   0: 3 0x0000000080006022 (0x0791) x15 0x00000000800052aa
core   0: 0x0000000080006024 (0x34179073) csrrw   zero, mepc, a5
core   0: 3 0x0000000080006024 (0x34179073) c833_mepc 0x00000000800052aa
core   0: 0x0000000080006028 (0x30200073) mret
core   0: 3 0x0000000080006028 (0x30200073) c768_mstatus 0x8000000a00106080
core   0: 0x00000000800052aa (0xdb2fffc3) fmadd.d ft11, ft11, fs2, fs11
core   0: 1 0x00000000800052aa (0xdb2fffc3) f31 0x7ff8000000000000
core   0: 0x00000000800052ae (0xc2097cd3) fcvt.w.d s9, fs2
core   0: 1 0x00000000800052ae (0xc2097cd3) c1_fflags 0x0000000000000011 x25 0x000000007fffffff
core   0: 0x00000000800052b2 (0x4018ffd3) fcvt.s.d ft11, fa7
core   0: 1 0x00000000800052b2 (0x4018ffd3) f31 0xffffffff7fc00000
core   0: 0x00000000800052b6 (0x41db51bb) sraw    gp, s6, t4
core   0: 1 0x00000000800052b6 (0x41db51bb) x3  0x0000000000000018
core   0: 0x00000000800052ba (0xc218fa53) fcvt.wu.d s4, fa7
core   0: 1 0x00000000800052ba (0xc218fa53) c1_fflags 0x0000000000000011 x20 0xffffffffffffffff
core   0: 0x00000000800052be (0x5a0a7053) fsqrt.d ft0, fs4
core   0: 1 0x00000000800052be (0x5a0a7053) c1_fflags 0x0000000000000011 f0  0x40700007e8ba0b70
core   0: 0x00000000800052c2 (0x001d1673) csrrw   a2, fflags, s10
core   0: 1 0x00000000800052c2 (0x001d1673) x12 0x0000000000000011 c1_fflags 0x0000000000000000
core   0: 0x00000000800052c6 (0x01a64633) xor     a2, a2, s10
core   0: 1 0x00000000800052c6 (0x01a64633) x12 0x0000000000000011
core   0: 0x00000000800052ca (0x4093541b) sraiw   s0, t1, 9
core   0: 1 0x00000000800052ca (0x4093541b) x8  0x0000000000000000
core   0: 0x00000000800052ce (0x2ac093d3) fmax.d  ft7, ft1, fa2
core   0: 1 0x00000000800052ce (0x2ac093d3) f7  0x3ff0000000000000
core   0: 0x00000000800052d2 (0x00001d46) c.slli  s10, 49
core   0: 1 0x00000000800052d2 (0x1d46) x26 0x0000000000000000
core   0: 0x00000000800052d4 (0x00000001) c.nop
core   0: 1 0x00000000800052d4 (0x0001)
core   0: 0x00000000800052d6 (0xe20c94d3) fclass.d s1, fs9
core   0: 1 0x00000000800052d6 (0xe20c94d3) x9  0x0000000000000200
core   0: 0x00000000800052da (0x000094ba) c.add   s1, a4
core   0: 1 0x00000000800052da (0x94ba) x9  0x0000000000000202
core   0: 0x00000000800052dc (0x43f45913) srai    s2, s0, 63
core   0: 1 0x00000000800052dc (0x43f45913) x18 0x0000000000000000
core   0: 0x00000000800052e0 (0x2ad484d3) fmin.d  fs1, fs1, fa3
core   0: 1 0x00000000800052e0 (0x2ad484d3) f9  0xc1dfffed11800000
core   0: 0x00000000800052e4 (0xfff40c1b) addiw   s8, s0, -1
core   0: 1 0x00000000800052e4 (0xfff40c1b) x24 0xffffffffffffffff
core   0: 0x00000000800052e8 (0x4185db3b) sraw    s6, a1, s8
core   0: 1 0x00000000800052e8 (0x4185db3b) x22 0xffffffffffffffff
core   0: 0x00000000800052ec (0x5a067953) fsqrt.d fs2, fa2
core   0: 1 0x00000000800052ec (0x5a067953) f18 0x3ff0000000000000
core   0: 0x00000000800052f0 (0xd23df253) fcvt.d.lu ft4, s11
core   0: 1 0x00000000800052f0 (0xd23df253) f4  0x0000000000000000
core   0: 0x00000000800052f4 (0x038ffd53) fadd.d  fs10, ft11, fs8
core   0: 1 0x00000000800052f4 (0x038ffd53) f26 0x7ff8000000000000
core   0: 0x00000000800052f8 (0x00658db3) add     s11, a1, t1
core   0: 1 0x00000000800052f8 (0x00658db3) x27 0x00000000f1339feb
core   0: 0x00000000800052fc (0x0ff0000f) fence   iorw,iorw
core   0: 1 0x00000000800052fc (0x0ff0000f)
core   0: 0x0000000080005300 (0xc201f053) fcvt.w.d zero, ft3
core   0: 1 0x0000000080005300 (0xc201f053)
core   0: 0x0000000080005304 (0x00943837) lui     a6, 0x943
core   0: 1 0x0000000080005304 (0x00943837) x16 0x0000000000943000
core   0: 0x0000000080005308 (0x32f8081b) addiw   a6, a6, 815
core   0: 1 0x0000000080005308 (0x32f8081b) x16 0x000000000094332f
core   0: 0x000000008000530c (0x00000832) c.slli  a6, 12
core   0: 1 0x000000008000530c (0x0832) x16 0x000000094332f000
core   0: 0x000000008000530e (0x6ef80813) addi    a6, a6, 1775
core   0: 1 0x000000008000530e (0x6ef80813) x16 0x000000094332f6ef
core   0: 0x0000000080005312 (0x038c2233) mulhsu  tp, s8, s8
core   0: 1 0x0000000080005312 (0x038c2233) x4  0xffffffffffffffff
core   0: 0x0000000080005316 (0xfa472137) lui     sp, 0xfa472
core   0: 1 0x0000000080005316 (0xfa472137) x2  0xfffffffffa472000
core   0: 0x000000008000531a (0xee91011b) addiw   sp, sp, -279
core   0: 1 0x000000008000531a (0xee91011b) x2  0xfffffffffa471ee9
core   0: 0x000000008000531e (0x00000132) c.slli  sp, 12
core   0: 1 0x000000008000531e (0x0132) x2  0xffffffa471ee9000
core   0: 0x0000000080005320 (0x4cc10113) addi    sp, sp, 1228
core   0: 1 0x0000000080005320 (0x4cc10113) x2  0xffffffa471ee94cc
core   0: 0x0000000080005324 (0xd2327253) fcvt.d.lu ft4, tp
core   0: 1 0x0000000080005324 (0xd2327253) c1_fflags 0x0000000000000001 f4  0x43f0000000000000
core   0: 0x0000000080005328 (0x43c15213) srai    tp, sp, 60
core   0: 1 0x0000000080005328 (0x43c15213) x4  0xffffffffffffffff
core   0: 0x000000008000532c (0x6d0e7817) auipc   a6, 0x6d0e7
core   0: 1 0x000000008000532c (0x6d0e7817) x16 0x00000000ed0ec32c
core   0: 0x0000000080005330 (0x225273cb) fnmsub.d ft7, ft4, ft5, ft4
core   0: 1 0x0000000080005330 (0x225273cb) f7  0x7ff8000000000000
core   0: 0x0000000080005334 (0x1a5979d3) fdiv.d  fs3, fs2, ft5
core   0: 1 0x0000000080005334 (0x1a5979d3) f19 0x7ff8000000000000
core   0: 0x0000000080005338 (0x1858cd17) auipc   s10, 0x1858c
core   0: 1 0x0000000080005338 (0x1858cd17) x26 0x0000000098591338
core   0: 0x000000008000533c (0x22030353) fsgnj.d ft6, ft6, ft0
core   0: 1 0x000000008000533c (0x22030353) f6  0x7ff8000000000000
core   0: 0x0000000080005340 (0x014d25b3) slt     a1, s10, s4
core   0: 1 0x0000000080005340 (0x014d25b3) x11 0x0000000000000000
core   0: 0x0000000080005344 (0x001592f3) csrrw   t0, fflags, a1
core   0: 1 0x0000000080005344 (0x001592f3) x5  0x0000000000000001 c1_fflags 0x0000000000000000
core   0: 0x0000000080005348 (0x0002889b) sext.w  a7, t0
core   0: 1 0x0000000080005348 (0x0002889b) x17 0x0000000000000001
core   0: 0x000000008000534c (0x7ff03013) sltiu   zero, zero, 2047
core   0: 1 0x000000008000534c (0x7ff03013)
core   0: 0x0000000080005350 (0x01d077b3) and     a5, zero, t4
core   0: 1 0x0000000080005350 (0x01d077b3) x15 0x0000000000000000
core   0: 0x0000000080005354 (0xc203f6d3) fcvt.w.d a3, ft7
core   0: 1 0x0000000080005354 (0xc203f6d3) c1_fflags 0x0000000000000010 x13 0x000000007fffffff
core   0: 0x0000000080005358 (0x4027573b) sraw    a4, a4, sp
core   0: 1 0x0000000080005358 (0x4027573b) x14 0x0000000000000000
core   0: 0x000000008000535c (0x02e703bb) mulw    t2, a4, a4
core   0: 1 0x000000008000535c (0x02e703bb) x7  0x0000000000000000
core   0: 0x0000000080005360 (0xc2327353) fcvt.lu.d t1, ft4
core   0: 1 0x0000000080005360 (0xc2327353) c1_fflags 0x0000000000000010 x6  0xffffffffffffffff
core   0: 0x0000000080005364 (0x2b130553) fmin.d  fa0, ft6, fa7
core   0: 1 0x0000000080005364 (0x2b130553) f10 0x7ff8000000000000
core   0: 0x0000000080005368 (0xd23a7753) fcvt.d.lu fa4, s4
core   0: 1 0x0000000080005368 (0xd23a7753) c1_fflags 0x0000000000000011 f14 0x43f0000000000000
core   0: 0x000000008000536c (0x0012d29b) srliw   t0, t0, 1
core   0: 1 0x000000008000536c (0x0012d29b) x5  0x0000000000000000
core   0: 0x0000000080005370 (0x36d0e093) ori     ra, ra, 877
core   0: 1 0x0000000080005370 (0x36d0e093) x1  0x000000008000437d
core   0: 0x0000000080005374 (0x019486bb) addw    a3, s1, s9
core   0: 1 0x0000000080005374 (0x019486bb) x13 0xffffffff80000201
core   0: 0x0000000080005378 (0x01ccc733) xor     a4, s9, t3
core   0: 1 0x0000000080005378 (0x01ccc733) x14 0x000000007fffffff
core   0: 0x000000008000537c (0x001e1c1b) slliw   s8, t3, 1
core   0: 1 0x000000008000537c (0x001e1c1b) x24 0x0000000000000000
core   0: 0x0000000080005380 (0x00000001) c.nop
core   0: 1 0x0000000080005380 (0x0001)
core   0: 0x0000000080005382 (0x43fbd593) srai    a1, s7, 63
core   0: 1 0x0000000080005382 (0x43fbd593) x11 0x0000000000000000
core   0: 0x0000000080005386 (0x40565633) sra     a2, a2, t0
core   0: 1 0x0000000080005386 (0x40565633) x12 0x0000000000000011
core   0: 0x000000008000538a (0x0352023b) mulw    tp, tp, s5
core   0: 1 0x000000008000538a (0x0352023b) x4  0x0000000000000000
core   0: 0x000000008000538e (0xa36387d3) fle.d   a5, ft7, fs6
core   0: 1 0x000000008000538e (0xa36387d3) c1_fflags 0x0000000000000011 x15 0x0000000000000000
core   0: 0x0000000080005392 (0x01a454b3) srl     s1, s0, s10
core   0: 1 0x0000000080005392 (0x01a454b3) x9  0x0000000000000000
core   0: 0x0000000080005396 (0xcbd45bb7) lui     s7, 0xcbd45
core   0: 1 0x0000000080005396 (0xcbd45bb7) x23 0xffffffffcbd45000
core   0: 0x000000008000539a (0x0011fb13) andi    s6, gp, 1
core   0: 1 0x000000008000539a (0x0011fb13) x22 0x0000000000000000
core   0: 0x000000008000539e (0xc02b7353) fcvt.l.s t1, fs6
core   0: 1 0x000000008000539e (0xc02b7353) c1_fflags 0x0000000000000011 x6  0x7fffffffffffffff
core   0: 0x00000000800053a2 (0x223e00d3) fsgnj.d ft1, ft8, ft3
core   0: 1 0x00000000800053a2 (0x223e00d3) f1  0x7fffffff41980000
core   0: 0x00000000800053a6 (0xc7e0d797) auipc   a5, 0xc7e0d
core   0: 1 0x00000000800053a6 (0xc7e0d797) x15 0x0000000047e123a6
core   0: 0x00000000800053aa (0xc2157cd3) fcvt.wu.d s9, fa0
core   0: 1 0x00000000800053aa (0xc2157cd3) c1_fflags 0x0000000000000011 x25 0xffffffffffffffff
core   0: 0x00000000800053ae (0x41a28d3b) subw    s10, t0, s10
core   0: 1 0x00000000800053ae (0x41a28d3b) x26 0x0000000067a6ecc8
core   0: 0x00000000800053b2 (0x0193143b) sllw    s0, t1, s9
core   0: 1 0x00000000800053b2 (0x0193143b) x8  0xffffffff80000000
core   0: 0x00000000800053b6 (0x435d5713) srai    a4, s10, 53
core   0: 1 0x00000000800053b6 (0x435d5713) x14 0x0000000000000000
core   0: 0x00000000800053ba (0x01ca6533) or      a0, s4, t3
core   0: 1 0x00000000800053ba (0x01ca6533) x10 0xffffffffffffffff
core   0: 0x00000000800053be (0x7ffdf313) andi    t1, s11, 2047
core   0: 1 0x00000000800053be (0x7ffdf313) x6  0x00000000000007eb
core   0: 0x00000000800053c2 (0x420687d3) fcvt.d.s fa5, fa3
core   0: 1 0x00000000800053c2 (0x420687d3) f15 0x7ff8000000000000
core   0: 0x00000000800053c6 (0x7b36fc47) fmsub.d fs8, fa3, fs3, fa5
core   0: 1 0x00000000800053c6 (0x7b36fc47) f24 0x7ff8000000000000
core   0: 0x00000000800053ca (0x9bf5f5c7) fmsub.d fa1, fa1, ft11, fs3
core   0: 1 0x00000000800053ca (0x9bf5f5c7) f11 0x7ff8000000000000
core   0: 0x00000000800053ce (0xc22976d3) fcvt.l.d a3, fs2
core   0: 1 0x00000000800053ce (0xc22976d3) x13 0x0000000000000001
core   0: 0x00000000800053d2 (0xc239fe53) fcvt.lu.d t3, fs3
core   0: 1 0x00000000800053d2 (0xc239fe53) c1_fflags 0x0000000000000011 x28 0xffffffffffffffff
core   0: 0x00000000800053d6 (0x0ff0000f) fence   iorw,iorw
core   0: 1 0x00000000800053d6 (0x0ff0000f)
core   0: 0x00000000800053da (0x16bc8d37) lui     s10, 0x16bc8
core   0: 1 0x00000000800053da (0x16bc8d37) x26 0x0000000016bc8000
core   0: 0x00000000800053de (0x0364543b) divuw   s0, s0, s6
core   0: 1 0x00000000800053de (0x0364543b) x8  0xffffffffffffffff
core   0: 0x00000000800053e2 (0x03c31733) mulh    a4, t1, t3
core   0: 1 0x00000000800053e2 (0x03c31733) x14 0xffffffffffffffff
core   0: 0x00000000800053e6 (0xbb7ef7cb) fnmsub.d fa5, ft9, fs7, fs7
core   0: 1 0x00000000800053e6 (0xbb7ef7cb) f15 0x7ff8000000000000
core   0: 0x00000000800053ea (0x009ce333) or      t1, s9, s1
core   0: 1 0x00000000800053ea (0x009ce333) x6  0xffffffffffffffff
core   0: 0x00000000800053ee (0x42095b93) srai    s7, s2, 32
core   0: 1 0x00000000800053ee (0x42095b93) x23 0x0000000000000000
core   0: 0x00000000800053f2 (0x40f3593b) sraw    s2, t1, a5
core   0: 1 0x00000000800053f2 (0x40f3593b) x18 0xffffffffffffffff
core   0: 0x00000000800053f6 (0x03bbcbbb) divw    s7, s7, s11
core   0: 1 0x00000000800053f6 (0x03bbcbbb) x23 0x0000000000000000
core   0: 0x00000000800053fa (0x7ffd4d93) xori    s11, s10, 2047
core   0: 1 0x00000000800053fa (0x7ffd4d93) x27 0x0000000016bc87ff
core   0: 0x00000000800053fe (0x00e4093b) addw    s2, s0, a4
core   0: 1 0x00000000800053fe (0x00e4093b) x18 0xfffffffffffffffe
core   0: 0x0000000080005402 (0x01dd1eb3) sll     t4, s10, t4
core   0: 1 0x0000000080005402 (0x01dd1eb3) x29 0x0000000016bc8000
core   0: 0x0000000080005406 (0x02e3fc33) remu    s8, t2, a4
core   0: 1 0x0000000080005406 (0x02e3fc33) x24 0x0000000000000000
core   0: 0x000000008000540a (0x00aad513) srli    a0, s5, 10
core   0: 1 0x000000008000540a (0x00aad513) x10 0x0000000000000000
core   0: 0x000000008000540e (0x00202073) csrrs   zero, frm, zero
core   0: 1 0x000000008000540e (0x00202073)
core   0: 0x0000000080005412 (0x1b29f3d3) fdiv.d  ft7, fs3, fs2
core   0: 1 0x0000000080005412 (0x1b29f3d3) f7  0x7ff8000000000000
core   0: 0x0000000080005416 (0x52a3fe4b) fnmsub.d ft8, ft7, fa0, fa0
core   0: 1 0x0000000080005416 (0x52a3fe4b) f28 0x7ff8000000000000
core   0: 0x000000008000541a (0x1af8fd53) fdiv.d  fs10, fa7, fa5
core   0: 1 0x000000008000541a (0x1af8fd53) f26 0x7ff8000000000000
core   0: 0x000000008000541e (0x02a01eb3) mulh    t4, zero, a0
core   0: 1 0x000000008000541e (0x02a01eb3) x29 0x0000000000000000
core   0: 0x0000000080005422 (0x0210f7b3) remu    a5, ra, ra
core   0: 1 0x0000000080005422 (0x0210f7b3) x15 0x0000000000000000
core   0: 0x0000000080005426 (0x00000001) c.nop
core   0: 1 0x0000000080005426 (0x0001)
core   0: 0x0000000080005428 (0xba92f2c7) fmsub.d ft5, ft5, fs1, fs7
core   0: 1 0x0000000080005428 (0xba92f2c7) f5  0x7ff8000000000000
core   0: 0x000000008000542c (0x001b7513) andi    a0, s6, 1
core   0: 1 0x000000008000542c (0x001b7513) x10 0x0000000000000000
core   0: 0x0000000080005430 (0x4123d4b3) sra     s1, t2, s2
core   0: 1 0x0000000080005430 (0x4123d4b3) x9  0x0000000000000000
core   0: 0x0000000080005434 (0x0013531b) srliw   t1, t1, 1
core   0: 1 0x0000000080005434 (0x0013531b) x6  0x000000007fffffff
core   0: 0x0000000080005438 (0x024dc233) div     tp, s11, tp
core   0: 1 0x0000000080005438 (0x024dc233) x4  0xffffffffffffffff
core   0: 0x000000008000543c (0x0ff0000f) fence   iorw,iorw
core   0: 1 0x000000008000543c (0x0ff0000f)
core   0: 0x0000000080005440 (0x01877733) and     a4, a4, s8
core   0: 1 0x0000000080005440 (0x01877733) x14 0x0000000000000000
core   0: 0x0000000080005444 (0x00eed63b) srlw    a2, t4, a4
core   0: 1 0x0000000080005444 (0x00eed63b) x12 0x0000000000000000
core   0: 0x0000000080005448 (0xd23779d3) fcvt.d.lu fs3, a4
core   0: 1 0x0000000080005448 (0xd23779d3) f19 0x0000000000000000
core   0: 0x000000008000544c (0x01f3531b) srliw   t1, t1, 31
core   0: 1 0x000000008000544c (0x01f3531b) x6  0x0000000000000000
core   0: 0x0000000080005450 (0x00202473) csrrs   s0, frm, zero
core   0: 1 0x0000000080005450 (0x00202473) x8  0x0000000000000000
core   0: 0x0000000080005454 (0x001028f3) csrrs   a7, fflags, zero
core   0: 1 0x0000000080005454 (0x001028f3) x17 0x0000000000000011
core   0: 0x0000000080005458 (0x01089c3b) sllw    s8, a7, a6
core   0: 1 0x0000000080005458 (0x01089c3b) x24 0x0000000000011000
core   0: 0x000000008000545c (0x40f9ce93) xori    t4, s3, 1039
core   0: 1 0x000000008000545c (0x40f9ce93) x29 0x000000000000040f
core   0: 0x0000000080005460 (0xf2098ed3) fmv.d.x ft9, s3
core   0: 1 0x0000000080005460 (0xf2098ed3) f29 0x0000000000000000
core   0: 0x0000000080005464 (0x00c01233) sll     tp, zero, a2
core   0: 1 0x0000000080005464 (0x00c01233) x4  0x0000000000000000
core   0: 0x0000000080005468 (0x0054d9bb) srlw    s3, s1, t0
core   0: 1 0x0000000080005468 (0x0054d9bb) x19 0x0000000000000000
core   0: 0x000000008000546c (0x013917b3) sll     a5, s2, s3
core   0: 1 0x000000008000546c (0x013917b3) x15 0xfffffffffffffffe
core   0: 0x0000000080005470 (0x0339c433) div     s0, s3, s3
core   0: 1 0x0000000080005470 (0x0339c433) x8  0xffffffffffffffff
core   0: 0x0000000080005474 (0xf11a1673) csrrw   a2, mvendorid, s4
core   0: exception trap_illegal_instruction, epc 0x0000000080005474
core   0:           tval 0x00000000f11a1673
core   0: >>>>  $xrv64i2p1_m2p0_a2p1_f2p2_d2p2_zicsr2p0_zifencei2p0_zmmul1p0_zba1p0_zbb1p0_zbc1p0_zbs1p0
core   0: 0x0000000080004000 (0x0080006f) j       pc + 0x8
core   0: 3 0x0000000080004000 (0x0080006f)
core   0: >>>>  mmode_exception_handler
core   0: 0x0000000080004008 (0x00002c17) auipc   s8, 0x2
core   0: 3 0x0000000080004008 (0x00002c17) x24 0x0000000080006008
core   0: 0x000000008000400c (0xfe6c0c13) addi    s8, s8, -26
core   0: 3 0x000000008000400c (0xfe6c0c13) x24 0x0000000080005fee
core   0: 0x0000000080004010 (0x000c00e7) jalr    s8
core   0: 3 0x0000000080004010 (0x000c00e7) x1  0x0000000080004014
core   0: >>>>  any_handler
core   0: 0x0000000080005fee (0x341027f3) csrrs   a5, mepc, zero
core   0: 3 0x0000000080005fee (0x341027f3) x15 0x0000000080005474
core   0: 0x0000000080005ff2 (0x34202773) csrrs   a4, mcause, zero
core   0: 3 0x0000000080005ff2 (0x34202773) x14 0x0000000000000002
core   0: 0x0000000080005ff6 (0x142026f3) csrrs   a3, scause, zero
core   0: 3 0x0000000080005ff6 (0x142026f3) x13 0x0000000000000000
core   0: 0x0000000080005ffa (0x30402673) csrrs   a2, mie, zero
core   0: 3 0x0000000080005ffa (0x30402673) x12 0x0000000000000a00
core   0: 0x0000000080005ffe (0x344025f3) csrrs   a1, mip, zero
core   0: 3 0x0000000080005ffe (0x344025f3) x11 0x0000000000000080
core   0: 0x0000000080006002 (0x343025f3) csrrs   a1, mtval, zero
core   0: 3 0x0000000080006002 (0x343025f3) x11 0x00000000f11a1673
core   0: 0x0000000080006006 (0x14302573) csrrs   a0, stval, zero
core   0: 3 0x0000000080006006 (0x14302573) x10 0x0000000000000000
core   0: 0x000000008000600a (0xb02024f3) csrrs   s1, minstret, zero
core   0: 3 0x000000008000600a (0xb02024f3) x9  0x0000000000000e62
core   0: 0x000000008000600e (0x0000a811) c.j     pc + 20
core   0: 3 0x000000008000600e (0xa811)
core   0: >>>>  mepc_4
core   0: 0x0000000080006022 (0x00000791) c.addi  a5, 4
core   0: 3 0x0000000080006022 (0x0791) x15 0x0000000080005478
core   0: 0x0000000080006024 (0x34179073) csrrw   zero, mepc, a5
core   0: 3 0x0000000080006024 (0x34179073) c833_mepc 0x0000000080005478
core   0: 0x0000000080006028 (0x30200073) mret
core   0: 3 0x0000000080006028 (0x30200073) c768_mstatus 0x8000000a00106080
core   0: 0x0000000080005478 (0x008a4033) xor     zero, s4, s0
core   0: 1 0x0000000080005478 (0x008a4033)
core   0: 0x000000008000547c (0x0a94fb53) fsub.d  fs6, fs1, fs1
core   0: 1 0x000000008000547c (0x0a94fb53) f22 0x0000000000000000
core   0: 0x0000000080005480 (0xc024f9d3) fcvt.l.s s3, fs1
core   0: 1 0x0000000080005480 (0xc024f9d3) c1_fflags 0x0000000000000011 x19 0x7fffffffffffffff
core   0: 0x0000000080005484 (0x0ff0000f) fence   iorw,iorw
core   0: 1 0x0000000080005484 (0x0ff0000f)
core   0: 0x0000000080005488 (0xc2307a53) fcvt.lu.d s4, ft0
core   0: 1 0x0000000080005488 (0xc2307a53) c1_fflags 0x0000000000000011 x20 0x0000000000000100
core   0: 0x000000008000548c (0xfff1f793) andi    a5, gp, -1
core   0: 1 0x000000008000548c (0xfff1f793) x15 0x0000000000000018
core   0: 0x0000000080005490 (0x0000880e) c.mv    a6, gp
core   0: 1 0x0000000080005490 (0x880e) x16 0x0000000000000018
core   0: 0x0000000080005492 (0x1284f453) fmul.d  fs0, fs1, fs0
core   0: 1 0x0000000080005492 (0x1284f453) f8  0x8000000000000000
core   0: 0x0000000080005496 (0x03181bb3) mulh    s7, a6, a7
core   0: 1 0x0000000080005496 (0x03181bb3) x23 0x0000000000000000
core   0: 0x000000008000549a (0x01999d93) slli    s11, s3, 25
core   0: 1 0x000000008000549a (0x01999d93) x27 0xfffffffffe000000
core   0: 0x000000008000549e (0xfff06013) ori     zero, zero, -1
core   0: 1 0x000000008000549e (0xfff06013)
core   0: 0x00000000800054a2 (0x0326853b) mulw    a0, a3, s2
core   0: 1 0x00000000800054a2 (0x0326853b) x10 0x0000000000000000
core   0: 0x00000000800054a6 (0xc05f72f3) csrrci  t0, hpmcounter5, 30
core   0: exception trap_illegal_instruction, epc 0x00000000800054a6
core   0:           tval 0x00000000c05f72f3
core   0: >>>>  $xrv64i2p1_m2p0_a2p1_f2p2_d2p2_zicsr2p0_zifencei2p0_zmmul1p0_zba1p0_zbb1p0_zbc1p0_zbs1p0
core   0: 0x0000000080004000 (0x0080006f) j       pc + 0x8
core   0: 3 0x0000000080004000 (0x0080006f)
core   0: >>>>  mmode_exception_handler
core   0: 0x0000000080004008 (0x00002c17) auipc   s8, 0x2
core   0: 3 0x0000000080004008 (0x00002c17) x24 0x0000000080006008
core   0: 0x000000008000400c (0xfe6c0c13) addi    s8, s8, -26
core   0: 3 0x000000008000400c (0xfe6c0c13) x24 0x0000000080005fee
core   0: 0x0000000080004010 (0x000c00e7) jalr    s8
core   0: 3 0x0000000080004010 (0x000c00e7) x1  0x0000000080004014
core   0: >>>>  any_handler
core   0: 0x0000000080005fee (0x341027f3) csrrs   a5, mepc, zero
core   0: 3 0x0000000080005fee (0x341027f3) x15 0x00000000800054a6
core   0: 0x0000000080005ff2 (0x34202773) csrrs   a4, mcause, zero
core   0: 3 0x0000000080005ff2 (0x34202773) x14 0x0000000000000002
core   0: 0x0000000080005ff6 (0x142026f3) csrrs   a3, scause, zero
core   0: 3 0x0000000080005ff6 (0x142026f3) x13 0x0000000000000000
core   0: 0x0000000080005ffa (0x30402673) csrrs   a2, mie, zero
core   0: 3 0x0000000080005ffa (0x30402673) x12 0x0000000000000a00
core   0: 0x0000000080005ffe (0x344025f3) csrrs   a1, mip, zero
core   0: 3 0x0000000080005ffe (0x344025f3) x11 0x0000000000000080
core   0: 0x0000000080006002 (0x343025f3) csrrs   a1, mtval, zero
core   0: 3 0x0000000080006002 (0x343025f3) x11 0x00000000c05f72f3
core   0: 0x0000000080006006 (0x14302573) csrrs   a0, stval, zero
core   0: 3 0x0000000080006006 (0x14302573) x10 0x0000000000000000
core   0: 0x000000008000600a (0xb02024f3) csrrs   s1, minstret, zero
core   0: 3 0x000000008000600a (0xb02024f3) x9  0x0000000000000e7e
core   0: 0x000000008000600e (0x0000a811) c.j     pc + 20
core   0: 3 0x000000008000600e (0xa811)
core   0: >>>>  mepc_4
core   0: 0x0000000080006022 (0x00000791) c.addi  a5, 4
core   0: 3 0x0000000080006022 (0x0791) x15 0x00000000800054aa
core   0: 0x0000000080006024 (0x34179073) csrrw   zero, mepc, a5
core   0: 3 0x0000000080006024 (0x34179073) c833_mepc 0x00000000800054aa
core   0: 0x0000000080006028 (0x30200073) mret
core   0: 3 0x0000000080006028 (0x30200073) c768_mstatus 0x8000000a00106080
core   0: 0x00000000800054aa (0x0013191b) slliw   s2, t1, 1
core   0: 1 0x00000000800054aa (0x0013191b) x18 0x0000000000000000
core   0: 0x00000000800054ae (0x00082d13) slti    s10, a6, 0
core   0: 1 0x00000000800054ae (0x00082d13) x26 0x0000000000000000
core   0: 0x00000000800054b2 (0xf64f2c37) lui     s8, 0xf64f2
core   0: 1 0x00000000800054b2 (0xf64f2c37) x24 0xfffffffff64f2000
core   0: 0x00000000800054b6 (0x01b208bb) addw    a7, tp, s11
core   0: 1 0x00000000800054b6 (0x01b208bb) x17 0xfffffffffe000000
core   0: 0x00000000800054ba (0x011d11bb) sllw    gp, s10, a7
core   0: 1 0x00000000800054ba (0x011d11bb) x3  0x0000000000000000
core   0: 0x00000000800054be (0xdae7fdc3) fmadd.d fs11, fa5, fa4, fs11
core   0: 1 0x00000000800054be (0xdae7fdc3) f27 0x7ff8000000000000
core   0: 0x00000000800054c2 (0x0a17f793) andi    a5, a5, 161
core   0: 1 0x00000000800054c2 (0x0a17f793) x15 0x00000000000000a0
core   0: 0x00000000800054c6 (0x03b682bb) mulw    t0, a3, s11
core   0: 1 0x00000000800054c6 (0x03b682bb) x5  0x0000000000000000
core   0: 0x00000000800054ca (0x005c0333) add     t1, s8, t0
core   0: 1 0x00000000800054ca (0x005c0333) x6  0xfffffffff64f2000
core   0: 0x00000000800054ce (0x026b68b3) rem     a7, s6, t1
core   0: 1 0x00000000800054ce (0x026b68b3) x17 0x0000000000000000
core   0: 0x00000000800054d2 (0x011dc733) xor     a4, s11, a7
core   0: 1 0x00000000800054d2 (0x011dc733) x14 0xfffffffffe000000
core   0: 0x00000000800054d6 (0xc21df653) fcvt.wu.d a2, fs11
core   0: 1 0x00000000800054d6 (0xc21df653) c1_fflags 0x0000000000000011 x12 0xffffffffffffffff
core   0: 0x00000000800054da (0x0020521b) srliw   tp, zero, 2
core   0: 1 0x00000000800054da (0x0020521b) x4  0x0000000000000000
core   0: 0x00000000800054de (0xd2180e53) fcvt.d.wu ft8, a6
core   0: 1 0x00000000800054de (0xd2180e53) f28 0x4038000000000000
core   0: 0x00000000800054e2 (0x02dc9793) slli    a5, s9, 45
core   0: 1 0x00000000800054e2 (0x02dc9793) x15 0xffffe00000000000
core   0: 0x00000000800054e6 (0x222328d3) fsgnjx.d fa7, ft6, ft2
core   0: 1 0x00000000800054e6 (0x222328d3) f17 0x7ff8000000000000
core   0: 0x00000000800054ea (0x02f205bb) mulw    a1, tp, a5
core   0: 1 0x00000000800054ea (0x02f205bb) x11 0x0000000000000000
core   0: 0x00000000800054ee (0x00bbcbb3) xor     s7, s7, a1
core   0: 1 0x00000000800054ee (0x00bbcbb3) x23 0x0000000000000000
core   0: 0x00000000800054f2 (0xe20309d3) fmv.x.d s3, ft6
core   0: 1 0x00000000800054f2 (0xe20309d3) x19 0x7ff8000000000000
core   0: 0x00000000800054f6 (0x038a5dbb) divuw   s11, s4, s8
core   0: 1 0x00000000800054f6 (0x038a5dbb) x27 0x0000000000000000
core   0: 0x00000000800054fa (0x0217d913) srli    s2, a5, 33
core   0: 1 0x00000000800054fa (0x0217d913) x18 0x000000007ffff000
core   0: 0x00000000800054fe (0x00bc873b) addw    a4, s9, a1
core   0: 1 0x00000000800054fe (0x00bc873b) x14 0xffffffffffffffff
core   0: 0x0000000080005502 (0x00191cb3) sll     s9, s2, ra
core   0: 1 0x0000000080005502 (0x00191cb3) x25 0x0007ffff00000000
core   0: 0x0000000080005506 (0x02854cb3) div     s9, a0, s0
core   0: 1 0x0000000080005506 (0x02854cb3) x25 0x0000000000000000
core   0: 0x000000008000550a (0x7ffd0993) addi    s3, s10, 2047
core   0: 1 0x000000008000550a (0x7ffd0993) x19 0x00000000000007ff
core   0: 0x000000008000550e (0x2b030f53) fmin.d  ft10, ft6, fa6
core   0: 1 0x000000008000550e (0x2b030f53) f30 0x3ff0000000000000
core   0: 0x0000000080005512 (0x001cc793) xori    a5, s9, 1
core   0: 1 0x0000000080005512 (0x001cc793) x15 0x0000000000000001
core   0: 0x0000000080005516 (0x4136dabb) sraw    s5, a3, s3
core   0: 1 0x0000000080005516 (0x4136dabb) x21 0x0000000000000000
core   0: 0x000000008000551a (0x23100c53) fsgnj.d fs8, ft0, fa7
core   0: 1 0x000000008000551a (0x23100c53) f24 0x40700007e8ba0b70
core   0: 0x000000008000551e (0x42088053) fcvt.d.s ft0, fa7
core   0: 1 0x000000008000551e (0x42088053) f0  0x7ff8000000000000
core   0: 0x0000000080005522 (0x4103deb3) sra     t4, t2, a6
core   0: 1 0x0000000080005522 (0x4103deb3) x29 0x0000000000000000
core   0: 0x0000000080005526 (0x1209f2d3) fmul.d  ft5, fs3, ft0
core   0: 1 0x0000000080005526 (0x1209f2d3) f5  0x7ff8000000000000
core   0: 0x000000008000552a (0xd23874d3) fcvt.d.lu fs1, a6
core   0: 1 0x000000008000552a (0xd23874d3) f9  0x4038000000000000
core   0: 0x000000008000552e (0xd026f0d3) fcvt.s.l ft1, a3
core   0: 1 0x000000008000552e (0xd026f0d3) f1  0xffffffff00000000
core   0: 0x0000000080005532 (0x02ad4d3b) divw    s10, s10, a0
core   0: 1 0x0000000080005532 (0x02ad4d3b) x26 0xffffffffffffffff
core   0: 0x0000000080005536 (0x0008dd93) srli    s11, a7, 0
core   0: 1 0x0000000080005536 (0x0008dd93) x27 0x0000000000000000
core   0: 0x000000008000553a (0x02d77b33) remu    s6, a4, a3
core   0: 1 0x000000008000553a (0x02d77b33) x22 0xffffffffffffffff
core   0: 0x000000008000553e (0x00000001) c.nop
core   0: 1 0x000000008000553e (0x0001)
core   0: 0x0000000080005540 (0xa6a149b7) lui     s3, 0xa6a14
core   0: 1 0x0000000080005540 (0xa6a149b7) x19 0xffffffffa6a14000
core   0: 0x0000000080005544 (0x2a3a11d3) fmax.d  ft3, fs4, ft3
core   0: 1 0x0000000080005544 (0x2a3a11d3) f3  0x40f0000fd177ffbc
core   0: 0x0000000080005548 (0x00e7173b) sllw    a4, a4, a4
core   0: 1 0x0000000080005548 (0x00e7173b) x14 0xffffffff80000000
core   0: 0x000000008000554c (0x02eefdbb) remuw   s11, t4, a4
core   0: 1 0x000000008000554c (0x02eefdbb) x27 0x0000000000000000
core   0: 0x0000000080005550 (0xd2190253) fcvt.d.wu ft4, s2
core   0: 1 0x0000000080005550 (0xd2190253) f4  0x41dffffc00000000
core   0: 0x0000000080005554 (0x013b9533) sll     a0, s7, s3
core   0: 1 0x0000000080005554 (0x013b9533) x10 0x0000000000000000
core   0: 0x0000000080005558 (0x2a4e9d53) fmax.d  fs10, ft9, ft4
core   0: 1 0x0000000080005558 (0x2a4e9d53) f26 0x41dffffc00000000
core   0: 0x000000008000555c (0x02b165b3) rem     a1, sp, a1
core   0: 1 0x000000008000555c (0x02b165b3) x11 0xffffffa471ee94cc
core   0: 0x0000000080005560 (0x0ff0000f) fence   iorw,iorw
core   0: 1 0x0000000080005560 (0x0ff0000f)
core   0: 0x0000000080005564 (0x0025de93) srli    t4, a1, 2
core   0: 1 0x0000000080005564 (0x0025de93) x29 0x3fffffe91c7ba533
core   0: 0x0000000080005568 (0x0006519b) srliw   gp, a2, 0
core   0: 1 0x0000000080005568 (0x0006519b) x3  0xffffffffffffffff
core   0: 0x000000008000556c (0x00055793) srli    a5, a0, 0
core   0: 1 0x000000008000556c (0x00055793) x15 0x0000000000000000
core   0: 0x0000000080005570 (0x00f2d63b) srlw    a2, t0, a5
core   0: 1 0x0000000080005570 (0x00f2d63b) x12 0x0000000000000000
core   0: 0x0000000080005574 (0x00e4f3b3) and     t2, s1, a4
core   0: 1 0x0000000080005574 (0x00e4f3b3) x7  0x0000000000000000
core   0: 0x0000000080005578 (0x002c1673) csrrw   a2, frm, s8
core   0: 1 0x0000000080005578 (0x002c1673) x12 0x0000000000000000 c2_frm 0x0000000000000000
core   0: 0x000000008000557c (0xc22bfb53) fcvt.l.d s6, fs7
core   0: 1 0x000000008000557c (0xc22bfb53) c1_fflags 0x0000000000000011 x22 0x7fffffffffffffff
core   0: 0x0000000080005580 (0x009b933b) sllw    t1, s7, s1
core   0: 1 0x0000000080005580 (0x009b933b) x6  0x0000000000000000
core   0: 0x0000000080005584 (0xc23bf553) fcvt.lu.d a0, fs7
core   0: 1 0x0000000080005584 (0xc23bf553) c1_fflags 0x0000000000000011 x10 0xffffffffffffffff
core   0: 0x0000000080005588 (0x00075713) srli    a4, a4, 0
core   0: 1 0x0000000080005588 (0x00075713) x14 0xffffffff80000000
core   0: 0x000000008000558c (0x01fa1a1b) slliw   s4, s4, 31
core   0: 1 0x000000008000558c (0x01fa1a1b) x20 0x0000000000000000
core   0: 0x0000000080005590 (0xe8fa0413) addi    s0, s4, -369
core   0: 1 0x0000000080005590 (0xe8fa0413) x8  0xfffffffffffffe8f
core   0: 0x0000000080005594 (0x8dd42c93) slti    s9, s0, -1827
core   0: 1 0x0000000080005594 (0x8dd42c93) x25 0x0000000000000000
core   0: 0x0000000080005598 (0x038e3c33) mulhu   s8, t3, s8
core   0: 1 0x0000000080005598 (0x038e3c33) x24 0xfffffffff64f1fff
core   0: 0x000000008000559c (0x027a5913) srli    s2, s4, 39
core   0: 1 0x000000008000559c (0x027a5913) x18 0x0000000000000000
core   0: 0x00000000800055a0 (0x03771c13) slli    s8, a4, 55
core   0: 1 0x00000000800055a0 (0x03771c13) x24 0x0000000000000000
core   0: 0x00000000800055a4 (0x000add9b) srliw   s11, s5, 0
core   0: 1 0x00000000800055a4 (0x000add9b) x27 0x0000000000000000
core   0: 0x00000000800055a8 (0x030ad633) divu    a2, s5, a6
core   0: 1 0x00000000800055a8 (0x030ad633) x12 0x0000000000000000
core   0: 0x00000000800055ac (0x00529e33) sll     t3, t0, t0
core   0: 1 0x00000000800055ac (0x00529e33) x28 0x0000000000000000
core   0: 0x00000000800055b0 (0xd23e79d3) fcvt.d.lu fs3, t3
core   0: 1 0x00000000800055b0 (0xd23e79d3) f19 0x0000000000000000
core   0: 0x00000000800055b4 (0xd039fb53) fcvt.s.lu fs6, s3
core   0: 1 0x00000000800055b4 (0xd039fb53) c1_fflags 0x0000000000000011 f22 0xffffffff5f800000
core   0: 0x00000000800055b8 (0x002021f3) csrrs   gp, frm, zero
core   0: 1 0x00000000800055b8 (0x002021f3) x3  0x0000000000000000
core   0: 0x00000000800055bc (0xc22cf553) fcvt.l.d a0, fs9
core   0: 1 0x00000000800055bc (0xc22cf553) c1_fflags 0x0000000000000011 x10 0x7fffffffffffffff
core   0: 0x00000000800055c0 (0x03c544b3) div     s1, a0, t3
core   0: 1 0x00000000800055c0 (0x03c544b3) x9  0xffffffffffffffff
core   0: 0x00000000800055c4 (0x2aad10d3) fmax.d  ft1, fs10, fa0
core   0: 1 0x00000000800055c4 (0x2aad10d3) f1  0x41dffffc00000000
core   0: 0x00000000800055c8 (0x41a3d393) srai    t2, t2, 26
core   0: 1 0x00000000800055c8 (0x41a3d393) x7  0x0000000000000000
core   0: 0x00000000800055cc (0x0024fb33) and     s6, s1, sp
core   0: 1 0x00000000800055cc (0x0024fb33) x22 0xffffffa471ee94cc
core   0: 0x00000000800055d0 (0x00a790bb) sllw    ra, a5, a0
core   0: 1 0x00000000800055d0 (0x00a790bb) x1  0x0000000000000000
core   0: 0x00000000800055d4 (0xd2357dd3) fcvt.d.lu fs11, a0
core   0: 1 0x00000000800055d4 (0xd2357dd3) c1_fflags 0x0000000000000011 f27 0x43e0000000000000
core   0: 0x00000000800055d8 (0x22108c53) fsgnj.d fs8, ft1, ft1
core   0: 1 0x00000000800055d8 (0x22108c53) f24 0x41dffffc00000000
core   0: 0x00000000800055dc (0x4320d013) srai    zero, ra, 50
core   0: 1 0x00000000800055dc (0x4320d013)
core   0: 0x00000000800055e0 (0x96eb4e93) xori    t4, s6, -1682
core   0: 1 0x00000000800055e0 (0x96eb4e93) x29 0x0000005b8e116da2
core   0: 0x00000000800055e4 (0x52a7fa4f) fnmadd.d fs4, fa5, fa0, fa0
core   0: 1 0x00000000800055e4 (0x52a7fa4f) f20 0x7ff8000000000000
core   0: 0x00000000800055e8 (0x00179273) csrrw   tp, fflags, a5
core   0: 1 0x00000000800055e8 (0x00179273) x4  0x0000000000000011 c1_fflags 0x0000000000000000
core   0: 0x00000000800055ec (0x0249e1b3) rem     gp, s3, tp
core   0: 1 0x00000000800055ec (0x0249e1b3) x3  0xffffffffffffffff
core   0: 0x00000000800055f0 (0x00fc0c3b) addw    s8, s8, a5
core   0: 1 0x00000000800055f0 (0x00fc0c3b) x24 0x0000000000000000
core   0: 0x00000000800055f4 (0x41ded4b3) sra     s1, t4, t4
core   0: 1 0x00000000800055f4 (0x41ded4b3) x9  0x0000000000000016
core   0: 0x00000000800055f8 (0x401a7753) fcvt.s.d fa4, fs4
core   0: 1 0x00000000800055f8 (0x401a7753) f14 0xffffffff7fc00000
core   0: 0x00000000800055fc (0xe20287d3) fmv.x.d a5, ft5
core   0: 1 0x00000000800055fc (0xe20287d3) x15 0x7ff8000000000000
core   0: 0x0000000080005600 (0x2b417147) fmsub.d ft2, ft2, fs4, ft5
core   0: 1 0x0000000080005600 (0x2b417147) f2  0x7ff8000000000000
core   0: 0x0000000080005604 (0x41970cbb) subw    s9, a4, s9
core   0: 1 0x0000000080005604 (0x41970cbb) x25 0xffffffff80000000
core   0: 0x0000000080005608 (0x003dde13) srli    t3, s11, 3
core   0: 1 0x0000000080005608 (0x003dde13) x28 0x0000000000000000
core   0: 0x000000008000560c (0x1388fc53) fmul.d  fs8, fa7, fs8
core   0: 1 0x000000008000560c (0x1388fc53) f24 0x7ff8000000000000
core   0: 0x0000000080005610 (0x2b8c17d3) fmax.d  fa5, fs8, fs8
core   0: 1 0x0000000080005610 (0x2b8c17d3) f15 0x7ff8000000000000
core   0: 0x0000000080005614 (0x0155de9b) srliw   t4, a1, 21
core   0: 1 0x0000000080005614 (0x0155de9b) x29 0x000000000000038f
core   0: 0x0000000080005618 (0x41538abb) subw    s5, t2, s5
core   0: 1 0x0000000080005618 (0x41538abb) x21 0x0000000000000000
core   0: 0x000000008000561c (0xc22978d3) fcvt.l.d a7, fs2
core   0: 1 0x000000008000561c (0xc22978d3) x17 0x0000000000000001
core   0: 0x0000000080005620 (0x002024f3) csrrs   s1, frm, zero
core   0: 1 0x0000000080005620 (0x002024f3) x9  0x0000000000000000
core   0: 0x0000000080005624 (0xd22cf453) fcvt.d.l fs0, s9
core   0: 1 0x0000000080005624 (0xd22cf453) f8  0xc1e0000000000000
core   0: 0x0000000080005628 (0x03bcc23b) divw    tp, s9, s11
core   0: 1 0x0000000080005628 (0x03bcc23b) x4  0xffffffffffffffff
core   0: 0x000000008000562c (0x00000001) c.nop
core   0: 1 0x000000008000562c (0x0001)
core   0: 0x000000008000562e (0x40918e33) sub     t3, gp, s1
core   0: 1 0x000000008000562e (0x40918e33) x28 0xffffffffffffffff
core   0: 0x0000000080005632 (0x00e754b3) srl     s1, a4, a4
core   0: 1 0x0000000080005632 (0x00e754b3) x9  0xffffffff80000000
core   0: 0x0000000080005636 (0x00ee5b3b) srlw    s6, t3, a4
core   0: 1 0x0000000080005636 (0x00ee5b3b) x22 0xffffffffffffffff
core   0: 0x000000008000563a (0x017bd313) srli    t1, s7, 23
core   0: 1 0x000000008000563a (0x017bd313) x6  0x0000000000000000
core   0: 0x000000008000563e (0xd20505d3) fcvt.d.w fa1, a0
core   0: 1 0x000000008000563e (0xd20505d3) f11 0xbff0000000000000
core   0: 0x0000000080005642 (0x006ddabb) srlw    s5, s11, t1
core   0: 1 0x0000000080005642 (0x006ddabb) x21 0x0000000000000000
core   0: 0x0000000080005646 (0x03279013) slli    zero, a5, 50
core   0: 1 0x0000000080005646 (0x03279013)
core   0: 0x000000008000564a (0x40f25233) sra     tp, tp, a5
core   0: 1 0x000000008000564a (0x40f25233) x4  0xffffffffffffffff
core   0: 0x000000008000564e (0x00202ef3) csrrs   t4, frm, zero
core   0: 1 0x000000008000564e (0x00202ef3) x29 0x0000000000000000
core   0: 0x0000000080005652 (0x0109fc33) and     s8, s3, a6
core   0: 1 0x0000000080005652 (0x0109fc33) x24 0x0000000000000000
core   0: 0x0000000080005656 (0x01dec833) xor     a6, t4, t4
core   0: 1 0x0000000080005656 (0x01dec833) x16 0x0000000000000000
core   0: 0x000000008000565a (0x6d3e7613) andi    a2, t3, 1747
core   0: 1 0x000000008000565a (0x6d3e7613) x12 0x00000000000006d3
core   0: 0x000000008000565e (0x220984d3) fsgnj.d fs1, fs3, ft0
core   0: 1 0x000000008000565e (0x220984d3) f9  0x0000000000000000
core   0: 0x0000000080005662 (0xc20e7153) fcvt.w.d sp, ft8
core   0: 1 0x0000000080005662 (0xc20e7153) x2  0x0000000000000018
core   0: 0x0000000080005666 (0x010855bb) srlw    a1, a6, a6
core   0: 1 0x0000000080005666 (0x010855bb) x11 0x0000000000000000
core   0: 0x000000008000566a (0x00385c3b) srlw    s8, a6, gp
core   0: 1 0x000000008000566a (0x00385c3b) x24 0x0000000000000000
core   0: 0x000000008000566e (0x00202a73) csrrs   s4, frm, zero
core   0: 1 0x000000008000566e (0x00202a73) x20 0x0000000000000000
core   0: 0x0000000080005672 (0x00aa529b) srliw   t0, s4, 10
core   0: 1 0x0000000080005672 (0x00aa529b) x5  0x0000000000000000
core   0: 0x0000000080005676 (0x00261673) csrrw   a2, frm, a2
core   0: 1 0x0000000080005676 (0x00261673) x12 0x0000000000000000 c2_frm 0x0000000000000003
core   0: 0x000000008000567a (0x001dd51b) srliw   a0, s11, 1
core   0: 1 0x000000008000567a (0x001dd51b) x10 0x0000000000000000
core   0: 0x000000008000567e (0x410d85bb) subw    a1, s11, a6
core   0: 1 0x000000008000567e (0x410d85bb) x11 0x0000000000000000
core   0: 0x0000000080005682 (0x01b9fdb3) and     s11, s3, s11
core   0: 1 0x0000000080005682 (0x01b9fdb3) x27 0x0000000000000000
core   0: 0x0000000080005686 (0x400859b3) sra     s3, a6, zero
core   0: 1 0x0000000080005686 (0x400859b3) x19 0x0000000000000000
core   0: 0x000000008000568a (0x0209c53b) divw    a0, s3, zero
core   0: 1 0x000000008000568a (0x0209c53b) x10 0xffffffffffffffff
core   0: 0x000000008000568e (0x00b5511b) srliw   sp, a0, 11
core   0: 1 0x000000008000568e (0x00b5511b) x2  0x00000000001fffff
core   0: 0x0000000080005692 (0x00219bf3) csrrw   s7, frm, gp
core   0: 1 0x0000000080005692 (0x00219bf3) x23 0x0000000000000003 c2_frm 0x0000000000000007
core   0: 0x0000000080005696 (0x413a0cb3) sub     s9, s4, s3
core   0: 1 0x0000000080005696 (0x413a0cb3) x25 0x0000000000000000
core   0: 0x000000008000569a (0xc224fb53) fcvt.l.d s6, fs1
core   0: exception trap_illegal_instruction, epc 0x000000008000569a
core   0:           tval 0x00000000c224fb53
core   0: >>>>  $xrv64i2p1_m2p0_a2p1_f2p2_d2p2_zicsr2p0_zifencei2p0_zmmul1p0_zba1p0_zbb1p0_zbc1p0_zbs1p0
core   0: 0x0000000080004000 (0x0080006f) j       pc + 0x8
core   0: 3 0x0000000080004000 (0x0080006f)
core   0: >>>>  mmode_exception_handler
core   0: 0x0000000080004008 (0x00002c17) auipc   s8, 0x2
core   0: 3 0x0000000080004008 (0x00002c17) x24 0x0000000080006008
core   0: 0x000000008000400c (0xfe6c0c13) addi    s8, s8, -26
core   0: 3 0x000000008000400c (0xfe6c0c13) x24 0x0000000080005fee
core   0: 0x0000000080004010 (0x000c00e7) jalr    s8
core   0: 3 0x0000000080004010 (0x000c00e7) x1  0x0000000080004014
core   0: >>>>  any_handler
core   0: 0x0000000080005fee (0x341027f3) csrrs   a5, mepc, zero
core   0: 3 0x0000000080005fee (0x341027f3) x15 0x000000008000569a
core   0: 0x0000000080005ff2 (0x34202773) csrrs   a4, mcause, zero
core   0: 3 0x0000000080005ff2 (0x34202773) x14 0x0000000000000002
core   0: 0x0000000080005ff6 (0x142026f3) csrrs   a3, scause, zero
core   0: 3 0x0000000080005ff6 (0x142026f3) x13 0x0000000000000000
core   0: 0x0000000080005ffa (0x30402673) csrrs   a2, mie, zero
core   0: 3 0x0000000080005ffa (0x30402673) x12 0x0000000000000a00
core   0: 0x0000000080005ffe (0x344025f3) csrrs   a1, mip, zero
core   0: 3 0x0000000080005ffe (0x344025f3) x11 0x0000000000000080
core   0: 0x0000000080006002 (0x343025f3) csrrs   a1, mtval, zero
core   0: 3 0x0000000080006002 (0x343025f3) x11 0x00000000c224fb53
core   0: 0x0000000080006006 (0x14302573) csrrs   a0, stval, zero
core   0: 3 0x0000000080006006 (0x14302573) x10 0x0000000000000000
core   0: 0x000000008000600a (0xb02024f3) csrrs   s1, minstret, zero
core   0: 3 0x000000008000600a (0xb02024f3) x9  0x0000000000000f0b
core   0: 0x000000008000600e (0x0000a811) c.j     pc + 20
core   0: 3 0x000000008000600e (0xa811)
core   0: >>>>  mepc_4
core   0: 0x0000000080006022 (0x00000791) c.addi  a5, 4
core   0: 3 0x0000000080006022 (0x0791) x15 0x000000008000569e
core   0: 0x0000000080006024 (0x34179073) csrrw   zero, mepc, a5
core   0: 3 0x0000000080006024 (0x34179073) c833_mepc 0x000000008000569e
core   0: 0x0000000080006028 (0x30200073) mret
core   0: 3 0x0000000080006028 (0x30200073) c768_mstatus 0x8000000a00106080
core   0: 0x000000008000569e (0x0ff0000f) fence   iorw,iorw
core   0: 1 0x000000008000569e (0x0ff0000f)
core   0: 0x00000000800056a2 (0xc028a973) csrrs   s2, instret, a7
core   0: exception trap_illegal_instruction, epc 0x00000000800056a2
core   0:           tval 0x00000000c028a973
core   0: >>>>  $xrv64i2p1_m2p0_a2p1_f2p2_d2p2_zicsr2p0_zifencei2p0_zmmul1p0_zba1p0_zbb1p0_zbc1p0_zbs1p0
core   0: 0x0000000080004000 (0x0080006f) j       pc + 0x8
core   0: 3 0x0000000080004000 (0x0080006f)
core   0: >>>>  mmode_exception_handler
core   0: 0x0000000080004008 (0x00002c17) auipc   s8, 0x2
core   0: 3 0x0000000080004008 (0x00002c17) x24 0x0000000080006008
core   0: 0x000000008000400c (0xfe6c0c13) addi    s8, s8, -26
core   0: 3 0x000000008000400c (0xfe6c0c13) x24 0x0000000080005fee
core   0: 0x0000000080004010 (0x000c00e7) jalr    s8
core   0: 3 0x0000000080004010 (0x000c00e7) x1  0x0000000080004014
core   0: >>>>  any_handler
core   0: 0x0000000080005fee (0x341027f3) csrrs   a5, mepc, zero
core   0: 3 0x0000000080005fee (0x341027f3) x15 0x00000000800056a2
core   0: 0x0000000080005ff2 (0x34202773) csrrs   a4, mcause, zero
core   0: 3 0x0000000080005ff2 (0x34202773) x14 0x0000000000000002
core   0: 0x0000000080005ff6 (0x142026f3) csrrs   a3, scause, zero
core   0: 3 0x0000000080005ff6 (0x142026f3) x13 0x0000000000000000
core   0: 0x0000000080005ffa (0x30402673) csrrs   a2, mie, zero
core   0: 3 0x0000000080005ffa (0x30402673) x12 0x0000000000000a00
core   0: 0x0000000080005ffe (0x344025f3) csrrs   a1, mip, zero
core   0: 3 0x0000000080005ffe (0x344025f3) x11 0x0000000000000080
core   0: 0x0000000080006002 (0x343025f3) csrrs   a1, mtval, zero
core   0: 3 0x0000000080006002 (0x343025f3) x11 0x00000000c028a973
core   0: 0x0000000080006006 (0x14302573) csrrs   a0, stval, zero
core   0: 3 0x0000000080006006 (0x14302573) x10 0x0000000000000000
core   0: 0x000000008000600a (0xb02024f3) csrrs   s1, minstret, zero
core   0: 3 0x000000008000600a (0xb02024f3) x9  0x0000000000000f1c
core   0: 0x000000008000600e (0x0000a811) c.j     pc + 20
core   0: 3 0x000000008000600e (0xa811)
core   0: >>>>  mepc_4
core   0: 0x0000000080006022 (0x00000791) c.addi  a5, 4
core   0: 3 0x0000000080006022 (0x0791) x15 0x00000000800056a6
core   0: 0x0000000080006024 (0x34179073) csrrw   zero, mepc, a5
core   0: 3 0x0000000080006024 (0x34179073) c833_mepc 0x00000000800056a6
core   0: 0x0000000080006028 (0x30200073) mret
core   0: 3 0x0000000080006028 (0x30200073) c768_mstatus 0x8000000a00106080
core   0: 0x00000000800056a6 (0x0362fd53) fadd.d  fs10, ft5, fs6
core   0: exception trap_illegal_instruction, epc 0x00000000800056a6
core   0:           tval 0x000000000362fd53
core   0: >>>>  $xrv64i2p1_m2p0_a2p1_f2p2_d2p2_zicsr2p0_zifencei2p0_zmmul1p0_zba1p0_zbb1p0_zbc1p0_zbs1p0
core   0: 0x0000000080004000 (0x0080006f) j       pc + 0x8
core   0: 3 0x0000000080004000 (0x0080006f)
core   0: >>>>  mmode_exception_handler
core   0: 0x0000000080004008 (0x00002c17) auipc   s8, 0x2
core   0: 3 0x0000000080004008 (0x00002c17) x24 0x0000000080006008
core   0: 0x000000008000400c (0xfe6c0c13) addi    s8, s8, -26
core   0: 3 0x000000008000400c (0xfe6c0c13) x24 0x0000000080005fee
core   0: 0x0000000080004010 (0x000c00e7) jalr    s8
core   0: 3 0x0000000080004010 (0x000c00e7) x1  0x0000000080004014
core   0: >>>>  any_handler
core   0: 0x0000000080005fee (0x341027f3) csrrs   a5, mepc, zero
core   0: 3 0x0000000080005fee (0x341027f3) x15 0x00000000800056a6
core   0: 0x0000000080005ff2 (0x34202773) csrrs   a4, mcause, zero
core   0: 3 0x0000000080005ff2 (0x34202773) x14 0x0000000000000002
core   0: 0x0000000080005ff6 (0x142026f3) csrrs   a3, scause, zero
core   0: 3 0x0000000080005ff6 (0x142026f3) x13 0x0000000000000000
core   0: 0x0000000080005ffa (0x30402673) csrrs   a2, mie, zero
core   0: 3 0x0000000080005ffa (0x30402673) x12 0x0000000000000a00
core   0: 0x0000000080005ffe (0x344025f3) csrrs   a1, mip, zero
core   0: 3 0x0000000080005ffe (0x344025f3) x11 0x0000000000000080
core   0: 0x0000000080006002 (0x343025f3) csrrs   a1, mtval, zero
core   0: 3 0x0000000080006002 (0x343025f3) x11 0x000000000362fd53
core   0: 0x0000000080006006 (0x14302573) csrrs   a0, stval, zero
core   0: 3 0x0000000080006006 (0x14302573) x10 0x0000000000000000
core   0: 0x000000008000600a (0xb02024f3) csrrs   s1, minstret, zero
core   0: 3 0x000000008000600a (0xb02024f3) x9  0x0000000000000f2c
core   0: 0x000000008000600e (0x0000a811) c.j     pc + 20
core   0: 3 0x000000008000600e (0xa811)
core   0: >>>>  mepc_4
core   0: 0x0000000080006022 (0x00000791) c.addi  a5, 4
core   0: 3 0x0000000080006022 (0x0791) x15 0x00000000800056aa
core   0: 0x0000000080006024 (0x34179073) csrrw   zero, mepc, a5
core   0: 3 0x0000000080006024 (0x34179073) c833_mepc 0x00000000800056aa
core   0: 0x0000000080006028 (0x30200073) mret
core   0: 3 0x0000000080006028 (0x30200073) c768_mstatus 0x8000000a00106080
core   0: 0x00000000800056aa (0x001c541b) srliw   s0, s8, 1
core   0: 1 0x00000000800056aa (0x001c541b) x8  0x0000000040002ff7
core   0: 0x00000000800056ae (0x0397f4b7) lui     s1, 0x397f
core   0: 1 0x00000000800056ae (0x0397f4b7) x9  0x000000000397f000
core   0: 0x00000000800056b2 (0x2274849b) addiw   s1, s1, 551
core   0: 1 0x00000000800056b2 (0x2274849b) x9  0x000000000397f227
core   0: 0x00000000800056b6 (0x000004b6) c.slli  s1, 13
core   0: 1 0x00000000800056b6 (0x04b6) x9  0x00000072fe44e000
core   0: 0x00000000800056b8 (0xb3448493) addi    s1, s1, -1228
core   0: 1 0x00000000800056b8 (0xb3448493) x9  0x00000072fe44db34
core   0: 0x00000000800056bc (0x00102673) csrrs   a2, fflags, zero
core   0: 1 0x00000000800056bc (0x00102673) x12 0x0000000000000000
core   0: 0x00000000800056c0 (0x9be579cf) fnmadd.d fs3, fa0, ft10, fs3
core   0: exception trap_illegal_instruction, epc 0x00000000800056c0
core   0:           tval 0x000000009be579cf
core   0: >>>>  $xrv64i2p1_m2p0_a2p1_f2p2_d2p2_zicsr2p0_zifencei2p0_zmmul1p0_zba1p0_zbb1p0_zbc1p0_zbs1p0
core   0: 0x0000000080004000 (0x0080006f) j       pc + 0x8
core   0: 3 0x0000000080004000 (0x0080006f)
core   0: >>>>  mmode_exception_handler
core   0: 0x0000000080004008 (0x00002c17) auipc   s8, 0x2
core   0: 3 0x0000000080004008 (0x00002c17) x24 0x0000000080006008
core   0: 0x000000008000400c (0xfe6c0c13) addi    s8, s8, -26
core   0: 3 0x000000008000400c (0xfe6c0c13) x24 0x0000000080005fee
core   0: 0x0000000080004010 (0x000c00e7) jalr    s8
core   0: 3 0x0000000080004010 (0x000c00e7) x1  0x0000000080004014
core   0: >>>>  any_handler
core   0: 0x0000000080005fee (0x341027f3) csrrs   a5, mepc, zero
core   0: 3 0x0000000080005fee (0x341027f3) x15 0x00000000800056c0
core   0: 0x0000000080005ff2 (0x34202773) csrrs   a4, mcause, zero
core   0: 3 0x0000000080005ff2 (0x34202773) x14 0x0000000000000002
core   0: 0x0000000080005ff6 (0x142026f3) csrrs   a3, scause, zero
core   0: 3 0x0000000080005ff6 (0x142026f3) x13 0x0000000000000000
core   0: 0x0000000080005ffa (0x30402673) csrrs   a2, mie, zero
core   0: 3 0x0000000080005ffa (0x30402673) x12 0x0000000000000a00
core   0: 0x0000000080005ffe (0x344025f3) csrrs   a1, mip, zero
core   0: 3 0x0000000080005ffe (0x344025f3) x11 0x0000000000000080
core   0: 0x0000000080006002 (0x343025f3) csrrs   a1, mtval, zero
core   0: 3 0x0000000080006002 (0x343025f3) x11 0x000000009be579cf
core   0: 0x0000000080006006 (0x14302573) csrrs   a0, stval, zero
core   0: 3 0x0000000080006006 (0x14302573) x10 0x0000000000000000
core   0: 0x000000008000600a (0xb02024f3) csrrs   s1, minstret, zero
core   0: 3 0x000000008000600a (0xb02024f3) x9  0x0000000000000f42
core   0: 0x000000008000600e (0x0000a811) c.j     pc + 20
core   0: 3 0x000000008000600e (0xa811)
core   0: >>>>  mepc_4
core   0: 0x0000000080006022 (0x00000791) c.addi  a5, 4
core   0: 3 0x0000000080006022 (0x0791) x15 0x00000000800056c4
core   0: 0x0000000080006024 (0x34179073) csrrw   zero, mepc, a5
core   0: 3 0x0000000080006024 (0x34179073) c833_mepc 0x00000000800056c4
core   0: 0x0000000080006028 (0x30200073) mret
core   0: 3 0x0000000080006028 (0x30200073) c768_mstatus 0x8000000a00106080
core   0: 0x00000000800056c4 (0xd2188153) fcvt.d.wu ft2, a7
core   0: 1 0x00000000800056c4 (0xd2188153) f2  0x3ff0000000000000
core   0: 0x00000000800056c8 (0x0257debb) divuw   t4, a5, t0
core   0: 1 0x00000000800056c8 (0x0257debb) x29 0xffffffffffffffff
core   0: 0x00000000800056cc (0x02be8333) mul     t1, t4, a1
core   0: 1 0x00000000800056cc (0x02be8333) x6  0xffffffff641a8631
core   0: 0x00000000800056d0 (0x00000001) c.nop
core   0: 1 0x00000000800056d0 (0x0001)
core   0: 0x00000000800056d2 (0xd22170d3) fcvt.d.l ft1, sp
core   0: exception trap_illegal_instruction, epc 0x00000000800056d2
core   0:           tval 0x00000000d22170d3
core   0: >>>>  $xrv64i2p1_m2p0_a2p1_f2p2_d2p2_zicsr2p0_zifencei2p0_zmmul1p0_zba1p0_zbb1p0_zbc1p0_zbs1p0
core   0: 0x0000000080004000 (0x0080006f) j       pc + 0x8
core   0: 3 0x0000000080004000 (0x0080006f)
core   0: >>>>  mmode_exception_handler
core   0: 0x0000000080004008 (0x00002c17) auipc   s8, 0x2
core   0: 3 0x0000000080004008 (0x00002c17) x24 0x0000000080006008
core   0: 0x000000008000400c (0xfe6c0c13) addi    s8, s8, -26
core   0: 3 0x000000008000400c (0xfe6c0c13) x24 0x0000000080005fee
core   0: 0x0000000080004010 (0x000c00e7) jalr    s8
core   0: 3 0x0000000080004010 (0x000c00e7) x1  0x0000000080004014
core   0: >>>>  any_handler
core   0: 0x0000000080005fee (0x341027f3) csrrs   a5, mepc, zero
core   0: 3 0x0000000080005fee (0x341027f3) x15 0x00000000800056d2
core   0: 0x0000000080005ff2 (0x34202773) csrrs   a4, mcause, zero
core   0: 3 0x0000000080005ff2 (0x34202773) x14 0x0000000000000002
core   0: 0x0000000080005ff6 (0x142026f3) csrrs   a3, scause, zero
core   0: 3 0x0000000080005ff6 (0x142026f3) x13 0x0000000000000000
core   0: 0x0000000080005ffa (0x30402673) csrrs   a2, mie, zero
core   0: 3 0x0000000080005ffa (0x30402673) x12 0x0000000000000a00
core   0: 0x0000000080005ffe (0x344025f3) csrrs   a1, mip, zero
core   0: 3 0x0000000080005ffe (0x344025f3) x11 0x0000000000000080
core   0: 0x0000000080006002 (0x343025f3) csrrs   a1, mtval, zero
core   0: 3 0x0000000080006002 (0x343025f3) x11 0x00000000d22170d3
core   0: 0x0000000080006006 (0x14302573) csrrs   a0, stval, zero
core   0: 3 0x0000000080006006 (0x14302573) x10 0x0000000000000000
core   0: 0x000000008000600a (0xb02024f3) csrrs   s1, minstret, zero
core   0: 3 0x000000008000600a (0xb02024f3) x9  0x0000000000000f56
core   0: 0x000000008000600e (0x0000a811) c.j     pc + 20
core   0: 3 0x000000008000600e (0xa811)
core   0: >>>>  mepc_4
core   0: 0x0000000080006022 (0x00000791) c.addi  a5, 4
core   0: 3 0x0000000080006022 (0x0791) x15 0x00000000800056d6
core   0: 0x0000000080006024 (0x34179073) csrrw   zero, mepc, a5
core   0: 3 0x0000000080006024 (0x34179073) c833_mepc 0x00000000800056d6
core   0: 0x0000000080006028 (0x30200073) mret
core   0: 3 0x0000000080006028 (0x30200073) c768_mstatus 0x8000000a00106080
core   0: 0x00000000800056d6 (0x0ff0000f) fence   iorw,iorw
core   0: 1 0x00000000800056d6 (0x0ff0000f)
core   0: 0x00000000800056da (0x003cd7bb) srlw    a5, s9, gp
core   0: 1 0x00000000800056da (0x003cd7bb) x15 0x0000000000000000
core   0: 0x00000000800056de (0x22b48953) fsgnj.d fs2, fs1, fa1
core   0: 1 0x00000000800056de (0x22b48953) f18 0x8000000000000000
core   0: 0x00000000800056e2 (0xd2178053) fcvt.d.wu ft0, a5
core   0: 1 0x00000000800056e2 (0xd2178053) f0  0x0000000000000000
core   0: 0x00000000800056e6 (0xfeafc6b7) lui     a3, 0xfeafc
core   0: 1 0x00000000800056e6 (0xfeafc6b7) x13 0xfffffffffeafc000
core   0: 0x00000000800056ea (0x52d6869b) addiw   a3, a3, 1325
core   0: 1 0x00000000800056ea (0x52d6869b) x13 0xfffffffffeafc52d
core   0: 0x00000000800056ee (0x000006b2) c.slli  a3, 12
core   0: 1 0x00000000800056ee (0x06b2) x13 0xffffffeafc52d000
core   0: 0x00000000800056f0 (0x0b168693) addi    a3, a3, 177
core   0: 1 0x00000000800056f0 (0x0b168693) x13 0xffffffeafc52d0b1
core   0: 0x00000000800056f4 (0x00e6a733) slt     a4, a3, a4
core   0: 1 0x00000000800056f4 (0x00e6a733) x14 0x0000000000000001
core   0: 0x00000000800056f8 (0x00000001) c.nop
core   0: 1 0x00000000800056f8 (0x0001)
core   0: 0x00000000800056fa (0xc0217d53) fcvt.l.s s10, ft2
core   0: exception trap_illegal_instruction, epc 0x00000000800056fa
core   0:           tval 0x00000000c0217d53
core   0: >>>>  $xrv64i2p1_m2p0_a2p1_f2p2_d2p2_zicsr2p0_zifencei2p0_zmmul1p0_zba1p0_zbb1p0_zbc1p0_zbs1p0
core   0: 0x0000000080004000 (0x0080006f) j       pc + 0x8
core   0: 3 0x0000000080004000 (0x0080006f)
core   0: >>>>  mmode_exception_handler
core   0: 0x0000000080004008 (0x00002c17) auipc   s8, 0x2
core   0: 3 0x0000000080004008 (0x00002c17) x24 0x0000000080006008
core   0: 0x000000008000400c (0xfe6c0c13) addi    s8, s8, -26
core   0: 3 0x000000008000400c (0xfe6c0c13) x24 0x0000000080005fee
core   0: 0x0000000080004010 (0x000c00e7) jalr    s8
core   0: 3 0x0000000080004010 (0x000c00e7) x1  0x0000000080004014
core   0: >>>>  any_handler
core   0: 0x0000000080005fee (0x341027f3) csrrs   a5, mepc, zero
core   0: 3 0x0000000080005fee (0x341027f3) x15 0x00000000800056fa
core   0: 0x0000000080005ff2 (0x34202773) csrrs   a4, mcause, zero
core   0: 3 0x0000000080005ff2 (0x34202773) x14 0x0000000000000002
core   0: 0x0000000080005ff6 (0x142026f3) csrrs   a3, scause, zero
core   0: 3 0x0000000080005ff6 (0x142026f3) x13 0x0000000000000000
core   0: 0x0000000080005ffa (0x30402673) csrrs   a2, mie, zero
core   0: 3 0x0000000080005ffa (0x30402673) x12 0x0000000000000a00
core   0: 0x0000000080005ffe (0x344025f3) csrrs   a1, mip, zero
core   0: 3 0x0000000080005ffe (0x344025f3) x11 0x0000000000000080
core   0: 0x0000000080006002 (0x343025f3) csrrs   a1, mtval, zero
core   0: 3 0x0000000080006002 (0x343025f3) x11 0x00000000c0217d53
core   0: 0x0000000080006006 (0x14302573) csrrs   a0, stval, zero
core   0: 3 0x0000000080006006 (0x14302573) x10 0x0000000000000000
core   0: 0x000000008000600a (0xb02024f3) csrrs   s1, minstret, zero
core   0: 3 0x000000008000600a (0xb02024f3) x9  0x0000000000000f70
core   0: 0x000000008000600e (0x0000a811) c.j     pc + 20
core   0: 3 0x000000008000600e (0xa811)
core   0: >>>>  mepc_4
core   0: 0x0000000080006022 (0x00000791) c.addi  a5, 4
core   0: 3 0x0000000080006022 (0x0791) x15 0x00000000800056fe
core   0: 0x0000000080006024 (0x34179073) csrrw   zero, mepc, a5
core   0: 3 0x0000000080006024 (0x34179073) c833_mepc 0x00000000800056fe
core   0: 0x0000000080006028 (0x30200073) mret
core   0: 3 0x0000000080006028 (0x30200073) c768_mstatus 0x8000000a00106080
core   0: 0x00000000800056fe (0x00de4933) xor     s2, t3, a3
core   0: 1 0x00000000800056fe (0x00de4933) x18 0xffffffffffffffff
core   0: 0x0000000080005702 (0xd22d7d53) fcvt.d.l fs10, s10
core   0: exception trap_illegal_instruction, epc 0x0000000080005702
core   0:           tval 0x00000000d22d7d53
core   0: >>>>  $xrv64i2p1_m2p0_a2p1_f2p2_d2p2_zicsr2p0_zifencei2p0_zmmul1p0_zba1p0_zbb1p0_zbc1p0_zbs1p0
core   0: 0x0000000080004000 (0x0080006f) j       pc + 0x8
core   0: 3 0x0000000080004000 (0x0080006f)
core   0: >>>>  mmode_exception_handler
core   0: 0x0000000080004008 (0x00002c17) auipc   s8, 0x2
core   0: 3 0x0000000080004008 (0x00002c17) x24 0x0000000080006008
core   0: 0x000000008000400c (0xfe6c0c13) addi    s8, s8, -26
core   0: 3 0x000000008000400c (0xfe6c0c13) x24 0x0000000080005fee
core   0: 0x0000000080004010 (0x000c00e7) jalr    s8
core   0: 3 0x0000000080004010 (0x000c00e7) x1  0x0000000080004014
core   0: >>>>  any_handler
core   0: 0x0000000080005fee (0x341027f3) csrrs   a5, mepc, zero
core   0: 3 0x0000000080005fee (0x341027f3) x15 0x0000000080005702
core   0: 0x0000000080005ff2 (0x34202773) csrrs   a4, mcause, zero
core   0: 3 0x0000000080005ff2 (0x34202773) x14 0x0000000000000002
core   0: 0x0000000080005ff6 (0x142026f3) csrrs   a3, scause, zero
core   0: 3 0x0000000080005ff6 (0x142026f3) x13 0x0000000000000000
core   0: 0x0000000080005ffa (0x30402673) csrrs   a2, mie, zero
core   0: 3 0x0000000080005ffa (0x30402673) x12 0x0000000000000a00
core   0: 0x0000000080005ffe (0x344025f3) csrrs   a1, mip, zero
core   0: 3 0x0000000080005ffe (0x344025f3) x11 0x0000000000000080
core   0: 0x0000000080006002 (0x343025f3) csrrs   a1, mtval, zero
core   0: 3 0x0000000080006002 (0x343025f3) x11 0x00000000d22d7d53
core   0: 0x0000000080006006 (0x14302573) csrrs   a0, stval, zero
core   0: 3 0x0000000080006006 (0x14302573) x10 0x0000000000000000
core   0: 0x000000008000600a (0xb02024f3) csrrs   s1, minstret, zero
core   0: 3 0x000000008000600a (0xb02024f3) x9  0x0000000000000f81
core   0: 0x000000008000600e (0x0000a811) c.j     pc + 20
core   0: 3 0x000000008000600e (0xa811)
core   0: >>>>  mepc_4
core   0: 0x0000000080006022 (0x00000791) c.addi  a5, 4
core   0: 3 0x0000000080006022 (0x0791) x15 0x0000000080005706
core   0: 0x0000000080006024 (0x34179073) csrrw   zero, mepc, a5
core   0: 3 0x0000000080006024 (0x34179073) c833_mepc 0x0000000080005706
core   0: 0x0000000080006028 (0x30200073) mret
core   0: 3 0x0000000080006028 (0x30200073) c768_mstatus 0x8000000a00106080
core   0: 0x0000000080005706 (0x024983bb) mulw    t2, s3, tp
core   0: 1 0x0000000080005706 (0x024983bb) x7  0x0000000000000000
core   0: 0x000000008000570a (0x0bfb7353) fsub.d  ft6, fs6, ft11
core   0: exception trap_illegal_instruction, epc 0x000000008000570a
core   0:           tval 0x000000000bfb7353
core   0: >>>>  $xrv64i2p1_m2p0_a2p1_f2p2_d2p2_zicsr2p0_zifencei2p0_zmmul1p0_zba1p0_zbb1p0_zbc1p0_zbs1p0
core   0: 0x0000000080004000 (0x0080006f) j       pc + 0x8
core   0: 3 0x0000000080004000 (0x0080006f)
core   0: >>>>  mmode_exception_handler
core   0: 0x0000000080004008 (0x00002c17) auipc   s8, 0x2
core   0: 3 0x0000000080004008 (0x00002c17) x24 0x0000000080006008
core   0: 0x000000008000400c (0xfe6c0c13) addi    s8, s8, -26
core   0: 3 0x000000008000400c (0xfe6c0c13) x24 0x0000000080005fee
core   0: 0x0000000080004010 (0x000c00e7) jalr    s8
core   0: 3 0x0000000080004010 (0x000c00e7) x1  0x0000000080004014
core   0: >>>>  any_handler
core   0: 0x0000000080005fee (0x341027f3) csrrs   a5, mepc, zero
core   0: 3 0x0000000080005fee (0x341027f3) x15 0x000000008000570a
core   0: 0x0000000080005ff2 (0x34202773) csrrs   a4, mcause, zero
core   0: 3 0x0000000080005ff2 (0x34202773) x14 0x0000000000000002
core   0: 0x0000000080005ff6 (0x142026f3) csrrs   a3, scause, zero
core   0: 3 0x0000000080005ff6 (0x142026f3) x13 0x0000000000000000
core   0: 0x0000000080005ffa (0x30402673) csrrs   a2, mie, zero
core   0: 3 0x0000000080005ffa (0x30402673) x12 0x0000000000000a00
core   0: 0x0000000080005ffe (0x344025f3) csrrs   a1, mip, zero
core   0: 3 0x0000000080005ffe (0x344025f3) x11 0x0000000000000080
core   0: 0x0000000080006002 (0x343025f3) csrrs   a1, mtval, zero
core   0: 3 0x0000000080006002 (0x343025f3) x11 0x000000000bfb7353
core   0: 0x0000000080006006 (0x14302573) csrrs   a0, stval, zero
core   0: 3 0x0000000080006006 (0x14302573) x10 0x0000000000000000
core   0: 0x000000008000600a (0xb02024f3) csrrs   s1, minstret, zero
core   0: 3 0x000000008000600a (0xb02024f3) x9  0x0000000000000f92
core   0: 0x000000008000600e (0x0000a811) c.j     pc + 20
core   0: 3 0x000000008000600e (0xa811)
core   0: >>>>  mepc_4
core   0: 0x0000000080006022 (0x00000791) c.addi  a5, 4
core   0: 3 0x0000000080006022 (0x0791) x15 0x000000008000570e
core   0: 0x0000000080006024 (0x34179073) csrrw   zero, mepc, a5
core   0: 3 0x0000000080006024 (0x34179073) c833_mepc 0x000000008000570e
core   0: 0x0000000080006028 (0x30200073) mret
core   0: 3 0x0000000080006028 (0x30200073) c768_mstatus 0x8000000a00106080
core   0: 0x000000008000570e (0x7ff3071b) addiw   a4, t1, 2047
core   0: 1 0x000000008000570e (0x7ff3071b) x14 0x00000000641a8e30
core   0: 0x0000000080005712 (0x00102073) csrrs   zero, fflags, zero
core   0: 1 0x0000000080005712 (0x00102073)
core   0: 0x0000000080005716 (0x0053d113) srli    sp, t2, 5
core   0: 1 0x0000000080005716 (0x0053d113) x2  0x0000000000000000
core   0: 0x000000008000571a (0x02f5a233) mulhsu  tp, a1, a5
core   0: 1 0x000000008000571a (0x02f5a233) x4  0x0000000000000000
core   0: 0x000000008000571e (0x41cd8a3b) subw    s4, s11, t3
core   0: 1 0x000000008000571e (0x41cd8a3b) x20 0x0000000000000001
core   0: 0x0000000080005722 (0xa2030cd3) fle.d   s9, ft6, ft0
core   0: 1 0x0000000080005722 (0xa2030cd3) c1_fflags 0x0000000000000010 x25 0x0000000000000000
core   0: 0x0000000080005726 (0x7ff67813) andi    a6, a2, 2047
core   0: 1 0x0000000080005726 (0x7ff67813) x16 0x0000000000000200
core   0: 0x000000008000572a (0x00d505bb) addw    a1, a0, a3
core   0: 1 0x000000008000572a (0x00d505bb) x11 0x0000000000000000
core   0: 0x000000008000572e (0x02b8da33) divu    s4, a7, a1
core   0: 1 0x000000008000572e (0x02b8da33) x20 0xffffffffffffffff
core   0: 0x0000000080005732 (0xc03373d3) fcvt.lu.s t2, ft6
core   0: exception trap_illegal_instruction, epc 0x0000000080005732
core   0:           tval 0x00000000c03373d3
core   0: >>>>  $xrv64i2p1_m2p0_a2p1_f2p2_d2p2_zicsr2p0_zifencei2p0_zmmul1p0_zba1p0_zbb1p0_zbc1p0_zbs1p0
core   0: 0x0000000080004000 (0x0080006f) j       pc + 0x8
core   0: 3 0x0000000080004000 (0x0080006f)
core   0: >>>>  mmode_exception_handler
core   0: 0x0000000080004008 (0x00002c17) auipc   s8, 0x2
core   0: 3 0x0000000080004008 (0x00002c17) x24 0x0000000080006008
core   0: 0x000000008000400c (0xfe6c0c13) addi    s8, s8, -26
core   0: 3 0x000000008000400c (0xfe6c0c13) x24 0x0000000080005fee
core   0: 0x0000000080004010 (0x000c00e7) jalr    s8
core   0: 3 0x0000000080004010 (0x000c00e7) x1  0x0000000080004014
core   0: >>>>  any_handler
core   0: 0x0000000080005fee (0x341027f3) csrrs   a5, mepc, zero
core   0: 3 0x0000000080005fee (0x341027f3) x15 0x0000000080005732
core   0: 0x0000000080005ff2 (0x34202773) csrrs   a4, mcause, zero
core   0: 3 0x0000000080005ff2 (0x34202773) x14 0x0000000000000002
core   0: 0x0000000080005ff6 (0x142026f3) csrrs   a3, scause, zero
core   0: 3 0x0000000080005ff6 (0x142026f3) x13 0x0000000000000000
core   0: 0x0000000080005ffa (0x30402673) csrrs   a2, mie, zero
core   0: 3 0x0000000080005ffa (0x30402673) x12 0x0000000000000a00
core   0: 0x0000000080005ffe (0x344025f3) csrrs   a1, mip, zero
core   0: 3 0x0000000080005ffe (0x344025f3) x11 0x0000000000000080
core   0: 0x0000000080006002 (0x343025f3) csrrs   a1, mtval, zero
core   0: 3 0x0000000080006002 (0x343025f3) x11 0x00000000c03373d3
core   0: 0x0000000080006006 (0x14302573) csrrs   a0, stval, zero
core   0: 3 0x0000000080006006 (0x14302573) x10 0x0000000000000000
core   0: 0x000000008000600a (0xb02024f3) csrrs   s1, minstret, zero
core   0: 3 0x000000008000600a (0xb02024f3) x9  0x0000000000000fab
core   0: 0x000000008000600e (0x0000a811) c.j     pc + 20
core   0: 3 0x000000008000600e (0xa811)
core   0: >>>>  mepc_4
core   0: 0x0000000080006022 (0x00000791) c.addi  a5, 4
core   0: 3 0x0000000080006022 (0x0791) x15 0x0000000080005736
core   0: 0x0000000080006024 (0x34179073) csrrw   zero, mepc, a5
core   0: 3 0x0000000080006024 (0x34179073) c833_mepc 0x0000000080005736
core   0: 0x0000000080006028 (0x30200073) mret
core   0: 3 0x0000000080006028 (0x30200073) c768_mstatus 0x8000000a00106080
core   0: 0x0000000080005736 (0x00a8ee33) or      t3, a7, a0
core   0: 1 0x0000000080005736 (0x00a8ee33) x28 0x0000000000000001
core   0: 0x000000008000573a (0x00f5d3bb) srlw    t2, a1, a5
core   0: 1 0x000000008000573a (0x00f5d3bb) x7  0x0000000000000300
core   0: 0x000000008000573e (0x00541cb3) sll     s9, s0, t0
core   0: 1 0x000000008000573e (0x00541cb3) x25 0x0000000040002ff7
core   0: 0x0000000080005742 (0x0191d913) srli    s2, gp, 25
core   0: 1 0x0000000080005742 (0x0191d913) x18 0x0000007fffffffff
core   0: 0x0000000080005746 (0x00000001) c.nop
core   0: 1 0x0000000080005746 (0x0001)
core   0: 0x0000000080005748 (0x2a209153) fmax.d  ft2, ft1, ft2
core   0: 1 0x0000000080005748 (0x2a209153) f2  0x41dffffc00000000
core   0: 0x000000008000574c (0x4170d0bb) sraw    ra, ra, s7
core   0: 1 0x000000008000574c (0x4170d0bb) x1  0xfffffffff0000802
core   0: 0x0000000080005750 (0xd21a0253) fcvt.d.wu ft4, s4
core   0: 1 0x0000000080005750 (0xd21a0253) f4  0x41efffffffe00000
core   0: 0x0000000080005754 (0x00d75d3b) srlw    s10, a4, a3
core   0: 1 0x0000000080005754 (0x00d75d3b) x26 0x0000000000000002
core   0: 0x0000000080005758 (0xc02d76d3) fcvt.l.s a3, fs10
core   0: exception trap_illegal_instruction, epc 0x0000000080005758
core   0:           tval 0x00000000c02d76d3
core   0: >>>>  $xrv64i2p1_m2p0_a2p1_f2p2_d2p2_zicsr2p0_zifencei2p0_zmmul1p0_zba1p0_zbb1p0_zbc1p0_zbs1p0
core   0: 0x0000000080004000 (0x0080006f) j       pc + 0x8
core   0: 3 0x0000000080004000 (0x0080006f)
core   0: >>>>  mmode_exception_handler
core   0: 0x0000000080004008 (0x00002c17) auipc   s8, 0x2
core   0: 3 0x0000000080004008 (0x00002c17) x24 0x0000000080006008
core   0: 0x000000008000400c (0xfe6c0c13) addi    s8, s8, -26
core   0: 3 0x000000008000400c (0xfe6c0c13) x24 0x0000000080005fee
core   0: 0x0000000080004010 (0x000c00e7) jalr    s8
core   0: 3 0x0000000080004010 (0x000c00e7) x1  0x0000000080004014
core   0: >>>>  any_handler
core   0: 0x0000000080005fee (0x341027f3) csrrs   a5, mepc, zero
core   0: 3 0x0000000080005fee (0x341027f3) x15 0x0000000080005758
core   0: 0x0000000080005ff2 (0x34202773) csrrs   a4, mcause, zero
core   0: 3 0x0000000080005ff2 (0x34202773) x14 0x0000000000000002
core   0: 0x0000000080005ff6 (0x142026f3) csrrs   a3, scause, zero
core   0: 3 0x0000000080005ff6 (0x142026f3) x13 0x0000000000000000
core   0: 0x0000000080005ffa (0x30402673) csrrs   a2, mie, zero
core   0: 3 0x0000000080005ffa (0x30402673) x12 0x0000000000000a00
core   0: 0x0000000080005ffe (0x344025f3) csrrs   a1, mip, zero
core   0: 3 0x0000000080005ffe (0x344025f3) x11 0x0000000000000080
core   0: 0x0000000080006002 (0x343025f3) csrrs   a1, mtval, zero
core   0: 3 0x0000000080006002 (0x343025f3) x11 0x00000000c02d76d3
core   0: 0x0000000080006006 (0x14302573) csrrs   a0, stval, zero
core   0: 3 0x0000000080006006 (0x14302573) x10 0x0000000000000000
core   0: 0x000000008000600a (0xb02024f3) csrrs   s1, minstret, zero
core   0: 3 0x000000008000600a (0xb02024f3) x9  0x0000000000000fc4
core   0: 0x000000008000600e (0x0000a811) c.j     pc + 20
core   0: 3 0x000000008000600e (0xa811)
core   0: >>>>  mepc_4
core   0: 0x0000000080006022 (0x00000791) c.addi  a5, 4
core   0: 3 0x0000000080006022 (0x0791) x15 0x000000008000575c
core   0: 0x0000000080006024 (0x34179073) csrrw   zero, mepc, a5
core   0: 3 0x0000000080006024 (0x34179073) c833_mepc 0x000000008000575c
core   0: 0x0000000080006028 (0x30200073) mret
core   0: 3 0x0000000080006028 (0x30200073) c768_mstatus 0x8000000a00106080
core   0: 0x000000008000575c (0x2222794f) fnmadd.d fs2, ft4, ft2, ft4
core   0: exception trap_illegal_instruction, epc 0x000000008000575c
core   0:           tval 0x000000002222794f
core   0: >>>>  $xrv64i2p1_m2p0_a2p1_f2p2_d2p2_zicsr2p0_zifencei2p0_zmmul1p0_zba1p0_zbb1p0_zbc1p0_zbs1p0
core   0: 0x0000000080004000 (0x0080006f) j       pc + 0x8
core   0: 3 0x0000000080004000 (0x0080006f)
core   0: >>>>  mmode_exception_handler
core   0: 0x0000000080004008 (0x00002c17) auipc   s8, 0x2
core   0: 3 0x0000000080004008 (0x00002c17) x24 0x0000000080006008
core   0: 0x000000008000400c (0xfe6c0c13) addi    s8, s8, -26
core   0: 3 0x000000008000400c (0xfe6c0c13) x24 0x0000000080005fee
core   0: 0x0000000080004010 (0x000c00e7) jalr    s8
core   0: 3 0x0000000080004010 (0x000c00e7) x1  0x0000000080004014
core   0: >>>>  any_handler
core   0: 0x0000000080005fee (0x341027f3) csrrs   a5, mepc, zero
core   0: 3 0x0000000080005fee (0x341027f3) x15 0x000000008000575c
core   0: 0x0000000080005ff2 (0x34202773) csrrs   a4, mcause, zero
core   0: 3 0x0000000080005ff2 (0x34202773) x14 0x0000000000000002
core   0: 0x0000000080005ff6 (0x142026f3) csrrs   a3, scause, zero
core   0: 3 0x0000000080005ff6 (0x142026f3) x13 0x0000000000000000
core   0: 0x0000000080005ffa (0x30402673) csrrs   a2, mie, zero
core   0: 3 0x0000000080005ffa (0x30402673) x12 0x0000000000000a00
core   0: 0x0000000080005ffe (0x344025f3) csrrs   a1, mip, zero
core   0: 3 0x0000000080005ffe (0x344025f3) x11 0x0000000000000080
core   0: 0x0000000080006002 (0x343025f3) csrrs   a1, mtval, zero
core   0: 3 0x0000000080006002 (0x343025f3) x11 0x000000002222794f
core   0: 0x0000000080006006 (0x14302573) csrrs   a0, stval, zero
core   0: 3 0x0000000080006006 (0x14302573) x10 0x0000000000000000
core   0: 0x000000008000600a (0xb02024f3) csrrs   s1, minstret, zero
core   0: 3 0x000000008000600a (0xb02024f3) x9  0x0000000000000fd4
core   0: 0x000000008000600e (0x0000a811) c.j     pc + 20
core   0: 3 0x000000008000600e (0xa811)
core   0: >>>>  mepc_4
core   0: 0x0000000080006022 (0x00000791) c.addi  a5, 4
core   0: 3 0x0000000080006022 (0x0791) x15 0x0000000080005760
core   0: 0x0000000080006024 (0x34179073) csrrw   zero, mepc, a5
core   0: 3 0x0000000080006024 (0x34179073) c833_mepc 0x0000000080005760
core   0: 0x0000000080006028 (0x30200073) mret
core   0: 3 0x0000000080006028 (0x30200073) c768_mstatus 0x8000000a00106080
core   0: 0x0000000080005760 (0xc2117a53) fcvt.wu.d s4, ft2
core   0: exception trap_illegal_instruction, epc 0x0000000080005760
core   0:           tval 0x00000000c2117a53
core   0: >>>>  $xrv64i2p1_m2p0_a2p1_f2p2_d2p2_zicsr2p0_zifencei2p0_zmmul1p0_zba1p0_zbb1p0_zbc1p0_zbs1p0
core   0: 0x0000000080004000 (0x0080006f) j       pc + 0x8
core   0: 3 0x0000000080004000 (0x0080006f)
core   0: >>>>  mmode_exception_handler
core   0: 0x0000000080004008 (0x00002c17) auipc   s8, 0x2
core   0: 3 0x0000000080004008 (0x00002c17) x24 0x0000000080006008
core   0: 0x000000008000400c (0xfe6c0c13) addi    s8, s8, -26
core   0: 3 0x000000008000400c (0xfe6c0c13) x24 0x0000000080005fee
core   0: 0x0000000080004010 (0x000c00e7) jalr    s8
core   0: 3 0x0000000080004010 (0x000c00e7) x1  0x0000000080004014
core   0: >>>>  any_handler
core   0: 0x0000000080005fee (0x341027f3) csrrs   a5, mepc, zero
core   0: 3 0x0000000080005fee (0x341027f3) x15 0x0000000080005760
core   0: 0x0000000080005ff2 (0x34202773) csrrs   a4, mcause, zero
core   0: 3 0x0000000080005ff2 (0x34202773) x14 0x0000000000000002
core   0: 0x0000000080005ff6 (0x142026f3) csrrs   a3, scause, zero
core   0: 3 0x0000000080005ff6 (0x142026f3) x13 0x0000000000000000
core   0: 0x0000000080005ffa (0x30402673) csrrs   a2, mie, zero
core   0: 3 0x0000000080005ffa (0x30402673) x12 0x0000000000000a00
core   0: 0x0000000080005ffe (0x344025f3) csrrs   a1, mip, zero
core   0: 3 0x0000000080005ffe (0x344025f3) x11 0x0000000000000080
core   0: 0x0000000080006002 (0x343025f3) csrrs   a1, mtval, zero
core   0: 3 0x0000000080006002 (0x343025f3) x11 0x00000000c2117a53
core   0: 0x0000000080006006 (0x14302573) csrrs   a0, stval, zero
core   0: 3 0x0000000080006006 (0x14302573) x10 0x0000000000000000
core   0: 0x000000008000600a (0xb02024f3) csrrs   s1, minstret, zero
core   0: 3 0x000000008000600a (0xb02024f3) x9  0x0000000000000fe4
core   0: 0x000000008000600e (0x0000a811) c.j     pc + 20
core   0: 3 0x000000008000600e (0xa811)
core   0: >>>>  mepc_4
core   0: 0x0000000080006022 (0x00000791) c.addi  a5, 4
core   0: 3 0x0000000080006022 (0x0791) x15 0x0000000080005764
core   0: 0x0000000080006024 (0x34179073) csrrw   zero, mepc, a5
core   0: 3 0x0000000080006024 (0x34179073) c833_mepc 0x0000000080005764
core   0: 0x0000000080006028 (0x30200073) mret
core   0: 3 0x0000000080006028 (0x30200073) c768_mstatus 0x8000000a00106080
core   0: 0x0000000080005764 (0x40ab8ebb) subw    t4, s7, a0
core   0: 1 0x0000000080005764 (0x40ab8ebb) x29 0x0000000000000003
core   0: 0x0000000080005768 (0x41b55db3) sra     s11, a0, s11
core   0: 1 0x0000000080005768 (0x41b55db3) x27 0x0000000000000000
core   0: 0x000000008000576c (0xe20e0ad3) fmv.x.d s5, ft8
core   0: 1 0x000000008000576c (0xe20e0ad3) x21 0x4038000000000000
core   0: 0x0000000080005770 (0x010dfdb3) and     s11, s11, a6
core   0: 1 0x0000000080005770 (0x010dfdb3) x27 0x0000000000000000
core   0: 0x0000000080005774 (0x412bda33) sra     s4, s7, s2
core   0: 1 0x0000000080005774 (0x412bda33) x20 0x0000000000000000
core   0: 0x0000000080005778 (0x747abcf3) csrrc   s9, mseccfg, s5
core   0: exception trap_illegal_instruction, epc 0x0000000080005778
core   0:           tval 0x00000000747abcf3
core   0: >>>>  $xrv64i2p1_m2p0_a2p1_f2p2_d2p2_zicsr2p0_zifencei2p0_zmmul1p0_zba1p0_zbb1p0_zbc1p0_zbs1p0
core   0: 0x0000000080004000 (0x0080006f) j       pc + 0x8
core   0: 3 0x0000000080004000 (0x0080006f)
core   0: >>>>  mmode_exception_handler
core   0: 0x0000000080004008 (0x00002c17) auipc   s8, 0x2
core   0: 3 0x0000000080004008 (0x00002c17) x24 0x0000000080006008
core   0: 0x000000008000400c (0xfe6c0c13) addi    s8, s8, -26
core   0: 3 0x000000008000400c (0xfe6c0c13) x24 0x0000000080005fee
core   0: 0x0000000080004010 (0x000c00e7) jalr    s8
core   0: 3 0x0000000080004010 (0x000c00e7) x1  0x0000000080004014
core   0: >>>>  any_handler
core   0: 0x0000000080005fee (0x341027f3) csrrs   a5, mepc, zero
core   0: 3 0x0000000080005fee (0x341027f3) x15 0x0000000080005778
core   0: 0x0000000080005ff2 (0x34202773) csrrs   a4, mcause, zero
core   0: 3 0x0000000080005ff2 (0x34202773) x14 0x0000000000000002
core   0: 0x0000000080005ff6 (0x142026f3) csrrs   a3, scause, zero
core   0: 3 0x0000000080005ff6 (0x142026f3) x13 0x0000000000000000
core   0: 0x0000000080005ffa (0x30402673) csrrs   a2, mie, zero
core   0: 3 0x0000000080005ffa (0x30402673) x12 0x0000000000000a00
core   0: 0x0000000080005ffe (0x344025f3) csrrs   a1, mip, zero
core   0: 3 0x0000000080005ffe (0x344025f3) x11 0x0000000000000080
core   0: 0x0000000080006002 (0x343025f3) csrrs   a1, mtval, zero
core   0: 3 0x0000000080006002 (0x343025f3) x11 0x00000000747abcf3
core   0: 0x0000000080006006 (0x14302573) csrrs   a0, stval, zero
core   0: 3 0x0000000080006006 (0x14302573) x10 0x0000000000000000
core   0: 0x000000008000600a (0xb02024f3) csrrs   s1, minstret, zero
core   0: 3 0x000000008000600a (0xb02024f3) x9  0x0000000000000ff9
core   0: 0x000000008000600e (0x0000a811) c.j     pc + 20
core   0: 3 0x000000008000600e (0xa811)
core   0: >>>>  mepc_4
core   0: 0x0000000080006022 (0x00000791) c.addi  a5, 4
core   0: 3 0x0000000080006022 (0x0791) x15 0x000000008000577c
core   0: 0x0000000080006024 (0x34179073) csrrw   zero, mepc, a5
core   0: 3 0x0000000080006024 (0x34179073) c833_mepc 0x000000008000577c
core   0: 0x0000000080006028 (0x30200073) mret
core   0: 3 0x0000000080006028 (0x30200073) c768_mstatus 0x8000000a00106080
core   0: 0x000000008000577c (0x004cdc3b) srlw    s8, s9, tp
core   0: 1 0x000000008000577c (0x004cdc3b) x24 0x0000000040002ff7
core   0: 0x0000000080005780 (0x0246a6b3) mulhsu  a3, a3, tp
core   0: 1 0x0000000080005780 (0x0246a6b3) x13 0x0000000000000000
core   0: 0x0000000080005784 (0xd2120553) fcvt.d.wu fa0, tp
core   0: 1 0x0000000080005784 (0xd2120553) f10 0x0000000000000000
core   0: 0x0000000080005788 (0x02886433) rem     s0, a6, s0
core   0: 1 0x0000000080005788 (0x02886433) x8  0x0000000000000200
core   0: 0x000000008000578c (0x4007581b) sraiw   a6, a4, 0
core   0: 1 0x000000008000578c (0x4007581b) x16 0x0000000000000002
core   0: 0x0000000080005790 (0x10453d73) csrrc   s10, sie, a0
core   0: 1 0x0000000080005790 (0x10453d73) x26 0x0000000000000000 c772_mie 0x0000000000000a00
core   0: 0x0000000080005794 (0x4001d89b) sraiw   a7, gp, 0
core   0: 1 0x0000000080005794 (0x4001d89b) x17 0xffffffffffffffff
core   0: 0x0000000080005798 (0x000e9293) slli    t0, t4, 0
core   0: 1 0x0000000080005798 (0x000e9293) x5  0x0000000000000003
core   0: 0x000000008000579c (0x01496a33) or      s4, s2, s4
core   0: 1 0x000000008000579c (0x01496a33) x20 0x0000007fffffffff
core   0: 0x00000000800057a0 (0x22a8a353) fsgnjx.d ft6, fa7, fa0
core   0: 1 0x00000000800057a0 (0x22a8a353) f6  0x7ff8000000000000
core   0: 0x00000000800057a4 (0xd20503d3) fcvt.d.w ft7, a0
core   0: 1 0x00000000800057a4 (0xd20503d3) f7  0x0000000000000000
core   0: 0x00000000800057a8 (0x0ff0000f) fence   iorw,iorw
core   0: 1 0x00000000800057a8 (0x0ff0000f)
core   0: 0x00000000800057ac (0x001024f3) csrrs   s1, fflags, zero
core   0: 1 0x00000000800057ac (0x001024f3) x9  0x0000000000000010
core   0: 0x00000000800057b0 (0x00279273) csrrw   tp, frm, a5
core   0: 1 0x00000000800057b0 (0x00279273) x4  0x0000000000000007 c2_frm 0x0000000000000004
core   0: 0x00000000800057b4 (0x02541d13) slli    s10, s0, 37
core   0: 1 0x00000000800057b4 (0x02541d13) x26 0x0000400000000000
core   0: 0x00000000800057b8 (0x0adf7dd3) fsub.d  fs11, ft10, fa3
core   0: 1 0x00000000800057b8 (0x0adf7dd3) f27 0x41dfffed11c00000
core   0: 0x00000000800057bc (0x0273f0bb) remuw   ra, t2, t2
core   0: 1 0x00000000800057bc (0x0273f0bb) x1  0x0000000000000000
core   0: 0x00000000800057c0 (0x41308933) sub     s2, ra, s3
core   0: 1 0x00000000800057c0 (0x41308933) x18 0x0000000000000000
core   0: 0x00000000800057c4 (0x01aafb33) and     s6, s5, s10
core   0: 1 0x00000000800057c4 (0x01aafb33) x22 0x0000000000000000
core   0: 0x00000000800057c8 (0x001e11f3) csrrw   gp, fflags, t3
core   0: 1 0x00000000800057c8 (0x001e11f3) x3  0x0000000000000010 c1_fflags 0x0000000000000001
core   0: 0x00000000800057cc (0x115423b7) lui     t2, 0x11542
core   0: 1 0x00000000800057cc (0x115423b7) x7  0x0000000011542000
core   0: 0x00000000800057d0 (0x2273a3d3) fsgnjx.d ft7, ft7, ft7
core   0: 1 0x00000000800057d0 (0x2273a3d3) f7  0x0000000000000000
core   0: 0x00000000800057d4 (0x415787b3) sub     a5, a5, s5
core   0: 1 0x00000000800057d4 (0x415787b3) x15 0xbfc800008000577c
core   0: 0x00000000800057d8 (0x00000001) c.nop
core   0: 1 0x00000000800057d8 (0x0001)
core   0: 0x00000000800057da (0x00000001) c.nop
core   0: 1 0x00000000800057da (0x0001)
core   0: 0x00000000800057dc (0x41540c33) sub     s8, s0, s5
core   0: 1 0x00000000800057dc (0x41540c33) x24 0xbfc8000000000200
core   0: 0x00000000800057e0 (0x0ff0000f) fence   iorw,iorw
core   0: 1 0x00000000800057e0 (0x0ff0000f)
core   0: 0x00000000800057e4 (0x223997d3) fsgnjn.d fa5, fs3, ft3
core   0: 1 0x00000000800057e4 (0x223997d3) f15 0x8000000000000000
core   0: 0x00000000800057e8 (0x028d6133) rem     sp, s10, s0
core   0: 1 0x00000000800057e8 (0x028d6133) x2  0x0000000000000000
core   0: 0x00000000800057ec (0xd025fdd3) fcvt.s.l fs11, a1
core   0: 1 0x00000000800057ec (0xd025fdd3) c1_fflags 0x0000000000000001 f27 0xffffffff4ee8f57a
core   0: 0x00000000800057f0 (0x034175bb) remuw   a1, sp, s4
core   0: 1 0x00000000800057f0 (0x034175bb) x11 0x0000000000000000
core   0: 0x00000000800057f4 (0x40a1d1bb) sraw    gp, gp, a0
core   0: 1 0x00000000800057f4 (0x40a1d1bb) x3  0x0000000000000010
core   0: 0x00000000800057f8 (0x6bb8facb) fnmsub.d fs5, fa7, fs11, fa3
core   0: 1 0x00000000800057f8 (0x6bb8facb) f21 0x7ff8000000000000
core   0: 0x00000000800057fc (0x0001999b) slliw   s3, gp, 0
core   0: 1 0x00000000800057fc (0x0001999b) x19 0x0000000000000010
core   0: 0x0000000080005800 (0x01342433) slt     s0, s0, s3
core   0: 1 0x0000000080005800 (0x01342433) x8  0x0000000000000000
core   0: 0x0000000080005804 (0xc20df0d3) fcvt.w.d ra, fs11
core   0: 1 0x0000000080005804 (0xc20df0d3) c1_fflags 0x0000000000000011 x1  0x000000007fffffff
core   0: 0x0000000080005808 (0x00104233) xor     tp, zero, ra
core   0: 1 0x0000000080005808 (0x00104233) x4  0x000000007fffffff
core   0: 0x000000008000580c (0x004e991b) slliw   s2, t4, 4
core   0: 1 0x000000008000580c (0x004e991b) x18 0x0000000000000030
core   0: 0x0000000080005810 (0xc236fe53) fcvt.lu.d t3, fa3
core   0: 1 0x0000000080005810 (0xc236fe53) c1_fflags 0x0000000000000011 x28 0x0000000000000000
core   0: 0x0000000080005814 (0x2a271153) fmax.d  ft2, fa4, ft2
core   0: 1 0x0000000080005814 (0x2a271153) f2  0x41dffffc00000000
core   0: 0x0000000080005818 (0x00f38cbb) addw    s9, t2, a5
core   0: 1 0x0000000080005818 (0x00f38cbb) x25 0xffffffff9154777c
core   0: 0x000000008000581c (0x41ead59b) sraiw   a1, s5, 30
core   0: 1 0x000000008000581c (0x41ead59b) x11 0x0000000000000000
core   0: 0x0000000080005820 (0x23fc9cd3) fsgnjn.d fs9, fs9, ft11
core   0: 1 0x0000000080005820 (0x23fc9cd3) f25 0x7ff8000000000000
core   0: 0x0000000080005824 (0xc23479d3) fcvt.lu.d s3, fs0
core   0: 1 0x0000000080005824 (0xc23479d3) c1_fflags 0x0000000000000011 x19 0x0000000000000000
core   0: 0x0000000080005828 (0x00000001) c.nop
core   0: 1 0x0000000080005828 (0x0001)
core   0: 0x000000008000582a (0xc23bfe53) fcvt.lu.d t3, fs7
core   0: 1 0x000000008000582a (0xc23bfe53) c1_fflags 0x0000000000000011 x28 0xffffffffffffffff
core   0: 0x000000008000582e (0x00b063b3) or      t2, zero, a1
core   0: 1 0x000000008000582e (0x00b063b3) x7  0x0000000000000000
core   0: 0x0000000080005832 (0x01de7eb3) and     t4, t3, t4
core   0: 1 0x0000000080005832 (0x01de7eb3) x29 0x0000000000000003
core   0: 0x0000000080005836 (0x01c2ae33) slt     t3, t0, t3
core   0: 1 0x0000000080005836 (0x01c2ae33) x28 0x0000000000000000
core   0: 0x000000008000583a (0x4165553b) sraw    a0, a0, s6
core   0: 1 0x000000008000583a (0x4165553b) x10 0x0000000000000000
core   0: 0x000000008000583e (0x41f5551b) sraiw   a0, a0, 31
core   0: 1 0x000000008000583e (0x41f5551b) x10 0x0000000000000000
core   0: 0x0000000080005842 (0x01246433) or      s0, s0, s2
core   0: 1 0x0000000080005842 (0x01246433) x8  0x0000000000000030
core   0: 0x0000000080005846 (0x01d55b3b) srlw    s6, a0, t4
core   0: 1 0x0000000080005846 (0x01d55b3b) x22 0x0000000000000000
core   0: 0x000000008000584a (0x002d2d33) slt     s10, s10, sp
core   0: 1 0x000000008000584a (0x002d2d33) x26 0x0000000000000000
core   0: 0x000000008000584e (0x00000001) c.nop
core   0: 1 0x000000008000584e (0x0001)
core   0: 0x0000000080005850 (0x12147553) fmul.d  fa0, fs0, ft1
core   0: 1 0x0000000080005850 (0x12147553) f10 0xc3cffffc00000000
core   0: 0x0000000080005854 (0x0ff0000f) fence   iorw,iorw
core   0: 1 0x0000000080005854 (0x0ff0000f)
core   0: 0x0000000080005858 (0x028570b3) remu    ra, a0, s0
core   0: 1 0x0000000080005858 (0x028570b3) x1  0x0000000000000000
core   0: 0x000000008000585c (0x75057113) andi    sp, a0, 1872
core   0: 1 0x000000008000585c (0x75057113) x2  0x0000000000000000
core   0: 0x0000000080005860 (0xc21cf9d3) fcvt.wu.d s3, fs9
core   0: 1 0x0000000080005860 (0xc21cf9d3) c1_fflags 0x0000000000000011 x19 0xffffffffffffffff
core   0: 0x0000000080005864 (0x22ac0753) fsgnj.d fa4, fs8, fa0
core   0: 1 0x0000000080005864 (0x22ac0753) f14 0xfff8000000000000
core   0: 0x0000000080005868 (0xd252f147) fmsub.d ft2, ft5, ft5, fs10
core   0: 1 0x0000000080005868 (0xd252f147) f2  0x7ff8000000000000
core   0: 0x000000008000586c (0x133b79d3) fmul.d  fs3, fs6, fs3
core   0: 1 0x000000008000586c (0x133b79d3) f19 0x7ff8000000000000
core   0: 0x0000000080005870 (0xc219f753) fcvt.wu.d a4, fs3
core   0: 1 0x0000000080005870 (0xc219f753) c1_fflags 0x0000000000000011 x14 0xffffffffffffffff
core   0: 0x0000000080005874 (0x00948533) add     a0, s1, s1
core   0: 1 0x0000000080005874 (0x00948533) x10 0x0000000000000020
core   0: 0x0000000080005878 (0x0b13f453) fsub.d  fs0, ft7, fa7
core   0: 1 0x0000000080005878 (0x0b13f453) f8  0x7ff8000000000000
core   0: 0x000000008000587c (0xdb9f7ccf) fnmadd.d fs9, ft10, fs9, fs11
core   0: 1 0x000000008000587c (0xdb9f7ccf) f25 0x7ff8000000000000
core   0: 0x0000000080005880 (0x40b405bb) subw    a1, s0, a1
core   0: 1 0x0000000080005880 (0x40b405bb) x11 0x0000000000000030
core   0: 0x0000000080005884 (0x02f5d0bb) divuw   ra, a1, a5
core   0: 1 0x0000000080005884 (0x02f5d0bb) x1  0x0000000000000000
core   0: 0x0000000080005888 (0xd20d8f53) fcvt.d.w ft10, s11
core   0: 1 0x0000000080005888 (0xd20d8f53) f30 0x0000000000000000
core   0: 0x000000008000588c (0x2b9a0153) fmin.d  ft2, fs4, fs9
core   0: 1 0x000000008000588c (0x2b9a0153) f2  0x7ff8000000000000
core   0: 0x0000000080005890 (0x001a859b) addiw   a1, s5, 1
core   0: 1 0x0000000080005890 (0x001a859b) x11 0x0000000000000001
core   0: 0x0000000080005894 (0x00202173) csrrs   sp, frm, zero
core   0: 1 0x0000000080005894 (0x00202173) x2  0x0000000000000004
core   0: 0x0000000080005898 (0x2bef19d3) fmax.d  fs3, ft10, ft10
core   0: 1 0x0000000080005898 (0x2bef19d3) f19 0x0000000000000000
core   0: 0x000000008000589c (0xc03f7953) fcvt.lu.s s2, ft10
core   0: 1 0x000000008000589c (0xc03f7953) c1_fflags 0x0000000000000011 x18 0xffffffffffffffff
core   0: 0x00000000800058a0 (0x2a40ff4b) fnmsub.d ft10, ft1, ft4, ft5
core   0: 1 0x00000000800058a0 (0x2a40ff4b) f30 0x7ff8000000000000
core   0: 0x00000000800058a4 (0x01211db3) sll     s11, sp, s2
core   0: 1 0x00000000800058a4 (0x01211db3) x27 0x0000000000000000
core   0: 0x00000000800058a8 (0x01b3f3b3) and     t2, t2, s11
core   0: 1 0x00000000800058a8 (0x01b3f3b3) x7  0x0000000000000000
core   0: 0x00000000800058ac (0xebd57e43) fmadd.d ft8, fa0, ft9, ft9
core   0: 1 0x00000000800058ac (0xebd57e43) f28 0x0000000000000000
core   0: 0x00000000800058b0 (0x036ee2bb) remw    t0, t4, s6
core   0: 1 0x00000000800058b0 (0x036ee2bb) x5  0x0000000000000003
core   0: 0x00000000800058b4 (0x0233d793) srli    a5, t2, 35
core   0: 1 0x00000000800058b4 (0x0233d793) x15 0x0000000000000000
core   0: 0x00000000800058b8 (0xd2357853) fcvt.d.lu fa6, a0
core   0: 1 0x00000000800058b8 (0xd2357853) f16 0x4040000000000000
core   0: 0x00000000800058bc (0xf92c8b37) lui     s6, 0xf92c8
core   0: 1 0x00000000800058bc (0xf92c8b37) x22 0xfffffffff92c8000
core   0: 0x00000000800058c0 (0xc7fb0b1b) addiw   s6, s6, -897
core   0: 1 0x00000000800058c0 (0xc7fb0b1b) x22 0xfffffffff92c7c7f
core   0: 0x00000000800058c4 (0x00000b32) c.slli  s6, 12
core   0: 1 0x00000000800058c4 (0x0b32) x22 0xffffff92c7c7f000
core   0: 0x00000000800058c6 (0xe2ab0b13) addi    s6, s6, -470
core   0: 1 0x00000000800058c6 (0xe2ab0b13) x22 0xffffff92c7c7ee2a
core   0: 0x00000000800058ca (0x002024f3) csrrs   s1, frm, zero
core   0: 1 0x00000000800058ca (0x002024f3) x9  0x0000000000000004
core   0: 0x00000000800058ce (0xc050f3f3) csrrci  t2, hpmcounter5, 1
core   0: exception trap_illegal_instruction, epc 0x00000000800058ce
core   0:           tval 0x00000000c050f3f3
core   0: >>>>  $xrv64i2p1_m2p0_a2p1_f2p2_d2p2_zicsr2p0_zifencei2p0_zmmul1p0_zba1p0_zbb1p0_zbc1p0_zbs1p0
core   0: 0x0000000080004000 (0x0080006f) j       pc + 0x8
core   0: 3 0x0000000080004000 (0x0080006f)
core   0: >>>>  mmode_exception_handler
core   0: 0x0000000080004008 (0x00002c17) auipc   s8, 0x2
core   0: 3 0x0000000080004008 (0x00002c17) x24 0x0000000080006008
core   0: 0x000000008000400c (0xfe6c0c13) addi    s8, s8, -26
core   0: 3 0x000000008000400c (0xfe6c0c13) x24 0x0000000080005fee
core   0: 0x0000000080004010 (0x000c00e7) jalr    s8
core   0: 3 0x0000000080004010 (0x000c00e7) x1  0x0000000080004014
core   0: >>>>  any_handler
core   0: 0x0000000080005fee (0x341027f3) csrrs   a5, mepc, zero
core   0: 3 0x0000000080005fee (0x341027f3) x15 0x00000000800058ce
core   0: 0x0000000080005ff2 (0x34202773) csrrs   a4, mcause, zero
core   0: 3 0x0000000080005ff2 (0x34202773) x14 0x0000000000000002
core   0: 0x0000000080005ff6 (0x142026f3) csrrs   a3, scause, zero
core   0: 3 0x0000000080005ff6 (0x142026f3) x13 0x0000000000000000
core   0: 0x0000000080005ffa (0x30402673) csrrs   a2, mie, zero
core   0: 3 0x0000000080005ffa (0x30402673) x12 0x0000000000000a00
core   0: 0x0000000080005ffe (0x344025f3) csrrs   a1, mip, zero
core   0: 3 0x0000000080005ffe (0x344025f3) x11 0x0000000000000080
core   0: 0x0000000080006002 (0x343025f3) csrrs   a1, mtval, zero
core   0: 3 0x0000000080006002 (0x343025f3) x11 0x00000000c050f3f3
core   0: 0x0000000080006006 (0x14302573) csrrs   a0, stval, zero
core   0: 3 0x0000000080006006 (0x14302573) x10 0x0000000000000000
core   0: 0x000000008000600a (0xb02024f3) csrrs   s1, minstret, zero
core   0: 3 0x000000008000600a (0xb02024f3) x9  0x0000000000001060
core   0: 0x000000008000600e (0x0000a811) c.j     pc + 20
core   0: 3 0x000000008000600e (0xa811)
core   0: >>>>  mepc_4
core   0: 0x0000000080006022 (0x00000791) c.addi  a5, 4
core   0: 3 0x0000000080006022 (0x0791) x15 0x00000000800058d2
core   0: 0x0000000080006024 (0x34179073) csrrw   zero, mepc, a5
core   0: 3 0x0000000080006024 (0x34179073) c833_mepc 0x00000000800058d2
core   0: 0x0000000080006028 (0x30200073) mret
core   0: 3 0x0000000080006028 (0x30200073) c768_mstatus 0x8000000a00106080
core   0: 0x00000000800058d2 (0x0134d9b3) srl     s3, s1, s3
core   0: 1 0x00000000800058d2 (0x0134d9b3) x19 0x0000000000000000
core   0: 0x00000000800058d6 (0x40aad53b) sraw    a0, s5, a0
core   0: 1 0x00000000800058d6 (0x40aad53b) x10 0x0000000000000000
core   0: 0x00000000800058da (0x00f54033) xor     zero, a0, a5
core   0: 1 0x00000000800058da (0x00f54033)
core   0: 0x00000000800058de (0x137df653) fmul.d  fa2, fs11, fs7
core   0: 1 0x00000000800058de (0x137df653) f12 0x7ff8000000000000
core   0: 0x00000000800058e2 (0x121473d3) fmul.d  ft7, fs0, ft1
core   0: 1 0x00000000800058e2 (0x121473d3) f7  0x7ff8000000000000
core   0: 0x00000000800058e6 (0xd0307253) fcvt.s.lu ft4, zero
core   0: 1 0x00000000800058e6 (0xd0307253) f4  0xffffffff00000000
core   0: 0x00000000800058ea (0x038500bb) mulw    ra, a0, s8
core   0: 1 0x00000000800058ea (0x038500bb) x1  0x0000000000000000
core   0: 0x00000000800058ee (0xfff2e113) ori     sp, t0, -1
core   0: 1 0x00000000800058ee (0xfff2e113) x2  0xffffffffffffffff
core   0: 0x00000000800058f2 (0x1360fad3) fmul.d  fs5, ft1, fs6
core   0: 1 0x00000000800058f2 (0x1360fad3) f21 0x7ff8000000000000
core   0: 0x00000000800058f6 (0x4150d0bb) sraw    ra, ra, s5
core   0: 1 0x00000000800058f6 (0x4150d0bb) x1  0x0000000000000000
core   0: 0x00000000800058fa (0x001596f3) csrrw   a3, fflags, a1
core   0: 1 0x00000000800058fa (0x001596f3) x13 0x0000000000000011 c1_fflags 0x0000000000000013
core   0: 0x00000000800058fe (0x00189e73) csrrw   t3, fflags, a7
core   0: 1 0x00000000800058fe (0x00189e73) x28 0x0000000000000013 c1_fflags 0x000000000000001f
core   0: 0x0000000080005902 (0xd22af753) fcvt.d.l fa4, s5
core   0: 1 0x0000000080005902 (0xd22af753) f14 0x43d00e0000000000
core   0: 0x0000000080005906 (0x00000001) c.nop
core   0: 1 0x0000000080005906 (0x0001)
core   0: 0x0000000080005908 (0x0000136a) c.slli  t1, 58
core   0: 1 0x0000000080005908 (0x136a) x6  0xc400000000000000
core   0: 0x000000008000590a (0x02a92533) mulhsu  a0, s2, a0
core   0: 1 0x000000008000590a (0x02a92533) x10 0x0000000000000000
core   0: 0x000000008000590e (0x4bf07c13) andi    s8, zero, 1215
core   0: 1 0x000000008000590e (0x4bf07c13) x24 0x0000000000000000
core   0: 0x0000000080005912 (0x001b969b) slliw   a3, s7, 1
core   0: 1 0x0000000080005912 (0x001b969b) x13 0x0000000000000006
core   0: 0x0000000080005916 (0x238493d3) fsgnjn.d ft7, fs1, fs8
core   0: 1 0x0000000080005916 (0x238493d3) f7  0x8000000000000000
core   0: 0x000000008000591a (0x40d70e3b) subw    t3, a4, a3
core   0: 1 0x000000008000591a (0x40d70e3b) x28 0xfffffffffffffffc
core   0: 0x000000008000591e (0x23b38dd3) fsgnj.d fs11, ft7, fs11
core   0: 1 0x000000008000591e (0x23b38dd3) f27 0x8000000000000000
core   0: 0x0000000080005922 (0xd0257953) fcvt.s.l fs2, a0
core   0: 1 0x0000000080005922 (0xd0257953) f18 0xffffffff00000000
core   0: 0x0000000080005926 (0x00806d33) or      s10, zero, s0
core   0: 1 0x0000000080005926 (0x00806d33) x26 0x0000000000000030
core   0: 0x000000008000592a (0x41f25b9b) sraiw   s7, tp, 31
core   0: 1 0x000000008000592a (0x41f25b9b) x23 0x0000000000000000
core   0: 0x000000008000592e (0x00fbac33) slt     s8, s7, a5
core   0: 1 0x000000008000592e (0x00fbac33) x24 0x0000000000000001
core   0: 0x0000000080005932 (0xc204f553) fcvt.w.d a0, fs1
core   0: 1 0x0000000080005932 (0xc204f553) x10 0x0000000000000000
core   0: 0x0000000080005936 (0xc2157653) fcvt.wu.d a2, fa0
core   0: 1 0x0000000080005936 (0xc2157653) c1_fflags 0x000000000000001f x12 0x0000000000000000
core   0: 0x000000008000593a (0x00000001) c.nop
core   0: 1 0x000000008000593a (0x0001)
core   0: 0x000000008000593c (0x010352b3) srl     t0, t1, a6
core   0: 1 0x000000008000593c (0x010352b3) x5  0x3100000000000000
core   0: 0x0000000080005940 (0xd2060753) fcvt.d.w fa4, a2
core   0: 1 0x0000000080005940 (0xd2060753) f14 0x0000000000000000
core   0: 0x0000000080005944 (0x00009136) c.add   sp, a3
core   0: 1 0x0000000080005944 (0x9136) x2  0x0000000000000005
core   0: 0x0000000080005946 (0x027d9213) slli    tp, s11, 39
core   0: 1 0x0000000080005946 (0x027d9213) x4  0x0000000000000000
core   0: 0x000000008000594a (0x0ff0000f) fence   iorw,iorw
core   0: 1 0x000000008000594a (0x0ff0000f)
core   0: 0x000000008000594e (0x0007d493) srli    s1, a5, 0
core   0: 1 0x000000008000594e (0x0007d493) x9  0x00000000800058d2
core   0: 0x0000000080005952 (0x40d6d8b3) sra     a7, a3, a3
core   0: 1 0x0000000080005952 (0x40d6d8b3) x17 0x0000000000000000
core   0: 0x0000000080005956 (0xd0337553) fcvt.s.lu fa0, t1
core   0: 1 0x0000000080005956 (0xd0337553) f10 0xffffffff5f440000
core   0: 0x000000008000595a (0x59f34e13) xori    t3, t1, 1439
core   0: 1 0x000000008000595a (0x59f34e13) x28 0xc40000000000059f
core   0: 0x000000008000595e (0x01822533) slt     a0, tp, s8
core   0: 1 0x000000008000595e (0x01822533) x10 0x0000000000000001
core   0: 0x0000000080005962 (0x00000001) c.nop
core   0: 1 0x0000000080005962 (0x0001)
core   0: 0x0000000080005964 (0x02ae54bb) divuw   s1, t3, a0
core   0: 1 0x0000000080005964 (0x02ae54bb) x9  0x000000000000059f
core   0: 0x0000000080005968 (0x5a067c53) fsqrt.d fs8, fa2
core   0: 1 0x0000000080005968 (0x5a067c53) f24 0x7ff8000000000000
core   0: 0x000000008000596c (0x23980b53) fsgnj.d fs6, fa6, fs9
core   0: 1 0x000000008000596c (0x23980b53) f22 0x4040000000000000
core   0: 0x0000000080005970 (0x1a147453) fdiv.d  fs0, fs0, ft1
core   0: 1 0x0000000080005970 (0x1a147453) f8  0x7ff8000000000000
core   0: 0x0000000080005974 (0x00249433) sll     s0, s1, sp
core   0: 1 0x0000000080005974 (0x00249433) x8  0x000000000000b3e0
core   0: 0x0000000080005978 (0x401a7dd3) fcvt.s.d fs11, fs4
core   0: 1 0x0000000080005978 (0x401a7dd3) f27 0xffffffff7fc00000
core   0: 0x000000008000597c (0x4094583b) sraw    a6, s0, s1
core   0: 1 0x000000008000597c (0x4094583b) x16 0x0000000000000000
core   0: 0x0000000080005980 (0x0118d733) srl     a4, a7, a7
core   0: 1 0x0000000080005980 (0x0118d733) x14 0x0000000000000000
core   0: 0x0000000080005984 (0x22b13197) auipc   gp, 0x22b13
core   0: 1 0x0000000080005984 (0x22b13197) x3  0x00000000a2b18984
core   0: 0x0000000080005988 (0x23c418d3) fsgnjn.d fa7, fs0, ft8
core   0: 1 0x0000000080005988 (0x23c418d3) f17 0xfff8000000000000
core   0: 0x000000008000598c (0x01fc589b) srliw   a7, s8, 31
core   0: 1 0x000000008000598c (0x01fc589b) x17 0x0000000000000000
core   0: 0x0000000080005990 (0x00188e9b) addiw   t4, a7, 1
core   0: 1 0x0000000080005990 (0x00188e9b) x29 0x0000000000000001
core   0: 0x0000000080005994 (0x41f3db9b) sraiw   s7, t2, 31
core   0: 1 0x0000000080005994 (0x41f3db9b) x23 0x0000000000000000
core   0: 0x0000000080005998 (0xd02276d3) fcvt.s.l fa3, tp
core   0: 1 0x0000000080005998 (0xd02276d3) f13 0xffffffff00000000
core   0: 0x000000008000599c (0x40f7dcbb) sraw    s9, a5, a5
core   0: 1 0x000000008000599c (0x40f7dcbb) x25 0xffffffffffffe000
core   0: 0x00000000800059a0 (0xd21b8ad3) fcvt.d.wu fs5, s7
core   0: 1 0x00000000800059a0 (0xd21b8ad3) f21 0x0000000000000000
core   0: 0x00000000800059a4 (0x008a15bb) sllw    a1, s4, s0
core   0: 1 0x00000000800059a4 (0x008a15bb) x11 0xffffffffffffffff
core   0: 0x00000000800059a8 (0x01ae93bb) sllw    t2, t4, s10
core   0: 1 0x00000000800059a8 (0x01ae93bb) x7  0x0000000000010000
core   0: 0x00000000800059ac (0x03b9d033) divu    zero, s3, s11
core   0: 1 0x00000000800059ac (0x03b9d033)
core   0: 0x00000000800059b0 (0x007595b3) sll     a1, a1, t2
core   0: 1 0x00000000800059b0 (0x007595b3) x11 0xffffffffffffffff
core   0: 0x00000000800059b4 (0x02a89533) mulh    a0, a7, a0
core   0: 1 0x00000000800059b4 (0x02a89533) x10 0x0000000000000000
core   0: 0x00000000800059b8 (0x00487c37) lui     s8, 0x487
core   0: 1 0x00000000800059b8 (0x00487c37) x24 0x0000000000487000
core   0: 0x00000000800059bc (0xd67c0c1b) addiw   s8, s8, -665
core   0: 1 0x00000000800059bc (0xd67c0c1b) x24 0x0000000000486d67
core   0: 0x00000000800059c0 (0x00000c42) c.slli  s8, 16
core   0: 1 0x00000000800059c0 (0x0c42) x24 0x000000486d670000
core   0: 0x00000000800059c2 (0x788c0c13) addi    s8, s8, 1928
core   0: 1 0x00000000800059c2 (0x788c0c13) x24 0x000000486d670788
core   0: 0x00000000800059c6 (0xc226f5d3) fcvt.l.d a1, fa3
core   0: 1 0x00000000800059c6 (0xc226f5d3) c1_fflags 0x000000000000001f x11 0x7fffffffffffffff
core   0: 0x00000000800059ca (0xc2307153) fcvt.lu.d sp, ft0
core   0: 1 0x00000000800059ca (0xc2307153) x2  0x0000000000000000
core   0: 0x00000000800059ce (0x02d47453) fadd.d  fs0, fs0, fa3
core   0: 1 0x00000000800059ce (0x02d47453) f8  0x7ff8000000000000
core   0: 0x00000000800059d2 (0x03bd84b3) mul     s1, s11, s11
core   0: 1 0x00000000800059d2 (0x03bd84b3) x9  0x0000000000000000
core   0: 0x00000000800059d6 (0x41bd8e33) sub     t3, s11, s11
core   0: 1 0x00000000800059d6 (0x41bd8e33) x28 0x0000000000000000
core   0: 0x00000000800059da (0x420a8d53) fcvt.d.s fs10, fs5
core   0: 1 0x00000000800059da (0x420a8d53) f26 0x7ff8000000000000
core   0: 0x00000000800059de (0x13f7f7d3) fmul.d  fa5, fa5, ft11
core   0: 1 0x00000000800059de (0x13f7f7d3) f15 0x7ff8000000000000
core   0: 0x00000000800059e2 (0xe20787d3) fmv.x.d a5, fa5
core   0: 1 0x00000000800059e2 (0xe20787d3) x15 0x7ff8000000000000
core   0: 0x00000000800059e6 (0x00202773) csrrs   a4, frm, zero
core   0: 1 0x00000000800059e6 (0x00202773) x14 0x0000000000000004
core   0: 0x00000000800059ea (0xc2047d53) fcvt.w.d s10, fs0
core   0: 1 0x00000000800059ea (0xc2047d53) c1_fflags 0x000000000000001f x26 0x000000007fffffff
core   0: 0x00000000800059ee (0x22e59953) fsgnjn.d fs2, fa1, fa4
core   0: 1 0x00000000800059ee (0x22e59953) f18 0xbff0000000000000
core   0: 0x00000000800059f2 (0x001022f3) csrrs   t0, fflags, zero
core   0: 1 0x00000000800059f2 (0x001022f3) x5  0x000000000000001f
core   0: 0x00000000800059f6 (0xd23a7553) fcvt.d.lu fa0, s4
core   0: 1 0x00000000800059f6 (0xd23a7553) f10 0x425fffffffffc000
core   0: 0x00000000800059fa (0xd2160f53) fcvt.d.wu ft10, a2
core   0: 1 0x00000000800059fa (0xd2160f53) f30 0x0000000000000000
core   0: 0x00000000800059fe (0x0251dab3) divu    s5, gp, t0
core   0: 1 0x00000000800059fe (0x0251dab3) x21 0x00000000053f8890
core   0: 0x0000000080005a02 (0x0154d61b) srliw   a2, s1, 21
core   0: 1 0x0000000080005a02 (0x0154d61b) x12 0x0000000000000000
core   0: 0x0000000080005a06 (0x000a1d9b) slliw   s11, s4, 0
core   0: 1 0x0000000080005a06 (0x000a1d9b) x27 0xffffffffffffffff
core   0: 0x0000000080005a0a (0x0365cd3b) divw    s10, a1, s6
core   0: 1 0x0000000080005a0a (0x0365cd3b) x26 0x0000000000000000
core   0: 0x0000000080005a0e (0xebd479c7) fmsub.d fs3, fs0, ft9, ft9
core   0: 1 0x0000000080005a0e (0xebd479c7) f19 0x7ff8000000000000
core   0: 0x0000000080005a12 (0x0188fd33) and     s10, a7, s8
core   0: 1 0x0000000080005a12 (0x0188fd33) x26 0x0000000000000000
core   0: 0x0000000080005a16 (0x03161633) mulh    a2, a2, a7
core   0: 1 0x0000000080005a16 (0x03161633) x12 0x0000000000000000
core   0: 0x0000000080005a1a (0x5bc5f5c3) fmadd.d fa1, fa1, ft8, fa1
core   0: 1 0x0000000080005a1a (0x5bc5f5c3) f11 0xbff0000000000000
core   0: 0x0000000080005a1e (0x00d60b3b) addw    s6, a2, a3
core   0: 1 0x0000000080005a1e (0x00d60b3b) x22 0x0000000000000006
core   0: 0x0000000080005a22 (0xd2010153) fcvt.d.w ft2, sp
core   0: 1 0x0000000080005a22 (0xd2010153) f2  0x0000000000000000
core   0: 0x0000000080005a26 (0x0365d03b) divuw   zero, a1, s6
core   0: 1 0x0000000080005a26 (0x0365d03b)
core   0: 0x0000000080005a2a (0x00379e3b) sllw    t3, a5, gp
core   0: 1 0x0000000080005a2a (0x00379e3b) x28 0x0000000000000000
core   0: 0x0000000080005a2e (0x34517017) auipc   zero, 0x34517
core   0: 1 0x0000000080005a2e (0x34517017)
core   0: 0x0000000080005a32 (0x001ed29b) srliw   t0, t4, 1
core   0: 1 0x0000000080005a32 (0x001ed29b) x5  0x0000000000000000
core   0: 0x0000000080005a36 (0x0003eb33) or      s6, t2, zero
core   0: 1 0x0000000080005a36 (0x0003eb33) x22 0x0000000000010000
core   0: 0x0000000080005a3a (0x236c97d3) fsgnjn.d fa5, fs9, fs6
core   0: 1 0x0000000080005a3a (0x236c97d3) f15 0xfff8000000000000
core   0: 0x0000000080005a3e (0x000396b3) sll     a3, t2, zero
core   0: 1 0x0000000080005a3e (0x000396b3) x13 0x0000000000010000
core   0: 0x0000000080005a42 (0xf20b0853) fmv.d.x fa6, s6
core   0: 1 0x0000000080005a42 (0xf20b0853) f16 0x0000000000010000
core   0: 0x0000000080005a46 (0x2b0b1ad3) fmax.d  fs5, fs6, fa6
core   0: 1 0x0000000080005a46 (0x2b0b1ad3) f21 0x4040000000000000
core   0: 0x0000000080005a4a (0x229a91d3) fsgnjn.d ft3, fs5, fs1
core   0: 1 0x0000000080005a4a (0x229a91d3) f3  0xc040000000000000
core   0: 0x0000000080005a4e (0xf2008553) fmv.d.x fa0, ra
core   0: 1 0x0000000080005a4e (0xf2008553) f10 0x0000000000000000
core   0: 0x0000000080005a52 (0x024277bb) remuw   a5, tp, tp
core   0: 1 0x0000000080005a52 (0x024277bb) x15 0x0000000000000000
core   0: 0x0000000080005a56 (0x77eceab7) lui     s5, 0x77ece
core   0: 1 0x0000000080005a56 (0x77eceab7) x21 0x0000000077ece000
core   0: 0x0000000080005a5a (0x0172d2bb) srlw    t0, t0, s7
core   0: 1 0x0000000080005a5a (0x0172d2bb) x5  0x0000000000000000
core   0: 0x0000000080005a5e (0xf2028453) fmv.d.x fs0, t0
core   0: 1 0x0000000080005a5e (0xf2028453) f8  0x0000000000000000
core   0: 0x0000000080005a62 (0x005056bb) srlw    a3, zero, t0
core   0: 1 0x0000000080005a62 (0x005056bb) x13 0x0000000000000000
core   0: 0x0000000080005a66 (0x40127e53) fcvt.s.d ft8, ft4
core   0: 1 0x0000000080005a66 (0x40127e53) f28 0xffffffff7fc00000
core   0: 0x0000000080005a6a (0x009014b3) sll     s1, zero, s1
core   0: 1 0x0000000080005a6a (0x009014b3) x9  0x0000000000000000
core   0: 0x0000000080005a6e (0x0001511b) srliw   sp, sp, 0
core   0: 1 0x0000000080005a6e (0x0001511b) x2  0x0000000000000000
core   0: 0x0000000080005a72 (0x02f17d53) fadd.d  fs10, ft2, fa5
core   0: 1 0x0000000080005a72 (0x02f17d53) f26 0x7ff8000000000000
core   0: 0x0000000080005a76 (0x034a0a33) mul     s4, s4, s4
core   0: 1 0x0000000080005a76 (0x034a0a33) x20 0xffffff0000000001
core   0: 0x0000000080005a7a (0x011ad29b) srliw   t0, s5, 17
core   0: 1 0x0000000080005a7a (0x011ad29b) x5  0x0000000000003bf6
core   0: 0x0000000080005a7e (0x0ff0000f) fence   iorw,iorw
core   0: 1 0x0000000080005a7e (0x0ff0000f)
core   0: 0x0000000080005a82 (0x234798d3) fsgnjn.d fa7, fa5, fs4
core   0: 1 0x0000000080005a82 (0x234798d3) f17 0xfff8000000000000
core   0: 0x0000000080005a86 (0x411888b3) sub     a7, a7, a7
core   0: 1 0x0000000080005a86 (0x411888b3) x17 0x0000000000000000
core   0: 0x0000000080005a8a (0x0002d31b) srliw   t1, t0, 0
core   0: 1 0x0000000080005a8a (0x0002d31b) x6  0x0000000000003bf6
core   0: 0x0000000080005a8e (0x23242453) fsgnjx.d fs0, fs0, fs2
core   0: 1 0x0000000080005a8e (0x23242453) f8  0x8000000000000000
core   0: 0x0000000080005a92 (0x002022f3) csrrs   t0, frm, zero
core   0: 1 0x0000000080005a92 (0x002022f3) x5  0x0000000000000004
core   0: 0x0000000080005a96 (0xa33d0cd3) fle.d   s9, fs10, fs3
core   0: 1 0x0000000080005a96 (0xa33d0cd3) c1_fflags 0x000000000000001f x25 0x0000000000000000
core   0: 0x0000000080005a9a (0x3b1974c3) fmadd.d fs1, fs2, fa7, ft7
core   0: 1 0x0000000080005a9a (0x3b1974c3) f9  0x7ff8000000000000
core   0: 0x0000000080005a9e (0x00bd149b) slliw   s1, s10, 11
core   0: 1 0x0000000080005a9e (0x00bd149b) x9  0x0000000000000000
core   0: 0x0000000080005aa2 (0x02739d33) mulh    s10, t2, t2
core   0: 1 0x0000000080005aa2 (0x02739d33) x26 0x0000000000000000
core   0: 0x0000000080005aa6 (0xa2848a53) fle.d   s4, fs1, fs0
core   0: 1 0x0000000080005aa6 (0xa2848a53) c1_fflags 0x000000000000001f x20 0x0000000000000000
core   0: 0x0000000080005aaa (0xd22a7fd3) fcvt.d.l ft11, s4
core   0: 1 0x0000000080005aaa (0xd22a7fd3) f31 0x0000000000000000
core   0: 0x0000000080005aae (0x7d4d7293) andi    t0, s10, 2004
core   0: 1 0x0000000080005aae (0x7d4d7293) x5  0x0000000000000000
core   0: 0x0000000080005ab2 (0xd20986d3) fcvt.d.w fa3, s3
core   0: 1 0x0000000080005ab2 (0xd20986d3) f13 0x0000000000000000
core   0: 0x0000000080005ab6 (0x0a66f353) fsub.d  ft6, fa3, ft6
core   0: 1 0x0000000080005ab6 (0x0a66f353) f6  0x7ff8000000000000
core   0: 0x0000000080005aba (0x0152de1b) srliw   t3, t0, 21
core   0: 1 0x0000000080005aba (0x0152de1b) x28 0x0000000000000000
core   0: 0x0000000080005abe (0xc026f453) fcvt.l.s s0, fa3
core   0: 1 0x0000000080005abe (0xc026f453) c1_fflags 0x000000000000001f x8  0x7fffffffffffffff
core   0: 0x0000000080005ac2 (0xf2008853) fmv.d.x fa6, ra
core   0: 1 0x0000000080005ac2 (0xf2008853) f16 0x0000000000000000
core   0: 0x0000000080005ac6 (0xf11066f3) csrrsi  a3, mvendorid, 0
core   0: exception trap_illegal_instruction, epc 0x0000000080005ac6
core   0:           tval 0x00000000f11066f3
core   0: >>>>  $xrv64i2p1_m2p0_a2p1_f2p2_d2p2_zicsr2p0_zifencei2p0_zmmul1p0_zba1p0_zbb1p0_zbc1p0_zbs1p0
core   0: 0x0000000080004000 (0x0080006f) j       pc + 0x8
core   0: 3 0x0000000080004000 (0x0080006f)
core   0: >>>>  mmode_exception_handler
core   0: 0x0000000080004008 (0x00002c17) auipc   s8, 0x2
core   0: 3 0x0000000080004008 (0x00002c17) x24 0x0000000080006008
core   0: 0x000000008000400c (0xfe6c0c13) addi    s8, s8, -26
core   0: 3 0x000000008000400c (0xfe6c0c13) x24 0x0000000080005fee
core   0: 0x0000000080004010 (0x000c00e7) jalr    s8
core   0: 3 0x0000000080004010 (0x000c00e7) x1  0x0000000080004014
core   0: >>>>  any_handler
core   0: 0x0000000080005fee (0x341027f3) csrrs   a5, mepc, zero
core   0: 3 0x0000000080005fee (0x341027f3) x15 0x0000000080005ac6
core   0: 0x0000000080005ff2 (0x34202773) csrrs   a4, mcause, zero
core   0: 3 0x0000000080005ff2 (0x34202773) x14 0x0000000000000002
core   0: 0x0000000080005ff6 (0x142026f3) csrrs   a3, scause, zero
core   0: 3 0x0000000080005ff6 (0x142026f3) x13 0x0000000000000000
core   0: 0x0000000080005ffa (0x30402673) csrrs   a2, mie, zero
core   0: 3 0x0000000080005ffa (0x30402673) x12 0x0000000000000a00
core   0: 0x0000000080005ffe (0x344025f3) csrrs   a1, mip, zero
core   0: 3 0x0000000080005ffe (0x344025f3) x11 0x0000000000000080
core   0: 0x0000000080006002 (0x343025f3) csrrs   a1, mtval, zero
core   0: 3 0x0000000080006002 (0x343025f3) x11 0x00000000f11066f3
core   0: 0x0000000080006006 (0x14302573) csrrs   a0, stval, zero
core   0: 3 0x0000000080006006 (0x14302573) x10 0x0000000000000000
core   0: 0x000000008000600a (0xb02024f3) csrrs   s1, minstret, zero
core   0: 3 0x000000008000600a (0xb02024f3) x9  0x00000000000010f0
core   0: 0x000000008000600e (0x0000a811) c.j     pc + 20
core   0: 3 0x000000008000600e (0xa811)
core   0: >>>>  mepc_4
core   0: 0x0000000080006022 (0x00000791) c.addi  a5, 4
core   0: 3 0x0000000080006022 (0x0791) x15 0x0000000080005aca
core   0: 0x0000000080006024 (0x34179073) csrrw   zero, mepc, a5
core   0: 3 0x0000000080006024 (0x34179073) c833_mepc 0x0000000080005aca
core   0: 0x0000000080006028 (0x30200073) mret
core   0: 3 0x0000000080006028 (0x30200073) c768_mstatus 0x8000000a00106080
core   0: 0x0000000080005aca (0x4004da93) srai    s5, s1, 0
core   0: 1 0x0000000080005aca (0x4004da93) x21 0x00000000000010f0
core   0: 0x0000000080005ace (0xd024f753) fcvt.s.l fa4, s1
core   0: 1 0x0000000080005ace (0xd024f753) f14 0xffffffff45878000
core   0: 0x0000000080005ad2 (0x0bc07853) fsub.d  fa6, ft0, ft8
core   0: 1 0x0000000080005ad2 (0x0bc07853) f16 0x7ff8000000000000
core   0: 0x0000000080005ad6 (0x0110e793) ori     a5, ra, 17
core   0: 1 0x0000000080005ad6 (0x0110e793) x15 0x0000000080004015
core   0: 0x0000000080005ada (0x00102a73) csrrs   s4, fflags, zero
core   0: 1 0x0000000080005ada (0x00102a73) x20 0x000000000000001f
core   0: 0x0000000080005ade (0x02421d33) mulh    s10, tp, tp
core   0: 1 0x0000000080005ade (0x02421d33) x26 0x0000000000000000
core   0: 0x0000000080005ae2 (0x014a2a33) slt     s4, s4, s4
core   0: 1 0x0000000080005ae2 (0x014a2a33) x20 0x0000000000000000
core   0: 0x0000000080005ae6 (0x00041c93) slli    s9, s0, 0
core   0: 1 0x0000000080005ae6 (0x00041c93) x25 0x7fffffffffffffff
core   0: 0x0000000080005aea (0xd2367a53) fcvt.d.lu fs4, a2
core   0: 1 0x0000000080005aea (0xd2367a53) f20 0x40a4000000000000
core   0: 0x0000000080005aee (0x00102d73) csrrs   s10, fflags, zero
core   0: 1 0x0000000080005aee (0x00102d73) x26 0x000000000000001f
core   0: 0x0000000080005af2 (0x021193b3) mulh    t2, gp, ra
core   0: 1 0x0000000080005af2 (0x021193b3) x7  0x0000000000000000
core   0: 0x0000000080005af6 (0xc213fd53) fcvt.wu.d s10, ft7
core   0: 1 0x0000000080005af6 (0xc213fd53) x26 0x0000000000000000
core   0: 0x0000000080005afa (0xc21a7e53) fcvt.wu.d t3, fs4
core   0: 1 0x0000000080005afa (0xc21a7e53) x28 0x0000000000000a00
core   0: 0x0000000080005afe (0x00145533) srl     a0, s0, ra
core   0: 1 0x0000000080005afe (0x00145533) x10 0x000007ffffffffff
core   0: 0x0000000080005b02 (0x4012f0d3) fcvt.s.d ft1, ft5
core   0: 1 0x0000000080005b02 (0x4012f0d3) f1  0xffffffff7fc00000
core   0: 0x0000000080005b06 (0x02850733) mul     a4, a0, s0
core   0: 1 0x0000000080005b06 (0x02850733) x14 0x7ffff80000000001
core   0: 0x0000000080005b0a (0x019498bb) sllw    a7, s1, s9
core   0: 1 0x0000000080005b0a (0x019498bb) x17 0x0000000000000000
core   0: 0x0000000080005b0e (0xc200f453) fcvt.w.d s0, ft1
core   0: 1 0x0000000080005b0e (0xc200f453) c1_fflags 0x000000000000001f x8  0x000000007fffffff
core   0: 0x0000000080005b12 (0x5a05fb53) fsqrt.d fs6, fa1
core   0: 1 0x0000000080005b12 (0x5a05fb53) c1_fflags 0x000000000000001f f22 0x7ff8000000000000
core   0: 0x0000000080005b16 (0xdcbb6493) ori     s1, s6, -565
core   0: 1 0x0000000080005b16 (0xdcbb6493) x9  0xfffffffffffffdcb
core   0: 0x0000000080005b1a (0x0b2c7953) fsub.d  fs2, fs8, fs2
core   0: 1 0x0000000080005b1a (0x0b2c7953) f18 0x7ff8000000000000
core   0: 0x0000000080005b1e (0x00085e1b) srliw   t3, a6, 0
core   0: 1 0x0000000080005b1e (0x00085e1b) x28 0x0000000000000000
core   0: 0x0000000080005b22 (0x420b0c53) fcvt.d.s fs8, fs6
core   0: 1 0x0000000080005b22 (0x420b0c53) f24 0x7ff8000000000000
core   0: 0x0000000080005b26 (0x400d5793) srai    a5, s10, 0
core   0: 1 0x0000000080005b26 (0x400d5793) x15 0x0000000000000000
core   0: 0x0000000080005b2a (0x4018f253) fcvt.s.d ft4, fa7
core   0: 1 0x0000000080005b2a (0x4018f253) f4  0xffffffff7fc00000
core   0: 0x0000000080005b2e (0x40ea5b3b) sraw    s6, s4, a4
core   0: 1 0x0000000080005b2e (0x40ea5b3b) x22 0x0000000000000000
core   0: 0x0000000080005b32 (0xd21a0953) fcvt.d.wu fs2, s4
core   0: 1 0x0000000080005b32 (0xd21a0953) f18 0x0000000000000000
core   0: 0x0000000080005b36 (0x002696b3) sll     a3, a3, sp
core   0: 1 0x0000000080005b36 (0x002696b3) x13 0x0000000000000000
core   0: 0x0000000080005b3a (0xc0357ed3) fcvt.lu.s t4, fa0
core   0: 1 0x0000000080005b3a (0xc0357ed3) c1_fflags 0x000000000000001f x29 0xffffffffffffffff
core   0: 0x0000000080005b3e (0x038270d3) fadd.d  ft1, ft4, fs8
core   0: 1 0x0000000080005b3e (0x038270d3) f1  0x7ff8000000000000
core   0: 0x0000000080005b42 (0x4011fa53) fcvt.s.d fs4, ft3
core   0: 1 0x0000000080005b42 (0x4011fa53) f20 0xffffffffc2000000
core   0: 0x0000000080005b46 (0x003caa33) slt     s4, s9, gp
core   0: 1 0x0000000080005b46 (0x003caa33) x20 0x0000000000000000
core   0: 0x0000000080005b4a (0x9ff1021b) addiw   tp, sp, -1537
core   0: 1 0x0000000080005b4a (0x9ff1021b) x4  0xfffffffffffff9ff
core   0: 0x0000000080005b4e (0x02beb433) mulhu   s0, t4, a1
core   0: 1 0x0000000080005b4e (0x02beb433) x8  0x00000000f11066f2
core   0: 0x0000000080005b52 (0x026909bb) mulw    s3, s2, t1
core   0: 1 0x0000000080005b52 (0x026909bb) x19 0xffffffffffffc40a
core   0: 0x0000000080005b56 (0x0200c1b3) div     gp, ra, zero
core   0: 1 0x0000000080005b56 (0x0200c1b3) x3  0xffffffffffffffff
core   0: 0x0000000080005b5a (0xe20486d3) fmv.x.d a3, fs1
core   0: 1 0x0000000080005b5a (0xe20486d3) x13 0x7ff8000000000000
core   0: 0x0000000080005b5e (0x41dc04b3) sub     s1, s8, t4
core   0: 1 0x0000000080005b5e (0x41dc04b3) x9  0x0000000080005fef
core   0: 0x0000000080005b62 (0x002022f3) csrrs   t0, frm, zero
core   0: 1 0x0000000080005b62 (0x002022f3) x5  0x0000000000000004
core   0: 0x0000000080005b66 (0x40d304bb) subw    s1, t1, a3
core   0: 1 0x0000000080005b66 (0x40d304bb) x9  0x0000000000003bf6
core   0: 0x0000000080005b6a (0x030276b3) remu    a3, tp, a6
core   0: 1 0x0000000080005b6a (0x030276b3) x13 0xfffffffffffff9ff
core   0: 0x0000000080005b6e (0x024d60bb) remw    ra, s10, tp
core   0: 1 0x0000000080005b6e (0x024d60bb) x1  0x0000000000000000
core   0: 0x0000000080005b72 (0x22ae8953) fsgnj.d fs2, ft9, fa0
core   0: 1 0x0000000080005b72 (0x22ae8953) f18 0x0000000000000000
core   0: 0x0000000080005b76 (0x015ea3b3) slt     t2, t4, s5
core   0: 1 0x0000000080005b76 (0x015ea3b3) x7  0x0000000000000001
core   0: 0x0000000080005b7a (0x032578d3) fadd.d  fa7, fa0, fs2
core   0: 1 0x0000000080005b7a (0x032578d3) f17 0x0000000000000000
core   0: 0x0000000080005b7e (0x42020453) fcvt.d.s fs0, ft4
core   0: 1 0x0000000080005b7e (0x42020453) f8  0x7ff8000000000000
core   0: 0x0000000080005b82 (0x4186dc33) sra     s8, a3, s8
core   0: 1 0x0000000080005b82 (0x4186dc33) x24 0xffffffffffffffff
core   0: 0x0000000080005b86 (0x03b1d4bb) divuw   s1, gp, s11
core   0: 1 0x0000000080005b86 (0x03b1d4bb) x9  0x0000000000000001
core   0: 0x0000000080005b8a (0x140b9973) csrrw   s2, sscratch, s7
core   0: 1 0x0000000080005b8a (0x140b9973) x18 0x0000000000000000 c320_sscratch 0x0000000000000000
core   0: 0x0000000080005b8e (0xc02a72d3) fcvt.l.s t0, fs4
core   0: 1 0x0000000080005b8e (0xc02a72d3) x5  0xffffffffffffffe0
core   0: 0x0000000080005b92 (0xa29677c3) fmadd.d fa5, fa2, fs1, fs4
core   0: 1 0x0000000080005b92 (0xa29677c3) f15 0x7ff8000000000000
core   0: 0x0000000080005b96 (0x401f7f53) fcvt.s.d ft10, ft10
core   0: 1 0x0000000080005b96 (0x401f7f53) f30 0xffffffff00000000
core   0: 0x0000000080005b9a (0xd032f5d3) fcvt.s.lu fa1, t0
core   0: 1 0x0000000080005b9a (0xd032f5d3) c1_fflags 0x000000000000001f f11 0xffffffff5f800000
core   0: 0x0000000080005b9e (0x005c87b3) add     a5, s9, t0
core   0: 1 0x0000000080005b9e (0x005c87b3) x15 0x7fffffffffffffdf
core   0: 0x0000000080005ba2 (0x00189413) slli    s0, a7, 1
core   0: 1 0x0000000080005ba2 (0x00189413) x8  0x0000000000000000
core   0: 0x0000000080005ba6 (0xc211fcd3) fcvt.wu.d s9, ft3
core   0: 1 0x0000000080005ba6 (0xc211fcd3) c1_fflags 0x000000000000001f x25 0x0000000000000000
core   0: 0x0000000080005baa (0x23a0a9d3) fsgnjx.d fs3, ft1, fs10
core   0: 1 0x0000000080005baa (0x23a0a9d3) f19 0x7ff8000000000000
core   0: 0x0000000080005bae (0x00eddd9b) srliw   s11, s11, 14
core   0: 1 0x0000000080005bae (0x00eddd9b) x27 0x000000000003ffff
core   0: 0x0000000080005bb2 (0x1418a573) csrrs   a0, sepc, a7
core   0: 1 0x0000000080005bb2 (0x1418a573) x10 0x0000000000000000 c321_sepc 0x0000000000000000
core   0: 0x0000000080005bb6 (0x7ff76293) ori     t0, a4, 2047
core   0: 1 0x0000000080005bb6 (0x7ff76293) x5  0x7ffff800000007ff
core   0: 0x0000000080005bba (0x0249b833) mulhu   a6, s3, tp
core   0: 1 0x0000000080005bba (0x0249b833) x16 0xffffffffffffbe09
core   0: 0x0000000080005bbe (0x006ab8b7) lui     a7, 0x6ab
core   0: 1 0x0000000080005bbe (0x006ab8b7) x17 0x00000000006ab000
core   0: 0x0000000080005bc2 (0xd618889b) addiw   a7, a7, -671
core   0: 1 0x0000000080005bc2 (0xd618889b) x17 0x00000000006aad61
core   0: 0x0000000080005bc6 (0x000008b6) c.slli  a7, 13
core   0: 1 0x0000000080005bc6 (0x08b6) x17 0x0000000d55ac2000
core   0: 0x0000000080005bc8 (0xbde88893) addi    a7, a7, -1058
core   0: 1 0x0000000080005bc8 (0xbde88893) x17 0x0000000d55ac1bde
core   0: 0x0000000080005bcc (0x41ad5033) sra     zero, s10, s10
core   0: 1 0x0000000080005bcc (0x41ad5033)
core   0: 0x0000000080005bd0 (0x001012f3) csrrw   t0, fflags, zero
core   0: 1 0x0000000080005bd0 (0x001012f3) x5  0x000000000000001f c1_fflags 0x0000000000000000
core   0: 0x0000000080005bd4 (0xf69b8e13) addi    t3, s7, -151
core   0: 1 0x0000000080005bd4 (0xf69b8e13) x28 0xffffffffffffff69
core   0: 0x0000000080005bd8 (0xf20e0053) fmv.d.x ft0, t3
core   0: 1 0x0000000080005bd8 (0xf20e0053) f0  0xffffffffffffff69
core   0: 0x0000000080005bdc (0xc035f9d3) fcvt.lu.s s3, fa1
core   0: 1 0x0000000080005bdc (0xc035f9d3) c1_fflags 0x0000000000000010 x19 0xffffffffffffffff
core   0: 0x0000000080005be0 (0x40098033) sub     zero, s3, zero
core   0: 1 0x0000000080005be0 (0x40098033)
core   0: 0x0000000080005be4 (0xc024f953) fcvt.l.s s2, fs1
core   0: 1 0x0000000080005be4 (0xc024f953) c1_fflags 0x0000000000000010 x18 0x7fffffffffffffff
core   0: 0x0000000080005be8 (0x012c8ab3) add     s5, s9, s2
core   0: 1 0x0000000080005be8 (0x012c8ab3) x21 0x7fffffffffffffff
core   0: 0x0000000080005bec (0x017cd59b) srliw   a1, s9, 23
core   0: 1 0x0000000080005bec (0x017cd59b) x11 0x0000000000000000
core   0: 0x0000000080005bf0 (0x006113b3) sll     t2, sp, t1
core   0: 1 0x0000000080005bf0 (0x006113b3) x7  0x0000000000000000
core   0: 0x0000000080005bf4 (0x403e5c33) sra     s8, t3, gp
core   0: 1 0x0000000080005bf4 (0x403e5c33) x24 0xffffffffffffffff
core   0: 0x0000000080005bf8 (0x0399f5c3) fmadd.d fa1, fs3, fs9, ft0
core   0: 1 0x0000000080005bf8 (0x0399f5c3) f11 0x7ff8000000000000
core   0: 0x0000000080005bfc (0xf2080a53) fmv.d.x fs4, a6
core   0: 1 0x0000000080005bfc (0xf2080a53) f20 0xffffffffffffbe09
core   0: 0x0000000080005c00 (0x40de56bb) sraw    a3, t3, a3
core   0: 1 0x0000000080005c00 (0x40de56bb) x13 0xffffffffffffffff
core   0: 0x0000000080005c04 (0xc21271d3) fcvt.wu.d gp, ft4
core   0: 1 0x0000000080005c04 (0xc21271d3) c1_fflags 0x0000000000000010 x3  0xffffffffffffffff
core   0: 0x0000000080005c08 (0x01f1909b) slliw   ra, gp, 31
core   0: 1 0x0000000080005c08 (0x01f1909b) x1  0xffffffff80000000
core   0: 0x0000000080005c0c (0x2b4288d3) fmin.d  fa7, ft5, fs4
core   0: 1 0x0000000080005c0c (0x2b4288d3) f17 0x7ff8000000000000
core   0: 0x0000000080005c10 (0xc2377bd3) fcvt.lu.d s7, fa4
core   0: 1 0x0000000080005c10 (0xc2377bd3) c1_fflags 0x0000000000000010 x23 0xffffffffffffffff
core   0: 0x0000000080005c14 (0x0378c8bb) divw    a7, a7, s7
core   0: 1 0x0000000080005c14 (0x0378c8bb) x17 0xffffffffaa53e422
core   0: 0x0000000080005c18 (0xf2050b53) fmv.d.x fs6, a0
core   0: 1 0x0000000080005c18 (0xf2050b53) f22 0x0000000000000000
core   0: 0x0000000080005c1c (0xdb1b7c43) fmadd.d fs8, fs6, fa7, fs11
core   0: 1 0x0000000080005c1c (0xdb1b7c43) f24 0x7ff8000000000000
core   0: 0x0000000080005c20 (0x0ff0000f) fence   iorw,iorw
core   0: 1 0x0000000080005c20 (0x0ff0000f)
core   0: 0x0000000080005c24 (0xd028fa53) fcvt.s.l fs4, a7
core   0: 1 0x0000000080005c24 (0xd028fa53) c1_fflags 0x0000000000000011 f20 0xffffffffceab5838
core   0: 0x0000000080005c28 (0xa3818853) fle.d   a6, ft3, fs8
core   0: 1 0x0000000080005c28 (0xa3818853) c1_fflags 0x0000000000000011 x16 0x0000000000000000
core   0: 0x0000000080005c2c (0x00000001) c.nop
core   0: 1 0x0000000080005c2c (0x0001)
core   0: 0x0000000080005c2e (0x01b8d99b) srliw   s3, a7, 27
core   0: 1 0x0000000080005c2e (0x01b8d99b) x19 0x0000000000000015
core   0: 0x0000000080005c32 (0x00202af3) csrrs   s5, frm, zero
core   0: 1 0x0000000080005c32 (0x00202af3) x21 0x0000000000000004
core   0: 0x0000000080005c36 (0x1639849b) addiw   s1, s3, 355
core   0: 1 0x0000000080005c36 (0x1639849b) x9  0x0000000000000178
core   0: 0x0000000080005c3a (0x001e839b) addiw   t2, t4, 1
core   0: 1 0x0000000080005c3a (0x001e839b) x7  0x0000000000000000
core   0: 0x0000000080005c3e (0x41f6519b) sraiw   gp, a2, 31
core   0: 1 0x0000000080005c3e (0x41f6519b) x3  0x0000000000000000
core   0: 0x0000000080005c42 (0xff1ec3b7) lui     t2, 0xff1ec
core   0: 1 0x0000000080005c42 (0xff1ec3b7) x7  0xffffffffff1ec000
core   0: 0x0000000080005c46 (0xe613839b) addiw   t2, t2, -415
core   0: 1 0x0000000080005c46 (0xe613839b) x7  0xffffffffff1ebe61
core   0: 0x0000000080005c4a (0x000003be) c.slli  t2, 15
core   0: 1 0x0000000080005c4a (0x03be) x7  0xffffff8f5f308000
core   0: 0x0000000080005c4c (0x9ad38393) addi    t2, t2, -1619
core   0: 1 0x0000000080005c4c (0x9ad38393) x7  0xffffff8f5f3079ad
core   0: 0x0000000080005c50 (0x501a4313) xori    t1, s4, 1281
core   0: 1 0x0000000080005c50 (0x501a4313) x6  0x0000000000000501
core   0: 0x0000000080005c54 (0xc2367cd3) fcvt.lu.d s9, fa2
core   0: 1 0x0000000080005c54 (0xc2367cd3) c1_fflags 0x0000000000000011 x25 0xffffffffffffffff
core   0: 0x0000000080005c58 (0x0270f03b) remuw   zero, ra, t2
core   0: 1 0x0000000080005c58 (0x0270f03b)
core   0: 0x0000000080005c5c (0xc213f5d3) fcvt.wu.d a1, ft7
core   0: 1 0x0000000080005c5c (0xc213f5d3) x11 0x0000000000000000
core   0: 0x0000000080005c60 (0x01a5d313) srli    t1, a1, 26
core   0: 1 0x0000000080005c60 (0x01a5d313) x6  0x0000000000000000
core   0: 0x0000000080005c64 (0x407900b3) sub     ra, s2, t2
core   0: 1 0x0000000080005c64 (0x407900b3) x1  0x80000070a0cf8652
core   0: 0x0000000080005c68 (0x4006599b) sraiw   s3, a2, 0
core   0: 1 0x0000000080005c68 (0x4006599b) x19 0x0000000000000a00
core   0: 0x0000000080005c6c (0x22b38bd3) fsgnj.d fs7, ft7, fa1
core   0: 1 0x0000000080005c6c (0x22b38bd3) f23 0x0000000000000000
core   0: 0x0000000080005c70 (0x41825c3b) sraw    s8, tp, s8
core   0: 1 0x0000000080005c70 (0x41825c3b) x24 0xffffffffffffffff
core   0: 0x0000000080005c74 (0x4002521b) sraiw   tp, tp, 0
core   0: 1 0x0000000080005c74 (0x4002521b) x4  0xfffffffffffff9ff
core   0: 0x0000000080005c78 (0x0296db13) srli    s6, a3, 41
core   0: 1 0x0000000080005c78 (0x0296db13) x22 0x00000000007fffff
core   0: 0x0000000080005c7c (0xe668c793) xori    a5, a7, -410
core   0: 1 0x0000000080005c7c (0xe668c793) x15 0x0000000055ac1a44
core   0: 0x0000000080005c80 (0x012d183b) sllw    a6, s10, s2
core   0: 1 0x0000000080005c80 (0x012d183b) x16 0x0000000000000000
core   0: 0x0000000080005c84 (0x22c8af53) fsgnjx.d ft10, fa7, fa2
core   0: 1 0x0000000080005c84 (0x22c8af53) f30 0x7ff8000000000000
core   0: 0x0000000080005c88 (0xd22df553) fcvt.d.l fa0, s11
core   0: 1 0x0000000080005c88 (0xd22df553) f10 0x410ffff800000000
core   0: 0x0000000080005c8c (0x9e60c0b7) lui     ra, 0x9e60c
core   0: 1 0x0000000080005c8c (0x9e60c0b7) x1  0xffffffff9e60c000
core   0: 0x0000000080005c90 (0x40fbdcbb) sraw    s9, s7, a5
core   0: 1 0x0000000080005c90 (0x40fbdcbb) x25 0xffffffffffffffff
core   0: 0x0000000080005c94 (0xe20b0653) fmv.x.d a2, fs6
core   0: 1 0x0000000080005c94 (0xe20b0653) x12 0x0000000000000000
core   0: 0x0000000080005c98 (0x02964a3b) divw    s4, a2, s1
core   0: 1 0x0000000080005c98 (0x02964a3b) x20 0x0000000000000000
core   0: 0x0000000080005c9c (0x344abaf3) csrrc   s5, mip, s5
core   0: exception trap_illegal_instruction, epc 0x0000000080005c9c
core   0:           tval 0x00000000344abaf3
core   0: >>>>  $xrv64i2p1_m2p0_a2p1_f2p2_d2p2_zicsr2p0_zifencei2p0_zmmul1p0_zba1p0_zbb1p0_zbc1p0_zbs1p0
core   0: 0x0000000080004000 (0x0080006f) j       pc + 0x8
core   0: 3 0x0000000080004000 (0x0080006f)
core   0: >>>>  mmode_exception_handler
core   0: 0x0000000080004008 (0x00002c17) auipc   s8, 0x2
core   0: 3 0x0000000080004008 (0x00002c17) x24 0x0000000080006008
core   0: 0x000000008000400c (0xfe6c0c13) addi    s8, s8, -26
core   0: 3 0x000000008000400c (0xfe6c0c13) x24 0x0000000080005fee
core   0: 0x0000000080004010 (0x000c00e7) jalr    s8
core   0: 3 0x0000000080004010 (0x000c00e7) x1  0x0000000080004014
core   0: >>>>  any_handler
core   0: 0x0000000080005fee (0x341027f3) csrrs   a5, mepc, zero
core   0: 3 0x0000000080005fee (0x341027f3) x15 0x0000000080005c9c
core   0: 0x0000000080005ff2 (0x34202773) csrrs   a4, mcause, zero
core   0: 3 0x0000000080005ff2 (0x34202773) x14 0x0000000000000002
core   0: 0x0000000080005ff6 (0x142026f3) csrrs   a3, scause, zero
core   0: 3 0x0000000080005ff6 (0x142026f3) x13 0x0000000000000000
core   0: 0x0000000080005ffa (0x30402673) csrrs   a2, mie, zero
core   0: 3 0x0000000080005ffa (0x30402673) x12 0x0000000000000a00
core   0: 0x0000000080005ffe (0x344025f3) csrrs   a1, mip, zero
core   0: 3 0x0000000080005ffe (0x344025f3) x11 0x0000000000000080
core   0: 0x0000000080006002 (0x343025f3) csrrs   a1, mtval, zero
core   0: 3 0x0000000080006002 (0x343025f3) x11 0x00000000344abaf3
core   0: 0x0000000080006006 (0x14302573) csrrs   a0, stval, zero
core   0: 3 0x0000000080006006 (0x14302573) x10 0x0000000000000000
core   0: 0x000000008000600a (0xb02024f3) csrrs   s1, minstret, zero
core   0: 3 0x000000008000600a (0xb02024f3) x9  0x0000000000001176
core   0: 0x000000008000600e (0x0000a811) c.j     pc + 20
core   0: 3 0x000000008000600e (0xa811)
core   0: >>>>  mepc_4
core   0: 0x0000000080006022 (0x00000791) c.addi  a5, 4
core   0: 3 0x0000000080006022 (0x0791) x15 0x0000000080005ca0
core   0: 0x0000000080006024 (0x34179073) csrrw   zero, mepc, a5
core   0: 3 0x0000000080006024 (0x34179073) c833_mepc 0x0000000080005ca0
core   0: 0x0000000080006028 (0x30200073) mret
core   0: 3 0x0000000080006028 (0x30200073) c768_mstatus 0x8000000a00106080
core   0: 0x0000000080005ca0 (0x4167d7b3) sra     a5, a5, s6
core   0: 1 0x0000000080005ca0 (0x4167d7b3) x15 0x0000000000000000
core   0: 0x0000000080005ca4 (0xd2078153) fcvt.d.w ft2, a5
core   0: 1 0x0000000080005ca4 (0xd2078153) f2  0x0000000000000000
core   0: 0x0000000080005ca8 (0x002022f3) csrrs   t0, frm, zero
core   0: 1 0x0000000080005ca8 (0x002022f3) x5  0x0000000000000004
core   0: 0x0000000080005cac (0xc2317153) fcvt.lu.d sp, ft2
core   0: 1 0x0000000080005cac (0xc2317153) x2  0x0000000000000000
core   0: 0x0000000080005cb0 (0x182d2017) auipc   zero, 0x182d2
core   0: 1 0x0000000080005cb0 (0x182d2017)
core   0: 0x0000000080005cb4 (0x418e56bb) sraw    a3, t3, s8
core   0: 1 0x0000000080005cb4 (0x418e56bb) x13 0xffffffffffffffff
core   0: 0x0000000080005cb8 (0x2b8e8453) fmin.d  fs0, ft9, fs8
core   0: 1 0x0000000080005cb8 (0x2b8e8453) f8  0x0000000000000000
core   0: 0x0000000080005cbc (0x020cf053) fadd.d  ft0, fs9, ft0
core   0: 1 0x0000000080005cbc (0x020cf053) f0  0x7ff8000000000000
core   0: 0x0000000080005cc0 (0x2bb71153) fmax.d  ft2, fa4, fs11
core   0: 1 0x0000000080005cc0 (0x2bb71153) f2  0x7ff8000000000000
core   0: 0x0000000080005cc4 (0x025b03bb) mulw    t2, s6, t0
core   0: 1 0x0000000080005cc4 (0x025b03bb) x7  0x0000000001fffffc
core   0: 0x0000000080005cc8 (0x40c1883b) subw    a6, gp, a2
core   0: 1 0x0000000080005cc8 (0x40c1883b) x16 0xfffffffffffff600
core   0: 0x0000000080005ccc (0xd237f6d3) fcvt.d.lu fa3, a5
core   0: 1 0x0000000080005ccc (0xd237f6d3) f13 0x0000000000000000
core   0: 0x0000000080005cd0 (0xf1583873) csrrc   a6, mconfigptr, a6
core   0: exception trap_illegal_instruction, epc 0x0000000080005cd0
core   0:           tval 0x00000000f1583873
core   0: >>>>  $xrv64i2p1_m2p0_a2p1_f2p2_d2p2_zicsr2p0_zifencei2p0_zmmul1p0_zba1p0_zbb1p0_zbc1p0_zbs1p0
core   0: 0x0000000080004000 (0x0080006f) j       pc + 0x8
core   0: 3 0x0000000080004000 (0x0080006f)
core   0: >>>>  mmode_exception_handler
core   0: 0x0000000080004008 (0x00002c17) auipc   s8, 0x2
core   0: 3 0x0000000080004008 (0x00002c17) x24 0x0000000080006008
core   0: 0x000000008000400c (0xfe6c0c13) addi    s8, s8, -26
core   0: 3 0x000000008000400c (0xfe6c0c13) x24 0x0000000080005fee
core   0: 0x0000000080004010 (0x000c00e7) jalr    s8
core   0: 3 0x0000000080004010 (0x000c00e7) x1  0x0000000080004014
core   0: >>>>  any_handler
core   0: 0x0000000080005fee (0x341027f3) csrrs   a5, mepc, zero
core   0: 3 0x0000000080005fee (0x341027f3) x15 0x0000000080005cd0
core   0: 0x0000000080005ff2 (0x34202773) csrrs   a4, mcause, zero
core   0: 3 0x0000000080005ff2 (0x34202773) x14 0x0000000000000002
core   0: 0x0000000080005ff6 (0x142026f3) csrrs   a3, scause, zero
core   0: 3 0x0000000080005ff6 (0x142026f3) x13 0x0000000000000000
core   0: 0x0000000080005ffa (0x30402673) csrrs   a2, mie, zero
core   0: 3 0x0000000080005ffa (0x30402673) x12 0x0000000000000a00
core   0: 0x0000000080005ffe (0x344025f3) csrrs   a1, mip, zero
core   0: 3 0x0000000080005ffe (0x344025f3) x11 0x0000000000000080
core   0: 0x0000000080006002 (0x343025f3) csrrs   a1, mtval, zero
core   0: 3 0x0000000080006002 (0x343025f3) x11 0x00000000f1583873
core   0: 0x0000000080006006 (0x14302573) csrrs   a0, stval, zero
core   0: 3 0x0000000080006006 (0x14302573) x10 0x0000000000000000
core   0: 0x000000008000600a (0xb02024f3) csrrs   s1, minstret, zero
core   0: 3 0x000000008000600a (0xb02024f3) x9  0x0000000000001192
core   0: 0x000000008000600e (0x0000a811) c.j     pc + 20
core   0: 3 0x000000008000600e (0xa811)
core   0: >>>>  mepc_4
core   0: 0x0000000080006022 (0x00000791) c.addi  a5, 4
core   0: 3 0x0000000080006022 (0x0791) x15 0x0000000080005cd4
core   0: 0x0000000080006024 (0x34179073) csrrw   zero, mepc, a5
core   0: 3 0x0000000080006024 (0x34179073) c833_mepc 0x0000000080005cd4
core   0: 0x0000000080006028 (0x30200073) mret
core   0: 3 0x0000000080006028 (0x30200073) c768_mstatus 0x8000000a00106080
core   0: 0x0000000080005cd4 (0xd2357953) fcvt.d.lu fs2, a0
core   0: 1 0x0000000080005cd4 (0xd2357953) f18 0x0000000000000000
core   0: 0x0000000080005cd8 (0xd022f853) fcvt.s.l fa6, t0
core   0: 1 0x0000000080005cd8 (0xd022f853) f16 0xffffffff40800000
core   0: 0x0000000080005cdc (0xc213fc53) fcvt.wu.d s8, ft7
core   0: 1 0x0000000080005cdc (0xc213fc53) x24 0x0000000000000000
core   0: 0x0000000080005ce0 (0xf2010c53) fmv.d.x fs8, sp
core   0: 1 0x0000000080005ce0 (0xf2010c53) f24 0x0000000000000000
core   0: 0x0000000080005ce4 (0x0294c6b3) div     a3, s1, s1
core   0: 1 0x0000000080005ce4 (0x0294c6b3) x13 0x0000000000000001
core   0: 0x0000000080005ce8 (0x02d69633) mulh    a2, a3, a3
core   0: 1 0x0000000080005ce8 (0x02d69633) x12 0x0000000000000000
core   0: 0x0000000080005cec (0x03a3613b) remw    sp, t1, s10
core   0: 1 0x0000000080005cec (0x03a3613b) x2  0x0000000000000000
core   0: 0x0000000080005cf0 (0xd21c07d3) fcvt.d.wu fa5, s8
core   0: 1 0x0000000080005cf0 (0xd21c07d3) f15 0x0000000000000000
core   0: 0x0000000080005cf4 (0x00000001) c.nop
core   0: 1 0x0000000080005cf4 (0x0001)
core   0: 0x0000000080005cf6 (0x402edeb3) sra     t4, t4, sp
core   0: 1 0x0000000080005cf6 (0x402edeb3) x29 0xffffffffffffffff
core   0: 0x0000000080005cfa (0x017e9bb3) sll     s7, t4, s7
core   0: 1 0x0000000080005cfa (0x017e9bb3) x23 0x8000000000000000
core   0: 0x0000000080005cfe (0xb112829b) addiw   t0, t0, -1263
core   0: 1 0x0000000080005cfe (0xb112829b) x5  0xfffffffffffffb15
core   0: 0x0000000080005d02 (0xc214f253) fcvt.wu.d tp, fs1
core   0: 1 0x0000000080005d02 (0xc214f253) c1_fflags 0x0000000000000011 x4  0xffffffffffffffff
core   0: 0x0000000080005d06 (0x036d1d33) mulh    s10, s10, s6
core   0: 1 0x0000000080005d06 (0x036d1d33) x26 0x0000000000000000
core   0: 0x0000000080005d0a (0x0111e8b3) or      a7, gp, a7
core   0: 1 0x0000000080005d0a (0x0111e8b3) x17 0xffffffffaa53e422
core   0: 0x0000000080005d0e (0x02da48bb) divw    a7, s4, a3
core   0: 1 0x0000000080005d0e (0x02da48bb) x17 0x0000000000000000
core   0: 0x0000000080005d12 (0xc20c74d3) fcvt.w.d s1, fs8
core   0: 1 0x0000000080005d12 (0xc20c74d3) x9  0x0000000000000000
core   0: 0x0000000080005d16 (0x2b879a53) fmax.d  fs4, fa5, fs8
core   0: 1 0x0000000080005d16 (0x2b879a53) f20 0x0000000000000000
core   0: 0x0000000080005d1a (0x031becb3) rem     s9, s7, a7
core   0: 1 0x0000000080005d1a (0x031becb3) x25 0x8000000000000000
core   0: 0x0000000080005d1e (0x0294cbb3) div     s7, s1, s1
core   0: 1 0x0000000080005d1e (0x0294cbb3) x23 0xffffffffffffffff
core   0: 0x0000000080005d22 (0xebd97ec7) fmsub.d ft9, fs2, ft9, ft9
core   0: 1 0x0000000080005d22 (0xebd97ec7) f29 0x0000000000000000
core   0: 0x0000000080005d26 (0xc02efc53) fcvt.l.s s8, ft9
core   0: 1 0x0000000080005d26 (0xc02efc53) c1_fflags 0x0000000000000011 x24 0x7fffffffffffffff
core   0: 0x0000000080005d2a (0x4016d5bb) sraw    a1, a3, ra
core   0: 1 0x0000000080005d2a (0x4016d5bb) x11 0x0000000000000000
core   0: 0x0000000080005d2e (0x034d4a3b) divw    s4, s10, s4
core   0: 1 0x0000000080005d2e (0x034d4a3b) x20 0xffffffffffffffff
core   0: 0x0000000080005d32 (0x6ad8f54f) fnmadd.d fa0, fa7, fa3, fa3
core   0: 1 0x0000000080005d32 (0x6ad8f54f) f10 0x7ff8000000000000
core   0: 0x0000000080005d36 (0x001a1073) csrrw   zero, fflags, s4
core   0: 1 0x0000000080005d36 (0x001a1073) c1_fflags 0x000000000000001f
core   0: 0x0000000080005d3a (0x0ff0000f) fence   iorw,iorw
core   0: 1 0x0000000080005d3a (0x0ff0000f)
core   0: 0x0000000080005d3e (0x22bc25d3) fsgnjx.d fa1, fs8, fa1
core   0: 1 0x0000000080005d3e (0x22bc25d3) f11 0x0000000000000000
core   0: 0x0000000080005d42 (0x00993b33) sltu    s6, s2, s1
core   0: 1 0x0000000080005d42 (0x00993b33) x22 0x0000000000000000
core   0: 0x0000000080005d46 (0x03605bbb) divuw   s7, zero, s6
core   0: 1 0x0000000080005d46 (0x03605bbb) x23 0xffffffffffffffff
core   0: 0x0000000080005d4a (0x2b198353) fmin.d  ft6, fs3, fa7
core   0: 1 0x0000000080005d4a (0x2b198353) f6  0x7ff8000000000000
core   0: 0x0000000080005d4e (0x416d03bb) subw    t2, s10, s6
core   0: 1 0x0000000080005d4e (0x416d03bb) x7  0x0000000000000000
core   0: 0x0000000080005d52 (0x5a06fe53) fsqrt.d ft8, fa3
core   0: 1 0x0000000080005d52 (0x5a06fe53) f28 0x0000000000000000
core   0: 0x0000000080005d56 (0x00139e73) csrrw   t3, fflags, t2
core   0: 1 0x0000000080005d56 (0x00139e73) x28 0x000000000000001f c1_fflags 0x0000000000000000
core   0: 0x0000000080005d5a (0x41125933) sra     s2, tp, a7
core   0: 1 0x0000000080005d5a (0x41125933) x18 0xffffffffffffffff
core   0: 0x0000000080005d5e (0xa226a453) feq.d   s0, fa3, ft2
core   0: 1 0x0000000080005d5e (0xa226a453) x8  0x0000000000000000
core   0: 0x0000000080005d62 (0x02f37ad3) fadd.d  fs5, ft6, fa5
core   0: 1 0x0000000080005d62 (0x02f37ad3) f21 0x7ff8000000000000
core   0: 0x0000000080005d66 (0x01d849b3) xor     s3, a6, t4
core   0: 1 0x0000000080005d66 (0x01d849b3) x19 0x00000000000009ff
core   0: 0x0000000080005d6a (0x00edd213) srli    tp, s11, 14
core   0: 1 0x0000000080005d6a (0x00edd213) x4  0x000000000000000f
core   0: 0x0000000080005d6e (0xc222f3d3) fcvt.l.d t2, ft5
core   0: 1 0x0000000080005d6e (0xc222f3d3) c1_fflags 0x0000000000000010 x7  0x7fffffffffffffff
core   0: 0x0000000080005d72 (0x03d3f953) fadd.d  fs2, ft7, ft9
core   0: 1 0x0000000080005d72 (0x03d3f953) f18 0x0000000000000000
core   0: 0x0000000080005d76 (0x032de033) rem     zero, s11, s2
core   0: 1 0x0000000080005d76 (0x032de033)
core   0: 0x0000000080005d7a (0x52ab7543) fmadd.d fa0, fs6, fa0, fa0
core   0: 1 0x0000000080005d7a (0x52ab7543) f10 0x7ff8000000000000
core   0: 0x0000000080005d7e (0xdb397047) fmsub.d ft0, fs2, fs3, fs11
core   0: 1 0x0000000080005d7e (0xdb397047) f0  0x7ff8000000000000
core   0: 0x0000000080005d82 (0x0000dd3b) srlw    s10, ra, zero
core   0: 1 0x0000000080005d82 (0x0000dd3b) x26 0xffffffff80004014
core   0: 0x0000000080005d86 (0x0a1ff7d3) fsub.d  fa5, ft11, ft1
core   0: 1 0x0000000080005d86 (0x0a1ff7d3) f15 0x7ff8000000000000
core   0: 0x0000000080005d8a (0xa8a2f693) andi    a3, t0, -1398
core   0: 1 0x0000000080005d8a (0xa8a2f693) x13 0xfffffffffffffa00
core   0: 0x0000000080005d8e (0x40dd5a33) sra     s4, s10, a3
core   0: 1 0x0000000080005d8e (0x40dd5a33) x20 0xffffffff80004014
core   0: 0x0000000080005d92 (0x402357b3) sra     a5, t1, sp
core   0: 1 0x0000000080005d92 (0x402357b3) x15 0x0000000000000000
core   0: 0x0000000080005d96 (0xfff28e9b) addiw   t4, t0, -1
core   0: 1 0x0000000080005d96 (0xfff28e9b) x29 0xfffffffffffffb14
core   0: 0x0000000080005d9a (0xb98e6513) ori     a0, t3, -1128
core   0: 1 0x0000000080005d9a (0xb98e6513) x10 0xfffffffffffffb9f
core   0: 0x0000000080005d9e (0x41cc043b) subw    s0, s8, t3
core   0: 1 0x0000000080005d9e (0x41cc043b) x8  0xffffffffffffffe0
core   0: 0x0000000080005da2 (0x028e463b) divw    a2, t3, s0
core   0: 1 0x0000000080005da2 (0x028e463b) x12 0x0000000000000000
core   0: 0x0000000080005da6 (0x12f7f1d3) fmul.d  ft3, fa5, fa5
core   0: 1 0x0000000080005da6 (0x12f7f1d3) f3  0x7ff8000000000000
core   0: 0x0000000080005daa (0xc221f2d3) fcvt.l.d t0, ft3
core   0: 1 0x0000000080005daa (0xc221f2d3) c1_fflags 0x0000000000000010 x5  0x7fffffffffffffff
core   0: 0x0000000080005dae (0x024679bb) remuw   s3, a2, tp
core   0: 1 0x0000000080005dae (0x024679bb) x19 0x0000000000000000
core   0: 0x0000000080005db2 (0x02c9c3b3) div     t2, s3, a2
core   0: 1 0x0000000080005db2 (0x02c9c3b3) x7  0xffffffffffffffff
core   0: 0x0000000080005db6 (0x01ca0bb3) add     s7, s4, t3
core   0: 1 0x0000000080005db6 (0x01ca0bb3) x23 0xffffffff80004033
core   0: 0x0000000080005dba (0x03bb8333) mul     t1, s7, s11
core   0: 1 0x0000000080005dba (0x03bb8333) x6  0xfffe000180cbbfcd
core   0: 0x0000000080005dbe (0x87e9ca13) xori    s4, s3, -1922
core   0: 1 0x0000000080005dbe (0x87e9ca13) x20 0xfffffffffffff87e
core   0: 0x0000000080005dc2 (0x03aa42b3) div     t0, s4, s10
core   0: 1 0x0000000080005dc2 (0x03aa42b3) x5  0x0000000000000000
core   0: 0x0000000080005dc6 (0x0156e6b3) or      a3, a3, s5
core   0: 1 0x0000000080005dc6 (0x0156e6b3) x13 0xfffffffffffffa04
core   0: 0x0000000080005dca (0x001b1973) csrrw   s2, fflags, s6
core   0: 1 0x0000000080005dca (0x001b1973) x18 0x0000000000000010 c1_fflags 0x0000000000000000
core   0: 0x0000000080005dce (0x4129043b) subw    s0, s2, s2
core   0: 1 0x0000000080005dce (0x4129043b) x8  0x0000000000000000
core   0: 0x0000000080005dd2 (0x0017da13) srli    s4, a5, 1
core   0: 1 0x0000000080005dd2 (0x0017da13) x20 0x0000000000000000
core   0: 0x0000000080005dd6 (0x020c3e33) mulhu   t3, s8, zero
core   0: 1 0x0000000080005dd6 (0x020c3e33) x28 0x0000000000000000
core   0: 0x0000000080005dda (0x002025f3) csrrs   a1, frm, zero
core   0: 1 0x0000000080005dda (0x002025f3) x11 0x0000000000000004
core   0: 0x0000000080005dde (0x0341f1b3) remu    gp, gp, s4
core   0: 1 0x0000000080005dde (0x0341f1b3) x3  0x0000000000000000
core   0: 0x0000000080005de2 (0x10519873) csrrw   a6, stvec, gp
core   0: 1 0x0000000080005de2 (0x10519873) x16 0x000000000000001d c261_stvec 0x0000000000000000
core   0: 0x0000000080005de6 (0x0179193b) sllw    s2, s2, s7
core   0: 1 0x0000000080005de6 (0x0179193b) x18 0x0000000000800000
core   0: 0x0000000080005dea (0x404659bb) sraw    s3, a2, tp
core   0: 1 0x0000000080005dea (0x404659bb) x19 0x0000000000000000
core   0: 0x0000000080005dee (0x40035313) srai    t1, t1, 0
core   0: 1 0x0000000080005dee (0x40035313) x6  0xfffe000180cbbfcd
core   0: 0x0000000080005df2 (0x2be81453) fmax.d  fs0, fa6, ft10
core   0: 1 0x0000000080005df2 (0x2be81453) f8  0x7ff8000000000000
core   0: 0x0000000080005df6 (0x00036b13) ori     s6, t1, 0
core   0: 1 0x0000000080005df6 (0x00036b13) x22 0xfffe000180cbbfcd
core   0: 0x0000000080005dfa (0x41d5d4bb) sraw    s1, a1, t4
core   0: 1 0x0000000080005dfa (0x41d5d4bb) x9  0x0000000000000000
core   0: 0x0000000080005dfe (0x0163a933) slt     s2, t2, s6
core   0: 1 0x0000000080005dfe (0x0163a933) x18 0x0000000000000000
core   0: 0x0000000080005e02 (0xc03b7853) fcvt.lu.s a6, fs6
core   0: 1 0x0000000080005e02 (0xc03b7853) c1_fflags 0x0000000000000010 x16 0xffffffffffffffff
core   0: 0x0000000080005e06 (0x03ad79bb) remuw   s3, s10, s10
core   0: 1 0x0000000080005e06 (0x03ad79bb) x19 0x0000000000000000
core   0: 0x0000000080005e0a (0x40890d33) sub     s10, s2, s0
core   0: 1 0x0000000080005e0a (0x40890d33) x26 0x0000000000000000
core   0: 0x0000000080005e0e (0x03fd1993) slli    s3, s10, 63
core   0: 1 0x0000000080005e0e (0x03fd1993) x19 0x0000000000000000
core   0: 0x0000000080005e12 (0x0076e933) or      s2, a3, t2
core   0: 1 0x0000000080005e12 (0x0076e933) x18 0xffffffffffffffff
core   0: 0x0000000080005e16 (0x03b91713) slli    a4, s2, 59
core   0: 1 0x0000000080005e16 (0x03b91713) x14 0xf800000000000000
core   0: 0x0000000080005e1a (0x144adaf3) csrrwi  s5, sip, 21
core   0: 1 0x0000000080005e1a (0x144adaf3) x21 0x0000000000000000 c836_mip 0x0000000000000080
core   0: 0x0000000080005e1e (0x02b5d5bb) divuw   a1, a1, a1
core   0: 1 0x0000000080005e1e (0x02b5d5bb) x11 0x0000000000000001
core   0: 0x0000000080005e22 (0xd22872d3) fcvt.d.l ft5, a6
core   0: 1 0x0000000080005e22 (0xd22872d3) f5  0xbff0000000000000
core   0: 0x0000000080005e26 (0x13607753) fmul.d  fa4, ft0, fs6
core   0: 1 0x0000000080005e26 (0x13607753) f14 0x7ff8000000000000
core   0: 0x0000000080005e2a (0xc010f573) csrrci  a0, time, 1
core   0: exception trap_illegal_instruction, epc 0x0000000080005e2a
core   0:           tval 0x00000000c010f573
core   0: >>>>  $xrv64i2p1_m2p0_a2p1_f2p2_d2p2_zicsr2p0_zifencei2p0_zmmul1p0_zba1p0_zbb1p0_zbc1p0_zbs1p0
core   0: 0x0000000080004000 (0x0080006f) j       pc + 0x8
core   0: 3 0x0000000080004000 (0x0080006f)
core   0: >>>>  mmode_exception_handler
core   0: 0x0000000080004008 (0x00002c17) auipc   s8, 0x2
core   0: 3 0x0000000080004008 (0x00002c17) x24 0x0000000080006008
core   0: 0x000000008000400c (0xfe6c0c13) addi    s8, s8, -26
core   0: 3 0x000000008000400c (0xfe6c0c13) x24 0x0000000080005fee
core   0: 0x0000000080004010 (0x000c00e7) jalr    s8
core   0: 3 0x0000000080004010 (0x000c00e7) x1  0x0000000080004014
core   0: >>>>  any_handler
core   0: 0x0000000080005fee (0x341027f3) csrrs   a5, mepc, zero
core   0: 3 0x0000000080005fee (0x341027f3) x15 0x0000000080005e2a
core   0: 0x0000000080005ff2 (0x34202773) csrrs   a4, mcause, zero
core   0: 3 0x0000000080005ff2 (0x34202773) x14 0x0000000000000002
core   0: 0x0000000080005ff6 (0x142026f3) csrrs   a3, scause, zero
core   0: 3 0x0000000080005ff6 (0x142026f3) x13 0x0000000000000000
core   0: 0x0000000080005ffa (0x30402673) csrrs   a2, mie, zero
core   0: 3 0x0000000080005ffa (0x30402673) x12 0x0000000000000a00
core   0: 0x0000000080005ffe (0x344025f3) csrrs   a1, mip, zero
core   0: 3 0x0000000080005ffe (0x344025f3) x11 0x0000000000000080
core   0: 0x0000000080006002 (0x343025f3) csrrs   a1, mtval, zero
core   0: 3 0x0000000080006002 (0x343025f3) x11 0x00000000c010f573
core   0: 0x0000000080006006 (0x14302573) csrrs   a0, stval, zero
core   0: 3 0x0000000080006006 (0x14302573) x10 0x0000000000000000
core   0: 0x000000008000600a (0xb02024f3) csrrs   s1, minstret, zero
core   0: 3 0x000000008000600a (0xb02024f3) x9  0x00000000000011f8
core   0: 0x000000008000600e (0x0000a811) c.j     pc + 20
core   0: 3 0x000000008000600e (0xa811)
core   0: >>>>  mepc_4
core   0: 0x0000000080006022 (0x00000791) c.addi  a5, 4
core   0: 3 0x0000000080006022 (0x0791) x15 0x0000000080005e2e
core   0: 0x0000000080006024 (0x34179073) csrrw   zero, mepc, a5
core   0: 3 0x0000000080006024 (0x34179073) c833_mepc 0x0000000080005e2e
core   0: 0x0000000080006028 (0x30200073) mret
core   0: 3 0x0000000080006028 (0x30200073) c768_mstatus 0x8000000a00106080
core   0: 0x0000000080005e2e (0x4028d89b) sraiw   a7, a7, 2
core   0: 1 0x0000000080005e2e (0x4028d89b) x17 0x0000000000000000
core   0: 0x0000000080005e32 (0x4016d59b) sraiw   a1, a3, 1
core   0: 1 0x0000000080005e32 (0x4016d59b) x11 0x0000000000000000
core   0: 0x0000000080005e36 (0x00281873) csrrw   a6, frm, a6
core   0: 1 0x0000000080005e36 (0x00281873) x16 0x0000000000000004 c2_frm 0x0000000000000007
core   0: 0x0000000080005e3a (0x22aa1dd3) fsgnjn.d fs11, fs4, fa0
core   0: 1 0x0000000080005e3a (0x22aa1dd3) f27 0x8000000000000000
core   0: 0x0000000080005e3e (0x4017fed3) fcvt.s.d ft9, fa5
core   0: exception trap_illegal_instruction, epc 0x0000000080005e3e
core   0:           tval 0x000000004017fed3
core   0: >>>>  $xrv64i2p1_m2p0_a2p1_f2p2_d2p2_zicsr2p0_zifencei2p0_zmmul1p0_zba1p0_zbb1p0_zbc1p0_zbs1p0
core   0: 0x0000000080004000 (0x0080006f) j       pc + 0x8
core   0: 3 0x0000000080004000 (0x0080006f)
core   0: >>>>  mmode_exception_handler
core   0: 0x0000000080004008 (0x00002c17) auipc   s8, 0x2
core   0: 3 0x0000000080004008 (0x00002c17) x24 0x0000000080006008
core   0: 0x000000008000400c (0xfe6c0c13) addi    s8, s8, -26
core   0: 3 0x000000008000400c (0xfe6c0c13) x24 0x0000000080005fee
core   0: 0x0000000080004010 (0x000c00e7) jalr    s8
core   0: 3 0x0000000080004010 (0x000c00e7) x1  0x0000000080004014
core   0: >>>>  any_handler
core   0: 0x0000000080005fee (0x341027f3) csrrs   a5, mepc, zero
core   0: 3 0x0000000080005fee (0x341027f3) x15 0x0000000080005e3e
core   0: 0x0000000080005ff2 (0x34202773) csrrs   a4, mcause, zero
core   0: 3 0x0000000080005ff2 (0x34202773) x14 0x0000000000000002
core   0: 0x0000000080005ff6 (0x142026f3) csrrs   a3, scause, zero
core   0: 3 0x0000000080005ff6 (0x142026f3) x13 0x0000000000000000
core   0: 0x0000000080005ffa (0x30402673) csrrs   a2, mie, zero
core   0: 3 0x0000000080005ffa (0x30402673) x12 0x0000000000000a00
core   0: 0x0000000080005ffe (0x344025f3) csrrs   a1, mip, zero
core   0: 3 0x0000000080005ffe (0x344025f3) x11 0x0000000000000080
core   0: 0x0000000080006002 (0x343025f3) csrrs   a1, mtval, zero
core   0: 3 0x0000000080006002 (0x343025f3) x11 0x000000004017fed3
core   0: 0x0000000080006006 (0x14302573) csrrs   a0, stval, zero
core   0: 3 0x0000000080006006 (0x14302573) x10 0x0000000000000000
core   0: 0x000000008000600a (0xb02024f3) csrrs   s1, minstret, zero
core   0: 3 0x000000008000600a (0xb02024f3) x9  0x000000000000120c
core   0: 0x000000008000600e (0x0000a811) c.j     pc + 20
core   0: 3 0x000000008000600e (0xa811)
core   0: >>>>  mepc_4
core   0: 0x0000000080006022 (0x00000791) c.addi  a5, 4
core   0: 3 0x0000000080006022 (0x0791) x15 0x0000000080005e42
core   0: 0x0000000080006024 (0x34179073) csrrw   zero, mepc, a5
core   0: 3 0x0000000080006024 (0x34179073) c833_mepc 0x0000000080005e42
core   0: 0x0000000080006028 (0x30200073) mret
core   0: 3 0x0000000080006028 (0x30200073) c768_mstatus 0x8000000a00106080
core   0: 0x0000000080005e42 (0x00000001) c.nop
core   0: 1 0x0000000080005e42 (0x0001)
core   0: 0x0000000080005e44 (0x028a2a33) mulhsu  s4, s4, s0
core   0: 1 0x0000000080005e44 (0x028a2a33) x20 0x0000000000000000
core   0: 0x0000000080005e48 (0xa2fd83d3) fle.d   t2, fs11, fa5
core   0: 1 0x0000000080005e48 (0xa2fd83d3) c1_fflags 0x0000000000000010 x7  0x0000000000000000
core   0: 0x0000000080005e4c (0x22732d53) fsgnjx.d fs10, ft6, ft7
core   0: 1 0x0000000080005e4c (0x22732d53) f26 0xfff8000000000000
core   0: 0x0000000080005e50 (0x024172d3) fadd.d  ft5, ft2, ft4
core   0: exception trap_illegal_instruction, epc 0x0000000080005e50
core   0:           tval 0x00000000024172d3
core   0: >>>>  $xrv64i2p1_m2p0_a2p1_f2p2_d2p2_zicsr2p0_zifencei2p0_zmmul1p0_zba1p0_zbb1p0_zbc1p0_zbs1p0
core   0: 0x0000000080004000 (0x0080006f) j       pc + 0x8
core   0: 3 0x0000000080004000 (0x0080006f)
core   0: >>>>  mmode_exception_handler
core   0: 0x0000000080004008 (0x00002c17) auipc   s8, 0x2
core   0: 3 0x0000000080004008 (0x00002c17) x24 0x0000000080006008
core   0: 0x000000008000400c (0xfe6c0c13) addi    s8, s8, -26
core   0: 3 0x000000008000400c (0xfe6c0c13) x24 0x0000000080005fee
core   0: 0x0000000080004010 (0x000c00e7) jalr    s8
core   0: 3 0x0000000080004010 (0x000c00e7) x1  0x0000000080004014
core   0: >>>>  any_handler
core   0: 0x0000000080005fee (0x341027f3) csrrs   a5, mepc, zero
core   0: 3 0x0000000080005fee (0x341027f3) x15 0x0000000080005e50
core   0: 0x0000000080005ff2 (0x34202773) csrrs   a4, mcause, zero
core   0: 3 0x0000000080005ff2 (0x34202773) x14 0x0000000000000002
core   0: 0x0000000080005ff6 (0x142026f3) csrrs   a3, scause, zero
core   0: 3 0x0000000080005ff6 (0x142026f3) x13 0x0000000000000000
core   0: 0x0000000080005ffa (0x30402673) csrrs   a2, mie, zero
core   0: 3 0x0000000080005ffa (0x30402673) x12 0x0000000000000a00
core   0: 0x0000000080005ffe (0x344025f3) csrrs   a1, mip, zero
core   0: 3 0x0000000080005ffe (0x344025f3) x11 0x0000000000000080
core   0: 0x0000000080006002 (0x343025f3) csrrs   a1, mtval, zero
core   0: 3 0x0000000080006002 (0x343025f3) x11 0x00000000024172d3
core   0: 0x0000000080006006 (0x14302573) csrrs   a0, stval, zero
core   0: 3 0x0000000080006006 (0x14302573) x10 0x0000000000000000
core   0: 0x000000008000600a (0xb02024f3) csrrs   s1, minstret, zero
core   0: 3 0x000000008000600a (0xb02024f3) x9  0x0000000000001220
core   0: 0x000000008000600e (0x0000a811) c.j     pc + 20
core   0: 3 0x000000008000600e (0xa811)
core   0: >>>>  mepc_4
core   0: 0x0000000080006022 (0x00000791) c.addi  a5, 4
core   0: 3 0x0000000080006022 (0x0791) x15 0x0000000080005e54
core   0: 0x0000000080006024 (0x34179073) csrrw   zero, mepc, a5
core   0: 3 0x0000000080006024 (0x34179073) c833_mepc 0x0000000080005e54
core   0: 0x0000000080006028 (0x30200073) mret
core   0: 3 0x0000000080006028 (0x30200073) c768_mstatus 0x8000000a00106080
core   0: 0x0000000080005e54 (0x0088c8b3) xor     a7, a7, s0
core   0: 1 0x0000000080005e54 (0x0088c8b3) x17 0x0000000000000000
core   0: 0x0000000080005e58 (0x01590abb) addw    s5, s2, s5
core   0: 1 0x0000000080005e58 (0x01590abb) x21 0xffffffffffffffff
core   0: 0x0000000080005e5c (0x1bc2fdd3) fdiv.d  fs11, ft5, ft8
core   0: exception trap_illegal_instruction, epc 0x0000000080005e5c
core   0:           tval 0x000000001bc2fdd3
core   0: >>>>  $xrv64i2p1_m2p0_a2p1_f2p2_d2p2_zicsr2p0_zifencei2p0_zmmul1p0_zba1p0_zbb1p0_zbc1p0_zbs1p0
core   0: 0x0000000080004000 (0x0080006f) j       pc + 0x8
core   0: 3 0x0000000080004000 (0x0080006f)
core   0: >>>>  mmode_exception_handler
core   0: 0x0000000080004008 (0x00002c17) auipc   s8, 0x2
core   0: 3 0x0000000080004008 (0x00002c17) x24 0x0000000080006008
core   0: 0x000000008000400c (0xfe6c0c13) addi    s8, s8, -26
core   0: 3 0x000000008000400c (0xfe6c0c13) x24 0x0000000080005fee
core   0: 0x0000000080004010 (0x000c00e7) jalr    s8
core   0: 3 0x0000000080004010 (0x000c00e7) x1  0x0000000080004014
core   0: >>>>  any_handler
core   0: 0x0000000080005fee (0x341027f3) csrrs   a5, mepc, zero
core   0: 3 0x0000000080005fee (0x341027f3) x15 0x0000000080005e5c
core   0: 0x0000000080005ff2 (0x34202773) csrrs   a4, mcause, zero
core   0: 3 0x0000000080005ff2 (0x34202773) x14 0x0000000000000002
core   0: 0x0000000080005ff6 (0x142026f3) csrrs   a3, scause, zero
core   0: 3 0x0000000080005ff6 (0x142026f3) x13 0x0000000000000000
core   0: 0x0000000080005ffa (0x30402673) csrrs   a2, mie, zero
core   0: 3 0x0000000080005ffa (0x30402673) x12 0x0000000000000a00
core   0: 0x0000000080005ffe (0x344025f3) csrrs   a1, mip, zero
core   0: 3 0x0000000080005ffe (0x344025f3) x11 0x0000000000000080
core   0: 0x0000000080006002 (0x343025f3) csrrs   a1, mtval, zero
core   0: 3 0x0000000080006002 (0x343025f3) x11 0x000000001bc2fdd3
core   0: 0x0000000080006006 (0x14302573) csrrs   a0, stval, zero
core   0: 3 0x0000000080006006 (0x14302573) x10 0x0000000000000000
core   0: 0x000000008000600a (0xb02024f3) csrrs   s1, minstret, zero
core   0: 3 0x000000008000600a (0xb02024f3) x9  0x0000000000001232
core   0: 0x000000008000600e (0x0000a811) c.j     pc + 20
core   0: 3 0x000000008000600e (0xa811)
core   0: >>>>  mepc_4
core   0: 0x0000000080006022 (0x00000791) c.addi  a5, 4
core   0: 3 0x0000000080006022 (0x0791) x15 0x0000000080005e60
core   0: 0x0000000080006024 (0x34179073) csrrw   zero, mepc, a5
core   0: 3 0x0000000080006024 (0x34179073) c833_mepc 0x0000000080005e60
core   0: 0x0000000080006028 (0x30200073) mret
core   0: 3 0x0000000080006028 (0x30200073) c768_mstatus 0x8000000a00106080
core   0: 0x0000000080005e60 (0x0ff0000f) fence   iorw,iorw
core   0: 1 0x0000000080005e60 (0x0ff0000f)
core   0: 0x0000000080005e64 (0x40bb5b3b) sraw    s6, s6, a1
core   0: 1 0x0000000080005e64 (0x40bb5b3b) x22 0xfffffffffffff019
core   0: 0x0000000080005e68 (0x00008bf6) c.mv    s7, t4
core   0: 1 0x0000000080005e68 (0x8bf6) x23 0xfffffffffffffb14
core   0: 0x0000000080005e6a (0x030ba933) mulhsu  s2, s7, a6
core   0: 1 0x0000000080005e6a (0x030ba933) x18 0xffffffffffffffff
core   0: 0x0000000080005e6e (0x5a0ff9d3) fsqrt.d fs3, ft11
core   0: exception trap_illegal_instruction, epc 0x0000000080005e6e
core   0:           tval 0x000000005a0ff9d3
core   0: >>>>  $xrv64i2p1_m2p0_a2p1_f2p2_d2p2_zicsr2p0_zifencei2p0_zmmul1p0_zba1p0_zbb1p0_zbc1p0_zbs1p0
core   0: 0x0000000080004000 (0x0080006f) j       pc + 0x8
core   0: 3 0x0000000080004000 (0x0080006f)
core   0: >>>>  mmode_exception_handler
core   0: 0x0000000080004008 (0x00002c17) auipc   s8, 0x2
core   0: 3 0x0000000080004008 (0x00002c17) x24 0x0000000080006008
core   0: 0x000000008000400c (0xfe6c0c13) addi    s8, s8, -26
core   0: 3 0x000000008000400c (0xfe6c0c13) x24 0x0000000080005fee
core   0: 0x0000000080004010 (0x000c00e7) jalr    s8
core   0: 3 0x0000000080004010 (0x000c00e7) x1  0x0000000080004014
core   0: >>>>  any_handler
core   0: 0x0000000080005fee (0x341027f3) csrrs   a5, mepc, zero
core   0: 3 0x0000000080005fee (0x341027f3) x15 0x0000000080005e6e
core   0: 0x0000000080005ff2 (0x34202773) csrrs   a4, mcause, zero
core   0: 3 0x0000000080005ff2 (0x34202773) x14 0x0000000000000002
core   0: 0x0000000080005ff6 (0x142026f3) csrrs   a3, scause, zero
core   0: 3 0x0000000080005ff6 (0x142026f3) x13 0x0000000000000000
core   0: 0x0000000080005ffa (0x30402673) csrrs   a2, mie, zero
core   0: 3 0x0000000080005ffa (0x30402673) x12 0x0000000000000a00
core   0: 0x0000000080005ffe (0x344025f3) csrrs   a1, mip, zero
core   0: 3 0x0000000080005ffe (0x344025f3) x11 0x0000000000000080
core   0: 0x0000000080006002 (0x343025f3) csrrs   a1, mtval, zero
core   0: 3 0x0000000080006002 (0x343025f3) x11 0x000000005a0ff9d3
core   0: 0x0000000080006006 (0x14302573) csrrs   a0, stval, zero
core   0: 3 0x0000000080006006 (0x14302573) x10 0x0000000000000000
core   0: 0x000000008000600a (0xb02024f3) csrrs   s1, minstret, zero
core   0: 3 0x000000008000600a (0xb02024f3) x9  0x0000000000001246
core   0: 0x000000008000600e (0x0000a811) c.j     pc + 20
core   0: 3 0x000000008000600e (0xa811)
core   0: >>>>  mepc_4
core   0: 0x0000000080006022 (0x00000791) c.addi  a5, 4
core   0: 3 0x0000000080006022 (0x0791) x15 0x0000000080005e72
core   0: 0x0000000080006024 (0x34179073) csrrw   zero, mepc, a5
core   0: 3 0x0000000080006024 (0x34179073) c833_mepc 0x0000000080005e72
core   0: 0x0000000080006028 (0x30200073) mret
core   0: 3 0x0000000080006028 (0x30200073) c768_mstatus 0x8000000a00106080
core   0: 0x0000000080005e72 (0x0146eab3) or      s5, a3, s4
core   0: 1 0x0000000080005e72 (0x0146eab3) x21 0x0000000000000000
core   0: 0x0000000080005e76 (0x013019bb) sllw    s3, zero, s3
core   0: 1 0x0000000080005e76 (0x013019bb) x19 0x0000000000000000
core   0: 0x0000000080005e7a (0xc211fa53) fcvt.wu.d s4, ft3
core   0: exception trap_illegal_instruction, epc 0x0000000080005e7a
core   0:           tval 0x00000000c211fa53
core   0: >>>>  $xrv64i2p1_m2p0_a2p1_f2p2_d2p2_zicsr2p0_zifencei2p0_zmmul1p0_zba1p0_zbb1p0_zbc1p0_zbs1p0
core   0: 0x0000000080004000 (0x0080006f) j       pc + 0x8
core   0: 3 0x0000000080004000 (0x0080006f)
core   0: >>>>  mmode_exception_handler
core   0: 0x0000000080004008 (0x00002c17) auipc   s8, 0x2
core   0: 3 0x0000000080004008 (0x00002c17) x24 0x0000000080006008
core   0: 0x000000008000400c (0xfe6c0c13) addi    s8, s8, -26
core   0: 3 0x000000008000400c (0xfe6c0c13) x24 0x0000000080005fee
core   0: 0x0000000080004010 (0x000c00e7) jalr    s8
core   0: 3 0x0000000080004010 (0x000c00e7) x1  0x0000000080004014
core   0: >>>>  any_handler
core   0: 0x0000000080005fee (0x341027f3) csrrs   a5, mepc, zero
core   0: 3 0x0000000080005fee (0x341027f3) x15 0x0000000080005e7a
core   0: 0x0000000080005ff2 (0x34202773) csrrs   a4, mcause, zero
core   0: 3 0x0000000080005ff2 (0x34202773) x14 0x0000000000000002
core   0: 0x0000000080005ff6 (0x142026f3) csrrs   a3, scause, zero
core   0: 3 0x0000000080005ff6 (0x142026f3) x13 0x0000000000000000
core   0: 0x0000000080005ffa (0x30402673) csrrs   a2, mie, zero
core   0: 3 0x0000000080005ffa (0x30402673) x12 0x0000000000000a00
core   0: 0x0000000080005ffe (0x344025f3) csrrs   a1, mip, zero
core   0: 3 0x0000000080005ffe (0x344025f3) x11 0x0000000000000080
core   0: 0x0000000080006002 (0x343025f3) csrrs   a1, mtval, zero
core   0: 3 0x0000000080006002 (0x343025f3) x11 0x00000000c211fa53
core   0: 0x0000000080006006 (0x14302573) csrrs   a0, stval, zero
core   0: 3 0x0000000080006006 (0x14302573) x10 0x0000000000000000
core   0: 0x000000008000600a (0xb02024f3) csrrs   s1, minstret, zero
core   0: 3 0x000000008000600a (0xb02024f3) x9  0x0000000000001258
core   0: 0x000000008000600e (0x0000a811) c.j     pc + 20
core   0: 3 0x000000008000600e (0xa811)
core   0: >>>>  mepc_4
core   0: 0x0000000080006022 (0x00000791) c.addi  a5, 4
core   0: 3 0x0000000080006022 (0x0791) x15 0x0000000080005e7e
core   0: 0x0000000080006024 (0x34179073) csrrw   zero, mepc, a5
core   0: 3 0x0000000080006024 (0x34179073) c833_mepc 0x0000000080005e7e
core   0: 0x0000000080006028 (0x30200073) mret
core   0: 3 0x0000000080006028 (0x30200073) c768_mstatus 0x8000000a00106080
core   0: 0x0000000080005e7e (0x00000001) c.nop
core   0: 1 0x0000000080005e7e (0x0001)
core   0: 0x0000000080005e80 (0xc22372d3) fcvt.l.d t0, ft6
core   0: exception trap_illegal_instruction, epc 0x0000000080005e80
core   0:           tval 0x00000000c22372d3
core   0: >>>>  $xrv64i2p1_m2p0_a2p1_f2p2_d2p2_zicsr2p0_zifencei2p0_zmmul1p0_zba1p0_zbb1p0_zbc1p0_zbs1p0
core   0: 0x0000000080004000 (0x0080006f) j       pc + 0x8
core   0: 3 0x0000000080004000 (0x0080006f)
core   0: >>>>  mmode_exception_handler
core   0: 0x0000000080004008 (0x00002c17) auipc   s8, 0x2
core   0: 3 0x0000000080004008 (0x00002c17) x24 0x0000000080006008
core   0: 0x000000008000400c (0xfe6c0c13) addi    s8, s8, -26
core   0: 3 0x000000008000400c (0xfe6c0c13) x24 0x0000000080005fee
core   0: 0x0000000080004010 (0x000c00e7) jalr    s8
core   0: 3 0x0000000080004010 (0x000c00e7) x1  0x0000000080004014
core   0: >>>>  any_handler
core   0: 0x0000000080005fee (0x341027f3) csrrs   a5, mepc, zero
core   0: 3 0x0000000080005fee (0x341027f3) x15 0x0000000080005e80
core   0: 0x0000000080005ff2 (0x34202773) csrrs   a4, mcause, zero
core   0: 3 0x0000000080005ff2 (0x34202773) x14 0x0000000000000002
core   0: 0x0000000080005ff6 (0x142026f3) csrrs   a3, scause, zero
core   0: 3 0x0000000080005ff6 (0x142026f3) x13 0x0000000000000000
core   0: 0x0000000080005ffa (0x30402673) csrrs   a2, mie, zero
core   0: 3 0x0000000080005ffa (0x30402673) x12 0x0000000000000a00
core   0: 0x0000000080005ffe (0x344025f3) csrrs   a1, mip, zero
core   0: 3 0x0000000080005ffe (0x344025f3) x11 0x0000000000000080
core   0: 0x0000000080006002 (0x343025f3) csrrs   a1, mtval, zero
core   0: 3 0x0000000080006002 (0x343025f3) x11 0x00000000c22372d3
core   0: 0x0000000080006006 (0x14302573) csrrs   a0, stval, zero
core   0: 3 0x0000000080006006 (0x14302573) x10 0x0000000000000000
core   0: 0x000000008000600a (0xb02024f3) csrrs   s1, minstret, zero
core   0: 3 0x000000008000600a (0xb02024f3) x9  0x0000000000001269
core   0: 0x000000008000600e (0x0000a811) c.j     pc + 20
core   0: 3 0x000000008000600e (0xa811)
core   0: >>>>  mepc_4
core   0: 0x0000000080006022 (0x00000791) c.addi  a5, 4
core   0: 3 0x0000000080006022 (0x0791) x15 0x0000000080005e84
core   0: 0x0000000080006024 (0x34179073) csrrw   zero, mepc, a5
core   0: 3 0x0000000080006024 (0x34179073) c833_mepc 0x0000000080005e84
core   0: 0x0000000080006028 (0x30200073) mret
core   0: 3 0x0000000080006028 (0x30200073) c768_mstatus 0x8000000a00106080
core   0: 0x0000000080005e84 (0x03772e33) mulhsu  t3, a4, s7
core   0: 1 0x0000000080005e84 (0x03772e33) x28 0x0000000000000001
core   0: 0x0000000080005e88 (0x12a37ac7) fmsub.d fs5, ft6, fa0, ft2
core   0: exception trap_illegal_instruction, epc 0x0000000080005e88
core   0:           tval 0x0000000012a37ac7
core   0: >>>>  $xrv64i2p1_m2p0_a2p1_f2p2_d2p2_zicsr2p0_zifencei2p0_zmmul1p0_zba1p0_zbb1p0_zbc1p0_zbs1p0
core   0: 0x0000000080004000 (0x0080006f) j       pc + 0x8
core   0: 3 0x0000000080004000 (0x0080006f)
core   0: >>>>  mmode_exception_handler
core   0: 0x0000000080004008 (0x00002c17) auipc   s8, 0x2
core   0: 3 0x0000000080004008 (0x00002c17) x24 0x0000000080006008
core   0: 0x000000008000400c (0xfe6c0c13) addi    s8, s8, -26
core   0: 3 0x000000008000400c (0xfe6c0c13) x24 0x0000000080005fee
core   0: 0x0000000080004010 (0x000c00e7) jalr    s8
core   0: 3 0x0000000080004010 (0x000c00e7) x1  0x0000000080004014
core   0: >>>>  any_handler
core   0: 0x0000000080005fee (0x341027f3) csrrs   a5, mepc, zero
core   0: 3 0x0000000080005fee (0x341027f3) x15 0x0000000080005e88
core   0: 0x0000000080005ff2 (0x34202773) csrrs   a4, mcause, zero
core   0: 3 0x0000000080005ff2 (0x34202773) x14 0x0000000000000002
core   0: 0x0000000080005ff6 (0x142026f3) csrrs   a3, scause, zero
core   0: 3 0x0000000080005ff6 (0x142026f3) x13 0x0000000000000000
core   0: 0x0000000080005ffa (0x30402673) csrrs   a2, mie, zero
core   0: 3 0x0000000080005ffa (0x30402673) x12 0x0000000000000a00
core   0: 0x0000000080005ffe (0x344025f3) csrrs   a1, mip, zero
core   0: 3 0x0000000080005ffe (0x344025f3) x11 0x0000000000000080
core   0: 0x0000000080006002 (0x343025f3) csrrs   a1, mtval, zero
core   0: 3 0x0000000080006002 (0x343025f3) x11 0x0000000012a37ac7
core   0: 0x0000000080006006 (0x14302573) csrrs   a0, stval, zero
core   0: 3 0x0000000080006006 (0x14302573) x10 0x0000000000000000
core   0: 0x000000008000600a (0xb02024f3) csrrs   s1, minstret, zero
core   0: 3 0x000000008000600a (0xb02024f3) x9  0x000000000000127a
core   0: 0x000000008000600e (0x0000a811) c.j     pc + 20
core   0: 3 0x000000008000600e (0xa811)
core   0: >>>>  mepc_4
core   0: 0x0000000080006022 (0x00000791) c.addi  a5, 4
core   0: 3 0x0000000080006022 (0x0791) x15 0x0000000080005e8c
core   0: 0x0000000080006024 (0x34179073) csrrw   zero, mepc, a5
core   0: 3 0x0000000080006024 (0x34179073) c833_mepc 0x0000000080005e8c
core   0: 0x0000000080006028 (0x30200073) mret
core   0: 3 0x0000000080006028 (0x30200073) c768_mstatus 0x8000000a00106080
core   0: 0x0000000080005e8c (0x0041913b) sllw    sp, gp, tp
core   0: 1 0x0000000080005e8c (0x0041913b) x2  0x0000000000000000
core   0: 0x0000000080005e90 (0xd231f053) fcvt.d.lu ft0, gp
core   0: exception trap_illegal_instruction, epc 0x0000000080005e90
core   0:           tval 0x00000000d231f053
core   0: >>>>  $xrv64i2p1_m2p0_a2p1_f2p2_d2p2_zicsr2p0_zifencei2p0_zmmul1p0_zba1p0_zbb1p0_zbc1p0_zbs1p0
core   0: 0x0000000080004000 (0x0080006f) j       pc + 0x8
core   0: 3 0x0000000080004000 (0x0080006f)
core   0: >>>>  mmode_exception_handler
core   0: 0x0000000080004008 (0x00002c17) auipc   s8, 0x2
core   0: 3 0x0000000080004008 (0x00002c17) x24 0x0000000080006008
core   0: 0x000000008000400c (0xfe6c0c13) addi    s8, s8, -26
core   0: 3 0x000000008000400c (0xfe6c0c13) x24 0x0000000080005fee
core   0: 0x0000000080004010 (0x000c00e7) jalr    s8
core   0: 3 0x0000000080004010 (0x000c00e7) x1  0x0000000080004014
core   0: >>>>  any_handler
core   0: 0x0000000080005fee (0x341027f3) csrrs   a5, mepc, zero
core   0: 3 0x0000000080005fee (0x341027f3) x15 0x0000000080005e90
core   0: 0x0000000080005ff2 (0x34202773) csrrs   a4, mcause, zero
core   0: 3 0x0000000080005ff2 (0x34202773) x14 0x0000000000000002
core   0: 0x0000000080005ff6 (0x142026f3) csrrs   a3, scause, zero
core   0: 3 0x0000000080005ff6 (0x142026f3) x13 0x0000000000000000
core   0: 0x0000000080005ffa (0x30402673) csrrs   a2, mie, zero
core   0: 3 0x0000000080005ffa (0x30402673) x12 0x0000000000000a00
core   0: 0x0000000080005ffe (0x344025f3) csrrs   a1, mip, zero
core   0: 3 0x0000000080005ffe (0x344025f3) x11 0x0000000000000080
core   0: 0x0000000080006002 (0x343025f3) csrrs   a1, mtval, zero
core   0: 3 0x0000000080006002 (0x343025f3) x11 0x00000000d231f053
core   0: 0x0000000080006006 (0x14302573) csrrs   a0, stval, zero
core   0: 3 0x0000000080006006 (0x14302573) x10 0x0000000000000000
core   0: 0x000000008000600a (0xb02024f3) csrrs   s1, minstret, zero
core   0: 3 0x000000008000600a (0xb02024f3) x9  0x000000000000128b
core   0: 0x000000008000600e (0x0000a811) c.j     pc + 20
core   0: 3 0x000000008000600e (0xa811)
core   0: >>>>  mepc_4
core   0: 0x0000000080006022 (0x00000791) c.addi  a5, 4
core   0: 3 0x0000000080006022 (0x0791) x15 0x0000000080005e94
core   0: 0x0000000080006024 (0x34179073) csrrw   zero, mepc, a5
core   0: 3 0x0000000080006024 (0x34179073) c833_mepc 0x0000000080005e94
core   0: 0x0000000080006028 (0x30200073) mret
core   0: 3 0x0000000080006028 (0x30200073) c768_mstatus 0x8000000a00106080
core   0: 0x0000000080005e94 (0x00000001) c.nop
core   0: 1 0x0000000080005e94 (0x0001)
core   0: 0x0000000080005e96 (0x022108bb) mulw    a7, sp, sp
core   0: 1 0x0000000080005e96 (0x022108bb) x17 0x0000000000000000
core   0: 0x0000000080005e9a (0xd21d8c53) fcvt.d.wu fs8, s11
core   0: 1 0x0000000080005e9a (0xd21d8c53) f24 0x410ffff800000000
core   0: 0x0000000080005e9e (0x00161373) csrrw   t1, fflags, a2
core   0: 1 0x0000000080005e9e (0x00161373) x6  0x0000000000000010 c1_fflags 0x0000000000000000
core   0: 0x0000000080005ea2 (0x40acddb3) sra     s11, s9, a0
core   0: 1 0x0000000080005ea2 (0x40acddb3) x27 0x8000000000000000
core   0: 0x0000000080005ea6 (0x02b3c13b) divw    sp, t2, a1
core   0: 1 0x0000000080005ea6 (0x02b3c13b) x2  0x0000000000000000
core   0: 0x0000000080005eaa (0xb0237073) csrrci  zero, minstret, 6
core   0: exception trap_illegal_instruction, epc 0x0000000080005eaa
core   0:           tval 0x00000000b0237073
core   0: >>>>  $xrv64i2p1_m2p0_a2p1_f2p2_d2p2_zicsr2p0_zifencei2p0_zmmul1p0_zba1p0_zbb1p0_zbc1p0_zbs1p0
core   0: 0x0000000080004000 (0x0080006f) j       pc + 0x8
core   0: 3 0x0000000080004000 (0x0080006f)
core   0: >>>>  mmode_exception_handler
core   0: 0x0000000080004008 (0x00002c17) auipc   s8, 0x2
core   0: 3 0x0000000080004008 (0x00002c17) x24 0x0000000080006008
core   0: 0x000000008000400c (0xfe6c0c13) addi    s8, s8, -26
core   0: 3 0x000000008000400c (0xfe6c0c13) x24 0x0000000080005fee
core   0: 0x0000000080004010 (0x000c00e7) jalr    s8
core   0: 3 0x0000000080004010 (0x000c00e7) x1  0x0000000080004014
core   0: >>>>  any_handler
core   0: 0x0000000080005fee (0x341027f3) csrrs   a5, mepc, zero
core   0: 3 0x0000000080005fee (0x341027f3) x15 0x0000000080005eaa
core   0: 0x0000000080005ff2 (0x34202773) csrrs   a4, mcause, zero
core   0: 3 0x0000000080005ff2 (0x34202773) x14 0x0000000000000002
core   0: 0x0000000080005ff6 (0x142026f3) csrrs   a3, scause, zero
core   0: 3 0x0000000080005ff6 (0x142026f3) x13 0x0000000000000000
core   0: 0x0000000080005ffa (0x30402673) csrrs   a2, mie, zero
core   0: 3 0x0000000080005ffa (0x30402673) x12 0x0000000000000a00
core   0: 0x0000000080005ffe (0x344025f3) csrrs   a1, mip, zero
core   0: 3 0x0000000080005ffe (0x344025f3) x11 0x0000000000000080
core   0: 0x0000000080006002 (0x343025f3) csrrs   a1, mtval, zero
core   0: 3 0x0000000080006002 (0x343025f3) x11 0x00000000b0237073
core   0: 0x0000000080006006 (0x14302573) csrrs   a0, stval, zero
core   0: 3 0x0000000080006006 (0x14302573) x10 0x0000000000000000
core   0: 0x000000008000600a (0xb02024f3) csrrs   s1, minstret, zero
core   0: 3 0x000000008000600a (0xb02024f3) x9  0x00000000000012a1
core   0: 0x000000008000600e (0x0000a811) c.j     pc + 20
core   0: 3 0x000000008000600e (0xa811)
core   0: >>>>  mepc_4
core   0: 0x0000000080006022 (0x00000791) c.addi  a5, 4
core   0: 3 0x0000000080006022 (0x0791) x15 0x0000000080005eae
core   0: 0x0000000080006024 (0x34179073) csrrw   zero, mepc, a5
core   0: 3 0x0000000080006024 (0x34179073) c833_mepc 0x0000000080005eae
core   0: 0x0000000080006028 (0x30200073) mret
core   0: 3 0x0000000080006028 (0x30200073) c768_mstatus 0x8000000a00106080
core   0: 0x0000000080005eae (0xb27ff3c3) fmadd.d ft7, ft11, ft7, fs6
core   0: exception trap_illegal_instruction, epc 0x0000000080005eae
core   0:           tval 0x00000000b27ff3c3
core   0: >>>>  $xrv64i2p1_m2p0_a2p1_f2p2_d2p2_zicsr2p0_zifencei2p0_zmmul1p0_zba1p0_zbb1p0_zbc1p0_zbs1p0
core   0: 0x0000000080004000 (0x0080006f) j       pc + 0x8
core   0: 3 0x0000000080004000 (0x0080006f)
core   0: >>>>  mmode_exception_handler
core   0: 0x0000000080004008 (0x00002c17) auipc   s8, 0x2
core   0: 3 0x0000000080004008 (0x00002c17) x24 0x0000000080006008
core   0: 0x000000008000400c (0xfe6c0c13) addi    s8, s8, -26
core   0: 3 0x000000008000400c (0xfe6c0c13) x24 0x0000000080005fee
core   0: 0x0000000080004010 (0x000c00e7) jalr    s8
core   0: 3 0x0000000080004010 (0x000c00e7) x1  0x0000000080004014
core   0: >>>>  any_handler
core   0: 0x0000000080005fee (0x341027f3) csrrs   a5, mepc, zero
core   0: 3 0x0000000080005fee (0x341027f3) x15 0x0000000080005eae
core   0: 0x0000000080005ff2 (0x34202773) csrrs   a4, mcause, zero
core   0: 3 0x0000000080005ff2 (0x34202773) x14 0x0000000000000002
core   0: 0x0000000080005ff6 (0x142026f3) csrrs   a3, scause, zero
core   0: 3 0x0000000080005ff6 (0x142026f3) x13 0x0000000000000000
core   0: 0x0000000080005ffa (0x30402673) csrrs   a2, mie, zero
core   0: 3 0x0000000080005ffa (0x30402673) x12 0x0000000000000a00
core   0: 0x0000000080005ffe (0x344025f3) csrrs   a1, mip, zero
core   0: 3 0x0000000080005ffe (0x344025f3) x11 0x0000000000000080
core   0: 0x0000000080006002 (0x343025f3) csrrs   a1, mtval, zero
core   0: 3 0x0000000080006002 (0x343025f3) x11 0x00000000b27ff3c3
core   0: 0x0000000080006006 (0x14302573) csrrs   a0, stval, zero
core   0: 3 0x0000000080006006 (0x14302573) x10 0x0000000000000000
core   0: 0x000000008000600a (0xb02024f3) csrrs   s1, minstret, zero
core   0: 3 0x000000008000600a (0xb02024f3) x9  0x00000000000012b1
core   0: 0x000000008000600e (0x0000a811) c.j     pc + 20
core   0: 3 0x000000008000600e (0xa811)
core   0: >>>>  mepc_4
core   0: 0x0000000080006022 (0x00000791) c.addi  a5, 4
core   0: 3 0x0000000080006022 (0x0791) x15 0x0000000080005eb2
core   0: 0x0000000080006024 (0x34179073) csrrw   zero, mepc, a5
core   0: 3 0x0000000080006024 (0x34179073) c833_mepc 0x0000000080005eb2
core   0: 0x0000000080006028 (0x30200073) mret
core   0: 3 0x0000000080006028 (0x30200073) c768_mstatus 0x8000000a00106080
core   0: 0x0000000080005eb2 (0x00034513) xori    a0, t1, 0
core   0: 1 0x0000000080005eb2 (0x00034513) x10 0x0000000000000010
core   0: 0x0000000080005eb6 (0x00a0e8b3) or      a7, ra, a0
core   0: 1 0x0000000080005eb6 (0x00a0e8b3) x17 0x0000000080004014
core   0: 0x0000000080005eba (0xa3ff86d3) fle.d   a3, ft11, ft11
core   0: 1 0x0000000080005eba (0xa3ff86d3) x13 0x0000000000000001
core   0: 0x0000000080005ebe (0x409781bb) subw    gp, a5, s1
core   0: 1 0x0000000080005ebe (0x409781bb) x3  0xffffffff80004c01
core   0: 0x0000000080005ec2 (0x4009d91b) sraiw   s2, s3, 0
core   0: 1 0x0000000080005ec2 (0x4009d91b) x18 0x0000000000000000
core   0: 0x0000000080005ec6 (0x1acefbd3) fdiv.d  fs7, ft9, fa2
core   0: exception trap_illegal_instruction, epc 0x0000000080005ec6
core   0:           tval 0x000000001acefbd3
core   0: >>>>  $xrv64i2p1_m2p0_a2p1_f2p2_d2p2_zicsr2p0_zifencei2p0_zmmul1p0_zba1p0_zbb1p0_zbc1p0_zbs1p0
core   0: 0x0000000080004000 (0x0080006f) j       pc + 0x8
core   0: 3 0x0000000080004000 (0x0080006f)
core   0: >>>>  mmode_exception_handler
core   0: 0x0000000080004008 (0x00002c17) auipc   s8, 0x2
core   0: 3 0x0000000080004008 (0x00002c17) x24 0x0000000080006008
core   0: 0x000000008000400c (0xfe6c0c13) addi    s8, s8, -26
core   0: 3 0x000000008000400c (0xfe6c0c13) x24 0x0000000080005fee
core   0: 0x0000000080004010 (0x000c00e7) jalr    s8
core   0: 3 0x0000000080004010 (0x000c00e7) x1  0x0000000080004014
core   0: >>>>  any_handler
core   0: 0x0000000080005fee (0x341027f3) csrrs   a5, mepc, zero
core   0: 3 0x0000000080005fee (0x341027f3) x15 0x0000000080005ec6
core   0: 0x0000000080005ff2 (0x34202773) csrrs   a4, mcause, zero
core   0: 3 0x0000000080005ff2 (0x34202773) x14 0x0000000000000002
core   0: 0x0000000080005ff6 (0x142026f3) csrrs   a3, scause, zero
core   0: 3 0x0000000080005ff6 (0x142026f3) x13 0x0000000000000000
core   0: 0x0000000080005ffa (0x30402673) csrrs   a2, mie, zero
core   0: 3 0x0000000080005ffa (0x30402673) x12 0x0000000000000a00
core   0: 0x0000000080005ffe (0x344025f3) csrrs   a1, mip, zero
core   0: 3 0x0000000080005ffe (0x344025f3) x11 0x0000000000000080
core   0: 0x0000000080006002 (0x343025f3) csrrs   a1, mtval, zero
core   0: 3 0x0000000080006002 (0x343025f3) x11 0x000000001acefbd3
core   0: 0x0000000080006006 (0x14302573) csrrs   a0, stval, zero
core   0: 3 0x0000000080006006 (0x14302573) x10 0x0000000000000000
core   0: 0x000000008000600a (0xb02024f3) csrrs   s1, minstret, zero
core   0: 3 0x000000008000600a (0xb02024f3) x9  0x00000000000012c6
core   0: 0x000000008000600e (0x0000a811) c.j     pc + 20
core   0: 3 0x000000008000600e (0xa811)
core   0: >>>>  mepc_4
core   0: 0x0000000080006022 (0x00000791) c.addi  a5, 4
core   0: 3 0x0000000080006022 (0x0791) x15 0x0000000080005eca
core   0: 0x0000000080006024 (0x34179073) csrrw   zero, mepc, a5
core   0: 3 0x0000000080006024 (0x34179073) c833_mepc 0x0000000080005eca
core   0: 0x0000000080006028 (0x30200073) mret
core   0: 3 0x0000000080006028 (0x30200073) c768_mstatus 0x8000000a00106080
core   0: 0x0000000080005eca (0x00000001) c.nop
core   0: 1 0x0000000080005eca (0x0001)
core   0: 0x0000000080005ecc (0x406d82bb) subw    t0, s11, t1
core   0: 1 0x0000000080005ecc (0x406d82bb) x5  0xfffffffffffffff0
core   0: 0x0000000080005ed0 (0x01730bbb) addw    s7, t1, s7
core   0: 1 0x0000000080005ed0 (0x01730bbb) x23 0xfffffffffffffb24
core   0: 0x0000000080005ed4 (0x0b3bf3d3) fsub.d  ft7, fs7, fs3
core   0: exception trap_illegal_instruction, epc 0x0000000080005ed4
core   0:           tval 0x000000000b3bf3d3
core   0: >>>>  $xrv64i2p1_m2p0_a2p1_f2p2_d2p2_zicsr2p0_zifencei2p0_zmmul1p0_zba1p0_zbb1p0_zbc1p0_zbs1p0
core   0: 0x0000000080004000 (0x0080006f) j       pc + 0x8
core   0: 3 0x0000000080004000 (0x0080006f)
core   0: >>>>  mmode_exception_handler
core   0: 0x0000000080004008 (0x00002c17) auipc   s8, 0x2
core   0: 3 0x0000000080004008 (0x00002c17) x24 0x0000000080006008
core   0: 0x000000008000400c (0xfe6c0c13) addi    s8, s8, -26
core   0: 3 0x000000008000400c (0xfe6c0c13) x24 0x0000000080005fee
core   0: 0x0000000080004010 (0x000c00e7) jalr    s8
core   0: 3 0x0000000080004010 (0x000c00e7) x1  0x0000000080004014
core   0: >>>>  any_handler
core   0: 0x0000000080005fee (0x341027f3) csrrs   a5, mepc, zero
core   0: 3 0x0000000080005fee (0x341027f3) x15 0x0000000080005ed4
core   0: 0x0000000080005ff2 (0x34202773) csrrs   a4, mcause, zero
core   0: 3 0x0000000080005ff2 (0x34202773) x14 0x0000000000000002
core   0: 0x0000000080005ff6 (0x142026f3) csrrs   a3, scause, zero
core   0: 3 0x0000000080005ff6 (0x142026f3) x13 0x0000000000000000
core   0: 0x0000000080005ffa (0x30402673) csrrs   a2, mie, zero
core   0: 3 0x0000000080005ffa (0x30402673) x12 0x0000000000000a00
core   0: 0x0000000080005ffe (0x344025f3) csrrs   a1, mip, zero
core   0: 3 0x0000000080005ffe (0x344025f3) x11 0x0000000000000080
core   0: 0x0000000080006002 (0x343025f3) csrrs   a1, mtval, zero
core   0: 3 0x0000000080006002 (0x343025f3) x11 0x000000000b3bf3d3
core   0: 0x0000000080006006 (0x14302573) csrrs   a0, stval, zero
core   0: 3 0x0000000080006006 (0x14302573) x10 0x0000000000000000
core   0: 0x000000008000600a (0xb02024f3) csrrs   s1, minstret, zero
core   0: 3 0x000000008000600a (0xb02024f3) x9  0x00000000000012d9
core   0: 0x000000008000600e (0x0000a811) c.j     pc + 20
core   0: 3 0x000000008000600e (0xa811)
core   0: >>>>  mepc_4
core   0: 0x0000000080006022 (0x00000791) c.addi  a5, 4
core   0: 3 0x0000000080006022 (0x0791) x15 0x0000000080005ed8
core   0: 0x0000000080006024 (0x34179073) csrrw   zero, mepc, a5
core   0: 3 0x0000000080006024 (0x34179073) c833_mepc 0x0000000080005ed8
core   0: 0x0000000080006028 (0x30200073) mret
core   0: 3 0x0000000080006028 (0x30200073) c768_mstatus 0x8000000a00106080
core   0: 0x0000000080005ed8 (0xc52bd897) auipc   a7, 0xc52bd
core   0: 1 0x0000000080005ed8 (0xc52bd897) x17 0x00000000452c2ed8
core   0: 0x0000000080005edc (0x01bb9033) sll     zero, s7, s11
core   0: 1 0x0000000080005edc (0x01bb9033)
core   0: 0x0000000080005ee0 (0x343168f3) csrrsi  a7, mtval, 2
core   0: exception trap_illegal_instruction, epc 0x0000000080005ee0
core   0:           tval 0x00000000343168f3
core   0: >>>>  $xrv64i2p1_m2p0_a2p1_f2p2_d2p2_zicsr2p0_zifencei2p0_zmmul1p0_zba1p0_zbb1p0_zbc1p0_zbs1p0
core   0: 0x0000000080004000 (0x0080006f) j       pc + 0x8
core   0: 3 0x0000000080004000 (0x0080006f)
core   0: >>>>  mmode_exception_handler
core   0: 0x0000000080004008 (0x00002c17) auipc   s8, 0x2
core   0: 3 0x0000000080004008 (0x00002c17) x24 0x0000000080006008
core   0: 0x000000008000400c (0xfe6c0c13) addi    s8, s8, -26
core   0: 3 0x000000008000400c (0xfe6c0c13) x24 0x0000000080005fee
core   0: 0x0000000080004010 (0x000c00e7) jalr    s8
core   0: 3 0x0000000080004010 (0x000c00e7) x1  0x0000000080004014
core   0: >>>>  any_handler
core   0: 0x0000000080005fee (0x341027f3) csrrs   a5, mepc, zero
core   0: 3 0x0000000080005fee (0x341027f3) x15 0x0000000080005ee0
core   0: 0x0000000080005ff2 (0x34202773) csrrs   a4, mcause, zero
core   0: 3 0x0000000080005ff2 (0x34202773) x14 0x0000000000000002
core   0: 0x0000000080005ff6 (0x142026f3) csrrs   a3, scause, zero
core   0: 3 0x0000000080005ff6 (0x142026f3) x13 0x0000000000000000
core   0: 0x0000000080005ffa (0x30402673) csrrs   a2, mie, zero
core   0: 3 0x0000000080005ffa (0x30402673) x12 0x0000000000000a00
core   0: 0x0000000080005ffe (0x344025f3) csrrs   a1, mip, zero
core   0: 3 0x0000000080005ffe (0x344025f3) x11 0x0000000000000080
core   0: 0x0000000080006002 (0x343025f3) csrrs   a1, mtval, zero
core   0: 3 0x0000000080006002 (0x343025f3) x11 0x00000000343168f3
core   0: 0x0000000080006006 (0x14302573) csrrs   a0, stval, zero
core   0: 3 0x0000000080006006 (0x14302573) x10 0x0000000000000000
core   0: 0x000000008000600a (0xb02024f3) csrrs   s1, minstret, zero
core   0: 3 0x000000008000600a (0xb02024f3) x9  0x00000000000012eb
core   0: 0x000000008000600e (0x0000a811) c.j     pc + 20
core   0: 3 0x000000008000600e (0xa811)
core   0: >>>>  mepc_4
core   0: 0x0000000080006022 (0x00000791) c.addi  a5, 4
core   0: 3 0x0000000080006022 (0x0791) x15 0x0000000080005ee4
core   0: 0x0000000080006024 (0x34179073) csrrw   zero, mepc, a5
core   0: 3 0x0000000080006024 (0x34179073) c833_mepc 0x0000000080005ee4
core   0: 0x0000000080006028 (0x30200073) mret
core   0: 3 0x0000000080006028 (0x30200073) c768_mstatus 0x8000000a00106080
core   0: 0x0000000080005ee4 (0x002814f3) csrrw   s1, frm, a6
core   0: 1 0x0000000080005ee4 (0x002814f3) x9  0x0000000000000007 c2_frm 0x0000000000000004
core   0: 0x0000000080005ee8 (0x22462253) fsgnjx.d ft4, fa2, ft4
core   0: 1 0x0000000080005ee8 (0x22462253) f4  0xfff8000000000000
core   0: 0x0000000080005eec (0x1acc7453) fdiv.d  fs0, fs8, fa2
core   0: 1 0x0000000080005eec (0x1acc7453) f8  0x7ff8000000000000
core   0: 0x0000000080005ef0 (0x014cd81b) srliw   a6, s9, 20
core   0: 1 0x0000000080005ef0 (0x014cd81b) x16 0x0000000000000000
core   0: 0x0000000080005ef4 (0x1b6ffcd3) fdiv.d  fs9, ft11, fs6
core   0: 1 0x0000000080005ef4 (0x1b6ffcd3) c1_fflags 0x0000000000000010 f25 0x7ff8000000000000
core   0: 0x0000000080005ef8 (0x23b829d3) fsgnjx.d fs3, fa6, fs11
core   0: 1 0x0000000080005ef8 (0x23b829d3) f19 0x7fffffff40800000
core   0: 0x0000000080005efc (0x1be07e53) fdiv.d  ft8, ft0, ft10
core   0: 1 0x0000000080005efc (0x1be07e53) f28 0x7ff8000000000000
core   0: 0x0000000080005f00 (0x4030d19b) sraiw   gp, ra, 3
core   0: 1 0x0000000080005f00 (0x4030d19b) x3  0xfffffffff0000802
core   0: 0x0000000080005f04 (0x02294db3) div     s11, s2, sp
core   0: 1 0x0000000080005f04 (0x02294db3) x27 0xffffffffffffffff
core   0: 0x0000000080005f08 (0x401750b3) sra     ra, a4, ra
core   0: 1 0x0000000080005f08 (0x401750b3) x1  0x0000000000000000
core   0: 0x0000000080005f0c (0xd2120d53) fcvt.d.wu fs10, tp
core   0: 1 0x0000000080005f0c (0xd2120d53) f26 0x402e000000000000
core   0: 0x0000000080005f10 (0x409ad33b) sraw    t1, s5, s1
core   0: 1 0x0000000080005f10 (0x409ad33b) x6  0x0000000000000000
core   0: 0x0000000080005f14 (0x016d46b3) xor     a3, s10, s6
core   0: 1 0x0000000080005f14 (0x016d46b3) x13 0xfffffffffffff019
core   0: 0x0000000080005f18 (0xbc1be993) ori     s3, s7, -1087
core   0: 1 0x0000000080005f18 (0xbc1be993) x19 0xfffffffffffffbe5
core   0: 0x0000000080005f1c (0x029c32b3) mulhu   t0, s8, s1
core   0: 1 0x0000000080005f1c (0x029c32b3) x5  0x0000000000000000
core   0: 0x0000000080005f20 (0x013285bb) addw    a1, t0, s3
core   0: 1 0x0000000080005f20 (0x013285bb) x11 0xfffffffffffffbe5
core   0: 0x0000000080005f24 (0x000e4793) xori    a5, t3, 0
core   0: 1 0x0000000080005f24 (0x000e4793) x15 0x0000000000000001
core   0: 0x0000000080005f28 (0x41045433) sra     s0, s0, a6
core   0: 1 0x0000000080005f28 (0x41045433) x8  0x0000000000000000
core   0: 0x0000000080005f2c (0x2b6b0b53) fmin.d  fs6, fs6, fs6
core   0: 1 0x0000000080005f2c (0x2b6b0b53) f22 0x0000000000000000
core   0: 0x0000000080005f30 (0x4006dd13) srai    s10, a3, 0
core   0: 1 0x0000000080005f30 (0x4006dd13) x26 0xfffffffffffff019
core   0: 0x0000000080005f34 (0x4018d493) srai    s1, a7, 1
core   0: 1 0x0000000080005f34 (0x4018d493) x9  0x000000002296176c
core   0: 0x0000000080005f38 (0x41abd733) sra     a4, s7, s10
core   0: 1 0x0000000080005f38 (0x41abd733) x14 0xffffffffffffffff
core   0: 0x0000000080005f3c (0x54674217) auipc   tp, 0x54674
core   0: 1 0x0000000080005f3c (0x54674217) x4  0x00000000d4679f3c
core   0: 0x0000000080005f40 (0x00aa5993) srli    s3, s4, 10
core   0: 1 0x0000000080005f40 (0x00aa5993) x19 0x0000000000000000
core   0: 0x0000000080005f44 (0x0010981b) slliw   a6, ra, 1
core   0: 1 0x0000000080005f44 (0x0010981b) x16 0x0000000000000000
core   0: 0x0000000080005f48 (0xd0387053) fcvt.s.lu ft0, a6
core   0: 1 0x0000000080005f48 (0xd0387053) f0  0xffffffff00000000
core   0: 0x0000000080005f4c (0x00000001) c.nop
core   0: 1 0x0000000080005f4c (0x0001)
core   0: 0x0000000080005f4e (0xa2018a53) fle.d   s4, ft3, ft0
core   0: 1 0x0000000080005f4e (0xa2018a53) c1_fflags 0x0000000000000010 x20 0x0000000000000000
core   0: 0x0000000080005f52 (0x02e7fdb3) remu    s11, a5, a4
core   0: 1 0x0000000080005f52 (0x02e7fdb3) x27 0x0000000000000001
core   0: 0x0000000080005f56 (0x2250ad53) fsgnjx.d fs10, ft1, ft5
core   0: 1 0x0000000080005f56 (0x2250ad53) f26 0xfff8000000000000
core   0: 0x0000000080005f5a (0x03d75d3b) divuw   s10, a4, t4
core   0: 1 0x0000000080005f5a (0x03d75d3b) x26 0x0000000000000001
core   0: 0x0000000080005f5e (0x00102273) csrrs   tp, fflags, zero
core   0: 1 0x0000000080005f5e (0x00102273) x4  0x0000000000000010
core   0: 0x0000000080005f62 (0xc2207853) fcvt.l.d a6, ft0
core   0: 1 0x0000000080005f62 (0xc2207853) c1_fflags 0x0000000000000010 x16 0x7fffffffffffffff
core   0: 0x0000000080005f66 (0xc23af253) fcvt.lu.d tp, fs5
core   0: 1 0x0000000080005f66 (0xc23af253) c1_fflags 0x0000000000000010 x4  0xffffffffffffffff
core   0: 0x0000000080005f6a (0x02c75bbb) divuw   s7, a4, a2
core   0: 1 0x0000000080005f6a (0x02c75bbb) x23 0x0000000000199999
core   0: 0x0000000080005f6e (0xa27186d3) fle.d   a3, ft3, ft7
core   0: 1 0x0000000080005f6e (0xa27186d3) c1_fflags 0x0000000000000010 x13 0x0000000000000000
core   0: 0x0000000080005f72 (0x0b06f853) fsub.d  fa6, fa3, fa6
core   0: 1 0x0000000080005f72 (0x0b06f853) f16 0x7ff8000000000000
core   0: 0x0000000080005f76 (0xd03776d3) fcvt.s.lu fa3, a4
core   0: 1 0x0000000080005f76 (0xd03776d3) c1_fflags 0x0000000000000011 f13 0xffffffff5f800000
core   0: 0x0000000080005f7a (0x12dcfe53) fmul.d  ft8, fs9, fa3
core   0: 1 0x0000000080005f7a (0x12dcfe53) f28 0x7ff8000000000000
core   0: 0x0000000080005f7e (0x01fe9e9b) slliw   t4, t4, 31
core   0: 1 0x0000000080005f7e (0x01fe9e9b) x29 0x0000000000000000
core   0: 0x0000000080005f82 (0xd21b8c53) fcvt.d.wu fs8, s7
core   0: 1 0x0000000080005f82 (0xd21b8c53) f24 0x4139999900000000
core   0: 0x0000000080005f86 (0x4011f1d3) fcvt.s.d ft3, ft3
core   0: 1 0x0000000080005f86 (0x4011f1d3) f3  0xffffffff7fc00000
core   0: 0x0000000080005f8a (0x001d9373) csrrw   t1, fflags, s11
core   0: 1 0x0000000080005f8a (0x001d9373) x6  0x0000000000000011 c1_fflags 0x0000000000000001
core   0: 0x0000000080005f8e (0xc23777cb) fnmsub.d fa5, fa4, ft3, fs8
core   0: 1 0x0000000080005f8e (0xc23777cb) f15 0x7ff8000000000000
core   0: 0x0000000080005f92 (0x10506d73) csrrsi  s10, stvec, 0
core   0: 1 0x0000000080005f92 (0x10506d73) x26 0x0000000000000000
core   0: 0x0000000080005f96 (0x006ec833) xor     a6, t4, t1
core   0: 1 0x0000000080005f96 (0x006ec833) x16 0x0000000000000011
core   0: 0x0000000080005f9a (0x00187193) andi    gp, a6, 1
core   0: 1 0x0000000080005f9a (0x00187193) x3  0x0000000000000001
core   0: 0x0000000080005f9e (0xda5fb617) auipc   a2, 0xda5fb
core   0: 1 0x0000000080005f9e (0xda5fb617) x12 0x000000005a600f9e
core   0: 0x0000000080005fa2 (0xd21a00d3) fcvt.d.wu ft1, s4
core   0: 1 0x0000000080005fa2 (0xd21a00d3) f1  0x0000000000000000
core   0: 0x0000000080005fa6 (0x01dd1a9b) slliw   s5, s10, 29
core   0: 1 0x0000000080005fa6 (0x01dd1a9b) x21 0x0000000000000000
core   0: 0x0000000080005faa (0x0ff0000f) fence   iorw,iorw
core   0: 1 0x0000000080005faa (0x0ff0000f)
core   0: 0x0000000080005fae (0x0177ec33) or      s8, a5, s7
core   0: 1 0x0000000080005fae (0x0177ec33) x24 0x0000000000199999
core   0: 0x0000000080005fb2 (0xc030f1d3) fcvt.lu.s gp, ft1
core   0: 1 0x0000000080005fb2 (0xc030f1d3) c1_fflags 0x0000000000000011 x3  0xffffffffffffffff
core   0: 0x0000000080005fb6 (0x01cb5b3b) srlw    s6, s6, t3
core   0: 1 0x0000000080005fb6 (0x01cb5b3b) x22 0x000000007ffff80c
core   0: 0x0000000080005fba (0xc21572d3) fcvt.wu.d t0, fa0
core   0: 1 0x0000000080005fba (0xc21572d3) c1_fflags 0x0000000000000011 x5  0xffffffffffffffff
core   0: 0x0000000080005fbe (0x00102c73) csrrs   s8, fflags, zero
core   0: 1 0x0000000080005fbe (0x00102c73) x24 0x0000000000000011
core   0: 0x0000000080005fc2 (0xa79c7b93) andi    s7, s8, -1415
core   0: 1 0x0000000080005fc2 (0xa79c7b93) x23 0x0000000000000011
core   0: 0x0000000080005fc6 (0x000596b7) lui     a3, 0x59
core   0: 1 0x0000000080005fc6 (0x000596b7) x13 0x0000000000059000
core   0: 0x0000000080005fca (0xe3d6869b) addiw   a3, a3, -451
core   0: 1 0x0000000080005fca (0xe3d6869b) x13 0x0000000000058e3d
core   0: 0x0000000080005fce (0x000006c2) c.slli  a3, 16
core   0: 1 0x0000000080005fce (0x06c2) x13 0x000000058e3d0000
core   0: 0x0000000080005fd0 (0x5ff68693) addi    a3, a3, 1535
core   0: 1 0x0000000080005fd0 (0x5ff68693) x13 0x000000058e3d05ff
core   0: 0x0000000080005fd4 (0x4078d91b) sraiw   s2, a7, 7
core   0: 1 0x0000000080005fd4 (0x4078d91b) x18 0x00000000008a585d
core   0: 0x0000000080005fd8 (0xd02e7d53) fcvt.s.l fs10, t3
core   0: 1 0x0000000080005fd8 (0xd02e7d53) f26 0xffffffff3f800000
core   0: 0x0000000080005fdc (0x2bc315d3) fmax.d  fa1, ft6, ft8
core   0: 1 0x0000000080005fdc (0x2bc315d3) f11 0x7ff8000000000000
core   0: 0x0000000080005fe0 (0x00202bf3) csrrs   s7, frm, zero
core   0: 1 0x0000000080005fe0 (0x00202bf3) x23 0x0000000000000004
core   0: 0x0000000080005fe4 (0x020d7bd3) fadd.d  fs7, fs10, ft0
core   0: 1 0x0000000080005fe4 (0x020d7bd3) f23 0x7ff8000000000000
core   0: >>>>  write_tohost
core   0: 0x0000000080005fe8 (0x9fcfa0ef) jal     pc - 0x5e04
core   0: 1 0x0000000080005fe8 (0x9fcfa0ef) x1  0x0000000080005fec
core   0: >>>>  _exit
core   0: 0x00000000800001e4 (0x00004505) c.li    a0, 1
core   0: 1 0x00000000800001e4 (0x4505) x10 0x0000000000000001
core   0: 0x00000000800001e6 (0x00001f17) auipc   t5, 0x1
core   0: 1 0x00000000800001e6 (0x00001f17) x30 0x00000000800011e6
core   0: 0x00000000800001ea (0xe0af2d23) sw      a0, -486(t5)
core   0: 1 0x00000000800001ea (0xe0af2d23) mem 0x0000000080001000 0x00000001
cp /home/server/RISCV/cva6/verif/sim/out/seed_467/spike_sim/new_seeds_467_.cv64a6_imafdc_sv39.log.iss /home/server/RISCV/cva6/verif/sim/out/seed_467/spike_sim/new_seeds_467_.cv64a6_imafdc_sv39.log
