Makefile:14: must set CVA6_REPO_DIR to point at the root of CVA6 sources and CVA6_TB_DIR to point here -- doing it for you...
LD_LIBRARY_PATH="$(realpath ../../tools/spike/lib):$LD_LIBRARY_PATH" \
	/home/server/RISCV/cva6/tools/spike/bin/spike --steps=2000000  --log-commits --isa=rv64gc_zba_zbb_zbs_zbc_zicsr_zifencei --priv=msu -l /home/server/RISCV/cva6/verif/sim/out/seed_541/directed_asm_tests/new_seeds_541_.o
[SPIKE] Max simulation steps: 2000000
[SPIKE] Proc 0 | ISA: rv64gc_zba_zbb_zbs_zbc_zicsr_zifencei PRIV: msu
[SPIKE] Initializing memories...
core   0: 0x0000000000010000 (0x00100413) li      s0, 1
core   0: 3 0x0000000000010000 (0x00100413) x8  0x0000000000000001
core   0: 0x0000000000010004 (0x01f41413) slli    s0, s0, 31
core   0: 3 0x0000000000010004 (0x01f41413) x8  0x0000000080000000
core   0: 0x0000000000010008 (0xf1402573) csrrs   a0, mhartid, zero
core   0: 3 0x0000000000010008 (0xf1402573) x10 0x0000000000000000
core   0: 0x000000000001000c (0x00000597) auipc   a1, 0x0
core   0: 3 0x000000000001000c (0x00000597) x11 0x000000000001000c
core   0: 0x0000000000010010 (0x07458593) addi    a1, a1, 116
core   0: 3 0x0000000000010010 (0x07458593) x11 0x0000000000010080
core   0: 0x0000000000010014 (0x00040067) jr      s0
core   0: 3 0x0000000000010014 (0x00040067)
core   0: >>>>  _start
core   0: 0x0000000080000000 (0x00004081) c.li    ra, 0
core   0: 3 0x0000000080000000 (0x4081) x1  0x0000000000000000
core   0: 0x0000000080000002 (0x00004101) c.li    sp, 0
core   0: 3 0x0000000080000002 (0x4101) x2  0x0000000000000000
core   0: 0x0000000080000004 (0x00004181) c.li    gp, 0
core   0: 3 0x0000000080000004 (0x4181) x3  0x0000000000000000
core   0: 0x0000000080000006 (0x00004201) c.li    tp, 0
core   0: 3 0x0000000080000006 (0x4201) x4  0x0000000000000000
core   0: 0x0000000080000008 (0x00004281) c.li    t0, 0
core   0: 3 0x0000000080000008 (0x4281) x5  0x0000000000000000
core   0: 0x000000008000000a (0x00004301) c.li    t1, 0
core   0: 3 0x000000008000000a (0x4301) x6  0x0000000000000000
core   0: 0x000000008000000c (0x00004381) c.li    t2, 0
core   0: 3 0x000000008000000c (0x4381) x7  0x0000000000000000
core   0: 0x000000008000000e (0x00004401) c.li    s0, 0
core   0: 3 0x000000008000000e (0x4401) x8  0x0000000000000000
core   0: 0x0000000080000010 (0x00004481) c.li    s1, 0
core   0: 3 0x0000000080000010 (0x4481) x9  0x0000000000000000
core   0: 0x0000000080000012 (0x00004501) c.li    a0, 0
core   0: 3 0x0000000080000012 (0x4501) x10 0x0000000000000000
core   0: 0x0000000080000014 (0x00004581) c.li    a1, 0
core   0: 3 0x0000000080000014 (0x4581) x11 0x0000000000000000
core   0: 0x0000000080000016 (0x00004601) c.li    a2, 0
core   0: 3 0x0000000080000016 (0x4601) x12 0x0000000000000000
core   0: 0x0000000080000018 (0x00004681) c.li    a3, 0
core   0: 3 0x0000000080000018 (0x4681) x13 0x0000000000000000
core   0: 0x000000008000001a (0x00004701) c.li    a4, 0
core   0: 3 0x000000008000001a (0x4701) x14 0x0000000000000000
core   0: 0x000000008000001c (0x00004781) c.li    a5, 0
core   0: 3 0x000000008000001c (0x4781) x15 0x0000000000000000
core   0: 0x000000008000001e (0x00004801) c.li    a6, 0
core   0: 3 0x000000008000001e (0x4801) x16 0x0000000000000000
core   0: 0x0000000080000020 (0x00004881) c.li    a7, 0
core   0: 3 0x0000000080000020 (0x4881) x17 0x0000000000000000
core   0: 0x0000000080000022 (0x00004901) c.li    s2, 0
core   0: 3 0x0000000080000022 (0x4901) x18 0x0000000000000000
core   0: 0x0000000080000024 (0x00004981) c.li    s3, 0
core   0: 3 0x0000000080000024 (0x4981) x19 0x0000000000000000
core   0: 0x0000000080000026 (0x00004a01) c.li    s4, 0
core   0: 3 0x0000000080000026 (0x4a01) x20 0x0000000000000000
core   0: 0x0000000080000028 (0x00004a81) c.li    s5, 0
core   0: 3 0x0000000080000028 (0x4a81) x21 0x0000000000000000
core   0: 0x000000008000002a (0x00004b01) c.li    s6, 0
core   0: 3 0x000000008000002a (0x4b01) x22 0x0000000000000000
core   0: 0x000000008000002c (0x00004b81) c.li    s7, 0
core   0: 3 0x000000008000002c (0x4b81) x23 0x0000000000000000
core   0: 0x000000008000002e (0x00004c01) c.li    s8, 0
core   0: 3 0x000000008000002e (0x4c01) x24 0x0000000000000000
core   0: 0x0000000080000030 (0x00004c81) c.li    s9, 0
core   0: 3 0x0000000080000030 (0x4c81) x25 0x0000000000000000
core   0: 0x0000000080000032 (0x00004d01) c.li    s10, 0
core   0: 3 0x0000000080000032 (0x4d01) x26 0x0000000000000000
core   0: 0x0000000080000034 (0x00004d81) c.li    s11, 0
core   0: 3 0x0000000080000034 (0x4d81) x27 0x0000000000000000
core   0: 0x0000000080000036 (0x00004e01) c.li    t3, 0
core   0: 3 0x0000000080000036 (0x4e01) x28 0x0000000000000000
core   0: 0x0000000080000038 (0x00004e81) c.li    t4, 0
core   0: 3 0x0000000080000038 (0x4e81) x29 0x0000000000000000
core   0: 0x000000008000003a (0x00004f01) c.li    t5, 0
core   0: 3 0x000000008000003a (0x4f01) x30 0x0000000000000000
core   0: 0x000000008000003c (0x00004f81) c.li    t6, 0
core   0: 3 0x000000008000003c (0x4f81) x31 0x0000000000000000
core   0: 0x000000008000003e (0x000062f9) c.lui   t0, 0x1e
core   0: 3 0x000000008000003e (0x62f9) x5  0x000000000001e000
core   0: 0x0000000080000040 (0x3002a073) csrrs   zero, mstatus, t0
core   0: 3 0x0000000080000040 (0x3002a073) c768_mstatus 0x8000000a00006000
core   0: 0x0000000080000044 (0x00004285) c.li    t0, 1
core   0: 3 0x0000000080000044 (0x4285) x5  0x0000000000000001
core   0: 0x0000000080000046 (0x000002fe) c.slli  t0, 31
core   0: 3 0x0000000080000046 (0x02fe) x5  0x0000000080000000
core   0: 0x0000000080000048 (0x0002d863) bge     t0, zero, pc + 16
core   0: 3 0x0000000080000048 (0x0002d863)
core   0: 0x0000000080000058 (0x00000297) auipc   t0, 0x0
core   0: 3 0x0000000080000058 (0x00000297) x5  0x0000000080000058
core   0: 0x000000008000005c (0x09028293) addi    t0, t0, 144
core   0: 3 0x000000008000005c (0x09028293) x5  0x00000000800000e8
core   0: 0x0000000080000060 (0x30529073) csrrw   zero, mtvec, t0
core   0: 3 0x0000000080000060 (0x30529073) c773_mtvec 0x00000000800000e8
core   0: 0x0000000080000064 (0x00301073) csrrw   zero, fcsr, zero
core   0: 3 0x0000000080000064 (0x00301073) c1_fflags 0x0000000000000000 c2_frm 0x0000000000000000
core   0: 0x0000000080000068 (0xf0000053) fmv.w.x ft0, zero
core   0: 3 0x0000000080000068 (0xf0000053) f0  0xffffffff00000000
core   0: 0x000000008000006c (0xf00000d3) fmv.w.x ft1, zero
core   0: 3 0x000000008000006c (0xf00000d3) f1  0xffffffff00000000
core   0: 0x0000000080000070 (0xf0000153) fmv.w.x ft2, zero
core   0: 3 0x0000000080000070 (0xf0000153) f2  0xffffffff00000000
core   0: 0x0000000080000074 (0xf00001d3) fmv.w.x ft3, zero
core   0: 3 0x0000000080000074 (0xf00001d3) f3  0xffffffff00000000
core   0: 0x0000000080000078 (0xf0000253) fmv.w.x ft4, zero
core   0: 3 0x0000000080000078 (0xf0000253) f4  0xffffffff00000000
core   0: 0x000000008000007c (0xf00002d3) fmv.w.x ft5, zero
core   0: 3 0x000000008000007c (0xf00002d3) f5  0xffffffff00000000
core   0: 0x0000000080000080 (0xf0000353) fmv.w.x ft6, zero
core   0: 3 0x0000000080000080 (0xf0000353) f6  0xffffffff00000000
core   0: 0x0000000080000084 (0xf00003d3) fmv.w.x ft7, zero
core   0: 3 0x0000000080000084 (0xf00003d3) f7  0xffffffff00000000
core   0: 0x0000000080000088 (0xf0000453) fmv.w.x fs0, zero
core   0: 3 0x0000000080000088 (0xf0000453) f8  0xffffffff00000000
core   0: 0x000000008000008c (0xf00004d3) fmv.w.x fs1, zero
core   0: 3 0x000000008000008c (0xf00004d3) f9  0xffffffff00000000
core   0: 0x0000000080000090 (0xf0000553) fmv.w.x fa0, zero
core   0: 3 0x0000000080000090 (0xf0000553) f10 0xffffffff00000000
core   0: 0x0000000080000094 (0xf00005d3) fmv.w.x fa1, zero
core   0: 3 0x0000000080000094 (0xf00005d3) f11 0xffffffff00000000
core   0: 0x0000000080000098 (0xf0000653) fmv.w.x fa2, zero
core   0: 3 0x0000000080000098 (0xf0000653) f12 0xffffffff00000000
core   0: 0x000000008000009c (0xf00006d3) fmv.w.x fa3, zero
core   0: 3 0x000000008000009c (0xf00006d3) f13 0xffffffff00000000
core   0: 0x00000000800000a0 (0xf0000753) fmv.w.x fa4, zero
core   0: 3 0x00000000800000a0 (0xf0000753) f14 0xffffffff00000000
core   0: 0x00000000800000a4 (0xf00007d3) fmv.w.x fa5, zero
core   0: 3 0x00000000800000a4 (0xf00007d3) f15 0xffffffff00000000
core   0: 0x00000000800000a8 (0xf0000853) fmv.w.x fa6, zero
core   0: 3 0x00000000800000a8 (0xf0000853) f16 0xffffffff00000000
core   0: 0x00000000800000ac (0xf00008d3) fmv.w.x fa7, zero
core   0: 3 0x00000000800000ac (0xf00008d3) f17 0xffffffff00000000
core   0: 0x00000000800000b0 (0xf0000953) fmv.w.x fs2, zero
core   0: 3 0x00000000800000b0 (0xf0000953) f18 0xffffffff00000000
core   0: 0x00000000800000b4 (0xf00009d3) fmv.w.x fs3, zero
core   0: 3 0x00000000800000b4 (0xf00009d3) f19 0xffffffff00000000
core   0: 0x00000000800000b8 (0xf0000a53) fmv.w.x fs4, zero
core   0: 3 0x00000000800000b8 (0xf0000a53) f20 0xffffffff00000000
core   0: 0x00000000800000bc (0xf0000ad3) fmv.w.x fs5, zero
core   0: 3 0x00000000800000bc (0xf0000ad3) f21 0xffffffff00000000
core   0: 0x00000000800000c0 (0xf0000b53) fmv.w.x fs6, zero
core   0: 3 0x00000000800000c0 (0xf0000b53) f22 0xffffffff00000000
core   0: 0x00000000800000c4 (0xf0000bd3) fmv.w.x fs7, zero
core   0: 3 0x00000000800000c4 (0xf0000bd3) f23 0xffffffff00000000
core   0: 0x00000000800000c8 (0xf0000c53) fmv.w.x fs8, zero
core   0: 3 0x00000000800000c8 (0xf0000c53) f24 0xffffffff00000000
core   0: 0x00000000800000cc (0xf0000cd3) fmv.w.x fs9, zero
core   0: 3 0x00000000800000cc (0xf0000cd3) f25 0xffffffff00000000
core   0: 0x00000000800000d0 (0xf0000d53) fmv.w.x fs10, zero
core   0: 3 0x00000000800000d0 (0xf0000d53) f26 0xffffffff00000000
core   0: 0x00000000800000d4 (0xf0000dd3) fmv.w.x fs11, zero
core   0: 3 0x00000000800000d4 (0xf0000dd3) f27 0xffffffff00000000
core   0: 0x00000000800000d8 (0xf0000e53) fmv.w.x ft8, zero
core   0: 3 0x00000000800000d8 (0xf0000e53) f28 0xffffffff00000000
core   0: 0x00000000800000dc (0xf0000ed3) fmv.w.x ft9, zero
core   0: 3 0x00000000800000dc (0xf0000ed3) f29 0xffffffff00000000
core   0: 0x00000000800000e0 (0xf0000f53) fmv.w.x ft10, zero
core   0: 3 0x00000000800000e0 (0xf0000f53) f30 0xffffffff00000000
core   0: 0x00000000800000e4 (0xf0000fd3) fmv.w.x ft11, zero
core   0: 3 0x00000000800000e4 (0xf0000fd3) f31 0xffffffff00000000
core   0: 0x00000000800000e8 (0x00000297) auipc   t0, 0x0
core   0: 3 0x00000000800000e8 (0x00000297) x5  0x00000000800000e8
core   0: 0x00000000800000ec (0x03c28293) addi    t0, t0, 60
core   0: 3 0x00000000800000ec (0x03c28293) x5  0x0000000080000124
core   0: 0x00000000800000f0 (0x30529073) csrrw   zero, mtvec, t0
core   0: 3 0x00000000800000f0 (0x30529073) c773_mtvec 0x0000000080000124
core   0: 0x00000000800000f4 (0x00012197) auipc   gp, 0x12
core   0: 3 0x00000000800000f4 (0x00012197) x3  0x00000000800120f4
core   0: 0x00000000800000f8 (0x73418193) addi    gp, gp, 1844
core   0: 3 0x00000000800000f8 (0x73418193) x3  0x0000000080012828
core   0: 0x00000000800000fc (0x00012217) auipc   tp, 0x12
core   0: 3 0x00000000800000fc (0x00012217) x4  0x00000000800120fc
core   0: 0x0000000080000100 (0xf8320213) addi    tp, tp, -125
core   0: 3 0x0000000080000100 (0xf8320213) x4  0x000000008001207f
core   0: 0x0000000080000104 (0xfc027213) andi    tp, tp, -64
core   0: 3 0x0000000080000104 (0xfc027213) x4  0x0000000080012040
core   0: 0x0000000080000108 (0xf1402573) csrrs   a0, mhartid, zero
core   0: 3 0x0000000080000108 (0xf1402573) x10 0x0000000000000000
core   0: 0x000000008000010c (0x00004585) c.li    a1, 1
core   0: 3 0x000000008000010c (0x4585) x11 0x0000000000000001
core   0: 0x000000008000010e (0x00b57063) bgeu    a0, a1, pc + 0
core   0: 3 0x000000008000010e (0x00b57063)
core   0: 0x0000000080000112 (0x00150113) addi    sp, a0, 1
core   0: 3 0x0000000080000112 (0x00150113) x2  0x0000000000000001
core   0: 0x0000000080000116 (0x00000146) c.slli  sp, 17
core   0: 3 0x0000000080000116 (0x0146) x2  0x0000000000020000
core   0: 0x0000000080000118 (0x00009112) c.add   sp, tp
core   0: 3 0x0000000080000118 (0x9112) x2  0x0000000080032040
core   0: 0x000000008000011a (0x01151613) slli    a2, a0, 17
core   0: 3 0x000000008000011a (0x01151613) x12 0x0000000000000000
core   0: 0x000000008000011e (0x00009232) c.add   tp, a2
core   0: 3 0x000000008000011e (0x9232) x4  0x0000000080012040
core   0: 0x0000000080000120 (0x3b00f06f) j       pc + 0xf3b0
core   0: 3 0x0000000080000120 (0x3b00f06f)
core   0: >>>>  _init
core   0: 0x000000008000f4d0 (0x00007171) c.addi16sp sp, -176
core   0: 3 0x000000008000f4d0 (0x7171) x2  0x0000000080031f90
core   0: 0x000000008000f4d2 (0x0000f506) c.sdsp  ra, 168(sp)
core   0: 3 0x000000008000f4d2 (0xf506) mem 0x0000000080032038 0x0000000000000000
core   0: 0x000000008000f4d4 (0x0000f122) c.sdsp  s0, 160(sp)
core   0: 3 0x000000008000f4d4 (0xf122) mem 0x0000000080032030 0x0000000000000000
core   0: 0x000000008000f4d6 (0x0000ed26) c.sdsp  s1, 152(sp)
core   0: 3 0x000000008000f4d6 (0xed26) mem 0x0000000080032028 0x0000000000000000
core   0: 0x000000008000f4d8 (0x00001900) c.addi4spn s0, sp, 176
core   0: 3 0x000000008000f4d8 (0x1900) x8  0x0000000080032040
core   0: 0x000000008000f4da (0x000087aa) c.mv    a5, a0
core   0: 3 0x000000008000f4da (0x87aa) x15 0x0000000000000000
core   0: 0x000000008000f4dc (0x0000872e) c.mv    a4, a1
core   0: 3 0x000000008000f4dc (0x872e) x14 0x0000000000000001
core   0: 0x000000008000f4de (0xf4f42e23) sw      a5, -164(s0)
core   0: 3 0x000000008000f4de (0xf4f42e23) mem 0x0000000080031f9c 0x00000000
core   0: 0x000000008000f4e2 (0x000087ba) c.mv    a5, a4
core   0: 3 0x000000008000f4e2 (0x87ba) x15 0x0000000000000001
core   0: 0x000000008000f4e4 (0xf4f42c23) sw      a5, -168(s0)
core   0: 3 0x000000008000f4e4 (0xf4f42c23) mem 0x0000000080031f98 0x00000001
core   0: 0x000000008000f4e8 (0xfe040793) addi    a5, s0, -32
core   0: 3 0x000000008000f4e8 (0xfe040793) x15 0x0000000080032020
core   0: 0x000000008000f4ec (0xf4f43823) sd      a5, -176(s0)
core   0: 3 0x000000008000f4ec (0xf4f43823) mem 0x0000000080031f90 0x0000000080032020
core   0: 0x000000008000f4f0 (0xf5043783) ld      a5, -176(s0)
core   0: 3 0x000000008000f4f0 (0xf5043783) x15 0x0000000080032020 mem 0x0000000080031f90
core   0: 0x000000008000f4f4 (0xf8078793) addi    a5, a5, -128
core   0: 3 0x000000008000f4f4 (0xf8078793) x15 0x0000000080031fa0
core   0: 0x000000008000f4f8 (0x03f78793) addi    a5, a5, 63
core   0: 3 0x000000008000f4f8 (0x03f78793) x15 0x0000000080031fdf
core   0: 0x000000008000f4fc (0x00008399) c.srli  a5, 6
core   0: 3 0x000000008000f4fc (0x8399) x15 0x0000000002000c7f
core   0: 0x000000008000f4fe (0x00679493) slli    s1, a5, 6
core   0: 3 0x000000008000f4fe (0x00679493) x9  0x0000000080031fc0
core   0: 0x000000008000f502 (0xf65ff0ef) jal     pc - 0x9c
core   0: 3 0x000000008000f502 (0xf65ff0ef) x1  0x000000008000f506
core   0: >>>>  init_tls
core   0: 0x000000008000f466 (0x00001101) c.addi  sp, -32
core   0: 3 0x000000008000f466 (0x1101) x2  0x0000000080031f70
core   0: 0x000000008000f468 (0x0000ec06) c.sdsp  ra, 24(sp)
core   0: 3 0x000000008000f468 (0xec06) mem 0x0000000080031f88 0x000000008000f506
core   0: 0x000000008000f46a (0x0000e822) c.sdsp  s0, 16(sp)
core   0: 3 0x000000008000f46a (0xe822) mem 0x0000000080031f80 0x0000000080032040
core   0: 0x000000008000f46c (0x00001000) c.addi4spn s0, sp, 32
core   0: 3 0x000000008000f46c (0x1000) x8  0x0000000080031f90
core   0: 0x000000008000f46e (0x00003717) auipc   a4, 0x3
core   0: 3 0x000000008000f46e (0x00003717) x14 0x000000008001246e
core   0: 0x000000008000f472 (0xbba70713) addi    a4, a4, -1094
core   0: 3 0x000000008000f472 (0xbba70713) x14 0x0000000080012028
core   0: 0x000000008000f476 (0x00003797) auipc   a5, 0x3
core   0: 3 0x000000008000f476 (0x00003797) x15 0x0000000080012476
core   0: 0x000000008000f47a (0xbb278793) addi    a5, a5, -1102
core   0: 3 0x000000008000f47a (0xbb278793) x15 0x0000000080012028
core   0: 0x000000008000f47e (0x40f707b3) sub     a5, a4, a5
core   0: 3 0x000000008000f47e (0x40f707b3) x15 0x0000000000000000
core   0: 0x000000008000f482 (0xfef43423) sd      a5, -24(s0)
core   0: 3 0x000000008000f482 (0xfef43423) mem 0x0000000080031f78 0x0000000000000000
core   0: 0x000000008000f486 (0x00008792) c.mv    a5, tp
core   0: 3 0x000000008000f486 (0x8792) x15 0x0000000080012040
core   0: 0x000000008000f488 (0xfe843603) ld      a2, -24(s0)
core   0: 3 0x000000008000f488 (0xfe843603) x12 0x0000000000000000 mem 0x0000000080031f78
core   0: 0x000000008000f48c (0x00003597) auipc   a1, 0x3
core   0: 3 0x000000008000f48c (0x00003597) x11 0x000000008001248c
core   0: 0x000000008000f490 (0xb9c58593) addi    a1, a1, -1124
core   0: 3 0x000000008000f490 (0xb9c58593) x11 0x0000000080012028
core   0: 0x000000008000f494 (0x0000853e) c.mv    a0, a5
core   0: 3 0x000000008000f494 (0x853e) x10 0x0000000080012040
core   0: 0x000000008000f496 (0x0f9000ef) jal     pc + 0x8f8
core   0: 3 0x000000008000f496 (0x0f9000ef) x1  0x000000008000f49a
core   0: >>>>  memcpy
core   0: 0x000000008000fd8e (0x0000715d) c.addi16sp sp, -80
core   0: 3 0x000000008000fd8e (0x715d) x2  0x0000000080031f20
core   0: 0x000000008000fd90 (0x0000e4a2) c.sdsp  s0, 72(sp)
core   0: 3 0x000000008000fd90 (0xe4a2) mem 0x0000000080031f68 0x0000000080031f90
core   0: 0x000000008000fd92 (0x00000880) c.addi4spn s0, sp, 80
core   0: 3 0x000000008000fd92 (0x0880) x8  0x0000000080031f70
core   0: 0x000000008000fd94 (0xfca43423) sd      a0, -56(s0)
core   0: 3 0x000000008000fd94 (0xfca43423) mem 0x0000000080031f38 0x0000000080012040
core   0: 0x000000008000fd98 (0xfcb43023) sd      a1, -64(s0)
core   0: 3 0x000000008000fd98 (0xfcb43023) mem 0x0000000080031f30 0x0000000080012028
core   0: 0x000000008000fd9c (0xfac43c23) sd      a2, -72(s0)
core   0: 3 0x000000008000fd9c (0xfac43c23) mem 0x0000000080031f28 0x0000000000000000
core   0: 0x000000008000fda0 (0xfc843703) ld      a4, -56(s0)
core   0: 3 0x000000008000fda0 (0xfc843703) x14 0x0000000080012040 mem 0x0000000080031f38
core   0: 0x000000008000fda4 (0xfc043783) ld      a5, -64(s0)
core   0: 3 0x000000008000fda4 (0xfc043783) x15 0x0000000080012028 mem 0x0000000080031f30
core   0: 0x000000008000fda8 (0x00008f5d) c.or    a4, a5
core   0: 3 0x000000008000fda8 (0x8f5d) x14 0x0000000080012068
core   0: 0x000000008000fdaa (0xfb843783) ld      a5, -72(s0)
core   0: 3 0x000000008000fdaa (0xfb843783) x15 0x0000000000000000 mem 0x0000000080031f28
core   0: 0x000000008000fdae (0x00008fd9) c.or    a5, a4
core   0: 3 0x000000008000fdae (0x8fd9) x15 0x0000000080012068
core   0: 0x000000008000fdb0 (0x00008b9d) c.andi  a5, 7
core   0: 3 0x000000008000fdb0 (0x8b9d) x15 0x0000000000000000
core   0: 0x000000008000fdb2 (0x0000e3b1) c.bnez  a5, pc + 68
core   0: 3 0x000000008000fdb2 (0xe3b1)
core   0: 0x000000008000fdb4 (0xfc043783) ld      a5, -64(s0)
core   0: 3 0x000000008000fdb4 (0xfc043783) x15 0x0000000080012028 mem 0x0000000080031f30
core   0: 0x000000008000fdb8 (0xfef43423) sd      a5, -24(s0)
core   0: 3 0x000000008000fdb8 (0xfef43423) mem 0x0000000080031f58 0x0000000080012028
core   0: 0x000000008000fdbc (0xfc843783) ld      a5, -56(s0)
core   0: 3 0x000000008000fdbc (0xfc843783) x15 0x0000000080012040 mem 0x0000000080031f38
core   0: 0x000000008000fdc0 (0xfef43023) sd      a5, -32(s0)
core   0: 3 0x000000008000fdc0 (0xfef43023) mem 0x0000000080031f50 0x0000000080012040
core   0: 0x000000008000fdc4 (0x0000a839) c.j     pc + 30
core   0: 3 0x000000008000fdc4 (0xa839)
core   0: 0x000000008000fde2 (0xfc843703) ld      a4, -56(s0)
core   0: 3 0x000000008000fde2 (0xfc843703) x14 0x0000000080012040 mem 0x0000000080031f38
core   0: 0x000000008000fde6 (0xfb843783) ld      a5, -72(s0)
core   0: 3 0x000000008000fde6 (0xfb843783) x15 0x0000000000000000 mem 0x0000000080031f28
core   0: 0x000000008000fdea (0x000097ba) c.add   a5, a4
core   0: 3 0x000000008000fdea (0x97ba) x15 0x0000000080012040
core   0: 0x000000008000fdec (0xfe043703) ld      a4, -32(s0)
core   0: 3 0x000000008000fdec (0xfe043703) x14 0x0000000080012040 mem 0x0000000080031f50
core   0: 0x000000008000fdf0 (0xfcf76be3) bltu    a4, a5, pc - 42
core   0: 3 0x000000008000fdf0 (0xfcf76be3)
core   0: 0x000000008000fdf4 (0x0000a099) c.j     pc + 70
core   0: 3 0x000000008000fdf4 (0xa099)
core   0: 0x000000008000fe3a (0xfc843783) ld      a5, -56(s0)
core   0: 3 0x000000008000fe3a (0xfc843783) x15 0x0000000080012040 mem 0x0000000080031f38
core   0: 0x000000008000fe3e (0x0000853e) c.mv    a0, a5
core   0: 3 0x000000008000fe3e (0x853e) x10 0x0000000080012040
core   0: 0x000000008000fe40 (0x00006426) c.ldsp  s0, 72(sp)
core   0: 3 0x000000008000fe40 (0x6426) x8  0x0000000080031f90 mem 0x0000000080031f68
core   0: 0x000000008000fe42 (0x00006161) c.addi16sp sp, 80
core   0: 3 0x000000008000fe42 (0x6161) x2  0x0000000080031f70
core   0: 0x000000008000fe44 (0x00008082) ret
core   0: 3 0x000000008000fe44 (0x8082)
core   0: 0x000000008000f49a (0x00003717) auipc   a4, 0x3
core   0: 3 0x000000008000f49a (0x00003717) x14 0x000000008001249a
core   0: 0x000000008000f49e (0xc2a70713) addi    a4, a4, -982
core   0: 3 0x000000008000f49e (0xc2a70713) x14 0x00000000800120c4
core   0: 0x000000008000f4a2 (0x00003797) auipc   a5, 0x3
core   0: 3 0x000000008000f4a2 (0x00003797) x15 0x00000000800124a2
core   0: 0x000000008000f4a6 (0xb8678793) addi    a5, a5, -1146
core   0: 3 0x000000008000f4a6 (0xb8678793) x15 0x0000000080012028
core   0: 0x000000008000f4aa (0x40f707b3) sub     a5, a4, a5
core   0: 3 0x000000008000f4aa (0x40f707b3) x15 0x000000000000009c
core   0: 0x000000008000f4ae (0xfef43023) sd      a5, -32(s0)
core   0: 3 0x000000008000f4ae (0xfef43023) mem 0x0000000080031f70 0x000000000000009c
core   0: 0x000000008000f4b2 (0x00008712) c.mv    a4, tp
core   0: 3 0x000000008000f4b2 (0x8712) x14 0x0000000080012040
core   0: 0x000000008000f4b4 (0xfe843783) ld      a5, -24(s0)
core   0: 3 0x000000008000f4b4 (0xfe843783) x15 0x0000000000000000 mem 0x0000000080031f78
core   0: 0x000000008000f4b8 (0x000097ba) c.add   a5, a4
core   0: 3 0x000000008000f4b8 (0x97ba) x15 0x0000000080012040
core   0: 0x000000008000f4ba (0xfe043603) ld      a2, -32(s0)
core   0: 3 0x000000008000f4ba (0xfe043603) x12 0x000000000000009c mem 0x0000000080031f70
core   0: 0x000000008000f4be (0x00004581) c.li    a1, 0
core   0: 3 0x000000008000f4be (0x4581) x11 0x0000000000000000
core   0: 0x000000008000f4c0 (0x0000853e) c.mv    a0, a5
core   0: 3 0x000000008000f4c0 (0x853e) x10 0x0000000080012040
core   0: 0x000000008000f4c2 (0x185000ef) jal     pc + 0x984
core   0: 3 0x000000008000f4c2 (0x185000ef) x1  0x000000008000f4c6
core   0: >>>>  memset
core   0: 0x000000008000fe46 (0x0000715d) c.addi16sp sp, -80
core   0: 3 0x000000008000fe46 (0x715d) x2  0x0000000080031f20
core   0: 0x000000008000fe48 (0x0000e4a2) c.sdsp  s0, 72(sp)
core   0: 3 0x000000008000fe48 (0xe4a2) mem 0x0000000080031f68 0x0000000080031f90
core   0: 0x000000008000fe4a (0x00000880) c.addi4spn s0, sp, 80
core   0: 3 0x000000008000fe4a (0x0880) x8  0x0000000080031f70
core   0: 0x000000008000fe4c (0xfca43423) sd      a0, -56(s0)
core   0: 3 0x000000008000fe4c (0xfca43423) mem 0x0000000080031f38 0x0000000080012040
core   0: 0x000000008000fe50 (0x000087ae) c.mv    a5, a1
core   0: 3 0x000000008000fe50 (0x87ae) x15 0x0000000000000000
core   0: 0x000000008000fe52 (0xfac43c23) sd      a2, -72(s0)
core   0: 3 0x000000008000fe52 (0xfac43c23) mem 0x0000000080031f28 0x000000000000009c
core   0: 0x000000008000fe56 (0xfcf42223) sw      a5, -60(s0)
core   0: 3 0x000000008000fe56 (0xfcf42223) mem 0x0000000080031f34 0x00000000
core   0: 0x000000008000fe5a (0xfc843703) ld      a4, -56(s0)
core   0: 3 0x000000008000fe5a (0xfc843703) x14 0x0000000080012040 mem 0x0000000080031f38
core   0: 0x000000008000fe5e (0xfb843783) ld      a5, -72(s0)
core   0: 3 0x000000008000fe5e (0xfb843783) x15 0x000000000000009c mem 0x0000000080031f28
core   0: 0x000000008000fe62 (0x00008fd9) c.or    a5, a4
core   0: 3 0x000000008000fe62 (0x8fd9) x15 0x00000000800120dc
core   0: 0x000000008000fe64 (0x00008b9d) c.andi  a5, 7
core   0: 3 0x000000008000fe64 (0x8b9d) x15 0x0000000000000004
core   0: 0x000000008000fe66 (0x0000e7bd) c.bnez  a5, pc + 110
core   0: 3 0x000000008000fe66 (0xe7bd)
core   0: 0x000000008000fed4 (0xfc843783) ld      a5, -56(s0)
core   0: 3 0x000000008000fed4 (0xfc843783) x15 0x0000000080012040 mem 0x0000000080031f38
core   0: 0x000000008000fed8 (0xfef43023) sd      a5, -32(s0)
core   0: 3 0x000000008000fed8 (0xfef43023) mem 0x0000000080031f50 0x0000000080012040
core   0: 0x000000008000fedc (0x0000a829) c.j     pc + 26
core   0: 3 0x000000008000fedc (0xa829)
core   0: 0x000000008000fef6 (0xfc843703) ld      a4, -56(s0)
core   0: 3 0x000000008000fef6 (0xfc843703) x14 0x0000000080012040 mem 0x0000000080031f38
core   0: 0x000000008000fefa (0xfb843783) ld      a5, -72(s0)
core   0: 3 0x000000008000fefa (0xfb843783) x15 0x000000000000009c mem 0x0000000080031f28
core   0: 0x000000008000fefe (0x000097ba) c.add   a5, a4
core   0: 3 0x000000008000fefe (0x97ba) x15 0x00000000800120dc
core   0: 0x000000008000ff00 (0xfe043703) ld      a4, -32(s0)
core   0: 3 0x000000008000ff00 (0xfe043703) x14 0x0000000080012040 mem 0x0000000080031f50
core   0: 0x000000008000ff04 (0xfcf76de3) bltu    a4, a5, pc - 38
core   0: 3 0x000000008000ff04 (0xfcf76de3)
core   0: 0x000000008000fede (0xfe043783) ld      a5, -32(s0)
core   0: 3 0x000000008000fede (0xfe043783) x15 0x0000000080012040 mem 0x0000000080031f50
core   0: 0x000000008000fee2 (0x00178713) addi    a4, a5, 1
core   0: 3 0x000000008000fee2 (0x00178713) x14 0x0000000080012041
core   0: 0x000000008000fee6 (0xfee43023) sd      a4, -32(s0)
core   0: 3 0x000000008000fee6 (0xfee43023) mem 0x0000000080031f50 0x0000000080012041
core   0: 0x000000008000feea (0xfc442703) lw      a4, -60(s0)
core   0: 3 0x000000008000feea (0xfc442703) x14 0x0000000000000000 mem 0x0000000080031f34
core   0: 0x000000008000feee (0x0ff77713) andi    a4, a4, 255
core   0: 3 0x000000008000feee (0x0ff77713) x14 0x0000000000000000
core   0: 0x000000008000fef2 (0x00e78023) sb      a4, 0(a5)
core   0: 3 0x000000008000fef2 (0x00e78023) mem 0x0000000080012040 0x00
core   0: 0x000000008000fef6 (0xfc843703) ld      a4, -56(s0)
core   0: 3 0x000000008000fef6 (0xfc843703) x14 0x0000000080012040 mem 0x0000000080031f38
core   0: 0x000000008000fefa (0xfb843783) ld      a5, -72(s0)
core   0: 3 0x000000008000fefa (0xfb843783) x15 0x000000000000009c mem 0x0000000080031f28
core   0: 0x000000008000fefe (0x000097ba) c.add   a5, a4
core   0: 3 0x000000008000fefe (0x97ba) x15 0x00000000800120dc
core   0: 0x000000008000ff00 (0xfe043703) ld      a4, -32(s0)
core   0: 3 0x000000008000ff00 (0xfe043703) x14 0x0000000080012041 mem 0x0000000080031f50
core   0: 0x000000008000ff04 (0xfcf76de3) bltu    a4, a5, pc - 38
core   0: 3 0x000000008000ff04 (0xfcf76de3)
core   0: 0x000000008000fede (0xfe043783) ld      a5, -32(s0)
core   0: 3 0x000000008000fede (0xfe043783) x15 0x0000000080012041 mem 0x0000000080031f50
core   0: 0x000000008000fee2 (0x00178713) addi    a4, a5, 1
core   0: 3 0x000000008000fee2 (0x00178713) x14 0x0000000080012042
core   0: 0x000000008000fee6 (0xfee43023) sd      a4, -32(s0)
core   0: 3 0x000000008000fee6 (0xfee43023) mem 0x0000000080031f50 0x0000000080012042
core   0: 0x000000008000feea (0xfc442703) lw      a4, -60(s0)
core   0: 3 0x000000008000feea (0xfc442703) x14 0x0000000000000000 mem 0x0000000080031f34
core   0: 0x000000008000feee (0x0ff77713) andi    a4, a4, 255
core   0: 3 0x000000008000feee (0x0ff77713) x14 0x0000000000000000
core   0: 0x000000008000fef2 (0x00e78023) sb      a4, 0(a5)
core   0: 3 0x000000008000fef2 (0x00e78023) mem 0x0000000080012041 0x00
core   0: 0x000000008000fef6 (0xfc843703) ld      a4, -56(s0)
core   0: 3 0x000000008000fef6 (0xfc843703) x14 0x0000000080012040 mem 0x0000000080031f38
core   0: 0x000000008000fefa (0xfb843783) ld      a5, -72(s0)
core   0: 3 0x000000008000fefa (0xfb843783) x15 0x000000000000009c mem 0x0000000080031f28
core   0: 0x000000008000fefe (0x000097ba) c.add   a5, a4
core   0: 3 0x000000008000fefe (0x97ba) x15 0x00000000800120dc
core   0: 0x000000008000ff00 (0xfe043703) ld      a4, -32(s0)
core   0: 3 0x000000008000ff00 (0xfe043703) x14 0x0000000080012042 mem 0x0000000080031f50
core   0: 0x000000008000ff04 (0xfcf76de3) bltu    a4, a5, pc - 38
core   0: 3 0x000000008000ff04 (0xfcf76de3)
core   0: 0x000000008000fede (0xfe043783) ld      a5, -32(s0)
core   0: 3 0x000000008000fede (0xfe043783) x15 0x0000000080012042 mem 0x0000000080031f50
core   0: 0x000000008000fee2 (0x00178713) addi    a4, a5, 1
core   0: 3 0x000000008000fee2 (0x00178713) x14 0x0000000080012043
core   0: 0x000000008000fee6 (0xfee43023) sd      a4, -32(s0)
core   0: 3 0x000000008000fee6 (0xfee43023) mem 0x0000000080031f50 0x0000000080012043
core   0: 0x000000008000feea (0xfc442703) lw      a4, -60(s0)
core   0: 3 0x000000008000feea (0xfc442703) x14 0x0000000000000000 mem 0x0000000080031f34
core   0: 0x000000008000feee (0x0ff77713) andi    a4, a4, 255
core   0: 3 0x000000008000feee (0x0ff77713) x14 0x0000000000000000
core   0: 0x000000008000fef2 (0x00e78023) sb      a4, 0(a5)
core   0: 3 0x000000008000fef2 (0x00e78023) mem 0x0000000080012042 0x00
core   0: 0x000000008000fef6 (0xfc843703) ld      a4, -56(s0)
core   0: 3 0x000000008000fef6 (0xfc843703) x14 0x0000000080012040 mem 0x0000000080031f38
core   0: 0x000000008000fefa (0xfb843783) ld      a5, -72(s0)
core   0: 3 0x000000008000fefa (0xfb843783) x15 0x000000000000009c mem 0x0000000080031f28
core   0: 0x000000008000fefe (0x000097ba) c.add   a5, a4
core   0: 3 0x000000008000fefe (0x97ba) x15 0x00000000800120dc
core   0: 0x000000008000ff00 (0xfe043703) ld      a4, -32(s0)
core   0: 3 0x000000008000ff00 (0xfe043703) x14 0x0000000080012043 mem 0x0000000080031f50
core   0: 0x000000008000ff04 (0xfcf76de3) bltu    a4, a5, pc - 38
core   0: 3 0x000000008000ff04 (0xfcf76de3)
core   0: 0x000000008000fede (0xfe043783) ld      a5, -32(s0)
core   0: 3 0x000000008000fede (0xfe043783) x15 0x0000000080012043 mem 0x0000000080031f50
core   0: 0x000000008000fee2 (0x00178713) addi    a4, a5, 1
core   0: 3 0x000000008000fee2 (0x00178713) x14 0x0000000080012044
core   0: 0x000000008000fee6 (0xfee43023) sd      a4, -32(s0)
core   0: 3 0x000000008000fee6 (0xfee43023) mem 0x0000000080031f50 0x0000000080012044
core   0: 0x000000008000feea (0xfc442703) lw      a4, -60(s0)
core   0: 3 0x000000008000feea (0xfc442703) x14 0x0000000000000000 mem 0x0000000080031f34
core   0: 0x000000008000feee (0x0ff77713) andi    a4, a4, 255
core   0: 3 0x000000008000feee (0x0ff77713) x14 0x0000000000000000
core   0: 0x000000008000fef2 (0x00e78023) sb      a4, 0(a5)
core   0: 3 0x000000008000fef2 (0x00e78023) mem 0x0000000080012043 0x00
core   0: 0x000000008000fef6 (0xfc843703) ld      a4, -56(s0)
core   0: 3 0x000000008000fef6 (0xfc843703) x14 0x0000000080012040 mem 0x0000000080031f38
core   0: 0x000000008000fefa (0xfb843783) ld      a5, -72(s0)
core   0: 3 0x000000008000fefa (0xfb843783) x15 0x000000000000009c mem 0x0000000080031f28
core   0: 0x000000008000fefe (0x000097ba) c.add   a5, a4
core   0: 3 0x000000008000fefe (0x97ba) x15 0x00000000800120dc
core   0: 0x000000008000ff00 (0xfe043703) ld      a4, -32(s0)
core   0: 3 0x000000008000ff00 (0xfe043703) x14 0x0000000080012044 mem 0x0000000080031f50
core   0: 0x000000008000ff04 (0xfcf76de3) bltu    a4, a5, pc - 38
core   0: 3 0x000000008000ff04 (0xfcf76de3)
core   0: 0x000000008000fede (0xfe043783) ld      a5, -32(s0)
core   0: 3 0x000000008000fede (0xfe043783) x15 0x0000000080012044 mem 0x0000000080031f50
core   0: 0x000000008000fee2 (0x00178713) addi    a4, a5, 1
core   0: 3 0x000000008000fee2 (0x00178713) x14 0x0000000080012045
core   0: 0x000000008000fee6 (0xfee43023) sd      a4, -32(s0)
core   0: 3 0x000000008000fee6 (0xfee43023) mem 0x0000000080031f50 0x0000000080012045
core   0: 0x000000008000feea (0xfc442703) lw      a4, -60(s0)
core   0: 3 0x000000008000feea (0xfc442703) x14 0x0000000000000000 mem 0x0000000080031f34
core   0: 0x000000008000feee (0x0ff77713) andi    a4, a4, 255
core   0: 3 0x000000008000feee (0x0ff77713) x14 0x0000000000000000
core   0: 0x000000008000fef2 (0x00e78023) sb      a4, 0(a5)
core   0: 3 0x000000008000fef2 (0x00e78023) mem 0x0000000080012044 0x00
core   0: 0x000000008000fef6 (0xfc843703) ld      a4, -56(s0)
core   0: 3 0x000000008000fef6 (0xfc843703) x14 0x0000000080012040 mem 0x0000000080031f38
core   0: 0x000000008000fefa (0xfb843783) ld      a5, -72(s0)
core   0: 3 0x000000008000fefa (0xfb843783) x15 0x000000000000009c mem 0x0000000080031f28
core   0: 0x000000008000fefe (0x000097ba) c.add   a5, a4
core   0: 3 0x000000008000fefe (0x97ba) x15 0x00000000800120dc
core   0: 0x000000008000ff00 (0xfe043703) ld      a4, -32(s0)
core   0: 3 0x000000008000ff00 (0xfe043703) x14 0x0000000080012045 mem 0x0000000080031f50
core   0: 0x000000008000ff04 (0xfcf76de3) bltu    a4, a5, pc - 38
core   0: 3 0x000000008000ff04 (0xfcf76de3)
core   0: 0x000000008000fede (0xfe043783) ld      a5, -32(s0)
core   0: 3 0x000000008000fede (0xfe043783) x15 0x0000000080012045 mem 0x0000000080031f50
core   0: 0x000000008000fee2 (0x00178713) addi    a4, a5, 1
core   0: 3 0x000000008000fee2 (0x00178713) x14 0x0000000080012046
core   0: 0x000000008000fee6 (0xfee43023) sd      a4, -32(s0)
core   0: 3 0x000000008000fee6 (0xfee43023) mem 0x0000000080031f50 0x0000000080012046
core   0: 0x000000008000feea (0xfc442703) lw      a4, -60(s0)
core   0: 3 0x000000008000feea (0xfc442703) x14 0x0000000000000000 mem 0x0000000080031f34
core   0: 0x000000008000feee (0x0ff77713) andi    a4, a4, 255
core   0: 3 0x000000008000feee (0x0ff77713) x14 0x0000000000000000
core   0: 0x000000008000fef2 (0x00e78023) sb      a4, 0(a5)
core   0: 3 0x000000008000fef2 (0x00e78023) mem 0x0000000080012045 0x00
core   0: 0x000000008000fef6 (0xfc843703) ld      a4, -56(s0)
core   0: 3 0x000000008000fef6 (0xfc843703) x14 0x0000000080012040 mem 0x0000000080031f38
core   0: 0x000000008000fefa (0xfb843783) ld      a5, -72(s0)
core   0: 3 0x000000008000fefa (0xfb843783) x15 0x000000000000009c mem 0x0000000080031f28
core   0: 0x000000008000fefe (0x000097ba) c.add   a5, a4
core   0: 3 0x000000008000fefe (0x97ba) x15 0x00000000800120dc
core   0: 0x000000008000ff00 (0xfe043703) ld      a4, -32(s0)
core   0: 3 0x000000008000ff00 (0xfe043703) x14 0x0000000080012046 mem 0x0000000080031f50
core   0: 0x000000008000ff04 (0xfcf76de3) bltu    a4, a5, pc - 38
core   0: 3 0x000000008000ff04 (0xfcf76de3)
core   0: 0x000000008000fede (0xfe043783) ld      a5, -32(s0)
core   0: 3 0x000000008000fede (0xfe043783) x15 0x0000000080012046 mem 0x0000000080031f50
core   0: 0x000000008000fee2 (0x00178713) addi    a4, a5, 1
core   0: 3 0x000000008000fee2 (0x00178713) x14 0x0000000080012047
core   0: 0x000000008000fee6 (0xfee43023) sd      a4, -32(s0)
core   0: 3 0x000000008000fee6 (0xfee43023) mem 0x0000000080031f50 0x0000000080012047
core   0: 0x000000008000feea (0xfc442703) lw      a4, -60(s0)
core   0: 3 0x000000008000feea (0xfc442703) x14 0x0000000000000000 mem 0x0000000080031f34
core   0: 0x000000008000feee (0x0ff77713) andi    a4, a4, 255
core   0: 3 0x000000008000feee (0x0ff77713) x14 0x0000000000000000
core   0: 0x000000008000fef2 (0x00e78023) sb      a4, 0(a5)
core   0: 3 0x000000008000fef2 (0x00e78023) mem 0x0000000080012046 0x00
core   0: 0x000000008000fef6 (0xfc843703) ld      a4, -56(s0)
core   0: 3 0x000000008000fef6 (0xfc843703) x14 0x0000000080012040 mem 0x0000000080031f38
core   0: 0x000000008000fefa (0xfb843783) ld      a5, -72(s0)
core   0: 3 0x000000008000fefa (0xfb843783) x15 0x000000000000009c mem 0x0000000080031f28
core   0: 0x000000008000fefe (0x000097ba) c.add   a5, a4
core   0: 3 0x000000008000fefe (0x97ba) x15 0x00000000800120dc
core   0: 0x000000008000ff00 (0xfe043703) ld      a4, -32(s0)
core   0: 3 0x000000008000ff00 (0xfe043703) x14 0x0000000080012047 mem 0x0000000080031f50
core   0: 0x000000008000ff04 (0xfcf76de3) bltu    a4, a5, pc - 38
core   0: 3 0x000000008000ff04 (0xfcf76de3)
core   0: 0x000000008000fede (0xfe043783) ld      a5, -32(s0)
core   0: 3 0x000000008000fede (0xfe043783) x15 0x0000000080012047 mem 0x0000000080031f50
core   0: 0x000000008000fee2 (0x00178713) addi    a4, a5, 1
core   0: 3 0x000000008000fee2 (0x00178713) x14 0x0000000080012048
core   0: 0x000000008000fee6 (0xfee43023) sd      a4, -32(s0)
core   0: 3 0x000000008000fee6 (0xfee43023) mem 0x0000000080031f50 0x0000000080012048
core   0: 0x000000008000feea (0xfc442703) lw      a4, -60(s0)
core   0: 3 0x000000008000feea (0xfc442703) x14 0x0000000000000000 mem 0x0000000080031f34
core   0: 0x000000008000feee (0x0ff77713) andi    a4, a4, 255
core   0: 3 0x000000008000feee (0x0ff77713) x14 0x0000000000000000
core   0: 0x000000008000fef2 (0x00e78023) sb      a4, 0(a5)
core   0: 3 0x000000008000fef2 (0x00e78023) mem 0x0000000080012047 0x00
core   0: 0x000000008000fef6 (0xfc843703) ld      a4, -56(s0)
core   0: 3 0x000000008000fef6 (0xfc843703) x14 0x0000000080012040 mem 0x0000000080031f38
core   0: 0x000000008000fefa (0xfb843783) ld      a5, -72(s0)
core   0: 3 0x000000008000fefa (0xfb843783) x15 0x000000000000009c mem 0x0000000080031f28
core   0: 0x000000008000fefe (0x000097ba) c.add   a5, a4
core   0: 3 0x000000008000fefe (0x97ba) x15 0x00000000800120dc
core   0: 0x000000008000ff00 (0xfe043703) ld      a4, -32(s0)
core   0: 3 0x000000008000ff00 (0xfe043703) x14 0x0000000080012048 mem 0x0000000080031f50
core   0: 0x000000008000ff04 (0xfcf76de3) bltu    a4, a5, pc - 38
core   0: 3 0x000000008000ff04 (0xfcf76de3)
core   0: 0x000000008000fede (0xfe043783) ld      a5, -32(s0)
core   0: 3 0x000000008000fede (0xfe043783) x15 0x0000000080012048 mem 0x0000000080031f50
core   0: 0x000000008000fee2 (0x00178713) addi    a4, a5, 1
core   0: 3 0x000000008000fee2 (0x00178713) x14 0x0000000080012049
core   0: 0x000000008000fee6 (0xfee43023) sd      a4, -32(s0)
core   0: 3 0x000000008000fee6 (0xfee43023) mem 0x0000000080031f50 0x0000000080012049
core   0: 0x000000008000feea (0xfc442703) lw      a4, -60(s0)
core   0: 3 0x000000008000feea (0xfc442703) x14 0x0000000000000000 mem 0x0000000080031f34
core   0: 0x000000008000feee (0x0ff77713) andi    a4, a4, 255
core   0: 3 0x000000008000feee (0x0ff77713) x14 0x0000000000000000
core   0: 0x000000008000fef2 (0x00e78023) sb      a4, 0(a5)
core   0: 3 0x000000008000fef2 (0x00e78023) mem 0x0000000080012048 0x00
core   0: 0x000000008000fef6 (0xfc843703) ld      a4, -56(s0)
core   0: 3 0x000000008000fef6 (0xfc843703) x14 0x0000000080012040 mem 0x0000000080031f38
core   0: 0x000000008000fefa (0xfb843783) ld      a5, -72(s0)
core   0: 3 0x000000008000fefa (0xfb843783) x15 0x000000000000009c mem 0x0000000080031f28
core   0: 0x000000008000fefe (0x000097ba) c.add   a5, a4
core   0: 3 0x000000008000fefe (0x97ba) x15 0x00000000800120dc
core   0: 0x000000008000ff00 (0xfe043703) ld      a4, -32(s0)
core   0: 3 0x000000008000ff00 (0xfe043703) x14 0x0000000080012049 mem 0x0000000080031f50
core   0: 0x000000008000ff04 (0xfcf76de3) bltu    a4, a5, pc - 38
core   0: 3 0x000000008000ff04 (0xfcf76de3)
core   0: 0x000000008000fede (0xfe043783) ld      a5, -32(s0)
core   0: 3 0x000000008000fede (0xfe043783) x15 0x0000000080012049 mem 0x0000000080031f50
core   0: 0x000000008000fee2 (0x00178713) addi    a4, a5, 1
core   0: 3 0x000000008000fee2 (0x00178713) x14 0x000000008001204a
core   0: 0x000000008000fee6 (0xfee43023) sd      a4, -32(s0)
core   0: 3 0x000000008000fee6 (0xfee43023) mem 0x0000000080031f50 0x000000008001204a
core   0: 0x000000008000feea (0xfc442703) lw      a4, -60(s0)
core   0: 3 0x000000008000feea (0xfc442703) x14 0x0000000000000000 mem 0x0000000080031f34
core   0: 0x000000008000feee (0x0ff77713) andi    a4, a4, 255
core   0: 3 0x000000008000feee (0x0ff77713) x14 0x0000000000000000
core   0: 0x000000008000fef2 (0x00e78023) sb      a4, 0(a5)
core   0: 3 0x000000008000fef2 (0x00e78023) mem 0x0000000080012049 0x00
core   0: 0x000000008000fef6 (0xfc843703) ld      a4, -56(s0)
core   0: 3 0x000000008000fef6 (0xfc843703) x14 0x0000000080012040 mem 0x0000000080031f38
core   0: 0x000000008000fefa (0xfb843783) ld      a5, -72(s0)
core   0: 3 0x000000008000fefa (0xfb843783) x15 0x000000000000009c mem 0x0000000080031f28
core   0: 0x000000008000fefe (0x000097ba) c.add   a5, a4
core   0: 3 0x000000008000fefe (0x97ba) x15 0x00000000800120dc
core   0: 0x000000008000ff00 (0xfe043703) ld      a4, -32(s0)
core   0: 3 0x000000008000ff00 (0xfe043703) x14 0x000000008001204a mem 0x0000000080031f50
core   0: 0x000000008000ff04 (0xfcf76de3) bltu    a4, a5, pc - 38
core   0: 3 0x000000008000ff04 (0xfcf76de3)
core   0: 0x000000008000fede (0xfe043783) ld      a5, -32(s0)
core   0: 3 0x000000008000fede (0xfe043783) x15 0x000000008001204a mem 0x0000000080031f50
core   0: 0x000000008000fee2 (0x00178713) addi    a4, a5, 1
core   0: 3 0x000000008000fee2 (0x00178713) x14 0x000000008001204b
core   0: 0x000000008000fee6 (0xfee43023) sd      a4, -32(s0)
core   0: 3 0x000000008000fee6 (0xfee43023) mem 0x0000000080031f50 0x000000008001204b
core   0: 0x000000008000feea (0xfc442703) lw      a4, -60(s0)
core   0: 3 0x000000008000feea (0xfc442703) x14 0x0000000000000000 mem 0x0000000080031f34
core   0: 0x000000008000feee (0x0ff77713) andi    a4, a4, 255
core   0: 3 0x000000008000feee (0x0ff77713) x14 0x0000000000000000
core   0: 0x000000008000fef2 (0x00e78023) sb      a4, 0(a5)
core   0: 3 0x000000008000fef2 (0x00e78023) mem 0x000000008001204a 0x00
core   0: 0x000000008000fef6 (0xfc843703) ld      a4, -56(s0)
core   0: 3 0x000000008000fef6 (0xfc843703) x14 0x0000000080012040 mem 0x0000000080031f38
core   0: 0x000000008000fefa (0xfb843783) ld      a5, -72(s0)
core   0: 3 0x000000008000fefa (0xfb843783) x15 0x000000000000009c mem 0x0000000080031f28
core   0: 0x000000008000fefe (0x000097ba) c.add   a5, a4
core   0: 3 0x000000008000fefe (0x97ba) x15 0x00000000800120dc
core   0: 0x000000008000ff00 (0xfe043703) ld      a4, -32(s0)
core   0: 3 0x000000008000ff00 (0xfe043703) x14 0x000000008001204b mem 0x0000000080031f50
core   0: 0x000000008000ff04 (0xfcf76de3) bltu    a4, a5, pc - 38
core   0: 3 0x000000008000ff04 (0xfcf76de3)
core   0: 0x000000008000fede (0xfe043783) ld      a5, -32(s0)
core   0: 3 0x000000008000fede (0xfe043783) x15 0x000000008001204b mem 0x0000000080031f50
core   0: 0x000000008000fee2 (0x00178713) addi    a4, a5, 1
core   0: 3 0x000000008000fee2 (0x00178713) x14 0x000000008001204c
core   0: 0x000000008000fee6 (0xfee43023) sd      a4, -32(s0)
core   0: 3 0x000000008000fee6 (0xfee43023) mem 0x0000000080031f50 0x000000008001204c
core   0: 0x000000008000feea (0xfc442703) lw      a4, -60(s0)
core   0: 3 0x000000008000feea (0xfc442703) x14 0x0000000000000000 mem 0x0000000080031f34
core   0: 0x000000008000feee (0x0ff77713) andi    a4, a4, 255
core   0: 3 0x000000008000feee (0x0ff77713) x14 0x0000000000000000
core   0: 0x000000008000fef2 (0x00e78023) sb      a4, 0(a5)
core   0: 3 0x000000008000fef2 (0x00e78023) mem 0x000000008001204b 0x00
core   0: 0x000000008000fef6 (0xfc843703) ld      a4, -56(s0)
core   0: 3 0x000000008000fef6 (0xfc843703) x14 0x0000000080012040 mem 0x0000000080031f38
core   0: 0x000000008000fefa (0xfb843783) ld      a5, -72(s0)
core   0: 3 0x000000008000fefa (0xfb843783) x15 0x000000000000009c mem 0x0000000080031f28
core   0: 0x000000008000fefe (0x000097ba) c.add   a5, a4
core   0: 3 0x000000008000fefe (0x97ba) x15 0x00000000800120dc
core   0: 0x000000008000ff00 (0xfe043703) ld      a4, -32(s0)
core   0: 3 0x000000008000ff00 (0xfe043703) x14 0x000000008001204c mem 0x0000000080031f50
core   0: 0x000000008000ff04 (0xfcf76de3) bltu    a4, a5, pc - 38
core   0: 3 0x000000008000ff04 (0xfcf76de3)
core   0: 0x000000008000fede (0xfe043783) ld      a5, -32(s0)
core   0: 3 0x000000008000fede (0xfe043783) x15 0x000000008001204c mem 0x0000000080031f50
core   0: 0x000000008000fee2 (0x00178713) addi    a4, a5, 1
core   0: 3 0x000000008000fee2 (0x00178713) x14 0x000000008001204d
core   0: 0x000000008000fee6 (0xfee43023) sd      a4, -32(s0)
core   0: 3 0x000000008000fee6 (0xfee43023) mem 0x0000000080031f50 0x000000008001204d
core   0: 0x000000008000feea (0xfc442703) lw      a4, -60(s0)
core   0: 3 0x000000008000feea (0xfc442703) x14 0x0000000000000000 mem 0x0000000080031f34
core   0: 0x000000008000feee (0x0ff77713) andi    a4, a4, 255
core   0: 3 0x000000008000feee (0x0ff77713) x14 0x0000000000000000
core   0: 0x000000008000fef2 (0x00e78023) sb      a4, 0(a5)
core   0: 3 0x000000008000fef2 (0x00e78023) mem 0x000000008001204c 0x00
core   0: 0x000000008000fef6 (0xfc843703) ld      a4, -56(s0)
core   0: 3 0x000000008000fef6 (0xfc843703) x14 0x0000000080012040 mem 0x0000000080031f38
core   0: 0x000000008000fefa (0xfb843783) ld      a5, -72(s0)
core   0: 3 0x000000008000fefa (0xfb843783) x15 0x000000000000009c mem 0x0000000080031f28
core   0: 0x000000008000fefe (0x000097ba) c.add   a5, a4
core   0: 3 0x000000008000fefe (0x97ba) x15 0x00000000800120dc
core   0: 0x000000008000ff00 (0xfe043703) ld      a4, -32(s0)
core   0: 3 0x000000008000ff00 (0xfe043703) x14 0x000000008001204d mem 0x0000000080031f50
core   0: 0x000000008000ff04 (0xfcf76de3) bltu    a4, a5, pc - 38
core   0: 3 0x000000008000ff04 (0xfcf76de3)
core   0: 0x000000008000fede (0xfe043783) ld      a5, -32(s0)
core   0: 3 0x000000008000fede (0xfe043783) x15 0x000000008001204d mem 0x0000000080031f50
core   0: 0x000000008000fee2 (0x00178713) addi    a4, a5, 1
core   0: 3 0x000000008000fee2 (0x00178713) x14 0x000000008001204e
core   0: 0x000000008000fee6 (0xfee43023) sd      a4, -32(s0)
core   0: 3 0x000000008000fee6 (0xfee43023) mem 0x0000000080031f50 0x000000008001204e
core   0: 0x000000008000feea (0xfc442703) lw      a4, -60(s0)
core   0: 3 0x000000008000feea (0xfc442703) x14 0x0000000000000000 mem 0x0000000080031f34
core   0: 0x000000008000feee (0x0ff77713) andi    a4, a4, 255
core   0: 3 0x000000008000feee (0x0ff77713) x14 0x0000000000000000
core   0: 0x000000008000fef2 (0x00e78023) sb      a4, 0(a5)
core   0: 3 0x000000008000fef2 (0x00e78023) mem 0x000000008001204d 0x00
core   0: 0x000000008000fef6 (0xfc843703) ld      a4, -56(s0)
core   0: 3 0x000000008000fef6 (0xfc843703) x14 0x0000000080012040 mem 0x0000000080031f38
core   0: 0x000000008000fefa (0xfb843783) ld      a5, -72(s0)
core   0: 3 0x000000008000fefa (0xfb843783) x15 0x000000000000009c mem 0x0000000080031f28
core   0: 0x000000008000fefe (0x000097ba) c.add   a5, a4
core   0: 3 0x000000008000fefe (0x97ba) x15 0x00000000800120dc
core   0: 0x000000008000ff00 (0xfe043703) ld      a4, -32(s0)
core   0: 3 0x000000008000ff00 (0xfe043703) x14 0x000000008001204e mem 0x0000000080031f50
core   0: 0x000000008000ff04 (0xfcf76de3) bltu    a4, a5, pc - 38
core   0: 3 0x000000008000ff04 (0xfcf76de3)
core   0: 0x000000008000fede (0xfe043783) ld      a5, -32(s0)
core   0: 3 0x000000008000fede (0xfe043783) x15 0x000000008001204e mem 0x0000000080031f50
core   0: 0x000000008000fee2 (0x00178713) addi    a4, a5, 1
core   0: 3 0x000000008000fee2 (0x00178713) x14 0x000000008001204f
core   0: 0x000000008000fee6 (0xfee43023) sd      a4, -32(s0)
core   0: 3 0x000000008000fee6 (0xfee43023) mem 0x0000000080031f50 0x000000008001204f
core   0: 0x000000008000feea (0xfc442703) lw      a4, -60(s0)
core   0: 3 0x000000008000feea (0xfc442703) x14 0x0000000000000000 mem 0x0000000080031f34
core   0: 0x000000008000feee (0x0ff77713) andi    a4, a4, 255
core   0: 3 0x000000008000feee (0x0ff77713) x14 0x0000000000000000
core   0: 0x000000008000fef2 (0x00e78023) sb      a4, 0(a5)
core   0: 3 0x000000008000fef2 (0x00e78023) mem 0x000000008001204e 0x00
core   0: 0x000000008000fef6 (0xfc843703) ld      a4, -56(s0)
core   0: 3 0x000000008000fef6 (0xfc843703) x14 0x0000000080012040 mem 0x0000000080031f38
core   0: 0x000000008000fefa (0xfb843783) ld      a5, -72(s0)
core   0: 3 0x000000008000fefa (0xfb843783) x15 0x000000000000009c mem 0x0000000080031f28
core   0: 0x000000008000fefe (0x000097ba) c.add   a5, a4
core   0: 3 0x000000008000fefe (0x97ba) x15 0x00000000800120dc
core   0: 0x000000008000ff00 (0xfe043703) ld      a4, -32(s0)
core   0: 3 0x000000008000ff00 (0xfe043703) x14 0x000000008001204f mem 0x0000000080031f50
core   0: 0x000000008000ff04 (0xfcf76de3) bltu    a4, a5, pc - 38
core   0: 3 0x000000008000ff04 (0xfcf76de3)
core   0: 0x000000008000fede (0xfe043783) ld      a5, -32(s0)
core   0: 3 0x000000008000fede (0xfe043783) x15 0x000000008001204f mem 0x0000000080031f50
core   0: 0x000000008000fee2 (0x00178713) addi    a4, a5, 1
core   0: 3 0x000000008000fee2 (0x00178713) x14 0x0000000080012050
core   0: 0x000000008000fee6 (0xfee43023) sd      a4, -32(s0)
core   0: 3 0x000000008000fee6 (0xfee43023) mem 0x0000000080031f50 0x0000000080012050
core   0: 0x000000008000feea (0xfc442703) lw      a4, -60(s0)
core   0: 3 0x000000008000feea (0xfc442703) x14 0x0000000000000000 mem 0x0000000080031f34
core   0: 0x000000008000feee (0x0ff77713) andi    a4, a4, 255
core   0: 3 0x000000008000feee (0x0ff77713) x14 0x0000000000000000
core   0: 0x000000008000fef2 (0x00e78023) sb      a4, 0(a5)
core   0: 3 0x000000008000fef2 (0x00e78023) mem 0x000000008001204f 0x00
core   0: 0x000000008000fef6 (0xfc843703) ld      a4, -56(s0)
core   0: 3 0x000000008000fef6 (0xfc843703) x14 0x0000000080012040 mem 0x0000000080031f38
core   0: 0x000000008000fefa (0xfb843783) ld      a5, -72(s0)
core   0: 3 0x000000008000fefa (0xfb843783) x15 0x000000000000009c mem 0x0000000080031f28
core   0: 0x000000008000fefe (0x000097ba) c.add   a5, a4
core   0: 3 0x000000008000fefe (0x97ba) x15 0x00000000800120dc
core   0: 0x000000008000ff00 (0xfe043703) ld      a4, -32(s0)
core   0: 3 0x000000008000ff00 (0xfe043703) x14 0x0000000080012050 mem 0x0000000080031f50
core   0: 0x000000008000ff04 (0xfcf76de3) bltu    a4, a5, pc - 38
core   0: 3 0x000000008000ff04 (0xfcf76de3)
core   0: 0x000000008000fede (0xfe043783) ld      a5, -32(s0)
core   0: 3 0x000000008000fede (0xfe043783) x15 0x0000000080012050 mem 0x0000000080031f50
core   0: 0x000000008000fee2 (0x00178713) addi    a4, a5, 1
core   0: 3 0x000000008000fee2 (0x00178713) x14 0x0000000080012051
core   0: 0x000000008000fee6 (0xfee43023) sd      a4, -32(s0)
core   0: 3 0x000000008000fee6 (0xfee43023) mem 0x0000000080031f50 0x0000000080012051
core   0: 0x000000008000feea (0xfc442703) lw      a4, -60(s0)
core   0: 3 0x000000008000feea (0xfc442703) x14 0x0000000000000000 mem 0x0000000080031f34
core   0: 0x000000008000feee (0x0ff77713) andi    a4, a4, 255
core   0: 3 0x000000008000feee (0x0ff77713) x14 0x0000000000000000
core   0: 0x000000008000fef2 (0x00e78023) sb      a4, 0(a5)
core   0: 3 0x000000008000fef2 (0x00e78023) mem 0x0000000080012050 0x00
core   0: 0x000000008000fef6 (0xfc843703) ld      a4, -56(s0)
core   0: 3 0x000000008000fef6 (0xfc843703) x14 0x0000000080012040 mem 0x0000000080031f38
core   0: 0x000000008000fefa (0xfb843783) ld      a5, -72(s0)
core   0: 3 0x000000008000fefa (0xfb843783) x15 0x000000000000009c mem 0x0000000080031f28
core   0: 0x000000008000fefe (0x000097ba) c.add   a5, a4
core   0: 3 0x000000008000fefe (0x97ba) x15 0x00000000800120dc
core   0: 0x000000008000ff00 (0xfe043703) ld      a4, -32(s0)
core   0: 3 0x000000008000ff00 (0xfe043703) x14 0x0000000080012051 mem 0x0000000080031f50
core   0: 0x000000008000ff04 (0xfcf76de3) bltu    a4, a5, pc - 38
core   0: 3 0x000000008000ff04 (0xfcf76de3)
core   0: 0x000000008000fede (0xfe043783) ld      a5, -32(s0)
core   0: 3 0x000000008000fede (0xfe043783) x15 0x0000000080012051 mem 0x0000000080031f50
core   0: 0x000000008000fee2 (0x00178713) addi    a4, a5, 1
core   0: 3 0x000000008000fee2 (0x00178713) x14 0x0000000080012052
core   0: 0x000000008000fee6 (0xfee43023) sd      a4, -32(s0)
core   0: 3 0x000000008000fee6 (0xfee43023) mem 0x0000000080031f50 0x0000000080012052
core   0: 0x000000008000feea (0xfc442703) lw      a4, -60(s0)
core   0: 3 0x000000008000feea (0xfc442703) x14 0x0000000000000000 mem 0x0000000080031f34
core   0: 0x000000008000feee (0x0ff77713) andi    a4, a4, 255
core   0: 3 0x000000008000feee (0x0ff77713) x14 0x0000000000000000
core   0: 0x000000008000fef2 (0x00e78023) sb      a4, 0(a5)
core   0: 3 0x000000008000fef2 (0x00e78023) mem 0x0000000080012051 0x00
core   0: 0x000000008000fef6 (0xfc843703) ld      a4, -56(s0)
core   0: 3 0x000000008000fef6 (0xfc843703) x14 0x0000000080012040 mem 0x0000000080031f38
core   0: 0x000000008000fefa (0xfb843783) ld      a5, -72(s0)
core   0: 3 0x000000008000fefa (0xfb843783) x15 0x000000000000009c mem 0x0000000080031f28
core   0: 0x000000008000fefe (0x000097ba) c.add   a5, a4
core   0: 3 0x000000008000fefe (0x97ba) x15 0x00000000800120dc
core   0: 0x000000008000ff00 (0xfe043703) ld      a4, -32(s0)
core   0: 3 0x000000008000ff00 (0xfe043703) x14 0x0000000080012052 mem 0x0000000080031f50
core   0: 0x000000008000ff04 (0xfcf76de3) bltu    a4, a5, pc - 38
core   0: 3 0x000000008000ff04 (0xfcf76de3)
core   0: 0x000000008000fede (0xfe043783) ld      a5, -32(s0)
core   0: 3 0x000000008000fede (0xfe043783) x15 0x0000000080012052 mem 0x0000000080031f50
core   0: 0x000000008000fee2 (0x00178713) addi    a4, a5, 1
core   0: 3 0x000000008000fee2 (0x00178713) x14 0x0000000080012053
core   0: 0x000000008000fee6 (0xfee43023) sd      a4, -32(s0)
core   0: 3 0x000000008000fee6 (0xfee43023) mem 0x0000000080031f50 0x0000000080012053
core   0: 0x000000008000feea (0xfc442703) lw      a4, -60(s0)
core   0: 3 0x000000008000feea (0xfc442703) x14 0x0000000000000000 mem 0x0000000080031f34
core   0: 0x000000008000feee (0x0ff77713) andi    a4, a4, 255
core   0: 3 0x000000008000feee (0x0ff77713) x14 0x0000000000000000
core   0: 0x000000008000fef2 (0x00e78023) sb      a4, 0(a5)
core   0: 3 0x000000008000fef2 (0x00e78023) mem 0x0000000080012052 0x00
core   0: 0x000000008000fef6 (0xfc843703) ld      a4, -56(s0)
core   0: 3 0x000000008000fef6 (0xfc843703) x14 0x0000000080012040 mem 0x0000000080031f38
core   0: 0x000000008000fefa (0xfb843783) ld      a5, -72(s0)
core   0: 3 0x000000008000fefa (0xfb843783) x15 0x000000000000009c mem 0x0000000080031f28
core   0: 0x000000008000fefe (0x000097ba) c.add   a5, a4
core   0: 3 0x000000008000fefe (0x97ba) x15 0x00000000800120dc
core   0: 0x000000008000ff00 (0xfe043703) ld      a4, -32(s0)
core   0: 3 0x000000008000ff00 (0xfe043703) x14 0x0000000080012053 mem 0x0000000080031f50
core   0: 0x000000008000ff04 (0xfcf76de3) bltu    a4, a5, pc - 38
core   0: 3 0x000000008000ff04 (0xfcf76de3)
core   0: 0x000000008000fede (0xfe043783) ld      a5, -32(s0)
core   0: 3 0x000000008000fede (0xfe043783) x15 0x0000000080012053 mem 0x0000000080031f50
core   0: 0x000000008000fee2 (0x00178713) addi    a4, a5, 1
core   0: 3 0x000000008000fee2 (0x00178713) x14 0x0000000080012054
core   0: 0x000000008000fee6 (0xfee43023) sd      a4, -32(s0)
core   0: 3 0x000000008000fee6 (0xfee43023) mem 0x0000000080031f50 0x0000000080012054
core   0: 0x000000008000feea (0xfc442703) lw      a4, -60(s0)
core   0: 3 0x000000008000feea (0xfc442703) x14 0x0000000000000000 mem 0x0000000080031f34
core   0: 0x000000008000feee (0x0ff77713) andi    a4, a4, 255
core   0: 3 0x000000008000feee (0x0ff77713) x14 0x0000000000000000
core   0: 0x000000008000fef2 (0x00e78023) sb      a4, 0(a5)
core   0: 3 0x000000008000fef2 (0x00e78023) mem 0x0000000080012053 0x00
core   0: 0x000000008000fef6 (0xfc843703) ld      a4, -56(s0)
core   0: 3 0x000000008000fef6 (0xfc843703) x14 0x0000000080012040 mem 0x0000000080031f38
core   0: 0x000000008000fefa (0xfb843783) ld      a5, -72(s0)
core   0: 3 0x000000008000fefa (0xfb843783) x15 0x000000000000009c mem 0x0000000080031f28
core   0: 0x000000008000fefe (0x000097ba) c.add   a5, a4
core   0: 3 0x000000008000fefe (0x97ba) x15 0x00000000800120dc
core   0: 0x000000008000ff00 (0xfe043703) ld      a4, -32(s0)
core   0: 3 0x000000008000ff00 (0xfe043703) x14 0x0000000080012054 mem 0x0000000080031f50
core   0: 0x000000008000ff04 (0xfcf76de3) bltu    a4, a5, pc - 38
core   0: 3 0x000000008000ff04 (0xfcf76de3)
core   0: 0x000000008000fede (0xfe043783) ld      a5, -32(s0)
core   0: 3 0x000000008000fede (0xfe043783) x15 0x0000000080012054 mem 0x0000000080031f50
core   0: 0x000000008000fee2 (0x00178713) addi    a4, a5, 1
core   0: 3 0x000000008000fee2 (0x00178713) x14 0x0000000080012055
core   0: 0x000000008000fee6 (0xfee43023) sd      a4, -32(s0)
core   0: 3 0x000000008000fee6 (0xfee43023) mem 0x0000000080031f50 0x0000000080012055
core   0: 0x000000008000feea (0xfc442703) lw      a4, -60(s0)
core   0: 3 0x000000008000feea (0xfc442703) x14 0x0000000000000000 mem 0x0000000080031f34
core   0: 0x000000008000feee (0x0ff77713) andi    a4, a4, 255
core   0: 3 0x000000008000feee (0x0ff77713) x14 0x0000000000000000
core   0: 0x000000008000fef2 (0x00e78023) sb      a4, 0(a5)
core   0: 3 0x000000008000fef2 (0x00e78023) mem 0x0000000080012054 0x00
core   0: 0x000000008000fef6 (0xfc843703) ld      a4, -56(s0)
core   0: 3 0x000000008000fef6 (0xfc843703) x14 0x0000000080012040 mem 0x0000000080031f38
core   0: 0x000000008000fefa (0xfb843783) ld      a5, -72(s0)
core   0: 3 0x000000008000fefa (0xfb843783) x15 0x000000000000009c mem 0x0000000080031f28
core   0: 0x000000008000fefe (0x000097ba) c.add   a5, a4
core   0: 3 0x000000008000fefe (0x97ba) x15 0x00000000800120dc
core   0: 0x000000008000ff00 (0xfe043703) ld      a4, -32(s0)
core   0: 3 0x000000008000ff00 (0xfe043703) x14 0x0000000080012055 mem 0x0000000080031f50
core   0: 0x000000008000ff04 (0xfcf76de3) bltu    a4, a5, pc - 38
core   0: 3 0x000000008000ff04 (0xfcf76de3)
core   0: 0x000000008000fede (0xfe043783) ld      a5, -32(s0)
core   0: 3 0x000000008000fede (0xfe043783) x15 0x0000000080012055 mem 0x0000000080031f50
core   0: 0x000000008000fee2 (0x00178713) addi    a4, a5, 1
core   0: 3 0x000000008000fee2 (0x00178713) x14 0x0000000080012056
core   0: 0x000000008000fee6 (0xfee43023) sd      a4, -32(s0)
core   0: 3 0x000000008000fee6 (0xfee43023) mem 0x0000000080031f50 0x0000000080012056
core   0: 0x000000008000feea (0xfc442703) lw      a4, -60(s0)
core   0: 3 0x000000008000feea (0xfc442703) x14 0x0000000000000000 mem 0x0000000080031f34
core   0: 0x000000008000feee (0x0ff77713) andi    a4, a4, 255
core   0: 3 0x000000008000feee (0x0ff77713) x14 0x0000000000000000
core   0: 0x000000008000fef2 (0x00e78023) sb      a4, 0(a5)
core   0: 3 0x000000008000fef2 (0x00e78023) mem 0x0000000080012055 0x00
core   0: 0x000000008000fef6 (0xfc843703) ld      a4, -56(s0)
core   0: 3 0x000000008000fef6 (0xfc843703) x14 0x0000000080012040 mem 0x0000000080031f38
core   0: 0x000000008000fefa (0xfb843783) ld      a5, -72(s0)
core   0: 3 0x000000008000fefa (0xfb843783) x15 0x000000000000009c mem 0x0000000080031f28
core   0: 0x000000008000fefe (0x000097ba) c.add   a5, a4
core   0: 3 0x000000008000fefe (0x97ba) x15 0x00000000800120dc
core   0: 0x000000008000ff00 (0xfe043703) ld      a4, -32(s0)
core   0: 3 0x000000008000ff00 (0xfe043703) x14 0x0000000080012056 mem 0x0000000080031f50
core   0: 0x000000008000ff04 (0xfcf76de3) bltu    a4, a5, pc - 38
core   0: 3 0x000000008000ff04 (0xfcf76de3)
core   0: 0x000000008000fede (0xfe043783) ld      a5, -32(s0)
core   0: 3 0x000000008000fede (0xfe043783) x15 0x0000000080012056 mem 0x0000000080031f50
core   0: 0x000000008000fee2 (0x00178713) addi    a4, a5, 1
core   0: 3 0x000000008000fee2 (0x00178713) x14 0x0000000080012057
core   0: 0x000000008000fee6 (0xfee43023) sd      a4, -32(s0)
core   0: 3 0x000000008000fee6 (0xfee43023) mem 0x0000000080031f50 0x0000000080012057
core   0: 0x000000008000feea (0xfc442703) lw      a4, -60(s0)
core   0: 3 0x000000008000feea (0xfc442703) x14 0x0000000000000000 mem 0x0000000080031f34
core   0: 0x000000008000feee (0x0ff77713) andi    a4, a4, 255
core   0: 3 0x000000008000feee (0x0ff77713) x14 0x0000000000000000
core   0: 0x000000008000fef2 (0x00e78023) sb      a4, 0(a5)
core   0: 3 0x000000008000fef2 (0x00e78023) mem 0x0000000080012056 0x00
core   0: 0x000000008000fef6 (0xfc843703) ld      a4, -56(s0)
core   0: 3 0x000000008000fef6 (0xfc843703) x14 0x0000000080012040 mem 0x0000000080031f38
core   0: 0x000000008000fefa (0xfb843783) ld      a5, -72(s0)
core   0: 3 0x000000008000fefa (0xfb843783) x15 0x000000000000009c mem 0x0000000080031f28
core   0: 0x000000008000fefe (0x000097ba) c.add   a5, a4
core   0: 3 0x000000008000fefe (0x97ba) x15 0x00000000800120dc
core   0: 0x000000008000ff00 (0xfe043703) ld      a4, -32(s0)
core   0: 3 0x000000008000ff00 (0xfe043703) x14 0x0000000080012057 mem 0x0000000080031f50
core   0: 0x000000008000ff04 (0xfcf76de3) bltu    a4, a5, pc - 38
core   0: 3 0x000000008000ff04 (0xfcf76de3)
core   0: 0x000000008000fede (0xfe043783) ld      a5, -32(s0)
core   0: 3 0x000000008000fede (0xfe043783) x15 0x0000000080012057 mem 0x0000000080031f50
core   0: 0x000000008000fee2 (0x00178713) addi    a4, a5, 1
core   0: 3 0x000000008000fee2 (0x00178713) x14 0x0000000080012058
core   0: 0x000000008000fee6 (0xfee43023) sd      a4, -32(s0)
core   0: 3 0x000000008000fee6 (0xfee43023) mem 0x0000000080031f50 0x0000000080012058
core   0: 0x000000008000feea (0xfc442703) lw      a4, -60(s0)
core   0: 3 0x000000008000feea (0xfc442703) x14 0x0000000000000000 mem 0x0000000080031f34
core   0: 0x000000008000feee (0x0ff77713) andi    a4, a4, 255
core   0: 3 0x000000008000feee (0x0ff77713) x14 0x0000000000000000
core   0: 0x000000008000fef2 (0x00e78023) sb      a4, 0(a5)
core   0: 3 0x000000008000fef2 (0x00e78023) mem 0x0000000080012057 0x00
core   0: 0x000000008000fef6 (0xfc843703) ld      a4, -56(s0)
core   0: 3 0x000000008000fef6 (0xfc843703) x14 0x0000000080012040 mem 0x0000000080031f38
core   0: 0x000000008000fefa (0xfb843783) ld      a5, -72(s0)
core   0: 3 0x000000008000fefa (0xfb843783) x15 0x000000000000009c mem 0x0000000080031f28
core   0: 0x000000008000fefe (0x000097ba) c.add   a5, a4
core   0: 3 0x000000008000fefe (0x97ba) x15 0x00000000800120dc
core   0: 0x000000008000ff00 (0xfe043703) ld      a4, -32(s0)
core   0: 3 0x000000008000ff00 (0xfe043703) x14 0x0000000080012058 mem 0x0000000080031f50
core   0: 0x000000008000ff04 (0xfcf76de3) bltu    a4, a5, pc - 38
core   0: 3 0x000000008000ff04 (0xfcf76de3)
core   0: 0x000000008000fede (0xfe043783) ld      a5, -32(s0)
core   0: 3 0x000000008000fede (0xfe043783) x15 0x0000000080012058 mem 0x0000000080031f50
core   0: 0x000000008000fee2 (0x00178713) addi    a4, a5, 1
core   0: 3 0x000000008000fee2 (0x00178713) x14 0x0000000080012059
core   0: 0x000000008000fee6 (0xfee43023) sd      a4, -32(s0)
core   0: 3 0x000000008000fee6 (0xfee43023) mem 0x0000000080031f50 0x0000000080012059
core   0: 0x000000008000feea (0xfc442703) lw      a4, -60(s0)
core   0: 3 0x000000008000feea (0xfc442703) x14 0x0000000000000000 mem 0x0000000080031f34
core   0: 0x000000008000feee (0x0ff77713) andi    a4, a4, 255
core   0: 3 0x000000008000feee (0x0ff77713) x14 0x0000000000000000
core   0: 0x000000008000fef2 (0x00e78023) sb      a4, 0(a5)
core   0: 3 0x000000008000fef2 (0x00e78023) mem 0x0000000080012058 0x00
core   0: 0x000000008000fef6 (0xfc843703) ld      a4, -56(s0)
core   0: 3 0x000000008000fef6 (0xfc843703) x14 0x0000000080012040 mem 0x0000000080031f38
core   0: 0x000000008000fefa (0xfb843783) ld      a5, -72(s0)
core   0: 3 0x000000008000fefa (0xfb843783) x15 0x000000000000009c mem 0x0000000080031f28
core   0: 0x000000008000fefe (0x000097ba) c.add   a5, a4
core   0: 3 0x000000008000fefe (0x97ba) x15 0x00000000800120dc
core   0: 0x000000008000ff00 (0xfe043703) ld      a4, -32(s0)
core   0: 3 0x000000008000ff00 (0xfe043703) x14 0x0000000080012059 mem 0x0000000080031f50
core   0: 0x000000008000ff04 (0xfcf76de3) bltu    a4, a5, pc - 38
core   0: 3 0x000000008000ff04 (0xfcf76de3)
core   0: 0x000000008000fede (0xfe043783) ld      a5, -32(s0)
core   0: 3 0x000000008000fede (0xfe043783) x15 0x0000000080012059 mem 0x0000000080031f50
core   0: 0x000000008000fee2 (0x00178713) addi    a4, a5, 1
core   0: 3 0x000000008000fee2 (0x00178713) x14 0x000000008001205a
core   0: 0x000000008000fee6 (0xfee43023) sd      a4, -32(s0)
core   0: 3 0x000000008000fee6 (0xfee43023) mem 0x0000000080031f50 0x000000008001205a
core   0: 0x000000008000feea (0xfc442703) lw      a4, -60(s0)
core   0: 3 0x000000008000feea (0xfc442703) x14 0x0000000000000000 mem 0x0000000080031f34
core   0: 0x000000008000feee (0x0ff77713) andi    a4, a4, 255
core   0: 3 0x000000008000feee (0x0ff77713) x14 0x0000000000000000
core   0: 0x000000008000fef2 (0x00e78023) sb      a4, 0(a5)
core   0: 3 0x000000008000fef2 (0x00e78023) mem 0x0000000080012059 0x00
core   0: 0x000000008000fef6 (0xfc843703) ld      a4, -56(s0)
core   0: 3 0x000000008000fef6 (0xfc843703) x14 0x0000000080012040 mem 0x0000000080031f38
core   0: 0x000000008000fefa (0xfb843783) ld      a5, -72(s0)
core   0: 3 0x000000008000fefa (0xfb843783) x15 0x000000000000009c mem 0x0000000080031f28
core   0: 0x000000008000fefe (0x000097ba) c.add   a5, a4
core   0: 3 0x000000008000fefe (0x97ba) x15 0x00000000800120dc
core   0: 0x000000008000ff00 (0xfe043703) ld      a4, -32(s0)
core   0: 3 0x000000008000ff00 (0xfe043703) x14 0x000000008001205a mem 0x0000000080031f50
core   0: 0x000000008000ff04 (0xfcf76de3) bltu    a4, a5, pc - 38
core   0: 3 0x000000008000ff04 (0xfcf76de3)
core   0: 0x000000008000fede (0xfe043783) ld      a5, -32(s0)
core   0: 3 0x000000008000fede (0xfe043783) x15 0x000000008001205a mem 0x0000000080031f50
core   0: 0x000000008000fee2 (0x00178713) addi    a4, a5, 1
core   0: 3 0x000000008000fee2 (0x00178713) x14 0x000000008001205b
core   0: 0x000000008000fee6 (0xfee43023) sd      a4, -32(s0)
core   0: 3 0x000000008000fee6 (0xfee43023) mem 0x0000000080031f50 0x000000008001205b
core   0: 0x000000008000feea (0xfc442703) lw      a4, -60(s0)
core   0: 3 0x000000008000feea (0xfc442703) x14 0x0000000000000000 mem 0x0000000080031f34
core   0: 0x000000008000feee (0x0ff77713) andi    a4, a4, 255
core   0: 3 0x000000008000feee (0x0ff77713) x14 0x0000000000000000
core   0: 0x000000008000fef2 (0x00e78023) sb      a4, 0(a5)
core   0: 3 0x000000008000fef2 (0x00e78023) mem 0x000000008001205a 0x00
core   0: 0x000000008000fef6 (0xfc843703) ld      a4, -56(s0)
core   0: 3 0x000000008000fef6 (0xfc843703) x14 0x0000000080012040 mem 0x0000000080031f38
core   0: 0x000000008000fefa (0xfb843783) ld      a5, -72(s0)
core   0: 3 0x000000008000fefa (0xfb843783) x15 0x000000000000009c mem 0x0000000080031f28
core   0: 0x000000008000fefe (0x000097ba) c.add   a5, a4
core   0: 3 0x000000008000fefe (0x97ba) x15 0x00000000800120dc
core   0: 0x000000008000ff00 (0xfe043703) ld      a4, -32(s0)
core   0: 3 0x000000008000ff00 (0xfe043703) x14 0x000000008001205b mem 0x0000000080031f50
core   0: 0x000000008000ff04 (0xfcf76de3) bltu    a4, a5, pc - 38
core   0: 3 0x000000008000ff04 (0xfcf76de3)
core   0: 0x000000008000fede (0xfe043783) ld      a5, -32(s0)
core   0: 3 0x000000008000fede (0xfe043783) x15 0x000000008001205b mem 0x0000000080031f50
core   0: 0x000000008000fee2 (0x00178713) addi    a4, a5, 1
core   0: 3 0x000000008000fee2 (0x00178713) x14 0x000000008001205c
core   0: 0x000000008000fee6 (0xfee43023) sd      a4, -32(s0)
core   0: 3 0x000000008000fee6 (0xfee43023) mem 0x0000000080031f50 0x000000008001205c
core   0: 0x000000008000feea (0xfc442703) lw      a4, -60(s0)
core   0: 3 0x000000008000feea (0xfc442703) x14 0x0000000000000000 mem 0x0000000080031f34
core   0: 0x000000008000feee (0x0ff77713) andi    a4, a4, 255
core   0: 3 0x000000008000feee (0x0ff77713) x14 0x0000000000000000
core   0: 0x000000008000fef2 (0x00e78023) sb      a4, 0(a5)
core   0: 3 0x000000008000fef2 (0x00e78023) mem 0x000000008001205b 0x00
core   0: 0x000000008000fef6 (0xfc843703) ld      a4, -56(s0)
core   0: 3 0x000000008000fef6 (0xfc843703) x14 0x0000000080012040 mem 0x0000000080031f38
core   0: 0x000000008000fefa (0xfb843783) ld      a5, -72(s0)
core   0: 3 0x000000008000fefa (0xfb843783) x15 0x000000000000009c mem 0x0000000080031f28
core   0: 0x000000008000fefe (0x000097ba) c.add   a5, a4
core   0: 3 0x000000008000fefe (0x97ba) x15 0x00000000800120dc
core   0: 0x000000008000ff00 (0xfe043703) ld      a4, -32(s0)
core   0: 3 0x000000008000ff00 (0xfe043703) x14 0x000000008001205c mem 0x0000000080031f50
core   0: 0x000000008000ff04 (0xfcf76de3) bltu    a4, a5, pc - 38
core   0: 3 0x000000008000ff04 (0xfcf76de3)
core   0: 0x000000008000fede (0xfe043783) ld      a5, -32(s0)
core   0: 3 0x000000008000fede (0xfe043783) x15 0x000000008001205c mem 0x0000000080031f50
core   0: 0x000000008000fee2 (0x00178713) addi    a4, a5, 1
core   0: 3 0x000000008000fee2 (0x00178713) x14 0x000000008001205d
core   0: 0x000000008000fee6 (0xfee43023) sd      a4, -32(s0)
core   0: 3 0x000000008000fee6 (0xfee43023) mem 0x0000000080031f50 0x000000008001205d
core   0: 0x000000008000feea (0xfc442703) lw      a4, -60(s0)
core   0: 3 0x000000008000feea (0xfc442703) x14 0x0000000000000000 mem 0x0000000080031f34
core   0: 0x000000008000feee (0x0ff77713) andi    a4, a4, 255
core   0: 3 0x000000008000feee (0x0ff77713) x14 0x0000000000000000
core   0: 0x000000008000fef2 (0x00e78023) sb      a4, 0(a5)
core   0: 3 0x000000008000fef2 (0x00e78023) mem 0x000000008001205c 0x00
core   0: 0x000000008000fef6 (0xfc843703) ld      a4, -56(s0)
core   0: 3 0x000000008000fef6 (0xfc843703) x14 0x0000000080012040 mem 0x0000000080031f38
core   0: 0x000000008000fefa (0xfb843783) ld      a5, -72(s0)
core   0: 3 0x000000008000fefa (0xfb843783) x15 0x000000000000009c mem 0x0000000080031f28
core   0: 0x000000008000fefe (0x000097ba) c.add   a5, a4
core   0: 3 0x000000008000fefe (0x97ba) x15 0x00000000800120dc
core   0: 0x000000008000ff00 (0xfe043703) ld      a4, -32(s0)
core   0: 3 0x000000008000ff00 (0xfe043703) x14 0x000000008001205d mem 0x0000000080031f50
core   0: 0x000000008000ff04 (0xfcf76de3) bltu    a4, a5, pc - 38
core   0: 3 0x000000008000ff04 (0xfcf76de3)
core   0: 0x000000008000fede (0xfe043783) ld      a5, -32(s0)
core   0: 3 0x000000008000fede (0xfe043783) x15 0x000000008001205d mem 0x0000000080031f50
core   0: 0x000000008000fee2 (0x00178713) addi    a4, a5, 1
core   0: 3 0x000000008000fee2 (0x00178713) x14 0x000000008001205e
core   0: 0x000000008000fee6 (0xfee43023) sd      a4, -32(s0)
core   0: 3 0x000000008000fee6 (0xfee43023) mem 0x0000000080031f50 0x000000008001205e
core   0: 0x000000008000feea (0xfc442703) lw      a4, -60(s0)
core   0: 3 0x000000008000feea (0xfc442703) x14 0x0000000000000000 mem 0x0000000080031f34
core   0: 0x000000008000feee (0x0ff77713) andi    a4, a4, 255
core   0: 3 0x000000008000feee (0x0ff77713) x14 0x0000000000000000
core   0: 0x000000008000fef2 (0x00e78023) sb      a4, 0(a5)
core   0: 3 0x000000008000fef2 (0x00e78023) mem 0x000000008001205d 0x00
core   0: 0x000000008000fef6 (0xfc843703) ld      a4, -56(s0)
core   0: 3 0x000000008000fef6 (0xfc843703) x14 0x0000000080012040 mem 0x0000000080031f38
core   0: 0x000000008000fefa (0xfb843783) ld      a5, -72(s0)
core   0: 3 0x000000008000fefa (0xfb843783) x15 0x000000000000009c mem 0x0000000080031f28
core   0: 0x000000008000fefe (0x000097ba) c.add   a5, a4
core   0: 3 0x000000008000fefe (0x97ba) x15 0x00000000800120dc
core   0: 0x000000008000ff00 (0xfe043703) ld      a4, -32(s0)
core   0: 3 0x000000008000ff00 (0xfe043703) x14 0x000000008001205e mem 0x0000000080031f50
core   0: 0x000000008000ff04 (0xfcf76de3) bltu    a4, a5, pc - 38
core   0: 3 0x000000008000ff04 (0xfcf76de3)
core   0: 0x000000008000fede (0xfe043783) ld      a5, -32(s0)
core   0: 3 0x000000008000fede (0xfe043783) x15 0x000000008001205e mem 0x0000000080031f50
core   0: 0x000000008000fee2 (0x00178713) addi    a4, a5, 1
core   0: 3 0x000000008000fee2 (0x00178713) x14 0x000000008001205f
core   0: 0x000000008000fee6 (0xfee43023) sd      a4, -32(s0)
core   0: 3 0x000000008000fee6 (0xfee43023) mem 0x0000000080031f50 0x000000008001205f
core   0: 0x000000008000feea (0xfc442703) lw      a4, -60(s0)
core   0: 3 0x000000008000feea (0xfc442703) x14 0x0000000000000000 mem 0x0000000080031f34
core   0: 0x000000008000feee (0x0ff77713) andi    a4, a4, 255
core   0: 3 0x000000008000feee (0x0ff77713) x14 0x0000000000000000
core   0: 0x000000008000fef2 (0x00e78023) sb      a4, 0(a5)
core   0: 3 0x000000008000fef2 (0x00e78023) mem 0x000000008001205e 0x00
core   0: 0x000000008000fef6 (0xfc843703) ld      a4, -56(s0)
core   0: 3 0x000000008000fef6 (0xfc843703) x14 0x0000000080012040 mem 0x0000000080031f38
core   0: 0x000000008000fefa (0xfb843783) ld      a5, -72(s0)
core   0: 3 0x000000008000fefa (0xfb843783) x15 0x000000000000009c mem 0x0000000080031f28
core   0: 0x000000008000fefe (0x000097ba) c.add   a5, a4
core   0: 3 0x000000008000fefe (0x97ba) x15 0x00000000800120dc
core   0: 0x000000008000ff00 (0xfe043703) ld      a4, -32(s0)
core   0: 3 0x000000008000ff00 (0xfe043703) x14 0x000000008001205f mem 0x0000000080031f50
core   0: 0x000000008000ff04 (0xfcf76de3) bltu    a4, a5, pc - 38
core   0: 3 0x000000008000ff04 (0xfcf76de3)
core   0: 0x000000008000fede (0xfe043783) ld      a5, -32(s0)
core   0: 3 0x000000008000fede (0xfe043783) x15 0x000000008001205f mem 0x0000000080031f50
core   0: 0x000000008000fee2 (0x00178713) addi    a4, a5, 1
core   0: 3 0x000000008000fee2 (0x00178713) x14 0x0000000080012060
core   0: 0x000000008000fee6 (0xfee43023) sd      a4, -32(s0)
core   0: 3 0x000000008000fee6 (0xfee43023) mem 0x0000000080031f50 0x0000000080012060
core   0: 0x000000008000feea (0xfc442703) lw      a4, -60(s0)
core   0: 3 0x000000008000feea (0xfc442703) x14 0x0000000000000000 mem 0x0000000080031f34
core   0: 0x000000008000feee (0x0ff77713) andi    a4, a4, 255
core   0: 3 0x000000008000feee (0x0ff77713) x14 0x0000000000000000
core   0: 0x000000008000fef2 (0x00e78023) sb      a4, 0(a5)
core   0: 3 0x000000008000fef2 (0x00e78023) mem 0x000000008001205f 0x00
core   0: 0x000000008000fef6 (0xfc843703) ld      a4, -56(s0)
core   0: 3 0x000000008000fef6 (0xfc843703) x14 0x0000000080012040 mem 0x0000000080031f38
core   0: 0x000000008000fefa (0xfb843783) ld      a5, -72(s0)
core   0: 3 0x000000008000fefa (0xfb843783) x15 0x000000000000009c mem 0x0000000080031f28
core   0: 0x000000008000fefe (0x000097ba) c.add   a5, a4
core   0: 3 0x000000008000fefe (0x97ba) x15 0x00000000800120dc
core   0: 0x000000008000ff00 (0xfe043703) ld      a4, -32(s0)
core   0: 3 0x000000008000ff00 (0xfe043703) x14 0x0000000080012060 mem 0x0000000080031f50
core   0: 0x000000008000ff04 (0xfcf76de3) bltu    a4, a5, pc - 38
core   0: 3 0x000000008000ff04 (0xfcf76de3)
core   0: 0x000000008000fede (0xfe043783) ld      a5, -32(s0)
core   0: 3 0x000000008000fede (0xfe043783) x15 0x0000000080012060 mem 0x0000000080031f50
core   0: 0x000000008000fee2 (0x00178713) addi    a4, a5, 1
core   0: 3 0x000000008000fee2 (0x00178713) x14 0x0000000080012061
core   0: 0x000000008000fee6 (0xfee43023) sd      a4, -32(s0)
core   0: 3 0x000000008000fee6 (0xfee43023) mem 0x0000000080031f50 0x0000000080012061
core   0: 0x000000008000feea (0xfc442703) lw      a4, -60(s0)
core   0: 3 0x000000008000feea (0xfc442703) x14 0x0000000000000000 mem 0x0000000080031f34
core   0: 0x000000008000feee (0x0ff77713) andi    a4, a4, 255
core   0: 3 0x000000008000feee (0x0ff77713) x14 0x0000000000000000
core   0: 0x000000008000fef2 (0x00e78023) sb      a4, 0(a5)
core   0: 3 0x000000008000fef2 (0x00e78023) mem 0x0000000080012060 0x00
core   0: 0x000000008000fef6 (0xfc843703) ld      a4, -56(s0)
core   0: 3 0x000000008000fef6 (0xfc843703) x14 0x0000000080012040 mem 0x0000000080031f38
core   0: 0x000000008000fefa (0xfb843783) ld      a5, -72(s0)
core   0: 3 0x000000008000fefa (0xfb843783) x15 0x000000000000009c mem 0x0000000080031f28
core   0: 0x000000008000fefe (0x000097ba) c.add   a5, a4
core   0: 3 0x000000008000fefe (0x97ba) x15 0x00000000800120dc
core   0: 0x000000008000ff00 (0xfe043703) ld      a4, -32(s0)
core   0: 3 0x000000008000ff00 (0xfe043703) x14 0x0000000080012061 mem 0x0000000080031f50
core   0: 0x000000008000ff04 (0xfcf76de3) bltu    a4, a5, pc - 38
core   0: 3 0x000000008000ff04 (0xfcf76de3)
core   0: 0x000000008000fede (0xfe043783) ld      a5, -32(s0)
core   0: 3 0x000000008000fede (0xfe043783) x15 0x0000000080012061 mem 0x0000000080031f50
core   0: 0x000000008000fee2 (0x00178713) addi    a4, a5, 1
core   0: 3 0x000000008000fee2 (0x00178713) x14 0x0000000080012062
core   0: 0x000000008000fee6 (0xfee43023) sd      a4, -32(s0)
core   0: 3 0x000000008000fee6 (0xfee43023) mem 0x0000000080031f50 0x0000000080012062
core   0: 0x000000008000feea (0xfc442703) lw      a4, -60(s0)
core   0: 3 0x000000008000feea (0xfc442703) x14 0x0000000000000000 mem 0x0000000080031f34
core   0: 0x000000008000feee (0x0ff77713) andi    a4, a4, 255
core   0: 3 0x000000008000feee (0x0ff77713) x14 0x0000000000000000
core   0: 0x000000008000fef2 (0x00e78023) sb      a4, 0(a5)
core   0: 3 0x000000008000fef2 (0x00e78023) mem 0x0000000080012061 0x00
core   0: 0x000000008000fef6 (0xfc843703) ld      a4, -56(s0)
core   0: 3 0x000000008000fef6 (0xfc843703) x14 0x0000000080012040 mem 0x0000000080031f38
core   0: 0x000000008000fefa (0xfb843783) ld      a5, -72(s0)
core   0: 3 0x000000008000fefa (0xfb843783) x15 0x000000000000009c mem 0x0000000080031f28
core   0: 0x000000008000fefe (0x000097ba) c.add   a5, a4
core   0: 3 0x000000008000fefe (0x97ba) x15 0x00000000800120dc
core   0: 0x000000008000ff00 (0xfe043703) ld      a4, -32(s0)
core   0: 3 0x000000008000ff00 (0xfe043703) x14 0x0000000080012062 mem 0x0000000080031f50
core   0: 0x000000008000ff04 (0xfcf76de3) bltu    a4, a5, pc - 38
core   0: 3 0x000000008000ff04 (0xfcf76de3)
core   0: 0x000000008000fede (0xfe043783) ld      a5, -32(s0)
core   0: 3 0x000000008000fede (0xfe043783) x15 0x0000000080012062 mem 0x0000000080031f50
core   0: 0x000000008000fee2 (0x00178713) addi    a4, a5, 1
core   0: 3 0x000000008000fee2 (0x00178713) x14 0x0000000080012063
core   0: 0x000000008000fee6 (0xfee43023) sd      a4, -32(s0)
core   0: 3 0x000000008000fee6 (0xfee43023) mem 0x0000000080031f50 0x0000000080012063
core   0: 0x000000008000feea (0xfc442703) lw      a4, -60(s0)
core   0: 3 0x000000008000feea (0xfc442703) x14 0x0000000000000000 mem 0x0000000080031f34
core   0: 0x000000008000feee (0x0ff77713) andi    a4, a4, 255
core   0: 3 0x000000008000feee (0x0ff77713) x14 0x0000000000000000
core   0: 0x000000008000fef2 (0x00e78023) sb      a4, 0(a5)
core   0: 3 0x000000008000fef2 (0x00e78023) mem 0x0000000080012062 0x00
core   0: 0x000000008000fef6 (0xfc843703) ld      a4, -56(s0)
core   0: 3 0x000000008000fef6 (0xfc843703) x14 0x0000000080012040 mem 0x0000000080031f38
core   0: 0x000000008000fefa (0xfb843783) ld      a5, -72(s0)
core   0: 3 0x000000008000fefa (0xfb843783) x15 0x000000000000009c mem 0x0000000080031f28
core   0: 0x000000008000fefe (0x000097ba) c.add   a5, a4
core   0: 3 0x000000008000fefe (0x97ba) x15 0x00000000800120dc
core   0: 0x000000008000ff00 (0xfe043703) ld      a4, -32(s0)
core   0: 3 0x000000008000ff00 (0xfe043703) x14 0x0000000080012063 mem 0x0000000080031f50
core   0: 0x000000008000ff04 (0xfcf76de3) bltu    a4, a5, pc - 38
core   0: 3 0x000000008000ff04 (0xfcf76de3)
core   0: 0x000000008000fede (0xfe043783) ld      a5, -32(s0)
core   0: 3 0x000000008000fede (0xfe043783) x15 0x0000000080012063 mem 0x0000000080031f50
core   0: 0x000000008000fee2 (0x00178713) addi    a4, a5, 1
core   0: 3 0x000000008000fee2 (0x00178713) x14 0x0000000080012064
core   0: 0x000000008000fee6 (0xfee43023) sd      a4, -32(s0)
core   0: 3 0x000000008000fee6 (0xfee43023) mem 0x0000000080031f50 0x0000000080012064
core   0: 0x000000008000feea (0xfc442703) lw      a4, -60(s0)
core   0: 3 0x000000008000feea (0xfc442703) x14 0x0000000000000000 mem 0x0000000080031f34
core   0: 0x000000008000feee (0x0ff77713) andi    a4, a4, 255
core   0: 3 0x000000008000feee (0x0ff77713) x14 0x0000000000000000
core   0: 0x000000008000fef2 (0x00e78023) sb      a4, 0(a5)
core   0: 3 0x000000008000fef2 (0x00e78023) mem 0x0000000080012063 0x00
core   0: 0x000000008000fef6 (0xfc843703) ld      a4, -56(s0)
core   0: 3 0x000000008000fef6 (0xfc843703) x14 0x0000000080012040 mem 0x0000000080031f38
core   0: 0x000000008000fefa (0xfb843783) ld      a5, -72(s0)
core   0: 3 0x000000008000fefa (0xfb843783) x15 0x000000000000009c mem 0x0000000080031f28
core   0: 0x000000008000fefe (0x000097ba) c.add   a5, a4
core   0: 3 0x000000008000fefe (0x97ba) x15 0x00000000800120dc
core   0: 0x000000008000ff00 (0xfe043703) ld      a4, -32(s0)
core   0: 3 0x000000008000ff00 (0xfe043703) x14 0x0000000080012064 mem 0x0000000080031f50
core   0: 0x000000008000ff04 (0xfcf76de3) bltu    a4, a5, pc - 38
core   0: 3 0x000000008000ff04 (0xfcf76de3)
core   0: 0x000000008000fede (0xfe043783) ld      a5, -32(s0)
core   0: 3 0x000000008000fede (0xfe043783) x15 0x0000000080012064 mem 0x0000000080031f50
core   0: 0x000000008000fee2 (0x00178713) addi    a4, a5, 1
core   0: 3 0x000000008000fee2 (0x00178713) x14 0x0000000080012065
core   0: 0x000000008000fee6 (0xfee43023) sd      a4, -32(s0)
core   0: 3 0x000000008000fee6 (0xfee43023) mem 0x0000000080031f50 0x0000000080012065
core   0: 0x000000008000feea (0xfc442703) lw      a4, -60(s0)
core   0: 3 0x000000008000feea (0xfc442703) x14 0x0000000000000000 mem 0x0000000080031f34
core   0: 0x000000008000feee (0x0ff77713) andi    a4, a4, 255
core   0: 3 0x000000008000feee (0x0ff77713) x14 0x0000000000000000
core   0: 0x000000008000fef2 (0x00e78023) sb      a4, 0(a5)
core   0: 3 0x000000008000fef2 (0x00e78023) mem 0x0000000080012064 0x00
core   0: 0x000000008000fef6 (0xfc843703) ld      a4, -56(s0)
core   0: 3 0x000000008000fef6 (0xfc843703) x14 0x0000000080012040 mem 0x0000000080031f38
core   0: 0x000000008000fefa (0xfb843783) ld      a5, -72(s0)
core   0: 3 0x000000008000fefa (0xfb843783) x15 0x000000000000009c mem 0x0000000080031f28
core   0: 0x000000008000fefe (0x000097ba) c.add   a5, a4
core   0: 3 0x000000008000fefe (0x97ba) x15 0x00000000800120dc
core   0: 0x000000008000ff00 (0xfe043703) ld      a4, -32(s0)
core   0: 3 0x000000008000ff00 (0xfe043703) x14 0x0000000080012065 mem 0x0000000080031f50
core   0: 0x000000008000ff04 (0xfcf76de3) bltu    a4, a5, pc - 38
core   0: 3 0x000000008000ff04 (0xfcf76de3)
core   0: 0x000000008000fede (0xfe043783) ld      a5, -32(s0)
core   0: 3 0x000000008000fede (0xfe043783) x15 0x0000000080012065 mem 0x0000000080031f50
core   0: 0x000000008000fee2 (0x00178713) addi    a4, a5, 1
core   0: 3 0x000000008000fee2 (0x00178713) x14 0x0000000080012066
core   0: 0x000000008000fee6 (0xfee43023) sd      a4, -32(s0)
core   0: 3 0x000000008000fee6 (0xfee43023) mem 0x0000000080031f50 0x0000000080012066
core   0: 0x000000008000feea (0xfc442703) lw      a4, -60(s0)
core   0: 3 0x000000008000feea (0xfc442703) x14 0x0000000000000000 mem 0x0000000080031f34
core   0: 0x000000008000feee (0x0ff77713) andi    a4, a4, 255
core   0: 3 0x000000008000feee (0x0ff77713) x14 0x0000000000000000
core   0: 0x000000008000fef2 (0x00e78023) sb      a4, 0(a5)
core   0: 3 0x000000008000fef2 (0x00e78023) mem 0x0000000080012065 0x00
core   0: 0x000000008000fef6 (0xfc843703) ld      a4, -56(s0)
core   0: 3 0x000000008000fef6 (0xfc843703) x14 0x0000000080012040 mem 0x0000000080031f38
core   0: 0x000000008000fefa (0xfb843783) ld      a5, -72(s0)
core   0: 3 0x000000008000fefa (0xfb843783) x15 0x000000000000009c mem 0x0000000080031f28
core   0: 0x000000008000fefe (0x000097ba) c.add   a5, a4
core   0: 3 0x000000008000fefe (0x97ba) x15 0x00000000800120dc
core   0: 0x000000008000ff00 (0xfe043703) ld      a4, -32(s0)
core   0: 3 0x000000008000ff00 (0xfe043703) x14 0x0000000080012066 mem 0x0000000080031f50
core   0: 0x000000008000ff04 (0xfcf76de3) bltu    a4, a5, pc - 38
core   0: 3 0x000000008000ff04 (0xfcf76de3)
core   0: 0x000000008000fede (0xfe043783) ld      a5, -32(s0)
core   0: 3 0x000000008000fede (0xfe043783) x15 0x0000000080012066 mem 0x0000000080031f50
core   0: 0x000000008000fee2 (0x00178713) addi    a4, a5, 1
core   0: 3 0x000000008000fee2 (0x00178713) x14 0x0000000080012067
core   0: 0x000000008000fee6 (0xfee43023) sd      a4, -32(s0)
core   0: 3 0x000000008000fee6 (0xfee43023) mem 0x0000000080031f50 0x0000000080012067
core   0: 0x000000008000feea (0xfc442703) lw      a4, -60(s0)
core   0: 3 0x000000008000feea (0xfc442703) x14 0x0000000000000000 mem 0x0000000080031f34
core   0: 0x000000008000feee (0x0ff77713) andi    a4, a4, 255
core   0: 3 0x000000008000feee (0x0ff77713) x14 0x0000000000000000
core   0: 0x000000008000fef2 (0x00e78023) sb      a4, 0(a5)
core   0: 3 0x000000008000fef2 (0x00e78023) mem 0x0000000080012066 0x00
core   0: 0x000000008000fef6 (0xfc843703) ld      a4, -56(s0)
core   0: 3 0x000000008000fef6 (0xfc843703) x14 0x0000000080012040 mem 0x0000000080031f38
core   0: 0x000000008000fefa (0xfb843783) ld      a5, -72(s0)
core   0: 3 0x000000008000fefa (0xfb843783) x15 0x000000000000009c mem 0x0000000080031f28
core   0: 0x000000008000fefe (0x000097ba) c.add   a5, a4
core   0: 3 0x000000008000fefe (0x97ba) x15 0x00000000800120dc
core   0: 0x000000008000ff00 (0xfe043703) ld      a4, -32(s0)
core   0: 3 0x000000008000ff00 (0xfe043703) x14 0x0000000080012067 mem 0x0000000080031f50
core   0: 0x000000008000ff04 (0xfcf76de3) bltu    a4, a5, pc - 38
core   0: 3 0x000000008000ff04 (0xfcf76de3)
core   0: 0x000000008000fede (0xfe043783) ld      a5, -32(s0)
core   0: 3 0x000000008000fede (0xfe043783) x15 0x0000000080012067 mem 0x0000000080031f50
core   0: 0x000000008000fee2 (0x00178713) addi    a4, a5, 1
core   0: 3 0x000000008000fee2 (0x00178713) x14 0x0000000080012068
core   0: 0x000000008000fee6 (0xfee43023) sd      a4, -32(s0)
core   0: 3 0x000000008000fee6 (0xfee43023) mem 0x0000000080031f50 0x0000000080012068
core   0: 0x000000008000feea (0xfc442703) lw      a4, -60(s0)
core   0: 3 0x000000008000feea (0xfc442703) x14 0x0000000000000000 mem 0x0000000080031f34
core   0: 0x000000008000feee (0x0ff77713) andi    a4, a4, 255
core   0: 3 0x000000008000feee (0x0ff77713) x14 0x0000000000000000
core   0: 0x000000008000fef2 (0x00e78023) sb      a4, 0(a5)
core   0: 3 0x000000008000fef2 (0x00e78023) mem 0x0000000080012067 0x00
core   0: 0x000000008000fef6 (0xfc843703) ld      a4, -56(s0)
core   0: 3 0x000000008000fef6 (0xfc843703) x14 0x0000000080012040 mem 0x0000000080031f38
core   0: 0x000000008000fefa (0xfb843783) ld      a5, -72(s0)
core   0: 3 0x000000008000fefa (0xfb843783) x15 0x000000000000009c mem 0x0000000080031f28
core   0: 0x000000008000fefe (0x000097ba) c.add   a5, a4
core   0: 3 0x000000008000fefe (0x97ba) x15 0x00000000800120dc
core   0: 0x000000008000ff00 (0xfe043703) ld      a4, -32(s0)
core   0: 3 0x000000008000ff00 (0xfe043703) x14 0x0000000080012068 mem 0x0000000080031f50
core   0: 0x000000008000ff04 (0xfcf76de3) bltu    a4, a5, pc - 38
core   0: 3 0x000000008000ff04 (0xfcf76de3)
core   0: 0x000000008000fede (0xfe043783) ld      a5, -32(s0)
core   0: 3 0x000000008000fede (0xfe043783) x15 0x0000000080012068 mem 0x0000000080031f50
core   0: 0x000000008000fee2 (0x00178713) addi    a4, a5, 1
core   0: 3 0x000000008000fee2 (0x00178713) x14 0x0000000080012069
core   0: 0x000000008000fee6 (0xfee43023) sd      a4, -32(s0)
core   0: 3 0x000000008000fee6 (0xfee43023) mem 0x0000000080031f50 0x0000000080012069
core   0: 0x000000008000feea (0xfc442703) lw      a4, -60(s0)
core   0: 3 0x000000008000feea (0xfc442703) x14 0x0000000000000000 mem 0x0000000080031f34
core   0: 0x000000008000feee (0x0ff77713) andi    a4, a4, 255
core   0: 3 0x000000008000feee (0x0ff77713) x14 0x0000000000000000
core   0: 0x000000008000fef2 (0x00e78023) sb      a4, 0(a5)
core   0: 3 0x000000008000fef2 (0x00e78023) mem 0x0000000080012068 0x00
core   0: 0x000000008000fef6 (0xfc843703) ld      a4, -56(s0)
core   0: 3 0x000000008000fef6 (0xfc843703) x14 0x0000000080012040 mem 0x0000000080031f38
core   0: 0x000000008000fefa (0xfb843783) ld      a5, -72(s0)
core   0: 3 0x000000008000fefa (0xfb843783) x15 0x000000000000009c mem 0x0000000080031f28
core   0: 0x000000008000fefe (0x000097ba) c.add   a5, a4
core   0: 3 0x000000008000fefe (0x97ba) x15 0x00000000800120dc
core   0: 0x000000008000ff00 (0xfe043703) ld      a4, -32(s0)
core   0: 3 0x000000008000ff00 (0xfe043703) x14 0x0000000080012069 mem 0x0000000080031f50
core   0: 0x000000008000ff04 (0xfcf76de3) bltu    a4, a5, pc - 38
core   0: 3 0x000000008000ff04 (0xfcf76de3)
core   0: 0x000000008000fede (0xfe043783) ld      a5, -32(s0)
core   0: 3 0x000000008000fede (0xfe043783) x15 0x0000000080012069 mem 0x0000000080031f50
core   0: 0x000000008000fee2 (0x00178713) addi    a4, a5, 1
core   0: 3 0x000000008000fee2 (0x00178713) x14 0x000000008001206a
core   0: 0x000000008000fee6 (0xfee43023) sd      a4, -32(s0)
core   0: 3 0x000000008000fee6 (0xfee43023) mem 0x0000000080031f50 0x000000008001206a
core   0: 0x000000008000feea (0xfc442703) lw      a4, -60(s0)
core   0: 3 0x000000008000feea (0xfc442703) x14 0x0000000000000000 mem 0x0000000080031f34
core   0: 0x000000008000feee (0x0ff77713) andi    a4, a4, 255
core   0: 3 0x000000008000feee (0x0ff77713) x14 0x0000000000000000
core   0: 0x000000008000fef2 (0x00e78023) sb      a4, 0(a5)
core   0: 3 0x000000008000fef2 (0x00e78023) mem 0x0000000080012069 0x00
core   0: 0x000000008000fef6 (0xfc843703) ld      a4, -56(s0)
core   0: 3 0x000000008000fef6 (0xfc843703) x14 0x0000000080012040 mem 0x0000000080031f38
core   0: 0x000000008000fefa (0xfb843783) ld      a5, -72(s0)
core   0: 3 0x000000008000fefa (0xfb843783) x15 0x000000000000009c mem 0x0000000080031f28
core   0: 0x000000008000fefe (0x000097ba) c.add   a5, a4
core   0: 3 0x000000008000fefe (0x97ba) x15 0x00000000800120dc
core   0: 0x000000008000ff00 (0xfe043703) ld      a4, -32(s0)
core   0: 3 0x000000008000ff00 (0xfe043703) x14 0x000000008001206a mem 0x0000000080031f50
core   0: 0x000000008000ff04 (0xfcf76de3) bltu    a4, a5, pc - 38
core   0: 3 0x000000008000ff04 (0xfcf76de3)
core   0: 0x000000008000fede (0xfe043783) ld      a5, -32(s0)
core   0: 3 0x000000008000fede (0xfe043783) x15 0x000000008001206a mem 0x0000000080031f50
core   0: 0x000000008000fee2 (0x00178713) addi    a4, a5, 1
core   0: 3 0x000000008000fee2 (0x00178713) x14 0x000000008001206b
core   0: 0x000000008000fee6 (0xfee43023) sd      a4, -32(s0)
core   0: 3 0x000000008000fee6 (0xfee43023) mem 0x0000000080031f50 0x000000008001206b
core   0: 0x000000008000feea (0xfc442703) lw      a4, -60(s0)
core   0: 3 0x000000008000feea (0xfc442703) x14 0x0000000000000000 mem 0x0000000080031f34
core   0: 0x000000008000feee (0x0ff77713) andi    a4, a4, 255
core   0: 3 0x000000008000feee (0x0ff77713) x14 0x0000000000000000
core   0: 0x000000008000fef2 (0x00e78023) sb      a4, 0(a5)
core   0: 3 0x000000008000fef2 (0x00e78023) mem 0x000000008001206a 0x00
core   0: 0x000000008000fef6 (0xfc843703) ld      a4, -56(s0)
core   0: 3 0x000000008000fef6 (0xfc843703) x14 0x0000000080012040 mem 0x0000000080031f38
core   0: 0x000000008000fefa (0xfb843783) ld      a5, -72(s0)
core   0: 3 0x000000008000fefa (0xfb843783) x15 0x000000000000009c mem 0x0000000080031f28
core   0: 0x000000008000fefe (0x000097ba) c.add   a5, a4
core   0: 3 0x000000008000fefe (0x97ba) x15 0x00000000800120dc
core   0: 0x000000008000ff00 (0xfe043703) ld      a4, -32(s0)
core   0: 3 0x000000008000ff00 (0xfe043703) x14 0x000000008001206b mem 0x0000000080031f50
core   0: 0x000000008000ff04 (0xfcf76de3) bltu    a4, a5, pc - 38
core   0: 3 0x000000008000ff04 (0xfcf76de3)
core   0: 0x000000008000fede (0xfe043783) ld      a5, -32(s0)
core   0: 3 0x000000008000fede (0xfe043783) x15 0x000000008001206b mem 0x0000000080031f50
core   0: 0x000000008000fee2 (0x00178713) addi    a4, a5, 1
core   0: 3 0x000000008000fee2 (0x00178713) x14 0x000000008001206c
core   0: 0x000000008000fee6 (0xfee43023) sd      a4, -32(s0)
core   0: 3 0x000000008000fee6 (0xfee43023) mem 0x0000000080031f50 0x000000008001206c
core   0: 0x000000008000feea (0xfc442703) lw      a4, -60(s0)
core   0: 3 0x000000008000feea (0xfc442703) x14 0x0000000000000000 mem 0x0000000080031f34
core   0: 0x000000008000feee (0x0ff77713) andi    a4, a4, 255
core   0: 3 0x000000008000feee (0x0ff77713) x14 0x0000000000000000
core   0: 0x000000008000fef2 (0x00e78023) sb      a4, 0(a5)
core   0: 3 0x000000008000fef2 (0x00e78023) mem 0x000000008001206b 0x00
core   0: 0x000000008000fef6 (0xfc843703) ld      a4, -56(s0)
core   0: 3 0x000000008000fef6 (0xfc843703) x14 0x0000000080012040 mem 0x0000000080031f38
core   0: 0x000000008000fefa (0xfb843783) ld      a5, -72(s0)
core   0: 3 0x000000008000fefa (0xfb843783) x15 0x000000000000009c mem 0x0000000080031f28
core   0: 0x000000008000fefe (0x000097ba) c.add   a5, a4
core   0: 3 0x000000008000fefe (0x97ba) x15 0x00000000800120dc
core   0: 0x000000008000ff00 (0xfe043703) ld      a4, -32(s0)
core   0: 3 0x000000008000ff00 (0xfe043703) x14 0x000000008001206c mem 0x0000000080031f50
core   0: 0x000000008000ff04 (0xfcf76de3) bltu    a4, a5, pc - 38
core   0: 3 0x000000008000ff04 (0xfcf76de3)
core   0: 0x000000008000fede (0xfe043783) ld      a5, -32(s0)
core   0: 3 0x000000008000fede (0xfe043783) x15 0x000000008001206c mem 0x0000000080031f50
core   0: 0x000000008000fee2 (0x00178713) addi    a4, a5, 1
core   0: 3 0x000000008000fee2 (0x00178713) x14 0x000000008001206d
core   0: 0x000000008000fee6 (0xfee43023) sd      a4, -32(s0)
core   0: 3 0x000000008000fee6 (0xfee43023) mem 0x0000000080031f50 0x000000008001206d
core   0: 0x000000008000feea (0xfc442703) lw      a4, -60(s0)
core   0: 3 0x000000008000feea (0xfc442703) x14 0x0000000000000000 mem 0x0000000080031f34
core   0: 0x000000008000feee (0x0ff77713) andi    a4, a4, 255
core   0: 3 0x000000008000feee (0x0ff77713) x14 0x0000000000000000
core   0: 0x000000008000fef2 (0x00e78023) sb      a4, 0(a5)
core   0: 3 0x000000008000fef2 (0x00e78023) mem 0x000000008001206c 0x00
core   0: 0x000000008000fef6 (0xfc843703) ld      a4, -56(s0)
core   0: 3 0x000000008000fef6 (0xfc843703) x14 0x0000000080012040 mem 0x0000000080031f38
core   0: 0x000000008000fefa (0xfb843783) ld      a5, -72(s0)
core   0: 3 0x000000008000fefa (0xfb843783) x15 0x000000000000009c mem 0x0000000080031f28
core   0: 0x000000008000fefe (0x000097ba) c.add   a5, a4
core   0: 3 0x000000008000fefe (0x97ba) x15 0x00000000800120dc
core   0: 0x000000008000ff00 (0xfe043703) ld      a4, -32(s0)
core   0: 3 0x000000008000ff00 (0xfe043703) x14 0x000000008001206d mem 0x0000000080031f50
core   0: 0x000000008000ff04 (0xfcf76de3) bltu    a4, a5, pc - 38
core   0: 3 0x000000008000ff04 (0xfcf76de3)
core   0: 0x000000008000fede (0xfe043783) ld      a5, -32(s0)
core   0: 3 0x000000008000fede (0xfe043783) x15 0x000000008001206d mem 0x0000000080031f50
core   0: 0x000000008000fee2 (0x00178713) addi    a4, a5, 1
core   0: 3 0x000000008000fee2 (0x00178713) x14 0x000000008001206e
core   0: 0x000000008000fee6 (0xfee43023) sd      a4, -32(s0)
core   0: 3 0x000000008000fee6 (0xfee43023) mem 0x0000000080031f50 0x000000008001206e
core   0: 0x000000008000feea (0xfc442703) lw      a4, -60(s0)
core   0: 3 0x000000008000feea (0xfc442703) x14 0x0000000000000000 mem 0x0000000080031f34
core   0: 0x000000008000feee (0x0ff77713) andi    a4, a4, 255
core   0: 3 0x000000008000feee (0x0ff77713) x14 0x0000000000000000
core   0: 0x000000008000fef2 (0x00e78023) sb      a4, 0(a5)
core   0: 3 0x000000008000fef2 (0x00e78023) mem 0x000000008001206d 0x00
core   0: 0x000000008000fef6 (0xfc843703) ld      a4, -56(s0)
core   0: 3 0x000000008000fef6 (0xfc843703) x14 0x0000000080012040 mem 0x0000000080031f38
core   0: 0x000000008000fefa (0xfb843783) ld      a5, -72(s0)
core   0: 3 0x000000008000fefa (0xfb843783) x15 0x000000000000009c mem 0x0000000080031f28
core   0: 0x000000008000fefe (0x000097ba) c.add   a5, a4
core   0: 3 0x000000008000fefe (0x97ba) x15 0x00000000800120dc
core   0: 0x000000008000ff00 (0xfe043703) ld      a4, -32(s0)
core   0: 3 0x000000008000ff00 (0xfe043703) x14 0x000000008001206e mem 0x0000000080031f50
core   0: 0x000000008000ff04 (0xfcf76de3) bltu    a4, a5, pc - 38
core   0: 3 0x000000008000ff04 (0xfcf76de3)
core   0: 0x000000008000fede (0xfe043783) ld      a5, -32(s0)
core   0: 3 0x000000008000fede (0xfe043783) x15 0x000000008001206e mem 0x0000000080031f50
core   0: 0x000000008000fee2 (0x00178713) addi    a4, a5, 1
core   0: 3 0x000000008000fee2 (0x00178713) x14 0x000000008001206f
core   0: 0x000000008000fee6 (0xfee43023) sd      a4, -32(s0)
core   0: 3 0x000000008000fee6 (0xfee43023) mem 0x0000000080031f50 0x000000008001206f
core   0: 0x000000008000feea (0xfc442703) lw      a4, -60(s0)
core   0: 3 0x000000008000feea (0xfc442703) x14 0x0000000000000000 mem 0x0000000080031f34
core   0: 0x000000008000feee (0x0ff77713) andi    a4, a4, 255
core   0: 3 0x000000008000feee (0x0ff77713) x14 0x0000000000000000
core   0: 0x000000008000fef2 (0x00e78023) sb      a4, 0(a5)
core   0: 3 0x000000008000fef2 (0x00e78023) mem 0x000000008001206e 0x00
core   0: 0x000000008000fef6 (0xfc843703) ld      a4, -56(s0)
core   0: 3 0x000000008000fef6 (0xfc843703) x14 0x0000000080012040 mem 0x0000000080031f38
core   0: 0x000000008000fefa (0xfb843783) ld      a5, -72(s0)
core   0: 3 0x000000008000fefa (0xfb843783) x15 0x000000000000009c mem 0x0000000080031f28
core   0: 0x000000008000fefe (0x000097ba) c.add   a5, a4
core   0: 3 0x000000008000fefe (0x97ba) x15 0x00000000800120dc
core   0: 0x000000008000ff00 (0xfe043703) ld      a4, -32(s0)
core   0: 3 0x000000008000ff00 (0xfe043703) x14 0x000000008001206f mem 0x0000000080031f50
core   0: 0x000000008000ff04 (0xfcf76de3) bltu    a4, a5, pc - 38
core   0: 3 0x000000008000ff04 (0xfcf76de3)
core   0: 0x000000008000fede (0xfe043783) ld      a5, -32(s0)
core   0: 3 0x000000008000fede (0xfe043783) x15 0x000000008001206f mem 0x0000000080031f50
core   0: 0x000000008000fee2 (0x00178713) addi    a4, a5, 1
core   0: 3 0x000000008000fee2 (0x00178713) x14 0x0000000080012070
core   0: 0x000000008000fee6 (0xfee43023) sd      a4, -32(s0)
core   0: 3 0x000000008000fee6 (0xfee43023) mem 0x0000000080031f50 0x0000000080012070
core   0: 0x000000008000feea (0xfc442703) lw      a4, -60(s0)
core   0: 3 0x000000008000feea (0xfc442703) x14 0x0000000000000000 mem 0x0000000080031f34
core   0: 0x000000008000feee (0x0ff77713) andi    a4, a4, 255
core   0: 3 0x000000008000feee (0x0ff77713) x14 0x0000000000000000
core   0: 0x000000008000fef2 (0x00e78023) sb      a4, 0(a5)
core   0: 3 0x000000008000fef2 (0x00e78023) mem 0x000000008001206f 0x00
core   0: 0x000000008000fef6 (0xfc843703) ld      a4, -56(s0)
core   0: 3 0x000000008000fef6 (0xfc843703) x14 0x0000000080012040 mem 0x0000000080031f38
core   0: 0x000000008000fefa (0xfb843783) ld      a5, -72(s0)
core   0: 3 0x000000008000fefa (0xfb843783) x15 0x000000000000009c mem 0x0000000080031f28
core   0: 0x000000008000fefe (0x000097ba) c.add   a5, a4
core   0: 3 0x000000008000fefe (0x97ba) x15 0x00000000800120dc
core   0: 0x000000008000ff00 (0xfe043703) ld      a4, -32(s0)
core   0: 3 0x000000008000ff00 (0xfe043703) x14 0x0000000080012070 mem 0x0000000080031f50
core   0: 0x000000008000ff04 (0xfcf76de3) bltu    a4, a5, pc - 38
core   0: 3 0x000000008000ff04 (0xfcf76de3)
core   0: 0x000000008000fede (0xfe043783) ld      a5, -32(s0)
core   0: 3 0x000000008000fede (0xfe043783) x15 0x0000000080012070 mem 0x0000000080031f50
core   0: 0x000000008000fee2 (0x00178713) addi    a4, a5, 1
core   0: 3 0x000000008000fee2 (0x00178713) x14 0x0000000080012071
core   0: 0x000000008000fee6 (0xfee43023) sd      a4, -32(s0)
core   0: 3 0x000000008000fee6 (0xfee43023) mem 0x0000000080031f50 0x0000000080012071
core   0: 0x000000008000feea (0xfc442703) lw      a4, -60(s0)
core   0: 3 0x000000008000feea (0xfc442703) x14 0x0000000000000000 mem 0x0000000080031f34
core   0: 0x000000008000feee (0x0ff77713) andi    a4, a4, 255
core   0: 3 0x000000008000feee (0x0ff77713) x14 0x0000000000000000
core   0: 0x000000008000fef2 (0x00e78023) sb      a4, 0(a5)
core   0: 3 0x000000008000fef2 (0x00e78023) mem 0x0000000080012070 0x00
core   0: 0x000000008000fef6 (0xfc843703) ld      a4, -56(s0)
core   0: 3 0x000000008000fef6 (0xfc843703) x14 0x0000000080012040 mem 0x0000000080031f38
core   0: 0x000000008000fefa (0xfb843783) ld      a5, -72(s0)
core   0: 3 0x000000008000fefa (0xfb843783) x15 0x000000000000009c mem 0x0000000080031f28
core   0: 0x000000008000fefe (0x000097ba) c.add   a5, a4
core   0: 3 0x000000008000fefe (0x97ba) x15 0x00000000800120dc
core   0: 0x000000008000ff00 (0xfe043703) ld      a4, -32(s0)
core   0: 3 0x000000008000ff00 (0xfe043703) x14 0x0000000080012071 mem 0x0000000080031f50
core   0: 0x000000008000ff04 (0xfcf76de3) bltu    a4, a5, pc - 38
core   0: 3 0x000000008000ff04 (0xfcf76de3)
core   0: 0x000000008000fede (0xfe043783) ld      a5, -32(s0)
core   0: 3 0x000000008000fede (0xfe043783) x15 0x0000000080012071 mem 0x0000000080031f50
core   0: 0x000000008000fee2 (0x00178713) addi    a4, a5, 1
core   0: 3 0x000000008000fee2 (0x00178713) x14 0x0000000080012072
core   0: 0x000000008000fee6 (0xfee43023) sd      a4, -32(s0)
core   0: 3 0x000000008000fee6 (0xfee43023) mem 0x0000000080031f50 0x0000000080012072
core   0: 0x000000008000feea (0xfc442703) lw      a4, -60(s0)
core   0: 3 0x000000008000feea (0xfc442703) x14 0x0000000000000000 mem 0x0000000080031f34
core   0: 0x000000008000feee (0x0ff77713) andi    a4, a4, 255
core   0: 3 0x000000008000feee (0x0ff77713) x14 0x0000000000000000
core   0: 0x000000008000fef2 (0x00e78023) sb      a4, 0(a5)
core   0: 3 0x000000008000fef2 (0x00e78023) mem 0x0000000080012071 0x00
core   0: 0x000000008000fef6 (0xfc843703) ld      a4, -56(s0)
core   0: 3 0x000000008000fef6 (0xfc843703) x14 0x0000000080012040 mem 0x0000000080031f38
core   0: 0x000000008000fefa (0xfb843783) ld      a5, -72(s0)
core   0: 3 0x000000008000fefa (0xfb843783) x15 0x000000000000009c mem 0x0000000080031f28
core   0: 0x000000008000fefe (0x000097ba) c.add   a5, a4
core   0: 3 0x000000008000fefe (0x97ba) x15 0x00000000800120dc
core   0: 0x000000008000ff00 (0xfe043703) ld      a4, -32(s0)
core   0: 3 0x000000008000ff00 (0xfe043703) x14 0x0000000080012072 mem 0x0000000080031f50
core   0: 0x000000008000ff04 (0xfcf76de3) bltu    a4, a5, pc - 38
core   0: 3 0x000000008000ff04 (0xfcf76de3)
core   0: 0x000000008000fede (0xfe043783) ld      a5, -32(s0)
core   0: 3 0x000000008000fede (0xfe043783) x15 0x0000000080012072 mem 0x0000000080031f50
core   0: 0x000000008000fee2 (0x00178713) addi    a4, a5, 1
core   0: 3 0x000000008000fee2 (0x00178713) x14 0x0000000080012073
core   0: 0x000000008000fee6 (0xfee43023) sd      a4, -32(s0)
core   0: 3 0x000000008000fee6 (0xfee43023) mem 0x0000000080031f50 0x0000000080012073
core   0: 0x000000008000feea (0xfc442703) lw      a4, -60(s0)
core   0: 3 0x000000008000feea (0xfc442703) x14 0x0000000000000000 mem 0x0000000080031f34
core   0: 0x000000008000feee (0x0ff77713) andi    a4, a4, 255
core   0: 3 0x000000008000feee (0x0ff77713) x14 0x0000000000000000
core   0: 0x000000008000fef2 (0x00e78023) sb      a4, 0(a5)
core   0: 3 0x000000008000fef2 (0x00e78023) mem 0x0000000080012072 0x00
core   0: 0x000000008000fef6 (0xfc843703) ld      a4, -56(s0)
core   0: 3 0x000000008000fef6 (0xfc843703) x14 0x0000000080012040 mem 0x0000000080031f38
core   0: 0x000000008000fefa (0xfb843783) ld      a5, -72(s0)
core   0: 3 0x000000008000fefa (0xfb843783) x15 0x000000000000009c mem 0x0000000080031f28
core   0: 0x000000008000fefe (0x000097ba) c.add   a5, a4
core   0: 3 0x000000008000fefe (0x97ba) x15 0x00000000800120dc
core   0: 0x000000008000ff00 (0xfe043703) ld      a4, -32(s0)
core   0: 3 0x000000008000ff00 (0xfe043703) x14 0x0000000080012073 mem 0x0000000080031f50
core   0: 0x000000008000ff04 (0xfcf76de3) bltu    a4, a5, pc - 38
core   0: 3 0x000000008000ff04 (0xfcf76de3)
core   0: 0x000000008000fede (0xfe043783) ld      a5, -32(s0)
core   0: 3 0x000000008000fede (0xfe043783) x15 0x0000000080012073 mem 0x0000000080031f50
core   0: 0x000000008000fee2 (0x00178713) addi    a4, a5, 1
core   0: 3 0x000000008000fee2 (0x00178713) x14 0x0000000080012074
core   0: 0x000000008000fee6 (0xfee43023) sd      a4, -32(s0)
core   0: 3 0x000000008000fee6 (0xfee43023) mem 0x0000000080031f50 0x0000000080012074
core   0: 0x000000008000feea (0xfc442703) lw      a4, -60(s0)
core   0: 3 0x000000008000feea (0xfc442703) x14 0x0000000000000000 mem 0x0000000080031f34
core   0: 0x000000008000feee (0x0ff77713) andi    a4, a4, 255
core   0: 3 0x000000008000feee (0x0ff77713) x14 0x0000000000000000
core   0: 0x000000008000fef2 (0x00e78023) sb      a4, 0(a5)
core   0: 3 0x000000008000fef2 (0x00e78023) mem 0x0000000080012073 0x00
core   0: 0x000000008000fef6 (0xfc843703) ld      a4, -56(s0)
core   0: 3 0x000000008000fef6 (0xfc843703) x14 0x0000000080012040 mem 0x0000000080031f38
core   0: 0x000000008000fefa (0xfb843783) ld      a5, -72(s0)
core   0: 3 0x000000008000fefa (0xfb843783) x15 0x000000000000009c mem 0x0000000080031f28
core   0: 0x000000008000fefe (0x000097ba) c.add   a5, a4
core   0: 3 0x000000008000fefe (0x97ba) x15 0x00000000800120dc
core   0: 0x000000008000ff00 (0xfe043703) ld      a4, -32(s0)
core   0: 3 0x000000008000ff00 (0xfe043703) x14 0x0000000080012074 mem 0x0000000080031f50
core   0: 0x000000008000ff04 (0xfcf76de3) bltu    a4, a5, pc - 38
core   0: 3 0x000000008000ff04 (0xfcf76de3)
core   0: 0x000000008000fede (0xfe043783) ld      a5, -32(s0)
core   0: 3 0x000000008000fede (0xfe043783) x15 0x0000000080012074 mem 0x0000000080031f50
core   0: 0x000000008000fee2 (0x00178713) addi    a4, a5, 1
core   0: 3 0x000000008000fee2 (0x00178713) x14 0x0000000080012075
core   0: 0x000000008000fee6 (0xfee43023) sd      a4, -32(s0)
core   0: 3 0x000000008000fee6 (0xfee43023) mem 0x0000000080031f50 0x0000000080012075
core   0: 0x000000008000feea (0xfc442703) lw      a4, -60(s0)
core   0: 3 0x000000008000feea (0xfc442703) x14 0x0000000000000000 mem 0x0000000080031f34
core   0: 0x000000008000feee (0x0ff77713) andi    a4, a4, 255
core   0: 3 0x000000008000feee (0x0ff77713) x14 0x0000000000000000
core   0: 0x000000008000fef2 (0x00e78023) sb      a4, 0(a5)
core   0: 3 0x000000008000fef2 (0x00e78023) mem 0x0000000080012074 0x00
core   0: 0x000000008000fef6 (0xfc843703) ld      a4, -56(s0)
core   0: 3 0x000000008000fef6 (0xfc843703) x14 0x0000000080012040 mem 0x0000000080031f38
core   0: 0x000000008000fefa (0xfb843783) ld      a5, -72(s0)
core   0: 3 0x000000008000fefa (0xfb843783) x15 0x000000000000009c mem 0x0000000080031f28
core   0: 0x000000008000fefe (0x000097ba) c.add   a5, a4
core   0: 3 0x000000008000fefe (0x97ba) x15 0x00000000800120dc
core   0: 0x000000008000ff00 (0xfe043703) ld      a4, -32(s0)
core   0: 3 0x000000008000ff00 (0xfe043703) x14 0x0000000080012075 mem 0x0000000080031f50
core   0: 0x000000008000ff04 (0xfcf76de3) bltu    a4, a5, pc - 38
core   0: 3 0x000000008000ff04 (0xfcf76de3)
core   0: 0x000000008000fede (0xfe043783) ld      a5, -32(s0)
core   0: 3 0x000000008000fede (0xfe043783) x15 0x0000000080012075 mem 0x0000000080031f50
core   0: 0x000000008000fee2 (0x00178713) addi    a4, a5, 1
core   0: 3 0x000000008000fee2 (0x00178713) x14 0x0000000080012076
core   0: 0x000000008000fee6 (0xfee43023) sd      a4, -32(s0)
core   0: 3 0x000000008000fee6 (0xfee43023) mem 0x0000000080031f50 0x0000000080012076
core   0: 0x000000008000feea (0xfc442703) lw      a4, -60(s0)
core   0: 3 0x000000008000feea (0xfc442703) x14 0x0000000000000000 mem 0x0000000080031f34
core   0: 0x000000008000feee (0x0ff77713) andi    a4, a4, 255
core   0: 3 0x000000008000feee (0x0ff77713) x14 0x0000000000000000
core   0: 0x000000008000fef2 (0x00e78023) sb      a4, 0(a5)
core   0: 3 0x000000008000fef2 (0x00e78023) mem 0x0000000080012075 0x00
core   0: 0x000000008000fef6 (0xfc843703) ld      a4, -56(s0)
core   0: 3 0x000000008000fef6 (0xfc843703) x14 0x0000000080012040 mem 0x0000000080031f38
core   0: 0x000000008000fefa (0xfb843783) ld      a5, -72(s0)
core   0: 3 0x000000008000fefa (0xfb843783) x15 0x000000000000009c mem 0x0000000080031f28
core   0: 0x000000008000fefe (0x000097ba) c.add   a5, a4
core   0: 3 0x000000008000fefe (0x97ba) x15 0x00000000800120dc
core   0: 0x000000008000ff00 (0xfe043703) ld      a4, -32(s0)
core   0: 3 0x000000008000ff00 (0xfe043703) x14 0x0000000080012076 mem 0x0000000080031f50
core   0: 0x000000008000ff04 (0xfcf76de3) bltu    a4, a5, pc - 38
core   0: 3 0x000000008000ff04 (0xfcf76de3)
core   0: 0x000000008000fede (0xfe043783) ld      a5, -32(s0)
core   0: 3 0x000000008000fede (0xfe043783) x15 0x0000000080012076 mem 0x0000000080031f50
core   0: 0x000000008000fee2 (0x00178713) addi    a4, a5, 1
core   0: 3 0x000000008000fee2 (0x00178713) x14 0x0000000080012077
core   0: 0x000000008000fee6 (0xfee43023) sd      a4, -32(s0)
core   0: 3 0x000000008000fee6 (0xfee43023) mem 0x0000000080031f50 0x0000000080012077
core   0: 0x000000008000feea (0xfc442703) lw      a4, -60(s0)
core   0: 3 0x000000008000feea (0xfc442703) x14 0x0000000000000000 mem 0x0000000080031f34
core   0: 0x000000008000feee (0x0ff77713) andi    a4, a4, 255
core   0: 3 0x000000008000feee (0x0ff77713) x14 0x0000000000000000
core   0: 0x000000008000fef2 (0x00e78023) sb      a4, 0(a5)
core   0: 3 0x000000008000fef2 (0x00e78023) mem 0x0000000080012076 0x00
core   0: 0x000000008000fef6 (0xfc843703) ld      a4, -56(s0)
core   0: 3 0x000000008000fef6 (0xfc843703) x14 0x0000000080012040 mem 0x0000000080031f38
core   0: 0x000000008000fefa (0xfb843783) ld      a5, -72(s0)
core   0: 3 0x000000008000fefa (0xfb843783) x15 0x000000000000009c mem 0x0000000080031f28
core   0: 0x000000008000fefe (0x000097ba) c.add   a5, a4
core   0: 3 0x000000008000fefe (0x97ba) x15 0x00000000800120dc
core   0: 0x000000008000ff00 (0xfe043703) ld      a4, -32(s0)
core   0: 3 0x000000008000ff00 (0xfe043703) x14 0x0000000080012077 mem 0x0000000080031f50
core   0: 0x000000008000ff04 (0xfcf76de3) bltu    a4, a5, pc - 38
core   0: 3 0x000000008000ff04 (0xfcf76de3)
core   0: 0x000000008000fede (0xfe043783) ld      a5, -32(s0)
core   0: 3 0x000000008000fede (0xfe043783) x15 0x0000000080012077 mem 0x0000000080031f50
core   0: 0x000000008000fee2 (0x00178713) addi    a4, a5, 1
core   0: 3 0x000000008000fee2 (0x00178713) x14 0x0000000080012078
core   0: 0x000000008000fee6 (0xfee43023) sd      a4, -32(s0)
core   0: 3 0x000000008000fee6 (0xfee43023) mem 0x0000000080031f50 0x0000000080012078
core   0: 0x000000008000feea (0xfc442703) lw      a4, -60(s0)
core   0: 3 0x000000008000feea (0xfc442703) x14 0x0000000000000000 mem 0x0000000080031f34
core   0: 0x000000008000feee (0x0ff77713) andi    a4, a4, 255
core   0: 3 0x000000008000feee (0x0ff77713) x14 0x0000000000000000
core   0: 0x000000008000fef2 (0x00e78023) sb      a4, 0(a5)
core   0: 3 0x000000008000fef2 (0x00e78023) mem 0x0000000080012077 0x00
core   0: 0x000000008000fef6 (0xfc843703) ld      a4, -56(s0)
core   0: 3 0x000000008000fef6 (0xfc843703) x14 0x0000000080012040 mem 0x0000000080031f38
core   0: 0x000000008000fefa (0xfb843783) ld      a5, -72(s0)
core   0: 3 0x000000008000fefa (0xfb843783) x15 0x000000000000009c mem 0x0000000080031f28
core   0: 0x000000008000fefe (0x000097ba) c.add   a5, a4
core   0: 3 0x000000008000fefe (0x97ba) x15 0x00000000800120dc
core   0: 0x000000008000ff00 (0xfe043703) ld      a4, -32(s0)
core   0: 3 0x000000008000ff00 (0xfe043703) x14 0x0000000080012078 mem 0x0000000080031f50
core   0: 0x000000008000ff04 (0xfcf76de3) bltu    a4, a5, pc - 38
core   0: 3 0x000000008000ff04 (0xfcf76de3)
core   0: 0x000000008000fede (0xfe043783) ld      a5, -32(s0)
core   0: 3 0x000000008000fede (0xfe043783) x15 0x0000000080012078 mem 0x0000000080031f50
core   0: 0x000000008000fee2 (0x00178713) addi    a4, a5, 1
core   0: 3 0x000000008000fee2 (0x00178713) x14 0x0000000080012079
core   0: 0x000000008000fee6 (0xfee43023) sd      a4, -32(s0)
core   0: 3 0x000000008000fee6 (0xfee43023) mem 0x0000000080031f50 0x0000000080012079
core   0: 0x000000008000feea (0xfc442703) lw      a4, -60(s0)
core   0: 3 0x000000008000feea (0xfc442703) x14 0x0000000000000000 mem 0x0000000080031f34
core   0: 0x000000008000feee (0x0ff77713) andi    a4, a4, 255
core   0: 3 0x000000008000feee (0x0ff77713) x14 0x0000000000000000
core   0: 0x000000008000fef2 (0x00e78023) sb      a4, 0(a5)
core   0: 3 0x000000008000fef2 (0x00e78023) mem 0x0000000080012078 0x00
core   0: 0x000000008000fef6 (0xfc843703) ld      a4, -56(s0)
core   0: 3 0x000000008000fef6 (0xfc843703) x14 0x0000000080012040 mem 0x0000000080031f38
core   0: 0x000000008000fefa (0xfb843783) ld      a5, -72(s0)
core   0: 3 0x000000008000fefa (0xfb843783) x15 0x000000000000009c mem 0x0000000080031f28
core   0: 0x000000008000fefe (0x000097ba) c.add   a5, a4
core   0: 3 0x000000008000fefe (0x97ba) x15 0x00000000800120dc
core   0: 0x000000008000ff00 (0xfe043703) ld      a4, -32(s0)
core   0: 3 0x000000008000ff00 (0xfe043703) x14 0x0000000080012079 mem 0x0000000080031f50
core   0: 0x000000008000ff04 (0xfcf76de3) bltu    a4, a5, pc - 38
core   0: 3 0x000000008000ff04 (0xfcf76de3)
core   0: 0x000000008000fede (0xfe043783) ld      a5, -32(s0)
core   0: 3 0x000000008000fede (0xfe043783) x15 0x0000000080012079 mem 0x0000000080031f50
core   0: 0x000000008000fee2 (0x00178713) addi    a4, a5, 1
core   0: 3 0x000000008000fee2 (0x00178713) x14 0x000000008001207a
core   0: 0x000000008000fee6 (0xfee43023) sd      a4, -32(s0)
core   0: 3 0x000000008000fee6 (0xfee43023) mem 0x0000000080031f50 0x000000008001207a
core   0: 0x000000008000feea (0xfc442703) lw      a4, -60(s0)
core   0: 3 0x000000008000feea (0xfc442703) x14 0x0000000000000000 mem 0x0000000080031f34
core   0: 0x000000008000feee (0x0ff77713) andi    a4, a4, 255
core   0: 3 0x000000008000feee (0x0ff77713) x14 0x0000000000000000
core   0: 0x000000008000fef2 (0x00e78023) sb      a4, 0(a5)
core   0: 3 0x000000008000fef2 (0x00e78023) mem 0x0000000080012079 0x00
core   0: 0x000000008000fef6 (0xfc843703) ld      a4, -56(s0)
core   0: 3 0x000000008000fef6 (0xfc843703) x14 0x0000000080012040 mem 0x0000000080031f38
core   0: 0x000000008000fefa (0xfb843783) ld      a5, -72(s0)
core   0: 3 0x000000008000fefa (0xfb843783) x15 0x000000000000009c mem 0x0000000080031f28
core   0: 0x000000008000fefe (0x000097ba) c.add   a5, a4
core   0: 3 0x000000008000fefe (0x97ba) x15 0x00000000800120dc
core   0: 0x000000008000ff00 (0xfe043703) ld      a4, -32(s0)
core   0: 3 0x000000008000ff00 (0xfe043703) x14 0x000000008001207a mem 0x0000000080031f50
core   0: 0x000000008000ff04 (0xfcf76de3) bltu    a4, a5, pc - 38
core   0: 3 0x000000008000ff04 (0xfcf76de3)
core   0: 0x000000008000fede (0xfe043783) ld      a5, -32(s0)
core   0: 3 0x000000008000fede (0xfe043783) x15 0x000000008001207a mem 0x0000000080031f50
core   0: 0x000000008000fee2 (0x00178713) addi    a4, a5, 1
core   0: 3 0x000000008000fee2 (0x00178713) x14 0x000000008001207b
core   0: 0x000000008000fee6 (0xfee43023) sd      a4, -32(s0)
core   0: 3 0x000000008000fee6 (0xfee43023) mem 0x0000000080031f50 0x000000008001207b
core   0: 0x000000008000feea (0xfc442703) lw      a4, -60(s0)
core   0: 3 0x000000008000feea (0xfc442703) x14 0x0000000000000000 mem 0x0000000080031f34
core   0: 0x000000008000feee (0x0ff77713) andi    a4, a4, 255
core   0: 3 0x000000008000feee (0x0ff77713) x14 0x0000000000000000
core   0: 0x000000008000fef2 (0x00e78023) sb      a4, 0(a5)
core   0: 3 0x000000008000fef2 (0x00e78023) mem 0x000000008001207a 0x00
core   0: 0x000000008000fef6 (0xfc843703) ld      a4, -56(s0)
core   0: 3 0x000000008000fef6 (0xfc843703) x14 0x0000000080012040 mem 0x0000000080031f38
core   0: 0x000000008000fefa (0xfb843783) ld      a5, -72(s0)
core   0: 3 0x000000008000fefa (0xfb843783) x15 0x000000000000009c mem 0x0000000080031f28
core   0: 0x000000008000fefe (0x000097ba) c.add   a5, a4
core   0: 3 0x000000008000fefe (0x97ba) x15 0x00000000800120dc
core   0: 0x000000008000ff00 (0xfe043703) ld      a4, -32(s0)
core   0: 3 0x000000008000ff00 (0xfe043703) x14 0x000000008001207b mem 0x0000000080031f50
core   0: 0x000000008000ff04 (0xfcf76de3) bltu    a4, a5, pc - 38
core   0: 3 0x000000008000ff04 (0xfcf76de3)
core   0: 0x000000008000fede (0xfe043783) ld      a5, -32(s0)
core   0: 3 0x000000008000fede (0xfe043783) x15 0x000000008001207b mem 0x0000000080031f50
core   0: 0x000000008000fee2 (0x00178713) addi    a4, a5, 1
core   0: 3 0x000000008000fee2 (0x00178713) x14 0x000000008001207c
core   0: 0x000000008000fee6 (0xfee43023) sd      a4, -32(s0)
core   0: 3 0x000000008000fee6 (0xfee43023) mem 0x0000000080031f50 0x000000008001207c
core   0: 0x000000008000feea (0xfc442703) lw      a4, -60(s0)
core   0: 3 0x000000008000feea (0xfc442703) x14 0x0000000000000000 mem 0x0000000080031f34
core   0: 0x000000008000feee (0x0ff77713) andi    a4, a4, 255
core   0: 3 0x000000008000feee (0x0ff77713) x14 0x0000000000000000
core   0: 0x000000008000fef2 (0x00e78023) sb      a4, 0(a5)
core   0: 3 0x000000008000fef2 (0x00e78023) mem 0x000000008001207b 0x00
core   0: 0x000000008000fef6 (0xfc843703) ld      a4, -56(s0)
core   0: 3 0x000000008000fef6 (0xfc843703) x14 0x0000000080012040 mem 0x0000000080031f38
core   0: 0x000000008000fefa (0xfb843783) ld      a5, -72(s0)
core   0: 3 0x000000008000fefa (0xfb843783) x15 0x000000000000009c mem 0x0000000080031f28
core   0: 0x000000008000fefe (0x000097ba) c.add   a5, a4
core   0: 3 0x000000008000fefe (0x97ba) x15 0x00000000800120dc
core   0: 0x000000008000ff00 (0xfe043703) ld      a4, -32(s0)
core   0: 3 0x000000008000ff00 (0xfe043703) x14 0x000000008001207c mem 0x0000000080031f50
core   0: 0x000000008000ff04 (0xfcf76de3) bltu    a4, a5, pc - 38
core   0: 3 0x000000008000ff04 (0xfcf76de3)
core   0: 0x000000008000fede (0xfe043783) ld      a5, -32(s0)
core   0: 3 0x000000008000fede (0xfe043783) x15 0x000000008001207c mem 0x0000000080031f50
core   0: 0x000000008000fee2 (0x00178713) addi    a4, a5, 1
core   0: 3 0x000000008000fee2 (0x00178713) x14 0x000000008001207d
core   0: 0x000000008000fee6 (0xfee43023) sd      a4, -32(s0)
core   0: 3 0x000000008000fee6 (0xfee43023) mem 0x0000000080031f50 0x000000008001207d
core   0: 0x000000008000feea (0xfc442703) lw      a4, -60(s0)
core   0: 3 0x000000008000feea (0xfc442703) x14 0x0000000000000000 mem 0x0000000080031f34
core   0: 0x000000008000feee (0x0ff77713) andi    a4, a4, 255
core   0: 3 0x000000008000feee (0x0ff77713) x14 0x0000000000000000
core   0: 0x000000008000fef2 (0x00e78023) sb      a4, 0(a5)
core   0: 3 0x000000008000fef2 (0x00e78023) mem 0x000000008001207c 0x00
core   0: 0x000000008000fef6 (0xfc843703) ld      a4, -56(s0)
core   0: 3 0x000000008000fef6 (0xfc843703) x14 0x0000000080012040 mem 0x0000000080031f38
core   0: 0x000000008000fefa (0xfb843783) ld      a5, -72(s0)
core   0: 3 0x000000008000fefa (0xfb843783) x15 0x000000000000009c mem 0x0000000080031f28
core   0: 0x000000008000fefe (0x000097ba) c.add   a5, a4
core   0: 3 0x000000008000fefe (0x97ba) x15 0x00000000800120dc
core   0: 0x000000008000ff00 (0xfe043703) ld      a4, -32(s0)
core   0: 3 0x000000008000ff00 (0xfe043703) x14 0x000000008001207d mem 0x0000000080031f50
core   0: 0x000000008000ff04 (0xfcf76de3) bltu    a4, a5, pc - 38
core   0: 3 0x000000008000ff04 (0xfcf76de3)
core   0: 0x000000008000fede (0xfe043783) ld      a5, -32(s0)
core   0: 3 0x000000008000fede (0xfe043783) x15 0x000000008001207d mem 0x0000000080031f50
core   0: 0x000000008000fee2 (0x00178713) addi    a4, a5, 1
core   0: 3 0x000000008000fee2 (0x00178713) x14 0x000000008001207e
core   0: 0x000000008000fee6 (0xfee43023) sd      a4, -32(s0)
core   0: 3 0x000000008000fee6 (0xfee43023) mem 0x0000000080031f50 0x000000008001207e
core   0: 0x000000008000feea (0xfc442703) lw      a4, -60(s0)
core   0: 3 0x000000008000feea (0xfc442703) x14 0x0000000000000000 mem 0x0000000080031f34
core   0: 0x000000008000feee (0x0ff77713) andi    a4, a4, 255
core   0: 3 0x000000008000feee (0x0ff77713) x14 0x0000000000000000
core   0: 0x000000008000fef2 (0x00e78023) sb      a4, 0(a5)
core   0: 3 0x000000008000fef2 (0x00e78023) mem 0x000000008001207d 0x00
core   0: 0x000000008000fef6 (0xfc843703) ld      a4, -56(s0)
core   0: 3 0x000000008000fef6 (0xfc843703) x14 0x0000000080012040 mem 0x0000000080031f38
core   0: 0x000000008000fefa (0xfb843783) ld      a5, -72(s0)
core   0: 3 0x000000008000fefa (0xfb843783) x15 0x000000000000009c mem 0x0000000080031f28
core   0: 0x000000008000fefe (0x000097ba) c.add   a5, a4
core   0: 3 0x000000008000fefe (0x97ba) x15 0x00000000800120dc
core   0: 0x000000008000ff00 (0xfe043703) ld      a4, -32(s0)
core   0: 3 0x000000008000ff00 (0xfe043703) x14 0x000000008001207e mem 0x0000000080031f50
core   0: 0x000000008000ff04 (0xfcf76de3) bltu    a4, a5, pc - 38
core   0: 3 0x000000008000ff04 (0xfcf76de3)
core   0: 0x000000008000fede (0xfe043783) ld      a5, -32(s0)
core   0: 3 0x000000008000fede (0xfe043783) x15 0x000000008001207e mem 0x0000000080031f50
core   0: 0x000000008000fee2 (0x00178713) addi    a4, a5, 1
core   0: 3 0x000000008000fee2 (0x00178713) x14 0x000000008001207f
core   0: 0x000000008000fee6 (0xfee43023) sd      a4, -32(s0)
core   0: 3 0x000000008000fee6 (0xfee43023) mem 0x0000000080031f50 0x000000008001207f
core   0: 0x000000008000feea (0xfc442703) lw      a4, -60(s0)
core   0: 3 0x000000008000feea (0xfc442703) x14 0x0000000000000000 mem 0x0000000080031f34
core   0: 0x000000008000feee (0x0ff77713) andi    a4, a4, 255
core   0: 3 0x000000008000feee (0x0ff77713) x14 0x0000000000000000
core   0: 0x000000008000fef2 (0x00e78023) sb      a4, 0(a5)
core   0: 3 0x000000008000fef2 (0x00e78023) mem 0x000000008001207e 0x00
core   0: 0x000000008000fef6 (0xfc843703) ld      a4, -56(s0)
core   0: 3 0x000000008000fef6 (0xfc843703) x14 0x0000000080012040 mem 0x0000000080031f38
core   0: 0x000000008000fefa (0xfb843783) ld      a5, -72(s0)
core   0: 3 0x000000008000fefa (0xfb843783) x15 0x000000000000009c mem 0x0000000080031f28
core   0: 0x000000008000fefe (0x000097ba) c.add   a5, a4
core   0: 3 0x000000008000fefe (0x97ba) x15 0x00000000800120dc
core   0: 0x000000008000ff00 (0xfe043703) ld      a4, -32(s0)
core   0: 3 0x000000008000ff00 (0xfe043703) x14 0x000000008001207f mem 0x0000000080031f50
core   0: 0x000000008000ff04 (0xfcf76de3) bltu    a4, a5, pc - 38
core   0: 3 0x000000008000ff04 (0xfcf76de3)
core   0: 0x000000008000fede (0xfe043783) ld      a5, -32(s0)
core   0: 3 0x000000008000fede (0xfe043783) x15 0x000000008001207f mem 0x0000000080031f50
core   0: 0x000000008000fee2 (0x00178713) addi    a4, a5, 1
core   0: 3 0x000000008000fee2 (0x00178713) x14 0x0000000080012080
core   0: 0x000000008000fee6 (0xfee43023) sd      a4, -32(s0)
core   0: 3 0x000000008000fee6 (0xfee43023) mem 0x0000000080031f50 0x0000000080012080
core   0: 0x000000008000feea (0xfc442703) lw      a4, -60(s0)
core   0: 3 0x000000008000feea (0xfc442703) x14 0x0000000000000000 mem 0x0000000080031f34
core   0: 0x000000008000feee (0x0ff77713) andi    a4, a4, 255
core   0: 3 0x000000008000feee (0x0ff77713) x14 0x0000000000000000
core   0: 0x000000008000fef2 (0x00e78023) sb      a4, 0(a5)
core   0: 3 0x000000008000fef2 (0x00e78023) mem 0x000000008001207f 0x00
core   0: 0x000000008000fef6 (0xfc843703) ld      a4, -56(s0)
core   0: 3 0x000000008000fef6 (0xfc843703) x14 0x0000000080012040 mem 0x0000000080031f38
core   0: 0x000000008000fefa (0xfb843783) ld      a5, -72(s0)
core   0: 3 0x000000008000fefa (0xfb843783) x15 0x000000000000009c mem 0x0000000080031f28
core   0: 0x000000008000fefe (0x000097ba) c.add   a5, a4
core   0: 3 0x000000008000fefe (0x97ba) x15 0x00000000800120dc
core   0: 0x000000008000ff00 (0xfe043703) ld      a4, -32(s0)
core   0: 3 0x000000008000ff00 (0xfe043703) x14 0x0000000080012080 mem 0x0000000080031f50
core   0: 0x000000008000ff04 (0xfcf76de3) bltu    a4, a5, pc - 38
core   0: 3 0x000000008000ff04 (0xfcf76de3)
core   0: 0x000000008000fede (0xfe043783) ld      a5, -32(s0)
core   0: 3 0x000000008000fede (0xfe043783) x15 0x0000000080012080 mem 0x0000000080031f50
core   0: 0x000000008000fee2 (0x00178713) addi    a4, a5, 1
core   0: 3 0x000000008000fee2 (0x00178713) x14 0x0000000080012081
core   0: 0x000000008000fee6 (0xfee43023) sd      a4, -32(s0)
core   0: 3 0x000000008000fee6 (0xfee43023) mem 0x0000000080031f50 0x0000000080012081
core   0: 0x000000008000feea (0xfc442703) lw      a4, -60(s0)
core   0: 3 0x000000008000feea (0xfc442703) x14 0x0000000000000000 mem 0x0000000080031f34
core   0: 0x000000008000feee (0x0ff77713) andi    a4, a4, 255
core   0: 3 0x000000008000feee (0x0ff77713) x14 0x0000000000000000
core   0: 0x000000008000fef2 (0x00e78023) sb      a4, 0(a5)
core   0: 3 0x000000008000fef2 (0x00e78023) mem 0x0000000080012080 0x00
core   0: 0x000000008000fef6 (0xfc843703) ld      a4, -56(s0)
core   0: 3 0x000000008000fef6 (0xfc843703) x14 0x0000000080012040 mem 0x0000000080031f38
core   0: 0x000000008000fefa (0xfb843783) ld      a5, -72(s0)
core   0: 3 0x000000008000fefa (0xfb843783) x15 0x000000000000009c mem 0x0000000080031f28
core   0: 0x000000008000fefe (0x000097ba) c.add   a5, a4
core   0: 3 0x000000008000fefe (0x97ba) x15 0x00000000800120dc
core   0: 0x000000008000ff00 (0xfe043703) ld      a4, -32(s0)
core   0: 3 0x000000008000ff00 (0xfe043703) x14 0x0000000080012081 mem 0x0000000080031f50
core   0: 0x000000008000ff04 (0xfcf76de3) bltu    a4, a5, pc - 38
core   0: 3 0x000000008000ff04 (0xfcf76de3)
core   0: 0x000000008000fede (0xfe043783) ld      a5, -32(s0)
core   0: 3 0x000000008000fede (0xfe043783) x15 0x0000000080012081 mem 0x0000000080031f50
core   0: 0x000000008000fee2 (0x00178713) addi    a4, a5, 1
core   0: 3 0x000000008000fee2 (0x00178713) x14 0x0000000080012082
core   0: 0x000000008000fee6 (0xfee43023) sd      a4, -32(s0)
core   0: 3 0x000000008000fee6 (0xfee43023) mem 0x0000000080031f50 0x0000000080012082
core   0: 0x000000008000feea (0xfc442703) lw      a4, -60(s0)
core   0: 3 0x000000008000feea (0xfc442703) x14 0x0000000000000000 mem 0x0000000080031f34
core   0: 0x000000008000feee (0x0ff77713) andi    a4, a4, 255
core   0: 3 0x000000008000feee (0x0ff77713) x14 0x0000000000000000
core   0: 0x000000008000fef2 (0x00e78023) sb      a4, 0(a5)
core   0: 3 0x000000008000fef2 (0x00e78023) mem 0x0000000080012081 0x00
core   0: 0x000000008000fef6 (0xfc843703) ld      a4, -56(s0)
core   0: 3 0x000000008000fef6 (0xfc843703) x14 0x0000000080012040 mem 0x0000000080031f38
core   0: 0x000000008000fefa (0xfb843783) ld      a5, -72(s0)
core   0: 3 0x000000008000fefa (0xfb843783) x15 0x000000000000009c mem 0x0000000080031f28
core   0: 0x000000008000fefe (0x000097ba) c.add   a5, a4
core   0: 3 0x000000008000fefe (0x97ba) x15 0x00000000800120dc
core   0: 0x000000008000ff00 (0xfe043703) ld      a4, -32(s0)
core   0: 3 0x000000008000ff00 (0xfe043703) x14 0x0000000080012082 mem 0x0000000080031f50
core   0: 0x000000008000ff04 (0xfcf76de3) bltu    a4, a5, pc - 38
core   0: 3 0x000000008000ff04 (0xfcf76de3)
core   0: 0x000000008000fede (0xfe043783) ld      a5, -32(s0)
core   0: 3 0x000000008000fede (0xfe043783) x15 0x0000000080012082 mem 0x0000000080031f50
core   0: 0x000000008000fee2 (0x00178713) addi    a4, a5, 1
core   0: 3 0x000000008000fee2 (0x00178713) x14 0x0000000080012083
core   0: 0x000000008000fee6 (0xfee43023) sd      a4, -32(s0)
core   0: 3 0x000000008000fee6 (0xfee43023) mem 0x0000000080031f50 0x0000000080012083
core   0: 0x000000008000feea (0xfc442703) lw      a4, -60(s0)
core   0: 3 0x000000008000feea (0xfc442703) x14 0x0000000000000000 mem 0x0000000080031f34
core   0: 0x000000008000feee (0x0ff77713) andi    a4, a4, 255
core   0: 3 0x000000008000feee (0x0ff77713) x14 0x0000000000000000
core   0: 0x000000008000fef2 (0x00e78023) sb      a4, 0(a5)
core   0: 3 0x000000008000fef2 (0x00e78023) mem 0x0000000080012082 0x00
core   0: 0x000000008000fef6 (0xfc843703) ld      a4, -56(s0)
core   0: 3 0x000000008000fef6 (0xfc843703) x14 0x0000000080012040 mem 0x0000000080031f38
core   0: 0x000000008000fefa (0xfb843783) ld      a5, -72(s0)
core   0: 3 0x000000008000fefa (0xfb843783) x15 0x000000000000009c mem 0x0000000080031f28
core   0: 0x000000008000fefe (0x000097ba) c.add   a5, a4
core   0: 3 0x000000008000fefe (0x97ba) x15 0x00000000800120dc
core   0: 0x000000008000ff00 (0xfe043703) ld      a4, -32(s0)
core   0: 3 0x000000008000ff00 (0xfe043703) x14 0x0000000080012083 mem 0x0000000080031f50
core   0: 0x000000008000ff04 (0xfcf76de3) bltu    a4, a5, pc - 38
core   0: 3 0x000000008000ff04 (0xfcf76de3)
core   0: 0x000000008000fede (0xfe043783) ld      a5, -32(s0)
core   0: 3 0x000000008000fede (0xfe043783) x15 0x0000000080012083 mem 0x0000000080031f50
core   0: 0x000000008000fee2 (0x00178713) addi    a4, a5, 1
core   0: 3 0x000000008000fee2 (0x00178713) x14 0x0000000080012084
core   0: 0x000000008000fee6 (0xfee43023) sd      a4, -32(s0)
core   0: 3 0x000000008000fee6 (0xfee43023) mem 0x0000000080031f50 0x0000000080012084
core   0: 0x000000008000feea (0xfc442703) lw      a4, -60(s0)
core   0: 3 0x000000008000feea (0xfc442703) x14 0x0000000000000000 mem 0x0000000080031f34
core   0: 0x000000008000feee (0x0ff77713) andi    a4, a4, 255
core   0: 3 0x000000008000feee (0x0ff77713) x14 0x0000000000000000
core   0: 0x000000008000fef2 (0x00e78023) sb      a4, 0(a5)
core   0: 3 0x000000008000fef2 (0x00e78023) mem 0x0000000080012083 0x00
core   0: 0x000000008000fef6 (0xfc843703) ld      a4, -56(s0)
core   0: 3 0x000000008000fef6 (0xfc843703) x14 0x0000000080012040 mem 0x0000000080031f38
core   0: 0x000000008000fefa (0xfb843783) ld      a5, -72(s0)
core   0: 3 0x000000008000fefa (0xfb843783) x15 0x000000000000009c mem 0x0000000080031f28
core   0: 0x000000008000fefe (0x000097ba) c.add   a5, a4
core   0: 3 0x000000008000fefe (0x97ba) x15 0x00000000800120dc
core   0: 0x000000008000ff00 (0xfe043703) ld      a4, -32(s0)
core   0: 3 0x000000008000ff00 (0xfe043703) x14 0x0000000080012084 mem 0x0000000080031f50
core   0: 0x000000008000ff04 (0xfcf76de3) bltu    a4, a5, pc - 38
core   0: 3 0x000000008000ff04 (0xfcf76de3)
core   0: 0x000000008000fede (0xfe043783) ld      a5, -32(s0)
core   0: 3 0x000000008000fede (0xfe043783) x15 0x0000000080012084 mem 0x0000000080031f50
core   0: 0x000000008000fee2 (0x00178713) addi    a4, a5, 1
core   0: 3 0x000000008000fee2 (0x00178713) x14 0x0000000080012085
core   0: 0x000000008000fee6 (0xfee43023) sd      a4, -32(s0)
core   0: 3 0x000000008000fee6 (0xfee43023) mem 0x0000000080031f50 0x0000000080012085
core   0: 0x000000008000feea (0xfc442703) lw      a4, -60(s0)
core   0: 3 0x000000008000feea (0xfc442703) x14 0x0000000000000000 mem 0x0000000080031f34
core   0: 0x000000008000feee (0x0ff77713) andi    a4, a4, 255
core   0: 3 0x000000008000feee (0x0ff77713) x14 0x0000000000000000
core   0: 0x000000008000fef2 (0x00e78023) sb      a4, 0(a5)
core   0: 3 0x000000008000fef2 (0x00e78023) mem 0x0000000080012084 0x00
core   0: 0x000000008000fef6 (0xfc843703) ld      a4, -56(s0)
core   0: 3 0x000000008000fef6 (0xfc843703) x14 0x0000000080012040 mem 0x0000000080031f38
core   0: 0x000000008000fefa (0xfb843783) ld      a5, -72(s0)
core   0: 3 0x000000008000fefa (0xfb843783) x15 0x000000000000009c mem 0x0000000080031f28
core   0: 0x000000008000fefe (0x000097ba) c.add   a5, a4
core   0: 3 0x000000008000fefe (0x97ba) x15 0x00000000800120dc
core   0: 0x000000008000ff00 (0xfe043703) ld      a4, -32(s0)
core   0: 3 0x000000008000ff00 (0xfe043703) x14 0x0000000080012085 mem 0x0000000080031f50
core   0: 0x000000008000ff04 (0xfcf76de3) bltu    a4, a5, pc - 38
core   0: 3 0x000000008000ff04 (0xfcf76de3)
core   0: 0x000000008000fede (0xfe043783) ld      a5, -32(s0)
core   0: 3 0x000000008000fede (0xfe043783) x15 0x0000000080012085 mem 0x0000000080031f50
core   0: 0x000000008000fee2 (0x00178713) addi    a4, a5, 1
core   0: 3 0x000000008000fee2 (0x00178713) x14 0x0000000080012086
core   0: 0x000000008000fee6 (0xfee43023) sd      a4, -32(s0)
core   0: 3 0x000000008000fee6 (0xfee43023) mem 0x0000000080031f50 0x0000000080012086
core   0: 0x000000008000feea (0xfc442703) lw      a4, -60(s0)
core   0: 3 0x000000008000feea (0xfc442703) x14 0x0000000000000000 mem 0x0000000080031f34
core   0: 0x000000008000feee (0x0ff77713) andi    a4, a4, 255
core   0: 3 0x000000008000feee (0x0ff77713) x14 0x0000000000000000
core   0: 0x000000008000fef2 (0x00e78023) sb      a4, 0(a5)
core   0: 3 0x000000008000fef2 (0x00e78023) mem 0x0000000080012085 0x00
core   0: 0x000000008000fef6 (0xfc843703) ld      a4, -56(s0)
core   0: 3 0x000000008000fef6 (0xfc843703) x14 0x0000000080012040 mem 0x0000000080031f38
core   0: 0x000000008000fefa (0xfb843783) ld      a5, -72(s0)
core   0: 3 0x000000008000fefa (0xfb843783) x15 0x000000000000009c mem 0x0000000080031f28
core   0: 0x000000008000fefe (0x000097ba) c.add   a5, a4
core   0: 3 0x000000008000fefe (0x97ba) x15 0x00000000800120dc
core   0: 0x000000008000ff00 (0xfe043703) ld      a4, -32(s0)
core   0: 3 0x000000008000ff00 (0xfe043703) x14 0x0000000080012086 mem 0x0000000080031f50
core   0: 0x000000008000ff04 (0xfcf76de3) bltu    a4, a5, pc - 38
core   0: 3 0x000000008000ff04 (0xfcf76de3)
core   0: 0x000000008000fede (0xfe043783) ld      a5, -32(s0)
core   0: 3 0x000000008000fede (0xfe043783) x15 0x0000000080012086 mem 0x0000000080031f50
core   0: 0x000000008000fee2 (0x00178713) addi    a4, a5, 1
core   0: 3 0x000000008000fee2 (0x00178713) x14 0x0000000080012087
core   0: 0x000000008000fee6 (0xfee43023) sd      a4, -32(s0)
core   0: 3 0x000000008000fee6 (0xfee43023) mem 0x0000000080031f50 0x0000000080012087
core   0: 0x000000008000feea (0xfc442703) lw      a4, -60(s0)
core   0: 3 0x000000008000feea (0xfc442703) x14 0x0000000000000000 mem 0x0000000080031f34
core   0: 0x000000008000feee (0x0ff77713) andi    a4, a4, 255
core   0: 3 0x000000008000feee (0x0ff77713) x14 0x0000000000000000
core   0: 0x000000008000fef2 (0x00e78023) sb      a4, 0(a5)
core   0: 3 0x000000008000fef2 (0x00e78023) mem 0x0000000080012086 0x00
core   0: 0x000000008000fef6 (0xfc843703) ld      a4, -56(s0)
core   0: 3 0x000000008000fef6 (0xfc843703) x14 0x0000000080012040 mem 0x0000000080031f38
core   0: 0x000000008000fefa (0xfb843783) ld      a5, -72(s0)
core   0: 3 0x000000008000fefa (0xfb843783) x15 0x000000000000009c mem 0x0000000080031f28
core   0: 0x000000008000fefe (0x000097ba) c.add   a5, a4
core   0: 3 0x000000008000fefe (0x97ba) x15 0x00000000800120dc
core   0: 0x000000008000ff00 (0xfe043703) ld      a4, -32(s0)
core   0: 3 0x000000008000ff00 (0xfe043703) x14 0x0000000080012087 mem 0x0000000080031f50
core   0: 0x000000008000ff04 (0xfcf76de3) bltu    a4, a5, pc - 38
core   0: 3 0x000000008000ff04 (0xfcf76de3)
core   0: 0x000000008000fede (0xfe043783) ld      a5, -32(s0)
core   0: 3 0x000000008000fede (0xfe043783) x15 0x0000000080012087 mem 0x0000000080031f50
core   0: 0x000000008000fee2 (0x00178713) addi    a4, a5, 1
core   0: 3 0x000000008000fee2 (0x00178713) x14 0x0000000080012088
core   0: 0x000000008000fee6 (0xfee43023) sd      a4, -32(s0)
core   0: 3 0x000000008000fee6 (0xfee43023) mem 0x0000000080031f50 0x0000000080012088
core   0: 0x000000008000feea (0xfc442703) lw      a4, -60(s0)
core   0: 3 0x000000008000feea (0xfc442703) x14 0x0000000000000000 mem 0x0000000080031f34
core   0: 0x000000008000feee (0x0ff77713) andi    a4, a4, 255
core   0: 3 0x000000008000feee (0x0ff77713) x14 0x0000000000000000
core   0: 0x000000008000fef2 (0x00e78023) sb      a4, 0(a5)
core   0: 3 0x000000008000fef2 (0x00e78023) mem 0x0000000080012087 0x00
core   0: 0x000000008000fef6 (0xfc843703) ld      a4, -56(s0)
core   0: 3 0x000000008000fef6 (0xfc843703) x14 0x0000000080012040 mem 0x0000000080031f38
core   0: 0x000000008000fefa (0xfb843783) ld      a5, -72(s0)
core   0: 3 0x000000008000fefa (0xfb843783) x15 0x000000000000009c mem 0x0000000080031f28
core   0: 0x000000008000fefe (0x000097ba) c.add   a5, a4
core   0: 3 0x000000008000fefe (0x97ba) x15 0x00000000800120dc
core   0: 0x000000008000ff00 (0xfe043703) ld      a4, -32(s0)
core   0: 3 0x000000008000ff00 (0xfe043703) x14 0x0000000080012088 mem 0x0000000080031f50
core   0: 0x000000008000ff04 (0xfcf76de3) bltu    a4, a5, pc - 38
core   0: 3 0x000000008000ff04 (0xfcf76de3)
core   0: 0x000000008000fede (0xfe043783) ld      a5, -32(s0)
core   0: 3 0x000000008000fede (0xfe043783) x15 0x0000000080012088 mem 0x0000000080031f50
core   0: 0x000000008000fee2 (0x00178713) addi    a4, a5, 1
core   0: 3 0x000000008000fee2 (0x00178713) x14 0x0000000080012089
core   0: 0x000000008000fee6 (0xfee43023) sd      a4, -32(s0)
core   0: 3 0x000000008000fee6 (0xfee43023) mem 0x0000000080031f50 0x0000000080012089
core   0: 0x000000008000feea (0xfc442703) lw      a4, -60(s0)
core   0: 3 0x000000008000feea (0xfc442703) x14 0x0000000000000000 mem 0x0000000080031f34
core   0: 0x000000008000feee (0x0ff77713) andi    a4, a4, 255
core   0: 3 0x000000008000feee (0x0ff77713) x14 0x0000000000000000
core   0: 0x000000008000fef2 (0x00e78023) sb      a4, 0(a5)
core   0: 3 0x000000008000fef2 (0x00e78023) mem 0x0000000080012088 0x00
core   0: 0x000000008000fef6 (0xfc843703) ld      a4, -56(s0)
core   0: 3 0x000000008000fef6 (0xfc843703) x14 0x0000000080012040 mem 0x0000000080031f38
core   0: 0x000000008000fefa (0xfb843783) ld      a5, -72(s0)
core   0: 3 0x000000008000fefa (0xfb843783) x15 0x000000000000009c mem 0x0000000080031f28
core   0: 0x000000008000fefe (0x000097ba) c.add   a5, a4
core   0: 3 0x000000008000fefe (0x97ba) x15 0x00000000800120dc
core   0: 0x000000008000ff00 (0xfe043703) ld      a4, -32(s0)
core   0: 3 0x000000008000ff00 (0xfe043703) x14 0x0000000080012089 mem 0x0000000080031f50
core   0: 0x000000008000ff04 (0xfcf76de3) bltu    a4, a5, pc - 38
core   0: 3 0x000000008000ff04 (0xfcf76de3)
core   0: 0x000000008000fede (0xfe043783) ld      a5, -32(s0)
core   0: 3 0x000000008000fede (0xfe043783) x15 0x0000000080012089 mem 0x0000000080031f50
core   0: 0x000000008000fee2 (0x00178713) addi    a4, a5, 1
core   0: 3 0x000000008000fee2 (0x00178713) x14 0x000000008001208a
core   0: 0x000000008000fee6 (0xfee43023) sd      a4, -32(s0)
core   0: 3 0x000000008000fee6 (0xfee43023) mem 0x0000000080031f50 0x000000008001208a
core   0: 0x000000008000feea (0xfc442703) lw      a4, -60(s0)
core   0: 3 0x000000008000feea (0xfc442703) x14 0x0000000000000000 mem 0x0000000080031f34
core   0: 0x000000008000feee (0x0ff77713) andi    a4, a4, 255
core   0: 3 0x000000008000feee (0x0ff77713) x14 0x0000000000000000
core   0: 0x000000008000fef2 (0x00e78023) sb      a4, 0(a5)
core   0: 3 0x000000008000fef2 (0x00e78023) mem 0x0000000080012089 0x00
core   0: 0x000000008000fef6 (0xfc843703) ld      a4, -56(s0)
core   0: 3 0x000000008000fef6 (0xfc843703) x14 0x0000000080012040 mem 0x0000000080031f38
core   0: 0x000000008000fefa (0xfb843783) ld      a5, -72(s0)
core   0: 3 0x000000008000fefa (0xfb843783) x15 0x000000000000009c mem 0x0000000080031f28
core   0: 0x000000008000fefe (0x000097ba) c.add   a5, a4
core   0: 3 0x000000008000fefe (0x97ba) x15 0x00000000800120dc
core   0: 0x000000008000ff00 (0xfe043703) ld      a4, -32(s0)
core   0: 3 0x000000008000ff00 (0xfe043703) x14 0x000000008001208a mem 0x0000000080031f50
core   0: 0x000000008000ff04 (0xfcf76de3) bltu    a4, a5, pc - 38
core   0: 3 0x000000008000ff04 (0xfcf76de3)
core   0: 0x000000008000fede (0xfe043783) ld      a5, -32(s0)
core   0: 3 0x000000008000fede (0xfe043783) x15 0x000000008001208a mem 0x0000000080031f50
core   0: 0x000000008000fee2 (0x00178713) addi    a4, a5, 1
core   0: 3 0x000000008000fee2 (0x00178713) x14 0x000000008001208b
core   0: 0x000000008000fee6 (0xfee43023) sd      a4, -32(s0)
core   0: 3 0x000000008000fee6 (0xfee43023) mem 0x0000000080031f50 0x000000008001208b
core   0: 0x000000008000feea (0xfc442703) lw      a4, -60(s0)
core   0: 3 0x000000008000feea (0xfc442703) x14 0x0000000000000000 mem 0x0000000080031f34
core   0: 0x000000008000feee (0x0ff77713) andi    a4, a4, 255
core   0: 3 0x000000008000feee (0x0ff77713) x14 0x0000000000000000
core   0: 0x000000008000fef2 (0x00e78023) sb      a4, 0(a5)
core   0: 3 0x000000008000fef2 (0x00e78023) mem 0x000000008001208a 0x00
core   0: 0x000000008000fef6 (0xfc843703) ld      a4, -56(s0)
core   0: 3 0x000000008000fef6 (0xfc843703) x14 0x0000000080012040 mem 0x0000000080031f38
core   0: 0x000000008000fefa (0xfb843783) ld      a5, -72(s0)
core   0: 3 0x000000008000fefa (0xfb843783) x15 0x000000000000009c mem 0x0000000080031f28
core   0: 0x000000008000fefe (0x000097ba) c.add   a5, a4
core   0: 3 0x000000008000fefe (0x97ba) x15 0x00000000800120dc
core   0: 0x000000008000ff00 (0xfe043703) ld      a4, -32(s0)
core   0: 3 0x000000008000ff00 (0xfe043703) x14 0x000000008001208b mem 0x0000000080031f50
core   0: 0x000000008000ff04 (0xfcf76de3) bltu    a4, a5, pc - 38
core   0: 3 0x000000008000ff04 (0xfcf76de3)
core   0: 0x000000008000fede (0xfe043783) ld      a5, -32(s0)
core   0: 3 0x000000008000fede (0xfe043783) x15 0x000000008001208b mem 0x0000000080031f50
core   0: 0x000000008000fee2 (0x00178713) addi    a4, a5, 1
core   0: 3 0x000000008000fee2 (0x00178713) x14 0x000000008001208c
core   0: 0x000000008000fee6 (0xfee43023) sd      a4, -32(s0)
core   0: 3 0x000000008000fee6 (0xfee43023) mem 0x0000000080031f50 0x000000008001208c
core   0: 0x000000008000feea (0xfc442703) lw      a4, -60(s0)
core   0: 3 0x000000008000feea (0xfc442703) x14 0x0000000000000000 mem 0x0000000080031f34
core   0: 0x000000008000feee (0x0ff77713) andi    a4, a4, 255
core   0: 3 0x000000008000feee (0x0ff77713) x14 0x0000000000000000
core   0: 0x000000008000fef2 (0x00e78023) sb      a4, 0(a5)
core   0: 3 0x000000008000fef2 (0x00e78023) mem 0x000000008001208b 0x00
core   0: 0x000000008000fef6 (0xfc843703) ld      a4, -56(s0)
core   0: 3 0x000000008000fef6 (0xfc843703) x14 0x0000000080012040 mem 0x0000000080031f38
core   0: 0x000000008000fefa (0xfb843783) ld      a5, -72(s0)
core   0: 3 0x000000008000fefa (0xfb843783) x15 0x000000000000009c mem 0x0000000080031f28
core   0: 0x000000008000fefe (0x000097ba) c.add   a5, a4
core   0: 3 0x000000008000fefe (0x97ba) x15 0x00000000800120dc
core   0: 0x000000008000ff00 (0xfe043703) ld      a4, -32(s0)
core   0: 3 0x000000008000ff00 (0xfe043703) x14 0x000000008001208c mem 0x0000000080031f50
core   0: 0x000000008000ff04 (0xfcf76de3) bltu    a4, a5, pc - 38
core   0: 3 0x000000008000ff04 (0xfcf76de3)
core   0: 0x000000008000fede (0xfe043783) ld      a5, -32(s0)
core   0: 3 0x000000008000fede (0xfe043783) x15 0x000000008001208c mem 0x0000000080031f50
core   0: 0x000000008000fee2 (0x00178713) addi    a4, a5, 1
core   0: 3 0x000000008000fee2 (0x00178713) x14 0x000000008001208d
core   0: 0x000000008000fee6 (0xfee43023) sd      a4, -32(s0)
core   0: 3 0x000000008000fee6 (0xfee43023) mem 0x0000000080031f50 0x000000008001208d
core   0: 0x000000008000feea (0xfc442703) lw      a4, -60(s0)
core   0: 3 0x000000008000feea (0xfc442703) x14 0x0000000000000000 mem 0x0000000080031f34
core   0: 0x000000008000feee (0x0ff77713) andi    a4, a4, 255
core   0: 3 0x000000008000feee (0x0ff77713) x14 0x0000000000000000
core   0: 0x000000008000fef2 (0x00e78023) sb      a4, 0(a5)
core   0: 3 0x000000008000fef2 (0x00e78023) mem 0x000000008001208c 0x00
core   0: 0x000000008000fef6 (0xfc843703) ld      a4, -56(s0)
core   0: 3 0x000000008000fef6 (0xfc843703) x14 0x0000000080012040 mem 0x0000000080031f38
core   0: 0x000000008000fefa (0xfb843783) ld      a5, -72(s0)
core   0: 3 0x000000008000fefa (0xfb843783) x15 0x000000000000009c mem 0x0000000080031f28
core   0: 0x000000008000fefe (0x000097ba) c.add   a5, a4
core   0: 3 0x000000008000fefe (0x97ba) x15 0x00000000800120dc
core   0: 0x000000008000ff00 (0xfe043703) ld      a4, -32(s0)
core   0: 3 0x000000008000ff00 (0xfe043703) x14 0x000000008001208d mem 0x0000000080031f50
core   0: 0x000000008000ff04 (0xfcf76de3) bltu    a4, a5, pc - 38
core   0: 3 0x000000008000ff04 (0xfcf76de3)
core   0: 0x000000008000fede (0xfe043783) ld      a5, -32(s0)
core   0: 3 0x000000008000fede (0xfe043783) x15 0x000000008001208d mem 0x0000000080031f50
core   0: 0x000000008000fee2 (0x00178713) addi    a4, a5, 1
core   0: 3 0x000000008000fee2 (0x00178713) x14 0x000000008001208e
core   0: 0x000000008000fee6 (0xfee43023) sd      a4, -32(s0)
core   0: 3 0x000000008000fee6 (0xfee43023) mem 0x0000000080031f50 0x000000008001208e
core   0: 0x000000008000feea (0xfc442703) lw      a4, -60(s0)
core   0: 3 0x000000008000feea (0xfc442703) x14 0x0000000000000000 mem 0x0000000080031f34
core   0: 0x000000008000feee (0x0ff77713) andi    a4, a4, 255
core   0: 3 0x000000008000feee (0x0ff77713) x14 0x0000000000000000
core   0: 0x000000008000fef2 (0x00e78023) sb      a4, 0(a5)
core   0: 3 0x000000008000fef2 (0x00e78023) mem 0x000000008001208d 0x00
core   0: 0x000000008000fef6 (0xfc843703) ld      a4, -56(s0)
core   0: 3 0x000000008000fef6 (0xfc843703) x14 0x0000000080012040 mem 0x0000000080031f38
core   0: 0x000000008000fefa (0xfb843783) ld      a5, -72(s0)
core   0: 3 0x000000008000fefa (0xfb843783) x15 0x000000000000009c mem 0x0000000080031f28
core   0: 0x000000008000fefe (0x000097ba) c.add   a5, a4
core   0: 3 0x000000008000fefe (0x97ba) x15 0x00000000800120dc
core   0: 0x000000008000ff00 (0xfe043703) ld      a4, -32(s0)
core   0: 3 0x000000008000ff00 (0xfe043703) x14 0x000000008001208e mem 0x0000000080031f50
core   0: 0x000000008000ff04 (0xfcf76de3) bltu    a4, a5, pc - 38
core   0: 3 0x000000008000ff04 (0xfcf76de3)
core   0: 0x000000008000fede (0xfe043783) ld      a5, -32(s0)
core   0: 3 0x000000008000fede (0xfe043783) x15 0x000000008001208e mem 0x0000000080031f50
core   0: 0x000000008000fee2 (0x00178713) addi    a4, a5, 1
core   0: 3 0x000000008000fee2 (0x00178713) x14 0x000000008001208f
core   0: 0x000000008000fee6 (0xfee43023) sd      a4, -32(s0)
core   0: 3 0x000000008000fee6 (0xfee43023) mem 0x0000000080031f50 0x000000008001208f
core   0: 0x000000008000feea (0xfc442703) lw      a4, -60(s0)
core   0: 3 0x000000008000feea (0xfc442703) x14 0x0000000000000000 mem 0x0000000080031f34
core   0: 0x000000008000feee (0x0ff77713) andi    a4, a4, 255
core   0: 3 0x000000008000feee (0x0ff77713) x14 0x0000000000000000
core   0: 0x000000008000fef2 (0x00e78023) sb      a4, 0(a5)
core   0: 3 0x000000008000fef2 (0x00e78023) mem 0x000000008001208e 0x00
core   0: 0x000000008000fef6 (0xfc843703) ld      a4, -56(s0)
core   0: 3 0x000000008000fef6 (0xfc843703) x14 0x0000000080012040 mem 0x0000000080031f38
core   0: 0x000000008000fefa (0xfb843783) ld      a5, -72(s0)
core   0: 3 0x000000008000fefa (0xfb843783) x15 0x000000000000009c mem 0x0000000080031f28
core   0: 0x000000008000fefe (0x000097ba) c.add   a5, a4
core   0: 3 0x000000008000fefe (0x97ba) x15 0x00000000800120dc
core   0: 0x000000008000ff00 (0xfe043703) ld      a4, -32(s0)
core   0: 3 0x000000008000ff00 (0xfe043703) x14 0x000000008001208f mem 0x0000000080031f50
core   0: 0x000000008000ff04 (0xfcf76de3) bltu    a4, a5, pc - 38
core   0: 3 0x000000008000ff04 (0xfcf76de3)
core   0: 0x000000008000fede (0xfe043783) ld      a5, -32(s0)
core   0: 3 0x000000008000fede (0xfe043783) x15 0x000000008001208f mem 0x0000000080031f50
core   0: 0x000000008000fee2 (0x00178713) addi    a4, a5, 1
core   0: 3 0x000000008000fee2 (0x00178713) x14 0x0000000080012090
core   0: 0x000000008000fee6 (0xfee43023) sd      a4, -32(s0)
core   0: 3 0x000000008000fee6 (0xfee43023) mem 0x0000000080031f50 0x0000000080012090
core   0: 0x000000008000feea (0xfc442703) lw      a4, -60(s0)
core   0: 3 0x000000008000feea (0xfc442703) x14 0x0000000000000000 mem 0x0000000080031f34
core   0: 0x000000008000feee (0x0ff77713) andi    a4, a4, 255
core   0: 3 0x000000008000feee (0x0ff77713) x14 0x0000000000000000
core   0: 0x000000008000fef2 (0x00e78023) sb      a4, 0(a5)
core   0: 3 0x000000008000fef2 (0x00e78023) mem 0x000000008001208f 0x00
core   0: 0x000000008000fef6 (0xfc843703) ld      a4, -56(s0)
core   0: 3 0x000000008000fef6 (0xfc843703) x14 0x0000000080012040 mem 0x0000000080031f38
core   0: 0x000000008000fefa (0xfb843783) ld      a5, -72(s0)
core   0: 3 0x000000008000fefa (0xfb843783) x15 0x000000000000009c mem 0x0000000080031f28
core   0: 0x000000008000fefe (0x000097ba) c.add   a5, a4
core   0: 3 0x000000008000fefe (0x97ba) x15 0x00000000800120dc
core   0: 0x000000008000ff00 (0xfe043703) ld      a4, -32(s0)
core   0: 3 0x000000008000ff00 (0xfe043703) x14 0x0000000080012090 mem 0x0000000080031f50
core   0: 0x000000008000ff04 (0xfcf76de3) bltu    a4, a5, pc - 38
core   0: 3 0x000000008000ff04 (0xfcf76de3)
core   0: 0x000000008000fede (0xfe043783) ld      a5, -32(s0)
core   0: 3 0x000000008000fede (0xfe043783) x15 0x0000000080012090 mem 0x0000000080031f50
core   0: 0x000000008000fee2 (0x00178713) addi    a4, a5, 1
core   0: 3 0x000000008000fee2 (0x00178713) x14 0x0000000080012091
core   0: 0x000000008000fee6 (0xfee43023) sd      a4, -32(s0)
core   0: 3 0x000000008000fee6 (0xfee43023) mem 0x0000000080031f50 0x0000000080012091
core   0: 0x000000008000feea (0xfc442703) lw      a4, -60(s0)
core   0: 3 0x000000008000feea (0xfc442703) x14 0x0000000000000000 mem 0x0000000080031f34
core   0: 0x000000008000feee (0x0ff77713) andi    a4, a4, 255
core   0: 3 0x000000008000feee (0x0ff77713) x14 0x0000000000000000
core   0: 0x000000008000fef2 (0x00e78023) sb      a4, 0(a5)
core   0: 3 0x000000008000fef2 (0x00e78023) mem 0x0000000080012090 0x00
core   0: 0x000000008000fef6 (0xfc843703) ld      a4, -56(s0)
core   0: 3 0x000000008000fef6 (0xfc843703) x14 0x0000000080012040 mem 0x0000000080031f38
core   0: 0x000000008000fefa (0xfb843783) ld      a5, -72(s0)
core   0: 3 0x000000008000fefa (0xfb843783) x15 0x000000000000009c mem 0x0000000080031f28
core   0: 0x000000008000fefe (0x000097ba) c.add   a5, a4
core   0: 3 0x000000008000fefe (0x97ba) x15 0x00000000800120dc
core   0: 0x000000008000ff00 (0xfe043703) ld      a4, -32(s0)
core   0: 3 0x000000008000ff00 (0xfe043703) x14 0x0000000080012091 mem 0x0000000080031f50
core   0: 0x000000008000ff04 (0xfcf76de3) bltu    a4, a5, pc - 38
core   0: 3 0x000000008000ff04 (0xfcf76de3)
core   0: 0x000000008000fede (0xfe043783) ld      a5, -32(s0)
core   0: 3 0x000000008000fede (0xfe043783) x15 0x0000000080012091 mem 0x0000000080031f50
core   0: 0x000000008000fee2 (0x00178713) addi    a4, a5, 1
core   0: 3 0x000000008000fee2 (0x00178713) x14 0x0000000080012092
core   0: 0x000000008000fee6 (0xfee43023) sd      a4, -32(s0)
core   0: 3 0x000000008000fee6 (0xfee43023) mem 0x0000000080031f50 0x0000000080012092
core   0: 0x000000008000feea (0xfc442703) lw      a4, -60(s0)
core   0: 3 0x000000008000feea (0xfc442703) x14 0x0000000000000000 mem 0x0000000080031f34
core   0: 0x000000008000feee (0x0ff77713) andi    a4, a4, 255
core   0: 3 0x000000008000feee (0x0ff77713) x14 0x0000000000000000
core   0: 0x000000008000fef2 (0x00e78023) sb      a4, 0(a5)
core   0: 3 0x000000008000fef2 (0x00e78023) mem 0x0000000080012091 0x00
core   0: 0x000000008000fef6 (0xfc843703) ld      a4, -56(s0)
core   0: 3 0x000000008000fef6 (0xfc843703) x14 0x0000000080012040 mem 0x0000000080031f38
core   0: 0x000000008000fefa (0xfb843783) ld      a5, -72(s0)
core   0: 3 0x000000008000fefa (0xfb843783) x15 0x000000000000009c mem 0x0000000080031f28
core   0: 0x000000008000fefe (0x000097ba) c.add   a5, a4
core   0: 3 0x000000008000fefe (0x97ba) x15 0x00000000800120dc
core   0: 0x000000008000ff00 (0xfe043703) ld      a4, -32(s0)
core   0: 3 0x000000008000ff00 (0xfe043703) x14 0x0000000080012092 mem 0x0000000080031f50
core   0: 0x000000008000ff04 (0xfcf76de3) bltu    a4, a5, pc - 38
core   0: 3 0x000000008000ff04 (0xfcf76de3)
core   0: 0x000000008000fede (0xfe043783) ld      a5, -32(s0)
core   0: 3 0x000000008000fede (0xfe043783) x15 0x0000000080012092 mem 0x0000000080031f50
core   0: 0x000000008000fee2 (0x00178713) addi    a4, a5, 1
core   0: 3 0x000000008000fee2 (0x00178713) x14 0x0000000080012093
core   0: 0x000000008000fee6 (0xfee43023) sd      a4, -32(s0)
core   0: 3 0x000000008000fee6 (0xfee43023) mem 0x0000000080031f50 0x0000000080012093
core   0: 0x000000008000feea (0xfc442703) lw      a4, -60(s0)
core   0: 3 0x000000008000feea (0xfc442703) x14 0x0000000000000000 mem 0x0000000080031f34
core   0: 0x000000008000feee (0x0ff77713) andi    a4, a4, 255
core   0: 3 0x000000008000feee (0x0ff77713) x14 0x0000000000000000
core   0: 0x000000008000fef2 (0x00e78023) sb      a4, 0(a5)
core   0: 3 0x000000008000fef2 (0x00e78023) mem 0x0000000080012092 0x00
core   0: 0x000000008000fef6 (0xfc843703) ld      a4, -56(s0)
core   0: 3 0x000000008000fef6 (0xfc843703) x14 0x0000000080012040 mem 0x0000000080031f38
core   0: 0x000000008000fefa (0xfb843783) ld      a5, -72(s0)
core   0: 3 0x000000008000fefa (0xfb843783) x15 0x000000000000009c mem 0x0000000080031f28
core   0: 0x000000008000fefe (0x000097ba) c.add   a5, a4
core   0: 3 0x000000008000fefe (0x97ba) x15 0x00000000800120dc
core   0: 0x000000008000ff00 (0xfe043703) ld      a4, -32(s0)
core   0: 3 0x000000008000ff00 (0xfe043703) x14 0x0000000080012093 mem 0x0000000080031f50
core   0: 0x000000008000ff04 (0xfcf76de3) bltu    a4, a5, pc - 38
core   0: 3 0x000000008000ff04 (0xfcf76de3)
core   0: 0x000000008000fede (0xfe043783) ld      a5, -32(s0)
core   0: 3 0x000000008000fede (0xfe043783) x15 0x0000000080012093 mem 0x0000000080031f50
core   0: 0x000000008000fee2 (0x00178713) addi    a4, a5, 1
core   0: 3 0x000000008000fee2 (0x00178713) x14 0x0000000080012094
core   0: 0x000000008000fee6 (0xfee43023) sd      a4, -32(s0)
core   0: 3 0x000000008000fee6 (0xfee43023) mem 0x0000000080031f50 0x0000000080012094
core   0: 0x000000008000feea (0xfc442703) lw      a4, -60(s0)
core   0: 3 0x000000008000feea (0xfc442703) x14 0x0000000000000000 mem 0x0000000080031f34
core   0: 0x000000008000feee (0x0ff77713) andi    a4, a4, 255
core   0: 3 0x000000008000feee (0x0ff77713) x14 0x0000000000000000
core   0: 0x000000008000fef2 (0x00e78023) sb      a4, 0(a5)
core   0: 3 0x000000008000fef2 (0x00e78023) mem 0x0000000080012093 0x00
core   0: 0x000000008000fef6 (0xfc843703) ld      a4, -56(s0)
core   0: 3 0x000000008000fef6 (0xfc843703) x14 0x0000000080012040 mem 0x0000000080031f38
core   0: 0x000000008000fefa (0xfb843783) ld      a5, -72(s0)
core   0: 3 0x000000008000fefa (0xfb843783) x15 0x000000000000009c mem 0x0000000080031f28
core   0: 0x000000008000fefe (0x000097ba) c.add   a5, a4
core   0: 3 0x000000008000fefe (0x97ba) x15 0x00000000800120dc
core   0: 0x000000008000ff00 (0xfe043703) ld      a4, -32(s0)
core   0: 3 0x000000008000ff00 (0xfe043703) x14 0x0000000080012094 mem 0x0000000080031f50
core   0: 0x000000008000ff04 (0xfcf76de3) bltu    a4, a5, pc - 38
core   0: 3 0x000000008000ff04 (0xfcf76de3)
core   0: 0x000000008000fede (0xfe043783) ld      a5, -32(s0)
core   0: 3 0x000000008000fede (0xfe043783) x15 0x0000000080012094 mem 0x0000000080031f50
core   0: 0x000000008000fee2 (0x00178713) addi    a4, a5, 1
core   0: 3 0x000000008000fee2 (0x00178713) x14 0x0000000080012095
core   0: 0x000000008000fee6 (0xfee43023) sd      a4, -32(s0)
core   0: 3 0x000000008000fee6 (0xfee43023) mem 0x0000000080031f50 0x0000000080012095
core   0: 0x000000008000feea (0xfc442703) lw      a4, -60(s0)
core   0: 3 0x000000008000feea (0xfc442703) x14 0x0000000000000000 mem 0x0000000080031f34
core   0: 0x000000008000feee (0x0ff77713) andi    a4, a4, 255
core   0: 3 0x000000008000feee (0x0ff77713) x14 0x0000000000000000
core   0: 0x000000008000fef2 (0x00e78023) sb      a4, 0(a5)
core   0: 3 0x000000008000fef2 (0x00e78023) mem 0x0000000080012094 0x00
core   0: 0x000000008000fef6 (0xfc843703) ld      a4, -56(s0)
core   0: 3 0x000000008000fef6 (0xfc843703) x14 0x0000000080012040 mem 0x0000000080031f38
core   0: 0x000000008000fefa (0xfb843783) ld      a5, -72(s0)
core   0: 3 0x000000008000fefa (0xfb843783) x15 0x000000000000009c mem 0x0000000080031f28
core   0: 0x000000008000fefe (0x000097ba) c.add   a5, a4
core   0: 3 0x000000008000fefe (0x97ba) x15 0x00000000800120dc
core   0: 0x000000008000ff00 (0xfe043703) ld      a4, -32(s0)
core   0: 3 0x000000008000ff00 (0xfe043703) x14 0x0000000080012095 mem 0x0000000080031f50
core   0: 0x000000008000ff04 (0xfcf76de3) bltu    a4, a5, pc - 38
core   0: 3 0x000000008000ff04 (0xfcf76de3)
core   0: 0x000000008000fede (0xfe043783) ld      a5, -32(s0)
core   0: 3 0x000000008000fede (0xfe043783) x15 0x0000000080012095 mem 0x0000000080031f50
core   0: 0x000000008000fee2 (0x00178713) addi    a4, a5, 1
core   0: 3 0x000000008000fee2 (0x00178713) x14 0x0000000080012096
core   0: 0x000000008000fee6 (0xfee43023) sd      a4, -32(s0)
core   0: 3 0x000000008000fee6 (0xfee43023) mem 0x0000000080031f50 0x0000000080012096
core   0: 0x000000008000feea (0xfc442703) lw      a4, -60(s0)
core   0: 3 0x000000008000feea (0xfc442703) x14 0x0000000000000000 mem 0x0000000080031f34
core   0: 0x000000008000feee (0x0ff77713) andi    a4, a4, 255
core   0: 3 0x000000008000feee (0x0ff77713) x14 0x0000000000000000
core   0: 0x000000008000fef2 (0x00e78023) sb      a4, 0(a5)
core   0: 3 0x000000008000fef2 (0x00e78023) mem 0x0000000080012095 0x00
core   0: 0x000000008000fef6 (0xfc843703) ld      a4, -56(s0)
core   0: 3 0x000000008000fef6 (0xfc843703) x14 0x0000000080012040 mem 0x0000000080031f38
core   0: 0x000000008000fefa (0xfb843783) ld      a5, -72(s0)
core   0: 3 0x000000008000fefa (0xfb843783) x15 0x000000000000009c mem 0x0000000080031f28
core   0: 0x000000008000fefe (0x000097ba) c.add   a5, a4
core   0: 3 0x000000008000fefe (0x97ba) x15 0x00000000800120dc
core   0: 0x000000008000ff00 (0xfe043703) ld      a4, -32(s0)
core   0: 3 0x000000008000ff00 (0xfe043703) x14 0x0000000080012096 mem 0x0000000080031f50
core   0: 0x000000008000ff04 (0xfcf76de3) bltu    a4, a5, pc - 38
core   0: 3 0x000000008000ff04 (0xfcf76de3)
core   0: 0x000000008000fede (0xfe043783) ld      a5, -32(s0)
core   0: 3 0x000000008000fede (0xfe043783) x15 0x0000000080012096 mem 0x0000000080031f50
core   0: 0x000000008000fee2 (0x00178713) addi    a4, a5, 1
core   0: 3 0x000000008000fee2 (0x00178713) x14 0x0000000080012097
core   0: 0x000000008000fee6 (0xfee43023) sd      a4, -32(s0)
core   0: 3 0x000000008000fee6 (0xfee43023) mem 0x0000000080031f50 0x0000000080012097
core   0: 0x000000008000feea (0xfc442703) lw      a4, -60(s0)
core   0: 3 0x000000008000feea (0xfc442703) x14 0x0000000000000000 mem 0x0000000080031f34
core   0: 0x000000008000feee (0x0ff77713) andi    a4, a4, 255
core   0: 3 0x000000008000feee (0x0ff77713) x14 0x0000000000000000
core   0: 0x000000008000fef2 (0x00e78023) sb      a4, 0(a5)
core   0: 3 0x000000008000fef2 (0x00e78023) mem 0x0000000080012096 0x00
core   0: 0x000000008000fef6 (0xfc843703) ld      a4, -56(s0)
core   0: 3 0x000000008000fef6 (0xfc843703) x14 0x0000000080012040 mem 0x0000000080031f38
core   0: 0x000000008000fefa (0xfb843783) ld      a5, -72(s0)
core   0: 3 0x000000008000fefa (0xfb843783) x15 0x000000000000009c mem 0x0000000080031f28
core   0: 0x000000008000fefe (0x000097ba) c.add   a5, a4
core   0: 3 0x000000008000fefe (0x97ba) x15 0x00000000800120dc
core   0: 0x000000008000ff00 (0xfe043703) ld      a4, -32(s0)
core   0: 3 0x000000008000ff00 (0xfe043703) x14 0x0000000080012097 mem 0x0000000080031f50
core   0: 0x000000008000ff04 (0xfcf76de3) bltu    a4, a5, pc - 38
core   0: 3 0x000000008000ff04 (0xfcf76de3)
core   0: 0x000000008000fede (0xfe043783) ld      a5, -32(s0)
core   0: 3 0x000000008000fede (0xfe043783) x15 0x0000000080012097 mem 0x0000000080031f50
core   0: 0x000000008000fee2 (0x00178713) addi    a4, a5, 1
core   0: 3 0x000000008000fee2 (0x00178713) x14 0x0000000080012098
core   0: 0x000000008000fee6 (0xfee43023) sd      a4, -32(s0)
core   0: 3 0x000000008000fee6 (0xfee43023) mem 0x0000000080031f50 0x0000000080012098
core   0: 0x000000008000feea (0xfc442703) lw      a4, -60(s0)
core   0: 3 0x000000008000feea (0xfc442703) x14 0x0000000000000000 mem 0x0000000080031f34
core   0: 0x000000008000feee (0x0ff77713) andi    a4, a4, 255
core   0: 3 0x000000008000feee (0x0ff77713) x14 0x0000000000000000
core   0: 0x000000008000fef2 (0x00e78023) sb      a4, 0(a5)
core   0: 3 0x000000008000fef2 (0x00e78023) mem 0x0000000080012097 0x00
core   0: 0x000000008000fef6 (0xfc843703) ld      a4, -56(s0)
core   0: 3 0x000000008000fef6 (0xfc843703) x14 0x0000000080012040 mem 0x0000000080031f38
core   0: 0x000000008000fefa (0xfb843783) ld      a5, -72(s0)
core   0: 3 0x000000008000fefa (0xfb843783) x15 0x000000000000009c mem 0x0000000080031f28
core   0: 0x000000008000fefe (0x000097ba) c.add   a5, a4
core   0: 3 0x000000008000fefe (0x97ba) x15 0x00000000800120dc
core   0: 0x000000008000ff00 (0xfe043703) ld      a4, -32(s0)
core   0: 3 0x000000008000ff00 (0xfe043703) x14 0x0000000080012098 mem 0x0000000080031f50
core   0: 0x000000008000ff04 (0xfcf76de3) bltu    a4, a5, pc - 38
core   0: 3 0x000000008000ff04 (0xfcf76de3)
core   0: 0x000000008000fede (0xfe043783) ld      a5, -32(s0)
core   0: 3 0x000000008000fede (0xfe043783) x15 0x0000000080012098 mem 0x0000000080031f50
core   0: 0x000000008000fee2 (0x00178713) addi    a4, a5, 1
core   0: 3 0x000000008000fee2 (0x00178713) x14 0x0000000080012099
core   0: 0x000000008000fee6 (0xfee43023) sd      a4, -32(s0)
core   0: 3 0x000000008000fee6 (0xfee43023) mem 0x0000000080031f50 0x0000000080012099
core   0: 0x000000008000feea (0xfc442703) lw      a4, -60(s0)
core   0: 3 0x000000008000feea (0xfc442703) x14 0x0000000000000000 mem 0x0000000080031f34
core   0: 0x000000008000feee (0x0ff77713) andi    a4, a4, 255
core   0: 3 0x000000008000feee (0x0ff77713) x14 0x0000000000000000
core   0: 0x000000008000fef2 (0x00e78023) sb      a4, 0(a5)
core   0: 3 0x000000008000fef2 (0x00e78023) mem 0x0000000080012098 0x00
core   0: 0x000000008000fef6 (0xfc843703) ld      a4, -56(s0)
core   0: 3 0x000000008000fef6 (0xfc843703) x14 0x0000000080012040 mem 0x0000000080031f38
core   0: 0x000000008000fefa (0xfb843783) ld      a5, -72(s0)
core   0: 3 0x000000008000fefa (0xfb843783) x15 0x000000000000009c mem 0x0000000080031f28
core   0: 0x000000008000fefe (0x000097ba) c.add   a5, a4
core   0: 3 0x000000008000fefe (0x97ba) x15 0x00000000800120dc
core   0: 0x000000008000ff00 (0xfe043703) ld      a4, -32(s0)
core   0: 3 0x000000008000ff00 (0xfe043703) x14 0x0000000080012099 mem 0x0000000080031f50
core   0: 0x000000008000ff04 (0xfcf76de3) bltu    a4, a5, pc - 38
core   0: 3 0x000000008000ff04 (0xfcf76de3)
core   0: 0x000000008000fede (0xfe043783) ld      a5, -32(s0)
core   0: 3 0x000000008000fede (0xfe043783) x15 0x0000000080012099 mem 0x0000000080031f50
core   0: 0x000000008000fee2 (0x00178713) addi    a4, a5, 1
core   0: 3 0x000000008000fee2 (0x00178713) x14 0x000000008001209a
core   0: 0x000000008000fee6 (0xfee43023) sd      a4, -32(s0)
core   0: 3 0x000000008000fee6 (0xfee43023) mem 0x0000000080031f50 0x000000008001209a
core   0: 0x000000008000feea (0xfc442703) lw      a4, -60(s0)
core   0: 3 0x000000008000feea (0xfc442703) x14 0x0000000000000000 mem 0x0000000080031f34
core   0: 0x000000008000feee (0x0ff77713) andi    a4, a4, 255
core   0: 3 0x000000008000feee (0x0ff77713) x14 0x0000000000000000
core   0: 0x000000008000fef2 (0x00e78023) sb      a4, 0(a5)
core   0: 3 0x000000008000fef2 (0x00e78023) mem 0x0000000080012099 0x00
core   0: 0x000000008000fef6 (0xfc843703) ld      a4, -56(s0)
core   0: 3 0x000000008000fef6 (0xfc843703) x14 0x0000000080012040 mem 0x0000000080031f38
core   0: 0x000000008000fefa (0xfb843783) ld      a5, -72(s0)
core   0: 3 0x000000008000fefa (0xfb843783) x15 0x000000000000009c mem 0x0000000080031f28
core   0: 0x000000008000fefe (0x000097ba) c.add   a5, a4
core   0: 3 0x000000008000fefe (0x97ba) x15 0x00000000800120dc
core   0: 0x000000008000ff00 (0xfe043703) ld      a4, -32(s0)
core   0: 3 0x000000008000ff00 (0xfe043703) x14 0x000000008001209a mem 0x0000000080031f50
core   0: 0x000000008000ff04 (0xfcf76de3) bltu    a4, a5, pc - 38
core   0: 3 0x000000008000ff04 (0xfcf76de3)
core   0: 0x000000008000fede (0xfe043783) ld      a5, -32(s0)
core   0: 3 0x000000008000fede (0xfe043783) x15 0x000000008001209a mem 0x0000000080031f50
core   0: 0x000000008000fee2 (0x00178713) addi    a4, a5, 1
core   0: 3 0x000000008000fee2 (0x00178713) x14 0x000000008001209b
core   0: 0x000000008000fee6 (0xfee43023) sd      a4, -32(s0)
core   0: 3 0x000000008000fee6 (0xfee43023) mem 0x0000000080031f50 0x000000008001209b
core   0: 0x000000008000feea (0xfc442703) lw      a4, -60(s0)
core   0: 3 0x000000008000feea (0xfc442703) x14 0x0000000000000000 mem 0x0000000080031f34
core   0: 0x000000008000feee (0x0ff77713) andi    a4, a4, 255
core   0: 3 0x000000008000feee (0x0ff77713) x14 0x0000000000000000
core   0: 0x000000008000fef2 (0x00e78023) sb      a4, 0(a5)
core   0: 3 0x000000008000fef2 (0x00e78023) mem 0x000000008001209a 0x00
core   0: 0x000000008000fef6 (0xfc843703) ld      a4, -56(s0)
core   0: 3 0x000000008000fef6 (0xfc843703) x14 0x0000000080012040 mem 0x0000000080031f38
core   0: 0x000000008000fefa (0xfb843783) ld      a5, -72(s0)
core   0: 3 0x000000008000fefa (0xfb843783) x15 0x000000000000009c mem 0x0000000080031f28
core   0: 0x000000008000fefe (0x000097ba) c.add   a5, a4
core   0: 3 0x000000008000fefe (0x97ba) x15 0x00000000800120dc
core   0: 0x000000008000ff00 (0xfe043703) ld      a4, -32(s0)
core   0: 3 0x000000008000ff00 (0xfe043703) x14 0x000000008001209b mem 0x0000000080031f50
core   0: 0x000000008000ff04 (0xfcf76de3) bltu    a4, a5, pc - 38
core   0: 3 0x000000008000ff04 (0xfcf76de3)
core   0: 0x000000008000fede (0xfe043783) ld      a5, -32(s0)
core   0: 3 0x000000008000fede (0xfe043783) x15 0x000000008001209b mem 0x0000000080031f50
core   0: 0x000000008000fee2 (0x00178713) addi    a4, a5, 1
core   0: 3 0x000000008000fee2 (0x00178713) x14 0x000000008001209c
core   0: 0x000000008000fee6 (0xfee43023) sd      a4, -32(s0)
core   0: 3 0x000000008000fee6 (0xfee43023) mem 0x0000000080031f50 0x000000008001209c
core   0: 0x000000008000feea (0xfc442703) lw      a4, -60(s0)
core   0: 3 0x000000008000feea (0xfc442703) x14 0x0000000000000000 mem 0x0000000080031f34
core   0: 0x000000008000feee (0x0ff77713) andi    a4, a4, 255
core   0: 3 0x000000008000feee (0x0ff77713) x14 0x0000000000000000
core   0: 0x000000008000fef2 (0x00e78023) sb      a4, 0(a5)
core   0: 3 0x000000008000fef2 (0x00e78023) mem 0x000000008001209b 0x00
core   0: 0x000000008000fef6 (0xfc843703) ld      a4, -56(s0)
core   0: 3 0x000000008000fef6 (0xfc843703) x14 0x0000000080012040 mem 0x0000000080031f38
core   0: 0x000000008000fefa (0xfb843783) ld      a5, -72(s0)
core   0: 3 0x000000008000fefa (0xfb843783) x15 0x000000000000009c mem 0x0000000080031f28
core   0: 0x000000008000fefe (0x000097ba) c.add   a5, a4
core   0: 3 0x000000008000fefe (0x97ba) x15 0x00000000800120dc
core   0: 0x000000008000ff00 (0xfe043703) ld      a4, -32(s0)
core   0: 3 0x000000008000ff00 (0xfe043703) x14 0x000000008001209c mem 0x0000000080031f50
core   0: 0x000000008000ff04 (0xfcf76de3) bltu    a4, a5, pc - 38
core   0: 3 0x000000008000ff04 (0xfcf76de3)
core   0: 0x000000008000fede (0xfe043783) ld      a5, -32(s0)
core   0: 3 0x000000008000fede (0xfe043783) x15 0x000000008001209c mem 0x0000000080031f50
core   0: 0x000000008000fee2 (0x00178713) addi    a4, a5, 1
core   0: 3 0x000000008000fee2 (0x00178713) x14 0x000000008001209d
core   0: 0x000000008000fee6 (0xfee43023) sd      a4, -32(s0)
core   0: 3 0x000000008000fee6 (0xfee43023) mem 0x0000000080031f50 0x000000008001209d
core   0: 0x000000008000feea (0xfc442703) lw      a4, -60(s0)
core   0: 3 0x000000008000feea (0xfc442703) x14 0x0000000000000000 mem 0x0000000080031f34
core   0: 0x000000008000feee (0x0ff77713) andi    a4, a4, 255
core   0: 3 0x000000008000feee (0x0ff77713) x14 0x0000000000000000
core   0: 0x000000008000fef2 (0x00e78023) sb      a4, 0(a5)
core   0: 3 0x000000008000fef2 (0x00e78023) mem 0x000000008001209c 0x00
core   0: 0x000000008000fef6 (0xfc843703) ld      a4, -56(s0)
core   0: 3 0x000000008000fef6 (0xfc843703) x14 0x0000000080012040 mem 0x0000000080031f38
core   0: 0x000000008000fefa (0xfb843783) ld      a5, -72(s0)
core   0: 3 0x000000008000fefa (0xfb843783) x15 0x000000000000009c mem 0x0000000080031f28
core   0: 0x000000008000fefe (0x000097ba) c.add   a5, a4
core   0: 3 0x000000008000fefe (0x97ba) x15 0x00000000800120dc
core   0: 0x000000008000ff00 (0xfe043703) ld      a4, -32(s0)
core   0: 3 0x000000008000ff00 (0xfe043703) x14 0x000000008001209d mem 0x0000000080031f50
core   0: 0x000000008000ff04 (0xfcf76de3) bltu    a4, a5, pc - 38
core   0: 3 0x000000008000ff04 (0xfcf76de3)
core   0: 0x000000008000fede (0xfe043783) ld      a5, -32(s0)
core   0: 3 0x000000008000fede (0xfe043783) x15 0x000000008001209d mem 0x0000000080031f50
core   0: 0x000000008000fee2 (0x00178713) addi    a4, a5, 1
core   0: 3 0x000000008000fee2 (0x00178713) x14 0x000000008001209e
core   0: 0x000000008000fee6 (0xfee43023) sd      a4, -32(s0)
core   0: 3 0x000000008000fee6 (0xfee43023) mem 0x0000000080031f50 0x000000008001209e
core   0: 0x000000008000feea (0xfc442703) lw      a4, -60(s0)
core   0: 3 0x000000008000feea (0xfc442703) x14 0x0000000000000000 mem 0x0000000080031f34
core   0: 0x000000008000feee (0x0ff77713) andi    a4, a4, 255
core   0: 3 0x000000008000feee (0x0ff77713) x14 0x0000000000000000
core   0: 0x000000008000fef2 (0x00e78023) sb      a4, 0(a5)
core   0: 3 0x000000008000fef2 (0x00e78023) mem 0x000000008001209d 0x00
core   0: 0x000000008000fef6 (0xfc843703) ld      a4, -56(s0)
core   0: 3 0x000000008000fef6 (0xfc843703) x14 0x0000000080012040 mem 0x0000000080031f38
core   0: 0x000000008000fefa (0xfb843783) ld      a5, -72(s0)
core   0: 3 0x000000008000fefa (0xfb843783) x15 0x000000000000009c mem 0x0000000080031f28
core   0: 0x000000008000fefe (0x000097ba) c.add   a5, a4
core   0: 3 0x000000008000fefe (0x97ba) x15 0x00000000800120dc
core   0: 0x000000008000ff00 (0xfe043703) ld      a4, -32(s0)
core   0: 3 0x000000008000ff00 (0xfe043703) x14 0x000000008001209e mem 0x0000000080031f50
core   0: 0x000000008000ff04 (0xfcf76de3) bltu    a4, a5, pc - 38
core   0: 3 0x000000008000ff04 (0xfcf76de3)
core   0: 0x000000008000fede (0xfe043783) ld      a5, -32(s0)
core   0: 3 0x000000008000fede (0xfe043783) x15 0x000000008001209e mem 0x0000000080031f50
core   0: 0x000000008000fee2 (0x00178713) addi    a4, a5, 1
core   0: 3 0x000000008000fee2 (0x00178713) x14 0x000000008001209f
core   0: 0x000000008000fee6 (0xfee43023) sd      a4, -32(s0)
core   0: 3 0x000000008000fee6 (0xfee43023) mem 0x0000000080031f50 0x000000008001209f
core   0: 0x000000008000feea (0xfc442703) lw      a4, -60(s0)
core   0: 3 0x000000008000feea (0xfc442703) x14 0x0000000000000000 mem 0x0000000080031f34
core   0: 0x000000008000feee (0x0ff77713) andi    a4, a4, 255
core   0: 3 0x000000008000feee (0x0ff77713) x14 0x0000000000000000
core   0: 0x000000008000fef2 (0x00e78023) sb      a4, 0(a5)
core   0: 3 0x000000008000fef2 (0x00e78023) mem 0x000000008001209e 0x00
core   0: 0x000000008000fef6 (0xfc843703) ld      a4, -56(s0)
core   0: 3 0x000000008000fef6 (0xfc843703) x14 0x0000000080012040 mem 0x0000000080031f38
core   0: 0x000000008000fefa (0xfb843783) ld      a5, -72(s0)
core   0: 3 0x000000008000fefa (0xfb843783) x15 0x000000000000009c mem 0x0000000080031f28
core   0: 0x000000008000fefe (0x000097ba) c.add   a5, a4
core   0: 3 0x000000008000fefe (0x97ba) x15 0x00000000800120dc
core   0: 0x000000008000ff00 (0xfe043703) ld      a4, -32(s0)
core   0: 3 0x000000008000ff00 (0xfe043703) x14 0x000000008001209f mem 0x0000000080031f50
core   0: 0x000000008000ff04 (0xfcf76de3) bltu    a4, a5, pc - 38
core   0: 3 0x000000008000ff04 (0xfcf76de3)
core   0: 0x000000008000fede (0xfe043783) ld      a5, -32(s0)
core   0: 3 0x000000008000fede (0xfe043783) x15 0x000000008001209f mem 0x0000000080031f50
core   0: 0x000000008000fee2 (0x00178713) addi    a4, a5, 1
core   0: 3 0x000000008000fee2 (0x00178713) x14 0x00000000800120a0
core   0: 0x000000008000fee6 (0xfee43023) sd      a4, -32(s0)
core   0: 3 0x000000008000fee6 (0xfee43023) mem 0x0000000080031f50 0x00000000800120a0
core   0: 0x000000008000feea (0xfc442703) lw      a4, -60(s0)
core   0: 3 0x000000008000feea (0xfc442703) x14 0x0000000000000000 mem 0x0000000080031f34
core   0: 0x000000008000feee (0x0ff77713) andi    a4, a4, 255
core   0: 3 0x000000008000feee (0x0ff77713) x14 0x0000000000000000
core   0: 0x000000008000fef2 (0x00e78023) sb      a4, 0(a5)
core   0: 3 0x000000008000fef2 (0x00e78023) mem 0x000000008001209f 0x00
core   0: 0x000000008000fef6 (0xfc843703) ld      a4, -56(s0)
core   0: 3 0x000000008000fef6 (0xfc843703) x14 0x0000000080012040 mem 0x0000000080031f38
core   0: 0x000000008000fefa (0xfb843783) ld      a5, -72(s0)
core   0: 3 0x000000008000fefa (0xfb843783) x15 0x000000000000009c mem 0x0000000080031f28
core   0: 0x000000008000fefe (0x000097ba) c.add   a5, a4
core   0: 3 0x000000008000fefe (0x97ba) x15 0x00000000800120dc
core   0: 0x000000008000ff00 (0xfe043703) ld      a4, -32(s0)
core   0: 3 0x000000008000ff00 (0xfe043703) x14 0x00000000800120a0 mem 0x0000000080031f50
core   0: 0x000000008000ff04 (0xfcf76de3) bltu    a4, a5, pc - 38
core   0: 3 0x000000008000ff04 (0xfcf76de3)
core   0: 0x000000008000fede (0xfe043783) ld      a5, -32(s0)
core   0: 3 0x000000008000fede (0xfe043783) x15 0x00000000800120a0 mem 0x0000000080031f50
core   0: 0x000000008000fee2 (0x00178713) addi    a4, a5, 1
core   0: 3 0x000000008000fee2 (0x00178713) x14 0x00000000800120a1
core   0: 0x000000008000fee6 (0xfee43023) sd      a4, -32(s0)
core   0: 3 0x000000008000fee6 (0xfee43023) mem 0x0000000080031f50 0x00000000800120a1
core   0: 0x000000008000feea (0xfc442703) lw      a4, -60(s0)
core   0: 3 0x000000008000feea (0xfc442703) x14 0x0000000000000000 mem 0x0000000080031f34
core   0: 0x000000008000feee (0x0ff77713) andi    a4, a4, 255
core   0: 3 0x000000008000feee (0x0ff77713) x14 0x0000000000000000
core   0: 0x000000008000fef2 (0x00e78023) sb      a4, 0(a5)
core   0: 3 0x000000008000fef2 (0x00e78023) mem 0x00000000800120a0 0x00
core   0: 0x000000008000fef6 (0xfc843703) ld      a4, -56(s0)
core   0: 3 0x000000008000fef6 (0xfc843703) x14 0x0000000080012040 mem 0x0000000080031f38
core   0: 0x000000008000fefa (0xfb843783) ld      a5, -72(s0)
core   0: 3 0x000000008000fefa (0xfb843783) x15 0x000000000000009c mem 0x0000000080031f28
core   0: 0x000000008000fefe (0x000097ba) c.add   a5, a4
core   0: 3 0x000000008000fefe (0x97ba) x15 0x00000000800120dc
core   0: 0x000000008000ff00 (0xfe043703) ld      a4, -32(s0)
core   0: 3 0x000000008000ff00 (0xfe043703) x14 0x00000000800120a1 mem 0x0000000080031f50
core   0: 0x000000008000ff04 (0xfcf76de3) bltu    a4, a5, pc - 38
core   0: 3 0x000000008000ff04 (0xfcf76de3)
core   0: 0x000000008000fede (0xfe043783) ld      a5, -32(s0)
core   0: 3 0x000000008000fede (0xfe043783) x15 0x00000000800120a1 mem 0x0000000080031f50
core   0: 0x000000008000fee2 (0x00178713) addi    a4, a5, 1
core   0: 3 0x000000008000fee2 (0x00178713) x14 0x00000000800120a2
core   0: 0x000000008000fee6 (0xfee43023) sd      a4, -32(s0)
core   0: 3 0x000000008000fee6 (0xfee43023) mem 0x0000000080031f50 0x00000000800120a2
core   0: 0x000000008000feea (0xfc442703) lw      a4, -60(s0)
core   0: 3 0x000000008000feea (0xfc442703) x14 0x0000000000000000 mem 0x0000000080031f34
core   0: 0x000000008000feee (0x0ff77713) andi    a4, a4, 255
core   0: 3 0x000000008000feee (0x0ff77713) x14 0x0000000000000000
core   0: 0x000000008000fef2 (0x00e78023) sb      a4, 0(a5)
core   0: 3 0x000000008000fef2 (0x00e78023) mem 0x00000000800120a1 0x00
core   0: 0x000000008000fef6 (0xfc843703) ld      a4, -56(s0)
core   0: 3 0x000000008000fef6 (0xfc843703) x14 0x0000000080012040 mem 0x0000000080031f38
core   0: 0x000000008000fefa (0xfb843783) ld      a5, -72(s0)
core   0: 3 0x000000008000fefa (0xfb843783) x15 0x000000000000009c mem 0x0000000080031f28
core   0: 0x000000008000fefe (0x000097ba) c.add   a5, a4
core   0: 3 0x000000008000fefe (0x97ba) x15 0x00000000800120dc
core   0: 0x000000008000ff00 (0xfe043703) ld      a4, -32(s0)
core   0: 3 0x000000008000ff00 (0xfe043703) x14 0x00000000800120a2 mem 0x0000000080031f50
core   0: 0x000000008000ff04 (0xfcf76de3) bltu    a4, a5, pc - 38
core   0: 3 0x000000008000ff04 (0xfcf76de3)
core   0: 0x000000008000fede (0xfe043783) ld      a5, -32(s0)
core   0: 3 0x000000008000fede (0xfe043783) x15 0x00000000800120a2 mem 0x0000000080031f50
core   0: 0x000000008000fee2 (0x00178713) addi    a4, a5, 1
core   0: 3 0x000000008000fee2 (0x00178713) x14 0x00000000800120a3
core   0: 0x000000008000fee6 (0xfee43023) sd      a4, -32(s0)
core   0: 3 0x000000008000fee6 (0xfee43023) mem 0x0000000080031f50 0x00000000800120a3
core   0: 0x000000008000feea (0xfc442703) lw      a4, -60(s0)
core   0: 3 0x000000008000feea (0xfc442703) x14 0x0000000000000000 mem 0x0000000080031f34
core   0: 0x000000008000feee (0x0ff77713) andi    a4, a4, 255
core   0: 3 0x000000008000feee (0x0ff77713) x14 0x0000000000000000
core   0: 0x000000008000fef2 (0x00e78023) sb      a4, 0(a5)
core   0: 3 0x000000008000fef2 (0x00e78023) mem 0x00000000800120a2 0x00
core   0: 0x000000008000fef6 (0xfc843703) ld      a4, -56(s0)
core   0: 3 0x000000008000fef6 (0xfc843703) x14 0x0000000080012040 mem 0x0000000080031f38
core   0: 0x000000008000fefa (0xfb843783) ld      a5, -72(s0)
core   0: 3 0x000000008000fefa (0xfb843783) x15 0x000000000000009c mem 0x0000000080031f28
core   0: 0x000000008000fefe (0x000097ba) c.add   a5, a4
core   0: 3 0x000000008000fefe (0x97ba) x15 0x00000000800120dc
core   0: 0x000000008000ff00 (0xfe043703) ld      a4, -32(s0)
core   0: 3 0x000000008000ff00 (0xfe043703) x14 0x00000000800120a3 mem 0x0000000080031f50
core   0: 0x000000008000ff04 (0xfcf76de3) bltu    a4, a5, pc - 38
core   0: 3 0x000000008000ff04 (0xfcf76de3)
core   0: 0x000000008000fede (0xfe043783) ld      a5, -32(s0)
core   0: 3 0x000000008000fede (0xfe043783) x15 0x00000000800120a3 mem 0x0000000080031f50
core   0: 0x000000008000fee2 (0x00178713) addi    a4, a5, 1
core   0: 3 0x000000008000fee2 (0x00178713) x14 0x00000000800120a4
core   0: 0x000000008000fee6 (0xfee43023) sd      a4, -32(s0)
core   0: 3 0x000000008000fee6 (0xfee43023) mem 0x0000000080031f50 0x00000000800120a4
core   0: 0x000000008000feea (0xfc442703) lw      a4, -60(s0)
core   0: 3 0x000000008000feea (0xfc442703) x14 0x0000000000000000 mem 0x0000000080031f34
core   0: 0x000000008000feee (0x0ff77713) andi    a4, a4, 255
core   0: 3 0x000000008000feee (0x0ff77713) x14 0x0000000000000000
core   0: 0x000000008000fef2 (0x00e78023) sb      a4, 0(a5)
core   0: 3 0x000000008000fef2 (0x00e78023) mem 0x00000000800120a3 0x00
core   0: 0x000000008000fef6 (0xfc843703) ld      a4, -56(s0)
core   0: 3 0x000000008000fef6 (0xfc843703) x14 0x0000000080012040 mem 0x0000000080031f38
core   0: 0x000000008000fefa (0xfb843783) ld      a5, -72(s0)
core   0: 3 0x000000008000fefa (0xfb843783) x15 0x000000000000009c mem 0x0000000080031f28
core   0: 0x000000008000fefe (0x000097ba) c.add   a5, a4
core   0: 3 0x000000008000fefe (0x97ba) x15 0x00000000800120dc
core   0: 0x000000008000ff00 (0xfe043703) ld      a4, -32(s0)
core   0: 3 0x000000008000ff00 (0xfe043703) x14 0x00000000800120a4 mem 0x0000000080031f50
core   0: 0x000000008000ff04 (0xfcf76de3) bltu    a4, a5, pc - 38
core   0: 3 0x000000008000ff04 (0xfcf76de3)
core   0: 0x000000008000fede (0xfe043783) ld      a5, -32(s0)
core   0: 3 0x000000008000fede (0xfe043783) x15 0x00000000800120a4 mem 0x0000000080031f50
core   0: 0x000000008000fee2 (0x00178713) addi    a4, a5, 1
core   0: 3 0x000000008000fee2 (0x00178713) x14 0x00000000800120a5
core   0: 0x000000008000fee6 (0xfee43023) sd      a4, -32(s0)
core   0: 3 0x000000008000fee6 (0xfee43023) mem 0x0000000080031f50 0x00000000800120a5
core   0: 0x000000008000feea (0xfc442703) lw      a4, -60(s0)
core   0: 3 0x000000008000feea (0xfc442703) x14 0x0000000000000000 mem 0x0000000080031f34
core   0: 0x000000008000feee (0x0ff77713) andi    a4, a4, 255
core   0: 3 0x000000008000feee (0x0ff77713) x14 0x0000000000000000
core   0: 0x000000008000fef2 (0x00e78023) sb      a4, 0(a5)
core   0: 3 0x000000008000fef2 (0x00e78023) mem 0x00000000800120a4 0x00
core   0: 0x000000008000fef6 (0xfc843703) ld      a4, -56(s0)
core   0: 3 0x000000008000fef6 (0xfc843703) x14 0x0000000080012040 mem 0x0000000080031f38
core   0: 0x000000008000fefa (0xfb843783) ld      a5, -72(s0)
core   0: 3 0x000000008000fefa (0xfb843783) x15 0x000000000000009c mem 0x0000000080031f28
core   0: 0x000000008000fefe (0x000097ba) c.add   a5, a4
core   0: 3 0x000000008000fefe (0x97ba) x15 0x00000000800120dc
core   0: 0x000000008000ff00 (0xfe043703) ld      a4, -32(s0)
core   0: 3 0x000000008000ff00 (0xfe043703) x14 0x00000000800120a5 mem 0x0000000080031f50
core   0: 0x000000008000ff04 (0xfcf76de3) bltu    a4, a5, pc - 38
core   0: 3 0x000000008000ff04 (0xfcf76de3)
core   0: 0x000000008000fede (0xfe043783) ld      a5, -32(s0)
core   0: 3 0x000000008000fede (0xfe043783) x15 0x00000000800120a5 mem 0x0000000080031f50
core   0: 0x000000008000fee2 (0x00178713) addi    a4, a5, 1
core   0: 3 0x000000008000fee2 (0x00178713) x14 0x00000000800120a6
core   0: 0x000000008000fee6 (0xfee43023) sd      a4, -32(s0)
core   0: 3 0x000000008000fee6 (0xfee43023) mem 0x0000000080031f50 0x00000000800120a6
core   0: 0x000000008000feea (0xfc442703) lw      a4, -60(s0)
core   0: 3 0x000000008000feea (0xfc442703) x14 0x0000000000000000 mem 0x0000000080031f34
core   0: 0x000000008000feee (0x0ff77713) andi    a4, a4, 255
core   0: 3 0x000000008000feee (0x0ff77713) x14 0x0000000000000000
core   0: 0x000000008000fef2 (0x00e78023) sb      a4, 0(a5)
core   0: 3 0x000000008000fef2 (0x00e78023) mem 0x00000000800120a5 0x00
core   0: 0x000000008000fef6 (0xfc843703) ld      a4, -56(s0)
core   0: 3 0x000000008000fef6 (0xfc843703) x14 0x0000000080012040 mem 0x0000000080031f38
core   0: 0x000000008000fefa (0xfb843783) ld      a5, -72(s0)
core   0: 3 0x000000008000fefa (0xfb843783) x15 0x000000000000009c mem 0x0000000080031f28
core   0: 0x000000008000fefe (0x000097ba) c.add   a5, a4
core   0: 3 0x000000008000fefe (0x97ba) x15 0x00000000800120dc
core   0: 0x000000008000ff00 (0xfe043703) ld      a4, -32(s0)
core   0: 3 0x000000008000ff00 (0xfe043703) x14 0x00000000800120a6 mem 0x0000000080031f50
core   0: 0x000000008000ff04 (0xfcf76de3) bltu    a4, a5, pc - 38
core   0: 3 0x000000008000ff04 (0xfcf76de3)
core   0: 0x000000008000fede (0xfe043783) ld      a5, -32(s0)
core   0: 3 0x000000008000fede (0xfe043783) x15 0x00000000800120a6 mem 0x0000000080031f50
core   0: 0x000000008000fee2 (0x00178713) addi    a4, a5, 1
core   0: 3 0x000000008000fee2 (0x00178713) x14 0x00000000800120a7
core   0: 0x000000008000fee6 (0xfee43023) sd      a4, -32(s0)
core   0: 3 0x000000008000fee6 (0xfee43023) mem 0x0000000080031f50 0x00000000800120a7
core   0: 0x000000008000feea (0xfc442703) lw      a4, -60(s0)
core   0: 3 0x000000008000feea (0xfc442703) x14 0x0000000000000000 mem 0x0000000080031f34
core   0: 0x000000008000feee (0x0ff77713) andi    a4, a4, 255
core   0: 3 0x000000008000feee (0x0ff77713) x14 0x0000000000000000
core   0: 0x000000008000fef2 (0x00e78023) sb      a4, 0(a5)
core   0: 3 0x000000008000fef2 (0x00e78023) mem 0x00000000800120a6 0x00
core   0: 0x000000008000fef6 (0xfc843703) ld      a4, -56(s0)
core   0: 3 0x000000008000fef6 (0xfc843703) x14 0x0000000080012040 mem 0x0000000080031f38
core   0: 0x000000008000fefa (0xfb843783) ld      a5, -72(s0)
core   0: 3 0x000000008000fefa (0xfb843783) x15 0x000000000000009c mem 0x0000000080031f28
core   0: 0x000000008000fefe (0x000097ba) c.add   a5, a4
core   0: 3 0x000000008000fefe (0x97ba) x15 0x00000000800120dc
core   0: 0x000000008000ff00 (0xfe043703) ld      a4, -32(s0)
core   0: 3 0x000000008000ff00 (0xfe043703) x14 0x00000000800120a7 mem 0x0000000080031f50
core   0: 0x000000008000ff04 (0xfcf76de3) bltu    a4, a5, pc - 38
core   0: 3 0x000000008000ff04 (0xfcf76de3)
core   0: 0x000000008000fede (0xfe043783) ld      a5, -32(s0)
core   0: 3 0x000000008000fede (0xfe043783) x15 0x00000000800120a7 mem 0x0000000080031f50
core   0: 0x000000008000fee2 (0x00178713) addi    a4, a5, 1
core   0: 3 0x000000008000fee2 (0x00178713) x14 0x00000000800120a8
core   0: 0x000000008000fee6 (0xfee43023) sd      a4, -32(s0)
core   0: 3 0x000000008000fee6 (0xfee43023) mem 0x0000000080031f50 0x00000000800120a8
core   0: 0x000000008000feea (0xfc442703) lw      a4, -60(s0)
core   0: 3 0x000000008000feea (0xfc442703) x14 0x0000000000000000 mem 0x0000000080031f34
core   0: 0x000000008000feee (0x0ff77713) andi    a4, a4, 255
core   0: 3 0x000000008000feee (0x0ff77713) x14 0x0000000000000000
core   0: 0x000000008000fef2 (0x00e78023) sb      a4, 0(a5)
core   0: 3 0x000000008000fef2 (0x00e78023) mem 0x00000000800120a7 0x00
core   0: 0x000000008000fef6 (0xfc843703) ld      a4, -56(s0)
core   0: 3 0x000000008000fef6 (0xfc843703) x14 0x0000000080012040 mem 0x0000000080031f38
core   0: 0x000000008000fefa (0xfb843783) ld      a5, -72(s0)
core   0: 3 0x000000008000fefa (0xfb843783) x15 0x000000000000009c mem 0x0000000080031f28
core   0: 0x000000008000fefe (0x000097ba) c.add   a5, a4
core   0: 3 0x000000008000fefe (0x97ba) x15 0x00000000800120dc
core   0: 0x000000008000ff00 (0xfe043703) ld      a4, -32(s0)
core   0: 3 0x000000008000ff00 (0xfe043703) x14 0x00000000800120a8 mem 0x0000000080031f50
core   0: 0x000000008000ff04 (0xfcf76de3) bltu    a4, a5, pc - 38
core   0: 3 0x000000008000ff04 (0xfcf76de3)
core   0: 0x000000008000fede (0xfe043783) ld      a5, -32(s0)
core   0: 3 0x000000008000fede (0xfe043783) x15 0x00000000800120a8 mem 0x0000000080031f50
core   0: 0x000000008000fee2 (0x00178713) addi    a4, a5, 1
core   0: 3 0x000000008000fee2 (0x00178713) x14 0x00000000800120a9
core   0: 0x000000008000fee6 (0xfee43023) sd      a4, -32(s0)
core   0: 3 0x000000008000fee6 (0xfee43023) mem 0x0000000080031f50 0x00000000800120a9
core   0: 0x000000008000feea (0xfc442703) lw      a4, -60(s0)
core   0: 3 0x000000008000feea (0xfc442703) x14 0x0000000000000000 mem 0x0000000080031f34
core   0: 0x000000008000feee (0x0ff77713) andi    a4, a4, 255
core   0: 3 0x000000008000feee (0x0ff77713) x14 0x0000000000000000
core   0: 0x000000008000fef2 (0x00e78023) sb      a4, 0(a5)
core   0: 3 0x000000008000fef2 (0x00e78023) mem 0x00000000800120a8 0x00
core   0: 0x000000008000fef6 (0xfc843703) ld      a4, -56(s0)
core   0: 3 0x000000008000fef6 (0xfc843703) x14 0x0000000080012040 mem 0x0000000080031f38
core   0: 0x000000008000fefa (0xfb843783) ld      a5, -72(s0)
core   0: 3 0x000000008000fefa (0xfb843783) x15 0x000000000000009c mem 0x0000000080031f28
core   0: 0x000000008000fefe (0x000097ba) c.add   a5, a4
core   0: 3 0x000000008000fefe (0x97ba) x15 0x00000000800120dc
core   0: 0x000000008000ff00 (0xfe043703) ld      a4, -32(s0)
core   0: 3 0x000000008000ff00 (0xfe043703) x14 0x00000000800120a9 mem 0x0000000080031f50
core   0: 0x000000008000ff04 (0xfcf76de3) bltu    a4, a5, pc - 38
core   0: 3 0x000000008000ff04 (0xfcf76de3)
core   0: 0x000000008000fede (0xfe043783) ld      a5, -32(s0)
core   0: 3 0x000000008000fede (0xfe043783) x15 0x00000000800120a9 mem 0x0000000080031f50
core   0: 0x000000008000fee2 (0x00178713) addi    a4, a5, 1
core   0: 3 0x000000008000fee2 (0x00178713) x14 0x00000000800120aa
core   0: 0x000000008000fee6 (0xfee43023) sd      a4, -32(s0)
core   0: 3 0x000000008000fee6 (0xfee43023) mem 0x0000000080031f50 0x00000000800120aa
core   0: 0x000000008000feea (0xfc442703) lw      a4, -60(s0)
core   0: 3 0x000000008000feea (0xfc442703) x14 0x0000000000000000 mem 0x0000000080031f34
core   0: 0x000000008000feee (0x0ff77713) andi    a4, a4, 255
core   0: 3 0x000000008000feee (0x0ff77713) x14 0x0000000000000000
core   0: 0x000000008000fef2 (0x00e78023) sb      a4, 0(a5)
core   0: 3 0x000000008000fef2 (0x00e78023) mem 0x00000000800120a9 0x00
core   0: 0x000000008000fef6 (0xfc843703) ld      a4, -56(s0)
core   0: 3 0x000000008000fef6 (0xfc843703) x14 0x0000000080012040 mem 0x0000000080031f38
core   0: 0x000000008000fefa (0xfb843783) ld      a5, -72(s0)
core   0: 3 0x000000008000fefa (0xfb843783) x15 0x000000000000009c mem 0x0000000080031f28
core   0: 0x000000008000fefe (0x000097ba) c.add   a5, a4
core   0: 3 0x000000008000fefe (0x97ba) x15 0x00000000800120dc
core   0: 0x000000008000ff00 (0xfe043703) ld      a4, -32(s0)
core   0: 3 0x000000008000ff00 (0xfe043703) x14 0x00000000800120aa mem 0x0000000080031f50
core   0: 0x000000008000ff04 (0xfcf76de3) bltu    a4, a5, pc - 38
core   0: 3 0x000000008000ff04 (0xfcf76de3)
core   0: 0x000000008000fede (0xfe043783) ld      a5, -32(s0)
core   0: 3 0x000000008000fede (0xfe043783) x15 0x00000000800120aa mem 0x0000000080031f50
core   0: 0x000000008000fee2 (0x00178713) addi    a4, a5, 1
core   0: 3 0x000000008000fee2 (0x00178713) x14 0x00000000800120ab
core   0: 0x000000008000fee6 (0xfee43023) sd      a4, -32(s0)
core   0: 3 0x000000008000fee6 (0xfee43023) mem 0x0000000080031f50 0x00000000800120ab
core   0: 0x000000008000feea (0xfc442703) lw      a4, -60(s0)
core   0: 3 0x000000008000feea (0xfc442703) x14 0x0000000000000000 mem 0x0000000080031f34
core   0: 0x000000008000feee (0x0ff77713) andi    a4, a4, 255
core   0: 3 0x000000008000feee (0x0ff77713) x14 0x0000000000000000
core   0: 0x000000008000fef2 (0x00e78023) sb      a4, 0(a5)
core   0: 3 0x000000008000fef2 (0x00e78023) mem 0x00000000800120aa 0x00
core   0: 0x000000008000fef6 (0xfc843703) ld      a4, -56(s0)
core   0: 3 0x000000008000fef6 (0xfc843703) x14 0x0000000080012040 mem 0x0000000080031f38
core   0: 0x000000008000fefa (0xfb843783) ld      a5, -72(s0)
core   0: 3 0x000000008000fefa (0xfb843783) x15 0x000000000000009c mem 0x0000000080031f28
core   0: 0x000000008000fefe (0x000097ba) c.add   a5, a4
core   0: 3 0x000000008000fefe (0x97ba) x15 0x00000000800120dc
core   0: 0x000000008000ff00 (0xfe043703) ld      a4, -32(s0)
core   0: 3 0x000000008000ff00 (0xfe043703) x14 0x00000000800120ab mem 0x0000000080031f50
core   0: 0x000000008000ff04 (0xfcf76de3) bltu    a4, a5, pc - 38
core   0: 3 0x000000008000ff04 (0xfcf76de3)
core   0: 0x000000008000fede (0xfe043783) ld      a5, -32(s0)
core   0: 3 0x000000008000fede (0xfe043783) x15 0x00000000800120ab mem 0x0000000080031f50
core   0: 0x000000008000fee2 (0x00178713) addi    a4, a5, 1
core   0: 3 0x000000008000fee2 (0x00178713) x14 0x00000000800120ac
core   0: 0x000000008000fee6 (0xfee43023) sd      a4, -32(s0)
core   0: 3 0x000000008000fee6 (0xfee43023) mem 0x0000000080031f50 0x00000000800120ac
core   0: 0x000000008000feea (0xfc442703) lw      a4, -60(s0)
core   0: 3 0x000000008000feea (0xfc442703) x14 0x0000000000000000 mem 0x0000000080031f34
core   0: 0x000000008000feee (0x0ff77713) andi    a4, a4, 255
core   0: 3 0x000000008000feee (0x0ff77713) x14 0x0000000000000000
core   0: 0x000000008000fef2 (0x00e78023) sb      a4, 0(a5)
core   0: 3 0x000000008000fef2 (0x00e78023) mem 0x00000000800120ab 0x00
core   0: 0x000000008000fef6 (0xfc843703) ld      a4, -56(s0)
core   0: 3 0x000000008000fef6 (0xfc843703) x14 0x0000000080012040 mem 0x0000000080031f38
core   0: 0x000000008000fefa (0xfb843783) ld      a5, -72(s0)
core   0: 3 0x000000008000fefa (0xfb843783) x15 0x000000000000009c mem 0x0000000080031f28
core   0: 0x000000008000fefe (0x000097ba) c.add   a5, a4
core   0: 3 0x000000008000fefe (0x97ba) x15 0x00000000800120dc
core   0: 0x000000008000ff00 (0xfe043703) ld      a4, -32(s0)
core   0: 3 0x000000008000ff00 (0xfe043703) x14 0x00000000800120ac mem 0x0000000080031f50
core   0: 0x000000008000ff04 (0xfcf76de3) bltu    a4, a5, pc - 38
core   0: 3 0x000000008000ff04 (0xfcf76de3)
core   0: 0x000000008000fede (0xfe043783) ld      a5, -32(s0)
core   0: 3 0x000000008000fede (0xfe043783) x15 0x00000000800120ac mem 0x0000000080031f50
core   0: 0x000000008000fee2 (0x00178713) addi    a4, a5, 1
core   0: 3 0x000000008000fee2 (0x00178713) x14 0x00000000800120ad
core   0: 0x000000008000fee6 (0xfee43023) sd      a4, -32(s0)
core   0: 3 0x000000008000fee6 (0xfee43023) mem 0x0000000080031f50 0x00000000800120ad
core   0: 0x000000008000feea (0xfc442703) lw      a4, -60(s0)
core   0: 3 0x000000008000feea (0xfc442703) x14 0x0000000000000000 mem 0x0000000080031f34
core   0: 0x000000008000feee (0x0ff77713) andi    a4, a4, 255
core   0: 3 0x000000008000feee (0x0ff77713) x14 0x0000000000000000
core   0: 0x000000008000fef2 (0x00e78023) sb      a4, 0(a5)
core   0: 3 0x000000008000fef2 (0x00e78023) mem 0x00000000800120ac 0x00
core   0: 0x000000008000fef6 (0xfc843703) ld      a4, -56(s0)
core   0: 3 0x000000008000fef6 (0xfc843703) x14 0x0000000080012040 mem 0x0000000080031f38
core   0: 0x000000008000fefa (0xfb843783) ld      a5, -72(s0)
core   0: 3 0x000000008000fefa (0xfb843783) x15 0x000000000000009c mem 0x0000000080031f28
core   0: 0x000000008000fefe (0x000097ba) c.add   a5, a4
core   0: 3 0x000000008000fefe (0x97ba) x15 0x00000000800120dc
core   0: 0x000000008000ff00 (0xfe043703) ld      a4, -32(s0)
core   0: 3 0x000000008000ff00 (0xfe043703) x14 0x00000000800120ad mem 0x0000000080031f50
core   0: 0x000000008000ff04 (0xfcf76de3) bltu    a4, a5, pc - 38
core   0: 3 0x000000008000ff04 (0xfcf76de3)
core   0: 0x000000008000fede (0xfe043783) ld      a5, -32(s0)
core   0: 3 0x000000008000fede (0xfe043783) x15 0x00000000800120ad mem 0x0000000080031f50
core   0: 0x000000008000fee2 (0x00178713) addi    a4, a5, 1
core   0: 3 0x000000008000fee2 (0x00178713) x14 0x00000000800120ae
core   0: 0x000000008000fee6 (0xfee43023) sd      a4, -32(s0)
core   0: 3 0x000000008000fee6 (0xfee43023) mem 0x0000000080031f50 0x00000000800120ae
core   0: 0x000000008000feea (0xfc442703) lw      a4, -60(s0)
core   0: 3 0x000000008000feea (0xfc442703) x14 0x0000000000000000 mem 0x0000000080031f34
core   0: 0x000000008000feee (0x0ff77713) andi    a4, a4, 255
core   0: 3 0x000000008000feee (0x0ff77713) x14 0x0000000000000000
core   0: 0x000000008000fef2 (0x00e78023) sb      a4, 0(a5)
core   0: 3 0x000000008000fef2 (0x00e78023) mem 0x00000000800120ad 0x00
core   0: 0x000000008000fef6 (0xfc843703) ld      a4, -56(s0)
core   0: 3 0x000000008000fef6 (0xfc843703) x14 0x0000000080012040 mem 0x0000000080031f38
core   0: 0x000000008000fefa (0xfb843783) ld      a5, -72(s0)
core   0: 3 0x000000008000fefa (0xfb843783) x15 0x000000000000009c mem 0x0000000080031f28
core   0: 0x000000008000fefe (0x000097ba) c.add   a5, a4
core   0: 3 0x000000008000fefe (0x97ba) x15 0x00000000800120dc
core   0: 0x000000008000ff00 (0xfe043703) ld      a4, -32(s0)
core   0: 3 0x000000008000ff00 (0xfe043703) x14 0x00000000800120ae mem 0x0000000080031f50
core   0: 0x000000008000ff04 (0xfcf76de3) bltu    a4, a5, pc - 38
core   0: 3 0x000000008000ff04 (0xfcf76de3)
core   0: 0x000000008000fede (0xfe043783) ld      a5, -32(s0)
core   0: 3 0x000000008000fede (0xfe043783) x15 0x00000000800120ae mem 0x0000000080031f50
core   0: 0x000000008000fee2 (0x00178713) addi    a4, a5, 1
core   0: 3 0x000000008000fee2 (0x00178713) x14 0x00000000800120af
core   0: 0x000000008000fee6 (0xfee43023) sd      a4, -32(s0)
core   0: 3 0x000000008000fee6 (0xfee43023) mem 0x0000000080031f50 0x00000000800120af
core   0: 0x000000008000feea (0xfc442703) lw      a4, -60(s0)
core   0: 3 0x000000008000feea (0xfc442703) x14 0x0000000000000000 mem 0x0000000080031f34
core   0: 0x000000008000feee (0x0ff77713) andi    a4, a4, 255
core   0: 3 0x000000008000feee (0x0ff77713) x14 0x0000000000000000
core   0: 0x000000008000fef2 (0x00e78023) sb      a4, 0(a5)
core   0: 3 0x000000008000fef2 (0x00e78023) mem 0x00000000800120ae 0x00
core   0: 0x000000008000fef6 (0xfc843703) ld      a4, -56(s0)
core   0: 3 0x000000008000fef6 (0xfc843703) x14 0x0000000080012040 mem 0x0000000080031f38
core   0: 0x000000008000fefa (0xfb843783) ld      a5, -72(s0)
core   0: 3 0x000000008000fefa (0xfb843783) x15 0x000000000000009c mem 0x0000000080031f28
core   0: 0x000000008000fefe (0x000097ba) c.add   a5, a4
core   0: 3 0x000000008000fefe (0x97ba) x15 0x00000000800120dc
core   0: 0x000000008000ff00 (0xfe043703) ld      a4, -32(s0)
core   0: 3 0x000000008000ff00 (0xfe043703) x14 0x00000000800120af mem 0x0000000080031f50
core   0: 0x000000008000ff04 (0xfcf76de3) bltu    a4, a5, pc - 38
core   0: 3 0x000000008000ff04 (0xfcf76de3)
core   0: 0x000000008000fede (0xfe043783) ld      a5, -32(s0)
core   0: 3 0x000000008000fede (0xfe043783) x15 0x00000000800120af mem 0x0000000080031f50
core   0: 0x000000008000fee2 (0x00178713) addi    a4, a5, 1
core   0: 3 0x000000008000fee2 (0x00178713) x14 0x00000000800120b0
core   0: 0x000000008000fee6 (0xfee43023) sd      a4, -32(s0)
core   0: 3 0x000000008000fee6 (0xfee43023) mem 0x0000000080031f50 0x00000000800120b0
core   0: 0x000000008000feea (0xfc442703) lw      a4, -60(s0)
core   0: 3 0x000000008000feea (0xfc442703) x14 0x0000000000000000 mem 0x0000000080031f34
core   0: 0x000000008000feee (0x0ff77713) andi    a4, a4, 255
core   0: 3 0x000000008000feee (0x0ff77713) x14 0x0000000000000000
core   0: 0x000000008000fef2 (0x00e78023) sb      a4, 0(a5)
core   0: 3 0x000000008000fef2 (0x00e78023) mem 0x00000000800120af 0x00
core   0: 0x000000008000fef6 (0xfc843703) ld      a4, -56(s0)
core   0: 3 0x000000008000fef6 (0xfc843703) x14 0x0000000080012040 mem 0x0000000080031f38
core   0: 0x000000008000fefa (0xfb843783) ld      a5, -72(s0)
core   0: 3 0x000000008000fefa (0xfb843783) x15 0x000000000000009c mem 0x0000000080031f28
core   0: 0x000000008000fefe (0x000097ba) c.add   a5, a4
core   0: 3 0x000000008000fefe (0x97ba) x15 0x00000000800120dc
core   0: 0x000000008000ff00 (0xfe043703) ld      a4, -32(s0)
core   0: 3 0x000000008000ff00 (0xfe043703) x14 0x00000000800120b0 mem 0x0000000080031f50
core   0: 0x000000008000ff04 (0xfcf76de3) bltu    a4, a5, pc - 38
core   0: 3 0x000000008000ff04 (0xfcf76de3)
core   0: 0x000000008000fede (0xfe043783) ld      a5, -32(s0)
core   0: 3 0x000000008000fede (0xfe043783) x15 0x00000000800120b0 mem 0x0000000080031f50
core   0: 0x000000008000fee2 (0x00178713) addi    a4, a5, 1
core   0: 3 0x000000008000fee2 (0x00178713) x14 0x00000000800120b1
core   0: 0x000000008000fee6 (0xfee43023) sd      a4, -32(s0)
core   0: 3 0x000000008000fee6 (0xfee43023) mem 0x0000000080031f50 0x00000000800120b1
core   0: 0x000000008000feea (0xfc442703) lw      a4, -60(s0)
core   0: 3 0x000000008000feea (0xfc442703) x14 0x0000000000000000 mem 0x0000000080031f34
core   0: 0x000000008000feee (0x0ff77713) andi    a4, a4, 255
core   0: 3 0x000000008000feee (0x0ff77713) x14 0x0000000000000000
core   0: 0x000000008000fef2 (0x00e78023) sb      a4, 0(a5)
core   0: 3 0x000000008000fef2 (0x00e78023) mem 0x00000000800120b0 0x00
core   0: 0x000000008000fef6 (0xfc843703) ld      a4, -56(s0)
core   0: 3 0x000000008000fef6 (0xfc843703) x14 0x0000000080012040 mem 0x0000000080031f38
core   0: 0x000000008000fefa (0xfb843783) ld      a5, -72(s0)
core   0: 3 0x000000008000fefa (0xfb843783) x15 0x000000000000009c mem 0x0000000080031f28
core   0: 0x000000008000fefe (0x000097ba) c.add   a5, a4
core   0: 3 0x000000008000fefe (0x97ba) x15 0x00000000800120dc
core   0: 0x000000008000ff00 (0xfe043703) ld      a4, -32(s0)
core   0: 3 0x000000008000ff00 (0xfe043703) x14 0x00000000800120b1 mem 0x0000000080031f50
core   0: 0x000000008000ff04 (0xfcf76de3) bltu    a4, a5, pc - 38
core   0: 3 0x000000008000ff04 (0xfcf76de3)
core   0: 0x000000008000fede (0xfe043783) ld      a5, -32(s0)
core   0: 3 0x000000008000fede (0xfe043783) x15 0x00000000800120b1 mem 0x0000000080031f50
core   0: 0x000000008000fee2 (0x00178713) addi    a4, a5, 1
core   0: 3 0x000000008000fee2 (0x00178713) x14 0x00000000800120b2
core   0: 0x000000008000fee6 (0xfee43023) sd      a4, -32(s0)
core   0: 3 0x000000008000fee6 (0xfee43023) mem 0x0000000080031f50 0x00000000800120b2
core   0: 0x000000008000feea (0xfc442703) lw      a4, -60(s0)
core   0: 3 0x000000008000feea (0xfc442703) x14 0x0000000000000000 mem 0x0000000080031f34
core   0: 0x000000008000feee (0x0ff77713) andi    a4, a4, 255
core   0: 3 0x000000008000feee (0x0ff77713) x14 0x0000000000000000
core   0: 0x000000008000fef2 (0x00e78023) sb      a4, 0(a5)
core   0: 3 0x000000008000fef2 (0x00e78023) mem 0x00000000800120b1 0x00
core   0: 0x000000008000fef6 (0xfc843703) ld      a4, -56(s0)
core   0: 3 0x000000008000fef6 (0xfc843703) x14 0x0000000080012040 mem 0x0000000080031f38
core   0: 0x000000008000fefa (0xfb843783) ld      a5, -72(s0)
core   0: 3 0x000000008000fefa (0xfb843783) x15 0x000000000000009c mem 0x0000000080031f28
core   0: 0x000000008000fefe (0x000097ba) c.add   a5, a4
core   0: 3 0x000000008000fefe (0x97ba) x15 0x00000000800120dc
core   0: 0x000000008000ff00 (0xfe043703) ld      a4, -32(s0)
core   0: 3 0x000000008000ff00 (0xfe043703) x14 0x00000000800120b2 mem 0x0000000080031f50
core   0: 0x000000008000ff04 (0xfcf76de3) bltu    a4, a5, pc - 38
core   0: 3 0x000000008000ff04 (0xfcf76de3)
core   0: 0x000000008000fede (0xfe043783) ld      a5, -32(s0)
core   0: 3 0x000000008000fede (0xfe043783) x15 0x00000000800120b2 mem 0x0000000080031f50
core   0: 0x000000008000fee2 (0x00178713) addi    a4, a5, 1
core   0: 3 0x000000008000fee2 (0x00178713) x14 0x00000000800120b3
core   0: 0x000000008000fee6 (0xfee43023) sd      a4, -32(s0)
core   0: 3 0x000000008000fee6 (0xfee43023) mem 0x0000000080031f50 0x00000000800120b3
core   0: 0x000000008000feea (0xfc442703) lw      a4, -60(s0)
core   0: 3 0x000000008000feea (0xfc442703) x14 0x0000000000000000 mem 0x0000000080031f34
core   0: 0x000000008000feee (0x0ff77713) andi    a4, a4, 255
core   0: 3 0x000000008000feee (0x0ff77713) x14 0x0000000000000000
core   0: 0x000000008000fef2 (0x00e78023) sb      a4, 0(a5)
core   0: 3 0x000000008000fef2 (0x00e78023) mem 0x00000000800120b2 0x00
core   0: 0x000000008000fef6 (0xfc843703) ld      a4, -56(s0)
core   0: 3 0x000000008000fef6 (0xfc843703) x14 0x0000000080012040 mem 0x0000000080031f38
core   0: 0x000000008000fefa (0xfb843783) ld      a5, -72(s0)
core   0: 3 0x000000008000fefa (0xfb843783) x15 0x000000000000009c mem 0x0000000080031f28
core   0: 0x000000008000fefe (0x000097ba) c.add   a5, a4
core   0: 3 0x000000008000fefe (0x97ba) x15 0x00000000800120dc
core   0: 0x000000008000ff00 (0xfe043703) ld      a4, -32(s0)
core   0: 3 0x000000008000ff00 (0xfe043703) x14 0x00000000800120b3 mem 0x0000000080031f50
core   0: 0x000000008000ff04 (0xfcf76de3) bltu    a4, a5, pc - 38
core   0: 3 0x000000008000ff04 (0xfcf76de3)
core   0: 0x000000008000fede (0xfe043783) ld      a5, -32(s0)
core   0: 3 0x000000008000fede (0xfe043783) x15 0x00000000800120b3 mem 0x0000000080031f50
core   0: 0x000000008000fee2 (0x00178713) addi    a4, a5, 1
core   0: 3 0x000000008000fee2 (0x00178713) x14 0x00000000800120b4
core   0: 0x000000008000fee6 (0xfee43023) sd      a4, -32(s0)
core   0: 3 0x000000008000fee6 (0xfee43023) mem 0x0000000080031f50 0x00000000800120b4
core   0: 0x000000008000feea (0xfc442703) lw      a4, -60(s0)
core   0: 3 0x000000008000feea (0xfc442703) x14 0x0000000000000000 mem 0x0000000080031f34
core   0: 0x000000008000feee (0x0ff77713) andi    a4, a4, 255
core   0: 3 0x000000008000feee (0x0ff77713) x14 0x0000000000000000
core   0: 0x000000008000fef2 (0x00e78023) sb      a4, 0(a5)
core   0: 3 0x000000008000fef2 (0x00e78023) mem 0x00000000800120b3 0x00
core   0: 0x000000008000fef6 (0xfc843703) ld      a4, -56(s0)
core   0: 3 0x000000008000fef6 (0xfc843703) x14 0x0000000080012040 mem 0x0000000080031f38
core   0: 0x000000008000fefa (0xfb843783) ld      a5, -72(s0)
core   0: 3 0x000000008000fefa (0xfb843783) x15 0x000000000000009c mem 0x0000000080031f28
core   0: 0x000000008000fefe (0x000097ba) c.add   a5, a4
core   0: 3 0x000000008000fefe (0x97ba) x15 0x00000000800120dc
core   0: 0x000000008000ff00 (0xfe043703) ld      a4, -32(s0)
core   0: 3 0x000000008000ff00 (0xfe043703) x14 0x00000000800120b4 mem 0x0000000080031f50
core   0: 0x000000008000ff04 (0xfcf76de3) bltu    a4, a5, pc - 38
core   0: 3 0x000000008000ff04 (0xfcf76de3)
core   0: 0x000000008000fede (0xfe043783) ld      a5, -32(s0)
core   0: 3 0x000000008000fede (0xfe043783) x15 0x00000000800120b4 mem 0x0000000080031f50
core   0: 0x000000008000fee2 (0x00178713) addi    a4, a5, 1
core   0: 3 0x000000008000fee2 (0x00178713) x14 0x00000000800120b5
core   0: 0x000000008000fee6 (0xfee43023) sd      a4, -32(s0)
core   0: 3 0x000000008000fee6 (0xfee43023) mem 0x0000000080031f50 0x00000000800120b5
core   0: 0x000000008000feea (0xfc442703) lw      a4, -60(s0)
core   0: 3 0x000000008000feea (0xfc442703) x14 0x0000000000000000 mem 0x0000000080031f34
core   0: 0x000000008000feee (0x0ff77713) andi    a4, a4, 255
core   0: 3 0x000000008000feee (0x0ff77713) x14 0x0000000000000000
core   0: 0x000000008000fef2 (0x00e78023) sb      a4, 0(a5)
core   0: 3 0x000000008000fef2 (0x00e78023) mem 0x00000000800120b4 0x00
core   0: 0x000000008000fef6 (0xfc843703) ld      a4, -56(s0)
core   0: 3 0x000000008000fef6 (0xfc843703) x14 0x0000000080012040 mem 0x0000000080031f38
core   0: 0x000000008000fefa (0xfb843783) ld      a5, -72(s0)
core   0: 3 0x000000008000fefa (0xfb843783) x15 0x000000000000009c mem 0x0000000080031f28
core   0: 0x000000008000fefe (0x000097ba) c.add   a5, a4
core   0: 3 0x000000008000fefe (0x97ba) x15 0x00000000800120dc
core   0: 0x000000008000ff00 (0xfe043703) ld      a4, -32(s0)
core   0: 3 0x000000008000ff00 (0xfe043703) x14 0x00000000800120b5 mem 0x0000000080031f50
core   0: 0x000000008000ff04 (0xfcf76de3) bltu    a4, a5, pc - 38
core   0: 3 0x000000008000ff04 (0xfcf76de3)
core   0: 0x000000008000fede (0xfe043783) ld      a5, -32(s0)
core   0: 3 0x000000008000fede (0xfe043783) x15 0x00000000800120b5 mem 0x0000000080031f50
core   0: 0x000000008000fee2 (0x00178713) addi    a4, a5, 1
core   0: 3 0x000000008000fee2 (0x00178713) x14 0x00000000800120b6
core   0: 0x000000008000fee6 (0xfee43023) sd      a4, -32(s0)
core   0: 3 0x000000008000fee6 (0xfee43023) mem 0x0000000080031f50 0x00000000800120b6
core   0: 0x000000008000feea (0xfc442703) lw      a4, -60(s0)
core   0: 3 0x000000008000feea (0xfc442703) x14 0x0000000000000000 mem 0x0000000080031f34
core   0: 0x000000008000feee (0x0ff77713) andi    a4, a4, 255
core   0: 3 0x000000008000feee (0x0ff77713) x14 0x0000000000000000
core   0: 0x000000008000fef2 (0x00e78023) sb      a4, 0(a5)
core   0: 3 0x000000008000fef2 (0x00e78023) mem 0x00000000800120b5 0x00
core   0: 0x000000008000fef6 (0xfc843703) ld      a4, -56(s0)
core   0: 3 0x000000008000fef6 (0xfc843703) x14 0x0000000080012040 mem 0x0000000080031f38
core   0: 0x000000008000fefa (0xfb843783) ld      a5, -72(s0)
core   0: 3 0x000000008000fefa (0xfb843783) x15 0x000000000000009c mem 0x0000000080031f28
core   0: 0x000000008000fefe (0x000097ba) c.add   a5, a4
core   0: 3 0x000000008000fefe (0x97ba) x15 0x00000000800120dc
core   0: 0x000000008000ff00 (0xfe043703) ld      a4, -32(s0)
core   0: 3 0x000000008000ff00 (0xfe043703) x14 0x00000000800120b6 mem 0x0000000080031f50
core   0: 0x000000008000ff04 (0xfcf76de3) bltu    a4, a5, pc - 38
core   0: 3 0x000000008000ff04 (0xfcf76de3)
core   0: 0x000000008000fede (0xfe043783) ld      a5, -32(s0)
core   0: 3 0x000000008000fede (0xfe043783) x15 0x00000000800120b6 mem 0x0000000080031f50
core   0: 0x000000008000fee2 (0x00178713) addi    a4, a5, 1
core   0: 3 0x000000008000fee2 (0x00178713) x14 0x00000000800120b7
core   0: 0x000000008000fee6 (0xfee43023) sd      a4, -32(s0)
core   0: 3 0x000000008000fee6 (0xfee43023) mem 0x0000000080031f50 0x00000000800120b7
core   0: 0x000000008000feea (0xfc442703) lw      a4, -60(s0)
core   0: 3 0x000000008000feea (0xfc442703) x14 0x0000000000000000 mem 0x0000000080031f34
core   0: 0x000000008000feee (0x0ff77713) andi    a4, a4, 255
core   0: 3 0x000000008000feee (0x0ff77713) x14 0x0000000000000000
core   0: 0x000000008000fef2 (0x00e78023) sb      a4, 0(a5)
core   0: 3 0x000000008000fef2 (0x00e78023) mem 0x00000000800120b6 0x00
core   0: 0x000000008000fef6 (0xfc843703) ld      a4, -56(s0)
core   0: 3 0x000000008000fef6 (0xfc843703) x14 0x0000000080012040 mem 0x0000000080031f38
core   0: 0x000000008000fefa (0xfb843783) ld      a5, -72(s0)
core   0: 3 0x000000008000fefa (0xfb843783) x15 0x000000000000009c mem 0x0000000080031f28
core   0: 0x000000008000fefe (0x000097ba) c.add   a5, a4
core   0: 3 0x000000008000fefe (0x97ba) x15 0x00000000800120dc
core   0: 0x000000008000ff00 (0xfe043703) ld      a4, -32(s0)
core   0: 3 0x000000008000ff00 (0xfe043703) x14 0x00000000800120b7 mem 0x0000000080031f50
core   0: 0x000000008000ff04 (0xfcf76de3) bltu    a4, a5, pc - 38
core   0: 3 0x000000008000ff04 (0xfcf76de3)
core   0: 0x000000008000fede (0xfe043783) ld      a5, -32(s0)
core   0: 3 0x000000008000fede (0xfe043783) x15 0x00000000800120b7 mem 0x0000000080031f50
core   0: 0x000000008000fee2 (0x00178713) addi    a4, a5, 1
core   0: 3 0x000000008000fee2 (0x00178713) x14 0x00000000800120b8
core   0: 0x000000008000fee6 (0xfee43023) sd      a4, -32(s0)
core   0: 3 0x000000008000fee6 (0xfee43023) mem 0x0000000080031f50 0x00000000800120b8
core   0: 0x000000008000feea (0xfc442703) lw      a4, -60(s0)
core   0: 3 0x000000008000feea (0xfc442703) x14 0x0000000000000000 mem 0x0000000080031f34
core   0: 0x000000008000feee (0x0ff77713) andi    a4, a4, 255
core   0: 3 0x000000008000feee (0x0ff77713) x14 0x0000000000000000
core   0: 0x000000008000fef2 (0x00e78023) sb      a4, 0(a5)
core   0: 3 0x000000008000fef2 (0x00e78023) mem 0x00000000800120b7 0x00
core   0: 0x000000008000fef6 (0xfc843703) ld      a4, -56(s0)
core   0: 3 0x000000008000fef6 (0xfc843703) x14 0x0000000080012040 mem 0x0000000080031f38
core   0: 0x000000008000fefa (0xfb843783) ld      a5, -72(s0)
core   0: 3 0x000000008000fefa (0xfb843783) x15 0x000000000000009c mem 0x0000000080031f28
core   0: 0x000000008000fefe (0x000097ba) c.add   a5, a4
core   0: 3 0x000000008000fefe (0x97ba) x15 0x00000000800120dc
core   0: 0x000000008000ff00 (0xfe043703) ld      a4, -32(s0)
core   0: 3 0x000000008000ff00 (0xfe043703) x14 0x00000000800120b8 mem 0x0000000080031f50
core   0: 0x000000008000ff04 (0xfcf76de3) bltu    a4, a5, pc - 38
core   0: 3 0x000000008000ff04 (0xfcf76de3)
core   0: 0x000000008000fede (0xfe043783) ld      a5, -32(s0)
core   0: 3 0x000000008000fede (0xfe043783) x15 0x00000000800120b8 mem 0x0000000080031f50
core   0: 0x000000008000fee2 (0x00178713) addi    a4, a5, 1
core   0: 3 0x000000008000fee2 (0x00178713) x14 0x00000000800120b9
core   0: 0x000000008000fee6 (0xfee43023) sd      a4, -32(s0)
core   0: 3 0x000000008000fee6 (0xfee43023) mem 0x0000000080031f50 0x00000000800120b9
core   0: 0x000000008000feea (0xfc442703) lw      a4, -60(s0)
core   0: 3 0x000000008000feea (0xfc442703) x14 0x0000000000000000 mem 0x0000000080031f34
core   0: 0x000000008000feee (0x0ff77713) andi    a4, a4, 255
core   0: 3 0x000000008000feee (0x0ff77713) x14 0x0000000000000000
core   0: 0x000000008000fef2 (0x00e78023) sb      a4, 0(a5)
core   0: 3 0x000000008000fef2 (0x00e78023) mem 0x00000000800120b8 0x00
core   0: 0x000000008000fef6 (0xfc843703) ld      a4, -56(s0)
core   0: 3 0x000000008000fef6 (0xfc843703) x14 0x0000000080012040 mem 0x0000000080031f38
core   0: 0x000000008000fefa (0xfb843783) ld      a5, -72(s0)
core   0: 3 0x000000008000fefa (0xfb843783) x15 0x000000000000009c mem 0x0000000080031f28
core   0: 0x000000008000fefe (0x000097ba) c.add   a5, a4
core   0: 3 0x000000008000fefe (0x97ba) x15 0x00000000800120dc
core   0: 0x000000008000ff00 (0xfe043703) ld      a4, -32(s0)
core   0: 3 0x000000008000ff00 (0xfe043703) x14 0x00000000800120b9 mem 0x0000000080031f50
core   0: 0x000000008000ff04 (0xfcf76de3) bltu    a4, a5, pc - 38
core   0: 3 0x000000008000ff04 (0xfcf76de3)
core   0: 0x000000008000fede (0xfe043783) ld      a5, -32(s0)
core   0: 3 0x000000008000fede (0xfe043783) x15 0x00000000800120b9 mem 0x0000000080031f50
core   0: 0x000000008000fee2 (0x00178713) addi    a4, a5, 1
core   0: 3 0x000000008000fee2 (0x00178713) x14 0x00000000800120ba
core   0: 0x000000008000fee6 (0xfee43023) sd      a4, -32(s0)
core   0: 3 0x000000008000fee6 (0xfee43023) mem 0x0000000080031f50 0x00000000800120ba
core   0: 0x000000008000feea (0xfc442703) lw      a4, -60(s0)
core   0: 3 0x000000008000feea (0xfc442703) x14 0x0000000000000000 mem 0x0000000080031f34
core   0: 0x000000008000feee (0x0ff77713) andi    a4, a4, 255
core   0: 3 0x000000008000feee (0x0ff77713) x14 0x0000000000000000
core   0: 0x000000008000fef2 (0x00e78023) sb      a4, 0(a5)
core   0: 3 0x000000008000fef2 (0x00e78023) mem 0x00000000800120b9 0x00
core   0: 0x000000008000fef6 (0xfc843703) ld      a4, -56(s0)
core   0: 3 0x000000008000fef6 (0xfc843703) x14 0x0000000080012040 mem 0x0000000080031f38
core   0: 0x000000008000fefa (0xfb843783) ld      a5, -72(s0)
core   0: 3 0x000000008000fefa (0xfb843783) x15 0x000000000000009c mem 0x0000000080031f28
core   0: 0x000000008000fefe (0x000097ba) c.add   a5, a4
core   0: 3 0x000000008000fefe (0x97ba) x15 0x00000000800120dc
core   0: 0x000000008000ff00 (0xfe043703) ld      a4, -32(s0)
core   0: 3 0x000000008000ff00 (0xfe043703) x14 0x00000000800120ba mem 0x0000000080031f50
core   0: 0x000000008000ff04 (0xfcf76de3) bltu    a4, a5, pc - 38
core   0: 3 0x000000008000ff04 (0xfcf76de3)
core   0: 0x000000008000fede (0xfe043783) ld      a5, -32(s0)
core   0: 3 0x000000008000fede (0xfe043783) x15 0x00000000800120ba mem 0x0000000080031f50
core   0: 0x000000008000fee2 (0x00178713) addi    a4, a5, 1
core   0: 3 0x000000008000fee2 (0x00178713) x14 0x00000000800120bb
core   0: 0x000000008000fee6 (0xfee43023) sd      a4, -32(s0)
core   0: 3 0x000000008000fee6 (0xfee43023) mem 0x0000000080031f50 0x00000000800120bb
core   0: 0x000000008000feea (0xfc442703) lw      a4, -60(s0)
core   0: 3 0x000000008000feea (0xfc442703) x14 0x0000000000000000 mem 0x0000000080031f34
core   0: 0x000000008000feee (0x0ff77713) andi    a4, a4, 255
core   0: 3 0x000000008000feee (0x0ff77713) x14 0x0000000000000000
core   0: 0x000000008000fef2 (0x00e78023) sb      a4, 0(a5)
core   0: 3 0x000000008000fef2 (0x00e78023) mem 0x00000000800120ba 0x00
core   0: 0x000000008000fef6 (0xfc843703) ld      a4, -56(s0)
core   0: 3 0x000000008000fef6 (0xfc843703) x14 0x0000000080012040 mem 0x0000000080031f38
core   0: 0x000000008000fefa (0xfb843783) ld      a5, -72(s0)
core   0: 3 0x000000008000fefa (0xfb843783) x15 0x000000000000009c mem 0x0000000080031f28
core   0: 0x000000008000fefe (0x000097ba) c.add   a5, a4
core   0: 3 0x000000008000fefe (0x97ba) x15 0x00000000800120dc
core   0: 0x000000008000ff00 (0xfe043703) ld      a4, -32(s0)
core   0: 3 0x000000008000ff00 (0xfe043703) x14 0x00000000800120bb mem 0x0000000080031f50
core   0: 0x000000008000ff04 (0xfcf76de3) bltu    a4, a5, pc - 38
core   0: 3 0x000000008000ff04 (0xfcf76de3)
core   0: 0x000000008000fede (0xfe043783) ld      a5, -32(s0)
core   0: 3 0x000000008000fede (0xfe043783) x15 0x00000000800120bb mem 0x0000000080031f50
core   0: 0x000000008000fee2 (0x00178713) addi    a4, a5, 1
core   0: 3 0x000000008000fee2 (0x00178713) x14 0x00000000800120bc
core   0: 0x000000008000fee6 (0xfee43023) sd      a4, -32(s0)
core   0: 3 0x000000008000fee6 (0xfee43023) mem 0x0000000080031f50 0x00000000800120bc
core   0: 0x000000008000feea (0xfc442703) lw      a4, -60(s0)
core   0: 3 0x000000008000feea (0xfc442703) x14 0x0000000000000000 mem 0x0000000080031f34
core   0: 0x000000008000feee (0x0ff77713) andi    a4, a4, 255
core   0: 3 0x000000008000feee (0x0ff77713) x14 0x0000000000000000
core   0: 0x000000008000fef2 (0x00e78023) sb      a4, 0(a5)
core   0: 3 0x000000008000fef2 (0x00e78023) mem 0x00000000800120bb 0x00
core   0: 0x000000008000fef6 (0xfc843703) ld      a4, -56(s0)
core   0: 3 0x000000008000fef6 (0xfc843703) x14 0x0000000080012040 mem 0x0000000080031f38
core   0: 0x000000008000fefa (0xfb843783) ld      a5, -72(s0)
core   0: 3 0x000000008000fefa (0xfb843783) x15 0x000000000000009c mem 0x0000000080031f28
core   0: 0x000000008000fefe (0x000097ba) c.add   a5, a4
core   0: 3 0x000000008000fefe (0x97ba) x15 0x00000000800120dc
core   0: 0x000000008000ff00 (0xfe043703) ld      a4, -32(s0)
core   0: 3 0x000000008000ff00 (0xfe043703) x14 0x00000000800120bc mem 0x0000000080031f50
core   0: 0x000000008000ff04 (0xfcf76de3) bltu    a4, a5, pc - 38
core   0: 3 0x000000008000ff04 (0xfcf76de3)
core   0: 0x000000008000fede (0xfe043783) ld      a5, -32(s0)
core   0: 3 0x000000008000fede (0xfe043783) x15 0x00000000800120bc mem 0x0000000080031f50
core   0: 0x000000008000fee2 (0x00178713) addi    a4, a5, 1
core   0: 3 0x000000008000fee2 (0x00178713) x14 0x00000000800120bd
core   0: 0x000000008000fee6 (0xfee43023) sd      a4, -32(s0)
core   0: 3 0x000000008000fee6 (0xfee43023) mem 0x0000000080031f50 0x00000000800120bd
core   0: 0x000000008000feea (0xfc442703) lw      a4, -60(s0)
core   0: 3 0x000000008000feea (0xfc442703) x14 0x0000000000000000 mem 0x0000000080031f34
core   0: 0x000000008000feee (0x0ff77713) andi    a4, a4, 255
core   0: 3 0x000000008000feee (0x0ff77713) x14 0x0000000000000000
core   0: 0x000000008000fef2 (0x00e78023) sb      a4, 0(a5)
core   0: 3 0x000000008000fef2 (0x00e78023) mem 0x00000000800120bc 0x00
core   0: 0x000000008000fef6 (0xfc843703) ld      a4, -56(s0)
core   0: 3 0x000000008000fef6 (0xfc843703) x14 0x0000000080012040 mem 0x0000000080031f38
core   0: 0x000000008000fefa (0xfb843783) ld      a5, -72(s0)
core   0: 3 0x000000008000fefa (0xfb843783) x15 0x000000000000009c mem 0x0000000080031f28
core   0: 0x000000008000fefe (0x000097ba) c.add   a5, a4
core   0: 3 0x000000008000fefe (0x97ba) x15 0x00000000800120dc
core   0: 0x000000008000ff00 (0xfe043703) ld      a4, -32(s0)
core   0: 3 0x000000008000ff00 (0xfe043703) x14 0x00000000800120bd mem 0x0000000080031f50
core   0: 0x000000008000ff04 (0xfcf76de3) bltu    a4, a5, pc - 38
core   0: 3 0x000000008000ff04 (0xfcf76de3)
core   0: 0x000000008000fede (0xfe043783) ld      a5, -32(s0)
core   0: 3 0x000000008000fede (0xfe043783) x15 0x00000000800120bd mem 0x0000000080031f50
core   0: 0x000000008000fee2 (0x00178713) addi    a4, a5, 1
core   0: 3 0x000000008000fee2 (0x00178713) x14 0x00000000800120be
core   0: 0x000000008000fee6 (0xfee43023) sd      a4, -32(s0)
core   0: 3 0x000000008000fee6 (0xfee43023) mem 0x0000000080031f50 0x00000000800120be
core   0: 0x000000008000feea (0xfc442703) lw      a4, -60(s0)
core   0: 3 0x000000008000feea (0xfc442703) x14 0x0000000000000000 mem 0x0000000080031f34
core   0: 0x000000008000feee (0x0ff77713) andi    a4, a4, 255
core   0: 3 0x000000008000feee (0x0ff77713) x14 0x0000000000000000
core   0: 0x000000008000fef2 (0x00e78023) sb      a4, 0(a5)
core   0: 3 0x000000008000fef2 (0x00e78023) mem 0x00000000800120bd 0x00
core   0: 0x000000008000fef6 (0xfc843703) ld      a4, -56(s0)
core   0: 3 0x000000008000fef6 (0xfc843703) x14 0x0000000080012040 mem 0x0000000080031f38
core   0: 0x000000008000fefa (0xfb843783) ld      a5, -72(s0)
core   0: 3 0x000000008000fefa (0xfb843783) x15 0x000000000000009c mem 0x0000000080031f28
core   0: 0x000000008000fefe (0x000097ba) c.add   a5, a4
core   0: 3 0x000000008000fefe (0x97ba) x15 0x00000000800120dc
core   0: 0x000000008000ff00 (0xfe043703) ld      a4, -32(s0)
core   0: 3 0x000000008000ff00 (0xfe043703) x14 0x00000000800120be mem 0x0000000080031f50
core   0: 0x000000008000ff04 (0xfcf76de3) bltu    a4, a5, pc - 38
core   0: 3 0x000000008000ff04 (0xfcf76de3)
core   0: 0x000000008000fede (0xfe043783) ld      a5, -32(s0)
core   0: 3 0x000000008000fede (0xfe043783) x15 0x00000000800120be mem 0x0000000080031f50
core   0: 0x000000008000fee2 (0x00178713) addi    a4, a5, 1
core   0: 3 0x000000008000fee2 (0x00178713) x14 0x00000000800120bf
core   0: 0x000000008000fee6 (0xfee43023) sd      a4, -32(s0)
core   0: 3 0x000000008000fee6 (0xfee43023) mem 0x0000000080031f50 0x00000000800120bf
core   0: 0x000000008000feea (0xfc442703) lw      a4, -60(s0)
core   0: 3 0x000000008000feea (0xfc442703) x14 0x0000000000000000 mem 0x0000000080031f34
core   0: 0x000000008000feee (0x0ff77713) andi    a4, a4, 255
core   0: 3 0x000000008000feee (0x0ff77713) x14 0x0000000000000000
core   0: 0x000000008000fef2 (0x00e78023) sb      a4, 0(a5)
core   0: 3 0x000000008000fef2 (0x00e78023) mem 0x00000000800120be 0x00
core   0: 0x000000008000fef6 (0xfc843703) ld      a4, -56(s0)
core   0: 3 0x000000008000fef6 (0xfc843703) x14 0x0000000080012040 mem 0x0000000080031f38
core   0: 0x000000008000fefa (0xfb843783) ld      a5, -72(s0)
core   0: 3 0x000000008000fefa (0xfb843783) x15 0x000000000000009c mem 0x0000000080031f28
core   0: 0x000000008000fefe (0x000097ba) c.add   a5, a4
core   0: 3 0x000000008000fefe (0x97ba) x15 0x00000000800120dc
core   0: 0x000000008000ff00 (0xfe043703) ld      a4, -32(s0)
core   0: 3 0x000000008000ff00 (0xfe043703) x14 0x00000000800120bf mem 0x0000000080031f50
core   0: 0x000000008000ff04 (0xfcf76de3) bltu    a4, a5, pc - 38
core   0: 3 0x000000008000ff04 (0xfcf76de3)
core   0: 0x000000008000fede (0xfe043783) ld      a5, -32(s0)
core   0: 3 0x000000008000fede (0xfe043783) x15 0x00000000800120bf mem 0x0000000080031f50
core   0: 0x000000008000fee2 (0x00178713) addi    a4, a5, 1
core   0: 3 0x000000008000fee2 (0x00178713) x14 0x00000000800120c0
core   0: 0x000000008000fee6 (0xfee43023) sd      a4, -32(s0)
core   0: 3 0x000000008000fee6 (0xfee43023) mem 0x0000000080031f50 0x00000000800120c0
core   0: 0x000000008000feea (0xfc442703) lw      a4, -60(s0)
core   0: 3 0x000000008000feea (0xfc442703) x14 0x0000000000000000 mem 0x0000000080031f34
core   0: 0x000000008000feee (0x0ff77713) andi    a4, a4, 255
core   0: 3 0x000000008000feee (0x0ff77713) x14 0x0000000000000000
core   0: 0x000000008000fef2 (0x00e78023) sb      a4, 0(a5)
core   0: 3 0x000000008000fef2 (0x00e78023) mem 0x00000000800120bf 0x00
core   0: 0x000000008000fef6 (0xfc843703) ld      a4, -56(s0)
core   0: 3 0x000000008000fef6 (0xfc843703) x14 0x0000000080012040 mem 0x0000000080031f38
core   0: 0x000000008000fefa (0xfb843783) ld      a5, -72(s0)
core   0: 3 0x000000008000fefa (0xfb843783) x15 0x000000000000009c mem 0x0000000080031f28
core   0: 0x000000008000fefe (0x000097ba) c.add   a5, a4
core   0: 3 0x000000008000fefe (0x97ba) x15 0x00000000800120dc
core   0: 0x000000008000ff00 (0xfe043703) ld      a4, -32(s0)
core   0: 3 0x000000008000ff00 (0xfe043703) x14 0x00000000800120c0 mem 0x0000000080031f50
core   0: 0x000000008000ff04 (0xfcf76de3) bltu    a4, a5, pc - 38
core   0: 3 0x000000008000ff04 (0xfcf76de3)
core   0: 0x000000008000fede (0xfe043783) ld      a5, -32(s0)
core   0: 3 0x000000008000fede (0xfe043783) x15 0x00000000800120c0 mem 0x0000000080031f50
core   0: 0x000000008000fee2 (0x00178713) addi    a4, a5, 1
core   0: 3 0x000000008000fee2 (0x00178713) x14 0x00000000800120c1
core   0: 0x000000008000fee6 (0xfee43023) sd      a4, -32(s0)
core   0: 3 0x000000008000fee6 (0xfee43023) mem 0x0000000080031f50 0x00000000800120c1
core   0: 0x000000008000feea (0xfc442703) lw      a4, -60(s0)
core   0: 3 0x000000008000feea (0xfc442703) x14 0x0000000000000000 mem 0x0000000080031f34
core   0: 0x000000008000feee (0x0ff77713) andi    a4, a4, 255
core   0: 3 0x000000008000feee (0x0ff77713) x14 0x0000000000000000
core   0: 0x000000008000fef2 (0x00e78023) sb      a4, 0(a5)
core   0: 3 0x000000008000fef2 (0x00e78023) mem 0x00000000800120c0 0x00
core   0: 0x000000008000fef6 (0xfc843703) ld      a4, -56(s0)
core   0: 3 0x000000008000fef6 (0xfc843703) x14 0x0000000080012040 mem 0x0000000080031f38
core   0: 0x000000008000fefa (0xfb843783) ld      a5, -72(s0)
core   0: 3 0x000000008000fefa (0xfb843783) x15 0x000000000000009c mem 0x0000000080031f28
core   0: 0x000000008000fefe (0x000097ba) c.add   a5, a4
core   0: 3 0x000000008000fefe (0x97ba) x15 0x00000000800120dc
core   0: 0x000000008000ff00 (0xfe043703) ld      a4, -32(s0)
core   0: 3 0x000000008000ff00 (0xfe043703) x14 0x00000000800120c1 mem 0x0000000080031f50
core   0: 0x000000008000ff04 (0xfcf76de3) bltu    a4, a5, pc - 38
core   0: 3 0x000000008000ff04 (0xfcf76de3)
core   0: 0x000000008000fede (0xfe043783) ld      a5, -32(s0)
core   0: 3 0x000000008000fede (0xfe043783) x15 0x00000000800120c1 mem 0x0000000080031f50
core   0: 0x000000008000fee2 (0x00178713) addi    a4, a5, 1
core   0: 3 0x000000008000fee2 (0x00178713) x14 0x00000000800120c2
core   0: 0x000000008000fee6 (0xfee43023) sd      a4, -32(s0)
core   0: 3 0x000000008000fee6 (0xfee43023) mem 0x0000000080031f50 0x00000000800120c2
core   0: 0x000000008000feea (0xfc442703) lw      a4, -60(s0)
core   0: 3 0x000000008000feea (0xfc442703) x14 0x0000000000000000 mem 0x0000000080031f34
core   0: 0x000000008000feee (0x0ff77713) andi    a4, a4, 255
core   0: 3 0x000000008000feee (0x0ff77713) x14 0x0000000000000000
core   0: 0x000000008000fef2 (0x00e78023) sb      a4, 0(a5)
core   0: 3 0x000000008000fef2 (0x00e78023) mem 0x00000000800120c1 0x00
core   0: 0x000000008000fef6 (0xfc843703) ld      a4, -56(s0)
core   0: 3 0x000000008000fef6 (0xfc843703) x14 0x0000000080012040 mem 0x0000000080031f38
core   0: 0x000000008000fefa (0xfb843783) ld      a5, -72(s0)
core   0: 3 0x000000008000fefa (0xfb843783) x15 0x000000000000009c mem 0x0000000080031f28
core   0: 0x000000008000fefe (0x000097ba) c.add   a5, a4
core   0: 3 0x000000008000fefe (0x97ba) x15 0x00000000800120dc
core   0: 0x000000008000ff00 (0xfe043703) ld      a4, -32(s0)
core   0: 3 0x000000008000ff00 (0xfe043703) x14 0x00000000800120c2 mem 0x0000000080031f50
core   0: 0x000000008000ff04 (0xfcf76de3) bltu    a4, a5, pc - 38
core   0: 3 0x000000008000ff04 (0xfcf76de3)
core   0: 0x000000008000fede (0xfe043783) ld      a5, -32(s0)
core   0: 3 0x000000008000fede (0xfe043783) x15 0x00000000800120c2 mem 0x0000000080031f50
core   0: 0x000000008000fee2 (0x00178713) addi    a4, a5, 1
core   0: 3 0x000000008000fee2 (0x00178713) x14 0x00000000800120c3
core   0: 0x000000008000fee6 (0xfee43023) sd      a4, -32(s0)
core   0: 3 0x000000008000fee6 (0xfee43023) mem 0x0000000080031f50 0x00000000800120c3
core   0: 0x000000008000feea (0xfc442703) lw      a4, -60(s0)
core   0: 3 0x000000008000feea (0xfc442703) x14 0x0000000000000000 mem 0x0000000080031f34
core   0: 0x000000008000feee (0x0ff77713) andi    a4, a4, 255
core   0: 3 0x000000008000feee (0x0ff77713) x14 0x0000000000000000
core   0: 0x000000008000fef2 (0x00e78023) sb      a4, 0(a5)
core   0: 3 0x000000008000fef2 (0x00e78023) mem 0x00000000800120c2 0x00
core   0: 0x000000008000fef6 (0xfc843703) ld      a4, -56(s0)
core   0: 3 0x000000008000fef6 (0xfc843703) x14 0x0000000080012040 mem 0x0000000080031f38
core   0: 0x000000008000fefa (0xfb843783) ld      a5, -72(s0)
core   0: 3 0x000000008000fefa (0xfb843783) x15 0x000000000000009c mem 0x0000000080031f28
core   0: 0x000000008000fefe (0x000097ba) c.add   a5, a4
core   0: 3 0x000000008000fefe (0x97ba) x15 0x00000000800120dc
core   0: 0x000000008000ff00 (0xfe043703) ld      a4, -32(s0)
core   0: 3 0x000000008000ff00 (0xfe043703) x14 0x00000000800120c3 mem 0x0000000080031f50
core   0: 0x000000008000ff04 (0xfcf76de3) bltu    a4, a5, pc - 38
core   0: 3 0x000000008000ff04 (0xfcf76de3)
core   0: 0x000000008000fede (0xfe043783) ld      a5, -32(s0)
core   0: 3 0x000000008000fede (0xfe043783) x15 0x00000000800120c3 mem 0x0000000080031f50
core   0: 0x000000008000fee2 (0x00178713) addi    a4, a5, 1
core   0: 3 0x000000008000fee2 (0x00178713) x14 0x00000000800120c4
core   0: 0x000000008000fee6 (0xfee43023) sd      a4, -32(s0)
core   0: 3 0x000000008000fee6 (0xfee43023) mem 0x0000000080031f50 0x00000000800120c4
core   0: 0x000000008000feea (0xfc442703) lw      a4, -60(s0)
core   0: 3 0x000000008000feea (0xfc442703) x14 0x0000000000000000 mem 0x0000000080031f34
core   0: 0x000000008000feee (0x0ff77713) andi    a4, a4, 255
core   0: 3 0x000000008000feee (0x0ff77713) x14 0x0000000000000000
core   0: 0x000000008000fef2 (0x00e78023) sb      a4, 0(a5)
core   0: 3 0x000000008000fef2 (0x00e78023) mem 0x00000000800120c3 0x00
core   0: 0x000000008000fef6 (0xfc843703) ld      a4, -56(s0)
core   0: 3 0x000000008000fef6 (0xfc843703) x14 0x0000000080012040 mem 0x0000000080031f38
core   0: 0x000000008000fefa (0xfb843783) ld      a5, -72(s0)
core   0: 3 0x000000008000fefa (0xfb843783) x15 0x000000000000009c mem 0x0000000080031f28
core   0: 0x000000008000fefe (0x000097ba) c.add   a5, a4
core   0: 3 0x000000008000fefe (0x97ba) x15 0x00000000800120dc
core   0: 0x000000008000ff00 (0xfe043703) ld      a4, -32(s0)
core   0: 3 0x000000008000ff00 (0xfe043703) x14 0x00000000800120c4 mem 0x0000000080031f50
core   0: 0x000000008000ff04 (0xfcf76de3) bltu    a4, a5, pc - 38
core   0: 3 0x000000008000ff04 (0xfcf76de3)
core   0: 0x000000008000fede (0xfe043783) ld      a5, -32(s0)
core   0: 3 0x000000008000fede (0xfe043783) x15 0x00000000800120c4 mem 0x0000000080031f50
core   0: 0x000000008000fee2 (0x00178713) addi    a4, a5, 1
core   0: 3 0x000000008000fee2 (0x00178713) x14 0x00000000800120c5
core   0: 0x000000008000fee6 (0xfee43023) sd      a4, -32(s0)
core   0: 3 0x000000008000fee6 (0xfee43023) mem 0x0000000080031f50 0x00000000800120c5
core   0: 0x000000008000feea (0xfc442703) lw      a4, -60(s0)
core   0: 3 0x000000008000feea (0xfc442703) x14 0x0000000000000000 mem 0x0000000080031f34
core   0: 0x000000008000feee (0x0ff77713) andi    a4, a4, 255
core   0: 3 0x000000008000feee (0x0ff77713) x14 0x0000000000000000
core   0: 0x000000008000fef2 (0x00e78023) sb      a4, 0(a5)
core   0: 3 0x000000008000fef2 (0x00e78023) mem 0x00000000800120c4 0x00
core   0: 0x000000008000fef6 (0xfc843703) ld      a4, -56(s0)
core   0: 3 0x000000008000fef6 (0xfc843703) x14 0x0000000080012040 mem 0x0000000080031f38
core   0: 0x000000008000fefa (0xfb843783) ld      a5, -72(s0)
core   0: 3 0x000000008000fefa (0xfb843783) x15 0x000000000000009c mem 0x0000000080031f28
core   0: 0x000000008000fefe (0x000097ba) c.add   a5, a4
core   0: 3 0x000000008000fefe (0x97ba) x15 0x00000000800120dc
core   0: 0x000000008000ff00 (0xfe043703) ld      a4, -32(s0)
core   0: 3 0x000000008000ff00 (0xfe043703) x14 0x00000000800120c5 mem 0x0000000080031f50
core   0: 0x000000008000ff04 (0xfcf76de3) bltu    a4, a5, pc - 38
core   0: 3 0x000000008000ff04 (0xfcf76de3)
core   0: 0x000000008000fede (0xfe043783) ld      a5, -32(s0)
core   0: 3 0x000000008000fede (0xfe043783) x15 0x00000000800120c5 mem 0x0000000080031f50
core   0: 0x000000008000fee2 (0x00178713) addi    a4, a5, 1
core   0: 3 0x000000008000fee2 (0x00178713) x14 0x00000000800120c6
core   0: 0x000000008000fee6 (0xfee43023) sd      a4, -32(s0)
core   0: 3 0x000000008000fee6 (0xfee43023) mem 0x0000000080031f50 0x00000000800120c6
core   0: 0x000000008000feea (0xfc442703) lw      a4, -60(s0)
core   0: 3 0x000000008000feea (0xfc442703) x14 0x0000000000000000 mem 0x0000000080031f34
core   0: 0x000000008000feee (0x0ff77713) andi    a4, a4, 255
core   0: 3 0x000000008000feee (0x0ff77713) x14 0x0000000000000000
core   0: 0x000000008000fef2 (0x00e78023) sb      a4, 0(a5)
core   0: 3 0x000000008000fef2 (0x00e78023) mem 0x00000000800120c5 0x00
core   0: 0x000000008000fef6 (0xfc843703) ld      a4, -56(s0)
core   0: 3 0x000000008000fef6 (0xfc843703) x14 0x0000000080012040 mem 0x0000000080031f38
core   0: 0x000000008000fefa (0xfb843783) ld      a5, -72(s0)
core   0: 3 0x000000008000fefa (0xfb843783) x15 0x000000000000009c mem 0x0000000080031f28
core   0: 0x000000008000fefe (0x000097ba) c.add   a5, a4
core   0: 3 0x000000008000fefe (0x97ba) x15 0x00000000800120dc
core   0: 0x000000008000ff00 (0xfe043703) ld      a4, -32(s0)
core   0: 3 0x000000008000ff00 (0xfe043703) x14 0x00000000800120c6 mem 0x0000000080031f50
core   0: 0x000000008000ff04 (0xfcf76de3) bltu    a4, a5, pc - 38
core   0: 3 0x000000008000ff04 (0xfcf76de3)
core   0: 0x000000008000fede (0xfe043783) ld      a5, -32(s0)
core   0: 3 0x000000008000fede (0xfe043783) x15 0x00000000800120c6 mem 0x0000000080031f50
core   0: 0x000000008000fee2 (0x00178713) addi    a4, a5, 1
core   0: 3 0x000000008000fee2 (0x00178713) x14 0x00000000800120c7
core   0: 0x000000008000fee6 (0xfee43023) sd      a4, -32(s0)
core   0: 3 0x000000008000fee6 (0xfee43023) mem 0x0000000080031f50 0x00000000800120c7
core   0: 0x000000008000feea (0xfc442703) lw      a4, -60(s0)
core   0: 3 0x000000008000feea (0xfc442703) x14 0x0000000000000000 mem 0x0000000080031f34
core   0: 0x000000008000feee (0x0ff77713) andi    a4, a4, 255
core   0: 3 0x000000008000feee (0x0ff77713) x14 0x0000000000000000
core   0: 0x000000008000fef2 (0x00e78023) sb      a4, 0(a5)
core   0: 3 0x000000008000fef2 (0x00e78023) mem 0x00000000800120c6 0x00
core   0: 0x000000008000fef6 (0xfc843703) ld      a4, -56(s0)
core   0: 3 0x000000008000fef6 (0xfc843703) x14 0x0000000080012040 mem 0x0000000080031f38
core   0: 0x000000008000fefa (0xfb843783) ld      a5, -72(s0)
core   0: 3 0x000000008000fefa (0xfb843783) x15 0x000000000000009c mem 0x0000000080031f28
core   0: 0x000000008000fefe (0x000097ba) c.add   a5, a4
core   0: 3 0x000000008000fefe (0x97ba) x15 0x00000000800120dc
core   0: 0x000000008000ff00 (0xfe043703) ld      a4, -32(s0)
core   0: 3 0x000000008000ff00 (0xfe043703) x14 0x00000000800120c7 mem 0x0000000080031f50
core   0: 0x000000008000ff04 (0xfcf76de3) bltu    a4, a5, pc - 38
core   0: 3 0x000000008000ff04 (0xfcf76de3)
core   0: 0x000000008000fede (0xfe043783) ld      a5, -32(s0)
core   0: 3 0x000000008000fede (0xfe043783) x15 0x00000000800120c7 mem 0x0000000080031f50
core   0: 0x000000008000fee2 (0x00178713) addi    a4, a5, 1
core   0: 3 0x000000008000fee2 (0x00178713) x14 0x00000000800120c8
core   0: 0x000000008000fee6 (0xfee43023) sd      a4, -32(s0)
core   0: 3 0x000000008000fee6 (0xfee43023) mem 0x0000000080031f50 0x00000000800120c8
core   0: 0x000000008000feea (0xfc442703) lw      a4, -60(s0)
core   0: 3 0x000000008000feea (0xfc442703) x14 0x0000000000000000 mem 0x0000000080031f34
core   0: 0x000000008000feee (0x0ff77713) andi    a4, a4, 255
core   0: 3 0x000000008000feee (0x0ff77713) x14 0x0000000000000000
core   0: 0x000000008000fef2 (0x00e78023) sb      a4, 0(a5)
core   0: 3 0x000000008000fef2 (0x00e78023) mem 0x00000000800120c7 0x00
core   0: 0x000000008000fef6 (0xfc843703) ld      a4, -56(s0)
core   0: 3 0x000000008000fef6 (0xfc843703) x14 0x0000000080012040 mem 0x0000000080031f38
core   0: 0x000000008000fefa (0xfb843783) ld      a5, -72(s0)
core   0: 3 0x000000008000fefa (0xfb843783) x15 0x000000000000009c mem 0x0000000080031f28
core   0: 0x000000008000fefe (0x000097ba) c.add   a5, a4
core   0: 3 0x000000008000fefe (0x97ba) x15 0x00000000800120dc
core   0: 0x000000008000ff00 (0xfe043703) ld      a4, -32(s0)
core   0: 3 0x000000008000ff00 (0xfe043703) x14 0x00000000800120c8 mem 0x0000000080031f50
core   0: 0x000000008000ff04 (0xfcf76de3) bltu    a4, a5, pc - 38
core   0: 3 0x000000008000ff04 (0xfcf76de3)
core   0: 0x000000008000fede (0xfe043783) ld      a5, -32(s0)
core   0: 3 0x000000008000fede (0xfe043783) x15 0x00000000800120c8 mem 0x0000000080031f50
core   0: 0x000000008000fee2 (0x00178713) addi    a4, a5, 1
core   0: 3 0x000000008000fee2 (0x00178713) x14 0x00000000800120c9
core   0: 0x000000008000fee6 (0xfee43023) sd      a4, -32(s0)
core   0: 3 0x000000008000fee6 (0xfee43023) mem 0x0000000080031f50 0x00000000800120c9
core   0: 0x000000008000feea (0xfc442703) lw      a4, -60(s0)
core   0: 3 0x000000008000feea (0xfc442703) x14 0x0000000000000000 mem 0x0000000080031f34
core   0: 0x000000008000feee (0x0ff77713) andi    a4, a4, 255
core   0: 3 0x000000008000feee (0x0ff77713) x14 0x0000000000000000
core   0: 0x000000008000fef2 (0x00e78023) sb      a4, 0(a5)
core   0: 3 0x000000008000fef2 (0x00e78023) mem 0x00000000800120c8 0x00
core   0: 0x000000008000fef6 (0xfc843703) ld      a4, -56(s0)
core   0: 3 0x000000008000fef6 (0xfc843703) x14 0x0000000080012040 mem 0x0000000080031f38
core   0: 0x000000008000fefa (0xfb843783) ld      a5, -72(s0)
core   0: 3 0x000000008000fefa (0xfb843783) x15 0x000000000000009c mem 0x0000000080031f28
core   0: 0x000000008000fefe (0x000097ba) c.add   a5, a4
core   0: 3 0x000000008000fefe (0x97ba) x15 0x00000000800120dc
core   0: 0x000000008000ff00 (0xfe043703) ld      a4, -32(s0)
core   0: 3 0x000000008000ff00 (0xfe043703) x14 0x00000000800120c9 mem 0x0000000080031f50
core   0: 0x000000008000ff04 (0xfcf76de3) bltu    a4, a5, pc - 38
core   0: 3 0x000000008000ff04 (0xfcf76de3)
core   0: 0x000000008000fede (0xfe043783) ld      a5, -32(s0)
core   0: 3 0x000000008000fede (0xfe043783) x15 0x00000000800120c9 mem 0x0000000080031f50
core   0: 0x000000008000fee2 (0x00178713) addi    a4, a5, 1
core   0: 3 0x000000008000fee2 (0x00178713) x14 0x00000000800120ca
core   0: 0x000000008000fee6 (0xfee43023) sd      a4, -32(s0)
core   0: 3 0x000000008000fee6 (0xfee43023) mem 0x0000000080031f50 0x00000000800120ca
core   0: 0x000000008000feea (0xfc442703) lw      a4, -60(s0)
core   0: 3 0x000000008000feea (0xfc442703) x14 0x0000000000000000 mem 0x0000000080031f34
core   0: 0x000000008000feee (0x0ff77713) andi    a4, a4, 255
core   0: 3 0x000000008000feee (0x0ff77713) x14 0x0000000000000000
core   0: 0x000000008000fef2 (0x00e78023) sb      a4, 0(a5)
core   0: 3 0x000000008000fef2 (0x00e78023) mem 0x00000000800120c9 0x00
core   0: 0x000000008000fef6 (0xfc843703) ld      a4, -56(s0)
core   0: 3 0x000000008000fef6 (0xfc843703) x14 0x0000000080012040 mem 0x0000000080031f38
core   0: 0x000000008000fefa (0xfb843783) ld      a5, -72(s0)
core   0: 3 0x000000008000fefa (0xfb843783) x15 0x000000000000009c mem 0x0000000080031f28
core   0: 0x000000008000fefe (0x000097ba) c.add   a5, a4
core   0: 3 0x000000008000fefe (0x97ba) x15 0x00000000800120dc
core   0: 0x000000008000ff00 (0xfe043703) ld      a4, -32(s0)
core   0: 3 0x000000008000ff00 (0xfe043703) x14 0x00000000800120ca mem 0x0000000080031f50
core   0: 0x000000008000ff04 (0xfcf76de3) bltu    a4, a5, pc - 38
core   0: 3 0x000000008000ff04 (0xfcf76de3)
core   0: 0x000000008000fede (0xfe043783) ld      a5, -32(s0)
core   0: 3 0x000000008000fede (0xfe043783) x15 0x00000000800120ca mem 0x0000000080031f50
core   0: 0x000000008000fee2 (0x00178713) addi    a4, a5, 1
core   0: 3 0x000000008000fee2 (0x00178713) x14 0x00000000800120cb
core   0: 0x000000008000fee6 (0xfee43023) sd      a4, -32(s0)
core   0: 3 0x000000008000fee6 (0xfee43023) mem 0x0000000080031f50 0x00000000800120cb
core   0: 0x000000008000feea (0xfc442703) lw      a4, -60(s0)
core   0: 3 0x000000008000feea (0xfc442703) x14 0x0000000000000000 mem 0x0000000080031f34
core   0: 0x000000008000feee (0x0ff77713) andi    a4, a4, 255
core   0: 3 0x000000008000feee (0x0ff77713) x14 0x0000000000000000
core   0: 0x000000008000fef2 (0x00e78023) sb      a4, 0(a5)
core   0: 3 0x000000008000fef2 (0x00e78023) mem 0x00000000800120ca 0x00
core   0: 0x000000008000fef6 (0xfc843703) ld      a4, -56(s0)
core   0: 3 0x000000008000fef6 (0xfc843703) x14 0x0000000080012040 mem 0x0000000080031f38
core   0: 0x000000008000fefa (0xfb843783) ld      a5, -72(s0)
core   0: 3 0x000000008000fefa (0xfb843783) x15 0x000000000000009c mem 0x0000000080031f28
core   0: 0x000000008000fefe (0x000097ba) c.add   a5, a4
core   0: 3 0x000000008000fefe (0x97ba) x15 0x00000000800120dc
core   0: 0x000000008000ff00 (0xfe043703) ld      a4, -32(s0)
core   0: 3 0x000000008000ff00 (0xfe043703) x14 0x00000000800120cb mem 0x0000000080031f50
core   0: 0x000000008000ff04 (0xfcf76de3) bltu    a4, a5, pc - 38
core   0: 3 0x000000008000ff04 (0xfcf76de3)
core   0: 0x000000008000fede (0xfe043783) ld      a5, -32(s0)
core   0: 3 0x000000008000fede (0xfe043783) x15 0x00000000800120cb mem 0x0000000080031f50
core   0: 0x000000008000fee2 (0x00178713) addi    a4, a5, 1
core   0: 3 0x000000008000fee2 (0x00178713) x14 0x00000000800120cc
core   0: 0x000000008000fee6 (0xfee43023) sd      a4, -32(s0)
core   0: 3 0x000000008000fee6 (0xfee43023) mem 0x0000000080031f50 0x00000000800120cc
core   0: 0x000000008000feea (0xfc442703) lw      a4, -60(s0)
core   0: 3 0x000000008000feea (0xfc442703) x14 0x0000000000000000 mem 0x0000000080031f34
core   0: 0x000000008000feee (0x0ff77713) andi    a4, a4, 255
core   0: 3 0x000000008000feee (0x0ff77713) x14 0x0000000000000000
core   0: 0x000000008000fef2 (0x00e78023) sb      a4, 0(a5)
core   0: 3 0x000000008000fef2 (0x00e78023) mem 0x00000000800120cb 0x00
core   0: 0x000000008000fef6 (0xfc843703) ld      a4, -56(s0)
core   0: 3 0x000000008000fef6 (0xfc843703) x14 0x0000000080012040 mem 0x0000000080031f38
core   0: 0x000000008000fefa (0xfb843783) ld      a5, -72(s0)
core   0: 3 0x000000008000fefa (0xfb843783) x15 0x000000000000009c mem 0x0000000080031f28
core   0: 0x000000008000fefe (0x000097ba) c.add   a5, a4
core   0: 3 0x000000008000fefe (0x97ba) x15 0x00000000800120dc
core   0: 0x000000008000ff00 (0xfe043703) ld      a4, -32(s0)
core   0: 3 0x000000008000ff00 (0xfe043703) x14 0x00000000800120cc mem 0x0000000080031f50
core   0: 0x000000008000ff04 (0xfcf76de3) bltu    a4, a5, pc - 38
core   0: 3 0x000000008000ff04 (0xfcf76de3)
core   0: 0x000000008000fede (0xfe043783) ld      a5, -32(s0)
core   0: 3 0x000000008000fede (0xfe043783) x15 0x00000000800120cc mem 0x0000000080031f50
core   0: 0x000000008000fee2 (0x00178713) addi    a4, a5, 1
core   0: 3 0x000000008000fee2 (0x00178713) x14 0x00000000800120cd
core   0: 0x000000008000fee6 (0xfee43023) sd      a4, -32(s0)
core   0: 3 0x000000008000fee6 (0xfee43023) mem 0x0000000080031f50 0x00000000800120cd
core   0: 0x000000008000feea (0xfc442703) lw      a4, -60(s0)
core   0: 3 0x000000008000feea (0xfc442703) x14 0x0000000000000000 mem 0x0000000080031f34
core   0: 0x000000008000feee (0x0ff77713) andi    a4, a4, 255
core   0: 3 0x000000008000feee (0x0ff77713) x14 0x0000000000000000
core   0: 0x000000008000fef2 (0x00e78023) sb      a4, 0(a5)
core   0: 3 0x000000008000fef2 (0x00e78023) mem 0x00000000800120cc 0x00
core   0: 0x000000008000fef6 (0xfc843703) ld      a4, -56(s0)
core   0: 3 0x000000008000fef6 (0xfc843703) x14 0x0000000080012040 mem 0x0000000080031f38
core   0: 0x000000008000fefa (0xfb843783) ld      a5, -72(s0)
core   0: 3 0x000000008000fefa (0xfb843783) x15 0x000000000000009c mem 0x0000000080031f28
core   0: 0x000000008000fefe (0x000097ba) c.add   a5, a4
core   0: 3 0x000000008000fefe (0x97ba) x15 0x00000000800120dc
core   0: 0x000000008000ff00 (0xfe043703) ld      a4, -32(s0)
core   0: 3 0x000000008000ff00 (0xfe043703) x14 0x00000000800120cd mem 0x0000000080031f50
core   0: 0x000000008000ff04 (0xfcf76de3) bltu    a4, a5, pc - 38
core   0: 3 0x000000008000ff04 (0xfcf76de3)
core   0: 0x000000008000fede (0xfe043783) ld      a5, -32(s0)
core   0: 3 0x000000008000fede (0xfe043783) x15 0x00000000800120cd mem 0x0000000080031f50
core   0: 0x000000008000fee2 (0x00178713) addi    a4, a5, 1
core   0: 3 0x000000008000fee2 (0x00178713) x14 0x00000000800120ce
core   0: 0x000000008000fee6 (0xfee43023) sd      a4, -32(s0)
core   0: 3 0x000000008000fee6 (0xfee43023) mem 0x0000000080031f50 0x00000000800120ce
core   0: 0x000000008000feea (0xfc442703) lw      a4, -60(s0)
core   0: 3 0x000000008000feea (0xfc442703) x14 0x0000000000000000 mem 0x0000000080031f34
core   0: 0x000000008000feee (0x0ff77713) andi    a4, a4, 255
core   0: 3 0x000000008000feee (0x0ff77713) x14 0x0000000000000000
core   0: 0x000000008000fef2 (0x00e78023) sb      a4, 0(a5)
core   0: 3 0x000000008000fef2 (0x00e78023) mem 0x00000000800120cd 0x00
core   0: 0x000000008000fef6 (0xfc843703) ld      a4, -56(s0)
core   0: 3 0x000000008000fef6 (0xfc843703) x14 0x0000000080012040 mem 0x0000000080031f38
core   0: 0x000000008000fefa (0xfb843783) ld      a5, -72(s0)
core   0: 3 0x000000008000fefa (0xfb843783) x15 0x000000000000009c mem 0x0000000080031f28
core   0: 0x000000008000fefe (0x000097ba) c.add   a5, a4
core   0: 3 0x000000008000fefe (0x97ba) x15 0x00000000800120dc
core   0: 0x000000008000ff00 (0xfe043703) ld      a4, -32(s0)
core   0: 3 0x000000008000ff00 (0xfe043703) x14 0x00000000800120ce mem 0x0000000080031f50
core   0: 0x000000008000ff04 (0xfcf76de3) bltu    a4, a5, pc - 38
core   0: 3 0x000000008000ff04 (0xfcf76de3)
core   0: 0x000000008000fede (0xfe043783) ld      a5, -32(s0)
core   0: 3 0x000000008000fede (0xfe043783) x15 0x00000000800120ce mem 0x0000000080031f50
core   0: 0x000000008000fee2 (0x00178713) addi    a4, a5, 1
core   0: 3 0x000000008000fee2 (0x00178713) x14 0x00000000800120cf
core   0: 0x000000008000fee6 (0xfee43023) sd      a4, -32(s0)
core   0: 3 0x000000008000fee6 (0xfee43023) mem 0x0000000080031f50 0x00000000800120cf
core   0: 0x000000008000feea (0xfc442703) lw      a4, -60(s0)
core   0: 3 0x000000008000feea (0xfc442703) x14 0x0000000000000000 mem 0x0000000080031f34
core   0: 0x000000008000feee (0x0ff77713) andi    a4, a4, 255
core   0: 3 0x000000008000feee (0x0ff77713) x14 0x0000000000000000
core   0: 0x000000008000fef2 (0x00e78023) sb      a4, 0(a5)
core   0: 3 0x000000008000fef2 (0x00e78023) mem 0x00000000800120ce 0x00
core   0: 0x000000008000fef6 (0xfc843703) ld      a4, -56(s0)
core   0: 3 0x000000008000fef6 (0xfc843703) x14 0x0000000080012040 mem 0x0000000080031f38
core   0: 0x000000008000fefa (0xfb843783) ld      a5, -72(s0)
core   0: 3 0x000000008000fefa (0xfb843783) x15 0x000000000000009c mem 0x0000000080031f28
core   0: 0x000000008000fefe (0x000097ba) c.add   a5, a4
core   0: 3 0x000000008000fefe (0x97ba) x15 0x00000000800120dc
core   0: 0x000000008000ff00 (0xfe043703) ld      a4, -32(s0)
core   0: 3 0x000000008000ff00 (0xfe043703) x14 0x00000000800120cf mem 0x0000000080031f50
core   0: 0x000000008000ff04 (0xfcf76de3) bltu    a4, a5, pc - 38
core   0: 3 0x000000008000ff04 (0xfcf76de3)
core   0: 0x000000008000fede (0xfe043783) ld      a5, -32(s0)
core   0: 3 0x000000008000fede (0xfe043783) x15 0x00000000800120cf mem 0x0000000080031f50
core   0: 0x000000008000fee2 (0x00178713) addi    a4, a5, 1
core   0: 3 0x000000008000fee2 (0x00178713) x14 0x00000000800120d0
core   0: 0x000000008000fee6 (0xfee43023) sd      a4, -32(s0)
core   0: 3 0x000000008000fee6 (0xfee43023) mem 0x0000000080031f50 0x00000000800120d0
core   0: 0x000000008000feea (0xfc442703) lw      a4, -60(s0)
core   0: 3 0x000000008000feea (0xfc442703) x14 0x0000000000000000 mem 0x0000000080031f34
core   0: 0x000000008000feee (0x0ff77713) andi    a4, a4, 255
core   0: 3 0x000000008000feee (0x0ff77713) x14 0x0000000000000000
core   0: 0x000000008000fef2 (0x00e78023) sb      a4, 0(a5)
core   0: 3 0x000000008000fef2 (0x00e78023) mem 0x00000000800120cf 0x00
core   0: 0x000000008000fef6 (0xfc843703) ld      a4, -56(s0)
core   0: 3 0x000000008000fef6 (0xfc843703) x14 0x0000000080012040 mem 0x0000000080031f38
core   0: 0x000000008000fefa (0xfb843783) ld      a5, -72(s0)
core   0: 3 0x000000008000fefa (0xfb843783) x15 0x000000000000009c mem 0x0000000080031f28
core   0: 0x000000008000fefe (0x000097ba) c.add   a5, a4
core   0: 3 0x000000008000fefe (0x97ba) x15 0x00000000800120dc
core   0: 0x000000008000ff00 (0xfe043703) ld      a4, -32(s0)
core   0: 3 0x000000008000ff00 (0xfe043703) x14 0x00000000800120d0 mem 0x0000000080031f50
core   0: 0x000000008000ff04 (0xfcf76de3) bltu    a4, a5, pc - 38
core   0: 3 0x000000008000ff04 (0xfcf76de3)
core   0: 0x000000008000fede (0xfe043783) ld      a5, -32(s0)
core   0: 3 0x000000008000fede (0xfe043783) x15 0x00000000800120d0 mem 0x0000000080031f50
core   0: 0x000000008000fee2 (0x00178713) addi    a4, a5, 1
core   0: 3 0x000000008000fee2 (0x00178713) x14 0x00000000800120d1
core   0: 0x000000008000fee6 (0xfee43023) sd      a4, -32(s0)
core   0: 3 0x000000008000fee6 (0xfee43023) mem 0x0000000080031f50 0x00000000800120d1
core   0: 0x000000008000feea (0xfc442703) lw      a4, -60(s0)
core   0: 3 0x000000008000feea (0xfc442703) x14 0x0000000000000000 mem 0x0000000080031f34
core   0: 0x000000008000feee (0x0ff77713) andi    a4, a4, 255
core   0: 3 0x000000008000feee (0x0ff77713) x14 0x0000000000000000
core   0: 0x000000008000fef2 (0x00e78023) sb      a4, 0(a5)
core   0: 3 0x000000008000fef2 (0x00e78023) mem 0x00000000800120d0 0x00
core   0: 0x000000008000fef6 (0xfc843703) ld      a4, -56(s0)
core   0: 3 0x000000008000fef6 (0xfc843703) x14 0x0000000080012040 mem 0x0000000080031f38
core   0: 0x000000008000fefa (0xfb843783) ld      a5, -72(s0)
core   0: 3 0x000000008000fefa (0xfb843783) x15 0x000000000000009c mem 0x0000000080031f28
core   0: 0x000000008000fefe (0x000097ba) c.add   a5, a4
core   0: 3 0x000000008000fefe (0x97ba) x15 0x00000000800120dc
core   0: 0x000000008000ff00 (0xfe043703) ld      a4, -32(s0)
core   0: 3 0x000000008000ff00 (0xfe043703) x14 0x00000000800120d1 mem 0x0000000080031f50
core   0: 0x000000008000ff04 (0xfcf76de3) bltu    a4, a5, pc - 38
core   0: 3 0x000000008000ff04 (0xfcf76de3)
core   0: 0x000000008000fede (0xfe043783) ld      a5, -32(s0)
core   0: 3 0x000000008000fede (0xfe043783) x15 0x00000000800120d1 mem 0x0000000080031f50
core   0: 0x000000008000fee2 (0x00178713) addi    a4, a5, 1
core   0: 3 0x000000008000fee2 (0x00178713) x14 0x00000000800120d2
core   0: 0x000000008000fee6 (0xfee43023) sd      a4, -32(s0)
core   0: 3 0x000000008000fee6 (0xfee43023) mem 0x0000000080031f50 0x00000000800120d2
core   0: 0x000000008000feea (0xfc442703) lw      a4, -60(s0)
core   0: 3 0x000000008000feea (0xfc442703) x14 0x0000000000000000 mem 0x0000000080031f34
core   0: 0x000000008000feee (0x0ff77713) andi    a4, a4, 255
core   0: 3 0x000000008000feee (0x0ff77713) x14 0x0000000000000000
core   0: 0x000000008000fef2 (0x00e78023) sb      a4, 0(a5)
core   0: 3 0x000000008000fef2 (0x00e78023) mem 0x00000000800120d1 0x00
core   0: 0x000000008000fef6 (0xfc843703) ld      a4, -56(s0)
core   0: 3 0x000000008000fef6 (0xfc843703) x14 0x0000000080012040 mem 0x0000000080031f38
core   0: 0x000000008000fefa (0xfb843783) ld      a5, -72(s0)
core   0: 3 0x000000008000fefa (0xfb843783) x15 0x000000000000009c mem 0x0000000080031f28
core   0: 0x000000008000fefe (0x000097ba) c.add   a5, a4
core   0: 3 0x000000008000fefe (0x97ba) x15 0x00000000800120dc
core   0: 0x000000008000ff00 (0xfe043703) ld      a4, -32(s0)
core   0: 3 0x000000008000ff00 (0xfe043703) x14 0x00000000800120d2 mem 0x0000000080031f50
core   0: 0x000000008000ff04 (0xfcf76de3) bltu    a4, a5, pc - 38
core   0: 3 0x000000008000ff04 (0xfcf76de3)
core   0: 0x000000008000fede (0xfe043783) ld      a5, -32(s0)
core   0: 3 0x000000008000fede (0xfe043783) x15 0x00000000800120d2 mem 0x0000000080031f50
core   0: 0x000000008000fee2 (0x00178713) addi    a4, a5, 1
core   0: 3 0x000000008000fee2 (0x00178713) x14 0x00000000800120d3
core   0: 0x000000008000fee6 (0xfee43023) sd      a4, -32(s0)
core   0: 3 0x000000008000fee6 (0xfee43023) mem 0x0000000080031f50 0x00000000800120d3
core   0: 0x000000008000feea (0xfc442703) lw      a4, -60(s0)
core   0: 3 0x000000008000feea (0xfc442703) x14 0x0000000000000000 mem 0x0000000080031f34
core   0: 0x000000008000feee (0x0ff77713) andi    a4, a4, 255
core   0: 3 0x000000008000feee (0x0ff77713) x14 0x0000000000000000
core   0: 0x000000008000fef2 (0x00e78023) sb      a4, 0(a5)
core   0: 3 0x000000008000fef2 (0x00e78023) mem 0x00000000800120d2 0x00
core   0: 0x000000008000fef6 (0xfc843703) ld      a4, -56(s0)
core   0: 3 0x000000008000fef6 (0xfc843703) x14 0x0000000080012040 mem 0x0000000080031f38
core   0: 0x000000008000fefa (0xfb843783) ld      a5, -72(s0)
core   0: 3 0x000000008000fefa (0xfb843783) x15 0x000000000000009c mem 0x0000000080031f28
core   0: 0x000000008000fefe (0x000097ba) c.add   a5, a4
core   0: 3 0x000000008000fefe (0x97ba) x15 0x00000000800120dc
core   0: 0x000000008000ff00 (0xfe043703) ld      a4, -32(s0)
core   0: 3 0x000000008000ff00 (0xfe043703) x14 0x00000000800120d3 mem 0x0000000080031f50
core   0: 0x000000008000ff04 (0xfcf76de3) bltu    a4, a5, pc - 38
core   0: 3 0x000000008000ff04 (0xfcf76de3)
core   0: 0x000000008000fede (0xfe043783) ld      a5, -32(s0)
core   0: 3 0x000000008000fede (0xfe043783) x15 0x00000000800120d3 mem 0x0000000080031f50
core   0: 0x000000008000fee2 (0x00178713) addi    a4, a5, 1
core   0: 3 0x000000008000fee2 (0x00178713) x14 0x00000000800120d4
core   0: 0x000000008000fee6 (0xfee43023) sd      a4, -32(s0)
core   0: 3 0x000000008000fee6 (0xfee43023) mem 0x0000000080031f50 0x00000000800120d4
core   0: 0x000000008000feea (0xfc442703) lw      a4, -60(s0)
core   0: 3 0x000000008000feea (0xfc442703) x14 0x0000000000000000 mem 0x0000000080031f34
core   0: 0x000000008000feee (0x0ff77713) andi    a4, a4, 255
core   0: 3 0x000000008000feee (0x0ff77713) x14 0x0000000000000000
core   0: 0x000000008000fef2 (0x00e78023) sb      a4, 0(a5)
core   0: 3 0x000000008000fef2 (0x00e78023) mem 0x00000000800120d3 0x00
core   0: 0x000000008000fef6 (0xfc843703) ld      a4, -56(s0)
core   0: 3 0x000000008000fef6 (0xfc843703) x14 0x0000000080012040 mem 0x0000000080031f38
core   0: 0x000000008000fefa (0xfb843783) ld      a5, -72(s0)
core   0: 3 0x000000008000fefa (0xfb843783) x15 0x000000000000009c mem 0x0000000080031f28
core   0: 0x000000008000fefe (0x000097ba) c.add   a5, a4
core   0: 3 0x000000008000fefe (0x97ba) x15 0x00000000800120dc
core   0: 0x000000008000ff00 (0xfe043703) ld      a4, -32(s0)
core   0: 3 0x000000008000ff00 (0xfe043703) x14 0x00000000800120d4 mem 0x0000000080031f50
core   0: 0x000000008000ff04 (0xfcf76de3) bltu    a4, a5, pc - 38
core   0: 3 0x000000008000ff04 (0xfcf76de3)
core   0: 0x000000008000fede (0xfe043783) ld      a5, -32(s0)
core   0: 3 0x000000008000fede (0xfe043783) x15 0x00000000800120d4 mem 0x0000000080031f50
core   0: 0x000000008000fee2 (0x00178713) addi    a4, a5, 1
core   0: 3 0x000000008000fee2 (0x00178713) x14 0x00000000800120d5
core   0: 0x000000008000fee6 (0xfee43023) sd      a4, -32(s0)
core   0: 3 0x000000008000fee6 (0xfee43023) mem 0x0000000080031f50 0x00000000800120d5
core   0: 0x000000008000feea (0xfc442703) lw      a4, -60(s0)
core   0: 3 0x000000008000feea (0xfc442703) x14 0x0000000000000000 mem 0x0000000080031f34
core   0: 0x000000008000feee (0x0ff77713) andi    a4, a4, 255
core   0: 3 0x000000008000feee (0x0ff77713) x14 0x0000000000000000
core   0: 0x000000008000fef2 (0x00e78023) sb      a4, 0(a5)
core   0: 3 0x000000008000fef2 (0x00e78023) mem 0x00000000800120d4 0x00
core   0: 0x000000008000fef6 (0xfc843703) ld      a4, -56(s0)
core   0: 3 0x000000008000fef6 (0xfc843703) x14 0x0000000080012040 mem 0x0000000080031f38
core   0: 0x000000008000fefa (0xfb843783) ld      a5, -72(s0)
core   0: 3 0x000000008000fefa (0xfb843783) x15 0x000000000000009c mem 0x0000000080031f28
core   0: 0x000000008000fefe (0x000097ba) c.add   a5, a4
core   0: 3 0x000000008000fefe (0x97ba) x15 0x00000000800120dc
core   0: 0x000000008000ff00 (0xfe043703) ld      a4, -32(s0)
core   0: 3 0x000000008000ff00 (0xfe043703) x14 0x00000000800120d5 mem 0x0000000080031f50
core   0: 0x000000008000ff04 (0xfcf76de3) bltu    a4, a5, pc - 38
core   0: 3 0x000000008000ff04 (0xfcf76de3)
core   0: 0x000000008000fede (0xfe043783) ld      a5, -32(s0)
core   0: 3 0x000000008000fede (0xfe043783) x15 0x00000000800120d5 mem 0x0000000080031f50
core   0: 0x000000008000fee2 (0x00178713) addi    a4, a5, 1
core   0: 3 0x000000008000fee2 (0x00178713) x14 0x00000000800120d6
core   0: 0x000000008000fee6 (0xfee43023) sd      a4, -32(s0)
core   0: 3 0x000000008000fee6 (0xfee43023) mem 0x0000000080031f50 0x00000000800120d6
core   0: 0x000000008000feea (0xfc442703) lw      a4, -60(s0)
core   0: 3 0x000000008000feea (0xfc442703) x14 0x0000000000000000 mem 0x0000000080031f34
core   0: 0x000000008000feee (0x0ff77713) andi    a4, a4, 255
core   0: 3 0x000000008000feee (0x0ff77713) x14 0x0000000000000000
core   0: 0x000000008000fef2 (0x00e78023) sb      a4, 0(a5)
core   0: 3 0x000000008000fef2 (0x00e78023) mem 0x00000000800120d5 0x00
core   0: 0x000000008000fef6 (0xfc843703) ld      a4, -56(s0)
core   0: 3 0x000000008000fef6 (0xfc843703) x14 0x0000000080012040 mem 0x0000000080031f38
core   0: 0x000000008000fefa (0xfb843783) ld      a5, -72(s0)
core   0: 3 0x000000008000fefa (0xfb843783) x15 0x000000000000009c mem 0x0000000080031f28
core   0: 0x000000008000fefe (0x000097ba) c.add   a5, a4
core   0: 3 0x000000008000fefe (0x97ba) x15 0x00000000800120dc
core   0: 0x000000008000ff00 (0xfe043703) ld      a4, -32(s0)
core   0: 3 0x000000008000ff00 (0xfe043703) x14 0x00000000800120d6 mem 0x0000000080031f50
core   0: 0x000000008000ff04 (0xfcf76de3) bltu    a4, a5, pc - 38
core   0: 3 0x000000008000ff04 (0xfcf76de3)
core   0: 0x000000008000fede (0xfe043783) ld      a5, -32(s0)
core   0: 3 0x000000008000fede (0xfe043783) x15 0x00000000800120d6 mem 0x0000000080031f50
core   0: 0x000000008000fee2 (0x00178713) addi    a4, a5, 1
core   0: 3 0x000000008000fee2 (0x00178713) x14 0x00000000800120d7
core   0: 0x000000008000fee6 (0xfee43023) sd      a4, -32(s0)
core   0: 3 0x000000008000fee6 (0xfee43023) mem 0x0000000080031f50 0x00000000800120d7
core   0: 0x000000008000feea (0xfc442703) lw      a4, -60(s0)
core   0: 3 0x000000008000feea (0xfc442703) x14 0x0000000000000000 mem 0x0000000080031f34
core   0: 0x000000008000feee (0x0ff77713) andi    a4, a4, 255
core   0: 3 0x000000008000feee (0x0ff77713) x14 0x0000000000000000
core   0: 0x000000008000fef2 (0x00e78023) sb      a4, 0(a5)
core   0: 3 0x000000008000fef2 (0x00e78023) mem 0x00000000800120d6 0x00
core   0: 0x000000008000fef6 (0xfc843703) ld      a4, -56(s0)
core   0: 3 0x000000008000fef6 (0xfc843703) x14 0x0000000080012040 mem 0x0000000080031f38
core   0: 0x000000008000fefa (0xfb843783) ld      a5, -72(s0)
core   0: 3 0x000000008000fefa (0xfb843783) x15 0x000000000000009c mem 0x0000000080031f28
core   0: 0x000000008000fefe (0x000097ba) c.add   a5, a4
core   0: 3 0x000000008000fefe (0x97ba) x15 0x00000000800120dc
core   0: 0x000000008000ff00 (0xfe043703) ld      a4, -32(s0)
core   0: 3 0x000000008000ff00 (0xfe043703) x14 0x00000000800120d7 mem 0x0000000080031f50
core   0: 0x000000008000ff04 (0xfcf76de3) bltu    a4, a5, pc - 38
core   0: 3 0x000000008000ff04 (0xfcf76de3)
core   0: 0x000000008000fede (0xfe043783) ld      a5, -32(s0)
core   0: 3 0x000000008000fede (0xfe043783) x15 0x00000000800120d7 mem 0x0000000080031f50
core   0: 0x000000008000fee2 (0x00178713) addi    a4, a5, 1
core   0: 3 0x000000008000fee2 (0x00178713) x14 0x00000000800120d8
core   0: 0x000000008000fee6 (0xfee43023) sd      a4, -32(s0)
core   0: 3 0x000000008000fee6 (0xfee43023) mem 0x0000000080031f50 0x00000000800120d8
core   0: 0x000000008000feea (0xfc442703) lw      a4, -60(s0)
core   0: 3 0x000000008000feea (0xfc442703) x14 0x0000000000000000 mem 0x0000000080031f34
core   0: 0x000000008000feee (0x0ff77713) andi    a4, a4, 255
core   0: 3 0x000000008000feee (0x0ff77713) x14 0x0000000000000000
core   0: 0x000000008000fef2 (0x00e78023) sb      a4, 0(a5)
core   0: 3 0x000000008000fef2 (0x00e78023) mem 0x00000000800120d7 0x00
core   0: 0x000000008000fef6 (0xfc843703) ld      a4, -56(s0)
core   0: 3 0x000000008000fef6 (0xfc843703) x14 0x0000000080012040 mem 0x0000000080031f38
core   0: 0x000000008000fefa (0xfb843783) ld      a5, -72(s0)
core   0: 3 0x000000008000fefa (0xfb843783) x15 0x000000000000009c mem 0x0000000080031f28
core   0: 0x000000008000fefe (0x000097ba) c.add   a5, a4
core   0: 3 0x000000008000fefe (0x97ba) x15 0x00000000800120dc
core   0: 0x000000008000ff00 (0xfe043703) ld      a4, -32(s0)
core   0: 3 0x000000008000ff00 (0xfe043703) x14 0x00000000800120d8 mem 0x0000000080031f50
core   0: 0x000000008000ff04 (0xfcf76de3) bltu    a4, a5, pc - 38
core   0: 3 0x000000008000ff04 (0xfcf76de3)
core   0: 0x000000008000fede (0xfe043783) ld      a5, -32(s0)
core   0: 3 0x000000008000fede (0xfe043783) x15 0x00000000800120d8 mem 0x0000000080031f50
core   0: 0x000000008000fee2 (0x00178713) addi    a4, a5, 1
core   0: 3 0x000000008000fee2 (0x00178713) x14 0x00000000800120d9
core   0: 0x000000008000fee6 (0xfee43023) sd      a4, -32(s0)
core   0: 3 0x000000008000fee6 (0xfee43023) mem 0x0000000080031f50 0x00000000800120d9
core   0: 0x000000008000feea (0xfc442703) lw      a4, -60(s0)
core   0: 3 0x000000008000feea (0xfc442703) x14 0x0000000000000000 mem 0x0000000080031f34
core   0: 0x000000008000feee (0x0ff77713) andi    a4, a4, 255
core   0: 3 0x000000008000feee (0x0ff77713) x14 0x0000000000000000
core   0: 0x000000008000fef2 (0x00e78023) sb      a4, 0(a5)
core   0: 3 0x000000008000fef2 (0x00e78023) mem 0x00000000800120d8 0x00
core   0: 0x000000008000fef6 (0xfc843703) ld      a4, -56(s0)
core   0: 3 0x000000008000fef6 (0xfc843703) x14 0x0000000080012040 mem 0x0000000080031f38
core   0: 0x000000008000fefa (0xfb843783) ld      a5, -72(s0)
core   0: 3 0x000000008000fefa (0xfb843783) x15 0x000000000000009c mem 0x0000000080031f28
core   0: 0x000000008000fefe (0x000097ba) c.add   a5, a4
core   0: 3 0x000000008000fefe (0x97ba) x15 0x00000000800120dc
core   0: 0x000000008000ff00 (0xfe043703) ld      a4, -32(s0)
core   0: 3 0x000000008000ff00 (0xfe043703) x14 0x00000000800120d9 mem 0x0000000080031f50
core   0: 0x000000008000ff04 (0xfcf76de3) bltu    a4, a5, pc - 38
core   0: 3 0x000000008000ff04 (0xfcf76de3)
core   0: 0x000000008000fede (0xfe043783) ld      a5, -32(s0)
core   0: 3 0x000000008000fede (0xfe043783) x15 0x00000000800120d9 mem 0x0000000080031f50
core   0: 0x000000008000fee2 (0x00178713) addi    a4, a5, 1
core   0: 3 0x000000008000fee2 (0x00178713) x14 0x00000000800120da
core   0: 0x000000008000fee6 (0xfee43023) sd      a4, -32(s0)
core   0: 3 0x000000008000fee6 (0xfee43023) mem 0x0000000080031f50 0x00000000800120da
core   0: 0x000000008000feea (0xfc442703) lw      a4, -60(s0)
core   0: 3 0x000000008000feea (0xfc442703) x14 0x0000000000000000 mem 0x0000000080031f34
core   0: 0x000000008000feee (0x0ff77713) andi    a4, a4, 255
core   0: 3 0x000000008000feee (0x0ff77713) x14 0x0000000000000000
core   0: 0x000000008000fef2 (0x00e78023) sb      a4, 0(a5)
core   0: 3 0x000000008000fef2 (0x00e78023) mem 0x00000000800120d9 0x00
core   0: 0x000000008000fef6 (0xfc843703) ld      a4, -56(s0)
core   0: 3 0x000000008000fef6 (0xfc843703) x14 0x0000000080012040 mem 0x0000000080031f38
core   0: 0x000000008000fefa (0xfb843783) ld      a5, -72(s0)
core   0: 3 0x000000008000fefa (0xfb843783) x15 0x000000000000009c mem 0x0000000080031f28
core   0: 0x000000008000fefe (0x000097ba) c.add   a5, a4
core   0: 3 0x000000008000fefe (0x97ba) x15 0x00000000800120dc
core   0: 0x000000008000ff00 (0xfe043703) ld      a4, -32(s0)
core   0: 3 0x000000008000ff00 (0xfe043703) x14 0x00000000800120da mem 0x0000000080031f50
core   0: 0x000000008000ff04 (0xfcf76de3) bltu    a4, a5, pc - 38
core   0: 3 0x000000008000ff04 (0xfcf76de3)
core   0: 0x000000008000fede (0xfe043783) ld      a5, -32(s0)
core   0: 3 0x000000008000fede (0xfe043783) x15 0x00000000800120da mem 0x0000000080031f50
core   0: 0x000000008000fee2 (0x00178713) addi    a4, a5, 1
core   0: 3 0x000000008000fee2 (0x00178713) x14 0x00000000800120db
core   0: 0x000000008000fee6 (0xfee43023) sd      a4, -32(s0)
core   0: 3 0x000000008000fee6 (0xfee43023) mem 0x0000000080031f50 0x00000000800120db
core   0: 0x000000008000feea (0xfc442703) lw      a4, -60(s0)
core   0: 3 0x000000008000feea (0xfc442703) x14 0x0000000000000000 mem 0x0000000080031f34
core   0: 0x000000008000feee (0x0ff77713) andi    a4, a4, 255
core   0: 3 0x000000008000feee (0x0ff77713) x14 0x0000000000000000
core   0: 0x000000008000fef2 (0x00e78023) sb      a4, 0(a5)
core   0: 3 0x000000008000fef2 (0x00e78023) mem 0x00000000800120da 0x00
core   0: 0x000000008000fef6 (0xfc843703) ld      a4, -56(s0)
core   0: 3 0x000000008000fef6 (0xfc843703) x14 0x0000000080012040 mem 0x0000000080031f38
core   0: 0x000000008000fefa (0xfb843783) ld      a5, -72(s0)
core   0: 3 0x000000008000fefa (0xfb843783) x15 0x000000000000009c mem 0x0000000080031f28
core   0: 0x000000008000fefe (0x000097ba) c.add   a5, a4
core   0: 3 0x000000008000fefe (0x97ba) x15 0x00000000800120dc
core   0: 0x000000008000ff00 (0xfe043703) ld      a4, -32(s0)
core   0: 3 0x000000008000ff00 (0xfe043703) x14 0x00000000800120db mem 0x0000000080031f50
core   0: 0x000000008000ff04 (0xfcf76de3) bltu    a4, a5, pc - 38
core   0: 3 0x000000008000ff04 (0xfcf76de3)
core   0: 0x000000008000fede (0xfe043783) ld      a5, -32(s0)
core   0: 3 0x000000008000fede (0xfe043783) x15 0x00000000800120db mem 0x0000000080031f50
core   0: 0x000000008000fee2 (0x00178713) addi    a4, a5, 1
core   0: 3 0x000000008000fee2 (0x00178713) x14 0x00000000800120dc
core   0: 0x000000008000fee6 (0xfee43023) sd      a4, -32(s0)
core   0: 3 0x000000008000fee6 (0xfee43023) mem 0x0000000080031f50 0x00000000800120dc
core   0: 0x000000008000feea (0xfc442703) lw      a4, -60(s0)
core   0: 3 0x000000008000feea (0xfc442703) x14 0x0000000000000000 mem 0x0000000080031f34
core   0: 0x000000008000feee (0x0ff77713) andi    a4, a4, 255
core   0: 3 0x000000008000feee (0x0ff77713) x14 0x0000000000000000
core   0: 0x000000008000fef2 (0x00e78023) sb      a4, 0(a5)
core   0: 3 0x000000008000fef2 (0x00e78023) mem 0x00000000800120db 0x00
core   0: 0x000000008000fef6 (0xfc843703) ld      a4, -56(s0)
core   0: 3 0x000000008000fef6 (0xfc843703) x14 0x0000000080012040 mem 0x0000000080031f38
core   0: 0x000000008000fefa (0xfb843783) ld      a5, -72(s0)
core   0: 3 0x000000008000fefa (0xfb843783) x15 0x000000000000009c mem 0x0000000080031f28
core   0: 0x000000008000fefe (0x000097ba) c.add   a5, a4
core   0: 3 0x000000008000fefe (0x97ba) x15 0x00000000800120dc
core   0: 0x000000008000ff00 (0xfe043703) ld      a4, -32(s0)
core   0: 3 0x000000008000ff00 (0xfe043703) x14 0x00000000800120dc mem 0x0000000080031f50
core   0: 0x000000008000ff04 (0xfcf76de3) bltu    a4, a5, pc - 38
core   0: 3 0x000000008000ff04 (0xfcf76de3)
core   0: 0x000000008000ff08 (0xfc843783) ld      a5, -56(s0)
core   0: 3 0x000000008000ff08 (0xfc843783) x15 0x0000000080012040 mem 0x0000000080031f38
core   0: 0x000000008000ff0c (0x0000853e) c.mv    a0, a5
core   0: 3 0x000000008000ff0c (0x853e) x10 0x0000000080012040
core   0: 0x000000008000ff0e (0x00006426) c.ldsp  s0, 72(sp)
core   0: 3 0x000000008000ff0e (0x6426) x8  0x0000000080031f90 mem 0x0000000080031f68
core   0: 0x000000008000ff10 (0x00006161) c.addi16sp sp, 80
core   0: 3 0x000000008000ff10 (0x6161) x2  0x0000000080031f70
core   0: 0x000000008000ff12 (0x00008082) ret
core   0: 3 0x000000008000ff12 (0x8082)
core   0: 0x000000008000f4c6 (0x00000001) c.nop
core   0: 3 0x000000008000f4c6 (0x0001)
core   0: 0x000000008000f4c8 (0x000060e2) c.ldsp  ra, 24(sp)
core   0: 3 0x000000008000f4c8 (0x60e2) x1  0x000000008000f506 mem 0x0000000080031f88
core   0: 0x000000008000f4ca (0x00006442) c.ldsp  s0, 16(sp)
core   0: 3 0x000000008000f4ca (0x6442) x8  0x0000000080032040 mem 0x0000000080031f80
core   0: 0x000000008000f4cc (0x00006105) c.addi16sp sp, 32
core   0: 3 0x000000008000f4cc (0x6105) x2  0x0000000080031f90
core   0: 0x000000008000f4ce (0x00008082) ret
core   0: 3 0x000000008000f4ce (0x8082)
core   0: 0x000000008000f506 (0xf5842703) lw      a4, -168(s0)
core   0: 3 0x000000008000f506 (0xf5842703) x14 0x0000000000000001 mem 0x0000000080031f98
core   0: 0x000000008000f50a (0xf5c42783) lw      a5, -164(s0)
core   0: 3 0x000000008000f50a (0xf5c42783) x15 0x0000000000000000 mem 0x0000000080031f9c
core   0: 0x000000008000f50e (0x000085ba) c.mv    a1, a4
core   0: 3 0x000000008000f50e (0x85ba) x11 0x0000000000000001
core   0: 0x000000008000f510 (0x0000853e) c.mv    a0, a5
core   0: 3 0x000000008000f510 (0x853e) x10 0x0000000000000000
core   0: 0x000000008000f512 (0xf03ff0ef) jal     pc - 0xfe
core   0: 3 0x000000008000f512 (0xf03ff0ef) x1  0x000000008000f516
core   0: >>>>  thread_entry
core   0: 0x000000008000f414 (0x00001101) c.addi  sp, -32
core   0: 3 0x000000008000f414 (0x1101) x2  0x0000000080031f70
core   0: 0x000000008000f416 (0x0000ec22) c.sdsp  s0, 24(sp)
core   0: 3 0x000000008000f416 (0xec22) mem 0x0000000080031f88 0x0000000080032040
core   0: 0x000000008000f418 (0x00001000) c.addi4spn s0, sp, 32
core   0: 3 0x000000008000f418 (0x1000) x8  0x0000000080031f90
core   0: 0x000000008000f41a (0x000087aa) c.mv    a5, a0
core   0: 3 0x000000008000f41a (0x87aa) x15 0x0000000000000000
core   0: 0x000000008000f41c (0x0000872e) c.mv    a4, a1
core   0: 3 0x000000008000f41c (0x872e) x14 0x0000000000000001
core   0: 0x000000008000f41e (0xfef42623) sw      a5, -20(s0)
core   0: 3 0x000000008000f41e (0xfef42623) mem 0x0000000080031f7c 0x00000000
core   0: 0x000000008000f422 (0x000087ba) c.mv    a5, a4
core   0: 3 0x000000008000f422 (0x87ba) x15 0x0000000000000001
core   0: 0x000000008000f424 (0xfef42423) sw      a5, -24(s0)
core   0: 3 0x000000008000f424 (0xfef42423) mem 0x0000000080031f78 0x00000001
core   0: 0x000000008000f428 (0x00000001) c.nop
core   0: 3 0x000000008000f428 (0x0001)
core   0: 0x000000008000f42a (0xfec42783) lw      a5, -20(s0)
core   0: 3 0x000000008000f42a (0xfec42783) x15 0x0000000000000000 mem 0x0000000080031f7c
core   0: 0x000000008000f42e (0x00002781) c.addiw a5, 0
core   0: 3 0x000000008000f42e (0x2781) x15 0x0000000000000000
core   0: 0x000000008000f430 (0x0000ffed) c.bnez  a5, pc - 6
core   0: 3 0x000000008000f430 (0xffed)
core   0: 0x000000008000f432 (0x00000001) c.nop
core   0: 3 0x000000008000f432 (0x0001)
core   0: 0x000000008000f434 (0x00000001) c.nop
core   0: 3 0x000000008000f434 (0x0001)
core   0: 0x000000008000f436 (0x00006462) c.ldsp  s0, 24(sp)
core   0: 3 0x000000008000f436 (0x6462) x8  0x0000000080032040 mem 0x0000000080031f88
core   0: 0x000000008000f438 (0x00006105) c.addi16sp sp, 32
core   0: 3 0x000000008000f438 (0x6105) x2  0x0000000080031f90
core   0: 0x000000008000f43a (0x00008082) ret
core   0: 3 0x000000008000f43a (0x8082)
core   0: 0x000000008000f516 (0x00004581) c.li    a1, 0
core   0: 3 0x000000008000f516 (0x4581) x11 0x0000000000000000
core   0: 0x000000008000f518 (0x00004501) c.li    a0, 0
core   0: 3 0x000000008000f518 (0x4501) x10 0x0000000000000000
core   0: 0x000000008000f51a (0xae7f20ef) jal     pc - 0xd51a
core   0: 3 0x000000008000f51a (0xae7f20ef) x1  0x000000008000f51e
core   0: >>>>  main
core   0: 0x0000000080002000 (0x00000001) c.nop
core   0: 3 0x0000000080002000 (0x0001)
core   0: >>>>  trap_vec_init
core   0: 0x0000000080002002 (0x00002797) auipc   a5, 0x2
core   0: 3 0x0000000080002002 (0x00002797) x15 0x0000000080004002
core   0: 0x0000000080002006 (0xffe78793) addi    a5, a5, -2
core   0: 3 0x0000000080002006 (0xffe78793) x15 0x0000000080004000
core   0: 0x000000008000200a (0x30579073) csrrw   zero, mtvec, a5
core   0: 3 0x000000008000200a (0x30579073) c773_mtvec 0x0000000080004000
core   0: >>>>  pmp_setup
core   0: 0x000000008000200e (0x00002c17) auipc   s8, 0x2
core   0: 3 0x000000008000200e (0x00002c17) x24 0x000000008000400e
core   0: 0x0000000080002012 (0x022c0c13) addi    s8, s8, 34
core   0: 3 0x0000000080002012 (0x022c0c13) x24 0x0000000080004030
core   0: 0x0000000080002016 (0x00004781) c.li    a5, 0
core   0: 3 0x0000000080002016 (0x4781) x15 0x0000000000000000
core   0: 0x0000000080002018 (0x00009c3e) c.add   s8, a5
core   0: 3 0x0000000080002018 (0x9c3e) x24 0x0000000080004030
core   0: 0x000000008000201a (0x3b0c1073) csrrw   zero, pmpaddr0, s8
core   0: 3 0x000000008000201a (0x3b0c1073) c944_pmpaddr0 0x0000000080004030
core   0: 0x000000008000201e (0x00004c3d) c.li    s8, 15
core   0: 3 0x000000008000201e (0x4c3d) x24 0x000000000000000f
core   0: 0x0000000080002020 (0x3a0c1073) csrrw   zero, pmpcfg0, s8
core   0: 3 0x0000000080002020 (0x3a0c1073) c928_pmpcfg0 0x000000000000000f
core   0: 0x0000000080002024 (0x12000073) sfence.vma zero, zero
core   0: 3 0x0000000080002024 (0x12000073)
core   0: >>>>  mepc_setup
core   0: 0x0000000080002028 (0x00002797) auipc   a5, 0x2
core   0: 3 0x0000000080002028 (0x00002797) x15 0x0000000080004028
core   0: 0x000000008000202c (0x00878793) addi    a5, a5, 8
core   0: 3 0x000000008000202c (0x00878793) x15 0x0000000080004030
core   0: 0x0000000080002030 (0x34179073) csrrw   zero, mepc, a5
core   0: 3 0x0000000080002030 (0x34179073) c833_mepc 0x0000000080004030
core   0: >>>>  custom_csr_setup
core   0: 0x0000000080002034 (0x00100f9b) addiw   t6, zero, 1
core   0: 3 0x0000000080002034 (0x00100f9b) x31 0x0000000000000001
core   0: 0x0000000080002038 (0x00000ffe) c.slli  t6, 31
core   0: 3 0x0000000080002038 (0x0ffe) x31 0x0000000080000000
core   0: 0x000000008000203a (0x00000001) c.nop
core   0: 3 0x000000008000203a (0x0001)
core   0: >>>>  init_s_mode
core   0: 0x000000008000203c (0xfff0079b) addiw   a5, zero, -1
core   0: 3 0x000000008000203c (0xfff0079b) x15 0xffffffffffffffff
core   0: 0x0000000080002040 (0x000017fe) c.slli  a5, 63
core   0: 3 0x0000000080002040 (0x17fe) x15 0x8000000000000000
core   0: 0x0000000080002042 (0x18079073) csrrw   zero, satp, a5
core   0: 3 0x0000000080002042 (0x18079073) c384_satp 0x8000000000000000
core   0: 0x0000000080002046 (0x0000f797) auipc   a5, 0xf
core   0: 3 0x0000000080002046 (0x0000f797) x15 0x0000000080011046
core   0: 0x000000008000204a (0xfba78793) addi    a5, a5, -70
core   0: 3 0x000000008000204a (0xfba78793) x15 0x0000000080011000
core   0: 0x000000008000204e (0x000083b1) c.srli  a5, 12
core   0: 3 0x000000008000204e (0x83b1) x15 0x0000000000080011
core   0: 0x0000000080002050 (0x0010061b) addiw   a2, zero, 1
core   0: 3 0x0000000080002050 (0x0010061b) x12 0x0000000000000001
core   0: 0x0000000080002054 (0x00001632) c.slli  a2, 44
core   0: 3 0x0000000080002054 (0x1632) x12 0x0000100000000000
core   0: 0x0000000080002056 (0x0000167d) c.addi  a2, -1
core   0: 3 0x0000000080002056 (0x167d) x12 0x00000fffffffffff
core   0: 0x0000000080002058 (0x00008ff1) c.and   a5, a2
core   0: 3 0x0000000080002058 (0x8ff1) x15 0x0000000000080011
core   0: 0x000000008000205a (0x1807a073) csrrs   zero, satp, a5
core   0: 3 0x000000008000205a (0x1807a073) c384_satp 0x8000000000080011
core   0: 0x000000008000205e (0x00a005b7) lui     a1, 0xa00
core   0: 3 0x000000008000205e (0x00a005b7) x11 0x0000000000a00000
core   0: 0x0000000080002062 (0x10b5859b) addiw   a1, a1, 267
core   0: 3 0x0000000080002062 (0x10b5859b) x11 0x0000000000a0010b
core   0: 0x0000000080002066 (0x000005b2) c.slli  a1, 12
core   0: 3 0x0000000080002066 (0x05b2) x11 0x0000000a0010b000
core   0: 0x0000000080002068 (0xa0058593) addi    a1, a1, -1536
core   0: 3 0x0000000080002068 (0xa0058593) x11 0x0000000a0010aa00
core   0: 0x000000008000206c (0x30059073) csrrw   zero, mstatus, a1
core   0: 3 0x000000008000206c (0x30059073) c768_mstatus 0x0000000a00102800
core   0: 0x0000000080002070 (0x30459073) csrrw   zero, mie, a1
core   0: 3 0x0000000080002070 (0x30459073) c772_mie 0x0000000000000a00
core   0: 0x0000000080002074 (0x00a005b7) lui     a1, 0xa00
core   0: 3 0x0000000080002074 (0x00a005b7) x11 0x0000000000a00000
core   0: 0x0000000080002078 (0x10b5859b) addiw   a1, a1, 267
core   0: 3 0x0000000080002078 (0x10b5859b) x11 0x0000000000a0010b
core   0: 0x000000008000207c (0x000005b2) c.slli  a1, 12
core   0: 3 0x000000008000207c (0x05b2) x11 0x0000000a0010b000
core   0: 0x000000008000207e (0xa0058593) addi    a1, a1, -1536
core   0: 3 0x000000008000207e (0xa0058593) x11 0x0000000a0010aa00
core   0: 0x0000000080002082 (0x10059073) csrrw   zero, sstatus, a1
core   0: 3 0x0000000080002082 (0x10059073) c768_mstatus 0x0000000a00102800
core   0: 0x0000000080002086 (0x10459073) csrrw   zero, sie, a1
core   0: 3 0x0000000080002086 (0x10459073) c772_mie 0x0000000000000a00
core   0: 0x000000008000208a (0x30200073) mret
core   0: 3 0x000000008000208a (0x30200073) c768_mstatus 0x0000000a00102080
core   0: >>>>  main_g
core   0: 0x0000000080004030 (0x01c39e13) slli    t3, t2, 28
core   0: 1 0x0000000080004030 (0x01c39e13) x28 0x0000000000000000
core   0: 0x0000000080004034 (0x0249733b) remuw   t1, s2, tp
core   0: 1 0x0000000080004034 (0x0249733b) x6  0x0000000000000000
core   0: 0x0000000080004038 (0xf20885d3) fmv.d.x fa1, a7
core   0: 1 0x0000000080004038 (0xf20885d3) c768_mstatus 0x8000000a00106080 f11 0x0000000000000000
core   0: 0x000000008000403c (0x406953b3) sra     t2, s2, t1
core   0: 1 0x000000008000403c (0x406953b3) x7  0x0000000000000000
core   0: 0x0000000080004040 (0x01829493) slli    s1, t0, 24
core   0: 1 0x0000000080004040 (0x01829493) x9  0x0080000124000000
core   0: 0x0000000080004044 (0x0006aa33) slt     s4, a3, zero
core   0: 1 0x0000000080004044 (0x0006aa33) x20 0x0000000000000000
core   0: 0x0000000080004048 (0xc205f253) fcvt.w.d tp, fa1
core   0: 1 0x0000000080004048 (0xc205f253) x4  0x0000000000000000
core   0: 0x000000008000404c (0x01577e33) and     t3, a4, s5
core   0: 1 0x000000008000404c (0x01577e33) x28 0x0000000000000000
core   0: 0x0000000080004050 (0x4015f853) fcvt.s.d fa6, fa1
core   0: 1 0x0000000080004050 (0x4015f853) f16 0xffffffff00000000
core   0: 0x0000000080004054 (0x02d406bb) mulw    a3, s0, a3
core   0: 1 0x0000000080004054 (0x02d406bb) x13 0x0000000000000000
core   0: 0x0000000080004058 (0x40d08d33) sub     s10, ra, a3
core   0: 1 0x0000000080004058 (0x40d08d33) x26 0x000000008000f51e
core   0: 0x000000008000405c (0x238e1d53) fsgnjn.d fs10, ft8, fs8
core   0: 1 0x000000008000405c (0x238e1d53) f26 0x7fffffff00000000
core   0: 0x0000000080004060 (0x401efd53) fcvt.s.d fs10, ft9
core   0: 1 0x0000000080004060 (0x401efd53) f26 0xffffffff7fc00000
core   0: 0x0000000080004064 (0x00b0d79b) srliw   a5, ra, 11
core   0: 1 0x0000000080004064 (0x00b0d79b) x15 0x000000000010001e
core   0: 0x0000000080004068 (0x01abdbb3) srl     s7, s7, s10
core   0: 1 0x0000000080004068 (0x01abdbb3) x23 0x0000000000000000
core   0: 0x000000008000406c (0x00000001) c.nop
core   0: 1 0x000000008000406c (0x0001)
core   0: 0x000000008000406e (0x405d5abb) sraw    s5, s10, t0
core   0: 1 0x000000008000406e (0x405d5abb) x21 0xfffffffff8000f51
core   0: 0x0000000080004072 (0x015aa733) slt     a4, s5, s5
core   0: 1 0x0000000080004072 (0x015aa733) x14 0x0000000000000000
core   0: 0x0000000080004076 (0x403203bb) subw    t2, tp, gp
core   0: 1 0x0000000080004076 (0x403203bb) x7  0x000000007ffed7d8
core   0: 0x000000008000407a (0xb7383037) lui     zero, 0xb7383
core   0: 1 0x000000008000407a (0xb7383037)
core   0: 0x000000008000407e (0x4105d59b) sraiw   a1, a1, 16
core   0: 1 0x000000008000407e (0x4105d59b) x11 0x0000000000000010
core   0: 0x0000000080004082 (0xe715c693) xori    a3, a1, -399
core   0: 1 0x0000000080004082 (0xe715c693) x13 0xfffffffffffffe61
core   0: 0x0000000080004086 (0xc22370d3) fcvt.l.d ra, ft6
core   0: 1 0x0000000080004086 (0xc22370d3) c1_fflags 0x0000000000000010 x1  0x7fffffffffffffff
core   0: 0x000000008000408a (0x0102dd13) srli    s10, t0, 16
core   0: 1 0x000000008000408a (0x0102dd13) x26 0x0000000000008000
core   0: 0x000000008000408e (0x0ff0000f) fence   iorw,iorw
core   0: 1 0x000000008000408e (0x0ff0000f)
core   0: 0x0000000080004092 (0x033d5333) divu    t1, s10, s3
core   0: 1 0x0000000080004092 (0x033d5333) x6  0xffffffffffffffff
core   0: 0x0000000080004096 (0x4014db13) srai    s6, s1, 1
core   0: 1 0x0000000080004096 (0x4014db13) x22 0x0040000092000000
core   0: 0x000000008000409a (0x015417bb) sllw    a5, s0, s5
core   0: 1 0x000000008000409a (0x015417bb) x15 0x0000000040800000
core   0: 0x000000008000409e (0x40db5a3b) sraw    s4, s6, a3
core   0: 1 0x000000008000409e (0x40db5a3b) x20 0xffffffffc9000000
core   0: 0x00000000800040a2 (0xd027ff53) fcvt.s.l ft10, a5
core   0: 1 0x00000000800040a2 (0xd027ff53) f30 0xffffffff4e810000
core   0: 0x00000000800040a6 (0x00006433) or      s0, zero, zero
core   0: 1 0x00000000800040a6 (0x00006433) x8  0x0000000000000000
core   0: 0x00000000800040aa (0x13ef7953) fmul.d  fs2, ft10, ft10
core   0: 1 0x00000000800040aa (0x13ef7953) f18 0x7ff8000000000000
core   0: 0x00000000800040ae (0x02d28eb3) mul     t4, t0, a3
core   0: 1 0x00000000800040ae (0x02d28eb3) x29 0xffffff307ffe26a4
core   0: 0x00000000800040b2 (0x2248a8d3) fsgnjx.d fa7, fa7, ft4
core   0: 1 0x00000000800040b2 (0x2248a8d3) f17 0x7fffffff00000000
core   0: 0x00000000800040b6 (0x031975d3) fadd.d  fa1, fs2, fa7
core   0: 1 0x00000000800040b6 (0x031975d3) f11 0x7ff8000000000000
core   0: 0x00000000800040ba (0x40ecd43b) sraw    s0, s9, a4
core   0: 1 0x00000000800040ba (0x40ecd43b) x8  0x0000000000000000
core   0: 0x00000000800040be (0x028e3e33) mulhu   t3, t3, s0
core   0: 1 0x00000000800040be (0x028e3e33) x28 0x0000000000000000
core   0: 0x00000000800040c2 (0x420a8ad3) fcvt.d.s fs5, fs5
core   0: 1 0x00000000800040c2 (0x420a8ad3) f21 0x0000000000000000
core   0: 0x00000000800040c6 (0x7ff04493) xori    s1, zero, 2047
core   0: 1 0x00000000800040c6 (0x7ff04493) x9  0x00000000000007ff
core   0: 0x00000000800040ca (0x029622b3) mulhsu  t0, a2, s1
core   0: 1 0x00000000800040ca (0x029622b3) x5  0x0000000000000000
core   0: 0x00000000800040ce (0x8b92e313) ori     t1, t0, -1863
core   0: 1 0x00000000800040ce (0x8b92e313) x6  0xfffffffffffff8b9
core   0: 0x00000000800040d2 (0xe20580d3) fmv.x.d ra, fa1
core   0: 1 0x00000000800040d2 (0xe20580d3) x1  0x7ff8000000000000
core   0: 0x00000000800040d6 (0xd23bf1d3) fcvt.d.lu ft3, s7
core   0: 1 0x00000000800040d6 (0xd23bf1d3) f3  0x0000000000000000
core   0: 0x00000000800040da (0x3061fb73) csrrci  s6, mcounteren, 3
core   0: exception trap_illegal_instruction, epc 0x00000000800040da
core   0:           tval 0x000000003061fb73
core   0: >>>>  $xrv64i2p1_m2p0_a2p1_f2p2_d2p2_zicsr2p0_zifencei2p0_zmmul1p0_zba1p0_zbb1p0_zbc1p0_zbs1p0
core   0: 0x0000000080004000 (0x0080006f) j       pc + 0x8
core   0: 3 0x0000000080004000 (0x0080006f)
core   0: >>>>  mmode_exception_handler
core   0: 0x0000000080004008 (0x00002c17) auipc   s8, 0x2
core   0: 3 0x0000000080004008 (0x00002c17) x24 0x0000000080006008
core   0: 0x000000008000400c (0x074c0c13) addi    s8, s8, 116
core   0: 3 0x000000008000400c (0x074c0c13) x24 0x000000008000607c
core   0: 0x0000000080004010 (0x000c00e7) jalr    s8
core   0: 3 0x0000000080004010 (0x000c00e7) x1  0x0000000080004014
core   0: >>>>  any_handler
core   0: 0x000000008000607c (0x341027f3) csrrs   a5, mepc, zero
core   0: 3 0x000000008000607c (0x341027f3) x15 0x00000000800040da
core   0: 0x0000000080006080 (0x34202773) csrrs   a4, mcause, zero
core   0: 3 0x0000000080006080 (0x34202773) x14 0x0000000000000002
core   0: 0x0000000080006084 (0x142026f3) csrrs   a3, scause, zero
core   0: 3 0x0000000080006084 (0x142026f3) x13 0x0000000000000000
core   0: 0x0000000080006088 (0x30402673) csrrs   a2, mie, zero
core   0: 3 0x0000000080006088 (0x30402673) x12 0x0000000000000a00
core   0: 0x000000008000608c (0x344025f3) csrrs   a1, mip, zero
core   0: 3 0x000000008000608c (0x344025f3) x11 0x0000000000000080
core   0: 0x0000000080006090 (0x343025f3) csrrs   a1, mtval, zero
core   0: 3 0x0000000080006090 (0x343025f3) x11 0x000000003061fb73
core   0: 0x0000000080006094 (0x14302573) csrrs   a0, stval, zero
core   0: 3 0x0000000080006094 (0x14302573) x10 0x0000000000000000
core   0: 0x0000000080006098 (0xb02024f3) csrrs   s1, minstret, zero
core   0: 3 0x0000000080006098 (0xb02024f3) x9  0x00000000000007f6
core   0: 0x000000008000609c (0x0000a811) c.j     pc + 20
core   0: 3 0x000000008000609c (0xa811)
core   0: >>>>  mepc_4
core   0: 0x00000000800060b0 (0x00000791) c.addi  a5, 4
core   0: 3 0x00000000800060b0 (0x0791) x15 0x00000000800040de
core   0: 0x00000000800060b2 (0x34179073) csrrw   zero, mepc, a5
core   0: 3 0x00000000800060b2 (0x34179073) c833_mepc 0x00000000800040de
core   0: 0x00000000800060b6 (0x30200073) mret
core   0: 3 0x00000000800060b6 (0x30200073) c768_mstatus 0x8000000a00106080
core   0: 0x00000000800040de (0x41c10bbb) subw    s7, sp, t3
core   0: 1 0x00000000800040de (0x41c10bbb) x23 0xffffffff80031f90
core   0: 0x00000000800040e2 (0x401f7153) fcvt.s.d ft2, ft10
core   0: 1 0x00000000800040e2 (0x401f7153) f2  0xffffffff7fc00000
core   0: 0x00000000800040e6 (0x000b9a1b) slliw   s4, s7, 0
core   0: 1 0x00000000800040e6 (0x000b9a1b) x20 0xffffffff80031f90
core   0: 0x00000000800040ea (0xc22f78d3) fcvt.l.d a7, ft10
core   0: 1 0x00000000800040ea (0xc22f78d3) c1_fflags 0x0000000000000010 x17 0x7fffffffffffffff
core   0: 0x00000000800040ee (0x22fd87d3) fsgnj.d fa5, fs11, fa5
core   0: 1 0x00000000800040ee (0x22fd87d3) f15 0xffffffff00000000
core   0: 0x00000000800040f2 (0x416b5d33) sra     s10, s6, s6
core   0: 1 0x00000000800040f2 (0x416b5d33) x26 0x0040000092000000
core   0: 0x00000000800040f6 (0xadb88d93) addi    s11, a7, -1317
core   0: 1 0x00000000800040f6 (0xadb88d93) x27 0x7ffffffffffffada
core   0: 0x00000000800040fa (0x016dc233) xor     tp, s11, s6
core   0: 1 0x00000000800040fa (0x016dc233) x4  0x7fbfffff6dfffada
core   0: 0x00000000800040fe (0x034224b3) mulhsu  s1, tp, s4
core   0: 1 0x00000000800040fe (0x034224b3) x9  0x7fbfffff2e2189da
core   0: 0x0000000080004102 (0x75616617) auipc   a2, 0x75616
core   0: 1 0x0000000080004102 (0x75616617) x12 0x00000000f561a102
core   0: 0x0000000080004106 (0xc02777d3) fcvt.l.s a5, fa4
core   0: 1 0x0000000080004106 (0xc02777d3) x15 0x0000000000000000
core   0: 0x000000008000410a (0xf8d93bb7) lui     s7, 0xf8d93
core   0: 1 0x000000008000410a (0xf8d93bb7) x23 0xfffffffff8d93000
core   0: 0x000000008000410e (0x143b8b9b) addiw   s7, s7, 323
core   0: 1 0x000000008000410e (0x143b8b9b) x23 0xfffffffff8d93143
core   0: 0x0000000080004112 (0x00000bb2) c.slli  s7, 12
core   0: 1 0x0000000080004112 (0x0bb2) x23 0xffffff8d93143000
core   0: 0x0000000080004114 (0xcd2b8b93) addi    s7, s7, -814
core   0: 1 0x0000000080004114 (0xcd2b8b93) x23 0xffffff8d93142cd2
core   0: 0x0000000080004118 (0x417cd73b) sraw    a4, s9, s7
core   0: 1 0x0000000080004118 (0x417cd73b) x14 0x0000000000000000
core   0: 0x000000008000411c (0x02b38433) mul     s0, t2, a1
core   0: 1 0x000000008000411c (0x02b38433) x8  0x1830c5c0a5f3be08
core   0: 0x0000000080004120 (0x0292f1b3) remu    gp, t0, s1
core   0: 1 0x0000000080004120 (0x0292f1b3) x3  0x0000000000000000
core   0: 0x0000000080004124 (0xd20e81d3) fcvt.d.w ft3, t4
core   0: 1 0x0000000080004124 (0xd20e81d3) f3  0x41dfff89a9000000
core   0: 0x0000000080004128 (0x4112579b) sraiw   a5, tp, 17
core   0: 1 0x0000000080004128 (0x4112579b) x15 0x00000000000036ff
core   0: 0x000000008000412c (0x1060e073) csrrsi  zero, scounteren, 1
core   0: 1 0x000000008000412c (0x1060e073) c262_scounteren 0x0000000000000000
core   0: 0x0000000080004130 (0x03b75e33) divu    t3, a4, s11
core   0: 1 0x0000000080004130 (0x03b75e33) x28 0x0000000000000000
core   0: 0x0000000080004134 (0xd029f253) fcvt.s.l ft4, s3
core   0: 1 0x0000000080004134 (0xd029f253) f4  0xffffffff00000000
core   0: 0x0000000080004138 (0x7b87fa43) fmadd.d fs4, fa5, fs8, fa5
core   0: 1 0x0000000080004138 (0x7b87fa43) f20 0x7ff8000000000000
core   0: 0x000000008000413c (0xc81fd7f3) csrrwi  a5, timeh, 31
core   0: exception trap_illegal_instruction, epc 0x000000008000413c
core   0:           tval 0x00000000c81fd7f3
core   0: >>>>  $xrv64i2p1_m2p0_a2p1_f2p2_d2p2_zicsr2p0_zifencei2p0_zmmul1p0_zba1p0_zbb1p0_zbc1p0_zbs1p0
core   0: 0x0000000080004000 (0x0080006f) j       pc + 0x8
core   0: 3 0x0000000080004000 (0x0080006f)
core   0: >>>>  mmode_exception_handler
core   0: 0x0000000080004008 (0x00002c17) auipc   s8, 0x2
core   0: 3 0x0000000080004008 (0x00002c17) x24 0x0000000080006008
core   0: 0x000000008000400c (0x074c0c13) addi    s8, s8, 116
core   0: 3 0x000000008000400c (0x074c0c13) x24 0x000000008000607c
core   0: 0x0000000080004010 (0x000c00e7) jalr    s8
core   0: 3 0x0000000080004010 (0x000c00e7) x1  0x0000000080004014
core   0: >>>>  any_handler
core   0: 0x000000008000607c (0x341027f3) csrrs   a5, mepc, zero
core   0: 3 0x000000008000607c (0x341027f3) x15 0x000000008000413c
core   0: 0x0000000080006080 (0x34202773) csrrs   a4, mcause, zero
core   0: 3 0x0000000080006080 (0x34202773) x14 0x0000000000000002
core   0: 0x0000000080006084 (0x142026f3) csrrs   a3, scause, zero
core   0: 3 0x0000000080006084 (0x142026f3) x13 0x0000000000000000
core   0: 0x0000000080006088 (0x30402673) csrrs   a2, mie, zero
core   0: 3 0x0000000080006088 (0x30402673) x12 0x0000000000000a00
core   0: 0x000000008000608c (0x344025f3) csrrs   a1, mip, zero
core   0: 3 0x000000008000608c (0x344025f3) x11 0x0000000000000080
core   0: 0x0000000080006090 (0x343025f3) csrrs   a1, mtval, zero
core   0: 3 0x0000000080006090 (0x343025f3) x11 0x00000000c81fd7f3
core   0: 0x0000000080006094 (0x14302573) csrrs   a0, stval, zero
core   0: 3 0x0000000080006094 (0x14302573) x10 0x0000000000000000
core   0: 0x0000000080006098 (0xb02024f3) csrrs   s1, minstret, zero
core   0: 3 0x0000000080006098 (0xb02024f3) x9  0x000000000000081e
core   0: 0x000000008000609c (0x0000a811) c.j     pc + 20
core   0: 3 0x000000008000609c (0xa811)
core   0: >>>>  mepc_4
core   0: 0x00000000800060b0 (0x00000791) c.addi  a5, 4
core   0: 3 0x00000000800060b0 (0x0791) x15 0x0000000080004140
core   0: 0x00000000800060b2 (0x34179073) csrrw   zero, mepc, a5
core   0: 3 0x00000000800060b2 (0x34179073) c833_mepc 0x0000000080004140
core   0: 0x00000000800060b6 (0x30200073) mret
core   0: 3 0x00000000800060b6 (0x30200073) c768_mstatus 0x8000000a00106080
core   0: 0x0000000080004140 (0x01d584b3) add     s1, a1, t4
core   0: 1 0x0000000080004140 (0x01d584b3) x9  0xffffff31481dfe97
core   0: 0x0000000080004144 (0x0ff0000f) fence   iorw,iorw
core   0: 1 0x0000000080004144 (0x0ff0000f)
core   0: 0x0000000080004148 (0xc221f3d3) fcvt.l.d t2, ft3
core   0: 1 0x0000000080004148 (0xc221f3d3) x7  0x000000007ffe26a4
core   0: 0x000000008000414c (0x40d3d6bb) sraw    a3, t2, a3
core   0: 1 0x000000008000414c (0x40d3d6bb) x13 0x000000007ffe26a4
core   0: 0x0000000080004150 (0x0310a0b3) mulhsu  ra, ra, a7
core   0: 1 0x0000000080004150 (0x0310a0b3) x1  0x0000000040002009
core   0: 0x0000000080004154 (0xc03bf5d3) fcvt.lu.s a1, fs7
core   0: 1 0x0000000080004154 (0xc03bf5d3) x11 0x0000000000000000
core   0: 0x0000000080004158 (0x22ba0753) fsgnj.d fa4, fs4, fa1
core   0: 1 0x0000000080004158 (0x22ba0753) f14 0x7ff8000000000000
core   0: 0x000000008000415c (0x02c2043b) mulw    s0, tp, a2
core   0: 1 0x000000008000415c (0x02c2043b) x8  0xffffffffffcc8400
core   0: 0x0000000080004160 (0xd0267fd3) fcvt.s.l ft11, a2
core   0: 1 0x0000000080004160 (0xd0267fd3) f31 0xffffffff45200000
core   0: 0x0000000080004164 (0x027720b7) lui     ra, 0x2772
core   0: 1 0x0000000080004164 (0x027720b7) x1  0x0000000002772000
core   0: 0x0000000080004168 (0x6b30809b) addiw   ra, ra, 1715
core   0: 1 0x0000000080004168 (0x6b30809b) x1  0x00000000027726b3
core   0: 0x000000008000416c (0x000000b2) c.slli  ra, 12
core   0: 1 0x000000008000416c (0x00b2) x1  0x00000027726b3000
core   0: 0x000000008000416e (0x90008093) addi    ra, ra, -1792
core   0: 1 0x000000008000416e (0x90008093) x1  0x00000027726b2900
core   0: 0x0000000080004172 (0x01b081b3) add     gp, ra, s11
core   0: 1 0x0000000080004172 (0x01b081b3) x3  0x80000027726b23da
core   0: 0x0000000080004176 (0x411850bb) sraw    ra, a6, a7
core   0: 1 0x0000000080004176 (0x411850bb) x1  0x0000000000000000
core   0: 0x000000008000417a (0x0010973b) sllw    a4, ra, ra
core   0: 1 0x000000008000417a (0x0010973b) x14 0x0000000000000000
core   0: 0x000000008000417e (0xd03e71d3) fcvt.s.lu ft3, t3
core   0: 1 0x000000008000417e (0xd03e71d3) f3  0xffffffff00000000
core   0: 0x0000000080004182 (0xa3fe0b53) fle.d   s6, ft8, ft11
core   0: 1 0x0000000080004182 (0xa3fe0b53) c1_fflags 0x0000000000000010 x22 0x0000000000000000
core   0: 0x0000000080004186 (0x424c7247) fmsub.d ft4, fs8, ft4, fs0
core   0: 1 0x0000000080004186 (0x424c7247) f4  0x7ff8000000000000
core   0: 0x000000008000418a (0xc23278d3) fcvt.lu.d a7, ft4
core   0: 1 0x000000008000418a (0xc23278d3) c1_fflags 0x0000000000000010 x17 0xffffffffffffffff
core   0: 0x000000008000418e (0x0196973b) sllw    a4, a3, s9
core   0: 1 0x000000008000418e (0x0196973b) x14 0x000000007ffe26a4
core   0: 0x0000000080004192 (0x3319b293) sltiu   t0, s3, 817
core   0: 1 0x0000000080004192 (0x3319b293) x5  0x0000000000000001
core   0: 0x0000000080004196 (0x005d0a33) add     s4, s10, t0
core   0: 1 0x0000000080004196 (0x005d0a33) x20 0x0040000092000001
core   0: 0x000000008000419a (0xc2367153) fcvt.lu.d sp, fa2
core   0: 1 0x000000008000419a (0xc2367153) c1_fflags 0x0000000000000010 x2  0xffffffffffffffff
core   0: 0x000000008000419e (0xc2047c53) fcvt.w.d s8, fs0
core   0: 1 0x000000008000419e (0xc2047c53) c1_fflags 0x0000000000000010 x24 0x000000007fffffff
core   0: 0x00000000800041a2 (0x03329a93) slli    s5, t0, 51
core   0: 1 0x00000000800041a2 (0x03329a93) x21 0x0008000000000000
core   0: 0x00000000800041a6 (0x03294e3b) divw    t3, s2, s2
core   0: 1 0x00000000800041a6 (0x03294e3b) x28 0xffffffffffffffff
core   0: 0x00000000800041aa (0x03cbac33) mulhsu  s8, s7, t3
core   0: 1 0x00000000800041aa (0x03cbac33) x24 0xffffff8d93142cd2
core   0: 0x00000000800041ae (0x0a46f153) fsub.d  ft2, fa3, ft4
core   0: 1 0x00000000800041ae (0x0a46f153) f2  0x7ff8000000000000
core   0: 0x00000000800041b2 (0x0214fcd3) fadd.d  fs9, fs1, ft1
core   0: 1 0x00000000800041b2 (0x0214fcd3) f25 0x7ff8000000000000
core   0: 0x00000000800041b6 (0xf862e437) lui     s0, 0xf862e
core   0: 1 0x00000000800041b6 (0xf862e437) x8  0xfffffffff862e000
core   0: 0x00000000800041ba (0x57f4041b) addiw   s0, s0, 1407
core   0: 1 0x00000000800041ba (0x57f4041b) x8  0xfffffffff862e57f
core   0: 0x00000000800041be (0x00000432) c.slli  s0, 12
core   0: 1 0x00000000800041be (0x0432) x8  0xffffff862e57f000
core   0: 0x00000000800041c0 (0x16b40413) addi    s0, s0, 363
core   0: 1 0x00000000800041c0 (0x16b40413) x8  0xffffff862e57f16b
core   0: 0x00000000800041c4 (0x400c5793) srai    a5, s8, 0
core   0: 1 0x00000000800041c4 (0x400c5793) x15 0xffffff8d93142cd2
core   0: 0x00000000800041c8 (0x00000001) c.nop
core   0: 1 0x00000000800041c8 (0x0001)
core   0: 0x00000000800041ca (0xc21cf753) fcvt.wu.d a4, fs9
core   0: 1 0x00000000800041ca (0xc21cf753) c1_fflags 0x0000000000000010 x14 0xffffffffffffffff
core   0: 0x00000000800041ce (0x651206b7) lui     a3, 0x65120
core   0: 1 0x00000000800041ce (0x651206b7) x13 0x0000000065120000
core   0: 0x00000000800041d2 (0x7ffa7913) andi    s2, s4, 2047
core   0: 1 0x00000000800041d2 (0x7ffa7913) x18 0x0000000000000001
core   0: 0x00000000800041d6 (0xd22b7b53) fcvt.d.l fs6, s6
core   0: 1 0x00000000800041d6 (0xd22b7b53) f22 0x0000000000000000
core   0: 0x00000000800041da (0x2b630353) fmin.d  ft6, ft6, fs6
core   0: 1 0x00000000800041da (0x2b630353) f6  0x0000000000000000
core   0: 0x00000000800041de (0x03455033) divu    zero, a0, s4
core   0: 1 0x00000000800041de (0x03455033)
core   0: 0x00000000800041e2 (0x7ff90213) addi    tp, s2, 2047
core   0: 1 0x00000000800041e2 (0x7ff90213) x4  0x0000000000000800
core   0: 0x00000000800041e6 (0x03804d33) div     s10, zero, s8
core   0: 1 0x00000000800041e6 (0x03804d33) x26 0x0000000000000000
core   0: 0x00000000800041ea (0x22632253) fsgnjx.d ft4, ft6, ft6
core   0: 1 0x00000000800041ea (0x22632253) f4  0x0000000000000000
core   0: 0x00000000800041ee (0x42060ad3) fcvt.d.s fs5, fa2
core   0: 1 0x00000000800041ee (0x42060ad3) f21 0x0000000000000000
core   0: 0x00000000800041f2 (0xc23cfbd3) fcvt.lu.d s7, fs9
core   0: 1 0x00000000800041f2 (0xc23cfbd3) c1_fflags 0x0000000000000010 x23 0xffffffffffffffff
core   0: 0x00000000800041f6 (0xe20d0cd3) fmv.x.d s9, fs10
core   0: 1 0x00000000800041f6 (0xe20d0cd3) x25 0xffffffff7fc00000
core   0: 0x00000000800041fa (0x01914d33) xor     s10, sp, s9
core   0: 1 0x00000000800041fa (0x01914d33) x26 0x00000000803fffff
core   0: 0x00000000800041fe (0x0244a233) mulhsu  tp, s1, tp
core   0: 1 0x00000000800041fe (0x0244a233) x4  0xffffffffffffffff
core   0: 0x0000000080004202 (0x4017f7d3) fcvt.s.d fa5, fa5
core   0: 1 0x0000000080004202 (0x4017f7d3) f15 0xffffffff7fc00000
core   0: 0x0000000080004206 (0x00000001) c.nop
core   0: 1 0x0000000080004206 (0x0001)
core   0: 0x0000000080004208 (0x62f7f44b) fnmsub.d fs0, fa5, fa5, fa2
core   0: 1 0x0000000080004208 (0x62f7f44b) f8  0x7ff8000000000000
core   0: 0x000000008000420c (0x006d1933) sll     s2, s10, t1
core   0: 1 0x000000008000420c (0x006d1933) x18 0xfe00000000000000
core   0: 0x0000000080004210 (0x228b1b53) fsgnjn.d fs6, fs6, fs0
core   0: 1 0x0000000080004210 (0x228b1b53) f22 0x8000000000000000
core   0: 0x0000000080004214 (0xd2347dd3) fcvt.d.lu fs11, s0
core   0: 1 0x0000000080004214 (0xd2347dd3) c1_fflags 0x0000000000000011 f27 0x43effffff0c5cafe
core   0: 0x0000000080004218 (0x6401c893) xori    a7, gp, 1600
core   0: 1 0x0000000080004218 (0x6401c893) x17 0x80000027726b259a
core   0: 0x000000008000421c (0x401650b3) sra     ra, a2, ra
core   0: 1 0x000000008000421c (0x401650b3) x1  0x0000000000000a00
core   0: 0x0000000080004220 (0x0311fd33) remu    s10, gp, a7
core   0: 1 0x0000000080004220 (0x0311fd33) x26 0x80000027726b23da
core   0: 0x0000000080004224 (0x01ac503b) srlw    zero, s8, s10
core   0: 1 0x0000000080004224 (0x01ac503b)
core   0: 0x0000000080004228 (0xa28b0553) fle.d   a0, fs6, fs0
core   0: 1 0x0000000080004228 (0xa28b0553) c1_fflags 0x0000000000000011 x10 0x0000000000000000
core   0: 0x000000008000422c (0xc02171d3) fcvt.l.s gp, ft2
core   0: 1 0x000000008000422c (0xc02171d3) c1_fflags 0x0000000000000011 x3  0x7fffffffffffffff
core   0: 0x0000000080004230 (0x00865037) lui     zero, 0x865
core   0: 1 0x0000000080004230 (0x00865037)
core   0: 0x0000000080004234 (0xcb70001b) addiw   zero, zero, -841
core   0: 1 0x0000000080004234 (0xcb70001b)
core   0: 0x0000000080004238 (0x00c01013) slli    zero, zero, 12
core   0: 1 0x0000000080004238 (0x00c01013)
core   0: 0x000000008000423c (0x3e800013) li      zero, 1000
core   0: 1 0x000000008000423c (0x3e800013)
core   0: 0x0000000080004240 (0x02ad1533) mulh    a0, s10, a0
core   0: 1 0x0000000080004240 (0x02ad1533) x10 0x0000000000000000
core   0: 0x0000000080004244 (0x024dd3bb) divuw   t2, s11, tp
core   0: 1 0x0000000080004244 (0x024dd3bb) x7  0x0000000000000000
core   0: 0x0000000080004248 (0xd2327853) fcvt.d.lu fa6, tp
core   0: 1 0x0000000080004248 (0xd2327853) c1_fflags 0x0000000000000011 f16 0x43f0000000000000
core   0: 0x000000008000424c (0x000edb1b) srliw   s6, t4, 0
core   0: 1 0x000000008000424c (0x000edb1b) x22 0x000000007ffe26a4
core   0: 0x0000000080004250 (0x4007d7bb) sraw    a5, a5, zero
core   0: 1 0x0000000080004250 (0x4007d7bb) x15 0xffffffff93142cd2
core   0: 0x0000000080004254 (0x87cc24b7) lui     s1, 0x87cc2
core   0: 1 0x0000000080004254 (0x87cc24b7) x9  0xffffffff87cc2000
core   0: 0x0000000080004258 (0x01d7e6b3) or      a3, a5, t4
core   0: 1 0x0000000080004258 (0x01d7e6b3) x13 0xfffffffffffe2ef6
core   0: 0x000000008000425c (0x409789bb) subw    s3, a5, s1
core   0: 1 0x000000008000425c (0x409789bb) x19 0x000000000b480cd2
core   0: 0x0000000080004260 (0x02d9a133) mulhsu  sp, s3, a3
core   0: 1 0x0000000080004260 (0x02d9a133) x2  0x000000000b480cd1
core   0: 0x0000000080004264 (0x00000001) c.nop
core   0: 1 0x0000000080004264 (0x0001)
core   0: 0x0000000080004266 (0x33887c4b) fnmsub.d fs8, fa6, fs8, ft6
core   0: 1 0x0000000080004266 (0x33887c4b) f24 0x7ff8000000000000
core   0: 0x000000008000426a (0x61aa0337) lui     t1, 0x61aa0
core   0: 1 0x000000008000426a (0x61aa0337) x6  0x0000000061aa0000
core   0: 0x000000008000426e (0x5a06f7d3) fsqrt.d fa5, fa3
core   0: 1 0x000000008000426e (0x5a06f7d3) f15 0x7ff8000000000000
core   0: 0x0000000080004272 (0x0ff0000f) fence   iorw,iorw
core   0: 1 0x0000000080004272 (0x0ff0000f)
core   0: 0x0000000080004276 (0x55a76737) lui     a4, 0x55a76
core   0: 1 0x0000000080004276 (0x55a76737) x14 0x0000000055a76000
core   0: 0x000000008000427a (0xd20988d3) fcvt.d.w fa7, s3
core   0: 1 0x000000008000427a (0xd20988d3) f17 0x41a69019a4000000
core   0: 0x000000008000427e (0x00211b73) csrrw   s6, frm, sp
core   0: 1 0x000000008000427e (0x00211b73) x22 0x0000000000000000 c2_frm 0x0000000000000001
core   0: 0x0000000080004282 (0x02647cb3) remu    s9, s0, t1
core   0: 1 0x0000000080004282 (0x02647cb3) x25 0x000000001725f16b
core   0: 0x0000000080004286 (0xeb18fecf) fnmadd.d ft9, fa7, fa7, ft9
core   0: 1 0x0000000080004286 (0xeb18fecf) f29 0x7ff8000000000000
core   0: 0x000000008000428a (0xd2130fd3) fcvt.d.wu ft11, t1
core   0: 1 0x000000008000428a (0xd2130fd3) f31 0x41d86a8000000000
core   0: 0x000000008000428e (0x8a6df5c7) fmsub.d fa1, fs11, ft6, fa7
core   0: 1 0x000000008000428e (0x8a6df5c7) f11 0xc1a69019a4000000
core   0: 0x0000000080004292 (0x006d20b3) slt     ra, s10, t1
core   0: 1 0x0000000080004292 (0x006d20b3) x1  0x0000000000000001
core   0: 0x0000000080004296 (0x0139843b) addw    s0, s3, s3
core   0: 1 0x0000000080004296 (0x0139843b) x8  0x00000000169019a4
core   0: 0x000000008000429a (0x01d25233) srl     tp, tp, t4
core   0: 1 0x000000008000429a (0x01d25233) x4  0x000000000fffffff
core   0: 0x000000008000429e (0x0ff0000f) fence   iorw,iorw
core   0: 1 0x000000008000429e (0x0ff0000f)
core   0: 0x00000000800042a2 (0xeee80913) addi    s2, a6, -274
core   0: 1 0x00000000800042a2 (0xeee80913) x18 0xfffffffffffffeee
core   0: 0x00000000800042a6 (0xc972e737) lui     a4, 0xc972e
core   0: 1 0x00000000800042a6 (0xc972e737) x14 0xffffffffc972e000
core   0: 0x00000000800042aa (0x001e5e1b) srliw   t3, t3, 1
core   0: 1 0x00000000800042aa (0x001e5e1b) x28 0x000000007fffffff
core   0: 0x00000000800042ae (0x401473d3) fcvt.s.d ft7, fs0
core   0: 1 0x00000000800042ae (0x401473d3) f7  0xffffffff7fc00000
core   0: 0x00000000800042b2 (0x01c961b3) or      gp, s2, t3
core   0: 1 0x00000000800042b2 (0x01c961b3) x3  0xffffffffffffffff
core   0: 0x00000000800042b6 (0x41fe5a93) srai    s5, t3, 31
core   0: 1 0x00000000800042b6 (0x41fe5a93) x21 0x0000000000000000
core   0: 0x00000000800042ba (0x40f187b3) sub     a5, gp, a5
core   0: 1 0x00000000800042ba (0x40f187b3) x15 0x000000006cebd32d
core   0: 0x00000000800042be (0x00249273) csrrw   tp, frm, s1
core   0: 1 0x00000000800042be (0x00249273) x4  0x0000000000000001 c2_frm 0x0000000000000000
core   0: 0x00000000800042c2 (0x4014d093) srai    ra, s1, 1
core   0: 1 0x00000000800042c2 (0x4014d093) x1  0xffffffffc3e61000
core   0: 0x00000000800042c6 (0x00a49413) slli    s0, s1, 10
core   0: 1 0x00000000800042c6 (0x00a49413) x8  0xfffffe1f30800000
core   0: 0x00000000800042ca (0x800b8413) addi    s0, s7, -2048
core   0: 1 0x00000000800042ca (0x800b8413) x8  0xfffffffffffff7ff
core   0: 0x00000000800042ce (0xd0247053) fcvt.s.l ft0, s0
core   0: 1 0x00000000800042ce (0xd0247053) f0  0xffffffffc5001000
core   0: 0x00000000800042d2 (0x004b1d33) sll     s10, s6, tp
core   0: 1 0x00000000800042d2 (0x004b1d33) x26 0x0000000000000000
core   0: 0x00000000800042d6 (0x007d153b) sllw    a0, s10, t2
core   0: 1 0x00000000800042d6 (0x007d153b) x10 0x0000000000000000
core   0: 0x00000000800042da (0x41de8eb3) sub     t4, t4, t4
core   0: 1 0x00000000800042da (0x41de8eb3) x29 0x0000000000000000
core   0: 0x00000000800042de (0x032b433b) divw    t1, s6, s2
core   0: 1 0x00000000800042de (0x032b433b) x6  0x0000000000000000
core   0: 0x00000000800042e2 (0x42a35813) srai    a6, t1, 42
core   0: 1 0x00000000800042e2 (0x42a35813) x16 0x0000000000000000
core   0: 0x00000000800042e6 (0x43fbdb93) srai    s7, s7, 63
core   0: 1 0x00000000800042e6 (0x43fbdb93) x23 0xffffffffffffffff
core   0: 0x00000000800042ea (0xa3750253) fle.d   tp, fa0, fs7
core   0: 1 0x00000000800042ea (0xa3750253) c1_fflags 0x0000000000000011 x4  0x0000000000000000
core   0: 0x00000000800042ee (0x0049d9bb) srlw    s3, s3, tp
core   0: 1 0x00000000800042ee (0x0049d9bb) x19 0x000000000b480cd2
core   0: 0x00000000800042f2 (0x0374d73b) divuw   a4, s1, s7
core   0: 1 0x00000000800042f2 (0x0374d73b) x14 0x0000000000000000
core   0: 0x00000000800042f6 (0x03325b33) divu    s6, tp, s3
core   0: 1 0x00000000800042f6 (0x03325b33) x22 0x0000000000000000
core   0: 0x00000000800042fa (0x32302073) csrrs   zero, mhpmevent3, zero
core   0: exception trap_illegal_instruction, epc 0x00000000800042fa
core   0:           tval 0x0000000032302073
core   0: >>>>  $xrv64i2p1_m2p0_a2p1_f2p2_d2p2_zicsr2p0_zifencei2p0_zmmul1p0_zba1p0_zbb1p0_zbc1p0_zbs1p0
core   0: 0x0000000080004000 (0x0080006f) j       pc + 0x8
core   0: 3 0x0000000080004000 (0x0080006f)
core   0: >>>>  mmode_exception_handler
core   0: 0x0000000080004008 (0x00002c17) auipc   s8, 0x2
core   0: 3 0x0000000080004008 (0x00002c17) x24 0x0000000080006008
core   0: 0x000000008000400c (0x074c0c13) addi    s8, s8, 116
core   0: 3 0x000000008000400c (0x074c0c13) x24 0x000000008000607c
core   0: 0x0000000080004010 (0x000c00e7) jalr    s8
core   0: 3 0x0000000080004010 (0x000c00e7) x1  0x0000000080004014
core   0: >>>>  any_handler
core   0: 0x000000008000607c (0x341027f3) csrrs   a5, mepc, zero
core   0: 3 0x000000008000607c (0x341027f3) x15 0x00000000800042fa
core   0: 0x0000000080006080 (0x34202773) csrrs   a4, mcause, zero
core   0: 3 0x0000000080006080 (0x34202773) x14 0x0000000000000002
core   0: 0x0000000080006084 (0x142026f3) csrrs   a3, scause, zero
core   0: 3 0x0000000080006084 (0x142026f3) x13 0x0000000000000000
core   0: 0x0000000080006088 (0x30402673) csrrs   a2, mie, zero
core   0: 3 0x0000000080006088 (0x30402673) x12 0x0000000000000a00
core   0: 0x000000008000608c (0x344025f3) csrrs   a1, mip, zero
core   0: 3 0x000000008000608c (0x344025f3) x11 0x0000000000000080
core   0: 0x0000000080006090 (0x343025f3) csrrs   a1, mtval, zero
core   0: 3 0x0000000080006090 (0x343025f3) x11 0x0000000032302073
core   0: 0x0000000080006094 (0x14302573) csrrs   a0, stval, zero
core   0: 3 0x0000000080006094 (0x14302573) x10 0x0000000000000000
core   0: 0x0000000080006098 (0xb02024f3) csrrs   s1, minstret, zero
core   0: 3 0x0000000080006098 (0xb02024f3) x9  0x000000000000089f
core   0: 0x000000008000609c (0x0000a811) c.j     pc + 20
core   0: 3 0x000000008000609c (0xa811)
core   0: >>>>  mepc_4
core   0: 0x00000000800060b0 (0x00000791) c.addi  a5, 4
core   0: 3 0x00000000800060b0 (0x0791) x15 0x00000000800042fe
core   0: 0x00000000800060b2 (0x34179073) csrrw   zero, mepc, a5
core   0: 3 0x00000000800060b2 (0x34179073) c833_mepc 0x00000000800042fe
core   0: 0x00000000800060b6 (0x30200073) mret
core   0: 3 0x00000000800060b6 (0x30200073) c768_mstatus 0x8000000a00106080
core   0: 0x00000000800042fe (0x000ed21b) srliw   tp, t4, 0
core   0: 1 0x00000000800042fe (0x000ed21b) x4  0x0000000000000000
core   0: 0x0000000080004302 (0x932f7ccb) fnmsub.d fs9, ft10, fs2, fs2
core   0: 1 0x0000000080004302 (0x932f7ccb) f25 0x7ff8000000000000
core   0: 0x0000000080004306 (0x002022f3) csrrs   t0, frm, zero
core   0: 1 0x0000000080004306 (0x002022f3) x5  0x0000000000000000
core   0: 0x000000008000430a (0x727cfd47) fmsub.d fs10, fs9, ft7, fa4
core   0: 1 0x000000008000430a (0x727cfd47) f26 0x7ff8000000000000
core   0: 0x000000008000430e (0xd03b74d3) fcvt.s.lu fs1, s6
core   0: 1 0x000000008000430e (0xd03b74d3) f9  0xffffffff00000000
core   0: 0x0000000080004312 (0x037aa333) mulhsu  t1, s5, s7
core   0: 1 0x0000000080004312 (0x037aa333) x6  0x0000000000000000
core   0: 0x0000000080004316 (0x005aeab3) or      s5, s5, t0
core   0: 1 0x0000000080004316 (0x005aeab3) x21 0x0000000000000000
core   0: 0x000000008000431a (0x0000985e) c.add   a6, s7
core   0: 1 0x000000008000431a (0x985e) x16 0xffffffffffffffff
core   0: 0x000000008000431c (0xc02cfed3) fcvt.l.s t4, fs9
core   0: 1 0x000000008000431c (0xc02cfed3) c1_fflags 0x0000000000000011 x29 0x7fffffffffffffff
core   0: 0x0000000080004320 (0x00000886) c.slli  a7, 1
core   0: 1 0x0000000080004320 (0x0886) x17 0x0000004ee4d64b34
core   0: 0x0000000080004322 (0x1b9cf8d3) fdiv.d  fa7, fs9, fs9
core   0: 1 0x0000000080004322 (0x1b9cf8d3) f17 0x7ff8000000000000
core   0: 0x0000000080004326 (0x7aa8f0cf) fnmadd.d ft1, fa7, fa0, fa5
core   0: 1 0x0000000080004326 (0x7aa8f0cf) f1  0x7ff8000000000000
core   0: 0x000000008000432a (0x40e45abb) sraw    s5, s0, a4
core   0: 1 0x000000008000432a (0x40e45abb) x21 0xfffffffffffffdff
core   0: 0x000000008000432e (0x41145c93) srai    s9, s0, 17
core   0: 1 0x000000008000432e (0x41145c93) x25 0xffffffffffffffff
core   0: 0x0000000080004332 (0xd03ef853) fcvt.s.lu fa6, t4
core   0: 1 0x0000000080004332 (0xd03ef853) c1_fflags 0x0000000000000011 f16 0xffffffff5f000000
core   0: 0x0000000080004336 (0x0129e933) or      s2, s3, s2
core   0: 1 0x0000000080004336 (0x0129e933) x18 0xfffffffffffffefe
core   0: 0x000000008000433a (0x0b9c8813) addi    a6, s9, 185
core   0: 1 0x000000008000433a (0x0b9c8813) x16 0x00000000000000b8
core   0: 0x000000008000433e (0x016a5913) srli    s2, s4, 22
core   0: 1 0x000000008000433e (0x016a5913) x18 0x0000000100000248
core   0: 0x0000000080004342 (0x03d22eb3) mulhsu  t4, tp, t4
core   0: 1 0x0000000080004342 (0x03d22eb3) x29 0x0000000000000000
core   0: 0x0000000080004346 (0x23800153) fsgnj.d ft2, ft0, fs8
core   0: 1 0x0000000080004346 (0x23800153) f2  0x7fffffffc5001000
core   0: 0x000000008000434a (0x23b814d3) fsgnjn.d fs1, fa6, fs11
core   0: 1 0x000000008000434a (0x23b814d3) f9  0xffffffff5f000000
core   0: 0x000000008000434e (0xd236f753) fcvt.d.lu fa4, a3
core   0: 1 0x000000008000434e (0xd236f753) f14 0x0000000000000000
core   0: 0x0000000080004352 (0x03de5633) divu    a2, t3, t4
core   0: 1 0x0000000080004352 (0x03de5633) x12 0xffffffffffffffff
core   0: 0x0000000080004356 (0x00f49b3b) sllw    s6, s1, a5
core   0: 1 0x0000000080004356 (0x00f49b3b) x22 0xffffffffc0000000
core   0: 0x000000008000435a (0x00987833) and     a6, a6, s1
core   0: 1 0x000000008000435a (0x00987833) x16 0x0000000000000098
core   0: 0x000000008000435e (0x13577dd3) fmul.d  fs11, fa4, fs5
core   0: 1 0x000000008000435e (0x13577dd3) f27 0x0000000000000000
core   0: 0x0000000080004362 (0x00000001) c.nop
core   0: 1 0x0000000080004362 (0x0001)
core   0: 0x0000000080004364 (0x42a57443) fmadd.d fs0, fa0, fa0, fs0
core   0: 1 0x0000000080004364 (0x42a57443) f8  0x7ff8000000000000
core   0: 0x0000000080004368 (0x23522ad3) fsgnjx.d fs5, ft4, fs5
core   0: 1 0x0000000080004368 (0x23522ad3) f21 0x0000000000000000
core   0: 0x000000008000436c (0x40f0d7b3) sra     a5, ra, a5
core   0: 1 0x000000008000436c (0x40f0d7b3) x15 0x0000000000000000
core   0: 0x0000000080004370 (0x034154b3) divu    s1, sp, s4
core   0: 1 0x0000000080004370 (0x034154b3) x9  0x0000000000000000
core   0: 0x0000000080004374 (0x2ab805d3) fmin.d  fa1, fa6, fa1
core   0: 1 0x0000000080004374 (0x2ab805d3) f11 0xc1a69019a4000000
core   0: 0x0000000080004378 (0xc0287ed3) fcvt.l.s t4, fa6
core   0: 1 0x0000000080004378 (0xc0287ed3) c1_fflags 0x0000000000000011 x29 0x7fffffffffffffff
core   0: 0x000000008000437c (0xadbbb637) lui     a2, 0xadbbb
core   0: 1 0x000000008000437c (0xadbbb637) x12 0xffffffffadbbb000
core   0: 0x0000000080004380 (0x00445433) srl     s0, s0, tp
core   0: 1 0x0000000080004380 (0x00445433) x8  0xfffffffffffff7ff
core   0: 0x0000000080004384 (0xc0367cd3) fcvt.lu.s s9, fa2
core   0: 1 0x0000000080004384 (0xc0367cd3) x25 0x0000000000000000
core   0: 0x0000000080004388 (0x00d38933) add     s2, t2, a3
core   0: 1 0x0000000080004388 (0x00d38933) x18 0x0000000000000000
core   0: 0x000000008000438c (0xd035fad3) fcvt.s.lu fs5, a1
core   0: 1 0x000000008000438c (0xd035fad3) c1_fflags 0x0000000000000011 f21 0xffffffff4e48c082
core   0: 0x0000000080004390 (0x01b02433) slt     s0, zero, s11
core   0: 1 0x0000000080004390 (0x01b02433) x8  0x0000000000000001
core   0: 0x0000000080004394 (0xc0306773) csrrsi  a4, hpmcounter3, 0
core   0: exception trap_illegal_instruction, epc 0x0000000080004394
core   0:           tval 0x00000000c0306773
core   0: >>>>  $xrv64i2p1_m2p0_a2p1_f2p2_d2p2_zicsr2p0_zifencei2p0_zmmul1p0_zba1p0_zbb1p0_zbc1p0_zbs1p0
core   0: 0x0000000080004000 (0x0080006f) j       pc + 0x8
core   0: 3 0x0000000080004000 (0x0080006f)
core   0: >>>>  mmode_exception_handler
core   0: 0x0000000080004008 (0x00002c17) auipc   s8, 0x2
core   0: 3 0x0000000080004008 (0x00002c17) x24 0x0000000080006008
core   0: 0x000000008000400c (0x074c0c13) addi    s8, s8, 116
core   0: 3 0x000000008000400c (0x074c0c13) x24 0x000000008000607c
core   0: 0x0000000080004010 (0x000c00e7) jalr    s8
core   0: 3 0x0000000080004010 (0x000c00e7) x1  0x0000000080004014
core   0: >>>>  any_handler
core   0: 0x000000008000607c (0x341027f3) csrrs   a5, mepc, zero
core   0: 3 0x000000008000607c (0x341027f3) x15 0x0000000080004394
core   0: 0x0000000080006080 (0x34202773) csrrs   a4, mcause, zero
core   0: 3 0x0000000080006080 (0x34202773) x14 0x0000000000000002
core   0: 0x0000000080006084 (0x142026f3) csrrs   a3, scause, zero
core   0: 3 0x0000000080006084 (0x142026f3) x13 0x0000000000000000
core   0: 0x0000000080006088 (0x30402673) csrrs   a2, mie, zero
core   0: 3 0x0000000080006088 (0x30402673) x12 0x0000000000000a00
core   0: 0x000000008000608c (0x344025f3) csrrs   a1, mip, zero
core   0: 3 0x000000008000608c (0x344025f3) x11 0x0000000000000080
core   0: 0x0000000080006090 (0x343025f3) csrrs   a1, mtval, zero
core   0: 3 0x0000000080006090 (0x343025f3) x11 0x00000000c0306773
core   0: 0x0000000080006094 (0x14302573) csrrs   a0, stval, zero
core   0: 3 0x0000000080006094 (0x14302573) x10 0x0000000000000000
core   0: 0x0000000080006098 (0xb02024f3) csrrs   s1, minstret, zero
core   0: 3 0x0000000080006098 (0xb02024f3) x9  0x00000000000008d6
core   0: 0x000000008000609c (0x0000a811) c.j     pc + 20
core   0: 3 0x000000008000609c (0xa811)
core   0: >>>>  mepc_4
core   0: 0x00000000800060b0 (0x00000791) c.addi  a5, 4
core   0: 3 0x00000000800060b0 (0x0791) x15 0x0000000080004398
core   0: 0x00000000800060b2 (0x34179073) csrrw   zero, mepc, a5
core   0: 3 0x00000000800060b2 (0x34179073) c833_mepc 0x0000000080004398
core   0: 0x00000000800060b6 (0x30200073) mret
core   0: 3 0x00000000800060b6 (0x30200073) c768_mstatus 0x8000000a00106080
core   0: 0x0000000080004398 (0x7ec4f893) andi    a7, s1, 2028
core   0: 1 0x0000000080004398 (0x7ec4f893) x17 0x00000000000000c4
core   0: 0x000000008000439c (0x40075c13) srai    s8, a4, 0
core   0: 1 0x000000008000439c (0x40075c13) x24 0x0000000000000002
core   0: 0x00000000800043a0 (0xc21ff253) fcvt.wu.d tp, ft11
core   0: 1 0x00000000800043a0 (0xc21ff253) x4  0x0000000061aa0000
core   0: 0x00000000800043a4 (0x024990b3) mulh    ra, s3, tp
core   0: 1 0x00000000800043a4 (0x024990b3) x1  0x0000000000000000
core   0: 0x00000000800043a8 (0x00b8dcbb) srlw    s9, a7, a1
core   0: 1 0x00000000800043a8 (0x00b8dcbb) x25 0x0000000000000000
core   0: 0x00000000800043ac (0x125270d3) fmul.d  ft1, ft4, ft5
core   0: 1 0x00000000800043ac (0x125270d3) f1  0x7ff8000000000000
core   0: 0x00000000800043b0 (0x03fe9a13) slli    s4, t4, 63
core   0: 1 0x00000000800043b0 (0x03fe9a13) x20 0x8000000000000000
core   0: 0x00000000800043b4 (0x00009236) c.add   tp, a3
core   0: 1 0x00000000800043b4 (0x9236) x4  0x0000000061aa0000
core   0: 0x00000000800043b6 (0x0044c0b3) xor     ra, s1, tp
core   0: 1 0x00000000800043b6 (0x0044c0b3) x1  0x0000000061aa08d6
core   0: 0x00000000800043ba (0x420909d3) fcvt.d.s fs3, fs2
core   0: 1 0x00000000800043ba (0x420909d3) f19 0x7ff8000000000000
core   0: 0x00000000800043be (0x4060d03b) sraw    zero, ra, t1
core   0: 1 0x00000000800043be (0x4060d03b)
core   0: 0x00000000800043c2 (0x00009a46) c.add   s4, a7
core   0: 1 0x00000000800043c2 (0x9a46) x20 0x80000000000000c4
core   0: 0x00000000800043c4 (0x0005053b) addw    a0, a0, zero
core   0: 1 0x00000000800043c4 (0x0005053b) x10 0x0000000000000000
core   0: 0x00000000800043c8 (0x025b5b3b) divuw   s6, s6, t0
core   0: 1 0x00000000800043c8 (0x025b5b3b) x22 0xffffffffffffffff
core   0: 0x00000000800043cc (0x0000047d) c.addi  s0, 31
core   0: 1 0x00000000800043cc (0x047d) x8  0x0000000000000020
core   0: 0x00000000800043ce (0xd20b0953) fcvt.d.w fs2, s6
core   0: 1 0x00000000800043ce (0xd20b0953) f18 0xbff0000000000000
core   0: 0x00000000800043d2 (0xbe24e093) ori     ra, s1, -1054
core   0: 1 0x00000000800043d2 (0xbe24e093) x1  0xfffffffffffffbf6
core   0: 0x00000000800043d6 (0x03540abb) mulw    s5, s0, s5
core   0: 1 0x00000000800043d6 (0x03540abb) x21 0xffffffffffffbfe0
core   0: 0x00000000800043da (0xc0505c73) csrrwi  s8, hpmcounter5, 0
core   0: exception trap_illegal_instruction, epc 0x00000000800043da
core   0:           tval 0x00000000c0505c73
core   0: >>>>  $xrv64i2p1_m2p0_a2p1_f2p2_d2p2_zicsr2p0_zifencei2p0_zmmul1p0_zba1p0_zbb1p0_zbc1p0_zbs1p0
core   0: 0x0000000080004000 (0x0080006f) j       pc + 0x8
core   0: 3 0x0000000080004000 (0x0080006f)
core   0: >>>>  mmode_exception_handler
core   0: 0x0000000080004008 (0x00002c17) auipc   s8, 0x2
core   0: 3 0x0000000080004008 (0x00002c17) x24 0x0000000080006008
core   0: 0x000000008000400c (0x074c0c13) addi    s8, s8, 116
core   0: 3 0x000000008000400c (0x074c0c13) x24 0x000000008000607c
core   0: 0x0000000080004010 (0x000c00e7) jalr    s8
core   0: 3 0x0000000080004010 (0x000c00e7) x1  0x0000000080004014
core   0: >>>>  any_handler
core   0: 0x000000008000607c (0x341027f3) csrrs   a5, mepc, zero
core   0: 3 0x000000008000607c (0x341027f3) x15 0x00000000800043da
core   0: 0x0000000080006080 (0x34202773) csrrs   a4, mcause, zero
core   0: 3 0x0000000080006080 (0x34202773) x14 0x0000000000000002
core   0: 0x0000000080006084 (0x142026f3) csrrs   a3, scause, zero
core   0: 3 0x0000000080006084 (0x142026f3) x13 0x0000000000000000
core   0: 0x0000000080006088 (0x30402673) csrrs   a2, mie, zero
core   0: 3 0x0000000080006088 (0x30402673) x12 0x0000000000000a00
core   0: 0x000000008000608c (0x344025f3) csrrs   a1, mip, zero
core   0: 3 0x000000008000608c (0x344025f3) x11 0x0000000000000080
core   0: 0x0000000080006090 (0x343025f3) csrrs   a1, mtval, zero
core   0: 3 0x0000000080006090 (0x343025f3) x11 0x00000000c0505c73
core   0: 0x0000000080006094 (0x14302573) csrrs   a0, stval, zero
core   0: 3 0x0000000080006094 (0x14302573) x10 0x0000000000000000
core   0: 0x0000000080006098 (0xb02024f3) csrrs   s1, minstret, zero
core   0: 3 0x0000000080006098 (0xb02024f3) x9  0x00000000000008f8
core   0: 0x000000008000609c (0x0000a811) c.j     pc + 20
core   0: 3 0x000000008000609c (0xa811)
core   0: >>>>  mepc_4
core   0: 0x00000000800060b0 (0x00000791) c.addi  a5, 4
core   0: 3 0x00000000800060b0 (0x0791) x15 0x00000000800043de
core   0: 0x00000000800060b2 (0x34179073) csrrw   zero, mepc, a5
core   0: 3 0x00000000800060b2 (0x34179073) c833_mepc 0x00000000800043de
core   0: 0x00000000800060b6 (0x30200073) mret
core   0: 3 0x00000000800060b6 (0x30200073) c768_mstatus 0x8000000a00106080
core   0: 0x00000000800043de (0x401cf253) fcvt.s.d ft4, fs9
core   0: 1 0x00000000800043de (0x401cf253) f4  0xffffffff7fc00000
core   0: 0x00000000800043e2 (0x03a6c733) div     a4, a3, s10
core   0: 1 0x00000000800043e2 (0x03a6c733) x14 0xffffffffffffffff
core   0: 0x00000000800043e6 (0x10a06073) csrrsi  zero, senvcfg, 0
core   0: 1 0x00000000800043e6 (0x10a06073)
core   0: 0x00000000800043ea (0x71266793) ori     a5, a2, 1810
core   0: 1 0x00000000800043ea (0x71266793) x15 0x0000000000000f12
core   0: 0x00000000800043ee (0x01971d93) slli    s11, a4, 25
core   0: 1 0x00000000800043ee (0x01971d93) x27 0xfffffffffe000000
core   0: 0x00000000800043f2 (0x0b1272d3) fsub.d  ft5, ft4, fa7
core   0: 1 0x00000000800043f2 (0x0b1272d3) f5  0x7ff8000000000000
core   0: 0x00000000800043f6 (0x4012f053) fcvt.s.d ft0, ft5
core   0: 1 0x00000000800043f6 (0x4012f053) f0  0xffffffff7fc00000
core   0: 0x00000000800043fa (0xf9bedbb7) lui     s7, 0xf9bed
core   0: 1 0x00000000800043fa (0xf9bedbb7) x23 0xfffffffff9bed000
core   0: 0x00000000800043fe (0xa45b8b9b) addiw   s7, s7, -1467
core   0: 1 0x00000000800043fe (0xa45b8b9b) x23 0xfffffffff9beca45
core   0: 0x0000000080004402 (0x00000bb2) c.slli  s7, 12
core   0: 1 0x0000000080004402 (0x0bb2) x23 0xffffff9beca45000
core   0: 0x0000000080004404 (0xad2b8b93) addi    s7, s7, -1326
core   0: 1 0x0000000080004404 (0xad2b8b93) x23 0xffffff9beca44ad2
core   0: 0x0000000080004408 (0x008b903b) sllw    zero, s7, s0
core   0: 1 0x0000000080004408 (0x008b903b)
core   0: 0x000000008000440c (0x03d179bb) remuw   s3, sp, t4
core   0: 1 0x000000008000440c (0x03d179bb) x19 0x000000000b480cd1
core   0: 0x0000000080004410 (0x01ffae37) lui     t3, 0x1ffa
core   0: 1 0x0000000080004410 (0x01ffae37) x28 0x0000000001ffa000
core   0: 0x0000000080004414 (0xf45e0e1b) addiw   t3, t3, -187
core   0: 1 0x0000000080004414 (0xf45e0e1b) x28 0x0000000001ff9f45
core   0: 0x0000000080004418 (0x00000e36) c.slli  t3, 13
core   0: 1 0x0000000080004418 (0x0e36) x28 0x0000003ff3e8a000
core   0: 0x000000008000441a (0x237e0e13) addi    t3, t3, 567
core   0: 1 0x000000008000441a (0x237e0e13) x28 0x0000003ff3e8a237
core   0: 0x000000008000441e (0x0202f6cf) fnmadd.d fa3, ft5, ft0, ft0
core   0: 1 0x000000008000441e (0x0202f6cf) f13 0x7ff8000000000000
core   0: 0x0000000080004422 (0x02f9f3bb) remuw   t2, s3, a5
core   0: 1 0x0000000080004422 (0x02f9f3bb) x7  0x000000000000065b
core   0: 0x0000000080004426 (0x0248f153) fadd.d  ft2, fa7, ft4
core   0: 1 0x0000000080004426 (0x0248f153) f2  0x7ff8000000000000
core   0: 0x000000008000442a (0x0ff0000f) fence   iorw,iorw
core   0: 1 0x000000008000442a (0x0ff0000f)
core   0: 0x000000008000442e (0x01bdda3b) srlw    s4, s11, s11
core   0: 1 0x000000008000442e (0x01bdda3b) x20 0xfffffffffe000000
core   0: 0x0000000080004432 (0x027a6533) rem     a0, s4, t2
core   0: 1 0x0000000080004432 (0x027a6533) x10 0xfffffffffffffcd5
core   0: 0x0000000080004436 (0x5a03f853) fsqrt.d fa6, ft7
core   0: 1 0x0000000080004436 (0x5a03f853) f16 0x7ff8000000000000
core   0: 0x000000008000443a (0x007522b3) slt     t0, a0, t2
core   0: 1 0x000000008000443a (0x007522b3) x5  0x0000000000000001
core   0: 0x000000008000443e (0x0007fc33) and     s8, a5, zero
core   0: 1 0x000000008000443e (0x0007fc33) x24 0x0000000000000000
core   0: 0x0000000080004442 (0xf12ff5f3) csrrci  a1, marchid, 31
core   0: exception trap_illegal_instruction, epc 0x0000000080004442
core   0:           tval 0x00000000f12ff5f3
core   0: >>>>  $xrv64i2p1_m2p0_a2p1_f2p2_d2p2_zicsr2p0_zifencei2p0_zmmul1p0_zba1p0_zbb1p0_zbc1p0_zbs1p0
core   0: 0x0000000080004000 (0x0080006f) j       pc + 0x8
core   0: 3 0x0000000080004000 (0x0080006f)
core   0: >>>>  mmode_exception_handler
core   0: 0x0000000080004008 (0x00002c17) auipc   s8, 0x2
core   0: 3 0x0000000080004008 (0x00002c17) x24 0x0000000080006008
core   0: 0x000000008000400c (0x074c0c13) addi    s8, s8, 116
core   0: 3 0x000000008000400c (0x074c0c13) x24 0x000000008000607c
core   0: 0x0000000080004010 (0x000c00e7) jalr    s8
core   0: 3 0x0000000080004010 (0x000c00e7) x1  0x0000000080004014
core   0: >>>>  any_handler
core   0: 0x000000008000607c (0x341027f3) csrrs   a5, mepc, zero
core   0: 3 0x000000008000607c (0x341027f3) x15 0x0000000080004442
core   0: 0x0000000080006080 (0x34202773) csrrs   a4, mcause, zero
core   0: 3 0x0000000080006080 (0x34202773) x14 0x0000000000000002
core   0: 0x0000000080006084 (0x142026f3) csrrs   a3, scause, zero
core   0: 3 0x0000000080006084 (0x142026f3) x13 0x0000000000000000
core   0: 0x0000000080006088 (0x30402673) csrrs   a2, mie, zero
core   0: 3 0x0000000080006088 (0x30402673) x12 0x0000000000000a00
core   0: 0x000000008000608c (0x344025f3) csrrs   a1, mip, zero
core   0: 3 0x000000008000608c (0x344025f3) x11 0x0000000000000080
core   0: 0x0000000080006090 (0x343025f3) csrrs   a1, mtval, zero
core   0: 3 0x0000000080006090 (0x343025f3) x11 0x00000000f12ff5f3
core   0: 0x0000000080006094 (0x14302573) csrrs   a0, stval, zero
core   0: 3 0x0000000080006094 (0x14302573) x10 0x0000000000000000
core   0: 0x0000000080006098 (0xb02024f3) csrrs   s1, minstret, zero
core   0: 3 0x0000000080006098 (0xb02024f3) x9  0x0000000000000922
core   0: 0x000000008000609c (0x0000a811) c.j     pc + 20
core   0: 3 0x000000008000609c (0xa811)
core   0: >>>>  mepc_4
core   0: 0x00000000800060b0 (0x00000791) c.addi  a5, 4
core   0: 3 0x00000000800060b0 (0x0791) x15 0x0000000080004446
core   0: 0x00000000800060b2 (0x34179073) csrrw   zero, mepc, a5
core   0: 3 0x00000000800060b2 (0x34179073) c833_mepc 0x0000000080004446
core   0: 0x00000000800060b6 (0x30200073) mret
core   0: 3 0x00000000800060b6 (0x30200073) c768_mstatus 0x8000000a00106080
core   0: 0x0000000080004446 (0xfbb17647) fmsub.d fa2, ft2, fs11, ft11
core   0: 1 0x0000000080004446 (0xfbb17647) f12 0x7ff8000000000000
core   0: 0x000000008000444a (0x012b84bb) addw    s1, s7, s2
core   0: 1 0x000000008000444a (0x012b84bb) x9  0xffffffffeca44ad2
core   0: 0x000000008000444e (0x0375ea33) rem     s4, a1, s7
core   0: 1 0x000000008000444e (0x0375ea33) x20 0x00000000f12ff5f3
core   0: 0x0000000080004452 (0x00000001) c.nop
core   0: 1 0x0000000080004452 (0x0001)
core   0: 0x0000000080004454 (0x02632c33) mulhsu  s8, t1, t1
core   0: 1 0x0000000080004454 (0x02632c33) x24 0x0000000000000000
core   0: 0x0000000080004458 (0xecf13197) auipc   gp, 0xecf13
core   0: 1 0x0000000080004458 (0xecf13197) x3  0x000000006cf17458
core   0: 0x000000008000445c (0xc5e0b397) auipc   t2, 0xc5e0b
core   0: 1 0x000000008000445c (0xc5e0b397) x7  0x0000000045e0f45c
core   0: 0x0000000080004460 (0xc22ff653) fcvt.l.d a2, ft11
core   0: 1 0x0000000080004460 (0xc22ff653) x12 0x0000000061aa0000
core   0: 0x0000000080004464 (0x003af233) and     tp, s5, gp
core   0: 1 0x0000000080004464 (0x003af233) x4  0x000000006cf13440
core   0: 0x0000000080004468 (0x007edebb) srlw    t4, t4, t2
core   0: 1 0x0000000080004468 (0x007edebb) x29 0x000000000000000f
core   0: 0x000000008000446c (0xd2168bd3) fcvt.d.wu fs7, a3
core   0: 1 0x000000008000446c (0xd2168bd3) f23 0x0000000000000000
core   0: 0x0000000080004470 (0xd0227553) fcvt.s.l fa0, tp
core   0: 1 0x0000000080004470 (0xd0227553) c1_fflags 0x0000000000000011 f10 0xffffffff4ed9e268
core   0: 0x0000000080004474 (0xd033f6d3) fcvt.s.lu fa3, t2
core   0: 1 0x0000000080004474 (0xd033f6d3) c1_fflags 0x0000000000000011 f13 0xffffffff4e8bc1e9
core   0: 0x0000000080004478 (0xd2038ed3) fcvt.d.w ft9, t2
core   0: 1 0x0000000080004478 (0xd2038ed3) f29 0x41d1783d17000000
core   0: 0x000000008000447c (0xc226fdd3) fcvt.l.d s11, fa3
core   0: 1 0x000000008000447c (0xc226fdd3) c1_fflags 0x0000000000000011 x27 0x7fffffffffffffff
core   0: 0x0000000080004480 (0xc02173d3) fcvt.l.s t2, ft2
core   0: 1 0x0000000080004480 (0xc02173d3) c1_fflags 0x0000000000000011 x7  0x7fffffffffffffff
core   0: 0x0000000080004484 (0x310a3773) csrrc   a4, mstatush, s4
core   0: exception trap_illegal_instruction, epc 0x0000000080004484
core   0:           tval 0x00000000310a3773
core   0: >>>>  $xrv64i2p1_m2p0_a2p1_f2p2_d2p2_zicsr2p0_zifencei2p0_zmmul1p0_zba1p0_zbb1p0_zbc1p0_zbs1p0
core   0: 0x0000000080004000 (0x0080006f) j       pc + 0x8
core   0: 3 0x0000000080004000 (0x0080006f)
core   0: >>>>  mmode_exception_handler
core   0: 0x0000000080004008 (0x00002c17) auipc   s8, 0x2
core   0: 3 0x0000000080004008 (0x00002c17) x24 0x0000000080006008
core   0: 0x000000008000400c (0x074c0c13) addi    s8, s8, 116
core   0: 3 0x000000008000400c (0x074c0c13) x24 0x000000008000607c
core   0: 0x0000000080004010 (0x000c00e7) jalr    s8
core   0: 3 0x0000000080004010 (0x000c00e7) x1  0x0000000080004014
core   0: >>>>  any_handler
core   0: 0x000000008000607c (0x341027f3) csrrs   a5, mepc, zero
core   0: 3 0x000000008000607c (0x341027f3) x15 0x0000000080004484
core   0: 0x0000000080006080 (0x34202773) csrrs   a4, mcause, zero
core   0: 3 0x0000000080006080 (0x34202773) x14 0x0000000000000002
core   0: 0x0000000080006084 (0x142026f3) csrrs   a3, scause, zero
core   0: 3 0x0000000080006084 (0x142026f3) x13 0x0000000000000000
core   0: 0x0000000080006088 (0x30402673) csrrs   a2, mie, zero
core   0: 3 0x0000000080006088 (0x30402673) x12 0x0000000000000a00
core   0: 0x000000008000608c (0x344025f3) csrrs   a1, mip, zero
core   0: 3 0x000000008000608c (0x344025f3) x11 0x0000000000000080
core   0: 0x0000000080006090 (0x343025f3) csrrs   a1, mtval, zero
core   0: 3 0x0000000080006090 (0x343025f3) x11 0x00000000310a3773
core   0: 0x0000000080006094 (0x14302573) csrrs   a0, stval, zero
core   0: 3 0x0000000080006094 (0x14302573) x10 0x0000000000000000
core   0: 0x0000000080006098 (0xb02024f3) csrrs   s1, minstret, zero
core   0: 3 0x0000000080006098 (0xb02024f3) x9  0x0000000000000942
core   0: 0x000000008000609c (0x0000a811) c.j     pc + 20
core   0: 3 0x000000008000609c (0xa811)
core   0: >>>>  mepc_4
core   0: 0x00000000800060b0 (0x00000791) c.addi  a5, 4
core   0: 3 0x00000000800060b0 (0x0791) x15 0x0000000080004488
core   0: 0x00000000800060b2 (0x34179073) csrrw   zero, mepc, a5
core   0: 3 0x00000000800060b2 (0x34179073) c833_mepc 0x0000000080004488
core   0: 0x00000000800060b6 (0x30200073) mret
core   0: 3 0x00000000800060b6 (0x30200073) c768_mstatus 0x8000000a00106080
core   0: 0x0000000080004488 (0xc20efb53) fcvt.w.d s6, ft9
core   0: 1 0x0000000080004488 (0xc20efb53) x22 0x0000000045e0f45c
core   0: 0x000000008000448c (0x007a1e13) slli    t3, s4, 7
core   0: 1 0x000000008000448c (0x007a1e13) x28 0x0000007897faf980
core   0: 0x0000000080004490 (0x001e11f3) csrrw   gp, fflags, t3
core   0: 1 0x0000000080004490 (0x001e11f3) x3  0x0000000000000011 c1_fflags 0x0000000000000000
core   0: 0x0000000080004494 (0xf20b84d3) fmv.d.x fs1, s7
core   0: 1 0x0000000080004494 (0xf20b84d3) f9  0xffffff9beca44ad2
core   0: 0x0000000080004498 (0x2ad71cd3) fmax.d  fs9, fa4, fa3
core   0: 1 0x0000000080004498 (0x2ad71cd3) f25 0x0000000000000000
core   0: 0x000000008000449c (0x010302b3) add     t0, t1, a6
core   0: 1 0x000000008000449c (0x010302b3) x5  0x0000000000000098
core   0: 0x00000000800044a0 (0x00547a33) and     s4, s0, t0
core   0: 1 0x00000000800044a0 (0x00547a33) x20 0x0000000000000000
core   0: 0x00000000800044a4 (0x00249773) csrrw   a4, frm, s1
core   0: 1 0x00000000800044a4 (0x00249773) x14 0x0000000000000000 c2_frm 0x0000000000000002
core   0: 0x00000000800044a8 (0x40e9d7bb) sraw    a5, s3, a4
core   0: 1 0x00000000800044a8 (0x40e9d7bb) x15 0x000000000b480cd1
core   0: 0x00000000800044ac (0xe2048cd3) fmv.x.d s9, fs1
core   0: 1 0x00000000800044ac (0xe2048cd3) x25 0xffffff9beca44ad2
core   0: 0x00000000800044b0 (0x003551b3) srl     gp, a0, gp
core   0: 1 0x00000000800044b0 (0x003551b3) x3  0x0000000000000000
core   0: 0x00000000800044b4 (0x30677a73) csrrci  s4, mcounteren, 14
core   0: exception trap_illegal_instruction, epc 0x00000000800044b4
core   0:           tval 0x0000000030677a73
core   0: >>>>  $xrv64i2p1_m2p0_a2p1_f2p2_d2p2_zicsr2p0_zifencei2p0_zmmul1p0_zba1p0_zbb1p0_zbc1p0_zbs1p0
core   0: 0x0000000080004000 (0x0080006f) j       pc + 0x8
core   0: 3 0x0000000080004000 (0x0080006f)
core   0: >>>>  mmode_exception_handler
core   0: 0x0000000080004008 (0x00002c17) auipc   s8, 0x2
core   0: 3 0x0000000080004008 (0x00002c17) x24 0x0000000080006008
core   0: 0x000000008000400c (0x074c0c13) addi    s8, s8, 116
core   0: 3 0x000000008000400c (0x074c0c13) x24 0x000000008000607c
core   0: 0x0000000080004010 (0x000c00e7) jalr    s8
core   0: 3 0x0000000080004010 (0x000c00e7) x1  0x0000000080004014
core   0: >>>>  any_handler
core   0: 0x000000008000607c (0x341027f3) csrrs   a5, mepc, zero
core   0: 3 0x000000008000607c (0x341027f3) x15 0x00000000800044b4
core   0: 0x0000000080006080 (0x34202773) csrrs   a4, mcause, zero
core   0: 3 0x0000000080006080 (0x34202773) x14 0x0000000000000002
core   0: 0x0000000080006084 (0x142026f3) csrrs   a3, scause, zero
core   0: 3 0x0000000080006084 (0x142026f3) x13 0x0000000000000000
core   0: 0x0000000080006088 (0x30402673) csrrs   a2, mie, zero
core   0: 3 0x0000000080006088 (0x30402673) x12 0x0000000000000a00
core   0: 0x000000008000608c (0x344025f3) csrrs   a1, mip, zero
core   0: 3 0x000000008000608c (0x344025f3) x11 0x0000000000000080
core   0: 0x0000000080006090 (0x343025f3) csrrs   a1, mtval, zero
core   0: 3 0x0000000080006090 (0x343025f3) x11 0x0000000030677a73
core   0: 0x0000000080006094 (0x14302573) csrrs   a0, stval, zero
core   0: 3 0x0000000080006094 (0x14302573) x10 0x0000000000000000
core   0: 0x0000000080006098 (0xb02024f3) csrrs   s1, minstret, zero
core   0: 3 0x0000000080006098 (0xb02024f3) x9  0x000000000000095d
core   0: 0x000000008000609c (0x0000a811) c.j     pc + 20
core   0: 3 0x000000008000609c (0xa811)
core   0: >>>>  mepc_4
core   0: 0x00000000800060b0 (0x00000791) c.addi  a5, 4
core   0: 3 0x00000000800060b0 (0x0791) x15 0x00000000800044b8
core   0: 0x00000000800060b2 (0x34179073) csrrw   zero, mepc, a5
core   0: 3 0x00000000800060b2 (0x34179073) c833_mepc 0x00000000800044b8
core   0: 0x00000000800060b6 (0x30200073) mret
core   0: 3 0x00000000800060b6 (0x30200073) c768_mstatus 0x8000000a00106080
core   0: 0x00000000800044b8 (0x02c46d33) rem     s10, s0, a2
core   0: 1 0x00000000800044b8 (0x02c46d33) x26 0x0000000000000020
core   0: 0x00000000800044bc (0x31774893) xori    a7, a4, 791
core   0: 1 0x00000000800044bc (0x31774893) x17 0x0000000000000315
core   0: 0x00000000800044c0 (0x03ca2333) mulhsu  t1, s4, t3
core   0: 1 0x00000000800044c0 (0x03ca2333) x6  0x0000000000000000
core   0: 0x00000000800044c4 (0x13fc7c53) fmul.d  fs8, fs8, ft11
core   0: 1 0x00000000800044c4 (0x13fc7c53) f24 0x7ff8000000000000
core   0: 0x00000000800044c8 (0xa3958653) fle.d   a2, fa1, fs9
core   0: 1 0x00000000800044c8 (0xa3958653) x12 0x0000000000000001
core   0: 0x00000000800044cc (0x01a8cc33) xor     s8, a7, s10
core   0: 1 0x00000000800044cc (0x01a8cc33) x24 0x0000000000000335
core   0: 0x00000000800044d0 (0x06f8bd37) lui     s10, 0x6f8b
core   0: 1 0x00000000800044d0 (0x06f8bd37) x26 0x0000000006f8b000
core   0: 0x00000000800044d4 (0x6dfd0d1b) addiw   s10, s10, 1759
core   0: 1 0x00000000800044d4 (0x6dfd0d1b) x26 0x0000000006f8b6df
core   0: 0x00000000800044d8 (0x00000d32) c.slli  s10, 12
core   0: 1 0x00000000800044d8 (0x0d32) x26 0x0000006f8b6df000
core   0: 0x00000000800044da (0x3bfd0d13) addi    s10, s10, 959
core   0: 1 0x00000000800044da (0x3bfd0d13) x26 0x0000006f8b6df3bf
core   0: 0x00000000800044de (0x2b9305d3) fmin.d  fa1, ft6, fs9
core   0: 1 0x00000000800044de (0x2b9305d3) f11 0x0000000000000000
core   0: 0x00000000800044e2 (0x000094de) c.add   s1, s7
core   0: 1 0x00000000800044e2 (0x94de) x9  0xffffff9beca4542f
core   0: 0x00000000800044e4 (0x038c0c33) mul     s8, s8, s8
core   0: 1 0x00000000800044e4 (0x038c0c33) x24 0x00000000000a48f9
core   0: 0x00000000800044e8 (0x05b95637) lui     a2, 0x5b95
core   0: 1 0x00000000800044e8 (0x05b95637) x12 0x0000000005b95000
core   0: 0x00000000800044ec (0x94b6061b) addiw   a2, a2, -1717
core   0: 1 0x00000000800044ec (0x94b6061b) x12 0x0000000005b9494b
core   0: 0x00000000800044f0 (0x00000632) c.slli  a2, 12
core   0: 1 0x00000000800044f0 (0x0632) x12 0x0000005b9494b000
core   0: 0x00000000800044f2 (0xd3060613) addi    a2, a2, -720
core   0: 1 0x00000000800044f2 (0xd3060613) x12 0x0000005b9494ad30
core   0: 0x00000000800044f6 (0x0000816e) c.mv    sp, s11
core   0: 1 0x00000000800044f6 (0x816e) x2  0x7fffffffffffffff
core   0: 0x00000000800044f8 (0x400a5493) srai    s1, s4, 0
core   0: 1 0x00000000800044f8 (0x400a5493) x9  0x0000000000000000
core   0: 0x00000000800044fc (0xc2227dd3) fcvt.l.d s11, ft4
core   0: 1 0x00000000800044fc (0xc2227dd3) c1_fflags 0x0000000000000010 x27 0x7fffffffffffffff
core   0: 0x0000000080004500 (0x0ff0000f) fence   iorw,iorw
core   0: 1 0x0000000080004500 (0x0ff0000f)
core   0: 0x0000000080004504 (0xc20efcd3) fcvt.w.d s9, ft9
core   0: 1 0x0000000080004504 (0xc20efcd3) x25 0x0000000045e0f45c
core   0: 0x0000000080004508 (0x00956933) or      s2, a0, s1
core   0: 1 0x0000000080004508 (0x00956933) x18 0x0000000000000000
core   0: 0x000000008000450c (0x03acc733) div     a4, s9, s10
core   0: 1 0x000000008000450c (0x03acc733) x14 0x0000000000000000
core   0: 0x0000000080004510 (0x00000001) c.nop
core   0: 1 0x0000000080004510 (0x0001)
core   0: 0x0000000080004512 (0x0228a133) mulhsu  sp, a7, sp
core   0: 1 0x0000000080004512 (0x0228a133) x2  0x000000000000018a
core   0: 0x0000000080004516 (0xc2c37e43) fmadd.d ft8, ft6, fa2, fs8
core   0: 1 0x0000000080004516 (0xc2c37e43) f28 0x7ff8000000000000
core   0: 0x000000008000451a (0x00215cbb) srlw    s9, sp, sp
core   0: 1 0x000000008000451a (0x00215cbb) x25 0x0000000000000000
core   0: 0x000000008000451e (0x41c50033) sub     zero, a0, t3
core   0: 1 0x000000008000451e (0x41c50033)
core   0: 0x0000000080004522 (0x01a0539b) srliw   t2, zero, 26
core   0: 1 0x0000000080004522 (0x01a0539b) x7  0x0000000000000000
core   0: 0x0000000080004526 (0x0193c933) xor     s2, t2, s9
core   0: 1 0x0000000080004526 (0x0193c933) x18 0x0000000000000000
core   0: 0x000000008000452a (0x002993f3) csrrw   t2, frm, s3
core   0: 1 0x000000008000452a (0x002993f3) x7  0x0000000000000002 c2_frm 0x0000000000000001
core   0: 0x000000008000452e (0x0129f233) and     tp, s3, s2
core   0: 1 0x000000008000452e (0x0129f233) x4  0x0000000000000000
core   0: 0x0000000080004532 (0x00000001) c.nop
core   0: 1 0x0000000080004532 (0x0001)
core   0: 0x0000000080004534 (0xd029f7d3) fcvt.s.l fa5, s3
core   0: 1 0x0000000080004534 (0xd029f7d3) c1_fflags 0x0000000000000011 f15 0xffffffff4d3480cd
core   0: 0x0000000080004538 (0xe54c9797) auipc   a5, 0xe54c9
core   0: 1 0x0000000080004538 (0xe54c9797) x15 0x00000000654cd538
core   0: 0x000000008000453c (0xd22af6d3) fcvt.d.l fa3, s5
core   0: 1 0x000000008000453c (0xd22af6d3) f13 0xc0d0080000000000
core   0: 0x0000000080004540 (0x0359b533) mulhu   a0, s3, s5
core   0: 1 0x0000000080004540 (0x0359b533) x10 0x000000000b480cd0
core   0: 0x0000000080004544 (0x40e206bb) subw    a3, tp, a4
core   0: 1 0x0000000080004544 (0x40e206bb) x13 0x0000000000000000
core   0: 0x0000000080004548 (0xc806b473) csrrc   s0, cycleh, a3
core   0: exception trap_illegal_instruction, epc 0x0000000080004548
core   0:           tval 0x00000000c806b473
core   0: >>>>  $xrv64i2p1_m2p0_a2p1_f2p2_d2p2_zicsr2p0_zifencei2p0_zmmul1p0_zba1p0_zbb1p0_zbc1p0_zbs1p0
core   0: 0x0000000080004000 (0x0080006f) j       pc + 0x8
core   0: 3 0x0000000080004000 (0x0080006f)
core   0: >>>>  mmode_exception_handler
core   0: 0x0000000080004008 (0x00002c17) auipc   s8, 0x2
core   0: 3 0x0000000080004008 (0x00002c17) x24 0x0000000080006008
core   0: 0x000000008000400c (0x074c0c13) addi    s8, s8, 116
core   0: 3 0x000000008000400c (0x074c0c13) x24 0x000000008000607c
core   0: 0x0000000080004010 (0x000c00e7) jalr    s8
core   0: 3 0x0000000080004010 (0x000c00e7) x1  0x0000000080004014
core   0: >>>>  any_handler
core   0: 0x000000008000607c (0x341027f3) csrrs   a5, mepc, zero
core   0: 3 0x000000008000607c (0x341027f3) x15 0x0000000080004548
core   0: 0x0000000080006080 (0x34202773) csrrs   a4, mcause, zero
core   0: 3 0x0000000080006080 (0x34202773) x14 0x0000000000000002
core   0: 0x0000000080006084 (0x142026f3) csrrs   a3, scause, zero
core   0: 3 0x0000000080006084 (0x142026f3) x13 0x0000000000000000
core   0: 0x0000000080006088 (0x30402673) csrrs   a2, mie, zero
core   0: 3 0x0000000080006088 (0x30402673) x12 0x0000000000000a00
core   0: 0x000000008000608c (0x344025f3) csrrs   a1, mip, zero
core   0: 3 0x000000008000608c (0x344025f3) x11 0x0000000000000080
core   0: 0x0000000080006090 (0x343025f3) csrrs   a1, mtval, zero
core   0: 3 0x0000000080006090 (0x343025f3) x11 0x00000000c806b473
core   0: 0x0000000080006094 (0x14302573) csrrs   a0, stval, zero
core   0: 3 0x0000000080006094 (0x14302573) x10 0x0000000000000000
core   0: 0x0000000080006098 (0xb02024f3) csrrs   s1, minstret, zero
core   0: 3 0x0000000080006098 (0xb02024f3) x9  0x0000000000000994
core   0: 0x000000008000609c (0x0000a811) c.j     pc + 20
core   0: 3 0x000000008000609c (0xa811)
core   0: >>>>  mepc_4
core   0: 0x00000000800060b0 (0x00000791) c.addi  a5, 4
core   0: 3 0x00000000800060b0 (0x0791) x15 0x000000008000454c
core   0: 0x00000000800060b2 (0x34179073) csrrw   zero, mepc, a5
core   0: 3 0x00000000800060b2 (0x34179073) c833_mepc 0x000000008000454c
core   0: 0x00000000800060b6 (0x30200073) mret
core   0: 3 0x00000000800060b6 (0x30200073) c768_mstatus 0x8000000a00106080
core   0: 0x000000008000454c (0x221ea753) fsgnjx.d fa4, ft9, ft1
core   0: 1 0x000000008000454c (0x221ea753) f14 0x41d1783d17000000
core   0: 0x0000000080004550 (0x0046dc13) srli    s8, a3, 4
core   0: 1 0x0000000080004550 (0x0046dc13) x24 0x0000000000000000
core   0: 0x0000000080004554 (0x0a34f1d3) fsub.d  ft3, fs1, ft3
core   0: 1 0x0000000080004554 (0x0a34f1d3) f3  0x7ff8000000000000
core   0: 0x0000000080004558 (0x01d7d193) srli    gp, a5, 29
core   0: 1 0x0000000080004558 (0x01d7d193) x3  0x0000000000000004
core   0: 0x000000008000455c (0x4037873b) subw    a4, a5, gp
core   0: 1 0x000000008000455c (0x4037873b) x14 0xffffffff80004548
core   0: 0x0000000080004560 (0x0000197a) c.slli  s2, 62
core   0: 1 0x0000000080004560 (0x197a) x18 0x0000000000000000
core   0: 0x0000000080004562 (0x00e62233) slt     tp, a2, a4
core   0: 1 0x0000000080004562 (0x00e62233) x4  0x0000000000000000
core   0: 0x0000000080004566 (0x4102539b) sraiw   t2, tp, 16
core   0: 1 0x0000000080004566 (0x4102539b) x7  0x0000000000000000
core   0: 0x000000008000456a (0x0000871e) c.mv    a4, t2
core   0: 1 0x000000008000456a (0x871e) x14 0x0000000000000000
core   0: 0x000000008000456c (0x02d00933) mul     s2, zero, a3
core   0: 1 0x000000008000456c (0x02d00933) x18 0x0000000000000000
core   0: 0x0000000080004570 (0x3a59f3c3) fmadd.d ft7, fs3, ft5, ft7
core   0: 1 0x0000000080004570 (0x3a59f3c3) f7  0x7ff8000000000000
core   0: 0x0000000080004574 (0x0336b3b3) mulhu   t2, a3, s3
core   0: 1 0x0000000080004574 (0x0336b3b3) x7  0x0000000000000000
core   0: 0x0000000080004578 (0xc8081873) csrrw   a6, cycleh, a6
core   0: exception trap_illegal_instruction, epc 0x0000000080004578
core   0:           tval 0x00000000c8081873
core   0: >>>>  $xrv64i2p1_m2p0_a2p1_f2p2_d2p2_zicsr2p0_zifencei2p0_zmmul1p0_zba1p0_zbb1p0_zbc1p0_zbs1p0
core   0: 0x0000000080004000 (0x0080006f) j       pc + 0x8
core   0: 3 0x0000000080004000 (0x0080006f)
core   0: >>>>  mmode_exception_handler
core   0: 0x0000000080004008 (0x00002c17) auipc   s8, 0x2
core   0: 3 0x0000000080004008 (0x00002c17) x24 0x0000000080006008
core   0: 0x000000008000400c (0x074c0c13) addi    s8, s8, 116
core   0: 3 0x000000008000400c (0x074c0c13) x24 0x000000008000607c
core   0: 0x0000000080004010 (0x000c00e7) jalr    s8
core   0: 3 0x0000000080004010 (0x000c00e7) x1  0x0000000080004014
core   0: >>>>  any_handler
core   0: 0x000000008000607c (0x341027f3) csrrs   a5, mepc, zero
core   0: 3 0x000000008000607c (0x341027f3) x15 0x0000000080004578
core   0: 0x0000000080006080 (0x34202773) csrrs   a4, mcause, zero
core   0: 3 0x0000000080006080 (0x34202773) x14 0x0000000000000002
core   0: 0x0000000080006084 (0x142026f3) csrrs   a3, scause, zero
core   0: 3 0x0000000080006084 (0x142026f3) x13 0x0000000000000000
core   0: 0x0000000080006088 (0x30402673) csrrs   a2, mie, zero
core   0: 3 0x0000000080006088 (0x30402673) x12 0x0000000000000a00
core   0: 0x000000008000608c (0x344025f3) csrrs   a1, mip, zero
core   0: 3 0x000000008000608c (0x344025f3) x11 0x0000000000000080
core   0: 0x0000000080006090 (0x343025f3) csrrs   a1, mtval, zero
core   0: 3 0x0000000080006090 (0x343025f3) x11 0x00000000c8081873
core   0: 0x0000000080006094 (0x14302573) csrrs   a0, stval, zero
core   0: 3 0x0000000080006094 (0x14302573) x10 0x0000000000000000
core   0: 0x0000000080006098 (0xb02024f3) csrrs   s1, minstret, zero
core   0: 3 0x0000000080006098 (0xb02024f3) x9  0x00000000000009b0
core   0: 0x000000008000609c (0x0000a811) c.j     pc + 20
core   0: 3 0x000000008000609c (0xa811)
core   0: >>>>  mepc_4
core   0: 0x00000000800060b0 (0x00000791) c.addi  a5, 4
core   0: 3 0x00000000800060b0 (0x0791) x15 0x000000008000457c
core   0: 0x00000000800060b2 (0x34179073) csrrw   zero, mepc, a5
core   0: 3 0x00000000800060b2 (0x34179073) c833_mepc 0x000000008000457c
core   0: 0x00000000800060b6 (0x30200073) mret
core   0: 3 0x00000000800060b6 (0x30200073) c768_mstatus 0x8000000a00106080
core   0: 0x000000008000457c (0x0ff0000f) fence   iorw,iorw
core   0: 1 0x000000008000457c (0x0ff0000f)
core   0: 0x0000000080004580 (0xffbca7b7) lui     a5, 0xffbca
core   0: 1 0x0000000080004580 (0xffbca7b7) x15 0xffffffffffbca000
core   0: 0x0000000080004584 (0x3f57879b) addiw   a5, a5, 1013
core   0: 1 0x0000000080004584 (0x3f57879b) x15 0xffffffffffbca3f5
core   0: 0x0000000080004588 (0x000007c2) c.slli  a5, 16
core   0: 1 0x0000000080004588 (0x07c2) x15 0xffffffbca3f50000
core   0: 0x000000008000458a (0xf9578793) addi    a5, a5, -107
core   0: 1 0x000000008000458a (0xf9578793) x15 0xffffffbca3f4ff95
core   0: 0x000000008000458e (0x01978d3b) addw    s10, a5, s9
core   0: 1 0x000000008000458e (0x01978d3b) x26 0xffffffffa3f4ff95
core   0: 0x0000000080004592 (0x242e2b17) auipc   s6, 0x242e2
core   0: 1 0x0000000080004592 (0x242e2b17) x22 0x00000000a42e6592
core   0: 0x0000000080004596 (0x019b74b3) and     s1, s6, s9
core   0: 1 0x0000000080004596 (0x019b74b3) x9  0x0000000000000000
core   0: 0x000000008000459a (0xd21d07d3) fcvt.d.wu fa5, s10
core   0: 1 0x000000008000459a (0xd21d07d3) f15 0x41e47e9ff2a00000
core   0: 0x000000008000459e (0x0032ea33) or      s4, t0, gp
core   0: 1 0x000000008000459e (0x0032ea33) x20 0x000000000000009c
core   0: 0x00000000800045a2 (0x4102de33) sra     t3, t0, a6
core   0: 1 0x00000000800045a2 (0x4102de33) x28 0x0000000000000000
core   0: 0x00000000800045a6 (0x405bdbb3) sra     s7, s7, t0
core   0: 1 0x00000000800045a6 (0x405bdbb3) x23 0xffffffffffff9bec
core   0: 0x00000000800045aa (0x00202373) csrrs   t1, frm, zero
core   0: 1 0x00000000800045aa (0x00202373) x6  0x0000000000000001
core   0: 0x00000000800045ae (0xd22b73d3) fcvt.d.l ft7, s6
core   0: 1 0x00000000800045ae (0xd22b73d3) f7  0x41e485ccb2400000
core   0: 0x00000000800045b2 (0x013528b3) slt     a7, a0, s3
core   0: 1 0x00000000800045b2 (0x013528b3) x17 0x0000000000000001
core   0: 0x00000000800045b6 (0x01bb5a33) srl     s4, s6, s11
core   0: 1 0x00000000800045b6 (0x01bb5a33) x20 0x0000000000000000
core   0: 0x00000000800045ba (0x0213fd53) fadd.d  fs10, ft7, ft1
core   0: 1 0x00000000800045ba (0x0213fd53) f26 0x7ff8000000000000
core   0: 0x00000000800045be (0x1ec3f313) andi    t1, t2, 492
core   0: 1 0x00000000800045be (0x1ec3f313) x6  0x0000000000000000
core   0: 0x00000000800045c2 (0x02732eb3) mulhsu  t4, t1, t2
core   0: 1 0x00000000800045c2 (0x02732eb3) x29 0x0000000000000000
core   0: 0x00000000800045c6 (0x0176d6bb) srlw    a3, a3, s7
core   0: 1 0x00000000800045c6 (0x0176d6bb) x13 0x0000000000000000
core   0: 0x00000000800045ca (0x0123d933) srl     s2, t2, s2
core   0: 1 0x00000000800045ca (0x0123d933) x18 0x0000000000000000
core   0: 0x00000000800045ce (0x00111473) csrrw   s0, fflags, sp
core   0: 1 0x00000000800045ce (0x00111473) x8  0x0000000000000011 c1_fflags 0x000000000000000a
core   0: 0x00000000800045d2 (0x012bf733) and     a4, s7, s2
core   0: 1 0x00000000800045d2 (0x012bf733) x14 0x0000000000000000
core   0: 0x00000000800045d6 (0xa29f1853) flt.d   a6, ft10, fs1
core   0: 1 0x00000000800045d6 (0xa29f1853) c1_fflags 0x000000000000001a x16 0x0000000000000000
core   0: 0x00000000800045da (0x01887c33) and     s8, a6, s8
core   0: 1 0x00000000800045da (0x01887c33) x24 0x0000000000000000
core   0: 0x00000000800045de (0x01db1ebb) sllw    t4, s6, t4
core   0: 1 0x00000000800045de (0x01db1ebb) x29 0xffffffffa42e6592
core   0: 0x00000000800045e2 (0x1412bbf3) csrrc   s7, sepc, t0
core   0: 1 0x00000000800045e2 (0x1412bbf3) x23 0x0000000000000000 c321_sepc 0x0000000000000000
core   0: 0x00000000800045e6 (0xd2128cd3) fcvt.d.wu fs9, t0
core   0: 1 0x00000000800045e6 (0xd2128cd3) f25 0x4063000000000000
core   0: 0x00000000800045ea (0x43abd993) srai    s3, s7, 58
core   0: 1 0x00000000800045ea (0x43abd993) x19 0x0000000000000000
core   0: 0x00000000800045ee (0x00000001) c.nop
core   0: 1 0x00000000800045ee (0x0001)
core   0: 0x00000000800045f0 (0xf34dfd37) lui     s10, 0xf34df
core   0: 1 0x00000000800045f0 (0xf34dfd37) x26 0xfffffffff34df000
core   0: 0x00000000800045f4 (0x0302f433) remu    s0, t0, a6
core   0: 1 0x00000000800045f4 (0x0302f433) x8  0x0000000000000098
core   0: 0x00000000800045f8 (0x1ad6fb53) fdiv.d  fs6, fa3, fa3
core   0: 1 0x00000000800045f8 (0x1ad6fb53) f22 0x3ff0000000000000
core   0: 0x00000000800045fc (0x00a383bb) addw    t2, t2, a0
core   0: 1 0x00000000800045fc (0x00a383bb) x7  0x0000000000000000
core   0: 0x0000000080004600 (0xd021ff53) fcvt.s.l ft10, gp
core   0: 1 0x0000000080004600 (0xd021ff53) f30 0xffffffff40800000
core   0: 0x0000000080004604 (0x0352fc33) remu    s8, t0, s5
core   0: 1 0x0000000080004604 (0x0352fc33) x24 0x0000000000000098
core   0: 0x0000000080004608 (0x414888bb) subw    a7, a7, s4
core   0: 1 0x0000000080004608 (0x414888bb) x17 0x0000000000000001
core   0: 0x000000008000460c (0x0a8ef9d3) fsub.d  fs3, ft9, fs0
core   0: 1 0x000000008000460c (0x0a8ef9d3) f19 0x7ff8000000000000
core   0: 0x0000000080004610 (0x00bc121b) slliw   tp, s8, 11
core   0: 1 0x0000000080004610 (0x00bc121b) x4  0x000000000004c000
core   0: 0x0000000080004614 (0x404884bb) subw    s1, a7, tp
core   0: 1 0x0000000080004614 (0x404884bb) x9  0xfffffffffffb4001
core   0: 0x0000000080004618 (0x410e893b) subw    s2, t4, a6
core   0: 1 0x0000000080004618 (0x410e893b) x18 0xffffffffa42e6592
core   0: 0x000000008000461c (0xd21901d3) fcvt.d.wu ft3, s2
core   0: 1 0x000000008000461c (0xd21901d3) f3  0x41e485ccb2400000
core   0: 0x0000000080004620 (0x41d856bb) sraw    a3, a6, t4
core   0: 1 0x0000000080004620 (0x41d856bb) x13 0x0000000000000000
core   0: 0x0000000080004624 (0x4096833b) subw    t1, a3, s1
core   0: 1 0x0000000080004624 (0x4096833b) x6  0x000000000004bfff
core   0: 0x0000000080004628 (0x52347ecf) fnmadd.d ft9, fs0, ft3, fa0
core   0: 1 0x0000000080004628 (0x52347ecf) f29 0x7ff8000000000000
core   0: 0x000000008000462c (0xd21e0f53) fcvt.d.wu ft10, t3
core   0: 1 0x000000008000462c (0xd21e0f53) f30 0x0000000000000000
core   0: 0x0000000080004630 (0x011698b3) sll     a7, a3, a7
core   0: 1 0x0000000080004630 (0x011698b3) x17 0x0000000000000000
core   0: 0x0000000080004634 (0x41bed43b) sraw    s0, t4, s11
core   0: 1 0x0000000080004634 (0x41bed43b) x8  0xffffffffffffffff
core   0: 0x0000000080004638 (0x223514d3) fsgnjn.d fs1, fa0, ft3
core   0: 1 0x0000000080004638 (0x223514d3) f9  0xffffffff4ed9e268
core   0: 0x000000008000463c (0x8007e513) ori     a0, a5, -2048
core   0: 1 0x000000008000463c (0x8007e513) x10 0xffffffffffffff95
core   0: 0x0000000080004640 (0x00009c0e) c.add   s8, gp
core   0: 1 0x0000000080004640 (0x9c0e) x24 0x000000000000009c
core   0: 0x0000000080004642 (0x00000001) c.nop
core   0: 1 0x0000000080004642 (0x0001)
core   0: 0x0000000080004644 (0x40025213) srai    tp, tp, 0
core   0: 1 0x0000000080004644 (0x40025213) x4  0x000000000004c000
core   0: 0x0000000080004648 (0xd21202d3) fcvt.d.wu ft5, tp
core   0: 1 0x0000000080004648 (0xd21202d3) f5  0x4113000000000000
core   0: 0x000000008000464c (0x03271933) mulh    s2, a4, s2
core   0: 1 0x000000008000464c (0x03271933) x18 0x0000000000000000
core   0: 0x0000000080004650 (0x01374cb3) xor     s9, a4, s3
core   0: 1 0x0000000080004650 (0x01374cb3) x25 0x0000000000000000
core   0: 0x0000000080004654 (0x8005889b) addiw   a7, a1, -2048
core   0: 1 0x0000000080004654 (0x8005889b) x17 0xffffffffc8081073
core   0: 0x0000000080004658 (0x01a59e33) sll     t3, a1, s10
core   0: 1 0x0000000080004658 (0x01a59e33) x28 0x00000000c8081873
core   0: 0x000000008000465c (0x0052f2b3) and     t0, t0, t0
core   0: 1 0x000000008000465c (0x0052f2b3) x5  0x0000000000000098
core   0: 0x0000000080004660 (0x131cfe53) fmul.d  ft8, fs9, fa7
core   0: 1 0x0000000080004660 (0x131cfe53) f28 0x7ff8000000000000
core   0: 0x0000000080004664 (0x036b773b) remuw   a4, s6, s6
core   0: 1 0x0000000080004664 (0x036b773b) x14 0x0000000000000000
core   0: 0x0000000080004668 (0xc0357353) fcvt.lu.s t1, fa0
core   0: 1 0x0000000080004668 (0xc0357353) x6  0x000000006cf13400
core   0: 0x000000008000466c (0x4006d03b) sraw    zero, a3, zero
core   0: 1 0x000000008000466c (0x4006d03b)
core   0: 0x0000000080004670 (0xc20df353) fcvt.w.d t1, fs11
core   0: 1 0x0000000080004670 (0xc20df353) x6  0x0000000000000000
core   0: 0x0000000080004674 (0xd21b0ed3) fcvt.d.wu ft9, s6
core   0: 1 0x0000000080004674 (0xd21b0ed3) f29 0x41e485ccb2400000
core   0: 0x0000000080004678 (0xd22e7653) fcvt.d.l fa2, t3
core   0: 1 0x0000000080004678 (0xd22e7653) f12 0x41e901030e600000
core   0: 0x000000008000467c (0x0136e9b3) or      s3, a3, s3
core   0: 1 0x000000008000467c (0x0136e9b3) x19 0x0000000000000000
core   0: 0x0000000080004680 (0x418304bb) subw    s1, t1, s8
core   0: 1 0x0000000080004680 (0x418304bb) x9  0xffffffffffffff64
core   0: 0x0000000080004684 (0x0134cb33) xor     s6, s1, s3
core   0: 1 0x0000000080004684 (0x0134cb33) x22 0xffffffffffffff64
core   0: 0x0000000080004688 (0xc22df6d3) fcvt.l.d a3, fs11
core   0: 1 0x0000000080004688 (0xc22df6d3) x13 0x0000000000000000
core   0: 0x000000008000468c (0x00000001) c.nop
core   0: 1 0x000000008000468c (0x0001)
core   0: 0x000000008000468e (0x40235abb) sraw    s5, t1, sp
core   0: 1 0x000000008000468e (0x40235abb) x21 0x0000000000000000
core   0: 0x0000000080004692 (0xd0307453) fcvt.s.lu fs0, zero
core   0: 1 0x0000000080004692 (0xd0307453) f8  0xffffffff00000000
core   0: 0x0000000080004696 (0xd232ffd3) fcvt.d.lu ft11, t0
core   0: 1 0x0000000080004696 (0xd232ffd3) f31 0x4063000000000000
core   0: 0x000000008000469a (0x1213f5d3) fmul.d  fa1, ft7, ft1
core   0: 1 0x000000008000469a (0x1213f5d3) f11 0x7ff8000000000000
core   0: 0x000000008000469e (0xc03cf153) fcvt.lu.s sp, fs9
core   0: 1 0x000000008000469e (0xc03cf153) c1_fflags 0x000000000000001a x2  0xffffffffffffffff
core   0: 0x00000000800046a2 (0x22b89453) fsgnjn.d fs0, fa7, fa1
core   0: 1 0x00000000800046a2 (0x22b89453) f8  0xfff8000000000000
core   0: 0x00000000800046a6 (0x402b873b) subw    a4, s7, sp
core   0: 1 0x00000000800046a6 (0x402b873b) x14 0x0000000000000001
core   0: 0x00000000800046aa (0xc0405af3) csrrwi  s5, hpmcounter4, 0
core   0: exception trap_illegal_instruction, epc 0x00000000800046aa
core   0:           tval 0x00000000c0405af3
core   0: >>>>  $xrv64i2p1_m2p0_a2p1_f2p2_d2p2_zicsr2p0_zifencei2p0_zmmul1p0_zba1p0_zbb1p0_zbc1p0_zbs1p0
core   0: 0x0000000080004000 (0x0080006f) j       pc + 0x8
core   0: 3 0x0000000080004000 (0x0080006f)
core   0: >>>>  mmode_exception_handler
core   0: 0x0000000080004008 (0x00002c17) auipc   s8, 0x2
core   0: 3 0x0000000080004008 (0x00002c17) x24 0x0000000080006008
core   0: 0x000000008000400c (0x074c0c13) addi    s8, s8, 116
core   0: 3 0x000000008000400c (0x074c0c13) x24 0x000000008000607c
core   0: 0x0000000080004010 (0x000c00e7) jalr    s8
core   0: 3 0x0000000080004010 (0x000c00e7) x1  0x0000000080004014
core   0: >>>>  any_handler
core   0: 0x000000008000607c (0x341027f3) csrrs   a5, mepc, zero
core   0: 3 0x000000008000607c (0x341027f3) x15 0x00000000800046aa
core   0: 0x0000000080006080 (0x34202773) csrrs   a4, mcause, zero
core   0: 3 0x0000000080006080 (0x34202773) x14 0x0000000000000002
core   0: 0x0000000080006084 (0x142026f3) csrrs   a3, scause, zero
core   0: 3 0x0000000080006084 (0x142026f3) x13 0x0000000000000000
core   0: 0x0000000080006088 (0x30402673) csrrs   a2, mie, zero
core   0: 3 0x0000000080006088 (0x30402673) x12 0x0000000000000a00
core   0: 0x000000008000608c (0x344025f3) csrrs   a1, mip, zero
core   0: 3 0x000000008000608c (0x344025f3) x11 0x0000000000000080
core   0: 0x0000000080006090 (0x343025f3) csrrs   a1, mtval, zero
core   0: 3 0x0000000080006090 (0x343025f3) x11 0x00000000c0405af3
core   0: 0x0000000080006094 (0x14302573) csrrs   a0, stval, zero
core   0: 3 0x0000000080006094 (0x14302573) x10 0x0000000000000000
core   0: 0x0000000080006098 (0xb02024f3) csrrs   s1, minstret, zero
core   0: 3 0x0000000080006098 (0xb02024f3) x9  0x0000000000000a0e
core   0: 0x000000008000609c (0x0000a811) c.j     pc + 20
core   0: 3 0x000000008000609c (0xa811)
core   0: >>>>  mepc_4
core   0: 0x00000000800060b0 (0x00000791) c.addi  a5, 4
core   0: 3 0x00000000800060b0 (0x0791) x15 0x00000000800046ae
core   0: 0x00000000800060b2 (0x34179073) csrrw   zero, mepc, a5
core   0: 3 0x00000000800060b2 (0x34179073) c833_mepc 0x00000000800046ae
core   0: 0x00000000800060b6 (0x30200073) mret
core   0: 3 0x00000000800060b6 (0x30200073) c768_mstatus 0x8000000a00106080
core   0: 0x00000000800046ae (0x1beb7f53) fdiv.d  ft10, fs6, ft10
core   0: 1 0x00000000800046ae (0x1beb7f53) c1_fflags 0x000000000000001a f30 0x7ff0000000000000
core   0: 0x00000000800046b2 (0x237ca9d3) fsgnjx.d fs3, fs9, fs7
core   0: 1 0x00000000800046b2 (0x237ca9d3) f19 0x4063000000000000
core   0: 0x00000000800046b6 (0x4142d2bb) sraw    t0, t0, s4
core   0: 1 0x00000000800046b6 (0x4142d2bb) x5  0x0000000000000098
core   0: 0x00000000800046ba (0x0152e833) or      a6, t0, s5
core   0: 1 0x00000000800046ba (0x0152e833) x16 0x0000000000000098
core   0: 0x00000000800046be (0x04198337) lui     t1, 0x4198
core   0: 1 0x00000000800046be (0x04198337) x6  0x0000000004198000
core   0: 0x00000000800046c2 (0x45f3031b) addiw   t1, t1, 1119
core   0: 1 0x00000000800046c2 (0x45f3031b) x6  0x000000000419845f
core   0: 0x00000000800046c6 (0x00000332) c.slli  t1, 12
core   0: 1 0x00000000800046c6 (0x0332) x6  0x000000419845f000
core   0: 0x00000000800046c8 (0x4f030313) addi    t1, t1, 1264
core   0: 1 0x00000000800046c8 (0x4f030313) x6  0x000000419845f4f0
core   0: 0x00000000800046cc (0xf39cf647) fmsub.d fa2, fs9, fs9, ft10
core   0: 1 0x00000000800046cc (0xf39cf647) f12 0xfff0000000000000
core   0: 0x00000000800046d0 (0x025846b3) div     a3, a6, t0
core   0: 1 0x00000000800046d0 (0x025846b3) x13 0x0000000000000001
core   0: 0x00000000800046d4 (0x0005d313) srli    t1, a1, 0
core   0: 1 0x00000000800046d4 (0x0005d313) x6  0x00000000c0405af3
core   0: 0x00000000800046d8 (0x00cb4233) xor     tp, s6, a2
core   0: 1 0x00000000800046d8 (0x00cb4233) x4  0xfffffffffffff564
core   0: 0x00000000800046dc (0x40b6deb3) sra     t4, a3, a1
core   0: 1 0x00000000800046dc (0x40b6deb3) x29 0x0000000000000000
core   0: 0x00000000800046e0 (0x41290bbb) subw    s7, s2, s2
core   0: 1 0x00000000800046e0 (0x41290bbb) x23 0x0000000000000000
core   0: 0x00000000800046e4 (0x00202ef3) csrrs   t4, frm, zero
core   0: 1 0x00000000800046e4 (0x00202ef3) x29 0x0000000000000001
core   0: 0x00000000800046e8 (0x9b9cffcb) fnmsub.d ft11, fs9, fs9, fs3
core   0: 1 0x00000000800046e8 (0x9b9cffcb) f31 0xc0d66a0000000000
core   0: 0x00000000800046ec (0x41045e3b) sraw    t3, s0, a6
core   0: 1 0x00000000800046ec (0x41045e3b) x28 0xffffffffffffffff
core   0: 0x00000000800046f0 (0x41f5d59b) sraiw   a1, a1, 31
core   0: 1 0x00000000800046f0 (0x41f5d59b) x11 0xffffffffffffffff
core   0: 0x00000000800046f4 (0xa2cf0053) fle.d   zero, ft10, fa2
core   0: 1 0x00000000800046f4 (0xa2cf0053)
core   0: 0x00000000800046f8 (0x0198d71b) srliw   a4, a7, 25
core   0: 1 0x00000000800046f8 (0x0198d71b) x14 0x0000000000000064
core   0: 0x00000000800046fc (0x000cdc93) srli    s9, s9, 0
core   0: 1 0x00000000800046fc (0x000cdc93) x25 0x0000000000000000
core   0: 0x0000000080004700 (0x027ed0b3) divu    ra, t4, t2
core   0: 1 0x0000000080004700 (0x027ed0b3) x1  0xffffffffffffffff
core   0: 0x0000000080004704 (0x12f177d3) fmul.d  fa5, ft2, fa5
core   0: 1 0x0000000080004704 (0x12f177d3) f15 0x7ff8000000000000
core   0: 0x0000000080004708 (0x01d65ebb) srlw    t4, a2, t4
core   0: 1 0x0000000080004708 (0x01d65ebb) x29 0x0000000000000500
core   0: 0x000000008000470c (0x226e9d53) fsgnjn.d fs10, ft9, ft6
core   0: 1 0x000000008000470c (0x226e9d53) f26 0xc1e485ccb2400000
core   0: 0x0000000080004710 (0x1b9bf853) fdiv.d  fa6, fs7, fs9
core   0: 1 0x0000000080004710 (0x1b9bf853) f16 0x0000000000000000
core   0: 0x0000000080004714 (0x00000001) c.nop
core   0: 1 0x0000000080004714 (0x0001)
core   0: 0x0000000080004716 (0x231878c3) fmadd.d fa7, fa6, fa7, ft4
core   0: 1 0x0000000080004716 (0x231878c3) f17 0x7ff8000000000000
core   0: 0x000000008000471a (0xd2038453) fcvt.d.w fs0, t2
core   0: 1 0x000000008000471a (0xd2038453) f8  0x0000000000000000
core   0: 0x000000008000471e (0x0009999b) slliw   s3, s3, 0
core   0: 1 0x000000008000471e (0x0009999b) x19 0x0000000000000000
core   0: 0x0000000080004722 (0x23132dd3) fsgnjx.d fs11, ft6, fa7
core   0: 1 0x0000000080004722 (0x23132dd3) f27 0x0000000000000000
core   0: 0x0000000080004726 (0x001b1b1b) slliw   s6, s6, 1
core   0: 1 0x0000000080004726 (0x001b1b1b) x22 0xfffffffffffffec8
core   0: 0x000000008000472a (0x01f1519b) srliw   gp, sp, 31
core   0: 1 0x000000008000472a (0x01f1519b) x3  0x0000000000000001
core   0: 0x000000008000472e (0x0125523b) srlw    tp, a0, s2
core   0: 1 0x000000008000472e (0x0125523b) x4  0x0000000000000000
core   0: 0x0000000080004732 (0x42088853) fcvt.d.s fa6, fa7
core   0: 1 0x0000000080004732 (0x42088853) f16 0x7ff8000000000000
core   0: 0x0000000080004736 (0x3d9d4d17) auipc   s10, 0x3d9d4
core   0: 1 0x0000000080004736 (0x3d9d4d17) x26 0x00000000bd9d8736
core   0: 0x000000008000473a (0x0038181b) slliw   a6, a6, 3
core   0: 1 0x000000008000473a (0x0038181b) x16 0x00000000000004c0
core   0: 0x000000008000473e (0x031b38b3) mulhu   a7, s6, a7
core   0: 1 0x000000008000473e (0x031b38b3) x17 0xffffffffc8080f3b
core   0: 0x0000000080004742 (0x43845a13) srai    s4, s0, 56
core   0: 1 0x0000000080004742 (0x43845a13) x20 0xffffffffffffffff
core   0: 0x0000000080004746 (0xc02dfed3) fcvt.l.s t4, fs11
core   0: 1 0x0000000080004746 (0xc02dfed3) c1_fflags 0x000000000000001a x29 0x7fffffffffffffff
core   0: 0x000000008000474a (0xd02ef953) fcvt.s.l fs2, t4
core   0: 1 0x000000008000474a (0xd02ef953) c1_fflags 0x000000000000001b f18 0xffffffff5effffff
core   0: 0x000000008000474e (0x0b097353) fsub.d  ft6, fs2, fa6
core   0: 1 0x000000008000474e (0x0b097353) f6  0x7ff8000000000000
core   0: 0x0000000080004752 (0x02fe91b3) mulh    gp, t4, a5
core   0: 1 0x0000000080004752 (0x02fe91b3) x3  0x0000000040002356
core   0: 0x0000000080004756 (0x0351ad33) mulhsu  s10, gp, s5
core   0: 1 0x0000000080004756 (0x0351ad33) x26 0x0000000000000000
core   0: 0x000000008000475a (0xd03d7c53) fcvt.s.lu fs8, s10
core   0: 1 0x000000008000475a (0xd03d7c53) f24 0xffffffff00000000
core   0: 0x000000008000475e (0x01d49e3b) sllw    t3, s1, t4
core   0: 1 0x000000008000475e (0x01d49e3b) x28 0x0000000000000000
core   0: 0x0000000080004762 (0x3427acf3) csrrs   s9, mcause, a5
core   0: exception trap_illegal_instruction, epc 0x0000000080004762
core   0:           tval 0x000000003427acf3
core   0: >>>>  $xrv64i2p1_m2p0_a2p1_f2p2_d2p2_zicsr2p0_zifencei2p0_zmmul1p0_zba1p0_zbb1p0_zbc1p0_zbs1p0
core   0: 0x0000000080004000 (0x0080006f) j       pc + 0x8
core   0: 3 0x0000000080004000 (0x0080006f)
core   0: >>>>  mmode_exception_handler
core   0: 0x0000000080004008 (0x00002c17) auipc   s8, 0x2
core   0: 3 0x0000000080004008 (0x00002c17) x24 0x0000000080006008
core   0: 0x000000008000400c (0x074c0c13) addi    s8, s8, 116
core   0: 3 0x000000008000400c (0x074c0c13) x24 0x000000008000607c
core   0: 0x0000000080004010 (0x000c00e7) jalr    s8
core   0: 3 0x0000000080004010 (0x000c00e7) x1  0x0000000080004014
core   0: >>>>  any_handler
core   0: 0x000000008000607c (0x341027f3) csrrs   a5, mepc, zero
core   0: 3 0x000000008000607c (0x341027f3) x15 0x0000000080004762
core   0: 0x0000000080006080 (0x34202773) csrrs   a4, mcause, zero
core   0: 3 0x0000000080006080 (0x34202773) x14 0x0000000000000002
core   0: 0x0000000080006084 (0x142026f3) csrrs   a3, scause, zero
core   0: 3 0x0000000080006084 (0x142026f3) x13 0x0000000000000000
core   0: 0x0000000080006088 (0x30402673) csrrs   a2, mie, zero
core   0: 3 0x0000000080006088 (0x30402673) x12 0x0000000000000a00
core   0: 0x000000008000608c (0x344025f3) csrrs   a1, mip, zero
core   0: 3 0x000000008000608c (0x344025f3) x11 0x0000000000000080
core   0: 0x0000000080006090 (0x343025f3) csrrs   a1, mtval, zero
core   0: 3 0x0000000080006090 (0x343025f3) x11 0x000000003427acf3
core   0: 0x0000000080006094 (0x14302573) csrrs   a0, stval, zero
core   0: 3 0x0000000080006094 (0x14302573) x10 0x0000000000000000
core   0: 0x0000000080006098 (0xb02024f3) csrrs   s1, minstret, zero
core   0: 3 0x0000000080006098 (0xb02024f3) x9  0x0000000000000a4c
core   0: 0x000000008000609c (0x0000a811) c.j     pc + 20
core   0: 3 0x000000008000609c (0xa811)
core   0: >>>>  mepc_4
core   0: 0x00000000800060b0 (0x00000791) c.addi  a5, 4
core   0: 3 0x00000000800060b0 (0x0791) x15 0x0000000080004766
core   0: 0x00000000800060b2 (0x34179073) csrrw   zero, mepc, a5
core   0: 3 0x00000000800060b2 (0x34179073) c833_mepc 0x0000000080004766
core   0: 0x00000000800060b6 (0x30200073) mret
core   0: 3 0x00000000800060b6 (0x30200073) c768_mstatus 0x8000000a00106080
core   0: 0x0000000080004766 (0x238ea5d3) fsgnjx.d fa1, ft9, fs8
core   0: 1 0x0000000080004766 (0x238ea5d3) f11 0xc1e485ccb2400000
core   0: 0x000000008000476a (0x034a4833) div     a6, s4, s4
core   0: 1 0x000000008000476a (0x034a4833) x16 0x0000000000000001
core   0: 0x000000008000476e (0x015a7133) and     sp, s4, s5
core   0: 1 0x000000008000476e (0x015a7133) x2  0x0000000000000000
core   0: 0x0000000080004772 (0x019cd8bb) srlw    a7, s9, s9
core   0: 1 0x0000000080004772 (0x019cd8bb) x17 0x0000000000000000
core   0: 0x0000000080004776 (0x22bb1053) fsgnjn.d ft0, fs6, fa1
core   0: 1 0x0000000080004776 (0x22bb1053) f0  0x3ff0000000000000
core   0: 0x000000008000477a (0x84696d13) ori     s10, s2, -1978
core   0: 1 0x000000008000477a (0x84696d13) x26 0xfffffffffffff846
core   0: 0x000000008000477e (0xe2000e53) fmv.x.d t3, ft0
core   0: 1 0x000000008000477e (0xe2000e53) x28 0x3ff0000000000000
core   0: 0x0000000080004782 (0xd23d7153) fcvt.d.lu ft2, s10
core   0: 1 0x0000000080004782 (0xd23d7153) c1_fflags 0x000000000000001b f2  0x43efffffffffffff
core   0: 0x0000000080004786 (0x014b5b3b) srlw    s6, s6, s4
core   0: 1 0x0000000080004786 (0x014b5b3b) x22 0x0000000000000001
core   0: 0x000000008000478a (0x233629d3) fsgnjx.d fs3, fa2, fs3
core   0: 1 0x000000008000478a (0x233629d3) f19 0xfff0000000000000
core   0: 0x000000008000478e (0xc96ef613) andi    a2, t4, -874
core   0: 1 0x000000008000478e (0xc96ef613) x12 0x7ffffffffffffc96
core   0: 0x0000000080004792 (0x0037f433) and     s0, a5, gp
core   0: 1 0x0000000080004792 (0x0037f433) x8  0x0000000000000346
core   0: 0x0000000080004796 (0xd2160853) fcvt.d.wu fa6, a2
core   0: 1 0x0000000080004796 (0xd2160853) f16 0x41efffff92c00000
core   0: 0x000000008000479a (0x03087653) fadd.d  fa2, fa6, fa6
core   0: 1 0x000000008000479a (0x03087653) f12 0x41ffffff92c00000
core   0: 0x000000008000479e (0xc23b7c53) fcvt.lu.d s8, fs6
core   0: 1 0x000000008000479e (0xc23b7c53) x24 0x0000000000000001
core   0: 0x00000000800047a2 (0xc0433373) csrrc   t1, hpmcounter4, t1
core   0: exception trap_illegal_instruction, epc 0x00000000800047a2
core   0:           tval 0x00000000c0433373
core   0: >>>>  $xrv64i2p1_m2p0_a2p1_f2p2_d2p2_zicsr2p0_zifencei2p0_zmmul1p0_zba1p0_zbb1p0_zbc1p0_zbs1p0
core   0: 0x0000000080004000 (0x0080006f) j       pc + 0x8
core   0: 3 0x0000000080004000 (0x0080006f)
core   0: >>>>  mmode_exception_handler
core   0: 0x0000000080004008 (0x00002c17) auipc   s8, 0x2
core   0: 3 0x0000000080004008 (0x00002c17) x24 0x0000000080006008
core   0: 0x000000008000400c (0x074c0c13) addi    s8, s8, 116
core   0: 3 0x000000008000400c (0x074c0c13) x24 0x000000008000607c
core   0: 0x0000000080004010 (0x000c00e7) jalr    s8
core   0: 3 0x0000000080004010 (0x000c00e7) x1  0x0000000080004014
core   0: >>>>  any_handler
core   0: 0x000000008000607c (0x341027f3) csrrs   a5, mepc, zero
core   0: 3 0x000000008000607c (0x341027f3) x15 0x00000000800047a2
core   0: 0x0000000080006080 (0x34202773) csrrs   a4, mcause, zero
core   0: 3 0x0000000080006080 (0x34202773) x14 0x0000000000000002
core   0: 0x0000000080006084 (0x142026f3) csrrs   a3, scause, zero
core   0: 3 0x0000000080006084 (0x142026f3) x13 0x0000000000000000
core   0: 0x0000000080006088 (0x30402673) csrrs   a2, mie, zero
core   0: 3 0x0000000080006088 (0x30402673) x12 0x0000000000000a00
core   0: 0x000000008000608c (0x344025f3) csrrs   a1, mip, zero
core   0: 3 0x000000008000608c (0x344025f3) x11 0x0000000000000080
core   0: 0x0000000080006090 (0x343025f3) csrrs   a1, mtval, zero
core   0: 3 0x0000000080006090 (0x343025f3) x11 0x00000000c0433373
core   0: 0x0000000080006094 (0x14302573) csrrs   a0, stval, zero
core   0: 3 0x0000000080006094 (0x14302573) x10 0x0000000000000000
core   0: 0x0000000080006098 (0xb02024f3) csrrs   s1, minstret, zero
core   0: 3 0x0000000080006098 (0xb02024f3) x9  0x0000000000000a6b
core   0: 0x000000008000609c (0x0000a811) c.j     pc + 20
core   0: 3 0x000000008000609c (0xa811)
core   0: >>>>  mepc_4
core   0: 0x00000000800060b0 (0x00000791) c.addi  a5, 4
core   0: 3 0x00000000800060b0 (0x0791) x15 0x00000000800047a6
core   0: 0x00000000800060b2 (0x34179073) csrrw   zero, mepc, a5
core   0: 3 0x00000000800060b2 (0x34179073) c833_mepc 0x00000000800047a6
core   0: 0x00000000800060b6 (0x30200073) mret
core   0: 3 0x00000000800060b6 (0x30200073) c768_mstatus 0x8000000a00106080
core   0: 0x00000000800047a6 (0x40828933) sub     s2, t0, s0
core   0: 1 0x00000000800047a6 (0x40828933) x18 0xfffffffffffffd52
core   0: 0x00000000800047aa (0x00002181) c.addiw gp, 0
core   0: 1 0x00000000800047aa (0x2181) x3  0x0000000040002356
core   0: 0x00000000800047ac (0x230e1a53) fsgnjn.d fs4, ft8, fa6
core   0: 1 0x00000000800047ac (0x230e1a53) f20 0xfff8000000000000
core   0: 0x00000000800047b0 (0x005b9633) sll     a2, s7, t0
core   0: 1 0x00000000800047b0 (0x005b9633) x12 0x0000000000000000
core   0: 0x00000000800047b4 (0x0e01f513) andi    a0, gp, 224
core   0: 1 0x00000000800047b4 (0x0e01f513) x10 0x0000000000000040
core   0: 0x00000000800047b8 (0x001396f3) csrrw   a3, fflags, t2
core   0: 1 0x00000000800047b8 (0x001396f3) x13 0x000000000000001b c1_fflags 0x0000000000000000
core   0: 0x00000000800047bc (0x000090b5) c.srli  s1, 45
core   0: 1 0x00000000800047bc (0x90b5) x9  0x0000000000000000
core   0: 0x00000000800047be (0x320fddf3) csrrwi  s11, mcountinhibit, 31
core   0: exception trap_illegal_instruction, epc 0x00000000800047be
core   0:           tval 0x00000000320fddf3
core   0: >>>>  $xrv64i2p1_m2p0_a2p1_f2p2_d2p2_zicsr2p0_zifencei2p0_zmmul1p0_zba1p0_zbb1p0_zbc1p0_zbs1p0
core   0: 0x0000000080004000 (0x0080006f) j       pc + 0x8
core   0: 3 0x0000000080004000 (0x0080006f)
core   0: >>>>  mmode_exception_handler
core   0: 0x0000000080004008 (0x00002c17) auipc   s8, 0x2
core   0: 3 0x0000000080004008 (0x00002c17) x24 0x0000000080006008
core   0: 0x000000008000400c (0x074c0c13) addi    s8, s8, 116
core   0: 3 0x000000008000400c (0x074c0c13) x24 0x000000008000607c
core   0: 0x0000000080004010 (0x000c00e7) jalr    s8
core   0: 3 0x0000000080004010 (0x000c00e7) x1  0x0000000080004014
core   0: >>>>  any_handler
core   0: 0x000000008000607c (0x341027f3) csrrs   a5, mepc, zero
core   0: 3 0x000000008000607c (0x341027f3) x15 0x00000000800047be
core   0: 0x0000000080006080 (0x34202773) csrrs   a4, mcause, zero
core   0: 3 0x0000000080006080 (0x34202773) x14 0x0000000000000002
core   0: 0x0000000080006084 (0x142026f3) csrrs   a3, scause, zero
core   0: 3 0x0000000080006084 (0x142026f3) x13 0x0000000000000000
core   0: 0x0000000080006088 (0x30402673) csrrs   a2, mie, zero
core   0: 3 0x0000000080006088 (0x30402673) x12 0x0000000000000a00
core   0: 0x000000008000608c (0x344025f3) csrrs   a1, mip, zero
core   0: 3 0x000000008000608c (0x344025f3) x11 0x0000000000000080
core   0: 0x0000000080006090 (0x343025f3) csrrs   a1, mtval, zero
core   0: 3 0x0000000080006090 (0x343025f3) x11 0x00000000320fddf3
core   0: 0x0000000080006094 (0x14302573) csrrs   a0, stval, zero
core   0: 3 0x0000000080006094 (0x14302573) x10 0x0000000000000000
core   0: 0x0000000080006098 (0xb02024f3) csrrs   s1, minstret, zero
core   0: 3 0x0000000080006098 (0xb02024f3) x9  0x0000000000000a82
core   0: 0x000000008000609c (0x0000a811) c.j     pc + 20
core   0: 3 0x000000008000609c (0xa811)
core   0: >>>>  mepc_4
core   0: 0x00000000800060b0 (0x00000791) c.addi  a5, 4
core   0: 3 0x00000000800060b0 (0x0791) x15 0x00000000800047c2
core   0: 0x00000000800060b2 (0x34179073) csrrw   zero, mepc, a5
core   0: 3 0x00000000800060b2 (0x34179073) c833_mepc 0x00000000800047c2
core   0: 0x00000000800060b6 (0x30200073) mret
core   0: 3 0x00000000800060b6 (0x30200073) c768_mstatus 0x8000000a00106080
core   0: 0x00000000800047c2 (0x01ca4e33) xor     t3, s4, t3
core   0: 1 0x00000000800047c2 (0x01ca4e33) x28 0xc00fffffffffffff
core   0: 0x00000000800047c6 (0x4011f2d3) fcvt.s.d ft5, ft3
core   0: 1 0x00000000800047c6 (0x4011f2d3) c1_fflags 0x0000000000000001 f5  0xffffffff4f242e65
core   0: 0x00000000800047ca (0x40b5d03b) sraw    zero, a1, a1
core   0: 1 0x00000000800047ca (0x40b5d03b)
core   0: 0x00000000800047ce (0x022c1133) mulh    sp, s8, sp
core   0: 1 0x00000000800047ce (0x022c1133) x2  0x0000000000000000
core   0: 0x00000000800047d2 (0x4081563b) sraw    a2, sp, s0
core   0: 1 0x00000000800047d2 (0x4081563b) x12 0x0000000000000000
core   0: 0x00000000800047d6 (0x03a65d13) srli    s10, a2, 58
core   0: 1 0x00000000800047d6 (0x03a65d13) x26 0x0000000000000000
core   0: 0x00000000800047da (0xb332fbc3) fmadd.d fs7, ft5, fs3, fs6
core   0: 1 0x00000000800047da (0xb332fbc3) f23 0x7ff8000000000000
core   0: 0x00000000800047de (0x00000001) c.nop
core   0: 1 0x00000000800047de (0x0001)
core   0: 0x00000000800047e0 (0x4136589b) sraiw   a7, a2, 19
core   0: 1 0x00000000800047e0 (0x4136589b) x17 0x0000000000000000
core   0: 0x00000000800047e4 (0x6e774893) xori    a7, a4, 1767
core   0: 1 0x00000000800047e4 (0x6e774893) x17 0x00000000000006e5
core   0: 0x00000000800047e8 (0x5a03ffd3) fsqrt.d ft11, ft7
core   0: 1 0x00000000800047e8 (0x5a03ffd3) c1_fflags 0x0000000000000001 f31 0x40e9a06bd390074f
core   0: 0x00000000800047ec (0x01ac5a33) srl     s4, s8, s10
core   0: 1 0x00000000800047ec (0x01ac5a33) x20 0x000000008000607c
core   0: 0x00000000800047f0 (0x03456533) rem     a0, a0, s4
core   0: 1 0x00000000800047f0 (0x03456533) x10 0x0000000000000000
core   0: 0x00000000800047f4 (0xd22c7f53) fcvt.d.l ft10, s8
core   0: 1 0x00000000800047f4 (0xd22c7f53) f30 0x41e0000c0f800000
core   0: 0x00000000800047f8 (0xbae7754f) fnmadd.d fa0, fa4, fa4, fs7
core   0: 1 0x00000000800047f8 (0xbae7754f) f10 0x7ff8000000000000
core   0: 0x00000000800047fc (0x0296f4bb) remuw   s1, a3, s1
core   0: 1 0x00000000800047fc (0x0296f4bb) x9  0x0000000000000000
core   0: 0x0000000080004800 (0x02b4ab33) mulhsu  s6, s1, a1
core   0: 1 0x0000000080004800 (0x02b4ab33) x22 0x0000000000000000
core   0: 0x0000000080004804 (0x00000001) c.nop
core   0: 1 0x0000000080004804 (0x0001)
core   0: 0x0000000080004806 (0xc2077353) fcvt.w.d t1, fa4
core   0: 1 0x0000000080004806 (0xc2077353) x6  0x0000000045e0f45c
core   0: 0x000000008000480a (0x4006d0bb) sraw    ra, a3, zero
core   0: 1 0x000000008000480a (0x4006d0bb) x1  0x0000000000000000
core   0: 0x000000008000480e (0xf20b0a53) fmv.d.x fs4, s6
core   0: 1 0x000000008000480e (0xf20b0a53) f20 0x0000000000000000
core   0: 0x0000000080004812 (0xd225f9d3) fcvt.d.l fs3, a1
core   0: 1 0x0000000080004812 (0xd225f9d3) f19 0x41c907eef9800000
core   0: 0x0000000080004816 (0x290e72b7) lui     t0, 0x290e7
core   0: 1 0x0000000080004816 (0x290e72b7) x5  0x00000000290e7000
core   0: 0x000000008000481a (0xe20a0a53) fmv.x.d s4, fs4
core   0: 1 0x000000008000481a (0xe20a0a53) x20 0x0000000000000000
core   0: 0x000000008000481e (0x3a73fb4f) fnmadd.d fs6, ft7, ft7, ft7
core   0: 1 0x000000008000481e (0x3a73fb4f) c1_fflags 0x0000000000000001 f22 0xc3da52dea3173cbb
core   0: 0x0000000080004822 (0xf2078ad3) fmv.d.x fs5, a5
core   0: 1 0x0000000080004822 (0xf2078ad3) f21 0x00000000800047c2
core   0: 0x0000000080004826 (0xc22afdd3) fcvt.l.d s11, fs5
core   0: 1 0x0000000080004826 (0xc22afdd3) c1_fflags 0x0000000000000001 x27 0x0000000000000000
core   0: 0x000000008000482a (0x03b79733) mulh    a4, a5, s11
core   0: 1 0x000000008000482a (0x03b79733) x14 0x0000000000000000
core   0: 0x000000008000482e (0xc20afe53) fcvt.w.d t3, fs5
core   0: 1 0x000000008000482e (0xc20afe53) c1_fflags 0x0000000000000001 x28 0x0000000000000000
core   0: 0x0000000080004832 (0x00149a1b) slliw   s4, s1, 1
core   0: 1 0x0000000080004832 (0x00149a1b) x20 0x0000000000000000
core   0: 0x0000000080004836 (0x132d7953) fmul.d  fs2, fs10, fs2
core   0: 1 0x0000000080004836 (0x132d7953) f18 0x7ff8000000000000
core   0: 0x000000008000483a (0xcad6fb4f) fnmadd.d fs6, fa3, fa3, fs9
core   0: 1 0x000000008000483a (0xcad6fb4f) f22 0xc1b0100498000000
core   0: 0x000000008000483e (0xc2297253) fcvt.l.d tp, fs2
core   0: 1 0x000000008000483e (0xc2297253) c1_fflags 0x0000000000000011 x4  0x7fffffffffffffff
core   0: 0x0000000080004842 (0x019a1eb3) sll     t4, s4, s9
core   0: 1 0x0000000080004842 (0x019a1eb3) x29 0x0000000000000000
core   0: 0x0000000080004846 (0xc04fdaf3) csrrwi  s5, hpmcounter4, 31
core   0: exception trap_illegal_instruction, epc 0x0000000080004846
core   0:           tval 0x00000000c04fdaf3
core   0: >>>>  $xrv64i2p1_m2p0_a2p1_f2p2_d2p2_zicsr2p0_zifencei2p0_zmmul1p0_zba1p0_zbb1p0_zbc1p0_zbs1p0
core   0: 0x0000000080004000 (0x0080006f) j       pc + 0x8
core   0: 3 0x0000000080004000 (0x0080006f)
core   0: >>>>  mmode_exception_handler
core   0: 0x0000000080004008 (0x00002c17) auipc   s8, 0x2
core   0: 3 0x0000000080004008 (0x00002c17) x24 0x0000000080006008
core   0: 0x000000008000400c (0x074c0c13) addi    s8, s8, 116
core   0: 3 0x000000008000400c (0x074c0c13) x24 0x000000008000607c
core   0: 0x0000000080004010 (0x000c00e7) jalr    s8
core   0: 3 0x0000000080004010 (0x000c00e7) x1  0x0000000080004014
core   0: >>>>  any_handler
core   0: 0x000000008000607c (0x341027f3) csrrs   a5, mepc, zero
core   0: 3 0x000000008000607c (0x341027f3) x15 0x0000000080004846
core   0: 0x0000000080006080 (0x34202773) csrrs   a4, mcause, zero
core   0: 3 0x0000000080006080 (0x34202773) x14 0x0000000000000002
core   0: 0x0000000080006084 (0x142026f3) csrrs   a3, scause, zero
core   0: 3 0x0000000080006084 (0x142026f3) x13 0x0000000000000000
core   0: 0x0000000080006088 (0x30402673) csrrs   a2, mie, zero
core   0: 3 0x0000000080006088 (0x30402673) x12 0x0000000000000a00
core   0: 0x000000008000608c (0x344025f3) csrrs   a1, mip, zero
core   0: 3 0x000000008000608c (0x344025f3) x11 0x0000000000000080
core   0: 0x0000000080006090 (0x343025f3) csrrs   a1, mtval, zero
core   0: 3 0x0000000080006090 (0x343025f3) x11 0x00000000c04fdaf3
core   0: 0x0000000080006094 (0x14302573) csrrs   a0, stval, zero
core   0: 3 0x0000000080006094 (0x14302573) x10 0x0000000000000000
core   0: 0x0000000080006098 (0xb02024f3) csrrs   s1, minstret, zero
core   0: 3 0x0000000080006098 (0xb02024f3) x9  0x0000000000000ab4
core   0: 0x000000008000609c (0x0000a811) c.j     pc + 20
core   0: 3 0x000000008000609c (0xa811)
core   0: >>>>  mepc_4
core   0: 0x00000000800060b0 (0x00000791) c.addi  a5, 4
core   0: 3 0x00000000800060b0 (0x0791) x15 0x000000008000484a
core   0: 0x00000000800060b2 (0x34179073) csrrw   zero, mepc, a5
core   0: 3 0x00000000800060b2 (0x34179073) c833_mepc 0x000000008000484a
core   0: 0x00000000800060b6 (0x30200073) mret
core   0: 3 0x00000000800060b6 (0x30200073) c768_mstatus 0x8000000a00106080
core   0: 0x000000008000484a (0x40eedd9b) sraiw   s11, t4, 14
core   0: 1 0x000000008000484a (0x40eedd9b) x27 0x0000000000000000
core   0: 0x000000008000484e (0xa3229953) flt.d   s2, ft5, fs2
core   0: 1 0x000000008000484e (0xa3229953) c1_fflags 0x0000000000000011 x18 0x0000000000000000
core   0: 0x0000000080004852 (0x5149831b) addiw   t1, s3, 1300
core   0: 1 0x0000000080004852 (0x5149831b) x6  0x0000000000000514
core   0: 0x0000000080004856 (0x000007fe) c.slli  a5, 31
core   0: 1 0x0000000080004856 (0x07fe) x15 0x4000242500000000
core   0: 0x0000000080004858 (0x93067617) auipc   a2, 0x93067
core   0: 1 0x0000000080004858 (0x93067617) x12 0x000000001306b858
core   0: 0x000000008000485c (0x03b260b3) rem     ra, tp, s11
core   0: 1 0x000000008000485c (0x03b260b3) x1  0x7fffffffffffffff
core   0: 0x0000000080004860 (0x001df213) andi    tp, s11, 1
core   0: 1 0x0000000080004860 (0x001df213) x4  0x0000000000000000
core   0: 0x0000000080004864 (0xc21976d3) fcvt.wu.d a3, fs2
core   0: 1 0x0000000080004864 (0xc21976d3) c1_fflags 0x0000000000000011 x13 0xffffffffffffffff
core   0: 0x0000000080004868 (0x1b9371c3) fmadd.d ft3, ft6, fs9, ft3
core   0: 1 0x0000000080004868 (0x1b9371c3) f3  0x7ff8000000000000
core   0: 0x000000008000486c (0x00a35733) srl     a4, t1, a0
core   0: 1 0x000000008000486c (0x00a35733) x14 0x0000000000000514
core   0: 0x0000000080004870 (0x003321b3) slt     gp, t1, gp
core   0: 1 0x0000000080004870 (0x003321b3) x3  0x0000000000000001
core   0: 0x0000000080004874 (0x2b918ad3) fmin.d  fs5, ft3, fs9
core   0: 1 0x0000000080004874 (0x2b918ad3) f21 0x4063000000000000
core   0: 0x0000000080004878 (0x5a0affd3) fsqrt.d ft11, fs5
core   0: 1 0x0000000080004878 (0x5a0affd3) c1_fflags 0x0000000000000011 f31 0x4028a85c24f70659
core   0: 0x000000008000487c (0xc03f7953) fcvt.lu.s s2, ft10
core   0: 1 0x000000008000487c (0xc03f7953) c1_fflags 0x0000000000000011 x18 0xffffffffffffffff
core   0: 0x0000000080004880 (0xd0317953) fcvt.s.lu fs2, sp
core   0: 1 0x0000000080004880 (0xd0317953) f18 0xffffffff00000000
core   0: 0x0000000080004884 (0x00131473) csrrw   s0, fflags, t1
core   0: 1 0x0000000080004884 (0x00131473) x8  0x0000000000000011 c1_fflags 0x0000000000000014
core   0: 0x0000000080004888 (0x3435b1f3) csrrc   gp, mtval, a1
core   0: exception trap_illegal_instruction, epc 0x0000000080004888
core   0:           tval 0x000000003435b1f3
core   0: >>>>  $xrv64i2p1_m2p0_a2p1_f2p2_d2p2_zicsr2p0_zifencei2p0_zmmul1p0_zba1p0_zbb1p0_zbc1p0_zbs1p0
core   0: 0x0000000080004000 (0x0080006f) j       pc + 0x8
core   0: 3 0x0000000080004000 (0x0080006f)
core   0: >>>>  mmode_exception_handler
core   0: 0x0000000080004008 (0x00002c17) auipc   s8, 0x2
core   0: 3 0x0000000080004008 (0x00002c17) x24 0x0000000080006008
core   0: 0x000000008000400c (0x074c0c13) addi    s8, s8, 116
core   0: 3 0x000000008000400c (0x074c0c13) x24 0x000000008000607c
core   0: 0x0000000080004010 (0x000c00e7) jalr    s8
core   0: 3 0x0000000080004010 (0x000c00e7) x1  0x0000000080004014
core   0: >>>>  any_handler
core   0: 0x000000008000607c (0x341027f3) csrrs   a5, mepc, zero
core   0: 3 0x000000008000607c (0x341027f3) x15 0x0000000080004888
core   0: 0x0000000080006080 (0x34202773) csrrs   a4, mcause, zero
core   0: 3 0x0000000080006080 (0x34202773) x14 0x0000000000000002
core   0: 0x0000000080006084 (0x142026f3) csrrs   a3, scause, zero
core   0: 3 0x0000000080006084 (0x142026f3) x13 0x0000000000000000
core   0: 0x0000000080006088 (0x30402673) csrrs   a2, mie, zero
core   0: 3 0x0000000080006088 (0x30402673) x12 0x0000000000000a00
core   0: 0x000000008000608c (0x344025f3) csrrs   a1, mip, zero
core   0: 3 0x000000008000608c (0x344025f3) x11 0x0000000000000080
core   0: 0x0000000080006090 (0x343025f3) csrrs   a1, mtval, zero
core   0: 3 0x0000000080006090 (0x343025f3) x11 0x000000003435b1f3
core   0: 0x0000000080006094 (0x14302573) csrrs   a0, stval, zero
core   0: 3 0x0000000080006094 (0x14302573) x10 0x0000000000000000
core   0: 0x0000000080006098 (0xb02024f3) csrrs   s1, minstret, zero
core   0: 3 0x0000000080006098 (0xb02024f3) x9  0x0000000000000ad4
core   0: 0x000000008000609c (0x0000a811) c.j     pc + 20
core   0: 3 0x000000008000609c (0xa811)
core   0: >>>>  mepc_4
core   0: 0x00000000800060b0 (0x00000791) c.addi  a5, 4
core   0: 3 0x00000000800060b0 (0x0791) x15 0x000000008000488c
core   0: 0x00000000800060b2 (0x34179073) csrrw   zero, mepc, a5
core   0: 3 0x00000000800060b2 (0x34179073) c833_mepc 0x000000008000488c
core   0: 0x00000000800060b6 (0x30200073) mret
core   0: 3 0x00000000800060b6 (0x30200073) c768_mstatus 0x8000000a00106080
core   0: 0x000000008000488c (0x23170153) fsgnj.d ft2, fa4, fa7
core   0: 1 0x000000008000488c (0x23170153) f2  0x41d1783d17000000
core   0: 0x0000000080004890 (0xfd6744b7) lui     s1, 0xfd674
core   0: 1 0x0000000080004890 (0xfd6744b7) x9  0xfffffffffd674000
core   0: 0x0000000080004894 (0x8fd4849b) addiw   s1, s1, -1795
core   0: 1 0x0000000080004894 (0x8fd4849b) x9  0xfffffffffd6738fd
core   0: 0x0000000080004898 (0x000004b2) c.slli  s1, 12
core   0: 1 0x0000000080004898 (0x04b2) x9  0xffffffd6738fd000
core   0: 0x000000008000489a (0xaba48493) addi    s1, s1, -1350
core   0: 1 0x000000008000489a (0xaba48493) x9  0xffffffd6738fcaba
core   0: 0x000000008000489e (0x1b28fcd3) fdiv.d  fs9, fa7, fs2
core   0: 1 0x000000008000489e (0x1b28fcd3) f25 0x7ff8000000000000
core   0: 0x00000000800048a2 (0x480ed737) lui     a4, 0x480ed
core   0: 1 0x00000000800048a2 (0x480ed737) x14 0x00000000480ed000
core   0: 0x00000000800048a6 (0x0a2cfdd3) fsub.d  fs11, fs9, ft2
core   0: 1 0x00000000800048a6 (0x0a2cfdd3) f27 0x7ff8000000000000
core   0: 0x00000000800048aa (0x0346563b) divuw   a2, a2, s4
core   0: 1 0x00000000800048aa (0x0346563b) x12 0xffffffffffffffff
core   0: 0x00000000800048ae (0xf2048b53) fmv.d.x fs6, s1
core   0: 1 0x00000000800048ae (0xf2048b53) f22 0xffffffd6738fcaba
core   0: 0x00000000800048b2 (0xd03670d3) fcvt.s.lu ft1, a2
core   0: 1 0x00000000800048b2 (0xd03670d3) c1_fflags 0x0000000000000015 f1  0xffffffff5f7fffff
core   0: 0x00000000800048b6 (0xd0377bd3) fcvt.s.lu fs7, a4
core   0: 1 0x00000000800048b6 (0xd0377bd3) f23 0xffffffff4e901da0
core   0: 0x00000000800048ba (0x40e080bb) subw    ra, ra, a4
core   0: 1 0x00000000800048ba (0x40e080bb) x1  0x0000000037f17014
core   0: 0x00000000800048be (0xfd061d37) lui     s10, 0xfd061
core   0: 1 0x00000000800048be (0xfd061d37) x26 0xfffffffffd061000
core   0: 0x00000000800048c2 (0x9cbd0d1b) addiw   s10, s10, -1589
core   0: 1 0x00000000800048c2 (0x9cbd0d1b) x26 0xfffffffffd0609cb
core   0: 0x00000000800048c6 (0x00000d32) c.slli  s10, 12
core   0: 1 0x00000000800048c6 (0x0d32) x26 0xffffffd0609cb000
core   0: 0x00000000800048c8 (0xc36d0d13) addi    s10, s10, -970
core   0: 1 0x00000000800048c8 (0xc36d0d13) x26 0xffffffd0609cac36
core   0: 0x00000000800048cc (0x01f0d51b) srliw   a0, ra, 31
core   0: 1 0x00000000800048cc (0x01f0d51b) x10 0x0000000000000000
core   0: 0x00000000800048d0 (0x7470d6f3) csrrwi  a3, mseccfg, 1
core   0: exception trap_illegal_instruction, epc 0x00000000800048d0
core   0:           tval 0x000000007470d6f3
core   0: >>>>  $xrv64i2p1_m2p0_a2p1_f2p2_d2p2_zicsr2p0_zifencei2p0_zmmul1p0_zba1p0_zbb1p0_zbc1p0_zbs1p0
core   0: 0x0000000080004000 (0x0080006f) j       pc + 0x8
core   0: 3 0x0000000080004000 (0x0080006f)
core   0: >>>>  mmode_exception_handler
core   0: 0x0000000080004008 (0x00002c17) auipc   s8, 0x2
core   0: 3 0x0000000080004008 (0x00002c17) x24 0x0000000080006008
core   0: 0x000000008000400c (0x074c0c13) addi    s8, s8, 116
core   0: 3 0x000000008000400c (0x074c0c13) x24 0x000000008000607c
core   0: 0x0000000080004010 (0x000c00e7) jalr    s8
core   0: 3 0x0000000080004010 (0x000c00e7) x1  0x0000000080004014
core   0: >>>>  any_handler
core   0: 0x000000008000607c (0x341027f3) csrrs   a5, mepc, zero
core   0: 3 0x000000008000607c (0x341027f3) x15 0x00000000800048d0
core   0: 0x0000000080006080 (0x34202773) csrrs   a4, mcause, zero
core   0: 3 0x0000000080006080 (0x34202773) x14 0x0000000000000002
core   0: 0x0000000080006084 (0x142026f3) csrrs   a3, scause, zero
core   0: 3 0x0000000080006084 (0x142026f3) x13 0x0000000000000000
core   0: 0x0000000080006088 (0x30402673) csrrs   a2, mie, zero
core   0: 3 0x0000000080006088 (0x30402673) x12 0x0000000000000a00
core   0: 0x000000008000608c (0x344025f3) csrrs   a1, mip, zero
core   0: 3 0x000000008000608c (0x344025f3) x11 0x0000000000000080
core   0: 0x0000000080006090 (0x343025f3) csrrs   a1, mtval, zero
core   0: 3 0x0000000080006090 (0x343025f3) x11 0x000000007470d6f3
core   0: 0x0000000080006094 (0x14302573) csrrs   a0, stval, zero
core   0: 3 0x0000000080006094 (0x14302573) x10 0x0000000000000000
core   0: 0x0000000080006098 (0xb02024f3) csrrs   s1, minstret, zero
core   0: 3 0x0000000080006098 (0xb02024f3) x9  0x0000000000000af6
core   0: 0x000000008000609c (0x0000a811) c.j     pc + 20
core   0: 3 0x000000008000609c (0xa811)
core   0: >>>>  mepc_4
core   0: 0x00000000800060b0 (0x00000791) c.addi  a5, 4
core   0: 3 0x00000000800060b0 (0x0791) x15 0x00000000800048d4
core   0: 0x00000000800060b2 (0x34179073) csrrw   zero, mepc, a5
core   0: 3 0x00000000800060b2 (0x34179073) c833_mepc 0x00000000800048d4
core   0: 0x00000000800060b6 (0x30200073) mret
core   0: 3 0x00000000800060b6 (0x30200073) c768_mstatus 0x8000000a00106080
core   0: 0x00000000800048d4 (0x7ff5b993) sltiu   s3, a1, 2047
core   0: 1 0x00000000800048d4 (0x7ff5b993) x19 0x0000000000000000
core   0: 0x00000000800048d8 (0x45a38e9b) addiw   t4, t2, 1114
core   0: 1 0x00000000800048d8 (0x45a38e9b) x29 0x000000000000045a
core   0: 0x00000000800048dc (0x01de90b3) sll     ra, t4, t4
core   0: 1 0x00000000800048dc (0x01de90b3) x1  0x0000001168000000
core   0: 0x00000000800048e0 (0x8007f193) andi    gp, a5, -2048
core   0: 1 0x00000000800048e0 (0x8007f193) x3  0x0000000080004800
core   0: 0x00000000800048e4 (0x0151d8bb) srlw    a7, gp, s5
core   0: 1 0x00000000800048e4 (0x0151d8bb) x17 0xffffffff80004800
core   0: 0x00000000800048e8 (0xd231f453) fcvt.d.lu fs0, gp
core   0: 1 0x00000000800048e8 (0xd231f453) f8  0x41e0000900000000
core   0: 0x00000000800048ec (0x0009d99b) srliw   s3, s3, 0
core   0: 1 0x00000000800048ec (0x0009d99b) x19 0x0000000000000000
core   0: 0x00000000800048f0 (0x03ca0e3b) mulw    t3, s4, t3
core   0: 1 0x00000000800048f0 (0x03ca0e3b) x28 0x0000000000000000
core   0: 0x00000000800048f4 (0xc21ff6d3) fcvt.wu.d a3, ft11
core   0: 1 0x00000000800048f4 (0xc21ff6d3) c1_fflags 0x0000000000000015 x13 0x000000000000000c
core   0: 0x00000000800048f8 (0x7ffe4713) xori    a4, t3, 2047
core   0: 1 0x00000000800048f8 (0x7ffe4713) x14 0x00000000000007ff
core   0: 0x00000000800048fc (0xf20b0c53) fmv.d.x fs8, s6
core   0: 1 0x00000000800048fc (0xf20b0c53) f24 0x0000000000000000
core   0: 0x0000000080004900 (0x03576abb) remw    s5, a4, s5
core   0: 1 0x0000000080004900 (0x03576abb) x21 0x00000000000007ff
core   0: 0x0000000080004904 (0x00671233) sll     tp, a4, t1
core   0: 1 0x0000000080004904 (0x00671233) x4  0x000000007ff00000
core   0: 0x0000000080004908 (0x41775b3b) sraw    s6, a4, s7
core   0: 1 0x0000000080004908 (0x41775b3b) x22 0x00000000000007ff
core   0: 0x000000008000490c (0x404a89bb) subw    s3, s5, tp
core   0: 1 0x000000008000490c (0x404a89bb) x19 0xffffffff801007ff
core   0: 0x0000000080004910 (0x420409d3) fcvt.d.s fs3, fs0
core   0: 1 0x0000000080004910 (0x420409d3) f19 0x7ff8000000000000
core   0: 0x0000000080004914 (0x003e7e33) and     t3, t3, gp
core   0: 1 0x0000000080004914 (0x003e7e33) x28 0x0000000000000000
core   0: 0x0000000080004918 (0x431c5413) srai    s0, s8, 49
core   0: 1 0x0000000080004918 (0x431c5413) x8  0x0000000000000000
core   0: 0x000000008000491c (0x01ac599b) srliw   s3, s8, 26
core   0: 1 0x000000008000491c (0x01ac599b) x19 0x0000000000000020
core   0: 0x0000000080004920 (0x023851bb) divuw   gp, a6, gp
core   0: 1 0x0000000080004920 (0x023851bb) x3  0x0000000000000000
core   0: 0x0000000080004924 (0x000a9d93) slli    s11, s5, 0
core   0: 1 0x0000000080004924 (0x000a9d93) x27 0x00000000000007ff
core   0: 0x0000000080004928 (0x0076d833) srl     a6, a3, t2
core   0: 1 0x0000000080004928 (0x0076d833) x16 0x000000000000000c
core   0: 0x000000008000492c (0x010670b3) and     ra, a2, a6
core   0: 1 0x000000008000492c (0x010670b3) x1  0x0000000000000000
core   0: 0x0000000080004930 (0x0ff0000f) fence   iorw,iorw
core   0: 1 0x0000000080004930 (0x0ff0000f)
core   0: 0x0000000080004934 (0x4b8aee97) auipc   t4, 0x4b8ae
core   0: 1 0x0000000080004934 (0x4b8aee97) x29 0x00000000cb8b2934
core   0: 0x0000000080004938 (0x001026f3) csrrs   a3, fflags, zero
core   0: 1 0x0000000080004938 (0x001026f3) x13 0x0000000000000015
core   0: 0x000000008000493c (0x296b0313) addi    t1, s6, 662
core   0: 1 0x000000008000493c (0x296b0313) x6  0x0000000000000a95
core   0: 0x0000000080004940 (0x06b18237) lui     tp, 0x6b18
core   0: 1 0x0000000080004940 (0x06b18237) x4  0x0000000006b18000
core   0: 0x0000000080004944 (0x4c12021b) addiw   tp, tp, 1217
core   0: 1 0x0000000080004944 (0x4c12021b) x4  0x0000000006b184c1
core   0: 0x0000000080004948 (0x00000232) c.slli  tp, 12
core   0: 1 0x0000000080004948 (0x0232) x4  0x0000006b184c1000
core   0: 0x000000008000494a (0x07f20213) addi    tp, tp, 127
core   0: 1 0x000000008000494a (0x07f20213) x4  0x0000006b184c107f
core   0: 0x000000008000494e (0x0ae8f753) fsub.d  fa4, fa7, fa4
core   0: 1 0x000000008000494e (0x0ae8f753) f14 0x7ff8000000000000
core   0: 0x0000000080004952 (0x004e9ebb) sllw    t4, t4, tp
core   0: 1 0x0000000080004952 (0x004e9ebb) x29 0x0000000000000000
core   0: 0x0000000080004956 (0x002595f3) csrrw   a1, frm, a1
core   0: 1 0x0000000080004956 (0x002595f3) x11 0x0000000000000001 c2_frm 0x0000000000000003
core   0: 0x000000008000495a (0xd22d7ed3) fcvt.d.l ft9, s10
core   0: 1 0x000000008000495a (0xd22d7ed3) f29 0xc247cfb1a9e50000
core   0: 0x000000008000495e (0x02e683b3) mul     t2, a3, a4
core   0: 1 0x000000008000495e (0x02e683b3) x7  0x000000000000a7eb
core   0: 0x0000000080004962 (0x40dc59bb) sraw    s3, s8, a3
core   0: 1 0x0000000080004962 (0x40dc59bb) x19 0xfffffffffffffc00
core   0: 0x0000000080004966 (0x800c4793) xori    a5, s8, -2048
core   0: 1 0x0000000080004966 (0x800c4793) x15 0xffffffff7fff987c
core   0: 0x000000008000496a (0x02770cbb) mulw    s9, a4, t2
core   0: 1 0x000000008000496a (0x02770cbb) x25 0x00000000053eb015
core   0: 0x000000008000496e (0x02e7c33b) divw    t1, a5, a4
core   0: 1 0x000000008000496e (0x02e7c33b) x6  0x00000000001001f3
core   0: 0x0000000080004972 (0x00a79a93) slli    s5, a5, 10
core   0: 1 0x0000000080004972 (0x00a79a93) x21 0xfffffdfffe61f000
core   0: 0x0000000080004976 (0x4062d59b) sraiw   a1, t0, 6
core   0: 1 0x0000000080004976 (0x4062d59b) x11 0x0000000000a439c0
core   0: 0x000000008000497a (0xca68d537) lui     a0, 0xca68d
core   0: 1 0x000000008000497a (0xca68d537) x10 0xffffffffca68d000
core   0: 0x000000008000497e (0xc21770d3) fcvt.wu.d ra, fa4
core   0: 1 0x000000008000497e (0xc21770d3) c1_fflags 0x0000000000000015 x1  0xffffffffffffffff
core   0: 0x0000000080004982 (0x00102a73) csrrs   s4, fflags, zero
core   0: 1 0x0000000080004982 (0x00102a73) x20 0x0000000000000015
core   0: 0x0000000080004986 (0x00000001) c.nop
core   0: 1 0x0000000080004986 (0x0001)
core   0: 0x0000000080004988 (0x00269b73) csrrw   s6, frm, a3
core   0: 1 0x0000000080004988 (0x00269b73) x22 0x0000000000000003 c2_frm 0x0000000000000005
core   0: 0x000000008000498c (0x006986bb) addw    a3, s3, t1
core   0: 1 0x000000008000498c (0x006986bb) x13 0x00000000000ffdf3
core   0: 0x0000000080004990 (0xd20a0cd3) fcvt.d.w fs9, s4
core   0: 1 0x0000000080004990 (0xd20a0cd3) f25 0x4035000000000000
core   0: 0x0000000080004994 (0x40155493) srai    s1, a0, 1
core   0: 1 0x0000000080004994 (0x40155493) x9  0xffffffffe5346800
core   0: 0x0000000080004998 (0x2b3c97d3) fmax.d  fa5, fs9, fs3
core   0: 1 0x0000000080004998 (0x2b3c97d3) f15 0x4035000000000000
core   0: 0x000000008000499c (0x000b1e93) slli    t4, s6, 0
core   0: 1 0x000000008000499c (0x000b1e93) x29 0x0000000000000003
core   0: 0x00000000800049a0 (0x03ae8cbb) mulw    s9, t4, s10
core   0: 1 0x00000000800049a0 (0x03ae8cbb) x25 0x0000000021d604a2
core   0: 0x00000000800049a4 (0x02cd46bb) divw    a3, s10, a2
core   0: 1 0x00000000800049a4 (0x02cd46bb) x13 0x000000000009a944
core   0: 0x00000000800049a8 (0xd22cf1d3) fcvt.d.l ft3, s9
core   0: exception trap_illegal_instruction, epc 0x00000000800049a8
core   0:           tval 0x00000000d22cf1d3
core   0: >>>>  $xrv64i2p1_m2p0_a2p1_f2p2_d2p2_zicsr2p0_zifencei2p0_zmmul1p0_zba1p0_zbb1p0_zbc1p0_zbs1p0
core   0: 0x0000000080004000 (0x0080006f) j       pc + 0x8
core   0: 3 0x0000000080004000 (0x0080006f)
core   0: >>>>  mmode_exception_handler
core   0: 0x0000000080004008 (0x00002c17) auipc   s8, 0x2
core   0: 3 0x0000000080004008 (0x00002c17) x24 0x0000000080006008
core   0: 0x000000008000400c (0x074c0c13) addi    s8, s8, 116
core   0: 3 0x000000008000400c (0x074c0c13) x24 0x000000008000607c
core   0: 0x0000000080004010 (0x000c00e7) jalr    s8
core   0: 3 0x0000000080004010 (0x000c00e7) x1  0x0000000080004014
core   0: >>>>  any_handler
core   0: 0x000000008000607c (0x341027f3) csrrs   a5, mepc, zero
core   0: 3 0x000000008000607c (0x341027f3) x15 0x00000000800049a8
core   0: 0x0000000080006080 (0x34202773) csrrs   a4, mcause, zero
core   0: 3 0x0000000080006080 (0x34202773) x14 0x0000000000000002
core   0: 0x0000000080006084 (0x142026f3) csrrs   a3, scause, zero
core   0: 3 0x0000000080006084 (0x142026f3) x13 0x0000000000000000
core   0: 0x0000000080006088 (0x30402673) csrrs   a2, mie, zero
core   0: 3 0x0000000080006088 (0x30402673) x12 0x0000000000000a00
core   0: 0x000000008000608c (0x344025f3) csrrs   a1, mip, zero
core   0: 3 0x000000008000608c (0x344025f3) x11 0x0000000000000080
core   0: 0x0000000080006090 (0x343025f3) csrrs   a1, mtval, zero
core   0: 3 0x0000000080006090 (0x343025f3) x11 0x00000000d22cf1d3
core   0: 0x0000000080006094 (0x14302573) csrrs   a0, stval, zero
core   0: 3 0x0000000080006094 (0x14302573) x10 0x0000000000000000
core   0: 0x0000000080006098 (0xb02024f3) csrrs   s1, minstret, zero
core   0: 3 0x0000000080006098 (0xb02024f3) x9  0x0000000000000b3c
core   0: 0x000000008000609c (0x0000a811) c.j     pc + 20
core   0: 3 0x000000008000609c (0xa811)
core   0: >>>>  mepc_4
core   0: 0x00000000800060b0 (0x00000791) c.addi  a5, 4
core   0: 3 0x00000000800060b0 (0x0791) x15 0x00000000800049ac
core   0: 0x00000000800060b2 (0x34179073) csrrw   zero, mepc, a5
core   0: 3 0x00000000800060b2 (0x34179073) c833_mepc 0x00000000800049ac
core   0: 0x00000000800060b6 (0x30200073) mret
core   0: 3 0x00000000800060b6 (0x30200073) c768_mstatus 0x8000000a00106080
core   0: 0x00000000800049ac (0x0126073b) addw    a4, a2, s2
core   0: 1 0x00000000800049ac (0x0126073b) x14 0x00000000000009ff
core   0: 0x00000000800049b0 (0x5a0cf753) fsqrt.d fa4, fs9
core   0: exception trap_illegal_instruction, epc 0x00000000800049b0
core   0:           tval 0x000000005a0cf753
core   0: >>>>  $xrv64i2p1_m2p0_a2p1_f2p2_d2p2_zicsr2p0_zifencei2p0_zmmul1p0_zba1p0_zbb1p0_zbc1p0_zbs1p0
core   0: 0x0000000080004000 (0x0080006f) j       pc + 0x8
core   0: 3 0x0000000080004000 (0x0080006f)
core   0: >>>>  mmode_exception_handler
core   0: 0x0000000080004008 (0x00002c17) auipc   s8, 0x2
core   0: 3 0x0000000080004008 (0x00002c17) x24 0x0000000080006008
core   0: 0x000000008000400c (0x074c0c13) addi    s8, s8, 116
core   0: 3 0x000000008000400c (0x074c0c13) x24 0x000000008000607c
core   0: 0x0000000080004010 (0x000c00e7) jalr    s8
core   0: 3 0x0000000080004010 (0x000c00e7) x1  0x0000000080004014
core   0: >>>>  any_handler
core   0: 0x000000008000607c (0x341027f3) csrrs   a5, mepc, zero
core   0: 3 0x000000008000607c (0x341027f3) x15 0x00000000800049b0
core   0: 0x0000000080006080 (0x34202773) csrrs   a4, mcause, zero
core   0: 3 0x0000000080006080 (0x34202773) x14 0x0000000000000002
core   0: 0x0000000080006084 (0x142026f3) csrrs   a3, scause, zero
core   0: 3 0x0000000080006084 (0x142026f3) x13 0x0000000000000000
core   0: 0x0000000080006088 (0x30402673) csrrs   a2, mie, zero
core   0: 3 0x0000000080006088 (0x30402673) x12 0x0000000000000a00
core   0: 0x000000008000608c (0x344025f3) csrrs   a1, mip, zero
core   0: 3 0x000000008000608c (0x344025f3) x11 0x0000000000000080
core   0: 0x0000000080006090 (0x343025f3) csrrs   a1, mtval, zero
core   0: 3 0x0000000080006090 (0x343025f3) x11 0x000000005a0cf753
core   0: 0x0000000080006094 (0x14302573) csrrs   a0, stval, zero
core   0: 3 0x0000000080006094 (0x14302573) x10 0x0000000000000000
core   0: 0x0000000080006098 (0xb02024f3) csrrs   s1, minstret, zero
core   0: 3 0x0000000080006098 (0xb02024f3) x9  0x0000000000000b4d
core   0: 0x000000008000609c (0x0000a811) c.j     pc + 20
core   0: 3 0x000000008000609c (0xa811)
core   0: >>>>  mepc_4
core   0: 0x00000000800060b0 (0x00000791) c.addi  a5, 4
core   0: 3 0x00000000800060b0 (0x0791) x15 0x00000000800049b4
core   0: 0x00000000800060b2 (0x34179073) csrrw   zero, mepc, a5
core   0: 3 0x00000000800060b2 (0x34179073) c833_mepc 0x00000000800049b4
core   0: 0x00000000800060b6 (0x30200073) mret
core   0: 3 0x00000000800060b6 (0x30200073) c768_mstatus 0x8000000a00106080
core   0: 0x00000000800049b4 (0x02075d33) divu    s10, a4, zero
core   0: 1 0x00000000800049b4 (0x02075d33) x26 0xffffffffffffffff
core   0: 0x00000000800049b8 (0x01de88b3) add     a7, t4, t4
core   0: 1 0x00000000800049b8 (0x01de88b3) x17 0x0000000000000006
core   0: 0x00000000800049bc (0x1420a697) auipc   a3, 0x1420a
core   0: 1 0x00000000800049bc (0x1420a697) x13 0x000000009420e9bc
core   0: 0x00000000800049c0 (0x03b6f3bb) remuw   t2, a3, s11
core   0: 1 0x00000000800049c0 (0x03b6f3bb) x7  0x000000000000002a
core   0: 0x00000000800049c4 (0xc209f353) fcvt.w.d t1, fs3
core   0: exception trap_illegal_instruction, epc 0x00000000800049c4
core   0:           tval 0x00000000c209f353
core   0: >>>>  $xrv64i2p1_m2p0_a2p1_f2p2_d2p2_zicsr2p0_zifencei2p0_zmmul1p0_zba1p0_zbb1p0_zbc1p0_zbs1p0
core   0: 0x0000000080004000 (0x0080006f) j       pc + 0x8
core   0: 3 0x0000000080004000 (0x0080006f)
core   0: >>>>  mmode_exception_handler
core   0: 0x0000000080004008 (0x00002c17) auipc   s8, 0x2
core   0: 3 0x0000000080004008 (0x00002c17) x24 0x0000000080006008
core   0: 0x000000008000400c (0x074c0c13) addi    s8, s8, 116
core   0: 3 0x000000008000400c (0x074c0c13) x24 0x000000008000607c
core   0: 0x0000000080004010 (0x000c00e7) jalr    s8
core   0: 3 0x0000000080004010 (0x000c00e7) x1  0x0000000080004014
core   0: >>>>  any_handler
core   0: 0x000000008000607c (0x341027f3) csrrs   a5, mepc, zero
core   0: 3 0x000000008000607c (0x341027f3) x15 0x00000000800049c4
core   0: 0x0000000080006080 (0x34202773) csrrs   a4, mcause, zero
core   0: 3 0x0000000080006080 (0x34202773) x14 0x0000000000000002
core   0: 0x0000000080006084 (0x142026f3) csrrs   a3, scause, zero
core   0: 3 0x0000000080006084 (0x142026f3) x13 0x0000000000000000
core   0: 0x0000000080006088 (0x30402673) csrrs   a2, mie, zero
core   0: 3 0x0000000080006088 (0x30402673) x12 0x0000000000000a00
core   0: 0x000000008000608c (0x344025f3) csrrs   a1, mip, zero
core   0: 3 0x000000008000608c (0x344025f3) x11 0x0000000000000080
core   0: 0x0000000080006090 (0x343025f3) csrrs   a1, mtval, zero
core   0: 3 0x0000000080006090 (0x343025f3) x11 0x00000000c209f353
core   0: 0x0000000080006094 (0x14302573) csrrs   a0, stval, zero
core   0: 3 0x0000000080006094 (0x14302573) x10 0x0000000000000000
core   0: 0x0000000080006098 (0xb02024f3) csrrs   s1, minstret, zero
core   0: 3 0x0000000080006098 (0xb02024f3) x9  0x0000000000000b61
core   0: 0x000000008000609c (0x0000a811) c.j     pc + 20
core   0: 3 0x000000008000609c (0xa811)
core   0: >>>>  mepc_4
core   0: 0x00000000800060b0 (0x00000791) c.addi  a5, 4
core   0: 3 0x00000000800060b0 (0x0791) x15 0x00000000800049c8
core   0: 0x00000000800060b2 (0x34179073) csrrw   zero, mepc, a5
core   0: 3 0x00000000800060b2 (0x34179073) c833_mepc 0x00000000800049c8
core   0: 0x00000000800060b6 (0x30200073) mret
core   0: 3 0x00000000800060b6 (0x30200073) c768_mstatus 0x8000000a00106080
core   0: 0x00000000800049c8 (0x4003da1b) sraiw   s4, t2, 0
core   0: 1 0x00000000800049c8 (0x4003da1b) x20 0x000000000000002a
core   0: 0x00000000800049cc (0x01cc6c33) or      s8, s8, t3
core   0: 1 0x00000000800049cc (0x01cc6c33) x24 0x000000008000607c
core   0: 0x00000000800049d0 (0x002a17f3) csrrw   a5, frm, s4
core   0: 1 0x00000000800049d0 (0x002a17f3) x15 0x0000000000000005 c2_frm 0x0000000000000002
core   0: 0x00000000800049d4 (0xc2177953) fcvt.wu.d s2, fa4
core   0: 1 0x00000000800049d4 (0xc2177953) c1_fflags 0x0000000000000015 x18 0xffffffffffffffff
core   0: 0x00000000800049d8 (0x7337764f) fnmadd.d fa2, fa4, fs3, fa4
core   0: 1 0x00000000800049d8 (0x7337764f) f12 0x7ff8000000000000
core   0: 0x00000000800049dc (0x00000001) c.nop
core   0: 1 0x00000000800049dc (0x0001)
core   0: 0x00000000800049de (0x0289663b) remw    a2, s2, s0
core   0: 1 0x00000000800049de (0x0289663b) x12 0xffffffffffffffff
core   0: 0x00000000800049e2 (0x024dbb33) mulhu   s6, s11, tp
core   0: 1 0x00000000800049e2 (0x024dbb33) x22 0x0000000000000000
core   0: 0x00000000800049e6 (0xd2327453) fcvt.d.lu fs0, tp
core   0: 1 0x00000000800049e6 (0xd2327453) f8  0x425ac613041fc000
core   0: 0x00000000800049ea (0xd2227d53) fcvt.d.l fs10, tp
core   0: 1 0x00000000800049ea (0xd2227d53) f26 0x425ac613041fc000
core   0: 0x00000000800049ee (0x002b1773) csrrw   a4, frm, s6
core   0: 1 0x00000000800049ee (0x002b1773) x14 0x0000000000000002 c2_frm 0x0000000000000000
core   0: 0x00000000800049f2 (0x22941753) fsgnjn.d fa4, fs0, fs1
core   0: 1 0x00000000800049f2 (0x22941753) f14 0x425ac613041fc000
core   0: 0x00000000800049f6 (0x021385bb) mulw    a1, t2, ra
core   0: 1 0x00000000800049f6 (0x021385bb) x11 0x00000000000a8348
core   0: 0x00000000800049fa (0x000a069b) sext.w  a3, s4
core   0: 1 0x00000000800049fa (0x000a069b) x13 0x000000000000002a
core   0: 0x00000000800049fe (0x02d22d33) mulhsu  s10, tp, a3
core   0: 1 0x00000000800049fe (0x02d22d33) x26 0x0000000000000000
core   0: 0x0000000080004a02 (0xc80060f3) csrrsi  ra, cycleh, 0
core   0: exception trap_illegal_instruction, epc 0x0000000080004a02
core   0:           tval 0x00000000c80060f3
core   0: >>>>  $xrv64i2p1_m2p0_a2p1_f2p2_d2p2_zicsr2p0_zifencei2p0_zmmul1p0_zba1p0_zbb1p0_zbc1p0_zbs1p0
core   0: 0x0000000080004000 (0x0080006f) j       pc + 0x8
core   0: 3 0x0000000080004000 (0x0080006f)
core   0: >>>>  mmode_exception_handler
core   0: 0x0000000080004008 (0x00002c17) auipc   s8, 0x2
core   0: 3 0x0000000080004008 (0x00002c17) x24 0x0000000080006008
core   0: 0x000000008000400c (0x074c0c13) addi    s8, s8, 116
core   0: 3 0x000000008000400c (0x074c0c13) x24 0x000000008000607c
core   0: 0x0000000080004010 (0x000c00e7) jalr    s8
core   0: 3 0x0000000080004010 (0x000c00e7) x1  0x0000000080004014
core   0: >>>>  any_handler
core   0: 0x000000008000607c (0x341027f3) csrrs   a5, mepc, zero
core   0: 3 0x000000008000607c (0x341027f3) x15 0x0000000080004a02
core   0: 0x0000000080006080 (0x34202773) csrrs   a4, mcause, zero
core   0: 3 0x0000000080006080 (0x34202773) x14 0x0000000000000002
core   0: 0x0000000080006084 (0x142026f3) csrrs   a3, scause, zero
core   0: 3 0x0000000080006084 (0x142026f3) x13 0x0000000000000000
core   0: 0x0000000080006088 (0x30402673) csrrs   a2, mie, zero
core   0: 3 0x0000000080006088 (0x30402673) x12 0x0000000000000a00
core   0: 0x000000008000608c (0x344025f3) csrrs   a1, mip, zero
core   0: 3 0x000000008000608c (0x344025f3) x11 0x0000000000000080
core   0: 0x0000000080006090 (0x343025f3) csrrs   a1, mtval, zero
core   0: 3 0x0000000080006090 (0x343025f3) x11 0x00000000c80060f3
core   0: 0x0000000080006094 (0x14302573) csrrs   a0, stval, zero
core   0: 3 0x0000000080006094 (0x14302573) x10 0x0000000000000000
core   0: 0x0000000080006098 (0xb02024f3) csrrs   s1, minstret, zero
core   0: 3 0x0000000080006098 (0xb02024f3) x9  0x0000000000000b80
core   0: 0x000000008000609c (0x0000a811) c.j     pc + 20
core   0: 3 0x000000008000609c (0xa811)
core   0: >>>>  mepc_4
core   0: 0x00000000800060b0 (0x00000791) c.addi  a5, 4
core   0: 3 0x00000000800060b0 (0x0791) x15 0x0000000080004a06
core   0: 0x00000000800060b2 (0x34179073) csrrw   zero, mepc, a5
core   0: 3 0x00000000800060b2 (0x34179073) c833_mepc 0x0000000080004a06
core   0: 0x00000000800060b6 (0x30200073) mret
core   0: 3 0x00000000800060b6 (0x30200073) c768_mstatus 0x8000000a00106080
core   0: 0x0000000080004a06 (0xee6e0917) auipc   s2, 0xee6e0
core   0: 1 0x0000000080004a06 (0xee6e0917) x18 0x000000006e6e4a06
core   0: 0x0000000080004a0a (0x02113b33) mulhu   s6, sp, ra
core   0: 1 0x0000000080004a0a (0x02113b33) x22 0x0000000000000000
core   0: 0x0000000080004a0e (0x00c8c633) xor     a2, a7, a2
core   0: 1 0x0000000080004a0e (0x00c8c633) x12 0x0000000000000a06
core   0: 0x0000000080004a12 (0x4018d79b) sraiw   a5, a7, 1
core   0: 1 0x0000000080004a12 (0x4018d79b) x15 0x0000000000000003
core   0: 0x0000000080004a16 (0x2a879353) fmax.d  ft6, fa5, fs0
core   0: 1 0x0000000080004a16 (0x2a879353) f6  0x425ac613041fc000
core   0: 0x0000000080004a1a (0x033669bb) remw    s3, a2, s3
core   0: 1 0x0000000080004a1a (0x033669bb) x19 0x0000000000000206
core   0: 0x0000000080004a1e (0x40245433) sra     s0, s0, sp
core   0: 1 0x0000000080004a1e (0x40245433) x8  0x0000000000000000
core   0: 0x0000000080004a22 (0xfa73ffcf) fnmadd.d ft11, ft7, ft7, ft11
core   0: 1 0x0000000080004a22 (0xfa73ffcf) c1_fflags 0x0000000000000015 f31 0xc3da52dea2ee3122
core   0: 0x0000000080004a26 (0x2b931053) fmax.d  ft0, ft6, fs9
core   0: 1 0x0000000080004a26 (0x2b931053) f0  0x425ac613041fc000
core   0: 0x0000000080004a2a (0x13fcfbd3) fmul.d  fs7, fs9, ft11
core   0: 1 0x0000000080004a2a (0x13fcfbd3) c1_fflags 0x0000000000000015 f23 0xc42146621aec503e
core   0: 0x0000000080004a2e (0x008accb3) xor     s9, s5, s0
core   0: 1 0x0000000080004a2e (0x008accb3) x25 0xfffffdfffe61f000
core   0: 0x0000000080004a32 (0x00201073) csrrw   zero, frm, zero
core   0: 1 0x0000000080004a32 (0x00201073) c2_frm 0x0000000000000000
core   0: 0x0000000080004a36 (0x2bf181d3) fmin.d  ft3, ft3, ft11
core   0: 1 0x0000000080004a36 (0x2bf181d3) f3  0xc3da52dea2ee3122
core   0: 0x0000000080004a3a (0x40e6563b) sraw    a2, a2, a4
core   0: 1 0x0000000080004a3a (0x40e6563b) x12 0x0000000000000281
core   0: 0x0000000080004a3e (0xc23773d3) fcvt.lu.d t2, fa4
core   0: 1 0x0000000080004a3e (0xc23773d3) x7  0x0000006b184c107f
core   0: 0x0000000080004a42 (0x0258d893) srli    a7, a7, 37
core   0: 1 0x0000000080004a42 (0x0258d893) x17 0x0000000000000000
core   0: 0x0000000080004a46 (0x03ce7e33) remu    t3, t3, t3
core   0: 1 0x0000000080004a46 (0x03ce7e33) x28 0x0000000000000000
core   0: 0x0000000080004a4a (0xd23e7953) fcvt.d.lu fs2, t3
core   0: 1 0x0000000080004a4a (0xd23e7953) f18 0x0000000000000000
core   0: 0x0000000080004a4e (0x02e2763b) remuw   a2, tp, a4
core   0: 1 0x0000000080004a4e (0x02e2763b) x12 0x0000000000000001
core   0: 0x0000000080004a52 (0x027833b3) mulhu   t2, a6, t2
core   0: 1 0x0000000080004a52 (0x027833b3) x7  0x0000000000000000
core   0: 0x0000000080004a56 (0x132f79d3) fmul.d  fs3, ft10, fs2
core   0: 1 0x0000000080004a56 (0x132f79d3) f19 0x0000000000000000
core   0: 0x0000000080004a5a (0x03077b33) remu    s6, a4, a6
core   0: 1 0x0000000080004a5a (0x03077b33) x22 0x0000000000000002
core   0: 0x0000000080004a5e (0x02239133) mulh    sp, t2, sp
core   0: 1 0x0000000080004a5e (0x02239133) x2  0x0000000000000000
core   0: 0x0000000080004a62 (0x00202bf3) csrrs   s7, frm, zero
core   0: 1 0x0000000080004a62 (0x00202bf3) x23 0x0000000000000000
core   0: 0x0000000080004a66 (0x5a01f2d3) fsqrt.d ft5, ft3
core   0: 1 0x0000000080004a66 (0x5a01f2d3) c1_fflags 0x0000000000000015 f5  0x7ff8000000000000
core   0: 0x0000000080004a6a (0xc8113273) csrrc   tp, timeh, sp
core   0: exception trap_illegal_instruction, epc 0x0000000080004a6a
core   0:           tval 0x00000000c8113273
core   0: >>>>  $xrv64i2p1_m2p0_a2p1_f2p2_d2p2_zicsr2p0_zifencei2p0_zmmul1p0_zba1p0_zbb1p0_zbc1p0_zbs1p0
core   0: 0x0000000080004000 (0x0080006f) j       pc + 0x8
core   0: 3 0x0000000080004000 (0x0080006f)
core   0: >>>>  mmode_exception_handler
core   0: 0x0000000080004008 (0x00002c17) auipc   s8, 0x2
core   0: 3 0x0000000080004008 (0x00002c17) x24 0x0000000080006008
core   0: 0x000000008000400c (0x074c0c13) addi    s8, s8, 116
core   0: 3 0x000000008000400c (0x074c0c13) x24 0x000000008000607c
core   0: 0x0000000080004010 (0x000c00e7) jalr    s8
core   0: 3 0x0000000080004010 (0x000c00e7) x1  0x0000000080004014
core   0: >>>>  any_handler
core   0: 0x000000008000607c (0x341027f3) csrrs   a5, mepc, zero
core   0: 3 0x000000008000607c (0x341027f3) x15 0x0000000080004a6a
core   0: 0x0000000080006080 (0x34202773) csrrs   a4, mcause, zero
core   0: 3 0x0000000080006080 (0x34202773) x14 0x0000000000000002
core   0: 0x0000000080006084 (0x142026f3) csrrs   a3, scause, zero
core   0: 3 0x0000000080006084 (0x142026f3) x13 0x0000000000000000
core   0: 0x0000000080006088 (0x30402673) csrrs   a2, mie, zero
core   0: 3 0x0000000080006088 (0x30402673) x12 0x0000000000000a00
core   0: 0x000000008000608c (0x344025f3) csrrs   a1, mip, zero
core   0: 3 0x000000008000608c (0x344025f3) x11 0x0000000000000080
core   0: 0x0000000080006090 (0x343025f3) csrrs   a1, mtval, zero
core   0: 3 0x0000000080006090 (0x343025f3) x11 0x00000000c8113273
core   0: 0x0000000080006094 (0x14302573) csrrs   a0, stval, zero
core   0: 3 0x0000000080006094 (0x14302573) x10 0x0000000000000000
core   0: 0x0000000080006098 (0xb02024f3) csrrs   s1, minstret, zero
core   0: 3 0x0000000080006098 (0xb02024f3) x9  0x0000000000000ba9
core   0: 0x000000008000609c (0x0000a811) c.j     pc + 20
core   0: 3 0x000000008000609c (0xa811)
core   0: >>>>  mepc_4
core   0: 0x00000000800060b0 (0x00000791) c.addi  a5, 4
core   0: 3 0x00000000800060b0 (0x0791) x15 0x0000000080004a6e
core   0: 0x00000000800060b2 (0x34179073) csrrw   zero, mepc, a5
core   0: 3 0x00000000800060b2 (0x34179073) c833_mepc 0x0000000080004a6e
core   0: 0x00000000800060b6 (0x30200073) mret
core   0: 3 0x00000000800060b6 (0x30200073) c768_mstatus 0x8000000a00106080
core   0: 0x0000000080004a6e (0x013494b3) sll     s1, s1, s3
core   0: 1 0x0000000080004a6e (0x013494b3) x9  0x000000000002ea40
core   0: 0x0000000080004a72 (0x03184bbb) divw    s7, a6, a7
core   0: 1 0x0000000080004a72 (0x03184bbb) x23 0xffffffffffffffff
core   0: 0x0000000080004a76 (0x1a84f453) fdiv.d  fs0, fs1, fs0
core   0: 1 0x0000000080004a76 (0x1a84f453) f8  0x7ff8000000000000
core   0: 0x0000000080004a7a (0x00d870b3) and     ra, a6, a3
core   0: 1 0x0000000080004a7a (0x00d870b3) x1  0x0000000000000000
core   0: 0x0000000080004a7e (0x000bdc9b) srliw   s9, s7, 0
core   0: 1 0x0000000080004a7e (0x000bdc9b) x25 0xffffffffffffffff
core   0: 0x0000000080004a82 (0xc208f6d3) fcvt.w.d a3, fa7
core   0: 1 0x0000000080004a82 (0xc208f6d3) c1_fflags 0x0000000000000015 x13 0x000000007fffffff
core   0: 0x0000000080004a86 (0x03529593) slli    a1, t0, 53
core   0: 1 0x0000000080004a86 (0x03529593) x11 0x0000000000000000
core   0: 0x0000000080004a8a (0x40b28cbb) subw    s9, t0, a1
core   0: 1 0x0000000080004a8a (0x40b28cbb) x25 0x00000000290e7000
core   0: 0x0000000080004a8e (0x00202973) csrrs   s2, frm, zero
core   0: 1 0x0000000080004a8e (0x00202973) x18 0x0000000000000000
core   0: 0x0000000080004a92 (0x03496a3b) remw    s4, s2, s4
core   0: 1 0x0000000080004a92 (0x03496a3b) x20 0x0000000000000000
core   0: 0x0000000080004a96 (0x4000d013) srai    zero, ra, 0
core   0: 1 0x0000000080004a96 (0x4000d013)
core   0: 0x0000000080004a9a (0xf11dbd73) csrrc   s10, mvendorid, s11
core   0: exception trap_illegal_instruction, epc 0x0000000080004a9a
core   0:           tval 0x00000000f11dbd73
core   0: >>>>  $xrv64i2p1_m2p0_a2p1_f2p2_d2p2_zicsr2p0_zifencei2p0_zmmul1p0_zba1p0_zbb1p0_zbc1p0_zbs1p0
core   0: 0x0000000080004000 (0x0080006f) j       pc + 0x8
core   0: 3 0x0000000080004000 (0x0080006f)
core   0: >>>>  mmode_exception_handler
core   0: 0x0000000080004008 (0x00002c17) auipc   s8, 0x2
core   0: 3 0x0000000080004008 (0x00002c17) x24 0x0000000080006008
core   0: 0x000000008000400c (0x074c0c13) addi    s8, s8, 116
core   0: 3 0x000000008000400c (0x074c0c13) x24 0x000000008000607c
core   0: 0x0000000080004010 (0x000c00e7) jalr    s8
core   0: 3 0x0000000080004010 (0x000c00e7) x1  0x0000000080004014
core   0: >>>>  any_handler
core   0: 0x000000008000607c (0x341027f3) csrrs   a5, mepc, zero
core   0: 3 0x000000008000607c (0x341027f3) x15 0x0000000080004a9a
core   0: 0x0000000080006080 (0x34202773) csrrs   a4, mcause, zero
core   0: 3 0x0000000080006080 (0x34202773) x14 0x0000000000000002
core   0: 0x0000000080006084 (0x142026f3) csrrs   a3, scause, zero
core   0: 3 0x0000000080006084 (0x142026f3) x13 0x0000000000000000
core   0: 0x0000000080006088 (0x30402673) csrrs   a2, mie, zero
core   0: 3 0x0000000080006088 (0x30402673) x12 0x0000000000000a00
core   0: 0x000000008000608c (0x344025f3) csrrs   a1, mip, zero
core   0: 3 0x000000008000608c (0x344025f3) x11 0x0000000000000080
core   0: 0x0000000080006090 (0x343025f3) csrrs   a1, mtval, zero
core   0: 3 0x0000000080006090 (0x343025f3) x11 0x00000000f11dbd73
core   0: 0x0000000080006094 (0x14302573) csrrs   a0, stval, zero
core   0: 3 0x0000000080006094 (0x14302573) x10 0x0000000000000000
core   0: 0x0000000080006098 (0xb02024f3) csrrs   s1, minstret, zero
core   0: 3 0x0000000080006098 (0xb02024f3) x9  0x0000000000000bc4
core   0: 0x000000008000609c (0x0000a811) c.j     pc + 20
core   0: 3 0x000000008000609c (0xa811)
core   0: >>>>  mepc_4
core   0: 0x00000000800060b0 (0x00000791) c.addi  a5, 4
core   0: 3 0x00000000800060b0 (0x0791) x15 0x0000000080004a9e
core   0: 0x00000000800060b2 (0x34179073) csrrw   zero, mepc, a5
core   0: 3 0x00000000800060b2 (0x34179073) c833_mepc 0x0000000080004a9e
core   0: 0x00000000800060b6 (0x30200073) mret
core   0: 3 0x00000000800060b6 (0x30200073) c768_mstatus 0x8000000a00106080
core   0: 0x0000000080004a9e (0x03cbbbb3) mulhu   s7, s7, t3
core   0: 1 0x0000000080004a9e (0x03cbbbb3) x23 0x0000000000000000
core   0: 0x0000000080004aa2 (0x00002033) slt     zero, zero, zero
core   0: 1 0x0000000080004aa2 (0x00002033)
core   0: 0x0000000080004aa6 (0x017e2bb3) slt     s7, t3, s7
core   0: 1 0x0000000080004aa6 (0x017e2bb3) x23 0x0000000000000000
core   0: 0x0000000080004aaa (0x026e4433) div     s0, t3, t1
core   0: 1 0x0000000080004aaa (0x026e4433) x8  0x0000000000000000
core   0: 0x0000000080004aae (0x014e893b) addw    s2, t4, s4
core   0: 1 0x0000000080004aae (0x014e893b) x18 0x0000000000000003
core   0: 0x0000000080004ab2 (0x00be963b) sllw    a2, t4, a1
core   0: 1 0x0000000080004ab2 (0x00be963b) x12 0x0000000000180000
core   0: 0x0000000080004ab6 (0x6312724b) fnmsub.d ft4, ft4, fa7, fa2
core   0: 1 0x0000000080004ab6 (0x6312724b) f4  0x7ff8000000000000
core   0: 0x0000000080004aba (0x23ce1e53) fsgnjn.d ft8, ft8, ft8
core   0: 1 0x0000000080004aba (0x23ce1e53) f28 0xfff8000000000000
core   0: 0x0000000080004abe (0x01799c3b) sllw    s8, s3, s7
core   0: 1 0x0000000080004abe (0x01799c3b) x24 0x0000000000000206
core   0: 0x0000000080004ac2 (0x01865333) srl     t1, a2, s8
core   0: 1 0x0000000080004ac2 (0x01865333) x6  0x0000000000006000
core   0: 0x0000000080004ac6 (0x013558bb) srlw    a7, a0, s3
core   0: 1 0x0000000080004ac6 (0x013558bb) x17 0x0000000000000000
core   0: 0x0000000080004aca (0x00c75a3b) srlw    s4, a4, a2
core   0: 1 0x0000000080004aca (0x00c75a3b) x20 0x0000000000000002
core   0: 0x0000000080004ace (0xd2188753) fcvt.d.wu fa4, a7
core   0: 1 0x0000000080004ace (0xd2188753) f14 0x0000000000000000
core   0: 0x0000000080004ad2 (0x8002f993) andi    s3, t0, -2048
core   0: 1 0x0000000080004ad2 (0x8002f993) x19 0x00000000290e7000
core   0: 0x0000000080004ad6 (0x0022803b) addw    zero, t0, sp
core   0: 1 0x0000000080004ad6 (0x0022803b)
core   0: 0x0000000080004ada (0x5a077fd3) fsqrt.d ft11, fa4
core   0: 1 0x0000000080004ada (0x5a077fd3) f31 0x0000000000000000
core   0: 0x0000000080004ade (0xd22a7653) fcvt.d.l fa2, s4
core   0: 1 0x0000000080004ade (0xd22a7653) f12 0x4000000000000000
core   0: 0x0000000080004ae2 (0x0009f5b3) and     a1, s3, zero
core   0: 1 0x0000000080004ae2 (0x0009f5b3) x11 0x0000000000000000
core   0: 0x0000000080004ae6 (0x401574d3) fcvt.s.d fs1, fa0
core   0: 1 0x0000000080004ae6 (0x401574d3) f9  0xffffffff7fc00000
core   0: 0x0000000080004aea (0xb79076b7) lui     a3, 0xb7907
core   0: 1 0x0000000080004aea (0xb79076b7) x13 0xffffffffb7907000
core   0: 0x0000000080004aee (0xc859e213) ori     tp, s3, -891
core   0: 1 0x0000000080004aee (0xc859e213) x4  0xfffffffffffffc85
core   0: 0x0000000080004af2 (0x40b405bb) subw    a1, s0, a1
core   0: 1 0x0000000080004af2 (0x40b405bb) x11 0x0000000000000000
core   0: 0x0000000080004af6 (0xd2207153) fcvt.d.l ft2, zero
core   0: 1 0x0000000080004af6 (0xd2207153) f2  0x0000000000000000
core   0: 0x0000000080004afa (0x00bd5d33) srl     s10, s10, a1
core   0: 1 0x0000000080004afa (0x00bd5d33) x26 0x0000000000000000
core   0: 0x0000000080004afe (0x01c4529b) srliw   t0, s0, 28
core   0: 1 0x0000000080004afe (0x01c4529b) x5  0x0000000000000000
core   0: 0x0000000080004b02 (0x02b345bb) divw    a1, t1, a1
core   0: 1 0x0000000080004b02 (0x02b345bb) x11 0xffffffffffffffff
core   0: 0x0000000080004b06 (0x026e0eb3) mul     t4, t3, t1
core   0: 1 0x0000000080004b06 (0x026e0eb3) x29 0x0000000000000000
core   0: 0x0000000080004b0a (0x0ff0000f) fence   iorw,iorw
core   0: 1 0x0000000080004b0a (0x0ff0000f)
core   0: 0x0000000080004b0e (0x01b95a1b) srliw   s4, s2, 27
core   0: 1 0x0000000080004b0e (0x01b95a1b) x20 0x0000000000000000
core   0: 0x0000000080004b12 (0x03f75b93) srli    s7, a4, 63
core   0: 1 0x0000000080004b12 (0x03f75b93) x23 0x0000000000000000
core   0: 0x0000000080004b16 (0xf2070e53) fmv.d.x ft8, a4
core   0: 1 0x0000000080004b16 (0xf2070e53) f28 0x0000000000000002
core   0: 0x0000000080004b1a (0x7ff3811b) addiw   sp, t2, 2047
core   0: 1 0x0000000080004b1a (0x7ff3811b) x2  0x00000000000007ff
core   0: 0x0000000080004b1e (0xd2110bd3) fcvt.d.wu fs7, sp
core   0: 1 0x0000000080004b1e (0xd2110bd3) f23 0x409ffc0000000000
core   0: 0x0000000080004b22 (0x034e7dcf) fnmadd.d fs11, ft8, fs4, ft0
core   0: 1 0x0000000080004b22 (0x034e7dcf) f27 0xc25ac613041fc000
core   0: 0x0000000080004b26 (0x02c67753) fadd.d  fa4, fa2, fa2
core   0: 1 0x0000000080004b26 (0x02c67753) f14 0x4010000000000000
core   0: 0x0000000080004b2a (0x00000001) c.nop
core   0: 1 0x0000000080004b2a (0x0001)
core   0: 0x0000000080004b2c (0x0091159b) slliw   a1, sp, 9
core   0: 1 0x0000000080004b2c (0x0091159b) x11 0x00000000000ffe00
core   0: 0x0000000080004b30 (0x0186d9b3) srl     s3, a3, s8
core   0: 1 0x0000000080004b30 (0x0186d9b3) x19 0x03fffffffede41c0
core   0: 0x0000000080004b34 (0x00b9d33b) srlw    t1, s3, a1
core   0: 1 0x0000000080004b34 (0x00b9d33b) x6  0xfffffffffede41c0
core   0: 0x0000000080004b38 (0xf8190497) auipc   s1, 0xf8190
core   0: 1 0x0000000080004b38 (0xf8190497) x9  0x0000000078194b38
core   0: 0x0000000080004b3c (0x41435a33) sra     s4, t1, s4
core   0: 1 0x0000000080004b3c (0x41435a33) x20 0xfffffffffede41c0
core   0: 0x0000000080004b40 (0x037beb33) rem     s6, s7, s7
core   0: 1 0x0000000080004b40 (0x037beb33) x22 0x0000000000000000
core   0: 0x0000000080004b44 (0x02d6f6b3) remu    a3, a3, a3
core   0: 1 0x0000000080004b44 (0x02d6f6b3) x13 0x0000000000000000
core   0: 0x0000000080004b48 (0x1bb672d3) fdiv.d  ft5, fa2, fs11
core   0: 1 0x0000000080004b48 (0x1bb672d3) c1_fflags 0x0000000000000015 f5  0xbd931f8ba10bf0e9
core   0: 0x0000000080004b4c (0x40b00033) sub     zero, zero, a1
core   0: 1 0x0000000080004b4c (0x40b00033)
core   0: 0x0000000080004b50 (0x1b277bd3) fdiv.d  fs7, fa4, fs2
core   0: 1 0x0000000080004b50 (0x1b277bd3) c1_fflags 0x000000000000001d f23 0x7ff0000000000000
core   0: 0x0000000080004b54 (0xfea3a7b7) lui     a5, 0xfea3a
core   0: 1 0x0000000080004b54 (0xfea3a7b7) x15 0xfffffffffea3a000
core   0: 0x0000000080004b58 (0xd537879b) addiw   a5, a5, -685
core   0: 1 0x0000000080004b58 (0xd537879b) x15 0xfffffffffea39d53
core   0: 0x0000000080004b5c (0x000007ba) c.slli  a5, 14
core   0: 1 0x0000000080004b5c (0x07ba) x15 0xffffffa8e754c000
core   0: 0x0000000080004b5e (0x2c978793) addi    a5, a5, 713
core   0: 1 0x0000000080004b5e (0x2c978793) x15 0xffffffa8e754c2c9
core   0: 0x0000000080004b62 (0x22d696d3) fsgnjn.d fa3, fa3, fa3
core   0: 1 0x0000000080004b62 (0x22d696d3) f13 0x40d0080000000000
core   0: 0x0000000080004b66 (0x0203413b) divw    sp, t1, zero
core   0: 1 0x0000000080004b66 (0x0203413b) x2  0xffffffffffffffff
core   0: 0x0000000080004b6a (0x2ad294d3) fmax.d  fs1, ft5, fa3
core   0: 1 0x0000000080004b6a (0x2ad294d3) f9  0x40d0080000000000
core   0: 0x0000000080004b6e (0x0003eb93) ori     s7, t2, 0
core   0: 1 0x0000000080004b6e (0x0003eb93) x23 0x0000000000000000
core   0: 0x0000000080004b72 (0x12f077d3) fmul.d  fa5, ft0, fa5
core   0: 1 0x0000000080004b72 (0x12f077d3) f15 0x42a191fc7ab4d600
core   0: 0x0000000080004b76 (0x22980ed3) fsgnj.d ft9, fa6, fs1
core   0: 1 0x0000000080004b76 (0x22980ed3) f29 0x41efffff92c00000
core   0: 0x0000000080004b7a (0x0007d49b) srliw   s1, a5, 0
core   0: 1 0x0000000080004b7a (0x0007d49b) x9  0xffffffffe754c2c9
core   0: 0x0000000080004b7e (0x0ff0000f) fence   iorw,iorw
core   0: 1 0x0000000080004b7e (0x0ff0000f)
core   0: 0x0000000080004b82 (0x00164c93) xori    s9, a2, 1
core   0: 1 0x0000000080004b82 (0x00164c93) x25 0x0000000000180001
core   0: 0x0000000080004b86 (0xd2060553) fcvt.d.w fa0, a2
core   0: 1 0x0000000080004b86 (0xd2060553) f10 0x4138000000000000
core   0: 0x0000000080004b8a (0x401bf4d3) fcvt.s.d fs1, fs7
core   0: 1 0x0000000080004b8a (0x401bf4d3) f9  0xffffffff7f800000
core   0: 0x0000000080004b8e (0x644c4e97) auipc   t4, 0x644c4
core   0: 1 0x0000000080004b8e (0x644c4e97) x29 0x00000000e44c8b8e
core   0: 0x0000000080004b92 (0xd7f40917) auipc   s2, 0xd7f40
core   0: 1 0x0000000080004b92 (0xd7f40917) x18 0x0000000057f44b92
core   0: 0x0000000080004b96 (0x011cfeb3) and     t4, s9, a7
core   0: 1 0x0000000080004b96 (0x011cfeb3) x29 0x0000000000000000
core   0: 0x0000000080004b9a (0x001bea33) or      s4, s7, ra
core   0: 1 0x0000000080004b9a (0x001bea33) x20 0x0000000080004014
core   0: 0x0000000080004b9e (0xc02cf9d3) fcvt.l.s s3, fs9
core   0: 1 0x0000000080004b9e (0xc02cf9d3) c1_fflags 0x000000000000001d x19 0x7fffffffffffffff
core   0: 0x0000000080004ba2 (0x000a6013) prefetch.i 0(s4)
core   0: 1 0x0000000080004ba2 (0x000a6013)
core   0: 0x0000000080004ba6 (0x4141d73b) sraw    a4, gp, s4
core   0: 1 0x0000000080004ba6 (0x4141d73b) x14 0x0000000000000000
core   0: 0x0000000080004baa (0x0ac97ecf) fnmadd.d ft9, fs2, fa2, ft1
core   0: 1 0x0000000080004baa (0x0ac97ecf) f29 0x7ff8000000000000
core   0: 0x0000000080004bae (0x00005333) srl     t1, zero, zero
core   0: 1 0x0000000080004bae (0x00005333) x6  0x0000000000000000
core   0: 0x0000000080004bb2 (0x821ef04f) fnmadd.d ft0, ft9, ft1, fa6
core   0: 1 0x0000000080004bb2 (0x821ef04f) f0  0x7ff8000000000000
core   0: 0x0000000080004bb6 (0x01021b3b) sllw    s6, tp, a6
core   0: 1 0x0000000080004bb6 (0x01021b3b) x22 0xffffffffffc85000
core   0: 0x0000000080004bba (0x00dc6eb3) or      t4, s8, a3
core   0: 1 0x0000000080004bba (0x00dc6eb3) x29 0x0000000000000206
core   0: 0x0000000080004bbe (0xd2068e53) fcvt.d.w ft8, a3
core   0: 1 0x0000000080004bbe (0xd2068e53) f28 0x0000000000000000
core   0: 0x0000000080004bc2 (0xd21003d3) fcvt.d.wu ft7, zero
core   0: 1 0x0000000080004bc2 (0xd21003d3) f7  0x0000000000000000
core   0: 0x0000000080004bc6 (0x406189bb) subw    s3, gp, t1
core   0: 1 0x0000000080004bc6 (0x406189bb) x19 0x0000000000000000
core   0: 0x0000000080004bca (0xd03076d3) fcvt.s.lu fa3, zero
core   0: 1 0x0000000080004bca (0xd03076d3) f13 0xffffffff00000000
core   0: 0x0000000080004bce (0x0054c6b3) xor     a3, s1, t0
core   0: 1 0x0000000080004bce (0x0054c6b3) x13 0xffffffffe754c2c9
core   0: 0x0000000080004bd2 (0x0010c013) xori    zero, ra, 1
core   0: 1 0x0000000080004bd2 (0x0010c013)
core   0: 0x0000000080004bd6 (0x038098b3) mulh    a7, ra, s8
core   0: 1 0x0000000080004bd6 (0x038098b3) x17 0x0000000000000000
core   0: 0x0000000080004bda (0x40a4d43b) sraw    s0, s1, a0
core   0: 1 0x0000000080004bda (0x40a4d43b) x8  0xffffffffe754c2c9
core   0: 0x0000000080004bde (0xfffb8d9b) addiw   s11, s7, -1
core   0: 1 0x0000000080004bde (0xfffb8d9b) x27 0xffffffffffffffff
core   0: 0x0000000080004be2 (0xe20c8b53) fmv.x.d s6, fs9
core   0: 1 0x0000000080004be2 (0xe20c8b53) x22 0x4035000000000000
core   0: 0x0000000080004be6 (0xd238ffd3) fcvt.d.lu ft11, a7
core   0: 1 0x0000000080004be6 (0xd238ffd3) f31 0x0000000000000000
core   0: 0x0000000080004bea (0x019e0e3b) addw    t3, t3, s9
core   0: 1 0x0000000080004bea (0x019e0e3b) x28 0x0000000000180001
core   0: 0x0000000080004bee (0x238d0bd3) fsgnj.d fs7, fs10, fs8
core   0: 1 0x0000000080004bee (0x238d0bd3) f23 0x425ac613041fc000
core   0: 0x0000000080004bf2 (0x01cb52bb) srlw    t0, s6, t3
core   0: 1 0x0000000080004bf2 (0x01cb52bb) x5  0x0000000000000000
core   0: 0x0000000080004bf6 (0x2bf80c53) fmin.d  fs8, fa6, ft11
core   0: 1 0x0000000080004bf6 (0x2bf80c53) f24 0x0000000000000000
core   0: 0x0000000080004bfa (0xd23977c7) fmsub.d fa5, fs2, ft3, fs10
core   0: 1 0x0000000080004bfa (0xd23977c7) f15 0xc25ac613041fc000
core   0: 0x0000000080004bfe (0x00000001) c.nop
core   0: 1 0x0000000080004bfe (0x0001)
core   0: 0x0000000080004c00 (0x00e48c33) add     s8, s1, a4
core   0: 1 0x0000000080004c00 (0x00e48c33) x24 0xffffffffe754c2c9
core   0: 0x0000000080004c04 (0x0373d3bb) divuw   t2, t2, s7
core   0: 1 0x0000000080004c04 (0x0373d3bb) x7  0xffffffffffffffff
core   0: 0x0000000080004c08 (0xae38e0b7) lui     ra, 0xae38e
core   0: 1 0x0000000080004c08 (0xae38e0b7) x1  0xffffffffae38e000
core   0: 0x0000000080004c0c (0x001a1af3) csrrw   s5, fflags, s4
core   0: 1 0x0000000080004c0c (0x001a1af3) x21 0x000000000000001d c1_fflags 0x0000000000000014
core   0: 0x0000000080004c10 (0xfa497247) fmsub.d ft4, fs2, ft4, ft11
core   0: 1 0x0000000080004c10 (0xfa497247) f4  0x7ff8000000000000
core   0: 0x0000000080004c14 (0x00038e1b) sext.w  t3, t2
core   0: 1 0x0000000080004c14 (0x00038e1b) x28 0xffffffffffffffff
core   0: 0x0000000080004c18 (0xd020fa53) fcvt.s.l fs4, ra
core   0: 1 0x0000000080004c18 (0xd020fa53) f20 0xffffffffcea38e40
core   0: 0x0000000080004c1c (0x03a8a8b3) mulhsu  a7, a7, s10
core   0: 1 0x0000000080004c1c (0x03a8a8b3) x17 0x0000000000000000
core   0: 0x0000000080004c20 (0x1bdfffd3) fdiv.d  ft11, ft11, ft9
core   0: 1 0x0000000080004c20 (0x1bdfffd3) f31 0x7ff8000000000000
core   0: 0x0000000080004c24 (0x2b3e81d3) fmin.d  ft3, ft9, fs3
core   0: 1 0x0000000080004c24 (0x2b3e81d3) f3  0x0000000000000000
core   0: 0x0000000080004c28 (0x021c7dd3) fadd.d  fs11, fs8, ft1
core   0: 1 0x0000000080004c28 (0x021c7dd3) f27 0x7ff8000000000000
core   0: 0x0000000080004c2c (0x41a95913) srai    s2, s2, 26
core   0: 1 0x0000000080004c2c (0x41a95913) x18 0x0000000000000015
core   0: 0x0000000080004c30 (0x41890c33) sub     s8, s2, s8
core   0: 1 0x0000000080004c30 (0x41890c33) x24 0x0000000018ab3d4c
core   0: 0x0000000080004c34 (0x4198d1bb) sraw    gp, a7, s9
core   0: 1 0x0000000080004c34 (0x4198d1bb) x3  0x0000000000000000
core   0: 0x0000000080004c38 (0x024623b3) mulhsu  t2, a2, tp
core   0: 1 0x0000000080004c38 (0x024623b3) x7  0x000000000017ffff
core   0: 0x0000000080004c3c (0x03ce1a33) mulh    s4, t3, t3
core   0: 1 0x0000000080004c3c (0x03ce1a33) x20 0x0000000000000000
core   0: 0x0000000080004c40 (0xc8a6c237) lui     tp, 0xc8a6c
core   0: 1 0x0000000080004c40 (0xc8a6c237) x4  0xffffffffc8a6c000
core   0: 0x0000000080004c44 (0x01061c33) sll     s8, a2, a6
core   0: 1 0x0000000080004c44 (0x01061c33) x24 0x0000000180000000
core   0: 0x0000000080004c48 (0x03f65393) srli    t2, a2, 63
core   0: 1 0x0000000080004c48 (0x03f65393) x7  0x0000000000000000
core   0: 0x0000000080004c4c (0x230827d3) fsgnjx.d fa5, fa6, fa6
core   0: 1 0x0000000080004c4c (0x230827d3) f15 0x41efffff92c00000
core   0: 0x0000000080004c50 (0xc20af053) fcvt.w.d zero, fs5
core   0: 1 0x0000000080004c50 (0xc20af053)
core   0: 0x0000000080004c54 (0x5a05fad3) fsqrt.d fs5, fa1
core   0: 1 0x0000000080004c54 (0x5a05fad3) c1_fflags 0x0000000000000014 f21 0x7ff8000000000000
core   0: 0x0000000080004c58 (0x02e75733) divu    a4, a4, a4
core   0: 1 0x0000000080004c58 (0x02e75733) x14 0xffffffffffffffff
core   0: 0x0000000080004c5c (0x40c68333) sub     t1, a3, a2
core   0: 1 0x0000000080004c5c (0x40c68333) x6  0xffffffffe73cc2c9
core   0: 0x0000000080004c60 (0x416605b3) sub     a1, a2, s6
core   0: 1 0x0000000080004c60 (0x416605b3) x11 0xbfcb000000180000
core   0: 0x0000000080004c64 (0xd21983d3) fcvt.d.wu ft7, s3
core   0: 1 0x0000000080004c64 (0xd21983d3) f7  0x0000000000000000
core   0: 0x0000000080004c68 (0xba0a2337) lui     t1, 0xba0a2
core   0: 1 0x0000000080004c68 (0xba0a2337) x6  0xffffffffba0a2000
core   0: 0x0000000080004c6c (0x00008e4d) c.or    a2, a1
core   0: 1 0x0000000080004c6c (0x8e4d) x12 0xbfcb000000180000
core   0: 0x0000000080004c6e (0x40ca86b3) sub     a3, s5, a2
core   0: 1 0x0000000080004c6e (0x40ca86b3) x13 0x4034ffffffe8001d
core   0: 0x0000000080004c72 (0x017185bb) addw    a1, gp, s7
core   0: 1 0x0000000080004c72 (0x017185bb) x11 0x0000000000000000
core   0: 0x0000000080004c76 (0xc023fc53) fcvt.l.s s8, ft7
core   0: 1 0x0000000080004c76 (0xc023fc53) c1_fflags 0x0000000000000014 x24 0x7fffffffffffffff
core   0: 0x0000000080004c7a (0xd2297b53) fcvt.d.l fs6, s2
core   0: 1 0x0000000080004c7a (0xd2297b53) f22 0x4035000000000000
core   0: 0x0000000080004c7e (0x1b78f453) fdiv.d  fs0, fa7, fs7
core   0: 1 0x0000000080004c7e (0x1b78f453) f8  0x7ff8000000000000
core   0: 0x0000000080004c82 (0x00229473) csrrw   s0, frm, t0
core   0: 1 0x0000000080004c82 (0x00229473) x8  0x0000000000000000 c2_frm 0x0000000000000000
core   0: 0x0000000080004c86 (0x02c45813) srli    a6, s0, 44
core   0: 1 0x0000000080004c86 (0x02c45813) x16 0x0000000000000000
core   0: 0x0000000080004c8a (0x031408b3) mul     a7, s0, a7
core   0: 1 0x0000000080004c8a (0x031408b3) x17 0x0000000000000000
core   0: 0x0000000080004c8e (0x00081a9b) slliw   s5, a6, 0
core   0: 1 0x0000000080004c8e (0x00081a9b) x21 0x0000000000000000
core   0: 0x0000000080004c92 (0xc22ef453) fcvt.l.d s0, ft9
core   0: 1 0x0000000080004c92 (0xc22ef453) c1_fflags 0x0000000000000014 x8  0x7fffffffffffffff
core   0: 0x0000000080004c96 (0x1415a8f3) csrrs   a7, sepc, a1
core   0: 1 0x0000000080004c96 (0x1415a8f3) x17 0x0000000000000000 c321_sepc 0x0000000000000000
core   0: 0x0000000080004c9a (0xd20b8553) fcvt.d.w fa0, s7
core   0: 1 0x0000000080004c9a (0xd20b8553) f10 0x0000000000000000
core   0: 0x0000000080004c9e (0x00146593) ori     a1, s0, 1
core   0: 1 0x0000000080004c9e (0x00146593) x11 0x7fffffffffffffff
core   0: 0x0000000080004ca2 (0x4076d2bb) sraw    t0, a3, t2
core   0: 1 0x0000000080004ca2 (0x4076d2bb) x5  0xffffffffffe8001d
core   0: 0x0000000080004ca6 (0x01fb1b9b) slliw   s7, s6, 31
core   0: 1 0x0000000080004ca6 (0x01fb1b9b) x23 0x0000000000000000
core   0: 0x0000000080004caa (0x03bdedbb) remw    s11, s11, s11
core   0: 1 0x0000000080004caa (0x03bdedbb) x27 0x0000000000000000
core   0: 0x0000000080004cae (0x03b0443b) divw    s0, zero, s11
core   0: 1 0x0000000080004cae (0x03b0443b) x8  0xffffffffffffffff
core   0: 0x0000000080004cb2 (0x0231a733) mulhsu  a4, gp, gp
core   0: 1 0x0000000080004cb2 (0x0231a733) x14 0x0000000000000000
core   0: 0x0000000080004cb6 (0x4159d53b) sraw    a0, s3, s5
core   0: 1 0x0000000080004cb6 (0x4159d53b) x10 0x0000000000000000
core   0: 0x0000000080004cba (0xcc00f093) andi    ra, ra, -832
core   0: 1 0x0000000080004cba (0xcc00f093) x1  0xffffffffae38e000
core   0: 0x0000000080004cbe (0x00e0d6bb) srlw    a3, ra, a4
core   0: 1 0x0000000080004cbe (0x00e0d6bb) x13 0xffffffffae38e000
core   0: 0x0000000080004cc2 (0x9d47e793) ori     a5, a5, -1580
core   0: 1 0x0000000080004cc2 (0x9d47e793) x15 0xfffffffffffffbdd
core   0: 0x0000000080004cc6 (0x03dd7ed3) fadd.d  ft9, fs10, ft9
core   0: 1 0x0000000080004cc6 (0x03dd7ed3) f29 0x7ff8000000000000
core   0: 0x0000000080004cca (0x23738153) fsgnj.d ft2, ft7, fs7
core   0: 1 0x0000000080004cca (0x23738153) f2  0x0000000000000000
core   0: 0x0000000080004cce (0xa34088d3) fle.d   a7, ft1, fs4
core   0: 1 0x0000000080004cce (0xa34088d3) c1_fflags 0x0000000000000014 x17 0x0000000000000000
core   0: 0x0000000080004cd2 (0x02f90eb3) mul     t4, s2, a5
core   0: 1 0x0000000080004cd2 (0x02f90eb3) x29 0xffffffffffffa921
core   0: 0x0000000080004cd6 (0xd035f453) fcvt.s.lu fs0, a1
core   0: 1 0x0000000080004cd6 (0xd035f453) c1_fflags 0x0000000000000015 f8  0xffffffff5f000000
core   0: 0x0000000080004cda (0x22032853) fsgnjx.d fa6, ft6, ft0
core   0: 1 0x0000000080004cda (0x22032853) f16 0x425ac613041fc000
core   0: 0x0000000080004cde (0x00a6d93b) srlw    s2, a3, a0
core   0: 1 0x0000000080004cde (0x00a6d93b) x18 0xffffffffae38e000
core   0: 0x0000000080004ce2 (0x00202373) csrrs   t1, frm, zero
core   0: 1 0x0000000080004ce2 (0x00202373) x6  0x0000000000000000
core   0: 0x0000000080004ce6 (0xc232fe53) fcvt.lu.d t3, ft5
core   0: 1 0x0000000080004ce6 (0xc232fe53) c1_fflags 0x0000000000000015 x28 0x0000000000000000
core   0: 0x0000000080004cea (0x406282bb) subw    t0, t0, t1
core   0: 1 0x0000000080004cea (0x406282bb) x5  0xffffffffffe8001d
core   0: 0x0000000080004cee (0x03f07fd3) fadd.d  ft11, ft0, ft11
core   0: 1 0x0000000080004cee (0x03f07fd3) f31 0x7ff8000000000000
core   0: 0x0000000080004cf2 (0x03b81c13) slli    s8, a6, 59
core   0: 1 0x0000000080004cf2 (0x03b81c13) x24 0x0000000000000000
core   0: 0x0000000080004cf6 (0x0104949b) slliw   s1, s1, 16
core   0: 1 0x0000000080004cf6 (0x0104949b) x9  0xffffffffc2c90000
core   0: 0x0000000080004cfa (0x03d5a537) lui     a0, 0x3d5a
core   0: 1 0x0000000080004cfa (0x03d5a537) x10 0x0000000003d5a000
core   0: 0x0000000080004cfe (0xccf5051b) addiw   a0, a0, -817
core   0: 1 0x0000000080004cfe (0xccf5051b) x10 0x0000000003d59ccf
core   0: 0x0000000080004d02 (0x00000532) c.slli  a0, 12
core   0: 1 0x0000000080004d02 (0x0532) x10 0x0000003d59ccf000
core   0: 0x0000000080004d04 (0x0d050513) addi    a0, a0, 208
core   0: 1 0x0000000080004d04 (0x0d050513) x10 0x0000003d59ccf0d0
core   0: 0x0000000080004d08 (0x13d87ed3) fmul.d  ft9, fa6, ft9
core   0: 1 0x0000000080004d08 (0x13d87ed3) f29 0x7ff8000000000000
core   0: 0x0000000080004d0c (0x00549333) sll     t1, s1, t0
core   0: 1 0x0000000080004d0c (0x00549333) x6  0xf859200000000000
core   0: 0x0000000080004d10 (0x00000001) c.nop
core   0: 1 0x0000000080004d10 (0x0001)
core   0: 0x0000000080004d12 (0x02ac4ebb) divw    t4, s8, a0
core   0: 1 0x0000000080004d12 (0x02ac4ebb) x29 0x0000000000000000
core   0: 0x0000000080004d16 (0x004b9193) slli    gp, s7, 4
core   0: 1 0x0000000080004d16 (0x004b9193) x3  0x0000000000000000
core   0: 0x0000000080004d1a (0xd2028a53) fcvt.d.w fs4, t0
core   0: 1 0x0000000080004d1a (0xd2028a53) f20 0xc137ffe300000000
core   0: 0x0000000080004d1e (0x003beeb3) or      t4, s7, gp
core   0: 1 0x0000000080004d1e (0x003beeb3) x29 0x0000000000000000
core   0: 0x0000000080004d22 (0xe20e8e53) fmv.x.d t3, ft9
core   0: 1 0x0000000080004d22 (0xe20e8e53) x28 0x7ff8000000000000
core   0: 0x0000000080004d26 (0xc20a7cd3) fcvt.w.d s9, fs4
core   0: 1 0x0000000080004d26 (0xc20a7cd3) x25 0xffffffffffe8001d
core   0: 0x0000000080004d2a (0x40c10e3b) subw    t3, sp, a2
core   0: 1 0x0000000080004d2a (0x40c10e3b) x28 0xffffffffffe7ffff
core   0: 0x0000000080004d2e (0x62fb7647) fmsub.d fa2, fs6, fa5, fa2
core   0: 1 0x0000000080004d2e (0x62fb7647) f12 0x4234ffffb84c0000
core   0: 0x0000000080004d32 (0x413105b3) sub     a1, sp, s3
core   0: 1 0x0000000080004d32 (0x413105b3) x11 0xffffffffffffffff
core   0: 0x0000000080004d36 (0xd21300d3) fcvt.d.wu ft1, t1
core   0: 1 0x0000000080004d36 (0xd21300d3) f1  0x0000000000000000
core   0: 0x0000000080004d3a (0xf1165273) csrrwi  tp, mvendorid, 12
core   0: exception trap_illegal_instruction, epc 0x0000000080004d3a
core   0:           tval 0x00000000f1165273
core   0: >>>>  $xrv64i2p1_m2p0_a2p1_f2p2_d2p2_zicsr2p0_zifencei2p0_zmmul1p0_zba1p0_zbb1p0_zbc1p0_zbs1p0
core   0: 0x0000000080004000 (0x0080006f) j       pc + 0x8
core   0: 3 0x0000000080004000 (0x0080006f)
core   0: >>>>  mmode_exception_handler
core   0: 0x0000000080004008 (0x00002c17) auipc   s8, 0x2
core   0: 3 0x0000000080004008 (0x00002c17) x24 0x0000000080006008
core   0: 0x000000008000400c (0x074c0c13) addi    s8, s8, 116
core   0: 3 0x000000008000400c (0x074c0c13) x24 0x000000008000607c
core   0: 0x0000000080004010 (0x000c00e7) jalr    s8
core   0: 3 0x0000000080004010 (0x000c00e7) x1  0x0000000080004014
core   0: >>>>  any_handler
core   0: 0x000000008000607c (0x341027f3) csrrs   a5, mepc, zero
core   0: 3 0x000000008000607c (0x341027f3) x15 0x0000000080004d3a
core   0: 0x0000000080006080 (0x34202773) csrrs   a4, mcause, zero
core   0: 3 0x0000000080006080 (0x34202773) x14 0x0000000000000002
core   0: 0x0000000080006084 (0x142026f3) csrrs   a3, scause, zero
core   0: 3 0x0000000080006084 (0x142026f3) x13 0x0000000000000000
core   0: 0x0000000080006088 (0x30402673) csrrs   a2, mie, zero
core   0: 3 0x0000000080006088 (0x30402673) x12 0x0000000000000a00
core   0: 0x000000008000608c (0x344025f3) csrrs   a1, mip, zero
core   0: 3 0x000000008000608c (0x344025f3) x11 0x0000000000000080
core   0: 0x0000000080006090 (0x343025f3) csrrs   a1, mtval, zero
core   0: 3 0x0000000080006090 (0x343025f3) x11 0x00000000f1165273
core   0: 0x0000000080006094 (0x14302573) csrrs   a0, stval, zero
core   0: 3 0x0000000080006094 (0x14302573) x10 0x0000000000000000
core   0: 0x0000000080006098 (0xb02024f3) csrrs   s1, minstret, zero
core   0: 3 0x0000000080006098 (0xb02024f3) x9  0x0000000000000c7e
core   0: 0x000000008000609c (0x0000a811) c.j     pc + 20
core   0: 3 0x000000008000609c (0xa811)
core   0: >>>>  mepc_4
core   0: 0x00000000800060b0 (0x00000791) c.addi  a5, 4
core   0: 3 0x00000000800060b0 (0x0791) x15 0x0000000080004d3e
core   0: 0x00000000800060b2 (0x34179073) csrrw   zero, mepc, a5
core   0: 3 0x00000000800060b2 (0x34179073) c833_mepc 0x0000000080004d3e
core   0: 0x00000000800060b6 (0x30200073) mret
core   0: 3 0x00000000800060b6 (0x30200073) c768_mstatus 0x8000000a00106080
core   0: 0x0000000080004d3e (0x0000088e) c.slli  a7, 3
core   0: 1 0x0000000080004d3e (0x088e) x17 0x0000000000000000
core   0: 0x0000000080004d40 (0xc033f2d3) fcvt.lu.s t0, ft7
core   0: 1 0x0000000080004d40 (0xc033f2d3) c1_fflags 0x0000000000000015 x5  0xffffffffffffffff
core   0: 0x0000000080004d44 (0xc20c7953) fcvt.w.d s2, fs8
core   0: 1 0x0000000080004d44 (0xc20c7953) x18 0x0000000000000000
core   0: 0x0000000080004d48 (0x22211153) fsgnjn.d ft2, ft2, ft2
core   0: 1 0x0000000080004d48 (0x22211153) f2  0x8000000000000000
core   0: 0x0000000080004d4c (0x01b98bb3) add     s7, s3, s11
core   0: 1 0x0000000080004d4c (0x01b98bb3) x23 0x0000000000000000
core   0: 0x0000000080004d50 (0xccdbfb13) andi    s6, s7, -819
core   0: 1 0x0000000080004d50 (0xccdbfb13) x22 0x0000000000000000
core   0: 0x0000000080004d54 (0x000d943b) sllw    s0, s11, zero
core   0: 1 0x0000000080004d54 (0x000d943b) x8  0x0000000000000000
core   0: 0x0000000080004d58 (0x0007979b) slliw   a5, a5, 0
core   0: 1 0x0000000080004d58 (0x0007979b) x15 0xffffffff80004d3e
core   0: 0x0000000080004d5c (0x73886813) ori     a6, a6, 1848
core   0: 1 0x0000000080004d5c (0x73886813) x16 0x0000000000000738
core   0: 0x0000000080004d60 (0x4014d413) srai    s0, s1, 1
core   0: 1 0x0000000080004d60 (0x4014d413) x8  0x000000000000063f
core   0: 0x0000000080004d64 (0x008443b3) xor     t2, s0, s0
core   0: 1 0x0000000080004d64 (0x008443b3) x7  0x0000000000000000
core   0: 0x0000000080004d68 (0x13f9f9c7) fmsub.d fs3, fs3, ft11, ft2
core   0: 1 0x0000000080004d68 (0x13f9f9c7) f19 0x7ff8000000000000
core   0: 0x0000000080004d6c (0xbb32f843) fmadd.d fa6, ft5, fs3, fs7
core   0: 1 0x0000000080004d6c (0xbb32f843) f16 0x7ff8000000000000
core   0: 0x0000000080004d70 (0x03f25393) srli    t2, tp, 63
core   0: 1 0x0000000080004d70 (0x03f25393) x7  0x0000000000000001
core   0: 0x0000000080004d74 (0xc068b8f3) csrrc   a7, hpmcounter6, a7
core   0: exception trap_illegal_instruction, epc 0x0000000080004d74
core   0:           tval 0x00000000c068b8f3
core   0: >>>>  $xrv64i2p1_m2p0_a2p1_f2p2_d2p2_zicsr2p0_zifencei2p0_zmmul1p0_zba1p0_zbb1p0_zbc1p0_zbs1p0
core   0: 0x0000000080004000 (0x0080006f) j       pc + 0x8
core   0: 3 0x0000000080004000 (0x0080006f)
core   0: >>>>  mmode_exception_handler
core   0: 0x0000000080004008 (0x00002c17) auipc   s8, 0x2
core   0: 3 0x0000000080004008 (0x00002c17) x24 0x0000000080006008
core   0: 0x000000008000400c (0x074c0c13) addi    s8, s8, 116
core   0: 3 0x000000008000400c (0x074c0c13) x24 0x000000008000607c
core   0: 0x0000000080004010 (0x000c00e7) jalr    s8
core   0: 3 0x0000000080004010 (0x000c00e7) x1  0x0000000080004014
core   0: >>>>  any_handler
core   0: 0x000000008000607c (0x341027f3) csrrs   a5, mepc, zero
core   0: 3 0x000000008000607c (0x341027f3) x15 0x0000000080004d74
core   0: 0x0000000080006080 (0x34202773) csrrs   a4, mcause, zero
core   0: 3 0x0000000080006080 (0x34202773) x14 0x0000000000000002
core   0: 0x0000000080006084 (0x142026f3) csrrs   a3, scause, zero
core   0: 3 0x0000000080006084 (0x142026f3) x13 0x0000000000000000
core   0: 0x0000000080006088 (0x30402673) csrrs   a2, mie, zero
core   0: 3 0x0000000080006088 (0x30402673) x12 0x0000000000000a00
core   0: 0x000000008000608c (0x344025f3) csrrs   a1, mip, zero
core   0: 3 0x000000008000608c (0x344025f3) x11 0x0000000000000080
core   0: 0x0000000080006090 (0x343025f3) csrrs   a1, mtval, zero
core   0: 3 0x0000000080006090 (0x343025f3) x11 0x00000000c068b8f3
core   0: 0x0000000080006094 (0x14302573) csrrs   a0, stval, zero
core   0: 3 0x0000000080006094 (0x14302573) x10 0x0000000000000000
core   0: 0x0000000080006098 (0xb02024f3) csrrs   s1, minstret, zero
core   0: 3 0x0000000080006098 (0xb02024f3) x9  0x0000000000000c9c
core   0: 0x000000008000609c (0x0000a811) c.j     pc + 20
core   0: 3 0x000000008000609c (0xa811)
core   0: >>>>  mepc_4
core   0: 0x00000000800060b0 (0x00000791) c.addi  a5, 4
core   0: 3 0x00000000800060b0 (0x0791) x15 0x0000000080004d78
core   0: 0x00000000800060b2 (0x34179073) csrrw   zero, mepc, a5
core   0: 3 0x00000000800060b2 (0x34179073) c833_mepc 0x0000000080004d78
core   0: 0x00000000800060b6 (0x30200073) mret
core   0: 3 0x00000000800060b6 (0x30200073) c768_mstatus 0x8000000a00106080
core   0: 0x0000000080004d78 (0x9a187443) fmadd.d fs0, fa6, ft1, fs3
core   0: 1 0x0000000080004d78 (0x9a187443) f8  0x7ff8000000000000
core   0: 0x0000000080004d7c (0x0ba471d3) fsub.d  ft3, fs0, fs10
core   0: 1 0x0000000080004d7c (0x0ba471d3) f3  0x7ff8000000000000
core   0: 0x0000000080004d80 (0x401e7e53) fcvt.s.d ft8, ft8
core   0: 1 0x0000000080004d80 (0x401e7e53) f28 0xffffffff00000000
core   0: 0x0000000080004d84 (0x009265b3) or      a1, tp, s1
core   0: 1 0x0000000080004d84 (0x009265b3) x11 0xffffffffc8a6cc9c
core   0: 0x0000000080004d88 (0x001020f3) csrrs   ra, fflags, zero
core   0: 1 0x0000000080004d88 (0x001020f3) x1  0x0000000000000015
core   0: 0x0000000080004d8c (0x02b4d813) srli    a6, s1, 43
core   0: 1 0x0000000080004d8c (0x02b4d813) x16 0x0000000000000000
core   0: 0x0000000080004d90 (0x0a60f953) fsub.d  fs2, ft1, ft6
core   0: 1 0x0000000080004d90 (0x0a60f953) f18 0xc25ac613041fc000
core   0: 0x0000000080004d94 (0x03d4b033) mulhu   zero, s1, t4
core   0: 1 0x0000000080004d94 (0x03d4b033)
core   0: 0x0000000080004d98 (0x100ffd73) csrrci  s10, sstatus, 31
core   0: 1 0x0000000080004d98 (0x100ffd73) x26 0x8000000200006000 c768_mstatus 0x8000000a00106080
core   0: 0x0000000080004d9c (0xf20a04d3) fmv.d.x fs1, s4
core   0: 1 0x0000000080004d9c (0xf20a04d3) f9  0x0000000000000000
core   0: 0x0000000080004da0 (0x02902ab3) mulhsu  s5, zero, s1
core   0: 1 0x0000000080004da0 (0x02902ab3) x21 0x0000000000000000
core   0: 0x0000000080004da4 (0x01dadcbb) srlw    s9, s5, t4
core   0: 1 0x0000000080004da4 (0x01dadcbb) x25 0x0000000000000000
core   0: 0x0000000080004da8 (0xd026fc53) fcvt.s.l fs8, a3
core   0: 1 0x0000000080004da8 (0xd026fc53) f24 0xffffffff00000000
core   0: 0x0000000080004dac (0x00ad6533) or      a0, s10, a0
core   0: 1 0x0000000080004dac (0x00ad6533) x10 0x8000000200006000
core   0: 0x0000000080004db0 (0x40410233) sub     tp, sp, tp
core   0: 1 0x0000000080004db0 (0x40410233) x4  0x0000000037593fff
core   0: 0x0000000080004db4 (0xc20af2d3) fcvt.w.d t0, fs5
core   0: 1 0x0000000080004db4 (0xc20af2d3) c1_fflags 0x0000000000000015 x5  0x000000007fffffff
core   0: 0x0000000080004db8 (0xf2058cd3) fmv.d.x fs9, a1
core   0: 1 0x0000000080004db8 (0xf2058cd3) f25 0xffffffffc8a6cc9c
core   0: 0x0000000080004dbc (0x03d2fc33) remu    s8, t0, t4
core   0: 1 0x0000000080004dbc (0x03d2fc33) x24 0x000000007fffffff
core   0: 0x0000000080004dc0 (0x239d85d3) fsgnj.d fa1, fs11, fs9
core   0: 1 0x0000000080004dc0 (0x239d85d3) f11 0xfff8000000000000
core   0: 0x0000000080004dc4 (0x01d696b3) sll     a3, a3, t4
core   0: 1 0x0000000080004dc4 (0x01d696b3) x13 0x0000000000000000
core   0: 0x0000000080004dc8 (0x418c00b3) sub     ra, s8, s8
core   0: 1 0x0000000080004dc8 (0x418c00b3) x1  0x0000000000000000
core   0: 0x0000000080004dcc (0x000684bb) addw    s1, a3, zero
core   0: 1 0x0000000080004dcc (0x000684bb) x9  0x0000000000000000
core   0: 0x0000000080004dd0 (0xcb9cfb43) fmadd.d fs6, fs9, fs9, fs9
core   0: 1 0x0000000080004dd0 (0xcb9cfb43) f22 0x7ff8000000000000
core   0: 0x0000000080004dd4 (0x405a52bb) sraw    t0, s4, t0
core   0: 1 0x0000000080004dd4 (0x405a52bb) x5  0x0000000000000000
core   0: 0x0000000080004dd8 (0x3cedaa97) auipc   s5, 0x3ceda
core   0: 1 0x0000000080004dd8 (0x3cedaa97) x21 0x00000000bcededd8
core   0: 0x0000000080004ddc (0xe377f84b) fnmsub.d fa6, fa5, fs7, ft8
core   0: 1 0x0000000080004ddc (0xe377f84b) f16 0x7ff8000000000000
core   0: 0x0000000080004de0 (0x5a057cd3) fsqrt.d fs9, fa0
core   0: 1 0x0000000080004de0 (0x5a057cd3) f25 0x0000000000000000
core   0: 0x0000000080004de4 (0x0a6dff53) fsub.d  ft10, fs11, ft6
core   0: 1 0x0000000080004de4 (0x0a6dff53) f30 0x7ff8000000000000
core   0: 0x0000000080004de8 (0x001026f3) csrrs   a3, fflags, zero
core   0: 1 0x0000000080004de8 (0x001026f3) x13 0x0000000000000015
core   0: 0x0000000080004dec (0x42050553) fcvt.d.s fa0, fa0
core   0: 1 0x0000000080004dec (0x42050553) f10 0x7ff8000000000000
core   0: 0x0000000080004df0 (0x0315fb33) remu    s6, a1, a7
core   0: 1 0x0000000080004df0 (0x0315fb33) x22 0xffffffffc8a6cc9c
core   0: 0x0000000080004df4 (0x02424db3) div     s11, tp, tp
core   0: 1 0x0000000080004df4 (0x02424db3) x27 0x0000000000000001
core   0: 0x0000000080004df8 (0x420307d3) fcvt.d.s fa5, ft6
core   0: 1 0x0000000080004df8 (0x420307d3) f15 0x7ff8000000000000
core   0: 0x0000000080004dfc (0x4013571b) sraiw   a4, t1, 1
core   0: 1 0x0000000080004dfc (0x4013571b) x14 0x0000000000000000
core   0: 0x0000000080004e00 (0xe20d8953) fmv.x.d s2, fs11
core   0: 1 0x0000000080004e00 (0xe20d8953) x18 0x7ff8000000000000
core   0: 0x0000000080004e04 (0x01759c33) sll     s8, a1, s7
core   0: 1 0x0000000080004e04 (0x01759c33) x24 0xffffffffc8a6cc9c
core   0: 0x0000000080004e08 (0xebd8fb4f) fnmadd.d fs6, fa7, ft9, ft9
core   0: 1 0x0000000080004e08 (0xebd8fb4f) f22 0x7ff8000000000000
core   0: 0x0000000080004e0c (0xc20ff953) fcvt.w.d s2, ft11
core   0: 1 0x0000000080004e0c (0xc20ff953) c1_fflags 0x0000000000000015 x18 0x000000007fffffff
core   0: 0x0000000080004e10 (0x00551833) sll     a6, a0, t0
core   0: 1 0x0000000080004e10 (0x00551833) x16 0x8000000200006000
core   0: 0x0000000080004e14 (0xf0de6bb7) lui     s7, 0xf0de6
core   0: 1 0x0000000080004e14 (0xf0de6bb7) x23 0xfffffffff0de6000
core   0: 0x0000000080004e18 (0xc02a7b53) fcvt.l.s s6, fs4
core   0: 1 0x0000000080004e18 (0xc02a7b53) c1_fflags 0x0000000000000015 x22 0x7fffffffffffffff
core   0: 0x0000000080004e1c (0x417cd5bb) sraw    a1, s9, s7
core   0: 1 0x0000000080004e1c (0x417cd5bb) x11 0x0000000000000000
core   0: 0x0000000080004e20 (0x40b58d3b) subw    s10, a1, a1
core   0: 1 0x0000000080004e20 (0x40b58d3b) x26 0x0000000000000000
core   0: 0x0000000080004e24 (0x002592f3) csrrw   t0, frm, a1
core   0: 1 0x0000000080004e24 (0x002592f3) x5  0x0000000000000000 c2_frm 0x0000000000000000
core   0: 0x0000000080004e28 (0x035e31b3) mulhu   gp, t3, s5
core   0: 1 0x0000000080004e28 (0x035e31b3) x3  0x00000000bcededd7
core   0: 0x0000000080004e2c (0x00e75333) srl     t1, a4, a4
core   0: 1 0x0000000080004e2c (0x00e75333) x6  0x0000000000000000
core   0: 0x0000000080004e30 (0x03434a3b) divw    s4, t1, s4
core   0: 1 0x0000000080004e30 (0x03434a3b) x20 0xffffffffffffffff
core   0: 0x0000000080004e34 (0x4018fe53) fcvt.s.d ft8, fa7
core   0: 1 0x0000000080004e34 (0x4018fe53) f28 0xffffffff7fc00000
core   0: 0x0000000080004e38 (0xd235f5d3) fcvt.d.lu fa1, a1
core   0: 1 0x0000000080004e38 (0xd235f5d3) f11 0x0000000000000000
core   0: 0x0000000080004e3c (0x00d3f8b3) and     a7, t2, a3
core   0: 1 0x0000000080004e3c (0x00d3f8b3) x17 0x0000000000000001
core   0: 0x0000000080004e40 (0xc215f6d3) fcvt.wu.d a3, fa1
core   0: 1 0x0000000080004e40 (0xc215f6d3) x13 0x0000000000000000
core   0: 0x0000000080004e44 (0x0286deb3) divu    t4, a3, s0
core   0: 1 0x0000000080004e44 (0x0286deb3) x29 0x0000000000000000
core   0: 0x0000000080004e48 (0xd234f853) fcvt.d.lu fa6, s1
core   0: 1 0x0000000080004e48 (0xd234f853) f16 0x0000000000000000
core   0: 0x0000000080004e4c (0x3e09f213) andi    tp, s3, 992
core   0: 1 0x0000000080004e4c (0x3e09f213) x4  0x0000000000000000
core   0: 0x0000000080004e50 (0x02445bbb) divuw   s7, s0, tp
core   0: 1 0x0000000080004e50 (0x02445bbb) x23 0xffffffffffffffff
core   0: 0x0000000080004e54 (0xa3ea7e47) fmsub.d ft8, fs4, ft10, fs4
core   0: 1 0x0000000080004e54 (0xa3ea7e47) f28 0x7ff8000000000000
core   0: 0x0000000080004e58 (0x402b581b) sraiw   a6, s6, 2
core   0: 1 0x0000000080004e58 (0x402b581b) x16 0xffffffffffffffff
core   0: 0x0000000080004e5c (0x40d858bb) sraw    a7, a6, a3
core   0: 1 0x0000000080004e5c (0x40d858bb) x17 0xffffffffffffffff
core   0: 0x0000000080004e60 (0x02584537) lui     a0, 0x2584
core   0: 1 0x0000000080004e60 (0x02584537) x10 0x0000000002584000
core   0: 0x0000000080004e64 (0x0df5051b) addiw   a0, a0, 223
core   0: 1 0x0000000080004e64 (0x0df5051b) x10 0x00000000025840df
core   0: 0x0000000080004e68 (0x00000532) c.slli  a0, 12
core   0: 1 0x0000000080004e68 (0x0532) x10 0x00000025840df000
core   0: 0x0000000080004e6a (0x16b50513) addi    a0, a0, 363
core   0: 1 0x0000000080004e6a (0x16b50513) x10 0x00000025840df16b
core   0: 0x0000000080004e6e (0x019e963b) sllw    a2, t4, s9
core   0: 1 0x0000000080004e6e (0x019e963b) x12 0x0000000000000000
core   0: 0x0000000080004e72 (0x00c8d8bb) srlw    a7, a7, a2
core   0: 1 0x0000000080004e72 (0x00c8d8bb) x17 0xffffffffffffffff
core   0: 0x0000000080004e76 (0x1bc60a1b) addiw   s4, a2, 444
core   0: 1 0x0000000080004e76 (0x1bc60a1b) x20 0x00000000000001bc
core   0: 0x0000000080004e7a (0x00c28cbb) addw    s9, t0, a2
core   0: 1 0x0000000080004e7a (0x00c28cbb) x25 0x0000000000000000
core   0: 0x0000000080004e7e (0x0ff0000f) fence   iorw,iorw
core   0: 1 0x0000000080004e7e (0x0ff0000f)
core   0: 0x0000000080004e82 (0xe25e73cf) fnmadd.d ft7, ft8, ft5, ft8
core   0: 1 0x0000000080004e82 (0xe25e73cf) f7  0x7ff8000000000000
core   0: 0x0000000080004e86 (0xfbfbfb47) fmsub.d fs6, fs7, ft11, ft11
core   0: 1 0x0000000080004e86 (0xfbfbfb47) f22 0x7ff8000000000000
core   0: 0x0000000080004e8a (0xc02bf7d3) fcvt.l.s a5, fs7
core   0: 1 0x0000000080004e8a (0xc02bf7d3) c1_fflags 0x0000000000000015 x15 0x7fffffffffffffff
core   0: 0x0000000080004e8e (0x03c304b3) mul     s1, t1, t3
core   0: 1 0x0000000080004e8e (0x03c304b3) x9  0x0000000000000000
core   0: 0x0000000080004e92 (0x03835e3b) divuw   t3, t1, s8
core   0: 1 0x0000000080004e92 (0x03835e3b) x28 0x0000000000000000
core   0: 0x0000000080004e96 (0x00000001) c.nop
core   0: 1 0x0000000080004e96 (0x0001)
core   0: 0x0000000080004e98 (0xf34a71c3) fmadd.d ft3, fs4, fs4, ft10
core   0: 1 0x0000000080004e98 (0xf34a71c3) f3  0x7ff8000000000000
core   0: 0x0000000080004e9c (0x7ffe0393) addi    t2, t3, 2047
core   0: 1 0x0000000080004e9c (0x7ffe0393) x7  0x00000000000007ff
core   0: 0x0000000080004ea0 (0x7ff6859b) addiw   a1, a3, 2047
core   0: 1 0x0000000080004ea0 (0x7ff6859b) x11 0x00000000000007ff
core   0: 0x0000000080004ea4 (0x03c5eeb3) rem     t4, a1, t3
core   0: 1 0x0000000080004ea4 (0x03c5eeb3) x29 0x00000000000007ff
core   0: 0x0000000080004ea8 (0x01b5dd1b) srliw   s10, a1, 27
core   0: 1 0x0000000080004ea8 (0x01b5dd1b) x26 0x0000000000000000
core   0: 0x0000000080004eac (0x01de9133) sll     sp, t4, t4
core   0: 1 0x0000000080004eac (0x01de9133) x2  0x8000000000000000
core   0: 0x0000000080004eb0 (0x02f009b3) mul     s3, zero, a5
core   0: 1 0x0000000080004eb0 (0x02f009b3) x19 0x0000000000000000
core   0: 0x0000000080004eb4 (0x410d88b3) sub     a7, s11, a6
core   0: 1 0x0000000080004eb4 (0x410d88b3) x17 0x0000000000000002
core   0: 0x0000000080004eb8 (0xa210a9d3) feq.d   s3, ft1, ft1
core   0: 1 0x0000000080004eb8 (0xa210a9d3) x19 0x0000000000000001
core   0: 0x0000000080004ebc (0x2a119d53) fmax.d  fs10, ft3, ft1
core   0: 1 0x0000000080004ebc (0x2a119d53) f26 0x0000000000000000
core   0: 0x0000000080004ec0 (0x41180bbb) subw    s7, a6, a7
core   0: 1 0x0000000080004ec0 (0x41180bbb) x23 0xfffffffffffffffd
core   0: 0x0000000080004ec4 (0xfffbce93) not     t4, s7
core   0: 1 0x0000000080004ec4 (0xfffbce93) x29 0x0000000000000002
core   0: 0x0000000080004ec8 (0xc030fad3) fcvt.lu.s s5, ft1
core   0: 1 0x0000000080004ec8 (0xc030fad3) c1_fflags 0x0000000000000015 x21 0xffffffffffffffff
core   0: 0x0000000080004ecc (0x40147653) fcvt.s.d fa2, fs0
core   0: 1 0x0000000080004ecc (0x40147653) f12 0xffffffff7fc00000
core   0: 0x0000000080004ed0 (0xe2090c53) fmv.x.d s8, fs2
core   0: 1 0x0000000080004ed0 (0xe2090c53) x24 0xc25ac613041fc000
core   0: 0x0000000080004ed4 (0x0ff0000f) fence   iorw,iorw
core   0: 1 0x0000000080004ed4 (0x0ff0000f)
core   0: 0x0000000080004ed8 (0x40197f53) fcvt.s.d ft10, fs2
core   0: 1 0x0000000080004ed8 (0x40197f53) c1_fflags 0x0000000000000015 f30 0xffffffffd2d63098
core   0: 0x0000000080004edc (0x01820733) add     a4, tp, s8
core   0: 1 0x0000000080004edc (0x01820733) x14 0xc25ac613041fc000
core   0: 0x0000000080004ee0 (0x13147b53) fmul.d  fs6, fs0, fa7
core   0: 1 0x0000000080004ee0 (0x13147b53) f22 0x7ff8000000000000
core   0: 0x0000000080004ee4 (0xc02b78d3) fcvt.l.s a7, fs6
core   0: 1 0x0000000080004ee4 (0xc02b78d3) c1_fflags 0x0000000000000015 x17 0x7fffffffffffffff
core   0: 0x0000000080004ee8 (0x036dfed3) fadd.d  ft9, fs11, fs6
core   0: 1 0x0000000080004ee8 (0x036dfed3) f29 0x7ff8000000000000
core   0: 0x0000000080004eec (0x420e8cd3) fcvt.d.s fs9, ft9
core   0: 1 0x0000000080004eec (0x420e8cd3) f25 0x7ff8000000000000
core   0: 0x0000000080004ef0 (0xac08829b) addiw   t0, a7, -1344
core   0: 1 0x0000000080004ef0 (0xac08829b) x5  0xfffffffffffffabf
core   0: 0x0000000080004ef4 (0xd46a6793) ori     a5, s4, -698
core   0: 1 0x0000000080004ef4 (0xd46a6793) x15 0xfffffffffffffdfe
core   0: 0x0000000080004ef8 (0x1a527253) fdiv.d  ft4, ft4, ft5
core   0: 1 0x0000000080004ef8 (0x1a527253) f4  0x7ff8000000000000
core   0: 0x0000000080004efc (0xd02e7353) fcvt.s.l ft6, t3
core   0: 1 0x0000000080004efc (0xd02e7353) f6  0xffffffff00000000
core   0: 0x0000000080004f00 (0x12627bd3) fmul.d  fs7, ft4, ft6
core   0: 1 0x0000000080004f00 (0x12627bd3) f23 0x7ff8000000000000
core   0: 0x0000000080004f04 (0x012e1cbb) sllw    s9, t3, s2
core   0: 1 0x0000000080004f04 (0x012e1cbb) x25 0x0000000000000000
core   0: 0x0000000080004f08 (0x02fe4c33) div     s8, t3, a5
core   0: 1 0x0000000080004f08 (0x02fe4c33) x24 0x0000000000000000
core   0: 0x0000000080004f0c (0xe20909d3) fmv.x.d s3, fs2
core   0: 1 0x0000000080004f0c (0xe20909d3) x19 0xc25ac613041fc000
core   0: 0x0000000080004f10 (0x03f9c913) xori    s2, s3, 63
core   0: 1 0x0000000080004f10 (0x03f9c913) x18 0xc25ac613041fc03f
core   0: 0x0000000080004f14 (0x000c851b) sext.w  a0, s9
core   0: 1 0x0000000080004f14 (0x000c851b) x10 0x0000000000000000
core   0: 0x0000000080004f18 (0x01349733) sll     a4, s1, s3
core   0: 1 0x0000000080004f18 (0x01349733) x14 0x0000000000000000
core   0: 0x0000000080004f1c (0xd02773d3) fcvt.s.l ft7, a4
core   0: 1 0x0000000080004f1c (0xd02773d3) f7  0xffffffff00000000
core   0: 0x0000000080004f20 (0xd2038bd3) fcvt.d.w fs7, t2
core   0: 1 0x0000000080004f20 (0xd2038bd3) f23 0x409ffc0000000000
core   0: 0x0000000080004f24 (0x00fce033) or      zero, s9, a5
core   0: 1 0x0000000080004f24 (0x00fce033)
core   0: 0x0000000080004f28 (0x031aaa33) mulhsu  s4, s5, a7
core   0: 1 0x0000000080004f28 (0x031aaa33) x20 0xffffffffffffffff
core   0: 0x0000000080004f2c (0x01f7941b) slliw   s0, a5, 31
core   0: 1 0x0000000080004f2c (0x01f7941b) x8  0x0000000000000000
core   0: 0x0000000080004f30 (0x925772c7) fmsub.d ft5, fa4, ft5, fs2
core   0: 1 0x0000000080004f30 (0x925772c7) c1_fflags 0x0000000000000015 f5  0x425ac613041fc000
core   0: 0x0000000080004f34 (0x03a170b3) remu    ra, sp, s10
core   0: 1 0x0000000080004f34 (0x03a170b3) x1  0x8000000000000000
core   0: 0x0000000080004f38 (0x002319f3) csrrw   s3, frm, t1
core   0: 1 0x0000000080004f38 (0x002319f3) x19 0x0000000000000000 c2_frm 0x0000000000000000
core   0: 0x0000000080004f3c (0x7ff0ce93) xori    t4, ra, 2047
core   0: 1 0x0000000080004f3c (0x7ff0ce93) x29 0x80000000000007ff
core   0: 0x0000000080004f40 (0xa25905d3) fle.d   a1, fs2, ft5
core   0: 1 0x0000000080004f40 (0xa25905d3) x11 0x0000000000000001
core   0: 0x0000000080004f44 (0xc22bf3d3) fcvt.l.d t2, fs7
core   0: 1 0x0000000080004f44 (0xc22bf3d3) x7  0x00000000000007ff
core   0: 0x0000000080004f48 (0x0ff0000f) fence   iorw,iorw
core   0: 1 0x0000000080004f48 (0x0ff0000f)
core   0: 0x0000000080004f4c (0xc4807013) andi    zero, zero, -952
core   0: 1 0x0000000080004f4c (0xc4807013)
core   0: 0x0000000080004f50 (0x400cd2bb) sraw    t0, s9, zero
core   0: 1 0x0000000080004f50 (0x400cd2bb) x5  0x0000000000000000
core   0: 0x0000000080004f54 (0x01d5d5b3) srl     a1, a1, t4
core   0: 1 0x0000000080004f54 (0x01d5d5b3) x11 0x0000000000000000
core   0: 0x0000000080004f58 (0x8c73c013) xori    zero, t2, -1849
core   0: 1 0x0000000080004f58 (0x8c73c013)
core   0: 0x0000000080004f5c (0x00033737) lui     a4, 0x33
core   0: 1 0x0000000080004f5c (0x00033737) x14 0x0000000000033000
core   0: 0x0000000080004f60 (0x4c57071b) addiw   a4, a4, 1221
core   0: 1 0x0000000080004f60 (0x4c57071b) x14 0x00000000000334c5
core   0: 0x0000000080004f64 (0x0000073e) c.slli  a4, 15
core   0: 1 0x0000000080004f64 (0x073e) x14 0x000000019a628000
core   0: 0x0000000080004f66 (0xbf770713) addi    a4, a4, -1033
core   0: 1 0x0000000080004f66 (0xbf770713) x14 0x000000019a627bf7
core   0: 0x0000000080004f6a (0xd2038353) fcvt.d.w ft6, t2
core   0: 1 0x0000000080004f6a (0xd2038353) f6  0x409ffc0000000000
core   0: 0x0000000080004f6e (0x444e9b97) auipc   s7, 0x444e9
core   0: 1 0x0000000080004f6e (0x444e9b97) x23 0x00000000c44edf6e
core   0: 0x0000000080004f72 (0x98b33d17) auipc   s10, 0x98b33
core   0: 1 0x0000000080004f72 (0x98b33d17) x26 0x0000000018b37f72
core   0: 0x0000000080004f76 (0x406e033b) subw    t1, t3, t1
core   0: 1 0x0000000080004f76 (0x406e033b) x6  0x0000000000000000
core   0: 0x0000000080004f7a (0x02b372c3) fmadd.d ft5, ft6, fa1, ft0
core   0: 1 0x0000000080004f7a (0x02b372c3) f5  0x7ff8000000000000
core   0: 0x0000000080004f7e (0x00185c9b) srliw   s9, a6, 1
core   0: 1 0x0000000080004f7e (0x00185c9b) x25 0x000000007fffffff
core   0: 0x0000000080004f82 (0x029cd73b) divuw   a4, s9, s1
core   0: 1 0x0000000080004f82 (0x029cd73b) x14 0xffffffffffffffff
core   0: 0x0000000080004f86 (0xf11210f3) csrrw   ra, mvendorid, tp
core   0: exception trap_illegal_instruction, epc 0x0000000080004f86
core   0:           tval 0x00000000f11210f3
core   0: >>>>  $xrv64i2p1_m2p0_a2p1_f2p2_d2p2_zicsr2p0_zifencei2p0_zmmul1p0_zba1p0_zbb1p0_zbc1p0_zbs1p0
core   0: 0x0000000080004000 (0x0080006f) j       pc + 0x8
core   0: 3 0x0000000080004000 (0x0080006f)
core   0: >>>>  mmode_exception_handler
core   0: 0x0000000080004008 (0x00002c17) auipc   s8, 0x2
core   0: 3 0x0000000080004008 (0x00002c17) x24 0x0000000080006008
core   0: 0x000000008000400c (0x074c0c13) addi    s8, s8, 116
core   0: 3 0x000000008000400c (0x074c0c13) x24 0x000000008000607c
core   0: 0x0000000080004010 (0x000c00e7) jalr    s8
core   0: 3 0x0000000080004010 (0x000c00e7) x1  0x0000000080004014
core   0: >>>>  any_handler
core   0: 0x000000008000607c (0x341027f3) csrrs   a5, mepc, zero
core   0: 3 0x000000008000607c (0x341027f3) x15 0x0000000080004f86
core   0: 0x0000000080006080 (0x34202773) csrrs   a4, mcause, zero
core   0: 3 0x0000000080006080 (0x34202773) x14 0x0000000000000002
core   0: 0x0000000080006084 (0x142026f3) csrrs   a3, scause, zero
core   0: 3 0x0000000080006084 (0x142026f3) x13 0x0000000000000000
core   0: 0x0000000080006088 (0x30402673) csrrs   a2, mie, zero
core   0: 3 0x0000000080006088 (0x30402673) x12 0x0000000000000a00
core   0: 0x000000008000608c (0x344025f3) csrrs   a1, mip, zero
core   0: 3 0x000000008000608c (0x344025f3) x11 0x0000000000000080
core   0: 0x0000000080006090 (0x343025f3) csrrs   a1, mtval, zero
core   0: 3 0x0000000080006090 (0x343025f3) x11 0x00000000f11210f3
core   0: 0x0000000080006094 (0x14302573) csrrs   a0, stval, zero
core   0: 3 0x0000000080006094 (0x14302573) x10 0x0000000000000000
core   0: 0x0000000080006098 (0xb02024f3) csrrs   s1, minstret, zero
core   0: 3 0x0000000080006098 (0xb02024f3) x9  0x0000000000000d31
core   0: 0x000000008000609c (0x0000a811) c.j     pc + 20
core   0: 3 0x000000008000609c (0xa811)
core   0: >>>>  mepc_4
core   0: 0x00000000800060b0 (0x00000791) c.addi  a5, 4
core   0: 3 0x00000000800060b0 (0x0791) x15 0x0000000080004f8a
core   0: 0x00000000800060b2 (0x34179073) csrrw   zero, mepc, a5
core   0: 3 0x00000000800060b2 (0x34179073) c833_mepc 0x0000000080004f8a
core   0: 0x00000000800060b6 (0x30200073) mret
core   0: 3 0x00000000800060b6 (0x30200073) c768_mstatus 0x8000000a00106080
core   0: 0x0000000080004f8a (0x0008d893) srli    a7, a7, 0
core   0: 1 0x0000000080004f8a (0x0008d893) x17 0x7fffffffffffffff
core   0: 0x0000000080004f8e (0x008a91b3) sll     gp, s5, s0
core   0: 1 0x0000000080004f8e (0x008a91b3) x3  0xffffffffffffffff
core   0: 0x0000000080004f92 (0x0174e037) lui     zero, 0x174e
core   0: 1 0x0000000080004f92 (0x0174e037)
core   0: 0x0000000080004f96 (0x3450001b) addiw   zero, zero, 837
core   0: 1 0x0000000080004f96 (0x3450001b)
core   0: 0x0000000080004f9a (0x00c01013) slli    zero, zero, 12
core   0: 1 0x0000000080004f9a (0x00c01013)
core   0: 0x0000000080004f9e (0x81000013) li      zero, -2032
core   0: 1 0x0000000080004f9e (0x81000013)
core   0: 0x0000000080004fa2 (0xd038fe53) fcvt.s.lu ft8, a7
core   0: 1 0x0000000080004fa2 (0xd038fe53) c1_fflags 0x0000000000000015 f28 0xffffffff5f000000
core   0: 0x0000000080004fa6 (0x401e76d3) fcvt.s.d fa3, ft8
core   0: 1 0x0000000080004fa6 (0x401e76d3) f13 0xffffffff7fc00000
core   0: 0x0000000080004faa (0x5e784517) auipc   a0, 0x5e784
core   0: 1 0x0000000080004faa (0x5e784517) x10 0x00000000de788faa
core   0: 0x0000000080004fae (0xc029f0d3) fcvt.l.s ra, fs3
core   0: 1 0x0000000080004fae (0xc029f0d3) c1_fflags 0x0000000000000015 x1  0x7fffffffffffffff
core   0: 0x0000000080004fb2 (0xd228fa53) fcvt.d.l fs4, a7
core   0: 1 0x0000000080004fb2 (0xd228fa53) c1_fflags 0x0000000000000015 f20 0x43e0000000000000
core   0: 0x0000000080004fb6 (0xe3437fc7) fmsub.d ft11, ft6, fs4, ft8
core   0: 1 0x0000000080004fb6 (0xe3437fc7) f31 0x7ff8000000000000
core   0: 0x0000000080004fba (0x031898b3) mulh    a7, a7, a7
core   0: 1 0x0000000080004fba (0x031898b3) x17 0x3fffffffffffffff
core   0: 0x0000000080004fbe (0x40d0d3b3) sra     t2, ra, a3
core   0: 1 0x0000000080004fbe (0x40d0d3b3) x7  0x7fffffffffffffff
core   0: 0x0000000080004fc2 (0xc21b7b53) fcvt.wu.d s6, fs6
core   0: 1 0x0000000080004fc2 (0xc21b7b53) c1_fflags 0x0000000000000015 x22 0xffffffffffffffff
core   0: 0x0000000080004fc6 (0x00000001) c.nop
core   0: 1 0x0000000080004fc6 (0x0001)
core   0: 0x0000000080004fc8 (0x7ff53313) sltiu   t1, a0, 2047
core   0: 1 0x0000000080004fc8 (0x7ff53313) x6  0x0000000000000000
core   0: 0x0000000080004fcc (0xc209fd53) fcvt.w.d s10, fs3
core   0: 1 0x0000000080004fcc (0xc209fd53) c1_fflags 0x0000000000000015 x26 0x000000007fffffff
core   0: 0x0000000080004fd0 (0x7ff14993) xori    s3, sp, 2047
core   0: 1 0x0000000080004fd0 (0x7ff14993) x19 0x80000000000007ff
core   0: 0x0000000080004fd4 (0xd025fb53) fcvt.s.l fs6, a1
core   0: 1 0x0000000080004fd4 (0xd025fb53) c1_fflags 0x0000000000000015 f22 0xffffffff4f711211
core   0: 0x0000000080004fd8 (0x0177171b) slliw   a4, a4, 23
core   0: 1 0x0000000080004fd8 (0x0177171b) x14 0x0000000001000000
core   0: 0x0000000080004fdc (0xa34d02d3) fle.d   t0, fs10, fs4
core   0: 1 0x0000000080004fdc (0xa34d02d3) x5  0x0000000000000001
core   0: 0x0000000080004fe0 (0x40738cb3) sub     s9, t2, t2
core   0: 1 0x0000000080004fe0 (0x40738cb3) x25 0x0000000000000000
core   0: 0x0000000080004fe4 (0xc02ffbd3) fcvt.l.s s7, ft11
core   0: 1 0x0000000080004fe4 (0xc02ffbd3) c1_fflags 0x0000000000000015 x23 0x7fffffffffffffff
core   0: 0x0000000080004fe8 (0x02d5cd3b) divw    s10, a1, a3
core   0: 1 0x0000000080004fe8 (0x02d5cd3b) x26 0xffffffffffffffff
core   0: 0x0000000080004fec (0x00fbd0bb) srlw    ra, s7, a5
core   0: 1 0x0000000080004fec (0x00fbd0bb) x1  0x00000000003fffff
core   0: 0x0000000080004ff0 (0x039a6833) rem     a6, s4, s9
core   0: 1 0x0000000080004ff0 (0x039a6833) x16 0xffffffffffffffff
core   0: 0x0000000080004ff4 (0xc21b7cd3) fcvt.wu.d s9, fs6
core   0: 1 0x0000000080004ff4 (0xc21b7cd3) c1_fflags 0x0000000000000015 x25 0xffffffffffffffff
core   0: 0x0000000080004ff8 (0x03d45ebb) divuw   t4, s0, t4
core   0: 1 0x0000000080004ff8 (0x03d45ebb) x29 0x0000000000000000
core   0: 0x0000000080004ffc (0x03ce5033) divu    zero, t3, t3
core   0: 1 0x0000000080004ffc (0x03ce5033)
core   0: 0x0000000080005000 (0x03c0b0b3) mulhu   ra, ra, t3
core   0: 1 0x0000000080005000 (0x03c0b0b3) x1  0x0000000000000000
core   0: 0x0000000080005004 (0xd23079d3) fcvt.d.lu fs3, zero
core   0: 1 0x0000000080005004 (0xd23079d3) f19 0x0000000000000000
core   0: 0x0000000080005008 (0x9b66f04f) fnmadd.d ft0, fa3, fs6, fs3
core   0: 1 0x0000000080005008 (0x9b66f04f) f0  0x7ff8000000000000
core   0: 0x000000008000500c (0x014b0a3b) addw    s4, s6, s4
core   0: 1 0x000000008000500c (0x014b0a3b) x20 0xfffffffffffffffe
core   0: 0x0000000080005010 (0x40168433) sub     s0, a3, ra
core   0: 1 0x0000000080005010 (0x40168433) x8  0x0000000000000000
core   0: 0x0000000080005014 (0x235e14d3) fsgnjn.d fs1, ft8, fs5
core   0: 1 0x0000000080005014 (0x235e14d3) f9  0xffffffff5f000000
core   0: 0x0000000080005018 (0x23b0ae53) fsgnjx.d ft8, ft1, fs11
core   0: 1 0x0000000080005018 (0x23b0ae53) f28 0x0000000000000000
core   0: 0x000000008000501c (0x00cd9cb3) sll     s9, s11, a2
core   0: 1 0x000000008000501c (0x00cd9cb3) x25 0x0000000000000001
core   0: 0x0000000080005020 (0x014a6533) or      a0, s4, s4
core   0: 1 0x0000000080005020 (0x014a6533) x10 0xfffffffffffffffe
core   0: 0x0000000080005024 (0x00179173) csrrw   sp, fflags, a5
core   0: 1 0x0000000080005024 (0x00179173) x2  0x0000000000000015 c1_fflags 0x000000000000000a
core   0: 0x0000000080005028 (0x4003deb3) sra     t4, t2, zero
core   0: 1 0x0000000080005028 (0x4003deb3) x29 0x7fffffffffffffff
core   0: 0x000000008000502c (0x338cfb43) fmadd.d fs6, fs9, fs8, ft6
core   0: 1 0x000000008000502c (0x338cfb43) f22 0x7ff8000000000000
core   0: 0x0000000080005030 (0x00000001) c.nop
core   0: 1 0x0000000080005030 (0x0001)
core   0: 0x0000000080005032 (0x3389f447) fmsub.d fs0, fs3, fs8, ft6
core   0: 1 0x0000000080005032 (0x3389f447) f8  0x7ff8000000000000
core   0: 0x0000000080005036 (0x004b7b33) and     s6, s6, tp
core   0: 1 0x0000000080005036 (0x004b7b33) x22 0x0000000000000000
core   0: 0x000000008000503a (0x014ada33) srl     s4, s5, s4
core   0: 1 0x000000008000503a (0x014ada33) x20 0x0000000000000003
core   0: 0x000000008000503e (0x401dfdd3) fcvt.s.d fs11, fs11
core   0: 1 0x000000008000503e (0x401dfdd3) f27 0xffffffff7fc00000
core   0: 0x0000000080005042 (0x03f25413) srli    s0, tp, 63
core   0: 1 0x0000000080005042 (0x03f25413) x8  0x0000000000000000
core   0: 0x0000000080005046 (0x00035c13) srli    s8, t1, 0
core   0: 1 0x0000000080005046 (0x00035c13) x24 0x0000000000000000
core   0: 0x000000008000504a (0x0326cd3b) divw    s10, a3, s2
core   0: 1 0x000000008000504a (0x0326cd3b) x26 0x0000000000000000
core   0: 0x000000008000504e (0x41cd5e1b) sraiw   t3, s10, 28
core   0: 1 0x000000008000504e (0x41cd5e1b) x28 0x0000000000000000
core   0: 0x0000000080005052 (0xc03f7953) fcvt.lu.s s2, ft10
core   0: 1 0x0000000080005052 (0xc03f7953) c1_fflags 0x000000000000001a x18 0x0000000000000000
core   0: 0x0000000080005056 (0x406bdd13) srai    s10, s7, 6
core   0: 1 0x0000000080005056 (0x406bdd13) x26 0x01ffffffffffffff
core   0: 0x000000008000505a (0x40167953) fcvt.s.d fs2, fa2
core   0: 1 0x000000008000505a (0x40167953) f18 0xffffffff7fc00000
core   0: 0x000000008000505e (0x00009ac6) c.add   s5, a7
core   0: 1 0x000000008000505e (0x9ac6) x21 0x3ffffffffffffffe
core   0: 0x0000000080005060 (0x00119973) csrrw   s2, fflags, gp
core   0: 1 0x0000000080005060 (0x00119973) x18 0x000000000000001a c1_fflags 0x000000000000001f
core   0: 0x0000000080005064 (0x43275493) srai    s1, a4, 50
core   0: 1 0x0000000080005064 (0x43275493) x9  0x0000000000000000
core   0: 0x0000000080005068 (0x002710f3) csrrw   ra, frm, a4
core   0: 1 0x0000000080005068 (0x002710f3) x1  0x0000000000000000 c2_frm 0x0000000000000000
core   0: 0x000000008000506c (0x420e0d53) fcvt.d.s fs10, ft8
core   0: 1 0x000000008000506c (0x420e0d53) f26 0x7ff8000000000000
core   0: 0x0000000080005070 (0xedc97313) andi    t1, s2, -292
core   0: 1 0x0000000080005070 (0xedc97313) x6  0x0000000000000018
core   0: 0x0000000080005074 (0x0072fdb3) and     s11, t0, t2
core   0: 1 0x0000000080005074 (0x0072fdb3) x27 0x0000000000000001
core   0: 0x0000000080005078 (0x00159c9b) slliw   s9, a1, 1
core   0: 1 0x0000000080005078 (0x00159c9b) x25 0xffffffffe22421e6
core   0: 0x000000008000507c (0x0178aa33) slt     s4, a7, s7
core   0: 1 0x000000008000507c (0x0178aa33) x20 0x0000000000000001
core   0: 0x0000000080005080 (0x4019d39b) sraiw   t2, s3, 1
core   0: 1 0x0000000080005080 (0x4019d39b) x7  0x00000000000003ff
core   0: 0x0000000080005084 (0x00202773) csrrs   a4, frm, zero
core   0: 1 0x0000000080005084 (0x00202773) x14 0x0000000000000000
core   0: 0x0000000080005088 (0x9e93cb13) xori    s6, t2, -1559
core   0: 1 0x0000000080005088 (0x9e93cb13) x22 0xfffffffffffffa16
core   0: 0x000000008000508c (0x0000964e) c.add   a2, s3
core   0: 1 0x000000008000508c (0x964e) x12 0x80000000000011ff
core   0: 0x000000008000508e (0x01b697b3) sll     a5, a3, s11
core   0: 1 0x000000008000508e (0x01b697b3) x15 0x0000000000000000
core   0: 0x0000000080005092 (0x4143043b) subw    s0, t1, s4
core   0: 1 0x0000000080005092 (0x4143043b) x8  0x0000000000000017
core   0: 0x0000000080005096 (0xfc8b04b7) lui     s1, 0xfc8b0
core   0: 1 0x0000000080005096 (0xfc8b04b7) x9  0xfffffffffc8b0000
core   0: 0x000000008000509a (0xf554849b) addiw   s1, s1, -171
core   0: 1 0x000000008000509a (0xf554849b) x9  0xfffffffffc8aff55
core   0: 0x000000008000509e (0x000004b2) c.slli  s1, 12
core   0: 1 0x000000008000509e (0x04b2) x9  0xffffffc8aff55000
core   0: 0x00000000800050a0 (0xf2348493) addi    s1, s1, -221
core   0: 1 0x00000000800050a0 (0xf2348493) x9  0xffffffc8aff54f23
core   0: 0x00000000800050a4 (0xc22171d3) fcvt.l.d gp, ft2
core   0: 1 0x00000000800050a4 (0xc22171d3) x3  0x0000000000000000
core   0: 0x00000000800050a8 (0x0368b933) mulhu   s2, a7, s6
core   0: 1 0x00000000800050a8 (0x0368b933) x18 0x3ffffffffffffe84
core   0: 0x00000000800050ac (0xd2008cd3) fcvt.d.w fs9, ra
core   0: 1 0x00000000800050ac (0xd2008cd3) f25 0x0000000000000000
core   0: 0x00000000800050b0 (0x0123d413) srli    s0, t2, 18
core   0: 1 0x00000000800050b0 (0x0123d413) x8  0x0000000000000000
core   0: 0x00000000800050b4 (0x02031b33) mulh    s6, t1, zero
core   0: 1 0x00000000800050b4 (0x02031b33) x22 0x0000000000000000
core   0: 0x00000000800050b8 (0x65833bb7) lui     s7, 0x65833
core   0: 1 0x00000000800050b8 (0x65833bb7) x23 0x0000000065833000
core   0: 0x00000000800050bc (0x00009c21) c.addw  s0, s0
core   0: 1 0x00000000800050bc (0x9c21) x8  0x0000000000000000
core   0: 0x00000000800050be (0x0009d39b) srliw   t2, s3, 0
core   0: 1 0x00000000800050be (0x0009d39b) x7  0x00000000000007ff
core   0: 0x00000000800050c2 (0xa30f04d3) fle.d   s1, ft10, fa6
core   0: 1 0x00000000800050c2 (0xa30f04d3) c1_fflags 0x000000000000001f x9  0x0000000000000000
core   0: 0x00000000800050c6 (0xd023f7d3) fcvt.s.l fa5, t2
core   0: 1 0x00000000800050c6 (0xd023f7d3) f15 0xffffffff44ffe000
core   0: 0x00000000800050ca (0x03801db3) mulh    s11, zero, s8
core   0: 1 0x00000000800050ca (0x03801db3) x27 0x0000000000000000
core   0: 0x00000000800050ce (0x02e7a633) mulhsu  a2, a5, a4
core   0: 1 0x00000000800050ce (0x02e7a633) x12 0x0000000000000000
core   0: 0x00000000800050d2 (0x4099593b) sraw    s2, s2, s1
core   0: 1 0x00000000800050d2 (0x4099593b) x18 0xfffffffffffffe84
core   0: 0x00000000800050d6 (0xc22e75d3) fcvt.l.d a1, ft8
core   0: 1 0x00000000800050d6 (0xc22e75d3) x11 0x0000000000000000
core   0: 0x00000000800050da (0x40e25413) srai    s0, tp, 14
core   0: 1 0x00000000800050da (0x40e25413) x8  0x0000000000000000
core   0: 0x00000000800050de (0xc0207ad3) fcvt.l.s s5, ft0
core   0: 1 0x00000000800050de (0xc0207ad3) c1_fflags 0x000000000000001f x21 0x7fffffffffffffff
core   0: 0x00000000800050e2 (0x00ebd8bb) srlw    a7, s7, a4
core   0: 1 0x00000000800050e2 (0x00ebd8bb) x17 0x0000000065833000
core   0: 0x00000000800050e6 (0x0358de33) divu    t3, a7, s5
core   0: 1 0x00000000800050e6 (0x0358de33) x28 0x0000000000000000
core   0: 0x00000000800050ea (0x028474b3) remu    s1, s0, s0
core   0: 1 0x00000000800050ea (0x028474b3) x9  0x0000000000000000
core   0: 0x00000000800050ee (0xd02e71d3) fcvt.s.l ft3, t3
core   0: 1 0x00000000800050ee (0xd02e71d3) f3  0xffffffff00000000
core   0: 0x00000000800050f2 (0xd2148753) fcvt.d.wu fa4, s1
core   0: 1 0x00000000800050f2 (0xd2148753) f14 0x0000000000000000
core   0: 0x00000000800050f6 (0x420e02d3) fcvt.d.s ft5, ft8
core   0: 1 0x00000000800050f6 (0x420e02d3) f5  0x7ff8000000000000
core   0: 0x00000000800050fa (0x0b8af253) fsub.d  ft4, fs5, fs8
core   0: 1 0x00000000800050fa (0x0b8af253) f4  0x7ff8000000000000
core   0: 0x00000000800050fe (0x2342aa53) fsgnjx.d fs4, ft5, fs4
core   0: 1 0x00000000800050fe (0x2342aa53) f20 0x7ff8000000000000
core   0: 0x0000000080005102 (0xd22e7fd3) fcvt.d.l ft11, t3
core   0: 1 0x0000000080005102 (0xd22e7fd3) f31 0x0000000000000000
core   0: 0x0000000080005106 (0x41c4d5b3) sra     a1, s1, t3
core   0: 1 0x0000000080005106 (0x41c4d5b3) x11 0x0000000000000000
core   0: 0x000000008000510a (0x035a7a33) remu    s4, s4, s5
core   0: 1 0x000000008000510a (0x035a7a33) x20 0x0000000000000001
core   0: 0x000000008000510e (0x000a9913) slli    s2, s5, 0
core   0: 1 0x000000008000510e (0x000a9913) x18 0x7fffffffffffffff
core   0: 0x0000000080005112 (0xc3d9794f) fnmadd.d fs2, fs2, ft9, fs8
core   0: 1 0x0000000080005112 (0xc3d9794f) f18 0x7ff8000000000000
core   0: 0x0000000080005116 (0x03f2f153) fadd.d  ft2, ft5, ft11
core   0: 1 0x0000000080005116 (0x03f2f153) f2  0x7ff8000000000000
core   0: 0x000000008000511a (0x415ad23b) sraw    tp, s5, s5
core   0: 1 0x000000008000511a (0x415ad23b) x4  0xffffffffffffffff
core   0: 0x000000008000511e (0x033c78b3) remu    a7, s8, s3
core   0: 1 0x000000008000511e (0x033c78b3) x17 0x0000000000000000
core   0: 0x0000000080005122 (0xd023f453) fcvt.s.l fs0, t2
core   0: 1 0x0000000080005122 (0xd023f453) f8  0xffffffff44ffe000
core   0: 0x0000000080005126 (0x23deafd3) fsgnjx.d ft11, ft9, ft9
core   0: 1 0x0000000080005126 (0x23deafd3) f31 0x7ff8000000000000
core   0: 0x000000008000512a (0x0087971b) slliw   a4, a5, 8
core   0: 1 0x000000008000512a (0x0087971b) x14 0x0000000000000000
core   0: 0x000000008000512e (0x008b193b) sllw    s2, s6, s0
core   0: 1 0x000000008000512e (0x008b193b) x18 0x0000000000000000
core   0: 0x0000000080005132 (0xc03474d3) fcvt.lu.s s1, fs0
core   0: 1 0x0000000080005132 (0xc03474d3) x9  0x00000000000007ff
core   0: 0x0000000080005136 (0x00fb0d33) add     s10, s6, a5
core   0: 1 0x0000000080005136 (0x00fb0d33) x26 0x0000000000000000
core   0: 0x000000008000513a (0x000a161b) slliw   a2, s4, 0
core   0: 1 0x000000008000513a (0x000a161b) x12 0x0000000000000001
core   0: 0x000000008000513e (0x2b0b8bd3) fmin.d  fs7, fs7, fa6
core   0: 1 0x000000008000513e (0x2b0b8bd3) f23 0x0000000000000000
core   0: 0x0000000080005142 (0x00d7939b) slliw   t2, a5, 13
core   0: 1 0x0000000080005142 (0x00d7939b) x7  0x0000000000000000
core   0: 0x0000000080005146 (0xd21c8053) fcvt.d.wu ft0, s9
core   0: 1 0x0000000080005146 (0xd21c8053) f0  0x41ec44843cc00000
core   0: 0x000000008000514a (0x03168dbb) mulw    s11, a3, a7
core   0: 1 0x000000008000514a (0x03168dbb) x27 0x0000000000000000
core   0: 0x000000008000514e (0x00ed0abb) addw    s5, s10, a4
core   0: 1 0x000000008000514e (0x00ed0abb) x21 0x0000000000000000
core   0: 0x0000000080005152 (0x00229a73) csrrw   s4, frm, t0
core   0: 1 0x0000000080005152 (0x00229a73) x20 0x0000000000000000 c2_frm 0x0000000000000001
core   0: 0x0000000080005156 (0x02881237) lui     tp, 0x2881
core   0: 1 0x0000000080005156 (0x02881237) x4  0x0000000002881000
core   0: 0x000000008000515a (0x8812021b) addiw   tp, tp, -1919
core   0: 1 0x000000008000515a (0x8812021b) x4  0x0000000002880881
core   0: 0x000000008000515e (0x00000232) c.slli  tp, 12
core   0: 1 0x000000008000515e (0x0232) x4  0x0000002880881000
core   0: 0x0000000080005160 (0x10c20213) addi    tp, tp, 268
core   0: 1 0x0000000080005160 (0x10c20213) x4  0x000000288088110c
core   0: 0x0000000080005164 (0x0ff0000f) fence   iorw,iorw
core   0: 1 0x0000000080005164 (0x0ff0000f)
core   0: 0x0000000080005168 (0x41f9561b) sraiw   a2, s2, 31
core   0: 1 0x0000000080005168 (0x41f9561b) x12 0x0000000000000000
core   0: 0x000000008000516c (0xd21404d3) fcvt.d.wu fs1, s0
core   0: 1 0x000000008000516c (0xd21404d3) f9  0x0000000000000000
core   0: 0x0000000080005170 (0x4b89f847) fmsub.d fa6, fs3, fs8, fs1
core   0: 1 0x0000000080005170 (0x4b89f847) f16 0x7ff8000000000000
core   0: 0x0000000080005174 (0x4121dd33) sra     s10, gp, s2
core   0: 1 0x0000000080005174 (0x4121dd33) x26 0x0000000000000000
core   0: 0x0000000080005178 (0xe20c05d3) fmv.x.d a1, fs8
core   0: 1 0x0000000080005178 (0xe20c05d3) x11 0xffffffff00000000
core   0: 0x000000008000517c (0x01833837) lui     a6, 0x1833
core   0: 1 0x000000008000517c (0x01833837) x16 0x0000000001833000
core   0: 0x0000000080005180 (0x4738081b) addiw   a6, a6, 1139
core   0: 1 0x0000000080005180 (0x4738081b) x16 0x0000000001833473
core   0: 0x0000000080005184 (0x0000083a) c.slli  a6, 14
core   0: 1 0x0000000080005184 (0x083a) x16 0x00000060cd1cc000
core   0: 0x0000000080005186 (0x9ee80813) addi    a6, a6, -1554
core   0: 1 0x0000000080005186 (0x9ee80813) x16 0x00000060cd1cb9ee
core   0: 0x000000008000518a (0x40005493) srai    s1, zero, 0
core   0: 1 0x000000008000518a (0x40005493) x9  0x0000000000000000
core   0: 0x000000008000518e (0x2b189653) fmax.d  fa2, fa7, fa7
core   0: 1 0x000000008000518e (0x2b189653) f12 0x7ff8000000000000
core   0: 0x0000000080005192 (0x033df5b3) remu    a1, s11, s3
core   0: 1 0x0000000080005192 (0x033df5b3) x11 0x0000000000000000
core   0: 0x0000000080005196 (0x6364fccf) fnmadd.d fs9, fs1, fs6, fa2
core   0: 1 0x0000000080005196 (0x6364fccf) f25 0x7ff8000000000000
core   0: 0x000000008000519a (0xa28d7a47) fmsub.d fs4, fs10, fs0, fs4
core   0: 1 0x000000008000519a (0xa28d7a47) f20 0x7ff8000000000000
core   0: 0x000000008000519e (0xe2038a53) fmv.x.d s4, ft7
core   0: 1 0x000000008000519e (0xe2038a53) x20 0xffffffff00000000
core   0: 0x00000000800051a2 (0x01ce55bb) srlw    a1, t3, t3
core   0: 1 0x00000000800051a2 (0x01ce55bb) x11 0x0000000000000000
core   0: 0x00000000800051a6 (0x4008d81b) sraiw   a6, a7, 0
core   0: 1 0x00000000800051a6 (0x4008d81b) x16 0x0000000000000000
core   0: 0x00000000800051aa (0x1ba96113) ori     sp, s2, 442
core   0: 1 0x00000000800051aa (0x1ba96113) x2  0x00000000000001ba
core   0: 0x00000000800051ae (0x2d1e2c17) auipc   s8, 0x2d1e2
core   0: 1 0x00000000800051ae (0x2d1e2c17) x24 0x00000000ad1e71ae
core   0: 0x00000000800051b2 (0x230a00d3) fsgnj.d ft1, fs4, fa6
core   0: 1 0x00000000800051b2 (0x230a00d3) f1  0x7ff8000000000000
core   0: 0x00000000800051b6 (0x0ff0000f) fence   iorw,iorw
core   0: 1 0x00000000800051b6 (0x0ff0000f)
core   0: 0x00000000800051ba (0x420e8cd3) fcvt.d.s fs9, ft9
core   0: 1 0x00000000800051ba (0x420e8cd3) f25 0x7ff8000000000000
core   0: 0x00000000800051be (0x0ff0000f) fence   iorw,iorw
core   0: 1 0x00000000800051be (0x0ff0000f)
core   0: 0x00000000800051c2 (0x41590133) sub     sp, s2, s5
core   0: 1 0x00000000800051c2 (0x41590133) x2  0x0000000000000000
core   0: 0x00000000800051c6 (0x2b551ad3) fmax.d  fs5, fa0, fs5
core   0: 1 0x00000000800051c6 (0x2b551ad3) f21 0x7ff8000000000000
core   0: 0x00000000800051ca (0x23521953) fsgnjn.d fs2, ft4, fs5
core   0: 1 0x00000000800051ca (0x23521953) f18 0xfff8000000000000
core   0: 0x00000000800051ce (0x45f3a0b7) lui     ra, 0x45f3a
core   0: 1 0x00000000800051ce (0x45f3a0b7) x1  0x0000000045f3a000
core   0: 0x00000000800051d2 (0x03e77eb7) lui     t4, 0x3e77
core   0: 1 0x00000000800051d2 (0x03e77eb7) x29 0x0000000003e77000
core   0: 0x00000000800051d6 (0x16de8e9b) addiw   t4, t4, 365
core   0: 1 0x00000000800051d6 (0x16de8e9b) x29 0x0000000003e7716d
core   0: 0x00000000800051da (0x00000eb6) c.slli  t4, 13
core   0: 1 0x00000000800051da (0x0eb6) x29 0x0000007cee2da000
core   0: 0x00000000800051dc (0xdf7e8e93) addi    t4, t4, -521
core   0: 1 0x00000000800051dc (0xdf7e8e93) x29 0x0000007cee2d9df7
core   0: 0x00000000800051e0 (0x632f76c7) fmsub.d fa3, ft10, fs2, fa2
core   0: 1 0x00000000800051e0 (0x632f76c7) f13 0x7ff8000000000000
core   0: 0x00000000800051e4 (0xd21d08d3) fcvt.d.wu fa7, s10
core   0: 1 0x00000000800051e4 (0xd21d08d3) f17 0x0000000000000000
core   0: 0x00000000800051e8 (0xa2458ad3) fle.d   s5, fa1, ft4
core   0: 1 0x00000000800051e8 (0xa2458ad3) c1_fflags 0x000000000000001f x21 0x0000000000000000
core   0: 0x00000000800051ec (0x3af3f3cf) fnmadd.d ft7, ft7, fa5, ft7
core   0: 1 0x00000000800051ec (0x3af3f3cf) f7  0x7ff8000000000000
core   0: 0x00000000800051f0 (0xa2b28553) fle.d   a0, ft5, fa1
core   0: 1 0x00000000800051f0 (0xa2b28553) c1_fflags 0x000000000000001f x10 0x0000000000000000
core   0: 0x00000000800051f4 (0x02e46d33) rem     s10, s0, a4
core   0: 1 0x00000000800051f4 (0x02e46d33) x26 0x0000000000000000
core   0: 0x00000000800051f8 (0x23572dd3) fsgnjx.d fs11, fa4, fs5
core   0: 1 0x00000000800051f8 (0x23572dd3) f27 0x0000000000000000
core   0: 0x00000000800051fc (0xfff47793) andi    a5, s0, -1
core   0: 1 0x00000000800051fc (0xfff47793) x15 0x0000000000000000
core   0: 0x0000000080005200 (0x03084cb3) div     s9, a6, a6
core   0: 1 0x0000000080005200 (0x03084cb3) x25 0xffffffffffffffff
core   0: 0x0000000080005204 (0x0126c933) xor     s2, a3, s2
core   0: 1 0x0000000080005204 (0x0126c933) x18 0x0000000000000000
core   0: 0x0000000080005208 (0x036b9993) slli    s3, s7, 54
core   0: 1 0x0000000080005208 (0x036b9993) x19 0x0000000000000000
core   0: 0x000000008000520c (0x0362c5bb) divw    a1, t0, s6
core   0: 1 0x000000008000520c (0x0362c5bb) x11 0xffffffffffffffff
core   0: 0x0000000080005210 (0x03f8dc13) srli    s8, a7, 63
core   0: 1 0x0000000080005210 (0x03f8dc13) x24 0x0000000000000000
core   0: 0x0000000080005214 (0xc38af64b) fnmsub.d fa2, fs5, fs8, fs8
core   0: 1 0x0000000080005214 (0xc38af64b) f12 0x7ff8000000000000
core   0: 0x0000000080005218 (0xf8ec37b7) lui     a5, 0xf8ec3
core   0: 1 0x0000000080005218 (0xf8ec37b7) x15 0xfffffffff8ec3000
core   0: 0x000000008000521c (0x9897879b) addiw   a5, a5, -1655
core   0: 1 0x000000008000521c (0x9897879b) x15 0xfffffffff8ec2989
core   0: 0x0000000080005220 (0x000007b2) c.slli  a5, 12
core   0: 1 0x0000000080005220 (0x07b2) x15 0xffffff8ec2989000
core   0: 0x0000000080005222 (0xc5c78793) addi    a5, a5, -932
core   0: 1 0x0000000080005222 (0xc5c78793) x15 0xffffff8ec2988c5c
core   0: 0x0000000080005226 (0x7bb772cb) fnmsub.d ft5, fa4, fs11, fa5
core   0: 1 0x0000000080005226 (0x7bb772cb) f5  0x7ff8000000000000
core   0: 0x000000008000522a (0x00000001) c.nop
core   0: 1 0x000000008000522a (0x0001)
core   0: 0x000000008000522c (0x02f95abb) divuw   s5, s2, a5
core   0: 1 0x000000008000522c (0x02f95abb) x21 0x0000000000000000
core   0: 0x0000000080005230 (0x5a0b79d3) fsqrt.d fs3, fs6
core   0: 1 0x0000000080005230 (0x5a0b79d3) f19 0x7ff8000000000000
core   0: 0x0000000080005234 (0xa2704013) xori    zero, zero, -1497
core   0: 1 0x0000000080005234 (0xa2704013)
core   0: 0x0000000080005238 (0x37b705b7) lui     a1, 0x37b70
core   0: 1 0x0000000080005238 (0x37b705b7) x11 0x0000000037b70000
core   0: 0x000000008000523c (0xc22b79d3) fcvt.l.d s3, fs6
core   0: 1 0x000000008000523c (0xc22b79d3) c1_fflags 0x000000000000001f x19 0x7fffffffffffffff
core   0: 0x0000000080005240 (0x41530633) sub     a2, t1, s5
core   0: 1 0x0000000080005240 (0x41530633) x12 0x0000000000000018
core   0: 0x0000000080005244 (0x025d0533) mul     a0, s10, t0
core   0: 1 0x0000000080005244 (0x025d0533) x10 0x0000000000000000
core   0: 0x0000000080005248 (0x02d9b333) mulhu   t1, s3, a3
core   0: 1 0x0000000080005248 (0x02d9b333) x6  0x0000000000000000
core   0: 0x000000008000524c (0x021560b3) rem     ra, a0, ra
core   0: 1 0x000000008000524c (0x021560b3) x1  0x0000000000000000
core   0: 0x0000000080005250 (0x0017e7b3) or      a5, a5, ra
core   0: 1 0x0000000080005250 (0x0017e7b3) x15 0xffffff8ec2988c5c
core   0: 0x0000000080005254 (0x3420e9f3) csrrsi  s3, mcause, 1
core   0: exception trap_illegal_instruction, epc 0x0000000080005254
core   0:           tval 0x000000003420e9f3
core   0: >>>>  $xrv64i2p1_m2p0_a2p1_f2p2_d2p2_zicsr2p0_zifencei2p0_zmmul1p0_zba1p0_zbb1p0_zbc1p0_zbs1p0
core   0: 0x0000000080004000 (0x0080006f) j       pc + 0x8
core   0: 3 0x0000000080004000 (0x0080006f)
core   0: >>>>  mmode_exception_handler
core   0: 0x0000000080004008 (0x00002c17) auipc   s8, 0x2
core   0: 3 0x0000000080004008 (0x00002c17) x24 0x0000000080006008
core   0: 0x000000008000400c (0x074c0c13) addi    s8, s8, 116
core   0: 3 0x000000008000400c (0x074c0c13) x24 0x000000008000607c
core   0: 0x0000000080004010 (0x000c00e7) jalr    s8
core   0: 3 0x0000000080004010 (0x000c00e7) x1  0x0000000080004014
core   0: >>>>  any_handler
core   0: 0x000000008000607c (0x341027f3) csrrs   a5, mepc, zero
core   0: 3 0x000000008000607c (0x341027f3) x15 0x0000000080005254
core   0: 0x0000000080006080 (0x34202773) csrrs   a4, mcause, zero
core   0: 3 0x0000000080006080 (0x34202773) x14 0x0000000000000002
core   0: 0x0000000080006084 (0x142026f3) csrrs   a3, scause, zero
core   0: 3 0x0000000080006084 (0x142026f3) x13 0x0000000000000000
core   0: 0x0000000080006088 (0x30402673) csrrs   a2, mie, zero
core   0: 3 0x0000000080006088 (0x30402673) x12 0x0000000000000a00
core   0: 0x000000008000608c (0x344025f3) csrrs   a1, mip, zero
core   0: 3 0x000000008000608c (0x344025f3) x11 0x0000000000000080
core   0: 0x0000000080006090 (0x343025f3) csrrs   a1, mtval, zero
core   0: 3 0x0000000080006090 (0x343025f3) x11 0x000000003420e9f3
core   0: 0x0000000080006094 (0x14302573) csrrs   a0, stval, zero
core   0: 3 0x0000000080006094 (0x14302573) x10 0x0000000000000000
core   0: 0x0000000080006098 (0xb02024f3) csrrs   s1, minstret, zero
core   0: 3 0x0000000080006098 (0xb02024f3) x9  0x0000000000000df9
core   0: 0x000000008000609c (0x0000a811) c.j     pc + 20
core   0: 3 0x000000008000609c (0xa811)
core   0: >>>>  mepc_4
core   0: 0x00000000800060b0 (0x00000791) c.addi  a5, 4
core   0: 3 0x00000000800060b0 (0x0791) x15 0x0000000080005258
core   0: 0x00000000800060b2 (0x34179073) csrrw   zero, mepc, a5
core   0: 3 0x00000000800060b2 (0x34179073) c833_mepc 0x0000000080005258
core   0: 0x00000000800060b6 (0x30200073) mret
core   0: 3 0x00000000800060b6 (0x30200073) c768_mstatus 0x8000000a00106080
core   0: 0x0000000080005258 (0x00151473) csrrw   s0, fflags, a0
core   0: 1 0x0000000080005258 (0x00151473) x8  0x000000000000001f c1_fflags 0x0000000000000000
core   0: 0x000000008000525c (0xd02c7f53) fcvt.s.l ft10, s8
core   0: 1 0x000000008000525c (0xd02c7f53) c1_fflags 0x0000000000000001 f30 0xffffffff4f000060
core   0: 0x0000000080005260 (0x03040833) mul     a6, s0, a6
core   0: 1 0x0000000080005260 (0x03040833) x16 0x0000000000000000
core   0: 0x0000000080005264 (0x00102b73) csrrs   s6, fflags, zero
core   0: 1 0x0000000080005264 (0x00102b73) x22 0x0000000000000001
core   0: 0x0000000080005268 (0x125473d3) fmul.d  ft7, fs0, ft5
core   0: 1 0x0000000080005268 (0x125473d3) f7  0x7ff8000000000000
core   0: 0x000000008000526c (0x0030943b) sllw    s0, ra, gp
core   0: 1 0x000000008000526c (0x0030943b) x8  0xffffffff80004014
core   0: 0x0000000080005270 (0x01d46833) or      a6, s0, t4
core   0: 1 0x0000000080005270 (0x01d46833) x16 0xffffffffee2dddf7
core   0: 0x0000000080005274 (0x028684b3) mul     s1, a3, s0
core   0: 1 0x0000000080005274 (0x028684b3) x9  0x0000000000000000
core   0: 0x0000000080005278 (0x00c1f1b3) and     gp, gp, a2
core   0: 1 0x0000000080005278 (0x00c1f1b3) x3  0x0000000000000000
core   0: 0x000000008000527c (0x23f294d3) fsgnjn.d fs1, ft5, ft11
core   0: 1 0x000000008000527c (0x23f294d3) f9  0xfff8000000000000
core   0: 0x0000000080005280 (0xd02678d3) fcvt.s.l fa7, a2
core   0: 1 0x0000000080005280 (0xd02678d3) f17 0xffffffff45200000
core   0: 0x0000000080005284 (0x00000001) c.nop
core   0: 1 0x0000000080005284 (0x0001)
core   0: 0x0000000080005286 (0x00102b73) csrrs   s6, fflags, zero
core   0: 1 0x0000000080005286 (0x00102b73) x22 0x0000000000000001
core   0: 0x000000008000528a (0x40e60a33) sub     s4, a2, a4
core   0: 1 0x000000008000528a (0x40e60a33) x20 0x00000000000009fe
core   0: 0x000000008000528e (0x00202973) csrrs   s2, frm, zero
core   0: 1 0x000000008000528e (0x00202973) x18 0x0000000000000001
core   0: 0x0000000080005292 (0x4a31fe47) fmsub.d ft8, ft3, ft3, fs1
core   0: 1 0x0000000080005292 (0x4a31fe47) f28 0x7ff8000000000000
core   0: 0x0000000080005296 (0xc239f653) fcvt.lu.d a2, fs3
core   0: 1 0x0000000080005296 (0xc239f653) c1_fflags 0x0000000000000011 x12 0xffffffffffffffff
core   0: 0x000000008000529a (0x0111dbb3) srl     s7, gp, a7
core   0: 1 0x000000008000529a (0x0111dbb3) x23 0x0000000000000000
core   0: 0x000000008000529e (0x0374fcbb) remuw   s9, s1, s7
core   0: 1 0x000000008000529e (0x0374fcbb) x25 0x0000000000000000
core   0: 0x00000000800052a2 (0x017a1a3b) sllw    s4, s4, s7
core   0: 1 0x00000000800052a2 (0x017a1a3b) x20 0x00000000000009fe
core   0: 0x00000000800052a6 (0x03297933) remu    s2, s2, s2
core   0: 1 0x00000000800052a6 (0x03297933) x18 0x0000000000000000
core   0: 0x00000000800052aa (0x01d71ebb) sllw    t4, a4, t4
core   0: 1 0x00000000800052aa (0x01d71ebb) x29 0x0000000001000000
core   0: 0x00000000800052ae (0xcb29dd37) lui     s10, 0xcb29d
core   0: 1 0x00000000800052ae (0xcb29dd37) x26 0xffffffffcb29d000
core   0: 0x00000000800052b2 (0x223b02d3) fsgnj.d ft5, fs6, ft3
core   0: 1 0x00000000800052b2 (0x223b02d3) f5  0xfff8000000000000
core   0: 0x00000000800052b6 (0x01d315bb) sllw    a1, t1, t4
core   0: 1 0x00000000800052b6 (0x01d315bb) x11 0x0000000000000000
core   0: 0x00000000800052ba (0x30d4fb37) lui     s6, 0x30d4f
core   0: 1 0x00000000800052ba (0x30d4fb37) x22 0x0000000030d4f000
core   0: 0x00000000800052be (0xa23b0053) fle.d   zero, fs6, ft3
core   0: 1 0x00000000800052be (0xa23b0053) c1_fflags 0x0000000000000011
core   0: 0x00000000800052c2 (0xeb8e4b13) xori    s6, t3, -328
core   0: 1 0x00000000800052c2 (0xeb8e4b13) x22 0xfffffffffffffeb8
core   0: 0x00000000800052c6 (0xd2217653) fcvt.d.l fa2, sp
core   0: 1 0x00000000800052c6 (0xd2217653) f12 0x0000000000000000
core   0: 0x00000000800052ca (0x0365d933) divu    s2, a1, s6
core   0: 1 0x00000000800052ca (0x0365d933) x18 0x0000000000000000
core   0: 0x00000000800052ce (0x033de53b) remw    a0, s11, s3
core   0: 1 0x00000000800052ce (0x033de53b) x10 0x0000000000000000
core   0: 0x00000000800052d2 (0x025c4ab3) div     s5, s8, t0
core   0: 1 0x00000000800052d2 (0x025c4ab3) x21 0x000000008000607c
core   0: 0x00000000800052d6 (0x019d72b3) and     t0, s10, s9
core   0: 1 0x00000000800052d6 (0x019d72b3) x5  0x0000000000000000
core   0: 0x00000000800052da (0x41c35e3b) sraw    t3, t1, t3
core   0: 1 0x00000000800052da (0x41c35e3b) x28 0x0000000000000000
core   0: 0x00000000800052de (0x001d173b) sllw    a4, s10, ra
core   0: 1 0x00000000800052de (0x001d173b) x14 0x0000000000000000
core   0: 0x00000000800052e2 (0x03d3f053) fadd.d  ft0, ft7, ft9
core   0: 1 0x00000000800052e2 (0x03d3f053) f0  0x7ff8000000000000
core   0: 0x00000000800052e6 (0x00000001) c.nop
core   0: 1 0x00000000800052e6 (0x0001)
core   0: 0x00000000800052e8 (0x7ffb8913) addi    s2, s7, 2047
core   0: 1 0x00000000800052e8 (0x7ffb8913) x18 0x00000000000007ff
core   0: 0x00000000800052ec (0x002022f3) csrrs   t0, frm, zero
core   0: 1 0x00000000800052ec (0x002022f3) x5  0x0000000000000001
core   0: 0x00000000800052f0 (0xd23773d3) fcvt.d.lu ft7, a4
core   0: 1 0x00000000800052f0 (0xd23773d3) f7  0x0000000000000000
core   0: 0x00000000800052f4 (0x2ae502d3) fmin.d  ft5, fa0, fa4
core   0: 1 0x00000000800052f4 (0x2ae502d3) f5  0x0000000000000000
core   0: 0x00000000800052f8 (0x4053d3b3) sra     t2, t2, t0
core   0: 1 0x00000000800052f8 (0x4053d3b3) x7  0x0000000000000000
core   0: 0x00000000800052fc (0x41eb5493) srai    s1, s6, 30
core   0: 1 0x00000000800052fc (0x41eb5493) x9  0xffffffffffffffff
core   0: 0x0000000080005300 (0xd03b74d3) fcvt.s.lu fs1, s6
core   0: 1 0x0000000080005300 (0xd03b74d3) c1_fflags 0x0000000000000011 f9  0xffffffff5f7fffff
core   0: 0x0000000080005304 (0x03035213) srli    tp, t1, 48
core   0: 1 0x0000000080005304 (0x03035213) x4  0x0000000000000000
core   0: 0x0000000080005308 (0x013259b3) srl     s3, tp, s3
core   0: 1 0x0000000080005308 (0x013259b3) x19 0x0000000000000000
core   0: 0x000000008000530c (0x024b8cbb) mulw    s9, s7, tp
core   0: 1 0x000000008000530c (0x024b8cbb) x25 0x0000000000000000
core   0: 0x0000000080005310 (0x032c9533) mulh    a0, s9, s2
core   0: 1 0x0000000080005310 (0x032c9533) x10 0x0000000000000000
core   0: 0x0000000080005314 (0x1bc0f253) fdiv.d  ft4, ft1, ft8
core   0: 1 0x0000000080005314 (0x1bc0f253) f4  0x7ff8000000000000
core   0: 0x0000000080005318 (0xffc4f1b7) lui     gp, 0xffc4f
core   0: 1 0x0000000080005318 (0xffc4f1b7) x3  0xffffffffffc4f000
core   0: 0x000000008000531c (0x9f51819b) addiw   gp, gp, -1547
core   0: 1 0x000000008000531c (0x9f51819b) x3  0xffffffffffc4e9f5
core   0: 0x0000000080005320 (0x000001c6) c.slli  gp, 17
core   0: 1 0x0000000080005320 (0x01c6) x3  0xffffff89d3ea0000
core   0: 0x0000000080005322 (0xf4118193) addi    gp, gp, -191
core   0: 1 0x0000000080005322 (0xf4118193) x3  0xffffff89d3e9ff41
core   0: 0x0000000080005326 (0x94a30893) addi    a7, t1, -1718
core   0: 1 0x0000000080005326 (0x94a30893) x17 0xfffffffffffff94a
core   0: 0x000000008000532a (0xa2920053) fle.d   zero, ft4, fs1
core   0: 1 0x000000008000532a (0xa2920053) c1_fflags 0x0000000000000011
core   0: 0x000000008000532e (0x02d3a133) mulhsu  sp, t2, a3
core   0: 1 0x000000008000532e (0x02d3a133) x2  0x0000000000000000
core   0: 0x0000000080005332 (0x0009109b) slliw   ra, s2, 0
core   0: 1 0x0000000080005332 (0x0009109b) x1  0x00000000000007ff
core   0: 0x0000000080005336 (0x5a027d53) fsqrt.d fs10, ft4
core   0: 1 0x0000000080005336 (0x5a027d53) f26 0x7ff8000000000000
core   0: 0x000000008000533a (0x01497033) and     zero, s2, s4
core   0: 1 0x000000008000533a (0x01497033)
core   0: 0x000000008000533e (0xf20900d3) fmv.d.x ft1, s2
core   0: 1 0x000000008000533e (0xf20900d3) f1  0x00000000000007ff
core   0: 0x0000000080005342 (0x0010c8b3) xor     a7, ra, ra
core   0: 1 0x0000000080005342 (0x0010c8b3) x17 0x0000000000000000
core   0: 0x0000000080005346 (0x031d1b13) slli    s6, s10, 49
core   0: 1 0x0000000080005346 (0x031d1b13) x22 0xa000000000000000
core   0: 0x000000008000534a (0x0bfc7ad3) fsub.d  fs5, fs8, ft11
core   0: 1 0x000000008000534a (0x0bfc7ad3) f21 0x7ff8000000000000
core   0: 0x000000008000534e (0xc0227853) fcvt.l.s a6, ft4
core   0: 1 0x000000008000534e (0xc0227853) c1_fflags 0x0000000000000011 x16 0x7fffffffffffffff
core   0: 0x0000000080005352 (0xf11057f3) csrrwi  a5, mvendorid, 0
core   0: exception trap_illegal_instruction, epc 0x0000000080005352
core   0:           tval 0x00000000f11057f3
core   0: >>>>  $xrv64i2p1_m2p0_a2p1_f2p2_d2p2_zicsr2p0_zifencei2p0_zmmul1p0_zba1p0_zbb1p0_zbc1p0_zbs1p0
core   0: 0x0000000080004000 (0x0080006f) j       pc + 0x8
core   0: 3 0x0000000080004000 (0x0080006f)
core   0: >>>>  mmode_exception_handler
core   0: 0x0000000080004008 (0x00002c17) auipc   s8, 0x2
core   0: 3 0x0000000080004008 (0x00002c17) x24 0x0000000080006008
core   0: 0x000000008000400c (0x074c0c13) addi    s8, s8, 116
core   0: 3 0x000000008000400c (0x074c0c13) x24 0x000000008000607c
core   0: 0x0000000080004010 (0x000c00e7) jalr    s8
core   0: 3 0x0000000080004010 (0x000c00e7) x1  0x0000000080004014
core   0: >>>>  any_handler
core   0: 0x000000008000607c (0x341027f3) csrrs   a5, mepc, zero
core   0: 3 0x000000008000607c (0x341027f3) x15 0x0000000080005352
core   0: 0x0000000080006080 (0x34202773) csrrs   a4, mcause, zero
core   0: 3 0x0000000080006080 (0x34202773) x14 0x0000000000000002
core   0: 0x0000000080006084 (0x142026f3) csrrs   a3, scause, zero
core   0: 3 0x0000000080006084 (0x142026f3) x13 0x0000000000000000
core   0: 0x0000000080006088 (0x30402673) csrrs   a2, mie, zero
core   0: 3 0x0000000080006088 (0x30402673) x12 0x0000000000000a00
core   0: 0x000000008000608c (0x344025f3) csrrs   a1, mip, zero
core   0: 3 0x000000008000608c (0x344025f3) x11 0x0000000000000080
core   0: 0x0000000080006090 (0x343025f3) csrrs   a1, mtval, zero
core   0: 3 0x0000000080006090 (0x343025f3) x11 0x00000000f11057f3
core   0: 0x0000000080006094 (0x14302573) csrrs   a0, stval, zero
core   0: 3 0x0000000080006094 (0x14302573) x10 0x0000000000000000
core   0: 0x0000000080006098 (0xb02024f3) csrrs   s1, minstret, zero
core   0: 3 0x0000000080006098 (0xb02024f3) x9  0x0000000000000e49
core   0: 0x000000008000609c (0x0000a811) c.j     pc + 20
core   0: 3 0x000000008000609c (0xa811)
core   0: >>>>  mepc_4
core   0: 0x00000000800060b0 (0x00000791) c.addi  a5, 4
core   0: 3 0x00000000800060b0 (0x0791) x15 0x0000000080005356
core   0: 0x00000000800060b2 (0x34179073) csrrw   zero, mepc, a5
core   0: 3 0x00000000800060b2 (0x34179073) c833_mepc 0x0000000080005356
core   0: 0x00000000800060b6 (0x30200073) mret
core   0: 3 0x00000000800060b6 (0x30200073) c768_mstatus 0x8000000a00106080
core   0: 0x0000000080005356 (0x4002501b) sraiw   zero, tp, 0
core   0: 1 0x0000000080005356 (0x4002501b)
core   0: 0x000000008000535a (0x00215993) srli    s3, sp, 2
core   0: 1 0x000000008000535a (0x00215993) x19 0x0000000000000000
core   0: 0x000000008000535e (0x002e9ef3) csrrw   t4, frm, t4
core   0: 1 0x000000008000535e (0x002e9ef3) x29 0x0000000000000001 c2_frm 0x0000000000000000
core   0: 0x0000000080005362 (0x03a2dd33) divu    s10, t0, s10
core   0: 1 0x0000000080005362 (0x03a2dd33) x26 0x0000000000000000
core   0: 0x0000000080005366 (0x01c9d5b3) srl     a1, s3, t3
core   0: 1 0x0000000080005366 (0x01c9d5b3) x11 0x0000000000000000
core   0: 0x000000008000536a (0x02b963b3) rem     t2, s2, a1
core   0: 1 0x000000008000536a (0x02b963b3) x7  0x00000000000007ff
core   0: 0x000000008000536e (0xc033fb53) fcvt.lu.s s6, ft7
core   0: 1 0x000000008000536e (0xc033fb53) c1_fflags 0x0000000000000011 x22 0xffffffffffffffff
core   0: 0x0000000080005372 (0x000092fd) c.srli  a3, 63
core   0: 1 0x0000000080005372 (0x92fd) x13 0x0000000000000000
core   0: 0x0000000080005374 (0x02d6de33) divu    t3, a3, a3
core   0: 1 0x0000000080005374 (0x02d6de33) x28 0xffffffffffffffff
core   0: 0x0000000080005378 (0x03427233) remu    tp, tp, s4
core   0: 1 0x0000000080005378 (0x03427233) x4  0x0000000000000000
core   0: 0x000000008000537c (0xacf88393) addi    t2, a7, -1329
core   0: 1 0x000000008000537c (0xacf88393) x7  0xfffffffffffffacf
core   0: 0x0000000080005380 (0xf1196273) csrrsi  tp, mvendorid, 18
core   0: exception trap_illegal_instruction, epc 0x0000000080005380
core   0:           tval 0x00000000f1196273
core   0: >>>>  $xrv64i2p1_m2p0_a2p1_f2p2_d2p2_zicsr2p0_zifencei2p0_zmmul1p0_zba1p0_zbb1p0_zbc1p0_zbs1p0
core   0: 0x0000000080004000 (0x0080006f) j       pc + 0x8
core   0: 3 0x0000000080004000 (0x0080006f)
core   0: >>>>  mmode_exception_handler
core   0: 0x0000000080004008 (0x00002c17) auipc   s8, 0x2
core   0: 3 0x0000000080004008 (0x00002c17) x24 0x0000000080006008
core   0: 0x000000008000400c (0x074c0c13) addi    s8, s8, 116
core   0: 3 0x000000008000400c (0x074c0c13) x24 0x000000008000607c
core   0: 0x0000000080004010 (0x000c00e7) jalr    s8
core   0: 3 0x0000000080004010 (0x000c00e7) x1  0x0000000080004014
core   0: >>>>  any_handler
core   0: 0x000000008000607c (0x341027f3) csrrs   a5, mepc, zero
core   0: 3 0x000000008000607c (0x341027f3) x15 0x0000000080005380
core   0: 0x0000000080006080 (0x34202773) csrrs   a4, mcause, zero
core   0: 3 0x0000000080006080 (0x34202773) x14 0x0000000000000002
core   0: 0x0000000080006084 (0x142026f3) csrrs   a3, scause, zero
core   0: 3 0x0000000080006084 (0x142026f3) x13 0x0000000000000000
core   0: 0x0000000080006088 (0x30402673) csrrs   a2, mie, zero
core   0: 3 0x0000000080006088 (0x30402673) x12 0x0000000000000a00
core   0: 0x000000008000608c (0x344025f3) csrrs   a1, mip, zero
core   0: 3 0x000000008000608c (0x344025f3) x11 0x0000000000000080
core   0: 0x0000000080006090 (0x343025f3) csrrs   a1, mtval, zero
core   0: 3 0x0000000080006090 (0x343025f3) x11 0x00000000f1196273
core   0: 0x0000000080006094 (0x14302573) csrrs   a0, stval, zero
core   0: 3 0x0000000080006094 (0x14302573) x10 0x0000000000000000
core   0: 0x0000000080006098 (0xb02024f3) csrrs   s1, minstret, zero
core   0: 3 0x0000000080006098 (0xb02024f3) x9  0x0000000000000e64
core   0: 0x000000008000609c (0x0000a811) c.j     pc + 20
core   0: 3 0x000000008000609c (0xa811)
core   0: >>>>  mepc_4
core   0: 0x00000000800060b0 (0x00000791) c.addi  a5, 4
core   0: 3 0x00000000800060b0 (0x0791) x15 0x0000000080005384
core   0: 0x00000000800060b2 (0x34179073) csrrw   zero, mepc, a5
core   0: 3 0x00000000800060b2 (0x34179073) c833_mepc 0x0000000080005384
core   0: 0x00000000800060b6 (0x30200073) mret
core   0: 3 0x00000000800060b6 (0x30200073) c768_mstatus 0x8000000a00106080
core   0: 0x0000000080005384 (0x019292b3) sll     t0, t0, s9
core   0: 1 0x0000000080005384 (0x019292b3) x5  0x0000000000000001
core   0: 0x0000000080005388 (0x3331f6c3) fmadd.d fa3, ft3, fs3, ft6
core   0: 1 0x0000000080005388 (0x3331f6c3) f13 0x7ff8000000000000
core   0: 0x000000008000538c (0x419c8d33) sub     s10, s9, s9
core   0: 1 0x000000008000538c (0x419c8d33) x26 0x0000000000000000
core   0: 0x0000000080005390 (0x1a72f54b) fnmsub.d fa0, ft5, ft7, ft3
core   0: 1 0x0000000080005390 (0x1a72f54b) f10 0x7ff8000000000000
core   0: 0x0000000080005394 (0x5037c413) xori    s0, a5, 1283
core   0: 1 0x0000000080005394 (0x5037c413) x8  0x0000000080005687
core   0: 0x0000000080005398 (0x028eb0b3) mulhu   ra, t4, s0
core   0: 1 0x0000000080005398 (0x028eb0b3) x1  0x0000000000000000
core   0: 0x000000008000539c (0x82d97343) fmadd.d ft6, fs2, fa3, fa6
core   0: 1 0x000000008000539c (0x82d97343) f6  0x7ff8000000000000
core   0: 0x00000000800053a0 (0xd22c7b53) fcvt.d.l fs6, s8
core   0: 1 0x00000000800053a0 (0xd22c7b53) f22 0x41e0000c0f800000
core   0: 0x00000000800053a4 (0x00679333) sll     t1, a5, t1
core   0: 1 0x00000000800053a4 (0x00679333) x6  0x0000000080005384
core   0: 0x00000000800053a8 (0x67d9e713) ori     a4, s3, 1661
core   0: 1 0x00000000800053a8 (0x67d9e713) x14 0x000000000000067d
core   0: 0x00000000800053ac (0x22f782d3) fsgnj.d ft5, fa5, fa5
core   0: 1 0x00000000800053ac (0x22f782d3) f5  0xffffffff44ffe000
core   0: 0x00000000800053b0 (0xa3508353) fle.d   t1, ft1, fs5
core   0: 1 0x00000000800053b0 (0xa3508353) c1_fflags 0x0000000000000011 x6  0x0000000000000000
core   0: 0x00000000800053b4 (0x23c59e53) fsgnjn.d ft8, fa1, ft8
core   0: 1 0x00000000800053b4 (0x23c59e53) f28 0x8000000000000000
core   0: 0x00000000800053b8 (0x026db433) mulhu   s0, s11, t1
core   0: 1 0x00000000800053b8 (0x026db433) x8  0x0000000000000000
core   0: 0x00000000800053bc (0x00065e13) srli    t3, a2, 0
core   0: 1 0x00000000800053bc (0x00065e13) x28 0x0000000000000a00
core   0: 0x00000000800053c0 (0x0071999b) slliw   s3, gp, 7
core   0: 1 0x00000000800053c0 (0x0071999b) x19 0xfffffffff4ffa080
core   0: 0x00000000800053c4 (0xd789fa93) andi    s5, s3, -648
core   0: 1 0x00000000800053c4 (0xd789fa93) x21 0xfffffffff4ffa000
core   0: 0x00000000800053c8 (0x00000001) c.nop
core   0: 1 0x00000000800053c8 (0x0001)
core   0: 0x00000000800053ca (0x43f3d113) srai    sp, t2, 63
core   0: 1 0x00000000800053ca (0x43f3d113) x2  0xffffffffffffffff
core   0: 0x00000000800053ce (0x4013f3d3) fcvt.s.d ft7, ft7
core   0: 1 0x00000000800053ce (0x4013f3d3) f7  0xffffffff00000000
core   0: 0x00000000800053d2 (0x4055d19b) sraiw   gp, a1, 5
core   0: 1 0x00000000800053d2 (0x4055d19b) x3  0xffffffffff88cb13
core   0: 0x00000000800053d6 (0x0300c4bb) divw    s1, ra, a6
core   0: 1 0x00000000800053d6 (0x0300c4bb) x9  0x0000000000000000
core   0: 0x00000000800053da (0x013d9b13) slli    s6, s11, 19
core   0: 1 0x00000000800053da (0x013d9b13) x22 0x0000000000000000
core   0: 0x00000000800053de (0xd229f153) fcvt.d.l ft2, s3
core   0: 1 0x00000000800053de (0xd229f153) f2  0xc1a600bf00000000
core   0: 0x00000000800053e2 (0x420e0e53) fcvt.d.s ft8, ft8
core   0: 1 0x00000000800053e2 (0x420e0e53) f28 0x7ff8000000000000
core   0: 0x00000000800053e6 (0xd23df753) fcvt.d.lu fa4, s11
core   0: 1 0x00000000800053e6 (0xd23df753) f14 0x0000000000000000
core   0: 0x00000000800053ea (0x8007eb93) ori     s7, a5, -2048
core   0: 1 0x00000000800053ea (0x8007eb93) x23 0xfffffffffffffb84
core   0: 0x00000000800053ee (0x235a8ad3) fsgnj.d fs5, fs5, fs5
core   0: 1 0x00000000800053ee (0x235a8ad3) f21 0x7ff8000000000000
core   0: 0x00000000800053f2 (0x12eafd53) fmul.d  fs10, fs5, fa4
core   0: 1 0x00000000800053f2 (0x12eafd53) f26 0x7ff8000000000000
core   0: 0x00000000800053f6 (0x4177d0b3) sra     ra, a5, s7
core   0: 1 0x00000000800053f6 (0x4177d0b3) x1  0x0000000008000538
core   0: 0x00000000800053fa (0x02f8783b) remuw   a6, a6, a5
core   0: 1 0x00000000800053fa (0x02f8783b) x16 0x000000007fffac7b
core   0: 0x00000000800053fe (0x010bd03b) srlw    zero, s7, a6
core   0: 1 0x00000000800053fe (0x010bd03b)
core   0: 0x0000000080005402 (0x01805eb3) srl     t4, zero, s8
core   0: 1 0x0000000080005402 (0x01805eb3) x29 0x0000000000000000
core   0: 0x0000000080005406 (0x41840e33) sub     t3, s0, s8
core   0: 1 0x0000000080005406 (0x41840e33) x28 0xffffffff7fff9f84
core   0: 0x000000008000540a (0x41f4d01b) sraiw   zero, s1, 31
core   0: 1 0x000000008000540a (0x41f4d01b)
core   0: 0x000000008000540e (0x0a65f253) fsub.d  ft4, fa1, ft6
core   0: 1 0x000000008000540e (0x0a65f253) f4  0x7ff8000000000000
core   0: 0x0000000080005412 (0x400ad41b) sraiw   s0, s5, 0
core   0: 1 0x0000000080005412 (0x400ad41b) x8  0xfffffffff4ffa000
core   0: 0x0000000080005416 (0x2a4d9653) fmax.d  fa2, fs11, ft4
core   0: 1 0x0000000080005416 (0x2a4d9653) f12 0x0000000000000000
core   0: 0x000000008000541a (0x4101083b) subw    a6, sp, a6
core   0: 1 0x000000008000541a (0x4101083b) x16 0xffffffff80005384
core   0: 0x000000008000541e (0x007d03bb) addw    t2, s10, t2
core   0: 1 0x000000008000541e (0x007d03bb) x7  0xfffffffffffffacf
core   0: 0x0000000080005422 (0x0388f5b3) remu    a1, a7, s8
core   0: 1 0x0000000080005422 (0x0388f5b3) x11 0x0000000000000000
core   0: 0x0000000080005426 (0x03dec0b3) div     ra, t4, t4
core   0: 1 0x0000000080005426 (0x03dec0b3) x1  0xffffffffffffffff
core   0: 0x000000008000542a (0x4173d33b) sraw    t1, t2, s7
core   0: 1 0x000000008000542a (0x4173d33b) x6  0xffffffffffffffac
core   0: 0x000000008000542e (0x1331fdd3) fmul.d  fs11, ft3, fs3
core   0: 1 0x000000008000542e (0x1331fdd3) f27 0x7ff8000000000000
core   0: 0x0000000080005432 (0x00059733) sll     a4, a1, zero
core   0: 1 0x0000000080005432 (0x00059733) x14 0x0000000000000000
core   0: 0x0000000080005436 (0x02e5603b) remw    zero, a0, a4
core   0: 1 0x0000000080005436 (0x02e5603b)
core   0: 0x000000008000543a (0x41b181bb) subw    gp, gp, s11
core   0: 1 0x000000008000543a (0x41b181bb) x3  0xffffffffff88cb13
core   0: 0x000000008000543e (0x0af97053) fsub.d  ft0, fs2, fa5
core   0: 1 0x000000008000543e (0x0af97053) f0  0x7ff8000000000000
core   0: 0x0000000080005442 (0x1376f953) fmul.d  fs2, fa3, fs7
core   0: 1 0x0000000080005442 (0x1376f953) f18 0x7ff8000000000000
core   0: 0x0000000080005446 (0x00426233) or      tp, tp, tp
core   0: 1 0x0000000080005446 (0x00426233) x4  0x0000000000000000
core   0: 0x000000008000544a (0x0ba57153) fsub.d  ft2, fa0, fs10
core   0: 1 0x000000008000544a (0x0ba57153) f2  0x7ff8000000000000
core   0: 0x000000008000544e (0x5273fac7) fmsub.d fs5, ft7, ft7, fa0
core   0: 1 0x000000008000544e (0x5273fac7) f21 0x7ff8000000000000
core   0: 0x0000000080005452 (0x02070ab3) mul     s5, a4, zero
core   0: 1 0x0000000080005452 (0x02070ab3) x21 0x0000000000000000
core   0: 0x0000000080005456 (0xd20d88d3) fcvt.d.w fa7, s11
core   0: 1 0x0000000080005456 (0xd20d88d3) f17 0x0000000000000000
core   0: 0x000000008000545a (0x0190acb3) slt     s9, ra, s9
core   0: 1 0x000000008000545a (0x0190acb3) x25 0x0000000000000001
core   0: 0x000000008000545e (0x41aeda3b) sraw    s4, t4, s10
core   0: 1 0x000000008000545e (0x41aeda3b) x20 0x0000000000000000
core   0: 0x0000000080005462 (0x038cc233) div     tp, s9, s8
core   0: 1 0x0000000080005462 (0x038cc233) x4  0x0000000000000000
core   0: 0x0000000080005466 (0xd238f6d3) fcvt.d.lu fa3, a7
core   0: 1 0x0000000080005466 (0xd238f6d3) f13 0x0000000000000000
core   0: 0x000000008000546a (0x00089c1b) slliw   s8, a7, 0
core   0: 1 0x000000008000546a (0x00089c1b) x24 0x0000000000000000
core   0: 0x000000008000546e (0x266c0413) addi    s0, s8, 614
core   0: 1 0x000000008000546e (0x266c0413) x8  0x0000000000000266
core   0: 0x0000000080005472 (0x018b563b) srlw    a2, s6, s8
core   0: 1 0x0000000080005472 (0x018b563b) x12 0x0000000000000000
core   0: 0x0000000080005476 (0xd02c7053) fcvt.s.l ft0, s8
core   0: 1 0x0000000080005476 (0xd02c7053) f0  0xffffffff00000000
core   0: 0x000000008000547a (0x001c0d9b) addiw   s11, s8, 1
core   0: 1 0x000000008000547a (0x001c0d9b) x27 0x0000000000000001
core   0: 0x000000008000547e (0x40800ab3) sub     s5, zero, s0
core   0: 1 0x000000008000547e (0x40800ab3) x21 0xfffffffffffffd9a
core   0: 0x0000000080005482 (0x0b0af153) fsub.d  ft2, fs5, fa6
core   0: 1 0x0000000080005482 (0x0b0af153) f2  0x7ff8000000000000
core   0: 0x0000000080005486 (0xc03bf053) fcvt.lu.s zero, fs7
core   0: 1 0x0000000080005486 (0xc03bf053) c1_fflags 0x0000000000000011
core   0: 0x000000008000548a (0x0ff0000f) fence   iorw,iorw
core   0: 1 0x000000008000548a (0x0ff0000f)
core   0: 0x000000008000548e (0x00000001) c.nop
core   0: 1 0x000000008000548e (0x0001)
core   0: 0x0000000080005490 (0xd022f053) fcvt.s.l ft0, t0
core   0: 1 0x0000000080005490 (0xd022f053) f0  0xffffffff3f800000
core   0: 0x0000000080005494 (0xc2347a53) fcvt.lu.d s4, fs0
core   0: 1 0x0000000080005494 (0xc2347a53) c1_fflags 0x0000000000000011 x20 0xffffffffffffffff
core   0: 0x0000000080005498 (0xd22cfb53) fcvt.d.l fs6, s9
core   0: 1 0x0000000080005498 (0xd22cfb53) f22 0x3ff0000000000000
core   0: 0x000000008000549c (0xd20d8fd3) fcvt.d.w ft11, s11
core   0: 1 0x000000008000549c (0xd20d8fd3) f31 0x3ff0000000000000
core   0: 0x00000000800054a0 (0x0011013b) addw    sp, sp, ra
core   0: 1 0x00000000800054a0 (0x0011013b) x2  0xfffffffffffffffe
core   0: 0x00000000800054a4 (0x017d7d33) and     s10, s10, s7
core   0: 1 0x00000000800054a4 (0x017d7d33) x26 0x0000000000000000
core   0: 0x00000000800054a8 (0xf2040c53) fmv.d.x fs8, s0
core   0: 1 0x00000000800054a8 (0xf2040c53) f24 0x0000000000000266
core   0: 0x00000000800054ac (0x03f2d293) srli    t0, t0, 63
core   0: 1 0x00000000800054ac (0x03f2d293) x5  0x0000000000000000
core   0: 0x00000000800054b0 (0x0387debb) divuw   t4, a5, s8
core   0: 1 0x00000000800054b0 (0x0387debb) x29 0xffffffffffffffff
core   0: 0x00000000800054b4 (0x0e67e693) ori     a3, a5, 230
core   0: 1 0x00000000800054b4 (0x0e67e693) x13 0x00000000800053e6
core   0: 0x00000000800054b8 (0x00000001) c.nop
core   0: 1 0x00000000800054b8 (0x0001)
core   0: 0x00000000800054ba (0xdde4f993) andi    s3, s1, -546
core   0: 1 0x00000000800054ba (0xdde4f993) x19 0x0000000000000000
core   0: 0x00000000800054be (0x01b6e6b3) or      a3, a3, s11
core   0: 1 0x00000000800054be (0x01b6e6b3) x13 0x00000000800053e7
core   0: 0x00000000800054c2 (0x0330d113) srli    sp, ra, 51
core   0: 1 0x00000000800054c2 (0x0330d113) x2  0x0000000000001fff
core   0: 0x00000000800054c6 (0x00000001) c.nop
core   0: 1 0x00000000800054c6 (0x0001)
core   0: 0x00000000800054c8 (0x30611773) csrrw   a4, mcounteren, sp
core   0: exception trap_illegal_instruction, epc 0x00000000800054c8
core   0:           tval 0x0000000030611773
core   0: >>>>  $xrv64i2p1_m2p0_a2p1_f2p2_d2p2_zicsr2p0_zifencei2p0_zmmul1p0_zba1p0_zbb1p0_zbc1p0_zbs1p0
core   0: 0x0000000080004000 (0x0080006f) j       pc + 0x8
core   0: 3 0x0000000080004000 (0x0080006f)
core   0: >>>>  mmode_exception_handler
core   0: 0x0000000080004008 (0x00002c17) auipc   s8, 0x2
core   0: 3 0x0000000080004008 (0x00002c17) x24 0x0000000080006008
core   0: 0x000000008000400c (0x074c0c13) addi    s8, s8, 116
core   0: 3 0x000000008000400c (0x074c0c13) x24 0x000000008000607c
core   0: 0x0000000080004010 (0x000c00e7) jalr    s8
core   0: 3 0x0000000080004010 (0x000c00e7) x1  0x0000000080004014
core   0: >>>>  any_handler
core   0: 0x000000008000607c (0x341027f3) csrrs   a5, mepc, zero
core   0: 3 0x000000008000607c (0x341027f3) x15 0x00000000800054c8
core   0: 0x0000000080006080 (0x34202773) csrrs   a4, mcause, zero
core   0: 3 0x0000000080006080 (0x34202773) x14 0x0000000000000002
core   0: 0x0000000080006084 (0x142026f3) csrrs   a3, scause, zero
core   0: 3 0x0000000080006084 (0x142026f3) x13 0x0000000000000000
core   0: 0x0000000080006088 (0x30402673) csrrs   a2, mie, zero
core   0: 3 0x0000000080006088 (0x30402673) x12 0x0000000000000a00
core   0: 0x000000008000608c (0x344025f3) csrrs   a1, mip, zero
core   0: 3 0x000000008000608c (0x344025f3) x11 0x0000000000000080
core   0: 0x0000000080006090 (0x343025f3) csrrs   a1, mtval, zero
core   0: 3 0x0000000080006090 (0x343025f3) x11 0x0000000030611773
core   0: 0x0000000080006094 (0x14302573) csrrs   a0, stval, zero
core   0: 3 0x0000000080006094 (0x14302573) x10 0x0000000000000000
core   0: 0x0000000080006098 (0xb02024f3) csrrs   s1, minstret, zero
core   0: 3 0x0000000080006098 (0xb02024f3) x9  0x0000000000000ec7
core   0: 0x000000008000609c (0x0000a811) c.j     pc + 20
core   0: 3 0x000000008000609c (0xa811)
core   0: >>>>  mepc_4
core   0: 0x00000000800060b0 (0x00000791) c.addi  a5, 4
core   0: 3 0x00000000800060b0 (0x0791) x15 0x00000000800054cc
core   0: 0x00000000800060b2 (0x34179073) csrrw   zero, mepc, a5
core   0: 3 0x00000000800060b2 (0x34179073) c833_mepc 0x00000000800054cc
core   0: 0x00000000800060b6 (0x30200073) mret
core   0: 3 0x00000000800060b6 (0x30200073) c768_mstatus 0x8000000a00106080
core   0: 0x00000000800054cc (0x41975cb3) sra     s9, a4, s9
core   0: 1 0x00000000800054cc (0x41975cb3) x25 0x0000000000000001
core   0: 0x00000000800054d0 (0x400cda13) srai    s4, s9, 0
core   0: 1 0x00000000800054d0 (0x400cda13) x20 0x0000000000000001
core   0: 0x00000000800054d4 (0x0231a733) mulhsu  a4, gp, gp
core   0: 1 0x00000000800054d4 (0x0231a733) x14 0xffffffffff88cb13
core   0: 0x00000000800054d8 (0x0032d1b3) srl     gp, t0, gp
core   0: 1 0x00000000800054d8 (0x0032d1b3) x3  0x0000000000000000
core   0: 0x00000000800054dc (0x65b20213) addi    tp, tp, 1627
core   0: 1 0x00000000800054dc (0x65b20213) x4  0x000000000000065b
core   0: 0x00000000800054e0 (0xd037fb53) fcvt.s.lu fs6, a5
core   0: 1 0x00000000800054e0 (0xd037fb53) c1_fflags 0x0000000000000011 f22 0xffffffff4f000055
core   0: 0x00000000800054e4 (0x00000001) c.nop
core   0: 1 0x00000000800054e4 (0x0001)
core   0: 0x00000000800054e6 (0x0ff0000f) fence   iorw,iorw
core   0: 1 0x00000000800054e6 (0x0ff0000f)
core   0: 0x00000000800054ea (0x026161b3) rem     gp, sp, t1
core   0: 1 0x00000000800054ea (0x026161b3) x3  0x000000000000002b
core   0: 0x00000000800054ee (0xd039f153) fcvt.s.lu ft2, s3
core   0: 1 0x00000000800054ee (0xd039f153) f2  0xffffffff00000000
core   0: 0x00000000800054f2 (0x34283273) csrrc   tp, mcause, a6
core   0: exception trap_illegal_instruction, epc 0x00000000800054f2
core   0:           tval 0x0000000034283273
core   0: >>>>  $xrv64i2p1_m2p0_a2p1_f2p2_d2p2_zicsr2p0_zifencei2p0_zmmul1p0_zba1p0_zbb1p0_zbc1p0_zbs1p0
core   0: 0x0000000080004000 (0x0080006f) j       pc + 0x8
core   0: 3 0x0000000080004000 (0x0080006f)
core   0: >>>>  mmode_exception_handler
core   0: 0x0000000080004008 (0x00002c17) auipc   s8, 0x2
core   0: 3 0x0000000080004008 (0x00002c17) x24 0x0000000080006008
core   0: 0x000000008000400c (0x074c0c13) addi    s8, s8, 116
core   0: 3 0x000000008000400c (0x074c0c13) x24 0x000000008000607c
core   0: 0x0000000080004010 (0x000c00e7) jalr    s8
core   0: 3 0x0000000080004010 (0x000c00e7) x1  0x0000000080004014
core   0: >>>>  any_handler
core   0: 0x000000008000607c (0x341027f3) csrrs   a5, mepc, zero
core   0: 3 0x000000008000607c (0x341027f3) x15 0x00000000800054f2
core   0: 0x0000000080006080 (0x34202773) csrrs   a4, mcause, zero
core   0: 3 0x0000000080006080 (0x34202773) x14 0x0000000000000002
core   0: 0x0000000080006084 (0x142026f3) csrrs   a3, scause, zero
core   0: 3 0x0000000080006084 (0x142026f3) x13 0x0000000000000000
core   0: 0x0000000080006088 (0x30402673) csrrs   a2, mie, zero
core   0: 3 0x0000000080006088 (0x30402673) x12 0x0000000000000a00
core   0: 0x000000008000608c (0x344025f3) csrrs   a1, mip, zero
core   0: 3 0x000000008000608c (0x344025f3) x11 0x0000000000000080
core   0: 0x0000000080006090 (0x343025f3) csrrs   a1, mtval, zero
core   0: 3 0x0000000080006090 (0x343025f3) x11 0x0000000034283273
core   0: 0x0000000080006094 (0x14302573) csrrs   a0, stval, zero
core   0: 3 0x0000000080006094 (0x14302573) x10 0x0000000000000000
core   0: 0x0000000080006098 (0xb02024f3) csrrs   s1, minstret, zero
core   0: 3 0x0000000080006098 (0xb02024f3) x9  0x0000000000000ee1
core   0: 0x000000008000609c (0x0000a811) c.j     pc + 20
core   0: 3 0x000000008000609c (0xa811)
core   0: >>>>  mepc_4
core   0: 0x00000000800060b0 (0x00000791) c.addi  a5, 4
core   0: 3 0x00000000800060b0 (0x0791) x15 0x00000000800054f6
core   0: 0x00000000800060b2 (0x34179073) csrrw   zero, mepc, a5
core   0: 3 0x00000000800060b2 (0x34179073) c833_mepc 0x00000000800054f6
core   0: 0x00000000800060b6 (0x30200073) mret
core   0: 3 0x00000000800060b6 (0x30200073) c768_mstatus 0x8000000a00106080
core   0: 0x00000000800054f6 (0x55f08c1b) addiw   s8, ra, 1375
core   0: 1 0x00000000800054f6 (0x55f08c1b) x24 0xffffffff80004573
core   0: 0x00000000800054fa (0x039b1893) slli    a7, s6, 57
core   0: 1 0x00000000800054fa (0x039b1893) x17 0x0000000000000000
core   0: 0x00000000800054fe (0xd022f0d3) fcvt.s.l ft1, t0
core   0: 1 0x00000000800054fe (0xd022f0d3) f1  0xffffffff00000000
core   0: 0x0000000080005502 (0xc22f7a53) fcvt.l.d s4, ft10
core   0: 1 0x0000000080005502 (0xc22f7a53) c1_fflags 0x0000000000000011 x20 0x7fffffffffffffff
core   0: 0x0000000080005506 (0x034a1233) mulh    tp, s4, s4
core   0: 1 0x0000000080005506 (0x034a1233) x4  0x3fffffffffffffff
core   0: 0x000000008000550a (0x017cd69b) srliw   a3, s9, 23
core   0: 1 0x000000008000550a (0x017cd69b) x13 0x0000000000000000
core   0: 0x000000008000550e (0x00036db3) or      s11, t1, zero
core   0: 1 0x000000008000550e (0x00036db3) x27 0xffffffffffffffac
core   0: 0x0000000080005512 (0xd55df213) andi    tp, s11, -683
core   0: 1 0x0000000080005512 (0xd55df213) x4  0xfffffffffffffd04
core   0: 0x0000000080005516 (0x06368437) lui     s0, 0x6368
core   0: 1 0x0000000080005516 (0x06368437) x8  0x0000000006368000
core   0: 0x000000008000551a (0xfbf4041b) addiw   s0, s0, -65
core   0: 1 0x000000008000551a (0xfbf4041b) x8  0x0000000006367fbf
core   0: 0x000000008000551e (0x00000432) c.slli  s0, 12
core   0: 1 0x000000008000551e (0x0432) x8  0x0000006367fbf000
core   0: 0x0000000080005520 (0x97d40413) addi    s0, s0, -1667
core   0: 1 0x0000000080005520 (0x97d40413) x8  0x0000006367fbe97d
core   0: 0x0000000080005524 (0x0ff0000f) fence   iorw,iorw
core   0: 1 0x0000000080005524 (0x0ff0000f)
core   0: 0x0000000080005528 (0x02b6753b) remuw   a0, a2, a1
core   0: 1 0x0000000080005528 (0x02b6753b) x10 0x0000000000000a00
core   0: 0x000000008000552c (0x2a181c53) fmax.d  fs8, fa6, ft1
core   0: 1 0x000000008000552c (0x2a181c53) f24 0x7ff8000000000000
core   0: 0x0000000080005530 (0x01b8d6bb) srlw    a3, a7, s11
core   0: 1 0x0000000080005530 (0x01b8d6bb) x13 0x0000000000000000
core   0: 0x0000000080005534 (0xfc81aeb7) lui     t4, 0xfc81a
core   0: 1 0x0000000080005534 (0xfc81aeb7) x29 0xfffffffffc81a000
core   0: 0x0000000080005538 (0xd8be8e9b) addiw   t4, t4, -629
core   0: 1 0x0000000080005538 (0xd8be8e9b) x29 0xfffffffffc819d8b
core   0: 0x000000008000553c (0x00000eb6) c.slli  t4, 13
core   0: 1 0x000000008000553c (0x0eb6) x29 0xffffff9033b16000
core   0: 0x000000008000553e (0x15be8e93) addi    t4, t4, 347
core   0: 1 0x000000008000553e (0x15be8e93) x29 0xffffff9033b1615b
core   0: 0x0000000080005542 (0x006e9b9b) slliw   s7, t4, 6
core   0: 1 0x0000000080005542 (0x006e9b9b) x23 0xffffffffec5856c0
core   0: 0x0000000080005546 (0xd2180fd3) fcvt.d.wu ft11, a6
core   0: 1 0x0000000080005546 (0xd2180fd3) f31 0x41e0000a70800000
core   0: 0x000000008000554a (0xd023f1d3) fcvt.s.l ft3, t2
core   0: 1 0x000000008000554a (0xd023f1d3) f3  0xffffffffc4a62000
core   0: 0x000000008000554e (0xc201f853) fcvt.w.d a6, ft3
core   0: 1 0x000000008000554e (0xc201f853) c1_fflags 0x0000000000000011 x16 0x000000007fffffff
core   0: 0x0000000080005552 (0x001898f3) csrrw   a7, fflags, a7
core   0: 1 0x0000000080005552 (0x001898f3) x17 0x0000000000000011 c1_fflags 0x0000000000000000
core   0: 0x0000000080005556 (0x0196acb3) slt     s9, a3, s9
core   0: 1 0x0000000080005556 (0x0196acb3) x25 0x0000000000000001
core   0: 0x000000008000555a (0x42060c53) fcvt.d.s fs8, fa2
core   0: 1 0x000000008000555a (0x42060c53) f24 0x7ff8000000000000
core   0: 0x000000008000555e (0x00c3e3b3) or      t2, t2, a2
core   0: 1 0x000000008000555e (0x00c3e3b3) x7  0xfffffffffffffacf
core   0: 0x0000000080005562 (0x02d22033) mulhsu  zero, tp, a3
core   0: 1 0x0000000080005562 (0x02d22033)
core   0: 0x0000000080005566 (0x0017529b) srliw   t0, a4, 1
core   0: 1 0x0000000080005566 (0x0017529b) x5  0x0000000000000001
core   0: 0x000000008000556a (0x5a02fa53) fsqrt.d fs4, ft5
core   0: 1 0x000000008000556a (0x5a02fa53) f20 0x7ff8000000000000
core   0: 0x000000008000556e (0x00532133) slt     sp, t1, t0
core   0: 1 0x000000008000556e (0x00532133) x2  0x0000000000000001
core   0: 0x0000000080005572 (0xfffd869b) addiw   a3, s11, -1
core   0: 1 0x0000000080005572 (0xfffd869b) x13 0xffffffffffffffab
core   0: 0x0000000080005576 (0x234d88d3) fsgnj.d fa7, fs11, fs4
core   0: 1 0x0000000080005576 (0x234d88d3) f17 0x7ff8000000000000
core   0: 0x000000008000557a (0x40c6863b) subw    a2, a3, a2
core   0: 1 0x000000008000557a (0x40c6863b) x12 0xfffffffffffff5ab
core   0: 0x000000008000557e (0x001318f3) csrrw   a7, fflags, t1
core   0: 1 0x000000008000557e (0x001318f3) x17 0x0000000000000000 c1_fflags 0x000000000000000c
core   0: 0x0000000080005582 (0xabe8facf) fnmadd.d fs5, fa7, ft10, fs5
core   0: 1 0x0000000080005582 (0xabe8facf) f21 0x7ff8000000000000
core   0: 0x0000000080005586 (0x01c304bb) addw    s1, t1, t3
core   0: 1 0x0000000080005586 (0x01c304bb) x9  0x000000007fff9f30
core   0: 0x000000008000558a (0x00102e73) csrrs   t3, fflags, zero
core   0: 1 0x000000008000558a (0x00102e73) x28 0x000000000000000c
core   0: 0x000000008000558e (0x005a8dbb) addw    s11, s5, t0
core   0: 1 0x000000008000558e (0x005a8dbb) x27 0xfffffffffffffd9b
core   0: 0x0000000080005592 (0x9eae019b) addiw   gp, t3, -1558
core   0: 1 0x0000000080005592 (0x9eae019b) x3  0xfffffffffffff9f6
core   0: 0x0000000080005596 (0x00354833) xor     a6, a0, gp
core   0: 1 0x0000000080005596 (0x00354833) x16 0xfffffffffffff3f6
core   0: 0x000000008000559a (0xc21a73d3) fcvt.wu.d t2, fs4
core   0: 1 0x000000008000559a (0xc21a73d3) c1_fflags 0x000000000000001c x7  0xffffffffffffffff
core   0: 0x000000008000559e (0x1ae77143) fmadd.d ft2, fa4, fa4, ft3
core   0: 1 0x000000008000559e (0x1ae77143) f2  0x7ff8000000000000
core   0: 0x00000000800055a2 (0x00000001) c.nop
core   0: 1 0x00000000800055a2 (0x0001)
core   0: 0x00000000800055a4 (0xd20706d3) fcvt.d.w fa3, a4
core   0: 1 0x00000000800055a4 (0xd20706d3) f13 0x4000000000000000
core   0: 0x00000000800055a8 (0x4103d79b) sraiw   a5, t2, 16
core   0: 1 0x00000000800055a8 (0x4103d79b) x15 0xffffffffffffffff
core   0: 0x00000000800055ac (0x0107933b) sllw    t1, a5, a6
core   0: 1 0x00000000800055ac (0x0107933b) x6  0xffffffffffc00000
core   0: 0x00000000800055b0 (0x03a20cbb) mulw    s9, tp, s10
core   0: 1 0x00000000800055b0 (0x03a20cbb) x25 0x0000000000000000
core   0: 0x00000000800055b4 (0x039eadb3) mulhsu  s11, t4, s9
core   0: 1 0x00000000800055b4 (0x039eadb3) x27 0x0000000000000000
core   0: 0x00000000800055b8 (0xc031fc53) fcvt.lu.s s8, ft3
core   0: 1 0x00000000800055b8 (0xc031fc53) c1_fflags 0x000000000000001c x24 0x0000000000000000
core   0: 0x00000000800055bc (0x0126989b) slliw   a7, a3, 18
core   0: 1 0x00000000800055bc (0x0126989b) x17 0xfffffffffeac0000
core   0: 0x00000000800055c0 (0x4115d03b) sraw    zero, a1, a7
core   0: 1 0x00000000800055c0 (0x4115d03b)
core   0: 0x00000000800055c4 (0x0009d493) srli    s1, s3, 0
core   0: 1 0x00000000800055c4 (0x0009d493) x9  0x0000000000000000
core   0: 0x00000000800055c8 (0x015106b3) add     a3, sp, s5
core   0: 1 0x00000000800055c8 (0x015106b3) x13 0xfffffffffffffd9b
core   0: 0x00000000800055cc (0xd21288d3) fcvt.d.wu fa7, t0
core   0: 1 0x00000000800055cc (0xd21288d3) f17 0x3ff0000000000000
core   0: 0x00000000800055d0 (0xa2518e53) fle.d   t3, ft3, ft5
core   0: 1 0x00000000800055d0 (0xa2518e53) c1_fflags 0x000000000000001c x28 0x0000000000000000
core   0: 0x00000000800055d4 (0x800e7b93) andi    s7, t3, -2048
core   0: 1 0x00000000800055d4 (0x800e7b93) x23 0x0000000000000000
core   0: 0x00000000800055d8 (0xe2088c53) fmv.x.d s8, fa7
core   0: 1 0x00000000800055d8 (0xe2088c53) x24 0x3ff0000000000000
core   0: 0x00000000800055dc (0x01f1919b) slliw   gp, gp, 31
core   0: 1 0x00000000800055dc (0x01f1919b) x3  0x0000000000000000
core   0: 0x00000000800055e0 (0x0167d693) srli    a3, a5, 22
core   0: 1 0x00000000800055e0 (0x0167d693) x13 0x000003ffffffffff
core   0: 0x00000000800055e4 (0x4040581b) sraiw   a6, zero, 4
core   0: 1 0x00000000800055e4 (0x4040581b) x16 0x0000000000000000
core   0: 0x00000000800055e8 (0x9d29a037) lui     zero, 0x9d29a
core   0: 1 0x00000000800055e8 (0x9d29a037)
core   0: 0x00000000800055ec (0x001d9d73) csrrw   s10, fflags, s11
core   0: 1 0x00000000800055ec (0x001d9d73) x26 0x000000000000001c c1_fflags 0x0000000000000000
core   0: 0x00000000800055f0 (0x22fb8bd3) fsgnj.d fs7, fs7, fa5
core   0: 1 0x00000000800055f0 (0x22fb8bd3) f23 0x8000000000000000
core   0: 0x00000000800055f4 (0x5a08fb53) fsqrt.d fs6, fa7
core   0: 1 0x00000000800055f4 (0x5a08fb53) f22 0x3ff0000000000000
core   0: 0x00000000800055f8 (0xd02cf0d3) fcvt.s.l ft1, s9
core   0: 1 0x00000000800055f8 (0xd02cf0d3) f1  0xffffffff00000000
core   0: 0x00000000800055fc (0x04cd6613) ori     a2, s10, 76
core   0: 1 0x00000000800055fc (0x04cd6613) x12 0x000000000000005c
core   0: 0x0000000080005600 (0xa31b8c53) fle.d   s8, fs7, fa7
core   0: 1 0x0000000080005600 (0xa31b8c53) x24 0x0000000000000001
core   0: 0x0000000080005604 (0x029b46b3) div     a3, s6, s1
core   0: 1 0x0000000080005604 (0x029b46b3) x13 0xffffffffffffffff
core   0: 0x0000000080005608 (0x019c8033) add     zero, s9, s9
core   0: 1 0x0000000080005608 (0x019c8033)
core   0: 0x000000008000560c (0x41a05d93) srai    s11, zero, 26
core   0: 1 0x000000008000560c (0x41a05d93) x27 0x0000000000000000
core   0: 0x0000000080005610 (0xd21c8453) fcvt.d.wu fs0, s9
core   0: 1 0x0000000080005610 (0xd21c8453) f8  0x0000000000000000
core   0: 0x0000000080005614 (0xb20de713) ori     a4, s11, -1248
core   0: 1 0x0000000080005614 (0xb20de713) x14 0xfffffffffffffb20
core   0: 0x0000000080005618 (0x41375013) srai    zero, a4, 19
core   0: 1 0x0000000080005618 (0x41375013)
core   0: 0x000000008000561c (0x006597bb) sllw    a5, a1, t1
core   0: 1 0x000000008000561c (0x006597bb) x15 0x0000000034283273
core   0: 0x0000000080005620 (0x03e2ff53) fadd.d  ft10, ft5, ft10
core   0: 1 0x0000000080005620 (0x03e2ff53) f30 0x7ff8000000000000
core   0: 0x0000000080005624 (0x01415133) srl     sp, sp, s4
core   0: 1 0x0000000080005624 (0x01415133) x2  0x0000000000000000
core   0: 0x0000000080005628 (0x017a9d1b) slliw   s10, s5, 23
core   0: 1 0x0000000080005628 (0x017a9d1b) x26 0xffffffffcd000000
core   0: 0x000000008000562c (0x7ff0ad93) slti    s11, ra, 2047
core   0: 1 0x000000008000562c (0x7ff0ad93) x27 0x0000000000000000
core   0: 0x0000000080005630 (0xf0c0869b) addiw   a3, ra, -244
core   0: 1 0x0000000080005630 (0xf0c0869b) x13 0xffffffff80003f20
core   0: 0x0000000080005634 (0x002693f3) csrrw   t2, frm, a3
core   0: 1 0x0000000080005634 (0x002693f3) x7  0x0000000000000000 c2_frm 0x0000000000000000
core   0: 0x0000000080005638 (0x429ede13) srai    t3, t4, 41
core   0: 1 0x0000000080005638 (0x429ede13) x28 0xffffffffffffffff
core   0: 0x000000008000563c (0x23ad2553) fsgnjx.d fa0, fs10, fs10
core   0: 1 0x000000008000563c (0x23ad2553) f10 0x7ff8000000000000
core   0: 0x0000000080005640 (0x401cfa53) fcvt.s.d fs4, fs9
core   0: 1 0x0000000080005640 (0x401cfa53) f20 0xffffffff7fc00000
core   0: 0x0000000080005644 (0x4006dd93) srai    s11, a3, 0
core   0: 1 0x0000000080005644 (0x4006dd93) x27 0xffffffff80003f20
core   0: 0x0000000080005648 (0x89744cb7) lui     s9, 0x89744
core   0: 1 0x0000000080005648 (0x89744cb7) x25 0xffffffff89744000
core   0: 0x000000008000564c (0x41ce5a3b) sraw    s4, t3, t3
core   0: 1 0x000000008000564c (0x41ce5a3b) x20 0xffffffffffffffff
core   0: 0x0000000080005650 (0x00000001) c.nop
core   0: 1 0x0000000080005650 (0x0001)
core   0: 0x0000000080005652 (0x403e01b3) sub     gp, t3, gp
core   0: 1 0x0000000080005652 (0x403e01b3) x3  0xffffffffffffffff
core   0: 0x0000000080005656 (0x00001df2) c.slli  s11, 60
core   0: 1 0x0000000080005656 (0x1df2) x27 0x0000000000000000
core   0: 0x0000000080005658 (0x43397647) fmsub.d fa2, fs2, fs3, fs0
core   0: 1 0x0000000080005658 (0x43397647) f12 0x7ff8000000000000
core   0: 0x000000008000565c (0x94b48793) addi    a5, s1, -1717
core   0: 1 0x000000008000565c (0x94b48793) x15 0xfffffffffffff94b
core   0: 0x0000000080005660 (0x01bdd9bb) srlw    s3, s11, s11
core   0: 1 0x0000000080005660 (0x01bdd9bb) x19 0x0000000000000000
core   0: 0x0000000080005664 (0xc81035f3) csrrc   a1, timeh, zero
core   0: exception trap_illegal_instruction, epc 0x0000000080005664
core   0:           tval 0x00000000c81035f3
core   0: >>>>  $xrv64i2p1_m2p0_a2p1_f2p2_d2p2_zicsr2p0_zifencei2p0_zmmul1p0_zba1p0_zbb1p0_zbc1p0_zbs1p0
core   0: 0x0000000080004000 (0x0080006f) j       pc + 0x8
core   0: 3 0x0000000080004000 (0x0080006f)
core   0: >>>>  mmode_exception_handler
core   0: 0x0000000080004008 (0x00002c17) auipc   s8, 0x2
core   0: 3 0x0000000080004008 (0x00002c17) x24 0x0000000080006008
core   0: 0x000000008000400c (0x074c0c13) addi    s8, s8, 116
core   0: 3 0x000000008000400c (0x074c0c13) x24 0x000000008000607c
core   0: 0x0000000080004010 (0x000c00e7) jalr    s8
core   0: 3 0x0000000080004010 (0x000c00e7) x1  0x0000000080004014
core   0: >>>>  any_handler
core   0: 0x000000008000607c (0x341027f3) csrrs   a5, mepc, zero
core   0: 3 0x000000008000607c (0x341027f3) x15 0x0000000080005664
core   0: 0x0000000080006080 (0x34202773) csrrs   a4, mcause, zero
core   0: 3 0x0000000080006080 (0x34202773) x14 0x0000000000000002
core   0: 0x0000000080006084 (0x142026f3) csrrs   a3, scause, zero
core   0: 3 0x0000000080006084 (0x142026f3) x13 0x0000000000000000
core   0: 0x0000000080006088 (0x30402673) csrrs   a2, mie, zero
core   0: 3 0x0000000080006088 (0x30402673) x12 0x0000000000000a00
core   0: 0x000000008000608c (0x344025f3) csrrs   a1, mip, zero
core   0: 3 0x000000008000608c (0x344025f3) x11 0x0000000000000080
core   0: 0x0000000080006090 (0x343025f3) csrrs   a1, mtval, zero
core   0: 3 0x0000000080006090 (0x343025f3) x11 0x00000000c81035f3
core   0: 0x0000000080006094 (0x14302573) csrrs   a0, stval, zero
core   0: 3 0x0000000080006094 (0x14302573) x10 0x0000000000000000
core   0: 0x0000000080006098 (0xb02024f3) csrrs   s1, minstret, zero
core   0: 3 0x0000000080006098 (0xb02024f3) x9  0x0000000000000f4f
core   0: 0x000000008000609c (0x0000a811) c.j     pc + 20
core   0: 3 0x000000008000609c (0xa811)
core   0: >>>>  mepc_4
core   0: 0x00000000800060b0 (0x00000791) c.addi  a5, 4
core   0: 3 0x00000000800060b0 (0x0791) x15 0x0000000080005668
core   0: 0x00000000800060b2 (0x34179073) csrrw   zero, mepc, a5
core   0: 3 0x00000000800060b2 (0x34179073) c833_mepc 0x0000000080005668
core   0: 0x00000000800060b6 (0x30200073) mret
core   0: 3 0x00000000800060b6 (0x30200073) c768_mstatus 0x8000000a00106080
core   0: 0x0000000080005668 (0xc03776d3) fcvt.lu.s a3, fa4
core   0: 1 0x0000000080005668 (0xc03776d3) c1_fflags 0x0000000000000010 x13 0xffffffffffffffff
core   0: 0x000000008000566c (0xc0277253) fcvt.l.s tp, fa4
core   0: 1 0x000000008000566c (0xc0277253) c1_fflags 0x0000000000000010 x4  0x7fffffffffffffff
core   0: 0x0000000080005670 (0x409956b3) sra     a3, s2, s1
core   0: 1 0x0000000080005670 (0x409956b3) x13 0x0000000000000000
core   0: 0x0000000080005674 (0xf84b2b93) slti    s7, s6, -124
core   0: 1 0x0000000080005674 (0xf84b2b93) x23 0x0000000000000000
core   0: 0x0000000080005678 (0x41c0d89b) sraiw   a7, ra, 28
core   0: 1 0x0000000080005678 (0x41c0d89b) x17 0xfffffffffffffff8
core   0: 0x000000008000567c (0xebd67ec3) fmadd.d ft9, fa2, ft9, ft9
core   0: 1 0x000000008000567c (0xebd67ec3) f29 0x7ff8000000000000
core   0: 0x0000000080005680 (0x41b5803b) subw    zero, a1, s11
core   0: 1 0x0000000080005680 (0x41b5803b)
core   0: 0x0000000080005684 (0x000b6b33) or      s6, s6, zero
core   0: 1 0x0000000080005684 (0x000b6b33) x22 0x0000000000000000
core   0: 0x0000000080005688 (0x0ff0000f) fence   iorw,iorw
core   0: 1 0x0000000080005688 (0x0ff0000f)
core   0: 0x000000008000568c (0x02b3dd3b) divuw   s10, t2, a1
core   0: 1 0x000000008000568c (0x02b3dd3b) x26 0x0000000000000000
core   0: 0x0000000080005690 (0x032a5b33) divu    s6, s4, s2
core   0: 1 0x0000000080005690 (0x032a5b33) x22 0x0020040080100200
core   0: 0x0000000080005694 (0x42d65093) srai    ra, a2, 45
core   0: 1 0x0000000080005694 (0x42d65093) x1  0x0000000000000000
core   0: 0x0000000080005698 (0x00f7d7b3) srl     a5, a5, a5
core   0: 1 0x0000000080005698 (0x00f7d7b3) x15 0x0000000000000000
core   0: 0x000000008000569c (0xc02270d3) fcvt.l.s ra, ft4
core   0: 1 0x000000008000569c (0xc02270d3) c1_fflags 0x0000000000000010 x1  0x7fffffffffffffff
core   0: 0x00000000800056a0 (0x01f7151b) slliw   a0, a4, 31
core   0: 1 0x00000000800056a0 (0x01f7151b) x10 0x0000000000000000
core   0: 0x00000000800056a4 (0x00000001) c.nop
core   0: 1 0x00000000800056a4 (0x0001)
core   0: 0x00000000800056a6 (0xb89448b7) lui     a7, 0xb8944
core   0: 1 0x00000000800056a6 (0xb89448b7) x17 0xffffffffb8944000
core   0: 0x00000000800056aa (0x1a787853) fdiv.d  fa6, fa6, ft7
core   0: 1 0x00000000800056aa (0x1a787853) f16 0x7ff8000000000000
core   0: 0x00000000800056ae (0x03f11b13) slli    s6, sp, 63
core   0: 1 0x00000000800056ae (0x03f11b13) x22 0x0000000000000000
core   0: 0x00000000800056b2 (0x008d5e33) srl     t3, s10, s0
core   0: 1 0x00000000800056b2 (0x008d5e33) x28 0x0000000000000000
core   0: 0x00000000800056b6 (0xc015b5f3) csrrc   a1, time, a1
core   0: exception trap_illegal_instruction, epc 0x00000000800056b6
core   0:           tval 0x00000000c015b5f3
core   0: >>>>  $xrv64i2p1_m2p0_a2p1_f2p2_d2p2_zicsr2p0_zifencei2p0_zmmul1p0_zba1p0_zbb1p0_zbc1p0_zbs1p0
core   0: 0x0000000080004000 (0x0080006f) j       pc + 0x8
core   0: 3 0x0000000080004000 (0x0080006f)
core   0: >>>>  mmode_exception_handler
core   0: 0x0000000080004008 (0x00002c17) auipc   s8, 0x2
core   0: 3 0x0000000080004008 (0x00002c17) x24 0x0000000080006008
core   0: 0x000000008000400c (0x074c0c13) addi    s8, s8, 116
core   0: 3 0x000000008000400c (0x074c0c13) x24 0x000000008000607c
core   0: 0x0000000080004010 (0x000c00e7) jalr    s8
core   0: 3 0x0000000080004010 (0x000c00e7) x1  0x0000000080004014
core   0: >>>>  any_handler
core   0: 0x000000008000607c (0x341027f3) csrrs   a5, mepc, zero
core   0: 3 0x000000008000607c (0x341027f3) x15 0x00000000800056b6
core   0: 0x0000000080006080 (0x34202773) csrrs   a4, mcause, zero
core   0: 3 0x0000000080006080 (0x34202773) x14 0x0000000000000002
core   0: 0x0000000080006084 (0x142026f3) csrrs   a3, scause, zero
core   0: 3 0x0000000080006084 (0x142026f3) x13 0x0000000000000000
core   0: 0x0000000080006088 (0x30402673) csrrs   a2, mie, zero
core   0: 3 0x0000000080006088 (0x30402673) x12 0x0000000000000a00
core   0: 0x000000008000608c (0x344025f3) csrrs   a1, mip, zero
core   0: 3 0x000000008000608c (0x344025f3) x11 0x0000000000000080
core   0: 0x0000000080006090 (0x343025f3) csrrs   a1, mtval, zero
core   0: 3 0x0000000080006090 (0x343025f3) x11 0x00000000c015b5f3
core   0: 0x0000000080006094 (0x14302573) csrrs   a0, stval, zero
core   0: 3 0x0000000080006094 (0x14302573) x10 0x0000000000000000
core   0: 0x0000000080006098 (0xb02024f3) csrrs   s1, minstret, zero
core   0: 3 0x0000000080006098 (0xb02024f3) x9  0x0000000000000f73
core   0: 0x000000008000609c (0x0000a811) c.j     pc + 20
core   0: 3 0x000000008000609c (0xa811)
core   0: >>>>  mepc_4
core   0: 0x00000000800060b0 (0x00000791) c.addi  a5, 4
core   0: 3 0x00000000800060b0 (0x0791) x15 0x00000000800056ba
core   0: 0x00000000800060b2 (0x34179073) csrrw   zero, mepc, a5
core   0: 3 0x00000000800060b2 (0x34179073) c833_mepc 0x00000000800056ba
core   0: 0x00000000800060b6 (0x30200073) mret
core   0: 3 0x00000000800060b6 (0x30200073) c768_mstatus 0x8000000a00106080
core   0: 0x00000000800056ba (0x001099bb) sllw    s3, ra, ra
core   0: 1 0x00000000800056ba (0x001099bb) x19 0x0000000001400000
core   0: 0x00000000800056be (0xfffe871b) addiw   a4, t4, -1
core   0: 1 0x00000000800056be (0xfffe871b) x14 0x0000000033b1615a
core   0: 0x00000000800056c2 (0xc021fed3) fcvt.l.s t4, ft3
core   0: 1 0x00000000800056c2 (0xc021fed3) x29 0xfffffffffffffacf
core   0: 0x00000000800056c6 (0x42028753) fcvt.d.s fa4, ft5
core   0: 1 0x00000000800056c6 (0x42028753) f14 0x409ffc0000000000
core   0: 0x00000000800056ca (0x1a587b53) fdiv.d  fs6, fa6, ft5
core   0: 1 0x00000000800056ca (0x1a587b53) f22 0x7ff8000000000000
core   0: 0x00000000800056ce (0xc0277353) fcvt.l.s t1, fa4
core   0: 1 0x00000000800056ce (0xc0277353) c1_fflags 0x0000000000000010 x6  0x7fffffffffffffff
core   0: 0x00000000800056d2 (0xe2078c53) fmv.x.d s8, fa5
core   0: 1 0x00000000800056d2 (0xe2078c53) x24 0xffffffff44ffe000
core   0: 0x00000000800056d6 (0x00369113) slli    sp, a3, 3
core   0: 1 0x00000000800056d6 (0x00369113) x2  0x0000000000000000
core   0: 0x00000000800056da (0x5323e297) auipc   t0, 0x5323e
core   0: 1 0x00000000800056da (0x5323e297) x5  0x00000000d32436da
core   0: 0x00000000800056de (0x00000001) c.nop
core   0: 1 0x00000000800056de (0x0001)
core   0: 0x00000000800056e0 (0xecd6b797) auipc   a5, 0xecd6b
core   0: 1 0x00000000800056e0 (0xecd6b797) x15 0x000000006cd706e0
core   0: 0x00000000800056e4 (0x021c70bb) remuw   ra, s8, ra
core   0: 1 0x00000000800056e4 (0x021c70bb) x1  0x0000000044ffe000
core   0: 0x00000000800056e8 (0x0211f4bb) remuw   s1, gp, ra
core   0: 1 0x00000000800056e8 (0x0211f4bb) x9  0x0000000031005fff
core   0: 0x00000000800056ec (0x029e5933) divu    s2, t3, s1
core   0: 1 0x00000000800056ec (0x029e5933) x18 0x0000000000000000
core   0: 0x00000000800056f0 (0x000c9b9b) slliw   s7, s9, 0
core   0: 1 0x00000000800056f0 (0x000c9b9b) x23 0xffffffff89744000
core   0: 0x00000000800056f4 (0x035acd3b) divw    s10, s5, s5
core   0: 1 0x00000000800056f4 (0x035acd3b) x26 0x0000000000000001
core   0: 0x00000000800056f8 (0x00000001) c.nop
core   0: 1 0x00000000800056f8 (0x0001)
core   0: 0x00000000800056fa (0x0305e833) rem     a6, a1, a6
core   0: 1 0x00000000800056fa (0x0305e833) x16 0x00000000c015b5f3
core   0: 0x00000000800056fe (0x12e07c53) fmul.d  fs8, ft0, fa4
core   0: 1 0x00000000800056fe (0x12e07c53) f24 0x7ff8000000000000
core   0: 0x0000000080005702 (0x6ffcb013) sltiu   zero, s9, 1791
core   0: 1 0x0000000080005702 (0x6ffcb013)
core   0: 0x0000000080005706 (0xd025fa53) fcvt.s.l fs4, a1
core   0: 1 0x0000000080005706 (0xd025fa53) c1_fflags 0x0000000000000011 f20 0xffffffff4f4015b6
core   0: 0x000000008000570a (0xc23c7253) fcvt.lu.d tp, fs8
core   0: 1 0x000000008000570a (0xc23c7253) c1_fflags 0x0000000000000011 x4  0xffffffffffffffff
core   0: 0x000000008000570e (0xfffafa93) andi    s5, s5, -1
core   0: 1 0x000000008000570e (0xfffafa93) x21 0xfffffffffffffd9a
core   0: 0x0000000080005712 (0xd230f153) fcvt.d.lu ft2, ra
core   0: 1 0x0000000080005712 (0xd230f153) f2  0x41d13ff800000000
core   0: 0x0000000080005716 (0x00019e3b) sllw    t3, gp, zero
core   0: 1 0x0000000080005716 (0x00019e3b) x28 0xffffffffffffffff
core   0: 0x000000008000571a (0x1fde7b13) andi    s6, t3, 509
core   0: 1 0x000000008000571a (0x1fde7b13) x22 0x00000000000001fd
core   0: 0x000000008000571e (0x034a04b3) mul     s1, s4, s4
core   0: 1 0x000000008000571e (0x034a04b3) x9  0x0000000000000001
core   0: 0x0000000080005722 (0xc03f7053) fcvt.lu.s zero, ft10
core   0: 1 0x0000000080005722 (0xc03f7053) c1_fflags 0x0000000000000011
core   0: 0x0000000080005726 (0x02761433) mulh    s0, a2, t2
core   0: 1 0x0000000080005726 (0x02761433) x8  0x0000000000000000
core   0: 0x000000008000572a (0x40098b3b) subw    s6, s3, zero
core   0: 1 0x000000008000572a (0x40098b3b) x22 0x0000000001400000
core   0: 0x000000008000572e (0x013a093b) addw    s2, s4, s3
core   0: 1 0x000000008000572e (0x013a093b) x18 0x00000000013fffff
core   0: 0x0000000080005732 (0xd239f053) fcvt.d.lu ft0, s3
core   0: 1 0x0000000080005732 (0xd239f053) f0  0x4174000000000000
core   0: 0x0000000080005736 (0xc0207553) fcvt.l.s a0, ft0
core   0: 1 0x0000000080005736 (0xc0207553) c1_fflags 0x0000000000000011 x10 0x7fffffffffffffff
core   0: 0x000000008000573a (0xf2038353) fmv.d.x ft6, t2
core   0: 1 0x000000008000573a (0xf2038353) f6  0x0000000000000000
core   0: 0x000000008000573e (0x027183bb) mulw    t2, gp, t2
core   0: 1 0x000000008000573e (0x027183bb) x7  0x0000000000000000
core   0: 0x0000000080005742 (0x4079063b) subw    a2, s2, t2
core   0: 1 0x0000000080005742 (0x4079063b) x12 0x00000000013fffff
core   0: 0x0000000080005746 (0xd2207d53) fcvt.d.l fs10, zero
core   0: 1 0x0000000080005746 (0xd2207d53) f26 0x0000000000000000
core   0: 0x000000008000574a (0xb0229ef3) csrrw   t4, minstret, t0
core   0: exception trap_illegal_instruction, epc 0x000000008000574a
core   0:           tval 0x00000000b0229ef3
core   0: >>>>  $xrv64i2p1_m2p0_a2p1_f2p2_d2p2_zicsr2p0_zifencei2p0_zmmul1p0_zba1p0_zbb1p0_zbc1p0_zbs1p0
core   0: 0x0000000080004000 (0x0080006f) j       pc + 0x8
core   0: 3 0x0000000080004000 (0x0080006f)
core   0: >>>>  mmode_exception_handler
core   0: 0x0000000080004008 (0x00002c17) auipc   s8, 0x2
core   0: 3 0x0000000080004008 (0x00002c17) x24 0x0000000080006008
core   0: 0x000000008000400c (0x074c0c13) addi    s8, s8, 116
core   0: 3 0x000000008000400c (0x074c0c13) x24 0x000000008000607c
core   0: 0x0000000080004010 (0x000c00e7) jalr    s8
core   0: 3 0x0000000080004010 (0x000c00e7) x1  0x0000000080004014
core   0: >>>>  any_handler
core   0: 0x000000008000607c (0x341027f3) csrrs   a5, mepc, zero
core   0: 3 0x000000008000607c (0x341027f3) x15 0x000000008000574a
core   0: 0x0000000080006080 (0x34202773) csrrs   a4, mcause, zero
core   0: 3 0x0000000080006080 (0x34202773) x14 0x0000000000000002
core   0: 0x0000000080006084 (0x142026f3) csrrs   a3, scause, zero
core   0: 3 0x0000000080006084 (0x142026f3) x13 0x0000000000000000
core   0: 0x0000000080006088 (0x30402673) csrrs   a2, mie, zero
core   0: 3 0x0000000080006088 (0x30402673) x12 0x0000000000000a00
core   0: 0x000000008000608c (0x344025f3) csrrs   a1, mip, zero
core   0: 3 0x000000008000608c (0x344025f3) x11 0x0000000000000080
core   0: 0x0000000080006090 (0x343025f3) csrrs   a1, mtval, zero
core   0: 3 0x0000000080006090 (0x343025f3) x11 0x00000000b0229ef3
core   0: 0x0000000080006094 (0x14302573) csrrs   a0, stval, zero
core   0: 3 0x0000000080006094 (0x14302573) x10 0x0000000000000000
core   0: 0x0000000080006098 (0xb02024f3) csrrs   s1, minstret, zero
core   0: 3 0x0000000080006098 (0xb02024f3) x9  0x0000000000000fa8
core   0: 0x000000008000609c (0x0000a811) c.j     pc + 20
core   0: 3 0x000000008000609c (0xa811)
core   0: >>>>  mepc_4
core   0: 0x00000000800060b0 (0x00000791) c.addi  a5, 4
core   0: 3 0x00000000800060b0 (0x0791) x15 0x000000008000574e
core   0: 0x00000000800060b2 (0x34179073) csrrw   zero, mepc, a5
core   0: 3 0x00000000800060b2 (0x34179073) c833_mepc 0x000000008000574e
core   0: 0x00000000800060b6 (0x30200073) mret
core   0: 3 0x00000000800060b6 (0x30200073) c768_mstatus 0x8000000a00106080
core   0: 0x000000008000574e (0x03d70733) mul     a4, a4, t4
core   0: 1 0x000000008000574e (0x03d70733) x14 0xfffffffffffff59e
core   0: 0x0000000080005752 (0x8007c913) xori    s2, a5, -2048
core   0: 1 0x0000000080005752 (0x8007c913) x18 0xffffffff7fffaf4e
core   0: 0x0000000080005756 (0x00884b33) xor     s6, a6, s0
core   0: 1 0x0000000080005756 (0x00884b33) x22 0x00000000c015b5f3
core   0: 0x000000008000575a (0xf2018253) fmv.d.x ft4, gp
core   0: 1 0x000000008000575a (0xf2018253) f4  0xffffffffffffffff
core   0: 0x000000008000575e (0x00249bf3) csrrw   s7, frm, s1
core   0: 1 0x000000008000575e (0x00249bf3) x23 0x0000000000000000 c2_frm 0x0000000000000000
core   0: 0x0000000080005762 (0x00009ede) c.add   t4, s7
core   0: 1 0x0000000080005762 (0x9ede) x29 0xfffffffffffffacf
core   0: 0x0000000080005764 (0x40cedc3b) sraw    s8, t4, a2
core   0: 1 0x0000000080005764 (0x40cedc3b) x24 0xfffffffffffffacf
core   0: 0x0000000080005768 (0x8006c493) xori    s1, a3, -2048
core   0: 1 0x0000000080005768 (0x8006c493) x9  0xfffffffffffff800
core   0: 0x000000008000576c (0xfbdc029b) addiw   t0, s8, -67
core   0: 1 0x000000008000576c (0xfbdc029b) x5  0xfffffffffffffa8c
core   0: 0x0000000080005770 (0x007603bb) addw    t2, a2, t2
core   0: 1 0x0000000080005770 (0x007603bb) x7  0x0000000000000a00
core   0: 0x0000000080005774 (0x40c9d233) sra     tp, s3, a2
core   0: 1 0x0000000080005774 (0x40c9d233) x4  0x0000000001400000
core   0: 0x0000000080005778 (0x00000001) c.nop
core   0: 1 0x0000000080005778 (0x0001)
core   0: 0x000000008000577a (0xc20af8d3) fcvt.w.d a7, fs5
core   0: 1 0x000000008000577a (0xc20af8d3) c1_fflags 0x0000000000000011 x17 0x000000007fffffff
core   0: 0x000000008000577e (0xe2020053) fmv.x.d zero, ft4
core   0: 1 0x000000008000577e (0xe2020053)
core   0: 0x0000000080005782 (0xf20005d3) fmv.d.x fa1, zero
core   0: 1 0x0000000080005782 (0xf20005d3) f11 0x0000000000000000
core   0: 0x0000000080005786 (0x0b85fc53) fsub.d  fs8, fa1, fs8
core   0: 1 0x0000000080005786 (0x0b85fc53) f24 0x7ff8000000000000
core   0: 0x000000008000578a (0x001a1c73) csrrw   s8, fflags, s4
core   0: 1 0x000000008000578a (0x001a1c73) x24 0x0000000000000011 c1_fflags 0x000000000000001f
core   0: 0x000000008000578e (0x0255a1b3) mulhsu  gp, a1, t0
core   0: 1 0x000000008000578e (0x0255a1b3) x3  0x00000000b0229ef2
core   0: 0x0000000080005792 (0x000c79b3) and     s3, s8, zero
core   0: 1 0x0000000080005792 (0x000c79b3) x19 0x0000000000000000
core   0: 0x0000000080005796 (0x4138d5bb) sraw    a1, a7, s3
core   0: 1 0x0000000080005796 (0x4138d5bb) x11 0x000000007fffffff
core   0: 0x000000008000579a (0x387a90b7) lui     ra, 0x387a9
core   0: 1 0x000000008000579a (0x387a90b7) x1  0x00000000387a9000
core   0: 0x000000008000579e (0x00e2529b) srliw   t0, tp, 14
core   0: 1 0x000000008000579e (0x00e2529b) x5  0x0000000000000500
core   0: 0x00000000800057a2 (0x223618d3) fsgnjn.d fa7, fa2, ft3
core   0: 1 0x00000000800057a2 (0x223618d3) f17 0x7ff8000000000000
core   0: 0x00000000800057a6 (0x03cac833) div     a6, s5, t3
core   0: 1 0x00000000800057a6 (0x03cac833) x16 0x0000000000000266
core   0: 0x00000000800057aa (0xe20d80d3) fmv.x.d ra, fs11
core   0: 1 0x00000000800057aa (0xe20d80d3) x1  0x7ff8000000000000
core   0: 0x00000000800057ae (0x00f8e8b3) or      a7, a7, a5
core   0: 1 0x00000000800057ae (0x00f8e8b3) x17 0x00000000ffffffff
core   0: 0x00000000800057b2 (0x03990cbb) mulw    s9, s2, s9
core   0: 1 0x00000000800057b2 (0x03990cbb) x25 0x00000000192b8000
core   0: 0x00000000800057b6 (0x00000001) c.nop
core   0: 1 0x00000000800057b6 (0x0001)
core   0: 0x00000000800057b8 (0x22319ad3) fsgnjn.d fs5, ft3, ft3
core   0: 1 0x00000000800057b8 (0x22319ad3) f21 0x7fffffffc4a62000
core   0: 0x00000000800057bc (0x00b4121b) slliw   tp, s0, 11
core   0: 1 0x00000000800057bc (0x00b4121b) x4  0x0000000000000000
core   0: 0x00000000800057c0 (0x1060e073) csrrsi  zero, scounteren, 1
core   0: 1 0x00000000800057c0 (0x1060e073) c262_scounteren 0x0000000000000000
core   0: 0x00000000800057c4 (0x81169897) auipc   a7, 0x81169
core   0: 1 0x00000000800057c4 (0x81169897) x17 0x000000000116e7c4
core   0: 0x00000000800057c8 (0x033ec9bb) divw    s3, t4, s3
core   0: 1 0x00000000800057c8 (0x033ec9bb) x19 0xffffffffffffffff
core   0: 0x00000000800057cc (0x00009e3e) c.add   t3, a5
core   0: 1 0x00000000800057cc (0x9e3e) x28 0x000000008000574d
core   0: 0x00000000800057ce (0xa3cd8e53) fle.d   t3, fs11, ft8
core   0: 1 0x00000000800057ce (0xa3cd8e53) c1_fflags 0x000000000000001f x28 0x0000000000000000
core   0: 0x00000000800057d2 (0x400e5913) srai    s2, t3, 0
core   0: 1 0x00000000800057d2 (0x400e5913) x18 0x0000000000000000
core   0: 0x00000000800057d6 (0x0008db1b) srliw   s6, a7, 0
core   0: 1 0x00000000800057d6 (0x0008db1b) x22 0x000000000116e7c4
core   0: 0x00000000800057da (0x80008093) addi    ra, ra, -2048
core   0: 1 0x00000000800057da (0x80008093) x1  0x7ff7fffffffff800
core   0: 0x00000000800057de (0x306ab473) csrrc   s0, mcounteren, s5
core   0: exception trap_illegal_instruction, epc 0x00000000800057de
core   0:           tval 0x00000000306ab473
core   0: >>>>  $xrv64i2p1_m2p0_a2p1_f2p2_d2p2_zicsr2p0_zifencei2p0_zmmul1p0_zba1p0_zbb1p0_zbc1p0_zbs1p0
core   0: 0x0000000080004000 (0x0080006f) j       pc + 0x8
core   0: 3 0x0000000080004000 (0x0080006f)
core   0: >>>>  mmode_exception_handler
core   0: 0x0000000080004008 (0x00002c17) auipc   s8, 0x2
core   0: 3 0x0000000080004008 (0x00002c17) x24 0x0000000080006008
core   0: 0x000000008000400c (0x074c0c13) addi    s8, s8, 116
core   0: 3 0x000000008000400c (0x074c0c13) x24 0x000000008000607c
core   0: 0x0000000080004010 (0x000c00e7) jalr    s8
core   0: 3 0x0000000080004010 (0x000c00e7) x1  0x0000000080004014
core   0: >>>>  any_handler
core   0: 0x000000008000607c (0x341027f3) csrrs   a5, mepc, zero
core   0: 3 0x000000008000607c (0x341027f3) x15 0x00000000800057de
core   0: 0x0000000080006080 (0x34202773) csrrs   a4, mcause, zero
core   0: 3 0x0000000080006080 (0x34202773) x14 0x0000000000000002
core   0: 0x0000000080006084 (0x142026f3) csrrs   a3, scause, zero
core   0: 3 0x0000000080006084 (0x142026f3) x13 0x0000000000000000
core   0: 0x0000000080006088 (0x30402673) csrrs   a2, mie, zero
core   0: 3 0x0000000080006088 (0x30402673) x12 0x0000000000000a00
core   0: 0x000000008000608c (0x344025f3) csrrs   a1, mip, zero
core   0: 3 0x000000008000608c (0x344025f3) x11 0x0000000000000080
core   0: 0x0000000080006090 (0x343025f3) csrrs   a1, mtval, zero
core   0: 3 0x0000000080006090 (0x343025f3) x11 0x00000000306ab473
core   0: 0x0000000080006094 (0x14302573) csrrs   a0, stval, zero
core   0: 3 0x0000000080006094 (0x14302573) x10 0x0000000000000000
core   0: 0x0000000080006098 (0xb02024f3) csrrs   s1, minstret, zero
core   0: 3 0x0000000080006098 (0xb02024f3) x9  0x0000000000000fde
core   0: 0x000000008000609c (0x0000a811) c.j     pc + 20
core   0: 3 0x000000008000609c (0xa811)
core   0: >>>>  mepc_4
core   0: 0x00000000800060b0 (0x00000791) c.addi  a5, 4
core   0: 3 0x00000000800060b0 (0x0791) x15 0x00000000800057e2
core   0: 0x00000000800060b2 (0x34179073) csrrw   zero, mepc, a5
core   0: 3 0x00000000800060b2 (0x34179073) c833_mepc 0x00000000800057e2
core   0: 0x00000000800060b6 (0x30200073) mret
core   0: 3 0x00000000800060b6 (0x30200073) c768_mstatus 0x8000000a00106080
core   0: 0x00000000800057e2 (0x405b833b) subw    t1, s7, t0
core   0: 1 0x00000000800057e2 (0x405b833b) x6  0xfffffffffffffb00
core   0: 0x00000000800057e6 (0x00bec7b3) xor     a5, t4, a1
core   0: 1 0x00000000800057e6 (0x00bec7b3) x15 0xffffffffcf954ebc
core   0: 0x00000000800057ea (0x043da997) auipc   s3, 0x43da
core   0: 1 0x00000000800057ea (0x043da997) x19 0x00000000843df7ea
core   0: 0x00000000800057ee (0xc3baf4cf) fnmadd.d fs1, fs5, fs11, fs8
core   0: 1 0x00000000800057ee (0xc3baf4cf) f9  0x7ff8000000000000
core   0: 0x00000000800057f2 (0x420602d3) fcvt.d.s ft5, fa2
core   0: 1 0x00000000800057f2 (0x420602d3) f5  0x7ff8000000000000
core   0: 0x00000000800057f6 (0x025b0b33) mul     s6, s6, t0
core   0: 1 0x00000000800057f6 (0x025b0b33) x22 0x000000057286d400
core   0: 0x00000000800057fa (0x001aee93) ori     t4, s5, 1
core   0: 1 0x00000000800057fa (0x001aee93) x29 0xfffffffffffffd9b
core   0: 0x00000000800057fe (0x00000001) c.nop
core   0: 1 0x00000000800057fe (0x0001)
core   0: 0x0000000080005800 (0x34292bf3) csrrs   s7, mcause, s2
core   0: exception trap_illegal_instruction, epc 0x0000000080005800
core   0:           tval 0x0000000034292bf3
core   0: >>>>  $xrv64i2p1_m2p0_a2p1_f2p2_d2p2_zicsr2p0_zifencei2p0_zmmul1p0_zba1p0_zbb1p0_zbc1p0_zbs1p0
core   0: 0x0000000080004000 (0x0080006f) j       pc + 0x8
core   0: 3 0x0000000080004000 (0x0080006f)
core   0: >>>>  mmode_exception_handler
core   0: 0x0000000080004008 (0x00002c17) auipc   s8, 0x2
core   0: 3 0x0000000080004008 (0x00002c17) x24 0x0000000080006008
core   0: 0x000000008000400c (0x074c0c13) addi    s8, s8, 116
core   0: 3 0x000000008000400c (0x074c0c13) x24 0x000000008000607c
core   0: 0x0000000080004010 (0x000c00e7) jalr    s8
core   0: 3 0x0000000080004010 (0x000c00e7) x1  0x0000000080004014
core   0: >>>>  any_handler
core   0: 0x000000008000607c (0x341027f3) csrrs   a5, mepc, zero
core   0: 3 0x000000008000607c (0x341027f3) x15 0x0000000080005800
core   0: 0x0000000080006080 (0x34202773) csrrs   a4, mcause, zero
core   0: 3 0x0000000080006080 (0x34202773) x14 0x0000000000000002
core   0: 0x0000000080006084 (0x142026f3) csrrs   a3, scause, zero
core   0: 3 0x0000000080006084 (0x142026f3) x13 0x0000000000000000
core   0: 0x0000000080006088 (0x30402673) csrrs   a2, mie, zero
core   0: 3 0x0000000080006088 (0x30402673) x12 0x0000000000000a00
core   0: 0x000000008000608c (0x344025f3) csrrs   a1, mip, zero
core   0: 3 0x000000008000608c (0x344025f3) x11 0x0000000000000080
core   0: 0x0000000080006090 (0x343025f3) csrrs   a1, mtval, zero
core   0: 3 0x0000000080006090 (0x343025f3) x11 0x0000000034292bf3
core   0: 0x0000000080006094 (0x14302573) csrrs   a0, stval, zero
core   0: 3 0x0000000080006094 (0x14302573) x10 0x0000000000000000
core   0: 0x0000000080006098 (0xb02024f3) csrrs   s1, minstret, zero
core   0: 3 0x0000000080006098 (0xb02024f3) x9  0x0000000000000ff6
core   0: 0x000000008000609c (0x0000a811) c.j     pc + 20
core   0: 3 0x000000008000609c (0xa811)
core   0: >>>>  mepc_4
core   0: 0x00000000800060b0 (0x00000791) c.addi  a5, 4
core   0: 3 0x00000000800060b0 (0x0791) x15 0x0000000080005804
core   0: 0x00000000800060b2 (0x34179073) csrrw   zero, mepc, a5
core   0: 3 0x00000000800060b2 (0x34179073) c833_mepc 0x0000000080005804
core   0: 0x00000000800060b6 (0x30200073) mret
core   0: 3 0x00000000800060b6 (0x30200073) c768_mstatus 0x8000000a00106080
core   0: 0x0000000080005804 (0x01295c3b) srlw    s8, s2, s2
core   0: 1 0x0000000080005804 (0x01295c3b) x24 0x0000000000000000
core   0: 0x0000000080005808 (0x23fa2853) fsgnjx.d fa6, fs4, ft11
core   0: 1 0x0000000080005808 (0x23fa2853) f16 0xffffffff4f4015b6
core   0: 0x000000008000580c (0xd21685d3) fcvt.d.wu fa1, a3
core   0: 1 0x000000008000580c (0xd21685d3) f11 0x0000000000000000
core   0: 0x0000000080005810 (0x038ee7bb) remw    a5, t4, s8
core   0: 1 0x0000000080005810 (0x038ee7bb) x15 0xfffffffffffffd9b
core   0: 0x0000000080005814 (0x7ff4849b) addiw   s1, s1, 2047
core   0: 1 0x0000000080005814 (0x7ff4849b) x9  0x00000000000017f5
core   0: 0x0000000080005818 (0x3fe7831b) addiw   t1, a5, 1022
core   0: 1 0x0000000080005818 (0x3fe7831b) x6  0x0000000000000199
core   0: 0x000000008000581c (0xd2130ed3) fcvt.d.wu ft9, t1
core   0: 1 0x000000008000581c (0xd2130ed3) f29 0x4079900000000000
core   0: 0x0000000080005820 (0x02d4dbbb) divuw   s7, s1, a3
core   0: 1 0x0000000080005820 (0x02d4dbbb) x23 0xffffffffffffffff
core   0: 0x0000000080005824 (0x12837753) fmul.d  fa4, ft6, fs0
core   0: 1 0x0000000080005824 (0x12837753) f14 0x0000000000000000
core   0: 0x0000000080005828 (0x02a7ce33) div     t3, a5, a0
core   0: 1 0x0000000080005828 (0x02a7ce33) x28 0xffffffffffffffff
core   0: 0x000000008000582c (0x0000117e) c.slli  sp, 63
core   0: 1 0x000000008000582c (0x117e) x2  0x0000000000000000
core   0: 0x000000008000582e (0x4bd17f4b) fnmsub.d ft10, ft2, ft9, fs1
core   0: 1 0x000000008000582e (0x4bd17f4b) f30 0x7ff8000000000000
core   0: 0x0000000080005832 (0x026e0433) mul     s0, t3, t1
core   0: 1 0x0000000080005832 (0x026e0433) x8  0xfffffffffffffe67
core   0: 0x0000000080005836 (0x02246833) rem     a6, s0, sp
core   0: 1 0x0000000080005836 (0x02246833) x16 0xfffffffffffffe67
core   0: 0x000000008000583a (0x000ace33) xor     t3, s5, zero
core   0: 1 0x000000008000583a (0x000ace33) x28 0xfffffffffffffd9a
core   0: 0x000000008000583e (0x400ede9b) sraiw   t4, t4, 0
core   0: 1 0x000000008000583e (0x400ede9b) x29 0xfffffffffffffd9b
core   0: 0x0000000080005842 (0xd2287bd3) fcvt.d.l fs7, a6
core   0: 1 0x0000000080005842 (0xd2287bd3) f23 0xc079900000000000
core   0: 0x0000000080005846 (0x00000001) c.nop
core   0: 1 0x0000000080005846 (0x0001)
core   0: 0x0000000080005848 (0x00000001) c.nop
core   0: 1 0x0000000080005848 (0x0001)
core   0: 0x000000008000584a (0x7ff28d9b) addiw   s11, t0, 2047
core   0: 1 0x000000008000584a (0x7ff28d9b) x27 0x0000000000000cff
core   0: 0x000000008000584e (0xfffe8b1b) addiw   s6, t4, -1
core   0: 1 0x000000008000584e (0xfffe8b1b) x22 0xfffffffffffffd9a
core   0: 0x0000000080005852 (0x4054d6bb) sraw    a3, s1, t0
core   0: 1 0x0000000080005852 (0x4054d6bb) x13 0x00000000000017f5
core   0: 0x0000000080005856 (0x4b4bf4cf) fnmadd.d fs1, fs7, fs4, fs1
core   0: 1 0x0000000080005856 (0x4b4bf4cf) f9  0x7ff8000000000000
core   0: 0x000000008000585a (0x3060def3) csrrwi  t4, mcounteren, 1
core   0: exception trap_illegal_instruction, epc 0x000000008000585a
core   0:           tval 0x000000003060def3
core   0: >>>>  $xrv64i2p1_m2p0_a2p1_f2p2_d2p2_zicsr2p0_zifencei2p0_zmmul1p0_zba1p0_zbb1p0_zbc1p0_zbs1p0
core   0: 0x0000000080004000 (0x0080006f) j       pc + 0x8
core   0: 3 0x0000000080004000 (0x0080006f)
core   0: >>>>  mmode_exception_handler
core   0: 0x0000000080004008 (0x00002c17) auipc   s8, 0x2
core   0: 3 0x0000000080004008 (0x00002c17) x24 0x0000000080006008
core   0: 0x000000008000400c (0x074c0c13) addi    s8, s8, 116
core   0: 3 0x000000008000400c (0x074c0c13) x24 0x000000008000607c
core   0: 0x0000000080004010 (0x000c00e7) jalr    s8
core   0: 3 0x0000000080004010 (0x000c00e7) x1  0x0000000080004014
core   0: >>>>  any_handler
core   0: 0x000000008000607c (0x341027f3) csrrs   a5, mepc, zero
core   0: 3 0x000000008000607c (0x341027f3) x15 0x000000008000585a
core   0: 0x0000000080006080 (0x34202773) csrrs   a4, mcause, zero
core   0: 3 0x0000000080006080 (0x34202773) x14 0x0000000000000002
core   0: 0x0000000080006084 (0x142026f3) csrrs   a3, scause, zero
core   0: 3 0x0000000080006084 (0x142026f3) x13 0x0000000000000000
core   0: 0x0000000080006088 (0x30402673) csrrs   a2, mie, zero
core   0: 3 0x0000000080006088 (0x30402673) x12 0x0000000000000a00
core   0: 0x000000008000608c (0x344025f3) csrrs   a1, mip, zero
core   0: 3 0x000000008000608c (0x344025f3) x11 0x0000000000000080
core   0: 0x0000000080006090 (0x343025f3) csrrs   a1, mtval, zero
core   0: 3 0x0000000080006090 (0x343025f3) x11 0x000000003060def3
core   0: 0x0000000080006094 (0x14302573) csrrs   a0, stval, zero
core   0: 3 0x0000000080006094 (0x14302573) x10 0x0000000000000000
core   0: 0x0000000080006098 (0xb02024f3) csrrs   s1, minstret, zero
core   0: 3 0x0000000080006098 (0xb02024f3) x9  0x000000000000101d
core   0: 0x000000008000609c (0x0000a811) c.j     pc + 20
core   0: 3 0x000000008000609c (0xa811)
core   0: >>>>  mepc_4
core   0: 0x00000000800060b0 (0x00000791) c.addi  a5, 4
core   0: 3 0x00000000800060b0 (0x0791) x15 0x000000008000585e
core   0: 0x00000000800060b2 (0x34179073) csrrw   zero, mepc, a5
core   0: 3 0x00000000800060b2 (0x34179073) c833_mepc 0x000000008000585e
core   0: 0x00000000800060b6 (0x30200073) mret
core   0: 3 0x00000000800060b6 (0x30200073) c768_mstatus 0x8000000a00106080
core   0: 0x000000008000585e (0x0040db3b) srlw    s6, ra, tp
core   0: 1 0x000000008000585e (0x0040db3b) x22 0xffffffff80004014
core   0: 0x0000000080005862 (0x002026f3) csrrs   a3, frm, zero
core   0: 1 0x0000000080005862 (0x002026f3) x13 0x0000000000000000
core   0: 0x0000000080005866 (0x7b0e60f3) csrrsi  ra, dcsr, 28
core   0: exception trap_illegal_instruction, epc 0x0000000080005866
core   0:           tval 0x000000007b0e60f3
core   0: >>>>  $xrv64i2p1_m2p0_a2p1_f2p2_d2p2_zicsr2p0_zifencei2p0_zmmul1p0_zba1p0_zbb1p0_zbc1p0_zbs1p0
core   0: 0x0000000080004000 (0x0080006f) j       pc + 0x8
core   0: 3 0x0000000080004000 (0x0080006f)
core   0: >>>>  mmode_exception_handler
core   0: 0x0000000080004008 (0x00002c17) auipc   s8, 0x2
core   0: 3 0x0000000080004008 (0x00002c17) x24 0x0000000080006008
core   0: 0x000000008000400c (0x074c0c13) addi    s8, s8, 116
core   0: 3 0x000000008000400c (0x074c0c13) x24 0x000000008000607c
core   0: 0x0000000080004010 (0x000c00e7) jalr    s8
core   0: 3 0x0000000080004010 (0x000c00e7) x1  0x0000000080004014
core   0: >>>>  any_handler
core   0: 0x000000008000607c (0x341027f3) csrrs   a5, mepc, zero
core   0: 3 0x000000008000607c (0x341027f3) x15 0x0000000080005866
core   0: 0x0000000080006080 (0x34202773) csrrs   a4, mcause, zero
core   0: 3 0x0000000080006080 (0x34202773) x14 0x0000000000000002
core   0: 0x0000000080006084 (0x142026f3) csrrs   a3, scause, zero
core   0: 3 0x0000000080006084 (0x142026f3) x13 0x0000000000000000
core   0: 0x0000000080006088 (0x30402673) csrrs   a2, mie, zero
core   0: 3 0x0000000080006088 (0x30402673) x12 0x0000000000000a00
core   0: 0x000000008000608c (0x344025f3) csrrs   a1, mip, zero
core   0: 3 0x000000008000608c (0x344025f3) x11 0x0000000000000080
core   0: 0x0000000080006090 (0x343025f3) csrrs   a1, mtval, zero
core   0: 3 0x0000000080006090 (0x343025f3) x11 0x000000007b0e60f3
core   0: 0x0000000080006094 (0x14302573) csrrs   a0, stval, zero
core   0: 3 0x0000000080006094 (0x14302573) x10 0x0000000000000000
core   0: 0x0000000080006098 (0xb02024f3) csrrs   s1, minstret, zero
core   0: 3 0x0000000080006098 (0xb02024f3) x9  0x000000000000102f
core   0: 0x000000008000609c (0x0000a811) c.j     pc + 20
core   0: 3 0x000000008000609c (0xa811)
core   0: >>>>  mepc_4
core   0: 0x00000000800060b0 (0x00000791) c.addi  a5, 4
core   0: 3 0x00000000800060b0 (0x0791) x15 0x000000008000586a
core   0: 0x00000000800060b2 (0x34179073) csrrw   zero, mepc, a5
core   0: 3 0x00000000800060b2 (0x34179073) c833_mepc 0x000000008000586a
core   0: 0x00000000800060b6 (0x30200073) mret
core   0: 3 0x00000000800060b6 (0x30200073) c768_mstatus 0x8000000a00106080
core   0: 0x000000008000586a (0x00d34333) xor     t1, t1, a3
core   0: 1 0x000000008000586a (0x00d34333) x6  0x0000000000000199
core   0: 0x000000008000586e (0x0052d133) srl     sp, t0, t0
core   0: 1 0x000000008000586e (0x0052d133) x2  0x0000000000000500
core   0: 0x0000000080005872 (0x09c10c93) addi    s9, sp, 156
core   0: 1 0x0000000080005872 (0x09c10c93) x25 0x000000000000059c
core   0: 0x0000000080005876 (0x01fbdc1b) srliw   s8, s7, 31
core   0: 1 0x0000000080005876 (0x01fbdc1b) x24 0x0000000000000001
core   0: 0x000000008000587a (0x40165c93) srai    s9, a2, 1
core   0: 1 0x000000008000587a (0x40165c93) x25 0x0000000000000500
core   0: 0x000000008000587e (0x13e4f7c7) fmsub.d fa5, fs1, ft10, ft2
core   0: 1 0x000000008000587e (0x13e4f7c7) f15 0x7ff8000000000000
core   0: 0x0000000080005882 (0x002e10bb) sllw    ra, t3, sp
core   0: 1 0x0000000080005882 (0x002e10bb) x1  0xfffffffffffffd9a
core   0: 0x0000000080005886 (0x5a08f8d3) fsqrt.d fa7, fa7
core   0: 1 0x0000000080005886 (0x5a08f8d3) f17 0x7ff8000000000000
core   0: 0x000000008000588a (0x1ac67753) fdiv.d  fa4, fa2, fa2
core   0: 1 0x000000008000588a (0x1ac67753) f14 0x7ff8000000000000
core   0: 0x000000008000588e (0x03895a33) divu    s4, s2, s8
core   0: 1 0x000000008000588e (0x03895a33) x20 0x0000000000000000
core   0: 0x0000000080005892 (0xf31879cb) fnmsub.d fs3, fa6, fa7, ft10
core   0: 1 0x0000000080005892 (0xf31879cb) f19 0x7ff8000000000000
core   0: 0x0000000080005896 (0x4005803b) subw    zero, a1, zero
core   0: 1 0x0000000080005896 (0x4005803b)
core   0: 0x000000008000589a (0x0245eeb3) rem     t4, a1, tp
core   0: 1 0x000000008000589a (0x0245eeb3) x29 0x000000007b0e60f3
core   0: 0x000000008000589e (0x02e59933) mulh    s2, a1, a4
core   0: 1 0x000000008000589e (0x02e59933) x18 0x0000000000000000
core   0: 0x00000000800058a2 (0x3064bef3) csrrc   t4, mcounteren, s1
core   0: exception trap_illegal_instruction, epc 0x00000000800058a2
core   0:           tval 0x000000003064bef3
core   0: >>>>  $xrv64i2p1_m2p0_a2p1_f2p2_d2p2_zicsr2p0_zifencei2p0_zmmul1p0_zba1p0_zbb1p0_zbc1p0_zbs1p0
core   0: 0x0000000080004000 (0x0080006f) j       pc + 0x8
core   0: 3 0x0000000080004000 (0x0080006f)
core   0: >>>>  mmode_exception_handler
core   0: 0x0000000080004008 (0x00002c17) auipc   s8, 0x2
core   0: 3 0x0000000080004008 (0x00002c17) x24 0x0000000080006008
core   0: 0x000000008000400c (0x074c0c13) addi    s8, s8, 116
core   0: 3 0x000000008000400c (0x074c0c13) x24 0x000000008000607c
core   0: 0x0000000080004010 (0x000c00e7) jalr    s8
core   0: 3 0x0000000080004010 (0x000c00e7) x1  0x0000000080004014
core   0: >>>>  any_handler
core   0: 0x000000008000607c (0x341027f3) csrrs   a5, mepc, zero
core   0: 3 0x000000008000607c (0x341027f3) x15 0x00000000800058a2
core   0: 0x0000000080006080 (0x34202773) csrrs   a4, mcause, zero
core   0: 3 0x0000000080006080 (0x34202773) x14 0x0000000000000002
core   0: 0x0000000080006084 (0x142026f3) csrrs   a3, scause, zero
core   0: 3 0x0000000080006084 (0x142026f3) x13 0x0000000000000000
core   0: 0x0000000080006088 (0x30402673) csrrs   a2, mie, zero
core   0: 3 0x0000000080006088 (0x30402673) x12 0x0000000000000a00
core   0: 0x000000008000608c (0x344025f3) csrrs   a1, mip, zero
core   0: 3 0x000000008000608c (0x344025f3) x11 0x0000000000000080
core   0: 0x0000000080006090 (0x343025f3) csrrs   a1, mtval, zero
core   0: 3 0x0000000080006090 (0x343025f3) x11 0x000000003064bef3
core   0: 0x0000000080006094 (0x14302573) csrrs   a0, stval, zero
core   0: 3 0x0000000080006094 (0x14302573) x10 0x0000000000000000
core   0: 0x0000000080006098 (0xb02024f3) csrrs   s1, minstret, zero
core   0: 3 0x0000000080006098 (0xb02024f3) x9  0x000000000000104d
core   0: 0x000000008000609c (0x0000a811) c.j     pc + 20
core   0: 3 0x000000008000609c (0xa811)
core   0: >>>>  mepc_4
core   0: 0x00000000800060b0 (0x00000791) c.addi  a5, 4
core   0: 3 0x00000000800060b0 (0x0791) x15 0x00000000800058a6
core   0: 0x00000000800060b2 (0x34179073) csrrw   zero, mepc, a5
core   0: 3 0x00000000800060b2 (0x34179073) c833_mepc 0x00000000800058a6
core   0: 0x00000000800060b6 (0x30200073) mret
core   0: 3 0x00000000800060b6 (0x30200073) c768_mstatus 0x8000000a00106080
core   0: 0x00000000800058a6 (0x91800897) auipc   a7, 0x91800
core   0: 1 0x00000000800058a6 (0x91800897) x17 0x00000000118058a6
core   0: 0x00000000800058aa (0x2b331353) fmax.d  ft6, ft6, fs3
core   0: 1 0x00000000800058aa (0x2b331353) f6  0x0000000000000000
core   0: 0x00000000800058ae (0x00dd5d3b) srlw    s10, s10, a3
core   0: 1 0x00000000800058ae (0x00dd5d3b) x26 0x0000000000000001
core   0: 0x00000000800058b2 (0x00000001) c.nop
core   0: 1 0x00000000800058b2 (0x0001)
core   0: 0x00000000800058b4 (0x121e879b) addiw   a5, t4, 289
core   0: 1 0x00000000800058b4 (0x121e879b) x15 0x000000007b0e6214
core   0: 0x00000000800058b8 (0x00000001) c.nop
core   0: 1 0x00000000800058b8 (0x0001)
core   0: 0x00000000800058ba (0xc2297a53) fcvt.l.d s4, fs2
core   0: 1 0x00000000800058ba (0xc2297a53) c1_fflags 0x000000000000001f x20 0x7fffffffffffffff
core   0: 0x00000000800058be (0x1b7f7ad3) fdiv.d  fs5, ft10, fs7
core   0: 1 0x00000000800058be (0x1b7f7ad3) f21 0x7ff8000000000000
core   0: 0x00000000800058c2 (0xc0337253) fcvt.lu.s tp, ft6
core   0: 1 0x00000000800058c2 (0xc0337253) c1_fflags 0x000000000000001f x4  0xffffffffffffffff
core   0: 0x00000000800058c6 (0xab66714f) fnmadd.d ft2, fa2, fs6, fs5
core   0: 1 0x00000000800058c6 (0xab66714f) f2  0x7ff8000000000000
core   0: 0x00000000800058ca (0xd03d7253) fcvt.s.lu ft4, s10
core   0: 1 0x00000000800058ca (0xd03d7253) f4  0xffffffff3f800000
core   0: 0x00000000800058ce (0x00ba4633) xor     a2, s4, a1
core   0: 1 0x00000000800058ce (0x00ba4633) x12 0x7fffffffcf9b410c
core   0: 0x00000000800058d2 (0x03f71313) slli    t1, a4, 63
core   0: 1 0x00000000800058d2 (0x03f71313) x6  0x0000000000000000
core   0: 0x00000000800058d6 (0x0066d6b3) srl     a3, a3, t1
core   0: 1 0x00000000800058d6 (0x0066d6b3) x13 0x0000000000000000
core   0: 0x00000000800058da (0xe2020e53) fmv.x.d t3, ft4
core   0: 1 0x00000000800058da (0xe2020e53) x28 0xffffffff3f800000
core   0: 0x00000000800058de (0x404b023b) subw    tp, s6, tp
core   0: 1 0x00000000800058de (0x404b023b) x4  0xffffffff80004015
core   0: 0x00000000800058e2 (0x122bf9d3) fmul.d  fs3, fs7, ft2
core   0: 1 0x00000000800058e2 (0x122bf9d3) f19 0x7ff8000000000000
core   0: 0x00000000800058e6 (0x407b5a9b) sraiw   s5, s6, 7
core   0: 1 0x00000000800058e6 (0x407b5a9b) x21 0xffffffffff000080
core   0: 0x00000000800058ea (0x40ba88bb) subw    a7, s5, a1
core   0: 1 0x00000000800058ea (0x40ba88bb) x17 0xffffffffce9b418d
core   0: 0x00000000800058ee (0x036cd9b3) divu    s3, s9, s6
core   0: 1 0x00000000800058ee (0x036cd9b3) x19 0x0000000000000000
core   0: 0x00000000800058f2 (0x401bf553) fcvt.s.d fa0, fs7
core   0: 1 0x00000000800058f2 (0x401bf553) f10 0xffffffffc3cc8000
core   0: 0x00000000800058f6 (0x2ec8cbb7) lui     s7, 0x2ec8c
core   0: 1 0x00000000800058f6 (0x2ec8cbb7) x23 0x000000002ec8c000
core   0: 0x00000000800058fa (0xa2088bd3) fle.d   s7, fa7, ft0
core   0: 1 0x00000000800058fa (0xa2088bd3) c1_fflags 0x000000000000001f x23 0x0000000000000000
core   0: 0x00000000800058fe (0x13457dd3) fmul.d  fs11, fa0, fs4
core   0: 1 0x00000000800058fe (0x13457dd3) f27 0x7ff8000000000000
core   0: 0x0000000080005902 (0x23c2ae53) fsgnjx.d ft8, ft5, ft8
core   0: 1 0x0000000080005902 (0x23c2ae53) f28 0x7ff8000000000000
core   0: 0x0000000080005906 (0x3ab5f3c3) fmadd.d ft7, fa1, fa1, ft7
core   0: 1 0x0000000080005906 (0x3ab5f3c3) f7  0x7ff8000000000000
core   0: 0x000000008000590a (0x27a8e813) ori     a6, a7, 634
core   0: 1 0x000000008000590a (0x27a8e813) x16 0xffffffffce9b43ff
core   0: 0x000000008000590e (0x8abb78c3) fmadd.d fa7, fs6, fa1, fa7
core   0: 1 0x000000008000590e (0x8abb78c3) f17 0x7ff8000000000000
core   0: 0x0000000080005912 (0xd022ffd3) fcvt.s.l ft11, t0
core   0: 1 0x0000000080005912 (0xd022ffd3) f31 0xffffffff44a00000
core   0: 0x0000000080005916 (0x00fed03b) srlw    zero, t4, a5
core   0: 1 0x0000000080005916 (0x00fed03b)
core   0: 0x000000008000591a (0x03607043) fmadd.d ft0, ft0, fs6, ft0
core   0: 1 0x000000008000591a (0x03607043) f0  0x7ff8000000000000
core   0: 0x000000008000591e (0xd02178d3) fcvt.s.l fa7, sp
core   0: 1 0x000000008000591e (0xd02178d3) f17 0xffffffff44a00000
core   0: 0x0000000080005922 (0x01880533) add     a0, a6, s8
core   0: 1 0x0000000080005922 (0x01880533) x10 0x000000004e9ba47b
core   0: 0x0000000080005926 (0x0398e433) rem     s0, a7, s9
core   0: 1 0x0000000080005926 (0x0398e433) x8  0xfffffffffffffb8d
core   0: 0x000000008000592a (0x2bde93d3) fmax.d  ft7, ft9, ft9
core   0: 1 0x000000008000592a (0x2bde93d3) f7  0x4079900000000000
core   0: 0x000000008000592e (0x420686d3) fcvt.d.s fa3, fa3
core   0: 1 0x000000008000592e (0x420686d3) f13 0x7ff8000000000000
core   0: 0x0000000080005932 (0x316a5497) auipc   s1, 0x316a5
core   0: 1 0x0000000080005932 (0x316a5497) x9  0x00000000b16aa932
core   0: 0x0000000080005936 (0x001026f3) csrrs   a3, fflags, zero
core   0: 1 0x0000000080005936 (0x001026f3) x13 0x000000000000001f
core   0: 0x000000008000593a (0xd026f753) fcvt.s.l fa4, a3
core   0: 1 0x000000008000593a (0xd026f753) f14 0xffffffff41f80000
core   0: 0x000000008000593e (0x00e623b3) slt     t2, a2, a4
core   0: 1 0x000000008000593e (0x00e623b3) x7  0x0000000000000000
core   0: 0x0000000080005942 (0xd2048e53) fcvt.d.w ft8, s1
core   0: 1 0x0000000080005942 (0xd2048e53) f28 0xc1d3a555b3800000
core   0: 0x0000000080005946 (0xd2070353) fcvt.d.w ft6, a4
core   0: 1 0x0000000080005946 (0xd2070353) f6  0x4000000000000000
core   0: 0x000000008000594a (0xc21f7d53) fcvt.wu.d s10, ft10
core   0: 1 0x000000008000594a (0xc21f7d53) c1_fflags 0x000000000000001f x26 0xffffffffffffffff
core   0: 0x000000008000594e (0x22631b53) fsgnjn.d fs6, ft6, ft6
core   0: 1 0x000000008000594e (0x22631b53) f22 0xc000000000000000
core   0: 0x0000000080005952 (0x1dbc70b7) lui     ra, 0x1dbc7
core   0: 1 0x0000000080005952 (0x1dbc70b7) x1  0x000000001dbc7000
core   0: 0x0000000080005956 (0x41d8053b) subw    a0, a6, t4
core   0: 1 0x0000000080005956 (0x41d8053b) x10 0x00000000538ce30c
core   0: 0x000000008000595a (0x0378c7bb) divw    a5, a7, s7
core   0: 1 0x000000008000595a (0x0378c7bb) x15 0xffffffffffffffff
core   0: 0x000000008000595e (0xc03b7153) fcvt.lu.s sp, fs6
core   0: 1 0x000000008000595e (0xc03b7153) c1_fflags 0x000000000000001f x2  0xffffffffffffffff
core   0: 0x0000000080005962 (0x00ab043b) addw    s0, s6, a0
core   0: 1 0x0000000080005962 (0x00ab043b) x8  0xffffffffd38d2320
core   0: 0x0000000080005966 (0x0160d91b) srliw   s2, ra, 22
core   0: 1 0x0000000080005966 (0x0160d91b) x18 0x0000000000000076
core   0: 0x000000008000596a (0x4087d49b) sraiw   s1, a5, 8
core   0: 1 0x000000008000596a (0x4087d49b) x9  0xffffffffffffffff
core   0: 0x000000008000596e (0x002b1b73) csrrw   s6, frm, s6
core   0: 1 0x000000008000596e (0x002b1b73) x22 0x0000000000000000 c2_frm 0x0000000000000004
core   0: 0x0000000080005972 (0x034d7a33) remu    s4, s10, s4
core   0: 1 0x0000000080005972 (0x034d7a33) x20 0x0000000000000001
core   0: 0x0000000080005976 (0x40167a53) fcvt.s.d fs4, fa2
core   0: 1 0x0000000080005976 (0x40167a53) f20 0xffffffff7fc00000
core   0: 0x000000008000597a (0x02b460b3) rem     ra, s0, a1
core   0: 1 0x000000008000597a (0x02b460b3) x1  0xffffffffd38d2320
core   0: 0x000000008000597e (0x004403bb) addw    t2, s0, tp
core   0: 1 0x000000008000597e (0x004403bb) x7  0x00000000538d6335
core   0: 0x0000000080005982 (0xf20a08d3) fmv.d.x fa7, s4
core   0: 1 0x0000000080005982 (0xf20a08d3) f17 0x0000000000000001
core   0: 0x0000000080005986 (0x023d81bb) mulw    gp, s11, gp
core   0: 1 0x0000000080005986 (0x023d81bb) x3  0x0000000011efab0e
core   0: 0x000000008000598a (0x2b188153) fmin.d  ft2, fa7, fa7
core   0: 1 0x000000008000598a (0x2b188153) f2  0x0000000000000001
core   0: 0x000000008000598e (0x4077d7b3) sra     a5, a5, t2
core   0: 1 0x000000008000598e (0x4077d7b3) x15 0xffffffffffffffff
core   0: 0x0000000080005992 (0x8b9df947) fmsub.d fs2, fs11, fs9, fa7
core   0: 1 0x0000000080005992 (0x8b9df947) f18 0x7ff8000000000000
core   0: 0x0000000080005996 (0x418d8dbb) subw    s11, s11, s8
core   0: 1 0x0000000080005996 (0x418d8dbb) x27 0x000000007fffac83
core   0: 0x000000008000599a (0x3cb78c9b) addiw   s9, a5, 971
core   0: 1 0x000000008000599a (0x3cb78c9b) x25 0x00000000000003ca
core   0: 0x000000008000599e (0x226105d3) fsgnj.d fa1, ft2, ft6
core   0: 1 0x000000008000599e (0x226105d3) f11 0x0000000000000001
core   0: 0x00000000800059a2 (0x00fdd3bb) srlw    t2, s11, a5
core   0: 1 0x00000000800059a2 (0x00fdd3bb) x7  0x0000000000000000
core   0: 0x00000000800059a6 (0x039651b3) divu    gp, a2, s9
core   0: 1 0x00000000800059a6 (0x039651b3) x3  0x0021c80caaf7fa86
core   0: 0x00000000800059aa (0xd2028fd3) fcvt.d.w ft11, t0
core   0: 1 0x00000000800059aa (0xd2028fd3) f31 0x4094000000000000
core   0: 0x00000000800059ae (0x002992f3) csrrw   t0, frm, s3
core   0: 1 0x00000000800059ae (0x002992f3) x5  0x0000000000000004 c2_frm 0x0000000000000000
core   0: 0x00000000800059b2 (0x4c8d8613) addi    a2, s11, 1224
core   0: 1 0x00000000800059b2 (0x4c8d8613) x12 0x000000007fffb14b
core   0: 0x00000000800059b6 (0xd027fdd3) fcvt.s.l fs11, a5
core   0: 1 0x00000000800059b6 (0xd027fdd3) f27 0xffffffffbf800000
core   0: 0x00000000800059ba (0x002613f3) csrrw   t2, frm, a2
core   0: 1 0x00000000800059ba (0x002613f3) x7  0x0000000000000000 c2_frm 0x0000000000000003
core   0: 0x00000000800059be (0x9f401837) lui     a6, 0x9f401
core   0: 1 0x00000000800059be (0x9f401837) x16 0xffffffff9f401000
core   0: 0x00000000800059c2 (0x404380b3) sub     ra, t2, tp
core   0: 1 0x00000000800059c2 (0x404380b3) x1  0x000000007fffbfeb
core   0: 0x00000000800059c6 (0xc035f6d3) fcvt.lu.s a3, fa1
core   0: 1 0x00000000800059c6 (0xc035f6d3) c1_fflags 0x000000000000001f x13 0xffffffffffffffff
core   0: 0x00000000800059ca (0x106d9073) csrrw   zero, scounteren, s11
core   0: 1 0x00000000800059ca (0x106d9073) c262_scounteren 0x0000000000000000
core   0: 0x00000000800059ce (0x02529233) mulh    tp, t0, t0
core   0: 1 0x00000000800059ce (0x02529233) x4  0x0000000000000000
core   0: 0x00000000800059d2 (0x22211a53) fsgnjn.d fs4, ft2, ft2
core   0: 1 0x00000000800059d2 (0x22211a53) f20 0x8000000000000001
core   0: 0x00000000800059d6 (0x1254f2cb) fnmsub.d ft5, fs1, ft5, ft2
core   0: 1 0x00000000800059d6 (0x1254f2cb) f5  0x7ff8000000000000
core   0: 0x00000000800059da (0x2bb489d3) fmin.d  fs3, fs1, fs11
core   0: 1 0x00000000800059da (0x2bb489d3) f19 0x7ff8000000000000
core   0: 0x00000000800059de (0x00000001) c.nop
core   0: 1 0x00000000800059de (0x0001)
core   0: 0x00000000800059e0 (0x225b1b53) fsgnjn.d fs6, fs6, ft5
core   0: 1 0x00000000800059e0 (0x225b1b53) f22 0xc000000000000000
core   0: 0x00000000800059e4 (0x0000856a) c.mv    a0, s10
core   0: 1 0x00000000800059e4 (0x856a) x10 0xffffffffffffffff
core   0: 0x00000000800059e6 (0x2a3282d3) fmin.d  ft5, ft5, ft3
core   0: 1 0x00000000800059e6 (0x2a3282d3) f5  0x7ff8000000000000
core   0: 0x00000000800059ea (0x41c6073b) subw    a4, a2, t3
core   0: 1 0x00000000800059ea (0x41c6073b) x14 0x00000000407fb14b
core   0: 0x00000000800059ee (0x0ac2f5d3) fsub.d  fa1, ft5, fa2
core   0: 1 0x00000000800059ee (0x0ac2f5d3) f11 0x7ff8000000000000
core   0: 0x00000000800059f2 (0x41565ab3) sra     s5, a2, s5
core   0: 1 0x00000000800059f2 (0x41565ab3) x21 0x000000007fffb14b
core   0: 0x00000000800059f6 (0x03060133) mul     sp, a2, a6
core   0: 1 0x00000000800059f6 (0x03060133) x2  0xcfa025bee2d4b000
core   0: 0x00000000800059fa (0xc21cf1d3) fcvt.wu.d gp, fs9
core   0: 1 0x00000000800059fa (0xc21cf1d3) c1_fflags 0x000000000000001f x3  0xffffffffffffffff
core   0: 0x00000000800059fe (0xf15db3f3) csrrc   t2, mconfigptr, s11
core   0: exception trap_illegal_instruction, epc 0x00000000800059fe
core   0:           tval 0x00000000f15db3f3
core   0: >>>>  $xrv64i2p1_m2p0_a2p1_f2p2_d2p2_zicsr2p0_zifencei2p0_zmmul1p0_zba1p0_zbb1p0_zbc1p0_zbs1p0
core   0: 0x0000000080004000 (0x0080006f) j       pc + 0x8
core   0: 3 0x0000000080004000 (0x0080006f)
core   0: >>>>  mmode_exception_handler
core   0: 0x0000000080004008 (0x00002c17) auipc   s8, 0x2
core   0: 3 0x0000000080004008 (0x00002c17) x24 0x0000000080006008
core   0: 0x000000008000400c (0x074c0c13) addi    s8, s8, 116
core   0: 3 0x000000008000400c (0x074c0c13) x24 0x000000008000607c
core   0: 0x0000000080004010 (0x000c00e7) jalr    s8
core   0: 3 0x0000000080004010 (0x000c00e7) x1  0x0000000080004014
core   0: >>>>  any_handler
core   0: 0x000000008000607c (0x341027f3) csrrs   a5, mepc, zero
core   0: 3 0x000000008000607c (0x341027f3) x15 0x00000000800059fe
core   0: 0x0000000080006080 (0x34202773) csrrs   a4, mcause, zero
core   0: 3 0x0000000080006080 (0x34202773) x14 0x0000000000000002
core   0: 0x0000000080006084 (0x142026f3) csrrs   a3, scause, zero
core   0: 3 0x0000000080006084 (0x142026f3) x13 0x0000000000000000
core   0: 0x0000000080006088 (0x30402673) csrrs   a2, mie, zero
core   0: 3 0x0000000080006088 (0x30402673) x12 0x0000000000000a00
core   0: 0x000000008000608c (0x344025f3) csrrs   a1, mip, zero
core   0: 3 0x000000008000608c (0x344025f3) x11 0x0000000000000080
core   0: 0x0000000080006090 (0x343025f3) csrrs   a1, mtval, zero
core   0: 3 0x0000000080006090 (0x343025f3) x11 0x00000000f15db3f3
core   0: 0x0000000080006094 (0x14302573) csrrs   a0, stval, zero
core   0: 3 0x0000000080006094 (0x14302573) x10 0x0000000000000000
core   0: 0x0000000080006098 (0xb02024f3) csrrs   s1, minstret, zero
core   0: 3 0x0000000080006098 (0xb02024f3) x9  0x00000000000010b5
core   0: 0x000000008000609c (0x0000a811) c.j     pc + 20
core   0: 3 0x000000008000609c (0xa811)
core   0: >>>>  mepc_4
core   0: 0x00000000800060b0 (0x00000791) c.addi  a5, 4
core   0: 3 0x00000000800060b0 (0x0791) x15 0x0000000080005a02
core   0: 0x00000000800060b2 (0x34179073) csrrw   zero, mepc, a5
core   0: 3 0x00000000800060b2 (0x34179073) c833_mepc 0x0000000080005a02
core   0: 0x00000000800060b6 (0x30200073) mret
core   0: 3 0x00000000800060b6 (0x30200073) c768_mstatus 0x8000000a00106080
core   0: 0x0000000080005a02 (0x00008d65) c.and   a0, s1
core   0: 1 0x0000000080005a02 (0x8d65) x10 0x0000000000000000
core   0: 0x0000000080005a04 (0x95dea117) auipc   sp, 0x95dea
core   0: 1 0x0000000080005a04 (0x95dea117) x2  0x0000000015defa04
core   0: 0x0000000080005a08 (0xd038f053) fcvt.s.lu ft0, a7
core   0: 1 0x0000000080005a08 (0xd038f053) c1_fflags 0x000000000000001f f0  0xffffffff5f800000
core   0: 0x0000000080005a0c (0x031c23b3) mulhsu  t2, s8, a7
core   0: 1 0x0000000080005a0c (0x031c23b3) x7  0x000000008000607b
core   0: 0x0000000080005a10 (0x03cc5e33) divu    t3, s8, t3
core   0: 1 0x0000000080005a10 (0x03cc5e33) x28 0x0000000000000000
core   0: 0x0000000080005a14 (0x2ad1f94f) fnmadd.d fs2, ft3, fa3, ft5
core   0: 1 0x0000000080005a14 (0x2ad1f94f) f18 0x7ff8000000000000
core   0: 0x0000000080005a18 (0x007585bb) addw    a1, a1, t2
core   0: 1 0x0000000080005a18 (0x007585bb) x11 0x00000000715e146e
core   0: 0x0000000080005a1c (0x008aab33) slt     s6, s5, s0
core   0: 1 0x0000000080005a1c (0x008aab33) x22 0x0000000000000000
core   0: 0x0000000080005a20 (0x0ff0000f) fence   iorw,iorw
core   0: 1 0x0000000080005a20 (0x0ff0000f)
core   0: 0x0000000080005a24 (0x401b5213) srai    tp, s6, 1
core   0: 1 0x0000000080005a24 (0x401b5213) x4  0x0000000000000000
core   0: 0x0000000080005a28 (0x015b1533) sll     a0, s6, s5
core   0: 1 0x0000000080005a28 (0x015b1533) x10 0x0000000000000000
core   0: 0x0000000080005a2c (0x2b7b9053) fmax.d  ft0, fs7, fs7
core   0: 1 0x0000000080005a2c (0x2b7b9053) f0  0xc079900000000000
core   0: 0x0000000080005a30 (0x1af7f453) fdiv.d  fs0, fa5, fa5
core   0: 1 0x0000000080005a30 (0x1af7f453) f8  0x7ff8000000000000
core   0: 0x0000000080005a34 (0x43c07bc3) fmadd.d fs7, ft0, ft8, fs0
core   0: 1 0x0000000080005a34 (0x43c07bc3) f23 0x7ff8000000000000
core   0: 0x0000000080005a38 (0x00c7959b) slliw   a1, a5, 12
core   0: 1 0x0000000080005a38 (0x00c7959b) x11 0x0000000005a02000
core   0: 0x0000000080005a3c (0x034a03b3) mul     t2, s4, s4
core   0: 1 0x0000000080005a3c (0x034a03b3) x7  0x0000000000000001
core   0: 0x0000000080005a40 (0x5a0bf853) fsqrt.d fa6, fs7
core   0: 1 0x0000000080005a40 (0x5a0bf853) f16 0x7ff8000000000000
core   0: 0x0000000080005a44 (0xd20383d3) fcvt.d.w ft7, t2
core   0: 1 0x0000000080005a44 (0xd20383d3) f7  0x3ff0000000000000
core   0: 0x0000000080005a48 (0x02321cb3) mulh    s9, tp, gp
core   0: 1 0x0000000080005a48 (0x02321cb3) x25 0x0000000000000000
core   0: 0x0000000080005a4c (0x039d7a33) remu    s4, s10, s9
core   0: 1 0x0000000080005a4c (0x039d7a33) x20 0xffffffffffffffff
core   0: 0x0000000080005a50 (0x000b5b13) srli    s6, s6, 0
core   0: 1 0x0000000080005a50 (0x000b5b13) x22 0x0000000000000000
core   0: 0x0000000080005a54 (0x026a16b3) mulh    a3, s4, t1
core   0: 1 0x0000000080005a54 (0x026a16b3) x13 0x0000000000000000
core   0: 0x0000000080005a58 (0x00002585) c.addiw a1, 1
core   0: 1 0x0000000080005a58 (0x2585) x11 0x0000000005a02001
core   0: 0x0000000080005a5a (0xc218f553) fcvt.wu.d a0, fa7
core   0: 1 0x0000000080005a5a (0xc218f553) c1_fflags 0x000000000000001f x10 0x0000000000000001
core   0: 0x0000000080005a5e (0x5a077c53) fsqrt.d fs8, fa4
core   0: 1 0x0000000080005a5e (0x5a077c53) f24 0x7ff8000000000000
core   0: 0x0000000080005a62 (0x0113181b) slliw   a6, t1, 17
core   0: 1 0x0000000080005a62 (0x0113181b) x16 0x0000000000000000
core   0: 0x0000000080005a66 (0x0a487453) fsub.d  fs0, fa6, ft4
core   0: 1 0x0000000080005a66 (0x0a487453) f8  0x7ff8000000000000
core   0: 0x0000000080005a6a (0xa3ad8c53) fle.d   s8, fs11, fs10
core   0: 1 0x0000000080005a6a (0xa3ad8c53) c1_fflags 0x000000000000001f x24 0x0000000000000000
core   0: 0x0000000080005a6e (0x018ccd33) xor     s10, s9, s8
core   0: 1 0x0000000080005a6e (0x018ccd33) x26 0x0000000000000000
core   0: 0x0000000080005a72 (0x4012d293) srai    t0, t0, 1
core   0: 1 0x0000000080005a72 (0x4012d293) x5  0x0000000000000002
core   0: 0x0000000080005a76 (0xe2080b53) fmv.x.d s6, fa6
core   0: 1 0x0000000080005a76 (0xe2080b53) x22 0x7ff8000000000000
core   0: 0x0000000080005a7a (0x2a8714d3) fmax.d  fs1, fa4, fs0
core   0: 1 0x0000000080005a7a (0x2a8714d3) f9  0x7ff8000000000000
core   0: 0x0000000080005a7e (0x0194dcb3) srl     s9, s1, s9
core   0: 1 0x0000000080005a7e (0x0194dcb3) x25 0x00000000000010b5
core   0: 0x0000000080005a82 (0x0131e433) or      s0, gp, s3
core   0: 1 0x0000000080005a82 (0x0131e433) x8  0xffffffffffffffff
core   0: 0x0000000080005a86 (0xac4eeeb7) lui     t4, 0xac4ee
core   0: 1 0x0000000080005a86 (0xac4eeeb7) x29 0xffffffffac4ee000
core   0: 0x0000000080005a8a (0x0a3af453) fsub.d  fs0, fs5, ft3
core   0: 1 0x0000000080005a8a (0x0a3af453) f8  0x7ff8000000000000
core   0: 0x0000000080005a8e (0x00f14db3) xor     s11, sp, a5
core   0: 1 0x0000000080005a8e (0x00f14db3) x27 0x0000000095dea006
core   0: 0x0000000080005a92 (0x00251573) csrrw   a0, frm, a0
core   0: 1 0x0000000080005a92 (0x00251573) x10 0x0000000000000003 c2_frm 0x0000000000000001
core   0: 0x0000000080005a96 (0x22f8a6d3) fsgnjx.d fa3, fa7, fa5
core   0: 1 0x0000000080005a96 (0x22f8a6d3) f13 0x0000000000000001
core   0: 0x0000000080005a9a (0x05159237) lui     tp, 0x5159
core   0: 1 0x0000000080005a9a (0x05159237) x4  0x0000000005159000
core   0: 0x0000000080005a9e (0xa112021b) addiw   tp, tp, -1519
core   0: 1 0x0000000080005a9e (0xa112021b) x4  0x0000000005158a11
core   0: 0x0000000080005aa2 (0x00000232) c.slli  tp, 12
core   0: 1 0x0000000080005aa2 (0x0232) x4  0x0000005158a11000
core   0: 0x0000000080005aa4 (0x5da20213) addi    tp, tp, 1498
core   0: 1 0x0000000080005aa4 (0x5da20213) x4  0x0000005158a115da
core   0: 0x0000000080005aa8 (0x0210a3b3) mulhsu  t2, ra, ra
core   0: 1 0x0000000080005aa8 (0x0210a3b3) x7  0x0000000000000000
core   0: 0x0000000080005aac (0xc03d7053) fcvt.lu.s zero, fs10
core   0: 1 0x0000000080005aac (0xc03d7053) c1_fflags 0x000000000000001f
core   0: 0x0000000080005ab0 (0x03695b33) divu    s6, s2, s6
core   0: 1 0x0000000080005ab0 (0x03695b33) x22 0x0000000000000000
core   0: 0x0000000080005ab4 (0x3209fe73) csrrci  t3, mcountinhibit, 19
core   0: exception trap_illegal_instruction, epc 0x0000000080005ab4
core   0:           tval 0x000000003209fe73
core   0: >>>>  $xrv64i2p1_m2p0_a2p1_f2p2_d2p2_zicsr2p0_zifencei2p0_zmmul1p0_zba1p0_zbb1p0_zbc1p0_zbs1p0
core   0: 0x0000000080004000 (0x0080006f) j       pc + 0x8
core   0: 3 0x0000000080004000 (0x0080006f)
core   0: >>>>  mmode_exception_handler
core   0: 0x0000000080004008 (0x00002c17) auipc   s8, 0x2
core   0: 3 0x0000000080004008 (0x00002c17) x24 0x0000000080006008
core   0: 0x000000008000400c (0x074c0c13) addi    s8, s8, 116
core   0: 3 0x000000008000400c (0x074c0c13) x24 0x000000008000607c
core   0: 0x0000000080004010 (0x000c00e7) jalr    s8
core   0: 3 0x0000000080004010 (0x000c00e7) x1  0x0000000080004014
core   0: >>>>  any_handler
core   0: 0x000000008000607c (0x341027f3) csrrs   a5, mepc, zero
core   0: 3 0x000000008000607c (0x341027f3) x15 0x0000000080005ab4
core   0: 0x0000000080006080 (0x34202773) csrrs   a4, mcause, zero
core   0: 3 0x0000000080006080 (0x34202773) x14 0x0000000000000002
core   0: 0x0000000080006084 (0x142026f3) csrrs   a3, scause, zero
core   0: 3 0x0000000080006084 (0x142026f3) x13 0x0000000000000000
core   0: 0x0000000080006088 (0x30402673) csrrs   a2, mie, zero
core   0: 3 0x0000000080006088 (0x30402673) x12 0x0000000000000a00
core   0: 0x000000008000608c (0x344025f3) csrrs   a1, mip, zero
core   0: 3 0x000000008000608c (0x344025f3) x11 0x0000000000000080
core   0: 0x0000000080006090 (0x343025f3) csrrs   a1, mtval, zero
core   0: 3 0x0000000080006090 (0x343025f3) x11 0x000000003209fe73
core   0: 0x0000000080006094 (0x14302573) csrrs   a0, stval, zero
core   0: 3 0x0000000080006094 (0x14302573) x10 0x0000000000000000
core   0: 0x0000000080006098 (0xb02024f3) csrrs   s1, minstret, zero
core   0: 3 0x0000000080006098 (0xb02024f3) x9  0x00000000000010f3
core   0: 0x000000008000609c (0x0000a811) c.j     pc + 20
core   0: 3 0x000000008000609c (0xa811)
core   0: >>>>  mepc_4
core   0: 0x00000000800060b0 (0x00000791) c.addi  a5, 4
core   0: 3 0x00000000800060b0 (0x0791) x15 0x0000000080005ab8
core   0: 0x00000000800060b2 (0x34179073) csrrw   zero, mepc, a5
core   0: 3 0x00000000800060b2 (0x34179073) c833_mepc 0x0000000080005ab8
core   0: 0x00000000800060b6 (0x30200073) mret
core   0: 3 0x00000000800060b6 (0x30200073) c768_mstatus 0x8000000a00106080
core   0: 0x0000000080005ab8 (0x0016541b) srliw   s0, a2, 1
core   0: 1 0x0000000080005ab8 (0x0016541b) x8  0x0000000000000500
core   0: 0x0000000080005abc (0xa2d204d3) fle.d   s1, ft4, fa3
core   0: 1 0x0000000080005abc (0xa2d204d3) c1_fflags 0x000000000000001f x9  0x0000000000000000
core   0: 0x0000000080005ac0 (0x0168f1b3) and     gp, a7, s6
core   0: 1 0x0000000080005ac0 (0x0168f1b3) x3  0x0000000000000000
core   0: 0x0000000080005ac4 (0x232d1fd3) fsgnjn.d ft11, fs10, fs2
core   0: 1 0x0000000080005ac4 (0x232d1fd3) f31 0x8000000000000000
core   0: 0x0000000080005ac8 (0x411b0ebb) subw    t4, s6, a7
core   0: 1 0x0000000080005ac8 (0x411b0ebb) x29 0x000000003164be73
core   0: 0x0000000080005acc (0x1b097753) fdiv.d  fa4, fs2, fa6
core   0: 1 0x0000000080005acc (0x1b097753) f14 0x7ff8000000000000
core   0: 0x0000000080005ad0 (0x03d152b3) divu    t0, sp, t4
core   0: 1 0x0000000080005ad0 (0x03d152b3) x5  0x0000000000000000
core   0: 0x0000000080005ad4 (0xc22f77d3) fcvt.l.d a5, ft10
core   0: 1 0x0000000080005ad4 (0xc22f77d3) c1_fflags 0x000000000000001f x15 0x7fffffffffffffff
core   0: 0x0000000080005ad8 (0xc2277b53) fcvt.l.d s6, fa4
core   0: 1 0x0000000080005ad8 (0xc2277b53) c1_fflags 0x000000000000001f x22 0x7fffffffffffffff
core   0: 0x0000000080005adc (0x00102573) csrrs   a0, fflags, zero
core   0: 1 0x0000000080005adc (0x00102573) x10 0x000000000000001f
core   0: 0x0000000080005ae0 (0x00000001) c.nop
core   0: 1 0x0000000080005ae0 (0x0001)
core   0: 0x0000000080005ae2 (0x4145de9b) sraiw   t4, a1, 20
core   0: 1 0x0000000080005ae2 (0x4145de9b) x29 0x0000000000000320
core   0: 0x0000000080005ae6 (0x00a3169b) slliw   a3, t1, 10
core   0: 1 0x0000000080005ae6 (0x00a3169b) x13 0x0000000000000000
core   0: 0x0000000080005aea (0xc0387153) fcvt.lu.s sp, fa6
core   0: 1 0x0000000080005aea (0xc0387153) c1_fflags 0x000000000000001f x2  0xffffffffffffffff
core   0: 0x0000000080005aee (0x2ae71253) fmax.d  ft4, fa4, fa4
core   0: 1 0x0000000080005aee (0x2ae71253) f4  0x7ff8000000000000
core   0: 0x0000000080005af2 (0x40e25433) sra     s0, tp, a4
core   0: 1 0x0000000080005af2 (0x40e25433) x8  0x0000001456284576
core   0: 0x0000000080005af6 (0x22b189d3) fsgnj.d fs3, ft3, fa1
core   0: 1 0x0000000080005af6 (0x22b189d3) f19 0x7fffffffc4a62000
core   0: 0x0000000080005afa (0x23ef2ad3) fsgnjx.d fs5, ft10, ft10
core   0: 1 0x0000000080005afa (0x23ef2ad3) f21 0x7ff8000000000000
core   0: 0x0000000080005afe (0xd036f853) fcvt.s.lu fa6, a3
core   0: 1 0x0000000080005afe (0xd036f853) f16 0xffffffff00000000
core   0: 0x0000000080005b02 (0x40b1de9b) sraiw   t4, gp, 11
core   0: 1 0x0000000080005b02 (0x40b1de9b) x29 0x0000000000000000
core   0: 0x0000000080005b06 (0xcd93e837) lui     a6, 0xcd93e
core   0: 1 0x0000000080005b06 (0xcd93e837) x16 0xffffffffcd93e000
core   0: 0x0000000080005b0a (0x0107d933) srl     s2, a5, a6
core   0: 1 0x0000000080005b0a (0x0107d933) x18 0x7fffffffffffffff
core   0: 0x0000000080005b0e (0x038b2db3) mulhsu  s11, s6, s8
core   0: 1 0x0000000080005b0e (0x038b2db3) x27 0x000000004000303d
core   0: 0x0000000080005b12 (0x018987b3) add     a5, s3, s8
core   0: 1 0x0000000080005b12 (0x018987b3) x15 0x000000008000607c
core   0: 0x0000000080005b16 (0x021550b3) divu    ra, a0, ra
core   0: 1 0x0000000080005b16 (0x021550b3) x1  0x0000000000000000
core   0: 0x0000000080005b1a (0xcd354d93) xori    s11, a0, -813
core   0: 1 0x0000000080005b1a (0xcd354d93) x27 0xfffffffffffffccc
core   0: 0x0000000080005b1e (0x001116f3) csrrw   a3, fflags, sp
core   0: 1 0x0000000080005b1e (0x001116f3) x13 0x000000000000001f c1_fflags 0x000000000000001f
core   0: 0x0000000080005b22 (0x41b6d73b) sraw    a4, a3, s11
core   0: 1 0x0000000080005b22 (0x41b6d73b) x14 0x0000000000000000
core   0: 0x0000000080005b26 (0xc21877d3) fcvt.wu.d a5, fa6
core   0: 1 0x0000000080005b26 (0xc21877d3) c1_fflags 0x000000000000001f x15 0xffffffffffffffff
core   0: 0x0000000080005b2a (0x02a4d993) srli    s3, s1, 42
core   0: 1 0x0000000080005b2a (0x02a4d993) x19 0x0000000000000000
core   0: 0x0000000080005b2e (0xc22ffed3) fcvt.l.d t4, ft11
core   0: 1 0x0000000080005b2e (0xc22ffed3) x29 0x0000000000000000
core   0: 0x0000000080005b32 (0x237f2bd3) fsgnjx.d fs7, ft10, fs7
core   0: 1 0x0000000080005b32 (0x237f2bd3) f23 0x7ff8000000000000
core   0: 0x0000000080005b36 (0x3067a7f3) csrrs   a5, mcounteren, a5
core   0: exception trap_illegal_instruction, epc 0x0000000080005b36
core   0:           tval 0x000000003067a7f3
core   0: >>>>  $xrv64i2p1_m2p0_a2p1_f2p2_d2p2_zicsr2p0_zifencei2p0_zmmul1p0_zba1p0_zbb1p0_zbc1p0_zbs1p0
core   0: 0x0000000080004000 (0x0080006f) j       pc + 0x8
core   0: 3 0x0000000080004000 (0x0080006f)
core   0: >>>>  mmode_exception_handler
core   0: 0x0000000080004008 (0x00002c17) auipc   s8, 0x2
core   0: 3 0x0000000080004008 (0x00002c17) x24 0x0000000080006008
core   0: 0x000000008000400c (0x074c0c13) addi    s8, s8, 116
core   0: 3 0x000000008000400c (0x074c0c13) x24 0x000000008000607c
core   0: 0x0000000080004010 (0x000c00e7) jalr    s8
core   0: 3 0x0000000080004010 (0x000c00e7) x1  0x0000000080004014
core   0: >>>>  any_handler
core   0: 0x000000008000607c (0x341027f3) csrrs   a5, mepc, zero
core   0: 3 0x000000008000607c (0x341027f3) x15 0x0000000080005b36
core   0: 0x0000000080006080 (0x34202773) csrrs   a4, mcause, zero
core   0: 3 0x0000000080006080 (0x34202773) x14 0x0000000000000002
core   0: 0x0000000080006084 (0x142026f3) csrrs   a3, scause, zero
core   0: 3 0x0000000080006084 (0x142026f3) x13 0x0000000000000000
core   0: 0x0000000080006088 (0x30402673) csrrs   a2, mie, zero
core   0: 3 0x0000000080006088 (0x30402673) x12 0x0000000000000a00
core   0: 0x000000008000608c (0x344025f3) csrrs   a1, mip, zero
core   0: 3 0x000000008000608c (0x344025f3) x11 0x0000000000000080
core   0: 0x0000000080006090 (0x343025f3) csrrs   a1, mtval, zero
core   0: 3 0x0000000080006090 (0x343025f3) x11 0x000000003067a7f3
core   0: 0x0000000080006094 (0x14302573) csrrs   a0, stval, zero
core   0: 3 0x0000000080006094 (0x14302573) x10 0x0000000000000000
core   0: 0x0000000080006098 (0xb02024f3) csrrs   s1, minstret, zero
core   0: 3 0x0000000080006098 (0xb02024f3) x9  0x0000000000001123
core   0: 0x000000008000609c (0x0000a811) c.j     pc + 20
core   0: 3 0x000000008000609c (0xa811)
core   0: >>>>  mepc_4
core   0: 0x00000000800060b0 (0x00000791) c.addi  a5, 4
core   0: 3 0x00000000800060b0 (0x0791) x15 0x0000000080005b3a
core   0: 0x00000000800060b2 (0x34179073) csrrw   zero, mepc, a5
core   0: 3 0x00000000800060b2 (0x34179073) c833_mepc 0x0000000080005b3a
core   0: 0x00000000800060b6 (0x30200073) mret
core   0: 3 0x00000000800060b6 (0x30200073) c768_mstatus 0x8000000a00106080
core   0: 0x0000000080005b3a (0x14878a9b) addiw   s5, a5, 328
core   0: 1 0x0000000080005b3a (0x14878a9b) x21 0xffffffff80005c82
core   0: 0x0000000080005b3e (0x1bbdf6d3) fdiv.d  fa3, fs11, fs11
core   0: 1 0x0000000080005b3e (0x1bbdf6d3) f13 0x7ff8000000000000
core   0: 0x0000000080005b42 (0x003191bb) sllw    gp, gp, gp
core   0: 1 0x0000000080005b42 (0x003191bb) x3  0x0000000000000000
core   0: 0x0000000080005b46 (0x0201de93) srli    t4, gp, 32
core   0: 1 0x0000000080005b46 (0x0201de93) x29 0x0000000000000000
core   0: 0x0000000080005b4a (0x00f257bb) srlw    a5, tp, a5
core   0: 1 0x0000000080005b4a (0x00f257bb) x15 0x0000000000000016
core   0: 0x0000000080005b4e (0xd2168253) fcvt.d.wu ft4, a3
core   0: 1 0x0000000080005b4e (0xd2168253) f4  0x0000000000000000
core   0: 0x0000000080005b52 (0x43fed393) srai    t2, t4, 63
core   0: 1 0x0000000080005b52 (0x43fed393) x7  0x0000000000000000
core   0: 0x0000000080005b56 (0x0084d8b3) srl     a7, s1, s0
core   0: 1 0x0000000080005b56 (0x0084d8b3) x17 0x0000000000000000
core   0: 0x0000000080005b5a (0x0254c9b3) div     s3, s1, t0
core   0: 1 0x0000000080005b5a (0x0254c9b3) x19 0xffffffffffffffff
core   0: 0x0000000080005b5e (0x5a0e7553) fsqrt.d fa0, ft8
core   0: 1 0x0000000080005b5e (0x5a0e7553) c1_fflags 0x000000000000001f f10 0x7ff8000000000000
core   0: 0x0000000080005b62 (0x22a402d3) fsgnj.d ft5, fs0, fa0
core   0: 1 0x0000000080005b62 (0x22a402d3) f5  0x7ff8000000000000
core   0: 0x0000000080005b66 (0x0338d23b) divuw   tp, a7, s3
core   0: 1 0x0000000080005b66 (0x0338d23b) x4  0x0000000000000000
core   0: 0x0000000080005b6a (0x14452bf3) csrrs   s7, sip, a0
core   0: 1 0x0000000080005b6a (0x14452bf3) x23 0x0000000000000000 c836_mip 0x0000000000000080
core   0: 0x0000000080005b6e (0x019249b3) xor     s3, tp, s9
core   0: 1 0x0000000080005b6e (0x019249b3) x19 0x00000000000010b5
core   0: 0x0000000080005b72 (0x01a66e33) or      t3, a2, s10
core   0: 1 0x0000000080005b72 (0x01a66e33) x28 0x0000000000000a00
core   0: 0x0000000080005b76 (0x00e9513b) srlw    sp, s2, a4
core   0: 1 0x0000000080005b76 (0x00e9513b) x2  0x000000003fffffff
core   0: 0x0000000080005b7a (0x4b5879cf) fnmadd.d fs3, fa6, fs5, fs1
core   0: 1 0x0000000080005b7a (0x4b5879cf) f19 0x7ff8000000000000
core   0: 0x0000000080005b7e (0x42008f53) fcvt.d.s ft10, ft1
core   0: 1 0x0000000080005b7e (0x42008f53) f30 0x0000000000000000
core   0: 0x0000000080005b82 (0x001024f3) csrrs   s1, fflags, zero
core   0: 1 0x0000000080005b82 (0x001024f3) x9  0x000000000000001f
core   0: 0x0000000080005b86 (0x9214fe13) andi    t3, s1, -1759
core   0: 1 0x0000000080005b86 (0x9214fe13) x28 0x0000000000000001
core   0: 0x0000000080005b8a (0xd02172d3) fcvt.s.l ft5, sp
core   0: 1 0x0000000080005b8a (0xd02172d3) c1_fflags 0x000000000000001f f5  0xffffffff4e7fffff
core   0: 0x0000000080005b8e (0x03f49213) slli    tp, s1, 63
core   0: 1 0x0000000080005b8e (0x03f49213) x4  0x8000000000000000
core   0: 0x0000000080005b92 (0xc02a74d3) fcvt.l.s s1, fs4
core   0: 1 0x0000000080005b92 (0xc02a74d3) c1_fflags 0x000000000000001f x9  0x7fffffffffffffff
core   0: 0x0000000080005b96 (0x411cd893) srai    a7, s9, 17
core   0: 1 0x0000000080005b96 (0x411cd893) x17 0x0000000000000000
core   0: 0x0000000080005b9a (0xc029fbd3) fcvt.l.s s7, fs3
core   0: 1 0x0000000080005b9a (0xc029fbd3) c1_fflags 0x000000000000001f x23 0x7fffffffffffffff
core   0: 0x0000000080005b9e (0x02c07153) fadd.d  ft2, ft0, fa2
core   0: 1 0x0000000080005b9e (0x02c07153) f2  0x7ff8000000000000
core   0: 0x0000000080005ba2 (0x40a0853b) subw    a0, ra, a0
core   0: 1 0x0000000080005ba2 (0x40a0853b) x10 0xffffffff80004014
core   0: 0x0000000080005ba6 (0x419cddb3) sra     s11, s9, s9
core   0: 1 0x0000000080005ba6 (0x419cddb3) x27 0x0000000000000000
core   0: 0x0000000080005baa (0xd21c85d3) fcvt.d.wu fa1, s9
core   0: 1 0x0000000080005baa (0xd21c85d3) f11 0x40b0b50000000000
core   0: 0x0000000080005bae (0x014a073b) addw    a4, s4, s4
core   0: 1 0x0000000080005bae (0x014a073b) x14 0xfffffffffffffffe
core   0: 0x0000000080005bb2 (0xd2140e53) fcvt.d.wu ft8, s0
core   0: 1 0x0000000080005bb2 (0xd2140e53) f28 0x41d58a115d800000
core   0: 0x0000000080005bb6 (0x401af553) fcvt.s.d fa0, fs5
core   0: 1 0x0000000080005bb6 (0x401af553) f10 0xffffffff7fc00000
core   0: 0x0000000080005bba (0xc21efed3) fcvt.wu.d t4, ft9
core   0: 1 0x0000000080005bba (0xc21efed3) x29 0x0000000000000199
core   0: 0x0000000080005bbe (0x02d592b3) mulh    t0, a1, a3
core   0: 1 0x0000000080005bbe (0x02d592b3) x5  0x0000000000000000
core   0: 0x0000000080005bc2 (0x8001041b) addiw   s0, sp, -2048
core   0: 1 0x0000000080005bc2 (0x8001041b) x8  0x000000003ffff7ff
core   0: 0x0000000080005bc6 (0x0ff0000f) fence   iorw,iorw
core   0: 1 0x0000000080005bc6 (0x0ff0000f)
core   0: 0x0000000080005bca (0xd21282d3) fcvt.d.wu ft5, t0
core   0: 1 0x0000000080005bca (0xd21282d3) f5  0x0000000000000000
core   0: 0x0000000080005bce (0x008b0bbb) addw    s7, s6, s0
core   0: 1 0x0000000080005bce (0x008b0bbb) x23 0x000000003ffff7fe
core   0: 0x0000000080005bd2 (0x00008505) c.srai  a0, 1
core   0: 1 0x0000000080005bd2 (0x8505) x10 0xffffffffc000200a
core   0: 0x0000000080005bd4 (0xe45dcb93) xori    s7, s11, -443
core   0: 1 0x0000000080005bd4 (0xe45dcb93) x23 0xfffffffffffffe45
core   0: 0x0000000080005bd8 (0x401583bb) subw    t2, a1, ra
core   0: 1 0x0000000080005bd8 (0x401583bb) x7  0xffffffffb06767df
core   0: 0x0000000080005bdc (0xff054437) lui     s0, 0xff054
core   0: 1 0x0000000080005bdc (0xff054437) x8  0xffffffffff054000
core   0: 0x0000000080005be0 (0xfc74041b) addiw   s0, s0, -57
core   0: 1 0x0000000080005be0 (0xfc74041b) x8  0xffffffffff053fc7
core   0: 0x0000000080005be4 (0x0000043a) c.slli  s0, 14
core   0: 1 0x0000000080005be4 (0x043a) x8  0xffffffc14ff1c000
core   0: 0x0000000080005be6 (0x08f40413) addi    s0, s0, 143
core   0: 1 0x0000000080005be6 (0x08f40413) x8  0xffffffc14ff1c08f
core   0: 0x0000000080005bea (0x18b4be93) sltiu   t4, s1, 395
core   0: 1 0x0000000080005bea (0x18b4be93) x29 0x0000000000000000
core   0: 0x0000000080005bee (0x027cccbb) divw    s9, s9, t2
core   0: 1 0x0000000080005bee (0x027cccbb) x25 0x0000000000000000
core   0: 0x0000000080005bf2 (0x0ff0000f) fence   iorw,iorw
core   0: 1 0x0000000080005bf2 (0x0ff0000f)
core   0: 0x0000000080005bf6 (0x40c45d3b) sraw    s10, s0, a2
core   0: 1 0x0000000080005bf6 (0x40c45d3b) x26 0x000000004ff1c08f
core   0: 0x0000000080005bfa (0x9abc5717) auipc   a4, 0x9abc5
core   0: 1 0x0000000080005bfa (0x9abc5717) x14 0x000000001abcabfa
core   0: 0x0000000080005bfe (0x0007d79b) srliw   a5, a5, 0
core   0: 1 0x0000000080005bfe (0x0007d79b) x15 0x0000000000000016
core   0: 0x0000000080005c02 (0x02bab5b3) mulhu   a1, s5, a1
core   0: 1 0x0000000080005c02 (0x02bab5b3) x11 0x000000003067a7f2
core   0: 0x0000000080005c06 (0x40a58c3b) subw    s8, a1, a0
core   0: 1 0x0000000080005c06 (0x40a58c3b) x24 0x00000000706787e8
core   0: 0x0000000080005c0a (0xa25e02d3) fle.d   t0, ft8, ft5
core   0: 1 0x0000000080005c0a (0xa25e02d3) x5  0x0000000000000000
core   0: 0x0000000080005c0e (0x65f36493) ori     s1, t1, 1631
core   0: 1 0x0000000080005c0e (0x65f36493) x9  0x000000000000065f
core   0: 0x0000000080005c12 (0x002098f3) csrrw   a7, frm, ra
core   0: 1 0x0000000080005c12 (0x002098f3) x17 0x0000000000000001 c2_frm 0x0000000000000004
core   0: 0x0000000080005c16 (0x417e083b) subw    a6, t3, s7
core   0: 1 0x0000000080005c16 (0x417e083b) x16 0x00000000000001bc
core   0: 0x0000000080005c1a (0x23be0dd3) fsgnj.d fs11, ft8, fs11
core   0: 1 0x0000000080005c1a (0x23be0dd3) f27 0xc1d58a115d800000
core   0: 0x0000000080005c1e (0x000bf893) andi    a7, s7, 0
core   0: 1 0x0000000080005c1e (0x000bf893) x17 0x0000000000000000
core   0: 0x0000000080005c22 (0x0ff0000f) fence   iorw,iorw
core   0: 1 0x0000000080005c22 (0x0ff0000f)
core   0: 0x0000000080005c26 (0x2ac995d3) fmax.d  fa1, fs3, fa2
core   0: 1 0x0000000080005c26 (0x2ac995d3) f11 0x7ff8000000000000
core   0: 0x0000000080005c2a (0xd225fed3) fcvt.d.l ft9, a1
core   0: 1 0x0000000080005c2a (0xd225fed3) f29 0x41c833d3f9000000
core   0: 0x0000000080005c2e (0x1b0bf853) fdiv.d  fa6, fs7, fa6
core   0: 1 0x0000000080005c2e (0x1b0bf853) f16 0x7ff8000000000000
core   0: 0x0000000080005c32 (0xd21602d3) fcvt.d.wu ft5, a2
core   0: 1 0x0000000080005c32 (0xd21602d3) f5  0x40a4000000000000
core   0: 0x0000000080005c36 (0x01a2521b) srliw   tp, tp, 26
core   0: 1 0x0000000080005c36 (0x01a2521b) x4  0x0000000000000000
core   0: 0x0000000080005c3a (0x415d5813) srai    a6, s10, 21
core   0: 1 0x0000000080005c3a (0x415d5813) x16 0x000000000000027f
core   0: 0x0000000080005c3e (0xc036f0d3) fcvt.lu.s ra, fa3
core   0: 1 0x0000000080005c3e (0xc036f0d3) c1_fflags 0x000000000000001f x1  0xffffffffffffffff
core   0: 0x0000000080005c42 (0x8a12fc4f) fnmadd.d fs8, ft5, ft1, fa7
core   0: 1 0x0000000080005c42 (0x8a12fc4f) f24 0x7ff8000000000000
core   0: 0x0000000080005c46 (0xd03bf9d3) fcvt.s.lu fs3, s7
core   0: 1 0x0000000080005c46 (0xd03bf9d3) c1_fflags 0x000000000000001f f19 0xffffffff5f800000
core   0: 0x0000000080005c4a (0x1049edf3) csrrsi  s11, sie, 19
core   0: 1 0x0000000080005c4a (0x1049edf3) x27 0x0000000000000000 c772_mie 0x0000000000000a00
core   0: 0x0000000080005c4e (0x14066473) csrrsi  s0, sscratch, 12
core   0: 1 0x0000000080005c4e (0x14066473) x8  0x0000000000000000 c320_sscratch 0x000000000000000c
core   0: 0x0000000080005c52 (0xcc405417) auipc   s0, 0xcc405
core   0: 1 0x0000000080005c52 (0xcc405417) x8  0x000000004c40ac52
core   0: 0x0000000080005c56 (0x401c7e53) fcvt.s.d ft8, fs8
core   0: 1 0x0000000080005c56 (0x401c7e53) f28 0xffffffff7fc00000
core   0: 0x0000000080005c5a (0x0151ad33) slt     s10, gp, s5
core   0: 1 0x0000000080005c5a (0x0151ad33) x26 0x0000000000000000
core   0: 0x0000000080005c5e (0x021a70d3) fadd.d  ft1, fs4, ft1
core   0: 1 0x0000000080005c5e (0x021a70d3) f1  0x7ff8000000000000
core   0: 0x0000000080005c62 (0x02a920b3) mulhsu  ra, s2, a0
core   0: 1 0x0000000080005c62 (0x02a920b3) x1  0x7fffffffe0001004
core   0: 0x0000000080005c66 (0x00918abb) addw    s5, gp, s1
core   0: 1 0x0000000080005c66 (0x00918abb) x21 0x000000000000065f
core   0: 0x0000000080005c6a (0x0ff0000f) fence   iorw,iorw
core   0: 1 0x0000000080005c6a (0x0ff0000f)
core   0: 0x0000000080005c6e (0x23cf8dd3) fsgnj.d fs11, ft11, ft8
core   0: 1 0x0000000080005c6e (0x23cf8dd3) f27 0x8000000000000000
core   0: 0x0000000080005c72 (0x000b979b) slliw   a5, s7, 0
core   0: 1 0x0000000080005c72 (0x000b979b) x15 0xfffffffffffffe45
core   0: 0x0000000080005c76 (0x018d1c33) sll     s8, s10, s8
core   0: 1 0x0000000080005c76 (0x018d1c33) x24 0x0000000000000000
core   0: 0x0000000080005c7a (0x1bacf6d3) fdiv.d  fa3, fs9, fs10
core   0: 1 0x0000000080005c7a (0x1bacf6d3) f13 0x7ff8000000000000
core   0: 0x0000000080005c7e (0x00202ef3) csrrs   t4, frm, zero
core   0: 1 0x0000000080005c7e (0x00202ef3) x29 0x0000000000000004
core   0: 0x0000000080005c82 (0x4016f8d3) fcvt.s.d fa7, fa3
core   0: 1 0x0000000080005c82 (0x4016f8d3) f17 0xffffffff7fc00000
core   0: 0x0000000080005c86 (0xe2058753) fmv.x.d a4, fa1
core   0: 1 0x0000000080005c86 (0xe2058753) x14 0x7ff8000000000000
core   0: 0x0000000080005c8a (0x00008dcd) c.or    a1, a1
core   0: 1 0x0000000080005c8a (0x8dcd) x11 0x000000003067a7f2
core   0: 0x0000000080005c8c (0x2a7684d3) fmin.d  fs1, fa3, ft7
core   0: 1 0x0000000080005c8c (0x2a7684d3) f9  0x3ff0000000000000
core   0: 0x0000000080005c90 (0x0115d43b) srlw    s0, a1, a7
core   0: 1 0x0000000080005c90 (0x0115d43b) x8  0x000000003067a7f2
core   0: 0x0000000080005c94 (0x1bf60613) addi    a2, a2, 447
core   0: 1 0x0000000080005c94 (0x1bf60613) x12 0x0000000000000bbf
core   0: 0x0000000080005c98 (0x01585dbb) srlw    s11, a6, s5
core   0: 1 0x0000000080005c98 (0x01585dbb) x27 0x0000000000000000
core   0: 0x0000000080005c9c (0x01b390bb) sllw    ra, t2, s11
core   0: 1 0x0000000080005c9c (0x01b390bb) x1  0xffffffffb06767df
core   0: 0x0000000080005ca0 (0x5a04f353) fsqrt.d ft6, fs1
core   0: 1 0x0000000080005ca0 (0x5a04f353) f6  0x3ff0000000000000
core   0: 0x0000000080005ca4 (0x104c7c73) csrrci  s8, sie, 24
core   0: 1 0x0000000080005ca4 (0x104c7c73) x24 0x0000000000000000 c772_mie 0x0000000000000a00
core   0: 0x0000000080005ca8 (0x001d1cb3) sll     s9, s10, ra
core   0: 1 0x0000000080005ca8 (0x001d1cb3) x25 0x0000000000000000
core   0: 0x0000000080005cac (0x41fa5e1b) sraiw   t3, s4, 31
core   0: 1 0x0000000080005cac (0x41fa5e1b) x28 0xffffffffffffffff
core   0: 0x0000000080005cb0 (0x0024573b) srlw    a4, s0, sp
core   0: 1 0x0000000080005cb0 (0x0024573b) x14 0x0000000000000000
core   0: 0x0000000080005cb4 (0x2a001ad3) fmax.d  fs5, ft0, ft0
core   0: 1 0x0000000080005cb4 (0x2a001ad3) f21 0xc079900000000000
core   0: 0x0000000080005cb8 (0x00009d86) c.add   s11, ra
core   0: 1 0x0000000080005cb8 (0x9d86) x27 0xffffffffb06767df
core   0: 0x0000000080005cba (0xf0b0e193) ori     gp, ra, -245
core   0: 1 0x0000000080005cba (0xf0b0e193) x3  0xffffffffffffffdf
core   0: 0x0000000080005cbe (0x011d96bb) sllw    a3, s11, a7
core   0: 1 0x0000000080005cbe (0x011d96bb) x13 0xffffffffb06767df
core   0: 0x0000000080005cc2 (0x03407a3b) remuw   s4, zero, s4
core   0: 1 0x0000000080005cc2 (0x03407a3b) x20 0x0000000000000000
core   0: 0x0000000080005cc6 (0x2881e437) lui     s0, 0x2881e
core   0: 1 0x0000000080005cc6 (0x2881e437) x8  0x000000002881e000
core   0: 0x0000000080005cca (0x0005d51b) srliw   a0, a1, 0
core   0: 1 0x0000000080005cca (0x0005d51b) x10 0x000000003067a7f2
core   0: 0x0000000080005cce (0x2a810053) fmin.d  ft0, ft2, fs0
core   0: 1 0x0000000080005cce (0x2a810053) f0  0x7ff8000000000000
core   0: 0x0000000080005cd2 (0x40157453) fcvt.s.d fs0, fa0
core   0: 1 0x0000000080005cd2 (0x40157453) f8  0xffffffff7fc00000
core   0: 0x0000000080005cd6 (0x0b8e7253) fsub.d  ft4, ft8, fs8
core   0: 1 0x0000000080005cd6 (0x0b8e7253) f4  0x7ff8000000000000
core   0: 0x0000000080005cda (0xd2357b53) fcvt.d.lu fs6, a0
core   0: 1 0x0000000080005cda (0xd2357b53) f22 0x41c833d3f9000000
core   0: 0x0000000080005cde (0x000353bb) srlw    t2, t1, zero
core   0: 1 0x0000000080005cde (0x000353bb) x7  0x0000000000000000
core   0: 0x0000000080005ce2 (0xc2327a53) fcvt.lu.d s4, ft4
core   0: 1 0x0000000080005ce2 (0xc2327a53) c1_fflags 0x000000000000001f x20 0xffffffffffffffff
core   0: 0x0000000080005ce6 (0x410e0b33) sub     s6, t3, a6
core   0: 1 0x0000000080005ce6 (0x410e0b33) x22 0xfffffffffffffd80
core   0: 0x0000000080005cea (0x0a3a7953) fsub.d  fs2, fs4, ft3
core   0: 1 0x0000000080005cea (0x0a3a7953) f18 0x7ff8000000000000
core   0: 0x0000000080005cee (0x2230a1d3) fsgnjx.d ft3, ft1, ft3
core   0: 1 0x0000000080005cee (0x2230a1d3) f3  0xfff8000000000000
core   0: 0x0000000080005cf2 (0x039cd513) srli    a0, s9, 57
core   0: 1 0x0000000080005cf2 (0x039cd513) x10 0x0000000000000000
core   0: 0x0000000080005cf6 (0x001191f3) csrrw   gp, fflags, gp
core   0: 1 0x0000000080005cf6 (0x001191f3) x3  0x000000000000001f c1_fflags 0x000000000000001f
core   0: 0x0000000080005cfa (0xe83e4e13) xori    t3, t3, -381
core   0: 1 0x0000000080005cfa (0xe83e4e13) x28 0x000000000000017c
core   0: 0x0000000080005cfe (0x0380b0b3) mulhu   ra, ra, s8
core   0: 1 0x0000000080005cfe (0x0380b0b3) x1  0x0000000000000000
core   0: 0x0000000080005d02 (0x00108b33) add     s6, ra, ra
core   0: 1 0x0000000080005d02 (0x00108b33) x22 0x0000000000000000
core   0: 0x0000000080005d06 (0x40ce0e3b) subw    t3, t3, a2
core   0: 1 0x0000000080005d06 (0x40ce0e3b) x28 0xfffffffffffff5bd
core   0: 0x0000000080005d0a (0x7bc7fe43) fmadd.d ft8, fa5, ft8, fa5
core   0: 1 0x0000000080005d0a (0x7bc7fe43) f28 0x7ff8000000000000
core   0: 0x0000000080005d0e (0x00a82d33) slt     s10, a6, a0
core   0: 1 0x0000000080005d0e (0x00a82d33) x26 0x0000000000000000
core   0: 0x0000000080005d12 (0x5a06f353) fsqrt.d ft6, fa3
core   0: 1 0x0000000080005d12 (0x5a06f353) f6  0x7ff8000000000000
core   0: 0x0000000080005d16 (0x01ab0333) add     t1, s6, s10
core   0: 1 0x0000000080005d16 (0x01ab0333) x6  0x0000000000000000
core   0: 0x0000000080005d1a (0x012665b3) or      a1, a2, s2
core   0: 1 0x0000000080005d1a (0x012665b3) x11 0x7fffffffffffffff
core   0: 0x0000000080005d1e (0xc23370d3) fcvt.lu.d ra, ft6
core   0: 1 0x0000000080005d1e (0xc23370d3) c1_fflags 0x000000000000001f x1  0xffffffffffffffff
core   0: 0x0000000080005d22 (0x03c0e53b) remw    a0, ra, t3
core   0: 1 0x0000000080005d22 (0x03c0e53b) x10 0xffffffffffffffff
core   0: 0x0000000080005d26 (0x420604d3) fcvt.d.s fs1, fa2
core   0: 1 0x0000000080005d26 (0x420604d3) f9  0x7ff8000000000000
core   0: 0x0000000080005d2a (0x01619abb) sllw    s5, gp, s6
core   0: 1 0x0000000080005d2a (0x01619abb) x21 0x000000000000001f
core   0: 0x0000000080005d2e (0x0ff0000f) fence   iorw,iorw
core   0: 1 0x0000000080005d2e (0x0ff0000f)
core   0: 0x0000000080005d32 (0x828079cf) fnmadd.d fs3, ft0, fs0, fa6
core   0: 1 0x0000000080005d32 (0x828079cf) f19 0x7ff8000000000000
core   0: 0x0000000080005d36 (0xc23570d3) fcvt.lu.d ra, fa0
core   0: 1 0x0000000080005d36 (0xc23570d3) c1_fflags 0x000000000000001f x1  0xffffffffffffffff
core   0: 0x0000000080005d3a (0x9a8a7a4b) fnmsub.d fs4, fs4, fs0, fs3
core   0: 1 0x0000000080005d3a (0x9a8a7a4b) f20 0x7ff8000000000000
core   0: 0x0000000080005d3e (0xfe6d2db7) lui     s11, 0xfe6d2
core   0: 1 0x0000000080005d3e (0xfe6d2db7) x27 0xfffffffffe6d2000
core   0: 0x0000000080005d42 (0x861d8d9b) addiw   s11, s11, -1951
core   0: 1 0x0000000080005d42 (0x861d8d9b) x27 0xfffffffffe6d1861
core   0: 0x0000000080005d46 (0x00000db2) c.slli  s11, 12
core   0: 1 0x0000000080005d46 (0x0db2) x27 0xffffffe6d1861000
core   0: 0x0000000080005d48 (0x4b1d8d93) addi    s11, s11, 1201
core   0: 1 0x0000000080005d48 (0x4b1d8d93) x27 0xffffffe6d18614b1
core   0: 0x0000000080005d4c (0x011d173b) sllw    a4, s10, a7
core   0: 1 0x0000000080005d4c (0x011d173b) x14 0x0000000000000000
core   0: 0x0000000080005d50 (0xd2048c53) fcvt.d.w fs8, s1
core   0: 1 0x0000000080005d50 (0xd2048c53) f24 0x40997c0000000000
core   0: 0x0000000080005d54 (0x2b9c05d3) fmin.d  fa1, fs8, fs9
core   0: 1 0x0000000080005d54 (0x2b9c05d3) f11 0x40997c0000000000
core   0: 0x0000000080005d58 (0x003d993b) sllw    s2, s11, gp
core   0: 1 0x0000000080005d58 (0x003d993b) x18 0xffffffff80000000
core   0: 0x0000000080005d5c (0x02d2453b) divw    a0, tp, a3
core   0: 1 0x0000000080005d5c (0x02d2453b) x10 0x0000000000000000
core   0: 0x0000000080005d60 (0xc219f553) fcvt.wu.d a0, fs3
core   0: 1 0x0000000080005d60 (0xc219f553) c1_fflags 0x000000000000001f x10 0xffffffffffffffff
core   0: 0x0000000080005d64 (0x00c019b3) sll     s3, zero, a2
core   0: 1 0x0000000080005d64 (0x00c019b3) x19 0x0000000000000000
core   0: 0x0000000080005d68 (0x01a48d3b) addw    s10, s1, s10
core   0: 1 0x0000000080005d68 (0x01a48d3b) x26 0x000000000000065f
core   0: 0x0000000080005d6c (0x0163509b) srliw   ra, t1, 22
core   0: 1 0x0000000080005d6c (0x0163509b) x1  0x0000000000000000
core   0: 0x0000000080005d70 (0x0320f8bb) remuw   a7, ra, s2
core   0: 1 0x0000000080005d70 (0x0320f8bb) x17 0x0000000000000000
core   0: 0x0000000080005d74 (0xd028fc53) fcvt.s.l fs8, a7
core   0: 1 0x0000000080005d74 (0xd028fc53) f24 0xffffffff00000000
core   0: 0x0000000080005d78 (0x0018d333) srl     t1, a7, ra
core   0: 1 0x0000000080005d78 (0x0018d333) x6  0x0000000000000000
core   0: 0x0000000080005d7c (0x6c455bb7) lui     s7, 0x6c455
core   0: 1 0x0000000080005d7c (0x6c455bb7) x23 0x000000006c455000
core   0: 0x0000000080005d80 (0x0058d933) srl     s2, a7, t0
core   0: 1 0x0000000080005d80 (0x0058d933) x18 0x0000000000000000
core   0: 0x0000000080005d84 (0x000b9113) slli    sp, s7, 0
core   0: 1 0x0000000080005d84 (0x000b9113) x2  0x000000006c455000
core   0: 0x0000000080005d88 (0x4007873b) subw    a4, a5, zero
core   0: 1 0x0000000080005d88 (0x4007873b) x14 0xfffffffffffffe45
core   0: 0x0000000080005d8c (0x00000001) c.nop
core   0: 1 0x0000000080005d8c (0x0001)
core   0: 0x0000000080005d8e (0x01ce4233) xor     tp, t3, t3
core   0: 1 0x0000000080005d8e (0x01ce4233) x4  0x0000000000000000
core   0: 0x0000000080005d92 (0x40565d3b) sraw    s10, a2, t0
core   0: 1 0x0000000080005d92 (0x40565d3b) x26 0x0000000000000bbf
core   0: 0x0000000080005d96 (0x019de6b3) or      a3, s11, s9
core   0: 1 0x0000000080005d96 (0x019de6b3) x13 0xffffffe6d18614b1
core   0: 0x0000000080005d9a (0xc22d7253) fcvt.l.d tp, fs10
core   0: 1 0x0000000080005d9a (0xc22d7253) x4  0x0000000000000000
core   0: 0x0000000080005d9e (0x03ccfe33) remu    t3, s9, t3
core   0: 1 0x0000000080005d9e (0x03ccfe33) x28 0x0000000000000000
core   0: 0x0000000080005da2 (0x0002d613) srli    a2, t0, 0
core   0: 1 0x0000000080005da2 (0x0002d613) x12 0x0000000000000000
core   0: 0x0000000080005da6 (0x221f0453) fsgnj.d fs0, ft10, ft1
core   0: 1 0x0000000080005da6 (0x221f0453) f8  0x0000000000000000
core   0: 0x0000000080005daa (0xe20b90d3) fclass.d ra, fs7
core   0: 1 0x0000000080005daa (0xe20b90d3) x1  0x0000000000000200
core   0: 0x0000000080005dae (0x001027f3) csrrs   a5, fflags, zero
core   0: 1 0x0000000080005dae (0x001027f3) x15 0x000000000000001f
core   0: 0x0000000080005db2 (0x022bfd53) fadd.d  fs10, fs7, ft2
core   0: 1 0x0000000080005db2 (0x022bfd53) f26 0x7ff8000000000000
core   0: 0x0000000080005db6 (0xd25af74b) fnmsub.d fa4, fs5, ft5, fs10
core   0: 1 0x0000000080005db6 (0xd25af74b) f14 0x7ff8000000000000
core   0: 0x0000000080005dba (0x2077eb93) ori     s7, a5, 519
core   0: 1 0x0000000080005dba (0x2077eb93) x23 0x000000000000021f
core   0: 0x0000000080005dbe (0xd026fed3) fcvt.s.l ft9, a3
core   0: 1 0x0000000080005dbe (0xd026fed3) c1_fflags 0x000000000000001f f29 0xffffffffd1c973cf
core   0: 0x0000000080005dc2 (0x00189613) slli    a2, a7, 1
core   0: 1 0x0000000080005dc2 (0x00189613) x12 0x0000000000000000
core   0: 0x0000000080005dc6 (0x40b8d5bb) sraw    a1, a7, a1
core   0: 1 0x0000000080005dc6 (0x40b8d5bb) x11 0x0000000000000000
core   0: 0x0000000080005dca (0xd0217fd3) fcvt.s.l ft11, sp
core   0: 1 0x0000000080005dca (0xd0217fd3) f31 0xffffffff4ed88aa0
core   0: 0x0000000080005dce (0xc21ff553) fcvt.wu.d a0, ft11
core   0: 1 0x0000000080005dce (0xc21ff553) c1_fflags 0x000000000000001f x10 0xffffffffffffffff
core   0: 0x0000000080005dd2 (0x55741c17) auipc   s8, 0x55741
core   0: 1 0x0000000080005dd2 (0x55741c17) x24 0x00000000d5746dd2
core   0: 0x0000000080005dd6 (0x1bf5754b) fnmsub.d fa0, fa0, ft11, ft3
core   0: 1 0x0000000080005dd6 (0x1bf5754b) f10 0x7ff8000000000000
core   0: 0x0000000080005dda (0x00facc33) xor     s8, s5, a5
core   0: 1 0x0000000080005dda (0x00facc33) x24 0x0000000000000000
core   0: 0x0000000080005dde (0x22650d53) fsgnj.d fs10, fa0, ft6
core   0: 1 0x0000000080005dde (0x22650d53) f26 0x7ff8000000000000
core   0: 0x0000000080005de2 (0x022ed93b) divuw   s2, t4, sp
core   0: 1 0x0000000080005de2 (0x022ed93b) x18 0x0000000000000000
core   0: 0x0000000080005de6 (0x00930d33) add     s10, t1, s1
core   0: 1 0x0000000080005de6 (0x00930d33) x26 0x000000000000065f
core   0: 0x0000000080005dea (0x0ff0000f) fence   iorw,iorw
core   0: 1 0x0000000080005dea (0x0ff0000f)
core   0: 0x0000000080005dee (0x5a07fb53) fsqrt.d fs6, fa5
core   0: 1 0x0000000080005dee (0x5a07fb53) f22 0x7ff8000000000000
core   0: 0x0000000080005df2 (0x00202a73) csrrs   s4, frm, zero
core   0: 1 0x0000000080005df2 (0x00202a73) x20 0x0000000000000004
core   0: 0x0000000080005df6 (0x40195a93) srai    s5, s2, 1
core   0: 1 0x0000000080005df6 (0x40195a93) x21 0x0000000000000000
core   0: 0x0000000080005dfa (0x00b0b1b3) sltu    gp, ra, a1
core   0: 1 0x0000000080005dfa (0x00b0b1b3) x3  0x0000000000000000
core   0: 0x0000000080005dfe (0x4baf734f) fnmadd.d ft6, ft10, fs10, fs1
core   0: 1 0x0000000080005dfe (0x4baf734f) f6  0x7ff8000000000000
core   0: 0x0000000080005e02 (0xc204f5d3) fcvt.w.d a1, fs1
core   0: 1 0x0000000080005e02 (0xc204f5d3) c1_fflags 0x000000000000001f x11 0x000000007fffffff
core   0: 0x0000000080005e06 (0x03f59193) slli    gp, a1, 63
core   0: 1 0x0000000080005e06 (0x03f59193) x3  0x8000000000000000
core   0: 0x0000000080005e0a (0x1b6a74d3) fdiv.d  fs1, fs4, fs6
core   0: 1 0x0000000080005e0a (0x1b6a74d3) f9  0x7ff8000000000000
core   0: 0x0000000080005e0e (0x5a0c7b53) fsqrt.d fs6, fs8
core   0: 1 0x0000000080005e0e (0x5a0c7b53) f22 0x7ff8000000000000
core   0: 0x0000000080005e12 (0x40f15313) srai    t1, sp, 15
core   0: 1 0x0000000080005e12 (0x40f15313) x6  0x000000000000d88a
core   0: 0x0000000080005e16 (0x039aa3b7) lui     t2, 0x39aa
core   0: 1 0x0000000080005e16 (0x039aa3b7) x7  0x00000000039aa000
core   0: 0x0000000080005e1a (0x8e93839b) addiw   t2, t2, -1815
core   0: 1 0x0000000080005e1a (0x8e93839b) x7  0x00000000039a98e9
core   0: 0x0000000080005e1e (0x000003b2) c.slli  t2, 12
core   0: 1 0x0000000080005e1e (0x03b2) x7  0x00000039a98e9000
core   0: 0x0000000080005e20 (0x47138393) addi    t2, t2, 1137
core   0: 1 0x0000000080005e20 (0x47138393) x7  0x00000039a98e9471
core   0: 0x0000000080005e24 (0x40167253) fcvt.s.d ft4, fa2
core   0: 1 0x0000000080005e24 (0x40167253) f4  0xffffffff7fc00000
core   0: 0x0000000080005e28 (0x017384bb) addw    s1, t2, s7
core   0: 1 0x0000000080005e28 (0x017384bb) x9  0xffffffffa98e9690
core   0: 0x0000000080005e2c (0x4003d91b) sraiw   s2, t2, 0
core   0: 1 0x0000000080005e2c (0x4003d91b) x18 0xffffffffa98e9471
core   0: 0x0000000080005e30 (0x00079293) slli    t0, a5, 0
core   0: 1 0x0000000080005e30 (0x00079293) x5  0x000000000000001f
core   0: 0x0000000080005e34 (0x41d5553b) sraw    a0, a0, t4
core   0: 1 0x0000000080005e34 (0x41d5553b) x10 0xffffffffffffffff
core   0: 0x0000000080005e38 (0xcaa1f2b7) lui     t0, 0xcaa1f
core   0: 1 0x0000000080005e38 (0xcaa1f2b7) x5  0xffffffffcaa1f000
core   0: 0x0000000080005e3c (0xf2050353) fmv.d.x ft6, a0
core   0: 1 0x0000000080005e3c (0xf2050353) f6  0xffffffffffffffff
core   0: 0x0000000080005e40 (0x03391893) slli    a7, s2, 51
core   0: 1 0x0000000080005e40 (0x03391893) x17 0xa388000000000000
core   0: 0x0000000080005e44 (0x4cb10113) addi    sp, sp, 1227
core   0: 1 0x0000000080005e44 (0x4cb10113) x2  0x000000006c4554cb
core   0: 0x0000000080005e48 (0x41130ab3) sub     s5, t1, a7
core   0: 1 0x0000000080005e48 (0x41130ab3) x21 0x5c7800000000d88a
core   0: 0x0000000080005e4c (0x017c05b3) add     a1, s8, s7
core   0: 1 0x0000000080005e4c (0x017c05b3) x11 0x000000000000021f
core   0: 0x0000000080005e50 (0x22b20853) fsgnj.d fa6, ft4, fa1
core   0: 1 0x0000000080005e50 (0x22b20853) f16 0x7fffffff7fc00000
core   0: 0x0000000080005e54 (0xd21308d3) fcvt.d.wu fa7, t1
core   0: 1 0x0000000080005e54 (0xd21308d3) f17 0x40eb114000000000
core   0: 0x0000000080005e58 (0xc0057513) andi    a0, a0, -1024
core   0: 1 0x0000000080005e58 (0xc0057513) x10 0xfffffffffffffc00
core   0: 0x0000000080005e5c (0x00c4e6b3) or      a3, s1, a2
core   0: 1 0x0000000080005e5c (0x00c4e6b3) x13 0xffffffffa98e9690
core   0: 0x0000000080005e60 (0x5a0871d3) fsqrt.d ft3, fa6
core   0: 1 0x0000000080005e60 (0x5a0871d3) f3  0x7ff8000000000000
core   0: 0x0000000080005e64 (0xfa48f5c3) fmadd.d fa1, fa7, ft4, ft11
core   0: 1 0x0000000080005e64 (0xfa48f5c3) f11 0x7ff8000000000000
core   0: 0x0000000080005e68 (0x0006189b) slliw   a7, a2, 0
core   0: 1 0x0000000080005e68 (0x0006189b) x17 0x0000000000000000
core   0: 0x0000000080005e6c (0x26dfb6b7) lui     a3, 0x26dfb
core   0: 1 0x0000000080005e6c (0x26dfb6b7) x13 0x0000000026dfb000
core   0: 0x0000000080005e70 (0x00102473) csrrs   s0, fflags, zero
core   0: 1 0x0000000080005e70 (0x00102473) x8  0x000000000000001f
core   0: 0x0000000080005e74 (0xc21ffdd3) fcvt.wu.d s11, ft11
core   0: 1 0x0000000080005e74 (0xc21ffdd3) c1_fflags 0x000000000000001f x27 0xffffffffffffffff
core   0: 0x0000000080005e78 (0x400352bb) sraw    t0, t1, zero
core   0: 1 0x0000000080005e78 (0x400352bb) x5  0x000000000000d88a
core   0: 0x0000000080005e7c (0x8002e713) ori     a4, t0, -2048
core   0: 1 0x0000000080005e7c (0x8002e713) x14 0xfffffffffffff88a
core   0: 0x0000000080005e80 (0x00746eb3) or      t4, s0, t2
core   0: 1 0x0000000080005e80 (0x00746eb3) x29 0x00000039a98e947f
core   0: 0x0000000080005e84 (0xd229f7d3) fcvt.d.l fa5, s3
core   0: 1 0x0000000080005e84 (0xd229f7d3) f15 0x0000000000000000
core   0: 0x0000000080005e88 (0x5a05fe53) fsqrt.d ft8, fa1
core   0: 1 0x0000000080005e88 (0x5a05fe53) f28 0x7ff8000000000000
core   0: 0x0000000080005e8c (0x209bcab7) lui     s5, 0x209bc
core   0: 1 0x0000000080005e8c (0x209bcab7) x21 0x00000000209bc000
core   0: 0x0000000080005e90 (0x408e8c3b) subw    s8, t4, s0
core   0: 1 0x0000000080005e90 (0x408e8c3b) x24 0xffffffffa98e9460
core   0: 0x0000000080005e94 (0x035e86bb) mulw    a3, t4, s5
core   0: 1 0x0000000080005e94 (0x035e86bb) x13 0xffffffffb8444000
core   0: 0x0000000080005e98 (0x229484d3) fsgnj.d fs1, fs1, fs1
core   0: 1 0x0000000080005e98 (0x229484d3) f9  0x7ff8000000000000
core   0: 0x0000000080005e9c (0x0356dcb3) divu    s9, a3, s5
core   0: 1 0x0000000080005e9c (0x0356dcb3) x25 0x00000007d9c9faea
core   0: 0x0000000080005ea0 (0x001b9713) slli    a4, s7, 1
core   0: 1 0x0000000080005ea0 (0x001b9713) x14 0x000000000000043e
core   0: 0x0000000080005ea4 (0x5a09f6d3) fsqrt.d fa3, fs3
core   0: 1 0x0000000080005ea4 (0x5a09f6d3) f13 0x7ff8000000000000
core   0: 0x0000000080005ea8 (0x027471d3) fadd.d  ft3, fs0, ft7
core   0: 1 0x0000000080005ea8 (0x027471d3) f3  0x3ff0000000000000
core   0: 0x0000000080005eac (0xf2070a53) fmv.d.x fs4, a4
core   0: 1 0x0000000080005eac (0xf2070a53) f20 0x000000000000043e
core   0: 0x0000000080005eb0 (0x030c9d13) slli    s10, s9, 48
core   0: 1 0x0000000080005eb0 (0x030c9d13) x26 0xfaea000000000000
core   0: 0x0000000080005eb4 (0x01c080bb) addw    ra, ra, t3
core   0: 1 0x0000000080005eb4 (0x01c080bb) x1  0x0000000000000200
core   0: 0x0000000080005eb8 (0x00269473) csrrw   s0, frm, a3
core   0: 1 0x0000000080005eb8 (0x00269473) x8  0x0000000000000004 c2_frm 0x0000000000000000
core   0: 0x0000000080005ebc (0xe2021353) fclass.d t1, ft4
core   0: 1 0x0000000080005ebc (0xe2021353) x6  0x0000000000000200
core   0: 0x0000000080005ec0 (0x007308bb) addw    a7, t1, t2
core   0: 1 0x0000000080005ec0 (0x007308bb) x17 0xffffffffa98e9671
core   0: 0x0000000080005ec4 (0x02e76a3b) remw    s4, a4, a4
core   0: 1 0x0000000080005ec4 (0x02e76a3b) x20 0x0000000000000000
core   0: 0x0000000080005ec8 (0xa34effcf) fnmadd.d ft11, ft9, fs4, fs4
core   0: 1 0x0000000080005ec8 (0xa34effcf) f31 0x7ff8000000000000
core   0: 0x0000000080005ecc (0x41760bbb) subw    s7, a2, s7
core   0: 1 0x0000000080005ecc (0x41760bbb) x23 0xfffffffffffffde1
core   0: 0x0000000080005ed0 (0x01431d33) sll     s10, t1, s4
core   0: 1 0x0000000080005ed0 (0x01431d33) x26 0x0000000000000200
core   0: 0x0000000080005ed4 (0x014d2133) slt     sp, s10, s4
core   0: 1 0x0000000080005ed4 (0x014d2133) x2  0x0000000000000000
core   0: 0x0000000080005ed8 (0x33c8f293) andi    t0, a7, 828
core   0: 1 0x0000000080005ed8 (0x33c8f293) x5  0x0000000000000230
core   0: 0x0000000080005edc (0x13fcfcd3) fmul.d  fs9, fs9, ft11
core   0: 1 0x0000000080005edc (0x13fcfcd3) f25 0x7ff8000000000000
core   0: 0x0000000080005ee0 (0xd2128ed3) fcvt.d.wu ft9, t0
core   0: 1 0x0000000080005ee0 (0xd2128ed3) f29 0x4081800000000000
core   0: 0x0000000080005ee4 (0xc8105673) csrrwi  a2, timeh, 0
core   0: exception trap_illegal_instruction, epc 0x0000000080005ee4
core   0:           tval 0x00000000c8105673
core   0: >>>>  $xrv64i2p1_m2p0_a2p1_f2p2_d2p2_zicsr2p0_zifencei2p0_zmmul1p0_zba1p0_zbb1p0_zbc1p0_zbs1p0
core   0: 0x0000000080004000 (0x0080006f) j       pc + 0x8
core   0: 3 0x0000000080004000 (0x0080006f)
core   0: >>>>  mmode_exception_handler
core   0: 0x0000000080004008 (0x00002c17) auipc   s8, 0x2
core   0: 3 0x0000000080004008 (0x00002c17) x24 0x0000000080006008
core   0: 0x000000008000400c (0x074c0c13) addi    s8, s8, 116
core   0: 3 0x000000008000400c (0x074c0c13) x24 0x000000008000607c
core   0: 0x0000000080004010 (0x000c00e7) jalr    s8
core   0: 3 0x0000000080004010 (0x000c00e7) x1  0x0000000080004014
core   0: >>>>  any_handler
core   0: 0x000000008000607c (0x341027f3) csrrs   a5, mepc, zero
core   0: 3 0x000000008000607c (0x341027f3) x15 0x0000000080005ee4
core   0: 0x0000000080006080 (0x34202773) csrrs   a4, mcause, zero
core   0: 3 0x0000000080006080 (0x34202773) x14 0x0000000000000002
core   0: 0x0000000080006084 (0x142026f3) csrrs   a3, scause, zero
core   0: 3 0x0000000080006084 (0x142026f3) x13 0x0000000000000000
core   0: 0x0000000080006088 (0x30402673) csrrs   a2, mie, zero
core   0: 3 0x0000000080006088 (0x30402673) x12 0x0000000000000a00
core   0: 0x000000008000608c (0x344025f3) csrrs   a1, mip, zero
core   0: 3 0x000000008000608c (0x344025f3) x11 0x0000000000000080
core   0: 0x0000000080006090 (0x343025f3) csrrs   a1, mtval, zero
core   0: 3 0x0000000080006090 (0x343025f3) x11 0x00000000c8105673
core   0: 0x0000000080006094 (0x14302573) csrrs   a0, stval, zero
core   0: 3 0x0000000080006094 (0x14302573) x10 0x0000000000000000
core   0: 0x0000000080006098 (0xb02024f3) csrrs   s1, minstret, zero
core   0: 3 0x0000000080006098 (0xb02024f3) x9  0x0000000000001221
core   0: 0x000000008000609c (0x0000a811) c.j     pc + 20
core   0: 3 0x000000008000609c (0xa811)
core   0: >>>>  mepc_4
core   0: 0x00000000800060b0 (0x00000791) c.addi  a5, 4
core   0: 3 0x00000000800060b0 (0x0791) x15 0x0000000080005ee8
core   0: 0x00000000800060b2 (0x34179073) csrrw   zero, mepc, a5
core   0: 3 0x00000000800060b2 (0x34179073) c833_mepc 0x0000000080005ee8
core   0: 0x00000000800060b6 (0x30200073) mret
core   0: 3 0x00000000800060b6 (0x30200073) c768_mstatus 0x8000000a00106080
core   0: 0x0000000080005ee8 (0x5a0dfdd3) fsqrt.d fs11, fs11
core   0: 1 0x0000000080005ee8 (0x5a0dfdd3) f27 0x8000000000000000
core   0: 0x0000000080005eec (0xc22df453) fcvt.l.d s0, fs11
core   0: 1 0x0000000080005eec (0xc22df453) x8  0x0000000000000000
core   0: 0x0000000080005ef0 (0xc229fbd3) fcvt.l.d s7, fs3
core   0: 1 0x0000000080005ef0 (0xc229fbd3) c1_fflags 0x000000000000001f x23 0x7fffffffffffffff
core   0: 0x0000000080005ef4 (0x0b92fe47) fmsub.d ft8, ft5, fs9, ft1
core   0: 1 0x0000000080005ef4 (0x0b92fe47) f28 0x7ff8000000000000
core   0: 0x0000000080005ef8 (0x00000001) c.nop
core   0: 1 0x0000000080005ef8 (0x0001)
core   0: 0x0000000080005efa (0x006cd2bb) srlw    t0, s9, t1
core   0: 1 0x0000000080005efa (0x006cd2bb) x5  0xffffffffd9c9faea
core   0: 0x0000000080005efe (0x00b28d33) add     s10, t0, a1
core   0: 1 0x0000000080005efe (0x00b28d33) x26 0x00000000a1da515d
core   0: 0x0000000080005f02 (0x0165961b) slliw   a2, a1, 22
core   0: 1 0x0000000080005f02 (0x0165961b) x12 0xffffffff9cc00000
core   0: 0x0000000080005f06 (0x00102373) csrrs   t1, fflags, zero
core   0: 1 0x0000000080005f06 (0x00102373) x6  0x000000000000001f
core   0: 0x0000000080005f0a (0x001214f3) csrrw   s1, fflags, tp
core   0: 1 0x0000000080005f0a (0x001214f3) x9  0x000000000000001f c1_fflags 0x0000000000000000
core   0: 0x0000000080005f0e (0x035a5793) srli    a5, s4, 53
core   0: 1 0x0000000080005f0e (0x035a5793) x15 0x0000000000000000
core   0: 0x0000000080005f12 (0x6a8f2117) auipc   sp, 0x6a8f2
core   0: 1 0x0000000080005f12 (0x6a8f2117) x2  0x00000000ea8f7f12
core   0: 0x0000000080005f16 (0xdd76c2b7) lui     t0, 0xdd76c
core   0: 1 0x0000000080005f16 (0xdd76c2b7) x5  0xffffffffdd76c000
core   0: 0x0000000080005f1a (0x02c64633) div     a2, a2, a2
core   0: 1 0x0000000080005f1a (0x02c64633) x12 0x0000000000000001
core   0: 0x0000000080005f1e (0x13f0f353) fmul.d  ft6, ft1, ft11
core   0: 1 0x0000000080005f1e (0x13f0f353) f6  0x7ff8000000000000
core   0: 0x0000000080005f22 (0x00261173) csrrw   sp, frm, a2
core   0: 1 0x0000000080005f22 (0x00261173) x2  0x0000000000000000 c2_frm 0x0000000000000001
core   0: 0x0000000080005f26 (0x002048b3) xor     a7, zero, sp
core   0: 1 0x0000000080005f26 (0x002048b3) x17 0x0000000000000000
core   0: 0x0000000080005f2a (0x4018d693) srai    a3, a7, 1
core   0: 1 0x0000000080005f2a (0x4018d693) x13 0x0000000000000000
core   0: 0x0000000080005f2e (0x406c8d3b) subw    s10, s9, t1
core   0: 1 0x0000000080005f2e (0x406c8d3b) x26 0xffffffffd9c9facb
core   0: 0x0000000080005f32 (0x3231de73) csrrwi  t3, mhpmevent3, 3
core   0: exception trap_illegal_instruction, epc 0x0000000080005f32
core   0:           tval 0x000000003231de73
core   0: >>>>  $xrv64i2p1_m2p0_a2p1_f2p2_d2p2_zicsr2p0_zifencei2p0_zmmul1p0_zba1p0_zbb1p0_zbc1p0_zbs1p0
core   0: 0x0000000080004000 (0x0080006f) j       pc + 0x8
core   0: 3 0x0000000080004000 (0x0080006f)
core   0: >>>>  mmode_exception_handler
core   0: 0x0000000080004008 (0x00002c17) auipc   s8, 0x2
core   0: 3 0x0000000080004008 (0x00002c17) x24 0x0000000080006008
core   0: 0x000000008000400c (0x074c0c13) addi    s8, s8, 116
core   0: 3 0x000000008000400c (0x074c0c13) x24 0x000000008000607c
core   0: 0x0000000080004010 (0x000c00e7) jalr    s8
core   0: 3 0x0000000080004010 (0x000c00e7) x1  0x0000000080004014
core   0: >>>>  any_handler
core   0: 0x000000008000607c (0x341027f3) csrrs   a5, mepc, zero
core   0: 3 0x000000008000607c (0x341027f3) x15 0x0000000080005f32
core   0: 0x0000000080006080 (0x34202773) csrrs   a4, mcause, zero
core   0: 3 0x0000000080006080 (0x34202773) x14 0x0000000000000002
core   0: 0x0000000080006084 (0x142026f3) csrrs   a3, scause, zero
core   0: 3 0x0000000080006084 (0x142026f3) x13 0x0000000000000000
core   0: 0x0000000080006088 (0x30402673) csrrs   a2, mie, zero
core   0: 3 0x0000000080006088 (0x30402673) x12 0x0000000000000a00
core   0: 0x000000008000608c (0x344025f3) csrrs   a1, mip, zero
core   0: 3 0x000000008000608c (0x344025f3) x11 0x0000000000000080
core   0: 0x0000000080006090 (0x343025f3) csrrs   a1, mtval, zero
core   0: 3 0x0000000080006090 (0x343025f3) x11 0x000000003231de73
core   0: 0x0000000080006094 (0x14302573) csrrs   a0, stval, zero
core   0: 3 0x0000000080006094 (0x14302573) x10 0x0000000000000000
core   0: 0x0000000080006098 (0xb02024f3) csrrs   s1, minstret, zero
core   0: 3 0x0000000080006098 (0xb02024f3) x9  0x0000000000001244
core   0: 0x000000008000609c (0x0000a811) c.j     pc + 20
core   0: 3 0x000000008000609c (0xa811)
core   0: >>>>  mepc_4
core   0: 0x00000000800060b0 (0x00000791) c.addi  a5, 4
core   0: 3 0x00000000800060b0 (0x0791) x15 0x0000000080005f36
core   0: 0x00000000800060b2 (0x34179073) csrrw   zero, mepc, a5
core   0: 3 0x00000000800060b2 (0x34179073) c833_mepc 0x0000000080005f36
core   0: 0x00000000800060b6 (0x30200073) mret
core   0: 3 0x00000000800060b6 (0x30200073) c768_mstatus 0x8000000a00106080
core   0: 0x0000000080005f36 (0x019d6233) or      tp, s10, s9
core   0: 1 0x0000000080005f36 (0x019d6233) x4  0xffffffffd9c9faeb
core   0: 0x0000000080005f3a (0x412701bb) subw    gp, a4, s2
core   0: 1 0x0000000080005f3a (0x412701bb) x3  0x0000000056716b91
core   0: 0x0000000080005f3e (0xc2237353) fcvt.l.d t1, ft6
core   0: 1 0x0000000080005f3e (0xc2237353) c1_fflags 0x0000000000000010 x6  0x7fffffffffffffff
core   0: 0x0000000080005f42 (0x025302b3) mul     t0, t1, t0
core   0: 1 0x0000000080005f42 (0x025302b3) x5  0x0000000022894000
core   0: 0x0000000080005f46 (0x024478b3) remu    a7, s0, tp
core   0: 1 0x0000000080005f46 (0x024478b3) x17 0x0000000000000000
core   0: 0x0000000080005f4a (0x41298233) sub     tp, s3, s2
core   0: 1 0x0000000080005f4a (0x41298233) x4  0x0000000056716b8f
core   0: 0x0000000080005f4e (0x0214e4b3) rem     s1, s1, ra
core   0: 1 0x0000000080005f4e (0x0214e4b3) x9  0x0000000000001244
core   0: 0x0000000080005f52 (0xc215f8d3) fcvt.wu.d a7, fa1
core   0: 1 0x0000000080005f52 (0xc215f8d3) c1_fflags 0x0000000000000010 x17 0xffffffffffffffff
core   0: 0x0000000080005f56 (0x40a6d53b) sraw    a0, a3, a0
core   0: 1 0x0000000080005f56 (0x40a6d53b) x10 0x0000000000000000
core   0: 0x0000000080005f5a (0x00999c13) slli    s8, s3, 9
core   0: 1 0x0000000080005f5a (0x00999c13) x24 0x0000000000000000
core   0: 0x0000000080005f5e (0x01c3de3b) srlw    t3, t2, t3
core   0: 1 0x0000000080005f5e (0x01c3de3b) x28 0xffffffffa98e9471
core   0: 0x0000000080005f62 (0x02572db3) mulhsu  s11, a4, t0
core   0: 1 0x0000000080005f62 (0x02572db3) x27 0x0000000000000000
core   0: 0x0000000080005f66 (0xd6f967b7) lui     a5, 0xd6f96
core   0: 1 0x0000000080005f66 (0xd6f967b7) x15 0xffffffffd6f96000
core   0: 0x0000000080005f6a (0x00000001) c.nop
core   0: 1 0x0000000080005f6a (0x0001)
core   0: 0x0000000080005f6c (0x01f3d11b) srliw   sp, t2, 31
core   0: 1 0x0000000080005f6c (0x01f3d11b) x2  0x0000000000000001
core   0: 0x0000000080005f70 (0xc233f753) fcvt.lu.d a4, ft7
core   0: 1 0x0000000080005f70 (0xc233f753) x14 0x0000000000000001
core   0: 0x0000000080005f74 (0x000207bb) addw    a5, tp, zero
core   0: 1 0x0000000080005f74 (0x000207bb) x15 0x0000000056716b8f
core   0: 0x0000000080005f78 (0x033b4533) div     a0, s6, s3
core   0: 1 0x0000000080005f78 (0x033b4533) x10 0xffffffffffffffff
core   0: 0x0000000080005f7c (0x023d623b) remw    tp, s10, gp
core   0: 1 0x0000000080005f7c (0x023d623b) x4  0xffffffffd9c9facb
core   0: 0x0000000080005f80 (0x02426713) ori     a4, tp, 36
core   0: 1 0x0000000080005f80 (0x02426713) x14 0xffffffffd9c9faef
core   0: 0x0000000080005f84 (0x0194d2bb) srlw    t0, s1, s9
core   0: 1 0x0000000080005f84 (0x0194d2bb) x5  0x0000000000000004
core   0: 0x0000000080005f88 (0x00202073) csrrs   zero, frm, zero
core   0: 1 0x0000000080005f88 (0x00202073)
core   0: 0x0000000080005f8c (0x00102af3) csrrs   s5, fflags, zero
core   0: 1 0x0000000080005f8c (0x00102af3) x21 0x0000000000000010
core   0: 0x0000000080005f90 (0x00299573) csrrw   a0, frm, s3
core   0: 1 0x0000000080005f90 (0x00299573) x10 0x0000000000000001 c2_frm 0x0000000000000000
core   0: 0x0000000080005f94 (0x1202f5d3) fmul.d  fa1, ft5, ft0
core   0: 1 0x0000000080005f94 (0x1202f5d3) f11 0x7ff8000000000000
core   0: 0x0000000080005f98 (0x00d19133) sll     sp, gp, a3
core   0: 1 0x0000000080005f98 (0x00d19133) x2  0x0000000056716b91
core   0: 0x0000000080005f9c (0x7e6ea497) auipc   s1, 0x7e6ea
core   0: 1 0x0000000080005f9c (0x7e6ea497) x9  0x00000000fe6eff9c
core   0: 0x0000000080005fa0 (0x401a70d3) fcvt.s.d ft1, fs4
core   0: 1 0x0000000080005fa0 (0x401a70d3) c1_fflags 0x0000000000000013 f1  0xffffffff00000000
core   0: 0x0000000080005fa4 (0x00707033) and     zero, zero, t2
core   0: 1 0x0000000080005fa4 (0x00707033)
core   0: 0x0000000080005fa8 (0x4052d0bb) sraw    ra, t0, t0
core   0: 1 0x0000000080005fa8 (0x4052d0bb) x1  0x0000000000000000
core   0: 0x0000000080005fac (0x038eee3b) remw    t3, t4, s8
core   0: 1 0x0000000080005fac (0x038eee3b) x28 0xffffffffa98e947f
core   0: 0x0000000080005fb0 (0x03cdf933) remu    s2, s11, t3
core   0: 1 0x0000000080005fb0 (0x03cdf933) x18 0x0000000000000000
core   0: 0x0000000080005fb4 (0x63567647) fmsub.d fa2, fa2, fs5, fa2
core   0: 1 0x0000000080005fb4 (0x63567647) f12 0x7ff8000000000000
core   0: 0x0000000080005fb8 (0x0189d9bb) srlw    s3, s3, s8
core   0: 1 0x0000000080005fb8 (0x0189d9bb) x19 0x0000000000000000
core   0: 0x0000000080005fbc (0xff80a837) lui     a6, 0xff80a
core   0: 1 0x0000000080005fbc (0xff80a837) x16 0xffffffffff80a000
core   0: 0x0000000080005fc0 (0x16d8081b) addiw   a6, a6, 365
core   0: 1 0x0000000080005fc0 (0x16d8081b) x16 0xffffffffff80a16d
core   0: 0x0000000080005fc4 (0x00000832) c.slli  a6, 12
core   0: 1 0x0000000080005fc4 (0x0832) x16 0xfffffff80a16d000
core   0: 0x0000000080005fc6 (0x32680813) addi    a6, a6, 806
core   0: 1 0x0000000080005fc6 (0x32680813) x16 0xfffffff80a16d326
core   0: 0x0000000080005fca (0xd028ff53) fcvt.s.l ft10, a7
core   0: 1 0x0000000080005fca (0xd028ff53) f30 0xffffffffbf800000
core   0: 0x0000000080005fce (0x1b75fbd3) fdiv.d  fs7, fa1, fs7
core   0: 1 0x0000000080005fce (0x1b75fbd3) f23 0x7ff8000000000000
core   0: 0x0000000080005fd2 (0x72b7774b) fnmsub.d fa4, fa4, fa1, fa4
core   0: 1 0x0000000080005fd2 (0x72b7774b) f14 0x7ff8000000000000
core   0: 0x0000000080005fd6 (0xc034f453) fcvt.lu.s s0, fs1
core   0: 1 0x0000000080005fd6 (0xc034f453) c1_fflags 0x0000000000000013 x8  0xffffffffffffffff
core   0: 0x0000000080005fda (0x01d8e0b3) or      ra, a7, t4
core   0: 1 0x0000000080005fda (0x01d8e0b3) x1  0xffffffffffffffff
core   0: 0x0000000080005fde (0x0304663b) remw    a2, s0, a6
core   0: 1 0x0000000080005fde (0x0304663b) x12 0xffffffffffffffff
core   0: 0x0000000080005fe2 (0x40158bb3) sub     s7, a1, ra
core   0: 1 0x0000000080005fe2 (0x40158bb3) x23 0x000000003231de74
core   0: 0x0000000080005fe6 (0x22d705d3) fsgnj.d fa1, fa4, fa3
core   0: 1 0x0000000080005fe6 (0x22d705d3) f11 0x7ff8000000000000
core   0: 0x0000000080005fea (0x02209cb3) mulh    s9, ra, sp
core   0: 1 0x0000000080005fea (0x02209cb3) x25 0xffffffffffffffff
core   0: 0x0000000080005fee (0x002391f3) csrrw   gp, frm, t2
core   0: 1 0x0000000080005fee (0x002391f3) x3  0x0000000000000000 c2_frm 0x0000000000000001
core   0: 0x0000000080005ff2 (0x42090653) fcvt.d.s fa2, fs2
core   0: 1 0x0000000080005ff2 (0x42090653) f12 0x7ff8000000000000
core   0: 0x0000000080005ff6 (0x1b677253) fdiv.d  ft4, fa4, fs6
core   0: 1 0x0000000080005ff6 (0x1b677253) f4  0x7ff8000000000000
core   0: 0x0000000080005ffa (0x40eb8bbb) subw    s7, s7, a4
core   0: 1 0x0000000080005ffa (0x40eb8bbb) x23 0x000000005867e385
core   0: 0x0000000080005ffe (0xfd7b7c17) auipc   s8, 0xfd7b7
core   0: 1 0x0000000080005ffe (0xfd7b7c17) x24 0x000000007d7bcffe
core   0: 0x0000000080006002 (0x00c72733) slt     a4, a4, a2
core   0: 1 0x0000000080006002 (0x00c72733) x14 0x0000000000000001
core   0: 0x0000000080006006 (0x2a448e53) fmin.d  ft8, fs1, ft4
core   0: 1 0x0000000080006006 (0x2a448e53) f28 0x7ff8000000000000
core   0: 0x000000008000600a (0x23ce9453) fsgnjn.d fs0, ft9, ft8
core   0: 1 0x000000008000600a (0x23ce9453) f8  0xc081800000000000
core   0: 0x000000008000600e (0xfff90613) addi    a2, s2, -1
core   0: 1 0x000000008000600e (0xfff90613) x12 0xffffffffffffffff
core   0: 0x0000000080006012 (0xe417f793) andi    a5, a5, -447
core   0: 1 0x0000000080006012 (0xe417f793) x15 0x0000000056716a01
core   0: 0x0000000080006016 (0x41f5551b) sraiw   a0, a0, 31
core   0: 1 0x0000000080006016 (0x41f5551b) x10 0x0000000000000000
core   0: 0x000000008000601a (0x02f8783b) remuw   a6, a6, a5
core   0: 1 0x000000008000601a (0x02f8783b) x16 0x000000000a16d326
core   0: 0x000000008000601e (0xd238fed3) fcvt.d.lu ft9, a7
core   0: 1 0x000000008000601e (0xd238fed3) c1_fflags 0x0000000000000013 f29 0x43efffffffffffff
core   0: 0x0000000080006022 (0xc20efcd3) fcvt.w.d s9, ft9
core   0: 1 0x0000000080006022 (0xc20efcd3) c1_fflags 0x0000000000000013 x25 0x000000007fffffff
core   0: 0x0000000080006026 (0x01d3d19b) srliw   gp, t2, 29
core   0: 1 0x0000000080006026 (0x01d3d19b) x3  0x0000000000000005
core   0: 0x000000008000602a (0xc8e7cd13) xori    s10, a5, -882
core   0: 1 0x000000008000602a (0xc8e7cd13) x26 0xffffffffa98e968f
core   0: 0x000000008000602e (0x4187d433) sra     s0, a5, s8
core   0: 1 0x000000008000602e (0x4187d433) x8  0x0000000000000000
core   0: 0x0000000080006032 (0xd2098ad3) fcvt.d.w fs5, s3
core   0: 1 0x0000000080006032 (0xd2098ad3) f21 0x0000000000000000
core   0: 0x0000000080006036 (0x01ad0033) add     zero, s10, s10
core   0: 1 0x0000000080006036 (0x01ad0033)
core   0: 0x000000008000603a (0x235a9dd3) fsgnjn.d fs11, fs5, fs5
core   0: 1 0x000000008000603a (0x235a9dd3) f27 0x8000000000000000
core   0: 0x000000008000603e (0x00102b73) csrrs   s6, fflags, zero
core   0: 1 0x000000008000603e (0x00102b73) x22 0x0000000000000013
core   0: 0x0000000080006042 (0x74826213) ori     tp, tp, 1864
core   0: 1 0x0000000080006042 (0x74826213) x4  0xffffffffd9c9ffcb
core   0: 0x0000000080006046 (0x400ada9b) sraiw   s5, s5, 0
core   0: 1 0x0000000080006046 (0x400ada9b) x21 0x0000000000000010
core   0: 0x000000008000604a (0x000002ca) c.slli  t0, 18
core   0: 1 0x000000008000604a (0x02ca) x5  0x0000000000100000
core   0: 0x000000008000604c (0x1bdaf2d3) fdiv.d  ft5, fs5, ft9
core   0: 1 0x000000008000604c (0x1bdaf2d3) f5  0x0000000000000000
core   0: 0x0000000080006050 (0x0275b433) mulhu   s0, a1, t2
core   0: 1 0x0000000080006050 (0x0275b433) x8  0x000000000000000b
core   0: 0x0000000080006054 (0x1a32f1c7) fmsub.d ft3, ft5, ft3, ft3
core   0: 1 0x0000000080006054 (0x1a32f1c7) f3  0xbff0000000000000
core   0: 0x0000000080006058 (0x022efed3) fadd.d  ft9, ft9, ft2
core   0: 1 0x0000000080006058 (0x022efed3) f29 0x7ff8000000000000
core   0: 0x000000008000605c (0x00008fc1) c.or    a5, s0
core   0: 1 0x000000008000605c (0x8fc1) x15 0x0000000056716a0b
core   0: 0x000000008000605e (0x02156db3) rem     s11, a0, ra
core   0: 1 0x000000008000605e (0x02156db3) x27 0x0000000000000000
core   0: 0x0000000080006062 (0xc80430f3) csrrc   ra, cycleh, s0
core   0: exception trap_illegal_instruction, epc 0x0000000080006062
core   0:           tval 0x00000000c80430f3
core   0: >>>>  $xrv64i2p1_m2p0_a2p1_f2p2_d2p2_zicsr2p0_zifencei2p0_zmmul1p0_zba1p0_zbb1p0_zbc1p0_zbs1p0
core   0: 0x0000000080004000 (0x0080006f) j       pc + 0x8
core   0: 3 0x0000000080004000 (0x0080006f)
core   0: >>>>  mmode_exception_handler
core   0: 0x0000000080004008 (0x00002c17) auipc   s8, 0x2
core   0: 3 0x0000000080004008 (0x00002c17) x24 0x0000000080006008
core   0: 0x000000008000400c (0x074c0c13) addi    s8, s8, 116
core   0: 3 0x000000008000400c (0x074c0c13) x24 0x000000008000607c
core   0: 0x0000000080004010 (0x000c00e7) jalr    s8
core   0: 3 0x0000000080004010 (0x000c00e7) x1  0x0000000080004014
core   0: >>>>  any_handler
core   0: 0x000000008000607c (0x341027f3) csrrs   a5, mepc, zero
core   0: 3 0x000000008000607c (0x341027f3) x15 0x0000000080006062
core   0: 0x0000000080006080 (0x34202773) csrrs   a4, mcause, zero
core   0: 3 0x0000000080006080 (0x34202773) x14 0x0000000000000002
core   0: 0x0000000080006084 (0x142026f3) csrrs   a3, scause, zero
core   0: 3 0x0000000080006084 (0x142026f3) x13 0x0000000000000000
core   0: 0x0000000080006088 (0x30402673) csrrs   a2, mie, zero
core   0: 3 0x0000000080006088 (0x30402673) x12 0x0000000000000a00
core   0: 0x000000008000608c (0x344025f3) csrrs   a1, mip, zero
core   0: 3 0x000000008000608c (0x344025f3) x11 0x0000000000000080
core   0: 0x0000000080006090 (0x343025f3) csrrs   a1, mtval, zero
core   0: 3 0x0000000080006090 (0x343025f3) x11 0x00000000c80430f3
core   0: 0x0000000080006094 (0x14302573) csrrs   a0, stval, zero
core   0: 3 0x0000000080006094 (0x14302573) x10 0x0000000000000000
core   0: 0x0000000080006098 (0xb02024f3) csrrs   s1, minstret, zero
core   0: 3 0x0000000080006098 (0xb02024f3) x9  0x00000000000012a1
core   0: 0x000000008000609c (0x0000a811) c.j     pc + 20
core   0: 3 0x000000008000609c (0xa811)
core   0: >>>>  mepc_4
core   0: 0x00000000800060b0 (0x00000791) c.addi  a5, 4
core   0: 3 0x00000000800060b0 (0x0791) x15 0x0000000080006066
core   0: 0x00000000800060b2 (0x34179073) csrrw   zero, mepc, a5
core   0: 3 0x00000000800060b2 (0x34179073) c833_mepc 0x0000000080006066
core   0: 0x00000000800060b6 (0x30200073) mret
core   0: 3 0x00000000800060b6 (0x30200073) c768_mstatus 0x8000000a00106080
core   0: 0x0000000080006066 (0x00b7171b) slliw   a4, a4, 11
core   0: 1 0x0000000080006066 (0x00b7171b) x14 0x0000000000001000
core   0: 0x000000008000606a (0x00c9f0b3) and     ra, s3, a2
core   0: 1 0x000000008000606a (0x00c9f0b3) x1  0x0000000000000000
core   0: 0x000000008000606e (0x0b1cffd3) fsub.d  ft11, fs9, fa7
core   0: 1 0x000000008000606e (0x0b1cffd3) f31 0x7ff8000000000000
core   0: 0x0000000080006072 (0x857fd137) lui     sp, 0x857fd
core   0: 1 0x0000000080006072 (0x857fd137) x2  0xffffffff857fd000
core   0: >>>>  write_tohost
core   0: 0x0000000080006076 (0x96efa0ef) jal     pc - 0x5e92
core   0: 1 0x0000000080006076 (0x96efa0ef) x1  0x000000008000607a
core   0: >>>>  _exit
core   0: 0x00000000800001e4 (0x00004505) c.li    a0, 1
core   0: 1 0x00000000800001e4 (0x4505) x10 0x0000000000000001
core   0: 0x00000000800001e6 (0x00001f17) auipc   t5, 0x1
core   0: 1 0x00000000800001e6 (0x00001f17) x30 0x00000000800011e6
core   0: 0x00000000800001ea (0xe0af2d23) sw      a0, -486(t5)
core   0: 1 0x00000000800001ea (0xe0af2d23) mem 0x0000000080001000 0x00000001
cp /home/server/RISCV/cva6/verif/sim/out/seed_541/spike_sim/new_seeds_541_.cv64a6_imafdc_sv39.log.iss /home/server/RISCV/cva6/verif/sim/out/seed_541/spike_sim/new_seeds_541_.cv64a6_imafdc_sv39.log
