Makefile:14: must set CVA6_REPO_DIR to point at the root of CVA6 sources and CVA6_TB_DIR to point here -- doing it for you...
LD_LIBRARY_PATH="$(realpath ../../tools/spike/lib):$LD_LIBRARY_PATH" \
	/home/server/RISCV/cva6/tools/spike/bin/spike --steps=2000000  --log-commits --isa=rv64gc_zba_zbb_zbs_zbc_zicsr_zifencei --priv=msu -l /home/server/RISCV/cva6/verif/sim/out/seed_1032/directed_asm_tests/new_seeds_1032_.o
[SPIKE] Max simulation steps: 2000000
[SPIKE] Proc 0 | ISA: rv64gc_zba_zbb_zbs_zbc_zicsr_zifencei PRIV: msu
[SPIKE] Initializing memories...
core   0: 0x0000000000010000 (0x00100413) li      s0, 1
core   0: 3 0x0000000000010000 (0x00100413) x8  0x0000000000000001
core   0: 0x0000000000010004 (0x01f41413) slli    s0, s0, 31
core   0: 3 0x0000000000010004 (0x01f41413) x8  0x0000000080000000
core   0: 0x0000000000010008 (0xf1402573) csrrs   a0, mhartid, zero
core   0: 3 0x0000000000010008 (0xf1402573) x10 0x0000000000000000
core   0: 0x000000000001000c (0x00000597) auipc   a1, 0x0
core   0: 3 0x000000000001000c (0x00000597) x11 0x000000000001000c
core   0: 0x0000000000010010 (0x07458593) addi    a1, a1, 116
core   0: 3 0x0000000000010010 (0x07458593) x11 0x0000000000010080
core   0: 0x0000000000010014 (0x00040067) jr      s0
core   0: 3 0x0000000000010014 (0x00040067)
core   0: >>>>  _start
core   0: 0x0000000080000000 (0x00004081) c.li    ra, 0
core   0: 3 0x0000000080000000 (0x4081) x1  0x0000000000000000
core   0: 0x0000000080000002 (0x00004101) c.li    sp, 0
core   0: 3 0x0000000080000002 (0x4101) x2  0x0000000000000000
core   0: 0x0000000080000004 (0x00004181) c.li    gp, 0
core   0: 3 0x0000000080000004 (0x4181) x3  0x0000000000000000
core   0: 0x0000000080000006 (0x00004201) c.li    tp, 0
core   0: 3 0x0000000080000006 (0x4201) x4  0x0000000000000000
core   0: 0x0000000080000008 (0x00004281) c.li    t0, 0
core   0: 3 0x0000000080000008 (0x4281) x5  0x0000000000000000
core   0: 0x000000008000000a (0x00004301) c.li    t1, 0
core   0: 3 0x000000008000000a (0x4301) x6  0x0000000000000000
core   0: 0x000000008000000c (0x00004381) c.li    t2, 0
core   0: 3 0x000000008000000c (0x4381) x7  0x0000000000000000
core   0: 0x000000008000000e (0x00004401) c.li    s0, 0
core   0: 3 0x000000008000000e (0x4401) x8  0x0000000000000000
core   0: 0x0000000080000010 (0x00004481) c.li    s1, 0
core   0: 3 0x0000000080000010 (0x4481) x9  0x0000000000000000
core   0: 0x0000000080000012 (0x00004501) c.li    a0, 0
core   0: 3 0x0000000080000012 (0x4501) x10 0x0000000000000000
core   0: 0x0000000080000014 (0x00004581) c.li    a1, 0
core   0: 3 0x0000000080000014 (0x4581) x11 0x0000000000000000
core   0: 0x0000000080000016 (0x00004601) c.li    a2, 0
core   0: 3 0x0000000080000016 (0x4601) x12 0x0000000000000000
core   0: 0x0000000080000018 (0x00004681) c.li    a3, 0
core   0: 3 0x0000000080000018 (0x4681) x13 0x0000000000000000
core   0: 0x000000008000001a (0x00004701) c.li    a4, 0
core   0: 3 0x000000008000001a (0x4701) x14 0x0000000000000000
core   0: 0x000000008000001c (0x00004781) c.li    a5, 0
core   0: 3 0x000000008000001c (0x4781) x15 0x0000000000000000
core   0: 0x000000008000001e (0x00004801) c.li    a6, 0
core   0: 3 0x000000008000001e (0x4801) x16 0x0000000000000000
core   0: 0x0000000080000020 (0x00004881) c.li    a7, 0
core   0: 3 0x0000000080000020 (0x4881) x17 0x0000000000000000
core   0: 0x0000000080000022 (0x00004901) c.li    s2, 0
core   0: 3 0x0000000080000022 (0x4901) x18 0x0000000000000000
core   0: 0x0000000080000024 (0x00004981) c.li    s3, 0
core   0: 3 0x0000000080000024 (0x4981) x19 0x0000000000000000
core   0: 0x0000000080000026 (0x00004a01) c.li    s4, 0
core   0: 3 0x0000000080000026 (0x4a01) x20 0x0000000000000000
core   0: 0x0000000080000028 (0x00004a81) c.li    s5, 0
core   0: 3 0x0000000080000028 (0x4a81) x21 0x0000000000000000
core   0: 0x000000008000002a (0x00004b01) c.li    s6, 0
core   0: 3 0x000000008000002a (0x4b01) x22 0x0000000000000000
core   0: 0x000000008000002c (0x00004b81) c.li    s7, 0
core   0: 3 0x000000008000002c (0x4b81) x23 0x0000000000000000
core   0: 0x000000008000002e (0x00004c01) c.li    s8, 0
core   0: 3 0x000000008000002e (0x4c01) x24 0x0000000000000000
core   0: 0x0000000080000030 (0x00004c81) c.li    s9, 0
core   0: 3 0x0000000080000030 (0x4c81) x25 0x0000000000000000
core   0: 0x0000000080000032 (0x00004d01) c.li    s10, 0
core   0: 3 0x0000000080000032 (0x4d01) x26 0x0000000000000000
core   0: 0x0000000080000034 (0x00004d81) c.li    s11, 0
core   0: 3 0x0000000080000034 (0x4d81) x27 0x0000000000000000
core   0: 0x0000000080000036 (0x00004e01) c.li    t3, 0
core   0: 3 0x0000000080000036 (0x4e01) x28 0x0000000000000000
core   0: 0x0000000080000038 (0x00004e81) c.li    t4, 0
core   0: 3 0x0000000080000038 (0x4e81) x29 0x0000000000000000
core   0: 0x000000008000003a (0x00004f01) c.li    t5, 0
core   0: 3 0x000000008000003a (0x4f01) x30 0x0000000000000000
core   0: 0x000000008000003c (0x00004f81) c.li    t6, 0
core   0: 3 0x000000008000003c (0x4f81) x31 0x0000000000000000
core   0: 0x000000008000003e (0x000062f9) c.lui   t0, 0x1e
core   0: 3 0x000000008000003e (0x62f9) x5  0x000000000001e000
core   0: 0x0000000080000040 (0x3002a073) csrrs   zero, mstatus, t0
core   0: 3 0x0000000080000040 (0x3002a073) c768_mstatus 0x8000000a00006000
core   0: 0x0000000080000044 (0x00004285) c.li    t0, 1
core   0: 3 0x0000000080000044 (0x4285) x5  0x0000000000000001
core   0: 0x0000000080000046 (0x000002fe) c.slli  t0, 31
core   0: 3 0x0000000080000046 (0x02fe) x5  0x0000000080000000
core   0: 0x0000000080000048 (0x0002d863) bge     t0, zero, pc + 16
core   0: 3 0x0000000080000048 (0x0002d863)
core   0: 0x0000000080000058 (0x00000297) auipc   t0, 0x0
core   0: 3 0x0000000080000058 (0x00000297) x5  0x0000000080000058
core   0: 0x000000008000005c (0x09028293) addi    t0, t0, 144
core   0: 3 0x000000008000005c (0x09028293) x5  0x00000000800000e8
core   0: 0x0000000080000060 (0x30529073) csrrw   zero, mtvec, t0
core   0: 3 0x0000000080000060 (0x30529073) c773_mtvec 0x00000000800000e8
core   0: 0x0000000080000064 (0x00301073) csrrw   zero, fcsr, zero
core   0: 3 0x0000000080000064 (0x00301073) c1_fflags 0x0000000000000000 c2_frm 0x0000000000000000
core   0: 0x0000000080000068 (0xf0000053) fmv.w.x ft0, zero
core   0: 3 0x0000000080000068 (0xf0000053) f0  0xffffffff00000000
core   0: 0x000000008000006c (0xf00000d3) fmv.w.x ft1, zero
core   0: 3 0x000000008000006c (0xf00000d3) f1  0xffffffff00000000
core   0: 0x0000000080000070 (0xf0000153) fmv.w.x ft2, zero
core   0: 3 0x0000000080000070 (0xf0000153) f2  0xffffffff00000000
core   0: 0x0000000080000074 (0xf00001d3) fmv.w.x ft3, zero
core   0: 3 0x0000000080000074 (0xf00001d3) f3  0xffffffff00000000
core   0: 0x0000000080000078 (0xf0000253) fmv.w.x ft4, zero
core   0: 3 0x0000000080000078 (0xf0000253) f4  0xffffffff00000000
core   0: 0x000000008000007c (0xf00002d3) fmv.w.x ft5, zero
core   0: 3 0x000000008000007c (0xf00002d3) f5  0xffffffff00000000
core   0: 0x0000000080000080 (0xf0000353) fmv.w.x ft6, zero
core   0: 3 0x0000000080000080 (0xf0000353) f6  0xffffffff00000000
core   0: 0x0000000080000084 (0xf00003d3) fmv.w.x ft7, zero
core   0: 3 0x0000000080000084 (0xf00003d3) f7  0xffffffff00000000
core   0: 0x0000000080000088 (0xf0000453) fmv.w.x fs0, zero
core   0: 3 0x0000000080000088 (0xf0000453) f8  0xffffffff00000000
core   0: 0x000000008000008c (0xf00004d3) fmv.w.x fs1, zero
core   0: 3 0x000000008000008c (0xf00004d3) f9  0xffffffff00000000
core   0: 0x0000000080000090 (0xf0000553) fmv.w.x fa0, zero
core   0: 3 0x0000000080000090 (0xf0000553) f10 0xffffffff00000000
core   0: 0x0000000080000094 (0xf00005d3) fmv.w.x fa1, zero
core   0: 3 0x0000000080000094 (0xf00005d3) f11 0xffffffff00000000
core   0: 0x0000000080000098 (0xf0000653) fmv.w.x fa2, zero
core   0: 3 0x0000000080000098 (0xf0000653) f12 0xffffffff00000000
core   0: 0x000000008000009c (0xf00006d3) fmv.w.x fa3, zero
core   0: 3 0x000000008000009c (0xf00006d3) f13 0xffffffff00000000
core   0: 0x00000000800000a0 (0xf0000753) fmv.w.x fa4, zero
core   0: 3 0x00000000800000a0 (0xf0000753) f14 0xffffffff00000000
core   0: 0x00000000800000a4 (0xf00007d3) fmv.w.x fa5, zero
core   0: 3 0x00000000800000a4 (0xf00007d3) f15 0xffffffff00000000
core   0: 0x00000000800000a8 (0xf0000853) fmv.w.x fa6, zero
core   0: 3 0x00000000800000a8 (0xf0000853) f16 0xffffffff00000000
core   0: 0x00000000800000ac (0xf00008d3) fmv.w.x fa7, zero
core   0: 3 0x00000000800000ac (0xf00008d3) f17 0xffffffff00000000
core   0: 0x00000000800000b0 (0xf0000953) fmv.w.x fs2, zero
core   0: 3 0x00000000800000b0 (0xf0000953) f18 0xffffffff00000000
core   0: 0x00000000800000b4 (0xf00009d3) fmv.w.x fs3, zero
core   0: 3 0x00000000800000b4 (0xf00009d3) f19 0xffffffff00000000
core   0: 0x00000000800000b8 (0xf0000a53) fmv.w.x fs4, zero
core   0: 3 0x00000000800000b8 (0xf0000a53) f20 0xffffffff00000000
core   0: 0x00000000800000bc (0xf0000ad3) fmv.w.x fs5, zero
core   0: 3 0x00000000800000bc (0xf0000ad3) f21 0xffffffff00000000
core   0: 0x00000000800000c0 (0xf0000b53) fmv.w.x fs6, zero
core   0: 3 0x00000000800000c0 (0xf0000b53) f22 0xffffffff00000000
core   0: 0x00000000800000c4 (0xf0000bd3) fmv.w.x fs7, zero
core   0: 3 0x00000000800000c4 (0xf0000bd3) f23 0xffffffff00000000
core   0: 0x00000000800000c8 (0xf0000c53) fmv.w.x fs8, zero
core   0: 3 0x00000000800000c8 (0xf0000c53) f24 0xffffffff00000000
core   0: 0x00000000800000cc (0xf0000cd3) fmv.w.x fs9, zero
core   0: 3 0x00000000800000cc (0xf0000cd3) f25 0xffffffff00000000
core   0: 0x00000000800000d0 (0xf0000d53) fmv.w.x fs10, zero
core   0: 3 0x00000000800000d0 (0xf0000d53) f26 0xffffffff00000000
core   0: 0x00000000800000d4 (0xf0000dd3) fmv.w.x fs11, zero
core   0: 3 0x00000000800000d4 (0xf0000dd3) f27 0xffffffff00000000
core   0: 0x00000000800000d8 (0xf0000e53) fmv.w.x ft8, zero
core   0: 3 0x00000000800000d8 (0xf0000e53) f28 0xffffffff00000000
core   0: 0x00000000800000dc (0xf0000ed3) fmv.w.x ft9, zero
core   0: 3 0x00000000800000dc (0xf0000ed3) f29 0xffffffff00000000
core   0: 0x00000000800000e0 (0xf0000f53) fmv.w.x ft10, zero
core   0: 3 0x00000000800000e0 (0xf0000f53) f30 0xffffffff00000000
core   0: 0x00000000800000e4 (0xf0000fd3) fmv.w.x ft11, zero
core   0: 3 0x00000000800000e4 (0xf0000fd3) f31 0xffffffff00000000
core   0: 0x00000000800000e8 (0x00000297) auipc   t0, 0x0
core   0: 3 0x00000000800000e8 (0x00000297) x5  0x00000000800000e8
core   0: 0x00000000800000ec (0x03c28293) addi    t0, t0, 60
core   0: 3 0x00000000800000ec (0x03c28293) x5  0x0000000080000124
core   0: 0x00000000800000f0 (0x30529073) csrrw   zero, mtvec, t0
core   0: 3 0x00000000800000f0 (0x30529073) c773_mtvec 0x0000000080000124
core   0: 0x00000000800000f4 (0x00012197) auipc   gp, 0x12
core   0: 3 0x00000000800000f4 (0x00012197) x3  0x00000000800120f4
core   0: 0x00000000800000f8 (0x73418193) addi    gp, gp, 1844
core   0: 3 0x00000000800000f8 (0x73418193) x3  0x0000000080012828
core   0: 0x00000000800000fc (0x00012217) auipc   tp, 0x12
core   0: 3 0x00000000800000fc (0x00012217) x4  0x00000000800120fc
core   0: 0x0000000080000100 (0xf8320213) addi    tp, tp, -125
core   0: 3 0x0000000080000100 (0xf8320213) x4  0x000000008001207f
core   0: 0x0000000080000104 (0xfc027213) andi    tp, tp, -64
core   0: 3 0x0000000080000104 (0xfc027213) x4  0x0000000080012040
core   0: 0x0000000080000108 (0xf1402573) csrrs   a0, mhartid, zero
core   0: 3 0x0000000080000108 (0xf1402573) x10 0x0000000000000000
core   0: 0x000000008000010c (0x00004585) c.li    a1, 1
core   0: 3 0x000000008000010c (0x4585) x11 0x0000000000000001
core   0: 0x000000008000010e (0x00b57063) bgeu    a0, a1, pc + 0
core   0: 3 0x000000008000010e (0x00b57063)
core   0: 0x0000000080000112 (0x00150113) addi    sp, a0, 1
core   0: 3 0x0000000080000112 (0x00150113) x2  0x0000000000000001
core   0: 0x0000000080000116 (0x00000146) c.slli  sp, 17
core   0: 3 0x0000000080000116 (0x0146) x2  0x0000000000020000
core   0: 0x0000000080000118 (0x00009112) c.add   sp, tp
core   0: 3 0x0000000080000118 (0x9112) x2  0x0000000080032040
core   0: 0x000000008000011a (0x01151613) slli    a2, a0, 17
core   0: 3 0x000000008000011a (0x01151613) x12 0x0000000000000000
core   0: 0x000000008000011e (0x00009232) c.add   tp, a2
core   0: 3 0x000000008000011e (0x9232) x4  0x0000000080012040
core   0: 0x0000000080000120 (0x3680f06f) j       pc + 0xf368
core   0: 3 0x0000000080000120 (0x3680f06f)
core   0: >>>>  _init
core   0: 0x000000008000f488 (0x00007171) c.addi16sp sp, -176
core   0: 3 0x000000008000f488 (0x7171) x2  0x0000000080031f90
core   0: 0x000000008000f48a (0x0000f506) c.sdsp  ra, 168(sp)
core   0: 3 0x000000008000f48a (0xf506) mem 0x0000000080032038 0x0000000000000000
core   0: 0x000000008000f48c (0x0000f122) c.sdsp  s0, 160(sp)
core   0: 3 0x000000008000f48c (0xf122) mem 0x0000000080032030 0x0000000000000000
core   0: 0x000000008000f48e (0x0000ed26) c.sdsp  s1, 152(sp)
core   0: 3 0x000000008000f48e (0xed26) mem 0x0000000080032028 0x0000000000000000
core   0: 0x000000008000f490 (0x00001900) c.addi4spn s0, sp, 176
core   0: 3 0x000000008000f490 (0x1900) x8  0x0000000080032040
core   0: 0x000000008000f492 (0x000087aa) c.mv    a5, a0
core   0: 3 0x000000008000f492 (0x87aa) x15 0x0000000000000000
core   0: 0x000000008000f494 (0x0000872e) c.mv    a4, a1
core   0: 3 0x000000008000f494 (0x872e) x14 0x0000000000000001
core   0: 0x000000008000f496 (0xf4f42e23) sw      a5, -164(s0)
core   0: 3 0x000000008000f496 (0xf4f42e23) mem 0x0000000080031f9c 0x00000000
core   0: 0x000000008000f49a (0x000087ba) c.mv    a5, a4
core   0: 3 0x000000008000f49a (0x87ba) x15 0x0000000000000001
core   0: 0x000000008000f49c (0xf4f42c23) sw      a5, -168(s0)
core   0: 3 0x000000008000f49c (0xf4f42c23) mem 0x0000000080031f98 0x00000001
core   0: 0x000000008000f4a0 (0xfe040793) addi    a5, s0, -32
core   0: 3 0x000000008000f4a0 (0xfe040793) x15 0x0000000080032020
core   0: 0x000000008000f4a4 (0xf4f43823) sd      a5, -176(s0)
core   0: 3 0x000000008000f4a4 (0xf4f43823) mem 0x0000000080031f90 0x0000000080032020
core   0: 0x000000008000f4a8 (0xf5043783) ld      a5, -176(s0)
core   0: 3 0x000000008000f4a8 (0xf5043783) x15 0x0000000080032020 mem 0x0000000080031f90
core   0: 0x000000008000f4ac (0xf8078793) addi    a5, a5, -128
core   0: 3 0x000000008000f4ac (0xf8078793) x15 0x0000000080031fa0
core   0: 0x000000008000f4b0 (0x03f78793) addi    a5, a5, 63
core   0: 3 0x000000008000f4b0 (0x03f78793) x15 0x0000000080031fdf
core   0: 0x000000008000f4b4 (0x00008399) c.srli  a5, 6
core   0: 3 0x000000008000f4b4 (0x8399) x15 0x0000000002000c7f
core   0: 0x000000008000f4b6 (0x00679493) slli    s1, a5, 6
core   0: 3 0x000000008000f4b6 (0x00679493) x9  0x0000000080031fc0
core   0: 0x000000008000f4ba (0xf65ff0ef) jal     pc - 0x9c
core   0: 3 0x000000008000f4ba (0xf65ff0ef) x1  0x000000008000f4be
core   0: >>>>  init_tls
core   0: 0x000000008000f41e (0x00001101) c.addi  sp, -32
core   0: 3 0x000000008000f41e (0x1101) x2  0x0000000080031f70
core   0: 0x000000008000f420 (0x0000ec06) c.sdsp  ra, 24(sp)
core   0: 3 0x000000008000f420 (0xec06) mem 0x0000000080031f88 0x000000008000f4be
core   0: 0x000000008000f422 (0x0000e822) c.sdsp  s0, 16(sp)
core   0: 3 0x000000008000f422 (0xe822) mem 0x0000000080031f80 0x0000000080032040
core   0: 0x000000008000f424 (0x00001000) c.addi4spn s0, sp, 32
core   0: 3 0x000000008000f424 (0x1000) x8  0x0000000080031f90
core   0: 0x000000008000f426 (0x00003717) auipc   a4, 0x3
core   0: 3 0x000000008000f426 (0x00003717) x14 0x0000000080012426
core   0: 0x000000008000f42a (0xc0270713) addi    a4, a4, -1022
core   0: 3 0x000000008000f42a (0xc0270713) x14 0x0000000080012028
core   0: 0x000000008000f42e (0x00003797) auipc   a5, 0x3
core   0: 3 0x000000008000f42e (0x00003797) x15 0x000000008001242e
core   0: 0x000000008000f432 (0xbfa78793) addi    a5, a5, -1030
core   0: 3 0x000000008000f432 (0xbfa78793) x15 0x0000000080012028
core   0: 0x000000008000f436 (0x40f707b3) sub     a5, a4, a5
core   0: 3 0x000000008000f436 (0x40f707b3) x15 0x0000000000000000
core   0: 0x000000008000f43a (0xfef43423) sd      a5, -24(s0)
core   0: 3 0x000000008000f43a (0xfef43423) mem 0x0000000080031f78 0x0000000000000000
core   0: 0x000000008000f43e (0x00008792) c.mv    a5, tp
core   0: 3 0x000000008000f43e (0x8792) x15 0x0000000080012040
core   0: 0x000000008000f440 (0xfe843603) ld      a2, -24(s0)
core   0: 3 0x000000008000f440 (0xfe843603) x12 0x0000000000000000 mem 0x0000000080031f78
core   0: 0x000000008000f444 (0x00003597) auipc   a1, 0x3
core   0: 3 0x000000008000f444 (0x00003597) x11 0x0000000080012444
core   0: 0x000000008000f448 (0xbe458593) addi    a1, a1, -1052
core   0: 3 0x000000008000f448 (0xbe458593) x11 0x0000000080012028
core   0: 0x000000008000f44c (0x0000853e) c.mv    a0, a5
core   0: 3 0x000000008000f44c (0x853e) x10 0x0000000080012040
core   0: 0x000000008000f44e (0x0f9000ef) jal     pc + 0x8f8
core   0: 3 0x000000008000f44e (0x0f9000ef) x1  0x000000008000f452
core   0: >>>>  memcpy
core   0: 0x000000008000fd46 (0x0000715d) c.addi16sp sp, -80
core   0: 3 0x000000008000fd46 (0x715d) x2  0x0000000080031f20
core   0: 0x000000008000fd48 (0x0000e4a2) c.sdsp  s0, 72(sp)
core   0: 3 0x000000008000fd48 (0xe4a2) mem 0x0000000080031f68 0x0000000080031f90
core   0: 0x000000008000fd4a (0x00000880) c.addi4spn s0, sp, 80
core   0: 3 0x000000008000fd4a (0x0880) x8  0x0000000080031f70
core   0: 0x000000008000fd4c (0xfca43423) sd      a0, -56(s0)
core   0: 3 0x000000008000fd4c (0xfca43423) mem 0x0000000080031f38 0x0000000080012040
core   0: 0x000000008000fd50 (0xfcb43023) sd      a1, -64(s0)
core   0: 3 0x000000008000fd50 (0xfcb43023) mem 0x0000000080031f30 0x0000000080012028
core   0: 0x000000008000fd54 (0xfac43c23) sd      a2, -72(s0)
core   0: 3 0x000000008000fd54 (0xfac43c23) mem 0x0000000080031f28 0x0000000000000000
core   0: 0x000000008000fd58 (0xfc843703) ld      a4, -56(s0)
core   0: 3 0x000000008000fd58 (0xfc843703) x14 0x0000000080012040 mem 0x0000000080031f38
core   0: 0x000000008000fd5c (0xfc043783) ld      a5, -64(s0)
core   0: 3 0x000000008000fd5c (0xfc043783) x15 0x0000000080012028 mem 0x0000000080031f30
core   0: 0x000000008000fd60 (0x00008f5d) c.or    a4, a5
core   0: 3 0x000000008000fd60 (0x8f5d) x14 0x0000000080012068
core   0: 0x000000008000fd62 (0xfb843783) ld      a5, -72(s0)
core   0: 3 0x000000008000fd62 (0xfb843783) x15 0x0000000000000000 mem 0x0000000080031f28
core   0: 0x000000008000fd66 (0x00008fd9) c.or    a5, a4
core   0: 3 0x000000008000fd66 (0x8fd9) x15 0x0000000080012068
core   0: 0x000000008000fd68 (0x00008b9d) c.andi  a5, 7
core   0: 3 0x000000008000fd68 (0x8b9d) x15 0x0000000000000000
core   0: 0x000000008000fd6a (0x0000e3b1) c.bnez  a5, pc + 68
core   0: 3 0x000000008000fd6a (0xe3b1)
core   0: 0x000000008000fd6c (0xfc043783) ld      a5, -64(s0)
core   0: 3 0x000000008000fd6c (0xfc043783) x15 0x0000000080012028 mem 0x0000000080031f30
core   0: 0x000000008000fd70 (0xfef43423) sd      a5, -24(s0)
core   0: 3 0x000000008000fd70 (0xfef43423) mem 0x0000000080031f58 0x0000000080012028
core   0: 0x000000008000fd74 (0xfc843783) ld      a5, -56(s0)
core   0: 3 0x000000008000fd74 (0xfc843783) x15 0x0000000080012040 mem 0x0000000080031f38
core   0: 0x000000008000fd78 (0xfef43023) sd      a5, -32(s0)
core   0: 3 0x000000008000fd78 (0xfef43023) mem 0x0000000080031f50 0x0000000080012040
core   0: 0x000000008000fd7c (0x0000a839) c.j     pc + 30
core   0: 3 0x000000008000fd7c (0xa839)
core   0: 0x000000008000fd9a (0xfc843703) ld      a4, -56(s0)
core   0: 3 0x000000008000fd9a (0xfc843703) x14 0x0000000080012040 mem 0x0000000080031f38
core   0: 0x000000008000fd9e (0xfb843783) ld      a5, -72(s0)
core   0: 3 0x000000008000fd9e (0xfb843783) x15 0x0000000000000000 mem 0x0000000080031f28
core   0: 0x000000008000fda2 (0x000097ba) c.add   a5, a4
core   0: 3 0x000000008000fda2 (0x97ba) x15 0x0000000080012040
core   0: 0x000000008000fda4 (0xfe043703) ld      a4, -32(s0)
core   0: 3 0x000000008000fda4 (0xfe043703) x14 0x0000000080012040 mem 0x0000000080031f50
core   0: 0x000000008000fda8 (0xfcf76be3) bltu    a4, a5, pc - 42
core   0: 3 0x000000008000fda8 (0xfcf76be3)
core   0: 0x000000008000fdac (0x0000a099) c.j     pc + 70
core   0: 3 0x000000008000fdac (0xa099)
core   0: 0x000000008000fdf2 (0xfc843783) ld      a5, -56(s0)
core   0: 3 0x000000008000fdf2 (0xfc843783) x15 0x0000000080012040 mem 0x0000000080031f38
core   0: 0x000000008000fdf6 (0x0000853e) c.mv    a0, a5
core   0: 3 0x000000008000fdf6 (0x853e) x10 0x0000000080012040
core   0: 0x000000008000fdf8 (0x00006426) c.ldsp  s0, 72(sp)
core   0: 3 0x000000008000fdf8 (0x6426) x8  0x0000000080031f90 mem 0x0000000080031f68
core   0: 0x000000008000fdfa (0x00006161) c.addi16sp sp, 80
core   0: 3 0x000000008000fdfa (0x6161) x2  0x0000000080031f70
core   0: 0x000000008000fdfc (0x00008082) ret
core   0: 3 0x000000008000fdfc (0x8082)
core   0: 0x000000008000f452 (0x00003717) auipc   a4, 0x3
core   0: 3 0x000000008000f452 (0x00003717) x14 0x0000000080012452
core   0: 0x000000008000f456 (0xc7270713) addi    a4, a4, -910
core   0: 3 0x000000008000f456 (0xc7270713) x14 0x00000000800120c4
core   0: 0x000000008000f45a (0x00003797) auipc   a5, 0x3
core   0: 3 0x000000008000f45a (0x00003797) x15 0x000000008001245a
core   0: 0x000000008000f45e (0xbce78793) addi    a5, a5, -1074
core   0: 3 0x000000008000f45e (0xbce78793) x15 0x0000000080012028
core   0: 0x000000008000f462 (0x40f707b3) sub     a5, a4, a5
core   0: 3 0x000000008000f462 (0x40f707b3) x15 0x000000000000009c
core   0: 0x000000008000f466 (0xfef43023) sd      a5, -32(s0)
core   0: 3 0x000000008000f466 (0xfef43023) mem 0x0000000080031f70 0x000000000000009c
core   0: 0x000000008000f46a (0x00008712) c.mv    a4, tp
core   0: 3 0x000000008000f46a (0x8712) x14 0x0000000080012040
core   0: 0x000000008000f46c (0xfe843783) ld      a5, -24(s0)
core   0: 3 0x000000008000f46c (0xfe843783) x15 0x0000000000000000 mem 0x0000000080031f78
core   0: 0x000000008000f470 (0x000097ba) c.add   a5, a4
core   0: 3 0x000000008000f470 (0x97ba) x15 0x0000000080012040
core   0: 0x000000008000f472 (0xfe043603) ld      a2, -32(s0)
core   0: 3 0x000000008000f472 (0xfe043603) x12 0x000000000000009c mem 0x0000000080031f70
core   0: 0x000000008000f476 (0x00004581) c.li    a1, 0
core   0: 3 0x000000008000f476 (0x4581) x11 0x0000000000000000
core   0: 0x000000008000f478 (0x0000853e) c.mv    a0, a5
core   0: 3 0x000000008000f478 (0x853e) x10 0x0000000080012040
core   0: 0x000000008000f47a (0x185000ef) jal     pc + 0x984
core   0: 3 0x000000008000f47a (0x185000ef) x1  0x000000008000f47e
core   0: >>>>  memset
core   0: 0x000000008000fdfe (0x0000715d) c.addi16sp sp, -80
core   0: 3 0x000000008000fdfe (0x715d) x2  0x0000000080031f20
core   0: 0x000000008000fe00 (0x0000e4a2) c.sdsp  s0, 72(sp)
core   0: 3 0x000000008000fe00 (0xe4a2) mem 0x0000000080031f68 0x0000000080031f90
core   0: 0x000000008000fe02 (0x00000880) c.addi4spn s0, sp, 80
core   0: 3 0x000000008000fe02 (0x0880) x8  0x0000000080031f70
core   0: 0x000000008000fe04 (0xfca43423) sd      a0, -56(s0)
core   0: 3 0x000000008000fe04 (0xfca43423) mem 0x0000000080031f38 0x0000000080012040
core   0: 0x000000008000fe08 (0x000087ae) c.mv    a5, a1
core   0: 3 0x000000008000fe08 (0x87ae) x15 0x0000000000000000
core   0: 0x000000008000fe0a (0xfac43c23) sd      a2, -72(s0)
core   0: 3 0x000000008000fe0a (0xfac43c23) mem 0x0000000080031f28 0x000000000000009c
core   0: 0x000000008000fe0e (0xfcf42223) sw      a5, -60(s0)
core   0: 3 0x000000008000fe0e (0xfcf42223) mem 0x0000000080031f34 0x00000000
core   0: 0x000000008000fe12 (0xfc843703) ld      a4, -56(s0)
core   0: 3 0x000000008000fe12 (0xfc843703) x14 0x0000000080012040 mem 0x0000000080031f38
core   0: 0x000000008000fe16 (0xfb843783) ld      a5, -72(s0)
core   0: 3 0x000000008000fe16 (0xfb843783) x15 0x000000000000009c mem 0x0000000080031f28
core   0: 0x000000008000fe1a (0x00008fd9) c.or    a5, a4
core   0: 3 0x000000008000fe1a (0x8fd9) x15 0x00000000800120dc
core   0: 0x000000008000fe1c (0x00008b9d) c.andi  a5, 7
core   0: 3 0x000000008000fe1c (0x8b9d) x15 0x0000000000000004
core   0: 0x000000008000fe1e (0x0000e7bd) c.bnez  a5, pc + 110
core   0: 3 0x000000008000fe1e (0xe7bd)
core   0: 0x000000008000fe8c (0xfc843783) ld      a5, -56(s0)
core   0: 3 0x000000008000fe8c (0xfc843783) x15 0x0000000080012040 mem 0x0000000080031f38
core   0: 0x000000008000fe90 (0xfef43023) sd      a5, -32(s0)
core   0: 3 0x000000008000fe90 (0xfef43023) mem 0x0000000080031f50 0x0000000080012040
core   0: 0x000000008000fe94 (0x0000a829) c.j     pc + 26
core   0: 3 0x000000008000fe94 (0xa829)
core   0: 0x000000008000feae (0xfc843703) ld      a4, -56(s0)
core   0: 3 0x000000008000feae (0xfc843703) x14 0x0000000080012040 mem 0x0000000080031f38
core   0: 0x000000008000feb2 (0xfb843783) ld      a5, -72(s0)
core   0: 3 0x000000008000feb2 (0xfb843783) x15 0x000000000000009c mem 0x0000000080031f28
core   0: 0x000000008000feb6 (0x000097ba) c.add   a5, a4
core   0: 3 0x000000008000feb6 (0x97ba) x15 0x00000000800120dc
core   0: 0x000000008000feb8 (0xfe043703) ld      a4, -32(s0)
core   0: 3 0x000000008000feb8 (0xfe043703) x14 0x0000000080012040 mem 0x0000000080031f50
core   0: 0x000000008000febc (0xfcf76de3) bltu    a4, a5, pc - 38
core   0: 3 0x000000008000febc (0xfcf76de3)
core   0: 0x000000008000fe96 (0xfe043783) ld      a5, -32(s0)
core   0: 3 0x000000008000fe96 (0xfe043783) x15 0x0000000080012040 mem 0x0000000080031f50
core   0: 0x000000008000fe9a (0x00178713) addi    a4, a5, 1
core   0: 3 0x000000008000fe9a (0x00178713) x14 0x0000000080012041
core   0: 0x000000008000fe9e (0xfee43023) sd      a4, -32(s0)
core   0: 3 0x000000008000fe9e (0xfee43023) mem 0x0000000080031f50 0x0000000080012041
core   0: 0x000000008000fea2 (0xfc442703) lw      a4, -60(s0)
core   0: 3 0x000000008000fea2 (0xfc442703) x14 0x0000000000000000 mem 0x0000000080031f34
core   0: 0x000000008000fea6 (0x0ff77713) andi    a4, a4, 255
core   0: 3 0x000000008000fea6 (0x0ff77713) x14 0x0000000000000000
core   0: 0x000000008000feaa (0x00e78023) sb      a4, 0(a5)
core   0: 3 0x000000008000feaa (0x00e78023) mem 0x0000000080012040 0x00
core   0: 0x000000008000feae (0xfc843703) ld      a4, -56(s0)
core   0: 3 0x000000008000feae (0xfc843703) x14 0x0000000080012040 mem 0x0000000080031f38
core   0: 0x000000008000feb2 (0xfb843783) ld      a5, -72(s0)
core   0: 3 0x000000008000feb2 (0xfb843783) x15 0x000000000000009c mem 0x0000000080031f28
core   0: 0x000000008000feb6 (0x000097ba) c.add   a5, a4
core   0: 3 0x000000008000feb6 (0x97ba) x15 0x00000000800120dc
core   0: 0x000000008000feb8 (0xfe043703) ld      a4, -32(s0)
core   0: 3 0x000000008000feb8 (0xfe043703) x14 0x0000000080012041 mem 0x0000000080031f50
core   0: 0x000000008000febc (0xfcf76de3) bltu    a4, a5, pc - 38
core   0: 3 0x000000008000febc (0xfcf76de3)
core   0: 0x000000008000fe96 (0xfe043783) ld      a5, -32(s0)
core   0: 3 0x000000008000fe96 (0xfe043783) x15 0x0000000080012041 mem 0x0000000080031f50
core   0: 0x000000008000fe9a (0x00178713) addi    a4, a5, 1
core   0: 3 0x000000008000fe9a (0x00178713) x14 0x0000000080012042
core   0: 0x000000008000fe9e (0xfee43023) sd      a4, -32(s0)
core   0: 3 0x000000008000fe9e (0xfee43023) mem 0x0000000080031f50 0x0000000080012042
core   0: 0x000000008000fea2 (0xfc442703) lw      a4, -60(s0)
core   0: 3 0x000000008000fea2 (0xfc442703) x14 0x0000000000000000 mem 0x0000000080031f34
core   0: 0x000000008000fea6 (0x0ff77713) andi    a4, a4, 255
core   0: 3 0x000000008000fea6 (0x0ff77713) x14 0x0000000000000000
core   0: 0x000000008000feaa (0x00e78023) sb      a4, 0(a5)
core   0: 3 0x000000008000feaa (0x00e78023) mem 0x0000000080012041 0x00
core   0: 0x000000008000feae (0xfc843703) ld      a4, -56(s0)
core   0: 3 0x000000008000feae (0xfc843703) x14 0x0000000080012040 mem 0x0000000080031f38
core   0: 0x000000008000feb2 (0xfb843783) ld      a5, -72(s0)
core   0: 3 0x000000008000feb2 (0xfb843783) x15 0x000000000000009c mem 0x0000000080031f28
core   0: 0x000000008000feb6 (0x000097ba) c.add   a5, a4
core   0: 3 0x000000008000feb6 (0x97ba) x15 0x00000000800120dc
core   0: 0x000000008000feb8 (0xfe043703) ld      a4, -32(s0)
core   0: 3 0x000000008000feb8 (0xfe043703) x14 0x0000000080012042 mem 0x0000000080031f50
core   0: 0x000000008000febc (0xfcf76de3) bltu    a4, a5, pc - 38
core   0: 3 0x000000008000febc (0xfcf76de3)
core   0: 0x000000008000fe96 (0xfe043783) ld      a5, -32(s0)
core   0: 3 0x000000008000fe96 (0xfe043783) x15 0x0000000080012042 mem 0x0000000080031f50
core   0: 0x000000008000fe9a (0x00178713) addi    a4, a5, 1
core   0: 3 0x000000008000fe9a (0x00178713) x14 0x0000000080012043
core   0: 0x000000008000fe9e (0xfee43023) sd      a4, -32(s0)
core   0: 3 0x000000008000fe9e (0xfee43023) mem 0x0000000080031f50 0x0000000080012043
core   0: 0x000000008000fea2 (0xfc442703) lw      a4, -60(s0)
core   0: 3 0x000000008000fea2 (0xfc442703) x14 0x0000000000000000 mem 0x0000000080031f34
core   0: 0x000000008000fea6 (0x0ff77713) andi    a4, a4, 255
core   0: 3 0x000000008000fea6 (0x0ff77713) x14 0x0000000000000000
core   0: 0x000000008000feaa (0x00e78023) sb      a4, 0(a5)
core   0: 3 0x000000008000feaa (0x00e78023) mem 0x0000000080012042 0x00
core   0: 0x000000008000feae (0xfc843703) ld      a4, -56(s0)
core   0: 3 0x000000008000feae (0xfc843703) x14 0x0000000080012040 mem 0x0000000080031f38
core   0: 0x000000008000feb2 (0xfb843783) ld      a5, -72(s0)
core   0: 3 0x000000008000feb2 (0xfb843783) x15 0x000000000000009c mem 0x0000000080031f28
core   0: 0x000000008000feb6 (0x000097ba) c.add   a5, a4
core   0: 3 0x000000008000feb6 (0x97ba) x15 0x00000000800120dc
core   0: 0x000000008000feb8 (0xfe043703) ld      a4, -32(s0)
core   0: 3 0x000000008000feb8 (0xfe043703) x14 0x0000000080012043 mem 0x0000000080031f50
core   0: 0x000000008000febc (0xfcf76de3) bltu    a4, a5, pc - 38
core   0: 3 0x000000008000febc (0xfcf76de3)
core   0: 0x000000008000fe96 (0xfe043783) ld      a5, -32(s0)
core   0: 3 0x000000008000fe96 (0xfe043783) x15 0x0000000080012043 mem 0x0000000080031f50
core   0: 0x000000008000fe9a (0x00178713) addi    a4, a5, 1
core   0: 3 0x000000008000fe9a (0x00178713) x14 0x0000000080012044
core   0: 0x000000008000fe9e (0xfee43023) sd      a4, -32(s0)
core   0: 3 0x000000008000fe9e (0xfee43023) mem 0x0000000080031f50 0x0000000080012044
core   0: 0x000000008000fea2 (0xfc442703) lw      a4, -60(s0)
core   0: 3 0x000000008000fea2 (0xfc442703) x14 0x0000000000000000 mem 0x0000000080031f34
core   0: 0x000000008000fea6 (0x0ff77713) andi    a4, a4, 255
core   0: 3 0x000000008000fea6 (0x0ff77713) x14 0x0000000000000000
core   0: 0x000000008000feaa (0x00e78023) sb      a4, 0(a5)
core   0: 3 0x000000008000feaa (0x00e78023) mem 0x0000000080012043 0x00
core   0: 0x000000008000feae (0xfc843703) ld      a4, -56(s0)
core   0: 3 0x000000008000feae (0xfc843703) x14 0x0000000080012040 mem 0x0000000080031f38
core   0: 0x000000008000feb2 (0xfb843783) ld      a5, -72(s0)
core   0: 3 0x000000008000feb2 (0xfb843783) x15 0x000000000000009c mem 0x0000000080031f28
core   0: 0x000000008000feb6 (0x000097ba) c.add   a5, a4
core   0: 3 0x000000008000feb6 (0x97ba) x15 0x00000000800120dc
core   0: 0x000000008000feb8 (0xfe043703) ld      a4, -32(s0)
core   0: 3 0x000000008000feb8 (0xfe043703) x14 0x0000000080012044 mem 0x0000000080031f50
core   0: 0x000000008000febc (0xfcf76de3) bltu    a4, a5, pc - 38
core   0: 3 0x000000008000febc (0xfcf76de3)
core   0: 0x000000008000fe96 (0xfe043783) ld      a5, -32(s0)
core   0: 3 0x000000008000fe96 (0xfe043783) x15 0x0000000080012044 mem 0x0000000080031f50
core   0: 0x000000008000fe9a (0x00178713) addi    a4, a5, 1
core   0: 3 0x000000008000fe9a (0x00178713) x14 0x0000000080012045
core   0: 0x000000008000fe9e (0xfee43023) sd      a4, -32(s0)
core   0: 3 0x000000008000fe9e (0xfee43023) mem 0x0000000080031f50 0x0000000080012045
core   0: 0x000000008000fea2 (0xfc442703) lw      a4, -60(s0)
core   0: 3 0x000000008000fea2 (0xfc442703) x14 0x0000000000000000 mem 0x0000000080031f34
core   0: 0x000000008000fea6 (0x0ff77713) andi    a4, a4, 255
core   0: 3 0x000000008000fea6 (0x0ff77713) x14 0x0000000000000000
core   0: 0x000000008000feaa (0x00e78023) sb      a4, 0(a5)
core   0: 3 0x000000008000feaa (0x00e78023) mem 0x0000000080012044 0x00
core   0: 0x000000008000feae (0xfc843703) ld      a4, -56(s0)
core   0: 3 0x000000008000feae (0xfc843703) x14 0x0000000080012040 mem 0x0000000080031f38
core   0: 0x000000008000feb2 (0xfb843783) ld      a5, -72(s0)
core   0: 3 0x000000008000feb2 (0xfb843783) x15 0x000000000000009c mem 0x0000000080031f28
core   0: 0x000000008000feb6 (0x000097ba) c.add   a5, a4
core   0: 3 0x000000008000feb6 (0x97ba) x15 0x00000000800120dc
core   0: 0x000000008000feb8 (0xfe043703) ld      a4, -32(s0)
core   0: 3 0x000000008000feb8 (0xfe043703) x14 0x0000000080012045 mem 0x0000000080031f50
core   0: 0x000000008000febc (0xfcf76de3) bltu    a4, a5, pc - 38
core   0: 3 0x000000008000febc (0xfcf76de3)
core   0: 0x000000008000fe96 (0xfe043783) ld      a5, -32(s0)
core   0: 3 0x000000008000fe96 (0xfe043783) x15 0x0000000080012045 mem 0x0000000080031f50
core   0: 0x000000008000fe9a (0x00178713) addi    a4, a5, 1
core   0: 3 0x000000008000fe9a (0x00178713) x14 0x0000000080012046
core   0: 0x000000008000fe9e (0xfee43023) sd      a4, -32(s0)
core   0: 3 0x000000008000fe9e (0xfee43023) mem 0x0000000080031f50 0x0000000080012046
core   0: 0x000000008000fea2 (0xfc442703) lw      a4, -60(s0)
core   0: 3 0x000000008000fea2 (0xfc442703) x14 0x0000000000000000 mem 0x0000000080031f34
core   0: 0x000000008000fea6 (0x0ff77713) andi    a4, a4, 255
core   0: 3 0x000000008000fea6 (0x0ff77713) x14 0x0000000000000000
core   0: 0x000000008000feaa (0x00e78023) sb      a4, 0(a5)
core   0: 3 0x000000008000feaa (0x00e78023) mem 0x0000000080012045 0x00
core   0: 0x000000008000feae (0xfc843703) ld      a4, -56(s0)
core   0: 3 0x000000008000feae (0xfc843703) x14 0x0000000080012040 mem 0x0000000080031f38
core   0: 0x000000008000feb2 (0xfb843783) ld      a5, -72(s0)
core   0: 3 0x000000008000feb2 (0xfb843783) x15 0x000000000000009c mem 0x0000000080031f28
core   0: 0x000000008000feb6 (0x000097ba) c.add   a5, a4
core   0: 3 0x000000008000feb6 (0x97ba) x15 0x00000000800120dc
core   0: 0x000000008000feb8 (0xfe043703) ld      a4, -32(s0)
core   0: 3 0x000000008000feb8 (0xfe043703) x14 0x0000000080012046 mem 0x0000000080031f50
core   0: 0x000000008000febc (0xfcf76de3) bltu    a4, a5, pc - 38
core   0: 3 0x000000008000febc (0xfcf76de3)
core   0: 0x000000008000fe96 (0xfe043783) ld      a5, -32(s0)
core   0: 3 0x000000008000fe96 (0xfe043783) x15 0x0000000080012046 mem 0x0000000080031f50
core   0: 0x000000008000fe9a (0x00178713) addi    a4, a5, 1
core   0: 3 0x000000008000fe9a (0x00178713) x14 0x0000000080012047
core   0: 0x000000008000fe9e (0xfee43023) sd      a4, -32(s0)
core   0: 3 0x000000008000fe9e (0xfee43023) mem 0x0000000080031f50 0x0000000080012047
core   0: 0x000000008000fea2 (0xfc442703) lw      a4, -60(s0)
core   0: 3 0x000000008000fea2 (0xfc442703) x14 0x0000000000000000 mem 0x0000000080031f34
core   0: 0x000000008000fea6 (0x0ff77713) andi    a4, a4, 255
core   0: 3 0x000000008000fea6 (0x0ff77713) x14 0x0000000000000000
core   0: 0x000000008000feaa (0x00e78023) sb      a4, 0(a5)
core   0: 3 0x000000008000feaa (0x00e78023) mem 0x0000000080012046 0x00
core   0: 0x000000008000feae (0xfc843703) ld      a4, -56(s0)
core   0: 3 0x000000008000feae (0xfc843703) x14 0x0000000080012040 mem 0x0000000080031f38
core   0: 0x000000008000feb2 (0xfb843783) ld      a5, -72(s0)
core   0: 3 0x000000008000feb2 (0xfb843783) x15 0x000000000000009c mem 0x0000000080031f28
core   0: 0x000000008000feb6 (0x000097ba) c.add   a5, a4
core   0: 3 0x000000008000feb6 (0x97ba) x15 0x00000000800120dc
core   0: 0x000000008000feb8 (0xfe043703) ld      a4, -32(s0)
core   0: 3 0x000000008000feb8 (0xfe043703) x14 0x0000000080012047 mem 0x0000000080031f50
core   0: 0x000000008000febc (0xfcf76de3) bltu    a4, a5, pc - 38
core   0: 3 0x000000008000febc (0xfcf76de3)
core   0: 0x000000008000fe96 (0xfe043783) ld      a5, -32(s0)
core   0: 3 0x000000008000fe96 (0xfe043783) x15 0x0000000080012047 mem 0x0000000080031f50
core   0: 0x000000008000fe9a (0x00178713) addi    a4, a5, 1
core   0: 3 0x000000008000fe9a (0x00178713) x14 0x0000000080012048
core   0: 0x000000008000fe9e (0xfee43023) sd      a4, -32(s0)
core   0: 3 0x000000008000fe9e (0xfee43023) mem 0x0000000080031f50 0x0000000080012048
core   0: 0x000000008000fea2 (0xfc442703) lw      a4, -60(s0)
core   0: 3 0x000000008000fea2 (0xfc442703) x14 0x0000000000000000 mem 0x0000000080031f34
core   0: 0x000000008000fea6 (0x0ff77713) andi    a4, a4, 255
core   0: 3 0x000000008000fea6 (0x0ff77713) x14 0x0000000000000000
core   0: 0x000000008000feaa (0x00e78023) sb      a4, 0(a5)
core   0: 3 0x000000008000feaa (0x00e78023) mem 0x0000000080012047 0x00
core   0: 0x000000008000feae (0xfc843703) ld      a4, -56(s0)
core   0: 3 0x000000008000feae (0xfc843703) x14 0x0000000080012040 mem 0x0000000080031f38
core   0: 0x000000008000feb2 (0xfb843783) ld      a5, -72(s0)
core   0: 3 0x000000008000feb2 (0xfb843783) x15 0x000000000000009c mem 0x0000000080031f28
core   0: 0x000000008000feb6 (0x000097ba) c.add   a5, a4
core   0: 3 0x000000008000feb6 (0x97ba) x15 0x00000000800120dc
core   0: 0x000000008000feb8 (0xfe043703) ld      a4, -32(s0)
core   0: 3 0x000000008000feb8 (0xfe043703) x14 0x0000000080012048 mem 0x0000000080031f50
core   0: 0x000000008000febc (0xfcf76de3) bltu    a4, a5, pc - 38
core   0: 3 0x000000008000febc (0xfcf76de3)
core   0: 0x000000008000fe96 (0xfe043783) ld      a5, -32(s0)
core   0: 3 0x000000008000fe96 (0xfe043783) x15 0x0000000080012048 mem 0x0000000080031f50
core   0: 0x000000008000fe9a (0x00178713) addi    a4, a5, 1
core   0: 3 0x000000008000fe9a (0x00178713) x14 0x0000000080012049
core   0: 0x000000008000fe9e (0xfee43023) sd      a4, -32(s0)
core   0: 3 0x000000008000fe9e (0xfee43023) mem 0x0000000080031f50 0x0000000080012049
core   0: 0x000000008000fea2 (0xfc442703) lw      a4, -60(s0)
core   0: 3 0x000000008000fea2 (0xfc442703) x14 0x0000000000000000 mem 0x0000000080031f34
core   0: 0x000000008000fea6 (0x0ff77713) andi    a4, a4, 255
core   0: 3 0x000000008000fea6 (0x0ff77713) x14 0x0000000000000000
core   0: 0x000000008000feaa (0x00e78023) sb      a4, 0(a5)
core   0: 3 0x000000008000feaa (0x00e78023) mem 0x0000000080012048 0x00
core   0: 0x000000008000feae (0xfc843703) ld      a4, -56(s0)
core   0: 3 0x000000008000feae (0xfc843703) x14 0x0000000080012040 mem 0x0000000080031f38
core   0: 0x000000008000feb2 (0xfb843783) ld      a5, -72(s0)
core   0: 3 0x000000008000feb2 (0xfb843783) x15 0x000000000000009c mem 0x0000000080031f28
core   0: 0x000000008000feb6 (0x000097ba) c.add   a5, a4
core   0: 3 0x000000008000feb6 (0x97ba) x15 0x00000000800120dc
core   0: 0x000000008000feb8 (0xfe043703) ld      a4, -32(s0)
core   0: 3 0x000000008000feb8 (0xfe043703) x14 0x0000000080012049 mem 0x0000000080031f50
core   0: 0x000000008000febc (0xfcf76de3) bltu    a4, a5, pc - 38
core   0: 3 0x000000008000febc (0xfcf76de3)
core   0: 0x000000008000fe96 (0xfe043783) ld      a5, -32(s0)
core   0: 3 0x000000008000fe96 (0xfe043783) x15 0x0000000080012049 mem 0x0000000080031f50
core   0: 0x000000008000fe9a (0x00178713) addi    a4, a5, 1
core   0: 3 0x000000008000fe9a (0x00178713) x14 0x000000008001204a
core   0: 0x000000008000fe9e (0xfee43023) sd      a4, -32(s0)
core   0: 3 0x000000008000fe9e (0xfee43023) mem 0x0000000080031f50 0x000000008001204a
core   0: 0x000000008000fea2 (0xfc442703) lw      a4, -60(s0)
core   0: 3 0x000000008000fea2 (0xfc442703) x14 0x0000000000000000 mem 0x0000000080031f34
core   0: 0x000000008000fea6 (0x0ff77713) andi    a4, a4, 255
core   0: 3 0x000000008000fea6 (0x0ff77713) x14 0x0000000000000000
core   0: 0x000000008000feaa (0x00e78023) sb      a4, 0(a5)
core   0: 3 0x000000008000feaa (0x00e78023) mem 0x0000000080012049 0x00
core   0: 0x000000008000feae (0xfc843703) ld      a4, -56(s0)
core   0: 3 0x000000008000feae (0xfc843703) x14 0x0000000080012040 mem 0x0000000080031f38
core   0: 0x000000008000feb2 (0xfb843783) ld      a5, -72(s0)
core   0: 3 0x000000008000feb2 (0xfb843783) x15 0x000000000000009c mem 0x0000000080031f28
core   0: 0x000000008000feb6 (0x000097ba) c.add   a5, a4
core   0: 3 0x000000008000feb6 (0x97ba) x15 0x00000000800120dc
core   0: 0x000000008000feb8 (0xfe043703) ld      a4, -32(s0)
core   0: 3 0x000000008000feb8 (0xfe043703) x14 0x000000008001204a mem 0x0000000080031f50
core   0: 0x000000008000febc (0xfcf76de3) bltu    a4, a5, pc - 38
core   0: 3 0x000000008000febc (0xfcf76de3)
core   0: 0x000000008000fe96 (0xfe043783) ld      a5, -32(s0)
core   0: 3 0x000000008000fe96 (0xfe043783) x15 0x000000008001204a mem 0x0000000080031f50
core   0: 0x000000008000fe9a (0x00178713) addi    a4, a5, 1
core   0: 3 0x000000008000fe9a (0x00178713) x14 0x000000008001204b
core   0: 0x000000008000fe9e (0xfee43023) sd      a4, -32(s0)
core   0: 3 0x000000008000fe9e (0xfee43023) mem 0x0000000080031f50 0x000000008001204b
core   0: 0x000000008000fea2 (0xfc442703) lw      a4, -60(s0)
core   0: 3 0x000000008000fea2 (0xfc442703) x14 0x0000000000000000 mem 0x0000000080031f34
core   0: 0x000000008000fea6 (0x0ff77713) andi    a4, a4, 255
core   0: 3 0x000000008000fea6 (0x0ff77713) x14 0x0000000000000000
core   0: 0x000000008000feaa (0x00e78023) sb      a4, 0(a5)
core   0: 3 0x000000008000feaa (0x00e78023) mem 0x000000008001204a 0x00
core   0: 0x000000008000feae (0xfc843703) ld      a4, -56(s0)
core   0: 3 0x000000008000feae (0xfc843703) x14 0x0000000080012040 mem 0x0000000080031f38
core   0: 0x000000008000feb2 (0xfb843783) ld      a5, -72(s0)
core   0: 3 0x000000008000feb2 (0xfb843783) x15 0x000000000000009c mem 0x0000000080031f28
core   0: 0x000000008000feb6 (0x000097ba) c.add   a5, a4
core   0: 3 0x000000008000feb6 (0x97ba) x15 0x00000000800120dc
core   0: 0x000000008000feb8 (0xfe043703) ld      a4, -32(s0)
core   0: 3 0x000000008000feb8 (0xfe043703) x14 0x000000008001204b mem 0x0000000080031f50
core   0: 0x000000008000febc (0xfcf76de3) bltu    a4, a5, pc - 38
core   0: 3 0x000000008000febc (0xfcf76de3)
core   0: 0x000000008000fe96 (0xfe043783) ld      a5, -32(s0)
core   0: 3 0x000000008000fe96 (0xfe043783) x15 0x000000008001204b mem 0x0000000080031f50
core   0: 0x000000008000fe9a (0x00178713) addi    a4, a5, 1
core   0: 3 0x000000008000fe9a (0x00178713) x14 0x000000008001204c
core   0: 0x000000008000fe9e (0xfee43023) sd      a4, -32(s0)
core   0: 3 0x000000008000fe9e (0xfee43023) mem 0x0000000080031f50 0x000000008001204c
core   0: 0x000000008000fea2 (0xfc442703) lw      a4, -60(s0)
core   0: 3 0x000000008000fea2 (0xfc442703) x14 0x0000000000000000 mem 0x0000000080031f34
core   0: 0x000000008000fea6 (0x0ff77713) andi    a4, a4, 255
core   0: 3 0x000000008000fea6 (0x0ff77713) x14 0x0000000000000000
core   0: 0x000000008000feaa (0x00e78023) sb      a4, 0(a5)
core   0: 3 0x000000008000feaa (0x00e78023) mem 0x000000008001204b 0x00
core   0: 0x000000008000feae (0xfc843703) ld      a4, -56(s0)
core   0: 3 0x000000008000feae (0xfc843703) x14 0x0000000080012040 mem 0x0000000080031f38
core   0: 0x000000008000feb2 (0xfb843783) ld      a5, -72(s0)
core   0: 3 0x000000008000feb2 (0xfb843783) x15 0x000000000000009c mem 0x0000000080031f28
core   0: 0x000000008000feb6 (0x000097ba) c.add   a5, a4
core   0: 3 0x000000008000feb6 (0x97ba) x15 0x00000000800120dc
core   0: 0x000000008000feb8 (0xfe043703) ld      a4, -32(s0)
core   0: 3 0x000000008000feb8 (0xfe043703) x14 0x000000008001204c mem 0x0000000080031f50
core   0: 0x000000008000febc (0xfcf76de3) bltu    a4, a5, pc - 38
core   0: 3 0x000000008000febc (0xfcf76de3)
core   0: 0x000000008000fe96 (0xfe043783) ld      a5, -32(s0)
core   0: 3 0x000000008000fe96 (0xfe043783) x15 0x000000008001204c mem 0x0000000080031f50
core   0: 0x000000008000fe9a (0x00178713) addi    a4, a5, 1
core   0: 3 0x000000008000fe9a (0x00178713) x14 0x000000008001204d
core   0: 0x000000008000fe9e (0xfee43023) sd      a4, -32(s0)
core   0: 3 0x000000008000fe9e (0xfee43023) mem 0x0000000080031f50 0x000000008001204d
core   0: 0x000000008000fea2 (0xfc442703) lw      a4, -60(s0)
core   0: 3 0x000000008000fea2 (0xfc442703) x14 0x0000000000000000 mem 0x0000000080031f34
core   0: 0x000000008000fea6 (0x0ff77713) andi    a4, a4, 255
core   0: 3 0x000000008000fea6 (0x0ff77713) x14 0x0000000000000000
core   0: 0x000000008000feaa (0x00e78023) sb      a4, 0(a5)
core   0: 3 0x000000008000feaa (0x00e78023) mem 0x000000008001204c 0x00
core   0: 0x000000008000feae (0xfc843703) ld      a4, -56(s0)
core   0: 3 0x000000008000feae (0xfc843703) x14 0x0000000080012040 mem 0x0000000080031f38
core   0: 0x000000008000feb2 (0xfb843783) ld      a5, -72(s0)
core   0: 3 0x000000008000feb2 (0xfb843783) x15 0x000000000000009c mem 0x0000000080031f28
core   0: 0x000000008000feb6 (0x000097ba) c.add   a5, a4
core   0: 3 0x000000008000feb6 (0x97ba) x15 0x00000000800120dc
core   0: 0x000000008000feb8 (0xfe043703) ld      a4, -32(s0)
core   0: 3 0x000000008000feb8 (0xfe043703) x14 0x000000008001204d mem 0x0000000080031f50
core   0: 0x000000008000febc (0xfcf76de3) bltu    a4, a5, pc - 38
core   0: 3 0x000000008000febc (0xfcf76de3)
core   0: 0x000000008000fe96 (0xfe043783) ld      a5, -32(s0)
core   0: 3 0x000000008000fe96 (0xfe043783) x15 0x000000008001204d mem 0x0000000080031f50
core   0: 0x000000008000fe9a (0x00178713) addi    a4, a5, 1
core   0: 3 0x000000008000fe9a (0x00178713) x14 0x000000008001204e
core   0: 0x000000008000fe9e (0xfee43023) sd      a4, -32(s0)
core   0: 3 0x000000008000fe9e (0xfee43023) mem 0x0000000080031f50 0x000000008001204e
core   0: 0x000000008000fea2 (0xfc442703) lw      a4, -60(s0)
core   0: 3 0x000000008000fea2 (0xfc442703) x14 0x0000000000000000 mem 0x0000000080031f34
core   0: 0x000000008000fea6 (0x0ff77713) andi    a4, a4, 255
core   0: 3 0x000000008000fea6 (0x0ff77713) x14 0x0000000000000000
core   0: 0x000000008000feaa (0x00e78023) sb      a4, 0(a5)
core   0: 3 0x000000008000feaa (0x00e78023) mem 0x000000008001204d 0x00
core   0: 0x000000008000feae (0xfc843703) ld      a4, -56(s0)
core   0: 3 0x000000008000feae (0xfc843703) x14 0x0000000080012040 mem 0x0000000080031f38
core   0: 0x000000008000feb2 (0xfb843783) ld      a5, -72(s0)
core   0: 3 0x000000008000feb2 (0xfb843783) x15 0x000000000000009c mem 0x0000000080031f28
core   0: 0x000000008000feb6 (0x000097ba) c.add   a5, a4
core   0: 3 0x000000008000feb6 (0x97ba) x15 0x00000000800120dc
core   0: 0x000000008000feb8 (0xfe043703) ld      a4, -32(s0)
core   0: 3 0x000000008000feb8 (0xfe043703) x14 0x000000008001204e mem 0x0000000080031f50
core   0: 0x000000008000febc (0xfcf76de3) bltu    a4, a5, pc - 38
core   0: 3 0x000000008000febc (0xfcf76de3)
core   0: 0x000000008000fe96 (0xfe043783) ld      a5, -32(s0)
core   0: 3 0x000000008000fe96 (0xfe043783) x15 0x000000008001204e mem 0x0000000080031f50
core   0: 0x000000008000fe9a (0x00178713) addi    a4, a5, 1
core   0: 3 0x000000008000fe9a (0x00178713) x14 0x000000008001204f
core   0: 0x000000008000fe9e (0xfee43023) sd      a4, -32(s0)
core   0: 3 0x000000008000fe9e (0xfee43023) mem 0x0000000080031f50 0x000000008001204f
core   0: 0x000000008000fea2 (0xfc442703) lw      a4, -60(s0)
core   0: 3 0x000000008000fea2 (0xfc442703) x14 0x0000000000000000 mem 0x0000000080031f34
core   0: 0x000000008000fea6 (0x0ff77713) andi    a4, a4, 255
core   0: 3 0x000000008000fea6 (0x0ff77713) x14 0x0000000000000000
core   0: 0x000000008000feaa (0x00e78023) sb      a4, 0(a5)
core   0: 3 0x000000008000feaa (0x00e78023) mem 0x000000008001204e 0x00
core   0: 0x000000008000feae (0xfc843703) ld      a4, -56(s0)
core   0: 3 0x000000008000feae (0xfc843703) x14 0x0000000080012040 mem 0x0000000080031f38
core   0: 0x000000008000feb2 (0xfb843783) ld      a5, -72(s0)
core   0: 3 0x000000008000feb2 (0xfb843783) x15 0x000000000000009c mem 0x0000000080031f28
core   0: 0x000000008000feb6 (0x000097ba) c.add   a5, a4
core   0: 3 0x000000008000feb6 (0x97ba) x15 0x00000000800120dc
core   0: 0x000000008000feb8 (0xfe043703) ld      a4, -32(s0)
core   0: 3 0x000000008000feb8 (0xfe043703) x14 0x000000008001204f mem 0x0000000080031f50
core   0: 0x000000008000febc (0xfcf76de3) bltu    a4, a5, pc - 38
core   0: 3 0x000000008000febc (0xfcf76de3)
core   0: 0x000000008000fe96 (0xfe043783) ld      a5, -32(s0)
core   0: 3 0x000000008000fe96 (0xfe043783) x15 0x000000008001204f mem 0x0000000080031f50
core   0: 0x000000008000fe9a (0x00178713) addi    a4, a5, 1
core   0: 3 0x000000008000fe9a (0x00178713) x14 0x0000000080012050
core   0: 0x000000008000fe9e (0xfee43023) sd      a4, -32(s0)
core   0: 3 0x000000008000fe9e (0xfee43023) mem 0x0000000080031f50 0x0000000080012050
core   0: 0x000000008000fea2 (0xfc442703) lw      a4, -60(s0)
core   0: 3 0x000000008000fea2 (0xfc442703) x14 0x0000000000000000 mem 0x0000000080031f34
core   0: 0x000000008000fea6 (0x0ff77713) andi    a4, a4, 255
core   0: 3 0x000000008000fea6 (0x0ff77713) x14 0x0000000000000000
core   0: 0x000000008000feaa (0x00e78023) sb      a4, 0(a5)
core   0: 3 0x000000008000feaa (0x00e78023) mem 0x000000008001204f 0x00
core   0: 0x000000008000feae (0xfc843703) ld      a4, -56(s0)
core   0: 3 0x000000008000feae (0xfc843703) x14 0x0000000080012040 mem 0x0000000080031f38
core   0: 0x000000008000feb2 (0xfb843783) ld      a5, -72(s0)
core   0: 3 0x000000008000feb2 (0xfb843783) x15 0x000000000000009c mem 0x0000000080031f28
core   0: 0x000000008000feb6 (0x000097ba) c.add   a5, a4
core   0: 3 0x000000008000feb6 (0x97ba) x15 0x00000000800120dc
core   0: 0x000000008000feb8 (0xfe043703) ld      a4, -32(s0)
core   0: 3 0x000000008000feb8 (0xfe043703) x14 0x0000000080012050 mem 0x0000000080031f50
core   0: 0x000000008000febc (0xfcf76de3) bltu    a4, a5, pc - 38
core   0: 3 0x000000008000febc (0xfcf76de3)
core   0: 0x000000008000fe96 (0xfe043783) ld      a5, -32(s0)
core   0: 3 0x000000008000fe96 (0xfe043783) x15 0x0000000080012050 mem 0x0000000080031f50
core   0: 0x000000008000fe9a (0x00178713) addi    a4, a5, 1
core   0: 3 0x000000008000fe9a (0x00178713) x14 0x0000000080012051
core   0: 0x000000008000fe9e (0xfee43023) sd      a4, -32(s0)
core   0: 3 0x000000008000fe9e (0xfee43023) mem 0x0000000080031f50 0x0000000080012051
core   0: 0x000000008000fea2 (0xfc442703) lw      a4, -60(s0)
core   0: 3 0x000000008000fea2 (0xfc442703) x14 0x0000000000000000 mem 0x0000000080031f34
core   0: 0x000000008000fea6 (0x0ff77713) andi    a4, a4, 255
core   0: 3 0x000000008000fea6 (0x0ff77713) x14 0x0000000000000000
core   0: 0x000000008000feaa (0x00e78023) sb      a4, 0(a5)
core   0: 3 0x000000008000feaa (0x00e78023) mem 0x0000000080012050 0x00
core   0: 0x000000008000feae (0xfc843703) ld      a4, -56(s0)
core   0: 3 0x000000008000feae (0xfc843703) x14 0x0000000080012040 mem 0x0000000080031f38
core   0: 0x000000008000feb2 (0xfb843783) ld      a5, -72(s0)
core   0: 3 0x000000008000feb2 (0xfb843783) x15 0x000000000000009c mem 0x0000000080031f28
core   0: 0x000000008000feb6 (0x000097ba) c.add   a5, a4
core   0: 3 0x000000008000feb6 (0x97ba) x15 0x00000000800120dc
core   0: 0x000000008000feb8 (0xfe043703) ld      a4, -32(s0)
core   0: 3 0x000000008000feb8 (0xfe043703) x14 0x0000000080012051 mem 0x0000000080031f50
core   0: 0x000000008000febc (0xfcf76de3) bltu    a4, a5, pc - 38
core   0: 3 0x000000008000febc (0xfcf76de3)
core   0: 0x000000008000fe96 (0xfe043783) ld      a5, -32(s0)
core   0: 3 0x000000008000fe96 (0xfe043783) x15 0x0000000080012051 mem 0x0000000080031f50
core   0: 0x000000008000fe9a (0x00178713) addi    a4, a5, 1
core   0: 3 0x000000008000fe9a (0x00178713) x14 0x0000000080012052
core   0: 0x000000008000fe9e (0xfee43023) sd      a4, -32(s0)
core   0: 3 0x000000008000fe9e (0xfee43023) mem 0x0000000080031f50 0x0000000080012052
core   0: 0x000000008000fea2 (0xfc442703) lw      a4, -60(s0)
core   0: 3 0x000000008000fea2 (0xfc442703) x14 0x0000000000000000 mem 0x0000000080031f34
core   0: 0x000000008000fea6 (0x0ff77713) andi    a4, a4, 255
core   0: 3 0x000000008000fea6 (0x0ff77713) x14 0x0000000000000000
core   0: 0x000000008000feaa (0x00e78023) sb      a4, 0(a5)
core   0: 3 0x000000008000feaa (0x00e78023) mem 0x0000000080012051 0x00
core   0: 0x000000008000feae (0xfc843703) ld      a4, -56(s0)
core   0: 3 0x000000008000feae (0xfc843703) x14 0x0000000080012040 mem 0x0000000080031f38
core   0: 0x000000008000feb2 (0xfb843783) ld      a5, -72(s0)
core   0: 3 0x000000008000feb2 (0xfb843783) x15 0x000000000000009c mem 0x0000000080031f28
core   0: 0x000000008000feb6 (0x000097ba) c.add   a5, a4
core   0: 3 0x000000008000feb6 (0x97ba) x15 0x00000000800120dc
core   0: 0x000000008000feb8 (0xfe043703) ld      a4, -32(s0)
core   0: 3 0x000000008000feb8 (0xfe043703) x14 0x0000000080012052 mem 0x0000000080031f50
core   0: 0x000000008000febc (0xfcf76de3) bltu    a4, a5, pc - 38
core   0: 3 0x000000008000febc (0xfcf76de3)
core   0: 0x000000008000fe96 (0xfe043783) ld      a5, -32(s0)
core   0: 3 0x000000008000fe96 (0xfe043783) x15 0x0000000080012052 mem 0x0000000080031f50
core   0: 0x000000008000fe9a (0x00178713) addi    a4, a5, 1
core   0: 3 0x000000008000fe9a (0x00178713) x14 0x0000000080012053
core   0: 0x000000008000fe9e (0xfee43023) sd      a4, -32(s0)
core   0: 3 0x000000008000fe9e (0xfee43023) mem 0x0000000080031f50 0x0000000080012053
core   0: 0x000000008000fea2 (0xfc442703) lw      a4, -60(s0)
core   0: 3 0x000000008000fea2 (0xfc442703) x14 0x0000000000000000 mem 0x0000000080031f34
core   0: 0x000000008000fea6 (0x0ff77713) andi    a4, a4, 255
core   0: 3 0x000000008000fea6 (0x0ff77713) x14 0x0000000000000000
core   0: 0x000000008000feaa (0x00e78023) sb      a4, 0(a5)
core   0: 3 0x000000008000feaa (0x00e78023) mem 0x0000000080012052 0x00
core   0: 0x000000008000feae (0xfc843703) ld      a4, -56(s0)
core   0: 3 0x000000008000feae (0xfc843703) x14 0x0000000080012040 mem 0x0000000080031f38
core   0: 0x000000008000feb2 (0xfb843783) ld      a5, -72(s0)
core   0: 3 0x000000008000feb2 (0xfb843783) x15 0x000000000000009c mem 0x0000000080031f28
core   0: 0x000000008000feb6 (0x000097ba) c.add   a5, a4
core   0: 3 0x000000008000feb6 (0x97ba) x15 0x00000000800120dc
core   0: 0x000000008000feb8 (0xfe043703) ld      a4, -32(s0)
core   0: 3 0x000000008000feb8 (0xfe043703) x14 0x0000000080012053 mem 0x0000000080031f50
core   0: 0x000000008000febc (0xfcf76de3) bltu    a4, a5, pc - 38
core   0: 3 0x000000008000febc (0xfcf76de3)
core   0: 0x000000008000fe96 (0xfe043783) ld      a5, -32(s0)
core   0: 3 0x000000008000fe96 (0xfe043783) x15 0x0000000080012053 mem 0x0000000080031f50
core   0: 0x000000008000fe9a (0x00178713) addi    a4, a5, 1
core   0: 3 0x000000008000fe9a (0x00178713) x14 0x0000000080012054
core   0: 0x000000008000fe9e (0xfee43023) sd      a4, -32(s0)
core   0: 3 0x000000008000fe9e (0xfee43023) mem 0x0000000080031f50 0x0000000080012054
core   0: 0x000000008000fea2 (0xfc442703) lw      a4, -60(s0)
core   0: 3 0x000000008000fea2 (0xfc442703) x14 0x0000000000000000 mem 0x0000000080031f34
core   0: 0x000000008000fea6 (0x0ff77713) andi    a4, a4, 255
core   0: 3 0x000000008000fea6 (0x0ff77713) x14 0x0000000000000000
core   0: 0x000000008000feaa (0x00e78023) sb      a4, 0(a5)
core   0: 3 0x000000008000feaa (0x00e78023) mem 0x0000000080012053 0x00
core   0: 0x000000008000feae (0xfc843703) ld      a4, -56(s0)
core   0: 3 0x000000008000feae (0xfc843703) x14 0x0000000080012040 mem 0x0000000080031f38
core   0: 0x000000008000feb2 (0xfb843783) ld      a5, -72(s0)
core   0: 3 0x000000008000feb2 (0xfb843783) x15 0x000000000000009c mem 0x0000000080031f28
core   0: 0x000000008000feb6 (0x000097ba) c.add   a5, a4
core   0: 3 0x000000008000feb6 (0x97ba) x15 0x00000000800120dc
core   0: 0x000000008000feb8 (0xfe043703) ld      a4, -32(s0)
core   0: 3 0x000000008000feb8 (0xfe043703) x14 0x0000000080012054 mem 0x0000000080031f50
core   0: 0x000000008000febc (0xfcf76de3) bltu    a4, a5, pc - 38
core   0: 3 0x000000008000febc (0xfcf76de3)
core   0: 0x000000008000fe96 (0xfe043783) ld      a5, -32(s0)
core   0: 3 0x000000008000fe96 (0xfe043783) x15 0x0000000080012054 mem 0x0000000080031f50
core   0: 0x000000008000fe9a (0x00178713) addi    a4, a5, 1
core   0: 3 0x000000008000fe9a (0x00178713) x14 0x0000000080012055
core   0: 0x000000008000fe9e (0xfee43023) sd      a4, -32(s0)
core   0: 3 0x000000008000fe9e (0xfee43023) mem 0x0000000080031f50 0x0000000080012055
core   0: 0x000000008000fea2 (0xfc442703) lw      a4, -60(s0)
core   0: 3 0x000000008000fea2 (0xfc442703) x14 0x0000000000000000 mem 0x0000000080031f34
core   0: 0x000000008000fea6 (0x0ff77713) andi    a4, a4, 255
core   0: 3 0x000000008000fea6 (0x0ff77713) x14 0x0000000000000000
core   0: 0x000000008000feaa (0x00e78023) sb      a4, 0(a5)
core   0: 3 0x000000008000feaa (0x00e78023) mem 0x0000000080012054 0x00
core   0: 0x000000008000feae (0xfc843703) ld      a4, -56(s0)
core   0: 3 0x000000008000feae (0xfc843703) x14 0x0000000080012040 mem 0x0000000080031f38
core   0: 0x000000008000feb2 (0xfb843783) ld      a5, -72(s0)
core   0: 3 0x000000008000feb2 (0xfb843783) x15 0x000000000000009c mem 0x0000000080031f28
core   0: 0x000000008000feb6 (0x000097ba) c.add   a5, a4
core   0: 3 0x000000008000feb6 (0x97ba) x15 0x00000000800120dc
core   0: 0x000000008000feb8 (0xfe043703) ld      a4, -32(s0)
core   0: 3 0x000000008000feb8 (0xfe043703) x14 0x0000000080012055 mem 0x0000000080031f50
core   0: 0x000000008000febc (0xfcf76de3) bltu    a4, a5, pc - 38
core   0: 3 0x000000008000febc (0xfcf76de3)
core   0: 0x000000008000fe96 (0xfe043783) ld      a5, -32(s0)
core   0: 3 0x000000008000fe96 (0xfe043783) x15 0x0000000080012055 mem 0x0000000080031f50
core   0: 0x000000008000fe9a (0x00178713) addi    a4, a5, 1
core   0: 3 0x000000008000fe9a (0x00178713) x14 0x0000000080012056
core   0: 0x000000008000fe9e (0xfee43023) sd      a4, -32(s0)
core   0: 3 0x000000008000fe9e (0xfee43023) mem 0x0000000080031f50 0x0000000080012056
core   0: 0x000000008000fea2 (0xfc442703) lw      a4, -60(s0)
core   0: 3 0x000000008000fea2 (0xfc442703) x14 0x0000000000000000 mem 0x0000000080031f34
core   0: 0x000000008000fea6 (0x0ff77713) andi    a4, a4, 255
core   0: 3 0x000000008000fea6 (0x0ff77713) x14 0x0000000000000000
core   0: 0x000000008000feaa (0x00e78023) sb      a4, 0(a5)
core   0: 3 0x000000008000feaa (0x00e78023) mem 0x0000000080012055 0x00
core   0: 0x000000008000feae (0xfc843703) ld      a4, -56(s0)
core   0: 3 0x000000008000feae (0xfc843703) x14 0x0000000080012040 mem 0x0000000080031f38
core   0: 0x000000008000feb2 (0xfb843783) ld      a5, -72(s0)
core   0: 3 0x000000008000feb2 (0xfb843783) x15 0x000000000000009c mem 0x0000000080031f28
core   0: 0x000000008000feb6 (0x000097ba) c.add   a5, a4
core   0: 3 0x000000008000feb6 (0x97ba) x15 0x00000000800120dc
core   0: 0x000000008000feb8 (0xfe043703) ld      a4, -32(s0)
core   0: 3 0x000000008000feb8 (0xfe043703) x14 0x0000000080012056 mem 0x0000000080031f50
core   0: 0x000000008000febc (0xfcf76de3) bltu    a4, a5, pc - 38
core   0: 3 0x000000008000febc (0xfcf76de3)
core   0: 0x000000008000fe96 (0xfe043783) ld      a5, -32(s0)
core   0: 3 0x000000008000fe96 (0xfe043783) x15 0x0000000080012056 mem 0x0000000080031f50
core   0: 0x000000008000fe9a (0x00178713) addi    a4, a5, 1
core   0: 3 0x000000008000fe9a (0x00178713) x14 0x0000000080012057
core   0: 0x000000008000fe9e (0xfee43023) sd      a4, -32(s0)
core   0: 3 0x000000008000fe9e (0xfee43023) mem 0x0000000080031f50 0x0000000080012057
core   0: 0x000000008000fea2 (0xfc442703) lw      a4, -60(s0)
core   0: 3 0x000000008000fea2 (0xfc442703) x14 0x0000000000000000 mem 0x0000000080031f34
core   0: 0x000000008000fea6 (0x0ff77713) andi    a4, a4, 255
core   0: 3 0x000000008000fea6 (0x0ff77713) x14 0x0000000000000000
core   0: 0x000000008000feaa (0x00e78023) sb      a4, 0(a5)
core   0: 3 0x000000008000feaa (0x00e78023) mem 0x0000000080012056 0x00
core   0: 0x000000008000feae (0xfc843703) ld      a4, -56(s0)
core   0: 3 0x000000008000feae (0xfc843703) x14 0x0000000080012040 mem 0x0000000080031f38
core   0: 0x000000008000feb2 (0xfb843783) ld      a5, -72(s0)
core   0: 3 0x000000008000feb2 (0xfb843783) x15 0x000000000000009c mem 0x0000000080031f28
core   0: 0x000000008000feb6 (0x000097ba) c.add   a5, a4
core   0: 3 0x000000008000feb6 (0x97ba) x15 0x00000000800120dc
core   0: 0x000000008000feb8 (0xfe043703) ld      a4, -32(s0)
core   0: 3 0x000000008000feb8 (0xfe043703) x14 0x0000000080012057 mem 0x0000000080031f50
core   0: 0x000000008000febc (0xfcf76de3) bltu    a4, a5, pc - 38
core   0: 3 0x000000008000febc (0xfcf76de3)
core   0: 0x000000008000fe96 (0xfe043783) ld      a5, -32(s0)
core   0: 3 0x000000008000fe96 (0xfe043783) x15 0x0000000080012057 mem 0x0000000080031f50
core   0: 0x000000008000fe9a (0x00178713) addi    a4, a5, 1
core   0: 3 0x000000008000fe9a (0x00178713) x14 0x0000000080012058
core   0: 0x000000008000fe9e (0xfee43023) sd      a4, -32(s0)
core   0: 3 0x000000008000fe9e (0xfee43023) mem 0x0000000080031f50 0x0000000080012058
core   0: 0x000000008000fea2 (0xfc442703) lw      a4, -60(s0)
core   0: 3 0x000000008000fea2 (0xfc442703) x14 0x0000000000000000 mem 0x0000000080031f34
core   0: 0x000000008000fea6 (0x0ff77713) andi    a4, a4, 255
core   0: 3 0x000000008000fea6 (0x0ff77713) x14 0x0000000000000000
core   0: 0x000000008000feaa (0x00e78023) sb      a4, 0(a5)
core   0: 3 0x000000008000feaa (0x00e78023) mem 0x0000000080012057 0x00
core   0: 0x000000008000feae (0xfc843703) ld      a4, -56(s0)
core   0: 3 0x000000008000feae (0xfc843703) x14 0x0000000080012040 mem 0x0000000080031f38
core   0: 0x000000008000feb2 (0xfb843783) ld      a5, -72(s0)
core   0: 3 0x000000008000feb2 (0xfb843783) x15 0x000000000000009c mem 0x0000000080031f28
core   0: 0x000000008000feb6 (0x000097ba) c.add   a5, a4
core   0: 3 0x000000008000feb6 (0x97ba) x15 0x00000000800120dc
core   0: 0x000000008000feb8 (0xfe043703) ld      a4, -32(s0)
core   0: 3 0x000000008000feb8 (0xfe043703) x14 0x0000000080012058 mem 0x0000000080031f50
core   0: 0x000000008000febc (0xfcf76de3) bltu    a4, a5, pc - 38
core   0: 3 0x000000008000febc (0xfcf76de3)
core   0: 0x000000008000fe96 (0xfe043783) ld      a5, -32(s0)
core   0: 3 0x000000008000fe96 (0xfe043783) x15 0x0000000080012058 mem 0x0000000080031f50
core   0: 0x000000008000fe9a (0x00178713) addi    a4, a5, 1
core   0: 3 0x000000008000fe9a (0x00178713) x14 0x0000000080012059
core   0: 0x000000008000fe9e (0xfee43023) sd      a4, -32(s0)
core   0: 3 0x000000008000fe9e (0xfee43023) mem 0x0000000080031f50 0x0000000080012059
core   0: 0x000000008000fea2 (0xfc442703) lw      a4, -60(s0)
core   0: 3 0x000000008000fea2 (0xfc442703) x14 0x0000000000000000 mem 0x0000000080031f34
core   0: 0x000000008000fea6 (0x0ff77713) andi    a4, a4, 255
core   0: 3 0x000000008000fea6 (0x0ff77713) x14 0x0000000000000000
core   0: 0x000000008000feaa (0x00e78023) sb      a4, 0(a5)
core   0: 3 0x000000008000feaa (0x00e78023) mem 0x0000000080012058 0x00
core   0: 0x000000008000feae (0xfc843703) ld      a4, -56(s0)
core   0: 3 0x000000008000feae (0xfc843703) x14 0x0000000080012040 mem 0x0000000080031f38
core   0: 0x000000008000feb2 (0xfb843783) ld      a5, -72(s0)
core   0: 3 0x000000008000feb2 (0xfb843783) x15 0x000000000000009c mem 0x0000000080031f28
core   0: 0x000000008000feb6 (0x000097ba) c.add   a5, a4
core   0: 3 0x000000008000feb6 (0x97ba) x15 0x00000000800120dc
core   0: 0x000000008000feb8 (0xfe043703) ld      a4, -32(s0)
core   0: 3 0x000000008000feb8 (0xfe043703) x14 0x0000000080012059 mem 0x0000000080031f50
core   0: 0x000000008000febc (0xfcf76de3) bltu    a4, a5, pc - 38
core   0: 3 0x000000008000febc (0xfcf76de3)
core   0: 0x000000008000fe96 (0xfe043783) ld      a5, -32(s0)
core   0: 3 0x000000008000fe96 (0xfe043783) x15 0x0000000080012059 mem 0x0000000080031f50
core   0: 0x000000008000fe9a (0x00178713) addi    a4, a5, 1
core   0: 3 0x000000008000fe9a (0x00178713) x14 0x000000008001205a
core   0: 0x000000008000fe9e (0xfee43023) sd      a4, -32(s0)
core   0: 3 0x000000008000fe9e (0xfee43023) mem 0x0000000080031f50 0x000000008001205a
core   0: 0x000000008000fea2 (0xfc442703) lw      a4, -60(s0)
core   0: 3 0x000000008000fea2 (0xfc442703) x14 0x0000000000000000 mem 0x0000000080031f34
core   0: 0x000000008000fea6 (0x0ff77713) andi    a4, a4, 255
core   0: 3 0x000000008000fea6 (0x0ff77713) x14 0x0000000000000000
core   0: 0x000000008000feaa (0x00e78023) sb      a4, 0(a5)
core   0: 3 0x000000008000feaa (0x00e78023) mem 0x0000000080012059 0x00
core   0: 0x000000008000feae (0xfc843703) ld      a4, -56(s0)
core   0: 3 0x000000008000feae (0xfc843703) x14 0x0000000080012040 mem 0x0000000080031f38
core   0: 0x000000008000feb2 (0xfb843783) ld      a5, -72(s0)
core   0: 3 0x000000008000feb2 (0xfb843783) x15 0x000000000000009c mem 0x0000000080031f28
core   0: 0x000000008000feb6 (0x000097ba) c.add   a5, a4
core   0: 3 0x000000008000feb6 (0x97ba) x15 0x00000000800120dc
core   0: 0x000000008000feb8 (0xfe043703) ld      a4, -32(s0)
core   0: 3 0x000000008000feb8 (0xfe043703) x14 0x000000008001205a mem 0x0000000080031f50
core   0: 0x000000008000febc (0xfcf76de3) bltu    a4, a5, pc - 38
core   0: 3 0x000000008000febc (0xfcf76de3)
core   0: 0x000000008000fe96 (0xfe043783) ld      a5, -32(s0)
core   0: 3 0x000000008000fe96 (0xfe043783) x15 0x000000008001205a mem 0x0000000080031f50
core   0: 0x000000008000fe9a (0x00178713) addi    a4, a5, 1
core   0: 3 0x000000008000fe9a (0x00178713) x14 0x000000008001205b
core   0: 0x000000008000fe9e (0xfee43023) sd      a4, -32(s0)
core   0: 3 0x000000008000fe9e (0xfee43023) mem 0x0000000080031f50 0x000000008001205b
core   0: 0x000000008000fea2 (0xfc442703) lw      a4, -60(s0)
core   0: 3 0x000000008000fea2 (0xfc442703) x14 0x0000000000000000 mem 0x0000000080031f34
core   0: 0x000000008000fea6 (0x0ff77713) andi    a4, a4, 255
core   0: 3 0x000000008000fea6 (0x0ff77713) x14 0x0000000000000000
core   0: 0x000000008000feaa (0x00e78023) sb      a4, 0(a5)
core   0: 3 0x000000008000feaa (0x00e78023) mem 0x000000008001205a 0x00
core   0: 0x000000008000feae (0xfc843703) ld      a4, -56(s0)
core   0: 3 0x000000008000feae (0xfc843703) x14 0x0000000080012040 mem 0x0000000080031f38
core   0: 0x000000008000feb2 (0xfb843783) ld      a5, -72(s0)
core   0: 3 0x000000008000feb2 (0xfb843783) x15 0x000000000000009c mem 0x0000000080031f28
core   0: 0x000000008000feb6 (0x000097ba) c.add   a5, a4
core   0: 3 0x000000008000feb6 (0x97ba) x15 0x00000000800120dc
core   0: 0x000000008000feb8 (0xfe043703) ld      a4, -32(s0)
core   0: 3 0x000000008000feb8 (0xfe043703) x14 0x000000008001205b mem 0x0000000080031f50
core   0: 0x000000008000febc (0xfcf76de3) bltu    a4, a5, pc - 38
core   0: 3 0x000000008000febc (0xfcf76de3)
core   0: 0x000000008000fe96 (0xfe043783) ld      a5, -32(s0)
core   0: 3 0x000000008000fe96 (0xfe043783) x15 0x000000008001205b mem 0x0000000080031f50
core   0: 0x000000008000fe9a (0x00178713) addi    a4, a5, 1
core   0: 3 0x000000008000fe9a (0x00178713) x14 0x000000008001205c
core   0: 0x000000008000fe9e (0xfee43023) sd      a4, -32(s0)
core   0: 3 0x000000008000fe9e (0xfee43023) mem 0x0000000080031f50 0x000000008001205c
core   0: 0x000000008000fea2 (0xfc442703) lw      a4, -60(s0)
core   0: 3 0x000000008000fea2 (0xfc442703) x14 0x0000000000000000 mem 0x0000000080031f34
core   0: 0x000000008000fea6 (0x0ff77713) andi    a4, a4, 255
core   0: 3 0x000000008000fea6 (0x0ff77713) x14 0x0000000000000000
core   0: 0x000000008000feaa (0x00e78023) sb      a4, 0(a5)
core   0: 3 0x000000008000feaa (0x00e78023) mem 0x000000008001205b 0x00
core   0: 0x000000008000feae (0xfc843703) ld      a4, -56(s0)
core   0: 3 0x000000008000feae (0xfc843703) x14 0x0000000080012040 mem 0x0000000080031f38
core   0: 0x000000008000feb2 (0xfb843783) ld      a5, -72(s0)
core   0: 3 0x000000008000feb2 (0xfb843783) x15 0x000000000000009c mem 0x0000000080031f28
core   0: 0x000000008000feb6 (0x000097ba) c.add   a5, a4
core   0: 3 0x000000008000feb6 (0x97ba) x15 0x00000000800120dc
core   0: 0x000000008000feb8 (0xfe043703) ld      a4, -32(s0)
core   0: 3 0x000000008000feb8 (0xfe043703) x14 0x000000008001205c mem 0x0000000080031f50
core   0: 0x000000008000febc (0xfcf76de3) bltu    a4, a5, pc - 38
core   0: 3 0x000000008000febc (0xfcf76de3)
core   0: 0x000000008000fe96 (0xfe043783) ld      a5, -32(s0)
core   0: 3 0x000000008000fe96 (0xfe043783) x15 0x000000008001205c mem 0x0000000080031f50
core   0: 0x000000008000fe9a (0x00178713) addi    a4, a5, 1
core   0: 3 0x000000008000fe9a (0x00178713) x14 0x000000008001205d
core   0: 0x000000008000fe9e (0xfee43023) sd      a4, -32(s0)
core   0: 3 0x000000008000fe9e (0xfee43023) mem 0x0000000080031f50 0x000000008001205d
core   0: 0x000000008000fea2 (0xfc442703) lw      a4, -60(s0)
core   0: 3 0x000000008000fea2 (0xfc442703) x14 0x0000000000000000 mem 0x0000000080031f34
core   0: 0x000000008000fea6 (0x0ff77713) andi    a4, a4, 255
core   0: 3 0x000000008000fea6 (0x0ff77713) x14 0x0000000000000000
core   0: 0x000000008000feaa (0x00e78023) sb      a4, 0(a5)
core   0: 3 0x000000008000feaa (0x00e78023) mem 0x000000008001205c 0x00
core   0: 0x000000008000feae (0xfc843703) ld      a4, -56(s0)
core   0: 3 0x000000008000feae (0xfc843703) x14 0x0000000080012040 mem 0x0000000080031f38
core   0: 0x000000008000feb2 (0xfb843783) ld      a5, -72(s0)
core   0: 3 0x000000008000feb2 (0xfb843783) x15 0x000000000000009c mem 0x0000000080031f28
core   0: 0x000000008000feb6 (0x000097ba) c.add   a5, a4
core   0: 3 0x000000008000feb6 (0x97ba) x15 0x00000000800120dc
core   0: 0x000000008000feb8 (0xfe043703) ld      a4, -32(s0)
core   0: 3 0x000000008000feb8 (0xfe043703) x14 0x000000008001205d mem 0x0000000080031f50
core   0: 0x000000008000febc (0xfcf76de3) bltu    a4, a5, pc - 38
core   0: 3 0x000000008000febc (0xfcf76de3)
core   0: 0x000000008000fe96 (0xfe043783) ld      a5, -32(s0)
core   0: 3 0x000000008000fe96 (0xfe043783) x15 0x000000008001205d mem 0x0000000080031f50
core   0: 0x000000008000fe9a (0x00178713) addi    a4, a5, 1
core   0: 3 0x000000008000fe9a (0x00178713) x14 0x000000008001205e
core   0: 0x000000008000fe9e (0xfee43023) sd      a4, -32(s0)
core   0: 3 0x000000008000fe9e (0xfee43023) mem 0x0000000080031f50 0x000000008001205e
core   0: 0x000000008000fea2 (0xfc442703) lw      a4, -60(s0)
core   0: 3 0x000000008000fea2 (0xfc442703) x14 0x0000000000000000 mem 0x0000000080031f34
core   0: 0x000000008000fea6 (0x0ff77713) andi    a4, a4, 255
core   0: 3 0x000000008000fea6 (0x0ff77713) x14 0x0000000000000000
core   0: 0x000000008000feaa (0x00e78023) sb      a4, 0(a5)
core   0: 3 0x000000008000feaa (0x00e78023) mem 0x000000008001205d 0x00
core   0: 0x000000008000feae (0xfc843703) ld      a4, -56(s0)
core   0: 3 0x000000008000feae (0xfc843703) x14 0x0000000080012040 mem 0x0000000080031f38
core   0: 0x000000008000feb2 (0xfb843783) ld      a5, -72(s0)
core   0: 3 0x000000008000feb2 (0xfb843783) x15 0x000000000000009c mem 0x0000000080031f28
core   0: 0x000000008000feb6 (0x000097ba) c.add   a5, a4
core   0: 3 0x000000008000feb6 (0x97ba) x15 0x00000000800120dc
core   0: 0x000000008000feb8 (0xfe043703) ld      a4, -32(s0)
core   0: 3 0x000000008000feb8 (0xfe043703) x14 0x000000008001205e mem 0x0000000080031f50
core   0: 0x000000008000febc (0xfcf76de3) bltu    a4, a5, pc - 38
core   0: 3 0x000000008000febc (0xfcf76de3)
core   0: 0x000000008000fe96 (0xfe043783) ld      a5, -32(s0)
core   0: 3 0x000000008000fe96 (0xfe043783) x15 0x000000008001205e mem 0x0000000080031f50
core   0: 0x000000008000fe9a (0x00178713) addi    a4, a5, 1
core   0: 3 0x000000008000fe9a (0x00178713) x14 0x000000008001205f
core   0: 0x000000008000fe9e (0xfee43023) sd      a4, -32(s0)
core   0: 3 0x000000008000fe9e (0xfee43023) mem 0x0000000080031f50 0x000000008001205f
core   0: 0x000000008000fea2 (0xfc442703) lw      a4, -60(s0)
core   0: 3 0x000000008000fea2 (0xfc442703) x14 0x0000000000000000 mem 0x0000000080031f34
core   0: 0x000000008000fea6 (0x0ff77713) andi    a4, a4, 255
core   0: 3 0x000000008000fea6 (0x0ff77713) x14 0x0000000000000000
core   0: 0x000000008000feaa (0x00e78023) sb      a4, 0(a5)
core   0: 3 0x000000008000feaa (0x00e78023) mem 0x000000008001205e 0x00
core   0: 0x000000008000feae (0xfc843703) ld      a4, -56(s0)
core   0: 3 0x000000008000feae (0xfc843703) x14 0x0000000080012040 mem 0x0000000080031f38
core   0: 0x000000008000feb2 (0xfb843783) ld      a5, -72(s0)
core   0: 3 0x000000008000feb2 (0xfb843783) x15 0x000000000000009c mem 0x0000000080031f28
core   0: 0x000000008000feb6 (0x000097ba) c.add   a5, a4
core   0: 3 0x000000008000feb6 (0x97ba) x15 0x00000000800120dc
core   0: 0x000000008000feb8 (0xfe043703) ld      a4, -32(s0)
core   0: 3 0x000000008000feb8 (0xfe043703) x14 0x000000008001205f mem 0x0000000080031f50
core   0: 0x000000008000febc (0xfcf76de3) bltu    a4, a5, pc - 38
core   0: 3 0x000000008000febc (0xfcf76de3)
core   0: 0x000000008000fe96 (0xfe043783) ld      a5, -32(s0)
core   0: 3 0x000000008000fe96 (0xfe043783) x15 0x000000008001205f mem 0x0000000080031f50
core   0: 0x000000008000fe9a (0x00178713) addi    a4, a5, 1
core   0: 3 0x000000008000fe9a (0x00178713) x14 0x0000000080012060
core   0: 0x000000008000fe9e (0xfee43023) sd      a4, -32(s0)
core   0: 3 0x000000008000fe9e (0xfee43023) mem 0x0000000080031f50 0x0000000080012060
core   0: 0x000000008000fea2 (0xfc442703) lw      a4, -60(s0)
core   0: 3 0x000000008000fea2 (0xfc442703) x14 0x0000000000000000 mem 0x0000000080031f34
core   0: 0x000000008000fea6 (0x0ff77713) andi    a4, a4, 255
core   0: 3 0x000000008000fea6 (0x0ff77713) x14 0x0000000000000000
core   0: 0x000000008000feaa (0x00e78023) sb      a4, 0(a5)
core   0: 3 0x000000008000feaa (0x00e78023) mem 0x000000008001205f 0x00
core   0: 0x000000008000feae (0xfc843703) ld      a4, -56(s0)
core   0: 3 0x000000008000feae (0xfc843703) x14 0x0000000080012040 mem 0x0000000080031f38
core   0: 0x000000008000feb2 (0xfb843783) ld      a5, -72(s0)
core   0: 3 0x000000008000feb2 (0xfb843783) x15 0x000000000000009c mem 0x0000000080031f28
core   0: 0x000000008000feb6 (0x000097ba) c.add   a5, a4
core   0: 3 0x000000008000feb6 (0x97ba) x15 0x00000000800120dc
core   0: 0x000000008000feb8 (0xfe043703) ld      a4, -32(s0)
core   0: 3 0x000000008000feb8 (0xfe043703) x14 0x0000000080012060 mem 0x0000000080031f50
core   0: 0x000000008000febc (0xfcf76de3) bltu    a4, a5, pc - 38
core   0: 3 0x000000008000febc (0xfcf76de3)
core   0: 0x000000008000fe96 (0xfe043783) ld      a5, -32(s0)
core   0: 3 0x000000008000fe96 (0xfe043783) x15 0x0000000080012060 mem 0x0000000080031f50
core   0: 0x000000008000fe9a (0x00178713) addi    a4, a5, 1
core   0: 3 0x000000008000fe9a (0x00178713) x14 0x0000000080012061
core   0: 0x000000008000fe9e (0xfee43023) sd      a4, -32(s0)
core   0: 3 0x000000008000fe9e (0xfee43023) mem 0x0000000080031f50 0x0000000080012061
core   0: 0x000000008000fea2 (0xfc442703) lw      a4, -60(s0)
core   0: 3 0x000000008000fea2 (0xfc442703) x14 0x0000000000000000 mem 0x0000000080031f34
core   0: 0x000000008000fea6 (0x0ff77713) andi    a4, a4, 255
core   0: 3 0x000000008000fea6 (0x0ff77713) x14 0x0000000000000000
core   0: 0x000000008000feaa (0x00e78023) sb      a4, 0(a5)
core   0: 3 0x000000008000feaa (0x00e78023) mem 0x0000000080012060 0x00
core   0: 0x000000008000feae (0xfc843703) ld      a4, -56(s0)
core   0: 3 0x000000008000feae (0xfc843703) x14 0x0000000080012040 mem 0x0000000080031f38
core   0: 0x000000008000feb2 (0xfb843783) ld      a5, -72(s0)
core   0: 3 0x000000008000feb2 (0xfb843783) x15 0x000000000000009c mem 0x0000000080031f28
core   0: 0x000000008000feb6 (0x000097ba) c.add   a5, a4
core   0: 3 0x000000008000feb6 (0x97ba) x15 0x00000000800120dc
core   0: 0x000000008000feb8 (0xfe043703) ld      a4, -32(s0)
core   0: 3 0x000000008000feb8 (0xfe043703) x14 0x0000000080012061 mem 0x0000000080031f50
core   0: 0x000000008000febc (0xfcf76de3) bltu    a4, a5, pc - 38
core   0: 3 0x000000008000febc (0xfcf76de3)
core   0: 0x000000008000fe96 (0xfe043783) ld      a5, -32(s0)
core   0: 3 0x000000008000fe96 (0xfe043783) x15 0x0000000080012061 mem 0x0000000080031f50
core   0: 0x000000008000fe9a (0x00178713) addi    a4, a5, 1
core   0: 3 0x000000008000fe9a (0x00178713) x14 0x0000000080012062
core   0: 0x000000008000fe9e (0xfee43023) sd      a4, -32(s0)
core   0: 3 0x000000008000fe9e (0xfee43023) mem 0x0000000080031f50 0x0000000080012062
core   0: 0x000000008000fea2 (0xfc442703) lw      a4, -60(s0)
core   0: 3 0x000000008000fea2 (0xfc442703) x14 0x0000000000000000 mem 0x0000000080031f34
core   0: 0x000000008000fea6 (0x0ff77713) andi    a4, a4, 255
core   0: 3 0x000000008000fea6 (0x0ff77713) x14 0x0000000000000000
core   0: 0x000000008000feaa (0x00e78023) sb      a4, 0(a5)
core   0: 3 0x000000008000feaa (0x00e78023) mem 0x0000000080012061 0x00
core   0: 0x000000008000feae (0xfc843703) ld      a4, -56(s0)
core   0: 3 0x000000008000feae (0xfc843703) x14 0x0000000080012040 mem 0x0000000080031f38
core   0: 0x000000008000feb2 (0xfb843783) ld      a5, -72(s0)
core   0: 3 0x000000008000feb2 (0xfb843783) x15 0x000000000000009c mem 0x0000000080031f28
core   0: 0x000000008000feb6 (0x000097ba) c.add   a5, a4
core   0: 3 0x000000008000feb6 (0x97ba) x15 0x00000000800120dc
core   0: 0x000000008000feb8 (0xfe043703) ld      a4, -32(s0)
core   0: 3 0x000000008000feb8 (0xfe043703) x14 0x0000000080012062 mem 0x0000000080031f50
core   0: 0x000000008000febc (0xfcf76de3) bltu    a4, a5, pc - 38
core   0: 3 0x000000008000febc (0xfcf76de3)
core   0: 0x000000008000fe96 (0xfe043783) ld      a5, -32(s0)
core   0: 3 0x000000008000fe96 (0xfe043783) x15 0x0000000080012062 mem 0x0000000080031f50
core   0: 0x000000008000fe9a (0x00178713) addi    a4, a5, 1
core   0: 3 0x000000008000fe9a (0x00178713) x14 0x0000000080012063
core   0: 0x000000008000fe9e (0xfee43023) sd      a4, -32(s0)
core   0: 3 0x000000008000fe9e (0xfee43023) mem 0x0000000080031f50 0x0000000080012063
core   0: 0x000000008000fea2 (0xfc442703) lw      a4, -60(s0)
core   0: 3 0x000000008000fea2 (0xfc442703) x14 0x0000000000000000 mem 0x0000000080031f34
core   0: 0x000000008000fea6 (0x0ff77713) andi    a4, a4, 255
core   0: 3 0x000000008000fea6 (0x0ff77713) x14 0x0000000000000000
core   0: 0x000000008000feaa (0x00e78023) sb      a4, 0(a5)
core   0: 3 0x000000008000feaa (0x00e78023) mem 0x0000000080012062 0x00
core   0: 0x000000008000feae (0xfc843703) ld      a4, -56(s0)
core   0: 3 0x000000008000feae (0xfc843703) x14 0x0000000080012040 mem 0x0000000080031f38
core   0: 0x000000008000feb2 (0xfb843783) ld      a5, -72(s0)
core   0: 3 0x000000008000feb2 (0xfb843783) x15 0x000000000000009c mem 0x0000000080031f28
core   0: 0x000000008000feb6 (0x000097ba) c.add   a5, a4
core   0: 3 0x000000008000feb6 (0x97ba) x15 0x00000000800120dc
core   0: 0x000000008000feb8 (0xfe043703) ld      a4, -32(s0)
core   0: 3 0x000000008000feb8 (0xfe043703) x14 0x0000000080012063 mem 0x0000000080031f50
core   0: 0x000000008000febc (0xfcf76de3) bltu    a4, a5, pc - 38
core   0: 3 0x000000008000febc (0xfcf76de3)
core   0: 0x000000008000fe96 (0xfe043783) ld      a5, -32(s0)
core   0: 3 0x000000008000fe96 (0xfe043783) x15 0x0000000080012063 mem 0x0000000080031f50
core   0: 0x000000008000fe9a (0x00178713) addi    a4, a5, 1
core   0: 3 0x000000008000fe9a (0x00178713) x14 0x0000000080012064
core   0: 0x000000008000fe9e (0xfee43023) sd      a4, -32(s0)
core   0: 3 0x000000008000fe9e (0xfee43023) mem 0x0000000080031f50 0x0000000080012064
core   0: 0x000000008000fea2 (0xfc442703) lw      a4, -60(s0)
core   0: 3 0x000000008000fea2 (0xfc442703) x14 0x0000000000000000 mem 0x0000000080031f34
core   0: 0x000000008000fea6 (0x0ff77713) andi    a4, a4, 255
core   0: 3 0x000000008000fea6 (0x0ff77713) x14 0x0000000000000000
core   0: 0x000000008000feaa (0x00e78023) sb      a4, 0(a5)
core   0: 3 0x000000008000feaa (0x00e78023) mem 0x0000000080012063 0x00
core   0: 0x000000008000feae (0xfc843703) ld      a4, -56(s0)
core   0: 3 0x000000008000feae (0xfc843703) x14 0x0000000080012040 mem 0x0000000080031f38
core   0: 0x000000008000feb2 (0xfb843783) ld      a5, -72(s0)
core   0: 3 0x000000008000feb2 (0xfb843783) x15 0x000000000000009c mem 0x0000000080031f28
core   0: 0x000000008000feb6 (0x000097ba) c.add   a5, a4
core   0: 3 0x000000008000feb6 (0x97ba) x15 0x00000000800120dc
core   0: 0x000000008000feb8 (0xfe043703) ld      a4, -32(s0)
core   0: 3 0x000000008000feb8 (0xfe043703) x14 0x0000000080012064 mem 0x0000000080031f50
core   0: 0x000000008000febc (0xfcf76de3) bltu    a4, a5, pc - 38
core   0: 3 0x000000008000febc (0xfcf76de3)
core   0: 0x000000008000fe96 (0xfe043783) ld      a5, -32(s0)
core   0: 3 0x000000008000fe96 (0xfe043783) x15 0x0000000080012064 mem 0x0000000080031f50
core   0: 0x000000008000fe9a (0x00178713) addi    a4, a5, 1
core   0: 3 0x000000008000fe9a (0x00178713) x14 0x0000000080012065
core   0: 0x000000008000fe9e (0xfee43023) sd      a4, -32(s0)
core   0: 3 0x000000008000fe9e (0xfee43023) mem 0x0000000080031f50 0x0000000080012065
core   0: 0x000000008000fea2 (0xfc442703) lw      a4, -60(s0)
core   0: 3 0x000000008000fea2 (0xfc442703) x14 0x0000000000000000 mem 0x0000000080031f34
core   0: 0x000000008000fea6 (0x0ff77713) andi    a4, a4, 255
core   0: 3 0x000000008000fea6 (0x0ff77713) x14 0x0000000000000000
core   0: 0x000000008000feaa (0x00e78023) sb      a4, 0(a5)
core   0: 3 0x000000008000feaa (0x00e78023) mem 0x0000000080012064 0x00
core   0: 0x000000008000feae (0xfc843703) ld      a4, -56(s0)
core   0: 3 0x000000008000feae (0xfc843703) x14 0x0000000080012040 mem 0x0000000080031f38
core   0: 0x000000008000feb2 (0xfb843783) ld      a5, -72(s0)
core   0: 3 0x000000008000feb2 (0xfb843783) x15 0x000000000000009c mem 0x0000000080031f28
core   0: 0x000000008000feb6 (0x000097ba) c.add   a5, a4
core   0: 3 0x000000008000feb6 (0x97ba) x15 0x00000000800120dc
core   0: 0x000000008000feb8 (0xfe043703) ld      a4, -32(s0)
core   0: 3 0x000000008000feb8 (0xfe043703) x14 0x0000000080012065 mem 0x0000000080031f50
core   0: 0x000000008000febc (0xfcf76de3) bltu    a4, a5, pc - 38
core   0: 3 0x000000008000febc (0xfcf76de3)
core   0: 0x000000008000fe96 (0xfe043783) ld      a5, -32(s0)
core   0: 3 0x000000008000fe96 (0xfe043783) x15 0x0000000080012065 mem 0x0000000080031f50
core   0: 0x000000008000fe9a (0x00178713) addi    a4, a5, 1
core   0: 3 0x000000008000fe9a (0x00178713) x14 0x0000000080012066
core   0: 0x000000008000fe9e (0xfee43023) sd      a4, -32(s0)
core   0: 3 0x000000008000fe9e (0xfee43023) mem 0x0000000080031f50 0x0000000080012066
core   0: 0x000000008000fea2 (0xfc442703) lw      a4, -60(s0)
core   0: 3 0x000000008000fea2 (0xfc442703) x14 0x0000000000000000 mem 0x0000000080031f34
core   0: 0x000000008000fea6 (0x0ff77713) andi    a4, a4, 255
core   0: 3 0x000000008000fea6 (0x0ff77713) x14 0x0000000000000000
core   0: 0x000000008000feaa (0x00e78023) sb      a4, 0(a5)
core   0: 3 0x000000008000feaa (0x00e78023) mem 0x0000000080012065 0x00
core   0: 0x000000008000feae (0xfc843703) ld      a4, -56(s0)
core   0: 3 0x000000008000feae (0xfc843703) x14 0x0000000080012040 mem 0x0000000080031f38
core   0: 0x000000008000feb2 (0xfb843783) ld      a5, -72(s0)
core   0: 3 0x000000008000feb2 (0xfb843783) x15 0x000000000000009c mem 0x0000000080031f28
core   0: 0x000000008000feb6 (0x000097ba) c.add   a5, a4
core   0: 3 0x000000008000feb6 (0x97ba) x15 0x00000000800120dc
core   0: 0x000000008000feb8 (0xfe043703) ld      a4, -32(s0)
core   0: 3 0x000000008000feb8 (0xfe043703) x14 0x0000000080012066 mem 0x0000000080031f50
core   0: 0x000000008000febc (0xfcf76de3) bltu    a4, a5, pc - 38
core   0: 3 0x000000008000febc (0xfcf76de3)
core   0: 0x000000008000fe96 (0xfe043783) ld      a5, -32(s0)
core   0: 3 0x000000008000fe96 (0xfe043783) x15 0x0000000080012066 mem 0x0000000080031f50
core   0: 0x000000008000fe9a (0x00178713) addi    a4, a5, 1
core   0: 3 0x000000008000fe9a (0x00178713) x14 0x0000000080012067
core   0: 0x000000008000fe9e (0xfee43023) sd      a4, -32(s0)
core   0: 3 0x000000008000fe9e (0xfee43023) mem 0x0000000080031f50 0x0000000080012067
core   0: 0x000000008000fea2 (0xfc442703) lw      a4, -60(s0)
core   0: 3 0x000000008000fea2 (0xfc442703) x14 0x0000000000000000 mem 0x0000000080031f34
core   0: 0x000000008000fea6 (0x0ff77713) andi    a4, a4, 255
core   0: 3 0x000000008000fea6 (0x0ff77713) x14 0x0000000000000000
core   0: 0x000000008000feaa (0x00e78023) sb      a4, 0(a5)
core   0: 3 0x000000008000feaa (0x00e78023) mem 0x0000000080012066 0x00
core   0: 0x000000008000feae (0xfc843703) ld      a4, -56(s0)
core   0: 3 0x000000008000feae (0xfc843703) x14 0x0000000080012040 mem 0x0000000080031f38
core   0: 0x000000008000feb2 (0xfb843783) ld      a5, -72(s0)
core   0: 3 0x000000008000feb2 (0xfb843783) x15 0x000000000000009c mem 0x0000000080031f28
core   0: 0x000000008000feb6 (0x000097ba) c.add   a5, a4
core   0: 3 0x000000008000feb6 (0x97ba) x15 0x00000000800120dc
core   0: 0x000000008000feb8 (0xfe043703) ld      a4, -32(s0)
core   0: 3 0x000000008000feb8 (0xfe043703) x14 0x0000000080012067 mem 0x0000000080031f50
core   0: 0x000000008000febc (0xfcf76de3) bltu    a4, a5, pc - 38
core   0: 3 0x000000008000febc (0xfcf76de3)
core   0: 0x000000008000fe96 (0xfe043783) ld      a5, -32(s0)
core   0: 3 0x000000008000fe96 (0xfe043783) x15 0x0000000080012067 mem 0x0000000080031f50
core   0: 0x000000008000fe9a (0x00178713) addi    a4, a5, 1
core   0: 3 0x000000008000fe9a (0x00178713) x14 0x0000000080012068
core   0: 0x000000008000fe9e (0xfee43023) sd      a4, -32(s0)
core   0: 3 0x000000008000fe9e (0xfee43023) mem 0x0000000080031f50 0x0000000080012068
core   0: 0x000000008000fea2 (0xfc442703) lw      a4, -60(s0)
core   0: 3 0x000000008000fea2 (0xfc442703) x14 0x0000000000000000 mem 0x0000000080031f34
core   0: 0x000000008000fea6 (0x0ff77713) andi    a4, a4, 255
core   0: 3 0x000000008000fea6 (0x0ff77713) x14 0x0000000000000000
core   0: 0x000000008000feaa (0x00e78023) sb      a4, 0(a5)
core   0: 3 0x000000008000feaa (0x00e78023) mem 0x0000000080012067 0x00
core   0: 0x000000008000feae (0xfc843703) ld      a4, -56(s0)
core   0: 3 0x000000008000feae (0xfc843703) x14 0x0000000080012040 mem 0x0000000080031f38
core   0: 0x000000008000feb2 (0xfb843783) ld      a5, -72(s0)
core   0: 3 0x000000008000feb2 (0xfb843783) x15 0x000000000000009c mem 0x0000000080031f28
core   0: 0x000000008000feb6 (0x000097ba) c.add   a5, a4
core   0: 3 0x000000008000feb6 (0x97ba) x15 0x00000000800120dc
core   0: 0x000000008000feb8 (0xfe043703) ld      a4, -32(s0)
core   0: 3 0x000000008000feb8 (0xfe043703) x14 0x0000000080012068 mem 0x0000000080031f50
core   0: 0x000000008000febc (0xfcf76de3) bltu    a4, a5, pc - 38
core   0: 3 0x000000008000febc (0xfcf76de3)
core   0: 0x000000008000fe96 (0xfe043783) ld      a5, -32(s0)
core   0: 3 0x000000008000fe96 (0xfe043783) x15 0x0000000080012068 mem 0x0000000080031f50
core   0: 0x000000008000fe9a (0x00178713) addi    a4, a5, 1
core   0: 3 0x000000008000fe9a (0x00178713) x14 0x0000000080012069
core   0: 0x000000008000fe9e (0xfee43023) sd      a4, -32(s0)
core   0: 3 0x000000008000fe9e (0xfee43023) mem 0x0000000080031f50 0x0000000080012069
core   0: 0x000000008000fea2 (0xfc442703) lw      a4, -60(s0)
core   0: 3 0x000000008000fea2 (0xfc442703) x14 0x0000000000000000 mem 0x0000000080031f34
core   0: 0x000000008000fea6 (0x0ff77713) andi    a4, a4, 255
core   0: 3 0x000000008000fea6 (0x0ff77713) x14 0x0000000000000000
core   0: 0x000000008000feaa (0x00e78023) sb      a4, 0(a5)
core   0: 3 0x000000008000feaa (0x00e78023) mem 0x0000000080012068 0x00
core   0: 0x000000008000feae (0xfc843703) ld      a4, -56(s0)
core   0: 3 0x000000008000feae (0xfc843703) x14 0x0000000080012040 mem 0x0000000080031f38
core   0: 0x000000008000feb2 (0xfb843783) ld      a5, -72(s0)
core   0: 3 0x000000008000feb2 (0xfb843783) x15 0x000000000000009c mem 0x0000000080031f28
core   0: 0x000000008000feb6 (0x000097ba) c.add   a5, a4
core   0: 3 0x000000008000feb6 (0x97ba) x15 0x00000000800120dc
core   0: 0x000000008000feb8 (0xfe043703) ld      a4, -32(s0)
core   0: 3 0x000000008000feb8 (0xfe043703) x14 0x0000000080012069 mem 0x0000000080031f50
core   0: 0x000000008000febc (0xfcf76de3) bltu    a4, a5, pc - 38
core   0: 3 0x000000008000febc (0xfcf76de3)
core   0: 0x000000008000fe96 (0xfe043783) ld      a5, -32(s0)
core   0: 3 0x000000008000fe96 (0xfe043783) x15 0x0000000080012069 mem 0x0000000080031f50
core   0: 0x000000008000fe9a (0x00178713) addi    a4, a5, 1
core   0: 3 0x000000008000fe9a (0x00178713) x14 0x000000008001206a
core   0: 0x000000008000fe9e (0xfee43023) sd      a4, -32(s0)
core   0: 3 0x000000008000fe9e (0xfee43023) mem 0x0000000080031f50 0x000000008001206a
core   0: 0x000000008000fea2 (0xfc442703) lw      a4, -60(s0)
core   0: 3 0x000000008000fea2 (0xfc442703) x14 0x0000000000000000 mem 0x0000000080031f34
core   0: 0x000000008000fea6 (0x0ff77713) andi    a4, a4, 255
core   0: 3 0x000000008000fea6 (0x0ff77713) x14 0x0000000000000000
core   0: 0x000000008000feaa (0x00e78023) sb      a4, 0(a5)
core   0: 3 0x000000008000feaa (0x00e78023) mem 0x0000000080012069 0x00
core   0: 0x000000008000feae (0xfc843703) ld      a4, -56(s0)
core   0: 3 0x000000008000feae (0xfc843703) x14 0x0000000080012040 mem 0x0000000080031f38
core   0: 0x000000008000feb2 (0xfb843783) ld      a5, -72(s0)
core   0: 3 0x000000008000feb2 (0xfb843783) x15 0x000000000000009c mem 0x0000000080031f28
core   0: 0x000000008000feb6 (0x000097ba) c.add   a5, a4
core   0: 3 0x000000008000feb6 (0x97ba) x15 0x00000000800120dc
core   0: 0x000000008000feb8 (0xfe043703) ld      a4, -32(s0)
core   0: 3 0x000000008000feb8 (0xfe043703) x14 0x000000008001206a mem 0x0000000080031f50
core   0: 0x000000008000febc (0xfcf76de3) bltu    a4, a5, pc - 38
core   0: 3 0x000000008000febc (0xfcf76de3)
core   0: 0x000000008000fe96 (0xfe043783) ld      a5, -32(s0)
core   0: 3 0x000000008000fe96 (0xfe043783) x15 0x000000008001206a mem 0x0000000080031f50
core   0: 0x000000008000fe9a (0x00178713) addi    a4, a5, 1
core   0: 3 0x000000008000fe9a (0x00178713) x14 0x000000008001206b
core   0: 0x000000008000fe9e (0xfee43023) sd      a4, -32(s0)
core   0: 3 0x000000008000fe9e (0xfee43023) mem 0x0000000080031f50 0x000000008001206b
core   0: 0x000000008000fea2 (0xfc442703) lw      a4, -60(s0)
core   0: 3 0x000000008000fea2 (0xfc442703) x14 0x0000000000000000 mem 0x0000000080031f34
core   0: 0x000000008000fea6 (0x0ff77713) andi    a4, a4, 255
core   0: 3 0x000000008000fea6 (0x0ff77713) x14 0x0000000000000000
core   0: 0x000000008000feaa (0x00e78023) sb      a4, 0(a5)
core   0: 3 0x000000008000feaa (0x00e78023) mem 0x000000008001206a 0x00
core   0: 0x000000008000feae (0xfc843703) ld      a4, -56(s0)
core   0: 3 0x000000008000feae (0xfc843703) x14 0x0000000080012040 mem 0x0000000080031f38
core   0: 0x000000008000feb2 (0xfb843783) ld      a5, -72(s0)
core   0: 3 0x000000008000feb2 (0xfb843783) x15 0x000000000000009c mem 0x0000000080031f28
core   0: 0x000000008000feb6 (0x000097ba) c.add   a5, a4
core   0: 3 0x000000008000feb6 (0x97ba) x15 0x00000000800120dc
core   0: 0x000000008000feb8 (0xfe043703) ld      a4, -32(s0)
core   0: 3 0x000000008000feb8 (0xfe043703) x14 0x000000008001206b mem 0x0000000080031f50
core   0: 0x000000008000febc (0xfcf76de3) bltu    a4, a5, pc - 38
core   0: 3 0x000000008000febc (0xfcf76de3)
core   0: 0x000000008000fe96 (0xfe043783) ld      a5, -32(s0)
core   0: 3 0x000000008000fe96 (0xfe043783) x15 0x000000008001206b mem 0x0000000080031f50
core   0: 0x000000008000fe9a (0x00178713) addi    a4, a5, 1
core   0: 3 0x000000008000fe9a (0x00178713) x14 0x000000008001206c
core   0: 0x000000008000fe9e (0xfee43023) sd      a4, -32(s0)
core   0: 3 0x000000008000fe9e (0xfee43023) mem 0x0000000080031f50 0x000000008001206c
core   0: 0x000000008000fea2 (0xfc442703) lw      a4, -60(s0)
core   0: 3 0x000000008000fea2 (0xfc442703) x14 0x0000000000000000 mem 0x0000000080031f34
core   0: 0x000000008000fea6 (0x0ff77713) andi    a4, a4, 255
core   0: 3 0x000000008000fea6 (0x0ff77713) x14 0x0000000000000000
core   0: 0x000000008000feaa (0x00e78023) sb      a4, 0(a5)
core   0: 3 0x000000008000feaa (0x00e78023) mem 0x000000008001206b 0x00
core   0: 0x000000008000feae (0xfc843703) ld      a4, -56(s0)
core   0: 3 0x000000008000feae (0xfc843703) x14 0x0000000080012040 mem 0x0000000080031f38
core   0: 0x000000008000feb2 (0xfb843783) ld      a5, -72(s0)
core   0: 3 0x000000008000feb2 (0xfb843783) x15 0x000000000000009c mem 0x0000000080031f28
core   0: 0x000000008000feb6 (0x000097ba) c.add   a5, a4
core   0: 3 0x000000008000feb6 (0x97ba) x15 0x00000000800120dc
core   0: 0x000000008000feb8 (0xfe043703) ld      a4, -32(s0)
core   0: 3 0x000000008000feb8 (0xfe043703) x14 0x000000008001206c mem 0x0000000080031f50
core   0: 0x000000008000febc (0xfcf76de3) bltu    a4, a5, pc - 38
core   0: 3 0x000000008000febc (0xfcf76de3)
core   0: 0x000000008000fe96 (0xfe043783) ld      a5, -32(s0)
core   0: 3 0x000000008000fe96 (0xfe043783) x15 0x000000008001206c mem 0x0000000080031f50
core   0: 0x000000008000fe9a (0x00178713) addi    a4, a5, 1
core   0: 3 0x000000008000fe9a (0x00178713) x14 0x000000008001206d
core   0: 0x000000008000fe9e (0xfee43023) sd      a4, -32(s0)
core   0: 3 0x000000008000fe9e (0xfee43023) mem 0x0000000080031f50 0x000000008001206d
core   0: 0x000000008000fea2 (0xfc442703) lw      a4, -60(s0)
core   0: 3 0x000000008000fea2 (0xfc442703) x14 0x0000000000000000 mem 0x0000000080031f34
core   0: 0x000000008000fea6 (0x0ff77713) andi    a4, a4, 255
core   0: 3 0x000000008000fea6 (0x0ff77713) x14 0x0000000000000000
core   0: 0x000000008000feaa (0x00e78023) sb      a4, 0(a5)
core   0: 3 0x000000008000feaa (0x00e78023) mem 0x000000008001206c 0x00
core   0: 0x000000008000feae (0xfc843703) ld      a4, -56(s0)
core   0: 3 0x000000008000feae (0xfc843703) x14 0x0000000080012040 mem 0x0000000080031f38
core   0: 0x000000008000feb2 (0xfb843783) ld      a5, -72(s0)
core   0: 3 0x000000008000feb2 (0xfb843783) x15 0x000000000000009c mem 0x0000000080031f28
core   0: 0x000000008000feb6 (0x000097ba) c.add   a5, a4
core   0: 3 0x000000008000feb6 (0x97ba) x15 0x00000000800120dc
core   0: 0x000000008000feb8 (0xfe043703) ld      a4, -32(s0)
core   0: 3 0x000000008000feb8 (0xfe043703) x14 0x000000008001206d mem 0x0000000080031f50
core   0: 0x000000008000febc (0xfcf76de3) bltu    a4, a5, pc - 38
core   0: 3 0x000000008000febc (0xfcf76de3)
core   0: 0x000000008000fe96 (0xfe043783) ld      a5, -32(s0)
core   0: 3 0x000000008000fe96 (0xfe043783) x15 0x000000008001206d mem 0x0000000080031f50
core   0: 0x000000008000fe9a (0x00178713) addi    a4, a5, 1
core   0: 3 0x000000008000fe9a (0x00178713) x14 0x000000008001206e
core   0: 0x000000008000fe9e (0xfee43023) sd      a4, -32(s0)
core   0: 3 0x000000008000fe9e (0xfee43023) mem 0x0000000080031f50 0x000000008001206e
core   0: 0x000000008000fea2 (0xfc442703) lw      a4, -60(s0)
core   0: 3 0x000000008000fea2 (0xfc442703) x14 0x0000000000000000 mem 0x0000000080031f34
core   0: 0x000000008000fea6 (0x0ff77713) andi    a4, a4, 255
core   0: 3 0x000000008000fea6 (0x0ff77713) x14 0x0000000000000000
core   0: 0x000000008000feaa (0x00e78023) sb      a4, 0(a5)
core   0: 3 0x000000008000feaa (0x00e78023) mem 0x000000008001206d 0x00
core   0: 0x000000008000feae (0xfc843703) ld      a4, -56(s0)
core   0: 3 0x000000008000feae (0xfc843703) x14 0x0000000080012040 mem 0x0000000080031f38
core   0: 0x000000008000feb2 (0xfb843783) ld      a5, -72(s0)
core   0: 3 0x000000008000feb2 (0xfb843783) x15 0x000000000000009c mem 0x0000000080031f28
core   0: 0x000000008000feb6 (0x000097ba) c.add   a5, a4
core   0: 3 0x000000008000feb6 (0x97ba) x15 0x00000000800120dc
core   0: 0x000000008000feb8 (0xfe043703) ld      a4, -32(s0)
core   0: 3 0x000000008000feb8 (0xfe043703) x14 0x000000008001206e mem 0x0000000080031f50
core   0: 0x000000008000febc (0xfcf76de3) bltu    a4, a5, pc - 38
core   0: 3 0x000000008000febc (0xfcf76de3)
core   0: 0x000000008000fe96 (0xfe043783) ld      a5, -32(s0)
core   0: 3 0x000000008000fe96 (0xfe043783) x15 0x000000008001206e mem 0x0000000080031f50
core   0: 0x000000008000fe9a (0x00178713) addi    a4, a5, 1
core   0: 3 0x000000008000fe9a (0x00178713) x14 0x000000008001206f
core   0: 0x000000008000fe9e (0xfee43023) sd      a4, -32(s0)
core   0: 3 0x000000008000fe9e (0xfee43023) mem 0x0000000080031f50 0x000000008001206f
core   0: 0x000000008000fea2 (0xfc442703) lw      a4, -60(s0)
core   0: 3 0x000000008000fea2 (0xfc442703) x14 0x0000000000000000 mem 0x0000000080031f34
core   0: 0x000000008000fea6 (0x0ff77713) andi    a4, a4, 255
core   0: 3 0x000000008000fea6 (0x0ff77713) x14 0x0000000000000000
core   0: 0x000000008000feaa (0x00e78023) sb      a4, 0(a5)
core   0: 3 0x000000008000feaa (0x00e78023) mem 0x000000008001206e 0x00
core   0: 0x000000008000feae (0xfc843703) ld      a4, -56(s0)
core   0: 3 0x000000008000feae (0xfc843703) x14 0x0000000080012040 mem 0x0000000080031f38
core   0: 0x000000008000feb2 (0xfb843783) ld      a5, -72(s0)
core   0: 3 0x000000008000feb2 (0xfb843783) x15 0x000000000000009c mem 0x0000000080031f28
core   0: 0x000000008000feb6 (0x000097ba) c.add   a5, a4
core   0: 3 0x000000008000feb6 (0x97ba) x15 0x00000000800120dc
core   0: 0x000000008000feb8 (0xfe043703) ld      a4, -32(s0)
core   0: 3 0x000000008000feb8 (0xfe043703) x14 0x000000008001206f mem 0x0000000080031f50
core   0: 0x000000008000febc (0xfcf76de3) bltu    a4, a5, pc - 38
core   0: 3 0x000000008000febc (0xfcf76de3)
core   0: 0x000000008000fe96 (0xfe043783) ld      a5, -32(s0)
core   0: 3 0x000000008000fe96 (0xfe043783) x15 0x000000008001206f mem 0x0000000080031f50
core   0: 0x000000008000fe9a (0x00178713) addi    a4, a5, 1
core   0: 3 0x000000008000fe9a (0x00178713) x14 0x0000000080012070
core   0: 0x000000008000fe9e (0xfee43023) sd      a4, -32(s0)
core   0: 3 0x000000008000fe9e (0xfee43023) mem 0x0000000080031f50 0x0000000080012070
core   0: 0x000000008000fea2 (0xfc442703) lw      a4, -60(s0)
core   0: 3 0x000000008000fea2 (0xfc442703) x14 0x0000000000000000 mem 0x0000000080031f34
core   0: 0x000000008000fea6 (0x0ff77713) andi    a4, a4, 255
core   0: 3 0x000000008000fea6 (0x0ff77713) x14 0x0000000000000000
core   0: 0x000000008000feaa (0x00e78023) sb      a4, 0(a5)
core   0: 3 0x000000008000feaa (0x00e78023) mem 0x000000008001206f 0x00
core   0: 0x000000008000feae (0xfc843703) ld      a4, -56(s0)
core   0: 3 0x000000008000feae (0xfc843703) x14 0x0000000080012040 mem 0x0000000080031f38
core   0: 0x000000008000feb2 (0xfb843783) ld      a5, -72(s0)
core   0: 3 0x000000008000feb2 (0xfb843783) x15 0x000000000000009c mem 0x0000000080031f28
core   0: 0x000000008000feb6 (0x000097ba) c.add   a5, a4
core   0: 3 0x000000008000feb6 (0x97ba) x15 0x00000000800120dc
core   0: 0x000000008000feb8 (0xfe043703) ld      a4, -32(s0)
core   0: 3 0x000000008000feb8 (0xfe043703) x14 0x0000000080012070 mem 0x0000000080031f50
core   0: 0x000000008000febc (0xfcf76de3) bltu    a4, a5, pc - 38
core   0: 3 0x000000008000febc (0xfcf76de3)
core   0: 0x000000008000fe96 (0xfe043783) ld      a5, -32(s0)
core   0: 3 0x000000008000fe96 (0xfe043783) x15 0x0000000080012070 mem 0x0000000080031f50
core   0: 0x000000008000fe9a (0x00178713) addi    a4, a5, 1
core   0: 3 0x000000008000fe9a (0x00178713) x14 0x0000000080012071
core   0: 0x000000008000fe9e (0xfee43023) sd      a4, -32(s0)
core   0: 3 0x000000008000fe9e (0xfee43023) mem 0x0000000080031f50 0x0000000080012071
core   0: 0x000000008000fea2 (0xfc442703) lw      a4, -60(s0)
core   0: 3 0x000000008000fea2 (0xfc442703) x14 0x0000000000000000 mem 0x0000000080031f34
core   0: 0x000000008000fea6 (0x0ff77713) andi    a4, a4, 255
core   0: 3 0x000000008000fea6 (0x0ff77713) x14 0x0000000000000000
core   0: 0x000000008000feaa (0x00e78023) sb      a4, 0(a5)
core   0: 3 0x000000008000feaa (0x00e78023) mem 0x0000000080012070 0x00
core   0: 0x000000008000feae (0xfc843703) ld      a4, -56(s0)
core   0: 3 0x000000008000feae (0xfc843703) x14 0x0000000080012040 mem 0x0000000080031f38
core   0: 0x000000008000feb2 (0xfb843783) ld      a5, -72(s0)
core   0: 3 0x000000008000feb2 (0xfb843783) x15 0x000000000000009c mem 0x0000000080031f28
core   0: 0x000000008000feb6 (0x000097ba) c.add   a5, a4
core   0: 3 0x000000008000feb6 (0x97ba) x15 0x00000000800120dc
core   0: 0x000000008000feb8 (0xfe043703) ld      a4, -32(s0)
core   0: 3 0x000000008000feb8 (0xfe043703) x14 0x0000000080012071 mem 0x0000000080031f50
core   0: 0x000000008000febc (0xfcf76de3) bltu    a4, a5, pc - 38
core   0: 3 0x000000008000febc (0xfcf76de3)
core   0: 0x000000008000fe96 (0xfe043783) ld      a5, -32(s0)
core   0: 3 0x000000008000fe96 (0xfe043783) x15 0x0000000080012071 mem 0x0000000080031f50
core   0: 0x000000008000fe9a (0x00178713) addi    a4, a5, 1
core   0: 3 0x000000008000fe9a (0x00178713) x14 0x0000000080012072
core   0: 0x000000008000fe9e (0xfee43023) sd      a4, -32(s0)
core   0: 3 0x000000008000fe9e (0xfee43023) mem 0x0000000080031f50 0x0000000080012072
core   0: 0x000000008000fea2 (0xfc442703) lw      a4, -60(s0)
core   0: 3 0x000000008000fea2 (0xfc442703) x14 0x0000000000000000 mem 0x0000000080031f34
core   0: 0x000000008000fea6 (0x0ff77713) andi    a4, a4, 255
core   0: 3 0x000000008000fea6 (0x0ff77713) x14 0x0000000000000000
core   0: 0x000000008000feaa (0x00e78023) sb      a4, 0(a5)
core   0: 3 0x000000008000feaa (0x00e78023) mem 0x0000000080012071 0x00
core   0: 0x000000008000feae (0xfc843703) ld      a4, -56(s0)
core   0: 3 0x000000008000feae (0xfc843703) x14 0x0000000080012040 mem 0x0000000080031f38
core   0: 0x000000008000feb2 (0xfb843783) ld      a5, -72(s0)
core   0: 3 0x000000008000feb2 (0xfb843783) x15 0x000000000000009c mem 0x0000000080031f28
core   0: 0x000000008000feb6 (0x000097ba) c.add   a5, a4
core   0: 3 0x000000008000feb6 (0x97ba) x15 0x00000000800120dc
core   0: 0x000000008000feb8 (0xfe043703) ld      a4, -32(s0)
core   0: 3 0x000000008000feb8 (0xfe043703) x14 0x0000000080012072 mem 0x0000000080031f50
core   0: 0x000000008000febc (0xfcf76de3) bltu    a4, a5, pc - 38
core   0: 3 0x000000008000febc (0xfcf76de3)
core   0: 0x000000008000fe96 (0xfe043783) ld      a5, -32(s0)
core   0: 3 0x000000008000fe96 (0xfe043783) x15 0x0000000080012072 mem 0x0000000080031f50
core   0: 0x000000008000fe9a (0x00178713) addi    a4, a5, 1
core   0: 3 0x000000008000fe9a (0x00178713) x14 0x0000000080012073
core   0: 0x000000008000fe9e (0xfee43023) sd      a4, -32(s0)
core   0: 3 0x000000008000fe9e (0xfee43023) mem 0x0000000080031f50 0x0000000080012073
core   0: 0x000000008000fea2 (0xfc442703) lw      a4, -60(s0)
core   0: 3 0x000000008000fea2 (0xfc442703) x14 0x0000000000000000 mem 0x0000000080031f34
core   0: 0x000000008000fea6 (0x0ff77713) andi    a4, a4, 255
core   0: 3 0x000000008000fea6 (0x0ff77713) x14 0x0000000000000000
core   0: 0x000000008000feaa (0x00e78023) sb      a4, 0(a5)
core   0: 3 0x000000008000feaa (0x00e78023) mem 0x0000000080012072 0x00
core   0: 0x000000008000feae (0xfc843703) ld      a4, -56(s0)
core   0: 3 0x000000008000feae (0xfc843703) x14 0x0000000080012040 mem 0x0000000080031f38
core   0: 0x000000008000feb2 (0xfb843783) ld      a5, -72(s0)
core   0: 3 0x000000008000feb2 (0xfb843783) x15 0x000000000000009c mem 0x0000000080031f28
core   0: 0x000000008000feb6 (0x000097ba) c.add   a5, a4
core   0: 3 0x000000008000feb6 (0x97ba) x15 0x00000000800120dc
core   0: 0x000000008000feb8 (0xfe043703) ld      a4, -32(s0)
core   0: 3 0x000000008000feb8 (0xfe043703) x14 0x0000000080012073 mem 0x0000000080031f50
core   0: 0x000000008000febc (0xfcf76de3) bltu    a4, a5, pc - 38
core   0: 3 0x000000008000febc (0xfcf76de3)
core   0: 0x000000008000fe96 (0xfe043783) ld      a5, -32(s0)
core   0: 3 0x000000008000fe96 (0xfe043783) x15 0x0000000080012073 mem 0x0000000080031f50
core   0: 0x000000008000fe9a (0x00178713) addi    a4, a5, 1
core   0: 3 0x000000008000fe9a (0x00178713) x14 0x0000000080012074
core   0: 0x000000008000fe9e (0xfee43023) sd      a4, -32(s0)
core   0: 3 0x000000008000fe9e (0xfee43023) mem 0x0000000080031f50 0x0000000080012074
core   0: 0x000000008000fea2 (0xfc442703) lw      a4, -60(s0)
core   0: 3 0x000000008000fea2 (0xfc442703) x14 0x0000000000000000 mem 0x0000000080031f34
core   0: 0x000000008000fea6 (0x0ff77713) andi    a4, a4, 255
core   0: 3 0x000000008000fea6 (0x0ff77713) x14 0x0000000000000000
core   0: 0x000000008000feaa (0x00e78023) sb      a4, 0(a5)
core   0: 3 0x000000008000feaa (0x00e78023) mem 0x0000000080012073 0x00
core   0: 0x000000008000feae (0xfc843703) ld      a4, -56(s0)
core   0: 3 0x000000008000feae (0xfc843703) x14 0x0000000080012040 mem 0x0000000080031f38
core   0: 0x000000008000feb2 (0xfb843783) ld      a5, -72(s0)
core   0: 3 0x000000008000feb2 (0xfb843783) x15 0x000000000000009c mem 0x0000000080031f28
core   0: 0x000000008000feb6 (0x000097ba) c.add   a5, a4
core   0: 3 0x000000008000feb6 (0x97ba) x15 0x00000000800120dc
core   0: 0x000000008000feb8 (0xfe043703) ld      a4, -32(s0)
core   0: 3 0x000000008000feb8 (0xfe043703) x14 0x0000000080012074 mem 0x0000000080031f50
core   0: 0x000000008000febc (0xfcf76de3) bltu    a4, a5, pc - 38
core   0: 3 0x000000008000febc (0xfcf76de3)
core   0: 0x000000008000fe96 (0xfe043783) ld      a5, -32(s0)
core   0: 3 0x000000008000fe96 (0xfe043783) x15 0x0000000080012074 mem 0x0000000080031f50
core   0: 0x000000008000fe9a (0x00178713) addi    a4, a5, 1
core   0: 3 0x000000008000fe9a (0x00178713) x14 0x0000000080012075
core   0: 0x000000008000fe9e (0xfee43023) sd      a4, -32(s0)
core   0: 3 0x000000008000fe9e (0xfee43023) mem 0x0000000080031f50 0x0000000080012075
core   0: 0x000000008000fea2 (0xfc442703) lw      a4, -60(s0)
core   0: 3 0x000000008000fea2 (0xfc442703) x14 0x0000000000000000 mem 0x0000000080031f34
core   0: 0x000000008000fea6 (0x0ff77713) andi    a4, a4, 255
core   0: 3 0x000000008000fea6 (0x0ff77713) x14 0x0000000000000000
core   0: 0x000000008000feaa (0x00e78023) sb      a4, 0(a5)
core   0: 3 0x000000008000feaa (0x00e78023) mem 0x0000000080012074 0x00
core   0: 0x000000008000feae (0xfc843703) ld      a4, -56(s0)
core   0: 3 0x000000008000feae (0xfc843703) x14 0x0000000080012040 mem 0x0000000080031f38
core   0: 0x000000008000feb2 (0xfb843783) ld      a5, -72(s0)
core   0: 3 0x000000008000feb2 (0xfb843783) x15 0x000000000000009c mem 0x0000000080031f28
core   0: 0x000000008000feb6 (0x000097ba) c.add   a5, a4
core   0: 3 0x000000008000feb6 (0x97ba) x15 0x00000000800120dc
core   0: 0x000000008000feb8 (0xfe043703) ld      a4, -32(s0)
core   0: 3 0x000000008000feb8 (0xfe043703) x14 0x0000000080012075 mem 0x0000000080031f50
core   0: 0x000000008000febc (0xfcf76de3) bltu    a4, a5, pc - 38
core   0: 3 0x000000008000febc (0xfcf76de3)
core   0: 0x000000008000fe96 (0xfe043783) ld      a5, -32(s0)
core   0: 3 0x000000008000fe96 (0xfe043783) x15 0x0000000080012075 mem 0x0000000080031f50
core   0: 0x000000008000fe9a (0x00178713) addi    a4, a5, 1
core   0: 3 0x000000008000fe9a (0x00178713) x14 0x0000000080012076
core   0: 0x000000008000fe9e (0xfee43023) sd      a4, -32(s0)
core   0: 3 0x000000008000fe9e (0xfee43023) mem 0x0000000080031f50 0x0000000080012076
core   0: 0x000000008000fea2 (0xfc442703) lw      a4, -60(s0)
core   0: 3 0x000000008000fea2 (0xfc442703) x14 0x0000000000000000 mem 0x0000000080031f34
core   0: 0x000000008000fea6 (0x0ff77713) andi    a4, a4, 255
core   0: 3 0x000000008000fea6 (0x0ff77713) x14 0x0000000000000000
core   0: 0x000000008000feaa (0x00e78023) sb      a4, 0(a5)
core   0: 3 0x000000008000feaa (0x00e78023) mem 0x0000000080012075 0x00
core   0: 0x000000008000feae (0xfc843703) ld      a4, -56(s0)
core   0: 3 0x000000008000feae (0xfc843703) x14 0x0000000080012040 mem 0x0000000080031f38
core   0: 0x000000008000feb2 (0xfb843783) ld      a5, -72(s0)
core   0: 3 0x000000008000feb2 (0xfb843783) x15 0x000000000000009c mem 0x0000000080031f28
core   0: 0x000000008000feb6 (0x000097ba) c.add   a5, a4
core   0: 3 0x000000008000feb6 (0x97ba) x15 0x00000000800120dc
core   0: 0x000000008000feb8 (0xfe043703) ld      a4, -32(s0)
core   0: 3 0x000000008000feb8 (0xfe043703) x14 0x0000000080012076 mem 0x0000000080031f50
core   0: 0x000000008000febc (0xfcf76de3) bltu    a4, a5, pc - 38
core   0: 3 0x000000008000febc (0xfcf76de3)
core   0: 0x000000008000fe96 (0xfe043783) ld      a5, -32(s0)
core   0: 3 0x000000008000fe96 (0xfe043783) x15 0x0000000080012076 mem 0x0000000080031f50
core   0: 0x000000008000fe9a (0x00178713) addi    a4, a5, 1
core   0: 3 0x000000008000fe9a (0x00178713) x14 0x0000000080012077
core   0: 0x000000008000fe9e (0xfee43023) sd      a4, -32(s0)
core   0: 3 0x000000008000fe9e (0xfee43023) mem 0x0000000080031f50 0x0000000080012077
core   0: 0x000000008000fea2 (0xfc442703) lw      a4, -60(s0)
core   0: 3 0x000000008000fea2 (0xfc442703) x14 0x0000000000000000 mem 0x0000000080031f34
core   0: 0x000000008000fea6 (0x0ff77713) andi    a4, a4, 255
core   0: 3 0x000000008000fea6 (0x0ff77713) x14 0x0000000000000000
core   0: 0x000000008000feaa (0x00e78023) sb      a4, 0(a5)
core   0: 3 0x000000008000feaa (0x00e78023) mem 0x0000000080012076 0x00
core   0: 0x000000008000feae (0xfc843703) ld      a4, -56(s0)
core   0: 3 0x000000008000feae (0xfc843703) x14 0x0000000080012040 mem 0x0000000080031f38
core   0: 0x000000008000feb2 (0xfb843783) ld      a5, -72(s0)
core   0: 3 0x000000008000feb2 (0xfb843783) x15 0x000000000000009c mem 0x0000000080031f28
core   0: 0x000000008000feb6 (0x000097ba) c.add   a5, a4
core   0: 3 0x000000008000feb6 (0x97ba) x15 0x00000000800120dc
core   0: 0x000000008000feb8 (0xfe043703) ld      a4, -32(s0)
core   0: 3 0x000000008000feb8 (0xfe043703) x14 0x0000000080012077 mem 0x0000000080031f50
core   0: 0x000000008000febc (0xfcf76de3) bltu    a4, a5, pc - 38
core   0: 3 0x000000008000febc (0xfcf76de3)
core   0: 0x000000008000fe96 (0xfe043783) ld      a5, -32(s0)
core   0: 3 0x000000008000fe96 (0xfe043783) x15 0x0000000080012077 mem 0x0000000080031f50
core   0: 0x000000008000fe9a (0x00178713) addi    a4, a5, 1
core   0: 3 0x000000008000fe9a (0x00178713) x14 0x0000000080012078
core   0: 0x000000008000fe9e (0xfee43023) sd      a4, -32(s0)
core   0: 3 0x000000008000fe9e (0xfee43023) mem 0x0000000080031f50 0x0000000080012078
core   0: 0x000000008000fea2 (0xfc442703) lw      a4, -60(s0)
core   0: 3 0x000000008000fea2 (0xfc442703) x14 0x0000000000000000 mem 0x0000000080031f34
core   0: 0x000000008000fea6 (0x0ff77713) andi    a4, a4, 255
core   0: 3 0x000000008000fea6 (0x0ff77713) x14 0x0000000000000000
core   0: 0x000000008000feaa (0x00e78023) sb      a4, 0(a5)
core   0: 3 0x000000008000feaa (0x00e78023) mem 0x0000000080012077 0x00
core   0: 0x000000008000feae (0xfc843703) ld      a4, -56(s0)
core   0: 3 0x000000008000feae (0xfc843703) x14 0x0000000080012040 mem 0x0000000080031f38
core   0: 0x000000008000feb2 (0xfb843783) ld      a5, -72(s0)
core   0: 3 0x000000008000feb2 (0xfb843783) x15 0x000000000000009c mem 0x0000000080031f28
core   0: 0x000000008000feb6 (0x000097ba) c.add   a5, a4
core   0: 3 0x000000008000feb6 (0x97ba) x15 0x00000000800120dc
core   0: 0x000000008000feb8 (0xfe043703) ld      a4, -32(s0)
core   0: 3 0x000000008000feb8 (0xfe043703) x14 0x0000000080012078 mem 0x0000000080031f50
core   0: 0x000000008000febc (0xfcf76de3) bltu    a4, a5, pc - 38
core   0: 3 0x000000008000febc (0xfcf76de3)
core   0: 0x000000008000fe96 (0xfe043783) ld      a5, -32(s0)
core   0: 3 0x000000008000fe96 (0xfe043783) x15 0x0000000080012078 mem 0x0000000080031f50
core   0: 0x000000008000fe9a (0x00178713) addi    a4, a5, 1
core   0: 3 0x000000008000fe9a (0x00178713) x14 0x0000000080012079
core   0: 0x000000008000fe9e (0xfee43023) sd      a4, -32(s0)
core   0: 3 0x000000008000fe9e (0xfee43023) mem 0x0000000080031f50 0x0000000080012079
core   0: 0x000000008000fea2 (0xfc442703) lw      a4, -60(s0)
core   0: 3 0x000000008000fea2 (0xfc442703) x14 0x0000000000000000 mem 0x0000000080031f34
core   0: 0x000000008000fea6 (0x0ff77713) andi    a4, a4, 255
core   0: 3 0x000000008000fea6 (0x0ff77713) x14 0x0000000000000000
core   0: 0x000000008000feaa (0x00e78023) sb      a4, 0(a5)
core   0: 3 0x000000008000feaa (0x00e78023) mem 0x0000000080012078 0x00
core   0: 0x000000008000feae (0xfc843703) ld      a4, -56(s0)
core   0: 3 0x000000008000feae (0xfc843703) x14 0x0000000080012040 mem 0x0000000080031f38
core   0: 0x000000008000feb2 (0xfb843783) ld      a5, -72(s0)
core   0: 3 0x000000008000feb2 (0xfb843783) x15 0x000000000000009c mem 0x0000000080031f28
core   0: 0x000000008000feb6 (0x000097ba) c.add   a5, a4
core   0: 3 0x000000008000feb6 (0x97ba) x15 0x00000000800120dc
core   0: 0x000000008000feb8 (0xfe043703) ld      a4, -32(s0)
core   0: 3 0x000000008000feb8 (0xfe043703) x14 0x0000000080012079 mem 0x0000000080031f50
core   0: 0x000000008000febc (0xfcf76de3) bltu    a4, a5, pc - 38
core   0: 3 0x000000008000febc (0xfcf76de3)
core   0: 0x000000008000fe96 (0xfe043783) ld      a5, -32(s0)
core   0: 3 0x000000008000fe96 (0xfe043783) x15 0x0000000080012079 mem 0x0000000080031f50
core   0: 0x000000008000fe9a (0x00178713) addi    a4, a5, 1
core   0: 3 0x000000008000fe9a (0x00178713) x14 0x000000008001207a
core   0: 0x000000008000fe9e (0xfee43023) sd      a4, -32(s0)
core   0: 3 0x000000008000fe9e (0xfee43023) mem 0x0000000080031f50 0x000000008001207a
core   0: 0x000000008000fea2 (0xfc442703) lw      a4, -60(s0)
core   0: 3 0x000000008000fea2 (0xfc442703) x14 0x0000000000000000 mem 0x0000000080031f34
core   0: 0x000000008000fea6 (0x0ff77713) andi    a4, a4, 255
core   0: 3 0x000000008000fea6 (0x0ff77713) x14 0x0000000000000000
core   0: 0x000000008000feaa (0x00e78023) sb      a4, 0(a5)
core   0: 3 0x000000008000feaa (0x00e78023) mem 0x0000000080012079 0x00
core   0: 0x000000008000feae (0xfc843703) ld      a4, -56(s0)
core   0: 3 0x000000008000feae (0xfc843703) x14 0x0000000080012040 mem 0x0000000080031f38
core   0: 0x000000008000feb2 (0xfb843783) ld      a5, -72(s0)
core   0: 3 0x000000008000feb2 (0xfb843783) x15 0x000000000000009c mem 0x0000000080031f28
core   0: 0x000000008000feb6 (0x000097ba) c.add   a5, a4
core   0: 3 0x000000008000feb6 (0x97ba) x15 0x00000000800120dc
core   0: 0x000000008000feb8 (0xfe043703) ld      a4, -32(s0)
core   0: 3 0x000000008000feb8 (0xfe043703) x14 0x000000008001207a mem 0x0000000080031f50
core   0: 0x000000008000febc (0xfcf76de3) bltu    a4, a5, pc - 38
core   0: 3 0x000000008000febc (0xfcf76de3)
core   0: 0x000000008000fe96 (0xfe043783) ld      a5, -32(s0)
core   0: 3 0x000000008000fe96 (0xfe043783) x15 0x000000008001207a mem 0x0000000080031f50
core   0: 0x000000008000fe9a (0x00178713) addi    a4, a5, 1
core   0: 3 0x000000008000fe9a (0x00178713) x14 0x000000008001207b
core   0: 0x000000008000fe9e (0xfee43023) sd      a4, -32(s0)
core   0: 3 0x000000008000fe9e (0xfee43023) mem 0x0000000080031f50 0x000000008001207b
core   0: 0x000000008000fea2 (0xfc442703) lw      a4, -60(s0)
core   0: 3 0x000000008000fea2 (0xfc442703) x14 0x0000000000000000 mem 0x0000000080031f34
core   0: 0x000000008000fea6 (0x0ff77713) andi    a4, a4, 255
core   0: 3 0x000000008000fea6 (0x0ff77713) x14 0x0000000000000000
core   0: 0x000000008000feaa (0x00e78023) sb      a4, 0(a5)
core   0: 3 0x000000008000feaa (0x00e78023) mem 0x000000008001207a 0x00
core   0: 0x000000008000feae (0xfc843703) ld      a4, -56(s0)
core   0: 3 0x000000008000feae (0xfc843703) x14 0x0000000080012040 mem 0x0000000080031f38
core   0: 0x000000008000feb2 (0xfb843783) ld      a5, -72(s0)
core   0: 3 0x000000008000feb2 (0xfb843783) x15 0x000000000000009c mem 0x0000000080031f28
core   0: 0x000000008000feb6 (0x000097ba) c.add   a5, a4
core   0: 3 0x000000008000feb6 (0x97ba) x15 0x00000000800120dc
core   0: 0x000000008000feb8 (0xfe043703) ld      a4, -32(s0)
core   0: 3 0x000000008000feb8 (0xfe043703) x14 0x000000008001207b mem 0x0000000080031f50
core   0: 0x000000008000febc (0xfcf76de3) bltu    a4, a5, pc - 38
core   0: 3 0x000000008000febc (0xfcf76de3)
core   0: 0x000000008000fe96 (0xfe043783) ld      a5, -32(s0)
core   0: 3 0x000000008000fe96 (0xfe043783) x15 0x000000008001207b mem 0x0000000080031f50
core   0: 0x000000008000fe9a (0x00178713) addi    a4, a5, 1
core   0: 3 0x000000008000fe9a (0x00178713) x14 0x000000008001207c
core   0: 0x000000008000fe9e (0xfee43023) sd      a4, -32(s0)
core   0: 3 0x000000008000fe9e (0xfee43023) mem 0x0000000080031f50 0x000000008001207c
core   0: 0x000000008000fea2 (0xfc442703) lw      a4, -60(s0)
core   0: 3 0x000000008000fea2 (0xfc442703) x14 0x0000000000000000 mem 0x0000000080031f34
core   0: 0x000000008000fea6 (0x0ff77713) andi    a4, a4, 255
core   0: 3 0x000000008000fea6 (0x0ff77713) x14 0x0000000000000000
core   0: 0x000000008000feaa (0x00e78023) sb      a4, 0(a5)
core   0: 3 0x000000008000feaa (0x00e78023) mem 0x000000008001207b 0x00
core   0: 0x000000008000feae (0xfc843703) ld      a4, -56(s0)
core   0: 3 0x000000008000feae (0xfc843703) x14 0x0000000080012040 mem 0x0000000080031f38
core   0: 0x000000008000feb2 (0xfb843783) ld      a5, -72(s0)
core   0: 3 0x000000008000feb2 (0xfb843783) x15 0x000000000000009c mem 0x0000000080031f28
core   0: 0x000000008000feb6 (0x000097ba) c.add   a5, a4
core   0: 3 0x000000008000feb6 (0x97ba) x15 0x00000000800120dc
core   0: 0x000000008000feb8 (0xfe043703) ld      a4, -32(s0)
core   0: 3 0x000000008000feb8 (0xfe043703) x14 0x000000008001207c mem 0x0000000080031f50
core   0: 0x000000008000febc (0xfcf76de3) bltu    a4, a5, pc - 38
core   0: 3 0x000000008000febc (0xfcf76de3)
core   0: 0x000000008000fe96 (0xfe043783) ld      a5, -32(s0)
core   0: 3 0x000000008000fe96 (0xfe043783) x15 0x000000008001207c mem 0x0000000080031f50
core   0: 0x000000008000fe9a (0x00178713) addi    a4, a5, 1
core   0: 3 0x000000008000fe9a (0x00178713) x14 0x000000008001207d
core   0: 0x000000008000fe9e (0xfee43023) sd      a4, -32(s0)
core   0: 3 0x000000008000fe9e (0xfee43023) mem 0x0000000080031f50 0x000000008001207d
core   0: 0x000000008000fea2 (0xfc442703) lw      a4, -60(s0)
core   0: 3 0x000000008000fea2 (0xfc442703) x14 0x0000000000000000 mem 0x0000000080031f34
core   0: 0x000000008000fea6 (0x0ff77713) andi    a4, a4, 255
core   0: 3 0x000000008000fea6 (0x0ff77713) x14 0x0000000000000000
core   0: 0x000000008000feaa (0x00e78023) sb      a4, 0(a5)
core   0: 3 0x000000008000feaa (0x00e78023) mem 0x000000008001207c 0x00
core   0: 0x000000008000feae (0xfc843703) ld      a4, -56(s0)
core   0: 3 0x000000008000feae (0xfc843703) x14 0x0000000080012040 mem 0x0000000080031f38
core   0: 0x000000008000feb2 (0xfb843783) ld      a5, -72(s0)
core   0: 3 0x000000008000feb2 (0xfb843783) x15 0x000000000000009c mem 0x0000000080031f28
core   0: 0x000000008000feb6 (0x000097ba) c.add   a5, a4
core   0: 3 0x000000008000feb6 (0x97ba) x15 0x00000000800120dc
core   0: 0x000000008000feb8 (0xfe043703) ld      a4, -32(s0)
core   0: 3 0x000000008000feb8 (0xfe043703) x14 0x000000008001207d mem 0x0000000080031f50
core   0: 0x000000008000febc (0xfcf76de3) bltu    a4, a5, pc - 38
core   0: 3 0x000000008000febc (0xfcf76de3)
core   0: 0x000000008000fe96 (0xfe043783) ld      a5, -32(s0)
core   0: 3 0x000000008000fe96 (0xfe043783) x15 0x000000008001207d mem 0x0000000080031f50
core   0: 0x000000008000fe9a (0x00178713) addi    a4, a5, 1
core   0: 3 0x000000008000fe9a (0x00178713) x14 0x000000008001207e
core   0: 0x000000008000fe9e (0xfee43023) sd      a4, -32(s0)
core   0: 3 0x000000008000fe9e (0xfee43023) mem 0x0000000080031f50 0x000000008001207e
core   0: 0x000000008000fea2 (0xfc442703) lw      a4, -60(s0)
core   0: 3 0x000000008000fea2 (0xfc442703) x14 0x0000000000000000 mem 0x0000000080031f34
core   0: 0x000000008000fea6 (0x0ff77713) andi    a4, a4, 255
core   0: 3 0x000000008000fea6 (0x0ff77713) x14 0x0000000000000000
core   0: 0x000000008000feaa (0x00e78023) sb      a4, 0(a5)
core   0: 3 0x000000008000feaa (0x00e78023) mem 0x000000008001207d 0x00
core   0: 0x000000008000feae (0xfc843703) ld      a4, -56(s0)
core   0: 3 0x000000008000feae (0xfc843703) x14 0x0000000080012040 mem 0x0000000080031f38
core   0: 0x000000008000feb2 (0xfb843783) ld      a5, -72(s0)
core   0: 3 0x000000008000feb2 (0xfb843783) x15 0x000000000000009c mem 0x0000000080031f28
core   0: 0x000000008000feb6 (0x000097ba) c.add   a5, a4
core   0: 3 0x000000008000feb6 (0x97ba) x15 0x00000000800120dc
core   0: 0x000000008000feb8 (0xfe043703) ld      a4, -32(s0)
core   0: 3 0x000000008000feb8 (0xfe043703) x14 0x000000008001207e mem 0x0000000080031f50
core   0: 0x000000008000febc (0xfcf76de3) bltu    a4, a5, pc - 38
core   0: 3 0x000000008000febc (0xfcf76de3)
core   0: 0x000000008000fe96 (0xfe043783) ld      a5, -32(s0)
core   0: 3 0x000000008000fe96 (0xfe043783) x15 0x000000008001207e mem 0x0000000080031f50
core   0: 0x000000008000fe9a (0x00178713) addi    a4, a5, 1
core   0: 3 0x000000008000fe9a (0x00178713) x14 0x000000008001207f
core   0: 0x000000008000fe9e (0xfee43023) sd      a4, -32(s0)
core   0: 3 0x000000008000fe9e (0xfee43023) mem 0x0000000080031f50 0x000000008001207f
core   0: 0x000000008000fea2 (0xfc442703) lw      a4, -60(s0)
core   0: 3 0x000000008000fea2 (0xfc442703) x14 0x0000000000000000 mem 0x0000000080031f34
core   0: 0x000000008000fea6 (0x0ff77713) andi    a4, a4, 255
core   0: 3 0x000000008000fea6 (0x0ff77713) x14 0x0000000000000000
core   0: 0x000000008000feaa (0x00e78023) sb      a4, 0(a5)
core   0: 3 0x000000008000feaa (0x00e78023) mem 0x000000008001207e 0x00
core   0: 0x000000008000feae (0xfc843703) ld      a4, -56(s0)
core   0: 3 0x000000008000feae (0xfc843703) x14 0x0000000080012040 mem 0x0000000080031f38
core   0: 0x000000008000feb2 (0xfb843783) ld      a5, -72(s0)
core   0: 3 0x000000008000feb2 (0xfb843783) x15 0x000000000000009c mem 0x0000000080031f28
core   0: 0x000000008000feb6 (0x000097ba) c.add   a5, a4
core   0: 3 0x000000008000feb6 (0x97ba) x15 0x00000000800120dc
core   0: 0x000000008000feb8 (0xfe043703) ld      a4, -32(s0)
core   0: 3 0x000000008000feb8 (0xfe043703) x14 0x000000008001207f mem 0x0000000080031f50
core   0: 0x000000008000febc (0xfcf76de3) bltu    a4, a5, pc - 38
core   0: 3 0x000000008000febc (0xfcf76de3)
core   0: 0x000000008000fe96 (0xfe043783) ld      a5, -32(s0)
core   0: 3 0x000000008000fe96 (0xfe043783) x15 0x000000008001207f mem 0x0000000080031f50
core   0: 0x000000008000fe9a (0x00178713) addi    a4, a5, 1
core   0: 3 0x000000008000fe9a (0x00178713) x14 0x0000000080012080
core   0: 0x000000008000fe9e (0xfee43023) sd      a4, -32(s0)
core   0: 3 0x000000008000fe9e (0xfee43023) mem 0x0000000080031f50 0x0000000080012080
core   0: 0x000000008000fea2 (0xfc442703) lw      a4, -60(s0)
core   0: 3 0x000000008000fea2 (0xfc442703) x14 0x0000000000000000 mem 0x0000000080031f34
core   0: 0x000000008000fea6 (0x0ff77713) andi    a4, a4, 255
core   0: 3 0x000000008000fea6 (0x0ff77713) x14 0x0000000000000000
core   0: 0x000000008000feaa (0x00e78023) sb      a4, 0(a5)
core   0: 3 0x000000008000feaa (0x00e78023) mem 0x000000008001207f 0x00
core   0: 0x000000008000feae (0xfc843703) ld      a4, -56(s0)
core   0: 3 0x000000008000feae (0xfc843703) x14 0x0000000080012040 mem 0x0000000080031f38
core   0: 0x000000008000feb2 (0xfb843783) ld      a5, -72(s0)
core   0: 3 0x000000008000feb2 (0xfb843783) x15 0x000000000000009c mem 0x0000000080031f28
core   0: 0x000000008000feb6 (0x000097ba) c.add   a5, a4
core   0: 3 0x000000008000feb6 (0x97ba) x15 0x00000000800120dc
core   0: 0x000000008000feb8 (0xfe043703) ld      a4, -32(s0)
core   0: 3 0x000000008000feb8 (0xfe043703) x14 0x0000000080012080 mem 0x0000000080031f50
core   0: 0x000000008000febc (0xfcf76de3) bltu    a4, a5, pc - 38
core   0: 3 0x000000008000febc (0xfcf76de3)
core   0: 0x000000008000fe96 (0xfe043783) ld      a5, -32(s0)
core   0: 3 0x000000008000fe96 (0xfe043783) x15 0x0000000080012080 mem 0x0000000080031f50
core   0: 0x000000008000fe9a (0x00178713) addi    a4, a5, 1
core   0: 3 0x000000008000fe9a (0x00178713) x14 0x0000000080012081
core   0: 0x000000008000fe9e (0xfee43023) sd      a4, -32(s0)
core   0: 3 0x000000008000fe9e (0xfee43023) mem 0x0000000080031f50 0x0000000080012081
core   0: 0x000000008000fea2 (0xfc442703) lw      a4, -60(s0)
core   0: 3 0x000000008000fea2 (0xfc442703) x14 0x0000000000000000 mem 0x0000000080031f34
core   0: 0x000000008000fea6 (0x0ff77713) andi    a4, a4, 255
core   0: 3 0x000000008000fea6 (0x0ff77713) x14 0x0000000000000000
core   0: 0x000000008000feaa (0x00e78023) sb      a4, 0(a5)
core   0: 3 0x000000008000feaa (0x00e78023) mem 0x0000000080012080 0x00
core   0: 0x000000008000feae (0xfc843703) ld      a4, -56(s0)
core   0: 3 0x000000008000feae (0xfc843703) x14 0x0000000080012040 mem 0x0000000080031f38
core   0: 0x000000008000feb2 (0xfb843783) ld      a5, -72(s0)
core   0: 3 0x000000008000feb2 (0xfb843783) x15 0x000000000000009c mem 0x0000000080031f28
core   0: 0x000000008000feb6 (0x000097ba) c.add   a5, a4
core   0: 3 0x000000008000feb6 (0x97ba) x15 0x00000000800120dc
core   0: 0x000000008000feb8 (0xfe043703) ld      a4, -32(s0)
core   0: 3 0x000000008000feb8 (0xfe043703) x14 0x0000000080012081 mem 0x0000000080031f50
core   0: 0x000000008000febc (0xfcf76de3) bltu    a4, a5, pc - 38
core   0: 3 0x000000008000febc (0xfcf76de3)
core   0: 0x000000008000fe96 (0xfe043783) ld      a5, -32(s0)
core   0: 3 0x000000008000fe96 (0xfe043783) x15 0x0000000080012081 mem 0x0000000080031f50
core   0: 0x000000008000fe9a (0x00178713) addi    a4, a5, 1
core   0: 3 0x000000008000fe9a (0x00178713) x14 0x0000000080012082
core   0: 0x000000008000fe9e (0xfee43023) sd      a4, -32(s0)
core   0: 3 0x000000008000fe9e (0xfee43023) mem 0x0000000080031f50 0x0000000080012082
core   0: 0x000000008000fea2 (0xfc442703) lw      a4, -60(s0)
core   0: 3 0x000000008000fea2 (0xfc442703) x14 0x0000000000000000 mem 0x0000000080031f34
core   0: 0x000000008000fea6 (0x0ff77713) andi    a4, a4, 255
core   0: 3 0x000000008000fea6 (0x0ff77713) x14 0x0000000000000000
core   0: 0x000000008000feaa (0x00e78023) sb      a4, 0(a5)
core   0: 3 0x000000008000feaa (0x00e78023) mem 0x0000000080012081 0x00
core   0: 0x000000008000feae (0xfc843703) ld      a4, -56(s0)
core   0: 3 0x000000008000feae (0xfc843703) x14 0x0000000080012040 mem 0x0000000080031f38
core   0: 0x000000008000feb2 (0xfb843783) ld      a5, -72(s0)
core   0: 3 0x000000008000feb2 (0xfb843783) x15 0x000000000000009c mem 0x0000000080031f28
core   0: 0x000000008000feb6 (0x000097ba) c.add   a5, a4
core   0: 3 0x000000008000feb6 (0x97ba) x15 0x00000000800120dc
core   0: 0x000000008000feb8 (0xfe043703) ld      a4, -32(s0)
core   0: 3 0x000000008000feb8 (0xfe043703) x14 0x0000000080012082 mem 0x0000000080031f50
core   0: 0x000000008000febc (0xfcf76de3) bltu    a4, a5, pc - 38
core   0: 3 0x000000008000febc (0xfcf76de3)
core   0: 0x000000008000fe96 (0xfe043783) ld      a5, -32(s0)
core   0: 3 0x000000008000fe96 (0xfe043783) x15 0x0000000080012082 mem 0x0000000080031f50
core   0: 0x000000008000fe9a (0x00178713) addi    a4, a5, 1
core   0: 3 0x000000008000fe9a (0x00178713) x14 0x0000000080012083
core   0: 0x000000008000fe9e (0xfee43023) sd      a4, -32(s0)
core   0: 3 0x000000008000fe9e (0xfee43023) mem 0x0000000080031f50 0x0000000080012083
core   0: 0x000000008000fea2 (0xfc442703) lw      a4, -60(s0)
core   0: 3 0x000000008000fea2 (0xfc442703) x14 0x0000000000000000 mem 0x0000000080031f34
core   0: 0x000000008000fea6 (0x0ff77713) andi    a4, a4, 255
core   0: 3 0x000000008000fea6 (0x0ff77713) x14 0x0000000000000000
core   0: 0x000000008000feaa (0x00e78023) sb      a4, 0(a5)
core   0: 3 0x000000008000feaa (0x00e78023) mem 0x0000000080012082 0x00
core   0: 0x000000008000feae (0xfc843703) ld      a4, -56(s0)
core   0: 3 0x000000008000feae (0xfc843703) x14 0x0000000080012040 mem 0x0000000080031f38
core   0: 0x000000008000feb2 (0xfb843783) ld      a5, -72(s0)
core   0: 3 0x000000008000feb2 (0xfb843783) x15 0x000000000000009c mem 0x0000000080031f28
core   0: 0x000000008000feb6 (0x000097ba) c.add   a5, a4
core   0: 3 0x000000008000feb6 (0x97ba) x15 0x00000000800120dc
core   0: 0x000000008000feb8 (0xfe043703) ld      a4, -32(s0)
core   0: 3 0x000000008000feb8 (0xfe043703) x14 0x0000000080012083 mem 0x0000000080031f50
core   0: 0x000000008000febc (0xfcf76de3) bltu    a4, a5, pc - 38
core   0: 3 0x000000008000febc (0xfcf76de3)
core   0: 0x000000008000fe96 (0xfe043783) ld      a5, -32(s0)
core   0: 3 0x000000008000fe96 (0xfe043783) x15 0x0000000080012083 mem 0x0000000080031f50
core   0: 0x000000008000fe9a (0x00178713) addi    a4, a5, 1
core   0: 3 0x000000008000fe9a (0x00178713) x14 0x0000000080012084
core   0: 0x000000008000fe9e (0xfee43023) sd      a4, -32(s0)
core   0: 3 0x000000008000fe9e (0xfee43023) mem 0x0000000080031f50 0x0000000080012084
core   0: 0x000000008000fea2 (0xfc442703) lw      a4, -60(s0)
core   0: 3 0x000000008000fea2 (0xfc442703) x14 0x0000000000000000 mem 0x0000000080031f34
core   0: 0x000000008000fea6 (0x0ff77713) andi    a4, a4, 255
core   0: 3 0x000000008000fea6 (0x0ff77713) x14 0x0000000000000000
core   0: 0x000000008000feaa (0x00e78023) sb      a4, 0(a5)
core   0: 3 0x000000008000feaa (0x00e78023) mem 0x0000000080012083 0x00
core   0: 0x000000008000feae (0xfc843703) ld      a4, -56(s0)
core   0: 3 0x000000008000feae (0xfc843703) x14 0x0000000080012040 mem 0x0000000080031f38
core   0: 0x000000008000feb2 (0xfb843783) ld      a5, -72(s0)
core   0: 3 0x000000008000feb2 (0xfb843783) x15 0x000000000000009c mem 0x0000000080031f28
core   0: 0x000000008000feb6 (0x000097ba) c.add   a5, a4
core   0: 3 0x000000008000feb6 (0x97ba) x15 0x00000000800120dc
core   0: 0x000000008000feb8 (0xfe043703) ld      a4, -32(s0)
core   0: 3 0x000000008000feb8 (0xfe043703) x14 0x0000000080012084 mem 0x0000000080031f50
core   0: 0x000000008000febc (0xfcf76de3) bltu    a4, a5, pc - 38
core   0: 3 0x000000008000febc (0xfcf76de3)
core   0: 0x000000008000fe96 (0xfe043783) ld      a5, -32(s0)
core   0: 3 0x000000008000fe96 (0xfe043783) x15 0x0000000080012084 mem 0x0000000080031f50
core   0: 0x000000008000fe9a (0x00178713) addi    a4, a5, 1
core   0: 3 0x000000008000fe9a (0x00178713) x14 0x0000000080012085
core   0: 0x000000008000fe9e (0xfee43023) sd      a4, -32(s0)
core   0: 3 0x000000008000fe9e (0xfee43023) mem 0x0000000080031f50 0x0000000080012085
core   0: 0x000000008000fea2 (0xfc442703) lw      a4, -60(s0)
core   0: 3 0x000000008000fea2 (0xfc442703) x14 0x0000000000000000 mem 0x0000000080031f34
core   0: 0x000000008000fea6 (0x0ff77713) andi    a4, a4, 255
core   0: 3 0x000000008000fea6 (0x0ff77713) x14 0x0000000000000000
core   0: 0x000000008000feaa (0x00e78023) sb      a4, 0(a5)
core   0: 3 0x000000008000feaa (0x00e78023) mem 0x0000000080012084 0x00
core   0: 0x000000008000feae (0xfc843703) ld      a4, -56(s0)
core   0: 3 0x000000008000feae (0xfc843703) x14 0x0000000080012040 mem 0x0000000080031f38
core   0: 0x000000008000feb2 (0xfb843783) ld      a5, -72(s0)
core   0: 3 0x000000008000feb2 (0xfb843783) x15 0x000000000000009c mem 0x0000000080031f28
core   0: 0x000000008000feb6 (0x000097ba) c.add   a5, a4
core   0: 3 0x000000008000feb6 (0x97ba) x15 0x00000000800120dc
core   0: 0x000000008000feb8 (0xfe043703) ld      a4, -32(s0)
core   0: 3 0x000000008000feb8 (0xfe043703) x14 0x0000000080012085 mem 0x0000000080031f50
core   0: 0x000000008000febc (0xfcf76de3) bltu    a4, a5, pc - 38
core   0: 3 0x000000008000febc (0xfcf76de3)
core   0: 0x000000008000fe96 (0xfe043783) ld      a5, -32(s0)
core   0: 3 0x000000008000fe96 (0xfe043783) x15 0x0000000080012085 mem 0x0000000080031f50
core   0: 0x000000008000fe9a (0x00178713) addi    a4, a5, 1
core   0: 3 0x000000008000fe9a (0x00178713) x14 0x0000000080012086
core   0: 0x000000008000fe9e (0xfee43023) sd      a4, -32(s0)
core   0: 3 0x000000008000fe9e (0xfee43023) mem 0x0000000080031f50 0x0000000080012086
core   0: 0x000000008000fea2 (0xfc442703) lw      a4, -60(s0)
core   0: 3 0x000000008000fea2 (0xfc442703) x14 0x0000000000000000 mem 0x0000000080031f34
core   0: 0x000000008000fea6 (0x0ff77713) andi    a4, a4, 255
core   0: 3 0x000000008000fea6 (0x0ff77713) x14 0x0000000000000000
core   0: 0x000000008000feaa (0x00e78023) sb      a4, 0(a5)
core   0: 3 0x000000008000feaa (0x00e78023) mem 0x0000000080012085 0x00
core   0: 0x000000008000feae (0xfc843703) ld      a4, -56(s0)
core   0: 3 0x000000008000feae (0xfc843703) x14 0x0000000080012040 mem 0x0000000080031f38
core   0: 0x000000008000feb2 (0xfb843783) ld      a5, -72(s0)
core   0: 3 0x000000008000feb2 (0xfb843783) x15 0x000000000000009c mem 0x0000000080031f28
core   0: 0x000000008000feb6 (0x000097ba) c.add   a5, a4
core   0: 3 0x000000008000feb6 (0x97ba) x15 0x00000000800120dc
core   0: 0x000000008000feb8 (0xfe043703) ld      a4, -32(s0)
core   0: 3 0x000000008000feb8 (0xfe043703) x14 0x0000000080012086 mem 0x0000000080031f50
core   0: 0x000000008000febc (0xfcf76de3) bltu    a4, a5, pc - 38
core   0: 3 0x000000008000febc (0xfcf76de3)
core   0: 0x000000008000fe96 (0xfe043783) ld      a5, -32(s0)
core   0: 3 0x000000008000fe96 (0xfe043783) x15 0x0000000080012086 mem 0x0000000080031f50
core   0: 0x000000008000fe9a (0x00178713) addi    a4, a5, 1
core   0: 3 0x000000008000fe9a (0x00178713) x14 0x0000000080012087
core   0: 0x000000008000fe9e (0xfee43023) sd      a4, -32(s0)
core   0: 3 0x000000008000fe9e (0xfee43023) mem 0x0000000080031f50 0x0000000080012087
core   0: 0x000000008000fea2 (0xfc442703) lw      a4, -60(s0)
core   0: 3 0x000000008000fea2 (0xfc442703) x14 0x0000000000000000 mem 0x0000000080031f34
core   0: 0x000000008000fea6 (0x0ff77713) andi    a4, a4, 255
core   0: 3 0x000000008000fea6 (0x0ff77713) x14 0x0000000000000000
core   0: 0x000000008000feaa (0x00e78023) sb      a4, 0(a5)
core   0: 3 0x000000008000feaa (0x00e78023) mem 0x0000000080012086 0x00
core   0: 0x000000008000feae (0xfc843703) ld      a4, -56(s0)
core   0: 3 0x000000008000feae (0xfc843703) x14 0x0000000080012040 mem 0x0000000080031f38
core   0: 0x000000008000feb2 (0xfb843783) ld      a5, -72(s0)
core   0: 3 0x000000008000feb2 (0xfb843783) x15 0x000000000000009c mem 0x0000000080031f28
core   0: 0x000000008000feb6 (0x000097ba) c.add   a5, a4
core   0: 3 0x000000008000feb6 (0x97ba) x15 0x00000000800120dc
core   0: 0x000000008000feb8 (0xfe043703) ld      a4, -32(s0)
core   0: 3 0x000000008000feb8 (0xfe043703) x14 0x0000000080012087 mem 0x0000000080031f50
core   0: 0x000000008000febc (0xfcf76de3) bltu    a4, a5, pc - 38
core   0: 3 0x000000008000febc (0xfcf76de3)
core   0: 0x000000008000fe96 (0xfe043783) ld      a5, -32(s0)
core   0: 3 0x000000008000fe96 (0xfe043783) x15 0x0000000080012087 mem 0x0000000080031f50
core   0: 0x000000008000fe9a (0x00178713) addi    a4, a5, 1
core   0: 3 0x000000008000fe9a (0x00178713) x14 0x0000000080012088
core   0: 0x000000008000fe9e (0xfee43023) sd      a4, -32(s0)
core   0: 3 0x000000008000fe9e (0xfee43023) mem 0x0000000080031f50 0x0000000080012088
core   0: 0x000000008000fea2 (0xfc442703) lw      a4, -60(s0)
core   0: 3 0x000000008000fea2 (0xfc442703) x14 0x0000000000000000 mem 0x0000000080031f34
core   0: 0x000000008000fea6 (0x0ff77713) andi    a4, a4, 255
core   0: 3 0x000000008000fea6 (0x0ff77713) x14 0x0000000000000000
core   0: 0x000000008000feaa (0x00e78023) sb      a4, 0(a5)
core   0: 3 0x000000008000feaa (0x00e78023) mem 0x0000000080012087 0x00
core   0: 0x000000008000feae (0xfc843703) ld      a4, -56(s0)
core   0: 3 0x000000008000feae (0xfc843703) x14 0x0000000080012040 mem 0x0000000080031f38
core   0: 0x000000008000feb2 (0xfb843783) ld      a5, -72(s0)
core   0: 3 0x000000008000feb2 (0xfb843783) x15 0x000000000000009c mem 0x0000000080031f28
core   0: 0x000000008000feb6 (0x000097ba) c.add   a5, a4
core   0: 3 0x000000008000feb6 (0x97ba) x15 0x00000000800120dc
core   0: 0x000000008000feb8 (0xfe043703) ld      a4, -32(s0)
core   0: 3 0x000000008000feb8 (0xfe043703) x14 0x0000000080012088 mem 0x0000000080031f50
core   0: 0x000000008000febc (0xfcf76de3) bltu    a4, a5, pc - 38
core   0: 3 0x000000008000febc (0xfcf76de3)
core   0: 0x000000008000fe96 (0xfe043783) ld      a5, -32(s0)
core   0: 3 0x000000008000fe96 (0xfe043783) x15 0x0000000080012088 mem 0x0000000080031f50
core   0: 0x000000008000fe9a (0x00178713) addi    a4, a5, 1
core   0: 3 0x000000008000fe9a (0x00178713) x14 0x0000000080012089
core   0: 0x000000008000fe9e (0xfee43023) sd      a4, -32(s0)
core   0: 3 0x000000008000fe9e (0xfee43023) mem 0x0000000080031f50 0x0000000080012089
core   0: 0x000000008000fea2 (0xfc442703) lw      a4, -60(s0)
core   0: 3 0x000000008000fea2 (0xfc442703) x14 0x0000000000000000 mem 0x0000000080031f34
core   0: 0x000000008000fea6 (0x0ff77713) andi    a4, a4, 255
core   0: 3 0x000000008000fea6 (0x0ff77713) x14 0x0000000000000000
core   0: 0x000000008000feaa (0x00e78023) sb      a4, 0(a5)
core   0: 3 0x000000008000feaa (0x00e78023) mem 0x0000000080012088 0x00
core   0: 0x000000008000feae (0xfc843703) ld      a4, -56(s0)
core   0: 3 0x000000008000feae (0xfc843703) x14 0x0000000080012040 mem 0x0000000080031f38
core   0: 0x000000008000feb2 (0xfb843783) ld      a5, -72(s0)
core   0: 3 0x000000008000feb2 (0xfb843783) x15 0x000000000000009c mem 0x0000000080031f28
core   0: 0x000000008000feb6 (0x000097ba) c.add   a5, a4
core   0: 3 0x000000008000feb6 (0x97ba) x15 0x00000000800120dc
core   0: 0x000000008000feb8 (0xfe043703) ld      a4, -32(s0)
core   0: 3 0x000000008000feb8 (0xfe043703) x14 0x0000000080012089 mem 0x0000000080031f50
core   0: 0x000000008000febc (0xfcf76de3) bltu    a4, a5, pc - 38
core   0: 3 0x000000008000febc (0xfcf76de3)
core   0: 0x000000008000fe96 (0xfe043783) ld      a5, -32(s0)
core   0: 3 0x000000008000fe96 (0xfe043783) x15 0x0000000080012089 mem 0x0000000080031f50
core   0: 0x000000008000fe9a (0x00178713) addi    a4, a5, 1
core   0: 3 0x000000008000fe9a (0x00178713) x14 0x000000008001208a
core   0: 0x000000008000fe9e (0xfee43023) sd      a4, -32(s0)
core   0: 3 0x000000008000fe9e (0xfee43023) mem 0x0000000080031f50 0x000000008001208a
core   0: 0x000000008000fea2 (0xfc442703) lw      a4, -60(s0)
core   0: 3 0x000000008000fea2 (0xfc442703) x14 0x0000000000000000 mem 0x0000000080031f34
core   0: 0x000000008000fea6 (0x0ff77713) andi    a4, a4, 255
core   0: 3 0x000000008000fea6 (0x0ff77713) x14 0x0000000000000000
core   0: 0x000000008000feaa (0x00e78023) sb      a4, 0(a5)
core   0: 3 0x000000008000feaa (0x00e78023) mem 0x0000000080012089 0x00
core   0: 0x000000008000feae (0xfc843703) ld      a4, -56(s0)
core   0: 3 0x000000008000feae (0xfc843703) x14 0x0000000080012040 mem 0x0000000080031f38
core   0: 0x000000008000feb2 (0xfb843783) ld      a5, -72(s0)
core   0: 3 0x000000008000feb2 (0xfb843783) x15 0x000000000000009c mem 0x0000000080031f28
core   0: 0x000000008000feb6 (0x000097ba) c.add   a5, a4
core   0: 3 0x000000008000feb6 (0x97ba) x15 0x00000000800120dc
core   0: 0x000000008000feb8 (0xfe043703) ld      a4, -32(s0)
core   0: 3 0x000000008000feb8 (0xfe043703) x14 0x000000008001208a mem 0x0000000080031f50
core   0: 0x000000008000febc (0xfcf76de3) bltu    a4, a5, pc - 38
core   0: 3 0x000000008000febc (0xfcf76de3)
core   0: 0x000000008000fe96 (0xfe043783) ld      a5, -32(s0)
core   0: 3 0x000000008000fe96 (0xfe043783) x15 0x000000008001208a mem 0x0000000080031f50
core   0: 0x000000008000fe9a (0x00178713) addi    a4, a5, 1
core   0: 3 0x000000008000fe9a (0x00178713) x14 0x000000008001208b
core   0: 0x000000008000fe9e (0xfee43023) sd      a4, -32(s0)
core   0: 3 0x000000008000fe9e (0xfee43023) mem 0x0000000080031f50 0x000000008001208b
core   0: 0x000000008000fea2 (0xfc442703) lw      a4, -60(s0)
core   0: 3 0x000000008000fea2 (0xfc442703) x14 0x0000000000000000 mem 0x0000000080031f34
core   0: 0x000000008000fea6 (0x0ff77713) andi    a4, a4, 255
core   0: 3 0x000000008000fea6 (0x0ff77713) x14 0x0000000000000000
core   0: 0x000000008000feaa (0x00e78023) sb      a4, 0(a5)
core   0: 3 0x000000008000feaa (0x00e78023) mem 0x000000008001208a 0x00
core   0: 0x000000008000feae (0xfc843703) ld      a4, -56(s0)
core   0: 3 0x000000008000feae (0xfc843703) x14 0x0000000080012040 mem 0x0000000080031f38
core   0: 0x000000008000feb2 (0xfb843783) ld      a5, -72(s0)
core   0: 3 0x000000008000feb2 (0xfb843783) x15 0x000000000000009c mem 0x0000000080031f28
core   0: 0x000000008000feb6 (0x000097ba) c.add   a5, a4
core   0: 3 0x000000008000feb6 (0x97ba) x15 0x00000000800120dc
core   0: 0x000000008000feb8 (0xfe043703) ld      a4, -32(s0)
core   0: 3 0x000000008000feb8 (0xfe043703) x14 0x000000008001208b mem 0x0000000080031f50
core   0: 0x000000008000febc (0xfcf76de3) bltu    a4, a5, pc - 38
core   0: 3 0x000000008000febc (0xfcf76de3)
core   0: 0x000000008000fe96 (0xfe043783) ld      a5, -32(s0)
core   0: 3 0x000000008000fe96 (0xfe043783) x15 0x000000008001208b mem 0x0000000080031f50
core   0: 0x000000008000fe9a (0x00178713) addi    a4, a5, 1
core   0: 3 0x000000008000fe9a (0x00178713) x14 0x000000008001208c
core   0: 0x000000008000fe9e (0xfee43023) sd      a4, -32(s0)
core   0: 3 0x000000008000fe9e (0xfee43023) mem 0x0000000080031f50 0x000000008001208c
core   0: 0x000000008000fea2 (0xfc442703) lw      a4, -60(s0)
core   0: 3 0x000000008000fea2 (0xfc442703) x14 0x0000000000000000 mem 0x0000000080031f34
core   0: 0x000000008000fea6 (0x0ff77713) andi    a4, a4, 255
core   0: 3 0x000000008000fea6 (0x0ff77713) x14 0x0000000000000000
core   0: 0x000000008000feaa (0x00e78023) sb      a4, 0(a5)
core   0: 3 0x000000008000feaa (0x00e78023) mem 0x000000008001208b 0x00
core   0: 0x000000008000feae (0xfc843703) ld      a4, -56(s0)
core   0: 3 0x000000008000feae (0xfc843703) x14 0x0000000080012040 mem 0x0000000080031f38
core   0: 0x000000008000feb2 (0xfb843783) ld      a5, -72(s0)
core   0: 3 0x000000008000feb2 (0xfb843783) x15 0x000000000000009c mem 0x0000000080031f28
core   0: 0x000000008000feb6 (0x000097ba) c.add   a5, a4
core   0: 3 0x000000008000feb6 (0x97ba) x15 0x00000000800120dc
core   0: 0x000000008000feb8 (0xfe043703) ld      a4, -32(s0)
core   0: 3 0x000000008000feb8 (0xfe043703) x14 0x000000008001208c mem 0x0000000080031f50
core   0: 0x000000008000febc (0xfcf76de3) bltu    a4, a5, pc - 38
core   0: 3 0x000000008000febc (0xfcf76de3)
core   0: 0x000000008000fe96 (0xfe043783) ld      a5, -32(s0)
core   0: 3 0x000000008000fe96 (0xfe043783) x15 0x000000008001208c mem 0x0000000080031f50
core   0: 0x000000008000fe9a (0x00178713) addi    a4, a5, 1
core   0: 3 0x000000008000fe9a (0x00178713) x14 0x000000008001208d
core   0: 0x000000008000fe9e (0xfee43023) sd      a4, -32(s0)
core   0: 3 0x000000008000fe9e (0xfee43023) mem 0x0000000080031f50 0x000000008001208d
core   0: 0x000000008000fea2 (0xfc442703) lw      a4, -60(s0)
core   0: 3 0x000000008000fea2 (0xfc442703) x14 0x0000000000000000 mem 0x0000000080031f34
core   0: 0x000000008000fea6 (0x0ff77713) andi    a4, a4, 255
core   0: 3 0x000000008000fea6 (0x0ff77713) x14 0x0000000000000000
core   0: 0x000000008000feaa (0x00e78023) sb      a4, 0(a5)
core   0: 3 0x000000008000feaa (0x00e78023) mem 0x000000008001208c 0x00
core   0: 0x000000008000feae (0xfc843703) ld      a4, -56(s0)
core   0: 3 0x000000008000feae (0xfc843703) x14 0x0000000080012040 mem 0x0000000080031f38
core   0: 0x000000008000feb2 (0xfb843783) ld      a5, -72(s0)
core   0: 3 0x000000008000feb2 (0xfb843783) x15 0x000000000000009c mem 0x0000000080031f28
core   0: 0x000000008000feb6 (0x000097ba) c.add   a5, a4
core   0: 3 0x000000008000feb6 (0x97ba) x15 0x00000000800120dc
core   0: 0x000000008000feb8 (0xfe043703) ld      a4, -32(s0)
core   0: 3 0x000000008000feb8 (0xfe043703) x14 0x000000008001208d mem 0x0000000080031f50
core   0: 0x000000008000febc (0xfcf76de3) bltu    a4, a5, pc - 38
core   0: 3 0x000000008000febc (0xfcf76de3)
core   0: 0x000000008000fe96 (0xfe043783) ld      a5, -32(s0)
core   0: 3 0x000000008000fe96 (0xfe043783) x15 0x000000008001208d mem 0x0000000080031f50
core   0: 0x000000008000fe9a (0x00178713) addi    a4, a5, 1
core   0: 3 0x000000008000fe9a (0x00178713) x14 0x000000008001208e
core   0: 0x000000008000fe9e (0xfee43023) sd      a4, -32(s0)
core   0: 3 0x000000008000fe9e (0xfee43023) mem 0x0000000080031f50 0x000000008001208e
core   0: 0x000000008000fea2 (0xfc442703) lw      a4, -60(s0)
core   0: 3 0x000000008000fea2 (0xfc442703) x14 0x0000000000000000 mem 0x0000000080031f34
core   0: 0x000000008000fea6 (0x0ff77713) andi    a4, a4, 255
core   0: 3 0x000000008000fea6 (0x0ff77713) x14 0x0000000000000000
core   0: 0x000000008000feaa (0x00e78023) sb      a4, 0(a5)
core   0: 3 0x000000008000feaa (0x00e78023) mem 0x000000008001208d 0x00
core   0: 0x000000008000feae (0xfc843703) ld      a4, -56(s0)
core   0: 3 0x000000008000feae (0xfc843703) x14 0x0000000080012040 mem 0x0000000080031f38
core   0: 0x000000008000feb2 (0xfb843783) ld      a5, -72(s0)
core   0: 3 0x000000008000feb2 (0xfb843783) x15 0x000000000000009c mem 0x0000000080031f28
core   0: 0x000000008000feb6 (0x000097ba) c.add   a5, a4
core   0: 3 0x000000008000feb6 (0x97ba) x15 0x00000000800120dc
core   0: 0x000000008000feb8 (0xfe043703) ld      a4, -32(s0)
core   0: 3 0x000000008000feb8 (0xfe043703) x14 0x000000008001208e mem 0x0000000080031f50
core   0: 0x000000008000febc (0xfcf76de3) bltu    a4, a5, pc - 38
core   0: 3 0x000000008000febc (0xfcf76de3)
core   0: 0x000000008000fe96 (0xfe043783) ld      a5, -32(s0)
core   0: 3 0x000000008000fe96 (0xfe043783) x15 0x000000008001208e mem 0x0000000080031f50
core   0: 0x000000008000fe9a (0x00178713) addi    a4, a5, 1
core   0: 3 0x000000008000fe9a (0x00178713) x14 0x000000008001208f
core   0: 0x000000008000fe9e (0xfee43023) sd      a4, -32(s0)
core   0: 3 0x000000008000fe9e (0xfee43023) mem 0x0000000080031f50 0x000000008001208f
core   0: 0x000000008000fea2 (0xfc442703) lw      a4, -60(s0)
core   0: 3 0x000000008000fea2 (0xfc442703) x14 0x0000000000000000 mem 0x0000000080031f34
core   0: 0x000000008000fea6 (0x0ff77713) andi    a4, a4, 255
core   0: 3 0x000000008000fea6 (0x0ff77713) x14 0x0000000000000000
core   0: 0x000000008000feaa (0x00e78023) sb      a4, 0(a5)
core   0: 3 0x000000008000feaa (0x00e78023) mem 0x000000008001208e 0x00
core   0: 0x000000008000feae (0xfc843703) ld      a4, -56(s0)
core   0: 3 0x000000008000feae (0xfc843703) x14 0x0000000080012040 mem 0x0000000080031f38
core   0: 0x000000008000feb2 (0xfb843783) ld      a5, -72(s0)
core   0: 3 0x000000008000feb2 (0xfb843783) x15 0x000000000000009c mem 0x0000000080031f28
core   0: 0x000000008000feb6 (0x000097ba) c.add   a5, a4
core   0: 3 0x000000008000feb6 (0x97ba) x15 0x00000000800120dc
core   0: 0x000000008000feb8 (0xfe043703) ld      a4, -32(s0)
core   0: 3 0x000000008000feb8 (0xfe043703) x14 0x000000008001208f mem 0x0000000080031f50
core   0: 0x000000008000febc (0xfcf76de3) bltu    a4, a5, pc - 38
core   0: 3 0x000000008000febc (0xfcf76de3)
core   0: 0x000000008000fe96 (0xfe043783) ld      a5, -32(s0)
core   0: 3 0x000000008000fe96 (0xfe043783) x15 0x000000008001208f mem 0x0000000080031f50
core   0: 0x000000008000fe9a (0x00178713) addi    a4, a5, 1
core   0: 3 0x000000008000fe9a (0x00178713) x14 0x0000000080012090
core   0: 0x000000008000fe9e (0xfee43023) sd      a4, -32(s0)
core   0: 3 0x000000008000fe9e (0xfee43023) mem 0x0000000080031f50 0x0000000080012090
core   0: 0x000000008000fea2 (0xfc442703) lw      a4, -60(s0)
core   0: 3 0x000000008000fea2 (0xfc442703) x14 0x0000000000000000 mem 0x0000000080031f34
core   0: 0x000000008000fea6 (0x0ff77713) andi    a4, a4, 255
core   0: 3 0x000000008000fea6 (0x0ff77713) x14 0x0000000000000000
core   0: 0x000000008000feaa (0x00e78023) sb      a4, 0(a5)
core   0: 3 0x000000008000feaa (0x00e78023) mem 0x000000008001208f 0x00
core   0: 0x000000008000feae (0xfc843703) ld      a4, -56(s0)
core   0: 3 0x000000008000feae (0xfc843703) x14 0x0000000080012040 mem 0x0000000080031f38
core   0: 0x000000008000feb2 (0xfb843783) ld      a5, -72(s0)
core   0: 3 0x000000008000feb2 (0xfb843783) x15 0x000000000000009c mem 0x0000000080031f28
core   0: 0x000000008000feb6 (0x000097ba) c.add   a5, a4
core   0: 3 0x000000008000feb6 (0x97ba) x15 0x00000000800120dc
core   0: 0x000000008000feb8 (0xfe043703) ld      a4, -32(s0)
core   0: 3 0x000000008000feb8 (0xfe043703) x14 0x0000000080012090 mem 0x0000000080031f50
core   0: 0x000000008000febc (0xfcf76de3) bltu    a4, a5, pc - 38
core   0: 3 0x000000008000febc (0xfcf76de3)
core   0: 0x000000008000fe96 (0xfe043783) ld      a5, -32(s0)
core   0: 3 0x000000008000fe96 (0xfe043783) x15 0x0000000080012090 mem 0x0000000080031f50
core   0: 0x000000008000fe9a (0x00178713) addi    a4, a5, 1
core   0: 3 0x000000008000fe9a (0x00178713) x14 0x0000000080012091
core   0: 0x000000008000fe9e (0xfee43023) sd      a4, -32(s0)
core   0: 3 0x000000008000fe9e (0xfee43023) mem 0x0000000080031f50 0x0000000080012091
core   0: 0x000000008000fea2 (0xfc442703) lw      a4, -60(s0)
core   0: 3 0x000000008000fea2 (0xfc442703) x14 0x0000000000000000 mem 0x0000000080031f34
core   0: 0x000000008000fea6 (0x0ff77713) andi    a4, a4, 255
core   0: 3 0x000000008000fea6 (0x0ff77713) x14 0x0000000000000000
core   0: 0x000000008000feaa (0x00e78023) sb      a4, 0(a5)
core   0: 3 0x000000008000feaa (0x00e78023) mem 0x0000000080012090 0x00
core   0: 0x000000008000feae (0xfc843703) ld      a4, -56(s0)
core   0: 3 0x000000008000feae (0xfc843703) x14 0x0000000080012040 mem 0x0000000080031f38
core   0: 0x000000008000feb2 (0xfb843783) ld      a5, -72(s0)
core   0: 3 0x000000008000feb2 (0xfb843783) x15 0x000000000000009c mem 0x0000000080031f28
core   0: 0x000000008000feb6 (0x000097ba) c.add   a5, a4
core   0: 3 0x000000008000feb6 (0x97ba) x15 0x00000000800120dc
core   0: 0x000000008000feb8 (0xfe043703) ld      a4, -32(s0)
core   0: 3 0x000000008000feb8 (0xfe043703) x14 0x0000000080012091 mem 0x0000000080031f50
core   0: 0x000000008000febc (0xfcf76de3) bltu    a4, a5, pc - 38
core   0: 3 0x000000008000febc (0xfcf76de3)
core   0: 0x000000008000fe96 (0xfe043783) ld      a5, -32(s0)
core   0: 3 0x000000008000fe96 (0xfe043783) x15 0x0000000080012091 mem 0x0000000080031f50
core   0: 0x000000008000fe9a (0x00178713) addi    a4, a5, 1
core   0: 3 0x000000008000fe9a (0x00178713) x14 0x0000000080012092
core   0: 0x000000008000fe9e (0xfee43023) sd      a4, -32(s0)
core   0: 3 0x000000008000fe9e (0xfee43023) mem 0x0000000080031f50 0x0000000080012092
core   0: 0x000000008000fea2 (0xfc442703) lw      a4, -60(s0)
core   0: 3 0x000000008000fea2 (0xfc442703) x14 0x0000000000000000 mem 0x0000000080031f34
core   0: 0x000000008000fea6 (0x0ff77713) andi    a4, a4, 255
core   0: 3 0x000000008000fea6 (0x0ff77713) x14 0x0000000000000000
core   0: 0x000000008000feaa (0x00e78023) sb      a4, 0(a5)
core   0: 3 0x000000008000feaa (0x00e78023) mem 0x0000000080012091 0x00
core   0: 0x000000008000feae (0xfc843703) ld      a4, -56(s0)
core   0: 3 0x000000008000feae (0xfc843703) x14 0x0000000080012040 mem 0x0000000080031f38
core   0: 0x000000008000feb2 (0xfb843783) ld      a5, -72(s0)
core   0: 3 0x000000008000feb2 (0xfb843783) x15 0x000000000000009c mem 0x0000000080031f28
core   0: 0x000000008000feb6 (0x000097ba) c.add   a5, a4
core   0: 3 0x000000008000feb6 (0x97ba) x15 0x00000000800120dc
core   0: 0x000000008000feb8 (0xfe043703) ld      a4, -32(s0)
core   0: 3 0x000000008000feb8 (0xfe043703) x14 0x0000000080012092 mem 0x0000000080031f50
core   0: 0x000000008000febc (0xfcf76de3) bltu    a4, a5, pc - 38
core   0: 3 0x000000008000febc (0xfcf76de3)
core   0: 0x000000008000fe96 (0xfe043783) ld      a5, -32(s0)
core   0: 3 0x000000008000fe96 (0xfe043783) x15 0x0000000080012092 mem 0x0000000080031f50
core   0: 0x000000008000fe9a (0x00178713) addi    a4, a5, 1
core   0: 3 0x000000008000fe9a (0x00178713) x14 0x0000000080012093
core   0: 0x000000008000fe9e (0xfee43023) sd      a4, -32(s0)
core   0: 3 0x000000008000fe9e (0xfee43023) mem 0x0000000080031f50 0x0000000080012093
core   0: 0x000000008000fea2 (0xfc442703) lw      a4, -60(s0)
core   0: 3 0x000000008000fea2 (0xfc442703) x14 0x0000000000000000 mem 0x0000000080031f34
core   0: 0x000000008000fea6 (0x0ff77713) andi    a4, a4, 255
core   0: 3 0x000000008000fea6 (0x0ff77713) x14 0x0000000000000000
core   0: 0x000000008000feaa (0x00e78023) sb      a4, 0(a5)
core   0: 3 0x000000008000feaa (0x00e78023) mem 0x0000000080012092 0x00
core   0: 0x000000008000feae (0xfc843703) ld      a4, -56(s0)
core   0: 3 0x000000008000feae (0xfc843703) x14 0x0000000080012040 mem 0x0000000080031f38
core   0: 0x000000008000feb2 (0xfb843783) ld      a5, -72(s0)
core   0: 3 0x000000008000feb2 (0xfb843783) x15 0x000000000000009c mem 0x0000000080031f28
core   0: 0x000000008000feb6 (0x000097ba) c.add   a5, a4
core   0: 3 0x000000008000feb6 (0x97ba) x15 0x00000000800120dc
core   0: 0x000000008000feb8 (0xfe043703) ld      a4, -32(s0)
core   0: 3 0x000000008000feb8 (0xfe043703) x14 0x0000000080012093 mem 0x0000000080031f50
core   0: 0x000000008000febc (0xfcf76de3) bltu    a4, a5, pc - 38
core   0: 3 0x000000008000febc (0xfcf76de3)
core   0: 0x000000008000fe96 (0xfe043783) ld      a5, -32(s0)
core   0: 3 0x000000008000fe96 (0xfe043783) x15 0x0000000080012093 mem 0x0000000080031f50
core   0: 0x000000008000fe9a (0x00178713) addi    a4, a5, 1
core   0: 3 0x000000008000fe9a (0x00178713) x14 0x0000000080012094
core   0: 0x000000008000fe9e (0xfee43023) sd      a4, -32(s0)
core   0: 3 0x000000008000fe9e (0xfee43023) mem 0x0000000080031f50 0x0000000080012094
core   0: 0x000000008000fea2 (0xfc442703) lw      a4, -60(s0)
core   0: 3 0x000000008000fea2 (0xfc442703) x14 0x0000000000000000 mem 0x0000000080031f34
core   0: 0x000000008000fea6 (0x0ff77713) andi    a4, a4, 255
core   0: 3 0x000000008000fea6 (0x0ff77713) x14 0x0000000000000000
core   0: 0x000000008000feaa (0x00e78023) sb      a4, 0(a5)
core   0: 3 0x000000008000feaa (0x00e78023) mem 0x0000000080012093 0x00
core   0: 0x000000008000feae (0xfc843703) ld      a4, -56(s0)
core   0: 3 0x000000008000feae (0xfc843703) x14 0x0000000080012040 mem 0x0000000080031f38
core   0: 0x000000008000feb2 (0xfb843783) ld      a5, -72(s0)
core   0: 3 0x000000008000feb2 (0xfb843783) x15 0x000000000000009c mem 0x0000000080031f28
core   0: 0x000000008000feb6 (0x000097ba) c.add   a5, a4
core   0: 3 0x000000008000feb6 (0x97ba) x15 0x00000000800120dc
core   0: 0x000000008000feb8 (0xfe043703) ld      a4, -32(s0)
core   0: 3 0x000000008000feb8 (0xfe043703) x14 0x0000000080012094 mem 0x0000000080031f50
core   0: 0x000000008000febc (0xfcf76de3) bltu    a4, a5, pc - 38
core   0: 3 0x000000008000febc (0xfcf76de3)
core   0: 0x000000008000fe96 (0xfe043783) ld      a5, -32(s0)
core   0: 3 0x000000008000fe96 (0xfe043783) x15 0x0000000080012094 mem 0x0000000080031f50
core   0: 0x000000008000fe9a (0x00178713) addi    a4, a5, 1
core   0: 3 0x000000008000fe9a (0x00178713) x14 0x0000000080012095
core   0: 0x000000008000fe9e (0xfee43023) sd      a4, -32(s0)
core   0: 3 0x000000008000fe9e (0xfee43023) mem 0x0000000080031f50 0x0000000080012095
core   0: 0x000000008000fea2 (0xfc442703) lw      a4, -60(s0)
core   0: 3 0x000000008000fea2 (0xfc442703) x14 0x0000000000000000 mem 0x0000000080031f34
core   0: 0x000000008000fea6 (0x0ff77713) andi    a4, a4, 255
core   0: 3 0x000000008000fea6 (0x0ff77713) x14 0x0000000000000000
core   0: 0x000000008000feaa (0x00e78023) sb      a4, 0(a5)
core   0: 3 0x000000008000feaa (0x00e78023) mem 0x0000000080012094 0x00
core   0: 0x000000008000feae (0xfc843703) ld      a4, -56(s0)
core   0: 3 0x000000008000feae (0xfc843703) x14 0x0000000080012040 mem 0x0000000080031f38
core   0: 0x000000008000feb2 (0xfb843783) ld      a5, -72(s0)
core   0: 3 0x000000008000feb2 (0xfb843783) x15 0x000000000000009c mem 0x0000000080031f28
core   0: 0x000000008000feb6 (0x000097ba) c.add   a5, a4
core   0: 3 0x000000008000feb6 (0x97ba) x15 0x00000000800120dc
core   0: 0x000000008000feb8 (0xfe043703) ld      a4, -32(s0)
core   0: 3 0x000000008000feb8 (0xfe043703) x14 0x0000000080012095 mem 0x0000000080031f50
core   0: 0x000000008000febc (0xfcf76de3) bltu    a4, a5, pc - 38
core   0: 3 0x000000008000febc (0xfcf76de3)
core   0: 0x000000008000fe96 (0xfe043783) ld      a5, -32(s0)
core   0: 3 0x000000008000fe96 (0xfe043783) x15 0x0000000080012095 mem 0x0000000080031f50
core   0: 0x000000008000fe9a (0x00178713) addi    a4, a5, 1
core   0: 3 0x000000008000fe9a (0x00178713) x14 0x0000000080012096
core   0: 0x000000008000fe9e (0xfee43023) sd      a4, -32(s0)
core   0: 3 0x000000008000fe9e (0xfee43023) mem 0x0000000080031f50 0x0000000080012096
core   0: 0x000000008000fea2 (0xfc442703) lw      a4, -60(s0)
core   0: 3 0x000000008000fea2 (0xfc442703) x14 0x0000000000000000 mem 0x0000000080031f34
core   0: 0x000000008000fea6 (0x0ff77713) andi    a4, a4, 255
core   0: 3 0x000000008000fea6 (0x0ff77713) x14 0x0000000000000000
core   0: 0x000000008000feaa (0x00e78023) sb      a4, 0(a5)
core   0: 3 0x000000008000feaa (0x00e78023) mem 0x0000000080012095 0x00
core   0: 0x000000008000feae (0xfc843703) ld      a4, -56(s0)
core   0: 3 0x000000008000feae (0xfc843703) x14 0x0000000080012040 mem 0x0000000080031f38
core   0: 0x000000008000feb2 (0xfb843783) ld      a5, -72(s0)
core   0: 3 0x000000008000feb2 (0xfb843783) x15 0x000000000000009c mem 0x0000000080031f28
core   0: 0x000000008000feb6 (0x000097ba) c.add   a5, a4
core   0: 3 0x000000008000feb6 (0x97ba) x15 0x00000000800120dc
core   0: 0x000000008000feb8 (0xfe043703) ld      a4, -32(s0)
core   0: 3 0x000000008000feb8 (0xfe043703) x14 0x0000000080012096 mem 0x0000000080031f50
core   0: 0x000000008000febc (0xfcf76de3) bltu    a4, a5, pc - 38
core   0: 3 0x000000008000febc (0xfcf76de3)
core   0: 0x000000008000fe96 (0xfe043783) ld      a5, -32(s0)
core   0: 3 0x000000008000fe96 (0xfe043783) x15 0x0000000080012096 mem 0x0000000080031f50
core   0: 0x000000008000fe9a (0x00178713) addi    a4, a5, 1
core   0: 3 0x000000008000fe9a (0x00178713) x14 0x0000000080012097
core   0: 0x000000008000fe9e (0xfee43023) sd      a4, -32(s0)
core   0: 3 0x000000008000fe9e (0xfee43023) mem 0x0000000080031f50 0x0000000080012097
core   0: 0x000000008000fea2 (0xfc442703) lw      a4, -60(s0)
core   0: 3 0x000000008000fea2 (0xfc442703) x14 0x0000000000000000 mem 0x0000000080031f34
core   0: 0x000000008000fea6 (0x0ff77713) andi    a4, a4, 255
core   0: 3 0x000000008000fea6 (0x0ff77713) x14 0x0000000000000000
core   0: 0x000000008000feaa (0x00e78023) sb      a4, 0(a5)
core   0: 3 0x000000008000feaa (0x00e78023) mem 0x0000000080012096 0x00
core   0: 0x000000008000feae (0xfc843703) ld      a4, -56(s0)
core   0: 3 0x000000008000feae (0xfc843703) x14 0x0000000080012040 mem 0x0000000080031f38
core   0: 0x000000008000feb2 (0xfb843783) ld      a5, -72(s0)
core   0: 3 0x000000008000feb2 (0xfb843783) x15 0x000000000000009c mem 0x0000000080031f28
core   0: 0x000000008000feb6 (0x000097ba) c.add   a5, a4
core   0: 3 0x000000008000feb6 (0x97ba) x15 0x00000000800120dc
core   0: 0x000000008000feb8 (0xfe043703) ld      a4, -32(s0)
core   0: 3 0x000000008000feb8 (0xfe043703) x14 0x0000000080012097 mem 0x0000000080031f50
core   0: 0x000000008000febc (0xfcf76de3) bltu    a4, a5, pc - 38
core   0: 3 0x000000008000febc (0xfcf76de3)
core   0: 0x000000008000fe96 (0xfe043783) ld      a5, -32(s0)
core   0: 3 0x000000008000fe96 (0xfe043783) x15 0x0000000080012097 mem 0x0000000080031f50
core   0: 0x000000008000fe9a (0x00178713) addi    a4, a5, 1
core   0: 3 0x000000008000fe9a (0x00178713) x14 0x0000000080012098
core   0: 0x000000008000fe9e (0xfee43023) sd      a4, -32(s0)
core   0: 3 0x000000008000fe9e (0xfee43023) mem 0x0000000080031f50 0x0000000080012098
core   0: 0x000000008000fea2 (0xfc442703) lw      a4, -60(s0)
core   0: 3 0x000000008000fea2 (0xfc442703) x14 0x0000000000000000 mem 0x0000000080031f34
core   0: 0x000000008000fea6 (0x0ff77713) andi    a4, a4, 255
core   0: 3 0x000000008000fea6 (0x0ff77713) x14 0x0000000000000000
core   0: 0x000000008000feaa (0x00e78023) sb      a4, 0(a5)
core   0: 3 0x000000008000feaa (0x00e78023) mem 0x0000000080012097 0x00
core   0: 0x000000008000feae (0xfc843703) ld      a4, -56(s0)
core   0: 3 0x000000008000feae (0xfc843703) x14 0x0000000080012040 mem 0x0000000080031f38
core   0: 0x000000008000feb2 (0xfb843783) ld      a5, -72(s0)
core   0: 3 0x000000008000feb2 (0xfb843783) x15 0x000000000000009c mem 0x0000000080031f28
core   0: 0x000000008000feb6 (0x000097ba) c.add   a5, a4
core   0: 3 0x000000008000feb6 (0x97ba) x15 0x00000000800120dc
core   0: 0x000000008000feb8 (0xfe043703) ld      a4, -32(s0)
core   0: 3 0x000000008000feb8 (0xfe043703) x14 0x0000000080012098 mem 0x0000000080031f50
core   0: 0x000000008000febc (0xfcf76de3) bltu    a4, a5, pc - 38
core   0: 3 0x000000008000febc (0xfcf76de3)
core   0: 0x000000008000fe96 (0xfe043783) ld      a5, -32(s0)
core   0: 3 0x000000008000fe96 (0xfe043783) x15 0x0000000080012098 mem 0x0000000080031f50
core   0: 0x000000008000fe9a (0x00178713) addi    a4, a5, 1
core   0: 3 0x000000008000fe9a (0x00178713) x14 0x0000000080012099
core   0: 0x000000008000fe9e (0xfee43023) sd      a4, -32(s0)
core   0: 3 0x000000008000fe9e (0xfee43023) mem 0x0000000080031f50 0x0000000080012099
core   0: 0x000000008000fea2 (0xfc442703) lw      a4, -60(s0)
core   0: 3 0x000000008000fea2 (0xfc442703) x14 0x0000000000000000 mem 0x0000000080031f34
core   0: 0x000000008000fea6 (0x0ff77713) andi    a4, a4, 255
core   0: 3 0x000000008000fea6 (0x0ff77713) x14 0x0000000000000000
core   0: 0x000000008000feaa (0x00e78023) sb      a4, 0(a5)
core   0: 3 0x000000008000feaa (0x00e78023) mem 0x0000000080012098 0x00
core   0: 0x000000008000feae (0xfc843703) ld      a4, -56(s0)
core   0: 3 0x000000008000feae (0xfc843703) x14 0x0000000080012040 mem 0x0000000080031f38
core   0: 0x000000008000feb2 (0xfb843783) ld      a5, -72(s0)
core   0: 3 0x000000008000feb2 (0xfb843783) x15 0x000000000000009c mem 0x0000000080031f28
core   0: 0x000000008000feb6 (0x000097ba) c.add   a5, a4
core   0: 3 0x000000008000feb6 (0x97ba) x15 0x00000000800120dc
core   0: 0x000000008000feb8 (0xfe043703) ld      a4, -32(s0)
core   0: 3 0x000000008000feb8 (0xfe043703) x14 0x0000000080012099 mem 0x0000000080031f50
core   0: 0x000000008000febc (0xfcf76de3) bltu    a4, a5, pc - 38
core   0: 3 0x000000008000febc (0xfcf76de3)
core   0: 0x000000008000fe96 (0xfe043783) ld      a5, -32(s0)
core   0: 3 0x000000008000fe96 (0xfe043783) x15 0x0000000080012099 mem 0x0000000080031f50
core   0: 0x000000008000fe9a (0x00178713) addi    a4, a5, 1
core   0: 3 0x000000008000fe9a (0x00178713) x14 0x000000008001209a
core   0: 0x000000008000fe9e (0xfee43023) sd      a4, -32(s0)
core   0: 3 0x000000008000fe9e (0xfee43023) mem 0x0000000080031f50 0x000000008001209a
core   0: 0x000000008000fea2 (0xfc442703) lw      a4, -60(s0)
core   0: 3 0x000000008000fea2 (0xfc442703) x14 0x0000000000000000 mem 0x0000000080031f34
core   0: 0x000000008000fea6 (0x0ff77713) andi    a4, a4, 255
core   0: 3 0x000000008000fea6 (0x0ff77713) x14 0x0000000000000000
core   0: 0x000000008000feaa (0x00e78023) sb      a4, 0(a5)
core   0: 3 0x000000008000feaa (0x00e78023) mem 0x0000000080012099 0x00
core   0: 0x000000008000feae (0xfc843703) ld      a4, -56(s0)
core   0: 3 0x000000008000feae (0xfc843703) x14 0x0000000080012040 mem 0x0000000080031f38
core   0: 0x000000008000feb2 (0xfb843783) ld      a5, -72(s0)
core   0: 3 0x000000008000feb2 (0xfb843783) x15 0x000000000000009c mem 0x0000000080031f28
core   0: 0x000000008000feb6 (0x000097ba) c.add   a5, a4
core   0: 3 0x000000008000feb6 (0x97ba) x15 0x00000000800120dc
core   0: 0x000000008000feb8 (0xfe043703) ld      a4, -32(s0)
core   0: 3 0x000000008000feb8 (0xfe043703) x14 0x000000008001209a mem 0x0000000080031f50
core   0: 0x000000008000febc (0xfcf76de3) bltu    a4, a5, pc - 38
core   0: 3 0x000000008000febc (0xfcf76de3)
core   0: 0x000000008000fe96 (0xfe043783) ld      a5, -32(s0)
core   0: 3 0x000000008000fe96 (0xfe043783) x15 0x000000008001209a mem 0x0000000080031f50
core   0: 0x000000008000fe9a (0x00178713) addi    a4, a5, 1
core   0: 3 0x000000008000fe9a (0x00178713) x14 0x000000008001209b
core   0: 0x000000008000fe9e (0xfee43023) sd      a4, -32(s0)
core   0: 3 0x000000008000fe9e (0xfee43023) mem 0x0000000080031f50 0x000000008001209b
core   0: 0x000000008000fea2 (0xfc442703) lw      a4, -60(s0)
core   0: 3 0x000000008000fea2 (0xfc442703) x14 0x0000000000000000 mem 0x0000000080031f34
core   0: 0x000000008000fea6 (0x0ff77713) andi    a4, a4, 255
core   0: 3 0x000000008000fea6 (0x0ff77713) x14 0x0000000000000000
core   0: 0x000000008000feaa (0x00e78023) sb      a4, 0(a5)
core   0: 3 0x000000008000feaa (0x00e78023) mem 0x000000008001209a 0x00
core   0: 0x000000008000feae (0xfc843703) ld      a4, -56(s0)
core   0: 3 0x000000008000feae (0xfc843703) x14 0x0000000080012040 mem 0x0000000080031f38
core   0: 0x000000008000feb2 (0xfb843783) ld      a5, -72(s0)
core   0: 3 0x000000008000feb2 (0xfb843783) x15 0x000000000000009c mem 0x0000000080031f28
core   0: 0x000000008000feb6 (0x000097ba) c.add   a5, a4
core   0: 3 0x000000008000feb6 (0x97ba) x15 0x00000000800120dc
core   0: 0x000000008000feb8 (0xfe043703) ld      a4, -32(s0)
core   0: 3 0x000000008000feb8 (0xfe043703) x14 0x000000008001209b mem 0x0000000080031f50
core   0: 0x000000008000febc (0xfcf76de3) bltu    a4, a5, pc - 38
core   0: 3 0x000000008000febc (0xfcf76de3)
core   0: 0x000000008000fe96 (0xfe043783) ld      a5, -32(s0)
core   0: 3 0x000000008000fe96 (0xfe043783) x15 0x000000008001209b mem 0x0000000080031f50
core   0: 0x000000008000fe9a (0x00178713) addi    a4, a5, 1
core   0: 3 0x000000008000fe9a (0x00178713) x14 0x000000008001209c
core   0: 0x000000008000fe9e (0xfee43023) sd      a4, -32(s0)
core   0: 3 0x000000008000fe9e (0xfee43023) mem 0x0000000080031f50 0x000000008001209c
core   0: 0x000000008000fea2 (0xfc442703) lw      a4, -60(s0)
core   0: 3 0x000000008000fea2 (0xfc442703) x14 0x0000000000000000 mem 0x0000000080031f34
core   0: 0x000000008000fea6 (0x0ff77713) andi    a4, a4, 255
core   0: 3 0x000000008000fea6 (0x0ff77713) x14 0x0000000000000000
core   0: 0x000000008000feaa (0x00e78023) sb      a4, 0(a5)
core   0: 3 0x000000008000feaa (0x00e78023) mem 0x000000008001209b 0x00
core   0: 0x000000008000feae (0xfc843703) ld      a4, -56(s0)
core   0: 3 0x000000008000feae (0xfc843703) x14 0x0000000080012040 mem 0x0000000080031f38
core   0: 0x000000008000feb2 (0xfb843783) ld      a5, -72(s0)
core   0: 3 0x000000008000feb2 (0xfb843783) x15 0x000000000000009c mem 0x0000000080031f28
core   0: 0x000000008000feb6 (0x000097ba) c.add   a5, a4
core   0: 3 0x000000008000feb6 (0x97ba) x15 0x00000000800120dc
core   0: 0x000000008000feb8 (0xfe043703) ld      a4, -32(s0)
core   0: 3 0x000000008000feb8 (0xfe043703) x14 0x000000008001209c mem 0x0000000080031f50
core   0: 0x000000008000febc (0xfcf76de3) bltu    a4, a5, pc - 38
core   0: 3 0x000000008000febc (0xfcf76de3)
core   0: 0x000000008000fe96 (0xfe043783) ld      a5, -32(s0)
core   0: 3 0x000000008000fe96 (0xfe043783) x15 0x000000008001209c mem 0x0000000080031f50
core   0: 0x000000008000fe9a (0x00178713) addi    a4, a5, 1
core   0: 3 0x000000008000fe9a (0x00178713) x14 0x000000008001209d
core   0: 0x000000008000fe9e (0xfee43023) sd      a4, -32(s0)
core   0: 3 0x000000008000fe9e (0xfee43023) mem 0x0000000080031f50 0x000000008001209d
core   0: 0x000000008000fea2 (0xfc442703) lw      a4, -60(s0)
core   0: 3 0x000000008000fea2 (0xfc442703) x14 0x0000000000000000 mem 0x0000000080031f34
core   0: 0x000000008000fea6 (0x0ff77713) andi    a4, a4, 255
core   0: 3 0x000000008000fea6 (0x0ff77713) x14 0x0000000000000000
core   0: 0x000000008000feaa (0x00e78023) sb      a4, 0(a5)
core   0: 3 0x000000008000feaa (0x00e78023) mem 0x000000008001209c 0x00
core   0: 0x000000008000feae (0xfc843703) ld      a4, -56(s0)
core   0: 3 0x000000008000feae (0xfc843703) x14 0x0000000080012040 mem 0x0000000080031f38
core   0: 0x000000008000feb2 (0xfb843783) ld      a5, -72(s0)
core   0: 3 0x000000008000feb2 (0xfb843783) x15 0x000000000000009c mem 0x0000000080031f28
core   0: 0x000000008000feb6 (0x000097ba) c.add   a5, a4
core   0: 3 0x000000008000feb6 (0x97ba) x15 0x00000000800120dc
core   0: 0x000000008000feb8 (0xfe043703) ld      a4, -32(s0)
core   0: 3 0x000000008000feb8 (0xfe043703) x14 0x000000008001209d mem 0x0000000080031f50
core   0: 0x000000008000febc (0xfcf76de3) bltu    a4, a5, pc - 38
core   0: 3 0x000000008000febc (0xfcf76de3)
core   0: 0x000000008000fe96 (0xfe043783) ld      a5, -32(s0)
core   0: 3 0x000000008000fe96 (0xfe043783) x15 0x000000008001209d mem 0x0000000080031f50
core   0: 0x000000008000fe9a (0x00178713) addi    a4, a5, 1
core   0: 3 0x000000008000fe9a (0x00178713) x14 0x000000008001209e
core   0: 0x000000008000fe9e (0xfee43023) sd      a4, -32(s0)
core   0: 3 0x000000008000fe9e (0xfee43023) mem 0x0000000080031f50 0x000000008001209e
core   0: 0x000000008000fea2 (0xfc442703) lw      a4, -60(s0)
core   0: 3 0x000000008000fea2 (0xfc442703) x14 0x0000000000000000 mem 0x0000000080031f34
core   0: 0x000000008000fea6 (0x0ff77713) andi    a4, a4, 255
core   0: 3 0x000000008000fea6 (0x0ff77713) x14 0x0000000000000000
core   0: 0x000000008000feaa (0x00e78023) sb      a4, 0(a5)
core   0: 3 0x000000008000feaa (0x00e78023) mem 0x000000008001209d 0x00
core   0: 0x000000008000feae (0xfc843703) ld      a4, -56(s0)
core   0: 3 0x000000008000feae (0xfc843703) x14 0x0000000080012040 mem 0x0000000080031f38
core   0: 0x000000008000feb2 (0xfb843783) ld      a5, -72(s0)
core   0: 3 0x000000008000feb2 (0xfb843783) x15 0x000000000000009c mem 0x0000000080031f28
core   0: 0x000000008000feb6 (0x000097ba) c.add   a5, a4
core   0: 3 0x000000008000feb6 (0x97ba) x15 0x00000000800120dc
core   0: 0x000000008000feb8 (0xfe043703) ld      a4, -32(s0)
core   0: 3 0x000000008000feb8 (0xfe043703) x14 0x000000008001209e mem 0x0000000080031f50
core   0: 0x000000008000febc (0xfcf76de3) bltu    a4, a5, pc - 38
core   0: 3 0x000000008000febc (0xfcf76de3)
core   0: 0x000000008000fe96 (0xfe043783) ld      a5, -32(s0)
core   0: 3 0x000000008000fe96 (0xfe043783) x15 0x000000008001209e mem 0x0000000080031f50
core   0: 0x000000008000fe9a (0x00178713) addi    a4, a5, 1
core   0: 3 0x000000008000fe9a (0x00178713) x14 0x000000008001209f
core   0: 0x000000008000fe9e (0xfee43023) sd      a4, -32(s0)
core   0: 3 0x000000008000fe9e (0xfee43023) mem 0x0000000080031f50 0x000000008001209f
core   0: 0x000000008000fea2 (0xfc442703) lw      a4, -60(s0)
core   0: 3 0x000000008000fea2 (0xfc442703) x14 0x0000000000000000 mem 0x0000000080031f34
core   0: 0x000000008000fea6 (0x0ff77713) andi    a4, a4, 255
core   0: 3 0x000000008000fea6 (0x0ff77713) x14 0x0000000000000000
core   0: 0x000000008000feaa (0x00e78023) sb      a4, 0(a5)
core   0: 3 0x000000008000feaa (0x00e78023) mem 0x000000008001209e 0x00
core   0: 0x000000008000feae (0xfc843703) ld      a4, -56(s0)
core   0: 3 0x000000008000feae (0xfc843703) x14 0x0000000080012040 mem 0x0000000080031f38
core   0: 0x000000008000feb2 (0xfb843783) ld      a5, -72(s0)
core   0: 3 0x000000008000feb2 (0xfb843783) x15 0x000000000000009c mem 0x0000000080031f28
core   0: 0x000000008000feb6 (0x000097ba) c.add   a5, a4
core   0: 3 0x000000008000feb6 (0x97ba) x15 0x00000000800120dc
core   0: 0x000000008000feb8 (0xfe043703) ld      a4, -32(s0)
core   0: 3 0x000000008000feb8 (0xfe043703) x14 0x000000008001209f mem 0x0000000080031f50
core   0: 0x000000008000febc (0xfcf76de3) bltu    a4, a5, pc - 38
core   0: 3 0x000000008000febc (0xfcf76de3)
core   0: 0x000000008000fe96 (0xfe043783) ld      a5, -32(s0)
core   0: 3 0x000000008000fe96 (0xfe043783) x15 0x000000008001209f mem 0x0000000080031f50
core   0: 0x000000008000fe9a (0x00178713) addi    a4, a5, 1
core   0: 3 0x000000008000fe9a (0x00178713) x14 0x00000000800120a0
core   0: 0x000000008000fe9e (0xfee43023) sd      a4, -32(s0)
core   0: 3 0x000000008000fe9e (0xfee43023) mem 0x0000000080031f50 0x00000000800120a0
core   0: 0x000000008000fea2 (0xfc442703) lw      a4, -60(s0)
core   0: 3 0x000000008000fea2 (0xfc442703) x14 0x0000000000000000 mem 0x0000000080031f34
core   0: 0x000000008000fea6 (0x0ff77713) andi    a4, a4, 255
core   0: 3 0x000000008000fea6 (0x0ff77713) x14 0x0000000000000000
core   0: 0x000000008000feaa (0x00e78023) sb      a4, 0(a5)
core   0: 3 0x000000008000feaa (0x00e78023) mem 0x000000008001209f 0x00
core   0: 0x000000008000feae (0xfc843703) ld      a4, -56(s0)
core   0: 3 0x000000008000feae (0xfc843703) x14 0x0000000080012040 mem 0x0000000080031f38
core   0: 0x000000008000feb2 (0xfb843783) ld      a5, -72(s0)
core   0: 3 0x000000008000feb2 (0xfb843783) x15 0x000000000000009c mem 0x0000000080031f28
core   0: 0x000000008000feb6 (0x000097ba) c.add   a5, a4
core   0: 3 0x000000008000feb6 (0x97ba) x15 0x00000000800120dc
core   0: 0x000000008000feb8 (0xfe043703) ld      a4, -32(s0)
core   0: 3 0x000000008000feb8 (0xfe043703) x14 0x00000000800120a0 mem 0x0000000080031f50
core   0: 0x000000008000febc (0xfcf76de3) bltu    a4, a5, pc - 38
core   0: 3 0x000000008000febc (0xfcf76de3)
core   0: 0x000000008000fe96 (0xfe043783) ld      a5, -32(s0)
core   0: 3 0x000000008000fe96 (0xfe043783) x15 0x00000000800120a0 mem 0x0000000080031f50
core   0: 0x000000008000fe9a (0x00178713) addi    a4, a5, 1
core   0: 3 0x000000008000fe9a (0x00178713) x14 0x00000000800120a1
core   0: 0x000000008000fe9e (0xfee43023) sd      a4, -32(s0)
core   0: 3 0x000000008000fe9e (0xfee43023) mem 0x0000000080031f50 0x00000000800120a1
core   0: 0x000000008000fea2 (0xfc442703) lw      a4, -60(s0)
core   0: 3 0x000000008000fea2 (0xfc442703) x14 0x0000000000000000 mem 0x0000000080031f34
core   0: 0x000000008000fea6 (0x0ff77713) andi    a4, a4, 255
core   0: 3 0x000000008000fea6 (0x0ff77713) x14 0x0000000000000000
core   0: 0x000000008000feaa (0x00e78023) sb      a4, 0(a5)
core   0: 3 0x000000008000feaa (0x00e78023) mem 0x00000000800120a0 0x00
core   0: 0x000000008000feae (0xfc843703) ld      a4, -56(s0)
core   0: 3 0x000000008000feae (0xfc843703) x14 0x0000000080012040 mem 0x0000000080031f38
core   0: 0x000000008000feb2 (0xfb843783) ld      a5, -72(s0)
core   0: 3 0x000000008000feb2 (0xfb843783) x15 0x000000000000009c mem 0x0000000080031f28
core   0: 0x000000008000feb6 (0x000097ba) c.add   a5, a4
core   0: 3 0x000000008000feb6 (0x97ba) x15 0x00000000800120dc
core   0: 0x000000008000feb8 (0xfe043703) ld      a4, -32(s0)
core   0: 3 0x000000008000feb8 (0xfe043703) x14 0x00000000800120a1 mem 0x0000000080031f50
core   0: 0x000000008000febc (0xfcf76de3) bltu    a4, a5, pc - 38
core   0: 3 0x000000008000febc (0xfcf76de3)
core   0: 0x000000008000fe96 (0xfe043783) ld      a5, -32(s0)
core   0: 3 0x000000008000fe96 (0xfe043783) x15 0x00000000800120a1 mem 0x0000000080031f50
core   0: 0x000000008000fe9a (0x00178713) addi    a4, a5, 1
core   0: 3 0x000000008000fe9a (0x00178713) x14 0x00000000800120a2
core   0: 0x000000008000fe9e (0xfee43023) sd      a4, -32(s0)
core   0: 3 0x000000008000fe9e (0xfee43023) mem 0x0000000080031f50 0x00000000800120a2
core   0: 0x000000008000fea2 (0xfc442703) lw      a4, -60(s0)
core   0: 3 0x000000008000fea2 (0xfc442703) x14 0x0000000000000000 mem 0x0000000080031f34
core   0: 0x000000008000fea6 (0x0ff77713) andi    a4, a4, 255
core   0: 3 0x000000008000fea6 (0x0ff77713) x14 0x0000000000000000
core   0: 0x000000008000feaa (0x00e78023) sb      a4, 0(a5)
core   0: 3 0x000000008000feaa (0x00e78023) mem 0x00000000800120a1 0x00
core   0: 0x000000008000feae (0xfc843703) ld      a4, -56(s0)
core   0: 3 0x000000008000feae (0xfc843703) x14 0x0000000080012040 mem 0x0000000080031f38
core   0: 0x000000008000feb2 (0xfb843783) ld      a5, -72(s0)
core   0: 3 0x000000008000feb2 (0xfb843783) x15 0x000000000000009c mem 0x0000000080031f28
core   0: 0x000000008000feb6 (0x000097ba) c.add   a5, a4
core   0: 3 0x000000008000feb6 (0x97ba) x15 0x00000000800120dc
core   0: 0x000000008000feb8 (0xfe043703) ld      a4, -32(s0)
core   0: 3 0x000000008000feb8 (0xfe043703) x14 0x00000000800120a2 mem 0x0000000080031f50
core   0: 0x000000008000febc (0xfcf76de3) bltu    a4, a5, pc - 38
core   0: 3 0x000000008000febc (0xfcf76de3)
core   0: 0x000000008000fe96 (0xfe043783) ld      a5, -32(s0)
core   0: 3 0x000000008000fe96 (0xfe043783) x15 0x00000000800120a2 mem 0x0000000080031f50
core   0: 0x000000008000fe9a (0x00178713) addi    a4, a5, 1
core   0: 3 0x000000008000fe9a (0x00178713) x14 0x00000000800120a3
core   0: 0x000000008000fe9e (0xfee43023) sd      a4, -32(s0)
core   0: 3 0x000000008000fe9e (0xfee43023) mem 0x0000000080031f50 0x00000000800120a3
core   0: 0x000000008000fea2 (0xfc442703) lw      a4, -60(s0)
core   0: 3 0x000000008000fea2 (0xfc442703) x14 0x0000000000000000 mem 0x0000000080031f34
core   0: 0x000000008000fea6 (0x0ff77713) andi    a4, a4, 255
core   0: 3 0x000000008000fea6 (0x0ff77713) x14 0x0000000000000000
core   0: 0x000000008000feaa (0x00e78023) sb      a4, 0(a5)
core   0: 3 0x000000008000feaa (0x00e78023) mem 0x00000000800120a2 0x00
core   0: 0x000000008000feae (0xfc843703) ld      a4, -56(s0)
core   0: 3 0x000000008000feae (0xfc843703) x14 0x0000000080012040 mem 0x0000000080031f38
core   0: 0x000000008000feb2 (0xfb843783) ld      a5, -72(s0)
core   0: 3 0x000000008000feb2 (0xfb843783) x15 0x000000000000009c mem 0x0000000080031f28
core   0: 0x000000008000feb6 (0x000097ba) c.add   a5, a4
core   0: 3 0x000000008000feb6 (0x97ba) x15 0x00000000800120dc
core   0: 0x000000008000feb8 (0xfe043703) ld      a4, -32(s0)
core   0: 3 0x000000008000feb8 (0xfe043703) x14 0x00000000800120a3 mem 0x0000000080031f50
core   0: 0x000000008000febc (0xfcf76de3) bltu    a4, a5, pc - 38
core   0: 3 0x000000008000febc (0xfcf76de3)
core   0: 0x000000008000fe96 (0xfe043783) ld      a5, -32(s0)
core   0: 3 0x000000008000fe96 (0xfe043783) x15 0x00000000800120a3 mem 0x0000000080031f50
core   0: 0x000000008000fe9a (0x00178713) addi    a4, a5, 1
core   0: 3 0x000000008000fe9a (0x00178713) x14 0x00000000800120a4
core   0: 0x000000008000fe9e (0xfee43023) sd      a4, -32(s0)
core   0: 3 0x000000008000fe9e (0xfee43023) mem 0x0000000080031f50 0x00000000800120a4
core   0: 0x000000008000fea2 (0xfc442703) lw      a4, -60(s0)
core   0: 3 0x000000008000fea2 (0xfc442703) x14 0x0000000000000000 mem 0x0000000080031f34
core   0: 0x000000008000fea6 (0x0ff77713) andi    a4, a4, 255
core   0: 3 0x000000008000fea6 (0x0ff77713) x14 0x0000000000000000
core   0: 0x000000008000feaa (0x00e78023) sb      a4, 0(a5)
core   0: 3 0x000000008000feaa (0x00e78023) mem 0x00000000800120a3 0x00
core   0: 0x000000008000feae (0xfc843703) ld      a4, -56(s0)
core   0: 3 0x000000008000feae (0xfc843703) x14 0x0000000080012040 mem 0x0000000080031f38
core   0: 0x000000008000feb2 (0xfb843783) ld      a5, -72(s0)
core   0: 3 0x000000008000feb2 (0xfb843783) x15 0x000000000000009c mem 0x0000000080031f28
core   0: 0x000000008000feb6 (0x000097ba) c.add   a5, a4
core   0: 3 0x000000008000feb6 (0x97ba) x15 0x00000000800120dc
core   0: 0x000000008000feb8 (0xfe043703) ld      a4, -32(s0)
core   0: 3 0x000000008000feb8 (0xfe043703) x14 0x00000000800120a4 mem 0x0000000080031f50
core   0: 0x000000008000febc (0xfcf76de3) bltu    a4, a5, pc - 38
core   0: 3 0x000000008000febc (0xfcf76de3)
core   0: 0x000000008000fe96 (0xfe043783) ld      a5, -32(s0)
core   0: 3 0x000000008000fe96 (0xfe043783) x15 0x00000000800120a4 mem 0x0000000080031f50
core   0: 0x000000008000fe9a (0x00178713) addi    a4, a5, 1
core   0: 3 0x000000008000fe9a (0x00178713) x14 0x00000000800120a5
core   0: 0x000000008000fe9e (0xfee43023) sd      a4, -32(s0)
core   0: 3 0x000000008000fe9e (0xfee43023) mem 0x0000000080031f50 0x00000000800120a5
core   0: 0x000000008000fea2 (0xfc442703) lw      a4, -60(s0)
core   0: 3 0x000000008000fea2 (0xfc442703) x14 0x0000000000000000 mem 0x0000000080031f34
core   0: 0x000000008000fea6 (0x0ff77713) andi    a4, a4, 255
core   0: 3 0x000000008000fea6 (0x0ff77713) x14 0x0000000000000000
core   0: 0x000000008000feaa (0x00e78023) sb      a4, 0(a5)
core   0: 3 0x000000008000feaa (0x00e78023) mem 0x00000000800120a4 0x00
core   0: 0x000000008000feae (0xfc843703) ld      a4, -56(s0)
core   0: 3 0x000000008000feae (0xfc843703) x14 0x0000000080012040 mem 0x0000000080031f38
core   0: 0x000000008000feb2 (0xfb843783) ld      a5, -72(s0)
core   0: 3 0x000000008000feb2 (0xfb843783) x15 0x000000000000009c mem 0x0000000080031f28
core   0: 0x000000008000feb6 (0x000097ba) c.add   a5, a4
core   0: 3 0x000000008000feb6 (0x97ba) x15 0x00000000800120dc
core   0: 0x000000008000feb8 (0xfe043703) ld      a4, -32(s0)
core   0: 3 0x000000008000feb8 (0xfe043703) x14 0x00000000800120a5 mem 0x0000000080031f50
core   0: 0x000000008000febc (0xfcf76de3) bltu    a4, a5, pc - 38
core   0: 3 0x000000008000febc (0xfcf76de3)
core   0: 0x000000008000fe96 (0xfe043783) ld      a5, -32(s0)
core   0: 3 0x000000008000fe96 (0xfe043783) x15 0x00000000800120a5 mem 0x0000000080031f50
core   0: 0x000000008000fe9a (0x00178713) addi    a4, a5, 1
core   0: 3 0x000000008000fe9a (0x00178713) x14 0x00000000800120a6
core   0: 0x000000008000fe9e (0xfee43023) sd      a4, -32(s0)
core   0: 3 0x000000008000fe9e (0xfee43023) mem 0x0000000080031f50 0x00000000800120a6
core   0: 0x000000008000fea2 (0xfc442703) lw      a4, -60(s0)
core   0: 3 0x000000008000fea2 (0xfc442703) x14 0x0000000000000000 mem 0x0000000080031f34
core   0: 0x000000008000fea6 (0x0ff77713) andi    a4, a4, 255
core   0: 3 0x000000008000fea6 (0x0ff77713) x14 0x0000000000000000
core   0: 0x000000008000feaa (0x00e78023) sb      a4, 0(a5)
core   0: 3 0x000000008000feaa (0x00e78023) mem 0x00000000800120a5 0x00
core   0: 0x000000008000feae (0xfc843703) ld      a4, -56(s0)
core   0: 3 0x000000008000feae (0xfc843703) x14 0x0000000080012040 mem 0x0000000080031f38
core   0: 0x000000008000feb2 (0xfb843783) ld      a5, -72(s0)
core   0: 3 0x000000008000feb2 (0xfb843783) x15 0x000000000000009c mem 0x0000000080031f28
core   0: 0x000000008000feb6 (0x000097ba) c.add   a5, a4
core   0: 3 0x000000008000feb6 (0x97ba) x15 0x00000000800120dc
core   0: 0x000000008000feb8 (0xfe043703) ld      a4, -32(s0)
core   0: 3 0x000000008000feb8 (0xfe043703) x14 0x00000000800120a6 mem 0x0000000080031f50
core   0: 0x000000008000febc (0xfcf76de3) bltu    a4, a5, pc - 38
core   0: 3 0x000000008000febc (0xfcf76de3)
core   0: 0x000000008000fe96 (0xfe043783) ld      a5, -32(s0)
core   0: 3 0x000000008000fe96 (0xfe043783) x15 0x00000000800120a6 mem 0x0000000080031f50
core   0: 0x000000008000fe9a (0x00178713) addi    a4, a5, 1
core   0: 3 0x000000008000fe9a (0x00178713) x14 0x00000000800120a7
core   0: 0x000000008000fe9e (0xfee43023) sd      a4, -32(s0)
core   0: 3 0x000000008000fe9e (0xfee43023) mem 0x0000000080031f50 0x00000000800120a7
core   0: 0x000000008000fea2 (0xfc442703) lw      a4, -60(s0)
core   0: 3 0x000000008000fea2 (0xfc442703) x14 0x0000000000000000 mem 0x0000000080031f34
core   0: 0x000000008000fea6 (0x0ff77713) andi    a4, a4, 255
core   0: 3 0x000000008000fea6 (0x0ff77713) x14 0x0000000000000000
core   0: 0x000000008000feaa (0x00e78023) sb      a4, 0(a5)
core   0: 3 0x000000008000feaa (0x00e78023) mem 0x00000000800120a6 0x00
core   0: 0x000000008000feae (0xfc843703) ld      a4, -56(s0)
core   0: 3 0x000000008000feae (0xfc843703) x14 0x0000000080012040 mem 0x0000000080031f38
core   0: 0x000000008000feb2 (0xfb843783) ld      a5, -72(s0)
core   0: 3 0x000000008000feb2 (0xfb843783) x15 0x000000000000009c mem 0x0000000080031f28
core   0: 0x000000008000feb6 (0x000097ba) c.add   a5, a4
core   0: 3 0x000000008000feb6 (0x97ba) x15 0x00000000800120dc
core   0: 0x000000008000feb8 (0xfe043703) ld      a4, -32(s0)
core   0: 3 0x000000008000feb8 (0xfe043703) x14 0x00000000800120a7 mem 0x0000000080031f50
core   0: 0x000000008000febc (0xfcf76de3) bltu    a4, a5, pc - 38
core   0: 3 0x000000008000febc (0xfcf76de3)
core   0: 0x000000008000fe96 (0xfe043783) ld      a5, -32(s0)
core   0: 3 0x000000008000fe96 (0xfe043783) x15 0x00000000800120a7 mem 0x0000000080031f50
core   0: 0x000000008000fe9a (0x00178713) addi    a4, a5, 1
core   0: 3 0x000000008000fe9a (0x00178713) x14 0x00000000800120a8
core   0: 0x000000008000fe9e (0xfee43023) sd      a4, -32(s0)
core   0: 3 0x000000008000fe9e (0xfee43023) mem 0x0000000080031f50 0x00000000800120a8
core   0: 0x000000008000fea2 (0xfc442703) lw      a4, -60(s0)
core   0: 3 0x000000008000fea2 (0xfc442703) x14 0x0000000000000000 mem 0x0000000080031f34
core   0: 0x000000008000fea6 (0x0ff77713) andi    a4, a4, 255
core   0: 3 0x000000008000fea6 (0x0ff77713) x14 0x0000000000000000
core   0: 0x000000008000feaa (0x00e78023) sb      a4, 0(a5)
core   0: 3 0x000000008000feaa (0x00e78023) mem 0x00000000800120a7 0x00
core   0: 0x000000008000feae (0xfc843703) ld      a4, -56(s0)
core   0: 3 0x000000008000feae (0xfc843703) x14 0x0000000080012040 mem 0x0000000080031f38
core   0: 0x000000008000feb2 (0xfb843783) ld      a5, -72(s0)
core   0: 3 0x000000008000feb2 (0xfb843783) x15 0x000000000000009c mem 0x0000000080031f28
core   0: 0x000000008000feb6 (0x000097ba) c.add   a5, a4
core   0: 3 0x000000008000feb6 (0x97ba) x15 0x00000000800120dc
core   0: 0x000000008000feb8 (0xfe043703) ld      a4, -32(s0)
core   0: 3 0x000000008000feb8 (0xfe043703) x14 0x00000000800120a8 mem 0x0000000080031f50
core   0: 0x000000008000febc (0xfcf76de3) bltu    a4, a5, pc - 38
core   0: 3 0x000000008000febc (0xfcf76de3)
core   0: 0x000000008000fe96 (0xfe043783) ld      a5, -32(s0)
core   0: 3 0x000000008000fe96 (0xfe043783) x15 0x00000000800120a8 mem 0x0000000080031f50
core   0: 0x000000008000fe9a (0x00178713) addi    a4, a5, 1
core   0: 3 0x000000008000fe9a (0x00178713) x14 0x00000000800120a9
core   0: 0x000000008000fe9e (0xfee43023) sd      a4, -32(s0)
core   0: 3 0x000000008000fe9e (0xfee43023) mem 0x0000000080031f50 0x00000000800120a9
core   0: 0x000000008000fea2 (0xfc442703) lw      a4, -60(s0)
core   0: 3 0x000000008000fea2 (0xfc442703) x14 0x0000000000000000 mem 0x0000000080031f34
core   0: 0x000000008000fea6 (0x0ff77713) andi    a4, a4, 255
core   0: 3 0x000000008000fea6 (0x0ff77713) x14 0x0000000000000000
core   0: 0x000000008000feaa (0x00e78023) sb      a4, 0(a5)
core   0: 3 0x000000008000feaa (0x00e78023) mem 0x00000000800120a8 0x00
core   0: 0x000000008000feae (0xfc843703) ld      a4, -56(s0)
core   0: 3 0x000000008000feae (0xfc843703) x14 0x0000000080012040 mem 0x0000000080031f38
core   0: 0x000000008000feb2 (0xfb843783) ld      a5, -72(s0)
core   0: 3 0x000000008000feb2 (0xfb843783) x15 0x000000000000009c mem 0x0000000080031f28
core   0: 0x000000008000feb6 (0x000097ba) c.add   a5, a4
core   0: 3 0x000000008000feb6 (0x97ba) x15 0x00000000800120dc
core   0: 0x000000008000feb8 (0xfe043703) ld      a4, -32(s0)
core   0: 3 0x000000008000feb8 (0xfe043703) x14 0x00000000800120a9 mem 0x0000000080031f50
core   0: 0x000000008000febc (0xfcf76de3) bltu    a4, a5, pc - 38
core   0: 3 0x000000008000febc (0xfcf76de3)
core   0: 0x000000008000fe96 (0xfe043783) ld      a5, -32(s0)
core   0: 3 0x000000008000fe96 (0xfe043783) x15 0x00000000800120a9 mem 0x0000000080031f50
core   0: 0x000000008000fe9a (0x00178713) addi    a4, a5, 1
core   0: 3 0x000000008000fe9a (0x00178713) x14 0x00000000800120aa
core   0: 0x000000008000fe9e (0xfee43023) sd      a4, -32(s0)
core   0: 3 0x000000008000fe9e (0xfee43023) mem 0x0000000080031f50 0x00000000800120aa
core   0: 0x000000008000fea2 (0xfc442703) lw      a4, -60(s0)
core   0: 3 0x000000008000fea2 (0xfc442703) x14 0x0000000000000000 mem 0x0000000080031f34
core   0: 0x000000008000fea6 (0x0ff77713) andi    a4, a4, 255
core   0: 3 0x000000008000fea6 (0x0ff77713) x14 0x0000000000000000
core   0: 0x000000008000feaa (0x00e78023) sb      a4, 0(a5)
core   0: 3 0x000000008000feaa (0x00e78023) mem 0x00000000800120a9 0x00
core   0: 0x000000008000feae (0xfc843703) ld      a4, -56(s0)
core   0: 3 0x000000008000feae (0xfc843703) x14 0x0000000080012040 mem 0x0000000080031f38
core   0: 0x000000008000feb2 (0xfb843783) ld      a5, -72(s0)
core   0: 3 0x000000008000feb2 (0xfb843783) x15 0x000000000000009c mem 0x0000000080031f28
core   0: 0x000000008000feb6 (0x000097ba) c.add   a5, a4
core   0: 3 0x000000008000feb6 (0x97ba) x15 0x00000000800120dc
core   0: 0x000000008000feb8 (0xfe043703) ld      a4, -32(s0)
core   0: 3 0x000000008000feb8 (0xfe043703) x14 0x00000000800120aa mem 0x0000000080031f50
core   0: 0x000000008000febc (0xfcf76de3) bltu    a4, a5, pc - 38
core   0: 3 0x000000008000febc (0xfcf76de3)
core   0: 0x000000008000fe96 (0xfe043783) ld      a5, -32(s0)
core   0: 3 0x000000008000fe96 (0xfe043783) x15 0x00000000800120aa mem 0x0000000080031f50
core   0: 0x000000008000fe9a (0x00178713) addi    a4, a5, 1
core   0: 3 0x000000008000fe9a (0x00178713) x14 0x00000000800120ab
core   0: 0x000000008000fe9e (0xfee43023) sd      a4, -32(s0)
core   0: 3 0x000000008000fe9e (0xfee43023) mem 0x0000000080031f50 0x00000000800120ab
core   0: 0x000000008000fea2 (0xfc442703) lw      a4, -60(s0)
core   0: 3 0x000000008000fea2 (0xfc442703) x14 0x0000000000000000 mem 0x0000000080031f34
core   0: 0x000000008000fea6 (0x0ff77713) andi    a4, a4, 255
core   0: 3 0x000000008000fea6 (0x0ff77713) x14 0x0000000000000000
core   0: 0x000000008000feaa (0x00e78023) sb      a4, 0(a5)
core   0: 3 0x000000008000feaa (0x00e78023) mem 0x00000000800120aa 0x00
core   0: 0x000000008000feae (0xfc843703) ld      a4, -56(s0)
core   0: 3 0x000000008000feae (0xfc843703) x14 0x0000000080012040 mem 0x0000000080031f38
core   0: 0x000000008000feb2 (0xfb843783) ld      a5, -72(s0)
core   0: 3 0x000000008000feb2 (0xfb843783) x15 0x000000000000009c mem 0x0000000080031f28
core   0: 0x000000008000feb6 (0x000097ba) c.add   a5, a4
core   0: 3 0x000000008000feb6 (0x97ba) x15 0x00000000800120dc
core   0: 0x000000008000feb8 (0xfe043703) ld      a4, -32(s0)
core   0: 3 0x000000008000feb8 (0xfe043703) x14 0x00000000800120ab mem 0x0000000080031f50
core   0: 0x000000008000febc (0xfcf76de3) bltu    a4, a5, pc - 38
core   0: 3 0x000000008000febc (0xfcf76de3)
core   0: 0x000000008000fe96 (0xfe043783) ld      a5, -32(s0)
core   0: 3 0x000000008000fe96 (0xfe043783) x15 0x00000000800120ab mem 0x0000000080031f50
core   0: 0x000000008000fe9a (0x00178713) addi    a4, a5, 1
core   0: 3 0x000000008000fe9a (0x00178713) x14 0x00000000800120ac
core   0: 0x000000008000fe9e (0xfee43023) sd      a4, -32(s0)
core   0: 3 0x000000008000fe9e (0xfee43023) mem 0x0000000080031f50 0x00000000800120ac
core   0: 0x000000008000fea2 (0xfc442703) lw      a4, -60(s0)
core   0: 3 0x000000008000fea2 (0xfc442703) x14 0x0000000000000000 mem 0x0000000080031f34
core   0: 0x000000008000fea6 (0x0ff77713) andi    a4, a4, 255
core   0: 3 0x000000008000fea6 (0x0ff77713) x14 0x0000000000000000
core   0: 0x000000008000feaa (0x00e78023) sb      a4, 0(a5)
core   0: 3 0x000000008000feaa (0x00e78023) mem 0x00000000800120ab 0x00
core   0: 0x000000008000feae (0xfc843703) ld      a4, -56(s0)
core   0: 3 0x000000008000feae (0xfc843703) x14 0x0000000080012040 mem 0x0000000080031f38
core   0: 0x000000008000feb2 (0xfb843783) ld      a5, -72(s0)
core   0: 3 0x000000008000feb2 (0xfb843783) x15 0x000000000000009c mem 0x0000000080031f28
core   0: 0x000000008000feb6 (0x000097ba) c.add   a5, a4
core   0: 3 0x000000008000feb6 (0x97ba) x15 0x00000000800120dc
core   0: 0x000000008000feb8 (0xfe043703) ld      a4, -32(s0)
core   0: 3 0x000000008000feb8 (0xfe043703) x14 0x00000000800120ac mem 0x0000000080031f50
core   0: 0x000000008000febc (0xfcf76de3) bltu    a4, a5, pc - 38
core   0: 3 0x000000008000febc (0xfcf76de3)
core   0: 0x000000008000fe96 (0xfe043783) ld      a5, -32(s0)
core   0: 3 0x000000008000fe96 (0xfe043783) x15 0x00000000800120ac mem 0x0000000080031f50
core   0: 0x000000008000fe9a (0x00178713) addi    a4, a5, 1
core   0: 3 0x000000008000fe9a (0x00178713) x14 0x00000000800120ad
core   0: 0x000000008000fe9e (0xfee43023) sd      a4, -32(s0)
core   0: 3 0x000000008000fe9e (0xfee43023) mem 0x0000000080031f50 0x00000000800120ad
core   0: 0x000000008000fea2 (0xfc442703) lw      a4, -60(s0)
core   0: 3 0x000000008000fea2 (0xfc442703) x14 0x0000000000000000 mem 0x0000000080031f34
core   0: 0x000000008000fea6 (0x0ff77713) andi    a4, a4, 255
core   0: 3 0x000000008000fea6 (0x0ff77713) x14 0x0000000000000000
core   0: 0x000000008000feaa (0x00e78023) sb      a4, 0(a5)
core   0: 3 0x000000008000feaa (0x00e78023) mem 0x00000000800120ac 0x00
core   0: 0x000000008000feae (0xfc843703) ld      a4, -56(s0)
core   0: 3 0x000000008000feae (0xfc843703) x14 0x0000000080012040 mem 0x0000000080031f38
core   0: 0x000000008000feb2 (0xfb843783) ld      a5, -72(s0)
core   0: 3 0x000000008000feb2 (0xfb843783) x15 0x000000000000009c mem 0x0000000080031f28
core   0: 0x000000008000feb6 (0x000097ba) c.add   a5, a4
core   0: 3 0x000000008000feb6 (0x97ba) x15 0x00000000800120dc
core   0: 0x000000008000feb8 (0xfe043703) ld      a4, -32(s0)
core   0: 3 0x000000008000feb8 (0xfe043703) x14 0x00000000800120ad mem 0x0000000080031f50
core   0: 0x000000008000febc (0xfcf76de3) bltu    a4, a5, pc - 38
core   0: 3 0x000000008000febc (0xfcf76de3)
core   0: 0x000000008000fe96 (0xfe043783) ld      a5, -32(s0)
core   0: 3 0x000000008000fe96 (0xfe043783) x15 0x00000000800120ad mem 0x0000000080031f50
core   0: 0x000000008000fe9a (0x00178713) addi    a4, a5, 1
core   0: 3 0x000000008000fe9a (0x00178713) x14 0x00000000800120ae
core   0: 0x000000008000fe9e (0xfee43023) sd      a4, -32(s0)
core   0: 3 0x000000008000fe9e (0xfee43023) mem 0x0000000080031f50 0x00000000800120ae
core   0: 0x000000008000fea2 (0xfc442703) lw      a4, -60(s0)
core   0: 3 0x000000008000fea2 (0xfc442703) x14 0x0000000000000000 mem 0x0000000080031f34
core   0: 0x000000008000fea6 (0x0ff77713) andi    a4, a4, 255
core   0: 3 0x000000008000fea6 (0x0ff77713) x14 0x0000000000000000
core   0: 0x000000008000feaa (0x00e78023) sb      a4, 0(a5)
core   0: 3 0x000000008000feaa (0x00e78023) mem 0x00000000800120ad 0x00
core   0: 0x000000008000feae (0xfc843703) ld      a4, -56(s0)
core   0: 3 0x000000008000feae (0xfc843703) x14 0x0000000080012040 mem 0x0000000080031f38
core   0: 0x000000008000feb2 (0xfb843783) ld      a5, -72(s0)
core   0: 3 0x000000008000feb2 (0xfb843783) x15 0x000000000000009c mem 0x0000000080031f28
core   0: 0x000000008000feb6 (0x000097ba) c.add   a5, a4
core   0: 3 0x000000008000feb6 (0x97ba) x15 0x00000000800120dc
core   0: 0x000000008000feb8 (0xfe043703) ld      a4, -32(s0)
core   0: 3 0x000000008000feb8 (0xfe043703) x14 0x00000000800120ae mem 0x0000000080031f50
core   0: 0x000000008000febc (0xfcf76de3) bltu    a4, a5, pc - 38
core   0: 3 0x000000008000febc (0xfcf76de3)
core   0: 0x000000008000fe96 (0xfe043783) ld      a5, -32(s0)
core   0: 3 0x000000008000fe96 (0xfe043783) x15 0x00000000800120ae mem 0x0000000080031f50
core   0: 0x000000008000fe9a (0x00178713) addi    a4, a5, 1
core   0: 3 0x000000008000fe9a (0x00178713) x14 0x00000000800120af
core   0: 0x000000008000fe9e (0xfee43023) sd      a4, -32(s0)
core   0: 3 0x000000008000fe9e (0xfee43023) mem 0x0000000080031f50 0x00000000800120af
core   0: 0x000000008000fea2 (0xfc442703) lw      a4, -60(s0)
core   0: 3 0x000000008000fea2 (0xfc442703) x14 0x0000000000000000 mem 0x0000000080031f34
core   0: 0x000000008000fea6 (0x0ff77713) andi    a4, a4, 255
core   0: 3 0x000000008000fea6 (0x0ff77713) x14 0x0000000000000000
core   0: 0x000000008000feaa (0x00e78023) sb      a4, 0(a5)
core   0: 3 0x000000008000feaa (0x00e78023) mem 0x00000000800120ae 0x00
core   0: 0x000000008000feae (0xfc843703) ld      a4, -56(s0)
core   0: 3 0x000000008000feae (0xfc843703) x14 0x0000000080012040 mem 0x0000000080031f38
core   0: 0x000000008000feb2 (0xfb843783) ld      a5, -72(s0)
core   0: 3 0x000000008000feb2 (0xfb843783) x15 0x000000000000009c mem 0x0000000080031f28
core   0: 0x000000008000feb6 (0x000097ba) c.add   a5, a4
core   0: 3 0x000000008000feb6 (0x97ba) x15 0x00000000800120dc
core   0: 0x000000008000feb8 (0xfe043703) ld      a4, -32(s0)
core   0: 3 0x000000008000feb8 (0xfe043703) x14 0x00000000800120af mem 0x0000000080031f50
core   0: 0x000000008000febc (0xfcf76de3) bltu    a4, a5, pc - 38
core   0: 3 0x000000008000febc (0xfcf76de3)
core   0: 0x000000008000fe96 (0xfe043783) ld      a5, -32(s0)
core   0: 3 0x000000008000fe96 (0xfe043783) x15 0x00000000800120af mem 0x0000000080031f50
core   0: 0x000000008000fe9a (0x00178713) addi    a4, a5, 1
core   0: 3 0x000000008000fe9a (0x00178713) x14 0x00000000800120b0
core   0: 0x000000008000fe9e (0xfee43023) sd      a4, -32(s0)
core   0: 3 0x000000008000fe9e (0xfee43023) mem 0x0000000080031f50 0x00000000800120b0
core   0: 0x000000008000fea2 (0xfc442703) lw      a4, -60(s0)
core   0: 3 0x000000008000fea2 (0xfc442703) x14 0x0000000000000000 mem 0x0000000080031f34
core   0: 0x000000008000fea6 (0x0ff77713) andi    a4, a4, 255
core   0: 3 0x000000008000fea6 (0x0ff77713) x14 0x0000000000000000
core   0: 0x000000008000feaa (0x00e78023) sb      a4, 0(a5)
core   0: 3 0x000000008000feaa (0x00e78023) mem 0x00000000800120af 0x00
core   0: 0x000000008000feae (0xfc843703) ld      a4, -56(s0)
core   0: 3 0x000000008000feae (0xfc843703) x14 0x0000000080012040 mem 0x0000000080031f38
core   0: 0x000000008000feb2 (0xfb843783) ld      a5, -72(s0)
core   0: 3 0x000000008000feb2 (0xfb843783) x15 0x000000000000009c mem 0x0000000080031f28
core   0: 0x000000008000feb6 (0x000097ba) c.add   a5, a4
core   0: 3 0x000000008000feb6 (0x97ba) x15 0x00000000800120dc
core   0: 0x000000008000feb8 (0xfe043703) ld      a4, -32(s0)
core   0: 3 0x000000008000feb8 (0xfe043703) x14 0x00000000800120b0 mem 0x0000000080031f50
core   0: 0x000000008000febc (0xfcf76de3) bltu    a4, a5, pc - 38
core   0: 3 0x000000008000febc (0xfcf76de3)
core   0: 0x000000008000fe96 (0xfe043783) ld      a5, -32(s0)
core   0: 3 0x000000008000fe96 (0xfe043783) x15 0x00000000800120b0 mem 0x0000000080031f50
core   0: 0x000000008000fe9a (0x00178713) addi    a4, a5, 1
core   0: 3 0x000000008000fe9a (0x00178713) x14 0x00000000800120b1
core   0: 0x000000008000fe9e (0xfee43023) sd      a4, -32(s0)
core   0: 3 0x000000008000fe9e (0xfee43023) mem 0x0000000080031f50 0x00000000800120b1
core   0: 0x000000008000fea2 (0xfc442703) lw      a4, -60(s0)
core   0: 3 0x000000008000fea2 (0xfc442703) x14 0x0000000000000000 mem 0x0000000080031f34
core   0: 0x000000008000fea6 (0x0ff77713) andi    a4, a4, 255
core   0: 3 0x000000008000fea6 (0x0ff77713) x14 0x0000000000000000
core   0: 0x000000008000feaa (0x00e78023) sb      a4, 0(a5)
core   0: 3 0x000000008000feaa (0x00e78023) mem 0x00000000800120b0 0x00
core   0: 0x000000008000feae (0xfc843703) ld      a4, -56(s0)
core   0: 3 0x000000008000feae (0xfc843703) x14 0x0000000080012040 mem 0x0000000080031f38
core   0: 0x000000008000feb2 (0xfb843783) ld      a5, -72(s0)
core   0: 3 0x000000008000feb2 (0xfb843783) x15 0x000000000000009c mem 0x0000000080031f28
core   0: 0x000000008000feb6 (0x000097ba) c.add   a5, a4
core   0: 3 0x000000008000feb6 (0x97ba) x15 0x00000000800120dc
core   0: 0x000000008000feb8 (0xfe043703) ld      a4, -32(s0)
core   0: 3 0x000000008000feb8 (0xfe043703) x14 0x00000000800120b1 mem 0x0000000080031f50
core   0: 0x000000008000febc (0xfcf76de3) bltu    a4, a5, pc - 38
core   0: 3 0x000000008000febc (0xfcf76de3)
core   0: 0x000000008000fe96 (0xfe043783) ld      a5, -32(s0)
core   0: 3 0x000000008000fe96 (0xfe043783) x15 0x00000000800120b1 mem 0x0000000080031f50
core   0: 0x000000008000fe9a (0x00178713) addi    a4, a5, 1
core   0: 3 0x000000008000fe9a (0x00178713) x14 0x00000000800120b2
core   0: 0x000000008000fe9e (0xfee43023) sd      a4, -32(s0)
core   0: 3 0x000000008000fe9e (0xfee43023) mem 0x0000000080031f50 0x00000000800120b2
core   0: 0x000000008000fea2 (0xfc442703) lw      a4, -60(s0)
core   0: 3 0x000000008000fea2 (0xfc442703) x14 0x0000000000000000 mem 0x0000000080031f34
core   0: 0x000000008000fea6 (0x0ff77713) andi    a4, a4, 255
core   0: 3 0x000000008000fea6 (0x0ff77713) x14 0x0000000000000000
core   0: 0x000000008000feaa (0x00e78023) sb      a4, 0(a5)
core   0: 3 0x000000008000feaa (0x00e78023) mem 0x00000000800120b1 0x00
core   0: 0x000000008000feae (0xfc843703) ld      a4, -56(s0)
core   0: 3 0x000000008000feae (0xfc843703) x14 0x0000000080012040 mem 0x0000000080031f38
core   0: 0x000000008000feb2 (0xfb843783) ld      a5, -72(s0)
core   0: 3 0x000000008000feb2 (0xfb843783) x15 0x000000000000009c mem 0x0000000080031f28
core   0: 0x000000008000feb6 (0x000097ba) c.add   a5, a4
core   0: 3 0x000000008000feb6 (0x97ba) x15 0x00000000800120dc
core   0: 0x000000008000feb8 (0xfe043703) ld      a4, -32(s0)
core   0: 3 0x000000008000feb8 (0xfe043703) x14 0x00000000800120b2 mem 0x0000000080031f50
core   0: 0x000000008000febc (0xfcf76de3) bltu    a4, a5, pc - 38
core   0: 3 0x000000008000febc (0xfcf76de3)
core   0: 0x000000008000fe96 (0xfe043783) ld      a5, -32(s0)
core   0: 3 0x000000008000fe96 (0xfe043783) x15 0x00000000800120b2 mem 0x0000000080031f50
core   0: 0x000000008000fe9a (0x00178713) addi    a4, a5, 1
core   0: 3 0x000000008000fe9a (0x00178713) x14 0x00000000800120b3
core   0: 0x000000008000fe9e (0xfee43023) sd      a4, -32(s0)
core   0: 3 0x000000008000fe9e (0xfee43023) mem 0x0000000080031f50 0x00000000800120b3
core   0: 0x000000008000fea2 (0xfc442703) lw      a4, -60(s0)
core   0: 3 0x000000008000fea2 (0xfc442703) x14 0x0000000000000000 mem 0x0000000080031f34
core   0: 0x000000008000fea6 (0x0ff77713) andi    a4, a4, 255
core   0: 3 0x000000008000fea6 (0x0ff77713) x14 0x0000000000000000
core   0: 0x000000008000feaa (0x00e78023) sb      a4, 0(a5)
core   0: 3 0x000000008000feaa (0x00e78023) mem 0x00000000800120b2 0x00
core   0: 0x000000008000feae (0xfc843703) ld      a4, -56(s0)
core   0: 3 0x000000008000feae (0xfc843703) x14 0x0000000080012040 mem 0x0000000080031f38
core   0: 0x000000008000feb2 (0xfb843783) ld      a5, -72(s0)
core   0: 3 0x000000008000feb2 (0xfb843783) x15 0x000000000000009c mem 0x0000000080031f28
core   0: 0x000000008000feb6 (0x000097ba) c.add   a5, a4
core   0: 3 0x000000008000feb6 (0x97ba) x15 0x00000000800120dc
core   0: 0x000000008000feb8 (0xfe043703) ld      a4, -32(s0)
core   0: 3 0x000000008000feb8 (0xfe043703) x14 0x00000000800120b3 mem 0x0000000080031f50
core   0: 0x000000008000febc (0xfcf76de3) bltu    a4, a5, pc - 38
core   0: 3 0x000000008000febc (0xfcf76de3)
core   0: 0x000000008000fe96 (0xfe043783) ld      a5, -32(s0)
core   0: 3 0x000000008000fe96 (0xfe043783) x15 0x00000000800120b3 mem 0x0000000080031f50
core   0: 0x000000008000fe9a (0x00178713) addi    a4, a5, 1
core   0: 3 0x000000008000fe9a (0x00178713) x14 0x00000000800120b4
core   0: 0x000000008000fe9e (0xfee43023) sd      a4, -32(s0)
core   0: 3 0x000000008000fe9e (0xfee43023) mem 0x0000000080031f50 0x00000000800120b4
core   0: 0x000000008000fea2 (0xfc442703) lw      a4, -60(s0)
core   0: 3 0x000000008000fea2 (0xfc442703) x14 0x0000000000000000 mem 0x0000000080031f34
core   0: 0x000000008000fea6 (0x0ff77713) andi    a4, a4, 255
core   0: 3 0x000000008000fea6 (0x0ff77713) x14 0x0000000000000000
core   0: 0x000000008000feaa (0x00e78023) sb      a4, 0(a5)
core   0: 3 0x000000008000feaa (0x00e78023) mem 0x00000000800120b3 0x00
core   0: 0x000000008000feae (0xfc843703) ld      a4, -56(s0)
core   0: 3 0x000000008000feae (0xfc843703) x14 0x0000000080012040 mem 0x0000000080031f38
core   0: 0x000000008000feb2 (0xfb843783) ld      a5, -72(s0)
core   0: 3 0x000000008000feb2 (0xfb843783) x15 0x000000000000009c mem 0x0000000080031f28
core   0: 0x000000008000feb6 (0x000097ba) c.add   a5, a4
core   0: 3 0x000000008000feb6 (0x97ba) x15 0x00000000800120dc
core   0: 0x000000008000feb8 (0xfe043703) ld      a4, -32(s0)
core   0: 3 0x000000008000feb8 (0xfe043703) x14 0x00000000800120b4 mem 0x0000000080031f50
core   0: 0x000000008000febc (0xfcf76de3) bltu    a4, a5, pc - 38
core   0: 3 0x000000008000febc (0xfcf76de3)
core   0: 0x000000008000fe96 (0xfe043783) ld      a5, -32(s0)
core   0: 3 0x000000008000fe96 (0xfe043783) x15 0x00000000800120b4 mem 0x0000000080031f50
core   0: 0x000000008000fe9a (0x00178713) addi    a4, a5, 1
core   0: 3 0x000000008000fe9a (0x00178713) x14 0x00000000800120b5
core   0: 0x000000008000fe9e (0xfee43023) sd      a4, -32(s0)
core   0: 3 0x000000008000fe9e (0xfee43023) mem 0x0000000080031f50 0x00000000800120b5
core   0: 0x000000008000fea2 (0xfc442703) lw      a4, -60(s0)
core   0: 3 0x000000008000fea2 (0xfc442703) x14 0x0000000000000000 mem 0x0000000080031f34
core   0: 0x000000008000fea6 (0x0ff77713) andi    a4, a4, 255
core   0: 3 0x000000008000fea6 (0x0ff77713) x14 0x0000000000000000
core   0: 0x000000008000feaa (0x00e78023) sb      a4, 0(a5)
core   0: 3 0x000000008000feaa (0x00e78023) mem 0x00000000800120b4 0x00
core   0: 0x000000008000feae (0xfc843703) ld      a4, -56(s0)
core   0: 3 0x000000008000feae (0xfc843703) x14 0x0000000080012040 mem 0x0000000080031f38
core   0: 0x000000008000feb2 (0xfb843783) ld      a5, -72(s0)
core   0: 3 0x000000008000feb2 (0xfb843783) x15 0x000000000000009c mem 0x0000000080031f28
core   0: 0x000000008000feb6 (0x000097ba) c.add   a5, a4
core   0: 3 0x000000008000feb6 (0x97ba) x15 0x00000000800120dc
core   0: 0x000000008000feb8 (0xfe043703) ld      a4, -32(s0)
core   0: 3 0x000000008000feb8 (0xfe043703) x14 0x00000000800120b5 mem 0x0000000080031f50
core   0: 0x000000008000febc (0xfcf76de3) bltu    a4, a5, pc - 38
core   0: 3 0x000000008000febc (0xfcf76de3)
core   0: 0x000000008000fe96 (0xfe043783) ld      a5, -32(s0)
core   0: 3 0x000000008000fe96 (0xfe043783) x15 0x00000000800120b5 mem 0x0000000080031f50
core   0: 0x000000008000fe9a (0x00178713) addi    a4, a5, 1
core   0: 3 0x000000008000fe9a (0x00178713) x14 0x00000000800120b6
core   0: 0x000000008000fe9e (0xfee43023) sd      a4, -32(s0)
core   0: 3 0x000000008000fe9e (0xfee43023) mem 0x0000000080031f50 0x00000000800120b6
core   0: 0x000000008000fea2 (0xfc442703) lw      a4, -60(s0)
core   0: 3 0x000000008000fea2 (0xfc442703) x14 0x0000000000000000 mem 0x0000000080031f34
core   0: 0x000000008000fea6 (0x0ff77713) andi    a4, a4, 255
core   0: 3 0x000000008000fea6 (0x0ff77713) x14 0x0000000000000000
core   0: 0x000000008000feaa (0x00e78023) sb      a4, 0(a5)
core   0: 3 0x000000008000feaa (0x00e78023) mem 0x00000000800120b5 0x00
core   0: 0x000000008000feae (0xfc843703) ld      a4, -56(s0)
core   0: 3 0x000000008000feae (0xfc843703) x14 0x0000000080012040 mem 0x0000000080031f38
core   0: 0x000000008000feb2 (0xfb843783) ld      a5, -72(s0)
core   0: 3 0x000000008000feb2 (0xfb843783) x15 0x000000000000009c mem 0x0000000080031f28
core   0: 0x000000008000feb6 (0x000097ba) c.add   a5, a4
core   0: 3 0x000000008000feb6 (0x97ba) x15 0x00000000800120dc
core   0: 0x000000008000feb8 (0xfe043703) ld      a4, -32(s0)
core   0: 3 0x000000008000feb8 (0xfe043703) x14 0x00000000800120b6 mem 0x0000000080031f50
core   0: 0x000000008000febc (0xfcf76de3) bltu    a4, a5, pc - 38
core   0: 3 0x000000008000febc (0xfcf76de3)
core   0: 0x000000008000fe96 (0xfe043783) ld      a5, -32(s0)
core   0: 3 0x000000008000fe96 (0xfe043783) x15 0x00000000800120b6 mem 0x0000000080031f50
core   0: 0x000000008000fe9a (0x00178713) addi    a4, a5, 1
core   0: 3 0x000000008000fe9a (0x00178713) x14 0x00000000800120b7
core   0: 0x000000008000fe9e (0xfee43023) sd      a4, -32(s0)
core   0: 3 0x000000008000fe9e (0xfee43023) mem 0x0000000080031f50 0x00000000800120b7
core   0: 0x000000008000fea2 (0xfc442703) lw      a4, -60(s0)
core   0: 3 0x000000008000fea2 (0xfc442703) x14 0x0000000000000000 mem 0x0000000080031f34
core   0: 0x000000008000fea6 (0x0ff77713) andi    a4, a4, 255
core   0: 3 0x000000008000fea6 (0x0ff77713) x14 0x0000000000000000
core   0: 0x000000008000feaa (0x00e78023) sb      a4, 0(a5)
core   0: 3 0x000000008000feaa (0x00e78023) mem 0x00000000800120b6 0x00
core   0: 0x000000008000feae (0xfc843703) ld      a4, -56(s0)
core   0: 3 0x000000008000feae (0xfc843703) x14 0x0000000080012040 mem 0x0000000080031f38
core   0: 0x000000008000feb2 (0xfb843783) ld      a5, -72(s0)
core   0: 3 0x000000008000feb2 (0xfb843783) x15 0x000000000000009c mem 0x0000000080031f28
core   0: 0x000000008000feb6 (0x000097ba) c.add   a5, a4
core   0: 3 0x000000008000feb6 (0x97ba) x15 0x00000000800120dc
core   0: 0x000000008000feb8 (0xfe043703) ld      a4, -32(s0)
core   0: 3 0x000000008000feb8 (0xfe043703) x14 0x00000000800120b7 mem 0x0000000080031f50
core   0: 0x000000008000febc (0xfcf76de3) bltu    a4, a5, pc - 38
core   0: 3 0x000000008000febc (0xfcf76de3)
core   0: 0x000000008000fe96 (0xfe043783) ld      a5, -32(s0)
core   0: 3 0x000000008000fe96 (0xfe043783) x15 0x00000000800120b7 mem 0x0000000080031f50
core   0: 0x000000008000fe9a (0x00178713) addi    a4, a5, 1
core   0: 3 0x000000008000fe9a (0x00178713) x14 0x00000000800120b8
core   0: 0x000000008000fe9e (0xfee43023) sd      a4, -32(s0)
core   0: 3 0x000000008000fe9e (0xfee43023) mem 0x0000000080031f50 0x00000000800120b8
core   0: 0x000000008000fea2 (0xfc442703) lw      a4, -60(s0)
core   0: 3 0x000000008000fea2 (0xfc442703) x14 0x0000000000000000 mem 0x0000000080031f34
core   0: 0x000000008000fea6 (0x0ff77713) andi    a4, a4, 255
core   0: 3 0x000000008000fea6 (0x0ff77713) x14 0x0000000000000000
core   0: 0x000000008000feaa (0x00e78023) sb      a4, 0(a5)
core   0: 3 0x000000008000feaa (0x00e78023) mem 0x00000000800120b7 0x00
core   0: 0x000000008000feae (0xfc843703) ld      a4, -56(s0)
core   0: 3 0x000000008000feae (0xfc843703) x14 0x0000000080012040 mem 0x0000000080031f38
core   0: 0x000000008000feb2 (0xfb843783) ld      a5, -72(s0)
core   0: 3 0x000000008000feb2 (0xfb843783) x15 0x000000000000009c mem 0x0000000080031f28
core   0: 0x000000008000feb6 (0x000097ba) c.add   a5, a4
core   0: 3 0x000000008000feb6 (0x97ba) x15 0x00000000800120dc
core   0: 0x000000008000feb8 (0xfe043703) ld      a4, -32(s0)
core   0: 3 0x000000008000feb8 (0xfe043703) x14 0x00000000800120b8 mem 0x0000000080031f50
core   0: 0x000000008000febc (0xfcf76de3) bltu    a4, a5, pc - 38
core   0: 3 0x000000008000febc (0xfcf76de3)
core   0: 0x000000008000fe96 (0xfe043783) ld      a5, -32(s0)
core   0: 3 0x000000008000fe96 (0xfe043783) x15 0x00000000800120b8 mem 0x0000000080031f50
core   0: 0x000000008000fe9a (0x00178713) addi    a4, a5, 1
core   0: 3 0x000000008000fe9a (0x00178713) x14 0x00000000800120b9
core   0: 0x000000008000fe9e (0xfee43023) sd      a4, -32(s0)
core   0: 3 0x000000008000fe9e (0xfee43023) mem 0x0000000080031f50 0x00000000800120b9
core   0: 0x000000008000fea2 (0xfc442703) lw      a4, -60(s0)
core   0: 3 0x000000008000fea2 (0xfc442703) x14 0x0000000000000000 mem 0x0000000080031f34
core   0: 0x000000008000fea6 (0x0ff77713) andi    a4, a4, 255
core   0: 3 0x000000008000fea6 (0x0ff77713) x14 0x0000000000000000
core   0: 0x000000008000feaa (0x00e78023) sb      a4, 0(a5)
core   0: 3 0x000000008000feaa (0x00e78023) mem 0x00000000800120b8 0x00
core   0: 0x000000008000feae (0xfc843703) ld      a4, -56(s0)
core   0: 3 0x000000008000feae (0xfc843703) x14 0x0000000080012040 mem 0x0000000080031f38
core   0: 0x000000008000feb2 (0xfb843783) ld      a5, -72(s0)
core   0: 3 0x000000008000feb2 (0xfb843783) x15 0x000000000000009c mem 0x0000000080031f28
core   0: 0x000000008000feb6 (0x000097ba) c.add   a5, a4
core   0: 3 0x000000008000feb6 (0x97ba) x15 0x00000000800120dc
core   0: 0x000000008000feb8 (0xfe043703) ld      a4, -32(s0)
core   0: 3 0x000000008000feb8 (0xfe043703) x14 0x00000000800120b9 mem 0x0000000080031f50
core   0: 0x000000008000febc (0xfcf76de3) bltu    a4, a5, pc - 38
core   0: 3 0x000000008000febc (0xfcf76de3)
core   0: 0x000000008000fe96 (0xfe043783) ld      a5, -32(s0)
core   0: 3 0x000000008000fe96 (0xfe043783) x15 0x00000000800120b9 mem 0x0000000080031f50
core   0: 0x000000008000fe9a (0x00178713) addi    a4, a5, 1
core   0: 3 0x000000008000fe9a (0x00178713) x14 0x00000000800120ba
core   0: 0x000000008000fe9e (0xfee43023) sd      a4, -32(s0)
core   0: 3 0x000000008000fe9e (0xfee43023) mem 0x0000000080031f50 0x00000000800120ba
core   0: 0x000000008000fea2 (0xfc442703) lw      a4, -60(s0)
core   0: 3 0x000000008000fea2 (0xfc442703) x14 0x0000000000000000 mem 0x0000000080031f34
core   0: 0x000000008000fea6 (0x0ff77713) andi    a4, a4, 255
core   0: 3 0x000000008000fea6 (0x0ff77713) x14 0x0000000000000000
core   0: 0x000000008000feaa (0x00e78023) sb      a4, 0(a5)
core   0: 3 0x000000008000feaa (0x00e78023) mem 0x00000000800120b9 0x00
core   0: 0x000000008000feae (0xfc843703) ld      a4, -56(s0)
core   0: 3 0x000000008000feae (0xfc843703) x14 0x0000000080012040 mem 0x0000000080031f38
core   0: 0x000000008000feb2 (0xfb843783) ld      a5, -72(s0)
core   0: 3 0x000000008000feb2 (0xfb843783) x15 0x000000000000009c mem 0x0000000080031f28
core   0: 0x000000008000feb6 (0x000097ba) c.add   a5, a4
core   0: 3 0x000000008000feb6 (0x97ba) x15 0x00000000800120dc
core   0: 0x000000008000feb8 (0xfe043703) ld      a4, -32(s0)
core   0: 3 0x000000008000feb8 (0xfe043703) x14 0x00000000800120ba mem 0x0000000080031f50
core   0: 0x000000008000febc (0xfcf76de3) bltu    a4, a5, pc - 38
core   0: 3 0x000000008000febc (0xfcf76de3)
core   0: 0x000000008000fe96 (0xfe043783) ld      a5, -32(s0)
core   0: 3 0x000000008000fe96 (0xfe043783) x15 0x00000000800120ba mem 0x0000000080031f50
core   0: 0x000000008000fe9a (0x00178713) addi    a4, a5, 1
core   0: 3 0x000000008000fe9a (0x00178713) x14 0x00000000800120bb
core   0: 0x000000008000fe9e (0xfee43023) sd      a4, -32(s0)
core   0: 3 0x000000008000fe9e (0xfee43023) mem 0x0000000080031f50 0x00000000800120bb
core   0: 0x000000008000fea2 (0xfc442703) lw      a4, -60(s0)
core   0: 3 0x000000008000fea2 (0xfc442703) x14 0x0000000000000000 mem 0x0000000080031f34
core   0: 0x000000008000fea6 (0x0ff77713) andi    a4, a4, 255
core   0: 3 0x000000008000fea6 (0x0ff77713) x14 0x0000000000000000
core   0: 0x000000008000feaa (0x00e78023) sb      a4, 0(a5)
core   0: 3 0x000000008000feaa (0x00e78023) mem 0x00000000800120ba 0x00
core   0: 0x000000008000feae (0xfc843703) ld      a4, -56(s0)
core   0: 3 0x000000008000feae (0xfc843703) x14 0x0000000080012040 mem 0x0000000080031f38
core   0: 0x000000008000feb2 (0xfb843783) ld      a5, -72(s0)
core   0: 3 0x000000008000feb2 (0xfb843783) x15 0x000000000000009c mem 0x0000000080031f28
core   0: 0x000000008000feb6 (0x000097ba) c.add   a5, a4
core   0: 3 0x000000008000feb6 (0x97ba) x15 0x00000000800120dc
core   0: 0x000000008000feb8 (0xfe043703) ld      a4, -32(s0)
core   0: 3 0x000000008000feb8 (0xfe043703) x14 0x00000000800120bb mem 0x0000000080031f50
core   0: 0x000000008000febc (0xfcf76de3) bltu    a4, a5, pc - 38
core   0: 3 0x000000008000febc (0xfcf76de3)
core   0: 0x000000008000fe96 (0xfe043783) ld      a5, -32(s0)
core   0: 3 0x000000008000fe96 (0xfe043783) x15 0x00000000800120bb mem 0x0000000080031f50
core   0: 0x000000008000fe9a (0x00178713) addi    a4, a5, 1
core   0: 3 0x000000008000fe9a (0x00178713) x14 0x00000000800120bc
core   0: 0x000000008000fe9e (0xfee43023) sd      a4, -32(s0)
core   0: 3 0x000000008000fe9e (0xfee43023) mem 0x0000000080031f50 0x00000000800120bc
core   0: 0x000000008000fea2 (0xfc442703) lw      a4, -60(s0)
core   0: 3 0x000000008000fea2 (0xfc442703) x14 0x0000000000000000 mem 0x0000000080031f34
core   0: 0x000000008000fea6 (0x0ff77713) andi    a4, a4, 255
core   0: 3 0x000000008000fea6 (0x0ff77713) x14 0x0000000000000000
core   0: 0x000000008000feaa (0x00e78023) sb      a4, 0(a5)
core   0: 3 0x000000008000feaa (0x00e78023) mem 0x00000000800120bb 0x00
core   0: 0x000000008000feae (0xfc843703) ld      a4, -56(s0)
core   0: 3 0x000000008000feae (0xfc843703) x14 0x0000000080012040 mem 0x0000000080031f38
core   0: 0x000000008000feb2 (0xfb843783) ld      a5, -72(s0)
core   0: 3 0x000000008000feb2 (0xfb843783) x15 0x000000000000009c mem 0x0000000080031f28
core   0: 0x000000008000feb6 (0x000097ba) c.add   a5, a4
core   0: 3 0x000000008000feb6 (0x97ba) x15 0x00000000800120dc
core   0: 0x000000008000feb8 (0xfe043703) ld      a4, -32(s0)
core   0: 3 0x000000008000feb8 (0xfe043703) x14 0x00000000800120bc mem 0x0000000080031f50
core   0: 0x000000008000febc (0xfcf76de3) bltu    a4, a5, pc - 38
core   0: 3 0x000000008000febc (0xfcf76de3)
core   0: 0x000000008000fe96 (0xfe043783) ld      a5, -32(s0)
core   0: 3 0x000000008000fe96 (0xfe043783) x15 0x00000000800120bc mem 0x0000000080031f50
core   0: 0x000000008000fe9a (0x00178713) addi    a4, a5, 1
core   0: 3 0x000000008000fe9a (0x00178713) x14 0x00000000800120bd
core   0: 0x000000008000fe9e (0xfee43023) sd      a4, -32(s0)
core   0: 3 0x000000008000fe9e (0xfee43023) mem 0x0000000080031f50 0x00000000800120bd
core   0: 0x000000008000fea2 (0xfc442703) lw      a4, -60(s0)
core   0: 3 0x000000008000fea2 (0xfc442703) x14 0x0000000000000000 mem 0x0000000080031f34
core   0: 0x000000008000fea6 (0x0ff77713) andi    a4, a4, 255
core   0: 3 0x000000008000fea6 (0x0ff77713) x14 0x0000000000000000
core   0: 0x000000008000feaa (0x00e78023) sb      a4, 0(a5)
core   0: 3 0x000000008000feaa (0x00e78023) mem 0x00000000800120bc 0x00
core   0: 0x000000008000feae (0xfc843703) ld      a4, -56(s0)
core   0: 3 0x000000008000feae (0xfc843703) x14 0x0000000080012040 mem 0x0000000080031f38
core   0: 0x000000008000feb2 (0xfb843783) ld      a5, -72(s0)
core   0: 3 0x000000008000feb2 (0xfb843783) x15 0x000000000000009c mem 0x0000000080031f28
core   0: 0x000000008000feb6 (0x000097ba) c.add   a5, a4
core   0: 3 0x000000008000feb6 (0x97ba) x15 0x00000000800120dc
core   0: 0x000000008000feb8 (0xfe043703) ld      a4, -32(s0)
core   0: 3 0x000000008000feb8 (0xfe043703) x14 0x00000000800120bd mem 0x0000000080031f50
core   0: 0x000000008000febc (0xfcf76de3) bltu    a4, a5, pc - 38
core   0: 3 0x000000008000febc (0xfcf76de3)
core   0: 0x000000008000fe96 (0xfe043783) ld      a5, -32(s0)
core   0: 3 0x000000008000fe96 (0xfe043783) x15 0x00000000800120bd mem 0x0000000080031f50
core   0: 0x000000008000fe9a (0x00178713) addi    a4, a5, 1
core   0: 3 0x000000008000fe9a (0x00178713) x14 0x00000000800120be
core   0: 0x000000008000fe9e (0xfee43023) sd      a4, -32(s0)
core   0: 3 0x000000008000fe9e (0xfee43023) mem 0x0000000080031f50 0x00000000800120be
core   0: 0x000000008000fea2 (0xfc442703) lw      a4, -60(s0)
core   0: 3 0x000000008000fea2 (0xfc442703) x14 0x0000000000000000 mem 0x0000000080031f34
core   0: 0x000000008000fea6 (0x0ff77713) andi    a4, a4, 255
core   0: 3 0x000000008000fea6 (0x0ff77713) x14 0x0000000000000000
core   0: 0x000000008000feaa (0x00e78023) sb      a4, 0(a5)
core   0: 3 0x000000008000feaa (0x00e78023) mem 0x00000000800120bd 0x00
core   0: 0x000000008000feae (0xfc843703) ld      a4, -56(s0)
core   0: 3 0x000000008000feae (0xfc843703) x14 0x0000000080012040 mem 0x0000000080031f38
core   0: 0x000000008000feb2 (0xfb843783) ld      a5, -72(s0)
core   0: 3 0x000000008000feb2 (0xfb843783) x15 0x000000000000009c mem 0x0000000080031f28
core   0: 0x000000008000feb6 (0x000097ba) c.add   a5, a4
core   0: 3 0x000000008000feb6 (0x97ba) x15 0x00000000800120dc
core   0: 0x000000008000feb8 (0xfe043703) ld      a4, -32(s0)
core   0: 3 0x000000008000feb8 (0xfe043703) x14 0x00000000800120be mem 0x0000000080031f50
core   0: 0x000000008000febc (0xfcf76de3) bltu    a4, a5, pc - 38
core   0: 3 0x000000008000febc (0xfcf76de3)
core   0: 0x000000008000fe96 (0xfe043783) ld      a5, -32(s0)
core   0: 3 0x000000008000fe96 (0xfe043783) x15 0x00000000800120be mem 0x0000000080031f50
core   0: 0x000000008000fe9a (0x00178713) addi    a4, a5, 1
core   0: 3 0x000000008000fe9a (0x00178713) x14 0x00000000800120bf
core   0: 0x000000008000fe9e (0xfee43023) sd      a4, -32(s0)
core   0: 3 0x000000008000fe9e (0xfee43023) mem 0x0000000080031f50 0x00000000800120bf
core   0: 0x000000008000fea2 (0xfc442703) lw      a4, -60(s0)
core   0: 3 0x000000008000fea2 (0xfc442703) x14 0x0000000000000000 mem 0x0000000080031f34
core   0: 0x000000008000fea6 (0x0ff77713) andi    a4, a4, 255
core   0: 3 0x000000008000fea6 (0x0ff77713) x14 0x0000000000000000
core   0: 0x000000008000feaa (0x00e78023) sb      a4, 0(a5)
core   0: 3 0x000000008000feaa (0x00e78023) mem 0x00000000800120be 0x00
core   0: 0x000000008000feae (0xfc843703) ld      a4, -56(s0)
core   0: 3 0x000000008000feae (0xfc843703) x14 0x0000000080012040 mem 0x0000000080031f38
core   0: 0x000000008000feb2 (0xfb843783) ld      a5, -72(s0)
core   0: 3 0x000000008000feb2 (0xfb843783) x15 0x000000000000009c mem 0x0000000080031f28
core   0: 0x000000008000feb6 (0x000097ba) c.add   a5, a4
core   0: 3 0x000000008000feb6 (0x97ba) x15 0x00000000800120dc
core   0: 0x000000008000feb8 (0xfe043703) ld      a4, -32(s0)
core   0: 3 0x000000008000feb8 (0xfe043703) x14 0x00000000800120bf mem 0x0000000080031f50
core   0: 0x000000008000febc (0xfcf76de3) bltu    a4, a5, pc - 38
core   0: 3 0x000000008000febc (0xfcf76de3)
core   0: 0x000000008000fe96 (0xfe043783) ld      a5, -32(s0)
core   0: 3 0x000000008000fe96 (0xfe043783) x15 0x00000000800120bf mem 0x0000000080031f50
core   0: 0x000000008000fe9a (0x00178713) addi    a4, a5, 1
core   0: 3 0x000000008000fe9a (0x00178713) x14 0x00000000800120c0
core   0: 0x000000008000fe9e (0xfee43023) sd      a4, -32(s0)
core   0: 3 0x000000008000fe9e (0xfee43023) mem 0x0000000080031f50 0x00000000800120c0
core   0: 0x000000008000fea2 (0xfc442703) lw      a4, -60(s0)
core   0: 3 0x000000008000fea2 (0xfc442703) x14 0x0000000000000000 mem 0x0000000080031f34
core   0: 0x000000008000fea6 (0x0ff77713) andi    a4, a4, 255
core   0: 3 0x000000008000fea6 (0x0ff77713) x14 0x0000000000000000
core   0: 0x000000008000feaa (0x00e78023) sb      a4, 0(a5)
core   0: 3 0x000000008000feaa (0x00e78023) mem 0x00000000800120bf 0x00
core   0: 0x000000008000feae (0xfc843703) ld      a4, -56(s0)
core   0: 3 0x000000008000feae (0xfc843703) x14 0x0000000080012040 mem 0x0000000080031f38
core   0: 0x000000008000feb2 (0xfb843783) ld      a5, -72(s0)
core   0: 3 0x000000008000feb2 (0xfb843783) x15 0x000000000000009c mem 0x0000000080031f28
core   0: 0x000000008000feb6 (0x000097ba) c.add   a5, a4
core   0: 3 0x000000008000feb6 (0x97ba) x15 0x00000000800120dc
core   0: 0x000000008000feb8 (0xfe043703) ld      a4, -32(s0)
core   0: 3 0x000000008000feb8 (0xfe043703) x14 0x00000000800120c0 mem 0x0000000080031f50
core   0: 0x000000008000febc (0xfcf76de3) bltu    a4, a5, pc - 38
core   0: 3 0x000000008000febc (0xfcf76de3)
core   0: 0x000000008000fe96 (0xfe043783) ld      a5, -32(s0)
core   0: 3 0x000000008000fe96 (0xfe043783) x15 0x00000000800120c0 mem 0x0000000080031f50
core   0: 0x000000008000fe9a (0x00178713) addi    a4, a5, 1
core   0: 3 0x000000008000fe9a (0x00178713) x14 0x00000000800120c1
core   0: 0x000000008000fe9e (0xfee43023) sd      a4, -32(s0)
core   0: 3 0x000000008000fe9e (0xfee43023) mem 0x0000000080031f50 0x00000000800120c1
core   0: 0x000000008000fea2 (0xfc442703) lw      a4, -60(s0)
core   0: 3 0x000000008000fea2 (0xfc442703) x14 0x0000000000000000 mem 0x0000000080031f34
core   0: 0x000000008000fea6 (0x0ff77713) andi    a4, a4, 255
core   0: 3 0x000000008000fea6 (0x0ff77713) x14 0x0000000000000000
core   0: 0x000000008000feaa (0x00e78023) sb      a4, 0(a5)
core   0: 3 0x000000008000feaa (0x00e78023) mem 0x00000000800120c0 0x00
core   0: 0x000000008000feae (0xfc843703) ld      a4, -56(s0)
core   0: 3 0x000000008000feae (0xfc843703) x14 0x0000000080012040 mem 0x0000000080031f38
core   0: 0x000000008000feb2 (0xfb843783) ld      a5, -72(s0)
core   0: 3 0x000000008000feb2 (0xfb843783) x15 0x000000000000009c mem 0x0000000080031f28
core   0: 0x000000008000feb6 (0x000097ba) c.add   a5, a4
core   0: 3 0x000000008000feb6 (0x97ba) x15 0x00000000800120dc
core   0: 0x000000008000feb8 (0xfe043703) ld      a4, -32(s0)
core   0: 3 0x000000008000feb8 (0xfe043703) x14 0x00000000800120c1 mem 0x0000000080031f50
core   0: 0x000000008000febc (0xfcf76de3) bltu    a4, a5, pc - 38
core   0: 3 0x000000008000febc (0xfcf76de3)
core   0: 0x000000008000fe96 (0xfe043783) ld      a5, -32(s0)
core   0: 3 0x000000008000fe96 (0xfe043783) x15 0x00000000800120c1 mem 0x0000000080031f50
core   0: 0x000000008000fe9a (0x00178713) addi    a4, a5, 1
core   0: 3 0x000000008000fe9a (0x00178713) x14 0x00000000800120c2
core   0: 0x000000008000fe9e (0xfee43023) sd      a4, -32(s0)
core   0: 3 0x000000008000fe9e (0xfee43023) mem 0x0000000080031f50 0x00000000800120c2
core   0: 0x000000008000fea2 (0xfc442703) lw      a4, -60(s0)
core   0: 3 0x000000008000fea2 (0xfc442703) x14 0x0000000000000000 mem 0x0000000080031f34
core   0: 0x000000008000fea6 (0x0ff77713) andi    a4, a4, 255
core   0: 3 0x000000008000fea6 (0x0ff77713) x14 0x0000000000000000
core   0: 0x000000008000feaa (0x00e78023) sb      a4, 0(a5)
core   0: 3 0x000000008000feaa (0x00e78023) mem 0x00000000800120c1 0x00
core   0: 0x000000008000feae (0xfc843703) ld      a4, -56(s0)
core   0: 3 0x000000008000feae (0xfc843703) x14 0x0000000080012040 mem 0x0000000080031f38
core   0: 0x000000008000feb2 (0xfb843783) ld      a5, -72(s0)
core   0: 3 0x000000008000feb2 (0xfb843783) x15 0x000000000000009c mem 0x0000000080031f28
core   0: 0x000000008000feb6 (0x000097ba) c.add   a5, a4
core   0: 3 0x000000008000feb6 (0x97ba) x15 0x00000000800120dc
core   0: 0x000000008000feb8 (0xfe043703) ld      a4, -32(s0)
core   0: 3 0x000000008000feb8 (0xfe043703) x14 0x00000000800120c2 mem 0x0000000080031f50
core   0: 0x000000008000febc (0xfcf76de3) bltu    a4, a5, pc - 38
core   0: 3 0x000000008000febc (0xfcf76de3)
core   0: 0x000000008000fe96 (0xfe043783) ld      a5, -32(s0)
core   0: 3 0x000000008000fe96 (0xfe043783) x15 0x00000000800120c2 mem 0x0000000080031f50
core   0: 0x000000008000fe9a (0x00178713) addi    a4, a5, 1
core   0: 3 0x000000008000fe9a (0x00178713) x14 0x00000000800120c3
core   0: 0x000000008000fe9e (0xfee43023) sd      a4, -32(s0)
core   0: 3 0x000000008000fe9e (0xfee43023) mem 0x0000000080031f50 0x00000000800120c3
core   0: 0x000000008000fea2 (0xfc442703) lw      a4, -60(s0)
core   0: 3 0x000000008000fea2 (0xfc442703) x14 0x0000000000000000 mem 0x0000000080031f34
core   0: 0x000000008000fea6 (0x0ff77713) andi    a4, a4, 255
core   0: 3 0x000000008000fea6 (0x0ff77713) x14 0x0000000000000000
core   0: 0x000000008000feaa (0x00e78023) sb      a4, 0(a5)
core   0: 3 0x000000008000feaa (0x00e78023) mem 0x00000000800120c2 0x00
core   0: 0x000000008000feae (0xfc843703) ld      a4, -56(s0)
core   0: 3 0x000000008000feae (0xfc843703) x14 0x0000000080012040 mem 0x0000000080031f38
core   0: 0x000000008000feb2 (0xfb843783) ld      a5, -72(s0)
core   0: 3 0x000000008000feb2 (0xfb843783) x15 0x000000000000009c mem 0x0000000080031f28
core   0: 0x000000008000feb6 (0x000097ba) c.add   a5, a4
core   0: 3 0x000000008000feb6 (0x97ba) x15 0x00000000800120dc
core   0: 0x000000008000feb8 (0xfe043703) ld      a4, -32(s0)
core   0: 3 0x000000008000feb8 (0xfe043703) x14 0x00000000800120c3 mem 0x0000000080031f50
core   0: 0x000000008000febc (0xfcf76de3) bltu    a4, a5, pc - 38
core   0: 3 0x000000008000febc (0xfcf76de3)
core   0: 0x000000008000fe96 (0xfe043783) ld      a5, -32(s0)
core   0: 3 0x000000008000fe96 (0xfe043783) x15 0x00000000800120c3 mem 0x0000000080031f50
core   0: 0x000000008000fe9a (0x00178713) addi    a4, a5, 1
core   0: 3 0x000000008000fe9a (0x00178713) x14 0x00000000800120c4
core   0: 0x000000008000fe9e (0xfee43023) sd      a4, -32(s0)
core   0: 3 0x000000008000fe9e (0xfee43023) mem 0x0000000080031f50 0x00000000800120c4
core   0: 0x000000008000fea2 (0xfc442703) lw      a4, -60(s0)
core   0: 3 0x000000008000fea2 (0xfc442703) x14 0x0000000000000000 mem 0x0000000080031f34
core   0: 0x000000008000fea6 (0x0ff77713) andi    a4, a4, 255
core   0: 3 0x000000008000fea6 (0x0ff77713) x14 0x0000000000000000
core   0: 0x000000008000feaa (0x00e78023) sb      a4, 0(a5)
core   0: 3 0x000000008000feaa (0x00e78023) mem 0x00000000800120c3 0x00
core   0: 0x000000008000feae (0xfc843703) ld      a4, -56(s0)
core   0: 3 0x000000008000feae (0xfc843703) x14 0x0000000080012040 mem 0x0000000080031f38
core   0: 0x000000008000feb2 (0xfb843783) ld      a5, -72(s0)
core   0: 3 0x000000008000feb2 (0xfb843783) x15 0x000000000000009c mem 0x0000000080031f28
core   0: 0x000000008000feb6 (0x000097ba) c.add   a5, a4
core   0: 3 0x000000008000feb6 (0x97ba) x15 0x00000000800120dc
core   0: 0x000000008000feb8 (0xfe043703) ld      a4, -32(s0)
core   0: 3 0x000000008000feb8 (0xfe043703) x14 0x00000000800120c4 mem 0x0000000080031f50
core   0: 0x000000008000febc (0xfcf76de3) bltu    a4, a5, pc - 38
core   0: 3 0x000000008000febc (0xfcf76de3)
core   0: 0x000000008000fe96 (0xfe043783) ld      a5, -32(s0)
core   0: 3 0x000000008000fe96 (0xfe043783) x15 0x00000000800120c4 mem 0x0000000080031f50
core   0: 0x000000008000fe9a (0x00178713) addi    a4, a5, 1
core   0: 3 0x000000008000fe9a (0x00178713) x14 0x00000000800120c5
core   0: 0x000000008000fe9e (0xfee43023) sd      a4, -32(s0)
core   0: 3 0x000000008000fe9e (0xfee43023) mem 0x0000000080031f50 0x00000000800120c5
core   0: 0x000000008000fea2 (0xfc442703) lw      a4, -60(s0)
core   0: 3 0x000000008000fea2 (0xfc442703) x14 0x0000000000000000 mem 0x0000000080031f34
core   0: 0x000000008000fea6 (0x0ff77713) andi    a4, a4, 255
core   0: 3 0x000000008000fea6 (0x0ff77713) x14 0x0000000000000000
core   0: 0x000000008000feaa (0x00e78023) sb      a4, 0(a5)
core   0: 3 0x000000008000feaa (0x00e78023) mem 0x00000000800120c4 0x00
core   0: 0x000000008000feae (0xfc843703) ld      a4, -56(s0)
core   0: 3 0x000000008000feae (0xfc843703) x14 0x0000000080012040 mem 0x0000000080031f38
core   0: 0x000000008000feb2 (0xfb843783) ld      a5, -72(s0)
core   0: 3 0x000000008000feb2 (0xfb843783) x15 0x000000000000009c mem 0x0000000080031f28
core   0: 0x000000008000feb6 (0x000097ba) c.add   a5, a4
core   0: 3 0x000000008000feb6 (0x97ba) x15 0x00000000800120dc
core   0: 0x000000008000feb8 (0xfe043703) ld      a4, -32(s0)
core   0: 3 0x000000008000feb8 (0xfe043703) x14 0x00000000800120c5 mem 0x0000000080031f50
core   0: 0x000000008000febc (0xfcf76de3) bltu    a4, a5, pc - 38
core   0: 3 0x000000008000febc (0xfcf76de3)
core   0: 0x000000008000fe96 (0xfe043783) ld      a5, -32(s0)
core   0: 3 0x000000008000fe96 (0xfe043783) x15 0x00000000800120c5 mem 0x0000000080031f50
core   0: 0x000000008000fe9a (0x00178713) addi    a4, a5, 1
core   0: 3 0x000000008000fe9a (0x00178713) x14 0x00000000800120c6
core   0: 0x000000008000fe9e (0xfee43023) sd      a4, -32(s0)
core   0: 3 0x000000008000fe9e (0xfee43023) mem 0x0000000080031f50 0x00000000800120c6
core   0: 0x000000008000fea2 (0xfc442703) lw      a4, -60(s0)
core   0: 3 0x000000008000fea2 (0xfc442703) x14 0x0000000000000000 mem 0x0000000080031f34
core   0: 0x000000008000fea6 (0x0ff77713) andi    a4, a4, 255
core   0: 3 0x000000008000fea6 (0x0ff77713) x14 0x0000000000000000
core   0: 0x000000008000feaa (0x00e78023) sb      a4, 0(a5)
core   0: 3 0x000000008000feaa (0x00e78023) mem 0x00000000800120c5 0x00
core   0: 0x000000008000feae (0xfc843703) ld      a4, -56(s0)
core   0: 3 0x000000008000feae (0xfc843703) x14 0x0000000080012040 mem 0x0000000080031f38
core   0: 0x000000008000feb2 (0xfb843783) ld      a5, -72(s0)
core   0: 3 0x000000008000feb2 (0xfb843783) x15 0x000000000000009c mem 0x0000000080031f28
core   0: 0x000000008000feb6 (0x000097ba) c.add   a5, a4
core   0: 3 0x000000008000feb6 (0x97ba) x15 0x00000000800120dc
core   0: 0x000000008000feb8 (0xfe043703) ld      a4, -32(s0)
core   0: 3 0x000000008000feb8 (0xfe043703) x14 0x00000000800120c6 mem 0x0000000080031f50
core   0: 0x000000008000febc (0xfcf76de3) bltu    a4, a5, pc - 38
core   0: 3 0x000000008000febc (0xfcf76de3)
core   0: 0x000000008000fe96 (0xfe043783) ld      a5, -32(s0)
core   0: 3 0x000000008000fe96 (0xfe043783) x15 0x00000000800120c6 mem 0x0000000080031f50
core   0: 0x000000008000fe9a (0x00178713) addi    a4, a5, 1
core   0: 3 0x000000008000fe9a (0x00178713) x14 0x00000000800120c7
core   0: 0x000000008000fe9e (0xfee43023) sd      a4, -32(s0)
core   0: 3 0x000000008000fe9e (0xfee43023) mem 0x0000000080031f50 0x00000000800120c7
core   0: 0x000000008000fea2 (0xfc442703) lw      a4, -60(s0)
core   0: 3 0x000000008000fea2 (0xfc442703) x14 0x0000000000000000 mem 0x0000000080031f34
core   0: 0x000000008000fea6 (0x0ff77713) andi    a4, a4, 255
core   0: 3 0x000000008000fea6 (0x0ff77713) x14 0x0000000000000000
core   0: 0x000000008000feaa (0x00e78023) sb      a4, 0(a5)
core   0: 3 0x000000008000feaa (0x00e78023) mem 0x00000000800120c6 0x00
core   0: 0x000000008000feae (0xfc843703) ld      a4, -56(s0)
core   0: 3 0x000000008000feae (0xfc843703) x14 0x0000000080012040 mem 0x0000000080031f38
core   0: 0x000000008000feb2 (0xfb843783) ld      a5, -72(s0)
core   0: 3 0x000000008000feb2 (0xfb843783) x15 0x000000000000009c mem 0x0000000080031f28
core   0: 0x000000008000feb6 (0x000097ba) c.add   a5, a4
core   0: 3 0x000000008000feb6 (0x97ba) x15 0x00000000800120dc
core   0: 0x000000008000feb8 (0xfe043703) ld      a4, -32(s0)
core   0: 3 0x000000008000feb8 (0xfe043703) x14 0x00000000800120c7 mem 0x0000000080031f50
core   0: 0x000000008000febc (0xfcf76de3) bltu    a4, a5, pc - 38
core   0: 3 0x000000008000febc (0xfcf76de3)
core   0: 0x000000008000fe96 (0xfe043783) ld      a5, -32(s0)
core   0: 3 0x000000008000fe96 (0xfe043783) x15 0x00000000800120c7 mem 0x0000000080031f50
core   0: 0x000000008000fe9a (0x00178713) addi    a4, a5, 1
core   0: 3 0x000000008000fe9a (0x00178713) x14 0x00000000800120c8
core   0: 0x000000008000fe9e (0xfee43023) sd      a4, -32(s0)
core   0: 3 0x000000008000fe9e (0xfee43023) mem 0x0000000080031f50 0x00000000800120c8
core   0: 0x000000008000fea2 (0xfc442703) lw      a4, -60(s0)
core   0: 3 0x000000008000fea2 (0xfc442703) x14 0x0000000000000000 mem 0x0000000080031f34
core   0: 0x000000008000fea6 (0x0ff77713) andi    a4, a4, 255
core   0: 3 0x000000008000fea6 (0x0ff77713) x14 0x0000000000000000
core   0: 0x000000008000feaa (0x00e78023) sb      a4, 0(a5)
core   0: 3 0x000000008000feaa (0x00e78023) mem 0x00000000800120c7 0x00
core   0: 0x000000008000feae (0xfc843703) ld      a4, -56(s0)
core   0: 3 0x000000008000feae (0xfc843703) x14 0x0000000080012040 mem 0x0000000080031f38
core   0: 0x000000008000feb2 (0xfb843783) ld      a5, -72(s0)
core   0: 3 0x000000008000feb2 (0xfb843783) x15 0x000000000000009c mem 0x0000000080031f28
core   0: 0x000000008000feb6 (0x000097ba) c.add   a5, a4
core   0: 3 0x000000008000feb6 (0x97ba) x15 0x00000000800120dc
core   0: 0x000000008000feb8 (0xfe043703) ld      a4, -32(s0)
core   0: 3 0x000000008000feb8 (0xfe043703) x14 0x00000000800120c8 mem 0x0000000080031f50
core   0: 0x000000008000febc (0xfcf76de3) bltu    a4, a5, pc - 38
core   0: 3 0x000000008000febc (0xfcf76de3)
core   0: 0x000000008000fe96 (0xfe043783) ld      a5, -32(s0)
core   0: 3 0x000000008000fe96 (0xfe043783) x15 0x00000000800120c8 mem 0x0000000080031f50
core   0: 0x000000008000fe9a (0x00178713) addi    a4, a5, 1
core   0: 3 0x000000008000fe9a (0x00178713) x14 0x00000000800120c9
core   0: 0x000000008000fe9e (0xfee43023) sd      a4, -32(s0)
core   0: 3 0x000000008000fe9e (0xfee43023) mem 0x0000000080031f50 0x00000000800120c9
core   0: 0x000000008000fea2 (0xfc442703) lw      a4, -60(s0)
core   0: 3 0x000000008000fea2 (0xfc442703) x14 0x0000000000000000 mem 0x0000000080031f34
core   0: 0x000000008000fea6 (0x0ff77713) andi    a4, a4, 255
core   0: 3 0x000000008000fea6 (0x0ff77713) x14 0x0000000000000000
core   0: 0x000000008000feaa (0x00e78023) sb      a4, 0(a5)
core   0: 3 0x000000008000feaa (0x00e78023) mem 0x00000000800120c8 0x00
core   0: 0x000000008000feae (0xfc843703) ld      a4, -56(s0)
core   0: 3 0x000000008000feae (0xfc843703) x14 0x0000000080012040 mem 0x0000000080031f38
core   0: 0x000000008000feb2 (0xfb843783) ld      a5, -72(s0)
core   0: 3 0x000000008000feb2 (0xfb843783) x15 0x000000000000009c mem 0x0000000080031f28
core   0: 0x000000008000feb6 (0x000097ba) c.add   a5, a4
core   0: 3 0x000000008000feb6 (0x97ba) x15 0x00000000800120dc
core   0: 0x000000008000feb8 (0xfe043703) ld      a4, -32(s0)
core   0: 3 0x000000008000feb8 (0xfe043703) x14 0x00000000800120c9 mem 0x0000000080031f50
core   0: 0x000000008000febc (0xfcf76de3) bltu    a4, a5, pc - 38
core   0: 3 0x000000008000febc (0xfcf76de3)
core   0: 0x000000008000fe96 (0xfe043783) ld      a5, -32(s0)
core   0: 3 0x000000008000fe96 (0xfe043783) x15 0x00000000800120c9 mem 0x0000000080031f50
core   0: 0x000000008000fe9a (0x00178713) addi    a4, a5, 1
core   0: 3 0x000000008000fe9a (0x00178713) x14 0x00000000800120ca
core   0: 0x000000008000fe9e (0xfee43023) sd      a4, -32(s0)
core   0: 3 0x000000008000fe9e (0xfee43023) mem 0x0000000080031f50 0x00000000800120ca
core   0: 0x000000008000fea2 (0xfc442703) lw      a4, -60(s0)
core   0: 3 0x000000008000fea2 (0xfc442703) x14 0x0000000000000000 mem 0x0000000080031f34
core   0: 0x000000008000fea6 (0x0ff77713) andi    a4, a4, 255
core   0: 3 0x000000008000fea6 (0x0ff77713) x14 0x0000000000000000
core   0: 0x000000008000feaa (0x00e78023) sb      a4, 0(a5)
core   0: 3 0x000000008000feaa (0x00e78023) mem 0x00000000800120c9 0x00
core   0: 0x000000008000feae (0xfc843703) ld      a4, -56(s0)
core   0: 3 0x000000008000feae (0xfc843703) x14 0x0000000080012040 mem 0x0000000080031f38
core   0: 0x000000008000feb2 (0xfb843783) ld      a5, -72(s0)
core   0: 3 0x000000008000feb2 (0xfb843783) x15 0x000000000000009c mem 0x0000000080031f28
core   0: 0x000000008000feb6 (0x000097ba) c.add   a5, a4
core   0: 3 0x000000008000feb6 (0x97ba) x15 0x00000000800120dc
core   0: 0x000000008000feb8 (0xfe043703) ld      a4, -32(s0)
core   0: 3 0x000000008000feb8 (0xfe043703) x14 0x00000000800120ca mem 0x0000000080031f50
core   0: 0x000000008000febc (0xfcf76de3) bltu    a4, a5, pc - 38
core   0: 3 0x000000008000febc (0xfcf76de3)
core   0: 0x000000008000fe96 (0xfe043783) ld      a5, -32(s0)
core   0: 3 0x000000008000fe96 (0xfe043783) x15 0x00000000800120ca mem 0x0000000080031f50
core   0: 0x000000008000fe9a (0x00178713) addi    a4, a5, 1
core   0: 3 0x000000008000fe9a (0x00178713) x14 0x00000000800120cb
core   0: 0x000000008000fe9e (0xfee43023) sd      a4, -32(s0)
core   0: 3 0x000000008000fe9e (0xfee43023) mem 0x0000000080031f50 0x00000000800120cb
core   0: 0x000000008000fea2 (0xfc442703) lw      a4, -60(s0)
core   0: 3 0x000000008000fea2 (0xfc442703) x14 0x0000000000000000 mem 0x0000000080031f34
core   0: 0x000000008000fea6 (0x0ff77713) andi    a4, a4, 255
core   0: 3 0x000000008000fea6 (0x0ff77713) x14 0x0000000000000000
core   0: 0x000000008000feaa (0x00e78023) sb      a4, 0(a5)
core   0: 3 0x000000008000feaa (0x00e78023) mem 0x00000000800120ca 0x00
core   0: 0x000000008000feae (0xfc843703) ld      a4, -56(s0)
core   0: 3 0x000000008000feae (0xfc843703) x14 0x0000000080012040 mem 0x0000000080031f38
core   0: 0x000000008000feb2 (0xfb843783) ld      a5, -72(s0)
core   0: 3 0x000000008000feb2 (0xfb843783) x15 0x000000000000009c mem 0x0000000080031f28
core   0: 0x000000008000feb6 (0x000097ba) c.add   a5, a4
core   0: 3 0x000000008000feb6 (0x97ba) x15 0x00000000800120dc
core   0: 0x000000008000feb8 (0xfe043703) ld      a4, -32(s0)
core   0: 3 0x000000008000feb8 (0xfe043703) x14 0x00000000800120cb mem 0x0000000080031f50
core   0: 0x000000008000febc (0xfcf76de3) bltu    a4, a5, pc - 38
core   0: 3 0x000000008000febc (0xfcf76de3)
core   0: 0x000000008000fe96 (0xfe043783) ld      a5, -32(s0)
core   0: 3 0x000000008000fe96 (0xfe043783) x15 0x00000000800120cb mem 0x0000000080031f50
core   0: 0x000000008000fe9a (0x00178713) addi    a4, a5, 1
core   0: 3 0x000000008000fe9a (0x00178713) x14 0x00000000800120cc
core   0: 0x000000008000fe9e (0xfee43023) sd      a4, -32(s0)
core   0: 3 0x000000008000fe9e (0xfee43023) mem 0x0000000080031f50 0x00000000800120cc
core   0: 0x000000008000fea2 (0xfc442703) lw      a4, -60(s0)
core   0: 3 0x000000008000fea2 (0xfc442703) x14 0x0000000000000000 mem 0x0000000080031f34
core   0: 0x000000008000fea6 (0x0ff77713) andi    a4, a4, 255
core   0: 3 0x000000008000fea6 (0x0ff77713) x14 0x0000000000000000
core   0: 0x000000008000feaa (0x00e78023) sb      a4, 0(a5)
core   0: 3 0x000000008000feaa (0x00e78023) mem 0x00000000800120cb 0x00
core   0: 0x000000008000feae (0xfc843703) ld      a4, -56(s0)
core   0: 3 0x000000008000feae (0xfc843703) x14 0x0000000080012040 mem 0x0000000080031f38
core   0: 0x000000008000feb2 (0xfb843783) ld      a5, -72(s0)
core   0: 3 0x000000008000feb2 (0xfb843783) x15 0x000000000000009c mem 0x0000000080031f28
core   0: 0x000000008000feb6 (0x000097ba) c.add   a5, a4
core   0: 3 0x000000008000feb6 (0x97ba) x15 0x00000000800120dc
core   0: 0x000000008000feb8 (0xfe043703) ld      a4, -32(s0)
core   0: 3 0x000000008000feb8 (0xfe043703) x14 0x00000000800120cc mem 0x0000000080031f50
core   0: 0x000000008000febc (0xfcf76de3) bltu    a4, a5, pc - 38
core   0: 3 0x000000008000febc (0xfcf76de3)
core   0: 0x000000008000fe96 (0xfe043783) ld      a5, -32(s0)
core   0: 3 0x000000008000fe96 (0xfe043783) x15 0x00000000800120cc mem 0x0000000080031f50
core   0: 0x000000008000fe9a (0x00178713) addi    a4, a5, 1
core   0: 3 0x000000008000fe9a (0x00178713) x14 0x00000000800120cd
core   0: 0x000000008000fe9e (0xfee43023) sd      a4, -32(s0)
core   0: 3 0x000000008000fe9e (0xfee43023) mem 0x0000000080031f50 0x00000000800120cd
core   0: 0x000000008000fea2 (0xfc442703) lw      a4, -60(s0)
core   0: 3 0x000000008000fea2 (0xfc442703) x14 0x0000000000000000 mem 0x0000000080031f34
core   0: 0x000000008000fea6 (0x0ff77713) andi    a4, a4, 255
core   0: 3 0x000000008000fea6 (0x0ff77713) x14 0x0000000000000000
core   0: 0x000000008000feaa (0x00e78023) sb      a4, 0(a5)
core   0: 3 0x000000008000feaa (0x00e78023) mem 0x00000000800120cc 0x00
core   0: 0x000000008000feae (0xfc843703) ld      a4, -56(s0)
core   0: 3 0x000000008000feae (0xfc843703) x14 0x0000000080012040 mem 0x0000000080031f38
core   0: 0x000000008000feb2 (0xfb843783) ld      a5, -72(s0)
core   0: 3 0x000000008000feb2 (0xfb843783) x15 0x000000000000009c mem 0x0000000080031f28
core   0: 0x000000008000feb6 (0x000097ba) c.add   a5, a4
core   0: 3 0x000000008000feb6 (0x97ba) x15 0x00000000800120dc
core   0: 0x000000008000feb8 (0xfe043703) ld      a4, -32(s0)
core   0: 3 0x000000008000feb8 (0xfe043703) x14 0x00000000800120cd mem 0x0000000080031f50
core   0: 0x000000008000febc (0xfcf76de3) bltu    a4, a5, pc - 38
core   0: 3 0x000000008000febc (0xfcf76de3)
core   0: 0x000000008000fe96 (0xfe043783) ld      a5, -32(s0)
core   0: 3 0x000000008000fe96 (0xfe043783) x15 0x00000000800120cd mem 0x0000000080031f50
core   0: 0x000000008000fe9a (0x00178713) addi    a4, a5, 1
core   0: 3 0x000000008000fe9a (0x00178713) x14 0x00000000800120ce
core   0: 0x000000008000fe9e (0xfee43023) sd      a4, -32(s0)
core   0: 3 0x000000008000fe9e (0xfee43023) mem 0x0000000080031f50 0x00000000800120ce
core   0: 0x000000008000fea2 (0xfc442703) lw      a4, -60(s0)
core   0: 3 0x000000008000fea2 (0xfc442703) x14 0x0000000000000000 mem 0x0000000080031f34
core   0: 0x000000008000fea6 (0x0ff77713) andi    a4, a4, 255
core   0: 3 0x000000008000fea6 (0x0ff77713) x14 0x0000000000000000
core   0: 0x000000008000feaa (0x00e78023) sb      a4, 0(a5)
core   0: 3 0x000000008000feaa (0x00e78023) mem 0x00000000800120cd 0x00
core   0: 0x000000008000feae (0xfc843703) ld      a4, -56(s0)
core   0: 3 0x000000008000feae (0xfc843703) x14 0x0000000080012040 mem 0x0000000080031f38
core   0: 0x000000008000feb2 (0xfb843783) ld      a5, -72(s0)
core   0: 3 0x000000008000feb2 (0xfb843783) x15 0x000000000000009c mem 0x0000000080031f28
core   0: 0x000000008000feb6 (0x000097ba) c.add   a5, a4
core   0: 3 0x000000008000feb6 (0x97ba) x15 0x00000000800120dc
core   0: 0x000000008000feb8 (0xfe043703) ld      a4, -32(s0)
core   0: 3 0x000000008000feb8 (0xfe043703) x14 0x00000000800120ce mem 0x0000000080031f50
core   0: 0x000000008000febc (0xfcf76de3) bltu    a4, a5, pc - 38
core   0: 3 0x000000008000febc (0xfcf76de3)
core   0: 0x000000008000fe96 (0xfe043783) ld      a5, -32(s0)
core   0: 3 0x000000008000fe96 (0xfe043783) x15 0x00000000800120ce mem 0x0000000080031f50
core   0: 0x000000008000fe9a (0x00178713) addi    a4, a5, 1
core   0: 3 0x000000008000fe9a (0x00178713) x14 0x00000000800120cf
core   0: 0x000000008000fe9e (0xfee43023) sd      a4, -32(s0)
core   0: 3 0x000000008000fe9e (0xfee43023) mem 0x0000000080031f50 0x00000000800120cf
core   0: 0x000000008000fea2 (0xfc442703) lw      a4, -60(s0)
core   0: 3 0x000000008000fea2 (0xfc442703) x14 0x0000000000000000 mem 0x0000000080031f34
core   0: 0x000000008000fea6 (0x0ff77713) andi    a4, a4, 255
core   0: 3 0x000000008000fea6 (0x0ff77713) x14 0x0000000000000000
core   0: 0x000000008000feaa (0x00e78023) sb      a4, 0(a5)
core   0: 3 0x000000008000feaa (0x00e78023) mem 0x00000000800120ce 0x00
core   0: 0x000000008000feae (0xfc843703) ld      a4, -56(s0)
core   0: 3 0x000000008000feae (0xfc843703) x14 0x0000000080012040 mem 0x0000000080031f38
core   0: 0x000000008000feb2 (0xfb843783) ld      a5, -72(s0)
core   0: 3 0x000000008000feb2 (0xfb843783) x15 0x000000000000009c mem 0x0000000080031f28
core   0: 0x000000008000feb6 (0x000097ba) c.add   a5, a4
core   0: 3 0x000000008000feb6 (0x97ba) x15 0x00000000800120dc
core   0: 0x000000008000feb8 (0xfe043703) ld      a4, -32(s0)
core   0: 3 0x000000008000feb8 (0xfe043703) x14 0x00000000800120cf mem 0x0000000080031f50
core   0: 0x000000008000febc (0xfcf76de3) bltu    a4, a5, pc - 38
core   0: 3 0x000000008000febc (0xfcf76de3)
core   0: 0x000000008000fe96 (0xfe043783) ld      a5, -32(s0)
core   0: 3 0x000000008000fe96 (0xfe043783) x15 0x00000000800120cf mem 0x0000000080031f50
core   0: 0x000000008000fe9a (0x00178713) addi    a4, a5, 1
core   0: 3 0x000000008000fe9a (0x00178713) x14 0x00000000800120d0
core   0: 0x000000008000fe9e (0xfee43023) sd      a4, -32(s0)
core   0: 3 0x000000008000fe9e (0xfee43023) mem 0x0000000080031f50 0x00000000800120d0
core   0: 0x000000008000fea2 (0xfc442703) lw      a4, -60(s0)
core   0: 3 0x000000008000fea2 (0xfc442703) x14 0x0000000000000000 mem 0x0000000080031f34
core   0: 0x000000008000fea6 (0x0ff77713) andi    a4, a4, 255
core   0: 3 0x000000008000fea6 (0x0ff77713) x14 0x0000000000000000
core   0: 0x000000008000feaa (0x00e78023) sb      a4, 0(a5)
core   0: 3 0x000000008000feaa (0x00e78023) mem 0x00000000800120cf 0x00
core   0: 0x000000008000feae (0xfc843703) ld      a4, -56(s0)
core   0: 3 0x000000008000feae (0xfc843703) x14 0x0000000080012040 mem 0x0000000080031f38
core   0: 0x000000008000feb2 (0xfb843783) ld      a5, -72(s0)
core   0: 3 0x000000008000feb2 (0xfb843783) x15 0x000000000000009c mem 0x0000000080031f28
core   0: 0x000000008000feb6 (0x000097ba) c.add   a5, a4
core   0: 3 0x000000008000feb6 (0x97ba) x15 0x00000000800120dc
core   0: 0x000000008000feb8 (0xfe043703) ld      a4, -32(s0)
core   0: 3 0x000000008000feb8 (0xfe043703) x14 0x00000000800120d0 mem 0x0000000080031f50
core   0: 0x000000008000febc (0xfcf76de3) bltu    a4, a5, pc - 38
core   0: 3 0x000000008000febc (0xfcf76de3)
core   0: 0x000000008000fe96 (0xfe043783) ld      a5, -32(s0)
core   0: 3 0x000000008000fe96 (0xfe043783) x15 0x00000000800120d0 mem 0x0000000080031f50
core   0: 0x000000008000fe9a (0x00178713) addi    a4, a5, 1
core   0: 3 0x000000008000fe9a (0x00178713) x14 0x00000000800120d1
core   0: 0x000000008000fe9e (0xfee43023) sd      a4, -32(s0)
core   0: 3 0x000000008000fe9e (0xfee43023) mem 0x0000000080031f50 0x00000000800120d1
core   0: 0x000000008000fea2 (0xfc442703) lw      a4, -60(s0)
core   0: 3 0x000000008000fea2 (0xfc442703) x14 0x0000000000000000 mem 0x0000000080031f34
core   0: 0x000000008000fea6 (0x0ff77713) andi    a4, a4, 255
core   0: 3 0x000000008000fea6 (0x0ff77713) x14 0x0000000000000000
core   0: 0x000000008000feaa (0x00e78023) sb      a4, 0(a5)
core   0: 3 0x000000008000feaa (0x00e78023) mem 0x00000000800120d0 0x00
core   0: 0x000000008000feae (0xfc843703) ld      a4, -56(s0)
core   0: 3 0x000000008000feae (0xfc843703) x14 0x0000000080012040 mem 0x0000000080031f38
core   0: 0x000000008000feb2 (0xfb843783) ld      a5, -72(s0)
core   0: 3 0x000000008000feb2 (0xfb843783) x15 0x000000000000009c mem 0x0000000080031f28
core   0: 0x000000008000feb6 (0x000097ba) c.add   a5, a4
core   0: 3 0x000000008000feb6 (0x97ba) x15 0x00000000800120dc
core   0: 0x000000008000feb8 (0xfe043703) ld      a4, -32(s0)
core   0: 3 0x000000008000feb8 (0xfe043703) x14 0x00000000800120d1 mem 0x0000000080031f50
core   0: 0x000000008000febc (0xfcf76de3) bltu    a4, a5, pc - 38
core   0: 3 0x000000008000febc (0xfcf76de3)
core   0: 0x000000008000fe96 (0xfe043783) ld      a5, -32(s0)
core   0: 3 0x000000008000fe96 (0xfe043783) x15 0x00000000800120d1 mem 0x0000000080031f50
core   0: 0x000000008000fe9a (0x00178713) addi    a4, a5, 1
core   0: 3 0x000000008000fe9a (0x00178713) x14 0x00000000800120d2
core   0: 0x000000008000fe9e (0xfee43023) sd      a4, -32(s0)
core   0: 3 0x000000008000fe9e (0xfee43023) mem 0x0000000080031f50 0x00000000800120d2
core   0: 0x000000008000fea2 (0xfc442703) lw      a4, -60(s0)
core   0: 3 0x000000008000fea2 (0xfc442703) x14 0x0000000000000000 mem 0x0000000080031f34
core   0: 0x000000008000fea6 (0x0ff77713) andi    a4, a4, 255
core   0: 3 0x000000008000fea6 (0x0ff77713) x14 0x0000000000000000
core   0: 0x000000008000feaa (0x00e78023) sb      a4, 0(a5)
core   0: 3 0x000000008000feaa (0x00e78023) mem 0x00000000800120d1 0x00
core   0: 0x000000008000feae (0xfc843703) ld      a4, -56(s0)
core   0: 3 0x000000008000feae (0xfc843703) x14 0x0000000080012040 mem 0x0000000080031f38
core   0: 0x000000008000feb2 (0xfb843783) ld      a5, -72(s0)
core   0: 3 0x000000008000feb2 (0xfb843783) x15 0x000000000000009c mem 0x0000000080031f28
core   0: 0x000000008000feb6 (0x000097ba) c.add   a5, a4
core   0: 3 0x000000008000feb6 (0x97ba) x15 0x00000000800120dc
core   0: 0x000000008000feb8 (0xfe043703) ld      a4, -32(s0)
core   0: 3 0x000000008000feb8 (0xfe043703) x14 0x00000000800120d2 mem 0x0000000080031f50
core   0: 0x000000008000febc (0xfcf76de3) bltu    a4, a5, pc - 38
core   0: 3 0x000000008000febc (0xfcf76de3)
core   0: 0x000000008000fe96 (0xfe043783) ld      a5, -32(s0)
core   0: 3 0x000000008000fe96 (0xfe043783) x15 0x00000000800120d2 mem 0x0000000080031f50
core   0: 0x000000008000fe9a (0x00178713) addi    a4, a5, 1
core   0: 3 0x000000008000fe9a (0x00178713) x14 0x00000000800120d3
core   0: 0x000000008000fe9e (0xfee43023) sd      a4, -32(s0)
core   0: 3 0x000000008000fe9e (0xfee43023) mem 0x0000000080031f50 0x00000000800120d3
core   0: 0x000000008000fea2 (0xfc442703) lw      a4, -60(s0)
core   0: 3 0x000000008000fea2 (0xfc442703) x14 0x0000000000000000 mem 0x0000000080031f34
core   0: 0x000000008000fea6 (0x0ff77713) andi    a4, a4, 255
core   0: 3 0x000000008000fea6 (0x0ff77713) x14 0x0000000000000000
core   0: 0x000000008000feaa (0x00e78023) sb      a4, 0(a5)
core   0: 3 0x000000008000feaa (0x00e78023) mem 0x00000000800120d2 0x00
core   0: 0x000000008000feae (0xfc843703) ld      a4, -56(s0)
core   0: 3 0x000000008000feae (0xfc843703) x14 0x0000000080012040 mem 0x0000000080031f38
core   0: 0x000000008000feb2 (0xfb843783) ld      a5, -72(s0)
core   0: 3 0x000000008000feb2 (0xfb843783) x15 0x000000000000009c mem 0x0000000080031f28
core   0: 0x000000008000feb6 (0x000097ba) c.add   a5, a4
core   0: 3 0x000000008000feb6 (0x97ba) x15 0x00000000800120dc
core   0: 0x000000008000feb8 (0xfe043703) ld      a4, -32(s0)
core   0: 3 0x000000008000feb8 (0xfe043703) x14 0x00000000800120d3 mem 0x0000000080031f50
core   0: 0x000000008000febc (0xfcf76de3) bltu    a4, a5, pc - 38
core   0: 3 0x000000008000febc (0xfcf76de3)
core   0: 0x000000008000fe96 (0xfe043783) ld      a5, -32(s0)
core   0: 3 0x000000008000fe96 (0xfe043783) x15 0x00000000800120d3 mem 0x0000000080031f50
core   0: 0x000000008000fe9a (0x00178713) addi    a4, a5, 1
core   0: 3 0x000000008000fe9a (0x00178713) x14 0x00000000800120d4
core   0: 0x000000008000fe9e (0xfee43023) sd      a4, -32(s0)
core   0: 3 0x000000008000fe9e (0xfee43023) mem 0x0000000080031f50 0x00000000800120d4
core   0: 0x000000008000fea2 (0xfc442703) lw      a4, -60(s0)
core   0: 3 0x000000008000fea2 (0xfc442703) x14 0x0000000000000000 mem 0x0000000080031f34
core   0: 0x000000008000fea6 (0x0ff77713) andi    a4, a4, 255
core   0: 3 0x000000008000fea6 (0x0ff77713) x14 0x0000000000000000
core   0: 0x000000008000feaa (0x00e78023) sb      a4, 0(a5)
core   0: 3 0x000000008000feaa (0x00e78023) mem 0x00000000800120d3 0x00
core   0: 0x000000008000feae (0xfc843703) ld      a4, -56(s0)
core   0: 3 0x000000008000feae (0xfc843703) x14 0x0000000080012040 mem 0x0000000080031f38
core   0: 0x000000008000feb2 (0xfb843783) ld      a5, -72(s0)
core   0: 3 0x000000008000feb2 (0xfb843783) x15 0x000000000000009c mem 0x0000000080031f28
core   0: 0x000000008000feb6 (0x000097ba) c.add   a5, a4
core   0: 3 0x000000008000feb6 (0x97ba) x15 0x00000000800120dc
core   0: 0x000000008000feb8 (0xfe043703) ld      a4, -32(s0)
core   0: 3 0x000000008000feb8 (0xfe043703) x14 0x00000000800120d4 mem 0x0000000080031f50
core   0: 0x000000008000febc (0xfcf76de3) bltu    a4, a5, pc - 38
core   0: 3 0x000000008000febc (0xfcf76de3)
core   0: 0x000000008000fe96 (0xfe043783) ld      a5, -32(s0)
core   0: 3 0x000000008000fe96 (0xfe043783) x15 0x00000000800120d4 mem 0x0000000080031f50
core   0: 0x000000008000fe9a (0x00178713) addi    a4, a5, 1
core   0: 3 0x000000008000fe9a (0x00178713) x14 0x00000000800120d5
core   0: 0x000000008000fe9e (0xfee43023) sd      a4, -32(s0)
core   0: 3 0x000000008000fe9e (0xfee43023) mem 0x0000000080031f50 0x00000000800120d5
core   0: 0x000000008000fea2 (0xfc442703) lw      a4, -60(s0)
core   0: 3 0x000000008000fea2 (0xfc442703) x14 0x0000000000000000 mem 0x0000000080031f34
core   0: 0x000000008000fea6 (0x0ff77713) andi    a4, a4, 255
core   0: 3 0x000000008000fea6 (0x0ff77713) x14 0x0000000000000000
core   0: 0x000000008000feaa (0x00e78023) sb      a4, 0(a5)
core   0: 3 0x000000008000feaa (0x00e78023) mem 0x00000000800120d4 0x00
core   0: 0x000000008000feae (0xfc843703) ld      a4, -56(s0)
core   0: 3 0x000000008000feae (0xfc843703) x14 0x0000000080012040 mem 0x0000000080031f38
core   0: 0x000000008000feb2 (0xfb843783) ld      a5, -72(s0)
core   0: 3 0x000000008000feb2 (0xfb843783) x15 0x000000000000009c mem 0x0000000080031f28
core   0: 0x000000008000feb6 (0x000097ba) c.add   a5, a4
core   0: 3 0x000000008000feb6 (0x97ba) x15 0x00000000800120dc
core   0: 0x000000008000feb8 (0xfe043703) ld      a4, -32(s0)
core   0: 3 0x000000008000feb8 (0xfe043703) x14 0x00000000800120d5 mem 0x0000000080031f50
core   0: 0x000000008000febc (0xfcf76de3) bltu    a4, a5, pc - 38
core   0: 3 0x000000008000febc (0xfcf76de3)
core   0: 0x000000008000fe96 (0xfe043783) ld      a5, -32(s0)
core   0: 3 0x000000008000fe96 (0xfe043783) x15 0x00000000800120d5 mem 0x0000000080031f50
core   0: 0x000000008000fe9a (0x00178713) addi    a4, a5, 1
core   0: 3 0x000000008000fe9a (0x00178713) x14 0x00000000800120d6
core   0: 0x000000008000fe9e (0xfee43023) sd      a4, -32(s0)
core   0: 3 0x000000008000fe9e (0xfee43023) mem 0x0000000080031f50 0x00000000800120d6
core   0: 0x000000008000fea2 (0xfc442703) lw      a4, -60(s0)
core   0: 3 0x000000008000fea2 (0xfc442703) x14 0x0000000000000000 mem 0x0000000080031f34
core   0: 0x000000008000fea6 (0x0ff77713) andi    a4, a4, 255
core   0: 3 0x000000008000fea6 (0x0ff77713) x14 0x0000000000000000
core   0: 0x000000008000feaa (0x00e78023) sb      a4, 0(a5)
core   0: 3 0x000000008000feaa (0x00e78023) mem 0x00000000800120d5 0x00
core   0: 0x000000008000feae (0xfc843703) ld      a4, -56(s0)
core   0: 3 0x000000008000feae (0xfc843703) x14 0x0000000080012040 mem 0x0000000080031f38
core   0: 0x000000008000feb2 (0xfb843783) ld      a5, -72(s0)
core   0: 3 0x000000008000feb2 (0xfb843783) x15 0x000000000000009c mem 0x0000000080031f28
core   0: 0x000000008000feb6 (0x000097ba) c.add   a5, a4
core   0: 3 0x000000008000feb6 (0x97ba) x15 0x00000000800120dc
core   0: 0x000000008000feb8 (0xfe043703) ld      a4, -32(s0)
core   0: 3 0x000000008000feb8 (0xfe043703) x14 0x00000000800120d6 mem 0x0000000080031f50
core   0: 0x000000008000febc (0xfcf76de3) bltu    a4, a5, pc - 38
core   0: 3 0x000000008000febc (0xfcf76de3)
core   0: 0x000000008000fe96 (0xfe043783) ld      a5, -32(s0)
core   0: 3 0x000000008000fe96 (0xfe043783) x15 0x00000000800120d6 mem 0x0000000080031f50
core   0: 0x000000008000fe9a (0x00178713) addi    a4, a5, 1
core   0: 3 0x000000008000fe9a (0x00178713) x14 0x00000000800120d7
core   0: 0x000000008000fe9e (0xfee43023) sd      a4, -32(s0)
core   0: 3 0x000000008000fe9e (0xfee43023) mem 0x0000000080031f50 0x00000000800120d7
core   0: 0x000000008000fea2 (0xfc442703) lw      a4, -60(s0)
core   0: 3 0x000000008000fea2 (0xfc442703) x14 0x0000000000000000 mem 0x0000000080031f34
core   0: 0x000000008000fea6 (0x0ff77713) andi    a4, a4, 255
core   0: 3 0x000000008000fea6 (0x0ff77713) x14 0x0000000000000000
core   0: 0x000000008000feaa (0x00e78023) sb      a4, 0(a5)
core   0: 3 0x000000008000feaa (0x00e78023) mem 0x00000000800120d6 0x00
core   0: 0x000000008000feae (0xfc843703) ld      a4, -56(s0)
core   0: 3 0x000000008000feae (0xfc843703) x14 0x0000000080012040 mem 0x0000000080031f38
core   0: 0x000000008000feb2 (0xfb843783) ld      a5, -72(s0)
core   0: 3 0x000000008000feb2 (0xfb843783) x15 0x000000000000009c mem 0x0000000080031f28
core   0: 0x000000008000feb6 (0x000097ba) c.add   a5, a4
core   0: 3 0x000000008000feb6 (0x97ba) x15 0x00000000800120dc
core   0: 0x000000008000feb8 (0xfe043703) ld      a4, -32(s0)
core   0: 3 0x000000008000feb8 (0xfe043703) x14 0x00000000800120d7 mem 0x0000000080031f50
core   0: 0x000000008000febc (0xfcf76de3) bltu    a4, a5, pc - 38
core   0: 3 0x000000008000febc (0xfcf76de3)
core   0: 0x000000008000fe96 (0xfe043783) ld      a5, -32(s0)
core   0: 3 0x000000008000fe96 (0xfe043783) x15 0x00000000800120d7 mem 0x0000000080031f50
core   0: 0x000000008000fe9a (0x00178713) addi    a4, a5, 1
core   0: 3 0x000000008000fe9a (0x00178713) x14 0x00000000800120d8
core   0: 0x000000008000fe9e (0xfee43023) sd      a4, -32(s0)
core   0: 3 0x000000008000fe9e (0xfee43023) mem 0x0000000080031f50 0x00000000800120d8
core   0: 0x000000008000fea2 (0xfc442703) lw      a4, -60(s0)
core   0: 3 0x000000008000fea2 (0xfc442703) x14 0x0000000000000000 mem 0x0000000080031f34
core   0: 0x000000008000fea6 (0x0ff77713) andi    a4, a4, 255
core   0: 3 0x000000008000fea6 (0x0ff77713) x14 0x0000000000000000
core   0: 0x000000008000feaa (0x00e78023) sb      a4, 0(a5)
core   0: 3 0x000000008000feaa (0x00e78023) mem 0x00000000800120d7 0x00
core   0: 0x000000008000feae (0xfc843703) ld      a4, -56(s0)
core   0: 3 0x000000008000feae (0xfc843703) x14 0x0000000080012040 mem 0x0000000080031f38
core   0: 0x000000008000feb2 (0xfb843783) ld      a5, -72(s0)
core   0: 3 0x000000008000feb2 (0xfb843783) x15 0x000000000000009c mem 0x0000000080031f28
core   0: 0x000000008000feb6 (0x000097ba) c.add   a5, a4
core   0: 3 0x000000008000feb6 (0x97ba) x15 0x00000000800120dc
core   0: 0x000000008000feb8 (0xfe043703) ld      a4, -32(s0)
core   0: 3 0x000000008000feb8 (0xfe043703) x14 0x00000000800120d8 mem 0x0000000080031f50
core   0: 0x000000008000febc (0xfcf76de3) bltu    a4, a5, pc - 38
core   0: 3 0x000000008000febc (0xfcf76de3)
core   0: 0x000000008000fe96 (0xfe043783) ld      a5, -32(s0)
core   0: 3 0x000000008000fe96 (0xfe043783) x15 0x00000000800120d8 mem 0x0000000080031f50
core   0: 0x000000008000fe9a (0x00178713) addi    a4, a5, 1
core   0: 3 0x000000008000fe9a (0x00178713) x14 0x00000000800120d9
core   0: 0x000000008000fe9e (0xfee43023) sd      a4, -32(s0)
core   0: 3 0x000000008000fe9e (0xfee43023) mem 0x0000000080031f50 0x00000000800120d9
core   0: 0x000000008000fea2 (0xfc442703) lw      a4, -60(s0)
core   0: 3 0x000000008000fea2 (0xfc442703) x14 0x0000000000000000 mem 0x0000000080031f34
core   0: 0x000000008000fea6 (0x0ff77713) andi    a4, a4, 255
core   0: 3 0x000000008000fea6 (0x0ff77713) x14 0x0000000000000000
core   0: 0x000000008000feaa (0x00e78023) sb      a4, 0(a5)
core   0: 3 0x000000008000feaa (0x00e78023) mem 0x00000000800120d8 0x00
core   0: 0x000000008000feae (0xfc843703) ld      a4, -56(s0)
core   0: 3 0x000000008000feae (0xfc843703) x14 0x0000000080012040 mem 0x0000000080031f38
core   0: 0x000000008000feb2 (0xfb843783) ld      a5, -72(s0)
core   0: 3 0x000000008000feb2 (0xfb843783) x15 0x000000000000009c mem 0x0000000080031f28
core   0: 0x000000008000feb6 (0x000097ba) c.add   a5, a4
core   0: 3 0x000000008000feb6 (0x97ba) x15 0x00000000800120dc
core   0: 0x000000008000feb8 (0xfe043703) ld      a4, -32(s0)
core   0: 3 0x000000008000feb8 (0xfe043703) x14 0x00000000800120d9 mem 0x0000000080031f50
core   0: 0x000000008000febc (0xfcf76de3) bltu    a4, a5, pc - 38
core   0: 3 0x000000008000febc (0xfcf76de3)
core   0: 0x000000008000fe96 (0xfe043783) ld      a5, -32(s0)
core   0: 3 0x000000008000fe96 (0xfe043783) x15 0x00000000800120d9 mem 0x0000000080031f50
core   0: 0x000000008000fe9a (0x00178713) addi    a4, a5, 1
core   0: 3 0x000000008000fe9a (0x00178713) x14 0x00000000800120da
core   0: 0x000000008000fe9e (0xfee43023) sd      a4, -32(s0)
core   0: 3 0x000000008000fe9e (0xfee43023) mem 0x0000000080031f50 0x00000000800120da
core   0: 0x000000008000fea2 (0xfc442703) lw      a4, -60(s0)
core   0: 3 0x000000008000fea2 (0xfc442703) x14 0x0000000000000000 mem 0x0000000080031f34
core   0: 0x000000008000fea6 (0x0ff77713) andi    a4, a4, 255
core   0: 3 0x000000008000fea6 (0x0ff77713) x14 0x0000000000000000
core   0: 0x000000008000feaa (0x00e78023) sb      a4, 0(a5)
core   0: 3 0x000000008000feaa (0x00e78023) mem 0x00000000800120d9 0x00
core   0: 0x000000008000feae (0xfc843703) ld      a4, -56(s0)
core   0: 3 0x000000008000feae (0xfc843703) x14 0x0000000080012040 mem 0x0000000080031f38
core   0: 0x000000008000feb2 (0xfb843783) ld      a5, -72(s0)
core   0: 3 0x000000008000feb2 (0xfb843783) x15 0x000000000000009c mem 0x0000000080031f28
core   0: 0x000000008000feb6 (0x000097ba) c.add   a5, a4
core   0: 3 0x000000008000feb6 (0x97ba) x15 0x00000000800120dc
core   0: 0x000000008000feb8 (0xfe043703) ld      a4, -32(s0)
core   0: 3 0x000000008000feb8 (0xfe043703) x14 0x00000000800120da mem 0x0000000080031f50
core   0: 0x000000008000febc (0xfcf76de3) bltu    a4, a5, pc - 38
core   0: 3 0x000000008000febc (0xfcf76de3)
core   0: 0x000000008000fe96 (0xfe043783) ld      a5, -32(s0)
core   0: 3 0x000000008000fe96 (0xfe043783) x15 0x00000000800120da mem 0x0000000080031f50
core   0: 0x000000008000fe9a (0x00178713) addi    a4, a5, 1
core   0: 3 0x000000008000fe9a (0x00178713) x14 0x00000000800120db
core   0: 0x000000008000fe9e (0xfee43023) sd      a4, -32(s0)
core   0: 3 0x000000008000fe9e (0xfee43023) mem 0x0000000080031f50 0x00000000800120db
core   0: 0x000000008000fea2 (0xfc442703) lw      a4, -60(s0)
core   0: 3 0x000000008000fea2 (0xfc442703) x14 0x0000000000000000 mem 0x0000000080031f34
core   0: 0x000000008000fea6 (0x0ff77713) andi    a4, a4, 255
core   0: 3 0x000000008000fea6 (0x0ff77713) x14 0x0000000000000000
core   0: 0x000000008000feaa (0x00e78023) sb      a4, 0(a5)
core   0: 3 0x000000008000feaa (0x00e78023) mem 0x00000000800120da 0x00
core   0: 0x000000008000feae (0xfc843703) ld      a4, -56(s0)
core   0: 3 0x000000008000feae (0xfc843703) x14 0x0000000080012040 mem 0x0000000080031f38
core   0: 0x000000008000feb2 (0xfb843783) ld      a5, -72(s0)
core   0: 3 0x000000008000feb2 (0xfb843783) x15 0x000000000000009c mem 0x0000000080031f28
core   0: 0x000000008000feb6 (0x000097ba) c.add   a5, a4
core   0: 3 0x000000008000feb6 (0x97ba) x15 0x00000000800120dc
core   0: 0x000000008000feb8 (0xfe043703) ld      a4, -32(s0)
core   0: 3 0x000000008000feb8 (0xfe043703) x14 0x00000000800120db mem 0x0000000080031f50
core   0: 0x000000008000febc (0xfcf76de3) bltu    a4, a5, pc - 38
core   0: 3 0x000000008000febc (0xfcf76de3)
core   0: 0x000000008000fe96 (0xfe043783) ld      a5, -32(s0)
core   0: 3 0x000000008000fe96 (0xfe043783) x15 0x00000000800120db mem 0x0000000080031f50
core   0: 0x000000008000fe9a (0x00178713) addi    a4, a5, 1
core   0: 3 0x000000008000fe9a (0x00178713) x14 0x00000000800120dc
core   0: 0x000000008000fe9e (0xfee43023) sd      a4, -32(s0)
core   0: 3 0x000000008000fe9e (0xfee43023) mem 0x0000000080031f50 0x00000000800120dc
core   0: 0x000000008000fea2 (0xfc442703) lw      a4, -60(s0)
core   0: 3 0x000000008000fea2 (0xfc442703) x14 0x0000000000000000 mem 0x0000000080031f34
core   0: 0x000000008000fea6 (0x0ff77713) andi    a4, a4, 255
core   0: 3 0x000000008000fea6 (0x0ff77713) x14 0x0000000000000000
core   0: 0x000000008000feaa (0x00e78023) sb      a4, 0(a5)
core   0: 3 0x000000008000feaa (0x00e78023) mem 0x00000000800120db 0x00
core   0: 0x000000008000feae (0xfc843703) ld      a4, -56(s0)
core   0: 3 0x000000008000feae (0xfc843703) x14 0x0000000080012040 mem 0x0000000080031f38
core   0: 0x000000008000feb2 (0xfb843783) ld      a5, -72(s0)
core   0: 3 0x000000008000feb2 (0xfb843783) x15 0x000000000000009c mem 0x0000000080031f28
core   0: 0x000000008000feb6 (0x000097ba) c.add   a5, a4
core   0: 3 0x000000008000feb6 (0x97ba) x15 0x00000000800120dc
core   0: 0x000000008000feb8 (0xfe043703) ld      a4, -32(s0)
core   0: 3 0x000000008000feb8 (0xfe043703) x14 0x00000000800120dc mem 0x0000000080031f50
core   0: 0x000000008000febc (0xfcf76de3) bltu    a4, a5, pc - 38
core   0: 3 0x000000008000febc (0xfcf76de3)
core   0: 0x000000008000fec0 (0xfc843783) ld      a5, -56(s0)
core   0: 3 0x000000008000fec0 (0xfc843783) x15 0x0000000080012040 mem 0x0000000080031f38
core   0: 0x000000008000fec4 (0x0000853e) c.mv    a0, a5
core   0: 3 0x000000008000fec4 (0x853e) x10 0x0000000080012040
core   0: 0x000000008000fec6 (0x00006426) c.ldsp  s0, 72(sp)
core   0: 3 0x000000008000fec6 (0x6426) x8  0x0000000080031f90 mem 0x0000000080031f68
core   0: 0x000000008000fec8 (0x00006161) c.addi16sp sp, 80
core   0: 3 0x000000008000fec8 (0x6161) x2  0x0000000080031f70
core   0: 0x000000008000feca (0x00008082) ret
core   0: 3 0x000000008000feca (0x8082)
core   0: 0x000000008000f47e (0x00000001) c.nop
core   0: 3 0x000000008000f47e (0x0001)
core   0: 0x000000008000f480 (0x000060e2) c.ldsp  ra, 24(sp)
core   0: 3 0x000000008000f480 (0x60e2) x1  0x000000008000f4be mem 0x0000000080031f88
core   0: 0x000000008000f482 (0x00006442) c.ldsp  s0, 16(sp)
core   0: 3 0x000000008000f482 (0x6442) x8  0x0000000080032040 mem 0x0000000080031f80
core   0: 0x000000008000f484 (0x00006105) c.addi16sp sp, 32
core   0: 3 0x000000008000f484 (0x6105) x2  0x0000000080031f90
core   0: 0x000000008000f486 (0x00008082) ret
core   0: 3 0x000000008000f486 (0x8082)
core   0: 0x000000008000f4be (0xf5842703) lw      a4, -168(s0)
core   0: 3 0x000000008000f4be (0xf5842703) x14 0x0000000000000001 mem 0x0000000080031f98
core   0: 0x000000008000f4c2 (0xf5c42783) lw      a5, -164(s0)
core   0: 3 0x000000008000f4c2 (0xf5c42783) x15 0x0000000000000000 mem 0x0000000080031f9c
core   0: 0x000000008000f4c6 (0x000085ba) c.mv    a1, a4
core   0: 3 0x000000008000f4c6 (0x85ba) x11 0x0000000000000001
core   0: 0x000000008000f4c8 (0x0000853e) c.mv    a0, a5
core   0: 3 0x000000008000f4c8 (0x853e) x10 0x0000000000000000
core   0: 0x000000008000f4ca (0xf03ff0ef) jal     pc - 0xfe
core   0: 3 0x000000008000f4ca (0xf03ff0ef) x1  0x000000008000f4ce
core   0: >>>>  thread_entry
core   0: 0x000000008000f3cc (0x00001101) c.addi  sp, -32
core   0: 3 0x000000008000f3cc (0x1101) x2  0x0000000080031f70
core   0: 0x000000008000f3ce (0x0000ec22) c.sdsp  s0, 24(sp)
core   0: 3 0x000000008000f3ce (0xec22) mem 0x0000000080031f88 0x0000000080032040
core   0: 0x000000008000f3d0 (0x00001000) c.addi4spn s0, sp, 32
core   0: 3 0x000000008000f3d0 (0x1000) x8  0x0000000080031f90
core   0: 0x000000008000f3d2 (0x000087aa) c.mv    a5, a0
core   0: 3 0x000000008000f3d2 (0x87aa) x15 0x0000000000000000
core   0: 0x000000008000f3d4 (0x0000872e) c.mv    a4, a1
core   0: 3 0x000000008000f3d4 (0x872e) x14 0x0000000000000001
core   0: 0x000000008000f3d6 (0xfef42623) sw      a5, -20(s0)
core   0: 3 0x000000008000f3d6 (0xfef42623) mem 0x0000000080031f7c 0x00000000
core   0: 0x000000008000f3da (0x000087ba) c.mv    a5, a4
core   0: 3 0x000000008000f3da (0x87ba) x15 0x0000000000000001
core   0: 0x000000008000f3dc (0xfef42423) sw      a5, -24(s0)
core   0: 3 0x000000008000f3dc (0xfef42423) mem 0x0000000080031f78 0x00000001
core   0: 0x000000008000f3e0 (0x00000001) c.nop
core   0: 3 0x000000008000f3e0 (0x0001)
core   0: 0x000000008000f3e2 (0xfec42783) lw      a5, -20(s0)
core   0: 3 0x000000008000f3e2 (0xfec42783) x15 0x0000000000000000 mem 0x0000000080031f7c
core   0: 0x000000008000f3e6 (0x00002781) c.addiw a5, 0
core   0: 3 0x000000008000f3e6 (0x2781) x15 0x0000000000000000
core   0: 0x000000008000f3e8 (0x0000ffed) c.bnez  a5, pc - 6
core   0: 3 0x000000008000f3e8 (0xffed)
core   0: 0x000000008000f3ea (0x00000001) c.nop
core   0: 3 0x000000008000f3ea (0x0001)
core   0: 0x000000008000f3ec (0x00000001) c.nop
core   0: 3 0x000000008000f3ec (0x0001)
core   0: 0x000000008000f3ee (0x00006462) c.ldsp  s0, 24(sp)
core   0: 3 0x000000008000f3ee (0x6462) x8  0x0000000080032040 mem 0x0000000080031f88
core   0: 0x000000008000f3f0 (0x00006105) c.addi16sp sp, 32
core   0: 3 0x000000008000f3f0 (0x6105) x2  0x0000000080031f90
core   0: 0x000000008000f3f2 (0x00008082) ret
core   0: 3 0x000000008000f3f2 (0x8082)
core   0: 0x000000008000f4ce (0x00004581) c.li    a1, 0
core   0: 3 0x000000008000f4ce (0x4581) x11 0x0000000000000000
core   0: 0x000000008000f4d0 (0x00004501) c.li    a0, 0
core   0: 3 0x000000008000f4d0 (0x4501) x10 0x0000000000000000
core   0: 0x000000008000f4d2 (0xb2ff20ef) jal     pc - 0xd4d2
core   0: 3 0x000000008000f4d2 (0xb2ff20ef) x1  0x000000008000f4d6
core   0: >>>>  main
core   0: 0x0000000080002000 (0x00000001) c.nop
core   0: 3 0x0000000080002000 (0x0001)
core   0: >>>>  trap_vec_init
core   0: 0x0000000080002002 (0x00002797) auipc   a5, 0x2
core   0: 3 0x0000000080002002 (0x00002797) x15 0x0000000080004002
core   0: 0x0000000080002006 (0xffe78793) addi    a5, a5, -2
core   0: 3 0x0000000080002006 (0xffe78793) x15 0x0000000080004000
core   0: 0x000000008000200a (0x30579073) csrrw   zero, mtvec, a5
core   0: 3 0x000000008000200a (0x30579073) c773_mtvec 0x0000000080004000
core   0: >>>>  pmp_setup
core   0: 0x000000008000200e (0x00002c17) auipc   s8, 0x2
core   0: 3 0x000000008000200e (0x00002c17) x24 0x000000008000400e
core   0: 0x0000000080002012 (0x022c0c13) addi    s8, s8, 34
core   0: 3 0x0000000080002012 (0x022c0c13) x24 0x0000000080004030
core   0: 0x0000000080002016 (0x00004781) c.li    a5, 0
core   0: 3 0x0000000080002016 (0x4781) x15 0x0000000000000000
core   0: 0x0000000080002018 (0x00009c3e) c.add   s8, a5
core   0: 3 0x0000000080002018 (0x9c3e) x24 0x0000000080004030
core   0: 0x000000008000201a (0x3b0c1073) csrrw   zero, pmpaddr0, s8
core   0: 3 0x000000008000201a (0x3b0c1073) c944_pmpaddr0 0x0000000080004030
core   0: 0x000000008000201e (0x00004c3d) c.li    s8, 15
core   0: 3 0x000000008000201e (0x4c3d) x24 0x000000000000000f
core   0: 0x0000000080002020 (0x3a0c1073) csrrw   zero, pmpcfg0, s8
core   0: 3 0x0000000080002020 (0x3a0c1073) c928_pmpcfg0 0x000000000000000f
core   0: 0x0000000080002024 (0x12000073) sfence.vma zero, zero
core   0: 3 0x0000000080002024 (0x12000073)
core   0: >>>>  mepc_setup
core   0: 0x0000000080002028 (0x00002797) auipc   a5, 0x2
core   0: 3 0x0000000080002028 (0x00002797) x15 0x0000000080004028
core   0: 0x000000008000202c (0x00878793) addi    a5, a5, 8
core   0: 3 0x000000008000202c (0x00878793) x15 0x0000000080004030
core   0: 0x0000000080002030 (0x34179073) csrrw   zero, mepc, a5
core   0: 3 0x0000000080002030 (0x34179073) c833_mepc 0x0000000080004030
core   0: >>>>  custom_csr_setup
core   0: 0x0000000080002034 (0x00100f9b) addiw   t6, zero, 1
core   0: 3 0x0000000080002034 (0x00100f9b) x31 0x0000000000000001
core   0: 0x0000000080002038 (0x00000ffe) c.slli  t6, 31
core   0: 3 0x0000000080002038 (0x0ffe) x31 0x0000000080000000
core   0: 0x000000008000203a (0x00000001) c.nop
core   0: 3 0x000000008000203a (0x0001)
core   0: >>>>  init_s_mode
core   0: 0x000000008000203c (0xfff0079b) addiw   a5, zero, -1
core   0: 3 0x000000008000203c (0xfff0079b) x15 0xffffffffffffffff
core   0: 0x0000000080002040 (0x000017fe) c.slli  a5, 63
core   0: 3 0x0000000080002040 (0x17fe) x15 0x8000000000000000
core   0: 0x0000000080002042 (0x18079073) csrrw   zero, satp, a5
core   0: 3 0x0000000080002042 (0x18079073) c384_satp 0x8000000000000000
core   0: 0x0000000080002046 (0x0000f797) auipc   a5, 0xf
core   0: 3 0x0000000080002046 (0x0000f797) x15 0x0000000080011046
core   0: 0x000000008000204a (0xfba78793) addi    a5, a5, -70
core   0: 3 0x000000008000204a (0xfba78793) x15 0x0000000080011000
core   0: 0x000000008000204e (0x000083b1) c.srli  a5, 12
core   0: 3 0x000000008000204e (0x83b1) x15 0x0000000000080011
core   0: 0x0000000080002050 (0x0010061b) addiw   a2, zero, 1
core   0: 3 0x0000000080002050 (0x0010061b) x12 0x0000000000000001
core   0: 0x0000000080002054 (0x00001632) c.slli  a2, 44
core   0: 3 0x0000000080002054 (0x1632) x12 0x0000100000000000
core   0: 0x0000000080002056 (0x0000167d) c.addi  a2, -1
core   0: 3 0x0000000080002056 (0x167d) x12 0x00000fffffffffff
core   0: 0x0000000080002058 (0x00008ff1) c.and   a5, a2
core   0: 3 0x0000000080002058 (0x8ff1) x15 0x0000000000080011
core   0: 0x000000008000205a (0x1807a073) csrrs   zero, satp, a5
core   0: 3 0x000000008000205a (0x1807a073) c384_satp 0x8000000000080011
core   0: 0x000000008000205e (0x00a005b7) lui     a1, 0xa00
core   0: 3 0x000000008000205e (0x00a005b7) x11 0x0000000000a00000
core   0: 0x0000000080002062 (0x10b5859b) addiw   a1, a1, 267
core   0: 3 0x0000000080002062 (0x10b5859b) x11 0x0000000000a0010b
core   0: 0x0000000080002066 (0x000005b2) c.slli  a1, 12
core   0: 3 0x0000000080002066 (0x05b2) x11 0x0000000a0010b000
core   0: 0x0000000080002068 (0xa0058593) addi    a1, a1, -1536
core   0: 3 0x0000000080002068 (0xa0058593) x11 0x0000000a0010aa00
core   0: 0x000000008000206c (0x30059073) csrrw   zero, mstatus, a1
core   0: 3 0x000000008000206c (0x30059073) c768_mstatus 0x0000000a00102800
core   0: 0x0000000080002070 (0x30459073) csrrw   zero, mie, a1
core   0: 3 0x0000000080002070 (0x30459073) c772_mie 0x0000000000000a00
core   0: 0x0000000080002074 (0x00a005b7) lui     a1, 0xa00
core   0: 3 0x0000000080002074 (0x00a005b7) x11 0x0000000000a00000
core   0: 0x0000000080002078 (0x10b5859b) addiw   a1, a1, 267
core   0: 3 0x0000000080002078 (0x10b5859b) x11 0x0000000000a0010b
core   0: 0x000000008000207c (0x000005b2) c.slli  a1, 12
core   0: 3 0x000000008000207c (0x05b2) x11 0x0000000a0010b000
core   0: 0x000000008000207e (0xa0058593) addi    a1, a1, -1536
core   0: 3 0x000000008000207e (0xa0058593) x11 0x0000000a0010aa00
core   0: 0x0000000080002082 (0x10059073) csrrw   zero, sstatus, a1
core   0: 3 0x0000000080002082 (0x10059073) c768_mstatus 0x0000000a00102800
core   0: 0x0000000080002086 (0x10459073) csrrw   zero, sie, a1
core   0: 3 0x0000000080002086 (0x10459073) c772_mie 0x0000000000000a00
core   0: 0x000000008000208a (0x30200073) mret
core   0: 3 0x000000008000208a (0x30200073) c768_mstatus 0x0000000a00102080
core   0: >>>>  main_g
core   0: 0x0000000080004030 (0xd024fdd3) fcvt.s.l fs11, s1
core   0: 1 0x0000000080004030 (0xd024fdd3) c1_fflags 0x0000000000000001 c768_mstatus 0x8000000a00106080 f27 0xffffffff4f000320
core   0: 0x0000000080004034 (0xeb718193) addi    gp, gp, -329
core   0: 1 0x0000000080004034 (0xeb718193) x3  0x00000000800126df
core   0: 0x0000000080004038 (0xfff1f113) andi    sp, gp, -1
core   0: 1 0x0000000080004038 (0xfff1f113) x2  0x00000000800126df
core   0: 0x000000008000403c (0xa2df8c53) fle.d   s8, ft11, fa3
core   0: 1 0x000000008000403c (0xa2df8c53) c1_fflags 0x0000000000000011 x24 0x0000000000000000
core   0: 0x0000000080004040 (0x038c1433) mulh    s0, s8, s8
core   0: 1 0x0000000080004040 (0x038c1433) x8  0x0000000000000000
core   0: 0x0000000080004044 (0x120df1d3) fmul.d  ft3, fs11, ft0
core   0: 1 0x0000000080004044 (0x120df1d3) f3  0x7ff8000000000000
core   0: 0x0000000080004048 (0x9bbf79c3) fmadd.d fs3, ft10, fs11, fs3
core   0: 1 0x0000000080004048 (0x9bbf79c3) f19 0x7ff8000000000000
core   0: 0x000000008000404c (0xa3b60353) fle.d   t1, fa2, fs11
core   0: 1 0x000000008000404c (0xa3b60353) c1_fflags 0x0000000000000011 x6  0x0000000000000000
core   0: 0x0000000080004050 (0x02c342b3) div     t0, t1, a2
core   0: 1 0x0000000080004050 (0x02c342b3) x5  0x0000000000000000
core   0: 0x0000000080004054 (0x236b74c7) fmsub.d fs1, fs6, fs6, ft4
core   0: 1 0x0000000080004054 (0x236b74c7) f9  0x7ff8000000000000
core   0: 0x0000000080004058 (0xd2130e53) fcvt.d.wu ft8, t1
core   0: 1 0x0000000080004058 (0xd2130e53) f28 0x0000000000000000
core   0: 0x000000008000405c (0x030e51b3) divu    gp, t3, a6
core   0: 1 0x000000008000405c (0x030e51b3) x3  0xffffffffffffffff
core   0: 0x0000000080004060 (0xcfa1f893) andi    a7, gp, -774
core   0: 1 0x0000000080004060 (0xcfa1f893) x17 0xfffffffffffffcfa
core   0: 0x0000000080004064 (0xa3148153) fle.d   sp, fs1, fa7
core   0: 1 0x0000000080004064 (0xa3148153) c1_fflags 0x0000000000000011 x2  0x0000000000000000
core   0: 0x0000000080004068 (0xf20502d3) fmv.d.x ft5, a0
core   0: 1 0x0000000080004068 (0xf20502d3) f5  0x0000000000000000
core   0: 0x000000008000406c (0x00000001) c.nop
core   0: 1 0x000000008000406c (0x0001)
core   0: 0x000000008000406e (0x4cf00013) li      zero, 1231
core   0: 1 0x000000008000406e (0x4cf00013)
core   0: 0x0000000080004072 (0x0323ea3b) remw    s4, t2, s2
core   0: 1 0x0000000080004072 (0x0323ea3b) x20 0x0000000000000000
core   0: 0x0000000080004076 (0x034b4dbb) divw    s11, s6, s4
core   0: 1 0x0000000080004076 (0x034b4dbb) x27 0xffffffffffffffff
core   0: 0x000000008000407a (0xf2dd7447) fmsub.d fs0, fs10, fa3, ft10
core   0: 1 0x000000008000407a (0xf2dd7447) f8  0x7ff8000000000000
core   0: 0x000000008000407e (0xd02a71d3) fcvt.s.l ft3, s4
core   0: 1 0x000000008000407e (0xd02a71d3) f3  0xffffffff00000000
core   0: 0x0000000080004082 (0x225113d3) fsgnjn.d ft7, ft2, ft5
core   0: 1 0x0000000080004082 (0x225113d3) f7  0xffffffff00000000
core   0: 0x0000000080004086 (0x22258753) fsgnj.d fa4, fa1, ft2
core   0: 1 0x0000000080004086 (0x22258753) f14 0xffffffff00000000
core   0: 0x000000008000408a (0x005ed83b) srlw    a6, t4, t0
core   0: 1 0x000000008000408a (0x005ed83b) x16 0x0000000000000000
core   0: 0x000000008000408e (0x01a4141b) slliw   s0, s0, 26
core   0: 1 0x000000008000408e (0x01a4141b) x8  0x0000000000000000
core   0: 0x0000000080004092 (0xc04520f3) csrrs   ra, hpmcounter4, a0
core   0: exception trap_illegal_instruction, epc 0x0000000080004092
core   0:           tval 0x00000000c04520f3
core   0: >>>>  $xrv64i2p1_m2p0_a2p1_f2p2_d2p2_zicsr2p0_zifencei2p0_zmmul1p0_zba1p0_zbb1p0_zbc1p0_zbs1p0
core   0: 0x0000000080004000 (0x0080006f) j       pc + 0x8
core   0: 3 0x0000000080004000 (0x0080006f)
core   0: >>>>  mmode_exception_handler
core   0: 0x0000000080004008 (0x00002c17) auipc   s8, 0x2
core   0: 3 0x0000000080004008 (0x00002c17) x24 0x0000000080006008
core   0: 0x000000008000400c (0x0bcc0c13) addi    s8, s8, 188
core   0: 3 0x000000008000400c (0x0bcc0c13) x24 0x00000000800060c4
core   0: 0x0000000080004010 (0x000c00e7) jalr    s8
core   0: 3 0x0000000080004010 (0x000c00e7) x1  0x0000000080004014
core   0: >>>>  any_handler
core   0: 0x00000000800060c4 (0x341027f3) csrrs   a5, mepc, zero
core   0: 3 0x00000000800060c4 (0x341027f3) x15 0x0000000080004092
core   0: 0x00000000800060c8 (0x34202773) csrrs   a4, mcause, zero
core   0: 3 0x00000000800060c8 (0x34202773) x14 0x0000000000000002
core   0: 0x00000000800060cc (0x142026f3) csrrs   a3, scause, zero
core   0: 3 0x00000000800060cc (0x142026f3) x13 0x0000000000000000
core   0: 0x00000000800060d0 (0x30402673) csrrs   a2, mie, zero
core   0: 3 0x00000000800060d0 (0x30402673) x12 0x0000000000000a00
core   0: 0x00000000800060d4 (0x344025f3) csrrs   a1, mip, zero
core   0: 3 0x00000000800060d4 (0x344025f3) x11 0x0000000000000080
core   0: 0x00000000800060d8 (0x343025f3) csrrs   a1, mtval, zero
core   0: 3 0x00000000800060d8 (0x343025f3) x11 0x00000000c04520f3
core   0: 0x00000000800060dc (0x14302573) csrrs   a0, stval, zero
core   0: 3 0x00000000800060dc (0x14302573) x10 0x0000000000000000
core   0: 0x00000000800060e0 (0xb02024f3) csrrs   s1, minstret, zero
core   0: 3 0x00000000800060e0 (0xb02024f3) x9  0x00000000000007e4
core   0: 0x00000000800060e4 (0x0000a811) c.j     pc + 20
core   0: 3 0x00000000800060e4 (0xa811)
core   0: >>>>  mepc_4
core   0: 0x00000000800060f8 (0x00000791) c.addi  a5, 4
core   0: 3 0x00000000800060f8 (0x0791) x15 0x0000000080004096
core   0: 0x00000000800060fa (0x34179073) csrrw   zero, mepc, a5
core   0: 3 0x00000000800060fa (0x34179073) c833_mepc 0x0000000080004096
core   0: 0x00000000800060fe (0x30200073) mret
core   0: 3 0x00000000800060fe (0x30200073) c768_mstatus 0x8000000a00106080
core   0: 0x0000000080004096 (0x401c5d1b) sraiw   s10, s8, 1
core   0: 1 0x0000000080004096 (0x401c5d1b) x26 0xffffffffc0003062
core   0: 0x000000008000409a (0x0a45f393) andi    t2, a1, 164
core   0: 1 0x000000008000409a (0x0a45f393) x7  0x00000000000000a0
core   0: 0x000000008000409e (0x0a9dfcd3) fsub.d  fs9, fs11, fs1
core   0: 1 0x000000008000409e (0x0a9dfcd3) f25 0x7ff8000000000000
core   0: 0x00000000800040a2 (0x0073ddb3) srl     s11, t2, t2
core   0: 1 0x00000000800040a2 (0x0073ddb3) x27 0x0000000000000000
core   0: 0x00000000800040a6 (0x02355193) srli    gp, a0, 35
core   0: 1 0x00000000800040a6 (0x02355193) x3  0x0000000000000000
core   0: 0x00000000800040aa (0x2a1c88d3) fmin.d  fa7, fs9, ft1
core   0: 1 0x00000000800040aa (0x2a1c88d3) f17 0x7ff8000000000000
core   0: 0x00000000800040ae (0x02d64a37) lui     s4, 0x2d64
core   0: 1 0x00000000800040ae (0x02d64a37) x20 0x0000000002d64000
core   0: 0x00000000800040b2 (0x28ba0a1b) addiw   s4, s4, 651
core   0: 1 0x00000000800040b2 (0x28ba0a1b) x20 0x0000000002d6428b
core   0: 0x00000000800040b6 (0x00000a32) c.slli  s4, 12
core   0: 1 0x00000000800040b6 (0x0a32) x20 0x0000002d6428b000
core   0: 0x00000000800040b8 (0x74aa0a13) addi    s4, s4, 1866
core   0: 1 0x00000000800040b8 (0x74aa0a13) x20 0x0000002d6428b74a
core   0: 0x00000000800040bc (0x4105559b) sraiw   a1, a0, 16
core   0: 1 0x00000000800040bc (0x4105559b) x11 0x0000000000000000
core   0: 0x00000000800040c0 (0x7ff5e913) ori     s2, a1, 2047
core   0: 1 0x00000000800040c0 (0x7ff5e913) x18 0x00000000000007ff
core   0: 0x00000000800040c4 (0x034c56b3) divu    a3, s8, s4
core   0: 1 0x00000000800040c4 (0x034c56b3) x13 0x0000000000000000
core   0: 0x00000000800040c8 (0x40015313) srai    t1, sp, 0
core   0: 1 0x00000000800040c8 (0x40015313) x6  0x0000000000000000
core   0: 0x00000000800040cc (0x026371b3) remu    gp, t1, t1
core   0: 1 0x00000000800040cc (0x026371b3) x3  0x0000000000000000
core   0: 0x00000000800040d0 (0xd0237a53) fcvt.s.l fs4, t1
core   0: 1 0x00000000800040d0 (0xd0237a53) f20 0xffffffff00000000
core   0: 0x00000000800040d4 (0x23e8a6d3) fsgnjx.d fa3, fa7, ft10
core   0: 1 0x00000000800040d4 (0x23e8a6d3) f13 0xfff8000000000000
core   0: 0x00000000800040d8 (0x015356bb) srlw    a3, t1, s5
core   0: 1 0x00000000800040d8 (0x015356bb) x13 0x0000000000000000
core   0: 0x00000000800040dc (0xe2028153) fmv.x.d sp, ft5
core   0: 1 0x00000000800040dc (0xe2028153) x2  0x0000000000000000
core   0: 0x00000000800040e0 (0xdadb7947) fmsub.d fs2, fs6, fa3, fs11
core   0: 1 0x00000000800040e0 (0xdadb7947) f18 0x7ff8000000000000
core   0: 0x00000000800040e4 (0x01245433) srl     s0, s0, s2
core   0: 1 0x00000000800040e4 (0x01245433) x8  0x0000000000000000
core   0: 0x00000000800040e8 (0xc23dfc53) fcvt.lu.d s8, fs11
core   0: 1 0x00000000800040e8 (0xc23dfc53) c1_fflags 0x0000000000000011 x24 0xffffffffffffffff
core   0: 0x00000000800040ec (0x2212ad53) fsgnjx.d fs10, ft5, ft1
core   0: 1 0x00000000800040ec (0x2212ad53) f26 0x8000000000000000
core   0: 0x00000000800040f0 (0xb250e393) ori     t2, ra, -1243
core   0: 1 0x00000000800040f0 (0xb250e393) x7  0xfffffffffffffb35
core   0: 0x00000000800040f4 (0x037c44bb) divw    s1, s8, s7
core   0: 1 0x00000000800040f4 (0x037c44bb) x9  0xffffffffffffffff
core   0: 0x00000000800040f8 (0xd23c7e53) fcvt.d.lu ft8, s8
core   0: 1 0x00000000800040f8 (0xd23c7e53) c1_fflags 0x0000000000000011 f28 0x43f0000000000000
core   0: 0x00000000800040fc (0x03998e3b) mulw    t3, s3, s9
core   0: 1 0x00000000800040fc (0x03998e3b) x28 0x0000000000000000
core   0: 0x0000000080004100 (0xe20f83d3) fmv.x.d t2, ft11
core   0: 1 0x0000000080004100 (0xe20f83d3) x7  0xffffffff00000000
core   0: 0x0000000080004104 (0x0120191b) slliw   s2, zero, 18
core   0: 1 0x0000000080004104 (0x0120191b) x18 0x0000000000000000
core   0: 0x0000000080004108 (0x13610b13) addi    s6, sp, 310
core   0: 1 0x0000000080004108 (0x13610b13) x22 0x0000000000000136
core   0: 0x000000008000410c (0x747eb973) csrrc   s2, mseccfg, t4
core   0: exception trap_illegal_instruction, epc 0x000000008000410c
core   0:           tval 0x00000000747eb973
core   0: >>>>  $xrv64i2p1_m2p0_a2p1_f2p2_d2p2_zicsr2p0_zifencei2p0_zmmul1p0_zba1p0_zbb1p0_zbc1p0_zbs1p0
core   0: 0x0000000080004000 (0x0080006f) j       pc + 0x8
core   0: 3 0x0000000080004000 (0x0080006f)
core   0: >>>>  mmode_exception_handler
core   0: 0x0000000080004008 (0x00002c17) auipc   s8, 0x2
core   0: 3 0x0000000080004008 (0x00002c17) x24 0x0000000080006008
core   0: 0x000000008000400c (0x0bcc0c13) addi    s8, s8, 188
core   0: 3 0x000000008000400c (0x0bcc0c13) x24 0x00000000800060c4
core   0: 0x0000000080004010 (0x000c00e7) jalr    s8
core   0: 3 0x0000000080004010 (0x000c00e7) x1  0x0000000080004014
core   0: >>>>  any_handler
core   0: 0x00000000800060c4 (0x341027f3) csrrs   a5, mepc, zero
core   0: 3 0x00000000800060c4 (0x341027f3) x15 0x000000008000410c
core   0: 0x00000000800060c8 (0x34202773) csrrs   a4, mcause, zero
core   0: 3 0x00000000800060c8 (0x34202773) x14 0x0000000000000002
core   0: 0x00000000800060cc (0x142026f3) csrrs   a3, scause, zero
core   0: 3 0x00000000800060cc (0x142026f3) x13 0x0000000000000000
core   0: 0x00000000800060d0 (0x30402673) csrrs   a2, mie, zero
core   0: 3 0x00000000800060d0 (0x30402673) x12 0x0000000000000a00
core   0: 0x00000000800060d4 (0x344025f3) csrrs   a1, mip, zero
core   0: 3 0x00000000800060d4 (0x344025f3) x11 0x0000000000000080
core   0: 0x00000000800060d8 (0x343025f3) csrrs   a1, mtval, zero
core   0: 3 0x00000000800060d8 (0x343025f3) x11 0x00000000747eb973
core   0: 0x00000000800060dc (0x14302573) csrrs   a0, stval, zero
core   0: 3 0x00000000800060dc (0x14302573) x10 0x0000000000000000
core   0: 0x00000000800060e0 (0xb02024f3) csrrs   s1, minstret, zero
core   0: 3 0x00000000800060e0 (0xb02024f3) x9  0x0000000000000812
core   0: 0x00000000800060e4 (0x0000a811) c.j     pc + 20
core   0: 3 0x00000000800060e4 (0xa811)
core   0: >>>>  mepc_4
core   0: 0x00000000800060f8 (0x00000791) c.addi  a5, 4
core   0: 3 0x00000000800060f8 (0x0791) x15 0x0000000080004110
core   0: 0x00000000800060fa (0x34179073) csrrw   zero, mepc, a5
core   0: 3 0x00000000800060fa (0x34179073) c833_mepc 0x0000000080004110
core   0: 0x00000000800060fe (0x30200073) mret
core   0: 3 0x00000000800060fe (0x30200073) c768_mstatus 0x8000000a00106080
core   0: 0x0000000080004110 (0x417c84b3) sub     s1, s9, s7
core   0: 1 0x0000000080004110 (0x417c84b3) x9  0x0000000000000000
core   0: 0x0000000080004114 (0x01b419b3) sll     s3, s0, s11
core   0: 1 0x0000000080004114 (0x01b419b3) x19 0x0000000000000000
core   0: 0x0000000080004118 (0xc02c73d3) fcvt.l.s t2, fs8
core   0: 1 0x0000000080004118 (0xc02c73d3) x7  0x0000000000000000
core   0: 0x000000008000411c (0x408181bb) subw    gp, gp, s0
core   0: 1 0x000000008000411c (0x408181bb) x3  0x0000000000000000
core   0: 0x0000000080004120 (0x000a9313) slli    t1, s5, 0
core   0: 1 0x0000000080004120 (0x000a9313) x6  0x0000000000000000
core   0: 0x0000000080004124 (0x0a2f7f53) fsub.d  ft10, ft10, ft2
core   0: 1 0x0000000080004124 (0x0a2f7f53) f30 0x7ff8000000000000
core   0: 0x0000000080004128 (0x017cc433) xor     s0, s9, s7
core   0: 1 0x0000000080004128 (0x017cc433) x8  0x0000000000000000
core   0: 0x000000008000412c (0x132a7853) fmul.d  fa6, fs4, fs2
core   0: 1 0x000000008000412c (0x132a7853) f16 0x7ff8000000000000
core   0: 0x0000000080004130 (0x407cdab3) sra     s5, s9, t2
core   0: 1 0x0000000080004130 (0x407cdab3) x21 0x0000000000000000
core   0: 0x0000000080004134 (0x23048453) fsgnj.d fs0, fs1, fa6
core   0: 1 0x0000000080004134 (0x23048453) f8  0x7ff8000000000000
core   0: 0x0000000080004138 (0x019394b3) sll     s1, t2, s9
core   0: 1 0x0000000080004138 (0x019394b3) x9  0x0000000000000000
core   0: 0x000000008000413c (0x010a81b3) add     gp, s5, a6
core   0: 1 0x000000008000413c (0x010a81b3) x3  0x0000000000000000
core   0: 0x0000000080004140 (0x001024f3) csrrs   s1, fflags, zero
core   0: 1 0x0000000080004140 (0x001024f3) x9  0x0000000000000011
core   0: 0x0000000080004144 (0xd2d6f043) fmadd.d ft0, fa3, fa3, fs10
core   0: 1 0x0000000080004144 (0xd2d6f043) f0  0x7ff8000000000000
core   0: 0x0000000080004148 (0x01c4ee33) or      t3, s1, t3
core   0: 1 0x0000000080004148 (0x01c4ee33) x28 0x0000000000000011
core   0: 0x000000008000414c (0x415d5c9b) sraiw   s9, s10, 21
core   0: 1 0x000000008000414c (0x415d5c9b) x25 0xfffffffffffffe00
core   0: 0x0000000080004150 (0x03ca833b) mulw    t1, s5, t3
core   0: 1 0x0000000080004150 (0x03ca833b) x6  0x0000000000000000
core   0: 0x0000000080004154 (0x2b0009d3) fmin.d  fs3, ft0, fa6
core   0: 1 0x0000000080004154 (0x2b0009d3) f19 0x7ff8000000000000
core   0: 0x0000000080004158 (0x01a7dd93) srli    s11, a5, 26
core   0: 1 0x0000000080004158 (0x01a7dd93) x27 0x0000000000000020
core   0: 0x000000008000415c (0x56bd8393) addi    t2, s11, 1387
core   0: 1 0x000000008000415c (0x56bd8393) x7  0x000000000000058b
core   0: 0x0000000080004160 (0xf23f79c7) fmsub.d fs3, ft10, ft3, ft10
core   0: 1 0x0000000080004160 (0xf23f79c7) f19 0x7ff8000000000000
core   0: 0x0000000080004164 (0x0a2ff153) fsub.d  ft2, ft11, ft2
core   0: 1 0x0000000080004164 (0x0a2ff153) f2  0x7ff8000000000000
core   0: 0x0000000080004168 (0xfa52f2cf) fnmadd.d ft5, ft5, ft5, ft11
core   0: 1 0x0000000080004168 (0xfa52f2cf) f5  0x7ff8000000000000
core   0: 0x000000008000416c (0x2a088053) fmin.d  ft0, fa7, ft0
core   0: 1 0x000000008000416c (0x2a088053) f0  0x7ff8000000000000
core   0: 0x0000000080004170 (0xc22c7c53) fcvt.l.d s8, fs8
core   0: 1 0x0000000080004170 (0xc22c7c53) c1_fflags 0x0000000000000011 x24 0x7fffffffffffffff
core   0: 0x0000000080004174 (0xf93752b7) lui     t0, 0xf9375
core   0: 1 0x0000000080004174 (0xf93752b7) x5  0xfffffffff9375000
core   0: 0x0000000080004178 (0xe1b2829b) addiw   t0, t0, -485
core   0: 1 0x0000000080004178 (0xe1b2829b) x5  0xfffffffff9374e1b
core   0: 0x000000008000417c (0x000002b2) c.slli  t0, 12
core   0: 1 0x000000008000417c (0x02b2) x5  0xffffff9374e1b000
core   0: 0x000000008000417e (0x6a128293) addi    t0, t0, 1697
core   0: 1 0x000000008000417e (0x6a128293) x5  0xffffff9374e1b6a1
core   0: 0x0000000080004182 (0x03818ab3) mul     s5, gp, s8
core   0: 1 0x0000000080004182 (0x03818ab3) x21 0x0000000000000000
core   0: 0x0000000080004186 (0xfd05e0b7) lui     ra, 0xfd05e
core   0: 1 0x0000000080004186 (0xfd05e0b7) x1  0xfffffffffd05e000
core   0: 0x000000008000418a (0x000030ad) c.addiw ra, -21
core   0: 1 0x000000008000418a (0x30ad) x1  0xfffffffffd05dfeb
core   0: 0x000000008000418c (0x000000b2) c.slli  ra, 12
core   0: 1 0x000000008000418c (0x00b2) x1  0xffffffd05dfeb000
core   0: 0x000000008000418e (0xe4b08093) addi    ra, ra, -437
core   0: 1 0x000000008000418e (0xe4b08093) x1  0xffffffd05dfeae4b
core   0: 0x0000000080004192 (0x00c185bb) addw    a1, gp, a2
core   0: 1 0x0000000080004192 (0x00c185bb) x11 0x0000000000000a00
core   0: 0x0000000080004196 (0x63d18e1b) addiw   t3, gp, 1597
core   0: 1 0x0000000080004196 (0x63d18e1b) x28 0x000000000000063d
core   0: 0x000000008000419a (0x01246133) or      sp, s0, s2
core   0: 1 0x000000008000419a (0x01246133) x2  0x0000000000000000
core   0: 0x000000008000419e (0x238787d3) fsgnj.d fa5, fa5, fs8
core   0: 1 0x000000008000419e (0x238787d3) f15 0xffffffff00000000
core   0: 0x00000000800041a2 (0xc0331373) csrrw   t1, hpmcounter3, t1
core   0: exception trap_illegal_instruction, epc 0x00000000800041a2
core   0:           tval 0x00000000c0331373
core   0: >>>>  $xrv64i2p1_m2p0_a2p1_f2p2_d2p2_zicsr2p0_zifencei2p0_zmmul1p0_zba1p0_zbb1p0_zbc1p0_zbs1p0
core   0: 0x0000000080004000 (0x0080006f) j       pc + 0x8
core   0: 3 0x0000000080004000 (0x0080006f)
core   0: >>>>  mmode_exception_handler
core   0: 0x0000000080004008 (0x00002c17) auipc   s8, 0x2
core   0: 3 0x0000000080004008 (0x00002c17) x24 0x0000000080006008
core   0: 0x000000008000400c (0x0bcc0c13) addi    s8, s8, 188
core   0: 3 0x000000008000400c (0x0bcc0c13) x24 0x00000000800060c4
core   0: 0x0000000080004010 (0x000c00e7) jalr    s8
core   0: 3 0x0000000080004010 (0x000c00e7) x1  0x0000000080004014
core   0: >>>>  any_handler
core   0: 0x00000000800060c4 (0x341027f3) csrrs   a5, mepc, zero
core   0: 3 0x00000000800060c4 (0x341027f3) x15 0x00000000800041a2
core   0: 0x00000000800060c8 (0x34202773) csrrs   a4, mcause, zero
core   0: 3 0x00000000800060c8 (0x34202773) x14 0x0000000000000002
core   0: 0x00000000800060cc (0x142026f3) csrrs   a3, scause, zero
core   0: 3 0x00000000800060cc (0x142026f3) x13 0x0000000000000000
core   0: 0x00000000800060d0 (0x30402673) csrrs   a2, mie, zero
core   0: 3 0x00000000800060d0 (0x30402673) x12 0x0000000000000a00
core   0: 0x00000000800060d4 (0x344025f3) csrrs   a1, mip, zero
core   0: 3 0x00000000800060d4 (0x344025f3) x11 0x0000000000000080
core   0: 0x00000000800060d8 (0x343025f3) csrrs   a1, mtval, zero
core   0: 3 0x00000000800060d8 (0x343025f3) x11 0x00000000c0331373
core   0: 0x00000000800060dc (0x14302573) csrrs   a0, stval, zero
core   0: 3 0x00000000800060dc (0x14302573) x10 0x0000000000000000
core   0: 0x00000000800060e0 (0xb02024f3) csrrs   s1, minstret, zero
core   0: 3 0x00000000800060e0 (0xb02024f3) x9  0x0000000000000848
core   0: 0x00000000800060e4 (0x0000a811) c.j     pc + 20
core   0: 3 0x00000000800060e4 (0xa811)
core   0: >>>>  mepc_4
core   0: 0x00000000800060f8 (0x00000791) c.addi  a5, 4
core   0: 3 0x00000000800060f8 (0x0791) x15 0x00000000800041a6
core   0: 0x00000000800060fa (0x34179073) csrrw   zero, mepc, a5
core   0: 3 0x00000000800060fa (0x34179073) c833_mepc 0x00000000800041a6
core   0: 0x00000000800060fe (0x30200073) mret
core   0: 3 0x00000000800060fe (0x30200073) c768_mstatus 0x8000000a00106080
core   0: 0x00000000800041a6 (0x41bb02bb) subw    t0, s6, s11
core   0: 1 0x00000000800041a6 (0x41bb02bb) x5  0x0000000000000116
core   0: 0x00000000800041aa (0x40a35b1b) sraiw   s6, t1, 10
core   0: 1 0x00000000800041aa (0x40a35b1b) x22 0x0000000000000000
core   0: 0x00000000800041ae (0x1a06fcd3) fdiv.d  fs9, fa3, ft0
core   0: 1 0x00000000800041ae (0x1a06fcd3) f25 0x7ff8000000000000
core   0: 0x00000000800041b2 (0x406607b3) sub     a5, a2, t1
core   0: 1 0x00000000800041b2 (0x406607b3) x15 0x0000000000000a00
core   0: 0x00000000800041b6 (0x00f797bb) sllw    a5, a5, a5
core   0: 1 0x00000000800041b6 (0x00f797bb) x15 0x0000000000000a00
core   0: 0x00000000800041ba (0x011d22b3) slt     t0, s10, a7
core   0: 1 0x00000000800041ba (0x011d22b3) x5  0x0000000000000001
core   0: 0x00000000800041be (0x03c7d5bb) divuw   a1, a5, t3
core   0: 1 0x00000000800041be (0x03c7d5bb) x11 0x0000000000000001
core   0: 0x00000000800041c2 (0xb027b473) csrrc   s0, minstret, a5
core   0: exception trap_illegal_instruction, epc 0x00000000800041c2
core   0:           tval 0x00000000b027b473
core   0: >>>>  $xrv64i2p1_m2p0_a2p1_f2p2_d2p2_zicsr2p0_zifencei2p0_zmmul1p0_zba1p0_zbb1p0_zbc1p0_zbs1p0
core   0: 0x0000000080004000 (0x0080006f) j       pc + 0x8
core   0: 3 0x0000000080004000 (0x0080006f)
core   0: >>>>  mmode_exception_handler
core   0: 0x0000000080004008 (0x00002c17) auipc   s8, 0x2
core   0: 3 0x0000000080004008 (0x00002c17) x24 0x0000000080006008
core   0: 0x000000008000400c (0x0bcc0c13) addi    s8, s8, 188
core   0: 3 0x000000008000400c (0x0bcc0c13) x24 0x00000000800060c4
core   0: 0x0000000080004010 (0x000c00e7) jalr    s8
core   0: 3 0x0000000080004010 (0x000c00e7) x1  0x0000000080004014
core   0: >>>>  any_handler
core   0: 0x00000000800060c4 (0x341027f3) csrrs   a5, mepc, zero
core   0: 3 0x00000000800060c4 (0x341027f3) x15 0x00000000800041c2
core   0: 0x00000000800060c8 (0x34202773) csrrs   a4, mcause, zero
core   0: 3 0x00000000800060c8 (0x34202773) x14 0x0000000000000002
core   0: 0x00000000800060cc (0x142026f3) csrrs   a3, scause, zero
core   0: 3 0x00000000800060cc (0x142026f3) x13 0x0000000000000000
core   0: 0x00000000800060d0 (0x30402673) csrrs   a2, mie, zero
core   0: 3 0x00000000800060d0 (0x30402673) x12 0x0000000000000a00
core   0: 0x00000000800060d4 (0x344025f3) csrrs   a1, mip, zero
core   0: 3 0x00000000800060d4 (0x344025f3) x11 0x0000000000000080
core   0: 0x00000000800060d8 (0x343025f3) csrrs   a1, mtval, zero
core   0: 3 0x00000000800060d8 (0x343025f3) x11 0x00000000b027b473
core   0: 0x00000000800060dc (0x14302573) csrrs   a0, stval, zero
core   0: 3 0x00000000800060dc (0x14302573) x10 0x0000000000000000
core   0: 0x00000000800060e0 (0xb02024f3) csrrs   s1, minstret, zero
core   0: 3 0x00000000800060e0 (0xb02024f3) x9  0x000000000000085f
core   0: 0x00000000800060e4 (0x0000a811) c.j     pc + 20
core   0: 3 0x00000000800060e4 (0xa811)
core   0: >>>>  mepc_4
core   0: 0x00000000800060f8 (0x00000791) c.addi  a5, 4
core   0: 3 0x00000000800060f8 (0x0791) x15 0x00000000800041c6
core   0: 0x00000000800060fa (0x34179073) csrrw   zero, mepc, a5
core   0: 3 0x00000000800060fa (0x34179073) c833_mepc 0x00000000800041c6
core   0: 0x00000000800060fe (0x30200073) mret
core   0: 3 0x00000000800060fe (0x30200073) c768_mstatus 0x8000000a00106080
core   0: 0x00000000800041c6 (0x4019fad3) fcvt.s.d fs5, fs3
core   0: 1 0x00000000800041c6 (0x4019fad3) f21 0xffffffff7fc00000
core   0: 0x00000000800041ca (0x015cd53b) srlw    a0, s9, s5
core   0: 1 0x00000000800041ca (0x015cd53b) x10 0xfffffffffffffe00
core   0: 0x00000000800041ce (0x01771abb) sllw    s5, a4, s7
core   0: 1 0x00000000800041ce (0x01771abb) x21 0x0000000000000002
core   0: 0x00000000800041d2 (0xd31bf643) fmadd.d fa2, fs7, fa7, fs10
core   0: 1 0x00000000800041d2 (0xd31bf643) f12 0x7ff8000000000000
core   0: 0x00000000800041d6 (0x4089db3b) sraw    s6, s3, s0
core   0: 1 0x00000000800041d6 (0x4089db3b) x22 0x0000000000000000
core   0: 0x00000000800041da (0x03372233) mulhsu  tp, a4, s3
core   0: 1 0x00000000800041da (0x03372233) x4  0x0000000000000000
core   0: 0x00000000800041de (0x024bebbb) remw    s7, s7, tp
core   0: 1 0x00000000800041de (0x024bebbb) x23 0x0000000000000000
core   0: 0x00000000800041e2 (0xc2127cd3) fcvt.wu.d s9, ft4
core   0: 1 0x00000000800041e2 (0xc2127cd3) c1_fflags 0x0000000000000011 x25 0xffffffffffffffff
core   0: 0x00000000800041e6 (0x021cd0bb) divuw   ra, s9, ra
core   0: 1 0x00000000800041e6 (0x021cd0bb) x1  0x0000000000000001
core   0: 0x00000000800041ea (0xd03e7d53) fcvt.s.lu fs10, t3
core   0: 1 0x00000000800041ea (0xd03e7d53) f26 0xffffffff44c7a000
core   0: 0x00000000800041ee (0x221381d3) fsgnj.d ft3, ft7, ft1
core   0: 1 0x00000000800041ee (0x221381d3) f3  0xffffffff00000000
core   0: 0x00000000800041f2 (0xc43a0113) addi    sp, s4, -957
core   0: 1 0x00000000800041f2 (0xc43a0113) x2  0x0000002d6428b38d
core   0: 0x00000000800041f6 (0x01aed4bb) srlw    s1, t4, s10
core   0: 1 0x00000000800041f6 (0x01aed4bb) x9  0x0000000000000000
core   0: 0x00000000800041fa (0x22362bd3) fsgnjx.d fs7, fa2, ft3
core   0: 1 0x00000000800041fa (0x22362bd3) f23 0xfff8000000000000
core   0: 0x00000000800041fe (0xd234f453) fcvt.d.lu fs0, s1
core   0: 1 0x00000000800041fe (0xd234f453) f8  0x0000000000000000
core   0: 0x0000000080004202 (0x01087833) and     a6, a6, a6
core   0: 1 0x0000000080004202 (0x01087833) x16 0x0000000000000000
core   0: 0x0000000080004206 (0x016a9213) slli    tp, s5, 22
core   0: 1 0x0000000080004206 (0x016a9213) x4  0x0000000000800000
core   0: 0x000000008000420a (0x000e9393) slli    t2, t4, 0
core   0: 1 0x000000008000420a (0x000e9393) x7  0x0000000000000000
core   0: 0x000000008000420e (0x00009c8a) c.add   s9, sp
core   0: 1 0x000000008000420e (0x9c8a) x25 0x0000002d6428b38c
core   0: 0x0000000080004210 (0x703ff937) lui     s2, 0x703ff
core   0: 1 0x0000000080004210 (0x703ff937) x18 0x00000000703ff000
core   0: 0x0000000080004214 (0x01511abb) sllw    s5, sp, s5
core   0: 1 0x0000000080004214 (0x01511abb) x21 0xffffffff90a2ce34
core   0: 0x0000000080004218 (0x03390e3b) mulw    t3, s2, s3
core   0: 1 0x0000000080004218 (0x03390e3b) x28 0x0000000000000000
core   0: 0x000000008000421c (0x03ce16b3) mulh    a3, t3, t3
core   0: 1 0x000000008000421c (0x03ce16b3) x13 0x0000000000000000
core   0: 0x0000000080004220 (0x0b3bf6d3) fsub.d  fa3, fs7, fs3
core   0: 1 0x0000000080004220 (0x0b3bf6d3) f13 0x7ff8000000000000
core   0: 0x0000000080004224 (0xc02d7ed3) fcvt.l.s t4, fs10
core   0: 1 0x0000000080004224 (0xc02d7ed3) x29 0x000000000000063d
core   0: 0x0000000080004228 (0x0087571b) srliw   a4, a4, 8
core   0: 1 0x0000000080004228 (0x0087571b) x14 0x0000000000000000
core   0: 0x000000008000422c (0x008a839b) addiw   t2, s5, 8
core   0: 1 0x000000008000422c (0x008a839b) x7  0xffffffff90a2ce3c
core   0: 0x0000000080004230 (0xdb36fdc7) fmsub.d fs11, fa3, fs3, fs11
core   0: 1 0x0000000080004230 (0xdb36fdc7) f27 0x7ff8000000000000
core   0: 0x0000000080004234 (0xe20986d3) fmv.x.d a3, fs3
core   0: 1 0x0000000080004234 (0xe20986d3) x13 0x7ff8000000000000
core   0: 0x0000000080004238 (0x2b4d1d53) fmax.d  fs10, fs10, fs4
core   0: 1 0x0000000080004238 (0x2b4d1d53) f26 0x7ff8000000000000
core   0: 0x000000008000423c (0x014a813b) addw    sp, s5, s4
core   0: 1 0x000000008000423c (0x014a813b) x2  0xfffffffff4cb857e
core   0: 0x0000000080004240 (0xb9b14b93) xori    s7, sp, -1125
core   0: 1 0x0000000080004240 (0xb9b14b93) x23 0x000000000b347ee5
core   0: 0x0000000080004244 (0x018d199b) slliw   s3, s10, 24
core   0: 1 0x0000000080004244 (0x018d199b) x19 0x0000000062000000
core   0: 0x0000000080004248 (0x0003509b) srliw   ra, t1, 0
core   0: 1 0x0000000080004248 (0x0003509b) x1  0x0000000000000000
core   0: 0x000000008000424c (0x002494f3) csrrw   s1, frm, s1
core   0: 1 0x000000008000424c (0x002494f3) x9  0x0000000000000000 c2_frm 0x0000000000000000
core   0: 0x0000000080004250 (0x001b9273) csrrw   tp, fflags, s7
core   0: 1 0x0000000080004250 (0x001b9273) x4  0x0000000000000011 c1_fflags 0x0000000000000005
core   0: 0x0000000080004254 (0xc20a7453) fcvt.w.d s0, fs4
core   0: 1 0x0000000080004254 (0xc20a7453) c1_fflags 0x0000000000000015 x8  0x000000007fffffff
core   0: 0x0000000080004258 (0x401cfcd3) fcvt.s.d fs9, fs9
core   0: 1 0x0000000080004258 (0x401cfcd3) f25 0xffffffff7fc00000
core   0: 0x000000008000425c (0x0284c7b3) div     a5, s1, s0
core   0: 1 0x000000008000425c (0x0284c7b3) x15 0x0000000000000000
core   0: 0x0000000080004260 (0xd21b8653) fcvt.d.wu fa2, s7
core   0: 1 0x0000000080004260 (0xd21b8653) f12 0x41a668fdca000000
core   0: 0x0000000080004264 (0x013e119b) slliw   gp, t3, 19
core   0: 1 0x0000000080004264 (0x013e119b) x3  0x0000000000000000
core   0: 0x0000000080004268 (0xc21ef553) fcvt.wu.d a0, ft9
core   0: 1 0x0000000080004268 (0xc21ef553) c1_fflags 0x0000000000000015 x10 0xffffffffffffffff
core   0: 0x000000008000426c (0x2ad386d3) fmin.d  fa3, ft7, fa3
core   0: 1 0x000000008000426c (0x2ad386d3) f13 0x7ff8000000000000
core   0: 0x0000000080004270 (0xe1496d13) ori     s10, s2, -492
core   0: 1 0x0000000080004270 (0xe1496d13) x26 0xfffffffffffffe14
core   0: 0x0000000080004274 (0x00ac0b33) add     s6, s8, a0
core   0: 1 0x0000000080004274 (0x00ac0b33) x22 0x00000000800060c3
core   0: 0x0000000080004278 (0xc802d2f3) csrrwi  t0, cycleh, 5
core   0: exception trap_illegal_instruction, epc 0x0000000080004278
core   0:           tval 0x00000000c802d2f3
core   0: >>>>  $xrv64i2p1_m2p0_a2p1_f2p2_d2p2_zicsr2p0_zifencei2p0_zmmul1p0_zba1p0_zbb1p0_zbc1p0_zbs1p0
core   0: 0x0000000080004000 (0x0080006f) j       pc + 0x8
core   0: 3 0x0000000080004000 (0x0080006f)
core   0: >>>>  mmode_exception_handler
core   0: 0x0000000080004008 (0x00002c17) auipc   s8, 0x2
core   0: 3 0x0000000080004008 (0x00002c17) x24 0x0000000080006008
core   0: 0x000000008000400c (0x0bcc0c13) addi    s8, s8, 188
core   0: 3 0x000000008000400c (0x0bcc0c13) x24 0x00000000800060c4
core   0: 0x0000000080004010 (0x000c00e7) jalr    s8
core   0: 3 0x0000000080004010 (0x000c00e7) x1  0x0000000080004014
core   0: >>>>  any_handler
core   0: 0x00000000800060c4 (0x341027f3) csrrs   a5, mepc, zero
core   0: 3 0x00000000800060c4 (0x341027f3) x15 0x0000000080004278
core   0: 0x00000000800060c8 (0x34202773) csrrs   a4, mcause, zero
core   0: 3 0x00000000800060c8 (0x34202773) x14 0x0000000000000002
core   0: 0x00000000800060cc (0x142026f3) csrrs   a3, scause, zero
core   0: 3 0x00000000800060cc (0x142026f3) x13 0x0000000000000000
core   0: 0x00000000800060d0 (0x30402673) csrrs   a2, mie, zero
core   0: 3 0x00000000800060d0 (0x30402673) x12 0x0000000000000a00
core   0: 0x00000000800060d4 (0x344025f3) csrrs   a1, mip, zero
core   0: 3 0x00000000800060d4 (0x344025f3) x11 0x0000000000000080
core   0: 0x00000000800060d8 (0x343025f3) csrrs   a1, mtval, zero
core   0: 3 0x00000000800060d8 (0x343025f3) x11 0x00000000c802d2f3
core   0: 0x00000000800060dc (0x14302573) csrrs   a0, stval, zero
core   0: 3 0x00000000800060dc (0x14302573) x10 0x0000000000000000
core   0: 0x00000000800060e0 (0xb02024f3) csrrs   s1, minstret, zero
core   0: 3 0x00000000800060e0 (0xb02024f3) x9  0x000000000000089c
core   0: 0x00000000800060e4 (0x0000a811) c.j     pc + 20
core   0: 3 0x00000000800060e4 (0xa811)
core   0: >>>>  mepc_4
core   0: 0x00000000800060f8 (0x00000791) c.addi  a5, 4
core   0: 3 0x00000000800060f8 (0x0791) x15 0x000000008000427c
core   0: 0x00000000800060fa (0x34179073) csrrw   zero, mepc, a5
core   0: 3 0x00000000800060fa (0x34179073) c833_mepc 0x000000008000427c
core   0: 0x00000000800060fe (0x30200073) mret
core   0: 3 0x00000000800060fe (0x30200073) c768_mstatus 0x8000000a00106080
core   0: 0x000000008000427c (0x005b2433) slt     s0, s6, t0
core   0: 1 0x000000008000427c (0x005b2433) x8  0x0000000000000000
core   0: 0x0000000080004280 (0x9ab17d4f) fnmadd.d fs10, ft2, fa1, fs3
core   0: 1 0x0000000080004280 (0x9ab17d4f) f26 0x7ff8000000000000
core   0: 0x0000000080004284 (0x035441bb) divw    gp, s0, s5
core   0: 1 0x0000000080004284 (0x035441bb) x3  0x0000000000000000
core   0: 0x0000000080004288 (0xbf218113) addi    sp, gp, -1038
core   0: 1 0x0000000080004288 (0xbf218113) x2  0xfffffffffffffbf2
core   0: 0x000000008000428c (0x683cec93) ori     s9, s9, 1667
core   0: 1 0x000000008000428c (0x683cec93) x25 0x0000002d6428b78f
core   0: 0x0000000080004290 (0x0210e23b) remw    tp, ra, ra
core   0: 1 0x0000000080004290 (0x0210e23b) x4  0x0000000000000000
core   0: 0x0000000080004294 (0x0ff0000f) fence   iorw,iorw
core   0: 1 0x0000000080004294 (0x0ff0000f)
core   0: 0x0000000080004298 (0x5b59fbcb) fnmsub.d fs7, fs3, fs5, fa1
core   0: 1 0x0000000080004298 (0x5b59fbcb) f23 0x7ff8000000000000
core   0: 0x000000008000429c (0x4008d593) srai    a1, a7, 0
core   0: 1 0x000000008000429c (0x4008d593) x11 0xfffffffffffffcfa
core   0: 0x00000000800042a0 (0xc22572d3) fcvt.l.d t0, fa0
core   0: 1 0x00000000800042a0 (0xc22572d3) c1_fflags 0x0000000000000015 x5  0x7fffffffffffffff
core   0: 0x00000000800042a4 (0x000b5013) srli    zero, s6, 0
core   0: 1 0x00000000800042a4 (0x000b5013)
core   0: 0x00000000800042a8 (0x00000001) c.nop
core   0: 1 0x00000000800042a8 (0x0001)
core   0: 0x00000000800042aa (0x22ad2ed3) fsgnjx.d ft9, fs10, fa0
core   0: 1 0x00000000800042aa (0x22ad2ed3) f29 0xfff8000000000000
core   0: 0x00000000800042ae (0x00d2dd3b) srlw    s10, t0, a3
core   0: 1 0x00000000800042ae (0x00d2dd3b) x26 0xffffffffffffffff
core   0: 0x00000000800042b2 (0x5ba977cf) fnmadd.d fa5, fs2, fs10, fa1
core   0: 1 0x00000000800042b2 (0x5ba977cf) f15 0x7ff8000000000000
core   0: 0x00000000800042b6 (0xbb5ef64b) fnmsub.d fa2, ft9, fs5, fs7
core   0: 1 0x00000000800042b6 (0xbb5ef64b) f12 0x7ff8000000000000
core   0: 0x00000000800042ba (0x01904833) xor     a6, zero, s9
core   0: 1 0x00000000800042ba (0x01904833) x16 0x0000002d6428b78f
core   0: 0x00000000800042be (0x004805b3) add     a1, a6, tp
core   0: 1 0x00000000800042be (0x004805b3) x11 0x0000002d6428b78f
core   0: 0x00000000800042c2 (0xabcb4913) xori    s2, s6, -1348
core   0: 1 0x00000000800042c2 (0xabcb4913) x18 0xffffffff7fff9a7f
core   0: 0x00000000800042c6 (0x02a5f3b3) remu    t2, a1, a0
core   0: 1 0x00000000800042c6 (0x02a5f3b3) x7  0x0000002d6428b78f
core   0: 0x00000000800042ca (0x0a8dffd3) fsub.d  ft11, fs11, fs0
core   0: 1 0x00000000800042ca (0x0a8dffd3) f31 0x7ff8000000000000
core   0: 0x00000000800042ce (0xef63f293) andi    t0, t2, -266
core   0: 1 0x00000000800042ce (0xef63f293) x5  0x0000002d6428b686
core   0: 0x00000000800042d2 (0x026e1113) slli    sp, t3, 38
core   0: 1 0x00000000800042d2 (0x026e1113) x2  0x0000000000000000
core   0: 0x00000000800042d6 (0x0279d9b3) divu    s3, s3, t2
core   0: 1 0x00000000800042d6 (0x0279d9b3) x19 0x0000000000000000
core   0: 0x00000000800042da (0x0141121b) slliw   tp, sp, 20
core   0: 1 0x00000000800042da (0x0141121b) x4  0x0000000000000000
core   0: 0x00000000800042de (0xc23472d3) fcvt.lu.d t0, fs0
core   0: 1 0x00000000800042de (0xc23472d3) x5  0x0000000000000000
core   0: 0x00000000800042e2 (0x2b6c08d3) fmin.d  fa7, fs8, fs6
core   0: 1 0x00000000800042e2 (0x2b6c08d3) f17 0x7ff8000000000000
core   0: 0x00000000800042e6 (0x02bcd1bb) divuw   gp, s9, a1
core   0: 1 0x00000000800042e6 (0x02bcd1bb) x3  0x0000000000000001
core   0: 0x00000000800042ea (0x0009d81b) srliw   a6, s3, 0
core   0: 1 0x00000000800042ea (0x0009d81b) x16 0x0000000000000000
core   0: 0x00000000800042ee (0xc03c78d3) fcvt.lu.s a7, fs8
core   0: 1 0x00000000800042ee (0xc03c78d3) x17 0x0000000000000000
core   0: 0x00000000800042f2 (0x8b89f34b) fnmsub.d ft6, fs3, fs8, fa7
core   0: 1 0x00000000800042f2 (0x8b89f34b) f6  0x7ff8000000000000
core   0: 0x00000000800042f6 (0xe2060d53) fmv.x.d s10, fa2
core   0: 1 0x00000000800042f6 (0xe2060d53) x26 0x7ff8000000000000
core   0: 0x00000000800042fa (0x00009ade) c.add   s5, s7
core   0: 1 0x00000000800042fa (0x9ade) x21 0xffffffff9bd74d19
core   0: 0x00000000800042fc (0xa31008d3) fle.d   a7, ft0, fa7
core   0: 1 0x00000000800042fc (0xa31008d3) c1_fflags 0x0000000000000015 x17 0x0000000000000000
core   0: 0x0000000080004300 (0xa3f303d3) fle.d   t2, ft6, ft11
core   0: 1 0x0000000080004300 (0xa3f303d3) c1_fflags 0x0000000000000015 x7  0x0000000000000000
core   0: 0x0000000080004304 (0x40165cb3) sra     s9, a2, ra
core   0: 1 0x0000000080004304 (0x40165cb3) x25 0x0000000000000000
core   0: 0x0000000080004308 (0x00102573) csrrs   a0, fflags, zero
core   0: 1 0x0000000080004308 (0x00102573) x10 0x0000000000000015
core   0: 0x000000008000430c (0x0113e3b3) or      t2, t2, a7
core   0: 1 0x000000008000430c (0x0113e3b3) x7  0x0000000000000000
core   0: 0x0000000080004310 (0x2a588a53) fmin.d  fs4, fa7, ft5
core   0: 1 0x0000000080004310 (0x2a588a53) f20 0x7ff8000000000000
core   0: 0x0000000080004314 (0xe2000553) fmv.x.d a0, ft0
core   0: 1 0x0000000080004314 (0xe2000553) x10 0x7ff8000000000000
core   0: 0x0000000080004318 (0xc20a7c53) fcvt.w.d s8, fs4
core   0: 1 0x0000000080004318 (0xc20a7c53) c1_fflags 0x0000000000000015 x24 0x000000007fffffff
core   0: 0x000000008000431c (0xd20a0cd3) fcvt.d.w fs9, s4
core   0: 1 0x000000008000431c (0xd20a0cd3) f25 0x41d90a2dd2800000
core   0: 0x0000000080004320 (0x420d8353) fcvt.d.s ft6, fs11
core   0: 1 0x0000000080004320 (0x420d8353) f6  0x7ff8000000000000
core   0: 0x0000000080004324 (0x0a1577d3) fsub.d  fa5, fa0, ft1
core   0: 1 0x0000000080004324 (0x0a1577d3) f15 0x7ff8000000000000
core   0: 0x0000000080004328 (0x400bd413) srai    s0, s7, 0
core   0: 1 0x0000000080004328 (0x400bd413) x8  0x000000000b347ee5
core   0: 0x000000008000432c (0x4015f5d3) fcvt.s.d fa1, fa1
core   0: 1 0x000000008000432c (0x4015f5d3) f11 0xffffffff7fc00000
core   0: 0x0000000080004330 (0x02a08b33) mul     s6, ra, a0
core   0: 1 0x0000000080004330 (0x02a08b33) x22 0xff60000000000000
core   0: 0x0000000080004334 (0xd023f353) fcvt.s.l ft6, t2
core   0: 1 0x0000000080004334 (0xd023f353) f6  0xffffffff00000000
core   0: 0x0000000080004338 (0x00202873) csrrs   a6, frm, zero
core   0: 1 0x0000000080004338 (0x00202873) x16 0x0000000000000000
core   0: 0x000000008000433c (0x40480933) sub     s2, a6, tp
core   0: 1 0x000000008000433c (0x40480933) x18 0x0000000000000000
core   0: 0x0000000080004340 (0x41bb8133) sub     sp, s7, s11
core   0: 1 0x0000000080004340 (0x41bb8133) x2  0x000000000b347ec5
core   0: 0x0000000080004344 (0x01f3569b) srliw   a3, t1, 31
core   0: 1 0x0000000080004344 (0x01f3569b) x13 0x0000000000000000
core   0: 0x0000000080004348 (0x2309aa53) fsgnjx.d fs4, fs3, fa6
core   0: 1 0x0000000080004348 (0x2309aa53) f20 0x7ff8000000000000
core   0: 0x000000008000434c (0x0377a133) mulhsu  sp, a5, s7
core   0: 1 0x000000008000434c (0x0377a133) x2  0x0000000000000000
core   0: 0x0000000080004350 (0x4002d293) srai    t0, t0, 0
core   0: 1 0x0000000080004350 (0x4002d293) x5  0x0000000000000000
core   0: 0x0000000080004354 (0x0252bd33) mulhu   s10, t0, t0
core   0: 1 0x0000000080004354 (0x0252bd33) x26 0x0000000000000000
core   0: 0x0000000080004358 (0xf11d1c73) csrrw   s8, mvendorid, s10
core   0: exception trap_illegal_instruction, epc 0x0000000080004358
core   0:           tval 0x00000000f11d1c73
core   0: >>>>  $xrv64i2p1_m2p0_a2p1_f2p2_d2p2_zicsr2p0_zifencei2p0_zmmul1p0_zba1p0_zbb1p0_zbc1p0_zbs1p0
core   0: 0x0000000080004000 (0x0080006f) j       pc + 0x8
core   0: 3 0x0000000080004000 (0x0080006f)
core   0: >>>>  mmode_exception_handler
core   0: 0x0000000080004008 (0x00002c17) auipc   s8, 0x2
core   0: 3 0x0000000080004008 (0x00002c17) x24 0x0000000080006008
core   0: 0x000000008000400c (0x0bcc0c13) addi    s8, s8, 188
core   0: 3 0x000000008000400c (0x0bcc0c13) x24 0x00000000800060c4
core   0: 0x0000000080004010 (0x000c00e7) jalr    s8
core   0: 3 0x0000000080004010 (0x000c00e7) x1  0x0000000080004014
core   0: >>>>  any_handler
core   0: 0x00000000800060c4 (0x341027f3) csrrs   a5, mepc, zero
core   0: 3 0x00000000800060c4 (0x341027f3) x15 0x0000000080004358
core   0: 0x00000000800060c8 (0x34202773) csrrs   a4, mcause, zero
core   0: 3 0x00000000800060c8 (0x34202773) x14 0x0000000000000002
core   0: 0x00000000800060cc (0x142026f3) csrrs   a3, scause, zero
core   0: 3 0x00000000800060cc (0x142026f3) x13 0x0000000000000000
core   0: 0x00000000800060d0 (0x30402673) csrrs   a2, mie, zero
core   0: 3 0x00000000800060d0 (0x30402673) x12 0x0000000000000a00
core   0: 0x00000000800060d4 (0x344025f3) csrrs   a1, mip, zero
core   0: 3 0x00000000800060d4 (0x344025f3) x11 0x0000000000000080
core   0: 0x00000000800060d8 (0x343025f3) csrrs   a1, mtval, zero
core   0: 3 0x00000000800060d8 (0x343025f3) x11 0x00000000f11d1c73
core   0: 0x00000000800060dc (0x14302573) csrrs   a0, stval, zero
core   0: 3 0x00000000800060dc (0x14302573) x10 0x0000000000000000
core   0: 0x00000000800060e0 (0xb02024f3) csrrs   s1, minstret, zero
core   0: 3 0x00000000800060e0 (0xb02024f3) x9  0x00000000000008e4
core   0: 0x00000000800060e4 (0x0000a811) c.j     pc + 20
core   0: 3 0x00000000800060e4 (0xa811)
core   0: >>>>  mepc_4
core   0: 0x00000000800060f8 (0x00000791) c.addi  a5, 4
core   0: 3 0x00000000800060f8 (0x0791) x15 0x000000008000435c
core   0: 0x00000000800060fa (0x34179073) csrrw   zero, mepc, a5
core   0: 3 0x00000000800060fa (0x34179073) c833_mepc 0x000000008000435c
core   0: 0x00000000800060fe (0x30200073) mret
core   0: 3 0x00000000800060fe (0x30200073) c768_mstatus 0x8000000a00106080
core   0: 0x000000008000435c (0xd23c7d53) fcvt.d.lu fs10, s8
core   0: 1 0x000000008000435c (0xd23c7d53) f26 0x41e0000c18800000
core   0: 0x0000000080004360 (0x00002c81) c.addiw s9, 0
core   0: 1 0x0000000080004360 (0x2c81) x25 0x0000000000000000
core   0: 0x0000000080004362 (0x4190d0b3) sra     ra, ra, s9
core   0: 1 0x0000000080004362 (0x4190d0b3) x1  0x0000000080004014
core   0: 0x0000000080004366 (0xc22df953) fcvt.l.d s2, fs11
core   0: 1 0x0000000080004366 (0xc22df953) c1_fflags 0x0000000000000015 x18 0x7fffffffffffffff
core   0: 0x000000008000436a (0x0347d23b) divuw   tp, a5, s4
core   0: 1 0x000000008000436a (0x0347d23b) x4  0x0000000000000001
core   0: 0x000000008000436e (0x0254f2b3) remu    t0, s1, t0
core   0: 1 0x000000008000436e (0x0254f2b3) x5  0x00000000000008e4
core   0: 0x0000000080004372 (0x02921093) slli    ra, tp, 41
core   0: 1 0x0000000080004372 (0x02921093) x1  0x0000020000000000
core   0: 0x0000000080004376 (0x2ab40253) fmin.d  ft4, fs0, fa1
core   0: 1 0x0000000080004376 (0x2ab40253) f4  0x0000000000000000
core   0: 0x000000008000437a (0x00202df3) csrrs   s11, frm, zero
core   0: 1 0x000000008000437a (0x00202df3) x27 0x0000000000000000
core   0: 0x000000008000437e (0x00000001) c.nop
core   0: 1 0x000000008000437e (0x0001)
core   0: 0x0000000080004380 (0xd233fc53) fcvt.d.lu fs8, t2
core   0: 1 0x0000000080004380 (0xd233fc53) f24 0x0000000000000000
core   0: 0x0000000080004384 (0x03b2053b) mulw    a0, tp, s11
core   0: 1 0x0000000080004384 (0x03b2053b) x10 0x0000000000000000
core   0: 0x0000000080004388 (0x23ff8fd3) fsgnj.d ft11, ft11, ft11
core   0: 1 0x0000000080004388 (0x23ff8fd3) f31 0x7ff8000000000000
core   0: 0x000000008000438c (0x004be533) or      a0, s7, tp
core   0: 1 0x000000008000438c (0x004be533) x10 0x000000000b347ee5
core   0: 0x0000000080004390 (0x1a20c693) xori    a3, ra, 418
core   0: 1 0x0000000080004390 (0x1a20c693) x13 0x00000200000001a2
core   0: 0x0000000080004394 (0xd226f053) fcvt.d.l ft0, a3
core   0: 1 0x0000000080004394 (0xd226f053) f0  0x42800000000d1000
core   0: 0x0000000080004398 (0x659b0b1b) addiw   s6, s6, 1625
core   0: 1 0x0000000080004398 (0x659b0b1b) x22 0x0000000000000659
core   0: 0x000000008000439c (0xc01bb4f3) csrrc   s1, time, s7
core   0: exception trap_illegal_instruction, epc 0x000000008000439c
core   0:           tval 0x00000000c01bb4f3
core   0: >>>>  $xrv64i2p1_m2p0_a2p1_f2p2_d2p2_zicsr2p0_zifencei2p0_zmmul1p0_zba1p0_zbb1p0_zbc1p0_zbs1p0
core   0: 0x0000000080004000 (0x0080006f) j       pc + 0x8
core   0: 3 0x0000000080004000 (0x0080006f)
core   0: >>>>  mmode_exception_handler
core   0: 0x0000000080004008 (0x00002c17) auipc   s8, 0x2
core   0: 3 0x0000000080004008 (0x00002c17) x24 0x0000000080006008
core   0: 0x000000008000400c (0x0bcc0c13) addi    s8, s8, 188
core   0: 3 0x000000008000400c (0x0bcc0c13) x24 0x00000000800060c4
core   0: 0x0000000080004010 (0x000c00e7) jalr    s8
core   0: 3 0x0000000080004010 (0x000c00e7) x1  0x0000000080004014
core   0: >>>>  any_handler
core   0: 0x00000000800060c4 (0x341027f3) csrrs   a5, mepc, zero
core   0: 3 0x00000000800060c4 (0x341027f3) x15 0x000000008000439c
core   0: 0x00000000800060c8 (0x34202773) csrrs   a4, mcause, zero
core   0: 3 0x00000000800060c8 (0x34202773) x14 0x0000000000000002
core   0: 0x00000000800060cc (0x142026f3) csrrs   a3, scause, zero
core   0: 3 0x00000000800060cc (0x142026f3) x13 0x0000000000000000
core   0: 0x00000000800060d0 (0x30402673) csrrs   a2, mie, zero
core   0: 3 0x00000000800060d0 (0x30402673) x12 0x0000000000000a00
core   0: 0x00000000800060d4 (0x344025f3) csrrs   a1, mip, zero
core   0: 3 0x00000000800060d4 (0x344025f3) x11 0x0000000000000080
core   0: 0x00000000800060d8 (0x343025f3) csrrs   a1, mtval, zero
core   0: 3 0x00000000800060d8 (0x343025f3) x11 0x00000000c01bb4f3
core   0: 0x00000000800060dc (0x14302573) csrrs   a0, stval, zero
core   0: 3 0x00000000800060dc (0x14302573) x10 0x0000000000000000
core   0: 0x00000000800060e0 (0xb02024f3) csrrs   s1, minstret, zero
core   0: 3 0x00000000800060e0 (0xb02024f3) x9  0x0000000000000905
core   0: 0x00000000800060e4 (0x0000a811) c.j     pc + 20
core   0: 3 0x00000000800060e4 (0xa811)
core   0: >>>>  mepc_4
core   0: 0x00000000800060f8 (0x00000791) c.addi  a5, 4
core   0: 3 0x00000000800060f8 (0x0791) x15 0x00000000800043a0
core   0: 0x00000000800060fa (0x34179073) csrrw   zero, mepc, a5
core   0: 3 0x00000000800060fa (0x34179073) c833_mepc 0x00000000800043a0
core   0: 0x00000000800060fe (0x30200073) mret
core   0: 3 0x00000000800060fe (0x30200073) c768_mstatus 0x8000000a00106080
core   0: 0x00000000800043a0 (0x40c50e3b) subw    t3, a0, a2
core   0: 1 0x00000000800043a0 (0x40c50e3b) x28 0xfffffffffffff600
core   0: 0x00000000800043a4 (0x40107fd3) fcvt.s.d ft11, ft0
core   0: 1 0x00000000800043a4 (0x40107fd3) c1_fflags 0x0000000000000015 f31 0xffffffff54000000
core   0: 0x00000000800043a8 (0x1a9177d3) fdiv.d  fa5, ft2, fs1
core   0: 1 0x00000000800043a8 (0x1a9177d3) f15 0x7ff8000000000000
core   0: 0x00000000800043ac (0x00000001) c.nop
core   0: 1 0x00000000800043ac (0x0001)
core   0: 0x00000000800043ae (0x020bf74f) fnmadd.d fa4, fs7, ft0, ft0
core   0: 1 0x00000000800043ae (0x020bf74f) f14 0x7ff8000000000000
core   0: 0x00000000800043b2 (0x0ff0000f) fence   iorw,iorw
core   0: 1 0x00000000800043b2 (0x0ff0000f)
core   0: 0x00000000800043b6 (0x00035213) srli    tp, t1, 0
core   0: 1 0x00000000800043b6 (0x00035213) x4  0x0000000000000000
core   0: 0x00000000800043ba (0x0005199b) slliw   s3, a0, 0
core   0: 1 0x00000000800043ba (0x0005199b) x19 0x0000000000000000
core   0: 0x00000000800043be (0x7ff56293) ori     t0, a0, 2047
core   0: 1 0x00000000800043be (0x7ff56293) x5  0x00000000000007ff
core   0: 0x00000000800043c2 (0x5dc6c193) xori    gp, a3, 1500
core   0: 1 0x00000000800043c2 (0x5dc6c193) x3  0x00000000000005dc
core   0: 0x00000000800043c6 (0x2bbd8dd3) fmin.d  fs11, fs11, fs11
core   0: 1 0x00000000800043c6 (0x2bbd8dd3) f27 0x7ff8000000000000
core   0: 0x00000000800043ca (0x42fbf793) andi    a5, s7, 1071
core   0: 1 0x00000000800043ca (0x42fbf793) x15 0x0000000000000425
core   0: 0x00000000800043ce (0x40f78d3b) subw    s10, a5, a5
core   0: 1 0x00000000800043ce (0x40f78d3b) x26 0x0000000000000000
core   0: 0x00000000800043d2 (0x00102b73) csrrs   s6, fflags, zero
core   0: 1 0x00000000800043d2 (0x00102b73) x22 0x0000000000000015
core   0: 0x00000000800043d6 (0xa2dd88d3) fle.d   a7, fs11, fa3
core   0: 1 0x00000000800043d6 (0xa2dd88d3) c1_fflags 0x0000000000000015 x17 0x0000000000000000
core   0: 0x00000000800043da (0x8aa1f24b) fnmsub.d ft4, ft3, fa0, fa7
core   0: 1 0x00000000800043da (0x8aa1f24b) f4  0x7ff8000000000000
core   0: 0x00000000800043de (0x01996733) or      a4, s2, s9
core   0: 1 0x00000000800043de (0x01996733) x14 0x7fffffffffffffff
core   0: 0x00000000800043e2 (0x00626933) or      s2, tp, t1
core   0: 1 0x00000000800043e2 (0x00626933) x18 0x0000000000000000
core   0: 0x00000000800043e6 (0x03c36bbb) remw    s7, t1, t3
core   0: 1 0x00000000800043e6 (0x03c36bbb) x23 0x0000000000000000
core   0: 0x00000000800043ea (0x02215a3b) divuw   s4, sp, sp
core   0: 1 0x00000000800043ea (0x02215a3b) x20 0xffffffffffffffff
core   0: 0x00000000800043ee (0xa2aa8cd3) fle.d   s9, fs5, fa0
core   0: 1 0x00000000800043ee (0xa2aa8cd3) c1_fflags 0x0000000000000015 x25 0x0000000000000000
core   0: 0x00000000800043f2 (0x00ea7b33) and     s6, s4, a4
core   0: 1 0x00000000800043f2 (0x00ea7b33) x22 0x7fffffffffffffff
core   0: 0x00000000800043f6 (0x03d5423b) divw    tp, a0, t4
core   0: 1 0x00000000800043f6 (0x03d5423b) x4  0x0000000000000000
core   0: 0x00000000800043fa (0x00000001) c.nop
core   0: 1 0x00000000800043fa (0x0001)
core   0: 0x00000000800043fc (0x00526c33) or      s8, tp, t0
core   0: 1 0x00000000800043fc (0x00526c33) x24 0x00000000000007ff
core   0: 0x0000000080004400 (0x22f787d3) fsgnj.d fa5, fa5, fa5
core   0: 1 0x0000000080004400 (0x22f787d3) f15 0x7ff8000000000000
core   0: 0x0000000080004404 (0x401b71d3) fcvt.s.d ft3, fs6
core   0: 1 0x0000000080004404 (0x401b71d3) f3  0xffffffff7fc00000
core   0: 0x0000000080004408 (0x9968859b) addiw   a1, a7, -1642
core   0: 1 0x0000000080004408 (0x9968859b) x11 0xfffffffffffff996
core   0: 0x000000008000440c (0xf20582d3) fmv.d.x ft5, a1
core   0: 1 0x000000008000440c (0xf20582d3) f5  0xfffffffffffff996
core   0: 0x0000000080004410 (0x5a05fad3) fsqrt.d fs5, fa1
core   0: 1 0x0000000080004410 (0x5a05fad3) f21 0x7ff8000000000000
core   0: 0x0000000080004414 (0x8059a117) auipc   sp, 0x8059a
core   0: 1 0x0000000080004414 (0x8059a117) x2  0x000000000059e414
core   0: 0x0000000080004418 (0x0ff0000f) fence   iorw,iorw
core   0: 1 0x0000000080004418 (0x0ff0000f)
core   0: 0x000000008000441c (0xd036fcd3) fcvt.s.lu fs9, a3
core   0: 1 0x000000008000441c (0xd036fcd3) f25 0xffffffff00000000
core   0: 0x0000000080004420 (0x0279d8b3) divu    a7, s3, t2
core   0: 1 0x0000000080004420 (0x0279d8b3) x17 0xffffffffffffffff
core   0: 0x0000000080004424 (0x31a05df3) csrrwi  s11, menvcfgh, 0
core   0: exception trap_illegal_instruction, epc 0x0000000080004424
core   0:           tval 0x0000000031a05df3
core   0: >>>>  $xrv64i2p1_m2p0_a2p1_f2p2_d2p2_zicsr2p0_zifencei2p0_zmmul1p0_zba1p0_zbb1p0_zbc1p0_zbs1p0
core   0: 0x0000000080004000 (0x0080006f) j       pc + 0x8
core   0: 3 0x0000000080004000 (0x0080006f)
core   0: >>>>  mmode_exception_handler
core   0: 0x0000000080004008 (0x00002c17) auipc   s8, 0x2
core   0: 3 0x0000000080004008 (0x00002c17) x24 0x0000000080006008
core   0: 0x000000008000400c (0x0bcc0c13) addi    s8, s8, 188
core   0: 3 0x000000008000400c (0x0bcc0c13) x24 0x00000000800060c4
core   0: 0x0000000080004010 (0x000c00e7) jalr    s8
core   0: 3 0x0000000080004010 (0x000c00e7) x1  0x0000000080004014
core   0: >>>>  any_handler
core   0: 0x00000000800060c4 (0x341027f3) csrrs   a5, mepc, zero
core   0: 3 0x00000000800060c4 (0x341027f3) x15 0x0000000080004424
core   0: 0x00000000800060c8 (0x34202773) csrrs   a4, mcause, zero
core   0: 3 0x00000000800060c8 (0x34202773) x14 0x0000000000000002
core   0: 0x00000000800060cc (0x142026f3) csrrs   a3, scause, zero
core   0: 3 0x00000000800060cc (0x142026f3) x13 0x0000000000000000
core   0: 0x00000000800060d0 (0x30402673) csrrs   a2, mie, zero
core   0: 3 0x00000000800060d0 (0x30402673) x12 0x0000000000000a00
core   0: 0x00000000800060d4 (0x344025f3) csrrs   a1, mip, zero
core   0: 3 0x00000000800060d4 (0x344025f3) x11 0x0000000000000080
core   0: 0x00000000800060d8 (0x343025f3) csrrs   a1, mtval, zero
core   0: 3 0x00000000800060d8 (0x343025f3) x11 0x0000000031a05df3
core   0: 0x00000000800060dc (0x14302573) csrrs   a0, stval, zero
core   0: 3 0x00000000800060dc (0x14302573) x10 0x0000000000000000
core   0: 0x00000000800060e0 (0xb02024f3) csrrs   s1, minstret, zero
core   0: 3 0x00000000800060e0 (0xb02024f3) x9  0x0000000000000937
core   0: 0x00000000800060e4 (0x0000a811) c.j     pc + 20
core   0: 3 0x00000000800060e4 (0xa811)
core   0: >>>>  mepc_4
core   0: 0x00000000800060f8 (0x00000791) c.addi  a5, 4
core   0: 3 0x00000000800060f8 (0x0791) x15 0x0000000080004428
core   0: 0x00000000800060fa (0x34179073) csrrw   zero, mepc, a5
core   0: 3 0x00000000800060fa (0x34179073) c833_mepc 0x0000000080004428
core   0: 0x00000000800060fe (0x30200073) mret
core   0: 3 0x00000000800060fe (0x30200073) c768_mstatus 0x8000000a00106080
core   0: 0x0000000080004428 (0xc22ff853) fcvt.l.d a6, ft11
core   0: 1 0x0000000080004428 (0xc22ff853) c1_fflags 0x0000000000000015 x16 0x7fffffffffffffff
core   0: 0x000000008000442c (0x2375754f) fnmadd.d fa0, fa0, fs7, ft4
core   0: 1 0x000000008000442c (0x2375754f) f10 0x7ff8000000000000
core   0: 0x0000000080004430 (0xe2020ad3) fmv.x.d s5, ft4
core   0: 1 0x0000000080004430 (0xe2020ad3) x21 0x7ff8000000000000
core   0: 0x0000000080004434 (0xd2387653) fcvt.d.lu fa2, a6
core   0: 1 0x0000000080004434 (0xd2387653) c1_fflags 0x0000000000000015 f12 0x43e0000000000000
core   0: 0x0000000080004438 (0x0006591b) srliw   s2, a2, 0
core   0: 1 0x0000000080004438 (0x0006591b) x18 0x0000000000000a00
core   0: 0x000000008000443c (0x032c8bb3) mul     s7, s9, s2
core   0: 1 0x000000008000443c (0x032c8bb3) x23 0x0000000000000000
core   0: 0x0000000080004440 (0xf142f1f3) csrrci  gp, mhartid, 5
core   0: exception trap_illegal_instruction, epc 0x0000000080004440
core   0:           tval 0x00000000f142f1f3
core   0: >>>>  $xrv64i2p1_m2p0_a2p1_f2p2_d2p2_zicsr2p0_zifencei2p0_zmmul1p0_zba1p0_zbb1p0_zbc1p0_zbs1p0
core   0: 0x0000000080004000 (0x0080006f) j       pc + 0x8
core   0: 3 0x0000000080004000 (0x0080006f)
core   0: >>>>  mmode_exception_handler
core   0: 0x0000000080004008 (0x00002c17) auipc   s8, 0x2
core   0: 3 0x0000000080004008 (0x00002c17) x24 0x0000000080006008
core   0: 0x000000008000400c (0x0bcc0c13) addi    s8, s8, 188
core   0: 3 0x000000008000400c (0x0bcc0c13) x24 0x00000000800060c4
core   0: 0x0000000080004010 (0x000c00e7) jalr    s8
core   0: 3 0x0000000080004010 (0x000c00e7) x1  0x0000000080004014
core   0: >>>>  any_handler
core   0: 0x00000000800060c4 (0x341027f3) csrrs   a5, mepc, zero
core   0: 3 0x00000000800060c4 (0x341027f3) x15 0x0000000080004440
core   0: 0x00000000800060c8 (0x34202773) csrrs   a4, mcause, zero
core   0: 3 0x00000000800060c8 (0x34202773) x14 0x0000000000000002
core   0: 0x00000000800060cc (0x142026f3) csrrs   a3, scause, zero
core   0: 3 0x00000000800060cc (0x142026f3) x13 0x0000000000000000
core   0: 0x00000000800060d0 (0x30402673) csrrs   a2, mie, zero
core   0: 3 0x00000000800060d0 (0x30402673) x12 0x0000000000000a00
core   0: 0x00000000800060d4 (0x344025f3) csrrs   a1, mip, zero
core   0: 3 0x00000000800060d4 (0x344025f3) x11 0x0000000000000080
core   0: 0x00000000800060d8 (0x343025f3) csrrs   a1, mtval, zero
core   0: 3 0x00000000800060d8 (0x343025f3) x11 0x00000000f142f1f3
core   0: 0x00000000800060dc (0x14302573) csrrs   a0, stval, zero
core   0: 3 0x00000000800060dc (0x14302573) x10 0x0000000000000000
core   0: 0x00000000800060e0 (0xb02024f3) csrrs   s1, minstret, zero
core   0: 3 0x00000000800060e0 (0xb02024f3) x9  0x000000000000094d
core   0: 0x00000000800060e4 (0x0000a811) c.j     pc + 20
core   0: 3 0x00000000800060e4 (0xa811)
core   0: >>>>  mepc_4
core   0: 0x00000000800060f8 (0x00000791) c.addi  a5, 4
core   0: 3 0x00000000800060f8 (0x0791) x15 0x0000000080004444
core   0: 0x00000000800060fa (0x34179073) csrrw   zero, mepc, a5
core   0: 3 0x00000000800060fa (0x34179073) c833_mepc 0x0000000080004444
core   0: 0x00000000800060fe (0x30200073) mret
core   0: 3 0x00000000800060fe (0x30200073) c768_mstatus 0x8000000a00106080
core   0: 0x0000000080004444 (0x40fc0eb3) sub     t4, s8, a5
core   0: 1 0x0000000080004444 (0x40fc0eb3) x29 0x0000000000001c80
core   0: 0x0000000080004448 (0xfffe069b) addiw   a3, t3, -1
core   0: 1 0x0000000080004448 (0xfffe069b) x13 0xfffffffffffff5ff
core   0: 0x000000008000444c (0x000e6e93) ori     t4, t3, 0
core   0: 1 0x000000008000444c (0x000e6e93) x29 0xfffffffffffff600
core   0: 0x0000000080004450 (0x00019093) slli    ra, gp, 0
core   0: 1 0x0000000080004450 (0x00019093) x1  0x00000000000005dc
core   0: 0x0000000080004454 (0x02a576b3) remu    a3, a0, a0
core   0: 1 0x0000000080004454 (0x02a576b3) x13 0x0000000000000000
core   0: 0x0000000080004458 (0x03909393) slli    t2, ra, 57
core   0: 1 0x0000000080004458 (0x03909393) x7  0xb800000000000000
core   0: 0x000000008000445c (0x12d9ff53) fmul.d  ft10, fs3, fa3
core   0: 1 0x000000008000445c (0x12d9ff53) f30 0x7ff8000000000000
core   0: 0x0000000080004460 (0x415b02b3) sub     t0, s6, s5
core   0: 1 0x0000000080004460 (0x415b02b3) x5  0x0007ffffffffffff
core   0: 0x0000000080004464 (0xa31af213) andi    tp, s5, -1487
core   0: 1 0x0000000080004464 (0xa31af213) x4  0x7ff8000000000000
core   0: 0x0000000080004468 (0xf2020bd3) fmv.d.x fs7, tp
core   0: 1 0x0000000080004468 (0xf2020bd3) f23 0x7ff8000000000000
core   0: 0x000000008000446c (0x006d533b) srlw    t1, s10, t1
core   0: 1 0x000000008000446c (0x006d533b) x6  0x0000000000000000
core   0: 0x0000000080004470 (0x360a0897) auipc   a7, 0x360a0
core   0: 1 0x0000000080004470 (0x360a0897) x17 0x00000000b60a4470
core   0: 0x0000000080004474 (0x2c221617) auipc   a2, 0x2c221
core   0: 1 0x0000000080004474 (0x2c221617) x12 0x00000000ac225474
core   0: 0x0000000080004478 (0x5a0bf0d3) fsqrt.d ft1, fs7
core   0: 1 0x0000000080004478 (0x5a0bf0d3) f1  0x7ff8000000000000
core   0: 0x000000008000447c (0xd2030553) fcvt.d.w fa0, t1
core   0: 1 0x000000008000447c (0xd2030553) f10 0x0000000000000000
core   0: 0x0000000080004480 (0x01d57cb3) and     s9, a0, t4
core   0: 1 0x0000000080004480 (0x01d57cb3) x25 0x0000000000000000
core   0: 0x0000000080004484 (0x016adb33) srl     s6, s5, s6
core   0: 1 0x0000000080004484 (0x016adb33) x22 0x0000000000000000
core   0: 0x0000000080004488 (0x001b17f3) csrrw   a5, fflags, s6
core   0: 1 0x0000000080004488 (0x001b17f3) x15 0x0000000000000015 c1_fflags 0x0000000000000000
core   0: 0x000000008000448c (0xa3d08ad3) fle.d   s5, ft1, ft9
core   0: 1 0x000000008000448c (0xa3d08ad3) c1_fflags 0x0000000000000010 x21 0x0000000000000000
core   0: 0x0000000080004490 (0x0299f653) fadd.d  fa2, fs3, fs1
core   0: 1 0x0000000080004490 (0x0299f653) f12 0x7ff8000000000000
core   0: 0x0000000080004494 (0x9ac8f8c3) fmadd.d fa7, fa7, fa2, fs3
core   0: 1 0x0000000080004494 (0x9ac8f8c3) f17 0x7ff8000000000000
core   0: 0x0000000080004498 (0x036c6c33) rem     s8, s8, s6
core   0: 1 0x0000000080004498 (0x036c6c33) x24 0x00000000800060c4
core   0: 0x000000008000449c (0x00151873) csrrw   a6, fflags, a0
core   0: 1 0x000000008000449c (0x00151873) x16 0x0000000000000010 c1_fflags 0x0000000000000000
core   0: 0x00000000800044a0 (0xd23c7cd3) fcvt.d.lu fs9, s8
core   0: 1 0x00000000800044a0 (0xd23c7cd3) f25 0x41e0000c18800000
core   0: 0x00000000800044a4 (0xc238f053) fcvt.lu.d zero, fa7
core   0: 1 0x00000000800044a4 (0xc238f053) c1_fflags 0x0000000000000010
core   0: 0x00000000800044a8 (0x0018579b) srliw   a5, a6, 1
core   0: 1 0x00000000800044a8 (0x0018579b) x15 0x0000000000000008
core   0: 0x00000000800044ac (0xf1139a73) csrrw   s4, mvendorid, t2
core   0: exception trap_illegal_instruction, epc 0x00000000800044ac
core   0:           tval 0x00000000f1139a73
core   0: >>>>  $xrv64i2p1_m2p0_a2p1_f2p2_d2p2_zicsr2p0_zifencei2p0_zmmul1p0_zba1p0_zbb1p0_zbc1p0_zbs1p0
core   0: 0x0000000080004000 (0x0080006f) j       pc + 0x8
core   0: 3 0x0000000080004000 (0x0080006f)
core   0: >>>>  mmode_exception_handler
core   0: 0x0000000080004008 (0x00002c17) auipc   s8, 0x2
core   0: 3 0x0000000080004008 (0x00002c17) x24 0x0000000080006008
core   0: 0x000000008000400c (0x0bcc0c13) addi    s8, s8, 188
core   0: 3 0x000000008000400c (0x0bcc0c13) x24 0x00000000800060c4
core   0: 0x0000000080004010 (0x000c00e7) jalr    s8
core   0: 3 0x0000000080004010 (0x000c00e7) x1  0x0000000080004014
core   0: >>>>  any_handler
core   0: 0x00000000800060c4 (0x341027f3) csrrs   a5, mepc, zero
core   0: 3 0x00000000800060c4 (0x341027f3) x15 0x00000000800044ac
core   0: 0x00000000800060c8 (0x34202773) csrrs   a4, mcause, zero
core   0: 3 0x00000000800060c8 (0x34202773) x14 0x0000000000000002
core   0: 0x00000000800060cc (0x142026f3) csrrs   a3, scause, zero
core   0: 3 0x00000000800060cc (0x142026f3) x13 0x0000000000000000
core   0: 0x00000000800060d0 (0x30402673) csrrs   a2, mie, zero
core   0: 3 0x00000000800060d0 (0x30402673) x12 0x0000000000000a00
core   0: 0x00000000800060d4 (0x344025f3) csrrs   a1, mip, zero
core   0: 3 0x00000000800060d4 (0x344025f3) x11 0x0000000000000080
core   0: 0x00000000800060d8 (0x343025f3) csrrs   a1, mtval, zero
core   0: 3 0x00000000800060d8 (0x343025f3) x11 0x00000000f1139a73
core   0: 0x00000000800060dc (0x14302573) csrrs   a0, stval, zero
core   0: 3 0x00000000800060dc (0x14302573) x10 0x0000000000000000
core   0: 0x00000000800060e0 (0xb02024f3) csrrs   s1, minstret, zero
core   0: 3 0x00000000800060e0 (0xb02024f3) x9  0x0000000000000977
core   0: 0x00000000800060e4 (0x0000a811) c.j     pc + 20
core   0: 3 0x00000000800060e4 (0xa811)
core   0: >>>>  mepc_4
core   0: 0x00000000800060f8 (0x00000791) c.addi  a5, 4
core   0: 3 0x00000000800060f8 (0x0791) x15 0x00000000800044b0
core   0: 0x00000000800060fa (0x34179073) csrrw   zero, mepc, a5
core   0: 3 0x00000000800060fa (0x34179073) c833_mepc 0x00000000800044b0
core   0: 0x00000000800060fe (0x30200073) mret
core   0: 3 0x00000000800060fe (0x30200073) c768_mstatus 0x8000000a00106080
core   0: 0x00000000800044b0 (0xc23072d3) fcvt.lu.d t0, ft0
core   0: 1 0x00000000800044b0 (0xc23072d3) x5  0x00000200000001a2
core   0: 0x00000000800044b4 (0xd222fbd3) fcvt.d.l fs7, t0
core   0: 1 0x00000000800044b4 (0xd222fbd3) f23 0x42800000000d1000
core   0: 0x00000000800044b8 (0x89f2c913) xori    s2, t0, -1889
core   0: 1 0x00000000800044b8 (0x89f2c913) x18 0xfffffdfffffff93d
core   0: 0x00000000800044bc (0x43f7da93) srai    s5, a5, 63
core   0: 1 0x00000000800044bc (0x43f7da93) x21 0x0000000000000000
core   0: 0x00000000800044c0 (0x1208f053) fmul.d  ft0, fa7, ft0
core   0: 1 0x00000000800044c0 (0x1208f053) f0  0x7ff8000000000000
core   0: 0x00000000800044c4 (0x00075513) srli    a0, a4, 0
core   0: 1 0x00000000800044c4 (0x00075513) x10 0x0000000000000002
core   0: 0x00000000800044c8 (0xcb620213) addi    tp, tp, -842
core   0: 1 0x00000000800044c8 (0xcb620213) x4  0x7ff7fffffffffcb6
core   0: 0x00000000800044cc (0x417a533b) sraw    t1, s4, s7
core   0: 1 0x00000000800044cc (0x417a533b) x6  0xffffffffffffffff
core   0: 0x00000000800044d0 (0xa31b83d3) fle.d   t2, fs7, fa7
core   0: 1 0x00000000800044d0 (0xa31b83d3) c1_fflags 0x0000000000000010 x7  0x0000000000000000
core   0: 0x00000000800044d4 (0x0263d233) divu    tp, t2, t1
core   0: 1 0x00000000800044d4 (0x0263d233) x4  0x0000000000000000
core   0: 0x00000000800044d8 (0x02d3d73b) divuw   a4, t2, a3
core   0: 1 0x00000000800044d8 (0x02d3d73b) x14 0xffffffffffffffff
core   0: 0x00000000800044dc (0xc21cf3d3) fcvt.wu.d t2, fs9
core   0: 1 0x00000000800044dc (0xc21cf3d3) x7  0xffffffff800060c4
core   0: 0x00000000800044e0 (0xc03c7053) fcvt.lu.s zero, fs8
core   0: 1 0x00000000800044e0 (0xc03c7053) c1_fflags 0x0000000000000010
core   0: 0x00000000800044e4 (0x41dd5293) srai    t0, s10, 29
core   0: 1 0x00000000800044e4 (0x41dd5293) x5  0x0000000000000000
core   0: 0x00000000800044e8 (0x22081153) fsgnjn.d ft2, fa6, ft0
core   0: 1 0x00000000800044e8 (0x22081153) f2  0xfff8000000000000
core   0: 0x00000000800044ec (0x409ed0bb) sraw    ra, t4, s1
core   0: 1 0x00000000800044ec (0x409ed0bb) x1  0xffffffffffffffff
core   0: 0x00000000800044f0 (0xc228f4d3) fcvt.l.d s1, fa7
core   0: 1 0x00000000800044f0 (0xc228f4d3) c1_fflags 0x0000000000000010 x9  0x7fffffffffffffff
core   0: 0x00000000800044f4 (0x0066a333) slt     t1, a3, t1
core   0: 1 0x00000000800044f4 (0x0066a333) x6  0x0000000000000000
core   0: 0x00000000800044f8 (0x4002d89b) sraiw   a7, t0, 0
core   0: 1 0x00000000800044f8 (0x4002d89b) x17 0x0000000000000000
core   0: 0x00000000800044fc (0x22448253) fsgnj.d ft4, fs1, ft4
core   0: 1 0x00000000800044fc (0x22448253) f4  0x7ff8000000000000
core   0: 0x0000000080004500 (0x00102d73) csrrs   s10, fflags, zero
core   0: 1 0x0000000080004500 (0x00102d73) x26 0x0000000000000010
core   0: 0x0000000080004504 (0x03ad623b) remw    tp, s10, s10
core   0: 1 0x0000000080004504 (0x03ad623b) x4  0x0000000000000000
core   0: 0x0000000080004508 (0x0240543b) divuw   s0, zero, tp
core   0: 1 0x0000000080004508 (0x0240543b) x8  0xffffffffffffffff
core   0: 0x000000008000450c (0x001a10b3) sll     ra, s4, ra
core   0: 1 0x000000008000450c (0x001a10b3) x1  0x8000000000000000
core   0: 0x0000000080004510 (0xf91c7c97) auipc   s9, 0xf91c7
core   0: 1 0x0000000080004510 (0xf91c7c97) x25 0x00000000791cb510
core   0: 0x0000000080004514 (0x039e53bb) divuw   t2, t3, s9
core   0: 1 0x0000000080004514 (0x039e53bb) x7  0x0000000000000002
core   0: 0x0000000080004518 (0xd0397253) fcvt.s.lu ft4, s2
core   0: 1 0x0000000080004518 (0xd0397253) c1_fflags 0x0000000000000011 f4  0xffffffff5f7ffffe
core   0: 0x000000008000451c (0x01239db3) sll     s11, t2, s2
core   0: 1 0x000000008000451c (0x01239db3) x27 0x4000000000000000
core   0: 0x0000000080004520 (0x2a2a9ad3) fmax.d  fs5, fs5, ft2
core   0: 1 0x0000000080004520 (0x2a2a9ad3) f21 0x7ff8000000000000
core   0: 0x0000000080004524 (0x0ff0000f) fence   iorw,iorw
core   0: 1 0x0000000080004524 (0x0ff0000f)
core   0: 0x0000000080004528 (0x01bd8c3b) addw    s8, s11, s11
core   0: 1 0x0000000080004528 (0x01bd8c3b) x24 0x0000000000000000
core   0: 0x000000008000452c (0xd0327b53) fcvt.s.lu fs6, tp
core   0: 1 0x000000008000452c (0xd0327b53) f22 0xffffffff00000000
core   0: 0x0000000080004530 (0x00721b33) sll     s6, tp, t2
core   0: 1 0x0000000080004530 (0x00721b33) x22 0x0000000000000000
core   0: 0x0000000080004534 (0x2a0f1053) fmax.d  ft0, ft10, ft0
core   0: 1 0x0000000080004534 (0x2a0f1053) f0  0x7ff8000000000000
core   0: 0x0000000080004538 (0x001795f3) csrrw   a1, fflags, a5
core   0: 1 0x0000000080004538 (0x001795f3) x11 0x0000000000000011 c1_fflags 0x0000000000000010
core   0: 0x000000008000453c (0x02b7e03b) remw    zero, a5, a1
core   0: 1 0x000000008000453c (0x02b7e03b)
core   0: 0x0000000080004540 (0x013069b3) or      s3, zero, s3
core   0: 1 0x0000000080004540 (0x013069b3) x19 0x0000000000000000
core   0: 0x0000000080004544 (0x1b3ff953) fdiv.d  fs2, ft11, fs3
core   0: 1 0x0000000080004544 (0x1b3ff953) f18 0x7ff8000000000000
core   0: 0x0000000080004548 (0x03202d33) mulhsu  s10, zero, s2
core   0: 1 0x0000000080004548 (0x03202d33) x26 0x0000000000000000
core   0: 0x000000008000454c (0xe2000153) fmv.x.d sp, ft0
core   0: 1 0x000000008000454c (0xe2000153) x2  0x7ff8000000000000
core   0: 0x0000000080004550 (0x4121533b) sraw    t1, sp, s2
core   0: 1 0x0000000080004550 (0x4121533b) x6  0x0000000000000000
core   0: 0x0000000080004554 (0x40b105bb) subw    a1, sp, a1
core   0: 1 0x0000000080004554 (0x40b105bb) x11 0xffffffffffffffef
core   0: 0x0000000080004558 (0x22df97d3) fsgnjn.d fa5, ft11, fa3
core   0: 1 0x0000000080004558 (0x22df97d3) f15 0xffffffff54000000
core   0: 0x000000008000455c (0xd230fe53) fcvt.d.lu ft8, ra
core   0: 1 0x000000008000455c (0xd230fe53) f28 0x43e0000000000000
core   0: 0x0000000080004560 (0x0002503b) srlw    zero, tp, zero
core   0: 1 0x0000000080004560 (0x0002503b)
core   0: 0x0000000080004564 (0x4005d793) srai    a5, a1, 0
core   0: 1 0x0000000080004564 (0x4005d793) x15 0xffffffffffffffef
core   0: 0x0000000080004568 (0x00d9d533) srl     a0, s3, a3
core   0: 1 0x0000000080004568 (0x00d9d533) x10 0x0000000000000000
core   0: 0x000000008000456c (0x408a05bb) subw    a1, s4, s0
core   0: 1 0x000000008000456c (0x408a05bb) x11 0x0000000000000000
core   0: 0x0000000080004570 (0x0164edb3) or      s11, s1, s6
core   0: 1 0x0000000080004570 (0x0164edb3) x27 0x7fffffffffffffff
core   0: 0x0000000080004574 (0x00000b86) c.slli  s7, 1
core   0: 1 0x0000000080004574 (0x0b86) x23 0x0000000000000000
core   0: 0x0000000080004576 (0xefe46013) ori     zero, s0, -258
core   0: 1 0x0000000080004576 (0xefe46013)
core   0: 0x000000008000457a (0x00140b1b) addiw   s6, s0, 1
core   0: 1 0x000000008000457a (0x00140b1b) x22 0x0000000000000000
core   0: 0x000000008000457e (0xfbf4f2c3) fmadd.d ft5, fs1, ft11, ft11
core   0: 1 0x000000008000457e (0xfbf4f2c3) f5  0x7ff8000000000000
core   0: 0x0000000080004582 (0x00104893) xori    a7, zero, 1
core   0: 1 0x0000000080004582 (0x00104893) x17 0x0000000000000001
core   0: 0x0000000080004586 (0x03dba933) mulhsu  s2, s7, t4
core   0: 1 0x0000000080004586 (0x03dba933) x18 0x0000000000000000
core   0: 0x000000008000458a (0x00a925b3) slt     a1, s2, a0
core   0: 1 0x000000008000458a (0x00a925b3) x11 0x0000000000000000
core   0: 0x000000008000458e (0xdda3f6b7) lui     a3, 0xdda3f
core   0: 1 0x000000008000458e (0xdda3f6b7) x13 0xffffffffdda3f000
core   0: 0x0000000080004592 (0x01d6de93) srli    t4, a3, 29
core   0: 1 0x0000000080004592 (0x01d6de93) x29 0x00000007fffffffe
core   0: 0x0000000080004596 (0x144cdb73) csrrwi  s6, sip, 25
core   0: 1 0x0000000080004596 (0x144cdb73) x22 0x0000000000000000 c836_mip 0x0000000000000080
core   0: 0x000000008000459a (0xd23672d3) fcvt.d.lu ft5, a2
core   0: 1 0x000000008000459a (0xd23672d3) f5  0x40a4000000000000
core   0: 0x000000008000459e (0xa2b785d3) fle.d   a1, fa5, fa1
core   0: 1 0x000000008000459e (0xa2b785d3) c1_fflags 0x0000000000000010 x11 0x0000000000000000
core   0: 0x00000000800045a2 (0x000c909b) slliw   ra, s9, 0
core   0: 1 0x00000000800045a2 (0x000c909b) x1  0x00000000791cb510
core   0: 0x00000000800045a6 (0x001b59bb) srlw    s3, s6, ra
core   0: 1 0x00000000800045a6 (0x001b59bb) x19 0x0000000000000000
core   0: 0x00000000800045aa (0x0009cdb3) xor     s11, s3, zero
core   0: 1 0x00000000800045aa (0x0009cdb3) x27 0x0000000000000000
core   0: 0x00000000800045ae (0xd20d8253) fcvt.d.w ft4, s11
core   0: 1 0x00000000800045ae (0xd20d8253) f4  0x0000000000000000
core   0: 0x00000000800045b2 (0x40ddd1b3) sra     gp, s11, a3
core   0: 1 0x00000000800045b2 (0x40ddd1b3) x3  0x0000000000000000
core   0: 0x00000000800045b6 (0x00000001) c.nop
core   0: 1 0x00000000800045b6 (0x0001)
core   0: 0x00000000800045b8 (0xfff6e993) ori     s3, a3, -1
core   0: 1 0x00000000800045b8 (0xfff6e993) x19 0xffffffffffffffff
core   0: 0x00000000800045bc (0xf1107c73) csrrci  s8, mvendorid, 0
core   0: exception trap_illegal_instruction, epc 0x00000000800045bc
core   0:           tval 0x00000000f1107c73
core   0: >>>>  $xrv64i2p1_m2p0_a2p1_f2p2_d2p2_zicsr2p0_zifencei2p0_zmmul1p0_zba1p0_zbb1p0_zbc1p0_zbs1p0
core   0: 0x0000000080004000 (0x0080006f) j       pc + 0x8
core   0: 3 0x0000000080004000 (0x0080006f)
core   0: >>>>  mmode_exception_handler
core   0: 0x0000000080004008 (0x00002c17) auipc   s8, 0x2
core   0: 3 0x0000000080004008 (0x00002c17) x24 0x0000000080006008
core   0: 0x000000008000400c (0x0bcc0c13) addi    s8, s8, 188
core   0: 3 0x000000008000400c (0x0bcc0c13) x24 0x00000000800060c4
core   0: 0x0000000080004010 (0x000c00e7) jalr    s8
core   0: 3 0x0000000080004010 (0x000c00e7) x1  0x0000000080004014
core   0: >>>>  any_handler
core   0: 0x00000000800060c4 (0x341027f3) csrrs   a5, mepc, zero
core   0: 3 0x00000000800060c4 (0x341027f3) x15 0x00000000800045bc
core   0: 0x00000000800060c8 (0x34202773) csrrs   a4, mcause, zero
core   0: 3 0x00000000800060c8 (0x34202773) x14 0x0000000000000002
core   0: 0x00000000800060cc (0x142026f3) csrrs   a3, scause, zero
core   0: 3 0x00000000800060cc (0x142026f3) x13 0x0000000000000000
core   0: 0x00000000800060d0 (0x30402673) csrrs   a2, mie, zero
core   0: 3 0x00000000800060d0 (0x30402673) x12 0x0000000000000a00
core   0: 0x00000000800060d4 (0x344025f3) csrrs   a1, mip, zero
core   0: 3 0x00000000800060d4 (0x344025f3) x11 0x0000000000000080
core   0: 0x00000000800060d8 (0x343025f3) csrrs   a1, mtval, zero
core   0: 3 0x00000000800060d8 (0x343025f3) x11 0x00000000f1107c73
core   0: 0x00000000800060dc (0x14302573) csrrs   a0, stval, zero
core   0: 3 0x00000000800060dc (0x14302573) x10 0x0000000000000000
core   0: 0x00000000800060e0 (0xb02024f3) csrrs   s1, minstret, zero
core   0: 3 0x00000000800060e0 (0xb02024f3) x9  0x00000000000009cb
core   0: 0x00000000800060e4 (0x0000a811) c.j     pc + 20
core   0: 3 0x00000000800060e4 (0xa811)
core   0: >>>>  mepc_4
core   0: 0x00000000800060f8 (0x00000791) c.addi  a5, 4
core   0: 3 0x00000000800060f8 (0x0791) x15 0x00000000800045c0
core   0: 0x00000000800060fa (0x34179073) csrrw   zero, mepc, a5
core   0: 3 0x00000000800060fa (0x34179073) c833_mepc 0x00000000800045c0
core   0: 0x00000000800060fe (0x30200073) mret
core   0: 3 0x00000000800060fe (0x30200073) c768_mstatus 0x8000000a00106080
core   0: 0x00000000800045c0 (0xfbf27647) fmsub.d fa2, ft4, ft11, ft11
core   0: 1 0x00000000800045c0 (0xfbf27647) f12 0x7ff8000000000000
core   0: 0x00000000800045c4 (0xeabaee93) ori     t4, s5, -341
core   0: 1 0x00000000800045c4 (0xeabaee93) x29 0xfffffffffffffeab
core   0: 0x00000000800045c8 (0x222e0e53) fsgnj.d ft8, ft8, ft2
core   0: 1 0x00000000800045c8 (0x222e0e53) f28 0xc3e0000000000000
core   0: 0x00000000800045cc (0x00961133) sll     sp, a2, s1
core   0: 1 0x00000000800045cc (0x00961133) x2  0x0000000000500000
core   0: 0x00000000800045d0 (0x420a00d3) fcvt.d.s ft1, fs4
core   0: 1 0x00000000800045d0 (0x420a00d3) f1  0x7ff8000000000000
core   0: 0x00000000800045d4 (0x0b4bf7d3) fsub.d  fa5, fs7, fs4
core   0: 1 0x00000000800045d4 (0x0b4bf7d3) f15 0x7ff8000000000000
core   0: 0x00000000800045d8 (0x001617f3) csrrw   a5, fflags, a2
core   0: 1 0x00000000800045d8 (0x001617f3) x15 0x0000000000000010 c1_fflags 0x0000000000000000
core   0: 0x00000000800045dc (0xc02bfcd3) fcvt.l.s s9, fs7
core   0: 1 0x00000000800045dc (0xc02bfcd3) c1_fflags 0x0000000000000010 x25 0x7fffffffffffffff
core   0: 0x00000000800045e0 (0x41d080b3) sub     ra, ra, t4
core   0: 1 0x00000000800045e0 (0x41d080b3) x1  0x0000000080004169
core   0: 0x00000000800045e4 (0x8b18899b) addiw   s3, a7, -1871
core   0: 1 0x00000000800045e4 (0x8b18899b) x19 0xfffffffffffff8b2
core   0: 0x00000000800045e8 (0x037b8d33) mul     s10, s7, s7
core   0: 1 0x00000000800045e8 (0x037b8d33) x26 0x0000000000000000
core   0: 0x00000000800045ec (0xd03c7f53) fcvt.s.lu ft10, s8
core   0: 1 0x00000000800045ec (0xd03c7f53) c1_fflags 0x0000000000000011 f30 0xffffffff4f000061
core   0: 0x00000000800045f0 (0x4004541b) sraiw   s0, s0, 0
core   0: 1 0x00000000800045f0 (0x4004541b) x8  0xffffffffffffffff
core   0: 0x00000000800045f4 (0x02e393b3) mulh    t2, t2, a4
core   0: 1 0x00000000800045f4 (0x02e393b3) x7  0x0000000000000000
core   0: 0x00000000800045f8 (0x001091f3) csrrw   gp, fflags, ra
core   0: 1 0x00000000800045f8 (0x001091f3) x3  0x0000000000000011 c1_fflags 0x0000000000000009
core   0: 0x00000000800045fc (0x0044dd1b) srliw   s10, s1, 4
core   0: 1 0x00000000800045fc (0x0044dd1b) x26 0x000000000000009c
core   0: 0x0000000080004600 (0xc22c73d3) fcvt.l.d t2, fs8
core   0: 1 0x0000000080004600 (0xc22c73d3) x7  0x0000000000000000
core   0: 0x0000000080004604 (0xc2087bd3) fcvt.w.d s7, fa6
core   0: 1 0x0000000080004604 (0xc2087bd3) c1_fflags 0x0000000000000019 x23 0x000000007fffffff
core   0: 0x0000000080004608 (0x5a09f4d3) fsqrt.d fs1, fs3
core   0: 1 0x0000000080004608 (0x5a09f4d3) f9  0x7ff8000000000000
core   0: 0x000000008000460c (0x41f0501b) sraiw   zero, zero, 31
core   0: 1 0x000000008000460c (0x41f0501b)
core   0: 0x0000000080004610 (0x0273f2bb) remuw   t0, t2, t2
core   0: 1 0x0000000080004610 (0x0273f2bb) x5  0x0000000000000000
core   0: 0x0000000080004614 (0x02e37753) fadd.d  fa4, ft6, fa4
core   0: 1 0x0000000080004614 (0x02e37753) f14 0x7ff8000000000000
core   0: 0x0000000080004618 (0x232812d3) fsgnjn.d ft5, fa6, fs2
core   0: 1 0x0000000080004618 (0x232812d3) f5  0xfff8000000000000
core   0: 0x000000008000461c (0x002012f3) csrrw   t0, frm, zero
core   0: 1 0x000000008000461c (0x002012f3) x5  0x0000000000000000 c2_frm 0x0000000000000000
core   0: 0x0000000080004620 (0xc4eefe93) andi    t4, t4, -946
core   0: 1 0x0000000080004620 (0xc4eefe93) x29 0xfffffffffffffc0a
core   0: 0x0000000080004624 (0x03db5633) divu    a2, s6, t4
core   0: 1 0x0000000080004624 (0x03db5633) x12 0x0000000000000000
core   0: 0x0000000080004628 (0x027653b3) divu    t2, a2, t2
core   0: 1 0x0000000080004628 (0x027653b3) x7  0xffffffffffffffff
core   0: 0x000000008000462c (0x01829c3b) sllw    s8, t0, s8
core   0: 1 0x000000008000462c (0x01829c3b) x24 0x0000000000000000
core   0: 0x0000000080004630 (0xbae2f243) fmadd.d ft4, ft5, fa4, fs7
core   0: 1 0x0000000080004630 (0xbae2f243) f4  0x7ff8000000000000
core   0: 0x0000000080004634 (0xd023f7d3) fcvt.s.l fa5, t2
core   0: 1 0x0000000080004634 (0xd023f7d3) f15 0xffffffffbf800000
core   0: 0x0000000080004638 (0x7ff3fc93) andi    s9, t2, 2047
core   0: 1 0x0000000080004638 (0x7ff3fc93) x25 0x00000000000007ff
core   0: 0x000000008000463c (0x0d4c6693) ori     a3, s8, 212
core   0: 1 0x000000008000463c (0x0d4c6693) x13 0x00000000000000d4
core   0: 0x0000000080004640 (0x02a85093) srli    ra, a6, 42
core   0: 1 0x0000000080004640 (0x02a85093) x1  0x0000000000000000
core   0: 0x0000000080004644 (0x013214bb) sllw    s1, tp, s3
core   0: 1 0x0000000080004644 (0x013214bb) x9  0x0000000000000000
core   0: 0x0000000080004648 (0x225816d3) fsgnjn.d fa3, fa6, ft5
core   0: 1 0x0000000080004648 (0x225816d3) f13 0x7ff8000000000000
core   0: 0x000000008000464c (0x0373dbb3) divu    s7, t2, s7
core   0: 1 0x000000008000464c (0x0373dbb3) x23 0x0000000200000004
core   0: 0x0000000080004650 (0xd22bf053) fcvt.d.l ft0, s7
core   0: 1 0x0000000080004650 (0xd22bf053) f0  0x4200000000200000
core   0: 0x0000000080004654 (0xd21b8953) fcvt.d.wu fs2, s7
core   0: 1 0x0000000080004654 (0xd21b8953) f18 0x4010000000000000
core   0: 0x0000000080004658 (0x22a51c53) fsgnjn.d fs8, fa0, fa0
core   0: 1 0x0000000080004658 (0x22a51c53) f24 0x8000000000000000
core   0: 0x000000008000465c (0xa20700d3) fle.d   ra, fa4, ft0
core   0: 1 0x000000008000465c (0xa20700d3) c1_fflags 0x0000000000000019 x1  0x0000000000000000
core   0: 0x0000000080004660 (0x41350433) sub     s0, a0, s3
core   0: 1 0x0000000080004660 (0x41350433) x8  0x000000000000074e
core   0: 0x0000000080004664 (0x7ff16113) ori     sp, sp, 2047
core   0: 1 0x0000000080004664 (0x7ff16113) x2  0x00000000005007ff
core   0: 0x0000000080004668 (0x1b0e7953) fdiv.d  fs2, ft8, fa6
core   0: 1 0x0000000080004668 (0x1b0e7953) f18 0x7ff8000000000000
core   0: 0x000000008000466c (0x03454cbb) divw    s9, a0, s4
core   0: 1 0x000000008000466c (0x03454cbb) x25 0x0000000000000000
core   0: 0x0000000080004670 (0x405bd63b) sraw    a2, s7, t0
core   0: 1 0x0000000080004670 (0x405bd63b) x12 0x0000000000000004
core   0: 0x0000000080004674 (0x9e790997) auipc   s3, 0x9e790
core   0: 1 0x0000000080004674 (0x9e790997) x19 0x000000001e794674
core   0: 0x0000000080004678 (0x00161e13) slli    t3, a2, 1
core   0: 1 0x0000000080004678 (0x00161e13) x28 0x0000000000000008
core   0: 0x000000008000467c (0x40147dd3) fcvt.s.d fs11, fs0
core   0: 1 0x000000008000467c (0x40147dd3) f27 0xffffffff00000000
core   0: 0x0000000080004680 (0x41e75393) srai    t2, a4, 30
core   0: 1 0x0000000080004680 (0x41e75393) x7  0x0000000000000000
core   0: 0x0000000080004684 (0xfc407c37) lui     s8, 0xfc407
core   0: 1 0x0000000080004684 (0xfc407c37) x24 0xfffffffffc407000
core   0: 0x0000000080004688 (0xd22d7dd3) fcvt.d.l fs11, s10
core   0: 1 0x0000000080004688 (0xd22d7dd3) f27 0x4063800000000000
core   0: 0x000000008000468c (0x001d17f3) csrrw   a5, fflags, s10
core   0: 1 0x000000008000468c (0x001d17f3) x15 0x0000000000000019 c1_fflags 0x000000000000001c
core   0: 0x0000000080004690 (0x0254c4bb) divw    s1, s1, t0
core   0: 1 0x0000000080004690 (0x0254c4bb) x9  0xffffffffffffffff
core   0: 0x0000000080004694 (0x01a59c1b) slliw   s8, a1, 26
core   0: 1 0x0000000080004694 (0x01a59c1b) x24 0xffffffffcc000000
core   0: 0x0000000080004698 (0x0273f2bb) remuw   t0, t2, t2
core   0: 1 0x0000000080004698 (0x0273f2bb) x5  0x0000000000000000
core   0: 0x000000008000469c (0x007397bb) sllw    a5, t2, t2
core   0: 1 0x000000008000469c (0x007397bb) x15 0x0000000000000000
core   0: 0x00000000800046a0 (0x0007a033) slt     zero, a5, zero
core   0: 1 0x00000000800046a0 (0x0007a033)
core   0: 0x00000000800046a4 (0x5a0df9d3) fsqrt.d fs3, fs11
core   0: 1 0x00000000800046a4 (0x5a0df9d3) c1_fflags 0x000000000000001d f19 0x4028fae0c15ad38a
core   0: 0x00000000800046a8 (0x4112863b) subw    a2, t0, a7
core   0: 1 0x00000000800046a8 (0x4112863b) x12 0xffffffffffffffff
core   0: 0x00000000800046ac (0xec404e13) xori    t3, zero, -316
core   0: 1 0x00000000800046ac (0xec404e13) x28 0xfffffffffffffec4
core   0: 0x00000000800046b0 (0x00e0de13) srli    t3, ra, 14
core   0: 1 0x00000000800046b0 (0x00e0de13) x28 0x0000000000000000
core   0: 0x00000000800046b4 (0x4097d193) srai    gp, a5, 9
core   0: 1 0x00000000800046b4 (0x4097d193) x3  0x0000000000000000
core   0: 0x00000000800046b8 (0x0000951e) c.add   a0, t2
core   0: 1 0x00000000800046b8 (0x951e) x10 0x0000000000000000
core   0: 0x00000000800046ba (0x03de84b3) mul     s1, t4, t4
core   0: 1 0x00000000800046ba (0x03de84b3) x9  0x00000000000fb064
core   0: 0x00000000800046be (0x1ab6f3d3) fdiv.d  ft7, fa3, fa1
core   0: 1 0x00000000800046be (0x1ab6f3d3) f7  0x7ff8000000000000
core   0: 0x00000000800046c2 (0x229283d3) fsgnj.d ft7, ft5, fs1
core   0: 1 0x00000000800046c2 (0x229283d3) f7  0x7ff8000000000000
core   0: 0x00000000800046c6 (0x2a7590d3) fmax.d  ft1, fa1, ft7
core   0: 1 0x00000000800046c6 (0x2a7590d3) f1  0x7ff8000000000000
core   0: 0x00000000800046ca (0x01741bbb) sllw    s7, s0, s7
core   0: 1 0x00000000800046ca (0x01741bbb) x23 0x00000000000074e0
core   0: 0x00000000800046ce (0xc024f8d3) fcvt.l.s a7, fs1
core   0: 1 0x00000000800046ce (0xc024f8d3) c1_fflags 0x000000000000001d x17 0x7fffffffffffffff
core   0: 0x00000000800046d2 (0x00b8dbb3) srl     s7, a7, a1
core   0: 1 0x00000000800046d2 (0x00b8dbb3) x23 0x0000000000000fff
core   0: 0x00000000800046d6 (0x0000136a) c.slli  t1, 58
core   0: 1 0x00000000800046d6 (0x136a) x6  0x0000000000000000
core   0: 0x00000000800046d8 (0x12dcf6d3) fmul.d  fa3, fs9, fa3
core   0: 1 0x00000000800046d8 (0x12dcf6d3) f13 0x7ff8000000000000
core   0: 0x00000000800046dc (0x01a368b3) or      a7, t1, s10
core   0: 1 0x00000000800046dc (0x01a368b3) x17 0x000000000000009c
core   0: 0x00000000800046e0 (0xf4aa7113) andi    sp, s4, -182
core   0: 1 0x00000000800046e0 (0xf4aa7113) x2  0xffffffffffffff4a
core   0: 0x00000000800046e4 (0x40045913) srai    s2, s0, 0
core   0: 1 0x00000000800046e4 (0x40045913) x18 0x000000000000074e
core   0: 0x00000000800046e8 (0xe5ba3a17) auipc   s4, 0xe5ba3
core   0: 1 0x00000000800046e8 (0xe5ba3a17) x20 0x0000000065ba76e8
core   0: 0x00000000800046ec (0x0033a033) slt     zero, t2, gp
core   0: 1 0x00000000800046ec (0x0033a033)
core   0: 0x00000000800046f0 (0x020d5a13) srli    s4, s10, 32
core   0: 1 0x00000000800046f0 (0x020d5a13) x20 0x0000000000000000
core   0: 0x00000000800046f4 (0x035ac4bb) divw    s1, s5, s5
core   0: 1 0x00000000800046f4 (0x035ac4bb) x9  0xffffffffffffffff
core   0: 0x00000000800046f8 (0x00ce9ab3) sll     s5, t4, a2
core   0: 1 0x00000000800046f8 (0x00ce9ab3) x21 0x0000000000000000
core   0: 0x00000000800046fc (0x0173d21b) srliw   tp, t2, 23
core   0: 1 0x00000000800046fc (0x0173d21b) x4  0x0000000000000000
core   0: 0x0000000080004700 (0x02aaa533) mulhsu  a0, s5, a0
core   0: 1 0x0000000080004700 (0x02aaa533) x10 0x0000000000000000
core   0: 0x0000000080004704 (0x419bd8bb) sraw    a7, s7, s9
core   0: 1 0x0000000080004704 (0x419bd8bb) x17 0x0000000000000fff
core   0: 0x0000000080004708 (0x5a057753) fsqrt.d fa4, fa0
core   0: 1 0x0000000080004708 (0x5a057753) f14 0x0000000000000000
core   0: 0x000000008000470c (0xd034fad3) fcvt.s.lu fs5, s1
core   0: 1 0x000000008000470c (0xd034fad3) c1_fflags 0x000000000000001d f21 0xffffffff5f800000
core   0: 0x0000000080004710 (0xc2077ed3) fcvt.w.d t4, fa4
core   0: 1 0x0000000080004710 (0xc2077ed3) x29 0x0000000000000000
core   0: 0x0000000080004714 (0x00102173) csrrs   sp, fflags, zero
core   0: 1 0x0000000080004714 (0x00102173) x2  0x000000000000001d
core   0: 0x0000000080004718 (0xc0347053) fcvt.lu.s zero, fs0
core   0: 1 0x0000000080004718 (0xc0347053) c1_fflags 0x000000000000001d
core   0: 0x000000008000471c (0x401fffd3) fcvt.s.d ft11, ft11
core   0: 1 0x000000008000471c (0x401fffd3) f31 0xffffffff7fc00000
core   0: 0x0000000080004720 (0xc23cf8d3) fcvt.lu.d a7, fs9
core   0: 1 0x0000000080004720 (0xc23cf8d3) x17 0x00000000800060c4
core   0: 0x0000000080004724 (0x401a7253) fcvt.s.d ft4, fs4
core   0: 1 0x0000000080004724 (0x401a7253) f4  0xffffffff7fc00000
core   0: 0x0000000080004728 (0x013681bb) addw    gp, a3, s3
core   0: 1 0x0000000080004728 (0x013681bb) x3  0x000000001e794748
core   0: 0x000000008000472c (0x16079617) auipc   a2, 0x16079
core   0: 1 0x000000008000472c (0x16079617) x12 0x000000009607d72c
core   0: 0x0000000080004730 (0xfffd6e93) ori     t4, s10, -1
core   0: 1 0x0000000080004730 (0xfffd6e93) x29 0xffffffffffffffff
core   0: 0x0000000080004734 (0xea8af44f) fnmadd.d fs0, fs5, fs0, ft9
core   0: 1 0x0000000080004734 (0xea8af44f) f8  0x7ff8000000000000
core   0: 0x0000000080004738 (0x5a0fffd3) fsqrt.d ft11, ft11
core   0: 1 0x0000000080004738 (0x5a0fffd3) f31 0x7ff8000000000000
core   0: 0x000000008000473c (0x40385c13) srai    s8, a6, 3
core   0: 1 0x000000008000473c (0x40385c13) x24 0x0000000000000002
core   0: 0x0000000080004740 (0x0721c9b7) lui     s3, 0x721c
core   0: 1 0x0000000080004740 (0x0721c9b7) x19 0x000000000721c000
core   0: 0x0000000080004744 (0xc099899b) addiw   s3, s3, -1015
core   0: 1 0x0000000080004744 (0xc099899b) x19 0x000000000721bc09
core   0: 0x0000000080004748 (0x000009b2) c.slli  s3, 12
core   0: 1 0x0000000080004748 (0x09b2) x19 0x000000721bc09000
core   0: 0x000000008000474a (0x85298993) addi    s3, s3, -1966
core   0: 1 0x000000008000474a (0x85298993) x19 0x000000721bc08852
core   0: 0x000000008000474e (0x12217353) fmul.d  ft6, ft2, ft2
core   0: 1 0x000000008000474e (0x12217353) f6  0x7ff8000000000000
core   0: 0x0000000080004752 (0x7ff34e93) xori    t4, t1, 2047
core   0: 1 0x0000000080004752 (0x7ff34e93) x29 0x00000000000007ff
core   0: 0x0000000080004756 (0x022b4133) div     sp, s6, sp
core   0: 1 0x0000000080004756 (0x022b4133) x2  0x0000000000000000
core   0: 0x000000008000475a (0x22330a53) fsgnj.d fs4, ft6, ft3
core   0: 1 0x000000008000475a (0x22330a53) f20 0xfff8000000000000
core   0: 0x000000008000475e (0x01891833) sll     a6, s2, s8
core   0: 1 0x000000008000475e (0x01891833) x16 0x0000000000001d38
core   0: 0x0000000080004762 (0x00008fed) c.and   a5, a1
core   0: 1 0x0000000080004762 (0x8fed) x15 0x0000000000000000
core   0: 0x0000000080004764 (0xa3450053) fle.d   zero, fa0, fs4
core   0: 1 0x0000000080004764 (0xa3450053) c1_fflags 0x000000000000001d
core   0: 0x0000000080004768 (0x7ffac593) xori    a1, s5, 2047
core   0: 1 0x0000000080004768 (0x7ffac593) x11 0x00000000000007ff
core   0: 0x000000008000476c (0x033c5d33) divu    s10, s8, s3
core   0: 1 0x000000008000476c (0x033c5d33) x26 0x0000000000000000
core   0: 0x0000000080004770 (0xc20af753) fcvt.w.d a4, fs5
core   0: 1 0x0000000080004770 (0xc20af753) c1_fflags 0x000000000000001d x14 0x000000007fffffff
core   0: 0x0000000080004774 (0x002027f3) csrrs   a5, frm, zero
core   0: 1 0x0000000080004774 (0x002027f3) x15 0x0000000000000000
core   0: 0x0000000080004778 (0x00102cf3) csrrs   s9, fflags, zero
core   0: 1 0x0000000080004778 (0x00102cf3) x25 0x000000000000001d
core   0: 0x000000008000477c (0x12217753) fmul.d  fa4, ft2, ft2
core   0: 1 0x000000008000477c (0x12217753) f14 0x7ff8000000000000
core   0: 0x0000000080004780 (0x416cd8bb) sraw    a7, s9, s6
core   0: 1 0x0000000080004780 (0x416cd8bb) x17 0x000000000000001d
core   0: 0x0000000080004784 (0x0119523b) srlw    tp, s2, a7
core   0: 1 0x0000000080004784 (0x0119523b) x4  0x0000000000000000
core   0: 0x0000000080004788 (0x03595abb) divuw   s5, s2, s5
core   0: 1 0x0000000080004788 (0x03595abb) x21 0xffffffffffffffff
core   0: 0x000000008000478c (0x015a88bb) addw    a7, s5, s5
core   0: 1 0x000000008000478c (0x015a88bb) x17 0xfffffffffffffffe
core   0: 0x0000000080004790 (0x025e02bb) mulw    t0, t3, t0
core   0: 1 0x0000000080004790 (0x025e02bb) x5  0x0000000000000000
core   0: 0x0000000080004794 (0x0ba5f4d3) fsub.d  fs1, fa1, fs10
core   0: 1 0x0000000080004794 (0x0ba5f4d3) f9  0x7ff8000000000000
core   0: 0x0000000080004798 (0x008e501b) srliw   zero, t3, 8
core   0: 1 0x0000000080004798 (0x008e501b)
core   0: 0x000000008000479c (0x5a04f4d3) fsqrt.d fs1, fs1
core   0: 1 0x000000008000479c (0x5a04f4d3) f9  0x7ff8000000000000
core   0: 0x00000000800047a0 (0x0153961b) slliw   a2, t2, 21
core   0: 1 0x00000000800047a0 (0x0153961b) x12 0x0000000000000000
core   0: 0x00000000800047a4 (0x0252b1b3) mulhu   gp, t0, t0
core   0: 1 0x00000000800047a4 (0x0252b1b3) x3  0x0000000000000000
core   0: 0x00000000800047a8 (0x4010da93) srai    s5, ra, 1
core   0: 1 0x00000000800047a8 (0x4010da93) x21 0x0000000000000000
core   0: 0x00000000800047ac (0xf20a8dd3) fmv.d.x fs11, s5
core   0: 1 0x00000000800047ac (0xf20a8dd3) f27 0x0000000000000000
core   0: 0x00000000800047b0 (0x4091561b) sraiw   a2, sp, 9
core   0: 1 0x00000000800047b0 (0x4091561b) x12 0x0000000000000000
core   0: 0x00000000800047b4 (0x4016541b) sraiw   s0, a2, 1
core   0: 1 0x00000000800047b4 (0x4016541b) x8  0x0000000000000000
core   0: 0x00000000800047b8 (0x2c01b317) auipc   t1, 0x2c01b
core   0: 1 0x00000000800047b8 (0x2c01b317) x6  0x00000000ac01f7b8
core   0: 0x00000000800047bc (0x00049793) slli    a5, s1, 0
core   0: 1 0x00000000800047bc (0x00049793) x15 0xffffffffffffffff
core   0: 0x00000000800047c0 (0xc80b7973) csrrci  s2, cycleh, 22
core   0: exception trap_illegal_instruction, epc 0x00000000800047c0
core   0:           tval 0x00000000c80b7973
core   0: >>>>  $xrv64i2p1_m2p0_a2p1_f2p2_d2p2_zicsr2p0_zifencei2p0_zmmul1p0_zba1p0_zbb1p0_zbc1p0_zbs1p0
core   0: 0x0000000080004000 (0x0080006f) j       pc + 0x8
core   0: 3 0x0000000080004000 (0x0080006f)
core   0: >>>>  mmode_exception_handler
core   0: 0x0000000080004008 (0x00002c17) auipc   s8, 0x2
core   0: 3 0x0000000080004008 (0x00002c17) x24 0x0000000080006008
core   0: 0x000000008000400c (0x0bcc0c13) addi    s8, s8, 188
core   0: 3 0x000000008000400c (0x0bcc0c13) x24 0x00000000800060c4
core   0: 0x0000000080004010 (0x000c00e7) jalr    s8
core   0: 3 0x0000000080004010 (0x000c00e7) x1  0x0000000080004014
core   0: >>>>  any_handler
core   0: 0x00000000800060c4 (0x341027f3) csrrs   a5, mepc, zero
core   0: 3 0x00000000800060c4 (0x341027f3) x15 0x00000000800047c0
core   0: 0x00000000800060c8 (0x34202773) csrrs   a4, mcause, zero
core   0: 3 0x00000000800060c8 (0x34202773) x14 0x0000000000000002
core   0: 0x00000000800060cc (0x142026f3) csrrs   a3, scause, zero
core   0: 3 0x00000000800060cc (0x142026f3) x13 0x0000000000000000
core   0: 0x00000000800060d0 (0x30402673) csrrs   a2, mie, zero
core   0: 3 0x00000000800060d0 (0x30402673) x12 0x0000000000000a00
core   0: 0x00000000800060d4 (0x344025f3) csrrs   a1, mip, zero
core   0: 3 0x00000000800060d4 (0x344025f3) x11 0x0000000000000080
core   0: 0x00000000800060d8 (0x343025f3) csrrs   a1, mtval, zero
core   0: 3 0x00000000800060d8 (0x343025f3) x11 0x00000000c80b7973
core   0: 0x00000000800060dc (0x14302573) csrrs   a0, stval, zero
core   0: 3 0x00000000800060dc (0x14302573) x10 0x0000000000000000
core   0: 0x00000000800060e0 (0xb02024f3) csrrs   s1, minstret, zero
core   0: 3 0x00000000800060e0 (0xb02024f3) x9  0x0000000000000a5d
core   0: 0x00000000800060e4 (0x0000a811) c.j     pc + 20
core   0: 3 0x00000000800060e4 (0xa811)
core   0: >>>>  mepc_4
core   0: 0x00000000800060f8 (0x00000791) c.addi  a5, 4
core   0: 3 0x00000000800060f8 (0x0791) x15 0x00000000800047c4
core   0: 0x00000000800060fa (0x34179073) csrrw   zero, mepc, a5
core   0: 3 0x00000000800060fa (0x34179073) c833_mepc 0x00000000800047c4
core   0: 0x00000000800060fe (0x30200073) mret
core   0: 3 0x00000000800060fe (0x30200073) c768_mstatus 0x8000000a00106080
core   0: 0x00000000800047c4 (0x0005dd1b) srliw   s10, a1, 0
core   0: 1 0x00000000800047c4 (0x0005dd1b) x26 0xffffffffc80b7973
core   0: 0x00000000800047c8 (0x0223f153) fadd.d  ft2, ft7, ft2
core   0: 1 0x00000000800047c8 (0x0223f153) f2  0x7ff8000000000000
core   0: 0x00000000800047cc (0x5fc5d897) auipc   a7, 0x5fc5d
core   0: 1 0x00000000800047cc (0x5fc5d897) x17 0x00000000dfc617cc
core   0: 0x00000000800047d0 (0xff044437) lui     s0, 0xff044
core   0: 1 0x00000000800047d0 (0xff044437) x8  0xffffffffff044000
core   0: 0x00000000800047d4 (0xb354041b) addiw   s0, s0, -1227
core   0: 1 0x00000000800047d4 (0xb354041b) x8  0xffffffffff043b35
core   0: 0x00000000800047d8 (0x0000043a) c.slli  s0, 14
core   0: 1 0x00000000800047d8 (0x043a) x8  0xffffffc10ecd4000
core   0: 0x00000000800047da (0x30b40413) addi    s0, s0, 779
core   0: 1 0x00000000800047da (0x30b40413) x8  0xffffffc10ecd430b
core   0: 0x00000000800047de (0x015eaeb3) slt     t4, t4, s5
core   0: 1 0x00000000800047de (0x015eaeb3) x29 0x0000000000000000
core   0: 0x00000000800047e2 (0x227389d3) fsgnj.d fs3, ft7, ft7
core   0: 1 0x00000000800047e2 (0x227389d3) f19 0x7ff8000000000000
core   0: 0x00000000800047e6 (0x000e4c93) xori    s9, t3, 0
core   0: 1 0x00000000800047e6 (0x000e4c93) x25 0x0000000000000000
core   0: 0x00000000800047ea (0xc223fad3) fcvt.l.d s5, ft7
core   0: 1 0x00000000800047ea (0xc223fad3) c1_fflags 0x000000000000001d x21 0x7fffffffffffffff
core   0: 0x00000000800047ee (0xc034fbd3) fcvt.lu.s s7, fs1
core   0: 1 0x00000000800047ee (0xc034fbd3) c1_fflags 0x000000000000001d x23 0xffffffffffffffff
core   0: 0x00000000800047f2 (0x1a7ff1cb) fnmsub.d ft3, ft11, ft7, ft3
core   0: 1 0x00000000800047f2 (0x1a7ff1cb) f3  0x7ff8000000000000
core   0: 0x00000000800047f6 (0x01f0151b) slliw   a0, zero, 31
core   0: 1 0x00000000800047f6 (0x01f0151b) x10 0x0000000000000000
core   0: 0x00000000800047fa (0xffe2fd37) lui     s10, 0xffe2f
core   0: 1 0x00000000800047fa (0xffe2fd37) x26 0xffffffffffe2f000
core   0: 0x00000000800047fe (0x493d0d1b) addiw   s10, s10, 1171
core   0: 1 0x00000000800047fe (0x493d0d1b) x26 0xffffffffffe2f493
core   0: 0x0000000080004802 (0x00000d32) c.slli  s10, 12
core   0: 1 0x0000000080004802 (0x0d32) x26 0xfffffffe2f493000
core   0: 0x0000000080004804 (0x73ad0d13) addi    s10, s10, 1850
core   0: 1 0x0000000080004804 (0x73ad0d13) x26 0xfffffffe2f49373a
core   0: 0x0000000080004808 (0x0161121b) slliw   tp, sp, 22
core   0: 1 0x0000000080004808 (0x0161121b) x4  0x0000000000000000
core   0: 0x000000008000480c (0xd3fd1537) lui     a0, 0xd3fd1
core   0: 1 0x000000008000480c (0xd3fd1537) x10 0xffffffffd3fd1000
core   0: 0x0000000080004810 (0x01158bb3) add     s7, a1, a7
core   0: 1 0x0000000080004810 (0x01158bb3) x23 0x00000001a7d1913f
core   0: 0x0000000080004814 (0xc2217453) fcvt.l.d s0, ft2
core   0: 1 0x0000000080004814 (0xc2217453) c1_fflags 0x000000000000001d x8  0x7fffffffffffffff
core   0: 0x0000000080004818 (0x41f5d41b) sraiw   s0, a1, 31
core   0: 1 0x0000000080004818 (0x41f5d41b) x8  0xffffffffffffffff
core   0: 0x000000008000481c (0xa24af3b7) lui     t2, 0xa24af
core   0: 1 0x000000008000481c (0xa24af3b7) x7  0xffffffffa24af000
core   0: 0x0000000080004820 (0x00000001) c.nop
core   0: 1 0x0000000080004820 (0x0001)
core   0: 0x0000000080004822 (0xa3b18cd3) fle.d   s9, ft3, fs11
core   0: 1 0x0000000080004822 (0xa3b18cd3) c1_fflags 0x000000000000001d x25 0x0000000000000000
core   0: 0x0000000080004826 (0x5a02f2d3) fsqrt.d ft5, ft5
core   0: 1 0x0000000080004826 (0x5a02f2d3) f5  0x7ff8000000000000
core   0: 0x000000008000482a (0x00830633) add     a2, t1, s0
core   0: 1 0x000000008000482a (0x00830633) x12 0x00000000ac01f7b7
core   0: 0x000000008000482e (0xc23df8d3) fcvt.lu.d a7, fs11
core   0: 1 0x000000008000482e (0xc23df8d3) x17 0x0000000000000000
core   0: 0x0000000080004832 (0x0014d49b) srliw   s1, s1, 1
core   0: 1 0x0000000080004832 (0x0014d49b) x9  0x000000000000052e
core   0: 0x0000000080004836 (0x000090c6) c.add   ra, a7
core   0: 1 0x0000000080004836 (0x90c6) x1  0x0000000080004014
core   0: 0x0000000080004838 (0x41600b33) sub     s6, zero, s6
core   0: 1 0x0000000080004838 (0x41600b33) x22 0x0000000000000000
core   0: 0x000000008000483c (0xc239fd53) fcvt.lu.d s10, fs3
core   0: 1 0x000000008000483c (0xc239fd53) c1_fflags 0x000000000000001d x26 0xffffffffffffffff
core   0: 0x0000000080004840 (0x0322fd53) fadd.d  fs10, ft5, fs2
core   0: 1 0x0000000080004840 (0x0322fd53) f26 0x7ff8000000000000
core   0: 0x0000000080004844 (0x40ec8e3b) subw    t3, s9, a4
core   0: 1 0x0000000080004844 (0x40ec8e3b) x28 0xfffffffffffffffe
core   0: 0x0000000080004848 (0x00b58333) add     t1, a1, a1
core   0: 1 0x0000000080004848 (0x00b58333) x6  0x000000019016f2e6
core   0: 0x000000008000484c (0x5a0b77d3) fsqrt.d fa5, fs6
core   0: 1 0x000000008000484c (0x5a0b77d3) f15 0x7ff8000000000000
core   0: 0x0000000080004850 (0x0102dc3b) srlw    s8, t0, a6
core   0: 1 0x0000000080004850 (0x0102dc3b) x24 0x0000000000000000
core   0: 0x0000000080004854 (0xd026f3d3) fcvt.s.l ft7, a3
core   0: 1 0x0000000080004854 (0xd026f3d3) f7  0xffffffff00000000
core   0: 0x0000000080004858 (0x0114519b) srliw   gp, s0, 17
core   0: 1 0x0000000080004858 (0x0114519b) x3  0x0000000000007fff
core   0: 0x000000008000485c (0x66240e9b) addiw   t4, s0, 1634
core   0: 1 0x000000008000485c (0x66240e9b) x29 0x0000000000000661
core   0: 0x0000000080004860 (0x420d8953) fcvt.d.s fs2, fs11
core   0: 1 0x0000000080004860 (0x420d8953) f18 0x7ff8000000000000
core   0: 0x0000000080004864 (0x003c86b3) add     a3, s9, gp
core   0: 1 0x0000000080004864 (0x003c86b3) x13 0x0000000000007fff
core   0: 0x0000000080004868 (0xc219fb53) fcvt.wu.d s6, fs3
core   0: 1 0x0000000080004868 (0xc219fb53) c1_fflags 0x000000000000001d x22 0xffffffffffffffff
core   0: 0x000000008000486c (0x408b5813) srai    a6, s6, 8
core   0: 1 0x000000008000486c (0x408b5813) x16 0xffffffffffffffff
core   0: 0x0000000080004870 (0x0350c3b3) div     t2, ra, s5
core   0: 1 0x0000000080004870 (0x0350c3b3) x7  0x0000000000000000
core   0: 0x0000000080004874 (0x03157d33) remu    s10, a0, a7
core   0: 1 0x0000000080004874 (0x03157d33) x26 0xffffffffd3fd1000
core   0: 0x0000000080004878 (0x40f3543b) sraw    s0, t1, a5
core   0: 1 0x0000000080004878 (0x40f3543b) x8  0xfffffffff9016f2e
core   0: 0x000000008000487c (0x016b71b3) and     gp, s6, s6
core   0: 1 0x000000008000487c (0x016b71b3) x3  0xffffffffffffffff
core   0: 0x0000000080004880 (0x007b533b) srlw    t1, s6, t2
core   0: 1 0x0000000080004880 (0x007b533b) x6  0xffffffffffffffff
core   0: 0x0000000080004884 (0x000bf513) andi    a0, s7, 0
core   0: 1 0x0000000080004884 (0x000bf513) x10 0x0000000000000000
core   0: 0x0000000080004888 (0x00121133) sll     sp, tp, ra
core   0: 1 0x0000000080004888 (0x00121133) x2  0x0000000000000000
core   0: 0x000000008000488c (0x41db5c9b) sraiw   s9, s6, 29
core   0: 1 0x000000008000488c (0x41db5c9b) x25 0xffffffffffffffff
core   0: 0x0000000080004890 (0x73fb8193) addi    gp, s7, 1855
core   0: 1 0x0000000080004890 (0x73fb8193) x3  0x00000001a7d1987e
core   0: 0x0000000080004894 (0x418adc93) srai    s9, s5, 24
core   0: 1 0x0000000080004894 (0x418adc93) x25 0x0000007fffffffff
core   0: 0x0000000080004898 (0x0180189b) slliw   a7, zero, 24
core   0: 1 0x0000000080004898 (0x0180189b) x17 0x0000000000000000
core   0: 0x000000008000489c (0x00000001) c.nop
core   0: 1 0x000000008000489c (0x0001)
core   0: 0x000000008000489e (0x6a3b8b9b) addiw   s7, s7, 1699
core   0: 1 0x000000008000489e (0x6a3b8b9b) x23 0xffffffffa7d197e2
core   0: 0x00000000800048a2 (0x41bbdeb3) sra     t4, s7, s11
core   0: 1 0x00000000800048a2 (0x41bbdeb3) x29 0xffffffffa7d197e2
core   0: 0x00000000800048a6 (0x01a1973b) sllw    a4, gp, s10
core   0: 1 0x00000000800048a6 (0x01a1973b) x14 0xffffffffa7d1987e
core   0: 0x00000000800048aa (0x2a0f81d3) fmin.d  ft3, ft11, ft0
core   0: 1 0x00000000800048aa (0x2a0f81d3) f3  0x4200000000200000
core   0: 0x00000000800048ae (0xa32d88d3) fle.d   a7, fs11, fs2
core   0: 1 0x00000000800048ae (0xa32d88d3) c1_fflags 0x000000000000001d x17 0x0000000000000000
core   0: 0x00000000800048b2 (0x0ff0000f) fence   iorw,iorw
core   0: 1 0x00000000800048b2 (0x0ff0000f)
core   0: 0x00000000800048b6 (0x02007053) fadd.d  ft0, ft0, ft0
core   0: 1 0x00000000800048b6 (0x02007053) f0  0x4210000000200000
core   0: 0x00000000800048ba (0x000213bb) sllw    t2, tp, zero
core   0: 1 0x00000000800048ba (0x000213bb) x7  0x0000000000000000
core   0: 0x00000000800048be (0x1a21ff53) fdiv.d  ft10, ft3, ft2
core   0: 1 0x00000000800048be (0x1a21ff53) f30 0x7ff8000000000000
core   0: 0x00000000800048c2 (0x2b401a53) fmax.d  fs4, ft0, fs4
core   0: 1 0x00000000800048c2 (0x2b401a53) f20 0x4210000000200000
core   0: 0x00000000800048c6 (0x2322a4d3) fsgnjx.d fs1, ft5, fs2
core   0: 1 0x00000000800048c6 (0x2322a4d3) f9  0x7ff8000000000000
core   0: 0x00000000800048ca (0x4194043b) subw    s0, s0, s9
core   0: 1 0x00000000800048ca (0x4194043b) x8  0xfffffffff9016f2f
core   0: 0x00000000800048ce (0x002022f3) csrrs   t0, frm, zero
core   0: 1 0x00000000800048ce (0x002022f3) x5  0x0000000000000000
core   0: 0x00000000800048d2 (0xf2028c53) fmv.d.x fs8, t0
core   0: 1 0x00000000800048d2 (0xf2028c53) f24 0x0000000000000000
core   0: 0x00000000800048d6 (0x0ff0000f) fence   iorw,iorw
core   0: 1 0x00000000800048d6 (0x0ff0000f)
core   0: 0x00000000800048da (0xe53b6d97) auipc   s11, 0xe53b6
core   0: 1 0x00000000800048da (0xe53b6d97) x27 0x00000000653ba8da
core   0: 0x00000000800048de (0x034bf0bb) remuw   ra, s7, s4
core   0: 1 0x00000000800048de (0x034bf0bb) x1  0xffffffffa7d197e2
core   0: 0x00000000800048e2 (0x012a063b) addw    a2, s4, s2
core   0: 1 0x00000000800048e2 (0x012a063b) x12 0x000000000000074e
core   0: 0x00000000800048e6 (0x0010ee93) ori     t4, ra, 1
core   0: 1 0x00000000800048e6 (0x0010ee93) x29 0xffffffffa7d197e3
core   0: 0x00000000800048ea (0x001612f3) csrrw   t0, fflags, a2
core   0: 1 0x00000000800048ea (0x001612f3) x5  0x000000000000001d c1_fflags 0x000000000000000e
core   0: 0x00000000800048ee (0xc20c7c53) fcvt.w.d s8, fs8
core   0: 1 0x00000000800048ee (0xc20c7c53) x24 0x0000000000000000
core   0: 0x00000000800048f2 (0x0389feb3) remu    t4, s3, s8
core   0: 1 0x00000000800048f2 (0x0389feb3) x29 0x000000721bc08852
core   0: 0x00000000800048f6 (0x40e556bb) sraw    a3, a0, a4
core   0: 1 0x00000000800048f6 (0x40e556bb) x13 0x0000000000000000
core   0: 0x00000000800048fa (0x42038853) fcvt.d.s fa6, ft7
core   0: 1 0x00000000800048fa (0x42038853) f16 0x0000000000000000
core   0: 0x00000000800048fe (0x001e9873) csrrw   a6, fflags, t4
core   0: 1 0x00000000800048fe (0x001e9873) x16 0x000000000000000e c1_fflags 0x0000000000000012
core   0: 0x0000000080004902 (0xd03176d3) fcvt.s.lu fa3, sp
core   0: 1 0x0000000080004902 (0xd03176d3) f13 0xffffffff00000000
core   0: 0x0000000080004906 (0xd225fcd3) fcvt.d.l fs9, a1
core   0: 1 0x0000000080004906 (0xd225fcd3) f25 0x41e9016f2e600000
core   0: 0x000000008000490a (0x0a84fed3) fsub.d  ft9, fs1, fs0
core   0: 1 0x000000008000490a (0x0a84fed3) f29 0x7ff8000000000000
core   0: 0x000000008000490e (0x40bcd23b) sraw    tp, s9, a1
core   0: 1 0x000000008000490e (0x40bcd23b) x4  0xffffffffffffffff
core   0: 0x0000000080004912 (0x019cc7b3) xor     a5, s9, s9
core   0: 1 0x0000000080004912 (0x019cc7b3) x15 0x0000000000000000
core   0: 0x0000000080004916 (0x42070753) fcvt.d.s fa4, fa4
core   0: 1 0x0000000080004916 (0x42070753) f14 0x7ff8000000000000
core   0: 0x000000008000491a (0x34b5dc17) auipc   s8, 0x34b5d
core   0: 1 0x000000008000491a (0x34b5dc17) x24 0x00000000b4b6191a
core   0: 0x000000008000491e (0x0381653b) remw    a0, sp, s8
core   0: 1 0x000000008000491e (0x0381653b) x10 0x0000000000000000
core   0: 0x0000000080004922 (0x003d5613) srli    a2, s10, 3
core   0: 1 0x0000000080004922 (0x003d5613) x12 0x1ffffffffa7fa200
core   0: 0x0000000080004926 (0x2b92fb4b) fnmsub.d fs6, ft5, fs9, ft5
core   0: 1 0x0000000080004926 (0x2b92fb4b) f22 0x7ff8000000000000
core   0: 0x000000008000492a (0xd2090453) fcvt.d.w fs0, s2
core   0: 1 0x000000008000492a (0xd2090453) f8  0x409d380000000000
core   0: 0x000000008000492e (0x412906bb) subw    a3, s2, s2
core   0: 1 0x000000008000492e (0x412906bb) x13 0x0000000000000000
core   0: 0x0000000080004932 (0x401cfbd3) fcvt.s.d fs7, fs9
core   0: 1 0x0000000080004932 (0x401cfbd3) c1_fflags 0x0000000000000013 f23 0xffffffff4f480b79
core   0: 0x0000000080004936 (0x0314f553) fadd.d  fa0, fs1, fa7
core   0: 1 0x0000000080004936 (0x0314f553) f10 0x7ff8000000000000
core   0: 0x000000008000493a (0x00102173) csrrs   sp, fflags, zero
core   0: 1 0x000000008000493a (0x00102173) x2  0x0000000000000013
core   0: 0x000000008000493e (0xca9577c3) fmadd.d fa5, fa0, fs1, fs9
core   0: 1 0x000000008000493e (0xca9577c3) f15 0x7ff8000000000000
core   0: 0x0000000080004942 (0x7ff7879b) addiw   a5, a5, 2047
core   0: 1 0x0000000080004942 (0x7ff7879b) x15 0x00000000000007ff
core   0: 0x0000000080004946 (0xd5f7e117) auipc   sp, 0xd5f7e
core   0: 1 0x0000000080004946 (0xd5f7e117) x2  0x0000000055f82946
core   0: 0x000000008000494a (0x2bf00053) fmin.d  ft0, ft0, ft11
core   0: 1 0x000000008000494a (0x2bf00053) f0  0x4210000000200000
core   0: 0x000000008000494e (0x4c641537) lui     a0, 0x4c641
core   0: 1 0x000000008000494e (0x4c641537) x10 0x000000004c641000
core   0: 0x0000000080004952 (0x43f85093) srai    ra, a6, 63
core   0: 1 0x0000000080004952 (0x43f85093) x1  0x0000000000000000
core   0: 0x0000000080004956 (0x8006831b) addiw   t1, a3, -2048
core   0: 1 0x0000000080004956 (0x8006831b) x6  0xfffffffffffff800
core   0: 0x000000008000495a (0x01302633) slt     a2, zero, s3
core   0: 1 0x000000008000495a (0x01302633) x12 0x0000000000000001
core   0: 0x000000008000495e (0x368c0a13) addi    s4, s8, 872
core   0: 1 0x000000008000495e (0x368c0a13) x20 0x00000000b4b61c82
core   0: 0x0000000080004962 (0x0051c1b3) xor     gp, gp, t0
core   0: 1 0x0000000080004962 (0x0051c1b3) x3  0x00000001a7d19863
core   0: 0x0000000080004966 (0x0198549b) srliw   s1, a6, 25
core   0: 1 0x0000000080004966 (0x0198549b) x9  0x0000000000000000
core   0: 0x000000008000496a (0x02b4d713) srli    a4, s1, 43
core   0: 1 0x000000008000496a (0x02b4d713) x14 0x0000000000000000
core   0: 0x000000008000496e (0x0217b7b3) mulhu   a5, a5, ra
core   0: 1 0x000000008000496e (0x0217b7b3) x15 0x0000000000000000
core   0: 0x0000000080004972 (0x7ff1fd13) andi    s10, gp, 2047
core   0: 1 0x0000000080004972 (0x7ff1fd13) x26 0x0000000000000063
core   0: 0x0000000080004976 (0x03ad723b) remuw   tp, s10, s10
core   0: 1 0x0000000080004976 (0x03ad723b) x4  0x0000000000000000
core   0: 0x000000008000497a (0x00395bb3) srl     s7, s2, gp
core   0: 1 0x000000008000497a (0x00395bb3) x23 0x0000000000000000
core   0: 0x000000008000497e (0xa5b2011b) addiw   sp, tp, -1445
core   0: 1 0x000000008000497e (0xa5b2011b) x2  0xfffffffffffffa5b
core   0: 0x0000000080004982 (0xd0267d53) fcvt.s.l fs10, a2
core   0: 1 0x0000000080004982 (0xd0267d53) f26 0xffffffff3f800000
core   0: 0x0000000080004986 (0x00237db3) and     s11, t1, sp
core   0: 1 0x0000000080004986 (0x00237db3) x27 0xfffffffffffff800
core   0: 0x000000008000498a (0xd214f4c3) fmadd.d fs1, fs1, ft1, fs10
core   0: 1 0x000000008000498a (0xd214f4c3) f9  0x7ff8000000000000
core   0: 0x000000008000498e (0x03a04e33) div     t3, zero, s10
core   0: 1 0x000000008000498e (0x03a04e33) x28 0x0000000000000000
core   0: 0x0000000080004992 (0x43fbd813) srai    a6, s7, 63
core   0: 1 0x0000000080004992 (0x43fbd813) x16 0x0000000000000000
core   0: 0x0000000080004996 (0x00b3951b) slliw   a0, t2, 11
core   0: 1 0x0000000080004996 (0x00b3951b) x10 0x0000000000000000
core   0: 0x000000008000499a (0x01f39c9b) slliw   s9, t2, 31
core   0: 1 0x000000008000499a (0x01f39c9b) x25 0x0000000000000000
core   0: 0x000000008000499e (0xd233fe53) fcvt.d.lu ft8, t2
core   0: 1 0x000000008000499e (0xd233fe53) f28 0x0000000000000000
core   0: 0x00000000800049a2 (0x002c94f3) csrrw   s1, frm, s9
core   0: 1 0x00000000800049a2 (0x002c94f3) x9  0x0000000000000000 c2_frm 0x0000000000000000
core   0: 0x00000000800049a6 (0x02cdfeb3) remu    t4, s11, a2
core   0: 1 0x00000000800049a6 (0x02cdfeb3) x29 0x0000000000000000
core   0: 0x00000000800049aa (0x0a18f8cb) fnmsub.d fa7, fa7, ft1, ft1
core   0: 1 0x00000000800049aa (0x0a18f8cb) f17 0x7ff8000000000000
core   0: 0x00000000800049ae (0x00209273) csrrw   tp, frm, ra
core   0: 1 0x00000000800049ae (0x00209273) x4  0x0000000000000000 c2_frm 0x0000000000000000
core   0: 0x00000000800049b2 (0x02371c13) slli    s8, a4, 35
core   0: 1 0x00000000800049b2 (0x02371c13) x24 0x0000000000000000
core   0: 0x00000000800049b6 (0x40e65633) sra     a2, a2, a4
core   0: 1 0x00000000800049b6 (0x40e65633) x12 0x0000000000000001
core   0: 0x00000000800049ba (0x00009e31) c.addw  a2, a2
core   0: 1 0x00000000800049ba (0x9e31) x12 0x0000000000000002
core   0: 0x00000000800049bc (0xa2fd0453) fle.d   s0, fs10, fa5
core   0: 1 0x00000000800049bc (0xa2fd0453) c1_fflags 0x0000000000000013 x8  0x0000000000000000
core   0: 0x00000000800049c0 (0xd0397653) fcvt.s.lu fa2, s2
core   0: 1 0x00000000800049c0 (0xd0397653) f12 0xffffffff44e9c000
core   0: 0x00000000800049c4 (0xe20787d3) fmv.x.d a5, fa5
core   0: 1 0x00000000800049c4 (0xe20787d3) x15 0x7ff8000000000000
core   0: 0x00000000800049c8 (0x00000001) c.nop
core   0: 1 0x00000000800049c8 (0x0001)
core   0: 0x00000000800049ca (0x0000963e) c.add   a2, a5
core   0: 1 0x00000000800049ca (0x963e) x12 0x7ff8000000000002
core   0: 0x00000000800049cc (0x7703829b) addiw   t0, t2, 1904
core   0: 1 0x00000000800049cc (0x7703829b) x5  0x0000000000000770
core   0: 0x00000000800049d0 (0x1b6e811b) addiw   sp, t4, 438
core   0: 1 0x00000000800049d0 (0x1b6e811b) x2  0x00000000000001b6
core   0: 0x00000000800049d4 (0xf120da73) csrrwi  s4, marchid, 1
core   0: exception trap_illegal_instruction, epc 0x00000000800049d4
core   0:           tval 0x00000000f120da73
core   0: >>>>  $xrv64i2p1_m2p0_a2p1_f2p2_d2p2_zicsr2p0_zifencei2p0_zmmul1p0_zba1p0_zbb1p0_zbc1p0_zbs1p0
core   0: 0x0000000080004000 (0x0080006f) j       pc + 0x8
core   0: 3 0x0000000080004000 (0x0080006f)
core   0: >>>>  mmode_exception_handler
core   0: 0x0000000080004008 (0x00002c17) auipc   s8, 0x2
core   0: 3 0x0000000080004008 (0x00002c17) x24 0x0000000080006008
core   0: 0x000000008000400c (0x0bcc0c13) addi    s8, s8, 188
core   0: 3 0x000000008000400c (0x0bcc0c13) x24 0x00000000800060c4
core   0: 0x0000000080004010 (0x000c00e7) jalr    s8
core   0: 3 0x0000000080004010 (0x000c00e7) x1  0x0000000080004014
core   0: >>>>  any_handler
core   0: 0x00000000800060c4 (0x341027f3) csrrs   a5, mepc, zero
core   0: 3 0x00000000800060c4 (0x341027f3) x15 0x00000000800049d4
core   0: 0x00000000800060c8 (0x34202773) csrrs   a4, mcause, zero
core   0: 3 0x00000000800060c8 (0x34202773) x14 0x0000000000000002
core   0: 0x00000000800060cc (0x142026f3) csrrs   a3, scause, zero
core   0: 3 0x00000000800060cc (0x142026f3) x13 0x0000000000000000
core   0: 0x00000000800060d0 (0x30402673) csrrs   a2, mie, zero
core   0: 3 0x00000000800060d0 (0x30402673) x12 0x0000000000000a00
core   0: 0x00000000800060d4 (0x344025f3) csrrs   a1, mip, zero
core   0: 3 0x00000000800060d4 (0x344025f3) x11 0x0000000000000080
core   0: 0x00000000800060d8 (0x343025f3) csrrs   a1, mtval, zero
core   0: 3 0x00000000800060d8 (0x343025f3) x11 0x00000000f120da73
core   0: 0x00000000800060dc (0x14302573) csrrs   a0, stval, zero
core   0: 3 0x00000000800060dc (0x14302573) x10 0x0000000000000000
core   0: 0x00000000800060e0 (0xb02024f3) csrrs   s1, minstret, zero
core   0: 3 0x00000000800060e0 (0xb02024f3) x9  0x0000000000000af5
core   0: 0x00000000800060e4 (0x0000a811) c.j     pc + 20
core   0: 3 0x00000000800060e4 (0xa811)
core   0: >>>>  mepc_4
core   0: 0x00000000800060f8 (0x00000791) c.addi  a5, 4
core   0: 3 0x00000000800060f8 (0x0791) x15 0x00000000800049d8
core   0: 0x00000000800060fa (0x34179073) csrrw   zero, mepc, a5
core   0: 3 0x00000000800060fa (0x34179073) c833_mepc 0x00000000800049d8
core   0: 0x00000000800060fe (0x30200073) mret
core   0: 3 0x00000000800060fe (0x30200073) c768_mstatus 0x8000000a00106080
core   0: 0x00000000800049d8 (0x9b567ac7) fmsub.d fs5, fa2, fs5, fs3
core   0: 1 0x00000000800049d8 (0x9b567ac7) f21 0x7ff8000000000000
core   0: 0x00000000800049dc (0x03a12d33) mulhsu  s10, sp, s10
core   0: 1 0x00000000800049dc (0x03a12d33) x26 0x0000000000000000
core   0: 0x00000000800049e0 (0x12427453) fmul.d  fs0, ft4, ft4
core   0: 1 0x00000000800049e0 (0x12427453) f8  0x7ff8000000000000
core   0: 0x00000000800049e4 (0xedd2acb7) lui     s9, 0xedd2a
core   0: 1 0x00000000800049e4 (0xedd2acb7) x25 0xffffffffedd2a000
core   0: 0x00000000800049e8 (0x419d56bb) sraw    a3, s10, s9
core   0: 1 0x00000000800049e8 (0x419d56bb) x13 0x0000000000000000
core   0: 0x00000000800049ec (0x0007599b) srliw   s3, a4, 0
core   0: 1 0x00000000800049ec (0x0007599b) x19 0x0000000000000002
core   0: 0x00000000800049f0 (0x001714f3) csrrw   s1, fflags, a4
core   0: 1 0x00000000800049f0 (0x001714f3) x9  0x0000000000000013 c1_fflags 0x0000000000000002
core   0: 0x00000000800049f4 (0x009c573b) srlw    a4, s8, s1
core   0: 1 0x00000000800049f4 (0x009c573b) x14 0x0000000000001000
core   0: 0x00000000800049f8 (0x03851d33) mulh    s10, a0, s8
core   0: 1 0x00000000800049f8 (0x03851d33) x26 0x0000000000000000
core   0: 0x00000000800049fc (0x40a1013b) subw    sp, sp, a0
core   0: 1 0x00000000800049fc (0x40a1013b) x2  0x00000000000001b6
core   0: 0x0000000080004a00 (0x42bbd313) srai    t1, s7, 43
core   0: 1 0x0000000080004a00 (0x42bbd313) x6  0x0000000000000000
core   0: 0x0000000080004a04 (0x03f35e13) srli    t3, t1, 63
core   0: 1 0x0000000080004a04 (0x03f35e13) x28 0x0000000000000000
core   0: 0x0000000080004a08 (0xd2060753) fcvt.d.w fa4, a2
core   0: 1 0x0000000080004a08 (0xd2060753) f14 0x40a4000000000000
core   0: 0x0000000080004a0c (0xf2048653) fmv.d.x fa2, s1
core   0: 1 0x0000000080004a0c (0xf2048653) f12 0x0000000000000013
core   0: 0x0000000080004a10 (0x0250f0d3) fadd.d  ft1, ft1, ft5
core   0: 1 0x0000000080004a10 (0x0250f0d3) f1  0x7ff8000000000000
core   0: 0x0000000080004a14 (0x00000001) c.nop
core   0: 1 0x0000000080004a14 (0x0001)
core   0: 0x0000000080004a16 (0x03dc83bb) mulw    t2, s9, t4
core   0: 1 0x0000000080004a16 (0x03dc83bb) x7  0x0000000000000000
core   0: 0x0000000080004a1a (0xc2167853) fcvt.wu.d a6, fa2
core   0: 1 0x0000000080004a1a (0xc2167853) c1_fflags 0x0000000000000003 x16 0x0000000000000000
core   0: 0x0000000080004a1e (0x73dd0c1b) addiw   s8, s10, 1853
core   0: 1 0x0000000080004a1e (0x73dd0c1b) x24 0x000000000000073d
core   0: 0x0000000080004a22 (0x02be453b) divw    a0, t3, a1
core   0: 1 0x0000000080004a22 (0x02be453b) x10 0x0000000000000000
core   0: 0x0000000080004a26 (0x0182cbb3) xor     s7, t0, s8
core   0: 1 0x0000000080004a26 (0x0182cbb3) x23 0x000000000000004d
core   0: 0x0000000080004a2a (0x43cc7143) fmadd.d ft2, fs8, ft8, fs0
core   0: 1 0x0000000080004a2a (0x43cc7143) f2  0x7ff8000000000000
core   0: 0x0000000080004a2e (0x01c35713) srli    a4, t1, 28
core   0: 1 0x0000000080004a2e (0x01c35713) x14 0x0000000000000000
core   0: 0x0000000080004a32 (0x0bdfffd3) fsub.d  ft11, ft11, ft9
core   0: 1 0x0000000080004a32 (0x0bdfffd3) f31 0x7ff8000000000000
core   0: 0x0000000080004a36 (0x0019871b) addiw   a4, s3, 1
core   0: 1 0x0000000080004a36 (0x0019871b) x14 0x0000000000000003
core   0: 0x0000000080004a3a (0x41d003bb) subw    t2, zero, t4
core   0: 1 0x0000000080004a3a (0x41d003bb) x7  0x0000000000000000
core   0: 0x0000000080004a3e (0x00202173) csrrs   sp, frm, zero
core   0: 1 0x0000000080004a3e (0x00202173) x2  0x0000000000000000
core   0: 0x0000000080004a42 (0x14927913) andi    s2, tp, 329
core   0: 1 0x0000000080004a42 (0x14927913) x18 0x0000000000000000
core   0: 0x0000000080004a46 (0xd2287753) fcvt.d.l fa4, a6
core   0: 1 0x0000000080004a46 (0xd2287753) f14 0x0000000000000000
core   0: 0x0000000080004a4a (0x417ad8bb) sraw    a7, s5, s7
core   0: 1 0x0000000080004a4a (0x417ad8bb) x17 0xffffffffffffffff
core   0: 0x0000000080004a4e (0x01c7e6b3) or      a3, a5, t3
core   0: 1 0x0000000080004a4e (0x01c7e6b3) x13 0x00000000800049d8
core   0: 0x0000000080004a52 (0xc0317353) fcvt.lu.s t1, ft2
core   0: 1 0x0000000080004a52 (0xc0317353) c1_fflags 0x0000000000000013 x6  0xffffffffffffffff
core   0: 0x0000000080004a56 (0xa2220353) fle.d   t1, ft4, ft2
core   0: 1 0x0000000080004a56 (0xa2220353) c1_fflags 0x0000000000000013 x6  0x0000000000000000
core   0: 0x0000000080004a5a (0x039c633b) remw    t1, s8, s9
core   0: 1 0x0000000080004a5a (0x039c633b) x6  0x000000000000073d
core   0: 0x0000000080004a5e (0x00202273) csrrs   tp, frm, zero
core   0: 1 0x0000000080004a5e (0x00202273) x4  0x0000000000000000
core   0: 0x0000000080004a62 (0x400bdc13) srai    s8, s7, 0
core   0: 1 0x0000000080004a62 (0x400bdc13) x24 0x000000000000004d
core   0: 0x0000000080004a66 (0x02b8704b) fnmsub.d ft0, fa6, fa1, ft0
core   0: 1 0x0000000080004a66 (0x02b8704b) f0  0x7ff8000000000000
core   0: 0x0000000080004a6a (0x23a71d53) fsgnjn.d fs10, fa4, fs10
core   0: 1 0x0000000080004a6a (0x23a71d53) f26 0x0000000000000000
core   0: 0x0000000080004a6e (0xe20d06d3) fmv.x.d a3, fs10
core   0: 1 0x0000000080004a6e (0xe20d06d3) x13 0x0000000000000000
core   0: 0x0000000080004a72 (0xd02271d3) fcvt.s.l ft3, tp
core   0: 1 0x0000000080004a72 (0xd02271d3) f3  0xffffffff00000000
core   0: 0x0000000080004a76 (0x723d70cb) fnmsub.d ft1, fs10, ft3, fa4
core   0: 1 0x0000000080004a76 (0x723d70cb) f1  0x7ff8000000000000
core   0: 0x0000000080004a7a (0x238d1bd3) fsgnjn.d fs7, fs10, fs8
core   0: 1 0x0000000080004a7a (0x238d1bd3) f23 0x8000000000000000
core   0: 0x0000000080004a7e (0xc21073d3) fcvt.wu.d t2, ft0
core   0: 1 0x0000000080004a7e (0xc21073d3) c1_fflags 0x0000000000000013 x7  0xffffffffffffffff
core   0: 0x0000000080004a82 (0x022696b3) mulh    a3, a3, sp
core   0: 1 0x0000000080004a82 (0x022696b3) x13 0x0000000000000000
core   0: 0x0000000080004a86 (0x1a562417) auipc   s0, 0x1a562
core   0: 1 0x0000000080004a86 (0x1a562417) x8  0x000000009a566a86
core   0: 0x0000000080004a8a (0x41475433) sra     s0, a4, s4
core   0: 1 0x0000000080004a8a (0x41475433) x8  0x0000000000000000
core   0: 0x0000000080004a8e (0x0b83f3d3) fsub.d  ft7, ft7, fs8
core   0: 1 0x0000000080004a8e (0x0b83f3d3) f7  0x7ff8000000000000
core   0: 0x0000000080004a92 (0x58934917) auipc   s2, 0x58934
core   0: 1 0x0000000080004a92 (0x58934917) x18 0x00000000d8938a92
core   0: 0x0000000080004a96 (0x00001e5e) c.slli  t3, 55
core   0: 1 0x0000000080004a96 (0x1e5e) x28 0x0000000000000000
core   0: 0x0000000080004a98 (0x23ac86d3) fsgnj.d fa3, fs9, fs10
core   0: 1 0x0000000080004a98 (0x23ac86d3) f13 0x41e9016f2e600000
core   0: 0x0000000080004a9c (0x01294733) xor     a4, s2, s2
core   0: 1 0x0000000080004a9c (0x01294733) x14 0x0000000000000000
core   0: 0x0000000080004aa0 (0x42068953) fcvt.d.s fs2, fa3
core   0: 1 0x0000000080004aa0 (0x42068953) f18 0x7ff8000000000000
core   0: 0x0000000080004aa4 (0x00e7fbb3) and     s7, a5, a4
core   0: 1 0x0000000080004aa4 (0x00e7fbb3) x23 0x0000000000000000
core   0: 0x0000000080004aa8 (0x0088e9b3) or      s3, a7, s0
core   0: 1 0x0000000080004aa8 (0x0088e9b3) x19 0xffffffffffffffff
core   0: 0x0000000080004aac (0x2b250ed3) fmin.d  ft9, fa0, fs2
core   0: 1 0x0000000080004aac (0x2b250ed3) f29 0x7ff8000000000000
core   0: 0x0000000080004ab0 (0x01702db3) slt     s11, zero, s7
core   0: 1 0x0000000080004ab0 (0x01702db3) x27 0x0000000000000000
core   0: 0x0000000080004ab4 (0x010805b3) add     a1, a6, a6
core   0: 1 0x0000000080004ab4 (0x010805b3) x11 0x0000000000000000
core   0: 0x0000000080004ab8 (0x001d8893) addi    a7, s11, 1
core   0: 1 0x0000000080004ab8 (0x001d8893) x17 0x0000000000000001
core   0: 0x0000000080004abc (0x2b1295d3) fmax.d  fa1, ft5, fa7
core   0: 1 0x0000000080004abc (0x2b1295d3) f11 0x7ff8000000000000
core   0: 0x0000000080004ac0 (0x5a0cfdd3) fsqrt.d fs11, fs9
core   0: 1 0x0000000080004ac0 (0x5a0cfdd3) c1_fflags 0x0000000000000013 f27 0x40ec4995b2a7332b
core   0: 0x0000000080004ac4 (0x03168c3b) mulw    s8, a3, a7
core   0: 1 0x0000000080004ac4 (0x03168c3b) x24 0x0000000000000000
core   0: 0x0000000080004ac8 (0x007c1413) slli    s0, s8, 7
core   0: 1 0x0000000080004ac8 (0x007c1413) x8  0x0000000000000000
core   0: 0x0000000080004acc (0xa36e04d3) fle.d   s1, ft8, fs6
core   0: 1 0x0000000080004acc (0xa36e04d3) c1_fflags 0x0000000000000013 x9  0x0000000000000000
core   0: 0x0000000080004ad0 (0x4de54893) xori    a7, a0, 1246
core   0: 1 0x0000000080004ad0 (0x4de54893) x17 0x00000000000004de
core   0: 0x0000000080004ad4 (0x00948ebb) addw    t4, s1, s1
core   0: 1 0x0000000080004ad4 (0x00948ebb) x29 0x0000000000000000
core   0: 0x0000000080004ad8 (0x017e9d13) slli    s10, t4, 23
core   0: 1 0x0000000080004ad8 (0x017e9d13) x26 0x0000000000000000
core   0: 0x0000000080004adc (0x41190e3b) subw    t3, s2, a7
core   0: 1 0x0000000080004adc (0x41190e3b) x28 0xffffffffd89385b4
core   0: 0x0000000080004ae0 (0x01ccf5b3) and     a1, s9, t3
core   0: 1 0x0000000080004ae0 (0x01ccf5b3) x11 0xffffffffc8928000
core   0: 0x0000000080004ae4 (0x028e7933) remu    s2, t3, s0
core   0: 1 0x0000000080004ae4 (0x028e7933) x18 0xffffffffd89385b4
core   0: 0x0000000080004ae8 (0xa36e8953) fle.d   s2, ft9, fs6
core   0: 1 0x0000000080004ae8 (0xa36e8953) c1_fflags 0x0000000000000013 x18 0x0000000000000000
core   0: 0x0000000080004aec (0x0318f1b3) remu    gp, a7, a7
core   0: 1 0x0000000080004aec (0x0318f1b3) x3  0x0000000000000000
core   0: 0x0000000080004af0 (0xa36c8e53) fle.d   t3, fs9, fs6
core   0: 1 0x0000000080004af0 (0xa36c8e53) c1_fflags 0x0000000000000013 x28 0x0000000000000000
core   0: 0x0000000080004af4 (0xc81e15f3) csrrw   a1, timeh, t3
core   0: exception trap_illegal_instruction, epc 0x0000000080004af4
core   0:           tval 0x00000000c81e15f3
core   0: >>>>  $xrv64i2p1_m2p0_a2p1_f2p2_d2p2_zicsr2p0_zifencei2p0_zmmul1p0_zba1p0_zbb1p0_zbc1p0_zbs1p0
core   0: 0x0000000080004000 (0x0080006f) j       pc + 0x8
core   0: 3 0x0000000080004000 (0x0080006f)
core   0: >>>>  mmode_exception_handler
core   0: 0x0000000080004008 (0x00002c17) auipc   s8, 0x2
core   0: 3 0x0000000080004008 (0x00002c17) x24 0x0000000080006008
core   0: 0x000000008000400c (0x0bcc0c13) addi    s8, s8, 188
core   0: 3 0x000000008000400c (0x0bcc0c13) x24 0x00000000800060c4
core   0: 0x0000000080004010 (0x000c00e7) jalr    s8
core   0: 3 0x0000000080004010 (0x000c00e7) x1  0x0000000080004014
core   0: >>>>  any_handler
core   0: 0x00000000800060c4 (0x341027f3) csrrs   a5, mepc, zero
core   0: 3 0x00000000800060c4 (0x341027f3) x15 0x0000000080004af4
core   0: 0x00000000800060c8 (0x34202773) csrrs   a4, mcause, zero
core   0: 3 0x00000000800060c8 (0x34202773) x14 0x0000000000000002
core   0: 0x00000000800060cc (0x142026f3) csrrs   a3, scause, zero
core   0: 3 0x00000000800060cc (0x142026f3) x13 0x0000000000000000
core   0: 0x00000000800060d0 (0x30402673) csrrs   a2, mie, zero
core   0: 3 0x00000000800060d0 (0x30402673) x12 0x0000000000000a00
core   0: 0x00000000800060d4 (0x344025f3) csrrs   a1, mip, zero
core   0: 3 0x00000000800060d4 (0x344025f3) x11 0x0000000000000080
core   0: 0x00000000800060d8 (0x343025f3) csrrs   a1, mtval, zero
core   0: 3 0x00000000800060d8 (0x343025f3) x11 0x00000000c81e15f3
core   0: 0x00000000800060dc (0x14302573) csrrs   a0, stval, zero
core   0: 3 0x00000000800060dc (0x14302573) x10 0x0000000000000000
core   0: 0x00000000800060e0 (0xb02024f3) csrrs   s1, minstret, zero
core   0: 3 0x00000000800060e0 (0xb02024f3) x9  0x0000000000000b4d
core   0: 0x00000000800060e4 (0x0000a811) c.j     pc + 20
core   0: 3 0x00000000800060e4 (0xa811)
core   0: >>>>  mepc_4
core   0: 0x00000000800060f8 (0x00000791) c.addi  a5, 4
core   0: 3 0x00000000800060f8 (0x0791) x15 0x0000000080004af8
core   0: 0x00000000800060fa (0x34179073) csrrw   zero, mepc, a5
core   0: 3 0x00000000800060fa (0x34179073) c833_mepc 0x0000000080004af8
core   0: 0x00000000800060fe (0x30200073) mret
core   0: 3 0x00000000800060fe (0x30200073) c768_mstatus 0x8000000a00106080
core   0: 0x0000000080004af8 (0x00b59d33) sll     s10, a1, a1
core   0: 1 0x0000000080004af8 (0x00b59d33) x26 0xaf98000000000000
core   0: 0x0000000080004afc (0xfe44d3b7) lui     t2, 0xfe44d
core   0: 1 0x0000000080004afc (0xfe44d3b7) x7  0xfffffffffe44d000
core   0: 0x0000000080004b00 (0xddd3839b) addiw   t2, t2, -547
core   0: 1 0x0000000080004b00 (0xddd3839b) x7  0xfffffffffe44cddd
core   0: 0x0000000080004b04 (0x000003ba) c.slli  t2, 14
core   0: 1 0x0000000080004b04 (0x03ba) x7  0xffffff9133774000
core   0: 0x0000000080004b06 (0x64e38393) addi    t2, t2, 1614
core   0: 1 0x0000000080004b06 (0x64e38393) x7  0xffffff913377464e
core   0: 0x0000000080004b0a (0x5a0f7cd3) fsqrt.d fs9, ft10
core   0: 1 0x0000000080004b0a (0x5a0f7cd3) f25 0x7ff8000000000000
core   0: 0x0000000080004b0e (0x0231a1b3) mulhsu  gp, gp, gp
core   0: 1 0x0000000080004b0e (0x0231a1b3) x3  0x0000000000000000
core   0: 0x0000000080004b12 (0x0108133b) sllw    t1, a6, a6
core   0: 1 0x0000000080004b12 (0x0108133b) x6  0x0000000000000000
core   0: 0x0000000080004b16 (0x322cf543) fmadd.d fa0, fs9, ft2, ft6
core   0: 1 0x0000000080004b16 (0x322cf543) f10 0x7ff8000000000000
core   0: 0x0000000080004b1a (0x1d934493) xori    s1, t1, 473
core   0: 1 0x0000000080004b1a (0x1d934493) x9  0x00000000000001d9
core   0: 0x0000000080004b1e (0xd20a86d3) fcvt.d.w fa3, s5
core   0: 1 0x0000000080004b1e (0xd20a86d3) f13 0xbff0000000000000
core   0: 0x0000000080004b22 (0x0ff0000f) fence   iorw,iorw
core   0: 1 0x0000000080004b22 (0x0ff0000f)
core   0: 0x0000000080004b26 (0x0318abb3) mulhsu  s7, a7, a7
core   0: 1 0x0000000080004b26 (0x0318abb3) x23 0x0000000000000000
core   0: 0x0000000080004b2a (0x0206f7bb) remuw   a5, a3, zero
core   0: 1 0x0000000080004b2a (0x0206f7bb) x15 0x0000000000000000
core   0: 0x0000000080004b2e (0x00f78cb3) add     s9, a5, a5
core   0: 1 0x0000000080004b2e (0x00f78cb3) x25 0x0000000000000000
core   0: 0x0000000080004b32 (0x02c65bbb) divuw   s7, a2, a2
core   0: 1 0x0000000080004b32 (0x02c65bbb) x23 0x0000000000000001
core   0: 0x0000000080004b36 (0x015669b3) or      s3, a2, s5
core   0: 1 0x0000000080004b36 (0x015669b3) x19 0x7fffffffffffffff
core   0: 0x0000000080004b3a (0x22b3a5d3) fsgnjx.d fa1, ft7, fa1
core   0: 1 0x0000000080004b3a (0x22b3a5d3) f11 0x7ff8000000000000
core   0: 0x0000000080004b3e (0xfe313d37) lui     s10, 0xfe313
core   0: 1 0x0000000080004b3e (0xfe313d37) x26 0xfffffffffe313000
core   0: 0x0000000080004b42 (0xe05d0d1b) addiw   s10, s10, -507
core   0: 1 0x0000000080004b42 (0xe05d0d1b) x26 0xfffffffffe312e05
core   0: 0x0000000080004b46 (0x00000d3a) c.slli  s10, 14
core   0: 1 0x0000000080004b46 (0x0d3a) x26 0xffffff8c4b814000
core   0: 0x0000000080004b48 (0x032d0d13) addi    s10, s10, 50
core   0: 1 0x0000000080004b48 (0x032d0d13) x26 0xffffff8c4b814032
core   0: 0x0000000080004b4c (0x03a87853) fadd.d  fa6, fa6, fs10
core   0: 1 0x0000000080004b4c (0x03a87853) f16 0x0000000000000000
core   0: 0x0000000080004b50 (0x238ba4d3) fsgnjx.d fs1, fs7, fs8
core   0: 1 0x0000000080004b50 (0x238ba4d3) f9  0x8000000000000000
core   0: 0x0000000080004b54 (0x5a037e53) fsqrt.d ft8, ft6
core   0: 1 0x0000000080004b54 (0x5a037e53) f28 0x7ff8000000000000
core   0: 0x0000000080004b58 (0x03ad1533) mulh    a0, s10, s10
core   0: 1 0x0000000080004b58 (0x03ad1533) x10 0x000000000000344b
core   0: 0x0000000080004b5c (0x00941c33) sll     s8, s0, s1
core   0: 1 0x0000000080004b5c (0x00941c33) x24 0x0000000000000000
core   0: 0x0000000080004b60 (0x001a979b) slliw   a5, s5, 1
core   0: 1 0x0000000080004b60 (0x001a979b) x15 0xfffffffffffffffe
core   0: 0x0000000080004b64 (0x015788bb) addw    a7, a5, s5
core   0: 1 0x0000000080004b64 (0x015788bb) x17 0xfffffffffffffffd
core   0: 0x0000000080004b68 (0x4002569b) sraiw   a3, tp, 0
core   0: 1 0x0000000080004b68 (0x4002569b) x13 0x0000000000000000
core   0: 0x0000000080004b6c (0x23ffffc3) fmadd.d ft11, ft11, ft11, ft4
core   0: 1 0x0000000080004b6c (0x23ffffc3) f31 0x7ff8000000000000
core   0: 0x0000000080004b70 (0xfb94dd97) auipc   s11, 0xfb94d
core   0: 1 0x0000000080004b70 (0xfb94dd97) x27 0x000000007b951b70
core   0: 0x0000000080004b74 (0x01b5fa33) and     s4, a1, s11
core   0: 1 0x0000000080004b74 (0x01b5fa33) x20 0x0000000048141170
core   0: 0x0000000080004b78 (0x1b487853) fdiv.d  fa6, fa6, fs4
core   0: 1 0x0000000080004b78 (0x1b487853) f16 0x0000000000000000
core   0: 0x0000000080004b7c (0xab907cc3) fmadd.d fs9, ft0, fs9, fs5
core   0: 1 0x0000000080004b7c (0xab907cc3) f25 0x7ff8000000000000
core   0: 0x0000000080004b80 (0x0b3372d3) fsub.d  ft5, ft6, fs3
core   0: 1 0x0000000080004b80 (0x0b3372d3) f5  0x7ff8000000000000
core   0: 0x0000000080004b84 (0x000cd79b) srliw   a5, s9, 0
core   0: 1 0x0000000080004b84 (0x000cd79b) x15 0x0000000000000000
core   0: 0x0000000080004b88 (0x237283d3) fsgnj.d ft7, ft5, fs7
core   0: 1 0x0000000080004b88 (0x237283d3) f7  0xfff8000000000000
core   0: 0x0000000080004b8c (0x038862bb) remw    t0, a6, s8
core   0: 1 0x0000000080004b8c (0x038862bb) x5  0x0000000000000000
core   0: 0x0000000080004b90 (0x032d3333) mulhu   t1, s10, s2
core   0: 1 0x0000000080004b90 (0x032d3333) x6  0x0000000000000000
core   0: 0x0000000080004b94 (0x001998f3) csrrw   a7, fflags, s3
core   0: 1 0x0000000080004b94 (0x001998f3) x17 0x0000000000000013 c1_fflags 0x000000000000001f
core   0: 0x0000000080004b98 (0x8005e593) ori     a1, a1, -2048
core   0: 1 0x0000000080004b98 (0x8005e593) x11 0xfffffffffffffdf3
core   0: 0x0000000080004b9c (0x0267a7b3) mulhsu  a5, a5, t1
core   0: 1 0x0000000080004b9c (0x0267a7b3) x15 0x0000000000000000
core   0: 0x0000000080004ba0 (0xf20e0bd3) fmv.d.x fs7, t3
core   0: 1 0x0000000080004ba0 (0xf20e0bd3) f23 0x0000000000000000
core   0: 0x0000000080004ba4 (0x4023cb13) xori    s6, t2, 1026
core   0: 1 0x0000000080004ba4 (0x4023cb13) x22 0xffffff913377424c
core   0: 0x0000000080004ba8 (0x01320dbb) addw    s11, tp, s3
core   0: 1 0x0000000080004ba8 (0x01320dbb) x27 0xffffffffffffffff
core   0: 0x0000000080004bac (0xb9474013) xori    zero, a4, -1132
core   0: 1 0x0000000080004bac (0xb9474013)
core   0: 0x0000000080004bb0 (0x03c6f1d3) fadd.d  ft3, fa3, ft8
core   0: 1 0x0000000080004bb0 (0x03c6f1d3) f3  0x7ff8000000000000
core   0: 0x0000000080004bb4 (0x4018f6d3) fcvt.s.d fa3, fa7
core   0: 1 0x0000000080004bb4 (0x4018f6d3) f13 0xffffffff7fc00000
core   0: 0x0000000080004bb8 (0xd21d8153) fcvt.d.wu ft2, s11
core   0: 1 0x0000000080004bb8 (0xd21d8153) f2  0x41efffffffe00000
core   0: 0x0000000080004bbc (0x1b66ff53) fdiv.d  ft10, fa3, fs6
core   0: 1 0x0000000080004bbc (0x1b66ff53) f30 0x7ff8000000000000
core   0: 0x0000000080004bc0 (0xab987acf) fnmadd.d fs5, fa6, fs9, fs5
core   0: 1 0x0000000080004bc0 (0xab987acf) f21 0x7ff8000000000000
core   0: 0x0000000080004bc4 (0x02154ab3) div     s5, a0, ra
core   0: 1 0x0000000080004bc4 (0x02154ab3) x21 0x0000000000000000
core   0: 0x0000000080004bc8 (0x238797d3) fsgnjn.d fa5, fa5, fs8
core   0: 1 0x0000000080004bc8 (0x238797d3) f15 0xfff8000000000000
core   0: 0x0000000080004bcc (0x035acc33) div     s8, s5, s5
core   0: 1 0x0000000080004bcc (0x035acc33) x24 0xffffffffffffffff
core   0: 0x0000000080004bd0 (0x0188d33b) srlw    t1, a7, s8
core   0: 1 0x0000000080004bd0 (0x0188d33b) x6  0x0000000000000000
core   0: 0x0000000080004bd4 (0x00109bf3) csrrw   s7, fflags, ra
core   0: 1 0x0000000080004bd4 (0x00109bf3) x23 0x000000000000001f c1_fflags 0x0000000000000014
core   0: 0x0000000080004bd8 (0x403bd233) sra     tp, s7, gp
core   0: 1 0x0000000080004bd8 (0x403bd233) x4  0x000000000000001f
core   0: 0x0000000080004bdc (0x233f29d3) fsgnjx.d fs3, ft10, fs3
core   0: 1 0x0000000080004bdc (0x233f29d3) f19 0x7ff8000000000000
core   0: 0x0000000080004be0 (0x011489b3) add     s3, s1, a7
core   0: 1 0x0000000080004be0 (0x011489b3) x19 0x00000000000001ec
core   0: 0x0000000080004be4 (0x41a75a93) srai    s5, a4, 26
core   0: 1 0x0000000080004be4 (0x41a75a93) x21 0x0000000000000000
core   0: 0x0000000080004be8 (0x01fad29b) srliw   t0, s5, 31
core   0: 1 0x0000000080004be8 (0x01fad29b) x5  0x0000000000000000
core   0: 0x0000000080004bec (0x01528bbb) addw    s7, t0, s5
core   0: 1 0x0000000080004bec (0x01528bbb) x23 0x0000000000000000
core   0: 0x0000000080004bf0 (0x002025f3) csrrs   a1, frm, zero
core   0: 1 0x0000000080004bf0 (0x002025f3) x11 0x0000000000000000
core   0: 0x0000000080004bf4 (0xab5df243) fmadd.d ft4, fs11, fs5, fs5
core   0: 1 0x0000000080004bf4 (0xab5df243) f4  0x7ff8000000000000
core   0: 0x0000000080004bf8 (0x0bb9fb53) fsub.d  fs6, fs3, fs11
core   0: 1 0x0000000080004bf8 (0x0bb9fb53) f22 0x7ff8000000000000
core   0: 0x0000000080004bfc (0x420207d3) fcvt.d.s fa5, ft4
core   0: 1 0x0000000080004bfc (0x420207d3) f15 0x7ff8000000000000
core   0: 0x0000000080004c00 (0xd0277d53) fcvt.s.l fs10, a4
core   0: 1 0x0000000080004c00 (0xd0277d53) f26 0xffffffff40000000
core   0: 0x0000000080004c04 (0x03c4fe4f) fnmadd.d ft8, fs1, ft8, ft0
core   0: 1 0x0000000080004c04 (0x03c4fe4f) f28 0x7ff8000000000000
core   0: 0x0000000080004c08 (0x420e8353) fcvt.d.s ft6, ft9
core   0: 1 0x0000000080004c08 (0x420e8353) f6  0x7ff8000000000000
core   0: 0x0000000080004c0c (0x001098f3) csrrw   a7, fflags, ra
core   0: 1 0x0000000080004c0c (0x001098f3) x17 0x0000000000000014 c1_fflags 0x0000000000000014
core   0: 0x0000000080004c10 (0x00108d93) addi    s11, ra, 1
core   0: 1 0x0000000080004c10 (0x00108d93) x27 0x0000000080004015
core   0: 0x0000000080004c14 (0x0bff70d3) fsub.d  ft1, ft10, ft11
core   0: 1 0x0000000080004c14 (0x0bff70d3) f1  0x7ff8000000000000
core   0: 0x0000000080004c18 (0xfffeee93) ori     t4, t4, -1
core   0: 1 0x0000000080004c18 (0xfffeee93) x29 0xffffffffffffffff
core   0: 0x0000000080004c1c (0x2325a6d3) fsgnjx.d fa3, fa1, fs2
core   0: 1 0x0000000080004c1c (0x2325a6d3) f13 0x7ff8000000000000
core   0: 0x0000000080004c20 (0xc036f953) fcvt.lu.s s2, fa3
core   0: 1 0x0000000080004c20 (0xc036f953) c1_fflags 0x0000000000000014 x18 0xffffffffffffffff
core   0: 0x0000000080004c24 (0x00216133) or      sp, sp, sp
core   0: 1 0x0000000080004c24 (0x00216133) x2  0x0000000000000000
core   0: 0x0000000080004c28 (0x01b64db3) xor     s11, a2, s11
core   0: 1 0x0000000080004c28 (0x01b64db3) x27 0x0000000080004a15
core   0: 0x0000000080004c2c (0x4f2ee493) ori     s1, t4, 1266
core   0: 1 0x0000000080004c2c (0x4f2ee493) x9  0xffffffffffffffff
core   0: 0x0000000080004c30 (0x40c3563b) sraw    a2, t1, a2
core   0: 1 0x0000000080004c30 (0x40c3563b) x12 0x0000000000000000
core   0: 0x0000000080004c34 (0x400a5293) srai    t0, s4, 0
core   0: 1 0x0000000080004c34 (0x400a5293) x5  0x0000000048141170
core   0: 0x0000000080004c38 (0x033067b7) lui     a5, 0x3306
core   0: 1 0x0000000080004c38 (0x033067b7) x15 0x0000000003306000
core   0: 0x0000000080004c3c (0x0f37879b) addiw   a5, a5, 243
core   0: 1 0x0000000080004c3c (0x0f37879b) x15 0x00000000033060f3
core   0: 0x0000000080004c40 (0x000007b2) c.slli  a5, 12
core   0: 1 0x0000000080004c40 (0x07b2) x15 0x00000033060f3000
core   0: 0x0000000080004c42 (0x3f378793) addi    a5, a5, 1011
core   0: 1 0x0000000080004c42 (0x3f378793) x15 0x00000033060f33f3
core   0: 0x0000000080004c46 (0x5a067d53) fsqrt.d fs10, fa2
core   0: 1 0x0000000080004c46 (0x5a067d53) c1_fflags 0x0000000000000015 f26 0x1e816f8334644df9
core   0: 0x0000000080004c4a (0x00fdd73b) srlw    a4, s11, a5
core   0: 1 0x0000000080004c4a (0x00fdd73b) x14 0x0000000000001000
core   0: 0x0000000080004c4e (0xd2138253) fcvt.d.wu ft4, t2
core   0: 1 0x0000000080004c4e (0xd2138253) f4  0x41c9bba327000000
core   0: 0x0000000080004c52 (0xc22bf3d3) fcvt.l.d t2, fs7
core   0: 1 0x0000000080004c52 (0xc22bf3d3) x7  0x0000000000000000
core   0: 0x0000000080004c56 (0x40dc5a3b) sraw    s4, s8, a3
core   0: 1 0x0000000080004c56 (0x40dc5a3b) x20 0xffffffffffffffff
core   0: 0x0000000080004c5a (0xa28408d3) fle.d   a7, fs0, fs0
core   0: 1 0x0000000080004c5a (0xa28408d3) c1_fflags 0x0000000000000015 x17 0x0000000000000000
core   0: 0x0000000080004c5e (0x4000d09b) sraiw   ra, ra, 0
core   0: 1 0x0000000080004c5e (0x4000d09b) x1  0xffffffff80004014
core   0: 0x0000000080004c62 (0xfa14fc43) fmadd.d fs8, fs1, ft1, ft11
core   0: 1 0x0000000080004c62 (0xfa14fc43) f24 0x7ff8000000000000
core   0: 0x0000000080004c66 (0xf20481d3) fmv.d.x ft3, s1
core   0: 1 0x0000000080004c66 (0xf20481d3) f3  0xffffffffffffffff
core   0: 0x0000000080004c6a (0x000a2cb3) slt     s9, s4, zero
core   0: 1 0x0000000080004c6a (0x000a2cb3) x25 0x0000000000000001
core   0: 0x0000000080004c6e (0xd02cf353) fcvt.s.l ft6, s9
core   0: 1 0x0000000080004c6e (0xd02cf353) f6  0xffffffff3f800000
core   0: 0x0000000080004c72 (0x02ea9993) slli    s3, s5, 46
core   0: 1 0x0000000080004c72 (0x02ea9993) x19 0x0000000000000000
core   0: 0x0000000080004c76 (0xc211f953) fcvt.wu.d s2, ft3
core   0: 1 0x0000000080004c76 (0xc211f953) c1_fflags 0x0000000000000015 x18 0xffffffffffffffff
core   0: 0x0000000080004c7a (0x03b542b3) div     t0, a0, s11
core   0: 1 0x0000000080004c7a (0x03b542b3) x5  0x0000000000000000
core   0: 0x0000000080004c7e (0xc03d7a53) fcvt.lu.s s4, fs10
core   0: 1 0x0000000080004c7e (0xc03d7a53) c1_fflags 0x0000000000000015 x20 0xffffffffffffffff
core   0: 0x0000000080004c82 (0x031efeb3) remu    t4, t4, a7
core   0: 1 0x0000000080004c82 (0x031efeb3) x29 0xffffffffffffffff
core   0: 0x0000000080004c86 (0x2a6e8cd3) fmin.d  fs9, ft9, ft6
core   0: 1 0x0000000080004c86 (0x2a6e8cd3) f25 0x7ff8000000000000
core   0: 0x0000000080004c8a (0x0398d433) divu    s0, a7, s9
core   0: 1 0x0000000080004c8a (0x0398d433) x8  0x0000000000000000
core   0: 0x0000000080004c8e (0x03108bbb) mulw    s7, ra, a7
core   0: 1 0x0000000080004c8e (0x03108bbb) x23 0x0000000000000000
core   0: 0x0000000080004c92 (0xa2b30353) fle.d   t1, ft6, fa1
core   0: 1 0x0000000080004c92 (0xa2b30353) c1_fflags 0x0000000000000015 x6  0x0000000000000000
core   0: 0x0000000080004c96 (0x0290f153) fadd.d  ft2, ft1, fs1
core   0: 1 0x0000000080004c96 (0x0290f153) f2  0x7ff8000000000000
core   0: 0x0000000080004c9a (0x002893f3) csrrw   t2, frm, a7
core   0: 1 0x0000000080004c9a (0x002893f3) x7  0x0000000000000000 c2_frm 0x0000000000000000
core   0: 0x0000000080004c9e (0x41aa09bb) subw    s3, s4, s10
core   0: 1 0x0000000080004c9e (0x41aa09bb) x19 0xffffffffb47ebfcd
core   0: 0x0000000080004ca2 (0x0289f0b3) remu    ra, s3, s0
core   0: 1 0x0000000080004ca2 (0x0289f0b3) x1  0xffffffffb47ebfcd
core   0: 0x0000000080004ca6 (0x001a94f3) csrrw   s1, fflags, s5
core   0: 1 0x0000000080004ca6 (0x001a94f3) x9  0x0000000000000015 c1_fflags 0x0000000000000000
core   0: 0x0000000080004caa (0xb9a28893) addi    a7, t0, -1126
core   0: 1 0x0000000080004caa (0xb9a28893) x17 0xfffffffffffffb9a
core   0: 0x0000000080004cae (0xc02cf553) fcvt.l.s a0, fs9
core   0: 1 0x0000000080004cae (0xc02cf553) c1_fflags 0x0000000000000010 x10 0x7fffffffffffffff
core   0: 0x0000000080004cb2 (0xf2048bd3) fmv.d.x fs7, s1
core   0: 1 0x0000000080004cb2 (0xf2048bd3) f23 0x0000000000000015
core   0: 0x0000000080004cb6 (0x00000001) c.nop
core   0: 1 0x0000000080004cb6 (0x0001)
core   0: 0x0000000080004cb8 (0x0109de1b) srliw   t3, s3, 16
core   0: 1 0x0000000080004cb8 (0x0109de1b) x28 0x000000000000b47e
core   0: 0x0000000080004cbc (0x002d9d9b) slliw   s11, s11, 2
core   0: 1 0x0000000080004cbc (0x002d9d9b) x27 0x0000000000012854
core   0: 0x0000000080004cc0 (0x41a90633) sub     a2, s2, s10
core   0: 1 0x0000000080004cc0 (0x41a90633) x12 0x00000073b47ebfcd
core   0: 0x0000000080004cc4 (0x41758ab3) sub     s5, a1, s7
core   0: 1 0x0000000080004cc4 (0x41758ab3) x21 0x0000000000000000
core   0: 0x0000000080004cc8 (0x0161e1b3) or      gp, gp, s6
core   0: 1 0x0000000080004cc8 (0x0161e1b3) x3  0xffffff913377424c
core   0: 0x0000000080004ccc (0x01035233) srl     tp, t1, a6
core   0: 1 0x0000000080004ccc (0x01035233) x4  0x0000000000000000
core   0: 0x0000000080004cd0 (0xca846413) ori     s0, s0, -856
core   0: 1 0x0000000080004cd0 (0xca846413) x8  0xfffffffffffffca8
core   0: 0x0000000080004cd4 (0xbacef097) auipc   ra, 0xbacef
core   0: 1 0x0000000080004cd4 (0xbacef097) x1  0x000000003acf3cd4
core   0: 0x0000000080004cd8 (0xd221fd53) fcvt.d.l fs10, gp
core   0: 1 0x0000000080004cd8 (0xd221fd53) f26 0xc25bb3222f6d0000
core   0: 0x0000000080004cdc (0x36238e1b) addiw   t3, t2, 866
core   0: 1 0x0000000080004cdc (0x36238e1b) x28 0x0000000000000362
core   0: 0x0000000080004ce0 (0xa37b89d3) fle.d   s3, fs7, fs7
core   0: 1 0x0000000080004ce0 (0xa37b89d3) x19 0x0000000000000001
core   0: 0x0000000080004ce4 (0x00c40cb3) add     s9, s0, a2
core   0: 1 0x0000000080004ce4 (0x00c40cb3) x25 0x00000073b47ebc75
core   0: 0x0000000080004ce8 (0x01f11a1b) slliw   s4, sp, 31
core   0: 1 0x0000000080004ce8 (0x01f11a1b) x20 0x0000000000000000
core   0: 0x0000000080004cec (0x00d14333) xor     t1, sp, a3
core   0: 1 0x0000000080004cec (0x00d14333) x6  0x0000000000000000
core   0: 0x0000000080004cf0 (0x41fcd79b) sraiw   a5, s9, 31
core   0: 1 0x0000000080004cf0 (0x41fcd79b) x15 0xffffffffffffffff
core   0: 0x0000000080004cf4 (0x8127f413) andi    s0, a5, -2030
core   0: 1 0x0000000080004cf4 (0x8127f413) x8  0xfffffffffffff812
core   0: 0x0000000080004cf8 (0x035b73bb) remuw   t2, s6, s5
core   0: 1 0x0000000080004cf8 (0x035b73bb) x7  0x000000003377424c
core   0: 0x0000000080004cfc (0x0181cbb3) xor     s7, gp, s8
core   0: 1 0x0000000080004cfc (0x0181cbb3) x23 0x0000006ecc88bdb3
core   0: 0x0000000080004d00 (0x00008d5d) c.or    a0, a5
core   0: 1 0x0000000080004d00 (0x8d5d) x10 0xffffffffffffffff
core   0: 0x0000000080004d02 (0x02bbc43b) divw    s0, s7, a1
core   0: 1 0x0000000080004d02 (0x02bbc43b) x8  0xffffffffffffffff
core   0: 0x0000000080004d06 (0x022d7e53) fadd.d  ft8, fs10, ft2
core   0: 1 0x0000000080004d06 (0x022d7e53) f28 0x7ff8000000000000
core   0: 0x0000000080004d0a (0x0005d31b) srliw   t1, a1, 0
core   0: 1 0x0000000080004d0a (0x0005d31b) x6  0x0000000000000000
core   0: 0x0000000080004d0e (0x5a027353) fsqrt.d ft6, ft4
core   0: 1 0x0000000080004d0e (0x5a027353) c1_fflags 0x0000000000000011 f6  0x40dcb2267cefe06c
core   0: 0x0000000080004d12 (0xc21af4d3) fcvt.wu.d s1, fs5
core   0: 1 0x0000000080004d12 (0xc21af4d3) c1_fflags 0x0000000000000011 x9  0xffffffffffffffff
core   0: 0x0000000080004d16 (0xd03475d3) fcvt.s.lu fa1, s0
core   0: 1 0x0000000080004d16 (0xd03475d3) c1_fflags 0x0000000000000011 f11 0xffffffff5f800000
core   0: 0x0000000080004d1a (0xc22b78d3) fcvt.l.d a7, fs6
core   0: 1 0x0000000080004d1a (0xc22b78d3) c1_fflags 0x0000000000000011 x17 0x7fffffffffffffff
core   0: 0x0000000080004d1e (0xf20483d3) fmv.d.x ft7, s1
core   0: 1 0x0000000080004d1e (0xf20483d3) f7  0xffffffffffffffff
core   0: 0x0000000080004d22 (0x00e1929b) slliw   t0, gp, 14
core   0: 1 0x0000000080004d22 (0x00e1929b) x5  0xffffffffd0930000
core   0: 0x0000000080004d26 (0x23e521d3) fsgnjx.d ft3, fa0, ft10
core   0: 1 0x0000000080004d26 (0x23e521d3) f3  0x7ff8000000000000
core   0: 0x0000000080004d2a (0x40f287b3) sub     a5, t0, a5
core   0: 1 0x0000000080004d2a (0x40f287b3) x15 0xffffffffd0930001
core   0: 0x0000000080004d2e (0x00e7db3b) srlw    s6, a5, a4
core   0: 1 0x0000000080004d2e (0x00e7db3b) x22 0xffffffffd0930001
core   0: 0x0000000080004d32 (0xc2177a53) fcvt.wu.d s4, fa4
core   0: 1 0x0000000080004d32 (0xc2177a53) x20 0x0000000000000000
core   0: 0x0000000080004d36 (0x01da5a9b) srliw   s5, s4, 29
core   0: 1 0x0000000080004d36 (0x01da5a9b) x21 0x0000000000000000
core   0: 0x0000000080004d3a (0x00f024b3) slt     s1, zero, a5
core   0: 1 0x0000000080004d3a (0x00f024b3) x9  0x0000000000000000
core   0: 0x0000000080004d3e (0x002029f3) csrrs   s3, frm, zero
core   0: 1 0x0000000080004d3e (0x002029f3) x19 0x0000000000000000
core   0: 0x0000000080004d42 (0x23c18e53) fsgnj.d ft8, ft3, ft8
core   0: 1 0x0000000080004d42 (0x23c18e53) f28 0x7ff8000000000000
core   0: 0x0000000080004d46 (0x40095c1b) sraiw   s8, s2, 0
core   0: 1 0x0000000080004d46 (0x40095c1b) x24 0xffffffffffffffff
core   0: 0x0000000080004d4a (0x02531b93) slli    s7, t1, 37
core   0: 1 0x0000000080004d4a (0x02531b93) x23 0x0000000000000000
core   0: 0x0000000080004d4e (0xd20d0753) fcvt.d.w fa4, s10
core   0: 1 0x0000000080004d4e (0xd20d0753) f14 0x41d2e0500c800000
core   0: 0x0000000080004d52 (0x0326893b) mulw    s2, a3, s2
core   0: 1 0x0000000080004d52 (0x0326893b) x18 0x0000000000000000
core   0: 0x0000000080004d56 (0x4011d19b) sraiw   gp, gp, 1
core   0: 1 0x0000000080004d56 (0x4011d19b) x3  0x0000000019bba126
core   0: 0x0000000080004d5a (0xfffbed93) ori     s11, s7, -1
core   0: 1 0x0000000080004d5a (0xfffbed93) x27 0xffffffffffffffff
core   0: 0x0000000080004d5e (0x00311733) sll     a4, sp, gp
core   0: 1 0x0000000080004d5e (0x00311733) x14 0x0000000000000000
core   0: 0x0000000080004d62 (0x01b62933) slt     s2, a2, s11
core   0: 1 0x0000000080004d62 (0x01b62933) x18 0x0000000000000000
core   0: 0x0000000080004d66 (0x00c28a33) add     s4, t0, a2
core   0: 1 0x0000000080004d66 (0x00c28a33) x20 0x000000738511bfcd
core   0: 0x0000000080004d6a (0x40137ad3) fcvt.s.d fs5, ft6
core   0: 1 0x0000000080004d6a (0x40137ad3) c1_fflags 0x0000000000000011 f21 0xffffffff46e59134
core   0: 0x0000000080004d6e (0x03f95213) srli    tp, s2, 63
core   0: 1 0x0000000080004d6e (0x03f95213) x4  0x0000000000000000
core   0: 0x0000000080004d72 (0xd0297353) fcvt.s.l ft6, s2
core   0: 1 0x0000000080004d72 (0xd0297353) f6  0xffffffff00000000
core   0: 0x0000000080004d76 (0xf2090ed3) fmv.d.x ft9, s2
core   0: 1 0x0000000080004d76 (0xf2090ed3) f29 0x0000000000000000
core   0: 0x0000000080004d7a (0x23b9add3) fsgnjx.d fs11, fs3, fs11
core   0: 1 0x0000000080004d7a (0x23b9add3) f27 0x7ff8000000000000
core   0: 0x0000000080004d7e (0xc209f4d3) fcvt.w.d s1, fs3
core   0: 1 0x0000000080004d7e (0xc209f4d3) c1_fflags 0x0000000000000011 x9  0x000000007fffffff
core   0: 0x0000000080004d82 (0xe20e82d3) fmv.x.d t0, ft9
core   0: 1 0x0000000080004d82 (0xe20e82d3) x5  0x0000000000000000
core   0: 0x0000000080004d86 (0x138c7853) fmul.d  fa6, fs8, fs8
core   0: 1 0x0000000080004d86 (0x138c7853) f16 0x7ff8000000000000
core   0: 0x0000000080004d8a (0x002027f3) csrrs   a5, frm, zero
core   0: 1 0x0000000080004d8a (0x002027f3) x15 0x0000000000000000
core   0: 0x0000000080004d8e (0x9ef54993) xori    s3, a0, -1553
core   0: 1 0x0000000080004d8e (0x9ef54993) x19 0x0000000000000610
core   0: 0x0000000080004d92 (0x42935913) srai    s2, t1, 41
core   0: 1 0x0000000080004d92 (0x42935913) x18 0x0000000000000000
core   0: 0x0000000080004d96 (0x018940b3) xor     ra, s2, s8
core   0: 1 0x0000000080004d96 (0x018940b3) x1  0xffffffffffffffff
core   0: 0x0000000080004d9a (0xc23e7553) fcvt.lu.d a0, ft8
core   0: 1 0x0000000080004d9a (0xc23e7553) c1_fflags 0x0000000000000011 x10 0xffffffffffffffff
core   0: 0x0000000080004d9e (0x005dc3b3) xor     t2, s11, t0
core   0: 1 0x0000000080004d9e (0x005dc3b3) x7  0xffffffffffffffff
core   0: 0x0000000080004da2 (0x411bd033) sra     zero, s7, a7
core   0: 1 0x0000000080004da2 (0x411bd033)
core   0: 0x0000000080004da6 (0x007254bb) srlw    s1, tp, t2
core   0: 1 0x0000000080004da6 (0x007254bb) x9  0x0000000000000000
core   0: 0x0000000080004daa (0xd2038753) fcvt.d.w fa4, t2
core   0: 1 0x0000000080004daa (0xd2038753) f14 0xbff0000000000000
core   0: 0x0000000080004dae (0x24810d13) addi    s10, sp, 584
core   0: 1 0x0000000080004dae (0x24810d13) x26 0x0000000000000248
core   0: 0x0000000080004db2 (0x0251ecbb) remw    s9, gp, t0
core   0: 1 0x0000000080004db2 (0x0251ecbb) x25 0x0000000019bba126
core   0: 0x0000000080004db6 (0x2bc70b53) fmin.d  fs6, fa4, ft8
core   0: 1 0x0000000080004db6 (0x2bc70b53) f22 0xbff0000000000000
core   0: 0x0000000080004dba (0x03ca1213) slli    tp, s4, 60
core   0: 1 0x0000000080004dba (0x03ca1213) x4  0xd000000000000000
core   0: 0x0000000080004dbe (0x001198b7) lui     a7, 0x119
core   0: 1 0x0000000080004dbe (0x001198b7) x17 0x0000000000119000
core   0: 0x0000000080004dc2 (0xa918889b) addiw   a7, a7, -1391
core   0: 1 0x0000000080004dc2 (0xa918889b) x17 0x0000000000118a91
core   0: 0x0000000080004dc6 (0x000008be) c.slli  a7, 15
core   0: 1 0x0000000080004dc6 (0x08be) x17 0x00000008c5488000
core   0: 0x0000000080004dc8 (0xb4988893) addi    a7, a7, -1207
core   0: 1 0x0000000080004dc8 (0xb4988893) x17 0x00000008c5487b49
core   0: 0x0000000080004dcc (0xd21d0153) fcvt.d.wu ft2, s10
core   0: 1 0x0000000080004dcc (0xd21d0153) f2  0x4082400000000000
core   0: 0x0000000080004dd0 (0xbaf5794b) fnmsub.d fs2, fa0, fa5, fs7
core   0: 1 0x0000000080004dd0 (0xbaf5794b) f18 0x7ff8000000000000
core   0: 0x0000000080004dd4 (0x01c0d093) srli    ra, ra, 28
core   0: 1 0x0000000080004dd4 (0x01c0d093) x1  0x0000000fffffffff
core   0: 0x0000000080004dd8 (0x40180d33) sub     s10, a6, ra
core   0: 1 0x0000000080004dd8 (0x40180d33) x26 0xfffffff000000001
core   0: 0x0000000080004ddc (0x0134541b) srliw   s0, s0, 19
core   0: 1 0x0000000080004ddc (0x0134541b) x8  0x0000000000001fff
core   0: 0x0000000080004de0 (0x028d69b3) rem     s3, s10, s0
core   0: 1 0x0000000080004de0 (0x028d69b3) x19 0xfffffffffffffc01
core   0: 0x0000000080004de4 (0x0059939b) slliw   t2, s3, 5
core   0: 1 0x0000000080004de4 (0x0059939b) x7  0xffffffffffff8020
core   0: 0x0000000080004de8 (0x03b8cc3b) divw    s8, a7, s11
core   0: 1 0x0000000080004de8 (0x03b8cc3b) x24 0x000000003ab784b7
core   0: 0x0000000080004dec (0xd2108ed3) fcvt.d.wu ft9, ra
core   0: 1 0x0000000080004dec (0xd2108ed3) f29 0x41efffffffe00000
core   0: 0x0000000080004df0 (0x0037501b) srliw   zero, a4, 3
core   0: 1 0x0000000080004df0 (0x0037501b)
core   0: 0x0000000080004df4 (0x01791bbb) sllw    s7, s2, s7
core   0: 1 0x0000000080004df4 (0x01791bbb) x23 0x0000000000000000
core   0: 0x0000000080004df8 (0x01039d9b) slliw   s11, t2, 16
core   0: 1 0x0000000080004df8 (0x01039d9b) x27 0xffffffff80200000
core   0: 0x0000000080004dfc (0x018b9993) slli    s3, s7, 24
core   0: 1 0x0000000080004dfc (0x018b9993) x19 0x0000000000000000
core   0: 0x0000000080004e00 (0x22219853) fsgnjn.d fa6, ft3, ft2
core   0: 1 0x0000000080004e00 (0x22219853) f16 0xfff8000000000000
core   0: 0x0000000080004e04 (0x021b0b3b) mulw    s6, s6, ra
core   0: 1 0x0000000080004e04 (0x021b0b3b) x22 0x000000002f6cffff
core   0: 0x0000000080004e08 (0x01a699bb) sllw    s3, a3, s10
core   0: 1 0x0000000080004e08 (0x01a699bb) x19 0x0000000000000000
core   0: 0x0000000080004e0c (0x037eda33) divu    s4, t4, s7
core   0: 1 0x0000000080004e0c (0x037eda33) x20 0xffffffffffffffff
core   0: 0x0000000080004e10 (0x83d87b47) fmsub.d fs6, fa6, ft9, fa6
core   0: 1 0x0000000080004e10 (0x83d87b47) f22 0x7ff8000000000000
core   0: 0x0000000080004e14 (0x0333ebbb) remw    s7, t2, s3
core   0: 1 0x0000000080004e14 (0x0333ebbb) x23 0xffffffffffff8020
core   0: 0x0000000080004e18 (0x4181531b) sraiw   t1, sp, 24
core   0: 1 0x0000000080004e18 (0x4181531b) x6  0x0000000000000000
core   0: 0x0000000080004e1c (0x037485bb) mulw    a1, s1, s7
core   0: 1 0x0000000080004e1c (0x037485bb) x11 0x0000000000000000
core   0: 0x0000000080004e20 (0x41fc5e9b) sraiw   t4, s8, 31
core   0: 1 0x0000000080004e20 (0x41fc5e9b) x29 0x0000000000000000
core   0: 0x0000000080004e24 (0x02d7e63b) remw    a2, a5, a3
core   0: 1 0x0000000080004e24 (0x02d7e63b) x12 0x0000000000000000
core   0: 0x0000000080004e28 (0x40f657b3) sra     a5, a2, a5
core   0: 1 0x0000000080004e28 (0x40f657b3) x15 0x0000000000000000
core   0: 0x0000000080004e2c (0x0242773b) remuw   a4, tp, tp
core   0: 1 0x0000000080004e2c (0x0242773b) x14 0x0000000000000000
core   0: 0x0000000080004e30 (0x5a007653) fsqrt.d fa2, ft0
core   0: 1 0x0000000080004e30 (0x5a007653) f12 0x7ff8000000000000
core   0: 0x0000000080004e34 (0x42060753) fcvt.d.s fa4, fa2
core   0: 1 0x0000000080004e34 (0x42060753) f14 0x7ff8000000000000
core   0: 0x0000000080004e38 (0x00206033) or      zero, zero, sp
core   0: 1 0x0000000080004e38 (0x00206033)
core   0: 0x0000000080004e3c (0x016d9dbb) sllw    s11, s11, s6
core   0: 1 0x0000000080004e3c (0x016d9dbb) x27 0x0000000000000000
core   0: 0x0000000080004e40 (0x01de40b3) xor     ra, t3, t4
core   0: 1 0x0000000080004e40 (0x01de40b3) x1  0x0000000000000362
core   0: 0x0000000080004e44 (0x0211f433) remu    s0, gp, ra
core   0: 1 0x0000000080004e44 (0x0211f433) x8  0x0000000000000304
core   0: 0x0000000080004e48 (0x4134563b) sraw    a2, s0, s3
core   0: 1 0x0000000080004e48 (0x4134563b) x12 0x0000000000000304
core   0: 0x0000000080004e4c (0xfef20337) lui     t1, 0xfef20
core   0: 1 0x0000000080004e4c (0xfef20337) x6  0xfffffffffef20000
core   0: 0x0000000080004e50 (0x9dd3031b) addiw   t1, t1, -1571
core   0: 1 0x0000000080004e50 (0x9dd3031b) x6  0xfffffffffef1f9dd
core   0: 0x0000000080004e54 (0x00000332) c.slli  t1, 12
core   0: 1 0x0000000080004e54 (0x0332) x6  0xffffffef1f9dd000
core   0: 0x0000000080004e56 (0x44030313) addi    t1, t1, 1088
core   0: 1 0x0000000080004e56 (0x44030313) x6  0xffffffef1f9dd440
core   0: 0x0000000080004e5a (0x7ffdfd93) andi    s11, s11, 2047
core   0: 1 0x0000000080004e5a (0x7ffdfd93) x27 0x0000000000000000
core   0: 0x0000000080004e5e (0xc2067bd3) fcvt.w.d s7, fa2
core   0: 1 0x0000000080004e5e (0xc2067bd3) c1_fflags 0x0000000000000011 x23 0x000000007fffffff
core   0: 0x0000000080004e62 (0x02dbb233) mulhu   tp, s7, a3
core   0: 1 0x0000000080004e62 (0x02dbb233) x4  0x0000000000000000
core   0: 0x0000000080004e66 (0x02437a3b) remuw   s4, t1, tp
core   0: 1 0x0000000080004e66 (0x02437a3b) x20 0x000000001f9dd440
core   0: 0x0000000080004e6a (0x026c9eb3) mulh    t4, s9, t1
core   0: 1 0x0000000080004e6a (0x026c9eb3) x29 0xfffffffffffffffe
core   0: 0x0000000080004e6e (0x00171e13) slli    t3, a4, 1
core   0: 1 0x0000000080004e6e (0x00171e13) x28 0x0000000000000000
core   0: 0x0000000080004e72 (0x001e5493) srli    s1, t3, 1
core   0: 1 0x0000000080004e72 (0x001e5493) x9  0x0000000000000000
core   0: 0x0000000080004e76 (0x02186833) rem     a6, a6, ra
core   0: 1 0x0000000080004e76 (0x02186833) x16 0x0000000000000000
core   0: 0x0000000080004e7a (0x001491f3) csrrw   gp, fflags, s1
core   0: 1 0x0000000080004e7a (0x001491f3) x3  0x0000000000000011 c1_fflags 0x0000000000000000
core   0: 0x0000000080004e7e (0xd21200d3) fcvt.d.wu ft1, tp
core   0: 1 0x0000000080004e7e (0xd21200d3) f1  0x0000000000000000
core   0: 0x0000000080004e82 (0xc204f5d3) fcvt.w.d a1, fs1
core   0: 1 0x0000000080004e82 (0xc204f5d3) x11 0x0000000000000000
core   0: 0x0000000080004e86 (0xf20806d3) fmv.d.x fa3, a6
core   0: 1 0x0000000080004e86 (0xf20806d3) f13 0x0000000000000000
core   0: 0x0000000080004e8a (0x00000001) c.nop
core   0: 1 0x0000000080004e8a (0x0001)
core   0: 0x0000000080004e8c (0x2a000053) fmin.d  ft0, ft0, ft0
core   0: 1 0x0000000080004e8c (0x2a000053) f0  0x7ff8000000000000
core   0: 0x0000000080004e90 (0x0018871b) addiw   a4, a7, 1
core   0: 1 0x0000000080004e90 (0x0018871b) x14 0xffffffffc5487b4a
core   0: 0x0000000080004e94 (0xa3c00953) fle.d   s2, ft0, ft8
core   0: 1 0x0000000080004e94 (0xa3c00953) c1_fflags 0x0000000000000010 x18 0x0000000000000000
core   0: 0x0000000080004e98 (0x4143571b) sraiw   a4, t1, 20
core   0: 1 0x0000000080004e98 (0x4143571b) x14 0x00000000000001f9
core   0: 0x0000000080004e9c (0x0002de9b) srliw   t4, t0, 0
core   0: 1 0x0000000080004e9c (0x0002de9b) x29 0x0000000000000000
core   0: 0x0000000080004ea0 (0x03b26933) rem     s2, tp, s11
core   0: 1 0x0000000080004ea0 (0x03b26933) x18 0x0000000000000000
core   0: 0x0000000080004ea4 (0x00bac8b3) xor     a7, s5, a1
core   0: 1 0x0000000080004ea4 (0x00bac8b3) x17 0x0000000000000000
core   0: 0x0000000080004ea8 (0x0000932d) c.srli  a4, 43
core   0: 1 0x0000000080004ea8 (0x932d) x14 0x0000000000000000
core   0: 0x0000000080004eaa (0xc026f8d3) fcvt.l.s a7, fa3
core   0: 1 0x0000000080004eaa (0xc026f8d3) c1_fflags 0x0000000000000010 x17 0x7fffffffffffffff
core   0: 0x0000000080004eae (0x135af953) fmul.d  fs2, fs5, fs5
core   0: 1 0x0000000080004eae (0x135af953) f18 0x7ff8000000000000
core   0: 0x0000000080004eb2 (0x42090bd3) fcvt.d.s fs7, fs2
core   0: 1 0x0000000080004eb2 (0x42090bd3) f23 0x7ff8000000000000
core   0: 0x0000000080004eb6 (0x40eb88bb) subw    a7, s7, a4
core   0: 1 0x0000000080004eb6 (0x40eb88bb) x17 0x000000007fffffff
core   0: 0x0000000080004eba (0x00bcf733) and     a4, s9, a1
core   0: 1 0x0000000080004eba (0x00bcf733) x14 0x0000000000000000
core   0: 0x0000000080004ebe (0x401a73d3) fcvt.s.d ft7, fs4
core   0: 1 0x0000000080004ebe (0x401a73d3) c1_fflags 0x0000000000000011 f7  0xffffffff50800000
core   0: 0x0000000080004ec2 (0x01715533) srl     a0, sp, s7
core   0: 1 0x0000000080004ec2 (0x01715533) x10 0x0000000000000000
core   0: 0x0000000080004ec6 (0x0a1e7e53) fsub.d  ft8, ft8, ft1
core   0: 1 0x0000000080004ec6 (0x0a1e7e53) f28 0x7ff8000000000000
core   0: 0x0000000080004eca (0xebbea013) slti    zero, t4, -325
core   0: 1 0x0000000080004eca (0xebbea013)
core   0: 0x0000000080004ece (0x00000001) c.nop
core   0: 1 0x0000000080004ece (0x0001)
core   0: 0x0000000080004ed0 (0x4147d5bb) sraw    a1, a5, s4
core   0: 1 0x0000000080004ed0 (0x4147d5bb) x11 0x0000000000000000
core   0: 0x0000000080004ed4 (0x02ba8533) mul     a0, s5, a1
core   0: 1 0x0000000080004ed4 (0x02ba8533) x10 0x0000000000000000
core   0: 0x0000000080004ed8 (0x0ff0000f) fence   iorw,iorw
core   0: 1 0x0000000080004ed8 (0x0ff0000f)
core   0: 0x0000000080004edc (0x03b91433) mulh    s0, s2, s11
core   0: 1 0x0000000080004edc (0x03b91433) x8  0x0000000000000000
core   0: 0x0000000080004ee0 (0x00202573) csrrs   a0, frm, zero
core   0: 1 0x0000000080004ee0 (0x00202573) x10 0x0000000000000000
core   0: 0x0000000080004ee4 (0x02d686b3) mul     a3, a3, a3
core   0: 1 0x0000000080004ee4 (0x02d686b3) x13 0x0000000000000000
core   0: 0x0000000080004ee8 (0xd2247c53) fcvt.d.l fs8, s0
core   0: 1 0x0000000080004ee8 (0xd2247c53) f24 0x0000000000000000
core   0: 0x0000000080004eec (0xc21afad3) fcvt.wu.d s5, fs5
core   0: 1 0x0000000080004eec (0xc21afad3) c1_fflags 0x0000000000000011 x21 0xffffffffffffffff
core   0: 0x0000000080004ef0 (0x02345b33) divu    s6, s0, gp
core   0: 1 0x0000000080004ef0 (0x02345b33) x22 0x0000000000000000
core   0: 0x0000000080004ef4 (0x001029f3) csrrs   s3, fflags, zero
core   0: 1 0x0000000080004ef4 (0x001029f3) x19 0x0000000000000011
core   0: 0x0000000080004ef8 (0xa38c00d3) fle.d   ra, fs8, fs8
core   0: 1 0x0000000080004ef8 (0xa38c00d3) x1  0x0000000000000001
core   0: 0x0000000080004efc (0x61c69297) auipc   t0, 0x61c69
core   0: 1 0x0000000080004efc (0x61c69297) x5  0x00000000e1c6defc
core   0: 0x0000000080004f00 (0x2edf2637) lui     a2, 0x2edf2
core   0: 1 0x0000000080004f00 (0x2edf2637) x12 0x000000002edf2000
core   0: 0x0000000080004f04 (0x023afdbb) remuw   s11, s5, gp
core   0: 1 0x0000000080004f04 (0x023afdbb) x27 0x0000000000000000
core   0: 0x0000000080004f08 (0x0219503b) divuw   zero, s2, ra
core   0: 1 0x0000000080004f08 (0x0219503b)
core   0: 0x0000000080004f0c (0x01c168b3) or      a7, sp, t3
core   0: 1 0x0000000080004f0c (0x01c168b3) x17 0x0000000000000000
core   0: 0x0000000080004f10 (0x0d260b37) lui     s6, 0xd260
core   0: 1 0x0000000080004f10 (0x0d260b37) x22 0x000000000d260000
core   0: 0x0000000080004f14 (0x00000001) c.nop
core   0: 1 0x0000000080004f14 (0x0001)
core   0: 0x0000000080004f16 (0xfff14413) not     s0, sp
core   0: 1 0x0000000080004f16 (0xfff14413) x8  0xffffffffffffffff
core   0: 0x0000000080004f1a (0x01ad7d33) and     s10, s10, s10
core   0: 1 0x0000000080004f1a (0x01ad7d33) x26 0xfffffff000000001
core   0: 0x0000000080004f1e (0xd238f3d3) fcvt.d.lu ft7, a7
core   0: 1 0x0000000080004f1e (0xd238f3d3) f7  0x0000000000000000
core   0: 0x0000000080004f22 (0x412ed4bb) sraw    s1, t4, s2
core   0: 1 0x0000000080004f22 (0x412ed4bb) x9  0x0000000000000000
core   0: 0x0000000080004f26 (0x01a35293) srli    t0, t1, 26
core   0: 1 0x0000000080004f26 (0x01a35293) x5  0x0000003ffffffbc7
core   0: 0x0000000080004f2a (0x0328d5b3) divu    a1, a7, s2
core   0: 1 0x0000000080004f2a (0x0328d5b3) x11 0xffffffffffffffff
core   0: 0x0000000080004f2e (0x00202e73) csrrs   t3, frm, zero
core   0: 1 0x0000000080004f2e (0x00202e73) x28 0x0000000000000000
core   0: 0x0000000080004f32 (0x0301fdbb) remuw   s11, gp, a6
core   0: 1 0x0000000080004f32 (0x0301fdbb) x27 0x0000000000000011
core   0: 0x0000000080004f36 (0x40295313) srai    t1, s2, 2
core   0: 1 0x0000000080004f36 (0x40295313) x6  0x0000000000000000
core   0: 0x0000000080004f3a (0x0357f9b3) remu    s3, a5, s5
core   0: 1 0x0000000080004f3a (0x0357f9b3) x19 0x0000000000000000
core   0: 0x0000000080004f3e (0x41a352bb) sraw    t0, t1, s10
core   0: 1 0x0000000080004f3e (0x41a352bb) x5  0x0000000000000000
core   0: 0x0000000080004f42 (0xd383f9c7) fmsub.d fs3, ft7, fs8, fs10
core   0: 1 0x0000000080004f42 (0xd383f9c7) f19 0x425bb3222f6d0000
core   0: 0x0000000080004f46 (0x00102873) csrrs   a6, fflags, zero
core   0: 1 0x0000000080004f46 (0x00102873) x16 0x0000000000000011
core   0: 0x0000000080004f4a (0x41180ab3) sub     s5, a6, a7
core   0: 1 0x0000000080004f4a (0x41180ab3) x21 0x0000000000000011
core   0: 0x0000000080004f4e (0x0096563b) srlw    a2, a2, s1
core   0: 1 0x0000000080004f4e (0x0096563b) x12 0x000000002edf2000
core   0: 0x0000000080004f52 (0xb3e27dcb) fnmsub.d fs11, ft4, ft10, fs6
core   0: 1 0x0000000080004f52 (0xb3e27dcb) f27 0x7ff8000000000000
core   0: 0x0000000080004f56 (0x0136953b) sllw    a0, a3, s3
core   0: 1 0x0000000080004f56 (0x0136953b) x10 0x0000000000000000
core   0: 0x0000000080004f5a (0x9adcfd4b) fnmsub.d fs10, fs9, fa3, fs3
core   0: 1 0x0000000080004f5a (0x9adcfd4b) f26 0x7ff8000000000000
core   0: 0x0000000080004f5e (0x01e79d1b) slliw   s10, a5, 30
core   0: 1 0x0000000080004f5e (0x01e79d1b) x26 0x0000000000000000
core   0: 0x0000000080004f62 (0x00000001) c.nop
core   0: 1 0x0000000080004f62 (0x0001)
core   0: 0x0000000080004f64 (0x022be83b) remw    a6, s7, sp
core   0: 1 0x0000000080004f64 (0x022be83b) x16 0x000000007fffffff
core   0: 0x0000000080004f68 (0x3f13e413) ori     s0, t2, 1009
core   0: 1 0x0000000080004f68 (0x3f13e413) x8  0xffffffffffff83f1
core   0: 0x0000000080004f6c (0x00202973) csrrs   s2, frm, zero
core   0: 1 0x0000000080004f6c (0x00202973) x18 0x0000000000000000
core   0: 0x0000000080004f70 (0x400e81b3) sub     gp, t4, zero
core   0: 1 0x0000000080004f70 (0x400e81b3) x3  0x0000000000000000
core   0: 0x0000000080004f74 (0x0bb37353) fsub.d  ft6, ft6, fs11
core   0: 1 0x0000000080004f74 (0x0bb37353) f6  0x7ff8000000000000
core   0: 0x0000000080004f78 (0x020d033b) mulw    t1, s10, zero
core   0: 1 0x0000000080004f78 (0x020d033b) x6  0x0000000000000000
core   0: 0x0000000080004f7c (0x01f21c9b) slliw   s9, tp, 31
core   0: 1 0x0000000080004f7c (0x01f21c9b) x25 0x0000000000000000
core   0: 0x0000000080004f80 (0x009481b3) add     gp, s1, s1
core   0: 1 0x0000000080004f80 (0x009481b3) x3  0x0000000000000000
core   0: 0x0000000080004f84 (0x035ace33) div     t3, s5, s5
core   0: 1 0x0000000080004f84 (0x035ace33) x28 0x0000000000000001
core   0: 0x0000000080004f88 (0x002bda3b) srlw    s4, s7, sp
core   0: 1 0x0000000080004f88 (0x002bda3b) x20 0x000000007fffffff
core   0: 0x0000000080004f8c (0x000aed93) ori     s11, s5, 0
core   0: 1 0x0000000080004f8c (0x000aed93) x27 0x0000000000000011
core   0: 0x0000000080004f90 (0x403ddd33) sra     s10, s11, gp
core   0: 1 0x0000000080004f90 (0x403ddd33) x26 0x0000000000000011
core   0: 0x0000000080004f94 (0x01ce09bb) addw    s3, t3, t3
core   0: 1 0x0000000080004f94 (0x01ce09bb) x19 0x0000000000000002
core   0: 0x0000000080004f98 (0x003c9cbb) sllw    s9, s9, gp
core   0: 1 0x0000000080004f98 (0x003c9cbb) x25 0x0000000000000000
core   0: 0x0000000080004f9c (0x032ce13b) remw    sp, s9, s2
core   0: 1 0x0000000080004f9c (0x032ce13b) x2  0x0000000000000000
core   0: 0x0000000080004fa0 (0xc03df553) fcvt.lu.s a0, fs11
core   0: 1 0x0000000080004fa0 (0xc03df553) c1_fflags 0x0000000000000011 x10 0xffffffffffffffff
core   0: 0x0000000080004fa4 (0x1273f753) fmul.d  fa4, ft7, ft7
core   0: 1 0x0000000080004fa4 (0x1273f753) f14 0x0000000000000000
core   0: 0x0000000080004fa8 (0x011717b3) sll     a5, a4, a7
core   0: 1 0x0000000080004fa8 (0x011717b3) x15 0x0000000000000000
core   0: 0x0000000080004fac (0x06d2f413) andi    s0, t0, 109
core   0: 1 0x0000000080004fac (0x06d2f413) x8  0x0000000000000000
core   0: 0x0000000080004fb0 (0x00d0503b) srlw    zero, zero, a3
core   0: 1 0x0000000080004fb0 (0x00d0503b)
core   0: 0x0000000080004fb4 (0x0188d893) srli    a7, a7, 24
core   0: 1 0x0000000080004fb4 (0x0188d893) x17 0x0000000000000000
core   0: 0x0000000080004fb8 (0xa3cf8853) fle.d   a6, ft11, ft8
core   0: 1 0x0000000080004fb8 (0xa3cf8853) c1_fflags 0x0000000000000011 x16 0x0000000000000000
core   0: 0x0000000080004fbc (0x009c1d1b) slliw   s10, s8, 9
core   0: 1 0x0000000080004fbc (0x009c1d1b) x26 0x000000006f096e00
core   0: 0x0000000080004fc0 (0x5a0775d3) fsqrt.d fa1, fa4
core   0: 1 0x0000000080004fc0 (0x5a0775d3) f11 0x0000000000000000
core   0: 0x0000000080004fc4 (0x23462a53) fsgnjx.d fs4, fa2, fs4
core   0: 1 0x0000000080004fc4 (0x23462a53) f20 0x7ff8000000000000
core   0: 0x0000000080004fc8 (0x02d25db7) lui     s11, 0x2d25
core   0: 1 0x0000000080004fc8 (0x02d25db7) x27 0x0000000002d25000
core   0: 0x0000000080004fcc (0xbd3d8d9b) addiw   s11, s11, -1069
core   0: 1 0x0000000080004fcc (0xbd3d8d9b) x27 0x0000000002d24bd3
core   0: 0x0000000080004fd0 (0x00000db2) c.slli  s11, 12
core   0: 1 0x0000000080004fd0 (0x0db2) x27 0x0000002d24bd3000
core   0: 0x0000000080004fd2 (0x7d2d8d93) addi    s11, s11, 2002
core   0: 1 0x0000000080004fd2 (0x7d2d8d93) x27 0x0000002d24bd37d2
core   0: 0x0000000080004fd6 (0x4014ffd3) fcvt.s.d ft11, fs1
core   0: 1 0x0000000080004fd6 (0x4014ffd3) f31 0xffffffff80000000
core   0: 0x0000000080004fda (0x340079f3) csrrci  s3, mscratch, 0
core   0: exception trap_illegal_instruction, epc 0x0000000080004fda
core   0:           tval 0x00000000340079f3
core   0: >>>>  $xrv64i2p1_m2p0_a2p1_f2p2_d2p2_zicsr2p0_zifencei2p0_zmmul1p0_zba1p0_zbb1p0_zbc1p0_zbs1p0
core   0: 0x0000000080004000 (0x0080006f) j       pc + 0x8
core   0: 3 0x0000000080004000 (0x0080006f)
core   0: >>>>  mmode_exception_handler
core   0: 0x0000000080004008 (0x00002c17) auipc   s8, 0x2
core   0: 3 0x0000000080004008 (0x00002c17) x24 0x0000000080006008
core   0: 0x000000008000400c (0x0bcc0c13) addi    s8, s8, 188
core   0: 3 0x000000008000400c (0x0bcc0c13) x24 0x00000000800060c4
core   0: 0x0000000080004010 (0x000c00e7) jalr    s8
core   0: 3 0x0000000080004010 (0x000c00e7) x1  0x0000000080004014
core   0: >>>>  any_handler
core   0: 0x00000000800060c4 (0x341027f3) csrrs   a5, mepc, zero
core   0: 3 0x00000000800060c4 (0x341027f3) x15 0x0000000080004fda
core   0: 0x00000000800060c8 (0x34202773) csrrs   a4, mcause, zero
core   0: 3 0x00000000800060c8 (0x34202773) x14 0x0000000000000002
core   0: 0x00000000800060cc (0x142026f3) csrrs   a3, scause, zero
core   0: 3 0x00000000800060cc (0x142026f3) x13 0x0000000000000000
core   0: 0x00000000800060d0 (0x30402673) csrrs   a2, mie, zero
core   0: 3 0x00000000800060d0 (0x30402673) x12 0x0000000000000a00
core   0: 0x00000000800060d4 (0x344025f3) csrrs   a1, mip, zero
core   0: 3 0x00000000800060d4 (0x344025f3) x11 0x0000000000000080
core   0: 0x00000000800060d8 (0x343025f3) csrrs   a1, mtval, zero
core   0: 3 0x00000000800060d8 (0x343025f3) x11 0x00000000340079f3
core   0: 0x00000000800060dc (0x14302573) csrrs   a0, stval, zero
core   0: 3 0x00000000800060dc (0x14302573) x10 0x0000000000000000
core   0: 0x00000000800060e0 (0xb02024f3) csrrs   s1, minstret, zero
core   0: 3 0x00000000800060e0 (0xb02024f3) x9  0x0000000000000c9c
core   0: 0x00000000800060e4 (0x0000a811) c.j     pc + 20
core   0: 3 0x00000000800060e4 (0xa811)
core   0: >>>>  mepc_4
core   0: 0x00000000800060f8 (0x00000791) c.addi  a5, 4
core   0: 3 0x00000000800060f8 (0x0791) x15 0x0000000080004fde
core   0: 0x00000000800060fa (0x34179073) csrrw   zero, mepc, a5
core   0: 3 0x00000000800060fa (0x34179073) c833_mepc 0x0000000080004fde
core   0: 0x00000000800060fe (0x30200073) mret
core   0: 3 0x00000000800060fe (0x30200073) c768_mstatus 0x8000000a00106080
core   0: 0x0000000080004fde (0xc03a7853) fcvt.lu.s a6, fs4
core   0: 1 0x0000000080004fde (0xc03a7853) c1_fflags 0x0000000000000011 x16 0xffffffffffffffff
core   0: 0x0000000080004fe2 (0xed482617) auipc   a2, 0xed482
core   0: 1 0x0000000080004fe2 (0xed482617) x12 0x000000006d486fe2
core   0: 0x0000000080004fe6 (0xe2048753) fmv.x.d a4, fs1
core   0: 1 0x0000000080004fe6 (0xe2048753) x14 0x8000000000000000
core   0: 0x0000000080004fea (0x4003d393) srai    t2, t2, 0
core   0: 1 0x0000000080004fea (0x4003d393) x7  0xffffffffffff8020
core   0: 0x0000000080004fee (0x2a448753) fmin.d  fa4, fs1, ft4
core   0: 1 0x0000000080004fee (0x2a448753) f14 0x8000000000000000
core   0: 0x0000000080004ff2 (0xc2337853) fcvt.lu.d a6, ft6
core   0: 1 0x0000000080004ff2 (0xc2337853) c1_fflags 0x0000000000000011 x16 0xffffffffffffffff
core   0: 0x0000000080004ff6 (0x56f30c17) auipc   s8, 0x56f30
core   0: 1 0x0000000080004ff6 (0x56f30c17) x24 0x00000000d6f34ff6
core   0: 0x0000000080004ffa (0x03a72e33) mulhsu  t3, a4, s10
core   0: 1 0x0000000080004ffa (0x03a72e33) x28 0xffffffffc87b4900
core   0: 0x0000000080004ffe (0x5a097653) fsqrt.d fa2, fs2
core   0: 1 0x0000000080004ffe (0x5a097653) f12 0x7ff8000000000000
core   0: 0x0000000080005002 (0x400bd593) srai    a1, s7, 0
core   0: 1 0x0000000080005002 (0x400bd593) x11 0x000000007fffffff
core   0: 0x0000000080005006 (0x2ba11153) fmax.d  ft2, ft2, fs10
core   0: 1 0x0000000080005006 (0x2ba11153) f2  0x4082400000000000
core   0: 0x000000008000500a (0x72e670cb) fnmsub.d ft1, fa2, fa4, fa4
core   0: 1 0x000000008000500a (0x72e670cb) f1  0x7ff8000000000000
core   0: 0x000000008000500e (0x52327bcf) fnmadd.d fs7, ft4, ft3, fa0
core   0: 1 0x000000008000500e (0x52327bcf) f23 0x7ff8000000000000
core   0: 0x0000000080005012 (0x420a8ad3) fcvt.d.s fs5, fs5
core   0: 1 0x0000000080005012 (0x420a8ad3) f21 0x40dcb22680000000
core   0: 0x0000000080005016 (0x40b6d53b) sraw    a0, a3, a1
core   0: 1 0x0000000080005016 (0x40b6d53b) x10 0x0000000000000000
core   0: 0x000000008000501a (0x604e881b) addiw   a6, t4, 1540
core   0: 1 0x000000008000501a (0x604e881b) x16 0x0000000000000604
core   0: 0x000000008000501e (0x02ae8e33) mul     t3, t4, a0
core   0: 1 0x000000008000501e (0x02ae8e33) x28 0x0000000000000000
core   0: 0x0000000080005022 (0xd03e7a53) fcvt.s.lu fs4, t3
core   0: 1 0x0000000080005022 (0xd03e7a53) f20 0xffffffff00000000
core   0: 0x0000000080005026 (0x02086b33) rem     s6, a6, zero
core   0: 1 0x0000000080005026 (0x02086b33) x22 0x0000000000000604
core   0: 0x000000008000502a (0x4016d613) srai    a2, a3, 1
core   0: 1 0x000000008000502a (0x4016d613) x12 0x0000000000000000
core   0: 0x000000008000502e (0x00845433) srl     s0, s0, s0
core   0: 1 0x000000008000502e (0x00845433) x8  0x0000000000000000
core   0: 0x0000000080005032 (0xe2028953) fmv.x.d s2, ft5
core   0: 1 0x0000000080005032 (0xe2028953) x18 0x7ff8000000000000
core   0: 0x0000000080005036 (0x41635b3b) sraw    s6, t1, s6
core   0: 1 0x0000000080005036 (0x41635b3b) x22 0x0000000000000000
core   0: 0x000000008000503a (0xc22a7e53) fcvt.l.d t3, fs4
core   0: 1 0x000000008000503a (0xc22a7e53) c1_fflags 0x0000000000000011 x28 0x7fffffffffffffff
core   0: 0x000000008000503e (0x027995b3) mulh    a1, s3, t2
core   0: 1 0x000000008000503e (0x027995b3) x11 0xffffffffffffffff
core   0: 0x0000000080005042 (0x03f69113) slli    sp, a3, 63
core   0: 1 0x0000000080005042 (0x03f69113) x2  0x0000000000000000
core   0: 0x0000000080005046 (0xc0237ad3) fcvt.l.s s5, ft6
core   0: 1 0x0000000080005046 (0xc0237ad3) c1_fflags 0x0000000000000011 x21 0x7fffffffffffffff
core   0: 0x000000008000504a (0x027484b3) mul     s1, s1, t2
core   0: 1 0x000000008000504a (0x027484b3) x9  0xfffffffff9b39380
core   0: 0x000000008000504e (0x01458c3b) addw    s8, a1, s4
core   0: 1 0x000000008000504e (0x01458c3b) x24 0x000000007ffffffe
core   0: 0x0000000080005052 (0x00014413) xori    s0, sp, 0
core   0: 1 0x0000000080005052 (0x00014413) x8  0x0000000000000000
core   0: 0x0000000080005056 (0x2bbb0753) fmin.d  fa4, fs6, fs11
core   0: 1 0x0000000080005056 (0x2bbb0753) f14 0x7ff8000000000000
core   0: 0x000000008000505a (0x4174521b) sraiw   tp, s0, 23
core   0: 1 0x000000008000505a (0x4174521b) x4  0x0000000000000000
core   0: 0x000000008000505e (0x009954bb) srlw    s1, s2, s1
core   0: 1 0x000000008000505e (0x009954bb) x9  0x0000000000000000
core   0: 0x0000000080005062 (0x025972b3) remu    t0, s2, t0
core   0: 1 0x0000000080005062 (0x025972b3) x5  0x7ff8000000000000
core   0: 0x0000000080005066 (0x029225b3) mulhsu  a1, tp, s1
core   0: 1 0x0000000080005066 (0x029225b3) x11 0x0000000000000000
core   0: 0x000000008000506a (0x42655013) srai    zero, a0, 38
core   0: 1 0x000000008000506a (0x42655013)
core   0: 0x000000008000506e (0x42098d53) fcvt.d.s fs10, fs3
core   0: 1 0x000000008000506e (0x42098d53) f26 0x7ff8000000000000
core   0: 0x0000000080005072 (0x0029113b) sllw    sp, s2, sp
core   0: 1 0x0000000080005072 (0x0029113b) x2  0x0000000000000000
core   0: 0x0000000080005076 (0xf20b89d3) fmv.d.x fs3, s7
core   0: 1 0x0000000080005076 (0xf20b89d3) f19 0x000000007fffffff
core   0: 0x000000008000507a (0xd2e77647) fmsub.d fa2, fa4, fa4, fs10
core   0: 1 0x000000008000507a (0xd2e77647) f12 0x7ff8000000000000
core   0: 0x000000008000507e (0xd02bf353) fcvt.s.l ft6, s7
core   0: 1 0x000000008000507e (0xd02bf353) c1_fflags 0x0000000000000011 f6  0xffffffff4f000000
core   0: 0x0000000080005082 (0x41ae561b) sraiw   a2, t3, 26
core   0: 1 0x0000000080005082 (0x41ae561b) x12 0xffffffffffffffff
core   0: 0x0000000080005086 (0x411888b3) sub     a7, a7, a7
core   0: 1 0x0000000080005086 (0x411888b3) x17 0x0000000000000000
core   0: 0x000000008000508a (0x020ee03b) remw    zero, t4, zero
core   0: 1 0x000000008000508a (0x020ee03b)
core   0: 0x000000008000508e (0x001ad41b) srliw   s0, s5, 1
core   0: 1 0x000000008000508e (0x001ad41b) x8  0x000000007fffffff
core   0: 0x0000000080005092 (0x00000001) c.nop
core   0: 1 0x0000000080005092 (0x0001)
core   0: 0x0000000080005094 (0x03ad0533) mul     a0, s10, s10
core   0: 1 0x0000000080005094 (0x03ad0533) x10 0x30292dbceb440000
core   0: 0x0000000080005098 (0x2adb0753) fmin.d  fa4, fs6, fa3
core   0: 1 0x0000000080005098 (0x2adb0753) f14 0x0000000000000000
core   0: 0x000000008000509c (0x022b5ab3) divu    s5, s6, sp
core   0: 1 0x000000008000509c (0x022b5ab3) x21 0xffffffffffffffff
core   0: 0x00000000800050a0 (0x19a06913) ori     s2, zero, 410
core   0: 1 0x00000000800050a0 (0x19a06913) x18 0x000000000000019a
core   0: 0x00000000800050a4 (0xc03772d3) fcvt.lu.s t0, fa4
core   0: 1 0x00000000800050a4 (0xc03772d3) c1_fflags 0x0000000000000011 x5  0xffffffffffffffff
core   0: 0x00000000800050a8 (0x03b7e013) ori     zero, a5, 59
core   0: 1 0x00000000800050a8 (0x03b7e013)
core   0: 0x00000000800050ac (0xb0300937) lui     s2, 0xb0300
core   0: 1 0x00000000800050ac (0xb0300937) x18 0xffffffffb0300000
core   0: 0x00000000800050b0 (0x40177253) fcvt.s.d ft4, fa4
core   0: 1 0x00000000800050b0 (0x40177253) f4  0xffffffff00000000
core   0: 0x00000000800050b4 (0x0375dc33) divu    s8, a1, s7
core   0: 1 0x00000000800050b4 (0x0375dc33) x24 0x0000000000000000
core   0: 0x00000000800050b8 (0x038c2e33) mulhsu  t3, s8, s8
core   0: 1 0x00000000800050b8 (0x038c2e33) x28 0x0000000000000000
core   0: 0x00000000800050bc (0x0252eab3) rem     s5, t0, t0
core   0: 1 0x00000000800050bc (0x0252eab3) x21 0x0000000000000000
core   0: 0x00000000800050c0 (0xf2098e53) fmv.d.x ft8, s3
core   0: 1 0x00000000800050c0 (0xf2098e53) f28 0x0000000000000002
core   0: 0x00000000800050c4 (0x003151b3) srl     gp, sp, gp
core   0: 1 0x00000000800050c4 (0x003151b3) x3  0x0000000000000000
core   0: 0x00000000800050c8 (0xd22c7253) fcvt.d.l ft4, s8
core   0: 1 0x00000000800050c8 (0xd22c7253) f4  0x0000000000000000
core   0: 0x00000000800050cc (0xd20805d3) fcvt.d.w fa1, a6
core   0: 1 0x00000000800050cc (0xd20805d3) f11 0x4098100000000000
core   0: 0x00000000800050d0 (0x0000979d) c.srai  a5, 39
core   0: 1 0x00000000800050d0 (0x979d) x15 0x0000000000000000
core   0: 0x00000000800050d2 (0xc21f7ad3) fcvt.wu.d s5, ft10
core   0: 1 0x00000000800050d2 (0xc21f7ad3) c1_fflags 0x0000000000000011 x21 0xffffffffffffffff
core   0: 0x00000000800050d6 (0x015c921b) slliw   tp, s9, 21
core   0: 1 0x00000000800050d6 (0x015c921b) x4  0x0000000000000000
core   0: 0x00000000800050da (0xd0337953) fcvt.s.lu fs2, t1
core   0: 1 0x00000000800050da (0xd0337953) f18 0xffffffff00000000
core   0: 0x00000000800050de (0xd23effd3) fcvt.d.lu ft11, t4
core   0: 1 0x00000000800050de (0xd23effd3) f31 0x0000000000000000
core   0: 0x00000000800050e2 (0x412d5d1b) sraiw   s10, s10, 18
core   0: 1 0x00000000800050e2 (0x412d5d1b) x26 0x0000000000001bc2
core   0: 0x00000000800050e6 (0x00581cbb) sllw    s9, a6, t0
core   0: 1 0x00000000800050e6 (0x00581cbb) x25 0x0000000000000000
core   0: 0x00000000800050ea (0xc21ff353) fcvt.wu.d t1, ft11
core   0: 1 0x00000000800050ea (0xc21ff353) x6  0x0000000000000000
core   0: 0x00000000800050ee (0x41d8d8b3) sra     a7, a7, t4
core   0: 1 0x00000000800050ee (0x41d8d8b3) x17 0x0000000000000000
core   0: 0x00000000800050f2 (0xfffa1e37) lui     t3, 0xfffa1
core   0: 1 0x00000000800050f2 (0xfffa1e37) x28 0xfffffffffffa1000
core   0: 0x00000000800050f6 (0x357e0e1b) addiw   t3, t3, 855
core   0: 1 0x00000000800050f6 (0x357e0e1b) x28 0xfffffffffffa1357
core   0: 0x00000000800050fa (0x00000e3a) c.slli  t3, 14
core   0: 1 0x00000000800050fa (0x0e3a) x28 0xfffffffe84d5c000
core   0: 0x00000000800050fc (0x8c9e0e13) addi    t3, t3, -1847
core   0: 1 0x00000000800050fc (0x8c9e0e13) x28 0xfffffffe84d5b8c9
core   0: 0x0000000080005100 (0x01e611b7) lui     gp, 0x1e61
core   0: 1 0x0000000080005100 (0x01e611b7) x3  0x0000000001e61000
core   0: 0x0000000080005104 (0x7871819b) addiw   gp, gp, 1927
core   0: 1 0x0000000080005104 (0x7871819b) x3  0x0000000001e61787
core   0: 0x0000000080005108 (0x000001b6) c.slli  gp, 13
core   0: 1 0x0000000080005108 (0x01b6) x3  0x0000003cc2f0e000
core   0: 0x000000008000510a (0x97618193) addi    gp, gp, -1674
core   0: 1 0x000000008000510a (0x97618193) x3  0x0000003cc2f0d976
core   0: 0x000000008000510e (0x01f1961b) slliw   a2, gp, 31
core   0: 1 0x000000008000510e (0x01f1961b) x12 0x0000000000000000
core   0: 0x0000000080005112 (0x00ca4cb3) xor     s9, s4, a2
core   0: 1 0x0000000080005112 (0x00ca4cb3) x25 0x000000007fffffff
core   0: 0x0000000080005116 (0x0005d5bb) srlw    a1, a1, zero
core   0: 1 0x0000000080005116 (0x0005d5bb) x11 0x0000000000000000
core   0: 0x000000008000511a (0x00102cf3) csrrs   s9, fflags, zero
core   0: 1 0x000000008000511a (0x00102cf3) x25 0x0000000000000011
core   0: 0x000000008000511e (0x0360bd33) mulhu   s10, ra, s6
core   0: 1 0x000000008000511e (0x0360bd33) x26 0x0000000000000000
core   0: 0x0000000080005122 (0xd2347153) fcvt.d.lu ft2, s0
core   0: 1 0x0000000080005122 (0xd2347153) f2  0x41dfffffffc00000
core   0: 0x0000000080005126 (0x01d792b3) sll     t0, a5, t4
core   0: 1 0x0000000080005126 (0x01d792b3) x5  0x0000000000000000
core   0: 0x000000008000512a (0x2a099fd3) fmax.d  ft11, fs3, ft0
core   0: 1 0x000000008000512a (0x2a099fd3) f31 0x000000007fffffff
core   0: 0x000000008000512e (0x00e755bb) srlw    a1, a4, a4
core   0: 1 0x000000008000512e (0x00e755bb) x11 0x0000000000000000
core   0: 0x0000000080005132 (0x026b843b) mulw    s0, s7, t1
core   0: 1 0x0000000080005132 (0x026b843b) x8  0x0000000000000000
core   0: 0x0000000080005136 (0x01329633) sll     a2, t0, s3
core   0: 1 0x0000000080005136 (0x01329633) x12 0x0000000000000000
core   0: 0x000000008000513a (0x00f5589b) srliw   a7, a0, 15
core   0: 1 0x000000008000513a (0x00f5589b) x17 0x000000000001d688
core   0: 0x000000008000513e (0x1be07e53) fdiv.d  ft8, ft0, ft10
core   0: 1 0x000000008000513e (0x1be07e53) f28 0x7ff8000000000000
core   0: 0x0000000080005142 (0x011387bb) addw    a5, t2, a7
core   0: 1 0x0000000080005142 (0x011387bb) x15 0x00000000000156a8
core   0: 0x0000000080005146 (0x0143f3b3) and     t2, t2, s4
core   0: 1 0x0000000080005146 (0x0143f3b3) x7  0x000000007fff8020
core   0: 0x000000008000514a (0x0019d69b) srliw   a3, s3, 1
core   0: 1 0x000000008000514a (0x0019d69b) x13 0x0000000000000001
core   0: 0x000000008000514e (0xc024fbd3) fcvt.l.s s7, fs1
core   0: 1 0x000000008000514e (0xc024fbd3) c1_fflags 0x0000000000000011 x23 0x7fffffffffffffff
core   0: 0x0000000080005152 (0x5a4cf917) auipc   s2, 0x5a4cf
core   0: 1 0x0000000080005152 (0x5a4cf917) x18 0x00000000da4d4152
core   0: 0x0000000080005156 (0x00b78cb3) add     s9, a5, a1
core   0: 1 0x0000000080005156 (0x00b78cb3) x25 0x00000000000156a8
core   0: 0x000000008000515a (0x2a5a93d3) fmax.d  ft7, fs5, ft5
core   0: 1 0x000000008000515a (0x2a5a93d3) f7  0x40dcb22680000000
core   0: 0x000000008000515e (0x0ac1f5d3) fsub.d  fa1, ft3, fa2
core   0: 1 0x000000008000515e (0x0ac1f5d3) f11 0x7ff8000000000000
core   0: 0x0000000080005162 (0x009efdb7) lui     s11, 0x9ef
core   0: 1 0x0000000080005162 (0x009efdb7) x27 0x00000000009ef000
core   0: 0x0000000080005166 (0x05dd8d9b) addiw   s11, s11, 93
core   0: 1 0x0000000080005166 (0x05dd8d9b) x27 0x00000000009ef05d
core   0: 0x000000008000516a (0x00000dbe) c.slli  s11, 15
core   0: 1 0x000000008000516a (0x0dbe) x27 0x0000004f782e8000
core   0: 0x000000008000516c (0x2c5d8d93) addi    s11, s11, 709
core   0: 1 0x000000008000516c (0x2c5d8d93) x27 0x0000004f782e82c5
core   0: 0x0000000080005170 (0x010ce133) or      sp, s9, a6
core   0: 1 0x0000000080005170 (0x010ce133) x2  0x00000000000156ac
core   0: 0x0000000080005174 (0x1ada7a53) fdiv.d  fs4, fs4, fa3
core   0: 1 0x0000000080005174 (0x1ada7a53) f20 0x7ff8000000000000
core   0: 0x0000000080005178 (0x002592b3) sll     t0, a1, sp
core   0: 1 0x0000000080005178 (0x002592b3) x5  0x0000000000000000
core   0: 0x000000008000517c (0x01fd511b) srliw   sp, s10, 31
core   0: 1 0x000000008000517c (0x01fd511b) x2  0x0000000000000000
core   0: 0x0000000080005180 (0xc02b77d3) fcvt.l.s a5, fs6
core   0: 1 0x0000000080005180 (0xc02b77d3) c1_fflags 0x0000000000000011 x15 0x7fffffffffffffff
core   0: 0x0000000080005184 (0x7ff0c393) xori    t2, ra, 2047
core   0: 1 0x0000000080005184 (0x7ff0c393) x7  0x00000000800047eb
core   0: 0x0000000080005188 (0x41fe5e1b) sraiw   t3, t3, 31
core   0: 1 0x0000000080005188 (0x41fe5e1b) x28 0xffffffffffffffff
core   0: 0x000000008000518c (0x01dd5e33) srl     t3, s10, t4
core   0: 1 0x000000008000518c (0x01dd5e33) x28 0x0000000000000000
core   0: 0x0000000080005190 (0x0162c5b3) xor     a1, t0, s6
core   0: 1 0x0000000080005190 (0x0162c5b3) x11 0x0000000000000000
core   0: 0x0000000080005194 (0x024273bb) remuw   t2, tp, tp
core   0: 1 0x0000000080005194 (0x024273bb) x7  0x0000000000000000
core   0: 0x0000000080005198 (0xd061ed93) ori     s11, gp, -762
core   0: 1 0x0000000080005198 (0xd061ed93) x27 0xfffffffffffffd76
core   0: 0x000000008000519c (0x03b70b3b) mulw    s6, a4, s11
core   0: 1 0x000000008000519c (0x03b70b3b) x22 0x0000000000000000
core   0: 0x00000000800051a0 (0xc02f7e53) fcvt.l.s t3, ft10
core   0: 1 0x00000000800051a0 (0xc02f7e53) c1_fflags 0x0000000000000011 x28 0x7fffffffffffffff
core   0: 0x00000000800051a4 (0xc02375d3) fcvt.l.s a1, ft6
core   0: 1 0x00000000800051a4 (0xc02375d3) x11 0x0000000080000000
core   0: 0x00000000800051a8 (0xc64d0db7) lui     s11, 0xc64d0
core   0: 1 0x00000000800051a8 (0xc64d0db7) x27 0xffffffffc64d0000
core   0: 0x00000000800051ac (0x03050ebb) mulw    t4, a0, a6
core   0: 1 0x00000000800051ac (0x03050ebb) x29 0x0000000045100000
core   0: 0x00000000800051b0 (0xaaaa7247) fmsub.d ft4, fs4, fa0, fs5
core   0: 1 0x00000000800051b0 (0xaaaa7247) f4  0x7ff8000000000000
core   0: 0x00000000800051b4 (0x41a85d33) sra     s10, a6, s10
core   0: 1 0x00000000800051b4 (0x41a85d33) x26 0x0000000000000604
core   0: 0x00000000800051b8 (0x83c1e393) ori     t2, gp, -1988
core   0: 1 0x00000000800051b8 (0x83c1e393) x7  0xfffffffffffff97e
core   0: 0x00000000800051bc (0x001d1b9b) slliw   s7, s10, 1
core   0: 1 0x00000000800051bc (0x001d1b9b) x23 0x0000000000000c08
core   0: 0x00000000800051c0 (0xaaf37ccf) fnmadd.d fs9, ft6, fa5, fs5
core   0: 1 0x00000000800051c0 (0xaaf37ccf) f25 0x7ff8000000000000
core   0: 0x00000000800051c4 (0x00000001) c.nop
core   0: 1 0x00000000800051c4 (0x0001)
core   0: 0x00000000800051c6 (0xd023f2d3) fcvt.s.l ft5, t2
core   0: 1 0x00000000800051c6 (0xd023f2d3) f5  0xffffffffc4d04000
core   0: 0x00000000800051ca (0xc03d7953) fcvt.lu.s s2, fs10
core   0: 1 0x00000000800051ca (0xc03d7953) c1_fflags 0x0000000000000011 x18 0xffffffffffffffff
core   0: 0x00000000800051ce (0x017d1113) slli    sp, s10, 23
core   0: 1 0x00000000800051ce (0x017d1113) x2  0x0000000302000000
core   0: 0x00000000800051d2 (0x22512653) fsgnjx.d fa2, ft2, ft5
core   0: 1 0x00000000800051d2 (0x22512653) f12 0xc1dfffffffc00000
core   0: 0x00000000800051d6 (0x0001041b) sext.w  s0, sp
core   0: 1 0x00000000800051d6 (0x0001041b) x8  0x0000000002000000
core   0: 0x00000000800051da (0x00045893) srli    a7, s0, 0
core   0: 1 0x00000000800051da (0x00045893) x17 0x0000000002000000
core   0: 0x00000000800051de (0x34213ef3) csrrc   t4, mcause, sp
core   0: exception trap_illegal_instruction, epc 0x00000000800051de
core   0:           tval 0x0000000034213ef3
core   0: >>>>  $xrv64i2p1_m2p0_a2p1_f2p2_d2p2_zicsr2p0_zifencei2p0_zmmul1p0_zba1p0_zbb1p0_zbc1p0_zbs1p0
core   0: 0x0000000080004000 (0x0080006f) j       pc + 0x8
core   0: 3 0x0000000080004000 (0x0080006f)
core   0: >>>>  mmode_exception_handler
core   0: 0x0000000080004008 (0x00002c17) auipc   s8, 0x2
core   0: 3 0x0000000080004008 (0x00002c17) x24 0x0000000080006008
core   0: 0x000000008000400c (0x0bcc0c13) addi    s8, s8, 188
core   0: 3 0x000000008000400c (0x0bcc0c13) x24 0x00000000800060c4
core   0: 0x0000000080004010 (0x000c00e7) jalr    s8
core   0: 3 0x0000000080004010 (0x000c00e7) x1  0x0000000080004014
core   0: >>>>  any_handler
core   0: 0x00000000800060c4 (0x341027f3) csrrs   a5, mepc, zero
core   0: 3 0x00000000800060c4 (0x341027f3) x15 0x00000000800051de
core   0: 0x00000000800060c8 (0x34202773) csrrs   a4, mcause, zero
core   0: 3 0x00000000800060c8 (0x34202773) x14 0x0000000000000002
core   0: 0x00000000800060cc (0x142026f3) csrrs   a3, scause, zero
core   0: 3 0x00000000800060cc (0x142026f3) x13 0x0000000000000000
core   0: 0x00000000800060d0 (0x30402673) csrrs   a2, mie, zero
core   0: 3 0x00000000800060d0 (0x30402673) x12 0x0000000000000a00
core   0: 0x00000000800060d4 (0x344025f3) csrrs   a1, mip, zero
core   0: 3 0x00000000800060d4 (0x344025f3) x11 0x0000000000000080
core   0: 0x00000000800060d8 (0x343025f3) csrrs   a1, mtval, zero
core   0: 3 0x00000000800060d8 (0x343025f3) x11 0x0000000034213ef3
core   0: 0x00000000800060dc (0x14302573) csrrs   a0, stval, zero
core   0: 3 0x00000000800060dc (0x14302573) x10 0x0000000000000000
core   0: 0x00000000800060e0 (0xb02024f3) csrrs   s1, minstret, zero
core   0: 3 0x00000000800060e0 (0xb02024f3) x9  0x0000000000000d2f
core   0: 0x00000000800060e4 (0x0000a811) c.j     pc + 20
core   0: 3 0x00000000800060e4 (0xa811)
core   0: >>>>  mepc_4
core   0: 0x00000000800060f8 (0x00000791) c.addi  a5, 4
core   0: 3 0x00000000800060f8 (0x0791) x15 0x00000000800051e2
core   0: 0x00000000800060fa (0x34179073) csrrw   zero, mepc, a5
core   0: 3 0x00000000800060fa (0x34179073) c833_mepc 0x00000000800051e2
core   0: 0x00000000800060fe (0x30200073) mret
core   0: 3 0x00000000800060fe (0x30200073) c768_mstatus 0x8000000a00106080
core   0: 0x00000000800051e2 (0xd21206d3) fcvt.d.wu fa3, tp
core   0: 1 0x00000000800051e2 (0xd21206d3) f13 0x0000000000000000
core   0: 0x00000000800051e6 (0x004ac7b3) xor     a5, s5, tp
core   0: 1 0x00000000800051e6 (0x004ac7b3) x15 0xffffffffffffffff
core   0: 0x00000000800051ea (0x038eb633) mulhu   a2, t4, s8
core   0: 1 0x00000000800051ea (0x038eb633) x12 0x0000000000000000
core   0: 0x00000000800051ee (0x419656bb) sraw    a3, a2, s9
core   0: 1 0x00000000800051ee (0x419656bb) x13 0x0000000000000000
core   0: 0x00000000800051f2 (0xd22077d3) fcvt.d.l fa5, zero
core   0: 1 0x00000000800051f2 (0xd22077d3) f15 0x0000000000000000
core   0: 0x00000000800051f6 (0x401875d3) fcvt.s.d fa1, fa6
core   0: 1 0x00000000800051f6 (0x401875d3) f11 0xffffffff7fc00000
core   0: 0x00000000800051fa (0xc03a70f3) csrrci  ra, hpmcounter3, 20
core   0: exception trap_illegal_instruction, epc 0x00000000800051fa
core   0:           tval 0x00000000c03a70f3
core   0: >>>>  $xrv64i2p1_m2p0_a2p1_f2p2_d2p2_zicsr2p0_zifencei2p0_zmmul1p0_zba1p0_zbb1p0_zbc1p0_zbs1p0
core   0: 0x0000000080004000 (0x0080006f) j       pc + 0x8
core   0: 3 0x0000000080004000 (0x0080006f)
core   0: >>>>  mmode_exception_handler
core   0: 0x0000000080004008 (0x00002c17) auipc   s8, 0x2
core   0: 3 0x0000000080004008 (0x00002c17) x24 0x0000000080006008
core   0: 0x000000008000400c (0x0bcc0c13) addi    s8, s8, 188
core   0: 3 0x000000008000400c (0x0bcc0c13) x24 0x00000000800060c4
core   0: 0x0000000080004010 (0x000c00e7) jalr    s8
core   0: 3 0x0000000080004010 (0x000c00e7) x1  0x0000000080004014
core   0: >>>>  any_handler
core   0: 0x00000000800060c4 (0x341027f3) csrrs   a5, mepc, zero
core   0: 3 0x00000000800060c4 (0x341027f3) x15 0x00000000800051fa
core   0: 0x00000000800060c8 (0x34202773) csrrs   a4, mcause, zero
core   0: 3 0x00000000800060c8 (0x34202773) x14 0x0000000000000002
core   0: 0x00000000800060cc (0x142026f3) csrrs   a3, scause, zero
core   0: 3 0x00000000800060cc (0x142026f3) x13 0x0000000000000000
core   0: 0x00000000800060d0 (0x30402673) csrrs   a2, mie, zero
core   0: 3 0x00000000800060d0 (0x30402673) x12 0x0000000000000a00
core   0: 0x00000000800060d4 (0x344025f3) csrrs   a1, mip, zero
core   0: 3 0x00000000800060d4 (0x344025f3) x11 0x0000000000000080
core   0: 0x00000000800060d8 (0x343025f3) csrrs   a1, mtval, zero
core   0: 3 0x00000000800060d8 (0x343025f3) x11 0x00000000c03a70f3
core   0: 0x00000000800060dc (0x14302573) csrrs   a0, stval, zero
core   0: 3 0x00000000800060dc (0x14302573) x10 0x0000000000000000
core   0: 0x00000000800060e0 (0xb02024f3) csrrs   s1, minstret, zero
core   0: 3 0x00000000800060e0 (0xb02024f3) x9  0x0000000000000d45
core   0: 0x00000000800060e4 (0x0000a811) c.j     pc + 20
core   0: 3 0x00000000800060e4 (0xa811)
core   0: >>>>  mepc_4
core   0: 0x00000000800060f8 (0x00000791) c.addi  a5, 4
core   0: 3 0x00000000800060f8 (0x0791) x15 0x00000000800051fe
core   0: 0x00000000800060fa (0x34179073) csrrw   zero, mepc, a5
core   0: 3 0x00000000800060fa (0x34179073) c833_mepc 0x00000000800051fe
core   0: 0x00000000800060fe (0x30200073) mret
core   0: 3 0x00000000800060fe (0x30200073) c768_mstatus 0x8000000a00106080
core   0: 0x00000000800051fe (0xc228f2d3) fcvt.l.d t0, fa7
core   0: 1 0x00000000800051fe (0xc228f2d3) c1_fflags 0x0000000000000011 x5  0x7fffffffffffffff
core   0: 0x0000000080005202 (0x5a0c7453) fsqrt.d fs0, fs8
core   0: 1 0x0000000080005202 (0x5a0c7453) f8  0x0000000000000000
core   0: 0x0000000080005206 (0x23e6a553) fsgnjx.d fa0, fa3, ft10
core   0: 1 0x0000000080005206 (0x23e6a553) f10 0x0000000000000000
core   0: 0x000000008000520a (0xa3838d53) fle.d   s10, ft7, fs8
core   0: 1 0x000000008000520a (0xa3838d53) x26 0x0000000000000000
core   0: 0x000000008000520e (0xc03473d3) fcvt.lu.s t2, fs0
core   0: 1 0x000000008000520e (0xc03473d3) c1_fflags 0x0000000000000011 x7  0xffffffffffffffff
core   0: 0x0000000080005212 (0x00000001) c.nop
core   0: 1 0x0000000080005212 (0x0001)
core   0: 0x0000000080005214 (0x9ed01537) lui     a0, 0x9ed01
core   0: 1 0x0000000080005214 (0x9ed01537) x10 0xffffffff9ed01000
core   0: 0x0000000080005218 (0x03385813) srli    a6, a6, 51
core   0: 1 0x0000000080005218 (0x03385813) x16 0x0000000000000000
core   0: 0x000000008000521c (0x23ba2c53) fsgnjx.d fs8, fs4, fs11
core   0: 1 0x000000008000521c (0x23ba2c53) f24 0x7ff8000000000000
core   0: 0x0000000080005220 (0xc03578d3) fcvt.lu.s a7, fa0
core   0: 1 0x0000000080005220 (0xc03578d3) c1_fflags 0x0000000000000011 x17 0xffffffffffffffff
core   0: 0x0000000080005224 (0x001614f3) csrrw   s1, fflags, a2
core   0: 1 0x0000000080005224 (0x001614f3) x9  0x0000000000000011 c1_fflags 0x0000000000000000
core   0: 0x0000000080005228 (0x2abb9053) fmax.d  ft0, fs7, fa1
core   0: 1 0x0000000080005228 (0x2abb9053) f0  0x7ff8000000000000
core   0: 0x000000008000522c (0x40135893) srai    a7, t1, 1
core   0: 1 0x000000008000522c (0x40135893) x17 0x0000000000000000
core   0: 0x0000000080005230 (0x02e6bcb3) mulhu   s9, a3, a4
core   0: 1 0x0000000080005230 (0x02e6bcb3) x25 0x0000000000000000
core   0: 0x0000000080005234 (0x0008e613) ori     a2, a7, 0
core   0: 1 0x0000000080005234 (0x0008e613) x12 0x0000000000000000
core   0: 0x0000000080005238 (0x12107153) fmul.d  ft2, ft0, ft1
core   0: 1 0x0000000080005238 (0x12107153) f2  0x7ff8000000000000
core   0: 0x000000008000523c (0x659d8e93) addi    t4, s11, 1625
core   0: 1 0x000000008000523c (0x659d8e93) x29 0xffffffffc64d0659
core   0: 0x0000000080005240 (0x32325373) csrrwi  t1, mhpmevent3, 4
core   0: exception trap_illegal_instruction, epc 0x0000000080005240
core   0:           tval 0x0000000032325373
core   0: >>>>  $xrv64i2p1_m2p0_a2p1_f2p2_d2p2_zicsr2p0_zifencei2p0_zmmul1p0_zba1p0_zbb1p0_zbc1p0_zbs1p0
core   0: 0x0000000080004000 (0x0080006f) j       pc + 0x8
core   0: 3 0x0000000080004000 (0x0080006f)
core   0: >>>>  mmode_exception_handler
core   0: 0x0000000080004008 (0x00002c17) auipc   s8, 0x2
core   0: 3 0x0000000080004008 (0x00002c17) x24 0x0000000080006008
core   0: 0x000000008000400c (0x0bcc0c13) addi    s8, s8, 188
core   0: 3 0x000000008000400c (0x0bcc0c13) x24 0x00000000800060c4
core   0: 0x0000000080004010 (0x000c00e7) jalr    s8
core   0: 3 0x0000000080004010 (0x000c00e7) x1  0x0000000080004014
core   0: >>>>  any_handler
core   0: 0x00000000800060c4 (0x341027f3) csrrs   a5, mepc, zero
core   0: 3 0x00000000800060c4 (0x341027f3) x15 0x0000000080005240
core   0: 0x00000000800060c8 (0x34202773) csrrs   a4, mcause, zero
core   0: 3 0x00000000800060c8 (0x34202773) x14 0x0000000000000002
core   0: 0x00000000800060cc (0x142026f3) csrrs   a3, scause, zero
core   0: 3 0x00000000800060cc (0x142026f3) x13 0x0000000000000000
core   0: 0x00000000800060d0 (0x30402673) csrrs   a2, mie, zero
core   0: 3 0x00000000800060d0 (0x30402673) x12 0x0000000000000a00
core   0: 0x00000000800060d4 (0x344025f3) csrrs   a1, mip, zero
core   0: 3 0x00000000800060d4 (0x344025f3) x11 0x0000000000000080
core   0: 0x00000000800060d8 (0x343025f3) csrrs   a1, mtval, zero
core   0: 3 0x00000000800060d8 (0x343025f3) x11 0x0000000032325373
core   0: 0x00000000800060dc (0x14302573) csrrs   a0, stval, zero
core   0: 3 0x00000000800060dc (0x14302573) x10 0x0000000000000000
core   0: 0x00000000800060e0 (0xb02024f3) csrrs   s1, minstret, zero
core   0: 3 0x00000000800060e0 (0xb02024f3) x9  0x0000000000000d66
core   0: 0x00000000800060e4 (0x0000a811) c.j     pc + 20
core   0: 3 0x00000000800060e4 (0xa811)
core   0: >>>>  mepc_4
core   0: 0x00000000800060f8 (0x00000791) c.addi  a5, 4
core   0: 3 0x00000000800060f8 (0x0791) x15 0x0000000080005244
core   0: 0x00000000800060fa (0x34179073) csrrw   zero, mepc, a5
core   0: 3 0x00000000800060fa (0x34179073) c833_mepc 0x0000000080005244
core   0: 0x00000000800060fe (0x30200073) mret
core   0: 3 0x00000000800060fe (0x30200073) c768_mstatus 0x8000000a00106080
core   0: 0x0000000080005244 (0x4063003b) subw    zero, t1, t1
core   0: 1 0x0000000080005244 (0x4063003b)
core   0: 0x0000000080005248 (0x233b80d3) fsgnj.d ft1, fs7, fs3
core   0: 1 0x0000000080005248 (0x233b80d3) f1  0x7ff8000000000000
core   0: 0x000000008000524c (0x00131b9b) slliw   s7, t1, 1
core   0: 1 0x000000008000524c (0x00131b9b) x23 0x0000000000000000
core   0: 0x0000000080005250 (0x00000001) c.nop
core   0: 1 0x0000000080005250 (0x0001)
core   0: 0x0000000080005252 (0x4004509b) sraiw   ra, s0, 0
core   0: 1 0x0000000080005252 (0x4004509b) x1  0x0000000002000000
core   0: 0x0000000080005256 (0x420203d3) fcvt.d.s ft7, ft4
core   0: 1 0x0000000080005256 (0x420203d3) f7  0x7ff8000000000000
core   0: 0x000000008000525a (0x00424233) xor     tp, tp, tp
core   0: 1 0x000000008000525a (0x00424233) x4  0x0000000000000000
core   0: 0x000000008000525e (0x009274b3) and     s1, tp, s1
core   0: 1 0x000000008000525e (0x009274b3) x9  0x0000000000000000
core   0: 0x0000000080005262 (0x00fcd133) srl     sp, s9, a5
core   0: 1 0x0000000080005262 (0x00fcd133) x2  0x0000000000000000
core   0: 0x0000000080005266 (0x22e29ad3) fsgnjn.d fs5, ft5, fa4
core   0: 1 0x0000000080005266 (0x22e29ad3) f21 0xffffffffc4d04000
core   0: 0x000000008000526a (0x5a0af153) fsqrt.d ft2, fs5
core   0: 1 0x000000008000526a (0x5a0af153) f2  0x7ff8000000000000
core   0: 0x000000008000526e (0x401dd913) srai    s2, s11, 1
core   0: 1 0x000000008000526e (0x401dd913) x18 0xffffffffe3268000
core   0: 0x0000000080005272 (0x0000dd93) srli    s11, ra, 0
core   0: 1 0x0000000080005272 (0x0000dd93) x27 0x0000000002000000
core   0: 0x0000000080005276 (0xf117fa73) csrrci  s4, mvendorid, 15
core   0: exception trap_illegal_instruction, epc 0x0000000080005276
core   0:           tval 0x00000000f117fa73
core   0: >>>>  $xrv64i2p1_m2p0_a2p1_f2p2_d2p2_zicsr2p0_zifencei2p0_zmmul1p0_zba1p0_zbb1p0_zbc1p0_zbs1p0
core   0: 0x0000000080004000 (0x0080006f) j       pc + 0x8
core   0: 3 0x0000000080004000 (0x0080006f)
core   0: >>>>  mmode_exception_handler
core   0: 0x0000000080004008 (0x00002c17) auipc   s8, 0x2
core   0: 3 0x0000000080004008 (0x00002c17) x24 0x0000000080006008
core   0: 0x000000008000400c (0x0bcc0c13) addi    s8, s8, 188
core   0: 3 0x000000008000400c (0x0bcc0c13) x24 0x00000000800060c4
core   0: 0x0000000080004010 (0x000c00e7) jalr    s8
core   0: 3 0x0000000080004010 (0x000c00e7) x1  0x0000000080004014
core   0: >>>>  any_handler
core   0: 0x00000000800060c4 (0x341027f3) csrrs   a5, mepc, zero
core   0: 3 0x00000000800060c4 (0x341027f3) x15 0x0000000080005276
core   0: 0x00000000800060c8 (0x34202773) csrrs   a4, mcause, zero
core   0: 3 0x00000000800060c8 (0x34202773) x14 0x0000000000000002
core   0: 0x00000000800060cc (0x142026f3) csrrs   a3, scause, zero
core   0: 3 0x00000000800060cc (0x142026f3) x13 0x0000000000000000
core   0: 0x00000000800060d0 (0x30402673) csrrs   a2, mie, zero
core   0: 3 0x00000000800060d0 (0x30402673) x12 0x0000000000000a00
core   0: 0x00000000800060d4 (0x344025f3) csrrs   a1, mip, zero
core   0: 3 0x00000000800060d4 (0x344025f3) x11 0x0000000000000080
core   0: 0x00000000800060d8 (0x343025f3) csrrs   a1, mtval, zero
core   0: 3 0x00000000800060d8 (0x343025f3) x11 0x00000000f117fa73
core   0: 0x00000000800060dc (0x14302573) csrrs   a0, stval, zero
core   0: 3 0x00000000800060dc (0x14302573) x10 0x0000000000000000
core   0: 0x00000000800060e0 (0xb02024f3) csrrs   s1, minstret, zero
core   0: 3 0x00000000800060e0 (0xb02024f3) x9  0x0000000000000d83
core   0: 0x00000000800060e4 (0x0000a811) c.j     pc + 20
core   0: 3 0x00000000800060e4 (0xa811)
core   0: >>>>  mepc_4
core   0: 0x00000000800060f8 (0x00000791) c.addi  a5, 4
core   0: 3 0x00000000800060f8 (0x0791) x15 0x000000008000527a
core   0: 0x00000000800060fa (0x34179073) csrrw   zero, mepc, a5
core   0: 3 0x00000000800060fa (0x34179073) c833_mepc 0x000000008000527a
core   0: 0x00000000800060fe (0x30200073) mret
core   0: 3 0x00000000800060fe (0x30200073) c768_mstatus 0x8000000a00106080
core   0: 0x000000008000527a (0x01829113) slli    sp, t0, 24
core   0: 1 0x000000008000527a (0x01829113) x2  0xffffffffff000000
core   0: 0x000000008000527e (0x40f557b3) sra     a5, a0, a5
core   0: 1 0x000000008000527e (0x40f557b3) x15 0x0000000000000000
core   0: 0x0000000080005282 (0x1b007f53) fdiv.d  ft10, ft0, fa6
core   0: 1 0x0000000080005282 (0x1b007f53) f30 0x7ff8000000000000
core   0: 0x0000000080005286 (0x31a1a3f3) csrrs   t2, menvcfgh, gp
core   0: exception trap_illegal_instruction, epc 0x0000000080005286
core   0:           tval 0x0000000031a1a3f3
core   0: >>>>  $xrv64i2p1_m2p0_a2p1_f2p2_d2p2_zicsr2p0_zifencei2p0_zmmul1p0_zba1p0_zbb1p0_zbc1p0_zbs1p0
core   0: 0x0000000080004000 (0x0080006f) j       pc + 0x8
core   0: 3 0x0000000080004000 (0x0080006f)
core   0: >>>>  mmode_exception_handler
core   0: 0x0000000080004008 (0x00002c17) auipc   s8, 0x2
core   0: 3 0x0000000080004008 (0x00002c17) x24 0x0000000080006008
core   0: 0x000000008000400c (0x0bcc0c13) addi    s8, s8, 188
core   0: 3 0x000000008000400c (0x0bcc0c13) x24 0x00000000800060c4
core   0: 0x0000000080004010 (0x000c00e7) jalr    s8
core   0: 3 0x0000000080004010 (0x000c00e7) x1  0x0000000080004014
core   0: >>>>  any_handler
core   0: 0x00000000800060c4 (0x341027f3) csrrs   a5, mepc, zero
core   0: 3 0x00000000800060c4 (0x341027f3) x15 0x0000000080005286
core   0: 0x00000000800060c8 (0x34202773) csrrs   a4, mcause, zero
core   0: 3 0x00000000800060c8 (0x34202773) x14 0x0000000000000002
core   0: 0x00000000800060cc (0x142026f3) csrrs   a3, scause, zero
core   0: 3 0x00000000800060cc (0x142026f3) x13 0x0000000000000000
core   0: 0x00000000800060d0 (0x30402673) csrrs   a2, mie, zero
core   0: 3 0x00000000800060d0 (0x30402673) x12 0x0000000000000a00
core   0: 0x00000000800060d4 (0x344025f3) csrrs   a1, mip, zero
core   0: 3 0x00000000800060d4 (0x344025f3) x11 0x0000000000000080
core   0: 0x00000000800060d8 (0x343025f3) csrrs   a1, mtval, zero
core   0: 3 0x00000000800060d8 (0x343025f3) x11 0x0000000031a1a3f3
core   0: 0x00000000800060dc (0x14302573) csrrs   a0, stval, zero
core   0: 3 0x00000000800060dc (0x14302573) x10 0x0000000000000000
core   0: 0x00000000800060e0 (0xb02024f3) csrrs   s1, minstret, zero
core   0: 3 0x00000000800060e0 (0xb02024f3) x9  0x0000000000000d96
core   0: 0x00000000800060e4 (0x0000a811) c.j     pc + 20
core   0: 3 0x00000000800060e4 (0xa811)
core   0: >>>>  mepc_4
core   0: 0x00000000800060f8 (0x00000791) c.addi  a5, 4
core   0: 3 0x00000000800060f8 (0x0791) x15 0x000000008000528a
core   0: 0x00000000800060fa (0x34179073) csrrw   zero, mepc, a5
core   0: 3 0x00000000800060fa (0x34179073) c833_mepc 0x000000008000528a
core   0: 0x00000000800060fe (0x30200073) mret
core   0: 3 0x00000000800060fe (0x30200073) c768_mstatus 0x8000000a00106080
core   0: 0x000000008000528a (0x3e128b1b) addiw   s6, t0, 993
core   0: 1 0x000000008000528a (0x3e128b1b) x22 0x00000000000003e0
core   0: 0x000000008000528e (0xfdb93eb7) lui     t4, 0xfdb93
core   0: 1 0x000000008000528e (0xfdb93eb7) x29 0xfffffffffdb93000
core   0: 0x0000000080005292 (0x9d9e8e9b) addiw   t4, t4, -1575
core   0: 1 0x0000000080005292 (0x9d9e8e9b) x29 0xfffffffffdb929d9
core   0: 0x0000000080005296 (0x00000eb2) c.slli  t4, 12
core   0: 1 0x0000000080005296 (0x0eb2) x29 0xffffffdb929d9000
core   0: 0x0000000080005298 (0xf6ee8e93) addi    t4, t4, -146
core   0: 1 0x0000000080005298 (0xf6ee8e93) x29 0xffffffdb929d8f6e
core   0: 0x000000008000529c (0x03d221b3) mulhsu  gp, tp, t4
core   0: 1 0x000000008000529c (0x03d221b3) x3  0x0000000000000000
core   0: 0x00000000800052a0 (0xd5271a97) auipc   s5, 0xd5271
core   0: 1 0x00000000800052a0 (0xd5271a97) x21 0x00000000552762a0
core   0: 0x00000000800052a4 (0xea0c7ecf) fnmadd.d ft9, fs8, ft0, ft9
core   0: 1 0x00000000800052a4 (0xea0c7ecf) f29 0x7ff8000000000000
core   0: 0x00000000800052a8 (0x18afd197) auipc   gp, 0x18afd
core   0: 1 0x00000000800052a8 (0x18afd197) x3  0x0000000098b022a8
core   0: 0x00000000800052ac (0x13eef9d3) fmul.d  fs3, ft9, ft10
core   0: 1 0x00000000800052ac (0x13eef9d3) f19 0x7ff8000000000000
core   0: 0x00000000800052b0 (0x6ad0f8c7) fmsub.d fa7, ft1, fa3, fa3
core   0: 1 0x00000000800052b0 (0x6ad0f8c7) f17 0x7ff8000000000000
core   0: 0x00000000800052b4 (0x527e0393) addi    t2, t3, 1319
core   0: 1 0x00000000800052b4 (0x527e0393) x7  0x8000000000000526
core   0: 0x00000000800052b8 (0x3400d4f3) csrrwi  s1, mscratch, 1
core   0: exception trap_illegal_instruction, epc 0x00000000800052b8
core   0:           tval 0x000000003400d4f3
core   0: >>>>  $xrv64i2p1_m2p0_a2p1_f2p2_d2p2_zicsr2p0_zifencei2p0_zmmul1p0_zba1p0_zbb1p0_zbc1p0_zbs1p0
core   0: 0x0000000080004000 (0x0080006f) j       pc + 0x8
core   0: 3 0x0000000080004000 (0x0080006f)
core   0: >>>>  mmode_exception_handler
core   0: 0x0000000080004008 (0x00002c17) auipc   s8, 0x2
core   0: 3 0x0000000080004008 (0x00002c17) x24 0x0000000080006008
core   0: 0x000000008000400c (0x0bcc0c13) addi    s8, s8, 188
core   0: 3 0x000000008000400c (0x0bcc0c13) x24 0x00000000800060c4
core   0: 0x0000000080004010 (0x000c00e7) jalr    s8
core   0: 3 0x0000000080004010 (0x000c00e7) x1  0x0000000080004014
core   0: >>>>  any_handler
core   0: 0x00000000800060c4 (0x341027f3) csrrs   a5, mepc, zero
core   0: 3 0x00000000800060c4 (0x341027f3) x15 0x00000000800052b8
core   0: 0x00000000800060c8 (0x34202773) csrrs   a4, mcause, zero
core   0: 3 0x00000000800060c8 (0x34202773) x14 0x0000000000000002
core   0: 0x00000000800060cc (0x142026f3) csrrs   a3, scause, zero
core   0: 3 0x00000000800060cc (0x142026f3) x13 0x0000000000000000
core   0: 0x00000000800060d0 (0x30402673) csrrs   a2, mie, zero
core   0: 3 0x00000000800060d0 (0x30402673) x12 0x0000000000000a00
core   0: 0x00000000800060d4 (0x344025f3) csrrs   a1, mip, zero
core   0: 3 0x00000000800060d4 (0x344025f3) x11 0x0000000000000080
core   0: 0x00000000800060d8 (0x343025f3) csrrs   a1, mtval, zero
core   0: 3 0x00000000800060d8 (0x343025f3) x11 0x000000003400d4f3
core   0: 0x00000000800060dc (0x14302573) csrrs   a0, stval, zero
core   0: 3 0x00000000800060dc (0x14302573) x10 0x0000000000000000
core   0: 0x00000000800060e0 (0xb02024f3) csrrs   s1, minstret, zero
core   0: 3 0x00000000800060e0 (0xb02024f3) x9  0x0000000000000db2
core   0: 0x00000000800060e4 (0x0000a811) c.j     pc + 20
core   0: 3 0x00000000800060e4 (0xa811)
core   0: >>>>  mepc_4
core   0: 0x00000000800060f8 (0x00000791) c.addi  a5, 4
core   0: 3 0x00000000800060f8 (0x0791) x15 0x00000000800052bc
core   0: 0x00000000800060fa (0x34179073) csrrw   zero, mepc, a5
core   0: 3 0x00000000800060fa (0x34179073) c833_mepc 0x00000000800052bc
core   0: 0x00000000800060fe (0x30200073) mret
core   0: 3 0x00000000800060fe (0x30200073) c768_mstatus 0x8000000a00106080
core   0: 0x00000000800052bc (0x2395a6d3) fsgnjx.d fa3, fa1, fs9
core   0: 1 0x00000000800052bc (0x2395a6d3) f13 0xffffffff7fc00000
core   0: 0x00000000800052c0 (0x2a458253) fmin.d  ft4, fa1, ft4
core   0: 1 0x00000000800052c0 (0x2a458253) f4  0x7ff8000000000000
core   0: 0x00000000800052c4 (0x41748033) sub     zero, s1, s7
core   0: 1 0x00000000800052c4 (0x41748033)
core   0: 0x00000000800052c8 (0x0205533b) divuw   t1, a0, zero
core   0: 1 0x00000000800052c8 (0x0205533b) x6  0xffffffffffffffff
core   0: 0x00000000800052cc (0x002027f3) csrrs   a5, frm, zero
core   0: 1 0x00000000800052cc (0x002027f3) x15 0x0000000000000000
core   0: 0x00000000800052d0 (0x41200c3b) subw    s8, zero, s2
core   0: 1 0x00000000800052d0 (0x41200c3b) x24 0x000000001cd98000
core   0: 0x00000000800052d4 (0x00221c3b) sllw    s8, tp, sp
core   0: 1 0x00000000800052d4 (0x00221c3b) x24 0x0000000000000000
core   0: 0x00000000800052d8 (0x02a504b3) mul     s1, a0, a0
core   0: 1 0x00000000800052d8 (0x02a504b3) x9  0x0000000000000000
core   0: 0x00000000800052dc (0x00003efd) c.addiw t4, -1
core   0: 1 0x00000000800052dc (0x3efd) x29 0xffffffff929d8f6d
core   0: 0x00000000800052de (0x402a0a33) sub     s4, s4, sp
core   0: 1 0x00000000800052de (0x402a0a33) x20 0x0000000080ffffff
core   0: 0x00000000800052e2 (0xd022f353) fcvt.s.l ft6, t0
core   0: 1 0x00000000800052e2 (0xd022f353) c1_fflags 0x0000000000000001 f6  0xffffffff5f000000
core   0: 0x00000000800052e6 (0x01052ab3) slt     s5, a0, a6
core   0: 1 0x00000000800052e6 (0x01052ab3) x21 0x0000000000000000
core   0: 0x00000000800052ea (0x40b58133) sub     sp, a1, a1
core   0: 1 0x00000000800052ea (0x40b58133) x2  0x0000000000000000
core   0: 0x00000000800052ee (0xd02bf753) fcvt.s.l fa4, s7
core   0: 1 0x00000000800052ee (0xd02bf753) f14 0xffffffff00000000
core   0: 0x00000000800052f2 (0x00000001) c.nop
core   0: 1 0x00000000800052f2 (0x0001)
core   0: 0x00000000800052f4 (0x02659193) slli    gp, a1, 38
core   0: 1 0x00000000800052f4 (0x02659193) x3  0x00353cc000000000
core   0: 0x00000000800052f8 (0x00191d1b) slliw   s10, s2, 1
core   0: 1 0x00000000800052f8 (0x00191d1b) x26 0xffffffffc64d0000
core   0: 0x00000000800052fc (0x0252eb33) rem     s6, t0, t0
core   0: 1 0x00000000800052fc (0x0252eb33) x22 0x0000000000000000
core   0: 0x0000000080005300 (0x00261773) csrrw   a4, frm, a2
core   0: 1 0x0000000080005300 (0x00261773) x14 0x0000000000000000 c2_frm 0x0000000000000000
core   0: 0x0000000080005304 (0x7ff6f693) andi    a3, a3, 2047
core   0: 1 0x0000000080005304 (0x7ff6f693) x13 0x0000000000000000
core   0: 0x0000000080005308 (0x22662053) fsgnjx.d ft0, fa2, ft6
core   0: 1 0x0000000080005308 (0x22662053) f0  0x41dfffffffc00000
core   0: 0x000000008000530c (0x02511313) slli    t1, sp, 37
core   0: 1 0x000000008000530c (0x02511313) x6  0x0000000000000000
core   0: 0x0000000080005310 (0x02e090b3) mulh    ra, ra, a4
core   0: 1 0x0000000080005310 (0x02e090b3) x1  0x0000000000000000
core   0: 0x0000000080005314 (0x67e0ea93) ori     s5, ra, 1662
core   0: 1 0x0000000080005314 (0x67e0ea93) x21 0x000000000000067e
core   0: 0x0000000080005318 (0x000701bb) addw    gp, a4, zero
core   0: 1 0x0000000080005318 (0x000701bb) x3  0x0000000000000000
core   0: 0x000000008000531c (0x2af797d3) fmax.d  fa5, fa5, fa5
core   0: 1 0x000000008000531c (0x2af797d3) f15 0x0000000000000000
core   0: 0x0000000080005320 (0xd0277653) fcvt.s.l fa2, a4
core   0: 1 0x0000000080005320 (0xd0277653) f12 0xffffffff00000000
core   0: 0x0000000080005324 (0x1b78f2d3) fdiv.d  ft5, fa7, fs7
core   0: 1 0x0000000080005324 (0x1b78f2d3) f5  0x7ff8000000000000
core   0: 0x0000000080005328 (0x0008f213) andi    tp, a7, 0
core   0: 1 0x0000000080005328 (0x0008f213) x4  0x0000000000000000
core   0: 0x000000008000532c (0x018a8c3b) addw    s8, s5, s8
core   0: 1 0x000000008000532c (0x018a8c3b) x24 0x000000000000067e
core   0: 0x0000000080005330 (0x00007d33) and     s10, zero, zero
core   0: 1 0x0000000080005330 (0x00007d33) x26 0x0000000000000000
core   0: 0x0000000080005334 (0xfff6091b) addiw   s2, a2, -1
core   0: 1 0x0000000080005334 (0xfff6091b) x18 0x00000000000009ff
core   0: 0x0000000080005338 (0x2b198f53) fmin.d  ft10, fs3, fa7
core   0: 1 0x0000000080005338 (0x2b198f53) f30 0x7ff8000000000000
core   0: 0x000000008000533c (0xf2060cd3) fmv.d.x fs9, a2
core   0: 1 0x000000008000533c (0xf2060cd3) f25 0x0000000000000a00
core   0: 0x0000000080005340 (0x03c04bb3) div     s7, zero, t3
core   0: 1 0x0000000080005340 (0x03c04bb3) x23 0x0000000000000000
core   0: 0x0000000080005344 (0x001d10f3) csrrw   ra, fflags, s10
core   0: 1 0x0000000080005344 (0x001d10f3) x1  0x0000000000000001 c1_fflags 0x0000000000000000
core   0: 0x0000000080005348 (0xc232fad3) fcvt.lu.d s5, ft5
core   0: 1 0x0000000080005348 (0xc232fad3) c1_fflags 0x0000000000000010 x21 0xffffffffffffffff
core   0: 0x000000008000534c (0x00b591bb) sllw    gp, a1, a1
core   0: 1 0x000000008000534c (0x00b591bb) x3  0xffffffffa7980000
core   0: 0x0000000080005350 (0x83ce78cb) fnmsub.d fa7, ft8, ft8, fa6
core   0: 1 0x0000000080005350 (0x83ce78cb) f17 0x7ff8000000000000
core   0: 0x0000000080005354 (0x4035d9b3) sra     s3, a1, gp
core   0: 1 0x0000000080005354 (0x4035d9b3) x19 0x000000003400d4f3
core   0: 0x0000000080005358 (0x401b78d3) fcvt.s.d fa7, fs6
core   0: 1 0x0000000080005358 (0x401b78d3) f17 0xffffffff7fc00000
core   0: 0x000000008000535c (0x0266c13b) divw    sp, a3, t1
core   0: 1 0x000000008000535c (0x0266c13b) x2  0xffffffffffffffff
core   0: 0x0000000080005360 (0x01f15a9b) srliw   s5, sp, 31
core   0: 1 0x0000000080005360 (0x01f15a9b) x21 0x0000000000000001
core   0: 0x0000000080005364 (0x022cd793) srli    a5, s9, 34
core   0: 1 0x0000000080005364 (0x022cd793) x15 0x0000000000000000
core   0: 0x0000000080005368 (0x030b1833) mulh    a6, s6, a6
core   0: 1 0x0000000080005368 (0x030b1833) x16 0x0000000000000000
core   0: 0x000000008000536c (0x02fae1bb) remw    gp, s5, a5
core   0: 1 0x000000008000536c (0x02fae1bb) x3  0x0000000000000001
core   0: 0x0000000080005370 (0x0138129b) slliw   t0, a6, 19
core   0: 1 0x0000000080005370 (0x0138129b) x5  0x0000000000000000
core   0: 0x0000000080005374 (0xd2098e53) fcvt.d.w ft8, s3
core   0: 1 0x0000000080005374 (0xd2098e53) f28 0x41ca006a79800000
core   0: 0x0000000080005378 (0xc20e79d3) fcvt.w.d s3, ft8
core   0: 1 0x0000000080005378 (0xc20e79d3) x19 0x000000003400d4f3
core   0: 0x000000008000537c (0x0b2977d3) fsub.d  fa5, fs2, fs2
core   0: 1 0x000000008000537c (0x0b2977d3) f15 0x7ff8000000000000
core   0: 0x0000000080005380 (0xc02e74d3) fcvt.l.s s1, ft8
core   0: 1 0x0000000080005380 (0xc02e74d3) c1_fflags 0x0000000000000010 x9  0x7fffffffffffffff
core   0: 0x0000000080005384 (0xb829b3f3) csrrc   t2, minstreth, s3
core   0: exception trap_illegal_instruction, epc 0x0000000080005384
core   0:           tval 0x00000000b829b3f3
core   0: >>>>  $xrv64i2p1_m2p0_a2p1_f2p2_d2p2_zicsr2p0_zifencei2p0_zmmul1p0_zba1p0_zbb1p0_zbc1p0_zbs1p0
core   0: 0x0000000080004000 (0x0080006f) j       pc + 0x8
core   0: 3 0x0000000080004000 (0x0080006f)
core   0: >>>>  mmode_exception_handler
core   0: 0x0000000080004008 (0x00002c17) auipc   s8, 0x2
core   0: 3 0x0000000080004008 (0x00002c17) x24 0x0000000080006008
core   0: 0x000000008000400c (0x0bcc0c13) addi    s8, s8, 188
core   0: 3 0x000000008000400c (0x0bcc0c13) x24 0x00000000800060c4
core   0: 0x0000000080004010 (0x000c00e7) jalr    s8
core   0: 3 0x0000000080004010 (0x000c00e7) x1  0x0000000080004014
core   0: >>>>  any_handler
core   0: 0x00000000800060c4 (0x341027f3) csrrs   a5, mepc, zero
core   0: 3 0x00000000800060c4 (0x341027f3) x15 0x0000000080005384
core   0: 0x00000000800060c8 (0x34202773) csrrs   a4, mcause, zero
core   0: 3 0x00000000800060c8 (0x34202773) x14 0x0000000000000002
core   0: 0x00000000800060cc (0x142026f3) csrrs   a3, scause, zero
core   0: 3 0x00000000800060cc (0x142026f3) x13 0x0000000000000000
core   0: 0x00000000800060d0 (0x30402673) csrrs   a2, mie, zero
core   0: 3 0x00000000800060d0 (0x30402673) x12 0x0000000000000a00
core   0: 0x00000000800060d4 (0x344025f3) csrrs   a1, mip, zero
core   0: 3 0x00000000800060d4 (0x344025f3) x11 0x0000000000000080
core   0: 0x00000000800060d8 (0x343025f3) csrrs   a1, mtval, zero
core   0: 3 0x00000000800060d8 (0x343025f3) x11 0x00000000b829b3f3
core   0: 0x00000000800060dc (0x14302573) csrrs   a0, stval, zero
core   0: 3 0x00000000800060dc (0x14302573) x10 0x0000000000000000
core   0: 0x00000000800060e0 (0xb02024f3) csrrs   s1, minstret, zero
core   0: 3 0x00000000800060e0 (0xb02024f3) x9  0x0000000000000df5
core   0: 0x00000000800060e4 (0x0000a811) c.j     pc + 20
core   0: 3 0x00000000800060e4 (0xa811)
core   0: >>>>  mepc_4
core   0: 0x00000000800060f8 (0x00000791) c.addi  a5, 4
core   0: 3 0x00000000800060f8 (0x0791) x15 0x0000000080005388
core   0: 0x00000000800060fa (0x34179073) csrrw   zero, mepc, a5
core   0: 3 0x00000000800060fa (0x34179073) c833_mepc 0x0000000080005388
core   0: 0x00000000800060fe (0x30200073) mret
core   0: 3 0x00000000800060fe (0x30200073) c768_mstatus 0x8000000a00106080
core   0: 0x0000000080005388 (0x420e04d3) fcvt.d.s fs1, ft8
core   0: 1 0x0000000080005388 (0x420e04d3) f9  0x7ff8000000000000
core   0: 0x000000008000538c (0xd2048c53) fcvt.d.w fs8, s1
core   0: 1 0x000000008000538c (0xd2048c53) f24 0x40abea0000000000
core   0: 0x0000000080005390 (0x0092833b) addw    t1, t0, s1
core   0: 1 0x0000000080005390 (0x0092833b) x6  0x0000000000000df5
core   0: 0x0000000080005394 (0x00535d13) srli    s10, t1, 5
core   0: 1 0x0000000080005394 (0x00535d13) x26 0x000000000000006f
core   0: 0x0000000080005398 (0x02495c3b) divuw   s8, s2, tp
core   0: 1 0x0000000080005398 (0x02495c3b) x24 0xffffffffffffffff
core   0: 0x000000008000539c (0x02721337) lui     t1, 0x2721
core   0: 1 0x000000008000539c (0x02721337) x6  0x0000000002721000
core   0: 0x00000000800053a0 (0x87f3031b) addiw   t1, t1, -1921
core   0: 1 0x00000000800053a0 (0x87f3031b) x6  0x000000000272087f
core   0: 0x00000000800053a4 (0x00000336) c.slli  t1, 13
core   0: 1 0x00000000800053a4 (0x0336) x6  0x0000004e410fe000
core   0: 0x00000000800053a6 (0x00000355) c.addi  t1, 21
core   0: 1 0x00000000800053a6 (0x0355) x6  0x0000004e410fe015
core   0: 0x00000000800053a8 (0x030664bb) remw    s1, a2, a6
core   0: 1 0x00000000800053a8 (0x030664bb) x9  0x0000000000000a00
core   0: 0x00000000800053ac (0x40cb5b33) sra     s6, s6, a2
core   0: 1 0x00000000800053ac (0x40cb5b33) x22 0x0000000000000000
core   0: 0x00000000800053b0 (0x001024f3) csrrs   s1, fflags, zero
core   0: 1 0x00000000800053b0 (0x001024f3) x9  0x0000000000000010
core   0: 0x00000000800053b4 (0x006496bb) sllw    a3, s1, t1
core   0: 1 0x00000000800053b4 (0x006496bb) x13 0x0000000002000000
core   0: 0x00000000800053b8 (0x03fdd793) srli    a5, s11, 63
core   0: 1 0x00000000800053b8 (0x03fdd793) x15 0x0000000000000000
core   0: 0x00000000800053bc (0x003191b3) sll     gp, gp, gp
core   0: 1 0x00000000800053bc (0x003191b3) x3  0x0000000000000002
core   0: 0x00000000800053c0 (0x0ff0000f) fence   iorw,iorw
core   0: 1 0x00000000800053c0 (0x0ff0000f)
core   0: 0x00000000800053c4 (0x00009509) c.srai  a0, 34
core   0: 1 0x00000000800053c4 (0x9509) x10 0x0000000000000000
core   0: 0x00000000800053c6 (0x0207fc3b) remuw   s8, a5, zero
core   0: 1 0x00000000800053c6 (0x0207fc3b) x24 0x0000000000000000
core   0: 0x00000000800053ca (0x00000001) c.nop
core   0: 1 0x00000000800053ca (0x0001)
core   0: 0x00000000800053cc (0x0167e633) or      a2, a5, s6
core   0: 1 0x00000000800053cc (0x0167e633) x12 0x0000000000000000
core   0: 0x00000000800053d0 (0x2b410353) fmin.d  ft6, ft2, fs4
core   0: 1 0x00000000800053d0 (0x2b410353) f6  0x7ff8000000000000
core   0: 0x00000000800053d4 (0x01eb511b) srliw   sp, s6, 30
core   0: 1 0x00000000800053d4 (0x01eb511b) x2  0x0000000000000000
core   0: 0x00000000800053d8 (0xf13ff773) csrrci  a4, mimpid, 31
core   0: exception trap_illegal_instruction, epc 0x00000000800053d8
core   0:           tval 0x00000000f13ff773
core   0: >>>>  $xrv64i2p1_m2p0_a2p1_f2p2_d2p2_zicsr2p0_zifencei2p0_zmmul1p0_zba1p0_zbb1p0_zbc1p0_zbs1p0
core   0: 0x0000000080004000 (0x0080006f) j       pc + 0x8
core   0: 3 0x0000000080004000 (0x0080006f)
core   0: >>>>  mmode_exception_handler
core   0: 0x0000000080004008 (0x00002c17) auipc   s8, 0x2
core   0: 3 0x0000000080004008 (0x00002c17) x24 0x0000000080006008
core   0: 0x000000008000400c (0x0bcc0c13) addi    s8, s8, 188
core   0: 3 0x000000008000400c (0x0bcc0c13) x24 0x00000000800060c4
core   0: 0x0000000080004010 (0x000c00e7) jalr    s8
core   0: 3 0x0000000080004010 (0x000c00e7) x1  0x0000000080004014
core   0: >>>>  any_handler
core   0: 0x00000000800060c4 (0x341027f3) csrrs   a5, mepc, zero
core   0: 3 0x00000000800060c4 (0x341027f3) x15 0x00000000800053d8
core   0: 0x00000000800060c8 (0x34202773) csrrs   a4, mcause, zero
core   0: 3 0x00000000800060c8 (0x34202773) x14 0x0000000000000002
core   0: 0x00000000800060cc (0x142026f3) csrrs   a3, scause, zero
core   0: 3 0x00000000800060cc (0x142026f3) x13 0x0000000000000000
core   0: 0x00000000800060d0 (0x30402673) csrrs   a2, mie, zero
core   0: 3 0x00000000800060d0 (0x30402673) x12 0x0000000000000a00
core   0: 0x00000000800060d4 (0x344025f3) csrrs   a1, mip, zero
core   0: 3 0x00000000800060d4 (0x344025f3) x11 0x0000000000000080
core   0: 0x00000000800060d8 (0x343025f3) csrrs   a1, mtval, zero
core   0: 3 0x00000000800060d8 (0x343025f3) x11 0x00000000f13ff773
core   0: 0x00000000800060dc (0x14302573) csrrs   a0, stval, zero
core   0: 3 0x00000000800060dc (0x14302573) x10 0x0000000000000000
core   0: 0x00000000800060e0 (0xb02024f3) csrrs   s1, minstret, zero
core   0: 3 0x00000000800060e0 (0xb02024f3) x9  0x0000000000000e1b
core   0: 0x00000000800060e4 (0x0000a811) c.j     pc + 20
core   0: 3 0x00000000800060e4 (0xa811)
core   0: >>>>  mepc_4
core   0: 0x00000000800060f8 (0x00000791) c.addi  a5, 4
core   0: 3 0x00000000800060f8 (0x0791) x15 0x00000000800053dc
core   0: 0x00000000800060fa (0x34179073) csrrw   zero, mepc, a5
core   0: 3 0x00000000800060fa (0x34179073) c833_mepc 0x00000000800053dc
core   0: 0x00000000800060fe (0x30200073) mret
core   0: 3 0x00000000800060fe (0x30200073) c768_mstatus 0x8000000a00106080
core   0: 0x00000000800053dc (0x2bde9cd3) fmax.d  fs9, ft9, ft9
core   0: 1 0x00000000800053dc (0x2bde9cd3) f25 0x7ff8000000000000
core   0: 0x00000000800053e0 (0x00261a33) sll     s4, a2, sp
core   0: 1 0x00000000800053e0 (0x00261a33) x20 0x0000000000000a00
core   0: 0x00000000800053e4 (0x00e9c633) xor     a2, s3, a4
core   0: 1 0x00000000800053e4 (0x00e9c633) x12 0x000000003400d4f1
core   0: 0x00000000800053e8 (0x42048853) fcvt.d.s fa6, fs1
core   0: 1 0x00000000800053e8 (0x42048853) f16 0x7ff8000000000000
core   0: 0x00000000800053ec (0x0316a533) mulhsu  a0, a3, a7
core   0: 1 0x00000000800053ec (0x0316a533) x10 0x0000000000000000
core   0: 0x00000000800053f0 (0x827e7e43) fmadd.d ft8, ft8, ft7, fa6
core   0: 1 0x00000000800053f0 (0x827e7e43) f28 0x7ff8000000000000
core   0: 0x00000000800053f4 (0x0092523b) srlw    tp, tp, s1
core   0: 1 0x00000000800053f4 (0x0092523b) x4  0x0000000000000000
core   0: 0x00000000800053f8 (0x014b7c37) lui     s8, 0x14b7
core   0: 1 0x00000000800053f8 (0x014b7c37) x24 0x00000000014b7000
core   0: 0x00000000800053fc (0x485c0c1b) addiw   s8, s8, 1157
core   0: 1 0x00000000800053fc (0x485c0c1b) x24 0x00000000014b7485
core   0: 0x0000000080005400 (0x00000c36) c.slli  s8, 13
core   0: 1 0x0000000080005400 (0x0c36) x24 0x000000296e90a000
core   0: 0x0000000080005402 (0xb68c0c13) addi    s8, s8, -1176
core   0: 1 0x0000000080005402 (0xb68c0c13) x24 0x000000296e909b68
core   0: 0x0000000080005406 (0x00121273) csrrw   tp, fflags, tp
core   0: 1 0x0000000080005406 (0x00121273) x4  0x0000000000000010 c1_fflags 0x0000000000000000
core   0: 0x000000008000540a (0x001690f3) csrrw   ra, fflags, a3
core   0: 1 0x000000008000540a (0x001690f3) x1  0x0000000000000000 c1_fflags 0x0000000000000000
core   0: 0x000000008000540e (0xfff26e93) ori     t4, tp, -1
core   0: 1 0x000000008000540e (0xfff26e93) x29 0xffffffffffffffff
core   0: 0x0000000080005412 (0x031dd9bb) divuw   s3, s11, a7
core   0: 1 0x0000000080005412 (0x031dd9bb) x19 0xffffffffffffffff
core   0: 0x0000000080005416 (0xc2197953) fcvt.wu.d s2, fs2
core   0: 1 0x0000000080005416 (0xc2197953) c1_fflags 0x0000000000000010 x18 0xffffffffffffffff
core   0: 0x000000008000541a (0x142fd7f3) csrrwi  a5, scause, 31
core   0: 1 0x000000008000541a (0x142fd7f3) x15 0x0000000000000000 c322_scause 0x000000000000001f
core   0: 0x000000008000541e (0x000b1193) slli    gp, s6, 0
core   0: 1 0x000000008000541e (0x000b1193) x3  0x0000000000000000
core   0: 0x0000000080005422 (0x01f7db9b) srliw   s7, a5, 31
core   0: 1 0x0000000080005422 (0x01f7db9b) x23 0x0000000000000000
core   0: 0x0000000080005426 (0x63f3d8b7) lui     a7, 0x63f3d
core   0: 1 0x0000000080005426 (0x63f3d8b7) x17 0x0000000063f3d000
core   0: 0x000000008000542a (0xf20b8bd3) fmv.d.x fs7, s7
core   0: 1 0x000000008000542a (0xf20b8bd3) f23 0x0000000000000000
core   0: 0x000000008000542e (0x412b8233) sub     tp, s7, s2
core   0: 1 0x000000008000542e (0x412b8233) x4  0x0000000000000001
core   0: 0x0000000080005432 (0x0223a033) mulhsu  zero, t2, sp
core   0: 1 0x0000000080005432 (0x0223a033)
core   0: 0x0000000080005436 (0x001d1bf3) csrrw   s7, fflags, s10
core   0: 1 0x0000000080005436 (0x001d1bf3) x23 0x0000000000000010 c1_fflags 0x000000000000000f
core   0: 0x000000008000543a (0xc2107353) fcvt.wu.d t1, ft0
core   0: 1 0x000000008000543a (0xc2107353) x6  0x000000007fffffff
core   0: 0x000000008000543e (0xe20f8453) fmv.x.d s0, ft11
core   0: 1 0x000000008000543e (0xe20f8453) x8  0x000000007fffffff
core   0: 0x0000000080005442 (0x00f25bbb) srlw    s7, tp, a5
core   0: 1 0x0000000080005442 (0x00f25bbb) x23 0x0000000000000001
core   0: 0x0000000080005446 (0x23fe9ed3) fsgnjn.d ft9, ft9, ft11
core   0: 1 0x0000000080005446 (0x23fe9ed3) f29 0xfff8000000000000
core   0: 0x000000008000544a (0x0a1b73d3) fsub.d  ft7, fs6, ft1
core   0: 1 0x000000008000544a (0x0a1b73d3) f7  0x7ff8000000000000
core   0: 0x000000008000544e (0x00525d9b) srliw   s11, tp, 5
core   0: 1 0x000000008000544e (0x00525d9b) x27 0x0000000000000000
core   0: 0x0000000080005452 (0x2a8d1453) fmax.d  fs0, fs10, fs0
core   0: 1 0x0000000080005452 (0x2a8d1453) f8  0x0000000000000000
core   0: 0x0000000080005456 (0xf20d8bd3) fmv.d.x fs7, s11
core   0: 1 0x0000000080005456 (0xf20d8bd3) f23 0x0000000000000000
core   0: 0x000000008000545a (0x034dfa3b) remuw   s4, s11, s4
core   0: 1 0x000000008000545a (0x034dfa3b) x20 0x0000000000000000
core   0: 0x000000008000545e (0x00c65e3b) srlw    t3, a2, a2
core   0: 1 0x000000008000545e (0x00c65e3b) x28 0x0000000000001a00
core   0: 0x0000000080005462 (0x0ff0000f) fence   iorw,iorw
core   0: 1 0x0000000080005462 (0x0ff0000f)
core   0: 0x0000000080005466 (0x23ae9ed3) fsgnjn.d ft9, ft9, fs10
core   0: 1 0x0000000080005466 (0x23ae9ed3) f29 0xfff8000000000000
core   0: 0x000000008000546a (0xfffe6d93) ori     s11, t3, -1
core   0: 1 0x000000008000546a (0xfffe6d93) x27 0xffffffffffffffff
core   0: 0x000000008000546e (0xd2158f53) fcvt.d.wu ft10, a1
core   0: 1 0x000000008000546e (0xd2158f53) f30 0x41ee27feee600000
core   0: 0x0000000080005472 (0x5a0ff1d3) fsqrt.d ft3, ft11
core   0: 1 0x0000000080005472 (0x5a0ff1d3) c1_fflags 0x000000000000000f f3  0x1f56a09e66689b2e
core   0: 0x0000000080005476 (0x00000001) c.nop
core   0: 1 0x0000000080005476 (0x0001)
core   0: 0x0000000080005478 (0x40025413) srai    s0, tp, 0
core   0: 1 0x0000000080005478 (0x40025413) x8  0x0000000000000001
core   0: 0x000000008000547c (0x401d5d1b) sraiw   s10, s10, 1
core   0: 1 0x000000008000547c (0x401d5d1b) x26 0x0000000000000037
core   0: 0x0000000080005480 (0xf14d7173) csrrci  sp, mhartid, 26
core   0: exception trap_illegal_instruction, epc 0x0000000080005480
core   0:           tval 0x00000000f14d7173
core   0: >>>>  $xrv64i2p1_m2p0_a2p1_f2p2_d2p2_zicsr2p0_zifencei2p0_zmmul1p0_zba1p0_zbb1p0_zbc1p0_zbs1p0
core   0: 0x0000000080004000 (0x0080006f) j       pc + 0x8
core   0: 3 0x0000000080004000 (0x0080006f)
core   0: >>>>  mmode_exception_handler
core   0: 0x0000000080004008 (0x00002c17) auipc   s8, 0x2
core   0: 3 0x0000000080004008 (0x00002c17) x24 0x0000000080006008
core   0: 0x000000008000400c (0x0bcc0c13) addi    s8, s8, 188
core   0: 3 0x000000008000400c (0x0bcc0c13) x24 0x00000000800060c4
core   0: 0x0000000080004010 (0x000c00e7) jalr    s8
core   0: 3 0x0000000080004010 (0x000c00e7) x1  0x0000000080004014
core   0: >>>>  any_handler
core   0: 0x00000000800060c4 (0x341027f3) csrrs   a5, mepc, zero
core   0: 3 0x00000000800060c4 (0x341027f3) x15 0x0000000080005480
core   0: 0x00000000800060c8 (0x34202773) csrrs   a4, mcause, zero
core   0: 3 0x00000000800060c8 (0x34202773) x14 0x0000000000000002
core   0: 0x00000000800060cc (0x142026f3) csrrs   a3, scause, zero
core   0: 3 0x00000000800060cc (0x142026f3) x13 0x000000000000001f
core   0: 0x00000000800060d0 (0x30402673) csrrs   a2, mie, zero
core   0: 3 0x00000000800060d0 (0x30402673) x12 0x0000000000000a00
core   0: 0x00000000800060d4 (0x344025f3) csrrs   a1, mip, zero
core   0: 3 0x00000000800060d4 (0x344025f3) x11 0x0000000000000080
core   0: 0x00000000800060d8 (0x343025f3) csrrs   a1, mtval, zero
core   0: 3 0x00000000800060d8 (0x343025f3) x11 0x00000000f14d7173
core   0: 0x00000000800060dc (0x14302573) csrrs   a0, stval, zero
core   0: 3 0x00000000800060dc (0x14302573) x10 0x0000000000000000
core   0: 0x00000000800060e0 (0xb02024f3) csrrs   s1, minstret, zero
core   0: 3 0x00000000800060e0 (0xb02024f3) x9  0x0000000000000e55
core   0: 0x00000000800060e4 (0x0000a811) c.j     pc + 20
core   0: 3 0x00000000800060e4 (0xa811)
core   0: >>>>  mepc_4
core   0: 0x00000000800060f8 (0x00000791) c.addi  a5, 4
core   0: 3 0x00000000800060f8 (0x0791) x15 0x0000000080005484
core   0: 0x00000000800060fa (0x34179073) csrrw   zero, mepc, a5
core   0: 3 0x00000000800060fa (0x34179073) c833_mepc 0x0000000080005484
core   0: 0x00000000800060fe (0x30200073) mret
core   0: 3 0x00000000800060fe (0x30200073) c768_mstatus 0x8000000a00106080
core   0: 0x0000000080005484 (0x022145bb) divw    a1, sp, sp
core   0: 1 0x0000000080005484 (0x022145bb) x11 0xffffffffffffffff
core   0: 0x0000000080005488 (0x40228e3b) subw    t3, t0, sp
core   0: 1 0x0000000080005488 (0x40228e3b) x28 0x0000000000000000
core   0: 0x000000008000548c (0x03de613b) remw    sp, t3, t4
core   0: 1 0x000000008000548c (0x03de613b) x2  0x0000000000000000
core   0: 0x0000000080005490 (0x01711013) slli    zero, sp, 23
core   0: 1 0x0000000080005490 (0x01711013)
core   0: 0x0000000080005494 (0x02fb75bb) remuw   a1, s6, a5
core   0: 1 0x0000000080005494 (0x02fb75bb) x11 0x0000000000000000
core   0: 0x0000000080005498 (0x223f07d3) fsgnj.d fa5, ft10, ft3
core   0: 1 0x0000000080005498 (0x223f07d3) f15 0x41ee27feee600000
core   0: 0x000000008000549c (0x0195d23b) srlw    tp, a1, s9
core   0: 1 0x000000008000549c (0x0195d23b) x4  0x0000000000000000
core   0: 0x00000000800054a0 (0xd2217253) fcvt.d.l ft4, sp
core   0: 1 0x00000000800054a0 (0xd2217253) f4  0x0000000000000000
core   0: 0x00000000800054a4 (0x5df72a17) auipc   s4, 0x5df72
core   0: 1 0x00000000800054a4 (0x5df72a17) x20 0x00000000ddf774a4
core   0: 0x00000000800054a8 (0x036143b3) div     t2, sp, s6
core   0: 1 0x00000000800054a8 (0x036143b3) x7  0xffffffffffffffff
core   0: 0x00000000800054ac (0xc21cf153) fcvt.wu.d sp, fs9
core   0: 1 0x00000000800054ac (0xc21cf153) c1_fflags 0x000000000000001f x2  0xffffffffffffffff
core   0: 0x00000000800054b0 (0x70c7029b) addiw   t0, a4, 1804
core   0: 1 0x00000000800054b0 (0x70c7029b) x5  0x000000000000070e
core   0: 0x00000000800054b4 (0x23bdfdcf) fnmadd.d fs11, fs11, fs11, ft4
core   0: 1 0x00000000800054b4 (0x23bdfdcf) f27 0x7ff8000000000000
core   0: 0x00000000800054b8 (0x22521753) fsgnjn.d fa4, ft4, ft5
core   0: 1 0x00000000800054b8 (0x22521753) f14 0x8000000000000000
core   0: 0x00000000800054bc (0x0095191b) slliw   s2, a0, 9
core   0: 1 0x00000000800054bc (0x0095191b) x18 0x0000000000000000
core   0: 0x00000000800054c0 (0x1b097753) fdiv.d  fa4, fs2, fa6
core   0: 1 0x00000000800054c0 (0x1b097753) f14 0x7ff8000000000000
core   0: 0x00000000800054c4 (0xf233e093) ori     ra, t2, -221
core   0: 1 0x00000000800054c4 (0xf233e093) x1  0xffffffffffffffff
core   0: 0x00000000800054c8 (0xc030bef3) csrrc   t4, hpmcounter3, ra
core   0: exception trap_illegal_instruction, epc 0x00000000800054c8
core   0:           tval 0x00000000c030bef3
core   0: >>>>  $xrv64i2p1_m2p0_a2p1_f2p2_d2p2_zicsr2p0_zifencei2p0_zmmul1p0_zba1p0_zbb1p0_zbc1p0_zbs1p0
core   0: 0x0000000080004000 (0x0080006f) j       pc + 0x8
core   0: 3 0x0000000080004000 (0x0080006f)
core   0: >>>>  mmode_exception_handler
core   0: 0x0000000080004008 (0x00002c17) auipc   s8, 0x2
core   0: 3 0x0000000080004008 (0x00002c17) x24 0x0000000080006008
core   0: 0x000000008000400c (0x0bcc0c13) addi    s8, s8, 188
core   0: 3 0x000000008000400c (0x0bcc0c13) x24 0x00000000800060c4
core   0: 0x0000000080004010 (0x000c00e7) jalr    s8
core   0: 3 0x0000000080004010 (0x000c00e7) x1  0x0000000080004014
core   0: >>>>  any_handler
core   0: 0x00000000800060c4 (0x341027f3) csrrs   a5, mepc, zero
core   0: 3 0x00000000800060c4 (0x341027f3) x15 0x00000000800054c8
core   0: 0x00000000800060c8 (0x34202773) csrrs   a4, mcause, zero
core   0: 3 0x00000000800060c8 (0x34202773) x14 0x0000000000000002
core   0: 0x00000000800060cc (0x142026f3) csrrs   a3, scause, zero
core   0: 3 0x00000000800060cc (0x142026f3) x13 0x000000000000001f
core   0: 0x00000000800060d0 (0x30402673) csrrs   a2, mie, zero
core   0: 3 0x00000000800060d0 (0x30402673) x12 0x0000000000000a00
core   0: 0x00000000800060d4 (0x344025f3) csrrs   a1, mip, zero
core   0: 3 0x00000000800060d4 (0x344025f3) x11 0x0000000000000080
core   0: 0x00000000800060d8 (0x343025f3) csrrs   a1, mtval, zero
core   0: 3 0x00000000800060d8 (0x343025f3) x11 0x00000000c030bef3
core   0: 0x00000000800060dc (0x14302573) csrrs   a0, stval, zero
core   0: 3 0x00000000800060dc (0x14302573) x10 0x0000000000000000
core   0: 0x00000000800060e0 (0xb02024f3) csrrs   s1, minstret, zero
core   0: 3 0x00000000800060e0 (0xb02024f3) x9  0x0000000000000e76
core   0: 0x00000000800060e4 (0x0000a811) c.j     pc + 20
core   0: 3 0x00000000800060e4 (0xa811)
core   0: >>>>  mepc_4
core   0: 0x00000000800060f8 (0x00000791) c.addi  a5, 4
core   0: 3 0x00000000800060f8 (0x0791) x15 0x00000000800054cc
core   0: 0x00000000800060fa (0x34179073) csrrw   zero, mepc, a5
core   0: 3 0x00000000800060fa (0x34179073) c833_mepc 0x00000000800054cc
core   0: 0x00000000800060fe (0x30200073) mret
core   0: 3 0x00000000800060fe (0x30200073) c768_mstatus 0x8000000a00106080
core   0: 0x00000000800054cc (0x0007939b) slliw   t2, a5, 0
core   0: 1 0x00000000800054cc (0x0007939b) x7  0xffffffff800054cc
core   0: 0x00000000800054d0 (0xd02efdd3) fcvt.s.l fs11, t4
core   0: 1 0x00000000800054d0 (0xd02efdd3) f27 0xffffffffbf800000
core   0: 0x00000000800054d4 (0x01e7571b) srliw   a4, a4, 30
core   0: 1 0x00000000800054d4 (0x01e7571b) x14 0x0000000000000000
core   0: 0x00000000800054d8 (0xc036f8d3) fcvt.lu.s a7, fa3
core   0: 1 0x00000000800054d8 (0xc036f8d3) c1_fflags 0x000000000000001f x17 0xffffffffffffffff
core   0: 0x00000000800054dc (0x4293734f) fnmadd.d ft6, ft6, fs1, fs0
core   0: 1 0x00000000800054dc (0x4293734f) f6  0x7ff8000000000000
core   0: 0x00000000800054e0 (0x0085149b) slliw   s1, a0, 8
core   0: 1 0x00000000800054e0 (0x0085149b) x9  0x0000000000000000
core   0: 0x00000000800054e4 (0x2bdb1753) fmax.d  fa4, fs6, ft9
core   0: 1 0x00000000800054e4 (0x2bdb1753) f14 0x7ff8000000000000
core   0: 0x00000000800054e8 (0x02c416b3) mulh    a3, s0, a2
core   0: 1 0x00000000800054e8 (0x02c416b3) x13 0x0000000000000000
core   0: 0x00000000800054ec (0x002021f3) csrrs   gp, frm, zero
core   0: 1 0x00000000800054ec (0x002021f3) x3  0x0000000000000000
core   0: 0x00000000800054f0 (0x00e2da3b) srlw    s4, t0, a4
core   0: 1 0x00000000800054f0 (0x00e2da3b) x20 0x000000000000070e
core   0: 0x00000000800054f4 (0x0106579b) srliw   a5, a2, 16
core   0: 1 0x00000000800054f4 (0x0106579b) x15 0x0000000000000000
core   0: 0x00000000800054f8 (0x41878abb) subw    s5, a5, s8
core   0: 1 0x00000000800054f8 (0x41878abb) x21 0x000000007fff9f3c
core   0: 0x00000000800054fc (0xa3de8d53) fle.d   s10, ft9, ft9
core   0: 1 0x00000000800054fc (0xa3de8d53) c1_fflags 0x000000000000001f x26 0x0000000000000000
core   0: 0x0000000080005500 (0x02d0d0bb) divuw   ra, ra, a3
core   0: 1 0x0000000080005500 (0x02d0d0bb) x1  0xffffffffffffffff
core   0: 0x0000000080005504 (0x00d2f033) and     zero, t0, a3
core   0: 1 0x0000000080005504 (0x00d2f033)
core   0: 0x0000000080005508 (0x4016f6d3) fcvt.s.d fa3, fa3
core   0: 1 0x0000000080005508 (0x4016f6d3) f13 0xffffffff7fc00000
core   0: 0x000000008000550c (0x5a00fc53) fsqrt.d fs8, ft1
core   0: 1 0x000000008000550c (0x5a00fc53) f24 0x7ff8000000000000
core   0: 0x0000000080005510 (0x012e1cbb) sllw    s9, t3, s2
core   0: 1 0x0000000080005510 (0x012e1cbb) x25 0x0000000000000000
core   0: 0x0000000080005514 (0x00000001) c.nop
core   0: 1 0x0000000080005514 (0x0001)
core   0: 0x0000000080005516 (0x01a003bb) addw    t2, zero, s10
core   0: 1 0x0000000080005516 (0x01a003bb) x7  0x0000000000000000
core   0: 0x000000008000551a (0x03244e3b) divw    t3, s0, s2
core   0: 1 0x000000008000551a (0x03244e3b) x28 0xffffffffffffffff
core   0: 0x000000008000551e (0x41d45a93) srai    s5, s0, 29
core   0: 1 0x000000008000551e (0x41d45a93) x21 0x0000000000000000
core   0: 0x0000000080005522 (0x004717bb) sllw    a5, a4, tp
core   0: 1 0x0000000080005522 (0x004717bb) x15 0x0000000000000000
core   0: 0x0000000080005526 (0x237b8453) fsgnj.d fs0, fs7, fs7
core   0: 1 0x0000000080005526 (0x237b8453) f8  0x0000000000000000
core   0: 0x000000008000552a (0x42090053) fcvt.d.s ft0, fs2
core   0: 1 0x000000008000552a (0x42090053) f0  0x0000000000000000
core   0: 0x000000008000552e (0x02dc96b3) mulh    a3, s9, a3
core   0: 1 0x000000008000552e (0x02dc96b3) x13 0x0000000000000000
core   0: 0x0000000080005532 (0x0ff0000f) fence   iorw,iorw
core   0: 1 0x0000000080005532 (0x0ff0000f)
core   0: 0x0000000080005536 (0x415786b3) sub     a3, a5, s5
core   0: 1 0x0000000080005536 (0x415786b3) x13 0x0000000000000000
core   0: 0x000000008000553a (0x0391e2b3) rem     t0, gp, s9
core   0: 1 0x000000008000553a (0x0391e2b3) x5  0x0000000000000000
core   0: 0x000000008000553e (0x000094fd) c.srai  s1, 63
core   0: 1 0x000000008000553e (0x94fd) x9  0x0000000000000000
core   0: 0x0000000080005540 (0x02cc7d33) remu    s10, s8, a2
core   0: 1 0x0000000080005540 (0x02cc7d33) x26 0x00000000000004c4
core   0: 0x0000000080005544 (0xdb448813) addi    a6, s1, -588
core   0: 1 0x0000000080005544 (0xdb448813) x16 0xfffffffffffffdb4
core   0: 0x0000000080005548 (0xd21606d3) fcvt.d.wu fa3, a2
core   0: 1 0x0000000080005548 (0xd21606d3) f13 0x40a4000000000000
core   0: 0x000000008000554c (0x2a63fdcf) fnmadd.d fs11, ft7, ft6, ft5
core   0: 1 0x000000008000554c (0x2a63fdcf) f27 0x7ff8000000000000
core   0: 0x0000000080005550 (0x53ca0a1b) addiw   s4, s4, 1340
core   0: 1 0x0000000080005550 (0x53ca0a1b) x20 0x0000000000000c4a
core   0: 0x0000000080005554 (0x02007c53) fadd.d  fs8, ft0, ft0
core   0: 1 0x0000000080005554 (0x02007c53) f24 0x0000000000000000
core   0: 0x0000000080005558 (0x22842353) fsgnjx.d ft6, fs0, fs0
core   0: 1 0x0000000080005558 (0x22842353) f6  0x0000000000000000
core   0: 0x000000008000555c (0xc80431f3) csrrc   gp, cycleh, s0
core   0: exception trap_illegal_instruction, epc 0x000000008000555c
core   0:           tval 0x00000000c80431f3
core   0: >>>>  $xrv64i2p1_m2p0_a2p1_f2p2_d2p2_zicsr2p0_zifencei2p0_zmmul1p0_zba1p0_zbb1p0_zbc1p0_zbs1p0
core   0: 0x0000000080004000 (0x0080006f) j       pc + 0x8
core   0: 3 0x0000000080004000 (0x0080006f)
core   0: >>>>  mmode_exception_handler
core   0: 0x0000000080004008 (0x00002c17) auipc   s8, 0x2
core   0: 3 0x0000000080004008 (0x00002c17) x24 0x0000000080006008
core   0: 0x000000008000400c (0x0bcc0c13) addi    s8, s8, 188
core   0: 3 0x000000008000400c (0x0bcc0c13) x24 0x00000000800060c4
core   0: 0x0000000080004010 (0x000c00e7) jalr    s8
core   0: 3 0x0000000080004010 (0x000c00e7) x1  0x0000000080004014
core   0: >>>>  any_handler
core   0: 0x00000000800060c4 (0x341027f3) csrrs   a5, mepc, zero
core   0: 3 0x00000000800060c4 (0x341027f3) x15 0x000000008000555c
core   0: 0x00000000800060c8 (0x34202773) csrrs   a4, mcause, zero
core   0: 3 0x00000000800060c8 (0x34202773) x14 0x0000000000000002
core   0: 0x00000000800060cc (0x142026f3) csrrs   a3, scause, zero
core   0: 3 0x00000000800060cc (0x142026f3) x13 0x000000000000001f
core   0: 0x00000000800060d0 (0x30402673) csrrs   a2, mie, zero
core   0: 3 0x00000000800060d0 (0x30402673) x12 0x0000000000000a00
core   0: 0x00000000800060d4 (0x344025f3) csrrs   a1, mip, zero
core   0: 3 0x00000000800060d4 (0x344025f3) x11 0x0000000000000080
core   0: 0x00000000800060d8 (0x343025f3) csrrs   a1, mtval, zero
core   0: 3 0x00000000800060d8 (0x343025f3) x11 0x00000000c80431f3
core   0: 0x00000000800060dc (0x14302573) csrrs   a0, stval, zero
core   0: 3 0x00000000800060dc (0x14302573) x10 0x0000000000000000
core   0: 0x00000000800060e0 (0xb02024f3) csrrs   s1, minstret, zero
core   0: 3 0x00000000800060e0 (0xb02024f3) x9  0x0000000000000eab
core   0: 0x00000000800060e4 (0x0000a811) c.j     pc + 20
core   0: 3 0x00000000800060e4 (0xa811)
core   0: >>>>  mepc_4
core   0: 0x00000000800060f8 (0x00000791) c.addi  a5, 4
core   0: 3 0x00000000800060f8 (0x0791) x15 0x0000000080005560
core   0: 0x00000000800060fa (0x34179073) csrrw   zero, mepc, a5
core   0: 3 0x00000000800060fa (0x34179073) c833_mepc 0x0000000080005560
core   0: 0x00000000800060fe (0x30200073) mret
core   0: 3 0x00000000800060fe (0x30200073) c768_mstatus 0x8000000a00106080
core   0: 0x0000000080005560 (0x00c2123b) sllw    tp, tp, a2
core   0: 1 0x0000000080005560 (0x00c2123b) x4  0x0000000000000000
core   0: 0x0000000080005564 (0x0048e8b3) or      a7, a7, tp
core   0: 1 0x0000000080005564 (0x0048e8b3) x17 0xffffffffffffffff
core   0: 0x0000000080005568 (0x01b4543b) srlw    s0, s0, s11
core   0: 1 0x0000000080005568 (0x01b4543b) x8  0x0000000000000000
core   0: 0x000000008000556c (0xd4c02293) slti    t0, zero, -692
core   0: 1 0x000000008000556c (0xd4c02293) x5  0x0000000000000000
core   0: 0x0000000080005570 (0x01511237) lui     tp, 0x1511
core   0: 1 0x0000000080005570 (0x01511237) x4  0x0000000001511000
core   0: 0x0000000080005574 (0x5172021b) addiw   tp, tp, 1303
core   0: 1 0x0000000080005574 (0x5172021b) x4  0x0000000001511517
core   0: 0x0000000080005578 (0x00000232) c.slli  tp, 12
core   0: 1 0x0000000080005578 (0x0232) x4  0x0000001511517000
core   0: 0x000000008000557a (0xba820213) addi    tp, tp, -1112
core   0: 1 0x000000008000557a (0xba820213) x4  0x0000001511516ba8
core   0: 0x000000008000557e (0x2bc603d3) fmin.d  ft7, fa2, ft8
core   0: 1 0x000000008000557e (0x2bc603d3) f7  0x7ff8000000000000
core   0: 0x0000000080005582 (0x008656bb) srlw    a3, a2, s0
core   0: 1 0x0000000080005582 (0x008656bb) x13 0x0000000000000a00
core   0: 0x0000000080005586 (0x004b523b) srlw    tp, s6, tp
core   0: 1 0x0000000080005586 (0x004b523b) x4  0x0000000000000000
core   0: 0x000000008000558a (0x005c5db3) srl     s11, s8, t0
core   0: 1 0x000000008000558a (0x005c5db3) x27 0x00000000800060c4
core   0: 0x000000008000558e (0x033cdcb3) divu    s9, s9, s3
core   0: 1 0x000000008000558e (0x033cdcb3) x25 0x0000000000000000
core   0: 0x0000000080005592 (0x2a197047) fmsub.d ft0, fs2, ft1, ft5
core   0: 1 0x0000000080005592 (0x2a197047) f0  0x7ff8000000000000
core   0: 0x0000000080005596 (0x00202bf3) csrrs   s7, frm, zero
core   0: 1 0x0000000080005596 (0x00202bf3) x23 0x0000000000000000
core   0: 0x000000008000559a (0x032b8c3b) mulw    s8, s7, s2
core   0: 1 0x000000008000559a (0x032b8c3b) x24 0x0000000000000000
core   0: 0x000000008000559e (0x13d6f6d3) fmul.d  fa3, fa3, ft9
core   0: 1 0x000000008000559e (0x13d6f6d3) f13 0x7ff8000000000000
core   0: 0x00000000800055a2 (0x03708c33) mul     s8, ra, s7
core   0: 1 0x00000000800055a2 (0x03708c33) x24 0x0000000000000000
core   0: 0x00000000800055a6 (0x5a01fcd3) fsqrt.d fs9, ft3
core   0: 1 0x00000000800055a6 (0x5a01fcd3) c1_fflags 0x000000000000001f f25 0x2fa306fe0a283396
core   0: 0x00000000800055aa (0x4b7774c7) fmsub.d fs1, fa4, fs7, fs1
core   0: 1 0x00000000800055aa (0x4b7774c7) f9  0x7ff8000000000000
core   0: 0x00000000800055ae (0xf157abf3) csrrs   s7, mconfigptr, a5
core   0: exception trap_illegal_instruction, epc 0x00000000800055ae
core   0:           tval 0x00000000f157abf3
core   0: >>>>  $xrv64i2p1_m2p0_a2p1_f2p2_d2p2_zicsr2p0_zifencei2p0_zmmul1p0_zba1p0_zbb1p0_zbc1p0_zbs1p0
core   0: 0x0000000080004000 (0x0080006f) j       pc + 0x8
core   0: 3 0x0000000080004000 (0x0080006f)
core   0: >>>>  mmode_exception_handler
core   0: 0x0000000080004008 (0x00002c17) auipc   s8, 0x2
core   0: 3 0x0000000080004008 (0x00002c17) x24 0x0000000080006008
core   0: 0x000000008000400c (0x0bcc0c13) addi    s8, s8, 188
core   0: 3 0x000000008000400c (0x0bcc0c13) x24 0x00000000800060c4
core   0: 0x0000000080004010 (0x000c00e7) jalr    s8
core   0: 3 0x0000000080004010 (0x000c00e7) x1  0x0000000080004014
core   0: >>>>  any_handler
core   0: 0x00000000800060c4 (0x341027f3) csrrs   a5, mepc, zero
core   0: 3 0x00000000800060c4 (0x341027f3) x15 0x00000000800055ae
core   0: 0x00000000800060c8 (0x34202773) csrrs   a4, mcause, zero
core   0: 3 0x00000000800060c8 (0x34202773) x14 0x0000000000000002
core   0: 0x00000000800060cc (0x142026f3) csrrs   a3, scause, zero
core   0: 3 0x00000000800060cc (0x142026f3) x13 0x000000000000001f
core   0: 0x00000000800060d0 (0x30402673) csrrs   a2, mie, zero
core   0: 3 0x00000000800060d0 (0x30402673) x12 0x0000000000000a00
core   0: 0x00000000800060d4 (0x344025f3) csrrs   a1, mip, zero
core   0: 3 0x00000000800060d4 (0x344025f3) x11 0x0000000000000080
core   0: 0x00000000800060d8 (0x343025f3) csrrs   a1, mtval, zero
core   0: 3 0x00000000800060d8 (0x343025f3) x11 0x00000000f157abf3
core   0: 0x00000000800060dc (0x14302573) csrrs   a0, stval, zero
core   0: 3 0x00000000800060dc (0x14302573) x10 0x0000000000000000
core   0: 0x00000000800060e0 (0xb02024f3) csrrs   s1, minstret, zero
core   0: 3 0x00000000800060e0 (0xb02024f3) x9  0x0000000000000ecf
core   0: 0x00000000800060e4 (0x0000a811) c.j     pc + 20
core   0: 3 0x00000000800060e4 (0xa811)
core   0: >>>>  mepc_4
core   0: 0x00000000800060f8 (0x00000791) c.addi  a5, 4
core   0: 3 0x00000000800060f8 (0x0791) x15 0x00000000800055b2
core   0: 0x00000000800060fa (0x34179073) csrrw   zero, mepc, a5
core   0: 3 0x00000000800060fa (0x34179073) c833_mepc 0x00000000800055b2
core   0: 0x00000000800060fe (0x30200073) mret
core   0: 3 0x00000000800060fe (0x30200073) c768_mstatus 0x8000000a00106080
core   0: 0x00000000800055b2 (0x000bd63b) srlw    a2, s7, zero
core   0: 1 0x00000000800055b2 (0x000bd63b) x12 0x0000000000000000
core   0: 0x00000000800055b6 (0x0ff0000f) fence   iorw,iorw
core   0: 1 0x00000000800055b6 (0x0ff0000f)
core   0: 0x00000000800055ba (0x22e705d3) fsgnj.d fa1, fa4, fa4
core   0: 1 0x00000000800055ba (0x22e705d3) f11 0x7ff8000000000000
core   0: 0x00000000800055be (0x40da0a3b) subw    s4, s4, a3
core   0: 1 0x00000000800055be (0x40da0a3b) x20 0x0000000000000c2b
core   0: 0x00000000800055c2 (0x40b2d133) sra     sp, t0, a1
core   0: 1 0x00000000800055c2 (0x40b2d133) x2  0x0000000000000000
core   0: 0x00000000800055c6 (0xf1106b73) csrrsi  s6, mvendorid, 0
core   0: exception trap_illegal_instruction, epc 0x00000000800055c6
core   0:           tval 0x00000000f1106b73
core   0: >>>>  $xrv64i2p1_m2p0_a2p1_f2p2_d2p2_zicsr2p0_zifencei2p0_zmmul1p0_zba1p0_zbb1p0_zbc1p0_zbs1p0
core   0: 0x0000000080004000 (0x0080006f) j       pc + 0x8
core   0: 3 0x0000000080004000 (0x0080006f)
core   0: >>>>  mmode_exception_handler
core   0: 0x0000000080004008 (0x00002c17) auipc   s8, 0x2
core   0: 3 0x0000000080004008 (0x00002c17) x24 0x0000000080006008
core   0: 0x000000008000400c (0x0bcc0c13) addi    s8, s8, 188
core   0: 3 0x000000008000400c (0x0bcc0c13) x24 0x00000000800060c4
core   0: 0x0000000080004010 (0x000c00e7) jalr    s8
core   0: 3 0x0000000080004010 (0x000c00e7) x1  0x0000000080004014
core   0: >>>>  any_handler
core   0: 0x00000000800060c4 (0x341027f3) csrrs   a5, mepc, zero
core   0: 3 0x00000000800060c4 (0x341027f3) x15 0x00000000800055c6
core   0: 0x00000000800060c8 (0x34202773) csrrs   a4, mcause, zero
core   0: 3 0x00000000800060c8 (0x34202773) x14 0x0000000000000002
core   0: 0x00000000800060cc (0x142026f3) csrrs   a3, scause, zero
core   0: 3 0x00000000800060cc (0x142026f3) x13 0x000000000000001f
core   0: 0x00000000800060d0 (0x30402673) csrrs   a2, mie, zero
core   0: 3 0x00000000800060d0 (0x30402673) x12 0x0000000000000a00
core   0: 0x00000000800060d4 (0x344025f3) csrrs   a1, mip, zero
core   0: 3 0x00000000800060d4 (0x344025f3) x11 0x0000000000000080
core   0: 0x00000000800060d8 (0x343025f3) csrrs   a1, mtval, zero
core   0: 3 0x00000000800060d8 (0x343025f3) x11 0x00000000f1106b73
core   0: 0x00000000800060dc (0x14302573) csrrs   a0, stval, zero
core   0: 3 0x00000000800060dc (0x14302573) x10 0x0000000000000000
core   0: 0x00000000800060e0 (0xb02024f3) csrrs   s1, minstret, zero
core   0: 3 0x00000000800060e0 (0xb02024f3) x9  0x0000000000000ee4
core   0: 0x00000000800060e4 (0x0000a811) c.j     pc + 20
core   0: 3 0x00000000800060e4 (0xa811)
core   0: >>>>  mepc_4
core   0: 0x00000000800060f8 (0x00000791) c.addi  a5, 4
core   0: 3 0x00000000800060f8 (0x0791) x15 0x00000000800055ca
core   0: 0x00000000800060fa (0x34179073) csrrw   zero, mepc, a5
core   0: 3 0x00000000800060fa (0x34179073) c833_mepc 0x00000000800055ca
core   0: 0x00000000800060fe (0x30200073) mret
core   0: 3 0x00000000800060fe (0x30200073) c768_mstatus 0x8000000a00106080
core   0: 0x00000000800055ca (0x00a80dbb) addw    s11, a6, a0
core   0: 1 0x00000000800055ca (0x00a80dbb) x27 0xfffffffffffffdb4
core   0: 0x00000000800055ce (0xc021f353) fcvt.l.s t1, ft3
core   0: 1 0x00000000800055ce (0xc021f353) c1_fflags 0x000000000000001f x6  0x7fffffffffffffff
core   0: 0x00000000800055d2 (0x0120563b) srlw    a2, zero, s2
core   0: 1 0x00000000800055d2 (0x0120563b) x12 0x0000000000000000
core   0: 0x00000000800055d6 (0x00202bf3) csrrs   s7, frm, zero
core   0: 1 0x00000000800055d6 (0x00202bf3) x23 0x0000000000000000
core   0: 0x00000000800055da (0x40ec5e1b) sraiw   t3, s8, 14
core   0: 1 0x00000000800055da (0x40ec5e1b) x28 0xfffffffffffe0001
core   0: 0x00000000800055de (0x01e7521b) srliw   tp, a4, 30
core   0: 1 0x00000000800055de (0x01e7521b) x4  0x0000000000000000
core   0: 0x00000000800055e2 (0x000756b3) srl     a3, a4, zero
core   0: 1 0x00000000800055e2 (0x000756b3) x13 0x0000000000000002
core   0: 0x00000000800055e6 (0x69d38893) addi    a7, t2, 1693
core   0: 1 0x00000000800055e6 (0x69d38893) x17 0x000000000000069d
core   0: 0x00000000800055ea (0xc035f653) fcvt.lu.s a2, fa1
core   0: 1 0x00000000800055ea (0xc035f653) c1_fflags 0x000000000000001f x12 0xffffffffffffffff
core   0: 0x00000000800055ee (0xc21773d3) fcvt.wu.d t2, fa4
core   0: 1 0x00000000800055ee (0xc21773d3) c1_fflags 0x000000000000001f x7  0xffffffffffffffff
core   0: 0x00000000800055f2 (0x00001c36) c.slli  s8, 45
core   0: 1 0x00000000800055f2 (0x1c36) x24 0x0c18800000000000
core   0: 0x00000000800055f4 (0x41c65d3b) sraw    s10, a2, t3
core   0: 1 0x00000000800055f4 (0x41c65d3b) x26 0xffffffffffffffff
core   0: 0x00000000800055f8 (0x0301b1b3) mulhu   gp, gp, a6
core   0: 1 0x00000000800055f8 (0x0301b1b3) x3  0x0000000000000000
core   0: 0x00000000800055fc (0xc225f6d3) fcvt.l.d a3, fa1
core   0: 1 0x00000000800055fc (0xc225f6d3) c1_fflags 0x000000000000001f x13 0x7fffffffffffffff
core   0: 0x0000000080005600 (0x0022f2b7) lui     t0, 0x22f
core   0: 1 0x0000000080005600 (0x0022f2b7) x5  0x000000000022f000
core   0: 0x0000000080005604 (0xcc92829b) addiw   t0, t0, -823
core   0: 1 0x0000000080005604 (0xcc92829b) x5  0x000000000022ecc9
core   0: 0x0000000080005608 (0x000002c6) c.slli  t0, 17
core   0: 1 0x0000000080005608 (0x02c6) x5  0x00000045d9920000
core   0: 0x000000008000560a (0x5f828293) addi    t0, t0, 1528
core   0: 1 0x000000008000560a (0x5f828293) x5  0x00000045d99205f8
core   0: 0x000000008000560e (0x41fed993) srai    s3, t4, 31
core   0: 1 0x000000008000560e (0x41fed993) x19 0xffffffffffffffff
core   0: 0x0000000080005612 (0xc21ff553) fcvt.wu.d a0, ft11
core   0: 1 0x0000000080005612 (0xc21ff553) c1_fflags 0x000000000000001f x10 0x0000000000000000
core   0: 0x0000000080005616 (0x30605a73) csrrwi  s4, mcounteren, 0
core   0: exception trap_illegal_instruction, epc 0x0000000080005616
core   0:           tval 0x0000000030605a73
core   0: >>>>  $xrv64i2p1_m2p0_a2p1_f2p2_d2p2_zicsr2p0_zifencei2p0_zmmul1p0_zba1p0_zbb1p0_zbc1p0_zbs1p0
core   0: 0x0000000080004000 (0x0080006f) j       pc + 0x8
core   0: 3 0x0000000080004000 (0x0080006f)
core   0: >>>>  mmode_exception_handler
core   0: 0x0000000080004008 (0x00002c17) auipc   s8, 0x2
core   0: 3 0x0000000080004008 (0x00002c17) x24 0x0000000080006008
core   0: 0x000000008000400c (0x0bcc0c13) addi    s8, s8, 188
core   0: 3 0x000000008000400c (0x0bcc0c13) x24 0x00000000800060c4
core   0: 0x0000000080004010 (0x000c00e7) jalr    s8
core   0: 3 0x0000000080004010 (0x000c00e7) x1  0x0000000080004014
core   0: >>>>  any_handler
core   0: 0x00000000800060c4 (0x341027f3) csrrs   a5, mepc, zero
core   0: 3 0x00000000800060c4 (0x341027f3) x15 0x0000000080005616
core   0: 0x00000000800060c8 (0x34202773) csrrs   a4, mcause, zero
core   0: 3 0x00000000800060c8 (0x34202773) x14 0x0000000000000002
core   0: 0x00000000800060cc (0x142026f3) csrrs   a3, scause, zero
core   0: 3 0x00000000800060cc (0x142026f3) x13 0x000000000000001f
core   0: 0x00000000800060d0 (0x30402673) csrrs   a2, mie, zero
core   0: 3 0x00000000800060d0 (0x30402673) x12 0x0000000000000a00
core   0: 0x00000000800060d4 (0x344025f3) csrrs   a1, mip, zero
core   0: 3 0x00000000800060d4 (0x344025f3) x11 0x0000000000000080
core   0: 0x00000000800060d8 (0x343025f3) csrrs   a1, mtval, zero
core   0: 3 0x00000000800060d8 (0x343025f3) x11 0x0000000030605a73
core   0: 0x00000000800060dc (0x14302573) csrrs   a0, stval, zero
core   0: 3 0x00000000800060dc (0x14302573) x10 0x0000000000000000
core   0: 0x00000000800060e0 (0xb02024f3) csrrs   s1, minstret, zero
core   0: 3 0x00000000800060e0 (0xb02024f3) x9  0x0000000000000f08
core   0: 0x00000000800060e4 (0x0000a811) c.j     pc + 20
core   0: 3 0x00000000800060e4 (0xa811)
core   0: >>>>  mepc_4
core   0: 0x00000000800060f8 (0x00000791) c.addi  a5, 4
core   0: 3 0x00000000800060f8 (0x0791) x15 0x000000008000561a
core   0: 0x00000000800060fa (0x34179073) csrrw   zero, mepc, a5
core   0: 3 0x00000000800060fa (0x34179073) c833_mepc 0x000000008000561a
core   0: 0x00000000800060fe (0x30200073) mret
core   0: 3 0x00000000800060fe (0x30200073) c768_mstatus 0x8000000a00106080
core   0: 0x000000008000561a (0x8a637047) fmsub.d ft0, ft6, ft6, fa7
core   0: 1 0x000000008000561a (0x8a637047) f0  0x7ff8000000000000
core   0: 0x000000008000561e (0x7b0df5cb) fnmsub.d fa1, fs11, fa6, fa5
core   0: 1 0x000000008000561e (0x7b0df5cb) f11 0x7ff8000000000000
core   0: 0x0000000080005622 (0x4013f753) fcvt.s.d fa4, ft7
core   0: 1 0x0000000080005622 (0x4013f753) f14 0xffffffff7fc00000
core   0: 0x0000000080005626 (0x0223f13b) remuw   sp, t2, sp
core   0: 1 0x0000000080005626 (0x0223f13b) x2  0xffffffffffffffff
core   0: 0x000000008000562a (0x40275333) sra     t1, a4, sp
core   0: 1 0x000000008000562a (0x40275333) x6  0x0000000000000000
core   0: 0x000000008000562e (0xc01ff2f3) csrrci  t0, time, 31
core   0: exception trap_illegal_instruction, epc 0x000000008000562e
core   0:           tval 0x00000000c01ff2f3
core   0: >>>>  $xrv64i2p1_m2p0_a2p1_f2p2_d2p2_zicsr2p0_zifencei2p0_zmmul1p0_zba1p0_zbb1p0_zbc1p0_zbs1p0
core   0: 0x0000000080004000 (0x0080006f) j       pc + 0x8
core   0: 3 0x0000000080004000 (0x0080006f)
core   0: >>>>  mmode_exception_handler
core   0: 0x0000000080004008 (0x00002c17) auipc   s8, 0x2
core   0: 3 0x0000000080004008 (0x00002c17) x24 0x0000000080006008
core   0: 0x000000008000400c (0x0bcc0c13) addi    s8, s8, 188
core   0: 3 0x000000008000400c (0x0bcc0c13) x24 0x00000000800060c4
core   0: 0x0000000080004010 (0x000c00e7) jalr    s8
core   0: 3 0x0000000080004010 (0x000c00e7) x1  0x0000000080004014
core   0: >>>>  any_handler
core   0: 0x00000000800060c4 (0x341027f3) csrrs   a5, mepc, zero
core   0: 3 0x00000000800060c4 (0x341027f3) x15 0x000000008000562e
core   0: 0x00000000800060c8 (0x34202773) csrrs   a4, mcause, zero
core   0: 3 0x00000000800060c8 (0x34202773) x14 0x0000000000000002
core   0: 0x00000000800060cc (0x142026f3) csrrs   a3, scause, zero
core   0: 3 0x00000000800060cc (0x142026f3) x13 0x000000000000001f
core   0: 0x00000000800060d0 (0x30402673) csrrs   a2, mie, zero
core   0: 3 0x00000000800060d0 (0x30402673) x12 0x0000000000000a00
core   0: 0x00000000800060d4 (0x344025f3) csrrs   a1, mip, zero
core   0: 3 0x00000000800060d4 (0x344025f3) x11 0x0000000000000080
core   0: 0x00000000800060d8 (0x343025f3) csrrs   a1, mtval, zero
core   0: 3 0x00000000800060d8 (0x343025f3) x11 0x00000000c01ff2f3
core   0: 0x00000000800060dc (0x14302573) csrrs   a0, stval, zero
core   0: 3 0x00000000800060dc (0x14302573) x10 0x0000000000000000
core   0: 0x00000000800060e0 (0xb02024f3) csrrs   s1, minstret, zero
core   0: 3 0x00000000800060e0 (0xb02024f3) x9  0x0000000000000f1d
core   0: 0x00000000800060e4 (0x0000a811) c.j     pc + 20
core   0: 3 0x00000000800060e4 (0xa811)
core   0: >>>>  mepc_4
core   0: 0x00000000800060f8 (0x00000791) c.addi  a5, 4
core   0: 3 0x00000000800060f8 (0x0791) x15 0x0000000080005632
core   0: 0x00000000800060fa (0x34179073) csrrw   zero, mepc, a5
core   0: 3 0x00000000800060fa (0x34179073) c833_mepc 0x0000000080005632
core   0: 0x00000000800060fe (0x30200073) mret
core   0: 3 0x00000000800060fe (0x30200073) c768_mstatus 0x8000000a00106080
core   0: 0x0000000080005632 (0x0062973b) sllw    a4, t0, t1
core   0: 1 0x0000000080005632 (0x0062973b) x14 0xffffffffd99205f8
core   0: 0x0000000080005636 (0x000c2033) slt     zero, s8, zero
core   0: 1 0x0000000080005636 (0x000c2033)
core   0: 0x000000008000563a (0x00d7173b) sllw    a4, a4, a3
core   0: 1 0x000000008000563a (0x00d7173b) x14 0x0000000000000000
core   0: 0x000000008000563e (0xd20a0d53) fcvt.d.w fs10, s4
core   0: 1 0x000000008000563e (0xd20a0d53) f26 0x40a8560000000000
core   0: 0x0000000080005642 (0xd23a77d3) fcvt.d.lu fa5, s4
core   0: 1 0x0000000080005642 (0xd23a77d3) f15 0x40a8560000000000
core   0: 0x0000000080005646 (0xd026f0d3) fcvt.s.l ft1, a3
core   0: 1 0x0000000080005646 (0xd026f0d3) f1  0xffffffff41f80000
core   0: 0x000000008000564a (0x00da551b) srliw   a0, s4, 13
core   0: 1 0x000000008000564a (0x00da551b) x10 0x0000000000000000
core   0: 0x000000008000564e (0x93dd7ec3) fmadd.d ft9, fs10, ft9, fs2
core   0: 1 0x000000008000564e (0x93dd7ec3) f29 0x7ff8000000000000
core   0: 0x0000000080005652 (0x0a68f0d3) fsub.d  ft1, fa7, ft6
core   0: 1 0x0000000080005652 (0x0a68f0d3) f1  0x7ff8000000000000
core   0: 0x0000000080005656 (0x2b1d17d3) fmax.d  fa5, fs10, fa7
core   0: 1 0x0000000080005656 (0x2b1d17d3) f15 0x40a8560000000000
core   0: 0x000000008000565a (0x415806bb) subw    a3, a6, s5
core   0: 1 0x000000008000565a (0x415806bb) x13 0xfffffffffffffdb4
core   0: 0x000000008000565e (0x40e48733) sub     a4, s1, a4
core   0: 1 0x000000008000565e (0x40e48733) x14 0x0000000000000f1d
core   0: 0x0000000080005662 (0x00a0c0b3) xor     ra, ra, a0
core   0: 1 0x0000000080005662 (0x00a0c0b3) x1  0x0000000080004014
core   0: 0x0000000080005666 (0xd03c77d3) fcvt.s.lu fa5, s8
core   0: 1 0x0000000080005666 (0xd03c77d3) c1_fflags 0x000000000000001f f15 0xffffffff4f000061
core   0: 0x000000008000566a (0x00e012b3) sll     t0, zero, a4
core   0: 1 0x000000008000566a (0x00e012b3) x5  0x0000000000000000
core   0: 0x000000008000566e (0x00000001) c.nop
core   0: 1 0x000000008000566e (0x0001)
core   0: 0x0000000080005670 (0x044cf937) lui     s2, 0x44cf
core   0: 1 0x0000000080005670 (0x044cf937) x18 0x00000000044cf000
core   0: 0x0000000080005674 (0x5239091b) addiw   s2, s2, 1315
core   0: 1 0x0000000080005674 (0x5239091b) x18 0x00000000044cf523
core   0: 0x0000000080005678 (0x00000932) c.slli  s2, 12
core   0: 1 0x0000000080005678 (0x0932) x18 0x00000044cf523000
core   0: 0x000000008000567a (0x43a90913) addi    s2, s2, 1082
core   0: 1 0x000000008000567a (0x43a90913) x18 0x00000044cf52343a
core   0: 0x000000008000567e (0x223e01d3) fsgnj.d ft3, ft8, ft3
core   0: 1 0x000000008000567e (0x223e01d3) f3  0x7ff8000000000000
core   0: 0x0000000080005682 (0x0138959b) slliw   a1, a7, 19
core   0: 1 0x0000000080005682 (0x0138959b) x11 0x0000000034e80000
core   0: 0x0000000080005686 (0x00209373) csrrw   t1, frm, ra
core   0: 1 0x0000000080005686 (0x00209373) x6  0x0000000000000000 c2_frm 0x0000000000000004
core   0: 0x000000008000568a (0x5a0bf153) fsqrt.d ft2, fs7
core   0: 1 0x000000008000568a (0x5a0bf153) f2  0x0000000000000000
core   0: 0x000000008000568e (0x2e900a9b) addiw   s5, zero, 745
core   0: 1 0x000000008000568e (0x2e900a9b) x21 0x00000000000002e9
core   0: 0x0000000080005692 (0x1a987853) fdiv.d  fa6, fa6, fs1
core   0: 1 0x0000000080005692 (0x1a987853) f16 0x7ff8000000000000
core   0: 0x0000000080005696 (0x400ad893) srai    a7, s5, 0
core   0: 1 0x0000000080005696 (0x400ad893) x17 0x00000000000002e9
core   0: 0x000000008000569a (0x007012bb) sllw    t0, zero, t2
core   0: 1 0x000000008000569a (0x007012bb) x5  0x0000000000000000
core   0: 0x000000008000569e (0x02b8ccbb) divw    s9, a7, a1
core   0: 1 0x000000008000569e (0x02b8ccbb) x25 0x0000000000000000
core   0: 0x00000000800056a2 (0x01761213) slli    tp, a2, 23
core   0: 1 0x00000000800056a2 (0x01761213) x4  0x0000000500000000
core   0: 0x00000000800056a6 (0x0005de1b) srliw   t3, a1, 0
core   0: 1 0x00000000800056a6 (0x0005de1b) x28 0x0000000034e80000
core   0: 0x00000000800056aa (0x00009a92) c.add   s5, tp
core   0: 1 0x00000000800056aa (0x9a92) x21 0x00000005000002e9
core   0: 0x00000000800056ac (0xf12d5973) csrrwi  s2, marchid, 26
core   0: exception trap_illegal_instruction, epc 0x00000000800056ac
core   0:           tval 0x00000000f12d5973
core   0: >>>>  $xrv64i2p1_m2p0_a2p1_f2p2_d2p2_zicsr2p0_zifencei2p0_zmmul1p0_zba1p0_zbb1p0_zbc1p0_zbs1p0
core   0: 0x0000000080004000 (0x0080006f) j       pc + 0x8
core   0: 3 0x0000000080004000 (0x0080006f)
core   0: >>>>  mmode_exception_handler
core   0: 0x0000000080004008 (0x00002c17) auipc   s8, 0x2
core   0: 3 0x0000000080004008 (0x00002c17) x24 0x0000000080006008
core   0: 0x000000008000400c (0x0bcc0c13) addi    s8, s8, 188
core   0: 3 0x000000008000400c (0x0bcc0c13) x24 0x00000000800060c4
core   0: 0x0000000080004010 (0x000c00e7) jalr    s8
core   0: 3 0x0000000080004010 (0x000c00e7) x1  0x0000000080004014
core   0: >>>>  any_handler
core   0: 0x00000000800060c4 (0x341027f3) csrrs   a5, mepc, zero
core   0: 3 0x00000000800060c4 (0x341027f3) x15 0x00000000800056ac
core   0: 0x00000000800060c8 (0x34202773) csrrs   a4, mcause, zero
core   0: 3 0x00000000800060c8 (0x34202773) x14 0x0000000000000002
core   0: 0x00000000800060cc (0x142026f3) csrrs   a3, scause, zero
core   0: 3 0x00000000800060cc (0x142026f3) x13 0x000000000000001f
core   0: 0x00000000800060d0 (0x30402673) csrrs   a2, mie, zero
core   0: 3 0x00000000800060d0 (0x30402673) x12 0x0000000000000a00
core   0: 0x00000000800060d4 (0x344025f3) csrrs   a1, mip, zero
core   0: 3 0x00000000800060d4 (0x344025f3) x11 0x0000000000000080
core   0: 0x00000000800060d8 (0x343025f3) csrrs   a1, mtval, zero
core   0: 3 0x00000000800060d8 (0x343025f3) x11 0x00000000f12d5973
core   0: 0x00000000800060dc (0x14302573) csrrs   a0, stval, zero
core   0: 3 0x00000000800060dc (0x14302573) x10 0x0000000000000000
core   0: 0x00000000800060e0 (0xb02024f3) csrrs   s1, minstret, zero
core   0: 3 0x00000000800060e0 (0xb02024f3) x9  0x0000000000000f4d
core   0: 0x00000000800060e4 (0x0000a811) c.j     pc + 20
core   0: 3 0x00000000800060e4 (0xa811)
core   0: >>>>  mepc_4
core   0: 0x00000000800060f8 (0x00000791) c.addi  a5, 4
core   0: 3 0x00000000800060f8 (0x0791) x15 0x00000000800056b0
core   0: 0x00000000800060fa (0x34179073) csrrw   zero, mepc, a5
core   0: 3 0x00000000800060fa (0x34179073) c833_mepc 0x00000000800056b0
core   0: 0x00000000800060fe (0x30200073) mret
core   0: 3 0x00000000800060fe (0x30200073) c768_mstatus 0x8000000a00106080
core   0: 0x00000000800056b0 (0x1212f04f) fnmadd.d ft0, ft5, ft1, ft2
core   0: 1 0x00000000800056b0 (0x1212f04f) f0  0x7ff8000000000000
core   0: 0x00000000800056b4 (0xd21584d3) fcvt.d.wu fs1, a1
core   0: 1 0x00000000800056b4 (0xd21584d3) f9  0x41ee25ab2e600000
core   0: 0x00000000800056b8 (0x0001003b) addw    zero, sp, zero
core   0: 1 0x00000000800056b8 (0x0001003b)
core   0: 0x00000000800056bc (0x00da941b) slliw   s0, s5, 13
core   0: 1 0x00000000800056bc (0x00da941b) x8  0x00000000005d2000
core   0: 0x00000000800056c0 (0x00c9e9b3) or      s3, s3, a2
core   0: 1 0x00000000800056c0 (0x00c9e9b3) x19 0xffffffffffffffff
core   0: 0x00000000800056c4 (0x00860c33) add     s8, a2, s0
core   0: 1 0x00000000800056c4 (0x00860c33) x24 0x00000000005d2a00
core   0: 0x00000000800056c8 (0x00202873) csrrs   a6, frm, zero
core   0: 1 0x00000000800056c8 (0x00202873) x16 0x0000000000000004
core   0: 0x00000000800056cc (0x018a55bb) srlw    a1, s4, s8
core   0: 1 0x00000000800056cc (0x018a55bb) x11 0x0000000000000c2b
core   0: 0x00000000800056d0 (0x5a04fc53) fsqrt.d fs8, fs1
core   0: 1 0x00000000800056d0 (0x5a04fc53) c1_fflags 0x000000000000001f f24 0x40ef0f4c519b99a3
core   0: 0x00000000800056d4 (0xe20009d3) fmv.x.d s3, ft0
core   0: 1 0x00000000800056d4 (0xe20009d3) x19 0x7ff8000000000000
core   0: 0x00000000800056d8 (0x420888d3) fcvt.d.s fa7, fa7
core   0: 1 0x00000000800056d8 (0x420888d3) f17 0x7ff8000000000000
core   0: 0x00000000800056dc (0x41d9d63b) sraw    a2, s3, t4
core   0: 1 0x00000000800056dc (0x41d9d63b) x12 0x0000000000000000
core   0: 0x00000000800056e0 (0x03366c33) rem     s8, a2, s3
core   0: 1 0x00000000800056e0 (0x03366c33) x24 0x0000000000000000
core   0: 0x00000000800056e4 (0x00c8583b) srlw    a6, a6, a2
core   0: 1 0x00000000800056e4 (0x00c8583b) x16 0x0000000000000004
core   0: 0x00000000800056e8 (0xc22c7ad3) fcvt.l.d s5, fs8
core   0: 1 0x00000000800056e8 (0xc22c7ad3) c1_fflags 0x000000000000001f x21 0x000000000000f87a
core   0: 0x00000000800056ec (0xd2180cd3) fcvt.d.wu fs9, a6
core   0: 1 0x00000000800056ec (0xd2180cd3) f25 0x4010000000000000
core   0: 0x00000000800056f0 (0x48c3c517) auipc   a0, 0x48c3c
core   0: 1 0x00000000800056f0 (0x48c3c517) x10 0x00000000c8c416f0
core   0: 0x00000000800056f4 (0x00111a13) slli    s4, sp, 1
core   0: 1 0x00000000800056f4 (0x00111a13) x20 0xfffffffffffffffe
core   0: 0x00000000800056f8 (0x00000001) c.nop
core   0: 1 0x00000000800056f8 (0x0001)
core   0: 0x00000000800056fa (0x00219673) csrrw   a2, frm, gp
core   0: 1 0x00000000800056fa (0x00219673) x12 0x0000000000000004 c2_frm 0x0000000000000000
core   0: 0x00000000800056fe (0x4db04013) xori    zero, zero, 1243
core   0: 1 0x00000000800056fe (0x4db04013)
core   0: 0x0000000080005702 (0xd2267ed3) fcvt.d.l ft9, a2
core   0: 1 0x0000000080005702 (0xd2267ed3) f29 0x4010000000000000
core   0: 0x0000000080005706 (0x03dd77d3) fadd.d  fa5, fs10, ft9
core   0: 1 0x0000000080005706 (0x03dd77d3) f15 0x40a85e0000000000
core   0: 0x000000008000570a (0x40e70bbb) subw    s7, a4, a4
core   0: 1 0x000000008000570a (0x40e70bbb) x23 0x0000000000000000
core   0: 0x000000008000570e (0x00008451) c.srai  s0, 20
core   0: 1 0x000000008000570e (0x8451) x8  0x0000000000000005
core   0: 0x0000000080005710 (0xb827a7f3) csrrs   a5, minstreth, a5
core   0: exception trap_illegal_instruction, epc 0x0000000080005710
core   0:           tval 0x00000000b827a7f3
core   0: >>>>  $xrv64i2p1_m2p0_a2p1_f2p2_d2p2_zicsr2p0_zifencei2p0_zmmul1p0_zba1p0_zbb1p0_zbc1p0_zbs1p0
core   0: 0x0000000080004000 (0x0080006f) j       pc + 0x8
core   0: 3 0x0000000080004000 (0x0080006f)
core   0: >>>>  mmode_exception_handler
core   0: 0x0000000080004008 (0x00002c17) auipc   s8, 0x2
core   0: 3 0x0000000080004008 (0x00002c17) x24 0x0000000080006008
core   0: 0x000000008000400c (0x0bcc0c13) addi    s8, s8, 188
core   0: 3 0x000000008000400c (0x0bcc0c13) x24 0x00000000800060c4
core   0: 0x0000000080004010 (0x000c00e7) jalr    s8
core   0: 3 0x0000000080004010 (0x000c00e7) x1  0x0000000080004014
core   0: >>>>  any_handler
core   0: 0x00000000800060c4 (0x341027f3) csrrs   a5, mepc, zero
core   0: 3 0x00000000800060c4 (0x341027f3) x15 0x0000000080005710
core   0: 0x00000000800060c8 (0x34202773) csrrs   a4, mcause, zero
core   0: 3 0x00000000800060c8 (0x34202773) x14 0x0000000000000002
core   0: 0x00000000800060cc (0x142026f3) csrrs   a3, scause, zero
core   0: 3 0x00000000800060cc (0x142026f3) x13 0x000000000000001f
core   0: 0x00000000800060d0 (0x30402673) csrrs   a2, mie, zero
core   0: 3 0x00000000800060d0 (0x30402673) x12 0x0000000000000a00
core   0: 0x00000000800060d4 (0x344025f3) csrrs   a1, mip, zero
core   0: 3 0x00000000800060d4 (0x344025f3) x11 0x0000000000000080
core   0: 0x00000000800060d8 (0x343025f3) csrrs   a1, mtval, zero
core   0: 3 0x00000000800060d8 (0x343025f3) x11 0x00000000b827a7f3
core   0: 0x00000000800060dc (0x14302573) csrrs   a0, stval, zero
core   0: 3 0x00000000800060dc (0x14302573) x10 0x0000000000000000
core   0: 0x00000000800060e0 (0xb02024f3) csrrs   s1, minstret, zero
core   0: 3 0x00000000800060e0 (0xb02024f3) x9  0x0000000000000f76
core   0: 0x00000000800060e4 (0x0000a811) c.j     pc + 20
core   0: 3 0x00000000800060e4 (0xa811)
core   0: >>>>  mepc_4
core   0: 0x00000000800060f8 (0x00000791) c.addi  a5, 4
core   0: 3 0x00000000800060f8 (0x0791) x15 0x0000000080005714
core   0: 0x00000000800060fa (0x34179073) csrrw   zero, mepc, a5
core   0: 3 0x00000000800060fa (0x34179073) c833_mepc 0x0000000080005714
core   0: 0x00000000800060fe (0x30200073) mret
core   0: 3 0x00000000800060fe (0x30200073) c768_mstatus 0x8000000a00106080
core   0: 0x0000000080005714 (0x03d00033) mul     zero, zero, t4
core   0: 1 0x0000000080005714 (0x03d00033)
core   0: 0x0000000080005718 (0xc8102273) csrrs   tp, timeh, zero
core   0: exception trap_illegal_instruction, epc 0x0000000080005718
core   0:           tval 0x00000000c8102273
core   0: >>>>  $xrv64i2p1_m2p0_a2p1_f2p2_d2p2_zicsr2p0_zifencei2p0_zmmul1p0_zba1p0_zbb1p0_zbc1p0_zbs1p0
core   0: 0x0000000080004000 (0x0080006f) j       pc + 0x8
core   0: 3 0x0000000080004000 (0x0080006f)
core   0: >>>>  mmode_exception_handler
core   0: 0x0000000080004008 (0x00002c17) auipc   s8, 0x2
core   0: 3 0x0000000080004008 (0x00002c17) x24 0x0000000080006008
core   0: 0x000000008000400c (0x0bcc0c13) addi    s8, s8, 188
core   0: 3 0x000000008000400c (0x0bcc0c13) x24 0x00000000800060c4
core   0: 0x0000000080004010 (0x000c00e7) jalr    s8
core   0: 3 0x0000000080004010 (0x000c00e7) x1  0x0000000080004014
core   0: >>>>  any_handler
core   0: 0x00000000800060c4 (0x341027f3) csrrs   a5, mepc, zero
core   0: 3 0x00000000800060c4 (0x341027f3) x15 0x0000000080005718
core   0: 0x00000000800060c8 (0x34202773) csrrs   a4, mcause, zero
core   0: 3 0x00000000800060c8 (0x34202773) x14 0x0000000000000002
core   0: 0x00000000800060cc (0x142026f3) csrrs   a3, scause, zero
core   0: 3 0x00000000800060cc (0x142026f3) x13 0x000000000000001f
core   0: 0x00000000800060d0 (0x30402673) csrrs   a2, mie, zero
core   0: 3 0x00000000800060d0 (0x30402673) x12 0x0000000000000a00
core   0: 0x00000000800060d4 (0x344025f3) csrrs   a1, mip, zero
core   0: 3 0x00000000800060d4 (0x344025f3) x11 0x0000000000000080
core   0: 0x00000000800060d8 (0x343025f3) csrrs   a1, mtval, zero
core   0: 3 0x00000000800060d8 (0x343025f3) x11 0x00000000c8102273
core   0: 0x00000000800060dc (0x14302573) csrrs   a0, stval, zero
core   0: 3 0x00000000800060dc (0x14302573) x10 0x0000000000000000
core   0: 0x00000000800060e0 (0xb02024f3) csrrs   s1, minstret, zero
core   0: 3 0x00000000800060e0 (0xb02024f3) x9  0x0000000000000f87
core   0: 0x00000000800060e4 (0x0000a811) c.j     pc + 20
core   0: 3 0x00000000800060e4 (0xa811)
core   0: >>>>  mepc_4
core   0: 0x00000000800060f8 (0x00000791) c.addi  a5, 4
core   0: 3 0x00000000800060f8 (0x0791) x15 0x000000008000571c
core   0: 0x00000000800060fa (0x34179073) csrrw   zero, mepc, a5
core   0: 3 0x00000000800060fa (0x34179073) c833_mepc 0x000000008000571c
core   0: 0x00000000800060fe (0x30200073) mret
core   0: 3 0x00000000800060fe (0x30200073) c768_mstatus 0x8000000a00106080
core   0: 0x000000008000571c (0xc030f753) fcvt.lu.s a4, ft1
core   0: 1 0x000000008000571c (0xc030f753) c1_fflags 0x000000000000001f x14 0xffffffffffffffff
core   0: 0x0000000080005720 (0x12a5f14b) fnmsub.d ft2, fa1, fa0, ft2
core   0: 1 0x0000000080005720 (0x12a5f14b) f2  0x7ff8000000000000
core   0: 0x0000000080005724 (0x93d3f813) andi    a6, t2, -1731
core   0: 1 0x0000000080005724 (0x93d3f813) x16 0xfffffffffffff93d
core   0: 0x0000000080005728 (0xc8793237) lui     tp, 0xc8793
core   0: 1 0x0000000080005728 (0xc8793237) x4  0xffffffffc8793000
core   0: 0x000000008000572c (0x410b599b) sraiw   s3, s6, 16
core   0: 1 0x000000008000572c (0x410b599b) x19 0x0000000000000000
core   0: 0x0000000080005730 (0x01ad41b3) xor     gp, s10, s10
core   0: 1 0x0000000080005730 (0x01ad41b3) x3  0x0000000000000000
core   0: 0x0000000080005734 (0x036170d3) fadd.d  ft1, ft2, fs6
core   0: 1 0x0000000080005734 (0x036170d3) f1  0x7ff8000000000000
core   0: 0x0000000080005738 (0xf3e1fb4f) fnmadd.d fs6, ft3, ft10, ft10
core   0: 1 0x0000000080005738 (0xf3e1fb4f) f22 0x7ff8000000000000
core   0: 0x000000008000573c (0x41b3d73b) sraw    a4, t2, s11
core   0: 1 0x000000008000573c (0x41b3d73b) x14 0xffffffffffffffff
core   0: 0x0000000080005740 (0xd22c7c53) fcvt.d.l fs8, s8
core   0: 1 0x0000000080005740 (0xd22c7c53) f24 0x41e0000c18800000
core   0: 0x0000000080005744 (0x402887b3) sub     a5, a7, sp
core   0: 1 0x0000000080005744 (0x402887b3) x15 0x00000000000002ea
core   0: 0x0000000080005748 (0x40530533) sub     a0, t1, t0
core   0: 1 0x0000000080005748 (0x40530533) x10 0x0000000000000000
core   0: 0x000000008000574c (0x1a4c7ed3) fdiv.d  ft9, fs8, ft4
core   0: 1 0x000000008000574c (0x1a4c7ed3) c1_fflags 0x000000000000001f f29 0x7ff0000000000000
core   0: 0x0000000080005750 (0x23aa2d53) fsgnjx.d fs10, fs4, fs10
core   0: 1 0x0000000080005750 (0x23aa2d53) f26 0x7ff8000000000000
core   0: 0x0000000080005754 (0x006a1e9b) slliw   t4, s4, 6
core   0: 1 0x0000000080005754 (0x006a1e9b) x29 0xffffffffffffff80
core   0: 0x0000000080005758 (0x03407633) remu    a2, zero, s4
core   0: 1 0x0000000080005758 (0x03407633) x12 0x0000000000000000
core   0: 0x000000008000575c (0x232d1953) fsgnjn.d fs2, fs10, fs2
core   0: 1 0x000000008000575c (0x232d1953) f18 0x7ff8000000000000
core   0: 0x0000000080005760 (0x2aa31553) fmax.d  fa0, ft6, fa0
core   0: 1 0x0000000080005760 (0x2aa31553) f10 0x0000000000000000
core   0: 0x0000000080005764 (0x00000001) c.nop
core   0: 1 0x0000000080005764 (0x0001)
core   0: 0x0000000080005766 (0xc20374d3) fcvt.w.d s1, ft6
core   0: 1 0x0000000080005766 (0xc20374d3) x9  0x0000000000000000
core   0: 0x000000008000576a (0x8006eb93) ori     s7, a3, -2048
core   0: 1 0x000000008000576a (0x8006eb93) x23 0xfffffffffffff81f
core   0: 0x000000008000576e (0x035af753) fadd.d  fa4, fs5, fs5
core   0: 1 0x000000008000576e (0x035af753) f14 0x7ff8000000000000
core   0: 0x0000000080005772 (0x032970b3) remu    ra, s2, s2
core   0: 1 0x0000000080005772 (0x032970b3) x1  0x0000000000000000
core   0: 0x0000000080005776 (0x01200ebb) addw    t4, zero, s2
core   0: 1 0x0000000080005776 (0x01200ebb) x29 0xffffffffcf52343a
core   0: 0x000000008000577a (0x400507bb) subw    a5, a0, zero
core   0: 1 0x000000008000577a (0x400507bb) x15 0x0000000000000000
core   0: 0x000000008000577e (0x0040973b) sllw    a4, ra, tp
core   0: 1 0x000000008000577e (0x0040973b) x14 0x0000000000000000
core   0: 0x0000000080005782 (0x02b0e1bb) remw    gp, ra, a1
core   0: 1 0x0000000080005782 (0x02b0e1bb) x3  0x0000000000000000
core   0: 0x0000000080005786 (0xc20af6d3) fcvt.w.d a3, fs5
core   0: 1 0x0000000080005786 (0xc20af6d3) c1_fflags 0x000000000000001f x13 0x000000007fffffff
core   0: 0x000000008000578a (0x00000001) c.nop
core   0: 1 0x000000008000578a (0x0001)
core   0: 0x000000008000578c (0x3bce7e4f) fnmadd.d ft8, ft8, ft8, ft7
core   0: 1 0x000000008000578c (0x3bce7e4f) f28 0x7ff8000000000000
core   0: 0x0000000080005790 (0xd9cbeb93) ori     s7, s7, -612
core   0: 1 0x0000000080005790 (0xd9cbeb93) x23 0xfffffffffffffd9f
core   0: 0x0000000080005794 (0x0357f7d3) fadd.d  fa5, fa5, fs5
core   0: 1 0x0000000080005794 (0x0357f7d3) f15 0x7ff8000000000000
core   0: 0x0000000080005798 (0x0339c6b3) div     a3, s3, s3
core   0: 1 0x0000000080005798 (0x0339c6b3) x13 0xffffffffffffffff
core   0: 0x000000008000579c (0x7ffaf293) andi    t0, s5, 2047
core   0: 1 0x000000008000579c (0x7ffaf293) x5  0x000000000000007a
core   0: 0x00000000800057a0 (0x0079e3b3) or      t2, s3, t2
core   0: 1 0x00000000800057a0 (0x0079e3b3) x7  0xffffffffffffffff
core   0: 0x00000000800057a4 (0x400e5d1b) sraiw   s10, t3, 0
core   0: 1 0x00000000800057a4 (0x400e5d1b) x26 0x0000000034e80000
core   0: 0x00000000800057a8 (0xc20afd53) fcvt.w.d s10, fs5
core   0: 1 0x00000000800057a8 (0xc20afd53) c1_fflags 0x000000000000001f x26 0x000000007fffffff
core   0: 0x00000000800057ac (0x2a4d97d3) fmax.d  fa5, fs11, ft4
core   0: 1 0x00000000800057ac (0x2a4d97d3) f15 0x0000000000000000
core   0: 0x00000000800057b0 (0x01a6c6b3) xor     a3, a3, s10
core   0: 1 0x00000000800057b0 (0x01a6c6b3) x13 0xffffffff80000000
core   0: 0x00000000800057b4 (0x03225513) srli    a0, tp, 50
core   0: 1 0x00000000800057b4 (0x03225513) x10 0x0000000000003fff
core   0: 0x00000000800057b8 (0x406c84b3) sub     s1, s9, t1
core   0: 1 0x00000000800057b8 (0x406c84b3) x9  0x0000000000000000
core   0: 0x00000000800057bc (0xc03279d3) fcvt.lu.s s3, ft4
core   0: 1 0x00000000800057bc (0xc03279d3) c1_fflags 0x000000000000001f x19 0xffffffffffffffff
core   0: 0x00000000800057c0 (0xcb277ccb) fnmsub.d fs9, fa4, fs2, fs9
core   0: 1 0x00000000800057c0 (0xcb277ccb) f25 0x7ff8000000000000
core   0: 0x00000000800057c4 (0x0084949b) slliw   s1, s1, 8
core   0: 1 0x00000000800057c4 (0x0084949b) x9  0x0000000000000000
core   0: 0x00000000800057c8 (0xd222f6d3) fcvt.d.l fa3, t0
core   0: 1 0x00000000800057c8 (0xd222f6d3) f13 0x405e800000000000
core   0: 0x00000000800057cc (0x6b96f84f) fnmadd.d fa6, fa3, fs9, fa3
core   0: 1 0x00000000800057cc (0x6b96f84f) f16 0x7ff8000000000000
core   0: 0x00000000800057d0 (0x40b4dd9b) sraiw   s11, s1, 11
core   0: 1 0x00000000800057d0 (0x40b4dd9b) x27 0x0000000000000000
core   0: 0x00000000800057d4 (0x00000001) c.nop
core   0: 1 0x00000000800057d4 (0x0001)
core   0: 0x00000000800057d6 (0x026cfb3b) remuw   s6, s9, t1
core   0: 1 0x00000000800057d6 (0x026cfb3b) x22 0x0000000000000000
core   0: 0x00000000800057da (0xd03ef1d3) fcvt.s.lu ft3, t4
core   0: 1 0x00000000800057da (0xd03ef1d3) c1_fflags 0x000000000000001f f3  0xffffffff5f800000
core   0: 0x00000000800057de (0x00007461) c.lui   s0, 0xffff8
core   0: 1 0x00000000800057de (0x7461) x8  0xffffffffffff8000
core   0: 0x00000000800057e0 (0xdc54041b) addiw   s0, s0, -571
core   0: 1 0x00000000800057e0 (0xdc54041b) x8  0xffffffffffff7dc5
core   0: 0x00000000800057e4 (0x0000045e) c.slli  s0, 23
core   0: 1 0x00000000800057e4 (0x045e) x8  0xffffffbee2800000
core   0: 0x00000000800057e6 (0xcc740413) addi    s0, s0, -825
core   0: 1 0x00000000800057e6 (0xcc740413) x8  0xffffffbee27ffcc7
core   0: 0x00000000800057ea (0x0288c6bb) divw    a3, a7, s0
core   0: 1 0x00000000800057ea (0x0288c6bb) x13 0x0000000000000000
core   0: 0x00000000800057ee (0xc0287653) fcvt.l.s a2, fa6
core   0: 1 0x00000000800057ee (0xc0287653) c1_fflags 0x000000000000001f x12 0x7fffffffffffffff
core   0: 0x00000000800057f2 (0xc221fbd3) fcvt.l.d s7, ft3
core   0: 1 0x00000000800057f2 (0xc221fbd3) c1_fflags 0x000000000000001f x23 0x7fffffffffffffff
core   0: 0x00000000800057f6 (0x0000940e) c.add   s0, gp
core   0: 1 0x00000000800057f6 (0x940e) x8  0xffffffbee27ffcc7
core   0: 0x00000000800057f8 (0x02185933) divu    s2, a6, ra
core   0: 1 0x00000000800057f8 (0x02185933) x18 0xffffffffffffffff
core   0: 0x00000000800057fc (0x0ff0000f) fence   iorw,iorw
core   0: 1 0x00000000800057fc (0x0ff0000f)
core   0: 0x0000000080005800 (0x014a5d33) srl     s10, s4, s4
core   0: 1 0x0000000080005800 (0x014a5d33) x26 0x0000000000000003
core   0: 0x0000000080005804 (0x01a181bb) addw    gp, gp, s10
core   0: 1 0x0000000080005804 (0x01a181bb) x3  0x0000000000000003
core   0: 0x0000000080005808 (0x4010dd93) srai    s11, ra, 1
core   0: 1 0x0000000080005808 (0x4010dd93) x27 0x0000000000000000
core   0: 0x000000008000580c (0x105a1bf3) csrrw   s7, stvec, s4
core   0: 1 0x000000008000580c (0x105a1bf3) x23 0x0000000000000000 c261_stvec 0xfffffffffffffffc
core   0: 0x0000000080005810 (0x00059993) slli    s3, a1, 0
core   0: 1 0x0000000080005810 (0x00059993) x19 0x00000000c8102273
core   0: 0x0000000080005814 (0x08c8831b) addiw   t1, a7, 140
core   0: 1 0x0000000080005814 (0x08c8831b) x6  0x0000000000000375
core   0: 0x0000000080005818 (0x00c8fa33) and     s4, a7, a2
core   0: 1 0x0000000080005818 (0x00c8fa33) x20 0x00000000000002e9
core   0: 0x000000008000581c (0x427bd913) srai    s2, s7, 39
core   0: 1 0x000000008000581c (0x427bd913) x18 0x0000000000000000
core   0: 0x0000000080005820 (0x034145bb) divw    a1, sp, s4
core   0: 1 0x0000000080005820 (0x034145bb) x11 0x0000000000000000
core   0: 0x0000000080005824 (0x9b8bba93) sltiu   s5, s7, -1608
core   0: 1 0x0000000080005824 (0x9b8bba93) x21 0x0000000000000001
core   0: 0x0000000080005828 (0x01d24eb3) xor     t4, tp, t4
core   0: 1 0x0000000080005828 (0x01d24eb3) x29 0x00000000072b043a
core   0: 0x000000008000582c (0xd03aff53) fcvt.s.lu ft10, s5
core   0: 1 0x000000008000582c (0xd03aff53) f30 0xffffffff3f800000
core   0: 0x0000000080005830 (0x01bc1c3b) sllw    s8, s8, s11
core   0: 1 0x0000000080005830 (0x01bc1c3b) x24 0xffffffff800060c4
core   0: 0x0000000080005834 (0x00202ef3) csrrs   t4, frm, zero
core   0: 1 0x0000000080005834 (0x00202ef3) x29 0x0000000000000000
core   0: 0x0000000080005838 (0x0230e4bb) remw    s1, ra, gp
core   0: 1 0x0000000080005838 (0x0230e4bb) x9  0x0000000000000000
core   0: 0x000000008000583c (0x0117a7b3) slt     a5, a5, a7
core   0: 1 0x000000008000583c (0x0117a7b3) x15 0x0000000000000001
core   0: 0x0000000080005840 (0x00202c73) csrrs   s8, frm, zero
core   0: 1 0x0000000080005840 (0x00202c73) x24 0x0000000000000000
core   0: 0x0000000080005844 (0x00000001) c.nop
core   0: 1 0x0000000080005844 (0x0001)
core   0: 0x0000000080005846 (0xc1c7f613) andi    a2, a5, -996
core   0: 1 0x0000000080005846 (0xc1c7f613) x12 0x0000000000000000
core   0: 0x000000008000584a (0x002d1af3) csrrw   s5, frm, s10
core   0: 1 0x000000008000584a (0x002d1af3) x21 0x0000000000000000 c2_frm 0x0000000000000003
core   0: 0x000000008000584e (0x2b9f0f53) fmin.d  ft10, ft10, fs9
core   0: 1 0x000000008000584e (0x2b9f0f53) f30 0x7ff8000000000000
core   0: 0x0000000080005852 (0x01809c3b) sllw    s8, ra, s8
core   0: 1 0x0000000080005852 (0x01809c3b) x24 0x0000000000000000
core   0: 0x0000000080005856 (0x0078573b) srlw    a4, a6, t2
core   0: 1 0x0000000080005856 (0x0078573b) x14 0x0000000000000001
core   0: 0x000000008000585a (0xd0277fd3) fcvt.s.l ft11, a4
core   0: 1 0x000000008000585a (0xd0277fd3) f31 0xffffffff3f800000
core   0: 0x000000008000585e (0x00000001) c.nop
core   0: 1 0x000000008000585e (0x0001)
core   0: 0x0000000080005860 (0x1a57f853) fdiv.d  fa6, fa5, ft5
core   0: 1 0x0000000080005860 (0x1a57f853) f16 0x7ff8000000000000
core   0: 0x0000000080005864 (0x0339e9b3) rem     s3, s3, s3
core   0: 1 0x0000000080005864 (0x0339e9b3) x19 0x0000000000000000
core   0: 0x0000000080005868 (0x225299d3) fsgnjn.d fs3, ft5, ft5
core   0: 1 0x0000000080005868 (0x225299d3) f19 0xfff8000000000000
core   0: 0x000000008000586c (0x1431a273) csrrs   tp, stval, gp
core   0: 1 0x000000008000586c (0x1431a273) x4  0x0000000000000000 c323_stval 0x0000000000000003
core   0: 0x0000000080005870 (0xc20ef5d3) fcvt.w.d a1, ft9
core   0: 1 0x0000000080005870 (0xc20ef5d3) c1_fflags 0x000000000000001f x11 0x000000007fffffff
core   0: 0x0000000080005874 (0xe20e8253) fmv.x.d tp, ft9
core   0: 1 0x0000000080005874 (0xe20e8253) x4  0x7ff0000000000000
core   0: 0x0000000080005878 (0x013a803b) addw    zero, s5, s3
core   0: 1 0x0000000080005878 (0x013a803b)
core   0: 0x000000008000587c (0x00768cbb) addw    s9, a3, t2
core   0: 1 0x000000008000587c (0x00768cbb) x25 0xffffffffffffffff
core   0: 0x0000000080005880 (0x2b391153) fmax.d  ft2, fs2, fs3
core   0: 1 0x0000000080005880 (0x2b391153) f2  0x7ff8000000000000
core   0: 0x0000000080005884 (0xea3e9a17) auipc   s4, 0xea3e9
core   0: 1 0x0000000080005884 (0xea3e9a17) x20 0x000000006a3ee884
core   0: 0x0000000080005888 (0x0bfb7fd3) fsub.d  ft11, fs6, ft11
core   0: 1 0x0000000080005888 (0x0bfb7fd3) f31 0x7ff8000000000000
core   0: 0x000000008000588c (0x03fbdb93) srli    s7, s7, 63
core   0: 1 0x000000008000588c (0x03fbdb93) x23 0x0000000000000000
core   0: 0x0000000080005890 (0x03d84933) div     s2, a6, t4
core   0: 1 0x0000000080005890 (0x03d84933) x18 0xffffffffffffffff
core   0: 0x0000000080005894 (0xfaf977cf) fnmadd.d fa5, fs2, fa5, ft11
core   0: 1 0x0000000080005894 (0xfaf977cf) f15 0x7ff8000000000000
core   0: 0x0000000080005898 (0x02f75bbb) divuw   s7, a4, a5
core   0: 1 0x0000000080005898 (0x02f75bbb) x23 0x0000000000000001
core   0: 0x000000008000589c (0xfe02a9b7) lui     s3, 0xfe02a
core   0: 1 0x000000008000589c (0xfe02a9b7) x19 0xfffffffffe02a000
core   0: 0x00000000800058a0 (0xdd79899b) addiw   s3, s3, -553
core   0: 1 0x00000000800058a0 (0xdd79899b) x19 0xfffffffffe029dd7
core   0: 0x00000000800058a4 (0x000009b6) c.slli  s3, 13
core   0: 1 0x00000000800058a4 (0x09b6) x19 0xffffffc053bae000
core   0: 0x00000000800058a6 (0x10e98993) addi    s3, s3, 270
core   0: 1 0x00000000800058a6 (0x10e98993) x19 0xffffffc053bae10e
core   0: 0x00000000800058aa (0x00fd0433) add     s0, s10, a5
core   0: 1 0x00000000800058aa (0x00fd0433) x8  0x0000000000000004
core   0: 0x00000000800058ae (0xc02ff753) fcvt.l.s a4, ft11
core   0: 1 0x00000000800058ae (0xc02ff753) c1_fflags 0x000000000000001f x14 0x7fffffffffffffff
core   0: 0x00000000800058b2 (0x2b411d53) fmax.d  fs10, ft2, fs4
core   0: 1 0x00000000800058b2 (0x2b411d53) f26 0x7ff8000000000000
core   0: 0x00000000800058b6 (0x0100549b) srliw   s1, zero, 16
core   0: 1 0x00000000800058b6 (0x0100549b) x9  0x0000000000000000
core   0: 0x00000000800058ba (0x0ff0000f) fence   iorw,iorw
core   0: 1 0x00000000800058ba (0x0ff0000f)
core   0: 0x00000000800058be (0xc0247b53) fcvt.l.s s6, fs0
core   0: 1 0x00000000800058be (0xc0247b53) c1_fflags 0x000000000000001f x22 0x7fffffffffffffff
core   0: 0x00000000800058c2 (0x22288753) fsgnj.d fa4, fa7, ft2
core   0: 1 0x00000000800058c2 (0x22288753) f14 0x7ff8000000000000
core   0: 0x00000000800058c6 (0x00271773) csrrw   a4, frm, a4
core   0: 1 0x00000000800058c6 (0x00271773) x14 0x0000000000000003 c2_frm 0x0000000000000007
core   0: 0x00000000800058ca (0x4093d23b) sraw    tp, t2, s1
core   0: 1 0x00000000800058ca (0x4093d23b) x4  0xffffffffffffffff
core   0: 0x00000000800058ce (0xb778c1b7) lui     gp, 0xb778c
core   0: 1 0x00000000800058ce (0xb778c1b7) x3  0xffffffffb778c000
core   0: 0x00000000800058d2 (0x0155d59b) srliw   a1, a1, 21
core   0: 1 0x00000000800058d2 (0x0155d59b) x11 0x00000000000003ff
core   0: 0x00000000800058d6 (0x024ed23b) divuw   tp, t4, tp
core   0: 1 0x00000000800058d6 (0x024ed23b) x4  0x0000000000000000
core   0: 0x00000000800058da (0x00364833) xor     a6, a2, gp
core   0: 1 0x00000000800058da (0x00364833) x16 0xffffffffb778c000
core   0: 0x00000000800058de (0xc22afbd3) fcvt.l.d s7, fs5
core   0: exception trap_illegal_instruction, epc 0x00000000800058de
core   0:           tval 0x00000000c22afbd3
core   0: >>>>  $xrv64i2p1_m2p0_a2p1_f2p2_d2p2_zicsr2p0_zifencei2p0_zmmul1p0_zba1p0_zbb1p0_zbc1p0_zbs1p0
core   0: 0x0000000080004000 (0x0080006f) j       pc + 0x8
core   0: 3 0x0000000080004000 (0x0080006f)
core   0: >>>>  mmode_exception_handler
core   0: 0x0000000080004008 (0x00002c17) auipc   s8, 0x2
core   0: 3 0x0000000080004008 (0x00002c17) x24 0x0000000080006008
core   0: 0x000000008000400c (0x0bcc0c13) addi    s8, s8, 188
core   0: 3 0x000000008000400c (0x0bcc0c13) x24 0x00000000800060c4
core   0: 0x0000000080004010 (0x000c00e7) jalr    s8
core   0: 3 0x0000000080004010 (0x000c00e7) x1  0x0000000080004014
core   0: >>>>  any_handler
core   0: 0x00000000800060c4 (0x341027f3) csrrs   a5, mepc, zero
core   0: 3 0x00000000800060c4 (0x341027f3) x15 0x00000000800058de
core   0: 0x00000000800060c8 (0x34202773) csrrs   a4, mcause, zero
core   0: 3 0x00000000800060c8 (0x34202773) x14 0x0000000000000002
core   0: 0x00000000800060cc (0x142026f3) csrrs   a3, scause, zero
core   0: 3 0x00000000800060cc (0x142026f3) x13 0x000000000000001f
core   0: 0x00000000800060d0 (0x30402673) csrrs   a2, mie, zero
core   0: 3 0x00000000800060d0 (0x30402673) x12 0x0000000000000a00
core   0: 0x00000000800060d4 (0x344025f3) csrrs   a1, mip, zero
core   0: 3 0x00000000800060d4 (0x344025f3) x11 0x0000000000000080
core   0: 0x00000000800060d8 (0x343025f3) csrrs   a1, mtval, zero
core   0: 3 0x00000000800060d8 (0x343025f3) x11 0x00000000c22afbd3
core   0: 0x00000000800060dc (0x14302573) csrrs   a0, stval, zero
core   0: 3 0x00000000800060dc (0x14302573) x10 0x0000000000000003
core   0: 0x00000000800060e0 (0xb02024f3) csrrs   s1, minstret, zero
core   0: 3 0x00000000800060e0 (0xb02024f3) x9  0x000000000000100c
core   0: 0x00000000800060e4 (0x0000a811) c.j     pc + 20
core   0: 3 0x00000000800060e4 (0xa811)
core   0: >>>>  mepc_4
core   0: 0x00000000800060f8 (0x00000791) c.addi  a5, 4
core   0: 3 0x00000000800060f8 (0x0791) x15 0x00000000800058e2
core   0: 0x00000000800060fa (0x34179073) csrrw   zero, mepc, a5
core   0: 3 0x00000000800060fa (0x34179073) c833_mepc 0x00000000800058e2
core   0: 0x00000000800060fe (0x30200073) mret
core   0: 3 0x00000000800060fe (0x30200073) c768_mstatus 0x8000000a00106080
core   0: 0x00000000800058e2 (0x0233b933) mulhu   s2, t2, gp
core   0: 1 0x00000000800058e2 (0x0233b933) x18 0xffffffffb778bfff
core   0: 0x00000000800058e6 (0x1060e073) csrrsi  zero, scounteren, 1
core   0: 1 0x00000000800058e6 (0x1060e073) c262_scounteren 0x0000000000000000
core   0: 0x00000000800058ea (0x0021569b) srliw   a3, sp, 2
core   0: 1 0x00000000800058ea (0x0021569b) x13 0x000000003fffffff
core   0: 0x00000000800058ee (0x028a85bb) mulw    a1, s5, s0
core   0: 1 0x00000000800058ee (0x028a85bb) x11 0x0000000000000000
core   0: 0x00000000800058f2 (0x01bd2733) slt     a4, s10, s11
core   0: 1 0x00000000800058f2 (0x01bd2733) x14 0x0000000000000000
core   0: 0x00000000800058f6 (0x7d251837) lui     a6, 0x7d251
core   0: 1 0x00000000800058f6 (0x7d251837) x16 0x000000007d251000
core   0: 0x00000000800058fa (0x4011fcd3) fcvt.s.d fs9, ft3
core   0: exception trap_illegal_instruction, epc 0x00000000800058fa
core   0:           tval 0x000000004011fcd3
core   0: >>>>  $xrv64i2p1_m2p0_a2p1_f2p2_d2p2_zicsr2p0_zifencei2p0_zmmul1p0_zba1p0_zbb1p0_zbc1p0_zbs1p0
core   0: 0x0000000080004000 (0x0080006f) j       pc + 0x8
core   0: 3 0x0000000080004000 (0x0080006f)
core   0: >>>>  mmode_exception_handler
core   0: 0x0000000080004008 (0x00002c17) auipc   s8, 0x2
core   0: 3 0x0000000080004008 (0x00002c17) x24 0x0000000080006008
core   0: 0x000000008000400c (0x0bcc0c13) addi    s8, s8, 188
core   0: 3 0x000000008000400c (0x0bcc0c13) x24 0x00000000800060c4
core   0: 0x0000000080004010 (0x000c00e7) jalr    s8
core   0: 3 0x0000000080004010 (0x000c00e7) x1  0x0000000080004014
core   0: >>>>  any_handler
core   0: 0x00000000800060c4 (0x341027f3) csrrs   a5, mepc, zero
core   0: 3 0x00000000800060c4 (0x341027f3) x15 0x00000000800058fa
core   0: 0x00000000800060c8 (0x34202773) csrrs   a4, mcause, zero
core   0: 3 0x00000000800060c8 (0x34202773) x14 0x0000000000000002
core   0: 0x00000000800060cc (0x142026f3) csrrs   a3, scause, zero
core   0: 3 0x00000000800060cc (0x142026f3) x13 0x000000000000001f
core   0: 0x00000000800060d0 (0x30402673) csrrs   a2, mie, zero
core   0: 3 0x00000000800060d0 (0x30402673) x12 0x0000000000000a00
core   0: 0x00000000800060d4 (0x344025f3) csrrs   a1, mip, zero
core   0: 3 0x00000000800060d4 (0x344025f3) x11 0x0000000000000080
core   0: 0x00000000800060d8 (0x343025f3) csrrs   a1, mtval, zero
core   0: 3 0x00000000800060d8 (0x343025f3) x11 0x000000004011fcd3
core   0: 0x00000000800060dc (0x14302573) csrrs   a0, stval, zero
core   0: 3 0x00000000800060dc (0x14302573) x10 0x0000000000000003
core   0: 0x00000000800060e0 (0xb02024f3) csrrs   s1, minstret, zero
core   0: 3 0x00000000800060e0 (0xb02024f3) x9  0x0000000000001022
core   0: 0x00000000800060e4 (0x0000a811) c.j     pc + 20
core   0: 3 0x00000000800060e4 (0xa811)
core   0: >>>>  mepc_4
core   0: 0x00000000800060f8 (0x00000791) c.addi  a5, 4
core   0: 3 0x00000000800060f8 (0x0791) x15 0x00000000800058fe
core   0: 0x00000000800060fa (0x34179073) csrrw   zero, mepc, a5
core   0: 3 0x00000000800060fa (0x34179073) c833_mepc 0x00000000800058fe
core   0: 0x00000000800060fe (0x30200073) mret
core   0: 3 0x00000000800060fe (0x30200073) c768_mstatus 0x8000000a00106080
core   0: 0x00000000800058fe (0x22f4a0d3) fsgnjx.d ft1, fs1, fa5
core   0: 1 0x00000000800058fe (0x22f4a0d3) f1  0x41ee25ab2e600000
core   0: 0x0000000080005902 (0x0338f553) fadd.d  fa0, fa7, fs3
core   0: exception trap_illegal_instruction, epc 0x0000000080005902
core   0:           tval 0x000000000338f553
core   0: >>>>  $xrv64i2p1_m2p0_a2p1_f2p2_d2p2_zicsr2p0_zifencei2p0_zmmul1p0_zba1p0_zbb1p0_zbc1p0_zbs1p0
core   0: 0x0000000080004000 (0x0080006f) j       pc + 0x8
core   0: 3 0x0000000080004000 (0x0080006f)
core   0: >>>>  mmode_exception_handler
core   0: 0x0000000080004008 (0x00002c17) auipc   s8, 0x2
core   0: 3 0x0000000080004008 (0x00002c17) x24 0x0000000080006008
core   0: 0x000000008000400c (0x0bcc0c13) addi    s8, s8, 188
core   0: 3 0x000000008000400c (0x0bcc0c13) x24 0x00000000800060c4
core   0: 0x0000000080004010 (0x000c00e7) jalr    s8
core   0: 3 0x0000000080004010 (0x000c00e7) x1  0x0000000080004014
core   0: >>>>  any_handler
core   0: 0x00000000800060c4 (0x341027f3) csrrs   a5, mepc, zero
core   0: 3 0x00000000800060c4 (0x341027f3) x15 0x0000000080005902
core   0: 0x00000000800060c8 (0x34202773) csrrs   a4, mcause, zero
core   0: 3 0x00000000800060c8 (0x34202773) x14 0x0000000000000002
core   0: 0x00000000800060cc (0x142026f3) csrrs   a3, scause, zero
core   0: 3 0x00000000800060cc (0x142026f3) x13 0x000000000000001f
core   0: 0x00000000800060d0 (0x30402673) csrrs   a2, mie, zero
core   0: 3 0x00000000800060d0 (0x30402673) x12 0x0000000000000a00
core   0: 0x00000000800060d4 (0x344025f3) csrrs   a1, mip, zero
core   0: 3 0x00000000800060d4 (0x344025f3) x11 0x0000000000000080
core   0: 0x00000000800060d8 (0x343025f3) csrrs   a1, mtval, zero
core   0: 3 0x00000000800060d8 (0x343025f3) x11 0x000000000338f553
core   0: 0x00000000800060dc (0x14302573) csrrs   a0, stval, zero
core   0: 3 0x00000000800060dc (0x14302573) x10 0x0000000000000003
core   0: 0x00000000800060e0 (0xb02024f3) csrrs   s1, minstret, zero
core   0: 3 0x00000000800060e0 (0xb02024f3) x9  0x0000000000001033
core   0: 0x00000000800060e4 (0x0000a811) c.j     pc + 20
core   0: 3 0x00000000800060e4 (0xa811)
core   0: >>>>  mepc_4
core   0: 0x00000000800060f8 (0x00000791) c.addi  a5, 4
core   0: 3 0x00000000800060f8 (0x0791) x15 0x0000000080005906
core   0: 0x00000000800060fa (0x34179073) csrrw   zero, mepc, a5
core   0: 3 0x00000000800060fa (0x34179073) c833_mepc 0x0000000080005906
core   0: 0x00000000800060fe (0x30200073) mret
core   0: 3 0x00000000800060fe (0x30200073) c768_mstatus 0x8000000a00106080
core   0: 0x0000000080005906 (0x420805d3) fcvt.d.s fa1, fa6
core   0: 1 0x0000000080005906 (0x420805d3) f11 0x7ff8000000000000
core   0: 0x000000008000590a (0x0025501b) srliw   zero, a0, 2
core   0: 1 0x000000008000590a (0x0025501b)
core   0: 0x000000008000590e (0x00035e1b) srliw   t3, t1, 0
core   0: 1 0x000000008000590e (0x00035e1b) x28 0x0000000000000375
core   0: 0x0000000080005912 (0x41c65c1b) sraiw   s8, a2, 28
core   0: 1 0x0000000080005912 (0x41c65c1b) x24 0x0000000000000000
core   0: 0x0000000080005916 (0x8004829b) addiw   t0, s1, -2048
core   0: 1 0x0000000080005916 (0x8004829b) x5  0x0000000000000833
core   0: 0x000000008000591a (0x40f5043b) subw    s0, a0, a5
core   0: 1 0x000000008000591a (0x40f5043b) x8  0x000000007fffa6fd
core   0: 0x000000008000591e (0x00000001) c.nop
core   0: 1 0x000000008000591e (0x0001)
core   0: 0x0000000080005920 (0x03d55bb3) divu    s7, a0, t4
core   0: 1 0x0000000080005920 (0x03d55bb3) x23 0xffffffffffffffff
core   0: 0x0000000080005924 (0x001ac893) xori    a7, s5, 1
core   0: 1 0x0000000080005924 (0x001ac893) x17 0x0000000000000001
core   0: 0x0000000080005928 (0x02bb633b) remw    t1, s6, a1
core   0: 1 0x0000000080005928 (0x02bb633b) x6  0xffffffffffffffff
core   0: 0x000000008000592c (0xe2040253) fmv.x.d tp, fs0
core   0: 1 0x000000008000592c (0xe2040253) x4  0x0000000000000000
core   0: 0x0000000080005930 (0x014a22b3) slt     t0, s4, s4
core   0: 1 0x0000000080005930 (0x014a22b3) x5  0x0000000000000000
core   0: 0x0000000080005934 (0x00102cf3) csrrs   s9, fflags, zero
core   0: 1 0x0000000080005934 (0x00102cf3) x25 0x000000000000001f
core   0: 0x0000000080005938 (0x5282fb47) fmsub.d fs6, ft5, fs0, fa0
core   0: exception trap_illegal_instruction, epc 0x0000000080005938
core   0:           tval 0x000000005282fb47
core   0: >>>>  $xrv64i2p1_m2p0_a2p1_f2p2_d2p2_zicsr2p0_zifencei2p0_zmmul1p0_zba1p0_zbb1p0_zbc1p0_zbs1p0
core   0: 0x0000000080004000 (0x0080006f) j       pc + 0x8
core   0: 3 0x0000000080004000 (0x0080006f)
core   0: >>>>  mmode_exception_handler
core   0: 0x0000000080004008 (0x00002c17) auipc   s8, 0x2
core   0: 3 0x0000000080004008 (0x00002c17) x24 0x0000000080006008
core   0: 0x000000008000400c (0x0bcc0c13) addi    s8, s8, 188
core   0: 3 0x000000008000400c (0x0bcc0c13) x24 0x00000000800060c4
core   0: 0x0000000080004010 (0x000c00e7) jalr    s8
core   0: 3 0x0000000080004010 (0x000c00e7) x1  0x0000000080004014
core   0: >>>>  any_handler
core   0: 0x00000000800060c4 (0x341027f3) csrrs   a5, mepc, zero
core   0: 3 0x00000000800060c4 (0x341027f3) x15 0x0000000080005938
core   0: 0x00000000800060c8 (0x34202773) csrrs   a4, mcause, zero
core   0: 3 0x00000000800060c8 (0x34202773) x14 0x0000000000000002
core   0: 0x00000000800060cc (0x142026f3) csrrs   a3, scause, zero
core   0: 3 0x00000000800060cc (0x142026f3) x13 0x000000000000001f
core   0: 0x00000000800060d0 (0x30402673) csrrs   a2, mie, zero
core   0: 3 0x00000000800060d0 (0x30402673) x12 0x0000000000000a00
core   0: 0x00000000800060d4 (0x344025f3) csrrs   a1, mip, zero
core   0: 3 0x00000000800060d4 (0x344025f3) x11 0x0000000000000080
core   0: 0x00000000800060d8 (0x343025f3) csrrs   a1, mtval, zero
core   0: 3 0x00000000800060d8 (0x343025f3) x11 0x000000005282fb47
core   0: 0x00000000800060dc (0x14302573) csrrs   a0, stval, zero
core   0: 3 0x00000000800060dc (0x14302573) x10 0x0000000000000003
core   0: 0x00000000800060e0 (0xb02024f3) csrrs   s1, minstret, zero
core   0: 3 0x00000000800060e0 (0xb02024f3) x9  0x0000000000001050
core   0: 0x00000000800060e4 (0x0000a811) c.j     pc + 20
core   0: 3 0x00000000800060e4 (0xa811)
core   0: >>>>  mepc_4
core   0: 0x00000000800060f8 (0x00000791) c.addi  a5, 4
core   0: 3 0x00000000800060f8 (0x0791) x15 0x000000008000593c
core   0: 0x00000000800060fa (0x34179073) csrrw   zero, mepc, a5
core   0: 3 0x00000000800060fa (0x34179073) c833_mepc 0x000000008000593c
core   0: 0x00000000800060fe (0x30200073) mret
core   0: 3 0x00000000800060fe (0x30200073) c768_mstatus 0x8000000a00106080
core   0: 0x000000008000593c (0xc21b7153) fcvt.wu.d sp, fs6
core   0: exception trap_illegal_instruction, epc 0x000000008000593c
core   0:           tval 0x00000000c21b7153
core   0: >>>>  $xrv64i2p1_m2p0_a2p1_f2p2_d2p2_zicsr2p0_zifencei2p0_zmmul1p0_zba1p0_zbb1p0_zbc1p0_zbs1p0
core   0: 0x0000000080004000 (0x0080006f) j       pc + 0x8
core   0: 3 0x0000000080004000 (0x0080006f)
core   0: >>>>  mmode_exception_handler
core   0: 0x0000000080004008 (0x00002c17) auipc   s8, 0x2
core   0: 3 0x0000000080004008 (0x00002c17) x24 0x0000000080006008
core   0: 0x000000008000400c (0x0bcc0c13) addi    s8, s8, 188
core   0: 3 0x000000008000400c (0x0bcc0c13) x24 0x00000000800060c4
core   0: 0x0000000080004010 (0x000c00e7) jalr    s8
core   0: 3 0x0000000080004010 (0x000c00e7) x1  0x0000000080004014
core   0: >>>>  any_handler
core   0: 0x00000000800060c4 (0x341027f3) csrrs   a5, mepc, zero
core   0: 3 0x00000000800060c4 (0x341027f3) x15 0x000000008000593c
core   0: 0x00000000800060c8 (0x34202773) csrrs   a4, mcause, zero
core   0: 3 0x00000000800060c8 (0x34202773) x14 0x0000000000000002
core   0: 0x00000000800060cc (0x142026f3) csrrs   a3, scause, zero
core   0: 3 0x00000000800060cc (0x142026f3) x13 0x000000000000001f
core   0: 0x00000000800060d0 (0x30402673) csrrs   a2, mie, zero
core   0: 3 0x00000000800060d0 (0x30402673) x12 0x0000000000000a00
core   0: 0x00000000800060d4 (0x344025f3) csrrs   a1, mip, zero
core   0: 3 0x00000000800060d4 (0x344025f3) x11 0x0000000000000080
core   0: 0x00000000800060d8 (0x343025f3) csrrs   a1, mtval, zero
core   0: 3 0x00000000800060d8 (0x343025f3) x11 0x00000000c21b7153
core   0: 0x00000000800060dc (0x14302573) csrrs   a0, stval, zero
core   0: 3 0x00000000800060dc (0x14302573) x10 0x0000000000000003
core   0: 0x00000000800060e0 (0xb02024f3) csrrs   s1, minstret, zero
core   0: 3 0x00000000800060e0 (0xb02024f3) x9  0x0000000000001060
core   0: 0x00000000800060e4 (0x0000a811) c.j     pc + 20
core   0: 3 0x00000000800060e4 (0xa811)
core   0: >>>>  mepc_4
core   0: 0x00000000800060f8 (0x00000791) c.addi  a5, 4
core   0: 3 0x00000000800060f8 (0x0791) x15 0x0000000080005940
core   0: 0x00000000800060fa (0x34179073) csrrw   zero, mepc, a5
core   0: 3 0x00000000800060fa (0x34179073) c833_mepc 0x0000000080005940
core   0: 0x00000000800060fe (0x30200073) mret
core   0: 3 0x00000000800060fe (0x30200073) c768_mstatus 0x8000000a00106080
core   0: 0x0000000080005940 (0x01ba7433) and     s0, s4, s11
core   0: 1 0x0000000080005940 (0x01ba7433) x8  0x0000000000000000
core   0: 0x0000000080005944 (0x0329ce3b) divw    t3, s3, s2
core   0: 1 0x0000000080005944 (0x0329ce3b) x28 0xffffffffffffffff
core   0: 0x0000000080005948 (0x4141db3b) sraw    s6, gp, s4
core   0: 1 0x0000000080005948 (0x4141db3b) x22 0xfffffffffb778c00
core   0: 0x000000008000594c (0xd23279d3) fcvt.d.lu fs3, tp
core   0: exception trap_illegal_instruction, epc 0x000000008000594c
core   0:           tval 0x00000000d23279d3
core   0: >>>>  $xrv64i2p1_m2p0_a2p1_f2p2_d2p2_zicsr2p0_zifencei2p0_zmmul1p0_zba1p0_zbb1p0_zbc1p0_zbs1p0
core   0: 0x0000000080004000 (0x0080006f) j       pc + 0x8
core   0: 3 0x0000000080004000 (0x0080006f)
core   0: >>>>  mmode_exception_handler
core   0: 0x0000000080004008 (0x00002c17) auipc   s8, 0x2
core   0: 3 0x0000000080004008 (0x00002c17) x24 0x0000000080006008
core   0: 0x000000008000400c (0x0bcc0c13) addi    s8, s8, 188
core   0: 3 0x000000008000400c (0x0bcc0c13) x24 0x00000000800060c4
core   0: 0x0000000080004010 (0x000c00e7) jalr    s8
core   0: 3 0x0000000080004010 (0x000c00e7) x1  0x0000000080004014
core   0: >>>>  any_handler
core   0: 0x00000000800060c4 (0x341027f3) csrrs   a5, mepc, zero
core   0: 3 0x00000000800060c4 (0x341027f3) x15 0x000000008000594c
core   0: 0x00000000800060c8 (0x34202773) csrrs   a4, mcause, zero
core   0: 3 0x00000000800060c8 (0x34202773) x14 0x0000000000000002
core   0: 0x00000000800060cc (0x142026f3) csrrs   a3, scause, zero
core   0: 3 0x00000000800060cc (0x142026f3) x13 0x000000000000001f
core   0: 0x00000000800060d0 (0x30402673) csrrs   a2, mie, zero
core   0: 3 0x00000000800060d0 (0x30402673) x12 0x0000000000000a00
core   0: 0x00000000800060d4 (0x344025f3) csrrs   a1, mip, zero
core   0: 3 0x00000000800060d4 (0x344025f3) x11 0x0000000000000080
core   0: 0x00000000800060d8 (0x343025f3) csrrs   a1, mtval, zero
core   0: 3 0x00000000800060d8 (0x343025f3) x11 0x00000000d23279d3
core   0: 0x00000000800060dc (0x14302573) csrrs   a0, stval, zero
core   0: 3 0x00000000800060dc (0x14302573) x10 0x0000000000000003
core   0: 0x00000000800060e0 (0xb02024f3) csrrs   s1, minstret, zero
core   0: 3 0x00000000800060e0 (0xb02024f3) x9  0x0000000000001073
core   0: 0x00000000800060e4 (0x0000a811) c.j     pc + 20
core   0: 3 0x00000000800060e4 (0xa811)
core   0: >>>>  mepc_4
core   0: 0x00000000800060f8 (0x00000791) c.addi  a5, 4
core   0: 3 0x00000000800060f8 (0x0791) x15 0x0000000080005950
core   0: 0x00000000800060fa (0x34179073) csrrw   zero, mepc, a5
core   0: 3 0x00000000800060fa (0x34179073) c833_mepc 0x0000000080005950
core   0: 0x00000000800060fe (0x30200073) mret
core   0: 3 0x00000000800060fe (0x30200073) c768_mstatus 0x8000000a00106080
core   0: 0x0000000080005950 (0x0251fbbb) remuw   s7, gp, t0
core   0: 1 0x0000000080005950 (0x0251fbbb) x23 0xffffffffb778c000
core   0: 0x0000000080005954 (0x0ff0000f) fence   iorw,iorw
core   0: 1 0x0000000080005954 (0x0ff0000f)
core   0: 0x0000000080005958 (0xf1372773) csrrs   a4, mimpid, a4
core   0: exception trap_illegal_instruction, epc 0x0000000080005958
core   0:           tval 0x00000000f1372773
core   0: >>>>  $xrv64i2p1_m2p0_a2p1_f2p2_d2p2_zicsr2p0_zifencei2p0_zmmul1p0_zba1p0_zbb1p0_zbc1p0_zbs1p0
core   0: 0x0000000080004000 (0x0080006f) j       pc + 0x8
core   0: 3 0x0000000080004000 (0x0080006f)
core   0: >>>>  mmode_exception_handler
core   0: 0x0000000080004008 (0x00002c17) auipc   s8, 0x2
core   0: 3 0x0000000080004008 (0x00002c17) x24 0x0000000080006008
core   0: 0x000000008000400c (0x0bcc0c13) addi    s8, s8, 188
core   0: 3 0x000000008000400c (0x0bcc0c13) x24 0x00000000800060c4
core   0: 0x0000000080004010 (0x000c00e7) jalr    s8
core   0: 3 0x0000000080004010 (0x000c00e7) x1  0x0000000080004014
core   0: >>>>  any_handler
core   0: 0x00000000800060c4 (0x341027f3) csrrs   a5, mepc, zero
core   0: 3 0x00000000800060c4 (0x341027f3) x15 0x0000000080005958
core   0: 0x00000000800060c8 (0x34202773) csrrs   a4, mcause, zero
core   0: 3 0x00000000800060c8 (0x34202773) x14 0x0000000000000002
core   0: 0x00000000800060cc (0x142026f3) csrrs   a3, scause, zero
core   0: 3 0x00000000800060cc (0x142026f3) x13 0x000000000000001f
core   0: 0x00000000800060d0 (0x30402673) csrrs   a2, mie, zero
core   0: 3 0x00000000800060d0 (0x30402673) x12 0x0000000000000a00
core   0: 0x00000000800060d4 (0x344025f3) csrrs   a1, mip, zero
core   0: 3 0x00000000800060d4 (0x344025f3) x11 0x0000000000000080
core   0: 0x00000000800060d8 (0x343025f3) csrrs   a1, mtval, zero
core   0: 3 0x00000000800060d8 (0x343025f3) x11 0x00000000f1372773
core   0: 0x00000000800060dc (0x14302573) csrrs   a0, stval, zero
core   0: 3 0x00000000800060dc (0x14302573) x10 0x0000000000000003
core   0: 0x00000000800060e0 (0xb02024f3) csrrs   s1, minstret, zero
core   0: 3 0x00000000800060e0 (0xb02024f3) x9  0x0000000000001085
core   0: 0x00000000800060e4 (0x0000a811) c.j     pc + 20
core   0: 3 0x00000000800060e4 (0xa811)
core   0: >>>>  mepc_4
core   0: 0x00000000800060f8 (0x00000791) c.addi  a5, 4
core   0: 3 0x00000000800060f8 (0x0791) x15 0x000000008000595c
core   0: 0x00000000800060fa (0x34179073) csrrw   zero, mepc, a5
core   0: 3 0x00000000800060fa (0x34179073) c833_mepc 0x000000008000595c
core   0: 0x00000000800060fe (0x30200073) mret
core   0: 3 0x00000000800060fe (0x30200073) c768_mstatus 0x8000000a00106080
core   0: 0x000000008000595c (0x002d9e73) csrrw   t3, frm, s11
core   0: 1 0x000000008000595c (0x002d9e73) x28 0x0000000000000007 c2_frm 0x0000000000000000
core   0: 0x0000000080005960 (0x03c353bb) divuw   t2, t1, t3
core   0: 1 0x0000000080005960 (0x03c353bb) x7  0x0000000024924924
core   0: 0x0000000080005964 (0x00d2513b) srlw    sp, tp, a3
core   0: 1 0x0000000080005964 (0x00d2513b) x2  0x0000000000000000
core   0: 0x0000000080005968 (0x0ff0000f) fence   iorw,iorw
core   0: 1 0x0000000080005968 (0x0ff0000f)
core   0: 0x000000008000596c (0x7ff8c993) xori    s3, a7, 2047
core   0: 1 0x000000008000596c (0x7ff8c993) x19 0x00000000000007fe
core   0: 0x0000000080005970 (0x2a5094d3) fmax.d  fs1, ft1, ft5
core   0: 1 0x0000000080005970 (0x2a5094d3) f9  0x41ee25ab2e600000
core   0: 0x0000000080005974 (0x001025f3) csrrs   a1, fflags, zero
core   0: 1 0x0000000080005974 (0x001025f3) x11 0x000000000000001f
core   0: 0x0000000080005978 (0x00102ef3) csrrs   t4, fflags, zero
core   0: 1 0x0000000080005978 (0x00102ef3) x29 0x000000000000001f
core   0: 0x000000008000597c (0x03defbb3) remu    s7, t4, t4
core   0: 1 0x000000008000597c (0x03defbb3) x23 0x0000000000000000
core   0: 0x0000000080005980 (0x03778bb3) mul     s7, a5, s7
core   0: 1 0x0000000080005980 (0x03778bb3) x23 0x0000000000000000
core   0: 0x0000000080005984 (0x0377f2bb) remuw   t0, a5, s7
core   0: 1 0x0000000080005984 (0x0377f2bb) x5  0xffffffff8000595c
core   0: 0x0000000080005988 (0xdadc1a37) lui     s4, 0xdadc1
core   0: 1 0x0000000080005988 (0xdadc1a37) x20 0xffffffffdadc1000
core   0: 0x000000008000598c (0x000a189b) slliw   a7, s4, 0
core   0: 1 0x000000008000598c (0x000a189b) x17 0xffffffffdadc1000
core   0: 0x0000000080005990 (0xf53d3217) auipc   tp, 0xf53d3
core   0: 1 0x0000000080005990 (0xf53d3217) x4  0x00000000753d8990
core   0: 0x0000000080005994 (0x01c3d49b) srliw   s1, t2, 28
core   0: 1 0x0000000080005994 (0x01c3d49b) x9  0x0000000000000002
core   0: 0x0000000080005998 (0x0ff0000f) fence   iorw,iorw
core   0: 1 0x0000000080005998 (0x0ff0000f)
core   0: 0x000000008000599c (0x420787d3) fcvt.d.s fa5, fa5
core   0: 1 0x000000008000599c (0x420787d3) f15 0x7ff8000000000000
core   0: 0x00000000800059a0 (0x01458233) add     tp, a1, s4
core   0: 1 0x00000000800059a0 (0x01458233) x4  0xffffffffdadc101f
core   0: 0x00000000800059a4 (0x00000001) c.nop
core   0: 1 0x00000000800059a4 (0x0001)
core   0: 0x00000000800059a6 (0xdf75cc13) xori    s8, a1, -521
core   0: 1 0x00000000800059a6 (0xdf75cc13) x24 0xfffffffffffffde8
core   0: 0x00000000800059aa (0xe20df243) fmadd.d ft4, fs11, ft0, ft8
core   0: 1 0x00000000800059aa (0xe20df243) f4  0x7ff8000000000000
core   0: 0x00000000800059ae (0x018396b3) sll     a3, t2, s8
core   0: 1 0x00000000800059ae (0x018396b3) x13 0x9249240000000000
core   0: 0x00000000800059b2 (0x02dc6d3b) remw    s10, s8, a3
core   0: 1 0x00000000800059b2 (0x02dc6d3b) x26 0xfffffffffffffde8
core   0: 0x00000000800059b6 (0x02624e33) div     t3, tp, t1
core   0: 1 0x00000000800059b6 (0x02624e33) x28 0x000000002523efe1
core   0: 0x00000000800059ba (0x00000001) c.nop
core   0: 1 0x00000000800059ba (0x0001)
core   0: 0x00000000800059bc (0x000d6c93) ori     s9, s10, 0
core   0: 1 0x00000000800059bc (0x000d6c93) x25 0xfffffffffffffde8
core   0: 0x00000000800059c0 (0x6b8c0c13) addi    s8, s8, 1720
core   0: 1 0x00000000800059c0 (0x6b8c0c13) x24 0x00000000000004a0
core   0: 0x00000000800059c4 (0xd2bbf1cb) fnmsub.d ft3, fs7, fa1, fs10
core   0: 1 0x00000000800059c4 (0xd2bbf1cb) f3  0x7ff8000000000000
core   0: 0x00000000800059c8 (0x009c4033) xor     zero, s8, s1
core   0: 1 0x00000000800059c8 (0x009c4033)
core   0: 0x00000000800059cc (0x40c38dbb) subw    s11, t2, a2
core   0: 1 0x00000000800059cc (0x40c38dbb) x27 0x0000000024923f24
core   0: 0x00000000800059d0 (0xc035f453) fcvt.lu.s s0, fa1
core   0: 1 0x00000000800059d0 (0xc035f453) c1_fflags 0x000000000000001f x8  0xffffffffffffffff
core   0: 0x00000000800059d4 (0x037a8bbb) mulw    s7, s5, s7
core   0: 1 0x00000000800059d4 (0x037a8bbb) x23 0x0000000000000000
core   0: 0x00000000800059d8 (0x417454bb) sraw    s1, s0, s7
core   0: 1 0x00000000800059d8 (0x417454bb) x9  0xffffffffffffffff
core   0: 0x00000000800059dc (0xd23bf853) fcvt.d.lu fa6, s7
core   0: 1 0x00000000800059dc (0xd23bf853) f16 0x0000000000000000
core   0: 0x00000000800059e0 (0x02930cbb) mulw    s9, t1, s1
core   0: 1 0x00000000800059e0 (0x02930cbb) x25 0x0000000000000001
core   0: 0x00000000800059e4 (0x4d9c031b) addiw   t1, s8, 1241
core   0: 1 0x00000000800059e4 (0x4d9c031b) x6  0x0000000000000979
core   0: 0x00000000800059e8 (0xd0347fd3) fcvt.s.lu ft11, s0
core   0: 1 0x00000000800059e8 (0xd0347fd3) c1_fflags 0x000000000000001f f31 0xffffffff5f800000
core   0: 0x00000000800059ec (0x01f49e9b) slliw   t4, s1, 31
core   0: 1 0x00000000800059ec (0x01f49e9b) x29 0xffffffff80000000
core   0: 0x00000000800059f0 (0x027eadb3) mulhsu  s11, t4, t2
core   0: 1 0x00000000800059f0 (0x027eadb3) x27 0xffffffffffffffff
core   0: 0x00000000800059f4 (0x22e810d3) fsgnjn.d ft1, fa6, fa4
core   0: 1 0x00000000800059f4 (0x22e810d3) f1  0x8000000000000000
core   0: 0x00000000800059f8 (0x00237333) and     t1, t1, sp
core   0: 1 0x00000000800059f8 (0x00237333) x6  0x0000000000000000
core   0: 0x00000000800059fc (0x2a5088d3) fmin.d  fa7, ft1, ft5
core   0: 1 0x00000000800059fc (0x2a5088d3) f17 0x8000000000000000
core   0: 0x0000000080005a00 (0x22ea1f53) fsgnjn.d ft10, fs4, fa4
core   0: 1 0x0000000080005a00 (0x22ea1f53) f30 0xfff8000000000000
core   0: 0x0000000080005a04 (0x007720b3) slt     ra, a4, t2
core   0: 1 0x0000000080005a04 (0x007720b3) x1  0x0000000000000001
core   0: 0x0000000080005a08 (0x00a59d3b) sllw    s10, a1, a0
core   0: 1 0x0000000080005a08 (0x00a59d3b) x26 0x00000000000000f8
core   0: 0x0000000080005a0c (0x408481b3) sub     gp, s1, s0
core   0: 1 0x0000000080005a0c (0x408481b3) x3  0x0000000000000000
core   0: 0x0000000080005a10 (0x03f45113) srli    sp, s0, 63
core   0: 1 0x0000000080005a10 (0x03f45113) x2  0x0000000000000001
core   0: 0x0000000080005a14 (0x4189dc3b) sraw    s8, s3, s8
core   0: 1 0x0000000080005a14 (0x4189dc3b) x24 0x00000000000007fe
core   0: 0x0000000080005a18 (0x0181083b) addw    a6, sp, s8
core   0: 1 0x0000000080005a18 (0x0181083b) x16 0x00000000000007ff
core   0: 0x0000000080005a1c (0x001391bb) sllw    gp, t2, ra
core   0: 1 0x0000000080005a1c (0x001391bb) x3  0x0000000049249248
core   0: 0x0000000080005a20 (0x0ff0000f) fence   iorw,iorw
core   0: 1 0x0000000080005a20 (0x0ff0000f)
core   0: 0x0000000080005a24 (0x67870b13) addi    s6, a4, 1656
core   0: 1 0x0000000080005a24 (0x67870b13) x22 0x000000000000067a
core   0: 0x0000000080005a28 (0x0242733b) remuw   t1, tp, tp
core   0: 1 0x0000000080005a28 (0x0242733b) x6  0x0000000000000000
core   0: 0x0000000080005a2c (0x01dc5e3b) srlw    t3, s8, t4
core   0: 1 0x0000000080005a2c (0x01dc5e3b) x28 0x00000000000007fe
core   0: 0x0000000080005a30 (0xc064f1f3) csrrci  gp, hpmcounter6, 9
core   0: exception trap_illegal_instruction, epc 0x0000000080005a30
core   0:           tval 0x00000000c064f1f3
core   0: >>>>  $xrv64i2p1_m2p0_a2p1_f2p2_d2p2_zicsr2p0_zifencei2p0_zmmul1p0_zba1p0_zbb1p0_zbc1p0_zbs1p0
core   0: 0x0000000080004000 (0x0080006f) j       pc + 0x8
core   0: 3 0x0000000080004000 (0x0080006f)
core   0: >>>>  mmode_exception_handler
core   0: 0x0000000080004008 (0x00002c17) auipc   s8, 0x2
core   0: 3 0x0000000080004008 (0x00002c17) x24 0x0000000080006008
core   0: 0x000000008000400c (0x0bcc0c13) addi    s8, s8, 188
core   0: 3 0x000000008000400c (0x0bcc0c13) x24 0x00000000800060c4
core   0: 0x0000000080004010 (0x000c00e7) jalr    s8
core   0: 3 0x0000000080004010 (0x000c00e7) x1  0x0000000080004014
core   0: >>>>  any_handler
core   0: 0x00000000800060c4 (0x341027f3) csrrs   a5, mepc, zero
core   0: 3 0x00000000800060c4 (0x341027f3) x15 0x0000000080005a30
core   0: 0x00000000800060c8 (0x34202773) csrrs   a4, mcause, zero
core   0: 3 0x00000000800060c8 (0x34202773) x14 0x0000000000000002
core   0: 0x00000000800060cc (0x142026f3) csrrs   a3, scause, zero
core   0: 3 0x00000000800060cc (0x142026f3) x13 0x000000000000001f
core   0: 0x00000000800060d0 (0x30402673) csrrs   a2, mie, zero
core   0: 3 0x00000000800060d0 (0x30402673) x12 0x0000000000000a00
core   0: 0x00000000800060d4 (0x344025f3) csrrs   a1, mip, zero
core   0: 3 0x00000000800060d4 (0x344025f3) x11 0x0000000000000080
core   0: 0x00000000800060d8 (0x343025f3) csrrs   a1, mtval, zero
core   0: 3 0x00000000800060d8 (0x343025f3) x11 0x00000000c064f1f3
core   0: 0x00000000800060dc (0x14302573) csrrs   a0, stval, zero
core   0: 3 0x00000000800060dc (0x14302573) x10 0x0000000000000003
core   0: 0x00000000800060e0 (0xb02024f3) csrrs   s1, minstret, zero
core   0: 3 0x00000000800060e0 (0xb02024f3) x9  0x00000000000010cb
core   0: 0x00000000800060e4 (0x0000a811) c.j     pc + 20
core   0: 3 0x00000000800060e4 (0xa811)
core   0: >>>>  mepc_4
core   0: 0x00000000800060f8 (0x00000791) c.addi  a5, 4
core   0: 3 0x00000000800060f8 (0x0791) x15 0x0000000080005a34
core   0: 0x00000000800060fa (0x34179073) csrrw   zero, mepc, a5
core   0: 3 0x00000000800060fa (0x34179073) c833_mepc 0x0000000080005a34
core   0: 0x00000000800060fe (0x30200073) mret
core   0: 3 0x00000000800060fe (0x30200073) c768_mstatus 0x8000000a00106080
core   0: 0x0000000080005a34 (0x07ba4313) xori    t1, s4, 123
core   0: 1 0x0000000080005a34 (0x07ba4313) x6  0xffffffffdadc107b
core   0: 0x0000000080005a38 (0x0326e6bb) remw    a3, a3, s2
core   0: 1 0x0000000080005a38 (0x0326e6bb) x13 0x000000000000001f
core   0: 0x0000000080005a3c (0xd037f353) fcvt.s.lu ft6, a5
core   0: 1 0x0000000080005a3c (0xd037f353) c1_fflags 0x000000000000001f f6  0xffffffff4f00005a
core   0: 0x0000000080005a40 (0x0007d01b) srliw   zero, a5, 0
core   0: 1 0x0000000080005a40 (0x0007d01b)
core   0: 0x0000000080005a44 (0xd228f9d3) fcvt.d.l fs3, a7
core   0: 1 0x0000000080005a44 (0xd228f9d3) f19 0xc1c291f800000000
core   0: 0x0000000080005a48 (0x00d14133) xor     sp, sp, a3
core   0: 1 0x0000000080005a48 (0x00d14133) x2  0x000000000000001e
core   0: 0x0000000080005a4c (0x02927253) fadd.d  ft4, ft4, fs1
core   0: 1 0x0000000080005a4c (0x02927253) f4  0x7ff8000000000000
core   0: 0x0000000080005a50 (0x02aa2e33) mulhsu  t3, s4, a0
core   0: 1 0x0000000080005a50 (0x02aa2e33) x28 0xffffffffffffffff
core   0: 0x0000000080005a54 (0x9bdb77c3) fmadd.d fa5, fs6, ft9, fs3
core   0: 1 0x0000000080005a54 (0x9bdb77c3) f15 0x7ff8000000000000
core   0: 0x0000000080005a58 (0xc234f0d3) fcvt.lu.d ra, fs1
core   0: 1 0x0000000080005a58 (0xc234f0d3) x1  0x00000000f12d5973
core   0: 0x0000000080005a5c (0x00c6003b) addw    zero, a2, a2
core   0: 1 0x0000000080005a5c (0x00c6003b)
core   0: 0x0000000080005a60 (0xc037f453) fcvt.lu.s s0, fa5
core   0: 1 0x0000000080005a60 (0xc037f453) c1_fflags 0x000000000000001f x8  0xffffffffffffffff
core   0: 0x0000000080005a64 (0x03d78e33) mul     t3, a5, t4
core   0: 1 0x0000000080005a64 (0x03d78e33) x28 0xbfffd2e600000000
core   0: 0x0000000080005a68 (0x401d7fd3) fcvt.s.d ft11, fs10
core   0: 1 0x0000000080005a68 (0x401d7fd3) f31 0xffffffff7fc00000
core   0: 0x0000000080005a6c (0x0225a833) mulhsu  a6, a1, sp
core   0: 1 0x0000000080005a6c (0x0225a833) x16 0x0000000000000000
core   0: 0x0000000080005a70 (0x001023f3) csrrs   t2, fflags, zero
core   0: 1 0x0000000080005a70 (0x001023f3) x7  0x000000000000001f
core   0: 0x0000000080005a74 (0x5a0e7ad3) fsqrt.d fs5, ft8
core   0: 1 0x0000000080005a74 (0x5a0e7ad3) f21 0x7ff8000000000000
core   0: 0x0000000080005a78 (0x40ae8d3b) subw    s10, t4, a0
core   0: 1 0x0000000080005a78 (0x40ae8d3b) x26 0x000000007ffffffd
core   0: 0x0000000080005a7c (0xfd9df837) lui     a6, 0xfd9df
core   0: 1 0x0000000080005a7c (0xfd9df837) x16 0xfffffffffd9df000
core   0: 0x0000000080005a80 (0xc438081b) addiw   a6, a6, -957
core   0: 1 0x0000000080005a80 (0xc438081b) x16 0xfffffffffd9dec43
core   0: 0x0000000080005a84 (0x00000832) c.slli  a6, 12
core   0: 1 0x0000000080005a84 (0x0832) x16 0xffffffd9dec43000
core   0: 0x0000000080005a86 (0xa3280813) addi    a6, a6, -1486
core   0: 1 0x0000000080005a86 (0xa3280813) x16 0xffffffd9dec42a32
core   0: 0x0000000080005a8a (0x61dbe1b7) lui     gp, 0x61dbe
core   0: 1 0x0000000080005a8a (0x61dbe1b7) x3  0x0000000061dbe000
core   0: 0x0000000080005a8e (0x002199f3) csrrw   s3, frm, gp
core   0: 1 0x0000000080005a8e (0x002199f3) x19 0x0000000000000000 c2_frm 0x0000000000000000
core   0: 0x0000000080005a92 (0x4105083b) subw    a6, a0, a6
core   0: 1 0x0000000080005a92 (0x4105083b) x16 0x00000000213bd5d1
core   0: 0x0000000080005a96 (0xd2287753) fcvt.d.l fa4, a6
core   0: 1 0x0000000080005a96 (0xd2287753) f14 0x41c09deae8800000
core   0: 0x0000000080005a9a (0x01c04233) xor     tp, zero, t3
core   0: 1 0x0000000080005a9a (0x01c04233) x4  0xbfffd2e600000000
core   0: 0x0000000080005a9e (0x41b90733) sub     a4, s2, s11
core   0: 1 0x0000000080005a9e (0x41b90733) x14 0xffffffffb778c000
core   0: 0x0000000080005aa2 (0x032ed893) srli    a7, t4, 50
core   0: 1 0x0000000080005aa2 (0x032ed893) x17 0x0000000000003fff
core   0: 0x0000000080005aa6 (0xc06999f3) csrrw   s3, hpmcounter6, s3
core   0: exception trap_illegal_instruction, epc 0x0000000080005aa6
core   0:           tval 0x00000000c06999f3
core   0: >>>>  $xrv64i2p1_m2p0_a2p1_f2p2_d2p2_zicsr2p0_zifencei2p0_zmmul1p0_zba1p0_zbb1p0_zbc1p0_zbs1p0
core   0: 0x0000000080004000 (0x0080006f) j       pc + 0x8
core   0: 3 0x0000000080004000 (0x0080006f)
core   0: >>>>  mmode_exception_handler
core   0: 0x0000000080004008 (0x00002c17) auipc   s8, 0x2
core   0: 3 0x0000000080004008 (0x00002c17) x24 0x0000000080006008
core   0: 0x000000008000400c (0x0bcc0c13) addi    s8, s8, 188
core   0: 3 0x000000008000400c (0x0bcc0c13) x24 0x00000000800060c4
core   0: 0x0000000080004010 (0x000c00e7) jalr    s8
core   0: 3 0x0000000080004010 (0x000c00e7) x1  0x0000000080004014
core   0: >>>>  any_handler
core   0: 0x00000000800060c4 (0x341027f3) csrrs   a5, mepc, zero
core   0: 3 0x00000000800060c4 (0x341027f3) x15 0x0000000080005aa6
core   0: 0x00000000800060c8 (0x34202773) csrrs   a4, mcause, zero
core   0: 3 0x00000000800060c8 (0x34202773) x14 0x0000000000000002
core   0: 0x00000000800060cc (0x142026f3) csrrs   a3, scause, zero
core   0: 3 0x00000000800060cc (0x142026f3) x13 0x000000000000001f
core   0: 0x00000000800060d0 (0x30402673) csrrs   a2, mie, zero
core   0: 3 0x00000000800060d0 (0x30402673) x12 0x0000000000000a00
core   0: 0x00000000800060d4 (0x344025f3) csrrs   a1, mip, zero
core   0: 3 0x00000000800060d4 (0x344025f3) x11 0x0000000000000080
core   0: 0x00000000800060d8 (0x343025f3) csrrs   a1, mtval, zero
core   0: 3 0x00000000800060d8 (0x343025f3) x11 0x00000000c06999f3
core   0: 0x00000000800060dc (0x14302573) csrrs   a0, stval, zero
core   0: 3 0x00000000800060dc (0x14302573) x10 0x0000000000000003
core   0: 0x00000000800060e0 (0xb02024f3) csrrs   s1, minstret, zero
core   0: 3 0x00000000800060e0 (0xb02024f3) x9  0x00000000000010f8
core   0: 0x00000000800060e4 (0x0000a811) c.j     pc + 20
core   0: 3 0x00000000800060e4 (0xa811)
core   0: >>>>  mepc_4
core   0: 0x00000000800060f8 (0x00000791) c.addi  a5, 4
core   0: 3 0x00000000800060f8 (0x0791) x15 0x0000000080005aaa
core   0: 0x00000000800060fa (0x34179073) csrrw   zero, mepc, a5
core   0: 3 0x00000000800060fa (0x34179073) c833_mepc 0x0000000080005aaa
core   0: 0x00000000800060fe (0x30200073) mret
core   0: 3 0x00000000800060fe (0x30200073) c768_mstatus 0x8000000a00106080
core   0: 0x0000000080005aaa (0x00202d73) csrrs   s10, frm, zero
core   0: 1 0x0000000080005aaa (0x00202d73) x26 0x0000000000000000
core   0: 0x0000000080005aae (0x03bc713b) remuw   sp, s8, s11
core   0: 1 0x0000000080005aae (0x03bc713b) x2  0xffffffff800060c4
core   0: 0x0000000080005ab2 (0x00045513) srli    a0, s0, 0
core   0: 1 0x0000000080005ab2 (0x00045513) x10 0xffffffffffffffff
core   0: 0x0000000080005ab6 (0x00496d33) or      s10, s2, tp
core   0: 1 0x0000000080005ab6 (0x00496d33) x26 0xffffffffb778bfff
core   0: 0x0000000080005aba (0x017250b3) srl     ra, tp, s7
core   0: 1 0x0000000080005aba (0x017250b3) x1  0xbfffd2e600000000
core   0: 0x0000000080005abe (0x037f6537) lui     a0, 0x37f6
core   0: 1 0x0000000080005abe (0x037f6537) x10 0x00000000037f6000
core   0: 0x0000000080005ac2 (0x63b5051b) addiw   a0, a0, 1595
core   0: 1 0x0000000080005ac2 (0x63b5051b) x10 0x00000000037f663b
core   0: 0x0000000080005ac6 (0x00000536) c.slli  a0, 13
core   0: 1 0x0000000080005ac6 (0x0536) x10 0x0000006fecc76000
core   0: 0x0000000080005ac8 (0xf7350513) addi    a0, a0, -141
core   0: 1 0x0000000080005ac8 (0xf7350513) x10 0x0000006fecc75f73
core   0: 0x0000000080005acc (0xaa65c313) xori    t1, a1, -1370
core   0: 1 0x0000000080005acc (0xaa65c313) x6  0xffffffff3f966355
core   0: 0x0000000080005ad0 (0x03c947bb) divw    a5, s2, t3
core   0: 1 0x0000000080005ad0 (0x03c947bb) x15 0xffffffffffffffff
core   0: 0x0000000080005ad4 (0x000e1493) slli    s1, t3, 0
core   0: 1 0x0000000080005ad4 (0x000e1493) x9  0xbfffd2e600000000
core   0: 0x0000000080005ad8 (0x141999f3) csrrw   s3, sepc, s3
core   0: 1 0x0000000080005ad8 (0x141999f3) x19 0x0000000000000000 c321_sepc 0x0000000000000000
core   0: 0x0000000080005adc (0x344995f3) csrrw   a1, mip, s3
core   0: exception trap_illegal_instruction, epc 0x0000000080005adc
core   0:           tval 0x00000000344995f3
core   0: >>>>  $xrv64i2p1_m2p0_a2p1_f2p2_d2p2_zicsr2p0_zifencei2p0_zmmul1p0_zba1p0_zbb1p0_zbc1p0_zbs1p0
core   0: 0x0000000080004000 (0x0080006f) j       pc + 0x8
core   0: 3 0x0000000080004000 (0x0080006f)
core   0: >>>>  mmode_exception_handler
core   0: 0x0000000080004008 (0x00002c17) auipc   s8, 0x2
core   0: 3 0x0000000080004008 (0x00002c17) x24 0x0000000080006008
core   0: 0x000000008000400c (0x0bcc0c13) addi    s8, s8, 188
core   0: 3 0x000000008000400c (0x0bcc0c13) x24 0x00000000800060c4
core   0: 0x0000000080004010 (0x000c00e7) jalr    s8
core   0: 3 0x0000000080004010 (0x000c00e7) x1  0x0000000080004014
core   0: >>>>  any_handler
core   0: 0x00000000800060c4 (0x341027f3) csrrs   a5, mepc, zero
core   0: 3 0x00000000800060c4 (0x341027f3) x15 0x0000000080005adc
core   0: 0x00000000800060c8 (0x34202773) csrrs   a4, mcause, zero
core   0: 3 0x00000000800060c8 (0x34202773) x14 0x0000000000000002
core   0: 0x00000000800060cc (0x142026f3) csrrs   a3, scause, zero
core   0: 3 0x00000000800060cc (0x142026f3) x13 0x000000000000001f
core   0: 0x00000000800060d0 (0x30402673) csrrs   a2, mie, zero
core   0: 3 0x00000000800060d0 (0x30402673) x12 0x0000000000000a00
core   0: 0x00000000800060d4 (0x344025f3) csrrs   a1, mip, zero
core   0: 3 0x00000000800060d4 (0x344025f3) x11 0x0000000000000080
core   0: 0x00000000800060d8 (0x343025f3) csrrs   a1, mtval, zero
core   0: 3 0x00000000800060d8 (0x343025f3) x11 0x00000000344995f3
core   0: 0x00000000800060dc (0x14302573) csrrs   a0, stval, zero
core   0: 3 0x00000000800060dc (0x14302573) x10 0x0000000000000003
core   0: 0x00000000800060e0 (0xb02024f3) csrrs   s1, minstret, zero
core   0: 3 0x00000000800060e0 (0xb02024f3) x9  0x0000000000001115
core   0: 0x00000000800060e4 (0x0000a811) c.j     pc + 20
core   0: 3 0x00000000800060e4 (0xa811)
core   0: >>>>  mepc_4
core   0: 0x00000000800060f8 (0x00000791) c.addi  a5, 4
core   0: 3 0x00000000800060f8 (0x0791) x15 0x0000000080005ae0
core   0: 0x00000000800060fa (0x34179073) csrrw   zero, mepc, a5
core   0: 3 0x00000000800060fa (0x34179073) c833_mepc 0x0000000080005ae0
core   0: 0x00000000800060fe (0x30200073) mret
core   0: 3 0x00000000800060fe (0x30200073) c768_mstatus 0x8000000a00106080
core   0: 0x0000000080005ae0 (0x4255d413) srai    s0, a1, 37
core   0: 1 0x0000000080005ae0 (0x4255d413) x8  0x0000000000000000
core   0: 0x0000000080005ae4 (0x02cc0633) mul     a2, s8, a2
core   0: 1 0x0000000080005ae4 (0x02cc0633) x12 0x0000050003c7a800
core   0: 0x0000000080005ae8 (0x416c589b) sraiw   a7, s8, 22
core   0: 1 0x0000000080005ae8 (0x416c589b) x17 0xfffffffffffffe00
core   0: 0x0000000080005aec (0x00000001) c.nop
core   0: 1 0x0000000080005aec (0x0001)
core   0: 0x0000000080005aee (0x02aca1b3) mulhsu  gp, s9, a0
core   0: 1 0x0000000080005aee (0x02aca1b3) x3  0x0000000000000000
core   0: 0x0000000080005af2 (0x019c0c3b) addw    s8, s8, s9
core   0: 1 0x0000000080005af2 (0x019c0c3b) x24 0xffffffff800060c5
core   0: 0x0000000080005af6 (0xc20af753) fcvt.w.d a4, fs5
core   0: 1 0x0000000080005af6 (0xc20af753) c1_fflags 0x000000000000001f x14 0x000000007fffffff
core   0: 0x0000000080005afa (0x229710d3) fsgnjn.d ft1, fa4, fs1
core   0: 1 0x0000000080005afa (0x229710d3) f1  0xc1c09deae8800000
core   0: 0x0000000080005afe (0x40075ab3) sra     s5, a4, zero
core   0: 1 0x0000000080005afe (0x40075ab3) x21 0x000000007fffffff
core   0: 0x0000000080005b02 (0xc020f973) csrrci  s2, instret, 1
core   0: exception trap_illegal_instruction, epc 0x0000000080005b02
core   0:           tval 0x00000000c020f973
core   0: >>>>  $xrv64i2p1_m2p0_a2p1_f2p2_d2p2_zicsr2p0_zifencei2p0_zmmul1p0_zba1p0_zbb1p0_zbc1p0_zbs1p0
core   0: 0x0000000080004000 (0x0080006f) j       pc + 0x8
core   0: 3 0x0000000080004000 (0x0080006f)
core   0: >>>>  mmode_exception_handler
core   0: 0x0000000080004008 (0x00002c17) auipc   s8, 0x2
core   0: 3 0x0000000080004008 (0x00002c17) x24 0x0000000080006008
core   0: 0x000000008000400c (0x0bcc0c13) addi    s8, s8, 188
core   0: 3 0x000000008000400c (0x0bcc0c13) x24 0x00000000800060c4
core   0: 0x0000000080004010 (0x000c00e7) jalr    s8
core   0: 3 0x0000000080004010 (0x000c00e7) x1  0x0000000080004014
core   0: >>>>  any_handler
core   0: 0x00000000800060c4 (0x341027f3) csrrs   a5, mepc, zero
core   0: 3 0x00000000800060c4 (0x341027f3) x15 0x0000000080005b02
core   0: 0x00000000800060c8 (0x34202773) csrrs   a4, mcause, zero
core   0: 3 0x00000000800060c8 (0x34202773) x14 0x0000000000000002
core   0: 0x00000000800060cc (0x142026f3) csrrs   a3, scause, zero
core   0: 3 0x00000000800060cc (0x142026f3) x13 0x000000000000001f
core   0: 0x00000000800060d0 (0x30402673) csrrs   a2, mie, zero
core   0: 3 0x00000000800060d0 (0x30402673) x12 0x0000000000000a00
core   0: 0x00000000800060d4 (0x344025f3) csrrs   a1, mip, zero
core   0: 3 0x00000000800060d4 (0x344025f3) x11 0x0000000000000080
core   0: 0x00000000800060d8 (0x343025f3) csrrs   a1, mtval, zero
core   0: 3 0x00000000800060d8 (0x343025f3) x11 0x00000000c020f973
core   0: 0x00000000800060dc (0x14302573) csrrs   a0, stval, zero
core   0: 3 0x00000000800060dc (0x14302573) x10 0x0000000000000003
core   0: 0x00000000800060e0 (0xb02024f3) csrrs   s1, minstret, zero
core   0: 3 0x00000000800060e0 (0xb02024f3) x9  0x000000000000112e
core   0: 0x00000000800060e4 (0x0000a811) c.j     pc + 20
core   0: 3 0x00000000800060e4 (0xa811)
core   0: >>>>  mepc_4
core   0: 0x00000000800060f8 (0x00000791) c.addi  a5, 4
core   0: 3 0x00000000800060f8 (0x0791) x15 0x0000000080005b06
core   0: 0x00000000800060fa (0x34179073) csrrw   zero, mepc, a5
core   0: 3 0x00000000800060fa (0x34179073) c833_mepc 0x0000000080005b06
core   0: 0x00000000800060fe (0x30200073) mret
core   0: 3 0x00000000800060fe (0x30200073) c768_mstatus 0x8000000a00106080
core   0: 0x0000000080005b06 (0xd2357bd3) fcvt.d.lu fs7, a0
core   0: 1 0x0000000080005b06 (0xd2357bd3) f23 0x4008000000000000
core   0: 0x0000000080005b0a (0x00aa85b3) add     a1, s5, a0
core   0: 1 0x0000000080005b0a (0x00aa85b3) x11 0x0000000080000002
core   0: 0x0000000080005b0e (0x0371021b) addiw   tp, sp, 55
core   0: 1 0x0000000080005b0e (0x0371021b) x4  0xffffffff800060fb
core   0: 0x0000000080005b12 (0x4009509b) sraiw   ra, s2, 0
core   0: 1 0x0000000080005b12 (0x4009509b) x1  0xffffffffb778bfff
core   0: 0x0000000080005b16 (0x031855b3) divu    a1, a6, a7
core   0: 1 0x0000000080005b16 (0x031855b3) x11 0x0000000000000000
core   0: 0x0000000080005b1a (0x015a1093) slli    ra, s4, 21
core   0: 1 0x0000000080005b1a (0x015a1093) x1  0xfffb5b8200000000
core   0: 0x0000000080005b1e (0x033aa9b3) mulhsu  s3, s5, s3
core   0: 1 0x0000000080005b1e (0x033aa9b3) x19 0x0000000000000000
core   0: 0x0000000080005b22 (0x8008839b) addiw   t2, a7, -2048
core   0: 1 0x0000000080005b22 (0x8008839b) x7  0xfffffffffffff600
core   0: 0x0000000080005b26 (0x02789913) slli    s2, a7, 39
core   0: 1 0x0000000080005b26 (0x02789913) x18 0xffff000000000000
core   0: 0x0000000080005b2a (0xd222f653) fcvt.d.l fa2, t0
core   0: 1 0x0000000080005b2a (0xd222f653) f12 0xc1dfffe9a9000000
core   0: 0x0000000080005b2e (0x00189bf3) csrrw   s7, fflags, a7
core   0: 1 0x0000000080005b2e (0x00189bf3) x23 0x000000000000001f c1_fflags 0x0000000000000000
core   0: 0x0000000080005b32 (0xf9934d37) lui     s10, 0xf9934
core   0: 1 0x0000000080005b32 (0xf9934d37) x26 0xfffffffff9934000
core   0: 0x0000000080005b36 (0xd83d0d1b) addiw   s10, s10, -637
core   0: 1 0x0000000080005b36 (0xd83d0d1b) x26 0xfffffffff9933d83
core   0: 0x0000000080005b3a (0x00000d32) c.slli  s10, 12
core   0: 1 0x0000000080005b3a (0x0d32) x26 0xffffff9933d83000
core   0: 0x0000000080005b3c (0x4e1d0d13) addi    s10, s10, 1249
core   0: 1 0x0000000080005b3c (0x4e1d0d13) x26 0xffffff9933d834e1
core   0: 0x0000000080005b40 (0xd227f7d3) fcvt.d.l fa5, a5
core   0: 1 0x0000000080005b40 (0xd227f7d3) f15 0x41e0000b60c00000
core   0: 0x0000000080005b44 (0x4a4274cb) fnmsub.d fs1, ft4, ft4, fs1
core   0: 1 0x0000000080005b44 (0x4a4274cb) f9  0x7ff8000000000000
core   0: 0x0000000080005b48 (0x00202d73) csrrs   s10, frm, zero
core   0: 1 0x0000000080005b48 (0x00202d73) x26 0x0000000000000000
core   0: 0x0000000080005b4c (0x22f27643) fmadd.d fa2, ft4, fa5, ft4
core   0: 1 0x0000000080005b4c (0x22f27643) f12 0x7ff8000000000000
core   0: 0x0000000080005b50 (0x00609e3b) sllw    t3, ra, t1
core   0: 1 0x0000000080005b50 (0x00609e3b) x28 0x0000000000000000
core   0: 0x0000000080005b54 (0x4017da1b) sraiw   s4, a5, 1
core   0: 1 0x0000000080005b54 (0x4017da1b) x20 0xffffffffc0002d83
core   0: 0x0000000080005b58 (0xc03d7c53) fcvt.lu.s s8, fs10
core   0: 1 0x0000000080005b58 (0xc03d7c53) c1_fflags 0x0000000000000010 x24 0xffffffffffffffff
core   0: 0x0000000080005b5c (0x410e5e3b) sraw    t3, t3, a6
core   0: 1 0x0000000080005b5c (0x410e5e3b) x28 0x0000000000000000
core   0: 0x0000000080005b60 (0x01c9f233) and     tp, s3, t3
core   0: 1 0x0000000080005b60 (0x01c9f233) x4  0x0000000000000000
core   0: 0x0000000080005b64 (0xc02b77d3) fcvt.l.s a5, fs6
core   0: 1 0x0000000080005b64 (0xc02b77d3) c1_fflags 0x0000000000000010 x15 0x7fffffffffffffff
core   0: 0x0000000080005b68 (0x40157d53) fcvt.s.d fs10, fa0
core   0: 1 0x0000000080005b68 (0x40157d53) f26 0xffffffff00000000
core   0: 0x0000000080005b6c (0x027e1993) slli    s3, t3, 39
core   0: 1 0x0000000080005b6c (0x027e1993) x19 0x0000000000000000
core   0: 0x0000000080005b70 (0x141ff673) csrrci  a2, sepc, 31
core   0: 1 0x0000000080005b70 (0x141ff673) x12 0x0000000000000000 c321_sepc 0x0000000000000000
core   0: 0x0000000080005b74 (0x03f49c93) slli    s9, s1, 63
core   0: 1 0x0000000080005b74 (0x03f49c93) x25 0x0000000000000000
core   0: 0x0000000080005b78 (0x03d64ebb) divw    t4, a2, t4
core   0: 1 0x0000000080005b78 (0x03d64ebb) x29 0x0000000000000000
core   0: 0x0000000080005b7c (0x0158893b) addw    s2, a7, s5
core   0: 1 0x0000000080005b7c (0x0158893b) x18 0x000000007ffffdff
core   0: 0x0000000080005b80 (0xc200f1d3) fcvt.w.d gp, ft1
core   0: 1 0x0000000080005b80 (0xc200f1d3) x3  0xffffffffdec42a2f
core   0: 0x0000000080005b84 (0x7ffecc93) xori    s9, t4, 2047
core   0: 1 0x0000000080005b84 (0x7ffecc93) x25 0x00000000000007ff
core   0: 0x0000000080005b88 (0xd20e8ad3) fcvt.d.w fs5, t4
core   0: 1 0x0000000080005b88 (0xd20e8ad3) f21 0x0000000000000000
core   0: 0x0000000080005b8c (0x2231a1d3) fsgnjx.d ft3, ft3, ft3
core   0: 1 0x0000000080005b8c (0x2231a1d3) f3  0x7ff8000000000000
core   0: 0x0000000080005b90 (0xf838ee37) lui     t3, 0xf838e
core   0: 1 0x0000000080005b90 (0xf838ee37) x28 0xfffffffff838e000
core   0: 0x0000000080005b94 (0x671e0e1b) addiw   t3, t3, 1649
core   0: 1 0x0000000080005b94 (0x671e0e1b) x28 0xfffffffff838e671
core   0: 0x0000000080005b98 (0x00000e32) c.slli  t3, 12
core   0: 1 0x0000000080005b98 (0x0e32) x28 0xffffff838e671000
core   0: 0x0000000080005b9a (0xb39e0e13) addi    t3, t3, -1223
core   0: 1 0x0000000080005b9a (0xb39e0e13) x28 0xffffff838e670b39
core   0: 0x0000000080005b9e (0x0275f2bb) remuw   t0, a1, t2
core   0: 1 0x0000000080005b9e (0x0275f2bb) x5  0x0000000000000000
core   0: 0x0000000080005ba2 (0x00130913) addi    s2, t1, 1
core   0: 1 0x0000000080005ba2 (0x00130913) x18 0xffffffff3f966356
core   0: 0x0000000080005ba6 (0x01250a3b) addw    s4, a0, s2
core   0: 1 0x0000000080005ba6 (0x01250a3b) x20 0x000000003f966359
core   0: 0x0000000080005baa (0x401a7553) fcvt.s.d fa0, fs4
core   0: 1 0x0000000080005baa (0x401a7553) f10 0xffffffff7fc00000
core   0: 0x0000000080005bae (0x02e2d2bb) divuw   t0, t0, a4
core   0: 1 0x0000000080005bae (0x02e2d2bb) x5  0x0000000000000000
core   0: 0x0000000080005bb2 (0xc231f853) fcvt.lu.d a6, ft3
core   0: 1 0x0000000080005bb2 (0xc231f853) c1_fflags 0x0000000000000010 x16 0xffffffffffffffff
core   0: 0x0000000080005bb6 (0xfe7c19b7) lui     s3, 0xfe7c1
core   0: 1 0x0000000080005bb6 (0xfe7c19b7) x19 0xfffffffffe7c1000
core   0: 0x0000000080005bba (0xcb59899b) addiw   s3, s3, -843
core   0: 1 0x0000000080005bba (0xcb59899b) x19 0xfffffffffe7c0cb5
core   0: 0x0000000080005bbe (0x000009b2) c.slli  s3, 12
core   0: 1 0x0000000080005bbe (0x09b2) x19 0xffffffe7c0cb5000
core   0: 0x0000000080005bc0 (0xe0798993) addi    s3, s3, -505
core   0: 1 0x0000000080005bc0 (0xe0798993) x19 0xffffffe7c0cb4e07
core   0: 0x0000000080005bc4 (0x23a38f53) fsgnj.d ft10, ft7, fs10
core   0: 1 0x0000000080005bc4 (0x23a38f53) f30 0xfff8000000000000
core   0: 0x0000000080005bc8 (0x22800153) fsgnj.d ft2, ft0, fs0
core   0: 1 0x0000000080005bc8 (0x22800153) f2  0x7ff8000000000000
core   0: 0x0000000080005bcc (0xcae4d937) lui     s2, 0xcae4d
core   0: 1 0x0000000080005bcc (0xcae4d937) x18 0xffffffffcae4d000
core   0: 0x0000000080005bd0 (0x028e2e33) mulhsu  t3, t3, s0
core   0: 1 0x0000000080005bd0 (0x028e2e33) x28 0x0000000000000000
core   0: 0x0000000080005bd4 (0x01a0131b) slliw   t1, zero, 26
core   0: 1 0x0000000080005bd4 (0x01a0131b) x6  0x0000000000000000
core   0: 0x0000000080005bd8 (0x3bf8f293) andi    t0, a7, 959
core   0: 1 0x0000000080005bd8 (0x3bf8f293) x5  0x0000000000000200
core   0: 0x0000000080005bdc (0x0bfd7853) fsub.d  fa6, fs10, ft11
core   0: 1 0x0000000080005bdc (0x0bfd7853) f16 0x7ff8000000000000
core   0: 0x0000000080005be0 (0xc0307053) fcvt.lu.s zero, ft0
core   0: 1 0x0000000080005be0 (0xc0307053) c1_fflags 0x0000000000000010
core   0: 0x0000000080005be4 (0x00f0d833) srl     a6, ra, a5
core   0: 1 0x0000000080005be4 (0x00f0d833) x16 0x0000000000000001
core   0: 0x0000000080005be8 (0x002e9073) csrrw   zero, frm, t4
core   0: 1 0x0000000080005be8 (0x002e9073) c2_frm 0x0000000000000000
core   0: 0x0000000080005bec (0x166ca897) auipc   a7, 0x166ca
core   0: 1 0x0000000080005bec (0x166ca897) x17 0x00000000966cfbec
core   0: 0x0000000080005bf0 (0x0392713b) remuw   sp, tp, s9
core   0: 1 0x0000000080005bf0 (0x0392713b) x2  0x0000000000000000
core   0: 0x0000000080005bf4 (0x400ed01b) sraiw   zero, t4, 0
core   0: 1 0x0000000080005bf4 (0x400ed01b)
core   0: 0x0000000080005bf8 (0x40015413) srai    s0, sp, 0
core   0: 1 0x0000000080005bf8 (0x40015413) x8  0x0000000000000000
core   0: 0x0000000080005bfc (0x00000001) c.nop
core   0: 1 0x0000000080005bfc (0x0001)
core   0: 0x0000000080005bfe (0x2aae8d53) fmin.d  fs10, ft9, fa0
core   0: 1 0x0000000080005bfe (0x2aae8d53) f26 0x7ff0000000000000
core   0: 0x0000000080005c02 (0x1a137cd3) fdiv.d  fs9, ft6, ft1
core   0: 1 0x0000000080005c02 (0x1a137cd3) f25 0x7ff8000000000000
core   0: 0x0000000080005c06 (0x401d5b13) srai    s6, s10, 1
core   0: 1 0x0000000080005c06 (0x401d5b13) x22 0x0000000000000000
core   0: 0x0000000080005c0a (0x829973c3) fmadd.d ft7, fs2, fs1, fa6
core   0: 1 0x0000000080005c0a (0x829973c3) f7  0x7ff8000000000000
core   0: 0x0000000080005c0e (0x037ce1b3) rem     gp, s9, s7
core   0: 1 0x0000000080005c0e (0x037ce1b3) x3  0x0000000000000001
core   0: 0x0000000080005c12 (0x2aa31353) fmax.d  ft6, ft6, fa0
core   0: 1 0x0000000080005c12 (0x2aa31353) f6  0x7ff8000000000000
core   0: 0x0000000080005c16 (0x0037593b) srlw    s2, a4, gp
core   0: 1 0x0000000080005c16 (0x0037593b) x18 0x0000000000000001
core   0: 0x0000000080005c1a (0x131e7453) fmul.d  fs0, ft8, fa7
core   0: 1 0x0000000080005c1a (0x131e7453) f8  0x7ff8000000000000
core   0: 0x0000000080005c1e (0x13e3f5d3) fmul.d  fa1, ft7, ft10
core   0: 1 0x0000000080005c1e (0x13e3f5d3) f11 0x7ff8000000000000
core   0: 0x0000000080005c22 (0x02318cb3) mul     s9, gp, gp
core   0: 1 0x0000000080005c22 (0x02318cb3) x25 0x0000000000000001
core   0: 0x0000000080005c26 (0xc2307853) fcvt.lu.d a6, ft0
core   0: 1 0x0000000080005c26 (0xc2307853) c1_fflags 0x0000000000000010 x16 0xffffffffffffffff
core   0: 0x0000000080005c2a (0x00985433) srl     s0, a6, s1
core   0: 1 0x0000000080005c2a (0x00985433) x8  0x000000000003ffff
core   0: 0x0000000080005c2e (0xa2d592d3) flt.d   t0, fa1, fa3
core   0: 1 0x0000000080005c2e (0xa2d592d3) c1_fflags 0x0000000000000010 x5  0x0000000000000000
core   0: 0x0000000080005c32 (0x42058ad3) fcvt.d.s fs5, fa1
core   0: 1 0x0000000080005c32 (0x42058ad3) f21 0x7ff8000000000000
core   0: 0x0000000080005c36 (0x1aacf553) fdiv.d  fa0, fs9, fa0
core   0: 1 0x0000000080005c36 (0x1aacf553) f10 0x7ff8000000000000
core   0: 0x0000000080005c3a (0x40945a93) srai    s5, s0, 9
core   0: 1 0x0000000080005c3a (0x40945a93) x21 0x00000000000001ff
core   0: 0x0000000080005c3e (0x73e0f743) fmadd.d fa4, ft1, ft10, fa4
core   0: 1 0x0000000080005c3e (0x73e0f743) f14 0x7ff8000000000000
core   0: 0x0000000080005c42 (0xf20401d3) fmv.d.x ft3, s0
core   0: 1 0x0000000080005c42 (0xf20401d3) f3  0x000000000003ffff
core   0: 0x0000000080005c46 (0x00e058b3) srl     a7, zero, a4
core   0: 1 0x0000000080005c46 (0x00e058b3) x17 0x0000000000000000
core   0: 0x0000000080005c4a (0x010890b3) sll     ra, a7, a6
core   0: 1 0x0000000080005c4a (0x010890b3) x1  0x0000000000000000
core   0: 0x0000000080005c4e (0x00a0d51b) srliw   a0, ra, 10
core   0: 1 0x0000000080005c4e (0x00a0d51b) x10 0x0000000000000000
core   0: 0x0000000080005c52 (0x0027fcb3) and     s9, a5, sp
core   0: 1 0x0000000080005c52 (0x0027fcb3) x25 0x0000000000000000
core   0: 0x0000000080005c56 (0x006a6e33) or      t3, s4, t1
core   0: 1 0x0000000080005c56 (0x006a6e33) x28 0x000000003f966359
core   0: 0x0000000080005c5a (0x1bdd3037) lui     zero, 0x1bdd3
core   0: 1 0x0000000080005c5a (0x1bdd3037)
core   0: 0x0000000080005c5e (0xb3f06c93) ori     s9, zero, -1217
core   0: 1 0x0000000080005c5e (0xb3f06c93) x25 0xfffffffffffffb3f
core   0: 0x0000000080005c62 (0x00202e73) csrrs   t3, frm, zero
core   0: 1 0x0000000080005c62 (0x00202e73) x28 0x0000000000000000
core   0: 0x0000000080005c66 (0x931379b7) lui     s3, 0x93137
core   0: 1 0x0000000080005c66 (0x931379b7) x19 0xffffffff93137000
core   0: 0x0000000080005c6a (0xd034f4d3) fcvt.s.lu fs1, s1
core   0: 1 0x0000000080005c6a (0xd034f4d3) f9  0xffffffff45897000
core   0: 0x0000000080005c6e (0x22cb19d3) fsgnjn.d fs3, fs6, fa2
core   0: 1 0x0000000080005c6e (0x22cb19d3) f19 0xfff8000000000000
core   0: 0x0000000080005c72 (0x0333d63b) divuw   a2, t2, s3
core   0: 1 0x0000000080005c72 (0x0333d63b) x12 0x0000000000000001
core   0: 0x0000000080005c76 (0x02776c33) rem     s8, a4, t2
core   0: 1 0x0000000080005c76 (0x02776c33) x24 0x0000000000000002
core   0: 0x0000000080005c7a (0xc219f253) fcvt.wu.d tp, fs3
core   0: 1 0x0000000080005c7a (0xc219f253) c1_fflags 0x0000000000000010 x4  0xffffffffffffffff
core   0: 0x0000000080005c7e (0x025951bb) divuw   gp, s2, t0
core   0: 1 0x0000000080005c7e (0x025951bb) x3  0xffffffffffffffff
core   0: 0x0000000080005c82 (0x0089121b) slliw   tp, s2, 8
core   0: 1 0x0000000080005c82 (0x0089121b) x4  0x0000000000000100
core   0: 0x0000000080005c86 (0xd025f353) fcvt.s.l ft6, a1
core   0: 1 0x0000000080005c86 (0xd025f353) f6  0xffffffff00000000
core   0: 0x0000000080005c8a (0x10ab3073) csrrc   zero, senvcfg, s6
core   0: 1 0x0000000080005c8a (0x10ab3073) c266_senvcfg 0x0000000000000000
core   0: 0x0000000080005c8e (0x00102a73) csrrs   s4, fflags, zero
core   0: 1 0x0000000080005c8e (0x00102a73) x20 0x0000000000000010
core   0: 0x0000000080005c92 (0xd2138453) fcvt.d.wu fs0, t2
core   0: 1 0x0000000080005c92 (0xd2138453) f8  0x41effffec0000000
core   0: 0x0000000080005c96 (0x0013d113) srli    sp, t2, 1
core   0: 1 0x0000000080005c96 (0x0013d113) x2  0x7ffffffffffffb00
core   0: 0x0000000080005c9a (0x01919633) sll     a2, gp, s9
core   0: 1 0x0000000080005c9a (0x01919633) x12 0x8000000000000000
core   0: 0x0000000080005c9e (0x02ca7633) remu    a2, s4, a2
core   0: 1 0x0000000080005c9e (0x02ca7633) x12 0x0000000000000010
core   0: 0x0000000080005ca2 (0x02b7c0b3) div     ra, a5, a1
core   0: 1 0x0000000080005ca2 (0x02b7c0b3) x1  0xffffffffffffffff
core   0: 0x0000000080005ca6 (0x03820cbb) mulw    s9, tp, s8
core   0: 1 0x0000000080005ca6 (0x03820cbb) x25 0x0000000000000200
core   0: 0x0000000080005caa (0xa3440053) fle.d   zero, fs0, fs4
core   0: 1 0x0000000080005caa (0xa3440053) c1_fflags 0x0000000000000010
core   0: 0x0000000080005cae (0x80007b13) andi    s6, zero, -2048
core   0: 1 0x0000000080005cae (0x80007b13) x22 0x0000000000000000
core   0: 0x0000000080005cb2 (0x1a07f4d3) fdiv.d  fs1, fa5, ft0
core   0: 1 0x0000000080005cb2 (0x1a07f4d3) f9  0x7ff8000000000000
core   0: 0x0000000080005cb6 (0x00008f7d) c.and   a4, a5
core   0: 1 0x0000000080005cb6 (0x8f7d) x14 0x0000000000000002
core   0: 0x0000000080005cb8 (0x032da2b3) mulhsu  t0, s11, s2
core   0: 1 0x0000000080005cb8 (0x032da2b3) x5  0xffffffffffffffff
core   0: 0x0000000080005cbc (0x0022d033) srl     zero, t0, sp
core   0: 1 0x0000000080005cbc (0x0022d033)
core   0: 0x0000000080005cc0 (0x4bc4fa43) fmadd.d fs4, fs1, ft8, fs1
core   0: 1 0x0000000080005cc0 (0x4bc4fa43) f20 0x7ff8000000000000
core   0: 0x0000000080005cc4 (0x0bc7f04b) fnmsub.d ft0, fa5, ft8, ft1
core   0: 1 0x0000000080005cc4 (0x0bc7f04b) f0  0x7ff8000000000000
core   0: 0x0000000080005cc8 (0xc03a7153) fcvt.lu.s sp, fs4
core   0: 1 0x0000000080005cc8 (0xc03a7153) c1_fflags 0x0000000000000010 x2  0xffffffffffffffff
core   0: 0x0000000080005ccc (0x00231df3) csrrw   s11, frm, t1
core   0: 1 0x0000000080005ccc (0x00231df3) x27 0x0000000000000000 c2_frm 0x0000000000000000
core   0: 0x0000000080005cd0 (0x012bdebb) srlw    t4, s7, s2
core   0: 1 0x0000000080005cd0 (0x012bdebb) x29 0x000000000000000f
core   0: 0x0000000080005cd4 (0x416cdd33) sra     s10, s9, s6
core   0: 1 0x0000000080005cd4 (0x416cdd33) x26 0x0000000000000200
core   0: 0x0000000080005cd8 (0x000b939b) slliw   t2, s7, 0
core   0: 1 0x0000000080005cd8 (0x000b939b) x7  0x000000000000001f
core   0: 0x0000000080005cdc (0x5a03f553) fsqrt.d fa0, ft7
core   0: 1 0x0000000080005cdc (0x5a03f553) f10 0x7ff8000000000000
core   0: 0x0000000080005ce0 (0x1b04fbd3) fdiv.d  fs7, fs1, fa6
core   0: 1 0x0000000080005ce0 (0x1b04fbd3) f23 0x7ff8000000000000
core   0: 0x0000000080005ce4 (0x01ab863b) addw    a2, s7, s10
core   0: 1 0x0000000080005ce4 (0x01ab863b) x12 0x000000000000021f
core   0: 0x0000000080005ce8 (0xc214f753) fcvt.wu.d a4, fs1
core   0: 1 0x0000000080005ce8 (0xc214f753) c1_fflags 0x0000000000000010 x14 0xffffffffffffffff
core   0: 0x0000000080005cec (0x4a9d78c7) fmsub.d fa7, fs10, fs1, fs1
core   0: 1 0x0000000080005cec (0x4a9d78c7) f17 0x7ff8000000000000
core   0: 0x0000000080005cf0 (0x03f0d093) srli    ra, ra, 63
core   0: 1 0x0000000080005cf0 (0x03f0d093) x1  0x0000000000000001
core   0: 0x0000000080005cf4 (0x00189873) csrrw   a6, fflags, a7
core   0: 1 0x0000000080005cf4 (0x00189873) x16 0x0000000000000010 c1_fflags 0x0000000000000000
core   0: 0x0000000080005cf8 (0x00000c86) c.slli  s9, 1
core   0: 1 0x0000000080005cf8 (0x0c86) x25 0x0000000000000400
core   0: 0x0000000080005cfa (0x0090db33) srl     s6, ra, s1
core   0: 1 0x0000000080005cfa (0x0090db33) x22 0x0000000000000000
core   0: 0x0000000080005cfe (0xc227f553) fcvt.l.d a0, fa5
core   0: 1 0x0000000080005cfe (0xc227f553) x10 0x0000000080005b06
core   0: 0x0000000080005d02 (0x2b2898d3) fmax.d  fa7, fa7, fs2
core   0: 1 0x0000000080005d02 (0x2b2898d3) f17 0x7ff8000000000000
core   0: 0x0000000080005d06 (0x033edeb3) divu    t4, t4, s3
core   0: 1 0x0000000080005d06 (0x033edeb3) x29 0x0000000000000000
core   0: 0x0000000080005d0a (0x32f0f093) andi    ra, ra, 815
core   0: 1 0x0000000080005d0a (0x32f0f093) x1  0x0000000000000001
core   0: 0x0000000080005d0e (0xc028f653) fcvt.l.s a2, fa7
core   0: 1 0x0000000080005d0e (0xc028f653) c1_fflags 0x0000000000000010 x12 0x7fffffffffffffff
core   0: 0x0000000080005d12 (0x411656bb) sraw    a3, a2, a7
core   0: 1 0x0000000080005d12 (0x411656bb) x13 0xffffffffffffffff
core   0: 0x0000000080005d16 (0x01b62bb3) slt     s7, a2, s11
core   0: 1 0x0000000080005d16 (0x01b62bb3) x23 0x0000000000000000
core   0: 0x0000000080005d1a (0x00000001) c.nop
core   0: 1 0x0000000080005d1a (0x0001)
core   0: 0x0000000080005d1c (0x419b0cb3) sub     s9, s6, s9
core   0: 1 0x0000000080005d1c (0x419b0cb3) x25 0xfffffffffffffc00
core   0: 0x0000000080005d20 (0xd039fdd3) fcvt.s.lu fs11, s3
core   0: 1 0x0000000080005d20 (0xd039fdd3) c1_fflags 0x0000000000000011 f27 0xffffffff5f800000
core   0: 0x0000000080005d24 (0x001c1c1b) slliw   s8, s8, 1
core   0: 1 0x0000000080005d24 (0x001c1c1b) x24 0x0000000000000004
core   0: 0x0000000080005d28 (0x03b8f3d3) fadd.d  ft7, fa7, fs11
core   0: 1 0x0000000080005d28 (0x03b8f3d3) f7  0x7ff8000000000000
core   0: 0x0000000080005d2c (0x001df3b3) and     t2, s11, ra
core   0: 1 0x0000000080005d2c (0x001df3b3) x7  0x0000000000000000
core   0: 0x0000000080005d30 (0x4013f353) fcvt.s.d ft6, ft7
core   0: 1 0x0000000080005d30 (0x4013f353) f6  0xffffffff7fc00000
core   0: 0x0000000080005d34 (0x015187b3) add     a5, gp, s5
core   0: 1 0x0000000080005d34 (0x015187b3) x15 0x00000000000001fe
core   0: 0x0000000080005d38 (0x00b254bb) srlw    s1, tp, a1
core   0: 1 0x0000000080005d38 (0x00b254bb) x9  0x0000000000000100
core   0: 0x0000000080005d3c (0x41ae07b3) sub     a5, t3, s10
core   0: 1 0x0000000080005d3c (0x41ae07b3) x15 0xfffffffffffffe00
core   0: 0x0000000080005d40 (0x232183d3) fsgnj.d ft7, ft3, fs2
core   0: 1 0x0000000080005d40 (0x232183d3) f7  0x000000000003ffff
core   0: 0x0000000080005d44 (0x425cf943) fmadd.d fs2, fs9, ft5, fs0
core   0: 1 0x0000000080005d44 (0x425cf943) f18 0x7ff8000000000000
core   0: 0x0000000080005d48 (0x4725881b) addiw   a6, a1, 1138
core   0: 1 0x0000000080005d48 (0x4725881b) x16 0x0000000000000472
core   0: 0x0000000080005d4c (0x02d50833) mul     a6, a0, a3
core   0: 1 0x0000000080005d4c (0x02d50833) x16 0xffffffff7fffa4fa
core   0: 0x0000000080005d50 (0x03c326b3) mulhsu  a3, t1, t3
core   0: 1 0x0000000080005d50 (0x03c326b3) x13 0x0000000000000000
core   0: 0x0000000080005d54 (0xd21e07d3) fcvt.d.wu fa5, t3
core   0: 1 0x0000000080005d54 (0xd21e07d3) f15 0x0000000000000000
core   0: 0x0000000080005d58 (0x029c6c3b) remw    s8, s8, s1
core   0: 1 0x0000000080005d58 (0x029c6c3b) x24 0x0000000000000004
core   0: 0x0000000080005d5c (0xe20f0653) fmv.x.d a2, ft10
core   0: 1 0x0000000080005d5c (0xe20f0653) x12 0xfff8000000000000
core   0: 0x0000000080005d60 (0xf8309cb7) lui     s9, 0xf8309
core   0: 1 0x0000000080005d60 (0xf8309cb7) x25 0xfffffffff8309000
core   0: 0x0000000080005d64 (0xbc7c8c9b) addiw   s9, s9, -1081
core   0: 1 0x0000000080005d64 (0xbc7c8c9b) x25 0xfffffffff8308bc7
core   0: 0x0000000080005d68 (0x00000cb2) c.slli  s9, 12
core   0: 1 0x0000000080005d68 (0x0cb2) x25 0xffffff8308bc7000
core   0: 0x0000000080005d6a (0x24ec8c93) addi    s9, s9, 590
core   0: 1 0x0000000080005d6a (0x24ec8c93) x25 0xffffff8308bc724e
core   0: 0x0000000080005d6e (0x22fd0a53) fsgnj.d fs4, fs10, fa5
core   0: 1 0x0000000080005d6e (0x22fd0a53) f20 0x7ff0000000000000
core   0: 0x0000000080005d72 (0x413659b3) sra     s3, a2, s3
core   0: 1 0x0000000080005d72 (0x413659b3) x19 0xfff8000000000000
core   0: 0x0000000080005d76 (0x01fb5c1b) srliw   s8, s6, 31
core   0: 1 0x0000000080005d76 (0x01fb5c1b) x24 0x0000000000000000
core   0: 0x0000000080005d7a (0x400cd61b) sraiw   a2, s9, 0
core   0: 1 0x0000000080005d7a (0x400cd61b) x12 0x0000000008bc724e
core   0: 0x0000000080005d7e (0x00ce85bb) addw    a1, t4, a2
core   0: 1 0x0000000080005d7e (0x00ce85bb) x11 0x0000000008bc724e
core   0: 0x0000000080005d82 (0x2382ac53) fsgnjx.d fs8, ft5, fs8
core   0: 1 0x0000000080005d82 (0x2382ac53) f24 0x7ff8000000000000
core   0: 0x0000000080005d86 (0x000c981b) slliw   a6, s9, 0
core   0: 1 0x0000000080005d86 (0x000c981b) x16 0x0000000008bc724e
core   0: 0x0000000080005d8a (0x011bd01b) srliw   zero, s7, 17
core   0: 1 0x0000000080005d8a (0x011bd01b)
core   0: 0x0000000080005d8e (0x0094dd33) srl     s10, s1, s1
core   0: 1 0x0000000080005d8e (0x0094dd33) x26 0x0000000000000100
core   0: 0x0000000080005d92 (0x02c85a93) srli    s5, a6, 44
core   0: 1 0x0000000080005d92 (0x02c85a93) x21 0x0000000000000000
core   0: 0x0000000080005d96 (0x41740d33) sub     s10, s0, s7
core   0: 1 0x0000000080005d96 (0x41740d33) x26 0x000000000003ffff
core   0: 0x0000000080005d9a (0x3f002337) lui     t1, 0x3f002
core   0: 1 0x0000000080005d9a (0x3f002337) x6  0x000000003f002000
core   0: 0x0000000080005d9e (0xc22af853) fcvt.l.d a6, fs5
core   0: 1 0x0000000080005d9e (0xc22af853) c1_fflags 0x0000000000000011 x16 0x7fffffffffffffff
core   0: 0x0000000080005da2 (0x0b82f753) fsub.d  fa4, ft5, fs8
core   0: 1 0x0000000080005da2 (0x0b82f753) f14 0x7ff8000000000000
core   0: 0x0000000080005da6 (0xc02728f3) csrrs   a7, instret, a4
core   0: exception trap_illegal_instruction, epc 0x0000000080005da6
core   0:           tval 0x00000000c02728f3
core   0: >>>>  $xrv64i2p1_m2p0_a2p1_f2p2_d2p2_zicsr2p0_zifencei2p0_zmmul1p0_zba1p0_zbb1p0_zbc1p0_zbs1p0
core   0: 0x0000000080004000 (0x0080006f) j       pc + 0x8
core   0: 3 0x0000000080004000 (0x0080006f)
core   0: >>>>  mmode_exception_handler
core   0: 0x0000000080004008 (0x00002c17) auipc   s8, 0x2
core   0: 3 0x0000000080004008 (0x00002c17) x24 0x0000000080006008
core   0: 0x000000008000400c (0x0bcc0c13) addi    s8, s8, 188
core   0: 3 0x000000008000400c (0x0bcc0c13) x24 0x00000000800060c4
core   0: 0x0000000080004010 (0x000c00e7) jalr    s8
core   0: 3 0x0000000080004010 (0x000c00e7) x1  0x0000000080004014
core   0: >>>>  any_handler
core   0: 0x00000000800060c4 (0x341027f3) csrrs   a5, mepc, zero
core   0: 3 0x00000000800060c4 (0x341027f3) x15 0x0000000080005da6
core   0: 0x00000000800060c8 (0x34202773) csrrs   a4, mcause, zero
core   0: 3 0x00000000800060c8 (0x34202773) x14 0x0000000000000002
core   0: 0x00000000800060cc (0x142026f3) csrrs   a3, scause, zero
core   0: 3 0x00000000800060cc (0x142026f3) x13 0x000000000000001f
core   0: 0x00000000800060d0 (0x30402673) csrrs   a2, mie, zero
core   0: 3 0x00000000800060d0 (0x30402673) x12 0x0000000000000a00
core   0: 0x00000000800060d4 (0x344025f3) csrrs   a1, mip, zero
core   0: 3 0x00000000800060d4 (0x344025f3) x11 0x0000000000000080
core   0: 0x00000000800060d8 (0x343025f3) csrrs   a1, mtval, zero
core   0: 3 0x00000000800060d8 (0x343025f3) x11 0x00000000c02728f3
core   0: 0x00000000800060dc (0x14302573) csrrs   a0, stval, zero
core   0: 3 0x00000000800060dc (0x14302573) x10 0x0000000000000003
core   0: 0x00000000800060e0 (0xb02024f3) csrrs   s1, minstret, zero
core   0: 3 0x00000000800060e0 (0xb02024f3) x9  0x00000000000011ea
core   0: 0x00000000800060e4 (0x0000a811) c.j     pc + 20
core   0: 3 0x00000000800060e4 (0xa811)
core   0: >>>>  mepc_4
core   0: 0x00000000800060f8 (0x00000791) c.addi  a5, 4
core   0: 3 0x00000000800060f8 (0x0791) x15 0x0000000080005daa
core   0: 0x00000000800060fa (0x34179073) csrrw   zero, mepc, a5
core   0: 3 0x00000000800060fa (0x34179073) c833_mepc 0x0000000080005daa
core   0: 0x00000000800060fe (0x30200073) mret
core   0: 3 0x00000000800060fe (0x30200073) c768_mstatus 0x8000000a00106080
core   0: 0x0000000080005daa (0x0209d3b3) divu    t2, s3, zero
core   0: 1 0x0000000080005daa (0x0209d3b3) x7  0xffffffffffffffff
core   0: 0x0000000080005dae (0x13697d53) fmul.d  fs10, fs2, fs6
core   0: 1 0x0000000080005dae (0x13697d53) f26 0x7ff8000000000000
core   0: 0x0000000080005db2 (0xc2377ed3) fcvt.lu.d t4, fa4
core   0: 1 0x0000000080005db2 (0xc2377ed3) c1_fflags 0x0000000000000011 x29 0xffffffffffffffff
core   0: 0x0000000080005db6 (0xa2c00553) fle.d   a0, ft0, fa2
core   0: 1 0x0000000080005db6 (0xa2c00553) c1_fflags 0x0000000000000011 x10 0x0000000000000000
core   0: 0x0000000080005dba (0x41ca8dbb) subw    s11, s5, t3
core   0: 1 0x0000000080005dba (0x41ca8dbb) x27 0x0000000000000000
core   0: 0x0000000080005dbe (0x030a753b) remuw   a0, s4, a6
core   0: 1 0x0000000080005dbe (0x030a753b) x10 0x0000000000000010
core   0: 0x0000000080005dc2 (0x000860b3) or      ra, a6, zero
core   0: 1 0x0000000080005dc2 (0x000860b3) x1  0x7fffffffffffffff
core   0: 0x0000000080005dc6 (0xc230f8d3) fcvt.lu.d a7, ft1
core   0: 1 0x0000000080005dc6 (0xc230f8d3) c1_fflags 0x0000000000000011 x17 0x0000000000000000
core   0: 0x0000000080005dca (0x028972d3) fadd.d  ft5, fs2, fs0
core   0: 1 0x0000000080005dca (0x028972d3) f5  0x7ff8000000000000
core   0: 0x0000000080005dce (0x002896f3) csrrw   a3, frm, a7
core   0: 1 0x0000000080005dce (0x002896f3) x13 0x0000000000000000 c2_frm 0x0000000000000000
core   0: 0x0000000080005dd2 (0x00221a73) csrrw   s4, frm, tp
core   0: 1 0x0000000080005dd2 (0x00221a73) x20 0x0000000000000000 c2_frm 0x0000000000000000
core   0: 0x0000000080005dd6 (0x01da9b13) slli    s6, s5, 29
core   0: 1 0x0000000080005dd6 (0x01da9b13) x22 0x0000000000000000
core   0: 0x0000000080005dda (0xe20d0353) fmv.x.d t1, fs10
core   0: 1 0x0000000080005dda (0xe20d0353) x6  0x7ff8000000000000
core   0: 0x0000000080005dde (0x00be61b3) or      gp, t3, a1
core   0: 1 0x0000000080005dde (0x00be61b3) x3  0x00000000c02728f3
core   0: 0x0000000080005de2 (0x00008a85) c.andi  a3, 1
core   0: 1 0x0000000080005de2 (0x8a85) x13 0x0000000000000000
core   0: 0x0000000080005de4 (0x4170501b) sraiw   zero, zero, 23
core   0: 1 0x0000000080005de4 (0x4170501b)
core   0: 0x0000000080005de8 (0x0016d0b3) srl     ra, a3, ra
core   0: 1 0x0000000080005de8 (0x0016d0b3) x1  0x0000000000000000
core   0: 0x0000000080005dec (0x0149d7bb) srlw    a5, s3, s4
core   0: 1 0x0000000080005dec (0x0149d7bb) x15 0x0000000000000000
core   0: 0x0000000080005df0 (0x410bdb9b) sraiw   s7, s7, 16
core   0: 1 0x0000000080005df0 (0x410bdb9b) x23 0x0000000000000000
core   0: 0x0000000080005df4 (0x00000001) c.nop
core   0: 1 0x0000000080005df4 (0x0001)
core   0: 0x0000000080005df6 (0x0377f8b3) remu    a7, a5, s7
core   0: 1 0x0000000080005df6 (0x0377f8b3) x17 0x0000000000000000
core   0: 0x0000000080005dfa (0x025e8d33) mul     s10, t4, t0
core   0: 1 0x0000000080005dfa (0x025e8d33) x26 0x0000000000000001
core   0: 0x0000000080005dfe (0x00000001) c.nop
core   0: 1 0x0000000080005dfe (0x0001)
core   0: 0x0000000080005e00 (0xd0277e53) fcvt.s.l ft8, a4
core   0: 1 0x0000000080005e00 (0xd0277e53) f28 0xffffffff40000000
core   0: 0x0000000080005e04 (0x13ee7143) fmadd.d ft2, ft8, ft10, ft2
core   0: 1 0x0000000080005e04 (0x13ee7143) f2  0x7ff8000000000000
core   0: 0x0000000080005e08 (0x6fa4ec37) lui     s8, 0x6fa4e
core   0: 1 0x0000000080005e08 (0x6fa4ec37) x24 0x000000006fa4e000
core   0: 0x0000000080005e0c (0x03847abb) remuw   s5, s0, s8
core   0: 1 0x0000000080005e0c (0x03847abb) x21 0x000000000003ffff
core   0: 0x0000000080005e10 (0x02d4f8b3) remu    a7, s1, a3
core   0: 1 0x0000000080005e10 (0x02d4f8b3) x17 0x00000000000011ea
core   0: 0x0000000080005e14 (0x00212133) slt     sp, sp, sp
core   0: 1 0x0000000080005e14 (0x00212133) x2  0x0000000000000000
core   0: 0x0000000080005e18 (0xc22f74d3) fcvt.l.d s1, ft10
core   0: 1 0x0000000080005e18 (0xc22f74d3) c1_fflags 0x0000000000000011 x9  0x7fffffffffffffff
core   0: 0x0000000080005e1c (0x622e7cc3) fmadd.d fs9, ft8, ft2, fa2
core   0: 1 0x0000000080005e1c (0x622e7cc3) f25 0x7ff8000000000000
core   0: 0x0000000080005e20 (0x017cd53b) srlw    a0, s9, s7
core   0: 1 0x0000000080005e20 (0x017cd53b) x10 0x0000000008bc724e
core   0: 0x0000000080005e24 (0x1a99ff53) fdiv.d  ft10, fs3, fs1
core   0: 1 0x0000000080005e24 (0x1a99ff53) f30 0x7ff8000000000000
core   0: 0x0000000080005e28 (0x41dadebb) sraw    t4, s5, t4
core   0: 1 0x0000000080005e28 (0x41dadebb) x29 0x0000000000000000
core   0: 0x0000000080005e2c (0x00000001) c.nop
core   0: 1 0x0000000080005e2c (0x0001)
core   0: 0x0000000080005e2e (0x0213863b) mulw    a2, t2, ra
core   0: 1 0x0000000080005e2e (0x0213863b) x12 0x0000000000000000
core   0: 0x0000000080005e32 (0x32d8f893) andi    a7, a7, 813
core   0: 1 0x0000000080005e32 (0x32d8f893) x17 0x0000000000000128
core   0: 0x0000000080005e36 (0x014cd713) srli    a4, s9, 20
core   0: 1 0x0000000080005e36 (0x014cd713) x14 0x00000ffffff8308b
core   0: 0x0000000080005e3a (0x00000001) c.nop
core   0: 1 0x0000000080005e3a (0x0001)
core   0: 0x0000000080005e3c (0x0009529b) srliw   t0, s2, 0
core   0: 1 0x0000000080005e3c (0x0009529b) x5  0x0000000000000001
core   0: 0x0000000080005e40 (0xfbec754b) fnmsub.d fa0, fs8, ft10, ft11
core   0: 1 0x0000000080005e40 (0xfbec754b) f10 0x7ff8000000000000
core   0: 0x0000000080005e44 (0x0092d513) srli    a0, t0, 9
core   0: 1 0x0000000080005e44 (0x0092d513) x10 0x0000000000000000
core   0: 0x0000000080005e48 (0x40d4d49b) sraiw   s1, s1, 13
core   0: 1 0x0000000080005e48 (0x40d4d49b) x9  0xffffffffffffffff
core   0: 0x0000000080005e4c (0x221f05d3) fsgnj.d fa1, ft10, ft1
core   0: 1 0x0000000080005e4c (0x221f05d3) f11 0xfff8000000000000
core   0: 0x0000000080005e50 (0x75f90293) addi    t0, s2, 1887
core   0: 1 0x0000000080005e50 (0x75f90293) x5  0x0000000000000760
core   0: 0x0000000080005e54 (0x01d2f7b3) and     a5, t0, t4
core   0: 1 0x0000000080005e54 (0x01d2f7b3) x15 0x0000000000000000
core   0: 0x0000000080005e58 (0x4099581b) sraiw   a6, s2, 9
core   0: 1 0x0000000080005e58 (0x4099581b) x16 0x0000000000000000
core   0: 0x0000000080005e5c (0x5a0effd3) fsqrt.d ft11, ft9
core   0: 1 0x0000000080005e5c (0x5a0effd3) f31 0x7ff0000000000000
core   0: 0x0000000080005e60 (0x002c15f3) csrrw   a1, frm, s8
core   0: 1 0x0000000080005e60 (0x002c15f3) x11 0x0000000000000000 c2_frm 0x0000000000000000
core   0: 0x0000000080005e64 (0x419c0a3b) subw    s4, s8, s9
core   0: 1 0x0000000080005e64 (0x419c0a3b) x20 0x0000000066e86db2
core   0: 0x0000000080005e68 (0xf3df7ecf) fnmadd.d ft9, ft10, ft9, ft10
core   0: 1 0x0000000080005e68 (0xf3df7ecf) f29 0x7ff8000000000000
core   0: 0x0000000080005e6c (0xa2cf80d3) fle.d   ra, ft11, fa2
core   0: 1 0x0000000080005e6c (0xa2cf80d3) c1_fflags 0x0000000000000011 x1  0x0000000000000000
core   0: 0x0000000080005e70 (0x01d0d8b3) srl     a7, ra, t4
core   0: 1 0x0000000080005e70 (0x01d0d8b3) x17 0x0000000000000000
core   0: 0x0000000080005e74 (0x0114b2b3) sltu    t0, s1, a7
core   0: 1 0x0000000080005e74 (0x0114b2b3) x5  0x0000000000000000
core   0: 0x0000000080005e78 (0x41420b3b) subw    s6, tp, s4
core   0: 1 0x0000000080005e78 (0x41420b3b) x22 0xffffffff9917934e
core   0: 0x0000000080005e7c (0x2784fa37) lui     s4, 0x2784f
core   0: 1 0x0000000080005e7c (0x2784fa37) x20 0x000000002784f000
core   0: 0x0000000080005e80 (0xc2227653) fcvt.l.d a2, ft4
core   0: 1 0x0000000080005e80 (0xc2227653) c1_fflags 0x0000000000000011 x12 0x7fffffffffffffff
core   0: 0x0000000080005e84 (0x02ce5e33) divu    t3, t3, a2
core   0: 1 0x0000000080005e84 (0x02ce5e33) x28 0x0000000000000000
core   0: 0x0000000080005e88 (0x00000001) c.nop
core   0: 1 0x0000000080005e88 (0x0001)
core   0: 0x0000000080005e8a (0x400e5d13) srai    s10, t3, 0
core   0: 1 0x0000000080005e8a (0x400e5d13) x26 0x0000000000000000
core   0: 0x0000000080005e8e (0xc03371d3) fcvt.lu.s gp, ft6
core   0: 1 0x0000000080005e8e (0xc03371d3) c1_fflags 0x0000000000000011 x3  0xffffffffffffffff
core   0: 0x0000000080005e92 (0x5a0375d3) fsqrt.d fa1, ft6
core   0: 1 0x0000000080005e92 (0x5a0375d3) f11 0x7ff8000000000000
core   0: 0x0000000080005e96 (0xfff4829b) addiw   t0, s1, -1
core   0: 1 0x0000000080005e96 (0xfff4829b) x5  0xfffffffffffffffe
core   0: 0x0000000080005e9a (0xe60d6e93) ori     t4, s10, -416
core   0: 1 0x0000000080005e9a (0xe60d6e93) x29 0xfffffffffffffe60
core   0: 0x0000000080005e9e (0x22188dd3) fsgnj.d fs11, fa7, ft1
core   0: 1 0x0000000080005e9e (0x22188dd3) f27 0xfff8000000000000
core   0: 0x0000000080005ea2 (0x02737353) fadd.d  ft6, ft6, ft7
core   0: 1 0x0000000080005ea2 (0x02737353) f6  0x7ff8000000000000
core   0: 0x0000000080005ea6 (0x00102873) csrrs   a6, fflags, zero
core   0: 1 0x0000000080005ea6 (0x00102873) x16 0x0000000000000011
core   0: 0x0000000080005eaa (0xc02b7dd3) fcvt.l.s s11, fs6
core   0: 1 0x0000000080005eaa (0xc02b7dd3) c1_fflags 0x0000000000000011 x27 0x7fffffffffffffff
core   0: 0x0000000080005eae (0x019065b3) or      a1, zero, s9
core   0: 1 0x0000000080005eae (0x019065b3) x11 0xffffff8308bc724e
core   0: 0x0000000080005eb2 (0x038c7553) fadd.d  fa0, fs8, fs8
core   0: 1 0x0000000080005eb2 (0x038c7553) f10 0x7ff8000000000000
core   0: 0x0000000080005eb6 (0xfe76eb97) auipc   s7, 0xfe76e
core   0: 1 0x0000000080005eb6 (0xfe76eb97) x23 0x000000007e773eb6
core   0: 0x0000000080005eba (0xd2100a53) fcvt.d.wu fs4, zero
core   0: 1 0x0000000080005eba (0xd2100a53) f20 0x0000000000000000
core   0: 0x0000000080005ebe (0xf2068453) fmv.d.x fs0, a3
core   0: 1 0x0000000080005ebe (0xf2068453) f8  0x0000000000000000
core   0: 0x0000000080005ec2 (0xc20379d3) fcvt.w.d s3, ft6
core   0: 1 0x0000000080005ec2 (0xc20379d3) c1_fflags 0x0000000000000011 x19 0x000000007fffffff
core   0: 0x0000000080005ec6 (0x1440fb73) csrrci  s6, sip, 1
core   0: 1 0x0000000080005ec6 (0x1440fb73) x22 0x0000000000000000 c836_mip 0x0000000000000080
core   0: 0x0000000080005eca (0x014d573b) srlw    a4, s10, s4
core   0: 1 0x0000000080005eca (0x014d573b) x14 0x0000000000000000
core   0: 0x0000000080005ece (0x402d5b13) srai    s6, s10, 2
core   0: 1 0x0000000080005ece (0x402d5b13) x22 0x0000000000000000
core   0: 0x0000000080005ed2 (0x22160a53) fsgnj.d fs4, fa2, ft1
core   0: 1 0x0000000080005ed2 (0x22160a53) f20 0xfff8000000000000
core   0: 0x0000000080005ed6 (0xc03a7953) fcvt.lu.s s2, fs4
core   0: 1 0x0000000080005ed6 (0xc03a7953) c1_fflags 0x0000000000000011 x18 0xffffffffffffffff
core   0: 0x0000000080005eda (0x0219473b) divw    a4, s2, ra
core   0: 1 0x0000000080005eda (0x0219473b) x14 0xffffffffffffffff
core   0: 0x0000000080005ede (0x03547b33) remu    s6, s0, s5
core   0: 1 0x0000000080005ede (0x03547b33) x22 0x0000000000000000
core   0: 0x0000000080005ee2 (0xc201f753) fcvt.w.d a4, ft3
core   0: 1 0x0000000080005ee2 (0xc201f753) c1_fflags 0x0000000000000011 x14 0x0000000000000000
core   0: 0x0000000080005ee6 (0x7ffbc993) xori    s3, s7, 2047
core   0: 1 0x0000000080005ee6 (0x7ffbc993) x19 0x000000007e773949
core   0: 0x0000000080005eea (0x0189d93b) srlw    s2, s3, s8
core   0: 1 0x0000000080005eea (0x0189d93b) x18 0x000000007e773949
core   0: 0x0000000080005eee (0x0ac8f353) fsub.d  ft6, fa7, fa2
core   0: 1 0x0000000080005eee (0x0ac8f353) f6  0x7ff8000000000000
core   0: 0x0000000080005ef2 (0x0015dc13) srli    s8, a1, 1
core   0: 1 0x0000000080005ef2 (0x0015dc13) x24 0x7fffffc1845e3927
core   0: 0x0000000080005ef6 (0x00159473) csrrw   s0, fflags, a1
core   0: 1 0x0000000080005ef6 (0x00159473) x8  0x0000000000000011 c1_fflags 0x000000000000000e
core   0: 0x0000000080005efa (0x401272d3) fcvt.s.d ft5, ft4
core   0: 1 0x0000000080005efa (0x401272d3) f5  0xffffffff7fc00000
core   0: 0x0000000080005efe (0x033cecbb) remw    s9, s9, s3
core   0: 1 0x0000000080005efe (0x033cecbb) x25 0x0000000008bc724e
core   0: 0x0000000080005f02 (0xc030f653) fcvt.lu.s a2, ft1
core   0: 1 0x0000000080005f02 (0xc030f653) c1_fflags 0x000000000000001e x12 0xffffffffffffffff
core   0: 0x0000000080005f06 (0x002e9573) csrrw   a0, frm, t4
core   0: 1 0x0000000080005f06 (0x002e9573) x10 0x0000000000000000 c2_frm 0x0000000000000000
core   0: 0x0000000080005f0a (0x00f71bb3) sll     s7, a4, a5
core   0: 1 0x0000000080005f0a (0x00f71bb3) x23 0x0000000000000000
core   0: 0x0000000080005f0e (0x400804b3) sub     s1, a6, zero
core   0: 1 0x0000000080005f0e (0x400804b3) x9  0x0000000000000011
core   0: 0x0000000080005f12 (0x06ada9b7) lui     s3, 0x6ada
core   0: 1 0x0000000080005f12 (0x06ada9b7) x19 0x0000000006ada000
core   0: 0x0000000080005f16 (0x001c9c3b) sllw    s8, s9, ra
core   0: 1 0x0000000080005f16 (0x001c9c3b) x24 0x0000000008bc724e
core   0: 0x0000000080005f1a (0xc81f52f3) csrrwi  t0, timeh, 30
core   0: exception trap_illegal_instruction, epc 0x0000000080005f1a
core   0:           tval 0x00000000c81f52f3
core   0: >>>>  $xrv64i2p1_m2p0_a2p1_f2p2_d2p2_zicsr2p0_zifencei2p0_zmmul1p0_zba1p0_zbb1p0_zbc1p0_zbs1p0
core   0: 0x0000000080004000 (0x0080006f) j       pc + 0x8
core   0: 3 0x0000000080004000 (0x0080006f)
core   0: >>>>  mmode_exception_handler
core   0: 0x0000000080004008 (0x00002c17) auipc   s8, 0x2
core   0: 3 0x0000000080004008 (0x00002c17) x24 0x0000000080006008
core   0: 0x000000008000400c (0x0bcc0c13) addi    s8, s8, 188
core   0: 3 0x000000008000400c (0x0bcc0c13) x24 0x00000000800060c4
core   0: 0x0000000080004010 (0x000c00e7) jalr    s8
core   0: 3 0x0000000080004010 (0x000c00e7) x1  0x0000000080004014
core   0: >>>>  any_handler
core   0: 0x00000000800060c4 (0x341027f3) csrrs   a5, mepc, zero
core   0: 3 0x00000000800060c4 (0x341027f3) x15 0x0000000080005f1a
core   0: 0x00000000800060c8 (0x34202773) csrrs   a4, mcause, zero
core   0: 3 0x00000000800060c8 (0x34202773) x14 0x0000000000000002
core   0: 0x00000000800060cc (0x142026f3) csrrs   a3, scause, zero
core   0: 3 0x00000000800060cc (0x142026f3) x13 0x000000000000001f
core   0: 0x00000000800060d0 (0x30402673) csrrs   a2, mie, zero
core   0: 3 0x00000000800060d0 (0x30402673) x12 0x0000000000000a00
core   0: 0x00000000800060d4 (0x344025f3) csrrs   a1, mip, zero
core   0: 3 0x00000000800060d4 (0x344025f3) x11 0x0000000000000080
core   0: 0x00000000800060d8 (0x343025f3) csrrs   a1, mtval, zero
core   0: 3 0x00000000800060d8 (0x343025f3) x11 0x00000000c81f52f3
core   0: 0x00000000800060dc (0x14302573) csrrs   a0, stval, zero
core   0: 3 0x00000000800060dc (0x14302573) x10 0x0000000000000003
core   0: 0x00000000800060e0 (0xb02024f3) csrrs   s1, minstret, zero
core   0: 3 0x00000000800060e0 (0xb02024f3) x9  0x0000000000001259
core   0: 0x00000000800060e4 (0x0000a811) c.j     pc + 20
core   0: 3 0x00000000800060e4 (0xa811)
core   0: >>>>  mepc_4
core   0: 0x00000000800060f8 (0x00000791) c.addi  a5, 4
core   0: 3 0x00000000800060f8 (0x0791) x15 0x0000000080005f1e
core   0: 0x00000000800060fa (0x34179073) csrrw   zero, mepc, a5
core   0: 3 0x00000000800060fa (0x34179073) c833_mepc 0x0000000080005f1e
core   0: 0x00000000800060fe (0x30200073) mret
core   0: 3 0x00000000800060fe (0x30200073) c768_mstatus 0x8000000a00106080
core   0: 0x0000000080005f1e (0xc200fb53) fcvt.w.d s6, ft1
core   0: 1 0x0000000080005f1e (0xc200fb53) x22 0xffffffffdec42a2f
core   0: 0x0000000080005f22 (0x02c629b3) mulhsu  s3, a2, a2
core   0: 1 0x0000000080005f22 (0x02c629b3) x19 0x0000000000000000
core   0: 0x0000000080005f26 (0x41635d33) sra     s10, t1, s6
core   0: 1 0x0000000080005f26 (0x41635d33) x26 0x000000000000fff0
core   0: 0x0000000080005f2a (0xb7687bb7) lui     s7, 0xb7687
core   0: 1 0x0000000080005f2a (0xb7687bb7) x23 0xffffffffb7687000
core   0: 0x0000000080005f2e (0x1b797953) fdiv.d  fs2, fs2, fs7
core   0: 1 0x0000000080005f2e (0x1b797953) f18 0x7ff8000000000000
core   0: 0x0000000080005f32 (0x00a958b3) srl     a7, s2, a0
core   0: 1 0x0000000080005f32 (0x00a958b3) x17 0x000000000fcee729
core   0: 0x0000000080005f36 (0x03fd1a93) slli    s5, s10, 63
core   0: 1 0x0000000080005f36 (0x03fd1a93) x21 0x0000000000000000
core   0: 0x0000000080005f3a (0x000a811b) sext.w  sp, s5
core   0: 1 0x0000000080005f3a (0x000a811b) x2  0x0000000000000000
core   0: 0x0000000080005f3e (0x00289873) csrrw   a6, frm, a7
core   0: 1 0x0000000080005f3e (0x00289873) x16 0x0000000000000000 c2_frm 0x0000000000000001
core   0: 0x0000000080005f42 (0x31936313) ori     t1, t1, 793
core   0: 1 0x0000000080005f42 (0x31936313) x6  0x7ff8000000000319
core   0: 0x0000000080005f46 (0x0015da1b) srliw   s4, a1, 1
core   0: 1 0x0000000080005f46 (0x0015da1b) x20 0x00000000640fa979
core   0: 0x0000000080005f4a (0x0ff0000f) fence   iorw,iorw
core   0: 1 0x0000000080005f4a (0x0ff0000f)
core   0: 0x0000000080005f4e (0x017bdbb3) srl     s7, s7, s7
core   0: 1 0x0000000080005f4e (0x017bdbb3) x23 0xffffffffb7687000
core   0: 0x0000000080005f52 (0x7b197d4b) fnmsub.d fs10, fs2, fa7, fa5
core   0: 1 0x0000000080005f52 (0x7b197d4b) f26 0x7ff8000000000000
core   0: 0x0000000080005f56 (0x415edeb3) sra     t4, t4, s5
core   0: 1 0x0000000080005f56 (0x415edeb3) x29 0xfffffffffffffe60
core   0: 0x0000000080005f5a (0x86d9ec13) ori     s8, s3, -1939
core   0: 1 0x0000000080005f5a (0x86d9ec13) x24 0xfffffffffffff86d
core   0: 0x0000000080005f5e (0x02ea56bb) divuw   a3, s4, a4
core   0: 1 0x0000000080005f5e (0x02ea56bb) x13 0x000000003207d4bc
core   0: 0x0000000080005f62 (0x02d10133) mul     sp, sp, a3
core   0: 1 0x0000000080005f62 (0x02d10133) x2  0x0000000000000000
core   0: 0x0000000080005f66 (0x05968d37) lui     s10, 0x5968
core   0: 1 0x0000000080005f66 (0x05968d37) x26 0x0000000005968000
core   0: 0x0000000080005f6a (0x811d0d1b) addiw   s10, s10, -2031
core   0: 1 0x0000000080005f6a (0x811d0d1b) x26 0x0000000005967811
core   0: 0x0000000080005f6e (0x00000d32) c.slli  s10, 12
core   0: 1 0x0000000080005f6e (0x0d32) x26 0x0000005967811000
core   0: 0x0000000080005f70 (0xe3cd0d13) addi    s10, s10, -452
core   0: 1 0x0000000080005f70 (0xe3cd0d13) x26 0x0000005967810e3c
core   0: 0x0000000080005f74 (0x2a2c92d3) fmax.d  ft5, fs9, ft2
core   0: 1 0x0000000080005f74 (0x2a2c92d3) f5  0x7ff8000000000000
core   0: 0x0000000080005f78 (0x01539ab3) sll     s5, t2, s5
core   0: 1 0x0000000080005f78 (0x01539ab3) x21 0xffffffffffffffff
core   0: 0x0000000080005f7c (0x0268da3b) divuw   s4, a7, t1
core   0: 1 0x0000000080005f7c (0x0268da3b) x20 0x0000000000051a70
core   0: 0x0000000080005f80 (0x42028853) fcvt.d.s fa6, ft5
core   0: 1 0x0000000080005f80 (0x42028853) f16 0x7ff8000000000000
core   0: 0x0000000080005f84 (0x02615113) srli    sp, sp, 38
core   0: 1 0x0000000080005f84 (0x02615113) x2  0x0000000000000000
core   0: 0x0000000080005f88 (0x416300bb) subw    ra, t1, s6
core   0: 1 0x0000000080005f88 (0x416300bb) x1  0x00000000213bd8ea
core   0: 0x0000000080005f8c (0x001c5293) srli    t0, s8, 1
core   0: 1 0x0000000080005f8c (0x001c5293) x5  0x7ffffffffffffc36
core   0: 0x0000000080005f90 (0x142bba73) csrrc   s4, scause, s7
core   0: 1 0x0000000080005f90 (0x142bba73) x20 0x000000000000001f c322_scause 0x000000000000001f
core   0: 0x0000000080005f94 (0x0ff0000f) fence   iorw,iorw
core   0: 1 0x0000000080005f94 (0x0ff0000f)
core   0: 0x0000000080005f98 (0x340edaf3) csrrwi  s5, mscratch, 29
core   0: exception trap_illegal_instruction, epc 0x0000000080005f98
core   0:           tval 0x00000000340edaf3
core   0: >>>>  $xrv64i2p1_m2p0_a2p1_f2p2_d2p2_zicsr2p0_zifencei2p0_zmmul1p0_zba1p0_zbb1p0_zbc1p0_zbs1p0
core   0: 0x0000000080004000 (0x0080006f) j       pc + 0x8
core   0: 3 0x0000000080004000 (0x0080006f)
core   0: >>>>  mmode_exception_handler
core   0: 0x0000000080004008 (0x00002c17) auipc   s8, 0x2
core   0: 3 0x0000000080004008 (0x00002c17) x24 0x0000000080006008
core   0: 0x000000008000400c (0x0bcc0c13) addi    s8, s8, 188
core   0: 3 0x000000008000400c (0x0bcc0c13) x24 0x00000000800060c4
core   0: 0x0000000080004010 (0x000c00e7) jalr    s8
core   0: 3 0x0000000080004010 (0x000c00e7) x1  0x0000000080004014
core   0: >>>>  any_handler
core   0: 0x00000000800060c4 (0x341027f3) csrrs   a5, mepc, zero
core   0: 3 0x00000000800060c4 (0x341027f3) x15 0x0000000080005f98
core   0: 0x00000000800060c8 (0x34202773) csrrs   a4, mcause, zero
core   0: 3 0x00000000800060c8 (0x34202773) x14 0x0000000000000002
core   0: 0x00000000800060cc (0x142026f3) csrrs   a3, scause, zero
core   0: 3 0x00000000800060cc (0x142026f3) x13 0x000000000000001f
core   0: 0x00000000800060d0 (0x30402673) csrrs   a2, mie, zero
core   0: 3 0x00000000800060d0 (0x30402673) x12 0x0000000000000a00
core   0: 0x00000000800060d4 (0x344025f3) csrrs   a1, mip, zero
core   0: 3 0x00000000800060d4 (0x344025f3) x11 0x0000000000000080
core   0: 0x00000000800060d8 (0x343025f3) csrrs   a1, mtval, zero
core   0: 3 0x00000000800060d8 (0x343025f3) x11 0x00000000340edaf3
core   0: 0x00000000800060dc (0x14302573) csrrs   a0, stval, zero
core   0: 3 0x00000000800060dc (0x14302573) x10 0x0000000000000003
core   0: 0x00000000800060e0 (0xb02024f3) csrrs   s1, minstret, zero
core   0: 3 0x00000000800060e0 (0xb02024f3) x9  0x0000000000001288
core   0: 0x00000000800060e4 (0x0000a811) c.j     pc + 20
core   0: 3 0x00000000800060e4 (0xa811)
core   0: >>>>  mepc_4
core   0: 0x00000000800060f8 (0x00000791) c.addi  a5, 4
core   0: 3 0x00000000800060f8 (0x0791) x15 0x0000000080005f9c
core   0: 0x00000000800060fa (0x34179073) csrrw   zero, mepc, a5
core   0: 3 0x00000000800060fa (0x34179073) c833_mepc 0x0000000080005f9c
core   0: 0x00000000800060fe (0x30200073) mret
core   0: 3 0x00000000800060fe (0x30200073) c768_mstatus 0x8000000a00106080
core   0: 0x0000000080005f9c (0x7a050213) addi    tp, a0, 1952
core   0: 1 0x0000000080005f9c (0x7a050213) x4  0x00000000000007a3
core   0: 0x0000000080005fa0 (0x01d20dbb) addw    s11, tp, t4
core   0: 1 0x0000000080005fa0 (0x01d20dbb) x27 0x0000000000000603
core   0: 0x0000000080005fa4 (0x00281c73) csrrw   s8, frm, a6
core   0: 1 0x0000000080005fa4 (0x00281c73) x24 0x0000000000000001 c2_frm 0x0000000000000000
core   0: 0x0000000080005fa8 (0xc23c79d3) fcvt.lu.d s3, fs8
core   0: 1 0x0000000080005fa8 (0xc23c79d3) c1_fflags 0x000000000000001e x19 0xffffffffffffffff
core   0: 0x0000000080005fac (0x03347cd3) fadd.d  fs9, fs0, fs3
core   0: 1 0x0000000080005fac (0x03347cd3) f25 0x7ff8000000000000
core   0: 0x0000000080005fb0 (0x401ffb53) fcvt.s.d fs6, ft11
core   0: 1 0x0000000080005fb0 (0x401ffb53) f22 0xffffffff7f800000
core   0: 0x0000000080005fb4 (0x23f41c53) fsgnjn.d fs8, fs0, ft11
core   0: 1 0x0000000080005fb4 (0x23f41c53) f24 0x8000000000000000
core   0: 0x0000000080005fb8 (0xe54a8e17) auipc   t3, 0xe54a8
core   0: 1 0x0000000080005fb8 (0xe54a8e17) x28 0x00000000654adfb8
core   0: 0x0000000080005fbc (0x800e0093) addi    ra, t3, -2048
core   0: 1 0x0000000080005fbc (0x800e0093) x1  0x00000000654ad7b8
core   0: 0x0000000080005fc0 (0x140792f3) csrrw   t0, sscratch, a5
core   0: 1 0x0000000080005fc0 (0x140792f3) x5  0x0000000000000000 c320_sscratch 0x0000000080005f9c
core   0: 0x0000000080005fc4 (0x001898f3) csrrw   a7, fflags, a7
core   0: 1 0x0000000080005fc4 (0x001898f3) x17 0x000000000000001e c1_fflags 0x0000000000000009
core   0: 0x0000000080005fc8 (0x001de793) ori     a5, s11, 1
core   0: 1 0x0000000080005fc8 (0x001de793) x15 0x0000000000000603
core   0: 0x0000000080005fcc (0x02fd483b) divw    a6, s10, a5
core   0: 1 0x0000000080005fcc (0x02fd483b) x16 0x0000000000113791
core   0: 0x0000000080005fd0 (0x12717953) fmul.d  fs2, ft2, ft7
core   0: 1 0x0000000080005fd0 (0x12717953) f18 0x7ff8000000000000
core   0: 0x0000000080005fd4 (0xd2188853) fcvt.d.wu fa6, a7
core   0: 1 0x0000000080005fd4 (0xd2188853) f16 0x403e000000000000
core   0: 0x0000000080005fd8 (0x02378cb3) mul     s9, a5, gp
core   0: 1 0x0000000080005fd8 (0x02378cb3) x25 0xfffffffffffff9fd
core   0: 0x0000000080005fdc (0xd027fe53) fcvt.s.l ft8, a5
core   0: 1 0x0000000080005fdc (0xd027fe53) f28 0xffffffff44c06000
core   0: 0x0000000080005fe0 (0x003422b3) slt     t0, s0, gp
core   0: 1 0x0000000080005fe0 (0x003422b3) x5  0x0000000000000000
core   0: 0x0000000080005fe4 (0x00540dbb) addw    s11, s0, t0
core   0: 1 0x0000000080005fe4 (0x00540dbb) x27 0x0000000000000011
core   0: 0x0000000080005fe8 (0x03b9dc13) srli    s8, s3, 59
core   0: 1 0x0000000080005fe8 (0x03b9dc13) x24 0x000000000000001f
core   0: 0x0000000080005fec (0x23ce2253) fsgnjx.d ft4, ft8, ft8
core   0: 1 0x0000000080005fec (0x23ce2253) f4  0x7fffffff44c06000
core   0: 0x0000000080005ff0 (0x222c0c53) fsgnj.d fs8, fs8, ft2
core   0: 1 0x0000000080005ff0 (0x222c0c53) f24 0x0000000000000000
core   0: 0x0000000080005ff4 (0x00165e1b) srliw   t3, a2, 1
core   0: 1 0x0000000080005ff4 (0x00165e1b) x28 0x0000000000000500
core   0: 0x0000000080005ff8 (0xd026f5d3) fcvt.s.l fa1, a3
core   0: 1 0x0000000080005ff8 (0xd026f5d3) f11 0xffffffff41f80000
core   0: 0x0000000080005ffc (0x01719913) slli    s2, gp, 23
core   0: 1 0x0000000080005ffc (0x01719913) x18 0xffffffffff800000
core   0: 0x0000000080006000 (0xeab5f3c7) fmsub.d ft7, fa1, fa1, ft9
core   0: 1 0x0000000080006000 (0xeab5f3c7) f7  0x7ff8000000000000
core   0: 0x0000000080006004 (0xc1a9f213) andi    tp, s3, -998
core   0: 1 0x0000000080006004 (0xc1a9f213) x4  0xfffffffffffffc1a
core   0: 0x0000000080006008 (0x1270f3d3) fmul.d  ft7, ft1, ft7
core   0: 1 0x0000000080006008 (0x1270f3d3) f7  0x7ff8000000000000
core   0: 0x000000008000600c (0x01fedd9b) srliw   s11, t4, 31
core   0: 1 0x000000008000600c (0x01fedd9b) x27 0x0000000000000001
core   0: 0x0000000080006010 (0x0ff0000f) fence   iorw,iorw
core   0: 1 0x0000000080006010 (0x0ff0000f)
core   0: 0x0000000080006014 (0x00495b33) srl     s6, s2, tp
core   0: 1 0x0000000080006014 (0x00495b33) x22 0x0000003fffffffff
core   0: 0x0000000080006018 (0x4164d833) sra     a6, s1, s6
core   0: 1 0x0000000080006018 (0x4164d833) x16 0x0000000000000000
core   0: 0x000000008000601c (0xd2048653) fcvt.d.w fa2, s1
core   0: 1 0x000000008000601c (0xd2048653) f12 0x40b2880000000000
core   0: 0x0000000080006020 (0x1042eef3) csrrsi  t4, sie, 5
core   0: 1 0x0000000080006020 (0x1042eef3) x29 0x0000000000000000 c772_mie 0x0000000000000a00
core   0: 0x0000000080006024 (0xf8312237) lui     tp, 0xf8312
core   0: 1 0x0000000080006024 (0xf8312237) x4  0xfffffffff8312000
core   0: 0x0000000080006028 (0x7d52021b) addiw   tp, tp, 2005
core   0: 1 0x0000000080006028 (0x7d52021b) x4  0xfffffffff83127d5
core   0: 0x000000008000602c (0x00000232) c.slli  tp, 12
core   0: 1 0x000000008000602c (0x0232) x4  0xffffff83127d5000
core   0: 0x000000008000602e (0x4bc20213) addi    tp, tp, 1212
core   0: 1 0x000000008000602e (0x4bc20213) x4  0xffffff83127d54bc
core   0: 0x0000000080006032 (0x00f06cb3) or      s9, zero, a5
core   0: 1 0x0000000080006032 (0x00f06cb3) x25 0x0000000000000603
core   0: 0x0000000080006036 (0x017c0a3b) addw    s4, s8, s7
core   0: 1 0x0000000080006036 (0x017c0a3b) x20 0xffffffffb768701f
core   0: 0x000000008000603a (0x00d1d6bb) srlw    a3, gp, a3
core   0: 1 0x000000008000603a (0x00d1d6bb) x13 0x0000000000000001
core   0: 0x000000008000603e (0xa30683d3) fle.d   t2, fa3, fa6
core   0: 1 0x000000008000603e (0xa30683d3) x7  0x0000000000000000
core   0: 0x0000000080006042 (0x794d6d93) ori     s11, s10, 1940
core   0: 1 0x0000000080006042 (0x794d6d93) x27 0x0000005967810fbc
core   0: 0x0000000080006046 (0x01b7d533) srl     a0, a5, s11
core   0: 1 0x0000000080006046 (0x01b7d533) x10 0x0000000000000000
core   0: 0x000000008000604a (0x03ab643b) remw    s0, s6, s10
core   0: 1 0x000000008000604a (0x03ab643b) x8  0xffffffffffffffff
core   0: 0x000000008000604e (0x401bdb93) srai    s7, s7, 1
core   0: 1 0x000000008000604e (0x401bdb93) x23 0xffffffffdbb43800
core   0: 0x0000000080006052 (0xf2080b53) fmv.d.x fs6, a6
core   0: 1 0x0000000080006052 (0xf2080b53) f22 0x0000000000000000
core   0: 0x0000000080006056 (0xd03c7c53) fcvt.s.lu fs8, s8
core   0: 1 0x0000000080006056 (0xd03c7c53) f24 0xffffffff41f80000
core   0: 0x000000008000605a (0xa64bc893) xori    a7, s7, -1436
core   0: 1 0x000000008000605a (0xa64bc893) x17 0x00000000244bc264
core   0: 0x000000008000605e (0x00e3e733) or      a4, t2, a4
core   0: 1 0x000000008000605e (0x00e3e733) x14 0x0000000000000002
core   0: 0x0000000080006062 (0x0ff0000f) fence   iorw,iorw
core   0: 1 0x0000000080006062 (0x0ff0000f)
core   0: 0x0000000080006066 (0x5de24c13) xori    s8, tp, 1502
core   0: 1 0x0000000080006066 (0x5de24c13) x24 0xffffff83127d5162
core   0: 0x000000008000606a (0x034c4a33) div     s4, s8, s4
core   0: 1 0x000000008000606a (0x034c4a33) x20 0x00000000000001b8
core   0: 0x000000008000606e (0xc32c74cf) fnmadd.d fs1, fs8, fs2, fs8
core   0: 1 0x000000008000606e (0xc32c74cf) f9  0x7ff8000000000000
core   0: 0x0000000080006072 (0x41858833) sub     a6, a1, s8
core   0: 1 0x0000000080006072 (0x41858833) x16 0x0000007d21918991
core   0: 0x0000000080006076 (0x008b5b9b) srliw   s7, s6, 8
core   0: 1 0x0000000080006076 (0x008b5b9b) x23 0x0000000000ffffff
core   0: 0x000000008000607a (0x00d5c917) auipc   s2, 0xd5c
core   0: 1 0x000000008000607a (0x00d5c917) x18 0x0000000080d6207a
core   0: 0x000000008000607e (0xc216f1d3) fcvt.wu.d gp, fa3
core   0: 1 0x000000008000607e (0xc216f1d3) x3  0x000000000000007a
core   0: 0x0000000080006082 (0x004a1e33) sll     t3, s4, tp
core   0: 1 0x0000000080006082 (0x004a1e33) x28 0x8000000000000000
core   0: 0x0000000080006086 (0x0317dc93) srli    s9, a5, 49
core   0: 1 0x0000000080006086 (0x0317dc93) x25 0x0000000000000000
core   0: 0x000000008000608a (0xf20383d3) fmv.d.x ft7, t2
core   0: 1 0x000000008000608a (0xf20383d3) f7  0x0000000000000000
core   0: 0x000000008000608e (0xc0267753) fcvt.l.s a4, fa2
core   0: 1 0x000000008000608e (0xc0267753) c1_fflags 0x0000000000000019 x14 0x7fffffffffffffff
core   0: 0x0000000080006092 (0x02e89333) mulh    t1, a7, a4
core   0: 1 0x0000000080006092 (0x02e89333) x6  0x000000001225e131
core   0: 0x0000000080006096 (0xb362d9b7) lui     s3, 0xb362d
core   0: 1 0x0000000080006096 (0xb362d9b7) x19 0xffffffffb362d000
core   0: 0x000000008000609a (0x01236333) or      t1, t1, s2
core   0: 1 0x000000008000609a (0x01236333) x6  0x0000000092f7e17b
core   0: 0x000000008000609e (0xd2297cd3) fcvt.d.l fs9, s2
core   0: 1 0x000000008000609e (0xd2297cd3) f25 0x41e01ac40f400000
core   0: 0x00000000800060a2 (0x41170cbb) subw    s9, a4, a7
core   0: 1 0x00000000800060a2 (0x41170cbb) x25 0xffffffffdbb43d9b
core   0: 0x00000000800060a6 (0x5a50f5cf) fnmadd.d fa1, ft1, ft5, fa1
core   0: 1 0x00000000800060a6 (0x5a50f5cf) f11 0x7ff8000000000000
core   0: 0x00000000800060aa (0x01174533) xor     a0, a4, a7
core   0: 1 0x00000000800060aa (0x01174533) x10 0x7fffffffdbb43d9b
core   0: 0x00000000800060ae (0x000c5213) srli    tp, s8, 0
core   0: 1 0x00000000800060ae (0x000c5213) x4  0xffffff83127d5162
core   0: 0x00000000800060b2 (0x5a06f3d3) fsqrt.d ft7, fa3
core   0: 1 0x00000000800060b2 (0x5a06f3d3) c1_fflags 0x0000000000000019 f7  0x402617398f2aaa48
core   0: 0x00000000800060b6 (0x019982bb) addw    t0, s3, s9
core   0: 1 0x00000000800060b6 (0x019982bb) x5  0xffffffff8f170d9b
core   0: 0x00000000800060ba (0x0acd7d53) fsub.d  fs10, fs10, fa2
core   0: 1 0x00000000800060ba (0x0acd7d53) f26 0x7ff8000000000000
core   0: >>>>  write_tohost
core   0: 0x00000000800060be (0x926fa0ef) jal     pc - 0x5eda
core   0: 1 0x00000000800060be (0x926fa0ef) x1  0x00000000800060c2
core   0: >>>>  _exit
core   0: 0x00000000800001e4 (0x00004505) c.li    a0, 1
core   0: 1 0x00000000800001e4 (0x4505) x10 0x0000000000000001
core   0: 0x00000000800001e6 (0x00001f17) auipc   t5, 0x1
core   0: 1 0x00000000800001e6 (0x00001f17) x30 0x00000000800011e6
core   0: 0x00000000800001ea (0xe0af2d23) sw      a0, -486(t5)
core   0: 1 0x00000000800001ea (0xe0af2d23) mem 0x0000000080001000 0x00000001
cp /home/server/RISCV/cva6/verif/sim/out/seed_1032/spike_sim/new_seeds_1032_.cv64a6_imafdc_sv39.log.iss /home/server/RISCV/cva6/verif/sim/out/seed_1032/spike_sim/new_seeds_1032_.cv64a6_imafdc_sv39.log
