Makefile:14: must set CVA6_REPO_DIR to point at the root of CVA6 sources and CVA6_TB_DIR to point here -- doing it for you...
LD_LIBRARY_PATH="$(realpath ../../tools/spike/lib):$LD_LIBRARY_PATH" \
	/home/server/RISCV/cva6/tools/spike/bin/spike --steps=2000000  --log-commits --isa=rv64gc_zba_zbb_zbs_zbc_zicsr_zifencei --priv=msu -l /home/server/RISCV/cva6/verif/sim/out/seed_1077/directed_asm_tests/new_seeds_1077_.o
[SPIKE] Max simulation steps: 2000000
[SPIKE] Proc 0 | ISA: rv64gc_zba_zbb_zbs_zbc_zicsr_zifencei PRIV: msu
[SPIKE] Initializing memories...
core   0: 0x0000000000010000 (0x00100413) li      s0, 1
core   0: 3 0x0000000000010000 (0x00100413) x8  0x0000000000000001
core   0: 0x0000000000010004 (0x01f41413) slli    s0, s0, 31
core   0: 3 0x0000000000010004 (0x01f41413) x8  0x0000000080000000
core   0: 0x0000000000010008 (0xf1402573) csrrs   a0, mhartid, zero
core   0: 3 0x0000000000010008 (0xf1402573) x10 0x0000000000000000
core   0: 0x000000000001000c (0x00000597) auipc   a1, 0x0
core   0: 3 0x000000000001000c (0x00000597) x11 0x000000000001000c
core   0: 0x0000000000010010 (0x07458593) addi    a1, a1, 116
core   0: 3 0x0000000000010010 (0x07458593) x11 0x0000000000010080
core   0: 0x0000000000010014 (0x00040067) jr      s0
core   0: 3 0x0000000000010014 (0x00040067)
core   0: >>>>  _start
core   0: 0x0000000080000000 (0x00004081) c.li    ra, 0
core   0: 3 0x0000000080000000 (0x4081) x1  0x0000000000000000
core   0: 0x0000000080000002 (0x00004101) c.li    sp, 0
core   0: 3 0x0000000080000002 (0x4101) x2  0x0000000000000000
core   0: 0x0000000080000004 (0x00004181) c.li    gp, 0
core   0: 3 0x0000000080000004 (0x4181) x3  0x0000000000000000
core   0: 0x0000000080000006 (0x00004201) c.li    tp, 0
core   0: 3 0x0000000080000006 (0x4201) x4  0x0000000000000000
core   0: 0x0000000080000008 (0x00004281) c.li    t0, 0
core   0: 3 0x0000000080000008 (0x4281) x5  0x0000000000000000
core   0: 0x000000008000000a (0x00004301) c.li    t1, 0
core   0: 3 0x000000008000000a (0x4301) x6  0x0000000000000000
core   0: 0x000000008000000c (0x00004381) c.li    t2, 0
core   0: 3 0x000000008000000c (0x4381) x7  0x0000000000000000
core   0: 0x000000008000000e (0x00004401) c.li    s0, 0
core   0: 3 0x000000008000000e (0x4401) x8  0x0000000000000000
core   0: 0x0000000080000010 (0x00004481) c.li    s1, 0
core   0: 3 0x0000000080000010 (0x4481) x9  0x0000000000000000
core   0: 0x0000000080000012 (0x00004501) c.li    a0, 0
core   0: 3 0x0000000080000012 (0x4501) x10 0x0000000000000000
core   0: 0x0000000080000014 (0x00004581) c.li    a1, 0
core   0: 3 0x0000000080000014 (0x4581) x11 0x0000000000000000
core   0: 0x0000000080000016 (0x00004601) c.li    a2, 0
core   0: 3 0x0000000080000016 (0x4601) x12 0x0000000000000000
core   0: 0x0000000080000018 (0x00004681) c.li    a3, 0
core   0: 3 0x0000000080000018 (0x4681) x13 0x0000000000000000
core   0: 0x000000008000001a (0x00004701) c.li    a4, 0
core   0: 3 0x000000008000001a (0x4701) x14 0x0000000000000000
core   0: 0x000000008000001c (0x00004781) c.li    a5, 0
core   0: 3 0x000000008000001c (0x4781) x15 0x0000000000000000
core   0: 0x000000008000001e (0x00004801) c.li    a6, 0
core   0: 3 0x000000008000001e (0x4801) x16 0x0000000000000000
core   0: 0x0000000080000020 (0x00004881) c.li    a7, 0
core   0: 3 0x0000000080000020 (0x4881) x17 0x0000000000000000
core   0: 0x0000000080000022 (0x00004901) c.li    s2, 0
core   0: 3 0x0000000080000022 (0x4901) x18 0x0000000000000000
core   0: 0x0000000080000024 (0x00004981) c.li    s3, 0
core   0: 3 0x0000000080000024 (0x4981) x19 0x0000000000000000
core   0: 0x0000000080000026 (0x00004a01) c.li    s4, 0
core   0: 3 0x0000000080000026 (0x4a01) x20 0x0000000000000000
core   0: 0x0000000080000028 (0x00004a81) c.li    s5, 0
core   0: 3 0x0000000080000028 (0x4a81) x21 0x0000000000000000
core   0: 0x000000008000002a (0x00004b01) c.li    s6, 0
core   0: 3 0x000000008000002a (0x4b01) x22 0x0000000000000000
core   0: 0x000000008000002c (0x00004b81) c.li    s7, 0
core   0: 3 0x000000008000002c (0x4b81) x23 0x0000000000000000
core   0: 0x000000008000002e (0x00004c01) c.li    s8, 0
core   0: 3 0x000000008000002e (0x4c01) x24 0x0000000000000000
core   0: 0x0000000080000030 (0x00004c81) c.li    s9, 0
core   0: 3 0x0000000080000030 (0x4c81) x25 0x0000000000000000
core   0: 0x0000000080000032 (0x00004d01) c.li    s10, 0
core   0: 3 0x0000000080000032 (0x4d01) x26 0x0000000000000000
core   0: 0x0000000080000034 (0x00004d81) c.li    s11, 0
core   0: 3 0x0000000080000034 (0x4d81) x27 0x0000000000000000
core   0: 0x0000000080000036 (0x00004e01) c.li    t3, 0
core   0: 3 0x0000000080000036 (0x4e01) x28 0x0000000000000000
core   0: 0x0000000080000038 (0x00004e81) c.li    t4, 0
core   0: 3 0x0000000080000038 (0x4e81) x29 0x0000000000000000
core   0: 0x000000008000003a (0x00004f01) c.li    t5, 0
core   0: 3 0x000000008000003a (0x4f01) x30 0x0000000000000000
core   0: 0x000000008000003c (0x00004f81) c.li    t6, 0
core   0: 3 0x000000008000003c (0x4f81) x31 0x0000000000000000
core   0: 0x000000008000003e (0x000062f9) c.lui   t0, 0x1e
core   0: 3 0x000000008000003e (0x62f9) x5  0x000000000001e000
core   0: 0x0000000080000040 (0x3002a073) csrrs   zero, mstatus, t0
core   0: 3 0x0000000080000040 (0x3002a073) c768_mstatus 0x8000000a00006000
core   0: 0x0000000080000044 (0x00004285) c.li    t0, 1
core   0: 3 0x0000000080000044 (0x4285) x5  0x0000000000000001
core   0: 0x0000000080000046 (0x000002fe) c.slli  t0, 31
core   0: 3 0x0000000080000046 (0x02fe) x5  0x0000000080000000
core   0: 0x0000000080000048 (0x0002d863) bge     t0, zero, pc + 16
core   0: 3 0x0000000080000048 (0x0002d863)
core   0: 0x0000000080000058 (0x00000297) auipc   t0, 0x0
core   0: 3 0x0000000080000058 (0x00000297) x5  0x0000000080000058
core   0: 0x000000008000005c (0x09028293) addi    t0, t0, 144
core   0: 3 0x000000008000005c (0x09028293) x5  0x00000000800000e8
core   0: 0x0000000080000060 (0x30529073) csrrw   zero, mtvec, t0
core   0: 3 0x0000000080000060 (0x30529073) c773_mtvec 0x00000000800000e8
core   0: 0x0000000080000064 (0x00301073) csrrw   zero, fcsr, zero
core   0: 3 0x0000000080000064 (0x00301073) c1_fflags 0x0000000000000000 c2_frm 0x0000000000000000
core   0: 0x0000000080000068 (0xf0000053) fmv.w.x ft0, zero
core   0: 3 0x0000000080000068 (0xf0000053) f0  0xffffffff00000000
core   0: 0x000000008000006c (0xf00000d3) fmv.w.x ft1, zero
core   0: 3 0x000000008000006c (0xf00000d3) f1  0xffffffff00000000
core   0: 0x0000000080000070 (0xf0000153) fmv.w.x ft2, zero
core   0: 3 0x0000000080000070 (0xf0000153) f2  0xffffffff00000000
core   0: 0x0000000080000074 (0xf00001d3) fmv.w.x ft3, zero
core   0: 3 0x0000000080000074 (0xf00001d3) f3  0xffffffff00000000
core   0: 0x0000000080000078 (0xf0000253) fmv.w.x ft4, zero
core   0: 3 0x0000000080000078 (0xf0000253) f4  0xffffffff00000000
core   0: 0x000000008000007c (0xf00002d3) fmv.w.x ft5, zero
core   0: 3 0x000000008000007c (0xf00002d3) f5  0xffffffff00000000
core   0: 0x0000000080000080 (0xf0000353) fmv.w.x ft6, zero
core   0: 3 0x0000000080000080 (0xf0000353) f6  0xffffffff00000000
core   0: 0x0000000080000084 (0xf00003d3) fmv.w.x ft7, zero
core   0: 3 0x0000000080000084 (0xf00003d3) f7  0xffffffff00000000
core   0: 0x0000000080000088 (0xf0000453) fmv.w.x fs0, zero
core   0: 3 0x0000000080000088 (0xf0000453) f8  0xffffffff00000000
core   0: 0x000000008000008c (0xf00004d3) fmv.w.x fs1, zero
core   0: 3 0x000000008000008c (0xf00004d3) f9  0xffffffff00000000
core   0: 0x0000000080000090 (0xf0000553) fmv.w.x fa0, zero
core   0: 3 0x0000000080000090 (0xf0000553) f10 0xffffffff00000000
core   0: 0x0000000080000094 (0xf00005d3) fmv.w.x fa1, zero
core   0: 3 0x0000000080000094 (0xf00005d3) f11 0xffffffff00000000
core   0: 0x0000000080000098 (0xf0000653) fmv.w.x fa2, zero
core   0: 3 0x0000000080000098 (0xf0000653) f12 0xffffffff00000000
core   0: 0x000000008000009c (0xf00006d3) fmv.w.x fa3, zero
core   0: 3 0x000000008000009c (0xf00006d3) f13 0xffffffff00000000
core   0: 0x00000000800000a0 (0xf0000753) fmv.w.x fa4, zero
core   0: 3 0x00000000800000a0 (0xf0000753) f14 0xffffffff00000000
core   0: 0x00000000800000a4 (0xf00007d3) fmv.w.x fa5, zero
core   0: 3 0x00000000800000a4 (0xf00007d3) f15 0xffffffff00000000
core   0: 0x00000000800000a8 (0xf0000853) fmv.w.x fa6, zero
core   0: 3 0x00000000800000a8 (0xf0000853) f16 0xffffffff00000000
core   0: 0x00000000800000ac (0xf00008d3) fmv.w.x fa7, zero
core   0: 3 0x00000000800000ac (0xf00008d3) f17 0xffffffff00000000
core   0: 0x00000000800000b0 (0xf0000953) fmv.w.x fs2, zero
core   0: 3 0x00000000800000b0 (0xf0000953) f18 0xffffffff00000000
core   0: 0x00000000800000b4 (0xf00009d3) fmv.w.x fs3, zero
core   0: 3 0x00000000800000b4 (0xf00009d3) f19 0xffffffff00000000
core   0: 0x00000000800000b8 (0xf0000a53) fmv.w.x fs4, zero
core   0: 3 0x00000000800000b8 (0xf0000a53) f20 0xffffffff00000000
core   0: 0x00000000800000bc (0xf0000ad3) fmv.w.x fs5, zero
core   0: 3 0x00000000800000bc (0xf0000ad3) f21 0xffffffff00000000
core   0: 0x00000000800000c0 (0xf0000b53) fmv.w.x fs6, zero
core   0: 3 0x00000000800000c0 (0xf0000b53) f22 0xffffffff00000000
core   0: 0x00000000800000c4 (0xf0000bd3) fmv.w.x fs7, zero
core   0: 3 0x00000000800000c4 (0xf0000bd3) f23 0xffffffff00000000
core   0: 0x00000000800000c8 (0xf0000c53) fmv.w.x fs8, zero
core   0: 3 0x00000000800000c8 (0xf0000c53) f24 0xffffffff00000000
core   0: 0x00000000800000cc (0xf0000cd3) fmv.w.x fs9, zero
core   0: 3 0x00000000800000cc (0xf0000cd3) f25 0xffffffff00000000
core   0: 0x00000000800000d0 (0xf0000d53) fmv.w.x fs10, zero
core   0: 3 0x00000000800000d0 (0xf0000d53) f26 0xffffffff00000000
core   0: 0x00000000800000d4 (0xf0000dd3) fmv.w.x fs11, zero
core   0: 3 0x00000000800000d4 (0xf0000dd3) f27 0xffffffff00000000
core   0: 0x00000000800000d8 (0xf0000e53) fmv.w.x ft8, zero
core   0: 3 0x00000000800000d8 (0xf0000e53) f28 0xffffffff00000000
core   0: 0x00000000800000dc (0xf0000ed3) fmv.w.x ft9, zero
core   0: 3 0x00000000800000dc (0xf0000ed3) f29 0xffffffff00000000
core   0: 0x00000000800000e0 (0xf0000f53) fmv.w.x ft10, zero
core   0: 3 0x00000000800000e0 (0xf0000f53) f30 0xffffffff00000000
core   0: 0x00000000800000e4 (0xf0000fd3) fmv.w.x ft11, zero
core   0: 3 0x00000000800000e4 (0xf0000fd3) f31 0xffffffff00000000
core   0: 0x00000000800000e8 (0x00000297) auipc   t0, 0x0
core   0: 3 0x00000000800000e8 (0x00000297) x5  0x00000000800000e8
core   0: 0x00000000800000ec (0x03c28293) addi    t0, t0, 60
core   0: 3 0x00000000800000ec (0x03c28293) x5  0x0000000080000124
core   0: 0x00000000800000f0 (0x30529073) csrrw   zero, mtvec, t0
core   0: 3 0x00000000800000f0 (0x30529073) c773_mtvec 0x0000000080000124
core   0: 0x00000000800000f4 (0x00011197) auipc   gp, 0x11
core   0: 3 0x00000000800000f4 (0x00011197) x3  0x00000000800110f4
core   0: 0x00000000800000f8 (0x73418193) addi    gp, gp, 1844
core   0: 3 0x00000000800000f8 (0x73418193) x3  0x0000000080011828
core   0: 0x00000000800000fc (0x00011217) auipc   tp, 0x11
core   0: 3 0x00000000800000fc (0x00011217) x4  0x00000000800110fc
core   0: 0x0000000080000100 (0xf8320213) addi    tp, tp, -125
core   0: 3 0x0000000080000100 (0xf8320213) x4  0x000000008001107f
core   0: 0x0000000080000104 (0xfc027213) andi    tp, tp, -64
core   0: 3 0x0000000080000104 (0xfc027213) x4  0x0000000080011040
core   0: 0x0000000080000108 (0xf1402573) csrrs   a0, mhartid, zero
core   0: 3 0x0000000080000108 (0xf1402573) x10 0x0000000000000000
core   0: 0x000000008000010c (0x00004585) c.li    a1, 1
core   0: 3 0x000000008000010c (0x4585) x11 0x0000000000000001
core   0: 0x000000008000010e (0x00b57063) bgeu    a0, a1, pc + 0
core   0: 3 0x000000008000010e (0x00b57063)
core   0: 0x0000000080000112 (0x00150113) addi    sp, a0, 1
core   0: 3 0x0000000080000112 (0x00150113) x2  0x0000000000000001
core   0: 0x0000000080000116 (0x00000146) c.slli  sp, 17
core   0: 3 0x0000000080000116 (0x0146) x2  0x0000000000020000
core   0: 0x0000000080000118 (0x00009112) c.add   sp, tp
core   0: 3 0x0000000080000118 (0x9112) x2  0x0000000080031040
core   0: 0x000000008000011a (0x01151613) slli    a2, a0, 17
core   0: 3 0x000000008000011a (0x01151613) x12 0x0000000000000000
core   0: 0x000000008000011e (0x00009232) c.add   tp, a2
core   0: 3 0x000000008000011e (0x9232) x4  0x0000000080011040
core   0: 0x0000000080000120 (0x47a0e06f) j       pc + 0xe47a
core   0: 3 0x0000000080000120 (0x47a0e06f)
core   0: >>>>  _init
core   0: 0x000000008000e59a (0x00007171) c.addi16sp sp, -176
core   0: 3 0x000000008000e59a (0x7171) x2  0x0000000080030f90
core   0: 0x000000008000e59c (0x0000f506) c.sdsp  ra, 168(sp)
core   0: 3 0x000000008000e59c (0xf506) mem 0x0000000080031038 0x0000000000000000
core   0: 0x000000008000e59e (0x0000f122) c.sdsp  s0, 160(sp)
core   0: 3 0x000000008000e59e (0xf122) mem 0x0000000080031030 0x0000000000000000
core   0: 0x000000008000e5a0 (0x0000ed26) c.sdsp  s1, 152(sp)
core   0: 3 0x000000008000e5a0 (0xed26) mem 0x0000000080031028 0x0000000000000000
core   0: 0x000000008000e5a2 (0x00001900) c.addi4spn s0, sp, 176
core   0: 3 0x000000008000e5a2 (0x1900) x8  0x0000000080031040
core   0: 0x000000008000e5a4 (0x000087aa) c.mv    a5, a0
core   0: 3 0x000000008000e5a4 (0x87aa) x15 0x0000000000000000
core   0: 0x000000008000e5a6 (0x0000872e) c.mv    a4, a1
core   0: 3 0x000000008000e5a6 (0x872e) x14 0x0000000000000001
core   0: 0x000000008000e5a8 (0xf4f42e23) sw      a5, -164(s0)
core   0: 3 0x000000008000e5a8 (0xf4f42e23) mem 0x0000000080030f9c 0x00000000
core   0: 0x000000008000e5ac (0x000087ba) c.mv    a5, a4
core   0: 3 0x000000008000e5ac (0x87ba) x15 0x0000000000000001
core   0: 0x000000008000e5ae (0xf4f42c23) sw      a5, -168(s0)
core   0: 3 0x000000008000e5ae (0xf4f42c23) mem 0x0000000080030f98 0x00000001
core   0: 0x000000008000e5b2 (0xfe040793) addi    a5, s0, -32
core   0: 3 0x000000008000e5b2 (0xfe040793) x15 0x0000000080031020
core   0: 0x000000008000e5b6 (0xf4f43823) sd      a5, -176(s0)
core   0: 3 0x000000008000e5b6 (0xf4f43823) mem 0x0000000080030f90 0x0000000080031020
core   0: 0x000000008000e5ba (0xf5043783) ld      a5, -176(s0)
core   0: 3 0x000000008000e5ba (0xf5043783) x15 0x0000000080031020 mem 0x0000000080030f90
core   0: 0x000000008000e5be (0xf8078793) addi    a5, a5, -128
core   0: 3 0x000000008000e5be (0xf8078793) x15 0x0000000080030fa0
core   0: 0x000000008000e5c2 (0x03f78793) addi    a5, a5, 63
core   0: 3 0x000000008000e5c2 (0x03f78793) x15 0x0000000080030fdf
core   0: 0x000000008000e5c6 (0x00008399) c.srli  a5, 6
core   0: 3 0x000000008000e5c6 (0x8399) x15 0x0000000002000c3f
core   0: 0x000000008000e5c8 (0x00679493) slli    s1, a5, 6
core   0: 3 0x000000008000e5c8 (0x00679493) x9  0x0000000080030fc0
core   0: 0x000000008000e5cc (0xf65ff0ef) jal     pc - 0x9c
core   0: 3 0x000000008000e5cc (0xf65ff0ef) x1  0x000000008000e5d0
core   0: >>>>  init_tls
core   0: 0x000000008000e530 (0x00001101) c.addi  sp, -32
core   0: 3 0x000000008000e530 (0x1101) x2  0x0000000080030f70
core   0: 0x000000008000e532 (0x0000ec06) c.sdsp  ra, 24(sp)
core   0: 3 0x000000008000e532 (0xec06) mem 0x0000000080030f88 0x000000008000e5d0
core   0: 0x000000008000e534 (0x0000e822) c.sdsp  s0, 16(sp)
core   0: 3 0x000000008000e534 (0xe822) mem 0x0000000080030f80 0x0000000080031040
core   0: 0x000000008000e536 (0x00001000) c.addi4spn s0, sp, 32
core   0: 3 0x000000008000e536 (0x1000) x8  0x0000000080030f90
core   0: 0x000000008000e538 (0x00003717) auipc   a4, 0x3
core   0: 3 0x000000008000e538 (0x00003717) x14 0x0000000080011538
core   0: 0x000000008000e53c (0xaf070713) addi    a4, a4, -1296
core   0: 3 0x000000008000e53c (0xaf070713) x14 0x0000000080011028
core   0: 0x000000008000e540 (0x00003797) auipc   a5, 0x3
core   0: 3 0x000000008000e540 (0x00003797) x15 0x0000000080011540
core   0: 0x000000008000e544 (0xae878793) addi    a5, a5, -1304
core   0: 3 0x000000008000e544 (0xae878793) x15 0x0000000080011028
core   0: 0x000000008000e548 (0x40f707b3) sub     a5, a4, a5
core   0: 3 0x000000008000e548 (0x40f707b3) x15 0x0000000000000000
core   0: 0x000000008000e54c (0xfef43423) sd      a5, -24(s0)
core   0: 3 0x000000008000e54c (0xfef43423) mem 0x0000000080030f78 0x0000000000000000
core   0: 0x000000008000e550 (0x00008792) c.mv    a5, tp
core   0: 3 0x000000008000e550 (0x8792) x15 0x0000000080011040
core   0: 0x000000008000e552 (0xfe843603) ld      a2, -24(s0)
core   0: 3 0x000000008000e552 (0xfe843603) x12 0x0000000000000000 mem 0x0000000080030f78
core   0: 0x000000008000e556 (0x00003597) auipc   a1, 0x3
core   0: 3 0x000000008000e556 (0x00003597) x11 0x0000000080011556
core   0: 0x000000008000e55a (0xad258593) addi    a1, a1, -1326
core   0: 3 0x000000008000e55a (0xad258593) x11 0x0000000080011028
core   0: 0x000000008000e55e (0x0000853e) c.mv    a0, a5
core   0: 3 0x000000008000e55e (0x853e) x10 0x0000000080011040
core   0: 0x000000008000e560 (0x0f9000ef) jal     pc + 0x8f8
core   0: 3 0x000000008000e560 (0x0f9000ef) x1  0x000000008000e564
core   0: >>>>  memcpy
core   0: 0x000000008000ee58 (0x0000715d) c.addi16sp sp, -80
core   0: 3 0x000000008000ee58 (0x715d) x2  0x0000000080030f20
core   0: 0x000000008000ee5a (0x0000e4a2) c.sdsp  s0, 72(sp)
core   0: 3 0x000000008000ee5a (0xe4a2) mem 0x0000000080030f68 0x0000000080030f90
core   0: 0x000000008000ee5c (0x00000880) c.addi4spn s0, sp, 80
core   0: 3 0x000000008000ee5c (0x0880) x8  0x0000000080030f70
core   0: 0x000000008000ee5e (0xfca43423) sd      a0, -56(s0)
core   0: 3 0x000000008000ee5e (0xfca43423) mem 0x0000000080030f38 0x0000000080011040
core   0: 0x000000008000ee62 (0xfcb43023) sd      a1, -64(s0)
core   0: 3 0x000000008000ee62 (0xfcb43023) mem 0x0000000080030f30 0x0000000080011028
core   0: 0x000000008000ee66 (0xfac43c23) sd      a2, -72(s0)
core   0: 3 0x000000008000ee66 (0xfac43c23) mem 0x0000000080030f28 0x0000000000000000
core   0: 0x000000008000ee6a (0xfc843703) ld      a4, -56(s0)
core   0: 3 0x000000008000ee6a (0xfc843703) x14 0x0000000080011040 mem 0x0000000080030f38
core   0: 0x000000008000ee6e (0xfc043783) ld      a5, -64(s0)
core   0: 3 0x000000008000ee6e (0xfc043783) x15 0x0000000080011028 mem 0x0000000080030f30
core   0: 0x000000008000ee72 (0x00008f5d) c.or    a4, a5
core   0: 3 0x000000008000ee72 (0x8f5d) x14 0x0000000080011068
core   0: 0x000000008000ee74 (0xfb843783) ld      a5, -72(s0)
core   0: 3 0x000000008000ee74 (0xfb843783) x15 0x0000000000000000 mem 0x0000000080030f28
core   0: 0x000000008000ee78 (0x00008fd9) c.or    a5, a4
core   0: 3 0x000000008000ee78 (0x8fd9) x15 0x0000000080011068
core   0: 0x000000008000ee7a (0x00008b9d) c.andi  a5, 7
core   0: 3 0x000000008000ee7a (0x8b9d) x15 0x0000000000000000
core   0: 0x000000008000ee7c (0x0000e3b1) c.bnez  a5, pc + 68
core   0: 3 0x000000008000ee7c (0xe3b1)
core   0: 0x000000008000ee7e (0xfc043783) ld      a5, -64(s0)
core   0: 3 0x000000008000ee7e (0xfc043783) x15 0x0000000080011028 mem 0x0000000080030f30
core   0: 0x000000008000ee82 (0xfef43423) sd      a5, -24(s0)
core   0: 3 0x000000008000ee82 (0xfef43423) mem 0x0000000080030f58 0x0000000080011028
core   0: 0x000000008000ee86 (0xfc843783) ld      a5, -56(s0)
core   0: 3 0x000000008000ee86 (0xfc843783) x15 0x0000000080011040 mem 0x0000000080030f38
core   0: 0x000000008000ee8a (0xfef43023) sd      a5, -32(s0)
core   0: 3 0x000000008000ee8a (0xfef43023) mem 0x0000000080030f50 0x0000000080011040
core   0: 0x000000008000ee8e (0x0000a839) c.j     pc + 30
core   0: 3 0x000000008000ee8e (0xa839)
core   0: 0x000000008000eeac (0xfc843703) ld      a4, -56(s0)
core   0: 3 0x000000008000eeac (0xfc843703) x14 0x0000000080011040 mem 0x0000000080030f38
core   0: 0x000000008000eeb0 (0xfb843783) ld      a5, -72(s0)
core   0: 3 0x000000008000eeb0 (0xfb843783) x15 0x0000000000000000 mem 0x0000000080030f28
core   0: 0x000000008000eeb4 (0x000097ba) c.add   a5, a4
core   0: 3 0x000000008000eeb4 (0x97ba) x15 0x0000000080011040
core   0: 0x000000008000eeb6 (0xfe043703) ld      a4, -32(s0)
core   0: 3 0x000000008000eeb6 (0xfe043703) x14 0x0000000080011040 mem 0x0000000080030f50
core   0: 0x000000008000eeba (0xfcf76be3) bltu    a4, a5, pc - 42
core   0: 3 0x000000008000eeba (0xfcf76be3)
core   0: 0x000000008000eebe (0x0000a099) c.j     pc + 70
core   0: 3 0x000000008000eebe (0xa099)
core   0: 0x000000008000ef04 (0xfc843783) ld      a5, -56(s0)
core   0: 3 0x000000008000ef04 (0xfc843783) x15 0x0000000080011040 mem 0x0000000080030f38
core   0: 0x000000008000ef08 (0x0000853e) c.mv    a0, a5
core   0: 3 0x000000008000ef08 (0x853e) x10 0x0000000080011040
core   0: 0x000000008000ef0a (0x00006426) c.ldsp  s0, 72(sp)
core   0: 3 0x000000008000ef0a (0x6426) x8  0x0000000080030f90 mem 0x0000000080030f68
core   0: 0x000000008000ef0c (0x00006161) c.addi16sp sp, 80
core   0: 3 0x000000008000ef0c (0x6161) x2  0x0000000080030f70
core   0: 0x000000008000ef0e (0x00008082) ret
core   0: 3 0x000000008000ef0e (0x8082)
core   0: 0x000000008000e564 (0x00003717) auipc   a4, 0x3
core   0: 3 0x000000008000e564 (0x00003717) x14 0x0000000080011564
core   0: 0x000000008000e568 (0xb6070713) addi    a4, a4, -1184
core   0: 3 0x000000008000e568 (0xb6070713) x14 0x00000000800110c4
core   0: 0x000000008000e56c (0x00003797) auipc   a5, 0x3
core   0: 3 0x000000008000e56c (0x00003797) x15 0x000000008001156c
core   0: 0x000000008000e570 (0xabc78793) addi    a5, a5, -1348
core   0: 3 0x000000008000e570 (0xabc78793) x15 0x0000000080011028
core   0: 0x000000008000e574 (0x40f707b3) sub     a5, a4, a5
core   0: 3 0x000000008000e574 (0x40f707b3) x15 0x000000000000009c
core   0: 0x000000008000e578 (0xfef43023) sd      a5, -32(s0)
core   0: 3 0x000000008000e578 (0xfef43023) mem 0x0000000080030f70 0x000000000000009c
core   0: 0x000000008000e57c (0x00008712) c.mv    a4, tp
core   0: 3 0x000000008000e57c (0x8712) x14 0x0000000080011040
core   0: 0x000000008000e57e (0xfe843783) ld      a5, -24(s0)
core   0: 3 0x000000008000e57e (0xfe843783) x15 0x0000000000000000 mem 0x0000000080030f78
core   0: 0x000000008000e582 (0x000097ba) c.add   a5, a4
core   0: 3 0x000000008000e582 (0x97ba) x15 0x0000000080011040
core   0: 0x000000008000e584 (0xfe043603) ld      a2, -32(s0)
core   0: 3 0x000000008000e584 (0xfe043603) x12 0x000000000000009c mem 0x0000000080030f70
core   0: 0x000000008000e588 (0x00004581) c.li    a1, 0
core   0: 3 0x000000008000e588 (0x4581) x11 0x0000000000000000
core   0: 0x000000008000e58a (0x0000853e) c.mv    a0, a5
core   0: 3 0x000000008000e58a (0x853e) x10 0x0000000080011040
core   0: 0x000000008000e58c (0x185000ef) jal     pc + 0x984
core   0: 3 0x000000008000e58c (0x185000ef) x1  0x000000008000e590
core   0: >>>>  memset
core   0: 0x000000008000ef10 (0x0000715d) c.addi16sp sp, -80
core   0: 3 0x000000008000ef10 (0x715d) x2  0x0000000080030f20
core   0: 0x000000008000ef12 (0x0000e4a2) c.sdsp  s0, 72(sp)
core   0: 3 0x000000008000ef12 (0xe4a2) mem 0x0000000080030f68 0x0000000080030f90
core   0: 0x000000008000ef14 (0x00000880) c.addi4spn s0, sp, 80
core   0: 3 0x000000008000ef14 (0x0880) x8  0x0000000080030f70
core   0: 0x000000008000ef16 (0xfca43423) sd      a0, -56(s0)
core   0: 3 0x000000008000ef16 (0xfca43423) mem 0x0000000080030f38 0x0000000080011040
core   0: 0x000000008000ef1a (0x000087ae) c.mv    a5, a1
core   0: 3 0x000000008000ef1a (0x87ae) x15 0x0000000000000000
core   0: 0x000000008000ef1c (0xfac43c23) sd      a2, -72(s0)
core   0: 3 0x000000008000ef1c (0xfac43c23) mem 0x0000000080030f28 0x000000000000009c
core   0: 0x000000008000ef20 (0xfcf42223) sw      a5, -60(s0)
core   0: 3 0x000000008000ef20 (0xfcf42223) mem 0x0000000080030f34 0x00000000
core   0: 0x000000008000ef24 (0xfc843703) ld      a4, -56(s0)
core   0: 3 0x000000008000ef24 (0xfc843703) x14 0x0000000080011040 mem 0x0000000080030f38
core   0: 0x000000008000ef28 (0xfb843783) ld      a5, -72(s0)
core   0: 3 0x000000008000ef28 (0xfb843783) x15 0x000000000000009c mem 0x0000000080030f28
core   0: 0x000000008000ef2c (0x00008fd9) c.or    a5, a4
core   0: 3 0x000000008000ef2c (0x8fd9) x15 0x00000000800110dc
core   0: 0x000000008000ef2e (0x00008b9d) c.andi  a5, 7
core   0: 3 0x000000008000ef2e (0x8b9d) x15 0x0000000000000004
core   0: 0x000000008000ef30 (0x0000e7bd) c.bnez  a5, pc + 110
core   0: 3 0x000000008000ef30 (0xe7bd)
core   0: 0x000000008000ef9e (0xfc843783) ld      a5, -56(s0)
core   0: 3 0x000000008000ef9e (0xfc843783) x15 0x0000000080011040 mem 0x0000000080030f38
core   0: 0x000000008000efa2 (0xfef43023) sd      a5, -32(s0)
core   0: 3 0x000000008000efa2 (0xfef43023) mem 0x0000000080030f50 0x0000000080011040
core   0: 0x000000008000efa6 (0x0000a829) c.j     pc + 26
core   0: 3 0x000000008000efa6 (0xa829)
core   0: 0x000000008000efc0 (0xfc843703) ld      a4, -56(s0)
core   0: 3 0x000000008000efc0 (0xfc843703) x14 0x0000000080011040 mem 0x0000000080030f38
core   0: 0x000000008000efc4 (0xfb843783) ld      a5, -72(s0)
core   0: 3 0x000000008000efc4 (0xfb843783) x15 0x000000000000009c mem 0x0000000080030f28
core   0: 0x000000008000efc8 (0x000097ba) c.add   a5, a4
core   0: 3 0x000000008000efc8 (0x97ba) x15 0x00000000800110dc
core   0: 0x000000008000efca (0xfe043703) ld      a4, -32(s0)
core   0: 3 0x000000008000efca (0xfe043703) x14 0x0000000080011040 mem 0x0000000080030f50
core   0: 0x000000008000efce (0xfcf76de3) bltu    a4, a5, pc - 38
core   0: 3 0x000000008000efce (0xfcf76de3)
core   0: 0x000000008000efa8 (0xfe043783) ld      a5, -32(s0)
core   0: 3 0x000000008000efa8 (0xfe043783) x15 0x0000000080011040 mem 0x0000000080030f50
core   0: 0x000000008000efac (0x00178713) addi    a4, a5, 1
core   0: 3 0x000000008000efac (0x00178713) x14 0x0000000080011041
core   0: 0x000000008000efb0 (0xfee43023) sd      a4, -32(s0)
core   0: 3 0x000000008000efb0 (0xfee43023) mem 0x0000000080030f50 0x0000000080011041
core   0: 0x000000008000efb4 (0xfc442703) lw      a4, -60(s0)
core   0: 3 0x000000008000efb4 (0xfc442703) x14 0x0000000000000000 mem 0x0000000080030f34
core   0: 0x000000008000efb8 (0x0ff77713) andi    a4, a4, 255
core   0: 3 0x000000008000efb8 (0x0ff77713) x14 0x0000000000000000
core   0: 0x000000008000efbc (0x00e78023) sb      a4, 0(a5)
core   0: 3 0x000000008000efbc (0x00e78023) mem 0x0000000080011040 0x00
core   0: 0x000000008000efc0 (0xfc843703) ld      a4, -56(s0)
core   0: 3 0x000000008000efc0 (0xfc843703) x14 0x0000000080011040 mem 0x0000000080030f38
core   0: 0x000000008000efc4 (0xfb843783) ld      a5, -72(s0)
core   0: 3 0x000000008000efc4 (0xfb843783) x15 0x000000000000009c mem 0x0000000080030f28
core   0: 0x000000008000efc8 (0x000097ba) c.add   a5, a4
core   0: 3 0x000000008000efc8 (0x97ba) x15 0x00000000800110dc
core   0: 0x000000008000efca (0xfe043703) ld      a4, -32(s0)
core   0: 3 0x000000008000efca (0xfe043703) x14 0x0000000080011041 mem 0x0000000080030f50
core   0: 0x000000008000efce (0xfcf76de3) bltu    a4, a5, pc - 38
core   0: 3 0x000000008000efce (0xfcf76de3)
core   0: 0x000000008000efa8 (0xfe043783) ld      a5, -32(s0)
core   0: 3 0x000000008000efa8 (0xfe043783) x15 0x0000000080011041 mem 0x0000000080030f50
core   0: 0x000000008000efac (0x00178713) addi    a4, a5, 1
core   0: 3 0x000000008000efac (0x00178713) x14 0x0000000080011042
core   0: 0x000000008000efb0 (0xfee43023) sd      a4, -32(s0)
core   0: 3 0x000000008000efb0 (0xfee43023) mem 0x0000000080030f50 0x0000000080011042
core   0: 0x000000008000efb4 (0xfc442703) lw      a4, -60(s0)
core   0: 3 0x000000008000efb4 (0xfc442703) x14 0x0000000000000000 mem 0x0000000080030f34
core   0: 0x000000008000efb8 (0x0ff77713) andi    a4, a4, 255
core   0: 3 0x000000008000efb8 (0x0ff77713) x14 0x0000000000000000
core   0: 0x000000008000efbc (0x00e78023) sb      a4, 0(a5)
core   0: 3 0x000000008000efbc (0x00e78023) mem 0x0000000080011041 0x00
core   0: 0x000000008000efc0 (0xfc843703) ld      a4, -56(s0)
core   0: 3 0x000000008000efc0 (0xfc843703) x14 0x0000000080011040 mem 0x0000000080030f38
core   0: 0x000000008000efc4 (0xfb843783) ld      a5, -72(s0)
core   0: 3 0x000000008000efc4 (0xfb843783) x15 0x000000000000009c mem 0x0000000080030f28
core   0: 0x000000008000efc8 (0x000097ba) c.add   a5, a4
core   0: 3 0x000000008000efc8 (0x97ba) x15 0x00000000800110dc
core   0: 0x000000008000efca (0xfe043703) ld      a4, -32(s0)
core   0: 3 0x000000008000efca (0xfe043703) x14 0x0000000080011042 mem 0x0000000080030f50
core   0: 0x000000008000efce (0xfcf76de3) bltu    a4, a5, pc - 38
core   0: 3 0x000000008000efce (0xfcf76de3)
core   0: 0x000000008000efa8 (0xfe043783) ld      a5, -32(s0)
core   0: 3 0x000000008000efa8 (0xfe043783) x15 0x0000000080011042 mem 0x0000000080030f50
core   0: 0x000000008000efac (0x00178713) addi    a4, a5, 1
core   0: 3 0x000000008000efac (0x00178713) x14 0x0000000080011043
core   0: 0x000000008000efb0 (0xfee43023) sd      a4, -32(s0)
core   0: 3 0x000000008000efb0 (0xfee43023) mem 0x0000000080030f50 0x0000000080011043
core   0: 0x000000008000efb4 (0xfc442703) lw      a4, -60(s0)
core   0: 3 0x000000008000efb4 (0xfc442703) x14 0x0000000000000000 mem 0x0000000080030f34
core   0: 0x000000008000efb8 (0x0ff77713) andi    a4, a4, 255
core   0: 3 0x000000008000efb8 (0x0ff77713) x14 0x0000000000000000
core   0: 0x000000008000efbc (0x00e78023) sb      a4, 0(a5)
core   0: 3 0x000000008000efbc (0x00e78023) mem 0x0000000080011042 0x00
core   0: 0x000000008000efc0 (0xfc843703) ld      a4, -56(s0)
core   0: 3 0x000000008000efc0 (0xfc843703) x14 0x0000000080011040 mem 0x0000000080030f38
core   0: 0x000000008000efc4 (0xfb843783) ld      a5, -72(s0)
core   0: 3 0x000000008000efc4 (0xfb843783) x15 0x000000000000009c mem 0x0000000080030f28
core   0: 0x000000008000efc8 (0x000097ba) c.add   a5, a4
core   0: 3 0x000000008000efc8 (0x97ba) x15 0x00000000800110dc
core   0: 0x000000008000efca (0xfe043703) ld      a4, -32(s0)
core   0: 3 0x000000008000efca (0xfe043703) x14 0x0000000080011043 mem 0x0000000080030f50
core   0: 0x000000008000efce (0xfcf76de3) bltu    a4, a5, pc - 38
core   0: 3 0x000000008000efce (0xfcf76de3)
core   0: 0x000000008000efa8 (0xfe043783) ld      a5, -32(s0)
core   0: 3 0x000000008000efa8 (0xfe043783) x15 0x0000000080011043 mem 0x0000000080030f50
core   0: 0x000000008000efac (0x00178713) addi    a4, a5, 1
core   0: 3 0x000000008000efac (0x00178713) x14 0x0000000080011044
core   0: 0x000000008000efb0 (0xfee43023) sd      a4, -32(s0)
core   0: 3 0x000000008000efb0 (0xfee43023) mem 0x0000000080030f50 0x0000000080011044
core   0: 0x000000008000efb4 (0xfc442703) lw      a4, -60(s0)
core   0: 3 0x000000008000efb4 (0xfc442703) x14 0x0000000000000000 mem 0x0000000080030f34
core   0: 0x000000008000efb8 (0x0ff77713) andi    a4, a4, 255
core   0: 3 0x000000008000efb8 (0x0ff77713) x14 0x0000000000000000
core   0: 0x000000008000efbc (0x00e78023) sb      a4, 0(a5)
core   0: 3 0x000000008000efbc (0x00e78023) mem 0x0000000080011043 0x00
core   0: 0x000000008000efc0 (0xfc843703) ld      a4, -56(s0)
core   0: 3 0x000000008000efc0 (0xfc843703) x14 0x0000000080011040 mem 0x0000000080030f38
core   0: 0x000000008000efc4 (0xfb843783) ld      a5, -72(s0)
core   0: 3 0x000000008000efc4 (0xfb843783) x15 0x000000000000009c mem 0x0000000080030f28
core   0: 0x000000008000efc8 (0x000097ba) c.add   a5, a4
core   0: 3 0x000000008000efc8 (0x97ba) x15 0x00000000800110dc
core   0: 0x000000008000efca (0xfe043703) ld      a4, -32(s0)
core   0: 3 0x000000008000efca (0xfe043703) x14 0x0000000080011044 mem 0x0000000080030f50
core   0: 0x000000008000efce (0xfcf76de3) bltu    a4, a5, pc - 38
core   0: 3 0x000000008000efce (0xfcf76de3)
core   0: 0x000000008000efa8 (0xfe043783) ld      a5, -32(s0)
core   0: 3 0x000000008000efa8 (0xfe043783) x15 0x0000000080011044 mem 0x0000000080030f50
core   0: 0x000000008000efac (0x00178713) addi    a4, a5, 1
core   0: 3 0x000000008000efac (0x00178713) x14 0x0000000080011045
core   0: 0x000000008000efb0 (0xfee43023) sd      a4, -32(s0)
core   0: 3 0x000000008000efb0 (0xfee43023) mem 0x0000000080030f50 0x0000000080011045
core   0: 0x000000008000efb4 (0xfc442703) lw      a4, -60(s0)
core   0: 3 0x000000008000efb4 (0xfc442703) x14 0x0000000000000000 mem 0x0000000080030f34
core   0: 0x000000008000efb8 (0x0ff77713) andi    a4, a4, 255
core   0: 3 0x000000008000efb8 (0x0ff77713) x14 0x0000000000000000
core   0: 0x000000008000efbc (0x00e78023) sb      a4, 0(a5)
core   0: 3 0x000000008000efbc (0x00e78023) mem 0x0000000080011044 0x00
core   0: 0x000000008000efc0 (0xfc843703) ld      a4, -56(s0)
core   0: 3 0x000000008000efc0 (0xfc843703) x14 0x0000000080011040 mem 0x0000000080030f38
core   0: 0x000000008000efc4 (0xfb843783) ld      a5, -72(s0)
core   0: 3 0x000000008000efc4 (0xfb843783) x15 0x000000000000009c mem 0x0000000080030f28
core   0: 0x000000008000efc8 (0x000097ba) c.add   a5, a4
core   0: 3 0x000000008000efc8 (0x97ba) x15 0x00000000800110dc
core   0: 0x000000008000efca (0xfe043703) ld      a4, -32(s0)
core   0: 3 0x000000008000efca (0xfe043703) x14 0x0000000080011045 mem 0x0000000080030f50
core   0: 0x000000008000efce (0xfcf76de3) bltu    a4, a5, pc - 38
core   0: 3 0x000000008000efce (0xfcf76de3)
core   0: 0x000000008000efa8 (0xfe043783) ld      a5, -32(s0)
core   0: 3 0x000000008000efa8 (0xfe043783) x15 0x0000000080011045 mem 0x0000000080030f50
core   0: 0x000000008000efac (0x00178713) addi    a4, a5, 1
core   0: 3 0x000000008000efac (0x00178713) x14 0x0000000080011046
core   0: 0x000000008000efb0 (0xfee43023) sd      a4, -32(s0)
core   0: 3 0x000000008000efb0 (0xfee43023) mem 0x0000000080030f50 0x0000000080011046
core   0: 0x000000008000efb4 (0xfc442703) lw      a4, -60(s0)
core   0: 3 0x000000008000efb4 (0xfc442703) x14 0x0000000000000000 mem 0x0000000080030f34
core   0: 0x000000008000efb8 (0x0ff77713) andi    a4, a4, 255
core   0: 3 0x000000008000efb8 (0x0ff77713) x14 0x0000000000000000
core   0: 0x000000008000efbc (0x00e78023) sb      a4, 0(a5)
core   0: 3 0x000000008000efbc (0x00e78023) mem 0x0000000080011045 0x00
core   0: 0x000000008000efc0 (0xfc843703) ld      a4, -56(s0)
core   0: 3 0x000000008000efc0 (0xfc843703) x14 0x0000000080011040 mem 0x0000000080030f38
core   0: 0x000000008000efc4 (0xfb843783) ld      a5, -72(s0)
core   0: 3 0x000000008000efc4 (0xfb843783) x15 0x000000000000009c mem 0x0000000080030f28
core   0: 0x000000008000efc8 (0x000097ba) c.add   a5, a4
core   0: 3 0x000000008000efc8 (0x97ba) x15 0x00000000800110dc
core   0: 0x000000008000efca (0xfe043703) ld      a4, -32(s0)
core   0: 3 0x000000008000efca (0xfe043703) x14 0x0000000080011046 mem 0x0000000080030f50
core   0: 0x000000008000efce (0xfcf76de3) bltu    a4, a5, pc - 38
core   0: 3 0x000000008000efce (0xfcf76de3)
core   0: 0x000000008000efa8 (0xfe043783) ld      a5, -32(s0)
core   0: 3 0x000000008000efa8 (0xfe043783) x15 0x0000000080011046 mem 0x0000000080030f50
core   0: 0x000000008000efac (0x00178713) addi    a4, a5, 1
core   0: 3 0x000000008000efac (0x00178713) x14 0x0000000080011047
core   0: 0x000000008000efb0 (0xfee43023) sd      a4, -32(s0)
core   0: 3 0x000000008000efb0 (0xfee43023) mem 0x0000000080030f50 0x0000000080011047
core   0: 0x000000008000efb4 (0xfc442703) lw      a4, -60(s0)
core   0: 3 0x000000008000efb4 (0xfc442703) x14 0x0000000000000000 mem 0x0000000080030f34
core   0: 0x000000008000efb8 (0x0ff77713) andi    a4, a4, 255
core   0: 3 0x000000008000efb8 (0x0ff77713) x14 0x0000000000000000
core   0: 0x000000008000efbc (0x00e78023) sb      a4, 0(a5)
core   0: 3 0x000000008000efbc (0x00e78023) mem 0x0000000080011046 0x00
core   0: 0x000000008000efc0 (0xfc843703) ld      a4, -56(s0)
core   0: 3 0x000000008000efc0 (0xfc843703) x14 0x0000000080011040 mem 0x0000000080030f38
core   0: 0x000000008000efc4 (0xfb843783) ld      a5, -72(s0)
core   0: 3 0x000000008000efc4 (0xfb843783) x15 0x000000000000009c mem 0x0000000080030f28
core   0: 0x000000008000efc8 (0x000097ba) c.add   a5, a4
core   0: 3 0x000000008000efc8 (0x97ba) x15 0x00000000800110dc
core   0: 0x000000008000efca (0xfe043703) ld      a4, -32(s0)
core   0: 3 0x000000008000efca (0xfe043703) x14 0x0000000080011047 mem 0x0000000080030f50
core   0: 0x000000008000efce (0xfcf76de3) bltu    a4, a5, pc - 38
core   0: 3 0x000000008000efce (0xfcf76de3)
core   0: 0x000000008000efa8 (0xfe043783) ld      a5, -32(s0)
core   0: 3 0x000000008000efa8 (0xfe043783) x15 0x0000000080011047 mem 0x0000000080030f50
core   0: 0x000000008000efac (0x00178713) addi    a4, a5, 1
core   0: 3 0x000000008000efac (0x00178713) x14 0x0000000080011048
core   0: 0x000000008000efb0 (0xfee43023) sd      a4, -32(s0)
core   0: 3 0x000000008000efb0 (0xfee43023) mem 0x0000000080030f50 0x0000000080011048
core   0: 0x000000008000efb4 (0xfc442703) lw      a4, -60(s0)
core   0: 3 0x000000008000efb4 (0xfc442703) x14 0x0000000000000000 mem 0x0000000080030f34
core   0: 0x000000008000efb8 (0x0ff77713) andi    a4, a4, 255
core   0: 3 0x000000008000efb8 (0x0ff77713) x14 0x0000000000000000
core   0: 0x000000008000efbc (0x00e78023) sb      a4, 0(a5)
core   0: 3 0x000000008000efbc (0x00e78023) mem 0x0000000080011047 0x00
core   0: 0x000000008000efc0 (0xfc843703) ld      a4, -56(s0)
core   0: 3 0x000000008000efc0 (0xfc843703) x14 0x0000000080011040 mem 0x0000000080030f38
core   0: 0x000000008000efc4 (0xfb843783) ld      a5, -72(s0)
core   0: 3 0x000000008000efc4 (0xfb843783) x15 0x000000000000009c mem 0x0000000080030f28
core   0: 0x000000008000efc8 (0x000097ba) c.add   a5, a4
core   0: 3 0x000000008000efc8 (0x97ba) x15 0x00000000800110dc
core   0: 0x000000008000efca (0xfe043703) ld      a4, -32(s0)
core   0: 3 0x000000008000efca (0xfe043703) x14 0x0000000080011048 mem 0x0000000080030f50
core   0: 0x000000008000efce (0xfcf76de3) bltu    a4, a5, pc - 38
core   0: 3 0x000000008000efce (0xfcf76de3)
core   0: 0x000000008000efa8 (0xfe043783) ld      a5, -32(s0)
core   0: 3 0x000000008000efa8 (0xfe043783) x15 0x0000000080011048 mem 0x0000000080030f50
core   0: 0x000000008000efac (0x00178713) addi    a4, a5, 1
core   0: 3 0x000000008000efac (0x00178713) x14 0x0000000080011049
core   0: 0x000000008000efb0 (0xfee43023) sd      a4, -32(s0)
core   0: 3 0x000000008000efb0 (0xfee43023) mem 0x0000000080030f50 0x0000000080011049
core   0: 0x000000008000efb4 (0xfc442703) lw      a4, -60(s0)
core   0: 3 0x000000008000efb4 (0xfc442703) x14 0x0000000000000000 mem 0x0000000080030f34
core   0: 0x000000008000efb8 (0x0ff77713) andi    a4, a4, 255
core   0: 3 0x000000008000efb8 (0x0ff77713) x14 0x0000000000000000
core   0: 0x000000008000efbc (0x00e78023) sb      a4, 0(a5)
core   0: 3 0x000000008000efbc (0x00e78023) mem 0x0000000080011048 0x00
core   0: 0x000000008000efc0 (0xfc843703) ld      a4, -56(s0)
core   0: 3 0x000000008000efc0 (0xfc843703) x14 0x0000000080011040 mem 0x0000000080030f38
core   0: 0x000000008000efc4 (0xfb843783) ld      a5, -72(s0)
core   0: 3 0x000000008000efc4 (0xfb843783) x15 0x000000000000009c mem 0x0000000080030f28
core   0: 0x000000008000efc8 (0x000097ba) c.add   a5, a4
core   0: 3 0x000000008000efc8 (0x97ba) x15 0x00000000800110dc
core   0: 0x000000008000efca (0xfe043703) ld      a4, -32(s0)
core   0: 3 0x000000008000efca (0xfe043703) x14 0x0000000080011049 mem 0x0000000080030f50
core   0: 0x000000008000efce (0xfcf76de3) bltu    a4, a5, pc - 38
core   0: 3 0x000000008000efce (0xfcf76de3)
core   0: 0x000000008000efa8 (0xfe043783) ld      a5, -32(s0)
core   0: 3 0x000000008000efa8 (0xfe043783) x15 0x0000000080011049 mem 0x0000000080030f50
core   0: 0x000000008000efac (0x00178713) addi    a4, a5, 1
core   0: 3 0x000000008000efac (0x00178713) x14 0x000000008001104a
core   0: 0x000000008000efb0 (0xfee43023) sd      a4, -32(s0)
core   0: 3 0x000000008000efb0 (0xfee43023) mem 0x0000000080030f50 0x000000008001104a
core   0: 0x000000008000efb4 (0xfc442703) lw      a4, -60(s0)
core   0: 3 0x000000008000efb4 (0xfc442703) x14 0x0000000000000000 mem 0x0000000080030f34
core   0: 0x000000008000efb8 (0x0ff77713) andi    a4, a4, 255
core   0: 3 0x000000008000efb8 (0x0ff77713) x14 0x0000000000000000
core   0: 0x000000008000efbc (0x00e78023) sb      a4, 0(a5)
core   0: 3 0x000000008000efbc (0x00e78023) mem 0x0000000080011049 0x00
core   0: 0x000000008000efc0 (0xfc843703) ld      a4, -56(s0)
core   0: 3 0x000000008000efc0 (0xfc843703) x14 0x0000000080011040 mem 0x0000000080030f38
core   0: 0x000000008000efc4 (0xfb843783) ld      a5, -72(s0)
core   0: 3 0x000000008000efc4 (0xfb843783) x15 0x000000000000009c mem 0x0000000080030f28
core   0: 0x000000008000efc8 (0x000097ba) c.add   a5, a4
core   0: 3 0x000000008000efc8 (0x97ba) x15 0x00000000800110dc
core   0: 0x000000008000efca (0xfe043703) ld      a4, -32(s0)
core   0: 3 0x000000008000efca (0xfe043703) x14 0x000000008001104a mem 0x0000000080030f50
core   0: 0x000000008000efce (0xfcf76de3) bltu    a4, a5, pc - 38
core   0: 3 0x000000008000efce (0xfcf76de3)
core   0: 0x000000008000efa8 (0xfe043783) ld      a5, -32(s0)
core   0: 3 0x000000008000efa8 (0xfe043783) x15 0x000000008001104a mem 0x0000000080030f50
core   0: 0x000000008000efac (0x00178713) addi    a4, a5, 1
core   0: 3 0x000000008000efac (0x00178713) x14 0x000000008001104b
core   0: 0x000000008000efb0 (0xfee43023) sd      a4, -32(s0)
core   0: 3 0x000000008000efb0 (0xfee43023) mem 0x0000000080030f50 0x000000008001104b
core   0: 0x000000008000efb4 (0xfc442703) lw      a4, -60(s0)
core   0: 3 0x000000008000efb4 (0xfc442703) x14 0x0000000000000000 mem 0x0000000080030f34
core   0: 0x000000008000efb8 (0x0ff77713) andi    a4, a4, 255
core   0: 3 0x000000008000efb8 (0x0ff77713) x14 0x0000000000000000
core   0: 0x000000008000efbc (0x00e78023) sb      a4, 0(a5)
core   0: 3 0x000000008000efbc (0x00e78023) mem 0x000000008001104a 0x00
core   0: 0x000000008000efc0 (0xfc843703) ld      a4, -56(s0)
core   0: 3 0x000000008000efc0 (0xfc843703) x14 0x0000000080011040 mem 0x0000000080030f38
core   0: 0x000000008000efc4 (0xfb843783) ld      a5, -72(s0)
core   0: 3 0x000000008000efc4 (0xfb843783) x15 0x000000000000009c mem 0x0000000080030f28
core   0: 0x000000008000efc8 (0x000097ba) c.add   a5, a4
core   0: 3 0x000000008000efc8 (0x97ba) x15 0x00000000800110dc
core   0: 0x000000008000efca (0xfe043703) ld      a4, -32(s0)
core   0: 3 0x000000008000efca (0xfe043703) x14 0x000000008001104b mem 0x0000000080030f50
core   0: 0x000000008000efce (0xfcf76de3) bltu    a4, a5, pc - 38
core   0: 3 0x000000008000efce (0xfcf76de3)
core   0: 0x000000008000efa8 (0xfe043783) ld      a5, -32(s0)
core   0: 3 0x000000008000efa8 (0xfe043783) x15 0x000000008001104b mem 0x0000000080030f50
core   0: 0x000000008000efac (0x00178713) addi    a4, a5, 1
core   0: 3 0x000000008000efac (0x00178713) x14 0x000000008001104c
core   0: 0x000000008000efb0 (0xfee43023) sd      a4, -32(s0)
core   0: 3 0x000000008000efb0 (0xfee43023) mem 0x0000000080030f50 0x000000008001104c
core   0: 0x000000008000efb4 (0xfc442703) lw      a4, -60(s0)
core   0: 3 0x000000008000efb4 (0xfc442703) x14 0x0000000000000000 mem 0x0000000080030f34
core   0: 0x000000008000efb8 (0x0ff77713) andi    a4, a4, 255
core   0: 3 0x000000008000efb8 (0x0ff77713) x14 0x0000000000000000
core   0: 0x000000008000efbc (0x00e78023) sb      a4, 0(a5)
core   0: 3 0x000000008000efbc (0x00e78023) mem 0x000000008001104b 0x00
core   0: 0x000000008000efc0 (0xfc843703) ld      a4, -56(s0)
core   0: 3 0x000000008000efc0 (0xfc843703) x14 0x0000000080011040 mem 0x0000000080030f38
core   0: 0x000000008000efc4 (0xfb843783) ld      a5, -72(s0)
core   0: 3 0x000000008000efc4 (0xfb843783) x15 0x000000000000009c mem 0x0000000080030f28
core   0: 0x000000008000efc8 (0x000097ba) c.add   a5, a4
core   0: 3 0x000000008000efc8 (0x97ba) x15 0x00000000800110dc
core   0: 0x000000008000efca (0xfe043703) ld      a4, -32(s0)
core   0: 3 0x000000008000efca (0xfe043703) x14 0x000000008001104c mem 0x0000000080030f50
core   0: 0x000000008000efce (0xfcf76de3) bltu    a4, a5, pc - 38
core   0: 3 0x000000008000efce (0xfcf76de3)
core   0: 0x000000008000efa8 (0xfe043783) ld      a5, -32(s0)
core   0: 3 0x000000008000efa8 (0xfe043783) x15 0x000000008001104c mem 0x0000000080030f50
core   0: 0x000000008000efac (0x00178713) addi    a4, a5, 1
core   0: 3 0x000000008000efac (0x00178713) x14 0x000000008001104d
core   0: 0x000000008000efb0 (0xfee43023) sd      a4, -32(s0)
core   0: 3 0x000000008000efb0 (0xfee43023) mem 0x0000000080030f50 0x000000008001104d
core   0: 0x000000008000efb4 (0xfc442703) lw      a4, -60(s0)
core   0: 3 0x000000008000efb4 (0xfc442703) x14 0x0000000000000000 mem 0x0000000080030f34
core   0: 0x000000008000efb8 (0x0ff77713) andi    a4, a4, 255
core   0: 3 0x000000008000efb8 (0x0ff77713) x14 0x0000000000000000
core   0: 0x000000008000efbc (0x00e78023) sb      a4, 0(a5)
core   0: 3 0x000000008000efbc (0x00e78023) mem 0x000000008001104c 0x00
core   0: 0x000000008000efc0 (0xfc843703) ld      a4, -56(s0)
core   0: 3 0x000000008000efc0 (0xfc843703) x14 0x0000000080011040 mem 0x0000000080030f38
core   0: 0x000000008000efc4 (0xfb843783) ld      a5, -72(s0)
core   0: 3 0x000000008000efc4 (0xfb843783) x15 0x000000000000009c mem 0x0000000080030f28
core   0: 0x000000008000efc8 (0x000097ba) c.add   a5, a4
core   0: 3 0x000000008000efc8 (0x97ba) x15 0x00000000800110dc
core   0: 0x000000008000efca (0xfe043703) ld      a4, -32(s0)
core   0: 3 0x000000008000efca (0xfe043703) x14 0x000000008001104d mem 0x0000000080030f50
core   0: 0x000000008000efce (0xfcf76de3) bltu    a4, a5, pc - 38
core   0: 3 0x000000008000efce (0xfcf76de3)
core   0: 0x000000008000efa8 (0xfe043783) ld      a5, -32(s0)
core   0: 3 0x000000008000efa8 (0xfe043783) x15 0x000000008001104d mem 0x0000000080030f50
core   0: 0x000000008000efac (0x00178713) addi    a4, a5, 1
core   0: 3 0x000000008000efac (0x00178713) x14 0x000000008001104e
core   0: 0x000000008000efb0 (0xfee43023) sd      a4, -32(s0)
core   0: 3 0x000000008000efb0 (0xfee43023) mem 0x0000000080030f50 0x000000008001104e
core   0: 0x000000008000efb4 (0xfc442703) lw      a4, -60(s0)
core   0: 3 0x000000008000efb4 (0xfc442703) x14 0x0000000000000000 mem 0x0000000080030f34
core   0: 0x000000008000efb8 (0x0ff77713) andi    a4, a4, 255
core   0: 3 0x000000008000efb8 (0x0ff77713) x14 0x0000000000000000
core   0: 0x000000008000efbc (0x00e78023) sb      a4, 0(a5)
core   0: 3 0x000000008000efbc (0x00e78023) mem 0x000000008001104d 0x00
core   0: 0x000000008000efc0 (0xfc843703) ld      a4, -56(s0)
core   0: 3 0x000000008000efc0 (0xfc843703) x14 0x0000000080011040 mem 0x0000000080030f38
core   0: 0x000000008000efc4 (0xfb843783) ld      a5, -72(s0)
core   0: 3 0x000000008000efc4 (0xfb843783) x15 0x000000000000009c mem 0x0000000080030f28
core   0: 0x000000008000efc8 (0x000097ba) c.add   a5, a4
core   0: 3 0x000000008000efc8 (0x97ba) x15 0x00000000800110dc
core   0: 0x000000008000efca (0xfe043703) ld      a4, -32(s0)
core   0: 3 0x000000008000efca (0xfe043703) x14 0x000000008001104e mem 0x0000000080030f50
core   0: 0x000000008000efce (0xfcf76de3) bltu    a4, a5, pc - 38
core   0: 3 0x000000008000efce (0xfcf76de3)
core   0: 0x000000008000efa8 (0xfe043783) ld      a5, -32(s0)
core   0: 3 0x000000008000efa8 (0xfe043783) x15 0x000000008001104e mem 0x0000000080030f50
core   0: 0x000000008000efac (0x00178713) addi    a4, a5, 1
core   0: 3 0x000000008000efac (0x00178713) x14 0x000000008001104f
core   0: 0x000000008000efb0 (0xfee43023) sd      a4, -32(s0)
core   0: 3 0x000000008000efb0 (0xfee43023) mem 0x0000000080030f50 0x000000008001104f
core   0: 0x000000008000efb4 (0xfc442703) lw      a4, -60(s0)
core   0: 3 0x000000008000efb4 (0xfc442703) x14 0x0000000000000000 mem 0x0000000080030f34
core   0: 0x000000008000efb8 (0x0ff77713) andi    a4, a4, 255
core   0: 3 0x000000008000efb8 (0x0ff77713) x14 0x0000000000000000
core   0: 0x000000008000efbc (0x00e78023) sb      a4, 0(a5)
core   0: 3 0x000000008000efbc (0x00e78023) mem 0x000000008001104e 0x00
core   0: 0x000000008000efc0 (0xfc843703) ld      a4, -56(s0)
core   0: 3 0x000000008000efc0 (0xfc843703) x14 0x0000000080011040 mem 0x0000000080030f38
core   0: 0x000000008000efc4 (0xfb843783) ld      a5, -72(s0)
core   0: 3 0x000000008000efc4 (0xfb843783) x15 0x000000000000009c mem 0x0000000080030f28
core   0: 0x000000008000efc8 (0x000097ba) c.add   a5, a4
core   0: 3 0x000000008000efc8 (0x97ba) x15 0x00000000800110dc
core   0: 0x000000008000efca (0xfe043703) ld      a4, -32(s0)
core   0: 3 0x000000008000efca (0xfe043703) x14 0x000000008001104f mem 0x0000000080030f50
core   0: 0x000000008000efce (0xfcf76de3) bltu    a4, a5, pc - 38
core   0: 3 0x000000008000efce (0xfcf76de3)
core   0: 0x000000008000efa8 (0xfe043783) ld      a5, -32(s0)
core   0: 3 0x000000008000efa8 (0xfe043783) x15 0x000000008001104f mem 0x0000000080030f50
core   0: 0x000000008000efac (0x00178713) addi    a4, a5, 1
core   0: 3 0x000000008000efac (0x00178713) x14 0x0000000080011050
core   0: 0x000000008000efb0 (0xfee43023) sd      a4, -32(s0)
core   0: 3 0x000000008000efb0 (0xfee43023) mem 0x0000000080030f50 0x0000000080011050
core   0: 0x000000008000efb4 (0xfc442703) lw      a4, -60(s0)
core   0: 3 0x000000008000efb4 (0xfc442703) x14 0x0000000000000000 mem 0x0000000080030f34
core   0: 0x000000008000efb8 (0x0ff77713) andi    a4, a4, 255
core   0: 3 0x000000008000efb8 (0x0ff77713) x14 0x0000000000000000
core   0: 0x000000008000efbc (0x00e78023) sb      a4, 0(a5)
core   0: 3 0x000000008000efbc (0x00e78023) mem 0x000000008001104f 0x00
core   0: 0x000000008000efc0 (0xfc843703) ld      a4, -56(s0)
core   0: 3 0x000000008000efc0 (0xfc843703) x14 0x0000000080011040 mem 0x0000000080030f38
core   0: 0x000000008000efc4 (0xfb843783) ld      a5, -72(s0)
core   0: 3 0x000000008000efc4 (0xfb843783) x15 0x000000000000009c mem 0x0000000080030f28
core   0: 0x000000008000efc8 (0x000097ba) c.add   a5, a4
core   0: 3 0x000000008000efc8 (0x97ba) x15 0x00000000800110dc
core   0: 0x000000008000efca (0xfe043703) ld      a4, -32(s0)
core   0: 3 0x000000008000efca (0xfe043703) x14 0x0000000080011050 mem 0x0000000080030f50
core   0: 0x000000008000efce (0xfcf76de3) bltu    a4, a5, pc - 38
core   0: 3 0x000000008000efce (0xfcf76de3)
core   0: 0x000000008000efa8 (0xfe043783) ld      a5, -32(s0)
core   0: 3 0x000000008000efa8 (0xfe043783) x15 0x0000000080011050 mem 0x0000000080030f50
core   0: 0x000000008000efac (0x00178713) addi    a4, a5, 1
core   0: 3 0x000000008000efac (0x00178713) x14 0x0000000080011051
core   0: 0x000000008000efb0 (0xfee43023) sd      a4, -32(s0)
core   0: 3 0x000000008000efb0 (0xfee43023) mem 0x0000000080030f50 0x0000000080011051
core   0: 0x000000008000efb4 (0xfc442703) lw      a4, -60(s0)
core   0: 3 0x000000008000efb4 (0xfc442703) x14 0x0000000000000000 mem 0x0000000080030f34
core   0: 0x000000008000efb8 (0x0ff77713) andi    a4, a4, 255
core   0: 3 0x000000008000efb8 (0x0ff77713) x14 0x0000000000000000
core   0: 0x000000008000efbc (0x00e78023) sb      a4, 0(a5)
core   0: 3 0x000000008000efbc (0x00e78023) mem 0x0000000080011050 0x00
core   0: 0x000000008000efc0 (0xfc843703) ld      a4, -56(s0)
core   0: 3 0x000000008000efc0 (0xfc843703) x14 0x0000000080011040 mem 0x0000000080030f38
core   0: 0x000000008000efc4 (0xfb843783) ld      a5, -72(s0)
core   0: 3 0x000000008000efc4 (0xfb843783) x15 0x000000000000009c mem 0x0000000080030f28
core   0: 0x000000008000efc8 (0x000097ba) c.add   a5, a4
core   0: 3 0x000000008000efc8 (0x97ba) x15 0x00000000800110dc
core   0: 0x000000008000efca (0xfe043703) ld      a4, -32(s0)
core   0: 3 0x000000008000efca (0xfe043703) x14 0x0000000080011051 mem 0x0000000080030f50
core   0: 0x000000008000efce (0xfcf76de3) bltu    a4, a5, pc - 38
core   0: 3 0x000000008000efce (0xfcf76de3)
core   0: 0x000000008000efa8 (0xfe043783) ld      a5, -32(s0)
core   0: 3 0x000000008000efa8 (0xfe043783) x15 0x0000000080011051 mem 0x0000000080030f50
core   0: 0x000000008000efac (0x00178713) addi    a4, a5, 1
core   0: 3 0x000000008000efac (0x00178713) x14 0x0000000080011052
core   0: 0x000000008000efb0 (0xfee43023) sd      a4, -32(s0)
core   0: 3 0x000000008000efb0 (0xfee43023) mem 0x0000000080030f50 0x0000000080011052
core   0: 0x000000008000efb4 (0xfc442703) lw      a4, -60(s0)
core   0: 3 0x000000008000efb4 (0xfc442703) x14 0x0000000000000000 mem 0x0000000080030f34
core   0: 0x000000008000efb8 (0x0ff77713) andi    a4, a4, 255
core   0: 3 0x000000008000efb8 (0x0ff77713) x14 0x0000000000000000
core   0: 0x000000008000efbc (0x00e78023) sb      a4, 0(a5)
core   0: 3 0x000000008000efbc (0x00e78023) mem 0x0000000080011051 0x00
core   0: 0x000000008000efc0 (0xfc843703) ld      a4, -56(s0)
core   0: 3 0x000000008000efc0 (0xfc843703) x14 0x0000000080011040 mem 0x0000000080030f38
core   0: 0x000000008000efc4 (0xfb843783) ld      a5, -72(s0)
core   0: 3 0x000000008000efc4 (0xfb843783) x15 0x000000000000009c mem 0x0000000080030f28
core   0: 0x000000008000efc8 (0x000097ba) c.add   a5, a4
core   0: 3 0x000000008000efc8 (0x97ba) x15 0x00000000800110dc
core   0: 0x000000008000efca (0xfe043703) ld      a4, -32(s0)
core   0: 3 0x000000008000efca (0xfe043703) x14 0x0000000080011052 mem 0x0000000080030f50
core   0: 0x000000008000efce (0xfcf76de3) bltu    a4, a5, pc - 38
core   0: 3 0x000000008000efce (0xfcf76de3)
core   0: 0x000000008000efa8 (0xfe043783) ld      a5, -32(s0)
core   0: 3 0x000000008000efa8 (0xfe043783) x15 0x0000000080011052 mem 0x0000000080030f50
core   0: 0x000000008000efac (0x00178713) addi    a4, a5, 1
core   0: 3 0x000000008000efac (0x00178713) x14 0x0000000080011053
core   0: 0x000000008000efb0 (0xfee43023) sd      a4, -32(s0)
core   0: 3 0x000000008000efb0 (0xfee43023) mem 0x0000000080030f50 0x0000000080011053
core   0: 0x000000008000efb4 (0xfc442703) lw      a4, -60(s0)
core   0: 3 0x000000008000efb4 (0xfc442703) x14 0x0000000000000000 mem 0x0000000080030f34
core   0: 0x000000008000efb8 (0x0ff77713) andi    a4, a4, 255
core   0: 3 0x000000008000efb8 (0x0ff77713) x14 0x0000000000000000
core   0: 0x000000008000efbc (0x00e78023) sb      a4, 0(a5)
core   0: 3 0x000000008000efbc (0x00e78023) mem 0x0000000080011052 0x00
core   0: 0x000000008000efc0 (0xfc843703) ld      a4, -56(s0)
core   0: 3 0x000000008000efc0 (0xfc843703) x14 0x0000000080011040 mem 0x0000000080030f38
core   0: 0x000000008000efc4 (0xfb843783) ld      a5, -72(s0)
core   0: 3 0x000000008000efc4 (0xfb843783) x15 0x000000000000009c mem 0x0000000080030f28
core   0: 0x000000008000efc8 (0x000097ba) c.add   a5, a4
core   0: 3 0x000000008000efc8 (0x97ba) x15 0x00000000800110dc
core   0: 0x000000008000efca (0xfe043703) ld      a4, -32(s0)
core   0: 3 0x000000008000efca (0xfe043703) x14 0x0000000080011053 mem 0x0000000080030f50
core   0: 0x000000008000efce (0xfcf76de3) bltu    a4, a5, pc - 38
core   0: 3 0x000000008000efce (0xfcf76de3)
core   0: 0x000000008000efa8 (0xfe043783) ld      a5, -32(s0)
core   0: 3 0x000000008000efa8 (0xfe043783) x15 0x0000000080011053 mem 0x0000000080030f50
core   0: 0x000000008000efac (0x00178713) addi    a4, a5, 1
core   0: 3 0x000000008000efac (0x00178713) x14 0x0000000080011054
core   0: 0x000000008000efb0 (0xfee43023) sd      a4, -32(s0)
core   0: 3 0x000000008000efb0 (0xfee43023) mem 0x0000000080030f50 0x0000000080011054
core   0: 0x000000008000efb4 (0xfc442703) lw      a4, -60(s0)
core   0: 3 0x000000008000efb4 (0xfc442703) x14 0x0000000000000000 mem 0x0000000080030f34
core   0: 0x000000008000efb8 (0x0ff77713) andi    a4, a4, 255
core   0: 3 0x000000008000efb8 (0x0ff77713) x14 0x0000000000000000
core   0: 0x000000008000efbc (0x00e78023) sb      a4, 0(a5)
core   0: 3 0x000000008000efbc (0x00e78023) mem 0x0000000080011053 0x00
core   0: 0x000000008000efc0 (0xfc843703) ld      a4, -56(s0)
core   0: 3 0x000000008000efc0 (0xfc843703) x14 0x0000000080011040 mem 0x0000000080030f38
core   0: 0x000000008000efc4 (0xfb843783) ld      a5, -72(s0)
core   0: 3 0x000000008000efc4 (0xfb843783) x15 0x000000000000009c mem 0x0000000080030f28
core   0: 0x000000008000efc8 (0x000097ba) c.add   a5, a4
core   0: 3 0x000000008000efc8 (0x97ba) x15 0x00000000800110dc
core   0: 0x000000008000efca (0xfe043703) ld      a4, -32(s0)
core   0: 3 0x000000008000efca (0xfe043703) x14 0x0000000080011054 mem 0x0000000080030f50
core   0: 0x000000008000efce (0xfcf76de3) bltu    a4, a5, pc - 38
core   0: 3 0x000000008000efce (0xfcf76de3)
core   0: 0x000000008000efa8 (0xfe043783) ld      a5, -32(s0)
core   0: 3 0x000000008000efa8 (0xfe043783) x15 0x0000000080011054 mem 0x0000000080030f50
core   0: 0x000000008000efac (0x00178713) addi    a4, a5, 1
core   0: 3 0x000000008000efac (0x00178713) x14 0x0000000080011055
core   0: 0x000000008000efb0 (0xfee43023) sd      a4, -32(s0)
core   0: 3 0x000000008000efb0 (0xfee43023) mem 0x0000000080030f50 0x0000000080011055
core   0: 0x000000008000efb4 (0xfc442703) lw      a4, -60(s0)
core   0: 3 0x000000008000efb4 (0xfc442703) x14 0x0000000000000000 mem 0x0000000080030f34
core   0: 0x000000008000efb8 (0x0ff77713) andi    a4, a4, 255
core   0: 3 0x000000008000efb8 (0x0ff77713) x14 0x0000000000000000
core   0: 0x000000008000efbc (0x00e78023) sb      a4, 0(a5)
core   0: 3 0x000000008000efbc (0x00e78023) mem 0x0000000080011054 0x00
core   0: 0x000000008000efc0 (0xfc843703) ld      a4, -56(s0)
core   0: 3 0x000000008000efc0 (0xfc843703) x14 0x0000000080011040 mem 0x0000000080030f38
core   0: 0x000000008000efc4 (0xfb843783) ld      a5, -72(s0)
core   0: 3 0x000000008000efc4 (0xfb843783) x15 0x000000000000009c mem 0x0000000080030f28
core   0: 0x000000008000efc8 (0x000097ba) c.add   a5, a4
core   0: 3 0x000000008000efc8 (0x97ba) x15 0x00000000800110dc
core   0: 0x000000008000efca (0xfe043703) ld      a4, -32(s0)
core   0: 3 0x000000008000efca (0xfe043703) x14 0x0000000080011055 mem 0x0000000080030f50
core   0: 0x000000008000efce (0xfcf76de3) bltu    a4, a5, pc - 38
core   0: 3 0x000000008000efce (0xfcf76de3)
core   0: 0x000000008000efa8 (0xfe043783) ld      a5, -32(s0)
core   0: 3 0x000000008000efa8 (0xfe043783) x15 0x0000000080011055 mem 0x0000000080030f50
core   0: 0x000000008000efac (0x00178713) addi    a4, a5, 1
core   0: 3 0x000000008000efac (0x00178713) x14 0x0000000080011056
core   0: 0x000000008000efb0 (0xfee43023) sd      a4, -32(s0)
core   0: 3 0x000000008000efb0 (0xfee43023) mem 0x0000000080030f50 0x0000000080011056
core   0: 0x000000008000efb4 (0xfc442703) lw      a4, -60(s0)
core   0: 3 0x000000008000efb4 (0xfc442703) x14 0x0000000000000000 mem 0x0000000080030f34
core   0: 0x000000008000efb8 (0x0ff77713) andi    a4, a4, 255
core   0: 3 0x000000008000efb8 (0x0ff77713) x14 0x0000000000000000
core   0: 0x000000008000efbc (0x00e78023) sb      a4, 0(a5)
core   0: 3 0x000000008000efbc (0x00e78023) mem 0x0000000080011055 0x00
core   0: 0x000000008000efc0 (0xfc843703) ld      a4, -56(s0)
core   0: 3 0x000000008000efc0 (0xfc843703) x14 0x0000000080011040 mem 0x0000000080030f38
core   0: 0x000000008000efc4 (0xfb843783) ld      a5, -72(s0)
core   0: 3 0x000000008000efc4 (0xfb843783) x15 0x000000000000009c mem 0x0000000080030f28
core   0: 0x000000008000efc8 (0x000097ba) c.add   a5, a4
core   0: 3 0x000000008000efc8 (0x97ba) x15 0x00000000800110dc
core   0: 0x000000008000efca (0xfe043703) ld      a4, -32(s0)
core   0: 3 0x000000008000efca (0xfe043703) x14 0x0000000080011056 mem 0x0000000080030f50
core   0: 0x000000008000efce (0xfcf76de3) bltu    a4, a5, pc - 38
core   0: 3 0x000000008000efce (0xfcf76de3)
core   0: 0x000000008000efa8 (0xfe043783) ld      a5, -32(s0)
core   0: 3 0x000000008000efa8 (0xfe043783) x15 0x0000000080011056 mem 0x0000000080030f50
core   0: 0x000000008000efac (0x00178713) addi    a4, a5, 1
core   0: 3 0x000000008000efac (0x00178713) x14 0x0000000080011057
core   0: 0x000000008000efb0 (0xfee43023) sd      a4, -32(s0)
core   0: 3 0x000000008000efb0 (0xfee43023) mem 0x0000000080030f50 0x0000000080011057
core   0: 0x000000008000efb4 (0xfc442703) lw      a4, -60(s0)
core   0: 3 0x000000008000efb4 (0xfc442703) x14 0x0000000000000000 mem 0x0000000080030f34
core   0: 0x000000008000efb8 (0x0ff77713) andi    a4, a4, 255
core   0: 3 0x000000008000efb8 (0x0ff77713) x14 0x0000000000000000
core   0: 0x000000008000efbc (0x00e78023) sb      a4, 0(a5)
core   0: 3 0x000000008000efbc (0x00e78023) mem 0x0000000080011056 0x00
core   0: 0x000000008000efc0 (0xfc843703) ld      a4, -56(s0)
core   0: 3 0x000000008000efc0 (0xfc843703) x14 0x0000000080011040 mem 0x0000000080030f38
core   0: 0x000000008000efc4 (0xfb843783) ld      a5, -72(s0)
core   0: 3 0x000000008000efc4 (0xfb843783) x15 0x000000000000009c mem 0x0000000080030f28
core   0: 0x000000008000efc8 (0x000097ba) c.add   a5, a4
core   0: 3 0x000000008000efc8 (0x97ba) x15 0x00000000800110dc
core   0: 0x000000008000efca (0xfe043703) ld      a4, -32(s0)
core   0: 3 0x000000008000efca (0xfe043703) x14 0x0000000080011057 mem 0x0000000080030f50
core   0: 0x000000008000efce (0xfcf76de3) bltu    a4, a5, pc - 38
core   0: 3 0x000000008000efce (0xfcf76de3)
core   0: 0x000000008000efa8 (0xfe043783) ld      a5, -32(s0)
core   0: 3 0x000000008000efa8 (0xfe043783) x15 0x0000000080011057 mem 0x0000000080030f50
core   0: 0x000000008000efac (0x00178713) addi    a4, a5, 1
core   0: 3 0x000000008000efac (0x00178713) x14 0x0000000080011058
core   0: 0x000000008000efb0 (0xfee43023) sd      a4, -32(s0)
core   0: 3 0x000000008000efb0 (0xfee43023) mem 0x0000000080030f50 0x0000000080011058
core   0: 0x000000008000efb4 (0xfc442703) lw      a4, -60(s0)
core   0: 3 0x000000008000efb4 (0xfc442703) x14 0x0000000000000000 mem 0x0000000080030f34
core   0: 0x000000008000efb8 (0x0ff77713) andi    a4, a4, 255
core   0: 3 0x000000008000efb8 (0x0ff77713) x14 0x0000000000000000
core   0: 0x000000008000efbc (0x00e78023) sb      a4, 0(a5)
core   0: 3 0x000000008000efbc (0x00e78023) mem 0x0000000080011057 0x00
core   0: 0x000000008000efc0 (0xfc843703) ld      a4, -56(s0)
core   0: 3 0x000000008000efc0 (0xfc843703) x14 0x0000000080011040 mem 0x0000000080030f38
core   0: 0x000000008000efc4 (0xfb843783) ld      a5, -72(s0)
core   0: 3 0x000000008000efc4 (0xfb843783) x15 0x000000000000009c mem 0x0000000080030f28
core   0: 0x000000008000efc8 (0x000097ba) c.add   a5, a4
core   0: 3 0x000000008000efc8 (0x97ba) x15 0x00000000800110dc
core   0: 0x000000008000efca (0xfe043703) ld      a4, -32(s0)
core   0: 3 0x000000008000efca (0xfe043703) x14 0x0000000080011058 mem 0x0000000080030f50
core   0: 0x000000008000efce (0xfcf76de3) bltu    a4, a5, pc - 38
core   0: 3 0x000000008000efce (0xfcf76de3)
core   0: 0x000000008000efa8 (0xfe043783) ld      a5, -32(s0)
core   0: 3 0x000000008000efa8 (0xfe043783) x15 0x0000000080011058 mem 0x0000000080030f50
core   0: 0x000000008000efac (0x00178713) addi    a4, a5, 1
core   0: 3 0x000000008000efac (0x00178713) x14 0x0000000080011059
core   0: 0x000000008000efb0 (0xfee43023) sd      a4, -32(s0)
core   0: 3 0x000000008000efb0 (0xfee43023) mem 0x0000000080030f50 0x0000000080011059
core   0: 0x000000008000efb4 (0xfc442703) lw      a4, -60(s0)
core   0: 3 0x000000008000efb4 (0xfc442703) x14 0x0000000000000000 mem 0x0000000080030f34
core   0: 0x000000008000efb8 (0x0ff77713) andi    a4, a4, 255
core   0: 3 0x000000008000efb8 (0x0ff77713) x14 0x0000000000000000
core   0: 0x000000008000efbc (0x00e78023) sb      a4, 0(a5)
core   0: 3 0x000000008000efbc (0x00e78023) mem 0x0000000080011058 0x00
core   0: 0x000000008000efc0 (0xfc843703) ld      a4, -56(s0)
core   0: 3 0x000000008000efc0 (0xfc843703) x14 0x0000000080011040 mem 0x0000000080030f38
core   0: 0x000000008000efc4 (0xfb843783) ld      a5, -72(s0)
core   0: 3 0x000000008000efc4 (0xfb843783) x15 0x000000000000009c mem 0x0000000080030f28
core   0: 0x000000008000efc8 (0x000097ba) c.add   a5, a4
core   0: 3 0x000000008000efc8 (0x97ba) x15 0x00000000800110dc
core   0: 0x000000008000efca (0xfe043703) ld      a4, -32(s0)
core   0: 3 0x000000008000efca (0xfe043703) x14 0x0000000080011059 mem 0x0000000080030f50
core   0: 0x000000008000efce (0xfcf76de3) bltu    a4, a5, pc - 38
core   0: 3 0x000000008000efce (0xfcf76de3)
core   0: 0x000000008000efa8 (0xfe043783) ld      a5, -32(s0)
core   0: 3 0x000000008000efa8 (0xfe043783) x15 0x0000000080011059 mem 0x0000000080030f50
core   0: 0x000000008000efac (0x00178713) addi    a4, a5, 1
core   0: 3 0x000000008000efac (0x00178713) x14 0x000000008001105a
core   0: 0x000000008000efb0 (0xfee43023) sd      a4, -32(s0)
core   0: 3 0x000000008000efb0 (0xfee43023) mem 0x0000000080030f50 0x000000008001105a
core   0: 0x000000008000efb4 (0xfc442703) lw      a4, -60(s0)
core   0: 3 0x000000008000efb4 (0xfc442703) x14 0x0000000000000000 mem 0x0000000080030f34
core   0: 0x000000008000efb8 (0x0ff77713) andi    a4, a4, 255
core   0: 3 0x000000008000efb8 (0x0ff77713) x14 0x0000000000000000
core   0: 0x000000008000efbc (0x00e78023) sb      a4, 0(a5)
core   0: 3 0x000000008000efbc (0x00e78023) mem 0x0000000080011059 0x00
core   0: 0x000000008000efc0 (0xfc843703) ld      a4, -56(s0)
core   0: 3 0x000000008000efc0 (0xfc843703) x14 0x0000000080011040 mem 0x0000000080030f38
core   0: 0x000000008000efc4 (0xfb843783) ld      a5, -72(s0)
core   0: 3 0x000000008000efc4 (0xfb843783) x15 0x000000000000009c mem 0x0000000080030f28
core   0: 0x000000008000efc8 (0x000097ba) c.add   a5, a4
core   0: 3 0x000000008000efc8 (0x97ba) x15 0x00000000800110dc
core   0: 0x000000008000efca (0xfe043703) ld      a4, -32(s0)
core   0: 3 0x000000008000efca (0xfe043703) x14 0x000000008001105a mem 0x0000000080030f50
core   0: 0x000000008000efce (0xfcf76de3) bltu    a4, a5, pc - 38
core   0: 3 0x000000008000efce (0xfcf76de3)
core   0: 0x000000008000efa8 (0xfe043783) ld      a5, -32(s0)
core   0: 3 0x000000008000efa8 (0xfe043783) x15 0x000000008001105a mem 0x0000000080030f50
core   0: 0x000000008000efac (0x00178713) addi    a4, a5, 1
core   0: 3 0x000000008000efac (0x00178713) x14 0x000000008001105b
core   0: 0x000000008000efb0 (0xfee43023) sd      a4, -32(s0)
core   0: 3 0x000000008000efb0 (0xfee43023) mem 0x0000000080030f50 0x000000008001105b
core   0: 0x000000008000efb4 (0xfc442703) lw      a4, -60(s0)
core   0: 3 0x000000008000efb4 (0xfc442703) x14 0x0000000000000000 mem 0x0000000080030f34
core   0: 0x000000008000efb8 (0x0ff77713) andi    a4, a4, 255
core   0: 3 0x000000008000efb8 (0x0ff77713) x14 0x0000000000000000
core   0: 0x000000008000efbc (0x00e78023) sb      a4, 0(a5)
core   0: 3 0x000000008000efbc (0x00e78023) mem 0x000000008001105a 0x00
core   0: 0x000000008000efc0 (0xfc843703) ld      a4, -56(s0)
core   0: 3 0x000000008000efc0 (0xfc843703) x14 0x0000000080011040 mem 0x0000000080030f38
core   0: 0x000000008000efc4 (0xfb843783) ld      a5, -72(s0)
core   0: 3 0x000000008000efc4 (0xfb843783) x15 0x000000000000009c mem 0x0000000080030f28
core   0: 0x000000008000efc8 (0x000097ba) c.add   a5, a4
core   0: 3 0x000000008000efc8 (0x97ba) x15 0x00000000800110dc
core   0: 0x000000008000efca (0xfe043703) ld      a4, -32(s0)
core   0: 3 0x000000008000efca (0xfe043703) x14 0x000000008001105b mem 0x0000000080030f50
core   0: 0x000000008000efce (0xfcf76de3) bltu    a4, a5, pc - 38
core   0: 3 0x000000008000efce (0xfcf76de3)
core   0: 0x000000008000efa8 (0xfe043783) ld      a5, -32(s0)
core   0: 3 0x000000008000efa8 (0xfe043783) x15 0x000000008001105b mem 0x0000000080030f50
core   0: 0x000000008000efac (0x00178713) addi    a4, a5, 1
core   0: 3 0x000000008000efac (0x00178713) x14 0x000000008001105c
core   0: 0x000000008000efb0 (0xfee43023) sd      a4, -32(s0)
core   0: 3 0x000000008000efb0 (0xfee43023) mem 0x0000000080030f50 0x000000008001105c
core   0: 0x000000008000efb4 (0xfc442703) lw      a4, -60(s0)
core   0: 3 0x000000008000efb4 (0xfc442703) x14 0x0000000000000000 mem 0x0000000080030f34
core   0: 0x000000008000efb8 (0x0ff77713) andi    a4, a4, 255
core   0: 3 0x000000008000efb8 (0x0ff77713) x14 0x0000000000000000
core   0: 0x000000008000efbc (0x00e78023) sb      a4, 0(a5)
core   0: 3 0x000000008000efbc (0x00e78023) mem 0x000000008001105b 0x00
core   0: 0x000000008000efc0 (0xfc843703) ld      a4, -56(s0)
core   0: 3 0x000000008000efc0 (0xfc843703) x14 0x0000000080011040 mem 0x0000000080030f38
core   0: 0x000000008000efc4 (0xfb843783) ld      a5, -72(s0)
core   0: 3 0x000000008000efc4 (0xfb843783) x15 0x000000000000009c mem 0x0000000080030f28
core   0: 0x000000008000efc8 (0x000097ba) c.add   a5, a4
core   0: 3 0x000000008000efc8 (0x97ba) x15 0x00000000800110dc
core   0: 0x000000008000efca (0xfe043703) ld      a4, -32(s0)
core   0: 3 0x000000008000efca (0xfe043703) x14 0x000000008001105c mem 0x0000000080030f50
core   0: 0x000000008000efce (0xfcf76de3) bltu    a4, a5, pc - 38
core   0: 3 0x000000008000efce (0xfcf76de3)
core   0: 0x000000008000efa8 (0xfe043783) ld      a5, -32(s0)
core   0: 3 0x000000008000efa8 (0xfe043783) x15 0x000000008001105c mem 0x0000000080030f50
core   0: 0x000000008000efac (0x00178713) addi    a4, a5, 1
core   0: 3 0x000000008000efac (0x00178713) x14 0x000000008001105d
core   0: 0x000000008000efb0 (0xfee43023) sd      a4, -32(s0)
core   0: 3 0x000000008000efb0 (0xfee43023) mem 0x0000000080030f50 0x000000008001105d
core   0: 0x000000008000efb4 (0xfc442703) lw      a4, -60(s0)
core   0: 3 0x000000008000efb4 (0xfc442703) x14 0x0000000000000000 mem 0x0000000080030f34
core   0: 0x000000008000efb8 (0x0ff77713) andi    a4, a4, 255
core   0: 3 0x000000008000efb8 (0x0ff77713) x14 0x0000000000000000
core   0: 0x000000008000efbc (0x00e78023) sb      a4, 0(a5)
core   0: 3 0x000000008000efbc (0x00e78023) mem 0x000000008001105c 0x00
core   0: 0x000000008000efc0 (0xfc843703) ld      a4, -56(s0)
core   0: 3 0x000000008000efc0 (0xfc843703) x14 0x0000000080011040 mem 0x0000000080030f38
core   0: 0x000000008000efc4 (0xfb843783) ld      a5, -72(s0)
core   0: 3 0x000000008000efc4 (0xfb843783) x15 0x000000000000009c mem 0x0000000080030f28
core   0: 0x000000008000efc8 (0x000097ba) c.add   a5, a4
core   0: 3 0x000000008000efc8 (0x97ba) x15 0x00000000800110dc
core   0: 0x000000008000efca (0xfe043703) ld      a4, -32(s0)
core   0: 3 0x000000008000efca (0xfe043703) x14 0x000000008001105d mem 0x0000000080030f50
core   0: 0x000000008000efce (0xfcf76de3) bltu    a4, a5, pc - 38
core   0: 3 0x000000008000efce (0xfcf76de3)
core   0: 0x000000008000efa8 (0xfe043783) ld      a5, -32(s0)
core   0: 3 0x000000008000efa8 (0xfe043783) x15 0x000000008001105d mem 0x0000000080030f50
core   0: 0x000000008000efac (0x00178713) addi    a4, a5, 1
core   0: 3 0x000000008000efac (0x00178713) x14 0x000000008001105e
core   0: 0x000000008000efb0 (0xfee43023) sd      a4, -32(s0)
core   0: 3 0x000000008000efb0 (0xfee43023) mem 0x0000000080030f50 0x000000008001105e
core   0: 0x000000008000efb4 (0xfc442703) lw      a4, -60(s0)
core   0: 3 0x000000008000efb4 (0xfc442703) x14 0x0000000000000000 mem 0x0000000080030f34
core   0: 0x000000008000efb8 (0x0ff77713) andi    a4, a4, 255
core   0: 3 0x000000008000efb8 (0x0ff77713) x14 0x0000000000000000
core   0: 0x000000008000efbc (0x00e78023) sb      a4, 0(a5)
core   0: 3 0x000000008000efbc (0x00e78023) mem 0x000000008001105d 0x00
core   0: 0x000000008000efc0 (0xfc843703) ld      a4, -56(s0)
core   0: 3 0x000000008000efc0 (0xfc843703) x14 0x0000000080011040 mem 0x0000000080030f38
core   0: 0x000000008000efc4 (0xfb843783) ld      a5, -72(s0)
core   0: 3 0x000000008000efc4 (0xfb843783) x15 0x000000000000009c mem 0x0000000080030f28
core   0: 0x000000008000efc8 (0x000097ba) c.add   a5, a4
core   0: 3 0x000000008000efc8 (0x97ba) x15 0x00000000800110dc
core   0: 0x000000008000efca (0xfe043703) ld      a4, -32(s0)
core   0: 3 0x000000008000efca (0xfe043703) x14 0x000000008001105e mem 0x0000000080030f50
core   0: 0x000000008000efce (0xfcf76de3) bltu    a4, a5, pc - 38
core   0: 3 0x000000008000efce (0xfcf76de3)
core   0: 0x000000008000efa8 (0xfe043783) ld      a5, -32(s0)
core   0: 3 0x000000008000efa8 (0xfe043783) x15 0x000000008001105e mem 0x0000000080030f50
core   0: 0x000000008000efac (0x00178713) addi    a4, a5, 1
core   0: 3 0x000000008000efac (0x00178713) x14 0x000000008001105f
core   0: 0x000000008000efb0 (0xfee43023) sd      a4, -32(s0)
core   0: 3 0x000000008000efb0 (0xfee43023) mem 0x0000000080030f50 0x000000008001105f
core   0: 0x000000008000efb4 (0xfc442703) lw      a4, -60(s0)
core   0: 3 0x000000008000efb4 (0xfc442703) x14 0x0000000000000000 mem 0x0000000080030f34
core   0: 0x000000008000efb8 (0x0ff77713) andi    a4, a4, 255
core   0: 3 0x000000008000efb8 (0x0ff77713) x14 0x0000000000000000
core   0: 0x000000008000efbc (0x00e78023) sb      a4, 0(a5)
core   0: 3 0x000000008000efbc (0x00e78023) mem 0x000000008001105e 0x00
core   0: 0x000000008000efc0 (0xfc843703) ld      a4, -56(s0)
core   0: 3 0x000000008000efc0 (0xfc843703) x14 0x0000000080011040 mem 0x0000000080030f38
core   0: 0x000000008000efc4 (0xfb843783) ld      a5, -72(s0)
core   0: 3 0x000000008000efc4 (0xfb843783) x15 0x000000000000009c mem 0x0000000080030f28
core   0: 0x000000008000efc8 (0x000097ba) c.add   a5, a4
core   0: 3 0x000000008000efc8 (0x97ba) x15 0x00000000800110dc
core   0: 0x000000008000efca (0xfe043703) ld      a4, -32(s0)
core   0: 3 0x000000008000efca (0xfe043703) x14 0x000000008001105f mem 0x0000000080030f50
core   0: 0x000000008000efce (0xfcf76de3) bltu    a4, a5, pc - 38
core   0: 3 0x000000008000efce (0xfcf76de3)
core   0: 0x000000008000efa8 (0xfe043783) ld      a5, -32(s0)
core   0: 3 0x000000008000efa8 (0xfe043783) x15 0x000000008001105f mem 0x0000000080030f50
core   0: 0x000000008000efac (0x00178713) addi    a4, a5, 1
core   0: 3 0x000000008000efac (0x00178713) x14 0x0000000080011060
core   0: 0x000000008000efb0 (0xfee43023) sd      a4, -32(s0)
core   0: 3 0x000000008000efb0 (0xfee43023) mem 0x0000000080030f50 0x0000000080011060
core   0: 0x000000008000efb4 (0xfc442703) lw      a4, -60(s0)
core   0: 3 0x000000008000efb4 (0xfc442703) x14 0x0000000000000000 mem 0x0000000080030f34
core   0: 0x000000008000efb8 (0x0ff77713) andi    a4, a4, 255
core   0: 3 0x000000008000efb8 (0x0ff77713) x14 0x0000000000000000
core   0: 0x000000008000efbc (0x00e78023) sb      a4, 0(a5)
core   0: 3 0x000000008000efbc (0x00e78023) mem 0x000000008001105f 0x00
core   0: 0x000000008000efc0 (0xfc843703) ld      a4, -56(s0)
core   0: 3 0x000000008000efc0 (0xfc843703) x14 0x0000000080011040 mem 0x0000000080030f38
core   0: 0x000000008000efc4 (0xfb843783) ld      a5, -72(s0)
core   0: 3 0x000000008000efc4 (0xfb843783) x15 0x000000000000009c mem 0x0000000080030f28
core   0: 0x000000008000efc8 (0x000097ba) c.add   a5, a4
core   0: 3 0x000000008000efc8 (0x97ba) x15 0x00000000800110dc
core   0: 0x000000008000efca (0xfe043703) ld      a4, -32(s0)
core   0: 3 0x000000008000efca (0xfe043703) x14 0x0000000080011060 mem 0x0000000080030f50
core   0: 0x000000008000efce (0xfcf76de3) bltu    a4, a5, pc - 38
core   0: 3 0x000000008000efce (0xfcf76de3)
core   0: 0x000000008000efa8 (0xfe043783) ld      a5, -32(s0)
core   0: 3 0x000000008000efa8 (0xfe043783) x15 0x0000000080011060 mem 0x0000000080030f50
core   0: 0x000000008000efac (0x00178713) addi    a4, a5, 1
core   0: 3 0x000000008000efac (0x00178713) x14 0x0000000080011061
core   0: 0x000000008000efb0 (0xfee43023) sd      a4, -32(s0)
core   0: 3 0x000000008000efb0 (0xfee43023) mem 0x0000000080030f50 0x0000000080011061
core   0: 0x000000008000efb4 (0xfc442703) lw      a4, -60(s0)
core   0: 3 0x000000008000efb4 (0xfc442703) x14 0x0000000000000000 mem 0x0000000080030f34
core   0: 0x000000008000efb8 (0x0ff77713) andi    a4, a4, 255
core   0: 3 0x000000008000efb8 (0x0ff77713) x14 0x0000000000000000
core   0: 0x000000008000efbc (0x00e78023) sb      a4, 0(a5)
core   0: 3 0x000000008000efbc (0x00e78023) mem 0x0000000080011060 0x00
core   0: 0x000000008000efc0 (0xfc843703) ld      a4, -56(s0)
core   0: 3 0x000000008000efc0 (0xfc843703) x14 0x0000000080011040 mem 0x0000000080030f38
core   0: 0x000000008000efc4 (0xfb843783) ld      a5, -72(s0)
core   0: 3 0x000000008000efc4 (0xfb843783) x15 0x000000000000009c mem 0x0000000080030f28
core   0: 0x000000008000efc8 (0x000097ba) c.add   a5, a4
core   0: 3 0x000000008000efc8 (0x97ba) x15 0x00000000800110dc
core   0: 0x000000008000efca (0xfe043703) ld      a4, -32(s0)
core   0: 3 0x000000008000efca (0xfe043703) x14 0x0000000080011061 mem 0x0000000080030f50
core   0: 0x000000008000efce (0xfcf76de3) bltu    a4, a5, pc - 38
core   0: 3 0x000000008000efce (0xfcf76de3)
core   0: 0x000000008000efa8 (0xfe043783) ld      a5, -32(s0)
core   0: 3 0x000000008000efa8 (0xfe043783) x15 0x0000000080011061 mem 0x0000000080030f50
core   0: 0x000000008000efac (0x00178713) addi    a4, a5, 1
core   0: 3 0x000000008000efac (0x00178713) x14 0x0000000080011062
core   0: 0x000000008000efb0 (0xfee43023) sd      a4, -32(s0)
core   0: 3 0x000000008000efb0 (0xfee43023) mem 0x0000000080030f50 0x0000000080011062
core   0: 0x000000008000efb4 (0xfc442703) lw      a4, -60(s0)
core   0: 3 0x000000008000efb4 (0xfc442703) x14 0x0000000000000000 mem 0x0000000080030f34
core   0: 0x000000008000efb8 (0x0ff77713) andi    a4, a4, 255
core   0: 3 0x000000008000efb8 (0x0ff77713) x14 0x0000000000000000
core   0: 0x000000008000efbc (0x00e78023) sb      a4, 0(a5)
core   0: 3 0x000000008000efbc (0x00e78023) mem 0x0000000080011061 0x00
core   0: 0x000000008000efc0 (0xfc843703) ld      a4, -56(s0)
core   0: 3 0x000000008000efc0 (0xfc843703) x14 0x0000000080011040 mem 0x0000000080030f38
core   0: 0x000000008000efc4 (0xfb843783) ld      a5, -72(s0)
core   0: 3 0x000000008000efc4 (0xfb843783) x15 0x000000000000009c mem 0x0000000080030f28
core   0: 0x000000008000efc8 (0x000097ba) c.add   a5, a4
core   0: 3 0x000000008000efc8 (0x97ba) x15 0x00000000800110dc
core   0: 0x000000008000efca (0xfe043703) ld      a4, -32(s0)
core   0: 3 0x000000008000efca (0xfe043703) x14 0x0000000080011062 mem 0x0000000080030f50
core   0: 0x000000008000efce (0xfcf76de3) bltu    a4, a5, pc - 38
core   0: 3 0x000000008000efce (0xfcf76de3)
core   0: 0x000000008000efa8 (0xfe043783) ld      a5, -32(s0)
core   0: 3 0x000000008000efa8 (0xfe043783) x15 0x0000000080011062 mem 0x0000000080030f50
core   0: 0x000000008000efac (0x00178713) addi    a4, a5, 1
core   0: 3 0x000000008000efac (0x00178713) x14 0x0000000080011063
core   0: 0x000000008000efb0 (0xfee43023) sd      a4, -32(s0)
core   0: 3 0x000000008000efb0 (0xfee43023) mem 0x0000000080030f50 0x0000000080011063
core   0: 0x000000008000efb4 (0xfc442703) lw      a4, -60(s0)
core   0: 3 0x000000008000efb4 (0xfc442703) x14 0x0000000000000000 mem 0x0000000080030f34
core   0: 0x000000008000efb8 (0x0ff77713) andi    a4, a4, 255
core   0: 3 0x000000008000efb8 (0x0ff77713) x14 0x0000000000000000
core   0: 0x000000008000efbc (0x00e78023) sb      a4, 0(a5)
core   0: 3 0x000000008000efbc (0x00e78023) mem 0x0000000080011062 0x00
core   0: 0x000000008000efc0 (0xfc843703) ld      a4, -56(s0)
core   0: 3 0x000000008000efc0 (0xfc843703) x14 0x0000000080011040 mem 0x0000000080030f38
core   0: 0x000000008000efc4 (0xfb843783) ld      a5, -72(s0)
core   0: 3 0x000000008000efc4 (0xfb843783) x15 0x000000000000009c mem 0x0000000080030f28
core   0: 0x000000008000efc8 (0x000097ba) c.add   a5, a4
core   0: 3 0x000000008000efc8 (0x97ba) x15 0x00000000800110dc
core   0: 0x000000008000efca (0xfe043703) ld      a4, -32(s0)
core   0: 3 0x000000008000efca (0xfe043703) x14 0x0000000080011063 mem 0x0000000080030f50
core   0: 0x000000008000efce (0xfcf76de3) bltu    a4, a5, pc - 38
core   0: 3 0x000000008000efce (0xfcf76de3)
core   0: 0x000000008000efa8 (0xfe043783) ld      a5, -32(s0)
core   0: 3 0x000000008000efa8 (0xfe043783) x15 0x0000000080011063 mem 0x0000000080030f50
core   0: 0x000000008000efac (0x00178713) addi    a4, a5, 1
core   0: 3 0x000000008000efac (0x00178713) x14 0x0000000080011064
core   0: 0x000000008000efb0 (0xfee43023) sd      a4, -32(s0)
core   0: 3 0x000000008000efb0 (0xfee43023) mem 0x0000000080030f50 0x0000000080011064
core   0: 0x000000008000efb4 (0xfc442703) lw      a4, -60(s0)
core   0: 3 0x000000008000efb4 (0xfc442703) x14 0x0000000000000000 mem 0x0000000080030f34
core   0: 0x000000008000efb8 (0x0ff77713) andi    a4, a4, 255
core   0: 3 0x000000008000efb8 (0x0ff77713) x14 0x0000000000000000
core   0: 0x000000008000efbc (0x00e78023) sb      a4, 0(a5)
core   0: 3 0x000000008000efbc (0x00e78023) mem 0x0000000080011063 0x00
core   0: 0x000000008000efc0 (0xfc843703) ld      a4, -56(s0)
core   0: 3 0x000000008000efc0 (0xfc843703) x14 0x0000000080011040 mem 0x0000000080030f38
core   0: 0x000000008000efc4 (0xfb843783) ld      a5, -72(s0)
core   0: 3 0x000000008000efc4 (0xfb843783) x15 0x000000000000009c mem 0x0000000080030f28
core   0: 0x000000008000efc8 (0x000097ba) c.add   a5, a4
core   0: 3 0x000000008000efc8 (0x97ba) x15 0x00000000800110dc
core   0: 0x000000008000efca (0xfe043703) ld      a4, -32(s0)
core   0: 3 0x000000008000efca (0xfe043703) x14 0x0000000080011064 mem 0x0000000080030f50
core   0: 0x000000008000efce (0xfcf76de3) bltu    a4, a5, pc - 38
core   0: 3 0x000000008000efce (0xfcf76de3)
core   0: 0x000000008000efa8 (0xfe043783) ld      a5, -32(s0)
core   0: 3 0x000000008000efa8 (0xfe043783) x15 0x0000000080011064 mem 0x0000000080030f50
core   0: 0x000000008000efac (0x00178713) addi    a4, a5, 1
core   0: 3 0x000000008000efac (0x00178713) x14 0x0000000080011065
core   0: 0x000000008000efb0 (0xfee43023) sd      a4, -32(s0)
core   0: 3 0x000000008000efb0 (0xfee43023) mem 0x0000000080030f50 0x0000000080011065
core   0: 0x000000008000efb4 (0xfc442703) lw      a4, -60(s0)
core   0: 3 0x000000008000efb4 (0xfc442703) x14 0x0000000000000000 mem 0x0000000080030f34
core   0: 0x000000008000efb8 (0x0ff77713) andi    a4, a4, 255
core   0: 3 0x000000008000efb8 (0x0ff77713) x14 0x0000000000000000
core   0: 0x000000008000efbc (0x00e78023) sb      a4, 0(a5)
core   0: 3 0x000000008000efbc (0x00e78023) mem 0x0000000080011064 0x00
core   0: 0x000000008000efc0 (0xfc843703) ld      a4, -56(s0)
core   0: 3 0x000000008000efc0 (0xfc843703) x14 0x0000000080011040 mem 0x0000000080030f38
core   0: 0x000000008000efc4 (0xfb843783) ld      a5, -72(s0)
core   0: 3 0x000000008000efc4 (0xfb843783) x15 0x000000000000009c mem 0x0000000080030f28
core   0: 0x000000008000efc8 (0x000097ba) c.add   a5, a4
core   0: 3 0x000000008000efc8 (0x97ba) x15 0x00000000800110dc
core   0: 0x000000008000efca (0xfe043703) ld      a4, -32(s0)
core   0: 3 0x000000008000efca (0xfe043703) x14 0x0000000080011065 mem 0x0000000080030f50
core   0: 0x000000008000efce (0xfcf76de3) bltu    a4, a5, pc - 38
core   0: 3 0x000000008000efce (0xfcf76de3)
core   0: 0x000000008000efa8 (0xfe043783) ld      a5, -32(s0)
core   0: 3 0x000000008000efa8 (0xfe043783) x15 0x0000000080011065 mem 0x0000000080030f50
core   0: 0x000000008000efac (0x00178713) addi    a4, a5, 1
core   0: 3 0x000000008000efac (0x00178713) x14 0x0000000080011066
core   0: 0x000000008000efb0 (0xfee43023) sd      a4, -32(s0)
core   0: 3 0x000000008000efb0 (0xfee43023) mem 0x0000000080030f50 0x0000000080011066
core   0: 0x000000008000efb4 (0xfc442703) lw      a4, -60(s0)
core   0: 3 0x000000008000efb4 (0xfc442703) x14 0x0000000000000000 mem 0x0000000080030f34
core   0: 0x000000008000efb8 (0x0ff77713) andi    a4, a4, 255
core   0: 3 0x000000008000efb8 (0x0ff77713) x14 0x0000000000000000
core   0: 0x000000008000efbc (0x00e78023) sb      a4, 0(a5)
core   0: 3 0x000000008000efbc (0x00e78023) mem 0x0000000080011065 0x00
core   0: 0x000000008000efc0 (0xfc843703) ld      a4, -56(s0)
core   0: 3 0x000000008000efc0 (0xfc843703) x14 0x0000000080011040 mem 0x0000000080030f38
core   0: 0x000000008000efc4 (0xfb843783) ld      a5, -72(s0)
core   0: 3 0x000000008000efc4 (0xfb843783) x15 0x000000000000009c mem 0x0000000080030f28
core   0: 0x000000008000efc8 (0x000097ba) c.add   a5, a4
core   0: 3 0x000000008000efc8 (0x97ba) x15 0x00000000800110dc
core   0: 0x000000008000efca (0xfe043703) ld      a4, -32(s0)
core   0: 3 0x000000008000efca (0xfe043703) x14 0x0000000080011066 mem 0x0000000080030f50
core   0: 0x000000008000efce (0xfcf76de3) bltu    a4, a5, pc - 38
core   0: 3 0x000000008000efce (0xfcf76de3)
core   0: 0x000000008000efa8 (0xfe043783) ld      a5, -32(s0)
core   0: 3 0x000000008000efa8 (0xfe043783) x15 0x0000000080011066 mem 0x0000000080030f50
core   0: 0x000000008000efac (0x00178713) addi    a4, a5, 1
core   0: 3 0x000000008000efac (0x00178713) x14 0x0000000080011067
core   0: 0x000000008000efb0 (0xfee43023) sd      a4, -32(s0)
core   0: 3 0x000000008000efb0 (0xfee43023) mem 0x0000000080030f50 0x0000000080011067
core   0: 0x000000008000efb4 (0xfc442703) lw      a4, -60(s0)
core   0: 3 0x000000008000efb4 (0xfc442703) x14 0x0000000000000000 mem 0x0000000080030f34
core   0: 0x000000008000efb8 (0x0ff77713) andi    a4, a4, 255
core   0: 3 0x000000008000efb8 (0x0ff77713) x14 0x0000000000000000
core   0: 0x000000008000efbc (0x00e78023) sb      a4, 0(a5)
core   0: 3 0x000000008000efbc (0x00e78023) mem 0x0000000080011066 0x00
core   0: 0x000000008000efc0 (0xfc843703) ld      a4, -56(s0)
core   0: 3 0x000000008000efc0 (0xfc843703) x14 0x0000000080011040 mem 0x0000000080030f38
core   0: 0x000000008000efc4 (0xfb843783) ld      a5, -72(s0)
core   0: 3 0x000000008000efc4 (0xfb843783) x15 0x000000000000009c mem 0x0000000080030f28
core   0: 0x000000008000efc8 (0x000097ba) c.add   a5, a4
core   0: 3 0x000000008000efc8 (0x97ba) x15 0x00000000800110dc
core   0: 0x000000008000efca (0xfe043703) ld      a4, -32(s0)
core   0: 3 0x000000008000efca (0xfe043703) x14 0x0000000080011067 mem 0x0000000080030f50
core   0: 0x000000008000efce (0xfcf76de3) bltu    a4, a5, pc - 38
core   0: 3 0x000000008000efce (0xfcf76de3)
core   0: 0x000000008000efa8 (0xfe043783) ld      a5, -32(s0)
core   0: 3 0x000000008000efa8 (0xfe043783) x15 0x0000000080011067 mem 0x0000000080030f50
core   0: 0x000000008000efac (0x00178713) addi    a4, a5, 1
core   0: 3 0x000000008000efac (0x00178713) x14 0x0000000080011068
core   0: 0x000000008000efb0 (0xfee43023) sd      a4, -32(s0)
core   0: 3 0x000000008000efb0 (0xfee43023) mem 0x0000000080030f50 0x0000000080011068
core   0: 0x000000008000efb4 (0xfc442703) lw      a4, -60(s0)
core   0: 3 0x000000008000efb4 (0xfc442703) x14 0x0000000000000000 mem 0x0000000080030f34
core   0: 0x000000008000efb8 (0x0ff77713) andi    a4, a4, 255
core   0: 3 0x000000008000efb8 (0x0ff77713) x14 0x0000000000000000
core   0: 0x000000008000efbc (0x00e78023) sb      a4, 0(a5)
core   0: 3 0x000000008000efbc (0x00e78023) mem 0x0000000080011067 0x00
core   0: 0x000000008000efc0 (0xfc843703) ld      a4, -56(s0)
core   0: 3 0x000000008000efc0 (0xfc843703) x14 0x0000000080011040 mem 0x0000000080030f38
core   0: 0x000000008000efc4 (0xfb843783) ld      a5, -72(s0)
core   0: 3 0x000000008000efc4 (0xfb843783) x15 0x000000000000009c mem 0x0000000080030f28
core   0: 0x000000008000efc8 (0x000097ba) c.add   a5, a4
core   0: 3 0x000000008000efc8 (0x97ba) x15 0x00000000800110dc
core   0: 0x000000008000efca (0xfe043703) ld      a4, -32(s0)
core   0: 3 0x000000008000efca (0xfe043703) x14 0x0000000080011068 mem 0x0000000080030f50
core   0: 0x000000008000efce (0xfcf76de3) bltu    a4, a5, pc - 38
core   0: 3 0x000000008000efce (0xfcf76de3)
core   0: 0x000000008000efa8 (0xfe043783) ld      a5, -32(s0)
core   0: 3 0x000000008000efa8 (0xfe043783) x15 0x0000000080011068 mem 0x0000000080030f50
core   0: 0x000000008000efac (0x00178713) addi    a4, a5, 1
core   0: 3 0x000000008000efac (0x00178713) x14 0x0000000080011069
core   0: 0x000000008000efb0 (0xfee43023) sd      a4, -32(s0)
core   0: 3 0x000000008000efb0 (0xfee43023) mem 0x0000000080030f50 0x0000000080011069
core   0: 0x000000008000efb4 (0xfc442703) lw      a4, -60(s0)
core   0: 3 0x000000008000efb4 (0xfc442703) x14 0x0000000000000000 mem 0x0000000080030f34
core   0: 0x000000008000efb8 (0x0ff77713) andi    a4, a4, 255
core   0: 3 0x000000008000efb8 (0x0ff77713) x14 0x0000000000000000
core   0: 0x000000008000efbc (0x00e78023) sb      a4, 0(a5)
core   0: 3 0x000000008000efbc (0x00e78023) mem 0x0000000080011068 0x00
core   0: 0x000000008000efc0 (0xfc843703) ld      a4, -56(s0)
core   0: 3 0x000000008000efc0 (0xfc843703) x14 0x0000000080011040 mem 0x0000000080030f38
core   0: 0x000000008000efc4 (0xfb843783) ld      a5, -72(s0)
core   0: 3 0x000000008000efc4 (0xfb843783) x15 0x000000000000009c mem 0x0000000080030f28
core   0: 0x000000008000efc8 (0x000097ba) c.add   a5, a4
core   0: 3 0x000000008000efc8 (0x97ba) x15 0x00000000800110dc
core   0: 0x000000008000efca (0xfe043703) ld      a4, -32(s0)
core   0: 3 0x000000008000efca (0xfe043703) x14 0x0000000080011069 mem 0x0000000080030f50
core   0: 0x000000008000efce (0xfcf76de3) bltu    a4, a5, pc - 38
core   0: 3 0x000000008000efce (0xfcf76de3)
core   0: 0x000000008000efa8 (0xfe043783) ld      a5, -32(s0)
core   0: 3 0x000000008000efa8 (0xfe043783) x15 0x0000000080011069 mem 0x0000000080030f50
core   0: 0x000000008000efac (0x00178713) addi    a4, a5, 1
core   0: 3 0x000000008000efac (0x00178713) x14 0x000000008001106a
core   0: 0x000000008000efb0 (0xfee43023) sd      a4, -32(s0)
core   0: 3 0x000000008000efb0 (0xfee43023) mem 0x0000000080030f50 0x000000008001106a
core   0: 0x000000008000efb4 (0xfc442703) lw      a4, -60(s0)
core   0: 3 0x000000008000efb4 (0xfc442703) x14 0x0000000000000000 mem 0x0000000080030f34
core   0: 0x000000008000efb8 (0x0ff77713) andi    a4, a4, 255
core   0: 3 0x000000008000efb8 (0x0ff77713) x14 0x0000000000000000
core   0: 0x000000008000efbc (0x00e78023) sb      a4, 0(a5)
core   0: 3 0x000000008000efbc (0x00e78023) mem 0x0000000080011069 0x00
core   0: 0x000000008000efc0 (0xfc843703) ld      a4, -56(s0)
core   0: 3 0x000000008000efc0 (0xfc843703) x14 0x0000000080011040 mem 0x0000000080030f38
core   0: 0x000000008000efc4 (0xfb843783) ld      a5, -72(s0)
core   0: 3 0x000000008000efc4 (0xfb843783) x15 0x000000000000009c mem 0x0000000080030f28
core   0: 0x000000008000efc8 (0x000097ba) c.add   a5, a4
core   0: 3 0x000000008000efc8 (0x97ba) x15 0x00000000800110dc
core   0: 0x000000008000efca (0xfe043703) ld      a4, -32(s0)
core   0: 3 0x000000008000efca (0xfe043703) x14 0x000000008001106a mem 0x0000000080030f50
core   0: 0x000000008000efce (0xfcf76de3) bltu    a4, a5, pc - 38
core   0: 3 0x000000008000efce (0xfcf76de3)
core   0: 0x000000008000efa8 (0xfe043783) ld      a5, -32(s0)
core   0: 3 0x000000008000efa8 (0xfe043783) x15 0x000000008001106a mem 0x0000000080030f50
core   0: 0x000000008000efac (0x00178713) addi    a4, a5, 1
core   0: 3 0x000000008000efac (0x00178713) x14 0x000000008001106b
core   0: 0x000000008000efb0 (0xfee43023) sd      a4, -32(s0)
core   0: 3 0x000000008000efb0 (0xfee43023) mem 0x0000000080030f50 0x000000008001106b
core   0: 0x000000008000efb4 (0xfc442703) lw      a4, -60(s0)
core   0: 3 0x000000008000efb4 (0xfc442703) x14 0x0000000000000000 mem 0x0000000080030f34
core   0: 0x000000008000efb8 (0x0ff77713) andi    a4, a4, 255
core   0: 3 0x000000008000efb8 (0x0ff77713) x14 0x0000000000000000
core   0: 0x000000008000efbc (0x00e78023) sb      a4, 0(a5)
core   0: 3 0x000000008000efbc (0x00e78023) mem 0x000000008001106a 0x00
core   0: 0x000000008000efc0 (0xfc843703) ld      a4, -56(s0)
core   0: 3 0x000000008000efc0 (0xfc843703) x14 0x0000000080011040 mem 0x0000000080030f38
core   0: 0x000000008000efc4 (0xfb843783) ld      a5, -72(s0)
core   0: 3 0x000000008000efc4 (0xfb843783) x15 0x000000000000009c mem 0x0000000080030f28
core   0: 0x000000008000efc8 (0x000097ba) c.add   a5, a4
core   0: 3 0x000000008000efc8 (0x97ba) x15 0x00000000800110dc
core   0: 0x000000008000efca (0xfe043703) ld      a4, -32(s0)
core   0: 3 0x000000008000efca (0xfe043703) x14 0x000000008001106b mem 0x0000000080030f50
core   0: 0x000000008000efce (0xfcf76de3) bltu    a4, a5, pc - 38
core   0: 3 0x000000008000efce (0xfcf76de3)
core   0: 0x000000008000efa8 (0xfe043783) ld      a5, -32(s0)
core   0: 3 0x000000008000efa8 (0xfe043783) x15 0x000000008001106b mem 0x0000000080030f50
core   0: 0x000000008000efac (0x00178713) addi    a4, a5, 1
core   0: 3 0x000000008000efac (0x00178713) x14 0x000000008001106c
core   0: 0x000000008000efb0 (0xfee43023) sd      a4, -32(s0)
core   0: 3 0x000000008000efb0 (0xfee43023) mem 0x0000000080030f50 0x000000008001106c
core   0: 0x000000008000efb4 (0xfc442703) lw      a4, -60(s0)
core   0: 3 0x000000008000efb4 (0xfc442703) x14 0x0000000000000000 mem 0x0000000080030f34
core   0: 0x000000008000efb8 (0x0ff77713) andi    a4, a4, 255
core   0: 3 0x000000008000efb8 (0x0ff77713) x14 0x0000000000000000
core   0: 0x000000008000efbc (0x00e78023) sb      a4, 0(a5)
core   0: 3 0x000000008000efbc (0x00e78023) mem 0x000000008001106b 0x00
core   0: 0x000000008000efc0 (0xfc843703) ld      a4, -56(s0)
core   0: 3 0x000000008000efc0 (0xfc843703) x14 0x0000000080011040 mem 0x0000000080030f38
core   0: 0x000000008000efc4 (0xfb843783) ld      a5, -72(s0)
core   0: 3 0x000000008000efc4 (0xfb843783) x15 0x000000000000009c mem 0x0000000080030f28
core   0: 0x000000008000efc8 (0x000097ba) c.add   a5, a4
core   0: 3 0x000000008000efc8 (0x97ba) x15 0x00000000800110dc
core   0: 0x000000008000efca (0xfe043703) ld      a4, -32(s0)
core   0: 3 0x000000008000efca (0xfe043703) x14 0x000000008001106c mem 0x0000000080030f50
core   0: 0x000000008000efce (0xfcf76de3) bltu    a4, a5, pc - 38
core   0: 3 0x000000008000efce (0xfcf76de3)
core   0: 0x000000008000efa8 (0xfe043783) ld      a5, -32(s0)
core   0: 3 0x000000008000efa8 (0xfe043783) x15 0x000000008001106c mem 0x0000000080030f50
core   0: 0x000000008000efac (0x00178713) addi    a4, a5, 1
core   0: 3 0x000000008000efac (0x00178713) x14 0x000000008001106d
core   0: 0x000000008000efb0 (0xfee43023) sd      a4, -32(s0)
core   0: 3 0x000000008000efb0 (0xfee43023) mem 0x0000000080030f50 0x000000008001106d
core   0: 0x000000008000efb4 (0xfc442703) lw      a4, -60(s0)
core   0: 3 0x000000008000efb4 (0xfc442703) x14 0x0000000000000000 mem 0x0000000080030f34
core   0: 0x000000008000efb8 (0x0ff77713) andi    a4, a4, 255
core   0: 3 0x000000008000efb8 (0x0ff77713) x14 0x0000000000000000
core   0: 0x000000008000efbc (0x00e78023) sb      a4, 0(a5)
core   0: 3 0x000000008000efbc (0x00e78023) mem 0x000000008001106c 0x00
core   0: 0x000000008000efc0 (0xfc843703) ld      a4, -56(s0)
core   0: 3 0x000000008000efc0 (0xfc843703) x14 0x0000000080011040 mem 0x0000000080030f38
core   0: 0x000000008000efc4 (0xfb843783) ld      a5, -72(s0)
core   0: 3 0x000000008000efc4 (0xfb843783) x15 0x000000000000009c mem 0x0000000080030f28
core   0: 0x000000008000efc8 (0x000097ba) c.add   a5, a4
core   0: 3 0x000000008000efc8 (0x97ba) x15 0x00000000800110dc
core   0: 0x000000008000efca (0xfe043703) ld      a4, -32(s0)
core   0: 3 0x000000008000efca (0xfe043703) x14 0x000000008001106d mem 0x0000000080030f50
core   0: 0x000000008000efce (0xfcf76de3) bltu    a4, a5, pc - 38
core   0: 3 0x000000008000efce (0xfcf76de3)
core   0: 0x000000008000efa8 (0xfe043783) ld      a5, -32(s0)
core   0: 3 0x000000008000efa8 (0xfe043783) x15 0x000000008001106d mem 0x0000000080030f50
core   0: 0x000000008000efac (0x00178713) addi    a4, a5, 1
core   0: 3 0x000000008000efac (0x00178713) x14 0x000000008001106e
core   0: 0x000000008000efb0 (0xfee43023) sd      a4, -32(s0)
core   0: 3 0x000000008000efb0 (0xfee43023) mem 0x0000000080030f50 0x000000008001106e
core   0: 0x000000008000efb4 (0xfc442703) lw      a4, -60(s0)
core   0: 3 0x000000008000efb4 (0xfc442703) x14 0x0000000000000000 mem 0x0000000080030f34
core   0: 0x000000008000efb8 (0x0ff77713) andi    a4, a4, 255
core   0: 3 0x000000008000efb8 (0x0ff77713) x14 0x0000000000000000
core   0: 0x000000008000efbc (0x00e78023) sb      a4, 0(a5)
core   0: 3 0x000000008000efbc (0x00e78023) mem 0x000000008001106d 0x00
core   0: 0x000000008000efc0 (0xfc843703) ld      a4, -56(s0)
core   0: 3 0x000000008000efc0 (0xfc843703) x14 0x0000000080011040 mem 0x0000000080030f38
core   0: 0x000000008000efc4 (0xfb843783) ld      a5, -72(s0)
core   0: 3 0x000000008000efc4 (0xfb843783) x15 0x000000000000009c mem 0x0000000080030f28
core   0: 0x000000008000efc8 (0x000097ba) c.add   a5, a4
core   0: 3 0x000000008000efc8 (0x97ba) x15 0x00000000800110dc
core   0: 0x000000008000efca (0xfe043703) ld      a4, -32(s0)
core   0: 3 0x000000008000efca (0xfe043703) x14 0x000000008001106e mem 0x0000000080030f50
core   0: 0x000000008000efce (0xfcf76de3) bltu    a4, a5, pc - 38
core   0: 3 0x000000008000efce (0xfcf76de3)
core   0: 0x000000008000efa8 (0xfe043783) ld      a5, -32(s0)
core   0: 3 0x000000008000efa8 (0xfe043783) x15 0x000000008001106e mem 0x0000000080030f50
core   0: 0x000000008000efac (0x00178713) addi    a4, a5, 1
core   0: 3 0x000000008000efac (0x00178713) x14 0x000000008001106f
core   0: 0x000000008000efb0 (0xfee43023) sd      a4, -32(s0)
core   0: 3 0x000000008000efb0 (0xfee43023) mem 0x0000000080030f50 0x000000008001106f
core   0: 0x000000008000efb4 (0xfc442703) lw      a4, -60(s0)
core   0: 3 0x000000008000efb4 (0xfc442703) x14 0x0000000000000000 mem 0x0000000080030f34
core   0: 0x000000008000efb8 (0x0ff77713) andi    a4, a4, 255
core   0: 3 0x000000008000efb8 (0x0ff77713) x14 0x0000000000000000
core   0: 0x000000008000efbc (0x00e78023) sb      a4, 0(a5)
core   0: 3 0x000000008000efbc (0x00e78023) mem 0x000000008001106e 0x00
core   0: 0x000000008000efc0 (0xfc843703) ld      a4, -56(s0)
core   0: 3 0x000000008000efc0 (0xfc843703) x14 0x0000000080011040 mem 0x0000000080030f38
core   0: 0x000000008000efc4 (0xfb843783) ld      a5, -72(s0)
core   0: 3 0x000000008000efc4 (0xfb843783) x15 0x000000000000009c mem 0x0000000080030f28
core   0: 0x000000008000efc8 (0x000097ba) c.add   a5, a4
core   0: 3 0x000000008000efc8 (0x97ba) x15 0x00000000800110dc
core   0: 0x000000008000efca (0xfe043703) ld      a4, -32(s0)
core   0: 3 0x000000008000efca (0xfe043703) x14 0x000000008001106f mem 0x0000000080030f50
core   0: 0x000000008000efce (0xfcf76de3) bltu    a4, a5, pc - 38
core   0: 3 0x000000008000efce (0xfcf76de3)
core   0: 0x000000008000efa8 (0xfe043783) ld      a5, -32(s0)
core   0: 3 0x000000008000efa8 (0xfe043783) x15 0x000000008001106f mem 0x0000000080030f50
core   0: 0x000000008000efac (0x00178713) addi    a4, a5, 1
core   0: 3 0x000000008000efac (0x00178713) x14 0x0000000080011070
core   0: 0x000000008000efb0 (0xfee43023) sd      a4, -32(s0)
core   0: 3 0x000000008000efb0 (0xfee43023) mem 0x0000000080030f50 0x0000000080011070
core   0: 0x000000008000efb4 (0xfc442703) lw      a4, -60(s0)
core   0: 3 0x000000008000efb4 (0xfc442703) x14 0x0000000000000000 mem 0x0000000080030f34
core   0: 0x000000008000efb8 (0x0ff77713) andi    a4, a4, 255
core   0: 3 0x000000008000efb8 (0x0ff77713) x14 0x0000000000000000
core   0: 0x000000008000efbc (0x00e78023) sb      a4, 0(a5)
core   0: 3 0x000000008000efbc (0x00e78023) mem 0x000000008001106f 0x00
core   0: 0x000000008000efc0 (0xfc843703) ld      a4, -56(s0)
core   0: 3 0x000000008000efc0 (0xfc843703) x14 0x0000000080011040 mem 0x0000000080030f38
core   0: 0x000000008000efc4 (0xfb843783) ld      a5, -72(s0)
core   0: 3 0x000000008000efc4 (0xfb843783) x15 0x000000000000009c mem 0x0000000080030f28
core   0: 0x000000008000efc8 (0x000097ba) c.add   a5, a4
core   0: 3 0x000000008000efc8 (0x97ba) x15 0x00000000800110dc
core   0: 0x000000008000efca (0xfe043703) ld      a4, -32(s0)
core   0: 3 0x000000008000efca (0xfe043703) x14 0x0000000080011070 mem 0x0000000080030f50
core   0: 0x000000008000efce (0xfcf76de3) bltu    a4, a5, pc - 38
core   0: 3 0x000000008000efce (0xfcf76de3)
core   0: 0x000000008000efa8 (0xfe043783) ld      a5, -32(s0)
core   0: 3 0x000000008000efa8 (0xfe043783) x15 0x0000000080011070 mem 0x0000000080030f50
core   0: 0x000000008000efac (0x00178713) addi    a4, a5, 1
core   0: 3 0x000000008000efac (0x00178713) x14 0x0000000080011071
core   0: 0x000000008000efb0 (0xfee43023) sd      a4, -32(s0)
core   0: 3 0x000000008000efb0 (0xfee43023) mem 0x0000000080030f50 0x0000000080011071
core   0: 0x000000008000efb4 (0xfc442703) lw      a4, -60(s0)
core   0: 3 0x000000008000efb4 (0xfc442703) x14 0x0000000000000000 mem 0x0000000080030f34
core   0: 0x000000008000efb8 (0x0ff77713) andi    a4, a4, 255
core   0: 3 0x000000008000efb8 (0x0ff77713) x14 0x0000000000000000
core   0: 0x000000008000efbc (0x00e78023) sb      a4, 0(a5)
core   0: 3 0x000000008000efbc (0x00e78023) mem 0x0000000080011070 0x00
core   0: 0x000000008000efc0 (0xfc843703) ld      a4, -56(s0)
core   0: 3 0x000000008000efc0 (0xfc843703) x14 0x0000000080011040 mem 0x0000000080030f38
core   0: 0x000000008000efc4 (0xfb843783) ld      a5, -72(s0)
core   0: 3 0x000000008000efc4 (0xfb843783) x15 0x000000000000009c mem 0x0000000080030f28
core   0: 0x000000008000efc8 (0x000097ba) c.add   a5, a4
core   0: 3 0x000000008000efc8 (0x97ba) x15 0x00000000800110dc
core   0: 0x000000008000efca (0xfe043703) ld      a4, -32(s0)
core   0: 3 0x000000008000efca (0xfe043703) x14 0x0000000080011071 mem 0x0000000080030f50
core   0: 0x000000008000efce (0xfcf76de3) bltu    a4, a5, pc - 38
core   0: 3 0x000000008000efce (0xfcf76de3)
core   0: 0x000000008000efa8 (0xfe043783) ld      a5, -32(s0)
core   0: 3 0x000000008000efa8 (0xfe043783) x15 0x0000000080011071 mem 0x0000000080030f50
core   0: 0x000000008000efac (0x00178713) addi    a4, a5, 1
core   0: 3 0x000000008000efac (0x00178713) x14 0x0000000080011072
core   0: 0x000000008000efb0 (0xfee43023) sd      a4, -32(s0)
core   0: 3 0x000000008000efb0 (0xfee43023) mem 0x0000000080030f50 0x0000000080011072
core   0: 0x000000008000efb4 (0xfc442703) lw      a4, -60(s0)
core   0: 3 0x000000008000efb4 (0xfc442703) x14 0x0000000000000000 mem 0x0000000080030f34
core   0: 0x000000008000efb8 (0x0ff77713) andi    a4, a4, 255
core   0: 3 0x000000008000efb8 (0x0ff77713) x14 0x0000000000000000
core   0: 0x000000008000efbc (0x00e78023) sb      a4, 0(a5)
core   0: 3 0x000000008000efbc (0x00e78023) mem 0x0000000080011071 0x00
core   0: 0x000000008000efc0 (0xfc843703) ld      a4, -56(s0)
core   0: 3 0x000000008000efc0 (0xfc843703) x14 0x0000000080011040 mem 0x0000000080030f38
core   0: 0x000000008000efc4 (0xfb843783) ld      a5, -72(s0)
core   0: 3 0x000000008000efc4 (0xfb843783) x15 0x000000000000009c mem 0x0000000080030f28
core   0: 0x000000008000efc8 (0x000097ba) c.add   a5, a4
core   0: 3 0x000000008000efc8 (0x97ba) x15 0x00000000800110dc
core   0: 0x000000008000efca (0xfe043703) ld      a4, -32(s0)
core   0: 3 0x000000008000efca (0xfe043703) x14 0x0000000080011072 mem 0x0000000080030f50
core   0: 0x000000008000efce (0xfcf76de3) bltu    a4, a5, pc - 38
core   0: 3 0x000000008000efce (0xfcf76de3)
core   0: 0x000000008000efa8 (0xfe043783) ld      a5, -32(s0)
core   0: 3 0x000000008000efa8 (0xfe043783) x15 0x0000000080011072 mem 0x0000000080030f50
core   0: 0x000000008000efac (0x00178713) addi    a4, a5, 1
core   0: 3 0x000000008000efac (0x00178713) x14 0x0000000080011073
core   0: 0x000000008000efb0 (0xfee43023) sd      a4, -32(s0)
core   0: 3 0x000000008000efb0 (0xfee43023) mem 0x0000000080030f50 0x0000000080011073
core   0: 0x000000008000efb4 (0xfc442703) lw      a4, -60(s0)
core   0: 3 0x000000008000efb4 (0xfc442703) x14 0x0000000000000000 mem 0x0000000080030f34
core   0: 0x000000008000efb8 (0x0ff77713) andi    a4, a4, 255
core   0: 3 0x000000008000efb8 (0x0ff77713) x14 0x0000000000000000
core   0: 0x000000008000efbc (0x00e78023) sb      a4, 0(a5)
core   0: 3 0x000000008000efbc (0x00e78023) mem 0x0000000080011072 0x00
core   0: 0x000000008000efc0 (0xfc843703) ld      a4, -56(s0)
core   0: 3 0x000000008000efc0 (0xfc843703) x14 0x0000000080011040 mem 0x0000000080030f38
core   0: 0x000000008000efc4 (0xfb843783) ld      a5, -72(s0)
core   0: 3 0x000000008000efc4 (0xfb843783) x15 0x000000000000009c mem 0x0000000080030f28
core   0: 0x000000008000efc8 (0x000097ba) c.add   a5, a4
core   0: 3 0x000000008000efc8 (0x97ba) x15 0x00000000800110dc
core   0: 0x000000008000efca (0xfe043703) ld      a4, -32(s0)
core   0: 3 0x000000008000efca (0xfe043703) x14 0x0000000080011073 mem 0x0000000080030f50
core   0: 0x000000008000efce (0xfcf76de3) bltu    a4, a5, pc - 38
core   0: 3 0x000000008000efce (0xfcf76de3)
core   0: 0x000000008000efa8 (0xfe043783) ld      a5, -32(s0)
core   0: 3 0x000000008000efa8 (0xfe043783) x15 0x0000000080011073 mem 0x0000000080030f50
core   0: 0x000000008000efac (0x00178713) addi    a4, a5, 1
core   0: 3 0x000000008000efac (0x00178713) x14 0x0000000080011074
core   0: 0x000000008000efb0 (0xfee43023) sd      a4, -32(s0)
core   0: 3 0x000000008000efb0 (0xfee43023) mem 0x0000000080030f50 0x0000000080011074
core   0: 0x000000008000efb4 (0xfc442703) lw      a4, -60(s0)
core   0: 3 0x000000008000efb4 (0xfc442703) x14 0x0000000000000000 mem 0x0000000080030f34
core   0: 0x000000008000efb8 (0x0ff77713) andi    a4, a4, 255
core   0: 3 0x000000008000efb8 (0x0ff77713) x14 0x0000000000000000
core   0: 0x000000008000efbc (0x00e78023) sb      a4, 0(a5)
core   0: 3 0x000000008000efbc (0x00e78023) mem 0x0000000080011073 0x00
core   0: 0x000000008000efc0 (0xfc843703) ld      a4, -56(s0)
core   0: 3 0x000000008000efc0 (0xfc843703) x14 0x0000000080011040 mem 0x0000000080030f38
core   0: 0x000000008000efc4 (0xfb843783) ld      a5, -72(s0)
core   0: 3 0x000000008000efc4 (0xfb843783) x15 0x000000000000009c mem 0x0000000080030f28
core   0: 0x000000008000efc8 (0x000097ba) c.add   a5, a4
core   0: 3 0x000000008000efc8 (0x97ba) x15 0x00000000800110dc
core   0: 0x000000008000efca (0xfe043703) ld      a4, -32(s0)
core   0: 3 0x000000008000efca (0xfe043703) x14 0x0000000080011074 mem 0x0000000080030f50
core   0: 0x000000008000efce (0xfcf76de3) bltu    a4, a5, pc - 38
core   0: 3 0x000000008000efce (0xfcf76de3)
core   0: 0x000000008000efa8 (0xfe043783) ld      a5, -32(s0)
core   0: 3 0x000000008000efa8 (0xfe043783) x15 0x0000000080011074 mem 0x0000000080030f50
core   0: 0x000000008000efac (0x00178713) addi    a4, a5, 1
core   0: 3 0x000000008000efac (0x00178713) x14 0x0000000080011075
core   0: 0x000000008000efb0 (0xfee43023) sd      a4, -32(s0)
core   0: 3 0x000000008000efb0 (0xfee43023) mem 0x0000000080030f50 0x0000000080011075
core   0: 0x000000008000efb4 (0xfc442703) lw      a4, -60(s0)
core   0: 3 0x000000008000efb4 (0xfc442703) x14 0x0000000000000000 mem 0x0000000080030f34
core   0: 0x000000008000efb8 (0x0ff77713) andi    a4, a4, 255
core   0: 3 0x000000008000efb8 (0x0ff77713) x14 0x0000000000000000
core   0: 0x000000008000efbc (0x00e78023) sb      a4, 0(a5)
core   0: 3 0x000000008000efbc (0x00e78023) mem 0x0000000080011074 0x00
core   0: 0x000000008000efc0 (0xfc843703) ld      a4, -56(s0)
core   0: 3 0x000000008000efc0 (0xfc843703) x14 0x0000000080011040 mem 0x0000000080030f38
core   0: 0x000000008000efc4 (0xfb843783) ld      a5, -72(s0)
core   0: 3 0x000000008000efc4 (0xfb843783) x15 0x000000000000009c mem 0x0000000080030f28
core   0: 0x000000008000efc8 (0x000097ba) c.add   a5, a4
core   0: 3 0x000000008000efc8 (0x97ba) x15 0x00000000800110dc
core   0: 0x000000008000efca (0xfe043703) ld      a4, -32(s0)
core   0: 3 0x000000008000efca (0xfe043703) x14 0x0000000080011075 mem 0x0000000080030f50
core   0: 0x000000008000efce (0xfcf76de3) bltu    a4, a5, pc - 38
core   0: 3 0x000000008000efce (0xfcf76de3)
core   0: 0x000000008000efa8 (0xfe043783) ld      a5, -32(s0)
core   0: 3 0x000000008000efa8 (0xfe043783) x15 0x0000000080011075 mem 0x0000000080030f50
core   0: 0x000000008000efac (0x00178713) addi    a4, a5, 1
core   0: 3 0x000000008000efac (0x00178713) x14 0x0000000080011076
core   0: 0x000000008000efb0 (0xfee43023) sd      a4, -32(s0)
core   0: 3 0x000000008000efb0 (0xfee43023) mem 0x0000000080030f50 0x0000000080011076
core   0: 0x000000008000efb4 (0xfc442703) lw      a4, -60(s0)
core   0: 3 0x000000008000efb4 (0xfc442703) x14 0x0000000000000000 mem 0x0000000080030f34
core   0: 0x000000008000efb8 (0x0ff77713) andi    a4, a4, 255
core   0: 3 0x000000008000efb8 (0x0ff77713) x14 0x0000000000000000
core   0: 0x000000008000efbc (0x00e78023) sb      a4, 0(a5)
core   0: 3 0x000000008000efbc (0x00e78023) mem 0x0000000080011075 0x00
core   0: 0x000000008000efc0 (0xfc843703) ld      a4, -56(s0)
core   0: 3 0x000000008000efc0 (0xfc843703) x14 0x0000000080011040 mem 0x0000000080030f38
core   0: 0x000000008000efc4 (0xfb843783) ld      a5, -72(s0)
core   0: 3 0x000000008000efc4 (0xfb843783) x15 0x000000000000009c mem 0x0000000080030f28
core   0: 0x000000008000efc8 (0x000097ba) c.add   a5, a4
core   0: 3 0x000000008000efc8 (0x97ba) x15 0x00000000800110dc
core   0: 0x000000008000efca (0xfe043703) ld      a4, -32(s0)
core   0: 3 0x000000008000efca (0xfe043703) x14 0x0000000080011076 mem 0x0000000080030f50
core   0: 0x000000008000efce (0xfcf76de3) bltu    a4, a5, pc - 38
core   0: 3 0x000000008000efce (0xfcf76de3)
core   0: 0x000000008000efa8 (0xfe043783) ld      a5, -32(s0)
core   0: 3 0x000000008000efa8 (0xfe043783) x15 0x0000000080011076 mem 0x0000000080030f50
core   0: 0x000000008000efac (0x00178713) addi    a4, a5, 1
core   0: 3 0x000000008000efac (0x00178713) x14 0x0000000080011077
core   0: 0x000000008000efb0 (0xfee43023) sd      a4, -32(s0)
core   0: 3 0x000000008000efb0 (0xfee43023) mem 0x0000000080030f50 0x0000000080011077
core   0: 0x000000008000efb4 (0xfc442703) lw      a4, -60(s0)
core   0: 3 0x000000008000efb4 (0xfc442703) x14 0x0000000000000000 mem 0x0000000080030f34
core   0: 0x000000008000efb8 (0x0ff77713) andi    a4, a4, 255
core   0: 3 0x000000008000efb8 (0x0ff77713) x14 0x0000000000000000
core   0: 0x000000008000efbc (0x00e78023) sb      a4, 0(a5)
core   0: 3 0x000000008000efbc (0x00e78023) mem 0x0000000080011076 0x00
core   0: 0x000000008000efc0 (0xfc843703) ld      a4, -56(s0)
core   0: 3 0x000000008000efc0 (0xfc843703) x14 0x0000000080011040 mem 0x0000000080030f38
core   0: 0x000000008000efc4 (0xfb843783) ld      a5, -72(s0)
core   0: 3 0x000000008000efc4 (0xfb843783) x15 0x000000000000009c mem 0x0000000080030f28
core   0: 0x000000008000efc8 (0x000097ba) c.add   a5, a4
core   0: 3 0x000000008000efc8 (0x97ba) x15 0x00000000800110dc
core   0: 0x000000008000efca (0xfe043703) ld      a4, -32(s0)
core   0: 3 0x000000008000efca (0xfe043703) x14 0x0000000080011077 mem 0x0000000080030f50
core   0: 0x000000008000efce (0xfcf76de3) bltu    a4, a5, pc - 38
core   0: 3 0x000000008000efce (0xfcf76de3)
core   0: 0x000000008000efa8 (0xfe043783) ld      a5, -32(s0)
core   0: 3 0x000000008000efa8 (0xfe043783) x15 0x0000000080011077 mem 0x0000000080030f50
core   0: 0x000000008000efac (0x00178713) addi    a4, a5, 1
core   0: 3 0x000000008000efac (0x00178713) x14 0x0000000080011078
core   0: 0x000000008000efb0 (0xfee43023) sd      a4, -32(s0)
core   0: 3 0x000000008000efb0 (0xfee43023) mem 0x0000000080030f50 0x0000000080011078
core   0: 0x000000008000efb4 (0xfc442703) lw      a4, -60(s0)
core   0: 3 0x000000008000efb4 (0xfc442703) x14 0x0000000000000000 mem 0x0000000080030f34
core   0: 0x000000008000efb8 (0x0ff77713) andi    a4, a4, 255
core   0: 3 0x000000008000efb8 (0x0ff77713) x14 0x0000000000000000
core   0: 0x000000008000efbc (0x00e78023) sb      a4, 0(a5)
core   0: 3 0x000000008000efbc (0x00e78023) mem 0x0000000080011077 0x00
core   0: 0x000000008000efc0 (0xfc843703) ld      a4, -56(s0)
core   0: 3 0x000000008000efc0 (0xfc843703) x14 0x0000000080011040 mem 0x0000000080030f38
core   0: 0x000000008000efc4 (0xfb843783) ld      a5, -72(s0)
core   0: 3 0x000000008000efc4 (0xfb843783) x15 0x000000000000009c mem 0x0000000080030f28
core   0: 0x000000008000efc8 (0x000097ba) c.add   a5, a4
core   0: 3 0x000000008000efc8 (0x97ba) x15 0x00000000800110dc
core   0: 0x000000008000efca (0xfe043703) ld      a4, -32(s0)
core   0: 3 0x000000008000efca (0xfe043703) x14 0x0000000080011078 mem 0x0000000080030f50
core   0: 0x000000008000efce (0xfcf76de3) bltu    a4, a5, pc - 38
core   0: 3 0x000000008000efce (0xfcf76de3)
core   0: 0x000000008000efa8 (0xfe043783) ld      a5, -32(s0)
core   0: 3 0x000000008000efa8 (0xfe043783) x15 0x0000000080011078 mem 0x0000000080030f50
core   0: 0x000000008000efac (0x00178713) addi    a4, a5, 1
core   0: 3 0x000000008000efac (0x00178713) x14 0x0000000080011079
core   0: 0x000000008000efb0 (0xfee43023) sd      a4, -32(s0)
core   0: 3 0x000000008000efb0 (0xfee43023) mem 0x0000000080030f50 0x0000000080011079
core   0: 0x000000008000efb4 (0xfc442703) lw      a4, -60(s0)
core   0: 3 0x000000008000efb4 (0xfc442703) x14 0x0000000000000000 mem 0x0000000080030f34
core   0: 0x000000008000efb8 (0x0ff77713) andi    a4, a4, 255
core   0: 3 0x000000008000efb8 (0x0ff77713) x14 0x0000000000000000
core   0: 0x000000008000efbc (0x00e78023) sb      a4, 0(a5)
core   0: 3 0x000000008000efbc (0x00e78023) mem 0x0000000080011078 0x00
core   0: 0x000000008000efc0 (0xfc843703) ld      a4, -56(s0)
core   0: 3 0x000000008000efc0 (0xfc843703) x14 0x0000000080011040 mem 0x0000000080030f38
core   0: 0x000000008000efc4 (0xfb843783) ld      a5, -72(s0)
core   0: 3 0x000000008000efc4 (0xfb843783) x15 0x000000000000009c mem 0x0000000080030f28
core   0: 0x000000008000efc8 (0x000097ba) c.add   a5, a4
core   0: 3 0x000000008000efc8 (0x97ba) x15 0x00000000800110dc
core   0: 0x000000008000efca (0xfe043703) ld      a4, -32(s0)
core   0: 3 0x000000008000efca (0xfe043703) x14 0x0000000080011079 mem 0x0000000080030f50
core   0: 0x000000008000efce (0xfcf76de3) bltu    a4, a5, pc - 38
core   0: 3 0x000000008000efce (0xfcf76de3)
core   0: 0x000000008000efa8 (0xfe043783) ld      a5, -32(s0)
core   0: 3 0x000000008000efa8 (0xfe043783) x15 0x0000000080011079 mem 0x0000000080030f50
core   0: 0x000000008000efac (0x00178713) addi    a4, a5, 1
core   0: 3 0x000000008000efac (0x00178713) x14 0x000000008001107a
core   0: 0x000000008000efb0 (0xfee43023) sd      a4, -32(s0)
core   0: 3 0x000000008000efb0 (0xfee43023) mem 0x0000000080030f50 0x000000008001107a
core   0: 0x000000008000efb4 (0xfc442703) lw      a4, -60(s0)
core   0: 3 0x000000008000efb4 (0xfc442703) x14 0x0000000000000000 mem 0x0000000080030f34
core   0: 0x000000008000efb8 (0x0ff77713) andi    a4, a4, 255
core   0: 3 0x000000008000efb8 (0x0ff77713) x14 0x0000000000000000
core   0: 0x000000008000efbc (0x00e78023) sb      a4, 0(a5)
core   0: 3 0x000000008000efbc (0x00e78023) mem 0x0000000080011079 0x00
core   0: 0x000000008000efc0 (0xfc843703) ld      a4, -56(s0)
core   0: 3 0x000000008000efc0 (0xfc843703) x14 0x0000000080011040 mem 0x0000000080030f38
core   0: 0x000000008000efc4 (0xfb843783) ld      a5, -72(s0)
core   0: 3 0x000000008000efc4 (0xfb843783) x15 0x000000000000009c mem 0x0000000080030f28
core   0: 0x000000008000efc8 (0x000097ba) c.add   a5, a4
core   0: 3 0x000000008000efc8 (0x97ba) x15 0x00000000800110dc
core   0: 0x000000008000efca (0xfe043703) ld      a4, -32(s0)
core   0: 3 0x000000008000efca (0xfe043703) x14 0x000000008001107a mem 0x0000000080030f50
core   0: 0x000000008000efce (0xfcf76de3) bltu    a4, a5, pc - 38
core   0: 3 0x000000008000efce (0xfcf76de3)
core   0: 0x000000008000efa8 (0xfe043783) ld      a5, -32(s0)
core   0: 3 0x000000008000efa8 (0xfe043783) x15 0x000000008001107a mem 0x0000000080030f50
core   0: 0x000000008000efac (0x00178713) addi    a4, a5, 1
core   0: 3 0x000000008000efac (0x00178713) x14 0x000000008001107b
core   0: 0x000000008000efb0 (0xfee43023) sd      a4, -32(s0)
core   0: 3 0x000000008000efb0 (0xfee43023) mem 0x0000000080030f50 0x000000008001107b
core   0: 0x000000008000efb4 (0xfc442703) lw      a4, -60(s0)
core   0: 3 0x000000008000efb4 (0xfc442703) x14 0x0000000000000000 mem 0x0000000080030f34
core   0: 0x000000008000efb8 (0x0ff77713) andi    a4, a4, 255
core   0: 3 0x000000008000efb8 (0x0ff77713) x14 0x0000000000000000
core   0: 0x000000008000efbc (0x00e78023) sb      a4, 0(a5)
core   0: 3 0x000000008000efbc (0x00e78023) mem 0x000000008001107a 0x00
core   0: 0x000000008000efc0 (0xfc843703) ld      a4, -56(s0)
core   0: 3 0x000000008000efc0 (0xfc843703) x14 0x0000000080011040 mem 0x0000000080030f38
core   0: 0x000000008000efc4 (0xfb843783) ld      a5, -72(s0)
core   0: 3 0x000000008000efc4 (0xfb843783) x15 0x000000000000009c mem 0x0000000080030f28
core   0: 0x000000008000efc8 (0x000097ba) c.add   a5, a4
core   0: 3 0x000000008000efc8 (0x97ba) x15 0x00000000800110dc
core   0: 0x000000008000efca (0xfe043703) ld      a4, -32(s0)
core   0: 3 0x000000008000efca (0xfe043703) x14 0x000000008001107b mem 0x0000000080030f50
core   0: 0x000000008000efce (0xfcf76de3) bltu    a4, a5, pc - 38
core   0: 3 0x000000008000efce (0xfcf76de3)
core   0: 0x000000008000efa8 (0xfe043783) ld      a5, -32(s0)
core   0: 3 0x000000008000efa8 (0xfe043783) x15 0x000000008001107b mem 0x0000000080030f50
core   0: 0x000000008000efac (0x00178713) addi    a4, a5, 1
core   0: 3 0x000000008000efac (0x00178713) x14 0x000000008001107c
core   0: 0x000000008000efb0 (0xfee43023) sd      a4, -32(s0)
core   0: 3 0x000000008000efb0 (0xfee43023) mem 0x0000000080030f50 0x000000008001107c
core   0: 0x000000008000efb4 (0xfc442703) lw      a4, -60(s0)
core   0: 3 0x000000008000efb4 (0xfc442703) x14 0x0000000000000000 mem 0x0000000080030f34
core   0: 0x000000008000efb8 (0x0ff77713) andi    a4, a4, 255
core   0: 3 0x000000008000efb8 (0x0ff77713) x14 0x0000000000000000
core   0: 0x000000008000efbc (0x00e78023) sb      a4, 0(a5)
core   0: 3 0x000000008000efbc (0x00e78023) mem 0x000000008001107b 0x00
core   0: 0x000000008000efc0 (0xfc843703) ld      a4, -56(s0)
core   0: 3 0x000000008000efc0 (0xfc843703) x14 0x0000000080011040 mem 0x0000000080030f38
core   0: 0x000000008000efc4 (0xfb843783) ld      a5, -72(s0)
core   0: 3 0x000000008000efc4 (0xfb843783) x15 0x000000000000009c mem 0x0000000080030f28
core   0: 0x000000008000efc8 (0x000097ba) c.add   a5, a4
core   0: 3 0x000000008000efc8 (0x97ba) x15 0x00000000800110dc
core   0: 0x000000008000efca (0xfe043703) ld      a4, -32(s0)
core   0: 3 0x000000008000efca (0xfe043703) x14 0x000000008001107c mem 0x0000000080030f50
core   0: 0x000000008000efce (0xfcf76de3) bltu    a4, a5, pc - 38
core   0: 3 0x000000008000efce (0xfcf76de3)
core   0: 0x000000008000efa8 (0xfe043783) ld      a5, -32(s0)
core   0: 3 0x000000008000efa8 (0xfe043783) x15 0x000000008001107c mem 0x0000000080030f50
core   0: 0x000000008000efac (0x00178713) addi    a4, a5, 1
core   0: 3 0x000000008000efac (0x00178713) x14 0x000000008001107d
core   0: 0x000000008000efb0 (0xfee43023) sd      a4, -32(s0)
core   0: 3 0x000000008000efb0 (0xfee43023) mem 0x0000000080030f50 0x000000008001107d
core   0: 0x000000008000efb4 (0xfc442703) lw      a4, -60(s0)
core   0: 3 0x000000008000efb4 (0xfc442703) x14 0x0000000000000000 mem 0x0000000080030f34
core   0: 0x000000008000efb8 (0x0ff77713) andi    a4, a4, 255
core   0: 3 0x000000008000efb8 (0x0ff77713) x14 0x0000000000000000
core   0: 0x000000008000efbc (0x00e78023) sb      a4, 0(a5)
core   0: 3 0x000000008000efbc (0x00e78023) mem 0x000000008001107c 0x00
core   0: 0x000000008000efc0 (0xfc843703) ld      a4, -56(s0)
core   0: 3 0x000000008000efc0 (0xfc843703) x14 0x0000000080011040 mem 0x0000000080030f38
core   0: 0x000000008000efc4 (0xfb843783) ld      a5, -72(s0)
core   0: 3 0x000000008000efc4 (0xfb843783) x15 0x000000000000009c mem 0x0000000080030f28
core   0: 0x000000008000efc8 (0x000097ba) c.add   a5, a4
core   0: 3 0x000000008000efc8 (0x97ba) x15 0x00000000800110dc
core   0: 0x000000008000efca (0xfe043703) ld      a4, -32(s0)
core   0: 3 0x000000008000efca (0xfe043703) x14 0x000000008001107d mem 0x0000000080030f50
core   0: 0x000000008000efce (0xfcf76de3) bltu    a4, a5, pc - 38
core   0: 3 0x000000008000efce (0xfcf76de3)
core   0: 0x000000008000efa8 (0xfe043783) ld      a5, -32(s0)
core   0: 3 0x000000008000efa8 (0xfe043783) x15 0x000000008001107d mem 0x0000000080030f50
core   0: 0x000000008000efac (0x00178713) addi    a4, a5, 1
core   0: 3 0x000000008000efac (0x00178713) x14 0x000000008001107e
core   0: 0x000000008000efb0 (0xfee43023) sd      a4, -32(s0)
core   0: 3 0x000000008000efb0 (0xfee43023) mem 0x0000000080030f50 0x000000008001107e
core   0: 0x000000008000efb4 (0xfc442703) lw      a4, -60(s0)
core   0: 3 0x000000008000efb4 (0xfc442703) x14 0x0000000000000000 mem 0x0000000080030f34
core   0: 0x000000008000efb8 (0x0ff77713) andi    a4, a4, 255
core   0: 3 0x000000008000efb8 (0x0ff77713) x14 0x0000000000000000
core   0: 0x000000008000efbc (0x00e78023) sb      a4, 0(a5)
core   0: 3 0x000000008000efbc (0x00e78023) mem 0x000000008001107d 0x00
core   0: 0x000000008000efc0 (0xfc843703) ld      a4, -56(s0)
core   0: 3 0x000000008000efc0 (0xfc843703) x14 0x0000000080011040 mem 0x0000000080030f38
core   0: 0x000000008000efc4 (0xfb843783) ld      a5, -72(s0)
core   0: 3 0x000000008000efc4 (0xfb843783) x15 0x000000000000009c mem 0x0000000080030f28
core   0: 0x000000008000efc8 (0x000097ba) c.add   a5, a4
core   0: 3 0x000000008000efc8 (0x97ba) x15 0x00000000800110dc
core   0: 0x000000008000efca (0xfe043703) ld      a4, -32(s0)
core   0: 3 0x000000008000efca (0xfe043703) x14 0x000000008001107e mem 0x0000000080030f50
core   0: 0x000000008000efce (0xfcf76de3) bltu    a4, a5, pc - 38
core   0: 3 0x000000008000efce (0xfcf76de3)
core   0: 0x000000008000efa8 (0xfe043783) ld      a5, -32(s0)
core   0: 3 0x000000008000efa8 (0xfe043783) x15 0x000000008001107e mem 0x0000000080030f50
core   0: 0x000000008000efac (0x00178713) addi    a4, a5, 1
core   0: 3 0x000000008000efac (0x00178713) x14 0x000000008001107f
core   0: 0x000000008000efb0 (0xfee43023) sd      a4, -32(s0)
core   0: 3 0x000000008000efb0 (0xfee43023) mem 0x0000000080030f50 0x000000008001107f
core   0: 0x000000008000efb4 (0xfc442703) lw      a4, -60(s0)
core   0: 3 0x000000008000efb4 (0xfc442703) x14 0x0000000000000000 mem 0x0000000080030f34
core   0: 0x000000008000efb8 (0x0ff77713) andi    a4, a4, 255
core   0: 3 0x000000008000efb8 (0x0ff77713) x14 0x0000000000000000
core   0: 0x000000008000efbc (0x00e78023) sb      a4, 0(a5)
core   0: 3 0x000000008000efbc (0x00e78023) mem 0x000000008001107e 0x00
core   0: 0x000000008000efc0 (0xfc843703) ld      a4, -56(s0)
core   0: 3 0x000000008000efc0 (0xfc843703) x14 0x0000000080011040 mem 0x0000000080030f38
core   0: 0x000000008000efc4 (0xfb843783) ld      a5, -72(s0)
core   0: 3 0x000000008000efc4 (0xfb843783) x15 0x000000000000009c mem 0x0000000080030f28
core   0: 0x000000008000efc8 (0x000097ba) c.add   a5, a4
core   0: 3 0x000000008000efc8 (0x97ba) x15 0x00000000800110dc
core   0: 0x000000008000efca (0xfe043703) ld      a4, -32(s0)
core   0: 3 0x000000008000efca (0xfe043703) x14 0x000000008001107f mem 0x0000000080030f50
core   0: 0x000000008000efce (0xfcf76de3) bltu    a4, a5, pc - 38
core   0: 3 0x000000008000efce (0xfcf76de3)
core   0: 0x000000008000efa8 (0xfe043783) ld      a5, -32(s0)
core   0: 3 0x000000008000efa8 (0xfe043783) x15 0x000000008001107f mem 0x0000000080030f50
core   0: 0x000000008000efac (0x00178713) addi    a4, a5, 1
core   0: 3 0x000000008000efac (0x00178713) x14 0x0000000080011080
core   0: 0x000000008000efb0 (0xfee43023) sd      a4, -32(s0)
core   0: 3 0x000000008000efb0 (0xfee43023) mem 0x0000000080030f50 0x0000000080011080
core   0: 0x000000008000efb4 (0xfc442703) lw      a4, -60(s0)
core   0: 3 0x000000008000efb4 (0xfc442703) x14 0x0000000000000000 mem 0x0000000080030f34
core   0: 0x000000008000efb8 (0x0ff77713) andi    a4, a4, 255
core   0: 3 0x000000008000efb8 (0x0ff77713) x14 0x0000000000000000
core   0: 0x000000008000efbc (0x00e78023) sb      a4, 0(a5)
core   0: 3 0x000000008000efbc (0x00e78023) mem 0x000000008001107f 0x00
core   0: 0x000000008000efc0 (0xfc843703) ld      a4, -56(s0)
core   0: 3 0x000000008000efc0 (0xfc843703) x14 0x0000000080011040 mem 0x0000000080030f38
core   0: 0x000000008000efc4 (0xfb843783) ld      a5, -72(s0)
core   0: 3 0x000000008000efc4 (0xfb843783) x15 0x000000000000009c mem 0x0000000080030f28
core   0: 0x000000008000efc8 (0x000097ba) c.add   a5, a4
core   0: 3 0x000000008000efc8 (0x97ba) x15 0x00000000800110dc
core   0: 0x000000008000efca (0xfe043703) ld      a4, -32(s0)
core   0: 3 0x000000008000efca (0xfe043703) x14 0x0000000080011080 mem 0x0000000080030f50
core   0: 0x000000008000efce (0xfcf76de3) bltu    a4, a5, pc - 38
core   0: 3 0x000000008000efce (0xfcf76de3)
core   0: 0x000000008000efa8 (0xfe043783) ld      a5, -32(s0)
core   0: 3 0x000000008000efa8 (0xfe043783) x15 0x0000000080011080 mem 0x0000000080030f50
core   0: 0x000000008000efac (0x00178713) addi    a4, a5, 1
core   0: 3 0x000000008000efac (0x00178713) x14 0x0000000080011081
core   0: 0x000000008000efb0 (0xfee43023) sd      a4, -32(s0)
core   0: 3 0x000000008000efb0 (0xfee43023) mem 0x0000000080030f50 0x0000000080011081
core   0: 0x000000008000efb4 (0xfc442703) lw      a4, -60(s0)
core   0: 3 0x000000008000efb4 (0xfc442703) x14 0x0000000000000000 mem 0x0000000080030f34
core   0: 0x000000008000efb8 (0x0ff77713) andi    a4, a4, 255
core   0: 3 0x000000008000efb8 (0x0ff77713) x14 0x0000000000000000
core   0: 0x000000008000efbc (0x00e78023) sb      a4, 0(a5)
core   0: 3 0x000000008000efbc (0x00e78023) mem 0x0000000080011080 0x00
core   0: 0x000000008000efc0 (0xfc843703) ld      a4, -56(s0)
core   0: 3 0x000000008000efc0 (0xfc843703) x14 0x0000000080011040 mem 0x0000000080030f38
core   0: 0x000000008000efc4 (0xfb843783) ld      a5, -72(s0)
core   0: 3 0x000000008000efc4 (0xfb843783) x15 0x000000000000009c mem 0x0000000080030f28
core   0: 0x000000008000efc8 (0x000097ba) c.add   a5, a4
core   0: 3 0x000000008000efc8 (0x97ba) x15 0x00000000800110dc
core   0: 0x000000008000efca (0xfe043703) ld      a4, -32(s0)
core   0: 3 0x000000008000efca (0xfe043703) x14 0x0000000080011081 mem 0x0000000080030f50
core   0: 0x000000008000efce (0xfcf76de3) bltu    a4, a5, pc - 38
core   0: 3 0x000000008000efce (0xfcf76de3)
core   0: 0x000000008000efa8 (0xfe043783) ld      a5, -32(s0)
core   0: 3 0x000000008000efa8 (0xfe043783) x15 0x0000000080011081 mem 0x0000000080030f50
core   0: 0x000000008000efac (0x00178713) addi    a4, a5, 1
core   0: 3 0x000000008000efac (0x00178713) x14 0x0000000080011082
core   0: 0x000000008000efb0 (0xfee43023) sd      a4, -32(s0)
core   0: 3 0x000000008000efb0 (0xfee43023) mem 0x0000000080030f50 0x0000000080011082
core   0: 0x000000008000efb4 (0xfc442703) lw      a4, -60(s0)
core   0: 3 0x000000008000efb4 (0xfc442703) x14 0x0000000000000000 mem 0x0000000080030f34
core   0: 0x000000008000efb8 (0x0ff77713) andi    a4, a4, 255
core   0: 3 0x000000008000efb8 (0x0ff77713) x14 0x0000000000000000
core   0: 0x000000008000efbc (0x00e78023) sb      a4, 0(a5)
core   0: 3 0x000000008000efbc (0x00e78023) mem 0x0000000080011081 0x00
core   0: 0x000000008000efc0 (0xfc843703) ld      a4, -56(s0)
core   0: 3 0x000000008000efc0 (0xfc843703) x14 0x0000000080011040 mem 0x0000000080030f38
core   0: 0x000000008000efc4 (0xfb843783) ld      a5, -72(s0)
core   0: 3 0x000000008000efc4 (0xfb843783) x15 0x000000000000009c mem 0x0000000080030f28
core   0: 0x000000008000efc8 (0x000097ba) c.add   a5, a4
core   0: 3 0x000000008000efc8 (0x97ba) x15 0x00000000800110dc
core   0: 0x000000008000efca (0xfe043703) ld      a4, -32(s0)
core   0: 3 0x000000008000efca (0xfe043703) x14 0x0000000080011082 mem 0x0000000080030f50
core   0: 0x000000008000efce (0xfcf76de3) bltu    a4, a5, pc - 38
core   0: 3 0x000000008000efce (0xfcf76de3)
core   0: 0x000000008000efa8 (0xfe043783) ld      a5, -32(s0)
core   0: 3 0x000000008000efa8 (0xfe043783) x15 0x0000000080011082 mem 0x0000000080030f50
core   0: 0x000000008000efac (0x00178713) addi    a4, a5, 1
core   0: 3 0x000000008000efac (0x00178713) x14 0x0000000080011083
core   0: 0x000000008000efb0 (0xfee43023) sd      a4, -32(s0)
core   0: 3 0x000000008000efb0 (0xfee43023) mem 0x0000000080030f50 0x0000000080011083
core   0: 0x000000008000efb4 (0xfc442703) lw      a4, -60(s0)
core   0: 3 0x000000008000efb4 (0xfc442703) x14 0x0000000000000000 mem 0x0000000080030f34
core   0: 0x000000008000efb8 (0x0ff77713) andi    a4, a4, 255
core   0: 3 0x000000008000efb8 (0x0ff77713) x14 0x0000000000000000
core   0: 0x000000008000efbc (0x00e78023) sb      a4, 0(a5)
core   0: 3 0x000000008000efbc (0x00e78023) mem 0x0000000080011082 0x00
core   0: 0x000000008000efc0 (0xfc843703) ld      a4, -56(s0)
core   0: 3 0x000000008000efc0 (0xfc843703) x14 0x0000000080011040 mem 0x0000000080030f38
core   0: 0x000000008000efc4 (0xfb843783) ld      a5, -72(s0)
core   0: 3 0x000000008000efc4 (0xfb843783) x15 0x000000000000009c mem 0x0000000080030f28
core   0: 0x000000008000efc8 (0x000097ba) c.add   a5, a4
core   0: 3 0x000000008000efc8 (0x97ba) x15 0x00000000800110dc
core   0: 0x000000008000efca (0xfe043703) ld      a4, -32(s0)
core   0: 3 0x000000008000efca (0xfe043703) x14 0x0000000080011083 mem 0x0000000080030f50
core   0: 0x000000008000efce (0xfcf76de3) bltu    a4, a5, pc - 38
core   0: 3 0x000000008000efce (0xfcf76de3)
core   0: 0x000000008000efa8 (0xfe043783) ld      a5, -32(s0)
core   0: 3 0x000000008000efa8 (0xfe043783) x15 0x0000000080011083 mem 0x0000000080030f50
core   0: 0x000000008000efac (0x00178713) addi    a4, a5, 1
core   0: 3 0x000000008000efac (0x00178713) x14 0x0000000080011084
core   0: 0x000000008000efb0 (0xfee43023) sd      a4, -32(s0)
core   0: 3 0x000000008000efb0 (0xfee43023) mem 0x0000000080030f50 0x0000000080011084
core   0: 0x000000008000efb4 (0xfc442703) lw      a4, -60(s0)
core   0: 3 0x000000008000efb4 (0xfc442703) x14 0x0000000000000000 mem 0x0000000080030f34
core   0: 0x000000008000efb8 (0x0ff77713) andi    a4, a4, 255
core   0: 3 0x000000008000efb8 (0x0ff77713) x14 0x0000000000000000
core   0: 0x000000008000efbc (0x00e78023) sb      a4, 0(a5)
core   0: 3 0x000000008000efbc (0x00e78023) mem 0x0000000080011083 0x00
core   0: 0x000000008000efc0 (0xfc843703) ld      a4, -56(s0)
core   0: 3 0x000000008000efc0 (0xfc843703) x14 0x0000000080011040 mem 0x0000000080030f38
core   0: 0x000000008000efc4 (0xfb843783) ld      a5, -72(s0)
core   0: 3 0x000000008000efc4 (0xfb843783) x15 0x000000000000009c mem 0x0000000080030f28
core   0: 0x000000008000efc8 (0x000097ba) c.add   a5, a4
core   0: 3 0x000000008000efc8 (0x97ba) x15 0x00000000800110dc
core   0: 0x000000008000efca (0xfe043703) ld      a4, -32(s0)
core   0: 3 0x000000008000efca (0xfe043703) x14 0x0000000080011084 mem 0x0000000080030f50
core   0: 0x000000008000efce (0xfcf76de3) bltu    a4, a5, pc - 38
core   0: 3 0x000000008000efce (0xfcf76de3)
core   0: 0x000000008000efa8 (0xfe043783) ld      a5, -32(s0)
core   0: 3 0x000000008000efa8 (0xfe043783) x15 0x0000000080011084 mem 0x0000000080030f50
core   0: 0x000000008000efac (0x00178713) addi    a4, a5, 1
core   0: 3 0x000000008000efac (0x00178713) x14 0x0000000080011085
core   0: 0x000000008000efb0 (0xfee43023) sd      a4, -32(s0)
core   0: 3 0x000000008000efb0 (0xfee43023) mem 0x0000000080030f50 0x0000000080011085
core   0: 0x000000008000efb4 (0xfc442703) lw      a4, -60(s0)
core   0: 3 0x000000008000efb4 (0xfc442703) x14 0x0000000000000000 mem 0x0000000080030f34
core   0: 0x000000008000efb8 (0x0ff77713) andi    a4, a4, 255
core   0: 3 0x000000008000efb8 (0x0ff77713) x14 0x0000000000000000
core   0: 0x000000008000efbc (0x00e78023) sb      a4, 0(a5)
core   0: 3 0x000000008000efbc (0x00e78023) mem 0x0000000080011084 0x00
core   0: 0x000000008000efc0 (0xfc843703) ld      a4, -56(s0)
core   0: 3 0x000000008000efc0 (0xfc843703) x14 0x0000000080011040 mem 0x0000000080030f38
core   0: 0x000000008000efc4 (0xfb843783) ld      a5, -72(s0)
core   0: 3 0x000000008000efc4 (0xfb843783) x15 0x000000000000009c mem 0x0000000080030f28
core   0: 0x000000008000efc8 (0x000097ba) c.add   a5, a4
core   0: 3 0x000000008000efc8 (0x97ba) x15 0x00000000800110dc
core   0: 0x000000008000efca (0xfe043703) ld      a4, -32(s0)
core   0: 3 0x000000008000efca (0xfe043703) x14 0x0000000080011085 mem 0x0000000080030f50
core   0: 0x000000008000efce (0xfcf76de3) bltu    a4, a5, pc - 38
core   0: 3 0x000000008000efce (0xfcf76de3)
core   0: 0x000000008000efa8 (0xfe043783) ld      a5, -32(s0)
core   0: 3 0x000000008000efa8 (0xfe043783) x15 0x0000000080011085 mem 0x0000000080030f50
core   0: 0x000000008000efac (0x00178713) addi    a4, a5, 1
core   0: 3 0x000000008000efac (0x00178713) x14 0x0000000080011086
core   0: 0x000000008000efb0 (0xfee43023) sd      a4, -32(s0)
core   0: 3 0x000000008000efb0 (0xfee43023) mem 0x0000000080030f50 0x0000000080011086
core   0: 0x000000008000efb4 (0xfc442703) lw      a4, -60(s0)
core   0: 3 0x000000008000efb4 (0xfc442703) x14 0x0000000000000000 mem 0x0000000080030f34
core   0: 0x000000008000efb8 (0x0ff77713) andi    a4, a4, 255
core   0: 3 0x000000008000efb8 (0x0ff77713) x14 0x0000000000000000
core   0: 0x000000008000efbc (0x00e78023) sb      a4, 0(a5)
core   0: 3 0x000000008000efbc (0x00e78023) mem 0x0000000080011085 0x00
core   0: 0x000000008000efc0 (0xfc843703) ld      a4, -56(s0)
core   0: 3 0x000000008000efc0 (0xfc843703) x14 0x0000000080011040 mem 0x0000000080030f38
core   0: 0x000000008000efc4 (0xfb843783) ld      a5, -72(s0)
core   0: 3 0x000000008000efc4 (0xfb843783) x15 0x000000000000009c mem 0x0000000080030f28
core   0: 0x000000008000efc8 (0x000097ba) c.add   a5, a4
core   0: 3 0x000000008000efc8 (0x97ba) x15 0x00000000800110dc
core   0: 0x000000008000efca (0xfe043703) ld      a4, -32(s0)
core   0: 3 0x000000008000efca (0xfe043703) x14 0x0000000080011086 mem 0x0000000080030f50
core   0: 0x000000008000efce (0xfcf76de3) bltu    a4, a5, pc - 38
core   0: 3 0x000000008000efce (0xfcf76de3)
core   0: 0x000000008000efa8 (0xfe043783) ld      a5, -32(s0)
core   0: 3 0x000000008000efa8 (0xfe043783) x15 0x0000000080011086 mem 0x0000000080030f50
core   0: 0x000000008000efac (0x00178713) addi    a4, a5, 1
core   0: 3 0x000000008000efac (0x00178713) x14 0x0000000080011087
core   0: 0x000000008000efb0 (0xfee43023) sd      a4, -32(s0)
core   0: 3 0x000000008000efb0 (0xfee43023) mem 0x0000000080030f50 0x0000000080011087
core   0: 0x000000008000efb4 (0xfc442703) lw      a4, -60(s0)
core   0: 3 0x000000008000efb4 (0xfc442703) x14 0x0000000000000000 mem 0x0000000080030f34
core   0: 0x000000008000efb8 (0x0ff77713) andi    a4, a4, 255
core   0: 3 0x000000008000efb8 (0x0ff77713) x14 0x0000000000000000
core   0: 0x000000008000efbc (0x00e78023) sb      a4, 0(a5)
core   0: 3 0x000000008000efbc (0x00e78023) mem 0x0000000080011086 0x00
core   0: 0x000000008000efc0 (0xfc843703) ld      a4, -56(s0)
core   0: 3 0x000000008000efc0 (0xfc843703) x14 0x0000000080011040 mem 0x0000000080030f38
core   0: 0x000000008000efc4 (0xfb843783) ld      a5, -72(s0)
core   0: 3 0x000000008000efc4 (0xfb843783) x15 0x000000000000009c mem 0x0000000080030f28
core   0: 0x000000008000efc8 (0x000097ba) c.add   a5, a4
core   0: 3 0x000000008000efc8 (0x97ba) x15 0x00000000800110dc
core   0: 0x000000008000efca (0xfe043703) ld      a4, -32(s0)
core   0: 3 0x000000008000efca (0xfe043703) x14 0x0000000080011087 mem 0x0000000080030f50
core   0: 0x000000008000efce (0xfcf76de3) bltu    a4, a5, pc - 38
core   0: 3 0x000000008000efce (0xfcf76de3)
core   0: 0x000000008000efa8 (0xfe043783) ld      a5, -32(s0)
core   0: 3 0x000000008000efa8 (0xfe043783) x15 0x0000000080011087 mem 0x0000000080030f50
core   0: 0x000000008000efac (0x00178713) addi    a4, a5, 1
core   0: 3 0x000000008000efac (0x00178713) x14 0x0000000080011088
core   0: 0x000000008000efb0 (0xfee43023) sd      a4, -32(s0)
core   0: 3 0x000000008000efb0 (0xfee43023) mem 0x0000000080030f50 0x0000000080011088
core   0: 0x000000008000efb4 (0xfc442703) lw      a4, -60(s0)
core   0: 3 0x000000008000efb4 (0xfc442703) x14 0x0000000000000000 mem 0x0000000080030f34
core   0: 0x000000008000efb8 (0x0ff77713) andi    a4, a4, 255
core   0: 3 0x000000008000efb8 (0x0ff77713) x14 0x0000000000000000
core   0: 0x000000008000efbc (0x00e78023) sb      a4, 0(a5)
core   0: 3 0x000000008000efbc (0x00e78023) mem 0x0000000080011087 0x00
core   0: 0x000000008000efc0 (0xfc843703) ld      a4, -56(s0)
core   0: 3 0x000000008000efc0 (0xfc843703) x14 0x0000000080011040 mem 0x0000000080030f38
core   0: 0x000000008000efc4 (0xfb843783) ld      a5, -72(s0)
core   0: 3 0x000000008000efc4 (0xfb843783) x15 0x000000000000009c mem 0x0000000080030f28
core   0: 0x000000008000efc8 (0x000097ba) c.add   a5, a4
core   0: 3 0x000000008000efc8 (0x97ba) x15 0x00000000800110dc
core   0: 0x000000008000efca (0xfe043703) ld      a4, -32(s0)
core   0: 3 0x000000008000efca (0xfe043703) x14 0x0000000080011088 mem 0x0000000080030f50
core   0: 0x000000008000efce (0xfcf76de3) bltu    a4, a5, pc - 38
core   0: 3 0x000000008000efce (0xfcf76de3)
core   0: 0x000000008000efa8 (0xfe043783) ld      a5, -32(s0)
core   0: 3 0x000000008000efa8 (0xfe043783) x15 0x0000000080011088 mem 0x0000000080030f50
core   0: 0x000000008000efac (0x00178713) addi    a4, a5, 1
core   0: 3 0x000000008000efac (0x00178713) x14 0x0000000080011089
core   0: 0x000000008000efb0 (0xfee43023) sd      a4, -32(s0)
core   0: 3 0x000000008000efb0 (0xfee43023) mem 0x0000000080030f50 0x0000000080011089
core   0: 0x000000008000efb4 (0xfc442703) lw      a4, -60(s0)
core   0: 3 0x000000008000efb4 (0xfc442703) x14 0x0000000000000000 mem 0x0000000080030f34
core   0: 0x000000008000efb8 (0x0ff77713) andi    a4, a4, 255
core   0: 3 0x000000008000efb8 (0x0ff77713) x14 0x0000000000000000
core   0: 0x000000008000efbc (0x00e78023) sb      a4, 0(a5)
core   0: 3 0x000000008000efbc (0x00e78023) mem 0x0000000080011088 0x00
core   0: 0x000000008000efc0 (0xfc843703) ld      a4, -56(s0)
core   0: 3 0x000000008000efc0 (0xfc843703) x14 0x0000000080011040 mem 0x0000000080030f38
core   0: 0x000000008000efc4 (0xfb843783) ld      a5, -72(s0)
core   0: 3 0x000000008000efc4 (0xfb843783) x15 0x000000000000009c mem 0x0000000080030f28
core   0: 0x000000008000efc8 (0x000097ba) c.add   a5, a4
core   0: 3 0x000000008000efc8 (0x97ba) x15 0x00000000800110dc
core   0: 0x000000008000efca (0xfe043703) ld      a4, -32(s0)
core   0: 3 0x000000008000efca (0xfe043703) x14 0x0000000080011089 mem 0x0000000080030f50
core   0: 0x000000008000efce (0xfcf76de3) bltu    a4, a5, pc - 38
core   0: 3 0x000000008000efce (0xfcf76de3)
core   0: 0x000000008000efa8 (0xfe043783) ld      a5, -32(s0)
core   0: 3 0x000000008000efa8 (0xfe043783) x15 0x0000000080011089 mem 0x0000000080030f50
core   0: 0x000000008000efac (0x00178713) addi    a4, a5, 1
core   0: 3 0x000000008000efac (0x00178713) x14 0x000000008001108a
core   0: 0x000000008000efb0 (0xfee43023) sd      a4, -32(s0)
core   0: 3 0x000000008000efb0 (0xfee43023) mem 0x0000000080030f50 0x000000008001108a
core   0: 0x000000008000efb4 (0xfc442703) lw      a4, -60(s0)
core   0: 3 0x000000008000efb4 (0xfc442703) x14 0x0000000000000000 mem 0x0000000080030f34
core   0: 0x000000008000efb8 (0x0ff77713) andi    a4, a4, 255
core   0: 3 0x000000008000efb8 (0x0ff77713) x14 0x0000000000000000
core   0: 0x000000008000efbc (0x00e78023) sb      a4, 0(a5)
core   0: 3 0x000000008000efbc (0x00e78023) mem 0x0000000080011089 0x00
core   0: 0x000000008000efc0 (0xfc843703) ld      a4, -56(s0)
core   0: 3 0x000000008000efc0 (0xfc843703) x14 0x0000000080011040 mem 0x0000000080030f38
core   0: 0x000000008000efc4 (0xfb843783) ld      a5, -72(s0)
core   0: 3 0x000000008000efc4 (0xfb843783) x15 0x000000000000009c mem 0x0000000080030f28
core   0: 0x000000008000efc8 (0x000097ba) c.add   a5, a4
core   0: 3 0x000000008000efc8 (0x97ba) x15 0x00000000800110dc
core   0: 0x000000008000efca (0xfe043703) ld      a4, -32(s0)
core   0: 3 0x000000008000efca (0xfe043703) x14 0x000000008001108a mem 0x0000000080030f50
core   0: 0x000000008000efce (0xfcf76de3) bltu    a4, a5, pc - 38
core   0: 3 0x000000008000efce (0xfcf76de3)
core   0: 0x000000008000efa8 (0xfe043783) ld      a5, -32(s0)
core   0: 3 0x000000008000efa8 (0xfe043783) x15 0x000000008001108a mem 0x0000000080030f50
core   0: 0x000000008000efac (0x00178713) addi    a4, a5, 1
core   0: 3 0x000000008000efac (0x00178713) x14 0x000000008001108b
core   0: 0x000000008000efb0 (0xfee43023) sd      a4, -32(s0)
core   0: 3 0x000000008000efb0 (0xfee43023) mem 0x0000000080030f50 0x000000008001108b
core   0: 0x000000008000efb4 (0xfc442703) lw      a4, -60(s0)
core   0: 3 0x000000008000efb4 (0xfc442703) x14 0x0000000000000000 mem 0x0000000080030f34
core   0: 0x000000008000efb8 (0x0ff77713) andi    a4, a4, 255
core   0: 3 0x000000008000efb8 (0x0ff77713) x14 0x0000000000000000
core   0: 0x000000008000efbc (0x00e78023) sb      a4, 0(a5)
core   0: 3 0x000000008000efbc (0x00e78023) mem 0x000000008001108a 0x00
core   0: 0x000000008000efc0 (0xfc843703) ld      a4, -56(s0)
core   0: 3 0x000000008000efc0 (0xfc843703) x14 0x0000000080011040 mem 0x0000000080030f38
core   0: 0x000000008000efc4 (0xfb843783) ld      a5, -72(s0)
core   0: 3 0x000000008000efc4 (0xfb843783) x15 0x000000000000009c mem 0x0000000080030f28
core   0: 0x000000008000efc8 (0x000097ba) c.add   a5, a4
core   0: 3 0x000000008000efc8 (0x97ba) x15 0x00000000800110dc
core   0: 0x000000008000efca (0xfe043703) ld      a4, -32(s0)
core   0: 3 0x000000008000efca (0xfe043703) x14 0x000000008001108b mem 0x0000000080030f50
core   0: 0x000000008000efce (0xfcf76de3) bltu    a4, a5, pc - 38
core   0: 3 0x000000008000efce (0xfcf76de3)
core   0: 0x000000008000efa8 (0xfe043783) ld      a5, -32(s0)
core   0: 3 0x000000008000efa8 (0xfe043783) x15 0x000000008001108b mem 0x0000000080030f50
core   0: 0x000000008000efac (0x00178713) addi    a4, a5, 1
core   0: 3 0x000000008000efac (0x00178713) x14 0x000000008001108c
core   0: 0x000000008000efb0 (0xfee43023) sd      a4, -32(s0)
core   0: 3 0x000000008000efb0 (0xfee43023) mem 0x0000000080030f50 0x000000008001108c
core   0: 0x000000008000efb4 (0xfc442703) lw      a4, -60(s0)
core   0: 3 0x000000008000efb4 (0xfc442703) x14 0x0000000000000000 mem 0x0000000080030f34
core   0: 0x000000008000efb8 (0x0ff77713) andi    a4, a4, 255
core   0: 3 0x000000008000efb8 (0x0ff77713) x14 0x0000000000000000
core   0: 0x000000008000efbc (0x00e78023) sb      a4, 0(a5)
core   0: 3 0x000000008000efbc (0x00e78023) mem 0x000000008001108b 0x00
core   0: 0x000000008000efc0 (0xfc843703) ld      a4, -56(s0)
core   0: 3 0x000000008000efc0 (0xfc843703) x14 0x0000000080011040 mem 0x0000000080030f38
core   0: 0x000000008000efc4 (0xfb843783) ld      a5, -72(s0)
core   0: 3 0x000000008000efc4 (0xfb843783) x15 0x000000000000009c mem 0x0000000080030f28
core   0: 0x000000008000efc8 (0x000097ba) c.add   a5, a4
core   0: 3 0x000000008000efc8 (0x97ba) x15 0x00000000800110dc
core   0: 0x000000008000efca (0xfe043703) ld      a4, -32(s0)
core   0: 3 0x000000008000efca (0xfe043703) x14 0x000000008001108c mem 0x0000000080030f50
core   0: 0x000000008000efce (0xfcf76de3) bltu    a4, a5, pc - 38
core   0: 3 0x000000008000efce (0xfcf76de3)
core   0: 0x000000008000efa8 (0xfe043783) ld      a5, -32(s0)
core   0: 3 0x000000008000efa8 (0xfe043783) x15 0x000000008001108c mem 0x0000000080030f50
core   0: 0x000000008000efac (0x00178713) addi    a4, a5, 1
core   0: 3 0x000000008000efac (0x00178713) x14 0x000000008001108d
core   0: 0x000000008000efb0 (0xfee43023) sd      a4, -32(s0)
core   0: 3 0x000000008000efb0 (0xfee43023) mem 0x0000000080030f50 0x000000008001108d
core   0: 0x000000008000efb4 (0xfc442703) lw      a4, -60(s0)
core   0: 3 0x000000008000efb4 (0xfc442703) x14 0x0000000000000000 mem 0x0000000080030f34
core   0: 0x000000008000efb8 (0x0ff77713) andi    a4, a4, 255
core   0: 3 0x000000008000efb8 (0x0ff77713) x14 0x0000000000000000
core   0: 0x000000008000efbc (0x00e78023) sb      a4, 0(a5)
core   0: 3 0x000000008000efbc (0x00e78023) mem 0x000000008001108c 0x00
core   0: 0x000000008000efc0 (0xfc843703) ld      a4, -56(s0)
core   0: 3 0x000000008000efc0 (0xfc843703) x14 0x0000000080011040 mem 0x0000000080030f38
core   0: 0x000000008000efc4 (0xfb843783) ld      a5, -72(s0)
core   0: 3 0x000000008000efc4 (0xfb843783) x15 0x000000000000009c mem 0x0000000080030f28
core   0: 0x000000008000efc8 (0x000097ba) c.add   a5, a4
core   0: 3 0x000000008000efc8 (0x97ba) x15 0x00000000800110dc
core   0: 0x000000008000efca (0xfe043703) ld      a4, -32(s0)
core   0: 3 0x000000008000efca (0xfe043703) x14 0x000000008001108d mem 0x0000000080030f50
core   0: 0x000000008000efce (0xfcf76de3) bltu    a4, a5, pc - 38
core   0: 3 0x000000008000efce (0xfcf76de3)
core   0: 0x000000008000efa8 (0xfe043783) ld      a5, -32(s0)
core   0: 3 0x000000008000efa8 (0xfe043783) x15 0x000000008001108d mem 0x0000000080030f50
core   0: 0x000000008000efac (0x00178713) addi    a4, a5, 1
core   0: 3 0x000000008000efac (0x00178713) x14 0x000000008001108e
core   0: 0x000000008000efb0 (0xfee43023) sd      a4, -32(s0)
core   0: 3 0x000000008000efb0 (0xfee43023) mem 0x0000000080030f50 0x000000008001108e
core   0: 0x000000008000efb4 (0xfc442703) lw      a4, -60(s0)
core   0: 3 0x000000008000efb4 (0xfc442703) x14 0x0000000000000000 mem 0x0000000080030f34
core   0: 0x000000008000efb8 (0x0ff77713) andi    a4, a4, 255
core   0: 3 0x000000008000efb8 (0x0ff77713) x14 0x0000000000000000
core   0: 0x000000008000efbc (0x00e78023) sb      a4, 0(a5)
core   0: 3 0x000000008000efbc (0x00e78023) mem 0x000000008001108d 0x00
core   0: 0x000000008000efc0 (0xfc843703) ld      a4, -56(s0)
core   0: 3 0x000000008000efc0 (0xfc843703) x14 0x0000000080011040 mem 0x0000000080030f38
core   0: 0x000000008000efc4 (0xfb843783) ld      a5, -72(s0)
core   0: 3 0x000000008000efc4 (0xfb843783) x15 0x000000000000009c mem 0x0000000080030f28
core   0: 0x000000008000efc8 (0x000097ba) c.add   a5, a4
core   0: 3 0x000000008000efc8 (0x97ba) x15 0x00000000800110dc
core   0: 0x000000008000efca (0xfe043703) ld      a4, -32(s0)
core   0: 3 0x000000008000efca (0xfe043703) x14 0x000000008001108e mem 0x0000000080030f50
core   0: 0x000000008000efce (0xfcf76de3) bltu    a4, a5, pc - 38
core   0: 3 0x000000008000efce (0xfcf76de3)
core   0: 0x000000008000efa8 (0xfe043783) ld      a5, -32(s0)
core   0: 3 0x000000008000efa8 (0xfe043783) x15 0x000000008001108e mem 0x0000000080030f50
core   0: 0x000000008000efac (0x00178713) addi    a4, a5, 1
core   0: 3 0x000000008000efac (0x00178713) x14 0x000000008001108f
core   0: 0x000000008000efb0 (0xfee43023) sd      a4, -32(s0)
core   0: 3 0x000000008000efb0 (0xfee43023) mem 0x0000000080030f50 0x000000008001108f
core   0: 0x000000008000efb4 (0xfc442703) lw      a4, -60(s0)
core   0: 3 0x000000008000efb4 (0xfc442703) x14 0x0000000000000000 mem 0x0000000080030f34
core   0: 0x000000008000efb8 (0x0ff77713) andi    a4, a4, 255
core   0: 3 0x000000008000efb8 (0x0ff77713) x14 0x0000000000000000
core   0: 0x000000008000efbc (0x00e78023) sb      a4, 0(a5)
core   0: 3 0x000000008000efbc (0x00e78023) mem 0x000000008001108e 0x00
core   0: 0x000000008000efc0 (0xfc843703) ld      a4, -56(s0)
core   0: 3 0x000000008000efc0 (0xfc843703) x14 0x0000000080011040 mem 0x0000000080030f38
core   0: 0x000000008000efc4 (0xfb843783) ld      a5, -72(s0)
core   0: 3 0x000000008000efc4 (0xfb843783) x15 0x000000000000009c mem 0x0000000080030f28
core   0: 0x000000008000efc8 (0x000097ba) c.add   a5, a4
core   0: 3 0x000000008000efc8 (0x97ba) x15 0x00000000800110dc
core   0: 0x000000008000efca (0xfe043703) ld      a4, -32(s0)
core   0: 3 0x000000008000efca (0xfe043703) x14 0x000000008001108f mem 0x0000000080030f50
core   0: 0x000000008000efce (0xfcf76de3) bltu    a4, a5, pc - 38
core   0: 3 0x000000008000efce (0xfcf76de3)
core   0: 0x000000008000efa8 (0xfe043783) ld      a5, -32(s0)
core   0: 3 0x000000008000efa8 (0xfe043783) x15 0x000000008001108f mem 0x0000000080030f50
core   0: 0x000000008000efac (0x00178713) addi    a4, a5, 1
core   0: 3 0x000000008000efac (0x00178713) x14 0x0000000080011090
core   0: 0x000000008000efb0 (0xfee43023) sd      a4, -32(s0)
core   0: 3 0x000000008000efb0 (0xfee43023) mem 0x0000000080030f50 0x0000000080011090
core   0: 0x000000008000efb4 (0xfc442703) lw      a4, -60(s0)
core   0: 3 0x000000008000efb4 (0xfc442703) x14 0x0000000000000000 mem 0x0000000080030f34
core   0: 0x000000008000efb8 (0x0ff77713) andi    a4, a4, 255
core   0: 3 0x000000008000efb8 (0x0ff77713) x14 0x0000000000000000
core   0: 0x000000008000efbc (0x00e78023) sb      a4, 0(a5)
core   0: 3 0x000000008000efbc (0x00e78023) mem 0x000000008001108f 0x00
core   0: 0x000000008000efc0 (0xfc843703) ld      a4, -56(s0)
core   0: 3 0x000000008000efc0 (0xfc843703) x14 0x0000000080011040 mem 0x0000000080030f38
core   0: 0x000000008000efc4 (0xfb843783) ld      a5, -72(s0)
core   0: 3 0x000000008000efc4 (0xfb843783) x15 0x000000000000009c mem 0x0000000080030f28
core   0: 0x000000008000efc8 (0x000097ba) c.add   a5, a4
core   0: 3 0x000000008000efc8 (0x97ba) x15 0x00000000800110dc
core   0: 0x000000008000efca (0xfe043703) ld      a4, -32(s0)
core   0: 3 0x000000008000efca (0xfe043703) x14 0x0000000080011090 mem 0x0000000080030f50
core   0: 0x000000008000efce (0xfcf76de3) bltu    a4, a5, pc - 38
core   0: 3 0x000000008000efce (0xfcf76de3)
core   0: 0x000000008000efa8 (0xfe043783) ld      a5, -32(s0)
core   0: 3 0x000000008000efa8 (0xfe043783) x15 0x0000000080011090 mem 0x0000000080030f50
core   0: 0x000000008000efac (0x00178713) addi    a4, a5, 1
core   0: 3 0x000000008000efac (0x00178713) x14 0x0000000080011091
core   0: 0x000000008000efb0 (0xfee43023) sd      a4, -32(s0)
core   0: 3 0x000000008000efb0 (0xfee43023) mem 0x0000000080030f50 0x0000000080011091
core   0: 0x000000008000efb4 (0xfc442703) lw      a4, -60(s0)
core   0: 3 0x000000008000efb4 (0xfc442703) x14 0x0000000000000000 mem 0x0000000080030f34
core   0: 0x000000008000efb8 (0x0ff77713) andi    a4, a4, 255
core   0: 3 0x000000008000efb8 (0x0ff77713) x14 0x0000000000000000
core   0: 0x000000008000efbc (0x00e78023) sb      a4, 0(a5)
core   0: 3 0x000000008000efbc (0x00e78023) mem 0x0000000080011090 0x00
core   0: 0x000000008000efc0 (0xfc843703) ld      a4, -56(s0)
core   0: 3 0x000000008000efc0 (0xfc843703) x14 0x0000000080011040 mem 0x0000000080030f38
core   0: 0x000000008000efc4 (0xfb843783) ld      a5, -72(s0)
core   0: 3 0x000000008000efc4 (0xfb843783) x15 0x000000000000009c mem 0x0000000080030f28
core   0: 0x000000008000efc8 (0x000097ba) c.add   a5, a4
core   0: 3 0x000000008000efc8 (0x97ba) x15 0x00000000800110dc
core   0: 0x000000008000efca (0xfe043703) ld      a4, -32(s0)
core   0: 3 0x000000008000efca (0xfe043703) x14 0x0000000080011091 mem 0x0000000080030f50
core   0: 0x000000008000efce (0xfcf76de3) bltu    a4, a5, pc - 38
core   0: 3 0x000000008000efce (0xfcf76de3)
core   0: 0x000000008000efa8 (0xfe043783) ld      a5, -32(s0)
core   0: 3 0x000000008000efa8 (0xfe043783) x15 0x0000000080011091 mem 0x0000000080030f50
core   0: 0x000000008000efac (0x00178713) addi    a4, a5, 1
core   0: 3 0x000000008000efac (0x00178713) x14 0x0000000080011092
core   0: 0x000000008000efb0 (0xfee43023) sd      a4, -32(s0)
core   0: 3 0x000000008000efb0 (0xfee43023) mem 0x0000000080030f50 0x0000000080011092
core   0: 0x000000008000efb4 (0xfc442703) lw      a4, -60(s0)
core   0: 3 0x000000008000efb4 (0xfc442703) x14 0x0000000000000000 mem 0x0000000080030f34
core   0: 0x000000008000efb8 (0x0ff77713) andi    a4, a4, 255
core   0: 3 0x000000008000efb8 (0x0ff77713) x14 0x0000000000000000
core   0: 0x000000008000efbc (0x00e78023) sb      a4, 0(a5)
core   0: 3 0x000000008000efbc (0x00e78023) mem 0x0000000080011091 0x00
core   0: 0x000000008000efc0 (0xfc843703) ld      a4, -56(s0)
core   0: 3 0x000000008000efc0 (0xfc843703) x14 0x0000000080011040 mem 0x0000000080030f38
core   0: 0x000000008000efc4 (0xfb843783) ld      a5, -72(s0)
core   0: 3 0x000000008000efc4 (0xfb843783) x15 0x000000000000009c mem 0x0000000080030f28
core   0: 0x000000008000efc8 (0x000097ba) c.add   a5, a4
core   0: 3 0x000000008000efc8 (0x97ba) x15 0x00000000800110dc
core   0: 0x000000008000efca (0xfe043703) ld      a4, -32(s0)
core   0: 3 0x000000008000efca (0xfe043703) x14 0x0000000080011092 mem 0x0000000080030f50
core   0: 0x000000008000efce (0xfcf76de3) bltu    a4, a5, pc - 38
core   0: 3 0x000000008000efce (0xfcf76de3)
core   0: 0x000000008000efa8 (0xfe043783) ld      a5, -32(s0)
core   0: 3 0x000000008000efa8 (0xfe043783) x15 0x0000000080011092 mem 0x0000000080030f50
core   0: 0x000000008000efac (0x00178713) addi    a4, a5, 1
core   0: 3 0x000000008000efac (0x00178713) x14 0x0000000080011093
core   0: 0x000000008000efb0 (0xfee43023) sd      a4, -32(s0)
core   0: 3 0x000000008000efb0 (0xfee43023) mem 0x0000000080030f50 0x0000000080011093
core   0: 0x000000008000efb4 (0xfc442703) lw      a4, -60(s0)
core   0: 3 0x000000008000efb4 (0xfc442703) x14 0x0000000000000000 mem 0x0000000080030f34
core   0: 0x000000008000efb8 (0x0ff77713) andi    a4, a4, 255
core   0: 3 0x000000008000efb8 (0x0ff77713) x14 0x0000000000000000
core   0: 0x000000008000efbc (0x00e78023) sb      a4, 0(a5)
core   0: 3 0x000000008000efbc (0x00e78023) mem 0x0000000080011092 0x00
core   0: 0x000000008000efc0 (0xfc843703) ld      a4, -56(s0)
core   0: 3 0x000000008000efc0 (0xfc843703) x14 0x0000000080011040 mem 0x0000000080030f38
core   0: 0x000000008000efc4 (0xfb843783) ld      a5, -72(s0)
core   0: 3 0x000000008000efc4 (0xfb843783) x15 0x000000000000009c mem 0x0000000080030f28
core   0: 0x000000008000efc8 (0x000097ba) c.add   a5, a4
core   0: 3 0x000000008000efc8 (0x97ba) x15 0x00000000800110dc
core   0: 0x000000008000efca (0xfe043703) ld      a4, -32(s0)
core   0: 3 0x000000008000efca (0xfe043703) x14 0x0000000080011093 mem 0x0000000080030f50
core   0: 0x000000008000efce (0xfcf76de3) bltu    a4, a5, pc - 38
core   0: 3 0x000000008000efce (0xfcf76de3)
core   0: 0x000000008000efa8 (0xfe043783) ld      a5, -32(s0)
core   0: 3 0x000000008000efa8 (0xfe043783) x15 0x0000000080011093 mem 0x0000000080030f50
core   0: 0x000000008000efac (0x00178713) addi    a4, a5, 1
core   0: 3 0x000000008000efac (0x00178713) x14 0x0000000080011094
core   0: 0x000000008000efb0 (0xfee43023) sd      a4, -32(s0)
core   0: 3 0x000000008000efb0 (0xfee43023) mem 0x0000000080030f50 0x0000000080011094
core   0: 0x000000008000efb4 (0xfc442703) lw      a4, -60(s0)
core   0: 3 0x000000008000efb4 (0xfc442703) x14 0x0000000000000000 mem 0x0000000080030f34
core   0: 0x000000008000efb8 (0x0ff77713) andi    a4, a4, 255
core   0: 3 0x000000008000efb8 (0x0ff77713) x14 0x0000000000000000
core   0: 0x000000008000efbc (0x00e78023) sb      a4, 0(a5)
core   0: 3 0x000000008000efbc (0x00e78023) mem 0x0000000080011093 0x00
core   0: 0x000000008000efc0 (0xfc843703) ld      a4, -56(s0)
core   0: 3 0x000000008000efc0 (0xfc843703) x14 0x0000000080011040 mem 0x0000000080030f38
core   0: 0x000000008000efc4 (0xfb843783) ld      a5, -72(s0)
core   0: 3 0x000000008000efc4 (0xfb843783) x15 0x000000000000009c mem 0x0000000080030f28
core   0: 0x000000008000efc8 (0x000097ba) c.add   a5, a4
core   0: 3 0x000000008000efc8 (0x97ba) x15 0x00000000800110dc
core   0: 0x000000008000efca (0xfe043703) ld      a4, -32(s0)
core   0: 3 0x000000008000efca (0xfe043703) x14 0x0000000080011094 mem 0x0000000080030f50
core   0: 0x000000008000efce (0xfcf76de3) bltu    a4, a5, pc - 38
core   0: 3 0x000000008000efce (0xfcf76de3)
core   0: 0x000000008000efa8 (0xfe043783) ld      a5, -32(s0)
core   0: 3 0x000000008000efa8 (0xfe043783) x15 0x0000000080011094 mem 0x0000000080030f50
core   0: 0x000000008000efac (0x00178713) addi    a4, a5, 1
core   0: 3 0x000000008000efac (0x00178713) x14 0x0000000080011095
core   0: 0x000000008000efb0 (0xfee43023) sd      a4, -32(s0)
core   0: 3 0x000000008000efb0 (0xfee43023) mem 0x0000000080030f50 0x0000000080011095
core   0: 0x000000008000efb4 (0xfc442703) lw      a4, -60(s0)
core   0: 3 0x000000008000efb4 (0xfc442703) x14 0x0000000000000000 mem 0x0000000080030f34
core   0: 0x000000008000efb8 (0x0ff77713) andi    a4, a4, 255
core   0: 3 0x000000008000efb8 (0x0ff77713) x14 0x0000000000000000
core   0: 0x000000008000efbc (0x00e78023) sb      a4, 0(a5)
core   0: 3 0x000000008000efbc (0x00e78023) mem 0x0000000080011094 0x00
core   0: 0x000000008000efc0 (0xfc843703) ld      a4, -56(s0)
core   0: 3 0x000000008000efc0 (0xfc843703) x14 0x0000000080011040 mem 0x0000000080030f38
core   0: 0x000000008000efc4 (0xfb843783) ld      a5, -72(s0)
core   0: 3 0x000000008000efc4 (0xfb843783) x15 0x000000000000009c mem 0x0000000080030f28
core   0: 0x000000008000efc8 (0x000097ba) c.add   a5, a4
core   0: 3 0x000000008000efc8 (0x97ba) x15 0x00000000800110dc
core   0: 0x000000008000efca (0xfe043703) ld      a4, -32(s0)
core   0: 3 0x000000008000efca (0xfe043703) x14 0x0000000080011095 mem 0x0000000080030f50
core   0: 0x000000008000efce (0xfcf76de3) bltu    a4, a5, pc - 38
core   0: 3 0x000000008000efce (0xfcf76de3)
core   0: 0x000000008000efa8 (0xfe043783) ld      a5, -32(s0)
core   0: 3 0x000000008000efa8 (0xfe043783) x15 0x0000000080011095 mem 0x0000000080030f50
core   0: 0x000000008000efac (0x00178713) addi    a4, a5, 1
core   0: 3 0x000000008000efac (0x00178713) x14 0x0000000080011096
core   0: 0x000000008000efb0 (0xfee43023) sd      a4, -32(s0)
core   0: 3 0x000000008000efb0 (0xfee43023) mem 0x0000000080030f50 0x0000000080011096
core   0: 0x000000008000efb4 (0xfc442703) lw      a4, -60(s0)
core   0: 3 0x000000008000efb4 (0xfc442703) x14 0x0000000000000000 mem 0x0000000080030f34
core   0: 0x000000008000efb8 (0x0ff77713) andi    a4, a4, 255
core   0: 3 0x000000008000efb8 (0x0ff77713) x14 0x0000000000000000
core   0: 0x000000008000efbc (0x00e78023) sb      a4, 0(a5)
core   0: 3 0x000000008000efbc (0x00e78023) mem 0x0000000080011095 0x00
core   0: 0x000000008000efc0 (0xfc843703) ld      a4, -56(s0)
core   0: 3 0x000000008000efc0 (0xfc843703) x14 0x0000000080011040 mem 0x0000000080030f38
core   0: 0x000000008000efc4 (0xfb843783) ld      a5, -72(s0)
core   0: 3 0x000000008000efc4 (0xfb843783) x15 0x000000000000009c mem 0x0000000080030f28
core   0: 0x000000008000efc8 (0x000097ba) c.add   a5, a4
core   0: 3 0x000000008000efc8 (0x97ba) x15 0x00000000800110dc
core   0: 0x000000008000efca (0xfe043703) ld      a4, -32(s0)
core   0: 3 0x000000008000efca (0xfe043703) x14 0x0000000080011096 mem 0x0000000080030f50
core   0: 0x000000008000efce (0xfcf76de3) bltu    a4, a5, pc - 38
core   0: 3 0x000000008000efce (0xfcf76de3)
core   0: 0x000000008000efa8 (0xfe043783) ld      a5, -32(s0)
core   0: 3 0x000000008000efa8 (0xfe043783) x15 0x0000000080011096 mem 0x0000000080030f50
core   0: 0x000000008000efac (0x00178713) addi    a4, a5, 1
core   0: 3 0x000000008000efac (0x00178713) x14 0x0000000080011097
core   0: 0x000000008000efb0 (0xfee43023) sd      a4, -32(s0)
core   0: 3 0x000000008000efb0 (0xfee43023) mem 0x0000000080030f50 0x0000000080011097
core   0: 0x000000008000efb4 (0xfc442703) lw      a4, -60(s0)
core   0: 3 0x000000008000efb4 (0xfc442703) x14 0x0000000000000000 mem 0x0000000080030f34
core   0: 0x000000008000efb8 (0x0ff77713) andi    a4, a4, 255
core   0: 3 0x000000008000efb8 (0x0ff77713) x14 0x0000000000000000
core   0: 0x000000008000efbc (0x00e78023) sb      a4, 0(a5)
core   0: 3 0x000000008000efbc (0x00e78023) mem 0x0000000080011096 0x00
core   0: 0x000000008000efc0 (0xfc843703) ld      a4, -56(s0)
core   0: 3 0x000000008000efc0 (0xfc843703) x14 0x0000000080011040 mem 0x0000000080030f38
core   0: 0x000000008000efc4 (0xfb843783) ld      a5, -72(s0)
core   0: 3 0x000000008000efc4 (0xfb843783) x15 0x000000000000009c mem 0x0000000080030f28
core   0: 0x000000008000efc8 (0x000097ba) c.add   a5, a4
core   0: 3 0x000000008000efc8 (0x97ba) x15 0x00000000800110dc
core   0: 0x000000008000efca (0xfe043703) ld      a4, -32(s0)
core   0: 3 0x000000008000efca (0xfe043703) x14 0x0000000080011097 mem 0x0000000080030f50
core   0: 0x000000008000efce (0xfcf76de3) bltu    a4, a5, pc - 38
core   0: 3 0x000000008000efce (0xfcf76de3)
core   0: 0x000000008000efa8 (0xfe043783) ld      a5, -32(s0)
core   0: 3 0x000000008000efa8 (0xfe043783) x15 0x0000000080011097 mem 0x0000000080030f50
core   0: 0x000000008000efac (0x00178713) addi    a4, a5, 1
core   0: 3 0x000000008000efac (0x00178713) x14 0x0000000080011098
core   0: 0x000000008000efb0 (0xfee43023) sd      a4, -32(s0)
core   0: 3 0x000000008000efb0 (0xfee43023) mem 0x0000000080030f50 0x0000000080011098
core   0: 0x000000008000efb4 (0xfc442703) lw      a4, -60(s0)
core   0: 3 0x000000008000efb4 (0xfc442703) x14 0x0000000000000000 mem 0x0000000080030f34
core   0: 0x000000008000efb8 (0x0ff77713) andi    a4, a4, 255
core   0: 3 0x000000008000efb8 (0x0ff77713) x14 0x0000000000000000
core   0: 0x000000008000efbc (0x00e78023) sb      a4, 0(a5)
core   0: 3 0x000000008000efbc (0x00e78023) mem 0x0000000080011097 0x00
core   0: 0x000000008000efc0 (0xfc843703) ld      a4, -56(s0)
core   0: 3 0x000000008000efc0 (0xfc843703) x14 0x0000000080011040 mem 0x0000000080030f38
core   0: 0x000000008000efc4 (0xfb843783) ld      a5, -72(s0)
core   0: 3 0x000000008000efc4 (0xfb843783) x15 0x000000000000009c mem 0x0000000080030f28
core   0: 0x000000008000efc8 (0x000097ba) c.add   a5, a4
core   0: 3 0x000000008000efc8 (0x97ba) x15 0x00000000800110dc
core   0: 0x000000008000efca (0xfe043703) ld      a4, -32(s0)
core   0: 3 0x000000008000efca (0xfe043703) x14 0x0000000080011098 mem 0x0000000080030f50
core   0: 0x000000008000efce (0xfcf76de3) bltu    a4, a5, pc - 38
core   0: 3 0x000000008000efce (0xfcf76de3)
core   0: 0x000000008000efa8 (0xfe043783) ld      a5, -32(s0)
core   0: 3 0x000000008000efa8 (0xfe043783) x15 0x0000000080011098 mem 0x0000000080030f50
core   0: 0x000000008000efac (0x00178713) addi    a4, a5, 1
core   0: 3 0x000000008000efac (0x00178713) x14 0x0000000080011099
core   0: 0x000000008000efb0 (0xfee43023) sd      a4, -32(s0)
core   0: 3 0x000000008000efb0 (0xfee43023) mem 0x0000000080030f50 0x0000000080011099
core   0: 0x000000008000efb4 (0xfc442703) lw      a4, -60(s0)
core   0: 3 0x000000008000efb4 (0xfc442703) x14 0x0000000000000000 mem 0x0000000080030f34
core   0: 0x000000008000efb8 (0x0ff77713) andi    a4, a4, 255
core   0: 3 0x000000008000efb8 (0x0ff77713) x14 0x0000000000000000
core   0: 0x000000008000efbc (0x00e78023) sb      a4, 0(a5)
core   0: 3 0x000000008000efbc (0x00e78023) mem 0x0000000080011098 0x00
core   0: 0x000000008000efc0 (0xfc843703) ld      a4, -56(s0)
core   0: 3 0x000000008000efc0 (0xfc843703) x14 0x0000000080011040 mem 0x0000000080030f38
core   0: 0x000000008000efc4 (0xfb843783) ld      a5, -72(s0)
core   0: 3 0x000000008000efc4 (0xfb843783) x15 0x000000000000009c mem 0x0000000080030f28
core   0: 0x000000008000efc8 (0x000097ba) c.add   a5, a4
core   0: 3 0x000000008000efc8 (0x97ba) x15 0x00000000800110dc
core   0: 0x000000008000efca (0xfe043703) ld      a4, -32(s0)
core   0: 3 0x000000008000efca (0xfe043703) x14 0x0000000080011099 mem 0x0000000080030f50
core   0: 0x000000008000efce (0xfcf76de3) bltu    a4, a5, pc - 38
core   0: 3 0x000000008000efce (0xfcf76de3)
core   0: 0x000000008000efa8 (0xfe043783) ld      a5, -32(s0)
core   0: 3 0x000000008000efa8 (0xfe043783) x15 0x0000000080011099 mem 0x0000000080030f50
core   0: 0x000000008000efac (0x00178713) addi    a4, a5, 1
core   0: 3 0x000000008000efac (0x00178713) x14 0x000000008001109a
core   0: 0x000000008000efb0 (0xfee43023) sd      a4, -32(s0)
core   0: 3 0x000000008000efb0 (0xfee43023) mem 0x0000000080030f50 0x000000008001109a
core   0: 0x000000008000efb4 (0xfc442703) lw      a4, -60(s0)
core   0: 3 0x000000008000efb4 (0xfc442703) x14 0x0000000000000000 mem 0x0000000080030f34
core   0: 0x000000008000efb8 (0x0ff77713) andi    a4, a4, 255
core   0: 3 0x000000008000efb8 (0x0ff77713) x14 0x0000000000000000
core   0: 0x000000008000efbc (0x00e78023) sb      a4, 0(a5)
core   0: 3 0x000000008000efbc (0x00e78023) mem 0x0000000080011099 0x00
core   0: 0x000000008000efc0 (0xfc843703) ld      a4, -56(s0)
core   0: 3 0x000000008000efc0 (0xfc843703) x14 0x0000000080011040 mem 0x0000000080030f38
core   0: 0x000000008000efc4 (0xfb843783) ld      a5, -72(s0)
core   0: 3 0x000000008000efc4 (0xfb843783) x15 0x000000000000009c mem 0x0000000080030f28
core   0: 0x000000008000efc8 (0x000097ba) c.add   a5, a4
core   0: 3 0x000000008000efc8 (0x97ba) x15 0x00000000800110dc
core   0: 0x000000008000efca (0xfe043703) ld      a4, -32(s0)
core   0: 3 0x000000008000efca (0xfe043703) x14 0x000000008001109a mem 0x0000000080030f50
core   0: 0x000000008000efce (0xfcf76de3) bltu    a4, a5, pc - 38
core   0: 3 0x000000008000efce (0xfcf76de3)
core   0: 0x000000008000efa8 (0xfe043783) ld      a5, -32(s0)
core   0: 3 0x000000008000efa8 (0xfe043783) x15 0x000000008001109a mem 0x0000000080030f50
core   0: 0x000000008000efac (0x00178713) addi    a4, a5, 1
core   0: 3 0x000000008000efac (0x00178713) x14 0x000000008001109b
core   0: 0x000000008000efb0 (0xfee43023) sd      a4, -32(s0)
core   0: 3 0x000000008000efb0 (0xfee43023) mem 0x0000000080030f50 0x000000008001109b
core   0: 0x000000008000efb4 (0xfc442703) lw      a4, -60(s0)
core   0: 3 0x000000008000efb4 (0xfc442703) x14 0x0000000000000000 mem 0x0000000080030f34
core   0: 0x000000008000efb8 (0x0ff77713) andi    a4, a4, 255
core   0: 3 0x000000008000efb8 (0x0ff77713) x14 0x0000000000000000
core   0: 0x000000008000efbc (0x00e78023) sb      a4, 0(a5)
core   0: 3 0x000000008000efbc (0x00e78023) mem 0x000000008001109a 0x00
core   0: 0x000000008000efc0 (0xfc843703) ld      a4, -56(s0)
core   0: 3 0x000000008000efc0 (0xfc843703) x14 0x0000000080011040 mem 0x0000000080030f38
core   0: 0x000000008000efc4 (0xfb843783) ld      a5, -72(s0)
core   0: 3 0x000000008000efc4 (0xfb843783) x15 0x000000000000009c mem 0x0000000080030f28
core   0: 0x000000008000efc8 (0x000097ba) c.add   a5, a4
core   0: 3 0x000000008000efc8 (0x97ba) x15 0x00000000800110dc
core   0: 0x000000008000efca (0xfe043703) ld      a4, -32(s0)
core   0: 3 0x000000008000efca (0xfe043703) x14 0x000000008001109b mem 0x0000000080030f50
core   0: 0x000000008000efce (0xfcf76de3) bltu    a4, a5, pc - 38
core   0: 3 0x000000008000efce (0xfcf76de3)
core   0: 0x000000008000efa8 (0xfe043783) ld      a5, -32(s0)
core   0: 3 0x000000008000efa8 (0xfe043783) x15 0x000000008001109b mem 0x0000000080030f50
core   0: 0x000000008000efac (0x00178713) addi    a4, a5, 1
core   0: 3 0x000000008000efac (0x00178713) x14 0x000000008001109c
core   0: 0x000000008000efb0 (0xfee43023) sd      a4, -32(s0)
core   0: 3 0x000000008000efb0 (0xfee43023) mem 0x0000000080030f50 0x000000008001109c
core   0: 0x000000008000efb4 (0xfc442703) lw      a4, -60(s0)
core   0: 3 0x000000008000efb4 (0xfc442703) x14 0x0000000000000000 mem 0x0000000080030f34
core   0: 0x000000008000efb8 (0x0ff77713) andi    a4, a4, 255
core   0: 3 0x000000008000efb8 (0x0ff77713) x14 0x0000000000000000
core   0: 0x000000008000efbc (0x00e78023) sb      a4, 0(a5)
core   0: 3 0x000000008000efbc (0x00e78023) mem 0x000000008001109b 0x00
core   0: 0x000000008000efc0 (0xfc843703) ld      a4, -56(s0)
core   0: 3 0x000000008000efc0 (0xfc843703) x14 0x0000000080011040 mem 0x0000000080030f38
core   0: 0x000000008000efc4 (0xfb843783) ld      a5, -72(s0)
core   0: 3 0x000000008000efc4 (0xfb843783) x15 0x000000000000009c mem 0x0000000080030f28
core   0: 0x000000008000efc8 (0x000097ba) c.add   a5, a4
core   0: 3 0x000000008000efc8 (0x97ba) x15 0x00000000800110dc
core   0: 0x000000008000efca (0xfe043703) ld      a4, -32(s0)
core   0: 3 0x000000008000efca (0xfe043703) x14 0x000000008001109c mem 0x0000000080030f50
core   0: 0x000000008000efce (0xfcf76de3) bltu    a4, a5, pc - 38
core   0: 3 0x000000008000efce (0xfcf76de3)
core   0: 0x000000008000efa8 (0xfe043783) ld      a5, -32(s0)
core   0: 3 0x000000008000efa8 (0xfe043783) x15 0x000000008001109c mem 0x0000000080030f50
core   0: 0x000000008000efac (0x00178713) addi    a4, a5, 1
core   0: 3 0x000000008000efac (0x00178713) x14 0x000000008001109d
core   0: 0x000000008000efb0 (0xfee43023) sd      a4, -32(s0)
core   0: 3 0x000000008000efb0 (0xfee43023) mem 0x0000000080030f50 0x000000008001109d
core   0: 0x000000008000efb4 (0xfc442703) lw      a4, -60(s0)
core   0: 3 0x000000008000efb4 (0xfc442703) x14 0x0000000000000000 mem 0x0000000080030f34
core   0: 0x000000008000efb8 (0x0ff77713) andi    a4, a4, 255
core   0: 3 0x000000008000efb8 (0x0ff77713) x14 0x0000000000000000
core   0: 0x000000008000efbc (0x00e78023) sb      a4, 0(a5)
core   0: 3 0x000000008000efbc (0x00e78023) mem 0x000000008001109c 0x00
core   0: 0x000000008000efc0 (0xfc843703) ld      a4, -56(s0)
core   0: 3 0x000000008000efc0 (0xfc843703) x14 0x0000000080011040 mem 0x0000000080030f38
core   0: 0x000000008000efc4 (0xfb843783) ld      a5, -72(s0)
core   0: 3 0x000000008000efc4 (0xfb843783) x15 0x000000000000009c mem 0x0000000080030f28
core   0: 0x000000008000efc8 (0x000097ba) c.add   a5, a4
core   0: 3 0x000000008000efc8 (0x97ba) x15 0x00000000800110dc
core   0: 0x000000008000efca (0xfe043703) ld      a4, -32(s0)
core   0: 3 0x000000008000efca (0xfe043703) x14 0x000000008001109d mem 0x0000000080030f50
core   0: 0x000000008000efce (0xfcf76de3) bltu    a4, a5, pc - 38
core   0: 3 0x000000008000efce (0xfcf76de3)
core   0: 0x000000008000efa8 (0xfe043783) ld      a5, -32(s0)
core   0: 3 0x000000008000efa8 (0xfe043783) x15 0x000000008001109d mem 0x0000000080030f50
core   0: 0x000000008000efac (0x00178713) addi    a4, a5, 1
core   0: 3 0x000000008000efac (0x00178713) x14 0x000000008001109e
core   0: 0x000000008000efb0 (0xfee43023) sd      a4, -32(s0)
core   0: 3 0x000000008000efb0 (0xfee43023) mem 0x0000000080030f50 0x000000008001109e
core   0: 0x000000008000efb4 (0xfc442703) lw      a4, -60(s0)
core   0: 3 0x000000008000efb4 (0xfc442703) x14 0x0000000000000000 mem 0x0000000080030f34
core   0: 0x000000008000efb8 (0x0ff77713) andi    a4, a4, 255
core   0: 3 0x000000008000efb8 (0x0ff77713) x14 0x0000000000000000
core   0: 0x000000008000efbc (0x00e78023) sb      a4, 0(a5)
core   0: 3 0x000000008000efbc (0x00e78023) mem 0x000000008001109d 0x00
core   0: 0x000000008000efc0 (0xfc843703) ld      a4, -56(s0)
core   0: 3 0x000000008000efc0 (0xfc843703) x14 0x0000000080011040 mem 0x0000000080030f38
core   0: 0x000000008000efc4 (0xfb843783) ld      a5, -72(s0)
core   0: 3 0x000000008000efc4 (0xfb843783) x15 0x000000000000009c mem 0x0000000080030f28
core   0: 0x000000008000efc8 (0x000097ba) c.add   a5, a4
core   0: 3 0x000000008000efc8 (0x97ba) x15 0x00000000800110dc
core   0: 0x000000008000efca (0xfe043703) ld      a4, -32(s0)
core   0: 3 0x000000008000efca (0xfe043703) x14 0x000000008001109e mem 0x0000000080030f50
core   0: 0x000000008000efce (0xfcf76de3) bltu    a4, a5, pc - 38
core   0: 3 0x000000008000efce (0xfcf76de3)
core   0: 0x000000008000efa8 (0xfe043783) ld      a5, -32(s0)
core   0: 3 0x000000008000efa8 (0xfe043783) x15 0x000000008001109e mem 0x0000000080030f50
core   0: 0x000000008000efac (0x00178713) addi    a4, a5, 1
core   0: 3 0x000000008000efac (0x00178713) x14 0x000000008001109f
core   0: 0x000000008000efb0 (0xfee43023) sd      a4, -32(s0)
core   0: 3 0x000000008000efb0 (0xfee43023) mem 0x0000000080030f50 0x000000008001109f
core   0: 0x000000008000efb4 (0xfc442703) lw      a4, -60(s0)
core   0: 3 0x000000008000efb4 (0xfc442703) x14 0x0000000000000000 mem 0x0000000080030f34
core   0: 0x000000008000efb8 (0x0ff77713) andi    a4, a4, 255
core   0: 3 0x000000008000efb8 (0x0ff77713) x14 0x0000000000000000
core   0: 0x000000008000efbc (0x00e78023) sb      a4, 0(a5)
core   0: 3 0x000000008000efbc (0x00e78023) mem 0x000000008001109e 0x00
core   0: 0x000000008000efc0 (0xfc843703) ld      a4, -56(s0)
core   0: 3 0x000000008000efc0 (0xfc843703) x14 0x0000000080011040 mem 0x0000000080030f38
core   0: 0x000000008000efc4 (0xfb843783) ld      a5, -72(s0)
core   0: 3 0x000000008000efc4 (0xfb843783) x15 0x000000000000009c mem 0x0000000080030f28
core   0: 0x000000008000efc8 (0x000097ba) c.add   a5, a4
core   0: 3 0x000000008000efc8 (0x97ba) x15 0x00000000800110dc
core   0: 0x000000008000efca (0xfe043703) ld      a4, -32(s0)
core   0: 3 0x000000008000efca (0xfe043703) x14 0x000000008001109f mem 0x0000000080030f50
core   0: 0x000000008000efce (0xfcf76de3) bltu    a4, a5, pc - 38
core   0: 3 0x000000008000efce (0xfcf76de3)
core   0: 0x000000008000efa8 (0xfe043783) ld      a5, -32(s0)
core   0: 3 0x000000008000efa8 (0xfe043783) x15 0x000000008001109f mem 0x0000000080030f50
core   0: 0x000000008000efac (0x00178713) addi    a4, a5, 1
core   0: 3 0x000000008000efac (0x00178713) x14 0x00000000800110a0
core   0: 0x000000008000efb0 (0xfee43023) sd      a4, -32(s0)
core   0: 3 0x000000008000efb0 (0xfee43023) mem 0x0000000080030f50 0x00000000800110a0
core   0: 0x000000008000efb4 (0xfc442703) lw      a4, -60(s0)
core   0: 3 0x000000008000efb4 (0xfc442703) x14 0x0000000000000000 mem 0x0000000080030f34
core   0: 0x000000008000efb8 (0x0ff77713) andi    a4, a4, 255
core   0: 3 0x000000008000efb8 (0x0ff77713) x14 0x0000000000000000
core   0: 0x000000008000efbc (0x00e78023) sb      a4, 0(a5)
core   0: 3 0x000000008000efbc (0x00e78023) mem 0x000000008001109f 0x00
core   0: 0x000000008000efc0 (0xfc843703) ld      a4, -56(s0)
core   0: 3 0x000000008000efc0 (0xfc843703) x14 0x0000000080011040 mem 0x0000000080030f38
core   0: 0x000000008000efc4 (0xfb843783) ld      a5, -72(s0)
core   0: 3 0x000000008000efc4 (0xfb843783) x15 0x000000000000009c mem 0x0000000080030f28
core   0: 0x000000008000efc8 (0x000097ba) c.add   a5, a4
core   0: 3 0x000000008000efc8 (0x97ba) x15 0x00000000800110dc
core   0: 0x000000008000efca (0xfe043703) ld      a4, -32(s0)
core   0: 3 0x000000008000efca (0xfe043703) x14 0x00000000800110a0 mem 0x0000000080030f50
core   0: 0x000000008000efce (0xfcf76de3) bltu    a4, a5, pc - 38
core   0: 3 0x000000008000efce (0xfcf76de3)
core   0: 0x000000008000efa8 (0xfe043783) ld      a5, -32(s0)
core   0: 3 0x000000008000efa8 (0xfe043783) x15 0x00000000800110a0 mem 0x0000000080030f50
core   0: 0x000000008000efac (0x00178713) addi    a4, a5, 1
core   0: 3 0x000000008000efac (0x00178713) x14 0x00000000800110a1
core   0: 0x000000008000efb0 (0xfee43023) sd      a4, -32(s0)
core   0: 3 0x000000008000efb0 (0xfee43023) mem 0x0000000080030f50 0x00000000800110a1
core   0: 0x000000008000efb4 (0xfc442703) lw      a4, -60(s0)
core   0: 3 0x000000008000efb4 (0xfc442703) x14 0x0000000000000000 mem 0x0000000080030f34
core   0: 0x000000008000efb8 (0x0ff77713) andi    a4, a4, 255
core   0: 3 0x000000008000efb8 (0x0ff77713) x14 0x0000000000000000
core   0: 0x000000008000efbc (0x00e78023) sb      a4, 0(a5)
core   0: 3 0x000000008000efbc (0x00e78023) mem 0x00000000800110a0 0x00
core   0: 0x000000008000efc0 (0xfc843703) ld      a4, -56(s0)
core   0: 3 0x000000008000efc0 (0xfc843703) x14 0x0000000080011040 mem 0x0000000080030f38
core   0: 0x000000008000efc4 (0xfb843783) ld      a5, -72(s0)
core   0: 3 0x000000008000efc4 (0xfb843783) x15 0x000000000000009c mem 0x0000000080030f28
core   0: 0x000000008000efc8 (0x000097ba) c.add   a5, a4
core   0: 3 0x000000008000efc8 (0x97ba) x15 0x00000000800110dc
core   0: 0x000000008000efca (0xfe043703) ld      a4, -32(s0)
core   0: 3 0x000000008000efca (0xfe043703) x14 0x00000000800110a1 mem 0x0000000080030f50
core   0: 0x000000008000efce (0xfcf76de3) bltu    a4, a5, pc - 38
core   0: 3 0x000000008000efce (0xfcf76de3)
core   0: 0x000000008000efa8 (0xfe043783) ld      a5, -32(s0)
core   0: 3 0x000000008000efa8 (0xfe043783) x15 0x00000000800110a1 mem 0x0000000080030f50
core   0: 0x000000008000efac (0x00178713) addi    a4, a5, 1
core   0: 3 0x000000008000efac (0x00178713) x14 0x00000000800110a2
core   0: 0x000000008000efb0 (0xfee43023) sd      a4, -32(s0)
core   0: 3 0x000000008000efb0 (0xfee43023) mem 0x0000000080030f50 0x00000000800110a2
core   0: 0x000000008000efb4 (0xfc442703) lw      a4, -60(s0)
core   0: 3 0x000000008000efb4 (0xfc442703) x14 0x0000000000000000 mem 0x0000000080030f34
core   0: 0x000000008000efb8 (0x0ff77713) andi    a4, a4, 255
core   0: 3 0x000000008000efb8 (0x0ff77713) x14 0x0000000000000000
core   0: 0x000000008000efbc (0x00e78023) sb      a4, 0(a5)
core   0: 3 0x000000008000efbc (0x00e78023) mem 0x00000000800110a1 0x00
core   0: 0x000000008000efc0 (0xfc843703) ld      a4, -56(s0)
core   0: 3 0x000000008000efc0 (0xfc843703) x14 0x0000000080011040 mem 0x0000000080030f38
core   0: 0x000000008000efc4 (0xfb843783) ld      a5, -72(s0)
core   0: 3 0x000000008000efc4 (0xfb843783) x15 0x000000000000009c mem 0x0000000080030f28
core   0: 0x000000008000efc8 (0x000097ba) c.add   a5, a4
core   0: 3 0x000000008000efc8 (0x97ba) x15 0x00000000800110dc
core   0: 0x000000008000efca (0xfe043703) ld      a4, -32(s0)
core   0: 3 0x000000008000efca (0xfe043703) x14 0x00000000800110a2 mem 0x0000000080030f50
core   0: 0x000000008000efce (0xfcf76de3) bltu    a4, a5, pc - 38
core   0: 3 0x000000008000efce (0xfcf76de3)
core   0: 0x000000008000efa8 (0xfe043783) ld      a5, -32(s0)
core   0: 3 0x000000008000efa8 (0xfe043783) x15 0x00000000800110a2 mem 0x0000000080030f50
core   0: 0x000000008000efac (0x00178713) addi    a4, a5, 1
core   0: 3 0x000000008000efac (0x00178713) x14 0x00000000800110a3
core   0: 0x000000008000efb0 (0xfee43023) sd      a4, -32(s0)
core   0: 3 0x000000008000efb0 (0xfee43023) mem 0x0000000080030f50 0x00000000800110a3
core   0: 0x000000008000efb4 (0xfc442703) lw      a4, -60(s0)
core   0: 3 0x000000008000efb4 (0xfc442703) x14 0x0000000000000000 mem 0x0000000080030f34
core   0: 0x000000008000efb8 (0x0ff77713) andi    a4, a4, 255
core   0: 3 0x000000008000efb8 (0x0ff77713) x14 0x0000000000000000
core   0: 0x000000008000efbc (0x00e78023) sb      a4, 0(a5)
core   0: 3 0x000000008000efbc (0x00e78023) mem 0x00000000800110a2 0x00
core   0: 0x000000008000efc0 (0xfc843703) ld      a4, -56(s0)
core   0: 3 0x000000008000efc0 (0xfc843703) x14 0x0000000080011040 mem 0x0000000080030f38
core   0: 0x000000008000efc4 (0xfb843783) ld      a5, -72(s0)
core   0: 3 0x000000008000efc4 (0xfb843783) x15 0x000000000000009c mem 0x0000000080030f28
core   0: 0x000000008000efc8 (0x000097ba) c.add   a5, a4
core   0: 3 0x000000008000efc8 (0x97ba) x15 0x00000000800110dc
core   0: 0x000000008000efca (0xfe043703) ld      a4, -32(s0)
core   0: 3 0x000000008000efca (0xfe043703) x14 0x00000000800110a3 mem 0x0000000080030f50
core   0: 0x000000008000efce (0xfcf76de3) bltu    a4, a5, pc - 38
core   0: 3 0x000000008000efce (0xfcf76de3)
core   0: 0x000000008000efa8 (0xfe043783) ld      a5, -32(s0)
core   0: 3 0x000000008000efa8 (0xfe043783) x15 0x00000000800110a3 mem 0x0000000080030f50
core   0: 0x000000008000efac (0x00178713) addi    a4, a5, 1
core   0: 3 0x000000008000efac (0x00178713) x14 0x00000000800110a4
core   0: 0x000000008000efb0 (0xfee43023) sd      a4, -32(s0)
core   0: 3 0x000000008000efb0 (0xfee43023) mem 0x0000000080030f50 0x00000000800110a4
core   0: 0x000000008000efb4 (0xfc442703) lw      a4, -60(s0)
core   0: 3 0x000000008000efb4 (0xfc442703) x14 0x0000000000000000 mem 0x0000000080030f34
core   0: 0x000000008000efb8 (0x0ff77713) andi    a4, a4, 255
core   0: 3 0x000000008000efb8 (0x0ff77713) x14 0x0000000000000000
core   0: 0x000000008000efbc (0x00e78023) sb      a4, 0(a5)
core   0: 3 0x000000008000efbc (0x00e78023) mem 0x00000000800110a3 0x00
core   0: 0x000000008000efc0 (0xfc843703) ld      a4, -56(s0)
core   0: 3 0x000000008000efc0 (0xfc843703) x14 0x0000000080011040 mem 0x0000000080030f38
core   0: 0x000000008000efc4 (0xfb843783) ld      a5, -72(s0)
core   0: 3 0x000000008000efc4 (0xfb843783) x15 0x000000000000009c mem 0x0000000080030f28
core   0: 0x000000008000efc8 (0x000097ba) c.add   a5, a4
core   0: 3 0x000000008000efc8 (0x97ba) x15 0x00000000800110dc
core   0: 0x000000008000efca (0xfe043703) ld      a4, -32(s0)
core   0: 3 0x000000008000efca (0xfe043703) x14 0x00000000800110a4 mem 0x0000000080030f50
core   0: 0x000000008000efce (0xfcf76de3) bltu    a4, a5, pc - 38
core   0: 3 0x000000008000efce (0xfcf76de3)
core   0: 0x000000008000efa8 (0xfe043783) ld      a5, -32(s0)
core   0: 3 0x000000008000efa8 (0xfe043783) x15 0x00000000800110a4 mem 0x0000000080030f50
core   0: 0x000000008000efac (0x00178713) addi    a4, a5, 1
core   0: 3 0x000000008000efac (0x00178713) x14 0x00000000800110a5
core   0: 0x000000008000efb0 (0xfee43023) sd      a4, -32(s0)
core   0: 3 0x000000008000efb0 (0xfee43023) mem 0x0000000080030f50 0x00000000800110a5
core   0: 0x000000008000efb4 (0xfc442703) lw      a4, -60(s0)
core   0: 3 0x000000008000efb4 (0xfc442703) x14 0x0000000000000000 mem 0x0000000080030f34
core   0: 0x000000008000efb8 (0x0ff77713) andi    a4, a4, 255
core   0: 3 0x000000008000efb8 (0x0ff77713) x14 0x0000000000000000
core   0: 0x000000008000efbc (0x00e78023) sb      a4, 0(a5)
core   0: 3 0x000000008000efbc (0x00e78023) mem 0x00000000800110a4 0x00
core   0: 0x000000008000efc0 (0xfc843703) ld      a4, -56(s0)
core   0: 3 0x000000008000efc0 (0xfc843703) x14 0x0000000080011040 mem 0x0000000080030f38
core   0: 0x000000008000efc4 (0xfb843783) ld      a5, -72(s0)
core   0: 3 0x000000008000efc4 (0xfb843783) x15 0x000000000000009c mem 0x0000000080030f28
core   0: 0x000000008000efc8 (0x000097ba) c.add   a5, a4
core   0: 3 0x000000008000efc8 (0x97ba) x15 0x00000000800110dc
core   0: 0x000000008000efca (0xfe043703) ld      a4, -32(s0)
core   0: 3 0x000000008000efca (0xfe043703) x14 0x00000000800110a5 mem 0x0000000080030f50
core   0: 0x000000008000efce (0xfcf76de3) bltu    a4, a5, pc - 38
core   0: 3 0x000000008000efce (0xfcf76de3)
core   0: 0x000000008000efa8 (0xfe043783) ld      a5, -32(s0)
core   0: 3 0x000000008000efa8 (0xfe043783) x15 0x00000000800110a5 mem 0x0000000080030f50
core   0: 0x000000008000efac (0x00178713) addi    a4, a5, 1
core   0: 3 0x000000008000efac (0x00178713) x14 0x00000000800110a6
core   0: 0x000000008000efb0 (0xfee43023) sd      a4, -32(s0)
core   0: 3 0x000000008000efb0 (0xfee43023) mem 0x0000000080030f50 0x00000000800110a6
core   0: 0x000000008000efb4 (0xfc442703) lw      a4, -60(s0)
core   0: 3 0x000000008000efb4 (0xfc442703) x14 0x0000000000000000 mem 0x0000000080030f34
core   0: 0x000000008000efb8 (0x0ff77713) andi    a4, a4, 255
core   0: 3 0x000000008000efb8 (0x0ff77713) x14 0x0000000000000000
core   0: 0x000000008000efbc (0x00e78023) sb      a4, 0(a5)
core   0: 3 0x000000008000efbc (0x00e78023) mem 0x00000000800110a5 0x00
core   0: 0x000000008000efc0 (0xfc843703) ld      a4, -56(s0)
core   0: 3 0x000000008000efc0 (0xfc843703) x14 0x0000000080011040 mem 0x0000000080030f38
core   0: 0x000000008000efc4 (0xfb843783) ld      a5, -72(s0)
core   0: 3 0x000000008000efc4 (0xfb843783) x15 0x000000000000009c mem 0x0000000080030f28
core   0: 0x000000008000efc8 (0x000097ba) c.add   a5, a4
core   0: 3 0x000000008000efc8 (0x97ba) x15 0x00000000800110dc
core   0: 0x000000008000efca (0xfe043703) ld      a4, -32(s0)
core   0: 3 0x000000008000efca (0xfe043703) x14 0x00000000800110a6 mem 0x0000000080030f50
core   0: 0x000000008000efce (0xfcf76de3) bltu    a4, a5, pc - 38
core   0: 3 0x000000008000efce (0xfcf76de3)
core   0: 0x000000008000efa8 (0xfe043783) ld      a5, -32(s0)
core   0: 3 0x000000008000efa8 (0xfe043783) x15 0x00000000800110a6 mem 0x0000000080030f50
core   0: 0x000000008000efac (0x00178713) addi    a4, a5, 1
core   0: 3 0x000000008000efac (0x00178713) x14 0x00000000800110a7
core   0: 0x000000008000efb0 (0xfee43023) sd      a4, -32(s0)
core   0: 3 0x000000008000efb0 (0xfee43023) mem 0x0000000080030f50 0x00000000800110a7
core   0: 0x000000008000efb4 (0xfc442703) lw      a4, -60(s0)
core   0: 3 0x000000008000efb4 (0xfc442703) x14 0x0000000000000000 mem 0x0000000080030f34
core   0: 0x000000008000efb8 (0x0ff77713) andi    a4, a4, 255
core   0: 3 0x000000008000efb8 (0x0ff77713) x14 0x0000000000000000
core   0: 0x000000008000efbc (0x00e78023) sb      a4, 0(a5)
core   0: 3 0x000000008000efbc (0x00e78023) mem 0x00000000800110a6 0x00
core   0: 0x000000008000efc0 (0xfc843703) ld      a4, -56(s0)
core   0: 3 0x000000008000efc0 (0xfc843703) x14 0x0000000080011040 mem 0x0000000080030f38
core   0: 0x000000008000efc4 (0xfb843783) ld      a5, -72(s0)
core   0: 3 0x000000008000efc4 (0xfb843783) x15 0x000000000000009c mem 0x0000000080030f28
core   0: 0x000000008000efc8 (0x000097ba) c.add   a5, a4
core   0: 3 0x000000008000efc8 (0x97ba) x15 0x00000000800110dc
core   0: 0x000000008000efca (0xfe043703) ld      a4, -32(s0)
core   0: 3 0x000000008000efca (0xfe043703) x14 0x00000000800110a7 mem 0x0000000080030f50
core   0: 0x000000008000efce (0xfcf76de3) bltu    a4, a5, pc - 38
core   0: 3 0x000000008000efce (0xfcf76de3)
core   0: 0x000000008000efa8 (0xfe043783) ld      a5, -32(s0)
core   0: 3 0x000000008000efa8 (0xfe043783) x15 0x00000000800110a7 mem 0x0000000080030f50
core   0: 0x000000008000efac (0x00178713) addi    a4, a5, 1
core   0: 3 0x000000008000efac (0x00178713) x14 0x00000000800110a8
core   0: 0x000000008000efb0 (0xfee43023) sd      a4, -32(s0)
core   0: 3 0x000000008000efb0 (0xfee43023) mem 0x0000000080030f50 0x00000000800110a8
core   0: 0x000000008000efb4 (0xfc442703) lw      a4, -60(s0)
core   0: 3 0x000000008000efb4 (0xfc442703) x14 0x0000000000000000 mem 0x0000000080030f34
core   0: 0x000000008000efb8 (0x0ff77713) andi    a4, a4, 255
core   0: 3 0x000000008000efb8 (0x0ff77713) x14 0x0000000000000000
core   0: 0x000000008000efbc (0x00e78023) sb      a4, 0(a5)
core   0: 3 0x000000008000efbc (0x00e78023) mem 0x00000000800110a7 0x00
core   0: 0x000000008000efc0 (0xfc843703) ld      a4, -56(s0)
core   0: 3 0x000000008000efc0 (0xfc843703) x14 0x0000000080011040 mem 0x0000000080030f38
core   0: 0x000000008000efc4 (0xfb843783) ld      a5, -72(s0)
core   0: 3 0x000000008000efc4 (0xfb843783) x15 0x000000000000009c mem 0x0000000080030f28
core   0: 0x000000008000efc8 (0x000097ba) c.add   a5, a4
core   0: 3 0x000000008000efc8 (0x97ba) x15 0x00000000800110dc
core   0: 0x000000008000efca (0xfe043703) ld      a4, -32(s0)
core   0: 3 0x000000008000efca (0xfe043703) x14 0x00000000800110a8 mem 0x0000000080030f50
core   0: 0x000000008000efce (0xfcf76de3) bltu    a4, a5, pc - 38
core   0: 3 0x000000008000efce (0xfcf76de3)
core   0: 0x000000008000efa8 (0xfe043783) ld      a5, -32(s0)
core   0: 3 0x000000008000efa8 (0xfe043783) x15 0x00000000800110a8 mem 0x0000000080030f50
core   0: 0x000000008000efac (0x00178713) addi    a4, a5, 1
core   0: 3 0x000000008000efac (0x00178713) x14 0x00000000800110a9
core   0: 0x000000008000efb0 (0xfee43023) sd      a4, -32(s0)
core   0: 3 0x000000008000efb0 (0xfee43023) mem 0x0000000080030f50 0x00000000800110a9
core   0: 0x000000008000efb4 (0xfc442703) lw      a4, -60(s0)
core   0: 3 0x000000008000efb4 (0xfc442703) x14 0x0000000000000000 mem 0x0000000080030f34
core   0: 0x000000008000efb8 (0x0ff77713) andi    a4, a4, 255
core   0: 3 0x000000008000efb8 (0x0ff77713) x14 0x0000000000000000
core   0: 0x000000008000efbc (0x00e78023) sb      a4, 0(a5)
core   0: 3 0x000000008000efbc (0x00e78023) mem 0x00000000800110a8 0x00
core   0: 0x000000008000efc0 (0xfc843703) ld      a4, -56(s0)
core   0: 3 0x000000008000efc0 (0xfc843703) x14 0x0000000080011040 mem 0x0000000080030f38
core   0: 0x000000008000efc4 (0xfb843783) ld      a5, -72(s0)
core   0: 3 0x000000008000efc4 (0xfb843783) x15 0x000000000000009c mem 0x0000000080030f28
core   0: 0x000000008000efc8 (0x000097ba) c.add   a5, a4
core   0: 3 0x000000008000efc8 (0x97ba) x15 0x00000000800110dc
core   0: 0x000000008000efca (0xfe043703) ld      a4, -32(s0)
core   0: 3 0x000000008000efca (0xfe043703) x14 0x00000000800110a9 mem 0x0000000080030f50
core   0: 0x000000008000efce (0xfcf76de3) bltu    a4, a5, pc - 38
core   0: 3 0x000000008000efce (0xfcf76de3)
core   0: 0x000000008000efa8 (0xfe043783) ld      a5, -32(s0)
core   0: 3 0x000000008000efa8 (0xfe043783) x15 0x00000000800110a9 mem 0x0000000080030f50
core   0: 0x000000008000efac (0x00178713) addi    a4, a5, 1
core   0: 3 0x000000008000efac (0x00178713) x14 0x00000000800110aa
core   0: 0x000000008000efb0 (0xfee43023) sd      a4, -32(s0)
core   0: 3 0x000000008000efb0 (0xfee43023) mem 0x0000000080030f50 0x00000000800110aa
core   0: 0x000000008000efb4 (0xfc442703) lw      a4, -60(s0)
core   0: 3 0x000000008000efb4 (0xfc442703) x14 0x0000000000000000 mem 0x0000000080030f34
core   0: 0x000000008000efb8 (0x0ff77713) andi    a4, a4, 255
core   0: 3 0x000000008000efb8 (0x0ff77713) x14 0x0000000000000000
core   0: 0x000000008000efbc (0x00e78023) sb      a4, 0(a5)
core   0: 3 0x000000008000efbc (0x00e78023) mem 0x00000000800110a9 0x00
core   0: 0x000000008000efc0 (0xfc843703) ld      a4, -56(s0)
core   0: 3 0x000000008000efc0 (0xfc843703) x14 0x0000000080011040 mem 0x0000000080030f38
core   0: 0x000000008000efc4 (0xfb843783) ld      a5, -72(s0)
core   0: 3 0x000000008000efc4 (0xfb843783) x15 0x000000000000009c mem 0x0000000080030f28
core   0: 0x000000008000efc8 (0x000097ba) c.add   a5, a4
core   0: 3 0x000000008000efc8 (0x97ba) x15 0x00000000800110dc
core   0: 0x000000008000efca (0xfe043703) ld      a4, -32(s0)
core   0: 3 0x000000008000efca (0xfe043703) x14 0x00000000800110aa mem 0x0000000080030f50
core   0: 0x000000008000efce (0xfcf76de3) bltu    a4, a5, pc - 38
core   0: 3 0x000000008000efce (0xfcf76de3)
core   0: 0x000000008000efa8 (0xfe043783) ld      a5, -32(s0)
core   0: 3 0x000000008000efa8 (0xfe043783) x15 0x00000000800110aa mem 0x0000000080030f50
core   0: 0x000000008000efac (0x00178713) addi    a4, a5, 1
core   0: 3 0x000000008000efac (0x00178713) x14 0x00000000800110ab
core   0: 0x000000008000efb0 (0xfee43023) sd      a4, -32(s0)
core   0: 3 0x000000008000efb0 (0xfee43023) mem 0x0000000080030f50 0x00000000800110ab
core   0: 0x000000008000efb4 (0xfc442703) lw      a4, -60(s0)
core   0: 3 0x000000008000efb4 (0xfc442703) x14 0x0000000000000000 mem 0x0000000080030f34
core   0: 0x000000008000efb8 (0x0ff77713) andi    a4, a4, 255
core   0: 3 0x000000008000efb8 (0x0ff77713) x14 0x0000000000000000
core   0: 0x000000008000efbc (0x00e78023) sb      a4, 0(a5)
core   0: 3 0x000000008000efbc (0x00e78023) mem 0x00000000800110aa 0x00
core   0: 0x000000008000efc0 (0xfc843703) ld      a4, -56(s0)
core   0: 3 0x000000008000efc0 (0xfc843703) x14 0x0000000080011040 mem 0x0000000080030f38
core   0: 0x000000008000efc4 (0xfb843783) ld      a5, -72(s0)
core   0: 3 0x000000008000efc4 (0xfb843783) x15 0x000000000000009c mem 0x0000000080030f28
core   0: 0x000000008000efc8 (0x000097ba) c.add   a5, a4
core   0: 3 0x000000008000efc8 (0x97ba) x15 0x00000000800110dc
core   0: 0x000000008000efca (0xfe043703) ld      a4, -32(s0)
core   0: 3 0x000000008000efca (0xfe043703) x14 0x00000000800110ab mem 0x0000000080030f50
core   0: 0x000000008000efce (0xfcf76de3) bltu    a4, a5, pc - 38
core   0: 3 0x000000008000efce (0xfcf76de3)
core   0: 0x000000008000efa8 (0xfe043783) ld      a5, -32(s0)
core   0: 3 0x000000008000efa8 (0xfe043783) x15 0x00000000800110ab mem 0x0000000080030f50
core   0: 0x000000008000efac (0x00178713) addi    a4, a5, 1
core   0: 3 0x000000008000efac (0x00178713) x14 0x00000000800110ac
core   0: 0x000000008000efb0 (0xfee43023) sd      a4, -32(s0)
core   0: 3 0x000000008000efb0 (0xfee43023) mem 0x0000000080030f50 0x00000000800110ac
core   0: 0x000000008000efb4 (0xfc442703) lw      a4, -60(s0)
core   0: 3 0x000000008000efb4 (0xfc442703) x14 0x0000000000000000 mem 0x0000000080030f34
core   0: 0x000000008000efb8 (0x0ff77713) andi    a4, a4, 255
core   0: 3 0x000000008000efb8 (0x0ff77713) x14 0x0000000000000000
core   0: 0x000000008000efbc (0x00e78023) sb      a4, 0(a5)
core   0: 3 0x000000008000efbc (0x00e78023) mem 0x00000000800110ab 0x00
core   0: 0x000000008000efc0 (0xfc843703) ld      a4, -56(s0)
core   0: 3 0x000000008000efc0 (0xfc843703) x14 0x0000000080011040 mem 0x0000000080030f38
core   0: 0x000000008000efc4 (0xfb843783) ld      a5, -72(s0)
core   0: 3 0x000000008000efc4 (0xfb843783) x15 0x000000000000009c mem 0x0000000080030f28
core   0: 0x000000008000efc8 (0x000097ba) c.add   a5, a4
core   0: 3 0x000000008000efc8 (0x97ba) x15 0x00000000800110dc
core   0: 0x000000008000efca (0xfe043703) ld      a4, -32(s0)
core   0: 3 0x000000008000efca (0xfe043703) x14 0x00000000800110ac mem 0x0000000080030f50
core   0: 0x000000008000efce (0xfcf76de3) bltu    a4, a5, pc - 38
core   0: 3 0x000000008000efce (0xfcf76de3)
core   0: 0x000000008000efa8 (0xfe043783) ld      a5, -32(s0)
core   0: 3 0x000000008000efa8 (0xfe043783) x15 0x00000000800110ac mem 0x0000000080030f50
core   0: 0x000000008000efac (0x00178713) addi    a4, a5, 1
core   0: 3 0x000000008000efac (0x00178713) x14 0x00000000800110ad
core   0: 0x000000008000efb0 (0xfee43023) sd      a4, -32(s0)
core   0: 3 0x000000008000efb0 (0xfee43023) mem 0x0000000080030f50 0x00000000800110ad
core   0: 0x000000008000efb4 (0xfc442703) lw      a4, -60(s0)
core   0: 3 0x000000008000efb4 (0xfc442703) x14 0x0000000000000000 mem 0x0000000080030f34
core   0: 0x000000008000efb8 (0x0ff77713) andi    a4, a4, 255
core   0: 3 0x000000008000efb8 (0x0ff77713) x14 0x0000000000000000
core   0: 0x000000008000efbc (0x00e78023) sb      a4, 0(a5)
core   0: 3 0x000000008000efbc (0x00e78023) mem 0x00000000800110ac 0x00
core   0: 0x000000008000efc0 (0xfc843703) ld      a4, -56(s0)
core   0: 3 0x000000008000efc0 (0xfc843703) x14 0x0000000080011040 mem 0x0000000080030f38
core   0: 0x000000008000efc4 (0xfb843783) ld      a5, -72(s0)
core   0: 3 0x000000008000efc4 (0xfb843783) x15 0x000000000000009c mem 0x0000000080030f28
core   0: 0x000000008000efc8 (0x000097ba) c.add   a5, a4
core   0: 3 0x000000008000efc8 (0x97ba) x15 0x00000000800110dc
core   0: 0x000000008000efca (0xfe043703) ld      a4, -32(s0)
core   0: 3 0x000000008000efca (0xfe043703) x14 0x00000000800110ad mem 0x0000000080030f50
core   0: 0x000000008000efce (0xfcf76de3) bltu    a4, a5, pc - 38
core   0: 3 0x000000008000efce (0xfcf76de3)
core   0: 0x000000008000efa8 (0xfe043783) ld      a5, -32(s0)
core   0: 3 0x000000008000efa8 (0xfe043783) x15 0x00000000800110ad mem 0x0000000080030f50
core   0: 0x000000008000efac (0x00178713) addi    a4, a5, 1
core   0: 3 0x000000008000efac (0x00178713) x14 0x00000000800110ae
core   0: 0x000000008000efb0 (0xfee43023) sd      a4, -32(s0)
core   0: 3 0x000000008000efb0 (0xfee43023) mem 0x0000000080030f50 0x00000000800110ae
core   0: 0x000000008000efb4 (0xfc442703) lw      a4, -60(s0)
core   0: 3 0x000000008000efb4 (0xfc442703) x14 0x0000000000000000 mem 0x0000000080030f34
core   0: 0x000000008000efb8 (0x0ff77713) andi    a4, a4, 255
core   0: 3 0x000000008000efb8 (0x0ff77713) x14 0x0000000000000000
core   0: 0x000000008000efbc (0x00e78023) sb      a4, 0(a5)
core   0: 3 0x000000008000efbc (0x00e78023) mem 0x00000000800110ad 0x00
core   0: 0x000000008000efc0 (0xfc843703) ld      a4, -56(s0)
core   0: 3 0x000000008000efc0 (0xfc843703) x14 0x0000000080011040 mem 0x0000000080030f38
core   0: 0x000000008000efc4 (0xfb843783) ld      a5, -72(s0)
core   0: 3 0x000000008000efc4 (0xfb843783) x15 0x000000000000009c mem 0x0000000080030f28
core   0: 0x000000008000efc8 (0x000097ba) c.add   a5, a4
core   0: 3 0x000000008000efc8 (0x97ba) x15 0x00000000800110dc
core   0: 0x000000008000efca (0xfe043703) ld      a4, -32(s0)
core   0: 3 0x000000008000efca (0xfe043703) x14 0x00000000800110ae mem 0x0000000080030f50
core   0: 0x000000008000efce (0xfcf76de3) bltu    a4, a5, pc - 38
core   0: 3 0x000000008000efce (0xfcf76de3)
core   0: 0x000000008000efa8 (0xfe043783) ld      a5, -32(s0)
core   0: 3 0x000000008000efa8 (0xfe043783) x15 0x00000000800110ae mem 0x0000000080030f50
core   0: 0x000000008000efac (0x00178713) addi    a4, a5, 1
core   0: 3 0x000000008000efac (0x00178713) x14 0x00000000800110af
core   0: 0x000000008000efb0 (0xfee43023) sd      a4, -32(s0)
core   0: 3 0x000000008000efb0 (0xfee43023) mem 0x0000000080030f50 0x00000000800110af
core   0: 0x000000008000efb4 (0xfc442703) lw      a4, -60(s0)
core   0: 3 0x000000008000efb4 (0xfc442703) x14 0x0000000000000000 mem 0x0000000080030f34
core   0: 0x000000008000efb8 (0x0ff77713) andi    a4, a4, 255
core   0: 3 0x000000008000efb8 (0x0ff77713) x14 0x0000000000000000
core   0: 0x000000008000efbc (0x00e78023) sb      a4, 0(a5)
core   0: 3 0x000000008000efbc (0x00e78023) mem 0x00000000800110ae 0x00
core   0: 0x000000008000efc0 (0xfc843703) ld      a4, -56(s0)
core   0: 3 0x000000008000efc0 (0xfc843703) x14 0x0000000080011040 mem 0x0000000080030f38
core   0: 0x000000008000efc4 (0xfb843783) ld      a5, -72(s0)
core   0: 3 0x000000008000efc4 (0xfb843783) x15 0x000000000000009c mem 0x0000000080030f28
core   0: 0x000000008000efc8 (0x000097ba) c.add   a5, a4
core   0: 3 0x000000008000efc8 (0x97ba) x15 0x00000000800110dc
core   0: 0x000000008000efca (0xfe043703) ld      a4, -32(s0)
core   0: 3 0x000000008000efca (0xfe043703) x14 0x00000000800110af mem 0x0000000080030f50
core   0: 0x000000008000efce (0xfcf76de3) bltu    a4, a5, pc - 38
core   0: 3 0x000000008000efce (0xfcf76de3)
core   0: 0x000000008000efa8 (0xfe043783) ld      a5, -32(s0)
core   0: 3 0x000000008000efa8 (0xfe043783) x15 0x00000000800110af mem 0x0000000080030f50
core   0: 0x000000008000efac (0x00178713) addi    a4, a5, 1
core   0: 3 0x000000008000efac (0x00178713) x14 0x00000000800110b0
core   0: 0x000000008000efb0 (0xfee43023) sd      a4, -32(s0)
core   0: 3 0x000000008000efb0 (0xfee43023) mem 0x0000000080030f50 0x00000000800110b0
core   0: 0x000000008000efb4 (0xfc442703) lw      a4, -60(s0)
core   0: 3 0x000000008000efb4 (0xfc442703) x14 0x0000000000000000 mem 0x0000000080030f34
core   0: 0x000000008000efb8 (0x0ff77713) andi    a4, a4, 255
core   0: 3 0x000000008000efb8 (0x0ff77713) x14 0x0000000000000000
core   0: 0x000000008000efbc (0x00e78023) sb      a4, 0(a5)
core   0: 3 0x000000008000efbc (0x00e78023) mem 0x00000000800110af 0x00
core   0: 0x000000008000efc0 (0xfc843703) ld      a4, -56(s0)
core   0: 3 0x000000008000efc0 (0xfc843703) x14 0x0000000080011040 mem 0x0000000080030f38
core   0: 0x000000008000efc4 (0xfb843783) ld      a5, -72(s0)
core   0: 3 0x000000008000efc4 (0xfb843783) x15 0x000000000000009c mem 0x0000000080030f28
core   0: 0x000000008000efc8 (0x000097ba) c.add   a5, a4
core   0: 3 0x000000008000efc8 (0x97ba) x15 0x00000000800110dc
core   0: 0x000000008000efca (0xfe043703) ld      a4, -32(s0)
core   0: 3 0x000000008000efca (0xfe043703) x14 0x00000000800110b0 mem 0x0000000080030f50
core   0: 0x000000008000efce (0xfcf76de3) bltu    a4, a5, pc - 38
core   0: 3 0x000000008000efce (0xfcf76de3)
core   0: 0x000000008000efa8 (0xfe043783) ld      a5, -32(s0)
core   0: 3 0x000000008000efa8 (0xfe043783) x15 0x00000000800110b0 mem 0x0000000080030f50
core   0: 0x000000008000efac (0x00178713) addi    a4, a5, 1
core   0: 3 0x000000008000efac (0x00178713) x14 0x00000000800110b1
core   0: 0x000000008000efb0 (0xfee43023) sd      a4, -32(s0)
core   0: 3 0x000000008000efb0 (0xfee43023) mem 0x0000000080030f50 0x00000000800110b1
core   0: 0x000000008000efb4 (0xfc442703) lw      a4, -60(s0)
core   0: 3 0x000000008000efb4 (0xfc442703) x14 0x0000000000000000 mem 0x0000000080030f34
core   0: 0x000000008000efb8 (0x0ff77713) andi    a4, a4, 255
core   0: 3 0x000000008000efb8 (0x0ff77713) x14 0x0000000000000000
core   0: 0x000000008000efbc (0x00e78023) sb      a4, 0(a5)
core   0: 3 0x000000008000efbc (0x00e78023) mem 0x00000000800110b0 0x00
core   0: 0x000000008000efc0 (0xfc843703) ld      a4, -56(s0)
core   0: 3 0x000000008000efc0 (0xfc843703) x14 0x0000000080011040 mem 0x0000000080030f38
core   0: 0x000000008000efc4 (0xfb843783) ld      a5, -72(s0)
core   0: 3 0x000000008000efc4 (0xfb843783) x15 0x000000000000009c mem 0x0000000080030f28
core   0: 0x000000008000efc8 (0x000097ba) c.add   a5, a4
core   0: 3 0x000000008000efc8 (0x97ba) x15 0x00000000800110dc
core   0: 0x000000008000efca (0xfe043703) ld      a4, -32(s0)
core   0: 3 0x000000008000efca (0xfe043703) x14 0x00000000800110b1 mem 0x0000000080030f50
core   0: 0x000000008000efce (0xfcf76de3) bltu    a4, a5, pc - 38
core   0: 3 0x000000008000efce (0xfcf76de3)
core   0: 0x000000008000efa8 (0xfe043783) ld      a5, -32(s0)
core   0: 3 0x000000008000efa8 (0xfe043783) x15 0x00000000800110b1 mem 0x0000000080030f50
core   0: 0x000000008000efac (0x00178713) addi    a4, a5, 1
core   0: 3 0x000000008000efac (0x00178713) x14 0x00000000800110b2
core   0: 0x000000008000efb0 (0xfee43023) sd      a4, -32(s0)
core   0: 3 0x000000008000efb0 (0xfee43023) mem 0x0000000080030f50 0x00000000800110b2
core   0: 0x000000008000efb4 (0xfc442703) lw      a4, -60(s0)
core   0: 3 0x000000008000efb4 (0xfc442703) x14 0x0000000000000000 mem 0x0000000080030f34
core   0: 0x000000008000efb8 (0x0ff77713) andi    a4, a4, 255
core   0: 3 0x000000008000efb8 (0x0ff77713) x14 0x0000000000000000
core   0: 0x000000008000efbc (0x00e78023) sb      a4, 0(a5)
core   0: 3 0x000000008000efbc (0x00e78023) mem 0x00000000800110b1 0x00
core   0: 0x000000008000efc0 (0xfc843703) ld      a4, -56(s0)
core   0: 3 0x000000008000efc0 (0xfc843703) x14 0x0000000080011040 mem 0x0000000080030f38
core   0: 0x000000008000efc4 (0xfb843783) ld      a5, -72(s0)
core   0: 3 0x000000008000efc4 (0xfb843783) x15 0x000000000000009c mem 0x0000000080030f28
core   0: 0x000000008000efc8 (0x000097ba) c.add   a5, a4
core   0: 3 0x000000008000efc8 (0x97ba) x15 0x00000000800110dc
core   0: 0x000000008000efca (0xfe043703) ld      a4, -32(s0)
core   0: 3 0x000000008000efca (0xfe043703) x14 0x00000000800110b2 mem 0x0000000080030f50
core   0: 0x000000008000efce (0xfcf76de3) bltu    a4, a5, pc - 38
core   0: 3 0x000000008000efce (0xfcf76de3)
core   0: 0x000000008000efa8 (0xfe043783) ld      a5, -32(s0)
core   0: 3 0x000000008000efa8 (0xfe043783) x15 0x00000000800110b2 mem 0x0000000080030f50
core   0: 0x000000008000efac (0x00178713) addi    a4, a5, 1
core   0: 3 0x000000008000efac (0x00178713) x14 0x00000000800110b3
core   0: 0x000000008000efb0 (0xfee43023) sd      a4, -32(s0)
core   0: 3 0x000000008000efb0 (0xfee43023) mem 0x0000000080030f50 0x00000000800110b3
core   0: 0x000000008000efb4 (0xfc442703) lw      a4, -60(s0)
core   0: 3 0x000000008000efb4 (0xfc442703) x14 0x0000000000000000 mem 0x0000000080030f34
core   0: 0x000000008000efb8 (0x0ff77713) andi    a4, a4, 255
core   0: 3 0x000000008000efb8 (0x0ff77713) x14 0x0000000000000000
core   0: 0x000000008000efbc (0x00e78023) sb      a4, 0(a5)
core   0: 3 0x000000008000efbc (0x00e78023) mem 0x00000000800110b2 0x00
core   0: 0x000000008000efc0 (0xfc843703) ld      a4, -56(s0)
core   0: 3 0x000000008000efc0 (0xfc843703) x14 0x0000000080011040 mem 0x0000000080030f38
core   0: 0x000000008000efc4 (0xfb843783) ld      a5, -72(s0)
core   0: 3 0x000000008000efc4 (0xfb843783) x15 0x000000000000009c mem 0x0000000080030f28
core   0: 0x000000008000efc8 (0x000097ba) c.add   a5, a4
core   0: 3 0x000000008000efc8 (0x97ba) x15 0x00000000800110dc
core   0: 0x000000008000efca (0xfe043703) ld      a4, -32(s0)
core   0: 3 0x000000008000efca (0xfe043703) x14 0x00000000800110b3 mem 0x0000000080030f50
core   0: 0x000000008000efce (0xfcf76de3) bltu    a4, a5, pc - 38
core   0: 3 0x000000008000efce (0xfcf76de3)
core   0: 0x000000008000efa8 (0xfe043783) ld      a5, -32(s0)
core   0: 3 0x000000008000efa8 (0xfe043783) x15 0x00000000800110b3 mem 0x0000000080030f50
core   0: 0x000000008000efac (0x00178713) addi    a4, a5, 1
core   0: 3 0x000000008000efac (0x00178713) x14 0x00000000800110b4
core   0: 0x000000008000efb0 (0xfee43023) sd      a4, -32(s0)
core   0: 3 0x000000008000efb0 (0xfee43023) mem 0x0000000080030f50 0x00000000800110b4
core   0: 0x000000008000efb4 (0xfc442703) lw      a4, -60(s0)
core   0: 3 0x000000008000efb4 (0xfc442703) x14 0x0000000000000000 mem 0x0000000080030f34
core   0: 0x000000008000efb8 (0x0ff77713) andi    a4, a4, 255
core   0: 3 0x000000008000efb8 (0x0ff77713) x14 0x0000000000000000
core   0: 0x000000008000efbc (0x00e78023) sb      a4, 0(a5)
core   0: 3 0x000000008000efbc (0x00e78023) mem 0x00000000800110b3 0x00
core   0: 0x000000008000efc0 (0xfc843703) ld      a4, -56(s0)
core   0: 3 0x000000008000efc0 (0xfc843703) x14 0x0000000080011040 mem 0x0000000080030f38
core   0: 0x000000008000efc4 (0xfb843783) ld      a5, -72(s0)
core   0: 3 0x000000008000efc4 (0xfb843783) x15 0x000000000000009c mem 0x0000000080030f28
core   0: 0x000000008000efc8 (0x000097ba) c.add   a5, a4
core   0: 3 0x000000008000efc8 (0x97ba) x15 0x00000000800110dc
core   0: 0x000000008000efca (0xfe043703) ld      a4, -32(s0)
core   0: 3 0x000000008000efca (0xfe043703) x14 0x00000000800110b4 mem 0x0000000080030f50
core   0: 0x000000008000efce (0xfcf76de3) bltu    a4, a5, pc - 38
core   0: 3 0x000000008000efce (0xfcf76de3)
core   0: 0x000000008000efa8 (0xfe043783) ld      a5, -32(s0)
core   0: 3 0x000000008000efa8 (0xfe043783) x15 0x00000000800110b4 mem 0x0000000080030f50
core   0: 0x000000008000efac (0x00178713) addi    a4, a5, 1
core   0: 3 0x000000008000efac (0x00178713) x14 0x00000000800110b5
core   0: 0x000000008000efb0 (0xfee43023) sd      a4, -32(s0)
core   0: 3 0x000000008000efb0 (0xfee43023) mem 0x0000000080030f50 0x00000000800110b5
core   0: 0x000000008000efb4 (0xfc442703) lw      a4, -60(s0)
core   0: 3 0x000000008000efb4 (0xfc442703) x14 0x0000000000000000 mem 0x0000000080030f34
core   0: 0x000000008000efb8 (0x0ff77713) andi    a4, a4, 255
core   0: 3 0x000000008000efb8 (0x0ff77713) x14 0x0000000000000000
core   0: 0x000000008000efbc (0x00e78023) sb      a4, 0(a5)
core   0: 3 0x000000008000efbc (0x00e78023) mem 0x00000000800110b4 0x00
core   0: 0x000000008000efc0 (0xfc843703) ld      a4, -56(s0)
core   0: 3 0x000000008000efc0 (0xfc843703) x14 0x0000000080011040 mem 0x0000000080030f38
core   0: 0x000000008000efc4 (0xfb843783) ld      a5, -72(s0)
core   0: 3 0x000000008000efc4 (0xfb843783) x15 0x000000000000009c mem 0x0000000080030f28
core   0: 0x000000008000efc8 (0x000097ba) c.add   a5, a4
core   0: 3 0x000000008000efc8 (0x97ba) x15 0x00000000800110dc
core   0: 0x000000008000efca (0xfe043703) ld      a4, -32(s0)
core   0: 3 0x000000008000efca (0xfe043703) x14 0x00000000800110b5 mem 0x0000000080030f50
core   0: 0x000000008000efce (0xfcf76de3) bltu    a4, a5, pc - 38
core   0: 3 0x000000008000efce (0xfcf76de3)
core   0: 0x000000008000efa8 (0xfe043783) ld      a5, -32(s0)
core   0: 3 0x000000008000efa8 (0xfe043783) x15 0x00000000800110b5 mem 0x0000000080030f50
core   0: 0x000000008000efac (0x00178713) addi    a4, a5, 1
core   0: 3 0x000000008000efac (0x00178713) x14 0x00000000800110b6
core   0: 0x000000008000efb0 (0xfee43023) sd      a4, -32(s0)
core   0: 3 0x000000008000efb0 (0xfee43023) mem 0x0000000080030f50 0x00000000800110b6
core   0: 0x000000008000efb4 (0xfc442703) lw      a4, -60(s0)
core   0: 3 0x000000008000efb4 (0xfc442703) x14 0x0000000000000000 mem 0x0000000080030f34
core   0: 0x000000008000efb8 (0x0ff77713) andi    a4, a4, 255
core   0: 3 0x000000008000efb8 (0x0ff77713) x14 0x0000000000000000
core   0: 0x000000008000efbc (0x00e78023) sb      a4, 0(a5)
core   0: 3 0x000000008000efbc (0x00e78023) mem 0x00000000800110b5 0x00
core   0: 0x000000008000efc0 (0xfc843703) ld      a4, -56(s0)
core   0: 3 0x000000008000efc0 (0xfc843703) x14 0x0000000080011040 mem 0x0000000080030f38
core   0: 0x000000008000efc4 (0xfb843783) ld      a5, -72(s0)
core   0: 3 0x000000008000efc4 (0xfb843783) x15 0x000000000000009c mem 0x0000000080030f28
core   0: 0x000000008000efc8 (0x000097ba) c.add   a5, a4
core   0: 3 0x000000008000efc8 (0x97ba) x15 0x00000000800110dc
core   0: 0x000000008000efca (0xfe043703) ld      a4, -32(s0)
core   0: 3 0x000000008000efca (0xfe043703) x14 0x00000000800110b6 mem 0x0000000080030f50
core   0: 0x000000008000efce (0xfcf76de3) bltu    a4, a5, pc - 38
core   0: 3 0x000000008000efce (0xfcf76de3)
core   0: 0x000000008000efa8 (0xfe043783) ld      a5, -32(s0)
core   0: 3 0x000000008000efa8 (0xfe043783) x15 0x00000000800110b6 mem 0x0000000080030f50
core   0: 0x000000008000efac (0x00178713) addi    a4, a5, 1
core   0: 3 0x000000008000efac (0x00178713) x14 0x00000000800110b7
core   0: 0x000000008000efb0 (0xfee43023) sd      a4, -32(s0)
core   0: 3 0x000000008000efb0 (0xfee43023) mem 0x0000000080030f50 0x00000000800110b7
core   0: 0x000000008000efb4 (0xfc442703) lw      a4, -60(s0)
core   0: 3 0x000000008000efb4 (0xfc442703) x14 0x0000000000000000 mem 0x0000000080030f34
core   0: 0x000000008000efb8 (0x0ff77713) andi    a4, a4, 255
core   0: 3 0x000000008000efb8 (0x0ff77713) x14 0x0000000000000000
core   0: 0x000000008000efbc (0x00e78023) sb      a4, 0(a5)
core   0: 3 0x000000008000efbc (0x00e78023) mem 0x00000000800110b6 0x00
core   0: 0x000000008000efc0 (0xfc843703) ld      a4, -56(s0)
core   0: 3 0x000000008000efc0 (0xfc843703) x14 0x0000000080011040 mem 0x0000000080030f38
core   0: 0x000000008000efc4 (0xfb843783) ld      a5, -72(s0)
core   0: 3 0x000000008000efc4 (0xfb843783) x15 0x000000000000009c mem 0x0000000080030f28
core   0: 0x000000008000efc8 (0x000097ba) c.add   a5, a4
core   0: 3 0x000000008000efc8 (0x97ba) x15 0x00000000800110dc
core   0: 0x000000008000efca (0xfe043703) ld      a4, -32(s0)
core   0: 3 0x000000008000efca (0xfe043703) x14 0x00000000800110b7 mem 0x0000000080030f50
core   0: 0x000000008000efce (0xfcf76de3) bltu    a4, a5, pc - 38
core   0: 3 0x000000008000efce (0xfcf76de3)
core   0: 0x000000008000efa8 (0xfe043783) ld      a5, -32(s0)
core   0: 3 0x000000008000efa8 (0xfe043783) x15 0x00000000800110b7 mem 0x0000000080030f50
core   0: 0x000000008000efac (0x00178713) addi    a4, a5, 1
core   0: 3 0x000000008000efac (0x00178713) x14 0x00000000800110b8
core   0: 0x000000008000efb0 (0xfee43023) sd      a4, -32(s0)
core   0: 3 0x000000008000efb0 (0xfee43023) mem 0x0000000080030f50 0x00000000800110b8
core   0: 0x000000008000efb4 (0xfc442703) lw      a4, -60(s0)
core   0: 3 0x000000008000efb4 (0xfc442703) x14 0x0000000000000000 mem 0x0000000080030f34
core   0: 0x000000008000efb8 (0x0ff77713) andi    a4, a4, 255
core   0: 3 0x000000008000efb8 (0x0ff77713) x14 0x0000000000000000
core   0: 0x000000008000efbc (0x00e78023) sb      a4, 0(a5)
core   0: 3 0x000000008000efbc (0x00e78023) mem 0x00000000800110b7 0x00
core   0: 0x000000008000efc0 (0xfc843703) ld      a4, -56(s0)
core   0: 3 0x000000008000efc0 (0xfc843703) x14 0x0000000080011040 mem 0x0000000080030f38
core   0: 0x000000008000efc4 (0xfb843783) ld      a5, -72(s0)
core   0: 3 0x000000008000efc4 (0xfb843783) x15 0x000000000000009c mem 0x0000000080030f28
core   0: 0x000000008000efc8 (0x000097ba) c.add   a5, a4
core   0: 3 0x000000008000efc8 (0x97ba) x15 0x00000000800110dc
core   0: 0x000000008000efca (0xfe043703) ld      a4, -32(s0)
core   0: 3 0x000000008000efca (0xfe043703) x14 0x00000000800110b8 mem 0x0000000080030f50
core   0: 0x000000008000efce (0xfcf76de3) bltu    a4, a5, pc - 38
core   0: 3 0x000000008000efce (0xfcf76de3)
core   0: 0x000000008000efa8 (0xfe043783) ld      a5, -32(s0)
core   0: 3 0x000000008000efa8 (0xfe043783) x15 0x00000000800110b8 mem 0x0000000080030f50
core   0: 0x000000008000efac (0x00178713) addi    a4, a5, 1
core   0: 3 0x000000008000efac (0x00178713) x14 0x00000000800110b9
core   0: 0x000000008000efb0 (0xfee43023) sd      a4, -32(s0)
core   0: 3 0x000000008000efb0 (0xfee43023) mem 0x0000000080030f50 0x00000000800110b9
core   0: 0x000000008000efb4 (0xfc442703) lw      a4, -60(s0)
core   0: 3 0x000000008000efb4 (0xfc442703) x14 0x0000000000000000 mem 0x0000000080030f34
core   0: 0x000000008000efb8 (0x0ff77713) andi    a4, a4, 255
core   0: 3 0x000000008000efb8 (0x0ff77713) x14 0x0000000000000000
core   0: 0x000000008000efbc (0x00e78023) sb      a4, 0(a5)
core   0: 3 0x000000008000efbc (0x00e78023) mem 0x00000000800110b8 0x00
core   0: 0x000000008000efc0 (0xfc843703) ld      a4, -56(s0)
core   0: 3 0x000000008000efc0 (0xfc843703) x14 0x0000000080011040 mem 0x0000000080030f38
core   0: 0x000000008000efc4 (0xfb843783) ld      a5, -72(s0)
core   0: 3 0x000000008000efc4 (0xfb843783) x15 0x000000000000009c mem 0x0000000080030f28
core   0: 0x000000008000efc8 (0x000097ba) c.add   a5, a4
core   0: 3 0x000000008000efc8 (0x97ba) x15 0x00000000800110dc
core   0: 0x000000008000efca (0xfe043703) ld      a4, -32(s0)
core   0: 3 0x000000008000efca (0xfe043703) x14 0x00000000800110b9 mem 0x0000000080030f50
core   0: 0x000000008000efce (0xfcf76de3) bltu    a4, a5, pc - 38
core   0: 3 0x000000008000efce (0xfcf76de3)
core   0: 0x000000008000efa8 (0xfe043783) ld      a5, -32(s0)
core   0: 3 0x000000008000efa8 (0xfe043783) x15 0x00000000800110b9 mem 0x0000000080030f50
core   0: 0x000000008000efac (0x00178713) addi    a4, a5, 1
core   0: 3 0x000000008000efac (0x00178713) x14 0x00000000800110ba
core   0: 0x000000008000efb0 (0xfee43023) sd      a4, -32(s0)
core   0: 3 0x000000008000efb0 (0xfee43023) mem 0x0000000080030f50 0x00000000800110ba
core   0: 0x000000008000efb4 (0xfc442703) lw      a4, -60(s0)
core   0: 3 0x000000008000efb4 (0xfc442703) x14 0x0000000000000000 mem 0x0000000080030f34
core   0: 0x000000008000efb8 (0x0ff77713) andi    a4, a4, 255
core   0: 3 0x000000008000efb8 (0x0ff77713) x14 0x0000000000000000
core   0: 0x000000008000efbc (0x00e78023) sb      a4, 0(a5)
core   0: 3 0x000000008000efbc (0x00e78023) mem 0x00000000800110b9 0x00
core   0: 0x000000008000efc0 (0xfc843703) ld      a4, -56(s0)
core   0: 3 0x000000008000efc0 (0xfc843703) x14 0x0000000080011040 mem 0x0000000080030f38
core   0: 0x000000008000efc4 (0xfb843783) ld      a5, -72(s0)
core   0: 3 0x000000008000efc4 (0xfb843783) x15 0x000000000000009c mem 0x0000000080030f28
core   0: 0x000000008000efc8 (0x000097ba) c.add   a5, a4
core   0: 3 0x000000008000efc8 (0x97ba) x15 0x00000000800110dc
core   0: 0x000000008000efca (0xfe043703) ld      a4, -32(s0)
core   0: 3 0x000000008000efca (0xfe043703) x14 0x00000000800110ba mem 0x0000000080030f50
core   0: 0x000000008000efce (0xfcf76de3) bltu    a4, a5, pc - 38
core   0: 3 0x000000008000efce (0xfcf76de3)
core   0: 0x000000008000efa8 (0xfe043783) ld      a5, -32(s0)
core   0: 3 0x000000008000efa8 (0xfe043783) x15 0x00000000800110ba mem 0x0000000080030f50
core   0: 0x000000008000efac (0x00178713) addi    a4, a5, 1
core   0: 3 0x000000008000efac (0x00178713) x14 0x00000000800110bb
core   0: 0x000000008000efb0 (0xfee43023) sd      a4, -32(s0)
core   0: 3 0x000000008000efb0 (0xfee43023) mem 0x0000000080030f50 0x00000000800110bb
core   0: 0x000000008000efb4 (0xfc442703) lw      a4, -60(s0)
core   0: 3 0x000000008000efb4 (0xfc442703) x14 0x0000000000000000 mem 0x0000000080030f34
core   0: 0x000000008000efb8 (0x0ff77713) andi    a4, a4, 255
core   0: 3 0x000000008000efb8 (0x0ff77713) x14 0x0000000000000000
core   0: 0x000000008000efbc (0x00e78023) sb      a4, 0(a5)
core   0: 3 0x000000008000efbc (0x00e78023) mem 0x00000000800110ba 0x00
core   0: 0x000000008000efc0 (0xfc843703) ld      a4, -56(s0)
core   0: 3 0x000000008000efc0 (0xfc843703) x14 0x0000000080011040 mem 0x0000000080030f38
core   0: 0x000000008000efc4 (0xfb843783) ld      a5, -72(s0)
core   0: 3 0x000000008000efc4 (0xfb843783) x15 0x000000000000009c mem 0x0000000080030f28
core   0: 0x000000008000efc8 (0x000097ba) c.add   a5, a4
core   0: 3 0x000000008000efc8 (0x97ba) x15 0x00000000800110dc
core   0: 0x000000008000efca (0xfe043703) ld      a4, -32(s0)
core   0: 3 0x000000008000efca (0xfe043703) x14 0x00000000800110bb mem 0x0000000080030f50
core   0: 0x000000008000efce (0xfcf76de3) bltu    a4, a5, pc - 38
core   0: 3 0x000000008000efce (0xfcf76de3)
core   0: 0x000000008000efa8 (0xfe043783) ld      a5, -32(s0)
core   0: 3 0x000000008000efa8 (0xfe043783) x15 0x00000000800110bb mem 0x0000000080030f50
core   0: 0x000000008000efac (0x00178713) addi    a4, a5, 1
core   0: 3 0x000000008000efac (0x00178713) x14 0x00000000800110bc
core   0: 0x000000008000efb0 (0xfee43023) sd      a4, -32(s0)
core   0: 3 0x000000008000efb0 (0xfee43023) mem 0x0000000080030f50 0x00000000800110bc
core   0: 0x000000008000efb4 (0xfc442703) lw      a4, -60(s0)
core   0: 3 0x000000008000efb4 (0xfc442703) x14 0x0000000000000000 mem 0x0000000080030f34
core   0: 0x000000008000efb8 (0x0ff77713) andi    a4, a4, 255
core   0: 3 0x000000008000efb8 (0x0ff77713) x14 0x0000000000000000
core   0: 0x000000008000efbc (0x00e78023) sb      a4, 0(a5)
core   0: 3 0x000000008000efbc (0x00e78023) mem 0x00000000800110bb 0x00
core   0: 0x000000008000efc0 (0xfc843703) ld      a4, -56(s0)
core   0: 3 0x000000008000efc0 (0xfc843703) x14 0x0000000080011040 mem 0x0000000080030f38
core   0: 0x000000008000efc4 (0xfb843783) ld      a5, -72(s0)
core   0: 3 0x000000008000efc4 (0xfb843783) x15 0x000000000000009c mem 0x0000000080030f28
core   0: 0x000000008000efc8 (0x000097ba) c.add   a5, a4
core   0: 3 0x000000008000efc8 (0x97ba) x15 0x00000000800110dc
core   0: 0x000000008000efca (0xfe043703) ld      a4, -32(s0)
core   0: 3 0x000000008000efca (0xfe043703) x14 0x00000000800110bc mem 0x0000000080030f50
core   0: 0x000000008000efce (0xfcf76de3) bltu    a4, a5, pc - 38
core   0: 3 0x000000008000efce (0xfcf76de3)
core   0: 0x000000008000efa8 (0xfe043783) ld      a5, -32(s0)
core   0: 3 0x000000008000efa8 (0xfe043783) x15 0x00000000800110bc mem 0x0000000080030f50
core   0: 0x000000008000efac (0x00178713) addi    a4, a5, 1
core   0: 3 0x000000008000efac (0x00178713) x14 0x00000000800110bd
core   0: 0x000000008000efb0 (0xfee43023) sd      a4, -32(s0)
core   0: 3 0x000000008000efb0 (0xfee43023) mem 0x0000000080030f50 0x00000000800110bd
core   0: 0x000000008000efb4 (0xfc442703) lw      a4, -60(s0)
core   0: 3 0x000000008000efb4 (0xfc442703) x14 0x0000000000000000 mem 0x0000000080030f34
core   0: 0x000000008000efb8 (0x0ff77713) andi    a4, a4, 255
core   0: 3 0x000000008000efb8 (0x0ff77713) x14 0x0000000000000000
core   0: 0x000000008000efbc (0x00e78023) sb      a4, 0(a5)
core   0: 3 0x000000008000efbc (0x00e78023) mem 0x00000000800110bc 0x00
core   0: 0x000000008000efc0 (0xfc843703) ld      a4, -56(s0)
core   0: 3 0x000000008000efc0 (0xfc843703) x14 0x0000000080011040 mem 0x0000000080030f38
core   0: 0x000000008000efc4 (0xfb843783) ld      a5, -72(s0)
core   0: 3 0x000000008000efc4 (0xfb843783) x15 0x000000000000009c mem 0x0000000080030f28
core   0: 0x000000008000efc8 (0x000097ba) c.add   a5, a4
core   0: 3 0x000000008000efc8 (0x97ba) x15 0x00000000800110dc
core   0: 0x000000008000efca (0xfe043703) ld      a4, -32(s0)
core   0: 3 0x000000008000efca (0xfe043703) x14 0x00000000800110bd mem 0x0000000080030f50
core   0: 0x000000008000efce (0xfcf76de3) bltu    a4, a5, pc - 38
core   0: 3 0x000000008000efce (0xfcf76de3)
core   0: 0x000000008000efa8 (0xfe043783) ld      a5, -32(s0)
core   0: 3 0x000000008000efa8 (0xfe043783) x15 0x00000000800110bd mem 0x0000000080030f50
core   0: 0x000000008000efac (0x00178713) addi    a4, a5, 1
core   0: 3 0x000000008000efac (0x00178713) x14 0x00000000800110be
core   0: 0x000000008000efb0 (0xfee43023) sd      a4, -32(s0)
core   0: 3 0x000000008000efb0 (0xfee43023) mem 0x0000000080030f50 0x00000000800110be
core   0: 0x000000008000efb4 (0xfc442703) lw      a4, -60(s0)
core   0: 3 0x000000008000efb4 (0xfc442703) x14 0x0000000000000000 mem 0x0000000080030f34
core   0: 0x000000008000efb8 (0x0ff77713) andi    a4, a4, 255
core   0: 3 0x000000008000efb8 (0x0ff77713) x14 0x0000000000000000
core   0: 0x000000008000efbc (0x00e78023) sb      a4, 0(a5)
core   0: 3 0x000000008000efbc (0x00e78023) mem 0x00000000800110bd 0x00
core   0: 0x000000008000efc0 (0xfc843703) ld      a4, -56(s0)
core   0: 3 0x000000008000efc0 (0xfc843703) x14 0x0000000080011040 mem 0x0000000080030f38
core   0: 0x000000008000efc4 (0xfb843783) ld      a5, -72(s0)
core   0: 3 0x000000008000efc4 (0xfb843783) x15 0x000000000000009c mem 0x0000000080030f28
core   0: 0x000000008000efc8 (0x000097ba) c.add   a5, a4
core   0: 3 0x000000008000efc8 (0x97ba) x15 0x00000000800110dc
core   0: 0x000000008000efca (0xfe043703) ld      a4, -32(s0)
core   0: 3 0x000000008000efca (0xfe043703) x14 0x00000000800110be mem 0x0000000080030f50
core   0: 0x000000008000efce (0xfcf76de3) bltu    a4, a5, pc - 38
core   0: 3 0x000000008000efce (0xfcf76de3)
core   0: 0x000000008000efa8 (0xfe043783) ld      a5, -32(s0)
core   0: 3 0x000000008000efa8 (0xfe043783) x15 0x00000000800110be mem 0x0000000080030f50
core   0: 0x000000008000efac (0x00178713) addi    a4, a5, 1
core   0: 3 0x000000008000efac (0x00178713) x14 0x00000000800110bf
core   0: 0x000000008000efb0 (0xfee43023) sd      a4, -32(s0)
core   0: 3 0x000000008000efb0 (0xfee43023) mem 0x0000000080030f50 0x00000000800110bf
core   0: 0x000000008000efb4 (0xfc442703) lw      a4, -60(s0)
core   0: 3 0x000000008000efb4 (0xfc442703) x14 0x0000000000000000 mem 0x0000000080030f34
core   0: 0x000000008000efb8 (0x0ff77713) andi    a4, a4, 255
core   0: 3 0x000000008000efb8 (0x0ff77713) x14 0x0000000000000000
core   0: 0x000000008000efbc (0x00e78023) sb      a4, 0(a5)
core   0: 3 0x000000008000efbc (0x00e78023) mem 0x00000000800110be 0x00
core   0: 0x000000008000efc0 (0xfc843703) ld      a4, -56(s0)
core   0: 3 0x000000008000efc0 (0xfc843703) x14 0x0000000080011040 mem 0x0000000080030f38
core   0: 0x000000008000efc4 (0xfb843783) ld      a5, -72(s0)
core   0: 3 0x000000008000efc4 (0xfb843783) x15 0x000000000000009c mem 0x0000000080030f28
core   0: 0x000000008000efc8 (0x000097ba) c.add   a5, a4
core   0: 3 0x000000008000efc8 (0x97ba) x15 0x00000000800110dc
core   0: 0x000000008000efca (0xfe043703) ld      a4, -32(s0)
core   0: 3 0x000000008000efca (0xfe043703) x14 0x00000000800110bf mem 0x0000000080030f50
core   0: 0x000000008000efce (0xfcf76de3) bltu    a4, a5, pc - 38
core   0: 3 0x000000008000efce (0xfcf76de3)
core   0: 0x000000008000efa8 (0xfe043783) ld      a5, -32(s0)
core   0: 3 0x000000008000efa8 (0xfe043783) x15 0x00000000800110bf mem 0x0000000080030f50
core   0: 0x000000008000efac (0x00178713) addi    a4, a5, 1
core   0: 3 0x000000008000efac (0x00178713) x14 0x00000000800110c0
core   0: 0x000000008000efb0 (0xfee43023) sd      a4, -32(s0)
core   0: 3 0x000000008000efb0 (0xfee43023) mem 0x0000000080030f50 0x00000000800110c0
core   0: 0x000000008000efb4 (0xfc442703) lw      a4, -60(s0)
core   0: 3 0x000000008000efb4 (0xfc442703) x14 0x0000000000000000 mem 0x0000000080030f34
core   0: 0x000000008000efb8 (0x0ff77713) andi    a4, a4, 255
core   0: 3 0x000000008000efb8 (0x0ff77713) x14 0x0000000000000000
core   0: 0x000000008000efbc (0x00e78023) sb      a4, 0(a5)
core   0: 3 0x000000008000efbc (0x00e78023) mem 0x00000000800110bf 0x00
core   0: 0x000000008000efc0 (0xfc843703) ld      a4, -56(s0)
core   0: 3 0x000000008000efc0 (0xfc843703) x14 0x0000000080011040 mem 0x0000000080030f38
core   0: 0x000000008000efc4 (0xfb843783) ld      a5, -72(s0)
core   0: 3 0x000000008000efc4 (0xfb843783) x15 0x000000000000009c mem 0x0000000080030f28
core   0: 0x000000008000efc8 (0x000097ba) c.add   a5, a4
core   0: 3 0x000000008000efc8 (0x97ba) x15 0x00000000800110dc
core   0: 0x000000008000efca (0xfe043703) ld      a4, -32(s0)
core   0: 3 0x000000008000efca (0xfe043703) x14 0x00000000800110c0 mem 0x0000000080030f50
core   0: 0x000000008000efce (0xfcf76de3) bltu    a4, a5, pc - 38
core   0: 3 0x000000008000efce (0xfcf76de3)
core   0: 0x000000008000efa8 (0xfe043783) ld      a5, -32(s0)
core   0: 3 0x000000008000efa8 (0xfe043783) x15 0x00000000800110c0 mem 0x0000000080030f50
core   0: 0x000000008000efac (0x00178713) addi    a4, a5, 1
core   0: 3 0x000000008000efac (0x00178713) x14 0x00000000800110c1
core   0: 0x000000008000efb0 (0xfee43023) sd      a4, -32(s0)
core   0: 3 0x000000008000efb0 (0xfee43023) mem 0x0000000080030f50 0x00000000800110c1
core   0: 0x000000008000efb4 (0xfc442703) lw      a4, -60(s0)
core   0: 3 0x000000008000efb4 (0xfc442703) x14 0x0000000000000000 mem 0x0000000080030f34
core   0: 0x000000008000efb8 (0x0ff77713) andi    a4, a4, 255
core   0: 3 0x000000008000efb8 (0x0ff77713) x14 0x0000000000000000
core   0: 0x000000008000efbc (0x00e78023) sb      a4, 0(a5)
core   0: 3 0x000000008000efbc (0x00e78023) mem 0x00000000800110c0 0x00
core   0: 0x000000008000efc0 (0xfc843703) ld      a4, -56(s0)
core   0: 3 0x000000008000efc0 (0xfc843703) x14 0x0000000080011040 mem 0x0000000080030f38
core   0: 0x000000008000efc4 (0xfb843783) ld      a5, -72(s0)
core   0: 3 0x000000008000efc4 (0xfb843783) x15 0x000000000000009c mem 0x0000000080030f28
core   0: 0x000000008000efc8 (0x000097ba) c.add   a5, a4
core   0: 3 0x000000008000efc8 (0x97ba) x15 0x00000000800110dc
core   0: 0x000000008000efca (0xfe043703) ld      a4, -32(s0)
core   0: 3 0x000000008000efca (0xfe043703) x14 0x00000000800110c1 mem 0x0000000080030f50
core   0: 0x000000008000efce (0xfcf76de3) bltu    a4, a5, pc - 38
core   0: 3 0x000000008000efce (0xfcf76de3)
core   0: 0x000000008000efa8 (0xfe043783) ld      a5, -32(s0)
core   0: 3 0x000000008000efa8 (0xfe043783) x15 0x00000000800110c1 mem 0x0000000080030f50
core   0: 0x000000008000efac (0x00178713) addi    a4, a5, 1
core   0: 3 0x000000008000efac (0x00178713) x14 0x00000000800110c2
core   0: 0x000000008000efb0 (0xfee43023) sd      a4, -32(s0)
core   0: 3 0x000000008000efb0 (0xfee43023) mem 0x0000000080030f50 0x00000000800110c2
core   0: 0x000000008000efb4 (0xfc442703) lw      a4, -60(s0)
core   0: 3 0x000000008000efb4 (0xfc442703) x14 0x0000000000000000 mem 0x0000000080030f34
core   0: 0x000000008000efb8 (0x0ff77713) andi    a4, a4, 255
core   0: 3 0x000000008000efb8 (0x0ff77713) x14 0x0000000000000000
core   0: 0x000000008000efbc (0x00e78023) sb      a4, 0(a5)
core   0: 3 0x000000008000efbc (0x00e78023) mem 0x00000000800110c1 0x00
core   0: 0x000000008000efc0 (0xfc843703) ld      a4, -56(s0)
core   0: 3 0x000000008000efc0 (0xfc843703) x14 0x0000000080011040 mem 0x0000000080030f38
core   0: 0x000000008000efc4 (0xfb843783) ld      a5, -72(s0)
core   0: 3 0x000000008000efc4 (0xfb843783) x15 0x000000000000009c mem 0x0000000080030f28
core   0: 0x000000008000efc8 (0x000097ba) c.add   a5, a4
core   0: 3 0x000000008000efc8 (0x97ba) x15 0x00000000800110dc
core   0: 0x000000008000efca (0xfe043703) ld      a4, -32(s0)
core   0: 3 0x000000008000efca (0xfe043703) x14 0x00000000800110c2 mem 0x0000000080030f50
core   0: 0x000000008000efce (0xfcf76de3) bltu    a4, a5, pc - 38
core   0: 3 0x000000008000efce (0xfcf76de3)
core   0: 0x000000008000efa8 (0xfe043783) ld      a5, -32(s0)
core   0: 3 0x000000008000efa8 (0xfe043783) x15 0x00000000800110c2 mem 0x0000000080030f50
core   0: 0x000000008000efac (0x00178713) addi    a4, a5, 1
core   0: 3 0x000000008000efac (0x00178713) x14 0x00000000800110c3
core   0: 0x000000008000efb0 (0xfee43023) sd      a4, -32(s0)
core   0: 3 0x000000008000efb0 (0xfee43023) mem 0x0000000080030f50 0x00000000800110c3
core   0: 0x000000008000efb4 (0xfc442703) lw      a4, -60(s0)
core   0: 3 0x000000008000efb4 (0xfc442703) x14 0x0000000000000000 mem 0x0000000080030f34
core   0: 0x000000008000efb8 (0x0ff77713) andi    a4, a4, 255
core   0: 3 0x000000008000efb8 (0x0ff77713) x14 0x0000000000000000
core   0: 0x000000008000efbc (0x00e78023) sb      a4, 0(a5)
core   0: 3 0x000000008000efbc (0x00e78023) mem 0x00000000800110c2 0x00
core   0: 0x000000008000efc0 (0xfc843703) ld      a4, -56(s0)
core   0: 3 0x000000008000efc0 (0xfc843703) x14 0x0000000080011040 mem 0x0000000080030f38
core   0: 0x000000008000efc4 (0xfb843783) ld      a5, -72(s0)
core   0: 3 0x000000008000efc4 (0xfb843783) x15 0x000000000000009c mem 0x0000000080030f28
core   0: 0x000000008000efc8 (0x000097ba) c.add   a5, a4
core   0: 3 0x000000008000efc8 (0x97ba) x15 0x00000000800110dc
core   0: 0x000000008000efca (0xfe043703) ld      a4, -32(s0)
core   0: 3 0x000000008000efca (0xfe043703) x14 0x00000000800110c3 mem 0x0000000080030f50
core   0: 0x000000008000efce (0xfcf76de3) bltu    a4, a5, pc - 38
core   0: 3 0x000000008000efce (0xfcf76de3)
core   0: 0x000000008000efa8 (0xfe043783) ld      a5, -32(s0)
core   0: 3 0x000000008000efa8 (0xfe043783) x15 0x00000000800110c3 mem 0x0000000080030f50
core   0: 0x000000008000efac (0x00178713) addi    a4, a5, 1
core   0: 3 0x000000008000efac (0x00178713) x14 0x00000000800110c4
core   0: 0x000000008000efb0 (0xfee43023) sd      a4, -32(s0)
core   0: 3 0x000000008000efb0 (0xfee43023) mem 0x0000000080030f50 0x00000000800110c4
core   0: 0x000000008000efb4 (0xfc442703) lw      a4, -60(s0)
core   0: 3 0x000000008000efb4 (0xfc442703) x14 0x0000000000000000 mem 0x0000000080030f34
core   0: 0x000000008000efb8 (0x0ff77713) andi    a4, a4, 255
core   0: 3 0x000000008000efb8 (0x0ff77713) x14 0x0000000000000000
core   0: 0x000000008000efbc (0x00e78023) sb      a4, 0(a5)
core   0: 3 0x000000008000efbc (0x00e78023) mem 0x00000000800110c3 0x00
core   0: 0x000000008000efc0 (0xfc843703) ld      a4, -56(s0)
core   0: 3 0x000000008000efc0 (0xfc843703) x14 0x0000000080011040 mem 0x0000000080030f38
core   0: 0x000000008000efc4 (0xfb843783) ld      a5, -72(s0)
core   0: 3 0x000000008000efc4 (0xfb843783) x15 0x000000000000009c mem 0x0000000080030f28
core   0: 0x000000008000efc8 (0x000097ba) c.add   a5, a4
core   0: 3 0x000000008000efc8 (0x97ba) x15 0x00000000800110dc
core   0: 0x000000008000efca (0xfe043703) ld      a4, -32(s0)
core   0: 3 0x000000008000efca (0xfe043703) x14 0x00000000800110c4 mem 0x0000000080030f50
core   0: 0x000000008000efce (0xfcf76de3) bltu    a4, a5, pc - 38
core   0: 3 0x000000008000efce (0xfcf76de3)
core   0: 0x000000008000efa8 (0xfe043783) ld      a5, -32(s0)
core   0: 3 0x000000008000efa8 (0xfe043783) x15 0x00000000800110c4 mem 0x0000000080030f50
core   0: 0x000000008000efac (0x00178713) addi    a4, a5, 1
core   0: 3 0x000000008000efac (0x00178713) x14 0x00000000800110c5
core   0: 0x000000008000efb0 (0xfee43023) sd      a4, -32(s0)
core   0: 3 0x000000008000efb0 (0xfee43023) mem 0x0000000080030f50 0x00000000800110c5
core   0: 0x000000008000efb4 (0xfc442703) lw      a4, -60(s0)
core   0: 3 0x000000008000efb4 (0xfc442703) x14 0x0000000000000000 mem 0x0000000080030f34
core   0: 0x000000008000efb8 (0x0ff77713) andi    a4, a4, 255
core   0: 3 0x000000008000efb8 (0x0ff77713) x14 0x0000000000000000
core   0: 0x000000008000efbc (0x00e78023) sb      a4, 0(a5)
core   0: 3 0x000000008000efbc (0x00e78023) mem 0x00000000800110c4 0x00
core   0: 0x000000008000efc0 (0xfc843703) ld      a4, -56(s0)
core   0: 3 0x000000008000efc0 (0xfc843703) x14 0x0000000080011040 mem 0x0000000080030f38
core   0: 0x000000008000efc4 (0xfb843783) ld      a5, -72(s0)
core   0: 3 0x000000008000efc4 (0xfb843783) x15 0x000000000000009c mem 0x0000000080030f28
core   0: 0x000000008000efc8 (0x000097ba) c.add   a5, a4
core   0: 3 0x000000008000efc8 (0x97ba) x15 0x00000000800110dc
core   0: 0x000000008000efca (0xfe043703) ld      a4, -32(s0)
core   0: 3 0x000000008000efca (0xfe043703) x14 0x00000000800110c5 mem 0x0000000080030f50
core   0: 0x000000008000efce (0xfcf76de3) bltu    a4, a5, pc - 38
core   0: 3 0x000000008000efce (0xfcf76de3)
core   0: 0x000000008000efa8 (0xfe043783) ld      a5, -32(s0)
core   0: 3 0x000000008000efa8 (0xfe043783) x15 0x00000000800110c5 mem 0x0000000080030f50
core   0: 0x000000008000efac (0x00178713) addi    a4, a5, 1
core   0: 3 0x000000008000efac (0x00178713) x14 0x00000000800110c6
core   0: 0x000000008000efb0 (0xfee43023) sd      a4, -32(s0)
core   0: 3 0x000000008000efb0 (0xfee43023) mem 0x0000000080030f50 0x00000000800110c6
core   0: 0x000000008000efb4 (0xfc442703) lw      a4, -60(s0)
core   0: 3 0x000000008000efb4 (0xfc442703) x14 0x0000000000000000 mem 0x0000000080030f34
core   0: 0x000000008000efb8 (0x0ff77713) andi    a4, a4, 255
core   0: 3 0x000000008000efb8 (0x0ff77713) x14 0x0000000000000000
core   0: 0x000000008000efbc (0x00e78023) sb      a4, 0(a5)
core   0: 3 0x000000008000efbc (0x00e78023) mem 0x00000000800110c5 0x00
core   0: 0x000000008000efc0 (0xfc843703) ld      a4, -56(s0)
core   0: 3 0x000000008000efc0 (0xfc843703) x14 0x0000000080011040 mem 0x0000000080030f38
core   0: 0x000000008000efc4 (0xfb843783) ld      a5, -72(s0)
core   0: 3 0x000000008000efc4 (0xfb843783) x15 0x000000000000009c mem 0x0000000080030f28
core   0: 0x000000008000efc8 (0x000097ba) c.add   a5, a4
core   0: 3 0x000000008000efc8 (0x97ba) x15 0x00000000800110dc
core   0: 0x000000008000efca (0xfe043703) ld      a4, -32(s0)
core   0: 3 0x000000008000efca (0xfe043703) x14 0x00000000800110c6 mem 0x0000000080030f50
core   0: 0x000000008000efce (0xfcf76de3) bltu    a4, a5, pc - 38
core   0: 3 0x000000008000efce (0xfcf76de3)
core   0: 0x000000008000efa8 (0xfe043783) ld      a5, -32(s0)
core   0: 3 0x000000008000efa8 (0xfe043783) x15 0x00000000800110c6 mem 0x0000000080030f50
core   0: 0x000000008000efac (0x00178713) addi    a4, a5, 1
core   0: 3 0x000000008000efac (0x00178713) x14 0x00000000800110c7
core   0: 0x000000008000efb0 (0xfee43023) sd      a4, -32(s0)
core   0: 3 0x000000008000efb0 (0xfee43023) mem 0x0000000080030f50 0x00000000800110c7
core   0: 0x000000008000efb4 (0xfc442703) lw      a4, -60(s0)
core   0: 3 0x000000008000efb4 (0xfc442703) x14 0x0000000000000000 mem 0x0000000080030f34
core   0: 0x000000008000efb8 (0x0ff77713) andi    a4, a4, 255
core   0: 3 0x000000008000efb8 (0x0ff77713) x14 0x0000000000000000
core   0: 0x000000008000efbc (0x00e78023) sb      a4, 0(a5)
core   0: 3 0x000000008000efbc (0x00e78023) mem 0x00000000800110c6 0x00
core   0: 0x000000008000efc0 (0xfc843703) ld      a4, -56(s0)
core   0: 3 0x000000008000efc0 (0xfc843703) x14 0x0000000080011040 mem 0x0000000080030f38
core   0: 0x000000008000efc4 (0xfb843783) ld      a5, -72(s0)
core   0: 3 0x000000008000efc4 (0xfb843783) x15 0x000000000000009c mem 0x0000000080030f28
core   0: 0x000000008000efc8 (0x000097ba) c.add   a5, a4
core   0: 3 0x000000008000efc8 (0x97ba) x15 0x00000000800110dc
core   0: 0x000000008000efca (0xfe043703) ld      a4, -32(s0)
core   0: 3 0x000000008000efca (0xfe043703) x14 0x00000000800110c7 mem 0x0000000080030f50
core   0: 0x000000008000efce (0xfcf76de3) bltu    a4, a5, pc - 38
core   0: 3 0x000000008000efce (0xfcf76de3)
core   0: 0x000000008000efa8 (0xfe043783) ld      a5, -32(s0)
core   0: 3 0x000000008000efa8 (0xfe043783) x15 0x00000000800110c7 mem 0x0000000080030f50
core   0: 0x000000008000efac (0x00178713) addi    a4, a5, 1
core   0: 3 0x000000008000efac (0x00178713) x14 0x00000000800110c8
core   0: 0x000000008000efb0 (0xfee43023) sd      a4, -32(s0)
core   0: 3 0x000000008000efb0 (0xfee43023) mem 0x0000000080030f50 0x00000000800110c8
core   0: 0x000000008000efb4 (0xfc442703) lw      a4, -60(s0)
core   0: 3 0x000000008000efb4 (0xfc442703) x14 0x0000000000000000 mem 0x0000000080030f34
core   0: 0x000000008000efb8 (0x0ff77713) andi    a4, a4, 255
core   0: 3 0x000000008000efb8 (0x0ff77713) x14 0x0000000000000000
core   0: 0x000000008000efbc (0x00e78023) sb      a4, 0(a5)
core   0: 3 0x000000008000efbc (0x00e78023) mem 0x00000000800110c7 0x00
core   0: 0x000000008000efc0 (0xfc843703) ld      a4, -56(s0)
core   0: 3 0x000000008000efc0 (0xfc843703) x14 0x0000000080011040 mem 0x0000000080030f38
core   0: 0x000000008000efc4 (0xfb843783) ld      a5, -72(s0)
core   0: 3 0x000000008000efc4 (0xfb843783) x15 0x000000000000009c mem 0x0000000080030f28
core   0: 0x000000008000efc8 (0x000097ba) c.add   a5, a4
core   0: 3 0x000000008000efc8 (0x97ba) x15 0x00000000800110dc
core   0: 0x000000008000efca (0xfe043703) ld      a4, -32(s0)
core   0: 3 0x000000008000efca (0xfe043703) x14 0x00000000800110c8 mem 0x0000000080030f50
core   0: 0x000000008000efce (0xfcf76de3) bltu    a4, a5, pc - 38
core   0: 3 0x000000008000efce (0xfcf76de3)
core   0: 0x000000008000efa8 (0xfe043783) ld      a5, -32(s0)
core   0: 3 0x000000008000efa8 (0xfe043783) x15 0x00000000800110c8 mem 0x0000000080030f50
core   0: 0x000000008000efac (0x00178713) addi    a4, a5, 1
core   0: 3 0x000000008000efac (0x00178713) x14 0x00000000800110c9
core   0: 0x000000008000efb0 (0xfee43023) sd      a4, -32(s0)
core   0: 3 0x000000008000efb0 (0xfee43023) mem 0x0000000080030f50 0x00000000800110c9
core   0: 0x000000008000efb4 (0xfc442703) lw      a4, -60(s0)
core   0: 3 0x000000008000efb4 (0xfc442703) x14 0x0000000000000000 mem 0x0000000080030f34
core   0: 0x000000008000efb8 (0x0ff77713) andi    a4, a4, 255
core   0: 3 0x000000008000efb8 (0x0ff77713) x14 0x0000000000000000
core   0: 0x000000008000efbc (0x00e78023) sb      a4, 0(a5)
core   0: 3 0x000000008000efbc (0x00e78023) mem 0x00000000800110c8 0x00
core   0: 0x000000008000efc0 (0xfc843703) ld      a4, -56(s0)
core   0: 3 0x000000008000efc0 (0xfc843703) x14 0x0000000080011040 mem 0x0000000080030f38
core   0: 0x000000008000efc4 (0xfb843783) ld      a5, -72(s0)
core   0: 3 0x000000008000efc4 (0xfb843783) x15 0x000000000000009c mem 0x0000000080030f28
core   0: 0x000000008000efc8 (0x000097ba) c.add   a5, a4
core   0: 3 0x000000008000efc8 (0x97ba) x15 0x00000000800110dc
core   0: 0x000000008000efca (0xfe043703) ld      a4, -32(s0)
core   0: 3 0x000000008000efca (0xfe043703) x14 0x00000000800110c9 mem 0x0000000080030f50
core   0: 0x000000008000efce (0xfcf76de3) bltu    a4, a5, pc - 38
core   0: 3 0x000000008000efce (0xfcf76de3)
core   0: 0x000000008000efa8 (0xfe043783) ld      a5, -32(s0)
core   0: 3 0x000000008000efa8 (0xfe043783) x15 0x00000000800110c9 mem 0x0000000080030f50
core   0: 0x000000008000efac (0x00178713) addi    a4, a5, 1
core   0: 3 0x000000008000efac (0x00178713) x14 0x00000000800110ca
core   0: 0x000000008000efb0 (0xfee43023) sd      a4, -32(s0)
core   0: 3 0x000000008000efb0 (0xfee43023) mem 0x0000000080030f50 0x00000000800110ca
core   0: 0x000000008000efb4 (0xfc442703) lw      a4, -60(s0)
core   0: 3 0x000000008000efb4 (0xfc442703) x14 0x0000000000000000 mem 0x0000000080030f34
core   0: 0x000000008000efb8 (0x0ff77713) andi    a4, a4, 255
core   0: 3 0x000000008000efb8 (0x0ff77713) x14 0x0000000000000000
core   0: 0x000000008000efbc (0x00e78023) sb      a4, 0(a5)
core   0: 3 0x000000008000efbc (0x00e78023) mem 0x00000000800110c9 0x00
core   0: 0x000000008000efc0 (0xfc843703) ld      a4, -56(s0)
core   0: 3 0x000000008000efc0 (0xfc843703) x14 0x0000000080011040 mem 0x0000000080030f38
core   0: 0x000000008000efc4 (0xfb843783) ld      a5, -72(s0)
core   0: 3 0x000000008000efc4 (0xfb843783) x15 0x000000000000009c mem 0x0000000080030f28
core   0: 0x000000008000efc8 (0x000097ba) c.add   a5, a4
core   0: 3 0x000000008000efc8 (0x97ba) x15 0x00000000800110dc
core   0: 0x000000008000efca (0xfe043703) ld      a4, -32(s0)
core   0: 3 0x000000008000efca (0xfe043703) x14 0x00000000800110ca mem 0x0000000080030f50
core   0: 0x000000008000efce (0xfcf76de3) bltu    a4, a5, pc - 38
core   0: 3 0x000000008000efce (0xfcf76de3)
core   0: 0x000000008000efa8 (0xfe043783) ld      a5, -32(s0)
core   0: 3 0x000000008000efa8 (0xfe043783) x15 0x00000000800110ca mem 0x0000000080030f50
core   0: 0x000000008000efac (0x00178713) addi    a4, a5, 1
core   0: 3 0x000000008000efac (0x00178713) x14 0x00000000800110cb
core   0: 0x000000008000efb0 (0xfee43023) sd      a4, -32(s0)
core   0: 3 0x000000008000efb0 (0xfee43023) mem 0x0000000080030f50 0x00000000800110cb
core   0: 0x000000008000efb4 (0xfc442703) lw      a4, -60(s0)
core   0: 3 0x000000008000efb4 (0xfc442703) x14 0x0000000000000000 mem 0x0000000080030f34
core   0: 0x000000008000efb8 (0x0ff77713) andi    a4, a4, 255
core   0: 3 0x000000008000efb8 (0x0ff77713) x14 0x0000000000000000
core   0: 0x000000008000efbc (0x00e78023) sb      a4, 0(a5)
core   0: 3 0x000000008000efbc (0x00e78023) mem 0x00000000800110ca 0x00
core   0: 0x000000008000efc0 (0xfc843703) ld      a4, -56(s0)
core   0: 3 0x000000008000efc0 (0xfc843703) x14 0x0000000080011040 mem 0x0000000080030f38
core   0: 0x000000008000efc4 (0xfb843783) ld      a5, -72(s0)
core   0: 3 0x000000008000efc4 (0xfb843783) x15 0x000000000000009c mem 0x0000000080030f28
core   0: 0x000000008000efc8 (0x000097ba) c.add   a5, a4
core   0: 3 0x000000008000efc8 (0x97ba) x15 0x00000000800110dc
core   0: 0x000000008000efca (0xfe043703) ld      a4, -32(s0)
core   0: 3 0x000000008000efca (0xfe043703) x14 0x00000000800110cb mem 0x0000000080030f50
core   0: 0x000000008000efce (0xfcf76de3) bltu    a4, a5, pc - 38
core   0: 3 0x000000008000efce (0xfcf76de3)
core   0: 0x000000008000efa8 (0xfe043783) ld      a5, -32(s0)
core   0: 3 0x000000008000efa8 (0xfe043783) x15 0x00000000800110cb mem 0x0000000080030f50
core   0: 0x000000008000efac (0x00178713) addi    a4, a5, 1
core   0: 3 0x000000008000efac (0x00178713) x14 0x00000000800110cc
core   0: 0x000000008000efb0 (0xfee43023) sd      a4, -32(s0)
core   0: 3 0x000000008000efb0 (0xfee43023) mem 0x0000000080030f50 0x00000000800110cc
core   0: 0x000000008000efb4 (0xfc442703) lw      a4, -60(s0)
core   0: 3 0x000000008000efb4 (0xfc442703) x14 0x0000000000000000 mem 0x0000000080030f34
core   0: 0x000000008000efb8 (0x0ff77713) andi    a4, a4, 255
core   0: 3 0x000000008000efb8 (0x0ff77713) x14 0x0000000000000000
core   0: 0x000000008000efbc (0x00e78023) sb      a4, 0(a5)
core   0: 3 0x000000008000efbc (0x00e78023) mem 0x00000000800110cb 0x00
core   0: 0x000000008000efc0 (0xfc843703) ld      a4, -56(s0)
core   0: 3 0x000000008000efc0 (0xfc843703) x14 0x0000000080011040 mem 0x0000000080030f38
core   0: 0x000000008000efc4 (0xfb843783) ld      a5, -72(s0)
core   0: 3 0x000000008000efc4 (0xfb843783) x15 0x000000000000009c mem 0x0000000080030f28
core   0: 0x000000008000efc8 (0x000097ba) c.add   a5, a4
core   0: 3 0x000000008000efc8 (0x97ba) x15 0x00000000800110dc
core   0: 0x000000008000efca (0xfe043703) ld      a4, -32(s0)
core   0: 3 0x000000008000efca (0xfe043703) x14 0x00000000800110cc mem 0x0000000080030f50
core   0: 0x000000008000efce (0xfcf76de3) bltu    a4, a5, pc - 38
core   0: 3 0x000000008000efce (0xfcf76de3)
core   0: 0x000000008000efa8 (0xfe043783) ld      a5, -32(s0)
core   0: 3 0x000000008000efa8 (0xfe043783) x15 0x00000000800110cc mem 0x0000000080030f50
core   0: 0x000000008000efac (0x00178713) addi    a4, a5, 1
core   0: 3 0x000000008000efac (0x00178713) x14 0x00000000800110cd
core   0: 0x000000008000efb0 (0xfee43023) sd      a4, -32(s0)
core   0: 3 0x000000008000efb0 (0xfee43023) mem 0x0000000080030f50 0x00000000800110cd
core   0: 0x000000008000efb4 (0xfc442703) lw      a4, -60(s0)
core   0: 3 0x000000008000efb4 (0xfc442703) x14 0x0000000000000000 mem 0x0000000080030f34
core   0: 0x000000008000efb8 (0x0ff77713) andi    a4, a4, 255
core   0: 3 0x000000008000efb8 (0x0ff77713) x14 0x0000000000000000
core   0: 0x000000008000efbc (0x00e78023) sb      a4, 0(a5)
core   0: 3 0x000000008000efbc (0x00e78023) mem 0x00000000800110cc 0x00
core   0: 0x000000008000efc0 (0xfc843703) ld      a4, -56(s0)
core   0: 3 0x000000008000efc0 (0xfc843703) x14 0x0000000080011040 mem 0x0000000080030f38
core   0: 0x000000008000efc4 (0xfb843783) ld      a5, -72(s0)
core   0: 3 0x000000008000efc4 (0xfb843783) x15 0x000000000000009c mem 0x0000000080030f28
core   0: 0x000000008000efc8 (0x000097ba) c.add   a5, a4
core   0: 3 0x000000008000efc8 (0x97ba) x15 0x00000000800110dc
core   0: 0x000000008000efca (0xfe043703) ld      a4, -32(s0)
core   0: 3 0x000000008000efca (0xfe043703) x14 0x00000000800110cd mem 0x0000000080030f50
core   0: 0x000000008000efce (0xfcf76de3) bltu    a4, a5, pc - 38
core   0: 3 0x000000008000efce (0xfcf76de3)
core   0: 0x000000008000efa8 (0xfe043783) ld      a5, -32(s0)
core   0: 3 0x000000008000efa8 (0xfe043783) x15 0x00000000800110cd mem 0x0000000080030f50
core   0: 0x000000008000efac (0x00178713) addi    a4, a5, 1
core   0: 3 0x000000008000efac (0x00178713) x14 0x00000000800110ce
core   0: 0x000000008000efb0 (0xfee43023) sd      a4, -32(s0)
core   0: 3 0x000000008000efb0 (0xfee43023) mem 0x0000000080030f50 0x00000000800110ce
core   0: 0x000000008000efb4 (0xfc442703) lw      a4, -60(s0)
core   0: 3 0x000000008000efb4 (0xfc442703) x14 0x0000000000000000 mem 0x0000000080030f34
core   0: 0x000000008000efb8 (0x0ff77713) andi    a4, a4, 255
core   0: 3 0x000000008000efb8 (0x0ff77713) x14 0x0000000000000000
core   0: 0x000000008000efbc (0x00e78023) sb      a4, 0(a5)
core   0: 3 0x000000008000efbc (0x00e78023) mem 0x00000000800110cd 0x00
core   0: 0x000000008000efc0 (0xfc843703) ld      a4, -56(s0)
core   0: 3 0x000000008000efc0 (0xfc843703) x14 0x0000000080011040 mem 0x0000000080030f38
core   0: 0x000000008000efc4 (0xfb843783) ld      a5, -72(s0)
core   0: 3 0x000000008000efc4 (0xfb843783) x15 0x000000000000009c mem 0x0000000080030f28
core   0: 0x000000008000efc8 (0x000097ba) c.add   a5, a4
core   0: 3 0x000000008000efc8 (0x97ba) x15 0x00000000800110dc
core   0: 0x000000008000efca (0xfe043703) ld      a4, -32(s0)
core   0: 3 0x000000008000efca (0xfe043703) x14 0x00000000800110ce mem 0x0000000080030f50
core   0: 0x000000008000efce (0xfcf76de3) bltu    a4, a5, pc - 38
core   0: 3 0x000000008000efce (0xfcf76de3)
core   0: 0x000000008000efa8 (0xfe043783) ld      a5, -32(s0)
core   0: 3 0x000000008000efa8 (0xfe043783) x15 0x00000000800110ce mem 0x0000000080030f50
core   0: 0x000000008000efac (0x00178713) addi    a4, a5, 1
core   0: 3 0x000000008000efac (0x00178713) x14 0x00000000800110cf
core   0: 0x000000008000efb0 (0xfee43023) sd      a4, -32(s0)
core   0: 3 0x000000008000efb0 (0xfee43023) mem 0x0000000080030f50 0x00000000800110cf
core   0: 0x000000008000efb4 (0xfc442703) lw      a4, -60(s0)
core   0: 3 0x000000008000efb4 (0xfc442703) x14 0x0000000000000000 mem 0x0000000080030f34
core   0: 0x000000008000efb8 (0x0ff77713) andi    a4, a4, 255
core   0: 3 0x000000008000efb8 (0x0ff77713) x14 0x0000000000000000
core   0: 0x000000008000efbc (0x00e78023) sb      a4, 0(a5)
core   0: 3 0x000000008000efbc (0x00e78023) mem 0x00000000800110ce 0x00
core   0: 0x000000008000efc0 (0xfc843703) ld      a4, -56(s0)
core   0: 3 0x000000008000efc0 (0xfc843703) x14 0x0000000080011040 mem 0x0000000080030f38
core   0: 0x000000008000efc4 (0xfb843783) ld      a5, -72(s0)
core   0: 3 0x000000008000efc4 (0xfb843783) x15 0x000000000000009c mem 0x0000000080030f28
core   0: 0x000000008000efc8 (0x000097ba) c.add   a5, a4
core   0: 3 0x000000008000efc8 (0x97ba) x15 0x00000000800110dc
core   0: 0x000000008000efca (0xfe043703) ld      a4, -32(s0)
core   0: 3 0x000000008000efca (0xfe043703) x14 0x00000000800110cf mem 0x0000000080030f50
core   0: 0x000000008000efce (0xfcf76de3) bltu    a4, a5, pc - 38
core   0: 3 0x000000008000efce (0xfcf76de3)
core   0: 0x000000008000efa8 (0xfe043783) ld      a5, -32(s0)
core   0: 3 0x000000008000efa8 (0xfe043783) x15 0x00000000800110cf mem 0x0000000080030f50
core   0: 0x000000008000efac (0x00178713) addi    a4, a5, 1
core   0: 3 0x000000008000efac (0x00178713) x14 0x00000000800110d0
core   0: 0x000000008000efb0 (0xfee43023) sd      a4, -32(s0)
core   0: 3 0x000000008000efb0 (0xfee43023) mem 0x0000000080030f50 0x00000000800110d0
core   0: 0x000000008000efb4 (0xfc442703) lw      a4, -60(s0)
core   0: 3 0x000000008000efb4 (0xfc442703) x14 0x0000000000000000 mem 0x0000000080030f34
core   0: 0x000000008000efb8 (0x0ff77713) andi    a4, a4, 255
core   0: 3 0x000000008000efb8 (0x0ff77713) x14 0x0000000000000000
core   0: 0x000000008000efbc (0x00e78023) sb      a4, 0(a5)
core   0: 3 0x000000008000efbc (0x00e78023) mem 0x00000000800110cf 0x00
core   0: 0x000000008000efc0 (0xfc843703) ld      a4, -56(s0)
core   0: 3 0x000000008000efc0 (0xfc843703) x14 0x0000000080011040 mem 0x0000000080030f38
core   0: 0x000000008000efc4 (0xfb843783) ld      a5, -72(s0)
core   0: 3 0x000000008000efc4 (0xfb843783) x15 0x000000000000009c mem 0x0000000080030f28
core   0: 0x000000008000efc8 (0x000097ba) c.add   a5, a4
core   0: 3 0x000000008000efc8 (0x97ba) x15 0x00000000800110dc
core   0: 0x000000008000efca (0xfe043703) ld      a4, -32(s0)
core   0: 3 0x000000008000efca (0xfe043703) x14 0x00000000800110d0 mem 0x0000000080030f50
core   0: 0x000000008000efce (0xfcf76de3) bltu    a4, a5, pc - 38
core   0: 3 0x000000008000efce (0xfcf76de3)
core   0: 0x000000008000efa8 (0xfe043783) ld      a5, -32(s0)
core   0: 3 0x000000008000efa8 (0xfe043783) x15 0x00000000800110d0 mem 0x0000000080030f50
core   0: 0x000000008000efac (0x00178713) addi    a4, a5, 1
core   0: 3 0x000000008000efac (0x00178713) x14 0x00000000800110d1
core   0: 0x000000008000efb0 (0xfee43023) sd      a4, -32(s0)
core   0: 3 0x000000008000efb0 (0xfee43023) mem 0x0000000080030f50 0x00000000800110d1
core   0: 0x000000008000efb4 (0xfc442703) lw      a4, -60(s0)
core   0: 3 0x000000008000efb4 (0xfc442703) x14 0x0000000000000000 mem 0x0000000080030f34
core   0: 0x000000008000efb8 (0x0ff77713) andi    a4, a4, 255
core   0: 3 0x000000008000efb8 (0x0ff77713) x14 0x0000000000000000
core   0: 0x000000008000efbc (0x00e78023) sb      a4, 0(a5)
core   0: 3 0x000000008000efbc (0x00e78023) mem 0x00000000800110d0 0x00
core   0: 0x000000008000efc0 (0xfc843703) ld      a4, -56(s0)
core   0: 3 0x000000008000efc0 (0xfc843703) x14 0x0000000080011040 mem 0x0000000080030f38
core   0: 0x000000008000efc4 (0xfb843783) ld      a5, -72(s0)
core   0: 3 0x000000008000efc4 (0xfb843783) x15 0x000000000000009c mem 0x0000000080030f28
core   0: 0x000000008000efc8 (0x000097ba) c.add   a5, a4
core   0: 3 0x000000008000efc8 (0x97ba) x15 0x00000000800110dc
core   0: 0x000000008000efca (0xfe043703) ld      a4, -32(s0)
core   0: 3 0x000000008000efca (0xfe043703) x14 0x00000000800110d1 mem 0x0000000080030f50
core   0: 0x000000008000efce (0xfcf76de3) bltu    a4, a5, pc - 38
core   0: 3 0x000000008000efce (0xfcf76de3)
core   0: 0x000000008000efa8 (0xfe043783) ld      a5, -32(s0)
core   0: 3 0x000000008000efa8 (0xfe043783) x15 0x00000000800110d1 mem 0x0000000080030f50
core   0: 0x000000008000efac (0x00178713) addi    a4, a5, 1
core   0: 3 0x000000008000efac (0x00178713) x14 0x00000000800110d2
core   0: 0x000000008000efb0 (0xfee43023) sd      a4, -32(s0)
core   0: 3 0x000000008000efb0 (0xfee43023) mem 0x0000000080030f50 0x00000000800110d2
core   0: 0x000000008000efb4 (0xfc442703) lw      a4, -60(s0)
core   0: 3 0x000000008000efb4 (0xfc442703) x14 0x0000000000000000 mem 0x0000000080030f34
core   0: 0x000000008000efb8 (0x0ff77713) andi    a4, a4, 255
core   0: 3 0x000000008000efb8 (0x0ff77713) x14 0x0000000000000000
core   0: 0x000000008000efbc (0x00e78023) sb      a4, 0(a5)
core   0: 3 0x000000008000efbc (0x00e78023) mem 0x00000000800110d1 0x00
core   0: 0x000000008000efc0 (0xfc843703) ld      a4, -56(s0)
core   0: 3 0x000000008000efc0 (0xfc843703) x14 0x0000000080011040 mem 0x0000000080030f38
core   0: 0x000000008000efc4 (0xfb843783) ld      a5, -72(s0)
core   0: 3 0x000000008000efc4 (0xfb843783) x15 0x000000000000009c mem 0x0000000080030f28
core   0: 0x000000008000efc8 (0x000097ba) c.add   a5, a4
core   0: 3 0x000000008000efc8 (0x97ba) x15 0x00000000800110dc
core   0: 0x000000008000efca (0xfe043703) ld      a4, -32(s0)
core   0: 3 0x000000008000efca (0xfe043703) x14 0x00000000800110d2 mem 0x0000000080030f50
core   0: 0x000000008000efce (0xfcf76de3) bltu    a4, a5, pc - 38
core   0: 3 0x000000008000efce (0xfcf76de3)
core   0: 0x000000008000efa8 (0xfe043783) ld      a5, -32(s0)
core   0: 3 0x000000008000efa8 (0xfe043783) x15 0x00000000800110d2 mem 0x0000000080030f50
core   0: 0x000000008000efac (0x00178713) addi    a4, a5, 1
core   0: 3 0x000000008000efac (0x00178713) x14 0x00000000800110d3
core   0: 0x000000008000efb0 (0xfee43023) sd      a4, -32(s0)
core   0: 3 0x000000008000efb0 (0xfee43023) mem 0x0000000080030f50 0x00000000800110d3
core   0: 0x000000008000efb4 (0xfc442703) lw      a4, -60(s0)
core   0: 3 0x000000008000efb4 (0xfc442703) x14 0x0000000000000000 mem 0x0000000080030f34
core   0: 0x000000008000efb8 (0x0ff77713) andi    a4, a4, 255
core   0: 3 0x000000008000efb8 (0x0ff77713) x14 0x0000000000000000
core   0: 0x000000008000efbc (0x00e78023) sb      a4, 0(a5)
core   0: 3 0x000000008000efbc (0x00e78023) mem 0x00000000800110d2 0x00
core   0: 0x000000008000efc0 (0xfc843703) ld      a4, -56(s0)
core   0: 3 0x000000008000efc0 (0xfc843703) x14 0x0000000080011040 mem 0x0000000080030f38
core   0: 0x000000008000efc4 (0xfb843783) ld      a5, -72(s0)
core   0: 3 0x000000008000efc4 (0xfb843783) x15 0x000000000000009c mem 0x0000000080030f28
core   0: 0x000000008000efc8 (0x000097ba) c.add   a5, a4
core   0: 3 0x000000008000efc8 (0x97ba) x15 0x00000000800110dc
core   0: 0x000000008000efca (0xfe043703) ld      a4, -32(s0)
core   0: 3 0x000000008000efca (0xfe043703) x14 0x00000000800110d3 mem 0x0000000080030f50
core   0: 0x000000008000efce (0xfcf76de3) bltu    a4, a5, pc - 38
core   0: 3 0x000000008000efce (0xfcf76de3)
core   0: 0x000000008000efa8 (0xfe043783) ld      a5, -32(s0)
core   0: 3 0x000000008000efa8 (0xfe043783) x15 0x00000000800110d3 mem 0x0000000080030f50
core   0: 0x000000008000efac (0x00178713) addi    a4, a5, 1
core   0: 3 0x000000008000efac (0x00178713) x14 0x00000000800110d4
core   0: 0x000000008000efb0 (0xfee43023) sd      a4, -32(s0)
core   0: 3 0x000000008000efb0 (0xfee43023) mem 0x0000000080030f50 0x00000000800110d4
core   0: 0x000000008000efb4 (0xfc442703) lw      a4, -60(s0)
core   0: 3 0x000000008000efb4 (0xfc442703) x14 0x0000000000000000 mem 0x0000000080030f34
core   0: 0x000000008000efb8 (0x0ff77713) andi    a4, a4, 255
core   0: 3 0x000000008000efb8 (0x0ff77713) x14 0x0000000000000000
core   0: 0x000000008000efbc (0x00e78023) sb      a4, 0(a5)
core   0: 3 0x000000008000efbc (0x00e78023) mem 0x00000000800110d3 0x00
core   0: 0x000000008000efc0 (0xfc843703) ld      a4, -56(s0)
core   0: 3 0x000000008000efc0 (0xfc843703) x14 0x0000000080011040 mem 0x0000000080030f38
core   0: 0x000000008000efc4 (0xfb843783) ld      a5, -72(s0)
core   0: 3 0x000000008000efc4 (0xfb843783) x15 0x000000000000009c mem 0x0000000080030f28
core   0: 0x000000008000efc8 (0x000097ba) c.add   a5, a4
core   0: 3 0x000000008000efc8 (0x97ba) x15 0x00000000800110dc
core   0: 0x000000008000efca (0xfe043703) ld      a4, -32(s0)
core   0: 3 0x000000008000efca (0xfe043703) x14 0x00000000800110d4 mem 0x0000000080030f50
core   0: 0x000000008000efce (0xfcf76de3) bltu    a4, a5, pc - 38
core   0: 3 0x000000008000efce (0xfcf76de3)
core   0: 0x000000008000efa8 (0xfe043783) ld      a5, -32(s0)
core   0: 3 0x000000008000efa8 (0xfe043783) x15 0x00000000800110d4 mem 0x0000000080030f50
core   0: 0x000000008000efac (0x00178713) addi    a4, a5, 1
core   0: 3 0x000000008000efac (0x00178713) x14 0x00000000800110d5
core   0: 0x000000008000efb0 (0xfee43023) sd      a4, -32(s0)
core   0: 3 0x000000008000efb0 (0xfee43023) mem 0x0000000080030f50 0x00000000800110d5
core   0: 0x000000008000efb4 (0xfc442703) lw      a4, -60(s0)
core   0: 3 0x000000008000efb4 (0xfc442703) x14 0x0000000000000000 mem 0x0000000080030f34
core   0: 0x000000008000efb8 (0x0ff77713) andi    a4, a4, 255
core   0: 3 0x000000008000efb8 (0x0ff77713) x14 0x0000000000000000
core   0: 0x000000008000efbc (0x00e78023) sb      a4, 0(a5)
core   0: 3 0x000000008000efbc (0x00e78023) mem 0x00000000800110d4 0x00
core   0: 0x000000008000efc0 (0xfc843703) ld      a4, -56(s0)
core   0: 3 0x000000008000efc0 (0xfc843703) x14 0x0000000080011040 mem 0x0000000080030f38
core   0: 0x000000008000efc4 (0xfb843783) ld      a5, -72(s0)
core   0: 3 0x000000008000efc4 (0xfb843783) x15 0x000000000000009c mem 0x0000000080030f28
core   0: 0x000000008000efc8 (0x000097ba) c.add   a5, a4
core   0: 3 0x000000008000efc8 (0x97ba) x15 0x00000000800110dc
core   0: 0x000000008000efca (0xfe043703) ld      a4, -32(s0)
core   0: 3 0x000000008000efca (0xfe043703) x14 0x00000000800110d5 mem 0x0000000080030f50
core   0: 0x000000008000efce (0xfcf76de3) bltu    a4, a5, pc - 38
core   0: 3 0x000000008000efce (0xfcf76de3)
core   0: 0x000000008000efa8 (0xfe043783) ld      a5, -32(s0)
core   0: 3 0x000000008000efa8 (0xfe043783) x15 0x00000000800110d5 mem 0x0000000080030f50
core   0: 0x000000008000efac (0x00178713) addi    a4, a5, 1
core   0: 3 0x000000008000efac (0x00178713) x14 0x00000000800110d6
core   0: 0x000000008000efb0 (0xfee43023) sd      a4, -32(s0)
core   0: 3 0x000000008000efb0 (0xfee43023) mem 0x0000000080030f50 0x00000000800110d6
core   0: 0x000000008000efb4 (0xfc442703) lw      a4, -60(s0)
core   0: 3 0x000000008000efb4 (0xfc442703) x14 0x0000000000000000 mem 0x0000000080030f34
core   0: 0x000000008000efb8 (0x0ff77713) andi    a4, a4, 255
core   0: 3 0x000000008000efb8 (0x0ff77713) x14 0x0000000000000000
core   0: 0x000000008000efbc (0x00e78023) sb      a4, 0(a5)
core   0: 3 0x000000008000efbc (0x00e78023) mem 0x00000000800110d5 0x00
core   0: 0x000000008000efc0 (0xfc843703) ld      a4, -56(s0)
core   0: 3 0x000000008000efc0 (0xfc843703) x14 0x0000000080011040 mem 0x0000000080030f38
core   0: 0x000000008000efc4 (0xfb843783) ld      a5, -72(s0)
core   0: 3 0x000000008000efc4 (0xfb843783) x15 0x000000000000009c mem 0x0000000080030f28
core   0: 0x000000008000efc8 (0x000097ba) c.add   a5, a4
core   0: 3 0x000000008000efc8 (0x97ba) x15 0x00000000800110dc
core   0: 0x000000008000efca (0xfe043703) ld      a4, -32(s0)
core   0: 3 0x000000008000efca (0xfe043703) x14 0x00000000800110d6 mem 0x0000000080030f50
core   0: 0x000000008000efce (0xfcf76de3) bltu    a4, a5, pc - 38
core   0: 3 0x000000008000efce (0xfcf76de3)
core   0: 0x000000008000efa8 (0xfe043783) ld      a5, -32(s0)
core   0: 3 0x000000008000efa8 (0xfe043783) x15 0x00000000800110d6 mem 0x0000000080030f50
core   0: 0x000000008000efac (0x00178713) addi    a4, a5, 1
core   0: 3 0x000000008000efac (0x00178713) x14 0x00000000800110d7
core   0: 0x000000008000efb0 (0xfee43023) sd      a4, -32(s0)
core   0: 3 0x000000008000efb0 (0xfee43023) mem 0x0000000080030f50 0x00000000800110d7
core   0: 0x000000008000efb4 (0xfc442703) lw      a4, -60(s0)
core   0: 3 0x000000008000efb4 (0xfc442703) x14 0x0000000000000000 mem 0x0000000080030f34
core   0: 0x000000008000efb8 (0x0ff77713) andi    a4, a4, 255
core   0: 3 0x000000008000efb8 (0x0ff77713) x14 0x0000000000000000
core   0: 0x000000008000efbc (0x00e78023) sb      a4, 0(a5)
core   0: 3 0x000000008000efbc (0x00e78023) mem 0x00000000800110d6 0x00
core   0: 0x000000008000efc0 (0xfc843703) ld      a4, -56(s0)
core   0: 3 0x000000008000efc0 (0xfc843703) x14 0x0000000080011040 mem 0x0000000080030f38
core   0: 0x000000008000efc4 (0xfb843783) ld      a5, -72(s0)
core   0: 3 0x000000008000efc4 (0xfb843783) x15 0x000000000000009c mem 0x0000000080030f28
core   0: 0x000000008000efc8 (0x000097ba) c.add   a5, a4
core   0: 3 0x000000008000efc8 (0x97ba) x15 0x00000000800110dc
core   0: 0x000000008000efca (0xfe043703) ld      a4, -32(s0)
core   0: 3 0x000000008000efca (0xfe043703) x14 0x00000000800110d7 mem 0x0000000080030f50
core   0: 0x000000008000efce (0xfcf76de3) bltu    a4, a5, pc - 38
core   0: 3 0x000000008000efce (0xfcf76de3)
core   0: 0x000000008000efa8 (0xfe043783) ld      a5, -32(s0)
core   0: 3 0x000000008000efa8 (0xfe043783) x15 0x00000000800110d7 mem 0x0000000080030f50
core   0: 0x000000008000efac (0x00178713) addi    a4, a5, 1
core   0: 3 0x000000008000efac (0x00178713) x14 0x00000000800110d8
core   0: 0x000000008000efb0 (0xfee43023) sd      a4, -32(s0)
core   0: 3 0x000000008000efb0 (0xfee43023) mem 0x0000000080030f50 0x00000000800110d8
core   0: 0x000000008000efb4 (0xfc442703) lw      a4, -60(s0)
core   0: 3 0x000000008000efb4 (0xfc442703) x14 0x0000000000000000 mem 0x0000000080030f34
core   0: 0x000000008000efb8 (0x0ff77713) andi    a4, a4, 255
core   0: 3 0x000000008000efb8 (0x0ff77713) x14 0x0000000000000000
core   0: 0x000000008000efbc (0x00e78023) sb      a4, 0(a5)
core   0: 3 0x000000008000efbc (0x00e78023) mem 0x00000000800110d7 0x00
core   0: 0x000000008000efc0 (0xfc843703) ld      a4, -56(s0)
core   0: 3 0x000000008000efc0 (0xfc843703) x14 0x0000000080011040 mem 0x0000000080030f38
core   0: 0x000000008000efc4 (0xfb843783) ld      a5, -72(s0)
core   0: 3 0x000000008000efc4 (0xfb843783) x15 0x000000000000009c mem 0x0000000080030f28
core   0: 0x000000008000efc8 (0x000097ba) c.add   a5, a4
core   0: 3 0x000000008000efc8 (0x97ba) x15 0x00000000800110dc
core   0: 0x000000008000efca (0xfe043703) ld      a4, -32(s0)
core   0: 3 0x000000008000efca (0xfe043703) x14 0x00000000800110d8 mem 0x0000000080030f50
core   0: 0x000000008000efce (0xfcf76de3) bltu    a4, a5, pc - 38
core   0: 3 0x000000008000efce (0xfcf76de3)
core   0: 0x000000008000efa8 (0xfe043783) ld      a5, -32(s0)
core   0: 3 0x000000008000efa8 (0xfe043783) x15 0x00000000800110d8 mem 0x0000000080030f50
core   0: 0x000000008000efac (0x00178713) addi    a4, a5, 1
core   0: 3 0x000000008000efac (0x00178713) x14 0x00000000800110d9
core   0: 0x000000008000efb0 (0xfee43023) sd      a4, -32(s0)
core   0: 3 0x000000008000efb0 (0xfee43023) mem 0x0000000080030f50 0x00000000800110d9
core   0: 0x000000008000efb4 (0xfc442703) lw      a4, -60(s0)
core   0: 3 0x000000008000efb4 (0xfc442703) x14 0x0000000000000000 mem 0x0000000080030f34
core   0: 0x000000008000efb8 (0x0ff77713) andi    a4, a4, 255
core   0: 3 0x000000008000efb8 (0x0ff77713) x14 0x0000000000000000
core   0: 0x000000008000efbc (0x00e78023) sb      a4, 0(a5)
core   0: 3 0x000000008000efbc (0x00e78023) mem 0x00000000800110d8 0x00
core   0: 0x000000008000efc0 (0xfc843703) ld      a4, -56(s0)
core   0: 3 0x000000008000efc0 (0xfc843703) x14 0x0000000080011040 mem 0x0000000080030f38
core   0: 0x000000008000efc4 (0xfb843783) ld      a5, -72(s0)
core   0: 3 0x000000008000efc4 (0xfb843783) x15 0x000000000000009c mem 0x0000000080030f28
core   0: 0x000000008000efc8 (0x000097ba) c.add   a5, a4
core   0: 3 0x000000008000efc8 (0x97ba) x15 0x00000000800110dc
core   0: 0x000000008000efca (0xfe043703) ld      a4, -32(s0)
core   0: 3 0x000000008000efca (0xfe043703) x14 0x00000000800110d9 mem 0x0000000080030f50
core   0: 0x000000008000efce (0xfcf76de3) bltu    a4, a5, pc - 38
core   0: 3 0x000000008000efce (0xfcf76de3)
core   0: 0x000000008000efa8 (0xfe043783) ld      a5, -32(s0)
core   0: 3 0x000000008000efa8 (0xfe043783) x15 0x00000000800110d9 mem 0x0000000080030f50
core   0: 0x000000008000efac (0x00178713) addi    a4, a5, 1
core   0: 3 0x000000008000efac (0x00178713) x14 0x00000000800110da
core   0: 0x000000008000efb0 (0xfee43023) sd      a4, -32(s0)
core   0: 3 0x000000008000efb0 (0xfee43023) mem 0x0000000080030f50 0x00000000800110da
core   0: 0x000000008000efb4 (0xfc442703) lw      a4, -60(s0)
core   0: 3 0x000000008000efb4 (0xfc442703) x14 0x0000000000000000 mem 0x0000000080030f34
core   0: 0x000000008000efb8 (0x0ff77713) andi    a4, a4, 255
core   0: 3 0x000000008000efb8 (0x0ff77713) x14 0x0000000000000000
core   0: 0x000000008000efbc (0x00e78023) sb      a4, 0(a5)
core   0: 3 0x000000008000efbc (0x00e78023) mem 0x00000000800110d9 0x00
core   0: 0x000000008000efc0 (0xfc843703) ld      a4, -56(s0)
core   0: 3 0x000000008000efc0 (0xfc843703) x14 0x0000000080011040 mem 0x0000000080030f38
core   0: 0x000000008000efc4 (0xfb843783) ld      a5, -72(s0)
core   0: 3 0x000000008000efc4 (0xfb843783) x15 0x000000000000009c mem 0x0000000080030f28
core   0: 0x000000008000efc8 (0x000097ba) c.add   a5, a4
core   0: 3 0x000000008000efc8 (0x97ba) x15 0x00000000800110dc
core   0: 0x000000008000efca (0xfe043703) ld      a4, -32(s0)
core   0: 3 0x000000008000efca (0xfe043703) x14 0x00000000800110da mem 0x0000000080030f50
core   0: 0x000000008000efce (0xfcf76de3) bltu    a4, a5, pc - 38
core   0: 3 0x000000008000efce (0xfcf76de3)
core   0: 0x000000008000efa8 (0xfe043783) ld      a5, -32(s0)
core   0: 3 0x000000008000efa8 (0xfe043783) x15 0x00000000800110da mem 0x0000000080030f50
core   0: 0x000000008000efac (0x00178713) addi    a4, a5, 1
core   0: 3 0x000000008000efac (0x00178713) x14 0x00000000800110db
core   0: 0x000000008000efb0 (0xfee43023) sd      a4, -32(s0)
core   0: 3 0x000000008000efb0 (0xfee43023) mem 0x0000000080030f50 0x00000000800110db
core   0: 0x000000008000efb4 (0xfc442703) lw      a4, -60(s0)
core   0: 3 0x000000008000efb4 (0xfc442703) x14 0x0000000000000000 mem 0x0000000080030f34
core   0: 0x000000008000efb8 (0x0ff77713) andi    a4, a4, 255
core   0: 3 0x000000008000efb8 (0x0ff77713) x14 0x0000000000000000
core   0: 0x000000008000efbc (0x00e78023) sb      a4, 0(a5)
core   0: 3 0x000000008000efbc (0x00e78023) mem 0x00000000800110da 0x00
core   0: 0x000000008000efc0 (0xfc843703) ld      a4, -56(s0)
core   0: 3 0x000000008000efc0 (0xfc843703) x14 0x0000000080011040 mem 0x0000000080030f38
core   0: 0x000000008000efc4 (0xfb843783) ld      a5, -72(s0)
core   0: 3 0x000000008000efc4 (0xfb843783) x15 0x000000000000009c mem 0x0000000080030f28
core   0: 0x000000008000efc8 (0x000097ba) c.add   a5, a4
core   0: 3 0x000000008000efc8 (0x97ba) x15 0x00000000800110dc
core   0: 0x000000008000efca (0xfe043703) ld      a4, -32(s0)
core   0: 3 0x000000008000efca (0xfe043703) x14 0x00000000800110db mem 0x0000000080030f50
core   0: 0x000000008000efce (0xfcf76de3) bltu    a4, a5, pc - 38
core   0: 3 0x000000008000efce (0xfcf76de3)
core   0: 0x000000008000efa8 (0xfe043783) ld      a5, -32(s0)
core   0: 3 0x000000008000efa8 (0xfe043783) x15 0x00000000800110db mem 0x0000000080030f50
core   0: 0x000000008000efac (0x00178713) addi    a4, a5, 1
core   0: 3 0x000000008000efac (0x00178713) x14 0x00000000800110dc
core   0: 0x000000008000efb0 (0xfee43023) sd      a4, -32(s0)
core   0: 3 0x000000008000efb0 (0xfee43023) mem 0x0000000080030f50 0x00000000800110dc
core   0: 0x000000008000efb4 (0xfc442703) lw      a4, -60(s0)
core   0: 3 0x000000008000efb4 (0xfc442703) x14 0x0000000000000000 mem 0x0000000080030f34
core   0: 0x000000008000efb8 (0x0ff77713) andi    a4, a4, 255
core   0: 3 0x000000008000efb8 (0x0ff77713) x14 0x0000000000000000
core   0: 0x000000008000efbc (0x00e78023) sb      a4, 0(a5)
core   0: 3 0x000000008000efbc (0x00e78023) mem 0x00000000800110db 0x00
core   0: 0x000000008000efc0 (0xfc843703) ld      a4, -56(s0)
core   0: 3 0x000000008000efc0 (0xfc843703) x14 0x0000000080011040 mem 0x0000000080030f38
core   0: 0x000000008000efc4 (0xfb843783) ld      a5, -72(s0)
core   0: 3 0x000000008000efc4 (0xfb843783) x15 0x000000000000009c mem 0x0000000080030f28
core   0: 0x000000008000efc8 (0x000097ba) c.add   a5, a4
core   0: 3 0x000000008000efc8 (0x97ba) x15 0x00000000800110dc
core   0: 0x000000008000efca (0xfe043703) ld      a4, -32(s0)
core   0: 3 0x000000008000efca (0xfe043703) x14 0x00000000800110dc mem 0x0000000080030f50
core   0: 0x000000008000efce (0xfcf76de3) bltu    a4, a5, pc - 38
core   0: 3 0x000000008000efce (0xfcf76de3)
core   0: 0x000000008000efd2 (0xfc843783) ld      a5, -56(s0)
core   0: 3 0x000000008000efd2 (0xfc843783) x15 0x0000000080011040 mem 0x0000000080030f38
core   0: 0x000000008000efd6 (0x0000853e) c.mv    a0, a5
core   0: 3 0x000000008000efd6 (0x853e) x10 0x0000000080011040
core   0: 0x000000008000efd8 (0x00006426) c.ldsp  s0, 72(sp)
core   0: 3 0x000000008000efd8 (0x6426) x8  0x0000000080030f90 mem 0x0000000080030f68
core   0: 0x000000008000efda (0x00006161) c.addi16sp sp, 80
core   0: 3 0x000000008000efda (0x6161) x2  0x0000000080030f70
core   0: 0x000000008000efdc (0x00008082) ret
core   0: 3 0x000000008000efdc (0x8082)
core   0: 0x000000008000e590 (0x00000001) c.nop
core   0: 3 0x000000008000e590 (0x0001)
core   0: 0x000000008000e592 (0x000060e2) c.ldsp  ra, 24(sp)
core   0: 3 0x000000008000e592 (0x60e2) x1  0x000000008000e5d0 mem 0x0000000080030f88
core   0: 0x000000008000e594 (0x00006442) c.ldsp  s0, 16(sp)
core   0: 3 0x000000008000e594 (0x6442) x8  0x0000000080031040 mem 0x0000000080030f80
core   0: 0x000000008000e596 (0x00006105) c.addi16sp sp, 32
core   0: 3 0x000000008000e596 (0x6105) x2  0x0000000080030f90
core   0: 0x000000008000e598 (0x00008082) ret
core   0: 3 0x000000008000e598 (0x8082)
core   0: 0x000000008000e5d0 (0xf5842703) lw      a4, -168(s0)
core   0: 3 0x000000008000e5d0 (0xf5842703) x14 0x0000000000000001 mem 0x0000000080030f98
core   0: 0x000000008000e5d4 (0xf5c42783) lw      a5, -164(s0)
core   0: 3 0x000000008000e5d4 (0xf5c42783) x15 0x0000000000000000 mem 0x0000000080030f9c
core   0: 0x000000008000e5d8 (0x000085ba) c.mv    a1, a4
core   0: 3 0x000000008000e5d8 (0x85ba) x11 0x0000000000000001
core   0: 0x000000008000e5da (0x0000853e) c.mv    a0, a5
core   0: 3 0x000000008000e5da (0x853e) x10 0x0000000000000000
core   0: 0x000000008000e5dc (0xf03ff0ef) jal     pc - 0xfe
core   0: 3 0x000000008000e5dc (0xf03ff0ef) x1  0x000000008000e5e0
core   0: >>>>  thread_entry
core   0: 0x000000008000e4de (0x00001101) c.addi  sp, -32
core   0: 3 0x000000008000e4de (0x1101) x2  0x0000000080030f70
core   0: 0x000000008000e4e0 (0x0000ec22) c.sdsp  s0, 24(sp)
core   0: 3 0x000000008000e4e0 (0xec22) mem 0x0000000080030f88 0x0000000080031040
core   0: 0x000000008000e4e2 (0x00001000) c.addi4spn s0, sp, 32
core   0: 3 0x000000008000e4e2 (0x1000) x8  0x0000000080030f90
core   0: 0x000000008000e4e4 (0x000087aa) c.mv    a5, a0
core   0: 3 0x000000008000e4e4 (0x87aa) x15 0x0000000000000000
core   0: 0x000000008000e4e6 (0x0000872e) c.mv    a4, a1
core   0: 3 0x000000008000e4e6 (0x872e) x14 0x0000000000000001
core   0: 0x000000008000e4e8 (0xfef42623) sw      a5, -20(s0)
core   0: 3 0x000000008000e4e8 (0xfef42623) mem 0x0000000080030f7c 0x00000000
core   0: 0x000000008000e4ec (0x000087ba) c.mv    a5, a4
core   0: 3 0x000000008000e4ec (0x87ba) x15 0x0000000000000001
core   0: 0x000000008000e4ee (0xfef42423) sw      a5, -24(s0)
core   0: 3 0x000000008000e4ee (0xfef42423) mem 0x0000000080030f78 0x00000001
core   0: 0x000000008000e4f2 (0x00000001) c.nop
core   0: 3 0x000000008000e4f2 (0x0001)
core   0: 0x000000008000e4f4 (0xfec42783) lw      a5, -20(s0)
core   0: 3 0x000000008000e4f4 (0xfec42783) x15 0x0000000000000000 mem 0x0000000080030f7c
core   0: 0x000000008000e4f8 (0x00002781) c.addiw a5, 0
core   0: 3 0x000000008000e4f8 (0x2781) x15 0x0000000000000000
core   0: 0x000000008000e4fa (0x0000ffed) c.bnez  a5, pc - 6
core   0: 3 0x000000008000e4fa (0xffed)
core   0: 0x000000008000e4fc (0x00000001) c.nop
core   0: 3 0x000000008000e4fc (0x0001)
core   0: 0x000000008000e4fe (0x00000001) c.nop
core   0: 3 0x000000008000e4fe (0x0001)
core   0: 0x000000008000e500 (0x00006462) c.ldsp  s0, 24(sp)
core   0: 3 0x000000008000e500 (0x6462) x8  0x0000000080031040 mem 0x0000000080030f88
core   0: 0x000000008000e502 (0x00006105) c.addi16sp sp, 32
core   0: 3 0x000000008000e502 (0x6105) x2  0x0000000080030f90
core   0: 0x000000008000e504 (0x00008082) ret
core   0: 3 0x000000008000e504 (0x8082)
core   0: 0x000000008000e5e0 (0x00004581) c.li    a1, 0
core   0: 3 0x000000008000e5e0 (0x4581) x11 0x0000000000000000
core   0: 0x000000008000e5e2 (0x00004501) c.li    a0, 0
core   0: 3 0x000000008000e5e2 (0x4501) x10 0x0000000000000000
core   0: 0x000000008000e5e4 (0xa1df30ef) jal     pc - 0xc5e4
core   0: 3 0x000000008000e5e4 (0xa1df30ef) x1  0x000000008000e5e8
core   0: >>>>  main
core   0: 0x0000000080002000 (0x00000001) c.nop
core   0: 3 0x0000000080002000 (0x0001)
core   0: >>>>  trap_vec_init
core   0: 0x0000000080002002 (0x00002797) auipc   a5, 0x2
core   0: 3 0x0000000080002002 (0x00002797) x15 0x0000000080004002
core   0: 0x0000000080002006 (0xffe78793) addi    a5, a5, -2
core   0: 3 0x0000000080002006 (0xffe78793) x15 0x0000000080004000
core   0: 0x000000008000200a (0x30579073) csrrw   zero, mtvec, a5
core   0: 3 0x000000008000200a (0x30579073) c773_mtvec 0x0000000080004000
core   0: >>>>  pmp_setup
core   0: 0x000000008000200e (0x00002c17) auipc   s8, 0x2
core   0: 3 0x000000008000200e (0x00002c17) x24 0x000000008000400e
core   0: 0x0000000080002012 (0x022c0c13) addi    s8, s8, 34
core   0: 3 0x0000000080002012 (0x022c0c13) x24 0x0000000080004030
core   0: 0x0000000080002016 (0x00004781) c.li    a5, 0
core   0: 3 0x0000000080002016 (0x4781) x15 0x0000000000000000
core   0: 0x0000000080002018 (0x00009c3e) c.add   s8, a5
core   0: 3 0x0000000080002018 (0x9c3e) x24 0x0000000080004030
core   0: 0x000000008000201a (0x3b0c1073) csrrw   zero, pmpaddr0, s8
core   0: 3 0x000000008000201a (0x3b0c1073) c944_pmpaddr0 0x0000000080004030
core   0: 0x000000008000201e (0x00004c3d) c.li    s8, 15
core   0: 3 0x000000008000201e (0x4c3d) x24 0x000000000000000f
core   0: 0x0000000080002020 (0x3a0c1073) csrrw   zero, pmpcfg0, s8
core   0: 3 0x0000000080002020 (0x3a0c1073) c928_pmpcfg0 0x000000000000000f
core   0: 0x0000000080002024 (0x12000073) sfence.vma zero, zero
core   0: 3 0x0000000080002024 (0x12000073)
core   0: >>>>  mepc_setup
core   0: 0x0000000080002028 (0x00002797) auipc   a5, 0x2
core   0: 3 0x0000000080002028 (0x00002797) x15 0x0000000080004028
core   0: 0x000000008000202c (0x00878793) addi    a5, a5, 8
core   0: 3 0x000000008000202c (0x00878793) x15 0x0000000080004030
core   0: 0x0000000080002030 (0x34179073) csrrw   zero, mepc, a5
core   0: 3 0x0000000080002030 (0x34179073) c833_mepc 0x0000000080004030
core   0: >>>>  custom_csr_setup
core   0: 0x0000000080002034 (0x00100f9b) addiw   t6, zero, 1
core   0: 3 0x0000000080002034 (0x00100f9b) x31 0x0000000000000001
core   0: 0x0000000080002038 (0x00000ffe) c.slli  t6, 31
core   0: 3 0x0000000080002038 (0x0ffe) x31 0x0000000080000000
core   0: 0x000000008000203a (0x00000001) c.nop
core   0: 3 0x000000008000203a (0x0001)
core   0: >>>>  init_s_mode
core   0: 0x000000008000203c (0xfff0079b) addiw   a5, zero, -1
core   0: 3 0x000000008000203c (0xfff0079b) x15 0xffffffffffffffff
core   0: 0x0000000080002040 (0x000017fe) c.slli  a5, 63
core   0: 3 0x0000000080002040 (0x17fe) x15 0x8000000000000000
core   0: 0x0000000080002042 (0x18079073) csrrw   zero, satp, a5
core   0: 3 0x0000000080002042 (0x18079073) c384_satp 0x8000000000000000
core   0: 0x0000000080002046 (0x0000e797) auipc   a5, 0xe
core   0: 3 0x0000000080002046 (0x0000e797) x15 0x0000000080010046
core   0: 0x000000008000204a (0xfba78793) addi    a5, a5, -70
core   0: 3 0x000000008000204a (0xfba78793) x15 0x0000000080010000
core   0: 0x000000008000204e (0x000083b1) c.srli  a5, 12
core   0: 3 0x000000008000204e (0x83b1) x15 0x0000000000080010
core   0: 0x0000000080002050 (0x0010061b) addiw   a2, zero, 1
core   0: 3 0x0000000080002050 (0x0010061b) x12 0x0000000000000001
core   0: 0x0000000080002054 (0x00001632) c.slli  a2, 44
core   0: 3 0x0000000080002054 (0x1632) x12 0x0000100000000000
core   0: 0x0000000080002056 (0x0000167d) c.addi  a2, -1
core   0: 3 0x0000000080002056 (0x167d) x12 0x00000fffffffffff
core   0: 0x0000000080002058 (0x00008ff1) c.and   a5, a2
core   0: 3 0x0000000080002058 (0x8ff1) x15 0x0000000000080010
core   0: 0x000000008000205a (0x1807a073) csrrs   zero, satp, a5
core   0: 3 0x000000008000205a (0x1807a073) c384_satp 0x8000000000080010
core   0: 0x000000008000205e (0x00a005b7) lui     a1, 0xa00
core   0: 3 0x000000008000205e (0x00a005b7) x11 0x0000000000a00000
core   0: 0x0000000080002062 (0x10b5859b) addiw   a1, a1, 267
core   0: 3 0x0000000080002062 (0x10b5859b) x11 0x0000000000a0010b
core   0: 0x0000000080002066 (0x000005b2) c.slli  a1, 12
core   0: 3 0x0000000080002066 (0x05b2) x11 0x0000000a0010b000
core   0: 0x0000000080002068 (0xa0058593) addi    a1, a1, -1536
core   0: 3 0x0000000080002068 (0xa0058593) x11 0x0000000a0010aa00
core   0: 0x000000008000206c (0x30059073) csrrw   zero, mstatus, a1
core   0: 3 0x000000008000206c (0x30059073) c768_mstatus 0x0000000a00102800
core   0: 0x0000000080002070 (0x30459073) csrrw   zero, mie, a1
core   0: 3 0x0000000080002070 (0x30459073) c772_mie 0x0000000000000a00
core   0: 0x0000000080002074 (0x00a005b7) lui     a1, 0xa00
core   0: 3 0x0000000080002074 (0x00a005b7) x11 0x0000000000a00000
core   0: 0x0000000080002078 (0x10b5859b) addiw   a1, a1, 267
core   0: 3 0x0000000080002078 (0x10b5859b) x11 0x0000000000a0010b
core   0: 0x000000008000207c (0x000005b2) c.slli  a1, 12
core   0: 3 0x000000008000207c (0x05b2) x11 0x0000000a0010b000
core   0: 0x000000008000207e (0xa0058593) addi    a1, a1, -1536
core   0: 3 0x000000008000207e (0xa0058593) x11 0x0000000a0010aa00
core   0: 0x0000000080002082 (0x10059073) csrrw   zero, sstatus, a1
core   0: 3 0x0000000080002082 (0x10059073) c768_mstatus 0x0000000a00102800
core   0: 0x0000000080002086 (0x10459073) csrrw   zero, sie, a1
core   0: 3 0x0000000080002086 (0x10459073) c772_mie 0x0000000000000a00
core   0: 0x000000008000208a (0x30200073) mret
core   0: 3 0x000000008000208a (0x30200073) c768_mstatus 0x0000000a00102080
core   0: >>>>  main_g
core   0: 0x0000000080004030 (0xa2898e53) fle.d   t3, fs3, fs0
core   0: 1 0x0000000080004030 (0xa2898e53) c1_fflags 0x0000000000000010 c768_mstatus 0x8000000a00106080 x28 0x0000000000000000
core   0: 0x0000000080004034 (0x001292f3) csrrw   t0, fflags, t0
core   0: 1 0x0000000080004034 (0x001292f3) x5  0x0000000000000010 c1_fflags 0x0000000000000004
core   0: 0x0000000080004038 (0x00a67db3) and     s11, a2, a0
core   0: 1 0x0000000080004038 (0x00a67db3) x27 0x0000000000000000
core   0: 0x000000008000403c (0x01f5171b) slliw   a4, a0, 31
core   0: 1 0x000000008000403c (0x01f5171b) x14 0x0000000000000000
core   0: 0x0000000080004040 (0x9fb5d3b7) lui     t2, 0x9fb5d
core   0: 1 0x0000000080004040 (0x9fb5d3b7) x7  0xffffffff9fb5d000
core   0: 0x0000000080004044 (0xc22bfe53) fcvt.l.d t3, fs7
core   0: 1 0x0000000080004044 (0xc22bfe53) c1_fflags 0x0000000000000014 x28 0x7fffffffffffffff
core   0: 0x0000000080004048 (0x5a0bfed3) fsqrt.d ft9, fs7
core   0: 1 0x0000000080004048 (0x5a0bfed3) f29 0x7ff8000000000000
core   0: 0x000000008000404c (0x03d749bb) divw    s3, a4, t4
core   0: 1 0x000000008000404c (0x03d749bb) x19 0xffffffffffffffff
core   0: 0x0000000080004050 (0x0364e43b) remw    s0, s1, s6
core   0: 1 0x0000000080004050 (0x0364e43b) x8  0xffffffff80030fc0
core   0: 0x0000000080004054 (0xc2067153) fcvt.w.d sp, fa2
core   0: 1 0x0000000080004054 (0xc2067153) c1_fflags 0x0000000000000014 x2  0x000000007fffffff
core   0: 0x0000000080004058 (0x40778633) sub     a2, a5, t2
core   0: 1 0x0000000080004058 (0x40778633) x12 0x0000000060523010
core   0: 0x000000008000405c (0x01b7ddbb) srlw    s11, a5, s11
core   0: 1 0x000000008000405c (0x01b7ddbb) x27 0x0000000000080010
core   0: 0x0000000080004060 (0x037d9333) mulh    t1, s11, s7
core   0: 1 0x0000000080004060 (0x037d9333) x6  0x0000000000000000
core   0: 0x0000000080004064 (0xf20903d3) fmv.d.x ft7, s2
core   0: 1 0x0000000080004064 (0xf20903d3) f7  0x0000000000000000
core   0: 0x0000000080004068 (0xd02afdd3) fcvt.s.l fs11, s5
core   0: 1 0x0000000080004068 (0xd02afdd3) f27 0xffffffff00000000
core   0: 0x000000008000406c (0x0296d1b3) divu    gp, a3, s1
core   0: 1 0x000000008000406c (0x0296d1b3) x3  0x0000000000000000
core   0: 0x0000000080004070 (0x01572933) slt     s2, a4, s5
core   0: 1 0x0000000080004070 (0x01572933) x18 0x0000000000000000
core   0: 0x0000000080004074 (0x00e95233) srl     tp, s2, a4
core   0: 1 0x0000000080004074 (0x00e95233) x4  0x0000000000000000
core   0: 0x0000000080004078 (0x0094163b) sllw    a2, s0, s1
core   0: 1 0x0000000080004078 (0x0094163b) x12 0xffffffff80030fc0
core   0: 0x000000008000407c (0xd2160b53) fcvt.d.wu fs6, a2
core   0: 1 0x000000008000407c (0xd2160b53) f22 0x41e00061f8000000
core   0: 0x0000000080004080 (0x001d0b9b) addiw   s7, s10, 1
core   0: 1 0x0000000080004080 (0x001d0b9b) x23 0x0000000000000001
core   0: 0x0000000080004084 (0x41515bbb) sraw    s7, sp, s5
core   0: 1 0x0000000080004084 (0x41515bbb) x23 0x000000007fffffff
core   0: 0x0000000080004088 (0xc023f8d3) fcvt.l.s a7, ft7
core   0: 1 0x0000000080004088 (0xc023f8d3) c1_fflags 0x0000000000000014 x17 0x7fffffffffffffff
core   0: 0x000000008000408c (0x00dc7bb3) and     s7, s8, a3
core   0: 1 0x000000008000408c (0x00dc7bb3) x23 0x0000000000000000
core   0: 0x0000000080004090 (0x0ff0000f) fence   iorw,iorw
core   0: 1 0x0000000080004090 (0x0ff0000f)
core   0: 0x0000000080004094 (0xf1406573) csrrsi  a0, mhartid, 0
core   0: exception trap_illegal_instruction, epc 0x0000000080004094
core   0:           tval 0x00000000f1406573
core   0: >>>>  $xrv64i2p1_m2p0_a2p1_f2p2_d2p2_zicsr2p0_zifencei2p0_zmmul1p0_zba1p0_zbb1p0_zbc1p0_zbs1p0
core   0: 0x0000000080004000 (0x0080006f) j       pc + 0x8
core   0: 3 0x0000000080004000 (0x0080006f)
core   0: >>>>  mmode_exception_handler
core   0: 0x0000000080004008 (0x00002c17) auipc   s8, 0x2
core   0: 3 0x0000000080004008 (0x00002c17) x24 0x0000000080006008
core   0: 0x000000008000400c (0xfaac0c13) addi    s8, s8, -86
core   0: 3 0x000000008000400c (0xfaac0c13) x24 0x0000000080005fb2
core   0: 0x0000000080004010 (0x000c00e7) jalr    s8
core   0: 3 0x0000000080004010 (0x000c00e7) x1  0x0000000080004014
core   0: >>>>  any_handler
core   0: 0x0000000080005fb2 (0x341027f3) csrrs   a5, mepc, zero
core   0: 3 0x0000000080005fb2 (0x341027f3) x15 0x0000000080004094
core   0: 0x0000000080005fb6 (0x34202773) csrrs   a4, mcause, zero
core   0: 3 0x0000000080005fb6 (0x34202773) x14 0x0000000000000002
core   0: 0x0000000080005fba (0x142026f3) csrrs   a3, scause, zero
core   0: 3 0x0000000080005fba (0x142026f3) x13 0x0000000000000000
core   0: 0x0000000080005fbe (0x30402673) csrrs   a2, mie, zero
core   0: 3 0x0000000080005fbe (0x30402673) x12 0x0000000000000a00
core   0: 0x0000000080005fc2 (0x344025f3) csrrs   a1, mip, zero
core   0: 3 0x0000000080005fc2 (0x344025f3) x11 0x0000000000000080
core   0: 0x0000000080005fc6 (0x343025f3) csrrs   a1, mtval, zero
core   0: 3 0x0000000080005fc6 (0x343025f3) x11 0x00000000f1406573
core   0: 0x0000000080005fca (0x14302573) csrrs   a0, stval, zero
core   0: 3 0x0000000080005fca (0x14302573) x10 0x0000000000000000
core   0: 0x0000000080005fce (0xb02024f3) csrrs   s1, minstret, zero
core   0: 3 0x0000000080005fce (0xb02024f3) x9  0x00000000000007e4
core   0: 0x0000000080005fd2 (0x0000a811) c.j     pc + 20
core   0: 3 0x0000000080005fd2 (0xa811)
core   0: >>>>  mepc_4
core   0: 0x0000000080005fe6 (0x00000791) c.addi  a5, 4
core   0: 3 0x0000000080005fe6 (0x0791) x15 0x0000000080004098
core   0: 0x0000000080005fe8 (0x34179073) csrrw   zero, mepc, a5
core   0: 3 0x0000000080005fe8 (0x34179073) c833_mepc 0x0000000080004098
core   0: 0x0000000080005fec (0x30200073) mret
core   0: 3 0x0000000080005fec (0x30200073) c768_mstatus 0x8000000a00106080
core   0: 0x0000000080004098 (0x034b4d3b) divw    s10, s6, s4
core   0: 1 0x0000000080004098 (0x034b4d3b) x26 0xffffffffffffffff
core   0: 0x000000008000409c (0x016988b3) add     a7, s3, s6
core   0: 1 0x000000008000409c (0x016988b3) x17 0xffffffffffffffff
core   0: 0x00000000800040a0 (0x747fd6f3) csrrwi  a3, mseccfg, 31
core   0: exception trap_illegal_instruction, epc 0x00000000800040a0
core   0:           tval 0x00000000747fd6f3
core   0: >>>>  $xrv64i2p1_m2p0_a2p1_f2p2_d2p2_zicsr2p0_zifencei2p0_zmmul1p0_zba1p0_zbb1p0_zbc1p0_zbs1p0
core   0: 0x0000000080004000 (0x0080006f) j       pc + 0x8
core   0: 3 0x0000000080004000 (0x0080006f)
core   0: >>>>  mmode_exception_handler
core   0: 0x0000000080004008 (0x00002c17) auipc   s8, 0x2
core   0: 3 0x0000000080004008 (0x00002c17) x24 0x0000000080006008
core   0: 0x000000008000400c (0xfaac0c13) addi    s8, s8, -86
core   0: 3 0x000000008000400c (0xfaac0c13) x24 0x0000000080005fb2
core   0: 0x0000000080004010 (0x000c00e7) jalr    s8
core   0: 3 0x0000000080004010 (0x000c00e7) x1  0x0000000080004014
core   0: >>>>  any_handler
core   0: 0x0000000080005fb2 (0x341027f3) csrrs   a5, mepc, zero
core   0: 3 0x0000000080005fb2 (0x341027f3) x15 0x00000000800040a0
core   0: 0x0000000080005fb6 (0x34202773) csrrs   a4, mcause, zero
core   0: 3 0x0000000080005fb6 (0x34202773) x14 0x0000000000000002
core   0: 0x0000000080005fba (0x142026f3) csrrs   a3, scause, zero
core   0: 3 0x0000000080005fba (0x142026f3) x13 0x0000000000000000
core   0: 0x0000000080005fbe (0x30402673) csrrs   a2, mie, zero
core   0: 3 0x0000000080005fbe (0x30402673) x12 0x0000000000000a00
core   0: 0x0000000080005fc2 (0x344025f3) csrrs   a1, mip, zero
core   0: 3 0x0000000080005fc2 (0x344025f3) x11 0x0000000000000080
core   0: 0x0000000080005fc6 (0x343025f3) csrrs   a1, mtval, zero
core   0: 3 0x0000000080005fc6 (0x343025f3) x11 0x00000000747fd6f3
core   0: 0x0000000080005fca (0x14302573) csrrs   a0, stval, zero
core   0: 3 0x0000000080005fca (0x14302573) x10 0x0000000000000000
core   0: 0x0000000080005fce (0xb02024f3) csrrs   s1, minstret, zero
core   0: 3 0x0000000080005fce (0xb02024f3) x9  0x00000000000007f6
core   0: 0x0000000080005fd2 (0x0000a811) c.j     pc + 20
core   0: 3 0x0000000080005fd2 (0xa811)
core   0: >>>>  mepc_4
core   0: 0x0000000080005fe6 (0x00000791) c.addi  a5, 4
core   0: 3 0x0000000080005fe6 (0x0791) x15 0x00000000800040a4
core   0: 0x0000000080005fe8 (0x34179073) csrrw   zero, mepc, a5
core   0: 3 0x0000000080005fe8 (0x34179073) c833_mepc 0x00000000800040a4
core   0: 0x0000000080005fec (0x30200073) mret
core   0: 3 0x0000000080005fec (0x30200073) c768_mstatus 0x8000000a00106080
core   0: 0x00000000800040a4 (0x02d662b3) rem     t0, a2, a3
core   0: 1 0x00000000800040a4 (0x02d662b3) x5  0x0000000000000a00
core   0: 0x00000000800040a8 (0x4163033b) subw    t1, t1, s6
core   0: 1 0x00000000800040a8 (0x4163033b) x6  0x0000000000000000
core   0: 0x00000000800040ac (0x40778433) sub     s0, a5, t2
core   0: 1 0x00000000800040ac (0x40778433) x8  0x00000000e04a70a4
core   0: 0x00000000800040b0 (0x011756bb) srlw    a3, a4, a7
core   0: 1 0x00000000800040b0 (0x011756bb) x13 0x0000000000000000
core   0: 0x00000000800040b4 (0xd2357053) fcvt.d.lu ft0, a0
core   0: 1 0x00000000800040b4 (0xd2357053) f0  0x0000000000000000
core   0: 0x00000000800040b8 (0x0014da93) srli    s5, s1, 1
core   0: 1 0x00000000800040b8 (0x0014da93) x21 0x00000000000003fb
core   0: 0x00000000800040bc (0x5a19f9cf) fnmadd.d fs3, fs3, ft1, fa1
core   0: 1 0x00000000800040bc (0x5a19f9cf) f19 0x7ff8000000000000
core   0: 0x00000000800040c0 (0xcfda8897) auipc   a7, 0xcfda8
core   0: 1 0x00000000800040c0 (0xcfda8897) x17 0x000000004fdac0c0
core   0: 0x00000000800040c4 (0x400a5d13) srai    s10, s4, 0
core   0: 1 0x00000000800040c4 (0x400a5d13) x26 0x0000000000000000
core   0: 0x00000000800040c8 (0x00a1d033) srl     zero, gp, a0
core   0: 1 0x00000000800040c8 (0x00a1d033)
core   0: 0x00000000800040cc (0x9228e393) ori     t2, a7, -1758
core   0: 1 0x00000000800040cc (0x9228e393) x7  0xfffffffffffff9e2
core   0: 0x00000000800040d0 (0x221598d3) fsgnjn.d fa7, fa1, ft1
core   0: 1 0x00000000800040d0 (0x221598d3) f17 0x7fffffff00000000
core   0: 0x00000000800040d4 (0x02749d33) mulh    s10, s1, t2
core   0: 1 0x00000000800040d4 (0x02749d33) x26 0xffffffffffffffff
core   0: 0x00000000800040d8 (0x00000001) c.nop
core   0: 1 0x00000000800040d8 (0x0001)
core   0: 0x00000000800040da (0x0200fed3) fadd.d  ft9, ft1, ft0
core   0: 1 0x00000000800040da (0x0200fed3) f29 0x7ff8000000000000
core   0: 0x00000000800040de (0x80cd069b) addiw   a3, s10, -2036
core   0: 1 0x00000000800040de (0x80cd069b) x13 0xfffffffffffff80b
core   0: 0x00000000800040e2 (0x4014f2d3) fcvt.s.d ft5, fs1
core   0: 1 0x00000000800040e2 (0x4014f2d3) f5  0xffffffff7fc00000
core   0: 0x00000000800040e6 (0x028bd0bb) divuw   ra, s7, s0
core   0: 1 0x00000000800040e6 (0x028bd0bb) x1  0x0000000000000000
core   0: 0x00000000800040ea (0x4188d89b) sraiw   a7, a7, 24
core   0: 1 0x00000000800040ea (0x4188d89b) x17 0x000000000000004f
core   0: 0x00000000800040ee (0x003a569b) srliw   a3, s4, 3
core   0: 1 0x00000000800040ee (0x003a569b) x13 0x0000000000000000
core   0: 0x00000000800040f2 (0x5a04f353) fsqrt.d ft6, fs1
core   0: 1 0x00000000800040f2 (0x5a04f353) f6  0x7ff8000000000000
core   0: 0x00000000800040f6 (0xd20684d3) fcvt.d.w fs1, a3
core   0: 1 0x00000000800040f6 (0xd20684d3) f9  0x0000000000000000
core   0: 0x00000000800040fa (0x236f2453) fsgnjx.d fs0, ft10, fs6
core   0: 1 0x00000000800040fa (0x236f2453) f8  0xffffffff00000000
core   0: 0x00000000800040fe (0x02f697b3) mulh    a5, a3, a5
core   0: 1 0x00000000800040fe (0x02f697b3) x15 0x0000000000000000
core   0: 0x0000000080004102 (0xaacb95b7) lui     a1, 0xaacb9
core   0: 1 0x0000000080004102 (0xaacb95b7) x11 0xffffffffaacb9000
core   0: 0x0000000080004106 (0x5a0a7c53) fsqrt.d fs8, fs4
core   0: 1 0x0000000080004106 (0x5a0a7c53) f24 0x7ff8000000000000
core   0: 0x000000008000410a (0x40b58eb3) sub     t4, a1, a1
core   0: 1 0x000000008000410a (0x40b58eb3) x29 0x0000000000000000
core   0: 0x000000008000410e (0x7a25e693) ori     a3, a1, 1954
core   0: 1 0x000000008000410e (0x7a25e693) x13 0xffffffffaacb97a2
core   0: 0x0000000080004112 (0x0135a633) slt     a2, a1, s3
core   0: 1 0x0000000080004112 (0x0135a633) x12 0x0000000000000001
core   0: 0x0000000080004116 (0xfe595ab7) lui     s5, 0xfe595
core   0: 1 0x0000000080004116 (0xfe595ab7) x21 0xfffffffffe595000
core   0: 0x000000008000411a (0x171a8a9b) addiw   s5, s5, 369
core   0: 1 0x000000008000411a (0x171a8a9b) x21 0xfffffffffe595171
core   0: 0x000000008000411e (0x00000aba) c.slli  s5, 14
core   0: 1 0x000000008000411e (0x0aba) x21 0xffffff96545c4000
core   0: 0x0000000080004120 (0xcffa8a93) addi    s5, s5, -769
core   0: 1 0x0000000080004120 (0xcffa8a93) x21 0xffffff96545c3cff
core   0: 0x0000000080004124 (0xd22a7953) fcvt.d.l fs2, s4
core   0: 1 0x0000000080004124 (0xd22a7953) f18 0x0000000000000000
core   0: 0x0000000080004128 (0x02d6d013) srli    zero, a3, 45
core   0: 1 0x0000000080004128 (0x02d6d013)
core   0: 0x000000008000412c (0x40dad23b) sraw    tp, s5, a3
core   0: 1 0x000000008000412c (0x40dad23b) x4  0x0000000015170f3f
core   0: 0x0000000080004130 (0xd2020353) fcvt.d.w ft6, tp
core   0: 1 0x0000000080004130 (0xd2020353) f6  0x41b5170f3f000000
core   0: 0x0000000080004134 (0xf11c6973) csrrsi  s2, mvendorid, 24
core   0: exception trap_illegal_instruction, epc 0x0000000080004134
core   0:           tval 0x00000000f11c6973
core   0: >>>>  $xrv64i2p1_m2p0_a2p1_f2p2_d2p2_zicsr2p0_zifencei2p0_zmmul1p0_zba1p0_zbb1p0_zbc1p0_zbs1p0
core   0: 0x0000000080004000 (0x0080006f) j       pc + 0x8
core   0: 3 0x0000000080004000 (0x0080006f)
core   0: >>>>  mmode_exception_handler
core   0: 0x0000000080004008 (0x00002c17) auipc   s8, 0x2
core   0: 3 0x0000000080004008 (0x00002c17) x24 0x0000000080006008
core   0: 0x000000008000400c (0xfaac0c13) addi    s8, s8, -86
core   0: 3 0x000000008000400c (0xfaac0c13) x24 0x0000000080005fb2
core   0: 0x0000000080004010 (0x000c00e7) jalr    s8
core   0: 3 0x0000000080004010 (0x000c00e7) x1  0x0000000080004014
core   0: >>>>  any_handler
core   0: 0x0000000080005fb2 (0x341027f3) csrrs   a5, mepc, zero
core   0: 3 0x0000000080005fb2 (0x341027f3) x15 0x0000000080004134
core   0: 0x0000000080005fb6 (0x34202773) csrrs   a4, mcause, zero
core   0: 3 0x0000000080005fb6 (0x34202773) x14 0x0000000000000002
core   0: 0x0000000080005fba (0x142026f3) csrrs   a3, scause, zero
core   0: 3 0x0000000080005fba (0x142026f3) x13 0x0000000000000000
core   0: 0x0000000080005fbe (0x30402673) csrrs   a2, mie, zero
core   0: 3 0x0000000080005fbe (0x30402673) x12 0x0000000000000a00
core   0: 0x0000000080005fc2 (0x344025f3) csrrs   a1, mip, zero
core   0: 3 0x0000000080005fc2 (0x344025f3) x11 0x0000000000000080
core   0: 0x0000000080005fc6 (0x343025f3) csrrs   a1, mtval, zero
core   0: 3 0x0000000080005fc6 (0x343025f3) x11 0x00000000f11c6973
core   0: 0x0000000080005fca (0x14302573) csrrs   a0, stval, zero
core   0: 3 0x0000000080005fca (0x14302573) x10 0x0000000000000000
core   0: 0x0000000080005fce (0xb02024f3) csrrs   s1, minstret, zero
core   0: 3 0x0000000080005fce (0xb02024f3) x9  0x000000000000082b
core   0: 0x0000000080005fd2 (0x0000a811) c.j     pc + 20
core   0: 3 0x0000000080005fd2 (0xa811)
core   0: >>>>  mepc_4
core   0: 0x0000000080005fe6 (0x00000791) c.addi  a5, 4
core   0: 3 0x0000000080005fe6 (0x0791) x15 0x0000000080004138
core   0: 0x0000000080005fe8 (0x34179073) csrrw   zero, mepc, a5
core   0: 3 0x0000000080005fe8 (0x34179073) c833_mepc 0x0000000080004138
core   0: 0x0000000080005fec (0x30200073) mret
core   0: 3 0x0000000080005fec (0x30200073) c768_mstatus 0x8000000a00106080
core   0: 0x0000000080004138 (0x00d688bb) addw    a7, a3, a3
core   0: 1 0x0000000080004138 (0x00d688bb) x17 0x0000000000000000
core   0: 0x000000008000413c (0x4016e993) ori     s3, a3, 1025
core   0: 1 0x000000008000413c (0x4016e993) x19 0x0000000000000401
core   0: 0x0000000080004140 (0x0119cc33) xor     s8, s3, a7
core   0: 1 0x0000000080004140 (0x0119cc33) x24 0x0000000000000401
core   0: 0x0000000080004144 (0x018a9833) sll     a6, s5, s8
core   0: 1 0x0000000080004144 (0x018a9833) x16 0xffffff2ca8b879fe
core   0: 0x0000000080004148 (0x9d96e813) ori     a6, a3, -1575
core   0: 1 0x0000000080004148 (0x9d96e813) x16 0xfffffffffffff9d9
core   0: 0x000000008000414c (0x51d80013) addi    zero, a6, 1309
core   0: 1 0x000000008000414c (0x51d80013)
core   0: 0x0000000080004150 (0xd03a7b53) fcvt.s.lu fs6, s4
core   0: 1 0x0000000080004150 (0xd03a7b53) f22 0xffffffff00000000
core   0: 0x0000000080004154 (0x00305bbb) srlw    s7, zero, gp
core   0: 1 0x0000000080004154 (0x00305bbb) x23 0x0000000000000000
core   0: 0x0000000080004158 (0xc02b7953) fcvt.l.s s2, fs6
core   0: 1 0x0000000080004158 (0xc02b7953) x18 0x0000000000000000
core   0: 0x000000008000415c (0x0037c633) xor     a2, a5, gp
core   0: 1 0x000000008000415c (0x0037c633) x12 0x0000000080004138
core   0: 0x0000000080004160 (0x01639cbb) sllw    s9, t2, s6
core   0: 1 0x0000000080004160 (0x01639cbb) x25 0xfffffffffffff9e2
core   0: 0x0000000080004164 (0xea560893) addi    a7, a2, -347
core   0: 1 0x0000000080004164 (0xea560893) x17 0x0000000080003fdd
core   0: 0x0000000080004168 (0x0379833b) mulw    t1, s3, s7
core   0: 1 0x0000000080004168 (0x0379833b) x6  0x0000000000000000
core   0: 0x000000008000416c (0x03bc77d3) fadd.d  fa5, fs8, fs11
core   0: 1 0x000000008000416c (0x03bc77d3) f15 0x7ff8000000000000
core   0: 0x0000000080004170 (0x016d90bb) sllw    ra, s11, s6
core   0: 1 0x0000000080004170 (0x016d90bb) x1  0x0000000000080010
core   0: 0x0000000080004174 (0xffc0cc37) lui     s8, 0xffc0c
core   0: 1 0x0000000080004174 (0xffc0cc37) x24 0xffffffffffc0c000
core   0: 0x0000000080004178 (0x851c0c1b) addiw   s8, s8, -1967
core   0: 1 0x0000000080004178 (0x851c0c1b) x24 0xffffffffffc0b851
core   0: 0x000000008000417c (0x00000c46) c.slli  s8, 17
core   0: 1 0x000000008000417c (0x0c46) x24 0xffffff8170a20000
core   0: 0x000000008000417e (0xb5fc0c13) addi    s8, s8, -1185
core   0: 1 0x000000008000417e (0xb5fc0c13) x24 0xffffff8170a1fb5f
core   0: 0x0000000080004182 (0x7b00a6f3) csrrs   a3, dcsr, ra
core   0: exception trap_illegal_instruction, epc 0x0000000080004182
core   0:           tval 0x000000007b00a6f3
core   0: >>>>  $xrv64i2p1_m2p0_a2p1_f2p2_d2p2_zicsr2p0_zifencei2p0_zmmul1p0_zba1p0_zbb1p0_zbc1p0_zbs1p0
core   0: 0x0000000080004000 (0x0080006f) j       pc + 0x8
core   0: 3 0x0000000080004000 (0x0080006f)
core   0: >>>>  mmode_exception_handler
core   0: 0x0000000080004008 (0x00002c17) auipc   s8, 0x2
core   0: 3 0x0000000080004008 (0x00002c17) x24 0x0000000080006008
core   0: 0x000000008000400c (0xfaac0c13) addi    s8, s8, -86
core   0: 3 0x000000008000400c (0xfaac0c13) x24 0x0000000080005fb2
core   0: 0x0000000080004010 (0x000c00e7) jalr    s8
core   0: 3 0x0000000080004010 (0x000c00e7) x1  0x0000000080004014
core   0: >>>>  any_handler
core   0: 0x0000000080005fb2 (0x341027f3) csrrs   a5, mepc, zero
core   0: 3 0x0000000080005fb2 (0x341027f3) x15 0x0000000080004182
core   0: 0x0000000080005fb6 (0x34202773) csrrs   a4, mcause, zero
core   0: 3 0x0000000080005fb6 (0x34202773) x14 0x0000000000000002
core   0: 0x0000000080005fba (0x142026f3) csrrs   a3, scause, zero
core   0: 3 0x0000000080005fba (0x142026f3) x13 0x0000000000000000
core   0: 0x0000000080005fbe (0x30402673) csrrs   a2, mie, zero
core   0: 3 0x0000000080005fbe (0x30402673) x12 0x0000000000000a00
core   0: 0x0000000080005fc2 (0x344025f3) csrrs   a1, mip, zero
core   0: 3 0x0000000080005fc2 (0x344025f3) x11 0x0000000000000080
core   0: 0x0000000080005fc6 (0x343025f3) csrrs   a1, mtval, zero
core   0: 3 0x0000000080005fc6 (0x343025f3) x11 0x000000007b00a6f3
core   0: 0x0000000080005fca (0x14302573) csrrs   a0, stval, zero
core   0: 3 0x0000000080005fca (0x14302573) x10 0x0000000000000000
core   0: 0x0000000080005fce (0xb02024f3) csrrs   s1, minstret, zero
core   0: 3 0x0000000080005fce (0xb02024f3) x9  0x000000000000084e
core   0: 0x0000000080005fd2 (0x0000a811) c.j     pc + 20
core   0: 3 0x0000000080005fd2 (0xa811)
core   0: >>>>  mepc_4
core   0: 0x0000000080005fe6 (0x00000791) c.addi  a5, 4
core   0: 3 0x0000000080005fe6 (0x0791) x15 0x0000000080004186
core   0: 0x0000000080005fe8 (0x34179073) csrrw   zero, mepc, a5
core   0: 3 0x0000000080005fe8 (0x34179073) c833_mepc 0x0000000080004186
core   0: 0x0000000080005fec (0x30200073) mret
core   0: 3 0x0000000080005fec (0x30200073) c768_mstatus 0x8000000a00106080
core   0: 0x0000000080004186 (0x401b72d3) fcvt.s.d ft5, fs6
core   0: 1 0x0000000080004186 (0x401b72d3) f5  0xffffffff7fc00000
core   0: 0x000000008000418a (0x00d0d43b) srlw    s0, ra, a3
core   0: 1 0x000000008000418a (0x00d0d43b) x8  0xffffffff80004014
core   0: 0x000000008000418e (0x1b6ffcd3) fdiv.d  fs9, ft11, fs6
core   0: 1 0x000000008000418e (0x1b6ffcd3) f25 0x7ff8000000000000
core   0: 0x0000000080004192 (0x0a4cf5d3) fsub.d  fa1, fs9, ft4
core   0: 1 0x0000000080004192 (0x0a4cf5d3) f11 0x7ff8000000000000
core   0: 0x0000000080004196 (0x41c75e33) sra     t3, a4, t3
core   0: 1 0x0000000080004196 (0x41c75e33) x28 0x0000000000000000
core   0: 0x000000008000419a (0x410a5113) srai    sp, s4, 16
core   0: 1 0x000000008000419a (0x410a5113) x2  0x0000000000000000
core   0: 0x000000008000419e (0xd02b7453) fcvt.s.l fs0, s6
core   0: 1 0x000000008000419e (0xd02b7453) f8  0xffffffff00000000
core   0: 0x00000000800041a2 (0x03c3d73b) divuw   a4, t2, t3
core   0: 1 0x00000000800041a2 (0x03c3d73b) x14 0xffffffffffffffff
core   0: 0x00000000800041a6 (0x23bce513) ori     a0, s9, 571
core   0: 1 0x00000000800041a6 (0x23bce513) x10 0xfffffffffffffbfb
core   0: 0x00000000800041aa (0x23541653) fsgnjn.d fa2, fs0, fs5
core   0: 1 0x00000000800041aa (0x23541653) f12 0x7fffffff00000000
core   0: 0x00000000800041ae (0xf20c0cd3) fmv.d.x fs9, s8
core   0: 1 0x00000000800041ae (0xf20c0cd3) f25 0x0000000080005fb2
core   0: 0x00000000800041b2 (0xf20702d3) fmv.d.x ft5, a4
core   0: 1 0x00000000800041b2 (0xf20702d3) f5  0xffffffffffffffff
core   0: 0x00000000800041b6 (0xe20b0653) fmv.x.d a2, fs6
core   0: 1 0x00000000800041b6 (0xe20b0653) x12 0xffffffff00000000
core   0: 0x00000000800041ba (0xc2197bd3) fcvt.wu.d s7, fs2
core   0: 1 0x00000000800041ba (0xc2197bd3) x23 0x0000000000000000
core   0: 0x00000000800041be (0x306b9df3) csrrw   s11, mcounteren, s7
core   0: exception trap_illegal_instruction, epc 0x00000000800041be
core   0:           tval 0x00000000306b9df3
core   0: >>>>  $xrv64i2p1_m2p0_a2p1_f2p2_d2p2_zicsr2p0_zifencei2p0_zmmul1p0_zba1p0_zbb1p0_zbc1p0_zbs1p0
core   0: 0x0000000080004000 (0x0080006f) j       pc + 0x8
core   0: 3 0x0000000080004000 (0x0080006f)
core   0: >>>>  mmode_exception_handler
core   0: 0x0000000080004008 (0x00002c17) auipc   s8, 0x2
core   0: 3 0x0000000080004008 (0x00002c17) x24 0x0000000080006008
core   0: 0x000000008000400c (0xfaac0c13) addi    s8, s8, -86
core   0: 3 0x000000008000400c (0xfaac0c13) x24 0x0000000080005fb2
core   0: 0x0000000080004010 (0x000c00e7) jalr    s8
core   0: 3 0x0000000080004010 (0x000c00e7) x1  0x0000000080004014
core   0: >>>>  any_handler
core   0: 0x0000000080005fb2 (0x341027f3) csrrs   a5, mepc, zero
core   0: 3 0x0000000080005fb2 (0x341027f3) x15 0x00000000800041be
core   0: 0x0000000080005fb6 (0x34202773) csrrs   a4, mcause, zero
core   0: 3 0x0000000080005fb6 (0x34202773) x14 0x0000000000000002
core   0: 0x0000000080005fba (0x142026f3) csrrs   a3, scause, zero
core   0: 3 0x0000000080005fba (0x142026f3) x13 0x0000000000000000
core   0: 0x0000000080005fbe (0x30402673) csrrs   a2, mie, zero
core   0: 3 0x0000000080005fbe (0x30402673) x12 0x0000000000000a00
core   0: 0x0000000080005fc2 (0x344025f3) csrrs   a1, mip, zero
core   0: 3 0x0000000080005fc2 (0x344025f3) x11 0x0000000000000080
core   0: 0x0000000080005fc6 (0x343025f3) csrrs   a1, mtval, zero
core   0: 3 0x0000000080005fc6 (0x343025f3) x11 0x00000000306b9df3
core   0: 0x0000000080005fca (0x14302573) csrrs   a0, stval, zero
core   0: 3 0x0000000080005fca (0x14302573) x10 0x0000000000000000
core   0: 0x0000000080005fce (0xb02024f3) csrrs   s1, minstret, zero
core   0: 3 0x0000000080005fce (0xb02024f3) x9  0x000000000000086c
core   0: 0x0000000080005fd2 (0x0000a811) c.j     pc + 20
core   0: 3 0x0000000080005fd2 (0xa811)
core   0: >>>>  mepc_4
core   0: 0x0000000080005fe6 (0x00000791) c.addi  a5, 4
core   0: 3 0x0000000080005fe6 (0x0791) x15 0x00000000800041c2
core   0: 0x0000000080005fe8 (0x34179073) csrrw   zero, mepc, a5
core   0: 3 0x0000000080005fe8 (0x34179073) c833_mepc 0x00000000800041c2
core   0: 0x0000000080005fec (0x30200073) mret
core   0: 3 0x0000000080005fec (0x30200073) c768_mstatus 0x8000000a00106080
core   0: 0x00000000800041c2 (0xebc48a1b) addiw   s4, s1, -324
core   0: 1 0x00000000800041c2 (0xebc48a1b) x20 0x0000000000000728
core   0: 0x00000000800041c6 (0xc03b7853) fcvt.lu.s a6, fs6
core   0: 1 0x00000000800041c6 (0xc03b7853) x16 0x0000000000000000
core   0: 0x00000000800041ca (0x0a6b7253) fsub.d  ft4, fs6, ft6
core   0: 1 0x00000000800041ca (0x0a6b7253) f4  0x7ff8000000000000
core   0: 0x00000000800041ce (0x237b2ed3) fsgnjx.d ft9, fs6, fs7
core   0: 1 0x00000000800041ce (0x237b2ed3) f29 0x7fffffff00000000
core   0: 0x00000000800041d2 (0x420e03d3) fcvt.d.s ft7, ft8
core   0: 1 0x00000000800041d2 (0x420e03d3) f7  0x0000000000000000
core   0: 0x00000000800041d6 (0xfff20e13) addi    t3, tp, -1
core   0: 1 0x00000000800041d6 (0xfff20e13) x28 0x0000000015170f3e
core   0: 0x00000000800041da (0x03c24d33) div     s10, tp, t3
core   0: 1 0x00000000800041da (0x03c24d33) x26 0x0000000000000001
core   0: 0x00000000800041de (0x010c9433) sll     s0, s9, a6
core   0: 1 0x00000000800041de (0x010c9433) x8  0xfffffffffffff9e2
core   0: 0x00000000800041e2 (0x000091a6) c.add   gp, s1
core   0: 1 0x00000000800041e2 (0x91a6) x3  0x000000000000086c
core   0: 0x00000000800041e4 (0x222a2153) fsgnjx.d ft2, fs4, ft2
core   0: 1 0x00000000800041e4 (0x222a2153) f2  0x7fffffff00000000
core   0: 0x00000000800041e8 (0x034550b3) divu    ra, a0, s4
core   0: 1 0x00000000800041e8 (0x034550b3) x1  0x0000000000000000
core   0: 0x00000000800041ec (0x0100d4bb) srlw    s1, ra, a6
core   0: 1 0x00000000800041ec (0x0100d4bb) x9  0x0000000000000000
core   0: 0x00000000800041f0 (0x40b40b33) sub     s6, s0, a1
core   0: 1 0x00000000800041f0 (0x40b40b33) x22 0xffffffffcf945bef
core   0: 0x00000000800041f4 (0x1b9a7053) fdiv.d  ft0, fs4, fs9
core   0: 1 0x00000000800041f4 (0x1b9a7053) f0  0x7ff8000000000000
core   0: 0x00000000800041f8 (0x01d1013b) addw    sp, sp, t4
core   0: 1 0x00000000800041f8 (0x01d1013b) x2  0x0000000000000000
core   0: 0x00000000800041fc (0x1ace009b) addiw   ra, t3, 428
core   0: 1 0x00000000800041fc (0x1ace009b) x1  0x00000000151710ea
core   0: 0x0000000080004200 (0x00b804bb) addw    s1, a6, a1
core   0: 1 0x0000000080004200 (0x00b804bb) x9  0x00000000306b9df3
core   0: 0x0000000080004204 (0x01909833) sll     a6, ra, s9
core   0: 1 0x0000000080004204 (0x01909833) x16 0x545c43a800000000
core   0: 0x0000000080004208 (0x012a4933) xor     s2, s4, s2
core   0: 1 0x0000000080004208 (0x012a4933) x18 0x0000000000000728
core   0: 0x000000008000420c (0x001097f3) csrrw   a5, fflags, ra
core   0: 1 0x000000008000420c (0x001097f3) x15 0x0000000000000014 c1_fflags 0x000000000000000a
core   0: 0x0000000080004210 (0xd234fa53) fcvt.d.lu fs4, s1
core   0: 1 0x0000000080004210 (0xd234fa53) f20 0x41c835cef9800000
core   0: 0x0000000080004214 (0x0070d0b3) srl     ra, ra, t2
core   0: 1 0x0000000080004214 (0x0070d0b3) x1  0x0000000000000000
core   0: 0x0000000080004218 (0x00592933) slt     s2, s2, t0
core   0: 1 0x0000000080004218 (0x00592933) x18 0x0000000000000001
core   0: 0x000000008000421c (0x23c71ed3) fsgnjn.d ft9, fa4, ft8
core   0: 1 0x000000008000421c (0x23c71ed3) f29 0x7fffffff00000000
core   0: 0x0000000080004220 (0x3425d8f3) csrrwi  a7, mcause, 11
core   0: exception trap_illegal_instruction, epc 0x0000000080004220
core   0:           tval 0x000000003425d8f3
core   0: >>>>  $xrv64i2p1_m2p0_a2p1_f2p2_d2p2_zicsr2p0_zifencei2p0_zmmul1p0_zba1p0_zbb1p0_zbc1p0_zbs1p0
core   0: 0x0000000080004000 (0x0080006f) j       pc + 0x8
core   0: 3 0x0000000080004000 (0x0080006f)
core   0: >>>>  mmode_exception_handler
core   0: 0x0000000080004008 (0x00002c17) auipc   s8, 0x2
core   0: 3 0x0000000080004008 (0x00002c17) x24 0x0000000080006008
core   0: 0x000000008000400c (0xfaac0c13) addi    s8, s8, -86
core   0: 3 0x000000008000400c (0xfaac0c13) x24 0x0000000080005fb2
core   0: 0x0000000080004010 (0x000c00e7) jalr    s8
core   0: 3 0x0000000080004010 (0x000c00e7) x1  0x0000000080004014
core   0: >>>>  any_handler
core   0: 0x0000000080005fb2 (0x341027f3) csrrs   a5, mepc, zero
core   0: 3 0x0000000080005fb2 (0x341027f3) x15 0x0000000080004220
core   0: 0x0000000080005fb6 (0x34202773) csrrs   a4, mcause, zero
core   0: 3 0x0000000080005fb6 (0x34202773) x14 0x0000000000000002
core   0: 0x0000000080005fba (0x142026f3) csrrs   a3, scause, zero
core   0: 3 0x0000000080005fba (0x142026f3) x13 0x0000000000000000
core   0: 0x0000000080005fbe (0x30402673) csrrs   a2, mie, zero
core   0: 3 0x0000000080005fbe (0x30402673) x12 0x0000000000000a00
core   0: 0x0000000080005fc2 (0x344025f3) csrrs   a1, mip, zero
core   0: 3 0x0000000080005fc2 (0x344025f3) x11 0x0000000000000080
core   0: 0x0000000080005fc6 (0x343025f3) csrrs   a1, mtval, zero
core   0: 3 0x0000000080005fc6 (0x343025f3) x11 0x000000003425d8f3
core   0: 0x0000000080005fca (0x14302573) csrrs   a0, stval, zero
core   0: 3 0x0000000080005fca (0x14302573) x10 0x0000000000000000
core   0: 0x0000000080005fce (0xb02024f3) csrrs   s1, minstret, zero
core   0: 3 0x0000000080005fce (0xb02024f3) x9  0x0000000000000894
core   0: 0x0000000080005fd2 (0x0000a811) c.j     pc + 20
core   0: 3 0x0000000080005fd2 (0xa811)
core   0: >>>>  mepc_4
core   0: 0x0000000080005fe6 (0x00000791) c.addi  a5, 4
core   0: 3 0x0000000080005fe6 (0x0791) x15 0x0000000080004224
core   0: 0x0000000080005fe8 (0x34179073) csrrw   zero, mepc, a5
core   0: 3 0x0000000080005fe8 (0x34179073) c833_mepc 0x0000000080004224
core   0: 0x0000000080005fec (0x30200073) mret
core   0: 3 0x0000000080005fec (0x30200073) c768_mstatus 0x8000000a00106080
core   0: 0x0000000080004224 (0x701aea93) ori     s5, s5, 1793
core   0: 1 0x0000000080004224 (0x701aea93) x21 0xffffff96545c3fff
core   0: 0x0000000080004228 (0x00202973) csrrs   s2, frm, zero
core   0: 1 0x0000000080004228 (0x00202973) x18 0x0000000000000000
core   0: 0x000000008000422c (0x40960d33) sub     s10, a2, s1
core   0: 1 0x000000008000422c (0x40960d33) x26 0x000000000000016c
core   0: 0x0000000080004230 (0x03892eb3) mulhsu  t4, s2, s8
core   0: 1 0x0000000080004230 (0x03892eb3) x29 0x0000000000000000
core   0: 0x0000000080004234 (0x03fd1e13) slli    t3, s10, 63
core   0: 1 0x0000000080004234 (0x03fd1e13) x28 0x0000000000000000
core   0: 0x0000000080004238 (0x01a0c0b3) xor     ra, ra, s10
core   0: 1 0x0000000080004238 (0x01a0c0b3) x1  0x0000000080004178
core   0: 0x000000008000423c (0x407c0033) sub     zero, s8, t2
core   0: 1 0x000000008000423c (0x407c0033)
core   0: 0x0000000080004240 (0xc2177353) fcvt.wu.d t1, fa4
core   0: 1 0x0000000080004240 (0xc2177353) c1_fflags 0x000000000000001a x6  0xffffffffffffffff
core   0: 0x0000000080004244 (0xc2277853) fcvt.l.d a6, fa4
core   0: 1 0x0000000080004244 (0xc2277853) c1_fflags 0x000000000000001a x16 0x7fffffffffffffff
core   0: 0x0000000080004248 (0xf2000fd3) fmv.d.x ft11, zero
core   0: 1 0x0000000080004248 (0xf2000fd3) f31 0x0000000000000000
core   0: 0x000000008000424c (0xd2207ad3) fcvt.d.l fs5, zero
core   0: 1 0x000000008000424c (0xd2207ad3) f21 0x0000000000000000
core   0: 0x0000000080004250 (0x800b6993) ori     s3, s6, -2048
core   0: 1 0x0000000080004250 (0x800b6993) x19 0xfffffffffffffbef
core   0: 0x0000000080004254 (0x43085713) srai    a4, a6, 48
core   0: 1 0x0000000080004254 (0x43085713) x14 0x0000000000007fff
core   0: 0x0000000080004258 (0x0004d11b) srliw   sp, s1, 0
core   0: 1 0x0000000080004258 (0x0004d11b) x2  0x0000000000000894
core   0: 0x000000008000425c (0xffb04b37) lui     s6, 0xffb04
core   0: 1 0x000000008000425c (0xffb04b37) x22 0xffffffffffb04000
core   0: 0x0000000080004260 (0x1d9b0b1b) addiw   s6, s6, 473
core   0: 1 0x0000000080004260 (0x1d9b0b1b) x22 0xffffffffffb041d9
core   0: 0x0000000080004264 (0x00000b3a) c.slli  s6, 14
core   0: 1 0x0000000080004264 (0x0b3a) x22 0xffffffec10764000
core   0: 0x0000000080004266 (0x35ab0b13) addi    s6, s6, 858
core   0: 1 0x0000000080004266 (0x35ab0b13) x22 0xffffffec1076435a
core   0: 0x000000008000426a (0x01910ab3) add     s5, sp, s9
core   0: 1 0x000000008000426a (0x01910ab3) x21 0x0000000000000276
core   0: 0x000000008000426e (0xc210f9d3) fcvt.wu.d s3, ft1
core   0: 1 0x000000008000426e (0xc210f9d3) c1_fflags 0x000000000000001a x19 0xffffffffffffffff
core   0: 0x0000000080004272 (0x417653b3) sra     t2, a2, s7
core   0: 1 0x0000000080004272 (0x417653b3) x7  0x0000000000000a00
core   0: 0x0000000080004276 (0x0208c033) div     zero, a7, zero
core   0: 1 0x0000000080004276 (0x0208c033)
core   0: 0x000000008000427a (0x41878b3b) subw    s6, a5, s8
core   0: 1 0x000000008000427a (0x41878b3b) x22 0xffffffffffffe272
core   0: 0x000000008000427e (0x0070d79b) srliw   a5, ra, 7
core   0: 1 0x000000008000427e (0x0070d79b) x15 0x0000000001000082
core   0: 0x0000000080004282 (0xc23872d3) fcvt.lu.d t0, fa6
core   0: 1 0x0000000080004282 (0xc23872d3) c1_fflags 0x000000000000001a x5  0xffffffffffffffff
core   0: 0x0000000080004286 (0x0251b433) mulhu   s0, gp, t0
core   0: 1 0x0000000080004286 (0x0251b433) x8  0x000000000000086b
core   0: 0x000000008000428a (0xc21af353) fcvt.wu.d t1, fs5
core   0: 1 0x000000008000428a (0xc21af353) x6  0x0000000000000000
core   0: 0x000000008000428e (0xc027fe53) fcvt.l.s t3, fa5
core   0: 1 0x000000008000428e (0xc027fe53) c1_fflags 0x000000000000001a x28 0x7fffffffffffffff
core   0: 0x0000000080004292 (0x0354dabb) divuw   s5, s1, s5
core   0: 1 0x0000000080004292 (0x0354dabb) x21 0x0000000000000003
core   0: 0x0000000080004296 (0x41b3579b) sraiw   a5, t1, 27
core   0: 1 0x0000000080004296 (0x41b3579b) x15 0x0000000000000000
core   0: 0x000000008000429a (0xd22b7953) fcvt.d.l fs2, s6
core   0: 1 0x000000008000429a (0xd22b7953) f18 0xc0bd8e0000000000
core   0: 0x000000008000429e (0x2bf10153) fmin.d  ft2, ft2, ft11
core   0: 1 0x000000008000429e (0x2bf10153) f2  0x0000000000000000
core   0: 0x00000000800042a2 (0x84ccfa97) auipc   s5, 0x84ccf
core   0: 1 0x00000000800042a2 (0x84ccfa97) x21 0x0000000004cd32a2
core   0: 0x00000000800042a6 (0x031e62b3) rem     t0, t3, a7
core   0: 1 0x00000000800042a6 (0x031e62b3) x5  0x000000001fdd0991
core   0: 0x00000000800042aa (0x03d045bb) divw    a1, zero, t4
core   0: 1 0x00000000800042aa (0x03d045bb) x11 0xffffffffffffffff
core   0: 0x00000000800042ae (0x14422373) csrrs   t1, sip, tp
core   0: 1 0x00000000800042ae (0x14422373) x6  0x0000000000000000 c836_mip 0x0000000000000080
core   0: 0x00000000800042b2 (0x03a706bb) mulw    a3, a4, s10
core   0: 1 0x00000000800042b2 (0x03a706bb) x13 0x0000000000b5fe94
core   0: 0x00000000800042b6 (0x0197d1bb) srlw    gp, a5, s9
core   0: 1 0x00000000800042b6 (0x0197d1bb) x3  0x0000000000000000
core   0: 0x00000000800042ba (0x0277febb) remuw   t4, a5, t2
core   0: 1 0x00000000800042ba (0x0277febb) x29 0x0000000000000000
core   0: 0x00000000800042be (0x037a46bb) divw    a3, s4, s7
core   0: 1 0x00000000800042be (0x037a46bb) x13 0xffffffffffffffff
core   0: 0x00000000800042c2 (0x4178d8bb) sraw    a7, a7, s7
core   0: 1 0x00000000800042c2 (0x4178d8bb) x17 0xffffffff80003fdd
core   0: 0x00000000800042c6 (0x021680bb) mulw    ra, a3, ra
core   0: 1 0x00000000800042c6 (0x021680bb) x1  0x000000007fffbe88
core   0: 0x00000000800042ca (0xc21bf753) fcvt.wu.d a4, fs7
core   0: 1 0x00000000800042ca (0xc21bf753) c1_fflags 0x000000000000001a x14 0xffffffffffffffff
core   0: 0x00000000800042ce (0xc22c7853) fcvt.l.d a6, fs8
core   0: 1 0x00000000800042ce (0xc22c7853) c1_fflags 0x000000000000001a x16 0x7fffffffffffffff
core   0: 0x00000000800042d2 (0x43f4d993) srai    s3, s1, 63
core   0: 1 0x00000000800042d2 (0x43f4d993) x19 0x0000000000000000
core   0: 0x00000000800042d6 (0x018b5c37) lui     s8, 0x18b5
core   0: 1 0x00000000800042d6 (0x018b5c37) x24 0x00000000018b5000
core   0: 0x00000000800042da (0x7ebc0c1b) addiw   s8, s8, 2027
core   0: 1 0x00000000800042da (0x7ebc0c1b) x24 0x00000000018b57eb
core   0: 0x00000000800042de (0x00000c3a) c.slli  s8, 14
core   0: 1 0x00000000800042de (0x0c3a) x24 0x00000062d5fac000
core   0: 0x00000000800042e0 (0x714c0c13) addi    s8, s8, 1812
core   0: 1 0x00000000800042e0 (0x714c0c13) x24 0x00000062d5fac714
core   0: 0x00000000800042e4 (0x037c5cb3) divu    s9, s8, s7
core   0: 1 0x00000000800042e4 (0x037c5cb3) x25 0xffffffffffffffff
core   0: 0x00000000800042e8 (0x41fcd29b) sraiw   t0, s9, 31
core   0: 1 0x00000000800042e8 (0x41fcd29b) x5  0xffffffffffffffff
core   0: 0x00000000800042ec (0x0191163b) sllw    a2, sp, s9
core   0: 1 0x00000000800042ec (0x0191163b) x12 0x0000000000000000
core   0: 0x00000000800042f0 (0x019206bb) addw    a3, tp, s9
core   0: 1 0x00000000800042f0 (0x019206bb) x13 0x0000000015170f3e
core   0: 0x00000000800042f4 (0x3452c293) xori    t0, t0, 837
core   0: 1 0x00000000800042f4 (0x3452c293) x5  0xfffffffffffffcba
core   0: 0x00000000800042f8 (0xfb34041b) addiw   s0, s0, -77
core   0: 1 0x00000000800042f8 (0xfb34041b) x8  0x000000000000081e
core   0: 0x00000000800042fc (0x408289b3) sub     s3, t0, s0
core   0: 1 0x00000000800042fc (0x408289b3) x19 0xfffffffffffff49c
core   0: 0x0000000080004300 (0x0ff0000f) fence   iorw,iorw
core   0: 1 0x0000000080004300 (0x0ff0000f)
core   0: 0x0000000080004304 (0x03a9ebb3) rem     s7, s3, s10
core   0: 1 0x0000000080004304 (0x03a9ebb3) x23 0xfffffffffffffffc
core   0: 0x0000000080004308 (0x00e45e9b) srliw   t4, s0, 14
core   0: 1 0x0000000080004308 (0x00e45e9b) x29 0x0000000000000000
core   0: 0x000000008000430c (0x001b811b) addiw   sp, s7, 1
core   0: 1 0x000000008000430c (0x001b811b) x2  0xfffffffffffffffd
core   0: 0x0000000080004310 (0xc220f753) fcvt.l.d a4, ft1
core   0: 1 0x0000000080004310 (0xc220f753) c1_fflags 0x000000000000001a x14 0x7fffffffffffffff
core   0: 0x0000000080004314 (0xd21b8253) fcvt.d.wu ft4, s7
core   0: 1 0x0000000080004314 (0xd21b8253) f4  0x41efffffff800000
core   0: 0x0000000080004318 (0x03ad49b3) div     s3, s10, s10
core   0: 1 0x0000000080004318 (0x03ad49b3) x19 0x0000000000000001
core   0: 0x000000008000431c (0xc216f6d3) fcvt.wu.d a3, fa3
core   0: 1 0x000000008000431c (0xc216f6d3) c1_fflags 0x000000000000001a x13 0xffffffffffffffff
core   0: 0x0000000080004320 (0xdfaa4eb7) lui     t4, 0xdfaa4
core   0: 1 0x0000000080004320 (0xdfaa4eb7) x29 0xffffffffdfaa4000
core   0: 0x0000000080004324 (0x8a2c73c7) fmsub.d ft7, fs8, ft2, fa7
core   0: 1 0x0000000080004324 (0x8a2c73c7) f7  0x7ff8000000000000
core   0: 0x0000000080004328 (0x01f9d39b) srliw   t2, s3, 31
core   0: 1 0x0000000080004328 (0x01f9d39b) x7  0x0000000000000000
core   0: 0x000000008000432c (0x22489a53) fsgnjn.d fs4, fa7, ft4
core   0: 1 0x000000008000432c (0x22489a53) f20 0xffffffff00000000
core   0: 0x0000000080004330 (0x010edabb) srlw    s5, t4, a6
core   0: 1 0x0000000080004330 (0x010edabb) x21 0x0000000000000001
core   0: 0x0000000080004334 (0x0012e293) ori     t0, t0, 1
core   0: 1 0x0000000080004334 (0x0012e293) x5  0xfffffffffffffcbb
core   0: 0x0000000080004338 (0xd02479d3) fcvt.s.l fs3, s0
core   0: 1 0x0000000080004338 (0xd02479d3) f19 0xffffffff4501e000
core   0: 0x000000008000433c (0x6d59089b) addiw   a7, s2, 1749
core   0: 1 0x000000008000433c (0x6d59089b) x17 0x00000000000006d5
core   0: 0x0000000080004340 (0x7b21754f) fnmadd.d fa0, ft2, fs2, fa5
core   0: 1 0x0000000080004340 (0x7b21754f) f10 0x7ff8000000000000
core   0: 0x0000000080004344 (0x01b69dbb) sllw    s11, a3, s11
core   0: 1 0x0000000080004344 (0x01b69dbb) x27 0xffffffffffff0000
core   0: 0x0000000080004348 (0x5a07fd53) fsqrt.d fs10, fa5
core   0: 1 0x0000000080004348 (0x5a07fd53) f26 0x7ff8000000000000
core   0: 0x000000008000434c (0x029eaeb3) mulhsu  t4, t4, s1
core   0: 1 0x000000008000434c (0x029eaeb3) x29 0xffffffffffffffff
core   0: 0x0000000080004350 (0x409e8233) sub     tp, t4, s1
core   0: 1 0x0000000080004350 (0x409e8233) x4  0xfffffffffffff76b
core   0: 0x0000000080004354 (0x41ccd63b) sraw    a2, s9, t3
core   0: 1 0x0000000080004354 (0x41ccd63b) x12 0xffffffffffffffff
core   0: 0x0000000080004358 (0x0ff0000f) fence   iorw,iorw
core   0: 1 0x0000000080004358 (0x0ff0000f)
core   0: 0x000000008000435c (0x9ad85897) auipc   a7, 0x9ad85
core   0: 1 0x000000008000435c (0x9ad85897) x17 0x000000001ad8935c
core   0: 0x0000000080004360 (0x411959bb) sraw    s3, s2, a7
core   0: 1 0x0000000080004360 (0x411959bb) x19 0x0000000000000000
core   0: 0x0000000080004364 (0x03ca2a33) mulhsu  s4, s4, t3
core   0: 1 0x0000000080004364 (0x03ca2a33) x20 0x0000000000000393
core   0: 0x0000000080004368 (0x02a4c133) div     sp, s1, a0
core   0: 1 0x0000000080004368 (0x02a4c133) x2  0xffffffffffffffff
core   0: 0x000000008000436c (0x034c1db3) mulh    s11, s8, s4
core   0: 1 0x000000008000436c (0x034c1db3) x27 0x0000000000000000
core   0: 0x0000000080004370 (0xd20c8e53) fcvt.d.w ft8, s9
core   0: 1 0x0000000080004370 (0xd20c8e53) f28 0xbff0000000000000
core   0: 0x0000000080004374 (0xd22e7753) fcvt.d.l fa4, t3
core   0: 1 0x0000000080004374 (0xd22e7753) c1_fflags 0x000000000000001b f14 0x43e0000000000000
core   0: 0x0000000080004378 (0x004a6c33) or      s8, s4, tp
core   0: 1 0x0000000080004378 (0x004a6c33) x24 0xfffffffffffff7fb
core   0: 0x000000008000437c (0x41f6581b) sraiw   a6, a2, 31
core   0: 1 0x000000008000437c (0x41f6581b) x16 0xffffffffffffffff
core   0: 0x0000000080004380 (0x401b73d3) fcvt.s.d ft7, fs6
core   0: 1 0x0000000080004380 (0x401b73d3) f7  0xffffffff7fc00000
core   0: 0x0000000080004384 (0xe20b0c53) fmv.x.d s8, fs6
core   0: 1 0x0000000080004384 (0xe20b0c53) x24 0xffffffff00000000
core   0: 0x0000000080004388 (0x0241793b) remuw   s2, sp, tp
core   0: 1 0x0000000080004388 (0x0241793b) x18 0x0000000000000894
core   0: 0x000000008000438c (0xc2207653) fcvt.l.d a2, ft0
core   0: 1 0x000000008000438c (0xc2207653) c1_fflags 0x000000000000001b x12 0x7fffffffffffffff
core   0: 0x0000000080004390 (0x002897f3) csrrw   a5, frm, a7
core   0: 1 0x0000000080004390 (0x002897f3) x15 0x0000000000000000 c2_frm 0x0000000000000004
core   0: 0x0000000080004394 (0x0025dbb3) srl     s7, a1, sp
core   0: 1 0x0000000080004394 (0x0025dbb3) x23 0x0000000000000001
core   0: 0x0000000080004398 (0x6be17d97) auipc   s11, 0x6be17
core   0: 1 0x0000000080004398 (0x6be17d97) x27 0x00000000ebe1b398
core   0: 0x000000008000439c (0x000092f6) c.add   t0, t4
core   0: 1 0x000000008000439c (0x92f6) x5  0xfffffffffffffcba
core   0: 0x000000008000439e (0x0aa5f5d3) fsub.d  fa1, fa1, fa0
core   0: 1 0x000000008000439e (0x0aa5f5d3) f11 0x7ff8000000000000
core   0: 0x00000000800043a2 (0x00102173) csrrs   sp, fflags, zero
core   0: 1 0x00000000800043a2 (0x00102173) x2  0x000000000000001b
core   0: 0x00000000800043a6 (0x4010501b) sraiw   zero, zero, 1
core   0: 1 0x00000000800043a6 (0x4010501b)
core   0: 0x00000000800043aa (0x40eedbbb) sraw    s7, t4, a4
core   0: 1 0x00000000800043aa (0x40eedbbb) x23 0xffffffffffffffff
core   0: 0x00000000800043ae (0x017eecb3) or      s9, t4, s7
core   0: 1 0x00000000800043ae (0x017eecb3) x25 0xffffffffffffffff
core   0: 0x00000000800043b2 (0x1315fa53) fmul.d  fs4, fa1, fa7
core   0: 1 0x00000000800043b2 (0x1315fa53) f20 0x7ff8000000000000
core   0: 0x00000000800043b6 (0x41d658b3) sra     a7, a2, t4
core   0: 1 0x00000000800043b6 (0x41d658b3) x17 0x0000000000000000
core   0: 0x00000000800043ba (0xc02cfcd3) fcvt.l.s s9, fs9
core   0: 1 0x00000000800043ba (0xc02cfcd3) c1_fflags 0x000000000000001b x25 0x7fffffffffffffff
core   0: 0x00000000800043be (0x0039d33b) srlw    t1, s3, gp
core   0: 1 0x00000000800043be (0x0039d33b) x6  0x0000000000000000
core   0: 0x00000000800043c2 (0x03913633) mulhu   a2, sp, s9
core   0: 1 0x00000000800043c2 (0x03913633) x12 0x000000000000000d
core   0: 0x00000000800043c6 (0x001115f3) csrrw   a1, fflags, sp
core   0: 1 0x00000000800043c6 (0x001115f3) x11 0x000000000000001b c1_fflags 0x000000000000001b
core   0: 0x00000000800043ca (0x01525ab3) srl     s5, tp, s5
core   0: 1 0x00000000800043ca (0x01525ab3) x21 0x7ffffffffffffbb5
core   0: 0x00000000800043ce (0xd20b8ed3) fcvt.d.w ft9, s7
core   0: 1 0x00000000800043ce (0xd20b8ed3) f29 0xbff0000000000000
core   0: 0x00000000800043d2 (0x00722933) slt     s2, tp, t2
core   0: 1 0x00000000800043d2 (0x00722933) x18 0x0000000000000001
core   0: 0x00000000800043d6 (0xc21cf353) fcvt.wu.d t1, fs9
core   0: 1 0x00000000800043d6 (0xc21cf353) c1_fflags 0x000000000000001b x6  0x0000000000000000
core   0: 0x00000000800043da (0x1410d873) csrrwi  a6, sepc, 1
core   0: 1 0x00000000800043da (0x1410d873) x16 0x0000000000000000 c321_sepc 0x0000000000000000
core   0: 0x00000000800043de (0x02dde4b3) rem     s1, s11, a3
core   0: 1 0x00000000800043de (0x02dde4b3) x9  0x0000000000000000
core   0: 0x00000000800043e2 (0x005651bb) srlw    gp, a2, t0
core   0: 1 0x00000000800043e2 (0x005651bb) x3  0x0000000000000000
core   0: 0x00000000800043e6 (0xb7a60293) addi    t0, a2, -1158
core   0: 1 0x00000000800043e6 (0xb7a60293) x5  0xfffffffffffffb87
core   0: 0x00000000800043ea (0x03b093b3) mulh    t2, ra, s11
core   0: 1 0x00000000800043ea (0x03b093b3) x7  0x0000000000000000
core   0: 0x00000000800043ee (0x41d755bb) sraw    a1, a4, t4
core   0: 1 0x00000000800043ee (0x41d755bb) x11 0xffffffffffffffff
core   0: 0x00000000800043f2 (0xd033f153) fcvt.s.lu ft2, t2
core   0: 1 0x00000000800043f2 (0xd033f153) f2  0xffffffff00000000
core   0: 0x00000000800043f6 (0x5a0c7453) fsqrt.d fs0, fs8
core   0: 1 0x00000000800043f6 (0x5a0c7453) f8  0x7ff8000000000000
core   0: 0x00000000800043fa (0x02f7b5b3) mulhu   a1, a5, a5
core   0: 1 0x00000000800043fa (0x02f7b5b3) x11 0x0000000000000000
core   0: 0x00000000800043fe (0x001d0813) addi    a6, s10, 1
core   0: 1 0x00000000800043fe (0x001d0813) x16 0x000000000000016d
core   0: 0x0000000080004402 (0x0279e3bb) remw    t2, s3, t2
core   0: 1 0x0000000080004402 (0x0279e3bb) x7  0x0000000000000000
core   0: 0x0000000080004406 (0x1a67f7d3) fdiv.d  fa5, fa5, ft6
core   0: 1 0x0000000080004406 (0x1a67f7d3) f15 0x7ff8000000000000
core   0: 0x000000008000440a (0x0009d61b) srliw   a2, s3, 0
core   0: 1 0x000000008000440a (0x0009d61b) x12 0x0000000000000000
core   0: 0x000000008000440e (0x329a7a47) fmsub.d fs4, fs4, fs1, ft6
core   0: 1 0x000000008000440e (0x329a7a47) f20 0x7ff8000000000000
core   0: 0x0000000080004412 (0x00cb01bb) addw    gp, s6, a2
core   0: 1 0x0000000080004412 (0x00cb01bb) x3  0xffffffffffffe272
core   0: 0x0000000080004416 (0xd221fb53) fcvt.d.l fs6, gp
core   0: 1 0x0000000080004416 (0xd221fb53) f22 0xc0bd8e0000000000
core   0: 0x000000008000441a (0x41a05393) srai    t2, zero, 26
core   0: 1 0x000000008000441a (0x41a05393) x7  0x0000000000000000
core   0: 0x000000008000441e (0xa36d8653) fle.d   a2, fs11, fs6
core   0: 1 0x000000008000441e (0xa36d8653) c1_fflags 0x000000000000001b x12 0x0000000000000000
core   0: 0x0000000080004422 (0x00000001) c.nop
core   0: 1 0x0000000080004422 (0x0001)
core   0: 0x0000000080004424 (0x03d041bb) divw    gp, zero, t4
core   0: 1 0x0000000080004424 (0x03d041bb) x3  0x0000000000000000
core   0: 0x0000000080004428 (0x0036dd3b) srlw    s10, a3, gp
core   0: 1 0x0000000080004428 (0x0036dd3b) x26 0xffffffffffffffff
core   0: 0x000000008000442c (0x40117253) fcvt.s.d ft4, ft2
core   0: 1 0x000000008000442c (0x40117253) f4  0xffffffff7fc00000
core   0: 0x0000000080004430 (0x02f59533) mulh    a0, a1, a5
core   0: 1 0x0000000080004430 (0x02f59533) x10 0x0000000000000000
core   0: 0x0000000080004434 (0x0ff0000f) fence   iorw,iorw
core   0: 1 0x0000000080004434 (0x0ff0000f)
core   0: 0x0000000080004438 (0xc03b7bd3) fcvt.lu.s s7, fs6
core   0: 1 0x0000000080004438 (0xc03b7bd3) c1_fflags 0x000000000000001b x23 0xffffffffffffffff
core   0: 0x000000008000443c (0x00149df3) csrrw   s11, fflags, s1
core   0: 1 0x000000008000443c (0x00149df3) x27 0x000000000000001b c1_fflags 0x0000000000000000
core   0: 0x0000000080004440 (0x40658d3b) subw    s10, a1, t1
core   0: 1 0x0000000080004440 (0x40658d3b) x26 0x0000000000000000
core   0: 0x0000000080004444 (0x01f4581b) srliw   a6, s0, 31
core   0: 1 0x0000000080004444 (0x01f4581b) x16 0x0000000000000000
core   0: 0x0000000080004448 (0x02c1ddbb) divuw   s11, gp, a2
core   0: 1 0x0000000080004448 (0x02c1ddbb) x27 0xffffffffffffffff
core   0: 0x000000008000444c (0x403d53b3) sra     t2, s10, gp
core   0: 1 0x000000008000444c (0x403d53b3) x7  0x0000000000000000
core   0: 0x0000000080004450 (0x0221eebb) remw    t4, gp, sp
core   0: 1 0x0000000080004450 (0x0221eebb) x29 0x0000000000000000
core   0: 0x0000000080004454 (0x02798bb3) mul     s7, s3, t2
core   0: 1 0x0000000080004454 (0x02798bb3) x23 0x0000000000000000
core   0: 0x0000000080004458 (0x0042e433) or      s0, t0, tp
core   0: 1 0x0000000080004458 (0x0042e433) x8  0xffffffffffffffef
core   0: 0x000000008000445c (0xda8ed217) auipc   tp, 0xda8ed
core   0: 1 0x000000008000445c (0xda8ed217) x4  0x000000005a8f145c
core   0: 0x0000000080004460 (0x004518b3) sll     a7, a0, tp
core   0: 1 0x0000000080004460 (0x004518b3) x17 0x0000000000000000
core   0: 0x0000000080004464 (0x03c9fe33) remu    t3, s3, t3
core   0: 1 0x0000000080004464 (0x03c9fe33) x28 0x0000000000000000
core   0: 0x0000000080004468 (0xa3d87a4f) fnmadd.d fs4, fa6, ft9, fs4
core   0: 1 0x0000000080004468 (0xa3d87a4f) f20 0x7ff8000000000000
core   0: 0x000000008000446c (0x02f6b7b3) mulhu   a5, a3, a5
core   0: 1 0x000000008000446c (0x02f6b7b3) x15 0x0000000000000000
core   0: 0x0000000080004470 (0x00209273) csrrw   tp, frm, ra
core   0: 1 0x0000000080004470 (0x00209273) x4  0x0000000000000004 c2_frm 0x0000000000000000
core   0: 0x0000000080004474 (0x035372bb) remuw   t0, t1, s5
core   0: 1 0x0000000080004474 (0x035372bb) x5  0x0000000000000000
core   0: 0x0000000080004478 (0x03ccddb3) divu    s11, s9, t3
core   0: 1 0x0000000080004478 (0x03ccddb3) x27 0xffffffffffffffff
core   0: 0x000000008000447c (0xc203f5d3) fcvt.w.d a1, ft7
core   0: 1 0x000000008000447c (0xc203f5d3) c1_fflags 0x0000000000000010 x11 0x000000007fffffff
core   0: 0x0000000080004480 (0x001c5e1b) srliw   t3, s8, 1
core   0: 1 0x0000000080004480 (0x001c5e1b) x28 0x0000000000000000
core   0: 0x0000000080004484 (0x00140a33) add     s4, s0, ra
core   0: 1 0x0000000080004484 (0x00140a33) x20 0x000000007fffbe77
core   0: 0x0000000080004488 (0x00a41913) slli    s2, s0, 10
core   0: 1 0x0000000080004488 (0x00a41913) x18 0xffffffffffffbc00
core   0: 0x000000008000448c (0xa25ef2c7) fmsub.d ft5, ft9, ft5, fs4
core   0: 1 0x000000008000448c (0xa25ef2c7) f5  0x7ff8000000000000
core   0: 0x0000000080004490 (0xd2108fd3) fcvt.d.wu ft11, ra
core   0: 1 0x0000000080004490 (0xd2108fd3) f31 0x41dfffefa2000000
core   0: 0x0000000080004494 (0x0ad9f9d3) fsub.d  fs3, fs3, fa3
core   0: 1 0x0000000080004494 (0x0ad9f9d3) f19 0x7ff8000000000000
core   0: 0x0000000080004498 (0x0149583b) srlw    a6, s2, s4
core   0: 1 0x0000000080004498 (0x0149583b) x16 0x00000000000001ff
core   0: 0x000000008000449c (0x00127133) and     sp, tp, ra
core   0: 1 0x000000008000449c (0x00127133) x2  0x0000000000000000
core   0: 0x00000000800044a0 (0x8d49f897) auipc   a7, 0x8d49f
core   0: 1 0x00000000800044a0 (0x8d49f897) x17 0x000000000d4a34a0
core   0: 0x00000000800044a4 (0x4150dabb) sraw    s5, ra, s5
core   0: 1 0x00000000800044a4 (0x4150dabb) x21 0x00000000000003ff
core   0: 0x00000000800044a8 (0x033a29b3) mulhsu  s3, s4, s3
core   0: 1 0x00000000800044a8 (0x033a29b3) x19 0x0000000000000000
core   0: 0x00000000800044ac (0xd2058353) fcvt.d.w ft6, a1
core   0: 1 0x00000000800044ac (0xd2058353) f6  0x41dfffffffc00000
core   0: 0x00000000800044b0 (0x0069debb) srlw    t4, s3, t1
core   0: 1 0x00000000800044b0 (0x0069debb) x29 0x0000000000000000
core   0: 0x00000000800044b4 (0x035eb133) mulhu   sp, t4, s5
core   0: 1 0x00000000800044b4 (0x035eb133) x2  0x0000000000000000
core   0: 0x00000000800044b8 (0x4137d9bb) sraw    s3, a5, s3
core   0: 1 0x00000000800044b8 (0x4137d9bb) x19 0x0000000000000000
core   0: 0x00000000800044bc (0x5a0bf7d3) fsqrt.d fa5, fs7
core   0: 1 0x00000000800044bc (0x5a0bf7d3) f15 0x7ff8000000000000
core   0: 0x00000000800044c0 (0x0030f233) and     tp, ra, gp
core   0: 1 0x00000000800044c0 (0x0030f233) x4  0x0000000000000000
core   0: 0x00000000800044c4 (0xd20101d3) fcvt.d.w ft3, sp
core   0: 1 0x00000000800044c4 (0xd20101d3) f3  0x0000000000000000
core   0: 0x00000000800044c8 (0x038b5c3b) divuw   s8, s6, s8
core   0: 1 0x00000000800044c8 (0x038b5c3b) x24 0xffffffffffffffff
core   0: 0x00000000800044cc (0x7b05d6f3) csrrwi  a3, dcsr, 11
core   0: exception trap_illegal_instruction, epc 0x00000000800044cc
core   0:           tval 0x000000007b05d6f3
core   0: >>>>  $xrv64i2p1_m2p0_a2p1_f2p2_d2p2_zicsr2p0_zifencei2p0_zmmul1p0_zba1p0_zbb1p0_zbc1p0_zbs1p0
core   0: 0x0000000080004000 (0x0080006f) j       pc + 0x8
core   0: 3 0x0000000080004000 (0x0080006f)
core   0: >>>>  mmode_exception_handler
core   0: 0x0000000080004008 (0x00002c17) auipc   s8, 0x2
core   0: 3 0x0000000080004008 (0x00002c17) x24 0x0000000080006008
core   0: 0x000000008000400c (0xfaac0c13) addi    s8, s8, -86
core   0: 3 0x000000008000400c (0xfaac0c13) x24 0x0000000080005fb2
core   0: 0x0000000080004010 (0x000c00e7) jalr    s8
core   0: 3 0x0000000080004010 (0x000c00e7) x1  0x0000000080004014
core   0: >>>>  any_handler
core   0: 0x0000000080005fb2 (0x341027f3) csrrs   a5, mepc, zero
core   0: 3 0x0000000080005fb2 (0x341027f3) x15 0x00000000800044cc
core   0: 0x0000000080005fb6 (0x34202773) csrrs   a4, mcause, zero
core   0: 3 0x0000000080005fb6 (0x34202773) x14 0x0000000000000002
core   0: 0x0000000080005fba (0x142026f3) csrrs   a3, scause, zero
core   0: 3 0x0000000080005fba (0x142026f3) x13 0x0000000000000000
core   0: 0x0000000080005fbe (0x30402673) csrrs   a2, mie, zero
core   0: 3 0x0000000080005fbe (0x30402673) x12 0x0000000000000a00
core   0: 0x0000000080005fc2 (0x344025f3) csrrs   a1, mip, zero
core   0: 3 0x0000000080005fc2 (0x344025f3) x11 0x0000000000000080
core   0: 0x0000000080005fc6 (0x343025f3) csrrs   a1, mtval, zero
core   0: 3 0x0000000080005fc6 (0x343025f3) x11 0x000000007b05d6f3
core   0: 0x0000000080005fca (0x14302573) csrrs   a0, stval, zero
core   0: 3 0x0000000080005fca (0x14302573) x10 0x0000000000000000
core   0: 0x0000000080005fce (0xb02024f3) csrrs   s1, minstret, zero
core   0: 3 0x0000000080005fce (0xb02024f3) x9  0x0000000000000950
core   0: 0x0000000080005fd2 (0x0000a811) c.j     pc + 20
core   0: 3 0x0000000080005fd2 (0xa811)
core   0: >>>>  mepc_4
core   0: 0x0000000080005fe6 (0x00000791) c.addi  a5, 4
core   0: 3 0x0000000080005fe6 (0x0791) x15 0x00000000800044d0
core   0: 0x0000000080005fe8 (0x34179073) csrrw   zero, mepc, a5
core   0: 3 0x0000000080005fe8 (0x34179073) c833_mepc 0x00000000800044d0
core   0: 0x0000000080005fec (0x30200073) mret
core   0: 3 0x0000000080005fec (0x30200073) c768_mstatus 0x8000000a00106080
core   0: 0x00000000800044d0 (0x03d6663b) remw    a2, a2, t4
core   0: 1 0x00000000800044d0 (0x03d6663b) x12 0x0000000000000a00
core   0: 0x00000000800044d4 (0x118e5d97) auipc   s11, 0x118e5
core   0: 1 0x00000000800044d4 (0x118e5d97) x27 0x00000000918e94d4
core   0: 0x00000000800044d8 (0x0052d0bb) srlw    ra, t0, t0
core   0: 1 0x00000000800044d8 (0x0052d0bb) x1  0x0000000000000000
core   0: 0x00000000800044dc (0x00000001) c.nop
core   0: 1 0x00000000800044dc (0x0001)
core   0: 0x00000000800044de (0x2bb30d53) fmin.d  fs10, ft6, fs11
core   0: 1 0x00000000800044de (0x2bb30d53) f26 0x41dfffffffc00000
core   0: 0x00000000800044e2 (0x000efeb3) and     t4, t4, zero
core   0: 1 0x00000000800044e2 (0x000efeb3) x29 0x0000000000000000
core   0: 0x00000000800044e6 (0xc02df453) fcvt.l.s s0, fs11
core   0: 1 0x00000000800044e6 (0xc02df453) x8  0x0000000000000000
core   0: 0x00000000800044ea (0x00846933) or      s2, s0, s0
core   0: 1 0x00000000800044ea (0x00846933) x18 0x0000000000000000
core   0: 0x00000000800044ee (0xc031f253) fcvt.lu.s tp, ft3
core   0: 1 0x00000000800044ee (0xc031f253) c1_fflags 0x0000000000000010 x4  0xffffffffffffffff
core   0: 0x00000000800044f2 (0x00000001) c.nop
core   0: 1 0x00000000800044f2 (0x0001)
core   0: 0x00000000800044f4 (0x40095b13) srai    s6, s2, 0
core   0: 1 0x00000000800044f4 (0x40095b13) x22 0x0000000000000000
core   0: 0x00000000800044f8 (0xd20d7243) fmadd.d ft4, fs10, ft0, fs10
core   0: 1 0x00000000800044f8 (0xd20d7243) f4  0x7ff8000000000000
core   0: 0x00000000800044fc (0x01b4123b) sllw    tp, s0, s11
core   0: 1 0x00000000800044fc (0x01b4123b) x4  0x0000000000000000
core   0: 0x0000000080004500 (0xd0327dd3) fcvt.s.lu fs11, tp
core   0: 1 0x0000000080004500 (0xd0327dd3) f27 0xffffffff00000000
core   0: 0x0000000080004504 (0x00202cf3) csrrs   s9, frm, zero
core   0: 1 0x0000000080004504 (0x00202cf3) x25 0x0000000000000000
core   0: 0x0000000080004508 (0x005d15bb) sllw    a1, s10, t0
core   0: 1 0x0000000080004508 (0x005d15bb) x11 0x0000000000000000
core   0: 0x000000008000450c (0x4155dbb3) sra     s7, a1, s5
core   0: 1 0x000000008000450c (0x4155dbb3) x23 0x0000000000000000
core   0: 0x0000000080004510 (0x7bcb6d97) auipc   s11, 0x7bcb6
core   0: 1 0x0000000080004510 (0x7bcb6d97) x27 0x00000000fbcba510
core   0: 0x0000000080004514 (0x01b85bbb) srlw    s7, a6, s11
core   0: 1 0x0000000080004514 (0x01b85bbb) x23 0x0000000000000000
core   0: 0x0000000080004518 (0x323392f3) csrrw   t0, mhpmevent3, t2
core   0: exception trap_illegal_instruction, epc 0x0000000080004518
core   0:           tval 0x00000000323392f3
core   0: >>>>  $xrv64i2p1_m2p0_a2p1_f2p2_d2p2_zicsr2p0_zifencei2p0_zmmul1p0_zba1p0_zbb1p0_zbc1p0_zbs1p0
core   0: 0x0000000080004000 (0x0080006f) j       pc + 0x8
core   0: 3 0x0000000080004000 (0x0080006f)
core   0: >>>>  mmode_exception_handler
core   0: 0x0000000080004008 (0x00002c17) auipc   s8, 0x2
core   0: 3 0x0000000080004008 (0x00002c17) x24 0x0000000080006008
core   0: 0x000000008000400c (0xfaac0c13) addi    s8, s8, -86
core   0: 3 0x000000008000400c (0xfaac0c13) x24 0x0000000080005fb2
core   0: 0x0000000080004010 (0x000c00e7) jalr    s8
core   0: 3 0x0000000080004010 (0x000c00e7) x1  0x0000000080004014
core   0: >>>>  any_handler
core   0: 0x0000000080005fb2 (0x341027f3) csrrs   a5, mepc, zero
core   0: 3 0x0000000080005fb2 (0x341027f3) x15 0x0000000080004518
core   0: 0x0000000080005fb6 (0x34202773) csrrs   a4, mcause, zero
core   0: 3 0x0000000080005fb6 (0x34202773) x14 0x0000000000000002
core   0: 0x0000000080005fba (0x142026f3) csrrs   a3, scause, zero
core   0: 3 0x0000000080005fba (0x142026f3) x13 0x0000000000000000
core   0: 0x0000000080005fbe (0x30402673) csrrs   a2, mie, zero
core   0: 3 0x0000000080005fbe (0x30402673) x12 0x0000000000000a00
core   0: 0x0000000080005fc2 (0x344025f3) csrrs   a1, mip, zero
core   0: 3 0x0000000080005fc2 (0x344025f3) x11 0x0000000000000080
core   0: 0x0000000080005fc6 (0x343025f3) csrrs   a1, mtval, zero
core   0: 3 0x0000000080005fc6 (0x343025f3) x11 0x00000000323392f3
core   0: 0x0000000080005fca (0x14302573) csrrs   a0, stval, zero
core   0: 3 0x0000000080005fca (0x14302573) x10 0x0000000000000000
core   0: 0x0000000080005fce (0xb02024f3) csrrs   s1, minstret, zero
core   0: 3 0x0000000080005fce (0xb02024f3) x9  0x0000000000000973
core   0: 0x0000000080005fd2 (0x0000a811) c.j     pc + 20
core   0: 3 0x0000000080005fd2 (0xa811)
core   0: >>>>  mepc_4
core   0: 0x0000000080005fe6 (0x00000791) c.addi  a5, 4
core   0: 3 0x0000000080005fe6 (0x0791) x15 0x000000008000451c
core   0: 0x0000000080005fe8 (0x34179073) csrrw   zero, mepc, a5
core   0: 3 0x0000000080005fe8 (0x34179073) c833_mepc 0x000000008000451c
core   0: 0x0000000080005fec (0x30200073) mret
core   0: 3 0x0000000080005fec (0x30200073) c768_mstatus 0x8000000a00106080
core   0: 0x000000008000451c (0xd2128bd3) fcvt.d.wu fs7, t0
core   0: 1 0x000000008000451c (0xd2128bd3) f23 0x0000000000000000
core   0: 0x0000000080004520 (0x032a0233) mul     tp, s4, s2
core   0: 1 0x0000000080004520 (0x032a0233) x4  0x0000000000000000
core   0: 0x0000000080004524 (0x000a9a9b) slliw   s5, s5, 0
core   0: 1 0x0000000080004524 (0x000a9a9b) x21 0x00000000000003ff
core   0: 0x0000000080004528 (0x01510833) add     a6, sp, s5
core   0: 1 0x0000000080004528 (0x01510833) x16 0x00000000000003ff
core   0: 0x000000008000452c (0x00008456) c.mv    s0, s5
core   0: 1 0x000000008000452c (0x8456) x8  0x00000000000003ff
core   0: 0x000000008000452e (0x003413bb) sllw    t2, s0, gp
core   0: 1 0x000000008000452e (0x003413bb) x7  0x00000000000003ff
core   0: 0x0000000080004532 (0x009d1d33) sll     s10, s10, s1
core   0: 1 0x0000000080004532 (0x009d1d33) x26 0x0000000000000000
core   0: 0x0000000080004536 (0x39007713) andi    a4, zero, 912
core   0: 1 0x0000000080004536 (0x39007713) x14 0x0000000000000000
core   0: 0x000000008000453a (0xd2277853) fcvt.d.l fa6, a4
core   0: 1 0x000000008000453a (0xd2277853) f16 0x0000000000000000
core   0: 0x000000008000453e (0x910a4413) xori    s0, s4, -1776
core   0: 1 0x000000008000453e (0x910a4413) x8  0xffffffff80004767
core   0: 0x0000000080004542 (0x01fcd81b) srliw   a6, s9, 31
core   0: 1 0x0000000080004542 (0x01fcd81b) x16 0x0000000000000000
core   0: 0x0000000080004546 (0x020baa33) mulhsu  s4, s7, zero
core   0: 1 0x0000000080004546 (0x020baa33) x20 0x0000000000000000
core   0: 0x000000008000454a (0xd2068553) fcvt.d.w fa0, a3
core   0: 1 0x000000008000454a (0xd2068553) f10 0x0000000000000000
core   0: 0x000000008000454e (0x0006529b) srliw   t0, a2, 0
core   0: 1 0x000000008000454e (0x0006529b) x5  0x0000000000000a00
core   0: 0x0000000080004552 (0xd2357fd3) fcvt.d.lu ft11, a0
core   0: 1 0x0000000080004552 (0xd2357fd3) f31 0x0000000000000000
core   0: 0x0000000080004556 (0x63eff9cb) fnmsub.d fs3, ft11, ft10, fa2
core   0: 1 0x0000000080004556 (0x63eff9cb) f19 0x7ff8000000000000
core   0: 0x000000008000455a (0x10a82073) csrrs   zero, senvcfg, a6
core   0: 1 0x000000008000455a (0x10a82073) c266_senvcfg 0x0000000000000000
core   0: 0x000000008000455e (0x017d5ebb) srlw    t4, s10, s7
core   0: 1 0x000000008000455e (0x017d5ebb) x29 0x0000000000000000
core   0: 0x0000000080004562 (0x001c0b13) addi    s6, s8, 1
core   0: 1 0x0000000080004562 (0x001c0b13) x22 0x0000000080005fb3
core   0: 0x0000000080004566 (0xaccc1237) lui     tp, 0xaccc1
core   0: 1 0x0000000080004566 (0xaccc1237) x4  0xffffffffaccc1000
core   0: 0x000000008000456a (0xc03ff1d3) fcvt.lu.s gp, ft11
core   0: 1 0x000000008000456a (0xc03ff1d3) c1_fflags 0x0000000000000010 x3  0xffffffffffffffff
core   0: 0x000000008000456e (0x2af992d3) fmax.d  ft5, fs3, fa5
core   0: 1 0x000000008000456e (0x2af992d3) f5  0x7ff8000000000000
core   0: 0x0000000080004572 (0x403c55bb) sraw    a1, s8, gp
core   0: 1 0x0000000080004572 (0x403c55bb) x11 0xffffffffffffffff
core   0: 0x0000000080004576 (0x1b80fcd3) fdiv.d  fs9, ft1, fs8
core   0: 1 0x0000000080004576 (0x1b80fcd3) f25 0x7ff8000000000000
core   0: 0x000000008000457a (0x4105d833) sra     a6, a1, a6
core   0: 1 0x000000008000457a (0x4105d833) x16 0xffffffffffffffff
core   0: 0x000000008000457e (0x23d282d3) fsgnj.d ft5, ft5, ft9
core   0: 1 0x000000008000457e (0x23d282d3) f5  0xfff8000000000000
core   0: 0x0000000080004582 (0x13fffd53) fmul.d  fs10, ft11, ft11
core   0: 1 0x0000000080004582 (0x13fffd53) f26 0x0000000000000000
core   0: 0x0000000080004586 (0xdbb77f43) fmadd.d ft10, fa4, fs11, fs11
core   0: 1 0x0000000080004586 (0xdbb77f43) f30 0x7ff8000000000000
core   0: 0x000000008000458a (0x83a2b197) auipc   gp, 0x83a2b
core   0: 1 0x000000008000458a (0x83a2b197) x3  0x0000000003a2f58a
core   0: 0x000000008000458e (0x009a1a3b) sllw    s4, s4, s1
core   0: 1 0x000000008000458e (0x009a1a3b) x20 0x0000000000000000
core   0: 0x0000000080004592 (0x83e2871b) addiw   a4, t0, -1986
core   0: 1 0x0000000080004592 (0x83e2871b) x14 0x000000000000023e
core   0: 0x0000000080004596 (0xd03b7253) fcvt.s.lu ft4, s6
core   0: 1 0x0000000080004596 (0xd03b7253) c1_fflags 0x0000000000000011 f4  0xffffffff4f000060
core   0: 0x000000008000459a (0xf9f6c8b7) lui     a7, 0xf9f6c
core   0: 1 0x000000008000459a (0xf9f6c8b7) x17 0xfffffffff9f6c000
core   0: 0x000000008000459e (0x001c9133) sll     sp, s9, ra
core   0: 1 0x000000008000459e (0x001c9133) x2  0x0000000000000000
core   0: 0x00000000800045a2 (0x2c3c071b) addiw   a4, s8, 707
core   0: 1 0x00000000800045a2 (0x2c3c071b) x14 0xffffffff80006275
core   0: 0x00000000800045a6 (0x03370d3b) mulw    s10, a4, s3
core   0: 1 0x00000000800045a6 (0x03370d3b) x26 0x0000000000000000
core   0: 0x00000000800045aa (0xd20d05d3) fcvt.d.w fa1, s10
core   0: 1 0x00000000800045aa (0xd20d05d3) f11 0x0000000000000000
core   0: 0x00000000800045ae (0x01e9d693) srli    a3, s3, 30
core   0: 1 0x00000000800045ae (0x01e9d693) x13 0x0000000000000000
core   0: 0x00000000800045b2 (0x00202af3) csrrs   s5, frm, zero
core   0: 1 0x00000000800045b2 (0x00202af3) x21 0x0000000000000000
core   0: 0x00000000800045b6 (0xd2110753) fcvt.d.wu fa4, sp
core   0: 1 0x00000000800045b6 (0xd2110753) f14 0x0000000000000000
core   0: 0x00000000800045ba (0x40c2073b) subw    a4, tp, a2
core   0: 1 0x00000000800045ba (0x40c2073b) x14 0xffffffffaccc0600
core   0: 0x00000000800045be (0x00000001) c.nop
core   0: 1 0x00000000800045be (0x0001)
core   0: 0x00000000800045c0 (0x0241c4b3) div     s1, gp, tp
core   0: 1 0x00000000800045c0 (0x0241c4b3) x9  0x0000000000000000
core   0: 0x00000000800045c4 (0x00cc98bb) sllw    a7, s9, a2
core   0: 1 0x00000000800045c4 (0x00cc98bb) x17 0x0000000000000000
core   0: 0x00000000800045c8 (0x40588cb3) sub     s9, a7, t0
core   0: 1 0x00000000800045c8 (0x40588cb3) x25 0xfffffffffffff600
core   0: 0x00000000800045cc (0x7d1c15b7) lui     a1, 0x7d1c1
core   0: 1 0x00000000800045cc (0x7d1c15b7) x11 0x000000007d1c1000
core   0: 0x00000000800045d0 (0x8009091b) addiw   s2, s2, -2048
core   0: 1 0x00000000800045d0 (0x8009091b) x18 0xfffffffffffff800
core   0: 0x00000000800045d4 (0xc21f7b53) fcvt.wu.d s6, ft10
core   0: 1 0x00000000800045d4 (0xc21f7b53) c1_fflags 0x0000000000000011 x22 0xffffffffffffffff
core   0: 0x00000000800045d8 (0xc20b7053) fcvt.w.d zero, fs6
core   0: 1 0x00000000800045d8 (0xc20b7053)
core   0: 0x00000000800045dc (0x2a371053) fmax.d  ft0, fa4, ft3
core   0: 1 0x00000000800045dc (0x2a371053) f0  0x0000000000000000
core   0: 0x00000000800045e0 (0x144c6573) csrrsi  a0, sip, 24
core   0: 1 0x00000000800045e0 (0x144c6573) x10 0x0000000000000000 c836_mip 0x0000000000000080
core   0: 0x00000000800045e4 (0xd23973d3) fcvt.d.lu ft7, s2
core   0: 1 0x00000000800045e4 (0xd23973d3) f7  0x43efffffffffffff
core   0: 0x00000000800045e8 (0xc023f4d3) fcvt.l.s s1, ft7
core   0: 1 0x00000000800045e8 (0xc023f4d3) c1_fflags 0x0000000000000011 x9  0x7fffffffffffffff
core   0: 0x00000000800045ec (0xc808fc73) csrrci  s8, cycleh, 17
core   0: exception trap_illegal_instruction, epc 0x00000000800045ec
core   0:           tval 0x00000000c808fc73
core   0: >>>>  $xrv64i2p1_m2p0_a2p1_f2p2_d2p2_zicsr2p0_zifencei2p0_zmmul1p0_zba1p0_zbb1p0_zbc1p0_zbs1p0
core   0: 0x0000000080004000 (0x0080006f) j       pc + 0x8
core   0: 3 0x0000000080004000 (0x0080006f)
core   0: >>>>  mmode_exception_handler
core   0: 0x0000000080004008 (0x00002c17) auipc   s8, 0x2
core   0: 3 0x0000000080004008 (0x00002c17) x24 0x0000000080006008
core   0: 0x000000008000400c (0xfaac0c13) addi    s8, s8, -86
core   0: 3 0x000000008000400c (0xfaac0c13) x24 0x0000000080005fb2
core   0: 0x0000000080004010 (0x000c00e7) jalr    s8
core   0: 3 0x0000000080004010 (0x000c00e7) x1  0x0000000080004014
core   0: >>>>  any_handler
core   0: 0x0000000080005fb2 (0x341027f3) csrrs   a5, mepc, zero
core   0: 3 0x0000000080005fb2 (0x341027f3) x15 0x00000000800045ec
core   0: 0x0000000080005fb6 (0x34202773) csrrs   a4, mcause, zero
core   0: 3 0x0000000080005fb6 (0x34202773) x14 0x0000000000000002
core   0: 0x0000000080005fba (0x142026f3) csrrs   a3, scause, zero
core   0: 3 0x0000000080005fba (0x142026f3) x13 0x0000000000000000
core   0: 0x0000000080005fbe (0x30402673) csrrs   a2, mie, zero
core   0: 3 0x0000000080005fbe (0x30402673) x12 0x0000000000000a00
core   0: 0x0000000080005fc2 (0x344025f3) csrrs   a1, mip, zero
core   0: 3 0x0000000080005fc2 (0x344025f3) x11 0x0000000000000080
core   0: 0x0000000080005fc6 (0x343025f3) csrrs   a1, mtval, zero
core   0: 3 0x0000000080005fc6 (0x343025f3) x11 0x00000000c808fc73
core   0: 0x0000000080005fca (0x14302573) csrrs   a0, stval, zero
core   0: 3 0x0000000080005fca (0x14302573) x10 0x0000000000000000
core   0: 0x0000000080005fce (0xb02024f3) csrrs   s1, minstret, zero
core   0: 3 0x0000000080005fce (0xb02024f3) x9  0x00000000000009b8
core   0: 0x0000000080005fd2 (0x0000a811) c.j     pc + 20
core   0: 3 0x0000000080005fd2 (0xa811)
core   0: >>>>  mepc_4
core   0: 0x0000000080005fe6 (0x00000791) c.addi  a5, 4
core   0: 3 0x0000000080005fe6 (0x0791) x15 0x00000000800045f0
core   0: 0x0000000080005fe8 (0x34179073) csrrw   zero, mepc, a5
core   0: 3 0x0000000080005fe8 (0x34179073) c833_mepc 0x00000000800045f0
core   0: 0x0000000080005fec (0x30200073) mret
core   0: 3 0x0000000080005fec (0x30200073) c768_mstatus 0x8000000a00106080
core   0: 0x00000000800045f0 (0x1ad8f6d3) fdiv.d  fa3, fa7, fa3
core   0: 1 0x00000000800045f0 (0x1ad8f6d3) f13 0x7ff8000000000000
core   0: 0x00000000800045f4 (0x03950cbb) mulw    s9, a0, s9
core   0: 1 0x00000000800045f4 (0x03950cbb) x25 0x0000000000000000
core   0: 0x00000000800045f8 (0x029a04bb) mulw    s1, s4, s1
core   0: 1 0x00000000800045f8 (0x029a04bb) x9  0x0000000000000000
core   0: 0x00000000800045fc (0x420c0b53) fcvt.d.s fs6, fs8
core   0: 1 0x00000000800045fc (0x420c0b53) f22 0x7ff8000000000000
core   0: 0x0000000080004600 (0x22f689d3) fsgnj.d fs3, fa3, fa5
core   0: 1 0x0000000080004600 (0x22f689d3) f19 0x7ff8000000000000
core   0: 0x0000000080004604 (0x019b0433) add     s0, s6, s9
core   0: 1 0x0000000080004604 (0x019b0433) x8  0xffffffffffffffff
core   0: 0x0000000080004608 (0x033fffd3) fadd.d  ft11, ft11, fs3
core   0: 1 0x0000000080004608 (0x033fffd3) f31 0x7ff8000000000000
core   0: 0x000000008000460c (0x03b796b3) mulh    a3, a5, s11
core   0: 1 0x000000008000460c (0x03b796b3) x13 0x0000000000000000
core   0: 0x0000000080004610 (0x4006dc9b) sraiw   s9, a3, 0
core   0: 1 0x0000000080004610 (0x4006dc9b) x25 0x0000000000000000
core   0: 0x0000000080004614 (0x001afc13) andi    s8, s5, 1
core   0: 1 0x0000000080004614 (0x001afc13) x24 0x0000000000000000
core   0: 0x0000000080004618 (0x00141173) csrrw   sp, fflags, s0
core   0: 1 0x0000000080004618 (0x00141173) x2  0x0000000000000011 c1_fflags 0x000000000000001f
core   0: 0x000000008000461c (0x14491973) csrrw   s2, sip, s2
core   0: 1 0x000000008000461c (0x14491973) x18 0x0000000000000000 c836_mip 0x0000000000000080
core   0: 0x0000000080004620 (0x0122d533) srl     a0, t0, s2
core   0: 1 0x0000000080004620 (0x0122d533) x10 0x0000000000000a00
core   0: 0x0000000080004624 (0xd3e54793) xori    a5, a0, -706
core   0: 1 0x0000000080004624 (0xd3e54793) x15 0xfffffffffffff73e
core   0: 0x0000000080004628 (0xc2077b53) fcvt.w.d s6, fa4
core   0: 1 0x0000000080004628 (0xc2077b53) x22 0x0000000000000000
core   0: 0x000000008000462c (0x00131273) csrrw   tp, fflags, t1
core   0: 1 0x000000008000462c (0x00131273) x4  0x000000000000001f c1_fflags 0x0000000000000000
core   0: 0x0000000080004630 (0x006510bb) sllw    ra, a0, t1
core   0: 1 0x0000000080004630 (0x006510bb) x1  0x0000000000000a00
core   0: 0x0000000080004634 (0xa0c80997) auipc   s3, 0xa0c80
core   0: 1 0x0000000080004634 (0xa0c80997) x19 0x0000000020c84634
core   0: 0x0000000080004638 (0x3c728e93) addi    t4, t0, 967
core   0: 1 0x0000000080004638 (0x3c728e93) x29 0x0000000000000dc7
core   0: 0x000000008000463c (0x00000001) c.nop
core   0: 1 0x000000008000463c (0x0001)
core   0: 0x000000008000463e (0x41d485b3) sub     a1, s1, t4
core   0: 1 0x000000008000463e (0x41d485b3) x11 0xfffffffffffff239
core   0: 0x0000000080004642 (0x001494f3) csrrw   s1, fflags, s1
core   0: 1 0x0000000080004642 (0x001494f3) x9  0x0000000000000000 c1_fflags 0x0000000000000000
core   0: 0x0000000080004646 (0x00f8f233) and     tp, a7, a5
core   0: 1 0x0000000080004646 (0x00f8f233) x4  0x0000000000000000
core   0: 0x000000008000464a (0xc050d873) csrrwi  a6, hpmcounter5, 1
core   0: exception trap_illegal_instruction, epc 0x000000008000464a
core   0:           tval 0x00000000c050d873
core   0: >>>>  $xrv64i2p1_m2p0_a2p1_f2p2_d2p2_zicsr2p0_zifencei2p0_zmmul1p0_zba1p0_zbb1p0_zbc1p0_zbs1p0
core   0: 0x0000000080004000 (0x0080006f) j       pc + 0x8
core   0: 3 0x0000000080004000 (0x0080006f)
core   0: >>>>  mmode_exception_handler
core   0: 0x0000000080004008 (0x00002c17) auipc   s8, 0x2
core   0: 3 0x0000000080004008 (0x00002c17) x24 0x0000000080006008
core   0: 0x000000008000400c (0xfaac0c13) addi    s8, s8, -86
core   0: 3 0x000000008000400c (0xfaac0c13) x24 0x0000000080005fb2
core   0: 0x0000000080004010 (0x000c00e7) jalr    s8
core   0: 3 0x0000000080004010 (0x000c00e7) x1  0x0000000080004014
core   0: >>>>  any_handler
core   0: 0x0000000080005fb2 (0x341027f3) csrrs   a5, mepc, zero
core   0: 3 0x0000000080005fb2 (0x341027f3) x15 0x000000008000464a
core   0: 0x0000000080005fb6 (0x34202773) csrrs   a4, mcause, zero
core   0: 3 0x0000000080005fb6 (0x34202773) x14 0x0000000000000002
core   0: 0x0000000080005fba (0x142026f3) csrrs   a3, scause, zero
core   0: 3 0x0000000080005fba (0x142026f3) x13 0x0000000000000000
core   0: 0x0000000080005fbe (0x30402673) csrrs   a2, mie, zero
core   0: 3 0x0000000080005fbe (0x30402673) x12 0x0000000000000a00
core   0: 0x0000000080005fc2 (0x344025f3) csrrs   a1, mip, zero
core   0: 3 0x0000000080005fc2 (0x344025f3) x11 0x0000000000000080
core   0: 0x0000000080005fc6 (0x343025f3) csrrs   a1, mtval, zero
core   0: 3 0x0000000080005fc6 (0x343025f3) x11 0x00000000c050d873
core   0: 0x0000000080005fca (0x14302573) csrrs   a0, stval, zero
core   0: 3 0x0000000080005fca (0x14302573) x10 0x0000000000000000
core   0: 0x0000000080005fce (0xb02024f3) csrrs   s1, minstret, zero
core   0: 3 0x0000000080005fce (0xb02024f3) x9  0x00000000000009df
core   0: 0x0000000080005fd2 (0x0000a811) c.j     pc + 20
core   0: 3 0x0000000080005fd2 (0xa811)
core   0: >>>>  mepc_4
core   0: 0x0000000080005fe6 (0x00000791) c.addi  a5, 4
core   0: 3 0x0000000080005fe6 (0x0791) x15 0x000000008000464e
core   0: 0x0000000080005fe8 (0x34179073) csrrw   zero, mepc, a5
core   0: 3 0x0000000080005fe8 (0x34179073) c833_mepc 0x000000008000464e
core   0: 0x0000000080005fec (0x30200073) mret
core   0: 3 0x0000000080005fec (0x30200073) c768_mstatus 0x8000000a00106080
core   0: 0x000000008000464e (0x63c80b9b) addiw   s7, a6, 1596
core   0: 1 0x000000008000464e (0x63c80b9b) x23 0x000000000000063b
core   0: 0x0000000080004652 (0x0053531b) srliw   t1, t1, 5
core   0: 1 0x0000000080004652 (0x0053531b) x6  0x0000000000000000
core   0: 0x0000000080004656 (0x00102b73) csrrs   s6, fflags, zero
core   0: 1 0x0000000080004656 (0x00102b73) x22 0x0000000000000000
core   0: 0x000000008000465a (0xd20481d3) fcvt.d.w ft3, s1
core   0: 1 0x000000008000465a (0xd20481d3) f3  0x40a3be0000000000
core   0: 0x000000008000465e (0x3290c713) xori    a4, ra, 809
core   0: 1 0x000000008000465e (0x3290c713) x14 0x000000008000433d
core   0: 0x0000000080004662 (0x2ae39053) fmax.d  ft0, ft7, fa4
core   0: 1 0x0000000080004662 (0x2ae39053) f0  0x43efffffffffffff
core   0: 0x0000000080004666 (0x00000001) c.nop
core   0: 1 0x0000000080004666 (0x0001)
core   0: 0x0000000080004668 (0xd21e8653) fcvt.d.wu fa2, t4
core   0: 1 0x0000000080004668 (0xd21e8653) f12 0x40ab8e0000000000
core   0: 0x000000008000466c (0x01ce9213) slli    tp, t4, 28
core   0: 1 0x000000008000466c (0x01ce9213) x4  0x000000dc70000000
core   0: 0x0000000080004670 (0x027f7d53) fadd.d  fs10, ft10, ft7
core   0: 1 0x0000000080004670 (0x027f7d53) f26 0x7ff8000000000000
core   0: 0x0000000080004674 (0x419253b3) sra     t2, tp, s9
core   0: 1 0x0000000080004674 (0x419253b3) x7  0x000000dc70000000
core   0: 0x0000000080004678 (0x003167b3) or      a5, sp, gp
core   0: 1 0x0000000080004678 (0x003167b3) x15 0x0000000003a2f59b
core   0: 0x000000008000467c (0x00003afd) c.addiw s5, -1
core   0: 1 0x000000008000467c (0x3afd) x21 0xffffffffffffffff
core   0: 0x000000008000467e (0xd21281d3) fcvt.d.wu ft3, t0
core   0: 1 0x000000008000467e (0xd21281d3) f3  0x40a4000000000000
core   0: 0x0000000080004682 (0x2aac9253) fmax.d  ft4, fs9, fa0
core   0: 1 0x0000000080004682 (0x2aac9253) f4  0x0000000000000000
core   0: 0x0000000080004686 (0x4148583b) sraw    a6, a6, s4
core   0: 1 0x0000000080004686 (0x4148583b) x16 0xffffffffffffffff
core   0: 0x000000008000468a (0x012591bb) sllw    gp, a1, s2
core   0: 1 0x000000008000468a (0x012591bb) x3  0xffffffffc050d873
core   0: 0x000000008000468e (0x0017d593) srli    a1, a5, 1
core   0: 1 0x000000008000468e (0x0017d593) x11 0x0000000001d17acd
core   0: 0x0000000080004692 (0x0284c4bb) divw    s1, s1, s0
core   0: 1 0x0000000080004692 (0x0284c4bb) x9  0xfffffffffffff621
core   0: 0x0000000080004696 (0xcb327347) fmsub.d ft6, ft4, fs3, fs9
core   0: 1 0x0000000080004696 (0xcb327347) f6  0x7ff8000000000000
core   0: 0x000000008000469a (0x420a8ad3) fcvt.d.s fs5, fs5
core   0: 1 0x000000008000469a (0x420a8ad3) f21 0x7ff8000000000000
core   0: 0x000000008000469e (0xd21d84d3) fcvt.d.wu fs1, s11
core   0: 1 0x000000008000469e (0xd21d84d3) f9  0x41ef7974a2000000
core   0: 0x00000000800046a2 (0x0b787bd3) fsub.d  fs7, fa6, fs7
core   0: 1 0x00000000800046a2 (0x0b787bd3) f23 0x0000000000000000
core   0: 0x00000000800046a6 (0x02b2ec33) rem     s8, t0, a1
core   0: 1 0x00000000800046a6 (0x02b2ec33) x24 0x0000000000000a00
core   0: 0x00000000800046aa (0x0164803b) addw    zero, s1, s6
core   0: 1 0x00000000800046aa (0x0164803b)
core   0: 0x00000000800046ae (0x032af83b) remuw   a6, s5, s2
core   0: 1 0x00000000800046ae (0x032af83b) x16 0xffffffffffffffff
core   0: 0x00000000800046b2 (0xd2128b53) fcvt.d.wu fs6, t0
core   0: 1 0x00000000800046b2 (0xd2128b53) f22 0x40a4000000000000
core   0: 0x00000000800046b6 (0xe2048b53) fmv.x.d s6, fs1
core   0: 1 0x00000000800046b6 (0xe2048b53) x22 0x41ef7974a2000000
core   0: 0x00000000800046ba (0x3b6773c7) fmsub.d ft7, fa4, fs6, ft7
core   0: 1 0x00000000800046ba (0x3b6773c7) f7  0xc3efffffffffffff
core   0: 0x00000000800046be (0xf9727397) auipc   t2, 0xf9727
core   0: 1 0x00000000800046be (0xf9727397) x7  0x000000007972b6be
core   0: 0x00000000800046c2 (0xf2028bd3) fmv.d.x fs7, t0
core   0: 1 0x00000000800046c2 (0xf2028bd3) f23 0x0000000000000a00
core   0: 0x00000000800046c6 (0x017babb3) slt     s7, s7, s7
core   0: 1 0x00000000800046c6 (0x017babb3) x23 0x0000000000000000
core   0: 0x00000000800046ca (0x0118f8b3) and     a7, a7, a7
core   0: 1 0x00000000800046ca (0x0118f8b3) x17 0x0000000000000000
core   0: 0x00000000800046ce (0x239715d3) fsgnjn.d fa1, fa4, fs9
core   0: 1 0x00000000800046ce (0x239715d3) f11 0x8000000000000000
core   0: 0x00000000800046d2 (0x0ff0000f) fence   iorw,iorw
core   0: 1 0x00000000800046d2 (0x0ff0000f)
core   0: 0x00000000800046d6 (0x420d87d3) fcvt.d.s fa5, fs11
core   0: 1 0x00000000800046d6 (0x420d87d3) f15 0x0000000000000000
core   0: 0x00000000800046da (0x40ed82bb) subw    t0, s11, a4
core   0: 1 0x00000000800046da (0x40ed82bb) x5  0x000000007bcb61d3
core   0: 0x00000000800046de (0xd23872d3) fcvt.d.lu ft5, a6
core   0: 1 0x00000000800046de (0xd23872d3) c1_fflags 0x0000000000000001 f5  0x43f0000000000000
core   0: 0x00000000800046e2 (0x4056563b) sraw    a2, a2, t0
core   0: 1 0x00000000800046e2 (0x4056563b) x12 0x0000000000000000
core   0: 0x00000000800046e6 (0x017457bb) srlw    a5, s0, s7
core   0: 1 0x00000000800046e6 (0x017457bb) x15 0xffffffffffffffff
core   0: 0x00000000800046ea (0x00172ab3) slt     s5, a4, ra
core   0: 1 0x00000000800046ea (0x00172ab3) x21 0x0000000000000000
core   0: 0x00000000800046ee (0x0235e033) rem     zero, a1, gp
core   0: 1 0x00000000800046ee (0x0235e033)
core   0: 0x00000000800046f2 (0x9456d337) lui     t1, 0x9456d
core   0: 1 0x00000000800046f2 (0x9456d337) x6  0xffffffff9456d000
core   0: 0x00000000800046f6 (0x23921253) fsgnjn.d ft4, ft4, fs9
core   0: 1 0x00000000800046f6 (0x23921253) f4  0x8000000000000000
core   0: 0x00000000800046fa (0x00009732) c.add   a4, a2
core   0: 1 0x00000000800046fa (0x9732) x14 0x000000008000433d
core   0: 0x00000000800046fc (0x00000001) c.nop
core   0: 1 0x00000000800046fc (0x0001)
core   0: 0x00000000800046fe (0xc0327a53) fcvt.lu.s s4, ft4
core   0: 1 0x00000000800046fe (0xc0327a53) c1_fflags 0x0000000000000011 x20 0xffffffffffffffff
core   0: 0x0000000080004702 (0x4e0e8e93) addi    t4, t4, 1248
core   0: 1 0x0000000080004702 (0x4e0e8e93) x29 0x00000000000012a7
core   0: 0x0000000080004706 (0x09260093) addi    ra, a2, 146
core   0: 1 0x0000000080004706 (0x09260093) x1  0x0000000000000092
core   0: 0x000000008000470a (0x0090d7bb) srlw    a5, ra, s1
core   0: 1 0x000000008000470a (0x0090d7bb) x15 0x0000000000000049
core   0: 0x000000008000470e (0x2b528753) fmin.d  fa4, ft5, fs5
core   0: 1 0x000000008000470e (0x2b528753) f14 0x43f0000000000000
core   0: 0x0000000080004712 (0x4007d013) srai    zero, a5, 0
core   0: 1 0x0000000080004712 (0x4007d013)
core   0: 0x0000000080004716 (0x00000001) c.nop
core   0: 1 0x0000000080004716 (0x0001)
core   0: 0x0000000080004718 (0xc03078f3) csrrci  a7, hpmcounter3, 0
core   0: exception trap_illegal_instruction, epc 0x0000000080004718
core   0:           tval 0x00000000c03078f3
core   0: >>>>  $xrv64i2p1_m2p0_a2p1_f2p2_d2p2_zicsr2p0_zifencei2p0_zmmul1p0_zba1p0_zbb1p0_zbc1p0_zbs1p0
core   0: 0x0000000080004000 (0x0080006f) j       pc + 0x8
core   0: 3 0x0000000080004000 (0x0080006f)
core   0: >>>>  mmode_exception_handler
core   0: 0x0000000080004008 (0x00002c17) auipc   s8, 0x2
core   0: 3 0x0000000080004008 (0x00002c17) x24 0x0000000080006008
core   0: 0x000000008000400c (0xfaac0c13) addi    s8, s8, -86
core   0: 3 0x000000008000400c (0xfaac0c13) x24 0x0000000080005fb2
core   0: 0x0000000080004010 (0x000c00e7) jalr    s8
core   0: 3 0x0000000080004010 (0x000c00e7) x1  0x0000000080004014
core   0: >>>>  any_handler
core   0: 0x0000000080005fb2 (0x341027f3) csrrs   a5, mepc, zero
core   0: 3 0x0000000080005fb2 (0x341027f3) x15 0x0000000080004718
core   0: 0x0000000080005fb6 (0x34202773) csrrs   a4, mcause, zero
core   0: 3 0x0000000080005fb6 (0x34202773) x14 0x0000000000000002
core   0: 0x0000000080005fba (0x142026f3) csrrs   a3, scause, zero
core   0: 3 0x0000000080005fba (0x142026f3) x13 0x0000000000000000
core   0: 0x0000000080005fbe (0x30402673) csrrs   a2, mie, zero
core   0: 3 0x0000000080005fbe (0x30402673) x12 0x0000000000000a00
core   0: 0x0000000080005fc2 (0x344025f3) csrrs   a1, mip, zero
core   0: 3 0x0000000080005fc2 (0x344025f3) x11 0x0000000000000080
core   0: 0x0000000080005fc6 (0x343025f3) csrrs   a1, mtval, zero
core   0: 3 0x0000000080005fc6 (0x343025f3) x11 0x00000000c03078f3
core   0: 0x0000000080005fca (0x14302573) csrrs   a0, stval, zero
core   0: 3 0x0000000080005fca (0x14302573) x10 0x0000000000000000
core   0: 0x0000000080005fce (0xb02024f3) csrrs   s1, minstret, zero
core   0: 3 0x0000000080005fce (0xb02024f3) x9  0x0000000000000a24
core   0: 0x0000000080005fd2 (0x0000a811) c.j     pc + 20
core   0: 3 0x0000000080005fd2 (0xa811)
core   0: >>>>  mepc_4
core   0: 0x0000000080005fe6 (0x00000791) c.addi  a5, 4
core   0: 3 0x0000000080005fe6 (0x0791) x15 0x000000008000471c
core   0: 0x0000000080005fe8 (0x34179073) csrrw   zero, mepc, a5
core   0: 3 0x0000000080005fe8 (0x34179073) c833_mepc 0x000000008000471c
core   0: 0x0000000080005fec (0x30200073) mret
core   0: 3 0x0000000080005fec (0x30200073) c768_mstatus 0x8000000a00106080
core   0: 0x000000008000471c (0xc2277153) fcvt.l.d sp, fa4
core   0: 1 0x000000008000471c (0xc2277153) c1_fflags 0x0000000000000011 x2  0x7fffffffffffffff
core   0: 0x0000000080004720 (0x007262b3) or      t0, tp, t2
core   0: 1 0x0000000080004720 (0x007262b3) x5  0x000000dc7972b6be
core   0: 0x0000000080004724 (0x0b687b53) fsub.d  fs6, fa6, fs6
core   0: 1 0x0000000080004724 (0x0b687b53) f22 0xc0a4000000000000
core   0: 0x0000000080004728 (0x00e19233) sll     tp, gp, a4
core   0: 1 0x0000000080004728 (0x00e19233) x4  0xffffffff014361cc
core   0: 0x000000008000472c (0x06152c37) lui     s8, 0x6152
core   0: 1 0x000000008000472c (0x06152c37) x24 0x0000000006152000
core   0: 0x0000000080004730 (0xd6dc0c1b) addiw   s8, s8, -659
core   0: 1 0x0000000080004730 (0xd6dc0c1b) x24 0x0000000006151d6d
core   0: 0x0000000080004734 (0x00000c32) c.slli  s8, 12
core   0: 1 0x0000000080004734 (0x0c32) x24 0x0000006151d6d000
core   0: 0x0000000080004736 (0x846c0c13) addi    s8, s8, -1978
core   0: 1 0x0000000080004736 (0x846c0c13) x24 0x0000006151d6c846
core   0: 0x000000008000473a (0x40725c3b) sraw    s8, tp, t2
core   0: 1 0x000000008000473a (0x40725c3b) x24 0x0000000000000000
core   0: 0x000000008000473e (0x4172d51b) sraiw   a0, t0, 23
core   0: 1 0x000000008000473e (0x4172d51b) x10 0x00000000000000f2
core   0: 0x0000000080004742 (0x00251073) csrrw   zero, frm, a0
core   0: 1 0x0000000080004742 (0x00251073) c2_frm 0x0000000000000002
core   0: 0x0000000080004746 (0x71620697) auipc   a3, 0x71620
core   0: 1 0x0000000080004746 (0x71620697) x13 0x00000000f1624746
core   0: 0x000000008000474a (0xa2e80d53) fle.d   s10, fa6, fa4
core   0: 1 0x000000008000474a (0xa2e80d53) x26 0x0000000000000001
core   0: 0x000000008000474e (0x00202af3) csrrs   s5, frm, zero
core   0: 1 0x000000008000474e (0x00202af3) x21 0x0000000000000002
core   0: 0x0000000080004752 (0x5a08f0d3) fsqrt.d ft1, fa7
core   0: 1 0x0000000080004752 (0x5a08f0d3) f1  0x7ff8000000000000
core   0: 0x0000000080004756 (0x7477b3f3) csrrc   t2, mseccfg, a5
core   0: exception trap_illegal_instruction, epc 0x0000000080004756
core   0:           tval 0x000000007477b3f3
core   0: >>>>  $xrv64i2p1_m2p0_a2p1_f2p2_d2p2_zicsr2p0_zifencei2p0_zmmul1p0_zba1p0_zbb1p0_zbc1p0_zbs1p0
core   0: 0x0000000080004000 (0x0080006f) j       pc + 0x8
core   0: 3 0x0000000080004000 (0x0080006f)
core   0: >>>>  mmode_exception_handler
core   0: 0x0000000080004008 (0x00002c17) auipc   s8, 0x2
core   0: 3 0x0000000080004008 (0x00002c17) x24 0x0000000080006008
core   0: 0x000000008000400c (0xfaac0c13) addi    s8, s8, -86
core   0: 3 0x000000008000400c (0xfaac0c13) x24 0x0000000080005fb2
core   0: 0x0000000080004010 (0x000c00e7) jalr    s8
core   0: 3 0x0000000080004010 (0x000c00e7) x1  0x0000000080004014
core   0: >>>>  any_handler
core   0: 0x0000000080005fb2 (0x341027f3) csrrs   a5, mepc, zero
core   0: 3 0x0000000080005fb2 (0x341027f3) x15 0x0000000080004756
core   0: 0x0000000080005fb6 (0x34202773) csrrs   a4, mcause, zero
core   0: 3 0x0000000080005fb6 (0x34202773) x14 0x0000000000000002
core   0: 0x0000000080005fba (0x142026f3) csrrs   a3, scause, zero
core   0: 3 0x0000000080005fba (0x142026f3) x13 0x0000000000000000
core   0: 0x0000000080005fbe (0x30402673) csrrs   a2, mie, zero
core   0: 3 0x0000000080005fbe (0x30402673) x12 0x0000000000000a00
core   0: 0x0000000080005fc2 (0x344025f3) csrrs   a1, mip, zero
core   0: 3 0x0000000080005fc2 (0x344025f3) x11 0x0000000000000080
core   0: 0x0000000080005fc6 (0x343025f3) csrrs   a1, mtval, zero
core   0: 3 0x0000000080005fc6 (0x343025f3) x11 0x000000007477b3f3
core   0: 0x0000000080005fca (0x14302573) csrrs   a0, stval, zero
core   0: 3 0x0000000080005fca (0x14302573) x10 0x0000000000000000
core   0: 0x0000000080005fce (0xb02024f3) csrrs   s1, minstret, zero
core   0: 3 0x0000000080005fce (0xb02024f3) x9  0x0000000000000a43
core   0: 0x0000000080005fd2 (0x0000a811) c.j     pc + 20
core   0: 3 0x0000000080005fd2 (0xa811)
core   0: >>>>  mepc_4
core   0: 0x0000000080005fe6 (0x00000791) c.addi  a5, 4
core   0: 3 0x0000000080005fe6 (0x0791) x15 0x000000008000475a
core   0: 0x0000000080005fe8 (0x34179073) csrrw   zero, mepc, a5
core   0: 3 0x0000000080005fe8 (0x34179073) c833_mepc 0x000000008000475a
core   0: 0x0000000080005fec (0x30200073) mret
core   0: 3 0x0000000080005fec (0x30200073) c768_mstatus 0x8000000a00106080
core   0: 0x000000008000475a (0xc20bf8d3) fcvt.w.d a7, fs7
core   0: 1 0x000000008000475a (0xc20bf8d3) c1_fflags 0x0000000000000011 x17 0x0000000000000000
core   0: 0x000000008000475e (0x4019dd3b) sraw    s10, s3, ra
core   0: 1 0x000000008000475e (0x4019dd3b) x26 0x000000000000020c
core   0: 0x0000000080004762 (0x001191f3) csrrw   gp, fflags, gp
core   0: 1 0x0000000080004762 (0x001191f3) x3  0x0000000000000011 c1_fflags 0x0000000000000013
core   0: 0x0000000080004766 (0x2a1a1a53) fmax.d  fs4, fs4, ft1
core   0: 1 0x0000000080004766 (0x2a1a1a53) f20 0x7ff8000000000000
core   0: 0x000000008000476a (0x408bdbbb) sraw    s7, s7, s0
core   0: 1 0x000000008000476a (0x408bdbbb) x23 0x0000000000000000
core   0: 0x000000008000476e (0xf130d5f3) csrrwi  a1, mimpid, 1
core   0: exception trap_illegal_instruction, epc 0x000000008000476e
core   0:           tval 0x00000000f130d5f3
core   0: >>>>  $xrv64i2p1_m2p0_a2p1_f2p2_d2p2_zicsr2p0_zifencei2p0_zmmul1p0_zba1p0_zbb1p0_zbc1p0_zbs1p0
core   0: 0x0000000080004000 (0x0080006f) j       pc + 0x8
core   0: 3 0x0000000080004000 (0x0080006f)
core   0: >>>>  mmode_exception_handler
core   0: 0x0000000080004008 (0x00002c17) auipc   s8, 0x2
core   0: 3 0x0000000080004008 (0x00002c17) x24 0x0000000080006008
core   0: 0x000000008000400c (0xfaac0c13) addi    s8, s8, -86
core   0: 3 0x000000008000400c (0xfaac0c13) x24 0x0000000080005fb2
core   0: 0x0000000080004010 (0x000c00e7) jalr    s8
core   0: 3 0x0000000080004010 (0x000c00e7) x1  0x0000000080004014
core   0: >>>>  any_handler
core   0: 0x0000000080005fb2 (0x341027f3) csrrs   a5, mepc, zero
core   0: 3 0x0000000080005fb2 (0x341027f3) x15 0x000000008000476e
core   0: 0x0000000080005fb6 (0x34202773) csrrs   a4, mcause, zero
core   0: 3 0x0000000080005fb6 (0x34202773) x14 0x0000000000000002
core   0: 0x0000000080005fba (0x142026f3) csrrs   a3, scause, zero
core   0: 3 0x0000000080005fba (0x142026f3) x13 0x0000000000000000
core   0: 0x0000000080005fbe (0x30402673) csrrs   a2, mie, zero
core   0: 3 0x0000000080005fbe (0x30402673) x12 0x0000000000000a00
core   0: 0x0000000080005fc2 (0x344025f3) csrrs   a1, mip, zero
core   0: 3 0x0000000080005fc2 (0x344025f3) x11 0x0000000000000080
core   0: 0x0000000080005fc6 (0x343025f3) csrrs   a1, mtval, zero
core   0: 3 0x0000000080005fc6 (0x343025f3) x11 0x00000000f130d5f3
core   0: 0x0000000080005fca (0x14302573) csrrs   a0, stval, zero
core   0: 3 0x0000000080005fca (0x14302573) x10 0x0000000000000000
core   0: 0x0000000080005fce (0xb02024f3) csrrs   s1, minstret, zero
core   0: 3 0x0000000080005fce (0xb02024f3) x9  0x0000000000000a58
core   0: 0x0000000080005fd2 (0x0000a811) c.j     pc + 20
core   0: 3 0x0000000080005fd2 (0xa811)
core   0: >>>>  mepc_4
core   0: 0x0000000080005fe6 (0x00000791) c.addi  a5, 4
core   0: 3 0x0000000080005fe6 (0x0791) x15 0x0000000080004772
core   0: 0x0000000080005fe8 (0x34179073) csrrw   zero, mepc, a5
core   0: 3 0x0000000080005fe8 (0x34179073) c833_mepc 0x0000000080004772
core   0: 0x0000000080005fec (0x30200073) mret
core   0: 3 0x0000000080005fec (0x30200073) c768_mstatus 0x8000000a00106080
core   0: 0x0000000080004772 (0xd227f853) fcvt.d.l fa6, a5
core   0: 1 0x0000000080004772 (0xd227f853) f16 0x41e00008ee400000
core   0: 0x0000000080004776 (0x00ba0733) add     a4, s4, a1
core   0: 1 0x0000000080004776 (0x00ba0733) x14 0x00000000f130d5f2
core   0: 0x000000008000477a (0xfdf8d437) lui     s0, 0xfdf8d
core   0: 1 0x000000008000477a (0xfdf8d437) x8  0xfffffffffdf8d000
core   0: 0x000000008000477e (0x20d4041b) addiw   s0, s0, 525
core   0: 1 0x000000008000477e (0x20d4041b) x8  0xfffffffffdf8d20d
core   0: 0x0000000080004782 (0x00000432) c.slli  s0, 12
core   0: 1 0x0000000080004782 (0x0432) x8  0xffffffdf8d20d000
core   0: 0x0000000080004784 (0x00000449) c.addi  s0, 18
core   0: 1 0x0000000080004784 (0x0449) x8  0xffffffdf8d20d012
core   0: 0x0000000080004786 (0x4081ddbb) sraw    s11, gp, s0
core   0: 1 0x0000000080004786 (0x4081ddbb) x27 0x0000000000000000
core   0: 0x000000008000478a (0x23499fd3) fsgnjn.d ft11, fs3, fs4
core   0: 1 0x000000008000478a (0x23499fd3) f31 0xfff8000000000000
core   0: 0x000000008000478e (0x138ff8d3) fmul.d  fa7, ft11, fs8
core   0: 1 0x000000008000478e (0x138ff8d3) f17 0x7ff8000000000000
core   0: 0x0000000080004792 (0x0282ddb3) divu    s11, t0, s0
core   0: 1 0x0000000080004792 (0x0282ddb3) x27 0x0000000000000000
core   0: 0x0000000080004796 (0x405b02b3) sub     t0, s6, t0
core   0: 1 0x0000000080004796 (0x405b02b3) x5  0x41ef7898288d4942
core   0: 0x000000008000479a (0x43f75093) srai    ra, a4, 63
core   0: 1 0x000000008000479a (0x43f75093) x1  0x0000000000000000
core   0: 0x000000008000479e (0x0b087dd3) fsub.d  fs11, fa6, fa6
core   0: 1 0x000000008000479e (0x0b087dd3) f27 0x8000000000000000
core   0: 0x00000000800047a2 (0x09e62813) slti    a6, a2, 158
core   0: 1 0x00000000800047a2 (0x09e62813) x16 0x0000000000000000
core   0: 0x00000000800047a6 (0x00c70c33) add     s8, a4, a2
core   0: 1 0x00000000800047a6 (0x00c70c33) x24 0x00000000f130dff2
core   0: 0x00000000800047aa (0x0ff0000f) fence   iorw,iorw
core   0: 1 0x00000000800047aa (0x0ff0000f)
core   0: 0x00000000800047ae (0x03fad513) srli    a0, s5, 63
core   0: 1 0x00000000800047ae (0x03fad513) x10 0x0000000000000000
core   0: 0x00000000800047b2 (0x02b8db3b) divuw   s6, a7, a1
core   0: 1 0x00000000800047b2 (0x02b8db3b) x22 0x0000000000000000
core   0: 0x00000000800047b6 (0x006e0933) add     s2, t3, t1
core   0: 1 0x00000000800047b6 (0x006e0933) x18 0xffffffff9456d000
core   0: 0x00000000800047ba (0x0003f093) andi    ra, t2, 0
core   0: 1 0x00000000800047ba (0x0003f093) x1  0x0000000000000000
core   0: 0x00000000800047be (0x000e6393) ori     t2, t3, 0
core   0: 1 0x00000000800047be (0x000e6393) x7  0x0000000000000000
core   0: 0x00000000800047c2 (0xc29a7a4f) fnmadd.d fs4, fs4, fs1, fs8
core   0: 1 0x00000000800047c2 (0xc29a7a4f) f20 0x7ff8000000000000
core   0: 0x00000000800047c6 (0x01d94e33) xor     t3, s2, t4
core   0: 1 0x00000000800047c6 (0x01d94e33) x28 0xffffffff9456c2a7
core   0: 0x00000000800047ca (0x414e08bb) subw    a7, t3, s4
core   0: 1 0x00000000800047ca (0x414e08bb) x17 0xffffffff9456c2a8
core   0: 0x00000000800047ce (0x000c4033) xor     zero, s8, zero
core   0: 1 0x00000000800047ce (0x000c4033)
core   0: 0x00000000800047d2 (0xaa6df2cf) fnmadd.d ft5, fs11, ft6, fs5
core   0: 1 0x00000000800047d2 (0xaa6df2cf) f5  0x7ff8000000000000
core   0: 0x00000000800047d6 (0x000c519b) srliw   gp, s8, 0
core   0: 1 0x00000000800047d6 (0x000c519b) x3  0xfffffffff130dff2
core   0: 0x00000000800047da (0x0ff0000f) fence   iorw,iorw
core   0: 1 0x00000000800047da (0x0ff0000f)
core   0: 0x00000000800047de (0x00202673) csrrs   a2, frm, zero
core   0: 1 0x00000000800047de (0x00202673) x12 0x0000000000000002
core   0: 0x00000000800047e2 (0x01766133) or      sp, a2, s7
core   0: 1 0x00000000800047e2 (0x01766133) x2  0x0000000000000002
core   0: 0x00000000800047e6 (0x01b61d9b) slliw   s11, a2, 27
core   0: 1 0x00000000800047e6 (0x01b61d9b) x27 0x0000000010000000
core   0: 0x00000000800047ea (0x03b46533) rem     a0, s0, s11
core   0: 1 0x00000000800047ea (0x03b46533) x10 0xfffffffffd20d012
core   0: 0x00000000800047ee (0x40107253) fcvt.s.d ft4, ft0
core   0: 1 0x00000000800047ee (0x40107253) c1_fflags 0x0000000000000013 f4  0xffffffff5f7fffff
core   0: 0x00000000800047f2 (0x0003d393) srli    t2, t2, 0
core   0: 1 0x00000000800047f2 (0x0003d393) x7  0x0000000000000000
core   0: 0x00000000800047f6 (0x0238fbc7) fmsub.d fs7, fa7, ft3, ft0
core   0: 1 0x00000000800047f6 (0x0238fbc7) f23 0x7ff8000000000000
core   0: 0x00000000800047fa (0x40e2d193) srai    gp, t0, 14
core   0: 1 0x00000000800047fa (0x40e2d193) x3  0x000107bde260a235
core   0: 0x00000000800047fe (0x03203233) mulhu   tp, zero, s2
core   0: 1 0x00000000800047fe (0x03203233) x4  0x0000000000000000
core   0: 0x0000000080004802 (0x06352437) lui     s0, 0x6352
core   0: 1 0x0000000080004802 (0x06352437) x8  0x0000000006352000
core   0: 0x0000000080004806 (0x7fb4041b) addiw   s0, s0, 2043
core   0: 1 0x0000000080004806 (0x7fb4041b) x8  0x00000000063527fb
core   0: 0x000000008000480a (0x00000432) c.slli  s0, 12
core   0: 1 0x000000008000480a (0x0432) x8  0x00000063527fb000
core   0: 0x000000008000480c (0x22640413) addi    s0, s0, 550
core   0: 1 0x000000008000480c (0x22640413) x8  0x00000063527fb226
core   0: 0x0000000080004810 (0x02f6b7b3) mulhu   a5, a3, a5
core   0: 1 0x0000000080004810 (0x02f6b7b3) x15 0x0000000000000000
core   0: 0x0000000080004814 (0x4012f9d3) fcvt.s.d fs3, ft5
core   0: 1 0x0000000080004814 (0x4012f9d3) f19 0xffffffff7fc00000
core   0: 0x0000000080004818 (0xd03174d3) fcvt.s.lu fs1, sp
core   0: 1 0x0000000080004818 (0xd03174d3) f9  0xffffffff40000000
core   0: 0x000000008000481c (0x0afdfdd3) fsub.d  fs11, fs11, fa5
core   0: 1 0x000000008000481c (0x0afdfdd3) f27 0x8000000000000000
core   0: 0x0000000080004820 (0x0bcb7b53) fsub.d  fs6, fs6, ft8
core   0: 1 0x0000000080004820 (0x0bcb7b53) f22 0xc0a3fe0000000000
core   0: 0x0000000080004824 (0x03fcd213) srli    tp, s9, 63
core   0: 1 0x0000000080004824 (0x03fcd213) x4  0x0000000000000000
core   0: 0x0000000080004828 (0x40385b1b) sraiw   s6, a6, 3
core   0: 1 0x0000000080004828 (0x40385b1b) x22 0x0000000000000000
core   0: 0x000000008000482c (0xa3fb0cd3) fle.d   s9, fs6, ft11
core   0: 1 0x000000008000482c (0xa3fb0cd3) c1_fflags 0x0000000000000013 x25 0x0000000000000000
core   0: 0x0000000080004830 (0x01631d33) sll     s10, t1, s6
core   0: 1 0x0000000080004830 (0x01631d33) x26 0xffffffff9456d000
core   0: 0x0000000080004834 (0x01216133) or      sp, sp, s2
core   0: 1 0x0000000080004834 (0x01216133) x2  0xffffffff9456d002
core   0: 0x0000000080004838 (0xfffd8c9b) addiw   s9, s11, -1
core   0: 1 0x0000000080004838 (0xfffd8c9b) x25 0x000000000fffffff
core   0: 0x000000008000483c (0x032d87b3) mul     a5, s11, s2
core   0: 1 0x000000008000483c (0x032d87b3) x15 0xf9456d0000000000
core   0: 0x0000000080004840 (0x0ff0000f) fence   iorw,iorw
core   0: 1 0x0000000080004840 (0x0ff0000f)
core   0: 0x0000000080004844 (0x948cc213) xori    tp, s9, -1720
core   0: 1 0x0000000080004844 (0x948cc213) x4  0xfffffffff00006b7
core   0: 0x0000000080004848 (0x002bdbbb) srlw    s7, s7, sp
core   0: 1 0x0000000080004848 (0x002bdbbb) x23 0x0000000000000000
core   0: 0x000000008000484c (0x4012de13) srai    t3, t0, 1
core   0: 1 0x000000008000484c (0x4012de13) x28 0x20f7bc4c1446a4a1
core   0: 0x0000000080004850 (0xc2b87ccf) fnmadd.d fs9, fa6, fa1, fs8
core   0: 1 0x0000000080004850 (0xc2b87ccf) f25 0x7ff8000000000000
core   0: 0x0000000080004854 (0xcad7b213) sltiu   tp, a5, -851
core   0: 1 0x0000000080004854 (0xcad7b213) x4  0x0000000000000001
core   0: 0x0000000080004858 (0x420500d3) fcvt.d.s ft1, fa0
core   0: 1 0x0000000080004858 (0x420500d3) f1  0x7ff8000000000000
core   0: 0x000000008000485c (0xc22b76d3) fcvt.l.d a3, fs6
core   0: 1 0x000000008000485c (0xc22b76d3) x13 0xfffffffffffff601
core   0: 0x0000000080004860 (0xc03b7a53) fcvt.lu.s s4, fs6
core   0: 1 0x0000000080004860 (0xc03b7a53) c1_fflags 0x0000000000000013 x20 0xffffffffffffffff
core   0: 0x0000000080004864 (0xd0337c53) fcvt.s.lu fs8, t1
core   0: 1 0x0000000080004864 (0xd0337c53) c1_fflags 0x0000000000000013 f24 0xffffffff5f7fffff
core   0: 0x0000000080004868 (0xc22cfcd3) fcvt.l.d s9, fs9
core   0: 1 0x0000000080004868 (0xc22cfcd3) c1_fflags 0x0000000000000013 x25 0x7fffffffffffffff
core   0: 0x000000008000486c (0xd20b8153) fcvt.d.w ft2, s7
core   0: 1 0x000000008000486c (0xd20b8153) f2  0x0000000000000000
core   0: 0x0000000080004870 (0x07b8ce13) xori    t3, a7, 123
core   0: 1 0x0000000080004870 (0x07b8ce13) x28 0xffffffff9456c2d3
core   0: 0x0000000080004874 (0x025b0abb) mulw    s5, s6, t0
core   0: 1 0x0000000080004874 (0x025b0abb) x21 0x0000000000000000
core   0: 0x0000000080004878 (0x01c8d8b3) srl     a7, a7, t3
core   0: 1 0x0000000080004878 (0x01c8d8b3) x17 0x00001ffffffff28a
core   0: 0x000000008000487c (0x007ada9b) srliw   s5, s5, 7
core   0: 1 0x000000008000487c (0x007ada9b) x21 0x0000000000000000
core   0: 0x0000000080004880 (0x03c9c9b3) div     s3, s3, t3
core   0: 1 0x0000000080004880 (0x03c9c9b3) x19 0x0000000000000000
core   0: 0x0000000080004884 (0x418b80b3) sub     ra, s7, s8
core   0: 1 0x0000000080004884 (0x418b80b3) x1  0xffffffff0ecf200e
core   0: 0x0000000080004888 (0x41bb8db3) sub     s11, s7, s11
core   0: 1 0x0000000080004888 (0x41bb8db3) x27 0xfffffffff0000000
core   0: 0x000000008000488c (0x2bb51553) fmax.d  fa0, fa0, fs11
core   0: 1 0x000000008000488c (0x2bb51553) f10 0x0000000000000000
core   0: 0x0000000080004890 (0xc22579d3) fcvt.l.d s3, fa0
core   0: 1 0x0000000080004890 (0xc22579d3) x19 0x0000000000000000
core   0: 0x0000000080004894 (0x12ec4c93) xori    s9, s8, 302
core   0: 1 0x0000000080004894 (0x12ec4c93) x25 0x00000000f130dedc
core   0: 0x0000000080004898 (0x40f10e33) sub     t3, sp, a5
core   0: 1 0x0000000080004898 (0x40f10e33) x28 0x06ba92ff9456d002
core   0: 0x000000008000489c (0x000706bb) addw    a3, a4, zero
core   0: 1 0x000000008000489c (0x000706bb) x13 0xfffffffff130d5f2
core   0: 0x00000000800048a0 (0x01705bb3) srl     s7, zero, s7
core   0: 1 0x00000000800048a0 (0x01705bb3) x23 0x0000000000000000
core   0: 0x00000000800048a4 (0x0005dcb3) srl     s9, a1, zero
core   0: 1 0x00000000800048a4 (0x0005dcb3) x25 0x00000000f130d5f3
core   0: 0x00000000800048a8 (0x1b81fa53) fdiv.d  fs4, ft3, fs8
core   0: 1 0x00000000800048a8 (0x1b81fa53) f20 0x7ff8000000000000
core   0: 0x00000000800048ac (0x013749b3) xor     s3, a4, s3
core   0: 1 0x00000000800048ac (0x013749b3) x19 0x00000000f130d5f2
core   0: 0x00000000800048b0 (0xd22777d3) fcvt.d.l fa5, a4
core   0: 1 0x00000000800048b0 (0xd22777d3) f15 0x41ee261abe400000
core   0: 0x00000000800048b4 (0x41c3de33) sra     t3, t2, t3
core   0: 1 0x00000000800048b4 (0x41c3de33) x28 0x0000000000000000
core   0: 0x00000000800048b8 (0x414e0a3b) subw    s4, t3, s4
core   0: 1 0x00000000800048b8 (0x414e0a3b) x20 0x0000000000000001
core   0: 0x00000000800048bc (0xa2f5f943) fmadd.d fs2, fa1, fa5, fs4
core   0: 1 0x00000000800048bc (0xa2f5f943) f18 0x7ff8000000000000
core   0: 0x00000000800048c0 (0xe20306d3) fmv.x.d a3, ft6
core   0: 1 0x00000000800048c0 (0xe20306d3) x13 0x7ff8000000000000
core   0: 0x00000000800048c4 (0xf13d1873) csrrw   a6, mimpid, s10
core   0: exception trap_illegal_instruction, epc 0x00000000800048c4
core   0:           tval 0x00000000f13d1873
core   0: >>>>  $xrv64i2p1_m2p0_a2p1_f2p2_d2p2_zicsr2p0_zifencei2p0_zmmul1p0_zba1p0_zbb1p0_zbc1p0_zbs1p0
core   0: 0x0000000080004000 (0x0080006f) j       pc + 0x8
core   0: 3 0x0000000080004000 (0x0080006f)
core   0: >>>>  mmode_exception_handler
core   0: 0x0000000080004008 (0x00002c17) auipc   s8, 0x2
core   0: 3 0x0000000080004008 (0x00002c17) x24 0x0000000080006008
core   0: 0x000000008000400c (0xfaac0c13) addi    s8, s8, -86
core   0: 3 0x000000008000400c (0xfaac0c13) x24 0x0000000080005fb2
core   0: 0x0000000080004010 (0x000c00e7) jalr    s8
core   0: 3 0x0000000080004010 (0x000c00e7) x1  0x0000000080004014
core   0: >>>>  any_handler
core   0: 0x0000000080005fb2 (0x341027f3) csrrs   a5, mepc, zero
core   0: 3 0x0000000080005fb2 (0x341027f3) x15 0x00000000800048c4
core   0: 0x0000000080005fb6 (0x34202773) csrrs   a4, mcause, zero
core   0: 3 0x0000000080005fb6 (0x34202773) x14 0x0000000000000002
core   0: 0x0000000080005fba (0x142026f3) csrrs   a3, scause, zero
core   0: 3 0x0000000080005fba (0x142026f3) x13 0x0000000000000000
core   0: 0x0000000080005fbe (0x30402673) csrrs   a2, mie, zero
core   0: 3 0x0000000080005fbe (0x30402673) x12 0x0000000000000a00
core   0: 0x0000000080005fc2 (0x344025f3) csrrs   a1, mip, zero
core   0: 3 0x0000000080005fc2 (0x344025f3) x11 0x0000000000000080
core   0: 0x0000000080005fc6 (0x343025f3) csrrs   a1, mtval, zero
core   0: 3 0x0000000080005fc6 (0x343025f3) x11 0x00000000f13d1873
core   0: 0x0000000080005fca (0x14302573) csrrs   a0, stval, zero
core   0: 3 0x0000000080005fca (0x14302573) x10 0x0000000000000000
core   0: 0x0000000080005fce (0xb02024f3) csrrs   s1, minstret, zero
core   0: 3 0x0000000080005fce (0xb02024f3) x9  0x0000000000000abe
core   0: 0x0000000080005fd2 (0x0000a811) c.j     pc + 20
core   0: 3 0x0000000080005fd2 (0xa811)
core   0: >>>>  mepc_4
core   0: 0x0000000080005fe6 (0x00000791) c.addi  a5, 4
core   0: 3 0x0000000080005fe6 (0x0791) x15 0x00000000800048c8
core   0: 0x0000000080005fe8 (0x34179073) csrrw   zero, mepc, a5
core   0: 3 0x0000000080005fe8 (0x34179073) c833_mepc 0x00000000800048c8
core   0: 0x0000000080005fec (0x30200073) mret
core   0: 3 0x0000000080005fec (0x30200073) c768_mstatus 0x8000000a00106080
core   0: 0x00000000800048c8 (0x00799a1b) slliw   s4, s3, 7
core   0: 1 0x00000000800048c8 (0x00799a1b) x20 0xffffffff986af900
core   0: 0x00000000800048cc (0x00320713) addi    a4, tp, 3
core   0: 1 0x00000000800048cc (0x00320713) x14 0x0000000000000004
core   0: 0x00000000800048d0 (0x00f0e033) or      zero, ra, a5
core   0: 1 0x00000000800048d0 (0x00f0e033)
core   0: 0x00000000800048d4 (0x02407233) remu    tp, zero, tp
core   0: 1 0x00000000800048d4 (0x02407233) x4  0x0000000000000000
core   0: 0x00000000800048d8 (0x01a27533) and     a0, tp, s10
core   0: 1 0x00000000800048d8 (0x01a27533) x10 0x0000000000000000
core   0: 0x00000000800048dc (0x00a710bb) sllw    ra, a4, a0
core   0: 1 0x00000000800048dc (0x00a710bb) x1  0x0000000000000004
core   0: 0x00000000800048e0 (0x53497bcb) fnmsub.d fs7, fs2, fs4, fa0
core   0: 1 0x00000000800048e0 (0x53497bcb) f23 0x7ff8000000000000
core   0: 0x00000000800048e4 (0x0001f193) andi    gp, gp, 0
core   0: 1 0x00000000800048e4 (0x0001f193) x3  0x0000000000000000
core   0: 0x00000000800048e8 (0x14361c73) csrrw   s8, stval, a2
core   0: 1 0x00000000800048e8 (0x14361c73) x24 0x0000000000000000 c323_stval 0x0000000000000a00
core   0: 0x00000000800048ec (0xd20c0253) fcvt.d.w ft4, s8
core   0: 1 0x00000000800048ec (0xd20c0253) f4  0x0000000000000000
core   0: 0x00000000800048f0 (0x800e0513) addi    a0, t3, -2048
core   0: 1 0x00000000800048f0 (0x800e0513) x10 0xfffffffffffff800
core   0: 0x00000000800048f4 (0xf302714b) fnmsub.d ft2, ft4, fa6, ft10
core   0: 1 0x00000000800048f4 (0xf302714b) f2  0x7ff8000000000000
core   0: 0x00000000800048f8 (0x1a7d7bd3) fdiv.d  fs7, fs10, ft7
core   0: 1 0x00000000800048f8 (0x1a7d7bd3) f23 0x7ff8000000000000
core   0: 0x00000000800048fc (0x0000d09b) srliw   ra, ra, 0
core   0: 1 0x00000000800048fc (0x0000d09b) x1  0x0000000000000004
core   0: 0x0000000080004900 (0x00000001) c.nop
core   0: 1 0x0000000080004900 (0x0001)
core   0: 0x0000000080004902 (0x018c1b3b) sllw    s6, s8, s8
core   0: 1 0x0000000080004902 (0x018c1b3b) x22 0x0000000000000000
core   0: 0x0000000080004906 (0x00e78a33) add     s4, a5, a4
core   0: 1 0x0000000080004906 (0x00e78a33) x20 0x00000000800048cc
core   0: 0x000000008000490a (0x014cd73b) srlw    a4, s9, s4
core   0: 1 0x000000008000490a (0x014cd73b) x14 0x00000000000f130d
core   0: 0x000000008000490e (0x02727e53) fadd.d  ft8, ft4, ft7
core   0: 1 0x000000008000490e (0x02727e53) f28 0xc3efffffffffffff
core   0: 0x0000000080004912 (0x22291453) fsgnjn.d fs0, fs2, ft2
core   0: 1 0x0000000080004912 (0x22291453) f8  0xfff8000000000000
core   0: 0x0000000080004916 (0x40cb58bb) sraw    a7, s6, a2
core   0: 1 0x0000000080004916 (0x40cb58bb) x17 0x0000000000000000
core   0: 0x000000008000491a (0x001d501b) srliw   zero, s10, 1
core   0: 1 0x000000008000491a (0x001d501b)
core   0: 0x000000008000491e (0xfe6d53b7) lui     t2, 0xfe6d5
core   0: 1 0x000000008000491e (0xfe6d53b7) x7  0xfffffffffe6d5000
core   0: 0x0000000080004922 (0x0000338d) c.addiw t2, -29
core   0: 1 0x0000000080004922 (0x338d) x7  0xfffffffffe6d4fe3
core   0: 0x0000000080004924 (0x000003b2) c.slli  t2, 12
core   0: 1 0x0000000080004924 (0x03b2) x7  0xffffffe6d4fe3000
core   0: 0x0000000080004926 (0xc0538393) addi    t2, t2, -1019
core   0: 1 0x0000000080004926 (0xc0538393) x7  0xffffffe6d4fe2c05
core   0: 0x000000008000492a (0x02d056bb) divuw   a3, zero, a3
core   0: 1 0x000000008000492a (0x02d056bb) x13 0xffffffffffffffff
core   0: 0x000000008000492e (0x0016d19b) srliw   gp, a3, 1
core   0: 1 0x000000008000492e (0x0016d19b) x3  0x000000007fffffff
core   0: 0x0000000080004932 (0x40d1d0bb) sraw    ra, gp, a3
core   0: 1 0x0000000080004932 (0x40d1d0bb) x1  0x0000000000000000
core   0: 0x0000000080004936 (0x2368af53) fsgnjx.d ft10, fa7, fs6
core   0: 1 0x0000000080004936 (0x2368af53) f30 0xfff8000000000000
core   0: 0x000000008000493a (0x011b5d13) srli    s10, s6, 17
core   0: 1 0x000000008000493a (0x011b5d13) x26 0x0000000000000000
core   0: 0x000000008000493e (0x0369d333) divu    t1, s3, s6
core   0: 1 0x000000008000493e (0x0369d333) x6  0xffffffffffffffff
core   0: 0x0000000080004942 (0xf3f1f1cf) fnmadd.d ft3, ft3, ft11, ft10
core   0: 1 0x0000000080004942 (0xf3f1f1cf) f3  0x7ff8000000000000
core   0: 0x0000000080004946 (0x400b5b93) srai    s7, s6, 0
core   0: 1 0x0000000080004946 (0x400b5b93) x23 0x0000000000000000
core   0: 0x000000008000494a (0xc028f9d3) fcvt.l.s s3, fa7
core   0: 1 0x000000008000494a (0xc028f9d3) c1_fflags 0x0000000000000013 x19 0x7fffffffffffffff
core   0: 0x000000008000494e (0x5aa4f4c7) fmsub.d fs1, fs1, fa0, fa1
core   0: 1 0x000000008000494e (0x5aa4f4c7) f9  0x7ff8000000000000
core   0: 0x0000000080004952 (0x425bd113) srai    sp, s7, 37
core   0: 1 0x0000000080004952 (0x425bd113) x2  0x0000000000000000
core   0: 0x0000000080004956 (0x80a50097) auipc   ra, 0x80a50
core   0: 1 0x0000000080004956 (0x80a50097) x1  0x0000000000a54956
core   0: 0x000000008000495a (0x032d1193) slli    gp, s10, 50
core   0: 1 0x000000008000495a (0x032d1193) x3  0x0000000000000000
core   0: 0x000000008000495e (0x0210da33) divu    s4, ra, ra
core   0: 1 0x000000008000495e (0x0210da33) x20 0x0000000000000001
core   0: 0x0000000080004962 (0x02c63033) mulhu   zero, a2, a2
core   0: 1 0x0000000080004962 (0x02c63033)
core   0: 0x0000000080004966 (0x001a159b) slliw   a1, s4, 1
core   0: 1 0x0000000080004966 (0x001a159b) x11 0x0000000000000002
core   0: 0x000000008000496a (0xd221f253) fcvt.d.l ft4, gp
core   0: 1 0x000000008000496a (0xd221f253) f4  0x0000000000000000
core   0: 0x000000008000496e (0x01514ab3) xor     s5, sp, s5
core   0: 1 0x000000008000496e (0x01514ab3) x21 0x0000000000000000
core   0: 0x0000000080004972 (0xd02bf353) fcvt.s.l ft6, s7
core   0: 1 0x0000000080004972 (0xd02bf353) f6  0xffffffff00000000
core   0: 0x0000000080004976 (0x0ff0000f) fence   iorw,iorw
core   0: 1 0x0000000080004976 (0x0ff0000f)
core   0: 0x000000008000497a (0x02d7fb3b) remuw   s6, a5, a3
core   0: 1 0x000000008000497a (0x02d7fb3b) x22 0xffffffff800048c8
core   0: 0x000000008000497e (0x41a0da3b) sraw    s4, ra, s10
core   0: 1 0x000000008000497e (0x41a0da3b) x20 0x0000000000a54956
core   0: 0x0000000080004982 (0x14105ef3) csrrwi  t4, sepc, 0
core   0: 1 0x0000000080004982 (0x14105ef3) x29 0x0000000000000000 c321_sepc 0x0000000000000000
core   0: 0x0000000080004986 (0x420902d3) fcvt.d.s ft5, fs2
core   0: 1 0x0000000080004986 (0x420902d3) f5  0x7ff8000000000000
core   0: 0x000000008000498a (0x89d9c993) xori    s3, s3, -1891
core   0: 1 0x000000008000498a (0x89d9c993) x19 0x8000000000000762
core   0: 0x000000008000498e (0x420908d3) fcvt.d.s fa7, fs2
core   0: 1 0x000000008000498e (0x420908d3) f17 0x7ff8000000000000
core   0: 0x0000000080004992 (0x41d28e3b) subw    t3, t0, t4
core   0: 1 0x0000000080004992 (0x41d28e3b) x28 0x00000000288d4942
core   0: 0x0000000080004996 (0x008b5893) srli    a7, s6, 8
core   0: 1 0x0000000080004996 (0x008b5893) x17 0x00ffffffff800048
core   0: 0x000000008000499a (0xadca7397) auipc   t2, 0xadca7
core   0: 1 0x000000008000499a (0xadca7397) x7  0x000000002dcab99a
core   0: 0x000000008000499e (0x00f01db3) sll     s11, zero, a5
core   0: 1 0x000000008000499e (0x00f01db3) x27 0x0000000000000000
core   0: 0x00000000800049a2 (0x1907049b) addiw   s1, a4, 400
core   0: 1 0x00000000800049a2 (0x1907049b) x9  0x00000000000f149d
core   0: 0x00000000800049a6 (0x23790bd3) fsgnj.d fs7, fs2, fs7
core   0: 1 0x00000000800049a6 (0x23790bd3) f23 0x7ff8000000000000
core   0: 0x00000000800049aa (0x02b0a2b3) mulhsu  t0, ra, a1
core   0: 1 0x00000000800049aa (0x02b0a2b3) x5  0x0000000000000000
core   0: 0x00000000800049ae (0x7ffb071b) addiw   a4, s6, 2047
core   0: 1 0x00000000800049ae (0x7ffb071b) x14 0xffffffff800050c7
core   0: 0x00000000800049b2 (0x00261e73) csrrw   t3, frm, a2
core   0: 1 0x00000000800049b2 (0x00261e73) x28 0x0000000000000002 c2_frm 0x0000000000000000
core   0: 0x00000000800049b6 (0xd2377253) fcvt.d.lu ft4, a4
core   0: 1 0x00000000800049b6 (0xd2377253) c1_fflags 0x0000000000000013 f4  0x43effffffff0000a
core   0: 0x00000000800049ba (0xc0217953) fcvt.l.s s2, ft2
core   0: 1 0x00000000800049ba (0xc0217953) c1_fflags 0x0000000000000013 x18 0x7fffffffffffffff
core   0: 0x00000000800049be (0x039cdb3b) divuw   s6, s9, s9
core   0: 1 0x00000000800049be (0x039cdb3b) x22 0x0000000000000001
core   0: 0x00000000800049c2 (0x00089893) slli    a7, a7, 0
core   0: 1 0x00000000800049c2 (0x00089893) x17 0x00ffffffff800048
core   0: 0x00000000800049c6 (0x2c097313) andi    t1, s2, 704
core   0: 1 0x00000000800049c6 (0x2c097313) x6  0x00000000000002c0
core   0: 0x00000000800049ca (0x015aaeb3) slt     t4, s5, s5
core   0: 1 0x00000000800049ca (0x015aaeb3) x29 0x0000000000000000
core   0: 0x00000000800049ce (0xdadd7dcb) fnmsub.d fs11, fs10, fa3, fs11
core   0: 1 0x00000000800049ce (0xdadd7dcb) f27 0x7ff8000000000000
core   0: 0x00000000800049d2 (0x0ff0000f) fence   iorw,iorw
core   0: 1 0x00000000800049d2 (0x0ff0000f)
core   0: 0x00000000800049d6 (0x406b509b) sraiw   ra, s6, 6
core   0: 1 0x00000000800049d6 (0x406b509b) x1  0x0000000000000000
core   0: 0x00000000800049da (0x40d08c33) sub     s8, ra, a3
core   0: 1 0x00000000800049da (0x40d08c33) x24 0x0000000000000001
core   0: 0x00000000800049de (0x00061693) slli    a3, a2, 0
core   0: 1 0x00000000800049de (0x00061693) x13 0x0000000000000a00
core   0: 0x00000000800049e2 (0x1ed84613) xori    a2, a6, 493
core   0: 1 0x00000000800049e2 (0x1ed84613) x12 0x00000000000001ed
core   0: 0x00000000800049e6 (0x41508abb) subw    s5, ra, s5
core   0: 1 0x00000000800049e6 (0x41508abb) x21 0x0000000000000000
core   0: 0x00000000800049ea (0x018b5a9b) srliw   s5, s6, 24
core   0: 1 0x00000000800049ea (0x018b5a9b) x21 0x0000000000000000
core   0: 0x00000000800049ee (0x41dd8733) sub     a4, s11, t4
core   0: 1 0x00000000800049ee (0x41dd8733) x14 0x0000000000000000
core   0: 0x00000000800049f2 (0xd03efa53) fcvt.s.lu fs4, t4
core   0: 1 0x00000000800049f2 (0xd03efa53) f20 0xffffffff00000000
core   0: 0x00000000800049f6 (0x2a249553) fmax.d  fa0, fs1, ft2
core   0: 1 0x00000000800049f6 (0x2a249553) f10 0x7ff8000000000000
core   0: 0x00000000800049fa (0x420888d3) fcvt.d.s fa7, fa7
core   0: 1 0x00000000800049fa (0x420888d3) f17 0x7ff8000000000000
core   0: 0x00000000800049fe (0xd0217553) fcvt.s.l fa0, sp
core   0: 1 0x00000000800049fe (0xd0217553) f10 0xffffffff00000000
core   0: 0x0000000080004a02 (0x4b6b7b43) fmadd.d fs6, fs6, fs6, fs1
core   0: 1 0x0000000080004a02 (0x4b6b7b43) f22 0x7ff8000000000000
core   0: 0x0000000080004a06 (0x22d14b93) xori    s7, sp, 557
core   0: 1 0x0000000080004a06 (0x22d14b93) x23 0x000000000000022d
core   0: 0x0000000080004a0a (0x0372483b) divw    a6, tp, s7
core   0: 1 0x0000000080004a0a (0x0372483b) x16 0x0000000000000000
core   0: 0x0000000080004a0e (0x030451bb) divuw   gp, s0, a6
core   0: 1 0x0000000080004a0e (0x030451bb) x3  0xffffffffffffffff
core   0: 0x0000000080004a12 (0xc21976d3) fcvt.wu.d a3, fs2
core   0: 1 0x0000000080004a12 (0xc21976d3) c1_fflags 0x0000000000000013 x13 0xffffffffffffffff
core   0: 0x0000000080004a16 (0x18ec9e37) lui     t3, 0x18ec9
core   0: 1 0x0000000080004a16 (0x18ec9e37) x28 0x0000000018ec9000
core   0: 0x0000000080004a1a (0x03bbf63b) remuw   a2, s7, s11
core   0: 1 0x0000000080004a1a (0x03bbf63b) x12 0x000000000000022d
core   0: 0x0000000080004a1e (0x01b60dbb) addw    s11, a2, s11
core   0: 1 0x0000000080004a1e (0x01b60dbb) x27 0x000000000000022d
core   0: 0x0000000080004a22 (0xa2b21bd3) flt.d   s7, ft4, fa1
core   0: 1 0x0000000080004a22 (0xa2b21bd3) x23 0x0000000000000000
core   0: 0x0000000080004a26 (0x2b879c53) fmax.d  fs8, fa5, fs8
core   0: 1 0x0000000080004a26 (0x2b879c53) f24 0x41ee261abe400000
core   0: 0x0000000080004a2a (0x40a558b3) sra     a7, a0, a0
core   0: 1 0x0000000080004a2a (0x40a558b3) x17 0xfffffffffffff800
core   0: 0x0000000080004a2e (0x00008185) c.srli  a1, 1
core   0: 1 0x0000000080004a2e (0x8185) x11 0x0000000000000001
core   0: 0x0000000080004a30 (0x02b65033) divu    zero, a2, a1
core   0: 1 0x0000000080004a30 (0x02b65033)
core   0: 0x0000000080004a34 (0x00e91893) slli    a7, s2, 14
core   0: 1 0x0000000080004a34 (0x00e91893) x17 0xffffffffffffc000
core   0: 0x0000000080004a38 (0x3036b7f3) csrrc   a5, mideleg, a3
core   0: exception trap_illegal_instruction, epc 0x0000000080004a38
core   0:           tval 0x000000003036b7f3
core   0: >>>>  $xrv64i2p1_m2p0_a2p1_f2p2_d2p2_zicsr2p0_zifencei2p0_zmmul1p0_zba1p0_zbb1p0_zbc1p0_zbs1p0
core   0: 0x0000000080004000 (0x0080006f) j       pc + 0x8
core   0: 3 0x0000000080004000 (0x0080006f)
core   0: >>>>  mmode_exception_handler
core   0: 0x0000000080004008 (0x00002c17) auipc   s8, 0x2
core   0: 3 0x0000000080004008 (0x00002c17) x24 0x0000000080006008
core   0: 0x000000008000400c (0xfaac0c13) addi    s8, s8, -86
core   0: 3 0x000000008000400c (0xfaac0c13) x24 0x0000000080005fb2
core   0: 0x0000000080004010 (0x000c00e7) jalr    s8
core   0: 3 0x0000000080004010 (0x000c00e7) x1  0x0000000080004014
core   0: >>>>  any_handler
core   0: 0x0000000080005fb2 (0x341027f3) csrrs   a5, mepc, zero
core   0: 3 0x0000000080005fb2 (0x341027f3) x15 0x0000000080004a38
core   0: 0x0000000080005fb6 (0x34202773) csrrs   a4, mcause, zero
core   0: 3 0x0000000080005fb6 (0x34202773) x14 0x0000000000000002
core   0: 0x0000000080005fba (0x142026f3) csrrs   a3, scause, zero
core   0: 3 0x0000000080005fba (0x142026f3) x13 0x0000000000000000
core   0: 0x0000000080005fbe (0x30402673) csrrs   a2, mie, zero
core   0: 3 0x0000000080005fbe (0x30402673) x12 0x0000000000000a00
core   0: 0x0000000080005fc2 (0x344025f3) csrrs   a1, mip, zero
core   0: 3 0x0000000080005fc2 (0x344025f3) x11 0x0000000000000080
core   0: 0x0000000080005fc6 (0x343025f3) csrrs   a1, mtval, zero
core   0: 3 0x0000000080005fc6 (0x343025f3) x11 0x000000003036b7f3
core   0: 0x0000000080005fca (0x14302573) csrrs   a0, stval, zero
core   0: 3 0x0000000080005fca (0x14302573) x10 0x0000000000000a00
core   0: 0x0000000080005fce (0xb02024f3) csrrs   s1, minstret, zero
core   0: 3 0x0000000080005fce (0xb02024f3) x9  0x0000000000000b2c
core   0: 0x0000000080005fd2 (0x0000a811) c.j     pc + 20
core   0: 3 0x0000000080005fd2 (0xa811)
core   0: >>>>  mepc_4
core   0: 0x0000000080005fe6 (0x00000791) c.addi  a5, 4
core   0: 3 0x0000000080005fe6 (0x0791) x15 0x0000000080004a3c
core   0: 0x0000000080005fe8 (0x34179073) csrrw   zero, mepc, a5
core   0: 3 0x0000000080005fe8 (0x34179073) c833_mepc 0x0000000080004a3c
core   0: 0x0000000080005fec (0x30200073) mret
core   0: 3 0x0000000080005fec (0x30200073) c768_mstatus 0x8000000a00106080
core   0: 0x0000000080004a3c (0x4018f653) fcvt.s.d fa2, fa7
core   0: 1 0x0000000080004a3c (0x4018f653) f12 0xffffffff7fc00000
core   0: 0x0000000080004a40 (0xf20a0cd3) fmv.d.x fs9, s4
core   0: 1 0x0000000080004a40 (0xf20a0cd3) f25 0x0000000000a54956
core   0: 0x0000000080004a44 (0x0386cc3b) divw    s8, a3, s8
core   0: 1 0x0000000080004a44 (0x0386cc3b) x24 0x0000000000000000
core   0: 0x0000000080004a48 (0xfff3e693) ori     a3, t2, -1
core   0: 1 0x0000000080004a48 (0xfff3e693) x13 0xffffffffffffffff
core   0: 0x0000000080004a4c (0xfea2fd37) lui     s10, 0xfea2f
core   0: 1 0x0000000080004a4c (0xfea2fd37) x26 0xfffffffffea2f000
core   0: 0x0000000080004a50 (0x501d0d1b) addiw   s10, s10, 1281
core   0: 1 0x0000000080004a50 (0x501d0d1b) x26 0xfffffffffea2f501
core   0: 0x0000000080004a54 (0x00000d32) c.slli  s10, 12
core   0: 1 0x0000000080004a54 (0x0d32) x26 0xffffffea2f501000
core   0: 0x0000000080004a56 (0x8acd0d13) addi    s10, s10, -1876
core   0: 1 0x0000000080004a56 (0x8acd0d13) x26 0xffffffea2f5008ac
core   0: 0x0000000080004a5a (0xd2227cd3) fcvt.d.l fs9, tp
core   0: 1 0x0000000080004a5a (0xd2227cd3) f25 0x0000000000000000
core   0: 0x0000000080004a5e (0xc036f053) fcvt.lu.s zero, fa3
core   0: 1 0x0000000080004a5e (0xc036f053) c1_fflags 0x0000000000000013
core   0: 0x0000000080004a62 (0x00000001) c.nop
core   0: 1 0x0000000080004a62 (0x0001)
core   0: 0x0000000080004a64 (0x00000001) c.nop
core   0: 1 0x0000000080004a64 (0x0001)
core   0: 0x0000000080004a66 (0xf85ab637) lui     a2, 0xf85ab
core   0: 1 0x0000000080004a66 (0xf85ab637) x12 0xfffffffff85ab000
core   0: 0x0000000080004a6a (0x02d5753b) remuw   a0, a0, a3
core   0: 1 0x0000000080004a6a (0x02d5753b) x10 0x0000000000000a00
core   0: 0x0000000080004a6e (0x401cf5d3) fcvt.s.d fa1, fs9
core   0: 1 0x0000000080004a6e (0x401cf5d3) f11 0xffffffff00000000
core   0: 0x0000000080004a72 (0x001086bb) addw    a3, ra, ra
core   0: 1 0x0000000080004a72 (0x001086bb) x13 0x0000000000008028
core   0: 0x0000000080004a76 (0x400001b3) sub     gp, zero, zero
core   0: 1 0x0000000080004a76 (0x400001b3) x3  0x0000000000000000
core   0: 0x0000000080004a7a (0x00929b13) slli    s6, t0, 9
core   0: 1 0x0000000080004a7a (0x00929b13) x22 0x0000000000000000
core   0: 0x0000000080004a7e (0x00617db3) and     s11, sp, t1
core   0: 1 0x0000000080004a7e (0x00617db3) x27 0x0000000000000000
core   0: 0x0000000080004a82 (0x0003531b) srliw   t1, t1, 0
core   0: 1 0x0000000080004a82 (0x0003531b) x6  0x00000000000002c0
core   0: 0x0000000080004a86 (0x0286c5b3) div     a1, a3, s0
core   0: 1 0x0000000080004a86 (0x0286c5b3) x11 0x0000000000000000
core   0: 0x0000000080004a8a (0x4053dab3) sra     s5, t2, t0
core   0: 1 0x0000000080004a8a (0x4053dab3) x21 0x000000002dcab99a
core   0: 0x0000000080004a8e (0x022dd23b) divuw   tp, s11, sp
core   0: 1 0x0000000080004a8e (0x022dd23b) x4  0xffffffffffffffff
core   0: 0x0000000080004a92 (0xc226f353) fcvt.l.d t1, fa3
core   0: 1 0x0000000080004a92 (0xc226f353) c1_fflags 0x0000000000000013 x6  0x7fffffffffffffff
core   0: 0x0000000080004a96 (0x0315d8b3) divu    a7, a1, a7
core   0: 1 0x0000000080004a96 (0x0315d8b3) x17 0x0000000000000000
core   0: 0x0000000080004a9a (0x2ab79dd3) fmax.d  fs11, fa5, fa1
core   0: 1 0x0000000080004a9a (0x2ab79dd3) f27 0x41ee261abe400000
core   0: 0x0000000080004a9e (0xd2188b53) fcvt.d.wu fs6, a7
core   0: 1 0x0000000080004a9e (0xd2188b53) f22 0x0000000000000000
core   0: 0x0000000080004aa2 (0xd2337253) fcvt.d.lu ft4, t1
core   0: 1 0x0000000080004aa2 (0xd2337253) c1_fflags 0x0000000000000013 f4  0x43e0000000000000
core   0: 0x0000000080004aa6 (0xfa6e734b) fnmsub.d ft6, ft8, ft6, ft11
core   0: 1 0x0000000080004aa6 (0xfa6e734b) f6  0x7ff8000000000000
core   0: 0x0000000080004aaa (0x2af31853) fmax.d  fa6, ft6, fa5
core   0: 1 0x0000000080004aaa (0x2af31853) f16 0x41ee261abe400000
core   0: 0x0000000080004aae (0x40c886bb) subw    a3, a7, a2
core   0: 1 0x0000000080004aae (0x40c886bb) x13 0x0000000007a55000
core   0: 0x0000000080004ab2 (0x02b062b3) rem     t0, zero, a1
core   0: 1 0x0000000080004ab2 (0x02b062b3) x5  0x0000000000000000
core   0: 0x0000000080004ab6 (0x013bac33) slt     s8, s7, s3
core   0: 1 0x0000000080004ab6 (0x013bac33) x24 0x0000000000000000
core   0: 0x0000000080004aba (0x8b65ffc7) fmsub.d ft11, fa1, fs6, fa7
core   0: 1 0x0000000080004aba (0x8b65ffc7) f31 0x7ff8000000000000
core   0: 0x0000000080004abe (0x0375cdbb) divw    s11, a1, s7
core   0: 1 0x0000000080004abe (0x0375cdbb) x27 0xffffffffffffffff
core   0: 0x0000000080004ac2 (0x031c6133) rem     sp, s8, a7
core   0: 1 0x0000000080004ac2 (0x031c6133) x2  0x0000000000000000
core   0: 0x0000000080004ac6 (0x01c392b3) sll     t0, t2, t3
core   0: 1 0x0000000080004ac6 (0x01c392b3) x5  0x000000002dcab99a
core   0: 0x0000000080004aca (0xd1fe9437) lui     s0, 0xd1fe9
core   0: 1 0x0000000080004aca (0xd1fe9437) x8  0xffffffffd1fe9000
core   0: 0x0000000080004ace (0x0098f6b3) and     a3, a7, s1
core   0: 1 0x0000000080004ace (0x0098f6b3) x13 0x0000000000000000
core   0: 0x0000000080004ad2 (0x02b13433) mulhu   s0, sp, a1
core   0: 1 0x0000000080004ad2 (0x02b13433) x8  0x0000000000000000
core   0: 0x0000000080004ad6 (0x43fad013) srai    zero, s5, 63
core   0: 1 0x0000000080004ad6 (0x43fad013)
core   0: 0x0000000080004ada (0xf2060853) fmv.d.x fa6, a2
core   0: 1 0x0000000080004ada (0xf2060853) f16 0xfffffffff85ab000
core   0: 0x0000000080004ade (0xc0267753) fcvt.l.s a4, fa2
core   0: 1 0x0000000080004ade (0xc0267753) c1_fflags 0x0000000000000013 x14 0x7fffffffffffffff
core   0: 0x0000000080004ae2 (0x000b9b93) slli    s7, s7, 0
core   0: 1 0x0000000080004ae2 (0x000b9b93) x23 0x0000000000000000
core   0: 0x0000000080004ae6 (0x0165ab33) slt     s6, a1, s6
core   0: 1 0x0000000080004ae6 (0x0165ab33) x22 0x0000000000000000
core   0: 0x0000000080004aea (0x17ecfa13) andi    s4, s9, 382
core   0: 1 0x0000000080004aea (0x17ecfa13) x20 0x0000000000000172
core   0: 0x0000000080004aee (0x13e7f7d3) fmul.d  fa5, fa5, ft10
core   0: 1 0x0000000080004aee (0x13e7f7d3) f15 0x7ff8000000000000
core   0: 0x0000000080004af2 (0x00e15133) srl     sp, sp, a4
core   0: 1 0x0000000080004af2 (0x00e15133) x2  0x0000000000000000
core   0: 0x0000000080004af6 (0x029108b3) mul     a7, sp, s1
core   0: 1 0x0000000080004af6 (0x029108b3) x17 0x0000000000000000
core   0: 0x0000000080004afa (0x400e5513) srai    a0, t3, 0
core   0: 1 0x0000000080004afa (0x400e5513) x10 0x0000000018ec9000
core   0: 0x0000000080004afe (0x00ac7db3) and     s11, s8, a0
core   0: 1 0x0000000080004afe (0x00ac7db3) x27 0x0000000000000000
core   0: 0x0000000080004b02 (0x0258ed3b) remw    s10, a7, t0
core   0: 1 0x0000000080004b02 (0x0258ed3b) x26 0x0000000000000000
core   0: 0x0000000080004b06 (0x1b0a70d3) fdiv.d  ft1, fs4, fa6
core   0: 1 0x0000000080004b06 (0x1b0a70d3) f1  0x7ff8000000000000
core   0: 0x0000000080004b0a (0xcd9260b7) lui     ra, 0xcd926
core   0: 1 0x0000000080004b0a (0xcd9260b7) x1  0xffffffffcd926000
core   0: 0x0000000080004b0e (0x408b85bb) subw    a1, s7, s0
core   0: 1 0x0000000080004b0e (0x408b85bb) x11 0x0000000000000000
core   0: 0x0000000080004b12 (0x02480933) mul     s2, a6, tp
core   0: 1 0x0000000080004b12 (0x02480933) x18 0x0000000000000000
core   0: 0x0000000080004b16 (0xd0287d53) fcvt.s.l fs10, a6
core   0: 1 0x0000000080004b16 (0xd0287d53) f26 0xffffffff00000000
core   0: 0x0000000080004b1a (0x0ff0000f) fence   iorw,iorw
core   0: 1 0x0000000080004b1a (0x0ff0000f)
core   0: 0x0000000080004b1e (0x02206033) rem     zero, zero, sp
core   0: 1 0x0000000080004b1e (0x02206033)
core   0: 0x0000000080004b22 (0x67d47093) andi    ra, s0, 1661
core   0: 1 0x0000000080004b22 (0x67d47093) x1  0x0000000000000000
core   0: 0x0000000080004b26 (0x00181073) csrrw   zero, fflags, a6
core   0: 1 0x0000000080004b26 (0x00181073) c1_fflags 0x0000000000000000
core   0: 0x0000000080004b2a (0x2b9095d3) fmax.d  fa1, ft1, fs9
core   0: 1 0x0000000080004b2a (0x2b9095d3) f11 0x0000000000000000
core   0: 0x0000000080004b2e (0x410803bb) subw    t2, a6, a6
core   0: 1 0x0000000080004b2e (0x410803bb) x7  0x0000000000000000
core   0: 0x0000000080004b32 (0x00008d8d) c.sub   a1, a1
core   0: 1 0x0000000080004b32 (0x8d8d) x11 0x0000000000000000
core   0: 0x0000000080004b34 (0xd039f2d3) fcvt.s.lu ft5, s3
core   0: 1 0x0000000080004b34 (0xd039f2d3) c1_fflags 0x0000000000000001 f5  0xffffffff5f000000
core   0: 0x0000000080004b38 (0x001a1273) csrrw   tp, fflags, s4
core   0: 1 0x0000000080004b38 (0x001a1273) x4  0x0000000000000001 c1_fflags 0x0000000000000012
core   0: 0x0000000080004b3c (0x43fc0c1b) addiw   s8, s8, 1087
core   0: 1 0x0000000080004b3c (0x43fc0c1b) x24 0x000000000000043f
core   0: 0x0000000080004b40 (0xd20201d3) fcvt.d.w ft3, tp
core   0: 1 0x0000000080004b40 (0xd20201d3) f3  0x3ff0000000000000
core   0: 0x0000000080004b44 (0x01f8169b) slliw   a3, a6, 31
core   0: 1 0x0000000080004b44 (0x01f8169b) x13 0x0000000000000000
core   0: 0x0000000080004b48 (0x00016eb3) or      t4, sp, zero
core   0: 1 0x0000000080004b48 (0x00016eb3) x29 0x0000000000000000
core   0: 0x0000000080004b4c (0x306d3b73) csrrc   s6, mcounteren, s10
core   0: exception trap_illegal_instruction, epc 0x0000000080004b4c
core   0:           tval 0x00000000306d3b73
core   0: >>>>  $xrv64i2p1_m2p0_a2p1_f2p2_d2p2_zicsr2p0_zifencei2p0_zmmul1p0_zba1p0_zbb1p0_zbc1p0_zbs1p0
core   0: 0x0000000080004000 (0x0080006f) j       pc + 0x8
core   0: 3 0x0000000080004000 (0x0080006f)
core   0: >>>>  mmode_exception_handler
core   0: 0x0000000080004008 (0x00002c17) auipc   s8, 0x2
core   0: 3 0x0000000080004008 (0x00002c17) x24 0x0000000080006008
core   0: 0x000000008000400c (0xfaac0c13) addi    s8, s8, -86
core   0: 3 0x000000008000400c (0xfaac0c13) x24 0x0000000080005fb2
core   0: 0x0000000080004010 (0x000c00e7) jalr    s8
core   0: 3 0x0000000080004010 (0x000c00e7) x1  0x0000000080004014
core   0: >>>>  any_handler
core   0: 0x0000000080005fb2 (0x341027f3) csrrs   a5, mepc, zero
core   0: 3 0x0000000080005fb2 (0x341027f3) x15 0x0000000080004b4c
core   0: 0x0000000080005fb6 (0x34202773) csrrs   a4, mcause, zero
core   0: 3 0x0000000080005fb6 (0x34202773) x14 0x0000000000000002
core   0: 0x0000000080005fba (0x142026f3) csrrs   a3, scause, zero
core   0: 3 0x0000000080005fba (0x142026f3) x13 0x0000000000000000
core   0: 0x0000000080005fbe (0x30402673) csrrs   a2, mie, zero
core   0: 3 0x0000000080005fbe (0x30402673) x12 0x0000000000000a00
core   0: 0x0000000080005fc2 (0x344025f3) csrrs   a1, mip, zero
core   0: 3 0x0000000080005fc2 (0x344025f3) x11 0x0000000000000080
core   0: 0x0000000080005fc6 (0x343025f3) csrrs   a1, mtval, zero
core   0: 3 0x0000000080005fc6 (0x343025f3) x11 0x00000000306d3b73
core   0: 0x0000000080005fca (0x14302573) csrrs   a0, stval, zero
core   0: 3 0x0000000080005fca (0x14302573) x10 0x0000000000000a00
core   0: 0x0000000080005fce (0xb02024f3) csrrs   s1, minstret, zero
core   0: 3 0x0000000080005fce (0xb02024f3) x9  0x0000000000000b82
core   0: 0x0000000080005fd2 (0x0000a811) c.j     pc + 20
core   0: 3 0x0000000080005fd2 (0xa811)
core   0: >>>>  mepc_4
core   0: 0x0000000080005fe6 (0x00000791) c.addi  a5, 4
core   0: 3 0x0000000080005fe6 (0x0791) x15 0x0000000080004b50
core   0: 0x0000000080005fe8 (0x34179073) csrrw   zero, mepc, a5
core   0: 3 0x0000000080005fe8 (0x34179073) c833_mepc 0x0000000080004b50
core   0: 0x0000000080005fec (0x30200073) mret
core   0: 3 0x0000000080005fec (0x30200073) c768_mstatus 0x8000000a00106080
core   0: 0x0000000080004b50 (0x800d051b) addiw   a0, s10, -2048
core   0: 1 0x0000000080004b50 (0x800d051b) x10 0xfffffffffffff800
core   0: 0x0000000080004b54 (0x03a83233) mulhu   tp, a6, s10
core   0: 1 0x0000000080004b54 (0x03a83233) x4  0x0000000000000000
core   0: 0x0000000080004b58 (0x40aa803b) subw    zero, s5, a0
core   0: 1 0x0000000080004b58 (0x40aa803b)
core   0: 0x0000000080004b5c (0xd23af453) fcvt.d.lu fs0, s5
core   0: 1 0x0000000080004b5c (0xd23af453) f8  0x41c6e55ccd000000
core   0: 0x0000000080004b60 (0x037e6d3b) remw    s10, t3, s7
core   0: 1 0x0000000080004b60 (0x037e6d3b) x26 0x0000000018ec9000
core   0: 0x0000000080004b64 (0x400e511b) sraiw   sp, t3, 0
core   0: 1 0x0000000080004b64 (0x400e511b) x2  0x0000000018ec9000
core   0: 0x0000000080004b68 (0x0270793b) remuw   s2, zero, t2
core   0: 1 0x0000000080004b68 (0x0270793b) x18 0x0000000000000000
core   0: 0x0000000080004b6c (0x03d7fdbb) remuw   s11, a5, t4
core   0: 1 0x0000000080004b6c (0x03d7fdbb) x27 0xffffffff80004b50
core   0: 0x0000000080004b70 (0x2212a053) fsgnjx.d ft0, ft5, ft1
core   0: 1 0x0000000080004b70 (0x2212a053) f0  0xffffffff5f000000
core   0: 0x0000000080004b74 (0x001a16f3) csrrw   a3, fflags, s4
core   0: 1 0x0000000080004b74 (0x001a16f3) x13 0x0000000000000012 c1_fflags 0x0000000000000012
core   0: 0x0000000080004b78 (0x5a65f5c7) fmsub.d fa1, fa1, ft6, fa1
core   0: 1 0x0000000080004b78 (0x5a65f5c7) f11 0x7ff8000000000000
core   0: 0x0000000080004b7c (0x4006d49b) sraiw   s1, a3, 0
core   0: 1 0x0000000080004b7c (0x4006d49b) x9  0x0000000000000012
core   0: 0x0000000080004b80 (0xf11b9873) csrrw   a6, mvendorid, s7
core   0: exception trap_illegal_instruction, epc 0x0000000080004b80
core   0:           tval 0x00000000f11b9873
core   0: >>>>  $xrv64i2p1_m2p0_a2p1_f2p2_d2p2_zicsr2p0_zifencei2p0_zmmul1p0_zba1p0_zbb1p0_zbc1p0_zbs1p0
core   0: 0x0000000080004000 (0x0080006f) j       pc + 0x8
core   0: 3 0x0000000080004000 (0x0080006f)
core   0: >>>>  mmode_exception_handler
core   0: 0x0000000080004008 (0x00002c17) auipc   s8, 0x2
core   0: 3 0x0000000080004008 (0x00002c17) x24 0x0000000080006008
core   0: 0x000000008000400c (0xfaac0c13) addi    s8, s8, -86
core   0: 3 0x000000008000400c (0xfaac0c13) x24 0x0000000080005fb2
core   0: 0x0000000080004010 (0x000c00e7) jalr    s8
core   0: 3 0x0000000080004010 (0x000c00e7) x1  0x0000000080004014
core   0: >>>>  any_handler
core   0: 0x0000000080005fb2 (0x341027f3) csrrs   a5, mepc, zero
core   0: 3 0x0000000080005fb2 (0x341027f3) x15 0x0000000080004b80
core   0: 0x0000000080005fb6 (0x34202773) csrrs   a4, mcause, zero
core   0: 3 0x0000000080005fb6 (0x34202773) x14 0x0000000000000002
core   0: 0x0000000080005fba (0x142026f3) csrrs   a3, scause, zero
core   0: 3 0x0000000080005fba (0x142026f3) x13 0x0000000000000000
core   0: 0x0000000080005fbe (0x30402673) csrrs   a2, mie, zero
core   0: 3 0x0000000080005fbe (0x30402673) x12 0x0000000000000a00
core   0: 0x0000000080005fc2 (0x344025f3) csrrs   a1, mip, zero
core   0: 3 0x0000000080005fc2 (0x344025f3) x11 0x0000000000000080
core   0: 0x0000000080005fc6 (0x343025f3) csrrs   a1, mtval, zero
core   0: 3 0x0000000080005fc6 (0x343025f3) x11 0x00000000f11b9873
core   0: 0x0000000080005fca (0x14302573) csrrs   a0, stval, zero
core   0: 3 0x0000000080005fca (0x14302573) x10 0x0000000000000a00
core   0: 0x0000000080005fce (0xb02024f3) csrrs   s1, minstret, zero
core   0: 3 0x0000000080005fce (0xb02024f3) x9  0x0000000000000b9e
core   0: 0x0000000080005fd2 (0x0000a811) c.j     pc + 20
core   0: 3 0x0000000080005fd2 (0xa811)
core   0: >>>>  mepc_4
core   0: 0x0000000080005fe6 (0x00000791) c.addi  a5, 4
core   0: 3 0x0000000080005fe6 (0x0791) x15 0x0000000080004b84
core   0: 0x0000000080005fe8 (0x34179073) csrrw   zero, mepc, a5
core   0: 3 0x0000000080005fe8 (0x34179073) c833_mepc 0x0000000080004b84
core   0: 0x0000000080005fec (0x30200073) mret
core   0: 3 0x0000000080005fec (0x30200073) c768_mstatus 0x8000000a00106080
core   0: 0x0000000080004b84 (0xc025f353) fcvt.l.s t1, fa1
core   0: 1 0x0000000080004b84 (0xc025f353) c1_fflags 0x0000000000000012 x6  0x7fffffffffffffff
core   0: 0x0000000080004b88 (0x00202b73) csrrs   s6, frm, zero
core   0: 1 0x0000000080004b88 (0x00202b73) x22 0x0000000000000000
core   0: 0x0000000080004b8c (0x02cd98b3) mulh    a7, s11, a2
core   0: 1 0x0000000080004b8c (0x02cd98b3) x17 0xffffffffffffffff
core   0: 0x0000000080004b90 (0x43f55793) srai    a5, a0, 63
core   0: 1 0x0000000080004b90 (0x43f55793) x15 0x0000000000000000
core   0: 0x0000000080004b94 (0x02643333) mulhu   t1, s0, t1
core   0: 1 0x0000000080004b94 (0x02643333) x6  0x0000000000000000
core   0: 0x0000000080004b98 (0xc206fc53) fcvt.w.d s8, fa3
core   0: 1 0x0000000080004b98 (0xc206fc53) c1_fflags 0x0000000000000012 x24 0x000000007fffffff
core   0: 0x0000000080004b9c (0x107dcc93) xori    s9, s11, 263
core   0: 1 0x0000000080004b9c (0x107dcc93) x25 0xffffffff80004a57
core   0: 0x0000000080004ba0 (0x40045613) srai    a2, s0, 0
core   0: 1 0x0000000080004ba0 (0x40045613) x12 0x0000000000000000
core   0: 0x0000000080004ba4 (0xc2067e53) fcvt.w.d t3, fa2
core   0: 1 0x0000000080004ba4 (0xc2067e53) c1_fflags 0x0000000000000012 x28 0x000000007fffffff
core   0: 0x0000000080004ba8 (0x40045493) srai    s1, s0, 0
core   0: 1 0x0000000080004ba8 (0x40045493) x9  0x0000000000000000
core   0: 0x0000000080004bac (0x00042033) slt     zero, s0, zero
core   0: 1 0x0000000080004bac (0x00042033)
core   0: 0x0000000080004bb0 (0x029745b3) div     a1, a4, s1
core   0: 1 0x0000000080004bb0 (0x029745b3) x11 0xffffffffffffffff
core   0: 0x0000000080004bb4 (0xc026fed3) fcvt.l.s t4, fa3
core   0: 1 0x0000000080004bb4 (0xc026fed3) c1_fflags 0x0000000000000012 x29 0x7fffffffffffffff
core   0: 0x0000000080004bb8 (0x41d4d5b3) sra     a1, s1, t4
core   0: 1 0x0000000080004bb8 (0x41d4d5b3) x11 0x0000000000000000
core   0: 0x0000000080004bbc (0x03c9763b) remuw   a2, s2, t3
core   0: 1 0x0000000080004bbc (0x03c9763b) x12 0x0000000000000000
core   0: 0x0000000080004bc0 (0x4089d81b) sraiw   a6, s3, 8
core   0: 1 0x0000000080004bc0 (0x4089d81b) x16 0x0000000000000007
core   0: 0x0000000080004bc4 (0xd0287153) fcvt.s.l ft2, a6
core   0: 1 0x0000000080004bc4 (0xd0287153) f2  0xffffffff40e00000
core   0: 0x0000000080004bc8 (0xf4bbe597) auipc   a1, 0xf4bbe
core   0: 1 0x0000000080004bc8 (0xf4bbe597) x11 0x0000000074bc2bc8
core   0: 0x0000000080004bcc (0x400adb9b) sraiw   s7, s5, 0
core   0: 1 0x0000000080004bcc (0x400adb9b) x23 0x000000002dcab99a
core   0: 0x0000000080004bd0 (0x2b4a1953) fmax.d  fs2, fs4, fs4
core   0: 1 0x0000000080004bd0 (0x2b4a1953) f18 0x7ff8000000000000
core   0: 0x0000000080004bd4 (0x03fd1c13) slli    s8, s10, 63
core   0: 1 0x0000000080004bd4 (0x03fd1c13) x24 0x0000000000000000
core   0: 0x0000000080004bd8 (0x007c1133) sll     sp, s8, t2
core   0: 1 0x0000000080004bd8 (0x007c1133) x2  0x0000000000000000
core   0: 0x0000000080004bdc (0x0301523b) divuw   tp, sp, a6
core   0: 1 0x0000000080004bdc (0x0301523b) x4  0x0000000000000000
core   0: 0x0000000080004be0 (0x4020803b) subw    zero, ra, sp
core   0: 1 0x0000000080004be0 (0x4020803b)
core   0: 0x0000000080004be4 (0x00000001) c.nop
core   0: 1 0x0000000080004be4 (0x0001)
core   0: 0x0000000080004be6 (0xa3747bcf) fnmadd.d fs7, fs0, fs7, fs4
core   0: 1 0x0000000080004be6 (0xa3747bcf) f23 0x7ff8000000000000
core   0: 0x0000000080004bea (0x00000001) c.nop
core   0: 1 0x0000000080004bea (0x0001)
core   0: 0x0000000080004bec (0x02f05cb3) divu    s9, zero, a5
core   0: 1 0x0000000080004bec (0x02f05cb3) x25 0xffffffffffffffff
core   0: 0x0000000080004bf0 (0xc0686a73) csrrsi  s4, hpmcounter6, 16
core   0: exception trap_illegal_instruction, epc 0x0000000080004bf0
core   0:           tval 0x00000000c0686a73
core   0: >>>>  $xrv64i2p1_m2p0_a2p1_f2p2_d2p2_zicsr2p0_zifencei2p0_zmmul1p0_zba1p0_zbb1p0_zbc1p0_zbs1p0
core   0: 0x0000000080004000 (0x0080006f) j       pc + 0x8
core   0: 3 0x0000000080004000 (0x0080006f)
core   0: >>>>  mmode_exception_handler
core   0: 0x0000000080004008 (0x00002c17) auipc   s8, 0x2
core   0: 3 0x0000000080004008 (0x00002c17) x24 0x0000000080006008
core   0: 0x000000008000400c (0xfaac0c13) addi    s8, s8, -86
core   0: 3 0x000000008000400c (0xfaac0c13) x24 0x0000000080005fb2
core   0: 0x0000000080004010 (0x000c00e7) jalr    s8
core   0: 3 0x0000000080004010 (0x000c00e7) x1  0x0000000080004014
core   0: >>>>  any_handler
core   0: 0x0000000080005fb2 (0x341027f3) csrrs   a5, mepc, zero
core   0: 3 0x0000000080005fb2 (0x341027f3) x15 0x0000000080004bf0
core   0: 0x0000000080005fb6 (0x34202773) csrrs   a4, mcause, zero
core   0: 3 0x0000000080005fb6 (0x34202773) x14 0x0000000000000002
core   0: 0x0000000080005fba (0x142026f3) csrrs   a3, scause, zero
core   0: 3 0x0000000080005fba (0x142026f3) x13 0x0000000000000000
core   0: 0x0000000080005fbe (0x30402673) csrrs   a2, mie, zero
core   0: 3 0x0000000080005fbe (0x30402673) x12 0x0000000000000a00
core   0: 0x0000000080005fc2 (0x344025f3) csrrs   a1, mip, zero
core   0: 3 0x0000000080005fc2 (0x344025f3) x11 0x0000000000000080
core   0: 0x0000000080005fc6 (0x343025f3) csrrs   a1, mtval, zero
core   0: 3 0x0000000080005fc6 (0x343025f3) x11 0x00000000c0686a73
core   0: 0x0000000080005fca (0x14302573) csrrs   a0, stval, zero
core   0: 3 0x0000000080005fca (0x14302573) x10 0x0000000000000a00
core   0: 0x0000000080005fce (0xb02024f3) csrrs   s1, minstret, zero
core   0: 3 0x0000000080005fce (0xb02024f3) x9  0x0000000000000bca
core   0: 0x0000000080005fd2 (0x0000a811) c.j     pc + 20
core   0: 3 0x0000000080005fd2 (0xa811)
core   0: >>>>  mepc_4
core   0: 0x0000000080005fe6 (0x00000791) c.addi  a5, 4
core   0: 3 0x0000000080005fe6 (0x0791) x15 0x0000000080004bf4
core   0: 0x0000000080005fe8 (0x34179073) csrrw   zero, mepc, a5
core   0: 3 0x0000000080005fe8 (0x34179073) c833_mepc 0x0000000080004bf4
core   0: 0x0000000080005fec (0x30200073) mret
core   0: 3 0x0000000080005fec (0x30200073) c768_mstatus 0x8000000a00106080
core   0: 0x0000000080004bf4 (0x095c4313) xori    t1, s8, 149
core   0: 1 0x0000000080004bf4 (0x095c4313) x6  0x0000000080005f27
core   0: 0x0000000080004bf8 (0x4a99794b) fnmsub.d fs2, fs2, fs1, fs1
core   0: 1 0x0000000080004bf8 (0x4a99794b) f18 0x7ff8000000000000
core   0: 0x0000000080004bfc (0xc23975d3) fcvt.lu.d a1, fs2
core   0: 1 0x0000000080004bfc (0xc23975d3) c1_fflags 0x0000000000000012 x11 0xffffffffffffffff
core   0: 0x0000000080004c00 (0xc204f553) fcvt.w.d a0, fs1
core   0: 1 0x0000000080004c00 (0xc204f553) c1_fflags 0x0000000000000012 x10 0x000000007fffffff
core   0: 0x0000000080004c04 (0xd02c76d3) fcvt.s.l fa3, s8
core   0: 1 0x0000000080004c04 (0xd02c76d3) c1_fflags 0x0000000000000013 f13 0xffffffff4f000060
core   0: 0x0000000080004c08 (0x020b9e93) slli    t4, s7, 32
core   0: 1 0x0000000080004c08 (0x020b9e93) x29 0x2dcab99a00000000
core   0: 0x0000000080004c0c (0x0003059b) sext.w  a1, t1
core   0: 1 0x0000000080004c0c (0x0003059b) x11 0xffffffff80005f27
core   0: 0x0000000080004c10 (0x03d8073b) mulw    a4, a6, t4
core   0: 1 0x0000000080004c10 (0x03d8073b) x14 0x0000000000000000
core   0: 0x0000000080004c14 (0xc20bf9d3) fcvt.w.d s3, fs7
core   0: 1 0x0000000080004c14 (0xc20bf9d3) c1_fflags 0x0000000000000013 x19 0x000000007fffffff
core   0: 0x0000000080004c18 (0x00000586) c.slli  a1, 1
core   0: 1 0x0000000080004c18 (0x0586) x11 0xffffffff0000be4e
core   0: 0x0000000080004c1a (0x0114a4b3) slt     s1, s1, a7
core   0: 1 0x0000000080004c1a (0x0114a4b3) x9  0x0000000000000000
core   0: 0x0000000080004c1e (0x40c05013) srai    zero, zero, 12
core   0: 1 0x0000000080004c1e (0x40c05013)
core   0: 0x0000000080004c22 (0x001a861b) addiw   a2, s5, 1
core   0: 1 0x0000000080004c22 (0x001a861b) x12 0x000000002dcab99b
core   0: 0x0000000080004c26 (0x23fe18d3) fsgnjn.d fa7, ft8, ft11
core   0: 1 0x0000000080004c26 (0x23fe18d3) f17 0xc3efffffffffffff
core   0: 0x0000000080004c2a (0x6be36b13) ori     s6, t1, 1726
core   0: 1 0x0000000080004c2a (0x6be36b13) x22 0x0000000080005fbf
core   0: 0x0000000080004c2e (0xd233ff53) fcvt.d.lu ft10, t2
core   0: 1 0x0000000080004c2e (0xd233ff53) f30 0x0000000000000000
core   0: 0x0000000080004c32 (0xfc1cf313) andi    t1, s9, -63
core   0: 1 0x0000000080004c32 (0xfc1cf313) x6  0xffffffffffffffc1
core   0: 0x0000000080004c36 (0x40d558b3) sra     a7, a0, a3
core   0: 1 0x0000000080004c36 (0x40d558b3) x17 0x000000007fffffff
core   0: 0x0000000080004c3a (0xd238fa53) fcvt.d.lu fs4, a7
core   0: 1 0x0000000080004c3a (0xd238fa53) f20 0x41dfffffffc00000
core   0: 0x0000000080004c3e (0x4006d033) sra     zero, a3, zero
core   0: 1 0x0000000080004c3e (0x4006d033)
core   0: 0x0000000080004c42 (0x0131f033) and     zero, gp, s3
core   0: 1 0x0000000080004c42 (0x0131f033)
core   0: 0x0000000080004c46 (0x02dc6c33) rem     s8, s8, a3
core   0: 1 0x0000000080004c46 (0x02dc6c33) x24 0x0000000080005fb2
core   0: 0x0000000080004c4a (0x01872733) slt     a4, a4, s8
core   0: 1 0x0000000080004c4a (0x01872733) x14 0x0000000000000001
core   0: 0x0000000080004c4e (0xfffc7013) andi    zero, s8, -1
core   0: 1 0x0000000080004c4e (0xfffc7013)
core   0: 0x0000000080004c52 (0xc02f76d3) fcvt.l.s a3, ft10
core   0: 1 0x0000000080004c52 (0xc02f76d3) c1_fflags 0x0000000000000013 x13 0x7fffffffffffffff
core   0: 0x0000000080004c56 (0xd228f4d3) fcvt.d.l fs1, a7
core   0: 1 0x0000000080004c56 (0xd228f4d3) f9  0x41dfffffffc00000
core   0: 0x0000000080004c5a (0x001519f3) csrrw   s3, fflags, a0
core   0: 1 0x0000000080004c5a (0x001519f3) x19 0x0000000000000013 c1_fflags 0x000000000000001f
core   0: 0x0000000080004c5e (0x0150c733) xor     a4, ra, s5
core   0: 1 0x0000000080004c5e (0x0150c733) x14 0x00000000adcaf98e
core   0: 0x0000000080004c62 (0x0200003b) mulw    zero, zero, zero
core   0: 1 0x0000000080004c62 (0x0200003b)
core   0: 0x0000000080004c66 (0x40735433) sra     s0, t1, t2
core   0: 1 0x0000000080004c66 (0x40735433) x8  0xffffffffffffffc1
core   0: 0x0000000080004c6a (0x00f7d7bb) srlw    a5, a5, a5
core   0: 1 0x0000000080004c6a (0x00f7d7bb) x15 0x0000000000000800
core   0: 0x0000000080004c6e (0xd223fad3) fcvt.d.l fs5, t2
core   0: 1 0x0000000080004c6e (0xd223fad3) f21 0x0000000000000000
core   0: 0x0000000080004c72 (0x001b5693) srli    a3, s6, 1
core   0: 1 0x0000000080004c72 (0x001b5693) x13 0x0000000040002fdf
core   0: 0x0000000080004c76 (0xd026f7d3) fcvt.s.l fa5, a3
core   0: 1 0x0000000080004c76 (0xd026f7d3) c1_fflags 0x000000000000001f f15 0xffffffff4e800060
core   0: 0x0000000080004c7a (0x834a7a47) fmsub.d fs4, fs4, fs4, fa6
core   0: 1 0x0000000080004c7a (0x834a7a47) f20 0x7ff8000000000000
core   0: 0x0000000080004c7e (0x0172961b) slliw   a2, t0, 23
core   0: 1 0x0000000080004c7e (0x0172961b) x12 0xffffffffcd000000
core   0: 0x0000000080004c82 (0xd032fcd3) fcvt.s.lu fs9, t0
core   0: 1 0x0000000080004c82 (0xd032fcd3) c1_fflags 0x000000000000001f f25 0xffffffff4e372ae6
core   0: 0x0000000080004c86 (0x014a0a3b) addw    s4, s4, s4
core   0: 1 0x0000000080004c86 (0x014a0a3b) x20 0x00000000000002e4
core   0: 0x0000000080004c8a (0x0205dbb3) divu    s7, a1, zero
core   0: 1 0x0000000080004c8a (0x0205dbb3) x23 0xffffffffffffffff
core   0: 0x0000000080004c8e (0x4122d6bb) sraw    a3, t0, s2
core   0: 1 0x0000000080004c8e (0x4122d6bb) x13 0x000000002dcab99a
core   0: 0x0000000080004c92 (0x036b3db3) mulhu   s11, s6, s6
core   0: 1 0x0000000080004c92 (0x036b3db3) x27 0x0000000000000000
core   0: 0x0000000080004c96 (0x02b508b3) mul     a7, a0, a1
core   0: 1 0x0000000080004c96 (0x02b508b3) x17 0x80005f27ffff41b2
core   0: 0x0000000080004c9a (0x010d10b7) lui     ra, 0x10d1
core   0: 1 0x0000000080004c9a (0x010d10b7) x1  0x00000000010d1000
core   0: 0x0000000080004c9e (0x3f90809b) addiw   ra, ra, 1017
core   0: 1 0x0000000080004c9e (0x3f90809b) x1  0x00000000010d13f9
core   0: 0x0000000080004ca2 (0x000000b2) c.slli  ra, 12
core   0: 1 0x0000000080004ca2 (0x00b2) x1  0x00000010d13f9000
core   0: 0x0000000080004ca4 (0xed008093) addi    ra, ra, -304
core   0: 1 0x0000000080004ca4 (0xed008093) x1  0x00000010d13f8ed0
core   0: 0x0000000080004ca8 (0x0122f733) and     a4, t0, s2
core   0: 1 0x0000000080004ca8 (0x0122f733) x14 0x0000000000000000
core   0: 0x0000000080004cac (0x5a0d77d3) fsqrt.d fa5, fs10
core   0: 1 0x0000000080004cac (0x5a0d77d3) f15 0x7ff8000000000000
core   0: 0x0000000080004cb0 (0x01285493) srli    s1, a6, 18
core   0: 1 0x0000000080004cb0 (0x01285493) x9  0x0000000000000000
core   0: 0x0000000080004cb4 (0xd224ff53) fcvt.d.l ft10, s1
core   0: 1 0x0000000080004cb4 (0xd224ff53) f30 0x0000000000000000
core   0: 0x0000000080004cb8 (0x4096d333) sra     t1, a3, s1
core   0: 1 0x0000000080004cb8 (0x4096d333) x6  0x000000002dcab99a
core   0: 0x0000000080004cbc (0x03941433) mulh    s0, s0, s9
core   0: 1 0x0000000080004cbc (0x03941433) x8  0x0000000000000000
core   0: 0x0000000080004cc0 (0x0195581b) srliw   a6, a0, 25
core   0: 1 0x0000000080004cc0 (0x0195581b) x16 0x000000000000003f
core   0: 0x0000000080004cc4 (0xfff76113) ori     sp, a4, -1
core   0: 1 0x0000000080004cc4 (0xfff76113) x2  0xffffffffffffffff
core   0: 0x0000000080004cc8 (0x22e1af53) fsgnjx.d ft10, ft3, fa4
core   0: 1 0x0000000080004cc8 (0x22e1af53) f30 0x3ff0000000000000
core   0: 0x0000000080004ccc (0x014d0a3b) addw    s4, s10, s4
core   0: 1 0x0000000080004ccc (0x014d0a3b) x20 0x0000000018ec92e4
core   0: 0x0000000080004cd0 (0x00202173) csrrs   sp, frm, zero
core   0: 1 0x0000000080004cd0 (0x00202173) x2  0x0000000000000000
core   0: 0x0000000080004cd4 (0x014ecc33) xor     s8, t4, s4
core   0: 1 0x0000000080004cd4 (0x014ecc33) x24 0x2dcab99a18ec92e4
core   0: 0x0000000080004cd8 (0x00281473) csrrw   s0, frm, a6
core   0: 1 0x0000000080004cd8 (0x00281473) x8  0x0000000000000000 c2_frm 0x0000000000000007
core   0: 0x0000000080004cdc (0x4139de3b) sraw    t3, s3, s3
core   0: 1 0x0000000080004cdc (0x4139de3b) x28 0x0000000000000000
core   0: 0x0000000080004ce0 (0x2a278ad3) fmin.d  fs5, fa5, ft2
core   0: 1 0x0000000080004ce0 (0x2a278ad3) f21 0x7ff8000000000000
core   0: 0x0000000080004ce4 (0x22860153) fsgnj.d ft2, fa2, fs0
core   0: 1 0x0000000080004ce4 (0x22860153) f2  0x7fffffff7fc00000
core   0: 0x0000000080004ce8 (0x14476173) csrrsi  sp, sip, 14
core   0: 1 0x0000000080004ce8 (0x14476173) x2  0x0000000000000000 c836_mip 0x0000000000000080
core   0: 0x0000000080004cec (0xa2ef0653) fle.d   a2, ft10, fa4
core   0: 1 0x0000000080004cec (0xa2ef0653) x12 0x0000000000000001
core   0: 0x0000000080004cf0 (0x02250e3b) mulw    t3, a0, sp
core   0: 1 0x0000000080004cf0 (0x02250e3b) x28 0x0000000000000000
core   0: 0x0000000080004cf4 (0x410a083b) subw    a6, s4, a6
core   0: 1 0x0000000080004cf4 (0x410a083b) x16 0x0000000018ec92a5
core   0: 0x0000000080004cf8 (0xe2080253) fmv.x.d tp, fa6
core   0: 1 0x0000000080004cf8 (0xe2080253) x4  0xfffffffff85ab000
core   0: 0x0000000080004cfc (0x002494f3) csrrw   s1, frm, s1
core   0: 1 0x0000000080004cfc (0x002494f3) x9  0x0000000000000007 c2_frm 0x0000000000000000
core   0: 0x0000000080004d00 (0x1225fad3) fmul.d  fs5, fa1, ft2
core   0: 1 0x0000000080004d00 (0x1225fad3) f21 0x7ff8000000000000
core   0: 0x0000000080004d04 (0xc039f4d3) fcvt.lu.s s1, fs3
core   0: 1 0x0000000080004d04 (0xc039f4d3) c1_fflags 0x000000000000001f x9  0xffffffffffffffff
core   0: 0x0000000080004d08 (0xc2017953) fcvt.w.d s2, ft2
core   0: 1 0x0000000080004d08 (0xc2017953) c1_fflags 0x000000000000001f x18 0x000000007fffffff
core   0: 0x0000000080004d0c (0x41c9db33) sra     s6, s3, t3
core   0: 1 0x0000000080004d0c (0x41c9db33) x22 0x0000000000000013
core   0: 0x0000000080004d10 (0x01c8f333) and     t1, a7, t3
core   0: 1 0x0000000080004d10 (0x01c8f333) x6  0x0000000000000000
core   0: 0x0000000080004d14 (0x42078053) fcvt.d.s ft0, fa5
core   0: 1 0x0000000080004d14 (0x42078053) f0  0x7ff8000000000000
core   0: 0x0000000080004d18 (0x41535ab3) sra     s5, t1, s5
core   0: 1 0x0000000080004d18 (0x41535ab3) x21 0x0000000000000000
core   0: 0x0000000080004d1c (0x00da5e33) srl     t3, s4, a3
core   0: 1 0x0000000080004d1c (0x00da5e33) x28 0x0000000000000006
core   0: 0x0000000080004d20 (0xd21a0f53) fcvt.d.wu ft10, s4
core   0: 1 0x0000000080004d20 (0xd21a0f53) f30 0x41b8ec92e4000000
core   0: 0x0000000080004d24 (0x41cd8db3) sub     s11, s11, t3
core   0: 1 0x0000000080004d24 (0x41cd8db3) x27 0xfffffffffffffffa
core   0: 0x0000000080004d28 (0x001a1973) csrrw   s2, fflags, s4
core   0: 1 0x0000000080004d28 (0x001a1973) x18 0x000000000000001f c1_fflags 0x0000000000000004
core   0: 0x0000000080004d2c (0x8929f993) andi    s3, s3, -1902
core   0: 1 0x0000000080004d2c (0x8929f993) x19 0x0000000000000012
core   0: 0x0000000080004d30 (0x01ad9c93) slli    s9, s11, 26
core   0: 1 0x0000000080004d30 (0x01ad9c93) x25 0xffffffffe8000000
core   0: 0x0000000080004d34 (0x420b8953) fcvt.d.s fs2, fs7
core   0: 1 0x0000000080004d34 (0x420b8953) f18 0x7ff8000000000000
core   0: 0x0000000080004d38 (0xc7d90497) auipc   s1, 0xc7d90
core   0: 1 0x0000000080004d38 (0xc7d90497) x9  0x0000000047d94d38
core   0: 0x0000000080004d3c (0x137ef153) fmul.d  ft2, ft9, fs7
core   0: 1 0x0000000080004d3c (0x137ef153) f2  0x7ff8000000000000
core   0: 0x0000000080004d40 (0x7ce4ca13) xori    s4, s1, 1998
core   0: 1 0x0000000080004d40 (0x7ce4ca13) x20 0x0000000047d94af6
core   0: 0x0000000080004d44 (0x40a6053b) subw    a0, a2, a0
core   0: 1 0x0000000080004d44 (0x40a6053b) x10 0xffffffff80000002
core   0: 0x0000000080004d48 (0x029a24b3) mulhsu  s1, s4, s1
core   0: 1 0x0000000080004d48 (0x029a24b3) x9  0x0000000000000000
core   0: 0x0000000080004d4c (0x0004d33b) srlw    t1, s1, zero
core   0: 1 0x0000000080004d4c (0x0004d33b) x6  0x0000000000000000
core   0: 0x0000000080004d50 (0x00102973) csrrs   s2, fflags, zero
core   0: 1 0x0000000080004d50 (0x00102973) x18 0x0000000000000004
core   0: 0x0000000080004d54 (0xf2058053) fmv.d.x ft0, a1
core   0: 1 0x0000000080004d54 (0xf2058053) f0  0xffffffff0000be4e
core   0: 0x0000000080004d58 (0x408906bb) subw    a3, s2, s0
core   0: 1 0x0000000080004d58 (0x408906bb) x13 0x0000000000000004
core   0: 0x0000000080004d5c (0x02e075b3) remu    a1, zero, a4
core   0: 1 0x0000000080004d5c (0x02e075b3) x11 0x0000000000000000
core   0: 0x0000000080004d60 (0x007dd93b) srlw    s2, s11, t2
core   0: 1 0x0000000080004d60 (0x007dd93b) x18 0xfffffffffffffffa
core   0: 0x0000000080004d64 (0x000dd313) srli    t1, s11, 0
core   0: 1 0x0000000080004d64 (0x000dd313) x6  0xfffffffffffffffa
core   0: 0x0000000080004d68 (0x004a5593) srli    a1, s4, 4
core   0: 1 0x0000000080004d68 (0x004a5593) x11 0x00000000047d94af
core   0: 0x0000000080004d6c (0x034a613b) remw    sp, s4, s4
core   0: 1 0x0000000080004d6c (0x034a613b) x2  0x0000000000000000
core   0: 0x0000000080004d70 (0x022a72b3) remu    t0, s4, sp
core   0: 1 0x0000000080004d70 (0x022a72b3) x5  0x0000000047d94af6
core   0: 0x0000000080004d74 (0x40b58933) sub     s2, a1, a1
core   0: 1 0x0000000080004d74 (0x40b58933) x18 0x0000000000000000
core   0: 0x0000000080004d78 (0x00000001) c.nop
core   0: 1 0x0000000080004d78 (0x0001)
core   0: 0x0000000080004d7a (0x00035a1b) srliw   s4, t1, 0
core   0: 1 0x0000000080004d7a (0x00035a1b) x20 0xfffffffffffffffa
core   0: 0x0000000080004d7e (0x0345e9b3) rem     s3, a1, s4
core   0: 1 0x0000000080004d7e (0x0345e9b3) x19 0x0000000000000005
core   0: 0x0000000080004d82 (0x323fe1f3) csrrsi  gp, mhpmevent3, 31
core   0: exception trap_illegal_instruction, epc 0x0000000080004d82
core   0:           tval 0x00000000323fe1f3
core   0: >>>>  $xrv64i2p1_m2p0_a2p1_f2p2_d2p2_zicsr2p0_zifencei2p0_zmmul1p0_zba1p0_zbb1p0_zbc1p0_zbs1p0
core   0: 0x0000000080004000 (0x0080006f) j       pc + 0x8
core   0: 3 0x0000000080004000 (0x0080006f)
core   0: >>>>  mmode_exception_handler
core   0: 0x0000000080004008 (0x00002c17) auipc   s8, 0x2
core   0: 3 0x0000000080004008 (0x00002c17) x24 0x0000000080006008
core   0: 0x000000008000400c (0xfaac0c13) addi    s8, s8, -86
core   0: 3 0x000000008000400c (0xfaac0c13) x24 0x0000000080005fb2
core   0: 0x0000000080004010 (0x000c00e7) jalr    s8
core   0: 3 0x0000000080004010 (0x000c00e7) x1  0x0000000080004014
core   0: >>>>  any_handler
core   0: 0x0000000080005fb2 (0x341027f3) csrrs   a5, mepc, zero
core   0: 3 0x0000000080005fb2 (0x341027f3) x15 0x0000000080004d82
core   0: 0x0000000080005fb6 (0x34202773) csrrs   a4, mcause, zero
core   0: 3 0x0000000080005fb6 (0x34202773) x14 0x0000000000000002
core   0: 0x0000000080005fba (0x142026f3) csrrs   a3, scause, zero
core   0: 3 0x0000000080005fba (0x142026f3) x13 0x0000000000000000
core   0: 0x0000000080005fbe (0x30402673) csrrs   a2, mie, zero
core   0: 3 0x0000000080005fbe (0x30402673) x12 0x0000000000000a00
core   0: 0x0000000080005fc2 (0x344025f3) csrrs   a1, mip, zero
core   0: 3 0x0000000080005fc2 (0x344025f3) x11 0x0000000000000080
core   0: 0x0000000080005fc6 (0x343025f3) csrrs   a1, mtval, zero
core   0: 3 0x0000000080005fc6 (0x343025f3) x11 0x00000000323fe1f3
core   0: 0x0000000080005fca (0x14302573) csrrs   a0, stval, zero
core   0: 3 0x0000000080005fca (0x14302573) x10 0x0000000000000a00
core   0: 0x0000000080005fce (0xb02024f3) csrrs   s1, minstret, zero
core   0: 3 0x0000000080005fce (0xb02024f3) x9  0x0000000000000c3f
core   0: 0x0000000080005fd2 (0x0000a811) c.j     pc + 20
core   0: 3 0x0000000080005fd2 (0xa811)
core   0: >>>>  mepc_4
core   0: 0x0000000080005fe6 (0x00000791) c.addi  a5, 4
core   0: 3 0x0000000080005fe6 (0x0791) x15 0x0000000080004d86
core   0: 0x0000000080005fe8 (0x34179073) csrrw   zero, mepc, a5
core   0: 3 0x0000000080005fe8 (0x34179073) c833_mepc 0x0000000080004d86
core   0: 0x0000000080005fec (0x30200073) mret
core   0: 3 0x0000000080005fec (0x30200073) c768_mstatus 0x8000000a00106080
core   0: 0x0000000080004d86 (0x03608ab3) mul     s5, ra, s6
core   0: 1 0x0000000080004d86 (0x03608ab3) x21 0x000000098004c17c
core   0: 0x0000000080004d8a (0xa34de213) ori     tp, s11, -1484
core   0: 1 0x0000000080004d8a (0xa34de213) x4  0xfffffffffffffffe
core   0: 0x0000000080004d8e (0xc02077d3) fcvt.l.s a5, ft0
core   0: 1 0x0000000080004d8e (0xc02077d3) c1_fflags 0x0000000000000005 x15 0x0000000000000000
core   0: 0x0000000080004d92 (0x02479833) mulh    a6, a5, tp
core   0: 1 0x0000000080004d92 (0x02479833) x16 0x0000000000000000
core   0: 0x0000000080004d96 (0x8297851b) addiw   a0, a5, -2007
core   0: 1 0x0000000080004d96 (0x8297851b) x10 0xfffffffffffff829
core   0: 0x0000000080004d9a (0xc0397453) fcvt.lu.s s0, fs2
core   0: 1 0x0000000080004d9a (0xc0397453) c1_fflags 0x0000000000000015 x8  0xffffffffffffffff
core   0: 0x0000000080004d9e (0xfff96c93) ori     s9, s2, -1
core   0: 1 0x0000000080004d9e (0xfff96c93) x25 0xffffffffffffffff
core   0: 0x0000000080004da2 (0xfffc8d1b) addiw   s10, s9, -1
core   0: 1 0x0000000080004da2 (0xfffc8d1b) x26 0xfffffffffffffffe
core   0: 0x0000000080004da6 (0x5a08f8d3) fsqrt.d fa7, fa7
core   0: 1 0x0000000080004da6 (0x5a08f8d3) c1_fflags 0x0000000000000015 f17 0x7ff8000000000000
core   0: 0x0000000080004daa (0x016553b3) srl     t2, a0, s6
core   0: 1 0x0000000080004daa (0x016553b3) x7  0x00001fffffffffff
core   0: 0x0000000080004dae (0x03674c3b) divw    s8, a4, s6
core   0: 1 0x0000000080004dae (0x03674c3b) x24 0x0000000000000000
core   0: 0x0000000080004db2 (0x4025d5bb) sraw    a1, a1, sp
core   0: 1 0x0000000080004db2 (0x4025d5bb) x11 0x00000000323fe1f3
core   0: 0x0000000080004db6 (0x03f5de13) srli    t3, a1, 63
core   0: 1 0x0000000080004db6 (0x03f5de13) x28 0x0000000000000000
core   0: 0x0000000080004dba (0xd029f953) fcvt.s.l fs2, s3
core   0: 1 0x0000000080004dba (0xd029f953) f18 0xffffffff40a00000
core   0: 0x0000000080004dbe (0x09f7fc97) auipc   s9, 0x9f7f
core   0: 1 0x0000000080004dbe (0x09f7fc97) x25 0x0000000089f83dbe
core   0: 0x0000000080004dc2 (0x0007189b) slliw   a7, a4, 0
core   0: 1 0x0000000080004dc2 (0x0007189b) x17 0x0000000000000002
core   0: 0x0000000080004dc6 (0x018edebb) srlw    t4, t4, s8
core   0: 1 0x0000000080004dc6 (0x018edebb) x29 0x0000000000000000
core   0: 0x0000000080004dca (0x00164793) xori    a5, a2, 1
core   0: 1 0x0000000080004dca (0x00164793) x15 0x0000000000000a01
core   0: 0x0000000080004dce (0x5a097453) fsqrt.d fs0, fs2
core   0: 1 0x0000000080004dce (0x5a097453) f8  0x7ff8000000000000
core   0: 0x0000000080004dd2 (0x00c72633) slt     a2, a4, a2
core   0: 1 0x0000000080004dd2 (0x00c72633) x12 0x0000000000000001
core   0: 0x0000000080004dd6 (0x02c659bb) divuw   s3, a2, a2
core   0: 1 0x0000000080004dd6 (0x02c659bb) x19 0x0000000000000001
core   0: 0x0000000080004dda (0x06e66193) ori     gp, a2, 110
core   0: 1 0x0000000080004dda (0x06e66193) x3  0x000000000000006f
core   0: 0x0000000080004dde (0x420004d3) fcvt.d.s fs1, ft0
core   0: 1 0x0000000080004dde (0x420004d3) f9  0x3797c9c000000000
core   0: 0x0000000080004de2 (0x7ff70793) addi    a5, a4, 2047
core   0: 1 0x0000000080004de2 (0x7ff70793) x15 0x0000000000000801
core   0: 0x0000000080004de6 (0xd231fd53) fcvt.d.lu fs10, gp
core   0: 1 0x0000000080004de6 (0xd231fd53) f26 0x405bc00000000000
core   0: 0x0000000080004dea (0xf119a073) csrrs   zero, mvendorid, s3
core   0: exception trap_illegal_instruction, epc 0x0000000080004dea
core   0:           tval 0x00000000f119a073
core   0: >>>>  $xrv64i2p1_m2p0_a2p1_f2p2_d2p2_zicsr2p0_zifencei2p0_zmmul1p0_zba1p0_zbb1p0_zbc1p0_zbs1p0
core   0: 0x0000000080004000 (0x0080006f) j       pc + 0x8
core   0: 3 0x0000000080004000 (0x0080006f)
core   0: >>>>  mmode_exception_handler
core   0: 0x0000000080004008 (0x00002c17) auipc   s8, 0x2
core   0: 3 0x0000000080004008 (0x00002c17) x24 0x0000000080006008
core   0: 0x000000008000400c (0xfaac0c13) addi    s8, s8, -86
core   0: 3 0x000000008000400c (0xfaac0c13) x24 0x0000000080005fb2
core   0: 0x0000000080004010 (0x000c00e7) jalr    s8
core   0: 3 0x0000000080004010 (0x000c00e7) x1  0x0000000080004014
core   0: >>>>  any_handler
core   0: 0x0000000080005fb2 (0x341027f3) csrrs   a5, mepc, zero
core   0: 3 0x0000000080005fb2 (0x341027f3) x15 0x0000000080004dea
core   0: 0x0000000080005fb6 (0x34202773) csrrs   a4, mcause, zero
core   0: 3 0x0000000080005fb6 (0x34202773) x14 0x0000000000000002
core   0: 0x0000000080005fba (0x142026f3) csrrs   a3, scause, zero
core   0: 3 0x0000000080005fba (0x142026f3) x13 0x0000000000000000
core   0: 0x0000000080005fbe (0x30402673) csrrs   a2, mie, zero
core   0: 3 0x0000000080005fbe (0x30402673) x12 0x0000000000000a00
core   0: 0x0000000080005fc2 (0x344025f3) csrrs   a1, mip, zero
core   0: 3 0x0000000080005fc2 (0x344025f3) x11 0x0000000000000080
core   0: 0x0000000080005fc6 (0x343025f3) csrrs   a1, mtval, zero
core   0: 3 0x0000000080005fc6 (0x343025f3) x11 0x00000000f119a073
core   0: 0x0000000080005fca (0x14302573) csrrs   a0, stval, zero
core   0: 3 0x0000000080005fca (0x14302573) x10 0x0000000000000a00
core   0: 0x0000000080005fce (0xb02024f3) csrrs   s1, minstret, zero
core   0: 3 0x0000000080005fce (0xb02024f3) x9  0x0000000000000c68
core   0: 0x0000000080005fd2 (0x0000a811) c.j     pc + 20
core   0: 3 0x0000000080005fd2 (0xa811)
core   0: >>>>  mepc_4
core   0: 0x0000000080005fe6 (0x00000791) c.addi  a5, 4
core   0: 3 0x0000000080005fe6 (0x0791) x15 0x0000000080004dee
core   0: 0x0000000080005fe8 (0x34179073) csrrw   zero, mepc, a5
core   0: 3 0x0000000080005fe8 (0x34179073) c833_mepc 0x0000000080004dee
core   0: 0x0000000080005fec (0x30200073) mret
core   0: 3 0x0000000080005fec (0x30200073) c768_mstatus 0x8000000a00106080
core   0: 0x0000000080004dee (0x121c7ad3) fmul.d  fs5, fs8, ft1
core   0: 1 0x0000000080004dee (0x121c7ad3) f21 0x7ff8000000000000
core   0: 0x0000000080004df2 (0xf2060d53) fmv.d.x fs10, a2
core   0: 1 0x0000000080004df2 (0xf2060d53) f26 0x0000000000000a00
core   0: 0x0000000080004df6 (0xd21b80d3) fcvt.d.wu ft1, s7
core   0: 1 0x0000000080004df6 (0xd21b80d3) f1  0x41efffffffe00000
core   0: 0x0000000080004dfa (0x03080dbb) mulw    s11, a6, a6
core   0: 1 0x0000000080004dfa (0x03080dbb) x27 0x0000000000000000
core   0: 0x0000000080004dfe (0xab4d75c7) fmsub.d fa1, fs10, fs4, fs5
core   0: 1 0x0000000080004dfe (0xab4d75c7) f11 0x7ff8000000000000
core   0: 0x0000000080004e02 (0xf2078153) fmv.d.x ft2, a5
core   0: 1 0x0000000080004e02 (0xf2078153) f2  0x0000000080004dee
core   0: 0x0000000080004e06 (0x033643b3) div     t2, a2, s3
core   0: 1 0x0000000080004e06 (0x033643b3) x7  0x0000000000000a00
core   0: 0x0000000080004e0a (0xc02b10f3) csrrw   ra, instret, s6
core   0: exception trap_illegal_instruction, epc 0x0000000080004e0a
core   0:           tval 0x00000000c02b10f3
core   0: >>>>  $xrv64i2p1_m2p0_a2p1_f2p2_d2p2_zicsr2p0_zifencei2p0_zmmul1p0_zba1p0_zbb1p0_zbc1p0_zbs1p0
core   0: 0x0000000080004000 (0x0080006f) j       pc + 0x8
core   0: 3 0x0000000080004000 (0x0080006f)
core   0: >>>>  mmode_exception_handler
core   0: 0x0000000080004008 (0x00002c17) auipc   s8, 0x2
core   0: 3 0x0000000080004008 (0x00002c17) x24 0x0000000080006008
core   0: 0x000000008000400c (0xfaac0c13) addi    s8, s8, -86
core   0: 3 0x000000008000400c (0xfaac0c13) x24 0x0000000080005fb2
core   0: 0x0000000080004010 (0x000c00e7) jalr    s8
core   0: 3 0x0000000080004010 (0x000c00e7) x1  0x0000000080004014
core   0: >>>>  any_handler
core   0: 0x0000000080005fb2 (0x341027f3) csrrs   a5, mepc, zero
core   0: 3 0x0000000080005fb2 (0x341027f3) x15 0x0000000080004e0a
core   0: 0x0000000080005fb6 (0x34202773) csrrs   a4, mcause, zero
core   0: 3 0x0000000080005fb6 (0x34202773) x14 0x0000000000000002
core   0: 0x0000000080005fba (0x142026f3) csrrs   a3, scause, zero
core   0: 3 0x0000000080005fba (0x142026f3) x13 0x0000000000000000
core   0: 0x0000000080005fbe (0x30402673) csrrs   a2, mie, zero
core   0: 3 0x0000000080005fbe (0x30402673) x12 0x0000000000000a00
core   0: 0x0000000080005fc2 (0x344025f3) csrrs   a1, mip, zero
core   0: 3 0x0000000080005fc2 (0x344025f3) x11 0x0000000000000080
core   0: 0x0000000080005fc6 (0x343025f3) csrrs   a1, mtval, zero
core   0: 3 0x0000000080005fc6 (0x343025f3) x11 0x00000000c02b10f3
core   0: 0x0000000080005fca (0x14302573) csrrs   a0, stval, zero
core   0: 3 0x0000000080005fca (0x14302573) x10 0x0000000000000a00
core   0: 0x0000000080005fce (0xb02024f3) csrrs   s1, minstret, zero
core   0: 3 0x0000000080005fce (0xb02024f3) x9  0x0000000000000c7f
core   0: 0x0000000080005fd2 (0x0000a811) c.j     pc + 20
core   0: 3 0x0000000080005fd2 (0xa811)
core   0: >>>>  mepc_4
core   0: 0x0000000080005fe6 (0x00000791) c.addi  a5, 4
core   0: 3 0x0000000080005fe6 (0x0791) x15 0x0000000080004e0e
core   0: 0x0000000080005fe8 (0x34179073) csrrw   zero, mepc, a5
core   0: 3 0x0000000080005fe8 (0x34179073) c833_mepc 0x0000000080004e0e
core   0: 0x0000000080005fec (0x30200073) mret
core   0: 3 0x0000000080005fec (0x30200073) c768_mstatus 0x8000000a00106080
core   0: 0x0000000080004e0e (0x006e08b3) add     a7, t3, t1
core   0: 1 0x0000000080004e0e (0x006e08b3) x17 0xfffffffffffffffa
core   0: 0x0000000080004e12 (0x1206f0d3) fmul.d  ft1, fa3, ft0
core   0: 1 0x0000000080004e12 (0x1206f0d3) f1  0x7ff8000000000000
core   0: 0x0000000080004e16 (0x0218c2b3) div     t0, a7, ra
core   0: 1 0x0000000080004e16 (0x0218c2b3) x5  0x0000000000000000
core   0: 0x0000000080004e1a (0x018e5c3b) srlw    s8, t3, s8
core   0: 1 0x0000000080004e1a (0x018e5c3b) x24 0x0000000000000000
core   0: 0x0000000080004e1e (0x414e0b33) sub     s6, t3, s4
core   0: 1 0x0000000080004e1e (0x414e0b33) x22 0x0000000000000006
core   0: 0x0000000080004e22 (0x01c0d9bb) srlw    s3, ra, t3
core   0: 1 0x0000000080004e22 (0x01c0d9bb) x19 0xffffffff80004014
core   0: 0x0000000080004e26 (0x0318fc3b) remuw   s8, a7, a7
core   0: 1 0x0000000080004e26 (0x0318fc3b) x24 0x0000000000000000
core   0: 0x0000000080004e2a (0x018a81bb) addw    gp, s5, s8
core   0: 1 0x0000000080004e2a (0x018a81bb) x3  0xffffffff8004c17c
core   0: 0x0000000080004e2e (0x0a127253) fsub.d  ft4, ft4, ft1
core   0: 1 0x0000000080004e2e (0x0a127253) f4  0x7ff8000000000000
core   0: 0x0000000080004e32 (0x2b310dd3) fmin.d  fs11, ft2, fs3
core   0: 1 0x0000000080004e32 (0x2b310dd3) f27 0x0000000080004dee
core   0: 0x0000000080004e36 (0x2bb10253) fmin.d  ft4, ft2, fs11
core   0: 1 0x0000000080004e36 (0x2bb10253) f4  0x0000000080004dee
core   0: 0x0000000080004e3a (0xd03af353) fcvt.s.lu ft6, s5
core   0: 1 0x0000000080004e3a (0xd03af353) c1_fflags 0x0000000000000015 f6  0xffffffff5118004c
core   0: 0x0000000080004e3e (0x402c563b) sraw    a2, s8, sp
core   0: 1 0x0000000080004e3e (0x402c563b) x12 0x0000000000000000
core   0: 0x0000000080004e42 (0xa2230d53) fle.d   s10, ft6, ft2
core   0: 1 0x0000000080004e42 (0xa2230d53) c1_fflags 0x0000000000000015 x26 0x0000000000000000
core   0: 0x0000000080004e46 (0x0012de1b) srliw   t3, t0, 1
core   0: 1 0x0000000080004e46 (0x0012de1b) x28 0x0000000000000000
core   0: 0x0000000080004e4a (0x00364333) xor     t1, a2, gp
core   0: 1 0x0000000080004e4a (0x00364333) x6  0xffffffff8004c17c
core   0: 0x0000000080004e4e (0x007123b3) slt     t2, sp, t2
core   0: 1 0x0000000080004e4e (0x007123b3) x7  0x0000000000000001
core   0: 0x0000000080004e52 (0x2ac78b53) fmin.d  fs6, fa5, fa2
core   0: 1 0x0000000080004e52 (0x2ac78b53) f22 0x7ff8000000000000
core   0: 0x0000000080004e56 (0x41060833) sub     a6, a2, a6
core   0: 1 0x0000000080004e56 (0x41060833) x16 0x0000000000000000
core   0: 0x0000000080004e5a (0x0181d1b3) srl     gp, gp, s8
core   0: 1 0x0000000080004e5a (0x0181d1b3) x3  0xffffffff8004c17c
core   0: 0x0000000080004e5e (0xc00058f3) csrrwi  a7, cycle, 0
core   0: exception trap_illegal_instruction, epc 0x0000000080004e5e
core   0:           tval 0x00000000c00058f3
core   0: >>>>  $xrv64i2p1_m2p0_a2p1_f2p2_d2p2_zicsr2p0_zifencei2p0_zmmul1p0_zba1p0_zbb1p0_zbc1p0_zbs1p0
core   0: 0x0000000080004000 (0x0080006f) j       pc + 0x8
core   0: 3 0x0000000080004000 (0x0080006f)
core   0: >>>>  mmode_exception_handler
core   0: 0x0000000080004008 (0x00002c17) auipc   s8, 0x2
core   0: 3 0x0000000080004008 (0x00002c17) x24 0x0000000080006008
core   0: 0x000000008000400c (0xfaac0c13) addi    s8, s8, -86
core   0: 3 0x000000008000400c (0xfaac0c13) x24 0x0000000080005fb2
core   0: 0x0000000080004010 (0x000c00e7) jalr    s8
core   0: 3 0x0000000080004010 (0x000c00e7) x1  0x0000000080004014
core   0: >>>>  any_handler
core   0: 0x0000000080005fb2 (0x341027f3) csrrs   a5, mepc, zero
core   0: 3 0x0000000080005fb2 (0x341027f3) x15 0x0000000080004e5e
core   0: 0x0000000080005fb6 (0x34202773) csrrs   a4, mcause, zero
core   0: 3 0x0000000080005fb6 (0x34202773) x14 0x0000000000000002
core   0: 0x0000000080005fba (0x142026f3) csrrs   a3, scause, zero
core   0: 3 0x0000000080005fba (0x142026f3) x13 0x0000000000000000
core   0: 0x0000000080005fbe (0x30402673) csrrs   a2, mie, zero
core   0: 3 0x0000000080005fbe (0x30402673) x12 0x0000000000000a00
core   0: 0x0000000080005fc2 (0x344025f3) csrrs   a1, mip, zero
core   0: 3 0x0000000080005fc2 (0x344025f3) x11 0x0000000000000080
core   0: 0x0000000080005fc6 (0x343025f3) csrrs   a1, mtval, zero
core   0: 3 0x0000000080005fc6 (0x343025f3) x11 0x00000000c00058f3
core   0: 0x0000000080005fca (0x14302573) csrrs   a0, stval, zero
core   0: 3 0x0000000080005fca (0x14302573) x10 0x0000000000000a00
core   0: 0x0000000080005fce (0xb02024f3) csrrs   s1, minstret, zero
core   0: 3 0x0000000080005fce (0xb02024f3) x9  0x0000000000000ca3
core   0: 0x0000000080005fd2 (0x0000a811) c.j     pc + 20
core   0: 3 0x0000000080005fd2 (0xa811)
core   0: >>>>  mepc_4
core   0: 0x0000000080005fe6 (0x00000791) c.addi  a5, 4
core   0: 3 0x0000000080005fe6 (0x0791) x15 0x0000000080004e62
core   0: 0x0000000080005fe8 (0x34179073) csrrw   zero, mepc, a5
core   0: 3 0x0000000080005fe8 (0x34179073) c833_mepc 0x0000000080004e62
core   0: 0x0000000080005fec (0x30200073) mret
core   0: 3 0x0000000080005fec (0x30200073) c768_mstatus 0x8000000a00106080
core   0: 0x0000000080004e62 (0x0002191b) slliw   s2, tp, 0
core   0: 1 0x0000000080004e62 (0x0002191b) x18 0xfffffffffffffffe
core   0: 0x0000000080004e66 (0xfffec593) not     a1, t4
core   0: 1 0x0000000080004e66 (0xfffec593) x11 0xffffffffffffffff
core   0: 0x0000000080004e6a (0x2a7c8cd3) fmin.d  fs9, fs9, ft7
core   0: 1 0x0000000080004e6a (0x2a7c8cd3) f25 0xc3efffffffffffff
core   0: 0x0000000080004e6e (0xce69c293) xori    t0, s3, -794
core   0: 1 0x0000000080004e6e (0xce69c293) x5  0x000000007fffbcf2
core   0: 0x0000000080004e72 (0x220f2f53) fsgnjx.d ft10, ft10, ft0
core   0: 1 0x0000000080004e72 (0x220f2f53) f30 0xc1b8ec92e4000000
core   0: 0x0000000080004e76 (0x2bd60653) fmin.d  fa2, fa2, ft9
core   0: 1 0x0000000080004e76 (0x2bd60653) f12 0xbff0000000000000
core   0: 0x0000000080004e7a (0x03c2893b) mulw    s2, t0, t3
core   0: 1 0x0000000080004e7a (0x03c2893b) x18 0x0000000000000000
core   0: 0x0000000080004e7e (0x427ade13) srai    t3, s5, 39
core   0: 1 0x0000000080004e7e (0x427ade13) x28 0x0000000000000000
core   0: 0x0000000080004e82 (0x01c91cbb) sllw    s9, s2, t3
core   0: 1 0x0000000080004e82 (0x01c91cbb) x25 0x0000000000000000
core   0: 0x0000000080004e86 (0x028e8433) mul     s0, t4, s0
core   0: 1 0x0000000080004e86 (0x028e8433) x8  0x0000000000000000
core   0: 0x0000000080004e8a (0x00940a33) add     s4, s0, s1
core   0: 1 0x0000000080004e8a (0x00940a33) x20 0x0000000000000ca3
core   0: 0x0000000080004e8e (0x23a91253) fsgnjn.d ft4, fs2, fs10
core   0: 1 0x0000000080004e8e (0x23a91253) f4  0xffffffff40a00000
core   0: 0x0000000080004e92 (0x03355c33) divu    s8, a0, s3
core   0: 1 0x0000000080004e92 (0x03355c33) x24 0x0000000000000000
core   0: 0x0000000080004e96 (0x9349734f) fnmadd.d ft6, fs2, fs4, fs2
core   0: 1 0x0000000080004e96 (0x9349734f) f6  0x7ff8000000000000
core   0: 0x0000000080004e9a (0x2bb90653) fmin.d  fa2, fs2, fs11
core   0: 1 0x0000000080004e9a (0x2bb90653) f12 0x0000000080004dee
core   0: 0x0000000080004e9e (0x85da0913) addi    s2, s4, -1955
core   0: 1 0x0000000080004e9e (0x85da0913) x18 0x0000000000000500
core   0: 0x0000000080004ea2 (0x011022b3) slt     t0, zero, a7
core   0: 1 0x0000000080004ea2 (0x011022b3) x5  0x0000000000000000
core   0: 0x0000000080004ea6 (0x000ded93) ori     s11, s11, 0
core   0: 1 0x0000000080004ea6 (0x000ded93) x27 0x0000000000000000
core   0: 0x0000000080004eaa (0x4097d23b) sraw    tp, a5, s1
core   0: 1 0x0000000080004eaa (0x4097d23b) x4  0xfffffffff00009cc
core   0: 0x0000000080004eae (0xc20df9d3) fcvt.w.d s3, fs11
core   0: 1 0x0000000080004eae (0xc20df9d3) c1_fflags 0x0000000000000015 x19 0x0000000000000000
core   0: 0x0000000080004eb2 (0x00202bf3) csrrs   s7, frm, zero
core   0: 1 0x0000000080004eb2 (0x00202bf3) x23 0x0000000000000000
core   0: 0x0000000080004eb6 (0x40c9dd3b) sraw    s10, s3, a2
core   0: 1 0x0000000080004eb6 (0x40c9dd3b) x26 0x0000000000000000
core   0: 0x0000000080004eba (0x417d5e9b) sraiw   t4, s10, 23
core   0: 1 0x0000000080004eba (0x417d5e9b) x29 0x0000000000000000
core   0: 0x0000000080004ebe (0xc2397953) fcvt.lu.d s2, fs2
core   0: 1 0x0000000080004ebe (0xc2397953) c1_fflags 0x0000000000000015 x18 0xffffffffffffffff
core   0: 0x0000000080004ec2 (0xd21c8b53) fcvt.d.wu fs6, s9
core   0: 1 0x0000000080004ec2 (0xd21c8b53) f22 0x0000000000000000
core   0: 0x0000000080004ec6 (0x43fd5d13) srai    s10, s10, 63
core   0: 1 0x0000000080004ec6 (0x43fd5d13) x26 0x0000000000000000
core   0: 0x0000000080004eca (0x0009191b) slliw   s2, s2, 0
core   0: 1 0x0000000080004eca (0x0009191b) x18 0xffffffffffffffff
core   0: 0x0000000080004ece (0x002e1e73) csrrw   t3, frm, t3
core   0: 1 0x0000000080004ece (0x002e1e73) x28 0x0000000000000000 c2_frm 0x0000000000000000
core   0: 0x0000000080004ed2 (0x03572733) mulhsu  a4, a4, s5
core   0: 1 0x0000000080004ed2 (0x03572733) x14 0x0000000000000000
core   0: 0x0000000080004ed6 (0x02681333) mulh    t1, a6, t1
core   0: 1 0x0000000080004ed6 (0x02681333) x6  0x0000000000000000
core   0: 0x0000000080004eda (0xc03ef1d3) fcvt.lu.s gp, ft9
core   0: 1 0x0000000080004eda (0xc03ef1d3) c1_fflags 0x0000000000000015 x3  0xffffffffffffffff
core   0: 0x0000000080004ede (0x00000001) c.nop
core   0: 1 0x0000000080004ede (0x0001)
core   0: 0x0000000080004ee0 (0x94cdddb7) lui     s11, 0x94cdd
core   0: 1 0x0000000080004ee0 (0x94cdddb7) x27 0xffffffff94cdd000
core   0: 0x0000000080004ee4 (0x02d112b3) mulh    t0, sp, a3
core   0: 1 0x0000000080004ee4 (0x02d112b3) x5  0x0000000000000000
core   0: 0x0000000080004ee8 (0x40580633) sub     a2, a6, t0
core   0: 1 0x0000000080004ee8 (0x40580633) x12 0x0000000000000000
core   0: 0x0000000080004eec (0x136d7153) fmul.d  ft2, fs10, fs6
core   0: 1 0x0000000080004eec (0x136d7153) f2  0x0000000000000000
core   0: 0x0000000080004ef0 (0xb3c37d43) fmadd.d fs10, ft6, ft8, fs6
core   0: 1 0x0000000080004ef0 (0xb3c37d43) f26 0x7ff8000000000000
core   0: 0x0000000080004ef4 (0xa36f8553) fle.d   a0, ft11, fs6
core   0: 1 0x0000000080004ef4 (0xa36f8553) c1_fflags 0x0000000000000015 x10 0x0000000000000000
core   0: 0x0000000080004ef8 (0xd21909d3) fcvt.d.wu fs3, s2
core   0: 1 0x0000000080004ef8 (0xd21909d3) f19 0x41efffffffe00000
core   0: 0x0000000080004efc (0x0310a733) mulhsu  a4, ra, a7
core   0: 1 0x0000000080004efc (0x0310a733) x14 0x0000000080004013
core   0: 0x0000000080004f00 (0xc800a973) csrrs   s2, cycleh, ra
core   0: exception trap_illegal_instruction, epc 0x0000000080004f00
core   0:           tval 0x00000000c800a973
core   0: >>>>  $xrv64i2p1_m2p0_a2p1_f2p2_d2p2_zicsr2p0_zifencei2p0_zmmul1p0_zba1p0_zbb1p0_zbc1p0_zbs1p0
core   0: 0x0000000080004000 (0x0080006f) j       pc + 0x8
core   0: 3 0x0000000080004000 (0x0080006f)
core   0: >>>>  mmode_exception_handler
core   0: 0x0000000080004008 (0x00002c17) auipc   s8, 0x2
core   0: 3 0x0000000080004008 (0x00002c17) x24 0x0000000080006008
core   0: 0x000000008000400c (0xfaac0c13) addi    s8, s8, -86
core   0: 3 0x000000008000400c (0xfaac0c13) x24 0x0000000080005fb2
core   0: 0x0000000080004010 (0x000c00e7) jalr    s8
core   0: 3 0x0000000080004010 (0x000c00e7) x1  0x0000000080004014
core   0: >>>>  any_handler
core   0: 0x0000000080005fb2 (0x341027f3) csrrs   a5, mepc, zero
core   0: 3 0x0000000080005fb2 (0x341027f3) x15 0x0000000080004f00
core   0: 0x0000000080005fb6 (0x34202773) csrrs   a4, mcause, zero
core   0: 3 0x0000000080005fb6 (0x34202773) x14 0x0000000000000002
core   0: 0x0000000080005fba (0x142026f3) csrrs   a3, scause, zero
core   0: 3 0x0000000080005fba (0x142026f3) x13 0x0000000000000000
core   0: 0x0000000080005fbe (0x30402673) csrrs   a2, mie, zero
core   0: 3 0x0000000080005fbe (0x30402673) x12 0x0000000000000a00
core   0: 0x0000000080005fc2 (0x344025f3) csrrs   a1, mip, zero
core   0: 3 0x0000000080005fc2 (0x344025f3) x11 0x0000000000000080
core   0: 0x0000000080005fc6 (0x343025f3) csrrs   a1, mtval, zero
core   0: 3 0x0000000080005fc6 (0x343025f3) x11 0x00000000c800a973
core   0: 0x0000000080005fca (0x14302573) csrrs   a0, stval, zero
core   0: 3 0x0000000080005fca (0x14302573) x10 0x0000000000000a00
core   0: 0x0000000080005fce (0xb02024f3) csrrs   s1, minstret, zero
core   0: 3 0x0000000080005fce (0xb02024f3) x9  0x0000000000000cdb
core   0: 0x0000000080005fd2 (0x0000a811) c.j     pc + 20
core   0: 3 0x0000000080005fd2 (0xa811)
core   0: >>>>  mepc_4
core   0: 0x0000000080005fe6 (0x00000791) c.addi  a5, 4
core   0: 3 0x0000000080005fe6 (0x0791) x15 0x0000000080004f04
core   0: 0x0000000080005fe8 (0x34179073) csrrw   zero, mepc, a5
core   0: 3 0x0000000080005fe8 (0x34179073) c833_mepc 0x0000000080004f04
core   0: 0x0000000080005fec (0x30200073) mret
core   0: 3 0x0000000080005fec (0x30200073) c768_mstatus 0x8000000a00106080
core   0: 0x0000000080004f04 (0x41425033) sra     zero, tp, s4
core   0: 1 0x0000000080004f04 (0x41425033)
core   0: 0x0000000080004f08 (0xfff1e893) ori     a7, gp, -1
core   0: 1 0x0000000080004f08 (0xfff1e893) x17 0xffffffffffffffff
core   0: 0x0000000080004f0c (0x02c5f853) fadd.d  fa6, fa1, fa2
core   0: 1 0x0000000080004f0c (0x02c5f853) f16 0x7ff8000000000000
core   0: 0x0000000080004f10 (0x40738033) sub     zero, t2, t2
core   0: 1 0x0000000080004f10 (0x40738033)
core   0: 0x0000000080004f14 (0x40167fd3) fcvt.s.d ft11, fa2
core   0: 1 0x0000000080004f14 (0x40167fd3) c1_fflags 0x0000000000000017 f31 0xffffffff00000000
core   0: 0x0000000080004f18 (0x001c9573) csrrw   a0, fflags, s9
core   0: 1 0x0000000080004f18 (0x001c9573) x10 0x0000000000000017 c1_fflags 0x0000000000000000
core   0: 0x0000000080004f1c (0x021510b3) mulh    ra, a0, ra
core   0: 1 0x0000000080004f1c (0x021510b3) x1  0x0000000000000000
core   0: 0x0000000080004f20 (0xd03df4d3) fcvt.s.lu fs1, s11
core   0: 1 0x0000000080004f20 (0xd03df4d3) c1_fflags 0x0000000000000001 f9  0xffffffff5f800000
core   0: 0x0000000080004f24 (0x003790bb) sllw    ra, a5, gp
core   0: 1 0x0000000080004f24 (0x003790bb) x1  0x0000000000000000
core   0: 0x0000000080004f28 (0x00be40b3) xor     ra, t3, a1
core   0: 1 0x0000000080004f28 (0x00be40b3) x1  0x00000000c800a973
core   0: 0x0000000080004f2c (0xf2008e53) fmv.d.x ft8, ra
core   0: 1 0x0000000080004f2c (0xf2008e53) f28 0x00000000c800a973
core   0: 0x0000000080004f30 (0x01b44b33) xor     s6, s0, s11
core   0: 1 0x0000000080004f30 (0x01b44b33) x22 0xffffffff94cdd000
core   0: 0x0000000080004f34 (0x41968db3) sub     s11, a3, s9
core   0: 1 0x0000000080004f34 (0x41968db3) x27 0x0000000000000000
core   0: 0x0000000080004f38 (0x03b989b3) mul     s3, s3, s11
core   0: 1 0x0000000080004f38 (0x03b989b3) x19 0x0000000000000000
core   0: 0x0000000080004f3c (0x0109ad33) slt     s10, s3, a6
core   0: 1 0x0000000080004f3c (0x0109ad33) x26 0x0000000000000000
core   0: 0x0000000080004f40 (0xc03b7853) fcvt.lu.s a6, fs6
core   0: 1 0x0000000080004f40 (0xc03b7853) c1_fflags 0x0000000000000011 x16 0xffffffffffffffff
core   0: 0x0000000080004f44 (0x7ffb051b) addiw   a0, s6, 2047
core   0: 1 0x0000000080004f44 (0x7ffb051b) x10 0xffffffff94cdd7ff
core   0: 0x0000000080004f48 (0x4013f453) fcvt.s.d fs0, ft7
core   0: 1 0x0000000080004f48 (0x4013f453) c1_fflags 0x0000000000000011 f8  0xffffffffdf800000
core   0: 0x0000000080004f4c (0xd21c89d3) fcvt.d.wu fs3, s9
core   0: 1 0x0000000080004f4c (0xd21c89d3) f19 0x0000000000000000
core   0: 0x0000000080004f50 (0xa34a7dcb) fnmsub.d fs11, fs4, fs4, fs4
core   0: 1 0x0000000080004f50 (0xa34a7dcb) f27 0x7ff8000000000000
core   0: 0x0000000080004f54 (0xc213f853) fcvt.wu.d a6, ft7
core   0: 1 0x0000000080004f54 (0xc213f853) c1_fflags 0x0000000000000011 x16 0x0000000000000000
core   0: 0x0000000080004f58 (0xf8c2c993) xori    s3, t0, -116
core   0: 1 0x0000000080004f58 (0xf8c2c993) x19 0xffffffffffffff8c
core   0: 0x0000000080004f5c (0xe8e3e037) lui     zero, 0xe8e3e
core   0: 1 0x0000000080004f5c (0xe8e3e037)
core   0: 0x0000000080004f60 (0x010a149b) slliw   s1, s4, 16
core   0: 1 0x0000000080004f60 (0x010a149b) x9  0x000000000ca30000
core   0: 0x0000000080004f64 (0x1b4a78d3) fdiv.d  fa7, fs4, fs4
core   0: 1 0x0000000080004f64 (0x1b4a78d3) f17 0x7ff8000000000000
core   0: 0x0000000080004f68 (0x01401eb3) sll     t4, zero, s4
core   0: 1 0x0000000080004f68 (0x01401eb3) x29 0x0000000000000000
core   0: 0x0000000080004f6c (0xe2028753) fmv.x.d a4, ft5
core   0: 1 0x0000000080004f6c (0xe2028753) x14 0xffffffff5f000000
core   0: 0x0000000080004f70 (0x00000001) c.nop
core   0: 1 0x0000000080004f70 (0x0001)
core   0: 0x0000000080004f72 (0xf257f5cf) fnmadd.d fa1, fa5, ft5, ft10
core   0: 1 0x0000000080004f72 (0xf257f5cf) f11 0x7ff8000000000000
core   0: 0x0000000080004f76 (0x41d0003b) subw    zero, zero, t4
core   0: 1 0x0000000080004f76 (0x41d0003b)
core   0: 0x0000000080004f7a (0xc20b77d3) fcvt.w.d a5, fs6
core   0: 1 0x0000000080004f7a (0xc20b77d3) x15 0x0000000000000000
core   0: 0x0000000080004f7e (0x7aff724f) fnmadd.d ft4, ft10, fa5, fa5
core   0: 1 0x0000000080004f7e (0x7aff724f) f4  0x7ff8000000000000
core   0: 0x0000000080004f82 (0x84dd6813) ori     a6, s10, -1971
core   0: 1 0x0000000080004f82 (0x84dd6813) x16 0xfffffffffffff84d
core   0: 0x0000000080004f86 (0x03584933) div     s2, a6, s5
core   0: 1 0x0000000080004f86 (0x03584933) x18 0x0000000000000000
core   0: 0x0000000080004f8a (0x016a08b3) add     a7, s4, s6
core   0: 1 0x0000000080004f8a (0x016a08b3) x17 0xffffffff94cddca3
core   0: 0x0000000080004f8e (0x030a31b3) mulhu   gp, s4, a6
core   0: 1 0x0000000080004f8e (0x030a31b3) x3  0x0000000000000ca2
core   0: 0x0000000080004f92 (0x017d9633) sll     a2, s11, s7
core   0: 1 0x0000000080004f92 (0x017d9633) x12 0x0000000000000000
core   0: 0x0000000080004f96 (0x02e8ea3b) remw    s4, a7, a4
core   0: 1 0x0000000080004f96 (0x02e8ea3b) x20 0xfffffffff3cddca3
core   0: 0x0000000080004f9a (0x00f755b3) srl     a1, a4, a5
core   0: 1 0x0000000080004f9a (0x00f755b3) x11 0xffffffff5f000000
core   0: 0x0000000080004f9e (0xd2198bd3) fcvt.d.wu fs7, s3
core   0: 1 0x0000000080004f9e (0xd2198bd3) f23 0x41effffff1800000
core   0: 0x0000000080004fa2 (0x00b181bb) addw    gp, gp, a1
core   0: 1 0x0000000080004fa2 (0x00b181bb) x3  0x000000005f000ca2
core   0: 0x0000000080004fa6 (0x403b86bb) subw    a3, s7, gp
core   0: 1 0x0000000080004fa6 (0x403b86bb) x13 0xffffffffa0fff35e
core   0: 0x0000000080004faa (0x037bc7bb) divw    a5, s7, s7
core   0: 1 0x0000000080004faa (0x037bc7bb) x15 0xffffffffffffffff
core   0: 0x0000000080004fae (0x00351013) slli    zero, a0, 3
core   0: 1 0x0000000080004fae (0x00351013)
core   0: 0x0000000080004fb2 (0xd21b0f53) fcvt.d.wu ft10, s6
core   0: 1 0x0000000080004fb2 (0xd21b0f53) f30 0x41e299ba00000000
core   0: 0x0000000080004fb6 (0xd023f753) fcvt.s.l fa4, t2
core   0: 1 0x0000000080004fb6 (0xd023f753) f14 0xffffffff3f800000
core   0: 0x0000000080004fba (0xb82491f3) csrrw   gp, minstreth, s1
core   0: exception trap_illegal_instruction, epc 0x0000000080004fba
core   0:           tval 0x00000000b82491f3
core   0: >>>>  $xrv64i2p1_m2p0_a2p1_f2p2_d2p2_zicsr2p0_zifencei2p0_zmmul1p0_zba1p0_zbb1p0_zbc1p0_zbs1p0
core   0: 0x0000000080004000 (0x0080006f) j       pc + 0x8
core   0: 3 0x0000000080004000 (0x0080006f)
core   0: >>>>  mmode_exception_handler
core   0: 0x0000000080004008 (0x00002c17) auipc   s8, 0x2
core   0: 3 0x0000000080004008 (0x00002c17) x24 0x0000000080006008
core   0: 0x000000008000400c (0xfaac0c13) addi    s8, s8, -86
core   0: 3 0x000000008000400c (0xfaac0c13) x24 0x0000000080005fb2
core   0: 0x0000000080004010 (0x000c00e7) jalr    s8
core   0: 3 0x0000000080004010 (0x000c00e7) x1  0x0000000080004014
core   0: >>>>  any_handler
core   0: 0x0000000080005fb2 (0x341027f3) csrrs   a5, mepc, zero
core   0: 3 0x0000000080005fb2 (0x341027f3) x15 0x0000000080004fba
core   0: 0x0000000080005fb6 (0x34202773) csrrs   a4, mcause, zero
core   0: 3 0x0000000080005fb6 (0x34202773) x14 0x0000000000000002
core   0: 0x0000000080005fba (0x142026f3) csrrs   a3, scause, zero
core   0: 3 0x0000000080005fba (0x142026f3) x13 0x0000000000000000
core   0: 0x0000000080005fbe (0x30402673) csrrs   a2, mie, zero
core   0: 3 0x0000000080005fbe (0x30402673) x12 0x0000000000000a00
core   0: 0x0000000080005fc2 (0x344025f3) csrrs   a1, mip, zero
core   0: 3 0x0000000080005fc2 (0x344025f3) x11 0x0000000000000080
core   0: 0x0000000080005fc6 (0x343025f3) csrrs   a1, mtval, zero
core   0: 3 0x0000000080005fc6 (0x343025f3) x11 0x00000000b82491f3
core   0: 0x0000000080005fca (0x14302573) csrrs   a0, stval, zero
core   0: 3 0x0000000080005fca (0x14302573) x10 0x0000000000000a00
core   0: 0x0000000080005fce (0xb02024f3) csrrs   s1, minstret, zero
core   0: 3 0x0000000080005fce (0xb02024f3) x9  0x0000000000000d19
core   0: 0x0000000080005fd2 (0x0000a811) c.j     pc + 20
core   0: 3 0x0000000080005fd2 (0xa811)
core   0: >>>>  mepc_4
core   0: 0x0000000080005fe6 (0x00000791) c.addi  a5, 4
core   0: 3 0x0000000080005fe6 (0x0791) x15 0x0000000080004fbe
core   0: 0x0000000080005fe8 (0x34179073) csrrw   zero, mepc, a5
core   0: 3 0x0000000080005fe8 (0x34179073) c833_mepc 0x0000000080004fbe
core   0: 0x0000000080005fec (0x30200073) mret
core   0: 3 0x0000000080005fec (0x30200073) c768_mstatus 0x8000000a00106080
core   0: 0x0000000080004fbe (0x01239333) sll     t1, t2, s2
core   0: 1 0x0000000080004fbe (0x01239333) x6  0x0000000000000001
core   0: 0x0000000080004fc2 (0xd0287dd3) fcvt.s.l fs11, a6
core   0: 1 0x0000000080004fc2 (0xd0287dd3) f27 0xffffffffc4f66000
core   0: 0x0000000080004fc6 (0x02696abb) remw    s5, s2, t1
core   0: 1 0x0000000080004fc6 (0x02696abb) x21 0x0000000000000000
core   0: 0x0000000080004fca (0x039bf9bb) remuw   s3, s7, s9
core   0: 1 0x0000000080004fca (0x039bf9bb) x19 0x0000000000000000
core   0: 0x0000000080004fce (0xb6136393) ori     t2, t1, -1183
core   0: 1 0x0000000080004fce (0xb6136393) x7  0xfffffffffffffb61
core   0: 0x0000000080004fd2 (0xc0377153) fcvt.lu.s sp, fa4
core   0: 1 0x0000000080004fd2 (0xc0377153) x2  0x0000000000000001
core   0: 0x0000000080004fd6 (0x00202cf3) csrrs   s9, frm, zero
core   0: 1 0x0000000080004fd6 (0x00202cf3) x25 0x0000000000000000
core   0: 0x0000000080004fda (0x89d84d93) xori    s11, a6, -1891
core   0: 1 0x0000000080004fda (0x89d84d93) x27 0x00000000000000d0
core   0: 0x0000000080004fde (0x419ad01b) sraiw   zero, s5, 25
core   0: 1 0x0000000080004fde (0x419ad01b)
core   0: 0x0000000080004fe2 (0x404bdab3) sra     s5, s7, tp
core   0: 1 0x0000000080004fe2 (0x404bdab3) x21 0x0000000000000000
core   0: 0x0000000080004fe6 (0xd20502d3) fcvt.d.w ft5, a0
core   0: 1 0x0000000080004fe6 (0xd20502d3) f5  0x40a4000000000000
core   0: 0x0000000080004fea (0xd2130653) fcvt.d.wu fa2, t1
core   0: 1 0x0000000080004fea (0xd2130653) f12 0x3ff0000000000000
core   0: 0x0000000080004fee (0xa2c20cd3) fle.d   s9, ft4, fa2
core   0: 1 0x0000000080004fee (0xa2c20cd3) c1_fflags 0x0000000000000011 x25 0x0000000000000000
core   0: 0x0000000080004ff2 (0x0195d0bb) srlw    ra, a1, s9
core   0: 1 0x0000000080004ff2 (0x0195d0bb) x1  0xffffffffb82491f3
core   0: 0x0000000080004ff6 (0x008adb3b) srlw    s6, s5, s0
core   0: 1 0x0000000080004ff6 (0x008adb3b) x22 0x0000000000000000
core   0: 0x0000000080004ffa (0x013e6133) or      sp, t3, s3
core   0: 1 0x0000000080004ffa (0x013e6133) x2  0x0000000000000000
core   0: 0x0000000080004ffe (0x22589b53) fsgnjn.d fs6, fa7, ft5
core   0: 1 0x0000000080004ffe (0x22589b53) f22 0xfff8000000000000
core   0: 0x0000000080005002 (0x0361f353) fadd.d  ft6, ft3, fs6
core   0: 1 0x0000000080005002 (0x0361f353) f6  0x7ff8000000000000
core   0: 0x0000000080005006 (0x01312133) slt     sp, sp, s3
core   0: 1 0x0000000080005006 (0x01312133) x2  0x0000000000000000
core   0: 0x000000008000500a (0xc03ffc73) csrrci  s8, hpmcounter3, 31
core   0: exception trap_illegal_instruction, epc 0x000000008000500a
core   0:           tval 0x00000000c03ffc73
core   0: >>>>  $xrv64i2p1_m2p0_a2p1_f2p2_d2p2_zicsr2p0_zifencei2p0_zmmul1p0_zba1p0_zbb1p0_zbc1p0_zbs1p0
core   0: 0x0000000080004000 (0x0080006f) j       pc + 0x8
core   0: 3 0x0000000080004000 (0x0080006f)
core   0: >>>>  mmode_exception_handler
core   0: 0x0000000080004008 (0x00002c17) auipc   s8, 0x2
core   0: 3 0x0000000080004008 (0x00002c17) x24 0x0000000080006008
core   0: 0x000000008000400c (0xfaac0c13) addi    s8, s8, -86
core   0: 3 0x000000008000400c (0xfaac0c13) x24 0x0000000080005fb2
core   0: 0x0000000080004010 (0x000c00e7) jalr    s8
core   0: 3 0x0000000080004010 (0x000c00e7) x1  0x0000000080004014
core   0: >>>>  any_handler
core   0: 0x0000000080005fb2 (0x341027f3) csrrs   a5, mepc, zero
core   0: 3 0x0000000080005fb2 (0x341027f3) x15 0x000000008000500a
core   0: 0x0000000080005fb6 (0x34202773) csrrs   a4, mcause, zero
core   0: 3 0x0000000080005fb6 (0x34202773) x14 0x0000000000000002
core   0: 0x0000000080005fba (0x142026f3) csrrs   a3, scause, zero
core   0: 3 0x0000000080005fba (0x142026f3) x13 0x0000000000000000
core   0: 0x0000000080005fbe (0x30402673) csrrs   a2, mie, zero
core   0: 3 0x0000000080005fbe (0x30402673) x12 0x0000000000000a00
core   0: 0x0000000080005fc2 (0x344025f3) csrrs   a1, mip, zero
core   0: 3 0x0000000080005fc2 (0x344025f3) x11 0x0000000000000080
core   0: 0x0000000080005fc6 (0x343025f3) csrrs   a1, mtval, zero
core   0: 3 0x0000000080005fc6 (0x343025f3) x11 0x00000000c03ffc73
core   0: 0x0000000080005fca (0x14302573) csrrs   a0, stval, zero
core   0: 3 0x0000000080005fca (0x14302573) x10 0x0000000000000a00
core   0: 0x0000000080005fce (0xb02024f3) csrrs   s1, minstret, zero
core   0: 3 0x0000000080005fce (0xb02024f3) x9  0x0000000000000d3c
core   0: 0x0000000080005fd2 (0x0000a811) c.j     pc + 20
core   0: 3 0x0000000080005fd2 (0xa811)
core   0: >>>>  mepc_4
core   0: 0x0000000080005fe6 (0x00000791) c.addi  a5, 4
core   0: 3 0x0000000080005fe6 (0x0791) x15 0x000000008000500e
core   0: 0x0000000080005fe8 (0x34179073) csrrw   zero, mepc, a5
core   0: 3 0x0000000080005fe8 (0x34179073) c833_mepc 0x000000008000500e
core   0: 0x0000000080005fec (0x30200073) mret
core   0: 3 0x0000000080005fec (0x30200073) c768_mstatus 0x8000000a00106080
core   0: 0x000000008000500e (0x0105959b) slliw   a1, a1, 16
core   0: 1 0x000000008000500e (0x0105959b) x11 0xfffffffffc730000
core   0: 0x0000000080005012 (0x2ac61a53) fmax.d  fs4, fa2, fa2
core   0: 1 0x0000000080005012 (0x2ac61a53) f20 0x3ff0000000000000
core   0: 0x0000000080005016 (0xe20a06d3) fmv.x.d a3, fs4
core   0: 1 0x0000000080005016 (0xe20a06d3) x13 0x3ff0000000000000
core   0: 0x000000008000501a (0x010308bb) addw    a7, t1, a6
core   0: 1 0x000000008000501a (0x010308bb) x17 0xfffffffffffff84e
core   0: 0x000000008000501e (0x007223b3) slt     t2, tp, t2
core   0: 1 0x000000008000501e (0x007223b3) x7  0x0000000000000001
core   0: 0x0000000080005022 (0xc23e77d3) fcvt.lu.d a5, ft8
core   0: 1 0x0000000080005022 (0xc23e77d3) c1_fflags 0x0000000000000011 x15 0x0000000000000000
core   0: 0x0000000080005026 (0x01a999b3) sll     s3, s3, s10
core   0: 1 0x0000000080005026 (0x01a999b3) x19 0x0000000000000000
core   0: 0x000000008000502a (0x00fbdb93) srli    s7, s7, 15
core   0: 1 0x000000008000502a (0x00fbdb93) x23 0x0000000000000000
core   0: 0x000000008000502e (0xe282f44b) fnmsub.d fs0, ft5, fs0, ft8
core   0: 1 0x000000008000502e (0xe282f44b) f8  0x7ff8000000000000
core   0: 0x0000000080005032 (0x00e010b3) sll     ra, zero, a4
core   0: 1 0x0000000080005032 (0x00e010b3) x1  0x0000000000000000
core   0: 0x0000000080005036 (0xd2070153) fcvt.d.w ft2, a4
core   0: 1 0x0000000080005036 (0xd2070153) f2  0x4000000000000000
core   0: 0x000000008000503a (0x02a085bb) mulw    a1, ra, a0
core   0: 1 0x000000008000503a (0x02a085bb) x11 0x0000000000000000
core   0: 0x000000008000503e (0x008858b3) srl     a7, a6, s0
core   0: 1 0x000000008000503e (0x008858b3) x17 0xfffffffffffff84d
core   0: 0x0000000080005042 (0x1407e173) csrrsi  sp, sscratch, 15
core   0: 1 0x0000000080005042 (0x1407e173) x2  0x0000000000000000 c320_sscratch 0x000000000000000f
core   0: 0x0000000080005046 (0x02c20233) mul     tp, tp, a2
core   0: 1 0x0000000080005046 (0x02c20233) x4  0xffffff600061f800
core   0: 0x000000008000504a (0x12dc7bd3) fmul.d  fs7, fs8, fa3
core   0: 1 0x000000008000504a (0x12dc7bd3) f23 0x7ff8000000000000
core   0: 0x000000008000504e (0x02bd5d13) srli    s10, s10, 43
core   0: 1 0x000000008000504e (0x02bd5d13) x26 0x0000000000000000
core   0: 0x0000000080005052 (0xa9204b93) xori    s7, zero, -1390
core   0: 1 0x0000000080005052 (0xa9204b93) x23 0xfffffffffffffa92
core   0: 0x0000000080005056 (0x237b81d3) fsgnj.d ft3, fs7, fs7
core   0: 1 0x0000000080005056 (0x237b81d3) f3  0x7ff8000000000000
core   0: 0x000000008000505a (0x00202073) csrrs   zero, frm, zero
core   0: 1 0x000000008000505a (0x00202073)
core   0: 0x000000008000505e (0x3069ed73) csrrsi  s10, mcounteren, 19
core   0: exception trap_illegal_instruction, epc 0x000000008000505e
core   0:           tval 0x000000003069ed73
core   0: >>>>  $xrv64i2p1_m2p0_a2p1_f2p2_d2p2_zicsr2p0_zifencei2p0_zmmul1p0_zba1p0_zbb1p0_zbc1p0_zbs1p0
core   0: 0x0000000080004000 (0x0080006f) j       pc + 0x8
core   0: 3 0x0000000080004000 (0x0080006f)
core   0: >>>>  mmode_exception_handler
core   0: 0x0000000080004008 (0x00002c17) auipc   s8, 0x2
core   0: 3 0x0000000080004008 (0x00002c17) x24 0x0000000080006008
core   0: 0x000000008000400c (0xfaac0c13) addi    s8, s8, -86
core   0: 3 0x000000008000400c (0xfaac0c13) x24 0x0000000080005fb2
core   0: 0x0000000080004010 (0x000c00e7) jalr    s8
core   0: 3 0x0000000080004010 (0x000c00e7) x1  0x0000000080004014
core   0: >>>>  any_handler
core   0: 0x0000000080005fb2 (0x341027f3) csrrs   a5, mepc, zero
core   0: 3 0x0000000080005fb2 (0x341027f3) x15 0x000000008000505e
core   0: 0x0000000080005fb6 (0x34202773) csrrs   a4, mcause, zero
core   0: 3 0x0000000080005fb6 (0x34202773) x14 0x0000000000000002
core   0: 0x0000000080005fba (0x142026f3) csrrs   a3, scause, zero
core   0: 3 0x0000000080005fba (0x142026f3) x13 0x0000000000000000
core   0: 0x0000000080005fbe (0x30402673) csrrs   a2, mie, zero
core   0: 3 0x0000000080005fbe (0x30402673) x12 0x0000000000000a00
core   0: 0x0000000080005fc2 (0x344025f3) csrrs   a1, mip, zero
core   0: 3 0x0000000080005fc2 (0x344025f3) x11 0x0000000000000080
core   0: 0x0000000080005fc6 (0x343025f3) csrrs   a1, mtval, zero
core   0: 3 0x0000000080005fc6 (0x343025f3) x11 0x000000003069ed73
core   0: 0x0000000080005fca (0x14302573) csrrs   a0, stval, zero
core   0: 3 0x0000000080005fca (0x14302573) x10 0x0000000000000a00
core   0: 0x0000000080005fce (0xb02024f3) csrrs   s1, minstret, zero
core   0: 3 0x0000000080005fce (0xb02024f3) x9  0x0000000000000d60
core   0: 0x0000000080005fd2 (0x0000a811) c.j     pc + 20
core   0: 3 0x0000000080005fd2 (0xa811)
core   0: >>>>  mepc_4
core   0: 0x0000000080005fe6 (0x00000791) c.addi  a5, 4
core   0: 3 0x0000000080005fe6 (0x0791) x15 0x0000000080005062
core   0: 0x0000000080005fe8 (0x34179073) csrrw   zero, mepc, a5
core   0: 3 0x0000000080005fe8 (0x34179073) c833_mepc 0x0000000080005062
core   0: 0x0000000080005fec (0x30200073) mret
core   0: 3 0x0000000080005fec (0x30200073) c768_mstatus 0x8000000a00106080
core   0: 0x0000000080005062 (0x0137e1b3) or      gp, a5, s3
core   0: 1 0x0000000080005062 (0x0137e1b3) x3  0x0000000080005062
core   0: 0x0000000080005066 (0x0a21ff53) fsub.d  ft10, ft3, ft2
core   0: 1 0x0000000080005066 (0x0a21ff53) f30 0x7ff8000000000000
core   0: 0x000000008000506a (0x005a9ab3) sll     s5, s5, t0
core   0: 1 0x000000008000506a (0x005a9ab3) x21 0x0000000000000000
core   0: 0x000000008000506e (0x02022b33) mulhsu  s6, tp, zero
core   0: 1 0x000000008000506e (0x02022b33) x22 0x0000000000000000
core   0: 0x0000000080005072 (0x00231a73) csrrw   s4, frm, t1
core   0: 1 0x0000000080005072 (0x00231a73) x20 0x0000000000000000 c2_frm 0x0000000000000001
core   0: 0x0000000080005076 (0x0141113b) sllw    sp, sp, s4
core   0: 1 0x0000000080005076 (0x0141113b) x2  0x0000000000000000
core   0: 0x000000008000507a (0x0002921b) slliw   tp, t0, 0
core   0: 1 0x000000008000507a (0x0002921b) x4  0x0000000000000000
core   0: 0x000000008000507e (0x001020f3) csrrs   ra, fflags, zero
core   0: 1 0x000000008000507e (0x001020f3) x1  0x0000000000000011
core   0: 0x0000000080005082 (0x016e4033) xor     zero, t3, s6
core   0: 1 0x0000000080005082 (0x016e4033)
core   0: 0x0000000080005086 (0xa3e68bd3) fle.d   s7, fa3, ft10
core   0: 1 0x0000000080005086 (0xa3e68bd3) c1_fflags 0x0000000000000011 x23 0x0000000000000000
core   0: 0x000000008000508a (0x03b49193) slli    gp, s1, 59
core   0: 1 0x000000008000508a (0x03b49193) x3  0x0000000000000000
core   0: 0x000000008000508e (0x00780e3b) addw    t3, a6, t2
core   0: 1 0x000000008000508e (0x00780e3b) x28 0xfffffffffffff84e
core   0: 0x0000000080005092 (0x0049c4b3) xor     s1, s3, tp
core   0: 1 0x0000000080005092 (0x0049c4b3) x9  0x0000000000000000
core   0: 0x0000000080005096 (0x00209cf3) csrrw   s9, frm, ra
core   0: 1 0x0000000080005096 (0x00209cf3) x25 0x0000000000000001 c2_frm 0x0000000000000001
core   0: 0x000000008000509a (0x00008ce5) c.and   s1, s1
core   0: 1 0x000000008000509a (0x8ce5) x9  0x0000000000000000
core   0: 0x000000008000509c (0x411dddb3) sra     s11, s11, a7
core   0: 1 0x000000008000509c (0x411dddb3) x27 0x0000000000000000
core   0: 0x00000000800050a0 (0x030d22b3) mulhsu  t0, s10, a6
core   0: 1 0x00000000800050a0 (0x030d22b3) x5  0x0000000000000000
core   0: 0x00000000800050a4 (0x00000001) c.nop
core   0: 1 0x00000000800050a4 (0x0001)
core   0: 0x00000000800050a6 (0x0052da33) srl     s4, t0, t0
core   0: 1 0x00000000800050a6 (0x0052da33) x20 0x0000000000000000
core   0: 0x00000000800050aa (0xd02a77d3) fcvt.s.l fa5, s4
core   0: 1 0x00000000800050aa (0xd02a77d3) f15 0xffffffff00000000
core   0: 0x00000000800050ae (0x0371f5bb) remuw   a1, gp, s7
core   0: 1 0x00000000800050ae (0x0371f5bb) x11 0x0000000000000000
core   0: 0x00000000800050b2 (0xd025fe53) fcvt.s.l ft8, a1
core   0: 1 0x00000000800050b2 (0xd025fe53) f28 0xffffffff00000000
core   0: 0x00000000800050b6 (0xe2078753) fmv.x.d a4, fa5
core   0: 1 0x00000000800050b6 (0xe2078753) x14 0xffffffff00000000
core   0: 0x00000000800050ba (0x4015d093) srai    ra, a1, 1
core   0: 1 0x00000000800050ba (0x4015d093) x1  0x0000000000000000
core   0: 0x00000000800050be (0xd02a7353) fcvt.s.l ft6, s4
core   0: 1 0x00000000800050be (0xd02a7353) f6  0xffffffff00000000
core   0: 0x00000000800050c2 (0x23e09f53) fsgnjn.d ft10, ft1, ft10
core   0: 1 0x00000000800050c2 (0x23e09f53) f30 0xfff8000000000000
core   0: 0x00000000800050c6 (0x01a371b3) and     gp, t1, s10
core   0: 1 0x00000000800050c6 (0x01a371b3) x3  0x0000000000000000
core   0: 0x00000000800050ca (0x001a1cf3) csrrw   s9, fflags, s4
core   0: 1 0x00000000800050ca (0x001a1cf3) x25 0x0000000000000011 c1_fflags 0x0000000000000000
core   0: 0x00000000800050ce (0x0becfe53) fsub.d  ft8, fs9, ft10
core   0: 1 0x00000000800050ce (0x0becfe53) f28 0x7ff8000000000000
core   0: 0x00000000800050d2 (0x03acdab3) divu    s5, s9, s10
core   0: 1 0x00000000800050d2 (0x03acdab3) x21 0xffffffffffffffff
core   0: 0x00000000800050d6 (0x0003debb) srlw    t4, t2, zero
core   0: 1 0x00000000800050d6 (0x0003debb) x29 0x0000000000000001
core   0: 0x00000000800050da (0x000c1013) slli    zero, s8, 0
core   0: 1 0x00000000800050da (0x000c1013)
core   0: 0x00000000800050de (0x80000c1b) addiw   s8, zero, -2048
core   0: 1 0x00000000800050de (0x80000c1b) x24 0xfffffffffffff800
core   0: 0x00000000800050e2 (0x00000001) c.nop
core   0: 1 0x00000000800050e2 (0x0001)
core   0: 0x00000000800050e4 (0x12e67753) fmul.d  fa4, fa2, fa4
core   0: 1 0x00000000800050e4 (0x12e67753) f14 0x7ff8000000000000
core   0: 0x00000000800050e8 (0x629ef693) andi    a3, t4, 1577
core   0: 1 0x00000000800050e8 (0x629ef693) x13 0x0000000000000001
core   0: 0x00000000800050ec (0xc036fc53) fcvt.lu.s s8, fa3
core   0: 1 0x00000000800050ec (0xc036fc53) x24 0x0000000080006000
core   0: 0x00000000800050f0 (0x00202373) csrrs   t1, frm, zero
core   0: 1 0x00000000800050f0 (0x00202373) x6  0x0000000000000001
core   0: 0x00000000800050f4 (0x7ffa7a13) andi    s4, s4, 2047
core   0: 1 0x00000000800050f4 (0x7ffa7a13) x20 0x0000000000000000
core   0: 0x00000000800050f8 (0xc2027653) fcvt.w.d a2, ft4
core   0: 1 0x00000000800050f8 (0xc2027653) c1_fflags 0x0000000000000010 x12 0x000000007fffffff
core   0: 0x00000000800050fc (0xc03af853) fcvt.lu.s a6, fs5
core   0: 1 0x00000000800050fc (0xc03af853) c1_fflags 0x0000000000000010 x16 0xffffffffffffffff
core   0: 0x0000000080005100 (0x0ff0000f) fence   iorw,iorw
core   0: 1 0x0000000080005100 (0x0ff0000f)
core   0: 0x0000000080005104 (0x022d3e33) mulhu   t3, s10, sp
core   0: 1 0x0000000080005104 (0x022d3e33) x28 0x0000000000000000
core   0: 0x0000000080005108 (0x4008571b) sraiw   a4, a6, 0
core   0: 1 0x0000000080005108 (0x4008571b) x14 0xffffffffffffffff
core   0: 0x000000008000510c (0x31a42c73) csrrs   s8, menvcfgh, s0
core   0: exception trap_illegal_instruction, epc 0x000000008000510c
core   0:           tval 0x0000000031a42c73
core   0: >>>>  $xrv64i2p1_m2p0_a2p1_f2p2_d2p2_zicsr2p0_zifencei2p0_zmmul1p0_zba1p0_zbb1p0_zbc1p0_zbs1p0
core   0: 0x0000000080004000 (0x0080006f) j       pc + 0x8
core   0: 3 0x0000000080004000 (0x0080006f)
core   0: >>>>  mmode_exception_handler
core   0: 0x0000000080004008 (0x00002c17) auipc   s8, 0x2
core   0: 3 0x0000000080004008 (0x00002c17) x24 0x0000000080006008
core   0: 0x000000008000400c (0xfaac0c13) addi    s8, s8, -86
core   0: 3 0x000000008000400c (0xfaac0c13) x24 0x0000000080005fb2
core   0: 0x0000000080004010 (0x000c00e7) jalr    s8
core   0: 3 0x0000000080004010 (0x000c00e7) x1  0x0000000080004014
core   0: >>>>  any_handler
core   0: 0x0000000080005fb2 (0x341027f3) csrrs   a5, mepc, zero
core   0: 3 0x0000000080005fb2 (0x341027f3) x15 0x000000008000510c
core   0: 0x0000000080005fb6 (0x34202773) csrrs   a4, mcause, zero
core   0: 3 0x0000000080005fb6 (0x34202773) x14 0x0000000000000002
core   0: 0x0000000080005fba (0x142026f3) csrrs   a3, scause, zero
core   0: 3 0x0000000080005fba (0x142026f3) x13 0x0000000000000000
core   0: 0x0000000080005fbe (0x30402673) csrrs   a2, mie, zero
core   0: 3 0x0000000080005fbe (0x30402673) x12 0x0000000000000a00
core   0: 0x0000000080005fc2 (0x344025f3) csrrs   a1, mip, zero
core   0: 3 0x0000000080005fc2 (0x344025f3) x11 0x0000000000000080
core   0: 0x0000000080005fc6 (0x343025f3) csrrs   a1, mtval, zero
core   0: 3 0x0000000080005fc6 (0x343025f3) x11 0x0000000031a42c73
core   0: 0x0000000080005fca (0x14302573) csrrs   a0, stval, zero
core   0: 3 0x0000000080005fca (0x14302573) x10 0x0000000000000a00
core   0: 0x0000000080005fce (0xb02024f3) csrrs   s1, minstret, zero
core   0: 3 0x0000000080005fce (0xb02024f3) x9  0x0000000000000d9c
core   0: 0x0000000080005fd2 (0x0000a811) c.j     pc + 20
core   0: 3 0x0000000080005fd2 (0xa811)
core   0: >>>>  mepc_4
core   0: 0x0000000080005fe6 (0x00000791) c.addi  a5, 4
core   0: 3 0x0000000080005fe6 (0x0791) x15 0x0000000080005110
core   0: 0x0000000080005fe8 (0x34179073) csrrw   zero, mepc, a5
core   0: 3 0x0000000080005fe8 (0x34179073) c833_mepc 0x0000000080005110
core   0: 0x0000000080005fec (0x30200073) mret
core   0: 3 0x0000000080005fec (0x30200073) c768_mstatus 0x8000000a00106080
core   0: 0x0000000080005110 (0x7a8cfbcb) fnmsub.d fs7, fs9, fs0, fa5
core   0: 1 0x0000000080005110 (0x7a8cfbcb) f23 0x7ff8000000000000
core   0: 0x0000000080005114 (0x0113c8b3) xor     a7, t2, a7
core   0: 1 0x0000000080005114 (0x0113c8b3) x17 0xfffffffffffff84c
core   0: 0x0000000080005118 (0x00102bf3) csrrs   s7, fflags, zero
core   0: 1 0x0000000080005118 (0x00102bf3) x23 0x0000000000000010
core   0: 0x000000008000511c (0xd20406d3) fcvt.d.w fa3, s0
core   0: 1 0x000000008000511c (0xd20406d3) f13 0x0000000000000000
core   0: 0x0000000080005120 (0x42c5d913) srai    s2, a1, 44
core   0: 1 0x0000000080005120 (0x42c5d913) x18 0x0000000000000000
core   0: 0x0000000080005124 (0x001a6a93) ori     s5, s4, 1
core   0: 1 0x0000000080005124 (0x001a6a93) x21 0x0000000000000001
core   0: 0x0000000080005128 (0x034a2533) mulhsu  a0, s4, s4
core   0: 1 0x0000000080005128 (0x034a2533) x10 0x0000000000000000
core   0: 0x000000008000512c (0x028c5c3b) divuw   s8, s8, s0
core   0: 1 0x000000008000512c (0x028c5c3b) x24 0xffffffffffffffff
core   0: 0x0000000080005130 (0xfa5d69b7) lui     s3, 0xfa5d6
core   0: 1 0x0000000080005130 (0xfa5d69b7) x19 0xfffffffffa5d6000
core   0: 0x0000000080005134 (0x0083dcb3) srl     s9, t2, s0
core   0: 1 0x0000000080005134 (0x0083dcb3) x25 0x0000000000000001
core   0: 0x0000000080005138 (0x01a40db3) add     s11, s0, s10
core   0: 1 0x0000000080005138 (0x01a40db3) x27 0x0000000000000000
core   0: 0x000000008000513c (0x0319e8b3) rem     a7, s3, a7
core   0: 1 0x000000008000513c (0x0319e8b3) x17 0xfffffffffffffeec
core   0: 0x0000000080005140 (0xf11c93f3) csrrw   t2, mvendorid, s9
core   0: exception trap_illegal_instruction, epc 0x0000000080005140
core   0:           tval 0x00000000f11c93f3
core   0: >>>>  $xrv64i2p1_m2p0_a2p1_f2p2_d2p2_zicsr2p0_zifencei2p0_zmmul1p0_zba1p0_zbb1p0_zbc1p0_zbs1p0
core   0: 0x0000000080004000 (0x0080006f) j       pc + 0x8
core   0: 3 0x0000000080004000 (0x0080006f)
core   0: >>>>  mmode_exception_handler
core   0: 0x0000000080004008 (0x00002c17) auipc   s8, 0x2
core   0: 3 0x0000000080004008 (0x00002c17) x24 0x0000000080006008
core   0: 0x000000008000400c (0xfaac0c13) addi    s8, s8, -86
core   0: 3 0x000000008000400c (0xfaac0c13) x24 0x0000000080005fb2
core   0: 0x0000000080004010 (0x000c00e7) jalr    s8
core   0: 3 0x0000000080004010 (0x000c00e7) x1  0x0000000080004014
core   0: >>>>  any_handler
core   0: 0x0000000080005fb2 (0x341027f3) csrrs   a5, mepc, zero
core   0: 3 0x0000000080005fb2 (0x341027f3) x15 0x0000000080005140
core   0: 0x0000000080005fb6 (0x34202773) csrrs   a4, mcause, zero
core   0: 3 0x0000000080005fb6 (0x34202773) x14 0x0000000000000002
core   0: 0x0000000080005fba (0x142026f3) csrrs   a3, scause, zero
core   0: 3 0x0000000080005fba (0x142026f3) x13 0x0000000000000000
core   0: 0x0000000080005fbe (0x30402673) csrrs   a2, mie, zero
core   0: 3 0x0000000080005fbe (0x30402673) x12 0x0000000000000a00
core   0: 0x0000000080005fc2 (0x344025f3) csrrs   a1, mip, zero
core   0: 3 0x0000000080005fc2 (0x344025f3) x11 0x0000000000000080
core   0: 0x0000000080005fc6 (0x343025f3) csrrs   a1, mtval, zero
core   0: 3 0x0000000080005fc6 (0x343025f3) x11 0x00000000f11c93f3
core   0: 0x0000000080005fca (0x14302573) csrrs   a0, stval, zero
core   0: 3 0x0000000080005fca (0x14302573) x10 0x0000000000000a00
core   0: 0x0000000080005fce (0xb02024f3) csrrs   s1, minstret, zero
core   0: 3 0x0000000080005fce (0xb02024f3) x9  0x0000000000000db8
core   0: 0x0000000080005fd2 (0x0000a811) c.j     pc + 20
core   0: 3 0x0000000080005fd2 (0xa811)
core   0: >>>>  mepc_4
core   0: 0x0000000080005fe6 (0x00000791) c.addi  a5, 4
core   0: 3 0x0000000080005fe6 (0x0791) x15 0x0000000080005144
core   0: 0x0000000080005fe8 (0x34179073) csrrw   zero, mepc, a5
core   0: 3 0x0000000080005fe8 (0x34179073) c833_mepc 0x0000000080005144
core   0: 0x0000000080005fec (0x30200073) mret
core   0: 3 0x0000000080005fec (0x30200073) c768_mstatus 0x8000000a00106080
core   0: 0x0000000080005144 (0x0216043b) mulw    s0, a2, ra
core   0: 1 0x0000000080005144 (0x0216043b) x8  0x000000000280c800
core   0: 0x0000000080005148 (0xa3770cd3) fle.d   s9, fa4, fs7
core   0: 1 0x0000000080005148 (0xa3770cd3) c1_fflags 0x0000000000000010 x25 0x0000000000000000
core   0: 0x000000008000514c (0x00202d73) csrrs   s10, frm, zero
core   0: 1 0x000000008000514c (0x00202d73) x26 0x0000000000000001
core   0: 0x0000000080005150 (0xc0277a53) fcvt.l.s s4, fa4
core   0: 1 0x0000000080005150 (0xc0277a53) c1_fflags 0x0000000000000010 x20 0x7fffffffffffffff
core   0: 0x0000000080005154 (0xd0946837) lui     a6, 0xd0946
core   0: 1 0x0000000080005154 (0xd0946837) x16 0xffffffffd0946000
core   0: 0x0000000080005158 (0x000393b3) sll     t2, t2, zero
core   0: 1 0x0000000080005158 (0x000393b3) x7  0x0000000000000001
core   0: 0x000000008000515c (0xc22bf453) fcvt.l.d s0, fs7
core   0: 1 0x000000008000515c (0xc22bf453) c1_fflags 0x0000000000000010 x8  0x7fffffffffffffff
core   0: 0x0000000080005160 (0xd20104d3) fcvt.d.w fs1, sp
core   0: 1 0x0000000080005160 (0xd20104d3) f9  0x0000000000000000
core   0: 0x0000000080005164 (0xd028f6d3) fcvt.s.l fa3, a7
core   0: 1 0x0000000080005164 (0xd028f6d3) f13 0xffffffffc38a0000
core   0: 0x0000000080005168 (0x00259ef3) csrrw   t4, frm, a1
core   0: 1 0x0000000080005168 (0x00259ef3) x29 0x0000000000000001 c2_frm 0x0000000000000003
core   0: 0x000000008000516c (0xc0397ad3) fcvt.lu.s s5, fs2
core   0: 1 0x000000008000516c (0xc0397ad3) x21 0x0000000000000005
core   0: 0x0000000080005170 (0xa3e40653) fle.d   a2, fs0, ft10
core   0: 1 0x0000000080005170 (0xa3e40653) c1_fflags 0x0000000000000010 x12 0x0000000000000000
core   0: 0x0000000080005174 (0xb02199f3) csrrw   s3, minstret, gp
core   0: exception trap_illegal_instruction, epc 0x0000000080005174
core   0:           tval 0x00000000b02199f3
core   0: >>>>  $xrv64i2p1_m2p0_a2p1_f2p2_d2p2_zicsr2p0_zifencei2p0_zmmul1p0_zba1p0_zbb1p0_zbc1p0_zbs1p0
core   0: 0x0000000080004000 (0x0080006f) j       pc + 0x8
core   0: 3 0x0000000080004000 (0x0080006f)
core   0: >>>>  mmode_exception_handler
core   0: 0x0000000080004008 (0x00002c17) auipc   s8, 0x2
core   0: 3 0x0000000080004008 (0x00002c17) x24 0x0000000080006008
core   0: 0x000000008000400c (0xfaac0c13) addi    s8, s8, -86
core   0: 3 0x000000008000400c (0xfaac0c13) x24 0x0000000080005fb2
core   0: 0x0000000080004010 (0x000c00e7) jalr    s8
core   0: 3 0x0000000080004010 (0x000c00e7) x1  0x0000000080004014
core   0: >>>>  any_handler
core   0: 0x0000000080005fb2 (0x341027f3) csrrs   a5, mepc, zero
core   0: 3 0x0000000080005fb2 (0x341027f3) x15 0x0000000080005174
core   0: 0x0000000080005fb6 (0x34202773) csrrs   a4, mcause, zero
core   0: 3 0x0000000080005fb6 (0x34202773) x14 0x0000000000000002
core   0: 0x0000000080005fba (0x142026f3) csrrs   a3, scause, zero
core   0: 3 0x0000000080005fba (0x142026f3) x13 0x0000000000000000
core   0: 0x0000000080005fbe (0x30402673) csrrs   a2, mie, zero
core   0: 3 0x0000000080005fbe (0x30402673) x12 0x0000000000000a00
core   0: 0x0000000080005fc2 (0x344025f3) csrrs   a1, mip, zero
core   0: 3 0x0000000080005fc2 (0x344025f3) x11 0x0000000000000080
core   0: 0x0000000080005fc6 (0x343025f3) csrrs   a1, mtval, zero
core   0: 3 0x0000000080005fc6 (0x343025f3) x11 0x00000000b02199f3
core   0: 0x0000000080005fca (0x14302573) csrrs   a0, stval, zero
core   0: 3 0x0000000080005fca (0x14302573) x10 0x0000000000000a00
core   0: 0x0000000080005fce (0xb02024f3) csrrs   s1, minstret, zero
core   0: 3 0x0000000080005fce (0xb02024f3) x9  0x0000000000000dd4
core   0: 0x0000000080005fd2 (0x0000a811) c.j     pc + 20
core   0: 3 0x0000000080005fd2 (0xa811)
core   0: >>>>  mepc_4
core   0: 0x0000000080005fe6 (0x00000791) c.addi  a5, 4
core   0: 3 0x0000000080005fe6 (0x0791) x15 0x0000000080005178
core   0: 0x0000000080005fe8 (0x34179073) csrrw   zero, mepc, a5
core   0: 3 0x0000000080005fe8 (0x34179073) c833_mepc 0x0000000080005178
core   0: 0x0000000080005fec (0x30200073) mret
core   0: 3 0x0000000080005fec (0x30200073) c768_mstatus 0x8000000a00106080
core   0: 0x0000000080005178 (0x0221ea33) rem     s4, gp, sp
core   0: 1 0x0000000080005178 (0x0221ea33) x20 0x0000000000000000
core   0: 0x000000008000517c (0x002e9e9b) slliw   t4, t4, 2
core   0: 1 0x000000008000517c (0x002e9e9b) x29 0x0000000000000004
core   0: 0x0000000080005180 (0x401cf853) fcvt.s.d fa6, fs9
core   0: 1 0x0000000080005180 (0x401cf853) c1_fflags 0x0000000000000011 f16 0xffffffffdf7fffff
core   0: 0x0000000080005184 (0x4084dd3b) sraw    s10, s1, s0
core   0: 1 0x0000000080005184 (0x4084dd3b) x26 0x0000000000000000
core   0: 0x0000000080005188 (0x024d6233) rem     tp, s10, tp
core   0: 1 0x0000000080005188 (0x024d6233) x4  0x0000000000000000
core   0: 0x000000008000518c (0x5a05fbd3) fsqrt.d fs7, fa1
core   0: 1 0x000000008000518c (0x5a05fbd3) f23 0x7ff8000000000000
core   0: 0x0000000080005190 (0xc0006773) csrrsi  a4, cycle, 0
core   0: exception trap_illegal_instruction, epc 0x0000000080005190
core   0:           tval 0x00000000c0006773
core   0: >>>>  $xrv64i2p1_m2p0_a2p1_f2p2_d2p2_zicsr2p0_zifencei2p0_zmmul1p0_zba1p0_zbb1p0_zbc1p0_zbs1p0
core   0: 0x0000000080004000 (0x0080006f) j       pc + 0x8
core   0: 3 0x0000000080004000 (0x0080006f)
core   0: >>>>  mmode_exception_handler
core   0: 0x0000000080004008 (0x00002c17) auipc   s8, 0x2
core   0: 3 0x0000000080004008 (0x00002c17) x24 0x0000000080006008
core   0: 0x000000008000400c (0xfaac0c13) addi    s8, s8, -86
core   0: 3 0x000000008000400c (0xfaac0c13) x24 0x0000000080005fb2
core   0: 0x0000000080004010 (0x000c00e7) jalr    s8
core   0: 3 0x0000000080004010 (0x000c00e7) x1  0x0000000080004014
core   0: >>>>  any_handler
core   0: 0x0000000080005fb2 (0x341027f3) csrrs   a5, mepc, zero
core   0: 3 0x0000000080005fb2 (0x341027f3) x15 0x0000000080005190
core   0: 0x0000000080005fb6 (0x34202773) csrrs   a4, mcause, zero
core   0: 3 0x0000000080005fb6 (0x34202773) x14 0x0000000000000002
core   0: 0x0000000080005fba (0x142026f3) csrrs   a3, scause, zero
core   0: 3 0x0000000080005fba (0x142026f3) x13 0x0000000000000000
core   0: 0x0000000080005fbe (0x30402673) csrrs   a2, mie, zero
core   0: 3 0x0000000080005fbe (0x30402673) x12 0x0000000000000a00
core   0: 0x0000000080005fc2 (0x344025f3) csrrs   a1, mip, zero
core   0: 3 0x0000000080005fc2 (0x344025f3) x11 0x0000000000000080
core   0: 0x0000000080005fc6 (0x343025f3) csrrs   a1, mtval, zero
core   0: 3 0x0000000080005fc6 (0x343025f3) x11 0x00000000c0006773
core   0: 0x0000000080005fca (0x14302573) csrrs   a0, stval, zero
core   0: 3 0x0000000080005fca (0x14302573) x10 0x0000000000000a00
core   0: 0x0000000080005fce (0xb02024f3) csrrs   s1, minstret, zero
core   0: 3 0x0000000080005fce (0xb02024f3) x9  0x0000000000000dea
core   0: 0x0000000080005fd2 (0x0000a811) c.j     pc + 20
core   0: 3 0x0000000080005fd2 (0xa811)
core   0: >>>>  mepc_4
core   0: 0x0000000080005fe6 (0x00000791) c.addi  a5, 4
core   0: 3 0x0000000080005fe6 (0x0791) x15 0x0000000080005194
core   0: 0x0000000080005fe8 (0x34179073) csrrw   zero, mepc, a5
core   0: 3 0x0000000080005fe8 (0x34179073) c833_mepc 0x0000000080005194
core   0: 0x0000000080005fec (0x30200073) mret
core   0: 3 0x0000000080005fec (0x30200073) c768_mstatus 0x8000000a00106080
core   0: 0x0000000080005194 (0x230888d3) fsgnj.d fa7, fa7, fa6
core   0: 1 0x0000000080005194 (0x230888d3) f17 0xfff8000000000000
core   0: 0x0000000080005198 (0xd03b7953) fcvt.s.lu fs2, s6
core   0: 1 0x0000000080005198 (0xd03b7953) f18 0xffffffff00000000
core   0: 0x000000008000519c (0x020a483b) divw    a6, s4, zero
core   0: 1 0x000000008000519c (0x020a483b) x16 0xffffffffffffffff
core   0: 0x00000000800051a0 (0x03241933) mulh    s2, s0, s2
core   0: 1 0x00000000800051a0 (0x03241933) x18 0x0000000000000000
core   0: 0x00000000800051a4 (0x020d9413) slli    s0, s11, 32
core   0: 1 0x00000000800051a4 (0x020d9413) x8  0x0000000000000000
core   0: 0x00000000800051a8 (0x00bad5b3) srl     a1, s5, a1
core   0: 1 0x00000000800051a8 (0x00bad5b3) x11 0x0000000000000000
core   0: 0x00000000800051ac (0x034576b3) remu    a3, a0, s4
core   0: 1 0x00000000800051ac (0x034576b3) x13 0x0000000000000a00
core   0: 0x00000000800051b0 (0x0001f093) andi    ra, gp, 0
core   0: 1 0x00000000800051b0 (0x0001f093) x1  0x0000000000000000
core   0: 0x00000000800051b4 (0xf38074cb) fnmsub.d fs1, ft0, fs8, ft10
core   0: 1 0x00000000800051b4 (0xf38074cb) f9  0x7ff8000000000000
core   0: 0x00000000800051b8 (0x01617333) and     t1, sp, s6
core   0: 1 0x00000000800051b8 (0x01617333) x6  0x0000000000000000
core   0: 0x00000000800051bc (0x02d01033) mulh    zero, zero, a3
core   0: 1 0x00000000800051bc (0x02d01033)
core   0: 0x00000000800051c0 (0x1bd8fdd3) fdiv.d  fs11, fa7, ft9
core   0: 1 0x00000000800051c0 (0x1bd8fdd3) f27 0x7ff8000000000000
core   0: 0x00000000800051c4 (0xc20077d3) fcvt.w.d a5, ft0
core   0: 1 0x00000000800051c4 (0xc20077d3) c1_fflags 0x0000000000000011 x15 0x000000007fffffff
core   0: 0x00000000800051c8 (0xe71baa13) slti    s4, s7, -399
core   0: 1 0x00000000800051c8 (0xe71baa13) x20 0x0000000000000000
core   0: 0x00000000800051cc (0x225b0f53) fsgnj.d ft10, fs6, ft5
core   0: 1 0x00000000800051cc (0x225b0f53) f30 0x7ff8000000000000
core   0: 0x00000000800051d0 (0x008a4433) xor     s0, s4, s0
core   0: 1 0x00000000800051d0 (0x008a4433) x8  0x0000000000000000
core   0: 0x00000000800051d4 (0x401d7d53) fcvt.s.d fs10, fs10
core   0: 1 0x00000000800051d4 (0x401d7d53) f26 0xffffffff7fc00000
core   0: 0x00000000800051d8 (0xf20201d3) fmv.d.x ft3, tp
core   0: 1 0x00000000800051d8 (0xf20201d3) f3  0x0000000000000000
core   0: 0x00000000800051dc (0x0a7acb13) xori    s6, s5, 167
core   0: 1 0x00000000800051dc (0x0a7acb13) x22 0x00000000000000a2
core   0: 0x00000000800051e0 (0xfff2099b) addiw   s3, tp, -1
core   0: 1 0x00000000800051e0 (0xfff2099b) x19 0xffffffffffffffff
core   0: 0x00000000800051e4 (0x234d2253) fsgnjx.d ft4, fs10, fs4
core   0: 1 0x00000000800051e4 (0x234d2253) f4  0xffffffff7fc00000
core   0: 0x00000000800051e8 (0x00ea17b3) sll     a5, s4, a4
core   0: 1 0x00000000800051e8 (0x00ea17b3) x15 0x0000000000000000
core   0: 0x00000000800051ec (0x0007f693) andi    a3, a5, 0
core   0: 1 0x00000000800051ec (0x0007f693) x13 0x0000000000000000
core   0: 0x00000000800051f0 (0x02dc423b) divw    tp, s8, a3
core   0: 1 0x00000000800051f0 (0x02dc423b) x4  0xffffffffffffffff
core   0: 0x00000000800051f4 (0x1b01f853) fdiv.d  fa6, ft3, fa6
core   0: 1 0x00000000800051f4 (0x1b01f853) f16 0x7ff8000000000000
core   0: 0x00000000800051f8 (0x1410b0f3) csrrc   ra, sepc, ra
core   0: 1 0x00000000800051f8 (0x1410b0f3) x1  0x0000000000000000 c321_sepc 0x0000000000000000
core   0: 0x00000000800051fc (0x001029f3) csrrs   s3, fflags, zero
core   0: 1 0x00000000800051fc (0x001029f3) x19 0x0000000000000011
core   0: 0x0000000080005200 (0x0e146413) ori     s0, s0, 225
core   0: 1 0x0000000080005200 (0x0e146413) x8  0x00000000000000e1
core   0: 0x0000000080005204 (0x006d7a33) and     s4, s10, t1
core   0: 1 0x0000000080005204 (0x006d7a33) x20 0x0000000000000000
core   0: 0x0000000080005208 (0x0ff0000f) fence   iorw,iorw
core   0: 1 0x0000000080005208 (0x0ff0000f)
core   0: 0x000000008000520c (0x0a487053) fsub.d  ft0, fa6, ft4
core   0: 1 0x000000008000520c (0x0a487053) f0  0x7ff8000000000000
core   0: 0x0000000080005210 (0x2a7183d3) fmin.d  ft7, ft3, ft7
core   0: 1 0x0000000080005210 (0x2a7183d3) f7  0xc3efffffffffffff
core   0: 0x0000000080005214 (0x40a35013) srai    zero, t1, 10
core   0: 1 0x0000000080005214 (0x40a35013)
core   0: 0x0000000080005218 (0x5fcd7b93) andi    s7, s10, 1532
core   0: 1 0x0000000080005218 (0x5fcd7b93) x23 0x0000000000000000
core   0: 0x000000008000521c (0x02b76493) ori     s1, a4, 43
core   0: 1 0x000000008000521c (0x02b76493) x9  0x000000000000002b
core   0: 0x0000000080005220 (0xf114bd73) csrrc   s10, mvendorid, s1
core   0: exception trap_illegal_instruction, epc 0x0000000080005220
core   0:           tval 0x00000000f114bd73
core   0: >>>>  $xrv64i2p1_m2p0_a2p1_f2p2_d2p2_zicsr2p0_zifencei2p0_zmmul1p0_zba1p0_zbb1p0_zbc1p0_zbs1p0
core   0: 0x0000000080004000 (0x0080006f) j       pc + 0x8
core   0: 3 0x0000000080004000 (0x0080006f)
core   0: >>>>  mmode_exception_handler
core   0: 0x0000000080004008 (0x00002c17) auipc   s8, 0x2
core   0: 3 0x0000000080004008 (0x00002c17) x24 0x0000000080006008
core   0: 0x000000008000400c (0xfaac0c13) addi    s8, s8, -86
core   0: 3 0x000000008000400c (0xfaac0c13) x24 0x0000000080005fb2
core   0: 0x0000000080004010 (0x000c00e7) jalr    s8
core   0: 3 0x0000000080004010 (0x000c00e7) x1  0x0000000080004014
core   0: >>>>  any_handler
core   0: 0x0000000080005fb2 (0x341027f3) csrrs   a5, mepc, zero
core   0: 3 0x0000000080005fb2 (0x341027f3) x15 0x0000000080005220
core   0: 0x0000000080005fb6 (0x34202773) csrrs   a4, mcause, zero
core   0: 3 0x0000000080005fb6 (0x34202773) x14 0x0000000000000002
core   0: 0x0000000080005fba (0x142026f3) csrrs   a3, scause, zero
core   0: 3 0x0000000080005fba (0x142026f3) x13 0x0000000000000000
core   0: 0x0000000080005fbe (0x30402673) csrrs   a2, mie, zero
core   0: 3 0x0000000080005fbe (0x30402673) x12 0x0000000000000a00
core   0: 0x0000000080005fc2 (0x344025f3) csrrs   a1, mip, zero
core   0: 3 0x0000000080005fc2 (0x344025f3) x11 0x0000000000000080
core   0: 0x0000000080005fc6 (0x343025f3) csrrs   a1, mtval, zero
core   0: 3 0x0000000080005fc6 (0x343025f3) x11 0x00000000f114bd73
core   0: 0x0000000080005fca (0x14302573) csrrs   a0, stval, zero
core   0: 3 0x0000000080005fca (0x14302573) x10 0x0000000000000a00
core   0: 0x0000000080005fce (0xb02024f3) csrrs   s1, minstret, zero
core   0: 3 0x0000000080005fce (0xb02024f3) x9  0x0000000000000e1d
core   0: 0x0000000080005fd2 (0x0000a811) c.j     pc + 20
core   0: 3 0x0000000080005fd2 (0xa811)
core   0: >>>>  mepc_4
core   0: 0x0000000080005fe6 (0x00000791) c.addi  a5, 4
core   0: 3 0x0000000080005fe6 (0x0791) x15 0x0000000080005224
core   0: 0x0000000080005fe8 (0x34179073) csrrw   zero, mepc, a5
core   0: 3 0x0000000080005fe8 (0x34179073) c833_mepc 0x0000000080005224
core   0: 0x0000000080005fec (0x30200073) mret
core   0: 3 0x0000000080005fec (0x30200073) c768_mstatus 0x8000000a00106080
core   0: 0x0000000080005224 (0x41dd57b3) sra     a5, s10, t4
core   0: 1 0x0000000080005224 (0x41dd57b3) x15 0x0000000000000000
core   0: 0x0000000080005228 (0x00632bb3) slt     s7, t1, t1
core   0: 1 0x0000000080005228 (0x00632bb3) x23 0x0000000000000000
core   0: 0x000000008000522c (0x41f1d49b) sraiw   s1, gp, 31
core   0: 1 0x000000008000522c (0x41f1d49b) x9  0x0000000000000000
core   0: 0x0000000080005230 (0x00169033) sll     zero, a3, ra
core   0: 1 0x0000000080005230 (0x00169033)
core   0: 0x0000000080005234 (0x00c7d6bb) srlw    a3, a5, a2
core   0: 1 0x0000000080005234 (0x00c7d6bb) x13 0x0000000000000000
core   0: 0x0000000080005238 (0x0267edbb) remw    s11, a5, t1
core   0: 1 0x0000000080005238 (0x0267edbb) x27 0x0000000000000000
core   0: 0x000000008000523c (0x7334fbcb) fnmsub.d fs7, fs1, fs3, fa4
core   0: 1 0x000000008000523c (0x7334fbcb) f23 0x7ff8000000000000
core   0: 0x0000000080005240 (0x00085513) srli    a0, a6, 0
core   0: 1 0x0000000080005240 (0x00085513) x10 0xffffffffffffffff
core   0: 0x0000000080005244 (0xc03bf4d3) fcvt.lu.s s1, fs7
core   0: 1 0x0000000080005244 (0xc03bf4d3) c1_fflags 0x0000000000000011 x9  0xffffffffffffffff
core   0: 0x0000000080005248 (0x032b4dbb) divw    s11, s6, s2
core   0: 1 0x0000000080005248 (0x032b4dbb) x27 0xffffffffffffffff
core   0: 0x000000008000524c (0x01cd8d3b) addw    s10, s11, t3
core   0: 1 0x000000008000524c (0x01cd8d3b) x26 0xffffffffffffffff
core   0: 0x0000000080005250 (0x227383d3) fsgnj.d ft7, ft7, ft7
core   0: 1 0x0000000080005250 (0x227383d3) f7  0xc3efffffffffffff
core   0: 0x0000000080005254 (0xa2c383d3) fle.d   t2, ft7, fa2
core   0: 1 0x0000000080005254 (0xa2c383d3) x7  0x0000000000000001
core   0: 0x0000000080005258 (0x2a789b53) fmax.d  fs6, fa7, ft7
core   0: 1 0x0000000080005258 (0x2a789b53) f22 0xc3efffffffffffff
core   0: 0x000000008000525c (0x00171173) csrrw   sp, fflags, a4
core   0: 1 0x000000008000525c (0x00171173) x2  0x0000000000000011 c1_fflags 0x0000000000000002
core   0: 0x0000000080005260 (0x02eac833) div     a6, s5, a4
core   0: 1 0x0000000080005260 (0x02eac833) x16 0x0000000000000002
core   0: 0x0000000080005264 (0x14306373) csrrsi  t1, stval, 0
core   0: 1 0x0000000080005264 (0x14306373) x6  0x0000000000000a00
core   0: 0x0000000080005268 (0x93e9c9b7) lui     s3, 0x93e9c
core   0: 1 0x0000000080005268 (0x93e9c9b7) x19 0xffffffff93e9c000
core   0: 0x000000008000526c (0x4014f0d3) fcvt.s.d ft1, fs1
core   0: 1 0x000000008000526c (0x4014f0d3) f1  0xffffffff7fc00000
core   0: 0x0000000080005270 (0xf4156c13) ori     s8, a0, -191
core   0: 1 0x0000000080005270 (0xf4156c13) x24 0xffffffffffffffff
core   0: 0x0000000080005274 (0x413181bb) subw    gp, gp, s3
core   0: 1 0x0000000080005274 (0x413181bb) x3  0x000000006c164000
core   0: 0x0000000080005278 (0x34326473) csrrsi  s0, mtval, 4
core   0: exception trap_illegal_instruction, epc 0x0000000080005278
core   0:           tval 0x0000000034326473
core   0: >>>>  $xrv64i2p1_m2p0_a2p1_f2p2_d2p2_zicsr2p0_zifencei2p0_zmmul1p0_zba1p0_zbb1p0_zbc1p0_zbs1p0
core   0: 0x0000000080004000 (0x0080006f) j       pc + 0x8
core   0: 3 0x0000000080004000 (0x0080006f)
core   0: >>>>  mmode_exception_handler
core   0: 0x0000000080004008 (0x00002c17) auipc   s8, 0x2
core   0: 3 0x0000000080004008 (0x00002c17) x24 0x0000000080006008
core   0: 0x000000008000400c (0xfaac0c13) addi    s8, s8, -86
core   0: 3 0x000000008000400c (0xfaac0c13) x24 0x0000000080005fb2
core   0: 0x0000000080004010 (0x000c00e7) jalr    s8
core   0: 3 0x0000000080004010 (0x000c00e7) x1  0x0000000080004014
core   0: >>>>  any_handler
core   0: 0x0000000080005fb2 (0x341027f3) csrrs   a5, mepc, zero
core   0: 3 0x0000000080005fb2 (0x341027f3) x15 0x0000000080005278
core   0: 0x0000000080005fb6 (0x34202773) csrrs   a4, mcause, zero
core   0: 3 0x0000000080005fb6 (0x34202773) x14 0x0000000000000002
core   0: 0x0000000080005fba (0x142026f3) csrrs   a3, scause, zero
core   0: 3 0x0000000080005fba (0x142026f3) x13 0x0000000000000000
core   0: 0x0000000080005fbe (0x30402673) csrrs   a2, mie, zero
core   0: 3 0x0000000080005fbe (0x30402673) x12 0x0000000000000a00
core   0: 0x0000000080005fc2 (0x344025f3) csrrs   a1, mip, zero
core   0: 3 0x0000000080005fc2 (0x344025f3) x11 0x0000000000000080
core   0: 0x0000000080005fc6 (0x343025f3) csrrs   a1, mtval, zero
core   0: 3 0x0000000080005fc6 (0x343025f3) x11 0x0000000034326473
core   0: 0x0000000080005fca (0x14302573) csrrs   a0, stval, zero
core   0: 3 0x0000000080005fca (0x14302573) x10 0x0000000000000a00
core   0: 0x0000000080005fce (0xb02024f3) csrrs   s1, minstret, zero
core   0: 3 0x0000000080005fce (0xb02024f3) x9  0x0000000000000e42
core   0: 0x0000000080005fd2 (0x0000a811) c.j     pc + 20
core   0: 3 0x0000000080005fd2 (0xa811)
core   0: >>>>  mepc_4
core   0: 0x0000000080005fe6 (0x00000791) c.addi  a5, 4
core   0: 3 0x0000000080005fe6 (0x0791) x15 0x000000008000527c
core   0: 0x0000000080005fe8 (0x34179073) csrrw   zero, mepc, a5
core   0: 3 0x0000000080005fe8 (0x34179073) c833_mepc 0x000000008000527c
core   0: 0x0000000080005fec (0x30200073) mret
core   0: 3 0x0000000080005fec (0x30200073) c768_mstatus 0x8000000a00106080
core   0: 0x000000008000527c (0xf20388d3) fmv.d.x fa7, t2
core   0: 1 0x000000008000527c (0xf20388d3) f17 0x0000000000000001
core   0: 0x0000000080005280 (0x1ac37853) fdiv.d  fa6, ft6, fa2
core   0: 1 0x0000000080005280 (0x1ac37853) f16 0x7ff8000000000000
core   0: 0x0000000080005284 (0x2a8b9453) fmax.d  fs0, fs7, fs0
core   0: 1 0x0000000080005284 (0x2a8b9453) f8  0x7ff8000000000000
core   0: 0x0000000080005288 (0x00120733) add     a4, tp, ra
core   0: 1 0x0000000080005288 (0x00120733) x14 0x0000000080004013
core   0: 0x000000008000528c (0xa2640bd3) fle.d   s7, fs0, ft6
core   0: 1 0x000000008000528c (0xa2640bd3) c1_fflags 0x0000000000000012 x23 0x0000000000000000
core   0: 0x0000000080005290 (0x3b1e2d97) auipc   s11, 0x3b1e2
core   0: 1 0x0000000080005290 (0x3b1e2d97) x27 0x00000000bb1e7290
core   0: 0x0000000080005294 (0xf0a16113) ori     sp, sp, -246
core   0: 1 0x0000000080005294 (0xf0a16113) x2  0xffffffffffffff1b
core   0: 0x0000000080005298 (0x01b4a4b3) slt     s1, s1, s11
core   0: 1 0x0000000080005298 (0x01b4a4b3) x9  0x0000000000000001
core   0: 0x000000008000529c (0x1b0d7753) fdiv.d  fa4, fs10, fa6
core   0: 1 0x000000008000529c (0x1b0d7753) f14 0x7ff8000000000000
core   0: 0x00000000800052a0 (0x094f4e97) auipc   t4, 0x94f4
core   0: 1 0x00000000800052a0 (0x094f4e97) x29 0x00000000894f92a0
core   0: 0x00000000800052a4 (0x03e4c713) xori    a4, s1, 62
core   0: 1 0x00000000800052a4 (0x03e4c713) x14 0x000000000000003f
core   0: 0x00000000800052a8 (0x002d93f3) csrrw   t2, frm, s11
core   0: 1 0x00000000800052a8 (0x002d93f3) x7  0x0000000000000003 c2_frm 0x0000000000000000
core   0: 0x00000000800052ac (0x006688b3) add     a7, a3, t1
core   0: 1 0x00000000800052ac (0x006688b3) x17 0x0000000000000a00
core   0: 0x00000000800052b0 (0x1b0bfc53) fdiv.d  fs8, fs7, fa6
core   0: 1 0x00000000800052b0 (0x1b0bfc53) f24 0x7ff8000000000000
core   0: 0x00000000800052b4 (0x1be3f753) fdiv.d  fa4, ft7, ft10
core   0: 1 0x00000000800052b4 (0x1be3f753) f14 0x7ff8000000000000
core   0: 0x00000000800052b8 (0x0018fd93) andi    s11, a7, 1
core   0: 1 0x00000000800052b8 (0x0018fd93) x27 0x0000000000000000
core   0: 0x00000000800052bc (0xe5cb8b9b) addiw   s7, s7, -420
core   0: 1 0x00000000800052bc (0xe5cb8b9b) x23 0xfffffffffffffe5c
core   0: 0x00000000800052c0 (0x23770d53) fsgnj.d fs10, fa4, fs7
core   0: 1 0x00000000800052c0 (0x23770d53) f26 0x7ff8000000000000
core   0: 0x00000000800052c4 (0xab347acb) fnmsub.d fs5, fs0, fs3, fs5
core   0: 1 0x00000000800052c4 (0xab347acb) f21 0x7ff8000000000000
core   0: 0x00000000800052c8 (0x5a0471d3) fsqrt.d ft3, fs0
core   0: 1 0x00000000800052c8 (0x5a0471d3) f3  0x7ff8000000000000
core   0: 0x00000000800052cc (0x8b140513) addi    a0, s0, -1871
core   0: 1 0x00000000800052cc (0x8b140513) x10 0xfffffffffffff992
core   0: 0x00000000800052d0 (0xdd257693) andi    a3, a0, -558
core   0: 1 0x00000000800052d0 (0xdd257693) x13 0xfffffffffffff992
core   0: 0x00000000800052d4 (0x40dad13b) sraw    sp, s5, a3
core   0: 1 0x00000000800052d4 (0x40dad13b) x2  0x0000000000000000
core   0: 0x00000000800052d8 (0x41abd03b) sraw    zero, s7, s10
core   0: 1 0x00000000800052d8 (0x41abd03b)
core   0: 0x00000000800052dc (0x0031e2b3) or      t0, gp, gp
core   0: 1 0x00000000800052dc (0x0031e2b3) x5  0x000000006c164000
core   0: 0x00000000800052e0 (0xd226f853) fcvt.d.l fa6, a3
core   0: 1 0x00000000800052e0 (0xd226f853) f16 0xc099b80000000000
core   0: 0x00000000800052e4 (0x239afac7) fmsub.d fs5, fs5, fs9, ft4
core   0: 1 0x00000000800052e4 (0x239afac7) f21 0x7ff8000000000000
core   0: 0x00000000800052e8 (0x00000001) c.nop
core   0: 1 0x00000000800052e8 (0x0001)
core   0: 0x00000000800052ea (0x41e75413) srai    s0, a4, 30
core   0: 1 0x00000000800052ea (0x41e75413) x8  0x0000000000000000
core   0: 0x00000000800052ee (0xc2087553) fcvt.w.d a0, fa6
core   0: 1 0x00000000800052ee (0xc2087553) x10 0xfffffffffffff992
core   0: 0x00000000800052f2 (0x40a083b3) sub     t2, ra, a0
core   0: 1 0x00000000800052f2 (0x40a083b3) x7  0x0000000080004682
core   0: 0x00000000800052f6 (0x34013bf3) csrrc   s7, mscratch, sp
core   0: exception trap_illegal_instruction, epc 0x00000000800052f6
core   0:           tval 0x0000000034013bf3
core   0: >>>>  $xrv64i2p1_m2p0_a2p1_f2p2_d2p2_zicsr2p0_zifencei2p0_zmmul1p0_zba1p0_zbb1p0_zbc1p0_zbs1p0
core   0: 0x0000000080004000 (0x0080006f) j       pc + 0x8
core   0: 3 0x0000000080004000 (0x0080006f)
core   0: >>>>  mmode_exception_handler
core   0: 0x0000000080004008 (0x00002c17) auipc   s8, 0x2
core   0: 3 0x0000000080004008 (0x00002c17) x24 0x0000000080006008
core   0: 0x000000008000400c (0xfaac0c13) addi    s8, s8, -86
core   0: 3 0x000000008000400c (0xfaac0c13) x24 0x0000000080005fb2
core   0: 0x0000000080004010 (0x000c00e7) jalr    s8
core   0: 3 0x0000000080004010 (0x000c00e7) x1  0x0000000080004014
core   0: >>>>  any_handler
core   0: 0x0000000080005fb2 (0x341027f3) csrrs   a5, mepc, zero
core   0: 3 0x0000000080005fb2 (0x341027f3) x15 0x00000000800052f6
core   0: 0x0000000080005fb6 (0x34202773) csrrs   a4, mcause, zero
core   0: 3 0x0000000080005fb6 (0x34202773) x14 0x0000000000000002
core   0: 0x0000000080005fba (0x142026f3) csrrs   a3, scause, zero
core   0: 3 0x0000000080005fba (0x142026f3) x13 0x0000000000000000
core   0: 0x0000000080005fbe (0x30402673) csrrs   a2, mie, zero
core   0: 3 0x0000000080005fbe (0x30402673) x12 0x0000000000000a00
core   0: 0x0000000080005fc2 (0x344025f3) csrrs   a1, mip, zero
core   0: 3 0x0000000080005fc2 (0x344025f3) x11 0x0000000000000080
core   0: 0x0000000080005fc6 (0x343025f3) csrrs   a1, mtval, zero
core   0: 3 0x0000000080005fc6 (0x343025f3) x11 0x0000000034013bf3
core   0: 0x0000000080005fca (0x14302573) csrrs   a0, stval, zero
core   0: 3 0x0000000080005fca (0x14302573) x10 0x0000000000000a00
core   0: 0x0000000080005fce (0xb02024f3) csrrs   s1, minstret, zero
core   0: 3 0x0000000080005fce (0xb02024f3) x9  0x0000000000000e71
core   0: 0x0000000080005fd2 (0x0000a811) c.j     pc + 20
core   0: 3 0x0000000080005fd2 (0xa811)
core   0: >>>>  mepc_4
core   0: 0x0000000080005fe6 (0x00000791) c.addi  a5, 4
core   0: 3 0x0000000080005fe6 (0x0791) x15 0x00000000800052fa
core   0: 0x0000000080005fe8 (0x34179073) csrrw   zero, mepc, a5
core   0: 3 0x0000000080005fe8 (0x34179073) c833_mepc 0x00000000800052fa
core   0: 0x0000000080005fec (0x30200073) mret
core   0: 3 0x0000000080005fec (0x30200073) c768_mstatus 0x8000000a00106080
core   0: 0x00000000800052fa (0x0ff0000f) fence   iorw,iorw
core   0: 1 0x00000000800052fa (0x0ff0000f)
core   0: 0x00000000800052fe (0x5a06f8d3) fsqrt.d fa7, fa3
core   0: 1 0x00000000800052fe (0x5a06f8d3) f17 0x7ff8000000000000
core   0: 0x0000000080005302 (0x01c80cbb) addw    s9, a6, t3
core   0: 1 0x0000000080005302 (0x01c80cbb) x25 0x0000000000000002
core   0: 0x0000000080005306 (0x009294b3) sll     s1, t0, s1
core   0: 1 0x0000000080005306 (0x009294b3) x9  0x8000000000000000
core   0: 0x000000008000530a (0x0af8f1d3) fsub.d  ft3, fa7, fa5
core   0: 1 0x000000008000530a (0x0af8f1d3) f3  0x7ff8000000000000
core   0: 0x000000008000530e (0xc0317b53) fcvt.lu.s s6, ft2
core   0: 1 0x000000008000530e (0xc0317b53) c1_fflags 0x0000000000000012 x22 0xffffffffffffffff
core   0: 0x0000000080005312 (0x0162f8b3) and     a7, t0, s6
core   0: 1 0x0000000080005312 (0x0162f8b3) x17 0x000000006c164000
core   0: 0x0000000080005316 (0x13a7fad3) fmul.d  fs5, fa5, fs10
core   0: 1 0x0000000080005316 (0x13a7fad3) f21 0x7ff8000000000000
core   0: 0x000000008000531a (0x022c473b) divw    a4, s8, sp
core   0: 1 0x000000008000531a (0x022c473b) x14 0xffffffffffffffff
core   0: 0x000000008000531e (0x3d715517) auipc   a0, 0x3d715
core   0: 1 0x000000008000531e (0x3d715517) x10 0x00000000bd71a31e
core   0: 0x0000000080005322 (0x03572ab3) mulhsu  s5, a4, s5
core   0: 1 0x0000000080005322 (0x03572ab3) x21 0xffffffffffffffff
core   0: 0x0000000080005326 (0x007aa3b3) slt     t2, s5, t2
core   0: 1 0x0000000080005326 (0x007aa3b3) x7  0x0000000000000001
core   0: 0x000000008000532a (0xc209fa53) fcvt.w.d s4, fs3
core   0: 1 0x000000008000532a (0xc209fa53) x20 0x0000000000000000
core   0: 0x000000008000532e (0x00dd6cb3) or      s9, s10, a3
core   0: 1 0x000000008000532e (0x00dd6cb3) x25 0xffffffffffffffff
core   0: 0x0000000080005332 (0x00115d3b) srlw    s10, sp, ra
core   0: 1 0x0000000080005332 (0x00115d3b) x26 0x0000000000000000
core   0: 0x0000000080005336 (0x23aaa0d3) fsgnjx.d ft1, fs5, fs10
core   0: 1 0x0000000080005336 (0x23aaa0d3) f1  0x7ff8000000000000
core   0: 0x000000008000533a (0x039ca233) mulhsu  tp, s9, s9
core   0: 1 0x000000008000533a (0x039ca233) x4  0xffffffffffffffff
core   0: 0x000000008000533e (0x00a8eab3) or      s5, a7, a0
core   0: 1 0x000000008000533e (0x00a8eab3) x21 0x00000000fd77e31e
core   0: 0x0000000080005342 (0xfff8f093) andi    ra, a7, -1
core   0: 1 0x0000000080005342 (0xfff8f093) x1  0x000000006c164000
core   0: 0x0000000080005346 (0x40f087bb) subw    a5, ra, a5
core   0: 1 0x0000000080005346 (0x40f087bb) x15 0xffffffffec15ed06
core   0: 0x000000008000534a (0x412105b3) sub     a1, sp, s2
core   0: 1 0x000000008000534a (0x412105b3) x11 0x0000000000000000
core   0: 0x000000008000534e (0x401e08bb) subw    a7, t3, ra
core   0: 1 0x000000008000534e (0x401e08bb) x17 0xffffffff93e9c000
core   0: 0x0000000080005352 (0x0210c63b) divw    a2, ra, ra
core   0: 1 0x0000000080005352 (0x0210c63b) x12 0x0000000000000001
core   0: 0x0000000080005356 (0x23ec84d3) fsgnj.d fs1, fs9, ft10
core   0: 1 0x0000000080005356 (0x23ec84d3) f9  0x43efffffffffffff
core   0: 0x000000008000535a (0x401ad1bb) sraw    gp, s5, ra
core   0: 1 0x000000008000535a (0x401ad1bb) x3  0xfffffffffd77e31e
core   0: 0x000000008000535e (0x401cfe53) fcvt.s.d ft8, fs9
core   0: 1 0x000000008000535e (0x401cfe53) c1_fflags 0x0000000000000013 f28 0xffffffffdf800000
core   0: 0x0000000080005362 (0xd2118b53) fcvt.d.wu fs6, gp
core   0: 1 0x0000000080005362 (0xd2118b53) f22 0x41efaefc63c00000
core   0: 0x0000000080005366 (0x1a910293) addi    t0, sp, 425
core   0: 1 0x0000000080005366 (0x1a910293) x5  0x00000000000001a9
core   0: 0x000000008000536a (0xb112f313) andi    t1, t0, -1263
core   0: 1 0x000000008000536a (0xb112f313) x6  0x0000000000000101
core   0: 0x000000008000536e (0x23ab0d53) fsgnj.d fs10, fs6, fs10
core   0: 1 0x000000008000536e (0x23ab0d53) f26 0x41efaefc63c00000
core   0: 0x0000000080005372 (0xdfe98997) auipc   s3, 0xdfe98
core   0: 1 0x0000000080005372 (0xdfe98997) x19 0x000000005fe9d372
core   0: 0x0000000080005376 (0x01fb959b) slliw   a1, s7, 31
core   0: 1 0x0000000080005376 (0x01fb959b) x11 0x0000000000000000
core   0: 0x000000008000537a (0x008b2333) slt     t1, s6, s0
core   0: 1 0x000000008000537a (0x008b2333) x6  0x0000000000000001
core   0: 0x000000008000537e (0x42088753) fcvt.d.s fa4, fa7
core   0: 1 0x000000008000537e (0x42088753) f14 0x7ff8000000000000
core   0: 0x0000000080005382 (0x036b1633) mulh    a2, s6, s6
core   0: 1 0x0000000080005382 (0x036b1633) x12 0x0000000000000000
core   0: 0x0000000080005386 (0xc206f4d3) fcvt.w.d s1, fa3
core   0: 1 0x0000000080005386 (0xc206f4d3) c1_fflags 0x0000000000000013 x9  0x000000007fffffff
core   0: 0x000000008000538a (0x420e0ed3) fcvt.d.s ft9, ft8
core   0: 1 0x000000008000538a (0x420e0ed3) f29 0xc3f0000000000000
core   0: 0x000000008000538e (0xf2048ad3) fmv.d.x fs5, s1
core   0: 1 0x000000008000538e (0xf2048ad3) f21 0x000000007fffffff
core   0: 0x0000000080005392 (0x13d2f553) fmul.d  fa0, ft5, ft9
core   0: 1 0x0000000080005392 (0x13d2f553) f10 0xc4a4000000000000
core   0: 0x0000000080005396 (0x00035313) srli    t1, t1, 0
core   0: 1 0x0000000080005396 (0x00035313) x6  0x0000000000000001
core   0: 0x000000008000539a (0x03fb9813) slli    a6, s7, 63
core   0: 1 0x000000008000539a (0x03fb9813) x16 0x0000000000000000
core   0: 0x000000008000539e (0x41fd571b) sraiw   a4, s10, 31
core   0: 1 0x000000008000539e (0x41fd571b) x14 0x0000000000000000
core   0: 0x00000000800053a2 (0x411d0eb3) sub     t4, s10, a7
core   0: 1 0x00000000800053a2 (0x411d0eb3) x29 0x000000006c164000
core   0: 0x00000000800053a6 (0x01a512b3) sll     t0, a0, s10
core   0: 1 0x00000000800053a6 (0x01a512b3) x5  0x00000000bd71a31e
core   0: 0x00000000800053aa (0x011ea233) slt     tp, t4, a7
core   0: 1 0x00000000800053aa (0x011ea233) x4  0x0000000000000000
core   0: 0x00000000800053ae (0x0008903b) sllw    zero, a7, zero
core   0: 1 0x00000000800053ae (0x0008903b)
core   0: 0x00000000800053b2 (0x012490bb) sllw    ra, s1, s2
core   0: 1 0x00000000800053b2 (0x012490bb) x1  0x000000007fffffff
core   0: 0x00000000800053b6 (0xd21d86d3) fcvt.d.wu fa3, s11
core   0: 1 0x00000000800053b6 (0xd21d86d3) f13 0x0000000000000000
core   0: 0x00000000800053ba (0x342cd673) csrrwi  a2, mcause, 25
core   0: exception trap_illegal_instruction, epc 0x00000000800053ba
core   0:           tval 0x00000000342cd673
core   0: >>>>  $xrv64i2p1_m2p0_a2p1_f2p2_d2p2_zicsr2p0_zifencei2p0_zmmul1p0_zba1p0_zbb1p0_zbc1p0_zbs1p0
core   0: 0x0000000080004000 (0x0080006f) j       pc + 0x8
core   0: 3 0x0000000080004000 (0x0080006f)
core   0: >>>>  mmode_exception_handler
core   0: 0x0000000080004008 (0x00002c17) auipc   s8, 0x2
core   0: 3 0x0000000080004008 (0x00002c17) x24 0x0000000080006008
core   0: 0x000000008000400c (0xfaac0c13) addi    s8, s8, -86
core   0: 3 0x000000008000400c (0xfaac0c13) x24 0x0000000080005fb2
core   0: 0x0000000080004010 (0x000c00e7) jalr    s8
core   0: 3 0x0000000080004010 (0x000c00e7) x1  0x0000000080004014
core   0: >>>>  any_handler
core   0: 0x0000000080005fb2 (0x341027f3) csrrs   a5, mepc, zero
core   0: 3 0x0000000080005fb2 (0x341027f3) x15 0x00000000800053ba
core   0: 0x0000000080005fb6 (0x34202773) csrrs   a4, mcause, zero
core   0: 3 0x0000000080005fb6 (0x34202773) x14 0x0000000000000002
core   0: 0x0000000080005fba (0x142026f3) csrrs   a3, scause, zero
core   0: 3 0x0000000080005fba (0x142026f3) x13 0x0000000000000000
core   0: 0x0000000080005fbe (0x30402673) csrrs   a2, mie, zero
core   0: 3 0x0000000080005fbe (0x30402673) x12 0x0000000000000a00
core   0: 0x0000000080005fc2 (0x344025f3) csrrs   a1, mip, zero
core   0: 3 0x0000000080005fc2 (0x344025f3) x11 0x0000000000000080
core   0: 0x0000000080005fc6 (0x343025f3) csrrs   a1, mtval, zero
core   0: 3 0x0000000080005fc6 (0x343025f3) x11 0x00000000342cd673
core   0: 0x0000000080005fca (0x14302573) csrrs   a0, stval, zero
core   0: 3 0x0000000080005fca (0x14302573) x10 0x0000000000000a00
core   0: 0x0000000080005fce (0xb02024f3) csrrs   s1, minstret, zero
core   0: 3 0x0000000080005fce (0xb02024f3) x9  0x0000000000000eb1
core   0: 0x0000000080005fd2 (0x0000a811) c.j     pc + 20
core   0: 3 0x0000000080005fd2 (0xa811)
core   0: >>>>  mepc_4
core   0: 0x0000000080005fe6 (0x00000791) c.addi  a5, 4
core   0: 3 0x0000000080005fe6 (0x0791) x15 0x00000000800053be
core   0: 0x0000000080005fe8 (0x34179073) csrrw   zero, mepc, a5
core   0: 3 0x0000000080005fe8 (0x34179073) c833_mepc 0x00000000800053be
core   0: 0x0000000080005fec (0x30200073) mret
core   0: 3 0x0000000080005fec (0x30200073) c768_mstatus 0x8000000a00106080
core   0: 0x00000000800053be (0x0ff0000f) fence   iorw,iorw
core   0: 1 0x00000000800053be (0x0ff0000f)
core   0: 0x00000000800053c2 (0x22f529d3) fsgnjx.d fs3, fa0, fa5
core   0: 1 0x00000000800053c2 (0x22f529d3) f19 0x44a4000000000000
core   0: 0x00000000800053c6 (0x00292d33) slt     s10, s2, sp
core   0: 1 0x00000000800053c6 (0x00292d33) x26 0x0000000000000000
core   0: 0x00000000800053ca (0x7b022673) csrrs   a2, dcsr, tp
core   0: exception trap_illegal_instruction, epc 0x00000000800053ca
core   0:           tval 0x000000007b022673
core   0: >>>>  $xrv64i2p1_m2p0_a2p1_f2p2_d2p2_zicsr2p0_zifencei2p0_zmmul1p0_zba1p0_zbb1p0_zbc1p0_zbs1p0
core   0: 0x0000000080004000 (0x0080006f) j       pc + 0x8
core   0: 3 0x0000000080004000 (0x0080006f)
core   0: >>>>  mmode_exception_handler
core   0: 0x0000000080004008 (0x00002c17) auipc   s8, 0x2
core   0: 3 0x0000000080004008 (0x00002c17) x24 0x0000000080006008
core   0: 0x000000008000400c (0xfaac0c13) addi    s8, s8, -86
core   0: 3 0x000000008000400c (0xfaac0c13) x24 0x0000000080005fb2
core   0: 0x0000000080004010 (0x000c00e7) jalr    s8
core   0: 3 0x0000000080004010 (0x000c00e7) x1  0x0000000080004014
core   0: >>>>  any_handler
core   0: 0x0000000080005fb2 (0x341027f3) csrrs   a5, mepc, zero
core   0: 3 0x0000000080005fb2 (0x341027f3) x15 0x00000000800053ca
core   0: 0x0000000080005fb6 (0x34202773) csrrs   a4, mcause, zero
core   0: 3 0x0000000080005fb6 (0x34202773) x14 0x0000000000000002
core   0: 0x0000000080005fba (0x142026f3) csrrs   a3, scause, zero
core   0: 3 0x0000000080005fba (0x142026f3) x13 0x0000000000000000
core   0: 0x0000000080005fbe (0x30402673) csrrs   a2, mie, zero
core   0: 3 0x0000000080005fbe (0x30402673) x12 0x0000000000000a00
core   0: 0x0000000080005fc2 (0x344025f3) csrrs   a1, mip, zero
core   0: 3 0x0000000080005fc2 (0x344025f3) x11 0x0000000000000080
core   0: 0x0000000080005fc6 (0x343025f3) csrrs   a1, mtval, zero
core   0: 3 0x0000000080005fc6 (0x343025f3) x11 0x000000007b022673
core   0: 0x0000000080005fca (0x14302573) csrrs   a0, stval, zero
core   0: 3 0x0000000080005fca (0x14302573) x10 0x0000000000000a00
core   0: 0x0000000080005fce (0xb02024f3) csrrs   s1, minstret, zero
core   0: 3 0x0000000080005fce (0xb02024f3) x9  0x0000000000000ec4
core   0: 0x0000000080005fd2 (0x0000a811) c.j     pc + 20
core   0: 3 0x0000000080005fd2 (0xa811)
core   0: >>>>  mepc_4
core   0: 0x0000000080005fe6 (0x00000791) c.addi  a5, 4
core   0: 3 0x0000000080005fe6 (0x0791) x15 0x00000000800053ce
core   0: 0x0000000080005fe8 (0x34179073) csrrw   zero, mepc, a5
core   0: 3 0x0000000080005fe8 (0x34179073) c833_mepc 0x00000000800053ce
core   0: 0x0000000080005fec (0x30200073) mret
core   0: 3 0x0000000080005fec (0x30200073) c768_mstatus 0x8000000a00106080
core   0: 0x00000000800053ce (0x00667833) and     a6, a2, t1
core   0: 1 0x00000000800053ce (0x00667833) x16 0x0000000000000000
core   0: 0x00000000800053d2 (0x00000001) c.nop
core   0: 1 0x00000000800053d2 (0x0001)
core   0: 0x00000000800053d4 (0xc212fc53) fcvt.wu.d s8, ft5
core   0: 1 0x00000000800053d4 (0xc212fc53) x24 0x0000000000000a00
core   0: 0x00000000800053d8 (0x0ff0000f) fence   iorw,iorw
core   0: 1 0x00000000800053d8 (0x0ff0000f)
core   0: 0x00000000800053dc (0x0336f4d3) fadd.d  fs1, fa3, fs3
core   0: 1 0x00000000800053dc (0x0336f4d3) f9  0x44a4000000000000
core   0: 0x00000000800053e0 (0x0001da1b) srliw   s4, gp, 0
core   0: 1 0x00000000800053e0 (0x0001da1b) x20 0xfffffffffd77e31e
core   0: 0x00000000800053e4 (0x22179853) fsgnjn.d fa6, fa5, ft1
core   0: 1 0x00000000800053e4 (0x22179853) f16 0xffffffff00000000
core   0: 0x00000000800053e8 (0x5a0cfd53) fsqrt.d fs10, fs9
core   0: 1 0x00000000800053e8 (0x5a0cfd53) c1_fflags 0x0000000000000013 f26 0x7ff8000000000000
core   0: 0x00000000800053ec (0x12b5fcd3) fmul.d  fs9, fa1, fa1
core   0: 1 0x00000000800053ec (0x12b5fcd3) f25 0x7ff8000000000000
core   0: 0x00000000800053f0 (0x034a4533) div     a0, s4, s4
core   0: 1 0x00000000800053f0 (0x034a4533) x10 0x0000000000000001
core   0: 0x00000000800053f4 (0x7ffd081b) addiw   a6, s10, 2047
core   0: 1 0x00000000800053f4 (0x7ffd081b) x16 0x00000000000007ff
core   0: 0x00000000800053f8 (0xc02cfbd3) fcvt.l.s s7, fs9
core   0: 1 0x00000000800053f8 (0xc02cfbd3) c1_fflags 0x0000000000000013 x23 0x7fffffffffffffff
core   0: 0x00000000800053fc (0x0085959b) slliw   a1, a1, 8
core   0: 1 0x00000000800053fc (0x0085959b) x11 0x0000000002267300
core   0: 0x0000000080005400 (0x01285eb3) srl     t4, a6, s2
core   0: 1 0x0000000080005400 (0x01285eb3) x29 0x00000000000007ff
core   0: 0x0000000080005404 (0xc0127af3) csrrci  s5, time, 4
core   0: exception trap_illegal_instruction, epc 0x0000000080005404
core   0:           tval 0x00000000c0127af3
core   0: >>>>  $xrv64i2p1_m2p0_a2p1_f2p2_d2p2_zicsr2p0_zifencei2p0_zmmul1p0_zba1p0_zbb1p0_zbc1p0_zbs1p0
core   0: 0x0000000080004000 (0x0080006f) j       pc + 0x8
core   0: 3 0x0000000080004000 (0x0080006f)
core   0: >>>>  mmode_exception_handler
core   0: 0x0000000080004008 (0x00002c17) auipc   s8, 0x2
core   0: 3 0x0000000080004008 (0x00002c17) x24 0x0000000080006008
core   0: 0x000000008000400c (0xfaac0c13) addi    s8, s8, -86
core   0: 3 0x000000008000400c (0xfaac0c13) x24 0x0000000080005fb2
core   0: 0x0000000080004010 (0x000c00e7) jalr    s8
core   0: 3 0x0000000080004010 (0x000c00e7) x1  0x0000000080004014
core   0: >>>>  any_handler
core   0: 0x0000000080005fb2 (0x341027f3) csrrs   a5, mepc, zero
core   0: 3 0x0000000080005fb2 (0x341027f3) x15 0x0000000080005404
core   0: 0x0000000080005fb6 (0x34202773) csrrs   a4, mcause, zero
core   0: 3 0x0000000080005fb6 (0x34202773) x14 0x0000000000000002
core   0: 0x0000000080005fba (0x142026f3) csrrs   a3, scause, zero
core   0: 3 0x0000000080005fba (0x142026f3) x13 0x0000000000000000
core   0: 0x0000000080005fbe (0x30402673) csrrs   a2, mie, zero
core   0: 3 0x0000000080005fbe (0x30402673) x12 0x0000000000000a00
core   0: 0x0000000080005fc2 (0x344025f3) csrrs   a1, mip, zero
core   0: 3 0x0000000080005fc2 (0x344025f3) x11 0x0000000000000080
core   0: 0x0000000080005fc6 (0x343025f3) csrrs   a1, mtval, zero
core   0: 3 0x0000000080005fc6 (0x343025f3) x11 0x00000000c0127af3
core   0: 0x0000000080005fca (0x14302573) csrrs   a0, stval, zero
core   0: 3 0x0000000080005fca (0x14302573) x10 0x0000000000000a00
core   0: 0x0000000080005fce (0xb02024f3) csrrs   s1, minstret, zero
core   0: 3 0x0000000080005fce (0xb02024f3) x9  0x0000000000000ee2
core   0: 0x0000000080005fd2 (0x0000a811) c.j     pc + 20
core   0: 3 0x0000000080005fd2 (0xa811)
core   0: >>>>  mepc_4
core   0: 0x0000000080005fe6 (0x00000791) c.addi  a5, 4
core   0: 3 0x0000000080005fe6 (0x0791) x15 0x0000000080005408
core   0: 0x0000000080005fe8 (0x34179073) csrrw   zero, mepc, a5
core   0: 3 0x0000000080005fe8 (0x34179073) c833_mepc 0x0000000080005408
core   0: 0x0000000080005fec (0x30200073) mret
core   0: 3 0x0000000080005fec (0x30200073) c768_mstatus 0x8000000a00106080
core   0: 0x0000000080005408 (0x4026519b) sraiw   gp, a2, 2
core   0: 1 0x0000000080005408 (0x4026519b) x3  0x0000000000000280
core   0: 0x000000008000540c (0x00ac9733) sll     a4, s9, a0
core   0: 1 0x000000008000540c (0x00ac9733) x14 0xffffffffffffffff
core   0: 0x0000000080005410 (0x0ff0000f) fence   iorw,iorw
core   0: 1 0x0000000080005410 (0x0ff0000f)
core   0: 0x0000000080005414 (0xd22b76d3) fcvt.d.l fa3, s6
core   0: 1 0x0000000080005414 (0xd22b76d3) f13 0xbff0000000000000
core   0: 0x0000000080005418 (0x41c75e33) sra     t3, a4, t3
core   0: 1 0x0000000080005418 (0x41c75e33) x28 0xffffffffffffffff
core   0: 0x000000008000541c (0xa3fd0dd3) fle.d   s11, fs10, ft11
core   0: 1 0x000000008000541c (0xa3fd0dd3) c1_fflags 0x0000000000000013 x27 0x0000000000000000
core   0: 0x0000000080005420 (0x020ede93) srli    t4, t4, 32
core   0: 1 0x0000000080005420 (0x020ede93) x29 0x0000000000000000
core   0: 0x0000000080005424 (0xd02d7f53) fcvt.s.l ft10, s10
core   0: 1 0x0000000080005424 (0xd02d7f53) f30 0xffffffff00000000
core   0: 0x0000000080005428 (0x027b83bb) mulw    t2, s7, t2
core   0: 1 0x0000000080005428 (0x027b83bb) x7  0xffffffffffffffff
core   0: 0x000000008000542c (0x00202573) csrrs   a0, frm, zero
core   0: 1 0x000000008000542c (0x00202573) x10 0x0000000000000000
core   0: 0x0000000080005430 (0x007299b3) sll     s3, t0, t2
core   0: 1 0x0000000080005430 (0x007299b3) x19 0x0000000000000000
core   0: 0x0000000080005434 (0xd2148353) fcvt.d.wu ft6, s1
core   0: 1 0x0000000080005434 (0xd2148353) f6  0x40adc40000000000
core   0: 0x0000000080005438 (0x01248c33) add     s8, s1, s2
core   0: 1 0x0000000080005438 (0x01248c33) x24 0x0000000000000ee2
core   0: 0x000000008000543c (0x42030ad3) fcvt.d.s fs5, ft6
core   0: 1 0x000000008000543c (0x42030ad3) f21 0x7ff8000000000000
core   0: 0x0000000080005440 (0xd23572d3) fcvt.d.lu ft5, a0
core   0: 1 0x0000000080005440 (0xd23572d3) f5  0x0000000000000000
core   0: 0x0000000080005444 (0x22f527d3) fsgnjx.d fa5, fa0, fa5
core   0: 1 0x0000000080005444 (0x22f527d3) f15 0x44a4000000000000
core   0: 0x0000000080005448 (0xa23d04d3) fle.d   s1, fs10, ft3
core   0: 1 0x0000000080005448 (0xa23d04d3) c1_fflags 0x0000000000000013 x9  0x0000000000000000
core   0: 0x000000008000544c (0xc2177dd3) fcvt.wu.d s11, fa4
core   0: 1 0x000000008000544c (0xc2177dd3) c1_fflags 0x0000000000000013 x27 0xffffffffffffffff
core   0: 0x0000000080005450 (0x03016a33) rem     s4, sp, a6
core   0: 1 0x0000000080005450 (0x03016a33) x20 0x0000000000000000
core   0: 0x0000000080005454 (0xf150a4f3) csrrs   s1, mconfigptr, ra
core   0: exception trap_illegal_instruction, epc 0x0000000080005454
core   0:           tval 0x00000000f150a4f3
core   0: >>>>  $xrv64i2p1_m2p0_a2p1_f2p2_d2p2_zicsr2p0_zifencei2p0_zmmul1p0_zba1p0_zbb1p0_zbc1p0_zbs1p0
core   0: 0x0000000080004000 (0x0080006f) j       pc + 0x8
core   0: 3 0x0000000080004000 (0x0080006f)
core   0: >>>>  mmode_exception_handler
core   0: 0x0000000080004008 (0x00002c17) auipc   s8, 0x2
core   0: 3 0x0000000080004008 (0x00002c17) x24 0x0000000080006008
core   0: 0x000000008000400c (0xfaac0c13) addi    s8, s8, -86
core   0: 3 0x000000008000400c (0xfaac0c13) x24 0x0000000080005fb2
core   0: 0x0000000080004010 (0x000c00e7) jalr    s8
core   0: 3 0x0000000080004010 (0x000c00e7) x1  0x0000000080004014
core   0: >>>>  any_handler
core   0: 0x0000000080005fb2 (0x341027f3) csrrs   a5, mepc, zero
core   0: 3 0x0000000080005fb2 (0x341027f3) x15 0x0000000080005454
core   0: 0x0000000080005fb6 (0x34202773) csrrs   a4, mcause, zero
core   0: 3 0x0000000080005fb6 (0x34202773) x14 0x0000000000000002
core   0: 0x0000000080005fba (0x142026f3) csrrs   a3, scause, zero
core   0: 3 0x0000000080005fba (0x142026f3) x13 0x0000000000000000
core   0: 0x0000000080005fbe (0x30402673) csrrs   a2, mie, zero
core   0: 3 0x0000000080005fbe (0x30402673) x12 0x0000000000000a00
core   0: 0x0000000080005fc2 (0x344025f3) csrrs   a1, mip, zero
core   0: 3 0x0000000080005fc2 (0x344025f3) x11 0x0000000000000080
core   0: 0x0000000080005fc6 (0x343025f3) csrrs   a1, mtval, zero
core   0: 3 0x0000000080005fc6 (0x343025f3) x11 0x00000000f150a4f3
core   0: 0x0000000080005fca (0x14302573) csrrs   a0, stval, zero
core   0: 3 0x0000000080005fca (0x14302573) x10 0x0000000000000a00
core   0: 0x0000000080005fce (0xb02024f3) csrrs   s1, minstret, zero
core   0: 3 0x0000000080005fce (0xb02024f3) x9  0x0000000000000f05
core   0: 0x0000000080005fd2 (0x0000a811) c.j     pc + 20
core   0: 3 0x0000000080005fd2 (0xa811)
core   0: >>>>  mepc_4
core   0: 0x0000000080005fe6 (0x00000791) c.addi  a5, 4
core   0: 3 0x0000000080005fe6 (0x0791) x15 0x0000000080005458
core   0: 0x0000000080005fe8 (0x34179073) csrrw   zero, mepc, a5
core   0: 3 0x0000000080005fe8 (0x34179073) c833_mepc 0x0000000080005458
core   0: 0x0000000080005fec (0x30200073) mret
core   0: 3 0x0000000080005fec (0x30200073) c768_mstatus 0x8000000a00106080
core   0: 0x0000000080005458 (0x222a9c53) fsgnjn.d fs8, fs5, ft2
core   0: 1 0x0000000080005458 (0x222a9c53) f24 0xfff8000000000000
core   0: 0x000000008000545c (0xc210f3d3) fcvt.wu.d t2, ft1
core   0: 1 0x000000008000545c (0xc210f3d3) c1_fflags 0x0000000000000013 x7  0xffffffffffffffff
core   0: 0x0000000080005460 (0x43395913) srai    s2, s2, 51
core   0: 1 0x0000000080005460 (0x43395913) x18 0x0000000000000000
core   0: 0x0000000080005464 (0x03e75193) srli    gp, a4, 62
core   0: 1 0x0000000080005464 (0x03e75193) x3  0x0000000000000000
core   0: 0x0000000080005468 (0x00135d9b) srliw   s11, t1, 1
core   0: 1 0x0000000080005468 (0x00135d9b) x27 0x0000000000000000
core   0: 0x000000008000546c (0x02a52ab3) mulhsu  s5, a0, a0
core   0: 1 0x000000008000546c (0x02a52ab3) x21 0x0000000000000000
core   0: 0x0000000080005470 (0x0356d193) srli    gp, a3, 53
core   0: 1 0x0000000080005470 (0x0356d193) x3  0x0000000000000000
core   0: 0x0000000080005474 (0xd236fdd3) fcvt.d.lu fs11, a3
core   0: 1 0x0000000080005474 (0xd236fdd3) f27 0x0000000000000000
core   0: 0x0000000080005478 (0x4017f253) fcvt.s.d ft4, fa5
core   0: 1 0x0000000080005478 (0x4017f253) f4  0xffffffff65200000
core   0: 0x000000008000547c (0xd03ef6d3) fcvt.s.lu fa3, t4
core   0: 1 0x000000008000547c (0xd03ef6d3) f13 0xffffffff00000000
core   0: 0x0000000080005480 (0x3ad47e43) fmadd.d ft8, fs0, fa3, ft7
core   0: 1 0x0000000080005480 (0x3ad47e43) f28 0x7ff8000000000000
core   0: 0x0000000080005484 (0x003251bb) srlw    gp, tp, gp
core   0: 1 0x0000000080005484 (0x003251bb) x3  0x0000000000000000
core   0: 0x0000000080005488 (0x004d83bb) addw    t2, s11, tp
core   0: 1 0x0000000080005488 (0x004d83bb) x7  0x0000000000000000
core   0: 0x000000008000548c (0xc2057753) fcvt.w.d a4, fa0
core   0: 1 0x000000008000548c (0xc2057753) c1_fflags 0x0000000000000013 x14 0xffffffff80000000
core   0: 0x0000000080005490 (0x23fe0fd3) fsgnj.d ft11, ft8, ft11
core   0: 1 0x0000000080005490 (0x23fe0fd3) f31 0xfff8000000000000
core   0: 0x0000000080005494 (0x00231273) csrrw   tp, frm, t1
core   0: 1 0x0000000080005494 (0x00231273) x4  0x0000000000000000 c2_frm 0x0000000000000001
core   0: 0x0000000080005498 (0x00589bb3) sll     s7, a7, t0
core   0: 1 0x0000000080005498 (0x00589bb3) x23 0xe4fa700000000000
core   0: 0x000000008000549c (0x01abdd1b) srliw   s10, s7, 26
core   0: 1 0x000000008000549c (0x01abdd1b) x26 0x0000000000000000
core   0: 0x00000000800054a0 (0x00ab1633) sll     a2, s6, a0
core   0: 1 0x00000000800054a0 (0x00ab1633) x12 0xffffffffffffffff
core   0: 0x00000000800054a4 (0x024a0233) mul     tp, s4, tp
core   0: 1 0x00000000800054a4 (0x024a0233) x4  0x0000000000000000
core   0: 0x00000000800054a8 (0x000006ae) c.slli  a3, 11
core   0: 1 0x00000000800054a8 (0x06ae) x13 0x0000000000000000
core   0: 0x00000000800054aa (0x40015e93) srai    t4, sp, 0
core   0: 1 0x00000000800054aa (0x40015e93) x29 0x0000000000000000
core   0: 0x00000000800054ae (0x03da2a33) mulhsu  s4, s4, t4
core   0: 1 0x00000000800054ae (0x03da2a33) x20 0x0000000000000000
core   0: 0x00000000800054b2 (0xfffa6493) ori     s1, s4, -1
core   0: 1 0x00000000800054b2 (0xfffa6493) x9  0xffffffffffffffff
core   0: 0x00000000800054b6 (0x23f585d3) fsgnj.d fa1, fa1, ft11
core   0: 1 0x00000000800054b6 (0x23f585d3) f11 0xfff8000000000000
core   0: 0x00000000800054ba (0x0342fc3b) remuw   s8, t0, s4
core   0: 1 0x00000000800054ba (0x0342fc3b) x24 0xffffffffbd71a31e
core   0: 0x00000000800054be (0x2a470e53) fmin.d  ft8, fa4, ft4
core   0: 1 0x00000000800054be (0x2a470e53) f28 0x7ff8000000000000
core   0: 0x00000000800054c2 (0x002020f3) csrrs   ra, frm, zero
core   0: 1 0x00000000800054c2 (0x002020f3) x1  0x0000000000000001
core   0: 0x00000000800054c6 (0x0123d393) srli    t2, t2, 18
core   0: 1 0x00000000800054c6 (0x0123d393) x7  0x0000000000000000
core   0: 0x00000000800054ca (0x0194ab33) slt     s6, s1, s9
core   0: 1 0x00000000800054ca (0x0194ab33) x22 0x0000000000000000
core   0: 0x00000000800054ce (0x024b1733) mulh    a4, s6, tp
core   0: 1 0x00000000800054ce (0x024b1733) x14 0x0000000000000000
core   0: 0x00000000800054d2 (0xd024f053) fcvt.s.l ft0, s1
core   0: 1 0x00000000800054d2 (0xd024f053) f0  0xffffffffbf800000
core   0: 0x00000000800054d6 (0x42090fd3) fcvt.d.s ft11, fs2
core   0: 1 0x00000000800054d6 (0x42090fd3) f31 0x0000000000000000
core   0: 0x00000000800054da (0x013d4db3) xor     s11, s10, s3
core   0: 1 0x00000000800054da (0x013d4db3) x27 0x0000000000000000
core   0: 0x00000000800054de (0xd22d73d3) fcvt.d.l ft7, s10
core   0: 1 0x00000000800054de (0xd22d73d3) f7  0x0000000000000000
core   0: 0x00000000800054e2 (0x431e5413) srai    s0, t3, 49
core   0: 1 0x00000000800054e2 (0x431e5413) x8  0xffffffffffffffff
core   0: 0x00000000800054e6 (0xd2247cd3) fcvt.d.l fs9, s0
core   0: 1 0x00000000800054e6 (0xd2247cd3) f25 0xbff0000000000000
core   0: 0x00000000800054ea (0x411a88b3) sub     a7, s5, a7
core   0: 1 0x00000000800054ea (0x411a88b3) x17 0x000000006c164000
core   0: 0x00000000800054ee (0x0afd7053) fsub.d  ft0, fs10, fa5
core   0: 1 0x00000000800054ee (0x0afd7053) f0  0x7ff8000000000000
core   0: 0x00000000800054f2 (0xd0327a53) fcvt.s.lu fs4, tp
core   0: 1 0x00000000800054f2 (0xd0327a53) f20 0xffffffff00000000
core   0: 0x00000000800054f6 (0x00000001) c.nop
core   0: 1 0x00000000800054f6 (0x0001)
core   0: 0x00000000800054f8 (0x402a86bb) subw    a3, s5, sp
core   0: 1 0x00000000800054f8 (0x402a86bb) x13 0x0000000000000000
core   0: 0x00000000800054fc (0xa3dd8853) fle.d   a6, fs11, ft9
core   0: 1 0x00000000800054fc (0xa3dd8853) x16 0x0000000000000000
core   0: 0x0000000080005500 (0x03880c3b) mulw    s8, a6, s8
core   0: 1 0x0000000080005500 (0x03880c3b) x24 0x0000000000000000
core   0: 0x0000000080005504 (0x1410f0f3) csrrci  ra, sepc, 1
core   0: 1 0x0000000080005504 (0x1410f0f3) x1  0x0000000000000000 c321_sepc 0x0000000000000000
core   0: 0x0000000080005508 (0xf0f1059b) addiw   a1, sp, -241
core   0: 1 0x0000000080005508 (0xf0f1059b) x11 0xffffffffffffff0f
core   0: 0x000000008000550c (0x013467b3) or      a5, s0, s3
core   0: 1 0x000000008000550c (0x013467b3) x15 0xffffffffffffffff
core   0: 0x0000000080005510 (0x1405adf3) csrrs   s11, sscratch, a1
core   0: 1 0x0000000080005510 (0x1405adf3) x27 0x000000000000000f c320_sscratch 0xffffffffffffff0f
core   0: 0x0000000080005514 (0xd03cf6d3) fcvt.s.lu fa3, s9
core   0: 1 0x0000000080005514 (0xd03cf6d3) c1_fflags 0x0000000000000013 f13 0xffffffff5f7fffff
core   0: 0x0000000080005518 (0x008dde93) srli    t4, s11, 8
core   0: 1 0x0000000080005518 (0x008dde93) x29 0x0000000000000000
core   0: 0x000000008000551c (0x01d5913b) sllw    sp, a1, t4
core   0: 1 0x000000008000551c (0x01d5913b) x2  0xffffffffffffff0f
core   0: 0x0000000080005520 (0xa21287d3) fle.d   a5, ft5, ft1
core   0: 1 0x0000000080005520 (0xa21287d3) c1_fflags 0x0000000000000013 x15 0x0000000000000000
core   0: 0x0000000080005524 (0xc2147d53) fcvt.wu.d s10, fs0
core   0: 1 0x0000000080005524 (0xc2147d53) c1_fflags 0x0000000000000013 x26 0xffffffffffffffff
core   0: 0x0000000080005528 (0x026e0e33) mul     t3, t3, t1
core   0: 1 0x0000000080005528 (0x026e0e33) x28 0xffffffffffffffff
core   0: 0x000000008000552c (0x01b9519b) srliw   gp, s2, 27
core   0: 1 0x000000008000552c (0x01b9519b) x3  0x0000000000000000
core   0: 0x0000000080005530 (0x00000001) c.nop
core   0: 1 0x0000000080005530 (0x0001)
core   0: 0x0000000080005532 (0x1342f953) fmul.d  fs2, ft5, fs4
core   0: 1 0x0000000080005532 (0x1342f953) f18 0x7ff8000000000000
core   0: 0x0000000080005536 (0x013e5ab3) srl     s5, t3, s3
core   0: 1 0x0000000080005536 (0x013e5ab3) x21 0xffffffffffffffff
core   0: 0x000000008000553a (0x03b82db3) mulhsu  s11, a6, s11
core   0: 1 0x000000008000553a (0x03b82db3) x27 0x0000000000000000
core   0: 0x000000008000553e (0xc22af7d3) fcvt.l.d a5, fs5
core   0: 1 0x000000008000553e (0xc22af7d3) c1_fflags 0x0000000000000013 x15 0x7fffffffffffffff
core   0: 0x0000000080005542 (0x00c2169b) slliw   a3, tp, 12
core   0: 1 0x0000000080005542 (0x00c2169b) x13 0x0000000000000000
core   0: 0x0000000080005546 (0x004efeb3) and     t4, t4, tp
core   0: 1 0x0000000080005546 (0x004efeb3) x29 0x0000000000000000
core   0: 0x000000008000554a (0x001567b3) or      a5, a0, ra
core   0: 1 0x000000008000554a (0x001567b3) x15 0x0000000000000a00
core   0: 0x000000008000554e (0xd2008253) fcvt.d.w ft4, ra
core   0: 1 0x000000008000554e (0xd2008253) f4  0x0000000000000000
core   0: 0x0000000080005552 (0x02449693) slli    a3, s1, 36
core   0: 1 0x0000000080005552 (0x02449693) x13 0xfffffff000000000
core   0: 0x0000000080005556 (0x00a9fb33) and     s6, s3, a0
core   0: 1 0x0000000080005556 (0x00a9fb33) x22 0x0000000000000000
core   0: 0x000000008000555a (0x034b18b3) mulh    a7, s6, s4
core   0: 1 0x000000008000555a (0x034b18b3) x17 0x0000000000000000
core   0: 0x000000008000555e (0x5a01f9d3) fsqrt.d fs3, ft3
core   0: 1 0x000000008000555e (0x5a01f9d3) f19 0x7ff8000000000000
core   0: 0x0000000080005562 (0x03616833) rem     a6, sp, s6
core   0: 1 0x0000000080005562 (0x03616833) x16 0xffffffffffffff0f
core   0: 0x0000000080005566 (0xd2180c53) fcvt.d.wu fs8, a6
core   0: 1 0x0000000080005566 (0xd2180c53) f24 0x41efffffe1e00000
core   0: 0x000000008000556a (0x2b3200d3) fmin.d  ft1, ft4, fs3
core   0: 1 0x000000008000556a (0x2b3200d3) f1  0x0000000000000000
core   0: 0x000000008000556e (0x0095539b) srliw   t2, a0, 9
core   0: 1 0x000000008000556e (0x0095539b) x7  0x0000000000000005
core   0: 0x0000000080005572 (0x02d886b3) mul     a3, a7, a3
core   0: 1 0x0000000080005572 (0x02d886b3) x13 0x0000000000000000
core   0: 0x0000000080005576 (0x00799a3b) sllw    s4, s3, t2
core   0: 1 0x0000000080005576 (0x00799a3b) x20 0x0000000000000000
core   0: 0x000000008000557a (0x001020f3) csrrs   ra, fflags, zero
core   0: 1 0x000000008000557a (0x001020f3) x1  0x0000000000000013
core   0: 0x000000008000557e (0x00291673) csrrw   a2, frm, s2
core   0: 1 0x000000008000557e (0x00291673) x12 0x0000000000000001 c2_frm 0x0000000000000000
core   0: 0x0000000080005582 (0x00000001) c.nop
core   0: 1 0x0000000080005582 (0x0001)
core   0: 0x0000000080005584 (0x1bd0f453) fdiv.d  fs0, ft1, ft9
core   0: 1 0x0000000080005584 (0x1bd0f453) f8  0x8000000000000000
core   0: 0x0000000080005588 (0x31a0def3) csrrwi  t4, menvcfgh, 1
core   0: exception trap_illegal_instruction, epc 0x0000000080005588
core   0:           tval 0x0000000031a0def3
core   0: >>>>  $xrv64i2p1_m2p0_a2p1_f2p2_d2p2_zicsr2p0_zifencei2p0_zmmul1p0_zba1p0_zbb1p0_zbc1p0_zbs1p0
core   0: 0x0000000080004000 (0x0080006f) j       pc + 0x8
core   0: 3 0x0000000080004000 (0x0080006f)
core   0: >>>>  mmode_exception_handler
core   0: 0x0000000080004008 (0x00002c17) auipc   s8, 0x2
core   0: 3 0x0000000080004008 (0x00002c17) x24 0x0000000080006008
core   0: 0x000000008000400c (0xfaac0c13) addi    s8, s8, -86
core   0: 3 0x000000008000400c (0xfaac0c13) x24 0x0000000080005fb2
core   0: 0x0000000080004010 (0x000c00e7) jalr    s8
core   0: 3 0x0000000080004010 (0x000c00e7) x1  0x0000000080004014
core   0: >>>>  any_handler
core   0: 0x0000000080005fb2 (0x341027f3) csrrs   a5, mepc, zero
core   0: 3 0x0000000080005fb2 (0x341027f3) x15 0x0000000080005588
core   0: 0x0000000080005fb6 (0x34202773) csrrs   a4, mcause, zero
core   0: 3 0x0000000080005fb6 (0x34202773) x14 0x0000000000000002
core   0: 0x0000000080005fba (0x142026f3) csrrs   a3, scause, zero
core   0: 3 0x0000000080005fba (0x142026f3) x13 0x0000000000000000
core   0: 0x0000000080005fbe (0x30402673) csrrs   a2, mie, zero
core   0: 3 0x0000000080005fbe (0x30402673) x12 0x0000000000000a00
core   0: 0x0000000080005fc2 (0x344025f3) csrrs   a1, mip, zero
core   0: 3 0x0000000080005fc2 (0x344025f3) x11 0x0000000000000080
core   0: 0x0000000080005fc6 (0x343025f3) csrrs   a1, mtval, zero
core   0: 3 0x0000000080005fc6 (0x343025f3) x11 0x0000000031a0def3
core   0: 0x0000000080005fca (0x14302573) csrrs   a0, stval, zero
core   0: 3 0x0000000080005fca (0x14302573) x10 0x0000000000000a00
core   0: 0x0000000080005fce (0xb02024f3) csrrs   s1, minstret, zero
core   0: 3 0x0000000080005fce (0xb02024f3) x9  0x0000000000000f63
core   0: 0x0000000080005fd2 (0x0000a811) c.j     pc + 20
core   0: 3 0x0000000080005fd2 (0xa811)
core   0: >>>>  mepc_4
core   0: 0x0000000080005fe6 (0x00000791) c.addi  a5, 4
core   0: 3 0x0000000080005fe6 (0x0791) x15 0x000000008000558c
core   0: 0x0000000080005fe8 (0x34179073) csrrw   zero, mepc, a5
core   0: 3 0x0000000080005fe8 (0x34179073) c833_mepc 0x000000008000558c
core   0: 0x0000000080005fec (0x30200073) mret
core   0: 3 0x0000000080005fec (0x30200073) c768_mstatus 0x8000000a00106080
core   0: 0x000000008000558c (0x40c3833b) subw    t1, t2, a2
core   0: 1 0x000000008000558c (0x40c3833b) x6  0xfffffffffffff605
core   0: 0x0000000080005590 (0x01295633) srl     a2, s2, s2
core   0: 1 0x0000000080005590 (0x01295633) x12 0x0000000000000000
core   0: 0x0000000080005594 (0x02b5b2b3) mulhu   t0, a1, a1
core   0: 1 0x0000000080005594 (0x02b5b2b3) x5  0x0000000000000000
core   0: 0x0000000080005598 (0xc03272d3) fcvt.lu.s t0, ft4
core   0: 1 0x0000000080005598 (0xc03272d3) c1_fflags 0x0000000000000013 x5  0xffffffffffffffff
core   0: 0x000000008000559c (0x40da5093) srai    ra, s4, 13
core   0: 1 0x000000008000559c (0x40da5093) x1  0x0000000000000000
core   0: 0x00000000800055a0 (0x02e989bb) mulw    s3, s3, a4
core   0: 1 0x00000000800055a0 (0x02e989bb) x19 0x0000000000000000
core   0: 0x00000000800055a4 (0x002e9973) csrrw   s2, frm, t4
core   0: 1 0x00000000800055a4 (0x002e9973) x18 0x0000000000000000 c2_frm 0x0000000000000000
core   0: 0x00000000800055a8 (0xe80ecb97) auipc   s7, 0xe80ec
core   0: 1 0x00000000800055a8 (0xe80ecb97) x23 0x00000000680f15a8
core   0: 0x00000000800055ac (0x037584bb) mulw    s1, a1, s7
core   0: 1 0x00000000800055ac (0x037584bb) x9  0xffffffff8c193e78
core   0: 0x00000000800055b0 (0x7ff4879b) addiw   a5, s1, 2047
core   0: 1 0x00000000800055b0 (0x7ff4879b) x15 0xffffffff8c194677
core   0: 0x00000000800055b4 (0x03755533) divu    a0, a0, s7
core   0: 1 0x00000000800055b4 (0x03755533) x10 0x0000000000000000
core   0: 0x00000000800055b8 (0xfc68c237) lui     tp, 0xfc68c
core   0: 1 0x00000000800055b8 (0xfc68c237) x4  0xfffffffffc68c000
core   0: 0x00000000800055bc (0x9832021b) addiw   tp, tp, -1661
core   0: 1 0x00000000800055bc (0x9832021b) x4  0xfffffffffc68b983
core   0: 0x00000000800055c0 (0x00000236) c.slli  tp, 13
core   0: 1 0x00000000800055c0 (0x0236) x4  0xffffff8d17306000
core   0: 0x00000000800055c2 (0x9eb20213) addi    tp, tp, -1557
core   0: 1 0x00000000800055c2 (0x9eb20213) x4  0xffffff8d173059eb
core   0: 0x00000000800055c6 (0x006cceb3) xor     t4, s9, t1
core   0: 1 0x00000000800055c6 (0x006cceb3) x29 0x00000000000009fa
core   0: 0x00000000800055ca (0x3a11fe47) fmsub.d ft8, ft3, ft1, ft7
core   0: 1 0x00000000800055ca (0x3a11fe47) f28 0x7ff8000000000000
core   0: 0x00000000800055ce (0xd7fdea97) auipc   s5, 0xd7fde
core   0: 1 0x00000000800055ce (0xd7fdea97) x21 0x0000000057fe35ce
core   0: 0x00000000800055d2 (0x0293a937) lui     s2, 0x293a
core   0: 1 0x00000000800055d2 (0x0293a937) x18 0x000000000293a000
core   0: 0x00000000800055d6 (0xccb9091b) addiw   s2, s2, -821
core   0: 1 0x00000000800055d6 (0xccb9091b) x18 0x0000000002939ccb
core   0: 0x00000000800055da (0x00000936) c.slli  s2, 13
core   0: 1 0x00000000800055da (0x0936) x18 0x0000005273996000
core   0: 0x00000000800055dc (0xc7190913) addi    s2, s2, -911
core   0: 1 0x00000000800055dc (0xc7190913) x18 0x0000005273995c71
core   0: 0x00000000800055e0 (0x003c11b3) sll     gp, s8, gp
core   0: 1 0x00000000800055e0 (0x003c11b3) x3  0x0000000080005fb2
core   0: 0x00000000800055e4 (0x2255f2c7) fmsub.d ft5, fa1, ft5, ft4
core   0: 1 0x00000000800055e4 (0x2255f2c7) f5  0x7ff8000000000000
core   0: 0x00000000800055e8 (0xc2027bd3) fcvt.w.d s7, ft4
core   0: 1 0x00000000800055e8 (0xc2027bd3) x23 0x0000000000000000
core   0: 0x00000000800055ec (0x43f3d813) srai    a6, t2, 63
core   0: 1 0x00000000800055ec (0x43f3d813) x16 0x0000000000000000
core   0: 0x00000000800055f0 (0x001bdc3b) srlw    s8, s7, ra
core   0: 1 0x00000000800055f0 (0x001bdc3b) x24 0x0000000000000000
core   0: 0x00000000800055f4 (0xc025f153) fcvt.l.s sp, fa1
core   0: 1 0x00000000800055f4 (0xc025f153) c1_fflags 0x0000000000000013 x2  0x7fffffffffffffff
core   0: 0x00000000800055f8 (0x03809533) mulh    a0, ra, s8
core   0: 1 0x00000000800055f8 (0x03809533) x10 0x0000000000000000
core   0: 0x00000000800055fc (0x4135599b) sraiw   s3, a0, 19
core   0: 1 0x00000000800055fc (0x4135599b) x19 0x0000000000000000
core   0: 0x0000000080005600 (0x405352bb) sraw    t0, t1, t0
core   0: 1 0x0000000080005600 (0x405352bb) x5  0xffffffffffffffff
core   0: 0x0000000080005604 (0x00e2c433) xor     s0, t0, a4
core   0: 1 0x0000000080005604 (0x00e2c433) x8  0xfffffffffffffffd
core   0: 0x0000000080005608 (0x000088f6) c.mv    a7, t4
core   0: 1 0x0000000080005608 (0x88f6) x17 0x00000000000009fa
core   0: 0x000000008000560a (0xd23479d3) fcvt.d.lu fs3, s0
core   0: 1 0x000000008000560a (0xd23479d3) c1_fflags 0x0000000000000013 f19 0x43f0000000000000
core   0: 0x000000008000560e (0x01de1d9b) slliw   s11, t3, 29
core   0: 1 0x000000008000560e (0x01de1d9b) x27 0xffffffffe0000000
core   0: 0x0000000080005612 (0x01de5a3b) srlw    s4, t3, t4
core   0: 1 0x0000000080005612 (0x01de5a3b) x20 0x000000000000003f
core   0: 0x0000000080005616 (0x414bd1b3) sra     gp, s7, s4
core   0: 1 0x0000000080005616 (0x414bd1b3) x3  0x0000000000000000
core   0: 0x000000008000561a (0x0127f9b3) and     s3, a5, s2
core   0: 1 0x000000008000561a (0x0127f9b3) x19 0x0000005200194471
core   0: 0x000000008000561e (0x03f5d193) srli    gp, a1, 63
core   0: 1 0x000000008000561e (0x03f5d193) x3  0x0000000000000000
core   0: 0x0000000080005622 (0x4034d4bb) sraw    s1, s1, gp
core   0: 1 0x0000000080005622 (0x4034d4bb) x9  0xffffffff8c193e78
core   0: 0x0000000080005626 (0x00000001) c.nop
core   0: 1 0x0000000080005626 (0x0001)
core   0: 0x0000000080005628 (0xb8148a1b) addiw   s4, s1, -1151
core   0: 1 0x0000000080005628 (0xb8148a1b) x20 0xffffffff8c1939f9
core   0: 0x000000008000562c (0xe9f1811b) addiw   sp, gp, -353
core   0: 1 0x000000008000562c (0xe9f1811b) x2  0xfffffffffffffe9f
core   0: 0x0000000080005630 (0xd02a7d53) fcvt.s.l fs10, s4
core   0: 1 0x0000000080005630 (0xd02a7d53) c1_fflags 0x0000000000000013 f26 0xffffffffcee7cd8c
core   0: 0x0000000080005634 (0x41ae8d3b) subw    s10, t4, s10
core   0: 1 0x0000000080005634 (0x41ae8d3b) x26 0x00000000000009fb
core   0: 0x0000000080005638 (0x002e1373) csrrw   t1, frm, t3
core   0: 1 0x0000000080005638 (0x002e1373) x6  0x0000000000000000 c2_frm 0x0000000000000007
core   0: 0x000000008000563c (0x406d54bb) sraw    s1, s10, t1
core   0: 1 0x000000008000563c (0x406d54bb) x9  0x00000000000009fb
core   0: 0x0000000080005640 (0x22a72953) fsgnjx.d fs2, fa4, fa0
core   0: 1 0x0000000080005640 (0x22a72953) f18 0xfff8000000000000
core   0: 0x0000000080005644 (0xc21971d3) fcvt.wu.d gp, fs2
core   0: exception trap_illegal_instruction, epc 0x0000000080005644
core   0:           tval 0x00000000c21971d3
core   0: >>>>  $xrv64i2p1_m2p0_a2p1_f2p2_d2p2_zicsr2p0_zifencei2p0_zmmul1p0_zba1p0_zbb1p0_zbc1p0_zbs1p0
core   0: 0x0000000080004000 (0x0080006f) j       pc + 0x8
core   0: 3 0x0000000080004000 (0x0080006f)
core   0: >>>>  mmode_exception_handler
core   0: 0x0000000080004008 (0x00002c17) auipc   s8, 0x2
core   0: 3 0x0000000080004008 (0x00002c17) x24 0x0000000080006008
core   0: 0x000000008000400c (0xfaac0c13) addi    s8, s8, -86
core   0: 3 0x000000008000400c (0xfaac0c13) x24 0x0000000080005fb2
core   0: 0x0000000080004010 (0x000c00e7) jalr    s8
core   0: 3 0x0000000080004010 (0x000c00e7) x1  0x0000000080004014
core   0: >>>>  any_handler
core   0: 0x0000000080005fb2 (0x341027f3) csrrs   a5, mepc, zero
core   0: 3 0x0000000080005fb2 (0x341027f3) x15 0x0000000080005644
core   0: 0x0000000080005fb6 (0x34202773) csrrs   a4, mcause, zero
core   0: 3 0x0000000080005fb6 (0x34202773) x14 0x0000000000000002
core   0: 0x0000000080005fba (0x142026f3) csrrs   a3, scause, zero
core   0: 3 0x0000000080005fba (0x142026f3) x13 0x0000000000000000
core   0: 0x0000000080005fbe (0x30402673) csrrs   a2, mie, zero
core   0: 3 0x0000000080005fbe (0x30402673) x12 0x0000000000000a00
core   0: 0x0000000080005fc2 (0x344025f3) csrrs   a1, mip, zero
core   0: 3 0x0000000080005fc2 (0x344025f3) x11 0x0000000000000080
core   0: 0x0000000080005fc6 (0x343025f3) csrrs   a1, mtval, zero
core   0: 3 0x0000000080005fc6 (0x343025f3) x11 0x00000000c21971d3
core   0: 0x0000000080005fca (0x14302573) csrrs   a0, stval, zero
core   0: 3 0x0000000080005fca (0x14302573) x10 0x0000000000000a00
core   0: 0x0000000080005fce (0xb02024f3) csrrs   s1, minstret, zero
core   0: 3 0x0000000080005fce (0xb02024f3) x9  0x0000000000000fa3
core   0: 0x0000000080005fd2 (0x0000a811) c.j     pc + 20
core   0: 3 0x0000000080005fd2 (0xa811)
core   0: >>>>  mepc_4
core   0: 0x0000000080005fe6 (0x00000791) c.addi  a5, 4
core   0: 3 0x0000000080005fe6 (0x0791) x15 0x0000000080005648
core   0: 0x0000000080005fe8 (0x34179073) csrrw   zero, mepc, a5
core   0: 3 0x0000000080005fe8 (0x34179073) c833_mepc 0x0000000080005648
core   0: 0x0000000080005fec (0x30200073) mret
core   0: 3 0x0000000080005fec (0x30200073) c768_mstatus 0x8000000a00106080
core   0: 0x0000000080005648 (0xf20c0253) fmv.d.x ft4, s8
core   0: 1 0x0000000080005648 (0xf20c0253) f4  0x0000000080005fb2
core   0: 0x000000008000564c (0xcc5b0913) addi    s2, s6, -827
core   0: 1 0x000000008000564c (0xcc5b0913) x18 0xfffffffffffffcc5
core   0: 0x0000000080005650 (0x0b8e754b) fnmsub.d fa0, ft8, fs8, ft1
core   0: exception trap_illegal_instruction, epc 0x0000000080005650
core   0:           tval 0x000000000b8e754b
core   0: >>>>  $xrv64i2p1_m2p0_a2p1_f2p2_d2p2_zicsr2p0_zifencei2p0_zmmul1p0_zba1p0_zbb1p0_zbc1p0_zbs1p0
core   0: 0x0000000080004000 (0x0080006f) j       pc + 0x8
core   0: 3 0x0000000080004000 (0x0080006f)
core   0: >>>>  mmode_exception_handler
core   0: 0x0000000080004008 (0x00002c17) auipc   s8, 0x2
core   0: 3 0x0000000080004008 (0x00002c17) x24 0x0000000080006008
core   0: 0x000000008000400c (0xfaac0c13) addi    s8, s8, -86
core   0: 3 0x000000008000400c (0xfaac0c13) x24 0x0000000080005fb2
core   0: 0x0000000080004010 (0x000c00e7) jalr    s8
core   0: 3 0x0000000080004010 (0x000c00e7) x1  0x0000000080004014
core   0: >>>>  any_handler
core   0: 0x0000000080005fb2 (0x341027f3) csrrs   a5, mepc, zero
core   0: 3 0x0000000080005fb2 (0x341027f3) x15 0x0000000080005650
core   0: 0x0000000080005fb6 (0x34202773) csrrs   a4, mcause, zero
core   0: 3 0x0000000080005fb6 (0x34202773) x14 0x0000000000000002
core   0: 0x0000000080005fba (0x142026f3) csrrs   a3, scause, zero
core   0: 3 0x0000000080005fba (0x142026f3) x13 0x0000000000000000
core   0: 0x0000000080005fbe (0x30402673) csrrs   a2, mie, zero
core   0: 3 0x0000000080005fbe (0x30402673) x12 0x0000000000000a00
core   0: 0x0000000080005fc2 (0x344025f3) csrrs   a1, mip, zero
core   0: 3 0x0000000080005fc2 (0x344025f3) x11 0x0000000000000080
core   0: 0x0000000080005fc6 (0x343025f3) csrrs   a1, mtval, zero
core   0: 3 0x0000000080005fc6 (0x343025f3) x11 0x000000000b8e754b
core   0: 0x0000000080005fca (0x14302573) csrrs   a0, stval, zero
core   0: 3 0x0000000080005fca (0x14302573) x10 0x0000000000000a00
core   0: 0x0000000080005fce (0xb02024f3) csrrs   s1, minstret, zero
core   0: 3 0x0000000080005fce (0xb02024f3) x9  0x0000000000000fb5
core   0: 0x0000000080005fd2 (0x0000a811) c.j     pc + 20
core   0: 3 0x0000000080005fd2 (0xa811)
core   0: >>>>  mepc_4
core   0: 0x0000000080005fe6 (0x00000791) c.addi  a5, 4
core   0: 3 0x0000000080005fe6 (0x0791) x15 0x0000000080005654
core   0: 0x0000000080005fe8 (0x34179073) csrrw   zero, mepc, a5
core   0: 3 0x0000000080005fe8 (0x34179073) c833_mepc 0x0000000080005654
core   0: 0x0000000080005fec (0x30200073) mret
core   0: 3 0x0000000080005fec (0x30200073) c768_mstatus 0x8000000a00106080
core   0: 0x0000000080005654 (0x00008d49) c.or    a0, a0
core   0: 1 0x0000000080005654 (0x8d49) x10 0x0000000000000a00
core   0: 0x0000000080005656 (0x00220a3b) addw    s4, tp, sp
core   0: 1 0x0000000080005656 (0x00220a3b) x20 0x000000001730588a
core   0: 0x000000008000565a (0xfc341037) lui     zero, 0xfc341
core   0: 1 0x000000008000565a (0xfc341037)
core   0: 0x000000008000565e (0xaf10001b) addiw   zero, zero, -1295
core   0: 1 0x000000008000565e (0xaf10001b)
core   0: 0x0000000080005662 (0x00c01013) slli    zero, zero, 12
core   0: 1 0x0000000080005662 (0x00c01013)
core   0: 0x0000000080005666 (0x51600013) li      zero, 1302
core   0: 1 0x0000000080005666 (0x51600013)
core   0: 0x000000008000566a (0x001025f3) csrrs   a1, fflags, zero
core   0: 1 0x000000008000566a (0x001025f3) x11 0x0000000000000013
core   0: 0x000000008000566e (0xf2000fd3) fmv.d.x ft11, zero
core   0: 1 0x000000008000566e (0xf2000fd3) f31 0x0000000000000000
core   0: 0x0000000080005672 (0x9982e517) auipc   a0, 0x9982e
core   0: 1 0x0000000080005672 (0x9982e517) x10 0x0000000019833672
core   0: 0x0000000080005676 (0xc209f4d3) fcvt.w.d s1, fs3
core   0: exception trap_illegal_instruction, epc 0x0000000080005676
core   0:           tval 0x00000000c209f4d3
core   0: >>>>  $xrv64i2p1_m2p0_a2p1_f2p2_d2p2_zicsr2p0_zifencei2p0_zmmul1p0_zba1p0_zbb1p0_zbc1p0_zbs1p0
core   0: 0x0000000080004000 (0x0080006f) j       pc + 0x8
core   0: 3 0x0000000080004000 (0x0080006f)
core   0: >>>>  mmode_exception_handler
core   0: 0x0000000080004008 (0x00002c17) auipc   s8, 0x2
core   0: 3 0x0000000080004008 (0x00002c17) x24 0x0000000080006008
core   0: 0x000000008000400c (0xfaac0c13) addi    s8, s8, -86
core   0: 3 0x000000008000400c (0xfaac0c13) x24 0x0000000080005fb2
core   0: 0x0000000080004010 (0x000c00e7) jalr    s8
core   0: 3 0x0000000080004010 (0x000c00e7) x1  0x0000000080004014
core   0: >>>>  any_handler
core   0: 0x0000000080005fb2 (0x341027f3) csrrs   a5, mepc, zero
core   0: 3 0x0000000080005fb2 (0x341027f3) x15 0x0000000080005676
core   0: 0x0000000080005fb6 (0x34202773) csrrs   a4, mcause, zero
core   0: 3 0x0000000080005fb6 (0x34202773) x14 0x0000000000000002
core   0: 0x0000000080005fba (0x142026f3) csrrs   a3, scause, zero
core   0: 3 0x0000000080005fba (0x142026f3) x13 0x0000000000000000
core   0: 0x0000000080005fbe (0x30402673) csrrs   a2, mie, zero
core   0: 3 0x0000000080005fbe (0x30402673) x12 0x0000000000000a00
core   0: 0x0000000080005fc2 (0x344025f3) csrrs   a1, mip, zero
core   0: 3 0x0000000080005fc2 (0x344025f3) x11 0x0000000000000080
core   0: 0x0000000080005fc6 (0x343025f3) csrrs   a1, mtval, zero
core   0: 3 0x0000000080005fc6 (0x343025f3) x11 0x00000000c209f4d3
core   0: 0x0000000080005fca (0x14302573) csrrs   a0, stval, zero
core   0: 3 0x0000000080005fca (0x14302573) x10 0x0000000000000a00
core   0: 0x0000000080005fce (0xb02024f3) csrrs   s1, minstret, zero
core   0: 3 0x0000000080005fce (0xb02024f3) x9  0x0000000000000fce
core   0: 0x0000000080005fd2 (0x0000a811) c.j     pc + 20
core   0: 3 0x0000000080005fd2 (0xa811)
core   0: >>>>  mepc_4
core   0: 0x0000000080005fe6 (0x00000791) c.addi  a5, 4
core   0: 3 0x0000000080005fe6 (0x0791) x15 0x000000008000567a
core   0: 0x0000000080005fe8 (0x34179073) csrrw   zero, mepc, a5
core   0: 3 0x0000000080005fe8 (0x34179073) c833_mepc 0x000000008000567a
core   0: 0x0000000080005fec (0x30200073) mret
core   0: 3 0x0000000080005fec (0x30200073) c768_mstatus 0x8000000a00106080
core   0: 0x000000008000567a (0x420a0bd3) fcvt.d.s fs7, fs4
core   0: 1 0x000000008000567a (0x420a0bd3) f23 0x0000000000000000
core   0: 0x000000008000567e (0x001c1b73) csrrw   s6, fflags, s8
core   0: 1 0x000000008000567e (0x001c1b73) x22 0x0000000000000013 c1_fflags 0x0000000000000012
core   0: 0x0000000080005682 (0x4252d293) srai    t0, t0, 37
core   0: 1 0x0000000080005682 (0x4252d293) x5  0xffffffffffffffff
core   0: 0x0000000080005686 (0xc03ff653) fcvt.lu.s a2, ft11
core   0: exception trap_illegal_instruction, epc 0x0000000080005686
core   0:           tval 0x00000000c03ff653
core   0: >>>>  $xrv64i2p1_m2p0_a2p1_f2p2_d2p2_zicsr2p0_zifencei2p0_zmmul1p0_zba1p0_zbb1p0_zbc1p0_zbs1p0
core   0: 0x0000000080004000 (0x0080006f) j       pc + 0x8
core   0: 3 0x0000000080004000 (0x0080006f)
core   0: >>>>  mmode_exception_handler
core   0: 0x0000000080004008 (0x00002c17) auipc   s8, 0x2
core   0: 3 0x0000000080004008 (0x00002c17) x24 0x0000000080006008
core   0: 0x000000008000400c (0xfaac0c13) addi    s8, s8, -86
core   0: 3 0x000000008000400c (0xfaac0c13) x24 0x0000000080005fb2
core   0: 0x0000000080004010 (0x000c00e7) jalr    s8
core   0: 3 0x0000000080004010 (0x000c00e7) x1  0x0000000080004014
core   0: >>>>  any_handler
core   0: 0x0000000080005fb2 (0x341027f3) csrrs   a5, mepc, zero
core   0: 3 0x0000000080005fb2 (0x341027f3) x15 0x0000000080005686
core   0: 0x0000000080005fb6 (0x34202773) csrrs   a4, mcause, zero
core   0: 3 0x0000000080005fb6 (0x34202773) x14 0x0000000000000002
core   0: 0x0000000080005fba (0x142026f3) csrrs   a3, scause, zero
core   0: 3 0x0000000080005fba (0x142026f3) x13 0x0000000000000000
core   0: 0x0000000080005fbe (0x30402673) csrrs   a2, mie, zero
core   0: 3 0x0000000080005fbe (0x30402673) x12 0x0000000000000a00
core   0: 0x0000000080005fc2 (0x344025f3) csrrs   a1, mip, zero
core   0: 3 0x0000000080005fc2 (0x344025f3) x11 0x0000000000000080
core   0: 0x0000000080005fc6 (0x343025f3) csrrs   a1, mtval, zero
core   0: 3 0x0000000080005fc6 (0x343025f3) x11 0x00000000c03ff653
core   0: 0x0000000080005fca (0x14302573) csrrs   a0, stval, zero
core   0: 3 0x0000000080005fca (0x14302573) x10 0x0000000000000a00
core   0: 0x0000000080005fce (0xb02024f3) csrrs   s1, minstret, zero
core   0: 3 0x0000000080005fce (0xb02024f3) x9  0x0000000000000fe1
core   0: 0x0000000080005fd2 (0x0000a811) c.j     pc + 20
core   0: 3 0x0000000080005fd2 (0xa811)
core   0: >>>>  mepc_4
core   0: 0x0000000080005fe6 (0x00000791) c.addi  a5, 4
core   0: 3 0x0000000080005fe6 (0x0791) x15 0x000000008000568a
core   0: 0x0000000080005fe8 (0x34179073) csrrw   zero, mepc, a5
core   0: 3 0x0000000080005fe8 (0x34179073) c833_mepc 0x000000008000568a
core   0: 0x0000000080005fec (0x30200073) mret
core   0: 3 0x0000000080005fec (0x30200073) c768_mstatus 0x8000000a00106080
core   0: 0x000000008000568a (0xc0289973) csrrw   s2, instret, a7
core   0: exception trap_illegal_instruction, epc 0x000000008000568a
core   0:           tval 0x00000000c0289973
core   0: >>>>  $xrv64i2p1_m2p0_a2p1_f2p2_d2p2_zicsr2p0_zifencei2p0_zmmul1p0_zba1p0_zbb1p0_zbc1p0_zbs1p0
core   0: 0x0000000080004000 (0x0080006f) j       pc + 0x8
core   0: 3 0x0000000080004000 (0x0080006f)
core   0: >>>>  mmode_exception_handler
core   0: 0x0000000080004008 (0x00002c17) auipc   s8, 0x2
core   0: 3 0x0000000080004008 (0x00002c17) x24 0x0000000080006008
core   0: 0x000000008000400c (0xfaac0c13) addi    s8, s8, -86
core   0: 3 0x000000008000400c (0xfaac0c13) x24 0x0000000080005fb2
core   0: 0x0000000080004010 (0x000c00e7) jalr    s8
core   0: 3 0x0000000080004010 (0x000c00e7) x1  0x0000000080004014
core   0: >>>>  any_handler
core   0: 0x0000000080005fb2 (0x341027f3) csrrs   a5, mepc, zero
core   0: 3 0x0000000080005fb2 (0x341027f3) x15 0x000000008000568a
core   0: 0x0000000080005fb6 (0x34202773) csrrs   a4, mcause, zero
core   0: 3 0x0000000080005fb6 (0x34202773) x14 0x0000000000000002
core   0: 0x0000000080005fba (0x142026f3) csrrs   a3, scause, zero
core   0: 3 0x0000000080005fba (0x142026f3) x13 0x0000000000000000
core   0: 0x0000000080005fbe (0x30402673) csrrs   a2, mie, zero
core   0: 3 0x0000000080005fbe (0x30402673) x12 0x0000000000000a00
core   0: 0x0000000080005fc2 (0x344025f3) csrrs   a1, mip, zero
core   0: 3 0x0000000080005fc2 (0x344025f3) x11 0x0000000000000080
core   0: 0x0000000080005fc6 (0x343025f3) csrrs   a1, mtval, zero
core   0: 3 0x0000000080005fc6 (0x343025f3) x11 0x00000000c0289973
core   0: 0x0000000080005fca (0x14302573) csrrs   a0, stval, zero
core   0: 3 0x0000000080005fca (0x14302573) x10 0x0000000000000a00
core   0: 0x0000000080005fce (0xb02024f3) csrrs   s1, minstret, zero
core   0: 3 0x0000000080005fce (0xb02024f3) x9  0x0000000000000ff1
core   0: 0x0000000080005fd2 (0x0000a811) c.j     pc + 20
core   0: 3 0x0000000080005fd2 (0xa811)
core   0: >>>>  mepc_4
core   0: 0x0000000080005fe6 (0x00000791) c.addi  a5, 4
core   0: 3 0x0000000080005fe6 (0x0791) x15 0x000000008000568e
core   0: 0x0000000080005fe8 (0x34179073) csrrw   zero, mepc, a5
core   0: 3 0x0000000080005fe8 (0x34179073) c833_mepc 0x000000008000568e
core   0: 0x0000000080005fec (0x30200073) mret
core   0: 3 0x0000000080005fec (0x30200073) c768_mstatus 0x8000000a00106080
core   0: 0x000000008000568e (0x23ec9cd3) fsgnjn.d fs9, fs9, ft10
core   0: 1 0x000000008000568e (0x23ec9cd3) f25 0x3ff0000000000000
core   0: 0x0000000080005692 (0x003a923b) sllw    tp, s5, gp
core   0: 1 0x0000000080005692 (0x003a923b) x4  0x0000000057fe35ce
core   0: 0x0000000080005696 (0x00922d33) slt     s10, tp, s1
core   0: 1 0x0000000080005696 (0x00922d33) x26 0x0000000000000000
core   0: 0x000000008000569a (0x69a1ea17) auipc   s4, 0x69a1e
core   0: 1 0x000000008000569a (0x69a1ea17) x20 0x00000000e9a2369a
core   0: 0x000000008000569e (0x747235f3) csrrc   a1, mseccfg, tp
core   0: exception trap_illegal_instruction, epc 0x000000008000569e
core   0:           tval 0x00000000747235f3
core   0: >>>>  $xrv64i2p1_m2p0_a2p1_f2p2_d2p2_zicsr2p0_zifencei2p0_zmmul1p0_zba1p0_zbb1p0_zbc1p0_zbs1p0
core   0: 0x0000000080004000 (0x0080006f) j       pc + 0x8
core   0: 3 0x0000000080004000 (0x0080006f)
core   0: >>>>  mmode_exception_handler
core   0: 0x0000000080004008 (0x00002c17) auipc   s8, 0x2
core   0: 3 0x0000000080004008 (0x00002c17) x24 0x0000000080006008
core   0: 0x000000008000400c (0xfaac0c13) addi    s8, s8, -86
core   0: 3 0x000000008000400c (0xfaac0c13) x24 0x0000000080005fb2
core   0: 0x0000000080004010 (0x000c00e7) jalr    s8
core   0: 3 0x0000000080004010 (0x000c00e7) x1  0x0000000080004014
core   0: >>>>  any_handler
core   0: 0x0000000080005fb2 (0x341027f3) csrrs   a5, mepc, zero
core   0: 3 0x0000000080005fb2 (0x341027f3) x15 0x000000008000569e
core   0: 0x0000000080005fb6 (0x34202773) csrrs   a4, mcause, zero
core   0: 3 0x0000000080005fb6 (0x34202773) x14 0x0000000000000002
core   0: 0x0000000080005fba (0x142026f3) csrrs   a3, scause, zero
core   0: 3 0x0000000080005fba (0x142026f3) x13 0x0000000000000000
core   0: 0x0000000080005fbe (0x30402673) csrrs   a2, mie, zero
core   0: 3 0x0000000080005fbe (0x30402673) x12 0x0000000000000a00
core   0: 0x0000000080005fc2 (0x344025f3) csrrs   a1, mip, zero
core   0: 3 0x0000000080005fc2 (0x344025f3) x11 0x0000000000000080
core   0: 0x0000000080005fc6 (0x343025f3) csrrs   a1, mtval, zero
core   0: 3 0x0000000080005fc6 (0x343025f3) x11 0x00000000747235f3
core   0: 0x0000000080005fca (0x14302573) csrrs   a0, stval, zero
core   0: 3 0x0000000080005fca (0x14302573) x10 0x0000000000000a00
core   0: 0x0000000080005fce (0xb02024f3) csrrs   s1, minstret, zero
core   0: 3 0x0000000080005fce (0xb02024f3) x9  0x0000000000001005
core   0: 0x0000000080005fd2 (0x0000a811) c.j     pc + 20
core   0: 3 0x0000000080005fd2 (0xa811)
core   0: >>>>  mepc_4
core   0: 0x0000000080005fe6 (0x00000791) c.addi  a5, 4
core   0: 3 0x0000000080005fe6 (0x0791) x15 0x00000000800056a2
core   0: 0x0000000080005fe8 (0x34179073) csrrw   zero, mepc, a5
core   0: 3 0x0000000080005fe8 (0x34179073) c833_mepc 0x00000000800056a2
core   0: 0x0000000080005fec (0x30200073) mret
core   0: 3 0x0000000080005fec (0x30200073) c768_mstatus 0x8000000a00106080
core   0: 0x00000000800056a2 (0x001e5c13) srli    s8, t3, 1
core   0: 1 0x00000000800056a2 (0x001e5c13) x24 0x7fffffffffffffff
core   0: 0x00000000800056a6 (0x23ee8cd3) fsgnj.d fs9, ft9, ft10
core   0: 1 0x00000000800056a6 (0x23ee8cd3) f25 0xc3f0000000000000
core   0: 0x00000000800056aa (0x00269273) csrrw   tp, frm, a3
core   0: 1 0x00000000800056aa (0x00269273) x4  0x0000000000000007 c2_frm 0x0000000000000000
core   0: 0x00000000800056ae (0x01905cbb) srlw    s9, zero, s9
core   0: 1 0x00000000800056ae (0x01905cbb) x25 0x0000000000000000
core   0: 0x00000000800056b2 (0x2be40dd3) fmin.d  fs11, fs0, ft10
core   0: 1 0x00000000800056b2 (0x2be40dd3) f27 0x8000000000000000
core   0: 0x00000000800056b6 (0x401f7a53) fcvt.s.d fs4, ft10
core   0: 1 0x00000000800056b6 (0x401f7a53) f20 0xffffffff7fc00000
core   0: 0x00000000800056ba (0x02436b3b) remw    s6, t1, tp
core   0: 1 0x00000000800056ba (0x02436b3b) x22 0x0000000000000000
core   0: 0x00000000800056be (0xf20b0ad3) fmv.d.x fs5, s6
core   0: 1 0x00000000800056be (0xf20b0ad3) f21 0x0000000000000000
core   0: 0x00000000800056c2 (0x7a690113) addi    sp, s2, 1958
core   0: 1 0x00000000800056c2 (0x7a690113) x2  0x000000000000046b
core   0: 0x00000000800056c6 (0xda53fc97) auipc   s9, 0xda53f
core   0: 1 0x00000000800056c6 (0xda53fc97) x25 0x000000005a5446c6
core   0: 0x00000000800056ca (0x03cc863b) mulw    a2, s9, t3
core   0: 1 0x00000000800056ca (0x03cc863b) x12 0xffffffffa5abb93a
core   0: 0x00000000800056ce (0xf2018bd3) fmv.d.x fs7, gp
core   0: 1 0x00000000800056ce (0xf2018bd3) f23 0x0000000000000000
core   0: 0x00000000800056d2 (0xd0217453) fcvt.s.l fs0, sp
core   0: 1 0x00000000800056d2 (0xd0217453) f8  0xffffffff448d6000
core   0: 0x00000000800056d6 (0x00ccfdb3) and     s11, s9, a2
core   0: 1 0x00000000800056d6 (0x00ccfdb3) x27 0x0000000000000002
core   0: 0x00000000800056da (0x02c65a33) divu    s4, a2, a2
core   0: 1 0x00000000800056da (0x02c65a33) x20 0x0000000000000001
core   0: 0x00000000800056de (0xd2110953) fcvt.d.wu fs2, sp
core   0: 1 0x00000000800056de (0xd2110953) f18 0x4091ac0000000000
core   0: 0x00000000800056e2 (0x00102973) csrrs   s2, fflags, zero
core   0: 1 0x00000000800056e2 (0x00102973) x18 0x0000000000000012
core   0: 0x00000000800056e6 (0x0173a633) slt     a2, t2, s7
core   0: 1 0x00000000800056e6 (0x0173a633) x12 0x0000000000000000
core   0: 0x00000000800056ea (0x1bad7a53) fdiv.d  fs4, fs10, fs10
core   0: 1 0x00000000800056ea (0x1bad7a53) f20 0x7ff8000000000000
core   0: 0x00000000800056ee (0x001024f3) csrrs   s1, fflags, zero
core   0: 1 0x00000000800056ee (0x001024f3) x9  0x0000000000000012
core   0: 0x00000000800056f2 (0xd023f4d3) fcvt.s.l fs1, t2
core   0: 1 0x00000000800056f2 (0xd023f4d3) f9  0xffffffff40a00000
core   0: 0x00000000800056f6 (0x00202573) csrrs   a0, frm, zero
core   0: 1 0x00000000800056f6 (0x00202573) x10 0x0000000000000000
core   0: 0x00000000800056fa (0x25821097) auipc   ra, 0x25821
core   0: 1 0x00000000800056fa (0x25821097) x1  0x00000000a58266fa
core   0: 0x00000000800056fe (0xc0257353) fcvt.l.s t1, fa0
core   0: 1 0x00000000800056fe (0xc0257353) c1_fflags 0x0000000000000012 x6  0x7fffffffffffffff
core   0: 0x0000000080005702 (0xa2ba8e53) fle.d   t3, fs5, fa1
core   0: 1 0x0000000080005702 (0xa2ba8e53) c1_fflags 0x0000000000000012 x28 0x0000000000000000
core   0: 0x0000000080005706 (0x22212953) fsgnjx.d fs2, ft2, ft2
core   0: 1 0x0000000080005706 (0x22212953) f18 0x4000000000000000
core   0: 0x000000008000570a (0x02be7ebb) remuw   t4, t3, a1
core   0: 1 0x000000008000570a (0x02be7ebb) x29 0x0000000000000000
core   0: 0x000000008000570e (0x0ff0000f) fence   iorw,iorw
core   0: 1 0x000000008000570e (0x0ff0000f)
core   0: 0x0000000080005712 (0x01dc06b3) add     a3, s8, t4
core   0: 1 0x0000000080005712 (0x01dc06b3) x13 0x7fffffffffffffff
core   0: 0x0000000080005716 (0xd025f3d3) fcvt.s.l ft7, a1
core   0: 1 0x0000000080005716 (0xd025f3d3) c1_fflags 0x0000000000000013 f7  0xffffffff4ee8e46c
core   0: 0x000000008000571a (0x01569333) sll     t1, a3, s5
core   0: 1 0x000000008000571a (0x01569333) x6  0xffffffffffffc000
core   0: 0x000000008000571e (0x001e5e13) srli    t3, t3, 1
core   0: 1 0x000000008000571e (0x001e5e13) x28 0x0000000000000000
core   0: 0x0000000080005722 (0x03fd5893) srli    a7, s10, 63
core   0: 1 0x0000000080005722 (0x03fd5893) x17 0x0000000000000000
core   0: 0x0000000080005726 (0x8b2fd397) auipc   t2, 0x8b2fd
core   0: 1 0x0000000080005726 (0x8b2fd397) x7  0x000000000b302726
core   0: 0x000000008000572a (0x00000001) c.nop
core   0: 1 0x000000008000572a (0x0001)
core   0: 0x000000008000572c (0x014d7c33) and     s8, s10, s4
core   0: 1 0x000000008000572c (0x014d7c33) x24 0x0000000000000000
core   0: 0x0000000080005730 (0x0015cb93) xori    s7, a1, 1
core   0: 1 0x0000000080005730 (0x0015cb93) x23 0x00000000747235f2
core   0: 0x0000000080005734 (0x0015009b) addiw   ra, a0, 1
core   0: 1 0x0000000080005734 (0x0015009b) x1  0x0000000000000001
core   0: 0x0000000080005738 (0x01dd0d3b) addw    s10, s10, t4
core   0: 1 0x0000000080005738 (0x01dd0d3b) x26 0x0000000000000000
core   0: 0x000000008000573c (0x011c56bb) srlw    a3, s8, a7
core   0: 1 0x000000008000573c (0x011c56bb) x13 0x0000000000000000
core   0: 0x0000000080005740 (0xd038f053) fcvt.s.lu ft0, a7
core   0: 1 0x0000000080005740 (0xd038f053) f0  0xffffffff00000000
core   0: 0x0000000080005744 (0x0233e43b) remw    s0, t2, gp
core   0: 1 0x0000000080005744 (0x0233e43b) x8  0x000000000b302726
core   0: 0x0000000080005748 (0xffe8d7b7) lui     a5, 0xffe8d
core   0: 1 0x0000000080005748 (0xffe8d7b7) x15 0xffffffffffe8d000
core   0: 0x000000008000574c (0xfc57879b) addiw   a5, a5, -59
core   0: 1 0x000000008000574c (0xfc57879b) x15 0xffffffffffe8cfc5
core   0: 0x0000000080005750 (0x000007be) c.slli  a5, 15
core   0: 1 0x0000000080005750 (0x07be) x15 0xfffffff467e28000
core   0: 0x0000000080005752 (0x000017e1) c.addi  a5, -8
core   0: 1 0x0000000080005752 (0x17e1) x15 0xfffffff467e27ff8
core   0: 0x0000000080005754 (0x227f86d3) fsgnj.d fa3, ft11, ft7
core   0: 1 0x0000000080005754 (0x227f86d3) f13 0x8000000000000000
core   0: 0x0000000080005758 (0x03710933) mul     s2, sp, s7
core   0: 1 0x0000000080005758 (0x03710933) x18 0x0000020274945426
core   0: 0x000000008000575c (0x22e6a953) fsgnjx.d fs2, fa3, fa4
core   0: 1 0x000000008000575c (0x22e6a953) f18 0x8000000000000000
core   0: 0x0000000080005760 (0x01f3529b) srliw   t0, t1, 31
core   0: 1 0x0000000080005760 (0x01f3529b) x5  0x0000000000000001
core   0: 0x0000000080005764 (0x00000001) c.nop
core   0: 1 0x0000000080005764 (0x0001)
core   0: 0x0000000080005766 (0x133bf3d3) fmul.d  ft7, fs7, fs3
core   0: 1 0x0000000080005766 (0x133bf3d3) f7  0x0000000000000000
core   0: 0x000000008000576a (0x029c1a93) slli    s5, s8, 41
core   0: 1 0x000000008000576a (0x029c1a93) x21 0x0000000000000000
core   0: 0x000000008000576e (0xd20c0253) fcvt.d.w ft4, s8
core   0: 1 0x000000008000576e (0xd20c0253) f4  0x0000000000000000
core   0: 0x0000000080005772 (0x02e7d293) srli    t0, a5, 46
core   0: 1 0x0000000080005772 (0x02e7d293) x5  0x000000000003ffff
core   0: 0x0000000080005776 (0x0217b033) mulhu   zero, a5, ra
core   0: 1 0x0000000080005776 (0x0217b033)
core   0: 0x000000008000577a (0xd20a0f53) fcvt.d.w ft10, s4
core   0: 1 0x000000008000577a (0xd20a0f53) f30 0x3ff0000000000000
core   0: 0x000000008000577e (0x037f7fd3) fadd.d  ft11, ft10, fs7
core   0: 1 0x000000008000577e (0x037f7fd3) f31 0x3ff0000000000000
core   0: 0x0000000080005782 (0x03c9a3b3) mulhsu  t2, s3, t3
core   0: 1 0x0000000080005782 (0x03c9a3b3) x7  0x0000000000000000
core   0: 0x0000000080005786 (0xc20bf153) fcvt.w.d sp, fs7
core   0: 1 0x0000000080005786 (0xc20bf153) x2  0x0000000000000000
core   0: 0x000000008000578a (0x0357a6b3) mulhsu  a3, a5, s5
core   0: 1 0x000000008000578a (0x0357a6b3) x13 0x0000000000000000
core   0: 0x000000008000578e (0xd21106d3) fcvt.d.wu fa3, sp
core   0: 1 0x000000008000578e (0xd21106d3) f13 0x0000000000000000
core   0: 0x0000000080005792 (0x023afbd3) fadd.d  fs7, fs5, ft3
core   0: 1 0x0000000080005792 (0x023afbd3) f23 0x7ff8000000000000
core   0: 0x0000000080005796 (0x02d116b3) mulh    a3, sp, a3
core   0: 1 0x0000000080005796 (0x02d116b3) x13 0x0000000000000000
core   0: 0x000000008000579a (0x137a7753) fmul.d  fa4, fs4, fs7
core   0: 1 0x000000008000579a (0x137a7753) f14 0x7ff8000000000000
core   0: 0x000000008000579e (0x01568abb) addw    s5, a3, s5
core   0: 1 0x000000008000579e (0x01568abb) x21 0x0000000000000000
core   0: 0x00000000800057a2 (0x34005273) csrrwi  tp, mscratch, 0
core   0: exception trap_illegal_instruction, epc 0x00000000800057a2
core   0:           tval 0x0000000034005273
core   0: >>>>  $xrv64i2p1_m2p0_a2p1_f2p2_d2p2_zicsr2p0_zifencei2p0_zmmul1p0_zba1p0_zbb1p0_zbc1p0_zbs1p0
core   0: 0x0000000080004000 (0x0080006f) j       pc + 0x8
core   0: 3 0x0000000080004000 (0x0080006f)
core   0: >>>>  mmode_exception_handler
core   0: 0x0000000080004008 (0x00002c17) auipc   s8, 0x2
core   0: 3 0x0000000080004008 (0x00002c17) x24 0x0000000080006008
core   0: 0x000000008000400c (0xfaac0c13) addi    s8, s8, -86
core   0: 3 0x000000008000400c (0xfaac0c13) x24 0x0000000080005fb2
core   0: 0x0000000080004010 (0x000c00e7) jalr    s8
core   0: 3 0x0000000080004010 (0x000c00e7) x1  0x0000000080004014
core   0: >>>>  any_handler
core   0: 0x0000000080005fb2 (0x341027f3) csrrs   a5, mepc, zero
core   0: 3 0x0000000080005fb2 (0x341027f3) x15 0x00000000800057a2
core   0: 0x0000000080005fb6 (0x34202773) csrrs   a4, mcause, zero
core   0: 3 0x0000000080005fb6 (0x34202773) x14 0x0000000000000002
core   0: 0x0000000080005fba (0x142026f3) csrrs   a3, scause, zero
core   0: 3 0x0000000080005fba (0x142026f3) x13 0x0000000000000000
core   0: 0x0000000080005fbe (0x30402673) csrrs   a2, mie, zero
core   0: 3 0x0000000080005fbe (0x30402673) x12 0x0000000000000a00
core   0: 0x0000000080005fc2 (0x344025f3) csrrs   a1, mip, zero
core   0: 3 0x0000000080005fc2 (0x344025f3) x11 0x0000000000000080
core   0: 0x0000000080005fc6 (0x343025f3) csrrs   a1, mtval, zero
core   0: 3 0x0000000080005fc6 (0x343025f3) x11 0x0000000034005273
core   0: 0x0000000080005fca (0x14302573) csrrs   a0, stval, zero
core   0: 3 0x0000000080005fca (0x14302573) x10 0x0000000000000a00
core   0: 0x0000000080005fce (0xb02024f3) csrrs   s1, minstret, zero
core   0: 3 0x0000000080005fce (0xb02024f3) x9  0x0000000000001057
core   0: 0x0000000080005fd2 (0x0000a811) c.j     pc + 20
core   0: 3 0x0000000080005fd2 (0xa811)
core   0: >>>>  mepc_4
core   0: 0x0000000080005fe6 (0x00000791) c.addi  a5, 4
core   0: 3 0x0000000080005fe6 (0x0791) x15 0x00000000800057a6
core   0: 0x0000000080005fe8 (0x34179073) csrrw   zero, mepc, a5
core   0: 3 0x0000000080005fe8 (0x34179073) c833_mepc 0x00000000800057a6
core   0: 0x0000000080005fec (0x30200073) mret
core   0: 3 0x0000000080005fec (0x30200073) c768_mstatus 0x8000000a00106080
core   0: 0x00000000800057a6 (0x02324e3b) divw    t3, tp, gp
core   0: 1 0x00000000800057a6 (0x02324e3b) x28 0xffffffffffffffff
core   0: 0x00000000800057aa (0x420d00d3) fcvt.d.s ft1, fs10
core   0: 1 0x00000000800057aa (0x420d00d3) f1  0xc1dcf9b180000000
core   0: 0x00000000800057ae (0x0160101b) slliw   zero, zero, 22
core   0: 1 0x00000000800057ae (0x0160101b)
core   0: 0x00000000800057b2 (0x00304333) xor     t1, zero, gp
core   0: 1 0x00000000800057b2 (0x00304333) x6  0x0000000000000000
core   0: 0x00000000800057b6 (0xf2000553) fmv.d.x fa0, zero
core   0: 1 0x00000000800057b6 (0xf2000553) f10 0x0000000000000000
core   0: 0x00000000800057ba (0x0006e0b3) or      ra, a3, zero
core   0: 1 0x00000000800057ba (0x0006e0b3) x1  0x0000000000000000
core   0: 0x00000000800057be (0xc233fd53) fcvt.lu.d s10, ft7
core   0: 1 0x00000000800057be (0xc233fd53) x26 0x0000000000000000
core   0: 0x00000000800057c2 (0x40188433) sub     s0, a7, ra
core   0: 1 0x00000000800057c2 (0x40188433) x8  0x0000000000000000
core   0: 0x00000000800057c6 (0x011e9c1b) slliw   s8, t4, 17
core   0: 1 0x00000000800057c6 (0x011e9c1b) x24 0x0000000000000000
core   0: 0x00000000800057ca (0x0006f133) and     sp, a3, zero
core   0: 1 0x00000000800057ca (0x0006f133) x2  0x0000000000000000
core   0: 0x00000000800057ce (0x053ac237) lui     tp, 0x53ac
core   0: 1 0x00000000800057ce (0x053ac237) x4  0x00000000053ac000
core   0: 0x00000000800057d2 (0x2392021b) addiw   tp, tp, 569
core   0: 1 0x00000000800057d2 (0x2392021b) x4  0x00000000053ac239
core   0: 0x00000000800057d6 (0x00000232) c.slli  tp, 12
core   0: 1 0x00000000800057d6 (0x0232) x4  0x00000053ac239000
core   0: 0x00000000800057d8 (0x4d020213) addi    tp, tp, 1232
core   0: 1 0x00000000800057d8 (0x4d020213) x4  0x00000053ac2394d0
core   0: 0x00000000800057dc (0x009c14b3) sll     s1, s8, s1
core   0: 1 0x00000000800057dc (0x009c14b3) x9  0x0000000000000000
core   0: 0x00000000800057e0 (0x0ff0000f) fence   iorw,iorw
core   0: 1 0x00000000800057e0 (0x0ff0000f)
core   0: 0x00000000800057e4 (0x004202b3) add     t0, tp, tp
core   0: 1 0x00000000800057e4 (0x004202b3) x5  0x000000a7584729a0
core   0: 0x00000000800057e8 (0xed288513) addi    a0, a7, -302
core   0: 1 0x00000000800057e8 (0xed288513) x10 0xfffffffffffffed2
core   0: 0x00000000800057ec (0xfffece93) not     t4, t4
core   0: 1 0x00000000800057ec (0xfffece93) x29 0xffffffffffffffff
core   0: 0x00000000800057f0 (0x41d9533b) sraw    t1, s2, t4
core   0: 1 0x00000000800057f0 (0x41d9533b) x6  0x0000000000000000
core   0: 0x00000000800057f4 (0xd03df8d3) fcvt.s.lu fa7, s11
core   0: 1 0x00000000800057f4 (0xd03df8d3) f17 0xffffffff40000000
core   0: 0x00000000800057f8 (0x4101d4b3) sra     s1, gp, a6
core   0: 1 0x00000000800057f8 (0x4101d4b3) x9  0x0000000000000000
core   0: 0x00000000800057fc (0x144bbcf3) csrrc   s9, sip, s7
core   0: 1 0x00000000800057fc (0x144bbcf3) x25 0x0000000000000000 c836_mip 0x0000000000000080
core   0: 0x0000000080005800 (0x231f84d3) fsgnj.d fs1, ft11, fa7
core   0: 1 0x0000000080005800 (0x231f84d3) f9  0xbff0000000000000
core   0: 0x0000000080005804 (0xe2088553) fmv.x.d a0, fa7
core   0: 1 0x0000000080005804 (0xe2088553) x10 0xffffffff40000000
core   0: 0x0000000080005808 (0x012718bb) sllw    a7, a4, s2
core   0: 1 0x0000000080005808 (0x012718bb) x17 0x0000000000000080
core   0: 0x000000008000580c (0xc038fbd3) fcvt.lu.s s7, fa7
core   0: 1 0x000000008000580c (0xc038fbd3) x23 0x0000000000000002
core   0: 0x0000000080005810 (0x40e65a9b) sraiw   s5, a2, 14
core   0: 1 0x0000000080005810 (0x40e65a9b) x21 0x0000000000000000
core   0: 0x0000000080005814 (0x41935d3b) sraw    s10, t1, s9
core   0: 1 0x0000000080005814 (0x41935d3b) x26 0x0000000000000000
core   0: 0x0000000080005818 (0xc02f7d53) fcvt.l.s s10, ft10
core   0: 1 0x0000000080005818 (0xc02f7d53) c1_fflags 0x0000000000000013 x26 0x7fffffffffffffff
core   0: 0x000000008000581c (0x01188533) add     a0, a7, a7
core   0: 1 0x000000008000581c (0x01188533) x10 0x0000000000000100
core   0: 0x0000000080005820 (0x011797b3) sll     a5, a5, a7
core   0: 1 0x0000000080005820 (0x011797b3) x15 0x00000000800057a6
core   0: 0x0000000080005824 (0xeb878393) addi    t2, a5, -328
core   0: 1 0x0000000080005824 (0xeb878393) x7  0x000000008000565e
core   0: 0x0000000080005828 (0xc22477d3) fcvt.l.d a5, fs0
core   0: 1 0x0000000080005828 (0xc22477d3) c1_fflags 0x0000000000000013 x15 0x7fffffffffffffff
core   0: 0x000000008000582c (0x238b1753) fsgnjn.d fa4, fs6, fs8
core   0: 1 0x000000008000582c (0x238b1753) f14 0xc1efaefc63c00000
core   0: 0x0000000080005830 (0x02ebdb33) divu    s6, s7, a4
core   0: 1 0x0000000080005830 (0x02ebdb33) x22 0x0000000000000001
core   0: 0x0000000080005834 (0x22400153) fsgnj.d ft2, ft0, ft4
core   0: 1 0x0000000080005834 (0x22400153) f2  0x7fffffff00000000
core   0: 0x0000000080005838 (0x41c780bb) subw    ra, a5, t3
core   0: 1 0x0000000080005838 (0x41c780bb) x1  0x0000000000000000
core   0: 0x000000008000583c (0x0230f1d3) fadd.d  ft3, ft1, ft3
core   0: 1 0x000000008000583c (0x0230f1d3) f3  0x7ff8000000000000
core   0: 0x0000000080005840 (0x0000893a) c.mv    s2, a4
core   0: 1 0x0000000080005840 (0x893a) x18 0x0000000000000002
core   0: 0x0000000080005842 (0xd2080e53) fcvt.d.w ft8, a6
core   0: 1 0x0000000080005842 (0xd2080e53) f28 0x0000000000000000
core   0: 0x0000000080005846 (0x22872453) fsgnjx.d fs0, fa4, fs0
core   0: 1 0x0000000080005846 (0x22872453) f8  0x41efaefc63c00000
core   0: 0x000000008000584a (0x00009332) c.add   t1, a2
core   0: 1 0x000000008000584a (0x9332) x6  0x0000000000000a00
core   0: 0x000000008000584c (0x00dc65b3) or      a1, s8, a3
core   0: 1 0x000000008000584c (0x00dc65b3) x11 0x0000000000000000
core   0: 0x0000000080005850 (0x5a0bfa53) fsqrt.d fs4, fs7
core   0: 1 0x0000000080005850 (0x5a0bfa53) f20 0x7ff8000000000000
core   0: 0x0000000080005854 (0x002b9b73) csrrw   s6, frm, s7
core   0: 1 0x0000000080005854 (0x002b9b73) x22 0x0000000000000000 c2_frm 0x0000000000000002
core   0: 0x0000000080005858 (0x41b75593) srai    a1, a4, 27
core   0: 1 0x0000000080005858 (0x41b75593) x11 0x0000000000000000
core   0: 0x000000008000585c (0xc2347dd3) fcvt.lu.d s11, fs0
core   0: 1 0x000000008000585c (0xc2347dd3) x27 0x00000000fd77e31e
core   0: 0x0000000080005860 (0x03b4523b) divuw   tp, s0, s11
core   0: 1 0x0000000080005860 (0x03b4523b) x4  0x0000000000000000
core   0: 0x0000000080005864 (0xc21a7853) fcvt.wu.d a6, fs4
core   0: 1 0x0000000080005864 (0xc21a7853) c1_fflags 0x0000000000000013 x16 0xffffffffffffffff
core   0: 0x0000000080005868 (0x4013fa53) fcvt.s.d fs4, ft7
core   0: 1 0x0000000080005868 (0x4013fa53) f20 0xffffffff00000000
core   0: 0x000000008000586c (0x003e969b) slliw   a3, t4, 3
core   0: 1 0x000000008000586c (0x003e969b) x13 0xfffffffffffffff8
core   0: 0x0000000080005870 (0x00211173) csrrw   sp, frm, sp
core   0: 1 0x0000000080005870 (0x00211173) x2  0x0000000000000002 c2_frm 0x0000000000000000
core   0: 0x0000000080005874 (0x402d5333) sra     t1, s10, sp
core   0: 1 0x0000000080005874 (0x402d5333) x6  0x1fffffffffffffff
core   0: 0x0000000080005878 (0xedcd7113) andi    sp, s10, -292
core   0: 1 0x0000000080005878 (0xedcd7113) x2  0x7ffffffffffffedc
core   0: 0x000000008000587c (0xb0213a73) csrrc   s4, minstret, sp
core   0: exception trap_illegal_instruction, epc 0x000000008000587c
core   0:           tval 0x00000000b0213a73
core   0: >>>>  $xrv64i2p1_m2p0_a2p1_f2p2_d2p2_zicsr2p0_zifencei2p0_zmmul1p0_zba1p0_zbb1p0_zbc1p0_zbs1p0
core   0: 0x0000000080004000 (0x0080006f) j       pc + 0x8
core   0: 3 0x0000000080004000 (0x0080006f)
core   0: >>>>  mmode_exception_handler
core   0: 0x0000000080004008 (0x00002c17) auipc   s8, 0x2
core   0: 3 0x0000000080004008 (0x00002c17) x24 0x0000000080006008
core   0: 0x000000008000400c (0xfaac0c13) addi    s8, s8, -86
core   0: 3 0x000000008000400c (0xfaac0c13) x24 0x0000000080005fb2
core   0: 0x0000000080004010 (0x000c00e7) jalr    s8
core   0: 3 0x0000000080004010 (0x000c00e7) x1  0x0000000080004014
core   0: >>>>  any_handler
core   0: 0x0000000080005fb2 (0x341027f3) csrrs   a5, mepc, zero
core   0: 3 0x0000000080005fb2 (0x341027f3) x15 0x000000008000587c
core   0: 0x0000000080005fb6 (0x34202773) csrrs   a4, mcause, zero
core   0: 3 0x0000000080005fb6 (0x34202773) x14 0x0000000000000002
core   0: 0x0000000080005fba (0x142026f3) csrrs   a3, scause, zero
core   0: 3 0x0000000080005fba (0x142026f3) x13 0x0000000000000000
core   0: 0x0000000080005fbe (0x30402673) csrrs   a2, mie, zero
core   0: 3 0x0000000080005fbe (0x30402673) x12 0x0000000000000a00
core   0: 0x0000000080005fc2 (0x344025f3) csrrs   a1, mip, zero
core   0: 3 0x0000000080005fc2 (0x344025f3) x11 0x0000000000000080
core   0: 0x0000000080005fc6 (0x343025f3) csrrs   a1, mtval, zero
core   0: 3 0x0000000080005fc6 (0x343025f3) x11 0x00000000b0213a73
core   0: 0x0000000080005fca (0x14302573) csrrs   a0, stval, zero
core   0: 3 0x0000000080005fca (0x14302573) x10 0x0000000000000a00
core   0: 0x0000000080005fce (0xb02024f3) csrrs   s1, minstret, zero
core   0: 3 0x0000000080005fce (0xb02024f3) x9  0x000000000000109e
core   0: 0x0000000080005fd2 (0x0000a811) c.j     pc + 20
core   0: 3 0x0000000080005fd2 (0xa811)
core   0: >>>>  mepc_4
core   0: 0x0000000080005fe6 (0x00000791) c.addi  a5, 4
core   0: 3 0x0000000080005fe6 (0x0791) x15 0x0000000080005880
core   0: 0x0000000080005fe8 (0x34179073) csrrw   zero, mepc, a5
core   0: 3 0x0000000080005fe8 (0x34179073) c833_mepc 0x0000000080005880
core   0: 0x0000000080005fec (0x30200073) mret
core   0: 3 0x0000000080005fec (0x30200073) c768_mstatus 0x8000000a00106080
core   0: 0x0000000080005880 (0x401eda93) srai    s5, t4, 1
core   0: 1 0x0000000080005880 (0x401eda93) x21 0xffffffffffffffff
core   0: 0x0000000080005884 (0x02d68cbb) mulw    s9, a3, a3
core   0: 1 0x0000000080005884 (0x02d68cbb) x25 0x0000000000000000
core   0: 0x0000000080005888 (0x02f7c933) div     s2, a5, a5
core   0: 1 0x0000000080005888 (0x02f7c933) x18 0x0000000000000001
core   0: 0x000000008000588c (0x417b5c33) sra     s8, s6, s7
core   0: 1 0x000000008000588c (0x417b5c33) x24 0x0000000000000000
core   0: 0x0000000080005890 (0x001417f3) csrrw   a5, fflags, s0
core   0: 1 0x0000000080005890 (0x001417f3) x15 0x0000000000000013 c1_fflags 0x0000000000000000
core   0: 0x0000000080005894 (0x233602d3) fsgnj.d ft5, fa2, fs3
core   0: 1 0x0000000080005894 (0x233602d3) f5  0x3ff0000000000000
core   0: 0x0000000080005898 (0x02d3e033) rem     zero, t2, a3
core   0: 1 0x0000000080005898 (0x02d3e033)
core   0: 0x000000008000589c (0x43c8e293) ori     t0, a7, 1084
core   0: 1 0x000000008000589c (0x43c8e293) x5  0x00000000000004bc
core   0: 0x00000000800058a0 (0x00202873) csrrs   a6, frm, zero
core   0: 1 0x00000000800058a0 (0x00202873) x16 0x0000000000000000
core   0: 0x00000000800058a4 (0x015d8bbb) addw    s7, s11, s5
core   0: 1 0x00000000800058a4 (0x015d8bbb) x23 0xfffffffffd77e31d
core   0: 0x00000000800058a8 (0x23390253) fsgnj.d ft4, fs2, fs3
core   0: 1 0x00000000800058a8 (0x23390253) f4  0x0000000000000000
core   0: 0x00000000800058ac (0x001396f3) csrrw   a3, fflags, t2
core   0: 1 0x00000000800058ac (0x001396f3) x13 0x0000000000000000 c1_fflags 0x000000000000001e
core   0: 0x00000000800058b0 (0x22cf0853) fsgnj.d fa6, ft10, fa2
core   0: 1 0x00000000800058b0 (0x22cf0853) f16 0x3ff0000000000000
core   0: 0x00000000800058b4 (0xa2e37cc3) fmadd.d fs9, ft6, fa4, fs4
core   0: 1 0x00000000800058b4 (0xa2e37cc3) f25 0x7ff8000000000000
core   0: 0x00000000800058b8 (0xa34a0bd3) fle.d   s7, fs4, fs4
core   0: 1 0x00000000800058b8 (0xa34a0bd3) c1_fflags 0x000000000000001e x23 0x0000000000000000
core   0: 0x00000000800058bc (0xd2050053) fcvt.d.w ft0, a0
core   0: 1 0x00000000800058bc (0xd2050053) f0  0x40a4000000000000
core   0: 0x00000000800058c0 (0x41ad5433) sra     s0, s10, s10
core   0: 1 0x00000000800058c0 (0x41ad5433) x8  0x0000000000000000
core   0: 0x00000000800058c4 (0x002090f3) csrrw   ra, frm, ra
core   0: 1 0x00000000800058c4 (0x002090f3) x1  0x0000000000000000 c2_frm 0x0000000000000004
core   0: 0x00000000800058c8 (0x0338e8bb) remw    a7, a7, s3
core   0: 1 0x00000000800058c8 (0x0338e8bb) x17 0x0000000000000080
core   0: 0x00000000800058cc (0x00e0933b) sllw    t1, ra, a4
core   0: 1 0x00000000800058cc (0x00e0933b) x6  0x0000000000000000
core   0: 0x00000000800058d0 (0x417755bb) sraw    a1, a4, s7
core   0: 1 0x00000000800058d0 (0x417755bb) x11 0x0000000000000002
core   0: 0x00000000800058d4 (0x2a6f8353) fmin.d  ft6, ft11, ft6
core   0: 1 0x00000000800058d4 (0x2a6f8353) f6  0x3ff0000000000000
core   0: 0x00000000800058d8 (0xc2257953) fcvt.l.d s2, fa0
core   0: 1 0x00000000800058d8 (0xc2257953) x18 0x0000000000000000
core   0: 0x00000000800058dc (0x023d8db3) mul     s11, s11, gp
core   0: 1 0x00000000800058dc (0x023d8db3) x27 0x0000000000000000
core   0: 0x00000000800058e0 (0xf2088053) fmv.d.x ft0, a7
core   0: 1 0x00000000800058e0 (0xf2088053) f0  0x0000000000000080
core   0: 0x00000000800058e4 (0xda1b754b) fnmsub.d fa0, fs6, ft1, fs11
core   0: 1 0x00000000800058e4 (0xda1b754b) f10 0x43dcb05631d0274d
core   0: 0x00000000800058e8 (0xc522029b) addiw   t0, tp, -942
core   0: 1 0x00000000800058e8 (0xc522029b) x5  0xfffffffffffffc52
core   0: 0x00000000800058ec (0x01784833) xor     a6, a6, s7
core   0: 1 0x00000000800058ec (0x01784833) x16 0x0000000000000000
core   0: 0x00000000800058f0 (0xfb91f5b7) lui     a1, 0xfb91f
core   0: 1 0x00000000800058f0 (0xfb91f5b7) x11 0xfffffffffb91f000
core   0: 0x00000000800058f4 (0xa795859b) addiw   a1, a1, -1415
core   0: 1 0x00000000800058f4 (0xa795859b) x11 0xfffffffffb91ea79
core   0: 0x00000000800058f8 (0x000005b2) c.slli  a1, 12
core   0: 1 0x00000000800058f8 (0x05b2) x11 0xffffffb91ea79000
core   0: 0x00000000800058fa (0x83558593) addi    a1, a1, -1995
core   0: 1 0x00000000800058fa (0x83558593) x11 0xffffffb91ea78835
core   0: 0x00000000800058fe (0x00059d33) sll     s10, a1, zero
core   0: 1 0x00000000800058fe (0x00059d33) x26 0xffffffb91ea78835
core   0: 0x0000000080005902 (0x01337333) and     t1, t1, s3
core   0: 1 0x0000000080005902 (0x01337333) x6  0x0000000000000000
core   0: 0x0000000080005906 (0x00cc5c3b) srlw    s8, s8, a2
core   0: 1 0x0000000080005906 (0x00cc5c3b) x24 0x0000000000000000
core   0: 0x000000008000590a (0xe20f87d3) fmv.x.d a5, ft11
core   0: 1 0x000000008000590a (0xe20f87d3) x15 0x3ff0000000000000
core   0: 0x000000008000590e (0x00c3963b) sllw    a2, t2, a2
core   0: 1 0x000000008000590e (0x00c3963b) x12 0xffffffff8000565e
core   0: 0x0000000080005912 (0x0005141b) slliw   s0, a0, 0
core   0: 1 0x0000000080005912 (0x0005141b) x8  0x0000000000000a00
core   0: 0x0000000080005916 (0x420f80d3) fcvt.d.s ft1, ft11
core   0: 1 0x0000000080005916 (0x420f80d3) f1  0x7ff8000000000000
core   0: 0x000000008000591a (0x01d5da13) srli    s4, a1, 29
core   0: 1 0x000000008000591a (0x01d5da13) x20 0x00000007fffffdc8
core   0: 0x000000008000591e (0x6bf1c613) xori    a2, gp, 1727
core   0: 1 0x000000008000591e (0x6bf1c613) x12 0x00000000000006bf
core   0: 0x0000000080005922 (0x0077d3bb) srlw    t2, a5, t2
core   0: 1 0x0000000080005922 (0x0077d3bb) x7  0x0000000000000000
core   0: 0x0000000080005926 (0x2a129853) fmax.d  fa6, ft5, ft1
core   0: 1 0x0000000080005926 (0x2a129853) f16 0x3ff0000000000000
core   0: 0x000000008000592a (0xc21874d3) fcvt.wu.d s1, fa6
core   0: 1 0x000000008000592a (0xc21874d3) x9  0x0000000000000001
core   0: 0x000000008000592e (0x2a6087d3) fmin.d  fa5, ft1, ft6
core   0: 1 0x000000008000592e (0x2a6087d3) f15 0x3ff0000000000000
core   0: 0x0000000080005932 (0xc03cfa53) fcvt.lu.s s4, fs9
core   0: 1 0x0000000080005932 (0xc03cfa53) c1_fflags 0x000000000000001e x20 0xffffffffffffffff
core   0: 0x0000000080005936 (0x06e8d437) lui     s0, 0x6e8d
core   0: 1 0x0000000080005936 (0x06e8d437) x8  0x0000000006e8d000
core   0: 0x000000008000593a (0x03111933) mulh    s2, sp, a7
core   0: 1 0x000000008000593a (0x03111933) x18 0x000000000000003f
core   0: 0x000000008000593e (0x02496713) ori     a4, s2, 36
core   0: 1 0x000000008000593e (0x02496713) x14 0x000000000000003f
core   0: 0x0000000080005942 (0xc22e73d3) fcvt.l.d t2, ft8
core   0: 1 0x0000000080005942 (0xc22e73d3) x7  0x0000000000000000
core   0: 0x0000000080005946 (0x0af375d3) fsub.d  fa1, ft6, fa5
core   0: 1 0x0000000080005946 (0x0af375d3) f11 0x0000000000000000
core   0: 0x000000008000594a (0x035e9133) mulh    sp, t4, s5
core   0: 1 0x000000008000594a (0x035e9133) x2  0x0000000000000000
core   0: 0x000000008000594e (0x01a54133) xor     sp, a0, s10
core   0: 1 0x000000008000594e (0x01a54133) x2  0xffffffb91ea78235
core   0: 0x0000000080005952 (0x4284d093) srai    ra, s1, 40
core   0: 1 0x0000000080005952 (0x4284d093) x1  0x0000000000000000
core   0: 0x0000000080005956 (0x0256f233) remu    tp, a3, t0
core   0: 1 0x0000000080005956 (0x0256f233) x4  0x0000000000000000
core   0: 0x000000008000595a (0x0012189b) slliw   a7, tp, 1
core   0: 1 0x000000008000595a (0x0012189b) x17 0x0000000000000000
core   0: 0x000000008000595e (0x8001fe93) andi    t4, gp, -2048
core   0: 1 0x000000008000595e (0x8001fe93) x29 0x0000000000000000
core   0: 0x0000000080005962 (0x23098c53) fsgnj.d fs8, fs3, fa6
core   0: 1 0x0000000080005962 (0x23098c53) f24 0x43f0000000000000
core   0: 0x0000000080005966 (0x2a6d1953) fmax.d  fs2, fs10, ft6
core   0: 1 0x0000000080005966 (0x2a6d1953) f18 0x3ff0000000000000
core   0: 0x000000008000596a (0x02dd59bb) divuw   s3, s10, a3
core   0: 1 0x000000008000596a (0x02dd59bb) x19 0xffffffffffffffff
core   0: 0x000000008000596e (0x017044b7) lui     s1, 0x1704
core   0: 1 0x000000008000596e (0x017044b7) x9  0x0000000001704000
core   0: 0x0000000080005972 (0x0000349d) c.addiw s1, -25
core   0: 1 0x0000000080005972 (0x349d) x9  0x0000000001703fe7
core   0: 0x0000000080005974 (0x000004b2) c.slli  s1, 12
core   0: 1 0x0000000080005974 (0x04b2) x9  0x0000001703fe7000
core   0: 0x0000000080005976 (0xacb48493) addi    s1, s1, -1333
core   0: 1 0x0000000080005976 (0xacb48493) x9  0x0000001703fe6acb
core   0: 0x000000008000597a (0x40be06b3) sub     a3, t3, a1
core   0: 1 0x000000008000597a (0x40be06b3) x13 0x00000046e15877ca
core   0: 0x000000008000597e (0xd221fe53) fcvt.d.l ft8, gp
core   0: 1 0x000000008000597e (0xd221fe53) f28 0x0000000000000000
core   0: 0x0000000080005982 (0x009797bb) sllw    a5, a5, s1
core   0: 1 0x0000000080005982 (0x009797bb) x15 0x0000000000000000
core   0: 0x0000000080005986 (0x00579e3b) sllw    t3, a5, t0
core   0: 1 0x0000000080005986 (0x00579e3b) x28 0x0000000000000000
core   0: 0x000000008000598a (0x017e1e9b) slliw   t4, t3, 23
core   0: 1 0x000000008000598a (0x017e1e9b) x29 0x0000000000000000
core   0: 0x000000008000598e (0xfb4f76b7) lui     a3, 0xfb4f7
core   0: 1 0x000000008000598e (0xfb4f76b7) x13 0xfffffffffb4f7000
core   0: 0x0000000080005992 (0x8cf6869b) addiw   a3, a3, -1841
core   0: 1 0x0000000080005992 (0x8cf6869b) x13 0xfffffffffb4f68cf
core   0: 0x0000000080005996 (0x000006b2) c.slli  a3, 12
core   0: 1 0x0000000080005996 (0x06b2) x13 0xffffffb4f68cf000
core   0: 0x0000000080005998 (0xc6668693) addi    a3, a3, -922
core   0: 1 0x0000000080005998 (0xc6668693) x13 0xffffffb4f68cec66
core   0: 0x000000008000599c (0x92567bc3) fmadd.d fs7, fa2, ft5, fs2
core   0: 1 0x000000008000599c (0x92567bc3) f23 0x4000000000000000
core   0: 0x00000000800059a0 (0x402d513b) sraw    sp, s10, sp
core   0: 1 0x00000000800059a0 (0x402d513b) x2  0x00000000000000f5
core   0: 0x00000000800059a4 (0x002d9033) sll     zero, s11, sp
core   0: 1 0x00000000800059a4 (0x002d9033)
core   0: 0x00000000800059a8 (0x40b3519b) sraiw   gp, t1, 11
core   0: 1 0x00000000800059a8 (0x40b3519b) x3  0x0000000000000000
core   0: 0x00000000800059ac (0x92ef774b) fnmsub.d fa4, ft10, fa4, fs2
core   0: 1 0x00000000800059ac (0x92ef774b) f14 0x41efaefc63e00000
core   0: 0x00000000800059b0 (0x0b577453) fsub.d  fs0, fa4, fs5
core   0: 1 0x00000000800059b0 (0x0b577453) f8  0x41efaefc63e00000
core   0: 0x00000000800059b4 (0x0141c2b3) xor     t0, gp, s4
core   0: 1 0x00000000800059b4 (0x0141c2b3) x5  0xffffffffffffffff
core   0: 0x00000000800059b8 (0x0253cc33) div     s8, t2, t0
core   0: 1 0x00000000800059b8 (0x0253cc33) x24 0x0000000000000000
core   0: 0x00000000800059bc (0x003d11b3) sll     gp, s10, gp
core   0: 1 0x00000000800059bc (0x003d11b3) x3  0xffffffb91ea78835
core   0: 0x00000000800059c0 (0x1407db73) csrrwi  s6, sscratch, 15
core   0: 1 0x00000000800059c0 (0x1407db73) x22 0xffffffffffffff0f c320_sscratch 0x000000000000000f
core   0: 0x00000000800059c4 (0x2a9704d3) fmin.d  fs1, fa4, fs1
core   0: 1 0x00000000800059c4 (0x2a9704d3) f9  0xbff0000000000000
core   0: 0x00000000800059c8 (0x0235b933) mulhu   s2, a1, gp
core   0: 1 0x00000000800059c8 (0x0235b933) x18 0xffffff723d4f240a
core   0: 0x00000000800059cc (0x40f4de3b) sraw    t3, s1, a5
core   0: 1 0x00000000800059cc (0x40f4de3b) x28 0x0000000003fe6acb
core   0: 0x00000000800059d0 (0x01cdddb3) srl     s11, s11, t3
core   0: 1 0x00000000800059d0 (0x01cdddb3) x27 0x0000000000000000
core   0: 0x00000000800059d4 (0x4012f8d3) fcvt.s.d fa7, ft5
core   0: 1 0x00000000800059d4 (0x4012f8d3) f17 0xffffffff3f800000
core   0: 0x00000000800059d8 (0x42038553) fcvt.d.s fa0, ft7
core   0: 1 0x00000000800059d8 (0x42038553) f10 0x7ff8000000000000
core   0: 0x00000000800059dc (0x03b752b3) divu    t0, a4, s11
core   0: 1 0x00000000800059dc (0x03b752b3) x5  0xffffffffffffffff
core   0: 0x00000000800059e0 (0x02a52633) mulhsu  a2, a0, a0
core   0: 1 0x00000000800059e0 (0x02a52633) x12 0x0000000000000000
core   0: 0x00000000800059e4 (0xec9085b7) lui     a1, 0xec908
core   0: 1 0x00000000800059e4 (0xec9085b7) x11 0xffffffffec908000
core   0: 0x00000000800059e8 (0xd2e7e793) ori     a5, a5, -722
core   0: 1 0x00000000800059e8 (0xd2e7e793) x15 0xfffffffffffffd2e
core   0: 0x00000000800059ec (0x00001cf6) c.slli  s9, 61
core   0: 1 0x00000000800059ec (0x1cf6) x25 0x0000000000000000
core   0: 0x00000000800059ee (0x02877033) remu    zero, a4, s0
core   0: 1 0x00000000800059ee (0x02877033)
core   0: 0x00000000800059f2 (0x00008d45) c.or    a0, s1
core   0: 1 0x00000000800059f2 (0x8d45) x10 0x0000001703fe6acb
core   0: 0x00000000800059f4 (0x00a906bb) addw    a3, s2, a0
core   0: 1 0x00000000800059f4 (0x00a906bb) x13 0x00000000414d8ed5
core   0: 0x00000000800059f8 (0x3b277dc3) fmadd.d fs11, fa4, fs2, ft7
core   0: 1 0x00000000800059f8 (0x3b277dc3) f27 0x41efaefc63e00000
core   0: 0x00000000800059fc (0x026de033) rem     zero, s11, t1
core   0: 1 0x00000000800059fc (0x026de033)
core   0: 0x0000000080005a00 (0xc9364913) xori    s2, a2, -877
core   0: 1 0x0000000080005a00 (0xc9364913) x18 0xfffffffffffffc93
core   0: 0x0000000080005a04 (0x00f718bb) sllw    a7, a4, a5
core   0: 1 0x0000000080005a04 (0x00f718bb) x17 0x00000000000fc000
core   0: 0x0000000080005a08 (0x0018913b) sllw    sp, a7, ra
core   0: 1 0x0000000080005a08 (0x0018913b) x2  0x00000000000fc000
core   0: 0x0000000080005a0c (0x01495c13) srli    s8, s2, 20
core   0: 1 0x0000000080005a0c (0x01495c13) x24 0x00000fffffffffff
core   0: 0x0000000080005a10 (0x0006d51b) srliw   a0, a3, 0
core   0: 1 0x0000000080005a10 (0x0006d51b) x10 0x00000000414d8ed5
core   0: 0x0000000080005a14 (0x2ae41a53) fmax.d  fs4, fs0, fa4
core   0: 1 0x0000000080005a14 (0x2ae41a53) f20 0x41efaefc63e00000
core   0: 0x0000000080005a18 (0x004e943b) sllw    s0, t4, tp
core   0: 1 0x0000000080005a18 (0x004e943b) x8  0x0000000000000000
core   0: 0x0000000080005a1c (0x02797133) remu    sp, s2, t2
core   0: 1 0x0000000080005a1c (0x02797133) x2  0xfffffffffffffc93
core   0: 0x0000000080005a20 (0x016b13bb) sllw    t2, s6, s6
core   0: 1 0x0000000080005a20 (0x016b13bb) x7  0xffffffffff878000
core   0: 0x0000000080005a24 (0x00114e93) xori    t4, sp, 1
core   0: 1 0x0000000080005a24 (0x00114e93) x29 0xfffffffffffffc92
core   0: 0x0000000080005a28 (0x0010999b) slliw   s3, ra, 1
core   0: 1 0x0000000080005a28 (0x0010999b) x19 0x0000000000000000
core   0: 0x0000000080005a2c (0x01bef1b3) and     gp, t4, s11
core   0: 1 0x0000000080005a2c (0x01bef1b3) x3  0x0000000000000000
core   0: 0x0000000080005a30 (0x323d9a73) csrrw   s4, mhpmevent3, s11
core   0: exception trap_illegal_instruction, epc 0x0000000080005a30
core   0:           tval 0x00000000323d9a73
core   0: >>>>  $xrv64i2p1_m2p0_a2p1_f2p2_d2p2_zicsr2p0_zifencei2p0_zmmul1p0_zba1p0_zbb1p0_zbc1p0_zbs1p0
core   0: 0x0000000080004000 (0x0080006f) j       pc + 0x8
core   0: 3 0x0000000080004000 (0x0080006f)
core   0: >>>>  mmode_exception_handler
core   0: 0x0000000080004008 (0x00002c17) auipc   s8, 0x2
core   0: 3 0x0000000080004008 (0x00002c17) x24 0x0000000080006008
core   0: 0x000000008000400c (0xfaac0c13) addi    s8, s8, -86
core   0: 3 0x000000008000400c (0xfaac0c13) x24 0x0000000080005fb2
core   0: 0x0000000080004010 (0x000c00e7) jalr    s8
core   0: 3 0x0000000080004010 (0x000c00e7) x1  0x0000000080004014
core   0: >>>>  any_handler
core   0: 0x0000000080005fb2 (0x341027f3) csrrs   a5, mepc, zero
core   0: 3 0x0000000080005fb2 (0x341027f3) x15 0x0000000080005a30
core   0: 0x0000000080005fb6 (0x34202773) csrrs   a4, mcause, zero
core   0: 3 0x0000000080005fb6 (0x34202773) x14 0x0000000000000002
core   0: 0x0000000080005fba (0x142026f3) csrrs   a3, scause, zero
core   0: 3 0x0000000080005fba (0x142026f3) x13 0x0000000000000000
core   0: 0x0000000080005fbe (0x30402673) csrrs   a2, mie, zero
core   0: 3 0x0000000080005fbe (0x30402673) x12 0x0000000000000a00
core   0: 0x0000000080005fc2 (0x344025f3) csrrs   a1, mip, zero
core   0: 3 0x0000000080005fc2 (0x344025f3) x11 0x0000000000000080
core   0: 0x0000000080005fc6 (0x343025f3) csrrs   a1, mtval, zero
core   0: 3 0x0000000080005fc6 (0x343025f3) x11 0x00000000323d9a73
core   0: 0x0000000080005fca (0x14302573) csrrs   a0, stval, zero
core   0: 3 0x0000000080005fca (0x14302573) x10 0x0000000000000a00
core   0: 0x0000000080005fce (0xb02024f3) csrrs   s1, minstret, zero
core   0: 3 0x0000000080005fce (0xb02024f3) x9  0x000000000000111d
core   0: 0x0000000080005fd2 (0x0000a811) c.j     pc + 20
core   0: 3 0x0000000080005fd2 (0xa811)
core   0: >>>>  mepc_4
core   0: 0x0000000080005fe6 (0x00000791) c.addi  a5, 4
core   0: 3 0x0000000080005fe6 (0x0791) x15 0x0000000080005a34
core   0: 0x0000000080005fe8 (0x34179073) csrrw   zero, mepc, a5
core   0: 3 0x0000000080005fe8 (0x34179073) c833_mepc 0x0000000080005a34
core   0: 0x0000000080005fec (0x30200073) mret
core   0: 3 0x0000000080005fec (0x30200073) c768_mstatus 0x8000000a00106080
core   0: 0x0000000080005a34 (0x02a016b3) mulh    a3, zero, a0
core   0: 1 0x0000000080005a34 (0x02a016b3) x13 0x0000000000000000
core   0: 0x0000000080005a38 (0x0b4b7653) fsub.d  fa2, fs6, fs4
core   0: 1 0x0000000080005a38 (0x0b4b7653) f12 0xbff0000000000000
core   0: 0x0000000080005a3c (0x22219853) fsgnjn.d fa6, ft3, ft2
core   0: 1 0x0000000080005a3c (0x22219853) f16 0xfff8000000000000
core   0: 0x0000000080005a40 (0x7ac6f7cf) fnmadd.d fa5, fa3, fa2, fa5
core   0: 1 0x0000000080005a40 (0x7ac6f7cf) f15 0xbff0000000000000
core   0: 0x0000000080005a44 (0x229221d3) fsgnjx.d ft3, ft4, fs1
core   0: 1 0x0000000080005a44 (0x229221d3) f3  0x8000000000000000
core   0: 0x0000000080005a48 (0x62138b9b) addiw   s7, t2, 1569
core   0: 1 0x0000000080005a48 (0x62138b9b) x23 0xffffffffff878621
core   0: 0x0000000080005a4c (0x007c5e1b) srliw   t3, s8, 7
core   0: 1 0x0000000080005a4c (0x007c5e1b) x28 0x00000000010000bf
core   0: 0x0000000080005a50 (0x4000803b) subw    zero, ra, zero
core   0: 1 0x0000000080005a50 (0x4000803b)
core   0: 0x0000000080005a54 (0x3444edf3) csrrsi  s11, mip, 9
core   0: exception trap_illegal_instruction, epc 0x0000000080005a54
core   0:           tval 0x000000003444edf3
core   0: >>>>  $xrv64i2p1_m2p0_a2p1_f2p2_d2p2_zicsr2p0_zifencei2p0_zmmul1p0_zba1p0_zbb1p0_zbc1p0_zbs1p0
core   0: 0x0000000080004000 (0x0080006f) j       pc + 0x8
core   0: 3 0x0000000080004000 (0x0080006f)
core   0: >>>>  mmode_exception_handler
core   0: 0x0000000080004008 (0x00002c17) auipc   s8, 0x2
core   0: 3 0x0000000080004008 (0x00002c17) x24 0x0000000080006008
core   0: 0x000000008000400c (0xfaac0c13) addi    s8, s8, -86
core   0: 3 0x000000008000400c (0xfaac0c13) x24 0x0000000080005fb2
core   0: 0x0000000080004010 (0x000c00e7) jalr    s8
core   0: 3 0x0000000080004010 (0x000c00e7) x1  0x0000000080004014
core   0: >>>>  any_handler
core   0: 0x0000000080005fb2 (0x341027f3) csrrs   a5, mepc, zero
core   0: 3 0x0000000080005fb2 (0x341027f3) x15 0x0000000080005a54
core   0: 0x0000000080005fb6 (0x34202773) csrrs   a4, mcause, zero
core   0: 3 0x0000000080005fb6 (0x34202773) x14 0x0000000000000002
core   0: 0x0000000080005fba (0x142026f3) csrrs   a3, scause, zero
core   0: 3 0x0000000080005fba (0x142026f3) x13 0x0000000000000000
core   0: 0x0000000080005fbe (0x30402673) csrrs   a2, mie, zero
core   0: 3 0x0000000080005fbe (0x30402673) x12 0x0000000000000a00
core   0: 0x0000000080005fc2 (0x344025f3) csrrs   a1, mip, zero
core   0: 3 0x0000000080005fc2 (0x344025f3) x11 0x0000000000000080
core   0: 0x0000000080005fc6 (0x343025f3) csrrs   a1, mtval, zero
core   0: 3 0x0000000080005fc6 (0x343025f3) x11 0x000000003444edf3
core   0: 0x0000000080005fca (0x14302573) csrrs   a0, stval, zero
core   0: 3 0x0000000080005fca (0x14302573) x10 0x0000000000000a00
core   0: 0x0000000080005fce (0xb02024f3) csrrs   s1, minstret, zero
core   0: 3 0x0000000080005fce (0xb02024f3) x9  0x0000000000001135
core   0: 0x0000000080005fd2 (0x0000a811) c.j     pc + 20
core   0: 3 0x0000000080005fd2 (0xa811)
core   0: >>>>  mepc_4
core   0: 0x0000000080005fe6 (0x00000791) c.addi  a5, 4
core   0: 3 0x0000000080005fe6 (0x0791) x15 0x0000000080005a58
core   0: 0x0000000080005fe8 (0x34179073) csrrw   zero, mepc, a5
core   0: 3 0x0000000080005fe8 (0x34179073) c833_mepc 0x0000000080005a58
core   0: 0x0000000080005fec (0x30200073) mret
core   0: 3 0x0000000080005fec (0x30200073) c768_mstatus 0x8000000a00106080
core   0: 0x0000000080005a58 (0xc2287453) fcvt.l.d s0, fa6
core   0: 1 0x0000000080005a58 (0xc2287453) c1_fflags 0x000000000000001e x8  0x7fffffffffffffff
core   0: 0x0000000080005a5c (0x002c1af3) csrrw   s5, frm, s8
core   0: 1 0x0000000080005a5c (0x002c1af3) x21 0x0000000000000004 c2_frm 0x0000000000000002
core   0: 0x0000000080005a60 (0x001b831b) addiw   t1, s7, 1
core   0: 1 0x0000000080005a60 (0x001b831b) x6  0xffffffffff878622
core   0: 0x0000000080005a64 (0xd02bf5d3) fcvt.s.l fa1, s7
core   0: 1 0x0000000080005a64 (0xd02bf5d3) f11 0xffffffffcaf0f3be
core   0: 0x0000000080005a68 (0xd21c0d53) fcvt.d.wu fs10, s8
core   0: 1 0x0000000080005a68 (0xd21c0d53) f26 0x41e0000bf6400000
core   0: 0x0000000080005a6c (0x13fff553) fmul.d  fa0, ft11, ft11
core   0: 1 0x0000000080005a6c (0x13fff553) f10 0x3ff0000000000000
core   0: 0x0000000080005a70 (0x00136593) ori     a1, t1, 1
core   0: 1 0x0000000080005a70 (0x00136593) x11 0xffffffffff878623
core   0: 0x0000000080005a74 (0xd0227e53) fcvt.s.l ft8, tp
core   0: 1 0x0000000080005a74 (0xd0227e53) f28 0xffffffff00000000
core   0: 0x0000000080005a78 (0xc0237653) fcvt.l.s a2, ft6
core   0: 1 0x0000000080005a78 (0xc0237653) c1_fflags 0x000000000000001e x12 0x7fffffffffffffff
core   0: 0x0000000080005a7c (0x01ad7e33) and     t3, s10, s10
core   0: 1 0x0000000080005a7c (0x01ad7e33) x28 0xffffffb91ea78835
core   0: 0x0000000080005a80 (0x0218c6b7) lui     a3, 0x218c
core   0: 1 0x0000000080005a80 (0x0218c6b7) x13 0x000000000218c000
core   0: 0x0000000080005a84 (0xc716869b) addiw   a3, a3, -911
core   0: 1 0x0000000080005a84 (0xc716869b) x13 0x000000000218bc71
core   0: 0x0000000080005a88 (0x000006b6) c.slli  a3, 13
core   0: 1 0x0000000080005a88 (0x06b6) x13 0x00000043178e2000
core   0: 0x0000000080005a8a (0x53d68693) addi    a3, a3, 1341
core   0: 1 0x0000000080005a8a (0x53d68693) x13 0x00000043178e253d
core   0: 0x0000000080005a8e (0xc22e7053) fcvt.l.d zero, ft8
core   0: 1 0x0000000080005a8e (0xc22e7053) c1_fflags 0x000000000000001e
core   0: 0x0000000080005a92 (0x01b82bb3) slt     s7, a6, s11
core   0: 1 0x0000000080005a92 (0x01b82bb3) x23 0x0000000000000000
core   0: 0x0000000080005a96 (0x01fe531b) srliw   t1, t3, 31
core   0: 1 0x0000000080005a96 (0x01fe531b) x6  0x0000000000000000
core   0: 0x0000000080005a9a (0x00000001) c.nop
core   0: 1 0x0000000080005a9a (0x0001)
core   0: 0x0000000080005a9c (0xc03dfb53) fcvt.lu.s s6, fs11
core   0: 1 0x0000000080005a9c (0xc03dfb53) c1_fflags 0x000000000000001e x22 0xffffffffffffffff
core   0: 0x0000000080005aa0 (0x0aa9fd53) fsub.d  fs10, fs3, fa0
core   0: 1 0x0000000080005aa0 (0x0aa9fd53) c1_fflags 0x000000000000001f f26 0x43efffffffffffff
core   0: 0x0000000080005aa4 (0xe20d83d3) fmv.x.d t2, fs11
core   0: 1 0x0000000080005aa4 (0xe20d83d3) x7  0x41efaefc63e00000
core   0: 0x0000000080005aa8 (0x4052d2bb) sraw    t0, t0, t0
core   0: 1 0x0000000080005aa8 (0x4052d2bb) x5  0xffffffffffffffff
core   0: 0x0000000080005aac (0x00000001) c.nop
core   0: 1 0x0000000080005aac (0x0001)
core   0: 0x0000000080005aae (0xc34bf5c7) fmsub.d fa1, fs7, fs4, fs8
core   0: 1 0x0000000080005aae (0xc34bf5c7) c1_fflags 0x000000000000001f f11 0xc3efffffffc0a208
core   0: 0x0000000080005ab2 (0x2355acd3) fsgnjx.d fs9, fa1, fs5
core   0: 1 0x0000000080005ab2 (0x2355acd3) f25 0xc3efffffffc0a208
core   0: 0x0000000080005ab6 (0x00484233) xor     tp, a6, tp
core   0: 1 0x0000000080005ab6 (0x00484233) x4  0x0000000000000000
core   0: 0x0000000080005aba (0xc04c7a73) csrrci  s4, hpmcounter4, 24
core   0: exception trap_illegal_instruction, epc 0x0000000080005aba
core   0:           tval 0x00000000c04c7a73
core   0: >>>>  $xrv64i2p1_m2p0_a2p1_f2p2_d2p2_zicsr2p0_zifencei2p0_zmmul1p0_zba1p0_zbb1p0_zbc1p0_zbs1p0
core   0: 0x0000000080004000 (0x0080006f) j       pc + 0x8
core   0: 3 0x0000000080004000 (0x0080006f)
core   0: >>>>  mmode_exception_handler
core   0: 0x0000000080004008 (0x00002c17) auipc   s8, 0x2
core   0: 3 0x0000000080004008 (0x00002c17) x24 0x0000000080006008
core   0: 0x000000008000400c (0xfaac0c13) addi    s8, s8, -86
core   0: 3 0x000000008000400c (0xfaac0c13) x24 0x0000000080005fb2
core   0: 0x0000000080004010 (0x000c00e7) jalr    s8
core   0: 3 0x0000000080004010 (0x000c00e7) x1  0x0000000080004014
core   0: >>>>  any_handler
core   0: 0x0000000080005fb2 (0x341027f3) csrrs   a5, mepc, zero
core   0: 3 0x0000000080005fb2 (0x341027f3) x15 0x0000000080005aba
core   0: 0x0000000080005fb6 (0x34202773) csrrs   a4, mcause, zero
core   0: 3 0x0000000080005fb6 (0x34202773) x14 0x0000000000000002
core   0: 0x0000000080005fba (0x142026f3) csrrs   a3, scause, zero
core   0: 3 0x0000000080005fba (0x142026f3) x13 0x0000000000000000
core   0: 0x0000000080005fbe (0x30402673) csrrs   a2, mie, zero
core   0: 3 0x0000000080005fbe (0x30402673) x12 0x0000000000000a00
core   0: 0x0000000080005fc2 (0x344025f3) csrrs   a1, mip, zero
core   0: 3 0x0000000080005fc2 (0x344025f3) x11 0x0000000000000080
core   0: 0x0000000080005fc6 (0x343025f3) csrrs   a1, mtval, zero
core   0: 3 0x0000000080005fc6 (0x343025f3) x11 0x00000000c04c7a73
core   0: 0x0000000080005fca (0x14302573) csrrs   a0, stval, zero
core   0: 3 0x0000000080005fca (0x14302573) x10 0x0000000000000a00
core   0: 0x0000000080005fce (0xb02024f3) csrrs   s1, minstret, zero
core   0: 3 0x0000000080005fce (0xb02024f3) x9  0x000000000000115f
core   0: 0x0000000080005fd2 (0x0000a811) c.j     pc + 20
core   0: 3 0x0000000080005fd2 (0xa811)
core   0: >>>>  mepc_4
core   0: 0x0000000080005fe6 (0x00000791) c.addi  a5, 4
core   0: 3 0x0000000080005fe6 (0x0791) x15 0x0000000080005abe
core   0: 0x0000000080005fe8 (0x34179073) csrrw   zero, mepc, a5
core   0: 3 0x0000000080005fe8 (0x34179073) c833_mepc 0x0000000080005abe
core   0: 0x0000000080005fec (0x30200073) mret
core   0: 3 0x0000000080005fec (0x30200073) c768_mstatus 0x8000000a00106080
core   0: 0x0000000080005abe (0x030de4bb) remw    s1, s11, a6
core   0: 1 0x0000000080005abe (0x030de4bb) x9  0x0000000000000000
core   0: 0x0000000080005ac2 (0x00dc26b3) slt     a3, s8, a3
core   0: 1 0x0000000080005ac2 (0x00dc26b3) x13 0x0000000000000000
core   0: 0x0000000080005ac6 (0x0078c8b3) xor     a7, a7, t2
core   0: 1 0x0000000080005ac6 (0x0078c8b3) x17 0x41efaefc63efc000
core   0: 0x0000000080005aca (0xf55a6513) ori     a0, s4, -171
core   0: 1 0x0000000080005aca (0xf55a6513) x10 0xffffffffffffffff
core   0: 0x0000000080005ace (0x0008861b) sext.w  a2, a7
core   0: 1 0x0000000080005ace (0x0008861b) x12 0x0000000063efc000
core   0: 0x0000000080005ad2 (0x002696f3) csrrw   a3, frm, a3
core   0: 1 0x0000000080005ad2 (0x002696f3) x13 0x0000000000000002 c2_frm 0x0000000000000000
core   0: 0x0000000080005ad6 (0x015654bb) srlw    s1, a2, s5
core   0: 1 0x0000000080005ad6 (0x015654bb) x9  0x00000000063efc00
core   0: 0x0000000080005ada (0x03db7b53) fadd.d  fs6, fs6, ft9
core   0: 1 0x0000000080005ada (0x03db7b53) c1_fflags 0x000000000000001f f22 0xc3efffffffe05104
core   0: 0x0000000080005ade (0xffe52e37) lui     t3, 0xffe52
core   0: 1 0x0000000080005ade (0xffe52e37) x28 0xffffffffffe52000
core   0: 0x0000000080005ae2 (0xe6de0e1b) addiw   t3, t3, -403
core   0: 1 0x0000000080005ae2 (0xe6de0e1b) x28 0xffffffffffe51e6d
core   0: 0x0000000080005ae6 (0x00000e3a) c.slli  t3, 14
core   0: 1 0x0000000080005ae6 (0x0e3a) x28 0xfffffff9479b4000
core   0: 0x0000000080005ae8 (0x5a6e0e13) addi    t3, t3, 1446
core   0: 1 0x0000000080005ae8 (0x5a6e0e13) x28 0xfffffff9479b45a6
core   0: 0x0000000080005aec (0x01a78dbb) addw    s11, a5, s10
core   0: 1 0x0000000080005aec (0x01a78dbb) x27 0xffffffff9ea7e2f3
core   0: 0x0000000080005af0 (0xc2327e53) fcvt.lu.d t3, ft4
core   0: 1 0x0000000080005af0 (0xc2327e53) x28 0x0000000000000000
core   0: 0x0000000080005af4 (0xd21c0e53) fcvt.d.wu ft8, s8
core   0: 1 0x0000000080005af4 (0xd21c0e53) f28 0x41e0000bf6400000
core   0: 0x0000000080005af8 (0x007e1d9b) slliw   s11, t3, 7
core   0: 1 0x0000000080005af8 (0x007e1d9b) x27 0x0000000000000000
core   0: 0x0000000080005afc (0xc22ffa53) fcvt.l.d s4, ft11
core   0: 1 0x0000000080005afc (0xc22ffa53) x20 0x0000000000000001
core   0: 0x0000000080005b00 (0x03d53b33) mulhu   s6, a0, t4
core   0: 1 0x0000000080005b00 (0x03d53b33) x22 0xfffffffffffffc91
core   0: 0x0000000080005b04 (0xd2357c53) fcvt.d.lu fs8, a0
core   0: 1 0x0000000080005b04 (0xd2357c53) c1_fflags 0x000000000000001f f24 0x43f0000000000000
core   0: 0x0000000080005b08 (0xe084ba17) auipc   s4, 0xe084b
core   0: 1 0x0000000080005b08 (0xe084ba17) x20 0x0000000060850b08
core   0: 0x0000000080005b0c (0x0020893b) addw    s2, ra, sp
core   0: 1 0x0000000080005b0c (0x0020893b) x18 0xffffffff80003ca7
core   0: 0x0000000080005b10 (0x13cd7cd3) fmul.d  fs9, fs10, ft8
core   0: 1 0x0000000080005b10 (0x13cd7cd3) c1_fflags 0x000000000000001f f25 0x45e0000bf63fffff
core   0: 0x0000000080005b14 (0x401989b3) sub     s3, s3, ra
core   0: 1 0x0000000080005b14 (0x401989b3) x19 0xffffffff7fffbfec
core   0: 0x0000000080005b18 (0x02ea9c93) slli    s9, s5, 46
core   0: 1 0x0000000080005b18 (0x02ea9c93) x25 0x0001000000000000
core   0: 0x0000000080005b1c (0x012d1933) sll     s2, s10, s2
core   0: 1 0x0000000080005b1c (0x012d1933) x18 0x53c41a8000000000
core   0: 0x0000000080005b20 (0x23fc2353) fsgnjx.d ft6, fs8, ft11
core   0: 1 0x0000000080005b20 (0x23fc2353) f6  0x43f0000000000000
core   0: 0x0000000080005b24 (0x401ef453) fcvt.s.d fs0, ft9
core   0: 1 0x0000000080005b24 (0x401ef453) f8  0xffffffffdf800000
core   0: 0x0000000080005b28 (0x017edd93) srli    s11, t4, 23
core   0: 1 0x0000000080005b28 (0x017edd93) x27 0x000001ffffffffff
core   0: 0x0000000080005b2c (0x039157b3) divu    a5, sp, s9
core   0: 1 0x0000000080005b2c (0x039157b3) x15 0x000000000000ffff
core   0: 0x0000000080005b30 (0x82b6d237) lui     tp, 0x82b6d
core   0: 1 0x0000000080005b30 (0x82b6d237) x4  0xffffffff82b6d000
core   0: 0x0000000080005b34 (0x02a78533) mul     a0, a5, a0
core   0: 1 0x0000000080005b34 (0x02a78533) x10 0xffffffffffff0001
core   0: 0x0000000080005b38 (0xd034f8d3) fcvt.s.lu fa7, s1
core   0: 1 0x0000000080005b38 (0xd034f8d3) f17 0xffffffff4cc7df80
core   0: 0x0000000080005b3c (0x42ecf74b) fnmsub.d fa4, fs9, fa4, fs0
core   0: 1 0x0000000080005b3c (0x42ecf74b) f14 0x7ff8000000000000
core   0: 0x0000000080005b40 (0xc02273d3) fcvt.l.s t2, ft4
core   0: 1 0x0000000080005b40 (0xc02273d3) c1_fflags 0x000000000000001f x7  0x7fffffffffffffff
core   0: 0x0000000080005b44 (0x019c0433) add     s0, s8, s9
core   0: 1 0x0000000080005b44 (0x019c0433) x8  0x0001000080005fb2
core   0: 0x0000000080005b48 (0x239a8b53) fsgnj.d fs6, fs5, fs9
core   0: 1 0x0000000080005b48 (0x239a8b53) f22 0x0000000000000000
core   0: 0x0000000080005b4c (0x017a9ebb) sllw    t4, s5, s7
core   0: 1 0x0000000080005b4c (0x017a9ebb) x29 0x0000000000000004
core   0: 0x0000000080005b50 (0x02817c53) fadd.d  fs8, ft2, fs0
core   0: 1 0x0000000080005b50 (0x02817c53) f24 0x7ff8000000000000
core   0: 0x0000000080005b54 (0xb4c9b797) auipc   a5, 0xb4c9b
core   0: 1 0x0000000080005b54 (0xb4c9b797) x15 0x0000000034ca0b54
core   0: 0x0000000080005b58 (0x0ff0000f) fence   iorw,iorw
core   0: 1 0x0000000080005b58 (0x0ff0000f)
core   0: 0x0000000080005b5c (0x0236bdb3) mulhu   s11, a3, gp
core   0: 1 0x0000000080005b5c (0x0236bdb3) x27 0x0000000000000000
core   0: 0x0000000080005b60 (0x0066933b) sllw    t1, a3, t1
core   0: 1 0x0000000080005b60 (0x0066933b) x6  0x0000000000000002
core   0: 0x0000000080005b64 (0x2a630353) fmin.d  ft6, ft6, ft6
core   0: 1 0x0000000080005b64 (0x2a630353) f6  0x43f0000000000000
core   0: 0x0000000080005b68 (0x40605233) sra     tp, zero, t1
core   0: 1 0x0000000080005b68 (0x40605233) x4  0x0000000000000000
core   0: 0x0000000080005b6c (0x12417153) fmul.d  ft2, ft2, ft4
core   0: 1 0x0000000080005b6c (0x12417153) f2  0x7ff8000000000000
core   0: 0x0000000080005b70 (0xc2917747) fmsub.d fa4, ft2, fs1, fs8
core   0: 1 0x0000000080005b70 (0xc2917747) f14 0x7ff8000000000000
core   0: 0x0000000080005b74 (0x0192fc33) and     s8, t0, s9
core   0: 1 0x0000000080005b74 (0x0192fc33) x24 0x0001000000000000
core   0: 0x0000000080005b78 (0x00000001) c.nop
core   0: 1 0x0000000080005b78 (0x0001)
core   0: 0x0000000080005b7a (0x00000001) c.nop
core   0: 1 0x0000000080005b7a (0x0001)
core   0: 0x0000000080005b7c (0x0aec7853) fsub.d  fa6, fs8, fa4
core   0: 1 0x0000000080005b7c (0x0aec7853) f16 0x7ff8000000000000
core   0: 0x0000000080005b80 (0x000a543b) srlw    s0, s4, zero
core   0: 1 0x0000000080005b80 (0x000a543b) x8  0x0000000060850b08
core   0: 0x0000000080005b84 (0x41ca5a33) sra     s4, s4, t3
core   0: 1 0x0000000080005b84 (0x41ca5a33) x20 0x0000000060850b08
core   0: 0x0000000080005b88 (0x02c139b3) mulhu   s3, sp, a2
core   0: 1 0x0000000080005b88 (0x02c139b3) x19 0x0000000063efbfff
core   0: 0x0000000080005b8c (0x2b5b1f53) fmax.d  ft10, fs6, fs5
core   0: 1 0x0000000080005b8c (0x2b5b1f53) f30 0x0000000000000000
core   0: 0x0000000080005b90 (0xe9b5859b) addiw   a1, a1, -357
core   0: 1 0x0000000080005b90 (0xe9b5859b) x11 0xffffffffc04c790e
core   0: 0x0000000080005b94 (0x02b936b3) mulhu   a3, s2, a1
core   0: 1 0x0000000080005b94 (0x02b936b3) x13 0x53c41a7feb27ff34
core   0: 0x0000000080005b98 (0x01e35c1b) srliw   s8, t1, 30
core   0: 1 0x0000000080005b98 (0x01e35c1b) x24 0x0000000000000000
core   0: 0x0000000080005b9c (0x433cd213) srai    tp, s9, 51
core   0: 1 0x0000000080005b9c (0x433cd213) x4  0x0000000000000000
core   0: 0x0000000080005ba0 (0x413d01b3) sub     gp, s10, s3
core   0: 1 0x0000000080005ba0 (0x413d01b3) x3  0xffffffb8bab7c836
core   0: 0x0000000080005ba4 (0x03b98bb3) mul     s7, s3, s11
core   0: 1 0x0000000080005ba4 (0x03b98bb3) x23 0x0000000000000000
core   0: 0x0000000080005ba8 (0x0205f03b) remuw   zero, a1, zero
core   0: 1 0x0000000080005ba8 (0x0205f03b)
core   0: 0x0000000080005bac (0x00008826) c.mv    a6, s1
core   0: 1 0x0000000080005bac (0x8826) x16 0x00000000063efc00
core   0: 0x0000000080005bae (0x00002c33) slt     s8, zero, zero
core   0: 1 0x0000000080005bae (0x00002c33) x24 0x0000000000000000
core   0: 0x0000000080005bb2 (0x420803d3) fcvt.d.s ft7, fa6
core   0: 1 0x0000000080005bb2 (0x420803d3) f7  0x7ff8000000000000
core   0: 0x0000000080005bb6 (0xc024f5d3) fcvt.l.s a1, fs1
core   0: 1 0x0000000080005bb6 (0xc024f5d3) c1_fflags 0x000000000000001f x11 0x7fffffffffffffff
core   0: 0x0000000080005bba (0x02b5e8b3) rem     a7, a1, a1
core   0: 1 0x0000000080005bba (0x02b5e8b3) x17 0x0000000000000000
core   0: 0x0000000080005bbe (0x1a81f153) fdiv.d  ft2, ft3, fs0
core   0: 1 0x0000000080005bbe (0x1a81f153) f2  0x7ff8000000000000
core   0: 0x0000000080005bc2 (0x01258013) addi    zero, a1, 18
core   0: 1 0x0000000080005bc2 (0x01258013)
core   0: 0x0000000080005bc6 (0x234dadd3) fsgnjx.d fs11, fs11, fs4
core   0: 1 0x0000000080005bc6 (0x234dadd3) f27 0x41efaefc63e00000
core   0: 0x0000000080005bca (0x7ff46213) ori     tp, s0, 2047
core   0: 1 0x0000000080005bca (0x7ff46213) x4  0x0000000060850fff
core   0: 0x0000000080005bce (0x416e893b) subw    s2, t4, s6
core   0: 1 0x0000000080005bce (0x416e893b) x18 0x0000000000000373
core   0: 0x0000000080005bd2 (0xd226f8d3) fcvt.d.l fa7, a3
core   0: 1 0x0000000080005bd2 (0xd226f8d3) c1_fflags 0x000000000000001f f17 0x43d4f1069ffaca00
core   0: 0x0000000080005bd6 (0xdfdbcb93) xori    s7, s7, -515
core   0: 1 0x0000000080005bd6 (0xdfdbcb93) x23 0xfffffffffffffdfd
core   0: 0x0000000080005bda (0x403a8abb) subw    s5, s5, gp
core   0: 1 0x0000000080005bda (0x403a8abb) x21 0x00000000454837ce
core   0: 0x0000000080005bde (0x028cad33) mulhsu  s10, s9, s0
core   0: 1 0x0000000080005bde (0x028cad33) x26 0x0000000000006085
core   0: 0x0000000080005be2 (0x00000001) c.nop
core   0: 1 0x0000000080005be2 (0x0001)
core   0: 0x0000000080005be4 (0xa24d86d3) fle.d   a3, fs11, ft4
core   0: 1 0x0000000080005be4 (0xa24d86d3) x13 0x0000000000000000
core   0: 0x0000000080005be8 (0xc0217b53) fcvt.l.s s6, ft2
core   0: 1 0x0000000080005be8 (0xc0217b53) c1_fflags 0x000000000000001f x22 0x7fffffffffffffff
core   0: 0x0000000080005bec (0x42020553) fcvt.d.s fa0, ft4
core   0: 1 0x0000000080005bec (0x42020553) f10 0x7ff8000000000000
core   0: 0x0000000080005bf0 (0x03704c33) div     s8, zero, s7
core   0: 1 0x0000000080005bf0 (0x03704c33) x24 0x0000000000000000
core   0: 0x0000000080005bf4 (0xa3ba7ac3) fmadd.d fs5, fs4, fs11, fs4
core   0: 1 0x0000000080005bf4 (0xa3ba7ac3) c1_fflags 0x000000000000001f f21 0x43ef5ec5e226793c
core   0: 0x0000000080005bf8 (0x03cb1413) slli    s0, s6, 60
core   0: 1 0x0000000080005bf8 (0x03cb1413) x8  0xf000000000000000
core   0: 0x0000000080005bfc (0x03fb1013) slli    zero, s6, 63
core   0: 1 0x0000000080005bfc (0x03fb1013)
core   0: 0x0000000080005c00 (0x02305e13) srli    t3, zero, 35
core   0: 1 0x0000000080005c00 (0x02305e13) x28 0x0000000000000000
core   0: 0x0000000080005c04 (0x03f05a93) srli    s5, zero, 63
core   0: 1 0x0000000080005c04 (0x03f05a93) x21 0x0000000000000000
core   0: 0x0000000080005c08 (0x03c23cb3) mulhu   s9, tp, t3
core   0: 1 0x0000000080005c08 (0x03c23cb3) x25 0x0000000000000000
core   0: 0x0000000080005c0c (0x015cc133) xor     sp, s9, s5
core   0: 1 0x0000000080005c0c (0x015cc133) x2  0x0000000000000000
core   0: 0x0000000080005c10 (0xf3a0831b) addiw   t1, ra, -198
core   0: 1 0x0000000080005c10 (0xf3a0831b) x6  0xffffffff80003f4e
core   0: 0x0000000080005c14 (0x22e292d3) fsgnjn.d ft5, ft5, fa4
core   0: 1 0x0000000080005c14 (0x22e292d3) f5  0xbff0000000000000
core   0: 0x0000000080005c18 (0x015889bb) addw    s3, a7, s5
core   0: 1 0x0000000080005c18 (0x015889bb) x19 0x0000000000000000
core   0: 0x0000000080005c1c (0x406853b3) sra     t2, a6, t1
core   0: 1 0x0000000080005c1c (0x406853b3) x7  0x00000000000018fb
core   0: 0x0000000080005c20 (0xf903f593) andi    a1, t2, -112
core   0: 1 0x0000000080005c20 (0xf903f593) x11 0x0000000000001890
core   0: 0x0000000080005c24 (0xb8894713) xori    a4, s2, -1144
core   0: 1 0x0000000080005c24 (0xb8894713) x14 0xfffffffffffff8fb
core   0: 0x0000000080005c28 (0x00bb4b33) xor     s6, s6, a1
core   0: 1 0x0000000080005c28 (0x00bb4b33) x22 0x7fffffffffffe76f
core   0: 0x0000000080005c2c (0xd0347853) fcvt.s.lu fa6, s0
core   0: 1 0x0000000080005c2c (0xd0347853) f16 0xffffffff5f700000
core   0: 0x0000000080005c30 (0x0ff0000f) fence   iorw,iorw
core   0: 1 0x0000000080005c30 (0x0ff0000f)
core   0: 0x0000000080005c34 (0x030b78d3) fadd.d  fa7, fs6, fa6
core   0: 1 0x0000000080005c34 (0x030b78d3) f17 0x7ff8000000000000
core   0: 0x0000000080005c38 (0x0000955a) c.add   a0, s6
core   0: 1 0x0000000080005c38 (0x955a) x10 0x7ffffffffffee770
core   0: 0x0000000080005c3a (0x00ea873b) addw    a4, s5, a4
core   0: 1 0x0000000080005c3a (0x00ea873b) x14 0xfffffffffffff8fb
core   0: 0x0000000080005c3e (0xd2297253) fcvt.d.l ft4, s2
core   0: 1 0x0000000080005c3e (0xd2297253) f4  0x408b980000000000
core   0: 0x0000000080005c42 (0x310c95f3) csrrw   a1, mstatush, s9
core   0: exception trap_illegal_instruction, epc 0x0000000080005c42
core   0:           tval 0x00000000310c95f3
core   0: >>>>  $xrv64i2p1_m2p0_a2p1_f2p2_d2p2_zicsr2p0_zifencei2p0_zmmul1p0_zba1p0_zbb1p0_zbc1p0_zbs1p0
core   0: 0x0000000080004000 (0x0080006f) j       pc + 0x8
core   0: 3 0x0000000080004000 (0x0080006f)
core   0: >>>>  mmode_exception_handler
core   0: 0x0000000080004008 (0x00002c17) auipc   s8, 0x2
core   0: 3 0x0000000080004008 (0x00002c17) x24 0x0000000080006008
core   0: 0x000000008000400c (0xfaac0c13) addi    s8, s8, -86
core   0: 3 0x000000008000400c (0xfaac0c13) x24 0x0000000080005fb2
core   0: 0x0000000080004010 (0x000c00e7) jalr    s8
core   0: 3 0x0000000080004010 (0x000c00e7) x1  0x0000000080004014
core   0: >>>>  any_handler
core   0: 0x0000000080005fb2 (0x341027f3) csrrs   a5, mepc, zero
core   0: 3 0x0000000080005fb2 (0x341027f3) x15 0x0000000080005c42
core   0: 0x0000000080005fb6 (0x34202773) csrrs   a4, mcause, zero
core   0: 3 0x0000000080005fb6 (0x34202773) x14 0x0000000000000002
core   0: 0x0000000080005fba (0x142026f3) csrrs   a3, scause, zero
core   0: 3 0x0000000080005fba (0x142026f3) x13 0x0000000000000000
core   0: 0x0000000080005fbe (0x30402673) csrrs   a2, mie, zero
core   0: 3 0x0000000080005fbe (0x30402673) x12 0x0000000000000a00
core   0: 0x0000000080005fc2 (0x344025f3) csrrs   a1, mip, zero
core   0: 3 0x0000000080005fc2 (0x344025f3) x11 0x0000000000000080
core   0: 0x0000000080005fc6 (0x343025f3) csrrs   a1, mtval, zero
core   0: 3 0x0000000080005fc6 (0x343025f3) x11 0x00000000310c95f3
core   0: 0x0000000080005fca (0x14302573) csrrs   a0, stval, zero
core   0: 3 0x0000000080005fca (0x14302573) x10 0x0000000000000a00
core   0: 0x0000000080005fce (0xb02024f3) csrrs   s1, minstret, zero
core   0: 3 0x0000000080005fce (0xb02024f3) x9  0x00000000000011d3
core   0: 0x0000000080005fd2 (0x0000a811) c.j     pc + 20
core   0: 3 0x0000000080005fd2 (0xa811)
core   0: >>>>  mepc_4
core   0: 0x0000000080005fe6 (0x00000791) c.addi  a5, 4
core   0: 3 0x0000000080005fe6 (0x0791) x15 0x0000000080005c46
core   0: 0x0000000080005fe8 (0x34179073) csrrw   zero, mepc, a5
core   0: 3 0x0000000080005fe8 (0x34179073) c833_mepc 0x0000000080005c46
core   0: 0x0000000080005fec (0x30200073) mret
core   0: 3 0x0000000080005fec (0x30200073) c768_mstatus 0x8000000a00106080
core   0: 0x0000000080005c46 (0xd2207bd3) fcvt.d.l fs7, zero
core   0: 1 0x0000000080005c46 (0xd2207bd3) f23 0x0000000000000000
core   0: 0x0000000080005c4a (0xbb3ff64f) fnmadd.d fa2, ft11, fs3, fs7
core   0: 1 0x0000000080005c4a (0xbb3ff64f) f12 0xc3f0000000000000
core   0: 0x0000000080005c4e (0x5a0ff353) fsqrt.d ft6, ft11
core   0: 1 0x0000000080005c4e (0x5a0ff353) f6  0x3ff0000000000000
core   0: 0x0000000080005c52 (0x021c7453) fadd.d  fs0, fs8, ft1
core   0: 1 0x0000000080005c52 (0x021c7453) f8  0x7ff8000000000000
core   0: 0x0000000080005c56 (0x0283b3b3) mulhu   t2, t2, s0
core   0: 1 0x0000000080005c56 (0x0283b3b3) x7  0x000000000000176b
core   0: 0x0000000080005c5a (0xd0387bd3) fcvt.s.lu fs7, a6
core   0: 1 0x0000000080005c5a (0xd0387bd3) f23 0xffffffff4cc7df80
core   0: 0x0000000080005c5e (0x0011c6b3) xor     a3, gp, ra
core   0: 1 0x0000000080005c5e (0x0011c6b3) x13 0xffffffb83ab78822
core   0: 0x0000000080005c62 (0x02ee9cb7) lui     s9, 0x2ee9
core   0: 1 0x0000000080005c62 (0x02ee9cb7) x25 0x0000000002ee9000
core   0: 0x0000000080005c66 (0x00003cad) c.addiw s9, -21
core   0: 1 0x0000000080005c66 (0x3cad) x25 0x0000000002ee8feb
core   0: 0x0000000080005c68 (0x00000cb2) c.slli  s9, 12
core   0: 1 0x0000000080005c68 (0x0cb2) x25 0x0000002ee8feb000
core   0: 0x0000000080005c6a (0xe52c8c93) addi    s9, s9, -430
core   0: 1 0x0000000080005c6a (0xe52c8c93) x25 0x0000002ee8feae52
core   0: 0x0000000080005c6e (0x01369e33) sll     t3, a3, s3
core   0: 1 0x0000000080005c6e (0x01369e33) x28 0xffffffb83ab78822
core   0: 0x0000000080005c72 (0x001e0913) addi    s2, t3, 1
core   0: 1 0x0000000080005c72 (0x001e0913) x18 0xffffffb83ab78823
core   0: 0x0000000080005c76 (0xf20205d3) fmv.d.x fa1, tp
core   0: 1 0x0000000080005c76 (0xf20205d3) f11 0x0000000060850fff
core   0: 0x0000000080005c7a (0x00199cf3) csrrw   s9, fflags, s3
core   0: 1 0x0000000080005c7a (0x00199cf3) x25 0x000000000000001f c1_fflags 0x0000000000000000
core   0: 0x0000000080005c7e (0x02427047) fmsub.d ft0, ft4, ft4, ft0
core   0: 1 0x0000000080005c7e (0x02427047) c1_fflags 0x0000000000000001 f0  0x4127cb5200000000
core   0: 0x0000000080005c82 (0x02891713) slli    a4, s2, 40
core   0: 1 0x0000000080005c82 (0x02891713) x14 0xb788230000000000
core   0: 0x0000000080005c86 (0x00f70a33) add     s4, a4, a5
core   0: 1 0x0000000080005c86 (0x00f70a33) x20 0xb788230080005c46
core   0: 0x0000000080005c8a (0x035f7a4b) fnmsub.d fs4, ft10, fs5, ft0
core   0: 1 0x0000000080005c8a (0x035f7a4b) f20 0x4127cb5200000000
core   0: 0x0000000080005c8e (0x417cdbb3) sra     s7, s9, s7
core   0: 1 0x0000000080005c8e (0x417cdbb3) x23 0x0000000000000000
core   0: 0x0000000080005c92 (0xc20f7053) fcvt.w.d zero, ft10
core   0: 1 0x0000000080005c92 (0xc20f7053)
core   0: 0x0000000080005c96 (0x139af7d3) fmul.d  fa5, fs5, fs9
core   0: 1 0x0000000080005c96 (0x139af7d3) c1_fflags 0x0000000000000001 f15 0x49df5edd561d2241
core   0: 0x0000000080005c9a (0x5a047ad3) fsqrt.d fs5, fs0
core   0: 1 0x0000000080005c9a (0x5a047ad3) f21 0x7ff8000000000000
core   0: 0x0000000080005c9e (0x03b2fdd3) fadd.d  fs11, ft5, fs11
core   0: 1 0x0000000080005c9e (0x03b2fdd3) f27 0x41efaefc63c00000
core   0: 0x0000000080005ca2 (0x139171d3) fmul.d  ft3, ft2, fs9
core   0: 1 0x0000000080005ca2 (0x139171d3) f3  0x7ff8000000000000
core   0: 0x0000000080005ca6 (0x020077bb) remuw   a5, zero, zero
core   0: 1 0x0000000080005ca6 (0x020077bb) x15 0x0000000000000000
core   0: 0x0000000080005caa (0xc02afad3) fcvt.l.s s5, fs5
core   0: 1 0x0000000080005caa (0xc02afad3) c1_fflags 0x0000000000000011 x21 0x7fffffffffffffff
core   0: 0x0000000080005cae (0x420f00d3) fcvt.d.s ft1, ft10
core   0: 1 0x0000000080005cae (0x420f00d3) f1  0x7ff8000000000000
core   0: 0x0000000080005cb2 (0x032055bb) divuw   a1, zero, s2
core   0: 1 0x0000000080005cb2 (0x032055bb) x11 0x0000000000000000
core   0: 0x0000000080005cb6 (0x40c4863b) subw    a2, s1, a2
core   0: 1 0x0000000080005cb6 (0x40c4863b) x12 0x00000000000007d3
core   0: 0x0000000080005cba (0x02cac6bb) divw    a3, s5, a2
core   0: 1 0x0000000080005cba (0x02cac6bb) x13 0x0000000000000000
core   0: 0x0000000080005cbe (0x420b82d3) fcvt.d.s ft5, fs7
core   0: 1 0x0000000080005cbe (0x420b82d3) f5  0x4198fbf000000000
core   0: 0x0000000080005cc2 (0x5d978413) addi    s0, a5, 1497
core   0: 1 0x0000000080005cc2 (0x5d978413) x8  0x00000000000005d9
core   0: 0x0000000080005cc6 (0x694a0d17) auipc   s10, 0x694a0
core   0: 1 0x0000000080005cc6 (0x694a0d17) x26 0x00000000e94a5cc6
core   0: 0x0000000080005cca (0x03a6ea3b) remw    s4, a3, s10
core   0: 1 0x0000000080005cca (0x03a6ea3b) x20 0x0000000000000000
core   0: 0x0000000080005cce (0x3a8afc43) fmadd.d fs8, fs5, fs0, ft7
core   0: 1 0x0000000080005cce (0x3a8afc43) f24 0x7ff8000000000000
core   0: 0x0000000080005cd2 (0x005c1613) slli    a2, s8, 5
core   0: 1 0x0000000080005cd2 (0x005c1613) x12 0x00000010000bf640
core   0: 0x0000000080005cd6 (0x002023f3) csrrs   t2, frm, zero
core   0: 1 0x0000000080005cd6 (0x002023f3) x7  0x0000000000000000
core   0: 0x0000000080005cda (0xda10fdcb) fnmsub.d fs11, ft1, ft1, fs11
core   0: 1 0x0000000080005cda (0xda10fdcb) f27 0x7ff8000000000000
core   0: 0x0000000080005cde (0xfff2fc93) andi    s9, t0, -1
core   0: 1 0x0000000080005cde (0xfff2fc93) x25 0xffffffffffffffff
core   0: 0x0000000080005ce2 (0x00000001) c.nop
core   0: 1 0x0000000080005ce2 (0x0001)
core   0: 0x0000000080005ce4 (0x5a3a71cf) fnmadd.d ft3, fs4, ft3, fa1
core   0: 1 0x0000000080005ce4 (0x5a3a71cf) f3  0x7ff8000000000000
core   0: 0x0000000080005ce8 (0x0368feb3) remu    t4, a7, s6
core   0: 1 0x0000000080005ce8 (0x0368feb3) x29 0x0000000000000000
core   0: 0x0000000080005cec (0xfff04013) not     zero, zero
core   0: 1 0x0000000080005cec (0xfff04013)
core   0: 0x0000000080005cf0 (0x8d168a1b) addiw   s4, a3, -1839
core   0: 1 0x0000000080005cf0 (0x8d168a1b) x20 0xfffffffffffff8d1
core   0: 0x0000000080005cf4 (0xc034f753) fcvt.lu.s a4, fs1
core   0: 1 0x0000000080005cf4 (0xc034f753) c1_fflags 0x0000000000000011 x14 0xffffffffffffffff
core   0: 0x0000000080005cf8 (0x00017113) andi    sp, sp, 0
core   0: 1 0x0000000080005cf8 (0x00017113) x2  0x0000000000000000
core   0: 0x0000000080005cfc (0x460b4313) xori    t1, s6, 1120
core   0: 1 0x0000000080005cfc (0x460b4313) x6  0x7fffffffffffe30f
core   0: 0x0000000080005d00 (0x036b073b) mulw    a4, s6, s6
core   0: 1 0x0000000080005d00 (0x036b073b) x14 0x00000000025b8221
core   0: 0x0000000080005d04 (0x9c824893) xori    a7, tp, -1592
core   0: 1 0x0000000080005d04 (0x9c824893) x17 0xffffffff9f7af637
core   0: 0x0000000080005d08 (0x00000001) c.nop
core   0: 1 0x0000000080005d08 (0x0001)
core   0: 0x0000000080005d0a (0x80026d93) ori     s11, tp, -2048
core   0: 1 0x0000000080005d0a (0x80026d93) x27 0xffffffffffffffff
core   0: 0x0000000080005d0e (0x029ad333) divu    t1, s5, s1
core   0: 1 0x0000000080005d0e (0x029ad333) x6  0x00072e65c58a4b83
core   0: 0x0000000080005d12 (0x79c57c17) auipc   s8, 0x79c57
core   0: 1 0x0000000080005d12 (0x79c57c17) x24 0x00000000f9c5cd12
core   0: 0x0000000080005d16 (0x41bc57bb) sraw    a5, s8, s11
core   0: 1 0x0000000080005d16 (0x41bc57bb) x15 0xffffffffffffffff
core   0: 0x0000000080005d1a (0x007b2e33) slt     t3, s6, t2
core   0: 1 0x0000000080005d1a (0x007b2e33) x28 0x0000000000000000
core   0: 0x0000000080005d1e (0x9bdc7d13) andi    s10, s8, -1603
core   0: 1 0x0000000080005d1e (0x9bdc7d13) x26 0x00000000f9c5c910
core   0: 0x0000000080005d22 (0x020489b3) mul     s3, s1, zero
core   0: 1 0x0000000080005d22 (0x020489b3) x19 0x0000000000000000
core   0: 0x0000000080005d26 (0xdbbbf2cb) fnmsub.d ft5, fs7, fs11, fs11
core   0: 1 0x0000000080005d26 (0xdbbbf2cb) f5  0x7ff8000000000000
core   0: 0x0000000080005d2a (0x00b5d6b3) srl     a3, a1, a1
core   0: 1 0x0000000080005d2a (0x00b5d6b3) x13 0x0000000000000000
core   0: 0x0000000080005d2e (0x02a9b2b3) mulhu   t0, s3, a0
core   0: 1 0x0000000080005d2e (0x02a9b2b3) x5  0x0000000000000000
core   0: 0x0000000080005d32 (0x23550bd3) fsgnj.d fs7, fa0, fs5
core   0: 1 0x0000000080005d32 (0x23550bd3) f23 0x7ff8000000000000
core   0: 0x0000000080005d36 (0x40d85ebb) sraw    t4, a6, a3
core   0: 1 0x0000000080005d36 (0x40d85ebb) x29 0x00000000063efc00
core   0: 0x0000000080005d3a (0x0008981b) slliw   a6, a7, 0
core   0: 1 0x0000000080005d3a (0x0008981b) x16 0xffffffff9f7af637
core   0: 0x0000000080005d3e (0x013ee7b3) or      a5, t4, s3
core   0: 1 0x0000000080005d3e (0x013ee7b3) x15 0x00000000063efc00
core   0: 0x0000000080005d42 (0x403e5c33) sra     s8, t3, gp
core   0: 1 0x0000000080005d42 (0x403e5c33) x24 0x0000000000000000
core   0: 0x0000000080005d46 (0xd21e05d3) fcvt.d.wu fa1, t3
core   0: 1 0x0000000080005d46 (0xd21e05d3) f11 0x0000000000000000
core   0: 0x0000000080005d4a (0xd2237ad3) fcvt.d.l fs5, t1
core   0: 1 0x0000000080005d4a (0xd2237ad3) f21 0x431cb99716292e0c
core   0: 0x0000000080005d4e (0xf22179c7) fmsub.d fs3, ft2, ft2, ft10
core   0: 1 0x0000000080005d4e (0xf22179c7) f19 0x7ff8000000000000
core   0: 0x0000000080005d52 (0x6ad6794f) fnmadd.d fs2, fa2, fa3, fa3
core   0: 1 0x0000000080005d52 (0x6ad6794f) f18 0x0000000000000000
core   0: 0x0000000080005d56 (0x00233233) sltu    tp, t1, sp
core   0: 1 0x0000000080005d56 (0x00233233) x4  0x0000000000000000
core   0: 0x0000000080005d5a (0x00000001) c.nop
core   0: 1 0x0000000080005d5a (0x0001)
core   0: 0x0000000080005d5c (0x0038f633) and     a2, a7, gp
core   0: 1 0x0000000080005d5c (0x0038f633) x12 0xffffffb89a32c036
core   0: 0x0000000080005d60 (0x024675b3) remu    a1, a2, tp
core   0: 1 0x0000000080005d60 (0x024675b3) x11 0xffffffb89a32c036
core   0: 0x0000000080005d64 (0xd239fcd3) fcvt.d.lu fs9, s3
core   0: 1 0x0000000080005d64 (0xd239fcd3) f25 0x0000000000000000
core   0: 0x0000000080005d68 (0x4085dd3b) sraw    s10, a1, s0
core   0: 1 0x0000000080005d68 (0x4085dd3b) x26 0xffffffffffffffcd
core   0: 0x0000000080005d6c (0xa3dffb4b) fnmsub.d fs6, ft11, ft9, fs4
core   0: 1 0x0000000080005d6c (0xa3dffb4b) c1_fflags 0x0000000000000011 f22 0x43f00000000000be
core   0: 0x0000000080005d70 (0x6bb36313) ori     t1, t1, 1723
core   0: 1 0x0000000080005d70 (0x6bb36313) x6  0x00072e65c58a4fbb
core   0: 0x0000000080005d74 (0x40d856b3) sra     a3, a6, a3
core   0: 1 0x0000000080005d74 (0x40d856b3) x13 0xffffffff9f7af637
core   0: 0x0000000080005d78 (0xc02c7653) fcvt.l.s a2, fs8
core   0: 1 0x0000000080005d78 (0xc02c7653) c1_fflags 0x0000000000000011 x12 0x7fffffffffffffff
core   0: 0x0000000080005d7c (0x0354dcb3) divu    s9, s1, s5
core   0: 1 0x0000000080005d7c (0x0354dcb3) x25 0x0000000000000000
core   0: 0x0000000080005d80 (0x340435f3) csrrc   a1, mscratch, s0
core   0: exception trap_illegal_instruction, epc 0x0000000080005d80
core   0:           tval 0x00000000340435f3
core   0: >>>>  $xrv64i2p1_m2p0_a2p1_f2p2_d2p2_zicsr2p0_zifencei2p0_zmmul1p0_zba1p0_zbb1p0_zbc1p0_zbs1p0
core   0: 0x0000000080004000 (0x0080006f) j       pc + 0x8
core   0: 3 0x0000000080004000 (0x0080006f)
core   0: >>>>  mmode_exception_handler
core   0: 0x0000000080004008 (0x00002c17) auipc   s8, 0x2
core   0: 3 0x0000000080004008 (0x00002c17) x24 0x0000000080006008
core   0: 0x000000008000400c (0xfaac0c13) addi    s8, s8, -86
core   0: 3 0x000000008000400c (0xfaac0c13) x24 0x0000000080005fb2
core   0: 0x0000000080004010 (0x000c00e7) jalr    s8
core   0: 3 0x0000000080004010 (0x000c00e7) x1  0x0000000080004014
core   0: >>>>  any_handler
core   0: 0x0000000080005fb2 (0x341027f3) csrrs   a5, mepc, zero
core   0: 3 0x0000000080005fb2 (0x341027f3) x15 0x0000000080005d80
core   0: 0x0000000080005fb6 (0x34202773) csrrs   a4, mcause, zero
core   0: 3 0x0000000080005fb6 (0x34202773) x14 0x0000000000000002
core   0: 0x0000000080005fba (0x142026f3) csrrs   a3, scause, zero
core   0: 3 0x0000000080005fba (0x142026f3) x13 0x0000000000000000
core   0: 0x0000000080005fbe (0x30402673) csrrs   a2, mie, zero
core   0: 3 0x0000000080005fbe (0x30402673) x12 0x0000000000000a00
core   0: 0x0000000080005fc2 (0x344025f3) csrrs   a1, mip, zero
core   0: 3 0x0000000080005fc2 (0x344025f3) x11 0x0000000000000080
core   0: 0x0000000080005fc6 (0x343025f3) csrrs   a1, mtval, zero
core   0: 3 0x0000000080005fc6 (0x343025f3) x11 0x00000000340435f3
core   0: 0x0000000080005fca (0x14302573) csrrs   a0, stval, zero
core   0: 3 0x0000000080005fca (0x14302573) x10 0x0000000000000a00
core   0: 0x0000000080005fce (0xb02024f3) csrrs   s1, minstret, zero
core   0: 3 0x0000000080005fce (0xb02024f3) x9  0x0000000000001234
core   0: 0x0000000080005fd2 (0x0000a811) c.j     pc + 20
core   0: 3 0x0000000080005fd2 (0xa811)
core   0: >>>>  mepc_4
core   0: 0x0000000080005fe6 (0x00000791) c.addi  a5, 4
core   0: 3 0x0000000080005fe6 (0x0791) x15 0x0000000080005d84
core   0: 0x0000000080005fe8 (0x34179073) csrrw   zero, mepc, a5
core   0: 3 0x0000000080005fe8 (0x34179073) c833_mepc 0x0000000080005d84
core   0: 0x0000000080005fec (0x30200073) mret
core   0: 3 0x0000000080005fec (0x30200073) c768_mstatus 0x8000000a00106080
core   0: 0x0000000080005d84 (0x22421253) fsgnjn.d ft4, ft4, ft4
core   0: 1 0x0000000080005d84 (0x22421253) f4  0xc08b980000000000
core   0: 0x0000000080005d88 (0x2a880453) fmin.d  fs0, fa6, fs0
core   0: 1 0x0000000080005d88 (0x2a880453) f8  0x7ff8000000000000
core   0: 0x0000000080005d8c (0x00000001) c.nop
core   0: 1 0x0000000080005d8c (0x0001)
core   0: 0x0000000080005d8e (0x00107693) andi    a3, zero, 1
core   0: 1 0x0000000080005d8e (0x00107693) x13 0x0000000000000000
core   0: 0x0000000080005d92 (0x037a70b3) remu    ra, s4, s7
core   0: 1 0x0000000080005d92 (0x037a70b3) x1  0xfffffffffffff8d1
core   0: 0x0000000080005d96 (0xfcdf5237) lui     tp, 0xfcdf5
core   0: 1 0x0000000080005d96 (0xfcdf5237) x4  0xfffffffffcdf5000
core   0: 0x0000000080005d9a (0x0232021b) addiw   tp, tp, 35
core   0: 1 0x0000000080005d9a (0x0232021b) x4  0xfffffffffcdf5023
core   0: 0x0000000080005d9e (0x00000232) c.slli  tp, 12
core   0: 1 0x0000000080005d9e (0x0232) x4  0xffffffcdf5023000
core   0: 0x0000000080005da0 (0xc6920213) addi    tp, tp, -919
core   0: 1 0x0000000080005da0 (0xc6920213) x4  0xffffffcdf5022c69
core   0: 0x0000000080005da4 (0xfbfa7993) andi    s3, s4, -65
core   0: 1 0x0000000080005da4 (0xfbfa7993) x19 0xfffffffffffff891
core   0: 0x0000000080005da8 (0x4009d7b3) sra     a5, s3, zero
core   0: 1 0x0000000080005da8 (0x4009d7b3) x15 0xfffffffffffff891
core   0: 0x0000000080005dac (0xd22bff53) fcvt.d.l ft10, s7
core   0: 1 0x0000000080005dac (0xd22bff53) f30 0x0000000000000000
core   0: 0x0000000080005db0 (0x0bef79d3) fsub.d  fs3, ft10, ft10
core   0: 1 0x0000000080005db0 (0x0bef79d3) f19 0x0000000000000000
core   0: 0x0000000080005db4 (0x4136563b) sraw    a2, a2, s3
core   0: 1 0x0000000080005db4 (0x4136563b) x12 0x0000000000000000
core   0: 0x0000000080005db8 (0x00001033) sll     zero, zero, zero
core   0: 1 0x0000000080005db8 (0x00001033)
core   0: 0x0000000080005dbc (0x233aa1d3) fsgnjx.d ft3, fs5, fs3
core   0: 1 0x0000000080005dbc (0x233aa1d3) f3  0x431cb99716292e0c
core   0: 0x0000000080005dc0 (0x42070453) fcvt.d.s fs0, fa4
core   0: 1 0x0000000080005dc0 (0x42070453) f8  0x7ff8000000000000
core   0: 0x0000000080005dc4 (0x03cdb3b3) mulhu   t2, s11, t3
core   0: 1 0x0000000080005dc4 (0x03cdb3b3) x7  0x0000000000000000
core   0: 0x0000000080005dc8 (0x0123d413) srli    s0, t2, 18
core   0: 1 0x0000000080005dc8 (0x0123d413) x8  0x0000000000000000
core   0: 0x0000000080005dcc (0x0061c333) xor     t1, gp, t1
core   0: 1 0x0000000080005dcc (0x0061c333) x6  0xfff8d1dd7f3d878d
core   0: 0x0000000080005dd0 (0x0014051b) addiw   a0, s0, 1
core   0: 1 0x0000000080005dd0 (0x0014051b) x10 0x0000000000000001
core   0: 0x0000000080005dd4 (0xc2147653) fcvt.wu.d a2, fs0
core   0: 1 0x0000000080005dd4 (0xc2147653) c1_fflags 0x0000000000000011 x12 0xffffffffffffffff
core   0: 0x0000000080005dd8 (0xc22173d3) fcvt.l.d t2, ft2
core   0: 1 0x0000000080005dd8 (0xc22173d3) c1_fflags 0x0000000000000011 x7  0x7fffffffffffffff
core   0: 0x0000000080005ddc (0x0308013b) mulw    sp, a6, a6
core   0: 1 0x0000000080005ddc (0x0308013b) x2  0xffffffffeb39bfd1
core   0: 0x0000000080005de0 (0x228106d3) fsgnj.d fa3, ft2, fs0
core   0: 1 0x0000000080005de0 (0x228106d3) f13 0x7ff8000000000000
core   0: 0x0000000080005de4 (0xb04ce693) ori     a3, s9, -1276
core   0: 1 0x0000000080005de4 (0xb04ce693) x13 0xfffffffffffffb04
core   0: 0x0000000080005de8 (0x035153bb) divuw   t2, sp, s5
core   0: 1 0x0000000080005de8 (0x035153bb) x7  0x0000000000000000
core   0: 0x0000000080005dec (0x6b66f4c3) fmadd.d fs1, fa3, fs6, fa3
core   0: 1 0x0000000080005dec (0x6b66f4c3) f9  0x7ff8000000000000
core   0: 0x0000000080005df0 (0x4150d73b) sraw    a4, ra, s5
core   0: 1 0x0000000080005df0 (0x4150d73b) x14 0xffffffffffffffff
core   0: 0x0000000080005df4 (0xa29d0e53) fle.d   t3, fs10, fs1
core   0: 1 0x0000000080005df4 (0xa29d0e53) c1_fflags 0x0000000000000011 x28 0x0000000000000000
core   0: 0x0000000080005df8 (0xc206f553) fcvt.w.d a0, fa3
core   0: 1 0x0000000080005df8 (0xc206f553) c1_fflags 0x0000000000000011 x10 0x000000007fffffff
core   0: 0x0000000080005dfc (0x2b668ed3) fmin.d  ft9, fa3, fs6
core   0: 1 0x0000000080005dfc (0x2b668ed3) f29 0x43f00000000000be
core   0: 0x0000000080005e00 (0x02949893) slli    a7, s1, 41
core   0: 1 0x0000000080005e00 (0x02949893) x17 0x0024680000000000
core   0: 0x0000000080005e04 (0x41c55b1b) sraiw   s6, a0, 28
core   0: 1 0x0000000080005e04 (0x41c55b1b) x22 0x0000000000000007
core   0: 0x0000000080005e08 (0x00dd9bbb) sllw    s7, s11, a3
core   0: 1 0x0000000080005e08 (0x00dd9bbb) x23 0xfffffffffffffff0
core   0: 0x0000000080005e0c (0x0010161b) slliw   a2, zero, 1
core   0: 1 0x0000000080005e0c (0x0010161b) x12 0x0000000000000000
core   0: 0x0000000080005e10 (0x224dda37) lui     s4, 0x224dd
core   0: 1 0x0000000080005e10 (0x224dda37) x20 0x00000000224dd000
core   0: 0x0000000080005e14 (0x01d41ebb) sllw    t4, s0, t4
core   0: 1 0x0000000080005e14 (0x01d41ebb) x29 0x0000000000000000
core   0: 0x0000000080005e18 (0x000a0013) mv      zero, s4
core   0: 1 0x0000000080005e18 (0x000a0013)
core   0: 0x0000000080005e1c (0xf2020cd3) fmv.d.x fs9, tp
core   0: 1 0x0000000080005e1c (0xf2020cd3) f25 0xffffffcdf5022c69
core   0: 0x0000000080005e20 (0xd039f2d3) fcvt.s.lu ft5, s3
core   0: 1 0x0000000080005e20 (0xd039f2d3) c1_fflags 0x0000000000000011 f5  0xffffffff5f800000
core   0: 0x0000000080005e24 (0x07647417) auipc   s0, 0x7647
core   0: 1 0x0000000080005e24 (0x07647417) x8  0x000000008764ce24
core   0: 0x0000000080005e28 (0x2b3289d3) fmin.d  fs3, ft5, fs3
core   0: 1 0x0000000080005e28 (0x2b3289d3) f19 0x0000000000000000
core   0: 0x0000000080005e2c (0x1829a697) auipc   a3, 0x1829a
core   0: 1 0x0000000080005e2c (0x1829a697) x13 0x000000009829fe2c
core   0: 0x0000000080005e30 (0xbc5c50b7) lui     ra, 0xbc5c5
core   0: 1 0x0000000080005e30 (0xbc5c50b7) x1  0xffffffffbc5c5000
core   0: 0x0000000080005e34 (0x01cb8e3b) addw    t3, s7, t3
core   0: 1 0x0000000080005e34 (0x01cb8e3b) x28 0xfffffffffffffff0
core   0: 0x0000000080005e38 (0x00000001) c.nop
core   0: 1 0x0000000080005e38 (0x0001)
core   0: 0x0000000080005e3a (0x01c579b3) and     s3, a0, t3
core   0: 1 0x0000000080005e3a (0x01c579b3) x19 0x000000007ffffff0
core   0: 0x0000000080005e3e (0x013ba733) slt     a4, s7, s3
core   0: 1 0x0000000080005e3e (0x013ba733) x14 0x0000000000000001
core   0: 0x0000000080005e42 (0xbf1e4e13) xori    t3, t3, -1039
core   0: 1 0x0000000080005e42 (0xbf1e4e13) x28 0x0000000000000401
core   0: 0x0000000080005e46 (0x137c77d3) fmul.d  fa5, fs8, fs7
core   0: 1 0x0000000080005e46 (0x137c77d3) f15 0x7ff8000000000000
core   0: 0x0000000080005e4a (0x02841133) mulh    sp, s0, s0
core   0: 1 0x0000000080005e4a (0x02841133) x2  0x0000000000000000
core   0: 0x0000000080005e4e (0x41b6ddbb) sraw    s11, a3, s11
core   0: 1 0x0000000080005e4e (0x41b6ddbb) x27 0xffffffffffffffff
core   0: 0x0000000080005e52 (0xd03e76d3) fcvt.s.lu fa3, t3
core   0: 1 0x0000000080005e52 (0xd03e76d3) f13 0xffffffff44802000
core   0: 0x0000000080005e56 (0x01bdc4b3) xor     s1, s11, s11
core   0: 1 0x0000000080005e56 (0x01bdc4b3) x9  0x0000000000000000
core   0: 0x0000000080005e5a (0x4017fc53) fcvt.s.d fs8, fa5
core   0: 1 0x0000000080005e5a (0x4017fc53) f24 0xffffffff7fc00000
core   0: 0x0000000080005e5e (0x001092f3) csrrw   t0, fflags, ra
core   0: 1 0x0000000080005e5e (0x001092f3) x5  0x0000000000000011 c1_fflags 0x0000000000000000
core   0: 0x0000000080005e62 (0x40365933) sra     s2, a2, gp
core   0: 1 0x0000000080005e62 (0x40365933) x18 0x0000000000000000
core   0: 0x0000000080005e66 (0x017a7cb3) and     s9, s4, s7
core   0: 1 0x0000000080005e66 (0x017a7cb3) x25 0x00000000224dd000
core   0: 0x0000000080005e6a (0x401888b3) sub     a7, a7, ra
core   0: 1 0x0000000080005e6a (0x401888b3) x17 0x0024680043a3b000
core   0: 0x0000000080005e6e (0x0ff0000f) fence   iorw,iorw
core   0: 1 0x0000000080005e6e (0x0ff0000f)
core   0: 0x0000000080005e72 (0xd2040553) fcvt.d.w fa0, s0
core   0: 1 0x0000000080005e72 (0xd2040553) f10 0xc1de26cc77000000
core   0: 0x0000000080005e76 (0x0252c2b3) div     t0, t0, t0
core   0: 1 0x0000000080005e76 (0x0252c2b3) x5  0x0000000000000001
core   0: 0x0000000080005e7a (0x400a5793) srai    a5, s4, 0
core   0: 1 0x0000000080005e7a (0x400a5793) x15 0x00000000224dd000
core   0: 0x0000000080005e7e (0x13f575d3) fmul.d  fa1, fa0, ft11
core   0: 1 0x0000000080005e7e (0x13f575d3) f11 0xc1de26cc77000000
core   0: 0x0000000080005e82 (0x2a780e1b) addiw   t3, a6, 679
core   0: 1 0x0000000080005e82 (0x2a780e1b) x28 0xffffffff9f7af8de
core   0: 0x0000000080005e86 (0x00000001) c.nop
core   0: 1 0x0000000080005e86 (0x0001)
core   0: 0x0000000080005e88 (0x231587d3) fsgnj.d fa5, fa1, fa7
core   0: 1 0x0000000080005e88 (0x231587d3) f15 0x41de26cc77000000
core   0: 0x0000000080005e8c (0x41ce5033) sra     zero, t3, t3
core   0: 1 0x0000000080005e8c (0x41ce5033)
core   0: 0x0000000080005e90 (0x2a8c1753) fmax.d  fa4, fs8, fs0
core   0: 1 0x0000000080005e90 (0x2a8c1753) f14 0x7ff8000000000000
core   0: 0x0000000080005e94 (0x029c763b) remuw   a2, s8, s1
core   0: 1 0x0000000080005e94 (0x029c763b) x12 0xffffffff80005fb2
core   0: 0x0000000080005e98 (0x02603333) mulhu   t1, zero, t1
core   0: 1 0x0000000080005e98 (0x02603333) x6  0x0000000000000000
core   0: 0x0000000080005e9c (0x075aaa37) lui     s4, 0x75aa
core   0: 1 0x0000000080005e9c (0x075aaa37) x20 0x00000000075aa000
core   0: 0x0000000080005ea0 (0xb8fa0a1b) addiw   s4, s4, -1137
core   0: 1 0x0000000080005ea0 (0xb8fa0a1b) x20 0x00000000075a9b8f
core   0: 0x0000000080005ea4 (0x00000a32) c.slli  s4, 12
core   0: 1 0x0000000080005ea4 (0x0a32) x20 0x00000075a9b8f000
core   0: 0x0000000080005ea6 (0x39ca0a13) addi    s4, s4, 924
core   0: 1 0x0000000080005ea6 (0x39ca0a13) x20 0x00000075a9b8f39c
core   0: 0x0000000080005eaa (0xd0317253) fcvt.s.lu ft4, sp
core   0: 1 0x0000000080005eaa (0xd0317253) f4  0xffffffff00000000
core   0: 0x0000000080005eae (0x67dca717) auipc   a4, 0x67dca
core   0: 1 0x0000000080005eae (0x67dca717) x14 0x00000000e7dcfeae
core   0: 0x0000000080005eb2 (0xc030fc53) fcvt.lu.s s8, ft1
core   0: 1 0x0000000080005eb2 (0xc030fc53) c1_fflags 0x0000000000000010 x24 0xffffffffffffffff
core   0: 0x0000000080005eb6 (0x0ff0000f) fence   iorw,iorw
core   0: 1 0x0000000080005eb6 (0x0ff0000f)
core   0: 0x0000000080005eba (0x3db3f793) andi    a5, t2, 987
core   0: 1 0x0000000080005eba (0x3db3f793) x15 0x0000000000000000
core   0: 0x0000000080005ebe (0x00125e1b) srliw   t3, tp, 1
core   0: 1 0x0000000080005ebe (0x00125e1b) x28 0x000000007a811634
core   0: 0x0000000080005ec2 (0x00ec5413) srli    s0, s8, 14
core   0: 1 0x0000000080005ec2 (0x00ec5413) x8  0x0003ffffffffffff
core   0: 0x0000000080005ec6 (0x003e8033) add     zero, t4, gp
core   0: 1 0x0000000080005ec6 (0x003e8033)
core   0: 0x0000000080005eca (0x0001113b) sllw    sp, sp, zero
core   0: 1 0x0000000080005eca (0x0001113b) x2  0x0000000000000000
core   0: 0x0000000080005ece (0x42070d53) fcvt.d.s fs10, fa4
core   0: 1 0x0000000080005ece (0x42070d53) f26 0x7ff8000000000000
core   0: 0x0000000080005ed2 (0x0a477fd3) fsub.d  ft11, fa4, ft4
core   0: 1 0x0000000080005ed2 (0x0a477fd3) f31 0x7ff8000000000000
core   0: 0x0000000080005ed6 (0x0319e8b3) rem     a7, s3, a7
core   0: 1 0x0000000080005ed6 (0x0319e8b3) x17 0x000000007ffffff0
core   0: 0x0000000080005eda (0x400dddbb) sraw    s11, s11, zero
core   0: 1 0x0000000080005eda (0x400dddbb) x27 0xffffffffffffffff
core   0: 0x0000000080005ede (0x030dcab3) div     s5, s11, a6
core   0: 1 0x0000000080005ede (0x030dcab3) x21 0x0000000000000000
core   0: 0x0000000080005ee2 (0xfea80093) addi    ra, a6, -22
core   0: 1 0x0000000080005ee2 (0xfea80093) x1  0xffffffff9f7af621
core   0: 0x0000000080005ee6 (0x40fdd31b) sraiw   t1, s11, 15
core   0: 1 0x0000000080005ee6 (0x40fdd31b) x6  0xffffffffffffffff
core   0: 0x0000000080005eea (0x4005509b) sraiw   ra, a0, 0
core   0: 1 0x0000000080005eea (0x4005509b) x1  0x000000007fffffff
core   0: 0x0000000080005eee (0x030ce833) rem     a6, s9, a6
core   0: 1 0x0000000080005eee (0x030ce833) x16 0x00000000224dd000
core   0: 0x0000000080005ef2 (0xc234f553) fcvt.lu.d a0, fs1
core   0: 1 0x0000000080005ef2 (0xc234f553) c1_fflags 0x0000000000000010 x10 0xffffffffffffffff
core   0: 0x0000000080005ef6 (0x3abb75c3) fmadd.d fa1, fs6, fa1, ft7
core   0: 1 0x0000000080005ef6 (0x3abb75c3) f11 0x7ff8000000000000
core   0: 0x0000000080005efa (0x00154c13) xori    s8, a0, 1
core   0: 1 0x0000000080005efa (0x00154c13) x24 0xfffffffffffffffe
core   0: 0x0000000080005efe (0x0001f593) andi    a1, gp, 0
core   0: 1 0x0000000080005efe (0x0001f593) x11 0x0000000000000000
core   0: 0x0000000080005f02 (0x527c17b7) lui     a5, 0x527c1
core   0: 1 0x0000000080005f02 (0x527c17b7) x15 0x00000000527c1000
core   0: 0x0000000080005f06 (0x400e5e13) srai    t3, t3, 0
core   0: 1 0x0000000080005f06 (0x400e5e13) x28 0x000000007a811634
core   0: 0x0000000080005f0a (0x00ce9eb3) sll     t4, t4, a2
core   0: 1 0x0000000080005f0a (0x00ce9eb3) x29 0x0000000000000000
core   0: 0x0000000080005f0e (0x00551ebb) sllw    t4, a0, t0
core   0: 1 0x0000000080005f0e (0x00551ebb) x29 0xfffffffffffffffe
core   0: 0x0000000080005f12 (0x0ff0000f) fence   iorw,iorw
core   0: 1 0x0000000080005f12 (0x0ff0000f)
core   0: 0x0000000080005f16 (0x22f383d3) fsgnj.d ft7, ft7, fa5
core   0: 1 0x0000000080005f16 (0x22f383d3) f7  0x7ff8000000000000
core   0: 0x0000000080005f1a (0x4008581b) sraiw   a6, a6, 0
core   0: 1 0x0000000080005f1a (0x4008581b) x16 0x00000000224dd000
core   0: 0x0000000080005f1e (0x80004993) xori    s3, zero, -2048
core   0: 1 0x0000000080005f1e (0x80004993) x19 0xfffffffffffff800
core   0: 0x0000000080005f22 (0xd162e313) ori     t1, t0, -746
core   0: 1 0x0000000080005f22 (0xd162e313) x6  0xfffffffffffffd17
core   0: 0x0000000080005f26 (0x00e453b3) srl     t2, s0, a4
core   0: 1 0x0000000080005f26 (0x00e453b3) x7  0x000000000000000f
core   0: 0x0000000080005f2a (0x2a7789d3) fmin.d  fs3, fa5, ft7
core   0: 1 0x0000000080005f2a (0x2a7789d3) f19 0x41de26cc77000000
core   0: 0x0000000080005f2e (0x01d77eb3) and     t4, a4, t4
core   0: 1 0x0000000080005f2e (0x01d77eb3) x29 0x00000000e7dcfeae
core   0: 0x0000000080005f32 (0xd2247fd3) fcvt.d.l ft11, s0
core   0: 1 0x0000000080005f32 (0xd2247fd3) f31 0x430ffffffffffff8
core   0: 0x0000000080005f36 (0x1e7e821b) addiw   tp, t4, 487
core   0: 1 0x0000000080005f36 (0x1e7e821b) x4  0xffffffffe7dd0095
core   0: 0x0000000080005f3a (0x03aedc13) srli    s8, t4, 58
core   0: 1 0x0000000080005f3a (0x03aedc13) x24 0x0000000000000000
core   0: 0x0000000080005f3e (0x0120a0b3) slt     ra, ra, s2
core   0: 1 0x0000000080005f3e (0x0120a0b3) x1  0x0000000000000000
core   0: 0x0000000080005f42 (0x40f00033) sub     zero, zero, a5
core   0: 1 0x0000000080005f42 (0x40f00033)
core   0: 0x0000000080005f46 (0x40fe5c33) sra     s8, t3, a5
core   0: 1 0x0000000080005f46 (0x40fe5c33) x24 0x000000007a811634
core   0: 0x0000000080005f4a (0x001788b3) add     a7, a5, ra
core   0: 1 0x0000000080005f4a (0x001788b3) x17 0x00000000527c1000
core   0: 0x0000000080005f4e (0x00081413) slli    s0, a6, 0
core   0: 1 0x0000000080005f4e (0x00081413) x8  0x00000000224dd000
core   0: 0x0000000080005f52 (0x012dfd33) and     s10, s11, s2
core   0: 1 0x0000000080005f52 (0x012dfd33) x26 0x0000000000000000
core   0: 0x0000000080005f56 (0x00000001) c.nop
core   0: 1 0x0000000080005f56 (0x0001)
core   0: 0x0000000080005f58 (0x00102173) csrrs   sp, fflags, zero
core   0: 1 0x0000000080005f58 (0x00102173) x2  0x0000000000000010
core   0: 0x0000000080005f5c (0x2b1f9753) fmax.d  fa4, ft11, fa7
core   0: 1 0x0000000080005f5c (0x2b1f9753) f14 0x430ffffffffffff8
core   0: 0x0000000080005f60 (0x0b88fc47) fmsub.d fs8, fa7, fs8, ft1
core   0: 1 0x0000000080005f60 (0x0b88fc47) f24 0x7ff8000000000000
core   0: 0x0000000080005f64 (0x5a0ef853) fsqrt.d fa6, ft9
core   0: 1 0x0000000080005f64 (0x5a0ef853) c1_fflags 0x0000000000000011 f16 0x41f000000000005f
core   0: 0x0000000080005f68 (0x0000909b) slliw   ra, ra, 0
core   0: 1 0x0000000080005f68 (0x0000909b) x1  0x0000000000000000
core   0: 0x0000000080005f6c (0x03f0d413) srli    s0, ra, 63
core   0: 1 0x0000000080005f6c (0x03f0d413) x8  0x0000000000000000
core   0: 0x0000000080005f70 (0xef28b797) auipc   a5, 0xef28b
core   0: 1 0x0000000080005f70 (0xef28b797) x15 0x000000006f290f70
core   0: 0x0000000080005f74 (0x28632d97) auipc   s11, 0x28632
core   0: 1 0x0000000080005f74 (0x28632d97) x27 0x00000000a8637f74
core   0: 0x0000000080005f78 (0xe1fdf393) andi    t2, s11, -481
core   0: 1 0x0000000080005f78 (0xe1fdf393) x7  0x00000000a8637e14
core   0: 0x0000000080005f7c (0x0000851e) c.mv    a0, t2
core   0: 1 0x0000000080005f7c (0x851e) x10 0x00000000a8637e14
core   0: 0x0000000080005f7e (0x80058c9b) addiw   s9, a1, -2048
core   0: 1 0x0000000080005f7e (0x80058c9b) x25 0xfffffffffffff800
core   0: 0x0000000080005f82 (0x019ca333) slt     t1, s9, s9
core   0: 1 0x0000000080005f82 (0x019ca333) x6  0x0000000000000000
core   0: 0x0000000080005f86 (0x0223e733) rem     a4, t2, sp
core   0: 1 0x0000000080005f86 (0x0223e733) x14 0x0000000000000004
core   0: 0x0000000080005f8a (0xfff20493) addi    s1, tp, -1
core   0: 1 0x0000000080005f8a (0xfff20493) x9  0xffffffffe7dd0094
core   0: 0x0000000080005f8e (0x4014d29b) sraiw   t0, s1, 1
core   0: 1 0x0000000080005f8e (0x4014d29b) x5  0xfffffffff3ee804a
core   0: 0x0000000080005f92 (0xadd70c93) addi    s9, a4, -1315
core   0: 1 0x0000000080005f92 (0xadd70c93) x25 0xfffffffffffffae1
core   0: 0x0000000080005f96 (0x025279bb) remuw   s3, tp, t0
core   0: 1 0x0000000080005f96 (0x025279bb) x19 0xffffffffe7dd0095
core   0: 0x0000000080005f9a (0x000093ee) c.add   t2, s11
core   0: 1 0x0000000080005f9a (0x93ee) x7  0x0000000150c6fd88
core   0: 0x0000000080005f9c (0x022ee9bb) remw    s3, t4, sp
core   0: 1 0x0000000080005f9c (0x022ee9bb) x19 0xfffffffffffffffe
core   0: 0x0000000080005fa0 (0x413dd6bb) sraw    a3, s11, s3
core   0: 1 0x0000000080005fa0 (0x413dd6bb) x13 0xfffffffffffffffe
core   0: 0x0000000080005fa4 (0x00299ef3) csrrw   t4, frm, s3
core   0: 1 0x0000000080005fa4 (0x00299ef3) x29 0x0000000000000000 c2_frm 0x0000000000000006
core   0: 0x0000000080005fa8 (0xe20e8653) fmv.x.d a2, ft9
core   0: 1 0x0000000080005fa8 (0xe20e8653) x12 0x43f00000000000be
core   0: >>>>  write_tohost
core   0: 0x0000000080005fac (0xa38fa0ef) jal     pc - 0x5dc8
core   0: 1 0x0000000080005fac (0xa38fa0ef) x1  0x0000000080005fb0
core   0: >>>>  _exit
core   0: 0x00000000800001e4 (0x00004505) c.li    a0, 1
core   0: 1 0x00000000800001e4 (0x4505) x10 0x0000000000000001
core   0: 0x00000000800001e6 (0x00001f17) auipc   t5, 0x1
core   0: 1 0x00000000800001e6 (0x00001f17) x30 0x00000000800011e6
core   0: 0x00000000800001ea (0xe0af2d23) sw      a0, -486(t5)
core   0: 1 0x00000000800001ea (0xe0af2d23) mem 0x0000000080001000 0x00000001
cp /home/server/RISCV/cva6/verif/sim/out/seed_1077/spike_sim/new_seeds_1077_.cv64a6_imafdc_sv39.log.iss /home/server/RISCV/cva6/verif/sim/out/seed_1077/spike_sim/new_seeds_1077_.cv64a6_imafdc_sv39.log
