Makefile:14: must set CVA6_REPO_DIR to point at the root of CVA6 sources and CVA6_TB_DIR to point here -- doing it for you...
LD_LIBRARY_PATH="$(realpath ../../tools/spike/lib):$LD_LIBRARY_PATH" \
	/home/server/RISCV/cva6/tools/spike/bin/spike --steps=2000000  --log-commits --isa=rv64gc_zba_zbb_zbs_zbc_zicsr_zifencei --priv=msu -l /home/server/RISCV/cva6/verif/sim/out/seed_1363/directed_asm_tests/new_seeds_1363_.o
[SPIKE] Max simulation steps: 2000000
[SPIKE] Proc 0 | ISA: rv64gc_zba_zbb_zbs_zbc_zicsr_zifencei PRIV: msu
[SPIKE] Initializing memories...
core   0: 0x0000000000010000 (0x00100413) li      s0, 1
core   0: 3 0x0000000000010000 (0x00100413) x8  0x0000000000000001
core   0: 0x0000000000010004 (0x01f41413) slli    s0, s0, 31
core   0: 3 0x0000000000010004 (0x01f41413) x8  0x0000000080000000
core   0: 0x0000000000010008 (0xf1402573) csrrs   a0, mhartid, zero
core   0: 3 0x0000000000010008 (0xf1402573) x10 0x0000000000000000
core   0: 0x000000000001000c (0x00000597) auipc   a1, 0x0
core   0: 3 0x000000000001000c (0x00000597) x11 0x000000000001000c
core   0: 0x0000000000010010 (0x07458593) addi    a1, a1, 116
core   0: 3 0x0000000000010010 (0x07458593) x11 0x0000000000010080
core   0: 0x0000000000010014 (0x00040067) jr      s0
core   0: 3 0x0000000000010014 (0x00040067)
core   0: >>>>  _start
core   0: 0x0000000080000000 (0x00004081) c.li    ra, 0
core   0: 3 0x0000000080000000 (0x4081) x1  0x0000000000000000
core   0: 0x0000000080000002 (0x00004101) c.li    sp, 0
core   0: 3 0x0000000080000002 (0x4101) x2  0x0000000000000000
core   0: 0x0000000080000004 (0x00004181) c.li    gp, 0
core   0: 3 0x0000000080000004 (0x4181) x3  0x0000000000000000
core   0: 0x0000000080000006 (0x00004201) c.li    tp, 0
core   0: 3 0x0000000080000006 (0x4201) x4  0x0000000000000000
core   0: 0x0000000080000008 (0x00004281) c.li    t0, 0
core   0: 3 0x0000000080000008 (0x4281) x5  0x0000000000000000
core   0: 0x000000008000000a (0x00004301) c.li    t1, 0
core   0: 3 0x000000008000000a (0x4301) x6  0x0000000000000000
core   0: 0x000000008000000c (0x00004381) c.li    t2, 0
core   0: 3 0x000000008000000c (0x4381) x7  0x0000000000000000
core   0: 0x000000008000000e (0x00004401) c.li    s0, 0
core   0: 3 0x000000008000000e (0x4401) x8  0x0000000000000000
core   0: 0x0000000080000010 (0x00004481) c.li    s1, 0
core   0: 3 0x0000000080000010 (0x4481) x9  0x0000000000000000
core   0: 0x0000000080000012 (0x00004501) c.li    a0, 0
core   0: 3 0x0000000080000012 (0x4501) x10 0x0000000000000000
core   0: 0x0000000080000014 (0x00004581) c.li    a1, 0
core   0: 3 0x0000000080000014 (0x4581) x11 0x0000000000000000
core   0: 0x0000000080000016 (0x00004601) c.li    a2, 0
core   0: 3 0x0000000080000016 (0x4601) x12 0x0000000000000000
core   0: 0x0000000080000018 (0x00004681) c.li    a3, 0
core   0: 3 0x0000000080000018 (0x4681) x13 0x0000000000000000
core   0: 0x000000008000001a (0x00004701) c.li    a4, 0
core   0: 3 0x000000008000001a (0x4701) x14 0x0000000000000000
core   0: 0x000000008000001c (0x00004781) c.li    a5, 0
core   0: 3 0x000000008000001c (0x4781) x15 0x0000000000000000
core   0: 0x000000008000001e (0x00004801) c.li    a6, 0
core   0: 3 0x000000008000001e (0x4801) x16 0x0000000000000000
core   0: 0x0000000080000020 (0x00004881) c.li    a7, 0
core   0: 3 0x0000000080000020 (0x4881) x17 0x0000000000000000
core   0: 0x0000000080000022 (0x00004901) c.li    s2, 0
core   0: 3 0x0000000080000022 (0x4901) x18 0x0000000000000000
core   0: 0x0000000080000024 (0x00004981) c.li    s3, 0
core   0: 3 0x0000000080000024 (0x4981) x19 0x0000000000000000
core   0: 0x0000000080000026 (0x00004a01) c.li    s4, 0
core   0: 3 0x0000000080000026 (0x4a01) x20 0x0000000000000000
core   0: 0x0000000080000028 (0x00004a81) c.li    s5, 0
core   0: 3 0x0000000080000028 (0x4a81) x21 0x0000000000000000
core   0: 0x000000008000002a (0x00004b01) c.li    s6, 0
core   0: 3 0x000000008000002a (0x4b01) x22 0x0000000000000000
core   0: 0x000000008000002c (0x00004b81) c.li    s7, 0
core   0: 3 0x000000008000002c (0x4b81) x23 0x0000000000000000
core   0: 0x000000008000002e (0x00004c01) c.li    s8, 0
core   0: 3 0x000000008000002e (0x4c01) x24 0x0000000000000000
core   0: 0x0000000080000030 (0x00004c81) c.li    s9, 0
core   0: 3 0x0000000080000030 (0x4c81) x25 0x0000000000000000
core   0: 0x0000000080000032 (0x00004d01) c.li    s10, 0
core   0: 3 0x0000000080000032 (0x4d01) x26 0x0000000000000000
core   0: 0x0000000080000034 (0x00004d81) c.li    s11, 0
core   0: 3 0x0000000080000034 (0x4d81) x27 0x0000000000000000
core   0: 0x0000000080000036 (0x00004e01) c.li    t3, 0
core   0: 3 0x0000000080000036 (0x4e01) x28 0x0000000000000000
core   0: 0x0000000080000038 (0x00004e81) c.li    t4, 0
core   0: 3 0x0000000080000038 (0x4e81) x29 0x0000000000000000
core   0: 0x000000008000003a (0x00004f01) c.li    t5, 0
core   0: 3 0x000000008000003a (0x4f01) x30 0x0000000000000000
core   0: 0x000000008000003c (0x00004f81) c.li    t6, 0
core   0: 3 0x000000008000003c (0x4f81) x31 0x0000000000000000
core   0: 0x000000008000003e (0x000062f9) c.lui   t0, 0x1e
core   0: 3 0x000000008000003e (0x62f9) x5  0x000000000001e000
core   0: 0x0000000080000040 (0x3002a073) csrrs   zero, mstatus, t0
core   0: 3 0x0000000080000040 (0x3002a073) c768_mstatus 0x8000000a00006000
core   0: 0x0000000080000044 (0x00004285) c.li    t0, 1
core   0: 3 0x0000000080000044 (0x4285) x5  0x0000000000000001
core   0: 0x0000000080000046 (0x000002fe) c.slli  t0, 31
core   0: 3 0x0000000080000046 (0x02fe) x5  0x0000000080000000
core   0: 0x0000000080000048 (0x0002d863) bge     t0, zero, pc + 16
core   0: 3 0x0000000080000048 (0x0002d863)
core   0: 0x0000000080000058 (0x00000297) auipc   t0, 0x0
core   0: 3 0x0000000080000058 (0x00000297) x5  0x0000000080000058
core   0: 0x000000008000005c (0x09028293) addi    t0, t0, 144
core   0: 3 0x000000008000005c (0x09028293) x5  0x00000000800000e8
core   0: 0x0000000080000060 (0x30529073) csrrw   zero, mtvec, t0
core   0: 3 0x0000000080000060 (0x30529073) c773_mtvec 0x00000000800000e8
core   0: 0x0000000080000064 (0x00301073) csrrw   zero, fcsr, zero
core   0: 3 0x0000000080000064 (0x00301073) c1_fflags 0x0000000000000000 c2_frm 0x0000000000000000
core   0: 0x0000000080000068 (0xf0000053) fmv.w.x ft0, zero
core   0: 3 0x0000000080000068 (0xf0000053) f0  0xffffffff00000000
core   0: 0x000000008000006c (0xf00000d3) fmv.w.x ft1, zero
core   0: 3 0x000000008000006c (0xf00000d3) f1  0xffffffff00000000
core   0: 0x0000000080000070 (0xf0000153) fmv.w.x ft2, zero
core   0: 3 0x0000000080000070 (0xf0000153) f2  0xffffffff00000000
core   0: 0x0000000080000074 (0xf00001d3) fmv.w.x ft3, zero
core   0: 3 0x0000000080000074 (0xf00001d3) f3  0xffffffff00000000
core   0: 0x0000000080000078 (0xf0000253) fmv.w.x ft4, zero
core   0: 3 0x0000000080000078 (0xf0000253) f4  0xffffffff00000000
core   0: 0x000000008000007c (0xf00002d3) fmv.w.x ft5, zero
core   0: 3 0x000000008000007c (0xf00002d3) f5  0xffffffff00000000
core   0: 0x0000000080000080 (0xf0000353) fmv.w.x ft6, zero
core   0: 3 0x0000000080000080 (0xf0000353) f6  0xffffffff00000000
core   0: 0x0000000080000084 (0xf00003d3) fmv.w.x ft7, zero
core   0: 3 0x0000000080000084 (0xf00003d3) f7  0xffffffff00000000
core   0: 0x0000000080000088 (0xf0000453) fmv.w.x fs0, zero
core   0: 3 0x0000000080000088 (0xf0000453) f8  0xffffffff00000000
core   0: 0x000000008000008c (0xf00004d3) fmv.w.x fs1, zero
core   0: 3 0x000000008000008c (0xf00004d3) f9  0xffffffff00000000
core   0: 0x0000000080000090 (0xf0000553) fmv.w.x fa0, zero
core   0: 3 0x0000000080000090 (0xf0000553) f10 0xffffffff00000000
core   0: 0x0000000080000094 (0xf00005d3) fmv.w.x fa1, zero
core   0: 3 0x0000000080000094 (0xf00005d3) f11 0xffffffff00000000
core   0: 0x0000000080000098 (0xf0000653) fmv.w.x fa2, zero
core   0: 3 0x0000000080000098 (0xf0000653) f12 0xffffffff00000000
core   0: 0x000000008000009c (0xf00006d3) fmv.w.x fa3, zero
core   0: 3 0x000000008000009c (0xf00006d3) f13 0xffffffff00000000
core   0: 0x00000000800000a0 (0xf0000753) fmv.w.x fa4, zero
core   0: 3 0x00000000800000a0 (0xf0000753) f14 0xffffffff00000000
core   0: 0x00000000800000a4 (0xf00007d3) fmv.w.x fa5, zero
core   0: 3 0x00000000800000a4 (0xf00007d3) f15 0xffffffff00000000
core   0: 0x00000000800000a8 (0xf0000853) fmv.w.x fa6, zero
core   0: 3 0x00000000800000a8 (0xf0000853) f16 0xffffffff00000000
core   0: 0x00000000800000ac (0xf00008d3) fmv.w.x fa7, zero
core   0: 3 0x00000000800000ac (0xf00008d3) f17 0xffffffff00000000
core   0: 0x00000000800000b0 (0xf0000953) fmv.w.x fs2, zero
core   0: 3 0x00000000800000b0 (0xf0000953) f18 0xffffffff00000000
core   0: 0x00000000800000b4 (0xf00009d3) fmv.w.x fs3, zero
core   0: 3 0x00000000800000b4 (0xf00009d3) f19 0xffffffff00000000
core   0: 0x00000000800000b8 (0xf0000a53) fmv.w.x fs4, zero
core   0: 3 0x00000000800000b8 (0xf0000a53) f20 0xffffffff00000000
core   0: 0x00000000800000bc (0xf0000ad3) fmv.w.x fs5, zero
core   0: 3 0x00000000800000bc (0xf0000ad3) f21 0xffffffff00000000
core   0: 0x00000000800000c0 (0xf0000b53) fmv.w.x fs6, zero
core   0: 3 0x00000000800000c0 (0xf0000b53) f22 0xffffffff00000000
core   0: 0x00000000800000c4 (0xf0000bd3) fmv.w.x fs7, zero
core   0: 3 0x00000000800000c4 (0xf0000bd3) f23 0xffffffff00000000
core   0: 0x00000000800000c8 (0xf0000c53) fmv.w.x fs8, zero
core   0: 3 0x00000000800000c8 (0xf0000c53) f24 0xffffffff00000000
core   0: 0x00000000800000cc (0xf0000cd3) fmv.w.x fs9, zero
core   0: 3 0x00000000800000cc (0xf0000cd3) f25 0xffffffff00000000
core   0: 0x00000000800000d0 (0xf0000d53) fmv.w.x fs10, zero
core   0: 3 0x00000000800000d0 (0xf0000d53) f26 0xffffffff00000000
core   0: 0x00000000800000d4 (0xf0000dd3) fmv.w.x fs11, zero
core   0: 3 0x00000000800000d4 (0xf0000dd3) f27 0xffffffff00000000
core   0: 0x00000000800000d8 (0xf0000e53) fmv.w.x ft8, zero
core   0: 3 0x00000000800000d8 (0xf0000e53) f28 0xffffffff00000000
core   0: 0x00000000800000dc (0xf0000ed3) fmv.w.x ft9, zero
core   0: 3 0x00000000800000dc (0xf0000ed3) f29 0xffffffff00000000
core   0: 0x00000000800000e0 (0xf0000f53) fmv.w.x ft10, zero
core   0: 3 0x00000000800000e0 (0xf0000f53) f30 0xffffffff00000000
core   0: 0x00000000800000e4 (0xf0000fd3) fmv.w.x ft11, zero
core   0: 3 0x00000000800000e4 (0xf0000fd3) f31 0xffffffff00000000
core   0: 0x00000000800000e8 (0x00000297) auipc   t0, 0x0
core   0: 3 0x00000000800000e8 (0x00000297) x5  0x00000000800000e8
core   0: 0x00000000800000ec (0x03c28293) addi    t0, t0, 60
core   0: 3 0x00000000800000ec (0x03c28293) x5  0x0000000080000124
core   0: 0x00000000800000f0 (0x30529073) csrrw   zero, mtvec, t0
core   0: 3 0x00000000800000f0 (0x30529073) c773_mtvec 0x0000000080000124
core   0: 0x00000000800000f4 (0x00012197) auipc   gp, 0x12
core   0: 3 0x00000000800000f4 (0x00012197) x3  0x00000000800120f4
core   0: 0x00000000800000f8 (0x73418193) addi    gp, gp, 1844
core   0: 3 0x00000000800000f8 (0x73418193) x3  0x0000000080012828
core   0: 0x00000000800000fc (0x00012217) auipc   tp, 0x12
core   0: 3 0x00000000800000fc (0x00012217) x4  0x00000000800120fc
core   0: 0x0000000080000100 (0xf8320213) addi    tp, tp, -125
core   0: 3 0x0000000080000100 (0xf8320213) x4  0x000000008001207f
core   0: 0x0000000080000104 (0xfc027213) andi    tp, tp, -64
core   0: 3 0x0000000080000104 (0xfc027213) x4  0x0000000080012040
core   0: 0x0000000080000108 (0xf1402573) csrrs   a0, mhartid, zero
core   0: 3 0x0000000080000108 (0xf1402573) x10 0x0000000000000000
core   0: 0x000000008000010c (0x00004585) c.li    a1, 1
core   0: 3 0x000000008000010c (0x4585) x11 0x0000000000000001
core   0: 0x000000008000010e (0x00b57063) bgeu    a0, a1, pc + 0
core   0: 3 0x000000008000010e (0x00b57063)
core   0: 0x0000000080000112 (0x00150113) addi    sp, a0, 1
core   0: 3 0x0000000080000112 (0x00150113) x2  0x0000000000000001
core   0: 0x0000000080000116 (0x00000146) c.slli  sp, 17
core   0: 3 0x0000000080000116 (0x0146) x2  0x0000000000020000
core   0: 0x0000000080000118 (0x00009112) c.add   sp, tp
core   0: 3 0x0000000080000118 (0x9112) x2  0x0000000080032040
core   0: 0x000000008000011a (0x01151613) slli    a2, a0, 17
core   0: 3 0x000000008000011a (0x01151613) x12 0x0000000000000000
core   0: 0x000000008000011e (0x00009232) c.add   tp, a2
core   0: 3 0x000000008000011e (0x9232) x4  0x0000000080012040
core   0: 0x0000000080000120 (0x3d40f06f) j       pc + 0xf3d4
core   0: 3 0x0000000080000120 (0x3d40f06f)
core   0: >>>>  _init
core   0: 0x000000008000f4f4 (0x00007171) c.addi16sp sp, -176
core   0: 3 0x000000008000f4f4 (0x7171) x2  0x0000000080031f90
core   0: 0x000000008000f4f6 (0x0000f506) c.sdsp  ra, 168(sp)
core   0: 3 0x000000008000f4f6 (0xf506) mem 0x0000000080032038 0x0000000000000000
core   0: 0x000000008000f4f8 (0x0000f122) c.sdsp  s0, 160(sp)
core   0: 3 0x000000008000f4f8 (0xf122) mem 0x0000000080032030 0x0000000000000000
core   0: 0x000000008000f4fa (0x0000ed26) c.sdsp  s1, 152(sp)
core   0: 3 0x000000008000f4fa (0xed26) mem 0x0000000080032028 0x0000000000000000
core   0: 0x000000008000f4fc (0x00001900) c.addi4spn s0, sp, 176
core   0: 3 0x000000008000f4fc (0x1900) x8  0x0000000080032040
core   0: 0x000000008000f4fe (0x000087aa) c.mv    a5, a0
core   0: 3 0x000000008000f4fe (0x87aa) x15 0x0000000000000000
core   0: 0x000000008000f500 (0x0000872e) c.mv    a4, a1
core   0: 3 0x000000008000f500 (0x872e) x14 0x0000000000000001
core   0: 0x000000008000f502 (0xf4f42e23) sw      a5, -164(s0)
core   0: 3 0x000000008000f502 (0xf4f42e23) mem 0x0000000080031f9c 0x00000000
core   0: 0x000000008000f506 (0x000087ba) c.mv    a5, a4
core   0: 3 0x000000008000f506 (0x87ba) x15 0x0000000000000001
core   0: 0x000000008000f508 (0xf4f42c23) sw      a5, -168(s0)
core   0: 3 0x000000008000f508 (0xf4f42c23) mem 0x0000000080031f98 0x00000001
core   0: 0x000000008000f50c (0xfe040793) addi    a5, s0, -32
core   0: 3 0x000000008000f50c (0xfe040793) x15 0x0000000080032020
core   0: 0x000000008000f510 (0xf4f43823) sd      a5, -176(s0)
core   0: 3 0x000000008000f510 (0xf4f43823) mem 0x0000000080031f90 0x0000000080032020
core   0: 0x000000008000f514 (0xf5043783) ld      a5, -176(s0)
core   0: 3 0x000000008000f514 (0xf5043783) x15 0x0000000080032020 mem 0x0000000080031f90
core   0: 0x000000008000f518 (0xf8078793) addi    a5, a5, -128
core   0: 3 0x000000008000f518 (0xf8078793) x15 0x0000000080031fa0
core   0: 0x000000008000f51c (0x03f78793) addi    a5, a5, 63
core   0: 3 0x000000008000f51c (0x03f78793) x15 0x0000000080031fdf
core   0: 0x000000008000f520 (0x00008399) c.srli  a5, 6
core   0: 3 0x000000008000f520 (0x8399) x15 0x0000000002000c7f
core   0: 0x000000008000f522 (0x00679493) slli    s1, a5, 6
core   0: 3 0x000000008000f522 (0x00679493) x9  0x0000000080031fc0
core   0: 0x000000008000f526 (0xf65ff0ef) jal     pc - 0x9c
core   0: 3 0x000000008000f526 (0xf65ff0ef) x1  0x000000008000f52a
core   0: >>>>  init_tls
core   0: 0x000000008000f48a (0x00001101) c.addi  sp, -32
core   0: 3 0x000000008000f48a (0x1101) x2  0x0000000080031f70
core   0: 0x000000008000f48c (0x0000ec06) c.sdsp  ra, 24(sp)
core   0: 3 0x000000008000f48c (0xec06) mem 0x0000000080031f88 0x000000008000f52a
core   0: 0x000000008000f48e (0x0000e822) c.sdsp  s0, 16(sp)
core   0: 3 0x000000008000f48e (0xe822) mem 0x0000000080031f80 0x0000000080032040
core   0: 0x000000008000f490 (0x00001000) c.addi4spn s0, sp, 32
core   0: 3 0x000000008000f490 (0x1000) x8  0x0000000080031f90
core   0: 0x000000008000f492 (0x00003717) auipc   a4, 0x3
core   0: 3 0x000000008000f492 (0x00003717) x14 0x0000000080012492
core   0: 0x000000008000f496 (0xb9670713) addi    a4, a4, -1130
core   0: 3 0x000000008000f496 (0xb9670713) x14 0x0000000080012028
core   0: 0x000000008000f49a (0x00003797) auipc   a5, 0x3
core   0: 3 0x000000008000f49a (0x00003797) x15 0x000000008001249a
core   0: 0x000000008000f49e (0xb8e78793) addi    a5, a5, -1138
core   0: 3 0x000000008000f49e (0xb8e78793) x15 0x0000000080012028
core   0: 0x000000008000f4a2 (0x40f707b3) sub     a5, a4, a5
core   0: 3 0x000000008000f4a2 (0x40f707b3) x15 0x0000000000000000
core   0: 0x000000008000f4a6 (0xfef43423) sd      a5, -24(s0)
core   0: 3 0x000000008000f4a6 (0xfef43423) mem 0x0000000080031f78 0x0000000000000000
core   0: 0x000000008000f4aa (0x00008792) c.mv    a5, tp
core   0: 3 0x000000008000f4aa (0x8792) x15 0x0000000080012040
core   0: 0x000000008000f4ac (0xfe843603) ld      a2, -24(s0)
core   0: 3 0x000000008000f4ac (0xfe843603) x12 0x0000000000000000 mem 0x0000000080031f78
core   0: 0x000000008000f4b0 (0x00003597) auipc   a1, 0x3
core   0: 3 0x000000008000f4b0 (0x00003597) x11 0x00000000800124b0
core   0: 0x000000008000f4b4 (0xb7858593) addi    a1, a1, -1160
core   0: 3 0x000000008000f4b4 (0xb7858593) x11 0x0000000080012028
core   0: 0x000000008000f4b8 (0x0000853e) c.mv    a0, a5
core   0: 3 0x000000008000f4b8 (0x853e) x10 0x0000000080012040
core   0: 0x000000008000f4ba (0x0f9000ef) jal     pc + 0x8f8
core   0: 3 0x000000008000f4ba (0x0f9000ef) x1  0x000000008000f4be
core   0: >>>>  memcpy
core   0: 0x000000008000fdb2 (0x0000715d) c.addi16sp sp, -80
core   0: 3 0x000000008000fdb2 (0x715d) x2  0x0000000080031f20
core   0: 0x000000008000fdb4 (0x0000e4a2) c.sdsp  s0, 72(sp)
core   0: 3 0x000000008000fdb4 (0xe4a2) mem 0x0000000080031f68 0x0000000080031f90
core   0: 0x000000008000fdb6 (0x00000880) c.addi4spn s0, sp, 80
core   0: 3 0x000000008000fdb6 (0x0880) x8  0x0000000080031f70
core   0: 0x000000008000fdb8 (0xfca43423) sd      a0, -56(s0)
core   0: 3 0x000000008000fdb8 (0xfca43423) mem 0x0000000080031f38 0x0000000080012040
core   0: 0x000000008000fdbc (0xfcb43023) sd      a1, -64(s0)
core   0: 3 0x000000008000fdbc (0xfcb43023) mem 0x0000000080031f30 0x0000000080012028
core   0: 0x000000008000fdc0 (0xfac43c23) sd      a2, -72(s0)
core   0: 3 0x000000008000fdc0 (0xfac43c23) mem 0x0000000080031f28 0x0000000000000000
core   0: 0x000000008000fdc4 (0xfc843703) ld      a4, -56(s0)
core   0: 3 0x000000008000fdc4 (0xfc843703) x14 0x0000000080012040 mem 0x0000000080031f38
core   0: 0x000000008000fdc8 (0xfc043783) ld      a5, -64(s0)
core   0: 3 0x000000008000fdc8 (0xfc043783) x15 0x0000000080012028 mem 0x0000000080031f30
core   0: 0x000000008000fdcc (0x00008f5d) c.or    a4, a5
core   0: 3 0x000000008000fdcc (0x8f5d) x14 0x0000000080012068
core   0: 0x000000008000fdce (0xfb843783) ld      a5, -72(s0)
core   0: 3 0x000000008000fdce (0xfb843783) x15 0x0000000000000000 mem 0x0000000080031f28
core   0: 0x000000008000fdd2 (0x00008fd9) c.or    a5, a4
core   0: 3 0x000000008000fdd2 (0x8fd9) x15 0x0000000080012068
core   0: 0x000000008000fdd4 (0x00008b9d) c.andi  a5, 7
core   0: 3 0x000000008000fdd4 (0x8b9d) x15 0x0000000000000000
core   0: 0x000000008000fdd6 (0x0000e3b1) c.bnez  a5, pc + 68
core   0: 3 0x000000008000fdd6 (0xe3b1)
core   0: 0x000000008000fdd8 (0xfc043783) ld      a5, -64(s0)
core   0: 3 0x000000008000fdd8 (0xfc043783) x15 0x0000000080012028 mem 0x0000000080031f30
core   0: 0x000000008000fddc (0xfef43423) sd      a5, -24(s0)
core   0: 3 0x000000008000fddc (0xfef43423) mem 0x0000000080031f58 0x0000000080012028
core   0: 0x000000008000fde0 (0xfc843783) ld      a5, -56(s0)
core   0: 3 0x000000008000fde0 (0xfc843783) x15 0x0000000080012040 mem 0x0000000080031f38
core   0: 0x000000008000fde4 (0xfef43023) sd      a5, -32(s0)
core   0: 3 0x000000008000fde4 (0xfef43023) mem 0x0000000080031f50 0x0000000080012040
core   0: 0x000000008000fde8 (0x0000a839) c.j     pc + 30
core   0: 3 0x000000008000fde8 (0xa839)
core   0: 0x000000008000fe06 (0xfc843703) ld      a4, -56(s0)
core   0: 3 0x000000008000fe06 (0xfc843703) x14 0x0000000080012040 mem 0x0000000080031f38
core   0: 0x000000008000fe0a (0xfb843783) ld      a5, -72(s0)
core   0: 3 0x000000008000fe0a (0xfb843783) x15 0x0000000000000000 mem 0x0000000080031f28
core   0: 0x000000008000fe0e (0x000097ba) c.add   a5, a4
core   0: 3 0x000000008000fe0e (0x97ba) x15 0x0000000080012040
core   0: 0x000000008000fe10 (0xfe043703) ld      a4, -32(s0)
core   0: 3 0x000000008000fe10 (0xfe043703) x14 0x0000000080012040 mem 0x0000000080031f50
core   0: 0x000000008000fe14 (0xfcf76be3) bltu    a4, a5, pc - 42
core   0: 3 0x000000008000fe14 (0xfcf76be3)
core   0: 0x000000008000fe18 (0x0000a099) c.j     pc + 70
core   0: 3 0x000000008000fe18 (0xa099)
core   0: 0x000000008000fe5e (0xfc843783) ld      a5, -56(s0)
core   0: 3 0x000000008000fe5e (0xfc843783) x15 0x0000000080012040 mem 0x0000000080031f38
core   0: 0x000000008000fe62 (0x0000853e) c.mv    a0, a5
core   0: 3 0x000000008000fe62 (0x853e) x10 0x0000000080012040
core   0: 0x000000008000fe64 (0x00006426) c.ldsp  s0, 72(sp)
core   0: 3 0x000000008000fe64 (0x6426) x8  0x0000000080031f90 mem 0x0000000080031f68
core   0: 0x000000008000fe66 (0x00006161) c.addi16sp sp, 80
core   0: 3 0x000000008000fe66 (0x6161) x2  0x0000000080031f70
core   0: 0x000000008000fe68 (0x00008082) ret
core   0: 3 0x000000008000fe68 (0x8082)
core   0: 0x000000008000f4be (0x00003717) auipc   a4, 0x3
core   0: 3 0x000000008000f4be (0x00003717) x14 0x00000000800124be
core   0: 0x000000008000f4c2 (0xc0670713) addi    a4, a4, -1018
core   0: 3 0x000000008000f4c2 (0xc0670713) x14 0x00000000800120c4
core   0: 0x000000008000f4c6 (0x00003797) auipc   a5, 0x3
core   0: 3 0x000000008000f4c6 (0x00003797) x15 0x00000000800124c6
core   0: 0x000000008000f4ca (0xb6278793) addi    a5, a5, -1182
core   0: 3 0x000000008000f4ca (0xb6278793) x15 0x0000000080012028
core   0: 0x000000008000f4ce (0x40f707b3) sub     a5, a4, a5
core   0: 3 0x000000008000f4ce (0x40f707b3) x15 0x000000000000009c
core   0: 0x000000008000f4d2 (0xfef43023) sd      a5, -32(s0)
core   0: 3 0x000000008000f4d2 (0xfef43023) mem 0x0000000080031f70 0x000000000000009c
core   0: 0x000000008000f4d6 (0x00008712) c.mv    a4, tp
core   0: 3 0x000000008000f4d6 (0x8712) x14 0x0000000080012040
core   0: 0x000000008000f4d8 (0xfe843783) ld      a5, -24(s0)
core   0: 3 0x000000008000f4d8 (0xfe843783) x15 0x0000000000000000 mem 0x0000000080031f78
core   0: 0x000000008000f4dc (0x000097ba) c.add   a5, a4
core   0: 3 0x000000008000f4dc (0x97ba) x15 0x0000000080012040
core   0: 0x000000008000f4de (0xfe043603) ld      a2, -32(s0)
core   0: 3 0x000000008000f4de (0xfe043603) x12 0x000000000000009c mem 0x0000000080031f70
core   0: 0x000000008000f4e2 (0x00004581) c.li    a1, 0
core   0: 3 0x000000008000f4e2 (0x4581) x11 0x0000000000000000
core   0: 0x000000008000f4e4 (0x0000853e) c.mv    a0, a5
core   0: 3 0x000000008000f4e4 (0x853e) x10 0x0000000080012040
core   0: 0x000000008000f4e6 (0x185000ef) jal     pc + 0x984
core   0: 3 0x000000008000f4e6 (0x185000ef) x1  0x000000008000f4ea
core   0: >>>>  memset
core   0: 0x000000008000fe6a (0x0000715d) c.addi16sp sp, -80
core   0: 3 0x000000008000fe6a (0x715d) x2  0x0000000080031f20
core   0: 0x000000008000fe6c (0x0000e4a2) c.sdsp  s0, 72(sp)
core   0: 3 0x000000008000fe6c (0xe4a2) mem 0x0000000080031f68 0x0000000080031f90
core   0: 0x000000008000fe6e (0x00000880) c.addi4spn s0, sp, 80
core   0: 3 0x000000008000fe6e (0x0880) x8  0x0000000080031f70
core   0: 0x000000008000fe70 (0xfca43423) sd      a0, -56(s0)
core   0: 3 0x000000008000fe70 (0xfca43423) mem 0x0000000080031f38 0x0000000080012040
core   0: 0x000000008000fe74 (0x000087ae) c.mv    a5, a1
core   0: 3 0x000000008000fe74 (0x87ae) x15 0x0000000000000000
core   0: 0x000000008000fe76 (0xfac43c23) sd      a2, -72(s0)
core   0: 3 0x000000008000fe76 (0xfac43c23) mem 0x0000000080031f28 0x000000000000009c
core   0: 0x000000008000fe7a (0xfcf42223) sw      a5, -60(s0)
core   0: 3 0x000000008000fe7a (0xfcf42223) mem 0x0000000080031f34 0x00000000
core   0: 0x000000008000fe7e (0xfc843703) ld      a4, -56(s0)
core   0: 3 0x000000008000fe7e (0xfc843703) x14 0x0000000080012040 mem 0x0000000080031f38
core   0: 0x000000008000fe82 (0xfb843783) ld      a5, -72(s0)
core   0: 3 0x000000008000fe82 (0xfb843783) x15 0x000000000000009c mem 0x0000000080031f28
core   0: 0x000000008000fe86 (0x00008fd9) c.or    a5, a4
core   0: 3 0x000000008000fe86 (0x8fd9) x15 0x00000000800120dc
core   0: 0x000000008000fe88 (0x00008b9d) c.andi  a5, 7
core   0: 3 0x000000008000fe88 (0x8b9d) x15 0x0000000000000004
core   0: 0x000000008000fe8a (0x0000e7bd) c.bnez  a5, pc + 110
core   0: 3 0x000000008000fe8a (0xe7bd)
core   0: 0x000000008000fef8 (0xfc843783) ld      a5, -56(s0)
core   0: 3 0x000000008000fef8 (0xfc843783) x15 0x0000000080012040 mem 0x0000000080031f38
core   0: 0x000000008000fefc (0xfef43023) sd      a5, -32(s0)
core   0: 3 0x000000008000fefc (0xfef43023) mem 0x0000000080031f50 0x0000000080012040
core   0: 0x000000008000ff00 (0x0000a829) c.j     pc + 26
core   0: 3 0x000000008000ff00 (0xa829)
core   0: 0x000000008000ff1a (0xfc843703) ld      a4, -56(s0)
core   0: 3 0x000000008000ff1a (0xfc843703) x14 0x0000000080012040 mem 0x0000000080031f38
core   0: 0x000000008000ff1e (0xfb843783) ld      a5, -72(s0)
core   0: 3 0x000000008000ff1e (0xfb843783) x15 0x000000000000009c mem 0x0000000080031f28
core   0: 0x000000008000ff22 (0x000097ba) c.add   a5, a4
core   0: 3 0x000000008000ff22 (0x97ba) x15 0x00000000800120dc
core   0: 0x000000008000ff24 (0xfe043703) ld      a4, -32(s0)
core   0: 3 0x000000008000ff24 (0xfe043703) x14 0x0000000080012040 mem 0x0000000080031f50
core   0: 0x000000008000ff28 (0xfcf76de3) bltu    a4, a5, pc - 38
core   0: 3 0x000000008000ff28 (0xfcf76de3)
core   0: 0x000000008000ff02 (0xfe043783) ld      a5, -32(s0)
core   0: 3 0x000000008000ff02 (0xfe043783) x15 0x0000000080012040 mem 0x0000000080031f50
core   0: 0x000000008000ff06 (0x00178713) addi    a4, a5, 1
core   0: 3 0x000000008000ff06 (0x00178713) x14 0x0000000080012041
core   0: 0x000000008000ff0a (0xfee43023) sd      a4, -32(s0)
core   0: 3 0x000000008000ff0a (0xfee43023) mem 0x0000000080031f50 0x0000000080012041
core   0: 0x000000008000ff0e (0xfc442703) lw      a4, -60(s0)
core   0: 3 0x000000008000ff0e (0xfc442703) x14 0x0000000000000000 mem 0x0000000080031f34
core   0: 0x000000008000ff12 (0x0ff77713) andi    a4, a4, 255
core   0: 3 0x000000008000ff12 (0x0ff77713) x14 0x0000000000000000
core   0: 0x000000008000ff16 (0x00e78023) sb      a4, 0(a5)
core   0: 3 0x000000008000ff16 (0x00e78023) mem 0x0000000080012040 0x00
core   0: 0x000000008000ff1a (0xfc843703) ld      a4, -56(s0)
core   0: 3 0x000000008000ff1a (0xfc843703) x14 0x0000000080012040 mem 0x0000000080031f38
core   0: 0x000000008000ff1e (0xfb843783) ld      a5, -72(s0)
core   0: 3 0x000000008000ff1e (0xfb843783) x15 0x000000000000009c mem 0x0000000080031f28
core   0: 0x000000008000ff22 (0x000097ba) c.add   a5, a4
core   0: 3 0x000000008000ff22 (0x97ba) x15 0x00000000800120dc
core   0: 0x000000008000ff24 (0xfe043703) ld      a4, -32(s0)
core   0: 3 0x000000008000ff24 (0xfe043703) x14 0x0000000080012041 mem 0x0000000080031f50
core   0: 0x000000008000ff28 (0xfcf76de3) bltu    a4, a5, pc - 38
core   0: 3 0x000000008000ff28 (0xfcf76de3)
core   0: 0x000000008000ff02 (0xfe043783) ld      a5, -32(s0)
core   0: 3 0x000000008000ff02 (0xfe043783) x15 0x0000000080012041 mem 0x0000000080031f50
core   0: 0x000000008000ff06 (0x00178713) addi    a4, a5, 1
core   0: 3 0x000000008000ff06 (0x00178713) x14 0x0000000080012042
core   0: 0x000000008000ff0a (0xfee43023) sd      a4, -32(s0)
core   0: 3 0x000000008000ff0a (0xfee43023) mem 0x0000000080031f50 0x0000000080012042
core   0: 0x000000008000ff0e (0xfc442703) lw      a4, -60(s0)
core   0: 3 0x000000008000ff0e (0xfc442703) x14 0x0000000000000000 mem 0x0000000080031f34
core   0: 0x000000008000ff12 (0x0ff77713) andi    a4, a4, 255
core   0: 3 0x000000008000ff12 (0x0ff77713) x14 0x0000000000000000
core   0: 0x000000008000ff16 (0x00e78023) sb      a4, 0(a5)
core   0: 3 0x000000008000ff16 (0x00e78023) mem 0x0000000080012041 0x00
core   0: 0x000000008000ff1a (0xfc843703) ld      a4, -56(s0)
core   0: 3 0x000000008000ff1a (0xfc843703) x14 0x0000000080012040 mem 0x0000000080031f38
core   0: 0x000000008000ff1e (0xfb843783) ld      a5, -72(s0)
core   0: 3 0x000000008000ff1e (0xfb843783) x15 0x000000000000009c mem 0x0000000080031f28
core   0: 0x000000008000ff22 (0x000097ba) c.add   a5, a4
core   0: 3 0x000000008000ff22 (0x97ba) x15 0x00000000800120dc
core   0: 0x000000008000ff24 (0xfe043703) ld      a4, -32(s0)
core   0: 3 0x000000008000ff24 (0xfe043703) x14 0x0000000080012042 mem 0x0000000080031f50
core   0: 0x000000008000ff28 (0xfcf76de3) bltu    a4, a5, pc - 38
core   0: 3 0x000000008000ff28 (0xfcf76de3)
core   0: 0x000000008000ff02 (0xfe043783) ld      a5, -32(s0)
core   0: 3 0x000000008000ff02 (0xfe043783) x15 0x0000000080012042 mem 0x0000000080031f50
core   0: 0x000000008000ff06 (0x00178713) addi    a4, a5, 1
core   0: 3 0x000000008000ff06 (0x00178713) x14 0x0000000080012043
core   0: 0x000000008000ff0a (0xfee43023) sd      a4, -32(s0)
core   0: 3 0x000000008000ff0a (0xfee43023) mem 0x0000000080031f50 0x0000000080012043
core   0: 0x000000008000ff0e (0xfc442703) lw      a4, -60(s0)
core   0: 3 0x000000008000ff0e (0xfc442703) x14 0x0000000000000000 mem 0x0000000080031f34
core   0: 0x000000008000ff12 (0x0ff77713) andi    a4, a4, 255
core   0: 3 0x000000008000ff12 (0x0ff77713) x14 0x0000000000000000
core   0: 0x000000008000ff16 (0x00e78023) sb      a4, 0(a5)
core   0: 3 0x000000008000ff16 (0x00e78023) mem 0x0000000080012042 0x00
core   0: 0x000000008000ff1a (0xfc843703) ld      a4, -56(s0)
core   0: 3 0x000000008000ff1a (0xfc843703) x14 0x0000000080012040 mem 0x0000000080031f38
core   0: 0x000000008000ff1e (0xfb843783) ld      a5, -72(s0)
core   0: 3 0x000000008000ff1e (0xfb843783) x15 0x000000000000009c mem 0x0000000080031f28
core   0: 0x000000008000ff22 (0x000097ba) c.add   a5, a4
core   0: 3 0x000000008000ff22 (0x97ba) x15 0x00000000800120dc
core   0: 0x000000008000ff24 (0xfe043703) ld      a4, -32(s0)
core   0: 3 0x000000008000ff24 (0xfe043703) x14 0x0000000080012043 mem 0x0000000080031f50
core   0: 0x000000008000ff28 (0xfcf76de3) bltu    a4, a5, pc - 38
core   0: 3 0x000000008000ff28 (0xfcf76de3)
core   0: 0x000000008000ff02 (0xfe043783) ld      a5, -32(s0)
core   0: 3 0x000000008000ff02 (0xfe043783) x15 0x0000000080012043 mem 0x0000000080031f50
core   0: 0x000000008000ff06 (0x00178713) addi    a4, a5, 1
core   0: 3 0x000000008000ff06 (0x00178713) x14 0x0000000080012044
core   0: 0x000000008000ff0a (0xfee43023) sd      a4, -32(s0)
core   0: 3 0x000000008000ff0a (0xfee43023) mem 0x0000000080031f50 0x0000000080012044
core   0: 0x000000008000ff0e (0xfc442703) lw      a4, -60(s0)
core   0: 3 0x000000008000ff0e (0xfc442703) x14 0x0000000000000000 mem 0x0000000080031f34
core   0: 0x000000008000ff12 (0x0ff77713) andi    a4, a4, 255
core   0: 3 0x000000008000ff12 (0x0ff77713) x14 0x0000000000000000
core   0: 0x000000008000ff16 (0x00e78023) sb      a4, 0(a5)
core   0: 3 0x000000008000ff16 (0x00e78023) mem 0x0000000080012043 0x00
core   0: 0x000000008000ff1a (0xfc843703) ld      a4, -56(s0)
core   0: 3 0x000000008000ff1a (0xfc843703) x14 0x0000000080012040 mem 0x0000000080031f38
core   0: 0x000000008000ff1e (0xfb843783) ld      a5, -72(s0)
core   0: 3 0x000000008000ff1e (0xfb843783) x15 0x000000000000009c mem 0x0000000080031f28
core   0: 0x000000008000ff22 (0x000097ba) c.add   a5, a4
core   0: 3 0x000000008000ff22 (0x97ba) x15 0x00000000800120dc
core   0: 0x000000008000ff24 (0xfe043703) ld      a4, -32(s0)
core   0: 3 0x000000008000ff24 (0xfe043703) x14 0x0000000080012044 mem 0x0000000080031f50
core   0: 0x000000008000ff28 (0xfcf76de3) bltu    a4, a5, pc - 38
core   0: 3 0x000000008000ff28 (0xfcf76de3)
core   0: 0x000000008000ff02 (0xfe043783) ld      a5, -32(s0)
core   0: 3 0x000000008000ff02 (0xfe043783) x15 0x0000000080012044 mem 0x0000000080031f50
core   0: 0x000000008000ff06 (0x00178713) addi    a4, a5, 1
core   0: 3 0x000000008000ff06 (0x00178713) x14 0x0000000080012045
core   0: 0x000000008000ff0a (0xfee43023) sd      a4, -32(s0)
core   0: 3 0x000000008000ff0a (0xfee43023) mem 0x0000000080031f50 0x0000000080012045
core   0: 0x000000008000ff0e (0xfc442703) lw      a4, -60(s0)
core   0: 3 0x000000008000ff0e (0xfc442703) x14 0x0000000000000000 mem 0x0000000080031f34
core   0: 0x000000008000ff12 (0x0ff77713) andi    a4, a4, 255
core   0: 3 0x000000008000ff12 (0x0ff77713) x14 0x0000000000000000
core   0: 0x000000008000ff16 (0x00e78023) sb      a4, 0(a5)
core   0: 3 0x000000008000ff16 (0x00e78023) mem 0x0000000080012044 0x00
core   0: 0x000000008000ff1a (0xfc843703) ld      a4, -56(s0)
core   0: 3 0x000000008000ff1a (0xfc843703) x14 0x0000000080012040 mem 0x0000000080031f38
core   0: 0x000000008000ff1e (0xfb843783) ld      a5, -72(s0)
core   0: 3 0x000000008000ff1e (0xfb843783) x15 0x000000000000009c mem 0x0000000080031f28
core   0: 0x000000008000ff22 (0x000097ba) c.add   a5, a4
core   0: 3 0x000000008000ff22 (0x97ba) x15 0x00000000800120dc
core   0: 0x000000008000ff24 (0xfe043703) ld      a4, -32(s0)
core   0: 3 0x000000008000ff24 (0xfe043703) x14 0x0000000080012045 mem 0x0000000080031f50
core   0: 0x000000008000ff28 (0xfcf76de3) bltu    a4, a5, pc - 38
core   0: 3 0x000000008000ff28 (0xfcf76de3)
core   0: 0x000000008000ff02 (0xfe043783) ld      a5, -32(s0)
core   0: 3 0x000000008000ff02 (0xfe043783) x15 0x0000000080012045 mem 0x0000000080031f50
core   0: 0x000000008000ff06 (0x00178713) addi    a4, a5, 1
core   0: 3 0x000000008000ff06 (0x00178713) x14 0x0000000080012046
core   0: 0x000000008000ff0a (0xfee43023) sd      a4, -32(s0)
core   0: 3 0x000000008000ff0a (0xfee43023) mem 0x0000000080031f50 0x0000000080012046
core   0: 0x000000008000ff0e (0xfc442703) lw      a4, -60(s0)
core   0: 3 0x000000008000ff0e (0xfc442703) x14 0x0000000000000000 mem 0x0000000080031f34
core   0: 0x000000008000ff12 (0x0ff77713) andi    a4, a4, 255
core   0: 3 0x000000008000ff12 (0x0ff77713) x14 0x0000000000000000
core   0: 0x000000008000ff16 (0x00e78023) sb      a4, 0(a5)
core   0: 3 0x000000008000ff16 (0x00e78023) mem 0x0000000080012045 0x00
core   0: 0x000000008000ff1a (0xfc843703) ld      a4, -56(s0)
core   0: 3 0x000000008000ff1a (0xfc843703) x14 0x0000000080012040 mem 0x0000000080031f38
core   0: 0x000000008000ff1e (0xfb843783) ld      a5, -72(s0)
core   0: 3 0x000000008000ff1e (0xfb843783) x15 0x000000000000009c mem 0x0000000080031f28
core   0: 0x000000008000ff22 (0x000097ba) c.add   a5, a4
core   0: 3 0x000000008000ff22 (0x97ba) x15 0x00000000800120dc
core   0: 0x000000008000ff24 (0xfe043703) ld      a4, -32(s0)
core   0: 3 0x000000008000ff24 (0xfe043703) x14 0x0000000080012046 mem 0x0000000080031f50
core   0: 0x000000008000ff28 (0xfcf76de3) bltu    a4, a5, pc - 38
core   0: 3 0x000000008000ff28 (0xfcf76de3)
core   0: 0x000000008000ff02 (0xfe043783) ld      a5, -32(s0)
core   0: 3 0x000000008000ff02 (0xfe043783) x15 0x0000000080012046 mem 0x0000000080031f50
core   0: 0x000000008000ff06 (0x00178713) addi    a4, a5, 1
core   0: 3 0x000000008000ff06 (0x00178713) x14 0x0000000080012047
core   0: 0x000000008000ff0a (0xfee43023) sd      a4, -32(s0)
core   0: 3 0x000000008000ff0a (0xfee43023) mem 0x0000000080031f50 0x0000000080012047
core   0: 0x000000008000ff0e (0xfc442703) lw      a4, -60(s0)
core   0: 3 0x000000008000ff0e (0xfc442703) x14 0x0000000000000000 mem 0x0000000080031f34
core   0: 0x000000008000ff12 (0x0ff77713) andi    a4, a4, 255
core   0: 3 0x000000008000ff12 (0x0ff77713) x14 0x0000000000000000
core   0: 0x000000008000ff16 (0x00e78023) sb      a4, 0(a5)
core   0: 3 0x000000008000ff16 (0x00e78023) mem 0x0000000080012046 0x00
core   0: 0x000000008000ff1a (0xfc843703) ld      a4, -56(s0)
core   0: 3 0x000000008000ff1a (0xfc843703) x14 0x0000000080012040 mem 0x0000000080031f38
core   0: 0x000000008000ff1e (0xfb843783) ld      a5, -72(s0)
core   0: 3 0x000000008000ff1e (0xfb843783) x15 0x000000000000009c mem 0x0000000080031f28
core   0: 0x000000008000ff22 (0x000097ba) c.add   a5, a4
core   0: 3 0x000000008000ff22 (0x97ba) x15 0x00000000800120dc
core   0: 0x000000008000ff24 (0xfe043703) ld      a4, -32(s0)
core   0: 3 0x000000008000ff24 (0xfe043703) x14 0x0000000080012047 mem 0x0000000080031f50
core   0: 0x000000008000ff28 (0xfcf76de3) bltu    a4, a5, pc - 38
core   0: 3 0x000000008000ff28 (0xfcf76de3)
core   0: 0x000000008000ff02 (0xfe043783) ld      a5, -32(s0)
core   0: 3 0x000000008000ff02 (0xfe043783) x15 0x0000000080012047 mem 0x0000000080031f50
core   0: 0x000000008000ff06 (0x00178713) addi    a4, a5, 1
core   0: 3 0x000000008000ff06 (0x00178713) x14 0x0000000080012048
core   0: 0x000000008000ff0a (0xfee43023) sd      a4, -32(s0)
core   0: 3 0x000000008000ff0a (0xfee43023) mem 0x0000000080031f50 0x0000000080012048
core   0: 0x000000008000ff0e (0xfc442703) lw      a4, -60(s0)
core   0: 3 0x000000008000ff0e (0xfc442703) x14 0x0000000000000000 mem 0x0000000080031f34
core   0: 0x000000008000ff12 (0x0ff77713) andi    a4, a4, 255
core   0: 3 0x000000008000ff12 (0x0ff77713) x14 0x0000000000000000
core   0: 0x000000008000ff16 (0x00e78023) sb      a4, 0(a5)
core   0: 3 0x000000008000ff16 (0x00e78023) mem 0x0000000080012047 0x00
core   0: 0x000000008000ff1a (0xfc843703) ld      a4, -56(s0)
core   0: 3 0x000000008000ff1a (0xfc843703) x14 0x0000000080012040 mem 0x0000000080031f38
core   0: 0x000000008000ff1e (0xfb843783) ld      a5, -72(s0)
core   0: 3 0x000000008000ff1e (0xfb843783) x15 0x000000000000009c mem 0x0000000080031f28
core   0: 0x000000008000ff22 (0x000097ba) c.add   a5, a4
core   0: 3 0x000000008000ff22 (0x97ba) x15 0x00000000800120dc
core   0: 0x000000008000ff24 (0xfe043703) ld      a4, -32(s0)
core   0: 3 0x000000008000ff24 (0xfe043703) x14 0x0000000080012048 mem 0x0000000080031f50
core   0: 0x000000008000ff28 (0xfcf76de3) bltu    a4, a5, pc - 38
core   0: 3 0x000000008000ff28 (0xfcf76de3)
core   0: 0x000000008000ff02 (0xfe043783) ld      a5, -32(s0)
core   0: 3 0x000000008000ff02 (0xfe043783) x15 0x0000000080012048 mem 0x0000000080031f50
core   0: 0x000000008000ff06 (0x00178713) addi    a4, a5, 1
core   0: 3 0x000000008000ff06 (0x00178713) x14 0x0000000080012049
core   0: 0x000000008000ff0a (0xfee43023) sd      a4, -32(s0)
core   0: 3 0x000000008000ff0a (0xfee43023) mem 0x0000000080031f50 0x0000000080012049
core   0: 0x000000008000ff0e (0xfc442703) lw      a4, -60(s0)
core   0: 3 0x000000008000ff0e (0xfc442703) x14 0x0000000000000000 mem 0x0000000080031f34
core   0: 0x000000008000ff12 (0x0ff77713) andi    a4, a4, 255
core   0: 3 0x000000008000ff12 (0x0ff77713) x14 0x0000000000000000
core   0: 0x000000008000ff16 (0x00e78023) sb      a4, 0(a5)
core   0: 3 0x000000008000ff16 (0x00e78023) mem 0x0000000080012048 0x00
core   0: 0x000000008000ff1a (0xfc843703) ld      a4, -56(s0)
core   0: 3 0x000000008000ff1a (0xfc843703) x14 0x0000000080012040 mem 0x0000000080031f38
core   0: 0x000000008000ff1e (0xfb843783) ld      a5, -72(s0)
core   0: 3 0x000000008000ff1e (0xfb843783) x15 0x000000000000009c mem 0x0000000080031f28
core   0: 0x000000008000ff22 (0x000097ba) c.add   a5, a4
core   0: 3 0x000000008000ff22 (0x97ba) x15 0x00000000800120dc
core   0: 0x000000008000ff24 (0xfe043703) ld      a4, -32(s0)
core   0: 3 0x000000008000ff24 (0xfe043703) x14 0x0000000080012049 mem 0x0000000080031f50
core   0: 0x000000008000ff28 (0xfcf76de3) bltu    a4, a5, pc - 38
core   0: 3 0x000000008000ff28 (0xfcf76de3)
core   0: 0x000000008000ff02 (0xfe043783) ld      a5, -32(s0)
core   0: 3 0x000000008000ff02 (0xfe043783) x15 0x0000000080012049 mem 0x0000000080031f50
core   0: 0x000000008000ff06 (0x00178713) addi    a4, a5, 1
core   0: 3 0x000000008000ff06 (0x00178713) x14 0x000000008001204a
core   0: 0x000000008000ff0a (0xfee43023) sd      a4, -32(s0)
core   0: 3 0x000000008000ff0a (0xfee43023) mem 0x0000000080031f50 0x000000008001204a
core   0: 0x000000008000ff0e (0xfc442703) lw      a4, -60(s0)
core   0: 3 0x000000008000ff0e (0xfc442703) x14 0x0000000000000000 mem 0x0000000080031f34
core   0: 0x000000008000ff12 (0x0ff77713) andi    a4, a4, 255
core   0: 3 0x000000008000ff12 (0x0ff77713) x14 0x0000000000000000
core   0: 0x000000008000ff16 (0x00e78023) sb      a4, 0(a5)
core   0: 3 0x000000008000ff16 (0x00e78023) mem 0x0000000080012049 0x00
core   0: 0x000000008000ff1a (0xfc843703) ld      a4, -56(s0)
core   0: 3 0x000000008000ff1a (0xfc843703) x14 0x0000000080012040 mem 0x0000000080031f38
core   0: 0x000000008000ff1e (0xfb843783) ld      a5, -72(s0)
core   0: 3 0x000000008000ff1e (0xfb843783) x15 0x000000000000009c mem 0x0000000080031f28
core   0: 0x000000008000ff22 (0x000097ba) c.add   a5, a4
core   0: 3 0x000000008000ff22 (0x97ba) x15 0x00000000800120dc
core   0: 0x000000008000ff24 (0xfe043703) ld      a4, -32(s0)
core   0: 3 0x000000008000ff24 (0xfe043703) x14 0x000000008001204a mem 0x0000000080031f50
core   0: 0x000000008000ff28 (0xfcf76de3) bltu    a4, a5, pc - 38
core   0: 3 0x000000008000ff28 (0xfcf76de3)
core   0: 0x000000008000ff02 (0xfe043783) ld      a5, -32(s0)
core   0: 3 0x000000008000ff02 (0xfe043783) x15 0x000000008001204a mem 0x0000000080031f50
core   0: 0x000000008000ff06 (0x00178713) addi    a4, a5, 1
core   0: 3 0x000000008000ff06 (0x00178713) x14 0x000000008001204b
core   0: 0x000000008000ff0a (0xfee43023) sd      a4, -32(s0)
core   0: 3 0x000000008000ff0a (0xfee43023) mem 0x0000000080031f50 0x000000008001204b
core   0: 0x000000008000ff0e (0xfc442703) lw      a4, -60(s0)
core   0: 3 0x000000008000ff0e (0xfc442703) x14 0x0000000000000000 mem 0x0000000080031f34
core   0: 0x000000008000ff12 (0x0ff77713) andi    a4, a4, 255
core   0: 3 0x000000008000ff12 (0x0ff77713) x14 0x0000000000000000
core   0: 0x000000008000ff16 (0x00e78023) sb      a4, 0(a5)
core   0: 3 0x000000008000ff16 (0x00e78023) mem 0x000000008001204a 0x00
core   0: 0x000000008000ff1a (0xfc843703) ld      a4, -56(s0)
core   0: 3 0x000000008000ff1a (0xfc843703) x14 0x0000000080012040 mem 0x0000000080031f38
core   0: 0x000000008000ff1e (0xfb843783) ld      a5, -72(s0)
core   0: 3 0x000000008000ff1e (0xfb843783) x15 0x000000000000009c mem 0x0000000080031f28
core   0: 0x000000008000ff22 (0x000097ba) c.add   a5, a4
core   0: 3 0x000000008000ff22 (0x97ba) x15 0x00000000800120dc
core   0: 0x000000008000ff24 (0xfe043703) ld      a4, -32(s0)
core   0: 3 0x000000008000ff24 (0xfe043703) x14 0x000000008001204b mem 0x0000000080031f50
core   0: 0x000000008000ff28 (0xfcf76de3) bltu    a4, a5, pc - 38
core   0: 3 0x000000008000ff28 (0xfcf76de3)
core   0: 0x000000008000ff02 (0xfe043783) ld      a5, -32(s0)
core   0: 3 0x000000008000ff02 (0xfe043783) x15 0x000000008001204b mem 0x0000000080031f50
core   0: 0x000000008000ff06 (0x00178713) addi    a4, a5, 1
core   0: 3 0x000000008000ff06 (0x00178713) x14 0x000000008001204c
core   0: 0x000000008000ff0a (0xfee43023) sd      a4, -32(s0)
core   0: 3 0x000000008000ff0a (0xfee43023) mem 0x0000000080031f50 0x000000008001204c
core   0: 0x000000008000ff0e (0xfc442703) lw      a4, -60(s0)
core   0: 3 0x000000008000ff0e (0xfc442703) x14 0x0000000000000000 mem 0x0000000080031f34
core   0: 0x000000008000ff12 (0x0ff77713) andi    a4, a4, 255
core   0: 3 0x000000008000ff12 (0x0ff77713) x14 0x0000000000000000
core   0: 0x000000008000ff16 (0x00e78023) sb      a4, 0(a5)
core   0: 3 0x000000008000ff16 (0x00e78023) mem 0x000000008001204b 0x00
core   0: 0x000000008000ff1a (0xfc843703) ld      a4, -56(s0)
core   0: 3 0x000000008000ff1a (0xfc843703) x14 0x0000000080012040 mem 0x0000000080031f38
core   0: 0x000000008000ff1e (0xfb843783) ld      a5, -72(s0)
core   0: 3 0x000000008000ff1e (0xfb843783) x15 0x000000000000009c mem 0x0000000080031f28
core   0: 0x000000008000ff22 (0x000097ba) c.add   a5, a4
core   0: 3 0x000000008000ff22 (0x97ba) x15 0x00000000800120dc
core   0: 0x000000008000ff24 (0xfe043703) ld      a4, -32(s0)
core   0: 3 0x000000008000ff24 (0xfe043703) x14 0x000000008001204c mem 0x0000000080031f50
core   0: 0x000000008000ff28 (0xfcf76de3) bltu    a4, a5, pc - 38
core   0: 3 0x000000008000ff28 (0xfcf76de3)
core   0: 0x000000008000ff02 (0xfe043783) ld      a5, -32(s0)
core   0: 3 0x000000008000ff02 (0xfe043783) x15 0x000000008001204c mem 0x0000000080031f50
core   0: 0x000000008000ff06 (0x00178713) addi    a4, a5, 1
core   0: 3 0x000000008000ff06 (0x00178713) x14 0x000000008001204d
core   0: 0x000000008000ff0a (0xfee43023) sd      a4, -32(s0)
core   0: 3 0x000000008000ff0a (0xfee43023) mem 0x0000000080031f50 0x000000008001204d
core   0: 0x000000008000ff0e (0xfc442703) lw      a4, -60(s0)
core   0: 3 0x000000008000ff0e (0xfc442703) x14 0x0000000000000000 mem 0x0000000080031f34
core   0: 0x000000008000ff12 (0x0ff77713) andi    a4, a4, 255
core   0: 3 0x000000008000ff12 (0x0ff77713) x14 0x0000000000000000
core   0: 0x000000008000ff16 (0x00e78023) sb      a4, 0(a5)
core   0: 3 0x000000008000ff16 (0x00e78023) mem 0x000000008001204c 0x00
core   0: 0x000000008000ff1a (0xfc843703) ld      a4, -56(s0)
core   0: 3 0x000000008000ff1a (0xfc843703) x14 0x0000000080012040 mem 0x0000000080031f38
core   0: 0x000000008000ff1e (0xfb843783) ld      a5, -72(s0)
core   0: 3 0x000000008000ff1e (0xfb843783) x15 0x000000000000009c mem 0x0000000080031f28
core   0: 0x000000008000ff22 (0x000097ba) c.add   a5, a4
core   0: 3 0x000000008000ff22 (0x97ba) x15 0x00000000800120dc
core   0: 0x000000008000ff24 (0xfe043703) ld      a4, -32(s0)
core   0: 3 0x000000008000ff24 (0xfe043703) x14 0x000000008001204d mem 0x0000000080031f50
core   0: 0x000000008000ff28 (0xfcf76de3) bltu    a4, a5, pc - 38
core   0: 3 0x000000008000ff28 (0xfcf76de3)
core   0: 0x000000008000ff02 (0xfe043783) ld      a5, -32(s0)
core   0: 3 0x000000008000ff02 (0xfe043783) x15 0x000000008001204d mem 0x0000000080031f50
core   0: 0x000000008000ff06 (0x00178713) addi    a4, a5, 1
core   0: 3 0x000000008000ff06 (0x00178713) x14 0x000000008001204e
core   0: 0x000000008000ff0a (0xfee43023) sd      a4, -32(s0)
core   0: 3 0x000000008000ff0a (0xfee43023) mem 0x0000000080031f50 0x000000008001204e
core   0: 0x000000008000ff0e (0xfc442703) lw      a4, -60(s0)
core   0: 3 0x000000008000ff0e (0xfc442703) x14 0x0000000000000000 mem 0x0000000080031f34
core   0: 0x000000008000ff12 (0x0ff77713) andi    a4, a4, 255
core   0: 3 0x000000008000ff12 (0x0ff77713) x14 0x0000000000000000
core   0: 0x000000008000ff16 (0x00e78023) sb      a4, 0(a5)
core   0: 3 0x000000008000ff16 (0x00e78023) mem 0x000000008001204d 0x00
core   0: 0x000000008000ff1a (0xfc843703) ld      a4, -56(s0)
core   0: 3 0x000000008000ff1a (0xfc843703) x14 0x0000000080012040 mem 0x0000000080031f38
core   0: 0x000000008000ff1e (0xfb843783) ld      a5, -72(s0)
core   0: 3 0x000000008000ff1e (0xfb843783) x15 0x000000000000009c mem 0x0000000080031f28
core   0: 0x000000008000ff22 (0x000097ba) c.add   a5, a4
core   0: 3 0x000000008000ff22 (0x97ba) x15 0x00000000800120dc
core   0: 0x000000008000ff24 (0xfe043703) ld      a4, -32(s0)
core   0: 3 0x000000008000ff24 (0xfe043703) x14 0x000000008001204e mem 0x0000000080031f50
core   0: 0x000000008000ff28 (0xfcf76de3) bltu    a4, a5, pc - 38
core   0: 3 0x000000008000ff28 (0xfcf76de3)
core   0: 0x000000008000ff02 (0xfe043783) ld      a5, -32(s0)
core   0: 3 0x000000008000ff02 (0xfe043783) x15 0x000000008001204e mem 0x0000000080031f50
core   0: 0x000000008000ff06 (0x00178713) addi    a4, a5, 1
core   0: 3 0x000000008000ff06 (0x00178713) x14 0x000000008001204f
core   0: 0x000000008000ff0a (0xfee43023) sd      a4, -32(s0)
core   0: 3 0x000000008000ff0a (0xfee43023) mem 0x0000000080031f50 0x000000008001204f
core   0: 0x000000008000ff0e (0xfc442703) lw      a4, -60(s0)
core   0: 3 0x000000008000ff0e (0xfc442703) x14 0x0000000000000000 mem 0x0000000080031f34
core   0: 0x000000008000ff12 (0x0ff77713) andi    a4, a4, 255
core   0: 3 0x000000008000ff12 (0x0ff77713) x14 0x0000000000000000
core   0: 0x000000008000ff16 (0x00e78023) sb      a4, 0(a5)
core   0: 3 0x000000008000ff16 (0x00e78023) mem 0x000000008001204e 0x00
core   0: 0x000000008000ff1a (0xfc843703) ld      a4, -56(s0)
core   0: 3 0x000000008000ff1a (0xfc843703) x14 0x0000000080012040 mem 0x0000000080031f38
core   0: 0x000000008000ff1e (0xfb843783) ld      a5, -72(s0)
core   0: 3 0x000000008000ff1e (0xfb843783) x15 0x000000000000009c mem 0x0000000080031f28
core   0: 0x000000008000ff22 (0x000097ba) c.add   a5, a4
core   0: 3 0x000000008000ff22 (0x97ba) x15 0x00000000800120dc
core   0: 0x000000008000ff24 (0xfe043703) ld      a4, -32(s0)
core   0: 3 0x000000008000ff24 (0xfe043703) x14 0x000000008001204f mem 0x0000000080031f50
core   0: 0x000000008000ff28 (0xfcf76de3) bltu    a4, a5, pc - 38
core   0: 3 0x000000008000ff28 (0xfcf76de3)
core   0: 0x000000008000ff02 (0xfe043783) ld      a5, -32(s0)
core   0: 3 0x000000008000ff02 (0xfe043783) x15 0x000000008001204f mem 0x0000000080031f50
core   0: 0x000000008000ff06 (0x00178713) addi    a4, a5, 1
core   0: 3 0x000000008000ff06 (0x00178713) x14 0x0000000080012050
core   0: 0x000000008000ff0a (0xfee43023) sd      a4, -32(s0)
core   0: 3 0x000000008000ff0a (0xfee43023) mem 0x0000000080031f50 0x0000000080012050
core   0: 0x000000008000ff0e (0xfc442703) lw      a4, -60(s0)
core   0: 3 0x000000008000ff0e (0xfc442703) x14 0x0000000000000000 mem 0x0000000080031f34
core   0: 0x000000008000ff12 (0x0ff77713) andi    a4, a4, 255
core   0: 3 0x000000008000ff12 (0x0ff77713) x14 0x0000000000000000
core   0: 0x000000008000ff16 (0x00e78023) sb      a4, 0(a5)
core   0: 3 0x000000008000ff16 (0x00e78023) mem 0x000000008001204f 0x00
core   0: 0x000000008000ff1a (0xfc843703) ld      a4, -56(s0)
core   0: 3 0x000000008000ff1a (0xfc843703) x14 0x0000000080012040 mem 0x0000000080031f38
core   0: 0x000000008000ff1e (0xfb843783) ld      a5, -72(s0)
core   0: 3 0x000000008000ff1e (0xfb843783) x15 0x000000000000009c mem 0x0000000080031f28
core   0: 0x000000008000ff22 (0x000097ba) c.add   a5, a4
core   0: 3 0x000000008000ff22 (0x97ba) x15 0x00000000800120dc
core   0: 0x000000008000ff24 (0xfe043703) ld      a4, -32(s0)
core   0: 3 0x000000008000ff24 (0xfe043703) x14 0x0000000080012050 mem 0x0000000080031f50
core   0: 0x000000008000ff28 (0xfcf76de3) bltu    a4, a5, pc - 38
core   0: 3 0x000000008000ff28 (0xfcf76de3)
core   0: 0x000000008000ff02 (0xfe043783) ld      a5, -32(s0)
core   0: 3 0x000000008000ff02 (0xfe043783) x15 0x0000000080012050 mem 0x0000000080031f50
core   0: 0x000000008000ff06 (0x00178713) addi    a4, a5, 1
core   0: 3 0x000000008000ff06 (0x00178713) x14 0x0000000080012051
core   0: 0x000000008000ff0a (0xfee43023) sd      a4, -32(s0)
core   0: 3 0x000000008000ff0a (0xfee43023) mem 0x0000000080031f50 0x0000000080012051
core   0: 0x000000008000ff0e (0xfc442703) lw      a4, -60(s0)
core   0: 3 0x000000008000ff0e (0xfc442703) x14 0x0000000000000000 mem 0x0000000080031f34
core   0: 0x000000008000ff12 (0x0ff77713) andi    a4, a4, 255
core   0: 3 0x000000008000ff12 (0x0ff77713) x14 0x0000000000000000
core   0: 0x000000008000ff16 (0x00e78023) sb      a4, 0(a5)
core   0: 3 0x000000008000ff16 (0x00e78023) mem 0x0000000080012050 0x00
core   0: 0x000000008000ff1a (0xfc843703) ld      a4, -56(s0)
core   0: 3 0x000000008000ff1a (0xfc843703) x14 0x0000000080012040 mem 0x0000000080031f38
core   0: 0x000000008000ff1e (0xfb843783) ld      a5, -72(s0)
core   0: 3 0x000000008000ff1e (0xfb843783) x15 0x000000000000009c mem 0x0000000080031f28
core   0: 0x000000008000ff22 (0x000097ba) c.add   a5, a4
core   0: 3 0x000000008000ff22 (0x97ba) x15 0x00000000800120dc
core   0: 0x000000008000ff24 (0xfe043703) ld      a4, -32(s0)
core   0: 3 0x000000008000ff24 (0xfe043703) x14 0x0000000080012051 mem 0x0000000080031f50
core   0: 0x000000008000ff28 (0xfcf76de3) bltu    a4, a5, pc - 38
core   0: 3 0x000000008000ff28 (0xfcf76de3)
core   0: 0x000000008000ff02 (0xfe043783) ld      a5, -32(s0)
core   0: 3 0x000000008000ff02 (0xfe043783) x15 0x0000000080012051 mem 0x0000000080031f50
core   0: 0x000000008000ff06 (0x00178713) addi    a4, a5, 1
core   0: 3 0x000000008000ff06 (0x00178713) x14 0x0000000080012052
core   0: 0x000000008000ff0a (0xfee43023) sd      a4, -32(s0)
core   0: 3 0x000000008000ff0a (0xfee43023) mem 0x0000000080031f50 0x0000000080012052
core   0: 0x000000008000ff0e (0xfc442703) lw      a4, -60(s0)
core   0: 3 0x000000008000ff0e (0xfc442703) x14 0x0000000000000000 mem 0x0000000080031f34
core   0: 0x000000008000ff12 (0x0ff77713) andi    a4, a4, 255
core   0: 3 0x000000008000ff12 (0x0ff77713) x14 0x0000000000000000
core   0: 0x000000008000ff16 (0x00e78023) sb      a4, 0(a5)
core   0: 3 0x000000008000ff16 (0x00e78023) mem 0x0000000080012051 0x00
core   0: 0x000000008000ff1a (0xfc843703) ld      a4, -56(s0)
core   0: 3 0x000000008000ff1a (0xfc843703) x14 0x0000000080012040 mem 0x0000000080031f38
core   0: 0x000000008000ff1e (0xfb843783) ld      a5, -72(s0)
core   0: 3 0x000000008000ff1e (0xfb843783) x15 0x000000000000009c mem 0x0000000080031f28
core   0: 0x000000008000ff22 (0x000097ba) c.add   a5, a4
core   0: 3 0x000000008000ff22 (0x97ba) x15 0x00000000800120dc
core   0: 0x000000008000ff24 (0xfe043703) ld      a4, -32(s0)
core   0: 3 0x000000008000ff24 (0xfe043703) x14 0x0000000080012052 mem 0x0000000080031f50
core   0: 0x000000008000ff28 (0xfcf76de3) bltu    a4, a5, pc - 38
core   0: 3 0x000000008000ff28 (0xfcf76de3)
core   0: 0x000000008000ff02 (0xfe043783) ld      a5, -32(s0)
core   0: 3 0x000000008000ff02 (0xfe043783) x15 0x0000000080012052 mem 0x0000000080031f50
core   0: 0x000000008000ff06 (0x00178713) addi    a4, a5, 1
core   0: 3 0x000000008000ff06 (0x00178713) x14 0x0000000080012053
core   0: 0x000000008000ff0a (0xfee43023) sd      a4, -32(s0)
core   0: 3 0x000000008000ff0a (0xfee43023) mem 0x0000000080031f50 0x0000000080012053
core   0: 0x000000008000ff0e (0xfc442703) lw      a4, -60(s0)
core   0: 3 0x000000008000ff0e (0xfc442703) x14 0x0000000000000000 mem 0x0000000080031f34
core   0: 0x000000008000ff12 (0x0ff77713) andi    a4, a4, 255
core   0: 3 0x000000008000ff12 (0x0ff77713) x14 0x0000000000000000
core   0: 0x000000008000ff16 (0x00e78023) sb      a4, 0(a5)
core   0: 3 0x000000008000ff16 (0x00e78023) mem 0x0000000080012052 0x00
core   0: 0x000000008000ff1a (0xfc843703) ld      a4, -56(s0)
core   0: 3 0x000000008000ff1a (0xfc843703) x14 0x0000000080012040 mem 0x0000000080031f38
core   0: 0x000000008000ff1e (0xfb843783) ld      a5, -72(s0)
core   0: 3 0x000000008000ff1e (0xfb843783) x15 0x000000000000009c mem 0x0000000080031f28
core   0: 0x000000008000ff22 (0x000097ba) c.add   a5, a4
core   0: 3 0x000000008000ff22 (0x97ba) x15 0x00000000800120dc
core   0: 0x000000008000ff24 (0xfe043703) ld      a4, -32(s0)
core   0: 3 0x000000008000ff24 (0xfe043703) x14 0x0000000080012053 mem 0x0000000080031f50
core   0: 0x000000008000ff28 (0xfcf76de3) bltu    a4, a5, pc - 38
core   0: 3 0x000000008000ff28 (0xfcf76de3)
core   0: 0x000000008000ff02 (0xfe043783) ld      a5, -32(s0)
core   0: 3 0x000000008000ff02 (0xfe043783) x15 0x0000000080012053 mem 0x0000000080031f50
core   0: 0x000000008000ff06 (0x00178713) addi    a4, a5, 1
core   0: 3 0x000000008000ff06 (0x00178713) x14 0x0000000080012054
core   0: 0x000000008000ff0a (0xfee43023) sd      a4, -32(s0)
core   0: 3 0x000000008000ff0a (0xfee43023) mem 0x0000000080031f50 0x0000000080012054
core   0: 0x000000008000ff0e (0xfc442703) lw      a4, -60(s0)
core   0: 3 0x000000008000ff0e (0xfc442703) x14 0x0000000000000000 mem 0x0000000080031f34
core   0: 0x000000008000ff12 (0x0ff77713) andi    a4, a4, 255
core   0: 3 0x000000008000ff12 (0x0ff77713) x14 0x0000000000000000
core   0: 0x000000008000ff16 (0x00e78023) sb      a4, 0(a5)
core   0: 3 0x000000008000ff16 (0x00e78023) mem 0x0000000080012053 0x00
core   0: 0x000000008000ff1a (0xfc843703) ld      a4, -56(s0)
core   0: 3 0x000000008000ff1a (0xfc843703) x14 0x0000000080012040 mem 0x0000000080031f38
core   0: 0x000000008000ff1e (0xfb843783) ld      a5, -72(s0)
core   0: 3 0x000000008000ff1e (0xfb843783) x15 0x000000000000009c mem 0x0000000080031f28
core   0: 0x000000008000ff22 (0x000097ba) c.add   a5, a4
core   0: 3 0x000000008000ff22 (0x97ba) x15 0x00000000800120dc
core   0: 0x000000008000ff24 (0xfe043703) ld      a4, -32(s0)
core   0: 3 0x000000008000ff24 (0xfe043703) x14 0x0000000080012054 mem 0x0000000080031f50
core   0: 0x000000008000ff28 (0xfcf76de3) bltu    a4, a5, pc - 38
core   0: 3 0x000000008000ff28 (0xfcf76de3)
core   0: 0x000000008000ff02 (0xfe043783) ld      a5, -32(s0)
core   0: 3 0x000000008000ff02 (0xfe043783) x15 0x0000000080012054 mem 0x0000000080031f50
core   0: 0x000000008000ff06 (0x00178713) addi    a4, a5, 1
core   0: 3 0x000000008000ff06 (0x00178713) x14 0x0000000080012055
core   0: 0x000000008000ff0a (0xfee43023) sd      a4, -32(s0)
core   0: 3 0x000000008000ff0a (0xfee43023) mem 0x0000000080031f50 0x0000000080012055
core   0: 0x000000008000ff0e (0xfc442703) lw      a4, -60(s0)
core   0: 3 0x000000008000ff0e (0xfc442703) x14 0x0000000000000000 mem 0x0000000080031f34
core   0: 0x000000008000ff12 (0x0ff77713) andi    a4, a4, 255
core   0: 3 0x000000008000ff12 (0x0ff77713) x14 0x0000000000000000
core   0: 0x000000008000ff16 (0x00e78023) sb      a4, 0(a5)
core   0: 3 0x000000008000ff16 (0x00e78023) mem 0x0000000080012054 0x00
core   0: 0x000000008000ff1a (0xfc843703) ld      a4, -56(s0)
core   0: 3 0x000000008000ff1a (0xfc843703) x14 0x0000000080012040 mem 0x0000000080031f38
core   0: 0x000000008000ff1e (0xfb843783) ld      a5, -72(s0)
core   0: 3 0x000000008000ff1e (0xfb843783) x15 0x000000000000009c mem 0x0000000080031f28
core   0: 0x000000008000ff22 (0x000097ba) c.add   a5, a4
core   0: 3 0x000000008000ff22 (0x97ba) x15 0x00000000800120dc
core   0: 0x000000008000ff24 (0xfe043703) ld      a4, -32(s0)
core   0: 3 0x000000008000ff24 (0xfe043703) x14 0x0000000080012055 mem 0x0000000080031f50
core   0: 0x000000008000ff28 (0xfcf76de3) bltu    a4, a5, pc - 38
core   0: 3 0x000000008000ff28 (0xfcf76de3)
core   0: 0x000000008000ff02 (0xfe043783) ld      a5, -32(s0)
core   0: 3 0x000000008000ff02 (0xfe043783) x15 0x0000000080012055 mem 0x0000000080031f50
core   0: 0x000000008000ff06 (0x00178713) addi    a4, a5, 1
core   0: 3 0x000000008000ff06 (0x00178713) x14 0x0000000080012056
core   0: 0x000000008000ff0a (0xfee43023) sd      a4, -32(s0)
core   0: 3 0x000000008000ff0a (0xfee43023) mem 0x0000000080031f50 0x0000000080012056
core   0: 0x000000008000ff0e (0xfc442703) lw      a4, -60(s0)
core   0: 3 0x000000008000ff0e (0xfc442703) x14 0x0000000000000000 mem 0x0000000080031f34
core   0: 0x000000008000ff12 (0x0ff77713) andi    a4, a4, 255
core   0: 3 0x000000008000ff12 (0x0ff77713) x14 0x0000000000000000
core   0: 0x000000008000ff16 (0x00e78023) sb      a4, 0(a5)
core   0: 3 0x000000008000ff16 (0x00e78023) mem 0x0000000080012055 0x00
core   0: 0x000000008000ff1a (0xfc843703) ld      a4, -56(s0)
core   0: 3 0x000000008000ff1a (0xfc843703) x14 0x0000000080012040 mem 0x0000000080031f38
core   0: 0x000000008000ff1e (0xfb843783) ld      a5, -72(s0)
core   0: 3 0x000000008000ff1e (0xfb843783) x15 0x000000000000009c mem 0x0000000080031f28
core   0: 0x000000008000ff22 (0x000097ba) c.add   a5, a4
core   0: 3 0x000000008000ff22 (0x97ba) x15 0x00000000800120dc
core   0: 0x000000008000ff24 (0xfe043703) ld      a4, -32(s0)
core   0: 3 0x000000008000ff24 (0xfe043703) x14 0x0000000080012056 mem 0x0000000080031f50
core   0: 0x000000008000ff28 (0xfcf76de3) bltu    a4, a5, pc - 38
core   0: 3 0x000000008000ff28 (0xfcf76de3)
core   0: 0x000000008000ff02 (0xfe043783) ld      a5, -32(s0)
core   0: 3 0x000000008000ff02 (0xfe043783) x15 0x0000000080012056 mem 0x0000000080031f50
core   0: 0x000000008000ff06 (0x00178713) addi    a4, a5, 1
core   0: 3 0x000000008000ff06 (0x00178713) x14 0x0000000080012057
core   0: 0x000000008000ff0a (0xfee43023) sd      a4, -32(s0)
core   0: 3 0x000000008000ff0a (0xfee43023) mem 0x0000000080031f50 0x0000000080012057
core   0: 0x000000008000ff0e (0xfc442703) lw      a4, -60(s0)
core   0: 3 0x000000008000ff0e (0xfc442703) x14 0x0000000000000000 mem 0x0000000080031f34
core   0: 0x000000008000ff12 (0x0ff77713) andi    a4, a4, 255
core   0: 3 0x000000008000ff12 (0x0ff77713) x14 0x0000000000000000
core   0: 0x000000008000ff16 (0x00e78023) sb      a4, 0(a5)
core   0: 3 0x000000008000ff16 (0x00e78023) mem 0x0000000080012056 0x00
core   0: 0x000000008000ff1a (0xfc843703) ld      a4, -56(s0)
core   0: 3 0x000000008000ff1a (0xfc843703) x14 0x0000000080012040 mem 0x0000000080031f38
core   0: 0x000000008000ff1e (0xfb843783) ld      a5, -72(s0)
core   0: 3 0x000000008000ff1e (0xfb843783) x15 0x000000000000009c mem 0x0000000080031f28
core   0: 0x000000008000ff22 (0x000097ba) c.add   a5, a4
core   0: 3 0x000000008000ff22 (0x97ba) x15 0x00000000800120dc
core   0: 0x000000008000ff24 (0xfe043703) ld      a4, -32(s0)
core   0: 3 0x000000008000ff24 (0xfe043703) x14 0x0000000080012057 mem 0x0000000080031f50
core   0: 0x000000008000ff28 (0xfcf76de3) bltu    a4, a5, pc - 38
core   0: 3 0x000000008000ff28 (0xfcf76de3)
core   0: 0x000000008000ff02 (0xfe043783) ld      a5, -32(s0)
core   0: 3 0x000000008000ff02 (0xfe043783) x15 0x0000000080012057 mem 0x0000000080031f50
core   0: 0x000000008000ff06 (0x00178713) addi    a4, a5, 1
core   0: 3 0x000000008000ff06 (0x00178713) x14 0x0000000080012058
core   0: 0x000000008000ff0a (0xfee43023) sd      a4, -32(s0)
core   0: 3 0x000000008000ff0a (0xfee43023) mem 0x0000000080031f50 0x0000000080012058
core   0: 0x000000008000ff0e (0xfc442703) lw      a4, -60(s0)
core   0: 3 0x000000008000ff0e (0xfc442703) x14 0x0000000000000000 mem 0x0000000080031f34
core   0: 0x000000008000ff12 (0x0ff77713) andi    a4, a4, 255
core   0: 3 0x000000008000ff12 (0x0ff77713) x14 0x0000000000000000
core   0: 0x000000008000ff16 (0x00e78023) sb      a4, 0(a5)
core   0: 3 0x000000008000ff16 (0x00e78023) mem 0x0000000080012057 0x00
core   0: 0x000000008000ff1a (0xfc843703) ld      a4, -56(s0)
core   0: 3 0x000000008000ff1a (0xfc843703) x14 0x0000000080012040 mem 0x0000000080031f38
core   0: 0x000000008000ff1e (0xfb843783) ld      a5, -72(s0)
core   0: 3 0x000000008000ff1e (0xfb843783) x15 0x000000000000009c mem 0x0000000080031f28
core   0: 0x000000008000ff22 (0x000097ba) c.add   a5, a4
core   0: 3 0x000000008000ff22 (0x97ba) x15 0x00000000800120dc
core   0: 0x000000008000ff24 (0xfe043703) ld      a4, -32(s0)
core   0: 3 0x000000008000ff24 (0xfe043703) x14 0x0000000080012058 mem 0x0000000080031f50
core   0: 0x000000008000ff28 (0xfcf76de3) bltu    a4, a5, pc - 38
core   0: 3 0x000000008000ff28 (0xfcf76de3)
core   0: 0x000000008000ff02 (0xfe043783) ld      a5, -32(s0)
core   0: 3 0x000000008000ff02 (0xfe043783) x15 0x0000000080012058 mem 0x0000000080031f50
core   0: 0x000000008000ff06 (0x00178713) addi    a4, a5, 1
core   0: 3 0x000000008000ff06 (0x00178713) x14 0x0000000080012059
core   0: 0x000000008000ff0a (0xfee43023) sd      a4, -32(s0)
core   0: 3 0x000000008000ff0a (0xfee43023) mem 0x0000000080031f50 0x0000000080012059
core   0: 0x000000008000ff0e (0xfc442703) lw      a4, -60(s0)
core   0: 3 0x000000008000ff0e (0xfc442703) x14 0x0000000000000000 mem 0x0000000080031f34
core   0: 0x000000008000ff12 (0x0ff77713) andi    a4, a4, 255
core   0: 3 0x000000008000ff12 (0x0ff77713) x14 0x0000000000000000
core   0: 0x000000008000ff16 (0x00e78023) sb      a4, 0(a5)
core   0: 3 0x000000008000ff16 (0x00e78023) mem 0x0000000080012058 0x00
core   0: 0x000000008000ff1a (0xfc843703) ld      a4, -56(s0)
core   0: 3 0x000000008000ff1a (0xfc843703) x14 0x0000000080012040 mem 0x0000000080031f38
core   0: 0x000000008000ff1e (0xfb843783) ld      a5, -72(s0)
core   0: 3 0x000000008000ff1e (0xfb843783) x15 0x000000000000009c mem 0x0000000080031f28
core   0: 0x000000008000ff22 (0x000097ba) c.add   a5, a4
core   0: 3 0x000000008000ff22 (0x97ba) x15 0x00000000800120dc
core   0: 0x000000008000ff24 (0xfe043703) ld      a4, -32(s0)
core   0: 3 0x000000008000ff24 (0xfe043703) x14 0x0000000080012059 mem 0x0000000080031f50
core   0: 0x000000008000ff28 (0xfcf76de3) bltu    a4, a5, pc - 38
core   0: 3 0x000000008000ff28 (0xfcf76de3)
core   0: 0x000000008000ff02 (0xfe043783) ld      a5, -32(s0)
core   0: 3 0x000000008000ff02 (0xfe043783) x15 0x0000000080012059 mem 0x0000000080031f50
core   0: 0x000000008000ff06 (0x00178713) addi    a4, a5, 1
core   0: 3 0x000000008000ff06 (0x00178713) x14 0x000000008001205a
core   0: 0x000000008000ff0a (0xfee43023) sd      a4, -32(s0)
core   0: 3 0x000000008000ff0a (0xfee43023) mem 0x0000000080031f50 0x000000008001205a
core   0: 0x000000008000ff0e (0xfc442703) lw      a4, -60(s0)
core   0: 3 0x000000008000ff0e (0xfc442703) x14 0x0000000000000000 mem 0x0000000080031f34
core   0: 0x000000008000ff12 (0x0ff77713) andi    a4, a4, 255
core   0: 3 0x000000008000ff12 (0x0ff77713) x14 0x0000000000000000
core   0: 0x000000008000ff16 (0x00e78023) sb      a4, 0(a5)
core   0: 3 0x000000008000ff16 (0x00e78023) mem 0x0000000080012059 0x00
core   0: 0x000000008000ff1a (0xfc843703) ld      a4, -56(s0)
core   0: 3 0x000000008000ff1a (0xfc843703) x14 0x0000000080012040 mem 0x0000000080031f38
core   0: 0x000000008000ff1e (0xfb843783) ld      a5, -72(s0)
core   0: 3 0x000000008000ff1e (0xfb843783) x15 0x000000000000009c mem 0x0000000080031f28
core   0: 0x000000008000ff22 (0x000097ba) c.add   a5, a4
core   0: 3 0x000000008000ff22 (0x97ba) x15 0x00000000800120dc
core   0: 0x000000008000ff24 (0xfe043703) ld      a4, -32(s0)
core   0: 3 0x000000008000ff24 (0xfe043703) x14 0x000000008001205a mem 0x0000000080031f50
core   0: 0x000000008000ff28 (0xfcf76de3) bltu    a4, a5, pc - 38
core   0: 3 0x000000008000ff28 (0xfcf76de3)
core   0: 0x000000008000ff02 (0xfe043783) ld      a5, -32(s0)
core   0: 3 0x000000008000ff02 (0xfe043783) x15 0x000000008001205a mem 0x0000000080031f50
core   0: 0x000000008000ff06 (0x00178713) addi    a4, a5, 1
core   0: 3 0x000000008000ff06 (0x00178713) x14 0x000000008001205b
core   0: 0x000000008000ff0a (0xfee43023) sd      a4, -32(s0)
core   0: 3 0x000000008000ff0a (0xfee43023) mem 0x0000000080031f50 0x000000008001205b
core   0: 0x000000008000ff0e (0xfc442703) lw      a4, -60(s0)
core   0: 3 0x000000008000ff0e (0xfc442703) x14 0x0000000000000000 mem 0x0000000080031f34
core   0: 0x000000008000ff12 (0x0ff77713) andi    a4, a4, 255
core   0: 3 0x000000008000ff12 (0x0ff77713) x14 0x0000000000000000
core   0: 0x000000008000ff16 (0x00e78023) sb      a4, 0(a5)
core   0: 3 0x000000008000ff16 (0x00e78023) mem 0x000000008001205a 0x00
core   0: 0x000000008000ff1a (0xfc843703) ld      a4, -56(s0)
core   0: 3 0x000000008000ff1a (0xfc843703) x14 0x0000000080012040 mem 0x0000000080031f38
core   0: 0x000000008000ff1e (0xfb843783) ld      a5, -72(s0)
core   0: 3 0x000000008000ff1e (0xfb843783) x15 0x000000000000009c mem 0x0000000080031f28
core   0: 0x000000008000ff22 (0x000097ba) c.add   a5, a4
core   0: 3 0x000000008000ff22 (0x97ba) x15 0x00000000800120dc
core   0: 0x000000008000ff24 (0xfe043703) ld      a4, -32(s0)
core   0: 3 0x000000008000ff24 (0xfe043703) x14 0x000000008001205b mem 0x0000000080031f50
core   0: 0x000000008000ff28 (0xfcf76de3) bltu    a4, a5, pc - 38
core   0: 3 0x000000008000ff28 (0xfcf76de3)
core   0: 0x000000008000ff02 (0xfe043783) ld      a5, -32(s0)
core   0: 3 0x000000008000ff02 (0xfe043783) x15 0x000000008001205b mem 0x0000000080031f50
core   0: 0x000000008000ff06 (0x00178713) addi    a4, a5, 1
core   0: 3 0x000000008000ff06 (0x00178713) x14 0x000000008001205c
core   0: 0x000000008000ff0a (0xfee43023) sd      a4, -32(s0)
core   0: 3 0x000000008000ff0a (0xfee43023) mem 0x0000000080031f50 0x000000008001205c
core   0: 0x000000008000ff0e (0xfc442703) lw      a4, -60(s0)
core   0: 3 0x000000008000ff0e (0xfc442703) x14 0x0000000000000000 mem 0x0000000080031f34
core   0: 0x000000008000ff12 (0x0ff77713) andi    a4, a4, 255
core   0: 3 0x000000008000ff12 (0x0ff77713) x14 0x0000000000000000
core   0: 0x000000008000ff16 (0x00e78023) sb      a4, 0(a5)
core   0: 3 0x000000008000ff16 (0x00e78023) mem 0x000000008001205b 0x00
core   0: 0x000000008000ff1a (0xfc843703) ld      a4, -56(s0)
core   0: 3 0x000000008000ff1a (0xfc843703) x14 0x0000000080012040 mem 0x0000000080031f38
core   0: 0x000000008000ff1e (0xfb843783) ld      a5, -72(s0)
core   0: 3 0x000000008000ff1e (0xfb843783) x15 0x000000000000009c mem 0x0000000080031f28
core   0: 0x000000008000ff22 (0x000097ba) c.add   a5, a4
core   0: 3 0x000000008000ff22 (0x97ba) x15 0x00000000800120dc
core   0: 0x000000008000ff24 (0xfe043703) ld      a4, -32(s0)
core   0: 3 0x000000008000ff24 (0xfe043703) x14 0x000000008001205c mem 0x0000000080031f50
core   0: 0x000000008000ff28 (0xfcf76de3) bltu    a4, a5, pc - 38
core   0: 3 0x000000008000ff28 (0xfcf76de3)
core   0: 0x000000008000ff02 (0xfe043783) ld      a5, -32(s0)
core   0: 3 0x000000008000ff02 (0xfe043783) x15 0x000000008001205c mem 0x0000000080031f50
core   0: 0x000000008000ff06 (0x00178713) addi    a4, a5, 1
core   0: 3 0x000000008000ff06 (0x00178713) x14 0x000000008001205d
core   0: 0x000000008000ff0a (0xfee43023) sd      a4, -32(s0)
core   0: 3 0x000000008000ff0a (0xfee43023) mem 0x0000000080031f50 0x000000008001205d
core   0: 0x000000008000ff0e (0xfc442703) lw      a4, -60(s0)
core   0: 3 0x000000008000ff0e (0xfc442703) x14 0x0000000000000000 mem 0x0000000080031f34
core   0: 0x000000008000ff12 (0x0ff77713) andi    a4, a4, 255
core   0: 3 0x000000008000ff12 (0x0ff77713) x14 0x0000000000000000
core   0: 0x000000008000ff16 (0x00e78023) sb      a4, 0(a5)
core   0: 3 0x000000008000ff16 (0x00e78023) mem 0x000000008001205c 0x00
core   0: 0x000000008000ff1a (0xfc843703) ld      a4, -56(s0)
core   0: 3 0x000000008000ff1a (0xfc843703) x14 0x0000000080012040 mem 0x0000000080031f38
core   0: 0x000000008000ff1e (0xfb843783) ld      a5, -72(s0)
core   0: 3 0x000000008000ff1e (0xfb843783) x15 0x000000000000009c mem 0x0000000080031f28
core   0: 0x000000008000ff22 (0x000097ba) c.add   a5, a4
core   0: 3 0x000000008000ff22 (0x97ba) x15 0x00000000800120dc
core   0: 0x000000008000ff24 (0xfe043703) ld      a4, -32(s0)
core   0: 3 0x000000008000ff24 (0xfe043703) x14 0x000000008001205d mem 0x0000000080031f50
core   0: 0x000000008000ff28 (0xfcf76de3) bltu    a4, a5, pc - 38
core   0: 3 0x000000008000ff28 (0xfcf76de3)
core   0: 0x000000008000ff02 (0xfe043783) ld      a5, -32(s0)
core   0: 3 0x000000008000ff02 (0xfe043783) x15 0x000000008001205d mem 0x0000000080031f50
core   0: 0x000000008000ff06 (0x00178713) addi    a4, a5, 1
core   0: 3 0x000000008000ff06 (0x00178713) x14 0x000000008001205e
core   0: 0x000000008000ff0a (0xfee43023) sd      a4, -32(s0)
core   0: 3 0x000000008000ff0a (0xfee43023) mem 0x0000000080031f50 0x000000008001205e
core   0: 0x000000008000ff0e (0xfc442703) lw      a4, -60(s0)
core   0: 3 0x000000008000ff0e (0xfc442703) x14 0x0000000000000000 mem 0x0000000080031f34
core   0: 0x000000008000ff12 (0x0ff77713) andi    a4, a4, 255
core   0: 3 0x000000008000ff12 (0x0ff77713) x14 0x0000000000000000
core   0: 0x000000008000ff16 (0x00e78023) sb      a4, 0(a5)
core   0: 3 0x000000008000ff16 (0x00e78023) mem 0x000000008001205d 0x00
core   0: 0x000000008000ff1a (0xfc843703) ld      a4, -56(s0)
core   0: 3 0x000000008000ff1a (0xfc843703) x14 0x0000000080012040 mem 0x0000000080031f38
core   0: 0x000000008000ff1e (0xfb843783) ld      a5, -72(s0)
core   0: 3 0x000000008000ff1e (0xfb843783) x15 0x000000000000009c mem 0x0000000080031f28
core   0: 0x000000008000ff22 (0x000097ba) c.add   a5, a4
core   0: 3 0x000000008000ff22 (0x97ba) x15 0x00000000800120dc
core   0: 0x000000008000ff24 (0xfe043703) ld      a4, -32(s0)
core   0: 3 0x000000008000ff24 (0xfe043703) x14 0x000000008001205e mem 0x0000000080031f50
core   0: 0x000000008000ff28 (0xfcf76de3) bltu    a4, a5, pc - 38
core   0: 3 0x000000008000ff28 (0xfcf76de3)
core   0: 0x000000008000ff02 (0xfe043783) ld      a5, -32(s0)
core   0: 3 0x000000008000ff02 (0xfe043783) x15 0x000000008001205e mem 0x0000000080031f50
core   0: 0x000000008000ff06 (0x00178713) addi    a4, a5, 1
core   0: 3 0x000000008000ff06 (0x00178713) x14 0x000000008001205f
core   0: 0x000000008000ff0a (0xfee43023) sd      a4, -32(s0)
core   0: 3 0x000000008000ff0a (0xfee43023) mem 0x0000000080031f50 0x000000008001205f
core   0: 0x000000008000ff0e (0xfc442703) lw      a4, -60(s0)
core   0: 3 0x000000008000ff0e (0xfc442703) x14 0x0000000000000000 mem 0x0000000080031f34
core   0: 0x000000008000ff12 (0x0ff77713) andi    a4, a4, 255
core   0: 3 0x000000008000ff12 (0x0ff77713) x14 0x0000000000000000
core   0: 0x000000008000ff16 (0x00e78023) sb      a4, 0(a5)
core   0: 3 0x000000008000ff16 (0x00e78023) mem 0x000000008001205e 0x00
core   0: 0x000000008000ff1a (0xfc843703) ld      a4, -56(s0)
core   0: 3 0x000000008000ff1a (0xfc843703) x14 0x0000000080012040 mem 0x0000000080031f38
core   0: 0x000000008000ff1e (0xfb843783) ld      a5, -72(s0)
core   0: 3 0x000000008000ff1e (0xfb843783) x15 0x000000000000009c mem 0x0000000080031f28
core   0: 0x000000008000ff22 (0x000097ba) c.add   a5, a4
core   0: 3 0x000000008000ff22 (0x97ba) x15 0x00000000800120dc
core   0: 0x000000008000ff24 (0xfe043703) ld      a4, -32(s0)
core   0: 3 0x000000008000ff24 (0xfe043703) x14 0x000000008001205f mem 0x0000000080031f50
core   0: 0x000000008000ff28 (0xfcf76de3) bltu    a4, a5, pc - 38
core   0: 3 0x000000008000ff28 (0xfcf76de3)
core   0: 0x000000008000ff02 (0xfe043783) ld      a5, -32(s0)
core   0: 3 0x000000008000ff02 (0xfe043783) x15 0x000000008001205f mem 0x0000000080031f50
core   0: 0x000000008000ff06 (0x00178713) addi    a4, a5, 1
core   0: 3 0x000000008000ff06 (0x00178713) x14 0x0000000080012060
core   0: 0x000000008000ff0a (0xfee43023) sd      a4, -32(s0)
core   0: 3 0x000000008000ff0a (0xfee43023) mem 0x0000000080031f50 0x0000000080012060
core   0: 0x000000008000ff0e (0xfc442703) lw      a4, -60(s0)
core   0: 3 0x000000008000ff0e (0xfc442703) x14 0x0000000000000000 mem 0x0000000080031f34
core   0: 0x000000008000ff12 (0x0ff77713) andi    a4, a4, 255
core   0: 3 0x000000008000ff12 (0x0ff77713) x14 0x0000000000000000
core   0: 0x000000008000ff16 (0x00e78023) sb      a4, 0(a5)
core   0: 3 0x000000008000ff16 (0x00e78023) mem 0x000000008001205f 0x00
core   0: 0x000000008000ff1a (0xfc843703) ld      a4, -56(s0)
core   0: 3 0x000000008000ff1a (0xfc843703) x14 0x0000000080012040 mem 0x0000000080031f38
core   0: 0x000000008000ff1e (0xfb843783) ld      a5, -72(s0)
core   0: 3 0x000000008000ff1e (0xfb843783) x15 0x000000000000009c mem 0x0000000080031f28
core   0: 0x000000008000ff22 (0x000097ba) c.add   a5, a4
core   0: 3 0x000000008000ff22 (0x97ba) x15 0x00000000800120dc
core   0: 0x000000008000ff24 (0xfe043703) ld      a4, -32(s0)
core   0: 3 0x000000008000ff24 (0xfe043703) x14 0x0000000080012060 mem 0x0000000080031f50
core   0: 0x000000008000ff28 (0xfcf76de3) bltu    a4, a5, pc - 38
core   0: 3 0x000000008000ff28 (0xfcf76de3)
core   0: 0x000000008000ff02 (0xfe043783) ld      a5, -32(s0)
core   0: 3 0x000000008000ff02 (0xfe043783) x15 0x0000000080012060 mem 0x0000000080031f50
core   0: 0x000000008000ff06 (0x00178713) addi    a4, a5, 1
core   0: 3 0x000000008000ff06 (0x00178713) x14 0x0000000080012061
core   0: 0x000000008000ff0a (0xfee43023) sd      a4, -32(s0)
core   0: 3 0x000000008000ff0a (0xfee43023) mem 0x0000000080031f50 0x0000000080012061
core   0: 0x000000008000ff0e (0xfc442703) lw      a4, -60(s0)
core   0: 3 0x000000008000ff0e (0xfc442703) x14 0x0000000000000000 mem 0x0000000080031f34
core   0: 0x000000008000ff12 (0x0ff77713) andi    a4, a4, 255
core   0: 3 0x000000008000ff12 (0x0ff77713) x14 0x0000000000000000
core   0: 0x000000008000ff16 (0x00e78023) sb      a4, 0(a5)
core   0: 3 0x000000008000ff16 (0x00e78023) mem 0x0000000080012060 0x00
core   0: 0x000000008000ff1a (0xfc843703) ld      a4, -56(s0)
core   0: 3 0x000000008000ff1a (0xfc843703) x14 0x0000000080012040 mem 0x0000000080031f38
core   0: 0x000000008000ff1e (0xfb843783) ld      a5, -72(s0)
core   0: 3 0x000000008000ff1e (0xfb843783) x15 0x000000000000009c mem 0x0000000080031f28
core   0: 0x000000008000ff22 (0x000097ba) c.add   a5, a4
core   0: 3 0x000000008000ff22 (0x97ba) x15 0x00000000800120dc
core   0: 0x000000008000ff24 (0xfe043703) ld      a4, -32(s0)
core   0: 3 0x000000008000ff24 (0xfe043703) x14 0x0000000080012061 mem 0x0000000080031f50
core   0: 0x000000008000ff28 (0xfcf76de3) bltu    a4, a5, pc - 38
core   0: 3 0x000000008000ff28 (0xfcf76de3)
core   0: 0x000000008000ff02 (0xfe043783) ld      a5, -32(s0)
core   0: 3 0x000000008000ff02 (0xfe043783) x15 0x0000000080012061 mem 0x0000000080031f50
core   0: 0x000000008000ff06 (0x00178713) addi    a4, a5, 1
core   0: 3 0x000000008000ff06 (0x00178713) x14 0x0000000080012062
core   0: 0x000000008000ff0a (0xfee43023) sd      a4, -32(s0)
core   0: 3 0x000000008000ff0a (0xfee43023) mem 0x0000000080031f50 0x0000000080012062
core   0: 0x000000008000ff0e (0xfc442703) lw      a4, -60(s0)
core   0: 3 0x000000008000ff0e (0xfc442703) x14 0x0000000000000000 mem 0x0000000080031f34
core   0: 0x000000008000ff12 (0x0ff77713) andi    a4, a4, 255
core   0: 3 0x000000008000ff12 (0x0ff77713) x14 0x0000000000000000
core   0: 0x000000008000ff16 (0x00e78023) sb      a4, 0(a5)
core   0: 3 0x000000008000ff16 (0x00e78023) mem 0x0000000080012061 0x00
core   0: 0x000000008000ff1a (0xfc843703) ld      a4, -56(s0)
core   0: 3 0x000000008000ff1a (0xfc843703) x14 0x0000000080012040 mem 0x0000000080031f38
core   0: 0x000000008000ff1e (0xfb843783) ld      a5, -72(s0)
core   0: 3 0x000000008000ff1e (0xfb843783) x15 0x000000000000009c mem 0x0000000080031f28
core   0: 0x000000008000ff22 (0x000097ba) c.add   a5, a4
core   0: 3 0x000000008000ff22 (0x97ba) x15 0x00000000800120dc
core   0: 0x000000008000ff24 (0xfe043703) ld      a4, -32(s0)
core   0: 3 0x000000008000ff24 (0xfe043703) x14 0x0000000080012062 mem 0x0000000080031f50
core   0: 0x000000008000ff28 (0xfcf76de3) bltu    a4, a5, pc - 38
core   0: 3 0x000000008000ff28 (0xfcf76de3)
core   0: 0x000000008000ff02 (0xfe043783) ld      a5, -32(s0)
core   0: 3 0x000000008000ff02 (0xfe043783) x15 0x0000000080012062 mem 0x0000000080031f50
core   0: 0x000000008000ff06 (0x00178713) addi    a4, a5, 1
core   0: 3 0x000000008000ff06 (0x00178713) x14 0x0000000080012063
core   0: 0x000000008000ff0a (0xfee43023) sd      a4, -32(s0)
core   0: 3 0x000000008000ff0a (0xfee43023) mem 0x0000000080031f50 0x0000000080012063
core   0: 0x000000008000ff0e (0xfc442703) lw      a4, -60(s0)
core   0: 3 0x000000008000ff0e (0xfc442703) x14 0x0000000000000000 mem 0x0000000080031f34
core   0: 0x000000008000ff12 (0x0ff77713) andi    a4, a4, 255
core   0: 3 0x000000008000ff12 (0x0ff77713) x14 0x0000000000000000
core   0: 0x000000008000ff16 (0x00e78023) sb      a4, 0(a5)
core   0: 3 0x000000008000ff16 (0x00e78023) mem 0x0000000080012062 0x00
core   0: 0x000000008000ff1a (0xfc843703) ld      a4, -56(s0)
core   0: 3 0x000000008000ff1a (0xfc843703) x14 0x0000000080012040 mem 0x0000000080031f38
core   0: 0x000000008000ff1e (0xfb843783) ld      a5, -72(s0)
core   0: 3 0x000000008000ff1e (0xfb843783) x15 0x000000000000009c mem 0x0000000080031f28
core   0: 0x000000008000ff22 (0x000097ba) c.add   a5, a4
core   0: 3 0x000000008000ff22 (0x97ba) x15 0x00000000800120dc
core   0: 0x000000008000ff24 (0xfe043703) ld      a4, -32(s0)
core   0: 3 0x000000008000ff24 (0xfe043703) x14 0x0000000080012063 mem 0x0000000080031f50
core   0: 0x000000008000ff28 (0xfcf76de3) bltu    a4, a5, pc - 38
core   0: 3 0x000000008000ff28 (0xfcf76de3)
core   0: 0x000000008000ff02 (0xfe043783) ld      a5, -32(s0)
core   0: 3 0x000000008000ff02 (0xfe043783) x15 0x0000000080012063 mem 0x0000000080031f50
core   0: 0x000000008000ff06 (0x00178713) addi    a4, a5, 1
core   0: 3 0x000000008000ff06 (0x00178713) x14 0x0000000080012064
core   0: 0x000000008000ff0a (0xfee43023) sd      a4, -32(s0)
core   0: 3 0x000000008000ff0a (0xfee43023) mem 0x0000000080031f50 0x0000000080012064
core   0: 0x000000008000ff0e (0xfc442703) lw      a4, -60(s0)
core   0: 3 0x000000008000ff0e (0xfc442703) x14 0x0000000000000000 mem 0x0000000080031f34
core   0: 0x000000008000ff12 (0x0ff77713) andi    a4, a4, 255
core   0: 3 0x000000008000ff12 (0x0ff77713) x14 0x0000000000000000
core   0: 0x000000008000ff16 (0x00e78023) sb      a4, 0(a5)
core   0: 3 0x000000008000ff16 (0x00e78023) mem 0x0000000080012063 0x00
core   0: 0x000000008000ff1a (0xfc843703) ld      a4, -56(s0)
core   0: 3 0x000000008000ff1a (0xfc843703) x14 0x0000000080012040 mem 0x0000000080031f38
core   0: 0x000000008000ff1e (0xfb843783) ld      a5, -72(s0)
core   0: 3 0x000000008000ff1e (0xfb843783) x15 0x000000000000009c mem 0x0000000080031f28
core   0: 0x000000008000ff22 (0x000097ba) c.add   a5, a4
core   0: 3 0x000000008000ff22 (0x97ba) x15 0x00000000800120dc
core   0: 0x000000008000ff24 (0xfe043703) ld      a4, -32(s0)
core   0: 3 0x000000008000ff24 (0xfe043703) x14 0x0000000080012064 mem 0x0000000080031f50
core   0: 0x000000008000ff28 (0xfcf76de3) bltu    a4, a5, pc - 38
core   0: 3 0x000000008000ff28 (0xfcf76de3)
core   0: 0x000000008000ff02 (0xfe043783) ld      a5, -32(s0)
core   0: 3 0x000000008000ff02 (0xfe043783) x15 0x0000000080012064 mem 0x0000000080031f50
core   0: 0x000000008000ff06 (0x00178713) addi    a4, a5, 1
core   0: 3 0x000000008000ff06 (0x00178713) x14 0x0000000080012065
core   0: 0x000000008000ff0a (0xfee43023) sd      a4, -32(s0)
core   0: 3 0x000000008000ff0a (0xfee43023) mem 0x0000000080031f50 0x0000000080012065
core   0: 0x000000008000ff0e (0xfc442703) lw      a4, -60(s0)
core   0: 3 0x000000008000ff0e (0xfc442703) x14 0x0000000000000000 mem 0x0000000080031f34
core   0: 0x000000008000ff12 (0x0ff77713) andi    a4, a4, 255
core   0: 3 0x000000008000ff12 (0x0ff77713) x14 0x0000000000000000
core   0: 0x000000008000ff16 (0x00e78023) sb      a4, 0(a5)
core   0: 3 0x000000008000ff16 (0x00e78023) mem 0x0000000080012064 0x00
core   0: 0x000000008000ff1a (0xfc843703) ld      a4, -56(s0)
core   0: 3 0x000000008000ff1a (0xfc843703) x14 0x0000000080012040 mem 0x0000000080031f38
core   0: 0x000000008000ff1e (0xfb843783) ld      a5, -72(s0)
core   0: 3 0x000000008000ff1e (0xfb843783) x15 0x000000000000009c mem 0x0000000080031f28
core   0: 0x000000008000ff22 (0x000097ba) c.add   a5, a4
core   0: 3 0x000000008000ff22 (0x97ba) x15 0x00000000800120dc
core   0: 0x000000008000ff24 (0xfe043703) ld      a4, -32(s0)
core   0: 3 0x000000008000ff24 (0xfe043703) x14 0x0000000080012065 mem 0x0000000080031f50
core   0: 0x000000008000ff28 (0xfcf76de3) bltu    a4, a5, pc - 38
core   0: 3 0x000000008000ff28 (0xfcf76de3)
core   0: 0x000000008000ff02 (0xfe043783) ld      a5, -32(s0)
core   0: 3 0x000000008000ff02 (0xfe043783) x15 0x0000000080012065 mem 0x0000000080031f50
core   0: 0x000000008000ff06 (0x00178713) addi    a4, a5, 1
core   0: 3 0x000000008000ff06 (0x00178713) x14 0x0000000080012066
core   0: 0x000000008000ff0a (0xfee43023) sd      a4, -32(s0)
core   0: 3 0x000000008000ff0a (0xfee43023) mem 0x0000000080031f50 0x0000000080012066
core   0: 0x000000008000ff0e (0xfc442703) lw      a4, -60(s0)
core   0: 3 0x000000008000ff0e (0xfc442703) x14 0x0000000000000000 mem 0x0000000080031f34
core   0: 0x000000008000ff12 (0x0ff77713) andi    a4, a4, 255
core   0: 3 0x000000008000ff12 (0x0ff77713) x14 0x0000000000000000
core   0: 0x000000008000ff16 (0x00e78023) sb      a4, 0(a5)
core   0: 3 0x000000008000ff16 (0x00e78023) mem 0x0000000080012065 0x00
core   0: 0x000000008000ff1a (0xfc843703) ld      a4, -56(s0)
core   0: 3 0x000000008000ff1a (0xfc843703) x14 0x0000000080012040 mem 0x0000000080031f38
core   0: 0x000000008000ff1e (0xfb843783) ld      a5, -72(s0)
core   0: 3 0x000000008000ff1e (0xfb843783) x15 0x000000000000009c mem 0x0000000080031f28
core   0: 0x000000008000ff22 (0x000097ba) c.add   a5, a4
core   0: 3 0x000000008000ff22 (0x97ba) x15 0x00000000800120dc
core   0: 0x000000008000ff24 (0xfe043703) ld      a4, -32(s0)
core   0: 3 0x000000008000ff24 (0xfe043703) x14 0x0000000080012066 mem 0x0000000080031f50
core   0: 0x000000008000ff28 (0xfcf76de3) bltu    a4, a5, pc - 38
core   0: 3 0x000000008000ff28 (0xfcf76de3)
core   0: 0x000000008000ff02 (0xfe043783) ld      a5, -32(s0)
core   0: 3 0x000000008000ff02 (0xfe043783) x15 0x0000000080012066 mem 0x0000000080031f50
core   0: 0x000000008000ff06 (0x00178713) addi    a4, a5, 1
core   0: 3 0x000000008000ff06 (0x00178713) x14 0x0000000080012067
core   0: 0x000000008000ff0a (0xfee43023) sd      a4, -32(s0)
core   0: 3 0x000000008000ff0a (0xfee43023) mem 0x0000000080031f50 0x0000000080012067
core   0: 0x000000008000ff0e (0xfc442703) lw      a4, -60(s0)
core   0: 3 0x000000008000ff0e (0xfc442703) x14 0x0000000000000000 mem 0x0000000080031f34
core   0: 0x000000008000ff12 (0x0ff77713) andi    a4, a4, 255
core   0: 3 0x000000008000ff12 (0x0ff77713) x14 0x0000000000000000
core   0: 0x000000008000ff16 (0x00e78023) sb      a4, 0(a5)
core   0: 3 0x000000008000ff16 (0x00e78023) mem 0x0000000080012066 0x00
core   0: 0x000000008000ff1a (0xfc843703) ld      a4, -56(s0)
core   0: 3 0x000000008000ff1a (0xfc843703) x14 0x0000000080012040 mem 0x0000000080031f38
core   0: 0x000000008000ff1e (0xfb843783) ld      a5, -72(s0)
core   0: 3 0x000000008000ff1e (0xfb843783) x15 0x000000000000009c mem 0x0000000080031f28
core   0: 0x000000008000ff22 (0x000097ba) c.add   a5, a4
core   0: 3 0x000000008000ff22 (0x97ba) x15 0x00000000800120dc
core   0: 0x000000008000ff24 (0xfe043703) ld      a4, -32(s0)
core   0: 3 0x000000008000ff24 (0xfe043703) x14 0x0000000080012067 mem 0x0000000080031f50
core   0: 0x000000008000ff28 (0xfcf76de3) bltu    a4, a5, pc - 38
core   0: 3 0x000000008000ff28 (0xfcf76de3)
core   0: 0x000000008000ff02 (0xfe043783) ld      a5, -32(s0)
core   0: 3 0x000000008000ff02 (0xfe043783) x15 0x0000000080012067 mem 0x0000000080031f50
core   0: 0x000000008000ff06 (0x00178713) addi    a4, a5, 1
core   0: 3 0x000000008000ff06 (0x00178713) x14 0x0000000080012068
core   0: 0x000000008000ff0a (0xfee43023) sd      a4, -32(s0)
core   0: 3 0x000000008000ff0a (0xfee43023) mem 0x0000000080031f50 0x0000000080012068
core   0: 0x000000008000ff0e (0xfc442703) lw      a4, -60(s0)
core   0: 3 0x000000008000ff0e (0xfc442703) x14 0x0000000000000000 mem 0x0000000080031f34
core   0: 0x000000008000ff12 (0x0ff77713) andi    a4, a4, 255
core   0: 3 0x000000008000ff12 (0x0ff77713) x14 0x0000000000000000
core   0: 0x000000008000ff16 (0x00e78023) sb      a4, 0(a5)
core   0: 3 0x000000008000ff16 (0x00e78023) mem 0x0000000080012067 0x00
core   0: 0x000000008000ff1a (0xfc843703) ld      a4, -56(s0)
core   0: 3 0x000000008000ff1a (0xfc843703) x14 0x0000000080012040 mem 0x0000000080031f38
core   0: 0x000000008000ff1e (0xfb843783) ld      a5, -72(s0)
core   0: 3 0x000000008000ff1e (0xfb843783) x15 0x000000000000009c mem 0x0000000080031f28
core   0: 0x000000008000ff22 (0x000097ba) c.add   a5, a4
core   0: 3 0x000000008000ff22 (0x97ba) x15 0x00000000800120dc
core   0: 0x000000008000ff24 (0xfe043703) ld      a4, -32(s0)
core   0: 3 0x000000008000ff24 (0xfe043703) x14 0x0000000080012068 mem 0x0000000080031f50
core   0: 0x000000008000ff28 (0xfcf76de3) bltu    a4, a5, pc - 38
core   0: 3 0x000000008000ff28 (0xfcf76de3)
core   0: 0x000000008000ff02 (0xfe043783) ld      a5, -32(s0)
core   0: 3 0x000000008000ff02 (0xfe043783) x15 0x0000000080012068 mem 0x0000000080031f50
core   0: 0x000000008000ff06 (0x00178713) addi    a4, a5, 1
core   0: 3 0x000000008000ff06 (0x00178713) x14 0x0000000080012069
core   0: 0x000000008000ff0a (0xfee43023) sd      a4, -32(s0)
core   0: 3 0x000000008000ff0a (0xfee43023) mem 0x0000000080031f50 0x0000000080012069
core   0: 0x000000008000ff0e (0xfc442703) lw      a4, -60(s0)
core   0: 3 0x000000008000ff0e (0xfc442703) x14 0x0000000000000000 mem 0x0000000080031f34
core   0: 0x000000008000ff12 (0x0ff77713) andi    a4, a4, 255
core   0: 3 0x000000008000ff12 (0x0ff77713) x14 0x0000000000000000
core   0: 0x000000008000ff16 (0x00e78023) sb      a4, 0(a5)
core   0: 3 0x000000008000ff16 (0x00e78023) mem 0x0000000080012068 0x00
core   0: 0x000000008000ff1a (0xfc843703) ld      a4, -56(s0)
core   0: 3 0x000000008000ff1a (0xfc843703) x14 0x0000000080012040 mem 0x0000000080031f38
core   0: 0x000000008000ff1e (0xfb843783) ld      a5, -72(s0)
core   0: 3 0x000000008000ff1e (0xfb843783) x15 0x000000000000009c mem 0x0000000080031f28
core   0: 0x000000008000ff22 (0x000097ba) c.add   a5, a4
core   0: 3 0x000000008000ff22 (0x97ba) x15 0x00000000800120dc
core   0: 0x000000008000ff24 (0xfe043703) ld      a4, -32(s0)
core   0: 3 0x000000008000ff24 (0xfe043703) x14 0x0000000080012069 mem 0x0000000080031f50
core   0: 0x000000008000ff28 (0xfcf76de3) bltu    a4, a5, pc - 38
core   0: 3 0x000000008000ff28 (0xfcf76de3)
core   0: 0x000000008000ff02 (0xfe043783) ld      a5, -32(s0)
core   0: 3 0x000000008000ff02 (0xfe043783) x15 0x0000000080012069 mem 0x0000000080031f50
core   0: 0x000000008000ff06 (0x00178713) addi    a4, a5, 1
core   0: 3 0x000000008000ff06 (0x00178713) x14 0x000000008001206a
core   0: 0x000000008000ff0a (0xfee43023) sd      a4, -32(s0)
core   0: 3 0x000000008000ff0a (0xfee43023) mem 0x0000000080031f50 0x000000008001206a
core   0: 0x000000008000ff0e (0xfc442703) lw      a4, -60(s0)
core   0: 3 0x000000008000ff0e (0xfc442703) x14 0x0000000000000000 mem 0x0000000080031f34
core   0: 0x000000008000ff12 (0x0ff77713) andi    a4, a4, 255
core   0: 3 0x000000008000ff12 (0x0ff77713) x14 0x0000000000000000
core   0: 0x000000008000ff16 (0x00e78023) sb      a4, 0(a5)
core   0: 3 0x000000008000ff16 (0x00e78023) mem 0x0000000080012069 0x00
core   0: 0x000000008000ff1a (0xfc843703) ld      a4, -56(s0)
core   0: 3 0x000000008000ff1a (0xfc843703) x14 0x0000000080012040 mem 0x0000000080031f38
core   0: 0x000000008000ff1e (0xfb843783) ld      a5, -72(s0)
core   0: 3 0x000000008000ff1e (0xfb843783) x15 0x000000000000009c mem 0x0000000080031f28
core   0: 0x000000008000ff22 (0x000097ba) c.add   a5, a4
core   0: 3 0x000000008000ff22 (0x97ba) x15 0x00000000800120dc
core   0: 0x000000008000ff24 (0xfe043703) ld      a4, -32(s0)
core   0: 3 0x000000008000ff24 (0xfe043703) x14 0x000000008001206a mem 0x0000000080031f50
core   0: 0x000000008000ff28 (0xfcf76de3) bltu    a4, a5, pc - 38
core   0: 3 0x000000008000ff28 (0xfcf76de3)
core   0: 0x000000008000ff02 (0xfe043783) ld      a5, -32(s0)
core   0: 3 0x000000008000ff02 (0xfe043783) x15 0x000000008001206a mem 0x0000000080031f50
core   0: 0x000000008000ff06 (0x00178713) addi    a4, a5, 1
core   0: 3 0x000000008000ff06 (0x00178713) x14 0x000000008001206b
core   0: 0x000000008000ff0a (0xfee43023) sd      a4, -32(s0)
core   0: 3 0x000000008000ff0a (0xfee43023) mem 0x0000000080031f50 0x000000008001206b
core   0: 0x000000008000ff0e (0xfc442703) lw      a4, -60(s0)
core   0: 3 0x000000008000ff0e (0xfc442703) x14 0x0000000000000000 mem 0x0000000080031f34
core   0: 0x000000008000ff12 (0x0ff77713) andi    a4, a4, 255
core   0: 3 0x000000008000ff12 (0x0ff77713) x14 0x0000000000000000
core   0: 0x000000008000ff16 (0x00e78023) sb      a4, 0(a5)
core   0: 3 0x000000008000ff16 (0x00e78023) mem 0x000000008001206a 0x00
core   0: 0x000000008000ff1a (0xfc843703) ld      a4, -56(s0)
core   0: 3 0x000000008000ff1a (0xfc843703) x14 0x0000000080012040 mem 0x0000000080031f38
core   0: 0x000000008000ff1e (0xfb843783) ld      a5, -72(s0)
core   0: 3 0x000000008000ff1e (0xfb843783) x15 0x000000000000009c mem 0x0000000080031f28
core   0: 0x000000008000ff22 (0x000097ba) c.add   a5, a4
core   0: 3 0x000000008000ff22 (0x97ba) x15 0x00000000800120dc
core   0: 0x000000008000ff24 (0xfe043703) ld      a4, -32(s0)
core   0: 3 0x000000008000ff24 (0xfe043703) x14 0x000000008001206b mem 0x0000000080031f50
core   0: 0x000000008000ff28 (0xfcf76de3) bltu    a4, a5, pc - 38
core   0: 3 0x000000008000ff28 (0xfcf76de3)
core   0: 0x000000008000ff02 (0xfe043783) ld      a5, -32(s0)
core   0: 3 0x000000008000ff02 (0xfe043783) x15 0x000000008001206b mem 0x0000000080031f50
core   0: 0x000000008000ff06 (0x00178713) addi    a4, a5, 1
core   0: 3 0x000000008000ff06 (0x00178713) x14 0x000000008001206c
core   0: 0x000000008000ff0a (0xfee43023) sd      a4, -32(s0)
core   0: 3 0x000000008000ff0a (0xfee43023) mem 0x0000000080031f50 0x000000008001206c
core   0: 0x000000008000ff0e (0xfc442703) lw      a4, -60(s0)
core   0: 3 0x000000008000ff0e (0xfc442703) x14 0x0000000000000000 mem 0x0000000080031f34
core   0: 0x000000008000ff12 (0x0ff77713) andi    a4, a4, 255
core   0: 3 0x000000008000ff12 (0x0ff77713) x14 0x0000000000000000
core   0: 0x000000008000ff16 (0x00e78023) sb      a4, 0(a5)
core   0: 3 0x000000008000ff16 (0x00e78023) mem 0x000000008001206b 0x00
core   0: 0x000000008000ff1a (0xfc843703) ld      a4, -56(s0)
core   0: 3 0x000000008000ff1a (0xfc843703) x14 0x0000000080012040 mem 0x0000000080031f38
core   0: 0x000000008000ff1e (0xfb843783) ld      a5, -72(s0)
core   0: 3 0x000000008000ff1e (0xfb843783) x15 0x000000000000009c mem 0x0000000080031f28
core   0: 0x000000008000ff22 (0x000097ba) c.add   a5, a4
core   0: 3 0x000000008000ff22 (0x97ba) x15 0x00000000800120dc
core   0: 0x000000008000ff24 (0xfe043703) ld      a4, -32(s0)
core   0: 3 0x000000008000ff24 (0xfe043703) x14 0x000000008001206c mem 0x0000000080031f50
core   0: 0x000000008000ff28 (0xfcf76de3) bltu    a4, a5, pc - 38
core   0: 3 0x000000008000ff28 (0xfcf76de3)
core   0: 0x000000008000ff02 (0xfe043783) ld      a5, -32(s0)
core   0: 3 0x000000008000ff02 (0xfe043783) x15 0x000000008001206c mem 0x0000000080031f50
core   0: 0x000000008000ff06 (0x00178713) addi    a4, a5, 1
core   0: 3 0x000000008000ff06 (0x00178713) x14 0x000000008001206d
core   0: 0x000000008000ff0a (0xfee43023) sd      a4, -32(s0)
core   0: 3 0x000000008000ff0a (0xfee43023) mem 0x0000000080031f50 0x000000008001206d
core   0: 0x000000008000ff0e (0xfc442703) lw      a4, -60(s0)
core   0: 3 0x000000008000ff0e (0xfc442703) x14 0x0000000000000000 mem 0x0000000080031f34
core   0: 0x000000008000ff12 (0x0ff77713) andi    a4, a4, 255
core   0: 3 0x000000008000ff12 (0x0ff77713) x14 0x0000000000000000
core   0: 0x000000008000ff16 (0x00e78023) sb      a4, 0(a5)
core   0: 3 0x000000008000ff16 (0x00e78023) mem 0x000000008001206c 0x00
core   0: 0x000000008000ff1a (0xfc843703) ld      a4, -56(s0)
core   0: 3 0x000000008000ff1a (0xfc843703) x14 0x0000000080012040 mem 0x0000000080031f38
core   0: 0x000000008000ff1e (0xfb843783) ld      a5, -72(s0)
core   0: 3 0x000000008000ff1e (0xfb843783) x15 0x000000000000009c mem 0x0000000080031f28
core   0: 0x000000008000ff22 (0x000097ba) c.add   a5, a4
core   0: 3 0x000000008000ff22 (0x97ba) x15 0x00000000800120dc
core   0: 0x000000008000ff24 (0xfe043703) ld      a4, -32(s0)
core   0: 3 0x000000008000ff24 (0xfe043703) x14 0x000000008001206d mem 0x0000000080031f50
core   0: 0x000000008000ff28 (0xfcf76de3) bltu    a4, a5, pc - 38
core   0: 3 0x000000008000ff28 (0xfcf76de3)
core   0: 0x000000008000ff02 (0xfe043783) ld      a5, -32(s0)
core   0: 3 0x000000008000ff02 (0xfe043783) x15 0x000000008001206d mem 0x0000000080031f50
core   0: 0x000000008000ff06 (0x00178713) addi    a4, a5, 1
core   0: 3 0x000000008000ff06 (0x00178713) x14 0x000000008001206e
core   0: 0x000000008000ff0a (0xfee43023) sd      a4, -32(s0)
core   0: 3 0x000000008000ff0a (0xfee43023) mem 0x0000000080031f50 0x000000008001206e
core   0: 0x000000008000ff0e (0xfc442703) lw      a4, -60(s0)
core   0: 3 0x000000008000ff0e (0xfc442703) x14 0x0000000000000000 mem 0x0000000080031f34
core   0: 0x000000008000ff12 (0x0ff77713) andi    a4, a4, 255
core   0: 3 0x000000008000ff12 (0x0ff77713) x14 0x0000000000000000
core   0: 0x000000008000ff16 (0x00e78023) sb      a4, 0(a5)
core   0: 3 0x000000008000ff16 (0x00e78023) mem 0x000000008001206d 0x00
core   0: 0x000000008000ff1a (0xfc843703) ld      a4, -56(s0)
core   0: 3 0x000000008000ff1a (0xfc843703) x14 0x0000000080012040 mem 0x0000000080031f38
core   0: 0x000000008000ff1e (0xfb843783) ld      a5, -72(s0)
core   0: 3 0x000000008000ff1e (0xfb843783) x15 0x000000000000009c mem 0x0000000080031f28
core   0: 0x000000008000ff22 (0x000097ba) c.add   a5, a4
core   0: 3 0x000000008000ff22 (0x97ba) x15 0x00000000800120dc
core   0: 0x000000008000ff24 (0xfe043703) ld      a4, -32(s0)
core   0: 3 0x000000008000ff24 (0xfe043703) x14 0x000000008001206e mem 0x0000000080031f50
core   0: 0x000000008000ff28 (0xfcf76de3) bltu    a4, a5, pc - 38
core   0: 3 0x000000008000ff28 (0xfcf76de3)
core   0: 0x000000008000ff02 (0xfe043783) ld      a5, -32(s0)
core   0: 3 0x000000008000ff02 (0xfe043783) x15 0x000000008001206e mem 0x0000000080031f50
core   0: 0x000000008000ff06 (0x00178713) addi    a4, a5, 1
core   0: 3 0x000000008000ff06 (0x00178713) x14 0x000000008001206f
core   0: 0x000000008000ff0a (0xfee43023) sd      a4, -32(s0)
core   0: 3 0x000000008000ff0a (0xfee43023) mem 0x0000000080031f50 0x000000008001206f
core   0: 0x000000008000ff0e (0xfc442703) lw      a4, -60(s0)
core   0: 3 0x000000008000ff0e (0xfc442703) x14 0x0000000000000000 mem 0x0000000080031f34
core   0: 0x000000008000ff12 (0x0ff77713) andi    a4, a4, 255
core   0: 3 0x000000008000ff12 (0x0ff77713) x14 0x0000000000000000
core   0: 0x000000008000ff16 (0x00e78023) sb      a4, 0(a5)
core   0: 3 0x000000008000ff16 (0x00e78023) mem 0x000000008001206e 0x00
core   0: 0x000000008000ff1a (0xfc843703) ld      a4, -56(s0)
core   0: 3 0x000000008000ff1a (0xfc843703) x14 0x0000000080012040 mem 0x0000000080031f38
core   0: 0x000000008000ff1e (0xfb843783) ld      a5, -72(s0)
core   0: 3 0x000000008000ff1e (0xfb843783) x15 0x000000000000009c mem 0x0000000080031f28
core   0: 0x000000008000ff22 (0x000097ba) c.add   a5, a4
core   0: 3 0x000000008000ff22 (0x97ba) x15 0x00000000800120dc
core   0: 0x000000008000ff24 (0xfe043703) ld      a4, -32(s0)
core   0: 3 0x000000008000ff24 (0xfe043703) x14 0x000000008001206f mem 0x0000000080031f50
core   0: 0x000000008000ff28 (0xfcf76de3) bltu    a4, a5, pc - 38
core   0: 3 0x000000008000ff28 (0xfcf76de3)
core   0: 0x000000008000ff02 (0xfe043783) ld      a5, -32(s0)
core   0: 3 0x000000008000ff02 (0xfe043783) x15 0x000000008001206f mem 0x0000000080031f50
core   0: 0x000000008000ff06 (0x00178713) addi    a4, a5, 1
core   0: 3 0x000000008000ff06 (0x00178713) x14 0x0000000080012070
core   0: 0x000000008000ff0a (0xfee43023) sd      a4, -32(s0)
core   0: 3 0x000000008000ff0a (0xfee43023) mem 0x0000000080031f50 0x0000000080012070
core   0: 0x000000008000ff0e (0xfc442703) lw      a4, -60(s0)
core   0: 3 0x000000008000ff0e (0xfc442703) x14 0x0000000000000000 mem 0x0000000080031f34
core   0: 0x000000008000ff12 (0x0ff77713) andi    a4, a4, 255
core   0: 3 0x000000008000ff12 (0x0ff77713) x14 0x0000000000000000
core   0: 0x000000008000ff16 (0x00e78023) sb      a4, 0(a5)
core   0: 3 0x000000008000ff16 (0x00e78023) mem 0x000000008001206f 0x00
core   0: 0x000000008000ff1a (0xfc843703) ld      a4, -56(s0)
core   0: 3 0x000000008000ff1a (0xfc843703) x14 0x0000000080012040 mem 0x0000000080031f38
core   0: 0x000000008000ff1e (0xfb843783) ld      a5, -72(s0)
core   0: 3 0x000000008000ff1e (0xfb843783) x15 0x000000000000009c mem 0x0000000080031f28
core   0: 0x000000008000ff22 (0x000097ba) c.add   a5, a4
core   0: 3 0x000000008000ff22 (0x97ba) x15 0x00000000800120dc
core   0: 0x000000008000ff24 (0xfe043703) ld      a4, -32(s0)
core   0: 3 0x000000008000ff24 (0xfe043703) x14 0x0000000080012070 mem 0x0000000080031f50
core   0: 0x000000008000ff28 (0xfcf76de3) bltu    a4, a5, pc - 38
core   0: 3 0x000000008000ff28 (0xfcf76de3)
core   0: 0x000000008000ff02 (0xfe043783) ld      a5, -32(s0)
core   0: 3 0x000000008000ff02 (0xfe043783) x15 0x0000000080012070 mem 0x0000000080031f50
core   0: 0x000000008000ff06 (0x00178713) addi    a4, a5, 1
core   0: 3 0x000000008000ff06 (0x00178713) x14 0x0000000080012071
core   0: 0x000000008000ff0a (0xfee43023) sd      a4, -32(s0)
core   0: 3 0x000000008000ff0a (0xfee43023) mem 0x0000000080031f50 0x0000000080012071
core   0: 0x000000008000ff0e (0xfc442703) lw      a4, -60(s0)
core   0: 3 0x000000008000ff0e (0xfc442703) x14 0x0000000000000000 mem 0x0000000080031f34
core   0: 0x000000008000ff12 (0x0ff77713) andi    a4, a4, 255
core   0: 3 0x000000008000ff12 (0x0ff77713) x14 0x0000000000000000
core   0: 0x000000008000ff16 (0x00e78023) sb      a4, 0(a5)
core   0: 3 0x000000008000ff16 (0x00e78023) mem 0x0000000080012070 0x00
core   0: 0x000000008000ff1a (0xfc843703) ld      a4, -56(s0)
core   0: 3 0x000000008000ff1a (0xfc843703) x14 0x0000000080012040 mem 0x0000000080031f38
core   0: 0x000000008000ff1e (0xfb843783) ld      a5, -72(s0)
core   0: 3 0x000000008000ff1e (0xfb843783) x15 0x000000000000009c mem 0x0000000080031f28
core   0: 0x000000008000ff22 (0x000097ba) c.add   a5, a4
core   0: 3 0x000000008000ff22 (0x97ba) x15 0x00000000800120dc
core   0: 0x000000008000ff24 (0xfe043703) ld      a4, -32(s0)
core   0: 3 0x000000008000ff24 (0xfe043703) x14 0x0000000080012071 mem 0x0000000080031f50
core   0: 0x000000008000ff28 (0xfcf76de3) bltu    a4, a5, pc - 38
core   0: 3 0x000000008000ff28 (0xfcf76de3)
core   0: 0x000000008000ff02 (0xfe043783) ld      a5, -32(s0)
core   0: 3 0x000000008000ff02 (0xfe043783) x15 0x0000000080012071 mem 0x0000000080031f50
core   0: 0x000000008000ff06 (0x00178713) addi    a4, a5, 1
core   0: 3 0x000000008000ff06 (0x00178713) x14 0x0000000080012072
core   0: 0x000000008000ff0a (0xfee43023) sd      a4, -32(s0)
core   0: 3 0x000000008000ff0a (0xfee43023) mem 0x0000000080031f50 0x0000000080012072
core   0: 0x000000008000ff0e (0xfc442703) lw      a4, -60(s0)
core   0: 3 0x000000008000ff0e (0xfc442703) x14 0x0000000000000000 mem 0x0000000080031f34
core   0: 0x000000008000ff12 (0x0ff77713) andi    a4, a4, 255
core   0: 3 0x000000008000ff12 (0x0ff77713) x14 0x0000000000000000
core   0: 0x000000008000ff16 (0x00e78023) sb      a4, 0(a5)
core   0: 3 0x000000008000ff16 (0x00e78023) mem 0x0000000080012071 0x00
core   0: 0x000000008000ff1a (0xfc843703) ld      a4, -56(s0)
core   0: 3 0x000000008000ff1a (0xfc843703) x14 0x0000000080012040 mem 0x0000000080031f38
core   0: 0x000000008000ff1e (0xfb843783) ld      a5, -72(s0)
core   0: 3 0x000000008000ff1e (0xfb843783) x15 0x000000000000009c mem 0x0000000080031f28
core   0: 0x000000008000ff22 (0x000097ba) c.add   a5, a4
core   0: 3 0x000000008000ff22 (0x97ba) x15 0x00000000800120dc
core   0: 0x000000008000ff24 (0xfe043703) ld      a4, -32(s0)
core   0: 3 0x000000008000ff24 (0xfe043703) x14 0x0000000080012072 mem 0x0000000080031f50
core   0: 0x000000008000ff28 (0xfcf76de3) bltu    a4, a5, pc - 38
core   0: 3 0x000000008000ff28 (0xfcf76de3)
core   0: 0x000000008000ff02 (0xfe043783) ld      a5, -32(s0)
core   0: 3 0x000000008000ff02 (0xfe043783) x15 0x0000000080012072 mem 0x0000000080031f50
core   0: 0x000000008000ff06 (0x00178713) addi    a4, a5, 1
core   0: 3 0x000000008000ff06 (0x00178713) x14 0x0000000080012073
core   0: 0x000000008000ff0a (0xfee43023) sd      a4, -32(s0)
core   0: 3 0x000000008000ff0a (0xfee43023) mem 0x0000000080031f50 0x0000000080012073
core   0: 0x000000008000ff0e (0xfc442703) lw      a4, -60(s0)
core   0: 3 0x000000008000ff0e (0xfc442703) x14 0x0000000000000000 mem 0x0000000080031f34
core   0: 0x000000008000ff12 (0x0ff77713) andi    a4, a4, 255
core   0: 3 0x000000008000ff12 (0x0ff77713) x14 0x0000000000000000
core   0: 0x000000008000ff16 (0x00e78023) sb      a4, 0(a5)
core   0: 3 0x000000008000ff16 (0x00e78023) mem 0x0000000080012072 0x00
core   0: 0x000000008000ff1a (0xfc843703) ld      a4, -56(s0)
core   0: 3 0x000000008000ff1a (0xfc843703) x14 0x0000000080012040 mem 0x0000000080031f38
core   0: 0x000000008000ff1e (0xfb843783) ld      a5, -72(s0)
core   0: 3 0x000000008000ff1e (0xfb843783) x15 0x000000000000009c mem 0x0000000080031f28
core   0: 0x000000008000ff22 (0x000097ba) c.add   a5, a4
core   0: 3 0x000000008000ff22 (0x97ba) x15 0x00000000800120dc
core   0: 0x000000008000ff24 (0xfe043703) ld      a4, -32(s0)
core   0: 3 0x000000008000ff24 (0xfe043703) x14 0x0000000080012073 mem 0x0000000080031f50
core   0: 0x000000008000ff28 (0xfcf76de3) bltu    a4, a5, pc - 38
core   0: 3 0x000000008000ff28 (0xfcf76de3)
core   0: 0x000000008000ff02 (0xfe043783) ld      a5, -32(s0)
core   0: 3 0x000000008000ff02 (0xfe043783) x15 0x0000000080012073 mem 0x0000000080031f50
core   0: 0x000000008000ff06 (0x00178713) addi    a4, a5, 1
core   0: 3 0x000000008000ff06 (0x00178713) x14 0x0000000080012074
core   0: 0x000000008000ff0a (0xfee43023) sd      a4, -32(s0)
core   0: 3 0x000000008000ff0a (0xfee43023) mem 0x0000000080031f50 0x0000000080012074
core   0: 0x000000008000ff0e (0xfc442703) lw      a4, -60(s0)
core   0: 3 0x000000008000ff0e (0xfc442703) x14 0x0000000000000000 mem 0x0000000080031f34
core   0: 0x000000008000ff12 (0x0ff77713) andi    a4, a4, 255
core   0: 3 0x000000008000ff12 (0x0ff77713) x14 0x0000000000000000
core   0: 0x000000008000ff16 (0x00e78023) sb      a4, 0(a5)
core   0: 3 0x000000008000ff16 (0x00e78023) mem 0x0000000080012073 0x00
core   0: 0x000000008000ff1a (0xfc843703) ld      a4, -56(s0)
core   0: 3 0x000000008000ff1a (0xfc843703) x14 0x0000000080012040 mem 0x0000000080031f38
core   0: 0x000000008000ff1e (0xfb843783) ld      a5, -72(s0)
core   0: 3 0x000000008000ff1e (0xfb843783) x15 0x000000000000009c mem 0x0000000080031f28
core   0: 0x000000008000ff22 (0x000097ba) c.add   a5, a4
core   0: 3 0x000000008000ff22 (0x97ba) x15 0x00000000800120dc
core   0: 0x000000008000ff24 (0xfe043703) ld      a4, -32(s0)
core   0: 3 0x000000008000ff24 (0xfe043703) x14 0x0000000080012074 mem 0x0000000080031f50
core   0: 0x000000008000ff28 (0xfcf76de3) bltu    a4, a5, pc - 38
core   0: 3 0x000000008000ff28 (0xfcf76de3)
core   0: 0x000000008000ff02 (0xfe043783) ld      a5, -32(s0)
core   0: 3 0x000000008000ff02 (0xfe043783) x15 0x0000000080012074 mem 0x0000000080031f50
core   0: 0x000000008000ff06 (0x00178713) addi    a4, a5, 1
core   0: 3 0x000000008000ff06 (0x00178713) x14 0x0000000080012075
core   0: 0x000000008000ff0a (0xfee43023) sd      a4, -32(s0)
core   0: 3 0x000000008000ff0a (0xfee43023) mem 0x0000000080031f50 0x0000000080012075
core   0: 0x000000008000ff0e (0xfc442703) lw      a4, -60(s0)
core   0: 3 0x000000008000ff0e (0xfc442703) x14 0x0000000000000000 mem 0x0000000080031f34
core   0: 0x000000008000ff12 (0x0ff77713) andi    a4, a4, 255
core   0: 3 0x000000008000ff12 (0x0ff77713) x14 0x0000000000000000
core   0: 0x000000008000ff16 (0x00e78023) sb      a4, 0(a5)
core   0: 3 0x000000008000ff16 (0x00e78023) mem 0x0000000080012074 0x00
core   0: 0x000000008000ff1a (0xfc843703) ld      a4, -56(s0)
core   0: 3 0x000000008000ff1a (0xfc843703) x14 0x0000000080012040 mem 0x0000000080031f38
core   0: 0x000000008000ff1e (0xfb843783) ld      a5, -72(s0)
core   0: 3 0x000000008000ff1e (0xfb843783) x15 0x000000000000009c mem 0x0000000080031f28
core   0: 0x000000008000ff22 (0x000097ba) c.add   a5, a4
core   0: 3 0x000000008000ff22 (0x97ba) x15 0x00000000800120dc
core   0: 0x000000008000ff24 (0xfe043703) ld      a4, -32(s0)
core   0: 3 0x000000008000ff24 (0xfe043703) x14 0x0000000080012075 mem 0x0000000080031f50
core   0: 0x000000008000ff28 (0xfcf76de3) bltu    a4, a5, pc - 38
core   0: 3 0x000000008000ff28 (0xfcf76de3)
core   0: 0x000000008000ff02 (0xfe043783) ld      a5, -32(s0)
core   0: 3 0x000000008000ff02 (0xfe043783) x15 0x0000000080012075 mem 0x0000000080031f50
core   0: 0x000000008000ff06 (0x00178713) addi    a4, a5, 1
core   0: 3 0x000000008000ff06 (0x00178713) x14 0x0000000080012076
core   0: 0x000000008000ff0a (0xfee43023) sd      a4, -32(s0)
core   0: 3 0x000000008000ff0a (0xfee43023) mem 0x0000000080031f50 0x0000000080012076
core   0: 0x000000008000ff0e (0xfc442703) lw      a4, -60(s0)
core   0: 3 0x000000008000ff0e (0xfc442703) x14 0x0000000000000000 mem 0x0000000080031f34
core   0: 0x000000008000ff12 (0x0ff77713) andi    a4, a4, 255
core   0: 3 0x000000008000ff12 (0x0ff77713) x14 0x0000000000000000
core   0: 0x000000008000ff16 (0x00e78023) sb      a4, 0(a5)
core   0: 3 0x000000008000ff16 (0x00e78023) mem 0x0000000080012075 0x00
core   0: 0x000000008000ff1a (0xfc843703) ld      a4, -56(s0)
core   0: 3 0x000000008000ff1a (0xfc843703) x14 0x0000000080012040 mem 0x0000000080031f38
core   0: 0x000000008000ff1e (0xfb843783) ld      a5, -72(s0)
core   0: 3 0x000000008000ff1e (0xfb843783) x15 0x000000000000009c mem 0x0000000080031f28
core   0: 0x000000008000ff22 (0x000097ba) c.add   a5, a4
core   0: 3 0x000000008000ff22 (0x97ba) x15 0x00000000800120dc
core   0: 0x000000008000ff24 (0xfe043703) ld      a4, -32(s0)
core   0: 3 0x000000008000ff24 (0xfe043703) x14 0x0000000080012076 mem 0x0000000080031f50
core   0: 0x000000008000ff28 (0xfcf76de3) bltu    a4, a5, pc - 38
core   0: 3 0x000000008000ff28 (0xfcf76de3)
core   0: 0x000000008000ff02 (0xfe043783) ld      a5, -32(s0)
core   0: 3 0x000000008000ff02 (0xfe043783) x15 0x0000000080012076 mem 0x0000000080031f50
core   0: 0x000000008000ff06 (0x00178713) addi    a4, a5, 1
core   0: 3 0x000000008000ff06 (0x00178713) x14 0x0000000080012077
core   0: 0x000000008000ff0a (0xfee43023) sd      a4, -32(s0)
core   0: 3 0x000000008000ff0a (0xfee43023) mem 0x0000000080031f50 0x0000000080012077
core   0: 0x000000008000ff0e (0xfc442703) lw      a4, -60(s0)
core   0: 3 0x000000008000ff0e (0xfc442703) x14 0x0000000000000000 mem 0x0000000080031f34
core   0: 0x000000008000ff12 (0x0ff77713) andi    a4, a4, 255
core   0: 3 0x000000008000ff12 (0x0ff77713) x14 0x0000000000000000
core   0: 0x000000008000ff16 (0x00e78023) sb      a4, 0(a5)
core   0: 3 0x000000008000ff16 (0x00e78023) mem 0x0000000080012076 0x00
core   0: 0x000000008000ff1a (0xfc843703) ld      a4, -56(s0)
core   0: 3 0x000000008000ff1a (0xfc843703) x14 0x0000000080012040 mem 0x0000000080031f38
core   0: 0x000000008000ff1e (0xfb843783) ld      a5, -72(s0)
core   0: 3 0x000000008000ff1e (0xfb843783) x15 0x000000000000009c mem 0x0000000080031f28
core   0: 0x000000008000ff22 (0x000097ba) c.add   a5, a4
core   0: 3 0x000000008000ff22 (0x97ba) x15 0x00000000800120dc
core   0: 0x000000008000ff24 (0xfe043703) ld      a4, -32(s0)
core   0: 3 0x000000008000ff24 (0xfe043703) x14 0x0000000080012077 mem 0x0000000080031f50
core   0: 0x000000008000ff28 (0xfcf76de3) bltu    a4, a5, pc - 38
core   0: 3 0x000000008000ff28 (0xfcf76de3)
core   0: 0x000000008000ff02 (0xfe043783) ld      a5, -32(s0)
core   0: 3 0x000000008000ff02 (0xfe043783) x15 0x0000000080012077 mem 0x0000000080031f50
core   0: 0x000000008000ff06 (0x00178713) addi    a4, a5, 1
core   0: 3 0x000000008000ff06 (0x00178713) x14 0x0000000080012078
core   0: 0x000000008000ff0a (0xfee43023) sd      a4, -32(s0)
core   0: 3 0x000000008000ff0a (0xfee43023) mem 0x0000000080031f50 0x0000000080012078
core   0: 0x000000008000ff0e (0xfc442703) lw      a4, -60(s0)
core   0: 3 0x000000008000ff0e (0xfc442703) x14 0x0000000000000000 mem 0x0000000080031f34
core   0: 0x000000008000ff12 (0x0ff77713) andi    a4, a4, 255
core   0: 3 0x000000008000ff12 (0x0ff77713) x14 0x0000000000000000
core   0: 0x000000008000ff16 (0x00e78023) sb      a4, 0(a5)
core   0: 3 0x000000008000ff16 (0x00e78023) mem 0x0000000080012077 0x00
core   0: 0x000000008000ff1a (0xfc843703) ld      a4, -56(s0)
core   0: 3 0x000000008000ff1a (0xfc843703) x14 0x0000000080012040 mem 0x0000000080031f38
core   0: 0x000000008000ff1e (0xfb843783) ld      a5, -72(s0)
core   0: 3 0x000000008000ff1e (0xfb843783) x15 0x000000000000009c mem 0x0000000080031f28
core   0: 0x000000008000ff22 (0x000097ba) c.add   a5, a4
core   0: 3 0x000000008000ff22 (0x97ba) x15 0x00000000800120dc
core   0: 0x000000008000ff24 (0xfe043703) ld      a4, -32(s0)
core   0: 3 0x000000008000ff24 (0xfe043703) x14 0x0000000080012078 mem 0x0000000080031f50
core   0: 0x000000008000ff28 (0xfcf76de3) bltu    a4, a5, pc - 38
core   0: 3 0x000000008000ff28 (0xfcf76de3)
core   0: 0x000000008000ff02 (0xfe043783) ld      a5, -32(s0)
core   0: 3 0x000000008000ff02 (0xfe043783) x15 0x0000000080012078 mem 0x0000000080031f50
core   0: 0x000000008000ff06 (0x00178713) addi    a4, a5, 1
core   0: 3 0x000000008000ff06 (0x00178713) x14 0x0000000080012079
core   0: 0x000000008000ff0a (0xfee43023) sd      a4, -32(s0)
core   0: 3 0x000000008000ff0a (0xfee43023) mem 0x0000000080031f50 0x0000000080012079
core   0: 0x000000008000ff0e (0xfc442703) lw      a4, -60(s0)
core   0: 3 0x000000008000ff0e (0xfc442703) x14 0x0000000000000000 mem 0x0000000080031f34
core   0: 0x000000008000ff12 (0x0ff77713) andi    a4, a4, 255
core   0: 3 0x000000008000ff12 (0x0ff77713) x14 0x0000000000000000
core   0: 0x000000008000ff16 (0x00e78023) sb      a4, 0(a5)
core   0: 3 0x000000008000ff16 (0x00e78023) mem 0x0000000080012078 0x00
core   0: 0x000000008000ff1a (0xfc843703) ld      a4, -56(s0)
core   0: 3 0x000000008000ff1a (0xfc843703) x14 0x0000000080012040 mem 0x0000000080031f38
core   0: 0x000000008000ff1e (0xfb843783) ld      a5, -72(s0)
core   0: 3 0x000000008000ff1e (0xfb843783) x15 0x000000000000009c mem 0x0000000080031f28
core   0: 0x000000008000ff22 (0x000097ba) c.add   a5, a4
core   0: 3 0x000000008000ff22 (0x97ba) x15 0x00000000800120dc
core   0: 0x000000008000ff24 (0xfe043703) ld      a4, -32(s0)
core   0: 3 0x000000008000ff24 (0xfe043703) x14 0x0000000080012079 mem 0x0000000080031f50
core   0: 0x000000008000ff28 (0xfcf76de3) bltu    a4, a5, pc - 38
core   0: 3 0x000000008000ff28 (0xfcf76de3)
core   0: 0x000000008000ff02 (0xfe043783) ld      a5, -32(s0)
core   0: 3 0x000000008000ff02 (0xfe043783) x15 0x0000000080012079 mem 0x0000000080031f50
core   0: 0x000000008000ff06 (0x00178713) addi    a4, a5, 1
core   0: 3 0x000000008000ff06 (0x00178713) x14 0x000000008001207a
core   0: 0x000000008000ff0a (0xfee43023) sd      a4, -32(s0)
core   0: 3 0x000000008000ff0a (0xfee43023) mem 0x0000000080031f50 0x000000008001207a
core   0: 0x000000008000ff0e (0xfc442703) lw      a4, -60(s0)
core   0: 3 0x000000008000ff0e (0xfc442703) x14 0x0000000000000000 mem 0x0000000080031f34
core   0: 0x000000008000ff12 (0x0ff77713) andi    a4, a4, 255
core   0: 3 0x000000008000ff12 (0x0ff77713) x14 0x0000000000000000
core   0: 0x000000008000ff16 (0x00e78023) sb      a4, 0(a5)
core   0: 3 0x000000008000ff16 (0x00e78023) mem 0x0000000080012079 0x00
core   0: 0x000000008000ff1a (0xfc843703) ld      a4, -56(s0)
core   0: 3 0x000000008000ff1a (0xfc843703) x14 0x0000000080012040 mem 0x0000000080031f38
core   0: 0x000000008000ff1e (0xfb843783) ld      a5, -72(s0)
core   0: 3 0x000000008000ff1e (0xfb843783) x15 0x000000000000009c mem 0x0000000080031f28
core   0: 0x000000008000ff22 (0x000097ba) c.add   a5, a4
core   0: 3 0x000000008000ff22 (0x97ba) x15 0x00000000800120dc
core   0: 0x000000008000ff24 (0xfe043703) ld      a4, -32(s0)
core   0: 3 0x000000008000ff24 (0xfe043703) x14 0x000000008001207a mem 0x0000000080031f50
core   0: 0x000000008000ff28 (0xfcf76de3) bltu    a4, a5, pc - 38
core   0: 3 0x000000008000ff28 (0xfcf76de3)
core   0: 0x000000008000ff02 (0xfe043783) ld      a5, -32(s0)
core   0: 3 0x000000008000ff02 (0xfe043783) x15 0x000000008001207a mem 0x0000000080031f50
core   0: 0x000000008000ff06 (0x00178713) addi    a4, a5, 1
core   0: 3 0x000000008000ff06 (0x00178713) x14 0x000000008001207b
core   0: 0x000000008000ff0a (0xfee43023) sd      a4, -32(s0)
core   0: 3 0x000000008000ff0a (0xfee43023) mem 0x0000000080031f50 0x000000008001207b
core   0: 0x000000008000ff0e (0xfc442703) lw      a4, -60(s0)
core   0: 3 0x000000008000ff0e (0xfc442703) x14 0x0000000000000000 mem 0x0000000080031f34
core   0: 0x000000008000ff12 (0x0ff77713) andi    a4, a4, 255
core   0: 3 0x000000008000ff12 (0x0ff77713) x14 0x0000000000000000
core   0: 0x000000008000ff16 (0x00e78023) sb      a4, 0(a5)
core   0: 3 0x000000008000ff16 (0x00e78023) mem 0x000000008001207a 0x00
core   0: 0x000000008000ff1a (0xfc843703) ld      a4, -56(s0)
core   0: 3 0x000000008000ff1a (0xfc843703) x14 0x0000000080012040 mem 0x0000000080031f38
core   0: 0x000000008000ff1e (0xfb843783) ld      a5, -72(s0)
core   0: 3 0x000000008000ff1e (0xfb843783) x15 0x000000000000009c mem 0x0000000080031f28
core   0: 0x000000008000ff22 (0x000097ba) c.add   a5, a4
core   0: 3 0x000000008000ff22 (0x97ba) x15 0x00000000800120dc
core   0: 0x000000008000ff24 (0xfe043703) ld      a4, -32(s0)
core   0: 3 0x000000008000ff24 (0xfe043703) x14 0x000000008001207b mem 0x0000000080031f50
core   0: 0x000000008000ff28 (0xfcf76de3) bltu    a4, a5, pc - 38
core   0: 3 0x000000008000ff28 (0xfcf76de3)
core   0: 0x000000008000ff02 (0xfe043783) ld      a5, -32(s0)
core   0: 3 0x000000008000ff02 (0xfe043783) x15 0x000000008001207b mem 0x0000000080031f50
core   0: 0x000000008000ff06 (0x00178713) addi    a4, a5, 1
core   0: 3 0x000000008000ff06 (0x00178713) x14 0x000000008001207c
core   0: 0x000000008000ff0a (0xfee43023) sd      a4, -32(s0)
core   0: 3 0x000000008000ff0a (0xfee43023) mem 0x0000000080031f50 0x000000008001207c
core   0: 0x000000008000ff0e (0xfc442703) lw      a4, -60(s0)
core   0: 3 0x000000008000ff0e (0xfc442703) x14 0x0000000000000000 mem 0x0000000080031f34
core   0: 0x000000008000ff12 (0x0ff77713) andi    a4, a4, 255
core   0: 3 0x000000008000ff12 (0x0ff77713) x14 0x0000000000000000
core   0: 0x000000008000ff16 (0x00e78023) sb      a4, 0(a5)
core   0: 3 0x000000008000ff16 (0x00e78023) mem 0x000000008001207b 0x00
core   0: 0x000000008000ff1a (0xfc843703) ld      a4, -56(s0)
core   0: 3 0x000000008000ff1a (0xfc843703) x14 0x0000000080012040 mem 0x0000000080031f38
core   0: 0x000000008000ff1e (0xfb843783) ld      a5, -72(s0)
core   0: 3 0x000000008000ff1e (0xfb843783) x15 0x000000000000009c mem 0x0000000080031f28
core   0: 0x000000008000ff22 (0x000097ba) c.add   a5, a4
core   0: 3 0x000000008000ff22 (0x97ba) x15 0x00000000800120dc
core   0: 0x000000008000ff24 (0xfe043703) ld      a4, -32(s0)
core   0: 3 0x000000008000ff24 (0xfe043703) x14 0x000000008001207c mem 0x0000000080031f50
core   0: 0x000000008000ff28 (0xfcf76de3) bltu    a4, a5, pc - 38
core   0: 3 0x000000008000ff28 (0xfcf76de3)
core   0: 0x000000008000ff02 (0xfe043783) ld      a5, -32(s0)
core   0: 3 0x000000008000ff02 (0xfe043783) x15 0x000000008001207c mem 0x0000000080031f50
core   0: 0x000000008000ff06 (0x00178713) addi    a4, a5, 1
core   0: 3 0x000000008000ff06 (0x00178713) x14 0x000000008001207d
core   0: 0x000000008000ff0a (0xfee43023) sd      a4, -32(s0)
core   0: 3 0x000000008000ff0a (0xfee43023) mem 0x0000000080031f50 0x000000008001207d
core   0: 0x000000008000ff0e (0xfc442703) lw      a4, -60(s0)
core   0: 3 0x000000008000ff0e (0xfc442703) x14 0x0000000000000000 mem 0x0000000080031f34
core   0: 0x000000008000ff12 (0x0ff77713) andi    a4, a4, 255
core   0: 3 0x000000008000ff12 (0x0ff77713) x14 0x0000000000000000
core   0: 0x000000008000ff16 (0x00e78023) sb      a4, 0(a5)
core   0: 3 0x000000008000ff16 (0x00e78023) mem 0x000000008001207c 0x00
core   0: 0x000000008000ff1a (0xfc843703) ld      a4, -56(s0)
core   0: 3 0x000000008000ff1a (0xfc843703) x14 0x0000000080012040 mem 0x0000000080031f38
core   0: 0x000000008000ff1e (0xfb843783) ld      a5, -72(s0)
core   0: 3 0x000000008000ff1e (0xfb843783) x15 0x000000000000009c mem 0x0000000080031f28
core   0: 0x000000008000ff22 (0x000097ba) c.add   a5, a4
core   0: 3 0x000000008000ff22 (0x97ba) x15 0x00000000800120dc
core   0: 0x000000008000ff24 (0xfe043703) ld      a4, -32(s0)
core   0: 3 0x000000008000ff24 (0xfe043703) x14 0x000000008001207d mem 0x0000000080031f50
core   0: 0x000000008000ff28 (0xfcf76de3) bltu    a4, a5, pc - 38
core   0: 3 0x000000008000ff28 (0xfcf76de3)
core   0: 0x000000008000ff02 (0xfe043783) ld      a5, -32(s0)
core   0: 3 0x000000008000ff02 (0xfe043783) x15 0x000000008001207d mem 0x0000000080031f50
core   0: 0x000000008000ff06 (0x00178713) addi    a4, a5, 1
core   0: 3 0x000000008000ff06 (0x00178713) x14 0x000000008001207e
core   0: 0x000000008000ff0a (0xfee43023) sd      a4, -32(s0)
core   0: 3 0x000000008000ff0a (0xfee43023) mem 0x0000000080031f50 0x000000008001207e
core   0: 0x000000008000ff0e (0xfc442703) lw      a4, -60(s0)
core   0: 3 0x000000008000ff0e (0xfc442703) x14 0x0000000000000000 mem 0x0000000080031f34
core   0: 0x000000008000ff12 (0x0ff77713) andi    a4, a4, 255
core   0: 3 0x000000008000ff12 (0x0ff77713) x14 0x0000000000000000
core   0: 0x000000008000ff16 (0x00e78023) sb      a4, 0(a5)
core   0: 3 0x000000008000ff16 (0x00e78023) mem 0x000000008001207d 0x00
core   0: 0x000000008000ff1a (0xfc843703) ld      a4, -56(s0)
core   0: 3 0x000000008000ff1a (0xfc843703) x14 0x0000000080012040 mem 0x0000000080031f38
core   0: 0x000000008000ff1e (0xfb843783) ld      a5, -72(s0)
core   0: 3 0x000000008000ff1e (0xfb843783) x15 0x000000000000009c mem 0x0000000080031f28
core   0: 0x000000008000ff22 (0x000097ba) c.add   a5, a4
core   0: 3 0x000000008000ff22 (0x97ba) x15 0x00000000800120dc
core   0: 0x000000008000ff24 (0xfe043703) ld      a4, -32(s0)
core   0: 3 0x000000008000ff24 (0xfe043703) x14 0x000000008001207e mem 0x0000000080031f50
core   0: 0x000000008000ff28 (0xfcf76de3) bltu    a4, a5, pc - 38
core   0: 3 0x000000008000ff28 (0xfcf76de3)
core   0: 0x000000008000ff02 (0xfe043783) ld      a5, -32(s0)
core   0: 3 0x000000008000ff02 (0xfe043783) x15 0x000000008001207e mem 0x0000000080031f50
core   0: 0x000000008000ff06 (0x00178713) addi    a4, a5, 1
core   0: 3 0x000000008000ff06 (0x00178713) x14 0x000000008001207f
core   0: 0x000000008000ff0a (0xfee43023) sd      a4, -32(s0)
core   0: 3 0x000000008000ff0a (0xfee43023) mem 0x0000000080031f50 0x000000008001207f
core   0: 0x000000008000ff0e (0xfc442703) lw      a4, -60(s0)
core   0: 3 0x000000008000ff0e (0xfc442703) x14 0x0000000000000000 mem 0x0000000080031f34
core   0: 0x000000008000ff12 (0x0ff77713) andi    a4, a4, 255
core   0: 3 0x000000008000ff12 (0x0ff77713) x14 0x0000000000000000
core   0: 0x000000008000ff16 (0x00e78023) sb      a4, 0(a5)
core   0: 3 0x000000008000ff16 (0x00e78023) mem 0x000000008001207e 0x00
core   0: 0x000000008000ff1a (0xfc843703) ld      a4, -56(s0)
core   0: 3 0x000000008000ff1a (0xfc843703) x14 0x0000000080012040 mem 0x0000000080031f38
core   0: 0x000000008000ff1e (0xfb843783) ld      a5, -72(s0)
core   0: 3 0x000000008000ff1e (0xfb843783) x15 0x000000000000009c mem 0x0000000080031f28
core   0: 0x000000008000ff22 (0x000097ba) c.add   a5, a4
core   0: 3 0x000000008000ff22 (0x97ba) x15 0x00000000800120dc
core   0: 0x000000008000ff24 (0xfe043703) ld      a4, -32(s0)
core   0: 3 0x000000008000ff24 (0xfe043703) x14 0x000000008001207f mem 0x0000000080031f50
core   0: 0x000000008000ff28 (0xfcf76de3) bltu    a4, a5, pc - 38
core   0: 3 0x000000008000ff28 (0xfcf76de3)
core   0: 0x000000008000ff02 (0xfe043783) ld      a5, -32(s0)
core   0: 3 0x000000008000ff02 (0xfe043783) x15 0x000000008001207f mem 0x0000000080031f50
core   0: 0x000000008000ff06 (0x00178713) addi    a4, a5, 1
core   0: 3 0x000000008000ff06 (0x00178713) x14 0x0000000080012080
core   0: 0x000000008000ff0a (0xfee43023) sd      a4, -32(s0)
core   0: 3 0x000000008000ff0a (0xfee43023) mem 0x0000000080031f50 0x0000000080012080
core   0: 0x000000008000ff0e (0xfc442703) lw      a4, -60(s0)
core   0: 3 0x000000008000ff0e (0xfc442703) x14 0x0000000000000000 mem 0x0000000080031f34
core   0: 0x000000008000ff12 (0x0ff77713) andi    a4, a4, 255
core   0: 3 0x000000008000ff12 (0x0ff77713) x14 0x0000000000000000
core   0: 0x000000008000ff16 (0x00e78023) sb      a4, 0(a5)
core   0: 3 0x000000008000ff16 (0x00e78023) mem 0x000000008001207f 0x00
core   0: 0x000000008000ff1a (0xfc843703) ld      a4, -56(s0)
core   0: 3 0x000000008000ff1a (0xfc843703) x14 0x0000000080012040 mem 0x0000000080031f38
core   0: 0x000000008000ff1e (0xfb843783) ld      a5, -72(s0)
core   0: 3 0x000000008000ff1e (0xfb843783) x15 0x000000000000009c mem 0x0000000080031f28
core   0: 0x000000008000ff22 (0x000097ba) c.add   a5, a4
core   0: 3 0x000000008000ff22 (0x97ba) x15 0x00000000800120dc
core   0: 0x000000008000ff24 (0xfe043703) ld      a4, -32(s0)
core   0: 3 0x000000008000ff24 (0xfe043703) x14 0x0000000080012080 mem 0x0000000080031f50
core   0: 0x000000008000ff28 (0xfcf76de3) bltu    a4, a5, pc - 38
core   0: 3 0x000000008000ff28 (0xfcf76de3)
core   0: 0x000000008000ff02 (0xfe043783) ld      a5, -32(s0)
core   0: 3 0x000000008000ff02 (0xfe043783) x15 0x0000000080012080 mem 0x0000000080031f50
core   0: 0x000000008000ff06 (0x00178713) addi    a4, a5, 1
core   0: 3 0x000000008000ff06 (0x00178713) x14 0x0000000080012081
core   0: 0x000000008000ff0a (0xfee43023) sd      a4, -32(s0)
core   0: 3 0x000000008000ff0a (0xfee43023) mem 0x0000000080031f50 0x0000000080012081
core   0: 0x000000008000ff0e (0xfc442703) lw      a4, -60(s0)
core   0: 3 0x000000008000ff0e (0xfc442703) x14 0x0000000000000000 mem 0x0000000080031f34
core   0: 0x000000008000ff12 (0x0ff77713) andi    a4, a4, 255
core   0: 3 0x000000008000ff12 (0x0ff77713) x14 0x0000000000000000
core   0: 0x000000008000ff16 (0x00e78023) sb      a4, 0(a5)
core   0: 3 0x000000008000ff16 (0x00e78023) mem 0x0000000080012080 0x00
core   0: 0x000000008000ff1a (0xfc843703) ld      a4, -56(s0)
core   0: 3 0x000000008000ff1a (0xfc843703) x14 0x0000000080012040 mem 0x0000000080031f38
core   0: 0x000000008000ff1e (0xfb843783) ld      a5, -72(s0)
core   0: 3 0x000000008000ff1e (0xfb843783) x15 0x000000000000009c mem 0x0000000080031f28
core   0: 0x000000008000ff22 (0x000097ba) c.add   a5, a4
core   0: 3 0x000000008000ff22 (0x97ba) x15 0x00000000800120dc
core   0: 0x000000008000ff24 (0xfe043703) ld      a4, -32(s0)
core   0: 3 0x000000008000ff24 (0xfe043703) x14 0x0000000080012081 mem 0x0000000080031f50
core   0: 0x000000008000ff28 (0xfcf76de3) bltu    a4, a5, pc - 38
core   0: 3 0x000000008000ff28 (0xfcf76de3)
core   0: 0x000000008000ff02 (0xfe043783) ld      a5, -32(s0)
core   0: 3 0x000000008000ff02 (0xfe043783) x15 0x0000000080012081 mem 0x0000000080031f50
core   0: 0x000000008000ff06 (0x00178713) addi    a4, a5, 1
core   0: 3 0x000000008000ff06 (0x00178713) x14 0x0000000080012082
core   0: 0x000000008000ff0a (0xfee43023) sd      a4, -32(s0)
core   0: 3 0x000000008000ff0a (0xfee43023) mem 0x0000000080031f50 0x0000000080012082
core   0: 0x000000008000ff0e (0xfc442703) lw      a4, -60(s0)
core   0: 3 0x000000008000ff0e (0xfc442703) x14 0x0000000000000000 mem 0x0000000080031f34
core   0: 0x000000008000ff12 (0x0ff77713) andi    a4, a4, 255
core   0: 3 0x000000008000ff12 (0x0ff77713) x14 0x0000000000000000
core   0: 0x000000008000ff16 (0x00e78023) sb      a4, 0(a5)
core   0: 3 0x000000008000ff16 (0x00e78023) mem 0x0000000080012081 0x00
core   0: 0x000000008000ff1a (0xfc843703) ld      a4, -56(s0)
core   0: 3 0x000000008000ff1a (0xfc843703) x14 0x0000000080012040 mem 0x0000000080031f38
core   0: 0x000000008000ff1e (0xfb843783) ld      a5, -72(s0)
core   0: 3 0x000000008000ff1e (0xfb843783) x15 0x000000000000009c mem 0x0000000080031f28
core   0: 0x000000008000ff22 (0x000097ba) c.add   a5, a4
core   0: 3 0x000000008000ff22 (0x97ba) x15 0x00000000800120dc
core   0: 0x000000008000ff24 (0xfe043703) ld      a4, -32(s0)
core   0: 3 0x000000008000ff24 (0xfe043703) x14 0x0000000080012082 mem 0x0000000080031f50
core   0: 0x000000008000ff28 (0xfcf76de3) bltu    a4, a5, pc - 38
core   0: 3 0x000000008000ff28 (0xfcf76de3)
core   0: 0x000000008000ff02 (0xfe043783) ld      a5, -32(s0)
core   0: 3 0x000000008000ff02 (0xfe043783) x15 0x0000000080012082 mem 0x0000000080031f50
core   0: 0x000000008000ff06 (0x00178713) addi    a4, a5, 1
core   0: 3 0x000000008000ff06 (0x00178713) x14 0x0000000080012083
core   0: 0x000000008000ff0a (0xfee43023) sd      a4, -32(s0)
core   0: 3 0x000000008000ff0a (0xfee43023) mem 0x0000000080031f50 0x0000000080012083
core   0: 0x000000008000ff0e (0xfc442703) lw      a4, -60(s0)
core   0: 3 0x000000008000ff0e (0xfc442703) x14 0x0000000000000000 mem 0x0000000080031f34
core   0: 0x000000008000ff12 (0x0ff77713) andi    a4, a4, 255
core   0: 3 0x000000008000ff12 (0x0ff77713) x14 0x0000000000000000
core   0: 0x000000008000ff16 (0x00e78023) sb      a4, 0(a5)
core   0: 3 0x000000008000ff16 (0x00e78023) mem 0x0000000080012082 0x00
core   0: 0x000000008000ff1a (0xfc843703) ld      a4, -56(s0)
core   0: 3 0x000000008000ff1a (0xfc843703) x14 0x0000000080012040 mem 0x0000000080031f38
core   0: 0x000000008000ff1e (0xfb843783) ld      a5, -72(s0)
core   0: 3 0x000000008000ff1e (0xfb843783) x15 0x000000000000009c mem 0x0000000080031f28
core   0: 0x000000008000ff22 (0x000097ba) c.add   a5, a4
core   0: 3 0x000000008000ff22 (0x97ba) x15 0x00000000800120dc
core   0: 0x000000008000ff24 (0xfe043703) ld      a4, -32(s0)
core   0: 3 0x000000008000ff24 (0xfe043703) x14 0x0000000080012083 mem 0x0000000080031f50
core   0: 0x000000008000ff28 (0xfcf76de3) bltu    a4, a5, pc - 38
core   0: 3 0x000000008000ff28 (0xfcf76de3)
core   0: 0x000000008000ff02 (0xfe043783) ld      a5, -32(s0)
core   0: 3 0x000000008000ff02 (0xfe043783) x15 0x0000000080012083 mem 0x0000000080031f50
core   0: 0x000000008000ff06 (0x00178713) addi    a4, a5, 1
core   0: 3 0x000000008000ff06 (0x00178713) x14 0x0000000080012084
core   0: 0x000000008000ff0a (0xfee43023) sd      a4, -32(s0)
core   0: 3 0x000000008000ff0a (0xfee43023) mem 0x0000000080031f50 0x0000000080012084
core   0: 0x000000008000ff0e (0xfc442703) lw      a4, -60(s0)
core   0: 3 0x000000008000ff0e (0xfc442703) x14 0x0000000000000000 mem 0x0000000080031f34
core   0: 0x000000008000ff12 (0x0ff77713) andi    a4, a4, 255
core   0: 3 0x000000008000ff12 (0x0ff77713) x14 0x0000000000000000
core   0: 0x000000008000ff16 (0x00e78023) sb      a4, 0(a5)
core   0: 3 0x000000008000ff16 (0x00e78023) mem 0x0000000080012083 0x00
core   0: 0x000000008000ff1a (0xfc843703) ld      a4, -56(s0)
core   0: 3 0x000000008000ff1a (0xfc843703) x14 0x0000000080012040 mem 0x0000000080031f38
core   0: 0x000000008000ff1e (0xfb843783) ld      a5, -72(s0)
core   0: 3 0x000000008000ff1e (0xfb843783) x15 0x000000000000009c mem 0x0000000080031f28
core   0: 0x000000008000ff22 (0x000097ba) c.add   a5, a4
core   0: 3 0x000000008000ff22 (0x97ba) x15 0x00000000800120dc
core   0: 0x000000008000ff24 (0xfe043703) ld      a4, -32(s0)
core   0: 3 0x000000008000ff24 (0xfe043703) x14 0x0000000080012084 mem 0x0000000080031f50
core   0: 0x000000008000ff28 (0xfcf76de3) bltu    a4, a5, pc - 38
core   0: 3 0x000000008000ff28 (0xfcf76de3)
core   0: 0x000000008000ff02 (0xfe043783) ld      a5, -32(s0)
core   0: 3 0x000000008000ff02 (0xfe043783) x15 0x0000000080012084 mem 0x0000000080031f50
core   0: 0x000000008000ff06 (0x00178713) addi    a4, a5, 1
core   0: 3 0x000000008000ff06 (0x00178713) x14 0x0000000080012085
core   0: 0x000000008000ff0a (0xfee43023) sd      a4, -32(s0)
core   0: 3 0x000000008000ff0a (0xfee43023) mem 0x0000000080031f50 0x0000000080012085
core   0: 0x000000008000ff0e (0xfc442703) lw      a4, -60(s0)
core   0: 3 0x000000008000ff0e (0xfc442703) x14 0x0000000000000000 mem 0x0000000080031f34
core   0: 0x000000008000ff12 (0x0ff77713) andi    a4, a4, 255
core   0: 3 0x000000008000ff12 (0x0ff77713) x14 0x0000000000000000
core   0: 0x000000008000ff16 (0x00e78023) sb      a4, 0(a5)
core   0: 3 0x000000008000ff16 (0x00e78023) mem 0x0000000080012084 0x00
core   0: 0x000000008000ff1a (0xfc843703) ld      a4, -56(s0)
core   0: 3 0x000000008000ff1a (0xfc843703) x14 0x0000000080012040 mem 0x0000000080031f38
core   0: 0x000000008000ff1e (0xfb843783) ld      a5, -72(s0)
core   0: 3 0x000000008000ff1e (0xfb843783) x15 0x000000000000009c mem 0x0000000080031f28
core   0: 0x000000008000ff22 (0x000097ba) c.add   a5, a4
core   0: 3 0x000000008000ff22 (0x97ba) x15 0x00000000800120dc
core   0: 0x000000008000ff24 (0xfe043703) ld      a4, -32(s0)
core   0: 3 0x000000008000ff24 (0xfe043703) x14 0x0000000080012085 mem 0x0000000080031f50
core   0: 0x000000008000ff28 (0xfcf76de3) bltu    a4, a5, pc - 38
core   0: 3 0x000000008000ff28 (0xfcf76de3)
core   0: 0x000000008000ff02 (0xfe043783) ld      a5, -32(s0)
core   0: 3 0x000000008000ff02 (0xfe043783) x15 0x0000000080012085 mem 0x0000000080031f50
core   0: 0x000000008000ff06 (0x00178713) addi    a4, a5, 1
core   0: 3 0x000000008000ff06 (0x00178713) x14 0x0000000080012086
core   0: 0x000000008000ff0a (0xfee43023) sd      a4, -32(s0)
core   0: 3 0x000000008000ff0a (0xfee43023) mem 0x0000000080031f50 0x0000000080012086
core   0: 0x000000008000ff0e (0xfc442703) lw      a4, -60(s0)
core   0: 3 0x000000008000ff0e (0xfc442703) x14 0x0000000000000000 mem 0x0000000080031f34
core   0: 0x000000008000ff12 (0x0ff77713) andi    a4, a4, 255
core   0: 3 0x000000008000ff12 (0x0ff77713) x14 0x0000000000000000
core   0: 0x000000008000ff16 (0x00e78023) sb      a4, 0(a5)
core   0: 3 0x000000008000ff16 (0x00e78023) mem 0x0000000080012085 0x00
core   0: 0x000000008000ff1a (0xfc843703) ld      a4, -56(s0)
core   0: 3 0x000000008000ff1a (0xfc843703) x14 0x0000000080012040 mem 0x0000000080031f38
core   0: 0x000000008000ff1e (0xfb843783) ld      a5, -72(s0)
core   0: 3 0x000000008000ff1e (0xfb843783) x15 0x000000000000009c mem 0x0000000080031f28
core   0: 0x000000008000ff22 (0x000097ba) c.add   a5, a4
core   0: 3 0x000000008000ff22 (0x97ba) x15 0x00000000800120dc
core   0: 0x000000008000ff24 (0xfe043703) ld      a4, -32(s0)
core   0: 3 0x000000008000ff24 (0xfe043703) x14 0x0000000080012086 mem 0x0000000080031f50
core   0: 0x000000008000ff28 (0xfcf76de3) bltu    a4, a5, pc - 38
core   0: 3 0x000000008000ff28 (0xfcf76de3)
core   0: 0x000000008000ff02 (0xfe043783) ld      a5, -32(s0)
core   0: 3 0x000000008000ff02 (0xfe043783) x15 0x0000000080012086 mem 0x0000000080031f50
core   0: 0x000000008000ff06 (0x00178713) addi    a4, a5, 1
core   0: 3 0x000000008000ff06 (0x00178713) x14 0x0000000080012087
core   0: 0x000000008000ff0a (0xfee43023) sd      a4, -32(s0)
core   0: 3 0x000000008000ff0a (0xfee43023) mem 0x0000000080031f50 0x0000000080012087
core   0: 0x000000008000ff0e (0xfc442703) lw      a4, -60(s0)
core   0: 3 0x000000008000ff0e (0xfc442703) x14 0x0000000000000000 mem 0x0000000080031f34
core   0: 0x000000008000ff12 (0x0ff77713) andi    a4, a4, 255
core   0: 3 0x000000008000ff12 (0x0ff77713) x14 0x0000000000000000
core   0: 0x000000008000ff16 (0x00e78023) sb      a4, 0(a5)
core   0: 3 0x000000008000ff16 (0x00e78023) mem 0x0000000080012086 0x00
core   0: 0x000000008000ff1a (0xfc843703) ld      a4, -56(s0)
core   0: 3 0x000000008000ff1a (0xfc843703) x14 0x0000000080012040 mem 0x0000000080031f38
core   0: 0x000000008000ff1e (0xfb843783) ld      a5, -72(s0)
core   0: 3 0x000000008000ff1e (0xfb843783) x15 0x000000000000009c mem 0x0000000080031f28
core   0: 0x000000008000ff22 (0x000097ba) c.add   a5, a4
core   0: 3 0x000000008000ff22 (0x97ba) x15 0x00000000800120dc
core   0: 0x000000008000ff24 (0xfe043703) ld      a4, -32(s0)
core   0: 3 0x000000008000ff24 (0xfe043703) x14 0x0000000080012087 mem 0x0000000080031f50
core   0: 0x000000008000ff28 (0xfcf76de3) bltu    a4, a5, pc - 38
core   0: 3 0x000000008000ff28 (0xfcf76de3)
core   0: 0x000000008000ff02 (0xfe043783) ld      a5, -32(s0)
core   0: 3 0x000000008000ff02 (0xfe043783) x15 0x0000000080012087 mem 0x0000000080031f50
core   0: 0x000000008000ff06 (0x00178713) addi    a4, a5, 1
core   0: 3 0x000000008000ff06 (0x00178713) x14 0x0000000080012088
core   0: 0x000000008000ff0a (0xfee43023) sd      a4, -32(s0)
core   0: 3 0x000000008000ff0a (0xfee43023) mem 0x0000000080031f50 0x0000000080012088
core   0: 0x000000008000ff0e (0xfc442703) lw      a4, -60(s0)
core   0: 3 0x000000008000ff0e (0xfc442703) x14 0x0000000000000000 mem 0x0000000080031f34
core   0: 0x000000008000ff12 (0x0ff77713) andi    a4, a4, 255
core   0: 3 0x000000008000ff12 (0x0ff77713) x14 0x0000000000000000
core   0: 0x000000008000ff16 (0x00e78023) sb      a4, 0(a5)
core   0: 3 0x000000008000ff16 (0x00e78023) mem 0x0000000080012087 0x00
core   0: 0x000000008000ff1a (0xfc843703) ld      a4, -56(s0)
core   0: 3 0x000000008000ff1a (0xfc843703) x14 0x0000000080012040 mem 0x0000000080031f38
core   0: 0x000000008000ff1e (0xfb843783) ld      a5, -72(s0)
core   0: 3 0x000000008000ff1e (0xfb843783) x15 0x000000000000009c mem 0x0000000080031f28
core   0: 0x000000008000ff22 (0x000097ba) c.add   a5, a4
core   0: 3 0x000000008000ff22 (0x97ba) x15 0x00000000800120dc
core   0: 0x000000008000ff24 (0xfe043703) ld      a4, -32(s0)
core   0: 3 0x000000008000ff24 (0xfe043703) x14 0x0000000080012088 mem 0x0000000080031f50
core   0: 0x000000008000ff28 (0xfcf76de3) bltu    a4, a5, pc - 38
core   0: 3 0x000000008000ff28 (0xfcf76de3)
core   0: 0x000000008000ff02 (0xfe043783) ld      a5, -32(s0)
core   0: 3 0x000000008000ff02 (0xfe043783) x15 0x0000000080012088 mem 0x0000000080031f50
core   0: 0x000000008000ff06 (0x00178713) addi    a4, a5, 1
core   0: 3 0x000000008000ff06 (0x00178713) x14 0x0000000080012089
core   0: 0x000000008000ff0a (0xfee43023) sd      a4, -32(s0)
core   0: 3 0x000000008000ff0a (0xfee43023) mem 0x0000000080031f50 0x0000000080012089
core   0: 0x000000008000ff0e (0xfc442703) lw      a4, -60(s0)
core   0: 3 0x000000008000ff0e (0xfc442703) x14 0x0000000000000000 mem 0x0000000080031f34
core   0: 0x000000008000ff12 (0x0ff77713) andi    a4, a4, 255
core   0: 3 0x000000008000ff12 (0x0ff77713) x14 0x0000000000000000
core   0: 0x000000008000ff16 (0x00e78023) sb      a4, 0(a5)
core   0: 3 0x000000008000ff16 (0x00e78023) mem 0x0000000080012088 0x00
core   0: 0x000000008000ff1a (0xfc843703) ld      a4, -56(s0)
core   0: 3 0x000000008000ff1a (0xfc843703) x14 0x0000000080012040 mem 0x0000000080031f38
core   0: 0x000000008000ff1e (0xfb843783) ld      a5, -72(s0)
core   0: 3 0x000000008000ff1e (0xfb843783) x15 0x000000000000009c mem 0x0000000080031f28
core   0: 0x000000008000ff22 (0x000097ba) c.add   a5, a4
core   0: 3 0x000000008000ff22 (0x97ba) x15 0x00000000800120dc
core   0: 0x000000008000ff24 (0xfe043703) ld      a4, -32(s0)
core   0: 3 0x000000008000ff24 (0xfe043703) x14 0x0000000080012089 mem 0x0000000080031f50
core   0: 0x000000008000ff28 (0xfcf76de3) bltu    a4, a5, pc - 38
core   0: 3 0x000000008000ff28 (0xfcf76de3)
core   0: 0x000000008000ff02 (0xfe043783) ld      a5, -32(s0)
core   0: 3 0x000000008000ff02 (0xfe043783) x15 0x0000000080012089 mem 0x0000000080031f50
core   0: 0x000000008000ff06 (0x00178713) addi    a4, a5, 1
core   0: 3 0x000000008000ff06 (0x00178713) x14 0x000000008001208a
core   0: 0x000000008000ff0a (0xfee43023) sd      a4, -32(s0)
core   0: 3 0x000000008000ff0a (0xfee43023) mem 0x0000000080031f50 0x000000008001208a
core   0: 0x000000008000ff0e (0xfc442703) lw      a4, -60(s0)
core   0: 3 0x000000008000ff0e (0xfc442703) x14 0x0000000000000000 mem 0x0000000080031f34
core   0: 0x000000008000ff12 (0x0ff77713) andi    a4, a4, 255
core   0: 3 0x000000008000ff12 (0x0ff77713) x14 0x0000000000000000
core   0: 0x000000008000ff16 (0x00e78023) sb      a4, 0(a5)
core   0: 3 0x000000008000ff16 (0x00e78023) mem 0x0000000080012089 0x00
core   0: 0x000000008000ff1a (0xfc843703) ld      a4, -56(s0)
core   0: 3 0x000000008000ff1a (0xfc843703) x14 0x0000000080012040 mem 0x0000000080031f38
core   0: 0x000000008000ff1e (0xfb843783) ld      a5, -72(s0)
core   0: 3 0x000000008000ff1e (0xfb843783) x15 0x000000000000009c mem 0x0000000080031f28
core   0: 0x000000008000ff22 (0x000097ba) c.add   a5, a4
core   0: 3 0x000000008000ff22 (0x97ba) x15 0x00000000800120dc
core   0: 0x000000008000ff24 (0xfe043703) ld      a4, -32(s0)
core   0: 3 0x000000008000ff24 (0xfe043703) x14 0x000000008001208a mem 0x0000000080031f50
core   0: 0x000000008000ff28 (0xfcf76de3) bltu    a4, a5, pc - 38
core   0: 3 0x000000008000ff28 (0xfcf76de3)
core   0: 0x000000008000ff02 (0xfe043783) ld      a5, -32(s0)
core   0: 3 0x000000008000ff02 (0xfe043783) x15 0x000000008001208a mem 0x0000000080031f50
core   0: 0x000000008000ff06 (0x00178713) addi    a4, a5, 1
core   0: 3 0x000000008000ff06 (0x00178713) x14 0x000000008001208b
core   0: 0x000000008000ff0a (0xfee43023) sd      a4, -32(s0)
core   0: 3 0x000000008000ff0a (0xfee43023) mem 0x0000000080031f50 0x000000008001208b
core   0: 0x000000008000ff0e (0xfc442703) lw      a4, -60(s0)
core   0: 3 0x000000008000ff0e (0xfc442703) x14 0x0000000000000000 mem 0x0000000080031f34
core   0: 0x000000008000ff12 (0x0ff77713) andi    a4, a4, 255
core   0: 3 0x000000008000ff12 (0x0ff77713) x14 0x0000000000000000
core   0: 0x000000008000ff16 (0x00e78023) sb      a4, 0(a5)
core   0: 3 0x000000008000ff16 (0x00e78023) mem 0x000000008001208a 0x00
core   0: 0x000000008000ff1a (0xfc843703) ld      a4, -56(s0)
core   0: 3 0x000000008000ff1a (0xfc843703) x14 0x0000000080012040 mem 0x0000000080031f38
core   0: 0x000000008000ff1e (0xfb843783) ld      a5, -72(s0)
core   0: 3 0x000000008000ff1e (0xfb843783) x15 0x000000000000009c mem 0x0000000080031f28
core   0: 0x000000008000ff22 (0x000097ba) c.add   a5, a4
core   0: 3 0x000000008000ff22 (0x97ba) x15 0x00000000800120dc
core   0: 0x000000008000ff24 (0xfe043703) ld      a4, -32(s0)
core   0: 3 0x000000008000ff24 (0xfe043703) x14 0x000000008001208b mem 0x0000000080031f50
core   0: 0x000000008000ff28 (0xfcf76de3) bltu    a4, a5, pc - 38
core   0: 3 0x000000008000ff28 (0xfcf76de3)
core   0: 0x000000008000ff02 (0xfe043783) ld      a5, -32(s0)
core   0: 3 0x000000008000ff02 (0xfe043783) x15 0x000000008001208b mem 0x0000000080031f50
core   0: 0x000000008000ff06 (0x00178713) addi    a4, a5, 1
core   0: 3 0x000000008000ff06 (0x00178713) x14 0x000000008001208c
core   0: 0x000000008000ff0a (0xfee43023) sd      a4, -32(s0)
core   0: 3 0x000000008000ff0a (0xfee43023) mem 0x0000000080031f50 0x000000008001208c
core   0: 0x000000008000ff0e (0xfc442703) lw      a4, -60(s0)
core   0: 3 0x000000008000ff0e (0xfc442703) x14 0x0000000000000000 mem 0x0000000080031f34
core   0: 0x000000008000ff12 (0x0ff77713) andi    a4, a4, 255
core   0: 3 0x000000008000ff12 (0x0ff77713) x14 0x0000000000000000
core   0: 0x000000008000ff16 (0x00e78023) sb      a4, 0(a5)
core   0: 3 0x000000008000ff16 (0x00e78023) mem 0x000000008001208b 0x00
core   0: 0x000000008000ff1a (0xfc843703) ld      a4, -56(s0)
core   0: 3 0x000000008000ff1a (0xfc843703) x14 0x0000000080012040 mem 0x0000000080031f38
core   0: 0x000000008000ff1e (0xfb843783) ld      a5, -72(s0)
core   0: 3 0x000000008000ff1e (0xfb843783) x15 0x000000000000009c mem 0x0000000080031f28
core   0: 0x000000008000ff22 (0x000097ba) c.add   a5, a4
core   0: 3 0x000000008000ff22 (0x97ba) x15 0x00000000800120dc
core   0: 0x000000008000ff24 (0xfe043703) ld      a4, -32(s0)
core   0: 3 0x000000008000ff24 (0xfe043703) x14 0x000000008001208c mem 0x0000000080031f50
core   0: 0x000000008000ff28 (0xfcf76de3) bltu    a4, a5, pc - 38
core   0: 3 0x000000008000ff28 (0xfcf76de3)
core   0: 0x000000008000ff02 (0xfe043783) ld      a5, -32(s0)
core   0: 3 0x000000008000ff02 (0xfe043783) x15 0x000000008001208c mem 0x0000000080031f50
core   0: 0x000000008000ff06 (0x00178713) addi    a4, a5, 1
core   0: 3 0x000000008000ff06 (0x00178713) x14 0x000000008001208d
core   0: 0x000000008000ff0a (0xfee43023) sd      a4, -32(s0)
core   0: 3 0x000000008000ff0a (0xfee43023) mem 0x0000000080031f50 0x000000008001208d
core   0: 0x000000008000ff0e (0xfc442703) lw      a4, -60(s0)
core   0: 3 0x000000008000ff0e (0xfc442703) x14 0x0000000000000000 mem 0x0000000080031f34
core   0: 0x000000008000ff12 (0x0ff77713) andi    a4, a4, 255
core   0: 3 0x000000008000ff12 (0x0ff77713) x14 0x0000000000000000
core   0: 0x000000008000ff16 (0x00e78023) sb      a4, 0(a5)
core   0: 3 0x000000008000ff16 (0x00e78023) mem 0x000000008001208c 0x00
core   0: 0x000000008000ff1a (0xfc843703) ld      a4, -56(s0)
core   0: 3 0x000000008000ff1a (0xfc843703) x14 0x0000000080012040 mem 0x0000000080031f38
core   0: 0x000000008000ff1e (0xfb843783) ld      a5, -72(s0)
core   0: 3 0x000000008000ff1e (0xfb843783) x15 0x000000000000009c mem 0x0000000080031f28
core   0: 0x000000008000ff22 (0x000097ba) c.add   a5, a4
core   0: 3 0x000000008000ff22 (0x97ba) x15 0x00000000800120dc
core   0: 0x000000008000ff24 (0xfe043703) ld      a4, -32(s0)
core   0: 3 0x000000008000ff24 (0xfe043703) x14 0x000000008001208d mem 0x0000000080031f50
core   0: 0x000000008000ff28 (0xfcf76de3) bltu    a4, a5, pc - 38
core   0: 3 0x000000008000ff28 (0xfcf76de3)
core   0: 0x000000008000ff02 (0xfe043783) ld      a5, -32(s0)
core   0: 3 0x000000008000ff02 (0xfe043783) x15 0x000000008001208d mem 0x0000000080031f50
core   0: 0x000000008000ff06 (0x00178713) addi    a4, a5, 1
core   0: 3 0x000000008000ff06 (0x00178713) x14 0x000000008001208e
core   0: 0x000000008000ff0a (0xfee43023) sd      a4, -32(s0)
core   0: 3 0x000000008000ff0a (0xfee43023) mem 0x0000000080031f50 0x000000008001208e
core   0: 0x000000008000ff0e (0xfc442703) lw      a4, -60(s0)
core   0: 3 0x000000008000ff0e (0xfc442703) x14 0x0000000000000000 mem 0x0000000080031f34
core   0: 0x000000008000ff12 (0x0ff77713) andi    a4, a4, 255
core   0: 3 0x000000008000ff12 (0x0ff77713) x14 0x0000000000000000
core   0: 0x000000008000ff16 (0x00e78023) sb      a4, 0(a5)
core   0: 3 0x000000008000ff16 (0x00e78023) mem 0x000000008001208d 0x00
core   0: 0x000000008000ff1a (0xfc843703) ld      a4, -56(s0)
core   0: 3 0x000000008000ff1a (0xfc843703) x14 0x0000000080012040 mem 0x0000000080031f38
core   0: 0x000000008000ff1e (0xfb843783) ld      a5, -72(s0)
core   0: 3 0x000000008000ff1e (0xfb843783) x15 0x000000000000009c mem 0x0000000080031f28
core   0: 0x000000008000ff22 (0x000097ba) c.add   a5, a4
core   0: 3 0x000000008000ff22 (0x97ba) x15 0x00000000800120dc
core   0: 0x000000008000ff24 (0xfe043703) ld      a4, -32(s0)
core   0: 3 0x000000008000ff24 (0xfe043703) x14 0x000000008001208e mem 0x0000000080031f50
core   0: 0x000000008000ff28 (0xfcf76de3) bltu    a4, a5, pc - 38
core   0: 3 0x000000008000ff28 (0xfcf76de3)
core   0: 0x000000008000ff02 (0xfe043783) ld      a5, -32(s0)
core   0: 3 0x000000008000ff02 (0xfe043783) x15 0x000000008001208e mem 0x0000000080031f50
core   0: 0x000000008000ff06 (0x00178713) addi    a4, a5, 1
core   0: 3 0x000000008000ff06 (0x00178713) x14 0x000000008001208f
core   0: 0x000000008000ff0a (0xfee43023) sd      a4, -32(s0)
core   0: 3 0x000000008000ff0a (0xfee43023) mem 0x0000000080031f50 0x000000008001208f
core   0: 0x000000008000ff0e (0xfc442703) lw      a4, -60(s0)
core   0: 3 0x000000008000ff0e (0xfc442703) x14 0x0000000000000000 mem 0x0000000080031f34
core   0: 0x000000008000ff12 (0x0ff77713) andi    a4, a4, 255
core   0: 3 0x000000008000ff12 (0x0ff77713) x14 0x0000000000000000
core   0: 0x000000008000ff16 (0x00e78023) sb      a4, 0(a5)
core   0: 3 0x000000008000ff16 (0x00e78023) mem 0x000000008001208e 0x00
core   0: 0x000000008000ff1a (0xfc843703) ld      a4, -56(s0)
core   0: 3 0x000000008000ff1a (0xfc843703) x14 0x0000000080012040 mem 0x0000000080031f38
core   0: 0x000000008000ff1e (0xfb843783) ld      a5, -72(s0)
core   0: 3 0x000000008000ff1e (0xfb843783) x15 0x000000000000009c mem 0x0000000080031f28
core   0: 0x000000008000ff22 (0x000097ba) c.add   a5, a4
core   0: 3 0x000000008000ff22 (0x97ba) x15 0x00000000800120dc
core   0: 0x000000008000ff24 (0xfe043703) ld      a4, -32(s0)
core   0: 3 0x000000008000ff24 (0xfe043703) x14 0x000000008001208f mem 0x0000000080031f50
core   0: 0x000000008000ff28 (0xfcf76de3) bltu    a4, a5, pc - 38
core   0: 3 0x000000008000ff28 (0xfcf76de3)
core   0: 0x000000008000ff02 (0xfe043783) ld      a5, -32(s0)
core   0: 3 0x000000008000ff02 (0xfe043783) x15 0x000000008001208f mem 0x0000000080031f50
core   0: 0x000000008000ff06 (0x00178713) addi    a4, a5, 1
core   0: 3 0x000000008000ff06 (0x00178713) x14 0x0000000080012090
core   0: 0x000000008000ff0a (0xfee43023) sd      a4, -32(s0)
core   0: 3 0x000000008000ff0a (0xfee43023) mem 0x0000000080031f50 0x0000000080012090
core   0: 0x000000008000ff0e (0xfc442703) lw      a4, -60(s0)
core   0: 3 0x000000008000ff0e (0xfc442703) x14 0x0000000000000000 mem 0x0000000080031f34
core   0: 0x000000008000ff12 (0x0ff77713) andi    a4, a4, 255
core   0: 3 0x000000008000ff12 (0x0ff77713) x14 0x0000000000000000
core   0: 0x000000008000ff16 (0x00e78023) sb      a4, 0(a5)
core   0: 3 0x000000008000ff16 (0x00e78023) mem 0x000000008001208f 0x00
core   0: 0x000000008000ff1a (0xfc843703) ld      a4, -56(s0)
core   0: 3 0x000000008000ff1a (0xfc843703) x14 0x0000000080012040 mem 0x0000000080031f38
core   0: 0x000000008000ff1e (0xfb843783) ld      a5, -72(s0)
core   0: 3 0x000000008000ff1e (0xfb843783) x15 0x000000000000009c mem 0x0000000080031f28
core   0: 0x000000008000ff22 (0x000097ba) c.add   a5, a4
core   0: 3 0x000000008000ff22 (0x97ba) x15 0x00000000800120dc
core   0: 0x000000008000ff24 (0xfe043703) ld      a4, -32(s0)
core   0: 3 0x000000008000ff24 (0xfe043703) x14 0x0000000080012090 mem 0x0000000080031f50
core   0: 0x000000008000ff28 (0xfcf76de3) bltu    a4, a5, pc - 38
core   0: 3 0x000000008000ff28 (0xfcf76de3)
core   0: 0x000000008000ff02 (0xfe043783) ld      a5, -32(s0)
core   0: 3 0x000000008000ff02 (0xfe043783) x15 0x0000000080012090 mem 0x0000000080031f50
core   0: 0x000000008000ff06 (0x00178713) addi    a4, a5, 1
core   0: 3 0x000000008000ff06 (0x00178713) x14 0x0000000080012091
core   0: 0x000000008000ff0a (0xfee43023) sd      a4, -32(s0)
core   0: 3 0x000000008000ff0a (0xfee43023) mem 0x0000000080031f50 0x0000000080012091
core   0: 0x000000008000ff0e (0xfc442703) lw      a4, -60(s0)
core   0: 3 0x000000008000ff0e (0xfc442703) x14 0x0000000000000000 mem 0x0000000080031f34
core   0: 0x000000008000ff12 (0x0ff77713) andi    a4, a4, 255
core   0: 3 0x000000008000ff12 (0x0ff77713) x14 0x0000000000000000
core   0: 0x000000008000ff16 (0x00e78023) sb      a4, 0(a5)
core   0: 3 0x000000008000ff16 (0x00e78023) mem 0x0000000080012090 0x00
core   0: 0x000000008000ff1a (0xfc843703) ld      a4, -56(s0)
core   0: 3 0x000000008000ff1a (0xfc843703) x14 0x0000000080012040 mem 0x0000000080031f38
core   0: 0x000000008000ff1e (0xfb843783) ld      a5, -72(s0)
core   0: 3 0x000000008000ff1e (0xfb843783) x15 0x000000000000009c mem 0x0000000080031f28
core   0: 0x000000008000ff22 (0x000097ba) c.add   a5, a4
core   0: 3 0x000000008000ff22 (0x97ba) x15 0x00000000800120dc
core   0: 0x000000008000ff24 (0xfe043703) ld      a4, -32(s0)
core   0: 3 0x000000008000ff24 (0xfe043703) x14 0x0000000080012091 mem 0x0000000080031f50
core   0: 0x000000008000ff28 (0xfcf76de3) bltu    a4, a5, pc - 38
core   0: 3 0x000000008000ff28 (0xfcf76de3)
core   0: 0x000000008000ff02 (0xfe043783) ld      a5, -32(s0)
core   0: 3 0x000000008000ff02 (0xfe043783) x15 0x0000000080012091 mem 0x0000000080031f50
core   0: 0x000000008000ff06 (0x00178713) addi    a4, a5, 1
core   0: 3 0x000000008000ff06 (0x00178713) x14 0x0000000080012092
core   0: 0x000000008000ff0a (0xfee43023) sd      a4, -32(s0)
core   0: 3 0x000000008000ff0a (0xfee43023) mem 0x0000000080031f50 0x0000000080012092
core   0: 0x000000008000ff0e (0xfc442703) lw      a4, -60(s0)
core   0: 3 0x000000008000ff0e (0xfc442703) x14 0x0000000000000000 mem 0x0000000080031f34
core   0: 0x000000008000ff12 (0x0ff77713) andi    a4, a4, 255
core   0: 3 0x000000008000ff12 (0x0ff77713) x14 0x0000000000000000
core   0: 0x000000008000ff16 (0x00e78023) sb      a4, 0(a5)
core   0: 3 0x000000008000ff16 (0x00e78023) mem 0x0000000080012091 0x00
core   0: 0x000000008000ff1a (0xfc843703) ld      a4, -56(s0)
core   0: 3 0x000000008000ff1a (0xfc843703) x14 0x0000000080012040 mem 0x0000000080031f38
core   0: 0x000000008000ff1e (0xfb843783) ld      a5, -72(s0)
core   0: 3 0x000000008000ff1e (0xfb843783) x15 0x000000000000009c mem 0x0000000080031f28
core   0: 0x000000008000ff22 (0x000097ba) c.add   a5, a4
core   0: 3 0x000000008000ff22 (0x97ba) x15 0x00000000800120dc
core   0: 0x000000008000ff24 (0xfe043703) ld      a4, -32(s0)
core   0: 3 0x000000008000ff24 (0xfe043703) x14 0x0000000080012092 mem 0x0000000080031f50
core   0: 0x000000008000ff28 (0xfcf76de3) bltu    a4, a5, pc - 38
core   0: 3 0x000000008000ff28 (0xfcf76de3)
core   0: 0x000000008000ff02 (0xfe043783) ld      a5, -32(s0)
core   0: 3 0x000000008000ff02 (0xfe043783) x15 0x0000000080012092 mem 0x0000000080031f50
core   0: 0x000000008000ff06 (0x00178713) addi    a4, a5, 1
core   0: 3 0x000000008000ff06 (0x00178713) x14 0x0000000080012093
core   0: 0x000000008000ff0a (0xfee43023) sd      a4, -32(s0)
core   0: 3 0x000000008000ff0a (0xfee43023) mem 0x0000000080031f50 0x0000000080012093
core   0: 0x000000008000ff0e (0xfc442703) lw      a4, -60(s0)
core   0: 3 0x000000008000ff0e (0xfc442703) x14 0x0000000000000000 mem 0x0000000080031f34
core   0: 0x000000008000ff12 (0x0ff77713) andi    a4, a4, 255
core   0: 3 0x000000008000ff12 (0x0ff77713) x14 0x0000000000000000
core   0: 0x000000008000ff16 (0x00e78023) sb      a4, 0(a5)
core   0: 3 0x000000008000ff16 (0x00e78023) mem 0x0000000080012092 0x00
core   0: 0x000000008000ff1a (0xfc843703) ld      a4, -56(s0)
core   0: 3 0x000000008000ff1a (0xfc843703) x14 0x0000000080012040 mem 0x0000000080031f38
core   0: 0x000000008000ff1e (0xfb843783) ld      a5, -72(s0)
core   0: 3 0x000000008000ff1e (0xfb843783) x15 0x000000000000009c mem 0x0000000080031f28
core   0: 0x000000008000ff22 (0x000097ba) c.add   a5, a4
core   0: 3 0x000000008000ff22 (0x97ba) x15 0x00000000800120dc
core   0: 0x000000008000ff24 (0xfe043703) ld      a4, -32(s0)
core   0: 3 0x000000008000ff24 (0xfe043703) x14 0x0000000080012093 mem 0x0000000080031f50
core   0: 0x000000008000ff28 (0xfcf76de3) bltu    a4, a5, pc - 38
core   0: 3 0x000000008000ff28 (0xfcf76de3)
core   0: 0x000000008000ff02 (0xfe043783) ld      a5, -32(s0)
core   0: 3 0x000000008000ff02 (0xfe043783) x15 0x0000000080012093 mem 0x0000000080031f50
core   0: 0x000000008000ff06 (0x00178713) addi    a4, a5, 1
core   0: 3 0x000000008000ff06 (0x00178713) x14 0x0000000080012094
core   0: 0x000000008000ff0a (0xfee43023) sd      a4, -32(s0)
core   0: 3 0x000000008000ff0a (0xfee43023) mem 0x0000000080031f50 0x0000000080012094
core   0: 0x000000008000ff0e (0xfc442703) lw      a4, -60(s0)
core   0: 3 0x000000008000ff0e (0xfc442703) x14 0x0000000000000000 mem 0x0000000080031f34
core   0: 0x000000008000ff12 (0x0ff77713) andi    a4, a4, 255
core   0: 3 0x000000008000ff12 (0x0ff77713) x14 0x0000000000000000
core   0: 0x000000008000ff16 (0x00e78023) sb      a4, 0(a5)
core   0: 3 0x000000008000ff16 (0x00e78023) mem 0x0000000080012093 0x00
core   0: 0x000000008000ff1a (0xfc843703) ld      a4, -56(s0)
core   0: 3 0x000000008000ff1a (0xfc843703) x14 0x0000000080012040 mem 0x0000000080031f38
core   0: 0x000000008000ff1e (0xfb843783) ld      a5, -72(s0)
core   0: 3 0x000000008000ff1e (0xfb843783) x15 0x000000000000009c mem 0x0000000080031f28
core   0: 0x000000008000ff22 (0x000097ba) c.add   a5, a4
core   0: 3 0x000000008000ff22 (0x97ba) x15 0x00000000800120dc
core   0: 0x000000008000ff24 (0xfe043703) ld      a4, -32(s0)
core   0: 3 0x000000008000ff24 (0xfe043703) x14 0x0000000080012094 mem 0x0000000080031f50
core   0: 0x000000008000ff28 (0xfcf76de3) bltu    a4, a5, pc - 38
core   0: 3 0x000000008000ff28 (0xfcf76de3)
core   0: 0x000000008000ff02 (0xfe043783) ld      a5, -32(s0)
core   0: 3 0x000000008000ff02 (0xfe043783) x15 0x0000000080012094 mem 0x0000000080031f50
core   0: 0x000000008000ff06 (0x00178713) addi    a4, a5, 1
core   0: 3 0x000000008000ff06 (0x00178713) x14 0x0000000080012095
core   0: 0x000000008000ff0a (0xfee43023) sd      a4, -32(s0)
core   0: 3 0x000000008000ff0a (0xfee43023) mem 0x0000000080031f50 0x0000000080012095
core   0: 0x000000008000ff0e (0xfc442703) lw      a4, -60(s0)
core   0: 3 0x000000008000ff0e (0xfc442703) x14 0x0000000000000000 mem 0x0000000080031f34
core   0: 0x000000008000ff12 (0x0ff77713) andi    a4, a4, 255
core   0: 3 0x000000008000ff12 (0x0ff77713) x14 0x0000000000000000
core   0: 0x000000008000ff16 (0x00e78023) sb      a4, 0(a5)
core   0: 3 0x000000008000ff16 (0x00e78023) mem 0x0000000080012094 0x00
core   0: 0x000000008000ff1a (0xfc843703) ld      a4, -56(s0)
core   0: 3 0x000000008000ff1a (0xfc843703) x14 0x0000000080012040 mem 0x0000000080031f38
core   0: 0x000000008000ff1e (0xfb843783) ld      a5, -72(s0)
core   0: 3 0x000000008000ff1e (0xfb843783) x15 0x000000000000009c mem 0x0000000080031f28
core   0: 0x000000008000ff22 (0x000097ba) c.add   a5, a4
core   0: 3 0x000000008000ff22 (0x97ba) x15 0x00000000800120dc
core   0: 0x000000008000ff24 (0xfe043703) ld      a4, -32(s0)
core   0: 3 0x000000008000ff24 (0xfe043703) x14 0x0000000080012095 mem 0x0000000080031f50
core   0: 0x000000008000ff28 (0xfcf76de3) bltu    a4, a5, pc - 38
core   0: 3 0x000000008000ff28 (0xfcf76de3)
core   0: 0x000000008000ff02 (0xfe043783) ld      a5, -32(s0)
core   0: 3 0x000000008000ff02 (0xfe043783) x15 0x0000000080012095 mem 0x0000000080031f50
core   0: 0x000000008000ff06 (0x00178713) addi    a4, a5, 1
core   0: 3 0x000000008000ff06 (0x00178713) x14 0x0000000080012096
core   0: 0x000000008000ff0a (0xfee43023) sd      a4, -32(s0)
core   0: 3 0x000000008000ff0a (0xfee43023) mem 0x0000000080031f50 0x0000000080012096
core   0: 0x000000008000ff0e (0xfc442703) lw      a4, -60(s0)
core   0: 3 0x000000008000ff0e (0xfc442703) x14 0x0000000000000000 mem 0x0000000080031f34
core   0: 0x000000008000ff12 (0x0ff77713) andi    a4, a4, 255
core   0: 3 0x000000008000ff12 (0x0ff77713) x14 0x0000000000000000
core   0: 0x000000008000ff16 (0x00e78023) sb      a4, 0(a5)
core   0: 3 0x000000008000ff16 (0x00e78023) mem 0x0000000080012095 0x00
core   0: 0x000000008000ff1a (0xfc843703) ld      a4, -56(s0)
core   0: 3 0x000000008000ff1a (0xfc843703) x14 0x0000000080012040 mem 0x0000000080031f38
core   0: 0x000000008000ff1e (0xfb843783) ld      a5, -72(s0)
core   0: 3 0x000000008000ff1e (0xfb843783) x15 0x000000000000009c mem 0x0000000080031f28
core   0: 0x000000008000ff22 (0x000097ba) c.add   a5, a4
core   0: 3 0x000000008000ff22 (0x97ba) x15 0x00000000800120dc
core   0: 0x000000008000ff24 (0xfe043703) ld      a4, -32(s0)
core   0: 3 0x000000008000ff24 (0xfe043703) x14 0x0000000080012096 mem 0x0000000080031f50
core   0: 0x000000008000ff28 (0xfcf76de3) bltu    a4, a5, pc - 38
core   0: 3 0x000000008000ff28 (0xfcf76de3)
core   0: 0x000000008000ff02 (0xfe043783) ld      a5, -32(s0)
core   0: 3 0x000000008000ff02 (0xfe043783) x15 0x0000000080012096 mem 0x0000000080031f50
core   0: 0x000000008000ff06 (0x00178713) addi    a4, a5, 1
core   0: 3 0x000000008000ff06 (0x00178713) x14 0x0000000080012097
core   0: 0x000000008000ff0a (0xfee43023) sd      a4, -32(s0)
core   0: 3 0x000000008000ff0a (0xfee43023) mem 0x0000000080031f50 0x0000000080012097
core   0: 0x000000008000ff0e (0xfc442703) lw      a4, -60(s0)
core   0: 3 0x000000008000ff0e (0xfc442703) x14 0x0000000000000000 mem 0x0000000080031f34
core   0: 0x000000008000ff12 (0x0ff77713) andi    a4, a4, 255
core   0: 3 0x000000008000ff12 (0x0ff77713) x14 0x0000000000000000
core   0: 0x000000008000ff16 (0x00e78023) sb      a4, 0(a5)
core   0: 3 0x000000008000ff16 (0x00e78023) mem 0x0000000080012096 0x00
core   0: 0x000000008000ff1a (0xfc843703) ld      a4, -56(s0)
core   0: 3 0x000000008000ff1a (0xfc843703) x14 0x0000000080012040 mem 0x0000000080031f38
core   0: 0x000000008000ff1e (0xfb843783) ld      a5, -72(s0)
core   0: 3 0x000000008000ff1e (0xfb843783) x15 0x000000000000009c mem 0x0000000080031f28
core   0: 0x000000008000ff22 (0x000097ba) c.add   a5, a4
core   0: 3 0x000000008000ff22 (0x97ba) x15 0x00000000800120dc
core   0: 0x000000008000ff24 (0xfe043703) ld      a4, -32(s0)
core   0: 3 0x000000008000ff24 (0xfe043703) x14 0x0000000080012097 mem 0x0000000080031f50
core   0: 0x000000008000ff28 (0xfcf76de3) bltu    a4, a5, pc - 38
core   0: 3 0x000000008000ff28 (0xfcf76de3)
core   0: 0x000000008000ff02 (0xfe043783) ld      a5, -32(s0)
core   0: 3 0x000000008000ff02 (0xfe043783) x15 0x0000000080012097 mem 0x0000000080031f50
core   0: 0x000000008000ff06 (0x00178713) addi    a4, a5, 1
core   0: 3 0x000000008000ff06 (0x00178713) x14 0x0000000080012098
core   0: 0x000000008000ff0a (0xfee43023) sd      a4, -32(s0)
core   0: 3 0x000000008000ff0a (0xfee43023) mem 0x0000000080031f50 0x0000000080012098
core   0: 0x000000008000ff0e (0xfc442703) lw      a4, -60(s0)
core   0: 3 0x000000008000ff0e (0xfc442703) x14 0x0000000000000000 mem 0x0000000080031f34
core   0: 0x000000008000ff12 (0x0ff77713) andi    a4, a4, 255
core   0: 3 0x000000008000ff12 (0x0ff77713) x14 0x0000000000000000
core   0: 0x000000008000ff16 (0x00e78023) sb      a4, 0(a5)
core   0: 3 0x000000008000ff16 (0x00e78023) mem 0x0000000080012097 0x00
core   0: 0x000000008000ff1a (0xfc843703) ld      a4, -56(s0)
core   0: 3 0x000000008000ff1a (0xfc843703) x14 0x0000000080012040 mem 0x0000000080031f38
core   0: 0x000000008000ff1e (0xfb843783) ld      a5, -72(s0)
core   0: 3 0x000000008000ff1e (0xfb843783) x15 0x000000000000009c mem 0x0000000080031f28
core   0: 0x000000008000ff22 (0x000097ba) c.add   a5, a4
core   0: 3 0x000000008000ff22 (0x97ba) x15 0x00000000800120dc
core   0: 0x000000008000ff24 (0xfe043703) ld      a4, -32(s0)
core   0: 3 0x000000008000ff24 (0xfe043703) x14 0x0000000080012098 mem 0x0000000080031f50
core   0: 0x000000008000ff28 (0xfcf76de3) bltu    a4, a5, pc - 38
core   0: 3 0x000000008000ff28 (0xfcf76de3)
core   0: 0x000000008000ff02 (0xfe043783) ld      a5, -32(s0)
core   0: 3 0x000000008000ff02 (0xfe043783) x15 0x0000000080012098 mem 0x0000000080031f50
core   0: 0x000000008000ff06 (0x00178713) addi    a4, a5, 1
core   0: 3 0x000000008000ff06 (0x00178713) x14 0x0000000080012099
core   0: 0x000000008000ff0a (0xfee43023) sd      a4, -32(s0)
core   0: 3 0x000000008000ff0a (0xfee43023) mem 0x0000000080031f50 0x0000000080012099
core   0: 0x000000008000ff0e (0xfc442703) lw      a4, -60(s0)
core   0: 3 0x000000008000ff0e (0xfc442703) x14 0x0000000000000000 mem 0x0000000080031f34
core   0: 0x000000008000ff12 (0x0ff77713) andi    a4, a4, 255
core   0: 3 0x000000008000ff12 (0x0ff77713) x14 0x0000000000000000
core   0: 0x000000008000ff16 (0x00e78023) sb      a4, 0(a5)
core   0: 3 0x000000008000ff16 (0x00e78023) mem 0x0000000080012098 0x00
core   0: 0x000000008000ff1a (0xfc843703) ld      a4, -56(s0)
core   0: 3 0x000000008000ff1a (0xfc843703) x14 0x0000000080012040 mem 0x0000000080031f38
core   0: 0x000000008000ff1e (0xfb843783) ld      a5, -72(s0)
core   0: 3 0x000000008000ff1e (0xfb843783) x15 0x000000000000009c mem 0x0000000080031f28
core   0: 0x000000008000ff22 (0x000097ba) c.add   a5, a4
core   0: 3 0x000000008000ff22 (0x97ba) x15 0x00000000800120dc
core   0: 0x000000008000ff24 (0xfe043703) ld      a4, -32(s0)
core   0: 3 0x000000008000ff24 (0xfe043703) x14 0x0000000080012099 mem 0x0000000080031f50
core   0: 0x000000008000ff28 (0xfcf76de3) bltu    a4, a5, pc - 38
core   0: 3 0x000000008000ff28 (0xfcf76de3)
core   0: 0x000000008000ff02 (0xfe043783) ld      a5, -32(s0)
core   0: 3 0x000000008000ff02 (0xfe043783) x15 0x0000000080012099 mem 0x0000000080031f50
core   0: 0x000000008000ff06 (0x00178713) addi    a4, a5, 1
core   0: 3 0x000000008000ff06 (0x00178713) x14 0x000000008001209a
core   0: 0x000000008000ff0a (0xfee43023) sd      a4, -32(s0)
core   0: 3 0x000000008000ff0a (0xfee43023) mem 0x0000000080031f50 0x000000008001209a
core   0: 0x000000008000ff0e (0xfc442703) lw      a4, -60(s0)
core   0: 3 0x000000008000ff0e (0xfc442703) x14 0x0000000000000000 mem 0x0000000080031f34
core   0: 0x000000008000ff12 (0x0ff77713) andi    a4, a4, 255
core   0: 3 0x000000008000ff12 (0x0ff77713) x14 0x0000000000000000
core   0: 0x000000008000ff16 (0x00e78023) sb      a4, 0(a5)
core   0: 3 0x000000008000ff16 (0x00e78023) mem 0x0000000080012099 0x00
core   0: 0x000000008000ff1a (0xfc843703) ld      a4, -56(s0)
core   0: 3 0x000000008000ff1a (0xfc843703) x14 0x0000000080012040 mem 0x0000000080031f38
core   0: 0x000000008000ff1e (0xfb843783) ld      a5, -72(s0)
core   0: 3 0x000000008000ff1e (0xfb843783) x15 0x000000000000009c mem 0x0000000080031f28
core   0: 0x000000008000ff22 (0x000097ba) c.add   a5, a4
core   0: 3 0x000000008000ff22 (0x97ba) x15 0x00000000800120dc
core   0: 0x000000008000ff24 (0xfe043703) ld      a4, -32(s0)
core   0: 3 0x000000008000ff24 (0xfe043703) x14 0x000000008001209a mem 0x0000000080031f50
core   0: 0x000000008000ff28 (0xfcf76de3) bltu    a4, a5, pc - 38
core   0: 3 0x000000008000ff28 (0xfcf76de3)
core   0: 0x000000008000ff02 (0xfe043783) ld      a5, -32(s0)
core   0: 3 0x000000008000ff02 (0xfe043783) x15 0x000000008001209a mem 0x0000000080031f50
core   0: 0x000000008000ff06 (0x00178713) addi    a4, a5, 1
core   0: 3 0x000000008000ff06 (0x00178713) x14 0x000000008001209b
core   0: 0x000000008000ff0a (0xfee43023) sd      a4, -32(s0)
core   0: 3 0x000000008000ff0a (0xfee43023) mem 0x0000000080031f50 0x000000008001209b
core   0: 0x000000008000ff0e (0xfc442703) lw      a4, -60(s0)
core   0: 3 0x000000008000ff0e (0xfc442703) x14 0x0000000000000000 mem 0x0000000080031f34
core   0: 0x000000008000ff12 (0x0ff77713) andi    a4, a4, 255
core   0: 3 0x000000008000ff12 (0x0ff77713) x14 0x0000000000000000
core   0: 0x000000008000ff16 (0x00e78023) sb      a4, 0(a5)
core   0: 3 0x000000008000ff16 (0x00e78023) mem 0x000000008001209a 0x00
core   0: 0x000000008000ff1a (0xfc843703) ld      a4, -56(s0)
core   0: 3 0x000000008000ff1a (0xfc843703) x14 0x0000000080012040 mem 0x0000000080031f38
core   0: 0x000000008000ff1e (0xfb843783) ld      a5, -72(s0)
core   0: 3 0x000000008000ff1e (0xfb843783) x15 0x000000000000009c mem 0x0000000080031f28
core   0: 0x000000008000ff22 (0x000097ba) c.add   a5, a4
core   0: 3 0x000000008000ff22 (0x97ba) x15 0x00000000800120dc
core   0: 0x000000008000ff24 (0xfe043703) ld      a4, -32(s0)
core   0: 3 0x000000008000ff24 (0xfe043703) x14 0x000000008001209b mem 0x0000000080031f50
core   0: 0x000000008000ff28 (0xfcf76de3) bltu    a4, a5, pc - 38
core   0: 3 0x000000008000ff28 (0xfcf76de3)
core   0: 0x000000008000ff02 (0xfe043783) ld      a5, -32(s0)
core   0: 3 0x000000008000ff02 (0xfe043783) x15 0x000000008001209b mem 0x0000000080031f50
core   0: 0x000000008000ff06 (0x00178713) addi    a4, a5, 1
core   0: 3 0x000000008000ff06 (0x00178713) x14 0x000000008001209c
core   0: 0x000000008000ff0a (0xfee43023) sd      a4, -32(s0)
core   0: 3 0x000000008000ff0a (0xfee43023) mem 0x0000000080031f50 0x000000008001209c
core   0: 0x000000008000ff0e (0xfc442703) lw      a4, -60(s0)
core   0: 3 0x000000008000ff0e (0xfc442703) x14 0x0000000000000000 mem 0x0000000080031f34
core   0: 0x000000008000ff12 (0x0ff77713) andi    a4, a4, 255
core   0: 3 0x000000008000ff12 (0x0ff77713) x14 0x0000000000000000
core   0: 0x000000008000ff16 (0x00e78023) sb      a4, 0(a5)
core   0: 3 0x000000008000ff16 (0x00e78023) mem 0x000000008001209b 0x00
core   0: 0x000000008000ff1a (0xfc843703) ld      a4, -56(s0)
core   0: 3 0x000000008000ff1a (0xfc843703) x14 0x0000000080012040 mem 0x0000000080031f38
core   0: 0x000000008000ff1e (0xfb843783) ld      a5, -72(s0)
core   0: 3 0x000000008000ff1e (0xfb843783) x15 0x000000000000009c mem 0x0000000080031f28
core   0: 0x000000008000ff22 (0x000097ba) c.add   a5, a4
core   0: 3 0x000000008000ff22 (0x97ba) x15 0x00000000800120dc
core   0: 0x000000008000ff24 (0xfe043703) ld      a4, -32(s0)
core   0: 3 0x000000008000ff24 (0xfe043703) x14 0x000000008001209c mem 0x0000000080031f50
core   0: 0x000000008000ff28 (0xfcf76de3) bltu    a4, a5, pc - 38
core   0: 3 0x000000008000ff28 (0xfcf76de3)
core   0: 0x000000008000ff02 (0xfe043783) ld      a5, -32(s0)
core   0: 3 0x000000008000ff02 (0xfe043783) x15 0x000000008001209c mem 0x0000000080031f50
core   0: 0x000000008000ff06 (0x00178713) addi    a4, a5, 1
core   0: 3 0x000000008000ff06 (0x00178713) x14 0x000000008001209d
core   0: 0x000000008000ff0a (0xfee43023) sd      a4, -32(s0)
core   0: 3 0x000000008000ff0a (0xfee43023) mem 0x0000000080031f50 0x000000008001209d
core   0: 0x000000008000ff0e (0xfc442703) lw      a4, -60(s0)
core   0: 3 0x000000008000ff0e (0xfc442703) x14 0x0000000000000000 mem 0x0000000080031f34
core   0: 0x000000008000ff12 (0x0ff77713) andi    a4, a4, 255
core   0: 3 0x000000008000ff12 (0x0ff77713) x14 0x0000000000000000
core   0: 0x000000008000ff16 (0x00e78023) sb      a4, 0(a5)
core   0: 3 0x000000008000ff16 (0x00e78023) mem 0x000000008001209c 0x00
core   0: 0x000000008000ff1a (0xfc843703) ld      a4, -56(s0)
core   0: 3 0x000000008000ff1a (0xfc843703) x14 0x0000000080012040 mem 0x0000000080031f38
core   0: 0x000000008000ff1e (0xfb843783) ld      a5, -72(s0)
core   0: 3 0x000000008000ff1e (0xfb843783) x15 0x000000000000009c mem 0x0000000080031f28
core   0: 0x000000008000ff22 (0x000097ba) c.add   a5, a4
core   0: 3 0x000000008000ff22 (0x97ba) x15 0x00000000800120dc
core   0: 0x000000008000ff24 (0xfe043703) ld      a4, -32(s0)
core   0: 3 0x000000008000ff24 (0xfe043703) x14 0x000000008001209d mem 0x0000000080031f50
core   0: 0x000000008000ff28 (0xfcf76de3) bltu    a4, a5, pc - 38
core   0: 3 0x000000008000ff28 (0xfcf76de3)
core   0: 0x000000008000ff02 (0xfe043783) ld      a5, -32(s0)
core   0: 3 0x000000008000ff02 (0xfe043783) x15 0x000000008001209d mem 0x0000000080031f50
core   0: 0x000000008000ff06 (0x00178713) addi    a4, a5, 1
core   0: 3 0x000000008000ff06 (0x00178713) x14 0x000000008001209e
core   0: 0x000000008000ff0a (0xfee43023) sd      a4, -32(s0)
core   0: 3 0x000000008000ff0a (0xfee43023) mem 0x0000000080031f50 0x000000008001209e
core   0: 0x000000008000ff0e (0xfc442703) lw      a4, -60(s0)
core   0: 3 0x000000008000ff0e (0xfc442703) x14 0x0000000000000000 mem 0x0000000080031f34
core   0: 0x000000008000ff12 (0x0ff77713) andi    a4, a4, 255
core   0: 3 0x000000008000ff12 (0x0ff77713) x14 0x0000000000000000
core   0: 0x000000008000ff16 (0x00e78023) sb      a4, 0(a5)
core   0: 3 0x000000008000ff16 (0x00e78023) mem 0x000000008001209d 0x00
core   0: 0x000000008000ff1a (0xfc843703) ld      a4, -56(s0)
core   0: 3 0x000000008000ff1a (0xfc843703) x14 0x0000000080012040 mem 0x0000000080031f38
core   0: 0x000000008000ff1e (0xfb843783) ld      a5, -72(s0)
core   0: 3 0x000000008000ff1e (0xfb843783) x15 0x000000000000009c mem 0x0000000080031f28
core   0: 0x000000008000ff22 (0x000097ba) c.add   a5, a4
core   0: 3 0x000000008000ff22 (0x97ba) x15 0x00000000800120dc
core   0: 0x000000008000ff24 (0xfe043703) ld      a4, -32(s0)
core   0: 3 0x000000008000ff24 (0xfe043703) x14 0x000000008001209e mem 0x0000000080031f50
core   0: 0x000000008000ff28 (0xfcf76de3) bltu    a4, a5, pc - 38
core   0: 3 0x000000008000ff28 (0xfcf76de3)
core   0: 0x000000008000ff02 (0xfe043783) ld      a5, -32(s0)
core   0: 3 0x000000008000ff02 (0xfe043783) x15 0x000000008001209e mem 0x0000000080031f50
core   0: 0x000000008000ff06 (0x00178713) addi    a4, a5, 1
core   0: 3 0x000000008000ff06 (0x00178713) x14 0x000000008001209f
core   0: 0x000000008000ff0a (0xfee43023) sd      a4, -32(s0)
core   0: 3 0x000000008000ff0a (0xfee43023) mem 0x0000000080031f50 0x000000008001209f
core   0: 0x000000008000ff0e (0xfc442703) lw      a4, -60(s0)
core   0: 3 0x000000008000ff0e (0xfc442703) x14 0x0000000000000000 mem 0x0000000080031f34
core   0: 0x000000008000ff12 (0x0ff77713) andi    a4, a4, 255
core   0: 3 0x000000008000ff12 (0x0ff77713) x14 0x0000000000000000
core   0: 0x000000008000ff16 (0x00e78023) sb      a4, 0(a5)
core   0: 3 0x000000008000ff16 (0x00e78023) mem 0x000000008001209e 0x00
core   0: 0x000000008000ff1a (0xfc843703) ld      a4, -56(s0)
core   0: 3 0x000000008000ff1a (0xfc843703) x14 0x0000000080012040 mem 0x0000000080031f38
core   0: 0x000000008000ff1e (0xfb843783) ld      a5, -72(s0)
core   0: 3 0x000000008000ff1e (0xfb843783) x15 0x000000000000009c mem 0x0000000080031f28
core   0: 0x000000008000ff22 (0x000097ba) c.add   a5, a4
core   0: 3 0x000000008000ff22 (0x97ba) x15 0x00000000800120dc
core   0: 0x000000008000ff24 (0xfe043703) ld      a4, -32(s0)
core   0: 3 0x000000008000ff24 (0xfe043703) x14 0x000000008001209f mem 0x0000000080031f50
core   0: 0x000000008000ff28 (0xfcf76de3) bltu    a4, a5, pc - 38
core   0: 3 0x000000008000ff28 (0xfcf76de3)
core   0: 0x000000008000ff02 (0xfe043783) ld      a5, -32(s0)
core   0: 3 0x000000008000ff02 (0xfe043783) x15 0x000000008001209f mem 0x0000000080031f50
core   0: 0x000000008000ff06 (0x00178713) addi    a4, a5, 1
core   0: 3 0x000000008000ff06 (0x00178713) x14 0x00000000800120a0
core   0: 0x000000008000ff0a (0xfee43023) sd      a4, -32(s0)
core   0: 3 0x000000008000ff0a (0xfee43023) mem 0x0000000080031f50 0x00000000800120a0
core   0: 0x000000008000ff0e (0xfc442703) lw      a4, -60(s0)
core   0: 3 0x000000008000ff0e (0xfc442703) x14 0x0000000000000000 mem 0x0000000080031f34
core   0: 0x000000008000ff12 (0x0ff77713) andi    a4, a4, 255
core   0: 3 0x000000008000ff12 (0x0ff77713) x14 0x0000000000000000
core   0: 0x000000008000ff16 (0x00e78023) sb      a4, 0(a5)
core   0: 3 0x000000008000ff16 (0x00e78023) mem 0x000000008001209f 0x00
core   0: 0x000000008000ff1a (0xfc843703) ld      a4, -56(s0)
core   0: 3 0x000000008000ff1a (0xfc843703) x14 0x0000000080012040 mem 0x0000000080031f38
core   0: 0x000000008000ff1e (0xfb843783) ld      a5, -72(s0)
core   0: 3 0x000000008000ff1e (0xfb843783) x15 0x000000000000009c mem 0x0000000080031f28
core   0: 0x000000008000ff22 (0x000097ba) c.add   a5, a4
core   0: 3 0x000000008000ff22 (0x97ba) x15 0x00000000800120dc
core   0: 0x000000008000ff24 (0xfe043703) ld      a4, -32(s0)
core   0: 3 0x000000008000ff24 (0xfe043703) x14 0x00000000800120a0 mem 0x0000000080031f50
core   0: 0x000000008000ff28 (0xfcf76de3) bltu    a4, a5, pc - 38
core   0: 3 0x000000008000ff28 (0xfcf76de3)
core   0: 0x000000008000ff02 (0xfe043783) ld      a5, -32(s0)
core   0: 3 0x000000008000ff02 (0xfe043783) x15 0x00000000800120a0 mem 0x0000000080031f50
core   0: 0x000000008000ff06 (0x00178713) addi    a4, a5, 1
core   0: 3 0x000000008000ff06 (0x00178713) x14 0x00000000800120a1
core   0: 0x000000008000ff0a (0xfee43023) sd      a4, -32(s0)
core   0: 3 0x000000008000ff0a (0xfee43023) mem 0x0000000080031f50 0x00000000800120a1
core   0: 0x000000008000ff0e (0xfc442703) lw      a4, -60(s0)
core   0: 3 0x000000008000ff0e (0xfc442703) x14 0x0000000000000000 mem 0x0000000080031f34
core   0: 0x000000008000ff12 (0x0ff77713) andi    a4, a4, 255
core   0: 3 0x000000008000ff12 (0x0ff77713) x14 0x0000000000000000
core   0: 0x000000008000ff16 (0x00e78023) sb      a4, 0(a5)
core   0: 3 0x000000008000ff16 (0x00e78023) mem 0x00000000800120a0 0x00
core   0: 0x000000008000ff1a (0xfc843703) ld      a4, -56(s0)
core   0: 3 0x000000008000ff1a (0xfc843703) x14 0x0000000080012040 mem 0x0000000080031f38
core   0: 0x000000008000ff1e (0xfb843783) ld      a5, -72(s0)
core   0: 3 0x000000008000ff1e (0xfb843783) x15 0x000000000000009c mem 0x0000000080031f28
core   0: 0x000000008000ff22 (0x000097ba) c.add   a5, a4
core   0: 3 0x000000008000ff22 (0x97ba) x15 0x00000000800120dc
core   0: 0x000000008000ff24 (0xfe043703) ld      a4, -32(s0)
core   0: 3 0x000000008000ff24 (0xfe043703) x14 0x00000000800120a1 mem 0x0000000080031f50
core   0: 0x000000008000ff28 (0xfcf76de3) bltu    a4, a5, pc - 38
core   0: 3 0x000000008000ff28 (0xfcf76de3)
core   0: 0x000000008000ff02 (0xfe043783) ld      a5, -32(s0)
core   0: 3 0x000000008000ff02 (0xfe043783) x15 0x00000000800120a1 mem 0x0000000080031f50
core   0: 0x000000008000ff06 (0x00178713) addi    a4, a5, 1
core   0: 3 0x000000008000ff06 (0x00178713) x14 0x00000000800120a2
core   0: 0x000000008000ff0a (0xfee43023) sd      a4, -32(s0)
core   0: 3 0x000000008000ff0a (0xfee43023) mem 0x0000000080031f50 0x00000000800120a2
core   0: 0x000000008000ff0e (0xfc442703) lw      a4, -60(s0)
core   0: 3 0x000000008000ff0e (0xfc442703) x14 0x0000000000000000 mem 0x0000000080031f34
core   0: 0x000000008000ff12 (0x0ff77713) andi    a4, a4, 255
core   0: 3 0x000000008000ff12 (0x0ff77713) x14 0x0000000000000000
core   0: 0x000000008000ff16 (0x00e78023) sb      a4, 0(a5)
core   0: 3 0x000000008000ff16 (0x00e78023) mem 0x00000000800120a1 0x00
core   0: 0x000000008000ff1a (0xfc843703) ld      a4, -56(s0)
core   0: 3 0x000000008000ff1a (0xfc843703) x14 0x0000000080012040 mem 0x0000000080031f38
core   0: 0x000000008000ff1e (0xfb843783) ld      a5, -72(s0)
core   0: 3 0x000000008000ff1e (0xfb843783) x15 0x000000000000009c mem 0x0000000080031f28
core   0: 0x000000008000ff22 (0x000097ba) c.add   a5, a4
core   0: 3 0x000000008000ff22 (0x97ba) x15 0x00000000800120dc
core   0: 0x000000008000ff24 (0xfe043703) ld      a4, -32(s0)
core   0: 3 0x000000008000ff24 (0xfe043703) x14 0x00000000800120a2 mem 0x0000000080031f50
core   0: 0x000000008000ff28 (0xfcf76de3) bltu    a4, a5, pc - 38
core   0: 3 0x000000008000ff28 (0xfcf76de3)
core   0: 0x000000008000ff02 (0xfe043783) ld      a5, -32(s0)
core   0: 3 0x000000008000ff02 (0xfe043783) x15 0x00000000800120a2 mem 0x0000000080031f50
core   0: 0x000000008000ff06 (0x00178713) addi    a4, a5, 1
core   0: 3 0x000000008000ff06 (0x00178713) x14 0x00000000800120a3
core   0: 0x000000008000ff0a (0xfee43023) sd      a4, -32(s0)
core   0: 3 0x000000008000ff0a (0xfee43023) mem 0x0000000080031f50 0x00000000800120a3
core   0: 0x000000008000ff0e (0xfc442703) lw      a4, -60(s0)
core   0: 3 0x000000008000ff0e (0xfc442703) x14 0x0000000000000000 mem 0x0000000080031f34
core   0: 0x000000008000ff12 (0x0ff77713) andi    a4, a4, 255
core   0: 3 0x000000008000ff12 (0x0ff77713) x14 0x0000000000000000
core   0: 0x000000008000ff16 (0x00e78023) sb      a4, 0(a5)
core   0: 3 0x000000008000ff16 (0x00e78023) mem 0x00000000800120a2 0x00
core   0: 0x000000008000ff1a (0xfc843703) ld      a4, -56(s0)
core   0: 3 0x000000008000ff1a (0xfc843703) x14 0x0000000080012040 mem 0x0000000080031f38
core   0: 0x000000008000ff1e (0xfb843783) ld      a5, -72(s0)
core   0: 3 0x000000008000ff1e (0xfb843783) x15 0x000000000000009c mem 0x0000000080031f28
core   0: 0x000000008000ff22 (0x000097ba) c.add   a5, a4
core   0: 3 0x000000008000ff22 (0x97ba) x15 0x00000000800120dc
core   0: 0x000000008000ff24 (0xfe043703) ld      a4, -32(s0)
core   0: 3 0x000000008000ff24 (0xfe043703) x14 0x00000000800120a3 mem 0x0000000080031f50
core   0: 0x000000008000ff28 (0xfcf76de3) bltu    a4, a5, pc - 38
core   0: 3 0x000000008000ff28 (0xfcf76de3)
core   0: 0x000000008000ff02 (0xfe043783) ld      a5, -32(s0)
core   0: 3 0x000000008000ff02 (0xfe043783) x15 0x00000000800120a3 mem 0x0000000080031f50
core   0: 0x000000008000ff06 (0x00178713) addi    a4, a5, 1
core   0: 3 0x000000008000ff06 (0x00178713) x14 0x00000000800120a4
core   0: 0x000000008000ff0a (0xfee43023) sd      a4, -32(s0)
core   0: 3 0x000000008000ff0a (0xfee43023) mem 0x0000000080031f50 0x00000000800120a4
core   0: 0x000000008000ff0e (0xfc442703) lw      a4, -60(s0)
core   0: 3 0x000000008000ff0e (0xfc442703) x14 0x0000000000000000 mem 0x0000000080031f34
core   0: 0x000000008000ff12 (0x0ff77713) andi    a4, a4, 255
core   0: 3 0x000000008000ff12 (0x0ff77713) x14 0x0000000000000000
core   0: 0x000000008000ff16 (0x00e78023) sb      a4, 0(a5)
core   0: 3 0x000000008000ff16 (0x00e78023) mem 0x00000000800120a3 0x00
core   0: 0x000000008000ff1a (0xfc843703) ld      a4, -56(s0)
core   0: 3 0x000000008000ff1a (0xfc843703) x14 0x0000000080012040 mem 0x0000000080031f38
core   0: 0x000000008000ff1e (0xfb843783) ld      a5, -72(s0)
core   0: 3 0x000000008000ff1e (0xfb843783) x15 0x000000000000009c mem 0x0000000080031f28
core   0: 0x000000008000ff22 (0x000097ba) c.add   a5, a4
core   0: 3 0x000000008000ff22 (0x97ba) x15 0x00000000800120dc
core   0: 0x000000008000ff24 (0xfe043703) ld      a4, -32(s0)
core   0: 3 0x000000008000ff24 (0xfe043703) x14 0x00000000800120a4 mem 0x0000000080031f50
core   0: 0x000000008000ff28 (0xfcf76de3) bltu    a4, a5, pc - 38
core   0: 3 0x000000008000ff28 (0xfcf76de3)
core   0: 0x000000008000ff02 (0xfe043783) ld      a5, -32(s0)
core   0: 3 0x000000008000ff02 (0xfe043783) x15 0x00000000800120a4 mem 0x0000000080031f50
core   0: 0x000000008000ff06 (0x00178713) addi    a4, a5, 1
core   0: 3 0x000000008000ff06 (0x00178713) x14 0x00000000800120a5
core   0: 0x000000008000ff0a (0xfee43023) sd      a4, -32(s0)
core   0: 3 0x000000008000ff0a (0xfee43023) mem 0x0000000080031f50 0x00000000800120a5
core   0: 0x000000008000ff0e (0xfc442703) lw      a4, -60(s0)
core   0: 3 0x000000008000ff0e (0xfc442703) x14 0x0000000000000000 mem 0x0000000080031f34
core   0: 0x000000008000ff12 (0x0ff77713) andi    a4, a4, 255
core   0: 3 0x000000008000ff12 (0x0ff77713) x14 0x0000000000000000
core   0: 0x000000008000ff16 (0x00e78023) sb      a4, 0(a5)
core   0: 3 0x000000008000ff16 (0x00e78023) mem 0x00000000800120a4 0x00
core   0: 0x000000008000ff1a (0xfc843703) ld      a4, -56(s0)
core   0: 3 0x000000008000ff1a (0xfc843703) x14 0x0000000080012040 mem 0x0000000080031f38
core   0: 0x000000008000ff1e (0xfb843783) ld      a5, -72(s0)
core   0: 3 0x000000008000ff1e (0xfb843783) x15 0x000000000000009c mem 0x0000000080031f28
core   0: 0x000000008000ff22 (0x000097ba) c.add   a5, a4
core   0: 3 0x000000008000ff22 (0x97ba) x15 0x00000000800120dc
core   0: 0x000000008000ff24 (0xfe043703) ld      a4, -32(s0)
core   0: 3 0x000000008000ff24 (0xfe043703) x14 0x00000000800120a5 mem 0x0000000080031f50
core   0: 0x000000008000ff28 (0xfcf76de3) bltu    a4, a5, pc - 38
core   0: 3 0x000000008000ff28 (0xfcf76de3)
core   0: 0x000000008000ff02 (0xfe043783) ld      a5, -32(s0)
core   0: 3 0x000000008000ff02 (0xfe043783) x15 0x00000000800120a5 mem 0x0000000080031f50
core   0: 0x000000008000ff06 (0x00178713) addi    a4, a5, 1
core   0: 3 0x000000008000ff06 (0x00178713) x14 0x00000000800120a6
core   0: 0x000000008000ff0a (0xfee43023) sd      a4, -32(s0)
core   0: 3 0x000000008000ff0a (0xfee43023) mem 0x0000000080031f50 0x00000000800120a6
core   0: 0x000000008000ff0e (0xfc442703) lw      a4, -60(s0)
core   0: 3 0x000000008000ff0e (0xfc442703) x14 0x0000000000000000 mem 0x0000000080031f34
core   0: 0x000000008000ff12 (0x0ff77713) andi    a4, a4, 255
core   0: 3 0x000000008000ff12 (0x0ff77713) x14 0x0000000000000000
core   0: 0x000000008000ff16 (0x00e78023) sb      a4, 0(a5)
core   0: 3 0x000000008000ff16 (0x00e78023) mem 0x00000000800120a5 0x00
core   0: 0x000000008000ff1a (0xfc843703) ld      a4, -56(s0)
core   0: 3 0x000000008000ff1a (0xfc843703) x14 0x0000000080012040 mem 0x0000000080031f38
core   0: 0x000000008000ff1e (0xfb843783) ld      a5, -72(s0)
core   0: 3 0x000000008000ff1e (0xfb843783) x15 0x000000000000009c mem 0x0000000080031f28
core   0: 0x000000008000ff22 (0x000097ba) c.add   a5, a4
core   0: 3 0x000000008000ff22 (0x97ba) x15 0x00000000800120dc
core   0: 0x000000008000ff24 (0xfe043703) ld      a4, -32(s0)
core   0: 3 0x000000008000ff24 (0xfe043703) x14 0x00000000800120a6 mem 0x0000000080031f50
core   0: 0x000000008000ff28 (0xfcf76de3) bltu    a4, a5, pc - 38
core   0: 3 0x000000008000ff28 (0xfcf76de3)
core   0: 0x000000008000ff02 (0xfe043783) ld      a5, -32(s0)
core   0: 3 0x000000008000ff02 (0xfe043783) x15 0x00000000800120a6 mem 0x0000000080031f50
core   0: 0x000000008000ff06 (0x00178713) addi    a4, a5, 1
core   0: 3 0x000000008000ff06 (0x00178713) x14 0x00000000800120a7
core   0: 0x000000008000ff0a (0xfee43023) sd      a4, -32(s0)
core   0: 3 0x000000008000ff0a (0xfee43023) mem 0x0000000080031f50 0x00000000800120a7
core   0: 0x000000008000ff0e (0xfc442703) lw      a4, -60(s0)
core   0: 3 0x000000008000ff0e (0xfc442703) x14 0x0000000000000000 mem 0x0000000080031f34
core   0: 0x000000008000ff12 (0x0ff77713) andi    a4, a4, 255
core   0: 3 0x000000008000ff12 (0x0ff77713) x14 0x0000000000000000
core   0: 0x000000008000ff16 (0x00e78023) sb      a4, 0(a5)
core   0: 3 0x000000008000ff16 (0x00e78023) mem 0x00000000800120a6 0x00
core   0: 0x000000008000ff1a (0xfc843703) ld      a4, -56(s0)
core   0: 3 0x000000008000ff1a (0xfc843703) x14 0x0000000080012040 mem 0x0000000080031f38
core   0: 0x000000008000ff1e (0xfb843783) ld      a5, -72(s0)
core   0: 3 0x000000008000ff1e (0xfb843783) x15 0x000000000000009c mem 0x0000000080031f28
core   0: 0x000000008000ff22 (0x000097ba) c.add   a5, a4
core   0: 3 0x000000008000ff22 (0x97ba) x15 0x00000000800120dc
core   0: 0x000000008000ff24 (0xfe043703) ld      a4, -32(s0)
core   0: 3 0x000000008000ff24 (0xfe043703) x14 0x00000000800120a7 mem 0x0000000080031f50
core   0: 0x000000008000ff28 (0xfcf76de3) bltu    a4, a5, pc - 38
core   0: 3 0x000000008000ff28 (0xfcf76de3)
core   0: 0x000000008000ff02 (0xfe043783) ld      a5, -32(s0)
core   0: 3 0x000000008000ff02 (0xfe043783) x15 0x00000000800120a7 mem 0x0000000080031f50
core   0: 0x000000008000ff06 (0x00178713) addi    a4, a5, 1
core   0: 3 0x000000008000ff06 (0x00178713) x14 0x00000000800120a8
core   0: 0x000000008000ff0a (0xfee43023) sd      a4, -32(s0)
core   0: 3 0x000000008000ff0a (0xfee43023) mem 0x0000000080031f50 0x00000000800120a8
core   0: 0x000000008000ff0e (0xfc442703) lw      a4, -60(s0)
core   0: 3 0x000000008000ff0e (0xfc442703) x14 0x0000000000000000 mem 0x0000000080031f34
core   0: 0x000000008000ff12 (0x0ff77713) andi    a4, a4, 255
core   0: 3 0x000000008000ff12 (0x0ff77713) x14 0x0000000000000000
core   0: 0x000000008000ff16 (0x00e78023) sb      a4, 0(a5)
core   0: 3 0x000000008000ff16 (0x00e78023) mem 0x00000000800120a7 0x00
core   0: 0x000000008000ff1a (0xfc843703) ld      a4, -56(s0)
core   0: 3 0x000000008000ff1a (0xfc843703) x14 0x0000000080012040 mem 0x0000000080031f38
core   0: 0x000000008000ff1e (0xfb843783) ld      a5, -72(s0)
core   0: 3 0x000000008000ff1e (0xfb843783) x15 0x000000000000009c mem 0x0000000080031f28
core   0: 0x000000008000ff22 (0x000097ba) c.add   a5, a4
core   0: 3 0x000000008000ff22 (0x97ba) x15 0x00000000800120dc
core   0: 0x000000008000ff24 (0xfe043703) ld      a4, -32(s0)
core   0: 3 0x000000008000ff24 (0xfe043703) x14 0x00000000800120a8 mem 0x0000000080031f50
core   0: 0x000000008000ff28 (0xfcf76de3) bltu    a4, a5, pc - 38
core   0: 3 0x000000008000ff28 (0xfcf76de3)
core   0: 0x000000008000ff02 (0xfe043783) ld      a5, -32(s0)
core   0: 3 0x000000008000ff02 (0xfe043783) x15 0x00000000800120a8 mem 0x0000000080031f50
core   0: 0x000000008000ff06 (0x00178713) addi    a4, a5, 1
core   0: 3 0x000000008000ff06 (0x00178713) x14 0x00000000800120a9
core   0: 0x000000008000ff0a (0xfee43023) sd      a4, -32(s0)
core   0: 3 0x000000008000ff0a (0xfee43023) mem 0x0000000080031f50 0x00000000800120a9
core   0: 0x000000008000ff0e (0xfc442703) lw      a4, -60(s0)
core   0: 3 0x000000008000ff0e (0xfc442703) x14 0x0000000000000000 mem 0x0000000080031f34
core   0: 0x000000008000ff12 (0x0ff77713) andi    a4, a4, 255
core   0: 3 0x000000008000ff12 (0x0ff77713) x14 0x0000000000000000
core   0: 0x000000008000ff16 (0x00e78023) sb      a4, 0(a5)
core   0: 3 0x000000008000ff16 (0x00e78023) mem 0x00000000800120a8 0x00
core   0: 0x000000008000ff1a (0xfc843703) ld      a4, -56(s0)
core   0: 3 0x000000008000ff1a (0xfc843703) x14 0x0000000080012040 mem 0x0000000080031f38
core   0: 0x000000008000ff1e (0xfb843783) ld      a5, -72(s0)
core   0: 3 0x000000008000ff1e (0xfb843783) x15 0x000000000000009c mem 0x0000000080031f28
core   0: 0x000000008000ff22 (0x000097ba) c.add   a5, a4
core   0: 3 0x000000008000ff22 (0x97ba) x15 0x00000000800120dc
core   0: 0x000000008000ff24 (0xfe043703) ld      a4, -32(s0)
core   0: 3 0x000000008000ff24 (0xfe043703) x14 0x00000000800120a9 mem 0x0000000080031f50
core   0: 0x000000008000ff28 (0xfcf76de3) bltu    a4, a5, pc - 38
core   0: 3 0x000000008000ff28 (0xfcf76de3)
core   0: 0x000000008000ff02 (0xfe043783) ld      a5, -32(s0)
core   0: 3 0x000000008000ff02 (0xfe043783) x15 0x00000000800120a9 mem 0x0000000080031f50
core   0: 0x000000008000ff06 (0x00178713) addi    a4, a5, 1
core   0: 3 0x000000008000ff06 (0x00178713) x14 0x00000000800120aa
core   0: 0x000000008000ff0a (0xfee43023) sd      a4, -32(s0)
core   0: 3 0x000000008000ff0a (0xfee43023) mem 0x0000000080031f50 0x00000000800120aa
core   0: 0x000000008000ff0e (0xfc442703) lw      a4, -60(s0)
core   0: 3 0x000000008000ff0e (0xfc442703) x14 0x0000000000000000 mem 0x0000000080031f34
core   0: 0x000000008000ff12 (0x0ff77713) andi    a4, a4, 255
core   0: 3 0x000000008000ff12 (0x0ff77713) x14 0x0000000000000000
core   0: 0x000000008000ff16 (0x00e78023) sb      a4, 0(a5)
core   0: 3 0x000000008000ff16 (0x00e78023) mem 0x00000000800120a9 0x00
core   0: 0x000000008000ff1a (0xfc843703) ld      a4, -56(s0)
core   0: 3 0x000000008000ff1a (0xfc843703) x14 0x0000000080012040 mem 0x0000000080031f38
core   0: 0x000000008000ff1e (0xfb843783) ld      a5, -72(s0)
core   0: 3 0x000000008000ff1e (0xfb843783) x15 0x000000000000009c mem 0x0000000080031f28
core   0: 0x000000008000ff22 (0x000097ba) c.add   a5, a4
core   0: 3 0x000000008000ff22 (0x97ba) x15 0x00000000800120dc
core   0: 0x000000008000ff24 (0xfe043703) ld      a4, -32(s0)
core   0: 3 0x000000008000ff24 (0xfe043703) x14 0x00000000800120aa mem 0x0000000080031f50
core   0: 0x000000008000ff28 (0xfcf76de3) bltu    a4, a5, pc - 38
core   0: 3 0x000000008000ff28 (0xfcf76de3)
core   0: 0x000000008000ff02 (0xfe043783) ld      a5, -32(s0)
core   0: 3 0x000000008000ff02 (0xfe043783) x15 0x00000000800120aa mem 0x0000000080031f50
core   0: 0x000000008000ff06 (0x00178713) addi    a4, a5, 1
core   0: 3 0x000000008000ff06 (0x00178713) x14 0x00000000800120ab
core   0: 0x000000008000ff0a (0xfee43023) sd      a4, -32(s0)
core   0: 3 0x000000008000ff0a (0xfee43023) mem 0x0000000080031f50 0x00000000800120ab
core   0: 0x000000008000ff0e (0xfc442703) lw      a4, -60(s0)
core   0: 3 0x000000008000ff0e (0xfc442703) x14 0x0000000000000000 mem 0x0000000080031f34
core   0: 0x000000008000ff12 (0x0ff77713) andi    a4, a4, 255
core   0: 3 0x000000008000ff12 (0x0ff77713) x14 0x0000000000000000
core   0: 0x000000008000ff16 (0x00e78023) sb      a4, 0(a5)
core   0: 3 0x000000008000ff16 (0x00e78023) mem 0x00000000800120aa 0x00
core   0: 0x000000008000ff1a (0xfc843703) ld      a4, -56(s0)
core   0: 3 0x000000008000ff1a (0xfc843703) x14 0x0000000080012040 mem 0x0000000080031f38
core   0: 0x000000008000ff1e (0xfb843783) ld      a5, -72(s0)
core   0: 3 0x000000008000ff1e (0xfb843783) x15 0x000000000000009c mem 0x0000000080031f28
core   0: 0x000000008000ff22 (0x000097ba) c.add   a5, a4
core   0: 3 0x000000008000ff22 (0x97ba) x15 0x00000000800120dc
core   0: 0x000000008000ff24 (0xfe043703) ld      a4, -32(s0)
core   0: 3 0x000000008000ff24 (0xfe043703) x14 0x00000000800120ab mem 0x0000000080031f50
core   0: 0x000000008000ff28 (0xfcf76de3) bltu    a4, a5, pc - 38
core   0: 3 0x000000008000ff28 (0xfcf76de3)
core   0: 0x000000008000ff02 (0xfe043783) ld      a5, -32(s0)
core   0: 3 0x000000008000ff02 (0xfe043783) x15 0x00000000800120ab mem 0x0000000080031f50
core   0: 0x000000008000ff06 (0x00178713) addi    a4, a5, 1
core   0: 3 0x000000008000ff06 (0x00178713) x14 0x00000000800120ac
core   0: 0x000000008000ff0a (0xfee43023) sd      a4, -32(s0)
core   0: 3 0x000000008000ff0a (0xfee43023) mem 0x0000000080031f50 0x00000000800120ac
core   0: 0x000000008000ff0e (0xfc442703) lw      a4, -60(s0)
core   0: 3 0x000000008000ff0e (0xfc442703) x14 0x0000000000000000 mem 0x0000000080031f34
core   0: 0x000000008000ff12 (0x0ff77713) andi    a4, a4, 255
core   0: 3 0x000000008000ff12 (0x0ff77713) x14 0x0000000000000000
core   0: 0x000000008000ff16 (0x00e78023) sb      a4, 0(a5)
core   0: 3 0x000000008000ff16 (0x00e78023) mem 0x00000000800120ab 0x00
core   0: 0x000000008000ff1a (0xfc843703) ld      a4, -56(s0)
core   0: 3 0x000000008000ff1a (0xfc843703) x14 0x0000000080012040 mem 0x0000000080031f38
core   0: 0x000000008000ff1e (0xfb843783) ld      a5, -72(s0)
core   0: 3 0x000000008000ff1e (0xfb843783) x15 0x000000000000009c mem 0x0000000080031f28
core   0: 0x000000008000ff22 (0x000097ba) c.add   a5, a4
core   0: 3 0x000000008000ff22 (0x97ba) x15 0x00000000800120dc
core   0: 0x000000008000ff24 (0xfe043703) ld      a4, -32(s0)
core   0: 3 0x000000008000ff24 (0xfe043703) x14 0x00000000800120ac mem 0x0000000080031f50
core   0: 0x000000008000ff28 (0xfcf76de3) bltu    a4, a5, pc - 38
core   0: 3 0x000000008000ff28 (0xfcf76de3)
core   0: 0x000000008000ff02 (0xfe043783) ld      a5, -32(s0)
core   0: 3 0x000000008000ff02 (0xfe043783) x15 0x00000000800120ac mem 0x0000000080031f50
core   0: 0x000000008000ff06 (0x00178713) addi    a4, a5, 1
core   0: 3 0x000000008000ff06 (0x00178713) x14 0x00000000800120ad
core   0: 0x000000008000ff0a (0xfee43023) sd      a4, -32(s0)
core   0: 3 0x000000008000ff0a (0xfee43023) mem 0x0000000080031f50 0x00000000800120ad
core   0: 0x000000008000ff0e (0xfc442703) lw      a4, -60(s0)
core   0: 3 0x000000008000ff0e (0xfc442703) x14 0x0000000000000000 mem 0x0000000080031f34
core   0: 0x000000008000ff12 (0x0ff77713) andi    a4, a4, 255
core   0: 3 0x000000008000ff12 (0x0ff77713) x14 0x0000000000000000
core   0: 0x000000008000ff16 (0x00e78023) sb      a4, 0(a5)
core   0: 3 0x000000008000ff16 (0x00e78023) mem 0x00000000800120ac 0x00
core   0: 0x000000008000ff1a (0xfc843703) ld      a4, -56(s0)
core   0: 3 0x000000008000ff1a (0xfc843703) x14 0x0000000080012040 mem 0x0000000080031f38
core   0: 0x000000008000ff1e (0xfb843783) ld      a5, -72(s0)
core   0: 3 0x000000008000ff1e (0xfb843783) x15 0x000000000000009c mem 0x0000000080031f28
core   0: 0x000000008000ff22 (0x000097ba) c.add   a5, a4
core   0: 3 0x000000008000ff22 (0x97ba) x15 0x00000000800120dc
core   0: 0x000000008000ff24 (0xfe043703) ld      a4, -32(s0)
core   0: 3 0x000000008000ff24 (0xfe043703) x14 0x00000000800120ad mem 0x0000000080031f50
core   0: 0x000000008000ff28 (0xfcf76de3) bltu    a4, a5, pc - 38
core   0: 3 0x000000008000ff28 (0xfcf76de3)
core   0: 0x000000008000ff02 (0xfe043783) ld      a5, -32(s0)
core   0: 3 0x000000008000ff02 (0xfe043783) x15 0x00000000800120ad mem 0x0000000080031f50
core   0: 0x000000008000ff06 (0x00178713) addi    a4, a5, 1
core   0: 3 0x000000008000ff06 (0x00178713) x14 0x00000000800120ae
core   0: 0x000000008000ff0a (0xfee43023) sd      a4, -32(s0)
core   0: 3 0x000000008000ff0a (0xfee43023) mem 0x0000000080031f50 0x00000000800120ae
core   0: 0x000000008000ff0e (0xfc442703) lw      a4, -60(s0)
core   0: 3 0x000000008000ff0e (0xfc442703) x14 0x0000000000000000 mem 0x0000000080031f34
core   0: 0x000000008000ff12 (0x0ff77713) andi    a4, a4, 255
core   0: 3 0x000000008000ff12 (0x0ff77713) x14 0x0000000000000000
core   0: 0x000000008000ff16 (0x00e78023) sb      a4, 0(a5)
core   0: 3 0x000000008000ff16 (0x00e78023) mem 0x00000000800120ad 0x00
core   0: 0x000000008000ff1a (0xfc843703) ld      a4, -56(s0)
core   0: 3 0x000000008000ff1a (0xfc843703) x14 0x0000000080012040 mem 0x0000000080031f38
core   0: 0x000000008000ff1e (0xfb843783) ld      a5, -72(s0)
core   0: 3 0x000000008000ff1e (0xfb843783) x15 0x000000000000009c mem 0x0000000080031f28
core   0: 0x000000008000ff22 (0x000097ba) c.add   a5, a4
core   0: 3 0x000000008000ff22 (0x97ba) x15 0x00000000800120dc
core   0: 0x000000008000ff24 (0xfe043703) ld      a4, -32(s0)
core   0: 3 0x000000008000ff24 (0xfe043703) x14 0x00000000800120ae mem 0x0000000080031f50
core   0: 0x000000008000ff28 (0xfcf76de3) bltu    a4, a5, pc - 38
core   0: 3 0x000000008000ff28 (0xfcf76de3)
core   0: 0x000000008000ff02 (0xfe043783) ld      a5, -32(s0)
core   0: 3 0x000000008000ff02 (0xfe043783) x15 0x00000000800120ae mem 0x0000000080031f50
core   0: 0x000000008000ff06 (0x00178713) addi    a4, a5, 1
core   0: 3 0x000000008000ff06 (0x00178713) x14 0x00000000800120af
core   0: 0x000000008000ff0a (0xfee43023) sd      a4, -32(s0)
core   0: 3 0x000000008000ff0a (0xfee43023) mem 0x0000000080031f50 0x00000000800120af
core   0: 0x000000008000ff0e (0xfc442703) lw      a4, -60(s0)
core   0: 3 0x000000008000ff0e (0xfc442703) x14 0x0000000000000000 mem 0x0000000080031f34
core   0: 0x000000008000ff12 (0x0ff77713) andi    a4, a4, 255
core   0: 3 0x000000008000ff12 (0x0ff77713) x14 0x0000000000000000
core   0: 0x000000008000ff16 (0x00e78023) sb      a4, 0(a5)
core   0: 3 0x000000008000ff16 (0x00e78023) mem 0x00000000800120ae 0x00
core   0: 0x000000008000ff1a (0xfc843703) ld      a4, -56(s0)
core   0: 3 0x000000008000ff1a (0xfc843703) x14 0x0000000080012040 mem 0x0000000080031f38
core   0: 0x000000008000ff1e (0xfb843783) ld      a5, -72(s0)
core   0: 3 0x000000008000ff1e (0xfb843783) x15 0x000000000000009c mem 0x0000000080031f28
core   0: 0x000000008000ff22 (0x000097ba) c.add   a5, a4
core   0: 3 0x000000008000ff22 (0x97ba) x15 0x00000000800120dc
core   0: 0x000000008000ff24 (0xfe043703) ld      a4, -32(s0)
core   0: 3 0x000000008000ff24 (0xfe043703) x14 0x00000000800120af mem 0x0000000080031f50
core   0: 0x000000008000ff28 (0xfcf76de3) bltu    a4, a5, pc - 38
core   0: 3 0x000000008000ff28 (0xfcf76de3)
core   0: 0x000000008000ff02 (0xfe043783) ld      a5, -32(s0)
core   0: 3 0x000000008000ff02 (0xfe043783) x15 0x00000000800120af mem 0x0000000080031f50
core   0: 0x000000008000ff06 (0x00178713) addi    a4, a5, 1
core   0: 3 0x000000008000ff06 (0x00178713) x14 0x00000000800120b0
core   0: 0x000000008000ff0a (0xfee43023) sd      a4, -32(s0)
core   0: 3 0x000000008000ff0a (0xfee43023) mem 0x0000000080031f50 0x00000000800120b0
core   0: 0x000000008000ff0e (0xfc442703) lw      a4, -60(s0)
core   0: 3 0x000000008000ff0e (0xfc442703) x14 0x0000000000000000 mem 0x0000000080031f34
core   0: 0x000000008000ff12 (0x0ff77713) andi    a4, a4, 255
core   0: 3 0x000000008000ff12 (0x0ff77713) x14 0x0000000000000000
core   0: 0x000000008000ff16 (0x00e78023) sb      a4, 0(a5)
core   0: 3 0x000000008000ff16 (0x00e78023) mem 0x00000000800120af 0x00
core   0: 0x000000008000ff1a (0xfc843703) ld      a4, -56(s0)
core   0: 3 0x000000008000ff1a (0xfc843703) x14 0x0000000080012040 mem 0x0000000080031f38
core   0: 0x000000008000ff1e (0xfb843783) ld      a5, -72(s0)
core   0: 3 0x000000008000ff1e (0xfb843783) x15 0x000000000000009c mem 0x0000000080031f28
core   0: 0x000000008000ff22 (0x000097ba) c.add   a5, a4
core   0: 3 0x000000008000ff22 (0x97ba) x15 0x00000000800120dc
core   0: 0x000000008000ff24 (0xfe043703) ld      a4, -32(s0)
core   0: 3 0x000000008000ff24 (0xfe043703) x14 0x00000000800120b0 mem 0x0000000080031f50
core   0: 0x000000008000ff28 (0xfcf76de3) bltu    a4, a5, pc - 38
core   0: 3 0x000000008000ff28 (0xfcf76de3)
core   0: 0x000000008000ff02 (0xfe043783) ld      a5, -32(s0)
core   0: 3 0x000000008000ff02 (0xfe043783) x15 0x00000000800120b0 mem 0x0000000080031f50
core   0: 0x000000008000ff06 (0x00178713) addi    a4, a5, 1
core   0: 3 0x000000008000ff06 (0x00178713) x14 0x00000000800120b1
core   0: 0x000000008000ff0a (0xfee43023) sd      a4, -32(s0)
core   0: 3 0x000000008000ff0a (0xfee43023) mem 0x0000000080031f50 0x00000000800120b1
core   0: 0x000000008000ff0e (0xfc442703) lw      a4, -60(s0)
core   0: 3 0x000000008000ff0e (0xfc442703) x14 0x0000000000000000 mem 0x0000000080031f34
core   0: 0x000000008000ff12 (0x0ff77713) andi    a4, a4, 255
core   0: 3 0x000000008000ff12 (0x0ff77713) x14 0x0000000000000000
core   0: 0x000000008000ff16 (0x00e78023) sb      a4, 0(a5)
core   0: 3 0x000000008000ff16 (0x00e78023) mem 0x00000000800120b0 0x00
core   0: 0x000000008000ff1a (0xfc843703) ld      a4, -56(s0)
core   0: 3 0x000000008000ff1a (0xfc843703) x14 0x0000000080012040 mem 0x0000000080031f38
core   0: 0x000000008000ff1e (0xfb843783) ld      a5, -72(s0)
core   0: 3 0x000000008000ff1e (0xfb843783) x15 0x000000000000009c mem 0x0000000080031f28
core   0: 0x000000008000ff22 (0x000097ba) c.add   a5, a4
core   0: 3 0x000000008000ff22 (0x97ba) x15 0x00000000800120dc
core   0: 0x000000008000ff24 (0xfe043703) ld      a4, -32(s0)
core   0: 3 0x000000008000ff24 (0xfe043703) x14 0x00000000800120b1 mem 0x0000000080031f50
core   0: 0x000000008000ff28 (0xfcf76de3) bltu    a4, a5, pc - 38
core   0: 3 0x000000008000ff28 (0xfcf76de3)
core   0: 0x000000008000ff02 (0xfe043783) ld      a5, -32(s0)
core   0: 3 0x000000008000ff02 (0xfe043783) x15 0x00000000800120b1 mem 0x0000000080031f50
core   0: 0x000000008000ff06 (0x00178713) addi    a4, a5, 1
core   0: 3 0x000000008000ff06 (0x00178713) x14 0x00000000800120b2
core   0: 0x000000008000ff0a (0xfee43023) sd      a4, -32(s0)
core   0: 3 0x000000008000ff0a (0xfee43023) mem 0x0000000080031f50 0x00000000800120b2
core   0: 0x000000008000ff0e (0xfc442703) lw      a4, -60(s0)
core   0: 3 0x000000008000ff0e (0xfc442703) x14 0x0000000000000000 mem 0x0000000080031f34
core   0: 0x000000008000ff12 (0x0ff77713) andi    a4, a4, 255
core   0: 3 0x000000008000ff12 (0x0ff77713) x14 0x0000000000000000
core   0: 0x000000008000ff16 (0x00e78023) sb      a4, 0(a5)
core   0: 3 0x000000008000ff16 (0x00e78023) mem 0x00000000800120b1 0x00
core   0: 0x000000008000ff1a (0xfc843703) ld      a4, -56(s0)
core   0: 3 0x000000008000ff1a (0xfc843703) x14 0x0000000080012040 mem 0x0000000080031f38
core   0: 0x000000008000ff1e (0xfb843783) ld      a5, -72(s0)
core   0: 3 0x000000008000ff1e (0xfb843783) x15 0x000000000000009c mem 0x0000000080031f28
core   0: 0x000000008000ff22 (0x000097ba) c.add   a5, a4
core   0: 3 0x000000008000ff22 (0x97ba) x15 0x00000000800120dc
core   0: 0x000000008000ff24 (0xfe043703) ld      a4, -32(s0)
core   0: 3 0x000000008000ff24 (0xfe043703) x14 0x00000000800120b2 mem 0x0000000080031f50
core   0: 0x000000008000ff28 (0xfcf76de3) bltu    a4, a5, pc - 38
core   0: 3 0x000000008000ff28 (0xfcf76de3)
core   0: 0x000000008000ff02 (0xfe043783) ld      a5, -32(s0)
core   0: 3 0x000000008000ff02 (0xfe043783) x15 0x00000000800120b2 mem 0x0000000080031f50
core   0: 0x000000008000ff06 (0x00178713) addi    a4, a5, 1
core   0: 3 0x000000008000ff06 (0x00178713) x14 0x00000000800120b3
core   0: 0x000000008000ff0a (0xfee43023) sd      a4, -32(s0)
core   0: 3 0x000000008000ff0a (0xfee43023) mem 0x0000000080031f50 0x00000000800120b3
core   0: 0x000000008000ff0e (0xfc442703) lw      a4, -60(s0)
core   0: 3 0x000000008000ff0e (0xfc442703) x14 0x0000000000000000 mem 0x0000000080031f34
core   0: 0x000000008000ff12 (0x0ff77713) andi    a4, a4, 255
core   0: 3 0x000000008000ff12 (0x0ff77713) x14 0x0000000000000000
core   0: 0x000000008000ff16 (0x00e78023) sb      a4, 0(a5)
core   0: 3 0x000000008000ff16 (0x00e78023) mem 0x00000000800120b2 0x00
core   0: 0x000000008000ff1a (0xfc843703) ld      a4, -56(s0)
core   0: 3 0x000000008000ff1a (0xfc843703) x14 0x0000000080012040 mem 0x0000000080031f38
core   0: 0x000000008000ff1e (0xfb843783) ld      a5, -72(s0)
core   0: 3 0x000000008000ff1e (0xfb843783) x15 0x000000000000009c mem 0x0000000080031f28
core   0: 0x000000008000ff22 (0x000097ba) c.add   a5, a4
core   0: 3 0x000000008000ff22 (0x97ba) x15 0x00000000800120dc
core   0: 0x000000008000ff24 (0xfe043703) ld      a4, -32(s0)
core   0: 3 0x000000008000ff24 (0xfe043703) x14 0x00000000800120b3 mem 0x0000000080031f50
core   0: 0x000000008000ff28 (0xfcf76de3) bltu    a4, a5, pc - 38
core   0: 3 0x000000008000ff28 (0xfcf76de3)
core   0: 0x000000008000ff02 (0xfe043783) ld      a5, -32(s0)
core   0: 3 0x000000008000ff02 (0xfe043783) x15 0x00000000800120b3 mem 0x0000000080031f50
core   0: 0x000000008000ff06 (0x00178713) addi    a4, a5, 1
core   0: 3 0x000000008000ff06 (0x00178713) x14 0x00000000800120b4
core   0: 0x000000008000ff0a (0xfee43023) sd      a4, -32(s0)
core   0: 3 0x000000008000ff0a (0xfee43023) mem 0x0000000080031f50 0x00000000800120b4
core   0: 0x000000008000ff0e (0xfc442703) lw      a4, -60(s0)
core   0: 3 0x000000008000ff0e (0xfc442703) x14 0x0000000000000000 mem 0x0000000080031f34
core   0: 0x000000008000ff12 (0x0ff77713) andi    a4, a4, 255
core   0: 3 0x000000008000ff12 (0x0ff77713) x14 0x0000000000000000
core   0: 0x000000008000ff16 (0x00e78023) sb      a4, 0(a5)
core   0: 3 0x000000008000ff16 (0x00e78023) mem 0x00000000800120b3 0x00
core   0: 0x000000008000ff1a (0xfc843703) ld      a4, -56(s0)
core   0: 3 0x000000008000ff1a (0xfc843703) x14 0x0000000080012040 mem 0x0000000080031f38
core   0: 0x000000008000ff1e (0xfb843783) ld      a5, -72(s0)
core   0: 3 0x000000008000ff1e (0xfb843783) x15 0x000000000000009c mem 0x0000000080031f28
core   0: 0x000000008000ff22 (0x000097ba) c.add   a5, a4
core   0: 3 0x000000008000ff22 (0x97ba) x15 0x00000000800120dc
core   0: 0x000000008000ff24 (0xfe043703) ld      a4, -32(s0)
core   0: 3 0x000000008000ff24 (0xfe043703) x14 0x00000000800120b4 mem 0x0000000080031f50
core   0: 0x000000008000ff28 (0xfcf76de3) bltu    a4, a5, pc - 38
core   0: 3 0x000000008000ff28 (0xfcf76de3)
core   0: 0x000000008000ff02 (0xfe043783) ld      a5, -32(s0)
core   0: 3 0x000000008000ff02 (0xfe043783) x15 0x00000000800120b4 mem 0x0000000080031f50
core   0: 0x000000008000ff06 (0x00178713) addi    a4, a5, 1
core   0: 3 0x000000008000ff06 (0x00178713) x14 0x00000000800120b5
core   0: 0x000000008000ff0a (0xfee43023) sd      a4, -32(s0)
core   0: 3 0x000000008000ff0a (0xfee43023) mem 0x0000000080031f50 0x00000000800120b5
core   0: 0x000000008000ff0e (0xfc442703) lw      a4, -60(s0)
core   0: 3 0x000000008000ff0e (0xfc442703) x14 0x0000000000000000 mem 0x0000000080031f34
core   0: 0x000000008000ff12 (0x0ff77713) andi    a4, a4, 255
core   0: 3 0x000000008000ff12 (0x0ff77713) x14 0x0000000000000000
core   0: 0x000000008000ff16 (0x00e78023) sb      a4, 0(a5)
core   0: 3 0x000000008000ff16 (0x00e78023) mem 0x00000000800120b4 0x00
core   0: 0x000000008000ff1a (0xfc843703) ld      a4, -56(s0)
core   0: 3 0x000000008000ff1a (0xfc843703) x14 0x0000000080012040 mem 0x0000000080031f38
core   0: 0x000000008000ff1e (0xfb843783) ld      a5, -72(s0)
core   0: 3 0x000000008000ff1e (0xfb843783) x15 0x000000000000009c mem 0x0000000080031f28
core   0: 0x000000008000ff22 (0x000097ba) c.add   a5, a4
core   0: 3 0x000000008000ff22 (0x97ba) x15 0x00000000800120dc
core   0: 0x000000008000ff24 (0xfe043703) ld      a4, -32(s0)
core   0: 3 0x000000008000ff24 (0xfe043703) x14 0x00000000800120b5 mem 0x0000000080031f50
core   0: 0x000000008000ff28 (0xfcf76de3) bltu    a4, a5, pc - 38
core   0: 3 0x000000008000ff28 (0xfcf76de3)
core   0: 0x000000008000ff02 (0xfe043783) ld      a5, -32(s0)
core   0: 3 0x000000008000ff02 (0xfe043783) x15 0x00000000800120b5 mem 0x0000000080031f50
core   0: 0x000000008000ff06 (0x00178713) addi    a4, a5, 1
core   0: 3 0x000000008000ff06 (0x00178713) x14 0x00000000800120b6
core   0: 0x000000008000ff0a (0xfee43023) sd      a4, -32(s0)
core   0: 3 0x000000008000ff0a (0xfee43023) mem 0x0000000080031f50 0x00000000800120b6
core   0: 0x000000008000ff0e (0xfc442703) lw      a4, -60(s0)
core   0: 3 0x000000008000ff0e (0xfc442703) x14 0x0000000000000000 mem 0x0000000080031f34
core   0: 0x000000008000ff12 (0x0ff77713) andi    a4, a4, 255
core   0: 3 0x000000008000ff12 (0x0ff77713) x14 0x0000000000000000
core   0: 0x000000008000ff16 (0x00e78023) sb      a4, 0(a5)
core   0: 3 0x000000008000ff16 (0x00e78023) mem 0x00000000800120b5 0x00
core   0: 0x000000008000ff1a (0xfc843703) ld      a4, -56(s0)
core   0: 3 0x000000008000ff1a (0xfc843703) x14 0x0000000080012040 mem 0x0000000080031f38
core   0: 0x000000008000ff1e (0xfb843783) ld      a5, -72(s0)
core   0: 3 0x000000008000ff1e (0xfb843783) x15 0x000000000000009c mem 0x0000000080031f28
core   0: 0x000000008000ff22 (0x000097ba) c.add   a5, a4
core   0: 3 0x000000008000ff22 (0x97ba) x15 0x00000000800120dc
core   0: 0x000000008000ff24 (0xfe043703) ld      a4, -32(s0)
core   0: 3 0x000000008000ff24 (0xfe043703) x14 0x00000000800120b6 mem 0x0000000080031f50
core   0: 0x000000008000ff28 (0xfcf76de3) bltu    a4, a5, pc - 38
core   0: 3 0x000000008000ff28 (0xfcf76de3)
core   0: 0x000000008000ff02 (0xfe043783) ld      a5, -32(s0)
core   0: 3 0x000000008000ff02 (0xfe043783) x15 0x00000000800120b6 mem 0x0000000080031f50
core   0: 0x000000008000ff06 (0x00178713) addi    a4, a5, 1
core   0: 3 0x000000008000ff06 (0x00178713) x14 0x00000000800120b7
core   0: 0x000000008000ff0a (0xfee43023) sd      a4, -32(s0)
core   0: 3 0x000000008000ff0a (0xfee43023) mem 0x0000000080031f50 0x00000000800120b7
core   0: 0x000000008000ff0e (0xfc442703) lw      a4, -60(s0)
core   0: 3 0x000000008000ff0e (0xfc442703) x14 0x0000000000000000 mem 0x0000000080031f34
core   0: 0x000000008000ff12 (0x0ff77713) andi    a4, a4, 255
core   0: 3 0x000000008000ff12 (0x0ff77713) x14 0x0000000000000000
core   0: 0x000000008000ff16 (0x00e78023) sb      a4, 0(a5)
core   0: 3 0x000000008000ff16 (0x00e78023) mem 0x00000000800120b6 0x00
core   0: 0x000000008000ff1a (0xfc843703) ld      a4, -56(s0)
core   0: 3 0x000000008000ff1a (0xfc843703) x14 0x0000000080012040 mem 0x0000000080031f38
core   0: 0x000000008000ff1e (0xfb843783) ld      a5, -72(s0)
core   0: 3 0x000000008000ff1e (0xfb843783) x15 0x000000000000009c mem 0x0000000080031f28
core   0: 0x000000008000ff22 (0x000097ba) c.add   a5, a4
core   0: 3 0x000000008000ff22 (0x97ba) x15 0x00000000800120dc
core   0: 0x000000008000ff24 (0xfe043703) ld      a4, -32(s0)
core   0: 3 0x000000008000ff24 (0xfe043703) x14 0x00000000800120b7 mem 0x0000000080031f50
core   0: 0x000000008000ff28 (0xfcf76de3) bltu    a4, a5, pc - 38
core   0: 3 0x000000008000ff28 (0xfcf76de3)
core   0: 0x000000008000ff02 (0xfe043783) ld      a5, -32(s0)
core   0: 3 0x000000008000ff02 (0xfe043783) x15 0x00000000800120b7 mem 0x0000000080031f50
core   0: 0x000000008000ff06 (0x00178713) addi    a4, a5, 1
core   0: 3 0x000000008000ff06 (0x00178713) x14 0x00000000800120b8
core   0: 0x000000008000ff0a (0xfee43023) sd      a4, -32(s0)
core   0: 3 0x000000008000ff0a (0xfee43023) mem 0x0000000080031f50 0x00000000800120b8
core   0: 0x000000008000ff0e (0xfc442703) lw      a4, -60(s0)
core   0: 3 0x000000008000ff0e (0xfc442703) x14 0x0000000000000000 mem 0x0000000080031f34
core   0: 0x000000008000ff12 (0x0ff77713) andi    a4, a4, 255
core   0: 3 0x000000008000ff12 (0x0ff77713) x14 0x0000000000000000
core   0: 0x000000008000ff16 (0x00e78023) sb      a4, 0(a5)
core   0: 3 0x000000008000ff16 (0x00e78023) mem 0x00000000800120b7 0x00
core   0: 0x000000008000ff1a (0xfc843703) ld      a4, -56(s0)
core   0: 3 0x000000008000ff1a (0xfc843703) x14 0x0000000080012040 mem 0x0000000080031f38
core   0: 0x000000008000ff1e (0xfb843783) ld      a5, -72(s0)
core   0: 3 0x000000008000ff1e (0xfb843783) x15 0x000000000000009c mem 0x0000000080031f28
core   0: 0x000000008000ff22 (0x000097ba) c.add   a5, a4
core   0: 3 0x000000008000ff22 (0x97ba) x15 0x00000000800120dc
core   0: 0x000000008000ff24 (0xfe043703) ld      a4, -32(s0)
core   0: 3 0x000000008000ff24 (0xfe043703) x14 0x00000000800120b8 mem 0x0000000080031f50
core   0: 0x000000008000ff28 (0xfcf76de3) bltu    a4, a5, pc - 38
core   0: 3 0x000000008000ff28 (0xfcf76de3)
core   0: 0x000000008000ff02 (0xfe043783) ld      a5, -32(s0)
core   0: 3 0x000000008000ff02 (0xfe043783) x15 0x00000000800120b8 mem 0x0000000080031f50
core   0: 0x000000008000ff06 (0x00178713) addi    a4, a5, 1
core   0: 3 0x000000008000ff06 (0x00178713) x14 0x00000000800120b9
core   0: 0x000000008000ff0a (0xfee43023) sd      a4, -32(s0)
core   0: 3 0x000000008000ff0a (0xfee43023) mem 0x0000000080031f50 0x00000000800120b9
core   0: 0x000000008000ff0e (0xfc442703) lw      a4, -60(s0)
core   0: 3 0x000000008000ff0e (0xfc442703) x14 0x0000000000000000 mem 0x0000000080031f34
core   0: 0x000000008000ff12 (0x0ff77713) andi    a4, a4, 255
core   0: 3 0x000000008000ff12 (0x0ff77713) x14 0x0000000000000000
core   0: 0x000000008000ff16 (0x00e78023) sb      a4, 0(a5)
core   0: 3 0x000000008000ff16 (0x00e78023) mem 0x00000000800120b8 0x00
core   0: 0x000000008000ff1a (0xfc843703) ld      a4, -56(s0)
core   0: 3 0x000000008000ff1a (0xfc843703) x14 0x0000000080012040 mem 0x0000000080031f38
core   0: 0x000000008000ff1e (0xfb843783) ld      a5, -72(s0)
core   0: 3 0x000000008000ff1e (0xfb843783) x15 0x000000000000009c mem 0x0000000080031f28
core   0: 0x000000008000ff22 (0x000097ba) c.add   a5, a4
core   0: 3 0x000000008000ff22 (0x97ba) x15 0x00000000800120dc
core   0: 0x000000008000ff24 (0xfe043703) ld      a4, -32(s0)
core   0: 3 0x000000008000ff24 (0xfe043703) x14 0x00000000800120b9 mem 0x0000000080031f50
core   0: 0x000000008000ff28 (0xfcf76de3) bltu    a4, a5, pc - 38
core   0: 3 0x000000008000ff28 (0xfcf76de3)
core   0: 0x000000008000ff02 (0xfe043783) ld      a5, -32(s0)
core   0: 3 0x000000008000ff02 (0xfe043783) x15 0x00000000800120b9 mem 0x0000000080031f50
core   0: 0x000000008000ff06 (0x00178713) addi    a4, a5, 1
core   0: 3 0x000000008000ff06 (0x00178713) x14 0x00000000800120ba
core   0: 0x000000008000ff0a (0xfee43023) sd      a4, -32(s0)
core   0: 3 0x000000008000ff0a (0xfee43023) mem 0x0000000080031f50 0x00000000800120ba
core   0: 0x000000008000ff0e (0xfc442703) lw      a4, -60(s0)
core   0: 3 0x000000008000ff0e (0xfc442703) x14 0x0000000000000000 mem 0x0000000080031f34
core   0: 0x000000008000ff12 (0x0ff77713) andi    a4, a4, 255
core   0: 3 0x000000008000ff12 (0x0ff77713) x14 0x0000000000000000
core   0: 0x000000008000ff16 (0x00e78023) sb      a4, 0(a5)
core   0: 3 0x000000008000ff16 (0x00e78023) mem 0x00000000800120b9 0x00
core   0: 0x000000008000ff1a (0xfc843703) ld      a4, -56(s0)
core   0: 3 0x000000008000ff1a (0xfc843703) x14 0x0000000080012040 mem 0x0000000080031f38
core   0: 0x000000008000ff1e (0xfb843783) ld      a5, -72(s0)
core   0: 3 0x000000008000ff1e (0xfb843783) x15 0x000000000000009c mem 0x0000000080031f28
core   0: 0x000000008000ff22 (0x000097ba) c.add   a5, a4
core   0: 3 0x000000008000ff22 (0x97ba) x15 0x00000000800120dc
core   0: 0x000000008000ff24 (0xfe043703) ld      a4, -32(s0)
core   0: 3 0x000000008000ff24 (0xfe043703) x14 0x00000000800120ba mem 0x0000000080031f50
core   0: 0x000000008000ff28 (0xfcf76de3) bltu    a4, a5, pc - 38
core   0: 3 0x000000008000ff28 (0xfcf76de3)
core   0: 0x000000008000ff02 (0xfe043783) ld      a5, -32(s0)
core   0: 3 0x000000008000ff02 (0xfe043783) x15 0x00000000800120ba mem 0x0000000080031f50
core   0: 0x000000008000ff06 (0x00178713) addi    a4, a5, 1
core   0: 3 0x000000008000ff06 (0x00178713) x14 0x00000000800120bb
core   0: 0x000000008000ff0a (0xfee43023) sd      a4, -32(s0)
core   0: 3 0x000000008000ff0a (0xfee43023) mem 0x0000000080031f50 0x00000000800120bb
core   0: 0x000000008000ff0e (0xfc442703) lw      a4, -60(s0)
core   0: 3 0x000000008000ff0e (0xfc442703) x14 0x0000000000000000 mem 0x0000000080031f34
core   0: 0x000000008000ff12 (0x0ff77713) andi    a4, a4, 255
core   0: 3 0x000000008000ff12 (0x0ff77713) x14 0x0000000000000000
core   0: 0x000000008000ff16 (0x00e78023) sb      a4, 0(a5)
core   0: 3 0x000000008000ff16 (0x00e78023) mem 0x00000000800120ba 0x00
core   0: 0x000000008000ff1a (0xfc843703) ld      a4, -56(s0)
core   0: 3 0x000000008000ff1a (0xfc843703) x14 0x0000000080012040 mem 0x0000000080031f38
core   0: 0x000000008000ff1e (0xfb843783) ld      a5, -72(s0)
core   0: 3 0x000000008000ff1e (0xfb843783) x15 0x000000000000009c mem 0x0000000080031f28
core   0: 0x000000008000ff22 (0x000097ba) c.add   a5, a4
core   0: 3 0x000000008000ff22 (0x97ba) x15 0x00000000800120dc
core   0: 0x000000008000ff24 (0xfe043703) ld      a4, -32(s0)
core   0: 3 0x000000008000ff24 (0xfe043703) x14 0x00000000800120bb mem 0x0000000080031f50
core   0: 0x000000008000ff28 (0xfcf76de3) bltu    a4, a5, pc - 38
core   0: 3 0x000000008000ff28 (0xfcf76de3)
core   0: 0x000000008000ff02 (0xfe043783) ld      a5, -32(s0)
core   0: 3 0x000000008000ff02 (0xfe043783) x15 0x00000000800120bb mem 0x0000000080031f50
core   0: 0x000000008000ff06 (0x00178713) addi    a4, a5, 1
core   0: 3 0x000000008000ff06 (0x00178713) x14 0x00000000800120bc
core   0: 0x000000008000ff0a (0xfee43023) sd      a4, -32(s0)
core   0: 3 0x000000008000ff0a (0xfee43023) mem 0x0000000080031f50 0x00000000800120bc
core   0: 0x000000008000ff0e (0xfc442703) lw      a4, -60(s0)
core   0: 3 0x000000008000ff0e (0xfc442703) x14 0x0000000000000000 mem 0x0000000080031f34
core   0: 0x000000008000ff12 (0x0ff77713) andi    a4, a4, 255
core   0: 3 0x000000008000ff12 (0x0ff77713) x14 0x0000000000000000
core   0: 0x000000008000ff16 (0x00e78023) sb      a4, 0(a5)
core   0: 3 0x000000008000ff16 (0x00e78023) mem 0x00000000800120bb 0x00
core   0: 0x000000008000ff1a (0xfc843703) ld      a4, -56(s0)
core   0: 3 0x000000008000ff1a (0xfc843703) x14 0x0000000080012040 mem 0x0000000080031f38
core   0: 0x000000008000ff1e (0xfb843783) ld      a5, -72(s0)
core   0: 3 0x000000008000ff1e (0xfb843783) x15 0x000000000000009c mem 0x0000000080031f28
core   0: 0x000000008000ff22 (0x000097ba) c.add   a5, a4
core   0: 3 0x000000008000ff22 (0x97ba) x15 0x00000000800120dc
core   0: 0x000000008000ff24 (0xfe043703) ld      a4, -32(s0)
core   0: 3 0x000000008000ff24 (0xfe043703) x14 0x00000000800120bc mem 0x0000000080031f50
core   0: 0x000000008000ff28 (0xfcf76de3) bltu    a4, a5, pc - 38
core   0: 3 0x000000008000ff28 (0xfcf76de3)
core   0: 0x000000008000ff02 (0xfe043783) ld      a5, -32(s0)
core   0: 3 0x000000008000ff02 (0xfe043783) x15 0x00000000800120bc mem 0x0000000080031f50
core   0: 0x000000008000ff06 (0x00178713) addi    a4, a5, 1
core   0: 3 0x000000008000ff06 (0x00178713) x14 0x00000000800120bd
core   0: 0x000000008000ff0a (0xfee43023) sd      a4, -32(s0)
core   0: 3 0x000000008000ff0a (0xfee43023) mem 0x0000000080031f50 0x00000000800120bd
core   0: 0x000000008000ff0e (0xfc442703) lw      a4, -60(s0)
core   0: 3 0x000000008000ff0e (0xfc442703) x14 0x0000000000000000 mem 0x0000000080031f34
core   0: 0x000000008000ff12 (0x0ff77713) andi    a4, a4, 255
core   0: 3 0x000000008000ff12 (0x0ff77713) x14 0x0000000000000000
core   0: 0x000000008000ff16 (0x00e78023) sb      a4, 0(a5)
core   0: 3 0x000000008000ff16 (0x00e78023) mem 0x00000000800120bc 0x00
core   0: 0x000000008000ff1a (0xfc843703) ld      a4, -56(s0)
core   0: 3 0x000000008000ff1a (0xfc843703) x14 0x0000000080012040 mem 0x0000000080031f38
core   0: 0x000000008000ff1e (0xfb843783) ld      a5, -72(s0)
core   0: 3 0x000000008000ff1e (0xfb843783) x15 0x000000000000009c mem 0x0000000080031f28
core   0: 0x000000008000ff22 (0x000097ba) c.add   a5, a4
core   0: 3 0x000000008000ff22 (0x97ba) x15 0x00000000800120dc
core   0: 0x000000008000ff24 (0xfe043703) ld      a4, -32(s0)
core   0: 3 0x000000008000ff24 (0xfe043703) x14 0x00000000800120bd mem 0x0000000080031f50
core   0: 0x000000008000ff28 (0xfcf76de3) bltu    a4, a5, pc - 38
core   0: 3 0x000000008000ff28 (0xfcf76de3)
core   0: 0x000000008000ff02 (0xfe043783) ld      a5, -32(s0)
core   0: 3 0x000000008000ff02 (0xfe043783) x15 0x00000000800120bd mem 0x0000000080031f50
core   0: 0x000000008000ff06 (0x00178713) addi    a4, a5, 1
core   0: 3 0x000000008000ff06 (0x00178713) x14 0x00000000800120be
core   0: 0x000000008000ff0a (0xfee43023) sd      a4, -32(s0)
core   0: 3 0x000000008000ff0a (0xfee43023) mem 0x0000000080031f50 0x00000000800120be
core   0: 0x000000008000ff0e (0xfc442703) lw      a4, -60(s0)
core   0: 3 0x000000008000ff0e (0xfc442703) x14 0x0000000000000000 mem 0x0000000080031f34
core   0: 0x000000008000ff12 (0x0ff77713) andi    a4, a4, 255
core   0: 3 0x000000008000ff12 (0x0ff77713) x14 0x0000000000000000
core   0: 0x000000008000ff16 (0x00e78023) sb      a4, 0(a5)
core   0: 3 0x000000008000ff16 (0x00e78023) mem 0x00000000800120bd 0x00
core   0: 0x000000008000ff1a (0xfc843703) ld      a4, -56(s0)
core   0: 3 0x000000008000ff1a (0xfc843703) x14 0x0000000080012040 mem 0x0000000080031f38
core   0: 0x000000008000ff1e (0xfb843783) ld      a5, -72(s0)
core   0: 3 0x000000008000ff1e (0xfb843783) x15 0x000000000000009c mem 0x0000000080031f28
core   0: 0x000000008000ff22 (0x000097ba) c.add   a5, a4
core   0: 3 0x000000008000ff22 (0x97ba) x15 0x00000000800120dc
core   0: 0x000000008000ff24 (0xfe043703) ld      a4, -32(s0)
core   0: 3 0x000000008000ff24 (0xfe043703) x14 0x00000000800120be mem 0x0000000080031f50
core   0: 0x000000008000ff28 (0xfcf76de3) bltu    a4, a5, pc - 38
core   0: 3 0x000000008000ff28 (0xfcf76de3)
core   0: 0x000000008000ff02 (0xfe043783) ld      a5, -32(s0)
core   0: 3 0x000000008000ff02 (0xfe043783) x15 0x00000000800120be mem 0x0000000080031f50
core   0: 0x000000008000ff06 (0x00178713) addi    a4, a5, 1
core   0: 3 0x000000008000ff06 (0x00178713) x14 0x00000000800120bf
core   0: 0x000000008000ff0a (0xfee43023) sd      a4, -32(s0)
core   0: 3 0x000000008000ff0a (0xfee43023) mem 0x0000000080031f50 0x00000000800120bf
core   0: 0x000000008000ff0e (0xfc442703) lw      a4, -60(s0)
core   0: 3 0x000000008000ff0e (0xfc442703) x14 0x0000000000000000 mem 0x0000000080031f34
core   0: 0x000000008000ff12 (0x0ff77713) andi    a4, a4, 255
core   0: 3 0x000000008000ff12 (0x0ff77713) x14 0x0000000000000000
core   0: 0x000000008000ff16 (0x00e78023) sb      a4, 0(a5)
core   0: 3 0x000000008000ff16 (0x00e78023) mem 0x00000000800120be 0x00
core   0: 0x000000008000ff1a (0xfc843703) ld      a4, -56(s0)
core   0: 3 0x000000008000ff1a (0xfc843703) x14 0x0000000080012040 mem 0x0000000080031f38
core   0: 0x000000008000ff1e (0xfb843783) ld      a5, -72(s0)
core   0: 3 0x000000008000ff1e (0xfb843783) x15 0x000000000000009c mem 0x0000000080031f28
core   0: 0x000000008000ff22 (0x000097ba) c.add   a5, a4
core   0: 3 0x000000008000ff22 (0x97ba) x15 0x00000000800120dc
core   0: 0x000000008000ff24 (0xfe043703) ld      a4, -32(s0)
core   0: 3 0x000000008000ff24 (0xfe043703) x14 0x00000000800120bf mem 0x0000000080031f50
core   0: 0x000000008000ff28 (0xfcf76de3) bltu    a4, a5, pc - 38
core   0: 3 0x000000008000ff28 (0xfcf76de3)
core   0: 0x000000008000ff02 (0xfe043783) ld      a5, -32(s0)
core   0: 3 0x000000008000ff02 (0xfe043783) x15 0x00000000800120bf mem 0x0000000080031f50
core   0: 0x000000008000ff06 (0x00178713) addi    a4, a5, 1
core   0: 3 0x000000008000ff06 (0x00178713) x14 0x00000000800120c0
core   0: 0x000000008000ff0a (0xfee43023) sd      a4, -32(s0)
core   0: 3 0x000000008000ff0a (0xfee43023) mem 0x0000000080031f50 0x00000000800120c0
core   0: 0x000000008000ff0e (0xfc442703) lw      a4, -60(s0)
core   0: 3 0x000000008000ff0e (0xfc442703) x14 0x0000000000000000 mem 0x0000000080031f34
core   0: 0x000000008000ff12 (0x0ff77713) andi    a4, a4, 255
core   0: 3 0x000000008000ff12 (0x0ff77713) x14 0x0000000000000000
core   0: 0x000000008000ff16 (0x00e78023) sb      a4, 0(a5)
core   0: 3 0x000000008000ff16 (0x00e78023) mem 0x00000000800120bf 0x00
core   0: 0x000000008000ff1a (0xfc843703) ld      a4, -56(s0)
core   0: 3 0x000000008000ff1a (0xfc843703) x14 0x0000000080012040 mem 0x0000000080031f38
core   0: 0x000000008000ff1e (0xfb843783) ld      a5, -72(s0)
core   0: 3 0x000000008000ff1e (0xfb843783) x15 0x000000000000009c mem 0x0000000080031f28
core   0: 0x000000008000ff22 (0x000097ba) c.add   a5, a4
core   0: 3 0x000000008000ff22 (0x97ba) x15 0x00000000800120dc
core   0: 0x000000008000ff24 (0xfe043703) ld      a4, -32(s0)
core   0: 3 0x000000008000ff24 (0xfe043703) x14 0x00000000800120c0 mem 0x0000000080031f50
core   0: 0x000000008000ff28 (0xfcf76de3) bltu    a4, a5, pc - 38
core   0: 3 0x000000008000ff28 (0xfcf76de3)
core   0: 0x000000008000ff02 (0xfe043783) ld      a5, -32(s0)
core   0: 3 0x000000008000ff02 (0xfe043783) x15 0x00000000800120c0 mem 0x0000000080031f50
core   0: 0x000000008000ff06 (0x00178713) addi    a4, a5, 1
core   0: 3 0x000000008000ff06 (0x00178713) x14 0x00000000800120c1
core   0: 0x000000008000ff0a (0xfee43023) sd      a4, -32(s0)
core   0: 3 0x000000008000ff0a (0xfee43023) mem 0x0000000080031f50 0x00000000800120c1
core   0: 0x000000008000ff0e (0xfc442703) lw      a4, -60(s0)
core   0: 3 0x000000008000ff0e (0xfc442703) x14 0x0000000000000000 mem 0x0000000080031f34
core   0: 0x000000008000ff12 (0x0ff77713) andi    a4, a4, 255
core   0: 3 0x000000008000ff12 (0x0ff77713) x14 0x0000000000000000
core   0: 0x000000008000ff16 (0x00e78023) sb      a4, 0(a5)
core   0: 3 0x000000008000ff16 (0x00e78023) mem 0x00000000800120c0 0x00
core   0: 0x000000008000ff1a (0xfc843703) ld      a4, -56(s0)
core   0: 3 0x000000008000ff1a (0xfc843703) x14 0x0000000080012040 mem 0x0000000080031f38
core   0: 0x000000008000ff1e (0xfb843783) ld      a5, -72(s0)
core   0: 3 0x000000008000ff1e (0xfb843783) x15 0x000000000000009c mem 0x0000000080031f28
core   0: 0x000000008000ff22 (0x000097ba) c.add   a5, a4
core   0: 3 0x000000008000ff22 (0x97ba) x15 0x00000000800120dc
core   0: 0x000000008000ff24 (0xfe043703) ld      a4, -32(s0)
core   0: 3 0x000000008000ff24 (0xfe043703) x14 0x00000000800120c1 mem 0x0000000080031f50
core   0: 0x000000008000ff28 (0xfcf76de3) bltu    a4, a5, pc - 38
core   0: 3 0x000000008000ff28 (0xfcf76de3)
core   0: 0x000000008000ff02 (0xfe043783) ld      a5, -32(s0)
core   0: 3 0x000000008000ff02 (0xfe043783) x15 0x00000000800120c1 mem 0x0000000080031f50
core   0: 0x000000008000ff06 (0x00178713) addi    a4, a5, 1
core   0: 3 0x000000008000ff06 (0x00178713) x14 0x00000000800120c2
core   0: 0x000000008000ff0a (0xfee43023) sd      a4, -32(s0)
core   0: 3 0x000000008000ff0a (0xfee43023) mem 0x0000000080031f50 0x00000000800120c2
core   0: 0x000000008000ff0e (0xfc442703) lw      a4, -60(s0)
core   0: 3 0x000000008000ff0e (0xfc442703) x14 0x0000000000000000 mem 0x0000000080031f34
core   0: 0x000000008000ff12 (0x0ff77713) andi    a4, a4, 255
core   0: 3 0x000000008000ff12 (0x0ff77713) x14 0x0000000000000000
core   0: 0x000000008000ff16 (0x00e78023) sb      a4, 0(a5)
core   0: 3 0x000000008000ff16 (0x00e78023) mem 0x00000000800120c1 0x00
core   0: 0x000000008000ff1a (0xfc843703) ld      a4, -56(s0)
core   0: 3 0x000000008000ff1a (0xfc843703) x14 0x0000000080012040 mem 0x0000000080031f38
core   0: 0x000000008000ff1e (0xfb843783) ld      a5, -72(s0)
core   0: 3 0x000000008000ff1e (0xfb843783) x15 0x000000000000009c mem 0x0000000080031f28
core   0: 0x000000008000ff22 (0x000097ba) c.add   a5, a4
core   0: 3 0x000000008000ff22 (0x97ba) x15 0x00000000800120dc
core   0: 0x000000008000ff24 (0xfe043703) ld      a4, -32(s0)
core   0: 3 0x000000008000ff24 (0xfe043703) x14 0x00000000800120c2 mem 0x0000000080031f50
core   0: 0x000000008000ff28 (0xfcf76de3) bltu    a4, a5, pc - 38
core   0: 3 0x000000008000ff28 (0xfcf76de3)
core   0: 0x000000008000ff02 (0xfe043783) ld      a5, -32(s0)
core   0: 3 0x000000008000ff02 (0xfe043783) x15 0x00000000800120c2 mem 0x0000000080031f50
core   0: 0x000000008000ff06 (0x00178713) addi    a4, a5, 1
core   0: 3 0x000000008000ff06 (0x00178713) x14 0x00000000800120c3
core   0: 0x000000008000ff0a (0xfee43023) sd      a4, -32(s0)
core   0: 3 0x000000008000ff0a (0xfee43023) mem 0x0000000080031f50 0x00000000800120c3
core   0: 0x000000008000ff0e (0xfc442703) lw      a4, -60(s0)
core   0: 3 0x000000008000ff0e (0xfc442703) x14 0x0000000000000000 mem 0x0000000080031f34
core   0: 0x000000008000ff12 (0x0ff77713) andi    a4, a4, 255
core   0: 3 0x000000008000ff12 (0x0ff77713) x14 0x0000000000000000
core   0: 0x000000008000ff16 (0x00e78023) sb      a4, 0(a5)
core   0: 3 0x000000008000ff16 (0x00e78023) mem 0x00000000800120c2 0x00
core   0: 0x000000008000ff1a (0xfc843703) ld      a4, -56(s0)
core   0: 3 0x000000008000ff1a (0xfc843703) x14 0x0000000080012040 mem 0x0000000080031f38
core   0: 0x000000008000ff1e (0xfb843783) ld      a5, -72(s0)
core   0: 3 0x000000008000ff1e (0xfb843783) x15 0x000000000000009c mem 0x0000000080031f28
core   0: 0x000000008000ff22 (0x000097ba) c.add   a5, a4
core   0: 3 0x000000008000ff22 (0x97ba) x15 0x00000000800120dc
core   0: 0x000000008000ff24 (0xfe043703) ld      a4, -32(s0)
core   0: 3 0x000000008000ff24 (0xfe043703) x14 0x00000000800120c3 mem 0x0000000080031f50
core   0: 0x000000008000ff28 (0xfcf76de3) bltu    a4, a5, pc - 38
core   0: 3 0x000000008000ff28 (0xfcf76de3)
core   0: 0x000000008000ff02 (0xfe043783) ld      a5, -32(s0)
core   0: 3 0x000000008000ff02 (0xfe043783) x15 0x00000000800120c3 mem 0x0000000080031f50
core   0: 0x000000008000ff06 (0x00178713) addi    a4, a5, 1
core   0: 3 0x000000008000ff06 (0x00178713) x14 0x00000000800120c4
core   0: 0x000000008000ff0a (0xfee43023) sd      a4, -32(s0)
core   0: 3 0x000000008000ff0a (0xfee43023) mem 0x0000000080031f50 0x00000000800120c4
core   0: 0x000000008000ff0e (0xfc442703) lw      a4, -60(s0)
core   0: 3 0x000000008000ff0e (0xfc442703) x14 0x0000000000000000 mem 0x0000000080031f34
core   0: 0x000000008000ff12 (0x0ff77713) andi    a4, a4, 255
core   0: 3 0x000000008000ff12 (0x0ff77713) x14 0x0000000000000000
core   0: 0x000000008000ff16 (0x00e78023) sb      a4, 0(a5)
core   0: 3 0x000000008000ff16 (0x00e78023) mem 0x00000000800120c3 0x00
core   0: 0x000000008000ff1a (0xfc843703) ld      a4, -56(s0)
core   0: 3 0x000000008000ff1a (0xfc843703) x14 0x0000000080012040 mem 0x0000000080031f38
core   0: 0x000000008000ff1e (0xfb843783) ld      a5, -72(s0)
core   0: 3 0x000000008000ff1e (0xfb843783) x15 0x000000000000009c mem 0x0000000080031f28
core   0: 0x000000008000ff22 (0x000097ba) c.add   a5, a4
core   0: 3 0x000000008000ff22 (0x97ba) x15 0x00000000800120dc
core   0: 0x000000008000ff24 (0xfe043703) ld      a4, -32(s0)
core   0: 3 0x000000008000ff24 (0xfe043703) x14 0x00000000800120c4 mem 0x0000000080031f50
core   0: 0x000000008000ff28 (0xfcf76de3) bltu    a4, a5, pc - 38
core   0: 3 0x000000008000ff28 (0xfcf76de3)
core   0: 0x000000008000ff02 (0xfe043783) ld      a5, -32(s0)
core   0: 3 0x000000008000ff02 (0xfe043783) x15 0x00000000800120c4 mem 0x0000000080031f50
core   0: 0x000000008000ff06 (0x00178713) addi    a4, a5, 1
core   0: 3 0x000000008000ff06 (0x00178713) x14 0x00000000800120c5
core   0: 0x000000008000ff0a (0xfee43023) sd      a4, -32(s0)
core   0: 3 0x000000008000ff0a (0xfee43023) mem 0x0000000080031f50 0x00000000800120c5
core   0: 0x000000008000ff0e (0xfc442703) lw      a4, -60(s0)
core   0: 3 0x000000008000ff0e (0xfc442703) x14 0x0000000000000000 mem 0x0000000080031f34
core   0: 0x000000008000ff12 (0x0ff77713) andi    a4, a4, 255
core   0: 3 0x000000008000ff12 (0x0ff77713) x14 0x0000000000000000
core   0: 0x000000008000ff16 (0x00e78023) sb      a4, 0(a5)
core   0: 3 0x000000008000ff16 (0x00e78023) mem 0x00000000800120c4 0x00
core   0: 0x000000008000ff1a (0xfc843703) ld      a4, -56(s0)
core   0: 3 0x000000008000ff1a (0xfc843703) x14 0x0000000080012040 mem 0x0000000080031f38
core   0: 0x000000008000ff1e (0xfb843783) ld      a5, -72(s0)
core   0: 3 0x000000008000ff1e (0xfb843783) x15 0x000000000000009c mem 0x0000000080031f28
core   0: 0x000000008000ff22 (0x000097ba) c.add   a5, a4
core   0: 3 0x000000008000ff22 (0x97ba) x15 0x00000000800120dc
core   0: 0x000000008000ff24 (0xfe043703) ld      a4, -32(s0)
core   0: 3 0x000000008000ff24 (0xfe043703) x14 0x00000000800120c5 mem 0x0000000080031f50
core   0: 0x000000008000ff28 (0xfcf76de3) bltu    a4, a5, pc - 38
core   0: 3 0x000000008000ff28 (0xfcf76de3)
core   0: 0x000000008000ff02 (0xfe043783) ld      a5, -32(s0)
core   0: 3 0x000000008000ff02 (0xfe043783) x15 0x00000000800120c5 mem 0x0000000080031f50
core   0: 0x000000008000ff06 (0x00178713) addi    a4, a5, 1
core   0: 3 0x000000008000ff06 (0x00178713) x14 0x00000000800120c6
core   0: 0x000000008000ff0a (0xfee43023) sd      a4, -32(s0)
core   0: 3 0x000000008000ff0a (0xfee43023) mem 0x0000000080031f50 0x00000000800120c6
core   0: 0x000000008000ff0e (0xfc442703) lw      a4, -60(s0)
core   0: 3 0x000000008000ff0e (0xfc442703) x14 0x0000000000000000 mem 0x0000000080031f34
core   0: 0x000000008000ff12 (0x0ff77713) andi    a4, a4, 255
core   0: 3 0x000000008000ff12 (0x0ff77713) x14 0x0000000000000000
core   0: 0x000000008000ff16 (0x00e78023) sb      a4, 0(a5)
core   0: 3 0x000000008000ff16 (0x00e78023) mem 0x00000000800120c5 0x00
core   0: 0x000000008000ff1a (0xfc843703) ld      a4, -56(s0)
core   0: 3 0x000000008000ff1a (0xfc843703) x14 0x0000000080012040 mem 0x0000000080031f38
core   0: 0x000000008000ff1e (0xfb843783) ld      a5, -72(s0)
core   0: 3 0x000000008000ff1e (0xfb843783) x15 0x000000000000009c mem 0x0000000080031f28
core   0: 0x000000008000ff22 (0x000097ba) c.add   a5, a4
core   0: 3 0x000000008000ff22 (0x97ba) x15 0x00000000800120dc
core   0: 0x000000008000ff24 (0xfe043703) ld      a4, -32(s0)
core   0: 3 0x000000008000ff24 (0xfe043703) x14 0x00000000800120c6 mem 0x0000000080031f50
core   0: 0x000000008000ff28 (0xfcf76de3) bltu    a4, a5, pc - 38
core   0: 3 0x000000008000ff28 (0xfcf76de3)
core   0: 0x000000008000ff02 (0xfe043783) ld      a5, -32(s0)
core   0: 3 0x000000008000ff02 (0xfe043783) x15 0x00000000800120c6 mem 0x0000000080031f50
core   0: 0x000000008000ff06 (0x00178713) addi    a4, a5, 1
core   0: 3 0x000000008000ff06 (0x00178713) x14 0x00000000800120c7
core   0: 0x000000008000ff0a (0xfee43023) sd      a4, -32(s0)
core   0: 3 0x000000008000ff0a (0xfee43023) mem 0x0000000080031f50 0x00000000800120c7
core   0: 0x000000008000ff0e (0xfc442703) lw      a4, -60(s0)
core   0: 3 0x000000008000ff0e (0xfc442703) x14 0x0000000000000000 mem 0x0000000080031f34
core   0: 0x000000008000ff12 (0x0ff77713) andi    a4, a4, 255
core   0: 3 0x000000008000ff12 (0x0ff77713) x14 0x0000000000000000
core   0: 0x000000008000ff16 (0x00e78023) sb      a4, 0(a5)
core   0: 3 0x000000008000ff16 (0x00e78023) mem 0x00000000800120c6 0x00
core   0: 0x000000008000ff1a (0xfc843703) ld      a4, -56(s0)
core   0: 3 0x000000008000ff1a (0xfc843703) x14 0x0000000080012040 mem 0x0000000080031f38
core   0: 0x000000008000ff1e (0xfb843783) ld      a5, -72(s0)
core   0: 3 0x000000008000ff1e (0xfb843783) x15 0x000000000000009c mem 0x0000000080031f28
core   0: 0x000000008000ff22 (0x000097ba) c.add   a5, a4
core   0: 3 0x000000008000ff22 (0x97ba) x15 0x00000000800120dc
core   0: 0x000000008000ff24 (0xfe043703) ld      a4, -32(s0)
core   0: 3 0x000000008000ff24 (0xfe043703) x14 0x00000000800120c7 mem 0x0000000080031f50
core   0: 0x000000008000ff28 (0xfcf76de3) bltu    a4, a5, pc - 38
core   0: 3 0x000000008000ff28 (0xfcf76de3)
core   0: 0x000000008000ff02 (0xfe043783) ld      a5, -32(s0)
core   0: 3 0x000000008000ff02 (0xfe043783) x15 0x00000000800120c7 mem 0x0000000080031f50
core   0: 0x000000008000ff06 (0x00178713) addi    a4, a5, 1
core   0: 3 0x000000008000ff06 (0x00178713) x14 0x00000000800120c8
core   0: 0x000000008000ff0a (0xfee43023) sd      a4, -32(s0)
core   0: 3 0x000000008000ff0a (0xfee43023) mem 0x0000000080031f50 0x00000000800120c8
core   0: 0x000000008000ff0e (0xfc442703) lw      a4, -60(s0)
core   0: 3 0x000000008000ff0e (0xfc442703) x14 0x0000000000000000 mem 0x0000000080031f34
core   0: 0x000000008000ff12 (0x0ff77713) andi    a4, a4, 255
core   0: 3 0x000000008000ff12 (0x0ff77713) x14 0x0000000000000000
core   0: 0x000000008000ff16 (0x00e78023) sb      a4, 0(a5)
core   0: 3 0x000000008000ff16 (0x00e78023) mem 0x00000000800120c7 0x00
core   0: 0x000000008000ff1a (0xfc843703) ld      a4, -56(s0)
core   0: 3 0x000000008000ff1a (0xfc843703) x14 0x0000000080012040 mem 0x0000000080031f38
core   0: 0x000000008000ff1e (0xfb843783) ld      a5, -72(s0)
core   0: 3 0x000000008000ff1e (0xfb843783) x15 0x000000000000009c mem 0x0000000080031f28
core   0: 0x000000008000ff22 (0x000097ba) c.add   a5, a4
core   0: 3 0x000000008000ff22 (0x97ba) x15 0x00000000800120dc
core   0: 0x000000008000ff24 (0xfe043703) ld      a4, -32(s0)
core   0: 3 0x000000008000ff24 (0xfe043703) x14 0x00000000800120c8 mem 0x0000000080031f50
core   0: 0x000000008000ff28 (0xfcf76de3) bltu    a4, a5, pc - 38
core   0: 3 0x000000008000ff28 (0xfcf76de3)
core   0: 0x000000008000ff02 (0xfe043783) ld      a5, -32(s0)
core   0: 3 0x000000008000ff02 (0xfe043783) x15 0x00000000800120c8 mem 0x0000000080031f50
core   0: 0x000000008000ff06 (0x00178713) addi    a4, a5, 1
core   0: 3 0x000000008000ff06 (0x00178713) x14 0x00000000800120c9
core   0: 0x000000008000ff0a (0xfee43023) sd      a4, -32(s0)
core   0: 3 0x000000008000ff0a (0xfee43023) mem 0x0000000080031f50 0x00000000800120c9
core   0: 0x000000008000ff0e (0xfc442703) lw      a4, -60(s0)
core   0: 3 0x000000008000ff0e (0xfc442703) x14 0x0000000000000000 mem 0x0000000080031f34
core   0: 0x000000008000ff12 (0x0ff77713) andi    a4, a4, 255
core   0: 3 0x000000008000ff12 (0x0ff77713) x14 0x0000000000000000
core   0: 0x000000008000ff16 (0x00e78023) sb      a4, 0(a5)
core   0: 3 0x000000008000ff16 (0x00e78023) mem 0x00000000800120c8 0x00
core   0: 0x000000008000ff1a (0xfc843703) ld      a4, -56(s0)
core   0: 3 0x000000008000ff1a (0xfc843703) x14 0x0000000080012040 mem 0x0000000080031f38
core   0: 0x000000008000ff1e (0xfb843783) ld      a5, -72(s0)
core   0: 3 0x000000008000ff1e (0xfb843783) x15 0x000000000000009c mem 0x0000000080031f28
core   0: 0x000000008000ff22 (0x000097ba) c.add   a5, a4
core   0: 3 0x000000008000ff22 (0x97ba) x15 0x00000000800120dc
core   0: 0x000000008000ff24 (0xfe043703) ld      a4, -32(s0)
core   0: 3 0x000000008000ff24 (0xfe043703) x14 0x00000000800120c9 mem 0x0000000080031f50
core   0: 0x000000008000ff28 (0xfcf76de3) bltu    a4, a5, pc - 38
core   0: 3 0x000000008000ff28 (0xfcf76de3)
core   0: 0x000000008000ff02 (0xfe043783) ld      a5, -32(s0)
core   0: 3 0x000000008000ff02 (0xfe043783) x15 0x00000000800120c9 mem 0x0000000080031f50
core   0: 0x000000008000ff06 (0x00178713) addi    a4, a5, 1
core   0: 3 0x000000008000ff06 (0x00178713) x14 0x00000000800120ca
core   0: 0x000000008000ff0a (0xfee43023) sd      a4, -32(s0)
core   0: 3 0x000000008000ff0a (0xfee43023) mem 0x0000000080031f50 0x00000000800120ca
core   0: 0x000000008000ff0e (0xfc442703) lw      a4, -60(s0)
core   0: 3 0x000000008000ff0e (0xfc442703) x14 0x0000000000000000 mem 0x0000000080031f34
core   0: 0x000000008000ff12 (0x0ff77713) andi    a4, a4, 255
core   0: 3 0x000000008000ff12 (0x0ff77713) x14 0x0000000000000000
core   0: 0x000000008000ff16 (0x00e78023) sb      a4, 0(a5)
core   0: 3 0x000000008000ff16 (0x00e78023) mem 0x00000000800120c9 0x00
core   0: 0x000000008000ff1a (0xfc843703) ld      a4, -56(s0)
core   0: 3 0x000000008000ff1a (0xfc843703) x14 0x0000000080012040 mem 0x0000000080031f38
core   0: 0x000000008000ff1e (0xfb843783) ld      a5, -72(s0)
core   0: 3 0x000000008000ff1e (0xfb843783) x15 0x000000000000009c mem 0x0000000080031f28
core   0: 0x000000008000ff22 (0x000097ba) c.add   a5, a4
core   0: 3 0x000000008000ff22 (0x97ba) x15 0x00000000800120dc
core   0: 0x000000008000ff24 (0xfe043703) ld      a4, -32(s0)
core   0: 3 0x000000008000ff24 (0xfe043703) x14 0x00000000800120ca mem 0x0000000080031f50
core   0: 0x000000008000ff28 (0xfcf76de3) bltu    a4, a5, pc - 38
core   0: 3 0x000000008000ff28 (0xfcf76de3)
core   0: 0x000000008000ff02 (0xfe043783) ld      a5, -32(s0)
core   0: 3 0x000000008000ff02 (0xfe043783) x15 0x00000000800120ca mem 0x0000000080031f50
core   0: 0x000000008000ff06 (0x00178713) addi    a4, a5, 1
core   0: 3 0x000000008000ff06 (0x00178713) x14 0x00000000800120cb
core   0: 0x000000008000ff0a (0xfee43023) sd      a4, -32(s0)
core   0: 3 0x000000008000ff0a (0xfee43023) mem 0x0000000080031f50 0x00000000800120cb
core   0: 0x000000008000ff0e (0xfc442703) lw      a4, -60(s0)
core   0: 3 0x000000008000ff0e (0xfc442703) x14 0x0000000000000000 mem 0x0000000080031f34
core   0: 0x000000008000ff12 (0x0ff77713) andi    a4, a4, 255
core   0: 3 0x000000008000ff12 (0x0ff77713) x14 0x0000000000000000
core   0: 0x000000008000ff16 (0x00e78023) sb      a4, 0(a5)
core   0: 3 0x000000008000ff16 (0x00e78023) mem 0x00000000800120ca 0x00
core   0: 0x000000008000ff1a (0xfc843703) ld      a4, -56(s0)
core   0: 3 0x000000008000ff1a (0xfc843703) x14 0x0000000080012040 mem 0x0000000080031f38
core   0: 0x000000008000ff1e (0xfb843783) ld      a5, -72(s0)
core   0: 3 0x000000008000ff1e (0xfb843783) x15 0x000000000000009c mem 0x0000000080031f28
core   0: 0x000000008000ff22 (0x000097ba) c.add   a5, a4
core   0: 3 0x000000008000ff22 (0x97ba) x15 0x00000000800120dc
core   0: 0x000000008000ff24 (0xfe043703) ld      a4, -32(s0)
core   0: 3 0x000000008000ff24 (0xfe043703) x14 0x00000000800120cb mem 0x0000000080031f50
core   0: 0x000000008000ff28 (0xfcf76de3) bltu    a4, a5, pc - 38
core   0: 3 0x000000008000ff28 (0xfcf76de3)
core   0: 0x000000008000ff02 (0xfe043783) ld      a5, -32(s0)
core   0: 3 0x000000008000ff02 (0xfe043783) x15 0x00000000800120cb mem 0x0000000080031f50
core   0: 0x000000008000ff06 (0x00178713) addi    a4, a5, 1
core   0: 3 0x000000008000ff06 (0x00178713) x14 0x00000000800120cc
core   0: 0x000000008000ff0a (0xfee43023) sd      a4, -32(s0)
core   0: 3 0x000000008000ff0a (0xfee43023) mem 0x0000000080031f50 0x00000000800120cc
core   0: 0x000000008000ff0e (0xfc442703) lw      a4, -60(s0)
core   0: 3 0x000000008000ff0e (0xfc442703) x14 0x0000000000000000 mem 0x0000000080031f34
core   0: 0x000000008000ff12 (0x0ff77713) andi    a4, a4, 255
core   0: 3 0x000000008000ff12 (0x0ff77713) x14 0x0000000000000000
core   0: 0x000000008000ff16 (0x00e78023) sb      a4, 0(a5)
core   0: 3 0x000000008000ff16 (0x00e78023) mem 0x00000000800120cb 0x00
core   0: 0x000000008000ff1a (0xfc843703) ld      a4, -56(s0)
core   0: 3 0x000000008000ff1a (0xfc843703) x14 0x0000000080012040 mem 0x0000000080031f38
core   0: 0x000000008000ff1e (0xfb843783) ld      a5, -72(s0)
core   0: 3 0x000000008000ff1e (0xfb843783) x15 0x000000000000009c mem 0x0000000080031f28
core   0: 0x000000008000ff22 (0x000097ba) c.add   a5, a4
core   0: 3 0x000000008000ff22 (0x97ba) x15 0x00000000800120dc
core   0: 0x000000008000ff24 (0xfe043703) ld      a4, -32(s0)
core   0: 3 0x000000008000ff24 (0xfe043703) x14 0x00000000800120cc mem 0x0000000080031f50
core   0: 0x000000008000ff28 (0xfcf76de3) bltu    a4, a5, pc - 38
core   0: 3 0x000000008000ff28 (0xfcf76de3)
core   0: 0x000000008000ff02 (0xfe043783) ld      a5, -32(s0)
core   0: 3 0x000000008000ff02 (0xfe043783) x15 0x00000000800120cc mem 0x0000000080031f50
core   0: 0x000000008000ff06 (0x00178713) addi    a4, a5, 1
core   0: 3 0x000000008000ff06 (0x00178713) x14 0x00000000800120cd
core   0: 0x000000008000ff0a (0xfee43023) sd      a4, -32(s0)
core   0: 3 0x000000008000ff0a (0xfee43023) mem 0x0000000080031f50 0x00000000800120cd
core   0: 0x000000008000ff0e (0xfc442703) lw      a4, -60(s0)
core   0: 3 0x000000008000ff0e (0xfc442703) x14 0x0000000000000000 mem 0x0000000080031f34
core   0: 0x000000008000ff12 (0x0ff77713) andi    a4, a4, 255
core   0: 3 0x000000008000ff12 (0x0ff77713) x14 0x0000000000000000
core   0: 0x000000008000ff16 (0x00e78023) sb      a4, 0(a5)
core   0: 3 0x000000008000ff16 (0x00e78023) mem 0x00000000800120cc 0x00
core   0: 0x000000008000ff1a (0xfc843703) ld      a4, -56(s0)
core   0: 3 0x000000008000ff1a (0xfc843703) x14 0x0000000080012040 mem 0x0000000080031f38
core   0: 0x000000008000ff1e (0xfb843783) ld      a5, -72(s0)
core   0: 3 0x000000008000ff1e (0xfb843783) x15 0x000000000000009c mem 0x0000000080031f28
core   0: 0x000000008000ff22 (0x000097ba) c.add   a5, a4
core   0: 3 0x000000008000ff22 (0x97ba) x15 0x00000000800120dc
core   0: 0x000000008000ff24 (0xfe043703) ld      a4, -32(s0)
core   0: 3 0x000000008000ff24 (0xfe043703) x14 0x00000000800120cd mem 0x0000000080031f50
core   0: 0x000000008000ff28 (0xfcf76de3) bltu    a4, a5, pc - 38
core   0: 3 0x000000008000ff28 (0xfcf76de3)
core   0: 0x000000008000ff02 (0xfe043783) ld      a5, -32(s0)
core   0: 3 0x000000008000ff02 (0xfe043783) x15 0x00000000800120cd mem 0x0000000080031f50
core   0: 0x000000008000ff06 (0x00178713) addi    a4, a5, 1
core   0: 3 0x000000008000ff06 (0x00178713) x14 0x00000000800120ce
core   0: 0x000000008000ff0a (0xfee43023) sd      a4, -32(s0)
core   0: 3 0x000000008000ff0a (0xfee43023) mem 0x0000000080031f50 0x00000000800120ce
core   0: 0x000000008000ff0e (0xfc442703) lw      a4, -60(s0)
core   0: 3 0x000000008000ff0e (0xfc442703) x14 0x0000000000000000 mem 0x0000000080031f34
core   0: 0x000000008000ff12 (0x0ff77713) andi    a4, a4, 255
core   0: 3 0x000000008000ff12 (0x0ff77713) x14 0x0000000000000000
core   0: 0x000000008000ff16 (0x00e78023) sb      a4, 0(a5)
core   0: 3 0x000000008000ff16 (0x00e78023) mem 0x00000000800120cd 0x00
core   0: 0x000000008000ff1a (0xfc843703) ld      a4, -56(s0)
core   0: 3 0x000000008000ff1a (0xfc843703) x14 0x0000000080012040 mem 0x0000000080031f38
core   0: 0x000000008000ff1e (0xfb843783) ld      a5, -72(s0)
core   0: 3 0x000000008000ff1e (0xfb843783) x15 0x000000000000009c mem 0x0000000080031f28
core   0: 0x000000008000ff22 (0x000097ba) c.add   a5, a4
core   0: 3 0x000000008000ff22 (0x97ba) x15 0x00000000800120dc
core   0: 0x000000008000ff24 (0xfe043703) ld      a4, -32(s0)
core   0: 3 0x000000008000ff24 (0xfe043703) x14 0x00000000800120ce mem 0x0000000080031f50
core   0: 0x000000008000ff28 (0xfcf76de3) bltu    a4, a5, pc - 38
core   0: 3 0x000000008000ff28 (0xfcf76de3)
core   0: 0x000000008000ff02 (0xfe043783) ld      a5, -32(s0)
core   0: 3 0x000000008000ff02 (0xfe043783) x15 0x00000000800120ce mem 0x0000000080031f50
core   0: 0x000000008000ff06 (0x00178713) addi    a4, a5, 1
core   0: 3 0x000000008000ff06 (0x00178713) x14 0x00000000800120cf
core   0: 0x000000008000ff0a (0xfee43023) sd      a4, -32(s0)
core   0: 3 0x000000008000ff0a (0xfee43023) mem 0x0000000080031f50 0x00000000800120cf
core   0: 0x000000008000ff0e (0xfc442703) lw      a4, -60(s0)
core   0: 3 0x000000008000ff0e (0xfc442703) x14 0x0000000000000000 mem 0x0000000080031f34
core   0: 0x000000008000ff12 (0x0ff77713) andi    a4, a4, 255
core   0: 3 0x000000008000ff12 (0x0ff77713) x14 0x0000000000000000
core   0: 0x000000008000ff16 (0x00e78023) sb      a4, 0(a5)
core   0: 3 0x000000008000ff16 (0x00e78023) mem 0x00000000800120ce 0x00
core   0: 0x000000008000ff1a (0xfc843703) ld      a4, -56(s0)
core   0: 3 0x000000008000ff1a (0xfc843703) x14 0x0000000080012040 mem 0x0000000080031f38
core   0: 0x000000008000ff1e (0xfb843783) ld      a5, -72(s0)
core   0: 3 0x000000008000ff1e (0xfb843783) x15 0x000000000000009c mem 0x0000000080031f28
core   0: 0x000000008000ff22 (0x000097ba) c.add   a5, a4
core   0: 3 0x000000008000ff22 (0x97ba) x15 0x00000000800120dc
core   0: 0x000000008000ff24 (0xfe043703) ld      a4, -32(s0)
core   0: 3 0x000000008000ff24 (0xfe043703) x14 0x00000000800120cf mem 0x0000000080031f50
core   0: 0x000000008000ff28 (0xfcf76de3) bltu    a4, a5, pc - 38
core   0: 3 0x000000008000ff28 (0xfcf76de3)
core   0: 0x000000008000ff02 (0xfe043783) ld      a5, -32(s0)
core   0: 3 0x000000008000ff02 (0xfe043783) x15 0x00000000800120cf mem 0x0000000080031f50
core   0: 0x000000008000ff06 (0x00178713) addi    a4, a5, 1
core   0: 3 0x000000008000ff06 (0x00178713) x14 0x00000000800120d0
core   0: 0x000000008000ff0a (0xfee43023) sd      a4, -32(s0)
core   0: 3 0x000000008000ff0a (0xfee43023) mem 0x0000000080031f50 0x00000000800120d0
core   0: 0x000000008000ff0e (0xfc442703) lw      a4, -60(s0)
core   0: 3 0x000000008000ff0e (0xfc442703) x14 0x0000000000000000 mem 0x0000000080031f34
core   0: 0x000000008000ff12 (0x0ff77713) andi    a4, a4, 255
core   0: 3 0x000000008000ff12 (0x0ff77713) x14 0x0000000000000000
core   0: 0x000000008000ff16 (0x00e78023) sb      a4, 0(a5)
core   0: 3 0x000000008000ff16 (0x00e78023) mem 0x00000000800120cf 0x00
core   0: 0x000000008000ff1a (0xfc843703) ld      a4, -56(s0)
core   0: 3 0x000000008000ff1a (0xfc843703) x14 0x0000000080012040 mem 0x0000000080031f38
core   0: 0x000000008000ff1e (0xfb843783) ld      a5, -72(s0)
core   0: 3 0x000000008000ff1e (0xfb843783) x15 0x000000000000009c mem 0x0000000080031f28
core   0: 0x000000008000ff22 (0x000097ba) c.add   a5, a4
core   0: 3 0x000000008000ff22 (0x97ba) x15 0x00000000800120dc
core   0: 0x000000008000ff24 (0xfe043703) ld      a4, -32(s0)
core   0: 3 0x000000008000ff24 (0xfe043703) x14 0x00000000800120d0 mem 0x0000000080031f50
core   0: 0x000000008000ff28 (0xfcf76de3) bltu    a4, a5, pc - 38
core   0: 3 0x000000008000ff28 (0xfcf76de3)
core   0: 0x000000008000ff02 (0xfe043783) ld      a5, -32(s0)
core   0: 3 0x000000008000ff02 (0xfe043783) x15 0x00000000800120d0 mem 0x0000000080031f50
core   0: 0x000000008000ff06 (0x00178713) addi    a4, a5, 1
core   0: 3 0x000000008000ff06 (0x00178713) x14 0x00000000800120d1
core   0: 0x000000008000ff0a (0xfee43023) sd      a4, -32(s0)
core   0: 3 0x000000008000ff0a (0xfee43023) mem 0x0000000080031f50 0x00000000800120d1
core   0: 0x000000008000ff0e (0xfc442703) lw      a4, -60(s0)
core   0: 3 0x000000008000ff0e (0xfc442703) x14 0x0000000000000000 mem 0x0000000080031f34
core   0: 0x000000008000ff12 (0x0ff77713) andi    a4, a4, 255
core   0: 3 0x000000008000ff12 (0x0ff77713) x14 0x0000000000000000
core   0: 0x000000008000ff16 (0x00e78023) sb      a4, 0(a5)
core   0: 3 0x000000008000ff16 (0x00e78023) mem 0x00000000800120d0 0x00
core   0: 0x000000008000ff1a (0xfc843703) ld      a4, -56(s0)
core   0: 3 0x000000008000ff1a (0xfc843703) x14 0x0000000080012040 mem 0x0000000080031f38
core   0: 0x000000008000ff1e (0xfb843783) ld      a5, -72(s0)
core   0: 3 0x000000008000ff1e (0xfb843783) x15 0x000000000000009c mem 0x0000000080031f28
core   0: 0x000000008000ff22 (0x000097ba) c.add   a5, a4
core   0: 3 0x000000008000ff22 (0x97ba) x15 0x00000000800120dc
core   0: 0x000000008000ff24 (0xfe043703) ld      a4, -32(s0)
core   0: 3 0x000000008000ff24 (0xfe043703) x14 0x00000000800120d1 mem 0x0000000080031f50
core   0: 0x000000008000ff28 (0xfcf76de3) bltu    a4, a5, pc - 38
core   0: 3 0x000000008000ff28 (0xfcf76de3)
core   0: 0x000000008000ff02 (0xfe043783) ld      a5, -32(s0)
core   0: 3 0x000000008000ff02 (0xfe043783) x15 0x00000000800120d1 mem 0x0000000080031f50
core   0: 0x000000008000ff06 (0x00178713) addi    a4, a5, 1
core   0: 3 0x000000008000ff06 (0x00178713) x14 0x00000000800120d2
core   0: 0x000000008000ff0a (0xfee43023) sd      a4, -32(s0)
core   0: 3 0x000000008000ff0a (0xfee43023) mem 0x0000000080031f50 0x00000000800120d2
core   0: 0x000000008000ff0e (0xfc442703) lw      a4, -60(s0)
core   0: 3 0x000000008000ff0e (0xfc442703) x14 0x0000000000000000 mem 0x0000000080031f34
core   0: 0x000000008000ff12 (0x0ff77713) andi    a4, a4, 255
core   0: 3 0x000000008000ff12 (0x0ff77713) x14 0x0000000000000000
core   0: 0x000000008000ff16 (0x00e78023) sb      a4, 0(a5)
core   0: 3 0x000000008000ff16 (0x00e78023) mem 0x00000000800120d1 0x00
core   0: 0x000000008000ff1a (0xfc843703) ld      a4, -56(s0)
core   0: 3 0x000000008000ff1a (0xfc843703) x14 0x0000000080012040 mem 0x0000000080031f38
core   0: 0x000000008000ff1e (0xfb843783) ld      a5, -72(s0)
core   0: 3 0x000000008000ff1e (0xfb843783) x15 0x000000000000009c mem 0x0000000080031f28
core   0: 0x000000008000ff22 (0x000097ba) c.add   a5, a4
core   0: 3 0x000000008000ff22 (0x97ba) x15 0x00000000800120dc
core   0: 0x000000008000ff24 (0xfe043703) ld      a4, -32(s0)
core   0: 3 0x000000008000ff24 (0xfe043703) x14 0x00000000800120d2 mem 0x0000000080031f50
core   0: 0x000000008000ff28 (0xfcf76de3) bltu    a4, a5, pc - 38
core   0: 3 0x000000008000ff28 (0xfcf76de3)
core   0: 0x000000008000ff02 (0xfe043783) ld      a5, -32(s0)
core   0: 3 0x000000008000ff02 (0xfe043783) x15 0x00000000800120d2 mem 0x0000000080031f50
core   0: 0x000000008000ff06 (0x00178713) addi    a4, a5, 1
core   0: 3 0x000000008000ff06 (0x00178713) x14 0x00000000800120d3
core   0: 0x000000008000ff0a (0xfee43023) sd      a4, -32(s0)
core   0: 3 0x000000008000ff0a (0xfee43023) mem 0x0000000080031f50 0x00000000800120d3
core   0: 0x000000008000ff0e (0xfc442703) lw      a4, -60(s0)
core   0: 3 0x000000008000ff0e (0xfc442703) x14 0x0000000000000000 mem 0x0000000080031f34
core   0: 0x000000008000ff12 (0x0ff77713) andi    a4, a4, 255
core   0: 3 0x000000008000ff12 (0x0ff77713) x14 0x0000000000000000
core   0: 0x000000008000ff16 (0x00e78023) sb      a4, 0(a5)
core   0: 3 0x000000008000ff16 (0x00e78023) mem 0x00000000800120d2 0x00
core   0: 0x000000008000ff1a (0xfc843703) ld      a4, -56(s0)
core   0: 3 0x000000008000ff1a (0xfc843703) x14 0x0000000080012040 mem 0x0000000080031f38
core   0: 0x000000008000ff1e (0xfb843783) ld      a5, -72(s0)
core   0: 3 0x000000008000ff1e (0xfb843783) x15 0x000000000000009c mem 0x0000000080031f28
core   0: 0x000000008000ff22 (0x000097ba) c.add   a5, a4
core   0: 3 0x000000008000ff22 (0x97ba) x15 0x00000000800120dc
core   0: 0x000000008000ff24 (0xfe043703) ld      a4, -32(s0)
core   0: 3 0x000000008000ff24 (0xfe043703) x14 0x00000000800120d3 mem 0x0000000080031f50
core   0: 0x000000008000ff28 (0xfcf76de3) bltu    a4, a5, pc - 38
core   0: 3 0x000000008000ff28 (0xfcf76de3)
core   0: 0x000000008000ff02 (0xfe043783) ld      a5, -32(s0)
core   0: 3 0x000000008000ff02 (0xfe043783) x15 0x00000000800120d3 mem 0x0000000080031f50
core   0: 0x000000008000ff06 (0x00178713) addi    a4, a5, 1
core   0: 3 0x000000008000ff06 (0x00178713) x14 0x00000000800120d4
core   0: 0x000000008000ff0a (0xfee43023) sd      a4, -32(s0)
core   0: 3 0x000000008000ff0a (0xfee43023) mem 0x0000000080031f50 0x00000000800120d4
core   0: 0x000000008000ff0e (0xfc442703) lw      a4, -60(s0)
core   0: 3 0x000000008000ff0e (0xfc442703) x14 0x0000000000000000 mem 0x0000000080031f34
core   0: 0x000000008000ff12 (0x0ff77713) andi    a4, a4, 255
core   0: 3 0x000000008000ff12 (0x0ff77713) x14 0x0000000000000000
core   0: 0x000000008000ff16 (0x00e78023) sb      a4, 0(a5)
core   0: 3 0x000000008000ff16 (0x00e78023) mem 0x00000000800120d3 0x00
core   0: 0x000000008000ff1a (0xfc843703) ld      a4, -56(s0)
core   0: 3 0x000000008000ff1a (0xfc843703) x14 0x0000000080012040 mem 0x0000000080031f38
core   0: 0x000000008000ff1e (0xfb843783) ld      a5, -72(s0)
core   0: 3 0x000000008000ff1e (0xfb843783) x15 0x000000000000009c mem 0x0000000080031f28
core   0: 0x000000008000ff22 (0x000097ba) c.add   a5, a4
core   0: 3 0x000000008000ff22 (0x97ba) x15 0x00000000800120dc
core   0: 0x000000008000ff24 (0xfe043703) ld      a4, -32(s0)
core   0: 3 0x000000008000ff24 (0xfe043703) x14 0x00000000800120d4 mem 0x0000000080031f50
core   0: 0x000000008000ff28 (0xfcf76de3) bltu    a4, a5, pc - 38
core   0: 3 0x000000008000ff28 (0xfcf76de3)
core   0: 0x000000008000ff02 (0xfe043783) ld      a5, -32(s0)
core   0: 3 0x000000008000ff02 (0xfe043783) x15 0x00000000800120d4 mem 0x0000000080031f50
core   0: 0x000000008000ff06 (0x00178713) addi    a4, a5, 1
core   0: 3 0x000000008000ff06 (0x00178713) x14 0x00000000800120d5
core   0: 0x000000008000ff0a (0xfee43023) sd      a4, -32(s0)
core   0: 3 0x000000008000ff0a (0xfee43023) mem 0x0000000080031f50 0x00000000800120d5
core   0: 0x000000008000ff0e (0xfc442703) lw      a4, -60(s0)
core   0: 3 0x000000008000ff0e (0xfc442703) x14 0x0000000000000000 mem 0x0000000080031f34
core   0: 0x000000008000ff12 (0x0ff77713) andi    a4, a4, 255
core   0: 3 0x000000008000ff12 (0x0ff77713) x14 0x0000000000000000
core   0: 0x000000008000ff16 (0x00e78023) sb      a4, 0(a5)
core   0: 3 0x000000008000ff16 (0x00e78023) mem 0x00000000800120d4 0x00
core   0: 0x000000008000ff1a (0xfc843703) ld      a4, -56(s0)
core   0: 3 0x000000008000ff1a (0xfc843703) x14 0x0000000080012040 mem 0x0000000080031f38
core   0: 0x000000008000ff1e (0xfb843783) ld      a5, -72(s0)
core   0: 3 0x000000008000ff1e (0xfb843783) x15 0x000000000000009c mem 0x0000000080031f28
core   0: 0x000000008000ff22 (0x000097ba) c.add   a5, a4
core   0: 3 0x000000008000ff22 (0x97ba) x15 0x00000000800120dc
core   0: 0x000000008000ff24 (0xfe043703) ld      a4, -32(s0)
core   0: 3 0x000000008000ff24 (0xfe043703) x14 0x00000000800120d5 mem 0x0000000080031f50
core   0: 0x000000008000ff28 (0xfcf76de3) bltu    a4, a5, pc - 38
core   0: 3 0x000000008000ff28 (0xfcf76de3)
core   0: 0x000000008000ff02 (0xfe043783) ld      a5, -32(s0)
core   0: 3 0x000000008000ff02 (0xfe043783) x15 0x00000000800120d5 mem 0x0000000080031f50
core   0: 0x000000008000ff06 (0x00178713) addi    a4, a5, 1
core   0: 3 0x000000008000ff06 (0x00178713) x14 0x00000000800120d6
core   0: 0x000000008000ff0a (0xfee43023) sd      a4, -32(s0)
core   0: 3 0x000000008000ff0a (0xfee43023) mem 0x0000000080031f50 0x00000000800120d6
core   0: 0x000000008000ff0e (0xfc442703) lw      a4, -60(s0)
core   0: 3 0x000000008000ff0e (0xfc442703) x14 0x0000000000000000 mem 0x0000000080031f34
core   0: 0x000000008000ff12 (0x0ff77713) andi    a4, a4, 255
core   0: 3 0x000000008000ff12 (0x0ff77713) x14 0x0000000000000000
core   0: 0x000000008000ff16 (0x00e78023) sb      a4, 0(a5)
core   0: 3 0x000000008000ff16 (0x00e78023) mem 0x00000000800120d5 0x00
core   0: 0x000000008000ff1a (0xfc843703) ld      a4, -56(s0)
core   0: 3 0x000000008000ff1a (0xfc843703) x14 0x0000000080012040 mem 0x0000000080031f38
core   0: 0x000000008000ff1e (0xfb843783) ld      a5, -72(s0)
core   0: 3 0x000000008000ff1e (0xfb843783) x15 0x000000000000009c mem 0x0000000080031f28
core   0: 0x000000008000ff22 (0x000097ba) c.add   a5, a4
core   0: 3 0x000000008000ff22 (0x97ba) x15 0x00000000800120dc
core   0: 0x000000008000ff24 (0xfe043703) ld      a4, -32(s0)
core   0: 3 0x000000008000ff24 (0xfe043703) x14 0x00000000800120d6 mem 0x0000000080031f50
core   0: 0x000000008000ff28 (0xfcf76de3) bltu    a4, a5, pc - 38
core   0: 3 0x000000008000ff28 (0xfcf76de3)
core   0: 0x000000008000ff02 (0xfe043783) ld      a5, -32(s0)
core   0: 3 0x000000008000ff02 (0xfe043783) x15 0x00000000800120d6 mem 0x0000000080031f50
core   0: 0x000000008000ff06 (0x00178713) addi    a4, a5, 1
core   0: 3 0x000000008000ff06 (0x00178713) x14 0x00000000800120d7
core   0: 0x000000008000ff0a (0xfee43023) sd      a4, -32(s0)
core   0: 3 0x000000008000ff0a (0xfee43023) mem 0x0000000080031f50 0x00000000800120d7
core   0: 0x000000008000ff0e (0xfc442703) lw      a4, -60(s0)
core   0: 3 0x000000008000ff0e (0xfc442703) x14 0x0000000000000000 mem 0x0000000080031f34
core   0: 0x000000008000ff12 (0x0ff77713) andi    a4, a4, 255
core   0: 3 0x000000008000ff12 (0x0ff77713) x14 0x0000000000000000
core   0: 0x000000008000ff16 (0x00e78023) sb      a4, 0(a5)
core   0: 3 0x000000008000ff16 (0x00e78023) mem 0x00000000800120d6 0x00
core   0: 0x000000008000ff1a (0xfc843703) ld      a4, -56(s0)
core   0: 3 0x000000008000ff1a (0xfc843703) x14 0x0000000080012040 mem 0x0000000080031f38
core   0: 0x000000008000ff1e (0xfb843783) ld      a5, -72(s0)
core   0: 3 0x000000008000ff1e (0xfb843783) x15 0x000000000000009c mem 0x0000000080031f28
core   0: 0x000000008000ff22 (0x000097ba) c.add   a5, a4
core   0: 3 0x000000008000ff22 (0x97ba) x15 0x00000000800120dc
core   0: 0x000000008000ff24 (0xfe043703) ld      a4, -32(s0)
core   0: 3 0x000000008000ff24 (0xfe043703) x14 0x00000000800120d7 mem 0x0000000080031f50
core   0: 0x000000008000ff28 (0xfcf76de3) bltu    a4, a5, pc - 38
core   0: 3 0x000000008000ff28 (0xfcf76de3)
core   0: 0x000000008000ff02 (0xfe043783) ld      a5, -32(s0)
core   0: 3 0x000000008000ff02 (0xfe043783) x15 0x00000000800120d7 mem 0x0000000080031f50
core   0: 0x000000008000ff06 (0x00178713) addi    a4, a5, 1
core   0: 3 0x000000008000ff06 (0x00178713) x14 0x00000000800120d8
core   0: 0x000000008000ff0a (0xfee43023) sd      a4, -32(s0)
core   0: 3 0x000000008000ff0a (0xfee43023) mem 0x0000000080031f50 0x00000000800120d8
core   0: 0x000000008000ff0e (0xfc442703) lw      a4, -60(s0)
core   0: 3 0x000000008000ff0e (0xfc442703) x14 0x0000000000000000 mem 0x0000000080031f34
core   0: 0x000000008000ff12 (0x0ff77713) andi    a4, a4, 255
core   0: 3 0x000000008000ff12 (0x0ff77713) x14 0x0000000000000000
core   0: 0x000000008000ff16 (0x00e78023) sb      a4, 0(a5)
core   0: 3 0x000000008000ff16 (0x00e78023) mem 0x00000000800120d7 0x00
core   0: 0x000000008000ff1a (0xfc843703) ld      a4, -56(s0)
core   0: 3 0x000000008000ff1a (0xfc843703) x14 0x0000000080012040 mem 0x0000000080031f38
core   0: 0x000000008000ff1e (0xfb843783) ld      a5, -72(s0)
core   0: 3 0x000000008000ff1e (0xfb843783) x15 0x000000000000009c mem 0x0000000080031f28
core   0: 0x000000008000ff22 (0x000097ba) c.add   a5, a4
core   0: 3 0x000000008000ff22 (0x97ba) x15 0x00000000800120dc
core   0: 0x000000008000ff24 (0xfe043703) ld      a4, -32(s0)
core   0: 3 0x000000008000ff24 (0xfe043703) x14 0x00000000800120d8 mem 0x0000000080031f50
core   0: 0x000000008000ff28 (0xfcf76de3) bltu    a4, a5, pc - 38
core   0: 3 0x000000008000ff28 (0xfcf76de3)
core   0: 0x000000008000ff02 (0xfe043783) ld      a5, -32(s0)
core   0: 3 0x000000008000ff02 (0xfe043783) x15 0x00000000800120d8 mem 0x0000000080031f50
core   0: 0x000000008000ff06 (0x00178713) addi    a4, a5, 1
core   0: 3 0x000000008000ff06 (0x00178713) x14 0x00000000800120d9
core   0: 0x000000008000ff0a (0xfee43023) sd      a4, -32(s0)
core   0: 3 0x000000008000ff0a (0xfee43023) mem 0x0000000080031f50 0x00000000800120d9
core   0: 0x000000008000ff0e (0xfc442703) lw      a4, -60(s0)
core   0: 3 0x000000008000ff0e (0xfc442703) x14 0x0000000000000000 mem 0x0000000080031f34
core   0: 0x000000008000ff12 (0x0ff77713) andi    a4, a4, 255
core   0: 3 0x000000008000ff12 (0x0ff77713) x14 0x0000000000000000
core   0: 0x000000008000ff16 (0x00e78023) sb      a4, 0(a5)
core   0: 3 0x000000008000ff16 (0x00e78023) mem 0x00000000800120d8 0x00
core   0: 0x000000008000ff1a (0xfc843703) ld      a4, -56(s0)
core   0: 3 0x000000008000ff1a (0xfc843703) x14 0x0000000080012040 mem 0x0000000080031f38
core   0: 0x000000008000ff1e (0xfb843783) ld      a5, -72(s0)
core   0: 3 0x000000008000ff1e (0xfb843783) x15 0x000000000000009c mem 0x0000000080031f28
core   0: 0x000000008000ff22 (0x000097ba) c.add   a5, a4
core   0: 3 0x000000008000ff22 (0x97ba) x15 0x00000000800120dc
core   0: 0x000000008000ff24 (0xfe043703) ld      a4, -32(s0)
core   0: 3 0x000000008000ff24 (0xfe043703) x14 0x00000000800120d9 mem 0x0000000080031f50
core   0: 0x000000008000ff28 (0xfcf76de3) bltu    a4, a5, pc - 38
core   0: 3 0x000000008000ff28 (0xfcf76de3)
core   0: 0x000000008000ff02 (0xfe043783) ld      a5, -32(s0)
core   0: 3 0x000000008000ff02 (0xfe043783) x15 0x00000000800120d9 mem 0x0000000080031f50
core   0: 0x000000008000ff06 (0x00178713) addi    a4, a5, 1
core   0: 3 0x000000008000ff06 (0x00178713) x14 0x00000000800120da
core   0: 0x000000008000ff0a (0xfee43023) sd      a4, -32(s0)
core   0: 3 0x000000008000ff0a (0xfee43023) mem 0x0000000080031f50 0x00000000800120da
core   0: 0x000000008000ff0e (0xfc442703) lw      a4, -60(s0)
core   0: 3 0x000000008000ff0e (0xfc442703) x14 0x0000000000000000 mem 0x0000000080031f34
core   0: 0x000000008000ff12 (0x0ff77713) andi    a4, a4, 255
core   0: 3 0x000000008000ff12 (0x0ff77713) x14 0x0000000000000000
core   0: 0x000000008000ff16 (0x00e78023) sb      a4, 0(a5)
core   0: 3 0x000000008000ff16 (0x00e78023) mem 0x00000000800120d9 0x00
core   0: 0x000000008000ff1a (0xfc843703) ld      a4, -56(s0)
core   0: 3 0x000000008000ff1a (0xfc843703) x14 0x0000000080012040 mem 0x0000000080031f38
core   0: 0x000000008000ff1e (0xfb843783) ld      a5, -72(s0)
core   0: 3 0x000000008000ff1e (0xfb843783) x15 0x000000000000009c mem 0x0000000080031f28
core   0: 0x000000008000ff22 (0x000097ba) c.add   a5, a4
core   0: 3 0x000000008000ff22 (0x97ba) x15 0x00000000800120dc
core   0: 0x000000008000ff24 (0xfe043703) ld      a4, -32(s0)
core   0: 3 0x000000008000ff24 (0xfe043703) x14 0x00000000800120da mem 0x0000000080031f50
core   0: 0x000000008000ff28 (0xfcf76de3) bltu    a4, a5, pc - 38
core   0: 3 0x000000008000ff28 (0xfcf76de3)
core   0: 0x000000008000ff02 (0xfe043783) ld      a5, -32(s0)
core   0: 3 0x000000008000ff02 (0xfe043783) x15 0x00000000800120da mem 0x0000000080031f50
core   0: 0x000000008000ff06 (0x00178713) addi    a4, a5, 1
core   0: 3 0x000000008000ff06 (0x00178713) x14 0x00000000800120db
core   0: 0x000000008000ff0a (0xfee43023) sd      a4, -32(s0)
core   0: 3 0x000000008000ff0a (0xfee43023) mem 0x0000000080031f50 0x00000000800120db
core   0: 0x000000008000ff0e (0xfc442703) lw      a4, -60(s0)
core   0: 3 0x000000008000ff0e (0xfc442703) x14 0x0000000000000000 mem 0x0000000080031f34
core   0: 0x000000008000ff12 (0x0ff77713) andi    a4, a4, 255
core   0: 3 0x000000008000ff12 (0x0ff77713) x14 0x0000000000000000
core   0: 0x000000008000ff16 (0x00e78023) sb      a4, 0(a5)
core   0: 3 0x000000008000ff16 (0x00e78023) mem 0x00000000800120da 0x00
core   0: 0x000000008000ff1a (0xfc843703) ld      a4, -56(s0)
core   0: 3 0x000000008000ff1a (0xfc843703) x14 0x0000000080012040 mem 0x0000000080031f38
core   0: 0x000000008000ff1e (0xfb843783) ld      a5, -72(s0)
core   0: 3 0x000000008000ff1e (0xfb843783) x15 0x000000000000009c mem 0x0000000080031f28
core   0: 0x000000008000ff22 (0x000097ba) c.add   a5, a4
core   0: 3 0x000000008000ff22 (0x97ba) x15 0x00000000800120dc
core   0: 0x000000008000ff24 (0xfe043703) ld      a4, -32(s0)
core   0: 3 0x000000008000ff24 (0xfe043703) x14 0x00000000800120db mem 0x0000000080031f50
core   0: 0x000000008000ff28 (0xfcf76de3) bltu    a4, a5, pc - 38
core   0: 3 0x000000008000ff28 (0xfcf76de3)
core   0: 0x000000008000ff02 (0xfe043783) ld      a5, -32(s0)
core   0: 3 0x000000008000ff02 (0xfe043783) x15 0x00000000800120db mem 0x0000000080031f50
core   0: 0x000000008000ff06 (0x00178713) addi    a4, a5, 1
core   0: 3 0x000000008000ff06 (0x00178713) x14 0x00000000800120dc
core   0: 0x000000008000ff0a (0xfee43023) sd      a4, -32(s0)
core   0: 3 0x000000008000ff0a (0xfee43023) mem 0x0000000080031f50 0x00000000800120dc
core   0: 0x000000008000ff0e (0xfc442703) lw      a4, -60(s0)
core   0: 3 0x000000008000ff0e (0xfc442703) x14 0x0000000000000000 mem 0x0000000080031f34
core   0: 0x000000008000ff12 (0x0ff77713) andi    a4, a4, 255
core   0: 3 0x000000008000ff12 (0x0ff77713) x14 0x0000000000000000
core   0: 0x000000008000ff16 (0x00e78023) sb      a4, 0(a5)
core   0: 3 0x000000008000ff16 (0x00e78023) mem 0x00000000800120db 0x00
core   0: 0x000000008000ff1a (0xfc843703) ld      a4, -56(s0)
core   0: 3 0x000000008000ff1a (0xfc843703) x14 0x0000000080012040 mem 0x0000000080031f38
core   0: 0x000000008000ff1e (0xfb843783) ld      a5, -72(s0)
core   0: 3 0x000000008000ff1e (0xfb843783) x15 0x000000000000009c mem 0x0000000080031f28
core   0: 0x000000008000ff22 (0x000097ba) c.add   a5, a4
core   0: 3 0x000000008000ff22 (0x97ba) x15 0x00000000800120dc
core   0: 0x000000008000ff24 (0xfe043703) ld      a4, -32(s0)
core   0: 3 0x000000008000ff24 (0xfe043703) x14 0x00000000800120dc mem 0x0000000080031f50
core   0: 0x000000008000ff28 (0xfcf76de3) bltu    a4, a5, pc - 38
core   0: 3 0x000000008000ff28 (0xfcf76de3)
core   0: 0x000000008000ff2c (0xfc843783) ld      a5, -56(s0)
core   0: 3 0x000000008000ff2c (0xfc843783) x15 0x0000000080012040 mem 0x0000000080031f38
core   0: 0x000000008000ff30 (0x0000853e) c.mv    a0, a5
core   0: 3 0x000000008000ff30 (0x853e) x10 0x0000000080012040
core   0: 0x000000008000ff32 (0x00006426) c.ldsp  s0, 72(sp)
core   0: 3 0x000000008000ff32 (0x6426) x8  0x0000000080031f90 mem 0x0000000080031f68
core   0: 0x000000008000ff34 (0x00006161) c.addi16sp sp, 80
core   0: 3 0x000000008000ff34 (0x6161) x2  0x0000000080031f70
core   0: 0x000000008000ff36 (0x00008082) ret
core   0: 3 0x000000008000ff36 (0x8082)
core   0: 0x000000008000f4ea (0x00000001) c.nop
core   0: 3 0x000000008000f4ea (0x0001)
core   0: 0x000000008000f4ec (0x000060e2) c.ldsp  ra, 24(sp)
core   0: 3 0x000000008000f4ec (0x60e2) x1  0x000000008000f52a mem 0x0000000080031f88
core   0: 0x000000008000f4ee (0x00006442) c.ldsp  s0, 16(sp)
core   0: 3 0x000000008000f4ee (0x6442) x8  0x0000000080032040 mem 0x0000000080031f80
core   0: 0x000000008000f4f0 (0x00006105) c.addi16sp sp, 32
core   0: 3 0x000000008000f4f0 (0x6105) x2  0x0000000080031f90
core   0: 0x000000008000f4f2 (0x00008082) ret
core   0: 3 0x000000008000f4f2 (0x8082)
core   0: 0x000000008000f52a (0xf5842703) lw      a4, -168(s0)
core   0: 3 0x000000008000f52a (0xf5842703) x14 0x0000000000000001 mem 0x0000000080031f98
core   0: 0x000000008000f52e (0xf5c42783) lw      a5, -164(s0)
core   0: 3 0x000000008000f52e (0xf5c42783) x15 0x0000000000000000 mem 0x0000000080031f9c
core   0: 0x000000008000f532 (0x000085ba) c.mv    a1, a4
core   0: 3 0x000000008000f532 (0x85ba) x11 0x0000000000000001
core   0: 0x000000008000f534 (0x0000853e) c.mv    a0, a5
core   0: 3 0x000000008000f534 (0x853e) x10 0x0000000000000000
core   0: 0x000000008000f536 (0xf03ff0ef) jal     pc - 0xfe
core   0: 3 0x000000008000f536 (0xf03ff0ef) x1  0x000000008000f53a
core   0: >>>>  thread_entry
core   0: 0x000000008000f438 (0x00001101) c.addi  sp, -32
core   0: 3 0x000000008000f438 (0x1101) x2  0x0000000080031f70
core   0: 0x000000008000f43a (0x0000ec22) c.sdsp  s0, 24(sp)
core   0: 3 0x000000008000f43a (0xec22) mem 0x0000000080031f88 0x0000000080032040
core   0: 0x000000008000f43c (0x00001000) c.addi4spn s0, sp, 32
core   0: 3 0x000000008000f43c (0x1000) x8  0x0000000080031f90
core   0: 0x000000008000f43e (0x000087aa) c.mv    a5, a0
core   0: 3 0x000000008000f43e (0x87aa) x15 0x0000000000000000
core   0: 0x000000008000f440 (0x0000872e) c.mv    a4, a1
core   0: 3 0x000000008000f440 (0x872e) x14 0x0000000000000001
core   0: 0x000000008000f442 (0xfef42623) sw      a5, -20(s0)
core   0: 3 0x000000008000f442 (0xfef42623) mem 0x0000000080031f7c 0x00000000
core   0: 0x000000008000f446 (0x000087ba) c.mv    a5, a4
core   0: 3 0x000000008000f446 (0x87ba) x15 0x0000000000000001
core   0: 0x000000008000f448 (0xfef42423) sw      a5, -24(s0)
core   0: 3 0x000000008000f448 (0xfef42423) mem 0x0000000080031f78 0x00000001
core   0: 0x000000008000f44c (0x00000001) c.nop
core   0: 3 0x000000008000f44c (0x0001)
core   0: 0x000000008000f44e (0xfec42783) lw      a5, -20(s0)
core   0: 3 0x000000008000f44e (0xfec42783) x15 0x0000000000000000 mem 0x0000000080031f7c
core   0: 0x000000008000f452 (0x00002781) c.addiw a5, 0
core   0: 3 0x000000008000f452 (0x2781) x15 0x0000000000000000
core   0: 0x000000008000f454 (0x0000ffed) c.bnez  a5, pc - 6
core   0: 3 0x000000008000f454 (0xffed)
core   0: 0x000000008000f456 (0x00000001) c.nop
core   0: 3 0x000000008000f456 (0x0001)
core   0: 0x000000008000f458 (0x00000001) c.nop
core   0: 3 0x000000008000f458 (0x0001)
core   0: 0x000000008000f45a (0x00006462) c.ldsp  s0, 24(sp)
core   0: 3 0x000000008000f45a (0x6462) x8  0x0000000080032040 mem 0x0000000080031f88
core   0: 0x000000008000f45c (0x00006105) c.addi16sp sp, 32
core   0: 3 0x000000008000f45c (0x6105) x2  0x0000000080031f90
core   0: 0x000000008000f45e (0x00008082) ret
core   0: 3 0x000000008000f45e (0x8082)
core   0: 0x000000008000f53a (0x00004581) c.li    a1, 0
core   0: 3 0x000000008000f53a (0x4581) x11 0x0000000000000000
core   0: 0x000000008000f53c (0x00004501) c.li    a0, 0
core   0: 3 0x000000008000f53c (0x4501) x10 0x0000000000000000
core   0: 0x000000008000f53e (0xac3f20ef) jal     pc - 0xd53e
core   0: 3 0x000000008000f53e (0xac3f20ef) x1  0x000000008000f542
core   0: >>>>  main
core   0: 0x0000000080002000 (0x00000001) c.nop
core   0: 3 0x0000000080002000 (0x0001)
core   0: >>>>  trap_vec_init
core   0: 0x0000000080002002 (0x00002797) auipc   a5, 0x2
core   0: 3 0x0000000080002002 (0x00002797) x15 0x0000000080004002
core   0: 0x0000000080002006 (0xffe78793) addi    a5, a5, -2
core   0: 3 0x0000000080002006 (0xffe78793) x15 0x0000000080004000
core   0: 0x000000008000200a (0x30579073) csrrw   zero, mtvec, a5
core   0: 3 0x000000008000200a (0x30579073) c773_mtvec 0x0000000080004000
core   0: >>>>  pmp_setup
core   0: 0x000000008000200e (0x00002c17) auipc   s8, 0x2
core   0: 3 0x000000008000200e (0x00002c17) x24 0x000000008000400e
core   0: 0x0000000080002012 (0x022c0c13) addi    s8, s8, 34
core   0: 3 0x0000000080002012 (0x022c0c13) x24 0x0000000080004030
core   0: 0x0000000080002016 (0x00004781) c.li    a5, 0
core   0: 3 0x0000000080002016 (0x4781) x15 0x0000000000000000
core   0: 0x0000000080002018 (0x00009c3e) c.add   s8, a5
core   0: 3 0x0000000080002018 (0x9c3e) x24 0x0000000080004030
core   0: 0x000000008000201a (0x3b0c1073) csrrw   zero, pmpaddr0, s8
core   0: 3 0x000000008000201a (0x3b0c1073) c944_pmpaddr0 0x0000000080004030
core   0: 0x000000008000201e (0x00004c3d) c.li    s8, 15
core   0: 3 0x000000008000201e (0x4c3d) x24 0x000000000000000f
core   0: 0x0000000080002020 (0x3a0c1073) csrrw   zero, pmpcfg0, s8
core   0: 3 0x0000000080002020 (0x3a0c1073) c928_pmpcfg0 0x000000000000000f
core   0: 0x0000000080002024 (0x12000073) sfence.vma zero, zero
core   0: 3 0x0000000080002024 (0x12000073)
core   0: >>>>  mepc_setup
core   0: 0x0000000080002028 (0x00002797) auipc   a5, 0x2
core   0: 3 0x0000000080002028 (0x00002797) x15 0x0000000080004028
core   0: 0x000000008000202c (0x00878793) addi    a5, a5, 8
core   0: 3 0x000000008000202c (0x00878793) x15 0x0000000080004030
core   0: 0x0000000080002030 (0x34179073) csrrw   zero, mepc, a5
core   0: 3 0x0000000080002030 (0x34179073) c833_mepc 0x0000000080004030
core   0: >>>>  custom_csr_setup
core   0: 0x0000000080002034 (0x00100f9b) addiw   t6, zero, 1
core   0: 3 0x0000000080002034 (0x00100f9b) x31 0x0000000000000001
core   0: 0x0000000080002038 (0x00000ffe) c.slli  t6, 31
core   0: 3 0x0000000080002038 (0x0ffe) x31 0x0000000080000000
core   0: 0x000000008000203a (0x00000001) c.nop
core   0: 3 0x000000008000203a (0x0001)
core   0: >>>>  init_s_mode
core   0: 0x000000008000203c (0xfff0079b) addiw   a5, zero, -1
core   0: 3 0x000000008000203c (0xfff0079b) x15 0xffffffffffffffff
core   0: 0x0000000080002040 (0x000017fe) c.slli  a5, 63
core   0: 3 0x0000000080002040 (0x17fe) x15 0x8000000000000000
core   0: 0x0000000080002042 (0x18079073) csrrw   zero, satp, a5
core   0: 3 0x0000000080002042 (0x18079073) c384_satp 0x8000000000000000
core   0: 0x0000000080002046 (0x0000f797) auipc   a5, 0xf
core   0: 3 0x0000000080002046 (0x0000f797) x15 0x0000000080011046
core   0: 0x000000008000204a (0xfba78793) addi    a5, a5, -70
core   0: 3 0x000000008000204a (0xfba78793) x15 0x0000000080011000
core   0: 0x000000008000204e (0x000083b1) c.srli  a5, 12
core   0: 3 0x000000008000204e (0x83b1) x15 0x0000000000080011
core   0: 0x0000000080002050 (0x0010061b) addiw   a2, zero, 1
core   0: 3 0x0000000080002050 (0x0010061b) x12 0x0000000000000001
core   0: 0x0000000080002054 (0x00001632) c.slli  a2, 44
core   0: 3 0x0000000080002054 (0x1632) x12 0x0000100000000000
core   0: 0x0000000080002056 (0x0000167d) c.addi  a2, -1
core   0: 3 0x0000000080002056 (0x167d) x12 0x00000fffffffffff
core   0: 0x0000000080002058 (0x00008ff1) c.and   a5, a2
core   0: 3 0x0000000080002058 (0x8ff1) x15 0x0000000000080011
core   0: 0x000000008000205a (0x1807a073) csrrs   zero, satp, a5
core   0: 3 0x000000008000205a (0x1807a073) c384_satp 0x8000000000080011
core   0: 0x000000008000205e (0x00a005b7) lui     a1, 0xa00
core   0: 3 0x000000008000205e (0x00a005b7) x11 0x0000000000a00000
core   0: 0x0000000080002062 (0x10b5859b) addiw   a1, a1, 267
core   0: 3 0x0000000080002062 (0x10b5859b) x11 0x0000000000a0010b
core   0: 0x0000000080002066 (0x000005b2) c.slli  a1, 12
core   0: 3 0x0000000080002066 (0x05b2) x11 0x0000000a0010b000
core   0: 0x0000000080002068 (0xa0058593) addi    a1, a1, -1536
core   0: 3 0x0000000080002068 (0xa0058593) x11 0x0000000a0010aa00
core   0: 0x000000008000206c (0x30059073) csrrw   zero, mstatus, a1
core   0: 3 0x000000008000206c (0x30059073) c768_mstatus 0x0000000a00102800
core   0: 0x0000000080002070 (0x30459073) csrrw   zero, mie, a1
core   0: 3 0x0000000080002070 (0x30459073) c772_mie 0x0000000000000a00
core   0: 0x0000000080002074 (0x00a005b7) lui     a1, 0xa00
core   0: 3 0x0000000080002074 (0x00a005b7) x11 0x0000000000a00000
core   0: 0x0000000080002078 (0x10b5859b) addiw   a1, a1, 267
core   0: 3 0x0000000080002078 (0x10b5859b) x11 0x0000000000a0010b
core   0: 0x000000008000207c (0x000005b2) c.slli  a1, 12
core   0: 3 0x000000008000207c (0x05b2) x11 0x0000000a0010b000
core   0: 0x000000008000207e (0xa0058593) addi    a1, a1, -1536
core   0: 3 0x000000008000207e (0xa0058593) x11 0x0000000a0010aa00
core   0: 0x0000000080002082 (0x10059073) csrrw   zero, sstatus, a1
core   0: 3 0x0000000080002082 (0x10059073) c768_mstatus 0x0000000a00102800
core   0: 0x0000000080002086 (0x10459073) csrrw   zero, sie, a1
core   0: 3 0x0000000080002086 (0x10459073) c772_mie 0x0000000000000a00
core   0: 0x000000008000208a (0x30200073) mret
core   0: 3 0x000000008000208a (0x30200073) c768_mstatus 0x0000000a00102080
core   0: >>>>  main_g
core   0: 0x0000000080004030 (0x23b4a3d3) fsgnjx.d ft7, fs1, fs11
core   0: 1 0x0000000080004030 (0x23b4a3d3) c768_mstatus 0x8000000a00106080 f7  0x7fffffff00000000
core   0: 0x0000000080004034 (0x011c833b) addw    t1, s9, a7
core   0: 1 0x0000000080004034 (0x011c833b) x6  0x0000000000000000
core   0: 0x0000000080004038 (0x4303d393) srai    t2, t2, 48
core   0: 1 0x0000000080004038 (0x4303d393) x7  0x0000000000000000
core   0: 0x000000008000403c (0x4081d53b) sraw    a0, gp, s0
core   0: 1 0x000000008000403c (0x4081d53b) x10 0xffffffff80012828
core   0: 0x0000000080004040 (0xc205f447) fmsub.d fs0, fa1, ft0, fs8
core   0: 1 0x0000000080004040 (0xc205f447) f8  0x7ff8000000000000
core   0: 0x0000000080004044 (0x40218db3) sub     s11, gp, sp
core   0: 1 0x0000000080004044 (0x40218db3) x27 0xfffffffffffe0898
core   0: 0x0000000080004048 (0x02594933) div     s2, s2, t0
core   0: 1 0x0000000080004048 (0x02594933) x18 0x0000000000000000
core   0: 0x000000008000404c (0x00302eb3) slt     t4, zero, gp
core   0: 1 0x000000008000404c (0x00302eb3) x29 0x0000000000000001
core   0: 0x0000000080004050 (0xaa207043) fmadd.d ft0, ft0, ft2, fs5
core   0: 1 0x0000000080004050 (0xaa207043) f0  0x7ff8000000000000
core   0: 0x0000000080004054 (0x01660d33) add     s10, a2, s6
core   0: 1 0x0000000080004054 (0x01660d33) x26 0x00000fffffffffff
core   0: 0x0000000080004058 (0x0187ac33) slt     s8, a5, s8
core   0: 1 0x0000000080004058 (0x0187ac33) x24 0x0000000000000000
core   0: 0x000000008000405c (0x006d5213) srli    tp, s10, 6
core   0: 1 0x000000008000405c (0x006d5213) x4  0x0000003fffffffff
core   0: 0x0000000080004060 (0x00eed933) srl     s2, t4, a4
core   0: 1 0x0000000080004060 (0x00eed933) x18 0x0000000000000000
core   0: 0x0000000080004064 (0x226675cf) fnmadd.d fa1, fa2, ft6, ft4
core   0: 1 0x0000000080004064 (0x226675cf) f11 0x7ff8000000000000
core   0: 0x0000000080004068 (0xfcc38b37) lui     s6, 0xfcc38
core   0: 1 0x0000000080004068 (0xfcc38b37) x22 0xfffffffffcc38000
core   0: 0x000000008000406c (0x0a3efc53) fsub.d  fs8, ft9, ft3
core   0: 1 0x000000008000406c (0x0a3efc53) f24 0x7ff8000000000000
core   0: 0x0000000080004070 (0x144074f3) csrrci  s1, sip, 0
core   0: 1 0x0000000080004070 (0x144074f3) x9  0x0000000000000000
core   0: 0x0000000080004074 (0x01048133) add     sp, s1, a6
core   0: 1 0x0000000080004074 (0x01048133) x2  0x0000000000000000
core   0: 0x0000000080004078 (0xc205fd53) fcvt.w.d s10, fa1
core   0: 1 0x0000000080004078 (0xc205fd53) c1_fflags 0x0000000000000010 x26 0x000000007fffffff
core   0: 0x000000008000407c (0x008cd43b) srlw    s0, s9, s0
core   0: 1 0x000000008000407c (0x008cd43b) x8  0x0000000000000000
core   0: 0x0000000080004080 (0x00000001) c.nop
core   0: 1 0x0000000080004080 (0x0001)
core   0: 0x0000000080004082 (0xc221f953) fcvt.l.d s2, ft3
core   0: 1 0x0000000080004082 (0xc221f953) c1_fflags 0x0000000000000010 x18 0x7fffffffffffffff
core   0: 0x0000000080004086 (0x00271773) csrrw   a4, frm, a4
core   0: 1 0x0000000080004086 (0x00271773) x14 0x0000000000000000 c2_frm 0x0000000000000001
core   0: 0x000000008000408a (0xd21688d3) fcvt.d.wu fa7, a3
core   0: 1 0x000000008000408a (0xd21688d3) f17 0x0000000000000000
core   0: 0x000000008000408e (0x0ff0000f) fence   iorw,iorw
core   0: 1 0x000000008000408e (0x0ff0000f)
core   0: 0x0000000080004092 (0x00e6119b) slliw   gp, a2, 14
core   0: 1 0x0000000080004092 (0x00e6119b) x3  0xffffffffffffc000
core   0: 0x0000000080004096 (0x0a777753) fsub.d  fa4, fa4, ft7
core   0: 1 0x0000000080004096 (0x0a777753) f14 0x7ff8000000000000
core   0: 0x000000008000409a (0x23170ed3) fsgnj.d ft9, fa4, fa7
core   0: 1 0x000000008000409a (0x23170ed3) f29 0x7ff8000000000000
core   0: 0x000000008000409e (0x4002d893) srai    a7, t0, 0
core   0: 1 0x000000008000409e (0x4002d893) x17 0x0000000080000124
core   0: 0x00000000800040a2 (0x026919b3) mulh    s3, s2, t1
core   0: 1 0x00000000800040a2 (0x026919b3) x19 0x0000000000000000
core   0: 0x00000000800040a6 (0x00c8863b) addw    a2, a7, a2
core   0: 1 0x00000000800040a6 (0x00c8863b) x12 0xffffffff80000123
core   0: 0x00000000800040aa (0xd20602d3) fcvt.d.w ft5, a2
core   0: 1 0x00000000800040aa (0xd20602d3) f5  0xc1dfffffb7400000
core   0: 0x00000000800040ae (0xf2018dd3) fmv.d.x fs11, gp
core   0: 1 0x00000000800040ae (0xf2018dd3) f27 0xffffffffffffc000
core   0: 0x00000000800040b2 (0xc022f2d3) fcvt.l.s t0, ft5
core   0: 1 0x00000000800040b2 (0xc022f2d3) c1_fflags 0x0000000000000010 x5  0x7fffffffffffffff
core   0: 0x00000000800040b6 (0x0b4bfc53) fsub.d  fs8, fs7, fs4
core   0: 1 0x00000000800040b6 (0x0b4bfc53) f24 0x7ff8000000000000
core   0: 0x00000000800040ba (0xf13a1b73) csrrw   s6, mimpid, s4
core   0: exception trap_illegal_instruction, epc 0x00000000800040ba
core   0:           tval 0x00000000f13a1b73
core   0: >>>>  $xrv64i2p1_m2p0_a2p1_f2p2_d2p2_zicsr2p0_zifencei2p0_zmmul1p0_zba1p0_zbb1p0_zbc1p0_zbs1p0
core   0: 0x0000000080004000 (0x0080006f) j       pc + 0x8
core   0: 3 0x0000000080004000 (0x0080006f)
core   0: >>>>  mmode_exception_handler
core   0: 0x0000000080004008 (0x00002c17) auipc   s8, 0x2
core   0: 3 0x0000000080004008 (0x00002c17) x24 0x0000000080006008
core   0: 0x000000008000400c (0x050c0c13) addi    s8, s8, 80
core   0: 3 0x000000008000400c (0x050c0c13) x24 0x0000000080006058
core   0: 0x0000000080004010 (0x000c00e7) jalr    s8
core   0: 3 0x0000000080004010 (0x000c00e7) x1  0x0000000080004014
core   0: >>>>  any_handler
core   0: 0x0000000080006058 (0x341027f3) csrrs   a5, mepc, zero
core   0: 3 0x0000000080006058 (0x341027f3) x15 0x00000000800040ba
core   0: 0x000000008000605c (0x34202773) csrrs   a4, mcause, zero
core   0: 3 0x000000008000605c (0x34202773) x14 0x0000000000000002
core   0: 0x0000000080006060 (0x142026f3) csrrs   a3, scause, zero
core   0: 3 0x0000000080006060 (0x142026f3) x13 0x0000000000000000
core   0: 0x0000000080006064 (0x30402673) csrrs   a2, mie, zero
core   0: 3 0x0000000080006064 (0x30402673) x12 0x0000000000000a00
core   0: 0x0000000080006068 (0x344025f3) csrrs   a1, mip, zero
core   0: 3 0x0000000080006068 (0x344025f3) x11 0x0000000000000080
core   0: 0x000000008000606c (0x343025f3) csrrs   a1, mtval, zero
core   0: 3 0x000000008000606c (0x343025f3) x11 0x00000000f13a1b73
core   0: 0x0000000080006070 (0x14302573) csrrs   a0, stval, zero
core   0: 3 0x0000000080006070 (0x14302573) x10 0x0000000000000000
core   0: 0x0000000080006074 (0xb02024f3) csrrs   s1, minstret, zero
core   0: 3 0x0000000080006074 (0xb02024f3) x9  0x00000000000007ee
core   0: 0x0000000080006078 (0x0000a811) c.j     pc + 20
core   0: 3 0x0000000080006078 (0xa811)
core   0: >>>>  mepc_4
core   0: 0x000000008000608c (0x00000791) c.addi  a5, 4
core   0: 3 0x000000008000608c (0x0791) x15 0x00000000800040be
core   0: 0x000000008000608e (0x34179073) csrrw   zero, mepc, a5
core   0: 3 0x000000008000608e (0x34179073) c833_mepc 0x00000000800040be
core   0: 0x0000000080006092 (0x30200073) mret
core   0: 3 0x0000000080006092 (0x30200073) c768_mstatus 0x8000000a00106080
core   0: 0x00000000800040be (0x5a0c7153) fsqrt.d ft2, fs8
core   0: 1 0x00000000800040be (0x5a0c7153) f2  0x7ff8000000000000
core   0: 0x00000000800040c2 (0xf2098953) fmv.d.x fs2, s3
core   0: 1 0x00000000800040c2 (0xf2098953) f18 0x0000000000000000
core   0: 0x00000000800040c6 (0x006484bb) addw    s1, s1, t1
core   0: 1 0x00000000800040c6 (0x006484bb) x9  0x00000000000007ee
core   0: 0x00000000800040ca (0x0030c1b3) xor     gp, ra, gp
core   0: 1 0x00000000800040ca (0x0030c1b3) x3  0xffffffff7fff8014
core   0: 0x00000000800040ce (0x0191531b) srliw   t1, sp, 25
core   0: 1 0x00000000800040ce (0x0191531b) x6  0x0000000000000000
core   0: 0x00000000800040d2 (0x800a069b) addiw   a3, s4, -2048
core   0: 1 0x00000000800040d2 (0x800a069b) x13 0xfffffffffffff800
core   0: 0x00000000800040d6 (0x40135a9b) sraiw   s5, t1, 1
core   0: 1 0x00000000800040d6 (0x40135a9b) x21 0x0000000000000000
core   0: 0x00000000800040da (0x011e0bb3) add     s7, t3, a7
core   0: 1 0x00000000800040da (0x011e0bb3) x23 0x0000000080000124
core   0: 0x00000000800040de (0x019ba433) slt     s0, s7, s9
core   0: 1 0x00000000800040de (0x019ba433) x8  0x0000000000000000
core   0: 0x00000000800040e2 (0x0090103b) sllw    zero, zero, s1
core   0: 1 0x00000000800040e2 (0x0090103b)
core   0: 0x00000000800040e6 (0x000a0e33) add     t3, s4, zero
core   0: 1 0x00000000800040e6 (0x000a0e33) x28 0x0000000000000000
core   0: 0x00000000800040ea (0x2a891753) fmax.d  fa4, fs2, fs0
core   0: 1 0x00000000800040ea (0x2a891753) f14 0x0000000000000000
core   0: 0x00000000800040ee (0x000e151b) slliw   a0, t3, 0
core   0: 1 0x00000000800040ee (0x000e151b) x10 0x0000000000000000
core   0: 0x00000000800040f2 (0x4311d193) srai    gp, gp, 49
core   0: 1 0x00000000800040f2 (0x4311d193) x3  0xffffffffffffffff
core   0: 0x00000000800040f6 (0xd231f3d3) fcvt.d.lu ft7, gp
core   0: 1 0x00000000800040f6 (0xd231f3d3) c1_fflags 0x0000000000000011 f7  0x43efffffffffffff
core   0: 0x00000000800040fa (0x41c6d19b) sraiw   gp, a3, 28
core   0: 1 0x00000000800040fa (0x41c6d19b) x3  0xffffffffffffffff
core   0: 0x00000000800040fe (0x00859293) slli    t0, a1, 8
core   0: 1 0x00000000800040fe (0x00859293) x5  0x000000f13a1b7300
core   0: 0x0000000080004102 (0xc213fed3) fcvt.wu.d t4, ft7
core   0: 1 0x0000000080004102 (0xc213fed3) c1_fflags 0x0000000000000011 x29 0xffffffffffffffff
core   0: 0x0000000080004106 (0xc0277153) fcvt.l.s sp, fa4
core   0: 1 0x0000000080004106 (0xc0277153) c1_fflags 0x0000000000000011 x2  0x7fffffffffffffff
core   0: 0x000000008000410a (0xf12ed9f3) csrrwi  s3, marchid, 29
core   0: exception trap_illegal_instruction, epc 0x000000008000410a
core   0:           tval 0x00000000f12ed9f3
core   0: >>>>  $xrv64i2p1_m2p0_a2p1_f2p2_d2p2_zicsr2p0_zifencei2p0_zmmul1p0_zba1p0_zbb1p0_zbc1p0_zbs1p0
core   0: 0x0000000080004000 (0x0080006f) j       pc + 0x8
core   0: 3 0x0000000080004000 (0x0080006f)
core   0: >>>>  mmode_exception_handler
core   0: 0x0000000080004008 (0x00002c17) auipc   s8, 0x2
core   0: 3 0x0000000080004008 (0x00002c17) x24 0x0000000080006008
core   0: 0x000000008000400c (0x050c0c13) addi    s8, s8, 80
core   0: 3 0x000000008000400c (0x050c0c13) x24 0x0000000080006058
core   0: 0x0000000080004010 (0x000c00e7) jalr    s8
core   0: 3 0x0000000080004010 (0x000c00e7) x1  0x0000000080004014
core   0: >>>>  any_handler
core   0: 0x0000000080006058 (0x341027f3) csrrs   a5, mepc, zero
core   0: 3 0x0000000080006058 (0x341027f3) x15 0x000000008000410a
core   0: 0x000000008000605c (0x34202773) csrrs   a4, mcause, zero
core   0: 3 0x000000008000605c (0x34202773) x14 0x0000000000000002
core   0: 0x0000000080006060 (0x142026f3) csrrs   a3, scause, zero
core   0: 3 0x0000000080006060 (0x142026f3) x13 0x0000000000000000
core   0: 0x0000000080006064 (0x30402673) csrrs   a2, mie, zero
core   0: 3 0x0000000080006064 (0x30402673) x12 0x0000000000000a00
core   0: 0x0000000080006068 (0x344025f3) csrrs   a1, mip, zero
core   0: 3 0x0000000080006068 (0x344025f3) x11 0x0000000000000080
core   0: 0x000000008000606c (0x343025f3) csrrs   a1, mtval, zero
core   0: 3 0x000000008000606c (0x343025f3) x11 0x00000000f12ed9f3
core   0: 0x0000000080006070 (0x14302573) csrrs   a0, stval, zero
core   0: 3 0x0000000080006070 (0x14302573) x10 0x0000000000000000
core   0: 0x0000000080006074 (0xb02024f3) csrrs   s1, minstret, zero
core   0: 3 0x0000000080006074 (0xb02024f3) x9  0x0000000000000811
core   0: 0x0000000080006078 (0x0000a811) c.j     pc + 20
core   0: 3 0x0000000080006078 (0xa811)
core   0: >>>>  mepc_4
core   0: 0x000000008000608c (0x00000791) c.addi  a5, 4
core   0: 3 0x000000008000608c (0x0791) x15 0x000000008000410e
core   0: 0x000000008000608e (0x34179073) csrrw   zero, mepc, a5
core   0: 3 0x000000008000608e (0x34179073) c833_mepc 0x000000008000410e
core   0: 0x0000000080006092 (0x30200073) mret
core   0: 3 0x0000000080006092 (0x30200073) c768_mstatus 0x8000000a00106080
core   0: 0x000000008000410e (0xc023f153) fcvt.l.s sp, ft7
core   0: 1 0x000000008000410e (0xc023f153) c1_fflags 0x0000000000000011 x2  0x7fffffffffffffff
core   0: 0x0000000080004112 (0x89247413) andi    s0, s0, -1902
core   0: 1 0x0000000080004112 (0x89247413) x8  0x0000000000000000
core   0: 0x0000000080004116 (0xb2246293) ori     t0, s0, -1246
core   0: 1 0x0000000080004116 (0xb2246293) x5  0xfffffffffffffb22
core   0: 0x000000008000411a (0x0016c6b3) xor     a3, a3, ra
core   0: 1 0x000000008000411a (0x0016c6b3) x13 0x0000000080004014
core   0: 0x000000008000411e (0x00a8853b) addw    a0, a7, a0
core   0: 1 0x000000008000411e (0x00a8853b) x10 0xffffffff80000124
core   0: 0x0000000080004122 (0x40e75e13) srai    t3, a4, 14
core   0: 1 0x0000000080004122 (0x40e75e13) x28 0x0000000000000000
core   0: 0x0000000080004126 (0x4005da9b) sraiw   s5, a1, 0
core   0: 1 0x0000000080004126 (0x4005da9b) x21 0xfffffffff12ed9f3
core   0: 0x000000008000412a (0x409b863b) subw    a2, s7, s1
core   0: 1 0x000000008000412a (0x409b863b) x12 0x000000007ffff913
core   0: 0x000000008000412e (0xa2e90a53) fle.d   s4, fs2, fa4
core   0: 1 0x000000008000412e (0xa2e90a53) x20 0x0000000000000001
core   0: 0x0000000080004132 (0x66324593) xori    a1, tp, 1635
core   0: 1 0x0000000080004132 (0x66324593) x11 0x0000003ffffff99c
core   0: 0x0000000080004136 (0x3aeff04b) fnmsub.d ft0, ft11, fa4, ft7
core   0: 1 0x0000000080004136 (0x3aeff04b) f0  0x7ff8000000000000
core   0: 0x000000008000413a (0xa20f8cd3) fle.d   s9, ft11, ft0
core   0: 1 0x000000008000413a (0xa20f8cd3) c1_fflags 0x0000000000000011 x25 0x0000000000000000
core   0: 0x000000008000413e (0x026ffbd3) fadd.d  fs7, ft11, ft6
core   0: 1 0x000000008000413e (0x026ffbd3) f23 0x7ff8000000000000
core   0: 0x0000000080004142 (0x418d043b) subw    s0, s10, s8
core   0: 1 0x0000000080004142 (0x418d043b) x8  0xffffffffffff9fa7
core   0: 0x0000000080004146 (0x00049d13) slli    s10, s1, 0
core   0: 1 0x0000000080004146 (0x00049d13) x26 0x0000000000000811
core   0: 0x000000008000414a (0xd9742a93) slti    s5, s0, -617
core   0: 1 0x000000008000414a (0xd9742a93) x21 0x0000000000000001
core   0: 0x000000008000414e (0x41aa8bbb) subw    s7, s5, s10
core   0: 1 0x000000008000414e (0x41aa8bbb) x23 0xfffffffffffff7f0
core   0: 0x0000000080004152 (0x001a9af3) csrrw   s5, fflags, s5
core   0: 1 0x0000000080004152 (0x001a9af3) x21 0x0000000000000011 c1_fflags 0x0000000000000001
core   0: 0x0000000080004156 (0x5a03f453) fsqrt.d fs0, ft7
core   0: 1 0x0000000080004156 (0x5a03f453) c1_fflags 0x0000000000000001 f8  0x41efffffffffffff
core   0: 0x000000008000415a (0x0221f133) remu    sp, gp, sp
core   0: 1 0x000000008000415a (0x0221f133) x2  0x0000000000000001
core   0: 0x000000008000415e (0x00202ef3) csrrs   t4, frm, zero
core   0: 1 0x000000008000415e (0x00202ef3) x29 0x0000000000000001
core   0: 0x0000000080004162 (0x40cedcb3) sra     s9, t4, a2
core   0: 1 0x0000000080004162 (0x40cedcb3) x25 0x0000000000000000
core   0: 0x0000000080004166 (0x23cd8dd3) fsgnj.d fs11, fs11, ft8
core   0: 1 0x0000000080004166 (0x23cd8dd3) f27 0xffffffffffffc000
core   0: 0x000000008000416a (0x509cc093) xori    ra, s9, 1289
core   0: 1 0x000000008000416a (0x509cc093) x1  0x0000000000000509
core   0: 0x000000008000416e (0x401083bb) subw    t2, ra, ra
core   0: 1 0x000000008000416e (0x401083bb) x7  0x0000000000000000
core   0: 0x0000000080004172 (0x004e5533) srl     a0, t3, tp
core   0: 1 0x0000000080004172 (0x004e5533) x10 0x0000000000000000
core   0: 0x0000000080004176 (0x80057d93) andi    s11, a0, -2048
core   0: 1 0x0000000080004176 (0x80057d93) x27 0x0000000000000000
core   0: 0x000000008000417a (0x000ed81b) srliw   a6, t4, 0
core   0: 1 0x000000008000417a (0x000ed81b) x16 0x0000000000000001
core   0: 0x000000008000417e (0x00202473) csrrs   s0, frm, zero
core   0: 1 0x000000008000417e (0x00202473) x8  0x0000000000000001
core   0: 0x0000000080004182 (0x124cf253) fmul.d  ft4, fs9, ft4
core   0: 1 0x0000000080004182 (0x124cf253) f4  0x7ff8000000000000
core   0: 0x0000000080004186 (0x001af693) andi    a3, s5, 1
core   0: 1 0x0000000080004186 (0x001af693) x13 0x0000000000000001
core   0: 0x000000008000418a (0xbb737bc7) fmsub.d fs7, ft6, fs7, fs7
core   0: 1 0x000000008000418a (0xbb737bc7) f23 0x7ff8000000000000
core   0: 0x000000008000418e (0x00009c2e) c.add   s8, a1
core   0: 1 0x000000008000418e (0x9c2e) x24 0x00000040800059f4
core   0: 0x0000000080004190 (0xff677313) andi    t1, a4, -10
core   0: 1 0x0000000080004190 (0xff677313) x6  0x0000000000000002
core   0: 0x0000000080004194 (0x0ff0000f) fence   iorw,iorw
core   0: 1 0x0000000080004194 (0x0ff0000f)
core   0: 0x0000000080004198 (0x019b06b3) add     a3, s6, s9
core   0: 1 0x0000000080004198 (0x019b06b3) x13 0xfffffffffcc38000
core   0: 0x000000008000419c (0xd22bffd3) fcvt.d.l ft11, s7
core   0: 1 0x000000008000419c (0xd22bffd3) f31 0xc0a0200000000000
core   0: 0x00000000800041a0 (0x02d699b3) mulh    s3, a3, a3
core   0: 1 0x00000000800041a0 (0x02d699b3) x19 0x0000000000000000
core   0: 0x00000000800041a4 (0x40758abb) subw    s5, a1, t2
core   0: 1 0x00000000800041a4 (0x40758abb) x21 0xfffffffffffff99c
core   0: 0x00000000800041a8 (0xd21309d3) fcvt.d.wu fs3, t1
core   0: 1 0x00000000800041a8 (0xd21309d3) f19 0x4000000000000000
core   0: 0x00000000800041ac (0x415b0ebb) subw    t4, s6, s5
core   0: 1 0x00000000800041ac (0x415b0ebb) x29 0xfffffffffcc38664
core   0: 0x00000000800041b0 (0x016b0033) add     zero, s6, s6
core   0: 1 0x00000000800041b0 (0x016b0033)
core   0: 0x00000000800041b4 (0x404ad09b) sraiw   ra, s5, 4
core   0: 1 0x00000000800041b4 (0x404ad09b) x1  0xffffffffffffff99
core   0: 0x00000000800041b8 (0x01c02233) slt     tp, zero, t3
core   0: 1 0x00000000800041b8 (0x01c02233) x4  0x0000000000000000
core   0: 0x00000000800041bc (0x88bb861b) addiw   a2, s7, -1909
core   0: 1 0x00000000800041bc (0x88bb861b) x12 0xfffffffffffff07b
core   0: 0x00000000800041c0 (0x23b4a4d3) fsgnjx.d fs1, fs1, fs11
core   0: 1 0x00000000800041c0 (0x23b4a4d3) f9  0x7fffffff00000000
core   0: 0x00000000800041c4 (0x7ff20513) addi    a0, tp, 2047
core   0: 1 0x00000000800041c4 (0x7ff20513) x10 0x00000000000007ff
core   0: 0x00000000800041c8 (0x76b2f093) andi    ra, t0, 1899
core   0: 1 0x00000000800041c8 (0x76b2f093) x1  0x0000000000000322
core   0: 0x00000000800041cc (0x40177dd3) fcvt.s.d fs11, fa4
core   0: 1 0x00000000800041cc (0x40177dd3) f27 0xffffffff00000000
core   0: 0x00000000800041d0 (0xa2570353) fle.d   t1, fa4, ft5
core   0: 1 0x00000000800041d0 (0xa2570353) x6  0x0000000000000000
core   0: 0x00000000800041d4 (0x23892953) fsgnjx.d fs2, fs2, fs8
core   0: 1 0x00000000800041d4 (0x23892953) f18 0x0000000000000000
core   0: 0x00000000800041d8 (0x0010dc1b) srliw   s8, ra, 1
core   0: 1 0x00000000800041d8 (0x0010dc1b) x24 0x0000000000000191
core   0: 0x00000000800041dc (0xc022fbd3) fcvt.l.s s7, ft5
core   0: 1 0x00000000800041dc (0xc022fbd3) c1_fflags 0x0000000000000011 x23 0x7fffffffffffffff
core   0: 0x00000000800041e0 (0x0167d01b) srliw   zero, a5, 22
core   0: 1 0x00000000800041e0 (0x0167d01b)
core   0: 0x00000000800041e4 (0xb027b473) csrrc   s0, minstret, a5
core   0: exception trap_illegal_instruction, epc 0x00000000800041e4
core   0:           tval 0x00000000b027b473
core   0: >>>>  $xrv64i2p1_m2p0_a2p1_f2p2_d2p2_zicsr2p0_zifencei2p0_zmmul1p0_zba1p0_zbb1p0_zbc1p0_zbs1p0
core   0: 0x0000000080004000 (0x0080006f) j       pc + 0x8
core   0: 3 0x0000000080004000 (0x0080006f)
core   0: >>>>  mmode_exception_handler
core   0: 0x0000000080004008 (0x00002c17) auipc   s8, 0x2
core   0: 3 0x0000000080004008 (0x00002c17) x24 0x0000000080006008
core   0: 0x000000008000400c (0x050c0c13) addi    s8, s8, 80
core   0: 3 0x000000008000400c (0x050c0c13) x24 0x0000000080006058
core   0: 0x0000000080004010 (0x000c00e7) jalr    s8
core   0: 3 0x0000000080004010 (0x000c00e7) x1  0x0000000080004014
core   0: >>>>  any_handler
core   0: 0x0000000080006058 (0x341027f3) csrrs   a5, mepc, zero
core   0: 3 0x0000000080006058 (0x341027f3) x15 0x00000000800041e4
core   0: 0x000000008000605c (0x34202773) csrrs   a4, mcause, zero
core   0: 3 0x000000008000605c (0x34202773) x14 0x0000000000000002
core   0: 0x0000000080006060 (0x142026f3) csrrs   a3, scause, zero
core   0: 3 0x0000000080006060 (0x142026f3) x13 0x0000000000000000
core   0: 0x0000000080006064 (0x30402673) csrrs   a2, mie, zero
core   0: 3 0x0000000080006064 (0x30402673) x12 0x0000000000000a00
core   0: 0x0000000080006068 (0x344025f3) csrrs   a1, mip, zero
core   0: 3 0x0000000080006068 (0x344025f3) x11 0x0000000000000080
core   0: 0x000000008000606c (0x343025f3) csrrs   a1, mtval, zero
core   0: 3 0x000000008000606c (0x343025f3) x11 0x00000000b027b473
core   0: 0x0000000080006070 (0x14302573) csrrs   a0, stval, zero
core   0: 3 0x0000000080006070 (0x14302573) x10 0x0000000000000000
core   0: 0x0000000080006074 (0xb02024f3) csrrs   s1, minstret, zero
core   0: 3 0x0000000080006074 (0xb02024f3) x9  0x0000000000000857
core   0: 0x0000000080006078 (0x0000a811) c.j     pc + 20
core   0: 3 0x0000000080006078 (0xa811)
core   0: >>>>  mepc_4
core   0: 0x000000008000608c (0x00000791) c.addi  a5, 4
core   0: 3 0x000000008000608c (0x0791) x15 0x00000000800041e8
core   0: 0x000000008000608e (0x34179073) csrrw   zero, mepc, a5
core   0: 3 0x000000008000608e (0x34179073) c833_mepc 0x00000000800041e8
core   0: 0x0000000080006092 (0x30200073) mret
core   0: 3 0x0000000080006092 (0x30200073) c768_mstatus 0x8000000a00106080
core   0: 0x00000000800041e8 (0x024bf4d3) fadd.d  fs1, fs7, ft4
core   0: 1 0x00000000800041e8 (0x024bf4d3) f9  0x7ff8000000000000
core   0: 0x00000000800041ec (0x03ce0e3b) mulw    t3, t3, t3
core   0: 1 0x00000000800041ec (0x03ce0e3b) x28 0x0000000000000000
core   0: 0x00000000800041f0 (0x414eda3b) sraw    s4, t4, s4
core   0: 1 0x00000000800041f0 (0x414eda3b) x20 0xfffffffffe61c332
core   0: 0x00000000800041f4 (0x026e533b) divuw   t1, t3, t1
core   0: 1 0x00000000800041f4 (0x026e533b) x6  0xffffffffffffffff
core   0: 0x00000000800041f8 (0x0360f93b) remuw   s2, ra, s6
core   0: 1 0x00000000800041f8 (0x0360f93b) x18 0xffffffff80004014
core   0: 0x00000000800041fc (0x032459b3) divu    s3, s0, s2
core   0: 1 0x00000000800041fc (0x032459b3) x19 0x0000000000000000
core   0: 0x0000000080004200 (0x41b1529b) sraiw   t0, sp, 27
core   0: 1 0x0000000080004200 (0x41b1529b) x5  0x0000000000000000
core   0: 0x0000000080004204 (0xa34784d3) fle.d   s1, fa5, fs4
core   0: 1 0x0000000080004204 (0xa34784d3) c1_fflags 0x0000000000000011 x9  0x0000000000000000
core   0: 0x0000000080004208 (0x00b292bb) sllw    t0, t0, a1
core   0: 1 0x0000000080004208 (0x00b292bb) x5  0x0000000000000000
core   0: 0x000000008000420c (0xd2297253) fcvt.d.l ft4, s2
core   0: 1 0x000000008000420c (0xd2297253) f4  0xc1dfffeffb000000
core   0: 0x0000000080004210 (0xda07f5cf) fnmadd.d fa1, fa5, ft0, fs11
core   0: 1 0x0000000080004210 (0xda07f5cf) f11 0x7ff8000000000000
core   0: 0x0000000080004214 (0xa2bb71c3) fmadd.d ft3, fs6, fa1, fs4
core   0: 1 0x0000000080004214 (0xa2bb71c3) f3  0x7ff8000000000000
core   0: 0x0000000080004218 (0x5209811b) addiw   sp, s3, 1312
core   0: 1 0x0000000080004218 (0x5209811b) x2  0x0000000000000520
core   0: 0x000000008000421c (0x001cf313) andi    t1, s9, 1
core   0: 1 0x000000008000421c (0x001cf313) x6  0x0000000000000000
core   0: 0x0000000080004220 (0x1aa875d3) fdiv.d  fa1, fa6, fa0
core   0: 1 0x0000000080004220 (0x1aa875d3) f11 0x7ff8000000000000
core   0: 0x0000000080004224 (0x0031963b) sllw    a2, gp, gp
core   0: 1 0x0000000080004224 (0x0031963b) x12 0xffffffff80000000
core   0: 0x0000000080004228 (0xbd320d13) addi    s10, tp, -1069
core   0: 1 0x0000000080004228 (0xbd320d13) x26 0xfffffffffffffbd3
core   0: 0x000000008000422c (0x02b67653) fadd.d  fa2, fa2, fa1
core   0: 1 0x000000008000422c (0x02b67653) f12 0x7ff8000000000000
core   0: 0x0000000080004230 (0x4000d713) srai    a4, ra, 0
core   0: 1 0x0000000080004230 (0x4000d713) x14 0x0000000080004014
core   0: 0x0000000080004234 (0x5a04f453) fsqrt.d fs0, fs1
core   0: 1 0x0000000080004234 (0x5a04f453) f8  0x7ff8000000000000
core   0: 0x0000000080004238 (0x4a73f2c3) fmadd.d ft5, ft7, ft7, fs1
core   0: 1 0x0000000080004238 (0x4a73f2c3) f5  0x7ff8000000000000
core   0: 0x000000008000423c (0xb2c4fb47) fmsub.d fs6, fs1, fa2, fs6
core   0: 1 0x000000008000423c (0xb2c4fb47) f22 0x7ff8000000000000
core   0: 0x0000000080004240 (0x0010573b) srlw    a4, zero, ra
core   0: 1 0x0000000080004240 (0x0010573b) x14 0x0000000000000000
core   0: 0x0000000080004244 (0xc2307bd3) fcvt.lu.d s7, ft0
core   0: 1 0x0000000080004244 (0xc2307bd3) c1_fflags 0x0000000000000011 x23 0xffffffffffffffff
core   0: 0x0000000080004248 (0x40c9883b) subw    a6, s3, a2
core   0: 1 0x0000000080004248 (0x40c9883b) x16 0xffffffff80000000
core   0: 0x000000008000424c (0xc222fed3) fcvt.l.d t4, ft5
core   0: 1 0x000000008000424c (0xc222fed3) c1_fflags 0x0000000000000011 x29 0x7fffffffffffffff
core   0: 0x0000000080004250 (0x014a02bb) addw    t0, s4, s4
core   0: 1 0x0000000080004250 (0x014a02bb) x5  0xfffffffffcc38664
core   0: 0x0000000080004254 (0x40f3d093) srai    ra, t2, 15
core   0: 1 0x0000000080004254 (0x40f3d093) x1  0x0000000000000000
core   0: 0x0000000080004258 (0x005d593b) srlw    s2, s10, t0
core   0: 1 0x0000000080004258 (0x005d593b) x18 0x000000000fffffbd
core   0: 0x000000008000425c (0xd030fcd3) fcvt.s.lu fs9, ra
core   0: 1 0x000000008000425c (0xd030fcd3) f25 0xffffffff00000000
core   0: 0x0000000080004260 (0x02a4f553) fadd.d  fa0, fs1, fa0
core   0: 1 0x0000000080004260 (0x02a4f553) f10 0x7ff8000000000000
core   0: 0x0000000080004264 (0x401577d3) fcvt.s.d fa5, fa0
core   0: 1 0x0000000080004264 (0x401577d3) f15 0xffffffff7fc00000
core   0: 0x0000000080004268 (0x00008105) c.srli  a0, 1
core   0: 1 0x0000000080004268 (0x8105) x10 0x0000000000000000
core   0: 0x000000008000426a (0xc02d74d3) fcvt.l.s s1, fs10
core   0: 1 0x000000008000426a (0xc02d74d3) x9  0x0000000000000000
core   0: 0x000000008000426e (0x0059941b) slliw   s0, s3, 5
core   0: 1 0x000000008000426e (0x0059941b) x8  0x0000000000000000
core   0: 0x0000000080004272 (0x4073073b) subw    a4, t1, t2
core   0: 1 0x0000000080004272 (0x4073073b) x14 0x0000000000000000
core   0: 0x0000000080004276 (0x1bd1fecf) fnmadd.d ft9, ft3, ft9, ft3
core   0: 1 0x0000000080004276 (0x1bd1fecf) f29 0x7ff8000000000000
core   0: 0x000000008000427a (0x01de7cb3) and     s9, t3, t4
core   0: 1 0x000000008000427a (0x01de7cb3) x25 0x0000000000000000
core   0: 0x000000008000427e (0x6adaf6c3) fmadd.d fa3, fs5, fa3, fa3
core   0: 1 0x000000008000427e (0x6adaf6c3) f13 0x7ff8000000000000
core   0: 0x0000000080004282 (0x007c5c3b) srlw    s8, s8, t2
core   0: 1 0x0000000080004282 (0x007c5c3b) x24 0xffffffff80006058
core   0: 0x0000000080004286 (0x0177db9b) srliw   s7, a5, 23
core   0: 1 0x0000000080004286 (0x0177db9b) x23 0x0000000000000100
core   0: 0x000000008000428a (0x01ca1e1b) slliw   t3, s4, 28
core   0: 1 0x000000008000428a (0x01ca1e1b) x28 0x0000000020000000
core   0: 0x000000008000428e (0x42068f53) fcvt.d.s ft10, fa3
core   0: 1 0x000000008000428e (0x42068f53) f30 0x7ff8000000000000
core   0: 0x0000000080004292 (0x010e2333) slt     t1, t3, a6
core   0: 1 0x0000000080004292 (0x010e2333) x6  0x0000000000000000
core   0: 0x0000000080004296 (0x00045a93) srli    s5, s0, 0
core   0: 1 0x0000000080004296 (0x00045a93) x21 0x0000000000000000
core   0: 0x000000008000429a (0x03b9d013) srli    zero, s3, 59
core   0: 1 0x000000008000429a (0x03b9d013)
core   0: 0x000000008000429e (0xc03bf153) fcvt.lu.s sp, fs7
core   0: 1 0x000000008000429e (0xc03bf153) c1_fflags 0x0000000000000011 x2  0xffffffffffffffff
core   0: 0x00000000800042a2 (0x03ab6c33) rem     s8, s6, s10
core   0: 1 0x00000000800042a2 (0x03ab6c33) x24 0xfffffffffffffc1b
core   0: 0x00000000800042a6 (0xd2020553) fcvt.d.w fa0, tp
core   0: 1 0x00000000800042a6 (0xd2020553) f10 0x0000000000000000
core   0: 0x00000000800042aa (0x2a8a8153) fmin.d  ft2, fs5, fs0
core   0: 1 0x00000000800042aa (0x2a8a8153) f2  0x7ff8000000000000
core   0: 0x00000000800042ae (0xc2117d53) fcvt.wu.d s10, ft2
core   0: 1 0x00000000800042ae (0xc2117d53) c1_fflags 0x0000000000000011 x26 0xffffffffffffffff
core   0: 0x00000000800042b2 (0x7b8af647) fmsub.d fa2, fs5, fs8, fa5
core   0: 1 0x00000000800042b2 (0x7b8af647) f12 0x7ff8000000000000
core   0: 0x00000000800042b6 (0x400a5413) srai    s0, s4, 0
core   0: 1 0x00000000800042b6 (0x400a5413) x8  0xfffffffffe61c332
core   0: 0x00000000800042ba (0xd21c03d3) fcvt.d.wu ft7, s8
core   0: 1 0x00000000800042ba (0xd21c03d3) f7  0x41efffff83600000
core   0: 0x00000000800042be (0x031a76d3) fadd.d  fa3, fs4, fa7
core   0: 1 0x00000000800042be (0x031a76d3) f13 0x7ff8000000000000
core   0: 0x00000000800042c2 (0x00059413) slli    s0, a1, 0
core   0: 1 0x00000000800042c2 (0x00059413) x8  0x00000000b027b473
core   0: 0x00000000800042c6 (0x01c0923b) sllw    tp, ra, t3
core   0: 1 0x00000000800042c6 (0x01c0923b) x4  0x0000000000000000
core   0: 0x00000000800042ca (0x560dc993) xori    s3, s11, 1376
core   0: 1 0x00000000800042ca (0x560dc993) x19 0x0000000000000560
core   0: 0x00000000800042ce (0x22fdaad3) fsgnjx.d fs5, fs11, fa5
core   0: 1 0x00000000800042ce (0x22fdaad3) f21 0x7fffffff00000000
core   0: 0x00000000800042d2 (0x00cddc93) srli    s9, s11, 12
core   0: 1 0x00000000800042d2 (0x00cddc93) x25 0x0000000000000000
core   0: 0x00000000800042d6 (0xcb78fcc3) fmadd.d fs9, fa7, fs7, fs9
core   0: 1 0x00000000800042d6 (0xcb78fcc3) f25 0x7ff8000000000000
core   0: 0x00000000800042da (0x00102173) csrrs   sp, fflags, zero
core   0: 1 0x00000000800042da (0x00102173) x2  0x0000000000000011
core   0: 0x00000000800042de (0x0099521b) srliw   tp, s2, 9
core   0: 1 0x00000000800042de (0x0099521b) x4  0x000000000007ffff
core   0: 0x00000000800042e2 (0x007183bb) addw    t2, gp, t2
core   0: 1 0x00000000800042e2 (0x007183bb) x7  0xffffffffffffffff
core   0: 0x00000000800042e6 (0x019cc233) xor     tp, s9, s9
core   0: 1 0x00000000800042e6 (0x019cc233) x4  0x0000000000000000
core   0: 0x00000000800042ea (0x2a661353) fmax.d  ft6, fa2, ft6
core   0: 1 0x00000000800042ea (0x2a661353) f6  0x7ff8000000000000
core   0: 0x00000000800042ee (0xc1974c13) xori    s8, a4, -999
core   0: 1 0x00000000800042ee (0xc1974c13) x24 0xfffffffffffffc19
core   0: 0x00000000800042f2 (0x41fad41b) sraiw   s0, s5, 31
core   0: 1 0x00000000800042f2 (0x41fad41b) x8  0x0000000000000000
core   0: 0x00000000800042f6 (0x418c8d33) sub     s10, s9, s8
core   0: 1 0x00000000800042f6 (0x418c8d33) x26 0x00000000000003e7
core   0: 0x00000000800042fa (0x626bf6cf) fnmadd.d fa3, fs7, ft6, fa2
core   0: 1 0x00000000800042fa (0x626bf6cf) f13 0x7ff8000000000000
core   0: 0x00000000800042fe (0x02070533) mul     a0, a4, zero
core   0: 1 0x00000000800042fe (0x02070533) x10 0x0000000000000000
core   0: 0x0000000080004302 (0xc20379d3) fcvt.w.d s3, ft6
core   0: 1 0x0000000080004302 (0xc20379d3) c1_fflags 0x0000000000000011 x19 0x000000007fffffff
core   0: 0x0000000080004306 (0xd180c337) lui     t1, 0xd180c
core   0: 1 0x0000000080004306 (0xd180c337) x6  0xffffffffd180c000
core   0: 0x000000008000430a (0x4062d03b) sraw    zero, t0, t1
core   0: 1 0x000000008000430a (0x4062d03b)
core   0: 0x000000008000430e (0xc0267dd3) fcvt.l.s s11, fa2
core   0: 1 0x000000008000430e (0xc0267dd3) c1_fflags 0x0000000000000011 x27 0x7fffffffffffffff
core   0: 0x0000000080004312 (0xd22470d3) fcvt.d.l ft1, s0
core   0: 1 0x0000000080004312 (0xd22470d3) f1  0x0000000000000000
core   0: 0x0000000080004316 (0x1aa67653) fdiv.d  fa2, fa2, fa0
core   0: 1 0x0000000080004316 (0x1aa67653) f12 0x7ff8000000000000
core   0: 0x000000008000431a (0xd21d8953) fcvt.d.wu fs2, s11
core   0: 1 0x000000008000431a (0xd21d8953) f18 0x41efffffffe00000
core   0: 0x000000008000431e (0xc234f9d3) fcvt.lu.d s3, fs1
core   0: 1 0x000000008000431e (0xc234f9d3) c1_fflags 0x0000000000000011 x19 0xffffffffffffffff
core   0: 0x0000000080004322 (0x021c3db3) mulhu   s11, s8, ra
core   0: 1 0x0000000080004322 (0x021c3db3) x27 0x0000000000000000
core   0: 0x0000000080004326 (0xfff2879b) addiw   a5, t0, -1
core   0: 1 0x0000000080004326 (0xfff2879b) x15 0xfffffffffcc38663
core   0: 0x000000008000432a (0x0000503b) srlw    zero, zero, zero
core   0: 1 0x000000008000432a (0x0000503b)
core   0: 0x000000008000432e (0xc231f953) fcvt.lu.d s2, ft3
core   0: 1 0x000000008000432e (0xc231f953) c1_fflags 0x0000000000000011 x18 0xffffffffffffffff
core   0: 0x0000000080004332 (0x001028f3) csrrs   a7, fflags, zero
core   0: 1 0x0000000080004332 (0x001028f3) x17 0x0000000000000011
core   0: 0x0000000080004336 (0xd23a7853) fcvt.d.lu fa6, s4
core   0: 1 0x0000000080004336 (0xd23a7853) c1_fflags 0x0000000000000011 f16 0x43efffffffffcc38
core   0: 0x000000008000433a (0xc020d0f3) csrrwi  ra, instret, 1
core   0: exception trap_illegal_instruction, epc 0x000000008000433a
core   0:           tval 0x00000000c020d0f3
core   0: >>>>  $xrv64i2p1_m2p0_a2p1_f2p2_d2p2_zicsr2p0_zifencei2p0_zmmul1p0_zba1p0_zbb1p0_zbc1p0_zbs1p0
core   0: 0x0000000080004000 (0x0080006f) j       pc + 0x8
core   0: 3 0x0000000080004000 (0x0080006f)
core   0: >>>>  mmode_exception_handler
core   0: 0x0000000080004008 (0x00002c17) auipc   s8, 0x2
core   0: 3 0x0000000080004008 (0x00002c17) x24 0x0000000080006008
core   0: 0x000000008000400c (0x050c0c13) addi    s8, s8, 80
core   0: 3 0x000000008000400c (0x050c0c13) x24 0x0000000080006058
core   0: 0x0000000080004010 (0x000c00e7) jalr    s8
core   0: 3 0x0000000080004010 (0x000c00e7) x1  0x0000000080004014
core   0: >>>>  any_handler
core   0: 0x0000000080006058 (0x341027f3) csrrs   a5, mepc, zero
core   0: 3 0x0000000080006058 (0x341027f3) x15 0x000000008000433a
core   0: 0x000000008000605c (0x34202773) csrrs   a4, mcause, zero
core   0: 3 0x000000008000605c (0x34202773) x14 0x0000000000000002
core   0: 0x0000000080006060 (0x142026f3) csrrs   a3, scause, zero
core   0: 3 0x0000000080006060 (0x142026f3) x13 0x0000000000000000
core   0: 0x0000000080006064 (0x30402673) csrrs   a2, mie, zero
core   0: 3 0x0000000080006064 (0x30402673) x12 0x0000000000000a00
core   0: 0x0000000080006068 (0x344025f3) csrrs   a1, mip, zero
core   0: 3 0x0000000080006068 (0x344025f3) x11 0x0000000000000080
core   0: 0x000000008000606c (0x343025f3) csrrs   a1, mtval, zero
core   0: 3 0x000000008000606c (0x343025f3) x11 0x00000000c020d0f3
core   0: 0x0000000080006070 (0x14302573) csrrs   a0, stval, zero
core   0: 3 0x0000000080006070 (0x14302573) x10 0x0000000000000000
core   0: 0x0000000080006074 (0xb02024f3) csrrs   s1, minstret, zero
core   0: 3 0x0000000080006074 (0xb02024f3) x9  0x00000000000008bc
core   0: 0x0000000080006078 (0x0000a811) c.j     pc + 20
core   0: 3 0x0000000080006078 (0xa811)
core   0: >>>>  mepc_4
core   0: 0x000000008000608c (0x00000791) c.addi  a5, 4
core   0: 3 0x000000008000608c (0x0791) x15 0x000000008000433e
core   0: 0x000000008000608e (0x34179073) csrrw   zero, mepc, a5
core   0: 3 0x000000008000608e (0x34179073) c833_mepc 0x000000008000433e
core   0: 0x0000000080006092 (0x30200073) mret
core   0: 3 0x0000000080006092 (0x30200073) c768_mstatus 0x8000000a00106080
core   0: 0x000000008000433e (0x41895ab3) sra     s5, s2, s8
core   0: 1 0x000000008000433e (0x41895ab3) x21 0xffffffffffffffff
core   0: 0x0000000080004342 (0x2a53fecf) fnmadd.d ft9, ft7, ft5, ft5
core   0: 1 0x0000000080004342 (0x2a53fecf) f29 0x7ff8000000000000
core   0: 0x0000000080004346 (0x035ad3bb) divuw   t2, s5, s5
core   0: 1 0x0000000080004346 (0x035ad3bb) x7  0x0000000000000001
core   0: 0x000000008000434a (0x00001de2) c.slli  s11, 56
core   0: 1 0x000000008000434a (0x1de2) x27 0x0000000000000000
core   0: 0x000000008000434c (0xc22bf953) fcvt.l.d s2, fs7
core   0: 1 0x000000008000434c (0xc22bf953) c1_fflags 0x0000000000000011 x18 0x7fffffffffffffff
core   0: 0x0000000080004350 (0x00a6883b) addw    a6, a3, a0
core   0: 1 0x0000000080004350 (0x00a6883b) x16 0x0000000000000000
core   0: 0x0000000080004354 (0x0208423b) divw    tp, a6, zero
core   0: 1 0x0000000080004354 (0x0208423b) x4  0xffffffffffffffff
core   0: 0x0000000080004358 (0xc018a0f3) csrrs   ra, time, a7
core   0: exception trap_illegal_instruction, epc 0x0000000080004358
core   0:           tval 0x00000000c018a0f3
core   0: >>>>  $xrv64i2p1_m2p0_a2p1_f2p2_d2p2_zicsr2p0_zifencei2p0_zmmul1p0_zba1p0_zbb1p0_zbc1p0_zbs1p0
core   0: 0x0000000080004000 (0x0080006f) j       pc + 0x8
core   0: 3 0x0000000080004000 (0x0080006f)
core   0: >>>>  mmode_exception_handler
core   0: 0x0000000080004008 (0x00002c17) auipc   s8, 0x2
core   0: 3 0x0000000080004008 (0x00002c17) x24 0x0000000080006008
core   0: 0x000000008000400c (0x050c0c13) addi    s8, s8, 80
core   0: 3 0x000000008000400c (0x050c0c13) x24 0x0000000080006058
core   0: 0x0000000080004010 (0x000c00e7) jalr    s8
core   0: 3 0x0000000080004010 (0x000c00e7) x1  0x0000000080004014
core   0: >>>>  any_handler
core   0: 0x0000000080006058 (0x341027f3) csrrs   a5, mepc, zero
core   0: 3 0x0000000080006058 (0x341027f3) x15 0x0000000080004358
core   0: 0x000000008000605c (0x34202773) csrrs   a4, mcause, zero
core   0: 3 0x000000008000605c (0x34202773) x14 0x0000000000000002
core   0: 0x0000000080006060 (0x142026f3) csrrs   a3, scause, zero
core   0: 3 0x0000000080006060 (0x142026f3) x13 0x0000000000000000
core   0: 0x0000000080006064 (0x30402673) csrrs   a2, mie, zero
core   0: 3 0x0000000080006064 (0x30402673) x12 0x0000000000000a00
core   0: 0x0000000080006068 (0x344025f3) csrrs   a1, mip, zero
core   0: 3 0x0000000080006068 (0x344025f3) x11 0x0000000000000080
core   0: 0x000000008000606c (0x343025f3) csrrs   a1, mtval, zero
core   0: 3 0x000000008000606c (0x343025f3) x11 0x00000000c018a0f3
core   0: 0x0000000080006070 (0x14302573) csrrs   a0, stval, zero
core   0: 3 0x0000000080006070 (0x14302573) x10 0x0000000000000000
core   0: 0x0000000080006074 (0xb02024f3) csrrs   s1, minstret, zero
core   0: 3 0x0000000080006074 (0xb02024f3) x9  0x00000000000008d3
core   0: 0x0000000080006078 (0x0000a811) c.j     pc + 20
core   0: 3 0x0000000080006078 (0xa811)
core   0: >>>>  mepc_4
core   0: 0x000000008000608c (0x00000791) c.addi  a5, 4
core   0: 3 0x000000008000608c (0x0791) x15 0x000000008000435c
core   0: 0x000000008000608e (0x34179073) csrrw   zero, mepc, a5
core   0: 3 0x000000008000608e (0x34179073) c833_mepc 0x000000008000435c
core   0: 0x0000000080006092 (0x30200073) mret
core   0: 3 0x0000000080006092 (0x30200073) c768_mstatus 0x8000000a00106080
core   0: 0x000000008000435c (0x5a07fb53) fsqrt.d fs6, fa5
core   0: 1 0x000000008000435c (0x5a07fb53) f22 0x7ff8000000000000
core   0: 0x0000000080004360 (0x003d00b3) add     ra, s10, gp
core   0: 1 0x0000000080004360 (0x003d00b3) x1  0x00000000000003e6
core   0: 0x0000000080004364 (0xc22b7cd3) fcvt.l.d s9, fs6
core   0: 1 0x0000000080004364 (0xc22b7cd3) c1_fflags 0x0000000000000011 x25 0x7fffffffffffffff
core   0: 0x0000000080004368 (0x012a89bb) addw    s3, s5, s2
core   0: 1 0x0000000080004368 (0x012a89bb) x19 0xfffffffffffffffe
core   0: 0x000000008000436c (0x03221233) mulh    tp, tp, s2
core   0: 1 0x000000008000436c (0x03221233) x4  0xffffffffffffffff
core   0: 0x0000000080004370 (0xc207fd53) fcvt.w.d s10, fa5
core   0: 1 0x0000000080004370 (0xc207fd53) c1_fflags 0x0000000000000011 x26 0x000000007fffffff
core   0: 0x0000000080004374 (0x22fb70c7) fmsub.d ft1, fs6, fa5, ft4
core   0: 1 0x0000000080004374 (0x22fb70c7) f1  0x7ff8000000000000
core   0: 0x0000000080004378 (0x011e1cbb) sllw    s9, t3, a7
core   0: 1 0x0000000080004378 (0x011e1cbb) x25 0x0000000000000000
core   0: 0x000000008000437c (0x012e1db3) sll     s11, t3, s2
core   0: 1 0x000000008000437c (0x012e1db3) x27 0x0000000000000000
core   0: 0x0000000080004380 (0xc034f6d3) fcvt.lu.s a3, fs1
core   0: 1 0x0000000080004380 (0xc034f6d3) c1_fflags 0x0000000000000011 x13 0xffffffffffffffff
core   0: 0x0000000080004384 (0x0195dcb3) srl     s9, a1, s9
core   0: 1 0x0000000080004384 (0x0195dcb3) x25 0x00000000c018a0f3
core   0: 0x0000000080004388 (0x010c9713) slli    a4, s9, 16
core   0: 1 0x0000000080004388 (0x010c9713) x14 0x0000c018a0f30000
core   0: 0x000000008000438c (0x417c8d33) sub     s10, s9, s7
core   0: 1 0x000000008000438c (0x417c8d33) x26 0x00000000c0189ff3
core   0: 0x0000000080004390 (0x2b409253) fmax.d  ft4, ft1, fs4
core   0: 1 0x0000000080004390 (0x2b409253) f4  0x7ff8000000000000
core   0: 0x0000000080004394 (0x6ba87d4b) fnmsub.d fs10, fa6, fs10, fa3
core   0: 1 0x0000000080004394 (0x6ba87d4b) f26 0x7ff8000000000000
core   0: 0x0000000080004398 (0x000d6593) ori     a1, s10, 0
core   0: 1 0x0000000080004398 (0x000d6593) x11 0x00000000c0189ff3
core   0: 0x000000008000439c (0xc03df6d3) fcvt.lu.s a3, fs11
core   0: 1 0x000000008000439c (0xc03df6d3) x13 0x0000000000000000
core   0: 0x00000000800043a0 (0xe2010b53) fmv.x.d s6, ft2
core   0: 1 0x00000000800043a0 (0xe2010b53) x22 0x7ff8000000000000
core   0: 0x00000000800043a4 (0xc03bfdd3) fcvt.lu.s s11, fs7
core   0: 1 0x00000000800043a4 (0xc03bfdd3) c1_fflags 0x0000000000000011 x27 0xffffffffffffffff
core   0: 0x00000000800043a8 (0x00000001) c.nop
core   0: 1 0x00000000800043a8 (0x0001)
core   0: 0x00000000800043aa (0x59c77793) andi    a5, a4, 1436
core   0: 1 0x00000000800043aa (0x59c77793) x15 0x0000000000000000
core   0: 0x00000000800043ae (0x00169a13) slli    s4, a3, 1
core   0: 1 0x00000000800043ae (0x00169a13) x20 0x0000000000000000
core   0: 0x00000000800043b2 (0xc03d7453) fcvt.lu.s s0, fs10
core   0: 1 0x00000000800043b2 (0xc03d7453) c1_fflags 0x0000000000000011 x8  0xffffffffffffffff
core   0: 0x00000000800043b6 (0x03ccf7bb) remuw   a5, s9, t3
core   0: 1 0x00000000800043b6 (0x03ccf7bb) x15 0x000000000018a0f3
core   0: 0x00000000800043ba (0xd23a7753) fcvt.d.lu fa4, s4
core   0: 1 0x00000000800043ba (0xd23a7753) f14 0x0000000000000000
core   0: 0x00000000800043be (0x230b18d3) fsgnjn.d fa7, fs6, fa6
core   0: 1 0x00000000800043be (0x230b18d3) f17 0xfff8000000000000
core   0: 0x00000000800043c2 (0x011748b3) xor     a7, a4, a7
core   0: 1 0x00000000800043c2 (0x011748b3) x17 0x0000c018a0f30011
core   0: 0x00000000800043c6 (0x028a7433) remu    s0, s4, s0
core   0: 1 0x00000000800043c6 (0x028a7433) x8  0x0000000000000000
core   0: 0x00000000800043ca (0x2b0f8d53) fmin.d  fs10, ft11, fa6
core   0: 1 0x00000000800043ca (0x2b0f8d53) f26 0xc0a0200000000000
core   0: 0x00000000800043ce (0x001e0ebb) addw    t4, t3, ra
core   0: 1 0x00000000800043ce (0x001e0ebb) x29 0x00000000200003e6
core   0: 0x00000000800043d2 (0x019cd2bb) srlw    t0, s9, s9
core   0: 1 0x00000000800043d2 (0x019cd2bb) x5  0x0000000000001803
core   0: 0x00000000800043d6 (0xc238f353) fcvt.lu.d t1, fa7
core   0: 1 0x00000000800043d6 (0xc238f353) c1_fflags 0x0000000000000011 x6  0xffffffffffffffff
core   0: 0x00000000800043da (0x00845033) srl     zero, s0, s0
core   0: 1 0x00000000800043da (0x00845033)
core   0: 0x00000000800043de (0x02f70bb3) mul     s7, a4, a5
core   0: 1 0x00000000800043de (0x02f70bb3) x23 0x7b14d2c0a6a90000
core   0: 0x00000000800043e2 (0x01e3d91b) srliw   s2, t2, 30
core   0: 1 0x00000000800043e2 (0x01e3d91b) x18 0x0000000000000000
core   0: 0x00000000800043e6 (0x22559753) fsgnjn.d fa4, fa1, ft5
core   0: 1 0x00000000800043e6 (0x22559753) f14 0xfff8000000000000
core   0: 0x00000000800043ea (0x0029013b) addw    sp, s2, sp
core   0: 1 0x00000000800043ea (0x0029013b) x2  0x0000000000000011
core   0: 0x00000000800043ee (0x001a819b) addiw   gp, s5, 1
core   0: 1 0x00000000800043ee (0x001a819b) x3  0x0000000000000000
core   0: 0x00000000800043f2 (0x405cd133) sra     sp, s9, t0
core   0: 1 0x00000000800043f2 (0x405cd133) x2  0x000000001803141e
core   0: 0x00000000800043f6 (0xc21e7a53) fcvt.wu.d s4, ft8
core   0: 1 0x00000000800043f6 (0xc21e7a53) c1_fflags 0x0000000000000011 x20 0xffffffffffffffff
core   0: 0x00000000800043fa (0x418a0c3b) subw    s8, s4, s8
core   0: 1 0x00000000800043fa (0x418a0c3b) x24 0x000000007fff9fa7
core   0: 0x00000000800043fe (0xd21a0353) fcvt.d.wu ft6, s4
core   0: 1 0x00000000800043fe (0xd21a0353) f6  0x41efffffffe00000
core   0: 0x0000000080004402 (0x024113b7) lui     t2, 0x2411
core   0: 1 0x0000000080004402 (0x024113b7) x7  0x0000000002411000
core   0: 0x0000000080004406 (0xc093839b) addiw   t2, t2, -1015
core   0: 1 0x0000000080004406 (0xc093839b) x7  0x0000000002410c09
core   0: 0x000000008000440a (0x000003b6) c.slli  t2, 13
core   0: 1 0x000000008000440a (0x03b6) x7  0x0000004821812000
core   0: 0x000000008000440c (0x61b38393) addi    t2, t2, 1563
core   0: 1 0x000000008000440c (0x61b38393) x7  0x000000482181261b
core   0: 0x0000000080004410 (0xd22a7b53) fcvt.d.l fs6, s4
core   0: 1 0x0000000080004410 (0xd22a7b53) f22 0xbff0000000000000
core   0: 0x0000000080004414 (0x027b1693) slli    a3, s6, 39
core   0: 1 0x0000000080004414 (0x027b1693) x13 0x0000000000000000
core   0: 0x0000000080004418 (0x4168db13) srai    s6, a7, 22
core   0: 1 0x0000000080004418 (0x4168db13) x22 0x0000000003006283
core   0: 0x000000008000441c (0x01a1539b) srliw   t2, sp, 26
core   0: 1 0x000000008000441c (0x01a1539b) x7  0x0000000000000006
core   0: 0x0000000080004420 (0x40e3dd3b) sraw    s10, t2, a4
core   0: 1 0x0000000080004420 (0x40e3dd3b) x26 0x0000000000000006
core   0: 0x0000000080004424 (0x0371d1b3) divu    gp, gp, s7
core   0: 1 0x0000000080004424 (0x0371d1b3) x3  0x0000000000000000
core   0: 0x0000000080004428 (0x01c1053b) addw    a0, sp, t3
core   0: 1 0x0000000080004428 (0x01c1053b) x10 0x000000003803141e
core   0: 0x000000008000442c (0x00000001) c.nop
core   0: 1 0x000000008000442c (0x0001)
core   0: 0x000000008000442e (0x0224e4b3) rem     s1, s1, sp
core   0: 1 0x000000008000442e (0x0224e4b3) x9  0x00000000000008d3
core   0: 0x0000000080004432 (0x4178dbbb) sraw    s7, a7, s7
core   0: 1 0x0000000080004432 (0x4178dbbb) x23 0xffffffffa0f30011
core   0: 0x0000000080004436 (0xc22b7153) fcvt.l.d sp, fs6
core   0: 1 0x0000000080004436 (0xc22b7153) x2  0xffffffffffffffff
core   0: 0x000000008000443a (0x6347821b) addiw   tp, a5, 1588
core   0: 1 0x000000008000443a (0x6347821b) x4  0x000000000018a727
core   0: 0x000000008000443e (0x402a0633) sub     a2, s4, sp
core   0: 1 0x000000008000443e (0x402a0633) x12 0x0000000000000000
core   0: 0x0000000080004442 (0x021678bb) remuw   a7, a2, ra
core   0: 1 0x0000000080004442 (0x021678bb) x17 0x0000000000000000
core   0: 0x0000000080004446 (0x022bfc33) remu    s8, s7, sp
core   0: 1 0x0000000080004446 (0x022bfc33) x24 0xffffffffa0f30011
core   0: 0x000000008000444a (0x418152bb) sraw    t0, sp, s8
core   0: 1 0x000000008000444a (0x418152bb) x5  0xffffffffffffffff
core   0: 0x000000008000444e (0xfe11f8b7) lui     a7, 0xfe11f
core   0: 1 0x000000008000444e (0xfe11f8b7) x17 0xfffffffffe11f000
core   0: 0x0000000080004452 (0xbc78889b) addiw   a7, a7, -1081
core   0: 1 0x0000000080004452 (0xbc78889b) x17 0xfffffffffe11ebc7
core   0: 0x0000000080004456 (0x000008ba) c.slli  a7, 14
core   0: 1 0x0000000080004456 (0x08ba) x17 0xffffff847af1c000
core   0: 0x0000000080004458 (0xb0488893) addi    a7, a7, -1276
core   0: 1 0x0000000080004458 (0xb0488893) x17 0xffffff847af1bb04
core   0: 0x000000008000445c (0x02c88633) mul     a2, a7, a2
core   0: 1 0x000000008000445c (0x02c88633) x12 0x0000000000000000
core   0: 0x0000000080004460 (0x0178083b) addw    a6, a6, s7
core   0: 1 0x0000000080004460 (0x0178083b) x16 0xffffffffa0f30011
core   0: 0x0000000080004464 (0x03101533) mulh    a0, zero, a7
core   0: 1 0x0000000080004464 (0x03101533) x10 0x0000000000000000
core   0: 0x0000000080004468 (0x410802b3) sub     t0, a6, a6
core   0: 1 0x0000000080004468 (0x410802b3) x5  0x0000000000000000
core   0: 0x000000008000446c (0x414a0b33) sub     s6, s4, s4
core   0: 1 0x000000008000446c (0x414a0b33) x22 0x0000000000000000
core   0: 0x0000000080004470 (0x4b22f2cb) fnmsub.d ft5, ft5, fs2, fs1
core   0: 1 0x0000000080004470 (0x4b22f2cb) f5  0x7ff8000000000000
core   0: 0x0000000080004474 (0x23e6afd3) fsgnjx.d ft11, fa3, ft10
core   0: 1 0x0000000080004474 (0x23e6afd3) f31 0x7ff8000000000000
core   0: 0x0000000080004478 (0xf20e8b53) fmv.d.x fs6, t4
core   0: 1 0x0000000080004478 (0xf20e8b53) f22 0x00000000200003e6
core   0: 0x000000008000447c (0xd20b02d3) fcvt.d.w ft5, s6
core   0: 1 0x000000008000447c (0xd20b02d3) f5  0x0000000000000000
core   0: 0x0000000080004480 (0xf2030ad3) fmv.d.x fs5, t1
core   0: 1 0x0000000080004480 (0xf2030ad3) f21 0xffffffffffffffff
core   0: 0x0000000080004484 (0xd03b75d3) fcvt.s.lu fa1, s6
core   0: 1 0x0000000080004484 (0xd03b75d3) f11 0xffffffff00000000
core   0: 0x0000000080004488 (0x40565933) sra     s2, a2, t0
core   0: 1 0x0000000080004488 (0x40565933) x18 0x0000000000000000
core   0: 0x000000008000448c (0x22f58fd3) fsgnj.d ft11, fa1, fa5
core   0: 1 0x000000008000448c (0x22f58fd3) f31 0xffffffff00000000
core   0: 0x0000000080004490 (0x1b9efbd3) fdiv.d  fs7, ft9, fs9
core   0: 1 0x0000000080004490 (0x1b9efbd3) f23 0x7ff8000000000000
core   0: 0x0000000080004494 (0x04bf4bb7) lui     s7, 0x4bf4
core   0: 1 0x0000000080004494 (0x04bf4bb7) x23 0x0000000004bf4000
core   0: 0x0000000080004498 (0x8cbb8b9b) addiw   s7, s7, -1845
core   0: 1 0x0000000080004498 (0x8cbb8b9b) x23 0x0000000004bf38cb
core   0: 0x000000008000449c (0x00000bb2) c.slli  s7, 12
core   0: 1 0x000000008000449c (0x0bb2) x23 0x0000004bf38cb000
core   0: 0x000000008000449e (0x090b8b93) addi    s7, s7, 144
core   0: 1 0x000000008000449e (0x090b8b93) x23 0x0000004bf38cb090
core   0: 0x00000000800044a2 (0x036b38b3) mulhu   a7, s6, s6
core   0: 1 0x00000000800044a2 (0x036b38b3) x17 0x0000000000000000
core   0: 0x00000000800044a6 (0xd03bff53) fcvt.s.lu ft10, s7
core   0: 1 0x00000000800044a6 (0xd03bff53) c1_fflags 0x0000000000000011 f30 0xffffffff5297e719
core   0: 0x00000000800044aa (0x02a3b9b3) mulhu   s3, t2, a0
core   0: 1 0x00000000800044aa (0x02a3b9b3) x19 0x0000000000000000
core   0: 0x00000000800044ae (0x26d9061b) addiw   a2, s2, 621
core   0: 1 0x00000000800044ae (0x26d9061b) x12 0x000000000000026d
core   0: 0x00000000800044b2 (0x0019141b) slliw   s0, s2, 1
core   0: 1 0x00000000800044b2 (0x0019141b) x8  0x0000000000000000
core   0: 0x00000000800044b6 (0x4064d73b) sraw    a4, s1, t1
core   0: 1 0x00000000800044b6 (0x4064d73b) x14 0x0000000000000000
core   0: 0x00000000800044ba (0x00301593) slli    a1, zero, 3
core   0: 1 0x00000000800044ba (0x00301593) x11 0x0000000000000000
core   0: 0x00000000800044be (0x02d8453b) divw    a0, a6, a3
core   0: 1 0x00000000800044be (0x02d8453b) x10 0xffffffffffffffff
core   0: 0x00000000800044c2 (0x00dbd6bb) srlw    a3, s7, a3
core   0: 1 0x00000000800044c2 (0x00dbd6bb) x13 0xfffffffff38cb090
core   0: 0x00000000800044c6 (0x13befb53) fmul.d  fs6, ft9, fs11
core   0: 1 0x00000000800044c6 (0x13befb53) f22 0x7ff8000000000000
core   0: 0x00000000800044ca (0x0bd67ad3) fsub.d  fs5, fa2, ft9
core   0: 1 0x00000000800044ca (0x0bd67ad3) f21 0x7ff8000000000000
core   0: 0x00000000800044ce (0x016823b3) slt     t2, a6, s6
core   0: 1 0x00000000800044ce (0x016823b3) x7  0x0000000000000001
core   0: 0x00000000800044d2 (0x02a4523b) divuw   tp, s0, a0
core   0: 1 0x00000000800044d2 (0x02a4523b) x4  0x0000000000000000
core   0: 0x00000000800044d6 (0xd21b8553) fcvt.d.wu fa0, s7
core   0: 1 0x00000000800044d6 (0xd21b8553) f10 0x41ee719612000000
core   0: 0x00000000800044da (0x895d4493) xori    s1, s10, -1899
core   0: 1 0x00000000800044da (0x895d4493) x9  0xfffffffffffff893
core   0: 0x00000000800044de (0xf2090e53) fmv.d.x ft8, s2
core   0: 1 0x00000000800044de (0xf2090e53) f28 0x0000000000000000
core   0: 0x00000000800044e2 (0x02d286b3) mul     a3, t0, a3
core   0: 1 0x00000000800044e2 (0x02d286b3) x13 0x0000000000000000
core   0: 0x00000000800044e6 (0x0000999b) slliw   s3, ra, 0
core   0: 1 0x00000000800044e6 (0x0000999b) x19 0x00000000000003e6
core   0: 0x00000000800044ea (0x0049d23b) srlw    tp, s3, tp
core   0: 1 0x00000000800044ea (0x0049d23b) x4  0x00000000000003e6
core   0: 0x00000000800044ee (0xcf598493) addi    s1, s3, -779
core   0: 1 0x00000000800044ee (0xcf598493) x9  0x00000000000000db
core   0: 0x00000000800044f2 (0x00000001) c.nop
core   0: 1 0x00000000800044f2 (0x0001)
core   0: 0x00000000800044f4 (0x43e4d893) srai    a7, s1, 62
core   0: 1 0x00000000800044f4 (0x43e4d893) x17 0x0000000000000000
core   0: 0x00000000800044f8 (0xc20efc53) fcvt.w.d s8, ft9
core   0: 1 0x00000000800044f8 (0xc20efc53) c1_fflags 0x0000000000000011 x24 0x000000007fffffff
core   0: 0x00000000800044fc (0x0218d9b3) divu    s3, a7, ra
core   0: 1 0x00000000800044fc (0x0218d9b3) x19 0x0000000000000000
core   0: 0x0000000080004500 (0x4081d1bb) sraw    gp, gp, s0
core   0: 1 0x0000000080004500 (0x4081d1bb) x3  0x0000000000000000
core   0: 0x0000000080004504 (0x00202b73) csrrs   s6, frm, zero
core   0: 1 0x0000000080004504 (0x00202b73) x22 0x0000000000000001
core   0: 0x0000000080004508 (0x022b1133) mulh    sp, s6, sp
core   0: 1 0x0000000080004508 (0x022b1133) x2  0xffffffffffffffff
core   0: 0x000000008000450c (0xa31e1c53) flt.d   s8, ft8, fa7
core   0: 1 0x000000008000450c (0xa31e1c53) c1_fflags 0x0000000000000011 x24 0x0000000000000000
core   0: 0x0000000080004510 (0x343178f3) csrrci  a7, mtval, 2
core   0: exception trap_illegal_instruction, epc 0x0000000080004510
core   0:           tval 0x00000000343178f3
core   0: >>>>  $xrv64i2p1_m2p0_a2p1_f2p2_d2p2_zicsr2p0_zifencei2p0_zmmul1p0_zba1p0_zbb1p0_zbc1p0_zbs1p0
core   0: 0x0000000080004000 (0x0080006f) j       pc + 0x8
core   0: 3 0x0000000080004000 (0x0080006f)
core   0: >>>>  mmode_exception_handler
core   0: 0x0000000080004008 (0x00002c17) auipc   s8, 0x2
core   0: 3 0x0000000080004008 (0x00002c17) x24 0x0000000080006008
core   0: 0x000000008000400c (0x050c0c13) addi    s8, s8, 80
core   0: 3 0x000000008000400c (0x050c0c13) x24 0x0000000080006058
core   0: 0x0000000080004010 (0x000c00e7) jalr    s8
core   0: 3 0x0000000080004010 (0x000c00e7) x1  0x0000000080004014
core   0: >>>>  any_handler
core   0: 0x0000000080006058 (0x341027f3) csrrs   a5, mepc, zero
core   0: 3 0x0000000080006058 (0x341027f3) x15 0x0000000080004510
core   0: 0x000000008000605c (0x34202773) csrrs   a4, mcause, zero
core   0: 3 0x000000008000605c (0x34202773) x14 0x0000000000000002
core   0: 0x0000000080006060 (0x142026f3) csrrs   a3, scause, zero
core   0: 3 0x0000000080006060 (0x142026f3) x13 0x0000000000000000
core   0: 0x0000000080006064 (0x30402673) csrrs   a2, mie, zero
core   0: 3 0x0000000080006064 (0x30402673) x12 0x0000000000000a00
core   0: 0x0000000080006068 (0x344025f3) csrrs   a1, mip, zero
core   0: 3 0x0000000080006068 (0x344025f3) x11 0x0000000000000080
core   0: 0x000000008000606c (0x343025f3) csrrs   a1, mtval, zero
core   0: 3 0x000000008000606c (0x343025f3) x11 0x00000000343178f3
core   0: 0x0000000080006070 (0x14302573) csrrs   a0, stval, zero
core   0: 3 0x0000000080006070 (0x14302573) x10 0x0000000000000000
core   0: 0x0000000080006074 (0xb02024f3) csrrs   s1, minstret, zero
core   0: 3 0x0000000080006074 (0xb02024f3) x9  0x0000000000000953
core   0: 0x0000000080006078 (0x0000a811) c.j     pc + 20
core   0: 3 0x0000000080006078 (0xa811)
core   0: >>>>  mepc_4
core   0: 0x000000008000608c (0x00000791) c.addi  a5, 4
core   0: 3 0x000000008000608c (0x0791) x15 0x0000000080004514
core   0: 0x000000008000608e (0x34179073) csrrw   zero, mepc, a5
core   0: 3 0x000000008000608e (0x34179073) c833_mepc 0x0000000080004514
core   0: 0x0000000080006092 (0x30200073) mret
core   0: 3 0x0000000080006092 (0x30200073) c768_mstatus 0x8000000a00106080
core   0: 0x0000000080004514 (0xc23efcd3) fcvt.lu.d s9, ft9
core   0: 1 0x0000000080004514 (0xc23efcd3) c1_fflags 0x0000000000000011 x25 0xffffffffffffffff
core   0: 0x0000000080004518 (0x34351573) csrrw   a0, mtval, a0
core   0: exception trap_illegal_instruction, epc 0x0000000080004518
core   0:           tval 0x0000000034351573
core   0: >>>>  $xrv64i2p1_m2p0_a2p1_f2p2_d2p2_zicsr2p0_zifencei2p0_zmmul1p0_zba1p0_zbb1p0_zbc1p0_zbs1p0
core   0: 0x0000000080004000 (0x0080006f) j       pc + 0x8
core   0: 3 0x0000000080004000 (0x0080006f)
core   0: >>>>  mmode_exception_handler
core   0: 0x0000000080004008 (0x00002c17) auipc   s8, 0x2
core   0: 3 0x0000000080004008 (0x00002c17) x24 0x0000000080006008
core   0: 0x000000008000400c (0x050c0c13) addi    s8, s8, 80
core   0: 3 0x000000008000400c (0x050c0c13) x24 0x0000000080006058
core   0: 0x0000000080004010 (0x000c00e7) jalr    s8
core   0: 3 0x0000000080004010 (0x000c00e7) x1  0x0000000080004014
core   0: >>>>  any_handler
core   0: 0x0000000080006058 (0x341027f3) csrrs   a5, mepc, zero
core   0: 3 0x0000000080006058 (0x341027f3) x15 0x0000000080004518
core   0: 0x000000008000605c (0x34202773) csrrs   a4, mcause, zero
core   0: 3 0x000000008000605c (0x34202773) x14 0x0000000000000002
core   0: 0x0000000080006060 (0x142026f3) csrrs   a3, scause, zero
core   0: 3 0x0000000080006060 (0x142026f3) x13 0x0000000000000000
core   0: 0x0000000080006064 (0x30402673) csrrs   a2, mie, zero
core   0: 3 0x0000000080006064 (0x30402673) x12 0x0000000000000a00
core   0: 0x0000000080006068 (0x344025f3) csrrs   a1, mip, zero
core   0: 3 0x0000000080006068 (0x344025f3) x11 0x0000000000000080
core   0: 0x000000008000606c (0x343025f3) csrrs   a1, mtval, zero
core   0: 3 0x000000008000606c (0x343025f3) x11 0x0000000034351573
core   0: 0x0000000080006070 (0x14302573) csrrs   a0, stval, zero
core   0: 3 0x0000000080006070 (0x14302573) x10 0x0000000000000000
core   0: 0x0000000080006074 (0xb02024f3) csrrs   s1, minstret, zero
core   0: 3 0x0000000080006074 (0xb02024f3) x9  0x0000000000000964
core   0: 0x0000000080006078 (0x0000a811) c.j     pc + 20
core   0: 3 0x0000000080006078 (0xa811)
core   0: >>>>  mepc_4
core   0: 0x000000008000608c (0x00000791) c.addi  a5, 4
core   0: 3 0x000000008000608c (0x0791) x15 0x000000008000451c
core   0: 0x000000008000608e (0x34179073) csrrw   zero, mepc, a5
core   0: 3 0x000000008000608e (0x34179073) c833_mepc 0x000000008000451c
core   0: 0x0000000080006092 (0x30200073) mret
core   0: 3 0x0000000080006092 (0x30200073) c768_mstatus 0x8000000a00106080
core   0: 0x000000008000451c (0x001ada9b) srliw   s5, s5, 1
core   0: 1 0x000000008000451c (0x001ada9b) x21 0x000000007fffffff
core   0: 0x0000000080004520 (0x008e043b) addw    s0, t3, s0
core   0: 1 0x0000000080004520 (0x008e043b) x8  0x0000000020000000
core   0: 0x0000000080004524 (0x0b1ef5d3) fsub.d  fa1, ft9, fa7
core   0: 1 0x0000000080004524 (0x0b1ef5d3) f11 0x7ff8000000000000
core   0: 0x0000000080004528 (0x01555533) srl     a0, a0, s5
core   0: 1 0x0000000080004528 (0x01555533) x10 0x0000000000000000
core   0: 0x000000008000452c (0x22b7a653) fsgnjx.d fa2, fa5, fa1
core   0: 1 0x000000008000452c (0x22b7a653) f12 0xffffffff7fc00000
core   0: 0x0000000080004530 (0x002028f3) csrrs   a7, frm, zero
core   0: 1 0x0000000080004530 (0x002028f3) x17 0x0000000000000001
core   0: 0x0000000080004534 (0x2bcc9dd3) fmax.d  fs11, fs9, ft8
core   0: 1 0x0000000080004534 (0x2bcc9dd3) f27 0x0000000000000000
core   0: 0x0000000080004538 (0x00c8d6b3) srl     a3, a7, a2
core   0: 1 0x0000000080004538 (0x00c8d6b3) x13 0x0000000000000001
core   0: 0x000000008000453c (0x8fa56837) lui     a6, 0x8fa56
core   0: 1 0x000000008000453c (0x8fa56837) x16 0xffffffff8fa56000
core   0: 0x0000000080004540 (0x03b35a13) srli    s4, t1, 59
core   0: 1 0x0000000080004540 (0x03b35a13) x20 0x000000000000001f
core   0: 0x0000000080004544 (0x01b6843b) addw    s0, a3, s11
core   0: 1 0x0000000080004544 (0x01b6843b) x8  0x0000000000000000
core   0: 0x0000000080004548 (0x4010853b) subw    a0, ra, ra
core   0: 1 0x0000000080004548 (0x4010853b) x10 0x0000000000000000
core   0: 0x000000008000454c (0x00000001) c.nop
core   0: 1 0x000000008000454c (0x0001)
core   0: 0x000000008000454e (0x223521d3) fsgnjx.d ft3, fa0, ft3
core   0: 1 0x000000008000454e (0x223521d3) f3  0x41ee719612000000
core   0: 0x0000000080004552 (0x2a011bd3) fmax.d  fs7, ft2, ft0
core   0: 1 0x0000000080004552 (0x2a011bd3) f23 0x7ff8000000000000
core   0: 0x0000000080004556 (0x01cd11b3) sll     gp, s10, t3
core   0: 1 0x0000000080004556 (0x01cd11b3) x3  0x0000000000000006
core   0: 0x000000008000455a (0x0000da9b) srliw   s5, ra, 0
core   0: 1 0x000000008000455a (0x0000da9b) x21 0xffffffff80004014
core   0: 0x000000008000455e (0x2af78453) fmin.d  fs0, fa5, fa5
core   0: 1 0x000000008000455e (0x2af78453) f8  0x7ff8000000000000
core   0: 0x0000000080004562 (0x007e033b) addw    t1, t3, t2
core   0: 1 0x0000000080004562 (0x007e033b) x6  0x0000000020000001
core   0: 0x0000000080004566 (0xc221f553) fcvt.l.d a0, ft3
core   0: 1 0x0000000080004566 (0xc221f553) x10 0x00000000f38cb090
core   0: 0x000000008000456a (0xfff76c93) ori     s9, a4, -1
core   0: 1 0x000000008000456a (0xfff76c93) x25 0xffffffffffffffff
core   0: 0x000000008000456e (0xd22878d3) fcvt.d.l fa7, a6
core   0: 1 0x000000008000456e (0xd22878d3) f17 0xc1dc16a800000000
core   0: 0x0000000080004572 (0x4654b197) auipc   gp, 0x4654b
core   0: 1 0x0000000080004572 (0x4654b197) x3  0x00000000c654f572
core   0: 0x0000000080004576 (0x03497abb) remuw   s5, s2, s4
core   0: 1 0x0000000080004576 (0x03497abb) x21 0x0000000000000000
core   0: 0x000000008000457a (0xdc8ce813) ori     a6, s9, -568
core   0: 1 0x000000008000457a (0xdc8ce813) x16 0xffffffffffffffff
core   0: 0x000000008000457e (0x026e7c33) remu    s8, t3, t1
core   0: 1 0x000000008000457e (0x026e7c33) x24 0x0000000020000000
core   0: 0x0000000080004582 (0x028c71b3) remu    gp, s8, s0
core   0: 1 0x0000000080004582 (0x028c71b3) x3  0x0000000020000000
core   0: 0x0000000080004586 (0x84b2ca37) lui     s4, 0x84b2c
core   0: 1 0x0000000080004586 (0x84b2ca37) x20 0xffffffff84b2c000
core   0: 0x000000008000458a (0x007613b3) sll     t2, a2, t2
core   0: 1 0x000000008000458a (0x007613b3) x7  0x0000000000001400
core   0: 0x000000008000458e (0xd1e68a93) addi    s5, a3, -738
core   0: 1 0x000000008000458e (0xd1e68a93) x21 0xfffffffffffffd1f
core   0: 0x0000000080004592 (0x7bc0f7c7) fmsub.d fa5, ft1, ft8, fa5
core   0: 1 0x0000000080004592 (0x7bc0f7c7) f15 0x7ff8000000000000
core   0: 0x0000000080004596 (0x0ff0000f) fence   iorw,iorw
core   0: 1 0x0000000080004596 (0x0ff0000f)
core   0: 0x000000008000459a (0x513e8c17) auipc   s8, 0x513e8
core   0: 1 0x000000008000459a (0x513e8c17) x24 0x00000000d13ec59a
core   0: 0x000000008000459e (0x039882b3) mul     t0, a7, s9
core   0: 1 0x000000008000459e (0x039882b3) x5  0xffffffffffffffff
core   0: 0x00000000800045a2 (0x2bb79c53) fmax.d  fs8, fa5, fs11
core   0: 1 0x00000000800045a2 (0x2bb79c53) f24 0x0000000000000000
core   0: 0x00000000800045a6 (0x008c581b) srliw   a6, s8, 8
core   0: 1 0x00000000800045a6 (0x008c581b) x16 0x0000000000d13ec5
core   0: 0x00000000800045aa (0x41550733) sub     a4, a0, s5
core   0: 1 0x00000000800045aa (0x41550733) x14 0x00000000f38cb371
core   0: 0x00000000800045ae (0xf61ae493) ori     s1, s5, -159
core   0: 1 0x00000000800045ae (0xf61ae493) x9  0xffffffffffffff7f
core   0: 0x00000000800045b2 (0x00e09abb) sllw    s5, ra, a4
core   0: 1 0x00000000800045b2 (0x00e09abb) x21 0xffffffff80280000
core   0: 0x00000000800045b6 (0xd2347dd3) fcvt.d.lu fs11, s0
core   0: 1 0x00000000800045b6 (0xd2347dd3) f27 0x0000000000000000
core   0: 0x00000000800045ba (0x407553b3) sra     t2, a0, t2
core   0: 1 0x00000000800045ba (0x407553b3) x7  0x00000000f38cb090
core   0: 0x00000000800045be (0xd2150a53) fcvt.d.wu fs4, a0
core   0: 1 0x00000000800045be (0xd2150a53) f20 0x41ee719612000000
core   0: 0x00000000800045c2 (0xffa76d13) ori     s10, a4, -6
core   0: 1 0x00000000800045c2 (0xffa76d13) x26 0xfffffffffffffffb
core   0: 0x00000000800045c6 (0x0002131b) slliw   t1, tp, 0
core   0: 1 0x00000000800045c6 (0x0002131b) x6  0x00000000000003e6
core   0: 0x00000000800045ca (0x02f357bb) divuw   a5, t1, a5
core   0: 1 0x00000000800045ca (0x02f357bb) x15 0x0000000000000000
core   0: 0x00000000800045ce (0xc21cf4d3) fcvt.wu.d s1, fs9
core   0: 1 0x00000000800045ce (0xc21cf4d3) c1_fflags 0x0000000000000011 x9  0xffffffffffffffff
core   0: 0x00000000800045d2 (0x0002929b) slliw   t0, t0, 0
core   0: 1 0x00000000800045d2 (0x0002929b) x5  0xffffffffffffffff
core   0: 0x00000000800045d6 (0x01bb9033) sll     zero, s7, s11
core   0: 1 0x00000000800045d6 (0x01bb9033)
core   0: 0x00000000800045da (0xc03c7153) fcvt.lu.s sp, fs8
core   0: 1 0x00000000800045da (0xc03c7153) c1_fflags 0x0000000000000011 x2  0xffffffffffffffff
core   0: 0x00000000800045de (0x7ff14793) xori    a5, sp, 2047
core   0: 1 0x00000000800045de (0x7ff14793) x15 0xfffffffffffff800
core   0: 0x00000000800045e2 (0x01c11e33) sll     t3, sp, t3
core   0: 1 0x00000000800045e2 (0x01c11e33) x28 0xffffffffffffffff
core   0: 0x00000000800045e6 (0x012c1c33) sll     s8, s8, s2
core   0: 1 0x00000000800045e6 (0x012c1c33) x24 0x00000000d13ec59a
core   0: 0x00000000800045ea (0x23ba2153) fsgnjx.d ft2, fs4, fs11
core   0: 1 0x00000000800045ea (0x23ba2153) f2  0x41ee719612000000
core   0: 0x00000000800045ee (0xe06a841b) addiw   s0, s5, -506
core   0: 1 0x00000000800045ee (0xe06a841b) x8  0xffffffff8027fe06
core   0: 0x00000000800045f2 (0x009492b3) sll     t0, s1, s1
core   0: 1 0x00000000800045f2 (0x009492b3) x5  0x8000000000000000
core   0: 0x00000000800045f6 (0x00ebdb9b) srliw   s7, s7, 14
core   0: 1 0x00000000800045f6 (0x00ebdb9b) x23 0x000000000003ce32
core   0: 0x00000000800045fa (0x40005a9b) sraiw   s5, zero, 0
core   0: 1 0x00000000800045fa (0x40005a9b) x21 0x0000000000000000
core   0: 0x00000000800045fe (0xf20b8bd3) fmv.d.x fs7, s7
core   0: 1 0x00000000800045fe (0xf20b8bd3) f23 0x000000000003ce32
core   0: 0x0000000080004602 (0x408add3b) sraw    s10, s5, s0
core   0: 1 0x0000000080004602 (0x408add3b) x26 0x0000000000000000
core   0: 0x0000000080004606 (0x2bbc1ed3) fmax.d  ft9, fs8, fs11
core   0: 1 0x0000000080004606 (0x2bbc1ed3) f29 0x0000000000000000
core   0: 0x000000008000460a (0x5a0dfcd3) fsqrt.d fs9, fs11
core   0: 1 0x000000008000460a (0x5a0dfcd3) f25 0x0000000000000000
core   0: 0x000000008000460e (0x0ff0000f) fence   iorw,iorw
core   0: 1 0x000000008000460e (0x0ff0000f)
core   0: 0x0000000080004612 (0x401efd53) fcvt.s.d fs10, ft9
core   0: 1 0x0000000080004612 (0x401efd53) f26 0xffffffff00000000
core   0: 0x0000000080004616 (0xe20c80d3) fmv.x.d ra, fs9
core   0: 1 0x0000000080004616 (0xe20c80d3) x1  0x0000000000000000
core   0: 0x000000008000461a (0x0bbcf553) fsub.d  fa0, fs9, fs11
core   0: 1 0x000000008000461a (0x0bbcf553) f10 0x0000000000000000
core   0: 0x000000008000461e (0x008283bb) addw    t2, t0, s0
core   0: 1 0x000000008000461e (0x008283bb) x7  0xffffffff8027fe06
core   0: 0x0000000080004622 (0x00102ef3) csrrs   t4, fflags, zero
core   0: 1 0x0000000080004622 (0x00102ef3) x29 0x0000000000000011
core   0: 0x0000000080004626 (0xd22576d3) fcvt.d.l fa3, a0
core   0: 1 0x0000000080004626 (0xd22576d3) f13 0x41ee719612000000
core   0: 0x000000008000462a (0x00051233) sll     tp, a0, zero
core   0: 1 0x000000008000462a (0x00051233) x4  0x00000000f38cb090
core   0: 0x000000008000462e (0x6d2456b7) lui     a3, 0x6d245
core   0: 1 0x000000008000462e (0x6d2456b7) x13 0x000000006d245000
core   0: 0x0000000080004632 (0xd2257653) fcvt.d.l fa2, a0
core   0: 1 0x0000000080004632 (0xd2257653) f12 0x41ee719612000000
core   0: 0x0000000080004636 (0x02d6be33) mulhu   t3, a3, a3
core   0: 1 0x0000000080004636 (0x02d6be33) x28 0x0000000000000000
core   0: 0x000000008000463a (0x226a9ad3) fsgnjn.d fs5, fs5, ft6
core   0: 1 0x000000008000463a (0x226a9ad3) f21 0xfff8000000000000
core   0: 0x000000008000463e (0xc02f7953) fcvt.l.s s2, ft10
core   0: 1 0x000000008000463e (0xc02f7953) x18 0x0000004bf38c8000
core   0: 0x0000000080004642 (0xfff68293) addi    t0, a3, -1
core   0: 1 0x0000000080004642 (0xfff68293) x5  0x000000006d244fff
core   0: 0x0000000080004646 (0x0b2af253) fsub.d  ft4, fs5, fs2
core   0: 1 0x0000000080004646 (0x0b2af253) f4  0x7ff8000000000000
core   0: 0x000000008000464a (0x00000001) c.nop
core   0: 1 0x000000008000464a (0x0001)
core   0: 0x000000008000464c (0x03931e33) mulh    t3, t1, s9
core   0: 1 0x000000008000464c (0x03931e33) x28 0xffffffffffffffff
core   0: 0x0000000080004650 (0x0057121b) slliw   tp, a4, 5
core   0: 1 0x0000000080004650 (0x0057121b) x4  0x0000000071966e20
core   0: 0x0000000080004654 (0x0005501b) srliw   zero, a0, 0
core   0: 1 0x0000000080004654 (0x0005501b)
core   0: 0x0000000080004658 (0xa9d9849b) addiw   s1, s3, -1379
core   0: 1 0x0000000080004658 (0xa9d9849b) x9  0xfffffffffffffa9d
core   0: 0x000000008000465c (0x40c2dcbb) sraw    s9, t0, a2
core   0: 1 0x000000008000465c (0x40c2dcbb) x25 0x000000006d244fff
core   0: 0x0000000080004660 (0x74797ef3) csrrci  t4, mseccfg, 18
core   0: exception trap_illegal_instruction, epc 0x0000000080004660
core   0:           tval 0x0000000074797ef3
core   0: >>>>  $xrv64i2p1_m2p0_a2p1_f2p2_d2p2_zicsr2p0_zifencei2p0_zmmul1p0_zba1p0_zbb1p0_zbc1p0_zbs1p0
core   0: 0x0000000080004000 (0x0080006f) j       pc + 0x8
core   0: 3 0x0000000080004000 (0x0080006f)
core   0: >>>>  mmode_exception_handler
core   0: 0x0000000080004008 (0x00002c17) auipc   s8, 0x2
core   0: 3 0x0000000080004008 (0x00002c17) x24 0x0000000080006008
core   0: 0x000000008000400c (0x050c0c13) addi    s8, s8, 80
core   0: 3 0x000000008000400c (0x050c0c13) x24 0x0000000080006058
core   0: 0x0000000080004010 (0x000c00e7) jalr    s8
core   0: 3 0x0000000080004010 (0x000c00e7) x1  0x0000000080004014
core   0: >>>>  any_handler
core   0: 0x0000000080006058 (0x341027f3) csrrs   a5, mepc, zero
core   0: 3 0x0000000080006058 (0x341027f3) x15 0x0000000080004660
core   0: 0x000000008000605c (0x34202773) csrrs   a4, mcause, zero
core   0: 3 0x000000008000605c (0x34202773) x14 0x0000000000000002
core   0: 0x0000000080006060 (0x142026f3) csrrs   a3, scause, zero
core   0: 3 0x0000000080006060 (0x142026f3) x13 0x0000000000000000
core   0: 0x0000000080006064 (0x30402673) csrrs   a2, mie, zero
core   0: 3 0x0000000080006064 (0x30402673) x12 0x0000000000000a00
core   0: 0x0000000080006068 (0x344025f3) csrrs   a1, mip, zero
core   0: 3 0x0000000080006068 (0x344025f3) x11 0x0000000000000080
core   0: 0x000000008000606c (0x343025f3) csrrs   a1, mtval, zero
core   0: 3 0x000000008000606c (0x343025f3) x11 0x0000000074797ef3
core   0: 0x0000000080006070 (0x14302573) csrrs   a0, stval, zero
core   0: 3 0x0000000080006070 (0x14302573) x10 0x0000000000000000
core   0: 0x0000000080006074 (0xb02024f3) csrrs   s1, minstret, zero
core   0: 3 0x0000000080006074 (0xb02024f3) x9  0x00000000000009c6
core   0: 0x0000000080006078 (0x0000a811) c.j     pc + 20
core   0: 3 0x0000000080006078 (0xa811)
core   0: >>>>  mepc_4
core   0: 0x000000008000608c (0x00000791) c.addi  a5, 4
core   0: 3 0x000000008000608c (0x0791) x15 0x0000000080004664
core   0: 0x000000008000608e (0x34179073) csrrw   zero, mepc, a5
core   0: 3 0x000000008000608e (0x34179073) c833_mepc 0x0000000080004664
core   0: 0x0000000080006092 (0x30200073) mret
core   0: 3 0x0000000080006092 (0x30200073) c768_mstatus 0x8000000a00106080
core   0: 0x0000000080004664 (0xa2cdf097) auipc   ra, 0xa2cdf
core   0: 1 0x0000000080004664 (0xa2cdf097) x1  0x0000000022ce3664
core   0: 0x0000000080004668 (0x224affcf) fnmadd.d ft11, fs5, ft4, ft4
core   0: 1 0x0000000080004668 (0x224affcf) f31 0x7ff8000000000000
core   0: 0x000000008000466c (0x41998cb3) sub     s9, s3, s9
core   0: 1 0x000000008000466c (0x41998cb3) x25 0xffffffff92dbb001
core   0: 0x0000000080004670 (0xc2337bd3) fcvt.lu.d s7, ft6
core   0: 1 0x0000000080004670 (0xc2337bd3) x23 0x00000000ffffffff
core   0: 0x0000000080004674 (0x23ee0e53) fsgnj.d ft8, ft8, ft10
core   0: 1 0x0000000080004674 (0x23ee0e53) f28 0x8000000000000000
core   0: 0x0000000080004678 (0x93247943) fmadd.d fs2, fs0, fs2, fs2
core   0: 1 0x0000000080004678 (0x93247943) f18 0x7ff8000000000000
core   0: 0x000000008000467c (0x41fcd79b) sraiw   a5, s9, 31
core   0: 1 0x000000008000467c (0x41fcd79b) x15 0xffffffffffffffff
core   0: 0x0000000080004680 (0x0161843b) addw    s0, gp, s6
core   0: 1 0x0000000080004680 (0x0161843b) x8  0x0000000020000001
core   0: 0x0000000080004684 (0x02edfdb3) remu    s11, s11, a4
core   0: 1 0x0000000080004684 (0x02edfdb3) x27 0x0000000000000001
core   0: 0x0000000080004688 (0x4011f8d3) fcvt.s.d fa7, ft3
core   0: 1 0x0000000080004688 (0x4011f8d3) c1_fflags 0x0000000000000011 f17 0xffffffff4f738cb0
core   0: 0x000000008000468c (0x10a65073) csrrwi  zero, senvcfg, 12
core   0: 1 0x000000008000468c (0x10a65073) c266_senvcfg 0x0000000000000000
core   0: 0x0000000080004690 (0x01441033) sll     zero, s0, s4
core   0: 1 0x0000000080004690 (0x01441033)
core   0: 0x0000000080004694 (0xc21e71d3) fcvt.wu.d gp, ft8
core   0: 1 0x0000000080004694 (0xc21e71d3) x3  0x0000000000000000
core   0: 0x0000000080004698 (0x5a0075d3) fsqrt.d fa1, ft0
core   0: 1 0x0000000080004698 (0x5a0075d3) f11 0x7ff8000000000000
core   0: 0x000000008000469c (0xd021f6d3) fcvt.s.l fa3, gp
core   0: 1 0x000000008000469c (0xd021f6d3) f13 0xffffffff00000000
core   0: 0x00000000800046a0 (0x005c549b) srliw   s1, s8, 5
core   0: 1 0x00000000800046a0 (0x005c549b) x9  0x0000000004000302
core   0: 0x00000000800046a4 (0x02d85493) srli    s1, a6, 45
core   0: 1 0x00000000800046a4 (0x02d85493) x9  0x0000000000000000
core   0: 0x00000000800046a8 (0x0036571b) srliw   a4, a2, 3
core   0: 1 0x00000000800046a8 (0x0036571b) x14 0x0000000000000140
core   0: 0x00000000800046ac (0x82dc0e37) lui     t3, 0x82dc0
core   0: 1 0x00000000800046ac (0x82dc0e37) x28 0xffffffff82dc0000
core   0: 0x00000000800046b0 (0xe20d8553) fmv.x.d a0, fs11
core   0: 1 0x00000000800046b0 (0xe20d8553) x10 0x0000000000000000
core   0: 0x00000000800046b4 (0x000e5613) srli    a2, t3, 0
core   0: 1 0x00000000800046b4 (0x000e5613) x12 0xffffffff82dc0000
core   0: 0x00000000800046b8 (0x0116013b) addw    sp, a2, a7
core   0: 1 0x00000000800046b8 (0x0116013b) x2  0xffffffff82dc0001
core   0: 0x00000000800046bc (0x00aa4b33) xor     s6, s4, a0
core   0: 1 0x00000000800046bc (0x00aa4b33) x22 0xffffffff84b2c000
core   0: 0x00000000800046c0 (0xe20680d3) fmv.x.d ra, fa3
core   0: 1 0x00000000800046c0 (0xe20680d3) x1  0xffffffff00000000
core   0: 0x00000000800046c4 (0x0322593b) divuw   s2, tp, s2
core   0: 1 0x00000000800046c4 (0x0322593b) x18 0x0000000000000000
core   0: 0x00000000800046c8 (0xc022f5d3) fcvt.l.s a1, ft5
core   0: 1 0x00000000800046c8 (0xc022f5d3) c1_fflags 0x0000000000000011 x11 0x7fffffffffffffff
core   0: 0x00000000800046cc (0x002022f3) csrrs   t0, frm, zero
core   0: 1 0x00000000800046cc (0x002022f3) x5  0x0000000000000001
core   0: 0x00000000800046d0 (0x4d970697) auipc   a3, 0x4d970
core   0: 1 0x00000000800046d0 (0x4d970697) x13 0x00000000cd9746d0
core   0: 0x00000000800046d4 (0xcb917a47) fmsub.d fs4, ft2, fs9, fs9
core   0: 1 0x00000000800046d4 (0xcb917a47) f20 0x0000000000000000
core   0: 0x00000000800046d8 (0x0354653b) remw    a0, s0, s5
core   0: 1 0x00000000800046d8 (0x0354653b) x10 0x0000000020000001
core   0: 0x00000000800046dc (0x00d6dbb3) srl     s7, a3, a3
core   0: 1 0x00000000800046dc (0x00d6dbb3) x23 0x000000000000cd97
core   0: 0x00000000800046e0 (0x00c61e3b) sllw    t3, a2, a2
core   0: 1 0x00000000800046e0 (0x00c61e3b) x28 0xffffffff82dc0000
core   0: 0x00000000800046e4 (0x34371973) csrrw   s2, mtval, a4
core   0: exception trap_illegal_instruction, epc 0x00000000800046e4
core   0:           tval 0x0000000034371973
core   0: >>>>  $xrv64i2p1_m2p0_a2p1_f2p2_d2p2_zicsr2p0_zifencei2p0_zmmul1p0_zba1p0_zbb1p0_zbc1p0_zbs1p0
core   0: 0x0000000080004000 (0x0080006f) j       pc + 0x8
core   0: 3 0x0000000080004000 (0x0080006f)
core   0: >>>>  mmode_exception_handler
core   0: 0x0000000080004008 (0x00002c17) auipc   s8, 0x2
core   0: 3 0x0000000080004008 (0x00002c17) x24 0x0000000080006008
core   0: 0x000000008000400c (0x050c0c13) addi    s8, s8, 80
core   0: 3 0x000000008000400c (0x050c0c13) x24 0x0000000080006058
core   0: 0x0000000080004010 (0x000c00e7) jalr    s8
core   0: 3 0x0000000080004010 (0x000c00e7) x1  0x0000000080004014
core   0: >>>>  any_handler
core   0: 0x0000000080006058 (0x341027f3) csrrs   a5, mepc, zero
core   0: 3 0x0000000080006058 (0x341027f3) x15 0x00000000800046e4
core   0: 0x000000008000605c (0x34202773) csrrs   a4, mcause, zero
core   0: 3 0x000000008000605c (0x34202773) x14 0x0000000000000002
core   0: 0x0000000080006060 (0x142026f3) csrrs   a3, scause, zero
core   0: 3 0x0000000080006060 (0x142026f3) x13 0x0000000000000000
core   0: 0x0000000080006064 (0x30402673) csrrs   a2, mie, zero
core   0: 3 0x0000000080006064 (0x30402673) x12 0x0000000000000a00
core   0: 0x0000000080006068 (0x344025f3) csrrs   a1, mip, zero
core   0: 3 0x0000000080006068 (0x344025f3) x11 0x0000000000000080
core   0: 0x000000008000606c (0x343025f3) csrrs   a1, mtval, zero
core   0: 3 0x000000008000606c (0x343025f3) x11 0x0000000034371973
core   0: 0x0000000080006070 (0x14302573) csrrs   a0, stval, zero
core   0: 3 0x0000000080006070 (0x14302573) x10 0x0000000000000000
core   0: 0x0000000080006074 (0xb02024f3) csrrs   s1, minstret, zero
core   0: 3 0x0000000080006074 (0xb02024f3) x9  0x00000000000009f6
core   0: 0x0000000080006078 (0x0000a811) c.j     pc + 20
core   0: 3 0x0000000080006078 (0xa811)
core   0: >>>>  mepc_4
core   0: 0x000000008000608c (0x00000791) c.addi  a5, 4
core   0: 3 0x000000008000608c (0x0791) x15 0x00000000800046e8
core   0: 0x000000008000608e (0x34179073) csrrw   zero, mepc, a5
core   0: 3 0x000000008000608e (0x34179073) c833_mepc 0x00000000800046e8
core   0: 0x0000000080006092 (0x30200073) mret
core   0: 3 0x0000000080006092 (0x30200073) c768_mstatus 0x8000000a00106080
core   0: 0x00000000800046e8 (0x00000001) c.nop
core   0: 1 0x00000000800046e8 (0x0001)
core   0: 0x00000000800046ea (0xd0367053) fcvt.s.lu ft0, a2
core   0: 1 0x00000000800046ea (0xd0367053) f0  0xffffffff45200000
core   0: 0x00000000800046ee (0x00cad93b) srlw    s2, s5, a2
core   0: 1 0x00000000800046ee (0x00cad93b) x18 0x0000000000000000
core   0: 0x00000000800046f2 (0x01ab5b33) srl     s6, s6, s10
core   0: 1 0x00000000800046f2 (0x01ab5b33) x22 0xffffffff84b2c000
core   0: 0x00000000800046f6 (0x00000001) c.nop
core   0: 1 0x00000000800046f6 (0x0001)
core   0: 0x00000000800046f8 (0x43fd5913) srai    s2, s10, 63
core   0: 1 0x00000000800046f8 (0x43fd5913) x18 0x0000000000000000
core   0: 0x00000000800046fc (0x40198633) sub     a2, s3, ra
core   0: 1 0x00000000800046fc (0x40198633) x12 0xffffffff7fffbfec
core   0: 0x0000000080004700 (0x012388bb) addw    a7, t2, s2
core   0: 1 0x0000000080004700 (0x012388bb) x17 0xffffffff8027fe06
core   0: 0x0000000080004704 (0x0288e433) rem     s0, a7, s0
core   0: 1 0x0000000080004704 (0x0288e433) x8  0xffffffffe027fe09
core   0: 0x0000000080004708 (0x02876b33) rem     s6, a4, s0
core   0: 1 0x0000000080004708 (0x02876b33) x22 0x0000000000000002
core   0: 0x000000008000470c (0x00000001) c.nop
core   0: 1 0x000000008000470c (0x0001)
core   0: 0x000000008000470e (0x0a5bfa53) fsub.d  fs4, fs7, ft5
core   0: 1 0x000000008000470e (0x0a5bfa53) f20 0x000000000003ce32
core   0: 0x0000000080004712 (0x020047b3) div     a5, zero, zero
core   0: 1 0x0000000080004712 (0x020047b3) x15 0xffffffffffffffff
core   0: 0x0000000080004716 (0x00000001) c.nop
core   0: 1 0x0000000080004716 (0x0001)
core   0: 0x0000000080004718 (0x02ec9b13) slli    s6, s9, 46
core   0: 1 0x0000000080004718 (0x02ec9b13) x22 0xec00400000000000
core   0: 0x000000008000471c (0x109ad697) auipc   a3, 0x109ad
core   0: 1 0x000000008000471c (0x109ad697) x13 0x00000000909b171c
core   0: 0x0000000080004720 (0x1a837453) fdiv.d  fs0, ft6, fs0
core   0: 1 0x0000000080004720 (0x1a837453) f8  0x7ff8000000000000
core   0: 0x0000000080004724 (0xd03b7353) fcvt.s.lu ft6, s6
core   0: 1 0x0000000080004724 (0xd03b7353) f6  0xffffffff5f6c0040
core   0: 0x0000000080004728 (0x5a0e7cd3) fsqrt.d fs9, ft8
core   0: 1 0x0000000080004728 (0x5a0e7cd3) f25 0x8000000000000000
core   0: 0x000000008000472c (0x23e31b53) fsgnjn.d fs6, ft6, ft10
core   0: 1 0x000000008000472c (0x23e31b53) f22 0x7fffffff5f6c0040
core   0: 0x0000000080004730 (0x03297933) remu    s2, s2, s2
core   0: 1 0x0000000080004730 (0x03297933) x18 0x0000000000000000
core   0: 0x0000000080004734 (0xd0277dd3) fcvt.s.l fs11, a4
core   0: 1 0x0000000080004734 (0xd0277dd3) f27 0xffffffff40000000
core   0: 0x0000000080004738 (0x00000001) c.nop
core   0: 1 0x0000000080004738 (0x0001)
core   0: 0x000000008000473a (0x4d672c17) auipc   s8, 0x4d672
core   0: 1 0x000000008000473a (0x4d672c17) x24 0x00000000cd67673a
core   0: 0x000000008000473e (0x40095a13) srai    s4, s2, 0
core   0: 1 0x000000008000473e (0x40095a13) x20 0x0000000000000000
core   0: 0x0000000080004742 (0x026247b7) lui     a5, 0x2624
core   0: 1 0x0000000080004742 (0x026247b7) x15 0x0000000002624000
core   0: 0x0000000080004746 (0x01c71ebb) sllw    t4, a4, t3
core   0: 1 0x0000000080004746 (0x01c71ebb) x29 0x0000000000000002
core   0: 0x000000008000474a (0x01c4d4bb) srlw    s1, s1, t3
core   0: 1 0x000000008000474a (0x01c4d4bb) x9  0x00000000000009f6
core   0: 0x000000008000474e (0x0f7e6d17) auipc   s10, 0xf7e6
core   0: 1 0x000000008000474e (0x0f7e6d17) x26 0x000000008f7ea74e
core   0: 0x0000000080004752 (0x0b6ff04b) fnmsub.d ft0, ft11, fs6, ft1
core   0: 1 0x0000000080004752 (0x0b6ff04b) f0  0x7ff8000000000000
core   0: 0x0000000080004756 (0x1b807c53) fdiv.d  fs8, ft0, fs8
core   0: 1 0x0000000080004756 (0x1b807c53) f24 0x7ff8000000000000
core   0: 0x000000008000475a (0xae8eee13) ori     t3, t4, -1304
core   0: 1 0x000000008000475a (0xae8eee13) x28 0xfffffffffffffaea
core   0: 0x000000008000475e (0xd02e7f53) fcvt.s.l ft10, t3
core   0: 1 0x000000008000475e (0xd02e7f53) f30 0xffffffffc4a2c000
core   0: 0x0000000080004762 (0x0004961b) slliw   a2, s1, 0
core   0: 1 0x0000000080004762 (0x0004961b) x12 0x00000000000009f6
core   0: 0x0000000080004766 (0xc03475d3) fcvt.lu.s a1, fs0
core   0: 1 0x0000000080004766 (0xc03475d3) c1_fflags 0x0000000000000011 x11 0xffffffffffffffff
core   0: 0x000000008000476a (0x0392eeb3) rem     t4, t0, s9
core   0: 1 0x000000008000476a (0x0392eeb3) x29 0x0000000000000001
core   0: 0x000000008000476e (0x00202df3) csrrs   s11, frm, zero
core   0: 1 0x000000008000476e (0x00202df3) x27 0x0000000000000001
core   0: 0x0000000080004772 (0x0013db1b) srliw   s6, t2, 1
core   0: 1 0x0000000080004772 (0x0013db1b) x22 0x000000004013ff03
core   0: 0x0000000080004776 (0x020bc4bb) divw    s1, s7, zero
core   0: 1 0x0000000080004776 (0x020bc4bb) x9  0xffffffffffffffff
core   0: 0x000000008000477a (0x015c2bb3) slt     s7, s8, s5
core   0: 1 0x000000008000477a (0x015c2bb3) x23 0x0000000000000000
core   0: 0x000000008000477e (0x74e02397) auipc   t2, 0x74e02
core   0: 1 0x000000008000477e (0x74e02397) x7  0x00000000f4e0677e
core   0: 0x0000000080004782 (0x030b1833) mulh    a6, s6, a6
core   0: 1 0x0000000080004782 (0x030b1833) x16 0x0000000000000000
core   0: 0x0000000080004786 (0xd9fe8a9b) addiw   s5, t4, -609
core   0: 1 0x0000000080004786 (0xd9fe8a9b) x21 0xfffffffffffffda0
core   0: 0x000000008000478a (0x306a6073) csrrsi  zero, mcounteren, 20
core   0: exception trap_illegal_instruction, epc 0x000000008000478a
core   0:           tval 0x00000000306a6073
core   0: >>>>  $xrv64i2p1_m2p0_a2p1_f2p2_d2p2_zicsr2p0_zifencei2p0_zmmul1p0_zba1p0_zbb1p0_zbc1p0_zbs1p0
core   0: 0x0000000080004000 (0x0080006f) j       pc + 0x8
core   0: 3 0x0000000080004000 (0x0080006f)
core   0: >>>>  mmode_exception_handler
core   0: 0x0000000080004008 (0x00002c17) auipc   s8, 0x2
core   0: 3 0x0000000080004008 (0x00002c17) x24 0x0000000080006008
core   0: 0x000000008000400c (0x050c0c13) addi    s8, s8, 80
core   0: 3 0x000000008000400c (0x050c0c13) x24 0x0000000080006058
core   0: 0x0000000080004010 (0x000c00e7) jalr    s8
core   0: 3 0x0000000080004010 (0x000c00e7) x1  0x0000000080004014
core   0: >>>>  any_handler
core   0: 0x0000000080006058 (0x341027f3) csrrs   a5, mepc, zero
core   0: 3 0x0000000080006058 (0x341027f3) x15 0x000000008000478a
core   0: 0x000000008000605c (0x34202773) csrrs   a4, mcause, zero
core   0: 3 0x000000008000605c (0x34202773) x14 0x0000000000000002
core   0: 0x0000000080006060 (0x142026f3) csrrs   a3, scause, zero
core   0: 3 0x0000000080006060 (0x142026f3) x13 0x0000000000000000
core   0: 0x0000000080006064 (0x30402673) csrrs   a2, mie, zero
core   0: 3 0x0000000080006064 (0x30402673) x12 0x0000000000000a00
core   0: 0x0000000080006068 (0x344025f3) csrrs   a1, mip, zero
core   0: 3 0x0000000080006068 (0x344025f3) x11 0x0000000000000080
core   0: 0x000000008000606c (0x343025f3) csrrs   a1, mtval, zero
core   0: 3 0x000000008000606c (0x343025f3) x11 0x00000000306a6073
core   0: 0x0000000080006070 (0x14302573) csrrs   a0, stval, zero
core   0: 3 0x0000000080006070 (0x14302573) x10 0x0000000000000000
core   0: 0x0000000080006074 (0xb02024f3) csrrs   s1, minstret, zero
core   0: 3 0x0000000080006074 (0xb02024f3) x9  0x0000000000000a31
core   0: 0x0000000080006078 (0x0000a811) c.j     pc + 20
core   0: 3 0x0000000080006078 (0xa811)
core   0: >>>>  mepc_4
core   0: 0x000000008000608c (0x00000791) c.addi  a5, 4
core   0: 3 0x000000008000608c (0x0791) x15 0x000000008000478e
core   0: 0x000000008000608e (0x34179073) csrrw   zero, mepc, a5
core   0: 3 0x000000008000608e (0x34179073) c833_mepc 0x000000008000478e
core   0: 0x0000000080006092 (0x30200073) mret
core   0: 3 0x0000000080006092 (0x30200073) c768_mstatus 0x8000000a00106080
core   0: 0x000000008000478e (0x02fba533) mulhsu  a0, s7, a5
core   0: 1 0x000000008000478e (0x02fba533) x10 0x0000000000000000
core   0: 0x0000000080004792 (0x019cd9bb) srlw    s3, s9, s9
core   0: 1 0x0000000080004792 (0x019cd9bb) x19 0x00000000496dd800
core   0: 0x0000000080004796 (0x00306537) lui     a0, 0x306
core   0: 1 0x0000000080004796 (0x00306537) x10 0x0000000000306000
core   0: 0x000000008000479a (0x5935051b) addiw   a0, a0, 1427
core   0: 1 0x000000008000479a (0x5935051b) x10 0x0000000000306593
core   0: 0x000000008000479e (0x00000532) c.slli  a0, 12
core   0: 1 0x000000008000479e (0x0532) x10 0x0000000306593000
core   0: 0x00000000800047a0 (0xf9c50513) addi    a0, a0, -100
core   0: 1 0x00000000800047a0 (0xf9c50513) x10 0x0000000306592f9c
core   0: 0x00000000800047a4 (0xb36b4993) xori    s3, s6, -1226
core   0: 1 0x00000000800047a4 (0xb36b4993) x19 0xffffffffbfec0435
core   0: 0x00000000800047a8 (0x02a2f13b) remuw   sp, t0, a0
core   0: 1 0x00000000800047a8 (0x02a2f13b) x2  0x0000000000000001
core   0: 0x00000000800047ac (0x02b15c13) srli    s8, sp, 43
core   0: 1 0x00000000800047ac (0x02b15c13) x24 0x0000000000000000
core   0: 0x00000000800047b0 (0xc02df053) fcvt.l.s zero, fs11
core   0: 1 0x00000000800047b0 (0xc02df053)
core   0: 0x00000000800047b4 (0x00202ef3) csrrs   t4, frm, zero
core   0: 1 0x00000000800047b4 (0x00202ef3) x29 0x0000000000000001
core   0: 0x00000000800047b8 (0x41aadd3b) sraw    s10, s5, s10
core   0: 1 0x00000000800047b8 (0x41aadd3b) x26 0xffffffffffffffff
core   0: 0x00000000800047bc (0xd02d7053) fcvt.s.l ft0, s10
core   0: 1 0x00000000800047bc (0xd02d7053) f0  0xffffffffbf800000
core   0: 0x00000000800047c0 (0x22b11bd3) fsgnjn.d fs7, ft2, fa1
core   0: 1 0x00000000800047c0 (0x22b11bd3) f23 0xc1ee719612000000
core   0: 0x00000000800047c4 (0x9a12c893) xori    a7, t0, -1631
core   0: 1 0x00000000800047c4 (0x9a12c893) x17 0xfffffffffffff9a0
core   0: 0x00000000800047c8 (0x02b4a233) mulhsu  tp, s1, a1
core   0: 1 0x00000000800047c8 (0x02b4a233) x4  0x0000000000000000
core   0: 0x00000000800047cc (0x0202f2cf) fnmadd.d ft5, ft5, ft0, ft0
core   0: 1 0x00000000800047cc (0x0202f2cf) f5  0x7ff8000000000000
core   0: 0x00000000800047d0 (0x342066f3) csrrsi  a3, mcause, 0
core   0: exception trap_illegal_instruction, epc 0x00000000800047d0
core   0:           tval 0x00000000342066f3
core   0: >>>>  $xrv64i2p1_m2p0_a2p1_f2p2_d2p2_zicsr2p0_zifencei2p0_zmmul1p0_zba1p0_zbb1p0_zbc1p0_zbs1p0
core   0: 0x0000000080004000 (0x0080006f) j       pc + 0x8
core   0: 3 0x0000000080004000 (0x0080006f)
core   0: >>>>  mmode_exception_handler
core   0: 0x0000000080004008 (0x00002c17) auipc   s8, 0x2
core   0: 3 0x0000000080004008 (0x00002c17) x24 0x0000000080006008
core   0: 0x000000008000400c (0x050c0c13) addi    s8, s8, 80
core   0: 3 0x000000008000400c (0x050c0c13) x24 0x0000000080006058
core   0: 0x0000000080004010 (0x000c00e7) jalr    s8
core   0: 3 0x0000000080004010 (0x000c00e7) x1  0x0000000080004014
core   0: >>>>  any_handler
core   0: 0x0000000080006058 (0x341027f3) csrrs   a5, mepc, zero
core   0: 3 0x0000000080006058 (0x341027f3) x15 0x00000000800047d0
core   0: 0x000000008000605c (0x34202773) csrrs   a4, mcause, zero
core   0: 3 0x000000008000605c (0x34202773) x14 0x0000000000000002
core   0: 0x0000000080006060 (0x142026f3) csrrs   a3, scause, zero
core   0: 3 0x0000000080006060 (0x142026f3) x13 0x0000000000000000
core   0: 0x0000000080006064 (0x30402673) csrrs   a2, mie, zero
core   0: 3 0x0000000080006064 (0x30402673) x12 0x0000000000000a00
core   0: 0x0000000080006068 (0x344025f3) csrrs   a1, mip, zero
core   0: 3 0x0000000080006068 (0x344025f3) x11 0x0000000000000080
core   0: 0x000000008000606c (0x343025f3) csrrs   a1, mtval, zero
core   0: 3 0x000000008000606c (0x343025f3) x11 0x00000000342066f3
core   0: 0x0000000080006070 (0x14302573) csrrs   a0, stval, zero
core   0: 3 0x0000000080006070 (0x14302573) x10 0x0000000000000000
core   0: 0x0000000080006074 (0xb02024f3) csrrs   s1, minstret, zero
core   0: 3 0x0000000080006074 (0xb02024f3) x9  0x0000000000000a52
core   0: 0x0000000080006078 (0x0000a811) c.j     pc + 20
core   0: 3 0x0000000080006078 (0xa811)
core   0: >>>>  mepc_4
core   0: 0x000000008000608c (0x00000791) c.addi  a5, 4
core   0: 3 0x000000008000608c (0x0791) x15 0x00000000800047d4
core   0: 0x000000008000608e (0x34179073) csrrw   zero, mepc, a5
core   0: 3 0x000000008000608e (0x34179073) c833_mepc 0x00000000800047d4
core   0: 0x0000000080006092 (0x30200073) mret
core   0: 3 0x0000000080006092 (0x30200073) c768_mstatus 0x8000000a00106080
core   0: 0x00000000800047d4 (0x2bc08c53) fmin.d  fs8, ft1, ft8
core   0: 1 0x00000000800047d4 (0x2bc08c53) f24 0x8000000000000000
core   0: 0x00000000800047d8 (0x7b08edf3) csrrsi  s11, dcsr, 17
core   0: exception trap_illegal_instruction, epc 0x00000000800047d8
core   0:           tval 0x000000007b08edf3
core   0: >>>>  $xrv64i2p1_m2p0_a2p1_f2p2_d2p2_zicsr2p0_zifencei2p0_zmmul1p0_zba1p0_zbb1p0_zbc1p0_zbs1p0
core   0: 0x0000000080004000 (0x0080006f) j       pc + 0x8
core   0: 3 0x0000000080004000 (0x0080006f)
core   0: >>>>  mmode_exception_handler
core   0: 0x0000000080004008 (0x00002c17) auipc   s8, 0x2
core   0: 3 0x0000000080004008 (0x00002c17) x24 0x0000000080006008
core   0: 0x000000008000400c (0x050c0c13) addi    s8, s8, 80
core   0: 3 0x000000008000400c (0x050c0c13) x24 0x0000000080006058
core   0: 0x0000000080004010 (0x000c00e7) jalr    s8
core   0: 3 0x0000000080004010 (0x000c00e7) x1  0x0000000080004014
core   0: >>>>  any_handler
core   0: 0x0000000080006058 (0x341027f3) csrrs   a5, mepc, zero
core   0: 3 0x0000000080006058 (0x341027f3) x15 0x00000000800047d8
core   0: 0x000000008000605c (0x34202773) csrrs   a4, mcause, zero
core   0: 3 0x000000008000605c (0x34202773) x14 0x0000000000000002
core   0: 0x0000000080006060 (0x142026f3) csrrs   a3, scause, zero
core   0: 3 0x0000000080006060 (0x142026f3) x13 0x0000000000000000
core   0: 0x0000000080006064 (0x30402673) csrrs   a2, mie, zero
core   0: 3 0x0000000080006064 (0x30402673) x12 0x0000000000000a00
core   0: 0x0000000080006068 (0x344025f3) csrrs   a1, mip, zero
core   0: 3 0x0000000080006068 (0x344025f3) x11 0x0000000000000080
core   0: 0x000000008000606c (0x343025f3) csrrs   a1, mtval, zero
core   0: 3 0x000000008000606c (0x343025f3) x11 0x000000007b08edf3
core   0: 0x0000000080006070 (0x14302573) csrrs   a0, stval, zero
core   0: 3 0x0000000080006070 (0x14302573) x10 0x0000000000000000
core   0: 0x0000000080006074 (0xb02024f3) csrrs   s1, minstret, zero
core   0: 3 0x0000000080006074 (0xb02024f3) x9  0x0000000000000a63
core   0: 0x0000000080006078 (0x0000a811) c.j     pc + 20
core   0: 3 0x0000000080006078 (0xa811)
core   0: >>>>  mepc_4
core   0: 0x000000008000608c (0x00000791) c.addi  a5, 4
core   0: 3 0x000000008000608c (0x0791) x15 0x00000000800047dc
core   0: 0x000000008000608e (0x34179073) csrrw   zero, mepc, a5
core   0: 3 0x000000008000608e (0x34179073) c833_mepc 0x00000000800047dc
core   0: 0x0000000080006092 (0x30200073) mret
core   0: 3 0x0000000080006092 (0x30200073) c768_mstatus 0x8000000a00106080
core   0: 0x00000000800047dc (0x685c4e13) xori    t3, s8, 1669
core   0: 1 0x00000000800047dc (0x685c4e13) x28 0x00000000800066dd
core   0: 0x00000000800047e0 (0x01c2161b) slliw   a2, tp, 28
core   0: 1 0x00000000800047e0 (0x01c2161b) x12 0x0000000000000000
core   0: 0x00000000800047e4 (0xa0f5c293) xori    t0, a1, -1521
core   0: 1 0x00000000800047e4 (0xa0f5c293) x5  0xffffffff84f717fc
core   0: 0x00000000800047e8 (0x03642733) mulhsu  a4, s0, s6
core   0: 1 0x00000000800047e8 (0x03642733) x14 0xffffffffffffffff
core   0: 0x00000000800047ec (0x0b61f653) fsub.d  fa2, ft3, fs6
core   0: 1 0x00000000800047ec (0x0b61f653) f12 0x7ff8000000000000
core   0: 0x00000000800047f0 (0x00109a73) csrrw   s4, fflags, ra
core   0: 1 0x00000000800047f0 (0x00109a73) x20 0x0000000000000011 c1_fflags 0x0000000000000014
core   0: 0x00000000800047f4 (0xc21674d3) fcvt.wu.d s1, fa2
core   0: 1 0x00000000800047f4 (0xc21674d3) c1_fflags 0x0000000000000014 x9  0xffffffffffffffff
core   0: 0x00000000800047f8 (0x02a91713) slli    a4, s2, 42
core   0: 1 0x00000000800047f8 (0x02a91713) x14 0x0000000000000000
core   0: 0x00000000800047fc (0x00a12233) slt     tp, sp, a0
core   0: 1 0x00000000800047fc (0x00a12233) x4  0x0000000000000000
core   0: 0x0000000080004800 (0x401ffdd3) fcvt.s.d fs11, ft11
core   0: 1 0x0000000080004800 (0x401ffdd3) f27 0xffffffff7fc00000
core   0: 0x0000000080004804 (0xc03df553) fcvt.lu.s a0, fs11
core   0: 1 0x0000000080004804 (0xc03df553) c1_fflags 0x0000000000000014 x10 0xffffffffffffffff
core   0: 0x0000000080004808 (0x42975213) srai    tp, a4, 41
core   0: 1 0x0000000080004808 (0x42975213) x4  0x0000000000000000
core   0: 0x000000008000480c (0x00318133) add     sp, gp, gp
core   0: 1 0x000000008000480c (0x00318133) x2  0x0000000000000000
core   0: 0x0000000080004810 (0xc2077bd3) fcvt.w.d s7, fa4
core   0: 1 0x0000000080004810 (0xc2077bd3) c1_fflags 0x0000000000000014 x23 0x000000007fffffff
core   0: 0x0000000080004814 (0x0252ab33) mulhsu  s6, t0, t0
core   0: 1 0x0000000080004814 (0x0252ab33) x22 0xffffffff84f717fc
core   0: 0x0000000080004818 (0x7aad77cf) fnmadd.d fa5, fs10, fa0, fa5
core   0: 1 0x0000000080004818 (0x7aad77cf) f15 0x7ff8000000000000
core   0: 0x000000008000481c (0x310b9a73) csrrw   s4, mstatush, s7
core   0: exception trap_illegal_instruction, epc 0x000000008000481c
core   0:           tval 0x00000000310b9a73
core   0: >>>>  $xrv64i2p1_m2p0_a2p1_f2p2_d2p2_zicsr2p0_zifencei2p0_zmmul1p0_zba1p0_zbb1p0_zbc1p0_zbs1p0
core   0: 0x0000000080004000 (0x0080006f) j       pc + 0x8
core   0: 3 0x0000000080004000 (0x0080006f)
core   0: >>>>  mmode_exception_handler
core   0: 0x0000000080004008 (0x00002c17) auipc   s8, 0x2
core   0: 3 0x0000000080004008 (0x00002c17) x24 0x0000000080006008
core   0: 0x000000008000400c (0x050c0c13) addi    s8, s8, 80
core   0: 3 0x000000008000400c (0x050c0c13) x24 0x0000000080006058
core   0: 0x0000000080004010 (0x000c00e7) jalr    s8
core   0: 3 0x0000000080004010 (0x000c00e7) x1  0x0000000080004014
core   0: >>>>  any_handler
core   0: 0x0000000080006058 (0x341027f3) csrrs   a5, mepc, zero
core   0: 3 0x0000000080006058 (0x341027f3) x15 0x000000008000481c
core   0: 0x000000008000605c (0x34202773) csrrs   a4, mcause, zero
core   0: 3 0x000000008000605c (0x34202773) x14 0x0000000000000002
core   0: 0x0000000080006060 (0x142026f3) csrrs   a3, scause, zero
core   0: 3 0x0000000080006060 (0x142026f3) x13 0x0000000000000000
core   0: 0x0000000080006064 (0x30402673) csrrs   a2, mie, zero
core   0: 3 0x0000000080006064 (0x30402673) x12 0x0000000000000a00
core   0: 0x0000000080006068 (0x344025f3) csrrs   a1, mip, zero
core   0: 3 0x0000000080006068 (0x344025f3) x11 0x0000000000000080
core   0: 0x000000008000606c (0x343025f3) csrrs   a1, mtval, zero
core   0: 3 0x000000008000606c (0x343025f3) x11 0x00000000310b9a73
core   0: 0x0000000080006070 (0x14302573) csrrs   a0, stval, zero
core   0: 3 0x0000000080006070 (0x14302573) x10 0x0000000000000000
core   0: 0x0000000080006074 (0xb02024f3) csrrs   s1, minstret, zero
core   0: 3 0x0000000080006074 (0xb02024f3) x9  0x0000000000000a83
core   0: 0x0000000080006078 (0x0000a811) c.j     pc + 20
core   0: 3 0x0000000080006078 (0xa811)
core   0: >>>>  mepc_4
core   0: 0x000000008000608c (0x00000791) c.addi  a5, 4
core   0: 3 0x000000008000608c (0x0791) x15 0x0000000080004820
core   0: 0x000000008000608e (0x34179073) csrrw   zero, mepc, a5
core   0: 3 0x000000008000608e (0x34179073) c833_mepc 0x0000000080004820
core   0: 0x0000000080006092 (0x30200073) mret
core   0: 3 0x0000000080006092 (0x30200073) c768_mstatus 0x8000000a00106080
core   0: 0x0000000080004820 (0x595f4d17) auipc   s10, 0x595f4
core   0: 1 0x0000000080004820 (0x595f4d17) x26 0x00000000d95f8820
core   0: 0x0000000080004824 (0x01ccd513) srli    a0, s9, 28
core   0: 1 0x0000000080004824 (0x01ccd513) x10 0x0000000ffffffff9
core   0: 0x0000000080004828 (0x005612bb) sllw    t0, a2, t0
core   0: 1 0x0000000080004828 (0x005612bb) x5  0x0000000000000000
core   0: 0x000000008000482c (0x3402a073) csrrs   zero, mscratch, t0
core   0: exception trap_illegal_instruction, epc 0x000000008000482c
core   0:           tval 0x000000003402a073
core   0: >>>>  $xrv64i2p1_m2p0_a2p1_f2p2_d2p2_zicsr2p0_zifencei2p0_zmmul1p0_zba1p0_zbb1p0_zbc1p0_zbs1p0
core   0: 0x0000000080004000 (0x0080006f) j       pc + 0x8
core   0: 3 0x0000000080004000 (0x0080006f)
core   0: >>>>  mmode_exception_handler
core   0: 0x0000000080004008 (0x00002c17) auipc   s8, 0x2
core   0: 3 0x0000000080004008 (0x00002c17) x24 0x0000000080006008
core   0: 0x000000008000400c (0x050c0c13) addi    s8, s8, 80
core   0: 3 0x000000008000400c (0x050c0c13) x24 0x0000000080006058
core   0: 0x0000000080004010 (0x000c00e7) jalr    s8
core   0: 3 0x0000000080004010 (0x000c00e7) x1  0x0000000080004014
core   0: >>>>  any_handler
core   0: 0x0000000080006058 (0x341027f3) csrrs   a5, mepc, zero
core   0: 3 0x0000000080006058 (0x341027f3) x15 0x000000008000482c
core   0: 0x000000008000605c (0x34202773) csrrs   a4, mcause, zero
core   0: 3 0x000000008000605c (0x34202773) x14 0x0000000000000002
core   0: 0x0000000080006060 (0x142026f3) csrrs   a3, scause, zero
core   0: 3 0x0000000080006060 (0x142026f3) x13 0x0000000000000000
core   0: 0x0000000080006064 (0x30402673) csrrs   a2, mie, zero
core   0: 3 0x0000000080006064 (0x30402673) x12 0x0000000000000a00
core   0: 0x0000000080006068 (0x344025f3) csrrs   a1, mip, zero
core   0: 3 0x0000000080006068 (0x344025f3) x11 0x0000000000000080
core   0: 0x000000008000606c (0x343025f3) csrrs   a1, mtval, zero
core   0: 3 0x000000008000606c (0x343025f3) x11 0x000000003402a073
core   0: 0x0000000080006070 (0x14302573) csrrs   a0, stval, zero
core   0: 3 0x0000000080006070 (0x14302573) x10 0x0000000000000000
core   0: 0x0000000080006074 (0xb02024f3) csrrs   s1, minstret, zero
core   0: 3 0x0000000080006074 (0xb02024f3) x9  0x0000000000000a96
core   0: 0x0000000080006078 (0x0000a811) c.j     pc + 20
core   0: 3 0x0000000080006078 (0xa811)
core   0: >>>>  mepc_4
core   0: 0x000000008000608c (0x00000791) c.addi  a5, 4
core   0: 3 0x000000008000608c (0x0791) x15 0x0000000080004830
core   0: 0x000000008000608e (0x34179073) csrrw   zero, mepc, a5
core   0: 3 0x000000008000608e (0x34179073) c833_mepc 0x0000000080004830
core   0: 0x0000000080006092 (0x30200073) mret
core   0: 3 0x0000000080006092 (0x30200073) c768_mstatus 0x8000000a00106080
core   0: 0x0000000080004830 (0x01b64733) xor     a4, a2, s11
core   0: 1 0x0000000080004830 (0x01b64733) x14 0x0000000000000a01
core   0: 0x0000000080004834 (0x00202d73) csrrs   s10, frm, zero
core   0: 1 0x0000000080004834 (0x00202d73) x26 0x0000000000000001
core   0: 0x0000000080004838 (0x409505b3) sub     a1, a0, s1
core   0: 1 0x0000000080004838 (0x409505b3) x11 0xfffffffffffff56a
core   0: 0x000000008000483c (0x0171c533) xor     a0, gp, s7
core   0: 1 0x000000008000483c (0x0171c533) x10 0x000000007fffffff
core   0: 0x0000000080004840 (0x02cc57bb) divuw   a5, s8, a2
core   0: 1 0x0000000080004840 (0x02cc57bb) x15 0x00000000000cccd6
core   0: 0x0000000080004844 (0x03a26733) rem     a4, tp, s10
core   0: 1 0x0000000080004844 (0x03a26733) x14 0x0000000000000000
core   0: 0x0000000080004848 (0xe2050553) fmv.x.d a0, fa0
core   0: 1 0x0000000080004848 (0xe2050553) x10 0x0000000000000000
core   0: 0x000000008000484c (0x2352aad3) fsgnjx.d fs5, ft5, fs5
core   0: 1 0x000000008000484c (0x2352aad3) f21 0xfff8000000000000
core   0: 0x0000000080004850 (0x44c2881b) addiw   a6, t0, 1100
core   0: 1 0x0000000080004850 (0x44c2881b) x16 0x000000000000044c
core   0: 0x0000000080004854 (0x03a31c93) slli    s9, t1, 58
core   0: 1 0x0000000080004854 (0x03a31c93) x25 0x9800000000000000
core   0: 0x0000000080004858 (0x001b0613) addi    a2, s6, 1
core   0: 1 0x0000000080004858 (0x001b0613) x12 0xffffffff84f717fd
core   0: 0x000000008000485c (0x024240b3) div     ra, tp, tp
core   0: 1 0x000000008000485c (0x024240b3) x1  0xffffffffffffffff
core   0: 0x0000000080004860 (0xf1308493) addi    s1, ra, -237
core   0: 1 0x0000000080004860 (0xf1308493) x9  0xffffffffffffff12
core   0: 0x0000000080004864 (0x0124ca33) xor     s4, s1, s2
core   0: 1 0x0000000080004864 (0x0124ca33) x20 0xffffffffffffff12
core   0: 0x0000000080004868 (0x0164ca33) xor     s4, s1, s6
core   0: 1 0x0000000080004868 (0x0164ca33) x20 0x000000007b08e8ee
core   0: 0x000000008000486c (0x0294e8b3) rem     a7, s1, s1
core   0: 1 0x000000008000486c (0x0294e8b3) x17 0x0000000000000000
core   0: 0x0000000080004870 (0x007a1e13) slli    t3, s4, 7
core   0: 1 0x0000000080004870 (0x007a1e13) x28 0x0000003d84747700
core   0: 0x0000000080004874 (0x00d28ebb) addw    t4, t0, a3
core   0: 1 0x0000000080004874 (0x00d28ebb) x29 0x0000000000000000
core   0: 0x0000000080004878 (0x03dec53b) divw    a0, t4, t4
core   0: 1 0x0000000080004878 (0x03dec53b) x10 0xffffffffffffffff
core   0: 0x000000008000487c (0xa2528453) fle.d   s0, ft5, ft5
core   0: 1 0x000000008000487c (0xa2528453) c1_fflags 0x0000000000000014 x8  0x0000000000000000
core   0: 0x0000000080004880 (0x40d356bb) sraw    a3, t1, a3
core   0: 1 0x0000000080004880 (0x40d356bb) x13 0x00000000000003e6
core   0: 0x0000000080004884 (0x12f7fed3) fmul.d  ft9, fa5, fa5
core   0: 1 0x0000000080004884 (0x12f7fed3) f29 0x7ff8000000000000
core   0: 0x0000000080004888 (0x00c342b3) xor     t0, t1, a2
core   0: 1 0x0000000080004888 (0x00c342b3) x5  0xffffffff84f7141b
core   0: 0x000000008000488c (0xc20ef453) fcvt.w.d s0, ft9
core   0: 1 0x000000008000488c (0xc20ef453) c1_fflags 0x0000000000000014 x8  0x000000007fffffff
core   0: 0x0000000080004890 (0x0283f4bb) remuw   s1, t2, s0
core   0: 1 0x0000000080004890 (0x0283f4bb) x9  0x0000000074e0677f
core   0: 0x0000000080004894 (0x40157353) fcvt.s.d ft6, fa0
core   0: 1 0x0000000080004894 (0x40157353) f6  0xffffffff00000000
core   0: 0x0000000080004898 (0x342055f3) csrrwi  a1, mcause, 0
core   0: exception trap_illegal_instruction, epc 0x0000000080004898
core   0:           tval 0x00000000342055f3
core   0: >>>>  $xrv64i2p1_m2p0_a2p1_f2p2_d2p2_zicsr2p0_zifencei2p0_zmmul1p0_zba1p0_zbb1p0_zbc1p0_zbs1p0
core   0: 0x0000000080004000 (0x0080006f) j       pc + 0x8
core   0: 3 0x0000000080004000 (0x0080006f)
core   0: >>>>  mmode_exception_handler
core   0: 0x0000000080004008 (0x00002c17) auipc   s8, 0x2
core   0: 3 0x0000000080004008 (0x00002c17) x24 0x0000000080006008
core   0: 0x000000008000400c (0x050c0c13) addi    s8, s8, 80
core   0: 3 0x000000008000400c (0x050c0c13) x24 0x0000000080006058
core   0: 0x0000000080004010 (0x000c00e7) jalr    s8
core   0: 3 0x0000000080004010 (0x000c00e7) x1  0x0000000080004014
core   0: >>>>  any_handler
core   0: 0x0000000080006058 (0x341027f3) csrrs   a5, mepc, zero
core   0: 3 0x0000000080006058 (0x341027f3) x15 0x0000000080004898
core   0: 0x000000008000605c (0x34202773) csrrs   a4, mcause, zero
core   0: 3 0x000000008000605c (0x34202773) x14 0x0000000000000002
core   0: 0x0000000080006060 (0x142026f3) csrrs   a3, scause, zero
core   0: 3 0x0000000080006060 (0x142026f3) x13 0x0000000000000000
core   0: 0x0000000080006064 (0x30402673) csrrs   a2, mie, zero
core   0: 3 0x0000000080006064 (0x30402673) x12 0x0000000000000a00
core   0: 0x0000000080006068 (0x344025f3) csrrs   a1, mip, zero
core   0: 3 0x0000000080006068 (0x344025f3) x11 0x0000000000000080
core   0: 0x000000008000606c (0x343025f3) csrrs   a1, mtval, zero
core   0: 3 0x000000008000606c (0x343025f3) x11 0x00000000342055f3
core   0: 0x0000000080006070 (0x14302573) csrrs   a0, stval, zero
core   0: 3 0x0000000080006070 (0x14302573) x10 0x0000000000000000
core   0: 0x0000000080006074 (0xb02024f3) csrrs   s1, minstret, zero
core   0: 3 0x0000000080006074 (0xb02024f3) x9  0x0000000000000ac0
core   0: 0x0000000080006078 (0x0000a811) c.j     pc + 20
core   0: 3 0x0000000080006078 (0xa811)
core   0: >>>>  mepc_4
core   0: 0x000000008000608c (0x00000791) c.addi  a5, 4
core   0: 3 0x000000008000608c (0x0791) x15 0x000000008000489c
core   0: 0x000000008000608e (0x34179073) csrrw   zero, mepc, a5
core   0: 3 0x000000008000608e (0x34179073) c833_mepc 0x000000008000489c
core   0: 0x0000000080006092 (0x30200073) mret
core   0: 3 0x0000000080006092 (0x30200073) c768_mstatus 0x8000000a00106080
core   0: 0x000000008000489c (0x0008d41b) srliw   s0, a7, 0
core   0: 1 0x000000008000489c (0x0008d41b) x8  0x0000000000000000
core   0: 0x00000000800048a0 (0x0395f4d3) fadd.d  fs1, fa1, fs9
core   0: 1 0x00000000800048a0 (0x0395f4d3) f9  0x7ff8000000000000
core   0: 0x00000000800048a4 (0x000a931b) slliw   t1, s5, 0
core   0: 1 0x00000000800048a4 (0x000a931b) x6  0xfffffffffffffda0
core   0: 0x00000000800048a8 (0xd02477d3) fcvt.s.l fa5, s0
core   0: 1 0x00000000800048a8 (0xd02477d3) f15 0xffffffff00000000
core   0: 0x00000000800048ac (0xe2048e53) fmv.x.d t3, fs1
core   0: 1 0x00000000800048ac (0xe2048e53) x28 0x7ff8000000000000
core   0: 0x00000000800048b0 (0x0161969b) slliw   a3, gp, 22
core   0: 1 0x00000000800048b0 (0x0161969b) x13 0x0000000000000000
core   0: 0x00000000800048b4 (0x2a991dd3) fmax.d  fs11, fs2, fs1
core   0: 1 0x00000000800048b4 (0x2a991dd3) f27 0x7ff8000000000000
core   0: 0x00000000800048b8 (0x0b74f053) fsub.d  ft0, fs1, fs7
core   0: 1 0x00000000800048b8 (0x0b74f053) f0  0x7ff8000000000000
core   0: 0x00000000800048bc (0x00c14eb3) xor     t4, sp, a2
core   0: 1 0x00000000800048bc (0x00c14eb3) x29 0x0000000000000a00
core   0: 0x00000000800048c0 (0x7bb07d4b) fnmsub.d fs10, ft0, fs11, fa5
core   0: 1 0x00000000800048c0 (0x7bb07d4b) f26 0x7ff8000000000000
core   0: 0x00000000800048c4 (0xfff6e113) ori     sp, a3, -1
core   0: 1 0x00000000800048c4 (0xfff6e113) x2  0xffffffffffffffff
core   0: 0x00000000800048c8 (0x0ff0000f) fence   iorw,iorw
core   0: 1 0x00000000800048c8 (0x0ff0000f)
core   0: 0x00000000800048cc (0x009a5a3b) srlw    s4, s4, s1
core   0: 1 0x00000000800048cc (0x009a5a3b) x20 0x000000007b08e8ee
core   0: 0x00000000800048d0 (0xc20df0d3) fcvt.w.d ra, fs11
core   0: 1 0x00000000800048d0 (0xc20df0d3) c1_fflags 0x0000000000000014 x1  0x000000007fffffff
core   0: 0x00000000800048d4 (0x0000936e) c.add   t1, s11
core   0: 1 0x00000000800048d4 (0x936e) x6  0xfffffffffffffda1
core   0: 0x00000000800048d6 (0x800dca93) xori    s5, s11, -2048
core   0: 1 0x00000000800048d6 (0x800dca93) x21 0xfffffffffffff801
core   0: 0x00000000800048da (0x0023d133) srl     sp, t2, sp
core   0: 1 0x00000000800048da (0x0023d133) x2  0x0000000000000000
core   0: 0x00000000800048de (0x230babd3) fsgnjx.d fs7, fs7, fa6
core   0: 1 0x00000000800048de (0x230babd3) f23 0xc1ee719612000000
core   0: 0x00000000800048e2 (0x02ebc43b) divw    s0, s7, a4
core   0: 1 0x00000000800048e2 (0x02ebc43b) x8  0x000000003fffffff
core   0: 0x00000000800048e6 (0x9ccdd7b7) lui     a5, 0x9ccdd
core   0: 1 0x00000000800048e6 (0x9ccdd7b7) x15 0xffffffff9ccdd000
core   0: 0x00000000800048ea (0x02da76bb) remuw   a3, s4, a3
core   0: 1 0x00000000800048ea (0x02da76bb) x13 0x000000007b08e8ee
core   0: 0x00000000800048ee (0x00069113) slli    sp, a3, 0
core   0: 1 0x00000000800048ee (0x00069113) x2  0x000000007b08e8ee
core   0: 0x00000000800048f2 (0x0001891b) sext.w  s2, gp
core   0: 1 0x00000000800048f2 (0x0001891b) x18 0x0000000000000000
core   0: 0x00000000800048f6 (0xa3bc0553) fle.d   a0, fs8, fs11
core   0: 1 0x00000000800048f6 (0xa3bc0553) c1_fflags 0x0000000000000014 x10 0x0000000000000000
core   0: 0x00000000800048fa (0x13eef753) fmul.d  fa4, ft9, ft10
core   0: 1 0x00000000800048fa (0x13eef753) f14 0x7ff8000000000000
core   0: 0x00000000800048fe (0xc03d73d3) fcvt.lu.s t2, fs10
core   0: 1 0x00000000800048fe (0xc03d73d3) c1_fflags 0x0000000000000014 x7  0xffffffffffffffff
core   0: 0x0000000080004902 (0xc03d72d3) fcvt.lu.s t0, fs10
core   0: 1 0x0000000080004902 (0xc03d72d3) c1_fflags 0x0000000000000014 x5  0xffffffffffffffff
core   0: 0x0000000080004906 (0x034773d3) fadd.d  ft7, fa4, fs4
core   0: 1 0x0000000080004906 (0x034773d3) f7  0x7ff8000000000000
core   0: 0x000000008000490a (0x0381fad3) fadd.d  fs5, ft3, fs8
core   0: 1 0x000000008000490a (0x0381fad3) f21 0x41ee719612000000
core   0: 0x000000008000490e (0x1432d473) csrrwi  s0, stval, 5
core   0: 1 0x000000008000490e (0x1432d473) x8  0x0000000000000000 c323_stval 0x0000000000000005
core   0: 0x0000000080004912 (0x01bb959b) slliw   a1, s7, 27
core   0: 1 0x0000000080004912 (0x01bb959b) x11 0xfffffffff8000000
core   0: 0x0000000080004916 (0xa3518053) fle.d   zero, ft3, fs5
core   0: 1 0x0000000080004916 (0xa3518053)
core   0: 0x000000008000491a (0x00097813) andi    a6, s2, 0
core   0: 1 0x000000008000491a (0x00097813) x16 0x0000000000000000
core   0: 0x000000008000491e (0x31a4b273) csrrc   tp, menvcfgh, s1
core   0: exception trap_illegal_instruction, epc 0x000000008000491e
core   0:           tval 0x0000000031a4b273
core   0: >>>>  $xrv64i2p1_m2p0_a2p1_f2p2_d2p2_zicsr2p0_zifencei2p0_zmmul1p0_zba1p0_zbb1p0_zbc1p0_zbs1p0
core   0: 0x0000000080004000 (0x0080006f) j       pc + 0x8
core   0: 3 0x0000000080004000 (0x0080006f)
core   0: >>>>  mmode_exception_handler
core   0: 0x0000000080004008 (0x00002c17) auipc   s8, 0x2
core   0: 3 0x0000000080004008 (0x00002c17) x24 0x0000000080006008
core   0: 0x000000008000400c (0x050c0c13) addi    s8, s8, 80
core   0: 3 0x000000008000400c (0x050c0c13) x24 0x0000000080006058
core   0: 0x0000000080004010 (0x000c00e7) jalr    s8
core   0: 3 0x0000000080004010 (0x000c00e7) x1  0x0000000080004014
core   0: >>>>  any_handler
core   0: 0x0000000080006058 (0x341027f3) csrrs   a5, mepc, zero
core   0: 3 0x0000000080006058 (0x341027f3) x15 0x000000008000491e
core   0: 0x000000008000605c (0x34202773) csrrs   a4, mcause, zero
core   0: 3 0x000000008000605c (0x34202773) x14 0x0000000000000002
core   0: 0x0000000080006060 (0x142026f3) csrrs   a3, scause, zero
core   0: 3 0x0000000080006060 (0x142026f3) x13 0x0000000000000000
core   0: 0x0000000080006064 (0x30402673) csrrs   a2, mie, zero
core   0: 3 0x0000000080006064 (0x30402673) x12 0x0000000000000a00
core   0: 0x0000000080006068 (0x344025f3) csrrs   a1, mip, zero
core   0: 3 0x0000000080006068 (0x344025f3) x11 0x0000000000000080
core   0: 0x000000008000606c (0x343025f3) csrrs   a1, mtval, zero
core   0: 3 0x000000008000606c (0x343025f3) x11 0x0000000031a4b273
core   0: 0x0000000080006070 (0x14302573) csrrs   a0, stval, zero
core   0: 3 0x0000000080006070 (0x14302573) x10 0x0000000000000005
core   0: 0x0000000080006074 (0xb02024f3) csrrs   s1, minstret, zero
core   0: 3 0x0000000080006074 (0xb02024f3) x9  0x0000000000000af1
core   0: 0x0000000080006078 (0x0000a811) c.j     pc + 20
core   0: 3 0x0000000080006078 (0xa811)
core   0: >>>>  mepc_4
core   0: 0x000000008000608c (0x00000791) c.addi  a5, 4
core   0: 3 0x000000008000608c (0x0791) x15 0x0000000080004922
core   0: 0x000000008000608e (0x34179073) csrrw   zero, mepc, a5
core   0: 3 0x000000008000608e (0x34179073) c833_mepc 0x0000000080004922
core   0: 0x0000000080006092 (0x30200073) mret
core   0: 3 0x0000000080006092 (0x30200073) c768_mstatus 0x8000000a00106080
core   0: 0x0000000080004922 (0xc02c9a73) csrrw   s4, instret, s9
core   0: exception trap_illegal_instruction, epc 0x0000000080004922
core   0:           tval 0x00000000c02c9a73
core   0: >>>>  $xrv64i2p1_m2p0_a2p1_f2p2_d2p2_zicsr2p0_zifencei2p0_zmmul1p0_zba1p0_zbb1p0_zbc1p0_zbs1p0
core   0: 0x0000000080004000 (0x0080006f) j       pc + 0x8
core   0: 3 0x0000000080004000 (0x0080006f)
core   0: >>>>  mmode_exception_handler
core   0: 0x0000000080004008 (0x00002c17) auipc   s8, 0x2
core   0: 3 0x0000000080004008 (0x00002c17) x24 0x0000000080006008
core   0: 0x000000008000400c (0x050c0c13) addi    s8, s8, 80
core   0: 3 0x000000008000400c (0x050c0c13) x24 0x0000000080006058
core   0: 0x0000000080004010 (0x000c00e7) jalr    s8
core   0: 3 0x0000000080004010 (0x000c00e7) x1  0x0000000080004014
core   0: >>>>  any_handler
core   0: 0x0000000080006058 (0x341027f3) csrrs   a5, mepc, zero
core   0: 3 0x0000000080006058 (0x341027f3) x15 0x0000000080004922
core   0: 0x000000008000605c (0x34202773) csrrs   a4, mcause, zero
core   0: 3 0x000000008000605c (0x34202773) x14 0x0000000000000002
core   0: 0x0000000080006060 (0x142026f3) csrrs   a3, scause, zero
core   0: 3 0x0000000080006060 (0x142026f3) x13 0x0000000000000000
core   0: 0x0000000080006064 (0x30402673) csrrs   a2, mie, zero
core   0: 3 0x0000000080006064 (0x30402673) x12 0x0000000000000a00
core   0: 0x0000000080006068 (0x344025f3) csrrs   a1, mip, zero
core   0: 3 0x0000000080006068 (0x344025f3) x11 0x0000000000000080
core   0: 0x000000008000606c (0x343025f3) csrrs   a1, mtval, zero
core   0: 3 0x000000008000606c (0x343025f3) x11 0x00000000c02c9a73
core   0: 0x0000000080006070 (0x14302573) csrrs   a0, stval, zero
core   0: 3 0x0000000080006070 (0x14302573) x10 0x0000000000000005
core   0: 0x0000000080006074 (0xb02024f3) csrrs   s1, minstret, zero
core   0: 3 0x0000000080006074 (0xb02024f3) x9  0x0000000000000b01
core   0: 0x0000000080006078 (0x0000a811) c.j     pc + 20
core   0: 3 0x0000000080006078 (0xa811)
core   0: >>>>  mepc_4
core   0: 0x000000008000608c (0x00000791) c.addi  a5, 4
core   0: 3 0x000000008000608c (0x0791) x15 0x0000000080004926
core   0: 0x000000008000608e (0x34179073) csrrw   zero, mepc, a5
core   0: 3 0x000000008000608e (0x34179073) c833_mepc 0x0000000080004926
core   0: 0x0000000080006092 (0x30200073) mret
core   0: 3 0x0000000080006092 (0x30200073) c768_mstatus 0x8000000a00106080
core   0: 0x0000000080004926 (0xc021f053) fcvt.l.s zero, ft3
core   0: 1 0x0000000080004926 (0xc021f053) c1_fflags 0x0000000000000014
core   0: 0x000000008000492a (0xc211f753) fcvt.wu.d a4, ft3
core   0: 1 0x000000008000492a (0xc211f753) x14 0xfffffffff38cb090
core   0: 0x000000008000492e (0xd225f453) fcvt.d.l fs0, a1
core   0: 1 0x000000008000492e (0xd225f453) f8  0x41e805934e600000
core   0: 0x0000000080004932 (0x02e0dc3b) divuw   s8, ra, a4
core   0: 1 0x0000000080004932 (0x02e0dc3b) x24 0x0000000000000000
core   0: 0x0000000080004936 (0x001b9473) csrrw   s0, fflags, s7
core   0: 1 0x0000000080004936 (0x001b9473) x8  0x0000000000000014 c1_fflags 0x000000000000001f
core   0: 0x000000008000493a (0xe2018253) fmv.x.d tp, ft3
core   0: 1 0x000000008000493a (0xe2018253) x4  0x41ee719612000000
core   0: 0x000000008000493e (0x00e76eb3) or      t4, a4, a4
core   0: 1 0x000000008000493e (0x00e76eb3) x29 0xfffffffff38cb090
core   0: 0x0000000080004942 (0x223415d3) fsgnjn.d fa1, fs0, ft3
core   0: 1 0x0000000080004942 (0x223415d3) f11 0xc1e805934e600000
core   0: 0x0000000080004946 (0xd21807d3) fcvt.d.wu fa5, a6
core   0: 1 0x0000000080004946 (0xd21807d3) f15 0x0000000000000000
core   0: 0x000000008000494a (0x01d313bb) sllw    t2, t1, t4
core   0: 1 0x000000008000494a (0x01d313bb) x7  0xfffffffffda10000
core   0: 0x000000008000494e (0x00d38433) add     s0, t2, a3
core   0: 1 0x000000008000494e (0x00d38433) x8  0xfffffffffda10000
core   0: 0x0000000080004952 (0x01021233) sll     tp, tp, a6
core   0: 1 0x0000000080004952 (0x01021233) x4  0x41ee719612000000
core   0: 0x0000000080004956 (0x0302d993) srli    s3, t0, 48
core   0: 1 0x0000000080004956 (0x0302d993) x19 0x000000000000ffff
core   0: 0x000000008000495a (0x002d5b1b) srliw   s6, s10, 2
core   0: 1 0x000000008000495a (0x002d5b1b) x22 0x0000000000000000
core   0: 0x000000008000495e (0x0332a733) mulhsu  a4, t0, s3
core   0: 1 0x000000008000495e (0x0332a733) x14 0xffffffffffffffff
core   0: 0x0000000080004962 (0xd0217f53) fcvt.s.l ft10, sp
core   0: 1 0x0000000080004962 (0xd0217f53) c1_fflags 0x000000000000001f f30 0xffffffff4ef611d1
core   0: 0x0000000080004966 (0xd234f553) fcvt.d.lu fa0, s1
core   0: 1 0x0000000080004966 (0xd234f553) f10 0x40a6020000000000
core   0: 0x000000008000496a (0x1ba770d3) fdiv.d  ft1, fa4, fs10
core   0: 1 0x000000008000496a (0x1ba770d3) f1  0x7ff8000000000000
core   0: 0x000000008000496e (0x02ae5e13) srli    t3, t3, 42
core   0: 1 0x000000008000496e (0x02ae5e13) x28 0x00000000001ffe00
core   0: 0x0000000080004972 (0x02e4edbb) remw    s11, s1, a4
core   0: 1 0x0000000080004972 (0x02e4edbb) x27 0x0000000000000000
core   0: 0x0000000080004976 (0x01be6c33) or      s8, t3, s11
core   0: 1 0x0000000080004976 (0x01be6c33) x24 0x00000000001ffe00
core   0: 0x000000008000497a (0x00da83bb) addw    t2, s5, a3
core   0: 1 0x000000008000497a (0x00da83bb) x7  0xfffffffffffff801
core   0: 0x000000008000497e (0xc0327d53) fcvt.lu.s s10, ft4
core   0: 1 0x000000008000497e (0xc0327d53) c1_fflags 0x000000000000001f x26 0xffffffffffffffff
core   0: 0x0000000080004982 (0x00000001) c.nop
core   0: 1 0x0000000080004982 (0x0001)
core   0: 0x0000000080004984 (0x23b50bd3) fsgnj.d fs7, fa0, fs11
core   0: 1 0x0000000080004984 (0x23b50bd3) f23 0x40a6020000000000
core   0: 0x0000000080004988 (0xe20b8553) fmv.x.d a0, fs7
core   0: 1 0x0000000080004988 (0xe20b8553) x10 0x40a6020000000000
core   0: 0x000000008000498c (0xd21e8753) fcvt.d.wu fa4, t4
core   0: 1 0x000000008000498c (0xd21e8753) f14 0x41ee719612000000
core   0: 0x0000000080004990 (0xc21bfed3) fcvt.wu.d t4, fs7
core   0: 1 0x0000000080004990 (0xc21bfed3) x29 0x0000000000000b01
core   0: 0x0000000080004994 (0xd220f053) fcvt.d.l ft0, ra
core   0: 1 0x0000000080004994 (0xd220f053) f0  0x41e0000802800000
core   0: 0x0000000080004998 (0x000086f6) c.mv    a3, t4
core   0: 1 0x0000000080004998 (0x86f6) x13 0x0000000000000b01
core   0: 0x000000008000499a (0xa2e008d3) fle.d   a7, ft0, fa4
core   0: 1 0x000000008000499a (0xa2e008d3) x17 0x0000000000000001
core   0: 0x000000008000499e (0x0056a233) slt     tp, a3, t0
core   0: 1 0x000000008000499e (0x0056a233) x4  0x0000000000000000
core   0: 0x00000000800049a2 (0x00c3519b) srliw   gp, t1, 12
core   0: 1 0x00000000800049a2 (0x00c3519b) x3  0x00000000000fffff
core   0: 0x00000000800049a6 (0xc02379d3) fcvt.l.s s3, ft6
core   0: 1 0x00000000800049a6 (0xc02379d3) x19 0x0000000000000000
core   0: 0x00000000800049aa (0x4144d0bb) sraw    ra, s1, s4
core   0: 1 0x00000000800049aa (0x4144d0bb) x1  0x0000000000000000
core   0: 0x00000000800049ae (0x00761bbb) sllw    s7, a2, t2
core   0: 1 0x00000000800049ae (0x00761bbb) x23 0x0000000000001400
core   0: 0x00000000800049b2 (0x00000a42) c.slli  s4, 16
core   0: 1 0x00000000800049b2 (0x0a42) x20 0x00007b08e8ee0000
core   0: 0x00000000800049b4 (0xbfbe6817) auipc   a6, 0xbfbe6
core   0: 1 0x00000000800049b4 (0xbfbe6817) x16 0x000000003fbea9b4
core   0: 0x00000000800049b8 (0x0018911b) slliw   sp, a7, 1
core   0: 1 0x00000000800049b8 (0x0018911b) x2  0x0000000000000002
core   0: 0x00000000800049bc (0xd21300d3) fcvt.d.wu ft1, t1
core   0: 1 0x00000000800049bc (0xd21300d3) f1  0x41efffffb4200000
core   0: 0x00000000800049c0 (0x000c5713) srli    a4, s8, 0
core   0: 1 0x00000000800049c0 (0x000c5713) x14 0x00000000001ffe00
core   0: 0x00000000800049c4 (0xe2008d53) fmv.x.d s10, ft1
core   0: 1 0x00000000800049c4 (0xe2008d53) x26 0x41efffffb4200000
core   0: 0x00000000800049c8 (0x013d4a33) xor     s4, s10, s3
core   0: 1 0x00000000800049c8 (0x013d4a33) x20 0x41efffffb4200000
core   0: 0x00000000800049cc (0x00059d9b) slliw   s11, a1, 0
core   0: 1 0x00000000800049cc (0x00059d9b) x27 0xffffffffc02c9a73
core   0: 0x00000000800049d0 (0xfffdf293) andi    t0, s11, -1
core   0: 1 0x00000000800049d0 (0xfffdf293) x5  0xffffffffc02c9a73
core   0: 0x00000000800049d4 (0x0000947d) c.srai  s0, 63
core   0: 1 0x00000000800049d4 (0x947d) x8  0xffffffffffffffff
core   0: 0x00000000800049d6 (0x028494b3) mulh    s1, s1, s0
core   0: 1 0x00000000800049d6 (0x028494b3) x9  0xffffffffffffffff
core   0: 0x00000000800049da (0xa2f702d3) fle.d   t0, fa4, fa5
core   0: 1 0x00000000800049da (0xa2f702d3) x5  0x0000000000000000
core   0: 0x00000000800049de (0x40bc07b3) sub     a5, s8, a1
core   0: 1 0x00000000800049de (0x40bc07b3) x15 0xffffffff3ff3638d
core   0: 0x00000000800049e2 (0x2250a2d3) fsgnjx.d ft5, ft1, ft5
core   0: 1 0x00000000800049e2 (0x2250a2d3) f5  0x41efffffb4200000
core   0: 0x00000000800049e6 (0x2a1e9bd3) fmax.d  fs7, ft9, ft1
core   0: 1 0x00000000800049e6 (0x2a1e9bd3) f23 0x41efffffb4200000
core   0: 0x00000000800049ea (0x00b35abb) srlw    s5, t1, a1
core   0: 1 0x00000000800049ea (0x00b35abb) x21 0x0000000000001fff
core   0: 0x00000000800049ee (0x234123d3) fsgnjx.d ft7, ft2, fs4
core   0: 1 0x00000000800049ee (0x234123d3) f7  0x41ee719612000000
core   0: 0x00000000800049f2 (0xe2038753) fmv.x.d a4, ft7
core   0: 1 0x00000000800049f2 (0xe2038753) x14 0x41ee719612000000
core   0: 0x00000000800049f6 (0x22902153) fsgnjx.d ft2, ft0, fs1
core   0: 1 0x00000000800049f6 (0x22902153) f2  0x41e0000802800000
core   0: 0x00000000800049fa (0x027e1a13) slli    s4, t3, 39
core   0: 1 0x00000000800049fa (0x027e1a13) x20 0x0fff000000000000
core   0: 0x00000000800049fe (0x23c11453) fsgnjn.d fs0, ft2, ft8
core   0: 1 0x00000000800049fe (0x23c11453) f8  0x41e0000802800000
core   0: 0x0000000080004a02 (0x2bfe1dd3) fmax.d  fs11, ft8, ft11
core   0: 1 0x0000000080004a02 (0x2bfe1dd3) f27 0x8000000000000000
core   0: 0x0000000080004a06 (0xd0377c53) fcvt.s.lu fs8, a4
core   0: 1 0x0000000080004a06 (0xd0377c53) c1_fflags 0x000000000000001f f24 0xffffffff5e83dce3
core   0: 0x0000000080004a0a (0x00000001) c.nop
core   0: 1 0x0000000080004a0a (0x0001)
core   0: 0x0000000080004a0c (0x011aa333) slt     t1, s5, a7
core   0: 1 0x0000000080004a0c (0x011aa333) x6  0x0000000000000000
core   0: 0x0000000080004a10 (0xeba97d4b) fnmsub.d fs10, fs2, fs10, ft9
core   0: 1 0x0000000080004a10 (0xeba97d4b) f26 0x7ff8000000000000
core   0: 0x0000000080004a14 (0x0233453b) divw    a0, t1, gp
core   0: 1 0x0000000080004a14 (0x0233453b) x10 0x0000000000000000
core   0: 0x0000000080004a18 (0xc2197cd3) fcvt.wu.d s9, fs2
core   0: 1 0x0000000080004a18 (0xc2197cd3) c1_fflags 0x000000000000001f x25 0xffffffffffffffff
core   0: 0x0000000080004a1c (0x4fdbfab7) lui     s5, 0x4fdbf
core   0: 1 0x0000000080004a1c (0x4fdbfab7) x21 0x000000004fdbf000
core   0: 0x0000000080004a20 (0x420d0dd3) fcvt.d.s fs11, fs10
core   0: 1 0x0000000080004a20 (0x420d0dd3) f27 0x7ff8000000000000
core   0: 0x0000000080004a24 (0x400d0a3b) subw    s4, s10, zero
core   0: 1 0x0000000080004a24 (0x400d0a3b) x20 0xffffffffb4200000
core   0: 0x0000000080004a28 (0xc23cf6d3) fcvt.lu.d a3, fs9
core   0: 1 0x0000000080004a28 (0xc23cf6d3) x13 0x0000000000000000
core   0: 0x0000000080004a2c (0x824275c3) fmadd.d fa1, ft4, ft4, fa6
core   0: 1 0x0000000080004a2c (0x824275c3) f11 0x7ff8000000000000
core   0: 0x0000000080004a30 (0xffb56737) lui     a4, 0xffb56
core   0: 1 0x0000000080004a30 (0xffb56737) x14 0xffffffffffb56000
core   0: 0x0000000080004a34 (0x5957071b) addiw   a4, a4, 1429
core   0: 1 0x0000000080004a34 (0x5957071b) x14 0xffffffffffb56595
core   0: 0x0000000080004a38 (0x0000073e) c.slli  a4, 15
core   0: 1 0x0000000080004a38 (0x073e) x14 0xffffffdab2ca8000
core   0: 0x0000000080004a3a (0xb5b70713) addi    a4, a4, -1189
core   0: 1 0x0000000080004a3a (0xb5b70713) x14 0xffffffdab2ca7b5b
core   0: 0x0000000080004a3e (0x03b77dd3) fadd.d  fs11, fa4, fs11
core   0: 1 0x0000000080004a3e (0x03b77dd3) f27 0x7ff8000000000000
core   0: 0x0000000080004a42 (0xd20909d3) fcvt.d.w fs3, s2
core   0: 1 0x0000000080004a42 (0xd20909d3) f19 0x0000000000000000
core   0: 0x0000000080004a46 (0x66197513) andi    a0, s2, 1633
core   0: 1 0x0000000080004a46 (0x66197513) x10 0x0000000000000000
core   0: 0x0000000080004a4a (0x0027cbb3) xor     s7, a5, sp
core   0: 1 0x0000000080004a4a (0x0027cbb3) x23 0xffffffff3ff3638f
core   0: 0x0000000080004a4e (0x016df0b3) and     ra, s11, s6
core   0: 1 0x0000000080004a4e (0x016df0b3) x1  0x0000000000000000
core   0: 0x0000000080004a52 (0x000095f6) c.add   a1, t4
core   0: 1 0x0000000080004a52 (0x95f6) x11 0x00000000c02ca574
core   0: 0x0000000080004a54 (0x412cd1bb) sraw    gp, s9, s2
core   0: 1 0x0000000080004a54 (0x412cd1bb) x3  0xffffffffffffffff
core   0: 0x0000000080004a58 (0x03122233) mulhsu  tp, tp, a7
core   0: 1 0x0000000080004a58 (0x03122233) x4  0x0000000000000000
core   0: 0x0000000080004a5c (0x02b032b3) mulhu   t0, zero, a1
core   0: 1 0x0000000080004a5c (0x02b032b3) x5  0x0000000000000000
core   0: 0x0000000080004a60 (0x1211f0d3) fmul.d  ft1, ft3, ft1
core   0: 1 0x0000000080004a60 (0x1211f0d3) c1_fflags 0x000000000000001f f1  0x43ee7195c9d0ad2b
core   0: 0x0000000080004a64 (0x1230f853) fmul.d  fa6, ft1, ft3
core   0: 1 0x0000000080004a64 (0x1230f853) c1_fflags 0x000000000000001f f16 0x45ecf68c4bb2517f
core   0: 0x0000000080004a68 (0x1af2f7d3) fdiv.d  fa5, ft5, fa5
core   0: 1 0x0000000080004a68 (0x1af2f7d3) c1_fflags 0x000000000000001f f15 0x7ff0000000000000
core   0: 0x0000000080004a6c (0x0049d53b) srlw    a0, s3, tp
core   0: 1 0x0000000080004a6c (0x0049d53b) x10 0x0000000000000000
core   0: 0x0000000080004a70 (0x8b2ff8cb) fnmsub.d fa7, ft11, fs2, fa7
core   0: 1 0x0000000080004a70 (0x8b2ff8cb) f17 0x7ff8000000000000
core   0: 0x0000000080004a74 (0x001b0cb3) add     s9, s6, ra
core   0: 1 0x0000000080004a74 (0x001b0cb3) x25 0x0000000000000000
core   0: 0x0000000080004a78 (0x1b28f4d3) fdiv.d  fs1, fa7, fs2
core   0: 1 0x0000000080004a78 (0x1b28f4d3) f9  0x7ff8000000000000
core   0: 0x0000000080004a7c (0x02b58ab3) mul     s5, a1, a1
core   0: 1 0x0000000080004a7c (0x02b58ab3) x21 0x9042fff74acebc90
core   0: 0x0000000080004a80 (0xd228ff53) fcvt.d.l ft10, a7
core   0: 1 0x0000000080004a80 (0xd228ff53) f30 0x3ff0000000000000
core   0: 0x0000000080004a84 (0x2a968bd3) fmin.d  fs7, fa3, fs1
core   0: 1 0x0000000080004a84 (0x2a968bd3) f23 0x7ff8000000000000
core   0: 0x0000000080004a88 (0xc03f72d3) fcvt.lu.s t0, ft10
core   0: 1 0x0000000080004a88 (0xc03f72d3) c1_fflags 0x000000000000001f x5  0xffffffffffffffff
core   0: 0x0000000080004a8c (0x02564033) div     zero, a2, t0
core   0: 1 0x0000000080004a8c (0x02564033)
core   0: 0x0000000080004a90 (0xff140113) addi    sp, s0, -15
core   0: 1 0x0000000080004a90 (0xff140113) x2  0xfffffffffffffff0
core   0: 0x0000000080004a94 (0xfffe8b93) addi    s7, t4, -1
core   0: 1 0x0000000080004a94 (0xfffe8b93) x23 0x0000000000000b00
core   0: 0x0000000080004a98 (0x034eb6b3) mulhu   a3, t4, s4
core   0: 1 0x0000000080004a98 (0x034eb6b3) x13 0x0000000000000b00
core   0: 0x0000000080004a9c (0x00dcd11b) srliw   sp, s9, 13
core   0: 1 0x0000000080004a9c (0x00dcd11b) x2  0x0000000000000000
core   0: 0x0000000080004aa0 (0x02cdcabb) divw    s5, s11, a2
core   0: 1 0x0000000080004aa0 (0x02cdcabb) x21 0xfffffffffff99e10
core   0: 0x0000000080004aa4 (0x03bbfb53) fadd.d  fs6, fs7, fs11
core   0: 1 0x0000000080004aa4 (0x03bbfb53) f22 0x7ff8000000000000
core   0: 0x0000000080004aa8 (0x01738abb) addw    s5, t2, s7
core   0: 1 0x0000000080004aa8 (0x01738abb) x21 0x0000000000000301
core   0: 0x0000000080004aac (0x405e52bb) sraw    t0, t3, t0
core   0: 1 0x0000000080004aac (0x405e52bb) x5  0x0000000000000000
core   0: 0x0000000080004ab0 (0x00134a13) xori    s4, t1, 1
core   0: 1 0x0000000080004ab0 (0x00134a13) x20 0x0000000000000001
core   0: 0x0000000080004ab4 (0xad2a8d37) lui     s10, 0xad2a8
core   0: 1 0x0000000080004ab4 (0xad2a8d37) x26 0xffffffffad2a8000
core   0: 0x0000000080004ab8 (0x1a38f5c7) fmsub.d fa1, fa7, ft3, ft3
core   0: 1 0x0000000080004ab8 (0x1a38f5c7) f11 0x7ff8000000000000
core   0: 0x0000000080004abc (0xf9f50597) auipc   a1, 0xf9f50
core   0: 1 0x0000000080004abc (0xf9f50597) x11 0x0000000079f54abc
core   0: 0x0000000080004ac0 (0x414d0db3) sub     s11, s10, s4
core   0: 1 0x0000000080004ac0 (0x414d0db3) x27 0xffffffffad2a7fff
core   0: 0x0000000080004ac4 (0x0303c533) div     a0, t2, a6
core   0: 1 0x0000000080004ac4 (0x0303c533) x10 0x0000000000000000
core   0: 0x0000000080004ac8 (0x03bd8c33) mul     s8, s11, s11
core   0: 1 0x0000000080004ac8 (0x03bd8c33) x24 0x1acd780ee5ab0001
core   0: 0x0000000080004acc (0xf12ef8f3) csrrci  a7, marchid, 29
core   0: exception trap_illegal_instruction, epc 0x0000000080004acc
core   0:           tval 0x00000000f12ef8f3
core   0: >>>>  $xrv64i2p1_m2p0_a2p1_f2p2_d2p2_zicsr2p0_zifencei2p0_zmmul1p0_zba1p0_zbb1p0_zbc1p0_zbs1p0
core   0: 0x0000000080004000 (0x0080006f) j       pc + 0x8
core   0: 3 0x0000000080004000 (0x0080006f)
core   0: >>>>  mmode_exception_handler
core   0: 0x0000000080004008 (0x00002c17) auipc   s8, 0x2
core   0: 3 0x0000000080004008 (0x00002c17) x24 0x0000000080006008
core   0: 0x000000008000400c (0x050c0c13) addi    s8, s8, 80
core   0: 3 0x000000008000400c (0x050c0c13) x24 0x0000000080006058
core   0: 0x0000000080004010 (0x000c00e7) jalr    s8
core   0: 3 0x0000000080004010 (0x000c00e7) x1  0x0000000080004014
core   0: >>>>  any_handler
core   0: 0x0000000080006058 (0x341027f3) csrrs   a5, mepc, zero
core   0: 3 0x0000000080006058 (0x341027f3) x15 0x0000000080004acc
core   0: 0x000000008000605c (0x34202773) csrrs   a4, mcause, zero
core   0: 3 0x000000008000605c (0x34202773) x14 0x0000000000000002
core   0: 0x0000000080006060 (0x142026f3) csrrs   a3, scause, zero
core   0: 3 0x0000000080006060 (0x142026f3) x13 0x0000000000000000
core   0: 0x0000000080006064 (0x30402673) csrrs   a2, mie, zero
core   0: 3 0x0000000080006064 (0x30402673) x12 0x0000000000000a00
core   0: 0x0000000080006068 (0x344025f3) csrrs   a1, mip, zero
core   0: 3 0x0000000080006068 (0x344025f3) x11 0x0000000000000080
core   0: 0x000000008000606c (0x343025f3) csrrs   a1, mtval, zero
core   0: 3 0x000000008000606c (0x343025f3) x11 0x00000000f12ef8f3
core   0: 0x0000000080006070 (0x14302573) csrrs   a0, stval, zero
core   0: 3 0x0000000080006070 (0x14302573) x10 0x0000000000000005
core   0: 0x0000000080006074 (0xb02024f3) csrrs   s1, minstret, zero
core   0: 3 0x0000000080006074 (0xb02024f3) x9  0x0000000000000b7e
core   0: 0x0000000080006078 (0x0000a811) c.j     pc + 20
core   0: 3 0x0000000080006078 (0xa811)
core   0: >>>>  mepc_4
core   0: 0x000000008000608c (0x00000791) c.addi  a5, 4
core   0: 3 0x000000008000608c (0x0791) x15 0x0000000080004ad0
core   0: 0x000000008000608e (0x34179073) csrrw   zero, mepc, a5
core   0: 3 0x000000008000608e (0x34179073) c833_mepc 0x0000000080004ad0
core   0: 0x0000000080006092 (0x30200073) mret
core   0: 3 0x0000000080006092 (0x30200073) c768_mstatus 0x8000000a00106080
core   0: 0x0000000080004ad0 (0x13e479d3) fmul.d  fs3, fs0, ft10
core   0: 1 0x0000000080004ad0 (0x13e479d3) f19 0x41e0000802800000
core   0: 0x0000000080004ad4 (0x00000001) c.nop
core   0: 1 0x0000000080004ad4 (0x0001)
core   0: 0x0000000080004ad6 (0x01b325b3) slt     a1, t1, s11
core   0: 1 0x0000000080004ad6 (0x01b325b3) x11 0x0000000000000000
core   0: 0x0000000080004ada (0x00189793) slli    a5, a7, 1
core   0: 1 0x0000000080004ada (0x00189793) x15 0x0000000000000002
core   0: 0x0000000080004ade (0x011586b3) add     a3, a1, a7
core   0: 1 0x0000000080004ade (0x011586b3) x13 0x0000000000000001
core   0: 0x0000000080004ae2 (0x22c52553) fsgnjx.d fa0, fa0, fa2
core   0: 1 0x0000000080004ae2 (0x22c52553) f10 0x40a6020000000000
core   0: 0x0000000080004ae6 (0xd03dff53) fcvt.s.lu ft10, s11
core   0: 1 0x0000000080004ae6 (0xd03dff53) c1_fflags 0x000000000000001f f30 0xffffffff5f7fffff
core   0: 0x0000000080004aea (0x401efed3) fcvt.s.d ft9, ft9
core   0: 1 0x0000000080004aea (0x401efed3) f29 0xffffffff7fc00000
core   0: 0x0000000080004aee (0x01bd571b) srliw   a4, s10, 27
core   0: 1 0x0000000080004aee (0x01bd571b) x14 0x0000000000000015
core   0: 0x0000000080004af2 (0x4113d33b) sraw    t1, t2, a7
core   0: 1 0x0000000080004af2 (0x4113d33b) x6  0xfffffffffffffc00
core   0: 0x0000000080004af6 (0x5a0af753) fsqrt.d fa4, fs5
core   0: 1 0x0000000080004af6 (0x5a0af753) c1_fflags 0x000000000000001f f14 0x40ef364f6e03e439
core   0: 0x0000000080004afa (0x00ab0bbb) addw    s7, s6, a0
core   0: 1 0x0000000080004afa (0x00ab0bbb) x23 0x0000000000000005
core   0: 0x0000000080004afe (0x036134b3) mulhu   s1, sp, s6
core   0: 1 0x0000000080004afe (0x036134b3) x9  0x0000000000000000
core   0: 0x0000000080004b02 (0xfff56093) ori     ra, a0, -1
core   0: 1 0x0000000080004b02 (0xfff56093) x1  0xffffffffffffffff
core   0: 0x0000000080004b06 (0xa24d0953) fle.d   s2, fs10, ft4
core   0: 1 0x0000000080004b06 (0xa24d0953) c1_fflags 0x000000000000001f x18 0x0000000000000000
core   0: 0x0000000080004b0a (0x0224f93b) remuw   s2, s1, sp
core   0: 1 0x0000000080004b0a (0x0224f93b) x18 0x0000000000000000
core   0: 0x0000000080004b0e (0xf12469f3) csrrsi  s3, marchid, 8
core   0: exception trap_illegal_instruction, epc 0x0000000080004b0e
core   0:           tval 0x00000000f12469f3
core   0: >>>>  $xrv64i2p1_m2p0_a2p1_f2p2_d2p2_zicsr2p0_zifencei2p0_zmmul1p0_zba1p0_zbb1p0_zbc1p0_zbs1p0
core   0: 0x0000000080004000 (0x0080006f) j       pc + 0x8
core   0: 3 0x0000000080004000 (0x0080006f)
core   0: >>>>  mmode_exception_handler
core   0: 0x0000000080004008 (0x00002c17) auipc   s8, 0x2
core   0: 3 0x0000000080004008 (0x00002c17) x24 0x0000000080006008
core   0: 0x000000008000400c (0x050c0c13) addi    s8, s8, 80
core   0: 3 0x000000008000400c (0x050c0c13) x24 0x0000000080006058
core   0: 0x0000000080004010 (0x000c00e7) jalr    s8
core   0: 3 0x0000000080004010 (0x000c00e7) x1  0x0000000080004014
core   0: >>>>  any_handler
core   0: 0x0000000080006058 (0x341027f3) csrrs   a5, mepc, zero
core   0: 3 0x0000000080006058 (0x341027f3) x15 0x0000000080004b0e
core   0: 0x000000008000605c (0x34202773) csrrs   a4, mcause, zero
core   0: 3 0x000000008000605c (0x34202773) x14 0x0000000000000002
core   0: 0x0000000080006060 (0x142026f3) csrrs   a3, scause, zero
core   0: 3 0x0000000080006060 (0x142026f3) x13 0x0000000000000000
core   0: 0x0000000080006064 (0x30402673) csrrs   a2, mie, zero
core   0: 3 0x0000000080006064 (0x30402673) x12 0x0000000000000a00
core   0: 0x0000000080006068 (0x344025f3) csrrs   a1, mip, zero
core   0: 3 0x0000000080006068 (0x344025f3) x11 0x0000000000000080
core   0: 0x000000008000606c (0x343025f3) csrrs   a1, mtval, zero
core   0: 3 0x000000008000606c (0x343025f3) x11 0x00000000f12469f3
core   0: 0x0000000080006070 (0x14302573) csrrs   a0, stval, zero
core   0: 3 0x0000000080006070 (0x14302573) x10 0x0000000000000005
core   0: 0x0000000080006074 (0xb02024f3) csrrs   s1, minstret, zero
core   0: 3 0x0000000080006074 (0xb02024f3) x9  0x0000000000000b9e
core   0: 0x0000000080006078 (0x0000a811) c.j     pc + 20
core   0: 3 0x0000000080006078 (0xa811)
core   0: >>>>  mepc_4
core   0: 0x000000008000608c (0x00000791) c.addi  a5, 4
core   0: 3 0x000000008000608c (0x0791) x15 0x0000000080004b12
core   0: 0x000000008000608e (0x34179073) csrrw   zero, mepc, a5
core   0: 3 0x000000008000608e (0x34179073) c833_mepc 0x0000000080004b12
core   0: 0x0000000080006092 (0x30200073) mret
core   0: 3 0x0000000080006092 (0x30200073) c768_mstatus 0x8000000a00106080
core   0: 0x0000000080004b12 (0x0014933b) sllw    t1, s1, ra
core   0: 1 0x0000000080004b12 (0x0014933b) x6  0xffffffffb9e00000
core   0: 0x0000000080004b16 (0x0aeb7b53) fsub.d  fs6, fs6, fa4
core   0: 1 0x0000000080004b16 (0x0aeb7b53) f22 0x7ff8000000000000
core   0: 0x0000000080004b1a (0xd025f553) fcvt.s.l fa0, a1
core   0: 1 0x0000000080004b1a (0xd025f553) c1_fflags 0x000000000000001f f10 0xffffffff4f712469
core   0: 0x0000000080004b1e (0x0010d93b) srlw    s2, ra, ra
core   0: 1 0x0000000080004b1e (0x0010d93b) x18 0x0000000000000800
core   0: 0x0000000080004b22 (0x0ff0000f) fence   iorw,iorw
core   0: 1 0x0000000080004b22 (0x0ff0000f)
core   0: 0x0000000080004b26 (0x031e28b3) mulhsu  a7, t3, a7
core   0: 1 0x0000000080004b26 (0x031e28b3) x17 0x0000000000000000
core   0: 0x0000000080004b2a (0x1a5578d3) fdiv.d  fa7, fa0, ft5
core   0: 1 0x0000000080004b2a (0x1a5578d3) f17 0x7ff8000000000000
core   0: 0x0000000080004b2e (0x1acf71d3) fdiv.d  ft3, ft10, fa2
core   0: 1 0x0000000080004b2e (0x1acf71d3) f3  0x7ff8000000000000
core   0: 0x0000000080004b32 (0x031e2033) mulhsu  zero, t3, a7
core   0: 1 0x0000000080004b32 (0x031e2033)
core   0: 0x0000000080004b36 (0x4020553b) sraw    a0, zero, sp
core   0: 1 0x0000000080004b36 (0x4020553b) x10 0x0000000000000000
core   0: 0x0000000080004b3a (0x00ac1433) sll     s0, s8, a0
core   0: 1 0x0000000080004b3a (0x00ac1433) x8  0x0000000080006058
core   0: 0x0000000080004b3e (0x00159973) csrrw   s2, fflags, a1
core   0: 1 0x0000000080004b3e (0x00159973) x18 0x000000000000001f c1_fflags 0x0000000000000013
core   0: 0x0000000080004b42 (0x8009c913) xori    s2, s3, -2048
core   0: 1 0x0000000080004b42 (0x8009c913) x18 0xfffffffffffff800
core   0: 0x0000000080004b46 (0xc2157dd3) fcvt.wu.d s11, fa0
core   0: 1 0x0000000080004b46 (0xc2157dd3) c1_fflags 0x0000000000000013 x27 0xffffffffffffffff
core   0: 0x0000000080004b4a (0x420509d3) fcvt.d.s fs3, fa0
core   0: 1 0x0000000080004b4a (0x420509d3) f19 0x41ee248d20000000
core   0: 0x0000000080004b4e (0x00a581b3) add     gp, a1, a0
core   0: 1 0x0000000080004b4e (0x00a581b3) x3  0x00000000f12469f3
core   0: 0x0000000080004b52 (0x020e64bb) remw    s1, t3, zero
core   0: 1 0x0000000080004b52 (0x020e64bb) x9  0x00000000001ffe00
core   0: 0x0000000080004b56 (0xd039f053) fcvt.s.lu ft0, s3
core   0: 1 0x0000000080004b56 (0xd039f053) f0  0xffffffff00000000
core   0: 0x0000000080004b5a (0x016027b3) slt     a5, zero, s6
core   0: 1 0x0000000080004b5a (0x016027b3) x15 0x0000000000000000
core   0: 0x0000000080004b5e (0x41fede9b) sraiw   t4, t4, 31
core   0: 1 0x0000000080004b5e (0x41fede9b) x29 0x0000000000000000
core   0: 0x0000000080004b62 (0x01185133) srl     sp, a6, a7
core   0: 1 0x0000000080004b62 (0x01185133) x2  0x000000003fbea9b4
core   0: 0x0000000080004b66 (0xd2267953) fcvt.d.l fs2, a2
core   0: 1 0x0000000080004b66 (0xd2267953) f18 0x40a4000000000000
core   0: 0x0000000080004b6a (0xc039f1d3) fcvt.lu.s gp, fs3
core   0: 1 0x0000000080004b6a (0xc039f1d3) c1_fflags 0x0000000000000013 x3  0xffffffffffffffff
core   0: 0x0000000080004b6e (0xc0277c53) fcvt.l.s s8, fa4
core   0: 1 0x0000000080004b6e (0xc0277c53) c1_fflags 0x0000000000000013 x24 0x7fffffffffffffff
core   0: 0x0000000080004b72 (0xf2806d17) auipc   s10, 0xf2806
core   0: 1 0x0000000080004b72 (0xf2806d17) x26 0x000000007280ab72
core   0: 0x0000000080004b76 (0xd21d75c7) fmsub.d fa1, fs10, ft1, fs10
core   0: 1 0x0000000080004b76 (0xd21d75c7) f11 0x7ff8000000000000
core   0: 0x0000000080004b7a (0xc2077cd3) fcvt.w.d s9, fa4
core   0: 1 0x0000000080004b7a (0xc2077cd3) c1_fflags 0x0000000000000013 x25 0x000000000000f9b2
core   0: 0x0000000080004b7e (0x402750bb) sraw    ra, a4, sp
core   0: 1 0x0000000080004b7e (0x402750bb) x1  0x0000000000000000
core   0: 0x0000000080004b82 (0x001c923b) sllw    tp, s9, ra
core   0: 1 0x0000000080004b82 (0x001c923b) x4  0x000000000000f9b2
core   0: 0x0000000080004b86 (0xd2170dd3) fcvt.d.wu fs11, a4
core   0: 1 0x0000000080004b86 (0xd2170dd3) f27 0x4000000000000000
core   0: 0x0000000080004b8a (0x03fe1513) slli    a0, t3, 63
core   0: 1 0x0000000080004b8a (0x03fe1513) x10 0x0000000000000000
core   0: 0x0000000080004b8e (0x0ff0000f) fence   iorw,iorw
core   0: 1 0x0000000080004b8e (0x0ff0000f)
core   0: 0x0000000080004b92 (0x00221673) csrrw   a2, frm, tp
core   0: 1 0x0000000080004b92 (0x00221673) x12 0x0000000000000001 c2_frm 0x0000000000000002
core   0: 0x0000000080004b96 (0x002bdc9b) srliw   s9, s7, 2
core   0: 1 0x0000000080004b96 (0x002bdc9b) x25 0x0000000000000001
core   0: 0x0000000080004b9a (0x02f3f3b3) remu    t2, t2, a5
core   0: 1 0x0000000080004b9a (0x02f3f3b3) x7  0xfffffffffffff801
core   0: 0x0000000080004b9e (0xc024fed3) fcvt.l.s t4, fs1
core   0: 1 0x0000000080004b9e (0xc024fed3) c1_fflags 0x0000000000000013 x29 0x7fffffffffffffff
core   0: 0x0000000080004ba2 (0x401a5b93) srai    s7, s4, 1
core   0: 1 0x0000000080004ba2 (0x401a5b93) x23 0x0000000000000000
core   0: 0x0000000080004ba6 (0xf1103873) csrrc   a6, mvendorid, zero
core   0: exception trap_illegal_instruction, epc 0x0000000080004ba6
core   0:           tval 0x00000000f1103873
core   0: >>>>  $xrv64i2p1_m2p0_a2p1_f2p2_d2p2_zicsr2p0_zifencei2p0_zmmul1p0_zba1p0_zbb1p0_zbc1p0_zbs1p0
core   0: 0x0000000080004000 (0x0080006f) j       pc + 0x8
core   0: 3 0x0000000080004000 (0x0080006f)
core   0: >>>>  mmode_exception_handler
core   0: 0x0000000080004008 (0x00002c17) auipc   s8, 0x2
core   0: 3 0x0000000080004008 (0x00002c17) x24 0x0000000080006008
core   0: 0x000000008000400c (0x050c0c13) addi    s8, s8, 80
core   0: 3 0x000000008000400c (0x050c0c13) x24 0x0000000080006058
core   0: 0x0000000080004010 (0x000c00e7) jalr    s8
core   0: 3 0x0000000080004010 (0x000c00e7) x1  0x0000000080004014
core   0: >>>>  any_handler
core   0: 0x0000000080006058 (0x341027f3) csrrs   a5, mepc, zero
core   0: 3 0x0000000080006058 (0x341027f3) x15 0x0000000080004ba6
core   0: 0x000000008000605c (0x34202773) csrrs   a4, mcause, zero
core   0: 3 0x000000008000605c (0x34202773) x14 0x0000000000000002
core   0: 0x0000000080006060 (0x142026f3) csrrs   a3, scause, zero
core   0: 3 0x0000000080006060 (0x142026f3) x13 0x0000000000000000
core   0: 0x0000000080006064 (0x30402673) csrrs   a2, mie, zero
core   0: 3 0x0000000080006064 (0x30402673) x12 0x0000000000000a00
core   0: 0x0000000080006068 (0x344025f3) csrrs   a1, mip, zero
core   0: 3 0x0000000080006068 (0x344025f3) x11 0x0000000000000080
core   0: 0x000000008000606c (0x343025f3) csrrs   a1, mtval, zero
core   0: 3 0x000000008000606c (0x343025f3) x11 0x00000000f1103873
core   0: 0x0000000080006070 (0x14302573) csrrs   a0, stval, zero
core   0: 3 0x0000000080006070 (0x14302573) x10 0x0000000000000005
core   0: 0x0000000080006074 (0xb02024f3) csrrs   s1, minstret, zero
core   0: 3 0x0000000080006074 (0xb02024f3) x9  0x0000000000000bd3
core   0: 0x0000000080006078 (0x0000a811) c.j     pc + 20
core   0: 3 0x0000000080006078 (0xa811)
core   0: >>>>  mepc_4
core   0: 0x000000008000608c (0x00000791) c.addi  a5, 4
core   0: 3 0x000000008000608c (0x0791) x15 0x0000000080004baa
core   0: 0x000000008000608e (0x34179073) csrrw   zero, mepc, a5
core   0: 3 0x000000008000608e (0x34179073) c833_mepc 0x0000000080004baa
core   0: 0x0000000080006092 (0x30200073) mret
core   0: 3 0x0000000080006092 (0x30200073) c768_mstatus 0x8000000a00106080
core   0: 0x0000000080004baa (0xc023f253) fcvt.l.s tp, ft7
core   0: 1 0x0000000080004baa (0xc023f253) c1_fflags 0x0000000000000013 x4  0x7fffffffffffffff
core   0: 0x0000000080004bae (0x1ac07753) fdiv.d  fa4, ft0, fa2
core   0: 1 0x0000000080004bae (0x1ac07753) f14 0x7ff8000000000000
core   0: 0x0000000080004bb2 (0x73777543) fmadd.d fa0, fa4, fs7, fa4
core   0: 1 0x0000000080004bb2 (0x73777543) f10 0x7ff8000000000000
core   0: 0x0000000080004bb6 (0x40120bb3) sub     s7, tp, ra
core   0: 1 0x0000000080004bb6 (0x40120bb3) x23 0x7fffffff7fffbfeb
core   0: 0x0000000080004bba (0x0ff0000f) fence   iorw,iorw
core   0: 1 0x0000000080004bba (0x0ff0000f)
core   0: 0x0000000080004bbe (0x9a1c039b) addiw   t2, s8, -1631
core   0: 1 0x0000000080004bbe (0x9a1c039b) x7  0xffffffff800059f9
core   0: 0x0000000080004bc2 (0xd02b7cd3) fcvt.s.l fs9, s6
core   0: 1 0x0000000080004bc2 (0xd02b7cd3) f25 0xffffffff00000000
core   0: 0x0000000080004bc6 (0xc02cfed3) fcvt.l.s t4, fs9
core   0: 1 0x0000000080004bc6 (0xc02cfed3) x29 0x0000000000000000
core   0: 0x0000000080004bca (0x40050533) sub     a0, a0, zero
core   0: 1 0x0000000080004bca (0x40050533) x10 0x0000000000000005
core   0: 0x0000000080004bce (0x1a007f53) fdiv.d  ft10, ft0, ft0
core   0: 1 0x0000000080004bce (0x1a007f53) f30 0x7ff8000000000000
core   0: 0x0000000080004bd2 (0xf2018153) fmv.d.x ft2, gp
core   0: 1 0x0000000080004bd2 (0xf2018153) f2  0xffffffffffffffff
core   0: 0x0000000080004bd6 (0xa22f0153) fle.d   sp, ft10, ft2
core   0: 1 0x0000000080004bd6 (0xa22f0153) c1_fflags 0x0000000000000013 x2  0x0000000000000000
core   0: 0x0000000080004bda (0x00011b1b) slliw   s6, sp, 0
core   0: 1 0x0000000080004bda (0x00011b1b) x22 0x0000000000000000
core   0: 0x0000000080004bde (0x2a238b53) fmin.d  fs6, ft7, ft2
core   0: 1 0x0000000080004bde (0x2a238b53) f22 0x41ee719612000000
core   0: 0x0000000080004be2 (0x412e01bb) subw    gp, t3, s2
core   0: 1 0x0000000080004be2 (0x412e01bb) x3  0x0000000000200600
core   0: 0x0000000080004be6 (0xc0217753) fcvt.l.s a4, ft2
core   0: 1 0x0000000080004be6 (0xc0217753) c1_fflags 0x0000000000000013 x14 0x7fffffffffffffff
core   0: 0x0000000080004bea (0xb297f5c3) fmadd.d fa1, fa5, fs1, fs6
core   0: 1 0x0000000080004bea (0xb297f5c3) f11 0x7ff8000000000000
core   0: 0x0000000080004bee (0x22d7a7d3) fsgnjx.d fa5, fa5, fa3
core   0: 1 0x0000000080004bee (0x22d7a7d3) f15 0xfff0000000000000
core   0: 0x0000000080004bf2 (0x2b5c0ad3) fmin.d  fs5, fs8, fs5
core   0: 1 0x0000000080004bf2 (0x2b5c0ad3) f21 0x41ee719612000000
core   0: 0x0000000080004bf6 (0x42080bd3) fcvt.d.s fs7, fa6
core   0: 1 0x0000000080004bf6 (0x42080bd3) f23 0x7ff8000000000000
core   0: 0x0000000080004bfa (0xf14e72f3) csrrci  t0, mhartid, 28
core   0: exception trap_illegal_instruction, epc 0x0000000080004bfa
core   0:           tval 0x00000000f14e72f3
core   0: >>>>  $xrv64i2p1_m2p0_a2p1_f2p2_d2p2_zicsr2p0_zifencei2p0_zmmul1p0_zba1p0_zbb1p0_zbc1p0_zbs1p0
core   0: 0x0000000080004000 (0x0080006f) j       pc + 0x8
core   0: 3 0x0000000080004000 (0x0080006f)
core   0: >>>>  mmode_exception_handler
core   0: 0x0000000080004008 (0x00002c17) auipc   s8, 0x2
core   0: 3 0x0000000080004008 (0x00002c17) x24 0x0000000080006008
core   0: 0x000000008000400c (0x050c0c13) addi    s8, s8, 80
core   0: 3 0x000000008000400c (0x050c0c13) x24 0x0000000080006058
core   0: 0x0000000080004010 (0x000c00e7) jalr    s8
core   0: 3 0x0000000080004010 (0x000c00e7) x1  0x0000000080004014
core   0: >>>>  any_handler
core   0: 0x0000000080006058 (0x341027f3) csrrs   a5, mepc, zero
core   0: 3 0x0000000080006058 (0x341027f3) x15 0x0000000080004bfa
core   0: 0x000000008000605c (0x34202773) csrrs   a4, mcause, zero
core   0: 3 0x000000008000605c (0x34202773) x14 0x0000000000000002
core   0: 0x0000000080006060 (0x142026f3) csrrs   a3, scause, zero
core   0: 3 0x0000000080006060 (0x142026f3) x13 0x0000000000000000
core   0: 0x0000000080006064 (0x30402673) csrrs   a2, mie, zero
core   0: 3 0x0000000080006064 (0x30402673) x12 0x0000000000000a00
core   0: 0x0000000080006068 (0x344025f3) csrrs   a1, mip, zero
core   0: 3 0x0000000080006068 (0x344025f3) x11 0x0000000000000080
core   0: 0x000000008000606c (0x343025f3) csrrs   a1, mtval, zero
core   0: 3 0x000000008000606c (0x343025f3) x11 0x00000000f14e72f3
core   0: 0x0000000080006070 (0x14302573) csrrs   a0, stval, zero
core   0: 3 0x0000000080006070 (0x14302573) x10 0x0000000000000005
core   0: 0x0000000080006074 (0xb02024f3) csrrs   s1, minstret, zero
core   0: 3 0x0000000080006074 (0xb02024f3) x9  0x0000000000000bf7
core   0: 0x0000000080006078 (0x0000a811) c.j     pc + 20
core   0: 3 0x0000000080006078 (0xa811)
core   0: >>>>  mepc_4
core   0: 0x000000008000608c (0x00000791) c.addi  a5, 4
core   0: 3 0x000000008000608c (0x0791) x15 0x0000000080004bfe
core   0: 0x000000008000608e (0x34179073) csrrw   zero, mepc, a5
core   0: 3 0x000000008000608e (0x34179073) c833_mepc 0x0000000080004bfe
core   0: 0x0000000080006092 (0x30200073) mret
core   0: 3 0x0000000080006092 (0x30200073) c768_mstatus 0x8000000a00106080
core   0: 0x0000000080004bfe (0x00e57333) and     t1, a0, a4
core   0: 1 0x0000000080004bfe (0x00e57333) x6  0x0000000000000000
core   0: 0x0000000080004c02 (0x0327d013) srli    zero, a5, 50
core   0: 1 0x0000000080004c02 (0x0327d013)
core   0: 0x0000000080004c06 (0xa86aed93) ori     s11, s5, -1402
core   0: 1 0x0000000080004c06 (0xa86aed93) x27 0xfffffffffffffb87
core   0: 0x0000000080004c0a (0x020e68bb) remw    a7, t3, zero
core   0: 1 0x0000000080004c0a (0x020e68bb) x17 0x00000000001ffe00
core   0: 0x0000000080004c0e (0x00519433) sll     s0, gp, t0
core   0: 1 0x0000000080004c0e (0x00519433) x8  0x0000000000200600
core   0: 0x0000000080004c12 (0xfaf97a37) lui     s4, 0xfaf97
core   0: 1 0x0000000080004c12 (0xfaf97a37) x20 0xfffffffffaf97000
core   0: 0x0000000080004c16 (0x1e7a0a1b) addiw   s4, s4, 487
core   0: 1 0x0000000080004c16 (0x1e7a0a1b) x20 0xfffffffffaf971e7
core   0: 0x0000000080004c1a (0x00000a32) c.slli  s4, 12
core   0: 1 0x0000000080004c1a (0x0a32) x20 0xffffffaf971e7000
core   0: 0x0000000080004c1c (0x3a7a0a13) addi    s4, s4, 935
core   0: 1 0x0000000080004c1c (0x3a7a0a13) x20 0xffffffaf971e73a7
core   0: 0x0000000080004c20 (0xc025f053) fcvt.l.s zero, fa1
core   0: 1 0x0000000080004c20 (0xc025f053) c1_fflags 0x0000000000000013
core   0: 0x0000000080004c24 (0x80058d1b) addiw   s10, a1, -2048
core   0: 1 0x0000000080004c24 (0x80058d1b) x26 0xfffffffff14e6af3
core   0: 0x0000000080004c28 (0x82137847) fmsub.d fa6, ft6, ft1, fa6
core   0: 1 0x0000000080004c28 (0x82137847) f16 0x7ff8000000000000
core   0: 0x0000000080004c2c (0xd2000c53) fcvt.d.w fs8, zero
core   0: 1 0x0000000080004c2c (0xd2000c53) f24 0x0000000000000000
core   0: 0x0000000080004c30 (0x0194e333) or      t1, s1, s9
core   0: 1 0x0000000080004c30 (0x0194e333) x6  0x0000000000000bf7
core   0: 0x0000000080004c34 (0x0ff0000f) fence   iorw,iorw
core   0: 1 0x0000000080004c34 (0x0ff0000f)
core   0: 0x0000000080004c38 (0x41f3d39b) sraiw   t2, t2, 31
core   0: 1 0x0000000080004c38 (0x41f3d39b) x7  0xffffffffffffffff
core   0: 0x0000000080004c3c (0xc02e7e53) fcvt.l.s t3, ft8
core   0: 1 0x0000000080004c3c (0xc02e7e53) c1_fflags 0x0000000000000013 x28 0x7fffffffffffffff
core   0: 0x0000000080004c40 (0x0219f2d3) fadd.d  ft5, fs3, ft1
core   0: 1 0x0000000080004c40 (0x0219f2d3) c1_fflags 0x0000000000000013 f5  0x43ee7195c9eed1b8
core   0: 0x0000000080004c44 (0xb13e6eb7) lui     t4, 0xb13e6
core   0: 1 0x0000000080004c44 (0xb13e6eb7) x29 0xffffffffb13e6000
core   0: 0x0000000080004c48 (0x2886b037) lui     zero, 0x2886b
core   0: 1 0x0000000080004c48 (0x2886b037)
core   0: 0x0000000080004c4c (0x2a728153) fmin.d  ft2, ft5, ft7
core   0: 1 0x0000000080004c4c (0x2a728153) f2  0x41ee719612000000
core   0: 0x0000000080004c50 (0x005a5b3b) srlw    s6, s4, t0
core   0: 1 0x0000000080004c50 (0x005a5b3b) x22 0xffffffff971e73a7
core   0: 0x0000000080004c54 (0x025b673b) remw    a4, s6, t0
core   0: 1 0x0000000080004c54 (0x025b673b) x14 0xffffffff971e73a7
core   0: 0x0000000080004c58 (0x0273c2bb) divw    t0, t2, t2
core   0: 1 0x0000000080004c58 (0x0273c2bb) x5  0x0000000000000001
core   0: 0x0000000080004c5c (0x420484d3) fcvt.d.s fs1, fs1
core   0: 1 0x0000000080004c5c (0x420484d3) f9  0x7ff8000000000000
core   0: 0x0000000080004c60 (0x13f9f253) fmul.d  ft4, fs3, ft11
core   0: 1 0x0000000080004c60 (0x13f9f253) f4  0x7ff8000000000000
core   0: 0x0000000080004c64 (0x01a3d833) srl     a6, t2, s10
core   0: 1 0x0000000080004c64 (0x01a3d833) x16 0x0000000000001fff
core   0: 0x0000000080004c68 (0xd033f053) fcvt.s.lu ft0, t2
core   0: 1 0x0000000080004c68 (0xd033f053) c1_fflags 0x0000000000000013 f0  0xffffffff5f7fffff
core   0: 0x0000000080004c6c (0x033459b3) divu    s3, s0, s3
core   0: 1 0x0000000080004c6c (0x033459b3) x19 0xffffffffffffffff
core   0: 0x0000000080004c70 (0x008ee3b3) or      t2, t4, s0
core   0: 1 0x0000000080004c70 (0x008ee3b3) x7  0xffffffffb13e6600
core   0: 0x0000000080004c74 (0x00000001) c.nop
core   0: 1 0x0000000080004c74 (0x0001)
core   0: 0x0000000080004c76 (0x13c6f053) fmul.d  ft0, fa3, ft8
core   0: 1 0x0000000080004c76 (0x13c6f053) f0  0x7ff8000000000000
core   0: 0x0000000080004c7a (0x016827b3) slt     a5, a6, s6
core   0: 1 0x0000000080004c7a (0x016827b3) x15 0x0000000000000000
core   0: 0x0000000080004c7e (0x0301fdc3) fmadd.d fs11, ft3, fa6, ft0
core   0: 1 0x0000000080004c7e (0x0301fdc3) f27 0x7ff8000000000000
core   0: 0x0000000080004c82 (0x00000001) c.nop
core   0: 1 0x0000000080004c82 (0x0001)
core   0: 0x0000000080004c84 (0xd20d0353) fcvt.d.w ft6, s10
core   0: 1 0x0000000080004c84 (0xd20d0353) f6  0xc1ad632a1a000000
core   0: 0x0000000080004c88 (0x01207933) and     s2, zero, s2
core   0: 1 0x0000000080004c88 (0x01207933) x18 0x0000000000000000
core   0: 0x0000000080004c8c (0x43f7d693) srai    a3, a5, 63
core   0: 1 0x0000000080004c8c (0x43f7d693) x13 0x0000000000000000
core   0: 0x0000000080004c90 (0x7ff67113) andi    sp, a2, 2047
core   0: 1 0x0000000080004c90 (0x7ff67113) x2  0x0000000000000200
core   0: 0x0000000080004c94 (0x02c5a4b3) mulhsu  s1, a1, a2
core   0: 1 0x0000000080004c94 (0x02c5a4b3) x9  0x0000000000000000
core   0: 0x0000000080004c98 (0x409dd31b) sraiw   t1, s11, 9
core   0: 1 0x0000000080004c98 (0x409dd31b) x6  0xfffffffffffffffd
core   0: 0x0000000080004c9c (0x005d093b) addw    s2, s10, t0
core   0: 1 0x0000000080004c9c (0x005d093b) x18 0xfffffffff14e6af4
core   0: 0x0000000080004ca0 (0x00000001) c.nop
core   0: 1 0x0000000080004ca0 (0x0001)
core   0: 0x0000000080004ca2 (0x5a0ff053) fsqrt.d ft0, ft11
core   0: 1 0x0000000080004ca2 (0x5a0ff053) f0  0x7ff8000000000000
core   0: 0x0000000080004ca6 (0x006d7e33) and     t3, s10, t1
core   0: 1 0x0000000080004ca6 (0x006d7e33) x28 0xfffffffff14e6af1
core   0: 0x0000000080004caa (0xf3e57f47) fmsub.d ft10, fa0, ft10, ft10
core   0: 1 0x0000000080004caa (0xf3e57f47) f30 0x7ff8000000000000
core   0: 0x0000000080004cae (0x036a9313) slli    t1, s5, 54
core   0: 1 0x0000000080004cae (0x036a9313) x6  0xc040000000000000
core   0: 0x0000000080004cb2 (0x009c1c33) sll     s8, s8, s1
core   0: 1 0x0000000080004cb2 (0x009c1c33) x24 0x0000000080006058
core   0: 0x0000000080004cb6 (0xe133ba97) auipc   s5, 0xe133b
core   0: 1 0x0000000080004cb6 (0xe133ba97) x21 0x000000006133fcb6
core   0: 0x0000000080004cba (0xf115f9f3) csrrci  s3, mvendorid, 11
core   0: exception trap_illegal_instruction, epc 0x0000000080004cba
core   0:           tval 0x00000000f115f9f3
core   0: >>>>  $xrv64i2p1_m2p0_a2p1_f2p2_d2p2_zicsr2p0_zifencei2p0_zmmul1p0_zba1p0_zbb1p0_zbc1p0_zbs1p0
core   0: 0x0000000080004000 (0x0080006f) j       pc + 0x8
core   0: 3 0x0000000080004000 (0x0080006f)
core   0: >>>>  mmode_exception_handler
core   0: 0x0000000080004008 (0x00002c17) auipc   s8, 0x2
core   0: 3 0x0000000080004008 (0x00002c17) x24 0x0000000080006008
core   0: 0x000000008000400c (0x050c0c13) addi    s8, s8, 80
core   0: 3 0x000000008000400c (0x050c0c13) x24 0x0000000080006058
core   0: 0x0000000080004010 (0x000c00e7) jalr    s8
core   0: 3 0x0000000080004010 (0x000c00e7) x1  0x0000000080004014
core   0: >>>>  any_handler
core   0: 0x0000000080006058 (0x341027f3) csrrs   a5, mepc, zero
core   0: 3 0x0000000080006058 (0x341027f3) x15 0x0000000080004cba
core   0: 0x000000008000605c (0x34202773) csrrs   a4, mcause, zero
core   0: 3 0x000000008000605c (0x34202773) x14 0x0000000000000002
core   0: 0x0000000080006060 (0x142026f3) csrrs   a3, scause, zero
core   0: 3 0x0000000080006060 (0x142026f3) x13 0x0000000000000000
core   0: 0x0000000080006064 (0x30402673) csrrs   a2, mie, zero
core   0: 3 0x0000000080006064 (0x30402673) x12 0x0000000000000a00
core   0: 0x0000000080006068 (0x344025f3) csrrs   a1, mip, zero
core   0: 3 0x0000000080006068 (0x344025f3) x11 0x0000000000000080
core   0: 0x000000008000606c (0x343025f3) csrrs   a1, mtval, zero
core   0: 3 0x000000008000606c (0x343025f3) x11 0x00000000f115f9f3
core   0: 0x0000000080006070 (0x14302573) csrrs   a0, stval, zero
core   0: 3 0x0000000080006070 (0x14302573) x10 0x0000000000000005
core   0: 0x0000000080006074 (0xb02024f3) csrrs   s1, minstret, zero
core   0: 3 0x0000000080006074 (0xb02024f3) x9  0x0000000000000c38
core   0: 0x0000000080006078 (0x0000a811) c.j     pc + 20
core   0: 3 0x0000000080006078 (0xa811)
core   0: >>>>  mepc_4
core   0: 0x000000008000608c (0x00000791) c.addi  a5, 4
core   0: 3 0x000000008000608c (0x0791) x15 0x0000000080004cbe
core   0: 0x000000008000608e (0x34179073) csrrw   zero, mepc, a5
core   0: 3 0x000000008000608e (0x34179073) c833_mepc 0x0000000080004cbe
core   0: 0x0000000080006092 (0x30200073) mret
core   0: 3 0x0000000080006092 (0x30200073) c768_mstatus 0x8000000a00106080
core   0: 0x0000000080004cbe (0x43f4da93) srai    s5, s1, 63
core   0: 1 0x0000000080004cbe (0x43f4da93) x21 0x0000000000000000
core   0: 0x0000000080004cc2 (0xc02f79d3) fcvt.l.s s3, ft10
core   0: 1 0x0000000080004cc2 (0xc02f79d3) c1_fflags 0x0000000000000013 x19 0x7fffffffffffffff
core   0: 0x0000000080004cc6 (0x00a2a633) slt     a2, t0, a0
core   0: 1 0x0000000080004cc6 (0x00a2a633) x12 0x0000000000000001
core   0: 0x0000000080004cca (0xd2060dd3) fcvt.d.w fs11, a2
core   0: 1 0x0000000080004cca (0xd2060dd3) f27 0x3ff0000000000000
core   0: 0x0000000080004cce (0xe2060b53) fmv.x.d s6, fa2
core   0: 1 0x0000000080004cce (0xe2060b53) x22 0x7ff8000000000000
core   0: 0x0000000080004cd2 (0x0074d03b) srlw    zero, s1, t2
core   0: 1 0x0000000080004cd2 (0x0074d03b)
core   0: 0x0000000080004cd6 (0x400bd613) srai    a2, s7, 0
core   0: 1 0x0000000080004cd6 (0x400bd613) x12 0x7fffffff7fffbfeb
core   0: 0x0000000080004cda (0x0031d53b) srlw    a0, gp, gp
core   0: 1 0x0000000080004cda (0x0031d53b) x10 0x0000000000200600
core   0: 0x0000000080004cde (0xa3fa88d3) fle.d   a7, fs5, ft11
core   0: 1 0x0000000080004cde (0xa3fa88d3) c1_fflags 0x0000000000000013 x17 0x0000000000000000
core   0: 0x0000000080004ce2 (0x011c7c33) and     s8, s8, a7
core   0: 1 0x0000000080004ce2 (0x011c7c33) x24 0x0000000000000000
core   0: 0x0000000080004ce6 (0xb0f2f313) andi    t1, t0, -1265
core   0: 1 0x0000000080004ce6 (0xb0f2f313) x6  0x0000000000000001
core   0: 0x0000000080004cea (0x420c85d3) fcvt.d.s fa1, fs9
core   0: 1 0x0000000080004cea (0x420c85d3) f11 0x0000000000000000
core   0: 0x0000000080004cee (0x0282e833) rem     a6, t0, s0
core   0: 1 0x0000000080004cee (0x0282e833) x16 0x0000000000000001
core   0: 0x0000000080004cf2 (0xd032ff53) fcvt.s.lu ft10, t0
core   0: 1 0x0000000080004cf2 (0xd032ff53) f30 0xffffffff3f800000
core   0: 0x0000000080004cf6 (0x00039313) slli    t1, t2, 0
core   0: 1 0x0000000080004cf6 (0x00039313) x6  0xffffffffb13e6600
core   0: 0x0000000080004cfa (0x0102d013) srli    zero, t0, 16
core   0: 1 0x0000000080004cfa (0x0102d013)
core   0: 0x0000000080004cfe (0x40f353b3) sra     t2, t1, a5
core   0: 1 0x0000000080004cfe (0x40f353b3) x7  0xffffffffffffffff
core   0: 0x0000000080004d02 (0x00b77d33) and     s10, a4, a1
core   0: 1 0x0000000080004d02 (0x00b77d33) x26 0x0000000000000002
core   0: 0x0000000080004d06 (0x02bef63b) remuw   a2, t4, a1
core   0: 1 0x0000000080004d06 (0x02bef63b) x12 0xffffffffb13e6000
core   0: 0x0000000080004d0a (0xc033fad3) fcvt.lu.s s5, ft7
core   0: 1 0x0000000080004d0a (0xc033fad3) c1_fflags 0x0000000000000013 x21 0xffffffffffffffff
core   0: 0x0000000080004d0e (0x004ec0b3) xor     ra, t4, tp
core   0: 1 0x0000000080004d0e (0x004ec0b3) x1  0x800000004ec19fff
core   0: 0x0000000080004d12 (0xe2038753) fmv.x.d a4, ft7
core   0: 1 0x0000000080004d12 (0xe2038753) x14 0x41ee719612000000
core   0: 0x0000000080004d16 (0xd22bfa53) fcvt.d.l fs4, s7
core   0: 1 0x0000000080004d16 (0xd22bfa53) c1_fflags 0x0000000000000013 f20 0x43dfffffffdfffef
core   0: 0x0000000080004d1a (0x036acb33) div     s6, s5, s6
core   0: 1 0x0000000080004d1a (0x036acb33) x22 0x0000000000000000
core   0: 0x0000000080004d1e (0x032de13b) remw    sp, s11, s2
core   0: 1 0x0000000080004d1e (0x032de13b) x2  0xfffffffffffffb87
core   0: 0x0000000080004d22 (0x007c07bb) addw    a5, s8, t2
core   0: 1 0x0000000080004d22 (0x007c07bb) x15 0xffffffffffffffff
core   0: 0x0000000080004d26 (0x03bc8233) mul     tp, s9, s11
core   0: 1 0x0000000080004d26 (0x03bc8233) x4  0xfffffffffffffb87
core   0: 0x0000000080004d2a (0x40bed99b) sraiw   s3, t4, 11
core   0: 1 0x0000000080004d2a (0x40bed99b) x19 0xfffffffffff627cc
core   0: 0x0000000080004d2e (0x4094d19b) sraiw   gp, s1, 9
core   0: 1 0x0000000080004d2e (0x4094d19b) x3  0x0000000000000006
core   0: 0x0000000080004d32 (0x1ab3f9d3) fdiv.d  fs3, ft7, fa1
core   0: 1 0x0000000080004d32 (0x1ab3f9d3) c1_fflags 0x000000000000001b f19 0x7ff0000000000000
core   0: 0x0000000080004d36 (0xc05be073) csrrsi  zero, hpmcounter5, 23
core   0: exception trap_illegal_instruction, epc 0x0000000080004d36
core   0:           tval 0x00000000c05be073
core   0: >>>>  $xrv64i2p1_m2p0_a2p1_f2p2_d2p2_zicsr2p0_zifencei2p0_zmmul1p0_zba1p0_zbb1p0_zbc1p0_zbs1p0
core   0: 0x0000000080004000 (0x0080006f) j       pc + 0x8
core   0: 3 0x0000000080004000 (0x0080006f)
core   0: >>>>  mmode_exception_handler
core   0: 0x0000000080004008 (0x00002c17) auipc   s8, 0x2
core   0: 3 0x0000000080004008 (0x00002c17) x24 0x0000000080006008
core   0: 0x000000008000400c (0x050c0c13) addi    s8, s8, 80
core   0: 3 0x000000008000400c (0x050c0c13) x24 0x0000000080006058
core   0: 0x0000000080004010 (0x000c00e7) jalr    s8
core   0: 3 0x0000000080004010 (0x000c00e7) x1  0x0000000080004014
core   0: >>>>  any_handler
core   0: 0x0000000080006058 (0x341027f3) csrrs   a5, mepc, zero
core   0: 3 0x0000000080006058 (0x341027f3) x15 0x0000000080004d36
core   0: 0x000000008000605c (0x34202773) csrrs   a4, mcause, zero
core   0: 3 0x000000008000605c (0x34202773) x14 0x0000000000000002
core   0: 0x0000000080006060 (0x142026f3) csrrs   a3, scause, zero
core   0: 3 0x0000000080006060 (0x142026f3) x13 0x0000000000000000
core   0: 0x0000000080006064 (0x30402673) csrrs   a2, mie, zero
core   0: 3 0x0000000080006064 (0x30402673) x12 0x0000000000000a00
core   0: 0x0000000080006068 (0x344025f3) csrrs   a1, mip, zero
core   0: 3 0x0000000080006068 (0x344025f3) x11 0x0000000000000080
core   0: 0x000000008000606c (0x343025f3) csrrs   a1, mtval, zero
core   0: 3 0x000000008000606c (0x343025f3) x11 0x00000000c05be073
core   0: 0x0000000080006070 (0x14302573) csrrs   a0, stval, zero
core   0: 3 0x0000000080006070 (0x14302573) x10 0x0000000000000005
core   0: 0x0000000080006074 (0xb02024f3) csrrs   s1, minstret, zero
core   0: 3 0x0000000080006074 (0xb02024f3) x9  0x0000000000000c66
core   0: 0x0000000080006078 (0x0000a811) c.j     pc + 20
core   0: 3 0x0000000080006078 (0xa811)
core   0: >>>>  mepc_4
core   0: 0x000000008000608c (0x00000791) c.addi  a5, 4
core   0: 3 0x000000008000608c (0x0791) x15 0x0000000080004d3a
core   0: 0x000000008000608e (0x34179073) csrrw   zero, mepc, a5
core   0: 3 0x000000008000608e (0x34179073) c833_mepc 0x0000000080004d3a
core   0: 0x0000000080006092 (0x30200073) mret
core   0: 3 0x0000000080006092 (0x30200073) c768_mstatus 0x8000000a00106080
core   0: 0x0000000080004d3a (0x03398833) mul     a6, s3, s3
core   0: 1 0x0000000080004d3a (0x03398833) x16 0x00000060ea3fca90
core   0: 0x0000000080004d3e (0x0b417d53) fsub.d  fs10, ft2, fs4
core   0: 1 0x0000000080004d3e (0x0b417d53) c1_fflags 0x000000000000001b f26 0xc3dfffffffa31cc3
core   0: 0x0000000080004d42 (0x03407a53) fadd.d  fs4, ft0, fs4
core   0: 1 0x0000000080004d42 (0x03407a53) f20 0x7ff8000000000000
core   0: 0x0000000080004d46 (0x5a0ff3d3) fsqrt.d ft7, ft11
core   0: 1 0x0000000080004d46 (0x5a0ff3d3) f7  0x7ff8000000000000
core   0: 0x0000000080004d4a (0x4016f153) fcvt.s.d ft2, fa3
core   0: 1 0x0000000080004d4a (0x4016f153) f2  0xffffffff7fc00000
core   0: 0x0000000080004d4e (0xc203f953) fcvt.w.d s2, ft7
core   0: 1 0x0000000080004d4e (0xc203f953) c1_fflags 0x000000000000001b x18 0x000000007fffffff
core   0: 0x0000000080004d52 (0x0000930a) c.add   t1, sp
core   0: 1 0x0000000080004d52 (0x930a) x6  0xffffffffb13e6187
core   0: 0x0000000080004d54 (0xc0001573) csrrw   a0, cycle, zero
core   0: exception trap_illegal_instruction, epc 0x0000000080004d54
core   0:           tval 0x00000000c0001573
core   0: >>>>  $xrv64i2p1_m2p0_a2p1_f2p2_d2p2_zicsr2p0_zifencei2p0_zmmul1p0_zba1p0_zbb1p0_zbc1p0_zbs1p0
core   0: 0x0000000080004000 (0x0080006f) j       pc + 0x8
core   0: 3 0x0000000080004000 (0x0080006f)
core   0: >>>>  mmode_exception_handler
core   0: 0x0000000080004008 (0x00002c17) auipc   s8, 0x2
core   0: 3 0x0000000080004008 (0x00002c17) x24 0x0000000080006008
core   0: 0x000000008000400c (0x050c0c13) addi    s8, s8, 80
core   0: 3 0x000000008000400c (0x050c0c13) x24 0x0000000080006058
core   0: 0x0000000080004010 (0x000c00e7) jalr    s8
core   0: 3 0x0000000080004010 (0x000c00e7) x1  0x0000000080004014
core   0: >>>>  any_handler
core   0: 0x0000000080006058 (0x341027f3) csrrs   a5, mepc, zero
core   0: 3 0x0000000080006058 (0x341027f3) x15 0x0000000080004d54
core   0: 0x000000008000605c (0x34202773) csrrs   a4, mcause, zero
core   0: 3 0x000000008000605c (0x34202773) x14 0x0000000000000002
core   0: 0x0000000080006060 (0x142026f3) csrrs   a3, scause, zero
core   0: 3 0x0000000080006060 (0x142026f3) x13 0x0000000000000000
core   0: 0x0000000080006064 (0x30402673) csrrs   a2, mie, zero
core   0: 3 0x0000000080006064 (0x30402673) x12 0x0000000000000a00
core   0: 0x0000000080006068 (0x344025f3) csrrs   a1, mip, zero
core   0: 3 0x0000000080006068 (0x344025f3) x11 0x0000000000000080
core   0: 0x000000008000606c (0x343025f3) csrrs   a1, mtval, zero
core   0: 3 0x000000008000606c (0x343025f3) x11 0x00000000c0001573
core   0: 0x0000000080006070 (0x14302573) csrrs   a0, stval, zero
core   0: 3 0x0000000080006070 (0x14302573) x10 0x0000000000000005
core   0: 0x0000000080006074 (0xb02024f3) csrrs   s1, minstret, zero
core   0: 3 0x0000000080006074 (0xb02024f3) x9  0x0000000000000c7d
core   0: 0x0000000080006078 (0x0000a811) c.j     pc + 20
core   0: 3 0x0000000080006078 (0xa811)
core   0: >>>>  mepc_4
core   0: 0x000000008000608c (0x00000791) c.addi  a5, 4
core   0: 3 0x000000008000608c (0x0791) x15 0x0000000080004d58
core   0: 0x000000008000608e (0x34179073) csrrw   zero, mepc, a5
core   0: 3 0x000000008000608e (0x34179073) c833_mepc 0x0000000080004d58
core   0: 0x0000000080006092 (0x30200073) mret
core   0: 3 0x0000000080006092 (0x30200073) c768_mstatus 0x8000000a00106080
core   0: 0x0000000080004d58 (0xc2047dd3) fcvt.w.d s11, fs0
core   0: 1 0x0000000080004d58 (0xc2047dd3) c1_fflags 0x000000000000001b x27 0x000000007fffffff
core   0: 0x0000000080004d5c (0x238d02d3) fsgnj.d ft5, fs10, fs8
core   0: 1 0x0000000080004d5c (0x238d02d3) f5  0x43dfffffffa31cc3
core   0: 0x0000000080004d60 (0x00169af3) csrrw   s5, fflags, a3
core   0: 1 0x0000000080004d60 (0x00169af3) x21 0x000000000000001b c1_fflags 0x0000000000000000
core   0: 0x0000000080004d64 (0x00cad63b) srlw    a2, s5, a2
core   0: 1 0x0000000080004d64 (0x00cad63b) x12 0x000000000000001b
core   0: 0x0000000080004d68 (0x152d8593) addi    a1, s11, 338
core   0: 1 0x0000000080004d68 (0x152d8593) x11 0x0000000080000151
core   0: 0x0000000080004d6c (0x002021f3) csrrs   gp, frm, zero
core   0: 1 0x0000000080004d6c (0x002021f3) x3  0x0000000000000002
core   0: 0x0000000080004d70 (0x41f8d21b) sraiw   tp, a7, 31
core   0: 1 0x0000000080004d70 (0x41f8d21b) x4  0x0000000000000000
core   0: 0x0000000080004d74 (0x00008286) c.mv    t0, ra
core   0: 1 0x0000000080004d74 (0x8286) x5  0x0000000080004014
core   0: 0x0000000080004d76 (0x22a12553) fsgnjx.d fa0, ft2, fa0
core   0: 1 0x0000000080004d76 (0x22a12553) f10 0xffffffff7fc00000
core   0: 0x0000000080004d7a (0x001020f3) csrrs   ra, fflags, zero
core   0: 1 0x0000000080004d7a (0x001020f3) x1  0x0000000000000000
core   0: 0x0000000080004d7e (0x40135cb3) sra     s9, t1, ra
core   0: 1 0x0000000080004d7e (0x40135cb3) x25 0xffffffffb13e6187
core   0: 0x0000000080004d82 (0x03c97613) andi    a2, s2, 60
core   0: 1 0x0000000080004d82 (0x03c97613) x12 0x000000000000003c
core   0: 0x0000000080004d86 (0x62427c47) fmsub.d fs8, ft4, ft4, fa2
core   0: 1 0x0000000080004d86 (0x62427c47) f24 0x7ff8000000000000
core   0: 0x0000000080004d8a (0x00159c73) csrrw   s8, fflags, a1
core   0: 1 0x0000000080004d8a (0x00159c73) x24 0x0000000000000000 c1_fflags 0x0000000000000011
core   0: 0x0000000080004d8e (0xc25c72cf) fnmadd.d ft5, fs8, ft5, fs8
core   0: 1 0x0000000080004d8e (0xc25c72cf) f5  0x7ff8000000000000
core   0: 0x0000000080004d92 (0x00ed9393) slli    t2, s11, 14
core   0: 1 0x0000000080004d92 (0x00ed9393) x7  0x00001fffffffc000
core   0: 0x0000000080004d96 (0xc21c7653) fcvt.wu.d a2, fs8
core   0: 1 0x0000000080004d96 (0xc21c7653) c1_fflags 0x0000000000000011 x12 0xffffffffffffffff
core   0: 0x0000000080004d9a (0x2a050953) fmin.d  fs2, fa0, ft0
core   0: 1 0x0000000080004d9a (0x2a050953) f18 0x7ff8000000000000
core   0: 0x0000000080004d9e (0xd2277c53) fcvt.d.l fs8, a4
core   0: 1 0x0000000080004d9e (0xd2277c53) f24 0x4000000000000000
core   0: 0x0000000080004da2 (0x40fc07bb) subw    a5, s8, a5
core   0: 1 0x0000000080004da2 (0x40fc07bb) x15 0x000000007fffb2a8
core   0: 0x0000000080004da6 (0x41a683bb) subw    t2, a3, s10
core   0: 1 0x0000000080004da6 (0x41a683bb) x7  0xfffffffffffffffe
core   0: 0x0000000080004daa (0x007d5db3) srl     s11, s10, t2
core   0: 1 0x0000000080004daa (0x007d5db3) x27 0x0000000000000000
core   0: 0x0000000080004dae (0x2280a0d3) fsgnjx.d ft1, ft1, fs0
core   0: 1 0x0000000080004dae (0x2280a0d3) f1  0x43ee7195c9d0ad2b
core   0: 0x0000000080004db2 (0xd230f553) fcvt.d.lu fa0, ra
core   0: 1 0x0000000080004db2 (0xd230f553) f10 0x0000000000000000
core   0: 0x0000000080004db6 (0x40015b93) srai    s7, sp, 0
core   0: 1 0x0000000080004db6 (0x40015b93) x23 0xfffffffffffffb87
core   0: 0x0000000080004dba (0x40e75ab3) sra     s5, a4, a4
core   0: 1 0x0000000080004dba (0x40e75ab3) x21 0x0000000000000000
core   0: 0x0000000080004dbe (0x43f0d793) srai    a5, ra, 63
core   0: 1 0x0000000080004dbe (0x43f0d793) x15 0x0000000000000000
core   0: 0x0000000080004dc2 (0xc02f7153) fcvt.l.s sp, ft10
core   0: 1 0x0000000080004dc2 (0xc02f7153) x2  0x0000000000000001
core   0: 0x0000000080004dc6 (0x9a020d9b) addiw   s11, tp, -1632
core   0: 1 0x0000000080004dc6 (0x9a020d9b) x27 0xfffffffffffff9a0
core   0: 0x0000000080004dca (0x016dd193) srli    gp, s11, 22
core   0: 1 0x0000000080004dca (0x016dd193) x3  0x000003ffffffffff
core   0: 0x0000000080004dce (0x22a10253) fsgnj.d ft4, ft2, fa0
core   0: 1 0x0000000080004dce (0x22a10253) f4  0x7fffffff7fc00000
core   0: 0x0000000080004dd2 (0x00000001) c.nop
core   0: 1 0x0000000080004dd2 (0x0001)
core   0: 0x0000000080004dd4 (0x00e875b3) and     a1, a6, a4
core   0: 1 0x0000000080004dd4 (0x00e875b3) x11 0x0000000000000000
core   0: 0x0000000080004dd8 (0x000e1493) slli    s1, t3, 0
core   0: 1 0x0000000080004dd8 (0x000e1493) x9  0xfffffffff14e6af1
core   0: 0x0000000080004ddc (0x0ff0000f) fence   iorw,iorw
core   0: 1 0x0000000080004ddc (0x0ff0000f)
core   0: 0x0000000080004de0 (0x401dfbd3) fcvt.s.d fs7, fs11
core   0: 1 0x0000000080004de0 (0x401dfbd3) f23 0xffffffff3f800000
core   0: 0x0000000080004de4 (0x41b78933) sub     s2, a5, s11
core   0: 1 0x0000000080004de4 (0x41b78933) x18 0x0000000000000660
core   0: 0x0000000080004de8 (0x00202073) csrrs   zero, frm, zero
core   0: 1 0x0000000080004de8 (0x00202073)
core   0: 0x0000000080004dec (0x220eadd3) fsgnjx.d fs11, ft9, ft0
core   0: 1 0x0000000080004dec (0x220eadd3) f27 0xffffffff7fc00000
core   0: 0x0000000080004df0 (0xf6c1c893) xori    a7, gp, -148
core   0: 1 0x0000000080004df0 (0xf6c1c893) x17 0xfffffc0000000093
core   0: 0x0000000080004df4 (0x52216b93) ori     s7, sp, 1314
core   0: 1 0x0000000080004df4 (0x52216b93) x23 0x0000000000000523
core   0: 0x0000000080004df8 (0xa26d87d3) fle.d   a5, fs11, ft6
core   0: 1 0x0000000080004df8 (0xa26d87d3) c1_fflags 0x0000000000000011 x15 0x0000000000000000
core   0: 0x0000000080004dfc (0xc035f2d3) fcvt.lu.s t0, fa1
core   0: 1 0x0000000080004dfc (0xc035f2d3) c1_fflags 0x0000000000000011 x5  0xffffffffffffffff
core   0: 0x0000000080004e00 (0x40137ed3) fcvt.s.d ft9, ft6
core   0: 1 0x0000000080004e00 (0x40137ed3) c1_fflags 0x0000000000000011 f29 0xffffffffcd6b1951
core   0: 0x0000000080004e04 (0x413605bb) subw    a1, a2, s3
core   0: 1 0x0000000080004e04 (0x413605bb) x11 0x000000000009d833
core   0: 0x0000000080004e08 (0x01a39233) sll     tp, t2, s10
core   0: 1 0x0000000080004e08 (0x01a39233) x4  0xfffffffffffffff8
core   0: 0x0000000080004e0c (0x00202573) csrrs   a0, frm, zero
core   0: 1 0x0000000080004e0c (0x00202573) x10 0x0000000000000002
core   0: 0x0000000080004e10 (0x12377d53) fmul.d  fs10, fa4, ft3
core   0: 1 0x0000000080004e10 (0x12377d53) f26 0x7ff8000000000000
core   0: 0x0000000080004e14 (0xc20f7953) fcvt.w.d s2, ft10
core   0: 1 0x0000000080004e14 (0xc20f7953) c1_fflags 0x0000000000000011 x18 0x000000007fffffff
core   0: 0x0000000080004e18 (0x42070fd3) fcvt.d.s ft11, fa4
core   0: 1 0x0000000080004e18 (0x42070fd3) f31 0x7ff8000000000000
core   0: 0x0000000080004e1c (0x13cffe53) fmul.d  ft8, ft11, ft8
core   0: 1 0x0000000080004e1c (0x13cffe53) f28 0x7ff8000000000000
core   0: 0x0000000080004e20 (0x1427fa73) csrrci  s4, scause, 15
core   0: 1 0x0000000080004e20 (0x1427fa73) x20 0x0000000000000000 c322_scause 0x0000000000000000
core   0: 0x0000000080004e24 (0x40bd8db3) sub     s11, s11, a1
core   0: 1 0x0000000080004e24 (0x40bd8db3) x27 0xfffffffffff6216d
core   0: 0x0000000080004e28 (0x03baf8bb) remuw   a7, s5, s11
core   0: 1 0x0000000080004e28 (0x03baf8bb) x17 0x0000000000000000
core   0: 0x0000000080004e2c (0x1276fad3) fmul.d  fs5, fa3, ft7
core   0: 1 0x0000000080004e2c (0x1276fad3) f21 0x7ff8000000000000
core   0: 0x0000000080004e30 (0x13ee7953) fmul.d  fs2, ft8, ft10
core   0: 1 0x0000000080004e30 (0x13ee7953) f18 0x7ff8000000000000
core   0: 0x0000000080004e34 (0x229586d3) fsgnj.d fa3, fa1, fs1
core   0: 1 0x0000000080004e34 (0x229586d3) f13 0x0000000000000000
core   0: 0x0000000080004e38 (0x02547453) fadd.d  fs0, fs0, ft5
core   0: 1 0x0000000080004e38 (0x02547453) f8  0x7ff8000000000000
core   0: 0x0000000080004e3c (0x0378ebbb) remw    s7, a7, s7
core   0: 1 0x0000000080004e3c (0x0378ebbb) x23 0x0000000000000000
core   0: 0x0000000080004e40 (0xc22372d3) fcvt.l.d t0, ft6
core   0: 1 0x0000000080004e40 (0xc22372d3) x5  0xfffffffff14e6af3
core   0: 0x0000000080004e44 (0x0010571b) srliw   a4, zero, 1
core   0: 1 0x0000000080004e44 (0x0010571b) x14 0x0000000000000000
core   0: 0x0000000080004e48 (0x0007581b) srliw   a6, a4, 0
core   0: 1 0x0000000080004e48 (0x0007581b) x16 0x0000000000000000
core   0: 0x0000000080004e4c (0x0010099b) addiw   s3, zero, 1
core   0: 1 0x0000000080004e4c (0x0010099b) x19 0x0000000000000001
core   0: 0x0000000080004e50 (0xec280913) addi    s2, a6, -318
core   0: 1 0x0000000080004e50 (0xec280913) x18 0xfffffffffffffec2
core   0: 0x0000000080004e54 (0x00000001) c.nop
core   0: 1 0x0000000080004e54 (0x0001)
core   0: 0x0000000080004e56 (0x00000001) c.nop
core   0: 1 0x0000000080004e56 (0x0001)
core   0: 0x0000000080004e58 (0x0308f633) remu    a2, a7, a6
core   0: 1 0x0000000080004e58 (0x0308f633) x12 0x0000000000000000
core   0: 0x0000000080004e5c (0x1a6f0a37) lui     s4, 0x1a6f0
core   0: 1 0x0000000080004e5c (0x1a6f0a37) x20 0x000000001a6f0000
core   0: 0x0000000080004e60 (0x00241473) csrrw   s0, frm, s0
core   0: 1 0x0000000080004e60 (0x00241473) x8  0x0000000000000002 c2_frm 0x0000000000000000
core   0: 0x0000000080004e64 (0x40dcd293) srai    t0, s9, 13
core   0: 1 0x0000000080004e64 (0x40dcd293) x5  0xfffffffffffd89f3
core   0: 0x0000000080004e68 (0x4087d693) srai    a3, a5, 8
core   0: 1 0x0000000080004e68 (0x4087d693) x13 0x0000000000000000
core   0: 0x0000000080004e6c (0x005ad2bb) srlw    t0, s5, t0
core   0: 1 0x0000000080004e6c (0x005ad2bb) x5  0x0000000000000000
core   0: 0x0000000080004e70 (0x22741ad3) fsgnjn.d fs5, fs0, ft7
core   0: 1 0x0000000080004e70 (0x22741ad3) f21 0xfff8000000000000
core   0: 0x0000000080004e74 (0xc023fb53) fcvt.l.s s6, ft7
core   0: 1 0x0000000080004e74 (0xc023fb53) c1_fflags 0x0000000000000011 x22 0x7fffffffffffffff
core   0: 0x0000000080004e78 (0x02982db3) mulhsu  s11, a6, s1
core   0: 1 0x0000000080004e78 (0x02982db3) x27 0x0000000000000000
core   0: 0x0000000080004e7c (0x02c61633) mulh    a2, a2, a2
core   0: 1 0x0000000080004e7c (0x02c61633) x12 0x0000000000000000
core   0: 0x0000000080004e80 (0xd22277d3) fcvt.d.l fa5, tp
core   0: 1 0x0000000080004e80 (0xd22277d3) f15 0xc020000000000000
core   0: 0x0000000080004e84 (0x144de1f3) csrrsi  gp, sip, 27
core   0: 1 0x0000000080004e84 (0x144de1f3) x3  0x0000000000000000 c836_mip 0x0000000000000080
core   0: 0x0000000080004e88 (0x001250bb) srlw    ra, tp, ra
core   0: 1 0x0000000080004e88 (0x001250bb) x1  0xfffffffffffffff8
core   0: 0x0000000080004e8c (0x87fa9bb7) lui     s7, 0x87fa9
core   0: 1 0x0000000080004e8c (0x87fa9bb7) x23 0xffffffff87fa9000
core   0: 0x0000000080004e90 (0xfff24c93) not     s9, tp
core   0: 1 0x0000000080004e90 (0xfff24c93) x25 0x0000000000000007
core   0: 0x0000000080004e94 (0x01ab9b1b) slliw   s6, s7, 26
core   0: 1 0x0000000080004e94 (0x01ab9b1b) x22 0x0000000000000000
core   0: 0x0000000080004e98 (0x03184ebb) divw    t4, a6, a7
core   0: 1 0x0000000080004e98 (0x03184ebb) x29 0xffffffffffffffff
core   0: 0x0000000080004e9c (0x023c5b13) srli    s6, s8, 35
core   0: 1 0x0000000080004e9c (0x023c5b13) x22 0x0000000000000000
core   0: 0x0000000080004ea0 (0x02dc423b) divw    tp, s8, a3
core   0: 1 0x0000000080004ea0 (0x02dc423b) x4  0xffffffffffffffff
core   0: 0x0000000080004ea4 (0x5a0f7ad3) fsqrt.d fs5, ft10
core   0: 1 0x0000000080004ea4 (0x5a0f7ad3) f21 0x7ff8000000000000
core   0: 0x0000000080004ea8 (0x00e24733) xor     a4, tp, a4
core   0: 1 0x0000000080004ea8 (0x00e24733) x14 0xffffffffffffffff
core   0: 0x0000000080004eac (0xd027f3d3) fcvt.s.l ft7, a5
core   0: 1 0x0000000080004eac (0xd027f3d3) f7  0xffffffff00000000
core   0: 0x0000000080004eb0 (0x7ff90e9b) addiw   t4, s2, 2047
core   0: 1 0x0000000080004eb0 (0x7ff90e9b) x29 0x00000000000006c1
core   0: 0x0000000080004eb4 (0x1260f24f) fnmadd.d ft4, ft1, ft6, ft2
core   0: 1 0x0000000080004eb4 (0x1260f24f) f4  0x7ff8000000000000
core   0: 0x0000000080004eb8 (0x00176033) or      zero, a4, ra
core   0: 1 0x0000000080004eb8 (0x00176033)
core   0: 0x0000000080004ebc (0x401df8d3) fcvt.s.d fa7, fs11
core   0: 1 0x0000000080004ebc (0x401df8d3) f17 0xffffffff7fc00000
core   0: 0x0000000080004ec0 (0x00171e73) csrrw   t3, fflags, a4
core   0: 1 0x0000000080004ec0 (0x00171e73) x28 0x0000000000000011 c1_fflags 0x000000000000001f
core   0: 0x0000000080004ec4 (0xc21d7ed3) fcvt.wu.d t4, fs10
core   0: 1 0x0000000080004ec4 (0xc21d7ed3) c1_fflags 0x000000000000001f x29 0xffffffffffffffff
core   0: 0x0000000080004ec8 (0x12adfcd3) fmul.d  fs9, fs11, fa0
core   0: 1 0x0000000080004ec8 (0x12adfcd3) f25 0x7ff8000000000000
core   0: 0x0000000080004ecc (0x001021f3) csrrs   gp, fflags, zero
core   0: 1 0x0000000080004ecc (0x001021f3) x3  0x000000000000001f
core   0: 0x0000000080004ed0 (0xd22af2d3) fcvt.d.l ft5, s5
core   0: 1 0x0000000080004ed0 (0xd22af2d3) f5  0x0000000000000000
core   0: 0x0000000080004ed4 (0xc2167853) fcvt.wu.d a6, fa2
core   0: 1 0x0000000080004ed4 (0xc2167853) c1_fflags 0x000000000000001f x16 0xffffffffffffffff
core   0: 0x0000000080004ed8 (0xd21482d3) fcvt.d.wu ft5, s1
core   0: 1 0x0000000080004ed8 (0xd21482d3) f5  0x41ee29cd5e200000
core   0: 0x0000000080004edc (0xc02a7053) fcvt.l.s zero, fs4
core   0: 1 0x0000000080004edc (0xc02a7053) c1_fflags 0x000000000000001f
core   0: 0x0000000080004ee0 (0x02d6b633) mulhu   a2, a3, a3
core   0: 1 0x0000000080004ee0 (0x02d6b633) x12 0x0000000000000000
core   0: 0x0000000080004ee4 (0xe20b8b53) fmv.x.d s6, fs7
core   0: 1 0x0000000080004ee4 (0xe20b8b53) x22 0xffffffff3f800000
core   0: 0x0000000080004ee8 (0x0283d993) srli    s3, t2, 40
core   0: 1 0x0000000080004ee8 (0x0283d993) x19 0x0000000000ffffff
core   0: 0x0000000080004eec (0x03c59393) slli    t2, a1, 60
core   0: 1 0x0000000080004eec (0x03c59393) x7  0x3000000000000000
core   0: 0x0000000080004ef0 (0x40c5d9bb) sraw    s3, a1, a2
core   0: 1 0x0000000080004ef0 (0x40c5d9bb) x19 0x000000000009d833
core   0: 0x0000000080004ef4 (0x03b20233) mul     tp, tp, s11
core   0: 1 0x0000000080004ef4 (0x03b20233) x4  0x0000000000000000
core   0: 0x0000000080004ef8 (0xcacaf64b) fnmsub.d fa2, fs5, fa2, fs9
core   0: 1 0x0000000080004ef8 (0xcacaf64b) f12 0x7ff8000000000000
core   0: 0x0000000080004efc (0x02455ebb) divuw   t4, a0, tp
core   0: 1 0x0000000080004efc (0x02455ebb) x29 0xffffffffffffffff
core   0: 0x0000000080004f00 (0xd2327ad3) fcvt.d.lu fs5, tp
core   0: 1 0x0000000080004f00 (0xd2327ad3) f21 0x0000000000000000
core   0: 0x0000000080004f04 (0x01a30ebb) addw    t4, t1, s10
core   0: 1 0x0000000080004f04 (0x01a30ebb) x29 0xffffffffb13e6189
core   0: 0x0000000080004f08 (0x800d4a93) xori    s5, s10, -2048
core   0: 1 0x0000000080004f08 (0x800d4a93) x21 0xfffffffffffff802
core   0: 0x0000000080004f0c (0x00102973) csrrs   s2, fflags, zero
core   0: 1 0x0000000080004f0c (0x00102973) x18 0x000000000000001f
core   0: 0x0000000080004f10 (0x42028e53) fcvt.d.s ft8, ft5
core   0: 1 0x0000000080004f10 (0x42028e53) f28 0x7ff8000000000000
core   0: 0x0000000080004f14 (0x418ad33b) sraw    t1, s5, s8
core   0: 1 0x0000000080004f14 (0x418ad33b) x6  0xfffffffffffff802
core   0: 0x0000000080004f18 (0xfdd033b7) lui     t2, 0xfdd03
core   0: 1 0x0000000080004f18 (0xfdd033b7) x7  0xfffffffffdd03000
core   0: 0x0000000080004f1c (0x2af494d3) fmax.d  fs1, fs1, fa5
core   0: 1 0x0000000080004f1c (0x2af494d3) f9  0xc020000000000000
core   0: 0x0000000080004f20 (0x22c30753) fsgnj.d fa4, ft6, fa2
core   0: 1 0x0000000080004f20 (0x22c30753) f14 0x41ad632a1a000000
core   0: 0x0000000080004f24 (0x00675a93) srli    s5, a4, 6
core   0: 1 0x0000000080004f24 (0x00675a93) x21 0x03ffffffffffffff
core   0: 0x0000000080004f28 (0x00481c13) slli    s8, a6, 4
core   0: 1 0x0000000080004f28 (0x00481c13) x24 0xfffffffffffffff0
core   0: 0x0000000080004f2c (0xff873137) lui     sp, 0xff873
core   0: 1 0x0000000080004f2c (0xff873137) x2  0xffffffffff873000
core   0: 0x0000000080004f30 (0x5991011b) addiw   sp, sp, 1433
core   0: 1 0x0000000080004f30 (0x5991011b) x2  0xffffffffff873599
core   0: 0x0000000080004f34 (0x00000142) c.slli  sp, 16
core   0: 1 0x0000000080004f34 (0x0142) x2  0xffffff8735990000
core   0: 0x0000000080004f36 (0x3c010113) addi    sp, sp, 960
core   0: 1 0x0000000080004f36 (0x3c010113) x2  0xffffff87359903c0
core   0: 0x0000000080004f3a (0xc2237ad3) fcvt.l.d s5, ft6
core   0: 1 0x0000000080004f3a (0xc2237ad3) x21 0xfffffffff14e6af3
core   0: 0x0000000080004f3e (0x01b999b3) sll     s3, s3, s11
core   0: 1 0x0000000080004f3e (0x01b999b3) x19 0x000000000009d833
core   0: 0x0000000080004f42 (0x40d68dbb) subw    s11, a3, a3
core   0: 1 0x0000000080004f42 (0x40d68dbb) x27 0x0000000000000000
core   0: 0x0000000080004f46 (0x01467733) and     a4, a2, s4
core   0: 1 0x0000000080004f46 (0x01467733) x14 0x0000000000000000
core   0: 0x0000000080004f4a (0x22287243) fmadd.d ft4, fa6, ft2, ft4
core   0: 1 0x0000000080004f4a (0x22287243) f4  0x7ff8000000000000
core   0: 0x0000000080004f4e (0x0197093b) addw    s2, a4, s9
core   0: 1 0x0000000080004f4e (0x0197093b) x18 0x0000000000000007
core   0: 0x0000000080004f52 (0xb02d66f3) csrrsi  a3, minstret, 26
core   0: exception trap_illegal_instruction, epc 0x0000000080004f52
core   0:           tval 0x00000000b02d66f3
core   0: >>>>  $xrv64i2p1_m2p0_a2p1_f2p2_d2p2_zicsr2p0_zifencei2p0_zmmul1p0_zba1p0_zbb1p0_zbc1p0_zbs1p0
core   0: 0x0000000080004000 (0x0080006f) j       pc + 0x8
core   0: 3 0x0000000080004000 (0x0080006f)
core   0: >>>>  mmode_exception_handler
core   0: 0x0000000080004008 (0x00002c17) auipc   s8, 0x2
core   0: 3 0x0000000080004008 (0x00002c17) x24 0x0000000080006008
core   0: 0x000000008000400c (0x050c0c13) addi    s8, s8, 80
core   0: 3 0x000000008000400c (0x050c0c13) x24 0x0000000080006058
core   0: 0x0000000080004010 (0x000c00e7) jalr    s8
core   0: 3 0x0000000080004010 (0x000c00e7) x1  0x0000000080004014
core   0: >>>>  any_handler
core   0: 0x0000000080006058 (0x341027f3) csrrs   a5, mepc, zero
core   0: 3 0x0000000080006058 (0x341027f3) x15 0x0000000080004f52
core   0: 0x000000008000605c (0x34202773) csrrs   a4, mcause, zero
core   0: 3 0x000000008000605c (0x34202773) x14 0x0000000000000002
core   0: 0x0000000080006060 (0x142026f3) csrrs   a3, scause, zero
core   0: 3 0x0000000080006060 (0x142026f3) x13 0x0000000000000000
core   0: 0x0000000080006064 (0x30402673) csrrs   a2, mie, zero
core   0: 3 0x0000000080006064 (0x30402673) x12 0x0000000000000a00
core   0: 0x0000000080006068 (0x344025f3) csrrs   a1, mip, zero
core   0: 3 0x0000000080006068 (0x344025f3) x11 0x0000000000000080
core   0: 0x000000008000606c (0x343025f3) csrrs   a1, mtval, zero
core   0: 3 0x000000008000606c (0x343025f3) x11 0x00000000b02d66f3
core   0: 0x0000000080006070 (0x14302573) csrrs   a0, stval, zero
core   0: 3 0x0000000080006070 (0x14302573) x10 0x0000000000000005
core   0: 0x0000000080006074 (0xb02024f3) csrrs   s1, minstret, zero
core   0: 3 0x0000000080006074 (0xb02024f3) x9  0x0000000000000d0e
core   0: 0x0000000080006078 (0x0000a811) c.j     pc + 20
core   0: 3 0x0000000080006078 (0xa811)
core   0: >>>>  mepc_4
core   0: 0x000000008000608c (0x00000791) c.addi  a5, 4
core   0: 3 0x000000008000608c (0x0791) x15 0x0000000080004f56
core   0: 0x000000008000608e (0x34179073) csrrw   zero, mepc, a5
core   0: 3 0x000000008000608e (0x34179073) c833_mepc 0x0000000080004f56
core   0: 0x0000000080006092 (0x30200073) mret
core   0: 3 0x0000000080006092 (0x30200073) c768_mstatus 0x8000000a00106080
core   0: 0x0000000080004f56 (0xa3e97493) andi    s1, s2, -1474
core   0: 1 0x0000000080004f56 (0xa3e97493) x9  0x0000000000000006
core   0: 0x0000000080004f5a (0x01d7ceb3) xor     t4, a5, t4
core   0: 1 0x0000000080004f5a (0x01d7ceb3) x29 0xffffffff313e2edf
core   0: 0x0000000080004f5e (0x0005c593) xori    a1, a1, 0
core   0: 1 0x0000000080004f5e (0x0005c593) x11 0x00000000b02d66f3
core   0: 0x0000000080004f62 (0xfd67e637) lui     a2, 0xfd67e
core   0: 1 0x0000000080004f62 (0xfd67e637) x12 0xfffffffffd67e000
core   0: 0x0000000080004f66 (0x1436061b) addiw   a2, a2, 323
core   0: 1 0x0000000080004f66 (0x1436061b) x12 0xfffffffffd67e143
core   0: 0x0000000080004f6a (0x00000632) c.slli  a2, 12
core   0: 1 0x0000000080004f6a (0x0632) x12 0xffffffd67e143000
core   0: 0x0000000080004f6c (0x1af60613) addi    a2, a2, 431
core   0: 1 0x0000000080004f6c (0x1af60613) x12 0xffffffd67e1431af
core   0: 0x0000000080004f70 (0x026e78bb) remuw   a7, t3, t1
core   0: 1 0x0000000080004f70 (0x026e78bb) x17 0x0000000000000011
core   0: 0x0000000080004f74 (0xfdd88817) auipc   a6, 0xfdd88
core   0: 1 0x0000000080004f74 (0xfdd88817) x16 0x000000007dd8cf74
core   0: 0x0000000080004f78 (0x4261d193) srai    gp, gp, 38
core   0: 1 0x0000000080004f78 (0x4261d193) x3  0x0000000000000000
core   0: 0x0000000080004f7c (0x03232533) mulhsu  a0, t1, s2
core   0: 1 0x0000000080004f7c (0x03232533) x10 0xffffffffffffffff
core   0: 0x0000000080004f80 (0x413309bb) subw    s3, t1, s3
core   0: 1 0x0000000080004f80 (0x413309bb) x19 0xfffffffffff61fcf
core   0: 0x0000000080004f84 (0x0a587f53) fsub.d  ft10, fa6, ft5
core   0: 1 0x0000000080004f84 (0x0a587f53) f30 0x7ff8000000000000
core   0: 0x0000000080004f88 (0x00eadd1b) srliw   s10, s5, 14
core   0: 1 0x0000000080004f88 (0x00eadd1b) x26 0x000000000003c539
core   0: 0x0000000080004f8c (0xc2377453) fcvt.lu.d s0, fa4
core   0: 1 0x0000000080004f8c (0xc2377453) x8  0x000000000eb1950d
core   0: 0x0000000080004f90 (0x40350db3) sub     s11, a0, gp
core   0: 1 0x0000000080004f90 (0x40350db3) x27 0xffffffffffffffff
core   0: 0x0000000080004f94 (0xd21504d3) fcvt.d.wu fs1, a0
core   0: 1 0x0000000080004f94 (0xd21504d3) f9  0x41efffffffe00000
core   0: 0x0000000080004f98 (0x4064521b) sraiw   tp, s0, 6
core   0: 1 0x0000000080004f98 (0x4064521b) x4  0x00000000003ac654
core   0: 0x0000000080004f9c (0x934976cb) fnmsub.d fa3, fs2, fs4, fs2
core   0: 1 0x0000000080004f9c (0x934976cb) f13 0x7ff8000000000000
core   0: 0x0000000080004fa0 (0x0088d693) srli    a3, a7, 8
core   0: 1 0x0000000080004fa0 (0x0088d693) x13 0x0000000000000000
core   0: 0x0000000080004fa4 (0x4147da93) srai    s5, a5, 20
core   0: 1 0x0000000080004fa4 (0x4147da93) x21 0x0000000000000800
core   0: 0x0000000080004fa8 (0x0ff0000f) fence   iorw,iorw
core   0: 1 0x0000000080004fa8 (0x0ff0000f)
core   0: 0x0000000080004fac (0xe2078853) fmv.x.d a6, fa5
core   0: 1 0x0000000080004fac (0xe2078853) x16 0xc020000000000000
core   0: 0x0000000080004fb0 (0x00444033) xor     zero, s0, tp
core   0: 1 0x0000000080004fb0 (0x00444033)
core   0: 0x0000000080004fb4 (0x4017f8d3) fcvt.s.d fa7, fa5
core   0: 1 0x0000000080004fb4 (0x4017f8d3) f17 0xffffffffc1000000
core   0: 0x0000000080004fb8 (0xd0317653) fcvt.s.lu fa2, sp
core   0: 1 0x0000000080004fb8 (0xd0317653) c1_fflags 0x000000000000001f f12 0xffffffff5f800000
core   0: 0x0000000080004fbc (0x036d9693) slli    a3, s11, 54
core   0: 1 0x0000000080004fbc (0x036d9693) x13 0xffc0000000000000
core   0: 0x0000000080004fc0 (0xa31ca5d3) feq.d   a1, fs9, fa7
core   0: 1 0x0000000080004fc0 (0xa31ca5d3) x11 0x0000000000000000
core   0: 0x0000000080004fc4 (0x03199733) mulh    a4, s3, a7
core   0: 1 0x0000000080004fc4 (0x03199733) x14 0xffffffffffffffff
core   0: 0x0000000080004fc8 (0x03b8f633) remu    a2, a7, s11
core   0: 1 0x0000000080004fc8 (0x03b8f633) x12 0x0000000000000011
core   0: 0x0000000080004fcc (0x03c4e4bb) remw    s1, s1, t3
core   0: 1 0x0000000080004fcc (0x03c4e4bb) x9  0x0000000000000006
core   0: 0x0000000080004fd0 (0x02e3d213) srli    tp, t2, 46
core   0: 1 0x0000000080004fd0 (0x02e3d213) x4  0x000000000003ffff
core   0: 0x0000000080004fd4 (0x007205b3) add     a1, tp, t2
core   0: 1 0x0000000080004fd4 (0x007205b3) x11 0xfffffffffdd42fff
core   0: 0x0000000080004fd8 (0xd037f1d3) fcvt.s.lu ft3, a5
core   0: 1 0x0000000080004fd8 (0xd037f1d3) c1_fflags 0x000000000000001f f3  0xffffffff4f00004f
core   0: 0x0000000080004fdc (0x038386b3) mul     a3, t2, s8
core   0: 1 0x0000000080004fdc (0x038386b3) x13 0xfee8172d51908000
core   0: 0x0000000080004fe0 (0x0019d993) srli    s3, s3, 1
core   0: 1 0x0000000080004fe0 (0x0019d993) x19 0x7ffffffffffb0fe7
core   0: 0x0000000080004fe4 (0x10506e73) csrrsi  t3, stvec, 0
core   0: 1 0x0000000080004fe4 (0x10506e73) x28 0x0000000000000000
core   0: 0x0000000080004fe8 (0x011290b3) sll     ra, t0, a7
core   0: 1 0x0000000080004fe8 (0x011290b3) x1  0x0000000000000000
core   0: 0x0000000080004fec (0xc038f853) fcvt.lu.s a6, fa7
core   0: 1 0x0000000080004fec (0xc038f853) c1_fflags 0x000000000000001f x16 0x0000000000000000
core   0: 0x0000000080004ff0 (0x1415adf3) csrrs   s11, sepc, a1
core   0: 1 0x0000000080004ff0 (0x1415adf3) x27 0x0000000000000000 c321_sepc 0xfffffffffdd42ffe
core   0: 0x0000000080004ff4 (0x00261673) csrrw   a2, frm, a2
core   0: 1 0x0000000080004ff4 (0x00261673) x12 0x0000000000000000 c2_frm 0x0000000000000001
core   0: 0x0000000080004ff8 (0x2b6d8053) fmin.d  ft0, fs11, fs6
core   0: 1 0x0000000080004ff8 (0x2b6d8053) f0  0x41ee719612000000
core   0: 0x0000000080004ffc (0xa2b58253) fle.d   tp, fa1, fa1
core   0: 1 0x0000000080004ffc (0xa2b58253) x4  0x0000000000000001
core   0: 0x0000000080005000 (0xa2da0c53) fle.d   s8, fs4, fa3
core   0: 1 0x0000000080005000 (0xa2da0c53) c1_fflags 0x000000000000001f x24 0x0000000000000000
core   0: 0x0000000080005004 (0x00de5e33) srl     t3, t3, a3
core   0: 1 0x0000000080005004 (0x00de5e33) x28 0x0000000000000000
core   0: 0x0000000080005008 (0xe2000a53) fmv.x.d s4, ft0
core   0: 1 0x0000000080005008 (0xe2000a53) x20 0x41ee719612000000
core   0: 0x000000008000500c (0x00102df3) csrrs   s11, fflags, zero
core   0: 1 0x000000008000500c (0x00102df3) x27 0x000000000000001f
core   0: 0x0000000080005010 (0x034dd233) divu    tp, s11, s4
core   0: 1 0x0000000080005010 (0x034dd233) x4  0x0000000000000000
core   0: 0x0000000080005014 (0x413801bb) subw    gp, a6, s3
core   0: 1 0x0000000080005014 (0x413801bb) x3  0x000000000004f019
core   0: 0x0000000080005018 (0xd021f453) fcvt.s.l fs0, gp
core   0: 1 0x0000000080005018 (0xd021f453) f8  0xffffffff489e0320
core   0: 0x000000008000501c (0x0384ab33) mulhsu  s6, s1, s8
core   0: 1 0x000000008000501c (0x0384ab33) x22 0x0000000000000000
core   0: 0x0000000080005020 (0x3c328813) addi    a6, t0, 963
core   0: 1 0x0000000080005020 (0x3c328813) x16 0x00000000000003c3
core   0: 0x0000000080005024 (0x228aa4d3) fsgnjx.d fs1, fs5, fs0
core   0: 1 0x0000000080005024 (0x228aa4d3) f9  0x8000000000000000
core   0: 0x0000000080005028 (0x01c85e3b) srlw    t3, a6, t3
core   0: 1 0x0000000080005028 (0x01c85e3b) x28 0x00000000000003c3
core   0: 0x000000008000502c (0x008a1a3b) sllw    s4, s4, s0
core   0: 1 0x000000008000502c (0x008a1a3b) x20 0x0000000000000000
core   0: 0x0000000080005030 (0x001712f3) csrrw   t0, fflags, a4
core   0: 1 0x0000000080005030 (0x001712f3) x5  0x000000000000001f c1_fflags 0x000000000000001f
core   0: 0x0000000080005034 (0x000b9d9b) slliw   s11, s7, 0
core   0: 1 0x0000000080005034 (0x000b9d9b) x27 0xffffffff87fa9000
core   0: 0x0000000080005038 (0x00064413) xori    s0, a2, 0
core   0: 1 0x0000000080005038 (0x00064413) x8  0x0000000000000000
core   0: 0x000000008000503c (0x002699f3) csrrw   s3, frm, a3
core   0: 1 0x000000008000503c (0x002699f3) x19 0x0000000000000001 c2_frm 0x0000000000000000
core   0: 0x0000000080005040 (0x00061e13) slli    t3, a2, 0
core   0: 1 0x0000000080005040 (0x00061e13) x28 0x0000000000000000
core   0: 0x0000000080005044 (0xd2140bd3) fcvt.d.wu fs7, s0
core   0: 1 0x0000000080005044 (0xd2140bd3) f23 0x0000000000000000
core   0: 0x0000000080005048 (0x3291f1c3) fmadd.d ft3, ft3, fs1, ft6
core   0: 1 0x0000000080005048 (0x3291f1c3) f3  0x7ff8000000000000
core   0: 0x000000008000504c (0x01f9d19b) srliw   gp, s3, 31
core   0: 1 0x000000008000504c (0x01f9d19b) x3  0x0000000000000000
core   0: 0x0000000080005050 (0xd20583d3) fcvt.d.w ft7, a1
core   0: 1 0x0000000080005050 (0xd20583d3) f7  0xc1815e8008000000
core   0: 0x0000000080005054 (0x01819b33) sll     s6, gp, s8
core   0: 1 0x0000000080005054 (0x01819b33) x22 0x0000000000000000
core   0: 0x0000000080005058 (0x135d7d53) fmul.d  fs10, fs10, fs5
core   0: 1 0x0000000080005058 (0x135d7d53) f26 0x7ff8000000000000
core   0: 0x000000008000505c (0xd22bf953) fcvt.d.l fs2, s7
core   0: 1 0x000000008000505c (0xd22bf953) f18 0xc1de015c00000000
core   0: 0x0000000080005060 (0x015c5ab3) srl     s5, s8, s5
core   0: 1 0x0000000080005060 (0x015c5ab3) x21 0x0000000000000000
core   0: 0x0000000080005064 (0x00049c9b) slliw   s9, s1, 0
core   0: 1 0x0000000080005064 (0x00049c9b) x25 0x0000000000000006
core   0: 0x0000000080005068 (0x5a0bfbd3) fsqrt.d fs7, fs7
core   0: 1 0x0000000080005068 (0x5a0bfbd3) f23 0x0000000000000000
core   0: 0x000000008000506c (0x40570eb3) sub     t4, a4, t0
core   0: 1 0x000000008000506c (0x40570eb3) x29 0xffffffffffffffe0
core   0: 0x0000000080005070 (0x23ed0f53) fsgnj.d ft10, fs10, ft10
core   0: 1 0x0000000080005070 (0x23ed0f53) f30 0x7ff8000000000000
core   0: 0x0000000080005074 (0x039268bb) remw    a7, tp, s9
core   0: 1 0x0000000080005074 (0x039268bb) x17 0x0000000000000000
core   0: 0x0000000080005078 (0x007743b3) xor     t2, a4, t2
core   0: 1 0x0000000080005078 (0x007743b3) x7  0x00000000022fcfff
core   0: 0x000000008000507c (0xa2990353) fle.d   t1, fs2, fs1
core   0: 1 0x000000008000507c (0xa2990353) x6  0x0000000000000001
core   0: 0x0000000080005080 (0x41bddab3) sra     s5, s11, s11
core   0: 1 0x0000000080005080 (0x41bddab3) x21 0xffffffff87fa9000
core   0: 0x0000000080005084 (0x406b08b3) sub     a7, s6, t1
core   0: 1 0x0000000080005084 (0x406b08b3) x17 0xffffffffffffffff
core   0: 0x0000000080005088 (0x00202b73) csrrs   s6, frm, zero
core   0: 1 0x0000000080005088 (0x00202b73) x22 0x0000000000000000
core   0: 0x000000008000508c (0xd20205d3) fcvt.d.w fa1, tp
core   0: 1 0x000000008000508c (0xd20205d3) f11 0x0000000000000000
core   0: 0x0000000080005090 (0x416683b3) sub     t2, a3, s6
core   0: 1 0x0000000080005090 (0x416683b3) x7  0xfee8172d51908000
core   0: 0x0000000080005094 (0x00dadabb) srlw    s5, s5, a3
core   0: 1 0x0000000080005094 (0x00dadabb) x21 0xffffffff87fa9000
core   0: 0x0000000080005098 (0xe20d8153) fmv.x.d sp, fs11
core   0: 1 0x0000000080005098 (0xe20d8153) x2  0xffffffff7fc00000
core   0: 0x000000008000509c (0x23639f53) fsgnjn.d ft10, ft7, fs6
core   0: 1 0x000000008000509c (0x23639f53) f30 0xc1815e8008000000
core   0: 0x00000000800050a0 (0x0071181b) slliw   a6, sp, 7
core   0: 1 0x00000000800050a0 (0x0071181b) x16 0xffffffffe0000000
core   0: 0x00000000800050a4 (0x82b4f843) fmadd.d fa6, fs1, fa1, fa6
core   0: 1 0x00000000800050a4 (0x82b4f843) f16 0x7ff8000000000000
core   0: 0x00000000800050a8 (0x02c495b3) mulh    a1, s1, a2
core   0: 1 0x00000000800050a8 (0x02c495b3) x11 0x0000000000000000
core   0: 0x00000000800050ac (0x00095493) srli    s1, s2, 0
core   0: 1 0x00000000800050ac (0x00095493) x9  0x0000000000000007
core   0: 0x00000000800050b0 (0x012dc2b3) xor     t0, s11, s2
core   0: 1 0x00000000800050b0 (0x012dc2b3) x5  0xffffffff87fa9007
core   0: 0x00000000800050b4 (0x0184fc33) and     s8, s1, s8
core   0: 1 0x00000000800050b4 (0x0184fc33) x24 0x0000000000000000
core   0: 0x00000000800050b8 (0x4185873b) subw    a4, a1, s8
core   0: 1 0x00000000800050b8 (0x4185873b) x14 0x0000000000000000
core   0: 0x00000000800050bc (0x4100501b) sraiw   zero, zero, 16
core   0: 1 0x00000000800050bc (0x4100501b)
core   0: 0x00000000800050c0 (0x01804993) xori    s3, zero, 24
core   0: 1 0x00000000800050c0 (0x01804993) x19 0x0000000000000018
core   0: 0x00000000800050c4 (0x00000001) c.nop
core   0: 1 0x00000000800050c4 (0x0001)
core   0: 0x00000000800050c6 (0x0057123b) sllw    tp, a4, t0
core   0: 1 0x00000000800050c6 (0x0057123b) x4  0x0000000000000000
core   0: 0x00000000800050ca (0x82bdffcf) fnmadd.d ft11, fs11, fa1, fa6
core   0: 1 0x00000000800050ca (0x82bdffcf) f31 0x7ff8000000000000
core   0: 0x00000000800050ce (0x40165793) srai    a5, a2, 1
core   0: 1 0x00000000800050ce (0x40165793) x15 0x0000000000000000
core   0: 0x00000000800050d2 (0x03fafad3) fadd.d  fs5, fs5, ft11
core   0: 1 0x00000000800050d2 (0x03fafad3) f21 0x7ff8000000000000
core   0: 0x00000000800050d6 (0x015ad393) srli    t2, s5, 21
core   0: 1 0x00000000800050d6 (0x015ad393) x7  0x000007fffffffc3f
core   0: 0x00000000800050da (0x8acea2b7) lui     t0, 0x8acea
core   0: 1 0x00000000800050da (0x8acea2b7) x5  0xffffffff8acea000
core   0: 0x00000000800050de (0x23082c53) fsgnjx.d fs8, fa6, fa6
core   0: 1 0x00000000800050de (0x23082c53) f24 0x7ff8000000000000
core   0: 0x00000000800050e2 (0x0000926a) c.add   tp, s10
core   0: 1 0x00000000800050e2 (0x926a) x4  0x000000000003c539
core   0: 0x00000000800050e4 (0x2b5f98d3) fmax.d  fa7, ft11, fs5
core   0: 1 0x00000000800050e4 (0x2b5f98d3) f17 0x7ff8000000000000
core   0: 0x00000000800050e8 (0x000ed013) srli    zero, t4, 0
core   0: 1 0x00000000800050e8 (0x000ed013)
core   0: 0x00000000800050ec (0x67190e1b) addiw   t3, s2, 1649
core   0: 1 0x00000000800050ec (0x67190e1b) x28 0x0000000000000678
core   0: 0x00000000800050f0 (0xfd4a8a37) lui     s4, 0xfd4a8
core   0: 1 0x00000000800050f0 (0xfd4a8a37) x20 0xfffffffffd4a8000
core   0: 0x00000000800050f4 (0x8cda0a1b) addiw   s4, s4, -1843
core   0: 1 0x00000000800050f4 (0x8cda0a1b) x20 0xfffffffffd4a78cd
core   0: 0x00000000800050f8 (0x00000a32) c.slli  s4, 12
core   0: 1 0x00000000800050f8 (0x0a32) x20 0xffffffd4a78cd000
core   0: 0x00000000800050fa (0xe61a0a13) addi    s4, s4, -415
core   0: 1 0x00000000800050fa (0xe61a0a13) x20 0xffffffd4a78cce61
core   0: 0x00000000800050fe (0x03b4d23b) divuw   tp, s1, s11
core   0: 1 0x00000000800050fe (0x03b4d23b) x4  0x0000000000000000
core   0: 0x0000000080005102 (0x001590b3) sll     ra, a1, ra
core   0: 1 0x0000000080005102 (0x001590b3) x1  0x0000000000000000
core   0: 0x0000000080005106 (0x83e3ff4b) fnmsub.d ft10, ft7, ft10, fa6
core   0: 1 0x0000000080005106 (0x83e3ff4b) f30 0x7ff8000000000000
core   0: 0x000000008000510a (0x401b54bb) sraw    s1, s6, ra
core   0: 1 0x000000008000510a (0x401b54bb) x9  0x0000000000000000
core   0: 0x000000008000510e (0x5a0f7453) fsqrt.d fs0, ft10
core   0: 1 0x000000008000510e (0x5a0f7453) f8  0x7ff8000000000000
core   0: 0x0000000080005112 (0x0140d7b3) srl     a5, ra, s4
core   0: 1 0x0000000080005112 (0x0140d7b3) x15 0x0000000000000000
core   0: 0x0000000080005116 (0x00951bbb) sllw    s7, a0, s1
core   0: 1 0x0000000080005116 (0x00951bbb) x23 0xffffffffffffffff
core   0: 0x000000008000511a (0x001a11f3) csrrw   gp, fflags, s4
core   0: 1 0x000000008000511a (0x001a11f3) x3  0x000000000000001f c1_fflags 0x0000000000000001
core   0: 0x000000008000511e (0x02e8763b) remuw   a2, a6, a4
core   0: 1 0x000000008000511e (0x02e8763b) x12 0xffffffffe0000000
core   0: 0x0000000080005122 (0xa3db08d3) fle.d   a7, fs6, ft9
core   0: 1 0x0000000080005122 (0xa3db08d3) c1_fflags 0x0000000000000011 x17 0x0000000000000000
core   0: 0x0000000080005126 (0x00ecd4bb) srlw    s1, s9, a4
core   0: 1 0x0000000080005126 (0x00ecd4bb) x9  0x0000000000000006
core   0: 0x000000008000512a (0xe2038bd3) fmv.x.d s7, ft7
core   0: 1 0x000000008000512a (0xe2038bd3) x23 0xc1815e8008000000
core   0: 0x000000008000512e (0x0288f053) fadd.d  ft0, fa7, fs0
core   0: 1 0x000000008000512e (0x0288f053) f0  0x7ff8000000000000
core   0: 0x0000000080005132 (0x4028d0b3) sra     ra, a7, sp
core   0: 1 0x0000000080005132 (0x4028d0b3) x1  0x0000000000000000
core   0: 0x0000000080005136 (0x015b5813) srli    a6, s6, 21
core   0: 1 0x0000000080005136 (0x015b5813) x16 0x0000000000000000
core   0: 0x000000008000513a (0x4a75c493) xori    s1, a1, 1191
core   0: 1 0x000000008000513a (0x4a75c493) x9  0x00000000000004a7
core   0: 0x000000008000513e (0x0ff0000f) fence   iorw,iorw
core   0: 1 0x000000008000513e (0x0ff0000f)
core   0: 0x0000000080005142 (0x00202bf3) csrrs   s7, frm, zero
core   0: 1 0x0000000080005142 (0x00202bf3) x23 0x0000000000000000
core   0: 0x0000000080005146 (0x0000327d) c.addiw tp, -1
core   0: 1 0x0000000080005146 (0x327d) x4  0xffffffffffffffff
core   0: 0x0000000080005148 (0xa3e40dd3) fle.d   s11, fs0, ft10
core   0: 1 0x0000000080005148 (0xa3e40dd3) c1_fflags 0x0000000000000011 x27 0x0000000000000000
core   0: 0x000000008000514c (0x00102cf3) csrrs   s9, fflags, zero
core   0: 1 0x000000008000514c (0x00102cf3) x25 0x0000000000000011
core   0: 0x0000000080005150 (0x4137d09b) sraiw   ra, a5, 19
core   0: 1 0x0000000080005150 (0x4137d09b) x1  0x0000000000000000
core   0: 0x0000000080005154 (0x000891b3) sll     gp, a7, zero
core   0: 1 0x0000000080005154 (0x000891b3) x3  0x0000000000000000
core   0: 0x0000000080005158 (0x02d2b5b3) mulhu   a1, t0, a3
core   0: 1 0x0000000080005158 (0x02d2b5b3) x11 0xfee8172cdcdf4364
core   0: 0x000000008000515c (0x40328a3b) subw    s4, t0, gp
core   0: 1 0x000000008000515c (0x40328a3b) x20 0xffffffff8acea000
core   0: 0x0000000080005160 (0x001494f3) csrrw   s1, fflags, s1
core   0: 1 0x0000000080005160 (0x001494f3) x9  0x0000000000000011 c1_fflags 0x0000000000000007
core   0: 0x0000000080005164 (0x40107053) fcvt.s.d ft0, ft0
core   0: 1 0x0000000080005164 (0x40107053) f0  0xffffffff7fc00000
core   0: 0x0000000080005168 (0x02972133) mulhsu  sp, a4, s1
core   0: 1 0x0000000080005168 (0x02972133) x2  0x0000000000000000
core   0: 0x000000008000516c (0x2213a3d3) fsgnjx.d ft7, ft7, ft1
core   0: 1 0x000000008000516c (0x2213a3d3) f7  0xc1815e8008000000
core   0: 0x0000000080005170 (0xd0377c53) fcvt.s.lu fs8, a4
core   0: 1 0x0000000080005170 (0xd0377c53) f24 0xffffffff00000000
core   0: 0x0000000080005174 (0x405dd6b3) sra     a3, s11, t0
core   0: 1 0x0000000080005174 (0x405dd6b3) x13 0x0000000000000000
core   0: 0x0000000080005178 (0x4064511b) sraiw   sp, s0, 6
core   0: 1 0x0000000080005178 (0x4064511b) x2  0x0000000000000000
core   0: 0x000000008000517c (0x01982b33) slt     s6, a6, s9
core   0: 1 0x000000008000517c (0x01982b33) x22 0x0000000000000001
core   0: 0x0000000080005180 (0x40bad89b) sraiw   a7, s5, 11
core   0: 1 0x0000000080005180 (0x40bad89b) x17 0xfffffffffff0ff52
core   0: 0x0000000080005184 (0x00000001) c.nop
core   0: 1 0x0000000080005184 (0x0001)
core   0: 0x0000000080005186 (0x034bae33) mulhsu  t3, s7, s4
core   0: 1 0x0000000080005186 (0x034bae33) x28 0x0000000000000000
core   0: 0x000000008000518a (0x657e4793) xori    a5, t3, 1623
core   0: 1 0x000000008000518a (0x657e4793) x15 0x0000000000000657
core   0: 0x000000008000518e (0x00f4cb33) xor     s6, s1, a5
core   0: 1 0x000000008000518e (0x00f4cb33) x22 0x0000000000000646
core   0: 0x0000000080005192 (0x00000001) c.nop
core   0: 1 0x0000000080005192 (0x0001)
core   0: 0x0000000080005194 (0x00107e13) andi    t3, zero, 1
core   0: 1 0x0000000080005194 (0x00107e13) x28 0x0000000000000000
core   0: 0x0000000080005198 (0x0ff0000f) fence   iorw,iorw
core   0: 1 0x0000000080005198 (0x0ff0000f)
core   0: 0x000000008000519c (0x414653b3) sra     t2, a2, s4
core   0: 1 0x000000008000519c (0x414653b3) x7  0xffffffffe0000000
core   0: 0x00000000800051a0 (0x22b12cd3) fsgnjx.d fs9, ft2, fa1
core   0: 1 0x00000000800051a0 (0x22b12cd3) f25 0xffffffff7fc00000
core   0: 0x00000000800051a4 (0x036056bb) divuw   a3, zero, s6
core   0: 1 0x00000000800051a4 (0x036056bb) x13 0x0000000000000000
core   0: 0x00000000800051a8 (0x0b9a7753) fsub.d  fa4, fs4, fs9
core   0: 1 0x00000000800051a8 (0x0b9a7753) f14 0x7ff8000000000000
core   0: 0x00000000800051ac (0x03db473b) divw    a4, s6, t4
core   0: 1 0x00000000800051ac (0x03db473b) x14 0xffffffffffffffce
core   0: 0x00000000800051b0 (0x405c0db3) sub     s11, s8, t0
core   0: 1 0x00000000800051b0 (0x405c0db3) x27 0x0000000075316000
core   0: 0x00000000800051b4 (0xa75cfe13) andi    t3, s9, -1419
core   0: 1 0x00000000800051b4 (0xa75cfe13) x28 0x0000000000000011
core   0: 0x00000000800051b8 (0x02b5f0bb) remuw   ra, a1, a1
core   0: 1 0x00000000800051b8 (0x02b5f0bb) x1  0x0000000000000000
core   0: 0x00000000800051bc (0x00047613) andi    a2, s0, 0
core   0: 1 0x00000000800051bc (0x00047613) x12 0x0000000000000000
core   0: 0x00000000800051c0 (0x03f0d693) srli    a3, ra, 63
core   0: 1 0x00000000800051c0 (0x03f0d693) x13 0x0000000000000000
core   0: 0x00000000800051c4 (0x03d655b3) divu    a1, a2, t4
core   0: 1 0x00000000800051c4 (0x03d655b3) x11 0x0000000000000000
core   0: 0x00000000800051c8 (0x82ea784f) fnmadd.d fa6, fs4, fa4, fa6
core   0: 1 0x00000000800051c8 (0x82ea784f) f16 0x7ff8000000000000
core   0: 0x00000000800051cc (0xc03af753) fcvt.lu.s a4, fs5
core   0: 1 0x00000000800051cc (0xc03af753) c1_fflags 0x0000000000000017 x14 0xffffffffffffffff
core   0: 0x00000000800051d0 (0x00f8dbbb) srlw    s7, a7, a5
core   0: 1 0x00000000800051d0 (0x00f8dbbb) x23 0x00000000000001ff
core   0: 0x00000000800051d4 (0x4c3bb837) lui     a6, 0x4c3bb
core   0: 1 0x00000000800051d4 (0x4c3bb837) x16 0x000000004c3bb000
core   0: 0x00000000800051d8 (0x00202af3) csrrs   s5, frm, zero
core   0: 1 0x00000000800051d8 (0x00202af3) x21 0x0000000000000000
core   0: 0x00000000800051dc (0x401976d3) fcvt.s.d fa3, fs2
core   0: 1 0x00000000800051dc (0x401976d3) f13 0xffffffffcef00ae0
core   0: 0x00000000800051e0 (0xe9bb1597) auipc   a1, 0xe9bb1
core   0: 1 0x00000000800051e0 (0xe9bb1597) x11 0x0000000069bb61e0
core   0: 0x00000000800051e4 (0x03f69213) slli    tp, a3, 63
core   0: 1 0x00000000800051e4 (0x03f69213) x4  0x0000000000000000
core   0: 0x00000000800051e8 (0x03bc4b33) div     s6, s8, s11
core   0: 1 0x00000000800051e8 (0x03bc4b33) x22 0x0000000000000000
core   0: 0x00000000800051ec (0x007440b3) xor     ra, s0, t2
core   0: 1 0x00000000800051ec (0x007440b3) x1  0xffffffffe0000000
core   0: 0x00000000800051f0 (0x005292bb) sllw    t0, t0, t0
core   0: 1 0x00000000800051f0 (0x005292bb) x5  0xffffffff8acea000
core   0: 0x00000000800051f4 (0x1a97ffd3) fdiv.d  ft11, fa5, fs1
core   0: 1 0x00000000800051f4 (0x1a97ffd3) c1_fflags 0x000000000000001f f31 0x7ff0000000000000
core   0: 0x00000000800051f8 (0xbee2cc97) auipc   s9, 0xbee2c
core   0: 1 0x00000000800051f8 (0xbee2cc97) x25 0x000000003ee311f8
core   0: 0x00000000800051fc (0xc227f9d3) fcvt.l.d s3, fa5
core   0: 1 0x00000000800051fc (0xc227f9d3) x19 0xfffffffffffffff8
core   0: 0x0000000080005200 (0xe150019b) addiw   gp, zero, -491
core   0: 1 0x0000000080005200 (0xe150019b) x3  0xfffffffffffffe15
core   0: 0x0000000080005204 (0x003c1d37) lui     s10, 0x3c1
core   0: 1 0x0000000080005204 (0x003c1d37) x26 0x00000000003c1000
core   0: 0x0000000080005208 (0x5b5d0d1b) addiw   s10, s10, 1461
core   0: 1 0x0000000080005208 (0x5b5d0d1b) x26 0x00000000003c15b5
core   0: 0x000000008000520c (0x00000d36) c.slli  s10, 13
core   0: 1 0x000000008000520c (0x0d36) x26 0x0000000782b6a000
core   0: 0x000000008000520e (0xe43d0d13) addi    s10, s10, -445
core   0: 1 0x000000008000520e (0xe43d0d13) x26 0x0000000782b69e43
core   0: 0x0000000080005212 (0xd221fdd3) fcvt.d.l fs11, gp
core   0: 1 0x0000000080005212 (0xd221fdd3) f27 0xc07eb00000000000
core   0: 0x0000000080005216 (0xe20403d3) fmv.x.d t2, fs0
core   0: 1 0x0000000080005216 (0xe20403d3) x7  0x7ff8000000000000
core   0: 0x000000008000521a (0xd21d88d3) fcvt.d.wu fa7, s11
core   0: 1 0x000000008000521a (0xd21d88d3) f17 0x41dd4c5800000000
core   0: 0x000000008000521e (0xf2008053) fmv.d.x ft0, ra
core   0: 1 0x000000008000521e (0xf2008053) f0  0xffffffffe0000000
core   0: 0x0000000080005222 (0x011b44b3) xor     s1, s6, a7
core   0: 1 0x0000000080005222 (0x011b44b3) x9  0xfffffffffff0ff52
core   0: 0x0000000080005226 (0x401cfc53) fcvt.s.d fs8, fs9
core   0: 1 0x0000000080005226 (0x401cfc53) f24 0xffffffff7fc00000
core   0: 0x000000008000522a (0xb02c3773) csrrc   a4, minstret, s8
core   0: exception trap_illegal_instruction, epc 0x000000008000522a
core   0:           tval 0x00000000b02c3773
core   0: >>>>  $xrv64i2p1_m2p0_a2p1_f2p2_d2p2_zicsr2p0_zifencei2p0_zmmul1p0_zba1p0_zbb1p0_zbc1p0_zbs1p0
core   0: 0x0000000080004000 (0x0080006f) j       pc + 0x8
core   0: 3 0x0000000080004000 (0x0080006f)
core   0: >>>>  mmode_exception_handler
core   0: 0x0000000080004008 (0x00002c17) auipc   s8, 0x2
core   0: 3 0x0000000080004008 (0x00002c17) x24 0x0000000080006008
core   0: 0x000000008000400c (0x050c0c13) addi    s8, s8, 80
core   0: 3 0x000000008000400c (0x050c0c13) x24 0x0000000080006058
core   0: 0x0000000080004010 (0x000c00e7) jalr    s8
core   0: 3 0x0000000080004010 (0x000c00e7) x1  0x0000000080004014
core   0: >>>>  any_handler
core   0: 0x0000000080006058 (0x341027f3) csrrs   a5, mepc, zero
core   0: 3 0x0000000080006058 (0x341027f3) x15 0x000000008000522a
core   0: 0x000000008000605c (0x34202773) csrrs   a4, mcause, zero
core   0: 3 0x000000008000605c (0x34202773) x14 0x0000000000000002
core   0: 0x0000000080006060 (0x142026f3) csrrs   a3, scause, zero
core   0: 3 0x0000000080006060 (0x142026f3) x13 0x0000000000000000
core   0: 0x0000000080006064 (0x30402673) csrrs   a2, mie, zero
core   0: 3 0x0000000080006064 (0x30402673) x12 0x0000000000000a00
core   0: 0x0000000080006068 (0x344025f3) csrrs   a1, mip, zero
core   0: 3 0x0000000080006068 (0x344025f3) x11 0x0000000000000080
core   0: 0x000000008000606c (0x343025f3) csrrs   a1, mtval, zero
core   0: 3 0x000000008000606c (0x343025f3) x11 0x00000000b02c3773
core   0: 0x0000000080006070 (0x14302573) csrrs   a0, stval, zero
core   0: 3 0x0000000080006070 (0x14302573) x10 0x0000000000000005
core   0: 0x0000000080006074 (0xb02024f3) csrrs   s1, minstret, zero
core   0: 3 0x0000000080006074 (0xb02024f3) x9  0x0000000000000dd7
core   0: 0x0000000080006078 (0x0000a811) c.j     pc + 20
core   0: 3 0x0000000080006078 (0xa811)
core   0: >>>>  mepc_4
core   0: 0x000000008000608c (0x00000791) c.addi  a5, 4
core   0: 3 0x000000008000608c (0x0791) x15 0x000000008000522e
core   0: 0x000000008000608e (0x34179073) csrrw   zero, mepc, a5
core   0: 3 0x000000008000608e (0x34179073) c833_mepc 0x000000008000522e
core   0: 0x0000000080006092 (0x30200073) mret
core   0: 3 0x0000000080006092 (0x30200073) c768_mstatus 0x8000000a00106080
core   0: 0x000000008000522e (0x0161179b) slliw   a5, sp, 22
core   0: 1 0x000000008000522e (0x0161179b) x15 0x0000000000000000
core   0: 0x0000000080005232 (0xd21487d3) fcvt.d.wu fa5, s1
core   0: 1 0x0000000080005232 (0xd21487d3) f15 0x40abae0000000000
core   0: 0x0000000080005236 (0x0284a033) mulhsu  zero, s1, s0
core   0: 1 0x0000000080005236 (0x0284a033)
core   0: 0x000000008000523a (0x00b614bb) sllw    s1, a2, a1
core   0: 1 0x000000008000523a (0x00b614bb) x9  0x0000000050000000
core   0: 0x000000008000523e (0x41ca0a33) sub     s4, s4, t3
core   0: 1 0x000000008000523e (0x41ca0a33) x20 0xffffffff8ace9fef
core   0: 0x0000000080005242 (0x00ea5b93) srli    s7, s4, 14
core   0: 1 0x0000000080005242 (0x00ea5b93) x23 0x0003fffffffe2b3a
core   0: 0x0000000080005246 (0x13cbfd53) fmul.d  fs10, fs7, ft8
core   0: 1 0x0000000080005246 (0x13cbfd53) f26 0x7ff8000000000000
core   0: 0x000000008000524a (0x2719b3b7) lui     t2, 0x2719b
core   0: 1 0x000000008000524a (0x2719b3b7) x7  0x000000002719b000
core   0: 0x000000008000524e (0x0323f3d3) fadd.d  ft7, ft7, fs2
core   0: 1 0x000000008000524e (0x0323f3d3) f7  0xc1de8c5000400000
core   0: 0x0000000080005252 (0x407ddab3) sra     s5, s11, t2
core   0: 1 0x0000000080005252 (0x407ddab3) x21 0x0000000075316000
core   0: 0x0000000080005256 (0x029bfdd3) fadd.d  fs11, fs7, fs1
core   0: 1 0x0000000080005256 (0x029bfdd3) f27 0x0000000000000000
core   0: 0x000000008000525a (0x1bb3f453) fdiv.d  fs0, ft7, fs11
core   0: 1 0x000000008000525a (0x1bb3f453) c1_fflags 0x000000000000001f f8  0xfff0000000000000
core   0: 0x000000008000525e (0x019d6bb3) or      s7, s10, s9
core   0: 1 0x000000008000525e (0x019d6bb3) x23 0x00000007bef79ffb
core   0: 0x0000000080005262 (0x00000001) c.nop
core   0: 1 0x0000000080005262 (0x0001)
core   0: 0x0000000080005264 (0x0274c4b3) div     s1, s1, t2
core   0: 1 0x0000000080005264 (0x0274c4b3) x9  0x0000000000000002
core   0: 0x0000000080005268 (0xd2028ad3) fcvt.d.w fs5, t0
core   0: 1 0x0000000080005268 (0xd2028ad3) f21 0xc1dd4c5800000000
core   0: 0x000000008000526c (0x41c6d593) srai    a1, a3, 28
core   0: 1 0x000000008000526c (0x41c6d593) x11 0x0000000000000000
core   0: 0x0000000080005270 (0x406bdd33) sra     s10, s7, t1
core   0: 1 0x0000000080005270 (0x406bdd33) x26 0x00000003df7bcffd
core   0: 0x0000000080005274 (0x033998b3) mulh    a7, s3, s3
core   0: 1 0x0000000080005274 (0x033998b3) x17 0x0000000000000000
core   0: 0x0000000080005278 (0x00d0043b) addw    s0, zero, a3
core   0: 1 0x0000000080005278 (0x00d0043b) x8  0x0000000000000000
core   0: 0x000000008000527c (0x0001033b) addw    t1, sp, zero
core   0: 1 0x000000008000527c (0x0001033b) x6  0x0000000000000000
core   0: 0x0000000080005280 (0x435ede13) srai    t3, t4, 53
core   0: 1 0x0000000080005280 (0x435ede13) x28 0xffffffffffffffff
core   0: 0x0000000080005284 (0x0339f13b) remuw   sp, s3, s3
core   0: 1 0x0000000080005284 (0x0339f13b) x2  0x0000000000000000
core   0: 0x0000000080005288 (0x00a697b3) sll     a5, a3, a0
core   0: 1 0x0000000080005288 (0x00a697b3) x15 0x0000000000000000
core   0: 0x000000008000528c (0x0b6d7553) fsub.d  fa0, fs10, fs6
core   0: 1 0x000000008000528c (0x0b6d7553) f10 0x7ff8000000000000
core   0: 0x0000000080005290 (0xd0247fd3) fcvt.s.l ft11, s0
core   0: 1 0x0000000080005290 (0xd0247fd3) f31 0xffffffff00000000
core   0: 0x0000000080005294 (0x02f7a0b3) mulhsu  ra, a5, a5
core   0: 1 0x0000000080005294 (0x02f7a0b3) x1  0x0000000000000000
core   0: 0x0000000080005298 (0x40c4501b) sraiw   zero, s0, 12
core   0: 1 0x0000000080005298 (0x40c4501b)
core   0: 0x000000008000529c (0xfff06713) ori     a4, zero, -1
core   0: 1 0x000000008000529c (0xfff06713) x14 0xffffffffffffffff
core   0: 0x00000000800052a0 (0xc21ffe53) fcvt.wu.d t3, ft11
core   0: 1 0x00000000800052a0 (0xc21ffe53) c1_fflags 0x000000000000001f x28 0xffffffffffffffff
core   0: 0x00000000800052a4 (0x1410da73) csrrwi  s4, sepc, 1
core   0: 1 0x00000000800052a4 (0x1410da73) x20 0xfffffffffdd42ffe c321_sepc 0x0000000000000000
core   0: 0x00000000800052a8 (0x02221bb3) mulh    s7, tp, sp
core   0: 1 0x00000000800052a8 (0x02221bb3) x23 0x0000000000000000
core   0: 0x00000000800052ac (0x80070713) addi    a4, a4, -2048
core   0: 1 0x00000000800052ac (0x80070713) x14 0xfffffffffffff7ff
core   0: 0x00000000800052b0 (0x012a96bb) sllw    a3, s5, s2
core   0: 1 0x00000000800052b0 (0x012a96bb) x13 0xffffffff98b00000
core   0: 0x00000000800052b4 (0xf2020753) fmv.d.x fa4, tp
core   0: 1 0x00000000800052b4 (0xf2020753) f14 0x0000000000000000
core   0: 0x00000000800052b8 (0x53cc744b) fnmsub.d fs0, fs8, ft8, fa0
core   0: 1 0x00000000800052b8 (0x53cc744b) f8  0x7ff8000000000000
core   0: 0x00000000800052bc (0x143059f3) csrrwi  s3, stval, 0
core   0: 1 0x00000000800052bc (0x143059f3) x19 0x0000000000000005 c323_stval 0x0000000000000000
core   0: 0x00000000800052c0 (0x006cb437) lui     s0, 0x6cb
core   0: 1 0x00000000800052c0 (0x006cb437) x8  0x00000000006cb000
core   0: 0x00000000800052c4 (0xaf34041b) addiw   s0, s0, -1293
core   0: 1 0x00000000800052c4 (0xaf34041b) x8  0x00000000006caaf3
core   0: 0x00000000800052c8 (0x0000043a) c.slli  s0, 14
core   0: 1 0x00000000800052c8 (0x043a) x8  0x0000001b2abcc000
core   0: 0x00000000800052ca (0xbb240413) addi    s0, s0, -1102
core   0: 1 0x00000000800052ca (0xbb240413) x8  0x0000001b2abcbbb2
core   0: 0x00000000800052ce (0x7ff9cc13) xori    s8, s3, 2047
core   0: 1 0x00000000800052ce (0x7ff9cc13) x24 0x00000000000007fa
core   0: 0x00000000800052d2 (0x1ece7837) lui     a6, 0x1ece7
core   0: 1 0x00000000800052d2 (0x1ece7837) x16 0x000000001ece7000
core   0: 0x00000000800052d6 (0x00000001) c.nop
core   0: 1 0x00000000800052d6 (0x0001)
core   0: 0x00000000800052d8 (0xc23c7153) fcvt.lu.d sp, fs8
core   0: 1 0x00000000800052d8 (0xc23c7153) c1_fflags 0x000000000000001f x2  0xffffffffffffffff
core   0: 0x00000000800052dc (0x41580ab3) sub     s5, a6, s5
core   0: 1 0x00000000800052dc (0x41580ab3) x21 0xffffffffa99d1000
core   0: 0x00000000800052e0 (0x02225d3b) divuw   s10, tp, sp
core   0: 1 0x00000000800052e0 (0x02225d3b) x26 0x0000000000000000
core   0: 0x00000000800052e4 (0x03a6e6bb) remw    a3, a3, s10
core   0: 1 0x00000000800052e4 (0x03a6e6bb) x13 0xffffffff98b00000
core   0: 0x00000000800052e8 (0x00001a42) c.slli  s4, 48
core   0: 1 0x00000000800052e8 (0x1a42) x20 0x2ffe000000000000
core   0: 0x00000000800052ea (0x000ed593) srli    a1, t4, 0
core   0: 1 0x00000000800052ea (0x000ed593) x11 0xffffffffffffffe0
core   0: 0x00000000800052ee (0xc0377053) fcvt.lu.s zero, fa4
core   0: 1 0x00000000800052ee (0xc0377053) c1_fflags 0x000000000000001f
core   0: 0x00000000800052f2 (0x01347433) and     s0, s0, s3
core   0: 1 0x00000000800052f2 (0x01347433) x8  0x0000000000000000
core   0: 0x00000000800052f6 (0x00000001) c.nop
core   0: 1 0x00000000800052f6 (0x0001)
core   0: 0x00000000800052f8 (0x0180961b) slliw   a2, ra, 24
core   0: 1 0x00000000800052f8 (0x0180961b) x12 0x0000000000000000
core   0: 0x00000000800052fc (0x41b38733) sub     a4, t2, s11
core   0: 1 0x00000000800052fc (0x41b38733) x14 0xffffffffb1e85000
core   0: 0x0000000080005300 (0x23cc2ed3) fsgnjx.d ft9, fs8, ft8
core   0: 1 0x0000000080005300 (0x23cc2ed3) f29 0xffffffff7fc00000
core   0: 0x0000000080005304 (0x02de7043) fmadd.d ft0, ft8, fa3, ft0
core   0: 1 0x0000000080005304 (0x02de7043) f0  0x7ff8000000000000
core   0: 0x0000000080005308 (0xc0307d53) fcvt.lu.s s10, ft0
core   0: 1 0x0000000080005308 (0xc0307d53) c1_fflags 0x000000000000001f x26 0xffffffffffffffff
core   0: 0x000000008000530c (0x2a971753) fmax.d  fa4, fa4, fs1
core   0: 1 0x000000008000530c (0x2a971753) f14 0x0000000000000000
core   0: 0x0000000080005310 (0x000ad81b) srliw   a6, s5, 0
core   0: 1 0x0000000080005310 (0x000ad81b) x16 0xffffffffa99d1000
core   0: 0x0000000080005314 (0x00000001) c.nop
core   0: 1 0x0000000080005314 (0x0001)
core   0: 0x0000000080005316 (0xf2ce7247) fmsub.d ft4, ft8, fa2, ft10
core   0: 1 0x0000000080005316 (0xf2ce7247) f4  0x7ff8000000000000
core   0: 0x000000008000531a (0xea980713) addi    a4, a6, -343
core   0: 1 0x000000008000531a (0xea980713) x14 0xffffffffa99d0ea9
core   0: 0x000000008000531e (0x40127553) fcvt.s.d fa0, ft4
core   0: 1 0x000000008000531e (0x40127553) f10 0xffffffff7fc00000
core   0: 0x0000000080005322 (0xd22d7dd3) fcvt.d.l fs11, s10
core   0: 1 0x0000000080005322 (0xd22d7dd3) f27 0xbff0000000000000
core   0: 0x0000000080005326 (0x00561cbb) sllw    s9, a2, t0
core   0: 1 0x0000000080005326 (0x00561cbb) x25 0x0000000000000000
core   0: 0x000000008000532a (0x02e90533) mul     a0, s2, a4
core   0: 1 0x000000008000532a (0x02e90533) x10 0xfffffffda34b669f
core   0: 0x000000008000532e (0x120cfcd3) fmul.d  fs9, fs9, ft0
core   0: 1 0x000000008000532e (0x120cfcd3) f25 0x7ff8000000000000
core   0: 0x0000000080005332 (0x00a87b33) and     s6, a6, a0
core   0: 1 0x0000000080005332 (0x00a87b33) x22 0xfffffffda1090000
core   0: 0x0000000080005336 (0x4187033b) subw    t1, a4, s8
core   0: 1 0x0000000080005336 (0x4187033b) x6  0xffffffffa99d06af
core   0: 0x000000008000533a (0xd03c7153) fcvt.s.lu ft2, s8
core   0: 1 0x000000008000533a (0xd03c7153) f2  0xffffffff44ff4000
core   0: 0x000000008000533e (0x406c8833) sub     a6, s9, t1
core   0: 1 0x000000008000533e (0x406c8833) x16 0x000000005662f951
core   0: 0x0000000080005342 (0x01dd9233) sll     tp, s11, t4
core   0: 1 0x0000000080005342 (0x01dd9233) x4  0x7531600000000000
core   0: 0x0000000080005346 (0x023b7b33) remu    s6, s6, gp
core   0: 1 0x0000000080005346 (0x023b7b33) x22 0xfffffffda1090000
core   0: 0x000000008000534a (0x0062139b) slliw   t2, tp, 6
core   0: 1 0x000000008000534a (0x0062139b) x7  0x0000000000000000
core   0: 0x000000008000534e (0xc21276d3) fcvt.wu.d a3, ft4
core   0: 1 0x000000008000534e (0xc21276d3) c1_fflags 0x000000000000001f x13 0xffffffffffffffff
core   0: 0x0000000080005352 (0x00259c73) csrrw   s8, frm, a1
core   0: 1 0x0000000080005352 (0x00259c73) x24 0x0000000000000000 c2_frm 0x0000000000000000
core   0: 0x0000000080005356 (0xd03279d3) fcvt.s.lu fs3, tp
core   0: 1 0x0000000080005356 (0xd03279d3) f19 0xffffffff5eea62c0
core   0: 0x000000008000535a (0x018c863b) addw    a2, s9, s8
core   0: 1 0x000000008000535a (0x018c863b) x12 0x0000000000000000
core   0: 0x000000008000535e (0x9b297cc7) fmsub.d fs9, fs2, fs2, fs3
core   0: 1 0x000000008000535e (0x9b297cc7) f25 0x7ff8000000000000
core   0: 0x0000000080005362 (0xd23cfed3) fcvt.d.lu ft9, s9
core   0: 1 0x0000000080005362 (0xd23cfed3) f29 0x0000000000000000
core   0: 0x0000000080005366 (0x02cc34b3) mulhu   s1, s8, a2
core   0: 1 0x0000000080005366 (0x02cc34b3) x9  0x0000000000000000
core   0: 0x000000008000536a (0xb3d6ff4b) fnmsub.d ft10, fa3, ft9, fs6
core   0: 1 0x000000008000536a (0xb3d6ff4b) f30 0x7ff8000000000000
core   0: 0x000000008000536e (0x006b6bb3) or      s7, s6, t1
core   0: 1 0x000000008000536e (0x006b6bb3) x23 0xffffffffa99d06af
core   0: 0x0000000080005372 (0x012bfe33) and     t3, s7, s2
core   0: 1 0x0000000080005372 (0x012bfe33) x28 0x0000000000000007
core   0: 0x0000000080005376 (0xc20f7553) fcvt.w.d a0, ft10
core   0: 1 0x0000000080005376 (0xc20f7553) c1_fflags 0x000000000000001f x10 0x000000007fffffff
core   0: 0x000000008000537a (0x00a8083b) addw    a6, a6, a0
core   0: 1 0x000000008000537a (0x00a8083b) x16 0xffffffffd662f950
core   0: 0x000000008000537e (0xcfc5811b) addiw   sp, a1, -772
core   0: 1 0x000000008000537e (0xcfc5811b) x2  0xfffffffffffffcdc
core   0: 0x0000000080005382 (0x01d1161b) slliw   a2, sp, 29
core   0: 1 0x0000000080005382 (0x01d1161b) x12 0xffffffff80000000
core   0: 0x0000000080005386 (0xd0317253) fcvt.s.lu ft4, sp
core   0: 1 0x0000000080005386 (0xd0317253) c1_fflags 0x000000000000001f f4  0xffffffff5f800000
core   0: 0x000000008000538a (0x024debb3) rem     s7, s11, tp
core   0: 1 0x000000008000538a (0x024debb3) x23 0x0000000075316000
core   0: 0x000000008000538e (0x03acf5d3) fadd.d  fa1, fs9, fs10
core   0: 1 0x000000008000538e (0x03acf5d3) f11 0x7ff8000000000000
core   0: 0x0000000080005392 (0x0052f433) and     s0, t0, t0
core   0: 1 0x0000000080005392 (0x0052f433) x8  0xffffffff8acea000
core   0: 0x0000000080005396 (0x416c5333) sra     t1, s8, s6
core   0: 1 0x0000000080005396 (0x416c5333) x6  0x0000000000000000
core   0: 0x000000008000539a (0x00135793) srli    a5, t1, 1
core   0: 1 0x000000008000539a (0x00135793) x15 0x0000000000000000
core   0: 0x000000008000539e (0x0ff0000f) fence   iorw,iorw
core   0: 1 0x000000008000539e (0x0ff0000f)
core   0: 0x00000000800053a2 (0x834a70c3) fmadd.d ft1, fs4, fs4, fa6
core   0: 1 0x00000000800053a2 (0x834a70c3) f1  0x7ff8000000000000
core   0: 0x00000000800053a6 (0xdb42f2c3) fmadd.d ft5, ft5, fs4, fs11
core   0: 1 0x00000000800053a6 (0xdb42f2c3) f5  0x7ff8000000000000
core   0: 0x00000000800053aa (0x0017979b) slliw   a5, a5, 1
core   0: 1 0x00000000800053aa (0x0017979b) x15 0x0000000000000000
core   0: 0x00000000800053ae (0xc035f653) fcvt.lu.s a2, fa1
core   0: 1 0x00000000800053ae (0xc035f653) c1_fflags 0x000000000000001f x12 0xffffffffffffffff
core   0: 0x00000000800053b2 (0xd22dfed3) fcvt.d.l ft9, s11
core   0: 1 0x00000000800053b2 (0xd22dfed3) f29 0x41dd4c5800000000
core   0: 0x00000000800053b6 (0x1d769db7) lui     s11, 0x1d769
core   0: 1 0x00000000800053b6 (0x1d769db7) x27 0x000000001d769000
core   0: 0x00000000800053ba (0x0000991e) c.add   s2, t2
core   0: 1 0x00000000800053ba (0x991e) x18 0x0000000000000007
core   0: 0x00000000800053bc (0x00631eb3) sll     t4, t1, t1
core   0: 1 0x00000000800053bc (0x00631eb3) x29 0x0000000000000000
core   0: 0x00000000800053c0 (0xc03cfdd3) fcvt.lu.s s11, fs9
core   0: 1 0x00000000800053c0 (0xc03cfdd3) c1_fflags 0x000000000000001f x27 0xffffffffffffffff
core   0: 0x00000000800053c4 (0x00ce2633) slt     a2, t3, a2
core   0: 1 0x00000000800053c4 (0x00ce2633) x12 0x0000000000000000
core   0: 0x00000000800053c8 (0x30633373) csrrc   t1, mcounteren, t1
core   0: exception trap_illegal_instruction, epc 0x00000000800053c8
core   0:           tval 0x0000000030633373
core   0: >>>>  $xrv64i2p1_m2p0_a2p1_f2p2_d2p2_zicsr2p0_zifencei2p0_zmmul1p0_zba1p0_zbb1p0_zbc1p0_zbs1p0
core   0: 0x0000000080004000 (0x0080006f) j       pc + 0x8
core   0: 3 0x0000000080004000 (0x0080006f)
core   0: >>>>  mmode_exception_handler
core   0: 0x0000000080004008 (0x00002c17) auipc   s8, 0x2
core   0: 3 0x0000000080004008 (0x00002c17) x24 0x0000000080006008
core   0: 0x000000008000400c (0x050c0c13) addi    s8, s8, 80
core   0: 3 0x000000008000400c (0x050c0c13) x24 0x0000000080006058
core   0: 0x0000000080004010 (0x000c00e7) jalr    s8
core   0: 3 0x0000000080004010 (0x000c00e7) x1  0x0000000080004014
core   0: >>>>  any_handler
core   0: 0x0000000080006058 (0x341027f3) csrrs   a5, mepc, zero
core   0: 3 0x0000000080006058 (0x341027f3) x15 0x00000000800053c8
core   0: 0x000000008000605c (0x34202773) csrrs   a4, mcause, zero
core   0: 3 0x000000008000605c (0x34202773) x14 0x0000000000000002
core   0: 0x0000000080006060 (0x142026f3) csrrs   a3, scause, zero
core   0: 3 0x0000000080006060 (0x142026f3) x13 0x0000000000000000
core   0: 0x0000000080006064 (0x30402673) csrrs   a2, mie, zero
core   0: 3 0x0000000080006064 (0x30402673) x12 0x0000000000000a00
core   0: 0x0000000080006068 (0x344025f3) csrrs   a1, mip, zero
core   0: 3 0x0000000080006068 (0x344025f3) x11 0x0000000000000080
core   0: 0x000000008000606c (0x343025f3) csrrs   a1, mtval, zero
core   0: 3 0x000000008000606c (0x343025f3) x11 0x0000000030633373
core   0: 0x0000000080006070 (0x14302573) csrrs   a0, stval, zero
core   0: 3 0x0000000080006070 (0x14302573) x10 0x0000000000000000
core   0: 0x0000000080006074 (0xb02024f3) csrrs   s1, minstret, zero
core   0: 3 0x0000000080006074 (0xb02024f3) x9  0x0000000000000e51
core   0: 0x0000000080006078 (0x0000a811) c.j     pc + 20
core   0: 3 0x0000000080006078 (0xa811)
core   0: >>>>  mepc_4
core   0: 0x000000008000608c (0x00000791) c.addi  a5, 4
core   0: 3 0x000000008000608c (0x0791) x15 0x00000000800053cc
core   0: 0x000000008000608e (0x34179073) csrrw   zero, mepc, a5
core   0: 3 0x000000008000608e (0x34179073) c833_mepc 0x00000000800053cc
core   0: 0x0000000080006092 (0x30200073) mret
core   0: 3 0x0000000080006092 (0x30200073) c768_mstatus 0x8000000a00106080
core   0: 0x00000000800053cc (0x41538433) sub     s0, t2, s5
core   0: 1 0x00000000800053cc (0x41538433) x8  0x000000005662f000
core   0: 0x00000000800053d0 (0x85f1c893) xori    a7, gp, -1953
core   0: 1 0x00000000800053d0 (0x85f1c893) x17 0x000000000000064a
core   0: 0x00000000800053d4 (0xd2a40013) addi    zero, s0, -726
core   0: 1 0x00000000800053d4 (0xd2a40013)
core   0: 0x00000000800053d8 (0x403b0a33) sub     s4, s6, gp
core   0: 1 0x00000000800053d8 (0x403b0a33) x20 0xfffffffda10901eb
core   0: 0x00000000800053dc (0xe20504d3) fmv.x.d s1, fa0
core   0: 1 0x00000000800053dc (0xe20504d3) x9  0xffffffff7fc00000
core   0: 0x00000000800053e0 (0x40e50abb) subw    s5, a0, a4
core   0: 1 0x00000000800053e0 (0x40e50abb) x21 0xfffffffffffffffe
core   0: 0x00000000800053e4 (0x0006d913) srli    s2, a3, 0
core   0: 1 0x00000000800053e4 (0x0006d913) x18 0x0000000000000000
core   0: 0x00000000800053e8 (0xd0277053) fcvt.s.l ft0, a4
core   0: 1 0x00000000800053e8 (0xd0277053) f0  0xffffffff40000000
core   0: 0x00000000800053ec (0x4008dc9b) sraiw   s9, a7, 0
core   0: 1 0x00000000800053ec (0x4008dc9b) x25 0x000000000000064a
core   0: 0x00000000800053f0 (0x4004dd1b) sraiw   s10, s1, 0
core   0: 1 0x00000000800053f0 (0x4004dd1b) x26 0x000000007fc00000
core   0: 0x00000000800053f4 (0xc20ffed3) fcvt.w.d t4, ft11
core   0: 1 0x00000000800053f4 (0xc20ffed3) c1_fflags 0x000000000000001f x29 0x000000007fffffff
core   0: 0x00000000800053f8 (0xe20e8453) fmv.x.d s0, ft9
core   0: 1 0x00000000800053f8 (0xe20e8453) x8  0x41dd4c5800000000
core   0: 0x00000000800053fc (0x00e1d633) srl     a2, gp, a4
core   0: 1 0x00000000800053fc (0x00e1d633) x12 0x3fffffffffffff85
core   0: 0x0000000080005400 (0x414485bb) subw    a1, s1, s4
core   0: 1 0x0000000080005400 (0x414485bb) x11 0xffffffffdeb6fe15
core   0: 0x0000000080005404 (0x0055feb3) and     t4, a1, t0
core   0: 1 0x0000000080005404 (0x0055feb3) x29 0xffffffff8a86a000
core   0: 0x0000000080005408 (0x40075393) srai    t2, a4, 0
core   0: 1 0x0000000080005408 (0x40075393) x7  0x0000000000000002
core   0: 0x000000008000540c (0x00e4d933) srl     s2, s1, a4
core   0: 1 0x000000008000540c (0x00e4d933) x18 0x3fffffffdff00000
core   0: 0x0000000080005410 (0xa20904d3) fle.d   s1, fs2, ft0
core   0: 1 0x0000000080005410 (0xa20904d3) c1_fflags 0x000000000000001f x9  0x0000000000000000
core   0: 0x0000000080005414 (0x004d5d33) srl     s10, s10, tp
core   0: 1 0x0000000080005414 (0x004d5d33) x26 0x000000007fc00000
core   0: 0x0000000080005418 (0x02840ab3) mul     s5, s0, s0
core   0: 1 0x0000000080005418 (0x02840ab3) x21 0x0000000000000000
core   0: 0x000000008000541c (0xed544093) xori    ra, s0, -299
core   0: 1 0x000000008000541c (0xed544093) x1  0xbe22b3a7fffffed5
core   0: 0x0000000080005420 (0xd020ffd3) fcvt.s.l ft11, ra
core   0: 1 0x0000000080005420 (0xd020ffd3) c1_fflags 0x000000000000001f f31 0xffffffffde83ba99
core   0: 0x0000000080005424 (0x017c0e33) add     t3, s8, s7
core   0: 1 0x0000000080005424 (0x017c0e33) x28 0x00000000f531c058
core   0: 0x0000000080005428 (0xd20a8e53) fcvt.d.w ft8, s5
core   0: 1 0x0000000080005428 (0xd20a8e53) f28 0x0000000000000000
core   0: 0x000000008000542c (0x01a0961b) slliw   a2, ra, 26
core   0: 1 0x000000008000542c (0x01a0961b) x12 0x0000000054000000
core   0: 0x0000000080005430 (0x0b5ef7b7) lui     a5, 0xb5ef
core   0: 1 0x0000000080005430 (0x0b5ef7b7) x15 0x000000000b5ef000
core   0: 0x0000000080005434 (0x00102bf3) csrrs   s7, fflags, zero
core   0: 1 0x0000000080005434 (0x00102bf3) x23 0x000000000000001f
core   0: 0x0000000080005438 (0xfbc178c3) fmadd.d fa7, ft2, ft8, ft11
core   0: 1 0x0000000080005438 (0xfbc178c3) f17 0x7ff8000000000000
core   0: 0x000000008000543c (0x00015613) srli    a2, sp, 0
core   0: 1 0x000000008000543c (0x00015613) x12 0xfffffffffffffcdc
core   0: 0x0000000080005440 (0x1bce7653) fdiv.d  fa2, ft8, ft8
core   0: 1 0x0000000080005440 (0x1bce7653) c1_fflags 0x000000000000001f f12 0x7ff8000000000000
core   0: 0x0000000080005444 (0x2b1c9653) fmax.d  fa2, fs9, fa7
core   0: 1 0x0000000080005444 (0x2b1c9653) f12 0x7ff8000000000000
core   0: 0x0000000080005448 (0x002021f3) csrrs   gp, frm, zero
core   0: 1 0x0000000080005448 (0x002021f3) x3  0x0000000000000000
core   0: 0x000000008000544c (0xf13bb9f3) csrrc   s3, mimpid, s7
core   0: exception trap_illegal_instruction, epc 0x000000008000544c
core   0:           tval 0x00000000f13bb9f3
core   0: >>>>  $xrv64i2p1_m2p0_a2p1_f2p2_d2p2_zicsr2p0_zifencei2p0_zmmul1p0_zba1p0_zbb1p0_zbc1p0_zbs1p0
core   0: 0x0000000080004000 (0x0080006f) j       pc + 0x8
core   0: 3 0x0000000080004000 (0x0080006f)
core   0: >>>>  mmode_exception_handler
core   0: 0x0000000080004008 (0x00002c17) auipc   s8, 0x2
core   0: 3 0x0000000080004008 (0x00002c17) x24 0x0000000080006008
core   0: 0x000000008000400c (0x050c0c13) addi    s8, s8, 80
core   0: 3 0x000000008000400c (0x050c0c13) x24 0x0000000080006058
core   0: 0x0000000080004010 (0x000c00e7) jalr    s8
core   0: 3 0x0000000080004010 (0x000c00e7) x1  0x0000000080004014
core   0: >>>>  any_handler
core   0: 0x0000000080006058 (0x341027f3) csrrs   a5, mepc, zero
core   0: 3 0x0000000080006058 (0x341027f3) x15 0x000000008000544c
core   0: 0x000000008000605c (0x34202773) csrrs   a4, mcause, zero
core   0: 3 0x000000008000605c (0x34202773) x14 0x0000000000000002
core   0: 0x0000000080006060 (0x142026f3) csrrs   a3, scause, zero
core   0: 3 0x0000000080006060 (0x142026f3) x13 0x0000000000000000
core   0: 0x0000000080006064 (0x30402673) csrrs   a2, mie, zero
core   0: 3 0x0000000080006064 (0x30402673) x12 0x0000000000000a00
core   0: 0x0000000080006068 (0x344025f3) csrrs   a1, mip, zero
core   0: 3 0x0000000080006068 (0x344025f3) x11 0x0000000000000080
core   0: 0x000000008000606c (0x343025f3) csrrs   a1, mtval, zero
core   0: 3 0x000000008000606c (0x343025f3) x11 0x00000000f13bb9f3
core   0: 0x0000000080006070 (0x14302573) csrrs   a0, stval, zero
core   0: 3 0x0000000080006070 (0x14302573) x10 0x0000000000000000
core   0: 0x0000000080006074 (0xb02024f3) csrrs   s1, minstret, zero
core   0: 3 0x0000000080006074 (0xb02024f3) x9  0x0000000000000e81
core   0: 0x0000000080006078 (0x0000a811) c.j     pc + 20
core   0: 3 0x0000000080006078 (0xa811)
core   0: >>>>  mepc_4
core   0: 0x000000008000608c (0x00000791) c.addi  a5, 4
core   0: 3 0x000000008000608c (0x0791) x15 0x0000000080005450
core   0: 0x000000008000608e (0x34179073) csrrw   zero, mepc, a5
core   0: 3 0x000000008000608e (0x34179073) c833_mepc 0x0000000080005450
core   0: 0x0000000080006092 (0x30200073) mret
core   0: 3 0x0000000080006092 (0x30200073) c768_mstatus 0x8000000a00106080
core   0: 0x0000000080005450 (0x258ee293) ori     t0, t4, 600
core   0: 1 0x0000000080005450 (0x258ee293) x5  0xffffffff8a86a258
core   0: 0x0000000080005454 (0x7ff2f493) andi    s1, t0, 2047
core   0: 1 0x0000000080005454 (0x7ff2f493) x9  0x0000000000000258
core   0: 0x0000000080005458 (0x00000001) c.nop
core   0: 1 0x0000000080005458 (0x0001)
core   0: 0x000000008000545a (0x01a69eb3) sll     t4, a3, s10
core   0: 1 0x000000008000545a (0x01a69eb3) x29 0x0000000000000000
core   0: 0x000000008000545e (0x417e843b) subw    s0, t4, s7
core   0: 1 0x000000008000545e (0x417e843b) x8  0xffffffffffffffe1
core   0: 0x0000000080005462 (0x42050853) fcvt.d.s fa6, fa0
core   0: 1 0x0000000080005462 (0x42050853) f16 0x7ff8000000000000
core   0: 0x0000000080005466 (0xd231fcd3) fcvt.d.lu fs9, gp
core   0: 1 0x0000000080005466 (0xd231fcd3) f25 0x0000000000000000
core   0: 0x000000008000546a (0x22be71c7) fmsub.d ft3, ft8, fa1, ft4
core   0: 1 0x000000008000546a (0x22be71c7) f3  0x7ff8000000000000
core   0: 0x000000008000546e (0x004bd633) srl     a2, s7, tp
core   0: 1 0x000000008000546e (0x004bd633) x12 0x000000000000001f
core   0: 0x0000000080005472 (0x234a18d3) fsgnjn.d fa7, fs4, fs4
core   0: 1 0x0000000080005472 (0x234a18d3) f17 0xfff8000000000000
core   0: 0x0000000080005476 (0x00728c37) lui     s8, 0x728
core   0: 1 0x0000000080005476 (0x00728c37) x24 0x0000000000728000
core   0: 0x000000008000547a (0x517c0c1b) addiw   s8, s8, 1303
core   0: 1 0x000000008000547a (0x517c0c1b) x24 0x0000000000728517
core   0: 0x000000008000547e (0x00000c3e) c.slli  s8, 15
core   0: 1 0x000000008000547e (0x0c3e) x24 0x00000039428b8000
core   0: 0x0000000080005480 (0x349c0c13) addi    s8, s8, 841
core   0: 1 0x0000000080005480 (0x349c0c13) x24 0x00000039428b8349
core   0: 0x0000000080005484 (0xc228fcd3) fcvt.l.d s9, fa7
core   0: 1 0x0000000080005484 (0xc228fcd3) c1_fflags 0x000000000000001f x25 0x7fffffffffffffff
core   0: 0x0000000080005488 (0x03805033) divu    zero, zero, s8
core   0: 1 0x0000000080005488 (0x03805033)
core   0: 0x000000008000548c (0x40f0073b) subw    a4, zero, a5
core   0: 1 0x000000008000548c (0x40f0073b) x14 0x000000007fffabb0
core   0: 0x0000000080005490 (0x03b00dbb) mulw    s11, zero, s11
core   0: 1 0x0000000080005490 (0x03b00dbb) x27 0x0000000000000000
core   0: 0x0000000080005494 (0x03747bd3) fadd.d  fs7, fs0, fs7
core   0: 1 0x0000000080005494 (0x03747bd3) f23 0x7ff8000000000000
core   0: 0x0000000080005498 (0x40b0d333) sra     t1, ra, a1
core   0: 1 0x0000000080005498 (0x40b0d333) x6  0x0000000000000000
core   0: 0x000000008000549c (0x00c65a33) srl     s4, a2, a2
core   0: 1 0x000000008000549c (0x00c65a33) x20 0x0000000000000000
core   0: 0x00000000800054a0 (0x00000001) c.nop
core   0: 1 0x00000000800054a0 (0x0001)
core   0: 0x00000000800054a2 (0x2331ab53) fsgnjx.d fs6, ft3, fs3
core   0: 1 0x00000000800054a2 (0x2331ab53) f22 0xfff8000000000000
core   0: 0x00000000800054a6 (0x400ed333) sra     t1, t4, zero
core   0: 1 0x00000000800054a6 (0x400ed333) x6  0x0000000000000000
core   0: 0x00000000800054aa (0x8b2bf243) fmadd.d ft4, fs7, fs2, fa7
core   0: 1 0x00000000800054aa (0x8b2bf243) f4  0x7ff8000000000000
core   0: 0x00000000800054ae (0x02f7cdbb) divw    s11, a5, a5
core   0: 1 0x00000000800054ae (0x02f7cdbb) x27 0x0000000000000001
core   0: 0x00000000800054b2 (0x2a799d53) fmax.d  fs10, fs3, ft7
core   0: 1 0x00000000800054b2 (0x2a799d53) f26 0xc1de8c5000400000
core   0: 0x00000000800054b6 (0x00202773) csrrs   a4, frm, zero
core   0: 1 0x00000000800054b6 (0x00202773) x14 0x0000000000000000
core   0: 0x00000000800054ba (0x01f6d09b) srliw   ra, a3, 31
core   0: 1 0x00000000800054ba (0x01f6d09b) x1  0x0000000000000000
core   0: 0x00000000800054be (0x00e595bb) sllw    a1, a1, a4
core   0: 1 0x00000000800054be (0x00e595bb) x11 0xfffffffff13bb9f3
core   0: 0x00000000800054c2 (0xf9f19237) lui     tp, 0xf9f19
core   0: 1 0x00000000800054c2 (0xf9f19237) x4  0xfffffffff9f19000
core   0: 0x00000000800054c6 (0x91d2021b) addiw   tp, tp, -1763
core   0: 1 0x00000000800054c6 (0x91d2021b) x4  0xfffffffff9f1891d
core   0: 0x00000000800054ca (0x00000232) c.slli  tp, 12
core   0: 1 0x00000000800054ca (0x0232) x4  0xffffff9f1891d000
core   0: 0x00000000800054cc (0x3cb20213) addi    tp, tp, 971
core   0: 1 0x00000000800054cc (0x3cb20213) x4  0xffffff9f1891d3cb
core   0: 0x00000000800054d0 (0x56e97497) auipc   s1, 0x56e97
core   0: 1 0x00000000800054d0 (0x56e97497) x9  0x00000000d6e9c4d0
core   0: 0x00000000800054d4 (0x00009f39) c.addw  a4, a4
core   0: 1 0x00000000800054d4 (0x9f39) x14 0x0000000000000000
core   0: 0x00000000800054d6 (0x00009d3a) c.add   s10, a4
core   0: 1 0x00000000800054d6 (0x9d3a) x26 0x000000007fc00000
core   0: 0x00000000800054d8 (0x00955433) srl     s0, a0, s1
core   0: 1 0x00000000800054d8 (0x00955433) x8  0x0000000000000000
core   0: 0x00000000800054dc (0x03c27e53) fadd.d  ft8, ft4, ft8
core   0: 1 0x00000000800054dc (0x03c27e53) f28 0x7ff8000000000000
core   0: 0x00000000800054e0 (0x7ffb6b13) ori     s6, s6, 2047
core   0: 1 0x00000000800054e0 (0x7ffb6b13) x22 0xfffffffda10907ff
core   0: 0x00000000800054e4 (0x033b6e33) rem     t3, s6, s3
core   0: 1 0x00000000800054e4 (0x033b6e33) x28 0xffffffffffffffff
core   0: 0x00000000800054e8 (0xc0009d73) csrrw   s10, cycle, ra
core   0: exception trap_illegal_instruction, epc 0x00000000800054e8
core   0:           tval 0x00000000c0009d73
core   0: >>>>  $xrv64i2p1_m2p0_a2p1_f2p2_d2p2_zicsr2p0_zifencei2p0_zmmul1p0_zba1p0_zbb1p0_zbc1p0_zbs1p0
core   0: 0x0000000080004000 (0x0080006f) j       pc + 0x8
core   0: 3 0x0000000080004000 (0x0080006f)
core   0: >>>>  mmode_exception_handler
core   0: 0x0000000080004008 (0x00002c17) auipc   s8, 0x2
core   0: 3 0x0000000080004008 (0x00002c17) x24 0x0000000080006008
core   0: 0x000000008000400c (0x050c0c13) addi    s8, s8, 80
core   0: 3 0x000000008000400c (0x050c0c13) x24 0x0000000080006058
core   0: 0x0000000080004010 (0x000c00e7) jalr    s8
core   0: 3 0x0000000080004010 (0x000c00e7) x1  0x0000000080004014
core   0: >>>>  any_handler
core   0: 0x0000000080006058 (0x341027f3) csrrs   a5, mepc, zero
core   0: 3 0x0000000080006058 (0x341027f3) x15 0x00000000800054e8
core   0: 0x000000008000605c (0x34202773) csrrs   a4, mcause, zero
core   0: 3 0x000000008000605c (0x34202773) x14 0x0000000000000002
core   0: 0x0000000080006060 (0x142026f3) csrrs   a3, scause, zero
core   0: 3 0x0000000080006060 (0x142026f3) x13 0x0000000000000000
core   0: 0x0000000080006064 (0x30402673) csrrs   a2, mie, zero
core   0: 3 0x0000000080006064 (0x30402673) x12 0x0000000000000a00
core   0: 0x0000000080006068 (0x344025f3) csrrs   a1, mip, zero
core   0: 3 0x0000000080006068 (0x344025f3) x11 0x0000000000000080
core   0: 0x000000008000606c (0x343025f3) csrrs   a1, mtval, zero
core   0: 3 0x000000008000606c (0x343025f3) x11 0x00000000c0009d73
core   0: 0x0000000080006070 (0x14302573) csrrs   a0, stval, zero
core   0: 3 0x0000000080006070 (0x14302573) x10 0x0000000000000000
core   0: 0x0000000080006074 (0xb02024f3) csrrs   s1, minstret, zero
core   0: 3 0x0000000080006074 (0xb02024f3) x9  0x0000000000000eba
core   0: 0x0000000080006078 (0x0000a811) c.j     pc + 20
core   0: 3 0x0000000080006078 (0xa811)
core   0: >>>>  mepc_4
core   0: 0x000000008000608c (0x00000791) c.addi  a5, 4
core   0: 3 0x000000008000608c (0x0791) x15 0x00000000800054ec
core   0: 0x000000008000608e (0x34179073) csrrw   zero, mepc, a5
core   0: 3 0x000000008000608e (0x34179073) c833_mepc 0x00000000800054ec
core   0: 0x0000000080006092 (0x30200073) mret
core   0: 3 0x0000000080006092 (0x30200073) c768_mstatus 0x8000000a00106080
core   0: 0x00000000800054ec (0x00202373) csrrs   t1, frm, zero
core   0: 1 0x00000000800054ec (0x00202373) x6  0x0000000000000000
core   0: 0x00000000800054f0 (0x03b3413b) divw    sp, t1, s11
core   0: 1 0x00000000800054f0 (0x03b3413b) x2  0x0000000000000000
core   0: 0x00000000800054f4 (0x02d78a33) mul     s4, a5, a3
core   0: 1 0x00000000800054f4 (0x02d78a33) x20 0x0000000000000000
core   0: 0x00000000800054f8 (0x00214433) xor     s0, sp, sp
core   0: 1 0x00000000800054f8 (0x00214433) x8  0x0000000000000000
core   0: 0x00000000800054fc (0xef67f793) andi    a5, a5, -266
core   0: 1 0x00000000800054fc (0xef67f793) x15 0x00000000800054e4
core   0: 0x0000000080005500 (0x034a5c3b) divuw   s8, s4, s4
core   0: 1 0x0000000080005500 (0x034a5c3b) x24 0xffffffffffffffff
core   0: 0x0000000080005504 (0x7a9774cb) fnmsub.d fs1, fa4, fs1, fa5
core   0: 1 0x0000000080005504 (0x7a9774cb) f9  0x40abae0000000000
core   0: 0x0000000080005508 (0x41bc8db3) sub     s11, s9, s11
core   0: 1 0x0000000080005508 (0x41bc8db3) x27 0x7ffffffffffffffe
core   0: 0x000000008000550c (0x415bd81b) sraiw   a6, s7, 21
core   0: 1 0x000000008000550c (0x415bd81b) x16 0x0000000000000000
core   0: 0x0000000080005510 (0x02ab1533) mulh    a0, s6, a0
core   0: 1 0x0000000080005510 (0x02ab1533) x10 0x0000000000000000
core   0: 0x0000000080005514 (0x01696633) or      a2, s2, s6
core   0: 1 0x0000000080005514 (0x01696633) x12 0xfffffffffff907ff
core   0: 0x0000000080005518 (0x00854a33) xor     s4, a0, s0
core   0: 1 0x0000000080005518 (0x00854a33) x20 0x0000000000000000
core   0: 0x000000008000551c (0x011eceb3) xor     t4, t4, a7
core   0: 1 0x000000008000551c (0x011eceb3) x29 0x000000000000064a
core   0: 0x0000000080005520 (0x4002d093) srai    ra, t0, 0
core   0: 1 0x0000000080005520 (0x4002d093) x1  0xffffffff8a86a258
core   0: 0x0000000080005524 (0x028dd83b) divuw   a6, s11, s0
core   0: 1 0x0000000080005524 (0x028dd83b) x16 0xffffffffffffffff
core   0: 0x0000000080005528 (0x00059913) slli    s2, a1, 0
core   0: 1 0x0000000080005528 (0x00059913) x18 0x00000000c0009d73
core   0: 0x000000008000552c (0x03171893) slli    a7, a4, 49
core   0: 1 0x000000008000552c (0x03171893) x17 0x0004000000000000
core   0: 0x0000000080005530 (0x0221413b) divw    sp, sp, sp
core   0: 1 0x0000000080005530 (0x0221413b) x2  0xffffffffffffffff
core   0: 0x0000000080005534 (0x2b281153) fmax.d  ft2, fa6, fs2
core   0: 1 0x0000000080005534 (0x2b281153) f2  0xc1de015c00000000
core   0: 0x0000000080005538 (0x000c1d13) slli    s10, s8, 0
core   0: 1 0x0000000080005538 (0x000c1d13) x26 0xffffffffffffffff
core   0: 0x000000008000553c (0x02d6c6b3) div     a3, a3, a3
core   0: 1 0x000000008000553c (0x02d6c6b3) x13 0xffffffffffffffff
core   0: 0x0000000080005540 (0x227596d3) fsgnjn.d fa3, fa1, ft7
core   0: 1 0x0000000080005540 (0x227596d3) f13 0x7ff8000000000000
core   0: 0x0000000080005544 (0xd20d0b53) fcvt.d.w fs6, s10
core   0: 1 0x0000000080005544 (0xd20d0b53) f22 0xbff0000000000000
core   0: 0x0000000080005548 (0x0a2b7153) fsub.d  ft2, fs6, ft2
core   0: 1 0x0000000080005548 (0x0a2b7153) f2  0x41de015bffc00000
core   0: 0x000000008000554c (0x7ff0fa13) andi    s4, ra, 2047
core   0: 1 0x000000008000554c (0x7ff0fa13) x20 0x0000000000000258
core   0: 0x0000000080005550 (0x014a1833) sll     a6, s4, s4
core   0: 1 0x0000000080005550 (0x014a1833) x16 0x0000000258000000
core   0: 0x0000000080005554 (0xe20b0053) fmv.x.d zero, fs6
core   0: 1 0x0000000080005554 (0xe20b0053)
core   0: 0x0000000080005558 (0xc025f6d3) fcvt.l.s a3, fa1
core   0: 1 0x0000000080005558 (0xc025f6d3) c1_fflags 0x000000000000001f x13 0x7fffffffffffffff
core   0: 0x000000008000555c (0x00511c13) slli    s8, sp, 5
core   0: 1 0x000000008000555c (0x00511c13) x24 0xffffffffffffffe0
core   0: 0x0000000080005560 (0x03dcd93b) divuw   s2, s9, t4
core   0: 1 0x0000000080005560 (0x03dcd93b) x18 0x000000000028b4a1
core   0: 0x0000000080005564 (0x012e863b) addw    a2, t4, s2
core   0: 1 0x0000000080005564 (0x012e863b) x12 0x000000000028baeb
core   0: 0x0000000080005568 (0x3fc6029b) addiw   t0, a2, 1020
core   0: 1 0x0000000080005568 (0x3fc6029b) x5  0x000000000028bee7
core   0: 0x000000008000556c (0x003cb097) auipc   ra, 0x3cb
core   0: 1 0x000000008000556c (0x003cb097) x1  0x00000000803d056c
core   0: 0x0000000080005570 (0x226583d3) fsgnj.d ft7, fa1, ft6
core   0: 1 0x0000000080005570 (0x226583d3) f7  0xfff8000000000000
core   0: 0x0000000080005574 (0x22871453) fsgnjn.d fs0, fa4, fs0
core   0: 1 0x0000000080005574 (0x22871453) f8  0x8000000000000000
core   0: 0x0000000080005578 (0x2aed15d3) fmax.d  fa1, fs10, fa4
core   0: 1 0x0000000080005578 (0x2aed15d3) f11 0x0000000000000000
core   0: 0x000000008000557c (0x3fa2c993) xori    s3, t0, 1018
core   0: 1 0x000000008000557c (0x3fa2c993) x19 0x000000000028bd1d
core   0: 0x0000000080005580 (0x02aedb93) srli    s7, t4, 42
core   0: 1 0x0000000080005580 (0x02aedb93) x23 0x0000000000000000
core   0: 0x0000000080005584 (0x0184dd9b) srliw   s11, s1, 24
core   0: 1 0x0000000080005584 (0x0184dd9b) x27 0x0000000000000000
core   0: 0x0000000080005588 (0xfff87b13) andi    s6, a6, -1
core   0: 1 0x0000000080005588 (0xfff87b13) x22 0x0000000258000000
core   0: 0x000000008000558c (0x40825513) srai    a0, tp, 8
core   0: 1 0x000000008000558c (0x40825513) x10 0xffffffff9f1891d3
core   0: 0x0000000080005590 (0x03f65293) srli    t0, a2, 63
core   0: 1 0x0000000080005590 (0x03f65293) x5  0x0000000000000000
core   0: 0x0000000080005594 (0x00a661b3) or      gp, a2, a0
core   0: 1 0x0000000080005594 (0x00a661b3) x3  0xffffffff9f38bbfb
core   0: 0x0000000080005598 (0x0ff0000f) fence   iorw,iorw
core   0: 1 0x0000000080005598 (0x0ff0000f)
core   0: 0x000000008000559c (0x0009d59b) srliw   a1, s3, 0
core   0: 1 0x000000008000559c (0x0009d59b) x11 0x000000000028bd1d
core   0: 0x00000000800055a0 (0x01de943b) sllw    s0, t4, t4
core   0: 1 0x00000000800055a0 (0x01de943b) x8  0x0000000000192800
core   0: 0x00000000800055a4 (0xe7347693) andi    a3, s0, -397
core   0: 1 0x00000000800055a4 (0xe7347693) x13 0x0000000000192800
core   0: 0x00000000800055a8 (0x02820333) mul     t1, tp, s0
core   0: 1 0x00000000800055a8 (0x02820333) x6  0xf67a421477eab800
core   0: 0x00000000800055ac (0x0061edb3) or      s11, gp, t1
core   0: 1 0x00000000800055ac (0x0061edb3) x27 0xfffffffffffabbfb
core   0: 0x00000000800055b0 (0x13487853) fmul.d  fa6, fa6, fs4
core   0: 1 0x00000000800055b0 (0x13487853) f16 0x7ff8000000000000
core   0: 0x00000000800055b4 (0x00cc55bb) srlw    a1, s8, a2
core   0: 1 0x00000000800055b4 (0x00cc55bb) x11 0x00000000001fffff
core   0: 0x00000000800055b8 (0x0721b9b7) lui     s3, 0x721b
core   0: 1 0x00000000800055b8 (0x0721b9b7) x19 0x000000000721b000
core   0: 0x00000000800055bc (0x6cf9899b) addiw   s3, s3, 1743
core   0: 1 0x00000000800055bc (0x6cf9899b) x19 0x000000000721b6cf
core   0: 0x00000000800055c0 (0x000009b2) c.slli  s3, 12
core   0: 1 0x00000000800055c0 (0x09b2) x19 0x000000721b6cf000
core   0: 0x00000000800055c2 (0x73298993) addi    s3, s3, 1842
core   0: 1 0x00000000800055c2 (0x73298993) x19 0x000000721b6cf732
core   0: 0x00000000800055c6 (0xa2b40d53) fle.d   s10, fs0, fa1
core   0: 1 0x00000000800055c6 (0xa2b40d53) x26 0x0000000000000001
core   0: 0x00000000800055ca (0x00102af3) csrrs   s5, fflags, zero
core   0: 1 0x00000000800055ca (0x00102af3) x21 0x000000000000001f
core   0: 0x00000000800055ce (0xb0051797) auipc   a5, 0xb0051
core   0: 1 0x00000000800055ce (0xb0051797) x15 0x00000000300565ce
core   0: 0x00000000800055d2 (0x2b080ed3) fmin.d  ft9, fa6, fa6
core   0: 1 0x00000000800055d2 (0x2b080ed3) f29 0x7ff8000000000000
core   0: 0x00000000800055d6 (0xd23e7653) fcvt.d.lu fa2, t3
core   0: 1 0x00000000800055d6 (0xd23e7653) c1_fflags 0x000000000000001f f12 0x43f0000000000000
core   0: 0x00000000800055da (0x03c789b3) mul     s3, a5, t3
core   0: 1 0x00000000800055da (0x03c789b3) x19 0xffffffffcffa9a32
core   0: 0x00000000800055de (0x000c549b) srliw   s1, s8, 0
core   0: 1 0x00000000800055de (0x000c549b) x9  0xffffffffffffffe0
core   0: 0x00000000800055e2 (0x00bbf433) and     s0, s7, a1
core   0: 1 0x00000000800055e2 (0x00bbf433) x8  0x0000000000000000
core   0: 0x00000000800055e6 (0x408400bb) subw    ra, s0, s0
core   0: 1 0x00000000800055e6 (0x408400bb) x1  0x0000000000000000
core   0: 0x00000000800055ea (0xc20274d3) fcvt.w.d s1, ft4
core   0: 1 0x00000000800055ea (0xc20274d3) c1_fflags 0x000000000000001f x9  0x000000007fffffff
core   0: 0x00000000800055ee (0x002020f3) csrrs   ra, frm, zero
core   0: 1 0x00000000800055ee (0x002020f3) x1  0x0000000000000000
core   0: 0x00000000800055f2 (0x5b35f5cf) fnmadd.d fa1, fa1, fs3, fa1
core   0: 1 0x00000000800055f2 (0x5b35f5cf) f11 0x7ff8000000000000
core   0: 0x00000000800055f6 (0x01ddd41b) srliw   s0, s11, 29
core   0: 1 0x00000000800055f6 (0x01ddd41b) x8  0x0000000000000007
core   0: 0x00000000800055fa (0x008d51bb) srlw    gp, s10, s0
core   0: 1 0x00000000800055fa (0x008d51bb) x3  0x0000000000000000
core   0: 0x00000000800055fe (0x00261773) csrrw   a4, frm, a2
core   0: 1 0x00000000800055fe (0x00261773) x14 0x0000000000000000 c2_frm 0x0000000000000003
core   0: 0x0000000080005602 (0x22c90953) fsgnj.d fs2, fs2, fa2
core   0: 1 0x0000000080005602 (0x22c90953) f18 0x41de015c00000000
core   0: 0x0000000080005606 (0xe7e5e993) ori     s3, a1, -386
core   0: 1 0x0000000080005606 (0xe7e5e993) x19 0xffffffffffffffff
core   0: 0x000000008000560a (0x01bb6833) or      a6, s6, s11
core   0: 1 0x000000008000560a (0x01bb6833) x16 0xfffffffffffabbfb
core   0: 0x000000008000560e (0x00000001) c.nop
core   0: 1 0x000000008000560e (0x0001)
core   0: 0x0000000080005610 (0x0277f03b) remuw   zero, a5, t2
core   0: 1 0x0000000080005610 (0x0277f03b)
core   0: 0x0000000080005614 (0x4031dcbb) sraw    s9, gp, gp
core   0: 1 0x0000000080005614 (0x4031dcbb) x25 0x0000000000000000
core   0: 0x0000000080005618 (0x023107bb) mulw    a5, sp, gp
core   0: 1 0x0000000080005618 (0x023107bb) x15 0x0000000000000000
core   0: 0x000000008000561c (0xf20783d3) fmv.d.x ft7, a5
core   0: 1 0x000000008000561c (0xf20783d3) f7  0x0000000000000000
core   0: 0x0000000080005620 (0x009e72b3) and     t0, t3, s1
core   0: 1 0x0000000080005620 (0x009e72b3) x5  0x000000007fffffff
core   0: 0x0000000080005624 (0x0152d01b) srliw   zero, t0, 21
core   0: 1 0x0000000080005624 (0x0152d01b)
core   0: 0x0000000080005628 (0xc2307e53) fcvt.lu.d t3, ft0
core   0: 1 0x0000000080005628 (0xc2307e53) c1_fflags 0x000000000000001f x28 0xffffffffffffffff
core   0: 0x000000008000562c (0xd2160c53) fcvt.d.wu fs8, a2
core   0: 1 0x000000008000562c (0xd2160c53) f24 0x41445d7580000000
core   0: 0x0000000080005630 (0xd2128f53) fcvt.d.wu ft10, t0
core   0: 1 0x0000000080005630 (0xd2128f53) f30 0x41dfffffffc00000
core   0: 0x0000000080005634 (0x33f07e93) andi    t4, zero, 831
core   0: 1 0x0000000080005634 (0x33f07e93) x29 0x0000000000000000
core   0: 0x0000000080005638 (0x02c3d833) divu    a6, t2, a2
core   0: 1 0x0000000080005638 (0x02c3d833) x16 0x0000000000000000
core   0: 0x000000008000563c (0x00009d95) c.subw  a1, a3
core   0: 1 0x000000008000563c (0x9d95) x11 0x000000000006d7ff
core   0: 0x000000008000563e (0xd03579d3) fcvt.s.lu fs3, a0
core   0: 1 0x000000008000563e (0xd03579d3) c1_fflags 0x000000000000001f f19 0xffffffff5f800000
core   0: 0x0000000080005642 (0x232a8ad3) fsgnj.d fs5, fs5, fs2
core   0: 1 0x0000000080005642 (0x232a8ad3) f21 0x41dd4c5800000000
core   0: 0x0000000080005646 (0x2b6596d3) fmax.d  fa3, fa1, fs6
core   0: 1 0x0000000080005646 (0x2b6596d3) f13 0xbff0000000000000
core   0: 0x000000008000564a (0x5375724f) fnmadd.d ft4, fa0, fs7, fa0
core   0: 1 0x000000008000564a (0x5375724f) f4  0x7ff8000000000000
core   0: 0x000000008000564e (0x00b5ec33) or      s8, a1, a1
core   0: 1 0x000000008000564e (0x00b5ec33) x24 0x000000000006d7ff
core   0: 0x0000000080005652 (0x02f63b33) mulhu   s6, a2, a5
core   0: 1 0x0000000080005652 (0x02f63b33) x22 0x0000000000000000
core   0: 0x0000000080005656 (0x016411b3) sll     gp, s0, s6
core   0: 1 0x0000000080005656 (0x016411b3) x3  0x0000000000000007
core   0: 0x000000008000565a (0x535dfac7) fmsub.d fs5, fs11, fs5, fa0
core   0: 1 0x000000008000565a (0x535dfac7) f21 0x7ff8000000000000
core   0: 0x000000008000565e (0x0086543b) srlw    s0, a2, s0
core   0: 1 0x000000008000565e (0x0086543b) x8  0x0000000000005175
core   0: 0x0000000080005662 (0x02077153) fadd.d  ft2, fa4, ft0
core   0: 1 0x0000000080005662 (0x02077153) f2  0x7ff8000000000000
core   0: 0x0000000080005666 (0x00000001) c.nop
core   0: 1 0x0000000080005666 (0x0001)
core   0: 0x0000000080005668 (0x1ac67bd3) fdiv.d  fs7, fa2, fa2
core   0: 1 0x0000000080005668 (0x1ac67bd3) f23 0x3ff0000000000000
core   0: 0x000000008000566c (0x0048a1b3) slt     gp, a7, tp
core   0: 1 0x000000008000566c (0x0048a1b3) x3  0x0000000000000000
core   0: 0x0000000080005670 (0xcf8c039b) addiw   t2, s8, -776
core   0: 1 0x0000000080005670 (0xcf8c039b) x7  0x000000000006d4f7
core   0: 0x0000000080005674 (0xd20c0bd3) fcvt.d.w fs7, s8
core   0: 1 0x0000000080005674 (0xd20c0bd3) f23 0x411b5ffc00000000
core   0: 0x0000000080005678 (0x0152093b) addw    s2, tp, s5
core   0: 1 0x0000000080005678 (0x0152093b) x18 0x000000001891d3ea
core   0: 0x000000008000567c (0x012a983b) sllw    a6, s5, s2
core   0: 1 0x000000008000567c (0x012a983b) x16 0x0000000000007c00
core   0: 0x0000000080005680 (0x2a3f8fd3) fmin.d  ft11, ft11, ft3
core   0: 1 0x0000000080005680 (0x2a3f8fd3) f31 0x7ff8000000000000
core   0: 0x0000000080005684 (0xc2007b53) fcvt.w.d s6, ft0
core   0: 1 0x0000000080005684 (0xc2007b53) c1_fflags 0x000000000000001f x22 0x000000007fffffff
core   0: 0x0000000080005688 (0xc205f9d3) fcvt.w.d s3, fa1
core   0: 1 0x0000000080005688 (0xc205f9d3) c1_fflags 0x000000000000001f x19 0x000000007fffffff
core   0: 0x000000008000568c (0x00091d13) slli    s10, s2, 0
core   0: 1 0x000000008000568c (0x00091d13) x26 0x000000001891d3ea
core   0: 0x0000000080005690 (0xe2060353) fmv.x.d t1, fa2
core   0: 1 0x0000000080005690 (0xe2060353) x6  0x43f0000000000000
core   0: 0x0000000080005694 (0x40b785b3) sub     a1, a5, a1
core   0: 1 0x0000000080005694 (0x40b785b3) x11 0xfffffffffff92801
core   0: 0x0000000080005698 (0x01a79233) sll     tp, a5, s10
core   0: 1 0x0000000080005698 (0x01a79233) x4  0x0000000000000000
core   0: 0x000000008000569c (0xc02672d3) fcvt.l.s t0, fa2
core   0: 1 0x000000008000569c (0xc02672d3) c1_fflags 0x000000000000001f x5  0x7fffffffffffffff
core   0: 0x00000000800056a0 (0x00000001) c.nop
core   0: 1 0x00000000800056a0 (0x0001)
core   0: 0x00000000800056a2 (0xf37ae6b7) lui     a3, 0xf37ae
core   0: 1 0x00000000800056a2 (0xf37ae6b7) x13 0xfffffffff37ae000
core   0: 0x00000000800056a6 (0xa3af8153) fle.d   sp, ft11, fs10
core   0: 1 0x00000000800056a6 (0xa3af8153) c1_fflags 0x000000000000001f x2  0x0000000000000000
core   0: 0x00000000800056aa (0xf2038053) fmv.d.x ft0, t2
core   0: 1 0x00000000800056aa (0xf2038053) f0  0x000000000006d4f7
core   0: 0x00000000800056ae (0x23e898d3) fsgnjn.d fa7, fa7, ft10
core   0: 1 0x00000000800056ae (0x23e898d3) f17 0xfff8000000000000
core   0: 0x00000000800056b2 (0x0087d6bb) srlw    a3, a5, s0
core   0: 1 0x00000000800056b2 (0x0087d6bb) x13 0x0000000000000000
core   0: 0x00000000800056b6 (0x27165617) auipc   a2, 0x27165
core   0: 1 0x00000000800056b6 (0x27165617) x12 0x00000000a716a6b6
core   0: 0x00000000800056ba (0x401f7253) fcvt.s.d ft4, ft10
core   0: 1 0x00000000800056ba (0x401f7253) c1_fflags 0x000000000000001f f4  0xffffffff4f000000
core   0: 0x00000000800056be (0x10ae6073) csrrsi  zero, senvcfg, 28
core   0: 1 0x00000000800056be (0x10ae6073) c266_senvcfg 0x0000000000000000
core   0: 0x00000000800056c2 (0x037854b3) divu    s1, a6, s7
core   0: 1 0x00000000800056c2 (0x037854b3) x9  0xffffffffffffffff
core   0: 0x00000000800056c6 (0x001a989b) slliw   a7, s5, 1
core   0: 1 0x00000000800056c6 (0x001a989b) x17 0x000000000000003e
core   0: 0x00000000800056ca (0x438dd113) srai    sp, s11, 56
core   0: 1 0x00000000800056ca (0x438dd113) x2  0xffffffffffffffff
core   0: 0x00000000800056ce (0xd20d82d3) fcvt.d.w ft5, s11
core   0: 1 0x00000000800056ce (0xd20d82d3) f5  0xc115101400000000
core   0: 0x00000000800056d2 (0x5a00fb53) fsqrt.d fs6, ft1
core   0: 1 0x00000000800056d2 (0x5a00fb53) f22 0x7ff8000000000000
core   0: 0x00000000800056d6 (0x002d973b) sllw    a4, s11, sp
core   0: 1 0x00000000800056d6 (0x002d973b) x14 0xffffffff80000000
core   0: 0x00000000800056da (0x2233a3d3) fsgnjx.d ft7, ft7, ft3
core   0: 1 0x00000000800056da (0x2233a3d3) f7  0x0000000000000000
core   0: 0x00000000800056de (0x02ae7d53) fadd.d  fs10, ft8, fa0
core   0: 1 0x00000000800056de (0x02ae7d53) f26 0x7ff8000000000000
core   0: 0x00000000800056e2 (0x01d75d9b) srliw   s11, a4, 29
core   0: 1 0x00000000800056e2 (0x01d75d9b) x27 0x0000000000000004
core   0: 0x00000000800056e6 (0x2aa39653) fmax.d  fa2, ft7, fa0
core   0: 1 0x00000000800056e6 (0x2aa39653) f12 0x0000000000000000
core   0: 0x00000000800056ea (0xc09d809b) addiw   ra, s11, -1015
core   0: 1 0x00000000800056ea (0xc09d809b) x1  0xfffffffffffffc0d
core   0: 0x00000000800056ee (0xd0247853) fcvt.s.l fa6, s0
core   0: 1 0x00000000800056ee (0xd0247853) f16 0xffffffff46a2ea00
core   0: 0x00000000800056f2 (0x407d5433) sra     s0, s10, t2
core   0: 1 0x00000000800056f2 (0x407d5433) x8  0x0000000000000000
core   0: 0x00000000800056f6 (0xe9956513) ori     a0, a0, -359
core   0: 1 0x00000000800056f6 (0xe9956513) x10 0xffffffffffffffdb
core   0: 0x00000000800056fa (0x00000001) c.nop
core   0: 1 0x00000000800056fa (0x0001)
core   0: 0x00000000800056fc (0x00000001) c.nop
core   0: 1 0x00000000800056fc (0x0001)
core   0: 0x00000000800056fe (0xa547d937) lui     s2, 0xa547d
core   0: 1 0x00000000800056fe (0xa547d937) x18 0xffffffffa547d000
core   0: 0x0000000080005702 (0x130578d3) fmul.d  fa7, fa0, fa6
core   0: 1 0x0000000080005702 (0x130578d3) f17 0x7ff8000000000000
core   0: 0x0000000080005706 (0x80016113) ori     sp, sp, -2048
core   0: 1 0x0000000080005706 (0x80016113) x2  0xffffffffffffffff
core   0: 0x000000008000570a (0x00792ab3) slt     s5, s2, t2
core   0: 1 0x000000008000570a (0x00792ab3) x21 0x0000000000000001
core   0: 0x000000008000570e (0x00397933) and     s2, s2, gp
core   0: 1 0x000000008000570e (0x00397933) x18 0x0000000000000000
core   0: 0x0000000080005712 (0x03f25e13) srli    t3, tp, 63
core   0: 1 0x0000000080005712 (0x03f25e13) x28 0x0000000000000000
core   0: 0x0000000080005716 (0x01ce22b3) slt     t0, t3, t3
core   0: 1 0x0000000080005716 (0x01ce22b3) x5  0x0000000000000000
core   0: 0x000000008000571a (0x0377f43b) remuw   s0, a5, s7
core   0: 1 0x000000008000571a (0x0377f43b) x8  0x0000000000000000
core   0: 0x000000008000571e (0x40127153) fcvt.s.d ft2, ft4
core   0: 1 0x000000008000571e (0x40127153) f2  0xffffffff7fc00000
core   0: 0x0000000080005722 (0xc22a70d3) fcvt.l.d ra, fs4
core   0: 1 0x0000000080005722 (0xc22a70d3) c1_fflags 0x000000000000001f x1  0x7fffffffffffffff
core   0: 0x0000000080005726 (0x0ff0000f) fence   iorw,iorw
core   0: 1 0x0000000080005726 (0x0ff0000f)
core   0: 0x000000008000572a (0x002b8733) add     a4, s7, sp
core   0: 1 0x000000008000572a (0x002b8733) x14 0xffffffffffffffff
core   0: 0x000000008000572e (0x01927533) and     a0, tp, s9
core   0: 1 0x000000008000572e (0x01927533) x10 0x0000000000000000
core   0: 0x0000000080005732 (0x406b5a3b) sraw    s4, s6, t1
core   0: 1 0x0000000080005732 (0x406b5a3b) x20 0x000000007fffffff
core   0: 0x0000000080005736 (0x011b5233) srl     tp, s6, a7
core   0: 1 0x0000000080005736 (0x011b5233) x4  0x0000000000000000
core   0: 0x000000008000573a (0x2bdc0a53) fmin.d  fs4, fs8, ft9
core   0: 1 0x000000008000573a (0x2bdc0a53) f20 0x41445d7580000000
core   0: 0x000000008000573e (0x83e27f4f) fnmadd.d ft10, ft4, ft10, fa6
core   0: 1 0x000000008000573e (0x83e27f4f) f30 0x7ff8000000000000
core   0: 0x0000000080005742 (0x408b53b3) sra     t2, s6, s0
core   0: 1 0x0000000080005742 (0x408b53b3) x7  0x000000007fffffff
core   0: 0x0000000080005746 (0xf20d0cd3) fmv.d.x fs9, s10
core   0: 1 0x0000000080005746 (0xf20d0cd3) f25 0x000000001891d3ea
core   0: 0x000000008000574a (0xd2040dd3) fcvt.d.w fs11, s0
core   0: 1 0x000000008000574a (0xd2040dd3) f27 0x0000000000000000
core   0: 0x000000008000574e (0x011b52b3) srl     t0, s6, a7
core   0: 1 0x000000008000574e (0x011b52b3) x5  0x0000000000000000
core   0: 0x0000000080005752 (0xbb00f6cb) fnmsub.d fa3, ft1, fa6, fs7
core   0: 1 0x0000000080005752 (0xbb00f6cb) f13 0x7ff8000000000000
core   0: 0x0000000080005756 (0x01a94c33) xor     s8, s2, s10
core   0: 1 0x0000000080005756 (0x01a94c33) x24 0x000000001891d3ea
core   0: 0x000000008000575a (0x03caabb3) mulhsu  s7, s5, t3
core   0: 1 0x000000008000575a (0x03caabb3) x23 0x0000000000000000
core   0: 0x000000008000575e (0x01964633) xor     a2, a2, s9
core   0: 1 0x000000008000575e (0x01964633) x12 0x00000000a716a6b6
core   0: 0x0000000080005762 (0x010d0233) add     tp, s10, a6
core   0: 1 0x0000000080005762 (0x010d0233) x4  0x0000000018924fea
core   0: 0x0000000080005766 (0x001028f3) csrrs   a7, fflags, zero
core   0: 1 0x0000000080005766 (0x001028f3) x17 0x000000000000001f
core   0: 0x000000008000576a (0x40215393) srai    t2, sp, 2
core   0: 1 0x000000008000576a (0x40215393) x7  0xffffffffffffffff
core   0: 0x000000008000576e (0xf20e89d3) fmv.d.x fs3, t4
core   0: 1 0x000000008000576e (0xf20e89d3) f19 0x0000000000000000
core   0: 0x0000000080005772 (0x000a541b) srliw   s0, s4, 0
core   0: 1 0x0000000080005772 (0x000a541b) x8  0x000000007fffffff
core   0: 0x0000000080005776 (0x1b8e7853) fdiv.d  fa6, ft8, fs8
core   0: 1 0x0000000080005776 (0x1b8e7853) f16 0x7ff8000000000000
core   0: 0x000000008000577a (0x03d35d3b) divuw   s10, t1, t4
core   0: 1 0x000000008000577a (0x03d35d3b) x26 0xffffffffffffffff
core   0: 0x000000008000577e (0x00a2d8b3) srl     a7, t0, a0
core   0: 1 0x000000008000577e (0x00a2d8b3) x17 0x0000000000000000
core   0: 0x0000000080005782 (0xe2018753) fmv.x.d a4, ft3
core   0: 1 0x0000000080005782 (0xe2018753) x14 0x7ff8000000000000
core   0: 0x0000000080005786 (0x1b8efed3) fdiv.d  ft9, ft9, fs8
core   0: 1 0x0000000080005786 (0x1b8efed3) f29 0x7ff8000000000000
core   0: 0x000000008000578a (0x5a5ff44b) fnmsub.d fs0, ft11, ft5, fa1
core   0: 1 0x000000008000578a (0x5a5ff44b) f8  0x7ff8000000000000
core   0: 0x000000008000578e (0x62b474cb) fnmsub.d fs1, fs0, fa1, fa2
core   0: 1 0x000000008000578e (0x62b474cb) f9  0x7ff8000000000000
core   0: 0x0000000080005792 (0x4002d293) srai    t0, t0, 0
core   0: 1 0x0000000080005792 (0x4002d293) x5  0x0000000000000000
core   0: 0x0000000080005796 (0x01758eb3) add     t4, a1, s7
core   0: 1 0x0000000080005796 (0x01758eb3) x29 0xfffffffffff92801
core   0: 0x000000008000579a (0xb82eae73) csrrs   t3, minstreth, t4
core   0: exception trap_illegal_instruction, epc 0x000000008000579a
core   0:           tval 0x00000000b82eae73
core   0: >>>>  $xrv64i2p1_m2p0_a2p1_f2p2_d2p2_zicsr2p0_zifencei2p0_zmmul1p0_zba1p0_zbb1p0_zbc1p0_zbs1p0
core   0: 0x0000000080004000 (0x0080006f) j       pc + 0x8
core   0: 3 0x0000000080004000 (0x0080006f)
core   0: >>>>  mmode_exception_handler
core   0: 0x0000000080004008 (0x00002c17) auipc   s8, 0x2
core   0: 3 0x0000000080004008 (0x00002c17) x24 0x0000000080006008
core   0: 0x000000008000400c (0x050c0c13) addi    s8, s8, 80
core   0: 3 0x000000008000400c (0x050c0c13) x24 0x0000000080006058
core   0: 0x0000000080004010 (0x000c00e7) jalr    s8
core   0: 3 0x0000000080004010 (0x000c00e7) x1  0x0000000080004014
core   0: >>>>  any_handler
core   0: 0x0000000080006058 (0x341027f3) csrrs   a5, mepc, zero
core   0: 3 0x0000000080006058 (0x341027f3) x15 0x000000008000579a
core   0: 0x000000008000605c (0x34202773) csrrs   a4, mcause, zero
core   0: 3 0x000000008000605c (0x34202773) x14 0x0000000000000002
core   0: 0x0000000080006060 (0x142026f3) csrrs   a3, scause, zero
core   0: 3 0x0000000080006060 (0x142026f3) x13 0x0000000000000000
core   0: 0x0000000080006064 (0x30402673) csrrs   a2, mie, zero
core   0: 3 0x0000000080006064 (0x30402673) x12 0x0000000000000a00
core   0: 0x0000000080006068 (0x344025f3) csrrs   a1, mip, zero
core   0: 3 0x0000000080006068 (0x344025f3) x11 0x0000000000000080
core   0: 0x000000008000606c (0x343025f3) csrrs   a1, mtval, zero
core   0: 3 0x000000008000606c (0x343025f3) x11 0x00000000b82eae73
core   0: 0x0000000080006070 (0x14302573) csrrs   a0, stval, zero
core   0: 3 0x0000000080006070 (0x14302573) x10 0x0000000000000000
core   0: 0x0000000080006074 (0xb02024f3) csrrs   s1, minstret, zero
core   0: 3 0x0000000080006074 (0xb02024f3) x9  0x0000000000000f79
core   0: 0x0000000080006078 (0x0000a811) c.j     pc + 20
core   0: 3 0x0000000080006078 (0xa811)
core   0: >>>>  mepc_4
core   0: 0x000000008000608c (0x00000791) c.addi  a5, 4
core   0: 3 0x000000008000608c (0x0791) x15 0x000000008000579e
core   0: 0x000000008000608e (0x34179073) csrrw   zero, mepc, a5
core   0: 3 0x000000008000608e (0x34179073) c833_mepc 0x000000008000579e
core   0: 0x0000000080006092 (0x30200073) mret
core   0: 3 0x0000000080006092 (0x30200073) c768_mstatus 0x8000000a00106080
core   0: 0x000000008000579e (0x00f7d8bb) srlw    a7, a5, a5
core   0: 1 0x000000008000579e (0x00f7d8bb) x17 0x0000000000000002
core   0: 0x00000000800057a2 (0xf1127a73) csrrci  s4, mvendorid, 4
core   0: exception trap_illegal_instruction, epc 0x00000000800057a2
core   0:           tval 0x00000000f1127a73
core   0: >>>>  $xrv64i2p1_m2p0_a2p1_f2p2_d2p2_zicsr2p0_zifencei2p0_zmmul1p0_zba1p0_zbb1p0_zbc1p0_zbs1p0
core   0: 0x0000000080004000 (0x0080006f) j       pc + 0x8
core   0: 3 0x0000000080004000 (0x0080006f)
core   0: >>>>  mmode_exception_handler
core   0: 0x0000000080004008 (0x00002c17) auipc   s8, 0x2
core   0: 3 0x0000000080004008 (0x00002c17) x24 0x0000000080006008
core   0: 0x000000008000400c (0x050c0c13) addi    s8, s8, 80
core   0: 3 0x000000008000400c (0x050c0c13) x24 0x0000000080006058
core   0: 0x0000000080004010 (0x000c00e7) jalr    s8
core   0: 3 0x0000000080004010 (0x000c00e7) x1  0x0000000080004014
core   0: >>>>  any_handler
core   0: 0x0000000080006058 (0x341027f3) csrrs   a5, mepc, zero
core   0: 3 0x0000000080006058 (0x341027f3) x15 0x00000000800057a2
core   0: 0x000000008000605c (0x34202773) csrrs   a4, mcause, zero
core   0: 3 0x000000008000605c (0x34202773) x14 0x0000000000000002
core   0: 0x0000000080006060 (0x142026f3) csrrs   a3, scause, zero
core   0: 3 0x0000000080006060 (0x142026f3) x13 0x0000000000000000
core   0: 0x0000000080006064 (0x30402673) csrrs   a2, mie, zero
core   0: 3 0x0000000080006064 (0x30402673) x12 0x0000000000000a00
core   0: 0x0000000080006068 (0x344025f3) csrrs   a1, mip, zero
core   0: 3 0x0000000080006068 (0x344025f3) x11 0x0000000000000080
core   0: 0x000000008000606c (0x343025f3) csrrs   a1, mtval, zero
core   0: 3 0x000000008000606c (0x343025f3) x11 0x00000000f1127a73
core   0: 0x0000000080006070 (0x14302573) csrrs   a0, stval, zero
core   0: 3 0x0000000080006070 (0x14302573) x10 0x0000000000000000
core   0: 0x0000000080006074 (0xb02024f3) csrrs   s1, minstret, zero
core   0: 3 0x0000000080006074 (0xb02024f3) x9  0x0000000000000f8a
core   0: 0x0000000080006078 (0x0000a811) c.j     pc + 20
core   0: 3 0x0000000080006078 (0xa811)
core   0: >>>>  mepc_4
core   0: 0x000000008000608c (0x00000791) c.addi  a5, 4
core   0: 3 0x000000008000608c (0x0791) x15 0x00000000800057a6
core   0: 0x000000008000608e (0x34179073) csrrw   zero, mepc, a5
core   0: 3 0x000000008000608e (0x34179073) c833_mepc 0x00000000800057a6
core   0: 0x0000000080006092 (0x30200073) mret
core   0: 3 0x0000000080006092 (0x30200073) c768_mstatus 0x8000000a00106080
core   0: 0x00000000800057a6 (0x003293bb) sllw    t2, t0, gp
core   0: 1 0x00000000800057a6 (0x003293bb) x7  0x0000000000000000
core   0: 0x00000000800057aa (0xa4e2a293) slti    t0, t0, -1458
core   0: 1 0x00000000800057aa (0xa4e2a293) x5  0x0000000000000000
core   0: 0x00000000800057ae (0x036b49bb) divw    s3, s6, s6
core   0: 1 0x00000000800057ae (0x036b49bb) x19 0x0000000000000001
core   0: 0x00000000800057b2 (0x23f080d3) fsgnj.d ft1, ft1, ft11
core   0: 1 0x00000000800057b2 (0x23f080d3) f1  0x7ff8000000000000
core   0: 0x00000000800057b6 (0xe2528d1b) addiw   s10, t0, -475
core   0: 1 0x00000000800057b6 (0xe2528d1b) x26 0xfffffffffffffe25
core   0: 0x00000000800057ba (0x01a52633) slt     a2, a0, s10
core   0: 1 0x00000000800057ba (0x01a52633) x12 0x0000000000000000
core   0: 0x00000000800057be (0xd23d7d53) fcvt.d.lu fs10, s10
core   0: 1 0x00000000800057be (0xd23d7d53) c1_fflags 0x000000000000001f f26 0x43f0000000000000
core   0: 0x00000000800057c2 (0xe20484d3) fmv.x.d s1, fs1
core   0: 1 0x00000000800057c2 (0xe20484d3) x9  0x7ff8000000000000
core   0: 0x00000000800057c6 (0xc804ba73) csrrc   s4, cycleh, s1
core   0: exception trap_illegal_instruction, epc 0x00000000800057c6
core   0:           tval 0x00000000c804ba73
core   0: >>>>  $xrv64i2p1_m2p0_a2p1_f2p2_d2p2_zicsr2p0_zifencei2p0_zmmul1p0_zba1p0_zbb1p0_zbc1p0_zbs1p0
core   0: 0x0000000080004000 (0x0080006f) j       pc + 0x8
core   0: 3 0x0000000080004000 (0x0080006f)
core   0: >>>>  mmode_exception_handler
core   0: 0x0000000080004008 (0x00002c17) auipc   s8, 0x2
core   0: 3 0x0000000080004008 (0x00002c17) x24 0x0000000080006008
core   0: 0x000000008000400c (0x050c0c13) addi    s8, s8, 80
core   0: 3 0x000000008000400c (0x050c0c13) x24 0x0000000080006058
core   0: 0x0000000080004010 (0x000c00e7) jalr    s8
core   0: 3 0x0000000080004010 (0x000c00e7) x1  0x0000000080004014
core   0: >>>>  any_handler
core   0: 0x0000000080006058 (0x341027f3) csrrs   a5, mepc, zero
core   0: 3 0x0000000080006058 (0x341027f3) x15 0x00000000800057c6
core   0: 0x000000008000605c (0x34202773) csrrs   a4, mcause, zero
core   0: 3 0x000000008000605c (0x34202773) x14 0x0000000000000002
core   0: 0x0000000080006060 (0x142026f3) csrrs   a3, scause, zero
core   0: 3 0x0000000080006060 (0x142026f3) x13 0x0000000000000000
core   0: 0x0000000080006064 (0x30402673) csrrs   a2, mie, zero
core   0: 3 0x0000000080006064 (0x30402673) x12 0x0000000000000a00
core   0: 0x0000000080006068 (0x344025f3) csrrs   a1, mip, zero
core   0: 3 0x0000000080006068 (0x344025f3) x11 0x0000000000000080
core   0: 0x000000008000606c (0x343025f3) csrrs   a1, mtval, zero
core   0: 3 0x000000008000606c (0x343025f3) x11 0x00000000c804ba73
core   0: 0x0000000080006070 (0x14302573) csrrs   a0, stval, zero
core   0: 3 0x0000000080006070 (0x14302573) x10 0x0000000000000000
core   0: 0x0000000080006074 (0xb02024f3) csrrs   s1, minstret, zero
core   0: 3 0x0000000080006074 (0xb02024f3) x9  0x0000000000000fa2
core   0: 0x0000000080006078 (0x0000a811) c.j     pc + 20
core   0: 3 0x0000000080006078 (0xa811)
core   0: >>>>  mepc_4
core   0: 0x000000008000608c (0x00000791) c.addi  a5, 4
core   0: 3 0x000000008000608c (0x0791) x15 0x00000000800057ca
core   0: 0x000000008000608e (0x34179073) csrrw   zero, mepc, a5
core   0: 3 0x000000008000608e (0x34179073) c833_mepc 0x00000000800057ca
core   0: 0x0000000080006092 (0x30200073) mret
core   0: 3 0x0000000080006092 (0x30200073) c768_mstatus 0x8000000a00106080
core   0: 0x00000000800057ca (0x034308b3) mul     a7, t1, s4
core   0: 1 0x00000000800057ca (0x034308b3) x17 0xbc10000000000000
core   0: 0x00000000800057ce (0x41a80d33) sub     s10, a6, s10
core   0: 1 0x00000000800057ce (0x41a80d33) x26 0x0000000000007ddb
core   0: 0x00000000800057d2 (0xc234f153) fcvt.lu.d sp, fs1
core   0: 1 0x00000000800057d2 (0xc234f153) c1_fflags 0x000000000000001f x2  0xffffffffffffffff
core   0: 0x00000000800057d6 (0x1a1df2d3) fdiv.d  ft5, fs11, ft1
core   0: 1 0x00000000800057d6 (0x1a1df2d3) f5  0x7ff8000000000000
core   0: 0x00000000800057da (0x5dcb2517) auipc   a0, 0x5dcb2
core   0: 1 0x00000000800057da (0x5dcb2517) x10 0x00000000ddcb77da
core   0: 0x00000000800057de (0x00131773) csrrw   a4, fflags, t1
core   0: 1 0x00000000800057de (0x00131773) x14 0x000000000000001f c1_fflags 0x0000000000000000
core   0: 0x00000000800057e2 (0x02c50ab3) mul     s5, a0, a2
core   0: 1 0x00000000800057e2 (0x02c50ab3) x21 0x000008a9f2ae8400
core   0: 0x00000000800057e6 (0x22d506d3) fsgnj.d fa3, fa0, fa3
core   0: 1 0x00000000800057e6 (0x22d506d3) f13 0x7fffffff7fc00000
core   0: 0x00000000800057ea (0xc01a9cf3) csrrw   s9, time, s5
core   0: exception trap_illegal_instruction, epc 0x00000000800057ea
core   0:           tval 0x00000000c01a9cf3
core   0: >>>>  $xrv64i2p1_m2p0_a2p1_f2p2_d2p2_zicsr2p0_zifencei2p0_zmmul1p0_zba1p0_zbb1p0_zbc1p0_zbs1p0
core   0: 0x0000000080004000 (0x0080006f) j       pc + 0x8
core   0: 3 0x0000000080004000 (0x0080006f)
core   0: >>>>  mmode_exception_handler
core   0: 0x0000000080004008 (0x00002c17) auipc   s8, 0x2
core   0: 3 0x0000000080004008 (0x00002c17) x24 0x0000000080006008
core   0: 0x000000008000400c (0x050c0c13) addi    s8, s8, 80
core   0: 3 0x000000008000400c (0x050c0c13) x24 0x0000000080006058
core   0: 0x0000000080004010 (0x000c00e7) jalr    s8
core   0: 3 0x0000000080004010 (0x000c00e7) x1  0x0000000080004014
core   0: >>>>  any_handler
core   0: 0x0000000080006058 (0x341027f3) csrrs   a5, mepc, zero
core   0: 3 0x0000000080006058 (0x341027f3) x15 0x00000000800057ea
core   0: 0x000000008000605c (0x34202773) csrrs   a4, mcause, zero
core   0: 3 0x000000008000605c (0x34202773) x14 0x0000000000000002
core   0: 0x0000000080006060 (0x142026f3) csrrs   a3, scause, zero
core   0: 3 0x0000000080006060 (0x142026f3) x13 0x0000000000000000
core   0: 0x0000000080006064 (0x30402673) csrrs   a2, mie, zero
core   0: 3 0x0000000080006064 (0x30402673) x12 0x0000000000000a00
core   0: 0x0000000080006068 (0x344025f3) csrrs   a1, mip, zero
core   0: 3 0x0000000080006068 (0x344025f3) x11 0x0000000000000080
core   0: 0x000000008000606c (0x343025f3) csrrs   a1, mtval, zero
core   0: 3 0x000000008000606c (0x343025f3) x11 0x00000000c01a9cf3
core   0: 0x0000000080006070 (0x14302573) csrrs   a0, stval, zero
core   0: 3 0x0000000080006070 (0x14302573) x10 0x0000000000000000
core   0: 0x0000000080006074 (0xb02024f3) csrrs   s1, minstret, zero
core   0: 3 0x0000000080006074 (0xb02024f3) x9  0x0000000000000fba
core   0: 0x0000000080006078 (0x0000a811) c.j     pc + 20
core   0: 3 0x0000000080006078 (0xa811)
core   0: >>>>  mepc_4
core   0: 0x000000008000608c (0x00000791) c.addi  a5, 4
core   0: 3 0x000000008000608c (0x0791) x15 0x00000000800057ee
core   0: 0x000000008000608e (0x34179073) csrrw   zero, mepc, a5
core   0: 3 0x000000008000608e (0x34179073) c833_mepc 0x00000000800057ee
core   0: 0x0000000080006092 (0x30200073) mret
core   0: 3 0x0000000080006092 (0x30200073) c768_mstatus 0x8000000a00106080
core   0: 0x00000000800057ee (0x01b5ac33) slt     s8, a1, s11
core   0: 1 0x00000000800057ee (0x01b5ac33) x24 0x0000000000000000
core   0: 0x00000000800057f2 (0x001496f3) csrrw   a3, fflags, s1
core   0: 1 0x00000000800057f2 (0x001496f3) x13 0x0000000000000000 c1_fflags 0x000000000000001a
core   0: 0x00000000800057f6 (0x00000001) c.nop
core   0: 1 0x00000000800057f6 (0x0001)
core   0: 0x00000000800057f8 (0x69258417) auipc   s0, 0x69258
core   0: 1 0x00000000800057f8 (0x69258417) x8  0x00000000e925d7f8
core   0: 0x00000000800057fc (0xd23475d3) fcvt.d.lu fa1, s0
core   0: 1 0x00000000800057fc (0xd23475d3) f11 0x41ed24baff000000
core   0: 0x0000000080005800 (0xd03d7bd3) fcvt.s.lu fs7, s10
core   0: 1 0x0000000080005800 (0xd03d7bd3) f23 0xffffffff46fbb600
core   0: 0x0000000080005804 (0xd21c0353) fcvt.d.wu ft6, s8
core   0: 1 0x0000000080005804 (0xd21c0353) f6  0x0000000000000000
core   0: 0x0000000080005808 (0xdf898e9b) addiw   t4, s3, -520
core   0: 1 0x0000000080005808 (0xdf898e9b) x29 0xfffffffffffffdf9
core   0: 0x000000008000580c (0x0ff0000f) fence   iorw,iorw
core   0: 1 0x000000008000580c (0x0ff0000f)
core   0: 0x0000000080005810 (0x03ce3e33) mulhu   t3, t3, t3
core   0: 1 0x0000000080005810 (0x03ce3e33) x28 0x0000000000000000
core   0: 0x0000000080005814 (0xa2f880d3) fle.d   ra, fa7, fa5
core   0: 1 0x0000000080005814 (0xa2f880d3) c1_fflags 0x000000000000001a x1  0x0000000000000000
core   0: 0x0000000080005818 (0x418e8933) sub     s2, t4, s8
core   0: 1 0x0000000080005818 (0x418e8933) x18 0xfffffffffffffdf9
core   0: 0x000000008000581c (0xd23c7dd3) fcvt.d.lu fs11, s8
core   0: 1 0x000000008000581c (0xd23c7dd3) f27 0x0000000000000000
core   0: 0x0000000080005820 (0x01fa571b) srliw   a4, s4, 31
core   0: 1 0x0000000080005820 (0x01fa571b) x14 0x0000000000000000
core   0: 0x0000000080005824 (0xf2070853) fmv.d.x fa6, a4
core   0: 1 0x0000000080005824 (0xf2070853) f16 0x0000000000000000
core   0: 0x0000000080005828 (0xf1245d73) csrrwi  s10, marchid, 8
core   0: exception trap_illegal_instruction, epc 0x0000000080005828
core   0:           tval 0x00000000f1245d73
core   0: >>>>  $xrv64i2p1_m2p0_a2p1_f2p2_d2p2_zicsr2p0_zifencei2p0_zmmul1p0_zba1p0_zbb1p0_zbc1p0_zbs1p0
core   0: 0x0000000080004000 (0x0080006f) j       pc + 0x8
core   0: 3 0x0000000080004000 (0x0080006f)
core   0: >>>>  mmode_exception_handler
core   0: 0x0000000080004008 (0x00002c17) auipc   s8, 0x2
core   0: 3 0x0000000080004008 (0x00002c17) x24 0x0000000080006008
core   0: 0x000000008000400c (0x050c0c13) addi    s8, s8, 80
core   0: 3 0x000000008000400c (0x050c0c13) x24 0x0000000080006058
core   0: 0x0000000080004010 (0x000c00e7) jalr    s8
core   0: 3 0x0000000080004010 (0x000c00e7) x1  0x0000000080004014
core   0: >>>>  any_handler
core   0: 0x0000000080006058 (0x341027f3) csrrs   a5, mepc, zero
core   0: 3 0x0000000080006058 (0x341027f3) x15 0x0000000080005828
core   0: 0x000000008000605c (0x34202773) csrrs   a4, mcause, zero
core   0: 3 0x000000008000605c (0x34202773) x14 0x0000000000000002
core   0: 0x0000000080006060 (0x142026f3) csrrs   a3, scause, zero
core   0: 3 0x0000000080006060 (0x142026f3) x13 0x0000000000000000
core   0: 0x0000000080006064 (0x30402673) csrrs   a2, mie, zero
core   0: 3 0x0000000080006064 (0x30402673) x12 0x0000000000000a00
core   0: 0x0000000080006068 (0x344025f3) csrrs   a1, mip, zero
core   0: 3 0x0000000080006068 (0x344025f3) x11 0x0000000000000080
core   0: 0x000000008000606c (0x343025f3) csrrs   a1, mtval, zero
core   0: 3 0x000000008000606c (0x343025f3) x11 0x00000000f1245d73
core   0: 0x0000000080006070 (0x14302573) csrrs   a0, stval, zero
core   0: 3 0x0000000080006070 (0x14302573) x10 0x0000000000000000
core   0: 0x0000000080006074 (0xb02024f3) csrrs   s1, minstret, zero
core   0: 3 0x0000000080006074 (0xb02024f3) x9  0x0000000000000fd9
core   0: 0x0000000080006078 (0x0000a811) c.j     pc + 20
core   0: 3 0x0000000080006078 (0xa811)
core   0: >>>>  mepc_4
core   0: 0x000000008000608c (0x00000791) c.addi  a5, 4
core   0: 3 0x000000008000608c (0x0791) x15 0x000000008000582c
core   0: 0x000000008000608e (0x34179073) csrrw   zero, mepc, a5
core   0: 3 0x000000008000608e (0x34179073) c833_mepc 0x000000008000582c
core   0: 0x0000000080006092 (0x30200073) mret
core   0: 3 0x0000000080006092 (0x30200073) c768_mstatus 0x8000000a00106080
core   0: 0x000000008000582c (0x407cd79b) sraiw   a5, s9, 7
core   0: 1 0x000000008000582c (0x407cd79b) x15 0x0000000000000000
core   0: 0x0000000080005830 (0xd2168b53) fcvt.d.wu fs6, a3
core   0: 1 0x0000000080005830 (0xd2168b53) f22 0x0000000000000000
core   0: 0x0000000080005834 (0x02fd6bbb) remw    s7, s10, a5
core   0: 1 0x0000000080005834 (0x02fd6bbb) x23 0x0000000000007ddb
core   0: 0x0000000080005838 (0x4f022c17) auipc   s8, 0x4f022
core   0: 1 0x0000000080005838 (0x4f022c17) x24 0x00000000cf027838
core   0: 0x000000008000583c (0x01635713) srli    a4, t1, 22
core   0: 1 0x000000008000583c (0x01635713) x14 0x0000010fc0000000
core   0: 0x0000000080005840 (0x01772033) slt     zero, a4, s7
core   0: 1 0x0000000080005840 (0x01772033)
core   0: 0x0000000080005844 (0x01fb9b9b) slliw   s7, s7, 31
core   0: 1 0x0000000080005844 (0x01fb9b9b) x23 0xffffffff80000000
core   0: 0x0000000080005848 (0x8bbbc113) xori    sp, s7, -1861
core   0: 1 0x0000000080005848 (0x8bbbc113) x2  0x000000007ffff8bb
core   0: 0x000000008000584c (0x41a159bb) sraw    s3, sp, s10
core   0: 1 0x000000008000584c (0x41a159bb) x19 0x000000000000000f
core   0: 0x0000000080005850 (0xe93a0d13) addi    s10, s4, -365
core   0: 1 0x0000000080005850 (0xe93a0d13) x26 0x000000007ffffe92
core   0: 0x0000000080005854 (0x007d03bb) addw    t2, s10, t2
core   0: 1 0x0000000080005854 (0x007d03bb) x7  0x000000007ffffe92
core   0: 0x0000000080005858 (0xb3e954b7) lui     s1, 0xb3e95
core   0: 1 0x0000000080005858 (0xb3e954b7) x9  0xffffffffb3e95000
core   0: 0x000000008000585c (0x03c86e33) rem     t3, a6, t3
core   0: 1 0x000000008000585c (0x03c86e33) x28 0x0000000000007c00
core   0: 0x0000000080005860 (0x0128c733) xor     a4, a7, s2
core   0: 1 0x0000000080005860 (0x0128c733) x14 0x43effffffffffdf9
core   0: 0x0000000080005864 (0x00000001) c.nop
core   0: 1 0x0000000080005864 (0x0001)
core   0: 0x0000000080005866 (0x02ed7d33) remu    s10, s10, a4
core   0: 1 0x0000000080005866 (0x02ed7d33) x26 0x000000007ffffe92
core   0: 0x000000008000586a (0x01a291b3) sll     gp, t0, s10
core   0: 1 0x000000008000586a (0x01a291b3) x3  0x0000000000000000
core   0: 0x000000008000586e (0x011bdb9b) srliw   s7, s7, 17
core   0: 1 0x000000008000586e (0x011bdb9b) x23 0x0000000000004000
core   0: 0x0000000080005872 (0x401080bb) subw    ra, ra, ra
core   0: 1 0x0000000080005872 (0x401080bb) x1  0x0000000000000000
core   0: 0x0000000080005876 (0x4171d933) sra     s2, gp, s7
core   0: 1 0x0000000080005876 (0x4171d933) x18 0x0000000000000000
core   0: 0x000000008000587a (0xd22673d3) fcvt.d.l ft7, a2
core   0: 1 0x000000008000587a (0xd22673d3) f7  0x40a4000000000000
core   0: 0x000000008000587e (0x4000d01b) sraiw   zero, ra, 0
core   0: 1 0x000000008000587e (0x4000d01b)
core   0: 0x0000000080005882 (0xa28b744b) fnmsub.d fs0, fs6, fs0, fs4
core   0: 1 0x0000000080005882 (0xa28b744b) f8  0x7ff8000000000000
core   0: 0x0000000080005886 (0x02305a13) srli    s4, zero, 35
core   0: 1 0x0000000080005886 (0x02305a13) x20 0x0000000000000000
core   0: 0x000000008000588a (0x1bc47f53) fdiv.d  ft10, fs0, ft8
core   0: 1 0x000000008000588a (0x1bc47f53) f30 0x7ff8000000000000
core   0: 0x000000008000588e (0x40e75e3b) sraw    t3, a4, a4
core   0: 1 0x000000008000588e (0x40e75e3b) x28 0xffffffffffffffff
core   0: 0x0000000080005892 (0x400904b3) sub     s1, s2, zero
core   0: 1 0x0000000080005892 (0x400904b3) x9  0x0000000000000000
core   0: 0x0000000080005896 (0x002026f3) csrrs   a3, frm, zero
core   0: 1 0x0000000080005896 (0x002026f3) x13 0x0000000000000003
core   0: 0x000000008000589a (0x00000001) c.nop
core   0: 1 0x000000008000589a (0x0001)
core   0: 0x000000008000589c (0xc02cf553) fcvt.l.s a0, fs9
core   0: 1 0x000000008000589c (0xc02cf553) c1_fflags 0x000000000000001a x10 0x7fffffffffffffff
core   0: 0x00000000800058a0 (0x0000983a) c.add   a6, a4
core   0: 1 0x00000000800058a0 (0x983a) x16 0x43f00000000079f9
core   0: 0x00000000800058a2 (0x74753673) csrrc   a2, mseccfg, a0
core   0: exception trap_illegal_instruction, epc 0x00000000800058a2
core   0:           tval 0x0000000074753673
core   0: >>>>  $xrv64i2p1_m2p0_a2p1_f2p2_d2p2_zicsr2p0_zifencei2p0_zmmul1p0_zba1p0_zbb1p0_zbc1p0_zbs1p0
core   0: 0x0000000080004000 (0x0080006f) j       pc + 0x8
core   0: 3 0x0000000080004000 (0x0080006f)
core   0: >>>>  mmode_exception_handler
core   0: 0x0000000080004008 (0x00002c17) auipc   s8, 0x2
core   0: 3 0x0000000080004008 (0x00002c17) x24 0x0000000080006008
core   0: 0x000000008000400c (0x050c0c13) addi    s8, s8, 80
core   0: 3 0x000000008000400c (0x050c0c13) x24 0x0000000080006058
core   0: 0x0000000080004010 (0x000c00e7) jalr    s8
core   0: 3 0x0000000080004010 (0x000c00e7) x1  0x0000000080004014
core   0: >>>>  any_handler
core   0: 0x0000000080006058 (0x341027f3) csrrs   a5, mepc, zero
core   0: 3 0x0000000080006058 (0x341027f3) x15 0x00000000800058a2
core   0: 0x000000008000605c (0x34202773) csrrs   a4, mcause, zero
core   0: 3 0x000000008000605c (0x34202773) x14 0x0000000000000002
core   0: 0x0000000080006060 (0x142026f3) csrrs   a3, scause, zero
core   0: 3 0x0000000080006060 (0x142026f3) x13 0x0000000000000000
core   0: 0x0000000080006064 (0x30402673) csrrs   a2, mie, zero
core   0: 3 0x0000000080006064 (0x30402673) x12 0x0000000000000a00
core   0: 0x0000000080006068 (0x344025f3) csrrs   a1, mip, zero
core   0: 3 0x0000000080006068 (0x344025f3) x11 0x0000000000000080
core   0: 0x000000008000606c (0x343025f3) csrrs   a1, mtval, zero
core   0: 3 0x000000008000606c (0x343025f3) x11 0x0000000074753673
core   0: 0x0000000080006070 (0x14302573) csrrs   a0, stval, zero
core   0: 3 0x0000000080006070 (0x14302573) x10 0x0000000000000000
core   0: 0x0000000080006074 (0xb02024f3) csrrs   s1, minstret, zero
core   0: 3 0x0000000080006074 (0xb02024f3) x9  0x0000000000001008
core   0: 0x0000000080006078 (0x0000a811) c.j     pc + 20
core   0: 3 0x0000000080006078 (0xa811)
core   0: >>>>  mepc_4
core   0: 0x000000008000608c (0x00000791) c.addi  a5, 4
core   0: 3 0x000000008000608c (0x0791) x15 0x00000000800058a6
core   0: 0x000000008000608e (0x34179073) csrrw   zero, mepc, a5
core   0: 3 0x000000008000608e (0x34179073) c833_mepc 0x00000000800058a6
core   0: 0x0000000080006092 (0x30200073) mret
core   0: 3 0x0000000080006092 (0x30200073) c768_mstatus 0x8000000a00106080
core   0: 0x00000000800058a6 (0x00202a73) csrrs   s4, frm, zero
core   0: 1 0x00000000800058a6 (0x00202a73) x20 0x0000000000000003
core   0: 0x00000000800058aa (0x402683bb) subw    t2, a3, sp
core   0: 1 0x00000000800058aa (0x402683bb) x7  0xffffffff80000745
core   0: 0x00000000800058ae (0xc0267dd3) fcvt.l.s s11, fa2
core   0: 1 0x00000000800058ae (0xc0267dd3) c1_fflags 0x000000000000001a x27 0x7fffffffffffffff
core   0: 0x00000000800058b2 (0xf20a09d3) fmv.d.x fs3, s4
core   0: 1 0x00000000800058b2 (0xf20a09d3) f19 0x0000000000000003
core   0: 0x00000000800058b6 (0x02d0893b) mulw    s2, ra, a3
core   0: 1 0x00000000800058b6 (0x02d0893b) x18 0x0000000000000000
core   0: 0x00000000800058ba (0x033b3017) auipc   zero, 0x33b3
core   0: 1 0x00000000800058ba (0x033b3017)
core   0: 0x00000000800058be (0x013adc1b) srliw   s8, s5, 19
core   0: 1 0x00000000800058be (0x013adc1b) x24 0x0000000000001e55
core   0: 0x00000000800058c2 (0xfc6c65b7) lui     a1, 0xfc6c6
core   0: 1 0x00000000800058c2 (0xfc6c65b7) x11 0xfffffffffc6c6000
core   0: 0x00000000800058c6 (0x4ef5859b) addiw   a1, a1, 1263
core   0: 1 0x00000000800058c6 (0x4ef5859b) x11 0xfffffffffc6c64ef
core   0: 0x00000000800058ca (0x000005b2) c.slli  a1, 12
core   0: 1 0x00000000800058ca (0x05b2) x11 0xffffffc6c64ef000
core   0: 0x00000000800058cc (0x9d058593) addi    a1, a1, -1584
core   0: 1 0x00000000800058cc (0x9d058593) x11 0xffffffc6c64ee9d0
core   0: 0x00000000800058d0 (0xd2100dd3) fcvt.d.wu fs11, zero
core   0: 1 0x00000000800058d0 (0xd2100dd3) f27 0x0000000000000000
core   0: 0x00000000800058d4 (0x40518c33) sub     s8, gp, t0
core   0: 1 0x00000000800058d4 (0x40518c33) x24 0x0000000000000000
core   0: 0x00000000800058d8 (0x944b0397) auipc   t2, 0x944b0
core   0: 1 0x00000000800058d8 (0x944b0397) x7  0x00000000144b58d8
core   0: 0x00000000800058dc (0x00d7573b) srlw    a4, a4, a3
core   0: 1 0x00000000800058dc (0x00d7573b) x14 0x0000000000000002
core   0: 0x00000000800058e0 (0x03981693) slli    a3, a6, 57
core   0: 1 0x00000000800058e0 (0x03981693) x13 0xf200000000000000
core   0: 0x00000000800058e4 (0x1b407a53) fdiv.d  fs4, ft0, fs4
core   0: 1 0x00000000800058e4 (0x1b407a53) c1_fflags 0x000000000000001b f20 0x0000000000000001
core   0: 0x00000000800058e8 (0x000b9db3) sll     s11, s7, zero
core   0: 1 0x00000000800058e8 (0x000b9db3) x27 0x0000000000004000
core   0: 0x00000000800058ec (0x0012c113) xori    sp, t0, 1
core   0: 1 0x00000000800058ec (0x0012c113) x2  0x0000000000000001
core   0: 0x00000000800058f0 (0x4cd08c93) addi    s9, ra, 1229
core   0: 1 0x00000000800058f0 (0x4cd08c93) x25 0x00000000800044e1
core   0: 0x00000000800058f4 (0x0045a233) slt     tp, a1, tp
core   0: 1 0x00000000800058f4 (0x0045a233) x4  0x0000000000000001
core   0: 0x00000000800058f8 (0x001a9a9b) slliw   s5, s5, 1
core   0: 1 0x00000000800058f8 (0x001a9a9b) x21 0xffffffffe55d0800
core   0: 0x00000000800058fc (0xe20303d3) fmv.x.d t2, ft6
core   0: 1 0x00000000800058fc (0xe20303d3) x7  0x0000000000000000
core   0: 0x0000000080005900 (0xd20a8a53) fcvt.d.w fs4, s5
core   0: 1 0x0000000080005900 (0xd20a8a53) f20 0xc1baa2f800000000
core   0: 0x0000000080005904 (0x00202173) csrrs   sp, frm, zero
core   0: 1 0x0000000080005904 (0x00202173) x2  0x0000000000000003
core   0: 0x0000000080005908 (0x00000001) c.nop
core   0: 1 0x0000000080005908 (0x0001)
core   0: 0x000000008000590a (0x51490713) addi    a4, s2, 1300
core   0: 1 0x000000008000590a (0x51490713) x14 0x0000000000000514
core   0: 0x000000008000590e (0xa24987d3) fle.d   a5, fs3, ft4
core   0: 1 0x000000008000590e (0xa24987d3) c1_fflags 0x000000000000001b x15 0x0000000000000000
core   0: 0x0000000080005912 (0xd02afb53) fcvt.s.l fs6, s5
core   0: 1 0x0000000080005912 (0xd02afb53) f22 0xffffffffcdd517c0
core   0: 0x0000000080005916 (0x2b6105d3) fmin.d  fa1, ft2, fs6
core   0: 1 0x0000000080005916 (0x2b6105d3) f11 0x7ff8000000000000
core   0: 0x000000008000591a (0x02c607bb) mulw    a5, a2, a2
core   0: 1 0x000000008000591a (0x02c607bb) x15 0x0000000000640000
core   0: 0x000000008000591e (0x000dda1b) srliw   s4, s11, 0
core   0: 1 0x000000008000591e (0x000dda1b) x20 0x0000000000004000
core   0: 0x0000000080005922 (0x0311e63b) remw    a2, gp, a7
core   0: 1 0x0000000080005922 (0x0311e63b) x12 0x0000000000000000
core   0: 0x0000000080005926 (0x01142433) slt     s0, s0, a7
core   0: 1 0x0000000080005926 (0x01142433) x8  0x0000000000000000
core   0: 0x000000008000592a (0xc225f253) fcvt.l.d tp, fa1
core   0: 1 0x000000008000592a (0xc225f253) c1_fflags 0x000000000000001b x4  0x7fffffffffffffff
core   0: 0x000000008000592e (0x0016119b) slliw   gp, a2, 1
core   0: 1 0x000000008000592e (0x0016119b) x3  0x0000000000000000
core   0: 0x0000000080005932 (0x03330ebb) mulw    t4, t1, s3
core   0: 1 0x0000000080005932 (0x03330ebb) x29 0x0000000000000000
core   0: 0x0000000080005936 (0xac4b869b) addiw   a3, s7, -1340
core   0: 1 0x0000000080005936 (0xac4b869b) x13 0x0000000000003ac4
core   0: 0x000000008000593a (0x0bb17dd3) fsub.d  fs11, ft2, fs11
core   0: 1 0x000000008000593a (0x0bb17dd3) f27 0x7ff8000000000000
core   0: 0x000000008000593e (0xc02dfe53) fcvt.l.s t3, fs11
core   0: 1 0x000000008000593e (0xc02dfe53) c1_fflags 0x000000000000001b x28 0x7fffffffffffffff
core   0: 0x0000000080005942 (0x002a15f3) csrrw   a1, frm, s4
core   0: 1 0x0000000080005942 (0x002a15f3) x11 0x0000000000000003 c2_frm 0x0000000000000000
core   0: 0x0000000080005946 (0x1b30f253) fdiv.d  ft4, ft1, fs3
core   0: 1 0x0000000080005946 (0x1b30f253) f4  0x7ff8000000000000
core   0: 0x000000008000594a (0x5a0bf3d3) fsqrt.d ft7, fs7
core   0: 1 0x000000008000594a (0x5a0bf3d3) f7  0x7ff8000000000000
core   0: 0x000000008000594e (0xd21e0853) fcvt.d.wu fa6, t3
core   0: 1 0x000000008000594e (0xd21e0853) f16 0x41efffffffe00000
core   0: 0x0000000080005952 (0x00e14133) xor     sp, sp, a4
core   0: 1 0x0000000080005952 (0x00e14133) x2  0x0000000000000517
core   0: 0x0000000080005956 (0x02e9e6bb) remw    a3, s3, a4
core   0: 1 0x0000000080005956 (0x02e9e6bb) x13 0x000000000000000f
core   0: 0x000000008000595a (0xcfad0e9b) addiw   t4, s10, -774
core   0: 1 0x000000008000595a (0xcfad0e9b) x29 0x000000007ffffb8c
core   0: 0x000000008000595e (0x23fb9fd3) fsgnjn.d ft11, fs7, ft11
core   0: 1 0x000000008000595e (0x23fb9fd3) f31 0xffffffff46fbb600
core   0: 0x0000000080005962 (0x23c01e53) fsgnjn.d ft8, ft0, ft8
core   0: 1 0x0000000080005962 (0x23c01e53) f28 0x800000000006d4f7
core   0: 0x0000000080005966 (0x418307b3) sub     a5, t1, s8
core   0: 1 0x0000000080005966 (0x418307b3) x15 0x43f0000000000000
core   0: 0x000000008000596a (0x02fc6e3b) remw    t3, s8, a5
core   0: 1 0x000000008000596a (0x02fc6e3b) x28 0x0000000000000000
core   0: 0x000000008000596e (0x2252a4d3) fsgnjx.d fs1, ft5, ft5
core   0: 1 0x000000008000596e (0x2252a4d3) f9  0x7ff8000000000000
core   0: 0x0000000080005972 (0xc23e7cd3) fcvt.lu.d s9, ft8
core   0: 1 0x0000000080005972 (0xc23e7cd3) c1_fflags 0x000000000000001b x25 0x0000000000000000
core   0: 0x0000000080005976 (0x020034b3) mulhu   s1, zero, zero
core   0: 1 0x0000000080005976 (0x020034b3) x9  0x0000000000000000
core   0: 0x000000008000597a (0x00045213) srli    tp, s0, 0
core   0: 1 0x000000008000597a (0x00045213) x4  0x0000000000000000
core   0: 0x000000008000597e (0x40b3d3bb) sraw    t2, t2, a1
core   0: 1 0x000000008000597e (0x40b3d3bb) x7  0x0000000000000000
core   0: 0x0000000080005982 (0xd02ef053) fcvt.s.l ft0, t4
core   0: 1 0x0000000080005982 (0xd02ef053) c1_fflags 0x000000000000001b f0  0xffffffff4efffff7
core   0: 0x0000000080005986 (0x03825a13) srli    s4, tp, 56
core   0: 1 0x0000000080005986 (0x03825a13) x20 0x0000000000000000
core   0: 0x000000008000598a (0x0097573b) srlw    a4, a4, s1
core   0: 1 0x000000008000598a (0x0097573b) x14 0x0000000000000514
core   0: 0x000000008000598e (0x4069d6b3) sra     a3, s3, t1
core   0: 1 0x000000008000598e (0x4069d6b3) x13 0x000000000000000f
core   0: 0x0000000080005992 (0x03754a33) div     s4, a0, s7
core   0: 1 0x0000000080005992 (0x03754a33) x20 0x0000000000000000
core   0: 0x0000000080005996 (0x2be09ed3) fmax.d  ft9, ft1, ft10
core   0: 1 0x0000000080005996 (0x2be09ed3) f29 0x7ff8000000000000
core   0: 0x000000008000599a (0x33deff4f) fnmadd.d ft10, ft9, ft9, ft6
core   0: 1 0x000000008000599a (0x33deff4f) f30 0x7ff8000000000000
core   0: 0x000000008000599e (0xd21a05d3) fcvt.d.wu fa1, s4
core   0: 1 0x000000008000599e (0xd21a05d3) f11 0x0000000000000000
core   0: 0x00000000800059a2 (0x1a85f8d3) fdiv.d  fa7, fa1, fs0
core   0: 1 0x00000000800059a2 (0x1a85f8d3) f17 0x7ff8000000000000
core   0: 0x00000000800059a6 (0xb62d7993) andi    s3, s10, -1182
core   0: 1 0x00000000800059a6 (0xb62d7993) x19 0x000000007ffffa02
core   0: 0x00000000800059aa (0x40b9591b) sraiw   s2, s2, 11
core   0: 1 0x00000000800059aa (0x40b9591b) x18 0x0000000000000000
core   0: 0x00000000800059ae (0x01f91e1b) slliw   t3, s2, 31
core   0: 1 0x00000000800059ae (0x01f91e1b) x28 0x0000000000000000
core   0: 0x00000000800059b2 (0x9b3d7d4f) fnmadd.d fs10, fs10, fs3, fs3
core   0: 1 0x00000000800059b2 (0x9b3d7d4f) c1_fflags 0x000000000000001b f26 0x80e8000000000000
core   0: 0x00000000800059b6 (0x01d986b3) add     a3, s3, t4
core   0: 1 0x00000000800059b6 (0x01d986b3) x13 0x00000000fffff58e
core   0: 0x00000000800059ba (0x0a09f153) fsub.d  ft2, fs3, ft0
core   0: 1 0x00000000800059ba (0x0a09f153) f2  0x7ff8000000000000
core   0: 0x00000000800059be (0x1bad70d3) fdiv.d  ft1, fs10, fs10
core   0: 1 0x00000000800059be (0x1bad70d3) f1  0x3ff0000000000000
core   0: 0x00000000800059c2 (0x343537f3) csrrc   a5, mtval, a0
core   0: exception trap_illegal_instruction, epc 0x00000000800059c2
core   0:           tval 0x00000000343537f3
core   0: >>>>  $xrv64i2p1_m2p0_a2p1_f2p2_d2p2_zicsr2p0_zifencei2p0_zmmul1p0_zba1p0_zbb1p0_zbc1p0_zbs1p0
core   0: 0x0000000080004000 (0x0080006f) j       pc + 0x8
core   0: 3 0x0000000080004000 (0x0080006f)
core   0: >>>>  mmode_exception_handler
core   0: 0x0000000080004008 (0x00002c17) auipc   s8, 0x2
core   0: 3 0x0000000080004008 (0x00002c17) x24 0x0000000080006008
core   0: 0x000000008000400c (0x050c0c13) addi    s8, s8, 80
core   0: 3 0x000000008000400c (0x050c0c13) x24 0x0000000080006058
core   0: 0x0000000080004010 (0x000c00e7) jalr    s8
core   0: 3 0x0000000080004010 (0x000c00e7) x1  0x0000000080004014
core   0: >>>>  any_handler
core   0: 0x0000000080006058 (0x341027f3) csrrs   a5, mepc, zero
core   0: 3 0x0000000080006058 (0x341027f3) x15 0x00000000800059c2
core   0: 0x000000008000605c (0x34202773) csrrs   a4, mcause, zero
core   0: 3 0x000000008000605c (0x34202773) x14 0x0000000000000002
core   0: 0x0000000080006060 (0x142026f3) csrrs   a3, scause, zero
core   0: 3 0x0000000080006060 (0x142026f3) x13 0x0000000000000000
core   0: 0x0000000080006064 (0x30402673) csrrs   a2, mie, zero
core   0: 3 0x0000000080006064 (0x30402673) x12 0x0000000000000a00
core   0: 0x0000000080006068 (0x344025f3) csrrs   a1, mip, zero
core   0: 3 0x0000000080006068 (0x344025f3) x11 0x0000000000000080
core   0: 0x000000008000606c (0x343025f3) csrrs   a1, mtval, zero
core   0: 3 0x000000008000606c (0x343025f3) x11 0x00000000343537f3
core   0: 0x0000000080006070 (0x14302573) csrrs   a0, stval, zero
core   0: 3 0x0000000080006070 (0x14302573) x10 0x0000000000000000
core   0: 0x0000000080006074 (0xb02024f3) csrrs   s1, minstret, zero
core   0: 3 0x0000000080006074 (0xb02024f3) x9  0x0000000000001060
core   0: 0x0000000080006078 (0x0000a811) c.j     pc + 20
core   0: 3 0x0000000080006078 (0xa811)
core   0: >>>>  mepc_4
core   0: 0x000000008000608c (0x00000791) c.addi  a5, 4
core   0: 3 0x000000008000608c (0x0791) x15 0x00000000800059c6
core   0: 0x000000008000608e (0x34179073) csrrw   zero, mepc, a5
core   0: 3 0x000000008000608e (0x34179073) c833_mepc 0x00000000800059c6
core   0: 0x0000000080006092 (0x30200073) mret
core   0: 3 0x0000000080006092 (0x30200073) c768_mstatus 0x8000000a00106080
core   0: 0x00000000800059c6 (0x2be11f53) fmax.d  ft10, ft2, ft10
core   0: 1 0x00000000800059c6 (0x2be11f53) f30 0x7ff8000000000000
core   0: 0x00000000800059ca (0x02a6d0bb) divuw   ra, a3, a0
core   0: 1 0x00000000800059ca (0x02a6d0bb) x1  0xffffffffffffffff
core   0: 0x00000000800059ce (0x00000001) c.nop
core   0: 1 0x00000000800059ce (0x0001)
core   0: 0x00000000800059d0 (0x0091e1b3) or      gp, gp, s1
core   0: 1 0x00000000800059d0 (0x0091e1b3) x3  0x0000000000001060
core   0: 0x00000000800059d4 (0x0161dbbb) srlw    s7, gp, s6
core   0: 1 0x00000000800059d4 (0x0161dbbb) x23 0x0000000000000000
core   0: 0x00000000800059d8 (0x0ff0000f) fence   iorw,iorw
core   0: 1 0x00000000800059d8 (0x0ff0000f)
core   0: 0x00000000800059dc (0xa39bcc13) xori    s8, s7, -1479
core   0: 1 0x00000000800059dc (0xa39bcc13) x24 0xfffffffffffffa39
core   0: 0x00000000800059e0 (0x01c81e33) sll     t3, a6, t3
core   0: 1 0x00000000800059e0 (0x01c81e33) x28 0x43f00000000079f9
core   0: 0x00000000800059e4 (0xd21a0853) fcvt.d.wu fa6, s4
core   0: 1 0x00000000800059e4 (0xd21a0853) f16 0x0000000000000000
core   0: 0x00000000800059e8 (0x4631c797) auipc   a5, 0x4631c
core   0: 1 0x00000000800059e8 (0x4631c797) x15 0x00000000c63219e8
core   0: 0x00000000800059ec (0x0107dab3) srl     s5, a5, a6
core   0: 1 0x00000000800059ec (0x0107dab3) x21 0x0000000000000000
core   0: 0x00000000800059f0 (0x0002521b) srliw   tp, tp, 0
core   0: 1 0x00000000800059f0 (0x0002521b) x4  0x0000000000000000
core   0: 0x00000000800059f4 (0x561adbb7) lui     s7, 0x561ad
core   0: 1 0x00000000800059f4 (0x561adbb7) x23 0x00000000561ad000
core   0: 0x00000000800059f8 (0x00bc7533) and     a0, s8, a1
core   0: 1 0x00000000800059f8 (0x00bc7533) x10 0x0000000034353231
core   0: 0x00000000800059fc (0xd0357f53) fcvt.s.lu ft10, a0
core   0: 1 0x00000000800059fc (0xd0357f53) c1_fflags 0x000000000000001b f30 0xffffffff4e50d4c9
core   0: 0x0000000080005a00 (0x000cd03b) srlw    zero, s9, zero
core   0: 1 0x0000000080005a00 (0x000cd03b)
core   0: 0x0000000080005a04 (0x1a237653) fdiv.d  fa2, ft6, ft2
core   0: 1 0x0000000080005a04 (0x1a237653) f12 0x7ff8000000000000
core   0: 0x0000000080005a08 (0x020037b3) mulhu   a5, zero, zero
core   0: 1 0x0000000080005a08 (0x020037b3) x15 0x0000000000000000
core   0: 0x0000000080005a0c (0x9acf714f) fnmadd.d ft2, ft10, fa2, fs3
core   0: 1 0x0000000080005a0c (0x9acf714f) f2  0x7ff8000000000000
core   0: 0x0000000080005a10 (0x03814133) div     sp, sp, s8
core   0: 1 0x0000000080005a10 (0x03814133) x2  0x0000000000000000
core   0: 0x0000000080005a14 (0x8fbd8e1b) addiw   t3, s11, -1797
core   0: 1 0x0000000080005a14 (0x8fbd8e1b) x28 0x00000000000038fb
core   0: 0x0000000080005a18 (0x417bd4bb) sraw    s1, s7, s7
core   0: 1 0x0000000080005a18 (0x417bd4bb) x9  0x00000000561ad000
core   0: 0x0000000080005a1c (0x2224ab53) fsgnjx.d fs6, fs1, ft2
core   0: 1 0x0000000080005a1c (0x2224ab53) f22 0x7ff8000000000000
core   0: 0x0000000080005a20 (0xfdc8eb37) lui     s6, 0xfdc8e
core   0: 1 0x0000000080005a20 (0xfdc8eb37) x22 0xfffffffffdc8e000
core   0: 0x0000000080005a24 (0x3d7b0b1b) addiw   s6, s6, 983
core   0: 1 0x0000000080005a24 (0x3d7b0b1b) x22 0xfffffffffdc8e3d7
core   0: 0x0000000080005a28 (0x00000b32) c.slli  s6, 12
core   0: 1 0x0000000080005a28 (0x0b32) x22 0xffffffdc8e3d7000
core   0: 0x0000000080005a2a (0x8a7b0b13) addi    s6, s6, -1881
core   0: 1 0x0000000080005a2a (0x8a7b0b13) x22 0xffffffdc8e3d68a7
core   0: 0x0000000080005a2e (0x2bce1e53) fmax.d  ft8, ft8, ft8
core   0: 1 0x0000000080005a2e (0x2bce1e53) f28 0x800000000006d4f7
core   0: 0x0000000080005a32 (0x03decbb3) div     s7, t4, t4
core   0: 1 0x0000000080005a32 (0x03decbb3) x23 0x0000000000000001
core   0: 0x0000000080005a36 (0x27de859b) addiw   a1, t4, 637
core   0: 1 0x0000000080005a36 (0x27de859b) x11 0x000000007ffffe09
core   0: 0x0000000080005a3a (0x02171c33) mulh    s8, a4, ra
core   0: 1 0x0000000080005a3a (0x02171c33) x24 0xffffffffffffffff
core   0: 0x0000000080005a3e (0x1d370213) addi    tp, a4, 467
core   0: 1 0x0000000080005a3e (0x1d370213) x4  0x00000000000001d5
core   0: 0x0000000080005a42 (0x401c5313) srai    t1, s8, 1
core   0: 1 0x0000000080005a42 (0x401c5313) x6  0xffffffffffffffff
core   0: 0x0000000080005a46 (0xc21e7e53) fcvt.wu.d t3, ft8
core   0: 1 0x0000000080005a46 (0xc21e7e53) c1_fflags 0x000000000000001b x28 0x0000000000000000
core   0: 0x0000000080005a4a (0x400980b3) sub     ra, s3, zero
core   0: 1 0x0000000080005a4a (0x400980b3) x1  0x000000007ffffa02
core   0: 0x0000000080005a4e (0x40120433) sub     s0, tp, ra
core   0: 1 0x0000000080005a4e (0x40120433) x8  0xffffffff800007d3
core   0: 0x0000000080005a52 (0xa3790ad3) fle.d   s5, fs2, fs7
core   0: 1 0x0000000080005a52 (0xa3790ad3) c1_fflags 0x000000000000001b x21 0x0000000000000000
core   0: 0x0000000080005a56 (0x017a61b3) or      gp, s4, s7
core   0: 1 0x0000000080005a56 (0x017a61b3) x3  0x0000000000000001
core   0: 0x0000000080005a5a (0x02871733) mulh    a4, a4, s0
core   0: 1 0x0000000080005a5a (0x02871733) x14 0xffffffffffffffff
core   0: 0x0000000080005a5e (0x418a5c3b) sraw    s8, s4, s8
core   0: 1 0x0000000080005a5e (0x418a5c3b) x24 0x0000000000000000
core   0: 0x0000000080005a62 (0x00102af3) csrrs   s5, fflags, zero
core   0: 1 0x0000000080005a62 (0x00102af3) x21 0x000000000000001b
core   0: 0x0000000080005a66 (0x00027533) and     a0, tp, zero
core   0: 1 0x0000000080005a66 (0x00027533) x10 0x0000000000000000
core   0: 0x0000000080005a6a (0x022b75bb) remuw   a1, s6, sp
core   0: 1 0x0000000080005a6a (0x022b75bb) x11 0xffffffff8e3d68a7
core   0: 0x0000000080005a6e (0xf2058753) fmv.d.x fa4, a1
core   0: 1 0x0000000080005a6e (0xf2058753) f14 0xffffffff8e3d68a7
core   0: 0x0000000080005a72 (0x419ed813) srai    a6, t4, 25
core   0: 1 0x0000000080005a72 (0x419ed813) x16 0x000000000000003f
core   0: 0x0000000080005a76 (0x03bd6d3b) remw    s10, s10, s11
core   0: 1 0x0000000080005a76 (0x03bd6d3b) x26 0x0000000000003e92
core   0: 0x0000000080005a7a (0x01add33b) srlw    t1, s11, s10
core   0: 1 0x0000000080005a7a (0x01add33b) x6  0x0000000000000000
core   0: 0x0000000080005a7e (0xd23df2d3) fcvt.d.lu ft5, s11
core   0: 1 0x0000000080005a7e (0xd23df2d3) f5  0x40d0000000000000
core   0: 0x0000000080005a82 (0x00001cbe) c.slli  s9, 47
core   0: 1 0x0000000080005a82 (0x1cbe) x25 0x0000000000000000
core   0: 0x0000000080005a84 (0xe20b8453) fmv.x.d s0, fs7
core   0: 1 0x0000000080005a84 (0xe20b8453) x8  0xffffffff46fbb600
core   0: 0x0000000080005a88 (0x0ff0000f) fence   iorw,iorw
core   0: 1 0x0000000080005a88 (0x0ff0000f)
core   0: 0x0000000080005a8c (0x422a5693) srai    a3, s4, 34
core   0: 1 0x0000000080005a8c (0x422a5693) x13 0x0000000000000000
core   0: 0x0000000080005a90 (0xff51a037) lui     zero, 0xff51a
core   0: 1 0x0000000080005a90 (0xff51a037)
core   0: 0x0000000080005a94 (0x3470001b) addiw   zero, zero, 839
core   0: 1 0x0000000080005a94 (0x3470001b)
core   0: 0x0000000080005a98 (0x00d01013) slli    zero, zero, 13
core   0: 1 0x0000000080005a98 (0x00d01013)
core   0: 0x0000000080005a9c (0x2e800013) li      zero, 744
core   0: 1 0x0000000080005a9c (0x2e800013)
core   0: 0x0000000080005aa0 (0x2b9c8053) fmin.d  ft0, fs9, fs9
core   0: 1 0x0000000080005aa0 (0x2b9c8053) f0  0x000000001891d3ea
core   0: 0x0000000080005aa4 (0xc20cf8d3) fcvt.w.d a7, fs9
core   0: 1 0x0000000080005aa4 (0xc20cf8d3) c1_fflags 0x000000000000001b x17 0x0000000000000000
core   0: 0x0000000080005aa8 (0x3030e973) csrrsi  s2, mideleg, 1
core   0: exception trap_illegal_instruction, epc 0x0000000080005aa8
core   0:           tval 0x000000003030e973
core   0: >>>>  $xrv64i2p1_m2p0_a2p1_f2p2_d2p2_zicsr2p0_zifencei2p0_zmmul1p0_zba1p0_zbb1p0_zbc1p0_zbs1p0
core   0: 0x0000000080004000 (0x0080006f) j       pc + 0x8
core   0: 3 0x0000000080004000 (0x0080006f)
core   0: >>>>  mmode_exception_handler
core   0: 0x0000000080004008 (0x00002c17) auipc   s8, 0x2
core   0: 3 0x0000000080004008 (0x00002c17) x24 0x0000000080006008
core   0: 0x000000008000400c (0x050c0c13) addi    s8, s8, 80
core   0: 3 0x000000008000400c (0x050c0c13) x24 0x0000000080006058
core   0: 0x0000000080004010 (0x000c00e7) jalr    s8
core   0: 3 0x0000000080004010 (0x000c00e7) x1  0x0000000080004014
core   0: >>>>  any_handler
core   0: 0x0000000080006058 (0x341027f3) csrrs   a5, mepc, zero
core   0: 3 0x0000000080006058 (0x341027f3) x15 0x0000000080005aa8
core   0: 0x000000008000605c (0x34202773) csrrs   a4, mcause, zero
core   0: 3 0x000000008000605c (0x34202773) x14 0x0000000000000002
core   0: 0x0000000080006060 (0x142026f3) csrrs   a3, scause, zero
core   0: 3 0x0000000080006060 (0x142026f3) x13 0x0000000000000000
core   0: 0x0000000080006064 (0x30402673) csrrs   a2, mie, zero
core   0: 3 0x0000000080006064 (0x30402673) x12 0x0000000000000a00
core   0: 0x0000000080006068 (0x344025f3) csrrs   a1, mip, zero
core   0: 3 0x0000000080006068 (0x344025f3) x11 0x0000000000000080
core   0: 0x000000008000606c (0x343025f3) csrrs   a1, mtval, zero
core   0: 3 0x000000008000606c (0x343025f3) x11 0x000000003030e973
core   0: 0x0000000080006070 (0x14302573) csrrs   a0, stval, zero
core   0: 3 0x0000000080006070 (0x14302573) x10 0x0000000000000000
core   0: 0x0000000080006074 (0xb02024f3) csrrs   s1, minstret, zero
core   0: 3 0x0000000080006074 (0xb02024f3) x9  0x00000000000010aa
core   0: 0x0000000080006078 (0x0000a811) c.j     pc + 20
core   0: 3 0x0000000080006078 (0xa811)
core   0: >>>>  mepc_4
core   0: 0x000000008000608c (0x00000791) c.addi  a5, 4
core   0: 3 0x000000008000608c (0x0791) x15 0x0000000080005aac
core   0: 0x000000008000608e (0x34179073) csrrw   zero, mepc, a5
core   0: 3 0x000000008000608e (0x34179073) c833_mepc 0x0000000080005aac
core   0: 0x0000000080006092 (0x30200073) mret
core   0: 3 0x0000000080006092 (0x30200073) c768_mstatus 0x8000000a00106080
core   0: 0x0000000080005aac (0x0a7ef8d3) fsub.d  fa7, ft9, ft7
core   0: 1 0x0000000080005aac (0x0a7ef8d3) f17 0x7ff8000000000000
core   0: 0x0000000080005ab0 (0x8a0df8c7) fmsub.d fa7, fs11, ft0, fa7
core   0: 1 0x0000000080005ab0 (0x8a0df8c7) f17 0x7ff8000000000000
core   0: 0x0000000080005ab4 (0x400d5d3b) sraw    s10, s10, zero
core   0: 1 0x0000000080005ab4 (0x400d5d3b) x26 0x0000000000003e92
core   0: 0x0000000080005ab8 (0x001026f3) csrrs   a3, fflags, zero
core   0: 1 0x0000000080005ab8 (0x001026f3) x13 0x000000000000001b
core   0: 0x0000000080005abc (0x01b0d41b) srliw   s0, ra, 27
core   0: 1 0x0000000080005abc (0x01b0d41b) x8  0x0000000000000010
core   0: 0x0000000080005ac0 (0x5a0cf2d3) fsqrt.d ft5, fs9
core   0: 1 0x0000000080005ac0 (0x5a0cf2d3) c1_fflags 0x000000000000001b f5  0x1f43d3bd643a626e
core   0: 0x0000000080005ac4 (0xd21e8fd3) fcvt.d.wu ft11, t4
core   0: 1 0x0000000080005ac4 (0xd21e8fd3) f31 0x41dffffee3000000
core   0: 0x0000000080005ac8 (0xf2050853) fmv.d.x fa6, a0
core   0: 1 0x0000000080005ac8 (0xf2050853) f16 0x0000000000000000
core   0: 0x0000000080005acc (0x02783137) lui     sp, 0x2783
core   0: 1 0x0000000080005acc (0x02783137) x2  0x0000000002783000
core   0: 0x0000000080005ad0 (0x0911011b) addiw   sp, sp, 145
core   0: 1 0x0000000080005ad0 (0x0911011b) x2  0x0000000002783091
core   0: 0x0000000080005ad4 (0x00000132) c.slli  sp, 12
core   0: 1 0x0000000080005ad4 (0x0132) x2  0x0000002783091000
core   0: 0x0000000080005ad6 (0x2c910113) addi    sp, sp, 713
core   0: 1 0x0000000080005ad6 (0x2c910113) x2  0x00000027830912c9
core   0: 0x0000000080005ada (0x00f980b3) add     ra, s3, a5
core   0: 1 0x0000000080005ada (0x00f980b3) x1  0x00000001000054ae
core   0: 0x0000000080005ade (0x02b192b3) mulh    t0, gp, a1
core   0: 1 0x0000000080005ade (0x02b192b3) x5  0x0000000000000000
core   0: 0x0000000080005ae2 (0x00d0ee33) or      t3, ra, a3
core   0: 1 0x0000000080005ae2 (0x00d0ee33) x28 0x00000001000054bf
core   0: 0x0000000080005ae6 (0xb3674713) xori    a4, a4, -1226
core   0: 1 0x0000000080005ae6 (0xb3674713) x14 0xfffffffffffffb34
core   0: 0x0000000080005aea (0x001e931b) slliw   t1, t4, 1
core   0: 1 0x0000000080005aea (0x001e931b) x6  0xfffffffffffff718
core   0: 0x0000000080005aee (0x80076c13) ori     s8, a4, -2048
core   0: 1 0x0000000080005aee (0x80076c13) x24 0xfffffffffffffb34
core   0: 0x0000000080005af2 (0x1b41f1cf) fnmadd.d ft3, ft3, fs4, ft3
core   0: 1 0x0000000080005af2 (0x1b41f1cf) f3  0x7ff8000000000000
core   0: 0x0000000080005af6 (0x4069093b) subw    s2, s2, t1
core   0: 1 0x0000000080005af6 (0x4069093b) x18 0x00000000000008e8
core   0: 0x0000000080005afa (0x014a573b) srlw    a4, s4, s4
core   0: 1 0x0000000080005afa (0x014a573b) x14 0x0000000000000000
core   0: 0x0000000080005afe (0x005902bb) addw    t0, s2, t0
core   0: 1 0x0000000080005afe (0x005902bb) x5  0x00000000000008e8
core   0: 0x0000000080005b02 (0x0007f093) andi    ra, a5, 0
core   0: 1 0x0000000080005b02 (0x0007f093) x1  0x0000000000000000
core   0: 0x0000000080005b06 (0x420707d3) fcvt.d.s fa5, fa4
core   0: 1 0x0000000080005b06 (0x420707d3) f15 0xb9c7ad14e0000000
core   0: 0x0000000080005b0a (0xda227243) fmadd.d ft4, ft4, ft2, fs11
core   0: 1 0x0000000080005b0a (0xda227243) f4  0x7ff8000000000000
core   0: 0x0000000080005b0e (0x8248f84f) fnmadd.d fa6, fa7, ft4, fa6
core   0: 1 0x0000000080005b0e (0x8248f84f) f16 0x7ff8000000000000
core   0: 0x0000000080005b12 (0xc2187a53) fcvt.wu.d s4, fa6
core   0: 1 0x0000000080005b12 (0xc2187a53) c1_fflags 0x000000000000001b x20 0xffffffffffffffff
core   0: 0x0000000080005b16 (0x40ccd11b) sraiw   sp, s9, 12
core   0: 1 0x0000000080005b16 (0x40ccd11b) x2  0x0000000000000000
core   0: 0x0000000080005b1a (0xa2448253) fle.d   tp, fs1, ft4
core   0: 1 0x0000000080005b1a (0xa2448253) c1_fflags 0x000000000000001b x4  0x0000000000000000
core   0: 0x0000000080005b1e (0x0dab9b37) lui     s6, 0xdab9
core   0: 1 0x0000000080005b1e (0x0dab9b37) x22 0x000000000dab9000
core   0: 0x0000000080005b22 (0x02425ab3) divu    s5, tp, tp
core   0: 1 0x0000000080005b22 (0x02425ab3) x21 0xffffffffffffffff
core   0: 0x0000000080005b26 (0x00000001) c.nop
core   0: 1 0x0000000080005b26 (0x0001)
core   0: 0x0000000080005b28 (0xc2127053) fcvt.wu.d zero, ft4
core   0: 1 0x0000000080005b28 (0xc2127053) c1_fflags 0x000000000000001b
core   0: 0x0000000080005b2c (0x013129b3) slt     s3, sp, s3
core   0: 1 0x0000000080005b2c (0x013129b3) x19 0x0000000000000001
core   0: 0x0000000080005b30 (0x00269273) csrrw   tp, frm, a3
core   0: 1 0x0000000080005b30 (0x00269273) x4  0x0000000000000000 c2_frm 0x0000000000000003
core   0: 0x0000000080005b34 (0xb66aea93) ori     s5, s5, -1178
core   0: 1 0x0000000080005b34 (0xb66aea93) x21 0xffffffffffffffff
core   0: 0x0000000080005b38 (0x415005bb) subw    a1, zero, s5
core   0: 1 0x0000000080005b38 (0x415005bb) x11 0x0000000000000001
core   0: 0x0000000080005b3c (0x0005dd1b) srliw   s10, a1, 0
core   0: 1 0x0000000080005b3c (0x0005dd1b) x26 0x0000000000000001
core   0: 0x0000000080005b40 (0x411282b3) sub     t0, t0, a7
core   0: 1 0x0000000080005b40 (0x411282b3) x5  0x00000000000008e8
core   0: 0x0000000080005b44 (0xf2028ad3) fmv.d.x fs5, t0
core   0: 1 0x0000000080005b44 (0xf2028ad3) f21 0x00000000000008e8
core   0: 0x0000000080005b48 (0x40145993) srai    s3, s0, 1
core   0: 1 0x0000000080005b48 (0x40145993) x19 0x0000000000000008
core   0: 0x0000000080005b4c (0xc20072d3) fcvt.w.d t0, ft0
core   0: 1 0x0000000080005b4c (0xc20072d3) c1_fflags 0x000000000000001b x5  0x0000000000000001
core   0: 0x0000000080005b50 (0xa36e85d3) fle.d   a1, ft9, fs6
core   0: 1 0x0000000080005b50 (0xa36e85d3) c1_fflags 0x000000000000001b x11 0x0000000000000000
core   0: 0x0000000080005b54 (0x0bfa7dd3) fsub.d  fs11, fs4, ft11
core   0: 1 0x0000000080005b54 (0x0bfa7dd3) f27 0xc1e3545e71800000
core   0: 0x0000000080005b58 (0x0395e9b3) rem     s3, a1, s9
core   0: 1 0x0000000080005b58 (0x0395e9b3) x19 0x0000000000000000
core   0: 0x0000000080005b5c (0x4133823b) subw    tp, t2, s3
core   0: 1 0x0000000080005b5c (0x4133823b) x4  0x0000000000000000
core   0: 0x0000000080005b60 (0x420f8ed3) fcvt.d.s ft9, ft11
core   0: 1 0x0000000080005b60 (0x420f8ed3) f29 0x7ff8000000000000
core   0: 0x0000000080005b64 (0x41d9d91b) sraiw   s2, s3, 29
core   0: 1 0x0000000080005b64 (0x41d9d91b) x18 0x0000000000000000
core   0: 0x0000000080005b68 (0x0156503b) srlw    zero, a2, s5
core   0: 1 0x0000000080005b68 (0x0156503b)
core   0: 0x0000000080005b6c (0xd2357753) fcvt.d.lu fa4, a0
core   0: 1 0x0000000080005b6c (0xd2357753) f14 0x0000000000000000
core   0: 0x0000000080005b70 (0x6c811d37) lui     s10, 0x6c811
core   0: 1 0x0000000080005b70 (0x6c811d37) x26 0x000000006c811000
core   0: 0x0000000080005b74 (0x4159843b) subw    s0, s3, s5
core   0: 1 0x0000000080005b74 (0x4159843b) x8  0x0000000000000001
core   0: 0x0000000080005b78 (0x00202473) csrrs   s0, frm, zero
core   0: 1 0x0000000080005b78 (0x00202473) x8  0x0000000000000003
core   0: 0x0000000080005b7c (0x00000001) c.nop
core   0: 1 0x0000000080005b7c (0x0001)
core   0: 0x0000000080005b7e (0x020eaab3) mulhsu  s5, t4, zero
core   0: 1 0x0000000080005b7e (0x020eaab3) x21 0x0000000000000000
core   0: 0x0000000080005b82 (0x00a529b3) slt     s3, a0, a0
core   0: 1 0x0000000080005b82 (0x00a529b3) x19 0x0000000000000000
core   0: 0x0000000080005b86 (0x00182537) lui     a0, 0x182
core   0: 1 0x0000000080005b86 (0x00182537) x10 0x0000000000182000
core   0: 0x0000000080005b8a (0x4055051b) addiw   a0, a0, 1029
core   0: 1 0x0000000080005b8a (0x4055051b) x10 0x0000000000182405
core   0: 0x0000000080005b8e (0x00000542) c.slli  a0, 16
core   0: 1 0x0000000080005b8e (0x0542) x10 0x0000001824050000
core   0: 0x0000000080005b90 (0xeed50513) addi    a0, a0, -275
core   0: 1 0x0000000080005b90 (0xeed50513) x10 0x000000182404feed
core   0: 0x0000000080005b94 (0x007513b3) sll     t2, a0, t2
core   0: 1 0x0000000080005b94 (0x007513b3) x7  0x000000182404feed
core   0: 0x0000000080005b98 (0x413b5b1b) sraiw   s6, s6, 19
core   0: 1 0x0000000080005b98 (0x413b5b1b) x22 0x00000000000001b5
core   0: 0x0000000080005b9c (0x7262f2c7) fmsub.d ft5, ft5, ft6, fa4
core   0: 1 0x0000000080005b9c (0x7262f2c7) f5  0x0000000000000000
core   0: 0x0000000080005ba0 (0x003820b3) slt     ra, a6, gp
core   0: 1 0x0000000080005ba0 (0x003820b3) x1  0x0000000000000000
core   0: 0x0000000080005ba4 (0xc0337253) fcvt.lu.s tp, ft6
core   0: 1 0x0000000080005ba4 (0xc0337253) c1_fflags 0x000000000000001b x4  0xffffffffffffffff
core   0: 0x0000000080005ba8 (0x002028f3) csrrs   a7, frm, zero
core   0: 1 0x0000000080005ba8 (0x002028f3) x17 0x0000000000000003
core   0: 0x0000000080005bac (0x0218e037) lui     zero, 0x218e
core   0: 1 0x0000000080005bac (0x0218e037)
core   0: 0x0000000080005bb0 (0x48b0001b) addiw   zero, zero, 1163
core   0: 1 0x0000000080005bb0 (0x48b0001b)
core   0: 0x0000000080005bb4 (0x00d01013) slli    zero, zero, 13
core   0: 1 0x0000000080005bb4 (0x00d01013)
core   0: 0x0000000080005bb8 (0x6aa00013) li      zero, 1706
core   0: 1 0x0000000080005bb8 (0x6aa00013)
core   0: 0x0000000080005bbc (0x00202e73) csrrs   t3, frm, zero
core   0: 1 0x0000000080005bbc (0x00202e73) x28 0x0000000000000003
core   0: 0x0000000080005bc0 (0x01cd8abb) addw    s5, s11, t3
core   0: 1 0x0000000080005bc0 (0x01cd8abb) x21 0x0000000000004003
core   0: 0x0000000080005bc4 (0xb7126037) lui     zero, 0xb7126
core   0: 1 0x0000000080005bc4 (0xb7126037)
core   0: 0x0000000080005bc8 (0x02b5c6bb) divw    a3, a1, a1
core   0: 1 0x0000000080005bc8 (0x02b5c6bb) x13 0xffffffffffffffff
core   0: 0x0000000080005bcc (0x22228753) fsgnj.d fa4, ft5, ft2
core   0: 1 0x0000000080005bcc (0x22228753) f14 0x0000000000000000
core   0: 0x0000000080005bd0 (0x41ae8eb3) sub     t4, t4, s10
core   0: 1 0x0000000080005bd0 (0x41ae8eb3) x29 0x00000000137eeb8c
core   0: 0x0000000080005bd4 (0x2bfc1853) fmax.d  fa6, fs8, ft11
core   0: 1 0x0000000080005bd4 (0x2bfc1853) f16 0x41dffffee3000000
core   0: 0x0000000080005bd8 (0x41ae5db3) sra     s11, t3, s10
core   0: 1 0x0000000080005bd8 (0x41ae5db3) x27 0x0000000000000003
core   0: 0x0000000080005bdc (0xd03e73d3) fcvt.s.lu ft7, t3
core   0: 1 0x0000000080005bdc (0xd03e73d3) f7  0xffffffff40400000
core   0: 0x0000000080005be0 (0x0210704f) fnmadd.d ft0, ft0, ft1, ft0
core   0: 1 0x0000000080005be0 (0x0210704f) f0  0x800000003123a7d4
core   0: 0x0000000080005be4 (0xcb3e8693) addi    a3, t4, -845
core   0: 1 0x0000000080005be4 (0xcb3e8693) x13 0x00000000137ee83f
core   0: 0x0000000080005be8 (0xbbce7f4f) fnmadd.d ft10, ft8, ft8, fs7
core   0: 1 0x0000000080005be8 (0xbbce7f4f) f30 0x7ff8000000000000
core   0: 0x0000000080005bec (0x9d2fd897) auipc   a7, 0x9d2fd
core   0: 1 0x0000000080005bec (0x9d2fd897) x17 0x000000001d302bec
core   0: 0x0000000080005bf0 (0x4126dd93) srai    s11, a3, 18
core   0: 1 0x0000000080005bf0 (0x4126dd93) x27 0x00000000000004df
core   0: 0x0000000080005bf4 (0x003a9233) sll     tp, s5, gp
core   0: 1 0x0000000080005bf4 (0x003a9233) x4  0x0000000000008006
core   0: 0x0000000080005bf8 (0x033d5413) srli    s0, s10, 51
core   0: 1 0x0000000080005bf8 (0x033d5413) x8  0x0000000000000000
core   0: 0x0000000080005bfc (0x017804b3) add     s1, a6, s7
core   0: 1 0x0000000080005bfc (0x017804b3) x9  0x0000000000000040
core   0: 0x0000000080005c00 (0x4161d71b) sraiw   a4, gp, 22
core   0: 1 0x0000000080005c00 (0x4161d71b) x14 0x0000000000000000
core   0: 0x0000000080005c04 (0x4314d593) srai    a1, s1, 49
core   0: 1 0x0000000080005c04 (0x4314d593) x11 0x0000000000000000
core   0: 0x0000000080005c08 (0xa27a8953) fle.d   s2, fs5, ft7
core   0: 1 0x0000000080005c08 (0xa27a8953) c1_fflags 0x000000000000001b x18 0x0000000000000000
core   0: 0x0000000080005c0c (0x02828633) mul     a2, t0, s0
core   0: 1 0x0000000080005c0c (0x02828633) x12 0x0000000000000000
core   0: 0x0000000080005c10 (0x0ff0000f) fence   iorw,iorw
core   0: 1 0x0000000080005c10 (0x0ff0000f)
core   0: 0x0000000080005c14 (0xc20e7b53) fcvt.w.d s6, ft8
core   0: 1 0x0000000080005c14 (0xc20e7b53) c1_fflags 0x000000000000001b x22 0x0000000000000000
core   0: 0x0000000080005c18 (0xd20583d3) fcvt.d.w ft7, a1
core   0: 1 0x0000000080005c18 (0xd20583d3) f7  0x0000000000000000
core   0: 0x0000000080005c1c (0x2345acd3) fsgnjx.d fs9, fa1, fs4
core   0: 1 0x0000000080005c1c (0x2345acd3) f25 0x8000000000000000
core   0: 0x0000000080005c20 (0x40b5d233) sra     tp, a1, a1
core   0: 1 0x0000000080005c20 (0x40b5d233) x4  0x0000000000000000
core   0: 0x0000000080005c24 (0x0362e033) rem     zero, t0, s6
core   0: 1 0x0000000080005c24 (0x0362e033)
core   0: 0x0000000080005c28 (0x41d409bb) subw    s3, s0, t4
core   0: 1 0x0000000080005c28 (0x41d409bb) x19 0xffffffffec811474
core   0: 0x0000000080005c2c (0x022e433b) divw    t1, t3, sp
core   0: 1 0x0000000080005c2c (0x022e433b) x6  0xffffffffffffffff
core   0: 0x0000000080005c30 (0xd23b71d3) fcvt.d.lu ft3, s6
core   0: 1 0x0000000080005c30 (0xd23b71d3) f3  0x0000000000000000
core   0: 0x0000000080005c34 (0x0226e6b3) rem     a3, a3, sp
core   0: 1 0x0000000080005c34 (0x0226e6b3) x13 0x00000000137ee83f
core   0: 0x0000000080005c38 (0x401bd79b) sraiw   a5, s7, 1
core   0: 1 0x0000000080005c38 (0x401bd79b) x15 0x0000000000000000
core   0: 0x0000000080005c3c (0x00000001) c.nop
core   0: 1 0x0000000080005c3c (0x0001)
core   0: 0x0000000080005c3e (0xfade7e4f) fnmadd.d ft8, ft8, fa3, ft11
core   0: 1 0x0000000080005c3e (0xfade7e4f) f28 0x7ff8000000000000
core   0: 0x0000000080005c42 (0x31a19bf3) csrrw   s7, menvcfgh, gp
core   0: exception trap_illegal_instruction, epc 0x0000000080005c42
core   0:           tval 0x0000000031a19bf3
core   0: >>>>  $xrv64i2p1_m2p0_a2p1_f2p2_d2p2_zicsr2p0_zifencei2p0_zmmul1p0_zba1p0_zbb1p0_zbc1p0_zbs1p0
core   0: 0x0000000080004000 (0x0080006f) j       pc + 0x8
core   0: 3 0x0000000080004000 (0x0080006f)
core   0: >>>>  mmode_exception_handler
core   0: 0x0000000080004008 (0x00002c17) auipc   s8, 0x2
core   0: 3 0x0000000080004008 (0x00002c17) x24 0x0000000080006008
core   0: 0x000000008000400c (0x050c0c13) addi    s8, s8, 80
core   0: 3 0x000000008000400c (0x050c0c13) x24 0x0000000080006058
core   0: 0x0000000080004010 (0x000c00e7) jalr    s8
core   0: 3 0x0000000080004010 (0x000c00e7) x1  0x0000000080004014
core   0: >>>>  any_handler
core   0: 0x0000000080006058 (0x341027f3) csrrs   a5, mepc, zero
core   0: 3 0x0000000080006058 (0x341027f3) x15 0x0000000080005c42
core   0: 0x000000008000605c (0x34202773) csrrs   a4, mcause, zero
core   0: 3 0x000000008000605c (0x34202773) x14 0x0000000000000002
core   0: 0x0000000080006060 (0x142026f3) csrrs   a3, scause, zero
core   0: 3 0x0000000080006060 (0x142026f3) x13 0x0000000000000000
core   0: 0x0000000080006064 (0x30402673) csrrs   a2, mie, zero
core   0: 3 0x0000000080006064 (0x30402673) x12 0x0000000000000a00
core   0: 0x0000000080006068 (0x344025f3) csrrs   a1, mip, zero
core   0: 3 0x0000000080006068 (0x344025f3) x11 0x0000000000000080
core   0: 0x000000008000606c (0x343025f3) csrrs   a1, mtval, zero
core   0: 3 0x000000008000606c (0x343025f3) x11 0x0000000031a19bf3
core   0: 0x0000000080006070 (0x14302573) csrrs   a0, stval, zero
core   0: 3 0x0000000080006070 (0x14302573) x10 0x0000000000000000
core   0: 0x0000000080006074 (0xb02024f3) csrrs   s1, minstret, zero
core   0: 3 0x0000000080006074 (0xb02024f3) x9  0x0000000000001122
core   0: 0x0000000080006078 (0x0000a811) c.j     pc + 20
core   0: 3 0x0000000080006078 (0xa811)
core   0: >>>>  mepc_4
core   0: 0x000000008000608c (0x00000791) c.addi  a5, 4
core   0: 3 0x000000008000608c (0x0791) x15 0x0000000080005c46
core   0: 0x000000008000608e (0x34179073) csrrw   zero, mepc, a5
core   0: 3 0x000000008000608e (0x34179073) c833_mepc 0x0000000080005c46
core   0: 0x0000000080006092 (0x30200073) mret
core   0: 3 0x0000000080006092 (0x30200073) c768_mstatus 0x8000000a00106080
core   0: 0x0000000080005c46 (0x023c40bb) divw    ra, s8, gp
core   0: 1 0x0000000080005c46 (0x023c40bb) x1  0xffffffff80006058
core   0: 0x0000000080005c4a (0x02e6d6b3) divu    a3, a3, a4
core   0: 1 0x0000000080005c4a (0x02e6d6b3) x13 0x0000000000000000
core   0: 0x0000000080005c4e (0x0170963b) sllw    a2, ra, s7
core   0: 1 0x0000000080005c4e (0x0170963b) x12 0x000000000000c0b0
core   0: 0x0000000080005c52 (0x02309e33) mulh    t3, ra, gp
core   0: 1 0x0000000080005c52 (0x02309e33) x28 0xffffffffffffffff
core   0: 0x0000000080005c56 (0x017efeb3) and     t4, t4, s7
core   0: 1 0x0000000080005c56 (0x017efeb3) x29 0x0000000000000000
core   0: 0x0000000080005c5a (0x4196d51b) sraiw   a0, a3, 25
core   0: 1 0x0000000080005c5a (0x4196d51b) x10 0x0000000000000000
core   0: 0x0000000080005c5e (0x00002185) c.addiw gp, 1
core   0: 1 0x0000000080005c5e (0x2185) x3  0x0000000000000002
core   0: 0x0000000080005c60 (0x000c521b) srliw   tp, s8, 0
core   0: 1 0x0000000080005c60 (0x000c521b) x4  0xffffffff80006058
core   0: 0x0000000080005c64 (0x40978233) sub     tp, a5, s1
core   0: 1 0x0000000080005c64 (0x40978233) x4  0x0000000080004b24
core   0: 0x0000000080005c68 (0x018a86b3) add     a3, s5, s8
core   0: 1 0x0000000080005c68 (0x018a86b3) x13 0x000000008000a05b
core   0: 0x0000000080005c6c (0x9a3a71cf) fnmadd.d ft3, fs4, ft3, fs3
core   0: 1 0x0000000080005c6c (0x9a3a71cf) f3  0x8000000000000003
core   0: 0x0000000080005c70 (0x002e14f3) csrrw   s1, frm, t3
core   0: 1 0x0000000080005c70 (0x002e14f3) x9  0x0000000000000003 c2_frm 0x0000000000000007
core   0: 0x0000000080005c74 (0xc23a79d3) fcvt.lu.d s3, fs4
core   0: exception trap_illegal_instruction, epc 0x0000000080005c74
core   0:           tval 0x00000000c23a79d3
core   0: >>>>  $xrv64i2p1_m2p0_a2p1_f2p2_d2p2_zicsr2p0_zifencei2p0_zmmul1p0_zba1p0_zbb1p0_zbc1p0_zbs1p0
core   0: 0x0000000080004000 (0x0080006f) j       pc + 0x8
core   0: 3 0x0000000080004000 (0x0080006f)
core   0: >>>>  mmode_exception_handler
core   0: 0x0000000080004008 (0x00002c17) auipc   s8, 0x2
core   0: 3 0x0000000080004008 (0x00002c17) x24 0x0000000080006008
core   0: 0x000000008000400c (0x050c0c13) addi    s8, s8, 80
core   0: 3 0x000000008000400c (0x050c0c13) x24 0x0000000080006058
core   0: 0x0000000080004010 (0x000c00e7) jalr    s8
core   0: 3 0x0000000080004010 (0x000c00e7) x1  0x0000000080004014
core   0: >>>>  any_handler
core   0: 0x0000000080006058 (0x341027f3) csrrs   a5, mepc, zero
core   0: 3 0x0000000080006058 (0x341027f3) x15 0x0000000080005c74
core   0: 0x000000008000605c (0x34202773) csrrs   a4, mcause, zero
core   0: 3 0x000000008000605c (0x34202773) x14 0x0000000000000002
core   0: 0x0000000080006060 (0x142026f3) csrrs   a3, scause, zero
core   0: 3 0x0000000080006060 (0x142026f3) x13 0x0000000000000000
core   0: 0x0000000080006064 (0x30402673) csrrs   a2, mie, zero
core   0: 3 0x0000000080006064 (0x30402673) x12 0x0000000000000a00
core   0: 0x0000000080006068 (0x344025f3) csrrs   a1, mip, zero
core   0: 3 0x0000000080006068 (0x344025f3) x11 0x0000000000000080
core   0: 0x000000008000606c (0x343025f3) csrrs   a1, mtval, zero
core   0: 3 0x000000008000606c (0x343025f3) x11 0x00000000c23a79d3
core   0: 0x0000000080006070 (0x14302573) csrrs   a0, stval, zero
core   0: 3 0x0000000080006070 (0x14302573) x10 0x0000000000000000
core   0: 0x0000000080006074 (0xb02024f3) csrrs   s1, minstret, zero
core   0: 3 0x0000000080006074 (0xb02024f3) x9  0x000000000000113e
core   0: 0x0000000080006078 (0x0000a811) c.j     pc + 20
core   0: 3 0x0000000080006078 (0xa811)
core   0: >>>>  mepc_4
core   0: 0x000000008000608c (0x00000791) c.addi  a5, 4
core   0: 3 0x000000008000608c (0x0791) x15 0x0000000080005c78
core   0: 0x000000008000608e (0x34179073) csrrw   zero, mepc, a5
core   0: 3 0x000000008000608e (0x34179073) c833_mepc 0x0000000080005c78
core   0: 0x0000000080006092 (0x30200073) mret
core   0: 3 0x0000000080006092 (0x30200073) c768_mstatus 0x8000000a00106080
core   0: 0x0000000080005c78 (0x2b3a0c53) fmin.d  fs8, fs4, fs3
core   0: 1 0x0000000080005c78 (0x2b3a0c53) f24 0xc1baa2f800000000
core   0: 0x0000000080005c7c (0x0294f2b3) remu    t0, s1, s1
core   0: 1 0x0000000080005c7c (0x0294f2b3) x5  0x0000000000000000
core   0: 0x0000000080005c80 (0x00241473) csrrw   s0, frm, s0
core   0: 1 0x0000000080005c80 (0x00241473) x8  0x0000000000000007 c2_frm 0x0000000000000000
core   0: 0x0000000080005c84 (0x0347d813) srli    a6, a5, 52
core   0: 1 0x0000000080005c84 (0x0347d813) x16 0x0000000000000000
core   0: 0x0000000080005c88 (0x0226c133) div     sp, a3, sp
core   0: 1 0x0000000080005c88 (0x0226c133) x2  0xffffffffffffffff
core   0: 0x0000000080005c8c (0x55d251b7) lui     gp, 0x55d25
core   0: 1 0x0000000080005c8c (0x55d251b7) x3  0x0000000055d25000
core   0: 0x0000000080005c90 (0x4111d993) srai    s3, gp, 17
core   0: 1 0x0000000080005c90 (0x4111d993) x19 0x0000000000002ae9
core   0: 0x0000000080005c94 (0x006d74b3) and     s1, s10, t1
core   0: 1 0x0000000080005c94 (0x006d74b3) x9  0x000000006c811000
core   0: 0x0000000080005c98 (0x00767eb3) and     t4, a2, t2
core   0: 1 0x0000000080005c98 (0x00767eb3) x29 0x0000000000000a00
core   0: 0x0000000080005c9c (0x01985733) srl     a4, a6, s9
core   0: 1 0x0000000080005c9c (0x01985733) x14 0x0000000000000000
core   0: 0x0000000080005ca0 (0x420c0753) fcvt.d.s fa4, fs8
core   0: 1 0x0000000080005ca0 (0x420c0753) f14 0x7ff8000000000000
core   0: 0x0000000080005ca4 (0x134a7e53) fmul.d  ft8, fs4, fs4
core   0: 1 0x0000000080005ca4 (0x134a7e53) f28 0x43862c10f6820000
core   0: 0x0000000080005ca8 (0x0324443b) divw    s0, s0, s2
core   0: 1 0x0000000080005ca8 (0x0324443b) x8  0xffffffffffffffff
core   0: 0x0000000080005cac (0x1ae1f44f) fnmadd.d fs0, ft3, fa4, ft3
core   0: 1 0x0000000080005cac (0x1ae1f44f) f8  0x7ff8000000000000
core   0: 0x0000000080005cb0 (0xd0317253) fcvt.s.lu ft4, sp
core   0: 1 0x0000000080005cb0 (0xd0317253) c1_fflags 0x000000000000001b f4  0xffffffff5f800000
core   0: 0x0000000080005cb4 (0x02b72d33) mulhsu  s10, a4, a1
core   0: 1 0x0000000080005cb4 (0x02b72d33) x26 0x0000000000000000
core   0: 0x0000000080005cb8 (0xd0377353) fcvt.s.lu ft6, a4
core   0: 1 0x0000000080005cb8 (0xd0377353) f6  0xffffffff00000000
core   0: 0x0000000080005cbc (0xc22e7653) fcvt.l.d a2, ft8
core   0: 1 0x0000000080005cbc (0xc22e7653) x12 0x02c5821ed0400000
core   0: 0x0000000080005cc0 (0x40c4d693) srai    a3, s1, 12
core   0: 1 0x0000000080005cc0 (0x40c4d693) x13 0x000000000006c811
core   0: 0x0000000080005cc4 (0x411658b3) sra     a7, a2, a7
core   0: 1 0x0000000080005cc4 (0x411658b3) x17 0x0000000000002c58
core   0: 0x0000000080005cc8 (0x0129c9b3) xor     s3, s3, s2
core   0: 1 0x0000000080005cc8 (0x0129c9b3) x19 0x0000000000002ae9
core   0: 0x0000000080005ccc (0xc20e73d3) fcvt.w.d t2, ft8
core   0: 1 0x0000000080005ccc (0xc20e73d3) c1_fflags 0x000000000000001b x7  0x000000007fffffff
core   0: 0x0000000080005cd0 (0x41705b93) srai    s7, zero, 23
core   0: 1 0x0000000080005cd0 (0x41705b93) x23 0x0000000000000000
core   0: 0x0000000080005cd4 (0x00000001) c.nop
core   0: 1 0x0000000080005cd4 (0x0001)
core   0: 0x0000000080005cd6 (0x420181d3) fcvt.d.s ft3, ft3
core   0: 1 0x0000000080005cd6 (0x420181d3) f3  0x7ff8000000000000
core   0: 0x0000000080005cda (0x2b8b78b7) lui     a7, 0x2b8b7
core   0: 1 0x0000000080005cda (0x2b8b78b7) x17 0x000000002b8b7000
core   0: 0x0000000080005cde (0xab6bfccf) fnmadd.d fs9, fs7, fs6, fs5
core   0: 1 0x0000000080005cde (0xab6bfccf) f25 0x7ff8000000000000
core   0: 0x0000000080005ce2 (0x7238e713) ori     a4, a7, 1827
core   0: 1 0x0000000080005ce2 (0x7238e713) x14 0x000000002b8b7723
core   0: 0x0000000080005ce6 (0xc21cfd53) fcvt.wu.d s10, fs9
core   0: 1 0x0000000080005ce6 (0xc21cfd53) c1_fflags 0x000000000000001b x26 0xffffffffffffffff
core   0: 0x0000000080005cea (0xa3940bd3) fle.d   s7, fs0, fs9
core   0: 1 0x0000000080005cea (0xa3940bd3) c1_fflags 0x000000000000001b x23 0x0000000000000000
core   0: 0x0000000080005cee (0x4c06061b) addiw   a2, a2, 1216
core   0: 1 0x0000000080005cee (0x4c06061b) x12 0xffffffffd04004c0
core   0: 0x0000000080005cf2 (0x038e8ebb) mulw    t4, t4, s8
core   0: 1 0x0000000080005cf2 (0x038e8ebb) x29 0x0000000003c37000
core   0: 0x0000000080005cf6 (0x6d8cf513) andi    a0, s9, 1752
core   0: 1 0x0000000080005cf6 (0x6d8cf513) x10 0x0000000000000000
core   0: 0x0000000080005cfa (0x0154581b) srliw   a6, s0, 21
core   0: 1 0x0000000080005cfa (0x0154581b) x16 0x00000000000007ff
core   0: 0x0000000080005cfe (0x002a9ef3) csrrw   t4, frm, s5
core   0: 1 0x0000000080005cfe (0x002a9ef3) x29 0x0000000000000000 c2_frm 0x0000000000000003
core   0: 0x0000000080005d02 (0x5a0b72d3) fsqrt.d ft5, fs6
core   0: 1 0x0000000080005d02 (0x5a0b72d3) f5  0x7ff8000000000000
core   0: 0x0000000080005d06 (0x00000001) c.nop
core   0: 1 0x0000000080005d06 (0x0001)
core   0: 0x0000000080005d08 (0x00a35e9b) srliw   t4, t1, 10
core   0: 1 0x0000000080005d08 (0x00a35e9b) x29 0x00000000003fffff
core   0: 0x0000000080005d0c (0x03952033) mulhsu  zero, a0, s9
core   0: 1 0x0000000080005d0c (0x03952033)
core   0: 0x0000000080005d10 (0xd20e0553) fcvt.d.w fa0, t3
core   0: 1 0x0000000080005d10 (0xd20e0553) f10 0xbff0000000000000
core   0: 0x0000000080005d14 (0x4031dc3b) sraw    s8, gp, gp
core   0: 1 0x0000000080005d14 (0x4031dc3b) x24 0x0000000055d25000
core   0: 0x0000000080005d18 (0x43d65993) srai    s3, a2, 61
core   0: 1 0x0000000080005d18 (0x43d65993) x19 0xffffffffffffffff
core   0: 0x0000000080005d1c (0x0007d61b) srliw   a2, a5, 0
core   0: 1 0x0000000080005d1c (0x0007d61b) x12 0xffffffff80005c78
core   0: 0x0000000080005d20 (0x02665bb3) divu    s7, a2, t1
core   0: 1 0x0000000080005d20 (0x02665bb3) x23 0x0000000000000000
core   0: 0x0000000080005d24 (0x00009b9a) c.add   s7, t1
core   0: 1 0x0000000080005d24 (0x9b9a) x23 0xffffffffffffffff
core   0: 0x0000000080005d26 (0x41f05e9b) sraiw   t4, zero, 31
core   0: 1 0x0000000080005d26 (0x41f05e9b) x29 0x0000000000000000
core   0: 0x0000000080005d2a (0x22eaaad3) fsgnjx.d fs5, fs5, fa4
core   0: 1 0x0000000080005d2a (0x22eaaad3) f21 0x00000000000008e8
core   0: 0x0000000080005d2e (0xd20d0bd3) fcvt.d.w fs7, s10
core   0: 1 0x0000000080005d2e (0xd20d0bd3) f23 0xbff0000000000000
core   0: 0x0000000080005d32 (0xc03f79d3) fcvt.lu.s s3, ft10
core   0: 1 0x0000000080005d32 (0xc03f79d3) c1_fflags 0x000000000000001b x19 0xffffffffffffffff
core   0: 0x0000000080005d36 (0x02cae63b) remw    a2, s5, a2
core   0: 1 0x0000000080005d36 (0x02cae63b) x12 0x0000000000004003
core   0: 0x0000000080005d3a (0x021595b3) mulh    a1, a1, ra
core   0: 1 0x0000000080005d3a (0x021595b3) x11 0x0000000000000000
core   0: 0x0000000080005d3e (0x036b5a3b) divuw   s4, s6, s6
core   0: 1 0x0000000080005d3e (0x036b5a3b) x20 0xffffffffffffffff
core   0: 0x0000000080005d42 (0x00de1393) slli    t2, t3, 13
core   0: 1 0x0000000080005d42 (0x00de1393) x7  0xffffffffffffe000
core   0: 0x0000000080005d46 (0x019aaeb3) slt     t4, s5, s9
core   0: 1 0x0000000080005d46 (0x019aaeb3) x29 0x0000000000000000
core   0: 0x0000000080005d4a (0x61958297) auipc   t0, 0x61958
core   0: 1 0x0000000080005d4a (0x61958297) x5  0x00000000e195dd4a
core   0: 0x0000000080005d4e (0xc03bf5d3) fcvt.lu.s a1, fs7
core   0: 1 0x0000000080005d4e (0xc03bf5d3) c1_fflags 0x000000000000001b x11 0xffffffffffffffff
core   0: 0x0000000080005d52 (0x000094b2) c.add   s1, a2
core   0: 1 0x0000000080005d52 (0x94b2) x9  0x000000006c815003
core   0: 0x0000000080005d54 (0x00000001) c.nop
core   0: 1 0x0000000080005d54 (0x0001)
core   0: 0x0000000080005d56 (0xc2097b53) fcvt.w.d s6, fs2
core   0: 1 0x0000000080005d56 (0xc2097b53) x22 0x0000000078057000
core   0: 0x0000000080005d5a (0x03554b3b) divw    s6, a0, s5
core   0: 1 0x0000000080005d5a (0x03554b3b) x22 0x0000000000000000
core   0: 0x0000000080005d5e (0x02a7c5b3) div     a1, a5, a0
core   0: 1 0x0000000080005d5e (0x02a7c5b3) x11 0xffffffffffffffff
core   0: 0x0000000080005d62 (0x0201b0b3) mulhu   ra, gp, zero
core   0: 1 0x0000000080005d62 (0x0201b0b3) x1  0x0000000000000000
core   0: 0x0000000080005d66 (0xc0267ad3) fcvt.l.s s5, fa2
core   0: 1 0x0000000080005d66 (0xc0267ad3) c1_fflags 0x000000000000001b x21 0x7fffffffffffffff
core   0: 0x0000000080005d6a (0x0015881b) addiw   a6, a1, 1
core   0: 1 0x0000000080005d6a (0x0015881b) x16 0x0000000000000000
core   0: 0x0000000080005d6e (0x4321d593) srai    a1, gp, 50
core   0: 1 0x0000000080005d6e (0x4321d593) x11 0x0000000000000000
core   0: 0x0000000080005d72 (0x0005991b) slliw   s2, a1, 0
core   0: 1 0x0000000080005d72 (0x0005991b) x18 0x0000000000000000
core   0: 0x0000000080005d76 (0xe20907d3) fmv.x.d a5, fs2
core   0: 1 0x0000000080005d76 (0xe20907d3) x15 0x41de015c00000000
core   0: 0x0000000080005d7a (0x232ea253) fsgnjx.d ft4, ft9, fs2
core   0: 1 0x0000000080005d7a (0x232ea253) f4  0x7ff8000000000000
core   0: 0x0000000080005d7e (0x02f461b3) rem     gp, s0, a5
core   0: 1 0x0000000080005d7e (0x02f461b3) x3  0xffffffffffffffff
core   0: 0x0000000080005d82 (0x02a50e33) mul     t3, a0, a0
core   0: 1 0x0000000080005d82 (0x02a50e33) x28 0x0000000000000000
core   0: 0x0000000080005d86 (0xc21578d3) fcvt.wu.d a7, fa0
core   0: 1 0x0000000080005d86 (0xc21578d3) c1_fflags 0x000000000000001b x17 0x0000000000000000
core   0: 0x0000000080005d8a (0x41c1d5b3) sra     a1, gp, t3
core   0: 1 0x0000000080005d8a (0x41c1d5b3) x11 0xffffffffffffffff
core   0: 0x0000000080005d8e (0x00558b3b) addw    s6, a1, t0
core   0: 1 0x0000000080005d8e (0x00558b3b) x22 0xffffffffe195dd49
core   0: 0x0000000080005d92 (0x031ce7b3) rem     a5, s9, a7
core   0: 1 0x0000000080005d92 (0x031ce7b3) x15 0x0000000000000000
core   0: 0x0000000080005d96 (0xd03c7bd3) fcvt.s.lu fs7, s8
core   0: 1 0x0000000080005d96 (0xd03c7bd3) f23 0xffffffff4eaba4a0
core   0: 0x0000000080005d9a (0x1b25f653) fdiv.d  fa2, fa1, fs2
core   0: 1 0x0000000080005d9a (0x1b25f653) f12 0x0000000000000000
core   0: 0x0000000080005d9e (0xd0227753) fcvt.s.l fa4, tp
core   0: 1 0x0000000080005d9e (0xd0227753) c1_fflags 0x000000000000001b f14 0xffffffff4f00004c
core   0: 0x0000000080005da2 (0x015c1613) slli    a2, s8, 21
core   0: 1 0x0000000080005da2 (0x015c1613) x12 0x000aba4a00000000
core   0: 0x0000000080005da6 (0x036c1a13) slli    s4, s8, 54
core   0: 1 0x0000000080005da6 (0x036c1a13) x20 0x0000000000000000
core   0: 0x0000000080005daa (0x800afd13) andi    s10, s5, -2048
core   0: 1 0x0000000080005daa (0x800afd13) x26 0x7ffffffffffff800
core   0: 0x0000000080005dae (0x0025cbb3) xor     s7, a1, sp
core   0: 1 0x0000000080005dae (0x0025cbb3) x23 0x0000000000000000
core   0: 0x0000000080005db2 (0x0349093b) mulw    s2, s2, s4
core   0: 1 0x0000000080005db2 (0x0349093b) x18 0x0000000000000000
core   0: 0x0000000080005db6 (0xf7883097) auipc   ra, 0xf7883
core   0: 1 0x0000000080005db6 (0xf7883097) x1  0x0000000077888db6
core   0: 0x0000000080005dba (0x00aac533) xor     a0, s5, a0
core   0: 1 0x0000000080005dba (0x00aac533) x10 0x7fffffffffffffff
core   0: 0x0000000080005dbe (0x013adeb3) srl     t4, s5, s3
core   0: 1 0x0000000080005dbe (0x013adeb3) x29 0x0000000000000000
core   0: 0x0000000080005dc2 (0x008908b3) add     a7, s2, s0
core   0: 1 0x0000000080005dc2 (0x008908b3) x17 0xffffffffffffffff
core   0: 0x0000000080005dc6 (0x4018f253) fcvt.s.d ft4, fa7
core   0: 1 0x0000000080005dc6 (0x4018f253) f4  0xffffffff7fc00000
core   0: 0x0000000080005dca (0x79dab937) lui     s2, 0x79dab
core   0: 1 0x0000000080005dca (0x79dab937) x18 0x0000000079dab000
core   0: 0x0000000080005dce (0xce37c9b7) lui     s3, 0xce37c
core   0: 1 0x0000000080005dce (0xce37c9b7) x19 0xffffffffce37c000
core   0: 0x0000000080005dd2 (0xaf72c293) xori    t0, t0, -1289
core   0: 1 0x0000000080005dd2 (0xaf72c293) x5  0xffffffff1e6a27bd
core   0: 0x0000000080005dd6 (0x027e21b3) mulhsu  gp, t3, t2
core   0: 1 0x0000000080005dd6 (0x027e21b3) x3  0x0000000000000000
core   0: 0x0000000080005dda (0x001d9bf3) csrrw   s7, fflags, s11
core   0: 1 0x0000000080005dda (0x001d9bf3) x23 0x000000000000001b c1_fflags 0x000000000000001f
core   0: 0x0000000080005dde (0xc01b7c73) csrrci  s8, time, 22
core   0: exception trap_illegal_instruction, epc 0x0000000080005dde
core   0:           tval 0x00000000c01b7c73
core   0: >>>>  $xrv64i2p1_m2p0_a2p1_f2p2_d2p2_zicsr2p0_zifencei2p0_zmmul1p0_zba1p0_zbb1p0_zbc1p0_zbs1p0
core   0: 0x0000000080004000 (0x0080006f) j       pc + 0x8
core   0: 3 0x0000000080004000 (0x0080006f)
core   0: >>>>  mmode_exception_handler
core   0: 0x0000000080004008 (0x00002c17) auipc   s8, 0x2
core   0: 3 0x0000000080004008 (0x00002c17) x24 0x0000000080006008
core   0: 0x000000008000400c (0x050c0c13) addi    s8, s8, 80
core   0: 3 0x000000008000400c (0x050c0c13) x24 0x0000000080006058
core   0: 0x0000000080004010 (0x000c00e7) jalr    s8
core   0: 3 0x0000000080004010 (0x000c00e7) x1  0x0000000080004014
core   0: >>>>  any_handler
core   0: 0x0000000080006058 (0x341027f3) csrrs   a5, mepc, zero
core   0: 3 0x0000000080006058 (0x341027f3) x15 0x0000000080005dde
core   0: 0x000000008000605c (0x34202773) csrrs   a4, mcause, zero
core   0: 3 0x000000008000605c (0x34202773) x14 0x0000000000000002
core   0: 0x0000000080006060 (0x142026f3) csrrs   a3, scause, zero
core   0: 3 0x0000000080006060 (0x142026f3) x13 0x0000000000000000
core   0: 0x0000000080006064 (0x30402673) csrrs   a2, mie, zero
core   0: 3 0x0000000080006064 (0x30402673) x12 0x0000000000000a00
core   0: 0x0000000080006068 (0x344025f3) csrrs   a1, mip, zero
core   0: 3 0x0000000080006068 (0x344025f3) x11 0x0000000000000080
core   0: 0x000000008000606c (0x343025f3) csrrs   a1, mtval, zero
core   0: 3 0x000000008000606c (0x343025f3) x11 0x00000000c01b7c73
core   0: 0x0000000080006070 (0x14302573) csrrs   a0, stval, zero
core   0: 3 0x0000000080006070 (0x14302573) x10 0x0000000000000000
core   0: 0x0000000080006074 (0xb02024f3) csrrs   s1, minstret, zero
core   0: 3 0x0000000080006074 (0xb02024f3) x9  0x00000000000011aa
core   0: 0x0000000080006078 (0x0000a811) c.j     pc + 20
core   0: 3 0x0000000080006078 (0xa811)
core   0: >>>>  mepc_4
core   0: 0x000000008000608c (0x00000791) c.addi  a5, 4
core   0: 3 0x000000008000608c (0x0791) x15 0x0000000080005de2
core   0: 0x000000008000608e (0x34179073) csrrw   zero, mepc, a5
core   0: 3 0x000000008000608e (0x34179073) c833_mepc 0x0000000080005de2
core   0: 0x0000000080006092 (0x30200073) mret
core   0: 3 0x0000000080006092 (0x30200073) c768_mstatus 0x8000000a00106080
core   0: 0x0000000080005de2 (0x420e00d3) fcvt.d.s ft1, ft8
core   0: 1 0x0000000080005de2 (0x420e00d3) f1  0x7ff8000000000000
core   0: 0x0000000080005de6 (0x00be2ab3) slt     s5, t3, a1
core   0: 1 0x0000000080005de6 (0x00be2ab3) x21 0x0000000000000001
core   0: 0x0000000080005dea (0xd03ef2d3) fcvt.s.lu ft5, t4
core   0: 1 0x0000000080005dea (0xd03ef2d3) f5  0xffffffff00000000
core   0: 0x0000000080005dee (0x23ad26d3) fsgnjx.d fa3, fs10, fs10
core   0: 1 0x0000000080005dee (0x23ad26d3) f13 0x00e8000000000000
core   0: 0x0000000080005df2 (0x0299f3b3) remu    t2, s3, s1
core   0: 1 0x0000000080005df2 (0x0299f3b3) x7  0x000000000000025e
core   0: 0x0000000080005df6 (0x0a6cf1d3) fsub.d  ft3, fs9, ft6
core   0: 1 0x0000000080005df6 (0x0a6cf1d3) f3  0x7ff8000000000000
core   0: 0x0000000080005dfa (0x0006dd93) srli    s11, a3, 0
core   0: 1 0x0000000080005dfa (0x0006dd93) x27 0x0000000000000000
core   0: 0x0000000080005dfe (0x001c9393) slli    t2, s9, 1
core   0: 1 0x0000000080005dfe (0x001c9393) x7  0x0000000000000000
core   0: 0x0000000080005e02 (0x40c908bb) subw    a7, s2, a2
core   0: 1 0x0000000080005e02 (0x40c908bb) x17 0x0000000079daa600
core   0: 0x0000000080005e06 (0x005421b3) slt     gp, s0, t0
core   0: 1 0x0000000080005e06 (0x005421b3) x3  0x0000000000000000
core   0: 0x0000000080005e0a (0x42bcd113) srai    sp, s9, 43
core   0: 1 0x0000000080005e0a (0x42bcd113) x2  0x0000000000000000
core   0: 0x0000000080005e0e (0x5a077f53) fsqrt.d ft10, fa4
core   0: 1 0x0000000080005e0e (0x5a077f53) f30 0x7ff8000000000000
core   0: 0x0000000080005e12 (0xd03cf053) fcvt.s.lu ft0, s9
core   0: 1 0x0000000080005e12 (0xd03cf053) f0  0xffffffff00000000
core   0: 0x0000000080005e16 (0xc03df453) fcvt.lu.s s0, fs11
core   0: 1 0x0000000080005e16 (0xc03df453) c1_fflags 0x000000000000001f x8  0xffffffffffffffff
core   0: 0x0000000080005e1a (0xc21d7cd3) fcvt.wu.d s9, fs10
core   0: 1 0x0000000080005e1a (0xc21d7cd3) c1_fflags 0x000000000000001f x25 0x0000000000000000
core   0: 0x0000000080005e1e (0xebde7e4b) fnmsub.d ft8, ft8, ft9, ft9
core   0: 1 0x0000000080005e1e (0xebde7e4b) f28 0x7ff8000000000000
core   0: 0x0000000080005e22 (0x01525b3b) srlw    s6, tp, s5
core   0: 1 0x0000000080005e22 (0x01525b3b) x22 0x0000000040002592
core   0: 0x0000000080005e26 (0x020b5eb3) divu    t4, s6, zero
core   0: 1 0x0000000080005e26 (0x020b5eb3) x29 0xffffffffffffffff
core   0: 0x0000000080005e2a (0x420d0653) fcvt.d.s fa2, fs10
core   0: 1 0x0000000080005e2a (0x420d0653) f12 0x7ff8000000000000
core   0: 0x0000000080005e2e (0xd084b2b7) lui     t0, 0xd084b
core   0: 1 0x0000000080005e2e (0xd084b2b7) x5  0xffffffffd084b000
core   0: 0x0000000080005e32 (0x03855193) srli    gp, a0, 56
core   0: 1 0x0000000080005e32 (0x03855193) x3  0x0000000000000000
core   0: 0x0000000080005e36 (0x7ff5fc13) andi    s8, a1, 2047
core   0: 1 0x0000000080005e36 (0x7ff5fc13) x24 0x0000000000000473
core   0: 0x0000000080005e3a (0x22642353) fsgnjx.d ft6, fs0, ft6
core   0: 1 0x0000000080005e3a (0x22642353) f6  0xfff8000000000000
core   0: 0x0000000080005e3e (0x2bba13d3) fmax.d  ft7, fs4, fs11
core   0: 1 0x0000000080005e3e (0x2bba13d3) f7  0xc1baa2f800000000
core   0: 0x0000000080005e42 (0x4182023b) subw    tp, tp, s8
core   0: 1 0x0000000080005e42 (0x4182023b) x4  0xffffffff800046b1
core   0: 0x0000000080005e46 (0xb6a80417) auipc   s0, 0xb6a80
core   0: 1 0x0000000080005e46 (0xb6a80417) x8  0x0000000036a85e46
core   0: 0x0000000080005e4a (0xfffe871b) addiw   a4, t4, -1
core   0: 1 0x0000000080005e4a (0xfffe871b) x14 0xfffffffffffffffe
core   0: 0x0000000080005e4e (0x901e7013) andi    zero, t3, -1791
core   0: 1 0x0000000080005e4e (0x901e7013)
core   0: 0x0000000080005e52 (0x0a5b78d3) fsub.d  fa7, fs6, ft5
core   0: 1 0x0000000080005e52 (0x0a5b78d3) f17 0x7ff8000000000000
core   0: 0x0000000080005e56 (0x02948c33) mul     s8, s1, s1
core   0: 1 0x0000000080005e56 (0x02948c33) x24 0x00000000013804e4
core   0: 0x0000000080005e5a (0x00000001) c.nop
core   0: 1 0x0000000080005e5a (0x0001)
core   0: 0x0000000080005e5c (0xd03477d3) fcvt.s.lu fa5, s0
core   0: 1 0x0000000080005e5c (0xd03477d3) c1_fflags 0x000000000000001f f15 0xffffffff4e5aa17a
core   0: 0x0000000080005e60 (0x0270c3bb) divw    t2, ra, t2
core   0: 1 0x0000000080005e60 (0x0270c3bb) x7  0xffffffffffffffff
core   0: 0x0000000080005e64 (0x0ff0000f) fence   iorw,iorw
core   0: 1 0x0000000080005e64 (0x0ff0000f)
core   0: 0x0000000080005e68 (0x231fa8d3) fsgnjx.d fa7, ft11, fa7
core   0: 1 0x0000000080005e68 (0x231fa8d3) f17 0x41dffffee3000000
core   0: 0x0000000080005e6c (0xd2018f53) fcvt.d.w ft10, gp
core   0: 1 0x0000000080005e6c (0xd2018f53) f30 0x0000000000000000
core   0: 0x0000000080005e70 (0xf110da73) csrrwi  s4, mvendorid, 1
core   0: exception trap_illegal_instruction, epc 0x0000000080005e70
core   0:           tval 0x00000000f110da73
core   0: >>>>  $xrv64i2p1_m2p0_a2p1_f2p2_d2p2_zicsr2p0_zifencei2p0_zmmul1p0_zba1p0_zbb1p0_zbc1p0_zbs1p0
core   0: 0x0000000080004000 (0x0080006f) j       pc + 0x8
core   0: 3 0x0000000080004000 (0x0080006f)
core   0: >>>>  mmode_exception_handler
core   0: 0x0000000080004008 (0x00002c17) auipc   s8, 0x2
core   0: 3 0x0000000080004008 (0x00002c17) x24 0x0000000080006008
core   0: 0x000000008000400c (0x050c0c13) addi    s8, s8, 80
core   0: 3 0x000000008000400c (0x050c0c13) x24 0x0000000080006058
core   0: 0x0000000080004010 (0x000c00e7) jalr    s8
core   0: 3 0x0000000080004010 (0x000c00e7) x1  0x0000000080004014
core   0: >>>>  any_handler
core   0: 0x0000000080006058 (0x341027f3) csrrs   a5, mepc, zero
core   0: 3 0x0000000080006058 (0x341027f3) x15 0x0000000080005e70
core   0: 0x000000008000605c (0x34202773) csrrs   a4, mcause, zero
core   0: 3 0x000000008000605c (0x34202773) x14 0x0000000000000002
core   0: 0x0000000080006060 (0x142026f3) csrrs   a3, scause, zero
core   0: 3 0x0000000080006060 (0x142026f3) x13 0x0000000000000000
core   0: 0x0000000080006064 (0x30402673) csrrs   a2, mie, zero
core   0: 3 0x0000000080006064 (0x30402673) x12 0x0000000000000a00
core   0: 0x0000000080006068 (0x344025f3) csrrs   a1, mip, zero
core   0: 3 0x0000000080006068 (0x344025f3) x11 0x0000000000000080
core   0: 0x000000008000606c (0x343025f3) csrrs   a1, mtval, zero
core   0: 3 0x000000008000606c (0x343025f3) x11 0x00000000f110da73
core   0: 0x0000000080006070 (0x14302573) csrrs   a0, stval, zero
core   0: 3 0x0000000080006070 (0x14302573) x10 0x0000000000000000
core   0: 0x0000000080006074 (0xb02024f3) csrrs   s1, minstret, zero
core   0: 3 0x0000000080006074 (0xb02024f3) x9  0x00000000000011de
core   0: 0x0000000080006078 (0x0000a811) c.j     pc + 20
core   0: 3 0x0000000080006078 (0xa811)
core   0: >>>>  mepc_4
core   0: 0x000000008000608c (0x00000791) c.addi  a5, 4
core   0: 3 0x000000008000608c (0x0791) x15 0x0000000080005e74
core   0: 0x000000008000608e (0x34179073) csrrw   zero, mepc, a5
core   0: 3 0x000000008000608e (0x34179073) c833_mepc 0x0000000080005e74
core   0: 0x0000000080006092 (0x30200073) mret
core   0: 3 0x0000000080006092 (0x30200073) c768_mstatus 0x8000000a00106080
core   0: 0x0000000080005e74 (0x034bcb3b) divw    s6, s7, s4
core   0: 1 0x0000000080005e74 (0x034bcb3b) x22 0xffffffffffffffff
core   0: 0x0000000080005e78 (0x033b6bbb) remw    s7, s6, s3
core   0: 1 0x0000000080005e78 (0x033b6bbb) x23 0xffffffffffffffff
core   0: 0x0000000080005e7c (0x01a2d893) srli    a7, t0, 26
core   0: 1 0x0000000080005e7c (0x01a2d893) x17 0x0000003ffffffff4
core   0: 0x0000000080005e80 (0x0070d31b) srliw   t1, ra, 7
core   0: 1 0x0000000080005e80 (0x0070d31b) x6  0x0000000001000080
core   0: 0x0000000080005e84 (0x0a0bfbd3) fsub.d  fs7, fs7, ft0
core   0: 1 0x0000000080005e84 (0x0a0bfbd3) f23 0x7ff8000000000000
core   0: 0x0000000080005e88 (0xe20781d3) fmv.x.d gp, fa5
core   0: 1 0x0000000080005e88 (0xe20781d3) x3  0xffffffff4e5aa17a
core   0: 0x0000000080005e8c (0x039cc9b3) div     s3, s9, s9
core   0: 1 0x0000000080005e8c (0x039cc9b3) x19 0xffffffffffffffff
core   0: 0x0000000080005e90 (0x00ad9dbb) sllw    s11, s11, a0
core   0: 1 0x0000000080005e90 (0x00ad9dbb) x27 0x0000000000000000
core   0: 0x0000000080005e94 (0xfdd5f8b7) lui     a7, 0xfdd5f
core   0: 1 0x0000000080005e94 (0xfdd5f8b7) x17 0xfffffffffdd5f000
core   0: 0x0000000080005e98 (0x2438889b) addiw   a7, a7, 579
core   0: 1 0x0000000080005e98 (0x2438889b) x17 0xfffffffffdd5f243
core   0: 0x0000000080005e9c (0x000008b2) c.slli  a7, 12
core   0: 1 0x0000000080005e9c (0x08b2) x17 0xffffffdd5f243000
core   0: 0x0000000080005e9e (0xcdd88893) addi    a7, a7, -803
core   0: 1 0x0000000080005e9e (0xcdd88893) x17 0xffffffdd5f242cdd
core   0: 0x0000000080005ea2 (0xd21c0453) fcvt.d.wu fs0, s8
core   0: 1 0x0000000080005ea2 (0xd21c0453) f8  0x41e0000c0b000000
core   0: 0x0000000080005ea6 (0xd038f853) fcvt.s.lu fa6, a7
core   0: 1 0x0000000080005ea6 (0xd038f853) c1_fflags 0x000000000000001f f16 0xffffffff5f800000
core   0: 0x0000000080005eaa (0x012e5533) srl     a0, t3, s2
core   0: 1 0x0000000080005eaa (0x012e5533) x10 0x0000000000000000
core   0: 0x0000000080005eae (0x011dd6b3) srl     a3, s11, a7
core   0: 1 0x0000000080005eae (0x011dd6b3) x13 0x0000000000000000
core   0: 0x0000000080005eb2 (0x02a1b1b3) mulhu   gp, gp, a0
core   0: 1 0x0000000080005eb2 (0x02a1b1b3) x3  0x0000000000000000
core   0: 0x0000000080005eb6 (0x0017d7b3) srl     a5, a5, ra
core   0: 1 0x0000000080005eb6 (0x0017d7b3) x15 0x0000000000000800
core   0: 0x0000000080005eba (0xd227f3d3) fcvt.d.l ft7, a5
core   0: 1 0x0000000080005eba (0xd227f3d3) f7  0x40a0000000000000
core   0: 0x0000000080005ebe (0xb1170293) addi    t0, a4, -1263
core   0: 1 0x0000000080005ebe (0xb1170293) x5  0xfffffffffffffb13
core   0: 0x0000000080005ec2 (0x13a37f53) fmul.d  ft10, ft6, fs10
core   0: 1 0x0000000080005ec2 (0x13a37f53) f30 0x7ff8000000000000
core   0: 0x0000000080005ec6 (0xfff2851b) addiw   a0, t0, -1
core   0: 1 0x0000000080005ec6 (0xfff2851b) x10 0xfffffffffffffb12
core   0: 0x0000000080005eca (0x5a0e7053) fsqrt.d ft0, ft8
core   0: 1 0x0000000080005eca (0x5a0e7053) f0  0x7ff8000000000000
core   0: 0x0000000080005ece (0xd2637143) fmadd.d ft2, ft6, ft6, fs10
core   0: 1 0x0000000080005ece (0xd2637143) f2  0x7ff8000000000000
core   0: 0x0000000080005ed2 (0x02f5463b) divw    a2, a0, a5
core   0: 1 0x0000000080005ed2 (0x02f5463b) x12 0x0000000000000000
core   0: 0x0000000080005ed6 (0x0ff0000f) fence   iorw,iorw
core   0: 1 0x0000000080005ed6 (0x0ff0000f)
core   0: 0x0000000080005eda (0x224071cf) fnmadd.d ft3, ft0, ft4, ft4
core   0: 1 0x0000000080005eda (0x224071cf) f3  0x7ff8000000000000
core   0: 0x0000000080005ede (0x00061093) slli    ra, a2, 0
core   0: 1 0x0000000080005ede (0x00061093) x1  0x0000000000000000
core   0: 0x0000000080005ee2 (0x030bd833) divu    a6, s7, a6
core   0: 1 0x0000000080005ee2 (0x030bd833) x16 0xffffffffffffffff
core   0: 0x0000000080005ee6 (0x03d0d493) srli    s1, ra, 61
core   0: 1 0x0000000080005ee6 (0x03d0d493) x9  0x0000000000000000
core   0: 0x0000000080005eea (0x03f270d3) fadd.d  ft1, ft4, ft11
core   0: 1 0x0000000080005eea (0x03f270d3) f1  0x7ff8000000000000
core   0: 0x0000000080005eee (0x8005e693) ori     a3, a1, -2048
core   0: 1 0x0000000080005eee (0x8005e693) x13 0xfffffffffffffa73
core   0: 0x0000000080005ef2 (0x23920a53) fsgnj.d fs4, ft4, fs9
core   0: 1 0x0000000080005ef2 (0x23920a53) f20 0x7fffffff7fc00000
core   0: 0x0000000080005ef6 (0x4009dd93) srai    s11, s3, 0
core   0: 1 0x0000000080005ef6 (0x4009dd93) x27 0xffffffffffffffff
core   0: 0x0000000080005efa (0x4066dc3b) sraw    s8, a3, t1
core   0: 1 0x0000000080005efa (0x4066dc3b) x24 0xfffffffffffffa73
core   0: 0x0000000080005efe (0x03bc64b3) rem     s1, s8, s11
core   0: 1 0x0000000080005efe (0x03bc64b3) x9  0x0000000000000000
core   0: 0x0000000080005f02 (0x0014f293) andi    t0, s1, 1
core   0: 1 0x0000000080005f02 (0x0014f293) x5  0x0000000000000000
core   0: 0x0000000080005f06 (0x5242724b) fnmsub.d ft4, ft4, ft4, fa0
core   0: 1 0x0000000080005f06 (0x5242724b) f4  0x7ff8000000000000
core   0: 0x0000000080005f0a (0xc2057953) fcvt.w.d s2, fa0
core   0: 1 0x0000000080005f0a (0xc2057953) x18 0xffffffffffffffff
core   0: 0x0000000080005f0e (0xa3d500d3) fle.d   ra, fa0, ft9
core   0: 1 0x0000000080005f0e (0xa3d500d3) c1_fflags 0x000000000000001f x1  0x0000000000000000
core   0: 0x0000000080005f12 (0x0030ed33) or      s10, ra, gp
core   0: 1 0x0000000080005f12 (0x0030ed33) x26 0x0000000000000000
core   0: 0x0000000080005f16 (0x00090c1b) sext.w  s8, s2
core   0: 1 0x0000000080005f16 (0x00090c1b) x24 0xffffffffffffffff
core   0: 0x0000000080005f1a (0xf4cc7493) andi    s1, s8, -180
core   0: 1 0x0000000080005f1a (0xf4cc7493) x9  0xffffffffffffff4c
core   0: 0x0000000080005f1e (0xc038f0d3) fcvt.lu.s ra, fa7
core   0: 1 0x0000000080005f1e (0xc038f0d3) c1_fflags 0x000000000000001f x1  0xffffffffffffffff
core   0: 0x0000000080005f22 (0x40cd8db3) sub     s11, s11, a2
core   0: 1 0x0000000080005f22 (0x40cd8db3) x27 0xffffffffffffffff
core   0: 0x0000000080005f26 (0x036bbb33) mulhu   s6, s7, s6
core   0: 1 0x0000000080005f26 (0x036bbb33) x22 0xfffffffffffffffe
core   0: 0x0000000080005f2a (0x03b69e33) mulh    t3, a3, s11
core   0: 1 0x0000000080005f2a (0x03b69e33) x28 0x0000000000000000
core   0: 0x0000000080005f2e (0xfbb8b637) lui     a2, 0xfbb8b
core   0: 1 0x0000000080005f2e (0xfbb8b637) x12 0xfffffffffbb8b000
core   0: 0x0000000080005f32 (0xb096061b) addiw   a2, a2, -1271
core   0: 1 0x0000000080005f32 (0xb096061b) x12 0xfffffffffbb8ab09
core   0: 0x0000000080005f36 (0x00000632) c.slli  a2, 12
core   0: 1 0x0000000080005f36 (0x0632) x12 0xffffffbb8ab09000
core   0: 0x0000000080005f38 (0x96b60613) addi    a2, a2, -1685
core   0: 1 0x0000000080005f38 (0x96b60613) x12 0xffffffbb8ab0896b
core   0: 0x0000000080005f3c (0x012a97bb) sllw    a5, s5, s2
core   0: 1 0x0000000080005f3c (0x012a97bb) x15 0xffffffff80000000
core   0: 0x0000000080005f40 (0x00000001) c.nop
core   0: 1 0x0000000080005f40 (0x0001)
core   0: 0x0000000080005f42 (0x00007d13) andi    s10, zero, 0
core   0: 1 0x0000000080005f42 (0x00007d13) x26 0x0000000000000000
core   0: 0x0000000080005f46 (0xd2118853) fcvt.d.wu fa6, gp
core   0: 1 0x0000000080005f46 (0xd2118853) f16 0x0000000000000000
core   0: 0x0000000080005f4a (0xe20806d3) fmv.x.d a3, fa6
core   0: 1 0x0000000080005f4a (0xe20806d3) x13 0x0000000000000000
core   0: 0x0000000080005f4e (0xd02077d3) fcvt.s.l fa5, zero
core   0: 1 0x0000000080005f4e (0xd02077d3) f15 0xffffffff00000000
core   0: 0x0000000080005f52 (0x03ae9d33) mulh    s10, t4, s10
core   0: 1 0x0000000080005f52 (0x03ae9d33) x26 0x0000000000000000
core   0: 0x0000000080005f56 (0x0068d133) srl     sp, a7, t1
core   0: 1 0x0000000080005f56 (0x0068d133) x2  0xffffffdd5f242cdd
core   0: 0x0000000080005f5a (0x001713bb) sllw    t2, a4, ra
core   0: 1 0x0000000080005f5a (0x001713bb) x7  0x0000000000000000
core   0: 0x0000000080005f5e (0xc2087953) fcvt.w.d s2, fa6
core   0: 1 0x0000000080005f5e (0xc2087953) x18 0x0000000000000000
core   0: 0x0000000080005f62 (0x039981b3) mul     gp, s3, s9
core   0: 1 0x0000000080005f62 (0x039981b3) x3  0x0000000000000000
core   0: 0x0000000080005f66 (0x1bf1b817) auipc   a6, 0x1bf1b
core   0: 1 0x0000000080005f66 (0x1bf1b817) x16 0x000000009bf20f66
core   0: 0x0000000080005f6a (0x00000001) c.nop
core   0: 1 0x0000000080005f6a (0x0001)
core   0: 0x0000000080005f6c (0xd2287b53) fcvt.d.l fs6, a6
core   0: 1 0x0000000080005f6c (0xd2287b53) f22 0x41e37e41ecc00000
core   0: 0x0000000080005f70 (0x06ebc713) xori    a4, s7, 110
core   0: 1 0x0000000080005f70 (0x06ebc713) x14 0xffffffffffffff91
core   0: 0x0000000080005f74 (0x0207013b) mulw    sp, a4, zero
core   0: 1 0x0000000080005f74 (0x0207013b) x2  0x0000000000000000
core   0: 0x0000000080005f78 (0x22d9f24b) fnmsub.d ft4, fs3, fa3, ft4
core   0: 1 0x0000000080005f78 (0x22d9f24b) f4  0x7ff8000000000000
core   0: 0x0000000080005f7c (0x0adf76d3) fsub.d  fa3, ft10, fa3
core   0: 1 0x0000000080005f7c (0x0adf76d3) f13 0x7ff8000000000000
core   0: 0x0000000080005f80 (0xe5528d93) addi    s11, t0, -427
core   0: 1 0x0000000080005f80 (0xe5528d93) x27 0xfffffffffffffe55
core   0: 0x0000000080005f84 (0xe20680d3) fmv.x.d ra, fa3
core   0: 1 0x0000000080005f84 (0xe20680d3) x1  0x7ff8000000000000
core   0: 0x0000000080005f88 (0x00202b73) csrrs   s6, frm, zero
core   0: 1 0x0000000080005f88 (0x00202b73) x22 0x0000000000000003
core   0: 0x0000000080005f8c (0xe20500d3) fmv.x.d ra, fa0
core   0: 1 0x0000000080005f8c (0xe20500d3) x1  0xbff0000000000000
core   0: 0x0000000080005f90 (0x4013dc93) srai    s9, t2, 1
core   0: 1 0x0000000080005f90 (0x4013dc93) x25 0x0000000000000000
core   0: 0x0000000080005f94 (0xe20a0bd3) fmv.x.d s7, fs4
core   0: 1 0x0000000080005f94 (0xe20a0bd3) x23 0x7fffffff7fc00000
core   0: 0x0000000080005f98 (0x00692033) slt     zero, s2, t1
core   0: 1 0x0000000080005f98 (0x00692033)
core   0: 0x0000000080005f9c (0x01200ebb) addw    t4, zero, s2
core   0: 1 0x0000000080005f9c (0x01200ebb) x29 0x0000000000000000
core   0: 0x0000000080005fa0 (0x072b47b7) lui     a5, 0x72b4
core   0: 1 0x0000000080005fa0 (0x072b47b7) x15 0x00000000072b4000
core   0: 0x0000000080005fa4 (0x00002785) c.addiw a5, 1
core   0: 1 0x0000000080005fa4 (0x2785) x15 0x00000000072b4001
core   0: 0x0000000080005fa6 (0x000007b2) c.slli  a5, 12
core   0: 1 0x0000000080005fa6 (0x07b2) x15 0x00000072b4001000
core   0: 0x0000000080005fa8 (0xf3578793) addi    a5, a5, -203
core   0: 1 0x0000000080005fa8 (0xf3578793) x15 0x00000072b4000f35
core   0: 0x0000000080005fac (0x0389d33b) divuw   t1, s3, s8
core   0: 1 0x0000000080005fac (0x0389d33b) x6  0x0000000000000001
core   0: 0x0000000080005fb0 (0xf1199b73) csrrw   s6, mvendorid, s3
core   0: exception trap_illegal_instruction, epc 0x0000000080005fb0
core   0:           tval 0x00000000f1199b73
core   0: >>>>  $xrv64i2p1_m2p0_a2p1_f2p2_d2p2_zicsr2p0_zifencei2p0_zmmul1p0_zba1p0_zbb1p0_zbc1p0_zbs1p0
core   0: 0x0000000080004000 (0x0080006f) j       pc + 0x8
core   0: 3 0x0000000080004000 (0x0080006f)
core   0: >>>>  mmode_exception_handler
core   0: 0x0000000080004008 (0x00002c17) auipc   s8, 0x2
core   0: 3 0x0000000080004008 (0x00002c17) x24 0x0000000080006008
core   0: 0x000000008000400c (0x050c0c13) addi    s8, s8, 80
core   0: 3 0x000000008000400c (0x050c0c13) x24 0x0000000080006058
core   0: 0x0000000080004010 (0x000c00e7) jalr    s8
core   0: 3 0x0000000080004010 (0x000c00e7) x1  0x0000000080004014
core   0: >>>>  any_handler
core   0: 0x0000000080006058 (0x341027f3) csrrs   a5, mepc, zero
core   0: 3 0x0000000080006058 (0x341027f3) x15 0x0000000080005fb0
core   0: 0x000000008000605c (0x34202773) csrrs   a4, mcause, zero
core   0: 3 0x000000008000605c (0x34202773) x14 0x0000000000000002
core   0: 0x0000000080006060 (0x142026f3) csrrs   a3, scause, zero
core   0: 3 0x0000000080006060 (0x142026f3) x13 0x0000000000000000
core   0: 0x0000000080006064 (0x30402673) csrrs   a2, mie, zero
core   0: 3 0x0000000080006064 (0x30402673) x12 0x0000000000000a00
core   0: 0x0000000080006068 (0x344025f3) csrrs   a1, mip, zero
core   0: 3 0x0000000080006068 (0x344025f3) x11 0x0000000000000080
core   0: 0x000000008000606c (0x343025f3) csrrs   a1, mtval, zero
core   0: 3 0x000000008000606c (0x343025f3) x11 0x00000000f1199b73
core   0: 0x0000000080006070 (0x14302573) csrrs   a0, stval, zero
core   0: 3 0x0000000080006070 (0x14302573) x10 0x0000000000000000
core   0: 0x0000000080006074 (0xb02024f3) csrrs   s1, minstret, zero
core   0: 3 0x0000000080006074 (0xb02024f3) x9  0x0000000000001240
core   0: 0x0000000080006078 (0x0000a811) c.j     pc + 20
core   0: 3 0x0000000080006078 (0xa811)
core   0: >>>>  mepc_4
core   0: 0x000000008000608c (0x00000791) c.addi  a5, 4
core   0: 3 0x000000008000608c (0x0791) x15 0x0000000080005fb4
core   0: 0x000000008000608e (0x34179073) csrrw   zero, mepc, a5
core   0: 3 0x000000008000608e (0x34179073) c833_mepc 0x0000000080005fb4
core   0: 0x0000000080006092 (0x30200073) mret
core   0: 3 0x0000000080006092 (0x30200073) c768_mstatus 0x8000000a00106080
core   0: 0x0000000080005fb4 (0x01ad5bb3) srl     s7, s10, s10
core   0: 1 0x0000000080005fb4 (0x01ad5bb3) x23 0x0000000000000000
core   0: 0x0000000080005fb8 (0xc00ba7f3) csrrs   a5, cycle, s7
core   0: exception trap_illegal_instruction, epc 0x0000000080005fb8
core   0:           tval 0x00000000c00ba7f3
core   0: >>>>  $xrv64i2p1_m2p0_a2p1_f2p2_d2p2_zicsr2p0_zifencei2p0_zmmul1p0_zba1p0_zbb1p0_zbc1p0_zbs1p0
core   0: 0x0000000080004000 (0x0080006f) j       pc + 0x8
core   0: 3 0x0000000080004000 (0x0080006f)
core   0: >>>>  mmode_exception_handler
core   0: 0x0000000080004008 (0x00002c17) auipc   s8, 0x2
core   0: 3 0x0000000080004008 (0x00002c17) x24 0x0000000080006008
core   0: 0x000000008000400c (0x050c0c13) addi    s8, s8, 80
core   0: 3 0x000000008000400c (0x050c0c13) x24 0x0000000080006058
core   0: 0x0000000080004010 (0x000c00e7) jalr    s8
core   0: 3 0x0000000080004010 (0x000c00e7) x1  0x0000000080004014
core   0: >>>>  any_handler
core   0: 0x0000000080006058 (0x341027f3) csrrs   a5, mepc, zero
core   0: 3 0x0000000080006058 (0x341027f3) x15 0x0000000080005fb8
core   0: 0x000000008000605c (0x34202773) csrrs   a4, mcause, zero
core   0: 3 0x000000008000605c (0x34202773) x14 0x0000000000000002
core   0: 0x0000000080006060 (0x142026f3) csrrs   a3, scause, zero
core   0: 3 0x0000000080006060 (0x142026f3) x13 0x0000000000000000
core   0: 0x0000000080006064 (0x30402673) csrrs   a2, mie, zero
core   0: 3 0x0000000080006064 (0x30402673) x12 0x0000000000000a00
core   0: 0x0000000080006068 (0x344025f3) csrrs   a1, mip, zero
core   0: 3 0x0000000080006068 (0x344025f3) x11 0x0000000000000080
core   0: 0x000000008000606c (0x343025f3) csrrs   a1, mtval, zero
core   0: 3 0x000000008000606c (0x343025f3) x11 0x00000000c00ba7f3
core   0: 0x0000000080006070 (0x14302573) csrrs   a0, stval, zero
core   0: 3 0x0000000080006070 (0x14302573) x10 0x0000000000000000
core   0: 0x0000000080006074 (0xb02024f3) csrrs   s1, minstret, zero
core   0: 3 0x0000000080006074 (0xb02024f3) x9  0x0000000000001251
core   0: 0x0000000080006078 (0x0000a811) c.j     pc + 20
core   0: 3 0x0000000080006078 (0xa811)
core   0: >>>>  mepc_4
core   0: 0x000000008000608c (0x00000791) c.addi  a5, 4
core   0: 3 0x000000008000608c (0x0791) x15 0x0000000080005fbc
core   0: 0x000000008000608e (0x34179073) csrrw   zero, mepc, a5
core   0: 3 0x000000008000608e (0x34179073) c833_mepc 0x0000000080005fbc
core   0: 0x0000000080006092 (0x30200073) mret
core   0: 3 0x0000000080006092 (0x30200073) c768_mstatus 0x8000000a00106080
core   0: 0x0000000080005fbc (0x00fc973b) sllw    a4, s9, a5
core   0: 1 0x0000000080005fbc (0x00fc973b) x14 0x0000000000000000
core   0: 0x0000000080005fc0 (0x41978633) sub     a2, a5, s9
core   0: 1 0x0000000080005fc0 (0x41978633) x12 0x0000000080005fbc
core   0: 0x0000000080005fc4 (0x034a5e33) divu    t3, s4, s4
core   0: 1 0x0000000080005fc4 (0x034a5e33) x28 0xffffffffffffffff
core   0: 0x0000000080005fc8 (0x42090153) fcvt.d.s ft2, fs2
core   0: 1 0x0000000080005fc8 (0x42090153) f2  0x7ff8000000000000
core   0: 0x0000000080005fcc (0x01101233) sll     tp, zero, a7
core   0: 1 0x0000000080005fcc (0x01101233) x4  0x0000000000000000
core   0: 0x0000000080005fd0 (0x416b83bb) subw    t2, s7, s6
core   0: 1 0x0000000080005fd0 (0x416b83bb) x7  0xfffffffffffffffd
core   0: 0x0000000080005fd4 (0x1068b073) csrrc   zero, scounteren, a7
core   0: 1 0x0000000080005fd4 (0x1068b073) c262_scounteren 0x0000000000000000
core   0: 0x0000000080005fd8 (0x00185e9b) srliw   t4, a6, 1
core   0: 1 0x0000000080005fd8 (0x00185e9b) x29 0x000000004df907b3
core   0: 0x0000000080005fdc (0x22ab97d3) fsgnjn.d fa5, fs7, fa0
core   0: 1 0x0000000080005fdc (0x22ab97d3) f15 0x7ff8000000000000
core   0: 0x0000000080005fe0 (0xa2ac8853) fle.d   a6, fs9, fa0
core   0: 1 0x0000000080005fe0 (0xa2ac8853) c1_fflags 0x000000000000001f x16 0x0000000000000000
core   0: 0x0000000080005fe4 (0x137c7c53) fmul.d  fs8, fs8, fs7
core   0: 1 0x0000000080005fe4 (0x137c7c53) f24 0x7ff8000000000000
core   0: 0x0000000080005fe8 (0x411a5b93) srai    s7, s4, 17
core   0: 1 0x0000000080005fe8 (0x411a5b93) x23 0x0000000000000000
core   0: 0x0000000080005fec (0xc037f653) fcvt.lu.s a2, fa5
core   0: 1 0x0000000080005fec (0xc037f653) c1_fflags 0x000000000000001f x12 0xffffffffffffffff
core   0: 0x0000000080005ff0 (0x00202df3) csrrs   s11, frm, zero
core   0: 1 0x0000000080005ff0 (0x00202df3) x27 0x0000000000000003
core   0: 0x0000000080005ff4 (0x02ee573b) divuw   a4, t3, a4
core   0: 1 0x0000000080005ff4 (0x02ee573b) x14 0xffffffffffffffff
core   0: 0x0000000080005ff8 (0x0014099b) addiw   s3, s0, 1
core   0: 1 0x0000000080005ff8 (0x0014099b) x19 0x0000000036a85e47
core   0: 0x0000000080005ffc (0x40c9803b) subw    zero, s3, a2
core   0: 1 0x0000000080005ffc (0x40c9803b)
core   0: 0x0000000080006000 (0x019697bb) sllw    a5, a3, s9
core   0: 1 0x0000000080006000 (0x019697bb) x15 0x0000000000000000
core   0: 0x0000000080006004 (0x02b140bb) divw    ra, sp, a1
core   0: 1 0x0000000080006004 (0x02b140bb) x1  0x0000000000000000
core   0: 0x0000000080006008 (0x401b7753) fcvt.s.d fa4, fs6
core   0: 1 0x0000000080006008 (0x401b7753) c1_fflags 0x000000000000001f f14 0xffffffff4f1bf210
core   0: 0x000000008000600c (0x01156433) or      s0, a0, a7
core   0: 1 0x000000008000600c (0x01156433) x8  0xffffffdd5f242cdd
core   0: 0x0000000080006010 (0x5a047ed3) fsqrt.d ft9, fs0
core   0: 1 0x0000000080006010 (0x5a047ed3) c1_fflags 0x000000000000001f f29 0x40e6a0a6ea803e79
core   0: 0x0000000080006014 (0x01b3579b) srliw   a5, t1, 27
core   0: 1 0x0000000080006014 (0x01b3579b) x15 0x0000000000000000
core   0: 0x0000000080006018 (0x03d5acb3) mulhsu  s9, a1, t4
core   0: 1 0x0000000080006018 (0x03d5acb3) x25 0x0000000000000000
core   0: 0x000000008000601c (0x9a29f747) fmsub.d fa4, fs3, ft2, fs3
core   0: 1 0x000000008000601c (0x9a29f747) f14 0x7ff8000000000000
core   0: 0x0000000080006020 (0x02c4513b) divuw   sp, s0, a2
core   0: 1 0x0000000080006020 (0x02c4513b) x2  0x0000000000000000
core   0: 0x0000000080006024 (0xc217fed3) fcvt.wu.d t4, fa5
core   0: 1 0x0000000080006024 (0xc217fed3) c1_fflags 0x000000000000001f x29 0xffffffffffffffff
core   0: 0x0000000080006028 (0x00000001) c.nop
core   0: 1 0x0000000080006028 (0x0001)
core   0: 0x000000008000602a (0xc9e17993) andi    s3, sp, -866
core   0: 1 0x000000008000602a (0xc9e17993) x19 0x0000000000000000
core   0: 0x000000008000602e (0x0af4f053) fsub.d  ft0, fs1, fa5
core   0: 1 0x000000008000602e (0x0af4f053) f0  0x7ff8000000000000
core   0: 0x0000000080006032 (0xc034f5d3) fcvt.lu.s a1, fs1
core   0: 1 0x0000000080006032 (0xc034f5d3) c1_fflags 0x000000000000001f x11 0xffffffffffffffff
core   0: 0x0000000080006036 (0x40a851b3) sra     gp, a6, a0
core   0: 1 0x0000000080006036 (0x40a851b3) x3  0x0000000000000000
core   0: 0x000000008000603a (0x01dd6233) or      tp, s10, t4
core   0: 1 0x000000008000603a (0x01dd6233) x4  0xffffffffffffffff
core   0: 0x000000008000603e (0x03c0043b) mulw    s0, zero, t3
core   0: 1 0x000000008000603e (0x03c0043b) x8  0x0000000000000000
core   0: 0x0000000080006042 (0x0013f493) andi    s1, t2, 1
core   0: 1 0x0000000080006042 (0x0013f493) x9  0x0000000000000001
core   0: 0x0000000080006046 (0xe356061b) addiw   a2, a2, -459
core   0: 1 0x0000000080006046 (0xe356061b) x12 0xfffffffffffffe34
core   0: 0x000000008000604a (0x1a217f53) fdiv.d  ft10, ft2, ft2
core   0: 1 0x000000008000604a (0x1a217f53) f30 0x7ff8000000000000
core   0: 0x000000008000604e (0xd224ff53) fcvt.d.l ft10, s1
core   0: 1 0x000000008000604e (0xd224ff53) f30 0x3ff0000000000000
core   0: >>>>  write_tohost
core   0: 0x0000000080006052 (0x992fa0ef) jal     pc - 0x5e6e
core   0: 1 0x0000000080006052 (0x992fa0ef) x1  0x0000000080006056
core   0: >>>>  _exit
core   0: 0x00000000800001e4 (0x00004505) c.li    a0, 1
core   0: 1 0x00000000800001e4 (0x4505) x10 0x0000000000000001
core   0: 0x00000000800001e6 (0x00001f17) auipc   t5, 0x1
core   0: 1 0x00000000800001e6 (0x00001f17) x30 0x00000000800011e6
core   0: 0x00000000800001ea (0xe0af2d23) sw      a0, -486(t5)
core   0: 1 0x00000000800001ea (0xe0af2d23) mem 0x0000000080001000 0x00000001
cp /home/server/RISCV/cva6/verif/sim/out/seed_1363/spike_sim/new_seeds_1363_.cv64a6_imafdc_sv39.log.iss /home/server/RISCV/cva6/verif/sim/out/seed_1363/spike_sim/new_seeds_1363_.cv64a6_imafdc_sv39.log
