Makefile:14: must set CVA6_REPO_DIR to point at the root of CVA6 sources and CVA6_TB_DIR to point here -- doing it for you...
LD_LIBRARY_PATH="$(realpath ../../tools/spike/lib):$LD_LIBRARY_PATH" \
	/home/server/RISCV/cva6/tools/spike/bin/spike --steps=2000000  --log-commits --isa=rv64gc_zba_zbb_zbs_zbc_zicsr_zifencei --priv=msu -l /home/server/RISCV/cva6/verif/sim/out/seed_1876/directed_asm_tests/new_seeds_1876_.o
[SPIKE] Max simulation steps: 2000000
[SPIKE] Proc 0 | ISA: rv64gc_zba_zbb_zbs_zbc_zicsr_zifencei PRIV: msu
[SPIKE] Initializing memories...
core   0: 0x0000000000010000 (0x00100413) li      s0, 1
core   0: 3 0x0000000000010000 (0x00100413) x8  0x0000000000000001
core   0: 0x0000000000010004 (0x01f41413) slli    s0, s0, 31
core   0: 3 0x0000000000010004 (0x01f41413) x8  0x0000000080000000
core   0: 0x0000000000010008 (0xf1402573) csrrs   a0, mhartid, zero
core   0: 3 0x0000000000010008 (0xf1402573) x10 0x0000000000000000
core   0: 0x000000000001000c (0x00000597) auipc   a1, 0x0
core   0: 3 0x000000000001000c (0x00000597) x11 0x000000000001000c
core   0: 0x0000000000010010 (0x07458593) addi    a1, a1, 116
core   0: 3 0x0000000000010010 (0x07458593) x11 0x0000000000010080
core   0: 0x0000000000010014 (0x00040067) jr      s0
core   0: 3 0x0000000000010014 (0x00040067)
core   0: >>>>  _start
core   0: 0x0000000080000000 (0x00004081) c.li    ra, 0
core   0: 3 0x0000000080000000 (0x4081) x1  0x0000000000000000
core   0: 0x0000000080000002 (0x00004101) c.li    sp, 0
core   0: 3 0x0000000080000002 (0x4101) x2  0x0000000000000000
core   0: 0x0000000080000004 (0x00004181) c.li    gp, 0
core   0: 3 0x0000000080000004 (0x4181) x3  0x0000000000000000
core   0: 0x0000000080000006 (0x00004201) c.li    tp, 0
core   0: 3 0x0000000080000006 (0x4201) x4  0x0000000000000000
core   0: 0x0000000080000008 (0x00004281) c.li    t0, 0
core   0: 3 0x0000000080000008 (0x4281) x5  0x0000000000000000
core   0: 0x000000008000000a (0x00004301) c.li    t1, 0
core   0: 3 0x000000008000000a (0x4301) x6  0x0000000000000000
core   0: 0x000000008000000c (0x00004381) c.li    t2, 0
core   0: 3 0x000000008000000c (0x4381) x7  0x0000000000000000
core   0: 0x000000008000000e (0x00004401) c.li    s0, 0
core   0: 3 0x000000008000000e (0x4401) x8  0x0000000000000000
core   0: 0x0000000080000010 (0x00004481) c.li    s1, 0
core   0: 3 0x0000000080000010 (0x4481) x9  0x0000000000000000
core   0: 0x0000000080000012 (0x00004501) c.li    a0, 0
core   0: 3 0x0000000080000012 (0x4501) x10 0x0000000000000000
core   0: 0x0000000080000014 (0x00004581) c.li    a1, 0
core   0: 3 0x0000000080000014 (0x4581) x11 0x0000000000000000
core   0: 0x0000000080000016 (0x00004601) c.li    a2, 0
core   0: 3 0x0000000080000016 (0x4601) x12 0x0000000000000000
core   0: 0x0000000080000018 (0x00004681) c.li    a3, 0
core   0: 3 0x0000000080000018 (0x4681) x13 0x0000000000000000
core   0: 0x000000008000001a (0x00004701) c.li    a4, 0
core   0: 3 0x000000008000001a (0x4701) x14 0x0000000000000000
core   0: 0x000000008000001c (0x00004781) c.li    a5, 0
core   0: 3 0x000000008000001c (0x4781) x15 0x0000000000000000
core   0: 0x000000008000001e (0x00004801) c.li    a6, 0
core   0: 3 0x000000008000001e (0x4801) x16 0x0000000000000000
core   0: 0x0000000080000020 (0x00004881) c.li    a7, 0
core   0: 3 0x0000000080000020 (0x4881) x17 0x0000000000000000
core   0: 0x0000000080000022 (0x00004901) c.li    s2, 0
core   0: 3 0x0000000080000022 (0x4901) x18 0x0000000000000000
core   0: 0x0000000080000024 (0x00004981) c.li    s3, 0
core   0: 3 0x0000000080000024 (0x4981) x19 0x0000000000000000
core   0: 0x0000000080000026 (0x00004a01) c.li    s4, 0
core   0: 3 0x0000000080000026 (0x4a01) x20 0x0000000000000000
core   0: 0x0000000080000028 (0x00004a81) c.li    s5, 0
core   0: 3 0x0000000080000028 (0x4a81) x21 0x0000000000000000
core   0: 0x000000008000002a (0x00004b01) c.li    s6, 0
core   0: 3 0x000000008000002a (0x4b01) x22 0x0000000000000000
core   0: 0x000000008000002c (0x00004b81) c.li    s7, 0
core   0: 3 0x000000008000002c (0x4b81) x23 0x0000000000000000
core   0: 0x000000008000002e (0x00004c01) c.li    s8, 0
core   0: 3 0x000000008000002e (0x4c01) x24 0x0000000000000000
core   0: 0x0000000080000030 (0x00004c81) c.li    s9, 0
core   0: 3 0x0000000080000030 (0x4c81) x25 0x0000000000000000
core   0: 0x0000000080000032 (0x00004d01) c.li    s10, 0
core   0: 3 0x0000000080000032 (0x4d01) x26 0x0000000000000000
core   0: 0x0000000080000034 (0x00004d81) c.li    s11, 0
core   0: 3 0x0000000080000034 (0x4d81) x27 0x0000000000000000
core   0: 0x0000000080000036 (0x00004e01) c.li    t3, 0
core   0: 3 0x0000000080000036 (0x4e01) x28 0x0000000000000000
core   0: 0x0000000080000038 (0x00004e81) c.li    t4, 0
core   0: 3 0x0000000080000038 (0x4e81) x29 0x0000000000000000
core   0: 0x000000008000003a (0x00004f01) c.li    t5, 0
core   0: 3 0x000000008000003a (0x4f01) x30 0x0000000000000000
core   0: 0x000000008000003c (0x00004f81) c.li    t6, 0
core   0: 3 0x000000008000003c (0x4f81) x31 0x0000000000000000
core   0: 0x000000008000003e (0x000062f9) c.lui   t0, 0x1e
core   0: 3 0x000000008000003e (0x62f9) x5  0x000000000001e000
core   0: 0x0000000080000040 (0x3002a073) csrrs   zero, mstatus, t0
core   0: 3 0x0000000080000040 (0x3002a073) c768_mstatus 0x8000000a00006000
core   0: 0x0000000080000044 (0x00004285) c.li    t0, 1
core   0: 3 0x0000000080000044 (0x4285) x5  0x0000000000000001
core   0: 0x0000000080000046 (0x000002fe) c.slli  t0, 31
core   0: 3 0x0000000080000046 (0x02fe) x5  0x0000000080000000
core   0: 0x0000000080000048 (0x0002d863) bge     t0, zero, pc + 16
core   0: 3 0x0000000080000048 (0x0002d863)
core   0: 0x0000000080000058 (0x00000297) auipc   t0, 0x0
core   0: 3 0x0000000080000058 (0x00000297) x5  0x0000000080000058
core   0: 0x000000008000005c (0x09028293) addi    t0, t0, 144
core   0: 3 0x000000008000005c (0x09028293) x5  0x00000000800000e8
core   0: 0x0000000080000060 (0x30529073) csrrw   zero, mtvec, t0
core   0: 3 0x0000000080000060 (0x30529073) c773_mtvec 0x00000000800000e8
core   0: 0x0000000080000064 (0x00301073) csrrw   zero, fcsr, zero
core   0: 3 0x0000000080000064 (0x00301073) c1_fflags 0x0000000000000000 c2_frm 0x0000000000000000
core   0: 0x0000000080000068 (0xf0000053) fmv.w.x ft0, zero
core   0: 3 0x0000000080000068 (0xf0000053) f0  0xffffffff00000000
core   0: 0x000000008000006c (0xf00000d3) fmv.w.x ft1, zero
core   0: 3 0x000000008000006c (0xf00000d3) f1  0xffffffff00000000
core   0: 0x0000000080000070 (0xf0000153) fmv.w.x ft2, zero
core   0: 3 0x0000000080000070 (0xf0000153) f2  0xffffffff00000000
core   0: 0x0000000080000074 (0xf00001d3) fmv.w.x ft3, zero
core   0: 3 0x0000000080000074 (0xf00001d3) f3  0xffffffff00000000
core   0: 0x0000000080000078 (0xf0000253) fmv.w.x ft4, zero
core   0: 3 0x0000000080000078 (0xf0000253) f4  0xffffffff00000000
core   0: 0x000000008000007c (0xf00002d3) fmv.w.x ft5, zero
core   0: 3 0x000000008000007c (0xf00002d3) f5  0xffffffff00000000
core   0: 0x0000000080000080 (0xf0000353) fmv.w.x ft6, zero
core   0: 3 0x0000000080000080 (0xf0000353) f6  0xffffffff00000000
core   0: 0x0000000080000084 (0xf00003d3) fmv.w.x ft7, zero
core   0: 3 0x0000000080000084 (0xf00003d3) f7  0xffffffff00000000
core   0: 0x0000000080000088 (0xf0000453) fmv.w.x fs0, zero
core   0: 3 0x0000000080000088 (0xf0000453) f8  0xffffffff00000000
core   0: 0x000000008000008c (0xf00004d3) fmv.w.x fs1, zero
core   0: 3 0x000000008000008c (0xf00004d3) f9  0xffffffff00000000
core   0: 0x0000000080000090 (0xf0000553) fmv.w.x fa0, zero
core   0: 3 0x0000000080000090 (0xf0000553) f10 0xffffffff00000000
core   0: 0x0000000080000094 (0xf00005d3) fmv.w.x fa1, zero
core   0: 3 0x0000000080000094 (0xf00005d3) f11 0xffffffff00000000
core   0: 0x0000000080000098 (0xf0000653) fmv.w.x fa2, zero
core   0: 3 0x0000000080000098 (0xf0000653) f12 0xffffffff00000000
core   0: 0x000000008000009c (0xf00006d3) fmv.w.x fa3, zero
core   0: 3 0x000000008000009c (0xf00006d3) f13 0xffffffff00000000
core   0: 0x00000000800000a0 (0xf0000753) fmv.w.x fa4, zero
core   0: 3 0x00000000800000a0 (0xf0000753) f14 0xffffffff00000000
core   0: 0x00000000800000a4 (0xf00007d3) fmv.w.x fa5, zero
core   0: 3 0x00000000800000a4 (0xf00007d3) f15 0xffffffff00000000
core   0: 0x00000000800000a8 (0xf0000853) fmv.w.x fa6, zero
core   0: 3 0x00000000800000a8 (0xf0000853) f16 0xffffffff00000000
core   0: 0x00000000800000ac (0xf00008d3) fmv.w.x fa7, zero
core   0: 3 0x00000000800000ac (0xf00008d3) f17 0xffffffff00000000
core   0: 0x00000000800000b0 (0xf0000953) fmv.w.x fs2, zero
core   0: 3 0x00000000800000b0 (0xf0000953) f18 0xffffffff00000000
core   0: 0x00000000800000b4 (0xf00009d3) fmv.w.x fs3, zero
core   0: 3 0x00000000800000b4 (0xf00009d3) f19 0xffffffff00000000
core   0: 0x00000000800000b8 (0xf0000a53) fmv.w.x fs4, zero
core   0: 3 0x00000000800000b8 (0xf0000a53) f20 0xffffffff00000000
core   0: 0x00000000800000bc (0xf0000ad3) fmv.w.x fs5, zero
core   0: 3 0x00000000800000bc (0xf0000ad3) f21 0xffffffff00000000
core   0: 0x00000000800000c0 (0xf0000b53) fmv.w.x fs6, zero
core   0: 3 0x00000000800000c0 (0xf0000b53) f22 0xffffffff00000000
core   0: 0x00000000800000c4 (0xf0000bd3) fmv.w.x fs7, zero
core   0: 3 0x00000000800000c4 (0xf0000bd3) f23 0xffffffff00000000
core   0: 0x00000000800000c8 (0xf0000c53) fmv.w.x fs8, zero
core   0: 3 0x00000000800000c8 (0xf0000c53) f24 0xffffffff00000000
core   0: 0x00000000800000cc (0xf0000cd3) fmv.w.x fs9, zero
core   0: 3 0x00000000800000cc (0xf0000cd3) f25 0xffffffff00000000
core   0: 0x00000000800000d0 (0xf0000d53) fmv.w.x fs10, zero
core   0: 3 0x00000000800000d0 (0xf0000d53) f26 0xffffffff00000000
core   0: 0x00000000800000d4 (0xf0000dd3) fmv.w.x fs11, zero
core   0: 3 0x00000000800000d4 (0xf0000dd3) f27 0xffffffff00000000
core   0: 0x00000000800000d8 (0xf0000e53) fmv.w.x ft8, zero
core   0: 3 0x00000000800000d8 (0xf0000e53) f28 0xffffffff00000000
core   0: 0x00000000800000dc (0xf0000ed3) fmv.w.x ft9, zero
core   0: 3 0x00000000800000dc (0xf0000ed3) f29 0xffffffff00000000
core   0: 0x00000000800000e0 (0xf0000f53) fmv.w.x ft10, zero
core   0: 3 0x00000000800000e0 (0xf0000f53) f30 0xffffffff00000000
core   0: 0x00000000800000e4 (0xf0000fd3) fmv.w.x ft11, zero
core   0: 3 0x00000000800000e4 (0xf0000fd3) f31 0xffffffff00000000
core   0: 0x00000000800000e8 (0x00000297) auipc   t0, 0x0
core   0: 3 0x00000000800000e8 (0x00000297) x5  0x00000000800000e8
core   0: 0x00000000800000ec (0x03c28293) addi    t0, t0, 60
core   0: 3 0x00000000800000ec (0x03c28293) x5  0x0000000080000124
core   0: 0x00000000800000f0 (0x30529073) csrrw   zero, mtvec, t0
core   0: 3 0x00000000800000f0 (0x30529073) c773_mtvec 0x0000000080000124
core   0: 0x00000000800000f4 (0x00012197) auipc   gp, 0x12
core   0: 3 0x00000000800000f4 (0x00012197) x3  0x00000000800120f4
core   0: 0x00000000800000f8 (0x73418193) addi    gp, gp, 1844
core   0: 3 0x00000000800000f8 (0x73418193) x3  0x0000000080012828
core   0: 0x00000000800000fc (0x00012217) auipc   tp, 0x12
core   0: 3 0x00000000800000fc (0x00012217) x4  0x00000000800120fc
core   0: 0x0000000080000100 (0xf8320213) addi    tp, tp, -125
core   0: 3 0x0000000080000100 (0xf8320213) x4  0x000000008001207f
core   0: 0x0000000080000104 (0xfc027213) andi    tp, tp, -64
core   0: 3 0x0000000080000104 (0xfc027213) x4  0x0000000080012040
core   0: 0x0000000080000108 (0xf1402573) csrrs   a0, mhartid, zero
core   0: 3 0x0000000080000108 (0xf1402573) x10 0x0000000000000000
core   0: 0x000000008000010c (0x00004585) c.li    a1, 1
core   0: 3 0x000000008000010c (0x4585) x11 0x0000000000000001
core   0: 0x000000008000010e (0x00b57063) bgeu    a0, a1, pc + 0
core   0: 3 0x000000008000010e (0x00b57063)
core   0: 0x0000000080000112 (0x00150113) addi    sp, a0, 1
core   0: 3 0x0000000080000112 (0x00150113) x2  0x0000000000000001
core   0: 0x0000000080000116 (0x00000146) c.slli  sp, 17
core   0: 3 0x0000000080000116 (0x0146) x2  0x0000000000020000
core   0: 0x0000000080000118 (0x00009112) c.add   sp, tp
core   0: 3 0x0000000080000118 (0x9112) x2  0x0000000080032040
core   0: 0x000000008000011a (0x01151613) slli    a2, a0, 17
core   0: 3 0x000000008000011a (0x01151613) x12 0x0000000000000000
core   0: 0x000000008000011e (0x00009232) c.add   tp, a2
core   0: 3 0x000000008000011e (0x9232) x4  0x0000000080012040
core   0: 0x0000000080000120 (0x3340f06f) j       pc + 0xf334
core   0: 3 0x0000000080000120 (0x3340f06f)
core   0: >>>>  _init
core   0: 0x000000008000f454 (0x00007171) c.addi16sp sp, -176
core   0: 3 0x000000008000f454 (0x7171) x2  0x0000000080031f90
core   0: 0x000000008000f456 (0x0000f506) c.sdsp  ra, 168(sp)
core   0: 3 0x000000008000f456 (0xf506) mem 0x0000000080032038 0x0000000000000000
core   0: 0x000000008000f458 (0x0000f122) c.sdsp  s0, 160(sp)
core   0: 3 0x000000008000f458 (0xf122) mem 0x0000000080032030 0x0000000000000000
core   0: 0x000000008000f45a (0x0000ed26) c.sdsp  s1, 152(sp)
core   0: 3 0x000000008000f45a (0xed26) mem 0x0000000080032028 0x0000000000000000
core   0: 0x000000008000f45c (0x00001900) c.addi4spn s0, sp, 176
core   0: 3 0x000000008000f45c (0x1900) x8  0x0000000080032040
core   0: 0x000000008000f45e (0x000087aa) c.mv    a5, a0
core   0: 3 0x000000008000f45e (0x87aa) x15 0x0000000000000000
core   0: 0x000000008000f460 (0x0000872e) c.mv    a4, a1
core   0: 3 0x000000008000f460 (0x872e) x14 0x0000000000000001
core   0: 0x000000008000f462 (0xf4f42e23) sw      a5, -164(s0)
core   0: 3 0x000000008000f462 (0xf4f42e23) mem 0x0000000080031f9c 0x00000000
core   0: 0x000000008000f466 (0x000087ba) c.mv    a5, a4
core   0: 3 0x000000008000f466 (0x87ba) x15 0x0000000000000001
core   0: 0x000000008000f468 (0xf4f42c23) sw      a5, -168(s0)
core   0: 3 0x000000008000f468 (0xf4f42c23) mem 0x0000000080031f98 0x00000001
core   0: 0x000000008000f46c (0xfe040793) addi    a5, s0, -32
core   0: 3 0x000000008000f46c (0xfe040793) x15 0x0000000080032020
core   0: 0x000000008000f470 (0xf4f43823) sd      a5, -176(s0)
core   0: 3 0x000000008000f470 (0xf4f43823) mem 0x0000000080031f90 0x0000000080032020
core   0: 0x000000008000f474 (0xf5043783) ld      a5, -176(s0)
core   0: 3 0x000000008000f474 (0xf5043783) x15 0x0000000080032020 mem 0x0000000080031f90
core   0: 0x000000008000f478 (0xf8078793) addi    a5, a5, -128
core   0: 3 0x000000008000f478 (0xf8078793) x15 0x0000000080031fa0
core   0: 0x000000008000f47c (0x03f78793) addi    a5, a5, 63
core   0: 3 0x000000008000f47c (0x03f78793) x15 0x0000000080031fdf
core   0: 0x000000008000f480 (0x00008399) c.srli  a5, 6
core   0: 3 0x000000008000f480 (0x8399) x15 0x0000000002000c7f
core   0: 0x000000008000f482 (0x00679493) slli    s1, a5, 6
core   0: 3 0x000000008000f482 (0x00679493) x9  0x0000000080031fc0
core   0: 0x000000008000f486 (0xf65ff0ef) jal     pc - 0x9c
core   0: 3 0x000000008000f486 (0xf65ff0ef) x1  0x000000008000f48a
core   0: >>>>  init_tls
core   0: 0x000000008000f3ea (0x00001101) c.addi  sp, -32
core   0: 3 0x000000008000f3ea (0x1101) x2  0x0000000080031f70
core   0: 0x000000008000f3ec (0x0000ec06) c.sdsp  ra, 24(sp)
core   0: 3 0x000000008000f3ec (0xec06) mem 0x0000000080031f88 0x000000008000f48a
core   0: 0x000000008000f3ee (0x0000e822) c.sdsp  s0, 16(sp)
core   0: 3 0x000000008000f3ee (0xe822) mem 0x0000000080031f80 0x0000000080032040
core   0: 0x000000008000f3f0 (0x00001000) c.addi4spn s0, sp, 32
core   0: 3 0x000000008000f3f0 (0x1000) x8  0x0000000080031f90
core   0: 0x000000008000f3f2 (0x00003717) auipc   a4, 0x3
core   0: 3 0x000000008000f3f2 (0x00003717) x14 0x00000000800123f2
core   0: 0x000000008000f3f6 (0xc3670713) addi    a4, a4, -970
core   0: 3 0x000000008000f3f6 (0xc3670713) x14 0x0000000080012028
core   0: 0x000000008000f3fa (0x00003797) auipc   a5, 0x3
core   0: 3 0x000000008000f3fa (0x00003797) x15 0x00000000800123fa
core   0: 0x000000008000f3fe (0xc2e78793) addi    a5, a5, -978
core   0: 3 0x000000008000f3fe (0xc2e78793) x15 0x0000000080012028
core   0: 0x000000008000f402 (0x40f707b3) sub     a5, a4, a5
core   0: 3 0x000000008000f402 (0x40f707b3) x15 0x0000000000000000
core   0: 0x000000008000f406 (0xfef43423) sd      a5, -24(s0)
core   0: 3 0x000000008000f406 (0xfef43423) mem 0x0000000080031f78 0x0000000000000000
core   0: 0x000000008000f40a (0x00008792) c.mv    a5, tp
core   0: 3 0x000000008000f40a (0x8792) x15 0x0000000080012040
core   0: 0x000000008000f40c (0xfe843603) ld      a2, -24(s0)
core   0: 3 0x000000008000f40c (0xfe843603) x12 0x0000000000000000 mem 0x0000000080031f78
core   0: 0x000000008000f410 (0x00003597) auipc   a1, 0x3
core   0: 3 0x000000008000f410 (0x00003597) x11 0x0000000080012410
core   0: 0x000000008000f414 (0xc1858593) addi    a1, a1, -1000
core   0: 3 0x000000008000f414 (0xc1858593) x11 0x0000000080012028
core   0: 0x000000008000f418 (0x0000853e) c.mv    a0, a5
core   0: 3 0x000000008000f418 (0x853e) x10 0x0000000080012040
core   0: 0x000000008000f41a (0x0f9000ef) jal     pc + 0x8f8
core   0: 3 0x000000008000f41a (0x0f9000ef) x1  0x000000008000f41e
core   0: >>>>  memcpy
core   0: 0x000000008000fd12 (0x0000715d) c.addi16sp sp, -80
core   0: 3 0x000000008000fd12 (0x715d) x2  0x0000000080031f20
core   0: 0x000000008000fd14 (0x0000e4a2) c.sdsp  s0, 72(sp)
core   0: 3 0x000000008000fd14 (0xe4a2) mem 0x0000000080031f68 0x0000000080031f90
core   0: 0x000000008000fd16 (0x00000880) c.addi4spn s0, sp, 80
core   0: 3 0x000000008000fd16 (0x0880) x8  0x0000000080031f70
core   0: 0x000000008000fd18 (0xfca43423) sd      a0, -56(s0)
core   0: 3 0x000000008000fd18 (0xfca43423) mem 0x0000000080031f38 0x0000000080012040
core   0: 0x000000008000fd1c (0xfcb43023) sd      a1, -64(s0)
core   0: 3 0x000000008000fd1c (0xfcb43023) mem 0x0000000080031f30 0x0000000080012028
core   0: 0x000000008000fd20 (0xfac43c23) sd      a2, -72(s0)
core   0: 3 0x000000008000fd20 (0xfac43c23) mem 0x0000000080031f28 0x0000000000000000
core   0: 0x000000008000fd24 (0xfc843703) ld      a4, -56(s0)
core   0: 3 0x000000008000fd24 (0xfc843703) x14 0x0000000080012040 mem 0x0000000080031f38
core   0: 0x000000008000fd28 (0xfc043783) ld      a5, -64(s0)
core   0: 3 0x000000008000fd28 (0xfc043783) x15 0x0000000080012028 mem 0x0000000080031f30
core   0: 0x000000008000fd2c (0x00008f5d) c.or    a4, a5
core   0: 3 0x000000008000fd2c (0x8f5d) x14 0x0000000080012068
core   0: 0x000000008000fd2e (0xfb843783) ld      a5, -72(s0)
core   0: 3 0x000000008000fd2e (0xfb843783) x15 0x0000000000000000 mem 0x0000000080031f28
core   0: 0x000000008000fd32 (0x00008fd9) c.or    a5, a4
core   0: 3 0x000000008000fd32 (0x8fd9) x15 0x0000000080012068
core   0: 0x000000008000fd34 (0x00008b9d) c.andi  a5, 7
core   0: 3 0x000000008000fd34 (0x8b9d) x15 0x0000000000000000
core   0: 0x000000008000fd36 (0x0000e3b1) c.bnez  a5, pc + 68
core   0: 3 0x000000008000fd36 (0xe3b1)
core   0: 0x000000008000fd38 (0xfc043783) ld      a5, -64(s0)
core   0: 3 0x000000008000fd38 (0xfc043783) x15 0x0000000080012028 mem 0x0000000080031f30
core   0: 0x000000008000fd3c (0xfef43423) sd      a5, -24(s0)
core   0: 3 0x000000008000fd3c (0xfef43423) mem 0x0000000080031f58 0x0000000080012028
core   0: 0x000000008000fd40 (0xfc843783) ld      a5, -56(s0)
core   0: 3 0x000000008000fd40 (0xfc843783) x15 0x0000000080012040 mem 0x0000000080031f38
core   0: 0x000000008000fd44 (0xfef43023) sd      a5, -32(s0)
core   0: 3 0x000000008000fd44 (0xfef43023) mem 0x0000000080031f50 0x0000000080012040
core   0: 0x000000008000fd48 (0x0000a839) c.j     pc + 30
core   0: 3 0x000000008000fd48 (0xa839)
core   0: 0x000000008000fd66 (0xfc843703) ld      a4, -56(s0)
core   0: 3 0x000000008000fd66 (0xfc843703) x14 0x0000000080012040 mem 0x0000000080031f38
core   0: 0x000000008000fd6a (0xfb843783) ld      a5, -72(s0)
core   0: 3 0x000000008000fd6a (0xfb843783) x15 0x0000000000000000 mem 0x0000000080031f28
core   0: 0x000000008000fd6e (0x000097ba) c.add   a5, a4
core   0: 3 0x000000008000fd6e (0x97ba) x15 0x0000000080012040
core   0: 0x000000008000fd70 (0xfe043703) ld      a4, -32(s0)
core   0: 3 0x000000008000fd70 (0xfe043703) x14 0x0000000080012040 mem 0x0000000080031f50
core   0: 0x000000008000fd74 (0xfcf76be3) bltu    a4, a5, pc - 42
core   0: 3 0x000000008000fd74 (0xfcf76be3)
core   0: 0x000000008000fd78 (0x0000a099) c.j     pc + 70
core   0: 3 0x000000008000fd78 (0xa099)
core   0: 0x000000008000fdbe (0xfc843783) ld      a5, -56(s0)
core   0: 3 0x000000008000fdbe (0xfc843783) x15 0x0000000080012040 mem 0x0000000080031f38
core   0: 0x000000008000fdc2 (0x0000853e) c.mv    a0, a5
core   0: 3 0x000000008000fdc2 (0x853e) x10 0x0000000080012040
core   0: 0x000000008000fdc4 (0x00006426) c.ldsp  s0, 72(sp)
core   0: 3 0x000000008000fdc4 (0x6426) x8  0x0000000080031f90 mem 0x0000000080031f68
core   0: 0x000000008000fdc6 (0x00006161) c.addi16sp sp, 80
core   0: 3 0x000000008000fdc6 (0x6161) x2  0x0000000080031f70
core   0: 0x000000008000fdc8 (0x00008082) ret
core   0: 3 0x000000008000fdc8 (0x8082)
core   0: 0x000000008000f41e (0x00003717) auipc   a4, 0x3
core   0: 3 0x000000008000f41e (0x00003717) x14 0x000000008001241e
core   0: 0x000000008000f422 (0xca670713) addi    a4, a4, -858
core   0: 3 0x000000008000f422 (0xca670713) x14 0x00000000800120c4
core   0: 0x000000008000f426 (0x00003797) auipc   a5, 0x3
core   0: 3 0x000000008000f426 (0x00003797) x15 0x0000000080012426
core   0: 0x000000008000f42a (0xc0278793) addi    a5, a5, -1022
core   0: 3 0x000000008000f42a (0xc0278793) x15 0x0000000080012028
core   0: 0x000000008000f42e (0x40f707b3) sub     a5, a4, a5
core   0: 3 0x000000008000f42e (0x40f707b3) x15 0x000000000000009c
core   0: 0x000000008000f432 (0xfef43023) sd      a5, -32(s0)
core   0: 3 0x000000008000f432 (0xfef43023) mem 0x0000000080031f70 0x000000000000009c
core   0: 0x000000008000f436 (0x00008712) c.mv    a4, tp
core   0: 3 0x000000008000f436 (0x8712) x14 0x0000000080012040
core   0: 0x000000008000f438 (0xfe843783) ld      a5, -24(s0)
core   0: 3 0x000000008000f438 (0xfe843783) x15 0x0000000000000000 mem 0x0000000080031f78
core   0: 0x000000008000f43c (0x000097ba) c.add   a5, a4
core   0: 3 0x000000008000f43c (0x97ba) x15 0x0000000080012040
core   0: 0x000000008000f43e (0xfe043603) ld      a2, -32(s0)
core   0: 3 0x000000008000f43e (0xfe043603) x12 0x000000000000009c mem 0x0000000080031f70
core   0: 0x000000008000f442 (0x00004581) c.li    a1, 0
core   0: 3 0x000000008000f442 (0x4581) x11 0x0000000000000000
core   0: 0x000000008000f444 (0x0000853e) c.mv    a0, a5
core   0: 3 0x000000008000f444 (0x853e) x10 0x0000000080012040
core   0: 0x000000008000f446 (0x185000ef) jal     pc + 0x984
core   0: 3 0x000000008000f446 (0x185000ef) x1  0x000000008000f44a
core   0: >>>>  memset
core   0: 0x000000008000fdca (0x0000715d) c.addi16sp sp, -80
core   0: 3 0x000000008000fdca (0x715d) x2  0x0000000080031f20
core   0: 0x000000008000fdcc (0x0000e4a2) c.sdsp  s0, 72(sp)
core   0: 3 0x000000008000fdcc (0xe4a2) mem 0x0000000080031f68 0x0000000080031f90
core   0: 0x000000008000fdce (0x00000880) c.addi4spn s0, sp, 80
core   0: 3 0x000000008000fdce (0x0880) x8  0x0000000080031f70
core   0: 0x000000008000fdd0 (0xfca43423) sd      a0, -56(s0)
core   0: 3 0x000000008000fdd0 (0xfca43423) mem 0x0000000080031f38 0x0000000080012040
core   0: 0x000000008000fdd4 (0x000087ae) c.mv    a5, a1
core   0: 3 0x000000008000fdd4 (0x87ae) x15 0x0000000000000000
core   0: 0x000000008000fdd6 (0xfac43c23) sd      a2, -72(s0)
core   0: 3 0x000000008000fdd6 (0xfac43c23) mem 0x0000000080031f28 0x000000000000009c
core   0: 0x000000008000fdda (0xfcf42223) sw      a5, -60(s0)
core   0: 3 0x000000008000fdda (0xfcf42223) mem 0x0000000080031f34 0x00000000
core   0: 0x000000008000fdde (0xfc843703) ld      a4, -56(s0)
core   0: 3 0x000000008000fdde (0xfc843703) x14 0x0000000080012040 mem 0x0000000080031f38
core   0: 0x000000008000fde2 (0xfb843783) ld      a5, -72(s0)
core   0: 3 0x000000008000fde2 (0xfb843783) x15 0x000000000000009c mem 0x0000000080031f28
core   0: 0x000000008000fde6 (0x00008fd9) c.or    a5, a4
core   0: 3 0x000000008000fde6 (0x8fd9) x15 0x00000000800120dc
core   0: 0x000000008000fde8 (0x00008b9d) c.andi  a5, 7
core   0: 3 0x000000008000fde8 (0x8b9d) x15 0x0000000000000004
core   0: 0x000000008000fdea (0x0000e7bd) c.bnez  a5, pc + 110
core   0: 3 0x000000008000fdea (0xe7bd)
core   0: 0x000000008000fe58 (0xfc843783) ld      a5, -56(s0)
core   0: 3 0x000000008000fe58 (0xfc843783) x15 0x0000000080012040 mem 0x0000000080031f38
core   0: 0x000000008000fe5c (0xfef43023) sd      a5, -32(s0)
core   0: 3 0x000000008000fe5c (0xfef43023) mem 0x0000000080031f50 0x0000000080012040
core   0: 0x000000008000fe60 (0x0000a829) c.j     pc + 26
core   0: 3 0x000000008000fe60 (0xa829)
core   0: 0x000000008000fe7a (0xfc843703) ld      a4, -56(s0)
core   0: 3 0x000000008000fe7a (0xfc843703) x14 0x0000000080012040 mem 0x0000000080031f38
core   0: 0x000000008000fe7e (0xfb843783) ld      a5, -72(s0)
core   0: 3 0x000000008000fe7e (0xfb843783) x15 0x000000000000009c mem 0x0000000080031f28
core   0: 0x000000008000fe82 (0x000097ba) c.add   a5, a4
core   0: 3 0x000000008000fe82 (0x97ba) x15 0x00000000800120dc
core   0: 0x000000008000fe84 (0xfe043703) ld      a4, -32(s0)
core   0: 3 0x000000008000fe84 (0xfe043703) x14 0x0000000080012040 mem 0x0000000080031f50
core   0: 0x000000008000fe88 (0xfcf76de3) bltu    a4, a5, pc - 38
core   0: 3 0x000000008000fe88 (0xfcf76de3)
core   0: 0x000000008000fe62 (0xfe043783) ld      a5, -32(s0)
core   0: 3 0x000000008000fe62 (0xfe043783) x15 0x0000000080012040 mem 0x0000000080031f50
core   0: 0x000000008000fe66 (0x00178713) addi    a4, a5, 1
core   0: 3 0x000000008000fe66 (0x00178713) x14 0x0000000080012041
core   0: 0x000000008000fe6a (0xfee43023) sd      a4, -32(s0)
core   0: 3 0x000000008000fe6a (0xfee43023) mem 0x0000000080031f50 0x0000000080012041
core   0: 0x000000008000fe6e (0xfc442703) lw      a4, -60(s0)
core   0: 3 0x000000008000fe6e (0xfc442703) x14 0x0000000000000000 mem 0x0000000080031f34
core   0: 0x000000008000fe72 (0x0ff77713) andi    a4, a4, 255
core   0: 3 0x000000008000fe72 (0x0ff77713) x14 0x0000000000000000
core   0: 0x000000008000fe76 (0x00e78023) sb      a4, 0(a5)
core   0: 3 0x000000008000fe76 (0x00e78023) mem 0x0000000080012040 0x00
core   0: 0x000000008000fe7a (0xfc843703) ld      a4, -56(s0)
core   0: 3 0x000000008000fe7a (0xfc843703) x14 0x0000000080012040 mem 0x0000000080031f38
core   0: 0x000000008000fe7e (0xfb843783) ld      a5, -72(s0)
core   0: 3 0x000000008000fe7e (0xfb843783) x15 0x000000000000009c mem 0x0000000080031f28
core   0: 0x000000008000fe82 (0x000097ba) c.add   a5, a4
core   0: 3 0x000000008000fe82 (0x97ba) x15 0x00000000800120dc
core   0: 0x000000008000fe84 (0xfe043703) ld      a4, -32(s0)
core   0: 3 0x000000008000fe84 (0xfe043703) x14 0x0000000080012041 mem 0x0000000080031f50
core   0: 0x000000008000fe88 (0xfcf76de3) bltu    a4, a5, pc - 38
core   0: 3 0x000000008000fe88 (0xfcf76de3)
core   0: 0x000000008000fe62 (0xfe043783) ld      a5, -32(s0)
core   0: 3 0x000000008000fe62 (0xfe043783) x15 0x0000000080012041 mem 0x0000000080031f50
core   0: 0x000000008000fe66 (0x00178713) addi    a4, a5, 1
core   0: 3 0x000000008000fe66 (0x00178713) x14 0x0000000080012042
core   0: 0x000000008000fe6a (0xfee43023) sd      a4, -32(s0)
core   0: 3 0x000000008000fe6a (0xfee43023) mem 0x0000000080031f50 0x0000000080012042
core   0: 0x000000008000fe6e (0xfc442703) lw      a4, -60(s0)
core   0: 3 0x000000008000fe6e (0xfc442703) x14 0x0000000000000000 mem 0x0000000080031f34
core   0: 0x000000008000fe72 (0x0ff77713) andi    a4, a4, 255
core   0: 3 0x000000008000fe72 (0x0ff77713) x14 0x0000000000000000
core   0: 0x000000008000fe76 (0x00e78023) sb      a4, 0(a5)
core   0: 3 0x000000008000fe76 (0x00e78023) mem 0x0000000080012041 0x00
core   0: 0x000000008000fe7a (0xfc843703) ld      a4, -56(s0)
core   0: 3 0x000000008000fe7a (0xfc843703) x14 0x0000000080012040 mem 0x0000000080031f38
core   0: 0x000000008000fe7e (0xfb843783) ld      a5, -72(s0)
core   0: 3 0x000000008000fe7e (0xfb843783) x15 0x000000000000009c mem 0x0000000080031f28
core   0: 0x000000008000fe82 (0x000097ba) c.add   a5, a4
core   0: 3 0x000000008000fe82 (0x97ba) x15 0x00000000800120dc
core   0: 0x000000008000fe84 (0xfe043703) ld      a4, -32(s0)
core   0: 3 0x000000008000fe84 (0xfe043703) x14 0x0000000080012042 mem 0x0000000080031f50
core   0: 0x000000008000fe88 (0xfcf76de3) bltu    a4, a5, pc - 38
core   0: 3 0x000000008000fe88 (0xfcf76de3)
core   0: 0x000000008000fe62 (0xfe043783) ld      a5, -32(s0)
core   0: 3 0x000000008000fe62 (0xfe043783) x15 0x0000000080012042 mem 0x0000000080031f50
core   0: 0x000000008000fe66 (0x00178713) addi    a4, a5, 1
core   0: 3 0x000000008000fe66 (0x00178713) x14 0x0000000080012043
core   0: 0x000000008000fe6a (0xfee43023) sd      a4, -32(s0)
core   0: 3 0x000000008000fe6a (0xfee43023) mem 0x0000000080031f50 0x0000000080012043
core   0: 0x000000008000fe6e (0xfc442703) lw      a4, -60(s0)
core   0: 3 0x000000008000fe6e (0xfc442703) x14 0x0000000000000000 mem 0x0000000080031f34
core   0: 0x000000008000fe72 (0x0ff77713) andi    a4, a4, 255
core   0: 3 0x000000008000fe72 (0x0ff77713) x14 0x0000000000000000
core   0: 0x000000008000fe76 (0x00e78023) sb      a4, 0(a5)
core   0: 3 0x000000008000fe76 (0x00e78023) mem 0x0000000080012042 0x00
core   0: 0x000000008000fe7a (0xfc843703) ld      a4, -56(s0)
core   0: 3 0x000000008000fe7a (0xfc843703) x14 0x0000000080012040 mem 0x0000000080031f38
core   0: 0x000000008000fe7e (0xfb843783) ld      a5, -72(s0)
core   0: 3 0x000000008000fe7e (0xfb843783) x15 0x000000000000009c mem 0x0000000080031f28
core   0: 0x000000008000fe82 (0x000097ba) c.add   a5, a4
core   0: 3 0x000000008000fe82 (0x97ba) x15 0x00000000800120dc
core   0: 0x000000008000fe84 (0xfe043703) ld      a4, -32(s0)
core   0: 3 0x000000008000fe84 (0xfe043703) x14 0x0000000080012043 mem 0x0000000080031f50
core   0: 0x000000008000fe88 (0xfcf76de3) bltu    a4, a5, pc - 38
core   0: 3 0x000000008000fe88 (0xfcf76de3)
core   0: 0x000000008000fe62 (0xfe043783) ld      a5, -32(s0)
core   0: 3 0x000000008000fe62 (0xfe043783) x15 0x0000000080012043 mem 0x0000000080031f50
core   0: 0x000000008000fe66 (0x00178713) addi    a4, a5, 1
core   0: 3 0x000000008000fe66 (0x00178713) x14 0x0000000080012044
core   0: 0x000000008000fe6a (0xfee43023) sd      a4, -32(s0)
core   0: 3 0x000000008000fe6a (0xfee43023) mem 0x0000000080031f50 0x0000000080012044
core   0: 0x000000008000fe6e (0xfc442703) lw      a4, -60(s0)
core   0: 3 0x000000008000fe6e (0xfc442703) x14 0x0000000000000000 mem 0x0000000080031f34
core   0: 0x000000008000fe72 (0x0ff77713) andi    a4, a4, 255
core   0: 3 0x000000008000fe72 (0x0ff77713) x14 0x0000000000000000
core   0: 0x000000008000fe76 (0x00e78023) sb      a4, 0(a5)
core   0: 3 0x000000008000fe76 (0x00e78023) mem 0x0000000080012043 0x00
core   0: 0x000000008000fe7a (0xfc843703) ld      a4, -56(s0)
core   0: 3 0x000000008000fe7a (0xfc843703) x14 0x0000000080012040 mem 0x0000000080031f38
core   0: 0x000000008000fe7e (0xfb843783) ld      a5, -72(s0)
core   0: 3 0x000000008000fe7e (0xfb843783) x15 0x000000000000009c mem 0x0000000080031f28
core   0: 0x000000008000fe82 (0x000097ba) c.add   a5, a4
core   0: 3 0x000000008000fe82 (0x97ba) x15 0x00000000800120dc
core   0: 0x000000008000fe84 (0xfe043703) ld      a4, -32(s0)
core   0: 3 0x000000008000fe84 (0xfe043703) x14 0x0000000080012044 mem 0x0000000080031f50
core   0: 0x000000008000fe88 (0xfcf76de3) bltu    a4, a5, pc - 38
core   0: 3 0x000000008000fe88 (0xfcf76de3)
core   0: 0x000000008000fe62 (0xfe043783) ld      a5, -32(s0)
core   0: 3 0x000000008000fe62 (0xfe043783) x15 0x0000000080012044 mem 0x0000000080031f50
core   0: 0x000000008000fe66 (0x00178713) addi    a4, a5, 1
core   0: 3 0x000000008000fe66 (0x00178713) x14 0x0000000080012045
core   0: 0x000000008000fe6a (0xfee43023) sd      a4, -32(s0)
core   0: 3 0x000000008000fe6a (0xfee43023) mem 0x0000000080031f50 0x0000000080012045
core   0: 0x000000008000fe6e (0xfc442703) lw      a4, -60(s0)
core   0: 3 0x000000008000fe6e (0xfc442703) x14 0x0000000000000000 mem 0x0000000080031f34
core   0: 0x000000008000fe72 (0x0ff77713) andi    a4, a4, 255
core   0: 3 0x000000008000fe72 (0x0ff77713) x14 0x0000000000000000
core   0: 0x000000008000fe76 (0x00e78023) sb      a4, 0(a5)
core   0: 3 0x000000008000fe76 (0x00e78023) mem 0x0000000080012044 0x00
core   0: 0x000000008000fe7a (0xfc843703) ld      a4, -56(s0)
core   0: 3 0x000000008000fe7a (0xfc843703) x14 0x0000000080012040 mem 0x0000000080031f38
core   0: 0x000000008000fe7e (0xfb843783) ld      a5, -72(s0)
core   0: 3 0x000000008000fe7e (0xfb843783) x15 0x000000000000009c mem 0x0000000080031f28
core   0: 0x000000008000fe82 (0x000097ba) c.add   a5, a4
core   0: 3 0x000000008000fe82 (0x97ba) x15 0x00000000800120dc
core   0: 0x000000008000fe84 (0xfe043703) ld      a4, -32(s0)
core   0: 3 0x000000008000fe84 (0xfe043703) x14 0x0000000080012045 mem 0x0000000080031f50
core   0: 0x000000008000fe88 (0xfcf76de3) bltu    a4, a5, pc - 38
core   0: 3 0x000000008000fe88 (0xfcf76de3)
core   0: 0x000000008000fe62 (0xfe043783) ld      a5, -32(s0)
core   0: 3 0x000000008000fe62 (0xfe043783) x15 0x0000000080012045 mem 0x0000000080031f50
core   0: 0x000000008000fe66 (0x00178713) addi    a4, a5, 1
core   0: 3 0x000000008000fe66 (0x00178713) x14 0x0000000080012046
core   0: 0x000000008000fe6a (0xfee43023) sd      a4, -32(s0)
core   0: 3 0x000000008000fe6a (0xfee43023) mem 0x0000000080031f50 0x0000000080012046
core   0: 0x000000008000fe6e (0xfc442703) lw      a4, -60(s0)
core   0: 3 0x000000008000fe6e (0xfc442703) x14 0x0000000000000000 mem 0x0000000080031f34
core   0: 0x000000008000fe72 (0x0ff77713) andi    a4, a4, 255
core   0: 3 0x000000008000fe72 (0x0ff77713) x14 0x0000000000000000
core   0: 0x000000008000fe76 (0x00e78023) sb      a4, 0(a5)
core   0: 3 0x000000008000fe76 (0x00e78023) mem 0x0000000080012045 0x00
core   0: 0x000000008000fe7a (0xfc843703) ld      a4, -56(s0)
core   0: 3 0x000000008000fe7a (0xfc843703) x14 0x0000000080012040 mem 0x0000000080031f38
core   0: 0x000000008000fe7e (0xfb843783) ld      a5, -72(s0)
core   0: 3 0x000000008000fe7e (0xfb843783) x15 0x000000000000009c mem 0x0000000080031f28
core   0: 0x000000008000fe82 (0x000097ba) c.add   a5, a4
core   0: 3 0x000000008000fe82 (0x97ba) x15 0x00000000800120dc
core   0: 0x000000008000fe84 (0xfe043703) ld      a4, -32(s0)
core   0: 3 0x000000008000fe84 (0xfe043703) x14 0x0000000080012046 mem 0x0000000080031f50
core   0: 0x000000008000fe88 (0xfcf76de3) bltu    a4, a5, pc - 38
core   0: 3 0x000000008000fe88 (0xfcf76de3)
core   0: 0x000000008000fe62 (0xfe043783) ld      a5, -32(s0)
core   0: 3 0x000000008000fe62 (0xfe043783) x15 0x0000000080012046 mem 0x0000000080031f50
core   0: 0x000000008000fe66 (0x00178713) addi    a4, a5, 1
core   0: 3 0x000000008000fe66 (0x00178713) x14 0x0000000080012047
core   0: 0x000000008000fe6a (0xfee43023) sd      a4, -32(s0)
core   0: 3 0x000000008000fe6a (0xfee43023) mem 0x0000000080031f50 0x0000000080012047
core   0: 0x000000008000fe6e (0xfc442703) lw      a4, -60(s0)
core   0: 3 0x000000008000fe6e (0xfc442703) x14 0x0000000000000000 mem 0x0000000080031f34
core   0: 0x000000008000fe72 (0x0ff77713) andi    a4, a4, 255
core   0: 3 0x000000008000fe72 (0x0ff77713) x14 0x0000000000000000
core   0: 0x000000008000fe76 (0x00e78023) sb      a4, 0(a5)
core   0: 3 0x000000008000fe76 (0x00e78023) mem 0x0000000080012046 0x00
core   0: 0x000000008000fe7a (0xfc843703) ld      a4, -56(s0)
core   0: 3 0x000000008000fe7a (0xfc843703) x14 0x0000000080012040 mem 0x0000000080031f38
core   0: 0x000000008000fe7e (0xfb843783) ld      a5, -72(s0)
core   0: 3 0x000000008000fe7e (0xfb843783) x15 0x000000000000009c mem 0x0000000080031f28
core   0: 0x000000008000fe82 (0x000097ba) c.add   a5, a4
core   0: 3 0x000000008000fe82 (0x97ba) x15 0x00000000800120dc
core   0: 0x000000008000fe84 (0xfe043703) ld      a4, -32(s0)
core   0: 3 0x000000008000fe84 (0xfe043703) x14 0x0000000080012047 mem 0x0000000080031f50
core   0: 0x000000008000fe88 (0xfcf76de3) bltu    a4, a5, pc - 38
core   0: 3 0x000000008000fe88 (0xfcf76de3)
core   0: 0x000000008000fe62 (0xfe043783) ld      a5, -32(s0)
core   0: 3 0x000000008000fe62 (0xfe043783) x15 0x0000000080012047 mem 0x0000000080031f50
core   0: 0x000000008000fe66 (0x00178713) addi    a4, a5, 1
core   0: 3 0x000000008000fe66 (0x00178713) x14 0x0000000080012048
core   0: 0x000000008000fe6a (0xfee43023) sd      a4, -32(s0)
core   0: 3 0x000000008000fe6a (0xfee43023) mem 0x0000000080031f50 0x0000000080012048
core   0: 0x000000008000fe6e (0xfc442703) lw      a4, -60(s0)
core   0: 3 0x000000008000fe6e (0xfc442703) x14 0x0000000000000000 mem 0x0000000080031f34
core   0: 0x000000008000fe72 (0x0ff77713) andi    a4, a4, 255
core   0: 3 0x000000008000fe72 (0x0ff77713) x14 0x0000000000000000
core   0: 0x000000008000fe76 (0x00e78023) sb      a4, 0(a5)
core   0: 3 0x000000008000fe76 (0x00e78023) mem 0x0000000080012047 0x00
core   0: 0x000000008000fe7a (0xfc843703) ld      a4, -56(s0)
core   0: 3 0x000000008000fe7a (0xfc843703) x14 0x0000000080012040 mem 0x0000000080031f38
core   0: 0x000000008000fe7e (0xfb843783) ld      a5, -72(s0)
core   0: 3 0x000000008000fe7e (0xfb843783) x15 0x000000000000009c mem 0x0000000080031f28
core   0: 0x000000008000fe82 (0x000097ba) c.add   a5, a4
core   0: 3 0x000000008000fe82 (0x97ba) x15 0x00000000800120dc
core   0: 0x000000008000fe84 (0xfe043703) ld      a4, -32(s0)
core   0: 3 0x000000008000fe84 (0xfe043703) x14 0x0000000080012048 mem 0x0000000080031f50
core   0: 0x000000008000fe88 (0xfcf76de3) bltu    a4, a5, pc - 38
core   0: 3 0x000000008000fe88 (0xfcf76de3)
core   0: 0x000000008000fe62 (0xfe043783) ld      a5, -32(s0)
core   0: 3 0x000000008000fe62 (0xfe043783) x15 0x0000000080012048 mem 0x0000000080031f50
core   0: 0x000000008000fe66 (0x00178713) addi    a4, a5, 1
core   0: 3 0x000000008000fe66 (0x00178713) x14 0x0000000080012049
core   0: 0x000000008000fe6a (0xfee43023) sd      a4, -32(s0)
core   0: 3 0x000000008000fe6a (0xfee43023) mem 0x0000000080031f50 0x0000000080012049
core   0: 0x000000008000fe6e (0xfc442703) lw      a4, -60(s0)
core   0: 3 0x000000008000fe6e (0xfc442703) x14 0x0000000000000000 mem 0x0000000080031f34
core   0: 0x000000008000fe72 (0x0ff77713) andi    a4, a4, 255
core   0: 3 0x000000008000fe72 (0x0ff77713) x14 0x0000000000000000
core   0: 0x000000008000fe76 (0x00e78023) sb      a4, 0(a5)
core   0: 3 0x000000008000fe76 (0x00e78023) mem 0x0000000080012048 0x00
core   0: 0x000000008000fe7a (0xfc843703) ld      a4, -56(s0)
core   0: 3 0x000000008000fe7a (0xfc843703) x14 0x0000000080012040 mem 0x0000000080031f38
core   0: 0x000000008000fe7e (0xfb843783) ld      a5, -72(s0)
core   0: 3 0x000000008000fe7e (0xfb843783) x15 0x000000000000009c mem 0x0000000080031f28
core   0: 0x000000008000fe82 (0x000097ba) c.add   a5, a4
core   0: 3 0x000000008000fe82 (0x97ba) x15 0x00000000800120dc
core   0: 0x000000008000fe84 (0xfe043703) ld      a4, -32(s0)
core   0: 3 0x000000008000fe84 (0xfe043703) x14 0x0000000080012049 mem 0x0000000080031f50
core   0: 0x000000008000fe88 (0xfcf76de3) bltu    a4, a5, pc - 38
core   0: 3 0x000000008000fe88 (0xfcf76de3)
core   0: 0x000000008000fe62 (0xfe043783) ld      a5, -32(s0)
core   0: 3 0x000000008000fe62 (0xfe043783) x15 0x0000000080012049 mem 0x0000000080031f50
core   0: 0x000000008000fe66 (0x00178713) addi    a4, a5, 1
core   0: 3 0x000000008000fe66 (0x00178713) x14 0x000000008001204a
core   0: 0x000000008000fe6a (0xfee43023) sd      a4, -32(s0)
core   0: 3 0x000000008000fe6a (0xfee43023) mem 0x0000000080031f50 0x000000008001204a
core   0: 0x000000008000fe6e (0xfc442703) lw      a4, -60(s0)
core   0: 3 0x000000008000fe6e (0xfc442703) x14 0x0000000000000000 mem 0x0000000080031f34
core   0: 0x000000008000fe72 (0x0ff77713) andi    a4, a4, 255
core   0: 3 0x000000008000fe72 (0x0ff77713) x14 0x0000000000000000
core   0: 0x000000008000fe76 (0x00e78023) sb      a4, 0(a5)
core   0: 3 0x000000008000fe76 (0x00e78023) mem 0x0000000080012049 0x00
core   0: 0x000000008000fe7a (0xfc843703) ld      a4, -56(s0)
core   0: 3 0x000000008000fe7a (0xfc843703) x14 0x0000000080012040 mem 0x0000000080031f38
core   0: 0x000000008000fe7e (0xfb843783) ld      a5, -72(s0)
core   0: 3 0x000000008000fe7e (0xfb843783) x15 0x000000000000009c mem 0x0000000080031f28
core   0: 0x000000008000fe82 (0x000097ba) c.add   a5, a4
core   0: 3 0x000000008000fe82 (0x97ba) x15 0x00000000800120dc
core   0: 0x000000008000fe84 (0xfe043703) ld      a4, -32(s0)
core   0: 3 0x000000008000fe84 (0xfe043703) x14 0x000000008001204a mem 0x0000000080031f50
core   0: 0x000000008000fe88 (0xfcf76de3) bltu    a4, a5, pc - 38
core   0: 3 0x000000008000fe88 (0xfcf76de3)
core   0: 0x000000008000fe62 (0xfe043783) ld      a5, -32(s0)
core   0: 3 0x000000008000fe62 (0xfe043783) x15 0x000000008001204a mem 0x0000000080031f50
core   0: 0x000000008000fe66 (0x00178713) addi    a4, a5, 1
core   0: 3 0x000000008000fe66 (0x00178713) x14 0x000000008001204b
core   0: 0x000000008000fe6a (0xfee43023) sd      a4, -32(s0)
core   0: 3 0x000000008000fe6a (0xfee43023) mem 0x0000000080031f50 0x000000008001204b
core   0: 0x000000008000fe6e (0xfc442703) lw      a4, -60(s0)
core   0: 3 0x000000008000fe6e (0xfc442703) x14 0x0000000000000000 mem 0x0000000080031f34
core   0: 0x000000008000fe72 (0x0ff77713) andi    a4, a4, 255
core   0: 3 0x000000008000fe72 (0x0ff77713) x14 0x0000000000000000
core   0: 0x000000008000fe76 (0x00e78023) sb      a4, 0(a5)
core   0: 3 0x000000008000fe76 (0x00e78023) mem 0x000000008001204a 0x00
core   0: 0x000000008000fe7a (0xfc843703) ld      a4, -56(s0)
core   0: 3 0x000000008000fe7a (0xfc843703) x14 0x0000000080012040 mem 0x0000000080031f38
core   0: 0x000000008000fe7e (0xfb843783) ld      a5, -72(s0)
core   0: 3 0x000000008000fe7e (0xfb843783) x15 0x000000000000009c mem 0x0000000080031f28
core   0: 0x000000008000fe82 (0x000097ba) c.add   a5, a4
core   0: 3 0x000000008000fe82 (0x97ba) x15 0x00000000800120dc
core   0: 0x000000008000fe84 (0xfe043703) ld      a4, -32(s0)
core   0: 3 0x000000008000fe84 (0xfe043703) x14 0x000000008001204b mem 0x0000000080031f50
core   0: 0x000000008000fe88 (0xfcf76de3) bltu    a4, a5, pc - 38
core   0: 3 0x000000008000fe88 (0xfcf76de3)
core   0: 0x000000008000fe62 (0xfe043783) ld      a5, -32(s0)
core   0: 3 0x000000008000fe62 (0xfe043783) x15 0x000000008001204b mem 0x0000000080031f50
core   0: 0x000000008000fe66 (0x00178713) addi    a4, a5, 1
core   0: 3 0x000000008000fe66 (0x00178713) x14 0x000000008001204c
core   0: 0x000000008000fe6a (0xfee43023) sd      a4, -32(s0)
core   0: 3 0x000000008000fe6a (0xfee43023) mem 0x0000000080031f50 0x000000008001204c
core   0: 0x000000008000fe6e (0xfc442703) lw      a4, -60(s0)
core   0: 3 0x000000008000fe6e (0xfc442703) x14 0x0000000000000000 mem 0x0000000080031f34
core   0: 0x000000008000fe72 (0x0ff77713) andi    a4, a4, 255
core   0: 3 0x000000008000fe72 (0x0ff77713) x14 0x0000000000000000
core   0: 0x000000008000fe76 (0x00e78023) sb      a4, 0(a5)
core   0: 3 0x000000008000fe76 (0x00e78023) mem 0x000000008001204b 0x00
core   0: 0x000000008000fe7a (0xfc843703) ld      a4, -56(s0)
core   0: 3 0x000000008000fe7a (0xfc843703) x14 0x0000000080012040 mem 0x0000000080031f38
core   0: 0x000000008000fe7e (0xfb843783) ld      a5, -72(s0)
core   0: 3 0x000000008000fe7e (0xfb843783) x15 0x000000000000009c mem 0x0000000080031f28
core   0: 0x000000008000fe82 (0x000097ba) c.add   a5, a4
core   0: 3 0x000000008000fe82 (0x97ba) x15 0x00000000800120dc
core   0: 0x000000008000fe84 (0xfe043703) ld      a4, -32(s0)
core   0: 3 0x000000008000fe84 (0xfe043703) x14 0x000000008001204c mem 0x0000000080031f50
core   0: 0x000000008000fe88 (0xfcf76de3) bltu    a4, a5, pc - 38
core   0: 3 0x000000008000fe88 (0xfcf76de3)
core   0: 0x000000008000fe62 (0xfe043783) ld      a5, -32(s0)
core   0: 3 0x000000008000fe62 (0xfe043783) x15 0x000000008001204c mem 0x0000000080031f50
core   0: 0x000000008000fe66 (0x00178713) addi    a4, a5, 1
core   0: 3 0x000000008000fe66 (0x00178713) x14 0x000000008001204d
core   0: 0x000000008000fe6a (0xfee43023) sd      a4, -32(s0)
core   0: 3 0x000000008000fe6a (0xfee43023) mem 0x0000000080031f50 0x000000008001204d
core   0: 0x000000008000fe6e (0xfc442703) lw      a4, -60(s0)
core   0: 3 0x000000008000fe6e (0xfc442703) x14 0x0000000000000000 mem 0x0000000080031f34
core   0: 0x000000008000fe72 (0x0ff77713) andi    a4, a4, 255
core   0: 3 0x000000008000fe72 (0x0ff77713) x14 0x0000000000000000
core   0: 0x000000008000fe76 (0x00e78023) sb      a4, 0(a5)
core   0: 3 0x000000008000fe76 (0x00e78023) mem 0x000000008001204c 0x00
core   0: 0x000000008000fe7a (0xfc843703) ld      a4, -56(s0)
core   0: 3 0x000000008000fe7a (0xfc843703) x14 0x0000000080012040 mem 0x0000000080031f38
core   0: 0x000000008000fe7e (0xfb843783) ld      a5, -72(s0)
core   0: 3 0x000000008000fe7e (0xfb843783) x15 0x000000000000009c mem 0x0000000080031f28
core   0: 0x000000008000fe82 (0x000097ba) c.add   a5, a4
core   0: 3 0x000000008000fe82 (0x97ba) x15 0x00000000800120dc
core   0: 0x000000008000fe84 (0xfe043703) ld      a4, -32(s0)
core   0: 3 0x000000008000fe84 (0xfe043703) x14 0x000000008001204d mem 0x0000000080031f50
core   0: 0x000000008000fe88 (0xfcf76de3) bltu    a4, a5, pc - 38
core   0: 3 0x000000008000fe88 (0xfcf76de3)
core   0: 0x000000008000fe62 (0xfe043783) ld      a5, -32(s0)
core   0: 3 0x000000008000fe62 (0xfe043783) x15 0x000000008001204d mem 0x0000000080031f50
core   0: 0x000000008000fe66 (0x00178713) addi    a4, a5, 1
core   0: 3 0x000000008000fe66 (0x00178713) x14 0x000000008001204e
core   0: 0x000000008000fe6a (0xfee43023) sd      a4, -32(s0)
core   0: 3 0x000000008000fe6a (0xfee43023) mem 0x0000000080031f50 0x000000008001204e
core   0: 0x000000008000fe6e (0xfc442703) lw      a4, -60(s0)
core   0: 3 0x000000008000fe6e (0xfc442703) x14 0x0000000000000000 mem 0x0000000080031f34
core   0: 0x000000008000fe72 (0x0ff77713) andi    a4, a4, 255
core   0: 3 0x000000008000fe72 (0x0ff77713) x14 0x0000000000000000
core   0: 0x000000008000fe76 (0x00e78023) sb      a4, 0(a5)
core   0: 3 0x000000008000fe76 (0x00e78023) mem 0x000000008001204d 0x00
core   0: 0x000000008000fe7a (0xfc843703) ld      a4, -56(s0)
core   0: 3 0x000000008000fe7a (0xfc843703) x14 0x0000000080012040 mem 0x0000000080031f38
core   0: 0x000000008000fe7e (0xfb843783) ld      a5, -72(s0)
core   0: 3 0x000000008000fe7e (0xfb843783) x15 0x000000000000009c mem 0x0000000080031f28
core   0: 0x000000008000fe82 (0x000097ba) c.add   a5, a4
core   0: 3 0x000000008000fe82 (0x97ba) x15 0x00000000800120dc
core   0: 0x000000008000fe84 (0xfe043703) ld      a4, -32(s0)
core   0: 3 0x000000008000fe84 (0xfe043703) x14 0x000000008001204e mem 0x0000000080031f50
core   0: 0x000000008000fe88 (0xfcf76de3) bltu    a4, a5, pc - 38
core   0: 3 0x000000008000fe88 (0xfcf76de3)
core   0: 0x000000008000fe62 (0xfe043783) ld      a5, -32(s0)
core   0: 3 0x000000008000fe62 (0xfe043783) x15 0x000000008001204e mem 0x0000000080031f50
core   0: 0x000000008000fe66 (0x00178713) addi    a4, a5, 1
core   0: 3 0x000000008000fe66 (0x00178713) x14 0x000000008001204f
core   0: 0x000000008000fe6a (0xfee43023) sd      a4, -32(s0)
core   0: 3 0x000000008000fe6a (0xfee43023) mem 0x0000000080031f50 0x000000008001204f
core   0: 0x000000008000fe6e (0xfc442703) lw      a4, -60(s0)
core   0: 3 0x000000008000fe6e (0xfc442703) x14 0x0000000000000000 mem 0x0000000080031f34
core   0: 0x000000008000fe72 (0x0ff77713) andi    a4, a4, 255
core   0: 3 0x000000008000fe72 (0x0ff77713) x14 0x0000000000000000
core   0: 0x000000008000fe76 (0x00e78023) sb      a4, 0(a5)
core   0: 3 0x000000008000fe76 (0x00e78023) mem 0x000000008001204e 0x00
core   0: 0x000000008000fe7a (0xfc843703) ld      a4, -56(s0)
core   0: 3 0x000000008000fe7a (0xfc843703) x14 0x0000000080012040 mem 0x0000000080031f38
core   0: 0x000000008000fe7e (0xfb843783) ld      a5, -72(s0)
core   0: 3 0x000000008000fe7e (0xfb843783) x15 0x000000000000009c mem 0x0000000080031f28
core   0: 0x000000008000fe82 (0x000097ba) c.add   a5, a4
core   0: 3 0x000000008000fe82 (0x97ba) x15 0x00000000800120dc
core   0: 0x000000008000fe84 (0xfe043703) ld      a4, -32(s0)
core   0: 3 0x000000008000fe84 (0xfe043703) x14 0x000000008001204f mem 0x0000000080031f50
core   0: 0x000000008000fe88 (0xfcf76de3) bltu    a4, a5, pc - 38
core   0: 3 0x000000008000fe88 (0xfcf76de3)
core   0: 0x000000008000fe62 (0xfe043783) ld      a5, -32(s0)
core   0: 3 0x000000008000fe62 (0xfe043783) x15 0x000000008001204f mem 0x0000000080031f50
core   0: 0x000000008000fe66 (0x00178713) addi    a4, a5, 1
core   0: 3 0x000000008000fe66 (0x00178713) x14 0x0000000080012050
core   0: 0x000000008000fe6a (0xfee43023) sd      a4, -32(s0)
core   0: 3 0x000000008000fe6a (0xfee43023) mem 0x0000000080031f50 0x0000000080012050
core   0: 0x000000008000fe6e (0xfc442703) lw      a4, -60(s0)
core   0: 3 0x000000008000fe6e (0xfc442703) x14 0x0000000000000000 mem 0x0000000080031f34
core   0: 0x000000008000fe72 (0x0ff77713) andi    a4, a4, 255
core   0: 3 0x000000008000fe72 (0x0ff77713) x14 0x0000000000000000
core   0: 0x000000008000fe76 (0x00e78023) sb      a4, 0(a5)
core   0: 3 0x000000008000fe76 (0x00e78023) mem 0x000000008001204f 0x00
core   0: 0x000000008000fe7a (0xfc843703) ld      a4, -56(s0)
core   0: 3 0x000000008000fe7a (0xfc843703) x14 0x0000000080012040 mem 0x0000000080031f38
core   0: 0x000000008000fe7e (0xfb843783) ld      a5, -72(s0)
core   0: 3 0x000000008000fe7e (0xfb843783) x15 0x000000000000009c mem 0x0000000080031f28
core   0: 0x000000008000fe82 (0x000097ba) c.add   a5, a4
core   0: 3 0x000000008000fe82 (0x97ba) x15 0x00000000800120dc
core   0: 0x000000008000fe84 (0xfe043703) ld      a4, -32(s0)
core   0: 3 0x000000008000fe84 (0xfe043703) x14 0x0000000080012050 mem 0x0000000080031f50
core   0: 0x000000008000fe88 (0xfcf76de3) bltu    a4, a5, pc - 38
core   0: 3 0x000000008000fe88 (0xfcf76de3)
core   0: 0x000000008000fe62 (0xfe043783) ld      a5, -32(s0)
core   0: 3 0x000000008000fe62 (0xfe043783) x15 0x0000000080012050 mem 0x0000000080031f50
core   0: 0x000000008000fe66 (0x00178713) addi    a4, a5, 1
core   0: 3 0x000000008000fe66 (0x00178713) x14 0x0000000080012051
core   0: 0x000000008000fe6a (0xfee43023) sd      a4, -32(s0)
core   0: 3 0x000000008000fe6a (0xfee43023) mem 0x0000000080031f50 0x0000000080012051
core   0: 0x000000008000fe6e (0xfc442703) lw      a4, -60(s0)
core   0: 3 0x000000008000fe6e (0xfc442703) x14 0x0000000000000000 mem 0x0000000080031f34
core   0: 0x000000008000fe72 (0x0ff77713) andi    a4, a4, 255
core   0: 3 0x000000008000fe72 (0x0ff77713) x14 0x0000000000000000
core   0: 0x000000008000fe76 (0x00e78023) sb      a4, 0(a5)
core   0: 3 0x000000008000fe76 (0x00e78023) mem 0x0000000080012050 0x00
core   0: 0x000000008000fe7a (0xfc843703) ld      a4, -56(s0)
core   0: 3 0x000000008000fe7a (0xfc843703) x14 0x0000000080012040 mem 0x0000000080031f38
core   0: 0x000000008000fe7e (0xfb843783) ld      a5, -72(s0)
core   0: 3 0x000000008000fe7e (0xfb843783) x15 0x000000000000009c mem 0x0000000080031f28
core   0: 0x000000008000fe82 (0x000097ba) c.add   a5, a4
core   0: 3 0x000000008000fe82 (0x97ba) x15 0x00000000800120dc
core   0: 0x000000008000fe84 (0xfe043703) ld      a4, -32(s0)
core   0: 3 0x000000008000fe84 (0xfe043703) x14 0x0000000080012051 mem 0x0000000080031f50
core   0: 0x000000008000fe88 (0xfcf76de3) bltu    a4, a5, pc - 38
core   0: 3 0x000000008000fe88 (0xfcf76de3)
core   0: 0x000000008000fe62 (0xfe043783) ld      a5, -32(s0)
core   0: 3 0x000000008000fe62 (0xfe043783) x15 0x0000000080012051 mem 0x0000000080031f50
core   0: 0x000000008000fe66 (0x00178713) addi    a4, a5, 1
core   0: 3 0x000000008000fe66 (0x00178713) x14 0x0000000080012052
core   0: 0x000000008000fe6a (0xfee43023) sd      a4, -32(s0)
core   0: 3 0x000000008000fe6a (0xfee43023) mem 0x0000000080031f50 0x0000000080012052
core   0: 0x000000008000fe6e (0xfc442703) lw      a4, -60(s0)
core   0: 3 0x000000008000fe6e (0xfc442703) x14 0x0000000000000000 mem 0x0000000080031f34
core   0: 0x000000008000fe72 (0x0ff77713) andi    a4, a4, 255
core   0: 3 0x000000008000fe72 (0x0ff77713) x14 0x0000000000000000
core   0: 0x000000008000fe76 (0x00e78023) sb      a4, 0(a5)
core   0: 3 0x000000008000fe76 (0x00e78023) mem 0x0000000080012051 0x00
core   0: 0x000000008000fe7a (0xfc843703) ld      a4, -56(s0)
core   0: 3 0x000000008000fe7a (0xfc843703) x14 0x0000000080012040 mem 0x0000000080031f38
core   0: 0x000000008000fe7e (0xfb843783) ld      a5, -72(s0)
core   0: 3 0x000000008000fe7e (0xfb843783) x15 0x000000000000009c mem 0x0000000080031f28
core   0: 0x000000008000fe82 (0x000097ba) c.add   a5, a4
core   0: 3 0x000000008000fe82 (0x97ba) x15 0x00000000800120dc
core   0: 0x000000008000fe84 (0xfe043703) ld      a4, -32(s0)
core   0: 3 0x000000008000fe84 (0xfe043703) x14 0x0000000080012052 mem 0x0000000080031f50
core   0: 0x000000008000fe88 (0xfcf76de3) bltu    a4, a5, pc - 38
core   0: 3 0x000000008000fe88 (0xfcf76de3)
core   0: 0x000000008000fe62 (0xfe043783) ld      a5, -32(s0)
core   0: 3 0x000000008000fe62 (0xfe043783) x15 0x0000000080012052 mem 0x0000000080031f50
core   0: 0x000000008000fe66 (0x00178713) addi    a4, a5, 1
core   0: 3 0x000000008000fe66 (0x00178713) x14 0x0000000080012053
core   0: 0x000000008000fe6a (0xfee43023) sd      a4, -32(s0)
core   0: 3 0x000000008000fe6a (0xfee43023) mem 0x0000000080031f50 0x0000000080012053
core   0: 0x000000008000fe6e (0xfc442703) lw      a4, -60(s0)
core   0: 3 0x000000008000fe6e (0xfc442703) x14 0x0000000000000000 mem 0x0000000080031f34
core   0: 0x000000008000fe72 (0x0ff77713) andi    a4, a4, 255
core   0: 3 0x000000008000fe72 (0x0ff77713) x14 0x0000000000000000
core   0: 0x000000008000fe76 (0x00e78023) sb      a4, 0(a5)
core   0: 3 0x000000008000fe76 (0x00e78023) mem 0x0000000080012052 0x00
core   0: 0x000000008000fe7a (0xfc843703) ld      a4, -56(s0)
core   0: 3 0x000000008000fe7a (0xfc843703) x14 0x0000000080012040 mem 0x0000000080031f38
core   0: 0x000000008000fe7e (0xfb843783) ld      a5, -72(s0)
core   0: 3 0x000000008000fe7e (0xfb843783) x15 0x000000000000009c mem 0x0000000080031f28
core   0: 0x000000008000fe82 (0x000097ba) c.add   a5, a4
core   0: 3 0x000000008000fe82 (0x97ba) x15 0x00000000800120dc
core   0: 0x000000008000fe84 (0xfe043703) ld      a4, -32(s0)
core   0: 3 0x000000008000fe84 (0xfe043703) x14 0x0000000080012053 mem 0x0000000080031f50
core   0: 0x000000008000fe88 (0xfcf76de3) bltu    a4, a5, pc - 38
core   0: 3 0x000000008000fe88 (0xfcf76de3)
core   0: 0x000000008000fe62 (0xfe043783) ld      a5, -32(s0)
core   0: 3 0x000000008000fe62 (0xfe043783) x15 0x0000000080012053 mem 0x0000000080031f50
core   0: 0x000000008000fe66 (0x00178713) addi    a4, a5, 1
core   0: 3 0x000000008000fe66 (0x00178713) x14 0x0000000080012054
core   0: 0x000000008000fe6a (0xfee43023) sd      a4, -32(s0)
core   0: 3 0x000000008000fe6a (0xfee43023) mem 0x0000000080031f50 0x0000000080012054
core   0: 0x000000008000fe6e (0xfc442703) lw      a4, -60(s0)
core   0: 3 0x000000008000fe6e (0xfc442703) x14 0x0000000000000000 mem 0x0000000080031f34
core   0: 0x000000008000fe72 (0x0ff77713) andi    a4, a4, 255
core   0: 3 0x000000008000fe72 (0x0ff77713) x14 0x0000000000000000
core   0: 0x000000008000fe76 (0x00e78023) sb      a4, 0(a5)
core   0: 3 0x000000008000fe76 (0x00e78023) mem 0x0000000080012053 0x00
core   0: 0x000000008000fe7a (0xfc843703) ld      a4, -56(s0)
core   0: 3 0x000000008000fe7a (0xfc843703) x14 0x0000000080012040 mem 0x0000000080031f38
core   0: 0x000000008000fe7e (0xfb843783) ld      a5, -72(s0)
core   0: 3 0x000000008000fe7e (0xfb843783) x15 0x000000000000009c mem 0x0000000080031f28
core   0: 0x000000008000fe82 (0x000097ba) c.add   a5, a4
core   0: 3 0x000000008000fe82 (0x97ba) x15 0x00000000800120dc
core   0: 0x000000008000fe84 (0xfe043703) ld      a4, -32(s0)
core   0: 3 0x000000008000fe84 (0xfe043703) x14 0x0000000080012054 mem 0x0000000080031f50
core   0: 0x000000008000fe88 (0xfcf76de3) bltu    a4, a5, pc - 38
core   0: 3 0x000000008000fe88 (0xfcf76de3)
core   0: 0x000000008000fe62 (0xfe043783) ld      a5, -32(s0)
core   0: 3 0x000000008000fe62 (0xfe043783) x15 0x0000000080012054 mem 0x0000000080031f50
core   0: 0x000000008000fe66 (0x00178713) addi    a4, a5, 1
core   0: 3 0x000000008000fe66 (0x00178713) x14 0x0000000080012055
core   0: 0x000000008000fe6a (0xfee43023) sd      a4, -32(s0)
core   0: 3 0x000000008000fe6a (0xfee43023) mem 0x0000000080031f50 0x0000000080012055
core   0: 0x000000008000fe6e (0xfc442703) lw      a4, -60(s0)
core   0: 3 0x000000008000fe6e (0xfc442703) x14 0x0000000000000000 mem 0x0000000080031f34
core   0: 0x000000008000fe72 (0x0ff77713) andi    a4, a4, 255
core   0: 3 0x000000008000fe72 (0x0ff77713) x14 0x0000000000000000
core   0: 0x000000008000fe76 (0x00e78023) sb      a4, 0(a5)
core   0: 3 0x000000008000fe76 (0x00e78023) mem 0x0000000080012054 0x00
core   0: 0x000000008000fe7a (0xfc843703) ld      a4, -56(s0)
core   0: 3 0x000000008000fe7a (0xfc843703) x14 0x0000000080012040 mem 0x0000000080031f38
core   0: 0x000000008000fe7e (0xfb843783) ld      a5, -72(s0)
core   0: 3 0x000000008000fe7e (0xfb843783) x15 0x000000000000009c mem 0x0000000080031f28
core   0: 0x000000008000fe82 (0x000097ba) c.add   a5, a4
core   0: 3 0x000000008000fe82 (0x97ba) x15 0x00000000800120dc
core   0: 0x000000008000fe84 (0xfe043703) ld      a4, -32(s0)
core   0: 3 0x000000008000fe84 (0xfe043703) x14 0x0000000080012055 mem 0x0000000080031f50
core   0: 0x000000008000fe88 (0xfcf76de3) bltu    a4, a5, pc - 38
core   0: 3 0x000000008000fe88 (0xfcf76de3)
core   0: 0x000000008000fe62 (0xfe043783) ld      a5, -32(s0)
core   0: 3 0x000000008000fe62 (0xfe043783) x15 0x0000000080012055 mem 0x0000000080031f50
core   0: 0x000000008000fe66 (0x00178713) addi    a4, a5, 1
core   0: 3 0x000000008000fe66 (0x00178713) x14 0x0000000080012056
core   0: 0x000000008000fe6a (0xfee43023) sd      a4, -32(s0)
core   0: 3 0x000000008000fe6a (0xfee43023) mem 0x0000000080031f50 0x0000000080012056
core   0: 0x000000008000fe6e (0xfc442703) lw      a4, -60(s0)
core   0: 3 0x000000008000fe6e (0xfc442703) x14 0x0000000000000000 mem 0x0000000080031f34
core   0: 0x000000008000fe72 (0x0ff77713) andi    a4, a4, 255
core   0: 3 0x000000008000fe72 (0x0ff77713) x14 0x0000000000000000
core   0: 0x000000008000fe76 (0x00e78023) sb      a4, 0(a5)
core   0: 3 0x000000008000fe76 (0x00e78023) mem 0x0000000080012055 0x00
core   0: 0x000000008000fe7a (0xfc843703) ld      a4, -56(s0)
core   0: 3 0x000000008000fe7a (0xfc843703) x14 0x0000000080012040 mem 0x0000000080031f38
core   0: 0x000000008000fe7e (0xfb843783) ld      a5, -72(s0)
core   0: 3 0x000000008000fe7e (0xfb843783) x15 0x000000000000009c mem 0x0000000080031f28
core   0: 0x000000008000fe82 (0x000097ba) c.add   a5, a4
core   0: 3 0x000000008000fe82 (0x97ba) x15 0x00000000800120dc
core   0: 0x000000008000fe84 (0xfe043703) ld      a4, -32(s0)
core   0: 3 0x000000008000fe84 (0xfe043703) x14 0x0000000080012056 mem 0x0000000080031f50
core   0: 0x000000008000fe88 (0xfcf76de3) bltu    a4, a5, pc - 38
core   0: 3 0x000000008000fe88 (0xfcf76de3)
core   0: 0x000000008000fe62 (0xfe043783) ld      a5, -32(s0)
core   0: 3 0x000000008000fe62 (0xfe043783) x15 0x0000000080012056 mem 0x0000000080031f50
core   0: 0x000000008000fe66 (0x00178713) addi    a4, a5, 1
core   0: 3 0x000000008000fe66 (0x00178713) x14 0x0000000080012057
core   0: 0x000000008000fe6a (0xfee43023) sd      a4, -32(s0)
core   0: 3 0x000000008000fe6a (0xfee43023) mem 0x0000000080031f50 0x0000000080012057
core   0: 0x000000008000fe6e (0xfc442703) lw      a4, -60(s0)
core   0: 3 0x000000008000fe6e (0xfc442703) x14 0x0000000000000000 mem 0x0000000080031f34
core   0: 0x000000008000fe72 (0x0ff77713) andi    a4, a4, 255
core   0: 3 0x000000008000fe72 (0x0ff77713) x14 0x0000000000000000
core   0: 0x000000008000fe76 (0x00e78023) sb      a4, 0(a5)
core   0: 3 0x000000008000fe76 (0x00e78023) mem 0x0000000080012056 0x00
core   0: 0x000000008000fe7a (0xfc843703) ld      a4, -56(s0)
core   0: 3 0x000000008000fe7a (0xfc843703) x14 0x0000000080012040 mem 0x0000000080031f38
core   0: 0x000000008000fe7e (0xfb843783) ld      a5, -72(s0)
core   0: 3 0x000000008000fe7e (0xfb843783) x15 0x000000000000009c mem 0x0000000080031f28
core   0: 0x000000008000fe82 (0x000097ba) c.add   a5, a4
core   0: 3 0x000000008000fe82 (0x97ba) x15 0x00000000800120dc
core   0: 0x000000008000fe84 (0xfe043703) ld      a4, -32(s0)
core   0: 3 0x000000008000fe84 (0xfe043703) x14 0x0000000080012057 mem 0x0000000080031f50
core   0: 0x000000008000fe88 (0xfcf76de3) bltu    a4, a5, pc - 38
core   0: 3 0x000000008000fe88 (0xfcf76de3)
core   0: 0x000000008000fe62 (0xfe043783) ld      a5, -32(s0)
core   0: 3 0x000000008000fe62 (0xfe043783) x15 0x0000000080012057 mem 0x0000000080031f50
core   0: 0x000000008000fe66 (0x00178713) addi    a4, a5, 1
core   0: 3 0x000000008000fe66 (0x00178713) x14 0x0000000080012058
core   0: 0x000000008000fe6a (0xfee43023) sd      a4, -32(s0)
core   0: 3 0x000000008000fe6a (0xfee43023) mem 0x0000000080031f50 0x0000000080012058
core   0: 0x000000008000fe6e (0xfc442703) lw      a4, -60(s0)
core   0: 3 0x000000008000fe6e (0xfc442703) x14 0x0000000000000000 mem 0x0000000080031f34
core   0: 0x000000008000fe72 (0x0ff77713) andi    a4, a4, 255
core   0: 3 0x000000008000fe72 (0x0ff77713) x14 0x0000000000000000
core   0: 0x000000008000fe76 (0x00e78023) sb      a4, 0(a5)
core   0: 3 0x000000008000fe76 (0x00e78023) mem 0x0000000080012057 0x00
core   0: 0x000000008000fe7a (0xfc843703) ld      a4, -56(s0)
core   0: 3 0x000000008000fe7a (0xfc843703) x14 0x0000000080012040 mem 0x0000000080031f38
core   0: 0x000000008000fe7e (0xfb843783) ld      a5, -72(s0)
core   0: 3 0x000000008000fe7e (0xfb843783) x15 0x000000000000009c mem 0x0000000080031f28
core   0: 0x000000008000fe82 (0x000097ba) c.add   a5, a4
core   0: 3 0x000000008000fe82 (0x97ba) x15 0x00000000800120dc
core   0: 0x000000008000fe84 (0xfe043703) ld      a4, -32(s0)
core   0: 3 0x000000008000fe84 (0xfe043703) x14 0x0000000080012058 mem 0x0000000080031f50
core   0: 0x000000008000fe88 (0xfcf76de3) bltu    a4, a5, pc - 38
core   0: 3 0x000000008000fe88 (0xfcf76de3)
core   0: 0x000000008000fe62 (0xfe043783) ld      a5, -32(s0)
core   0: 3 0x000000008000fe62 (0xfe043783) x15 0x0000000080012058 mem 0x0000000080031f50
core   0: 0x000000008000fe66 (0x00178713) addi    a4, a5, 1
core   0: 3 0x000000008000fe66 (0x00178713) x14 0x0000000080012059
core   0: 0x000000008000fe6a (0xfee43023) sd      a4, -32(s0)
core   0: 3 0x000000008000fe6a (0xfee43023) mem 0x0000000080031f50 0x0000000080012059
core   0: 0x000000008000fe6e (0xfc442703) lw      a4, -60(s0)
core   0: 3 0x000000008000fe6e (0xfc442703) x14 0x0000000000000000 mem 0x0000000080031f34
core   0: 0x000000008000fe72 (0x0ff77713) andi    a4, a4, 255
core   0: 3 0x000000008000fe72 (0x0ff77713) x14 0x0000000000000000
core   0: 0x000000008000fe76 (0x00e78023) sb      a4, 0(a5)
core   0: 3 0x000000008000fe76 (0x00e78023) mem 0x0000000080012058 0x00
core   0: 0x000000008000fe7a (0xfc843703) ld      a4, -56(s0)
core   0: 3 0x000000008000fe7a (0xfc843703) x14 0x0000000080012040 mem 0x0000000080031f38
core   0: 0x000000008000fe7e (0xfb843783) ld      a5, -72(s0)
core   0: 3 0x000000008000fe7e (0xfb843783) x15 0x000000000000009c mem 0x0000000080031f28
core   0: 0x000000008000fe82 (0x000097ba) c.add   a5, a4
core   0: 3 0x000000008000fe82 (0x97ba) x15 0x00000000800120dc
core   0: 0x000000008000fe84 (0xfe043703) ld      a4, -32(s0)
core   0: 3 0x000000008000fe84 (0xfe043703) x14 0x0000000080012059 mem 0x0000000080031f50
core   0: 0x000000008000fe88 (0xfcf76de3) bltu    a4, a5, pc - 38
core   0: 3 0x000000008000fe88 (0xfcf76de3)
core   0: 0x000000008000fe62 (0xfe043783) ld      a5, -32(s0)
core   0: 3 0x000000008000fe62 (0xfe043783) x15 0x0000000080012059 mem 0x0000000080031f50
core   0: 0x000000008000fe66 (0x00178713) addi    a4, a5, 1
core   0: 3 0x000000008000fe66 (0x00178713) x14 0x000000008001205a
core   0: 0x000000008000fe6a (0xfee43023) sd      a4, -32(s0)
core   0: 3 0x000000008000fe6a (0xfee43023) mem 0x0000000080031f50 0x000000008001205a
core   0: 0x000000008000fe6e (0xfc442703) lw      a4, -60(s0)
core   0: 3 0x000000008000fe6e (0xfc442703) x14 0x0000000000000000 mem 0x0000000080031f34
core   0: 0x000000008000fe72 (0x0ff77713) andi    a4, a4, 255
core   0: 3 0x000000008000fe72 (0x0ff77713) x14 0x0000000000000000
core   0: 0x000000008000fe76 (0x00e78023) sb      a4, 0(a5)
core   0: 3 0x000000008000fe76 (0x00e78023) mem 0x0000000080012059 0x00
core   0: 0x000000008000fe7a (0xfc843703) ld      a4, -56(s0)
core   0: 3 0x000000008000fe7a (0xfc843703) x14 0x0000000080012040 mem 0x0000000080031f38
core   0: 0x000000008000fe7e (0xfb843783) ld      a5, -72(s0)
core   0: 3 0x000000008000fe7e (0xfb843783) x15 0x000000000000009c mem 0x0000000080031f28
core   0: 0x000000008000fe82 (0x000097ba) c.add   a5, a4
core   0: 3 0x000000008000fe82 (0x97ba) x15 0x00000000800120dc
core   0: 0x000000008000fe84 (0xfe043703) ld      a4, -32(s0)
core   0: 3 0x000000008000fe84 (0xfe043703) x14 0x000000008001205a mem 0x0000000080031f50
core   0: 0x000000008000fe88 (0xfcf76de3) bltu    a4, a5, pc - 38
core   0: 3 0x000000008000fe88 (0xfcf76de3)
core   0: 0x000000008000fe62 (0xfe043783) ld      a5, -32(s0)
core   0: 3 0x000000008000fe62 (0xfe043783) x15 0x000000008001205a mem 0x0000000080031f50
core   0: 0x000000008000fe66 (0x00178713) addi    a4, a5, 1
core   0: 3 0x000000008000fe66 (0x00178713) x14 0x000000008001205b
core   0: 0x000000008000fe6a (0xfee43023) sd      a4, -32(s0)
core   0: 3 0x000000008000fe6a (0xfee43023) mem 0x0000000080031f50 0x000000008001205b
core   0: 0x000000008000fe6e (0xfc442703) lw      a4, -60(s0)
core   0: 3 0x000000008000fe6e (0xfc442703) x14 0x0000000000000000 mem 0x0000000080031f34
core   0: 0x000000008000fe72 (0x0ff77713) andi    a4, a4, 255
core   0: 3 0x000000008000fe72 (0x0ff77713) x14 0x0000000000000000
core   0: 0x000000008000fe76 (0x00e78023) sb      a4, 0(a5)
core   0: 3 0x000000008000fe76 (0x00e78023) mem 0x000000008001205a 0x00
core   0: 0x000000008000fe7a (0xfc843703) ld      a4, -56(s0)
core   0: 3 0x000000008000fe7a (0xfc843703) x14 0x0000000080012040 mem 0x0000000080031f38
core   0: 0x000000008000fe7e (0xfb843783) ld      a5, -72(s0)
core   0: 3 0x000000008000fe7e (0xfb843783) x15 0x000000000000009c mem 0x0000000080031f28
core   0: 0x000000008000fe82 (0x000097ba) c.add   a5, a4
core   0: 3 0x000000008000fe82 (0x97ba) x15 0x00000000800120dc
core   0: 0x000000008000fe84 (0xfe043703) ld      a4, -32(s0)
core   0: 3 0x000000008000fe84 (0xfe043703) x14 0x000000008001205b mem 0x0000000080031f50
core   0: 0x000000008000fe88 (0xfcf76de3) bltu    a4, a5, pc - 38
core   0: 3 0x000000008000fe88 (0xfcf76de3)
core   0: 0x000000008000fe62 (0xfe043783) ld      a5, -32(s0)
core   0: 3 0x000000008000fe62 (0xfe043783) x15 0x000000008001205b mem 0x0000000080031f50
core   0: 0x000000008000fe66 (0x00178713) addi    a4, a5, 1
core   0: 3 0x000000008000fe66 (0x00178713) x14 0x000000008001205c
core   0: 0x000000008000fe6a (0xfee43023) sd      a4, -32(s0)
core   0: 3 0x000000008000fe6a (0xfee43023) mem 0x0000000080031f50 0x000000008001205c
core   0: 0x000000008000fe6e (0xfc442703) lw      a4, -60(s0)
core   0: 3 0x000000008000fe6e (0xfc442703) x14 0x0000000000000000 mem 0x0000000080031f34
core   0: 0x000000008000fe72 (0x0ff77713) andi    a4, a4, 255
core   0: 3 0x000000008000fe72 (0x0ff77713) x14 0x0000000000000000
core   0: 0x000000008000fe76 (0x00e78023) sb      a4, 0(a5)
core   0: 3 0x000000008000fe76 (0x00e78023) mem 0x000000008001205b 0x00
core   0: 0x000000008000fe7a (0xfc843703) ld      a4, -56(s0)
core   0: 3 0x000000008000fe7a (0xfc843703) x14 0x0000000080012040 mem 0x0000000080031f38
core   0: 0x000000008000fe7e (0xfb843783) ld      a5, -72(s0)
core   0: 3 0x000000008000fe7e (0xfb843783) x15 0x000000000000009c mem 0x0000000080031f28
core   0: 0x000000008000fe82 (0x000097ba) c.add   a5, a4
core   0: 3 0x000000008000fe82 (0x97ba) x15 0x00000000800120dc
core   0: 0x000000008000fe84 (0xfe043703) ld      a4, -32(s0)
core   0: 3 0x000000008000fe84 (0xfe043703) x14 0x000000008001205c mem 0x0000000080031f50
core   0: 0x000000008000fe88 (0xfcf76de3) bltu    a4, a5, pc - 38
core   0: 3 0x000000008000fe88 (0xfcf76de3)
core   0: 0x000000008000fe62 (0xfe043783) ld      a5, -32(s0)
core   0: 3 0x000000008000fe62 (0xfe043783) x15 0x000000008001205c mem 0x0000000080031f50
core   0: 0x000000008000fe66 (0x00178713) addi    a4, a5, 1
core   0: 3 0x000000008000fe66 (0x00178713) x14 0x000000008001205d
core   0: 0x000000008000fe6a (0xfee43023) sd      a4, -32(s0)
core   0: 3 0x000000008000fe6a (0xfee43023) mem 0x0000000080031f50 0x000000008001205d
core   0: 0x000000008000fe6e (0xfc442703) lw      a4, -60(s0)
core   0: 3 0x000000008000fe6e (0xfc442703) x14 0x0000000000000000 mem 0x0000000080031f34
core   0: 0x000000008000fe72 (0x0ff77713) andi    a4, a4, 255
core   0: 3 0x000000008000fe72 (0x0ff77713) x14 0x0000000000000000
core   0: 0x000000008000fe76 (0x00e78023) sb      a4, 0(a5)
core   0: 3 0x000000008000fe76 (0x00e78023) mem 0x000000008001205c 0x00
core   0: 0x000000008000fe7a (0xfc843703) ld      a4, -56(s0)
core   0: 3 0x000000008000fe7a (0xfc843703) x14 0x0000000080012040 mem 0x0000000080031f38
core   0: 0x000000008000fe7e (0xfb843783) ld      a5, -72(s0)
core   0: 3 0x000000008000fe7e (0xfb843783) x15 0x000000000000009c mem 0x0000000080031f28
core   0: 0x000000008000fe82 (0x000097ba) c.add   a5, a4
core   0: 3 0x000000008000fe82 (0x97ba) x15 0x00000000800120dc
core   0: 0x000000008000fe84 (0xfe043703) ld      a4, -32(s0)
core   0: 3 0x000000008000fe84 (0xfe043703) x14 0x000000008001205d mem 0x0000000080031f50
core   0: 0x000000008000fe88 (0xfcf76de3) bltu    a4, a5, pc - 38
core   0: 3 0x000000008000fe88 (0xfcf76de3)
core   0: 0x000000008000fe62 (0xfe043783) ld      a5, -32(s0)
core   0: 3 0x000000008000fe62 (0xfe043783) x15 0x000000008001205d mem 0x0000000080031f50
core   0: 0x000000008000fe66 (0x00178713) addi    a4, a5, 1
core   0: 3 0x000000008000fe66 (0x00178713) x14 0x000000008001205e
core   0: 0x000000008000fe6a (0xfee43023) sd      a4, -32(s0)
core   0: 3 0x000000008000fe6a (0xfee43023) mem 0x0000000080031f50 0x000000008001205e
core   0: 0x000000008000fe6e (0xfc442703) lw      a4, -60(s0)
core   0: 3 0x000000008000fe6e (0xfc442703) x14 0x0000000000000000 mem 0x0000000080031f34
core   0: 0x000000008000fe72 (0x0ff77713) andi    a4, a4, 255
core   0: 3 0x000000008000fe72 (0x0ff77713) x14 0x0000000000000000
core   0: 0x000000008000fe76 (0x00e78023) sb      a4, 0(a5)
core   0: 3 0x000000008000fe76 (0x00e78023) mem 0x000000008001205d 0x00
core   0: 0x000000008000fe7a (0xfc843703) ld      a4, -56(s0)
core   0: 3 0x000000008000fe7a (0xfc843703) x14 0x0000000080012040 mem 0x0000000080031f38
core   0: 0x000000008000fe7e (0xfb843783) ld      a5, -72(s0)
core   0: 3 0x000000008000fe7e (0xfb843783) x15 0x000000000000009c mem 0x0000000080031f28
core   0: 0x000000008000fe82 (0x000097ba) c.add   a5, a4
core   0: 3 0x000000008000fe82 (0x97ba) x15 0x00000000800120dc
core   0: 0x000000008000fe84 (0xfe043703) ld      a4, -32(s0)
core   0: 3 0x000000008000fe84 (0xfe043703) x14 0x000000008001205e mem 0x0000000080031f50
core   0: 0x000000008000fe88 (0xfcf76de3) bltu    a4, a5, pc - 38
core   0: 3 0x000000008000fe88 (0xfcf76de3)
core   0: 0x000000008000fe62 (0xfe043783) ld      a5, -32(s0)
core   0: 3 0x000000008000fe62 (0xfe043783) x15 0x000000008001205e mem 0x0000000080031f50
core   0: 0x000000008000fe66 (0x00178713) addi    a4, a5, 1
core   0: 3 0x000000008000fe66 (0x00178713) x14 0x000000008001205f
core   0: 0x000000008000fe6a (0xfee43023) sd      a4, -32(s0)
core   0: 3 0x000000008000fe6a (0xfee43023) mem 0x0000000080031f50 0x000000008001205f
core   0: 0x000000008000fe6e (0xfc442703) lw      a4, -60(s0)
core   0: 3 0x000000008000fe6e (0xfc442703) x14 0x0000000000000000 mem 0x0000000080031f34
core   0: 0x000000008000fe72 (0x0ff77713) andi    a4, a4, 255
core   0: 3 0x000000008000fe72 (0x0ff77713) x14 0x0000000000000000
core   0: 0x000000008000fe76 (0x00e78023) sb      a4, 0(a5)
core   0: 3 0x000000008000fe76 (0x00e78023) mem 0x000000008001205e 0x00
core   0: 0x000000008000fe7a (0xfc843703) ld      a4, -56(s0)
core   0: 3 0x000000008000fe7a (0xfc843703) x14 0x0000000080012040 mem 0x0000000080031f38
core   0: 0x000000008000fe7e (0xfb843783) ld      a5, -72(s0)
core   0: 3 0x000000008000fe7e (0xfb843783) x15 0x000000000000009c mem 0x0000000080031f28
core   0: 0x000000008000fe82 (0x000097ba) c.add   a5, a4
core   0: 3 0x000000008000fe82 (0x97ba) x15 0x00000000800120dc
core   0: 0x000000008000fe84 (0xfe043703) ld      a4, -32(s0)
core   0: 3 0x000000008000fe84 (0xfe043703) x14 0x000000008001205f mem 0x0000000080031f50
core   0: 0x000000008000fe88 (0xfcf76de3) bltu    a4, a5, pc - 38
core   0: 3 0x000000008000fe88 (0xfcf76de3)
core   0: 0x000000008000fe62 (0xfe043783) ld      a5, -32(s0)
core   0: 3 0x000000008000fe62 (0xfe043783) x15 0x000000008001205f mem 0x0000000080031f50
core   0: 0x000000008000fe66 (0x00178713) addi    a4, a5, 1
core   0: 3 0x000000008000fe66 (0x00178713) x14 0x0000000080012060
core   0: 0x000000008000fe6a (0xfee43023) sd      a4, -32(s0)
core   0: 3 0x000000008000fe6a (0xfee43023) mem 0x0000000080031f50 0x0000000080012060
core   0: 0x000000008000fe6e (0xfc442703) lw      a4, -60(s0)
core   0: 3 0x000000008000fe6e (0xfc442703) x14 0x0000000000000000 mem 0x0000000080031f34
core   0: 0x000000008000fe72 (0x0ff77713) andi    a4, a4, 255
core   0: 3 0x000000008000fe72 (0x0ff77713) x14 0x0000000000000000
core   0: 0x000000008000fe76 (0x00e78023) sb      a4, 0(a5)
core   0: 3 0x000000008000fe76 (0x00e78023) mem 0x000000008001205f 0x00
core   0: 0x000000008000fe7a (0xfc843703) ld      a4, -56(s0)
core   0: 3 0x000000008000fe7a (0xfc843703) x14 0x0000000080012040 mem 0x0000000080031f38
core   0: 0x000000008000fe7e (0xfb843783) ld      a5, -72(s0)
core   0: 3 0x000000008000fe7e (0xfb843783) x15 0x000000000000009c mem 0x0000000080031f28
core   0: 0x000000008000fe82 (0x000097ba) c.add   a5, a4
core   0: 3 0x000000008000fe82 (0x97ba) x15 0x00000000800120dc
core   0: 0x000000008000fe84 (0xfe043703) ld      a4, -32(s0)
core   0: 3 0x000000008000fe84 (0xfe043703) x14 0x0000000080012060 mem 0x0000000080031f50
core   0: 0x000000008000fe88 (0xfcf76de3) bltu    a4, a5, pc - 38
core   0: 3 0x000000008000fe88 (0xfcf76de3)
core   0: 0x000000008000fe62 (0xfe043783) ld      a5, -32(s0)
core   0: 3 0x000000008000fe62 (0xfe043783) x15 0x0000000080012060 mem 0x0000000080031f50
core   0: 0x000000008000fe66 (0x00178713) addi    a4, a5, 1
core   0: 3 0x000000008000fe66 (0x00178713) x14 0x0000000080012061
core   0: 0x000000008000fe6a (0xfee43023) sd      a4, -32(s0)
core   0: 3 0x000000008000fe6a (0xfee43023) mem 0x0000000080031f50 0x0000000080012061
core   0: 0x000000008000fe6e (0xfc442703) lw      a4, -60(s0)
core   0: 3 0x000000008000fe6e (0xfc442703) x14 0x0000000000000000 mem 0x0000000080031f34
core   0: 0x000000008000fe72 (0x0ff77713) andi    a4, a4, 255
core   0: 3 0x000000008000fe72 (0x0ff77713) x14 0x0000000000000000
core   0: 0x000000008000fe76 (0x00e78023) sb      a4, 0(a5)
core   0: 3 0x000000008000fe76 (0x00e78023) mem 0x0000000080012060 0x00
core   0: 0x000000008000fe7a (0xfc843703) ld      a4, -56(s0)
core   0: 3 0x000000008000fe7a (0xfc843703) x14 0x0000000080012040 mem 0x0000000080031f38
core   0: 0x000000008000fe7e (0xfb843783) ld      a5, -72(s0)
core   0: 3 0x000000008000fe7e (0xfb843783) x15 0x000000000000009c mem 0x0000000080031f28
core   0: 0x000000008000fe82 (0x000097ba) c.add   a5, a4
core   0: 3 0x000000008000fe82 (0x97ba) x15 0x00000000800120dc
core   0: 0x000000008000fe84 (0xfe043703) ld      a4, -32(s0)
core   0: 3 0x000000008000fe84 (0xfe043703) x14 0x0000000080012061 mem 0x0000000080031f50
core   0: 0x000000008000fe88 (0xfcf76de3) bltu    a4, a5, pc - 38
core   0: 3 0x000000008000fe88 (0xfcf76de3)
core   0: 0x000000008000fe62 (0xfe043783) ld      a5, -32(s0)
core   0: 3 0x000000008000fe62 (0xfe043783) x15 0x0000000080012061 mem 0x0000000080031f50
core   0: 0x000000008000fe66 (0x00178713) addi    a4, a5, 1
core   0: 3 0x000000008000fe66 (0x00178713) x14 0x0000000080012062
core   0: 0x000000008000fe6a (0xfee43023) sd      a4, -32(s0)
core   0: 3 0x000000008000fe6a (0xfee43023) mem 0x0000000080031f50 0x0000000080012062
core   0: 0x000000008000fe6e (0xfc442703) lw      a4, -60(s0)
core   0: 3 0x000000008000fe6e (0xfc442703) x14 0x0000000000000000 mem 0x0000000080031f34
core   0: 0x000000008000fe72 (0x0ff77713) andi    a4, a4, 255
core   0: 3 0x000000008000fe72 (0x0ff77713) x14 0x0000000000000000
core   0: 0x000000008000fe76 (0x00e78023) sb      a4, 0(a5)
core   0: 3 0x000000008000fe76 (0x00e78023) mem 0x0000000080012061 0x00
core   0: 0x000000008000fe7a (0xfc843703) ld      a4, -56(s0)
core   0: 3 0x000000008000fe7a (0xfc843703) x14 0x0000000080012040 mem 0x0000000080031f38
core   0: 0x000000008000fe7e (0xfb843783) ld      a5, -72(s0)
core   0: 3 0x000000008000fe7e (0xfb843783) x15 0x000000000000009c mem 0x0000000080031f28
core   0: 0x000000008000fe82 (0x000097ba) c.add   a5, a4
core   0: 3 0x000000008000fe82 (0x97ba) x15 0x00000000800120dc
core   0: 0x000000008000fe84 (0xfe043703) ld      a4, -32(s0)
core   0: 3 0x000000008000fe84 (0xfe043703) x14 0x0000000080012062 mem 0x0000000080031f50
core   0: 0x000000008000fe88 (0xfcf76de3) bltu    a4, a5, pc - 38
core   0: 3 0x000000008000fe88 (0xfcf76de3)
core   0: 0x000000008000fe62 (0xfe043783) ld      a5, -32(s0)
core   0: 3 0x000000008000fe62 (0xfe043783) x15 0x0000000080012062 mem 0x0000000080031f50
core   0: 0x000000008000fe66 (0x00178713) addi    a4, a5, 1
core   0: 3 0x000000008000fe66 (0x00178713) x14 0x0000000080012063
core   0: 0x000000008000fe6a (0xfee43023) sd      a4, -32(s0)
core   0: 3 0x000000008000fe6a (0xfee43023) mem 0x0000000080031f50 0x0000000080012063
core   0: 0x000000008000fe6e (0xfc442703) lw      a4, -60(s0)
core   0: 3 0x000000008000fe6e (0xfc442703) x14 0x0000000000000000 mem 0x0000000080031f34
core   0: 0x000000008000fe72 (0x0ff77713) andi    a4, a4, 255
core   0: 3 0x000000008000fe72 (0x0ff77713) x14 0x0000000000000000
core   0: 0x000000008000fe76 (0x00e78023) sb      a4, 0(a5)
core   0: 3 0x000000008000fe76 (0x00e78023) mem 0x0000000080012062 0x00
core   0: 0x000000008000fe7a (0xfc843703) ld      a4, -56(s0)
core   0: 3 0x000000008000fe7a (0xfc843703) x14 0x0000000080012040 mem 0x0000000080031f38
core   0: 0x000000008000fe7e (0xfb843783) ld      a5, -72(s0)
core   0: 3 0x000000008000fe7e (0xfb843783) x15 0x000000000000009c mem 0x0000000080031f28
core   0: 0x000000008000fe82 (0x000097ba) c.add   a5, a4
core   0: 3 0x000000008000fe82 (0x97ba) x15 0x00000000800120dc
core   0: 0x000000008000fe84 (0xfe043703) ld      a4, -32(s0)
core   0: 3 0x000000008000fe84 (0xfe043703) x14 0x0000000080012063 mem 0x0000000080031f50
core   0: 0x000000008000fe88 (0xfcf76de3) bltu    a4, a5, pc - 38
core   0: 3 0x000000008000fe88 (0xfcf76de3)
core   0: 0x000000008000fe62 (0xfe043783) ld      a5, -32(s0)
core   0: 3 0x000000008000fe62 (0xfe043783) x15 0x0000000080012063 mem 0x0000000080031f50
core   0: 0x000000008000fe66 (0x00178713) addi    a4, a5, 1
core   0: 3 0x000000008000fe66 (0x00178713) x14 0x0000000080012064
core   0: 0x000000008000fe6a (0xfee43023) sd      a4, -32(s0)
core   0: 3 0x000000008000fe6a (0xfee43023) mem 0x0000000080031f50 0x0000000080012064
core   0: 0x000000008000fe6e (0xfc442703) lw      a4, -60(s0)
core   0: 3 0x000000008000fe6e (0xfc442703) x14 0x0000000000000000 mem 0x0000000080031f34
core   0: 0x000000008000fe72 (0x0ff77713) andi    a4, a4, 255
core   0: 3 0x000000008000fe72 (0x0ff77713) x14 0x0000000000000000
core   0: 0x000000008000fe76 (0x00e78023) sb      a4, 0(a5)
core   0: 3 0x000000008000fe76 (0x00e78023) mem 0x0000000080012063 0x00
core   0: 0x000000008000fe7a (0xfc843703) ld      a4, -56(s0)
core   0: 3 0x000000008000fe7a (0xfc843703) x14 0x0000000080012040 mem 0x0000000080031f38
core   0: 0x000000008000fe7e (0xfb843783) ld      a5, -72(s0)
core   0: 3 0x000000008000fe7e (0xfb843783) x15 0x000000000000009c mem 0x0000000080031f28
core   0: 0x000000008000fe82 (0x000097ba) c.add   a5, a4
core   0: 3 0x000000008000fe82 (0x97ba) x15 0x00000000800120dc
core   0: 0x000000008000fe84 (0xfe043703) ld      a4, -32(s0)
core   0: 3 0x000000008000fe84 (0xfe043703) x14 0x0000000080012064 mem 0x0000000080031f50
core   0: 0x000000008000fe88 (0xfcf76de3) bltu    a4, a5, pc - 38
core   0: 3 0x000000008000fe88 (0xfcf76de3)
core   0: 0x000000008000fe62 (0xfe043783) ld      a5, -32(s0)
core   0: 3 0x000000008000fe62 (0xfe043783) x15 0x0000000080012064 mem 0x0000000080031f50
core   0: 0x000000008000fe66 (0x00178713) addi    a4, a5, 1
core   0: 3 0x000000008000fe66 (0x00178713) x14 0x0000000080012065
core   0: 0x000000008000fe6a (0xfee43023) sd      a4, -32(s0)
core   0: 3 0x000000008000fe6a (0xfee43023) mem 0x0000000080031f50 0x0000000080012065
core   0: 0x000000008000fe6e (0xfc442703) lw      a4, -60(s0)
core   0: 3 0x000000008000fe6e (0xfc442703) x14 0x0000000000000000 mem 0x0000000080031f34
core   0: 0x000000008000fe72 (0x0ff77713) andi    a4, a4, 255
core   0: 3 0x000000008000fe72 (0x0ff77713) x14 0x0000000000000000
core   0: 0x000000008000fe76 (0x00e78023) sb      a4, 0(a5)
core   0: 3 0x000000008000fe76 (0x00e78023) mem 0x0000000080012064 0x00
core   0: 0x000000008000fe7a (0xfc843703) ld      a4, -56(s0)
core   0: 3 0x000000008000fe7a (0xfc843703) x14 0x0000000080012040 mem 0x0000000080031f38
core   0: 0x000000008000fe7e (0xfb843783) ld      a5, -72(s0)
core   0: 3 0x000000008000fe7e (0xfb843783) x15 0x000000000000009c mem 0x0000000080031f28
core   0: 0x000000008000fe82 (0x000097ba) c.add   a5, a4
core   0: 3 0x000000008000fe82 (0x97ba) x15 0x00000000800120dc
core   0: 0x000000008000fe84 (0xfe043703) ld      a4, -32(s0)
core   0: 3 0x000000008000fe84 (0xfe043703) x14 0x0000000080012065 mem 0x0000000080031f50
core   0: 0x000000008000fe88 (0xfcf76de3) bltu    a4, a5, pc - 38
core   0: 3 0x000000008000fe88 (0xfcf76de3)
core   0: 0x000000008000fe62 (0xfe043783) ld      a5, -32(s0)
core   0: 3 0x000000008000fe62 (0xfe043783) x15 0x0000000080012065 mem 0x0000000080031f50
core   0: 0x000000008000fe66 (0x00178713) addi    a4, a5, 1
core   0: 3 0x000000008000fe66 (0x00178713) x14 0x0000000080012066
core   0: 0x000000008000fe6a (0xfee43023) sd      a4, -32(s0)
core   0: 3 0x000000008000fe6a (0xfee43023) mem 0x0000000080031f50 0x0000000080012066
core   0: 0x000000008000fe6e (0xfc442703) lw      a4, -60(s0)
core   0: 3 0x000000008000fe6e (0xfc442703) x14 0x0000000000000000 mem 0x0000000080031f34
core   0: 0x000000008000fe72 (0x0ff77713) andi    a4, a4, 255
core   0: 3 0x000000008000fe72 (0x0ff77713) x14 0x0000000000000000
core   0: 0x000000008000fe76 (0x00e78023) sb      a4, 0(a5)
core   0: 3 0x000000008000fe76 (0x00e78023) mem 0x0000000080012065 0x00
core   0: 0x000000008000fe7a (0xfc843703) ld      a4, -56(s0)
core   0: 3 0x000000008000fe7a (0xfc843703) x14 0x0000000080012040 mem 0x0000000080031f38
core   0: 0x000000008000fe7e (0xfb843783) ld      a5, -72(s0)
core   0: 3 0x000000008000fe7e (0xfb843783) x15 0x000000000000009c mem 0x0000000080031f28
core   0: 0x000000008000fe82 (0x000097ba) c.add   a5, a4
core   0: 3 0x000000008000fe82 (0x97ba) x15 0x00000000800120dc
core   0: 0x000000008000fe84 (0xfe043703) ld      a4, -32(s0)
core   0: 3 0x000000008000fe84 (0xfe043703) x14 0x0000000080012066 mem 0x0000000080031f50
core   0: 0x000000008000fe88 (0xfcf76de3) bltu    a4, a5, pc - 38
core   0: 3 0x000000008000fe88 (0xfcf76de3)
core   0: 0x000000008000fe62 (0xfe043783) ld      a5, -32(s0)
core   0: 3 0x000000008000fe62 (0xfe043783) x15 0x0000000080012066 mem 0x0000000080031f50
core   0: 0x000000008000fe66 (0x00178713) addi    a4, a5, 1
core   0: 3 0x000000008000fe66 (0x00178713) x14 0x0000000080012067
core   0: 0x000000008000fe6a (0xfee43023) sd      a4, -32(s0)
core   0: 3 0x000000008000fe6a (0xfee43023) mem 0x0000000080031f50 0x0000000080012067
core   0: 0x000000008000fe6e (0xfc442703) lw      a4, -60(s0)
core   0: 3 0x000000008000fe6e (0xfc442703) x14 0x0000000000000000 mem 0x0000000080031f34
core   0: 0x000000008000fe72 (0x0ff77713) andi    a4, a4, 255
core   0: 3 0x000000008000fe72 (0x0ff77713) x14 0x0000000000000000
core   0: 0x000000008000fe76 (0x00e78023) sb      a4, 0(a5)
core   0: 3 0x000000008000fe76 (0x00e78023) mem 0x0000000080012066 0x00
core   0: 0x000000008000fe7a (0xfc843703) ld      a4, -56(s0)
core   0: 3 0x000000008000fe7a (0xfc843703) x14 0x0000000080012040 mem 0x0000000080031f38
core   0: 0x000000008000fe7e (0xfb843783) ld      a5, -72(s0)
core   0: 3 0x000000008000fe7e (0xfb843783) x15 0x000000000000009c mem 0x0000000080031f28
core   0: 0x000000008000fe82 (0x000097ba) c.add   a5, a4
core   0: 3 0x000000008000fe82 (0x97ba) x15 0x00000000800120dc
core   0: 0x000000008000fe84 (0xfe043703) ld      a4, -32(s0)
core   0: 3 0x000000008000fe84 (0xfe043703) x14 0x0000000080012067 mem 0x0000000080031f50
core   0: 0x000000008000fe88 (0xfcf76de3) bltu    a4, a5, pc - 38
core   0: 3 0x000000008000fe88 (0xfcf76de3)
core   0: 0x000000008000fe62 (0xfe043783) ld      a5, -32(s0)
core   0: 3 0x000000008000fe62 (0xfe043783) x15 0x0000000080012067 mem 0x0000000080031f50
core   0: 0x000000008000fe66 (0x00178713) addi    a4, a5, 1
core   0: 3 0x000000008000fe66 (0x00178713) x14 0x0000000080012068
core   0: 0x000000008000fe6a (0xfee43023) sd      a4, -32(s0)
core   0: 3 0x000000008000fe6a (0xfee43023) mem 0x0000000080031f50 0x0000000080012068
core   0: 0x000000008000fe6e (0xfc442703) lw      a4, -60(s0)
core   0: 3 0x000000008000fe6e (0xfc442703) x14 0x0000000000000000 mem 0x0000000080031f34
core   0: 0x000000008000fe72 (0x0ff77713) andi    a4, a4, 255
core   0: 3 0x000000008000fe72 (0x0ff77713) x14 0x0000000000000000
core   0: 0x000000008000fe76 (0x00e78023) sb      a4, 0(a5)
core   0: 3 0x000000008000fe76 (0x00e78023) mem 0x0000000080012067 0x00
core   0: 0x000000008000fe7a (0xfc843703) ld      a4, -56(s0)
core   0: 3 0x000000008000fe7a (0xfc843703) x14 0x0000000080012040 mem 0x0000000080031f38
core   0: 0x000000008000fe7e (0xfb843783) ld      a5, -72(s0)
core   0: 3 0x000000008000fe7e (0xfb843783) x15 0x000000000000009c mem 0x0000000080031f28
core   0: 0x000000008000fe82 (0x000097ba) c.add   a5, a4
core   0: 3 0x000000008000fe82 (0x97ba) x15 0x00000000800120dc
core   0: 0x000000008000fe84 (0xfe043703) ld      a4, -32(s0)
core   0: 3 0x000000008000fe84 (0xfe043703) x14 0x0000000080012068 mem 0x0000000080031f50
core   0: 0x000000008000fe88 (0xfcf76de3) bltu    a4, a5, pc - 38
core   0: 3 0x000000008000fe88 (0xfcf76de3)
core   0: 0x000000008000fe62 (0xfe043783) ld      a5, -32(s0)
core   0: 3 0x000000008000fe62 (0xfe043783) x15 0x0000000080012068 mem 0x0000000080031f50
core   0: 0x000000008000fe66 (0x00178713) addi    a4, a5, 1
core   0: 3 0x000000008000fe66 (0x00178713) x14 0x0000000080012069
core   0: 0x000000008000fe6a (0xfee43023) sd      a4, -32(s0)
core   0: 3 0x000000008000fe6a (0xfee43023) mem 0x0000000080031f50 0x0000000080012069
core   0: 0x000000008000fe6e (0xfc442703) lw      a4, -60(s0)
core   0: 3 0x000000008000fe6e (0xfc442703) x14 0x0000000000000000 mem 0x0000000080031f34
core   0: 0x000000008000fe72 (0x0ff77713) andi    a4, a4, 255
core   0: 3 0x000000008000fe72 (0x0ff77713) x14 0x0000000000000000
core   0: 0x000000008000fe76 (0x00e78023) sb      a4, 0(a5)
core   0: 3 0x000000008000fe76 (0x00e78023) mem 0x0000000080012068 0x00
core   0: 0x000000008000fe7a (0xfc843703) ld      a4, -56(s0)
core   0: 3 0x000000008000fe7a (0xfc843703) x14 0x0000000080012040 mem 0x0000000080031f38
core   0: 0x000000008000fe7e (0xfb843783) ld      a5, -72(s0)
core   0: 3 0x000000008000fe7e (0xfb843783) x15 0x000000000000009c mem 0x0000000080031f28
core   0: 0x000000008000fe82 (0x000097ba) c.add   a5, a4
core   0: 3 0x000000008000fe82 (0x97ba) x15 0x00000000800120dc
core   0: 0x000000008000fe84 (0xfe043703) ld      a4, -32(s0)
core   0: 3 0x000000008000fe84 (0xfe043703) x14 0x0000000080012069 mem 0x0000000080031f50
core   0: 0x000000008000fe88 (0xfcf76de3) bltu    a4, a5, pc - 38
core   0: 3 0x000000008000fe88 (0xfcf76de3)
core   0: 0x000000008000fe62 (0xfe043783) ld      a5, -32(s0)
core   0: 3 0x000000008000fe62 (0xfe043783) x15 0x0000000080012069 mem 0x0000000080031f50
core   0: 0x000000008000fe66 (0x00178713) addi    a4, a5, 1
core   0: 3 0x000000008000fe66 (0x00178713) x14 0x000000008001206a
core   0: 0x000000008000fe6a (0xfee43023) sd      a4, -32(s0)
core   0: 3 0x000000008000fe6a (0xfee43023) mem 0x0000000080031f50 0x000000008001206a
core   0: 0x000000008000fe6e (0xfc442703) lw      a4, -60(s0)
core   0: 3 0x000000008000fe6e (0xfc442703) x14 0x0000000000000000 mem 0x0000000080031f34
core   0: 0x000000008000fe72 (0x0ff77713) andi    a4, a4, 255
core   0: 3 0x000000008000fe72 (0x0ff77713) x14 0x0000000000000000
core   0: 0x000000008000fe76 (0x00e78023) sb      a4, 0(a5)
core   0: 3 0x000000008000fe76 (0x00e78023) mem 0x0000000080012069 0x00
core   0: 0x000000008000fe7a (0xfc843703) ld      a4, -56(s0)
core   0: 3 0x000000008000fe7a (0xfc843703) x14 0x0000000080012040 mem 0x0000000080031f38
core   0: 0x000000008000fe7e (0xfb843783) ld      a5, -72(s0)
core   0: 3 0x000000008000fe7e (0xfb843783) x15 0x000000000000009c mem 0x0000000080031f28
core   0: 0x000000008000fe82 (0x000097ba) c.add   a5, a4
core   0: 3 0x000000008000fe82 (0x97ba) x15 0x00000000800120dc
core   0: 0x000000008000fe84 (0xfe043703) ld      a4, -32(s0)
core   0: 3 0x000000008000fe84 (0xfe043703) x14 0x000000008001206a mem 0x0000000080031f50
core   0: 0x000000008000fe88 (0xfcf76de3) bltu    a4, a5, pc - 38
core   0: 3 0x000000008000fe88 (0xfcf76de3)
core   0: 0x000000008000fe62 (0xfe043783) ld      a5, -32(s0)
core   0: 3 0x000000008000fe62 (0xfe043783) x15 0x000000008001206a mem 0x0000000080031f50
core   0: 0x000000008000fe66 (0x00178713) addi    a4, a5, 1
core   0: 3 0x000000008000fe66 (0x00178713) x14 0x000000008001206b
core   0: 0x000000008000fe6a (0xfee43023) sd      a4, -32(s0)
core   0: 3 0x000000008000fe6a (0xfee43023) mem 0x0000000080031f50 0x000000008001206b
core   0: 0x000000008000fe6e (0xfc442703) lw      a4, -60(s0)
core   0: 3 0x000000008000fe6e (0xfc442703) x14 0x0000000000000000 mem 0x0000000080031f34
core   0: 0x000000008000fe72 (0x0ff77713) andi    a4, a4, 255
core   0: 3 0x000000008000fe72 (0x0ff77713) x14 0x0000000000000000
core   0: 0x000000008000fe76 (0x00e78023) sb      a4, 0(a5)
core   0: 3 0x000000008000fe76 (0x00e78023) mem 0x000000008001206a 0x00
core   0: 0x000000008000fe7a (0xfc843703) ld      a4, -56(s0)
core   0: 3 0x000000008000fe7a (0xfc843703) x14 0x0000000080012040 mem 0x0000000080031f38
core   0: 0x000000008000fe7e (0xfb843783) ld      a5, -72(s0)
core   0: 3 0x000000008000fe7e (0xfb843783) x15 0x000000000000009c mem 0x0000000080031f28
core   0: 0x000000008000fe82 (0x000097ba) c.add   a5, a4
core   0: 3 0x000000008000fe82 (0x97ba) x15 0x00000000800120dc
core   0: 0x000000008000fe84 (0xfe043703) ld      a4, -32(s0)
core   0: 3 0x000000008000fe84 (0xfe043703) x14 0x000000008001206b mem 0x0000000080031f50
core   0: 0x000000008000fe88 (0xfcf76de3) bltu    a4, a5, pc - 38
core   0: 3 0x000000008000fe88 (0xfcf76de3)
core   0: 0x000000008000fe62 (0xfe043783) ld      a5, -32(s0)
core   0: 3 0x000000008000fe62 (0xfe043783) x15 0x000000008001206b mem 0x0000000080031f50
core   0: 0x000000008000fe66 (0x00178713) addi    a4, a5, 1
core   0: 3 0x000000008000fe66 (0x00178713) x14 0x000000008001206c
core   0: 0x000000008000fe6a (0xfee43023) sd      a4, -32(s0)
core   0: 3 0x000000008000fe6a (0xfee43023) mem 0x0000000080031f50 0x000000008001206c
core   0: 0x000000008000fe6e (0xfc442703) lw      a4, -60(s0)
core   0: 3 0x000000008000fe6e (0xfc442703) x14 0x0000000000000000 mem 0x0000000080031f34
core   0: 0x000000008000fe72 (0x0ff77713) andi    a4, a4, 255
core   0: 3 0x000000008000fe72 (0x0ff77713) x14 0x0000000000000000
core   0: 0x000000008000fe76 (0x00e78023) sb      a4, 0(a5)
core   0: 3 0x000000008000fe76 (0x00e78023) mem 0x000000008001206b 0x00
core   0: 0x000000008000fe7a (0xfc843703) ld      a4, -56(s0)
core   0: 3 0x000000008000fe7a (0xfc843703) x14 0x0000000080012040 mem 0x0000000080031f38
core   0: 0x000000008000fe7e (0xfb843783) ld      a5, -72(s0)
core   0: 3 0x000000008000fe7e (0xfb843783) x15 0x000000000000009c mem 0x0000000080031f28
core   0: 0x000000008000fe82 (0x000097ba) c.add   a5, a4
core   0: 3 0x000000008000fe82 (0x97ba) x15 0x00000000800120dc
core   0: 0x000000008000fe84 (0xfe043703) ld      a4, -32(s0)
core   0: 3 0x000000008000fe84 (0xfe043703) x14 0x000000008001206c mem 0x0000000080031f50
core   0: 0x000000008000fe88 (0xfcf76de3) bltu    a4, a5, pc - 38
core   0: 3 0x000000008000fe88 (0xfcf76de3)
core   0: 0x000000008000fe62 (0xfe043783) ld      a5, -32(s0)
core   0: 3 0x000000008000fe62 (0xfe043783) x15 0x000000008001206c mem 0x0000000080031f50
core   0: 0x000000008000fe66 (0x00178713) addi    a4, a5, 1
core   0: 3 0x000000008000fe66 (0x00178713) x14 0x000000008001206d
core   0: 0x000000008000fe6a (0xfee43023) sd      a4, -32(s0)
core   0: 3 0x000000008000fe6a (0xfee43023) mem 0x0000000080031f50 0x000000008001206d
core   0: 0x000000008000fe6e (0xfc442703) lw      a4, -60(s0)
core   0: 3 0x000000008000fe6e (0xfc442703) x14 0x0000000000000000 mem 0x0000000080031f34
core   0: 0x000000008000fe72 (0x0ff77713) andi    a4, a4, 255
core   0: 3 0x000000008000fe72 (0x0ff77713) x14 0x0000000000000000
core   0: 0x000000008000fe76 (0x00e78023) sb      a4, 0(a5)
core   0: 3 0x000000008000fe76 (0x00e78023) mem 0x000000008001206c 0x00
core   0: 0x000000008000fe7a (0xfc843703) ld      a4, -56(s0)
core   0: 3 0x000000008000fe7a (0xfc843703) x14 0x0000000080012040 mem 0x0000000080031f38
core   0: 0x000000008000fe7e (0xfb843783) ld      a5, -72(s0)
core   0: 3 0x000000008000fe7e (0xfb843783) x15 0x000000000000009c mem 0x0000000080031f28
core   0: 0x000000008000fe82 (0x000097ba) c.add   a5, a4
core   0: 3 0x000000008000fe82 (0x97ba) x15 0x00000000800120dc
core   0: 0x000000008000fe84 (0xfe043703) ld      a4, -32(s0)
core   0: 3 0x000000008000fe84 (0xfe043703) x14 0x000000008001206d mem 0x0000000080031f50
core   0: 0x000000008000fe88 (0xfcf76de3) bltu    a4, a5, pc - 38
core   0: 3 0x000000008000fe88 (0xfcf76de3)
core   0: 0x000000008000fe62 (0xfe043783) ld      a5, -32(s0)
core   0: 3 0x000000008000fe62 (0xfe043783) x15 0x000000008001206d mem 0x0000000080031f50
core   0: 0x000000008000fe66 (0x00178713) addi    a4, a5, 1
core   0: 3 0x000000008000fe66 (0x00178713) x14 0x000000008001206e
core   0: 0x000000008000fe6a (0xfee43023) sd      a4, -32(s0)
core   0: 3 0x000000008000fe6a (0xfee43023) mem 0x0000000080031f50 0x000000008001206e
core   0: 0x000000008000fe6e (0xfc442703) lw      a4, -60(s0)
core   0: 3 0x000000008000fe6e (0xfc442703) x14 0x0000000000000000 mem 0x0000000080031f34
core   0: 0x000000008000fe72 (0x0ff77713) andi    a4, a4, 255
core   0: 3 0x000000008000fe72 (0x0ff77713) x14 0x0000000000000000
core   0: 0x000000008000fe76 (0x00e78023) sb      a4, 0(a5)
core   0: 3 0x000000008000fe76 (0x00e78023) mem 0x000000008001206d 0x00
core   0: 0x000000008000fe7a (0xfc843703) ld      a4, -56(s0)
core   0: 3 0x000000008000fe7a (0xfc843703) x14 0x0000000080012040 mem 0x0000000080031f38
core   0: 0x000000008000fe7e (0xfb843783) ld      a5, -72(s0)
core   0: 3 0x000000008000fe7e (0xfb843783) x15 0x000000000000009c mem 0x0000000080031f28
core   0: 0x000000008000fe82 (0x000097ba) c.add   a5, a4
core   0: 3 0x000000008000fe82 (0x97ba) x15 0x00000000800120dc
core   0: 0x000000008000fe84 (0xfe043703) ld      a4, -32(s0)
core   0: 3 0x000000008000fe84 (0xfe043703) x14 0x000000008001206e mem 0x0000000080031f50
core   0: 0x000000008000fe88 (0xfcf76de3) bltu    a4, a5, pc - 38
core   0: 3 0x000000008000fe88 (0xfcf76de3)
core   0: 0x000000008000fe62 (0xfe043783) ld      a5, -32(s0)
core   0: 3 0x000000008000fe62 (0xfe043783) x15 0x000000008001206e mem 0x0000000080031f50
core   0: 0x000000008000fe66 (0x00178713) addi    a4, a5, 1
core   0: 3 0x000000008000fe66 (0x00178713) x14 0x000000008001206f
core   0: 0x000000008000fe6a (0xfee43023) sd      a4, -32(s0)
core   0: 3 0x000000008000fe6a (0xfee43023) mem 0x0000000080031f50 0x000000008001206f
core   0: 0x000000008000fe6e (0xfc442703) lw      a4, -60(s0)
core   0: 3 0x000000008000fe6e (0xfc442703) x14 0x0000000000000000 mem 0x0000000080031f34
core   0: 0x000000008000fe72 (0x0ff77713) andi    a4, a4, 255
core   0: 3 0x000000008000fe72 (0x0ff77713) x14 0x0000000000000000
core   0: 0x000000008000fe76 (0x00e78023) sb      a4, 0(a5)
core   0: 3 0x000000008000fe76 (0x00e78023) mem 0x000000008001206e 0x00
core   0: 0x000000008000fe7a (0xfc843703) ld      a4, -56(s0)
core   0: 3 0x000000008000fe7a (0xfc843703) x14 0x0000000080012040 mem 0x0000000080031f38
core   0: 0x000000008000fe7e (0xfb843783) ld      a5, -72(s0)
core   0: 3 0x000000008000fe7e (0xfb843783) x15 0x000000000000009c mem 0x0000000080031f28
core   0: 0x000000008000fe82 (0x000097ba) c.add   a5, a4
core   0: 3 0x000000008000fe82 (0x97ba) x15 0x00000000800120dc
core   0: 0x000000008000fe84 (0xfe043703) ld      a4, -32(s0)
core   0: 3 0x000000008000fe84 (0xfe043703) x14 0x000000008001206f mem 0x0000000080031f50
core   0: 0x000000008000fe88 (0xfcf76de3) bltu    a4, a5, pc - 38
core   0: 3 0x000000008000fe88 (0xfcf76de3)
core   0: 0x000000008000fe62 (0xfe043783) ld      a5, -32(s0)
core   0: 3 0x000000008000fe62 (0xfe043783) x15 0x000000008001206f mem 0x0000000080031f50
core   0: 0x000000008000fe66 (0x00178713) addi    a4, a5, 1
core   0: 3 0x000000008000fe66 (0x00178713) x14 0x0000000080012070
core   0: 0x000000008000fe6a (0xfee43023) sd      a4, -32(s0)
core   0: 3 0x000000008000fe6a (0xfee43023) mem 0x0000000080031f50 0x0000000080012070
core   0: 0x000000008000fe6e (0xfc442703) lw      a4, -60(s0)
core   0: 3 0x000000008000fe6e (0xfc442703) x14 0x0000000000000000 mem 0x0000000080031f34
core   0: 0x000000008000fe72 (0x0ff77713) andi    a4, a4, 255
core   0: 3 0x000000008000fe72 (0x0ff77713) x14 0x0000000000000000
core   0: 0x000000008000fe76 (0x00e78023) sb      a4, 0(a5)
core   0: 3 0x000000008000fe76 (0x00e78023) mem 0x000000008001206f 0x00
core   0: 0x000000008000fe7a (0xfc843703) ld      a4, -56(s0)
core   0: 3 0x000000008000fe7a (0xfc843703) x14 0x0000000080012040 mem 0x0000000080031f38
core   0: 0x000000008000fe7e (0xfb843783) ld      a5, -72(s0)
core   0: 3 0x000000008000fe7e (0xfb843783) x15 0x000000000000009c mem 0x0000000080031f28
core   0: 0x000000008000fe82 (0x000097ba) c.add   a5, a4
core   0: 3 0x000000008000fe82 (0x97ba) x15 0x00000000800120dc
core   0: 0x000000008000fe84 (0xfe043703) ld      a4, -32(s0)
core   0: 3 0x000000008000fe84 (0xfe043703) x14 0x0000000080012070 mem 0x0000000080031f50
core   0: 0x000000008000fe88 (0xfcf76de3) bltu    a4, a5, pc - 38
core   0: 3 0x000000008000fe88 (0xfcf76de3)
core   0: 0x000000008000fe62 (0xfe043783) ld      a5, -32(s0)
core   0: 3 0x000000008000fe62 (0xfe043783) x15 0x0000000080012070 mem 0x0000000080031f50
core   0: 0x000000008000fe66 (0x00178713) addi    a4, a5, 1
core   0: 3 0x000000008000fe66 (0x00178713) x14 0x0000000080012071
core   0: 0x000000008000fe6a (0xfee43023) sd      a4, -32(s0)
core   0: 3 0x000000008000fe6a (0xfee43023) mem 0x0000000080031f50 0x0000000080012071
core   0: 0x000000008000fe6e (0xfc442703) lw      a4, -60(s0)
core   0: 3 0x000000008000fe6e (0xfc442703) x14 0x0000000000000000 mem 0x0000000080031f34
core   0: 0x000000008000fe72 (0x0ff77713) andi    a4, a4, 255
core   0: 3 0x000000008000fe72 (0x0ff77713) x14 0x0000000000000000
core   0: 0x000000008000fe76 (0x00e78023) sb      a4, 0(a5)
core   0: 3 0x000000008000fe76 (0x00e78023) mem 0x0000000080012070 0x00
core   0: 0x000000008000fe7a (0xfc843703) ld      a4, -56(s0)
core   0: 3 0x000000008000fe7a (0xfc843703) x14 0x0000000080012040 mem 0x0000000080031f38
core   0: 0x000000008000fe7e (0xfb843783) ld      a5, -72(s0)
core   0: 3 0x000000008000fe7e (0xfb843783) x15 0x000000000000009c mem 0x0000000080031f28
core   0: 0x000000008000fe82 (0x000097ba) c.add   a5, a4
core   0: 3 0x000000008000fe82 (0x97ba) x15 0x00000000800120dc
core   0: 0x000000008000fe84 (0xfe043703) ld      a4, -32(s0)
core   0: 3 0x000000008000fe84 (0xfe043703) x14 0x0000000080012071 mem 0x0000000080031f50
core   0: 0x000000008000fe88 (0xfcf76de3) bltu    a4, a5, pc - 38
core   0: 3 0x000000008000fe88 (0xfcf76de3)
core   0: 0x000000008000fe62 (0xfe043783) ld      a5, -32(s0)
core   0: 3 0x000000008000fe62 (0xfe043783) x15 0x0000000080012071 mem 0x0000000080031f50
core   0: 0x000000008000fe66 (0x00178713) addi    a4, a5, 1
core   0: 3 0x000000008000fe66 (0x00178713) x14 0x0000000080012072
core   0: 0x000000008000fe6a (0xfee43023) sd      a4, -32(s0)
core   0: 3 0x000000008000fe6a (0xfee43023) mem 0x0000000080031f50 0x0000000080012072
core   0: 0x000000008000fe6e (0xfc442703) lw      a4, -60(s0)
core   0: 3 0x000000008000fe6e (0xfc442703) x14 0x0000000000000000 mem 0x0000000080031f34
core   0: 0x000000008000fe72 (0x0ff77713) andi    a4, a4, 255
core   0: 3 0x000000008000fe72 (0x0ff77713) x14 0x0000000000000000
core   0: 0x000000008000fe76 (0x00e78023) sb      a4, 0(a5)
core   0: 3 0x000000008000fe76 (0x00e78023) mem 0x0000000080012071 0x00
core   0: 0x000000008000fe7a (0xfc843703) ld      a4, -56(s0)
core   0: 3 0x000000008000fe7a (0xfc843703) x14 0x0000000080012040 mem 0x0000000080031f38
core   0: 0x000000008000fe7e (0xfb843783) ld      a5, -72(s0)
core   0: 3 0x000000008000fe7e (0xfb843783) x15 0x000000000000009c mem 0x0000000080031f28
core   0: 0x000000008000fe82 (0x000097ba) c.add   a5, a4
core   0: 3 0x000000008000fe82 (0x97ba) x15 0x00000000800120dc
core   0: 0x000000008000fe84 (0xfe043703) ld      a4, -32(s0)
core   0: 3 0x000000008000fe84 (0xfe043703) x14 0x0000000080012072 mem 0x0000000080031f50
core   0: 0x000000008000fe88 (0xfcf76de3) bltu    a4, a5, pc - 38
core   0: 3 0x000000008000fe88 (0xfcf76de3)
core   0: 0x000000008000fe62 (0xfe043783) ld      a5, -32(s0)
core   0: 3 0x000000008000fe62 (0xfe043783) x15 0x0000000080012072 mem 0x0000000080031f50
core   0: 0x000000008000fe66 (0x00178713) addi    a4, a5, 1
core   0: 3 0x000000008000fe66 (0x00178713) x14 0x0000000080012073
core   0: 0x000000008000fe6a (0xfee43023) sd      a4, -32(s0)
core   0: 3 0x000000008000fe6a (0xfee43023) mem 0x0000000080031f50 0x0000000080012073
core   0: 0x000000008000fe6e (0xfc442703) lw      a4, -60(s0)
core   0: 3 0x000000008000fe6e (0xfc442703) x14 0x0000000000000000 mem 0x0000000080031f34
core   0: 0x000000008000fe72 (0x0ff77713) andi    a4, a4, 255
core   0: 3 0x000000008000fe72 (0x0ff77713) x14 0x0000000000000000
core   0: 0x000000008000fe76 (0x00e78023) sb      a4, 0(a5)
core   0: 3 0x000000008000fe76 (0x00e78023) mem 0x0000000080012072 0x00
core   0: 0x000000008000fe7a (0xfc843703) ld      a4, -56(s0)
core   0: 3 0x000000008000fe7a (0xfc843703) x14 0x0000000080012040 mem 0x0000000080031f38
core   0: 0x000000008000fe7e (0xfb843783) ld      a5, -72(s0)
core   0: 3 0x000000008000fe7e (0xfb843783) x15 0x000000000000009c mem 0x0000000080031f28
core   0: 0x000000008000fe82 (0x000097ba) c.add   a5, a4
core   0: 3 0x000000008000fe82 (0x97ba) x15 0x00000000800120dc
core   0: 0x000000008000fe84 (0xfe043703) ld      a4, -32(s0)
core   0: 3 0x000000008000fe84 (0xfe043703) x14 0x0000000080012073 mem 0x0000000080031f50
core   0: 0x000000008000fe88 (0xfcf76de3) bltu    a4, a5, pc - 38
core   0: 3 0x000000008000fe88 (0xfcf76de3)
core   0: 0x000000008000fe62 (0xfe043783) ld      a5, -32(s0)
core   0: 3 0x000000008000fe62 (0xfe043783) x15 0x0000000080012073 mem 0x0000000080031f50
core   0: 0x000000008000fe66 (0x00178713) addi    a4, a5, 1
core   0: 3 0x000000008000fe66 (0x00178713) x14 0x0000000080012074
core   0: 0x000000008000fe6a (0xfee43023) sd      a4, -32(s0)
core   0: 3 0x000000008000fe6a (0xfee43023) mem 0x0000000080031f50 0x0000000080012074
core   0: 0x000000008000fe6e (0xfc442703) lw      a4, -60(s0)
core   0: 3 0x000000008000fe6e (0xfc442703) x14 0x0000000000000000 mem 0x0000000080031f34
core   0: 0x000000008000fe72 (0x0ff77713) andi    a4, a4, 255
core   0: 3 0x000000008000fe72 (0x0ff77713) x14 0x0000000000000000
core   0: 0x000000008000fe76 (0x00e78023) sb      a4, 0(a5)
core   0: 3 0x000000008000fe76 (0x00e78023) mem 0x0000000080012073 0x00
core   0: 0x000000008000fe7a (0xfc843703) ld      a4, -56(s0)
core   0: 3 0x000000008000fe7a (0xfc843703) x14 0x0000000080012040 mem 0x0000000080031f38
core   0: 0x000000008000fe7e (0xfb843783) ld      a5, -72(s0)
core   0: 3 0x000000008000fe7e (0xfb843783) x15 0x000000000000009c mem 0x0000000080031f28
core   0: 0x000000008000fe82 (0x000097ba) c.add   a5, a4
core   0: 3 0x000000008000fe82 (0x97ba) x15 0x00000000800120dc
core   0: 0x000000008000fe84 (0xfe043703) ld      a4, -32(s0)
core   0: 3 0x000000008000fe84 (0xfe043703) x14 0x0000000080012074 mem 0x0000000080031f50
core   0: 0x000000008000fe88 (0xfcf76de3) bltu    a4, a5, pc - 38
core   0: 3 0x000000008000fe88 (0xfcf76de3)
core   0: 0x000000008000fe62 (0xfe043783) ld      a5, -32(s0)
core   0: 3 0x000000008000fe62 (0xfe043783) x15 0x0000000080012074 mem 0x0000000080031f50
core   0: 0x000000008000fe66 (0x00178713) addi    a4, a5, 1
core   0: 3 0x000000008000fe66 (0x00178713) x14 0x0000000080012075
core   0: 0x000000008000fe6a (0xfee43023) sd      a4, -32(s0)
core   0: 3 0x000000008000fe6a (0xfee43023) mem 0x0000000080031f50 0x0000000080012075
core   0: 0x000000008000fe6e (0xfc442703) lw      a4, -60(s0)
core   0: 3 0x000000008000fe6e (0xfc442703) x14 0x0000000000000000 mem 0x0000000080031f34
core   0: 0x000000008000fe72 (0x0ff77713) andi    a4, a4, 255
core   0: 3 0x000000008000fe72 (0x0ff77713) x14 0x0000000000000000
core   0: 0x000000008000fe76 (0x00e78023) sb      a4, 0(a5)
core   0: 3 0x000000008000fe76 (0x00e78023) mem 0x0000000080012074 0x00
core   0: 0x000000008000fe7a (0xfc843703) ld      a4, -56(s0)
core   0: 3 0x000000008000fe7a (0xfc843703) x14 0x0000000080012040 mem 0x0000000080031f38
core   0: 0x000000008000fe7e (0xfb843783) ld      a5, -72(s0)
core   0: 3 0x000000008000fe7e (0xfb843783) x15 0x000000000000009c mem 0x0000000080031f28
core   0: 0x000000008000fe82 (0x000097ba) c.add   a5, a4
core   0: 3 0x000000008000fe82 (0x97ba) x15 0x00000000800120dc
core   0: 0x000000008000fe84 (0xfe043703) ld      a4, -32(s0)
core   0: 3 0x000000008000fe84 (0xfe043703) x14 0x0000000080012075 mem 0x0000000080031f50
core   0: 0x000000008000fe88 (0xfcf76de3) bltu    a4, a5, pc - 38
core   0: 3 0x000000008000fe88 (0xfcf76de3)
core   0: 0x000000008000fe62 (0xfe043783) ld      a5, -32(s0)
core   0: 3 0x000000008000fe62 (0xfe043783) x15 0x0000000080012075 mem 0x0000000080031f50
core   0: 0x000000008000fe66 (0x00178713) addi    a4, a5, 1
core   0: 3 0x000000008000fe66 (0x00178713) x14 0x0000000080012076
core   0: 0x000000008000fe6a (0xfee43023) sd      a4, -32(s0)
core   0: 3 0x000000008000fe6a (0xfee43023) mem 0x0000000080031f50 0x0000000080012076
core   0: 0x000000008000fe6e (0xfc442703) lw      a4, -60(s0)
core   0: 3 0x000000008000fe6e (0xfc442703) x14 0x0000000000000000 mem 0x0000000080031f34
core   0: 0x000000008000fe72 (0x0ff77713) andi    a4, a4, 255
core   0: 3 0x000000008000fe72 (0x0ff77713) x14 0x0000000000000000
core   0: 0x000000008000fe76 (0x00e78023) sb      a4, 0(a5)
core   0: 3 0x000000008000fe76 (0x00e78023) mem 0x0000000080012075 0x00
core   0: 0x000000008000fe7a (0xfc843703) ld      a4, -56(s0)
core   0: 3 0x000000008000fe7a (0xfc843703) x14 0x0000000080012040 mem 0x0000000080031f38
core   0: 0x000000008000fe7e (0xfb843783) ld      a5, -72(s0)
core   0: 3 0x000000008000fe7e (0xfb843783) x15 0x000000000000009c mem 0x0000000080031f28
core   0: 0x000000008000fe82 (0x000097ba) c.add   a5, a4
core   0: 3 0x000000008000fe82 (0x97ba) x15 0x00000000800120dc
core   0: 0x000000008000fe84 (0xfe043703) ld      a4, -32(s0)
core   0: 3 0x000000008000fe84 (0xfe043703) x14 0x0000000080012076 mem 0x0000000080031f50
core   0: 0x000000008000fe88 (0xfcf76de3) bltu    a4, a5, pc - 38
core   0: 3 0x000000008000fe88 (0xfcf76de3)
core   0: 0x000000008000fe62 (0xfe043783) ld      a5, -32(s0)
core   0: 3 0x000000008000fe62 (0xfe043783) x15 0x0000000080012076 mem 0x0000000080031f50
core   0: 0x000000008000fe66 (0x00178713) addi    a4, a5, 1
core   0: 3 0x000000008000fe66 (0x00178713) x14 0x0000000080012077
core   0: 0x000000008000fe6a (0xfee43023) sd      a4, -32(s0)
core   0: 3 0x000000008000fe6a (0xfee43023) mem 0x0000000080031f50 0x0000000080012077
core   0: 0x000000008000fe6e (0xfc442703) lw      a4, -60(s0)
core   0: 3 0x000000008000fe6e (0xfc442703) x14 0x0000000000000000 mem 0x0000000080031f34
core   0: 0x000000008000fe72 (0x0ff77713) andi    a4, a4, 255
core   0: 3 0x000000008000fe72 (0x0ff77713) x14 0x0000000000000000
core   0: 0x000000008000fe76 (0x00e78023) sb      a4, 0(a5)
core   0: 3 0x000000008000fe76 (0x00e78023) mem 0x0000000080012076 0x00
core   0: 0x000000008000fe7a (0xfc843703) ld      a4, -56(s0)
core   0: 3 0x000000008000fe7a (0xfc843703) x14 0x0000000080012040 mem 0x0000000080031f38
core   0: 0x000000008000fe7e (0xfb843783) ld      a5, -72(s0)
core   0: 3 0x000000008000fe7e (0xfb843783) x15 0x000000000000009c mem 0x0000000080031f28
core   0: 0x000000008000fe82 (0x000097ba) c.add   a5, a4
core   0: 3 0x000000008000fe82 (0x97ba) x15 0x00000000800120dc
core   0: 0x000000008000fe84 (0xfe043703) ld      a4, -32(s0)
core   0: 3 0x000000008000fe84 (0xfe043703) x14 0x0000000080012077 mem 0x0000000080031f50
core   0: 0x000000008000fe88 (0xfcf76de3) bltu    a4, a5, pc - 38
core   0: 3 0x000000008000fe88 (0xfcf76de3)
core   0: 0x000000008000fe62 (0xfe043783) ld      a5, -32(s0)
core   0: 3 0x000000008000fe62 (0xfe043783) x15 0x0000000080012077 mem 0x0000000080031f50
core   0: 0x000000008000fe66 (0x00178713) addi    a4, a5, 1
core   0: 3 0x000000008000fe66 (0x00178713) x14 0x0000000080012078
core   0: 0x000000008000fe6a (0xfee43023) sd      a4, -32(s0)
core   0: 3 0x000000008000fe6a (0xfee43023) mem 0x0000000080031f50 0x0000000080012078
core   0: 0x000000008000fe6e (0xfc442703) lw      a4, -60(s0)
core   0: 3 0x000000008000fe6e (0xfc442703) x14 0x0000000000000000 mem 0x0000000080031f34
core   0: 0x000000008000fe72 (0x0ff77713) andi    a4, a4, 255
core   0: 3 0x000000008000fe72 (0x0ff77713) x14 0x0000000000000000
core   0: 0x000000008000fe76 (0x00e78023) sb      a4, 0(a5)
core   0: 3 0x000000008000fe76 (0x00e78023) mem 0x0000000080012077 0x00
core   0: 0x000000008000fe7a (0xfc843703) ld      a4, -56(s0)
core   0: 3 0x000000008000fe7a (0xfc843703) x14 0x0000000080012040 mem 0x0000000080031f38
core   0: 0x000000008000fe7e (0xfb843783) ld      a5, -72(s0)
core   0: 3 0x000000008000fe7e (0xfb843783) x15 0x000000000000009c mem 0x0000000080031f28
core   0: 0x000000008000fe82 (0x000097ba) c.add   a5, a4
core   0: 3 0x000000008000fe82 (0x97ba) x15 0x00000000800120dc
core   0: 0x000000008000fe84 (0xfe043703) ld      a4, -32(s0)
core   0: 3 0x000000008000fe84 (0xfe043703) x14 0x0000000080012078 mem 0x0000000080031f50
core   0: 0x000000008000fe88 (0xfcf76de3) bltu    a4, a5, pc - 38
core   0: 3 0x000000008000fe88 (0xfcf76de3)
core   0: 0x000000008000fe62 (0xfe043783) ld      a5, -32(s0)
core   0: 3 0x000000008000fe62 (0xfe043783) x15 0x0000000080012078 mem 0x0000000080031f50
core   0: 0x000000008000fe66 (0x00178713) addi    a4, a5, 1
core   0: 3 0x000000008000fe66 (0x00178713) x14 0x0000000080012079
core   0: 0x000000008000fe6a (0xfee43023) sd      a4, -32(s0)
core   0: 3 0x000000008000fe6a (0xfee43023) mem 0x0000000080031f50 0x0000000080012079
core   0: 0x000000008000fe6e (0xfc442703) lw      a4, -60(s0)
core   0: 3 0x000000008000fe6e (0xfc442703) x14 0x0000000000000000 mem 0x0000000080031f34
core   0: 0x000000008000fe72 (0x0ff77713) andi    a4, a4, 255
core   0: 3 0x000000008000fe72 (0x0ff77713) x14 0x0000000000000000
core   0: 0x000000008000fe76 (0x00e78023) sb      a4, 0(a5)
core   0: 3 0x000000008000fe76 (0x00e78023) mem 0x0000000080012078 0x00
core   0: 0x000000008000fe7a (0xfc843703) ld      a4, -56(s0)
core   0: 3 0x000000008000fe7a (0xfc843703) x14 0x0000000080012040 mem 0x0000000080031f38
core   0: 0x000000008000fe7e (0xfb843783) ld      a5, -72(s0)
core   0: 3 0x000000008000fe7e (0xfb843783) x15 0x000000000000009c mem 0x0000000080031f28
core   0: 0x000000008000fe82 (0x000097ba) c.add   a5, a4
core   0: 3 0x000000008000fe82 (0x97ba) x15 0x00000000800120dc
core   0: 0x000000008000fe84 (0xfe043703) ld      a4, -32(s0)
core   0: 3 0x000000008000fe84 (0xfe043703) x14 0x0000000080012079 mem 0x0000000080031f50
core   0: 0x000000008000fe88 (0xfcf76de3) bltu    a4, a5, pc - 38
core   0: 3 0x000000008000fe88 (0xfcf76de3)
core   0: 0x000000008000fe62 (0xfe043783) ld      a5, -32(s0)
core   0: 3 0x000000008000fe62 (0xfe043783) x15 0x0000000080012079 mem 0x0000000080031f50
core   0: 0x000000008000fe66 (0x00178713) addi    a4, a5, 1
core   0: 3 0x000000008000fe66 (0x00178713) x14 0x000000008001207a
core   0: 0x000000008000fe6a (0xfee43023) sd      a4, -32(s0)
core   0: 3 0x000000008000fe6a (0xfee43023) mem 0x0000000080031f50 0x000000008001207a
core   0: 0x000000008000fe6e (0xfc442703) lw      a4, -60(s0)
core   0: 3 0x000000008000fe6e (0xfc442703) x14 0x0000000000000000 mem 0x0000000080031f34
core   0: 0x000000008000fe72 (0x0ff77713) andi    a4, a4, 255
core   0: 3 0x000000008000fe72 (0x0ff77713) x14 0x0000000000000000
core   0: 0x000000008000fe76 (0x00e78023) sb      a4, 0(a5)
core   0: 3 0x000000008000fe76 (0x00e78023) mem 0x0000000080012079 0x00
core   0: 0x000000008000fe7a (0xfc843703) ld      a4, -56(s0)
core   0: 3 0x000000008000fe7a (0xfc843703) x14 0x0000000080012040 mem 0x0000000080031f38
core   0: 0x000000008000fe7e (0xfb843783) ld      a5, -72(s0)
core   0: 3 0x000000008000fe7e (0xfb843783) x15 0x000000000000009c mem 0x0000000080031f28
core   0: 0x000000008000fe82 (0x000097ba) c.add   a5, a4
core   0: 3 0x000000008000fe82 (0x97ba) x15 0x00000000800120dc
core   0: 0x000000008000fe84 (0xfe043703) ld      a4, -32(s0)
core   0: 3 0x000000008000fe84 (0xfe043703) x14 0x000000008001207a mem 0x0000000080031f50
core   0: 0x000000008000fe88 (0xfcf76de3) bltu    a4, a5, pc - 38
core   0: 3 0x000000008000fe88 (0xfcf76de3)
core   0: 0x000000008000fe62 (0xfe043783) ld      a5, -32(s0)
core   0: 3 0x000000008000fe62 (0xfe043783) x15 0x000000008001207a mem 0x0000000080031f50
core   0: 0x000000008000fe66 (0x00178713) addi    a4, a5, 1
core   0: 3 0x000000008000fe66 (0x00178713) x14 0x000000008001207b
core   0: 0x000000008000fe6a (0xfee43023) sd      a4, -32(s0)
core   0: 3 0x000000008000fe6a (0xfee43023) mem 0x0000000080031f50 0x000000008001207b
core   0: 0x000000008000fe6e (0xfc442703) lw      a4, -60(s0)
core   0: 3 0x000000008000fe6e (0xfc442703) x14 0x0000000000000000 mem 0x0000000080031f34
core   0: 0x000000008000fe72 (0x0ff77713) andi    a4, a4, 255
core   0: 3 0x000000008000fe72 (0x0ff77713) x14 0x0000000000000000
core   0: 0x000000008000fe76 (0x00e78023) sb      a4, 0(a5)
core   0: 3 0x000000008000fe76 (0x00e78023) mem 0x000000008001207a 0x00
core   0: 0x000000008000fe7a (0xfc843703) ld      a4, -56(s0)
core   0: 3 0x000000008000fe7a (0xfc843703) x14 0x0000000080012040 mem 0x0000000080031f38
core   0: 0x000000008000fe7e (0xfb843783) ld      a5, -72(s0)
core   0: 3 0x000000008000fe7e (0xfb843783) x15 0x000000000000009c mem 0x0000000080031f28
core   0: 0x000000008000fe82 (0x000097ba) c.add   a5, a4
core   0: 3 0x000000008000fe82 (0x97ba) x15 0x00000000800120dc
core   0: 0x000000008000fe84 (0xfe043703) ld      a4, -32(s0)
core   0: 3 0x000000008000fe84 (0xfe043703) x14 0x000000008001207b mem 0x0000000080031f50
core   0: 0x000000008000fe88 (0xfcf76de3) bltu    a4, a5, pc - 38
core   0: 3 0x000000008000fe88 (0xfcf76de3)
core   0: 0x000000008000fe62 (0xfe043783) ld      a5, -32(s0)
core   0: 3 0x000000008000fe62 (0xfe043783) x15 0x000000008001207b mem 0x0000000080031f50
core   0: 0x000000008000fe66 (0x00178713) addi    a4, a5, 1
core   0: 3 0x000000008000fe66 (0x00178713) x14 0x000000008001207c
core   0: 0x000000008000fe6a (0xfee43023) sd      a4, -32(s0)
core   0: 3 0x000000008000fe6a (0xfee43023) mem 0x0000000080031f50 0x000000008001207c
core   0: 0x000000008000fe6e (0xfc442703) lw      a4, -60(s0)
core   0: 3 0x000000008000fe6e (0xfc442703) x14 0x0000000000000000 mem 0x0000000080031f34
core   0: 0x000000008000fe72 (0x0ff77713) andi    a4, a4, 255
core   0: 3 0x000000008000fe72 (0x0ff77713) x14 0x0000000000000000
core   0: 0x000000008000fe76 (0x00e78023) sb      a4, 0(a5)
core   0: 3 0x000000008000fe76 (0x00e78023) mem 0x000000008001207b 0x00
core   0: 0x000000008000fe7a (0xfc843703) ld      a4, -56(s0)
core   0: 3 0x000000008000fe7a (0xfc843703) x14 0x0000000080012040 mem 0x0000000080031f38
core   0: 0x000000008000fe7e (0xfb843783) ld      a5, -72(s0)
core   0: 3 0x000000008000fe7e (0xfb843783) x15 0x000000000000009c mem 0x0000000080031f28
core   0: 0x000000008000fe82 (0x000097ba) c.add   a5, a4
core   0: 3 0x000000008000fe82 (0x97ba) x15 0x00000000800120dc
core   0: 0x000000008000fe84 (0xfe043703) ld      a4, -32(s0)
core   0: 3 0x000000008000fe84 (0xfe043703) x14 0x000000008001207c mem 0x0000000080031f50
core   0: 0x000000008000fe88 (0xfcf76de3) bltu    a4, a5, pc - 38
core   0: 3 0x000000008000fe88 (0xfcf76de3)
core   0: 0x000000008000fe62 (0xfe043783) ld      a5, -32(s0)
core   0: 3 0x000000008000fe62 (0xfe043783) x15 0x000000008001207c mem 0x0000000080031f50
core   0: 0x000000008000fe66 (0x00178713) addi    a4, a5, 1
core   0: 3 0x000000008000fe66 (0x00178713) x14 0x000000008001207d
core   0: 0x000000008000fe6a (0xfee43023) sd      a4, -32(s0)
core   0: 3 0x000000008000fe6a (0xfee43023) mem 0x0000000080031f50 0x000000008001207d
core   0: 0x000000008000fe6e (0xfc442703) lw      a4, -60(s0)
core   0: 3 0x000000008000fe6e (0xfc442703) x14 0x0000000000000000 mem 0x0000000080031f34
core   0: 0x000000008000fe72 (0x0ff77713) andi    a4, a4, 255
core   0: 3 0x000000008000fe72 (0x0ff77713) x14 0x0000000000000000
core   0: 0x000000008000fe76 (0x00e78023) sb      a4, 0(a5)
core   0: 3 0x000000008000fe76 (0x00e78023) mem 0x000000008001207c 0x00
core   0: 0x000000008000fe7a (0xfc843703) ld      a4, -56(s0)
core   0: 3 0x000000008000fe7a (0xfc843703) x14 0x0000000080012040 mem 0x0000000080031f38
core   0: 0x000000008000fe7e (0xfb843783) ld      a5, -72(s0)
core   0: 3 0x000000008000fe7e (0xfb843783) x15 0x000000000000009c mem 0x0000000080031f28
core   0: 0x000000008000fe82 (0x000097ba) c.add   a5, a4
core   0: 3 0x000000008000fe82 (0x97ba) x15 0x00000000800120dc
core   0: 0x000000008000fe84 (0xfe043703) ld      a4, -32(s0)
core   0: 3 0x000000008000fe84 (0xfe043703) x14 0x000000008001207d mem 0x0000000080031f50
core   0: 0x000000008000fe88 (0xfcf76de3) bltu    a4, a5, pc - 38
core   0: 3 0x000000008000fe88 (0xfcf76de3)
core   0: 0x000000008000fe62 (0xfe043783) ld      a5, -32(s0)
core   0: 3 0x000000008000fe62 (0xfe043783) x15 0x000000008001207d mem 0x0000000080031f50
core   0: 0x000000008000fe66 (0x00178713) addi    a4, a5, 1
core   0: 3 0x000000008000fe66 (0x00178713) x14 0x000000008001207e
core   0: 0x000000008000fe6a (0xfee43023) sd      a4, -32(s0)
core   0: 3 0x000000008000fe6a (0xfee43023) mem 0x0000000080031f50 0x000000008001207e
core   0: 0x000000008000fe6e (0xfc442703) lw      a4, -60(s0)
core   0: 3 0x000000008000fe6e (0xfc442703) x14 0x0000000000000000 mem 0x0000000080031f34
core   0: 0x000000008000fe72 (0x0ff77713) andi    a4, a4, 255
core   0: 3 0x000000008000fe72 (0x0ff77713) x14 0x0000000000000000
core   0: 0x000000008000fe76 (0x00e78023) sb      a4, 0(a5)
core   0: 3 0x000000008000fe76 (0x00e78023) mem 0x000000008001207d 0x00
core   0: 0x000000008000fe7a (0xfc843703) ld      a4, -56(s0)
core   0: 3 0x000000008000fe7a (0xfc843703) x14 0x0000000080012040 mem 0x0000000080031f38
core   0: 0x000000008000fe7e (0xfb843783) ld      a5, -72(s0)
core   0: 3 0x000000008000fe7e (0xfb843783) x15 0x000000000000009c mem 0x0000000080031f28
core   0: 0x000000008000fe82 (0x000097ba) c.add   a5, a4
core   0: 3 0x000000008000fe82 (0x97ba) x15 0x00000000800120dc
core   0: 0x000000008000fe84 (0xfe043703) ld      a4, -32(s0)
core   0: 3 0x000000008000fe84 (0xfe043703) x14 0x000000008001207e mem 0x0000000080031f50
core   0: 0x000000008000fe88 (0xfcf76de3) bltu    a4, a5, pc - 38
core   0: 3 0x000000008000fe88 (0xfcf76de3)
core   0: 0x000000008000fe62 (0xfe043783) ld      a5, -32(s0)
core   0: 3 0x000000008000fe62 (0xfe043783) x15 0x000000008001207e mem 0x0000000080031f50
core   0: 0x000000008000fe66 (0x00178713) addi    a4, a5, 1
core   0: 3 0x000000008000fe66 (0x00178713) x14 0x000000008001207f
core   0: 0x000000008000fe6a (0xfee43023) sd      a4, -32(s0)
core   0: 3 0x000000008000fe6a (0xfee43023) mem 0x0000000080031f50 0x000000008001207f
core   0: 0x000000008000fe6e (0xfc442703) lw      a4, -60(s0)
core   0: 3 0x000000008000fe6e (0xfc442703) x14 0x0000000000000000 mem 0x0000000080031f34
core   0: 0x000000008000fe72 (0x0ff77713) andi    a4, a4, 255
core   0: 3 0x000000008000fe72 (0x0ff77713) x14 0x0000000000000000
core   0: 0x000000008000fe76 (0x00e78023) sb      a4, 0(a5)
core   0: 3 0x000000008000fe76 (0x00e78023) mem 0x000000008001207e 0x00
core   0: 0x000000008000fe7a (0xfc843703) ld      a4, -56(s0)
core   0: 3 0x000000008000fe7a (0xfc843703) x14 0x0000000080012040 mem 0x0000000080031f38
core   0: 0x000000008000fe7e (0xfb843783) ld      a5, -72(s0)
core   0: 3 0x000000008000fe7e (0xfb843783) x15 0x000000000000009c mem 0x0000000080031f28
core   0: 0x000000008000fe82 (0x000097ba) c.add   a5, a4
core   0: 3 0x000000008000fe82 (0x97ba) x15 0x00000000800120dc
core   0: 0x000000008000fe84 (0xfe043703) ld      a4, -32(s0)
core   0: 3 0x000000008000fe84 (0xfe043703) x14 0x000000008001207f mem 0x0000000080031f50
core   0: 0x000000008000fe88 (0xfcf76de3) bltu    a4, a5, pc - 38
core   0: 3 0x000000008000fe88 (0xfcf76de3)
core   0: 0x000000008000fe62 (0xfe043783) ld      a5, -32(s0)
core   0: 3 0x000000008000fe62 (0xfe043783) x15 0x000000008001207f mem 0x0000000080031f50
core   0: 0x000000008000fe66 (0x00178713) addi    a4, a5, 1
core   0: 3 0x000000008000fe66 (0x00178713) x14 0x0000000080012080
core   0: 0x000000008000fe6a (0xfee43023) sd      a4, -32(s0)
core   0: 3 0x000000008000fe6a (0xfee43023) mem 0x0000000080031f50 0x0000000080012080
core   0: 0x000000008000fe6e (0xfc442703) lw      a4, -60(s0)
core   0: 3 0x000000008000fe6e (0xfc442703) x14 0x0000000000000000 mem 0x0000000080031f34
core   0: 0x000000008000fe72 (0x0ff77713) andi    a4, a4, 255
core   0: 3 0x000000008000fe72 (0x0ff77713) x14 0x0000000000000000
core   0: 0x000000008000fe76 (0x00e78023) sb      a4, 0(a5)
core   0: 3 0x000000008000fe76 (0x00e78023) mem 0x000000008001207f 0x00
core   0: 0x000000008000fe7a (0xfc843703) ld      a4, -56(s0)
core   0: 3 0x000000008000fe7a (0xfc843703) x14 0x0000000080012040 mem 0x0000000080031f38
core   0: 0x000000008000fe7e (0xfb843783) ld      a5, -72(s0)
core   0: 3 0x000000008000fe7e (0xfb843783) x15 0x000000000000009c mem 0x0000000080031f28
core   0: 0x000000008000fe82 (0x000097ba) c.add   a5, a4
core   0: 3 0x000000008000fe82 (0x97ba) x15 0x00000000800120dc
core   0: 0x000000008000fe84 (0xfe043703) ld      a4, -32(s0)
core   0: 3 0x000000008000fe84 (0xfe043703) x14 0x0000000080012080 mem 0x0000000080031f50
core   0: 0x000000008000fe88 (0xfcf76de3) bltu    a4, a5, pc - 38
core   0: 3 0x000000008000fe88 (0xfcf76de3)
core   0: 0x000000008000fe62 (0xfe043783) ld      a5, -32(s0)
core   0: 3 0x000000008000fe62 (0xfe043783) x15 0x0000000080012080 mem 0x0000000080031f50
core   0: 0x000000008000fe66 (0x00178713) addi    a4, a5, 1
core   0: 3 0x000000008000fe66 (0x00178713) x14 0x0000000080012081
core   0: 0x000000008000fe6a (0xfee43023) sd      a4, -32(s0)
core   0: 3 0x000000008000fe6a (0xfee43023) mem 0x0000000080031f50 0x0000000080012081
core   0: 0x000000008000fe6e (0xfc442703) lw      a4, -60(s0)
core   0: 3 0x000000008000fe6e (0xfc442703) x14 0x0000000000000000 mem 0x0000000080031f34
core   0: 0x000000008000fe72 (0x0ff77713) andi    a4, a4, 255
core   0: 3 0x000000008000fe72 (0x0ff77713) x14 0x0000000000000000
core   0: 0x000000008000fe76 (0x00e78023) sb      a4, 0(a5)
core   0: 3 0x000000008000fe76 (0x00e78023) mem 0x0000000080012080 0x00
core   0: 0x000000008000fe7a (0xfc843703) ld      a4, -56(s0)
core   0: 3 0x000000008000fe7a (0xfc843703) x14 0x0000000080012040 mem 0x0000000080031f38
core   0: 0x000000008000fe7e (0xfb843783) ld      a5, -72(s0)
core   0: 3 0x000000008000fe7e (0xfb843783) x15 0x000000000000009c mem 0x0000000080031f28
core   0: 0x000000008000fe82 (0x000097ba) c.add   a5, a4
core   0: 3 0x000000008000fe82 (0x97ba) x15 0x00000000800120dc
core   0: 0x000000008000fe84 (0xfe043703) ld      a4, -32(s0)
core   0: 3 0x000000008000fe84 (0xfe043703) x14 0x0000000080012081 mem 0x0000000080031f50
core   0: 0x000000008000fe88 (0xfcf76de3) bltu    a4, a5, pc - 38
core   0: 3 0x000000008000fe88 (0xfcf76de3)
core   0: 0x000000008000fe62 (0xfe043783) ld      a5, -32(s0)
core   0: 3 0x000000008000fe62 (0xfe043783) x15 0x0000000080012081 mem 0x0000000080031f50
core   0: 0x000000008000fe66 (0x00178713) addi    a4, a5, 1
core   0: 3 0x000000008000fe66 (0x00178713) x14 0x0000000080012082
core   0: 0x000000008000fe6a (0xfee43023) sd      a4, -32(s0)
core   0: 3 0x000000008000fe6a (0xfee43023) mem 0x0000000080031f50 0x0000000080012082
core   0: 0x000000008000fe6e (0xfc442703) lw      a4, -60(s0)
core   0: 3 0x000000008000fe6e (0xfc442703) x14 0x0000000000000000 mem 0x0000000080031f34
core   0: 0x000000008000fe72 (0x0ff77713) andi    a4, a4, 255
core   0: 3 0x000000008000fe72 (0x0ff77713) x14 0x0000000000000000
core   0: 0x000000008000fe76 (0x00e78023) sb      a4, 0(a5)
core   0: 3 0x000000008000fe76 (0x00e78023) mem 0x0000000080012081 0x00
core   0: 0x000000008000fe7a (0xfc843703) ld      a4, -56(s0)
core   0: 3 0x000000008000fe7a (0xfc843703) x14 0x0000000080012040 mem 0x0000000080031f38
core   0: 0x000000008000fe7e (0xfb843783) ld      a5, -72(s0)
core   0: 3 0x000000008000fe7e (0xfb843783) x15 0x000000000000009c mem 0x0000000080031f28
core   0: 0x000000008000fe82 (0x000097ba) c.add   a5, a4
core   0: 3 0x000000008000fe82 (0x97ba) x15 0x00000000800120dc
core   0: 0x000000008000fe84 (0xfe043703) ld      a4, -32(s0)
core   0: 3 0x000000008000fe84 (0xfe043703) x14 0x0000000080012082 mem 0x0000000080031f50
core   0: 0x000000008000fe88 (0xfcf76de3) bltu    a4, a5, pc - 38
core   0: 3 0x000000008000fe88 (0xfcf76de3)
core   0: 0x000000008000fe62 (0xfe043783) ld      a5, -32(s0)
core   0: 3 0x000000008000fe62 (0xfe043783) x15 0x0000000080012082 mem 0x0000000080031f50
core   0: 0x000000008000fe66 (0x00178713) addi    a4, a5, 1
core   0: 3 0x000000008000fe66 (0x00178713) x14 0x0000000080012083
core   0: 0x000000008000fe6a (0xfee43023) sd      a4, -32(s0)
core   0: 3 0x000000008000fe6a (0xfee43023) mem 0x0000000080031f50 0x0000000080012083
core   0: 0x000000008000fe6e (0xfc442703) lw      a4, -60(s0)
core   0: 3 0x000000008000fe6e (0xfc442703) x14 0x0000000000000000 mem 0x0000000080031f34
core   0: 0x000000008000fe72 (0x0ff77713) andi    a4, a4, 255
core   0: 3 0x000000008000fe72 (0x0ff77713) x14 0x0000000000000000
core   0: 0x000000008000fe76 (0x00e78023) sb      a4, 0(a5)
core   0: 3 0x000000008000fe76 (0x00e78023) mem 0x0000000080012082 0x00
core   0: 0x000000008000fe7a (0xfc843703) ld      a4, -56(s0)
core   0: 3 0x000000008000fe7a (0xfc843703) x14 0x0000000080012040 mem 0x0000000080031f38
core   0: 0x000000008000fe7e (0xfb843783) ld      a5, -72(s0)
core   0: 3 0x000000008000fe7e (0xfb843783) x15 0x000000000000009c mem 0x0000000080031f28
core   0: 0x000000008000fe82 (0x000097ba) c.add   a5, a4
core   0: 3 0x000000008000fe82 (0x97ba) x15 0x00000000800120dc
core   0: 0x000000008000fe84 (0xfe043703) ld      a4, -32(s0)
core   0: 3 0x000000008000fe84 (0xfe043703) x14 0x0000000080012083 mem 0x0000000080031f50
core   0: 0x000000008000fe88 (0xfcf76de3) bltu    a4, a5, pc - 38
core   0: 3 0x000000008000fe88 (0xfcf76de3)
core   0: 0x000000008000fe62 (0xfe043783) ld      a5, -32(s0)
core   0: 3 0x000000008000fe62 (0xfe043783) x15 0x0000000080012083 mem 0x0000000080031f50
core   0: 0x000000008000fe66 (0x00178713) addi    a4, a5, 1
core   0: 3 0x000000008000fe66 (0x00178713) x14 0x0000000080012084
core   0: 0x000000008000fe6a (0xfee43023) sd      a4, -32(s0)
core   0: 3 0x000000008000fe6a (0xfee43023) mem 0x0000000080031f50 0x0000000080012084
core   0: 0x000000008000fe6e (0xfc442703) lw      a4, -60(s0)
core   0: 3 0x000000008000fe6e (0xfc442703) x14 0x0000000000000000 mem 0x0000000080031f34
core   0: 0x000000008000fe72 (0x0ff77713) andi    a4, a4, 255
core   0: 3 0x000000008000fe72 (0x0ff77713) x14 0x0000000000000000
core   0: 0x000000008000fe76 (0x00e78023) sb      a4, 0(a5)
core   0: 3 0x000000008000fe76 (0x00e78023) mem 0x0000000080012083 0x00
core   0: 0x000000008000fe7a (0xfc843703) ld      a4, -56(s0)
core   0: 3 0x000000008000fe7a (0xfc843703) x14 0x0000000080012040 mem 0x0000000080031f38
core   0: 0x000000008000fe7e (0xfb843783) ld      a5, -72(s0)
core   0: 3 0x000000008000fe7e (0xfb843783) x15 0x000000000000009c mem 0x0000000080031f28
core   0: 0x000000008000fe82 (0x000097ba) c.add   a5, a4
core   0: 3 0x000000008000fe82 (0x97ba) x15 0x00000000800120dc
core   0: 0x000000008000fe84 (0xfe043703) ld      a4, -32(s0)
core   0: 3 0x000000008000fe84 (0xfe043703) x14 0x0000000080012084 mem 0x0000000080031f50
core   0: 0x000000008000fe88 (0xfcf76de3) bltu    a4, a5, pc - 38
core   0: 3 0x000000008000fe88 (0xfcf76de3)
core   0: 0x000000008000fe62 (0xfe043783) ld      a5, -32(s0)
core   0: 3 0x000000008000fe62 (0xfe043783) x15 0x0000000080012084 mem 0x0000000080031f50
core   0: 0x000000008000fe66 (0x00178713) addi    a4, a5, 1
core   0: 3 0x000000008000fe66 (0x00178713) x14 0x0000000080012085
core   0: 0x000000008000fe6a (0xfee43023) sd      a4, -32(s0)
core   0: 3 0x000000008000fe6a (0xfee43023) mem 0x0000000080031f50 0x0000000080012085
core   0: 0x000000008000fe6e (0xfc442703) lw      a4, -60(s0)
core   0: 3 0x000000008000fe6e (0xfc442703) x14 0x0000000000000000 mem 0x0000000080031f34
core   0: 0x000000008000fe72 (0x0ff77713) andi    a4, a4, 255
core   0: 3 0x000000008000fe72 (0x0ff77713) x14 0x0000000000000000
core   0: 0x000000008000fe76 (0x00e78023) sb      a4, 0(a5)
core   0: 3 0x000000008000fe76 (0x00e78023) mem 0x0000000080012084 0x00
core   0: 0x000000008000fe7a (0xfc843703) ld      a4, -56(s0)
core   0: 3 0x000000008000fe7a (0xfc843703) x14 0x0000000080012040 mem 0x0000000080031f38
core   0: 0x000000008000fe7e (0xfb843783) ld      a5, -72(s0)
core   0: 3 0x000000008000fe7e (0xfb843783) x15 0x000000000000009c mem 0x0000000080031f28
core   0: 0x000000008000fe82 (0x000097ba) c.add   a5, a4
core   0: 3 0x000000008000fe82 (0x97ba) x15 0x00000000800120dc
core   0: 0x000000008000fe84 (0xfe043703) ld      a4, -32(s0)
core   0: 3 0x000000008000fe84 (0xfe043703) x14 0x0000000080012085 mem 0x0000000080031f50
core   0: 0x000000008000fe88 (0xfcf76de3) bltu    a4, a5, pc - 38
core   0: 3 0x000000008000fe88 (0xfcf76de3)
core   0: 0x000000008000fe62 (0xfe043783) ld      a5, -32(s0)
core   0: 3 0x000000008000fe62 (0xfe043783) x15 0x0000000080012085 mem 0x0000000080031f50
core   0: 0x000000008000fe66 (0x00178713) addi    a4, a5, 1
core   0: 3 0x000000008000fe66 (0x00178713) x14 0x0000000080012086
core   0: 0x000000008000fe6a (0xfee43023) sd      a4, -32(s0)
core   0: 3 0x000000008000fe6a (0xfee43023) mem 0x0000000080031f50 0x0000000080012086
core   0: 0x000000008000fe6e (0xfc442703) lw      a4, -60(s0)
core   0: 3 0x000000008000fe6e (0xfc442703) x14 0x0000000000000000 mem 0x0000000080031f34
core   0: 0x000000008000fe72 (0x0ff77713) andi    a4, a4, 255
core   0: 3 0x000000008000fe72 (0x0ff77713) x14 0x0000000000000000
core   0: 0x000000008000fe76 (0x00e78023) sb      a4, 0(a5)
core   0: 3 0x000000008000fe76 (0x00e78023) mem 0x0000000080012085 0x00
core   0: 0x000000008000fe7a (0xfc843703) ld      a4, -56(s0)
core   0: 3 0x000000008000fe7a (0xfc843703) x14 0x0000000080012040 mem 0x0000000080031f38
core   0: 0x000000008000fe7e (0xfb843783) ld      a5, -72(s0)
core   0: 3 0x000000008000fe7e (0xfb843783) x15 0x000000000000009c mem 0x0000000080031f28
core   0: 0x000000008000fe82 (0x000097ba) c.add   a5, a4
core   0: 3 0x000000008000fe82 (0x97ba) x15 0x00000000800120dc
core   0: 0x000000008000fe84 (0xfe043703) ld      a4, -32(s0)
core   0: 3 0x000000008000fe84 (0xfe043703) x14 0x0000000080012086 mem 0x0000000080031f50
core   0: 0x000000008000fe88 (0xfcf76de3) bltu    a4, a5, pc - 38
core   0: 3 0x000000008000fe88 (0xfcf76de3)
core   0: 0x000000008000fe62 (0xfe043783) ld      a5, -32(s0)
core   0: 3 0x000000008000fe62 (0xfe043783) x15 0x0000000080012086 mem 0x0000000080031f50
core   0: 0x000000008000fe66 (0x00178713) addi    a4, a5, 1
core   0: 3 0x000000008000fe66 (0x00178713) x14 0x0000000080012087
core   0: 0x000000008000fe6a (0xfee43023) sd      a4, -32(s0)
core   0: 3 0x000000008000fe6a (0xfee43023) mem 0x0000000080031f50 0x0000000080012087
core   0: 0x000000008000fe6e (0xfc442703) lw      a4, -60(s0)
core   0: 3 0x000000008000fe6e (0xfc442703) x14 0x0000000000000000 mem 0x0000000080031f34
core   0: 0x000000008000fe72 (0x0ff77713) andi    a4, a4, 255
core   0: 3 0x000000008000fe72 (0x0ff77713) x14 0x0000000000000000
core   0: 0x000000008000fe76 (0x00e78023) sb      a4, 0(a5)
core   0: 3 0x000000008000fe76 (0x00e78023) mem 0x0000000080012086 0x00
core   0: 0x000000008000fe7a (0xfc843703) ld      a4, -56(s0)
core   0: 3 0x000000008000fe7a (0xfc843703) x14 0x0000000080012040 mem 0x0000000080031f38
core   0: 0x000000008000fe7e (0xfb843783) ld      a5, -72(s0)
core   0: 3 0x000000008000fe7e (0xfb843783) x15 0x000000000000009c mem 0x0000000080031f28
core   0: 0x000000008000fe82 (0x000097ba) c.add   a5, a4
core   0: 3 0x000000008000fe82 (0x97ba) x15 0x00000000800120dc
core   0: 0x000000008000fe84 (0xfe043703) ld      a4, -32(s0)
core   0: 3 0x000000008000fe84 (0xfe043703) x14 0x0000000080012087 mem 0x0000000080031f50
core   0: 0x000000008000fe88 (0xfcf76de3) bltu    a4, a5, pc - 38
core   0: 3 0x000000008000fe88 (0xfcf76de3)
core   0: 0x000000008000fe62 (0xfe043783) ld      a5, -32(s0)
core   0: 3 0x000000008000fe62 (0xfe043783) x15 0x0000000080012087 mem 0x0000000080031f50
core   0: 0x000000008000fe66 (0x00178713) addi    a4, a5, 1
core   0: 3 0x000000008000fe66 (0x00178713) x14 0x0000000080012088
core   0: 0x000000008000fe6a (0xfee43023) sd      a4, -32(s0)
core   0: 3 0x000000008000fe6a (0xfee43023) mem 0x0000000080031f50 0x0000000080012088
core   0: 0x000000008000fe6e (0xfc442703) lw      a4, -60(s0)
core   0: 3 0x000000008000fe6e (0xfc442703) x14 0x0000000000000000 mem 0x0000000080031f34
core   0: 0x000000008000fe72 (0x0ff77713) andi    a4, a4, 255
core   0: 3 0x000000008000fe72 (0x0ff77713) x14 0x0000000000000000
core   0: 0x000000008000fe76 (0x00e78023) sb      a4, 0(a5)
core   0: 3 0x000000008000fe76 (0x00e78023) mem 0x0000000080012087 0x00
core   0: 0x000000008000fe7a (0xfc843703) ld      a4, -56(s0)
core   0: 3 0x000000008000fe7a (0xfc843703) x14 0x0000000080012040 mem 0x0000000080031f38
core   0: 0x000000008000fe7e (0xfb843783) ld      a5, -72(s0)
core   0: 3 0x000000008000fe7e (0xfb843783) x15 0x000000000000009c mem 0x0000000080031f28
core   0: 0x000000008000fe82 (0x000097ba) c.add   a5, a4
core   0: 3 0x000000008000fe82 (0x97ba) x15 0x00000000800120dc
core   0: 0x000000008000fe84 (0xfe043703) ld      a4, -32(s0)
core   0: 3 0x000000008000fe84 (0xfe043703) x14 0x0000000080012088 mem 0x0000000080031f50
core   0: 0x000000008000fe88 (0xfcf76de3) bltu    a4, a5, pc - 38
core   0: 3 0x000000008000fe88 (0xfcf76de3)
core   0: 0x000000008000fe62 (0xfe043783) ld      a5, -32(s0)
core   0: 3 0x000000008000fe62 (0xfe043783) x15 0x0000000080012088 mem 0x0000000080031f50
core   0: 0x000000008000fe66 (0x00178713) addi    a4, a5, 1
core   0: 3 0x000000008000fe66 (0x00178713) x14 0x0000000080012089
core   0: 0x000000008000fe6a (0xfee43023) sd      a4, -32(s0)
core   0: 3 0x000000008000fe6a (0xfee43023) mem 0x0000000080031f50 0x0000000080012089
core   0: 0x000000008000fe6e (0xfc442703) lw      a4, -60(s0)
core   0: 3 0x000000008000fe6e (0xfc442703) x14 0x0000000000000000 mem 0x0000000080031f34
core   0: 0x000000008000fe72 (0x0ff77713) andi    a4, a4, 255
core   0: 3 0x000000008000fe72 (0x0ff77713) x14 0x0000000000000000
core   0: 0x000000008000fe76 (0x00e78023) sb      a4, 0(a5)
core   0: 3 0x000000008000fe76 (0x00e78023) mem 0x0000000080012088 0x00
core   0: 0x000000008000fe7a (0xfc843703) ld      a4, -56(s0)
core   0: 3 0x000000008000fe7a (0xfc843703) x14 0x0000000080012040 mem 0x0000000080031f38
core   0: 0x000000008000fe7e (0xfb843783) ld      a5, -72(s0)
core   0: 3 0x000000008000fe7e (0xfb843783) x15 0x000000000000009c mem 0x0000000080031f28
core   0: 0x000000008000fe82 (0x000097ba) c.add   a5, a4
core   0: 3 0x000000008000fe82 (0x97ba) x15 0x00000000800120dc
core   0: 0x000000008000fe84 (0xfe043703) ld      a4, -32(s0)
core   0: 3 0x000000008000fe84 (0xfe043703) x14 0x0000000080012089 mem 0x0000000080031f50
core   0: 0x000000008000fe88 (0xfcf76de3) bltu    a4, a5, pc - 38
core   0: 3 0x000000008000fe88 (0xfcf76de3)
core   0: 0x000000008000fe62 (0xfe043783) ld      a5, -32(s0)
core   0: 3 0x000000008000fe62 (0xfe043783) x15 0x0000000080012089 mem 0x0000000080031f50
core   0: 0x000000008000fe66 (0x00178713) addi    a4, a5, 1
core   0: 3 0x000000008000fe66 (0x00178713) x14 0x000000008001208a
core   0: 0x000000008000fe6a (0xfee43023) sd      a4, -32(s0)
core   0: 3 0x000000008000fe6a (0xfee43023) mem 0x0000000080031f50 0x000000008001208a
core   0: 0x000000008000fe6e (0xfc442703) lw      a4, -60(s0)
core   0: 3 0x000000008000fe6e (0xfc442703) x14 0x0000000000000000 mem 0x0000000080031f34
core   0: 0x000000008000fe72 (0x0ff77713) andi    a4, a4, 255
core   0: 3 0x000000008000fe72 (0x0ff77713) x14 0x0000000000000000
core   0: 0x000000008000fe76 (0x00e78023) sb      a4, 0(a5)
core   0: 3 0x000000008000fe76 (0x00e78023) mem 0x0000000080012089 0x00
core   0: 0x000000008000fe7a (0xfc843703) ld      a4, -56(s0)
core   0: 3 0x000000008000fe7a (0xfc843703) x14 0x0000000080012040 mem 0x0000000080031f38
core   0: 0x000000008000fe7e (0xfb843783) ld      a5, -72(s0)
core   0: 3 0x000000008000fe7e (0xfb843783) x15 0x000000000000009c mem 0x0000000080031f28
core   0: 0x000000008000fe82 (0x000097ba) c.add   a5, a4
core   0: 3 0x000000008000fe82 (0x97ba) x15 0x00000000800120dc
core   0: 0x000000008000fe84 (0xfe043703) ld      a4, -32(s0)
core   0: 3 0x000000008000fe84 (0xfe043703) x14 0x000000008001208a mem 0x0000000080031f50
core   0: 0x000000008000fe88 (0xfcf76de3) bltu    a4, a5, pc - 38
core   0: 3 0x000000008000fe88 (0xfcf76de3)
core   0: 0x000000008000fe62 (0xfe043783) ld      a5, -32(s0)
core   0: 3 0x000000008000fe62 (0xfe043783) x15 0x000000008001208a mem 0x0000000080031f50
core   0: 0x000000008000fe66 (0x00178713) addi    a4, a5, 1
core   0: 3 0x000000008000fe66 (0x00178713) x14 0x000000008001208b
core   0: 0x000000008000fe6a (0xfee43023) sd      a4, -32(s0)
core   0: 3 0x000000008000fe6a (0xfee43023) mem 0x0000000080031f50 0x000000008001208b
core   0: 0x000000008000fe6e (0xfc442703) lw      a4, -60(s0)
core   0: 3 0x000000008000fe6e (0xfc442703) x14 0x0000000000000000 mem 0x0000000080031f34
core   0: 0x000000008000fe72 (0x0ff77713) andi    a4, a4, 255
core   0: 3 0x000000008000fe72 (0x0ff77713) x14 0x0000000000000000
core   0: 0x000000008000fe76 (0x00e78023) sb      a4, 0(a5)
core   0: 3 0x000000008000fe76 (0x00e78023) mem 0x000000008001208a 0x00
core   0: 0x000000008000fe7a (0xfc843703) ld      a4, -56(s0)
core   0: 3 0x000000008000fe7a (0xfc843703) x14 0x0000000080012040 mem 0x0000000080031f38
core   0: 0x000000008000fe7e (0xfb843783) ld      a5, -72(s0)
core   0: 3 0x000000008000fe7e (0xfb843783) x15 0x000000000000009c mem 0x0000000080031f28
core   0: 0x000000008000fe82 (0x000097ba) c.add   a5, a4
core   0: 3 0x000000008000fe82 (0x97ba) x15 0x00000000800120dc
core   0: 0x000000008000fe84 (0xfe043703) ld      a4, -32(s0)
core   0: 3 0x000000008000fe84 (0xfe043703) x14 0x000000008001208b mem 0x0000000080031f50
core   0: 0x000000008000fe88 (0xfcf76de3) bltu    a4, a5, pc - 38
core   0: 3 0x000000008000fe88 (0xfcf76de3)
core   0: 0x000000008000fe62 (0xfe043783) ld      a5, -32(s0)
core   0: 3 0x000000008000fe62 (0xfe043783) x15 0x000000008001208b mem 0x0000000080031f50
core   0: 0x000000008000fe66 (0x00178713) addi    a4, a5, 1
core   0: 3 0x000000008000fe66 (0x00178713) x14 0x000000008001208c
core   0: 0x000000008000fe6a (0xfee43023) sd      a4, -32(s0)
core   0: 3 0x000000008000fe6a (0xfee43023) mem 0x0000000080031f50 0x000000008001208c
core   0: 0x000000008000fe6e (0xfc442703) lw      a4, -60(s0)
core   0: 3 0x000000008000fe6e (0xfc442703) x14 0x0000000000000000 mem 0x0000000080031f34
core   0: 0x000000008000fe72 (0x0ff77713) andi    a4, a4, 255
core   0: 3 0x000000008000fe72 (0x0ff77713) x14 0x0000000000000000
core   0: 0x000000008000fe76 (0x00e78023) sb      a4, 0(a5)
core   0: 3 0x000000008000fe76 (0x00e78023) mem 0x000000008001208b 0x00
core   0: 0x000000008000fe7a (0xfc843703) ld      a4, -56(s0)
core   0: 3 0x000000008000fe7a (0xfc843703) x14 0x0000000080012040 mem 0x0000000080031f38
core   0: 0x000000008000fe7e (0xfb843783) ld      a5, -72(s0)
core   0: 3 0x000000008000fe7e (0xfb843783) x15 0x000000000000009c mem 0x0000000080031f28
core   0: 0x000000008000fe82 (0x000097ba) c.add   a5, a4
core   0: 3 0x000000008000fe82 (0x97ba) x15 0x00000000800120dc
core   0: 0x000000008000fe84 (0xfe043703) ld      a4, -32(s0)
core   0: 3 0x000000008000fe84 (0xfe043703) x14 0x000000008001208c mem 0x0000000080031f50
core   0: 0x000000008000fe88 (0xfcf76de3) bltu    a4, a5, pc - 38
core   0: 3 0x000000008000fe88 (0xfcf76de3)
core   0: 0x000000008000fe62 (0xfe043783) ld      a5, -32(s0)
core   0: 3 0x000000008000fe62 (0xfe043783) x15 0x000000008001208c mem 0x0000000080031f50
core   0: 0x000000008000fe66 (0x00178713) addi    a4, a5, 1
core   0: 3 0x000000008000fe66 (0x00178713) x14 0x000000008001208d
core   0: 0x000000008000fe6a (0xfee43023) sd      a4, -32(s0)
core   0: 3 0x000000008000fe6a (0xfee43023) mem 0x0000000080031f50 0x000000008001208d
core   0: 0x000000008000fe6e (0xfc442703) lw      a4, -60(s0)
core   0: 3 0x000000008000fe6e (0xfc442703) x14 0x0000000000000000 mem 0x0000000080031f34
core   0: 0x000000008000fe72 (0x0ff77713) andi    a4, a4, 255
core   0: 3 0x000000008000fe72 (0x0ff77713) x14 0x0000000000000000
core   0: 0x000000008000fe76 (0x00e78023) sb      a4, 0(a5)
core   0: 3 0x000000008000fe76 (0x00e78023) mem 0x000000008001208c 0x00
core   0: 0x000000008000fe7a (0xfc843703) ld      a4, -56(s0)
core   0: 3 0x000000008000fe7a (0xfc843703) x14 0x0000000080012040 mem 0x0000000080031f38
core   0: 0x000000008000fe7e (0xfb843783) ld      a5, -72(s0)
core   0: 3 0x000000008000fe7e (0xfb843783) x15 0x000000000000009c mem 0x0000000080031f28
core   0: 0x000000008000fe82 (0x000097ba) c.add   a5, a4
core   0: 3 0x000000008000fe82 (0x97ba) x15 0x00000000800120dc
core   0: 0x000000008000fe84 (0xfe043703) ld      a4, -32(s0)
core   0: 3 0x000000008000fe84 (0xfe043703) x14 0x000000008001208d mem 0x0000000080031f50
core   0: 0x000000008000fe88 (0xfcf76de3) bltu    a4, a5, pc - 38
core   0: 3 0x000000008000fe88 (0xfcf76de3)
core   0: 0x000000008000fe62 (0xfe043783) ld      a5, -32(s0)
core   0: 3 0x000000008000fe62 (0xfe043783) x15 0x000000008001208d mem 0x0000000080031f50
core   0: 0x000000008000fe66 (0x00178713) addi    a4, a5, 1
core   0: 3 0x000000008000fe66 (0x00178713) x14 0x000000008001208e
core   0: 0x000000008000fe6a (0xfee43023) sd      a4, -32(s0)
core   0: 3 0x000000008000fe6a (0xfee43023) mem 0x0000000080031f50 0x000000008001208e
core   0: 0x000000008000fe6e (0xfc442703) lw      a4, -60(s0)
core   0: 3 0x000000008000fe6e (0xfc442703) x14 0x0000000000000000 mem 0x0000000080031f34
core   0: 0x000000008000fe72 (0x0ff77713) andi    a4, a4, 255
core   0: 3 0x000000008000fe72 (0x0ff77713) x14 0x0000000000000000
core   0: 0x000000008000fe76 (0x00e78023) sb      a4, 0(a5)
core   0: 3 0x000000008000fe76 (0x00e78023) mem 0x000000008001208d 0x00
core   0: 0x000000008000fe7a (0xfc843703) ld      a4, -56(s0)
core   0: 3 0x000000008000fe7a (0xfc843703) x14 0x0000000080012040 mem 0x0000000080031f38
core   0: 0x000000008000fe7e (0xfb843783) ld      a5, -72(s0)
core   0: 3 0x000000008000fe7e (0xfb843783) x15 0x000000000000009c mem 0x0000000080031f28
core   0: 0x000000008000fe82 (0x000097ba) c.add   a5, a4
core   0: 3 0x000000008000fe82 (0x97ba) x15 0x00000000800120dc
core   0: 0x000000008000fe84 (0xfe043703) ld      a4, -32(s0)
core   0: 3 0x000000008000fe84 (0xfe043703) x14 0x000000008001208e mem 0x0000000080031f50
core   0: 0x000000008000fe88 (0xfcf76de3) bltu    a4, a5, pc - 38
core   0: 3 0x000000008000fe88 (0xfcf76de3)
core   0: 0x000000008000fe62 (0xfe043783) ld      a5, -32(s0)
core   0: 3 0x000000008000fe62 (0xfe043783) x15 0x000000008001208e mem 0x0000000080031f50
core   0: 0x000000008000fe66 (0x00178713) addi    a4, a5, 1
core   0: 3 0x000000008000fe66 (0x00178713) x14 0x000000008001208f
core   0: 0x000000008000fe6a (0xfee43023) sd      a4, -32(s0)
core   0: 3 0x000000008000fe6a (0xfee43023) mem 0x0000000080031f50 0x000000008001208f
core   0: 0x000000008000fe6e (0xfc442703) lw      a4, -60(s0)
core   0: 3 0x000000008000fe6e (0xfc442703) x14 0x0000000000000000 mem 0x0000000080031f34
core   0: 0x000000008000fe72 (0x0ff77713) andi    a4, a4, 255
core   0: 3 0x000000008000fe72 (0x0ff77713) x14 0x0000000000000000
core   0: 0x000000008000fe76 (0x00e78023) sb      a4, 0(a5)
core   0: 3 0x000000008000fe76 (0x00e78023) mem 0x000000008001208e 0x00
core   0: 0x000000008000fe7a (0xfc843703) ld      a4, -56(s0)
core   0: 3 0x000000008000fe7a (0xfc843703) x14 0x0000000080012040 mem 0x0000000080031f38
core   0: 0x000000008000fe7e (0xfb843783) ld      a5, -72(s0)
core   0: 3 0x000000008000fe7e (0xfb843783) x15 0x000000000000009c mem 0x0000000080031f28
core   0: 0x000000008000fe82 (0x000097ba) c.add   a5, a4
core   0: 3 0x000000008000fe82 (0x97ba) x15 0x00000000800120dc
core   0: 0x000000008000fe84 (0xfe043703) ld      a4, -32(s0)
core   0: 3 0x000000008000fe84 (0xfe043703) x14 0x000000008001208f mem 0x0000000080031f50
core   0: 0x000000008000fe88 (0xfcf76de3) bltu    a4, a5, pc - 38
core   0: 3 0x000000008000fe88 (0xfcf76de3)
core   0: 0x000000008000fe62 (0xfe043783) ld      a5, -32(s0)
core   0: 3 0x000000008000fe62 (0xfe043783) x15 0x000000008001208f mem 0x0000000080031f50
core   0: 0x000000008000fe66 (0x00178713) addi    a4, a5, 1
core   0: 3 0x000000008000fe66 (0x00178713) x14 0x0000000080012090
core   0: 0x000000008000fe6a (0xfee43023) sd      a4, -32(s0)
core   0: 3 0x000000008000fe6a (0xfee43023) mem 0x0000000080031f50 0x0000000080012090
core   0: 0x000000008000fe6e (0xfc442703) lw      a4, -60(s0)
core   0: 3 0x000000008000fe6e (0xfc442703) x14 0x0000000000000000 mem 0x0000000080031f34
core   0: 0x000000008000fe72 (0x0ff77713) andi    a4, a4, 255
core   0: 3 0x000000008000fe72 (0x0ff77713) x14 0x0000000000000000
core   0: 0x000000008000fe76 (0x00e78023) sb      a4, 0(a5)
core   0: 3 0x000000008000fe76 (0x00e78023) mem 0x000000008001208f 0x00
core   0: 0x000000008000fe7a (0xfc843703) ld      a4, -56(s0)
core   0: 3 0x000000008000fe7a (0xfc843703) x14 0x0000000080012040 mem 0x0000000080031f38
core   0: 0x000000008000fe7e (0xfb843783) ld      a5, -72(s0)
core   0: 3 0x000000008000fe7e (0xfb843783) x15 0x000000000000009c mem 0x0000000080031f28
core   0: 0x000000008000fe82 (0x000097ba) c.add   a5, a4
core   0: 3 0x000000008000fe82 (0x97ba) x15 0x00000000800120dc
core   0: 0x000000008000fe84 (0xfe043703) ld      a4, -32(s0)
core   0: 3 0x000000008000fe84 (0xfe043703) x14 0x0000000080012090 mem 0x0000000080031f50
core   0: 0x000000008000fe88 (0xfcf76de3) bltu    a4, a5, pc - 38
core   0: 3 0x000000008000fe88 (0xfcf76de3)
core   0: 0x000000008000fe62 (0xfe043783) ld      a5, -32(s0)
core   0: 3 0x000000008000fe62 (0xfe043783) x15 0x0000000080012090 mem 0x0000000080031f50
core   0: 0x000000008000fe66 (0x00178713) addi    a4, a5, 1
core   0: 3 0x000000008000fe66 (0x00178713) x14 0x0000000080012091
core   0: 0x000000008000fe6a (0xfee43023) sd      a4, -32(s0)
core   0: 3 0x000000008000fe6a (0xfee43023) mem 0x0000000080031f50 0x0000000080012091
core   0: 0x000000008000fe6e (0xfc442703) lw      a4, -60(s0)
core   0: 3 0x000000008000fe6e (0xfc442703) x14 0x0000000000000000 mem 0x0000000080031f34
core   0: 0x000000008000fe72 (0x0ff77713) andi    a4, a4, 255
core   0: 3 0x000000008000fe72 (0x0ff77713) x14 0x0000000000000000
core   0: 0x000000008000fe76 (0x00e78023) sb      a4, 0(a5)
core   0: 3 0x000000008000fe76 (0x00e78023) mem 0x0000000080012090 0x00
core   0: 0x000000008000fe7a (0xfc843703) ld      a4, -56(s0)
core   0: 3 0x000000008000fe7a (0xfc843703) x14 0x0000000080012040 mem 0x0000000080031f38
core   0: 0x000000008000fe7e (0xfb843783) ld      a5, -72(s0)
core   0: 3 0x000000008000fe7e (0xfb843783) x15 0x000000000000009c mem 0x0000000080031f28
core   0: 0x000000008000fe82 (0x000097ba) c.add   a5, a4
core   0: 3 0x000000008000fe82 (0x97ba) x15 0x00000000800120dc
core   0: 0x000000008000fe84 (0xfe043703) ld      a4, -32(s0)
core   0: 3 0x000000008000fe84 (0xfe043703) x14 0x0000000080012091 mem 0x0000000080031f50
core   0: 0x000000008000fe88 (0xfcf76de3) bltu    a4, a5, pc - 38
core   0: 3 0x000000008000fe88 (0xfcf76de3)
core   0: 0x000000008000fe62 (0xfe043783) ld      a5, -32(s0)
core   0: 3 0x000000008000fe62 (0xfe043783) x15 0x0000000080012091 mem 0x0000000080031f50
core   0: 0x000000008000fe66 (0x00178713) addi    a4, a5, 1
core   0: 3 0x000000008000fe66 (0x00178713) x14 0x0000000080012092
core   0: 0x000000008000fe6a (0xfee43023) sd      a4, -32(s0)
core   0: 3 0x000000008000fe6a (0xfee43023) mem 0x0000000080031f50 0x0000000080012092
core   0: 0x000000008000fe6e (0xfc442703) lw      a4, -60(s0)
core   0: 3 0x000000008000fe6e (0xfc442703) x14 0x0000000000000000 mem 0x0000000080031f34
core   0: 0x000000008000fe72 (0x0ff77713) andi    a4, a4, 255
core   0: 3 0x000000008000fe72 (0x0ff77713) x14 0x0000000000000000
core   0: 0x000000008000fe76 (0x00e78023) sb      a4, 0(a5)
core   0: 3 0x000000008000fe76 (0x00e78023) mem 0x0000000080012091 0x00
core   0: 0x000000008000fe7a (0xfc843703) ld      a4, -56(s0)
core   0: 3 0x000000008000fe7a (0xfc843703) x14 0x0000000080012040 mem 0x0000000080031f38
core   0: 0x000000008000fe7e (0xfb843783) ld      a5, -72(s0)
core   0: 3 0x000000008000fe7e (0xfb843783) x15 0x000000000000009c mem 0x0000000080031f28
core   0: 0x000000008000fe82 (0x000097ba) c.add   a5, a4
core   0: 3 0x000000008000fe82 (0x97ba) x15 0x00000000800120dc
core   0: 0x000000008000fe84 (0xfe043703) ld      a4, -32(s0)
core   0: 3 0x000000008000fe84 (0xfe043703) x14 0x0000000080012092 mem 0x0000000080031f50
core   0: 0x000000008000fe88 (0xfcf76de3) bltu    a4, a5, pc - 38
core   0: 3 0x000000008000fe88 (0xfcf76de3)
core   0: 0x000000008000fe62 (0xfe043783) ld      a5, -32(s0)
core   0: 3 0x000000008000fe62 (0xfe043783) x15 0x0000000080012092 mem 0x0000000080031f50
core   0: 0x000000008000fe66 (0x00178713) addi    a4, a5, 1
core   0: 3 0x000000008000fe66 (0x00178713) x14 0x0000000080012093
core   0: 0x000000008000fe6a (0xfee43023) sd      a4, -32(s0)
core   0: 3 0x000000008000fe6a (0xfee43023) mem 0x0000000080031f50 0x0000000080012093
core   0: 0x000000008000fe6e (0xfc442703) lw      a4, -60(s0)
core   0: 3 0x000000008000fe6e (0xfc442703) x14 0x0000000000000000 mem 0x0000000080031f34
core   0: 0x000000008000fe72 (0x0ff77713) andi    a4, a4, 255
core   0: 3 0x000000008000fe72 (0x0ff77713) x14 0x0000000000000000
core   0: 0x000000008000fe76 (0x00e78023) sb      a4, 0(a5)
core   0: 3 0x000000008000fe76 (0x00e78023) mem 0x0000000080012092 0x00
core   0: 0x000000008000fe7a (0xfc843703) ld      a4, -56(s0)
core   0: 3 0x000000008000fe7a (0xfc843703) x14 0x0000000080012040 mem 0x0000000080031f38
core   0: 0x000000008000fe7e (0xfb843783) ld      a5, -72(s0)
core   0: 3 0x000000008000fe7e (0xfb843783) x15 0x000000000000009c mem 0x0000000080031f28
core   0: 0x000000008000fe82 (0x000097ba) c.add   a5, a4
core   0: 3 0x000000008000fe82 (0x97ba) x15 0x00000000800120dc
core   0: 0x000000008000fe84 (0xfe043703) ld      a4, -32(s0)
core   0: 3 0x000000008000fe84 (0xfe043703) x14 0x0000000080012093 mem 0x0000000080031f50
core   0: 0x000000008000fe88 (0xfcf76de3) bltu    a4, a5, pc - 38
core   0: 3 0x000000008000fe88 (0xfcf76de3)
core   0: 0x000000008000fe62 (0xfe043783) ld      a5, -32(s0)
core   0: 3 0x000000008000fe62 (0xfe043783) x15 0x0000000080012093 mem 0x0000000080031f50
core   0: 0x000000008000fe66 (0x00178713) addi    a4, a5, 1
core   0: 3 0x000000008000fe66 (0x00178713) x14 0x0000000080012094
core   0: 0x000000008000fe6a (0xfee43023) sd      a4, -32(s0)
core   0: 3 0x000000008000fe6a (0xfee43023) mem 0x0000000080031f50 0x0000000080012094
core   0: 0x000000008000fe6e (0xfc442703) lw      a4, -60(s0)
core   0: 3 0x000000008000fe6e (0xfc442703) x14 0x0000000000000000 mem 0x0000000080031f34
core   0: 0x000000008000fe72 (0x0ff77713) andi    a4, a4, 255
core   0: 3 0x000000008000fe72 (0x0ff77713) x14 0x0000000000000000
core   0: 0x000000008000fe76 (0x00e78023) sb      a4, 0(a5)
core   0: 3 0x000000008000fe76 (0x00e78023) mem 0x0000000080012093 0x00
core   0: 0x000000008000fe7a (0xfc843703) ld      a4, -56(s0)
core   0: 3 0x000000008000fe7a (0xfc843703) x14 0x0000000080012040 mem 0x0000000080031f38
core   0: 0x000000008000fe7e (0xfb843783) ld      a5, -72(s0)
core   0: 3 0x000000008000fe7e (0xfb843783) x15 0x000000000000009c mem 0x0000000080031f28
core   0: 0x000000008000fe82 (0x000097ba) c.add   a5, a4
core   0: 3 0x000000008000fe82 (0x97ba) x15 0x00000000800120dc
core   0: 0x000000008000fe84 (0xfe043703) ld      a4, -32(s0)
core   0: 3 0x000000008000fe84 (0xfe043703) x14 0x0000000080012094 mem 0x0000000080031f50
core   0: 0x000000008000fe88 (0xfcf76de3) bltu    a4, a5, pc - 38
core   0: 3 0x000000008000fe88 (0xfcf76de3)
core   0: 0x000000008000fe62 (0xfe043783) ld      a5, -32(s0)
core   0: 3 0x000000008000fe62 (0xfe043783) x15 0x0000000080012094 mem 0x0000000080031f50
core   0: 0x000000008000fe66 (0x00178713) addi    a4, a5, 1
core   0: 3 0x000000008000fe66 (0x00178713) x14 0x0000000080012095
core   0: 0x000000008000fe6a (0xfee43023) sd      a4, -32(s0)
core   0: 3 0x000000008000fe6a (0xfee43023) mem 0x0000000080031f50 0x0000000080012095
core   0: 0x000000008000fe6e (0xfc442703) lw      a4, -60(s0)
core   0: 3 0x000000008000fe6e (0xfc442703) x14 0x0000000000000000 mem 0x0000000080031f34
core   0: 0x000000008000fe72 (0x0ff77713) andi    a4, a4, 255
core   0: 3 0x000000008000fe72 (0x0ff77713) x14 0x0000000000000000
core   0: 0x000000008000fe76 (0x00e78023) sb      a4, 0(a5)
core   0: 3 0x000000008000fe76 (0x00e78023) mem 0x0000000080012094 0x00
core   0: 0x000000008000fe7a (0xfc843703) ld      a4, -56(s0)
core   0: 3 0x000000008000fe7a (0xfc843703) x14 0x0000000080012040 mem 0x0000000080031f38
core   0: 0x000000008000fe7e (0xfb843783) ld      a5, -72(s0)
core   0: 3 0x000000008000fe7e (0xfb843783) x15 0x000000000000009c mem 0x0000000080031f28
core   0: 0x000000008000fe82 (0x000097ba) c.add   a5, a4
core   0: 3 0x000000008000fe82 (0x97ba) x15 0x00000000800120dc
core   0: 0x000000008000fe84 (0xfe043703) ld      a4, -32(s0)
core   0: 3 0x000000008000fe84 (0xfe043703) x14 0x0000000080012095 mem 0x0000000080031f50
core   0: 0x000000008000fe88 (0xfcf76de3) bltu    a4, a5, pc - 38
core   0: 3 0x000000008000fe88 (0xfcf76de3)
core   0: 0x000000008000fe62 (0xfe043783) ld      a5, -32(s0)
core   0: 3 0x000000008000fe62 (0xfe043783) x15 0x0000000080012095 mem 0x0000000080031f50
core   0: 0x000000008000fe66 (0x00178713) addi    a4, a5, 1
core   0: 3 0x000000008000fe66 (0x00178713) x14 0x0000000080012096
core   0: 0x000000008000fe6a (0xfee43023) sd      a4, -32(s0)
core   0: 3 0x000000008000fe6a (0xfee43023) mem 0x0000000080031f50 0x0000000080012096
core   0: 0x000000008000fe6e (0xfc442703) lw      a4, -60(s0)
core   0: 3 0x000000008000fe6e (0xfc442703) x14 0x0000000000000000 mem 0x0000000080031f34
core   0: 0x000000008000fe72 (0x0ff77713) andi    a4, a4, 255
core   0: 3 0x000000008000fe72 (0x0ff77713) x14 0x0000000000000000
core   0: 0x000000008000fe76 (0x00e78023) sb      a4, 0(a5)
core   0: 3 0x000000008000fe76 (0x00e78023) mem 0x0000000080012095 0x00
core   0: 0x000000008000fe7a (0xfc843703) ld      a4, -56(s0)
core   0: 3 0x000000008000fe7a (0xfc843703) x14 0x0000000080012040 mem 0x0000000080031f38
core   0: 0x000000008000fe7e (0xfb843783) ld      a5, -72(s0)
core   0: 3 0x000000008000fe7e (0xfb843783) x15 0x000000000000009c mem 0x0000000080031f28
core   0: 0x000000008000fe82 (0x000097ba) c.add   a5, a4
core   0: 3 0x000000008000fe82 (0x97ba) x15 0x00000000800120dc
core   0: 0x000000008000fe84 (0xfe043703) ld      a4, -32(s0)
core   0: 3 0x000000008000fe84 (0xfe043703) x14 0x0000000080012096 mem 0x0000000080031f50
core   0: 0x000000008000fe88 (0xfcf76de3) bltu    a4, a5, pc - 38
core   0: 3 0x000000008000fe88 (0xfcf76de3)
core   0: 0x000000008000fe62 (0xfe043783) ld      a5, -32(s0)
core   0: 3 0x000000008000fe62 (0xfe043783) x15 0x0000000080012096 mem 0x0000000080031f50
core   0: 0x000000008000fe66 (0x00178713) addi    a4, a5, 1
core   0: 3 0x000000008000fe66 (0x00178713) x14 0x0000000080012097
core   0: 0x000000008000fe6a (0xfee43023) sd      a4, -32(s0)
core   0: 3 0x000000008000fe6a (0xfee43023) mem 0x0000000080031f50 0x0000000080012097
core   0: 0x000000008000fe6e (0xfc442703) lw      a4, -60(s0)
core   0: 3 0x000000008000fe6e (0xfc442703) x14 0x0000000000000000 mem 0x0000000080031f34
core   0: 0x000000008000fe72 (0x0ff77713) andi    a4, a4, 255
core   0: 3 0x000000008000fe72 (0x0ff77713) x14 0x0000000000000000
core   0: 0x000000008000fe76 (0x00e78023) sb      a4, 0(a5)
core   0: 3 0x000000008000fe76 (0x00e78023) mem 0x0000000080012096 0x00
core   0: 0x000000008000fe7a (0xfc843703) ld      a4, -56(s0)
core   0: 3 0x000000008000fe7a (0xfc843703) x14 0x0000000080012040 mem 0x0000000080031f38
core   0: 0x000000008000fe7e (0xfb843783) ld      a5, -72(s0)
core   0: 3 0x000000008000fe7e (0xfb843783) x15 0x000000000000009c mem 0x0000000080031f28
core   0: 0x000000008000fe82 (0x000097ba) c.add   a5, a4
core   0: 3 0x000000008000fe82 (0x97ba) x15 0x00000000800120dc
core   0: 0x000000008000fe84 (0xfe043703) ld      a4, -32(s0)
core   0: 3 0x000000008000fe84 (0xfe043703) x14 0x0000000080012097 mem 0x0000000080031f50
core   0: 0x000000008000fe88 (0xfcf76de3) bltu    a4, a5, pc - 38
core   0: 3 0x000000008000fe88 (0xfcf76de3)
core   0: 0x000000008000fe62 (0xfe043783) ld      a5, -32(s0)
core   0: 3 0x000000008000fe62 (0xfe043783) x15 0x0000000080012097 mem 0x0000000080031f50
core   0: 0x000000008000fe66 (0x00178713) addi    a4, a5, 1
core   0: 3 0x000000008000fe66 (0x00178713) x14 0x0000000080012098
core   0: 0x000000008000fe6a (0xfee43023) sd      a4, -32(s0)
core   0: 3 0x000000008000fe6a (0xfee43023) mem 0x0000000080031f50 0x0000000080012098
core   0: 0x000000008000fe6e (0xfc442703) lw      a4, -60(s0)
core   0: 3 0x000000008000fe6e (0xfc442703) x14 0x0000000000000000 mem 0x0000000080031f34
core   0: 0x000000008000fe72 (0x0ff77713) andi    a4, a4, 255
core   0: 3 0x000000008000fe72 (0x0ff77713) x14 0x0000000000000000
core   0: 0x000000008000fe76 (0x00e78023) sb      a4, 0(a5)
core   0: 3 0x000000008000fe76 (0x00e78023) mem 0x0000000080012097 0x00
core   0: 0x000000008000fe7a (0xfc843703) ld      a4, -56(s0)
core   0: 3 0x000000008000fe7a (0xfc843703) x14 0x0000000080012040 mem 0x0000000080031f38
core   0: 0x000000008000fe7e (0xfb843783) ld      a5, -72(s0)
core   0: 3 0x000000008000fe7e (0xfb843783) x15 0x000000000000009c mem 0x0000000080031f28
core   0: 0x000000008000fe82 (0x000097ba) c.add   a5, a4
core   0: 3 0x000000008000fe82 (0x97ba) x15 0x00000000800120dc
core   0: 0x000000008000fe84 (0xfe043703) ld      a4, -32(s0)
core   0: 3 0x000000008000fe84 (0xfe043703) x14 0x0000000080012098 mem 0x0000000080031f50
core   0: 0x000000008000fe88 (0xfcf76de3) bltu    a4, a5, pc - 38
core   0: 3 0x000000008000fe88 (0xfcf76de3)
core   0: 0x000000008000fe62 (0xfe043783) ld      a5, -32(s0)
core   0: 3 0x000000008000fe62 (0xfe043783) x15 0x0000000080012098 mem 0x0000000080031f50
core   0: 0x000000008000fe66 (0x00178713) addi    a4, a5, 1
core   0: 3 0x000000008000fe66 (0x00178713) x14 0x0000000080012099
core   0: 0x000000008000fe6a (0xfee43023) sd      a4, -32(s0)
core   0: 3 0x000000008000fe6a (0xfee43023) mem 0x0000000080031f50 0x0000000080012099
core   0: 0x000000008000fe6e (0xfc442703) lw      a4, -60(s0)
core   0: 3 0x000000008000fe6e (0xfc442703) x14 0x0000000000000000 mem 0x0000000080031f34
core   0: 0x000000008000fe72 (0x0ff77713) andi    a4, a4, 255
core   0: 3 0x000000008000fe72 (0x0ff77713) x14 0x0000000000000000
core   0: 0x000000008000fe76 (0x00e78023) sb      a4, 0(a5)
core   0: 3 0x000000008000fe76 (0x00e78023) mem 0x0000000080012098 0x00
core   0: 0x000000008000fe7a (0xfc843703) ld      a4, -56(s0)
core   0: 3 0x000000008000fe7a (0xfc843703) x14 0x0000000080012040 mem 0x0000000080031f38
core   0: 0x000000008000fe7e (0xfb843783) ld      a5, -72(s0)
core   0: 3 0x000000008000fe7e (0xfb843783) x15 0x000000000000009c mem 0x0000000080031f28
core   0: 0x000000008000fe82 (0x000097ba) c.add   a5, a4
core   0: 3 0x000000008000fe82 (0x97ba) x15 0x00000000800120dc
core   0: 0x000000008000fe84 (0xfe043703) ld      a4, -32(s0)
core   0: 3 0x000000008000fe84 (0xfe043703) x14 0x0000000080012099 mem 0x0000000080031f50
core   0: 0x000000008000fe88 (0xfcf76de3) bltu    a4, a5, pc - 38
core   0: 3 0x000000008000fe88 (0xfcf76de3)
core   0: 0x000000008000fe62 (0xfe043783) ld      a5, -32(s0)
core   0: 3 0x000000008000fe62 (0xfe043783) x15 0x0000000080012099 mem 0x0000000080031f50
core   0: 0x000000008000fe66 (0x00178713) addi    a4, a5, 1
core   0: 3 0x000000008000fe66 (0x00178713) x14 0x000000008001209a
core   0: 0x000000008000fe6a (0xfee43023) sd      a4, -32(s0)
core   0: 3 0x000000008000fe6a (0xfee43023) mem 0x0000000080031f50 0x000000008001209a
core   0: 0x000000008000fe6e (0xfc442703) lw      a4, -60(s0)
core   0: 3 0x000000008000fe6e (0xfc442703) x14 0x0000000000000000 mem 0x0000000080031f34
core   0: 0x000000008000fe72 (0x0ff77713) andi    a4, a4, 255
core   0: 3 0x000000008000fe72 (0x0ff77713) x14 0x0000000000000000
core   0: 0x000000008000fe76 (0x00e78023) sb      a4, 0(a5)
core   0: 3 0x000000008000fe76 (0x00e78023) mem 0x0000000080012099 0x00
core   0: 0x000000008000fe7a (0xfc843703) ld      a4, -56(s0)
core   0: 3 0x000000008000fe7a (0xfc843703) x14 0x0000000080012040 mem 0x0000000080031f38
core   0: 0x000000008000fe7e (0xfb843783) ld      a5, -72(s0)
core   0: 3 0x000000008000fe7e (0xfb843783) x15 0x000000000000009c mem 0x0000000080031f28
core   0: 0x000000008000fe82 (0x000097ba) c.add   a5, a4
core   0: 3 0x000000008000fe82 (0x97ba) x15 0x00000000800120dc
core   0: 0x000000008000fe84 (0xfe043703) ld      a4, -32(s0)
core   0: 3 0x000000008000fe84 (0xfe043703) x14 0x000000008001209a mem 0x0000000080031f50
core   0: 0x000000008000fe88 (0xfcf76de3) bltu    a4, a5, pc - 38
core   0: 3 0x000000008000fe88 (0xfcf76de3)
core   0: 0x000000008000fe62 (0xfe043783) ld      a5, -32(s0)
core   0: 3 0x000000008000fe62 (0xfe043783) x15 0x000000008001209a mem 0x0000000080031f50
core   0: 0x000000008000fe66 (0x00178713) addi    a4, a5, 1
core   0: 3 0x000000008000fe66 (0x00178713) x14 0x000000008001209b
core   0: 0x000000008000fe6a (0xfee43023) sd      a4, -32(s0)
core   0: 3 0x000000008000fe6a (0xfee43023) mem 0x0000000080031f50 0x000000008001209b
core   0: 0x000000008000fe6e (0xfc442703) lw      a4, -60(s0)
core   0: 3 0x000000008000fe6e (0xfc442703) x14 0x0000000000000000 mem 0x0000000080031f34
core   0: 0x000000008000fe72 (0x0ff77713) andi    a4, a4, 255
core   0: 3 0x000000008000fe72 (0x0ff77713) x14 0x0000000000000000
core   0: 0x000000008000fe76 (0x00e78023) sb      a4, 0(a5)
core   0: 3 0x000000008000fe76 (0x00e78023) mem 0x000000008001209a 0x00
core   0: 0x000000008000fe7a (0xfc843703) ld      a4, -56(s0)
core   0: 3 0x000000008000fe7a (0xfc843703) x14 0x0000000080012040 mem 0x0000000080031f38
core   0: 0x000000008000fe7e (0xfb843783) ld      a5, -72(s0)
core   0: 3 0x000000008000fe7e (0xfb843783) x15 0x000000000000009c mem 0x0000000080031f28
core   0: 0x000000008000fe82 (0x000097ba) c.add   a5, a4
core   0: 3 0x000000008000fe82 (0x97ba) x15 0x00000000800120dc
core   0: 0x000000008000fe84 (0xfe043703) ld      a4, -32(s0)
core   0: 3 0x000000008000fe84 (0xfe043703) x14 0x000000008001209b mem 0x0000000080031f50
core   0: 0x000000008000fe88 (0xfcf76de3) bltu    a4, a5, pc - 38
core   0: 3 0x000000008000fe88 (0xfcf76de3)
core   0: 0x000000008000fe62 (0xfe043783) ld      a5, -32(s0)
core   0: 3 0x000000008000fe62 (0xfe043783) x15 0x000000008001209b mem 0x0000000080031f50
core   0: 0x000000008000fe66 (0x00178713) addi    a4, a5, 1
core   0: 3 0x000000008000fe66 (0x00178713) x14 0x000000008001209c
core   0: 0x000000008000fe6a (0xfee43023) sd      a4, -32(s0)
core   0: 3 0x000000008000fe6a (0xfee43023) mem 0x0000000080031f50 0x000000008001209c
core   0: 0x000000008000fe6e (0xfc442703) lw      a4, -60(s0)
core   0: 3 0x000000008000fe6e (0xfc442703) x14 0x0000000000000000 mem 0x0000000080031f34
core   0: 0x000000008000fe72 (0x0ff77713) andi    a4, a4, 255
core   0: 3 0x000000008000fe72 (0x0ff77713) x14 0x0000000000000000
core   0: 0x000000008000fe76 (0x00e78023) sb      a4, 0(a5)
core   0: 3 0x000000008000fe76 (0x00e78023) mem 0x000000008001209b 0x00
core   0: 0x000000008000fe7a (0xfc843703) ld      a4, -56(s0)
core   0: 3 0x000000008000fe7a (0xfc843703) x14 0x0000000080012040 mem 0x0000000080031f38
core   0: 0x000000008000fe7e (0xfb843783) ld      a5, -72(s0)
core   0: 3 0x000000008000fe7e (0xfb843783) x15 0x000000000000009c mem 0x0000000080031f28
core   0: 0x000000008000fe82 (0x000097ba) c.add   a5, a4
core   0: 3 0x000000008000fe82 (0x97ba) x15 0x00000000800120dc
core   0: 0x000000008000fe84 (0xfe043703) ld      a4, -32(s0)
core   0: 3 0x000000008000fe84 (0xfe043703) x14 0x000000008001209c mem 0x0000000080031f50
core   0: 0x000000008000fe88 (0xfcf76de3) bltu    a4, a5, pc - 38
core   0: 3 0x000000008000fe88 (0xfcf76de3)
core   0: 0x000000008000fe62 (0xfe043783) ld      a5, -32(s0)
core   0: 3 0x000000008000fe62 (0xfe043783) x15 0x000000008001209c mem 0x0000000080031f50
core   0: 0x000000008000fe66 (0x00178713) addi    a4, a5, 1
core   0: 3 0x000000008000fe66 (0x00178713) x14 0x000000008001209d
core   0: 0x000000008000fe6a (0xfee43023) sd      a4, -32(s0)
core   0: 3 0x000000008000fe6a (0xfee43023) mem 0x0000000080031f50 0x000000008001209d
core   0: 0x000000008000fe6e (0xfc442703) lw      a4, -60(s0)
core   0: 3 0x000000008000fe6e (0xfc442703) x14 0x0000000000000000 mem 0x0000000080031f34
core   0: 0x000000008000fe72 (0x0ff77713) andi    a4, a4, 255
core   0: 3 0x000000008000fe72 (0x0ff77713) x14 0x0000000000000000
core   0: 0x000000008000fe76 (0x00e78023) sb      a4, 0(a5)
core   0: 3 0x000000008000fe76 (0x00e78023) mem 0x000000008001209c 0x00
core   0: 0x000000008000fe7a (0xfc843703) ld      a4, -56(s0)
core   0: 3 0x000000008000fe7a (0xfc843703) x14 0x0000000080012040 mem 0x0000000080031f38
core   0: 0x000000008000fe7e (0xfb843783) ld      a5, -72(s0)
core   0: 3 0x000000008000fe7e (0xfb843783) x15 0x000000000000009c mem 0x0000000080031f28
core   0: 0x000000008000fe82 (0x000097ba) c.add   a5, a4
core   0: 3 0x000000008000fe82 (0x97ba) x15 0x00000000800120dc
core   0: 0x000000008000fe84 (0xfe043703) ld      a4, -32(s0)
core   0: 3 0x000000008000fe84 (0xfe043703) x14 0x000000008001209d mem 0x0000000080031f50
core   0: 0x000000008000fe88 (0xfcf76de3) bltu    a4, a5, pc - 38
core   0: 3 0x000000008000fe88 (0xfcf76de3)
core   0: 0x000000008000fe62 (0xfe043783) ld      a5, -32(s0)
core   0: 3 0x000000008000fe62 (0xfe043783) x15 0x000000008001209d mem 0x0000000080031f50
core   0: 0x000000008000fe66 (0x00178713) addi    a4, a5, 1
core   0: 3 0x000000008000fe66 (0x00178713) x14 0x000000008001209e
core   0: 0x000000008000fe6a (0xfee43023) sd      a4, -32(s0)
core   0: 3 0x000000008000fe6a (0xfee43023) mem 0x0000000080031f50 0x000000008001209e
core   0: 0x000000008000fe6e (0xfc442703) lw      a4, -60(s0)
core   0: 3 0x000000008000fe6e (0xfc442703) x14 0x0000000000000000 mem 0x0000000080031f34
core   0: 0x000000008000fe72 (0x0ff77713) andi    a4, a4, 255
core   0: 3 0x000000008000fe72 (0x0ff77713) x14 0x0000000000000000
core   0: 0x000000008000fe76 (0x00e78023) sb      a4, 0(a5)
core   0: 3 0x000000008000fe76 (0x00e78023) mem 0x000000008001209d 0x00
core   0: 0x000000008000fe7a (0xfc843703) ld      a4, -56(s0)
core   0: 3 0x000000008000fe7a (0xfc843703) x14 0x0000000080012040 mem 0x0000000080031f38
core   0: 0x000000008000fe7e (0xfb843783) ld      a5, -72(s0)
core   0: 3 0x000000008000fe7e (0xfb843783) x15 0x000000000000009c mem 0x0000000080031f28
core   0: 0x000000008000fe82 (0x000097ba) c.add   a5, a4
core   0: 3 0x000000008000fe82 (0x97ba) x15 0x00000000800120dc
core   0: 0x000000008000fe84 (0xfe043703) ld      a4, -32(s0)
core   0: 3 0x000000008000fe84 (0xfe043703) x14 0x000000008001209e mem 0x0000000080031f50
core   0: 0x000000008000fe88 (0xfcf76de3) bltu    a4, a5, pc - 38
core   0: 3 0x000000008000fe88 (0xfcf76de3)
core   0: 0x000000008000fe62 (0xfe043783) ld      a5, -32(s0)
core   0: 3 0x000000008000fe62 (0xfe043783) x15 0x000000008001209e mem 0x0000000080031f50
core   0: 0x000000008000fe66 (0x00178713) addi    a4, a5, 1
core   0: 3 0x000000008000fe66 (0x00178713) x14 0x000000008001209f
core   0: 0x000000008000fe6a (0xfee43023) sd      a4, -32(s0)
core   0: 3 0x000000008000fe6a (0xfee43023) mem 0x0000000080031f50 0x000000008001209f
core   0: 0x000000008000fe6e (0xfc442703) lw      a4, -60(s0)
core   0: 3 0x000000008000fe6e (0xfc442703) x14 0x0000000000000000 mem 0x0000000080031f34
core   0: 0x000000008000fe72 (0x0ff77713) andi    a4, a4, 255
core   0: 3 0x000000008000fe72 (0x0ff77713) x14 0x0000000000000000
core   0: 0x000000008000fe76 (0x00e78023) sb      a4, 0(a5)
core   0: 3 0x000000008000fe76 (0x00e78023) mem 0x000000008001209e 0x00
core   0: 0x000000008000fe7a (0xfc843703) ld      a4, -56(s0)
core   0: 3 0x000000008000fe7a (0xfc843703) x14 0x0000000080012040 mem 0x0000000080031f38
core   0: 0x000000008000fe7e (0xfb843783) ld      a5, -72(s0)
core   0: 3 0x000000008000fe7e (0xfb843783) x15 0x000000000000009c mem 0x0000000080031f28
core   0: 0x000000008000fe82 (0x000097ba) c.add   a5, a4
core   0: 3 0x000000008000fe82 (0x97ba) x15 0x00000000800120dc
core   0: 0x000000008000fe84 (0xfe043703) ld      a4, -32(s0)
core   0: 3 0x000000008000fe84 (0xfe043703) x14 0x000000008001209f mem 0x0000000080031f50
core   0: 0x000000008000fe88 (0xfcf76de3) bltu    a4, a5, pc - 38
core   0: 3 0x000000008000fe88 (0xfcf76de3)
core   0: 0x000000008000fe62 (0xfe043783) ld      a5, -32(s0)
core   0: 3 0x000000008000fe62 (0xfe043783) x15 0x000000008001209f mem 0x0000000080031f50
core   0: 0x000000008000fe66 (0x00178713) addi    a4, a5, 1
core   0: 3 0x000000008000fe66 (0x00178713) x14 0x00000000800120a0
core   0: 0x000000008000fe6a (0xfee43023) sd      a4, -32(s0)
core   0: 3 0x000000008000fe6a (0xfee43023) mem 0x0000000080031f50 0x00000000800120a0
core   0: 0x000000008000fe6e (0xfc442703) lw      a4, -60(s0)
core   0: 3 0x000000008000fe6e (0xfc442703) x14 0x0000000000000000 mem 0x0000000080031f34
core   0: 0x000000008000fe72 (0x0ff77713) andi    a4, a4, 255
core   0: 3 0x000000008000fe72 (0x0ff77713) x14 0x0000000000000000
core   0: 0x000000008000fe76 (0x00e78023) sb      a4, 0(a5)
core   0: 3 0x000000008000fe76 (0x00e78023) mem 0x000000008001209f 0x00
core   0: 0x000000008000fe7a (0xfc843703) ld      a4, -56(s0)
core   0: 3 0x000000008000fe7a (0xfc843703) x14 0x0000000080012040 mem 0x0000000080031f38
core   0: 0x000000008000fe7e (0xfb843783) ld      a5, -72(s0)
core   0: 3 0x000000008000fe7e (0xfb843783) x15 0x000000000000009c mem 0x0000000080031f28
core   0: 0x000000008000fe82 (0x000097ba) c.add   a5, a4
core   0: 3 0x000000008000fe82 (0x97ba) x15 0x00000000800120dc
core   0: 0x000000008000fe84 (0xfe043703) ld      a4, -32(s0)
core   0: 3 0x000000008000fe84 (0xfe043703) x14 0x00000000800120a0 mem 0x0000000080031f50
core   0: 0x000000008000fe88 (0xfcf76de3) bltu    a4, a5, pc - 38
core   0: 3 0x000000008000fe88 (0xfcf76de3)
core   0: 0x000000008000fe62 (0xfe043783) ld      a5, -32(s0)
core   0: 3 0x000000008000fe62 (0xfe043783) x15 0x00000000800120a0 mem 0x0000000080031f50
core   0: 0x000000008000fe66 (0x00178713) addi    a4, a5, 1
core   0: 3 0x000000008000fe66 (0x00178713) x14 0x00000000800120a1
core   0: 0x000000008000fe6a (0xfee43023) sd      a4, -32(s0)
core   0: 3 0x000000008000fe6a (0xfee43023) mem 0x0000000080031f50 0x00000000800120a1
core   0: 0x000000008000fe6e (0xfc442703) lw      a4, -60(s0)
core   0: 3 0x000000008000fe6e (0xfc442703) x14 0x0000000000000000 mem 0x0000000080031f34
core   0: 0x000000008000fe72 (0x0ff77713) andi    a4, a4, 255
core   0: 3 0x000000008000fe72 (0x0ff77713) x14 0x0000000000000000
core   0: 0x000000008000fe76 (0x00e78023) sb      a4, 0(a5)
core   0: 3 0x000000008000fe76 (0x00e78023) mem 0x00000000800120a0 0x00
core   0: 0x000000008000fe7a (0xfc843703) ld      a4, -56(s0)
core   0: 3 0x000000008000fe7a (0xfc843703) x14 0x0000000080012040 mem 0x0000000080031f38
core   0: 0x000000008000fe7e (0xfb843783) ld      a5, -72(s0)
core   0: 3 0x000000008000fe7e (0xfb843783) x15 0x000000000000009c mem 0x0000000080031f28
core   0: 0x000000008000fe82 (0x000097ba) c.add   a5, a4
core   0: 3 0x000000008000fe82 (0x97ba) x15 0x00000000800120dc
core   0: 0x000000008000fe84 (0xfe043703) ld      a4, -32(s0)
core   0: 3 0x000000008000fe84 (0xfe043703) x14 0x00000000800120a1 mem 0x0000000080031f50
core   0: 0x000000008000fe88 (0xfcf76de3) bltu    a4, a5, pc - 38
core   0: 3 0x000000008000fe88 (0xfcf76de3)
core   0: 0x000000008000fe62 (0xfe043783) ld      a5, -32(s0)
core   0: 3 0x000000008000fe62 (0xfe043783) x15 0x00000000800120a1 mem 0x0000000080031f50
core   0: 0x000000008000fe66 (0x00178713) addi    a4, a5, 1
core   0: 3 0x000000008000fe66 (0x00178713) x14 0x00000000800120a2
core   0: 0x000000008000fe6a (0xfee43023) sd      a4, -32(s0)
core   0: 3 0x000000008000fe6a (0xfee43023) mem 0x0000000080031f50 0x00000000800120a2
core   0: 0x000000008000fe6e (0xfc442703) lw      a4, -60(s0)
core   0: 3 0x000000008000fe6e (0xfc442703) x14 0x0000000000000000 mem 0x0000000080031f34
core   0: 0x000000008000fe72 (0x0ff77713) andi    a4, a4, 255
core   0: 3 0x000000008000fe72 (0x0ff77713) x14 0x0000000000000000
core   0: 0x000000008000fe76 (0x00e78023) sb      a4, 0(a5)
core   0: 3 0x000000008000fe76 (0x00e78023) mem 0x00000000800120a1 0x00
core   0: 0x000000008000fe7a (0xfc843703) ld      a4, -56(s0)
core   0: 3 0x000000008000fe7a (0xfc843703) x14 0x0000000080012040 mem 0x0000000080031f38
core   0: 0x000000008000fe7e (0xfb843783) ld      a5, -72(s0)
core   0: 3 0x000000008000fe7e (0xfb843783) x15 0x000000000000009c mem 0x0000000080031f28
core   0: 0x000000008000fe82 (0x000097ba) c.add   a5, a4
core   0: 3 0x000000008000fe82 (0x97ba) x15 0x00000000800120dc
core   0: 0x000000008000fe84 (0xfe043703) ld      a4, -32(s0)
core   0: 3 0x000000008000fe84 (0xfe043703) x14 0x00000000800120a2 mem 0x0000000080031f50
core   0: 0x000000008000fe88 (0xfcf76de3) bltu    a4, a5, pc - 38
core   0: 3 0x000000008000fe88 (0xfcf76de3)
core   0: 0x000000008000fe62 (0xfe043783) ld      a5, -32(s0)
core   0: 3 0x000000008000fe62 (0xfe043783) x15 0x00000000800120a2 mem 0x0000000080031f50
core   0: 0x000000008000fe66 (0x00178713) addi    a4, a5, 1
core   0: 3 0x000000008000fe66 (0x00178713) x14 0x00000000800120a3
core   0: 0x000000008000fe6a (0xfee43023) sd      a4, -32(s0)
core   0: 3 0x000000008000fe6a (0xfee43023) mem 0x0000000080031f50 0x00000000800120a3
core   0: 0x000000008000fe6e (0xfc442703) lw      a4, -60(s0)
core   0: 3 0x000000008000fe6e (0xfc442703) x14 0x0000000000000000 mem 0x0000000080031f34
core   0: 0x000000008000fe72 (0x0ff77713) andi    a4, a4, 255
core   0: 3 0x000000008000fe72 (0x0ff77713) x14 0x0000000000000000
core   0: 0x000000008000fe76 (0x00e78023) sb      a4, 0(a5)
core   0: 3 0x000000008000fe76 (0x00e78023) mem 0x00000000800120a2 0x00
core   0: 0x000000008000fe7a (0xfc843703) ld      a4, -56(s0)
core   0: 3 0x000000008000fe7a (0xfc843703) x14 0x0000000080012040 mem 0x0000000080031f38
core   0: 0x000000008000fe7e (0xfb843783) ld      a5, -72(s0)
core   0: 3 0x000000008000fe7e (0xfb843783) x15 0x000000000000009c mem 0x0000000080031f28
core   0: 0x000000008000fe82 (0x000097ba) c.add   a5, a4
core   0: 3 0x000000008000fe82 (0x97ba) x15 0x00000000800120dc
core   0: 0x000000008000fe84 (0xfe043703) ld      a4, -32(s0)
core   0: 3 0x000000008000fe84 (0xfe043703) x14 0x00000000800120a3 mem 0x0000000080031f50
core   0: 0x000000008000fe88 (0xfcf76de3) bltu    a4, a5, pc - 38
core   0: 3 0x000000008000fe88 (0xfcf76de3)
core   0: 0x000000008000fe62 (0xfe043783) ld      a5, -32(s0)
core   0: 3 0x000000008000fe62 (0xfe043783) x15 0x00000000800120a3 mem 0x0000000080031f50
core   0: 0x000000008000fe66 (0x00178713) addi    a4, a5, 1
core   0: 3 0x000000008000fe66 (0x00178713) x14 0x00000000800120a4
core   0: 0x000000008000fe6a (0xfee43023) sd      a4, -32(s0)
core   0: 3 0x000000008000fe6a (0xfee43023) mem 0x0000000080031f50 0x00000000800120a4
core   0: 0x000000008000fe6e (0xfc442703) lw      a4, -60(s0)
core   0: 3 0x000000008000fe6e (0xfc442703) x14 0x0000000000000000 mem 0x0000000080031f34
core   0: 0x000000008000fe72 (0x0ff77713) andi    a4, a4, 255
core   0: 3 0x000000008000fe72 (0x0ff77713) x14 0x0000000000000000
core   0: 0x000000008000fe76 (0x00e78023) sb      a4, 0(a5)
core   0: 3 0x000000008000fe76 (0x00e78023) mem 0x00000000800120a3 0x00
core   0: 0x000000008000fe7a (0xfc843703) ld      a4, -56(s0)
core   0: 3 0x000000008000fe7a (0xfc843703) x14 0x0000000080012040 mem 0x0000000080031f38
core   0: 0x000000008000fe7e (0xfb843783) ld      a5, -72(s0)
core   0: 3 0x000000008000fe7e (0xfb843783) x15 0x000000000000009c mem 0x0000000080031f28
core   0: 0x000000008000fe82 (0x000097ba) c.add   a5, a4
core   0: 3 0x000000008000fe82 (0x97ba) x15 0x00000000800120dc
core   0: 0x000000008000fe84 (0xfe043703) ld      a4, -32(s0)
core   0: 3 0x000000008000fe84 (0xfe043703) x14 0x00000000800120a4 mem 0x0000000080031f50
core   0: 0x000000008000fe88 (0xfcf76de3) bltu    a4, a5, pc - 38
core   0: 3 0x000000008000fe88 (0xfcf76de3)
core   0: 0x000000008000fe62 (0xfe043783) ld      a5, -32(s0)
core   0: 3 0x000000008000fe62 (0xfe043783) x15 0x00000000800120a4 mem 0x0000000080031f50
core   0: 0x000000008000fe66 (0x00178713) addi    a4, a5, 1
core   0: 3 0x000000008000fe66 (0x00178713) x14 0x00000000800120a5
core   0: 0x000000008000fe6a (0xfee43023) sd      a4, -32(s0)
core   0: 3 0x000000008000fe6a (0xfee43023) mem 0x0000000080031f50 0x00000000800120a5
core   0: 0x000000008000fe6e (0xfc442703) lw      a4, -60(s0)
core   0: 3 0x000000008000fe6e (0xfc442703) x14 0x0000000000000000 mem 0x0000000080031f34
core   0: 0x000000008000fe72 (0x0ff77713) andi    a4, a4, 255
core   0: 3 0x000000008000fe72 (0x0ff77713) x14 0x0000000000000000
core   0: 0x000000008000fe76 (0x00e78023) sb      a4, 0(a5)
core   0: 3 0x000000008000fe76 (0x00e78023) mem 0x00000000800120a4 0x00
core   0: 0x000000008000fe7a (0xfc843703) ld      a4, -56(s0)
core   0: 3 0x000000008000fe7a (0xfc843703) x14 0x0000000080012040 mem 0x0000000080031f38
core   0: 0x000000008000fe7e (0xfb843783) ld      a5, -72(s0)
core   0: 3 0x000000008000fe7e (0xfb843783) x15 0x000000000000009c mem 0x0000000080031f28
core   0: 0x000000008000fe82 (0x000097ba) c.add   a5, a4
core   0: 3 0x000000008000fe82 (0x97ba) x15 0x00000000800120dc
core   0: 0x000000008000fe84 (0xfe043703) ld      a4, -32(s0)
core   0: 3 0x000000008000fe84 (0xfe043703) x14 0x00000000800120a5 mem 0x0000000080031f50
core   0: 0x000000008000fe88 (0xfcf76de3) bltu    a4, a5, pc - 38
core   0: 3 0x000000008000fe88 (0xfcf76de3)
core   0: 0x000000008000fe62 (0xfe043783) ld      a5, -32(s0)
core   0: 3 0x000000008000fe62 (0xfe043783) x15 0x00000000800120a5 mem 0x0000000080031f50
core   0: 0x000000008000fe66 (0x00178713) addi    a4, a5, 1
core   0: 3 0x000000008000fe66 (0x00178713) x14 0x00000000800120a6
core   0: 0x000000008000fe6a (0xfee43023) sd      a4, -32(s0)
core   0: 3 0x000000008000fe6a (0xfee43023) mem 0x0000000080031f50 0x00000000800120a6
core   0: 0x000000008000fe6e (0xfc442703) lw      a4, -60(s0)
core   0: 3 0x000000008000fe6e (0xfc442703) x14 0x0000000000000000 mem 0x0000000080031f34
core   0: 0x000000008000fe72 (0x0ff77713) andi    a4, a4, 255
core   0: 3 0x000000008000fe72 (0x0ff77713) x14 0x0000000000000000
core   0: 0x000000008000fe76 (0x00e78023) sb      a4, 0(a5)
core   0: 3 0x000000008000fe76 (0x00e78023) mem 0x00000000800120a5 0x00
core   0: 0x000000008000fe7a (0xfc843703) ld      a4, -56(s0)
core   0: 3 0x000000008000fe7a (0xfc843703) x14 0x0000000080012040 mem 0x0000000080031f38
core   0: 0x000000008000fe7e (0xfb843783) ld      a5, -72(s0)
core   0: 3 0x000000008000fe7e (0xfb843783) x15 0x000000000000009c mem 0x0000000080031f28
core   0: 0x000000008000fe82 (0x000097ba) c.add   a5, a4
core   0: 3 0x000000008000fe82 (0x97ba) x15 0x00000000800120dc
core   0: 0x000000008000fe84 (0xfe043703) ld      a4, -32(s0)
core   0: 3 0x000000008000fe84 (0xfe043703) x14 0x00000000800120a6 mem 0x0000000080031f50
core   0: 0x000000008000fe88 (0xfcf76de3) bltu    a4, a5, pc - 38
core   0: 3 0x000000008000fe88 (0xfcf76de3)
core   0: 0x000000008000fe62 (0xfe043783) ld      a5, -32(s0)
core   0: 3 0x000000008000fe62 (0xfe043783) x15 0x00000000800120a6 mem 0x0000000080031f50
core   0: 0x000000008000fe66 (0x00178713) addi    a4, a5, 1
core   0: 3 0x000000008000fe66 (0x00178713) x14 0x00000000800120a7
core   0: 0x000000008000fe6a (0xfee43023) sd      a4, -32(s0)
core   0: 3 0x000000008000fe6a (0xfee43023) mem 0x0000000080031f50 0x00000000800120a7
core   0: 0x000000008000fe6e (0xfc442703) lw      a4, -60(s0)
core   0: 3 0x000000008000fe6e (0xfc442703) x14 0x0000000000000000 mem 0x0000000080031f34
core   0: 0x000000008000fe72 (0x0ff77713) andi    a4, a4, 255
core   0: 3 0x000000008000fe72 (0x0ff77713) x14 0x0000000000000000
core   0: 0x000000008000fe76 (0x00e78023) sb      a4, 0(a5)
core   0: 3 0x000000008000fe76 (0x00e78023) mem 0x00000000800120a6 0x00
core   0: 0x000000008000fe7a (0xfc843703) ld      a4, -56(s0)
core   0: 3 0x000000008000fe7a (0xfc843703) x14 0x0000000080012040 mem 0x0000000080031f38
core   0: 0x000000008000fe7e (0xfb843783) ld      a5, -72(s0)
core   0: 3 0x000000008000fe7e (0xfb843783) x15 0x000000000000009c mem 0x0000000080031f28
core   0: 0x000000008000fe82 (0x000097ba) c.add   a5, a4
core   0: 3 0x000000008000fe82 (0x97ba) x15 0x00000000800120dc
core   0: 0x000000008000fe84 (0xfe043703) ld      a4, -32(s0)
core   0: 3 0x000000008000fe84 (0xfe043703) x14 0x00000000800120a7 mem 0x0000000080031f50
core   0: 0x000000008000fe88 (0xfcf76de3) bltu    a4, a5, pc - 38
core   0: 3 0x000000008000fe88 (0xfcf76de3)
core   0: 0x000000008000fe62 (0xfe043783) ld      a5, -32(s0)
core   0: 3 0x000000008000fe62 (0xfe043783) x15 0x00000000800120a7 mem 0x0000000080031f50
core   0: 0x000000008000fe66 (0x00178713) addi    a4, a5, 1
core   0: 3 0x000000008000fe66 (0x00178713) x14 0x00000000800120a8
core   0: 0x000000008000fe6a (0xfee43023) sd      a4, -32(s0)
core   0: 3 0x000000008000fe6a (0xfee43023) mem 0x0000000080031f50 0x00000000800120a8
core   0: 0x000000008000fe6e (0xfc442703) lw      a4, -60(s0)
core   0: 3 0x000000008000fe6e (0xfc442703) x14 0x0000000000000000 mem 0x0000000080031f34
core   0: 0x000000008000fe72 (0x0ff77713) andi    a4, a4, 255
core   0: 3 0x000000008000fe72 (0x0ff77713) x14 0x0000000000000000
core   0: 0x000000008000fe76 (0x00e78023) sb      a4, 0(a5)
core   0: 3 0x000000008000fe76 (0x00e78023) mem 0x00000000800120a7 0x00
core   0: 0x000000008000fe7a (0xfc843703) ld      a4, -56(s0)
core   0: 3 0x000000008000fe7a (0xfc843703) x14 0x0000000080012040 mem 0x0000000080031f38
core   0: 0x000000008000fe7e (0xfb843783) ld      a5, -72(s0)
core   0: 3 0x000000008000fe7e (0xfb843783) x15 0x000000000000009c mem 0x0000000080031f28
core   0: 0x000000008000fe82 (0x000097ba) c.add   a5, a4
core   0: 3 0x000000008000fe82 (0x97ba) x15 0x00000000800120dc
core   0: 0x000000008000fe84 (0xfe043703) ld      a4, -32(s0)
core   0: 3 0x000000008000fe84 (0xfe043703) x14 0x00000000800120a8 mem 0x0000000080031f50
core   0: 0x000000008000fe88 (0xfcf76de3) bltu    a4, a5, pc - 38
core   0: 3 0x000000008000fe88 (0xfcf76de3)
core   0: 0x000000008000fe62 (0xfe043783) ld      a5, -32(s0)
core   0: 3 0x000000008000fe62 (0xfe043783) x15 0x00000000800120a8 mem 0x0000000080031f50
core   0: 0x000000008000fe66 (0x00178713) addi    a4, a5, 1
core   0: 3 0x000000008000fe66 (0x00178713) x14 0x00000000800120a9
core   0: 0x000000008000fe6a (0xfee43023) sd      a4, -32(s0)
core   0: 3 0x000000008000fe6a (0xfee43023) mem 0x0000000080031f50 0x00000000800120a9
core   0: 0x000000008000fe6e (0xfc442703) lw      a4, -60(s0)
core   0: 3 0x000000008000fe6e (0xfc442703) x14 0x0000000000000000 mem 0x0000000080031f34
core   0: 0x000000008000fe72 (0x0ff77713) andi    a4, a4, 255
core   0: 3 0x000000008000fe72 (0x0ff77713) x14 0x0000000000000000
core   0: 0x000000008000fe76 (0x00e78023) sb      a4, 0(a5)
core   0: 3 0x000000008000fe76 (0x00e78023) mem 0x00000000800120a8 0x00
core   0: 0x000000008000fe7a (0xfc843703) ld      a4, -56(s0)
core   0: 3 0x000000008000fe7a (0xfc843703) x14 0x0000000080012040 mem 0x0000000080031f38
core   0: 0x000000008000fe7e (0xfb843783) ld      a5, -72(s0)
core   0: 3 0x000000008000fe7e (0xfb843783) x15 0x000000000000009c mem 0x0000000080031f28
core   0: 0x000000008000fe82 (0x000097ba) c.add   a5, a4
core   0: 3 0x000000008000fe82 (0x97ba) x15 0x00000000800120dc
core   0: 0x000000008000fe84 (0xfe043703) ld      a4, -32(s0)
core   0: 3 0x000000008000fe84 (0xfe043703) x14 0x00000000800120a9 mem 0x0000000080031f50
core   0: 0x000000008000fe88 (0xfcf76de3) bltu    a4, a5, pc - 38
core   0: 3 0x000000008000fe88 (0xfcf76de3)
core   0: 0x000000008000fe62 (0xfe043783) ld      a5, -32(s0)
core   0: 3 0x000000008000fe62 (0xfe043783) x15 0x00000000800120a9 mem 0x0000000080031f50
core   0: 0x000000008000fe66 (0x00178713) addi    a4, a5, 1
core   0: 3 0x000000008000fe66 (0x00178713) x14 0x00000000800120aa
core   0: 0x000000008000fe6a (0xfee43023) sd      a4, -32(s0)
core   0: 3 0x000000008000fe6a (0xfee43023) mem 0x0000000080031f50 0x00000000800120aa
core   0: 0x000000008000fe6e (0xfc442703) lw      a4, -60(s0)
core   0: 3 0x000000008000fe6e (0xfc442703) x14 0x0000000000000000 mem 0x0000000080031f34
core   0: 0x000000008000fe72 (0x0ff77713) andi    a4, a4, 255
core   0: 3 0x000000008000fe72 (0x0ff77713) x14 0x0000000000000000
core   0: 0x000000008000fe76 (0x00e78023) sb      a4, 0(a5)
core   0: 3 0x000000008000fe76 (0x00e78023) mem 0x00000000800120a9 0x00
core   0: 0x000000008000fe7a (0xfc843703) ld      a4, -56(s0)
core   0: 3 0x000000008000fe7a (0xfc843703) x14 0x0000000080012040 mem 0x0000000080031f38
core   0: 0x000000008000fe7e (0xfb843783) ld      a5, -72(s0)
core   0: 3 0x000000008000fe7e (0xfb843783) x15 0x000000000000009c mem 0x0000000080031f28
core   0: 0x000000008000fe82 (0x000097ba) c.add   a5, a4
core   0: 3 0x000000008000fe82 (0x97ba) x15 0x00000000800120dc
core   0: 0x000000008000fe84 (0xfe043703) ld      a4, -32(s0)
core   0: 3 0x000000008000fe84 (0xfe043703) x14 0x00000000800120aa mem 0x0000000080031f50
core   0: 0x000000008000fe88 (0xfcf76de3) bltu    a4, a5, pc - 38
core   0: 3 0x000000008000fe88 (0xfcf76de3)
core   0: 0x000000008000fe62 (0xfe043783) ld      a5, -32(s0)
core   0: 3 0x000000008000fe62 (0xfe043783) x15 0x00000000800120aa mem 0x0000000080031f50
core   0: 0x000000008000fe66 (0x00178713) addi    a4, a5, 1
core   0: 3 0x000000008000fe66 (0x00178713) x14 0x00000000800120ab
core   0: 0x000000008000fe6a (0xfee43023) sd      a4, -32(s0)
core   0: 3 0x000000008000fe6a (0xfee43023) mem 0x0000000080031f50 0x00000000800120ab
core   0: 0x000000008000fe6e (0xfc442703) lw      a4, -60(s0)
core   0: 3 0x000000008000fe6e (0xfc442703) x14 0x0000000000000000 mem 0x0000000080031f34
core   0: 0x000000008000fe72 (0x0ff77713) andi    a4, a4, 255
core   0: 3 0x000000008000fe72 (0x0ff77713) x14 0x0000000000000000
core   0: 0x000000008000fe76 (0x00e78023) sb      a4, 0(a5)
core   0: 3 0x000000008000fe76 (0x00e78023) mem 0x00000000800120aa 0x00
core   0: 0x000000008000fe7a (0xfc843703) ld      a4, -56(s0)
core   0: 3 0x000000008000fe7a (0xfc843703) x14 0x0000000080012040 mem 0x0000000080031f38
core   0: 0x000000008000fe7e (0xfb843783) ld      a5, -72(s0)
core   0: 3 0x000000008000fe7e (0xfb843783) x15 0x000000000000009c mem 0x0000000080031f28
core   0: 0x000000008000fe82 (0x000097ba) c.add   a5, a4
core   0: 3 0x000000008000fe82 (0x97ba) x15 0x00000000800120dc
core   0: 0x000000008000fe84 (0xfe043703) ld      a4, -32(s0)
core   0: 3 0x000000008000fe84 (0xfe043703) x14 0x00000000800120ab mem 0x0000000080031f50
core   0: 0x000000008000fe88 (0xfcf76de3) bltu    a4, a5, pc - 38
core   0: 3 0x000000008000fe88 (0xfcf76de3)
core   0: 0x000000008000fe62 (0xfe043783) ld      a5, -32(s0)
core   0: 3 0x000000008000fe62 (0xfe043783) x15 0x00000000800120ab mem 0x0000000080031f50
core   0: 0x000000008000fe66 (0x00178713) addi    a4, a5, 1
core   0: 3 0x000000008000fe66 (0x00178713) x14 0x00000000800120ac
core   0: 0x000000008000fe6a (0xfee43023) sd      a4, -32(s0)
core   0: 3 0x000000008000fe6a (0xfee43023) mem 0x0000000080031f50 0x00000000800120ac
core   0: 0x000000008000fe6e (0xfc442703) lw      a4, -60(s0)
core   0: 3 0x000000008000fe6e (0xfc442703) x14 0x0000000000000000 mem 0x0000000080031f34
core   0: 0x000000008000fe72 (0x0ff77713) andi    a4, a4, 255
core   0: 3 0x000000008000fe72 (0x0ff77713) x14 0x0000000000000000
core   0: 0x000000008000fe76 (0x00e78023) sb      a4, 0(a5)
core   0: 3 0x000000008000fe76 (0x00e78023) mem 0x00000000800120ab 0x00
core   0: 0x000000008000fe7a (0xfc843703) ld      a4, -56(s0)
core   0: 3 0x000000008000fe7a (0xfc843703) x14 0x0000000080012040 mem 0x0000000080031f38
core   0: 0x000000008000fe7e (0xfb843783) ld      a5, -72(s0)
core   0: 3 0x000000008000fe7e (0xfb843783) x15 0x000000000000009c mem 0x0000000080031f28
core   0: 0x000000008000fe82 (0x000097ba) c.add   a5, a4
core   0: 3 0x000000008000fe82 (0x97ba) x15 0x00000000800120dc
core   0: 0x000000008000fe84 (0xfe043703) ld      a4, -32(s0)
core   0: 3 0x000000008000fe84 (0xfe043703) x14 0x00000000800120ac mem 0x0000000080031f50
core   0: 0x000000008000fe88 (0xfcf76de3) bltu    a4, a5, pc - 38
core   0: 3 0x000000008000fe88 (0xfcf76de3)
core   0: 0x000000008000fe62 (0xfe043783) ld      a5, -32(s0)
core   0: 3 0x000000008000fe62 (0xfe043783) x15 0x00000000800120ac mem 0x0000000080031f50
core   0: 0x000000008000fe66 (0x00178713) addi    a4, a5, 1
core   0: 3 0x000000008000fe66 (0x00178713) x14 0x00000000800120ad
core   0: 0x000000008000fe6a (0xfee43023) sd      a4, -32(s0)
core   0: 3 0x000000008000fe6a (0xfee43023) mem 0x0000000080031f50 0x00000000800120ad
core   0: 0x000000008000fe6e (0xfc442703) lw      a4, -60(s0)
core   0: 3 0x000000008000fe6e (0xfc442703) x14 0x0000000000000000 mem 0x0000000080031f34
core   0: 0x000000008000fe72 (0x0ff77713) andi    a4, a4, 255
core   0: 3 0x000000008000fe72 (0x0ff77713) x14 0x0000000000000000
core   0: 0x000000008000fe76 (0x00e78023) sb      a4, 0(a5)
core   0: 3 0x000000008000fe76 (0x00e78023) mem 0x00000000800120ac 0x00
core   0: 0x000000008000fe7a (0xfc843703) ld      a4, -56(s0)
core   0: 3 0x000000008000fe7a (0xfc843703) x14 0x0000000080012040 mem 0x0000000080031f38
core   0: 0x000000008000fe7e (0xfb843783) ld      a5, -72(s0)
core   0: 3 0x000000008000fe7e (0xfb843783) x15 0x000000000000009c mem 0x0000000080031f28
core   0: 0x000000008000fe82 (0x000097ba) c.add   a5, a4
core   0: 3 0x000000008000fe82 (0x97ba) x15 0x00000000800120dc
core   0: 0x000000008000fe84 (0xfe043703) ld      a4, -32(s0)
core   0: 3 0x000000008000fe84 (0xfe043703) x14 0x00000000800120ad mem 0x0000000080031f50
core   0: 0x000000008000fe88 (0xfcf76de3) bltu    a4, a5, pc - 38
core   0: 3 0x000000008000fe88 (0xfcf76de3)
core   0: 0x000000008000fe62 (0xfe043783) ld      a5, -32(s0)
core   0: 3 0x000000008000fe62 (0xfe043783) x15 0x00000000800120ad mem 0x0000000080031f50
core   0: 0x000000008000fe66 (0x00178713) addi    a4, a5, 1
core   0: 3 0x000000008000fe66 (0x00178713) x14 0x00000000800120ae
core   0: 0x000000008000fe6a (0xfee43023) sd      a4, -32(s0)
core   0: 3 0x000000008000fe6a (0xfee43023) mem 0x0000000080031f50 0x00000000800120ae
core   0: 0x000000008000fe6e (0xfc442703) lw      a4, -60(s0)
core   0: 3 0x000000008000fe6e (0xfc442703) x14 0x0000000000000000 mem 0x0000000080031f34
core   0: 0x000000008000fe72 (0x0ff77713) andi    a4, a4, 255
core   0: 3 0x000000008000fe72 (0x0ff77713) x14 0x0000000000000000
core   0: 0x000000008000fe76 (0x00e78023) sb      a4, 0(a5)
core   0: 3 0x000000008000fe76 (0x00e78023) mem 0x00000000800120ad 0x00
core   0: 0x000000008000fe7a (0xfc843703) ld      a4, -56(s0)
core   0: 3 0x000000008000fe7a (0xfc843703) x14 0x0000000080012040 mem 0x0000000080031f38
core   0: 0x000000008000fe7e (0xfb843783) ld      a5, -72(s0)
core   0: 3 0x000000008000fe7e (0xfb843783) x15 0x000000000000009c mem 0x0000000080031f28
core   0: 0x000000008000fe82 (0x000097ba) c.add   a5, a4
core   0: 3 0x000000008000fe82 (0x97ba) x15 0x00000000800120dc
core   0: 0x000000008000fe84 (0xfe043703) ld      a4, -32(s0)
core   0: 3 0x000000008000fe84 (0xfe043703) x14 0x00000000800120ae mem 0x0000000080031f50
core   0: 0x000000008000fe88 (0xfcf76de3) bltu    a4, a5, pc - 38
core   0: 3 0x000000008000fe88 (0xfcf76de3)
core   0: 0x000000008000fe62 (0xfe043783) ld      a5, -32(s0)
core   0: 3 0x000000008000fe62 (0xfe043783) x15 0x00000000800120ae mem 0x0000000080031f50
core   0: 0x000000008000fe66 (0x00178713) addi    a4, a5, 1
core   0: 3 0x000000008000fe66 (0x00178713) x14 0x00000000800120af
core   0: 0x000000008000fe6a (0xfee43023) sd      a4, -32(s0)
core   0: 3 0x000000008000fe6a (0xfee43023) mem 0x0000000080031f50 0x00000000800120af
core   0: 0x000000008000fe6e (0xfc442703) lw      a4, -60(s0)
core   0: 3 0x000000008000fe6e (0xfc442703) x14 0x0000000000000000 mem 0x0000000080031f34
core   0: 0x000000008000fe72 (0x0ff77713) andi    a4, a4, 255
core   0: 3 0x000000008000fe72 (0x0ff77713) x14 0x0000000000000000
core   0: 0x000000008000fe76 (0x00e78023) sb      a4, 0(a5)
core   0: 3 0x000000008000fe76 (0x00e78023) mem 0x00000000800120ae 0x00
core   0: 0x000000008000fe7a (0xfc843703) ld      a4, -56(s0)
core   0: 3 0x000000008000fe7a (0xfc843703) x14 0x0000000080012040 mem 0x0000000080031f38
core   0: 0x000000008000fe7e (0xfb843783) ld      a5, -72(s0)
core   0: 3 0x000000008000fe7e (0xfb843783) x15 0x000000000000009c mem 0x0000000080031f28
core   0: 0x000000008000fe82 (0x000097ba) c.add   a5, a4
core   0: 3 0x000000008000fe82 (0x97ba) x15 0x00000000800120dc
core   0: 0x000000008000fe84 (0xfe043703) ld      a4, -32(s0)
core   0: 3 0x000000008000fe84 (0xfe043703) x14 0x00000000800120af mem 0x0000000080031f50
core   0: 0x000000008000fe88 (0xfcf76de3) bltu    a4, a5, pc - 38
core   0: 3 0x000000008000fe88 (0xfcf76de3)
core   0: 0x000000008000fe62 (0xfe043783) ld      a5, -32(s0)
core   0: 3 0x000000008000fe62 (0xfe043783) x15 0x00000000800120af mem 0x0000000080031f50
core   0: 0x000000008000fe66 (0x00178713) addi    a4, a5, 1
core   0: 3 0x000000008000fe66 (0x00178713) x14 0x00000000800120b0
core   0: 0x000000008000fe6a (0xfee43023) sd      a4, -32(s0)
core   0: 3 0x000000008000fe6a (0xfee43023) mem 0x0000000080031f50 0x00000000800120b0
core   0: 0x000000008000fe6e (0xfc442703) lw      a4, -60(s0)
core   0: 3 0x000000008000fe6e (0xfc442703) x14 0x0000000000000000 mem 0x0000000080031f34
core   0: 0x000000008000fe72 (0x0ff77713) andi    a4, a4, 255
core   0: 3 0x000000008000fe72 (0x0ff77713) x14 0x0000000000000000
core   0: 0x000000008000fe76 (0x00e78023) sb      a4, 0(a5)
core   0: 3 0x000000008000fe76 (0x00e78023) mem 0x00000000800120af 0x00
core   0: 0x000000008000fe7a (0xfc843703) ld      a4, -56(s0)
core   0: 3 0x000000008000fe7a (0xfc843703) x14 0x0000000080012040 mem 0x0000000080031f38
core   0: 0x000000008000fe7e (0xfb843783) ld      a5, -72(s0)
core   0: 3 0x000000008000fe7e (0xfb843783) x15 0x000000000000009c mem 0x0000000080031f28
core   0: 0x000000008000fe82 (0x000097ba) c.add   a5, a4
core   0: 3 0x000000008000fe82 (0x97ba) x15 0x00000000800120dc
core   0: 0x000000008000fe84 (0xfe043703) ld      a4, -32(s0)
core   0: 3 0x000000008000fe84 (0xfe043703) x14 0x00000000800120b0 mem 0x0000000080031f50
core   0: 0x000000008000fe88 (0xfcf76de3) bltu    a4, a5, pc - 38
core   0: 3 0x000000008000fe88 (0xfcf76de3)
core   0: 0x000000008000fe62 (0xfe043783) ld      a5, -32(s0)
core   0: 3 0x000000008000fe62 (0xfe043783) x15 0x00000000800120b0 mem 0x0000000080031f50
core   0: 0x000000008000fe66 (0x00178713) addi    a4, a5, 1
core   0: 3 0x000000008000fe66 (0x00178713) x14 0x00000000800120b1
core   0: 0x000000008000fe6a (0xfee43023) sd      a4, -32(s0)
core   0: 3 0x000000008000fe6a (0xfee43023) mem 0x0000000080031f50 0x00000000800120b1
core   0: 0x000000008000fe6e (0xfc442703) lw      a4, -60(s0)
core   0: 3 0x000000008000fe6e (0xfc442703) x14 0x0000000000000000 mem 0x0000000080031f34
core   0: 0x000000008000fe72 (0x0ff77713) andi    a4, a4, 255
core   0: 3 0x000000008000fe72 (0x0ff77713) x14 0x0000000000000000
core   0: 0x000000008000fe76 (0x00e78023) sb      a4, 0(a5)
core   0: 3 0x000000008000fe76 (0x00e78023) mem 0x00000000800120b0 0x00
core   0: 0x000000008000fe7a (0xfc843703) ld      a4, -56(s0)
core   0: 3 0x000000008000fe7a (0xfc843703) x14 0x0000000080012040 mem 0x0000000080031f38
core   0: 0x000000008000fe7e (0xfb843783) ld      a5, -72(s0)
core   0: 3 0x000000008000fe7e (0xfb843783) x15 0x000000000000009c mem 0x0000000080031f28
core   0: 0x000000008000fe82 (0x000097ba) c.add   a5, a4
core   0: 3 0x000000008000fe82 (0x97ba) x15 0x00000000800120dc
core   0: 0x000000008000fe84 (0xfe043703) ld      a4, -32(s0)
core   0: 3 0x000000008000fe84 (0xfe043703) x14 0x00000000800120b1 mem 0x0000000080031f50
core   0: 0x000000008000fe88 (0xfcf76de3) bltu    a4, a5, pc - 38
core   0: 3 0x000000008000fe88 (0xfcf76de3)
core   0: 0x000000008000fe62 (0xfe043783) ld      a5, -32(s0)
core   0: 3 0x000000008000fe62 (0xfe043783) x15 0x00000000800120b1 mem 0x0000000080031f50
core   0: 0x000000008000fe66 (0x00178713) addi    a4, a5, 1
core   0: 3 0x000000008000fe66 (0x00178713) x14 0x00000000800120b2
core   0: 0x000000008000fe6a (0xfee43023) sd      a4, -32(s0)
core   0: 3 0x000000008000fe6a (0xfee43023) mem 0x0000000080031f50 0x00000000800120b2
core   0: 0x000000008000fe6e (0xfc442703) lw      a4, -60(s0)
core   0: 3 0x000000008000fe6e (0xfc442703) x14 0x0000000000000000 mem 0x0000000080031f34
core   0: 0x000000008000fe72 (0x0ff77713) andi    a4, a4, 255
core   0: 3 0x000000008000fe72 (0x0ff77713) x14 0x0000000000000000
core   0: 0x000000008000fe76 (0x00e78023) sb      a4, 0(a5)
core   0: 3 0x000000008000fe76 (0x00e78023) mem 0x00000000800120b1 0x00
core   0: 0x000000008000fe7a (0xfc843703) ld      a4, -56(s0)
core   0: 3 0x000000008000fe7a (0xfc843703) x14 0x0000000080012040 mem 0x0000000080031f38
core   0: 0x000000008000fe7e (0xfb843783) ld      a5, -72(s0)
core   0: 3 0x000000008000fe7e (0xfb843783) x15 0x000000000000009c mem 0x0000000080031f28
core   0: 0x000000008000fe82 (0x000097ba) c.add   a5, a4
core   0: 3 0x000000008000fe82 (0x97ba) x15 0x00000000800120dc
core   0: 0x000000008000fe84 (0xfe043703) ld      a4, -32(s0)
core   0: 3 0x000000008000fe84 (0xfe043703) x14 0x00000000800120b2 mem 0x0000000080031f50
core   0: 0x000000008000fe88 (0xfcf76de3) bltu    a4, a5, pc - 38
core   0: 3 0x000000008000fe88 (0xfcf76de3)
core   0: 0x000000008000fe62 (0xfe043783) ld      a5, -32(s0)
core   0: 3 0x000000008000fe62 (0xfe043783) x15 0x00000000800120b2 mem 0x0000000080031f50
core   0: 0x000000008000fe66 (0x00178713) addi    a4, a5, 1
core   0: 3 0x000000008000fe66 (0x00178713) x14 0x00000000800120b3
core   0: 0x000000008000fe6a (0xfee43023) sd      a4, -32(s0)
core   0: 3 0x000000008000fe6a (0xfee43023) mem 0x0000000080031f50 0x00000000800120b3
core   0: 0x000000008000fe6e (0xfc442703) lw      a4, -60(s0)
core   0: 3 0x000000008000fe6e (0xfc442703) x14 0x0000000000000000 mem 0x0000000080031f34
core   0: 0x000000008000fe72 (0x0ff77713) andi    a4, a4, 255
core   0: 3 0x000000008000fe72 (0x0ff77713) x14 0x0000000000000000
core   0: 0x000000008000fe76 (0x00e78023) sb      a4, 0(a5)
core   0: 3 0x000000008000fe76 (0x00e78023) mem 0x00000000800120b2 0x00
core   0: 0x000000008000fe7a (0xfc843703) ld      a4, -56(s0)
core   0: 3 0x000000008000fe7a (0xfc843703) x14 0x0000000080012040 mem 0x0000000080031f38
core   0: 0x000000008000fe7e (0xfb843783) ld      a5, -72(s0)
core   0: 3 0x000000008000fe7e (0xfb843783) x15 0x000000000000009c mem 0x0000000080031f28
core   0: 0x000000008000fe82 (0x000097ba) c.add   a5, a4
core   0: 3 0x000000008000fe82 (0x97ba) x15 0x00000000800120dc
core   0: 0x000000008000fe84 (0xfe043703) ld      a4, -32(s0)
core   0: 3 0x000000008000fe84 (0xfe043703) x14 0x00000000800120b3 mem 0x0000000080031f50
core   0: 0x000000008000fe88 (0xfcf76de3) bltu    a4, a5, pc - 38
core   0: 3 0x000000008000fe88 (0xfcf76de3)
core   0: 0x000000008000fe62 (0xfe043783) ld      a5, -32(s0)
core   0: 3 0x000000008000fe62 (0xfe043783) x15 0x00000000800120b3 mem 0x0000000080031f50
core   0: 0x000000008000fe66 (0x00178713) addi    a4, a5, 1
core   0: 3 0x000000008000fe66 (0x00178713) x14 0x00000000800120b4
core   0: 0x000000008000fe6a (0xfee43023) sd      a4, -32(s0)
core   0: 3 0x000000008000fe6a (0xfee43023) mem 0x0000000080031f50 0x00000000800120b4
core   0: 0x000000008000fe6e (0xfc442703) lw      a4, -60(s0)
core   0: 3 0x000000008000fe6e (0xfc442703) x14 0x0000000000000000 mem 0x0000000080031f34
core   0: 0x000000008000fe72 (0x0ff77713) andi    a4, a4, 255
core   0: 3 0x000000008000fe72 (0x0ff77713) x14 0x0000000000000000
core   0: 0x000000008000fe76 (0x00e78023) sb      a4, 0(a5)
core   0: 3 0x000000008000fe76 (0x00e78023) mem 0x00000000800120b3 0x00
core   0: 0x000000008000fe7a (0xfc843703) ld      a4, -56(s0)
core   0: 3 0x000000008000fe7a (0xfc843703) x14 0x0000000080012040 mem 0x0000000080031f38
core   0: 0x000000008000fe7e (0xfb843783) ld      a5, -72(s0)
core   0: 3 0x000000008000fe7e (0xfb843783) x15 0x000000000000009c mem 0x0000000080031f28
core   0: 0x000000008000fe82 (0x000097ba) c.add   a5, a4
core   0: 3 0x000000008000fe82 (0x97ba) x15 0x00000000800120dc
core   0: 0x000000008000fe84 (0xfe043703) ld      a4, -32(s0)
core   0: 3 0x000000008000fe84 (0xfe043703) x14 0x00000000800120b4 mem 0x0000000080031f50
core   0: 0x000000008000fe88 (0xfcf76de3) bltu    a4, a5, pc - 38
core   0: 3 0x000000008000fe88 (0xfcf76de3)
core   0: 0x000000008000fe62 (0xfe043783) ld      a5, -32(s0)
core   0: 3 0x000000008000fe62 (0xfe043783) x15 0x00000000800120b4 mem 0x0000000080031f50
core   0: 0x000000008000fe66 (0x00178713) addi    a4, a5, 1
core   0: 3 0x000000008000fe66 (0x00178713) x14 0x00000000800120b5
core   0: 0x000000008000fe6a (0xfee43023) sd      a4, -32(s0)
core   0: 3 0x000000008000fe6a (0xfee43023) mem 0x0000000080031f50 0x00000000800120b5
core   0: 0x000000008000fe6e (0xfc442703) lw      a4, -60(s0)
core   0: 3 0x000000008000fe6e (0xfc442703) x14 0x0000000000000000 mem 0x0000000080031f34
core   0: 0x000000008000fe72 (0x0ff77713) andi    a4, a4, 255
core   0: 3 0x000000008000fe72 (0x0ff77713) x14 0x0000000000000000
core   0: 0x000000008000fe76 (0x00e78023) sb      a4, 0(a5)
core   0: 3 0x000000008000fe76 (0x00e78023) mem 0x00000000800120b4 0x00
core   0: 0x000000008000fe7a (0xfc843703) ld      a4, -56(s0)
core   0: 3 0x000000008000fe7a (0xfc843703) x14 0x0000000080012040 mem 0x0000000080031f38
core   0: 0x000000008000fe7e (0xfb843783) ld      a5, -72(s0)
core   0: 3 0x000000008000fe7e (0xfb843783) x15 0x000000000000009c mem 0x0000000080031f28
core   0: 0x000000008000fe82 (0x000097ba) c.add   a5, a4
core   0: 3 0x000000008000fe82 (0x97ba) x15 0x00000000800120dc
core   0: 0x000000008000fe84 (0xfe043703) ld      a4, -32(s0)
core   0: 3 0x000000008000fe84 (0xfe043703) x14 0x00000000800120b5 mem 0x0000000080031f50
core   0: 0x000000008000fe88 (0xfcf76de3) bltu    a4, a5, pc - 38
core   0: 3 0x000000008000fe88 (0xfcf76de3)
core   0: 0x000000008000fe62 (0xfe043783) ld      a5, -32(s0)
core   0: 3 0x000000008000fe62 (0xfe043783) x15 0x00000000800120b5 mem 0x0000000080031f50
core   0: 0x000000008000fe66 (0x00178713) addi    a4, a5, 1
core   0: 3 0x000000008000fe66 (0x00178713) x14 0x00000000800120b6
core   0: 0x000000008000fe6a (0xfee43023) sd      a4, -32(s0)
core   0: 3 0x000000008000fe6a (0xfee43023) mem 0x0000000080031f50 0x00000000800120b6
core   0: 0x000000008000fe6e (0xfc442703) lw      a4, -60(s0)
core   0: 3 0x000000008000fe6e (0xfc442703) x14 0x0000000000000000 mem 0x0000000080031f34
core   0: 0x000000008000fe72 (0x0ff77713) andi    a4, a4, 255
core   0: 3 0x000000008000fe72 (0x0ff77713) x14 0x0000000000000000
core   0: 0x000000008000fe76 (0x00e78023) sb      a4, 0(a5)
core   0: 3 0x000000008000fe76 (0x00e78023) mem 0x00000000800120b5 0x00
core   0: 0x000000008000fe7a (0xfc843703) ld      a4, -56(s0)
core   0: 3 0x000000008000fe7a (0xfc843703) x14 0x0000000080012040 mem 0x0000000080031f38
core   0: 0x000000008000fe7e (0xfb843783) ld      a5, -72(s0)
core   0: 3 0x000000008000fe7e (0xfb843783) x15 0x000000000000009c mem 0x0000000080031f28
core   0: 0x000000008000fe82 (0x000097ba) c.add   a5, a4
core   0: 3 0x000000008000fe82 (0x97ba) x15 0x00000000800120dc
core   0: 0x000000008000fe84 (0xfe043703) ld      a4, -32(s0)
core   0: 3 0x000000008000fe84 (0xfe043703) x14 0x00000000800120b6 mem 0x0000000080031f50
core   0: 0x000000008000fe88 (0xfcf76de3) bltu    a4, a5, pc - 38
core   0: 3 0x000000008000fe88 (0xfcf76de3)
core   0: 0x000000008000fe62 (0xfe043783) ld      a5, -32(s0)
core   0: 3 0x000000008000fe62 (0xfe043783) x15 0x00000000800120b6 mem 0x0000000080031f50
core   0: 0x000000008000fe66 (0x00178713) addi    a4, a5, 1
core   0: 3 0x000000008000fe66 (0x00178713) x14 0x00000000800120b7
core   0: 0x000000008000fe6a (0xfee43023) sd      a4, -32(s0)
core   0: 3 0x000000008000fe6a (0xfee43023) mem 0x0000000080031f50 0x00000000800120b7
core   0: 0x000000008000fe6e (0xfc442703) lw      a4, -60(s0)
core   0: 3 0x000000008000fe6e (0xfc442703) x14 0x0000000000000000 mem 0x0000000080031f34
core   0: 0x000000008000fe72 (0x0ff77713) andi    a4, a4, 255
core   0: 3 0x000000008000fe72 (0x0ff77713) x14 0x0000000000000000
core   0: 0x000000008000fe76 (0x00e78023) sb      a4, 0(a5)
core   0: 3 0x000000008000fe76 (0x00e78023) mem 0x00000000800120b6 0x00
core   0: 0x000000008000fe7a (0xfc843703) ld      a4, -56(s0)
core   0: 3 0x000000008000fe7a (0xfc843703) x14 0x0000000080012040 mem 0x0000000080031f38
core   0: 0x000000008000fe7e (0xfb843783) ld      a5, -72(s0)
core   0: 3 0x000000008000fe7e (0xfb843783) x15 0x000000000000009c mem 0x0000000080031f28
core   0: 0x000000008000fe82 (0x000097ba) c.add   a5, a4
core   0: 3 0x000000008000fe82 (0x97ba) x15 0x00000000800120dc
core   0: 0x000000008000fe84 (0xfe043703) ld      a4, -32(s0)
core   0: 3 0x000000008000fe84 (0xfe043703) x14 0x00000000800120b7 mem 0x0000000080031f50
core   0: 0x000000008000fe88 (0xfcf76de3) bltu    a4, a5, pc - 38
core   0: 3 0x000000008000fe88 (0xfcf76de3)
core   0: 0x000000008000fe62 (0xfe043783) ld      a5, -32(s0)
core   0: 3 0x000000008000fe62 (0xfe043783) x15 0x00000000800120b7 mem 0x0000000080031f50
core   0: 0x000000008000fe66 (0x00178713) addi    a4, a5, 1
core   0: 3 0x000000008000fe66 (0x00178713) x14 0x00000000800120b8
core   0: 0x000000008000fe6a (0xfee43023) sd      a4, -32(s0)
core   0: 3 0x000000008000fe6a (0xfee43023) mem 0x0000000080031f50 0x00000000800120b8
core   0: 0x000000008000fe6e (0xfc442703) lw      a4, -60(s0)
core   0: 3 0x000000008000fe6e (0xfc442703) x14 0x0000000000000000 mem 0x0000000080031f34
core   0: 0x000000008000fe72 (0x0ff77713) andi    a4, a4, 255
core   0: 3 0x000000008000fe72 (0x0ff77713) x14 0x0000000000000000
core   0: 0x000000008000fe76 (0x00e78023) sb      a4, 0(a5)
core   0: 3 0x000000008000fe76 (0x00e78023) mem 0x00000000800120b7 0x00
core   0: 0x000000008000fe7a (0xfc843703) ld      a4, -56(s0)
core   0: 3 0x000000008000fe7a (0xfc843703) x14 0x0000000080012040 mem 0x0000000080031f38
core   0: 0x000000008000fe7e (0xfb843783) ld      a5, -72(s0)
core   0: 3 0x000000008000fe7e (0xfb843783) x15 0x000000000000009c mem 0x0000000080031f28
core   0: 0x000000008000fe82 (0x000097ba) c.add   a5, a4
core   0: 3 0x000000008000fe82 (0x97ba) x15 0x00000000800120dc
core   0: 0x000000008000fe84 (0xfe043703) ld      a4, -32(s0)
core   0: 3 0x000000008000fe84 (0xfe043703) x14 0x00000000800120b8 mem 0x0000000080031f50
core   0: 0x000000008000fe88 (0xfcf76de3) bltu    a4, a5, pc - 38
core   0: 3 0x000000008000fe88 (0xfcf76de3)
core   0: 0x000000008000fe62 (0xfe043783) ld      a5, -32(s0)
core   0: 3 0x000000008000fe62 (0xfe043783) x15 0x00000000800120b8 mem 0x0000000080031f50
core   0: 0x000000008000fe66 (0x00178713) addi    a4, a5, 1
core   0: 3 0x000000008000fe66 (0x00178713) x14 0x00000000800120b9
core   0: 0x000000008000fe6a (0xfee43023) sd      a4, -32(s0)
core   0: 3 0x000000008000fe6a (0xfee43023) mem 0x0000000080031f50 0x00000000800120b9
core   0: 0x000000008000fe6e (0xfc442703) lw      a4, -60(s0)
core   0: 3 0x000000008000fe6e (0xfc442703) x14 0x0000000000000000 mem 0x0000000080031f34
core   0: 0x000000008000fe72 (0x0ff77713) andi    a4, a4, 255
core   0: 3 0x000000008000fe72 (0x0ff77713) x14 0x0000000000000000
core   0: 0x000000008000fe76 (0x00e78023) sb      a4, 0(a5)
core   0: 3 0x000000008000fe76 (0x00e78023) mem 0x00000000800120b8 0x00
core   0: 0x000000008000fe7a (0xfc843703) ld      a4, -56(s0)
core   0: 3 0x000000008000fe7a (0xfc843703) x14 0x0000000080012040 mem 0x0000000080031f38
core   0: 0x000000008000fe7e (0xfb843783) ld      a5, -72(s0)
core   0: 3 0x000000008000fe7e (0xfb843783) x15 0x000000000000009c mem 0x0000000080031f28
core   0: 0x000000008000fe82 (0x000097ba) c.add   a5, a4
core   0: 3 0x000000008000fe82 (0x97ba) x15 0x00000000800120dc
core   0: 0x000000008000fe84 (0xfe043703) ld      a4, -32(s0)
core   0: 3 0x000000008000fe84 (0xfe043703) x14 0x00000000800120b9 mem 0x0000000080031f50
core   0: 0x000000008000fe88 (0xfcf76de3) bltu    a4, a5, pc - 38
core   0: 3 0x000000008000fe88 (0xfcf76de3)
core   0: 0x000000008000fe62 (0xfe043783) ld      a5, -32(s0)
core   0: 3 0x000000008000fe62 (0xfe043783) x15 0x00000000800120b9 mem 0x0000000080031f50
core   0: 0x000000008000fe66 (0x00178713) addi    a4, a5, 1
core   0: 3 0x000000008000fe66 (0x00178713) x14 0x00000000800120ba
core   0: 0x000000008000fe6a (0xfee43023) sd      a4, -32(s0)
core   0: 3 0x000000008000fe6a (0xfee43023) mem 0x0000000080031f50 0x00000000800120ba
core   0: 0x000000008000fe6e (0xfc442703) lw      a4, -60(s0)
core   0: 3 0x000000008000fe6e (0xfc442703) x14 0x0000000000000000 mem 0x0000000080031f34
core   0: 0x000000008000fe72 (0x0ff77713) andi    a4, a4, 255
core   0: 3 0x000000008000fe72 (0x0ff77713) x14 0x0000000000000000
core   0: 0x000000008000fe76 (0x00e78023) sb      a4, 0(a5)
core   0: 3 0x000000008000fe76 (0x00e78023) mem 0x00000000800120b9 0x00
core   0: 0x000000008000fe7a (0xfc843703) ld      a4, -56(s0)
core   0: 3 0x000000008000fe7a (0xfc843703) x14 0x0000000080012040 mem 0x0000000080031f38
core   0: 0x000000008000fe7e (0xfb843783) ld      a5, -72(s0)
core   0: 3 0x000000008000fe7e (0xfb843783) x15 0x000000000000009c mem 0x0000000080031f28
core   0: 0x000000008000fe82 (0x000097ba) c.add   a5, a4
core   0: 3 0x000000008000fe82 (0x97ba) x15 0x00000000800120dc
core   0: 0x000000008000fe84 (0xfe043703) ld      a4, -32(s0)
core   0: 3 0x000000008000fe84 (0xfe043703) x14 0x00000000800120ba mem 0x0000000080031f50
core   0: 0x000000008000fe88 (0xfcf76de3) bltu    a4, a5, pc - 38
core   0: 3 0x000000008000fe88 (0xfcf76de3)
core   0: 0x000000008000fe62 (0xfe043783) ld      a5, -32(s0)
core   0: 3 0x000000008000fe62 (0xfe043783) x15 0x00000000800120ba mem 0x0000000080031f50
core   0: 0x000000008000fe66 (0x00178713) addi    a4, a5, 1
core   0: 3 0x000000008000fe66 (0x00178713) x14 0x00000000800120bb
core   0: 0x000000008000fe6a (0xfee43023) sd      a4, -32(s0)
core   0: 3 0x000000008000fe6a (0xfee43023) mem 0x0000000080031f50 0x00000000800120bb
core   0: 0x000000008000fe6e (0xfc442703) lw      a4, -60(s0)
core   0: 3 0x000000008000fe6e (0xfc442703) x14 0x0000000000000000 mem 0x0000000080031f34
core   0: 0x000000008000fe72 (0x0ff77713) andi    a4, a4, 255
core   0: 3 0x000000008000fe72 (0x0ff77713) x14 0x0000000000000000
core   0: 0x000000008000fe76 (0x00e78023) sb      a4, 0(a5)
core   0: 3 0x000000008000fe76 (0x00e78023) mem 0x00000000800120ba 0x00
core   0: 0x000000008000fe7a (0xfc843703) ld      a4, -56(s0)
core   0: 3 0x000000008000fe7a (0xfc843703) x14 0x0000000080012040 mem 0x0000000080031f38
core   0: 0x000000008000fe7e (0xfb843783) ld      a5, -72(s0)
core   0: 3 0x000000008000fe7e (0xfb843783) x15 0x000000000000009c mem 0x0000000080031f28
core   0: 0x000000008000fe82 (0x000097ba) c.add   a5, a4
core   0: 3 0x000000008000fe82 (0x97ba) x15 0x00000000800120dc
core   0: 0x000000008000fe84 (0xfe043703) ld      a4, -32(s0)
core   0: 3 0x000000008000fe84 (0xfe043703) x14 0x00000000800120bb mem 0x0000000080031f50
core   0: 0x000000008000fe88 (0xfcf76de3) bltu    a4, a5, pc - 38
core   0: 3 0x000000008000fe88 (0xfcf76de3)
core   0: 0x000000008000fe62 (0xfe043783) ld      a5, -32(s0)
core   0: 3 0x000000008000fe62 (0xfe043783) x15 0x00000000800120bb mem 0x0000000080031f50
core   0: 0x000000008000fe66 (0x00178713) addi    a4, a5, 1
core   0: 3 0x000000008000fe66 (0x00178713) x14 0x00000000800120bc
core   0: 0x000000008000fe6a (0xfee43023) sd      a4, -32(s0)
core   0: 3 0x000000008000fe6a (0xfee43023) mem 0x0000000080031f50 0x00000000800120bc
core   0: 0x000000008000fe6e (0xfc442703) lw      a4, -60(s0)
core   0: 3 0x000000008000fe6e (0xfc442703) x14 0x0000000000000000 mem 0x0000000080031f34
core   0: 0x000000008000fe72 (0x0ff77713) andi    a4, a4, 255
core   0: 3 0x000000008000fe72 (0x0ff77713) x14 0x0000000000000000
core   0: 0x000000008000fe76 (0x00e78023) sb      a4, 0(a5)
core   0: 3 0x000000008000fe76 (0x00e78023) mem 0x00000000800120bb 0x00
core   0: 0x000000008000fe7a (0xfc843703) ld      a4, -56(s0)
core   0: 3 0x000000008000fe7a (0xfc843703) x14 0x0000000080012040 mem 0x0000000080031f38
core   0: 0x000000008000fe7e (0xfb843783) ld      a5, -72(s0)
core   0: 3 0x000000008000fe7e (0xfb843783) x15 0x000000000000009c mem 0x0000000080031f28
core   0: 0x000000008000fe82 (0x000097ba) c.add   a5, a4
core   0: 3 0x000000008000fe82 (0x97ba) x15 0x00000000800120dc
core   0: 0x000000008000fe84 (0xfe043703) ld      a4, -32(s0)
core   0: 3 0x000000008000fe84 (0xfe043703) x14 0x00000000800120bc mem 0x0000000080031f50
core   0: 0x000000008000fe88 (0xfcf76de3) bltu    a4, a5, pc - 38
core   0: 3 0x000000008000fe88 (0xfcf76de3)
core   0: 0x000000008000fe62 (0xfe043783) ld      a5, -32(s0)
core   0: 3 0x000000008000fe62 (0xfe043783) x15 0x00000000800120bc mem 0x0000000080031f50
core   0: 0x000000008000fe66 (0x00178713) addi    a4, a5, 1
core   0: 3 0x000000008000fe66 (0x00178713) x14 0x00000000800120bd
core   0: 0x000000008000fe6a (0xfee43023) sd      a4, -32(s0)
core   0: 3 0x000000008000fe6a (0xfee43023) mem 0x0000000080031f50 0x00000000800120bd
core   0: 0x000000008000fe6e (0xfc442703) lw      a4, -60(s0)
core   0: 3 0x000000008000fe6e (0xfc442703) x14 0x0000000000000000 mem 0x0000000080031f34
core   0: 0x000000008000fe72 (0x0ff77713) andi    a4, a4, 255
core   0: 3 0x000000008000fe72 (0x0ff77713) x14 0x0000000000000000
core   0: 0x000000008000fe76 (0x00e78023) sb      a4, 0(a5)
core   0: 3 0x000000008000fe76 (0x00e78023) mem 0x00000000800120bc 0x00
core   0: 0x000000008000fe7a (0xfc843703) ld      a4, -56(s0)
core   0: 3 0x000000008000fe7a (0xfc843703) x14 0x0000000080012040 mem 0x0000000080031f38
core   0: 0x000000008000fe7e (0xfb843783) ld      a5, -72(s0)
core   0: 3 0x000000008000fe7e (0xfb843783) x15 0x000000000000009c mem 0x0000000080031f28
core   0: 0x000000008000fe82 (0x000097ba) c.add   a5, a4
core   0: 3 0x000000008000fe82 (0x97ba) x15 0x00000000800120dc
core   0: 0x000000008000fe84 (0xfe043703) ld      a4, -32(s0)
core   0: 3 0x000000008000fe84 (0xfe043703) x14 0x00000000800120bd mem 0x0000000080031f50
core   0: 0x000000008000fe88 (0xfcf76de3) bltu    a4, a5, pc - 38
core   0: 3 0x000000008000fe88 (0xfcf76de3)
core   0: 0x000000008000fe62 (0xfe043783) ld      a5, -32(s0)
core   0: 3 0x000000008000fe62 (0xfe043783) x15 0x00000000800120bd mem 0x0000000080031f50
core   0: 0x000000008000fe66 (0x00178713) addi    a4, a5, 1
core   0: 3 0x000000008000fe66 (0x00178713) x14 0x00000000800120be
core   0: 0x000000008000fe6a (0xfee43023) sd      a4, -32(s0)
core   0: 3 0x000000008000fe6a (0xfee43023) mem 0x0000000080031f50 0x00000000800120be
core   0: 0x000000008000fe6e (0xfc442703) lw      a4, -60(s0)
core   0: 3 0x000000008000fe6e (0xfc442703) x14 0x0000000000000000 mem 0x0000000080031f34
core   0: 0x000000008000fe72 (0x0ff77713) andi    a4, a4, 255
core   0: 3 0x000000008000fe72 (0x0ff77713) x14 0x0000000000000000
core   0: 0x000000008000fe76 (0x00e78023) sb      a4, 0(a5)
core   0: 3 0x000000008000fe76 (0x00e78023) mem 0x00000000800120bd 0x00
core   0: 0x000000008000fe7a (0xfc843703) ld      a4, -56(s0)
core   0: 3 0x000000008000fe7a (0xfc843703) x14 0x0000000080012040 mem 0x0000000080031f38
core   0: 0x000000008000fe7e (0xfb843783) ld      a5, -72(s0)
core   0: 3 0x000000008000fe7e (0xfb843783) x15 0x000000000000009c mem 0x0000000080031f28
core   0: 0x000000008000fe82 (0x000097ba) c.add   a5, a4
core   0: 3 0x000000008000fe82 (0x97ba) x15 0x00000000800120dc
core   0: 0x000000008000fe84 (0xfe043703) ld      a4, -32(s0)
core   0: 3 0x000000008000fe84 (0xfe043703) x14 0x00000000800120be mem 0x0000000080031f50
core   0: 0x000000008000fe88 (0xfcf76de3) bltu    a4, a5, pc - 38
core   0: 3 0x000000008000fe88 (0xfcf76de3)
core   0: 0x000000008000fe62 (0xfe043783) ld      a5, -32(s0)
core   0: 3 0x000000008000fe62 (0xfe043783) x15 0x00000000800120be mem 0x0000000080031f50
core   0: 0x000000008000fe66 (0x00178713) addi    a4, a5, 1
core   0: 3 0x000000008000fe66 (0x00178713) x14 0x00000000800120bf
core   0: 0x000000008000fe6a (0xfee43023) sd      a4, -32(s0)
core   0: 3 0x000000008000fe6a (0xfee43023) mem 0x0000000080031f50 0x00000000800120bf
core   0: 0x000000008000fe6e (0xfc442703) lw      a4, -60(s0)
core   0: 3 0x000000008000fe6e (0xfc442703) x14 0x0000000000000000 mem 0x0000000080031f34
core   0: 0x000000008000fe72 (0x0ff77713) andi    a4, a4, 255
core   0: 3 0x000000008000fe72 (0x0ff77713) x14 0x0000000000000000
core   0: 0x000000008000fe76 (0x00e78023) sb      a4, 0(a5)
core   0: 3 0x000000008000fe76 (0x00e78023) mem 0x00000000800120be 0x00
core   0: 0x000000008000fe7a (0xfc843703) ld      a4, -56(s0)
core   0: 3 0x000000008000fe7a (0xfc843703) x14 0x0000000080012040 mem 0x0000000080031f38
core   0: 0x000000008000fe7e (0xfb843783) ld      a5, -72(s0)
core   0: 3 0x000000008000fe7e (0xfb843783) x15 0x000000000000009c mem 0x0000000080031f28
core   0: 0x000000008000fe82 (0x000097ba) c.add   a5, a4
core   0: 3 0x000000008000fe82 (0x97ba) x15 0x00000000800120dc
core   0: 0x000000008000fe84 (0xfe043703) ld      a4, -32(s0)
core   0: 3 0x000000008000fe84 (0xfe043703) x14 0x00000000800120bf mem 0x0000000080031f50
core   0: 0x000000008000fe88 (0xfcf76de3) bltu    a4, a5, pc - 38
core   0: 3 0x000000008000fe88 (0xfcf76de3)
core   0: 0x000000008000fe62 (0xfe043783) ld      a5, -32(s0)
core   0: 3 0x000000008000fe62 (0xfe043783) x15 0x00000000800120bf mem 0x0000000080031f50
core   0: 0x000000008000fe66 (0x00178713) addi    a4, a5, 1
core   0: 3 0x000000008000fe66 (0x00178713) x14 0x00000000800120c0
core   0: 0x000000008000fe6a (0xfee43023) sd      a4, -32(s0)
core   0: 3 0x000000008000fe6a (0xfee43023) mem 0x0000000080031f50 0x00000000800120c0
core   0: 0x000000008000fe6e (0xfc442703) lw      a4, -60(s0)
core   0: 3 0x000000008000fe6e (0xfc442703) x14 0x0000000000000000 mem 0x0000000080031f34
core   0: 0x000000008000fe72 (0x0ff77713) andi    a4, a4, 255
core   0: 3 0x000000008000fe72 (0x0ff77713) x14 0x0000000000000000
core   0: 0x000000008000fe76 (0x00e78023) sb      a4, 0(a5)
core   0: 3 0x000000008000fe76 (0x00e78023) mem 0x00000000800120bf 0x00
core   0: 0x000000008000fe7a (0xfc843703) ld      a4, -56(s0)
core   0: 3 0x000000008000fe7a (0xfc843703) x14 0x0000000080012040 mem 0x0000000080031f38
core   0: 0x000000008000fe7e (0xfb843783) ld      a5, -72(s0)
core   0: 3 0x000000008000fe7e (0xfb843783) x15 0x000000000000009c mem 0x0000000080031f28
core   0: 0x000000008000fe82 (0x000097ba) c.add   a5, a4
core   0: 3 0x000000008000fe82 (0x97ba) x15 0x00000000800120dc
core   0: 0x000000008000fe84 (0xfe043703) ld      a4, -32(s0)
core   0: 3 0x000000008000fe84 (0xfe043703) x14 0x00000000800120c0 mem 0x0000000080031f50
core   0: 0x000000008000fe88 (0xfcf76de3) bltu    a4, a5, pc - 38
core   0: 3 0x000000008000fe88 (0xfcf76de3)
core   0: 0x000000008000fe62 (0xfe043783) ld      a5, -32(s0)
core   0: 3 0x000000008000fe62 (0xfe043783) x15 0x00000000800120c0 mem 0x0000000080031f50
core   0: 0x000000008000fe66 (0x00178713) addi    a4, a5, 1
core   0: 3 0x000000008000fe66 (0x00178713) x14 0x00000000800120c1
core   0: 0x000000008000fe6a (0xfee43023) sd      a4, -32(s0)
core   0: 3 0x000000008000fe6a (0xfee43023) mem 0x0000000080031f50 0x00000000800120c1
core   0: 0x000000008000fe6e (0xfc442703) lw      a4, -60(s0)
core   0: 3 0x000000008000fe6e (0xfc442703) x14 0x0000000000000000 mem 0x0000000080031f34
core   0: 0x000000008000fe72 (0x0ff77713) andi    a4, a4, 255
core   0: 3 0x000000008000fe72 (0x0ff77713) x14 0x0000000000000000
core   0: 0x000000008000fe76 (0x00e78023) sb      a4, 0(a5)
core   0: 3 0x000000008000fe76 (0x00e78023) mem 0x00000000800120c0 0x00
core   0: 0x000000008000fe7a (0xfc843703) ld      a4, -56(s0)
core   0: 3 0x000000008000fe7a (0xfc843703) x14 0x0000000080012040 mem 0x0000000080031f38
core   0: 0x000000008000fe7e (0xfb843783) ld      a5, -72(s0)
core   0: 3 0x000000008000fe7e (0xfb843783) x15 0x000000000000009c mem 0x0000000080031f28
core   0: 0x000000008000fe82 (0x000097ba) c.add   a5, a4
core   0: 3 0x000000008000fe82 (0x97ba) x15 0x00000000800120dc
core   0: 0x000000008000fe84 (0xfe043703) ld      a4, -32(s0)
core   0: 3 0x000000008000fe84 (0xfe043703) x14 0x00000000800120c1 mem 0x0000000080031f50
core   0: 0x000000008000fe88 (0xfcf76de3) bltu    a4, a5, pc - 38
core   0: 3 0x000000008000fe88 (0xfcf76de3)
core   0: 0x000000008000fe62 (0xfe043783) ld      a5, -32(s0)
core   0: 3 0x000000008000fe62 (0xfe043783) x15 0x00000000800120c1 mem 0x0000000080031f50
core   0: 0x000000008000fe66 (0x00178713) addi    a4, a5, 1
core   0: 3 0x000000008000fe66 (0x00178713) x14 0x00000000800120c2
core   0: 0x000000008000fe6a (0xfee43023) sd      a4, -32(s0)
core   0: 3 0x000000008000fe6a (0xfee43023) mem 0x0000000080031f50 0x00000000800120c2
core   0: 0x000000008000fe6e (0xfc442703) lw      a4, -60(s0)
core   0: 3 0x000000008000fe6e (0xfc442703) x14 0x0000000000000000 mem 0x0000000080031f34
core   0: 0x000000008000fe72 (0x0ff77713) andi    a4, a4, 255
core   0: 3 0x000000008000fe72 (0x0ff77713) x14 0x0000000000000000
core   0: 0x000000008000fe76 (0x00e78023) sb      a4, 0(a5)
core   0: 3 0x000000008000fe76 (0x00e78023) mem 0x00000000800120c1 0x00
core   0: 0x000000008000fe7a (0xfc843703) ld      a4, -56(s0)
core   0: 3 0x000000008000fe7a (0xfc843703) x14 0x0000000080012040 mem 0x0000000080031f38
core   0: 0x000000008000fe7e (0xfb843783) ld      a5, -72(s0)
core   0: 3 0x000000008000fe7e (0xfb843783) x15 0x000000000000009c mem 0x0000000080031f28
core   0: 0x000000008000fe82 (0x000097ba) c.add   a5, a4
core   0: 3 0x000000008000fe82 (0x97ba) x15 0x00000000800120dc
core   0: 0x000000008000fe84 (0xfe043703) ld      a4, -32(s0)
core   0: 3 0x000000008000fe84 (0xfe043703) x14 0x00000000800120c2 mem 0x0000000080031f50
core   0: 0x000000008000fe88 (0xfcf76de3) bltu    a4, a5, pc - 38
core   0: 3 0x000000008000fe88 (0xfcf76de3)
core   0: 0x000000008000fe62 (0xfe043783) ld      a5, -32(s0)
core   0: 3 0x000000008000fe62 (0xfe043783) x15 0x00000000800120c2 mem 0x0000000080031f50
core   0: 0x000000008000fe66 (0x00178713) addi    a4, a5, 1
core   0: 3 0x000000008000fe66 (0x00178713) x14 0x00000000800120c3
core   0: 0x000000008000fe6a (0xfee43023) sd      a4, -32(s0)
core   0: 3 0x000000008000fe6a (0xfee43023) mem 0x0000000080031f50 0x00000000800120c3
core   0: 0x000000008000fe6e (0xfc442703) lw      a4, -60(s0)
core   0: 3 0x000000008000fe6e (0xfc442703) x14 0x0000000000000000 mem 0x0000000080031f34
core   0: 0x000000008000fe72 (0x0ff77713) andi    a4, a4, 255
core   0: 3 0x000000008000fe72 (0x0ff77713) x14 0x0000000000000000
core   0: 0x000000008000fe76 (0x00e78023) sb      a4, 0(a5)
core   0: 3 0x000000008000fe76 (0x00e78023) mem 0x00000000800120c2 0x00
core   0: 0x000000008000fe7a (0xfc843703) ld      a4, -56(s0)
core   0: 3 0x000000008000fe7a (0xfc843703) x14 0x0000000080012040 mem 0x0000000080031f38
core   0: 0x000000008000fe7e (0xfb843783) ld      a5, -72(s0)
core   0: 3 0x000000008000fe7e (0xfb843783) x15 0x000000000000009c mem 0x0000000080031f28
core   0: 0x000000008000fe82 (0x000097ba) c.add   a5, a4
core   0: 3 0x000000008000fe82 (0x97ba) x15 0x00000000800120dc
core   0: 0x000000008000fe84 (0xfe043703) ld      a4, -32(s0)
core   0: 3 0x000000008000fe84 (0xfe043703) x14 0x00000000800120c3 mem 0x0000000080031f50
core   0: 0x000000008000fe88 (0xfcf76de3) bltu    a4, a5, pc - 38
core   0: 3 0x000000008000fe88 (0xfcf76de3)
core   0: 0x000000008000fe62 (0xfe043783) ld      a5, -32(s0)
core   0: 3 0x000000008000fe62 (0xfe043783) x15 0x00000000800120c3 mem 0x0000000080031f50
core   0: 0x000000008000fe66 (0x00178713) addi    a4, a5, 1
core   0: 3 0x000000008000fe66 (0x00178713) x14 0x00000000800120c4
core   0: 0x000000008000fe6a (0xfee43023) sd      a4, -32(s0)
core   0: 3 0x000000008000fe6a (0xfee43023) mem 0x0000000080031f50 0x00000000800120c4
core   0: 0x000000008000fe6e (0xfc442703) lw      a4, -60(s0)
core   0: 3 0x000000008000fe6e (0xfc442703) x14 0x0000000000000000 mem 0x0000000080031f34
core   0: 0x000000008000fe72 (0x0ff77713) andi    a4, a4, 255
core   0: 3 0x000000008000fe72 (0x0ff77713) x14 0x0000000000000000
core   0: 0x000000008000fe76 (0x00e78023) sb      a4, 0(a5)
core   0: 3 0x000000008000fe76 (0x00e78023) mem 0x00000000800120c3 0x00
core   0: 0x000000008000fe7a (0xfc843703) ld      a4, -56(s0)
core   0: 3 0x000000008000fe7a (0xfc843703) x14 0x0000000080012040 mem 0x0000000080031f38
core   0: 0x000000008000fe7e (0xfb843783) ld      a5, -72(s0)
core   0: 3 0x000000008000fe7e (0xfb843783) x15 0x000000000000009c mem 0x0000000080031f28
core   0: 0x000000008000fe82 (0x000097ba) c.add   a5, a4
core   0: 3 0x000000008000fe82 (0x97ba) x15 0x00000000800120dc
core   0: 0x000000008000fe84 (0xfe043703) ld      a4, -32(s0)
core   0: 3 0x000000008000fe84 (0xfe043703) x14 0x00000000800120c4 mem 0x0000000080031f50
core   0: 0x000000008000fe88 (0xfcf76de3) bltu    a4, a5, pc - 38
core   0: 3 0x000000008000fe88 (0xfcf76de3)
core   0: 0x000000008000fe62 (0xfe043783) ld      a5, -32(s0)
core   0: 3 0x000000008000fe62 (0xfe043783) x15 0x00000000800120c4 mem 0x0000000080031f50
core   0: 0x000000008000fe66 (0x00178713) addi    a4, a5, 1
core   0: 3 0x000000008000fe66 (0x00178713) x14 0x00000000800120c5
core   0: 0x000000008000fe6a (0xfee43023) sd      a4, -32(s0)
core   0: 3 0x000000008000fe6a (0xfee43023) mem 0x0000000080031f50 0x00000000800120c5
core   0: 0x000000008000fe6e (0xfc442703) lw      a4, -60(s0)
core   0: 3 0x000000008000fe6e (0xfc442703) x14 0x0000000000000000 mem 0x0000000080031f34
core   0: 0x000000008000fe72 (0x0ff77713) andi    a4, a4, 255
core   0: 3 0x000000008000fe72 (0x0ff77713) x14 0x0000000000000000
core   0: 0x000000008000fe76 (0x00e78023) sb      a4, 0(a5)
core   0: 3 0x000000008000fe76 (0x00e78023) mem 0x00000000800120c4 0x00
core   0: 0x000000008000fe7a (0xfc843703) ld      a4, -56(s0)
core   0: 3 0x000000008000fe7a (0xfc843703) x14 0x0000000080012040 mem 0x0000000080031f38
core   0: 0x000000008000fe7e (0xfb843783) ld      a5, -72(s0)
core   0: 3 0x000000008000fe7e (0xfb843783) x15 0x000000000000009c mem 0x0000000080031f28
core   0: 0x000000008000fe82 (0x000097ba) c.add   a5, a4
core   0: 3 0x000000008000fe82 (0x97ba) x15 0x00000000800120dc
core   0: 0x000000008000fe84 (0xfe043703) ld      a4, -32(s0)
core   0: 3 0x000000008000fe84 (0xfe043703) x14 0x00000000800120c5 mem 0x0000000080031f50
core   0: 0x000000008000fe88 (0xfcf76de3) bltu    a4, a5, pc - 38
core   0: 3 0x000000008000fe88 (0xfcf76de3)
core   0: 0x000000008000fe62 (0xfe043783) ld      a5, -32(s0)
core   0: 3 0x000000008000fe62 (0xfe043783) x15 0x00000000800120c5 mem 0x0000000080031f50
core   0: 0x000000008000fe66 (0x00178713) addi    a4, a5, 1
core   0: 3 0x000000008000fe66 (0x00178713) x14 0x00000000800120c6
core   0: 0x000000008000fe6a (0xfee43023) sd      a4, -32(s0)
core   0: 3 0x000000008000fe6a (0xfee43023) mem 0x0000000080031f50 0x00000000800120c6
core   0: 0x000000008000fe6e (0xfc442703) lw      a4, -60(s0)
core   0: 3 0x000000008000fe6e (0xfc442703) x14 0x0000000000000000 mem 0x0000000080031f34
core   0: 0x000000008000fe72 (0x0ff77713) andi    a4, a4, 255
core   0: 3 0x000000008000fe72 (0x0ff77713) x14 0x0000000000000000
core   0: 0x000000008000fe76 (0x00e78023) sb      a4, 0(a5)
core   0: 3 0x000000008000fe76 (0x00e78023) mem 0x00000000800120c5 0x00
core   0: 0x000000008000fe7a (0xfc843703) ld      a4, -56(s0)
core   0: 3 0x000000008000fe7a (0xfc843703) x14 0x0000000080012040 mem 0x0000000080031f38
core   0: 0x000000008000fe7e (0xfb843783) ld      a5, -72(s0)
core   0: 3 0x000000008000fe7e (0xfb843783) x15 0x000000000000009c mem 0x0000000080031f28
core   0: 0x000000008000fe82 (0x000097ba) c.add   a5, a4
core   0: 3 0x000000008000fe82 (0x97ba) x15 0x00000000800120dc
core   0: 0x000000008000fe84 (0xfe043703) ld      a4, -32(s0)
core   0: 3 0x000000008000fe84 (0xfe043703) x14 0x00000000800120c6 mem 0x0000000080031f50
core   0: 0x000000008000fe88 (0xfcf76de3) bltu    a4, a5, pc - 38
core   0: 3 0x000000008000fe88 (0xfcf76de3)
core   0: 0x000000008000fe62 (0xfe043783) ld      a5, -32(s0)
core   0: 3 0x000000008000fe62 (0xfe043783) x15 0x00000000800120c6 mem 0x0000000080031f50
core   0: 0x000000008000fe66 (0x00178713) addi    a4, a5, 1
core   0: 3 0x000000008000fe66 (0x00178713) x14 0x00000000800120c7
core   0: 0x000000008000fe6a (0xfee43023) sd      a4, -32(s0)
core   0: 3 0x000000008000fe6a (0xfee43023) mem 0x0000000080031f50 0x00000000800120c7
core   0: 0x000000008000fe6e (0xfc442703) lw      a4, -60(s0)
core   0: 3 0x000000008000fe6e (0xfc442703) x14 0x0000000000000000 mem 0x0000000080031f34
core   0: 0x000000008000fe72 (0x0ff77713) andi    a4, a4, 255
core   0: 3 0x000000008000fe72 (0x0ff77713) x14 0x0000000000000000
core   0: 0x000000008000fe76 (0x00e78023) sb      a4, 0(a5)
core   0: 3 0x000000008000fe76 (0x00e78023) mem 0x00000000800120c6 0x00
core   0: 0x000000008000fe7a (0xfc843703) ld      a4, -56(s0)
core   0: 3 0x000000008000fe7a (0xfc843703) x14 0x0000000080012040 mem 0x0000000080031f38
core   0: 0x000000008000fe7e (0xfb843783) ld      a5, -72(s0)
core   0: 3 0x000000008000fe7e (0xfb843783) x15 0x000000000000009c mem 0x0000000080031f28
core   0: 0x000000008000fe82 (0x000097ba) c.add   a5, a4
core   0: 3 0x000000008000fe82 (0x97ba) x15 0x00000000800120dc
core   0: 0x000000008000fe84 (0xfe043703) ld      a4, -32(s0)
core   0: 3 0x000000008000fe84 (0xfe043703) x14 0x00000000800120c7 mem 0x0000000080031f50
core   0: 0x000000008000fe88 (0xfcf76de3) bltu    a4, a5, pc - 38
core   0: 3 0x000000008000fe88 (0xfcf76de3)
core   0: 0x000000008000fe62 (0xfe043783) ld      a5, -32(s0)
core   0: 3 0x000000008000fe62 (0xfe043783) x15 0x00000000800120c7 mem 0x0000000080031f50
core   0: 0x000000008000fe66 (0x00178713) addi    a4, a5, 1
core   0: 3 0x000000008000fe66 (0x00178713) x14 0x00000000800120c8
core   0: 0x000000008000fe6a (0xfee43023) sd      a4, -32(s0)
core   0: 3 0x000000008000fe6a (0xfee43023) mem 0x0000000080031f50 0x00000000800120c8
core   0: 0x000000008000fe6e (0xfc442703) lw      a4, -60(s0)
core   0: 3 0x000000008000fe6e (0xfc442703) x14 0x0000000000000000 mem 0x0000000080031f34
core   0: 0x000000008000fe72 (0x0ff77713) andi    a4, a4, 255
core   0: 3 0x000000008000fe72 (0x0ff77713) x14 0x0000000000000000
core   0: 0x000000008000fe76 (0x00e78023) sb      a4, 0(a5)
core   0: 3 0x000000008000fe76 (0x00e78023) mem 0x00000000800120c7 0x00
core   0: 0x000000008000fe7a (0xfc843703) ld      a4, -56(s0)
core   0: 3 0x000000008000fe7a (0xfc843703) x14 0x0000000080012040 mem 0x0000000080031f38
core   0: 0x000000008000fe7e (0xfb843783) ld      a5, -72(s0)
core   0: 3 0x000000008000fe7e (0xfb843783) x15 0x000000000000009c mem 0x0000000080031f28
core   0: 0x000000008000fe82 (0x000097ba) c.add   a5, a4
core   0: 3 0x000000008000fe82 (0x97ba) x15 0x00000000800120dc
core   0: 0x000000008000fe84 (0xfe043703) ld      a4, -32(s0)
core   0: 3 0x000000008000fe84 (0xfe043703) x14 0x00000000800120c8 mem 0x0000000080031f50
core   0: 0x000000008000fe88 (0xfcf76de3) bltu    a4, a5, pc - 38
core   0: 3 0x000000008000fe88 (0xfcf76de3)
core   0: 0x000000008000fe62 (0xfe043783) ld      a5, -32(s0)
core   0: 3 0x000000008000fe62 (0xfe043783) x15 0x00000000800120c8 mem 0x0000000080031f50
core   0: 0x000000008000fe66 (0x00178713) addi    a4, a5, 1
core   0: 3 0x000000008000fe66 (0x00178713) x14 0x00000000800120c9
core   0: 0x000000008000fe6a (0xfee43023) sd      a4, -32(s0)
core   0: 3 0x000000008000fe6a (0xfee43023) mem 0x0000000080031f50 0x00000000800120c9
core   0: 0x000000008000fe6e (0xfc442703) lw      a4, -60(s0)
core   0: 3 0x000000008000fe6e (0xfc442703) x14 0x0000000000000000 mem 0x0000000080031f34
core   0: 0x000000008000fe72 (0x0ff77713) andi    a4, a4, 255
core   0: 3 0x000000008000fe72 (0x0ff77713) x14 0x0000000000000000
core   0: 0x000000008000fe76 (0x00e78023) sb      a4, 0(a5)
core   0: 3 0x000000008000fe76 (0x00e78023) mem 0x00000000800120c8 0x00
core   0: 0x000000008000fe7a (0xfc843703) ld      a4, -56(s0)
core   0: 3 0x000000008000fe7a (0xfc843703) x14 0x0000000080012040 mem 0x0000000080031f38
core   0: 0x000000008000fe7e (0xfb843783) ld      a5, -72(s0)
core   0: 3 0x000000008000fe7e (0xfb843783) x15 0x000000000000009c mem 0x0000000080031f28
core   0: 0x000000008000fe82 (0x000097ba) c.add   a5, a4
core   0: 3 0x000000008000fe82 (0x97ba) x15 0x00000000800120dc
core   0: 0x000000008000fe84 (0xfe043703) ld      a4, -32(s0)
core   0: 3 0x000000008000fe84 (0xfe043703) x14 0x00000000800120c9 mem 0x0000000080031f50
core   0: 0x000000008000fe88 (0xfcf76de3) bltu    a4, a5, pc - 38
core   0: 3 0x000000008000fe88 (0xfcf76de3)
core   0: 0x000000008000fe62 (0xfe043783) ld      a5, -32(s0)
core   0: 3 0x000000008000fe62 (0xfe043783) x15 0x00000000800120c9 mem 0x0000000080031f50
core   0: 0x000000008000fe66 (0x00178713) addi    a4, a5, 1
core   0: 3 0x000000008000fe66 (0x00178713) x14 0x00000000800120ca
core   0: 0x000000008000fe6a (0xfee43023) sd      a4, -32(s0)
core   0: 3 0x000000008000fe6a (0xfee43023) mem 0x0000000080031f50 0x00000000800120ca
core   0: 0x000000008000fe6e (0xfc442703) lw      a4, -60(s0)
core   0: 3 0x000000008000fe6e (0xfc442703) x14 0x0000000000000000 mem 0x0000000080031f34
core   0: 0x000000008000fe72 (0x0ff77713) andi    a4, a4, 255
core   0: 3 0x000000008000fe72 (0x0ff77713) x14 0x0000000000000000
core   0: 0x000000008000fe76 (0x00e78023) sb      a4, 0(a5)
core   0: 3 0x000000008000fe76 (0x00e78023) mem 0x00000000800120c9 0x00
core   0: 0x000000008000fe7a (0xfc843703) ld      a4, -56(s0)
core   0: 3 0x000000008000fe7a (0xfc843703) x14 0x0000000080012040 mem 0x0000000080031f38
core   0: 0x000000008000fe7e (0xfb843783) ld      a5, -72(s0)
core   0: 3 0x000000008000fe7e (0xfb843783) x15 0x000000000000009c mem 0x0000000080031f28
core   0: 0x000000008000fe82 (0x000097ba) c.add   a5, a4
core   0: 3 0x000000008000fe82 (0x97ba) x15 0x00000000800120dc
core   0: 0x000000008000fe84 (0xfe043703) ld      a4, -32(s0)
core   0: 3 0x000000008000fe84 (0xfe043703) x14 0x00000000800120ca mem 0x0000000080031f50
core   0: 0x000000008000fe88 (0xfcf76de3) bltu    a4, a5, pc - 38
core   0: 3 0x000000008000fe88 (0xfcf76de3)
core   0: 0x000000008000fe62 (0xfe043783) ld      a5, -32(s0)
core   0: 3 0x000000008000fe62 (0xfe043783) x15 0x00000000800120ca mem 0x0000000080031f50
core   0: 0x000000008000fe66 (0x00178713) addi    a4, a5, 1
core   0: 3 0x000000008000fe66 (0x00178713) x14 0x00000000800120cb
core   0: 0x000000008000fe6a (0xfee43023) sd      a4, -32(s0)
core   0: 3 0x000000008000fe6a (0xfee43023) mem 0x0000000080031f50 0x00000000800120cb
core   0: 0x000000008000fe6e (0xfc442703) lw      a4, -60(s0)
core   0: 3 0x000000008000fe6e (0xfc442703) x14 0x0000000000000000 mem 0x0000000080031f34
core   0: 0x000000008000fe72 (0x0ff77713) andi    a4, a4, 255
core   0: 3 0x000000008000fe72 (0x0ff77713) x14 0x0000000000000000
core   0: 0x000000008000fe76 (0x00e78023) sb      a4, 0(a5)
core   0: 3 0x000000008000fe76 (0x00e78023) mem 0x00000000800120ca 0x00
core   0: 0x000000008000fe7a (0xfc843703) ld      a4, -56(s0)
core   0: 3 0x000000008000fe7a (0xfc843703) x14 0x0000000080012040 mem 0x0000000080031f38
core   0: 0x000000008000fe7e (0xfb843783) ld      a5, -72(s0)
core   0: 3 0x000000008000fe7e (0xfb843783) x15 0x000000000000009c mem 0x0000000080031f28
core   0: 0x000000008000fe82 (0x000097ba) c.add   a5, a4
core   0: 3 0x000000008000fe82 (0x97ba) x15 0x00000000800120dc
core   0: 0x000000008000fe84 (0xfe043703) ld      a4, -32(s0)
core   0: 3 0x000000008000fe84 (0xfe043703) x14 0x00000000800120cb mem 0x0000000080031f50
core   0: 0x000000008000fe88 (0xfcf76de3) bltu    a4, a5, pc - 38
core   0: 3 0x000000008000fe88 (0xfcf76de3)
core   0: 0x000000008000fe62 (0xfe043783) ld      a5, -32(s0)
core   0: 3 0x000000008000fe62 (0xfe043783) x15 0x00000000800120cb mem 0x0000000080031f50
core   0: 0x000000008000fe66 (0x00178713) addi    a4, a5, 1
core   0: 3 0x000000008000fe66 (0x00178713) x14 0x00000000800120cc
core   0: 0x000000008000fe6a (0xfee43023) sd      a4, -32(s0)
core   0: 3 0x000000008000fe6a (0xfee43023) mem 0x0000000080031f50 0x00000000800120cc
core   0: 0x000000008000fe6e (0xfc442703) lw      a4, -60(s0)
core   0: 3 0x000000008000fe6e (0xfc442703) x14 0x0000000000000000 mem 0x0000000080031f34
core   0: 0x000000008000fe72 (0x0ff77713) andi    a4, a4, 255
core   0: 3 0x000000008000fe72 (0x0ff77713) x14 0x0000000000000000
core   0: 0x000000008000fe76 (0x00e78023) sb      a4, 0(a5)
core   0: 3 0x000000008000fe76 (0x00e78023) mem 0x00000000800120cb 0x00
core   0: 0x000000008000fe7a (0xfc843703) ld      a4, -56(s0)
core   0: 3 0x000000008000fe7a (0xfc843703) x14 0x0000000080012040 mem 0x0000000080031f38
core   0: 0x000000008000fe7e (0xfb843783) ld      a5, -72(s0)
core   0: 3 0x000000008000fe7e (0xfb843783) x15 0x000000000000009c mem 0x0000000080031f28
core   0: 0x000000008000fe82 (0x000097ba) c.add   a5, a4
core   0: 3 0x000000008000fe82 (0x97ba) x15 0x00000000800120dc
core   0: 0x000000008000fe84 (0xfe043703) ld      a4, -32(s0)
core   0: 3 0x000000008000fe84 (0xfe043703) x14 0x00000000800120cc mem 0x0000000080031f50
core   0: 0x000000008000fe88 (0xfcf76de3) bltu    a4, a5, pc - 38
core   0: 3 0x000000008000fe88 (0xfcf76de3)
core   0: 0x000000008000fe62 (0xfe043783) ld      a5, -32(s0)
core   0: 3 0x000000008000fe62 (0xfe043783) x15 0x00000000800120cc mem 0x0000000080031f50
core   0: 0x000000008000fe66 (0x00178713) addi    a4, a5, 1
core   0: 3 0x000000008000fe66 (0x00178713) x14 0x00000000800120cd
core   0: 0x000000008000fe6a (0xfee43023) sd      a4, -32(s0)
core   0: 3 0x000000008000fe6a (0xfee43023) mem 0x0000000080031f50 0x00000000800120cd
core   0: 0x000000008000fe6e (0xfc442703) lw      a4, -60(s0)
core   0: 3 0x000000008000fe6e (0xfc442703) x14 0x0000000000000000 mem 0x0000000080031f34
core   0: 0x000000008000fe72 (0x0ff77713) andi    a4, a4, 255
core   0: 3 0x000000008000fe72 (0x0ff77713) x14 0x0000000000000000
core   0: 0x000000008000fe76 (0x00e78023) sb      a4, 0(a5)
core   0: 3 0x000000008000fe76 (0x00e78023) mem 0x00000000800120cc 0x00
core   0: 0x000000008000fe7a (0xfc843703) ld      a4, -56(s0)
core   0: 3 0x000000008000fe7a (0xfc843703) x14 0x0000000080012040 mem 0x0000000080031f38
core   0: 0x000000008000fe7e (0xfb843783) ld      a5, -72(s0)
core   0: 3 0x000000008000fe7e (0xfb843783) x15 0x000000000000009c mem 0x0000000080031f28
core   0: 0x000000008000fe82 (0x000097ba) c.add   a5, a4
core   0: 3 0x000000008000fe82 (0x97ba) x15 0x00000000800120dc
core   0: 0x000000008000fe84 (0xfe043703) ld      a4, -32(s0)
core   0: 3 0x000000008000fe84 (0xfe043703) x14 0x00000000800120cd mem 0x0000000080031f50
core   0: 0x000000008000fe88 (0xfcf76de3) bltu    a4, a5, pc - 38
core   0: 3 0x000000008000fe88 (0xfcf76de3)
core   0: 0x000000008000fe62 (0xfe043783) ld      a5, -32(s0)
core   0: 3 0x000000008000fe62 (0xfe043783) x15 0x00000000800120cd mem 0x0000000080031f50
core   0: 0x000000008000fe66 (0x00178713) addi    a4, a5, 1
core   0: 3 0x000000008000fe66 (0x00178713) x14 0x00000000800120ce
core   0: 0x000000008000fe6a (0xfee43023) sd      a4, -32(s0)
core   0: 3 0x000000008000fe6a (0xfee43023) mem 0x0000000080031f50 0x00000000800120ce
core   0: 0x000000008000fe6e (0xfc442703) lw      a4, -60(s0)
core   0: 3 0x000000008000fe6e (0xfc442703) x14 0x0000000000000000 mem 0x0000000080031f34
core   0: 0x000000008000fe72 (0x0ff77713) andi    a4, a4, 255
core   0: 3 0x000000008000fe72 (0x0ff77713) x14 0x0000000000000000
core   0: 0x000000008000fe76 (0x00e78023) sb      a4, 0(a5)
core   0: 3 0x000000008000fe76 (0x00e78023) mem 0x00000000800120cd 0x00
core   0: 0x000000008000fe7a (0xfc843703) ld      a4, -56(s0)
core   0: 3 0x000000008000fe7a (0xfc843703) x14 0x0000000080012040 mem 0x0000000080031f38
core   0: 0x000000008000fe7e (0xfb843783) ld      a5, -72(s0)
core   0: 3 0x000000008000fe7e (0xfb843783) x15 0x000000000000009c mem 0x0000000080031f28
core   0: 0x000000008000fe82 (0x000097ba) c.add   a5, a4
core   0: 3 0x000000008000fe82 (0x97ba) x15 0x00000000800120dc
core   0: 0x000000008000fe84 (0xfe043703) ld      a4, -32(s0)
core   0: 3 0x000000008000fe84 (0xfe043703) x14 0x00000000800120ce mem 0x0000000080031f50
core   0: 0x000000008000fe88 (0xfcf76de3) bltu    a4, a5, pc - 38
core   0: 3 0x000000008000fe88 (0xfcf76de3)
core   0: 0x000000008000fe62 (0xfe043783) ld      a5, -32(s0)
core   0: 3 0x000000008000fe62 (0xfe043783) x15 0x00000000800120ce mem 0x0000000080031f50
core   0: 0x000000008000fe66 (0x00178713) addi    a4, a5, 1
core   0: 3 0x000000008000fe66 (0x00178713) x14 0x00000000800120cf
core   0: 0x000000008000fe6a (0xfee43023) sd      a4, -32(s0)
core   0: 3 0x000000008000fe6a (0xfee43023) mem 0x0000000080031f50 0x00000000800120cf
core   0: 0x000000008000fe6e (0xfc442703) lw      a4, -60(s0)
core   0: 3 0x000000008000fe6e (0xfc442703) x14 0x0000000000000000 mem 0x0000000080031f34
core   0: 0x000000008000fe72 (0x0ff77713) andi    a4, a4, 255
core   0: 3 0x000000008000fe72 (0x0ff77713) x14 0x0000000000000000
core   0: 0x000000008000fe76 (0x00e78023) sb      a4, 0(a5)
core   0: 3 0x000000008000fe76 (0x00e78023) mem 0x00000000800120ce 0x00
core   0: 0x000000008000fe7a (0xfc843703) ld      a4, -56(s0)
core   0: 3 0x000000008000fe7a (0xfc843703) x14 0x0000000080012040 mem 0x0000000080031f38
core   0: 0x000000008000fe7e (0xfb843783) ld      a5, -72(s0)
core   0: 3 0x000000008000fe7e (0xfb843783) x15 0x000000000000009c mem 0x0000000080031f28
core   0: 0x000000008000fe82 (0x000097ba) c.add   a5, a4
core   0: 3 0x000000008000fe82 (0x97ba) x15 0x00000000800120dc
core   0: 0x000000008000fe84 (0xfe043703) ld      a4, -32(s0)
core   0: 3 0x000000008000fe84 (0xfe043703) x14 0x00000000800120cf mem 0x0000000080031f50
core   0: 0x000000008000fe88 (0xfcf76de3) bltu    a4, a5, pc - 38
core   0: 3 0x000000008000fe88 (0xfcf76de3)
core   0: 0x000000008000fe62 (0xfe043783) ld      a5, -32(s0)
core   0: 3 0x000000008000fe62 (0xfe043783) x15 0x00000000800120cf mem 0x0000000080031f50
core   0: 0x000000008000fe66 (0x00178713) addi    a4, a5, 1
core   0: 3 0x000000008000fe66 (0x00178713) x14 0x00000000800120d0
core   0: 0x000000008000fe6a (0xfee43023) sd      a4, -32(s0)
core   0: 3 0x000000008000fe6a (0xfee43023) mem 0x0000000080031f50 0x00000000800120d0
core   0: 0x000000008000fe6e (0xfc442703) lw      a4, -60(s0)
core   0: 3 0x000000008000fe6e (0xfc442703) x14 0x0000000000000000 mem 0x0000000080031f34
core   0: 0x000000008000fe72 (0x0ff77713) andi    a4, a4, 255
core   0: 3 0x000000008000fe72 (0x0ff77713) x14 0x0000000000000000
core   0: 0x000000008000fe76 (0x00e78023) sb      a4, 0(a5)
core   0: 3 0x000000008000fe76 (0x00e78023) mem 0x00000000800120cf 0x00
core   0: 0x000000008000fe7a (0xfc843703) ld      a4, -56(s0)
core   0: 3 0x000000008000fe7a (0xfc843703) x14 0x0000000080012040 mem 0x0000000080031f38
core   0: 0x000000008000fe7e (0xfb843783) ld      a5, -72(s0)
core   0: 3 0x000000008000fe7e (0xfb843783) x15 0x000000000000009c mem 0x0000000080031f28
core   0: 0x000000008000fe82 (0x000097ba) c.add   a5, a4
core   0: 3 0x000000008000fe82 (0x97ba) x15 0x00000000800120dc
core   0: 0x000000008000fe84 (0xfe043703) ld      a4, -32(s0)
core   0: 3 0x000000008000fe84 (0xfe043703) x14 0x00000000800120d0 mem 0x0000000080031f50
core   0: 0x000000008000fe88 (0xfcf76de3) bltu    a4, a5, pc - 38
core   0: 3 0x000000008000fe88 (0xfcf76de3)
core   0: 0x000000008000fe62 (0xfe043783) ld      a5, -32(s0)
core   0: 3 0x000000008000fe62 (0xfe043783) x15 0x00000000800120d0 mem 0x0000000080031f50
core   0: 0x000000008000fe66 (0x00178713) addi    a4, a5, 1
core   0: 3 0x000000008000fe66 (0x00178713) x14 0x00000000800120d1
core   0: 0x000000008000fe6a (0xfee43023) sd      a4, -32(s0)
core   0: 3 0x000000008000fe6a (0xfee43023) mem 0x0000000080031f50 0x00000000800120d1
core   0: 0x000000008000fe6e (0xfc442703) lw      a4, -60(s0)
core   0: 3 0x000000008000fe6e (0xfc442703) x14 0x0000000000000000 mem 0x0000000080031f34
core   0: 0x000000008000fe72 (0x0ff77713) andi    a4, a4, 255
core   0: 3 0x000000008000fe72 (0x0ff77713) x14 0x0000000000000000
core   0: 0x000000008000fe76 (0x00e78023) sb      a4, 0(a5)
core   0: 3 0x000000008000fe76 (0x00e78023) mem 0x00000000800120d0 0x00
core   0: 0x000000008000fe7a (0xfc843703) ld      a4, -56(s0)
core   0: 3 0x000000008000fe7a (0xfc843703) x14 0x0000000080012040 mem 0x0000000080031f38
core   0: 0x000000008000fe7e (0xfb843783) ld      a5, -72(s0)
core   0: 3 0x000000008000fe7e (0xfb843783) x15 0x000000000000009c mem 0x0000000080031f28
core   0: 0x000000008000fe82 (0x000097ba) c.add   a5, a4
core   0: 3 0x000000008000fe82 (0x97ba) x15 0x00000000800120dc
core   0: 0x000000008000fe84 (0xfe043703) ld      a4, -32(s0)
core   0: 3 0x000000008000fe84 (0xfe043703) x14 0x00000000800120d1 mem 0x0000000080031f50
core   0: 0x000000008000fe88 (0xfcf76de3) bltu    a4, a5, pc - 38
core   0: 3 0x000000008000fe88 (0xfcf76de3)
core   0: 0x000000008000fe62 (0xfe043783) ld      a5, -32(s0)
core   0: 3 0x000000008000fe62 (0xfe043783) x15 0x00000000800120d1 mem 0x0000000080031f50
core   0: 0x000000008000fe66 (0x00178713) addi    a4, a5, 1
core   0: 3 0x000000008000fe66 (0x00178713) x14 0x00000000800120d2
core   0: 0x000000008000fe6a (0xfee43023) sd      a4, -32(s0)
core   0: 3 0x000000008000fe6a (0xfee43023) mem 0x0000000080031f50 0x00000000800120d2
core   0: 0x000000008000fe6e (0xfc442703) lw      a4, -60(s0)
core   0: 3 0x000000008000fe6e (0xfc442703) x14 0x0000000000000000 mem 0x0000000080031f34
core   0: 0x000000008000fe72 (0x0ff77713) andi    a4, a4, 255
core   0: 3 0x000000008000fe72 (0x0ff77713) x14 0x0000000000000000
core   0: 0x000000008000fe76 (0x00e78023) sb      a4, 0(a5)
core   0: 3 0x000000008000fe76 (0x00e78023) mem 0x00000000800120d1 0x00
core   0: 0x000000008000fe7a (0xfc843703) ld      a4, -56(s0)
core   0: 3 0x000000008000fe7a (0xfc843703) x14 0x0000000080012040 mem 0x0000000080031f38
core   0: 0x000000008000fe7e (0xfb843783) ld      a5, -72(s0)
core   0: 3 0x000000008000fe7e (0xfb843783) x15 0x000000000000009c mem 0x0000000080031f28
core   0: 0x000000008000fe82 (0x000097ba) c.add   a5, a4
core   0: 3 0x000000008000fe82 (0x97ba) x15 0x00000000800120dc
core   0: 0x000000008000fe84 (0xfe043703) ld      a4, -32(s0)
core   0: 3 0x000000008000fe84 (0xfe043703) x14 0x00000000800120d2 mem 0x0000000080031f50
core   0: 0x000000008000fe88 (0xfcf76de3) bltu    a4, a5, pc - 38
core   0: 3 0x000000008000fe88 (0xfcf76de3)
core   0: 0x000000008000fe62 (0xfe043783) ld      a5, -32(s0)
core   0: 3 0x000000008000fe62 (0xfe043783) x15 0x00000000800120d2 mem 0x0000000080031f50
core   0: 0x000000008000fe66 (0x00178713) addi    a4, a5, 1
core   0: 3 0x000000008000fe66 (0x00178713) x14 0x00000000800120d3
core   0: 0x000000008000fe6a (0xfee43023) sd      a4, -32(s0)
core   0: 3 0x000000008000fe6a (0xfee43023) mem 0x0000000080031f50 0x00000000800120d3
core   0: 0x000000008000fe6e (0xfc442703) lw      a4, -60(s0)
core   0: 3 0x000000008000fe6e (0xfc442703) x14 0x0000000000000000 mem 0x0000000080031f34
core   0: 0x000000008000fe72 (0x0ff77713) andi    a4, a4, 255
core   0: 3 0x000000008000fe72 (0x0ff77713) x14 0x0000000000000000
core   0: 0x000000008000fe76 (0x00e78023) sb      a4, 0(a5)
core   0: 3 0x000000008000fe76 (0x00e78023) mem 0x00000000800120d2 0x00
core   0: 0x000000008000fe7a (0xfc843703) ld      a4, -56(s0)
core   0: 3 0x000000008000fe7a (0xfc843703) x14 0x0000000080012040 mem 0x0000000080031f38
core   0: 0x000000008000fe7e (0xfb843783) ld      a5, -72(s0)
core   0: 3 0x000000008000fe7e (0xfb843783) x15 0x000000000000009c mem 0x0000000080031f28
core   0: 0x000000008000fe82 (0x000097ba) c.add   a5, a4
core   0: 3 0x000000008000fe82 (0x97ba) x15 0x00000000800120dc
core   0: 0x000000008000fe84 (0xfe043703) ld      a4, -32(s0)
core   0: 3 0x000000008000fe84 (0xfe043703) x14 0x00000000800120d3 mem 0x0000000080031f50
core   0: 0x000000008000fe88 (0xfcf76de3) bltu    a4, a5, pc - 38
core   0: 3 0x000000008000fe88 (0xfcf76de3)
core   0: 0x000000008000fe62 (0xfe043783) ld      a5, -32(s0)
core   0: 3 0x000000008000fe62 (0xfe043783) x15 0x00000000800120d3 mem 0x0000000080031f50
core   0: 0x000000008000fe66 (0x00178713) addi    a4, a5, 1
core   0: 3 0x000000008000fe66 (0x00178713) x14 0x00000000800120d4
core   0: 0x000000008000fe6a (0xfee43023) sd      a4, -32(s0)
core   0: 3 0x000000008000fe6a (0xfee43023) mem 0x0000000080031f50 0x00000000800120d4
core   0: 0x000000008000fe6e (0xfc442703) lw      a4, -60(s0)
core   0: 3 0x000000008000fe6e (0xfc442703) x14 0x0000000000000000 mem 0x0000000080031f34
core   0: 0x000000008000fe72 (0x0ff77713) andi    a4, a4, 255
core   0: 3 0x000000008000fe72 (0x0ff77713) x14 0x0000000000000000
core   0: 0x000000008000fe76 (0x00e78023) sb      a4, 0(a5)
core   0: 3 0x000000008000fe76 (0x00e78023) mem 0x00000000800120d3 0x00
core   0: 0x000000008000fe7a (0xfc843703) ld      a4, -56(s0)
core   0: 3 0x000000008000fe7a (0xfc843703) x14 0x0000000080012040 mem 0x0000000080031f38
core   0: 0x000000008000fe7e (0xfb843783) ld      a5, -72(s0)
core   0: 3 0x000000008000fe7e (0xfb843783) x15 0x000000000000009c mem 0x0000000080031f28
core   0: 0x000000008000fe82 (0x000097ba) c.add   a5, a4
core   0: 3 0x000000008000fe82 (0x97ba) x15 0x00000000800120dc
core   0: 0x000000008000fe84 (0xfe043703) ld      a4, -32(s0)
core   0: 3 0x000000008000fe84 (0xfe043703) x14 0x00000000800120d4 mem 0x0000000080031f50
core   0: 0x000000008000fe88 (0xfcf76de3) bltu    a4, a5, pc - 38
core   0: 3 0x000000008000fe88 (0xfcf76de3)
core   0: 0x000000008000fe62 (0xfe043783) ld      a5, -32(s0)
core   0: 3 0x000000008000fe62 (0xfe043783) x15 0x00000000800120d4 mem 0x0000000080031f50
core   0: 0x000000008000fe66 (0x00178713) addi    a4, a5, 1
core   0: 3 0x000000008000fe66 (0x00178713) x14 0x00000000800120d5
core   0: 0x000000008000fe6a (0xfee43023) sd      a4, -32(s0)
core   0: 3 0x000000008000fe6a (0xfee43023) mem 0x0000000080031f50 0x00000000800120d5
core   0: 0x000000008000fe6e (0xfc442703) lw      a4, -60(s0)
core   0: 3 0x000000008000fe6e (0xfc442703) x14 0x0000000000000000 mem 0x0000000080031f34
core   0: 0x000000008000fe72 (0x0ff77713) andi    a4, a4, 255
core   0: 3 0x000000008000fe72 (0x0ff77713) x14 0x0000000000000000
core   0: 0x000000008000fe76 (0x00e78023) sb      a4, 0(a5)
core   0: 3 0x000000008000fe76 (0x00e78023) mem 0x00000000800120d4 0x00
core   0: 0x000000008000fe7a (0xfc843703) ld      a4, -56(s0)
core   0: 3 0x000000008000fe7a (0xfc843703) x14 0x0000000080012040 mem 0x0000000080031f38
core   0: 0x000000008000fe7e (0xfb843783) ld      a5, -72(s0)
core   0: 3 0x000000008000fe7e (0xfb843783) x15 0x000000000000009c mem 0x0000000080031f28
core   0: 0x000000008000fe82 (0x000097ba) c.add   a5, a4
core   0: 3 0x000000008000fe82 (0x97ba) x15 0x00000000800120dc
core   0: 0x000000008000fe84 (0xfe043703) ld      a4, -32(s0)
core   0: 3 0x000000008000fe84 (0xfe043703) x14 0x00000000800120d5 mem 0x0000000080031f50
core   0: 0x000000008000fe88 (0xfcf76de3) bltu    a4, a5, pc - 38
core   0: 3 0x000000008000fe88 (0xfcf76de3)
core   0: 0x000000008000fe62 (0xfe043783) ld      a5, -32(s0)
core   0: 3 0x000000008000fe62 (0xfe043783) x15 0x00000000800120d5 mem 0x0000000080031f50
core   0: 0x000000008000fe66 (0x00178713) addi    a4, a5, 1
core   0: 3 0x000000008000fe66 (0x00178713) x14 0x00000000800120d6
core   0: 0x000000008000fe6a (0xfee43023) sd      a4, -32(s0)
core   0: 3 0x000000008000fe6a (0xfee43023) mem 0x0000000080031f50 0x00000000800120d6
core   0: 0x000000008000fe6e (0xfc442703) lw      a4, -60(s0)
core   0: 3 0x000000008000fe6e (0xfc442703) x14 0x0000000000000000 mem 0x0000000080031f34
core   0: 0x000000008000fe72 (0x0ff77713) andi    a4, a4, 255
core   0: 3 0x000000008000fe72 (0x0ff77713) x14 0x0000000000000000
core   0: 0x000000008000fe76 (0x00e78023) sb      a4, 0(a5)
core   0: 3 0x000000008000fe76 (0x00e78023) mem 0x00000000800120d5 0x00
core   0: 0x000000008000fe7a (0xfc843703) ld      a4, -56(s0)
core   0: 3 0x000000008000fe7a (0xfc843703) x14 0x0000000080012040 mem 0x0000000080031f38
core   0: 0x000000008000fe7e (0xfb843783) ld      a5, -72(s0)
core   0: 3 0x000000008000fe7e (0xfb843783) x15 0x000000000000009c mem 0x0000000080031f28
core   0: 0x000000008000fe82 (0x000097ba) c.add   a5, a4
core   0: 3 0x000000008000fe82 (0x97ba) x15 0x00000000800120dc
core   0: 0x000000008000fe84 (0xfe043703) ld      a4, -32(s0)
core   0: 3 0x000000008000fe84 (0xfe043703) x14 0x00000000800120d6 mem 0x0000000080031f50
core   0: 0x000000008000fe88 (0xfcf76de3) bltu    a4, a5, pc - 38
core   0: 3 0x000000008000fe88 (0xfcf76de3)
core   0: 0x000000008000fe62 (0xfe043783) ld      a5, -32(s0)
core   0: 3 0x000000008000fe62 (0xfe043783) x15 0x00000000800120d6 mem 0x0000000080031f50
core   0: 0x000000008000fe66 (0x00178713) addi    a4, a5, 1
core   0: 3 0x000000008000fe66 (0x00178713) x14 0x00000000800120d7
core   0: 0x000000008000fe6a (0xfee43023) sd      a4, -32(s0)
core   0: 3 0x000000008000fe6a (0xfee43023) mem 0x0000000080031f50 0x00000000800120d7
core   0: 0x000000008000fe6e (0xfc442703) lw      a4, -60(s0)
core   0: 3 0x000000008000fe6e (0xfc442703) x14 0x0000000000000000 mem 0x0000000080031f34
core   0: 0x000000008000fe72 (0x0ff77713) andi    a4, a4, 255
core   0: 3 0x000000008000fe72 (0x0ff77713) x14 0x0000000000000000
core   0: 0x000000008000fe76 (0x00e78023) sb      a4, 0(a5)
core   0: 3 0x000000008000fe76 (0x00e78023) mem 0x00000000800120d6 0x00
core   0: 0x000000008000fe7a (0xfc843703) ld      a4, -56(s0)
core   0: 3 0x000000008000fe7a (0xfc843703) x14 0x0000000080012040 mem 0x0000000080031f38
core   0: 0x000000008000fe7e (0xfb843783) ld      a5, -72(s0)
core   0: 3 0x000000008000fe7e (0xfb843783) x15 0x000000000000009c mem 0x0000000080031f28
core   0: 0x000000008000fe82 (0x000097ba) c.add   a5, a4
core   0: 3 0x000000008000fe82 (0x97ba) x15 0x00000000800120dc
core   0: 0x000000008000fe84 (0xfe043703) ld      a4, -32(s0)
core   0: 3 0x000000008000fe84 (0xfe043703) x14 0x00000000800120d7 mem 0x0000000080031f50
core   0: 0x000000008000fe88 (0xfcf76de3) bltu    a4, a5, pc - 38
core   0: 3 0x000000008000fe88 (0xfcf76de3)
core   0: 0x000000008000fe62 (0xfe043783) ld      a5, -32(s0)
core   0: 3 0x000000008000fe62 (0xfe043783) x15 0x00000000800120d7 mem 0x0000000080031f50
core   0: 0x000000008000fe66 (0x00178713) addi    a4, a5, 1
core   0: 3 0x000000008000fe66 (0x00178713) x14 0x00000000800120d8
core   0: 0x000000008000fe6a (0xfee43023) sd      a4, -32(s0)
core   0: 3 0x000000008000fe6a (0xfee43023) mem 0x0000000080031f50 0x00000000800120d8
core   0: 0x000000008000fe6e (0xfc442703) lw      a4, -60(s0)
core   0: 3 0x000000008000fe6e (0xfc442703) x14 0x0000000000000000 mem 0x0000000080031f34
core   0: 0x000000008000fe72 (0x0ff77713) andi    a4, a4, 255
core   0: 3 0x000000008000fe72 (0x0ff77713) x14 0x0000000000000000
core   0: 0x000000008000fe76 (0x00e78023) sb      a4, 0(a5)
core   0: 3 0x000000008000fe76 (0x00e78023) mem 0x00000000800120d7 0x00
core   0: 0x000000008000fe7a (0xfc843703) ld      a4, -56(s0)
core   0: 3 0x000000008000fe7a (0xfc843703) x14 0x0000000080012040 mem 0x0000000080031f38
core   0: 0x000000008000fe7e (0xfb843783) ld      a5, -72(s0)
core   0: 3 0x000000008000fe7e (0xfb843783) x15 0x000000000000009c mem 0x0000000080031f28
core   0: 0x000000008000fe82 (0x000097ba) c.add   a5, a4
core   0: 3 0x000000008000fe82 (0x97ba) x15 0x00000000800120dc
core   0: 0x000000008000fe84 (0xfe043703) ld      a4, -32(s0)
core   0: 3 0x000000008000fe84 (0xfe043703) x14 0x00000000800120d8 mem 0x0000000080031f50
core   0: 0x000000008000fe88 (0xfcf76de3) bltu    a4, a5, pc - 38
core   0: 3 0x000000008000fe88 (0xfcf76de3)
core   0: 0x000000008000fe62 (0xfe043783) ld      a5, -32(s0)
core   0: 3 0x000000008000fe62 (0xfe043783) x15 0x00000000800120d8 mem 0x0000000080031f50
core   0: 0x000000008000fe66 (0x00178713) addi    a4, a5, 1
core   0: 3 0x000000008000fe66 (0x00178713) x14 0x00000000800120d9
core   0: 0x000000008000fe6a (0xfee43023) sd      a4, -32(s0)
core   0: 3 0x000000008000fe6a (0xfee43023) mem 0x0000000080031f50 0x00000000800120d9
core   0: 0x000000008000fe6e (0xfc442703) lw      a4, -60(s0)
core   0: 3 0x000000008000fe6e (0xfc442703) x14 0x0000000000000000 mem 0x0000000080031f34
core   0: 0x000000008000fe72 (0x0ff77713) andi    a4, a4, 255
core   0: 3 0x000000008000fe72 (0x0ff77713) x14 0x0000000000000000
core   0: 0x000000008000fe76 (0x00e78023) sb      a4, 0(a5)
core   0: 3 0x000000008000fe76 (0x00e78023) mem 0x00000000800120d8 0x00
core   0: 0x000000008000fe7a (0xfc843703) ld      a4, -56(s0)
core   0: 3 0x000000008000fe7a (0xfc843703) x14 0x0000000080012040 mem 0x0000000080031f38
core   0: 0x000000008000fe7e (0xfb843783) ld      a5, -72(s0)
core   0: 3 0x000000008000fe7e (0xfb843783) x15 0x000000000000009c mem 0x0000000080031f28
core   0: 0x000000008000fe82 (0x000097ba) c.add   a5, a4
core   0: 3 0x000000008000fe82 (0x97ba) x15 0x00000000800120dc
core   0: 0x000000008000fe84 (0xfe043703) ld      a4, -32(s0)
core   0: 3 0x000000008000fe84 (0xfe043703) x14 0x00000000800120d9 mem 0x0000000080031f50
core   0: 0x000000008000fe88 (0xfcf76de3) bltu    a4, a5, pc - 38
core   0: 3 0x000000008000fe88 (0xfcf76de3)
core   0: 0x000000008000fe62 (0xfe043783) ld      a5, -32(s0)
core   0: 3 0x000000008000fe62 (0xfe043783) x15 0x00000000800120d9 mem 0x0000000080031f50
core   0: 0x000000008000fe66 (0x00178713) addi    a4, a5, 1
core   0: 3 0x000000008000fe66 (0x00178713) x14 0x00000000800120da
core   0: 0x000000008000fe6a (0xfee43023) sd      a4, -32(s0)
core   0: 3 0x000000008000fe6a (0xfee43023) mem 0x0000000080031f50 0x00000000800120da
core   0: 0x000000008000fe6e (0xfc442703) lw      a4, -60(s0)
core   0: 3 0x000000008000fe6e (0xfc442703) x14 0x0000000000000000 mem 0x0000000080031f34
core   0: 0x000000008000fe72 (0x0ff77713) andi    a4, a4, 255
core   0: 3 0x000000008000fe72 (0x0ff77713) x14 0x0000000000000000
core   0: 0x000000008000fe76 (0x00e78023) sb      a4, 0(a5)
core   0: 3 0x000000008000fe76 (0x00e78023) mem 0x00000000800120d9 0x00
core   0: 0x000000008000fe7a (0xfc843703) ld      a4, -56(s0)
core   0: 3 0x000000008000fe7a (0xfc843703) x14 0x0000000080012040 mem 0x0000000080031f38
core   0: 0x000000008000fe7e (0xfb843783) ld      a5, -72(s0)
core   0: 3 0x000000008000fe7e (0xfb843783) x15 0x000000000000009c mem 0x0000000080031f28
core   0: 0x000000008000fe82 (0x000097ba) c.add   a5, a4
core   0: 3 0x000000008000fe82 (0x97ba) x15 0x00000000800120dc
core   0: 0x000000008000fe84 (0xfe043703) ld      a4, -32(s0)
core   0: 3 0x000000008000fe84 (0xfe043703) x14 0x00000000800120da mem 0x0000000080031f50
core   0: 0x000000008000fe88 (0xfcf76de3) bltu    a4, a5, pc - 38
core   0: 3 0x000000008000fe88 (0xfcf76de3)
core   0: 0x000000008000fe62 (0xfe043783) ld      a5, -32(s0)
core   0: 3 0x000000008000fe62 (0xfe043783) x15 0x00000000800120da mem 0x0000000080031f50
core   0: 0x000000008000fe66 (0x00178713) addi    a4, a5, 1
core   0: 3 0x000000008000fe66 (0x00178713) x14 0x00000000800120db
core   0: 0x000000008000fe6a (0xfee43023) sd      a4, -32(s0)
core   0: 3 0x000000008000fe6a (0xfee43023) mem 0x0000000080031f50 0x00000000800120db
core   0: 0x000000008000fe6e (0xfc442703) lw      a4, -60(s0)
core   0: 3 0x000000008000fe6e (0xfc442703) x14 0x0000000000000000 mem 0x0000000080031f34
core   0: 0x000000008000fe72 (0x0ff77713) andi    a4, a4, 255
core   0: 3 0x000000008000fe72 (0x0ff77713) x14 0x0000000000000000
core   0: 0x000000008000fe76 (0x00e78023) sb      a4, 0(a5)
core   0: 3 0x000000008000fe76 (0x00e78023) mem 0x00000000800120da 0x00
core   0: 0x000000008000fe7a (0xfc843703) ld      a4, -56(s0)
core   0: 3 0x000000008000fe7a (0xfc843703) x14 0x0000000080012040 mem 0x0000000080031f38
core   0: 0x000000008000fe7e (0xfb843783) ld      a5, -72(s0)
core   0: 3 0x000000008000fe7e (0xfb843783) x15 0x000000000000009c mem 0x0000000080031f28
core   0: 0x000000008000fe82 (0x000097ba) c.add   a5, a4
core   0: 3 0x000000008000fe82 (0x97ba) x15 0x00000000800120dc
core   0: 0x000000008000fe84 (0xfe043703) ld      a4, -32(s0)
core   0: 3 0x000000008000fe84 (0xfe043703) x14 0x00000000800120db mem 0x0000000080031f50
core   0: 0x000000008000fe88 (0xfcf76de3) bltu    a4, a5, pc - 38
core   0: 3 0x000000008000fe88 (0xfcf76de3)
core   0: 0x000000008000fe62 (0xfe043783) ld      a5, -32(s0)
core   0: 3 0x000000008000fe62 (0xfe043783) x15 0x00000000800120db mem 0x0000000080031f50
core   0: 0x000000008000fe66 (0x00178713) addi    a4, a5, 1
core   0: 3 0x000000008000fe66 (0x00178713) x14 0x00000000800120dc
core   0: 0x000000008000fe6a (0xfee43023) sd      a4, -32(s0)
core   0: 3 0x000000008000fe6a (0xfee43023) mem 0x0000000080031f50 0x00000000800120dc
core   0: 0x000000008000fe6e (0xfc442703) lw      a4, -60(s0)
core   0: 3 0x000000008000fe6e (0xfc442703) x14 0x0000000000000000 mem 0x0000000080031f34
core   0: 0x000000008000fe72 (0x0ff77713) andi    a4, a4, 255
core   0: 3 0x000000008000fe72 (0x0ff77713) x14 0x0000000000000000
core   0: 0x000000008000fe76 (0x00e78023) sb      a4, 0(a5)
core   0: 3 0x000000008000fe76 (0x00e78023) mem 0x00000000800120db 0x00
core   0: 0x000000008000fe7a (0xfc843703) ld      a4, -56(s0)
core   0: 3 0x000000008000fe7a (0xfc843703) x14 0x0000000080012040 mem 0x0000000080031f38
core   0: 0x000000008000fe7e (0xfb843783) ld      a5, -72(s0)
core   0: 3 0x000000008000fe7e (0xfb843783) x15 0x000000000000009c mem 0x0000000080031f28
core   0: 0x000000008000fe82 (0x000097ba) c.add   a5, a4
core   0: 3 0x000000008000fe82 (0x97ba) x15 0x00000000800120dc
core   0: 0x000000008000fe84 (0xfe043703) ld      a4, -32(s0)
core   0: 3 0x000000008000fe84 (0xfe043703) x14 0x00000000800120dc mem 0x0000000080031f50
core   0: 0x000000008000fe88 (0xfcf76de3) bltu    a4, a5, pc - 38
core   0: 3 0x000000008000fe88 (0xfcf76de3)
core   0: 0x000000008000fe8c (0xfc843783) ld      a5, -56(s0)
core   0: 3 0x000000008000fe8c (0xfc843783) x15 0x0000000080012040 mem 0x0000000080031f38
core   0: 0x000000008000fe90 (0x0000853e) c.mv    a0, a5
core   0: 3 0x000000008000fe90 (0x853e) x10 0x0000000080012040
core   0: 0x000000008000fe92 (0x00006426) c.ldsp  s0, 72(sp)
core   0: 3 0x000000008000fe92 (0x6426) x8  0x0000000080031f90 mem 0x0000000080031f68
core   0: 0x000000008000fe94 (0x00006161) c.addi16sp sp, 80
core   0: 3 0x000000008000fe94 (0x6161) x2  0x0000000080031f70
core   0: 0x000000008000fe96 (0x00008082) ret
core   0: 3 0x000000008000fe96 (0x8082)
core   0: 0x000000008000f44a (0x00000001) c.nop
core   0: 3 0x000000008000f44a (0x0001)
core   0: 0x000000008000f44c (0x000060e2) c.ldsp  ra, 24(sp)
core   0: 3 0x000000008000f44c (0x60e2) x1  0x000000008000f48a mem 0x0000000080031f88
core   0: 0x000000008000f44e (0x00006442) c.ldsp  s0, 16(sp)
core   0: 3 0x000000008000f44e (0x6442) x8  0x0000000080032040 mem 0x0000000080031f80
core   0: 0x000000008000f450 (0x00006105) c.addi16sp sp, 32
core   0: 3 0x000000008000f450 (0x6105) x2  0x0000000080031f90
core   0: 0x000000008000f452 (0x00008082) ret
core   0: 3 0x000000008000f452 (0x8082)
core   0: 0x000000008000f48a (0xf5842703) lw      a4, -168(s0)
core   0: 3 0x000000008000f48a (0xf5842703) x14 0x0000000000000001 mem 0x0000000080031f98
core   0: 0x000000008000f48e (0xf5c42783) lw      a5, -164(s0)
core   0: 3 0x000000008000f48e (0xf5c42783) x15 0x0000000000000000 mem 0x0000000080031f9c
core   0: 0x000000008000f492 (0x000085ba) c.mv    a1, a4
core   0: 3 0x000000008000f492 (0x85ba) x11 0x0000000000000001
core   0: 0x000000008000f494 (0x0000853e) c.mv    a0, a5
core   0: 3 0x000000008000f494 (0x853e) x10 0x0000000000000000
core   0: 0x000000008000f496 (0xf03ff0ef) jal     pc - 0xfe
core   0: 3 0x000000008000f496 (0xf03ff0ef) x1  0x000000008000f49a
core   0: >>>>  thread_entry
core   0: 0x000000008000f398 (0x00001101) c.addi  sp, -32
core   0: 3 0x000000008000f398 (0x1101) x2  0x0000000080031f70
core   0: 0x000000008000f39a (0x0000ec22) c.sdsp  s0, 24(sp)
core   0: 3 0x000000008000f39a (0xec22) mem 0x0000000080031f88 0x0000000080032040
core   0: 0x000000008000f39c (0x00001000) c.addi4spn s0, sp, 32
core   0: 3 0x000000008000f39c (0x1000) x8  0x0000000080031f90
core   0: 0x000000008000f39e (0x000087aa) c.mv    a5, a0
core   0: 3 0x000000008000f39e (0x87aa) x15 0x0000000000000000
core   0: 0x000000008000f3a0 (0x0000872e) c.mv    a4, a1
core   0: 3 0x000000008000f3a0 (0x872e) x14 0x0000000000000001
core   0: 0x000000008000f3a2 (0xfef42623) sw      a5, -20(s0)
core   0: 3 0x000000008000f3a2 (0xfef42623) mem 0x0000000080031f7c 0x00000000
core   0: 0x000000008000f3a6 (0x000087ba) c.mv    a5, a4
core   0: 3 0x000000008000f3a6 (0x87ba) x15 0x0000000000000001
core   0: 0x000000008000f3a8 (0xfef42423) sw      a5, -24(s0)
core   0: 3 0x000000008000f3a8 (0xfef42423) mem 0x0000000080031f78 0x00000001
core   0: 0x000000008000f3ac (0x00000001) c.nop
core   0: 3 0x000000008000f3ac (0x0001)
core   0: 0x000000008000f3ae (0xfec42783) lw      a5, -20(s0)
core   0: 3 0x000000008000f3ae (0xfec42783) x15 0x0000000000000000 mem 0x0000000080031f7c
core   0: 0x000000008000f3b2 (0x00002781) c.addiw a5, 0
core   0: 3 0x000000008000f3b2 (0x2781) x15 0x0000000000000000
core   0: 0x000000008000f3b4 (0x0000ffed) c.bnez  a5, pc - 6
core   0: 3 0x000000008000f3b4 (0xffed)
core   0: 0x000000008000f3b6 (0x00000001) c.nop
core   0: 3 0x000000008000f3b6 (0x0001)
core   0: 0x000000008000f3b8 (0x00000001) c.nop
core   0: 3 0x000000008000f3b8 (0x0001)
core   0: 0x000000008000f3ba (0x00006462) c.ldsp  s0, 24(sp)
core   0: 3 0x000000008000f3ba (0x6462) x8  0x0000000080032040 mem 0x0000000080031f88
core   0: 0x000000008000f3bc (0x00006105) c.addi16sp sp, 32
core   0: 3 0x000000008000f3bc (0x6105) x2  0x0000000080031f90
core   0: 0x000000008000f3be (0x00008082) ret
core   0: 3 0x000000008000f3be (0x8082)
core   0: 0x000000008000f49a (0x00004581) c.li    a1, 0
core   0: 3 0x000000008000f49a (0x4581) x11 0x0000000000000000
core   0: 0x000000008000f49c (0x00004501) c.li    a0, 0
core   0: 3 0x000000008000f49c (0x4501) x10 0x0000000000000000
core   0: 0x000000008000f49e (0xb63f20ef) jal     pc - 0xd49e
core   0: 3 0x000000008000f49e (0xb63f20ef) x1  0x000000008000f4a2
core   0: >>>>  main
core   0: 0x0000000080002000 (0x00000001) c.nop
core   0: 3 0x0000000080002000 (0x0001)
core   0: >>>>  trap_vec_init
core   0: 0x0000000080002002 (0x00002797) auipc   a5, 0x2
core   0: 3 0x0000000080002002 (0x00002797) x15 0x0000000080004002
core   0: 0x0000000080002006 (0xffe78793) addi    a5, a5, -2
core   0: 3 0x0000000080002006 (0xffe78793) x15 0x0000000080004000
core   0: 0x000000008000200a (0x30579073) csrrw   zero, mtvec, a5
core   0: 3 0x000000008000200a (0x30579073) c773_mtvec 0x0000000080004000
core   0: >>>>  pmp_setup
core   0: 0x000000008000200e (0x00002c17) auipc   s8, 0x2
core   0: 3 0x000000008000200e (0x00002c17) x24 0x000000008000400e
core   0: 0x0000000080002012 (0x022c0c13) addi    s8, s8, 34
core   0: 3 0x0000000080002012 (0x022c0c13) x24 0x0000000080004030
core   0: 0x0000000080002016 (0x00004781) c.li    a5, 0
core   0: 3 0x0000000080002016 (0x4781) x15 0x0000000000000000
core   0: 0x0000000080002018 (0x00009c3e) c.add   s8, a5
core   0: 3 0x0000000080002018 (0x9c3e) x24 0x0000000080004030
core   0: 0x000000008000201a (0x3b0c1073) csrrw   zero, pmpaddr0, s8
core   0: 3 0x000000008000201a (0x3b0c1073) c944_pmpaddr0 0x0000000080004030
core   0: 0x000000008000201e (0x00004c3d) c.li    s8, 15
core   0: 3 0x000000008000201e (0x4c3d) x24 0x000000000000000f
core   0: 0x0000000080002020 (0x3a0c1073) csrrw   zero, pmpcfg0, s8
core   0: 3 0x0000000080002020 (0x3a0c1073) c928_pmpcfg0 0x000000000000000f
core   0: 0x0000000080002024 (0x12000073) sfence.vma zero, zero
core   0: 3 0x0000000080002024 (0x12000073)
core   0: >>>>  mepc_setup
core   0: 0x0000000080002028 (0x00002797) auipc   a5, 0x2
core   0: 3 0x0000000080002028 (0x00002797) x15 0x0000000080004028
core   0: 0x000000008000202c (0x00878793) addi    a5, a5, 8
core   0: 3 0x000000008000202c (0x00878793) x15 0x0000000080004030
core   0: 0x0000000080002030 (0x34179073) csrrw   zero, mepc, a5
core   0: 3 0x0000000080002030 (0x34179073) c833_mepc 0x0000000080004030
core   0: >>>>  custom_csr_setup
core   0: 0x0000000080002034 (0x00100f9b) addiw   t6, zero, 1
core   0: 3 0x0000000080002034 (0x00100f9b) x31 0x0000000000000001
core   0: 0x0000000080002038 (0x00000ffe) c.slli  t6, 31
core   0: 3 0x0000000080002038 (0x0ffe) x31 0x0000000080000000
core   0: 0x000000008000203a (0x00000001) c.nop
core   0: 3 0x000000008000203a (0x0001)
core   0: >>>>  init_s_mode
core   0: 0x000000008000203c (0xfff0079b) addiw   a5, zero, -1
core   0: 3 0x000000008000203c (0xfff0079b) x15 0xffffffffffffffff
core   0: 0x0000000080002040 (0x000017fe) c.slli  a5, 63
core   0: 3 0x0000000080002040 (0x17fe) x15 0x8000000000000000
core   0: 0x0000000080002042 (0x18079073) csrrw   zero, satp, a5
core   0: 3 0x0000000080002042 (0x18079073) c384_satp 0x8000000000000000
core   0: 0x0000000080002046 (0x0000f797) auipc   a5, 0xf
core   0: 3 0x0000000080002046 (0x0000f797) x15 0x0000000080011046
core   0: 0x000000008000204a (0xfba78793) addi    a5, a5, -70
core   0: 3 0x000000008000204a (0xfba78793) x15 0x0000000080011000
core   0: 0x000000008000204e (0x000083b1) c.srli  a5, 12
core   0: 3 0x000000008000204e (0x83b1) x15 0x0000000000080011
core   0: 0x0000000080002050 (0x0010061b) addiw   a2, zero, 1
core   0: 3 0x0000000080002050 (0x0010061b) x12 0x0000000000000001
core   0: 0x0000000080002054 (0x00001632) c.slli  a2, 44
core   0: 3 0x0000000080002054 (0x1632) x12 0x0000100000000000
core   0: 0x0000000080002056 (0x0000167d) c.addi  a2, -1
core   0: 3 0x0000000080002056 (0x167d) x12 0x00000fffffffffff
core   0: 0x0000000080002058 (0x00008ff1) c.and   a5, a2
core   0: 3 0x0000000080002058 (0x8ff1) x15 0x0000000000080011
core   0: 0x000000008000205a (0x1807a073) csrrs   zero, satp, a5
core   0: 3 0x000000008000205a (0x1807a073) c384_satp 0x8000000000080011
core   0: 0x000000008000205e (0x00a005b7) lui     a1, 0xa00
core   0: 3 0x000000008000205e (0x00a005b7) x11 0x0000000000a00000
core   0: 0x0000000080002062 (0x10b5859b) addiw   a1, a1, 267
core   0: 3 0x0000000080002062 (0x10b5859b) x11 0x0000000000a0010b
core   0: 0x0000000080002066 (0x000005b2) c.slli  a1, 12
core   0: 3 0x0000000080002066 (0x05b2) x11 0x0000000a0010b000
core   0: 0x0000000080002068 (0xa0058593) addi    a1, a1, -1536
core   0: 3 0x0000000080002068 (0xa0058593) x11 0x0000000a0010aa00
core   0: 0x000000008000206c (0x30059073) csrrw   zero, mstatus, a1
core   0: 3 0x000000008000206c (0x30059073) c768_mstatus 0x0000000a00102800
core   0: 0x0000000080002070 (0x30459073) csrrw   zero, mie, a1
core   0: 3 0x0000000080002070 (0x30459073) c772_mie 0x0000000000000a00
core   0: 0x0000000080002074 (0x00a005b7) lui     a1, 0xa00
core   0: 3 0x0000000080002074 (0x00a005b7) x11 0x0000000000a00000
core   0: 0x0000000080002078 (0x10b5859b) addiw   a1, a1, 267
core   0: 3 0x0000000080002078 (0x10b5859b) x11 0x0000000000a0010b
core   0: 0x000000008000207c (0x000005b2) c.slli  a1, 12
core   0: 3 0x000000008000207c (0x05b2) x11 0x0000000a0010b000
core   0: 0x000000008000207e (0xa0058593) addi    a1, a1, -1536
core   0: 3 0x000000008000207e (0xa0058593) x11 0x0000000a0010aa00
core   0: 0x0000000080002082 (0x10059073) csrrw   zero, sstatus, a1
core   0: 3 0x0000000080002082 (0x10059073) c768_mstatus 0x0000000a00102800
core   0: 0x0000000080002086 (0x10459073) csrrw   zero, sie, a1
core   0: 3 0x0000000080002086 (0x10459073) c772_mie 0x0000000000000a00
core   0: 0x000000008000208a (0x30200073) mret
core   0: 3 0x000000008000208a (0x30200073) c768_mstatus 0x0000000a00102080
core   0: >>>>  main_g
core   0: 0x0000000080004030 (0x003c0233) add     tp, s8, gp
core   0: 1 0x0000000080004030 (0x003c0233) x4  0x0000000080012837
core   0: 0x0000000080004034 (0x02ea7ccf) fnmadd.d fs9, fs4, fa4, ft0
core   0: 1 0x0000000080004034 (0x02ea7ccf) c768_mstatus 0x8000000a00106080 f25 0x7ff8000000000000
core   0: 0x0000000080004038 (0xc22e7ed3) fcvt.l.d t4, ft8
core   0: 1 0x0000000080004038 (0xc22e7ed3) c1_fflags 0x0000000000000010 x29 0x7fffffffffffffff
core   0: 0x000000008000403c (0x4061d1bb) sraw    gp, gp, t1
core   0: 1 0x000000008000403c (0x4061d1bb) x3  0xffffffff80012828
core   0: 0x0000000080004040 (0x42ab5593) srai    a1, s6, 42
core   0: 1 0x0000000080004040 (0x42ab5593) x11 0x0000000000000000
core   0: 0x0000000080004044 (0xc03d7953) fcvt.lu.s s2, fs10
core   0: 1 0x0000000080004044 (0xc03d7953) x18 0x0000000000000000
core   0: 0x0000000080004048 (0xd0347ad3) fcvt.s.lu fs5, s0
core   0: 1 0x0000000080004048 (0xd0347ad3) c1_fflags 0x0000000000000011 f21 0xffffffff4f000320
core   0: 0x000000008000404c (0x02495193) srli    gp, s2, 36
core   0: 1 0x000000008000404c (0x02495193) x3  0x0000000000000000
core   0: 0x0000000080004050 (0xc043a0f3) csrrs   ra, hpmcounter4, t2
core   0: exception trap_illegal_instruction, epc 0x0000000080004050
core   0:           tval 0x00000000c043a0f3
core   0: >>>>  $xrv64i2p1_m2p0_a2p1_f2p2_d2p2_zicsr2p0_zifencei2p0_zmmul1p0_zba1p0_zbb1p0_zbc1p0_zbs1p0
core   0: 0x0000000080004000 (0x0080006f) j       pc + 0x8
core   0: 3 0x0000000080004000 (0x0080006f)
core   0: >>>>  mmode_exception_handler
core   0: 0x0000000080004008 (0x00002c17) auipc   s8, 0x2
core   0: 3 0x0000000080004008 (0x00002c17) x24 0x0000000080006008
core   0: 0x000000008000400c (0x0f0c0c13) addi    s8, s8, 240
core   0: 3 0x000000008000400c (0x0f0c0c13) x24 0x00000000800060f8
core   0: 0x0000000080004010 (0x000c00e7) jalr    s8
core   0: 3 0x0000000080004010 (0x000c00e7) x1  0x0000000080004014
core   0: >>>>  any_handler
core   0: 0x00000000800060f8 (0x341027f3) csrrs   a5, mepc, zero
core   0: 3 0x00000000800060f8 (0x341027f3) x15 0x0000000080004050
core   0: 0x00000000800060fc (0x34202773) csrrs   a4, mcause, zero
core   0: 3 0x00000000800060fc (0x34202773) x14 0x0000000000000002
core   0: 0x0000000080006100 (0x142026f3) csrrs   a3, scause, zero
core   0: 3 0x0000000080006100 (0x142026f3) x13 0x0000000000000000
core   0: 0x0000000080006104 (0x30402673) csrrs   a2, mie, zero
core   0: 3 0x0000000080006104 (0x30402673) x12 0x0000000000000a00
core   0: 0x0000000080006108 (0x344025f3) csrrs   a1, mip, zero
core   0: 3 0x0000000080006108 (0x344025f3) x11 0x0000000000000080
core   0: 0x000000008000610c (0x343025f3) csrrs   a1, mtval, zero
core   0: 3 0x000000008000610c (0x343025f3) x11 0x00000000c043a0f3
core   0: 0x0000000080006110 (0x14302573) csrrs   a0, stval, zero
core   0: 3 0x0000000080006110 (0x14302573) x10 0x0000000000000000
core   0: 0x0000000080006114 (0xb02024f3) csrrs   s1, minstret, zero
core   0: 3 0x0000000080006114 (0xb02024f3) x9  0x00000000000007d3
core   0: 0x0000000080006118 (0x0000a811) c.j     pc + 20
core   0: 3 0x0000000080006118 (0xa811)
core   0: >>>>  mepc_4
core   0: 0x000000008000612c (0x00000791) c.addi  a5, 4
core   0: 3 0x000000008000612c (0x0791) x15 0x0000000080004054
core   0: 0x000000008000612e (0x34179073) csrrw   zero, mepc, a5
core   0: 3 0x000000008000612e (0x34179073) c833_mepc 0x0000000080004054
core   0: 0x0000000080006132 (0x30200073) mret
core   0: 3 0x0000000080006132 (0x30200073) c768_mstatus 0x8000000a00106080
core   0: 0x0000000080004054 (0x0124043b) addw    s0, s0, s2
core   0: 1 0x0000000080004054 (0x0124043b) x8  0xffffffff80032040
core   0: 0x0000000080004058 (0x02a52db3) mulhsu  s11, a0, a0
core   0: 1 0x0000000080004058 (0x02a52db3) x27 0x0000000000000000
core   0: 0x000000008000405c (0x055f7637) lui     a2, 0x55f7
core   0: 1 0x000000008000405c (0x055f7637) x12 0x00000000055f7000
core   0: 0x0000000080004060 (0x0796061b) addiw   a2, a2, 121
core   0: 1 0x0000000080004060 (0x0796061b) x12 0x00000000055f7079
core   0: 0x0000000080004064 (0x00000632) c.slli  a2, 12
core   0: 1 0x0000000080004064 (0x0632) x12 0x00000055f7079000
core   0: 0x0000000080004066 (0xa4160613) addi    a2, a2, -1471
core   0: 1 0x0000000080004066 (0xa4160613) x12 0x00000055f7078a41
core   0: 0x000000008000406a (0xc03e7453) fcvt.lu.s s0, ft8
core   0: 1 0x000000008000406a (0xc03e7453) x8  0x0000000000000000
core   0: 0x000000008000406e (0x2baa0a53) fmin.d  fs4, fs4, fs10
core   0: 1 0x000000008000406e (0x2baa0a53) f20 0x7ff8000000000000
core   0: 0x0000000080004072 (0x026e6e3b) remw    t3, t3, t1
core   0: 1 0x0000000080004072 (0x026e6e3b) x28 0x0000000000000000
core   0: 0x0000000080004076 (0xa2d68953) fle.d   s2, fa3, fa3
core   0: 1 0x0000000080004076 (0xa2d68953) c1_fflags 0x0000000000000011 x18 0x0000000000000000
core   0: 0x000000008000407a (0x0068c533) xor     a0, a7, t1
core   0: 1 0x000000008000407a (0x0068c533) x10 0x0000000000000000
core   0: 0x000000008000407e (0x039e5db3) divu    s11, t3, s9
core   0: 1 0x000000008000407e (0x039e5db3) x27 0xffffffffffffffff
core   0: 0x0000000080004082 (0xa3af7343) fmadd.d ft6, ft10, fs10, fs4
core   0: 1 0x0000000080004082 (0xa3af7343) f6  0x7ff8000000000000
core   0: 0x0000000080004086 (0x00aef4b3) and     s1, t4, a0
core   0: 1 0x0000000080004086 (0x00aef4b3) x9  0x0000000000000000
core   0: 0x000000008000408a (0xf20480d3) fmv.d.x ft1, s1
core   0: 1 0x000000008000408a (0xf20480d3) f1  0x0000000000000000
core   0: 0x000000008000408e (0x001c8093) addi    ra, s9, 1
core   0: 1 0x000000008000408e (0x001c8093) x1  0x0000000000000001
core   0: 0x0000000080004092 (0x4093843b) subw    s0, t2, s1
core   0: 1 0x0000000080004092 (0x4093843b) x8  0x0000000000000000
core   0: 0x0000000080004096 (0x00000001) c.nop
core   0: 1 0x0000000080004096 (0x0001)
core   0: 0x0000000080004098 (0xc200f753) fcvt.w.d a4, ft1
core   0: 1 0x0000000080004098 (0xc200f753) x14 0x0000000000000000
core   0: 0x000000008000409c (0x02e47c3b) remuw   s8, s0, a4
core   0: 1 0x000000008000409c (0x02e47c3b) x24 0x0000000000000000
core   0: 0x00000000800040a0 (0x00045993) srli    s3, s0, 0
core   0: 1 0x00000000800040a0 (0x00045993) x19 0x0000000000000000
core   0: 0x00000000800040a4 (0x031b1513) slli    a0, s6, 49
core   0: 1 0x00000000800040a4 (0x031b1513) x10 0x0000000000000000
core   0: 0x00000000800040a8 (0x40add3bb) sraw    t2, s11, a0
core   0: 1 0x00000000800040a8 (0x40add3bb) x7  0xffffffffffffffff
core   0: 0x00000000800040ac (0x0ff0000f) fence   iorw,iorw
core   0: 1 0x00000000800040ac (0x0ff0000f)
core   0: 0x00000000800040b0 (0x001b98b3) sll     a7, s7, ra
core   0: 1 0x00000000800040b0 (0x001b98b3) x17 0x0000000000000000
core   0: 0x00000000800040b4 (0x5a0df3d3) fsqrt.d ft7, fs11
core   0: 1 0x00000000800040b4 (0x5a0df3d3) f7  0x7ff8000000000000
core   0: 0x00000000800040b8 (0xf20d8453) fmv.d.x fs0, s11
core   0: 1 0x00000000800040b8 (0xf20d8453) f8  0xffffffffffffffff
core   0: 0x00000000800040bc (0x42060453) fcvt.d.s fs0, fa2
core   0: 1 0x00000000800040bc (0x42060453) f8  0x0000000000000000
core   0: 0x00000000800040c0 (0x401573d3) fcvt.s.d ft7, fa0
core   0: 1 0x00000000800040c0 (0x401573d3) f7  0xffffffff7fc00000
core   0: 0x00000000800040c4 (0xd02aff53) fcvt.s.l ft10, s5
core   0: 1 0x00000000800040c4 (0xd02aff53) f30 0xffffffff00000000
core   0: 0x00000000800040c8 (0x0027981b) slliw   a6, a5, 2
core   0: 1 0x00000000800040c8 (0x0027981b) x16 0x0000000000010150
core   0: 0x00000000800040cc (0xc206fdd3) fcvt.w.d s11, fa3
core   0: 1 0x00000000800040cc (0xc206fdd3) c1_fflags 0x0000000000000011 x27 0x000000007fffffff
core   0: 0x00000000800040d0 (0x0060c5b3) xor     a1, ra, t1
core   0: 1 0x00000000800040d0 (0x0060c5b3) x11 0x0000000000000001
core   0: 0x00000000800040d4 (0x03e277d3) fadd.d  fa5, ft4, ft10
core   0: 1 0x00000000800040d4 (0x03e277d3) f15 0x7ff8000000000000
core   0: 0x00000000800040d8 (0x420e0653) fcvt.d.s fa2, ft8
core   0: 1 0x00000000800040d8 (0x420e0653) f12 0x0000000000000000
core   0: 0x00000000800040dc (0xf6db4413) xori    s0, s6, -147
core   0: 1 0x00000000800040dc (0xf6db4413) x8  0xffffffffffffff6d
core   0: 0x00000000800040e0 (0x01071333) sll     t1, a4, a6
core   0: 1 0x00000000800040e0 (0x01071333) x6  0x0000000000000000
core   0: 0x00000000800040e4 (0x0a19fd43) fmadd.d fs10, fs3, ft1, ft1
core   0: 1 0x00000000800040e4 (0x0a19fd43) f26 0x7ff8000000000000
core   0: 0x00000000800040e8 (0x008c7cb3) and     s9, s8, s0
core   0: 1 0x00000000800040e8 (0x008c7cb3) x25 0x0000000000000000
core   0: 0x00000000800040ec (0x4010f653) fcvt.s.d fa2, ft1
core   0: 1 0x00000000800040ec (0x4010f653) f12 0xffffffff00000000
core   0: 0x00000000800040f0 (0x41db863b) subw    a2, s7, t4
core   0: 1 0x00000000800040f0 (0x41db863b) x12 0x0000000000000001
core   0: 0x00000000800040f4 (0xdbbdf547) fmsub.d fa0, fs11, fs11, fs11
core   0: 1 0x00000000800040f4 (0xdbbdf547) f10 0x7ff8000000000000
core   0: 0x00000000800040f8 (0x0007dc13) srli    s8, a5, 0
core   0: 1 0x00000000800040f8 (0x0007dc13) x24 0x0000000080004054
core   0: 0x00000000800040fc (0x00cb913b) sllw    sp, s7, a2
core   0: 1 0x00000000800040fc (0x00cb913b) x2  0x0000000000000000
core   0: 0x0000000080004100 (0x01ae1e9b) slliw   t4, t3, 26
core   0: 1 0x0000000080004100 (0x01ae1e9b) x29 0x0000000000000000
core   0: 0x0000000080004104 (0xc20df953) fcvt.w.d s2, fs11
core   0: 1 0x0000000080004104 (0xc20df953) c1_fflags 0x0000000000000011 x18 0x000000007fffffff
core   0: 0x0000000080004108 (0x001d7713) andi    a4, s10, 1
core   0: 1 0x0000000080004108 (0x001d7713) x14 0x0000000000000000
core   0: 0x000000008000410c (0xc06b3173) csrrc   sp, hpmcounter6, s6
core   0: exception trap_illegal_instruction, epc 0x000000008000410c
core   0:           tval 0x00000000c06b3173
core   0: >>>>  $xrv64i2p1_m2p0_a2p1_f2p2_d2p2_zicsr2p0_zifencei2p0_zmmul1p0_zba1p0_zbb1p0_zbc1p0_zbs1p0
core   0: 0x0000000080004000 (0x0080006f) j       pc + 0x8
core   0: 3 0x0000000080004000 (0x0080006f)
core   0: >>>>  mmode_exception_handler
core   0: 0x0000000080004008 (0x00002c17) auipc   s8, 0x2
core   0: 3 0x0000000080004008 (0x00002c17) x24 0x0000000080006008
core   0: 0x000000008000400c (0x0f0c0c13) addi    s8, s8, 240
core   0: 3 0x000000008000400c (0x0f0c0c13) x24 0x00000000800060f8
core   0: 0x0000000080004010 (0x000c00e7) jalr    s8
core   0: 3 0x0000000080004010 (0x000c00e7) x1  0x0000000080004014
core   0: >>>>  any_handler
core   0: 0x00000000800060f8 (0x341027f3) csrrs   a5, mepc, zero
core   0: 3 0x00000000800060f8 (0x341027f3) x15 0x000000008000410c
core   0: 0x00000000800060fc (0x34202773) csrrs   a4, mcause, zero
core   0: 3 0x00000000800060fc (0x34202773) x14 0x0000000000000002
core   0: 0x0000000080006100 (0x142026f3) csrrs   a3, scause, zero
core   0: 3 0x0000000080006100 (0x142026f3) x13 0x0000000000000000
core   0: 0x0000000080006104 (0x30402673) csrrs   a2, mie, zero
core   0: 3 0x0000000080006104 (0x30402673) x12 0x0000000000000a00
core   0: 0x0000000080006108 (0x344025f3) csrrs   a1, mip, zero
core   0: 3 0x0000000080006108 (0x344025f3) x11 0x0000000000000080
core   0: 0x000000008000610c (0x343025f3) csrrs   a1, mtval, zero
core   0: 3 0x000000008000610c (0x343025f3) x11 0x00000000c06b3173
core   0: 0x0000000080006110 (0x14302573) csrrs   a0, stval, zero
core   0: 3 0x0000000080006110 (0x14302573) x10 0x0000000000000000
core   0: 0x0000000080006114 (0xb02024f3) csrrs   s1, minstret, zero
core   0: 3 0x0000000080006114 (0xb02024f3) x9  0x0000000000000812
core   0: 0x0000000080006118 (0x0000a811) c.j     pc + 20
core   0: 3 0x0000000080006118 (0xa811)
core   0: >>>>  mepc_4
core   0: 0x000000008000612c (0x00000791) c.addi  a5, 4
core   0: 3 0x000000008000612c (0x0791) x15 0x0000000080004110
core   0: 0x000000008000612e (0x34179073) csrrw   zero, mepc, a5
core   0: 3 0x000000008000612e (0x34179073) c833_mepc 0x0000000080004110
core   0: 0x0000000080006132 (0x30200073) mret
core   0: 3 0x0000000080006132 (0x30200073) c768_mstatus 0x8000000a00106080
core   0: 0x0000000080004110 (0xe8ab0a93) addi    s5, s6, -374
core   0: 1 0x0000000080004110 (0xe8ab0a93) x21 0xfffffffffffffe8a
core   0: 0x0000000080004114 (0x3bf3f947) fmsub.d fs2, ft7, ft11, ft7
core   0: 1 0x0000000080004114 (0x3bf3f947) f18 0x7ff8000000000000
core   0: 0x0000000080004118 (0x018edb1b) srliw   s6, t4, 24
core   0: 1 0x0000000080004118 (0x018edb1b) x22 0x0000000000000000
core   0: 0x000000008000411c (0x4012fc53) fcvt.s.d fs8, ft5
core   0: 1 0x000000008000411c (0x4012fc53) f24 0xffffffff7fc00000
core   0: 0x0000000080004120 (0xf11b97f3) csrrw   a5, mvendorid, s7
core   0: exception trap_illegal_instruction, epc 0x0000000080004120
core   0:           tval 0x00000000f11b97f3
core   0: >>>>  $xrv64i2p1_m2p0_a2p1_f2p2_d2p2_zicsr2p0_zifencei2p0_zmmul1p0_zba1p0_zbb1p0_zbc1p0_zbs1p0
core   0: 0x0000000080004000 (0x0080006f) j       pc + 0x8
core   0: 3 0x0000000080004000 (0x0080006f)
core   0: >>>>  mmode_exception_handler
core   0: 0x0000000080004008 (0x00002c17) auipc   s8, 0x2
core   0: 3 0x0000000080004008 (0x00002c17) x24 0x0000000080006008
core   0: 0x000000008000400c (0x0f0c0c13) addi    s8, s8, 240
core   0: 3 0x000000008000400c (0x0f0c0c13) x24 0x00000000800060f8
core   0: 0x0000000080004010 (0x000c00e7) jalr    s8
core   0: 3 0x0000000080004010 (0x000c00e7) x1  0x0000000080004014
core   0: >>>>  any_handler
core   0: 0x00000000800060f8 (0x341027f3) csrrs   a5, mepc, zero
core   0: 3 0x00000000800060f8 (0x341027f3) x15 0x0000000080004120
core   0: 0x00000000800060fc (0x34202773) csrrs   a4, mcause, zero
core   0: 3 0x00000000800060fc (0x34202773) x14 0x0000000000000002
core   0: 0x0000000080006100 (0x142026f3) csrrs   a3, scause, zero
core   0: 3 0x0000000080006100 (0x142026f3) x13 0x0000000000000000
core   0: 0x0000000080006104 (0x30402673) csrrs   a2, mie, zero
core   0: 3 0x0000000080006104 (0x30402673) x12 0x0000000000000a00
core   0: 0x0000000080006108 (0x344025f3) csrrs   a1, mip, zero
core   0: 3 0x0000000080006108 (0x344025f3) x11 0x0000000000000080
core   0: 0x000000008000610c (0x343025f3) csrrs   a1, mtval, zero
core   0: 3 0x000000008000610c (0x343025f3) x11 0x00000000f11b97f3
core   0: 0x0000000080006110 (0x14302573) csrrs   a0, stval, zero
core   0: 3 0x0000000080006110 (0x14302573) x10 0x0000000000000000
core   0: 0x0000000080006114 (0xb02024f3) csrrs   s1, minstret, zero
core   0: 3 0x0000000080006114 (0xb02024f3) x9  0x0000000000000826
core   0: 0x0000000080006118 (0x0000a811) c.j     pc + 20
core   0: 3 0x0000000080006118 (0xa811)
core   0: >>>>  mepc_4
core   0: 0x000000008000612c (0x00000791) c.addi  a5, 4
core   0: 3 0x000000008000612c (0x0791) x15 0x0000000080004124
core   0: 0x000000008000612e (0x34179073) csrrw   zero, mepc, a5
core   0: 3 0x000000008000612e (0x34179073) c833_mepc 0x0000000080004124
core   0: 0x0000000080006132 (0x30200073) mret
core   0: 3 0x0000000080006132 (0x30200073) c768_mstatus 0x8000000a00106080
core   0: 0x0000000080004124 (0x0067d8bb) srlw    a7, a5, t1
core   0: 1 0x0000000080004124 (0x0067d8bb) x17 0xffffffff80004124
core   0: 0x0000000080004128 (0x7ff10e9b) addiw   t4, sp, 2047
core   0: 1 0x0000000080004128 (0x7ff10e9b) x29 0x00000000000007ff
core   0: 0x000000008000412c (0x00c292b3) sll     t0, t0, a2
core   0: 1 0x000000008000412c (0x00c292b3) x5  0x0000000080000124
core   0: 0x0000000080004130 (0x22fcacd3) fsgnjx.d fs9, fs9, fa5
core   0: 1 0x0000000080004130 (0x22fcacd3) f25 0x7ff8000000000000
core   0: 0x0000000080004134 (0xf2050653) fmv.d.x fa2, a0
core   0: 1 0x0000000080004134 (0xf2050653) f12 0x0000000000000000
core   0: 0x0000000080004138 (0x002020f3) csrrs   ra, frm, zero
core   0: 1 0x0000000080004138 (0x002020f3) x1  0x0000000000000000
core   0: 0x000000008000413c (0x40500c33) sub     s8, zero, t0
core   0: 1 0x000000008000413c (0x40500c33) x24 0xffffffff7ffffedc
core   0: 0x0000000080004140 (0x02f66eb3) rem     t4, a2, a5
core   0: 1 0x0000000080004140 (0x02f66eb3) x29 0x0000000000000a00
core   0: 0x0000000080004144 (0xf20e83d3) fmv.d.x ft7, t4
core   0: 1 0x0000000080004144 (0xf20e83d3) f7  0x0000000000000a00
core   0: 0x0000000080004148 (0x00000001) c.nop
core   0: 1 0x0000000080004148 (0x0001)
core   0: 0x000000008000414a (0x00ea573b) srlw    a4, s4, a4
core   0: 1 0x000000008000414a (0x00ea573b) x14 0x0000000000000000
core   0: 0x000000008000414e (0x00ab09bb) addw    s3, s6, a0
core   0: 1 0x000000008000414e (0x00ab09bb) x19 0x0000000000000000
core   0: 0x0000000080004152 (0x01803db3) sltu    s11, zero, s8
core   0: 1 0x0000000080004152 (0x01803db3) x27 0x0000000000000001
core   0: 0x0000000080004156 (0x0b6b7a53) fsub.d  fs4, fs6, fs6
core   0: 1 0x0000000080004156 (0x0b6b7a53) f20 0x7ff8000000000000
core   0: 0x000000008000415a (0x002021f3) csrrs   gp, frm, zero
core   0: 1 0x000000008000415a (0x002021f3) x3  0x0000000000000000
core   0: 0x000000008000415e (0x1b9cf2cf) fnmadd.d ft5, fs9, fs9, ft3
core   0: 1 0x000000008000415e (0x1b9cf2cf) f5  0x7ff8000000000000
core   0: 0x0000000080004162 (0x00a9e5b3) or      a1, s3, a0
core   0: 1 0x0000000080004162 (0x00a9e5b3) x11 0x0000000000000000
core   0: 0x0000000080004166 (0x00b886b3) add     a3, a7, a1
core   0: 1 0x0000000080004166 (0x00b886b3) x13 0xffffffff80004124
core   0: 0x000000008000416a (0x12047a4b) fnmsub.d fs4, fs0, ft0, ft2
core   0: 1 0x000000008000416a (0x12047a4b) f20 0x7ff8000000000000
core   0: 0x000000008000416e (0x43f5da13) srai    s4, a1, 63
core   0: 1 0x000000008000416e (0x43f5da13) x20 0x0000000000000000
core   0: 0x0000000080004172 (0x4006d51b) sraiw   a0, a3, 0
core   0: 1 0x0000000080004172 (0x4006d51b) x10 0xffffffff80004124
core   0: 0x0000000080004176 (0xc02a7b53) fcvt.l.s s6, fs4
core   0: 1 0x0000000080004176 (0xc02a7b53) c1_fflags 0x0000000000000011 x22 0x7fffffffffffffff
core   0: 0x000000008000417a (0x0341a933) mulhsu  s2, gp, s4
core   0: 1 0x000000008000417a (0x0341a933) x18 0x0000000000000000
core   0: 0x000000008000417e (0x03a7ca3b) divw    s4, a5, s10
core   0: 1 0x000000008000417e (0x03a7ca3b) x20 0xffffffffffffffff
core   0: 0x0000000080004182 (0x41f8581b) sraiw   a6, a6, 31
core   0: 1 0x0000000080004182 (0x41f8581b) x16 0x0000000000000000
core   0: 0x0000000080004186 (0x0302ebbb) remw    s7, t0, a6
core   0: 1 0x0000000080004186 (0x0302ebbb) x23 0xffffffff80000124
core   0: 0x000000008000418a (0xc0406ef3) csrrsi  t4, hpmcounter4, 0
core   0: exception trap_illegal_instruction, epc 0x000000008000418a
core   0:           tval 0x00000000c0406ef3
core   0: >>>>  $xrv64i2p1_m2p0_a2p1_f2p2_d2p2_zicsr2p0_zifencei2p0_zmmul1p0_zba1p0_zbb1p0_zbc1p0_zbs1p0
core   0: 0x0000000080004000 (0x0080006f) j       pc + 0x8
core   0: 3 0x0000000080004000 (0x0080006f)
core   0: >>>>  mmode_exception_handler
core   0: 0x0000000080004008 (0x00002c17) auipc   s8, 0x2
core   0: 3 0x0000000080004008 (0x00002c17) x24 0x0000000080006008
core   0: 0x000000008000400c (0x0f0c0c13) addi    s8, s8, 240
core   0: 3 0x000000008000400c (0x0f0c0c13) x24 0x00000000800060f8
core   0: 0x0000000080004010 (0x000c00e7) jalr    s8
core   0: 3 0x0000000080004010 (0x000c00e7) x1  0x0000000080004014
core   0: >>>>  any_handler
core   0: 0x00000000800060f8 (0x341027f3) csrrs   a5, mepc, zero
core   0: 3 0x00000000800060f8 (0x341027f3) x15 0x000000008000418a
core   0: 0x00000000800060fc (0x34202773) csrrs   a4, mcause, zero
core   0: 3 0x00000000800060fc (0x34202773) x14 0x0000000000000002
core   0: 0x0000000080006100 (0x142026f3) csrrs   a3, scause, zero
core   0: 3 0x0000000080006100 (0x142026f3) x13 0x0000000000000000
core   0: 0x0000000080006104 (0x30402673) csrrs   a2, mie, zero
core   0: 3 0x0000000080006104 (0x30402673) x12 0x0000000000000a00
core   0: 0x0000000080006108 (0x344025f3) csrrs   a1, mip, zero
core   0: 3 0x0000000080006108 (0x344025f3) x11 0x0000000000000080
core   0: 0x000000008000610c (0x343025f3) csrrs   a1, mtval, zero
core   0: 3 0x000000008000610c (0x343025f3) x11 0x00000000c0406ef3
core   0: 0x0000000080006110 (0x14302573) csrrs   a0, stval, zero
core   0: 3 0x0000000080006110 (0x14302573) x10 0x0000000000000000
core   0: 0x0000000080006114 (0xb02024f3) csrrs   s1, minstret, zero
core   0: 3 0x0000000080006114 (0xb02024f3) x9  0x0000000000000850
core   0: 0x0000000080006118 (0x0000a811) c.j     pc + 20
core   0: 3 0x0000000080006118 (0xa811)
core   0: >>>>  mepc_4
core   0: 0x000000008000612c (0x00000791) c.addi  a5, 4
core   0: 3 0x000000008000612c (0x0791) x15 0x000000008000418e
core   0: 0x000000008000612e (0x34179073) csrrw   zero, mepc, a5
core   0: 3 0x000000008000612e (0x34179073) c833_mepc 0x000000008000418e
core   0: 0x0000000080006132 (0x30200073) mret
core   0: 3 0x0000000080006132 (0x30200073) c768_mstatus 0x8000000a00106080
core   0: 0x000000008000418e (0x03a20dbb) mulw    s11, tp, s10
core   0: 1 0x000000008000418e (0x03a20dbb) x27 0x0000000000000000
core   0: 0x0000000080004192 (0x4140de1b) sraiw   t3, ra, 20
core   0: 1 0x0000000080004192 (0x4140de1b) x28 0xfffffffffffff800
core   0: 0x0000000080004196 (0xfffd8c13) addi    s8, s11, -1
core   0: 1 0x0000000080004196 (0xfffd8c13) x24 0xffffffffffffffff
core   0: 0x000000008000419a (0x41fa599b) sraiw   s3, s4, 31
core   0: 1 0x000000008000419a (0x41fa599b) x19 0xffffffffffffffff
core   0: 0x000000008000419e (0x03377bbb) remuw   s7, a4, s3
core   0: 1 0x000000008000419e (0x03377bbb) x23 0x0000000000000002
core   0: 0x00000000800041a2 (0x021738b3) mulhu   a7, a4, ra
core   0: 1 0x00000000800041a2 (0x021738b3) x17 0x0000000000000000
core   0: 0x00000000800041a6 (0x41778c3b) subw    s8, a5, s7
core   0: 1 0x00000000800041a6 (0x41778c3b) x24 0xffffffff8000418c
core   0: 0x00000000800041aa (0x0324f953) fadd.d  fs2, fs1, fs2
core   0: 1 0x00000000800041aa (0x0324f953) f18 0x7ff8000000000000
core   0: 0x00000000800041ae (0x026b9833) mulh    a6, s7, t1
core   0: 1 0x00000000800041ae (0x026b9833) x16 0x0000000000000000
core   0: 0x00000000800041b2 (0xc4e8ea13) ori     s4, a7, -946
core   0: 1 0x00000000800041b2 (0xc4e8ea13) x20 0xfffffffffffffc4e
core   0: 0x00000000800041b6 (0x01cc2bb3) slt     s7, s8, t3
core   0: 1 0x00000000800041b6 (0x01cc2bb3) x23 0x0000000000000001
core   0: 0x00000000800041ba (0x0358033b) mulw    t1, a6, s5
core   0: 1 0x00000000800041ba (0x0358033b) x6  0x0000000000000000
core   0: 0x00000000800041be (0xc2197cd3) fcvt.wu.d s9, fs2
core   0: 1 0x00000000800041be (0xc2197cd3) c1_fflags 0x0000000000000011 x25 0xffffffffffffffff
core   0: 0x00000000800041c2 (0xb4be6e13) ori     t3, t3, -1205
core   0: 1 0x00000000800041c2 (0xb4be6e13) x28 0xfffffffffffffb4b
core   0: 0x00000000800041c6 (0x4141013b) subw    sp, sp, s4
core   0: 1 0x00000000800041c6 (0x4141013b) x2  0x00000000000003b2
core   0: 0x00000000800041ca (0xf1327df3) csrrci  s11, mimpid, 4
core   0: exception trap_illegal_instruction, epc 0x00000000800041ca
core   0:           tval 0x00000000f1327df3
core   0: >>>>  $xrv64i2p1_m2p0_a2p1_f2p2_d2p2_zicsr2p0_zifencei2p0_zmmul1p0_zba1p0_zbb1p0_zbc1p0_zbs1p0
core   0: 0x0000000080004000 (0x0080006f) j       pc + 0x8
core   0: 3 0x0000000080004000 (0x0080006f)
core   0: >>>>  mmode_exception_handler
core   0: 0x0000000080004008 (0x00002c17) auipc   s8, 0x2
core   0: 3 0x0000000080004008 (0x00002c17) x24 0x0000000080006008
core   0: 0x000000008000400c (0x0f0c0c13) addi    s8, s8, 240
core   0: 3 0x000000008000400c (0x0f0c0c13) x24 0x00000000800060f8
core   0: 0x0000000080004010 (0x000c00e7) jalr    s8
core   0: 3 0x0000000080004010 (0x000c00e7) x1  0x0000000080004014
core   0: >>>>  any_handler
core   0: 0x00000000800060f8 (0x341027f3) csrrs   a5, mepc, zero
core   0: 3 0x00000000800060f8 (0x341027f3) x15 0x00000000800041ca
core   0: 0x00000000800060fc (0x34202773) csrrs   a4, mcause, zero
core   0: 3 0x00000000800060fc (0x34202773) x14 0x0000000000000002
core   0: 0x0000000080006100 (0x142026f3) csrrs   a3, scause, zero
core   0: 3 0x0000000080006100 (0x142026f3) x13 0x0000000000000000
core   0: 0x0000000080006104 (0x30402673) csrrs   a2, mie, zero
core   0: 3 0x0000000080006104 (0x30402673) x12 0x0000000000000a00
core   0: 0x0000000080006108 (0x344025f3) csrrs   a1, mip, zero
core   0: 3 0x0000000080006108 (0x344025f3) x11 0x0000000000000080
core   0: 0x000000008000610c (0x343025f3) csrrs   a1, mtval, zero
core   0: 3 0x000000008000610c (0x343025f3) x11 0x00000000f1327df3
core   0: 0x0000000080006110 (0x14302573) csrrs   a0, stval, zero
core   0: 3 0x0000000080006110 (0x14302573) x10 0x0000000000000000
core   0: 0x0000000080006114 (0xb02024f3) csrrs   s1, minstret, zero
core   0: 3 0x0000000080006114 (0xb02024f3) x9  0x000000000000086f
core   0: 0x0000000080006118 (0x0000a811) c.j     pc + 20
core   0: 3 0x0000000080006118 (0xa811)
core   0: >>>>  mepc_4
core   0: 0x000000008000612c (0x00000791) c.addi  a5, 4
core   0: 3 0x000000008000612c (0x0791) x15 0x00000000800041ce
core   0: 0x000000008000612e (0x34179073) csrrw   zero, mepc, a5
core   0: 3 0x000000008000612e (0x34179073) c833_mepc 0x00000000800041ce
core   0: 0x0000000080006132 (0x30200073) mret
core   0: 3 0x0000000080006132 (0x30200073) c768_mstatus 0x8000000a00106080
core   0: 0x00000000800041ce (0xd20a8ed3) fcvt.d.w ft9, s5
core   0: 1 0x00000000800041ce (0xd20a8ed3) f29 0xc077600000000000
core   0: 0x00000000800041d2 (0x000086b2) c.mv    a3, a2
core   0: 1 0x00000000800041d2 (0x86b2) x13 0x0000000000000a00
core   0: 0x00000000800041d4 (0x23bb82d3) fsgnj.d ft5, fs7, fs11
core   0: 1 0x00000000800041d4 (0x23bb82d3) f5  0xffffffff00000000
core   0: 0x00000000800041d8 (0xc0297b53) fcvt.l.s s6, fs2
core   0: 1 0x00000000800041d8 (0xc0297b53) c1_fflags 0x0000000000000011 x22 0x7fffffffffffffff
core   0: 0x00000000800041dc (0xc204fe53) fcvt.w.d t3, fs1
core   0: 1 0x00000000800041dc (0xc204fe53) c1_fflags 0x0000000000000011 x28 0x000000007fffffff
core   0: 0x00000000800041e0 (0x00102573) csrrs   a0, fflags, zero
core   0: 1 0x00000000800041e0 (0x00102573) x10 0x0000000000000011
core   0: 0x00000000800041e4 (0x914a0393) addi    t2, s4, -1772
core   0: 1 0x00000000800041e4 (0x914a0393) x7  0xfffffffffffff562
core   0: 0x00000000800041e8 (0x01a2843b) addw    s0, t0, s10
core   0: 1 0x00000000800041e8 (0x01a2843b) x8  0xffffffff80000124
core   0: 0x00000000800041ec (0x00009d19) c.subw  a0, a4
core   0: 1 0x00000000800041ec (0x9d19) x10 0x000000000000000f
core   0: 0x00000000800041ee (0xc22ef1d3) fcvt.l.d gp, ft9
core   0: 1 0x00000000800041ee (0xc22ef1d3) x3  0xfffffffffffffe8a
core   0: 0x00000000800041f2 (0x01b99e13) slli    t3, s3, 27
core   0: 1 0x00000000800041f2 (0x01b99e13) x28 0xfffffffff8000000
core   0: 0x00000000800041f6 (0x01c1523b) srlw    tp, sp, t3
core   0: 1 0x00000000800041f6 (0x01c1523b) x4  0x00000000000003b2
core   0: 0x00000000800041fa (0x238b2653) fsgnjx.d fa2, fs6, fs8
core   0: 1 0x00000000800041fa (0x238b2653) f12 0x7fffffff00000000
core   0: 0x00000000800041fe (0xc38c78cb) fnmsub.d fa7, fs8, fs8, fs8
core   0: 1 0x00000000800041fe (0xc38c78cb) f17 0x7ff8000000000000
core   0: 0x0000000080004202 (0xe0717e93) andi    t4, sp, -505
core   0: 1 0x0000000080004202 (0xe0717e93) x29 0x0000000000000202
core   0: 0x0000000080004206 (0x43425b13) srai    s6, tp, 52
core   0: 1 0x0000000080004206 (0x43425b13) x22 0x0000000000000000
core   0: 0x000000008000420a (0x03d0e0bb) remw    ra, ra, t4
core   0: 1 0x000000008000420a (0x03d0e0bb) x1  0xfffffffffffffe52
core   0: 0x000000008000420e (0x03dcf63b) remuw   a2, s9, t4
core   0: 1 0x000000008000420e (0x03dcf63b) x12 0x0000000000000101
core   0: 0x0000000080004212 (0x9f96041b) addiw   s0, a2, -1543
core   0: 1 0x0000000080004212 (0x9f96041b) x8  0xfffffffffffffafa
core   0: 0x0000000080004216 (0x74752e73) csrrs   t3, mseccfg, a0
core   0: exception trap_illegal_instruction, epc 0x0000000080004216
core   0:           tval 0x0000000074752e73
core   0: >>>>  $xrv64i2p1_m2p0_a2p1_f2p2_d2p2_zicsr2p0_zifencei2p0_zmmul1p0_zba1p0_zbb1p0_zbc1p0_zbs1p0
core   0: 0x0000000080004000 (0x0080006f) j       pc + 0x8
core   0: 3 0x0000000080004000 (0x0080006f)
core   0: >>>>  mmode_exception_handler
core   0: 0x0000000080004008 (0x00002c17) auipc   s8, 0x2
core   0: 3 0x0000000080004008 (0x00002c17) x24 0x0000000080006008
core   0: 0x000000008000400c (0x0f0c0c13) addi    s8, s8, 240
core   0: 3 0x000000008000400c (0x0f0c0c13) x24 0x00000000800060f8
core   0: 0x0000000080004010 (0x000c00e7) jalr    s8
core   0: 3 0x0000000080004010 (0x000c00e7) x1  0x0000000080004014
core   0: >>>>  any_handler
core   0: 0x00000000800060f8 (0x341027f3) csrrs   a5, mepc, zero
core   0: 3 0x00000000800060f8 (0x341027f3) x15 0x0000000080004216
core   0: 0x00000000800060fc (0x34202773) csrrs   a4, mcause, zero
core   0: 3 0x00000000800060fc (0x34202773) x14 0x0000000000000002
core   0: 0x0000000080006100 (0x142026f3) csrrs   a3, scause, zero
core   0: 3 0x0000000080006100 (0x142026f3) x13 0x0000000000000000
core   0: 0x0000000080006104 (0x30402673) csrrs   a2, mie, zero
core   0: 3 0x0000000080006104 (0x30402673) x12 0x0000000000000a00
core   0: 0x0000000080006108 (0x344025f3) csrrs   a1, mip, zero
core   0: 3 0x0000000080006108 (0x344025f3) x11 0x0000000000000080
core   0: 0x000000008000610c (0x343025f3) csrrs   a1, mtval, zero
core   0: 3 0x000000008000610c (0x343025f3) x11 0x0000000074752e73
core   0: 0x0000000080006110 (0x14302573) csrrs   a0, stval, zero
core   0: 3 0x0000000080006110 (0x14302573) x10 0x0000000000000000
core   0: 0x0000000080006114 (0xb02024f3) csrrs   s1, minstret, zero
core   0: 3 0x0000000080006114 (0xb02024f3) x9  0x0000000000000892
core   0: 0x0000000080006118 (0x0000a811) c.j     pc + 20
core   0: 3 0x0000000080006118 (0xa811)
core   0: >>>>  mepc_4
core   0: 0x000000008000612c (0x00000791) c.addi  a5, 4
core   0: 3 0x000000008000612c (0x0791) x15 0x000000008000421a
core   0: 0x000000008000612e (0x34179073) csrrw   zero, mepc, a5
core   0: 3 0x000000008000612e (0x34179073) c833_mepc 0x000000008000421a
core   0: 0x0000000080006132 (0x30200073) mret
core   0: 3 0x0000000080006132 (0x30200073) c768_mstatus 0x8000000a00106080
core   0: 0x000000008000421a (0x00202df3) csrrs   s11, frm, zero
core   0: 1 0x000000008000421a (0x00202df3) x27 0x0000000000000000
core   0: 0x000000008000421e (0x23dc05d3) fsgnj.d fa1, fs8, ft9
core   0: 1 0x000000008000421e (0x23dc05d3) f11 0xffffffff7fc00000
core   0: 0x0000000080004222 (0x12934a13) xori    s4, t1, 297
core   0: 1 0x0000000080004222 (0x12934a13) x20 0x0000000000000129
core   0: 0x0000000080004226 (0x2b3d89d3) fmin.d  fs3, fs11, fs3
core   0: 1 0x0000000080004226 (0x2b3d89d3) f19 0x7ff8000000000000
core   0: 0x000000008000422a (0x0177d79b) srliw   a5, a5, 23
core   0: 1 0x000000008000422a (0x0177d79b) x15 0x0000000000000100
core   0: 0x000000008000422e (0x027df2d3) fadd.d  ft5, fs11, ft7
core   0: 1 0x000000008000422e (0x027df2d3) f5  0x7ff8000000000000
core   0: 0x0000000080004232 (0xc029f853) fcvt.l.s a6, fs3
core   0: 1 0x0000000080004232 (0xc029f853) c1_fflags 0x0000000000000011 x16 0x7fffffffffffffff
core   0: 0x0000000080004236 (0xc229fc53) fcvt.l.d s8, fs3
core   0: 1 0x0000000080004236 (0xc229fc53) c1_fflags 0x0000000000000011 x24 0x7fffffffffffffff
core   0: 0x000000008000423a (0x013a1a3b) sllw    s4, s4, s3
core   0: 1 0x000000008000423a (0x013a1a3b) x20 0xffffffff80000000
core   0: 0x000000008000423e (0x401af9d3) fcvt.s.d fs3, fs5
core   0: 1 0x000000008000423e (0x401af9d3) f19 0xffffffff7fc00000
core   0: 0x0000000080004242 (0x22298253) fsgnj.d ft4, fs3, ft2
core   0: 1 0x0000000080004242 (0x22298253) f4  0xffffffff7fc00000
core   0: 0x0000000080004246 (0xc029fbd3) fcvt.l.s s7, fs3
core   0: 1 0x0000000080004246 (0xc029fbd3) c1_fflags 0x0000000000000011 x23 0x7fffffffffffffff
core   0: 0x000000008000424a (0x03875893) srli    a7, a4, 56
core   0: 1 0x000000008000424a (0x03875893) x17 0x0000000000000000
core   0: 0x000000008000424e (0xfff27413) andi    s0, tp, -1
core   0: 1 0x000000008000424e (0xfff27413) x8  0x00000000000003b2
core   0: 0x0000000080004252 (0x00756db3) or      s11, a0, t2
core   0: 1 0x0000000080004252 (0x00756db3) x27 0xfffffffffffff562
core   0: 0x0000000080004256 (0x40c55a3b) sraw    s4, a0, a2
core   0: 1 0x0000000080004256 (0x40c55a3b) x20 0x0000000000000000
core   0: 0x000000008000425a (0x00102ef3) csrrs   t4, fflags, zero
core   0: 1 0x000000008000425a (0x00102ef3) x29 0x0000000000000011
core   0: 0x000000008000425e (0x43f9d693) srai    a3, s3, 63
core   0: 1 0x000000008000425e (0x43f9d693) x13 0xffffffffffffffff
core   0: 0x0000000080004262 (0x03980d33) mul     s10, a6, s9
core   0: 1 0x0000000080004262 (0x03980d33) x26 0x8000000000000001
core   0: 0x0000000080004266 (0x001029f3) csrrs   s3, fflags, zero
core   0: 1 0x0000000080004266 (0x001029f3) x19 0x0000000000000011
core   0: 0x000000008000426a (0x0241a633) mulhsu  a2, gp, tp
core   0: 1 0x000000008000426a (0x0241a633) x12 0xffffffffffffffff
core   0: 0x000000008000426e (0x400ed513) srai    a0, t4, 0
core   0: 1 0x000000008000426e (0x400ed513) x10 0x0000000000000011
core   0: 0x0000000080004272 (0xa3618153) fle.d   sp, ft3, fs6
core   0: 1 0x0000000080004272 (0xa3618153) c1_fflags 0x0000000000000011 x2  0x0000000000000000
core   0: 0x0000000080004276 (0x00000001) c.nop
core   0: 1 0x0000000080004276 (0x0001)
core   0: 0x0000000080004278 (0x02d9f6d3) fadd.d  fa3, fs3, fa3
core   0: 1 0x0000000080004278 (0x02d9f6d3) f13 0x7ff8000000000000
core   0: 0x000000008000427c (0x000095fd) c.srai  a1, 63
core   0: 1 0x000000008000427c (0x95fd) x11 0x0000000000000000
core   0: 0x000000008000427e (0x40bc513b) sraw    sp, s8, a1
core   0: 1 0x000000008000427e (0x40bc513b) x2  0xffffffffffffffff
core   0: 0x0000000080004282 (0x0388003b) mulw    zero, a6, s8
core   0: 1 0x0000000080004282 (0x0388003b)
core   0: 0x0000000080004286 (0xc036f153) fcvt.lu.s sp, fa3
core   0: 1 0x0000000080004286 (0xc036f153) c1_fflags 0x0000000000000011 x2  0xffffffffffffffff
core   0: 0x000000008000428a (0x0290003b) mulw    zero, zero, s1
core   0: 1 0x000000008000428a (0x0290003b)
core   0: 0x000000008000428e (0xf2010ad3) fmv.d.x fs5, sp
core   0: 1 0x000000008000428e (0xf2010ad3) f21 0xffffffffffffffff
core   0: 0x0000000080004292 (0xc22dfdd3) fcvt.l.d s11, fs11
core   0: 1 0x0000000080004292 (0xc22dfdd3) c1_fflags 0x0000000000000011 x27 0x7fffffffffffffff
core   0: 0x0000000080004296 (0x007141b3) xor     gp, sp, t2
core   0: 1 0x0000000080004296 (0x007141b3) x3  0x0000000000000a9d
core   0: 0x000000008000429a (0x03225ab3) divu    s5, tp, s2
core   0: 1 0x000000008000429a (0x03225ab3) x21 0xffffffffffffffff
core   0: 0x000000008000429e (0x03725b3b) divuw   s6, tp, s7
core   0: 1 0x000000008000429e (0x03725b3b) x22 0x0000000000000000
core   0: 0x00000000800042a2 (0x5bce77b7) lui     a5, 0x5bce7
core   0: 1 0x00000000800042a2 (0x5bce77b7) x15 0x000000005bce7000
core   0: 0x00000000800042a6 (0x094b0313) addi    t1, s6, 148
core   0: 1 0x00000000800042a6 (0x094b0313) x6  0x0000000000000094
core   0: 0x00000000800042aa (0xc02df353) fcvt.l.s t1, fs11
core   0: 1 0x00000000800042aa (0xc02df353) x6  0x0000000000000000
core   0: 0x00000000800042ae (0x0ff0000f) fence   iorw,iorw
core   0: 1 0x00000000800042ae (0x0ff0000f)
core   0: 0x00000000800042b2 (0xa22a90d3) flt.d   ra, fs5, ft2
core   0: 1 0x00000000800042b2 (0xa22a90d3) c1_fflags 0x0000000000000011 x1  0x0000000000000000
core   0: 0x00000000800042b6 (0x40095713) srai    a4, s2, 0
core   0: 1 0x00000000800042b6 (0x40095713) x14 0x0000000000000000
core   0: 0x00000000800042ba (0x400007b3) sub     a5, zero, zero
core   0: 1 0x00000000800042ba (0x400007b3) x15 0x0000000000000000
core   0: 0x00000000800042be (0x40f983bb) subw    t2, s3, a5
core   0: 1 0x00000000800042be (0x40f983bb) x7  0x0000000000000011
core   0: 0x00000000800042c2 (0xd029f6d3) fcvt.s.l fa3, s3
core   0: 1 0x00000000800042c2 (0xd029f6d3) f13 0xffffffff41880000
core   0: 0x00000000800042c6 (0xaa2b72c3) fmadd.d ft5, fs6, ft2, fs5
core   0: 1 0x00000000800042c6 (0xaa2b72c3) f5  0x7ff8000000000000
core   0: 0x00000000800042ca (0x00d5e4b3) or      s1, a1, a3
core   0: 1 0x00000000800042ca (0x00d5e4b3) x9  0xffffffffffffffff
core   0: 0x00000000800042ce (0x0293743b) remuw   s0, t1, s1
core   0: 1 0x00000000800042ce (0x0293743b) x8  0x0000000000000000
core   0: 0x00000000800042d2 (0x030d4d3b) divw    s10, s10, a6
core   0: 1 0x00000000800042d2 (0x030d4d3b) x26 0xffffffffffffffff
core   0: 0x00000000800042d6 (0xf11eb173) csrrc   sp, mvendorid, t4
core   0: exception trap_illegal_instruction, epc 0x00000000800042d6
core   0:           tval 0x00000000f11eb173
core   0: >>>>  $xrv64i2p1_m2p0_a2p1_f2p2_d2p2_zicsr2p0_zifencei2p0_zmmul1p0_zba1p0_zbb1p0_zbc1p0_zbs1p0
core   0: 0x0000000080004000 (0x0080006f) j       pc + 0x8
core   0: 3 0x0000000080004000 (0x0080006f)
core   0: >>>>  mmode_exception_handler
core   0: 0x0000000080004008 (0x00002c17) auipc   s8, 0x2
core   0: 3 0x0000000080004008 (0x00002c17) x24 0x0000000080006008
core   0: 0x000000008000400c (0x0f0c0c13) addi    s8, s8, 240
core   0: 3 0x000000008000400c (0x0f0c0c13) x24 0x00000000800060f8
core   0: 0x0000000080004010 (0x000c00e7) jalr    s8
core   0: 3 0x0000000080004010 (0x000c00e7) x1  0x0000000080004014
core   0: >>>>  any_handler
core   0: 0x00000000800060f8 (0x341027f3) csrrs   a5, mepc, zero
core   0: 3 0x00000000800060f8 (0x341027f3) x15 0x00000000800042d6
core   0: 0x00000000800060fc (0x34202773) csrrs   a4, mcause, zero
core   0: 3 0x00000000800060fc (0x34202773) x14 0x0000000000000002
core   0: 0x0000000080006100 (0x142026f3) csrrs   a3, scause, zero
core   0: 3 0x0000000080006100 (0x142026f3) x13 0x0000000000000000
core   0: 0x0000000080006104 (0x30402673) csrrs   a2, mie, zero
core   0: 3 0x0000000080006104 (0x30402673) x12 0x0000000000000a00
core   0: 0x0000000080006108 (0x344025f3) csrrs   a1, mip, zero
core   0: 3 0x0000000080006108 (0x344025f3) x11 0x0000000000000080
core   0: 0x000000008000610c (0x343025f3) csrrs   a1, mtval, zero
core   0: 3 0x000000008000610c (0x343025f3) x11 0x00000000f11eb173
core   0: 0x0000000080006110 (0x14302573) csrrs   a0, stval, zero
core   0: 3 0x0000000080006110 (0x14302573) x10 0x0000000000000000
core   0: 0x0000000080006114 (0xb02024f3) csrrs   s1, minstret, zero
core   0: 3 0x0000000080006114 (0xb02024f3) x9  0x00000000000008d2
core   0: 0x0000000080006118 (0x0000a811) c.j     pc + 20
core   0: 3 0x0000000080006118 (0xa811)
core   0: >>>>  mepc_4
core   0: 0x000000008000612c (0x00000791) c.addi  a5, 4
core   0: 3 0x000000008000612c (0x0791) x15 0x00000000800042da
core   0: 0x000000008000612e (0x34179073) csrrw   zero, mepc, a5
core   0: 3 0x000000008000612e (0x34179073) c833_mepc 0x00000000800042da
core   0: 0x0000000080006132 (0x30200073) mret
core   0: 3 0x0000000080006132 (0x30200073) c768_mstatus 0x8000000a00106080
core   0: 0x00000000800042da (0x03c32e33) mulhsu  t3, t1, t3
core   0: 1 0x00000000800042da (0x03c32e33) x28 0x0000000000000000
core   0: 0x00000000800042de (0xd0347d53) fcvt.s.lu fs10, s0
core   0: 1 0x00000000800042de (0xd0347d53) f26 0xffffffff00000000
core   0: 0x00000000800042e2 (0x011f5cb7) lui     s9, 0x11f5
core   0: 1 0x00000000800042e2 (0x011f5cb7) x25 0x00000000011f5000
core   0: 0x00000000800042e6 (0x727c8c9b) addiw   s9, s9, 1831
core   0: 1 0x00000000800042e6 (0x727c8c9b) x25 0x00000000011f5727
core   0: 0x00000000800042ea (0x00000cba) c.slli  s9, 14
core   0: 1 0x00000000800042ea (0x0cba) x25 0x00000047d5c9c000
core   0: 0x00000000800042ec (0x3d3c8c93) addi    s9, s9, 979
core   0: 1 0x00000000800042ec (0x3d3c8c93) x25 0x00000047d5c9c3d3
core   0: 0x00000000800042f0 (0x13a57553) fmul.d  fa0, fa0, fs10
core   0: 1 0x00000000800042f0 (0x13a57553) f10 0x7ff8000000000000
core   0: 0x00000000800042f4 (0x038c31b3) mulhu   gp, s8, s8
core   0: 1 0x00000000800042f4 (0x038c31b3) x3  0x0000000000000000
core   0: 0x00000000800042f8 (0xd03c7ad3) fcvt.s.lu fs5, s8
core   0: 1 0x00000000800042f8 (0xd03c7ad3) c1_fflags 0x0000000000000011 f21 0xffffffff4f000061
core   0: 0x00000000800042fc (0x03645433) divu    s0, s0, s6
core   0: 1 0x00000000800042fc (0x03645433) x8  0xffffffffffffffff
core   0: 0x0000000080004300 (0xaafe78c3) fmadd.d fa7, ft8, fa5, fs5
core   0: 1 0x0000000080004300 (0xaafe78c3) f17 0x7ff8000000000000
core   0: 0x0000000080004304 (0xc228f253) fcvt.l.d tp, fa7
core   0: 1 0x0000000080004304 (0xc228f253) c1_fflags 0x0000000000000011 x4  0x7fffffffffffffff
core   0: 0x0000000080004308 (0x041f6297) auipc   t0, 0x41f6
core   0: 1 0x0000000080004308 (0x041f6297) x5  0x00000000841fa308
core   0: 0x000000008000430c (0xc22c7b53) fcvt.l.d s6, fs8
core   0: 1 0x000000008000430c (0xc22c7b53) c1_fflags 0x0000000000000011 x22 0x7fffffffffffffff
core   0: 0x0000000080004310 (0xc21778d3) fcvt.wu.d a7, fa4
core   0: 1 0x0000000080004310 (0xc21778d3) c1_fflags 0x0000000000000011 x17 0xffffffffffffffff
core   0: 0x0000000080004314 (0x02975a13) srli    s4, a4, 41
core   0: 1 0x0000000080004314 (0x02975a13) x20 0x0000000000000000
core   0: 0x0000000080004318 (0xffd9eb37) lui     s6, 0xffd9e
core   0: 1 0x0000000080004318 (0xffd9eb37) x22 0xffffffffffd9e000
core   0: 0x000000008000431c (0xcebb0b1b) addiw   s6, s6, -789
core   0: 1 0x000000008000431c (0xcebb0b1b) x22 0xffffffffffd9dceb
core   0: 0x0000000080004320 (0x00000b42) c.slli  s6, 16
core   0: 1 0x0000000080004320 (0x0b42) x22 0xffffffd9dceb0000
core   0: 0x0000000080004322 (0xd42b0b13) addi    s6, s6, -702
core   0: 1 0x0000000080004322 (0xd42b0b13) x22 0xffffffd9dceafd42
core   0: 0x0000000080004326 (0x8b18fec3) fmadd.d ft9, fa7, fa7, fa7
core   0: 1 0x0000000080004326 (0x8b18fec3) f29 0x7ff8000000000000
core   0: 0x000000008000432a (0x00abd09b) srliw   ra, s7, 10
core   0: 1 0x000000008000432a (0x00abd09b) x1  0x00000000003fffff
core   0: 0x000000008000432e (0x00039d13) slli    s10, t2, 0
core   0: 1 0x000000008000432e (0x00039d13) x26 0x0000000000000011
core   0: 0x0000000080004332 (0x1413d3f3) csrrwi  t2, sepc, 7
core   0: 1 0x0000000080004332 (0x1413d3f3) x7  0x0000000000000000 c321_sepc 0x0000000000000006
core   0: 0x0000000080004336 (0xf20c8e53) fmv.d.x ft8, s9
core   0: 1 0x0000000080004336 (0xf20c8e53) f28 0x00000047d5c9c3d3
core   0: 0x000000008000433a (0xa22e8ad3) fle.d   s5, ft9, ft2
core   0: 1 0x000000008000433a (0xa22e8ad3) c1_fflags 0x0000000000000011 x21 0x0000000000000000
core   0: 0x000000008000433e (0xc21c7b53) fcvt.wu.d s6, fs8
core   0: 1 0x000000008000433e (0xc21c7b53) c1_fflags 0x0000000000000011 x22 0xffffffffffffffff
core   0: 0x0000000080004342 (0x401671d3) fcvt.s.d ft3, fa2
core   0: 1 0x0000000080004342 (0x401671d3) f3  0xffffffff7fc00000
core   0: 0x0000000080004346 (0x0072abb3) slt     s7, t0, t2
core   0: 1 0x0000000080004346 (0x0072abb3) x23 0x0000000000000000
core   0: 0x000000008000434a (0x019ce733) or      a4, s9, s9
core   0: 1 0x000000008000434a (0x019ce733) x14 0x00000047d5c9c3d3
core   0: 0x000000008000434e (0xc238f1d3) fcvt.lu.d gp, fa7
core   0: 1 0x000000008000434e (0xc238f1d3) c1_fflags 0x0000000000000011 x3  0xffffffffffffffff
core   0: 0x0000000080004352 (0x0283b3b3) mulhu   t2, t2, s0
core   0: 1 0x0000000080004352 (0x0283b3b3) x7  0x0000000000000000
core   0: 0x0000000080004356 (0x1bf27453) fdiv.d  fs0, ft4, ft11
core   0: 1 0x0000000080004356 (0x1bf27453) f8  0x7ff8000000000000
core   0: 0x000000008000435a (0x0ff0000f) fence   iorw,iorw
core   0: 1 0x000000008000435a (0x0ff0000f)
core   0: 0x000000008000435e (0x0110973b) sllw    a4, ra, a7
core   0: 1 0x000000008000435e (0x0110973b) x14 0xffffffff80000000
core   0: 0x0000000080004362 (0x0006511b) srliw   sp, a2, 0
core   0: 1 0x0000000080004362 (0x0006511b) x2  0x0000000000000a00
core   0: 0x0000000080004366 (0x00000001) c.nop
core   0: 1 0x0000000080004366 (0x0001)
core   0: 0x0000000080004368 (0x030578b3) remu    a7, a0, a6
core   0: 1 0x0000000080004368 (0x030578b3) x17 0x0000000000000000
core   0: 0x000000008000436c (0xc224f553) fcvt.l.d a0, fs1
core   0: 1 0x000000008000436c (0xc224f553) c1_fflags 0x0000000000000011 x10 0x7fffffffffffffff
core   0: 0x0000000080004370 (0x01d2cb33) xor     s6, t0, t4
core   0: 1 0x0000000080004370 (0x01d2cb33) x22 0x00000000841fa319
core   0: 0x0000000080004374 (0x00ee901b) slliw   zero, t4, 14
core   0: 1 0x0000000080004374 (0x00ee901b)
core   0: 0x0000000080004378 (0x401b559b) sraiw   a1, s6, 1
core   0: 1 0x0000000080004378 (0x401b559b) x11 0xffffffffc20fd18c
core   0: 0x000000008000437c (0xd23271d3) fcvt.d.lu ft3, tp
core   0: 1 0x000000008000437c (0xd23271d3) c1_fflags 0x0000000000000011 f3  0x43e0000000000000
core   0: 0x0000000080004380 (0x02793bb3) mulhu   s7, s2, t2
core   0: 1 0x0000000080004380 (0x02793bb3) x23 0x0000000000000000
core   0: 0x0000000080004384 (0x2b080b53) fmin.d  fs6, fa6, fa6
core   0: 1 0x0000000080004384 (0x2b080b53) f22 0x7ff8000000000000
core   0: 0x0000000080004388 (0x432f7437) lui     s0, 0x432f7
core   0: 1 0x0000000080004388 (0x432f7437) x8  0x00000000432f7000
core   0: 0x000000008000438c (0x000ed21b) srliw   tp, t4, 0
core   0: 1 0x000000008000438c (0x000ed21b) x4  0x0000000000000011
core   0: 0x0000000080004390 (0x00202473) csrrs   s0, frm, zero
core   0: 1 0x0000000080004390 (0x00202473) x8  0x0000000000000000
core   0: 0x0000000080004394 (0x00241b73) csrrw   s6, frm, s0
core   0: 1 0x0000000080004394 (0x00241b73) x22 0x0000000000000000 c2_frm 0x0000000000000000
core   0: 0x0000000080004398 (0x02c4d833) divu    a6, s1, a2
core   0: 1 0x0000000080004398 (0x02c4d833) x16 0x0000000000000000
core   0: 0x000000008000439c (0x0304f4b3) remu    s1, s1, a6
core   0: 1 0x000000008000439c (0x0304f4b3) x9  0x00000000000008d2
core   0: 0x00000000800043a0 (0x0042e2b3) or      t0, t0, tp
core   0: 1 0x00000000800043a0 (0x0042e2b3) x5  0x00000000841fa319
core   0: 0x00000000800043a4 (0x00001e7e) c.slli  t3, 63
core   0: 1 0x00000000800043a4 (0x1e7e) x28 0x0000000000000000
core   0: 0x00000000800043a6 (0x41c20e3b) subw    t3, tp, t3
core   0: 1 0x00000000800043a6 (0x41c20e3b) x28 0x0000000000000011
core   0: 0x00000000800043aa (0xfb6031b7) lui     gp, 0xfb603
core   0: 1 0x00000000800043aa (0xfb6031b7) x3  0xfffffffffb603000
core   0: 0x00000000800043ae (0xa371819b) addiw   gp, gp, -1481
core   0: 1 0x00000000800043ae (0xa371819b) x3  0xfffffffffb602a37
core   0: 0x00000000800043b2 (0x000001b2) c.slli  gp, 12
core   0: 1 0x00000000800043b2 (0x01b2) x3  0xffffffb602a37000
core   0: 0x00000000800043b4 (0xcc818193) addi    gp, gp, -824
core   0: 1 0x00000000800043b4 (0xcc818193) x3  0xffffffb602a36cc8
core   0: 0x00000000800043b8 (0x5a017ed3) fsqrt.d ft9, ft2
core   0: 1 0x00000000800043b8 (0x5a017ed3) f29 0x7ff8000000000000
core   0: 0x00000000800043bc (0xd3167a4f) fnmadd.d fs4, fa2, fa7, fs10
core   0: 1 0x00000000800043bc (0xd3167a4f) f20 0x7ff8000000000000
core   0: 0x00000000800043c0 (0x747cfc73) csrrci  s8, mseccfg, 25
core   0: exception trap_illegal_instruction, epc 0x00000000800043c0
core   0:           tval 0x00000000747cfc73
core   0: >>>>  $xrv64i2p1_m2p0_a2p1_f2p2_d2p2_zicsr2p0_zifencei2p0_zmmul1p0_zba1p0_zbb1p0_zbc1p0_zbs1p0
core   0: 0x0000000080004000 (0x0080006f) j       pc + 0x8
core   0: 3 0x0000000080004000 (0x0080006f)
core   0: >>>>  mmode_exception_handler
core   0: 0x0000000080004008 (0x00002c17) auipc   s8, 0x2
core   0: 3 0x0000000080004008 (0x00002c17) x24 0x0000000080006008
core   0: 0x000000008000400c (0x0f0c0c13) addi    s8, s8, 240
core   0: 3 0x000000008000400c (0x0f0c0c13) x24 0x00000000800060f8
core   0: 0x0000000080004010 (0x000c00e7) jalr    s8
core   0: 3 0x0000000080004010 (0x000c00e7) x1  0x0000000080004014
core   0: >>>>  any_handler
core   0: 0x00000000800060f8 (0x341027f3) csrrs   a5, mepc, zero
core   0: 3 0x00000000800060f8 (0x341027f3) x15 0x00000000800043c0
core   0: 0x00000000800060fc (0x34202773) csrrs   a4, mcause, zero
core   0: 3 0x00000000800060fc (0x34202773) x14 0x0000000000000002
core   0: 0x0000000080006100 (0x142026f3) csrrs   a3, scause, zero
core   0: 3 0x0000000080006100 (0x142026f3) x13 0x0000000000000000
core   0: 0x0000000080006104 (0x30402673) csrrs   a2, mie, zero
core   0: 3 0x0000000080006104 (0x30402673) x12 0x0000000000000a00
core   0: 0x0000000080006108 (0x344025f3) csrrs   a1, mip, zero
core   0: 3 0x0000000080006108 (0x344025f3) x11 0x0000000000000080
core   0: 0x000000008000610c (0x343025f3) csrrs   a1, mtval, zero
core   0: 3 0x000000008000610c (0x343025f3) x11 0x00000000747cfc73
core   0: 0x0000000080006110 (0x14302573) csrrs   a0, stval, zero
core   0: 3 0x0000000080006110 (0x14302573) x10 0x0000000000000000
core   0: 0x0000000080006114 (0xb02024f3) csrrs   s1, minstret, zero
core   0: 3 0x0000000080006114 (0xb02024f3) x9  0x000000000000091e
core   0: 0x0000000080006118 (0x0000a811) c.j     pc + 20
core   0: 3 0x0000000080006118 (0xa811)
core   0: >>>>  mepc_4
core   0: 0x000000008000612c (0x00000791) c.addi  a5, 4
core   0: 3 0x000000008000612c (0x0791) x15 0x00000000800043c4
core   0: 0x000000008000612e (0x34179073) csrrw   zero, mepc, a5
core   0: 3 0x000000008000612e (0x34179073) c833_mepc 0x00000000800043c4
core   0: 0x0000000080006132 (0x30200073) mret
core   0: 3 0x0000000080006132 (0x30200073) c768_mstatus 0x8000000a00106080
core   0: 0x00000000800043c4 (0xc20d72d3) fcvt.w.d t0, fs10
core   0: 1 0x00000000800043c4 (0xc20d72d3) c1_fflags 0x0000000000000011 x5  0x000000007fffffff
core   0: 0x00000000800043c8 (0x00d4979b) slliw   a5, s1, 13
core   0: 1 0x00000000800043c8 (0x00d4979b) x15 0x000000000123c000
core   0: 0x00000000800043cc (0x306a3a73) csrrc   s4, mcounteren, s4
core   0: exception trap_illegal_instruction, epc 0x00000000800043cc
core   0:           tval 0x00000000306a3a73
core   0: >>>>  $xrv64i2p1_m2p0_a2p1_f2p2_d2p2_zicsr2p0_zifencei2p0_zmmul1p0_zba1p0_zbb1p0_zbc1p0_zbs1p0
core   0: 0x0000000080004000 (0x0080006f) j       pc + 0x8
core   0: 3 0x0000000080004000 (0x0080006f)
core   0: >>>>  mmode_exception_handler
core   0: 0x0000000080004008 (0x00002c17) auipc   s8, 0x2
core   0: 3 0x0000000080004008 (0x00002c17) x24 0x0000000080006008
core   0: 0x000000008000400c (0x0f0c0c13) addi    s8, s8, 240
core   0: 3 0x000000008000400c (0x0f0c0c13) x24 0x00000000800060f8
core   0: 0x0000000080004010 (0x000c00e7) jalr    s8
core   0: 3 0x0000000080004010 (0x000c00e7) x1  0x0000000080004014
core   0: >>>>  any_handler
core   0: 0x00000000800060f8 (0x341027f3) csrrs   a5, mepc, zero
core   0: 3 0x00000000800060f8 (0x341027f3) x15 0x00000000800043cc
core   0: 0x00000000800060fc (0x34202773) csrrs   a4, mcause, zero
core   0: 3 0x00000000800060fc (0x34202773) x14 0x0000000000000002
core   0: 0x0000000080006100 (0x142026f3) csrrs   a3, scause, zero
core   0: 3 0x0000000080006100 (0x142026f3) x13 0x0000000000000000
core   0: 0x0000000080006104 (0x30402673) csrrs   a2, mie, zero
core   0: 3 0x0000000080006104 (0x30402673) x12 0x0000000000000a00
core   0: 0x0000000080006108 (0x344025f3) csrrs   a1, mip, zero
core   0: 3 0x0000000080006108 (0x344025f3) x11 0x0000000000000080
core   0: 0x000000008000610c (0x343025f3) csrrs   a1, mtval, zero
core   0: 3 0x000000008000610c (0x343025f3) x11 0x00000000306a3a73
core   0: 0x0000000080006110 (0x14302573) csrrs   a0, stval, zero
core   0: 3 0x0000000080006110 (0x14302573) x10 0x0000000000000000
core   0: 0x0000000080006114 (0xb02024f3) csrrs   s1, minstret, zero
core   0: 3 0x0000000080006114 (0xb02024f3) x9  0x0000000000000930
core   0: 0x0000000080006118 (0x0000a811) c.j     pc + 20
core   0: 3 0x0000000080006118 (0xa811)
core   0: >>>>  mepc_4
core   0: 0x000000008000612c (0x00000791) c.addi  a5, 4
core   0: 3 0x000000008000612c (0x0791) x15 0x00000000800043d0
core   0: 0x000000008000612e (0x34179073) csrrw   zero, mepc, a5
core   0: 3 0x000000008000612e (0x34179073) c833_mepc 0x00000000800043d0
core   0: 0x0000000080006132 (0x30200073) mret
core   0: 3 0x0000000080006132 (0x30200073) c768_mstatus 0x8000000a00106080
core   0: 0x00000000800043d0 (0x036a7b33) remu    s6, s4, s6
core   0: 1 0x00000000800043d0 (0x036a7b33) x22 0x0000000000000000
core   0: 0x00000000800043d4 (0xc22d7ad3) fcvt.l.d s5, fs10
core   0: 1 0x00000000800043d4 (0xc22d7ad3) c1_fflags 0x0000000000000011 x21 0x7fffffffffffffff
core   0: 0x00000000800043d8 (0x23bcfccb) fnmsub.d fs9, fs9, fs11, ft4
core   0: 1 0x00000000800043d8 (0x23bcfccb) f25 0x7ff8000000000000
core   0: 0x00000000800043dc (0x41755bb3) sra     s7, a0, s7
core   0: 1 0x00000000800043dc (0x41755bb3) x23 0x0000000000000000
core   0: 0x00000000800043e0 (0x223dd4b7) lui     s1, 0x223dd
core   0: 1 0x00000000800043e0 (0x223dd4b7) x9  0x00000000223dd000
core   0: 0x00000000800043e4 (0x00ec573b) srlw    a4, s8, a4
core   0: 1 0x00000000800043e4 (0x00ec573b) x14 0x000000002000183e
core   0: 0x00000000800043e8 (0x0011861b) addiw   a2, gp, 1
core   0: 1 0x00000000800043e8 (0x0011861b) x12 0x0000000002a36cc9
core   0: 0x00000000800043ec (0x00065793) srli    a5, a2, 0
core   0: 1 0x00000000800043ec (0x00065793) x15 0x0000000002a36cc9
core   0: 0x00000000800043f0 (0x0017dc13) srli    s8, a5, 1
core   0: 1 0x00000000800043f0 (0x0017dc13) x24 0x000000000151b664
core   0: 0x00000000800043f4 (0x320c90f3) csrrw   ra, mcountinhibit, s9
core   0: exception trap_illegal_instruction, epc 0x00000000800043f4
core   0:           tval 0x00000000320c90f3
core   0: >>>>  $xrv64i2p1_m2p0_a2p1_f2p2_d2p2_zicsr2p0_zifencei2p0_zmmul1p0_zba1p0_zbb1p0_zbc1p0_zbs1p0
core   0: 0x0000000080004000 (0x0080006f) j       pc + 0x8
core   0: 3 0x0000000080004000 (0x0080006f)
core   0: >>>>  mmode_exception_handler
core   0: 0x0000000080004008 (0x00002c17) auipc   s8, 0x2
core   0: 3 0x0000000080004008 (0x00002c17) x24 0x0000000080006008
core   0: 0x000000008000400c (0x0f0c0c13) addi    s8, s8, 240
core   0: 3 0x000000008000400c (0x0f0c0c13) x24 0x00000000800060f8
core   0: 0x0000000080004010 (0x000c00e7) jalr    s8
core   0: 3 0x0000000080004010 (0x000c00e7) x1  0x0000000080004014
core   0: >>>>  any_handler
core   0: 0x00000000800060f8 (0x341027f3) csrrs   a5, mepc, zero
core   0: 3 0x00000000800060f8 (0x341027f3) x15 0x00000000800043f4
core   0: 0x00000000800060fc (0x34202773) csrrs   a4, mcause, zero
core   0: 3 0x00000000800060fc (0x34202773) x14 0x0000000000000002
core   0: 0x0000000080006100 (0x142026f3) csrrs   a3, scause, zero
core   0: 3 0x0000000080006100 (0x142026f3) x13 0x0000000000000000
core   0: 0x0000000080006104 (0x30402673) csrrs   a2, mie, zero
core   0: 3 0x0000000080006104 (0x30402673) x12 0x0000000000000a00
core   0: 0x0000000080006108 (0x344025f3) csrrs   a1, mip, zero
core   0: 3 0x0000000080006108 (0x344025f3) x11 0x0000000000000080
core   0: 0x000000008000610c (0x343025f3) csrrs   a1, mtval, zero
core   0: 3 0x000000008000610c (0x343025f3) x11 0x00000000320c90f3
core   0: 0x0000000080006110 (0x14302573) csrrs   a0, stval, zero
core   0: 3 0x0000000080006110 (0x14302573) x10 0x0000000000000000
core   0: 0x0000000080006114 (0xb02024f3) csrrs   s1, minstret, zero
core   0: 3 0x0000000080006114 (0xb02024f3) x9  0x0000000000000949
core   0: 0x0000000080006118 (0x0000a811) c.j     pc + 20
core   0: 3 0x0000000080006118 (0xa811)
core   0: >>>>  mepc_4
core   0: 0x000000008000612c (0x00000791) c.addi  a5, 4
core   0: 3 0x000000008000612c (0x0791) x15 0x00000000800043f8
core   0: 0x000000008000612e (0x34179073) csrrw   zero, mepc, a5
core   0: 3 0x000000008000612e (0x34179073) c833_mepc 0x00000000800043f8
core   0: 0x0000000080006132 (0x30200073) mret
core   0: 3 0x0000000080006132 (0x30200073) c768_mstatus 0x8000000a00106080
core   0: 0x00000000800043f8 (0xd236f6d3) fcvt.d.lu fa3, a3
core   0: 1 0x00000000800043f8 (0xd236f6d3) f13 0x0000000000000000
core   0: 0x00000000800043fc (0xc21cfbd3) fcvt.wu.d s7, fs9
core   0: 1 0x00000000800043fc (0xc21cfbd3) c1_fflags 0x0000000000000011 x23 0xffffffffffffffff
core   0: 0x0000000080004400 (0xd2150653) fcvt.d.wu fa2, a0
core   0: 1 0x0000000080004400 (0xd2150653) f12 0x0000000000000000
core   0: 0x0000000080004404 (0x6ac6fc47) fmsub.d fs8, fa3, fa2, fa3
core   0: 1 0x0000000080004404 (0x6ac6fc47) f24 0x0000000000000000
core   0: 0x0000000080004408 (0x0c518993) addi    s3, gp, 197
core   0: 1 0x0000000080004408 (0x0c518993) x19 0xffffffb602a36d8d
core   0: 0x000000008000440c (0xcdf10297) auipc   t0, 0xcdf10
core   0: 1 0x000000008000440c (0xcdf10297) x5  0x000000004df1440c
core   0: 0x0000000080004410 (0x2b72c693) xori    a3, t0, 695
core   0: 1 0x0000000080004410 (0x2b72c693) x13 0x000000004df146bb
core   0: 0x0000000080004414 (0x221085d3) fsgnj.d fa1, ft1, ft1
core   0: 1 0x0000000080004414 (0x221085d3) f11 0x0000000000000000
core   0: 0x0000000080004418 (0x13507e53) fmul.d  ft8, ft0, fs5
core   0: 1 0x0000000080004418 (0x13507e53) f28 0x7ff8000000000000
core   0: 0x000000008000441c (0xc205f5d3) fcvt.w.d a1, fa1
core   0: 1 0x000000008000441c (0xc205f5d3) x11 0x0000000000000000
core   0: 0x0000000080004420 (0x40eb0e3b) subw    t3, s6, a4
core   0: 1 0x0000000080004420 (0x40eb0e3b) x28 0xfffffffffffffffe
core   0: 0x0000000080004424 (0xc020f653) fcvt.l.s a2, ft1
core   0: 1 0x0000000080004424 (0xc020f653) c1_fflags 0x0000000000000011 x12 0x7fffffffffffffff
core   0: 0x0000000080004428 (0xd03c71d3) fcvt.s.lu ft3, s8
core   0: 1 0x0000000080004428 (0xd03c71d3) c1_fflags 0x0000000000000011 f3  0xffffffff4f000061
core   0: 0x000000008000442c (0x01539213) slli    tp, t2, 21
core   0: 1 0x000000008000442c (0x01539213) x4  0x0000000000000000
core   0: 0x0000000080004430 (0x1a3fff53) fdiv.d  ft10, ft11, ft3
core   0: 1 0x0000000080004430 (0x1a3fff53) f30 0x7ff8000000000000
core   0: 0x0000000080004434 (0xc201fcd3) fcvt.w.d s9, ft3
core   0: 1 0x0000000080004434 (0xc201fcd3) c1_fflags 0x0000000000000011 x25 0x000000007fffffff
core   0: 0x0000000080004438 (0x121bfbd3) fmul.d  fs7, fs7, ft1
core   0: 1 0x0000000080004438 (0x121bfbd3) f23 0x7ff8000000000000
core   0: 0x000000008000443c (0xd21404d3) fcvt.d.wu fs1, s0
core   0: 1 0x000000008000443c (0xd21404d3) f9  0x0000000000000000
core   0: 0x0000000080004440 (0xd2050353) fcvt.d.w ft6, a0
core   0: 1 0x0000000080004440 (0xd2050353) f6  0x0000000000000000
core   0: 0x0000000080004444 (0x00125a93) srli    s5, tp, 1
core   0: 1 0x0000000080004444 (0x00125a93) x21 0x0000000000000000
core   0: 0x0000000080004448 (0xe7848493) addi    s1, s1, -392
core   0: 1 0x0000000080004448 (0xe7848493) x9  0x00000000000007c1
core   0: 0x000000008000444c (0x222b0853) fsgnj.d fa6, fs6, ft2
core   0: 1 0x000000008000444c (0x222b0853) f16 0xfff8000000000000
core   0: 0x0000000080004450 (0x340fe373) csrrsi  t1, mscratch, 31
core   0: exception trap_illegal_instruction, epc 0x0000000080004450
core   0:           tval 0x00000000340fe373
core   0: >>>>  $xrv64i2p1_m2p0_a2p1_f2p2_d2p2_zicsr2p0_zifencei2p0_zmmul1p0_zba1p0_zbb1p0_zbc1p0_zbs1p0
core   0: 0x0000000080004000 (0x0080006f) j       pc + 0x8
core   0: 3 0x0000000080004000 (0x0080006f)
core   0: >>>>  mmode_exception_handler
core   0: 0x0000000080004008 (0x00002c17) auipc   s8, 0x2
core   0: 3 0x0000000080004008 (0x00002c17) x24 0x0000000080006008
core   0: 0x000000008000400c (0x0f0c0c13) addi    s8, s8, 240
core   0: 3 0x000000008000400c (0x0f0c0c13) x24 0x00000000800060f8
core   0: 0x0000000080004010 (0x000c00e7) jalr    s8
core   0: 3 0x0000000080004010 (0x000c00e7) x1  0x0000000080004014
core   0: >>>>  any_handler
core   0: 0x00000000800060f8 (0x341027f3) csrrs   a5, mepc, zero
core   0: 3 0x00000000800060f8 (0x341027f3) x15 0x0000000080004450
core   0: 0x00000000800060fc (0x34202773) csrrs   a4, mcause, zero
core   0: 3 0x00000000800060fc (0x34202773) x14 0x0000000000000002
core   0: 0x0000000080006100 (0x142026f3) csrrs   a3, scause, zero
core   0: 3 0x0000000080006100 (0x142026f3) x13 0x0000000000000000
core   0: 0x0000000080006104 (0x30402673) csrrs   a2, mie, zero
core   0: 3 0x0000000080006104 (0x30402673) x12 0x0000000000000a00
core   0: 0x0000000080006108 (0x344025f3) csrrs   a1, mip, zero
core   0: 3 0x0000000080006108 (0x344025f3) x11 0x0000000000000080
core   0: 0x000000008000610c (0x343025f3) csrrs   a1, mtval, zero
core   0: 3 0x000000008000610c (0x343025f3) x11 0x00000000340fe373
core   0: 0x0000000080006110 (0x14302573) csrrs   a0, stval, zero
core   0: 3 0x0000000080006110 (0x14302573) x10 0x0000000000000000
core   0: 0x0000000080006114 (0xb02024f3) csrrs   s1, minstret, zero
core   0: 3 0x0000000080006114 (0xb02024f3) x9  0x000000000000096f
core   0: 0x0000000080006118 (0x0000a811) c.j     pc + 20
core   0: 3 0x0000000080006118 (0xa811)
core   0: >>>>  mepc_4
core   0: 0x000000008000612c (0x00000791) c.addi  a5, 4
core   0: 3 0x000000008000612c (0x0791) x15 0x0000000080004454
core   0: 0x000000008000612e (0x34179073) csrrw   zero, mepc, a5
core   0: 3 0x000000008000612e (0x34179073) c833_mepc 0x0000000080004454
core   0: 0x0000000080006132 (0x30200073) mret
core   0: 3 0x0000000080006132 (0x30200073) c768_mstatus 0x8000000a00106080
core   0: 0x0000000080004454 (0xd02cf753) fcvt.s.l fa4, s9
core   0: 1 0x0000000080004454 (0xd02cf753) c1_fflags 0x0000000000000011 f14 0xffffffff4f000000
core   0: 0x0000000080004458 (0xd21b8553) fcvt.d.wu fa0, s7
core   0: 1 0x0000000080004458 (0xd21b8553) f10 0x41efffffffe00000
core   0: 0x000000008000445c (0x03b0ad33) mulhsu  s10, ra, s11
core   0: 1 0x000000008000445c (0x03b0ad33) x26 0x0000000040002009
core   0: 0x0000000080004460 (0xd230f153) fcvt.d.lu ft2, ra
core   0: 1 0x0000000080004460 (0xd230f153) f2  0x41e0000802800000
core   0: 0x0000000080004464 (0x020477bb) remuw   a5, s0, zero
core   0: 1 0x0000000080004464 (0x020477bb) x15 0x0000000000000000
core   0: 0x0000000080004468 (0x7ffc6393) ori     t2, s8, 2047
core   0: 1 0x0000000080004468 (0x7ffc6393) x7  0x00000000800067ff
core   0: 0x000000008000446c (0x03dd0b3b) mulw    s6, s10, t4
core   0: 1 0x000000008000446c (0x03dd0b3b) x22 0x0000000040022099
core   0: 0x0000000080004470 (0x028d71d3) fadd.d  ft3, fs10, fs0
core   0: 1 0x0000000080004470 (0x028d71d3) f3  0x7ff8000000000000
core   0: 0x0000000080004474 (0x1b74fbd3) fdiv.d  fs7, fs1, fs7
core   0: 1 0x0000000080004474 (0x1b74fbd3) f23 0x7ff8000000000000
core   0: 0x0000000080004478 (0x7a847b47) fmsub.d fs6, fs0, fs0, fa5
core   0: 1 0x0000000080004478 (0x7a847b47) f22 0x7ff8000000000000
core   0: 0x000000008000447c (0x9a79794f) fnmadd.d fs2, fs2, ft7, fs3
core   0: 1 0x000000008000447c (0x9a79794f) f18 0x7ff8000000000000
core   0: 0x0000000080004480 (0x40a35213) srai    tp, t1, 10
core   0: 1 0x0000000080004480 (0x40a35213) x4  0x0000000000000000
core   0: 0x0000000080004484 (0x000009e6) c.slli  s3, 25
core   0: 1 0x0000000080004484 (0x09e6) x19 0x6c0546db1a000000
core   0: 0x0000000080004486 (0xfff4009b) addiw   ra, s0, -1
core   0: 1 0x0000000080004486 (0xfff4009b) x1  0xffffffffffffffff
core   0: 0x000000008000448a (0xd2120ad3) fcvt.d.wu fs5, tp
core   0: 1 0x000000008000448a (0xd2120ad3) f21 0x0000000000000000
core   0: 0x000000008000448e (0xc0217053) fcvt.l.s zero, ft2
core   0: 1 0x000000008000448e (0xc0217053) c1_fflags 0x0000000000000011
core   0: 0x0000000080004492 (0x4016f253) fcvt.s.d ft4, fa3
core   0: 1 0x0000000080004492 (0x4016f253) f4  0xffffffff00000000
core   0: 0x0000000080004496 (0xf20006d3) fmv.d.x fa3, zero
core   0: 1 0x0000000080004496 (0xf20006d3) f13 0x0000000000000000
core   0: 0x000000008000449a (0x0000954d) c.srai  a0, 51
core   0: 1 0x000000008000449a (0x954d) x10 0x0000000000000000
core   0: 0x000000008000449c (0xc305f947) fmsub.d fs2, fa1, fa6, fs8
core   0: 1 0x000000008000449c (0xc305f947) f18 0x7ff8000000000000
core   0: 0x00000000800044a0 (0x00000001) c.nop
core   0: 1 0x00000000800044a0 (0x0001)
core   0: 0x00000000800044a2 (0x02e7713b) remuw   sp, a4, a4
core   0: 1 0x00000000800044a2 (0x02e7713b) x2  0x0000000000000000
core   0: 0x00000000800044a6 (0xa2200853) fle.d   a6, ft0, ft2
core   0: 1 0x00000000800044a6 (0xa2200853) c1_fflags 0x0000000000000011 x16 0x0000000000000000
core   0: 0x00000000800044aa (0xf20802d3) fmv.d.x ft5, a6
core   0: 1 0x00000000800044aa (0xf20802d3) f5  0x0000000000000000
core   0: 0x00000000800044ae (0x032d653b) remw    a0, s10, s2
core   0: 1 0x00000000800044ae (0x032d653b) x10 0x0000000040002009
core   0: 0x00000000800044b2 (0xc20ef253) fcvt.w.d tp, ft9
core   0: 1 0x00000000800044b2 (0xc20ef253) c1_fflags 0x0000000000000011 x4  0x000000007fffffff
core   0: 0x00000000800044b6 (0x1bd47ad3) fdiv.d  fs5, fs0, ft9
core   0: 1 0x00000000800044b6 (0x1bd47ad3) f21 0x7ff8000000000000
core   0: 0x00000000800044ba (0x01565ebb) srlw    t4, a2, s5
core   0: 1 0x00000000800044ba (0x01565ebb) x29 0x0000000000000a00
core   0: 0x00000000800044be (0x056a0c9b) addiw   s9, s4, 86
core   0: 1 0x00000000800044be (0x056a0c9b) x25 0x0000000000000056
core   0: 0x00000000800044c2 (0xd33de113) ori     sp, s11, -717
core   0: 1 0x00000000800044c2 (0xd33de113) x2  0xffffffffffffffff
core   0: 0x00000000800044c6 (0x400a5993) srai    s3, s4, 0
core   0: 1 0x00000000800044c6 (0x400a5993) x19 0x0000000000000000
core   0: 0x00000000800044ca (0xd239f0d3) fcvt.d.lu ft1, s3
core   0: 1 0x00000000800044ca (0xd239f0d3) f1  0x0000000000000000
core   0: 0x00000000800044ce (0x0004b037) lui     zero, 0x4b
core   0: 1 0x00000000800044ce (0x0004b037)
core   0: 0x00000000800044d2 (0x0c30001b) addiw   zero, zero, 195
core   0: 1 0x00000000800044d2 (0x0c30001b)
core   0: 0x00000000800044d6 (0x00e01013) slli    zero, zero, 14
core   0: 1 0x00000000800044d6 (0x00e01013)
core   0: 0x00000000800044da (0x10800013) li      zero, 264
core   0: 1 0x00000000800044da (0x10800013)
core   0: 0x00000000800044de (0xd2317553) fcvt.d.lu fa0, sp
core   0: 1 0x00000000800044de (0xd2317553) c1_fflags 0x0000000000000011 f10 0x43f0000000000000
core   0: 0x00000000800044e2 (0xd02175d3) fcvt.s.l fa1, sp
core   0: 1 0x00000000800044e2 (0xd02175d3) f11 0xffffffffbf800000
core   0: 0x00000000800044e6 (0x00000001) c.nop
core   0: 1 0x00000000800044e6 (0x0001)
core   0: 0x00000000800044e8 (0x406b5093) srai    ra, s6, 6
core   0: 1 0x00000000800044e8 (0x406b5093) x1  0x0000000001000882
core   0: 0x00000000800044ec (0x0213a033) mulhsu  zero, t2, ra
core   0: 1 0x00000000800044ec (0x0213a033)
core   0: 0x00000000800044f0 (0xa3f47447) fmsub.d fs0, fs0, ft11, fs4
core   0: 1 0x00000000800044f0 (0xa3f47447) f8  0x7ff8000000000000
core   0: 0x00000000800044f4 (0x1b087847) fmsub.d fa6, fa6, fa6, ft3
core   0: 1 0x00000000800044f4 (0x1b087847) f16 0x7ff8000000000000
core   0: 0x00000000800044f8 (0xc02878d3) fcvt.l.s a7, fa6
core   0: 1 0x00000000800044f8 (0xc02878d3) c1_fflags 0x0000000000000011 x17 0x7fffffffffffffff
core   0: 0x00000000800044fc (0x85ae7e13) andi    t3, t3, -1958
core   0: 1 0x00000000800044fc (0x85ae7e13) x28 0xfffffffffffff85a
core   0: 0x0000000080004500 (0x016b57bb) srlw    a5, s6, s6
core   0: 1 0x0000000080004500 (0x016b57bb) x15 0x0000000000000020
core   0: 0x0000000080004504 (0x0047dd13) srli    s10, a5, 4
core   0: 1 0x0000000080004504 (0x0047dd13) x26 0x0000000000000002
core   0: 0x0000000080004508 (0x000b6193) ori     gp, s6, 0
core   0: 1 0x0000000080004508 (0x000b6193) x3  0x0000000040022099
core   0: 0x000000008000450c (0xc22a7d53) fcvt.l.d s10, fs4
core   0: 1 0x000000008000450c (0xc22a7d53) c1_fflags 0x0000000000000011 x26 0x7fffffffffffffff
core   0: 0x0000000080004510 (0xe2048a53) fmv.x.d s4, fs1
core   0: 1 0x0000000080004510 (0xe2048a53) x20 0x0000000000000000
core   0: 0x0000000080004514 (0x400cd493) srai    s1, s9, 0
core   0: 1 0x0000000080004514 (0x400cd493) x9  0x0000000000000056
core   0: 0x0000000080004518 (0x002025f3) csrrs   a1, frm, zero
core   0: 1 0x0000000080004518 (0x002025f3) x11 0x0000000000000000
core   0: 0x000000008000451c (0x00e1adb3) slt     s11, gp, a4
core   0: 1 0x000000008000451c (0x00e1adb3) x27 0x0000000000000000
core   0: 0x0000000080004520 (0x00171173) csrrw   sp, fflags, a4
core   0: 1 0x0000000080004520 (0x00171173) x2  0x0000000000000011 c1_fflags 0x0000000000000002
core   0: 0x0000000080004524 (0xd21e07d3) fcvt.d.wu fa5, t3
core   0: 1 0x0000000080004524 (0xd21e07d3) f15 0x41efffff0b400000
core   0: 0x0000000080004528 (0xe20c8cd3) fmv.x.d s9, fs9
core   0: 1 0x0000000080004528 (0xe20c8cd3) x25 0x7ff8000000000000
core   0: 0x000000008000452c (0x037d7cb3) remu    s9, s10, s7
core   0: 1 0x000000008000452c (0x037d7cb3) x25 0x7fffffffffffffff
core   0: 0x0000000080004530 (0x8a04744f) fnmadd.d fs0, fs0, ft0, fa7
core   0: 1 0x0000000080004530 (0x8a04744f) f8  0x7ff8000000000000
core   0: 0x0000000080004534 (0x2a8383d3) fmin.d  ft7, ft7, fs0
core   0: 1 0x0000000080004534 (0x2a8383d3) f7  0x0000000000000a00
core   0: 0x0000000080004538 (0x01c28c3b) addw    s8, t0, t3
core   0: 1 0x0000000080004538 (0x01c28c3b) x24 0x000000004df13c66
core   0: 0x000000008000453c (0x7ffc6413) ori     s0, s8, 2047
core   0: 1 0x000000008000453c (0x7ffc6413) x8  0x000000004df13fff
core   0: 0x0000000080004540 (0x03c94933) div     s2, s2, t3
core   0: 1 0x0000000080004540 (0x03c94933) x18 0x0000000000000000
core   0: 0x0000000080004544 (0xb0206873) csrrsi  a6, minstret, 0
core   0: exception trap_illegal_instruction, epc 0x0000000080004544
core   0:           tval 0x00000000b0206873
core   0: >>>>  $xrv64i2p1_m2p0_a2p1_f2p2_d2p2_zicsr2p0_zifencei2p0_zmmul1p0_zba1p0_zbb1p0_zbc1p0_zbs1p0
core   0: 0x0000000080004000 (0x0080006f) j       pc + 0x8
core   0: 3 0x0000000080004000 (0x0080006f)
core   0: >>>>  mmode_exception_handler
core   0: 0x0000000080004008 (0x00002c17) auipc   s8, 0x2
core   0: 3 0x0000000080004008 (0x00002c17) x24 0x0000000080006008
core   0: 0x000000008000400c (0x0f0c0c13) addi    s8, s8, 240
core   0: 3 0x000000008000400c (0x0f0c0c13) x24 0x00000000800060f8
core   0: 0x0000000080004010 (0x000c00e7) jalr    s8
core   0: 3 0x0000000080004010 (0x000c00e7) x1  0x0000000080004014
core   0: >>>>  any_handler
core   0: 0x00000000800060f8 (0x341027f3) csrrs   a5, mepc, zero
core   0: 3 0x00000000800060f8 (0x341027f3) x15 0x0000000080004544
core   0: 0x00000000800060fc (0x34202773) csrrs   a4, mcause, zero
core   0: 3 0x00000000800060fc (0x34202773) x14 0x0000000000000002
core   0: 0x0000000080006100 (0x142026f3) csrrs   a3, scause, zero
core   0: 3 0x0000000080006100 (0x142026f3) x13 0x0000000000000000
core   0: 0x0000000080006104 (0x30402673) csrrs   a2, mie, zero
core   0: 3 0x0000000080006104 (0x30402673) x12 0x0000000000000a00
core   0: 0x0000000080006108 (0x344025f3) csrrs   a1, mip, zero
core   0: 3 0x0000000080006108 (0x344025f3) x11 0x0000000000000080
core   0: 0x000000008000610c (0x343025f3) csrrs   a1, mtval, zero
core   0: 3 0x000000008000610c (0x343025f3) x11 0x00000000b0206873
core   0: 0x0000000080006110 (0x14302573) csrrs   a0, stval, zero
core   0: 3 0x0000000080006110 (0x14302573) x10 0x0000000000000000
core   0: 0x0000000080006114 (0xb02024f3) csrrs   s1, minstret, zero
core   0: 3 0x0000000080006114 (0xb02024f3) x9  0x00000000000009bd
core   0: 0x0000000080006118 (0x0000a811) c.j     pc + 20
core   0: 3 0x0000000080006118 (0xa811)
core   0: >>>>  mepc_4
core   0: 0x000000008000612c (0x00000791) c.addi  a5, 4
core   0: 3 0x000000008000612c (0x0791) x15 0x0000000080004548
core   0: 0x000000008000612e (0x34179073) csrrw   zero, mepc, a5
core   0: 3 0x000000008000612e (0x34179073) c833_mepc 0x0000000080004548
core   0: 0x0000000080006132 (0x30200073) mret
core   0: 3 0x0000000080006132 (0x30200073) c768_mstatus 0x8000000a00106080
core   0: 0x0000000080004548 (0x7b4c8a9b) addiw   s5, s9, 1972
core   0: 1 0x0000000080004548 (0x7b4c8a9b) x21 0x00000000000007b3
core   0: 0x000000008000454c (0x00000001) c.nop
core   0: 1 0x000000008000454c (0x0001)
core   0: 0x000000008000454e (0x6abc1897) auipc   a7, 0x6abc1
core   0: 1 0x000000008000454e (0x6abc1897) x17 0x00000000eabc554e
core   0: 0x0000000080004552 (0x031a15b3) mulh    a1, s4, a7
core   0: 1 0x0000000080004552 (0x031a15b3) x11 0x0000000000000000
core   0: 0x0000000080004556 (0x53ef77cb) fnmsub.d fa5, ft10, ft10, fa0
core   0: 1 0x0000000080004556 (0x53ef77cb) f15 0x7ff8000000000000
core   0: 0x000000008000455a (0x377b0b13) addi    s6, s6, 887
core   0: 1 0x000000008000455a (0x377b0b13) x22 0x0000000040022410
core   0: 0x000000008000455e (0x41d6d833) sra     a6, a3, t4
core   0: 1 0x000000008000455e (0x41d6d833) x16 0x0000000000000000
core   0: 0x0000000080004562 (0x00000001) c.nop
core   0: 1 0x0000000080004562 (0x0001)
core   0: 0x0000000080004564 (0xc2087053) fcvt.w.d zero, fa6
core   0: 1 0x0000000080004564 (0xc2087053) c1_fflags 0x0000000000000012
core   0: 0x0000000080004568 (0x5a0ef253) fsqrt.d ft4, ft9
core   0: 1 0x0000000080004568 (0x5a0ef253) f4  0x7ff8000000000000
core   0: 0x000000008000456c (0x12a4f4d3) fmul.d  fs1, fs1, fa0
core   0: 1 0x000000008000456c (0x12a4f4d3) f9  0x0000000000000000
core   0: 0x0000000080004570 (0x00a825b3) slt     a1, a6, a0
core   0: 1 0x0000000080004570 (0x00a825b3) x11 0x0000000000000000
core   0: 0x0000000080004574 (0x00007b33) and     s6, zero, zero
core   0: 1 0x0000000080004574 (0x00007b33) x22 0x0000000000000000
core   0: 0x0000000080004578 (0x00a07633) and     a2, zero, a0
core   0: 1 0x0000000080004578 (0x00a07633) x12 0x0000000000000000
core   0: 0x000000008000457c (0xc210fdd3) fcvt.wu.d s11, ft1
core   0: 1 0x000000008000457c (0xc210fdd3) x27 0x0000000000000000
core   0: 0x0000000080004580 (0x4162579b) sraiw   a5, tp, 22
core   0: 1 0x0000000080004580 (0x4162579b) x15 0x00000000000001ff
core   0: 0x0000000080004584 (0xffef7537) lui     a0, 0xffef7
core   0: 1 0x0000000080004584 (0xffef7537) x10 0xffffffffffef7000
core   0: 0x0000000080004588 (0x6af5051b) addiw   a0, a0, 1711
core   0: 1 0x0000000080004588 (0x6af5051b) x10 0xffffffffffef76af
core   0: 0x000000008000458c (0x0000053a) c.slli  a0, 14
core   0: 1 0x000000008000458c (0x053a) x10 0xfffffffbddabc000
core   0: 0x000000008000458e (0xc9250513) addi    a0, a0, -878
core   0: 1 0x000000008000458e (0xc9250513) x10 0xfffffffbddabbc92
core   0: 0x0000000080004592 (0x01256e33) or      t3, a0, s2
core   0: 1 0x0000000080004592 (0x01256e33) x28 0xfffffffbddabbc92
core   0: 0x0000000080004596 (0x03854d3b) divw    s10, a0, s8
core   0: 1 0x0000000080004596 (0x03854d3b) x26 0x0000000000000000
core   0: 0x000000008000459a (0x13ae099b) addiw   s3, t3, 314
core   0: 1 0x000000008000459a (0x13ae099b) x19 0xffffffffddabbdcc
core   0: 0x000000008000459e (0xd1c04213) xori    tp, zero, -740
core   0: 1 0x000000008000459e (0xd1c04213) x4  0xfffffffffffffd1c
core   0: 0x00000000800045a2 (0x000e7b93) andi    s7, t3, 0
core   0: 1 0x00000000800045a2 (0x000e7b93) x23 0x0000000000000000
core   0: 0x00000000800045a6 (0x23c7ae53) fsgnjx.d ft8, fa5, ft8
core   0: 1 0x00000000800045a6 (0x23c7ae53) f28 0x7ff8000000000000
core   0: 0x00000000800045aa (0xfc566e37) lui     t3, 0xfc566
core   0: 1 0x00000000800045aa (0xfc566e37) x28 0xfffffffffc566000
core   0: 0x00000000800045ae (0xbb7e0e1b) addiw   t3, t3, -1097
core   0: 1 0x00000000800045ae (0xbb7e0e1b) x28 0xfffffffffc565bb7
core   0: 0x00000000800045b2 (0x00000e36) c.slli  t3, 13
core   0: 1 0x00000000800045b2 (0x0e36) x28 0xffffff8acb76e000
core   0: 0x00000000800045b4 (0x16be0e13) addi    t3, t3, 363
core   0: 1 0x00000000800045b4 (0x16be0e13) x28 0xffffff8acb76e16b
core   0: 0x00000000800045b8 (0x0ff0000f) fence   iorw,iorw
core   0: 1 0x00000000800045b8 (0x0ff0000f)
core   0: 0x00000000800045bc (0x038d5bbb) divuw   s7, s10, s8
core   0: 1 0x00000000800045bc (0x038d5bbb) x23 0x0000000000000000
core   0: 0x00000000800045c0 (0x018db233) sltu    tp, s11, s8
core   0: 1 0x00000000800045c0 (0x018db233) x4  0x0000000000000001
core   0: 0x00000000800045c4 (0x021e7a3b) remuw   s4, t3, ra
core   0: 1 0x00000000800045c4 (0x021e7a3b) x20 0x000000004b76a157
core   0: 0x00000000800045c8 (0x0a4bf253) fsub.d  ft4, fs7, ft4
core   0: 1 0x00000000800045c8 (0x0a4bf253) f4  0x7ff8000000000000
core   0: 0x00000000800045cc (0x01dd05bb) addw    a1, s10, t4
core   0: 1 0x00000000800045cc (0x01dd05bb) x11 0x0000000000000a00
core   0: 0x00000000800045d0 (0x40005c1b) sraiw   s8, zero, 0
core   0: 1 0x00000000800045d0 (0x40005c1b) x24 0x0000000000000000
core   0: 0x00000000800045d4 (0x00420dbb) addw    s11, tp, tp
core   0: 1 0x00000000800045d4 (0x00420dbb) x27 0x0000000000000002
core   0: 0x00000000800045d8 (0x02fa563b) divuw   a2, s4, a5
core   0: 1 0x00000000800045d8 (0x02fa563b) x12 0x000000000025ce37
core   0: 0x00000000800045dc (0x0327ed3b) remw    s10, a5, s2
core   0: 1 0x00000000800045dc (0x0327ed3b) x26 0x00000000000001ff
core   0: 0x00000000800045e0 (0xc224f953) fcvt.l.d s2, fs1
core   0: 1 0x00000000800045e0 (0xc224f953) x18 0x0000000000000000
core   0: 0x00000000800045e4 (0x0300e83b) remw    a6, ra, a6
core   0: 1 0x00000000800045e4 (0x0300e83b) x16 0xffffffff80004014
core   0: 0x00000000800045e8 (0x26f94293) xori    t0, s2, 623
core   0: 1 0x00000000800045e8 (0x26f94293) x5  0x000000000000026f
core   0: 0x00000000800045ec (0xc22bf453) fcvt.l.d s0, fs7
core   0: 1 0x00000000800045ec (0xc22bf453) c1_fflags 0x0000000000000012 x8  0x7fffffffffffffff
core   0: 0x00000000800045f0 (0x0115d49b) srliw   s1, a1, 17
core   0: 1 0x00000000800045f0 (0x0115d49b) x9  0x0000000000000000
core   0: 0x00000000800045f4 (0x408283bb) subw    t2, t0, s0
core   0: 1 0x00000000800045f4 (0x408283bb) x7  0x0000000000000270
core   0: 0x00000000800045f8 (0x001028f3) csrrs   a7, fflags, zero
core   0: 1 0x00000000800045f8 (0x001028f3) x17 0x0000000000000012
core   0: 0x00000000800045fc (0x33dd4393) xori    t2, s10, 829
core   0: 1 0x00000000800045fc (0x33dd4393) x7  0x00000000000002c2
core   0: 0x0000000080004600 (0xd020fed3) fcvt.s.l ft9, ra
core   0: 1 0x0000000080004600 (0xd020fed3) c1_fflags 0x0000000000000013 f29 0xffffffff4f000040
core   0: 0x0000000080004604 (0x01ca0ab3) add     s5, s4, t3
core   0: 1 0x0000000080004604 (0x01ca0ab3) x21 0xffffff8b16ed82c2
core   0: 0x0000000080004608 (0xd03df953) fcvt.s.lu fs2, s11
core   0: 1 0x0000000080004608 (0xd03df953) f18 0xffffffff40000000
core   0: 0x000000008000460c (0x024ae8b3) rem     a7, s5, tp
core   0: 1 0x000000008000460c (0x024ae8b3) x17 0x0000000000000000
core   0: 0x0000000080004610 (0x00d59a13) slli    s4, a1, 13
core   0: 1 0x0000000080004610 (0x00d59a13) x20 0x0000000001400000
core   0: 0x0000000080004614 (0x400a0133) sub     sp, s4, zero
core   0: 1 0x0000000080004614 (0x400a0133) x2  0x0000000001400000
core   0: 0x0000000080004618 (0x4024d73b) sraw    a4, s1, sp
core   0: 1 0x0000000080004618 (0x4024d73b) x14 0x0000000000000000
core   0: 0x000000008000461c (0xc2197cd3) fcvt.wu.d s9, fs2
core   0: 1 0x000000008000461c (0xc2197cd3) c1_fflags 0x0000000000000013 x25 0xffffffffffffffff
core   0: 0x0000000080004620 (0x03de3533) mulhu   a0, t3, t4
core   0: 1 0x0000000080004620 (0x03de3533) x10 0x00000000000009ff
core   0: 0x0000000080004624 (0x0084543b) srlw    s0, s0, s0
core   0: 1 0x0000000080004624 (0x0084543b) x8  0x0000000000000001
core   0: 0x0000000080004628 (0x0249d5b3) divu    a1, s3, tp
core   0: 1 0x0000000080004628 (0x0249d5b3) x11 0xffffffffddabbdcc
core   0: 0x000000008000462c (0x00000001) c.nop
core   0: 1 0x000000008000462c (0x0001)
core   0: 0x000000008000462e (0x019b6a33) or      s4, s6, s9
core   0: 1 0x000000008000462e (0x019b6a33) x20 0xffffffffffffffff
core   0: 0x0000000080004632 (0xf1107573) csrrci  a0, mvendorid, 0
core   0: exception trap_illegal_instruction, epc 0x0000000080004632
core   0:           tval 0x00000000f1107573
core   0: >>>>  $xrv64i2p1_m2p0_a2p1_f2p2_d2p2_zicsr2p0_zifencei2p0_zmmul1p0_zba1p0_zbb1p0_zbc1p0_zbs1p0
core   0: 0x0000000080004000 (0x0080006f) j       pc + 0x8
core   0: 3 0x0000000080004000 (0x0080006f)
core   0: >>>>  mmode_exception_handler
core   0: 0x0000000080004008 (0x00002c17) auipc   s8, 0x2
core   0: 3 0x0000000080004008 (0x00002c17) x24 0x0000000080006008
core   0: 0x000000008000400c (0x0f0c0c13) addi    s8, s8, 240
core   0: 3 0x000000008000400c (0x0f0c0c13) x24 0x00000000800060f8
core   0: 0x0000000080004010 (0x000c00e7) jalr    s8
core   0: 3 0x0000000080004010 (0x000c00e7) x1  0x0000000080004014
core   0: >>>>  any_handler
core   0: 0x00000000800060f8 (0x341027f3) csrrs   a5, mepc, zero
core   0: 3 0x00000000800060f8 (0x341027f3) x15 0x0000000080004632
core   0: 0x00000000800060fc (0x34202773) csrrs   a4, mcause, zero
core   0: 3 0x00000000800060fc (0x34202773) x14 0x0000000000000002
core   0: 0x0000000080006100 (0x142026f3) csrrs   a3, scause, zero
core   0: 3 0x0000000080006100 (0x142026f3) x13 0x0000000000000000
core   0: 0x0000000080006104 (0x30402673) csrrs   a2, mie, zero
core   0: 3 0x0000000080006104 (0x30402673) x12 0x0000000000000a00
core   0: 0x0000000080006108 (0x344025f3) csrrs   a1, mip, zero
core   0: 3 0x0000000080006108 (0x344025f3) x11 0x0000000000000080
core   0: 0x000000008000610c (0x343025f3) csrrs   a1, mtval, zero
core   0: 3 0x000000008000610c (0x343025f3) x11 0x00000000f1107573
core   0: 0x0000000080006110 (0x14302573) csrrs   a0, stval, zero
core   0: 3 0x0000000080006110 (0x14302573) x10 0x0000000000000000
core   0: 0x0000000080006114 (0xb02024f3) csrrs   s1, minstret, zero
core   0: 3 0x0000000080006114 (0xb02024f3) x9  0x0000000000000a0a
core   0: 0x0000000080006118 (0x0000a811) c.j     pc + 20
core   0: 3 0x0000000080006118 (0xa811)
core   0: >>>>  mepc_4
core   0: 0x000000008000612c (0x00000791) c.addi  a5, 4
core   0: 3 0x000000008000612c (0x0791) x15 0x0000000080004636
core   0: 0x000000008000612e (0x34179073) csrrw   zero, mepc, a5
core   0: 3 0x000000008000612e (0x34179073) c833_mepc 0x0000000080004636
core   0: 0x0000000080006132 (0x30200073) mret
core   0: 3 0x0000000080006132 (0x30200073) c768_mstatus 0x8000000a00106080
core   0: 0x0000000080004636 (0x00d780bb) addw    ra, a5, a3
core   0: 1 0x0000000080004636 (0x00d780bb) x1  0xffffffff80004636
core   0: 0x000000008000463a (0x031a803b) mulw    zero, s5, a7
core   0: 1 0x000000008000463a (0x031a803b)
core   0: 0x000000008000463e (0x00307133) and     sp, zero, gp
core   0: 1 0x000000008000463e (0x00307133) x2  0x0000000000000000
core   0: 0x0000000080004642 (0xd236ffd3) fcvt.d.lu ft11, a3
core   0: 1 0x0000000080004642 (0xd236ffd3) f31 0x0000000000000000
core   0: 0x0000000080004646 (0x0134d63b) srlw    a2, s1, s3
core   0: 1 0x0000000080004646 (0x0134d63b) x12 0x0000000000000000
core   0: 0x000000008000464a (0x00102973) csrrs   s2, fflags, zero
core   0: 1 0x000000008000464a (0x00102973) x18 0x0000000000000013
core   0: 0x000000008000464e (0x23d92753) fsgnjx.d fa4, fs2, ft9
core   0: 1 0x000000008000464e (0x23d92753) f14 0x7fffffff40000000
core   0: 0x0000000080004652 (0x006272b3) and     t0, tp, t1
core   0: 1 0x0000000080004652 (0x006272b3) x5  0x0000000000000000
core   0: 0x0000000080004656 (0x0ff0000f) fence   iorw,iorw
core   0: 1 0x0000000080004656 (0x0ff0000f)
core   0: 0x000000008000465a (0x02cd71d3) fadd.d  ft3, fs10, fa2
core   0: 1 0x000000008000465a (0x02cd71d3) f3  0x7ff8000000000000
core   0: 0x000000008000465e (0x00000001) c.nop
core   0: 1 0x000000008000465e (0x0001)
core   0: 0x0000000080004660 (0x000d051b) sext.w  a0, s10
core   0: 1 0x0000000080004660 (0x000d051b) x10 0x00000000000001ff
core   0: 0x0000000080004664 (0x01be8ebb) addw    t4, t4, s11
core   0: 1 0x0000000080004664 (0x01be8ebb) x29 0x0000000000000a02
core   0: 0x0000000080004668 (0x018a1c33) sll     s8, s4, s8
core   0: 1 0x0000000080004668 (0x018a1c33) x24 0xff00000000000000
core   0: 0x000000008000466c (0x22b58b53) fsgnj.d fs6, fa1, fa1
core   0: 1 0x000000008000466c (0x22b58b53) f22 0xffffffffbf800000
core   0: 0x0000000080004670 (0x0152941b) slliw   s0, t0, 21
core   0: 1 0x0000000080004670 (0x0152941b) x8  0x0000000000000000
core   0: 0x0000000080004674 (0x03986cbb) remw    s9, a6, s9
core   0: 1 0x0000000080004674 (0x03986cbb) x25 0x0000000000000000
core   0: 0x0000000080004678 (0x002318f3) csrrw   a7, frm, t1
core   0: 1 0x0000000080004678 (0x002318f3) x17 0x0000000000000000 c2_frm 0x0000000000000000
core   0: 0x000000008000467c (0x018cdd3b) srlw    s10, s9, s8
core   0: 1 0x000000008000467c (0x018cdd3b) x26 0x0000000000000000
core   0: 0x0000000080004680 (0x3421a673) csrrs   a2, mcause, gp
core   0: exception trap_illegal_instruction, epc 0x0000000080004680
core   0:           tval 0x000000003421a673
core   0: >>>>  $xrv64i2p1_m2p0_a2p1_f2p2_d2p2_zicsr2p0_zifencei2p0_zmmul1p0_zba1p0_zbb1p0_zbc1p0_zbs1p0
core   0: 0x0000000080004000 (0x0080006f) j       pc + 0x8
core   0: 3 0x0000000080004000 (0x0080006f)
core   0: >>>>  mmode_exception_handler
core   0: 0x0000000080004008 (0x00002c17) auipc   s8, 0x2
core   0: 3 0x0000000080004008 (0x00002c17) x24 0x0000000080006008
core   0: 0x000000008000400c (0x0f0c0c13) addi    s8, s8, 240
core   0: 3 0x000000008000400c (0x0f0c0c13) x24 0x00000000800060f8
core   0: 0x0000000080004010 (0x000c00e7) jalr    s8
core   0: 3 0x0000000080004010 (0x000c00e7) x1  0x0000000080004014
core   0: >>>>  any_handler
core   0: 0x00000000800060f8 (0x341027f3) csrrs   a5, mepc, zero
core   0: 3 0x00000000800060f8 (0x341027f3) x15 0x0000000080004680
core   0: 0x00000000800060fc (0x34202773) csrrs   a4, mcause, zero
core   0: 3 0x00000000800060fc (0x34202773) x14 0x0000000000000002
core   0: 0x0000000080006100 (0x142026f3) csrrs   a3, scause, zero
core   0: 3 0x0000000080006100 (0x142026f3) x13 0x0000000000000000
core   0: 0x0000000080006104 (0x30402673) csrrs   a2, mie, zero
core   0: 3 0x0000000080006104 (0x30402673) x12 0x0000000000000a00
core   0: 0x0000000080006108 (0x344025f3) csrrs   a1, mip, zero
core   0: 3 0x0000000080006108 (0x344025f3) x11 0x0000000000000080
core   0: 0x000000008000610c (0x343025f3) csrrs   a1, mtval, zero
core   0: 3 0x000000008000610c (0x343025f3) x11 0x000000003421a673
core   0: 0x0000000080006110 (0x14302573) csrrs   a0, stval, zero
core   0: 3 0x0000000080006110 (0x14302573) x10 0x0000000000000000
core   0: 0x0000000080006114 (0xb02024f3) csrrs   s1, minstret, zero
core   0: 3 0x0000000080006114 (0xb02024f3) x9  0x0000000000000a2d
core   0: 0x0000000080006118 (0x0000a811) c.j     pc + 20
core   0: 3 0x0000000080006118 (0xa811)
core   0: >>>>  mepc_4
core   0: 0x000000008000612c (0x00000791) c.addi  a5, 4
core   0: 3 0x000000008000612c (0x0791) x15 0x0000000080004684
core   0: 0x000000008000612e (0x34179073) csrrw   zero, mepc, a5
core   0: 3 0x000000008000612e (0x34179073) c833_mepc 0x0000000080004684
core   0: 0x0000000080006132 (0x30200073) mret
core   0: 3 0x0000000080006132 (0x30200073) c768_mstatus 0x8000000a00106080
core   0: 0x0000000080004684 (0xb23577c7) fmsub.d fa5, fa0, ft3, fs6
core   0: 1 0x0000000080004684 (0xb23577c7) f15 0x7ff8000000000000
core   0: 0x0000000080004688 (0x025782b3) mul     t0, a5, t0
core   0: 1 0x0000000080004688 (0x025782b3) x5  0x0000000000000000
core   0: 0x000000008000468c (0x0ff0000f) fence   iorw,iorw
core   0: 1 0x000000008000468c (0x0ff0000f)
core   0: 0x0000000080004690 (0xbeea6e13) ori     t3, s4, -1042
core   0: 1 0x0000000080004690 (0xbeea6e13) x28 0xffffffffffffffff
core   0: 0x0000000080004694 (0x001a4113) xori    sp, s4, 1
core   0: 1 0x0000000080004694 (0x001a4113) x2  0xfffffffffffffffe
core   0: 0x0000000080004698 (0x018d7833) and     a6, s10, s8
core   0: 1 0x0000000080004698 (0x018d7833) x16 0x0000000000000000
core   0: 0x000000008000469c (0x2b998bd3) fmin.d  fs7, fs3, fs9
core   0: 1 0x000000008000469c (0x2b998bd3) f23 0x7ff8000000000000
core   0: 0x00000000800046a0 (0xfffc4493) not     s1, s8
core   0: 1 0x00000000800046a0 (0xfffc4493) x9  0xffffffff7fff9f07
core   0: 0x00000000800046a4 (0x03c1f4d3) fadd.d  fs1, ft3, ft8
core   0: 1 0x00000000800046a4 (0x03c1f4d3) f9  0x7ff8000000000000
core   0: 0x00000000800046a8 (0x4017549b) sraiw   s1, a4, 1
core   0: 1 0x00000000800046a8 (0x4017549b) x9  0x0000000000000001
core   0: 0x00000000800046ac (0x009d4cb3) xor     s9, s10, s1
core   0: 1 0x00000000800046ac (0x009d4cb3) x25 0x0000000000000001
core   0: 0x00000000800046b0 (0x4196db3b) sraw    s6, a3, s9
core   0: 1 0x00000000800046b0 (0x4196db3b) x22 0x0000000000000000
core   0: 0x00000000800046b4 (0xd225f8d3) fcvt.d.l fa7, a1
core   0: 1 0x00000000800046b4 (0xd225f8d3) f17 0x41ca10d339800000
core   0: 0x00000000800046b8 (0x2acd1453) fmax.d  fs0, fs10, fa2
core   0: 1 0x00000000800046b8 (0x2acd1453) f8  0x0000000000000000
core   0: 0x00000000800046bc (0x40d601bb) subw    gp, a2, a3
core   0: 1 0x00000000800046bc (0x40d601bb) x3  0x0000000000000a00
core   0: 0x00000000800046c0 (0x0204704f) fnmadd.d ft0, fs0, ft0, ft0
core   0: 1 0x00000000800046c0 (0x0204704f) f0  0x7ff8000000000000
core   0: 0x00000000800046c4 (0x0230553b) divuw   a0, zero, gp
core   0: 1 0x00000000800046c4 (0x0230553b) x10 0x0000000000000000
core   0: 0x00000000800046c8 (0x53b27213) andi    tp, tp, 1339
core   0: 1 0x00000000800046c8 (0x53b27213) x4  0x0000000000000001
core   0: 0x00000000800046cc (0x000b9613) slli    a2, s7, 0
core   0: 1 0x00000000800046cc (0x000b9613) x12 0x0000000000000000
core   0: 0x00000000800046d0 (0x00eb12b3) sll     t0, s6, a4
core   0: 1 0x00000000800046d0 (0x00eb12b3) x5  0x0000000000000000
core   0: 0x00000000800046d4 (0xa298c593) xori    a1, a7, -1495
core   0: 1 0x00000000800046d4 (0xa298c593) x11 0xfffffffffffffa29
core   0: 0x00000000800046d8 (0x00b0d0bb) srlw    ra, ra, a1
core   0: 1 0x00000000800046d8 (0x00b0d0bb) x1  0x0000000000400020
core   0: 0x00000000800046dc (0xc0237453) fcvt.l.s s0, ft6
core   0: 1 0x00000000800046dc (0xc0237453) c1_fflags 0x0000000000000013 x8  0x7fffffffffffffff
core   0: 0x00000000800046e0 (0x00e01d3b) sllw    s10, zero, a4
core   0: 1 0x00000000800046e0 (0x00e01d3b) x26 0x0000000000000000
core   0: 0x00000000800046e4 (0x019d16b3) sll     a3, s10, s9
core   0: 1 0x00000000800046e4 (0x019d16b3) x13 0x0000000000000000
core   0: 0x00000000800046e8 (0xf2018753) fmv.d.x fa4, gp
core   0: 1 0x00000000800046e8 (0xf2018753) f14 0x0000000000000a00
core   0: 0x00000000800046ec (0x003d803b) addw    zero, s11, gp
core   0: 1 0x00000000800046ec (0x003d803b)
core   0: 0x00000000800046f0 (0xc02cfb53) fcvt.l.s s6, fs9
core   0: 1 0x00000000800046f0 (0xc02cfb53) c1_fflags 0x0000000000000013 x22 0x7fffffffffffffff
core   0: 0x00000000800046f4 (0xd0247253) fcvt.s.l ft4, s0
core   0: 1 0x00000000800046f4 (0xd0247253) c1_fflags 0x0000000000000013 f4  0xffffffff5f000000
core   0: 0x00000000800046f8 (0xa93e4517) auipc   a0, 0xa93e4
core   0: 1 0x00000000800046f8 (0xa93e4517) x10 0x00000000293e86f8
core   0: 0x00000000800046fc (0x01a92c33) slt     s8, s2, s10
core   0: 1 0x00000000800046fc (0x01a92c33) x24 0x0000000000000000
core   0: 0x0000000080004700 (0xd035fcd3) fcvt.s.lu fs9, a1
core   0: 1 0x0000000080004700 (0xd035fcd3) c1_fflags 0x0000000000000013 f25 0xffffffff5f800000
core   0: 0x0000000080004704 (0x00039793) slli    a5, t2, 0
core   0: 1 0x0000000080004704 (0x00039793) x15 0x00000000000002c2
core   0: 0x0000000080004708 (0xd231fd53) fcvt.d.lu fs10, gp
core   0: 1 0x0000000080004708 (0xd231fd53) f26 0x40a4000000000000
core   0: 0x000000008000470c (0xd21e0253) fcvt.d.wu ft4, t3
core   0: 1 0x000000008000470c (0xd21e0253) f4  0x41efffffffe00000
core   0: 0x0000000080004710 (0xf12a14f3) csrrw   s1, marchid, s4
core   0: exception trap_illegal_instruction, epc 0x0000000080004710
core   0:           tval 0x00000000f12a14f3
core   0: >>>>  $xrv64i2p1_m2p0_a2p1_f2p2_d2p2_zicsr2p0_zifencei2p0_zmmul1p0_zba1p0_zbb1p0_zbc1p0_zbs1p0
core   0: 0x0000000080004000 (0x0080006f) j       pc + 0x8
core   0: 3 0x0000000080004000 (0x0080006f)
core   0: >>>>  mmode_exception_handler
core   0: 0x0000000080004008 (0x00002c17) auipc   s8, 0x2
core   0: 3 0x0000000080004008 (0x00002c17) x24 0x0000000080006008
core   0: 0x000000008000400c (0x0f0c0c13) addi    s8, s8, 240
core   0: 3 0x000000008000400c (0x0f0c0c13) x24 0x00000000800060f8
core   0: 0x0000000080004010 (0x000c00e7) jalr    s8
core   0: 3 0x0000000080004010 (0x000c00e7) x1  0x0000000080004014
core   0: >>>>  any_handler
core   0: 0x00000000800060f8 (0x341027f3) csrrs   a5, mepc, zero
core   0: 3 0x00000000800060f8 (0x341027f3) x15 0x0000000080004710
core   0: 0x00000000800060fc (0x34202773) csrrs   a4, mcause, zero
core   0: 3 0x00000000800060fc (0x34202773) x14 0x0000000000000002
core   0: 0x0000000080006100 (0x142026f3) csrrs   a3, scause, zero
core   0: 3 0x0000000080006100 (0x142026f3) x13 0x0000000000000000
core   0: 0x0000000080006104 (0x30402673) csrrs   a2, mie, zero
core   0: 3 0x0000000080006104 (0x30402673) x12 0x0000000000000a00
core   0: 0x0000000080006108 (0x344025f3) csrrs   a1, mip, zero
core   0: 3 0x0000000080006108 (0x344025f3) x11 0x0000000000000080
core   0: 0x000000008000610c (0x343025f3) csrrs   a1, mtval, zero
core   0: 3 0x000000008000610c (0x343025f3) x11 0x00000000f12a14f3
core   0: 0x0000000080006110 (0x14302573) csrrs   a0, stval, zero
core   0: 3 0x0000000080006110 (0x14302573) x10 0x0000000000000000
core   0: 0x0000000080006114 (0xb02024f3) csrrs   s1, minstret, zero
core   0: 3 0x0000000080006114 (0xb02024f3) x9  0x0000000000000a60
core   0: 0x0000000080006118 (0x0000a811) c.j     pc + 20
core   0: 3 0x0000000080006118 (0xa811)
core   0: >>>>  mepc_4
core   0: 0x000000008000612c (0x00000791) c.addi  a5, 4
core   0: 3 0x000000008000612c (0x0791) x15 0x0000000080004714
core   0: 0x000000008000612e (0x34179073) csrrw   zero, mepc, a5
core   0: 3 0x000000008000612e (0x34179073) c833_mepc 0x0000000080004714
core   0: 0x0000000080006132 (0x30200073) mret
core   0: 3 0x0000000080006132 (0x30200073) c768_mstatus 0x8000000a00106080
core   0: 0x0000000080004714 (0x02a50533) mul     a0, a0, a0
core   0: 1 0x0000000080004714 (0x02a50533) x10 0x0000000000000000
core   0: 0x0000000080004718 (0x01ddd4b3) srl     s1, s11, t4
core   0: 1 0x0000000080004718 (0x01ddd4b3) x9  0x0000000000000000
core   0: 0x000000008000471c (0x000b9693) slli    a3, s7, 0
core   0: 1 0x000000008000471c (0x000b9693) x13 0x0000000000000000
core   0: 0x0000000080004720 (0x0ff0000f) fence   iorw,iorw
core   0: 1 0x0000000080004720 (0x0ff0000f)
core   0: 0x0000000080004724 (0x922efecb) fnmsub.d ft9, ft9, ft2, fs2
core   0: 1 0x0000000080004724 (0x922efecb) f29 0x7ff8000000000000
core   0: 0x0000000080004728 (0x3e7e7a13) andi    s4, t3, 999
core   0: 1 0x0000000080004728 (0x3e7e7a13) x20 0x00000000000003e7
core   0: 0x000000008000472c (0x000e9593) slli    a1, t4, 0
core   0: 1 0x000000008000472c (0x000e9593) x11 0x0000000000000a02
core   0: 0x0000000080004730 (0x00a65a3b) srlw    s4, a2, a0
core   0: 1 0x0000000080004730 (0x00a65a3b) x20 0x0000000000000a00
core   0: 0x0000000080004734 (0x06aeb7b7) lui     a5, 0x6aeb
core   0: 1 0x0000000080004734 (0x06aeb7b7) x15 0x0000000006aeb000
core   0: 0x0000000080004738 (0xb937879b) addiw   a5, a5, -1133
core   0: 1 0x0000000080004738 (0xb937879b) x15 0x0000000006aeab93
core   0: 0x000000008000473c (0x000007b2) c.slli  a5, 12
core   0: 1 0x000000008000473c (0x07b2) x15 0x0000006aeab93000
core   0: 0x000000008000473e (0xe0778793) addi    a5, a5, -505
core   0: 1 0x000000008000473e (0xe0778793) x15 0x0000006aeab92e07
core   0: 0x0000000080004742 (0x00041893) slli    a7, s0, 0
core   0: 1 0x0000000080004742 (0x00041893) x17 0x7fffffffffffffff
core   0: 0x0000000080004746 (0x001d5893) srli    a7, s10, 1
core   0: 1 0x0000000080004746 (0x001d5893) x17 0x0000000000000000
core   0: 0x000000008000474a (0xc03ef5d3) fcvt.lu.s a1, ft9
core   0: 1 0x000000008000474a (0xc03ef5d3) c1_fflags 0x0000000000000013 x11 0xffffffffffffffff
core   0: 0x000000008000474e (0x0221873b) mulw    a4, gp, sp
core   0: 1 0x000000008000474e (0x0221873b) x14 0xffffffffffffec00
core   0: 0x0000000080004752 (0xc2e0f3cf) fnmadd.d ft7, ft1, fa4, fs8
core   0: 1 0x0000000080004752 (0xc2e0f3cf) f7  0x8000000000000000
core   0: 0x0000000080004756 (0x02e707bb) mulw    a5, a4, a4
core   0: 1 0x0000000080004756 (0x02e707bb) x15 0x0000000001900000
core   0: 0x000000008000475a (0x4007093b) subw    s2, a4, zero
core   0: 1 0x000000008000475a (0x4007093b) x18 0xffffffffffffec00
core   0: 0x000000008000475e (0x00de003b) addw    zero, t3, a3
core   0: 1 0x000000008000475e (0x00de003b)
core   0: 0x0000000080004762 (0xdb787717) auipc   a4, 0xdb787
core   0: 1 0x0000000080004762 (0xdb787717) x14 0x000000005b78b762
core   0: 0x0000000080004766 (0x019a9c33) sll     s8, s5, s9
core   0: 1 0x0000000080004766 (0x019a9c33) x24 0xffffff162ddb0584
core   0: 0x000000008000476a (0xc0377ed3) fcvt.lu.s t4, fa4
core   0: 1 0x000000008000476a (0xc0377ed3) c1_fflags 0x0000000000000013 x29 0xffffffffffffffff
core   0: 0x000000008000476e (0x0263f7b3) remu    a5, t2, t1
core   0: 1 0x000000008000476e (0x0263f7b3) x15 0x00000000000002c2
core   0: 0x0000000080004772 (0x00102bf3) csrrs   s7, fflags, zero
core   0: 1 0x0000000080004772 (0x00102bf3) x23 0x0000000000000013
core   0: 0x0000000080004776 (0x015d1ebb) sllw    t4, s10, s5
core   0: 1 0x0000000080004776 (0x015d1ebb) x29 0x0000000000000000
core   0: 0x000000008000477a (0x007cd2bb) srlw    t0, s9, t2
core   0: 1 0x000000008000477a (0x007cd2bb) x5  0x0000000000000000
core   0: 0x000000008000477e (0xd023fa53) fcvt.s.l fs4, t2
core   0: 1 0x000000008000477e (0xd023fa53) f20 0xffffffff44308000
core   0: 0x0000000080004782 (0xd02cf053) fcvt.s.l ft0, s9
core   0: 1 0x0000000080004782 (0xd02cf053) f0  0xffffffff3f800000
core   0: 0x0000000080004786 (0x02bee4b3) rem     s1, t4, a1
core   0: 1 0x0000000080004786 (0x02bee4b3) x9  0x0000000000000000
core   0: 0x000000008000478a (0x032b593b) divuw   s2, s6, s2
core   0: 1 0x000000008000478a (0x032b593b) x18 0x0000000000000001
core   0: 0x000000008000478e (0x00ac95bb) sllw    a1, s9, a0
core   0: 1 0x000000008000478e (0x00ac95bb) x11 0x0000000000000001
core   0: 0x0000000080004792 (0x1040f273) csrrci  tp, sie, 1
core   0: 1 0x0000000080004792 (0x1040f273) x4  0x0000000000000000 c772_mie 0x0000000000000a00
core   0: 0x0000000080004796 (0x0363f3b3) remu    t2, t2, s6
core   0: 1 0x0000000080004796 (0x0363f3b3) x7  0x00000000000002c2
core   0: 0x000000008000479a (0xf13968f3) csrrsi  a7, mimpid, 18
core   0: exception trap_illegal_instruction, epc 0x000000008000479a
core   0:           tval 0x00000000f13968f3
core   0: >>>>  $xrv64i2p1_m2p0_a2p1_f2p2_d2p2_zicsr2p0_zifencei2p0_zmmul1p0_zba1p0_zbb1p0_zbc1p0_zbs1p0
core   0: 0x0000000080004000 (0x0080006f) j       pc + 0x8
core   0: 3 0x0000000080004000 (0x0080006f)
core   0: >>>>  mmode_exception_handler
core   0: 0x0000000080004008 (0x00002c17) auipc   s8, 0x2
core   0: 3 0x0000000080004008 (0x00002c17) x24 0x0000000080006008
core   0: 0x000000008000400c (0x0f0c0c13) addi    s8, s8, 240
core   0: 3 0x000000008000400c (0x0f0c0c13) x24 0x00000000800060f8
core   0: 0x0000000080004010 (0x000c00e7) jalr    s8
core   0: 3 0x0000000080004010 (0x000c00e7) x1  0x0000000080004014
core   0: >>>>  any_handler
core   0: 0x00000000800060f8 (0x341027f3) csrrs   a5, mepc, zero
core   0: 3 0x00000000800060f8 (0x341027f3) x15 0x000000008000479a
core   0: 0x00000000800060fc (0x34202773) csrrs   a4, mcause, zero
core   0: 3 0x00000000800060fc (0x34202773) x14 0x0000000000000002
core   0: 0x0000000080006100 (0x142026f3) csrrs   a3, scause, zero
core   0: 3 0x0000000080006100 (0x142026f3) x13 0x0000000000000000
core   0: 0x0000000080006104 (0x30402673) csrrs   a2, mie, zero
core   0: 3 0x0000000080006104 (0x30402673) x12 0x0000000000000a00
core   0: 0x0000000080006108 (0x344025f3) csrrs   a1, mip, zero
core   0: 3 0x0000000080006108 (0x344025f3) x11 0x0000000000000080
core   0: 0x000000008000610c (0x343025f3) csrrs   a1, mtval, zero
core   0: 3 0x000000008000610c (0x343025f3) x11 0x00000000f13968f3
core   0: 0x0000000080006110 (0x14302573) csrrs   a0, stval, zero
core   0: 3 0x0000000080006110 (0x14302573) x10 0x0000000000000000
core   0: 0x0000000080006114 (0xb02024f3) csrrs   s1, minstret, zero
core   0: 3 0x0000000080006114 (0xb02024f3) x9  0x0000000000000a92
core   0: 0x0000000080006118 (0x0000a811) c.j     pc + 20
core   0: 3 0x0000000080006118 (0xa811)
core   0: >>>>  mepc_4
core   0: 0x000000008000612c (0x00000791) c.addi  a5, 4
core   0: 3 0x000000008000612c (0x0791) x15 0x000000008000479e
core   0: 0x000000008000612e (0x34179073) csrrw   zero, mepc, a5
core   0: 3 0x000000008000612e (0x34179073) c833_mepc 0x000000008000479e
core   0: 0x0000000080006132 (0x30200073) mret
core   0: 3 0x0000000080006132 (0x30200073) c768_mstatus 0x8000000a00106080
core   0: 0x000000008000479e (0x00c89ab3) sll     s5, a7, a2
core   0: 1 0x000000008000479e (0x00c89ab3) x21 0x0000000000000000
core   0: 0x00000000800047a2 (0xc2007dd3) fcvt.w.d s11, ft0
core   0: 1 0x00000000800047a2 (0xc2007dd3) c1_fflags 0x0000000000000013 x27 0x000000007fffffff
core   0: 0x00000000800047a6 (0x00000001) c.nop
core   0: 1 0x00000000800047a6 (0x0001)
core   0: 0x00000000800047a8 (0x5a007553) fsqrt.d fa0, ft0
core   0: 1 0x00000000800047a8 (0x5a007553) f10 0x7ff8000000000000
core   0: 0x00000000800047ac (0x00000001) c.nop
core   0: 1 0x00000000800047ac (0x0001)
core   0: 0x00000000800047ae (0x747a9af3) csrrw   s5, mseccfg, s5
core   0: exception trap_illegal_instruction, epc 0x00000000800047ae
core   0:           tval 0x00000000747a9af3
core   0: >>>>  $xrv64i2p1_m2p0_a2p1_f2p2_d2p2_zicsr2p0_zifencei2p0_zmmul1p0_zba1p0_zbb1p0_zbc1p0_zbs1p0
core   0: 0x0000000080004000 (0x0080006f) j       pc + 0x8
core   0: 3 0x0000000080004000 (0x0080006f)
core   0: >>>>  mmode_exception_handler
core   0: 0x0000000080004008 (0x00002c17) auipc   s8, 0x2
core   0: 3 0x0000000080004008 (0x00002c17) x24 0x0000000080006008
core   0: 0x000000008000400c (0x0f0c0c13) addi    s8, s8, 240
core   0: 3 0x000000008000400c (0x0f0c0c13) x24 0x00000000800060f8
core   0: 0x0000000080004010 (0x000c00e7) jalr    s8
core   0: 3 0x0000000080004010 (0x000c00e7) x1  0x0000000080004014
core   0: >>>>  any_handler
core   0: 0x00000000800060f8 (0x341027f3) csrrs   a5, mepc, zero
core   0: 3 0x00000000800060f8 (0x341027f3) x15 0x00000000800047ae
core   0: 0x00000000800060fc (0x34202773) csrrs   a4, mcause, zero
core   0: 3 0x00000000800060fc (0x34202773) x14 0x0000000000000002
core   0: 0x0000000080006100 (0x142026f3) csrrs   a3, scause, zero
core   0: 3 0x0000000080006100 (0x142026f3) x13 0x0000000000000000
core   0: 0x0000000080006104 (0x30402673) csrrs   a2, mie, zero
core   0: 3 0x0000000080006104 (0x30402673) x12 0x0000000000000a00
core   0: 0x0000000080006108 (0x344025f3) csrrs   a1, mip, zero
core   0: 3 0x0000000080006108 (0x344025f3) x11 0x0000000000000080
core   0: 0x000000008000610c (0x343025f3) csrrs   a1, mtval, zero
core   0: 3 0x000000008000610c (0x343025f3) x11 0x00000000747a9af3
core   0: 0x0000000080006110 (0x14302573) csrrs   a0, stval, zero
core   0: 3 0x0000000080006110 (0x14302573) x10 0x0000000000000000
core   0: 0x0000000080006114 (0xb02024f3) csrrs   s1, minstret, zero
core   0: 3 0x0000000080006114 (0xb02024f3) x9  0x0000000000000aa7
core   0: 0x0000000080006118 (0x0000a811) c.j     pc + 20
core   0: 3 0x0000000080006118 (0xa811)
core   0: >>>>  mepc_4
core   0: 0x000000008000612c (0x00000791) c.addi  a5, 4
core   0: 3 0x000000008000612c (0x0791) x15 0x00000000800047b2
core   0: 0x000000008000612e (0x34179073) csrrw   zero, mepc, a5
core   0: 3 0x000000008000612e (0x34179073) c833_mepc 0x00000000800047b2
core   0: 0x0000000080006132 (0x30200073) mret
core   0: 3 0x0000000080006132 (0x30200073) c768_mstatus 0x8000000a00106080
core   0: 0x00000000800047b2 (0xeb465837) lui     a6, 0xeb465
core   0: 1 0x00000000800047b2 (0xeb465837) x16 0xffffffffeb465000
core   0: 0x00000000800047b6 (0xdd6a8193) addi    gp, s5, -554
core   0: 1 0x00000000800047b6 (0xdd6a8193) x3  0xfffffffffffffdd6
core   0: 0x00000000800047ba (0x1f1d7d13) andi    s10, s10, 497
core   0: 1 0x00000000800047ba (0x1f1d7d13) x26 0x0000000000000000
core   0: 0x00000000800047be (0x6893ea37) lui     s4, 0x6893e
core   0: 1 0x00000000800047be (0x6893ea37) x20 0x000000006893e000
core   0: 0x00000000800047c2 (0xc21f71d3) fcvt.wu.d gp, ft10
core   0: 1 0x00000000800047c2 (0xc21f71d3) c1_fflags 0x0000000000000013 x3  0xffffffffffffffff
core   0: 0x00000000800047c6 (0x0ff0000f) fence   iorw,iorw
core   0: 1 0x00000000800047c6 (0x0ff0000f)
core   0: 0x00000000800047ca (0x0030a0b3) slt     ra, ra, gp
core   0: 1 0x00000000800047ca (0x0030a0b3) x1  0x0000000000000000
core   0: 0x00000000800047ce (0x02586cbb) remw    s9, a6, t0
core   0: 1 0x00000000800047ce (0x02586cbb) x25 0xffffffffeb465000
core   0: 0x00000000800047d2 (0xbad6fc4f) fnmadd.d fs8, fa3, fa3, fs7
core   0: 1 0x00000000800047d2 (0xbad6fc4f) f24 0x7ff8000000000000
core   0: 0x00000000800047d6 (0x2a200153) fmin.d  ft2, ft0, ft2
core   0: 1 0x00000000800047d6 (0x2a200153) f2  0x41e0000802800000
core   0: 0x00000000800047da (0x1af0f7d3) fdiv.d  fa5, ft1, fa5
core   0: 1 0x00000000800047da (0x1af0f7d3) f15 0x7ff8000000000000
core   0: 0x00000000800047de (0x039c7c3b) remuw   s8, s8, s9
core   0: 1 0x00000000800047de (0x039c7c3b) x24 0xffffffff800060f8
core   0: 0x00000000800047e2 (0x22212653) fsgnjx.d fa2, ft2, ft2
core   0: 1 0x00000000800047e2 (0x22212653) f12 0x41e0000802800000
core   0: 0x00000000800047e6 (0x222284d3) fsgnj.d fs1, ft5, ft2
core   0: 1 0x00000000800047e6 (0x222284d3) f9  0x0000000000000000
core   0: 0x00000000800047ea (0x141e5a73) csrrwi  s4, sepc, 28
core   0: 1 0x00000000800047ea (0x141e5a73) x20 0x0000000000000006 c321_sepc 0x000000000000001c
core   0: 0x00000000800047ee (0xc200f453) fcvt.w.d s0, ft1
core   0: 1 0x00000000800047ee (0xc200f453) x8  0x0000000000000000
core   0: 0x00000000800047f2 (0xfa444e13) xori    t3, s0, -92
core   0: 1 0x00000000800047f2 (0xfa444e13) x28 0xffffffffffffffa4
core   0: 0x00000000800047f6 (0x002021f3) csrrs   gp, frm, zero
core   0: 1 0x00000000800047f6 (0x002021f3) x3  0x0000000000000000
core   0: 0x00000000800047fa (0x0261fab3) remu    s5, gp, t1
core   0: 1 0x00000000800047fa (0x0261fab3) x21 0x0000000000000000
core   0: 0x00000000800047fe (0x72e675c7) fmsub.d fa1, fa2, fa4, fa4
core   0: 1 0x00000000800047fe (0x72e675c7) f11 0x000005000280be00
core   0: 0x0000000080004802 (0x32053bf3) csrrc   s7, mcountinhibit, a0
core   0: exception trap_illegal_instruction, epc 0x0000000080004802
core   0:           tval 0x0000000032053bf3
core   0: >>>>  $xrv64i2p1_m2p0_a2p1_f2p2_d2p2_zicsr2p0_zifencei2p0_zmmul1p0_zba1p0_zbb1p0_zbc1p0_zbs1p0
core   0: 0x0000000080004000 (0x0080006f) j       pc + 0x8
core   0: 3 0x0000000080004000 (0x0080006f)
core   0: >>>>  mmode_exception_handler
core   0: 0x0000000080004008 (0x00002c17) auipc   s8, 0x2
core   0: 3 0x0000000080004008 (0x00002c17) x24 0x0000000080006008
core   0: 0x000000008000400c (0x0f0c0c13) addi    s8, s8, 240
core   0: 3 0x000000008000400c (0x0f0c0c13) x24 0x00000000800060f8
core   0: 0x0000000080004010 (0x000c00e7) jalr    s8
core   0: 3 0x0000000080004010 (0x000c00e7) x1  0x0000000080004014
core   0: >>>>  any_handler
core   0: 0x00000000800060f8 (0x341027f3) csrrs   a5, mepc, zero
core   0: 3 0x00000000800060f8 (0x341027f3) x15 0x0000000080004802
core   0: 0x00000000800060fc (0x34202773) csrrs   a4, mcause, zero
core   0: 3 0x00000000800060fc (0x34202773) x14 0x0000000000000002
core   0: 0x0000000080006100 (0x142026f3) csrrs   a3, scause, zero
core   0: 3 0x0000000080006100 (0x142026f3) x13 0x0000000000000000
core   0: 0x0000000080006104 (0x30402673) csrrs   a2, mie, zero
core   0: 3 0x0000000080006104 (0x30402673) x12 0x0000000000000a00
core   0: 0x0000000080006108 (0x344025f3) csrrs   a1, mip, zero
core   0: 3 0x0000000080006108 (0x344025f3) x11 0x0000000000000080
core   0: 0x000000008000610c (0x343025f3) csrrs   a1, mtval, zero
core   0: 3 0x000000008000610c (0x343025f3) x11 0x0000000032053bf3
core   0: 0x0000000080006110 (0x14302573) csrrs   a0, stval, zero
core   0: 3 0x0000000080006110 (0x14302573) x10 0x0000000000000000
core   0: 0x0000000080006114 (0xb02024f3) csrrs   s1, minstret, zero
core   0: 3 0x0000000080006114 (0xb02024f3) x9  0x0000000000000acb
core   0: 0x0000000080006118 (0x0000a811) c.j     pc + 20
core   0: 3 0x0000000080006118 (0xa811)
core   0: >>>>  mepc_4
core   0: 0x000000008000612c (0x00000791) c.addi  a5, 4
core   0: 3 0x000000008000612c (0x0791) x15 0x0000000080004806
core   0: 0x000000008000612e (0x34179073) csrrw   zero, mepc, a5
core   0: 3 0x000000008000612e (0x34179073) c833_mepc 0x0000000080004806
core   0: 0x0000000080006132 (0x30200073) mret
core   0: 3 0x0000000080006132 (0x30200073) c768_mstatus 0x8000000a00106080
core   0: 0x0000000080004806 (0x00cbd4bb) srlw    s1, s7, a2
core   0: 1 0x0000000080004806 (0x00cbd4bb) x9  0x0000000000000013
core   0: 0x000000008000480a (0x410bdb3b) sraw    s6, s7, a6
core   0: 1 0x000000008000480a (0x410bdb3b) x22 0x0000000000000013
core   0: 0x000000008000480e (0xc00fd173) csrrwi  sp, cycle, 31
core   0: exception trap_illegal_instruction, epc 0x000000008000480e
core   0:           tval 0x00000000c00fd173
core   0: >>>>  $xrv64i2p1_m2p0_a2p1_f2p2_d2p2_zicsr2p0_zifencei2p0_zmmul1p0_zba1p0_zbb1p0_zbc1p0_zbs1p0
core   0: 0x0000000080004000 (0x0080006f) j       pc + 0x8
core   0: 3 0x0000000080004000 (0x0080006f)
core   0: >>>>  mmode_exception_handler
core   0: 0x0000000080004008 (0x00002c17) auipc   s8, 0x2
core   0: 3 0x0000000080004008 (0x00002c17) x24 0x0000000080006008
core   0: 0x000000008000400c (0x0f0c0c13) addi    s8, s8, 240
core   0: 3 0x000000008000400c (0x0f0c0c13) x24 0x00000000800060f8
core   0: 0x0000000080004010 (0x000c00e7) jalr    s8
core   0: 3 0x0000000080004010 (0x000c00e7) x1  0x0000000080004014
core   0: >>>>  any_handler
core   0: 0x00000000800060f8 (0x341027f3) csrrs   a5, mepc, zero
core   0: 3 0x00000000800060f8 (0x341027f3) x15 0x000000008000480e
core   0: 0x00000000800060fc (0x34202773) csrrs   a4, mcause, zero
core   0: 3 0x00000000800060fc (0x34202773) x14 0x0000000000000002
core   0: 0x0000000080006100 (0x142026f3) csrrs   a3, scause, zero
core   0: 3 0x0000000080006100 (0x142026f3) x13 0x0000000000000000
core   0: 0x0000000080006104 (0x30402673) csrrs   a2, mie, zero
core   0: 3 0x0000000080006104 (0x30402673) x12 0x0000000000000a00
core   0: 0x0000000080006108 (0x344025f3) csrrs   a1, mip, zero
core   0: 3 0x0000000080006108 (0x344025f3) x11 0x0000000000000080
core   0: 0x000000008000610c (0x343025f3) csrrs   a1, mtval, zero
core   0: 3 0x000000008000610c (0x343025f3) x11 0x00000000c00fd173
core   0: 0x0000000080006110 (0x14302573) csrrs   a0, stval, zero
core   0: 3 0x0000000080006110 (0x14302573) x10 0x0000000000000000
core   0: 0x0000000080006114 (0xb02024f3) csrrs   s1, minstret, zero
core   0: 3 0x0000000080006114 (0xb02024f3) x9  0x0000000000000add
core   0: 0x0000000080006118 (0x0000a811) c.j     pc + 20
core   0: 3 0x0000000080006118 (0xa811)
core   0: >>>>  mepc_4
core   0: 0x000000008000612c (0x00000791) c.addi  a5, 4
core   0: 3 0x000000008000612c (0x0791) x15 0x0000000080004812
core   0: 0x000000008000612e (0x34179073) csrrw   zero, mepc, a5
core   0: 3 0x000000008000612e (0x34179073) c833_mepc 0x0000000080004812
core   0: 0x0000000080006132 (0x30200073) mret
core   0: 3 0x0000000080006132 (0x30200073) c768_mstatus 0x8000000a00106080
core   0: 0x0000000080004812 (0x001e98f3) csrrw   a7, fflags, t4
core   0: 1 0x0000000080004812 (0x001e98f3) x17 0x0000000000000013 c1_fflags 0x0000000000000000
core   0: 0x0000000080004816 (0x4ac77f4b) fnmsub.d ft10, fa4, fa2, fs1
core   0: 1 0x0000000080004816 (0x4ac77f4b) f30 0x800005000280c800
core   0: 0x000000008000481a (0xc02f7553) fcvt.l.s a0, ft10
core   0: 1 0x000000008000481a (0xc02f7553) c1_fflags 0x0000000000000010 x10 0x7fffffffffffffff
core   0: 0x000000008000481e (0x3213734b) fnmsub.d ft6, ft6, ft1, ft6
core   0: 1 0x000000008000481e (0x3213734b) f6  0x0000000000000000
core   0: 0x0000000080004822 (0x4b44f8cf) fnmadd.d fa7, fs1, fs4, fs1
core   0: 1 0x0000000080004822 (0x4b44f8cf) f17 0x7ff8000000000000
core   0: 0x0000000080004826 (0xd228fdd3) fcvt.d.l fs11, a7
core   0: 1 0x0000000080004826 (0xd228fdd3) f27 0x4033000000000000
core   0: 0x000000008000482a (0x4206d213) srai    tp, a3, 32
core   0: 1 0x000000008000482a (0x4206d213) x4  0x0000000000000000
core   0: 0x000000008000482e (0x03824033) div     zero, tp, s8
core   0: 1 0x000000008000482e (0x03824033)
core   0: 0x0000000080004832 (0x5a067553) fsqrt.d fa0, fa2
core   0: 1 0x0000000080004832 (0x5a067553) c1_fflags 0x0000000000000011 f10 0x40e6a0a4106aac56
core   0: 0x0000000080004836 (0x53f571cb) fnmsub.d ft3, fa0, ft11, fa0
core   0: 1 0x0000000080004836 (0x53f571cb) f3  0x40e6a0a4106aac56
core   0: 0x000000008000483a (0x0198e8b3) or      a7, a7, s9
core   0: 1 0x000000008000483a (0x0198e8b3) x17 0xffffffffeb465013
core   0: 0x000000008000483e (0x02aefebb) remuw   t4, t4, a0
core   0: 1 0x000000008000483e (0x02aefebb) x29 0x0000000000000000
core   0: 0x0000000080004842 (0x413e5d33) sra     s10, t3, s3
core   0: 1 0x0000000080004842 (0x413e5d33) x26 0xffffffffffffffff
core   0: 0x0000000080004846 (0x0153d833) srl     a6, t2, s5
core   0: 1 0x0000000080004846 (0x0153d833) x16 0x00000000000002c2
core   0: 0x000000008000484a (0xc2157a53) fcvt.wu.d s4, fa0
core   0: 1 0x000000008000484a (0xc2157a53) c1_fflags 0x0000000000000011 x20 0x000000000000b505
core   0: 0x000000008000484e (0x000a3313) sltiu   t1, s4, 0
core   0: 1 0x000000008000484e (0x000a3313) x6  0x0000000000000000
core   0: 0x0000000080004852 (0xc23a7a53) fcvt.lu.d s4, fs4
core   0: 1 0x0000000080004852 (0xc23a7a53) c1_fflags 0x0000000000000011 x20 0xffffffffffffffff
core   0: 0x0000000080004856 (0x0034541b) srliw   s0, s0, 3
core   0: 1 0x0000000080004856 (0x0034541b) x8  0x0000000000000000
core   0: 0x000000008000485a (0x00000001) c.nop
core   0: 1 0x000000008000485a (0x0001)
core   0: 0x000000008000485c (0xc2297653) fcvt.l.d a2, fs2
core   0: 1 0x000000008000485c (0xc2297653) c1_fflags 0x0000000000000011 x12 0x7fffffffffffffff
core   0: 0x0000000080004860 (0x002023f3) csrrs   t2, frm, zero
core   0: 1 0x0000000080004860 (0x002023f3) x7  0x0000000000000000
core   0: 0x0000000080004864 (0xd033f553) fcvt.s.lu fa0, t2
core   0: 1 0x0000000080004864 (0xd033f553) f10 0xffffffff00000000
core   0: 0x0000000080004868 (0x00bc60b3) or      ra, s8, a1
core   0: 1 0x0000000080004868 (0x00bc60b3) x1  0x00000000c00ff1fb
core   0: 0x000000008000486c (0xc22b7153) fcvt.l.d sp, fs6
core   0: 1 0x000000008000486c (0xc22b7153) c1_fflags 0x0000000000000011 x2  0x7fffffffffffffff
core   0: 0x0000000080004870 (0x4009dd13) srai    s10, s3, 0
core   0: 1 0x0000000080004870 (0x4009dd13) x26 0xffffffffddabbdcc
core   0: 0x0000000080004874 (0x01ad1b9b) slliw   s7, s10, 26
core   0: 1 0x0000000080004874 (0x01ad1b9b) x23 0x0000000030000000
core   0: 0x0000000080004878 (0x011baab3) slt     s5, s7, a7
core   0: 1 0x0000000080004878 (0x011baab3) x21 0x0000000000000000
core   0: 0x000000008000487c (0x00000001) c.nop
core   0: 1 0x000000008000487c (0x0001)
core   0: 0x000000008000487e (0x41fbde9b) sraiw   t4, s7, 31
core   0: 1 0x000000008000487e (0x41fbde9b) x29 0x0000000000000000
core   0: 0x0000000080004882 (0x4096db3b) sraw    s6, a3, s1
core   0: 1 0x0000000080004882 (0x4096db3b) x22 0x0000000000000000
core   0: 0x0000000080004886 (0xc0257953) fcvt.l.s s2, fa0
core   0: 1 0x0000000080004886 (0xc0257953) x18 0x0000000000000000
core   0: 0x000000008000488a (0x00d3c4b7) lui     s1, 0xd3c
core   0: 1 0x000000008000488a (0x00d3c4b7) x9  0x0000000000d3c000
core   0: 0x000000008000488e (0xa7b4849b) addiw   s1, s1, -1413
core   0: 1 0x000000008000488e (0xa7b4849b) x9  0x0000000000d3ba7b
core   0: 0x0000000080004892 (0x000004ba) c.slli  s1, 14
core   0: 1 0x0000000080004892 (0x04ba) x9  0x00000034ee9ec000
core   0: 0x0000000080004894 (0x5a848493) addi    s1, s1, 1448
core   0: 1 0x0000000080004894 (0x5a848493) x9  0x00000034ee9ec5a8
core   0: 0x0000000080004898 (0x43ce5e13) srai    t3, t3, 60
core   0: 1 0x0000000080004898 (0x43ce5e13) x28 0xffffffffffffffff
core   0: 0x000000008000489c (0x8d16c513) xori    a0, a3, -1839
core   0: 1 0x000000008000489c (0x8d16c513) x10 0xfffffffffffff8d1
core   0: 0x00000000800048a0 (0x033b4b3b) divw    s6, s6, s3
core   0: 1 0x00000000800048a0 (0x033b4b3b) x22 0x0000000000000000
core   0: 0x00000000800048a4 (0xc05461f3) csrrsi  gp, hpmcounter5, 8
core   0: exception trap_illegal_instruction, epc 0x00000000800048a4
core   0:           tval 0x00000000c05461f3
core   0: >>>>  $xrv64i2p1_m2p0_a2p1_f2p2_d2p2_zicsr2p0_zifencei2p0_zmmul1p0_zba1p0_zbb1p0_zbc1p0_zbs1p0
core   0: 0x0000000080004000 (0x0080006f) j       pc + 0x8
core   0: 3 0x0000000080004000 (0x0080006f)
core   0: >>>>  mmode_exception_handler
core   0: 0x0000000080004008 (0x00002c17) auipc   s8, 0x2
core   0: 3 0x0000000080004008 (0x00002c17) x24 0x0000000080006008
core   0: 0x000000008000400c (0x0f0c0c13) addi    s8, s8, 240
core   0: 3 0x000000008000400c (0x0f0c0c13) x24 0x00000000800060f8
core   0: 0x0000000080004010 (0x000c00e7) jalr    s8
core   0: 3 0x0000000080004010 (0x000c00e7) x1  0x0000000080004014
core   0: >>>>  any_handler
core   0: 0x00000000800060f8 (0x341027f3) csrrs   a5, mepc, zero
core   0: 3 0x00000000800060f8 (0x341027f3) x15 0x00000000800048a4
core   0: 0x00000000800060fc (0x34202773) csrrs   a4, mcause, zero
core   0: 3 0x00000000800060fc (0x34202773) x14 0x0000000000000002
core   0: 0x0000000080006100 (0x142026f3) csrrs   a3, scause, zero
core   0: 3 0x0000000080006100 (0x142026f3) x13 0x0000000000000000
core   0: 0x0000000080006104 (0x30402673) csrrs   a2, mie, zero
core   0: 3 0x0000000080006104 (0x30402673) x12 0x0000000000000a00
core   0: 0x0000000080006108 (0x344025f3) csrrs   a1, mip, zero
core   0: 3 0x0000000080006108 (0x344025f3) x11 0x0000000000000080
core   0: 0x000000008000610c (0x343025f3) csrrs   a1, mtval, zero
core   0: 3 0x000000008000610c (0x343025f3) x11 0x00000000c05461f3
core   0: 0x0000000080006110 (0x14302573) csrrs   a0, stval, zero
core   0: 3 0x0000000080006110 (0x14302573) x10 0x0000000000000000
core   0: 0x0000000080006114 (0xb02024f3) csrrs   s1, minstret, zero
core   0: 3 0x0000000080006114 (0xb02024f3) x9  0x0000000000000b13
core   0: 0x0000000080006118 (0x0000a811) c.j     pc + 20
core   0: 3 0x0000000080006118 (0xa811)
core   0: >>>>  mepc_4
core   0: 0x000000008000612c (0x00000791) c.addi  a5, 4
core   0: 3 0x000000008000612c (0x0791) x15 0x00000000800048a8
core   0: 0x000000008000612e (0x34179073) csrrw   zero, mepc, a5
core   0: 3 0x000000008000612e (0x34179073) c833_mepc 0x00000000800048a8
core   0: 0x0000000080006132 (0x30200073) mret
core   0: 3 0x0000000080006132 (0x30200073) c768_mstatus 0x8000000a00106080
core   0: 0x00000000800048a8 (0x03d47ed3) fadd.d  ft9, fs0, ft9
core   0: 1 0x00000000800048a8 (0x03d47ed3) f29 0x7ff8000000000000
core   0: 0x00000000800048ac (0x01bb6db3) or      s11, s6, s11
core   0: 1 0x00000000800048ac (0x01bb6db3) x27 0x000000007fffffff
core   0: 0x00000000800048b0 (0x02edaab3) mulhsu  s5, s11, a4
core   0: 1 0x00000000800048b0 (0x02edaab3) x21 0x0000000000000000
core   0: 0x00000000800048b4 (0xa28e83d3) fle.d   t2, ft9, fs0
core   0: 1 0x00000000800048b4 (0xa28e83d3) c1_fflags 0x0000000000000011 x7  0x0000000000000000
core   0: 0x00000000800048b8 (0x411a599b) sraiw   s3, s4, 17
core   0: 1 0x00000000800048b8 (0x411a599b) x19 0xffffffffffffffff
core   0: 0x00000000800048bc (0x0035dd3b) srlw    s10, a1, gp
core   0: 1 0x00000000800048bc (0x0035dd3b) x26 0xffffffffc05461f3
core   0: 0x00000000800048c0 (0x4008d313) srai    t1, a7, 0
core   0: 1 0x00000000800048c0 (0x4008d313) x6  0xffffffffeb465013
core   0: 0x00000000800048c4 (0x02a32ab3) mulhsu  s5, t1, a0
core   0: 1 0x00000000800048c4 (0x02a32ab3) x21 0x0000000000000000
core   0: 0x00000000800048c8 (0x00251df3) csrrw   s11, frm, a0
core   0: 1 0x00000000800048c8 (0x00251df3) x27 0x0000000000000000 c2_frm 0x0000000000000000
core   0: 0x00000000800048cc (0x2328f247) fmsub.d ft4, fa7, fs2, ft4
core   0: 1 0x00000000800048cc (0x2328f247) f4  0x7ff8000000000000
core   0: 0x00000000800048d0 (0x40b2083b) subw    a6, tp, a1
core   0: 1 0x00000000800048d0 (0x40b2083b) x16 0x000000003fab9e0d
core   0: 0x00000000800048d4 (0x138c7dd3) fmul.d  fs11, fs8, fs8
core   0: 1 0x00000000800048d4 (0x138c7dd3) f27 0x7ff8000000000000
core   0: 0x00000000800048d8 (0xd237f653) fcvt.d.lu fa2, a5
core   0: 1 0x00000000800048d8 (0xd237f653) f12 0x41e0000915000000
core   0: 0x00000000800048dc (0x0015d09b) srliw   ra, a1, 1
core   0: 1 0x00000000800048dc (0x0015d09b) x1  0x00000000602a30f9
core   0: 0x00000000800048e0 (0x5a0ff253) fsqrt.d ft4, ft11
core   0: 1 0x00000000800048e0 (0x5a0ff253) f4  0x0000000000000000
core   0: 0x00000000800048e4 (0xc0297a53) fcvt.l.s s4, fs2
core   0: 1 0x00000000800048e4 (0xc0297a53) x20 0x0000000000000002
core   0: 0x00000000800048e8 (0x00202bf3) csrrs   s7, frm, zero
core   0: 1 0x00000000800048e8 (0x00202bf3) x23 0x0000000000000000
core   0: 0x00000000800048ec (0x017cde3b) srlw    t3, s9, s7
core   0: 1 0x00000000800048ec (0x017cde3b) x28 0xffffffffeb465000
core   0: 0x00000000800048f0 (0x413cd13b) sraw    sp, s9, s3
core   0: 1 0x00000000800048f0 (0x413cd13b) x2  0xffffffffffffffff
core   0: 0x00000000800048f4 (0x0ff0000f) fence   iorw,iorw
core   0: 1 0x00000000800048f4 (0x0ff0000f)
core   0: 0x00000000800048f8 (0x018708b3) add     a7, a4, s8
core   0: 1 0x00000000800048f8 (0x018708b3) x17 0x00000000800060fa
core   0: 0x00000000800048fc (0xc02ff3d3) fcvt.l.s t2, ft11
core   0: 1 0x00000000800048fc (0xc02ff3d3) c1_fflags 0x0000000000000011 x7  0x7fffffffffffffff
core   0: 0x0000000080004900 (0xb8281e73) csrrw   t3, minstreth, a6
core   0: exception trap_illegal_instruction, epc 0x0000000080004900
core   0:           tval 0x00000000b8281e73
core   0: >>>>  $xrv64i2p1_m2p0_a2p1_f2p2_d2p2_zicsr2p0_zifencei2p0_zmmul1p0_zba1p0_zbb1p0_zbc1p0_zbs1p0
core   0: 0x0000000080004000 (0x0080006f) j       pc + 0x8
core   0: 3 0x0000000080004000 (0x0080006f)
core   0: >>>>  mmode_exception_handler
core   0: 0x0000000080004008 (0x00002c17) auipc   s8, 0x2
core   0: 3 0x0000000080004008 (0x00002c17) x24 0x0000000080006008
core   0: 0x000000008000400c (0x0f0c0c13) addi    s8, s8, 240
core   0: 3 0x000000008000400c (0x0f0c0c13) x24 0x00000000800060f8
core   0: 0x0000000080004010 (0x000c00e7) jalr    s8
core   0: 3 0x0000000080004010 (0x000c00e7) x1  0x0000000080004014
core   0: >>>>  any_handler
core   0: 0x00000000800060f8 (0x341027f3) csrrs   a5, mepc, zero
core   0: 3 0x00000000800060f8 (0x341027f3) x15 0x0000000080004900
core   0: 0x00000000800060fc (0x34202773) csrrs   a4, mcause, zero
core   0: 3 0x00000000800060fc (0x34202773) x14 0x0000000000000002
core   0: 0x0000000080006100 (0x142026f3) csrrs   a3, scause, zero
core   0: 3 0x0000000080006100 (0x142026f3) x13 0x0000000000000000
core   0: 0x0000000080006104 (0x30402673) csrrs   a2, mie, zero
core   0: 3 0x0000000080006104 (0x30402673) x12 0x0000000000000a00
core   0: 0x0000000080006108 (0x344025f3) csrrs   a1, mip, zero
core   0: 3 0x0000000080006108 (0x344025f3) x11 0x0000000000000080
core   0: 0x000000008000610c (0x343025f3) csrrs   a1, mtval, zero
core   0: 3 0x000000008000610c (0x343025f3) x11 0x00000000b8281e73
core   0: 0x0000000080006110 (0x14302573) csrrs   a0, stval, zero
core   0: 3 0x0000000080006110 (0x14302573) x10 0x0000000000000000
core   0: 0x0000000080006114 (0xb02024f3) csrrs   s1, minstret, zero
core   0: 3 0x0000000080006114 (0xb02024f3) x9  0x0000000000000b39
core   0: 0x0000000080006118 (0x0000a811) c.j     pc + 20
core   0: 3 0x0000000080006118 (0xa811)
core   0: >>>>  mepc_4
core   0: 0x000000008000612c (0x00000791) c.addi  a5, 4
core   0: 3 0x000000008000612c (0x0791) x15 0x0000000080004904
core   0: 0x000000008000612e (0x34179073) csrrw   zero, mepc, a5
core   0: 3 0x000000008000612e (0x34179073) c833_mepc 0x0000000080004904
core   0: 0x0000000080006132 (0x30200073) mret
core   0: 3 0x0000000080006132 (0x30200073) c768_mstatus 0x8000000a00106080
core   0: 0x0000000080004904 (0x3feb4a93) xori    s5, s6, 1022
core   0: 1 0x0000000080004904 (0x3feb4a93) x21 0x00000000000003fe
core   0: 0x0000000080004908 (0x01c99eb3) sll     t4, s3, t3
core   0: 1 0x0000000080004908 (0x01c99eb3) x29 0xffffffffffffffff
core   0: 0x000000008000490c (0x41cb03bb) subw    t2, s6, t3
core   0: 1 0x000000008000490c (0x41cb03bb) x7  0x0000000014b9b000
core   0: 0x0000000080004910 (0x002b1df3) csrrw   s11, frm, s6
core   0: 1 0x0000000080004910 (0x002b1df3) x27 0x0000000000000000 c2_frm 0x0000000000000000
core   0: 0x0000000080004914 (0x0404b3b7) lui     t2, 0x404b
core   0: 1 0x0000000080004914 (0x0404b3b7) x7  0x000000000404b000
core   0: 0x0000000080004918 (0x0833839b) addiw   t2, t2, 131
core   0: 1 0x0000000080004918 (0x0833839b) x7  0x000000000404b083
core   0: 0x000000008000491c (0x000003b2) c.slli  t2, 12
core   0: 1 0x000000008000491c (0x03b2) x7  0x000000404b083000
core   0: 0x000000008000491e (0x72238393) addi    t2, t2, 1826
core   0: 1 0x000000008000491e (0x72238393) x7  0x000000404b083722
core   0: 0x0000000080004922 (0x69572517) auipc   a0, 0x69572
core   0: 1 0x0000000080004922 (0x69572517) x10 0x00000000e9576922
core   0: 0x0000000080004926 (0x01657733) and     a4, a0, s6
core   0: 1 0x0000000080004926 (0x01657733) x14 0x0000000000000000
core   0: 0x000000008000492a (0xf2f3b393) sltiu   t2, t2, -209
core   0: 1 0x000000008000492a (0xf2f3b393) x7  0x0000000000000001
core   0: 0x000000008000492e (0x00015d13) srli    s10, sp, 0
core   0: 1 0x000000008000492e (0x00015d13) x26 0xffffffffffffffff
core   0: 0x0000000080004932 (0x03a162b3) rem     t0, sp, s10
core   0: 1 0x0000000080004932 (0x03a162b3) x5  0x0000000000000000
core   0: 0x0000000080004936 (0xc02ff353) fcvt.l.s t1, ft11
core   0: 1 0x0000000080004936 (0xc02ff353) c1_fflags 0x0000000000000011 x6  0x7fffffffffffffff
core   0: 0x000000008000493a (0x01d19dbb) sllw    s11, gp, t4
core   0: 1 0x000000008000493a (0x01d19dbb) x27 0x0000000000000000
core   0: 0x000000008000493e (0x12e77653) fmul.d  fa2, fa4, fa4
core   0: 1 0x000000008000493e (0x12e77653) c1_fflags 0x0000000000000013 f12 0x0000000000000000
core   0: 0x0000000080004942 (0xd03efd53) fcvt.s.lu fs10, t4
core   0: 1 0x0000000080004942 (0xd03efd53) c1_fflags 0x0000000000000013 f26 0xffffffff5f800000
core   0: 0x0000000080004946 (0x03ba7433) remu    s0, s4, s11
core   0: 1 0x0000000080004946 (0x03ba7433) x8  0x0000000000000002
core   0: 0x000000008000494a (0x40b985bb) subw    a1, s3, a1
core   0: 1 0x000000008000494a (0x40b985bb) x11 0x0000000047d7e18c
core   0: 0x000000008000494e (0x00a5ac33) slt     s8, a1, a0
core   0: 1 0x000000008000494e (0x00a5ac33) x24 0x0000000000000001
core   0: 0x0000000080004952 (0x0ff0000f) fence   iorw,iorw
core   0: 1 0x0000000080004952 (0x0ff0000f)
core   0: 0x0000000080004956 (0x010e08bb) addw    a7, t3, a6
core   0: 1 0x0000000080004956 (0x010e08bb) x17 0x000000002af1ee0d
core   0: 0x000000008000495a (0x401cdc9b) sraiw   s9, s9, 1
core   0: 1 0x000000008000495a (0x401cdc9b) x25 0xfffffffff5a32800
core   0: 0x000000008000495e (0x41735333) sra     t1, t1, s7
core   0: 1 0x000000008000495e (0x41735333) x6  0x7fffffffffffffff
core   0: 0x0000000080004962 (0xb38d7a47) fmsub.d fs4, fs10, fs8, fs6
core   0: 1 0x0000000080004962 (0xb38d7a47) f20 0x7ff8000000000000
core   0: 0x0000000080004966 (0x141bdbf3) csrrwi  s7, sepc, 23
core   0: 1 0x0000000080004966 (0x141bdbf3) x23 0x000000000000001c c321_sepc 0x0000000000000016
core   0: 0x000000008000496a (0x363ee917) auipc   s2, 0x363ee
core   0: 1 0x000000008000496a (0x363ee917) x18 0x00000000b63f296a
core   0: 0x000000008000496e (0x22000053) fsgnj.d ft0, ft0, ft0
core   0: 1 0x000000008000496e (0x22000053) f0  0xffffffff3f800000
core   0: 0x0000000080004972 (0x7ff88893) addi    a7, a7, 2047
core   0: 1 0x0000000080004972 (0x7ff88893) x17 0x000000002af1f60c
core   0: 0x0000000080004976 (0x034a70bb) remuw   ra, s4, s4
core   0: 1 0x0000000080004976 (0x034a70bb) x1  0x0000000000000000
core   0: 0x000000008000497a (0x0ff0000f) fence   iorw,iorw
core   0: 1 0x000000008000497a (0x0ff0000f)
core   0: 0x000000008000497e (0x00003e7d) c.addiw t3, -1
core   0: 1 0x000000008000497e (0x3e7d) x28 0xffffffffeb464fff
core   0: 0x0000000080004980 (0x000c969b) slliw   a3, s9, 0
core   0: 1 0x0000000080004980 (0x000c969b) x13 0xfffffffff5a32800
core   0: 0x0000000080004984 (0x8003fc93) andi    s9, t2, -2048
core   0: 1 0x0000000080004984 (0x8003fc93) x25 0x0000000000000000
core   0: 0x0000000080004988 (0x73a37647) fmsub.d fa2, ft6, fs10, fa4
core   0: 1 0x0000000080004988 (0x73a37647) f12 0x7ff8000000000000
core   0: 0x000000008000498c (0x03045dbb) divuw   s11, s0, a6
core   0: 1 0x000000008000498c (0x03045dbb) x27 0x0000000000000000
core   0: 0x0000000080004990 (0xc2277553) fcvt.l.d a0, fa4
core   0: 1 0x0000000080004990 (0xc2277553) c1_fflags 0x0000000000000013 x10 0x0000000000000000
core   0: 0x0000000080004994 (0xd02d7653) fcvt.s.l fa2, s10
core   0: 1 0x0000000080004994 (0xd02d7653) f12 0xffffffffbf800000
core   0: 0x0000000080004998 (0x038c7a3b) remuw   s4, s8, s8
core   0: 1 0x0000000080004998 (0x038c7a3b) x20 0x0000000000000000
core   0: 0x000000008000499c (0x404cd63b) sraw    a2, s9, tp
core   0: 1 0x000000008000499c (0x404cd63b) x12 0x0000000000000000
core   0: 0x00000000800049a0 (0x00229473) csrrw   s0, frm, t0
core   0: 1 0x00000000800049a0 (0x00229473) x8  0x0000000000000000 c2_frm 0x0000000000000000
core   0: 0x00000000800049a4 (0x00000001) c.nop
core   0: 1 0x00000000800049a4 (0x0001)
core   0: 0x00000000800049a6 (0xfff96d93) ori     s11, s2, -1
core   0: 1 0x00000000800049a6 (0xfff96d93) x27 0xffffffffffffffff
core   0: 0x00000000800049aa (0x40187ad3) fcvt.s.d fs5, fa6
core   0: 1 0x00000000800049aa (0x40187ad3) f21 0xffffffff7fc00000
core   0: 0x00000000800049ae (0xd23a73d3) fcvt.d.lu ft7, s4
core   0: 1 0x00000000800049ae (0xd23a73d3) f7  0x0000000000000000
core   0: 0x00000000800049b2 (0x41aa0633) sub     a2, s4, s10
core   0: 1 0x00000000800049b2 (0x41aa0633) x12 0x0000000000000001
core   0: 0x00000000800049b6 (0xd0367853) fcvt.s.lu fa6, a2
core   0: 1 0x00000000800049b6 (0xd0367853) f16 0xffffffff3f800000
core   0: 0x00000000800049ba (0xfbc57e43) fmadd.d ft8, fa0, ft8, ft11
core   0: 1 0x00000000800049ba (0xfbc57e43) f28 0x7ff8000000000000
core   0: 0x00000000800049be (0x1aa571d3) fdiv.d  ft3, fa0, fa0
core   0: 1 0x00000000800049be (0x1aa571d3) f3  0x7ff8000000000000
core   0: 0x00000000800049c2 (0x41ad0d33) sub     s10, s10, s10
core   0: 1 0x00000000800049c2 (0x41ad0d33) x26 0x0000000000000000
core   0: 0x00000000800049c6 (0x0000142a) c.slli  s0, 42
core   0: 1 0x00000000800049c6 (0x142a) x8  0x0000000000000000
core   0: 0x00000000800049c8 (0x038b723b) remuw   tp, s6, s8
core   0: 1 0x00000000800049c8 (0x038b723b) x4  0x0000000000000000
core   0: 0x00000000800049cc (0x002a8ebb) addw    t4, s5, sp
core   0: 1 0x00000000800049cc (0x002a8ebb) x29 0x00000000000003fd
core   0: 0x00000000800049d0 (0x41165bbb) sraw    s7, a2, a7
core   0: 1 0x00000000800049d0 (0x41165bbb) x23 0x0000000000000000
core   0: 0x00000000800049d4 (0xd2088553) fcvt.d.w fa0, a7
core   0: 1 0x00000000800049d4 (0xd2088553) f10 0x41c578fb06000000
core   0: 0x00000000800049d8 (0x80050e1b) addiw   t3, a0, -2048
core   0: 1 0x00000000800049d8 (0x80050e1b) x28 0xfffffffffffff800
core   0: 0x00000000800049dc (0x00281873) csrrw   a6, frm, a6
core   0: 1 0x00000000800049dc (0x00281873) x16 0x0000000000000000 c2_frm 0x0000000000000005
core   0: 0x00000000800049e0 (0x02355533) divu    a0, a0, gp
core   0: 1 0x00000000800049e0 (0x02355533) x10 0xffffffffffffffff
core   0: 0x00000000800049e4 (0x40115913) srai    s2, sp, 1
core   0: 1 0x00000000800049e4 (0x40115913) x18 0xffffffffffffffff
core   0: 0x00000000800049e8 (0x4131d9b3) sra     s3, gp, s3
core   0: 1 0x00000000800049e8 (0x4131d9b3) x19 0x0000000000000000
core   0: 0x00000000800049ec (0xd20587d3) fcvt.d.w fa5, a1
core   0: 1 0x00000000800049ec (0xd20587d3) f15 0x41d1f5f863000000
core   0: 0x00000000800049f0 (0x01b9d29b) srliw   t0, s3, 27
core   0: 1 0x00000000800049f0 (0x01b9d29b) x5  0x0000000000000000
core   0: 0x00000000800049f4 (0xc20575d3) fcvt.w.d a1, fa0
core   0: exception trap_illegal_instruction, epc 0x00000000800049f4
core   0:           tval 0x00000000c20575d3
core   0: >>>>  $xrv64i2p1_m2p0_a2p1_f2p2_d2p2_zicsr2p0_zifencei2p0_zmmul1p0_zba1p0_zbb1p0_zbc1p0_zbs1p0
core   0: 0x0000000080004000 (0x0080006f) j       pc + 0x8
core   0: 3 0x0000000080004000 (0x0080006f)
core   0: >>>>  mmode_exception_handler
core   0: 0x0000000080004008 (0x00002c17) auipc   s8, 0x2
core   0: 3 0x0000000080004008 (0x00002c17) x24 0x0000000080006008
core   0: 0x000000008000400c (0x0f0c0c13) addi    s8, s8, 240
core   0: 3 0x000000008000400c (0x0f0c0c13) x24 0x00000000800060f8
core   0: 0x0000000080004010 (0x000c00e7) jalr    s8
core   0: 3 0x0000000080004010 (0x000c00e7) x1  0x0000000080004014
core   0: >>>>  any_handler
core   0: 0x00000000800060f8 (0x341027f3) csrrs   a5, mepc, zero
core   0: 3 0x00000000800060f8 (0x341027f3) x15 0x00000000800049f4
core   0: 0x00000000800060fc (0x34202773) csrrs   a4, mcause, zero
core   0: 3 0x00000000800060fc (0x34202773) x14 0x0000000000000002
core   0: 0x0000000080006100 (0x142026f3) csrrs   a3, scause, zero
core   0: 3 0x0000000080006100 (0x142026f3) x13 0x0000000000000000
core   0: 0x0000000080006104 (0x30402673) csrrs   a2, mie, zero
core   0: 3 0x0000000080006104 (0x30402673) x12 0x0000000000000a00
core   0: 0x0000000080006108 (0x344025f3) csrrs   a1, mip, zero
core   0: 3 0x0000000080006108 (0x344025f3) x11 0x0000000000000080
core   0: 0x000000008000610c (0x343025f3) csrrs   a1, mtval, zero
core   0: 3 0x000000008000610c (0x343025f3) x11 0x00000000c20575d3
core   0: 0x0000000080006110 (0x14302573) csrrs   a0, stval, zero
core   0: 3 0x0000000080006110 (0x14302573) x10 0x0000000000000000
core   0: 0x0000000080006114 (0xb02024f3) csrrs   s1, minstret, zero
core   0: 3 0x0000000080006114 (0xb02024f3) x9  0x0000000000000b87
core   0: 0x0000000080006118 (0x0000a811) c.j     pc + 20
core   0: 3 0x0000000080006118 (0xa811)
core   0: >>>>  mepc_4
core   0: 0x000000008000612c (0x00000791) c.addi  a5, 4
core   0: 3 0x000000008000612c (0x0791) x15 0x00000000800049f8
core   0: 0x000000008000612e (0x34179073) csrrw   zero, mepc, a5
core   0: 3 0x000000008000612e (0x34179073) c833_mepc 0x00000000800049f8
core   0: 0x0000000080006132 (0x30200073) mret
core   0: 3 0x0000000080006132 (0x30200073) c768_mstatus 0x8000000a00106080
core   0: 0x00000000800049f8 (0xd23b7a53) fcvt.d.lu fs4, s6
core   0: exception trap_illegal_instruction, epc 0x00000000800049f8
core   0:           tval 0x00000000d23b7a53
core   0: >>>>  $xrv64i2p1_m2p0_a2p1_f2p2_d2p2_zicsr2p0_zifencei2p0_zmmul1p0_zba1p0_zbb1p0_zbc1p0_zbs1p0
core   0: 0x0000000080004000 (0x0080006f) j       pc + 0x8
core   0: 3 0x0000000080004000 (0x0080006f)
core   0: >>>>  mmode_exception_handler
core   0: 0x0000000080004008 (0x00002c17) auipc   s8, 0x2
core   0: 3 0x0000000080004008 (0x00002c17) x24 0x0000000080006008
core   0: 0x000000008000400c (0x0f0c0c13) addi    s8, s8, 240
core   0: 3 0x000000008000400c (0x0f0c0c13) x24 0x00000000800060f8
core   0: 0x0000000080004010 (0x000c00e7) jalr    s8
core   0: 3 0x0000000080004010 (0x000c00e7) x1  0x0000000080004014
core   0: >>>>  any_handler
core   0: 0x00000000800060f8 (0x341027f3) csrrs   a5, mepc, zero
core   0: 3 0x00000000800060f8 (0x341027f3) x15 0x00000000800049f8
core   0: 0x00000000800060fc (0x34202773) csrrs   a4, mcause, zero
core   0: 3 0x00000000800060fc (0x34202773) x14 0x0000000000000002
core   0: 0x0000000080006100 (0x142026f3) csrrs   a3, scause, zero
core   0: 3 0x0000000080006100 (0x142026f3) x13 0x0000000000000000
core   0: 0x0000000080006104 (0x30402673) csrrs   a2, mie, zero
core   0: 3 0x0000000080006104 (0x30402673) x12 0x0000000000000a00
core   0: 0x0000000080006108 (0x344025f3) csrrs   a1, mip, zero
core   0: 3 0x0000000080006108 (0x344025f3) x11 0x0000000000000080
core   0: 0x000000008000610c (0x343025f3) csrrs   a1, mtval, zero
core   0: 3 0x000000008000610c (0x343025f3) x11 0x00000000d23b7a53
core   0: 0x0000000080006110 (0x14302573) csrrs   a0, stval, zero
core   0: 3 0x0000000080006110 (0x14302573) x10 0x0000000000000000
core   0: 0x0000000080006114 (0xb02024f3) csrrs   s1, minstret, zero
core   0: 3 0x0000000080006114 (0xb02024f3) x9  0x0000000000000b97
core   0: 0x0000000080006118 (0x0000a811) c.j     pc + 20
core   0: 3 0x0000000080006118 (0xa811)
core   0: >>>>  mepc_4
core   0: 0x000000008000612c (0x00000791) c.addi  a5, 4
core   0: 3 0x000000008000612c (0x0791) x15 0x00000000800049fc
core   0: 0x000000008000612e (0x34179073) csrrw   zero, mepc, a5
core   0: 3 0x000000008000612e (0x34179073) c833_mepc 0x00000000800049fc
core   0: 0x0000000080006132 (0x30200073) mret
core   0: 3 0x0000000080006132 (0x30200073) c768_mstatus 0x8000000a00106080
core   0: 0x00000000800049fc (0xa2a78e53) fle.d   t3, fa5, fa0
core   0: 1 0x00000000800049fc (0xa2a78e53) x28 0x0000000000000000
core   0: 0x0000000080004a00 (0x002e1973) csrrw   s2, frm, t3
core   0: 1 0x0000000080004a00 (0x002e1973) x18 0x0000000000000005 c2_frm 0x0000000000000000
core   0: 0x0000000080004a04 (0x12fa76d3) fmul.d  fa3, fs4, fa5
core   0: 1 0x0000000080004a04 (0x12fa76d3) f13 0x7ff8000000000000
core   0: 0x0000000080004a08 (0x2a211cd3) fmax.d  fs9, ft2, ft2
core   0: 1 0x0000000080004a08 (0x2a211cd3) f25 0x41e0000802800000
core   0: 0x0000000080004a0c (0x6b427b43) fmadd.d fs6, ft4, fs4, fa3
core   0: 1 0x0000000080004a0c (0x6b427b43) f22 0x7ff8000000000000
core   0: 0x0000000080004a10 (0xc2127653) fcvt.wu.d a2, ft4
core   0: 1 0x0000000080004a10 (0xc2127653) x12 0x0000000000000000
core   0: 0x0000000080004a14 (0x00085b93) srli    s7, a6, 0
core   0: 1 0x0000000080004a14 (0x00085b93) x23 0x0000000000000000
core   0: 0x0000000080004a18 (0x13617053) fmul.d  ft0, ft2, fs6
core   0: 1 0x0000000080004a18 (0x13617053) f0  0x7ff8000000000000
core   0: 0x0000000080004a1c (0x8263764b) fnmsub.d fa2, ft6, ft6, fa6
core   0: 1 0x0000000080004a1c (0x8263764b) f12 0x7ff8000000000000
core   0: 0x0000000080004a20 (0xfe8108b7) lui     a7, 0xfe810
core   0: 1 0x0000000080004a20 (0xfe8108b7) x17 0xfffffffffe810000
core   0: 0x0000000080004a24 (0x89b8889b) addiw   a7, a7, -1893
core   0: 1 0x0000000080004a24 (0x89b8889b) x17 0xfffffffffe80f89b
core   0: 0x0000000080004a28 (0x000008b2) c.slli  a7, 12
core   0: 1 0x0000000080004a28 (0x08b2) x17 0xffffffe80f89b000
core   0: 0x0000000080004a2a (0x79288893) addi    a7, a7, 1938
core   0: 1 0x0000000080004a2a (0x79288893) x17 0xffffffe80f89b792
core   0: 0x0000000080004a2e (0x40c0503b) sraw    zero, zero, a2
core   0: 1 0x0000000080004a2e (0x40c0503b)
core   0: 0x0000000080004a32 (0x038a56bb) divuw   a3, s4, s8
core   0: 1 0x0000000080004a32 (0x038a56bb) x13 0x0000000000000000
core   0: 0x0000000080004a36 (0xc2067bd3) fcvt.w.d s7, fa2
core   0: 1 0x0000000080004a36 (0xc2067bd3) c1_fflags 0x0000000000000013 x23 0x000000007fffffff
core   0: 0x0000000080004a3a (0x41a6d53b) sraw    a0, a3, s10
core   0: 1 0x0000000080004a3a (0x41a6d53b) x10 0x0000000000000000
core   0: 0x0000000080004a3e (0x13f97253) fmul.d  ft4, fs2, ft11
core   0: 1 0x0000000080004a3e (0x13f97253) f4  0x7ff8000000000000
core   0: 0x0000000080004a42 (0xd20b89d3) fcvt.d.w fs3, s7
core   0: 1 0x0000000080004a42 (0xd20b89d3) f19 0x41dfffffffc00000
core   0: 0x0000000080004a46 (0x005bd53b) srlw    a0, s7, t0
core   0: 1 0x0000000080004a46 (0x005bd53b) x10 0x000000007fffffff
core   0: 0x0000000080004a4a (0x03ad6c33) rem     s8, s10, s10
core   0: 1 0x0000000080004a4a (0x03ad6c33) x24 0x0000000000000000
core   0: 0x0000000080004a4e (0x0231fe53) fadd.d  ft8, ft3, ft3
core   0: 1 0x0000000080004a4e (0x0231fe53) f28 0x7ff8000000000000
core   0: 0x0000000080004a52 (0x7d3af113) andi    sp, s5, 2003
core   0: 1 0x0000000080004a52 (0x7d3af113) x2  0x00000000000003d2
core   0: 0x0000000080004a56 (0x00039513) slli    a0, t2, 0
core   0: 1 0x0000000080004a56 (0x00039513) x10 0x0000000000000001
core   0: 0x0000000080004a5a (0x6abb76c3) fmadd.d fa3, fs6, fa1, fa3
core   0: 1 0x0000000080004a5a (0x6abb76c3) f13 0x7ff8000000000000
core   0: 0x0000000080004a5e (0x22a38553) fsgnj.d fa0, ft7, fa0
core   0: 1 0x0000000080004a5e (0x22a38553) f10 0x0000000000000000
core   0: 0x0000000080004a62 (0xc03b7b53) fcvt.lu.s s6, fs6
core   0: 1 0x0000000080004a62 (0xc03b7b53) c1_fflags 0x0000000000000013 x22 0xffffffffffffffff
core   0: 0x0000000080004a66 (0x00000001) c.nop
core   0: 1 0x0000000080004a66 (0x0001)
core   0: 0x0000000080004a68 (0x00c5101b) slliw   zero, a0, 12
core   0: 1 0x0000000080004a68 (0x00c5101b)
core   0: 0x0000000080004a6c (0x82e86993) ori     s3, a6, -2002
core   0: 1 0x0000000080004a6c (0x82e86993) x19 0xfffffffffffff82e
core   0: 0x0000000080004a70 (0x40035333) sra     t1, t1, zero
core   0: 1 0x0000000080004a70 (0x40035333) x6  0x7fffffffffffffff
core   0: 0x0000000080004a74 (0x0010191b) slliw   s2, zero, 1
core   0: 1 0x0000000080004a74 (0x0010191b) x18 0x0000000000000000
core   0: 0x0000000080004a78 (0xd02e7053) fcvt.s.l ft0, t3
core   0: 1 0x0000000080004a78 (0xd02e7053) f0  0xffffffff00000000
core   0: 0x0000000080004a7c (0xd2048453) fcvt.d.w fs0, s1
core   0: 1 0x0000000080004a7c (0xd2048453) f8  0x40a72e0000000000
core   0: 0x0000000080004a80 (0xf13075f3) csrrci  a1, mimpid, 0
core   0: exception trap_illegal_instruction, epc 0x0000000080004a80
core   0:           tval 0x00000000f13075f3
core   0: >>>>  $xrv64i2p1_m2p0_a2p1_f2p2_d2p2_zicsr2p0_zifencei2p0_zmmul1p0_zba1p0_zbb1p0_zbc1p0_zbs1p0
core   0: 0x0000000080004000 (0x0080006f) j       pc + 0x8
core   0: 3 0x0000000080004000 (0x0080006f)
core   0: >>>>  mmode_exception_handler
core   0: 0x0000000080004008 (0x00002c17) auipc   s8, 0x2
core   0: 3 0x0000000080004008 (0x00002c17) x24 0x0000000080006008
core   0: 0x000000008000400c (0x0f0c0c13) addi    s8, s8, 240
core   0: 3 0x000000008000400c (0x0f0c0c13) x24 0x00000000800060f8
core   0: 0x0000000080004010 (0x000c00e7) jalr    s8
core   0: 3 0x0000000080004010 (0x000c00e7) x1  0x0000000080004014
core   0: >>>>  any_handler
core   0: 0x00000000800060f8 (0x341027f3) csrrs   a5, mepc, zero
core   0: 3 0x00000000800060f8 (0x341027f3) x15 0x0000000080004a80
core   0: 0x00000000800060fc (0x34202773) csrrs   a4, mcause, zero
core   0: 3 0x00000000800060fc (0x34202773) x14 0x0000000000000002
core   0: 0x0000000080006100 (0x142026f3) csrrs   a3, scause, zero
core   0: 3 0x0000000080006100 (0x142026f3) x13 0x0000000000000000
core   0: 0x0000000080006104 (0x30402673) csrrs   a2, mie, zero
core   0: 3 0x0000000080006104 (0x30402673) x12 0x0000000000000a00
core   0: 0x0000000080006108 (0x344025f3) csrrs   a1, mip, zero
core   0: 3 0x0000000080006108 (0x344025f3) x11 0x0000000000000080
core   0: 0x000000008000610c (0x343025f3) csrrs   a1, mtval, zero
core   0: 3 0x000000008000610c (0x343025f3) x11 0x00000000f13075f3
core   0: 0x0000000080006110 (0x14302573) csrrs   a0, stval, zero
core   0: 3 0x0000000080006110 (0x14302573) x10 0x0000000000000000
core   0: 0x0000000080006114 (0xb02024f3) csrrs   s1, minstret, zero
core   0: 3 0x0000000080006114 (0xb02024f3) x9  0x0000000000000bc9
core   0: 0x0000000080006118 (0x0000a811) c.j     pc + 20
core   0: 3 0x0000000080006118 (0xa811)
core   0: >>>>  mepc_4
core   0: 0x000000008000612c (0x00000791) c.addi  a5, 4
core   0: 3 0x000000008000612c (0x0791) x15 0x0000000080004a84
core   0: 0x000000008000612e (0x34179073) csrrw   zero, mepc, a5
core   0: 3 0x000000008000612e (0x34179073) c833_mepc 0x0000000080004a84
core   0: 0x0000000080006132 (0x30200073) mret
core   0: 3 0x0000000080006132 (0x30200073) c768_mstatus 0x8000000a00106080
core   0: 0x0000000080004a84 (0xc0257453) fcvt.l.s s0, fa0
core   0: 1 0x0000000080004a84 (0xc0257453) c1_fflags 0x0000000000000013 x8  0x7fffffffffffffff
core   0: 0x0000000080004a88 (0x00765137) lui     sp, 0x765
core   0: 1 0x0000000080004a88 (0x00765137) x2  0x0000000000765000
core   0: 0x0000000080004a8c (0x2411011b) addiw   sp, sp, 577
core   0: 1 0x0000000080004a8c (0x2411011b) x2  0x0000000000765241
core   0: 0x0000000080004a90 (0x00000142) c.slli  sp, 16
core   0: 1 0x0000000080004a90 (0x0142) x2  0x0000007652410000
core   0: 0x0000000080004a92 (0xd8610113) addi    sp, sp, -634
core   0: 1 0x0000000080004a92 (0xd8610113) x2  0x000000765240fd86
core   0: 0x0000000080004a96 (0x037af2b3) remu    t0, s5, s7
core   0: 1 0x0000000080004a96 (0x037af2b3) x5  0x00000000000003fe
core   0: 0x0000000080004a9a (0xc0247753) fcvt.l.s a4, fs0
core   0: 1 0x0000000080004a9a (0xc0247753) c1_fflags 0x0000000000000013 x14 0x7fffffffffffffff
core   0: 0x0000000080004a9e (0xd03b7ad3) fcvt.s.lu fs5, s6
core   0: 1 0x0000000080004a9e (0xd03b7ad3) c1_fflags 0x0000000000000013 f21 0xffffffff5f800000
core   0: 0x0000000080004aa2 (0x00202473) csrrs   s0, frm, zero
core   0: 1 0x0000000080004aa2 (0x00202473) x8  0x0000000000000000
core   0: 0x0000000080004aa6 (0xc034fad3) fcvt.lu.s s5, fs1
core   0: 1 0x0000000080004aa6 (0xc034fad3) c1_fflags 0x0000000000000013 x21 0xffffffffffffffff
core   0: 0x0000000080004aaa (0x2632abb7) lui     s7, 0x2632a
core   0: 1 0x0000000080004aaa (0x2632abb7) x23 0x000000002632a000
core   0: 0x0000000080004aae (0x228480d3) fsgnj.d ft1, fs1, fs0
core   0: 1 0x0000000080004aae (0x228480d3) f1  0x0000000000000000
core   0: 0x0000000080004ab2 (0x01aa911b) slliw   sp, s5, 26
core   0: 1 0x0000000080004ab2 (0x01aa911b) x2  0xfffffffffc000000
core   0: 0x0000000080004ab6 (0x413107b3) sub     a5, sp, s3
core   0: 1 0x0000000080004ab6 (0x413107b3) x15 0xfffffffffc0007d2
core   0: 0x0000000080004aba (0x029181b3) mul     gp, gp, s1
core   0: 1 0x0000000080004aba (0x029181b3) x3  0x0000000000000000
core   0: 0x0000000080004abe (0x6b26f343) fmadd.d ft6, fa3, fs2, fa3
core   0: 1 0x0000000080004abe (0x6b26f343) f6  0x7ff8000000000000
core   0: 0x0000000080004ac2 (0x0002fdb3) and     s11, t0, zero
core   0: 1 0x0000000080004ac2 (0x0002fdb3) x27 0x0000000000000000
core   0: 0x0000000080004ac6 (0x2b1de713) ori     a4, s11, 689
core   0: 1 0x0000000080004ac6 (0x2b1de713) x14 0x00000000000002b1
core   0: 0x0000000080004aca (0x00171df3) csrrw   s11, fflags, a4
core   0: 1 0x0000000080004aca (0x00171df3) x27 0x0000000000000013 c1_fflags 0x0000000000000011
core   0: 0x0000000080004ace (0x40e9073b) subw    a4, s2, a4
core   0: 1 0x0000000080004ace (0x40e9073b) x14 0xfffffffffffffd4f
core   0: 0x0000000080004ad2 (0x01c3569b) srliw   a3, t1, 28
core   0: 1 0x0000000080004ad2 (0x01c3569b) x13 0x000000000000000f
core   0: 0x0000000080004ad6 (0x1ab376d3) fdiv.d  fa3, ft6, fa1
core   0: 1 0x0000000080004ad6 (0x1ab376d3) f13 0x7ff8000000000000
core   0: 0x0000000080004ada (0xc20379d3) fcvt.w.d s3, ft6
core   0: 1 0x0000000080004ada (0xc20379d3) c1_fflags 0x0000000000000011 x19 0x000000007fffffff
core   0: 0x0000000080004ade (0x008c8cbb) addw    s9, s9, s0
core   0: 1 0x0000000080004ade (0x008c8cbb) x25 0x0000000000000000
core   0: 0x0000000080004ae2 (0x2b718bd3) fmin.d  fs7, ft3, fs7
core   0: 1 0x0000000080004ae2 (0x2b718bd3) f23 0x7ff8000000000000
core   0: 0x0000000080004ae6 (0x00fb0b3b) addw    s6, s6, a5
core   0: 1 0x0000000080004ae6 (0x00fb0b3b) x22 0xfffffffffc0007d1
core   0: 0x0000000080004aea (0x40f4873b) subw    a4, s1, a5
core   0: 1 0x0000000080004aea (0x40f4873b) x14 0x00000000040003f7
core   0: 0x0000000080004aee (0x00151df3) csrrw   s11, fflags, a0
core   0: 1 0x0000000080004aee (0x00151df3) x27 0x0000000000000011 c1_fflags 0x0000000000000000
core   0: 0x0000000080004af2 (0x0013989b) slliw   a7, t2, 1
core   0: 1 0x0000000080004af2 (0x0013989b) x17 0x0000000000000002
core   0: 0x0000000080004af6 (0x0078583b) srlw    a6, a6, t2
core   0: 1 0x0000000080004af6 (0x0078583b) x16 0x0000000000000000
core   0: 0x0000000080004afa (0xf2048c53) fmv.d.x fs8, s1
core   0: 1 0x0000000080004afa (0xf2048c53) f24 0x0000000000000bc9
core   0: 0x0000000080004afe (0x00181873) csrrw   a6, fflags, a6
core   0: 1 0x0000000080004afe (0x00181873) x16 0x0000000000000000 c1_fflags 0x0000000000000000
core   0: 0x0000000080004b02 (0x027bdb3b) divuw   s6, s7, t2
core   0: 1 0x0000000080004b02 (0x027bdb3b) x22 0x000000002632a000
core   0: 0x0000000080004b06 (0x4241f247) fmsub.d ft4, ft3, ft4, fs0
core   0: 1 0x0000000080004b06 (0x4241f247) f4  0x7ff8000000000000
core   0: 0x0000000080004b0a (0xc223fa53) fcvt.l.d s4, ft7
core   0: 1 0x0000000080004b0a (0xc223fa53) x20 0x0000000000000000
core   0: 0x0000000080004b0e (0x2203fc47) fmsub.d fs8, ft7, ft0, ft4
core   0: 1 0x0000000080004b0e (0x2203fc47) f24 0x7ff8000000000000
core   0: 0x0000000080004b12 (0xc20170d3) fcvt.w.d ra, ft2
core   0: 1 0x0000000080004b12 (0xc20170d3) c1_fflags 0x0000000000000010 x1  0x000000007fffffff
core   0: 0x0000000080004b16 (0x020119b3) mulh    s3, sp, zero
core   0: 1 0x0000000080004b16 (0x020119b3) x19 0x0000000000000000
core   0: 0x0000000080004b1a (0x41805b13) srai    s6, zero, 24
core   0: 1 0x0000000080004b1a (0x41805b13) x22 0x0000000000000000
core   0: 0x0000000080004b1e (0x02c14233) div     tp, sp, a2
core   0: 1 0x0000000080004b1e (0x02c14233) x4  0xffffffffffff999a
core   0: 0x0000000080004b22 (0x5a027153) fsqrt.d ft2, ft4
core   0: 1 0x0000000080004b22 (0x5a027153) f2  0x7ff8000000000000
core   0: 0x0000000080004b26 (0xc203f453) fcvt.w.d s0, ft7
core   0: 1 0x0000000080004b26 (0xc203f453) x8  0x0000000000000000
core   0: 0x0000000080004b2a (0x2a4c9e53) fmax.d  ft8, fs9, ft4
core   0: 1 0x0000000080004b2a (0x2a4c9e53) f28 0x41e0000802800000
core   0: 0x0000000080004b2e (0x2204a053) fsgnjx.d ft0, fs1, ft0
core   0: 1 0x0000000080004b2e (0x2204a053) f0  0x8000000000000000
core   0: 0x0000000080004b32 (0x02d67c53) fadd.d  fs8, fa2, fa3
core   0: 1 0x0000000080004b32 (0x02d67c53) f24 0x7ff8000000000000
core   0: 0x0000000080004b36 (0x029e44bb) divw    s1, t3, s1
core   0: 1 0x0000000080004b36 (0x029e44bb) x9  0x0000000000000000
core   0: 0x0000000080004b3a (0x03c91933) mulh    s2, s2, t3
core   0: 1 0x0000000080004b3a (0x03c91933) x18 0x0000000000000000
core   0: 0x0000000080004b3e (0x5a07f353) fsqrt.d ft6, fa5
core   0: 1 0x0000000080004b3e (0x5a07f353) c1_fflags 0x0000000000000011 f6  0x40e0f3bbc1a55cbf
core   0: 0x0000000080004b42 (0x4173d093) srai    ra, t2, 23
core   0: 1 0x0000000080004b42 (0x4173d093) x1  0x0000000000000000
core   0: 0x0000000080004b46 (0x0210a1b3) mulhsu  gp, ra, ra
core   0: 1 0x0000000080004b46 (0x0210a1b3) x3  0x0000000000000000
core   0: 0x0000000080004b4a (0x00149373) csrrw   t1, fflags, s1
core   0: 1 0x0000000080004b4a (0x00149373) x6  0x0000000000000011 c1_fflags 0x0000000000000000
core   0: 0x0000000080004b4e (0x5a08fbd3) fsqrt.d fs7, fa7
core   0: 1 0x0000000080004b4e (0x5a08fbd3) f23 0x7ff8000000000000
core   0: 0x0000000080004b52 (0x010080bb) addw    ra, ra, a6
core   0: 1 0x0000000080004b52 (0x010080bb) x1  0x0000000000000000
core   0: 0x0000000080004b56 (0x4016591b) sraiw   s2, a2, 1
core   0: 1 0x0000000080004b56 (0x4016591b) x18 0x0000000000000500
core   0: 0x0000000080004b5a (0x00035113) srli    sp, t1, 0
core   0: 1 0x0000000080004b5a (0x00035113) x2  0x0000000000000011
core   0: 0x0000000080004b5e (0x402a09bb) subw    s3, s4, sp
core   0: 1 0x0000000080004b5e (0x402a09bb) x19 0xffffffffffffffef
core   0: 0x0000000080004b62 (0xa30c0bd3) fle.d   s7, fs8, fa6
core   0: 1 0x0000000080004b62 (0xa30c0bd3) c1_fflags 0x0000000000000010 x23 0x0000000000000000
core   0: 0x0000000080004b66 (0x014e5e33) srl     t3, t3, s4
core   0: 1 0x0000000080004b66 (0x014e5e33) x28 0x0000000000000000
core   0: 0x0000000080004b6a (0x00131d73) csrrw   s10, fflags, t1
core   0: 1 0x0000000080004b6a (0x00131d73) x26 0x0000000000000010 c1_fflags 0x0000000000000011
core   0: 0x0000000080004b6e (0x0129963b) sllw    a2, s3, s2
core   0: 1 0x0000000080004b6e (0x0129963b) x12 0xffffffffffffffef
core   0: 0x0000000080004b72 (0x01866433) or      s0, a2, s8
core   0: 1 0x0000000080004b72 (0x01866433) x8  0xffffffffffffffff
core   0: 0x0000000080004b76 (0x000c1a1b) slliw   s4, s8, 0
core   0: 1 0x0000000080004b76 (0x000c1a1b) x20 0xffffffff800060f8
core   0: 0x0000000080004b7a (0x0046911b) slliw   sp, a3, 4
core   0: 1 0x0000000080004b7a (0x0046911b) x2  0x00000000000000f0
core   0: 0x0000000080004b7e (0x00b51293) slli    t0, a0, 11
core   0: 1 0x0000000080004b7e (0x00b51293) x5  0x0000000000000000
core   0: 0x0000000080004b82 (0x015a549b) srliw   s1, s4, 21
core   0: 1 0x0000000080004b82 (0x015a549b) x9  0x0000000000000400
core   0: 0x0000000080004b86 (0xc034f1d3) fcvt.lu.s gp, fs1
core   0: 1 0x0000000080004b86 (0xc034f1d3) c1_fflags 0x0000000000000011 x3  0xffffffffffffffff
core   0: 0x0000000080004b8a (0xd21281d3) fcvt.d.wu ft3, t0
core   0: 1 0x0000000080004b8a (0xd21281d3) f3  0x0000000000000000
core   0: 0x0000000080004b8e (0xad1ff897) auipc   a7, 0xad1ff
core   0: 1 0x0000000080004b8e (0xad1ff897) x17 0x000000002d203b8e
core   0: 0x0000000080004b92 (0x00121c9b) slliw   s9, tp, 1
core   0: 1 0x0000000080004b92 (0x00121c9b) x25 0xffffffffffff3334
core   0: 0x0000000080004b96 (0x00d0f637) lui     a2, 0xd0f
core   0: 1 0x0000000080004b96 (0x00d0f637) x12 0x0000000000d0f000
core   0: 0x0000000080004b9a (0x08f6061b) addiw   a2, a2, 143
core   0: 1 0x0000000080004b9a (0x08f6061b) x12 0x0000000000d0f08f
core   0: 0x0000000080004b9e (0x0000063e) c.slli  a2, 15
core   0: 1 0x0000000080004b9e (0x063e) x12 0x0000006878478000
core   0: 0x0000000080004ba0 (0x9f760613) addi    a2, a2, -1545
core   0: 1 0x0000000080004ba0 (0x9f760613) x12 0x00000068784779f7
core   0: 0x0000000080004ba4 (0x1339f153) fmul.d  ft2, fs3, fs3
core   0: 1 0x0000000080004ba4 (0x1339f153) c1_fflags 0x0000000000000011 f2  0x43cfffffff800000
core   0: 0x0000000080004ba8 (0x415b59bb) sraw    s3, s6, s5
core   0: 1 0x0000000080004ba8 (0x415b59bb) x19 0x0000000000000000
core   0: 0x0000000080004bac (0x23622b53) fsgnjx.d fs6, ft4, fs6
core   0: 1 0x0000000080004bac (0x23622b53) f22 0x7ff8000000000000
core   0: 0x0000000080004bb0 (0x002021f3) csrrs   gp, frm, zero
core   0: 1 0x0000000080004bb0 (0x002021f3) x3  0x0000000000000000
core   0: 0x0000000080004bb4 (0x42195413) srai    s0, s2, 33
core   0: 1 0x0000000080004bb4 (0x42195413) x8  0x0000000000000000
core   0: 0x0000000080004bb8 (0x5a0f7f53) fsqrt.d ft10, ft10
core   0: 1 0x0000000080004bb8 (0x5a0f7f53) c1_fflags 0x0000000000000011 f30 0x7ff8000000000000
core   0: 0x0000000080004bbc (0xfff7011b) addiw   sp, a4, -1
core   0: 1 0x0000000080004bbc (0xfff7011b) x2  0x00000000040003f6
core   0: 0x0000000080004bc0 (0xd2247bd3) fcvt.d.l fs7, s0
core   0: 1 0x0000000080004bc0 (0xd2247bd3) f23 0x0000000000000000
core   0: 0x0000000080004bc4 (0x022623b3) mulhsu  t2, a2, sp
core   0: 1 0x0000000080004bc4 (0x022623b3) x7  0x0000000000000001
core   0: 0x0000000080004bc8 (0x008e923b) sllw    tp, t4, s0
core   0: 1 0x0000000080004bc8 (0x008e923b) x4  0x00000000000003fd
core   0: 0x0000000080004bcc (0xc531d017) auipc   zero, 0xc531d
core   0: 1 0x0000000080004bcc (0xc531d017)
core   0: 0x0000000080004bd0 (0x40e6d5b3) sra     a1, a3, a4
core   0: 1 0x0000000080004bd0 (0x40e6d5b3) x11 0x0000000000000000
core   0: 0x0000000080004bd4 (0x41f4d01b) sraiw   zero, s1, 31
core   0: 1 0x0000000080004bd4 (0x41f4d01b)
core   0: 0x0000000080004bd8 (0x00c49b1b) slliw   s6, s1, 12
core   0: 1 0x0000000080004bd8 (0x00c49b1b) x22 0x0000000000400000
core   0: 0x0000000080004bdc (0x000d17bb) sllw    a5, s10, zero
core   0: 1 0x0000000080004bdc (0x000d17bb) x15 0x0000000000000010
core   0: 0x0000000080004be0 (0x027ac1bb) divw    gp, s5, t2
core   0: 1 0x0000000080004be0 (0x027ac1bb) x3  0xffffffffffffffff
core   0: 0x0000000080004be4 (0x00202573) csrrs   a0, frm, zero
core   0: 1 0x0000000080004be4 (0x00202573) x10 0x0000000000000000
core   0: 0x0000000080004be8 (0x10ac9073) csrrw   zero, senvcfg, s9
core   0: 1 0x0000000080004be8 (0x10ac9073) c266_senvcfg 0x0000000000000000
core   0: 0x0000000080004bec (0x001028f3) csrrs   a7, fflags, zero
core   0: 1 0x0000000080004bec (0x001028f3) x17 0x0000000000000011
core   0: 0x0000000080004bf0 (0x02155633) divu    a2, a0, ra
core   0: 1 0x0000000080004bf0 (0x02155633) x12 0xffffffffffffffff
core   0: 0x0000000080004bf4 (0x02966a3b) remw    s4, a2, s1
core   0: 1 0x0000000080004bf4 (0x02966a3b) x20 0xffffffffffffffff
core   0: 0x0000000080004bf8 (0xd3ad7d43) fmadd.d fs10, fs10, fs10, fs10
core   0: 1 0x0000000080004bf8 (0xd3ad7d43) f26 0x7ff8000000000000
core   0: 0x0000000080004bfc (0x0014889b) addiw   a7, s1, 1
core   0: 1 0x0000000080004bfc (0x0014889b) x17 0x0000000000000401
core   0: 0x0000000080004c00 (0x00238d3b) addw    s10, t2, sp
core   0: 1 0x0000000080004c00 (0x00238d3b) x26 0x00000000040003f7
core   0: 0x0000000080004c04 (0x01cd59bb) srlw    s3, s10, t3
core   0: 1 0x0000000080004c04 (0x01cd59bb) x19 0x00000000040003f7
core   0: 0x0000000080004c08 (0x234d20d3) fsgnjx.d ft1, fs10, fs4
core   0: 1 0x0000000080004c08 (0x234d20d3) f1  0x7ff8000000000000
core   0: 0x0000000080004c0c (0xc21ffed3) fcvt.wu.d t4, ft11
core   0: 1 0x0000000080004c0c (0xc21ffed3) x29 0x0000000000000000
core   0: 0x0000000080004c10 (0x0302583b) divuw   a6, tp, a6
core   0: 1 0x0000000080004c10 (0x0302583b) x16 0xffffffffffffffff
core   0: 0x0000000080004c14 (0x00420133) add     sp, tp, tp
core   0: 1 0x0000000080004c14 (0x00420133) x2  0x00000000000007fa
core   0: 0x0000000080004c18 (0xe2040853) fmv.x.d a6, fs0
core   0: 1 0x0000000080004c18 (0xe2040853) x16 0x40a72e0000000000
core   0: 0x0000000080004c1c (0x0108589b) srliw   a7, a6, 16
core   0: 1 0x0000000080004c1c (0x0108589b) x17 0x0000000000000000
core   0: 0x0000000080004c20 (0xf1113073) csrrc   zero, mvendorid, sp
core   0: exception trap_illegal_instruction, epc 0x0000000080004c20
core   0:           tval 0x00000000f1113073
core   0: >>>>  $xrv64i2p1_m2p0_a2p1_f2p2_d2p2_zicsr2p0_zifencei2p0_zmmul1p0_zba1p0_zbb1p0_zbc1p0_zbs1p0
core   0: 0x0000000080004000 (0x0080006f) j       pc + 0x8
core   0: 3 0x0000000080004000 (0x0080006f)
core   0: >>>>  mmode_exception_handler
core   0: 0x0000000080004008 (0x00002c17) auipc   s8, 0x2
core   0: 3 0x0000000080004008 (0x00002c17) x24 0x0000000080006008
core   0: 0x000000008000400c (0x0f0c0c13) addi    s8, s8, 240
core   0: 3 0x000000008000400c (0x0f0c0c13) x24 0x00000000800060f8
core   0: 0x0000000080004010 (0x000c00e7) jalr    s8
core   0: 3 0x0000000080004010 (0x000c00e7) x1  0x0000000080004014
core   0: >>>>  any_handler
core   0: 0x00000000800060f8 (0x341027f3) csrrs   a5, mepc, zero
core   0: 3 0x00000000800060f8 (0x341027f3) x15 0x0000000080004c20
core   0: 0x00000000800060fc (0x34202773) csrrs   a4, mcause, zero
core   0: 3 0x00000000800060fc (0x34202773) x14 0x0000000000000002
core   0: 0x0000000080006100 (0x142026f3) csrrs   a3, scause, zero
core   0: 3 0x0000000080006100 (0x142026f3) x13 0x0000000000000000
core   0: 0x0000000080006104 (0x30402673) csrrs   a2, mie, zero
core   0: 3 0x0000000080006104 (0x30402673) x12 0x0000000000000a00
core   0: 0x0000000080006108 (0x344025f3) csrrs   a1, mip, zero
core   0: 3 0x0000000080006108 (0x344025f3) x11 0x0000000000000080
core   0: 0x000000008000610c (0x343025f3) csrrs   a1, mtval, zero
core   0: 3 0x000000008000610c (0x343025f3) x11 0x00000000f1113073
core   0: 0x0000000080006110 (0x14302573) csrrs   a0, stval, zero
core   0: 3 0x0000000080006110 (0x14302573) x10 0x0000000000000000
core   0: 0x0000000080006114 (0xb02024f3) csrrs   s1, minstret, zero
core   0: 3 0x0000000080006114 (0xb02024f3) x9  0x0000000000000c41
core   0: 0x0000000080006118 (0x0000a811) c.j     pc + 20
core   0: 3 0x0000000080006118 (0xa811)
core   0: >>>>  mepc_4
core   0: 0x000000008000612c (0x00000791) c.addi  a5, 4
core   0: 3 0x000000008000612c (0x0791) x15 0x0000000080004c24
core   0: 0x000000008000612e (0x34179073) csrrw   zero, mepc, a5
core   0: 3 0x000000008000612e (0x34179073) c833_mepc 0x0000000080004c24
core   0: 0x0000000080006132 (0x30200073) mret
core   0: 3 0x0000000080006132 (0x30200073) c768_mstatus 0x8000000a00106080
core   0: 0x0000000080004c24 (0x4026d23b) sraw    tp, a3, sp
core   0: 1 0x0000000080004c24 (0x4026d23b) x4  0x0000000000000000
core   0: 0x0000000080004c28 (0x00185393) srli    t2, a6, 1
core   0: 1 0x0000000080004c28 (0x00185393) x7  0x2053970000000000
core   0: 0x0000000080004c2c (0x00000001) c.nop
core   0: 1 0x0000000080004c2c (0x0001)
core   0: 0x0000000080004c2e (0xbb970497) auipc   s1, 0xbb970
core   0: 1 0x0000000080004c2e (0xbb970497) x9  0x000000003b974c2e
core   0: 0x0000000080004c32 (0xc21e7653) fcvt.wu.d a2, ft8
core   0: 1 0x0000000080004c32 (0xc21e7653) x12 0xffffffff80004014
core   0: 0x0000000080004c36 (0x421e74cb) fnmsub.d fs1, ft8, ft1, fs0
core   0: 1 0x0000000080004c36 (0x421e74cb) f9  0x7ff8000000000000
core   0: 0x0000000080004c3a (0xc21dfdd3) fcvt.wu.d s11, fs11
core   0: 1 0x0000000080004c3a (0xc21dfdd3) c1_fflags 0x0000000000000011 x27 0xffffffffffffffff
core   0: 0x0000000080004c3e (0x43415a93) srai    s5, sp, 52
core   0: 1 0x0000000080004c3e (0x43415a93) x21 0x0000000000000000
core   0: 0x0000000080004c42 (0xc80a9ef3) csrrw   t4, cycleh, s5
core   0: exception trap_illegal_instruction, epc 0x0000000080004c42
core   0:           tval 0x00000000c80a9ef3
core   0: >>>>  $xrv64i2p1_m2p0_a2p1_f2p2_d2p2_zicsr2p0_zifencei2p0_zmmul1p0_zba1p0_zbb1p0_zbc1p0_zbs1p0
core   0: 0x0000000080004000 (0x0080006f) j       pc + 0x8
core   0: 3 0x0000000080004000 (0x0080006f)
core   0: >>>>  mmode_exception_handler
core   0: 0x0000000080004008 (0x00002c17) auipc   s8, 0x2
core   0: 3 0x0000000080004008 (0x00002c17) x24 0x0000000080006008
core   0: 0x000000008000400c (0x0f0c0c13) addi    s8, s8, 240
core   0: 3 0x000000008000400c (0x0f0c0c13) x24 0x00000000800060f8
core   0: 0x0000000080004010 (0x000c00e7) jalr    s8
core   0: 3 0x0000000080004010 (0x000c00e7) x1  0x0000000080004014
core   0: >>>>  any_handler
core   0: 0x00000000800060f8 (0x341027f3) csrrs   a5, mepc, zero
core   0: 3 0x00000000800060f8 (0x341027f3) x15 0x0000000080004c42
core   0: 0x00000000800060fc (0x34202773) csrrs   a4, mcause, zero
core   0: 3 0x00000000800060fc (0x34202773) x14 0x0000000000000002
core   0: 0x0000000080006100 (0x142026f3) csrrs   a3, scause, zero
core   0: 3 0x0000000080006100 (0x142026f3) x13 0x0000000000000000
core   0: 0x0000000080006104 (0x30402673) csrrs   a2, mie, zero
core   0: 3 0x0000000080006104 (0x30402673) x12 0x0000000000000a00
core   0: 0x0000000080006108 (0x344025f3) csrrs   a1, mip, zero
core   0: 3 0x0000000080006108 (0x344025f3) x11 0x0000000000000080
core   0: 0x000000008000610c (0x343025f3) csrrs   a1, mtval, zero
core   0: 3 0x000000008000610c (0x343025f3) x11 0x00000000c80a9ef3
core   0: 0x0000000080006110 (0x14302573) csrrs   a0, stval, zero
core   0: 3 0x0000000080006110 (0x14302573) x10 0x0000000000000000
core   0: 0x0000000080006114 (0xb02024f3) csrrs   s1, minstret, zero
core   0: 3 0x0000000080006114 (0xb02024f3) x9  0x0000000000000c59
core   0: 0x0000000080006118 (0x0000a811) c.j     pc + 20
core   0: 3 0x0000000080006118 (0xa811)
core   0: >>>>  mepc_4
core   0: 0x000000008000612c (0x00000791) c.addi  a5, 4
core   0: 3 0x000000008000612c (0x0791) x15 0x0000000080004c46
core   0: 0x000000008000612e (0x34179073) csrrw   zero, mepc, a5
core   0: 3 0x000000008000612e (0x34179073) c833_mepc 0x0000000080004c46
core   0: 0x0000000080006132 (0x30200073) mret
core   0: 3 0x0000000080006132 (0x30200073) c768_mstatus 0x8000000a00106080
core   0: 0x0000000080004c46 (0x030d29b3) mulhsu  s3, s10, a6
core   0: 1 0x0000000080004c46 (0x030d29b3) x19 0x0000000001029db8
core   0: 0x0000000080004c4a (0xe20f05d3) fmv.x.d a1, ft10
core   0: 1 0x0000000080004c4a (0xe20f05d3) x11 0x7ff8000000000000
core   0: 0x0000000080004c4e (0x015885bb) addw    a1, a7, s5
core   0: 1 0x0000000080004c4e (0x015885bb) x11 0x0000000000000000
core   0: 0x0000000080004c52 (0x02676333) rem     t1, a4, t1
core   0: 1 0x0000000080004c52 (0x02676333) x6  0x0000000000000002
core   0: 0x0000000080004c56 (0x7ba4f1cf) fnmadd.d ft3, fs1, fs10, fa5
core   0: 1 0x0000000080004c56 (0x7ba4f1cf) f3  0x7ff8000000000000
core   0: 0x0000000080004c5a (0x00669333) sll     t1, a3, t1
core   0: 1 0x0000000080004c5a (0x00669333) x6  0x0000000000000000
core   0: 0x0000000080004c5e (0x01ad1bbb) sllw    s7, s10, s10
core   0: 1 0x0000000080004c5e (0x01ad1bbb) x23 0xfffffffffb800000
core   0: 0x0000000080004c62 (0xda60734b) fnmsub.d ft6, ft0, ft6, fs11
core   0: 1 0x0000000080004c62 (0xda60734b) f6  0x7ff8000000000000
core   0: 0x0000000080004c66 (0x2d3baa97) auipc   s5, 0x2d3ba
core   0: 1 0x0000000080004c66 (0x2d3baa97) x21 0x00000000ad3bec66
core   0: 0x0000000080004c6a (0x00021613) slli    a2, tp, 0
core   0: 1 0x0000000080004c6a (0x00021613) x12 0x0000000000000000
core   0: 0x0000000080004c6e (0x73477b4b) fnmsub.d fs6, fa4, fs4, fa4
core   0: 1 0x0000000080004c6e (0x73477b4b) f22 0x7ff8000000000000
core   0: 0x0000000080004c72 (0xd2160153) fcvt.d.wu ft2, a2
core   0: 1 0x0000000080004c72 (0xd2160153) f2  0x0000000000000000
core   0: 0x0000000080004c76 (0x004227b3) slt     a5, tp, tp
core   0: 1 0x0000000080004c76 (0x004227b3) x15 0x0000000000000000
core   0: 0x0000000080004c7a (0x7ff36913) ori     s2, t1, 2047
core   0: 1 0x0000000080004c7a (0x7ff36913) x18 0x00000000000007ff
core   0: 0x0000000080004c7e (0x7ff9071b) addiw   a4, s2, 2047
core   0: 1 0x0000000080004c7e (0x7ff9071b) x14 0x0000000000000ffe
core   0: 0x0000000080004c82 (0x84966793) ori     a5, a2, -1975
core   0: 1 0x0000000080004c82 (0x84966793) x15 0xfffffffffffff849
core   0: 0x0000000080004c86 (0xf20e8653) fmv.d.x fa2, t4
core   0: 1 0x0000000080004c86 (0xf20e8653) f12 0x0000000000000000
core   0: 0x0000000080004c8a (0x41945cbb) sraw    s9, s0, s9
core   0: 1 0x0000000080004c8a (0x41945cbb) x25 0x0000000000000000
core   0: 0x0000000080004c8e (0x02f05213) srli    tp, zero, 47
core   0: 1 0x0000000080004c8e (0x02f05213) x4  0x0000000000000000
core   0: 0x0000000080004c92 (0x013751bb) srlw    gp, a4, s3
core   0: 1 0x0000000080004c92 (0x013751bb) x3  0x0000000000000000
core   0: 0x0000000080004c96 (0xc0317a53) fcvt.lu.s s4, ft2
core   0: 1 0x0000000080004c96 (0xc0317a53) c1_fflags 0x0000000000000011 x20 0xffffffffffffffff
core   0: 0x0000000080004c9a (0x074b8c37) lui     s8, 0x74b8
core   0: 1 0x0000000080004c9a (0x074b8c37) x24 0x00000000074b8000
core   0: 0x0000000080004c9e (0x97fc0c1b) addiw   s8, s8, -1665
core   0: 1 0x0000000080004c9e (0x97fc0c1b) x24 0x00000000074b797f
core   0: 0x0000000080004ca2 (0x00000c32) c.slli  s8, 12
core   0: 1 0x0000000080004ca2 (0x0c32) x24 0x00000074b797f000
core   0: 0x0000000080004ca4 (0xad6c0c13) addi    s8, s8, -1322
core   0: 1 0x0000000080004ca4 (0xad6c0c13) x24 0x00000074b797ead6
core   0: 0x0000000080004ca8 (0x0040d6b3) srl     a3, ra, tp
core   0: 1 0x0000000080004ca8 (0x0040d6b3) x13 0x0000000080004014
core   0: 0x0000000080004cac (0xd221f5d3) fcvt.d.l fa1, gp
core   0: 1 0x0000000080004cac (0xd221f5d3) f11 0x0000000000000000
core   0: 0x0000000080004cb0 (0x00009d9b) slliw   s11, ra, 0
core   0: 1 0x0000000080004cb0 (0x00009d9b) x27 0xffffffff80004014
core   0: 0x0000000080004cb4 (0x800de013) prefetch.i -2048(s11)
core   0: 1 0x0000000080004cb4 (0x800de013)
core   0: 0x0000000080004cb8 (0x039755bb) divuw   a1, a4, s9
core   0: 1 0x0000000080004cb8 (0x039755bb) x11 0xffffffffffffffff
core   0: 0x0000000080004cbc (0x19a9039b) addiw   t2, s2, 410
core   0: 1 0x0000000080004cbc (0x19a9039b) x7  0x0000000000000999
core   0: 0x0000000080004cc0 (0x02c67c3b) remuw   s8, a2, a2
core   0: 1 0x0000000080004cc0 (0x02c67c3b) x24 0x0000000000000000
core   0: 0x0000000080004cc4 (0x00091813) slli    a6, s2, 0
core   0: 1 0x0000000080004cc4 (0x00091813) x16 0x00000000000007ff
core   0: 0x0000000080004cc8 (0x36cdcb93) xori    s7, s11, 876
core   0: 1 0x0000000080004cc8 (0x36cdcb93) x23 0xffffffff80004378
core   0: 0x0000000080004ccc (0xbb15ffcb) fnmsub.d ft11, fa1, fa7, fs7
core   0: 1 0x0000000080004ccc (0xbb15ffcb) f31 0x7ff8000000000000
core   0: 0x0000000080004cd0 (0x137ef353) fmul.d  ft6, ft9, fs7
core   0: 1 0x0000000080004cd0 (0x137ef353) f6  0x7ff8000000000000
core   0: 0x0000000080004cd4 (0x02870d3b) mulw    s10, a4, s0
core   0: 1 0x0000000080004cd4 (0x02870d3b) x26 0x0000000000000000
core   0: 0x0000000080004cd8 (0x00219373) csrrw   t1, frm, gp
core   0: 1 0x0000000080004cd8 (0x00219373) x6  0x0000000000000000 c2_frm 0x0000000000000000
core   0: 0x0000000080004cdc (0x025355b3) divu    a1, t1, t0
core   0: 1 0x0000000080004cdc (0x025355b3) x11 0xffffffffffffffff
core   0: 0x0000000080004ce0 (0x00a55bb3) srl     s7, a0, a0
core   0: 1 0x0000000080004ce0 (0x00a55bb3) x23 0x0000000000000000
core   0: 0x0000000080004ce4 (0x007e843b) addw    s0, t4, t2
core   0: 1 0x0000000080004ce4 (0x007e843b) x8  0x0000000000000999
core   0: 0x0000000080004ce8 (0x036c5b3b) divuw   s6, s8, s6
core   0: 1 0x0000000080004ce8 (0x036c5b3b) x22 0x0000000000000000
core   0: 0x0000000080004cec (0x419b80b3) sub     ra, s7, s9
core   0: 1 0x0000000080004cec (0x419b80b3) x1  0x0000000000000000
core   0: 0x0000000080004cf0 (0x7ee92493) slti    s1, s2, 2030
core   0: 1 0x0000000080004cf0 (0x7ee92493) x9  0x0000000000000000
core   0: 0x0000000080004cf4 (0x122cf153) fmul.d  ft2, fs9, ft2
core   0: 1 0x0000000080004cf4 (0x122cf153) f2  0x0000000000000000
core   0: 0x0000000080004cf8 (0x0167d63b) srlw    a2, a5, s6
core   0: 1 0x0000000080004cf8 (0x0167d63b) x12 0xfffffffffffff849
core   0: 0x0000000080004cfc (0x00f8dc93) srli    s9, a7, 15
core   0: 1 0x0000000080004cfc (0x00f8dc93) x25 0x0000000000000000
core   0: 0x0000000080004d00 (0x42098853) fcvt.d.s fa6, fs3
core   0: 1 0x0000000080004d00 (0x42098853) f16 0x7ff8000000000000
core   0: 0x0000000080004d04 (0xb2e7704b) fnmsub.d ft0, fa4, fa4, fs6
core   0: 1 0x0000000080004d04 (0xb2e7704b) f0  0x7ff8000000000000
core   0: 0x0000000080004d08 (0xc201fc53) fcvt.w.d s8, ft3
core   0: 1 0x0000000080004d08 (0xc201fc53) c1_fflags 0x0000000000000011 x24 0x000000007fffffff
core   0: 0x0000000080004d0c (0x41550abb) subw    s5, a0, s5
core   0: 1 0x0000000080004d0c (0x41550abb) x21 0x0000000052c4139a
core   0: 0x0000000080004d10 (0x010e5993) srli    s3, t3, 16
core   0: 1 0x0000000080004d10 (0x010e5993) x19 0x0000000000000000
core   0: 0x0000000080004d14 (0xdb067543) fmadd.d fa0, fa2, fa6, fs11
core   0: 1 0x0000000080004d14 (0xdb067543) f10 0x7ff8000000000000
core   0: 0x0000000080004d18 (0x029aa2b3) mulhsu  t0, s5, s1
core   0: 1 0x0000000080004d18 (0x029aa2b3) x5  0x0000000000000000
core   0: 0x0000000080004d1c (0x00239573) csrrw   a0, frm, t2
core   0: 1 0x0000000080004d1c (0x00239573) x10 0x0000000000000000 c2_frm 0x0000000000000001
core   0: 0x0000000080004d20 (0x001e8093) addi    ra, t4, 1
core   0: 1 0x0000000080004d20 (0x001e8093) x1  0x0000000000000001
core   0: 0x0000000080004d24 (0xb7ccec17) auipc   s8, 0xb7cce
core   0: 1 0x0000000080004d24 (0xb7ccec17) x24 0x0000000037cd2d24
core   0: 0x0000000080004d28 (0x021e56b3) divu    a3, t3, ra
core   0: 1 0x0000000080004d28 (0x021e56b3) x13 0x0000000000000000
core   0: 0x0000000080004d2c (0x07639637) lui     a2, 0x7639
core   0: 1 0x0000000080004d2c (0x07639637) x12 0x0000000007639000
core   0: 0x0000000080004d30 (0xd0f6061b) addiw   a2, a2, -753
core   0: 1 0x0000000080004d30 (0xd0f6061b) x12 0x0000000007638d0f
core   0: 0x0000000080004d34 (0x00000632) c.slli  a2, 12
core   0: 1 0x0000000080004d34 (0x0632) x12 0x0000007638d0f000
core   0: 0x0000000080004d36 (0x36660613) addi    a2, a2, 870
core   0: 1 0x0000000080004d36 (0x36660613) x12 0x0000007638d0f366
core   0: 0x0000000080004d3a (0x03c621b3) mulhsu  gp, a2, t3
core   0: 1 0x0000000080004d3a (0x03c621b3) x3  0x0000000000000000
core   0: 0x0000000080004d3e (0x23cb80d3) fsgnj.d ft1, fs7, ft8
core   0: 1 0x0000000080004d3e (0x23cb80d3) f1  0x0000000000000000
core   0: 0x0000000080004d42 (0x01c7dcb7) lui     s9, 0x1c7d
core   0: 1 0x0000000080004d42 (0x01c7dcb7) x25 0x0000000001c7d000
core   0: 0x0000000080004d46 (0xd15c8c9b) addiw   s9, s9, -747
core   0: 1 0x0000000080004d46 (0xd15c8c9b) x25 0x0000000001c7cd15
core   0: 0x0000000080004d4a (0x00000cba) c.slli  s9, 14
core   0: 1 0x0000000080004d4a (0x0cba) x25 0x00000071f3454000
core   0: 0x0000000080004d4c (0xac4c8c93) addi    s9, s9, -1340
core   0: 1 0x0000000080004d4c (0xac4c8c93) x25 0x00000071f3453ac4
core   0: 0x0000000080004d50 (0xa21b8353) fle.d   t1, fs7, ft1
core   0: 1 0x0000000080004d50 (0xa21b8353) x6  0x0000000000000001
core   0: 0x0000000080004d54 (0x7ff6e693) ori     a3, a3, 2047
core   0: 1 0x0000000080004d54 (0x7ff6e693) x13 0x00000000000007ff
core   0: 0x0000000080004d58 (0x02c31193) slli    gp, t1, 44
core   0: 1 0x0000000080004d58 (0x02c31193) x3  0x0000100000000000
core   0: 0x0000000080004d5c (0x01885693) srli    a3, a6, 24
core   0: 1 0x0000000080004d5c (0x01885693) x13 0x0000000000000000
core   0: 0x0000000080004d60 (0x032bac33) mulhsu  s8, s7, s2
core   0: 1 0x0000000080004d60 (0x032bac33) x24 0x0000000000000000
core   0: 0x0000000080004d64 (0x310fdc73) csrrwi  s8, mstatush, 31
core   0: exception trap_illegal_instruction, epc 0x0000000080004d64
core   0:           tval 0x00000000310fdc73
core   0: >>>>  $xrv64i2p1_m2p0_a2p1_f2p2_d2p2_zicsr2p0_zifencei2p0_zmmul1p0_zba1p0_zbb1p0_zbc1p0_zbs1p0
core   0: 0x0000000080004000 (0x0080006f) j       pc + 0x8
core   0: 3 0x0000000080004000 (0x0080006f)
core   0: >>>>  mmode_exception_handler
core   0: 0x0000000080004008 (0x00002c17) auipc   s8, 0x2
core   0: 3 0x0000000080004008 (0x00002c17) x24 0x0000000080006008
core   0: 0x000000008000400c (0x0f0c0c13) addi    s8, s8, 240
core   0: 3 0x000000008000400c (0x0f0c0c13) x24 0x00000000800060f8
core   0: 0x0000000080004010 (0x000c00e7) jalr    s8
core   0: 3 0x0000000080004010 (0x000c00e7) x1  0x0000000080004014
core   0: >>>>  any_handler
core   0: 0x00000000800060f8 (0x341027f3) csrrs   a5, mepc, zero
core   0: 3 0x00000000800060f8 (0x341027f3) x15 0x0000000080004d64
core   0: 0x00000000800060fc (0x34202773) csrrs   a4, mcause, zero
core   0: 3 0x00000000800060fc (0x34202773) x14 0x0000000000000002
core   0: 0x0000000080006100 (0x142026f3) csrrs   a3, scause, zero
core   0: 3 0x0000000080006100 (0x142026f3) x13 0x0000000000000000
core   0: 0x0000000080006104 (0x30402673) csrrs   a2, mie, zero
core   0: 3 0x0000000080006104 (0x30402673) x12 0x0000000000000a00
core   0: 0x0000000080006108 (0x344025f3) csrrs   a1, mip, zero
core   0: 3 0x0000000080006108 (0x344025f3) x11 0x0000000000000080
core   0: 0x000000008000610c (0x343025f3) csrrs   a1, mtval, zero
core   0: 3 0x000000008000610c (0x343025f3) x11 0x00000000310fdc73
core   0: 0x0000000080006110 (0x14302573) csrrs   a0, stval, zero
core   0: 3 0x0000000080006110 (0x14302573) x10 0x0000000000000000
core   0: 0x0000000080006114 (0xb02024f3) csrrs   s1, minstret, zero
core   0: 3 0x0000000080006114 (0xb02024f3) x9  0x0000000000000cb2
core   0: 0x0000000080006118 (0x0000a811) c.j     pc + 20
core   0: 3 0x0000000080006118 (0xa811)
core   0: >>>>  mepc_4
core   0: 0x000000008000612c (0x00000791) c.addi  a5, 4
core   0: 3 0x000000008000612c (0x0791) x15 0x0000000080004d68
core   0: 0x000000008000612e (0x34179073) csrrw   zero, mepc, a5
core   0: 3 0x000000008000612e (0x34179073) c833_mepc 0x0000000080004d68
core   0: 0x0000000080006132 (0x30200073) mret
core   0: 3 0x0000000080006132 (0x30200073) c768_mstatus 0x8000000a00106080
core   0: 0x0000000080004d68 (0x005299bb) sllw    s3, t0, t0
core   0: 1 0x0000000080004d68 (0x005299bb) x19 0x0000000000000000
core   0: 0x0000000080004d6c (0xf20c0bd3) fmv.d.x fs7, s8
core   0: 1 0x0000000080004d6c (0xf20c0bd3) f23 0x00000000800060f8
core   0: 0x0000000080004d70 (0x002d6b37) lui     s6, 0x2d6
core   0: 1 0x0000000080004d70 (0x002d6b37) x22 0x00000000002d6000
core   0: 0x0000000080004d74 (0x5e3b0b1b) addiw   s6, s6, 1507
core   0: 1 0x0000000080004d74 (0x5e3b0b1b) x22 0x00000000002d65e3
core   0: 0x0000000080004d78 (0x00000b36) c.slli  s6, 13
core   0: 1 0x0000000080004d78 (0x0b36) x22 0x00000005acbc6000
core   0: 0x0000000080004d7a (0xa1cb0b13) addi    s6, s6, -1508
core   0: 1 0x0000000080004d7a (0xa1cb0b13) x22 0x00000005acbc5a1c
core   0: 0x0000000080004d7e (0x00000001) c.nop
core   0: 1 0x0000000080004d7e (0x0001)
core   0: 0x0000000080004d80 (0xd2267dd3) fcvt.d.l fs11, a2
core   0: 1 0x0000000080004d80 (0xd2267dd3) f27 0x40a4000000000000
core   0: 0x0000000080004d84 (0xf2010453) fmv.d.x fs0, sp
core   0: 1 0x0000000080004d84 (0xf2010453) f8  0x00000000000007fa
core   0: 0x0000000080004d88 (0x036144bb) divw    s1, sp, s6
core   0: 1 0x0000000080004d88 (0x036144bb) x9  0x0000000000000000
core   0: 0x0000000080004d8c (0xc02d77d3) fcvt.l.s a5, fs10
core   0: 1 0x0000000080004d8c (0xc02d77d3) c1_fflags 0x0000000000000011 x15 0x7fffffffffffffff
core   0: 0x0000000080004d90 (0xd02effd3) fcvt.s.l ft11, t4
core   0: 1 0x0000000080004d90 (0xd02effd3) f31 0xffffffff00000000
core   0: 0x0000000080004d94 (0x0ff0000f) fence   iorw,iorw
core   0: 1 0x0000000080004d94 (0x0ff0000f)
core   0: 0x0000000080004d98 (0x306d1df3) csrrw   s11, mcounteren, s10
core   0: exception trap_illegal_instruction, epc 0x0000000080004d98
core   0:           tval 0x00000000306d1df3
core   0: >>>>  $xrv64i2p1_m2p0_a2p1_f2p2_d2p2_zicsr2p0_zifencei2p0_zmmul1p0_zba1p0_zbb1p0_zbc1p0_zbs1p0
core   0: 0x0000000080004000 (0x0080006f) j       pc + 0x8
core   0: 3 0x0000000080004000 (0x0080006f)
core   0: >>>>  mmode_exception_handler
core   0: 0x0000000080004008 (0x00002c17) auipc   s8, 0x2
core   0: 3 0x0000000080004008 (0x00002c17) x24 0x0000000080006008
core   0: 0x000000008000400c (0x0f0c0c13) addi    s8, s8, 240
core   0: 3 0x000000008000400c (0x0f0c0c13) x24 0x00000000800060f8
core   0: 0x0000000080004010 (0x000c00e7) jalr    s8
core   0: 3 0x0000000080004010 (0x000c00e7) x1  0x0000000080004014
core   0: >>>>  any_handler
core   0: 0x00000000800060f8 (0x341027f3) csrrs   a5, mepc, zero
core   0: 3 0x00000000800060f8 (0x341027f3) x15 0x0000000080004d98
core   0: 0x00000000800060fc (0x34202773) csrrs   a4, mcause, zero
core   0: 3 0x00000000800060fc (0x34202773) x14 0x0000000000000002
core   0: 0x0000000080006100 (0x142026f3) csrrs   a3, scause, zero
core   0: 3 0x0000000080006100 (0x142026f3) x13 0x0000000000000000
core   0: 0x0000000080006104 (0x30402673) csrrs   a2, mie, zero
core   0: 3 0x0000000080006104 (0x30402673) x12 0x0000000000000a00
core   0: 0x0000000080006108 (0x344025f3) csrrs   a1, mip, zero
core   0: 3 0x0000000080006108 (0x344025f3) x11 0x0000000000000080
core   0: 0x000000008000610c (0x343025f3) csrrs   a1, mtval, zero
core   0: 3 0x000000008000610c (0x343025f3) x11 0x00000000306d1df3
core   0: 0x0000000080006110 (0x14302573) csrrs   a0, stval, zero
core   0: 3 0x0000000080006110 (0x14302573) x10 0x0000000000000000
core   0: 0x0000000080006114 (0xb02024f3) csrrs   s1, minstret, zero
core   0: 3 0x0000000080006114 (0xb02024f3) x9  0x0000000000000ccf
core   0: 0x0000000080006118 (0x0000a811) c.j     pc + 20
core   0: 3 0x0000000080006118 (0xa811)
core   0: >>>>  mepc_4
core   0: 0x000000008000612c (0x00000791) c.addi  a5, 4
core   0: 3 0x000000008000612c (0x0791) x15 0x0000000080004d9c
core   0: 0x000000008000612e (0x34179073) csrrw   zero, mepc, a5
core   0: 3 0x000000008000612e (0x34179073) c833_mepc 0x0000000080004d9c
core   0: 0x0000000080006132 (0x30200073) mret
core   0: 3 0x0000000080006132 (0x30200073) c768_mstatus 0x8000000a00106080
core   0: 0x0000000080004d9c (0xc0377653) fcvt.lu.s a2, fa4
core   0: 1 0x0000000080004d9c (0xc0377653) c1_fflags 0x0000000000000011 x12 0xffffffffffffffff
core   0: 0x0000000080004da0 (0xfff5c413) not     s0, a1
core   0: 1 0x0000000080004da0 (0xfff5c413) x8  0xffffffffcf92e20c
core   0: 0x0000000080004da4 (0x02c613b3) mulh    t2, a2, a2
core   0: 1 0x0000000080004da4 (0x02c613b3) x7  0x0000000000000000
core   0: 0x0000000080004da8 (0x224fadd3) fsgnjx.d fs11, ft11, ft4
core   0: 1 0x0000000080004da8 (0x224fadd3) f27 0xffffffff00000000
core   0: 0x0000000080004dac (0xb7e3ca37) lui     s4, 0xb7e3c
core   0: 1 0x0000000080004dac (0xb7e3ca37) x20 0xffffffffb7e3c000
core   0: 0x0000000080004db0 (0xd023f7d3) fcvt.s.l fa5, t2
core   0: 1 0x0000000080004db0 (0xd023f7d3) f15 0xffffffff00000000
core   0: 0x0000000080004db4 (0x52ca0d13) addi    s10, s4, 1324
core   0: 1 0x0000000080004db4 (0x52ca0d13) x26 0xffffffffb7e3c52c
core   0: 0x0000000080004db8 (0x00b90c3b) addw    s8, s2, a1
core   0: 1 0x0000000080004db8 (0x00b90c3b) x24 0x00000000306d25f2
core   0: 0x0000000080004dbc (0x00ec2533) slt     a0, s8, a4
core   0: 1 0x0000000080004dbc (0x00ec2533) x10 0x0000000000000000
core   0: 0x0000000080004dc0 (0x0247523b) divuw   tp, a4, tp
core   0: 1 0x0000000080004dc0 (0x0247523b) x4  0xffffffffffffffff
core   0: 0x0000000080004dc4 (0xc23dfc53) fcvt.lu.d s8, fs11
core   0: 1 0x0000000080004dc4 (0xc23dfc53) c1_fflags 0x0000000000000011 x24 0xffffffffffffffff
core   0: 0x0000000080004dc8 (0x7ffa8a9b) addiw   s5, s5, 2047
core   0: 1 0x0000000080004dc8 (0x7ffa8a9b) x21 0x0000000052c41b99
core   0: 0x0000000080004dcc (0x4054d1bb) sraw    gp, s1, t0
core   0: 1 0x0000000080004dcc (0x4054d1bb) x3  0x0000000000000ccf
core   0: 0x0000000080004dd0 (0xfacbf093) andi    ra, s7, -84
core   0: 1 0x0000000080004dd0 (0xfacbf093) x1  0x0000000000000000
core   0: 0x0000000080004dd4 (0x012404bb) addw    s1, s0, s2
core   0: 1 0x0000000080004dd4 (0x012404bb) x9  0xffffffffcf92ea0b
core   0: 0x0000000080004dd8 (0x010da833) slt     a6, s11, a6
core   0: 1 0x0000000080004dd8 (0x010da833) x16 0x0000000000000001
core   0: 0x0000000080004ddc (0x0008159b) slliw   a1, a6, 0
core   0: 1 0x0000000080004ddc (0x0008159b) x11 0x0000000000000001
core   0: 0x0000000080004de0 (0x02b4e433) rem     s0, s1, a1
core   0: 1 0x0000000080004de0 (0x02b4e433) x8  0x0000000000000000
core   0: 0x0000000080004de4 (0x2b108f53) fmin.d  ft10, ft1, fa7
core   0: 1 0x0000000080004de4 (0x2b108f53) f30 0x0000000000000000
core   0: 0x0000000080004de8 (0x4155d893) srai    a7, a1, 21
core   0: 1 0x0000000080004de8 (0x4155d893) x17 0x0000000000000000
core   0: 0x0000000080004dec (0x03188abb) mulw    s5, a7, a7
core   0: 1 0x0000000080004dec (0x03188abb) x21 0x0000000000000000
core   0: 0x0000000080004df0 (0x40a4531b) sraiw   t1, s0, 10
core   0: 1 0x0000000080004df0 (0x40a4531b) x6  0x0000000000000000
core   0: 0x0000000080004df4 (0x4004503b) sraw    zero, s0, zero
core   0: 1 0x0000000080004df4 (0x4004503b)
core   0: 0x0000000080004df8 (0x007453bb) srlw    t2, s0, t2
core   0: 1 0x0000000080004df8 (0x007453bb) x7  0x0000000000000000
core   0: 0x0000000080004dfc (0x03fc1b13) slli    s6, s8, 63
core   0: 1 0x0000000080004dfc (0x03fc1b13) x22 0x8000000000000000
core   0: 0x0000000080004e00 (0xc2147cd3) fcvt.wu.d s9, fs0
core   0: 1 0x0000000080004e00 (0xc2147cd3) c1_fflags 0x0000000000000011 x25 0x0000000000000000
core   0: 0x0000000080004e04 (0x0136d83b) srlw    a6, a3, s3
core   0: 1 0x0000000080004e04 (0x0136d83b) x16 0x0000000000000000
core   0: 0x0000000080004e08 (0x4189d73b) sraw    a4, s3, s8
core   0: 1 0x0000000080004e08 (0x4189d73b) x14 0x0000000000000000
core   0: 0x0000000080004e0c (0x0016fe93) andi    t4, a3, 1
core   0: 1 0x0000000080004e0c (0x0016fe93) x29 0x0000000000000000
core   0: 0x0000000080004e10 (0x3e056893) ori     a7, a0, 992
core   0: 1 0x0000000080004e10 (0x3e056893) x17 0x00000000000003e0
core   0: 0x0000000080004e14 (0x000b9b9b) slliw   s7, s7, 0
core   0: 1 0x0000000080004e14 (0x000b9b9b) x23 0x0000000000000000
core   0: 0x0000000080004e18 (0x13c0f753) fmul.d  fa4, ft1, ft8
core   0: 1 0x0000000080004e18 (0x13c0f753) f14 0x0000000000000000
core   0: 0x0000000080004e1c (0x000090be) c.add   ra, a5
core   0: 1 0x0000000080004e1c (0x90be) x1  0x0000000080004d9c
core   0: 0x0000000080004e1e (0x5a06fc53) fsqrt.d fs8, fa3
core   0: 1 0x0000000080004e1e (0x5a06fc53) f24 0x7ff8000000000000
core   0: 0x0000000080004e22 (0x024cbd33) mulhu   s10, s9, tp
core   0: 1 0x0000000080004e22 (0x024cbd33) x26 0x0000000000000000
core   0: 0x0000000080004e26 (0xc026fad3) fcvt.l.s s5, fa3
core   0: 1 0x0000000080004e26 (0xc026fad3) c1_fflags 0x0000000000000011 x21 0x7fffffffffffffff
core   0: 0x0000000080004e2a (0x027a5e93) srli    t4, s4, 39
core   0: 1 0x0000000080004e2a (0x027a5e93) x29 0x0000000001ffffff
core   0: 0x0000000080004e2e (0xc022fa53) fcvt.l.s s4, ft5
core   0: 1 0x0000000080004e2e (0xc022fa53) c1_fflags 0x0000000000000011 x20 0x7fffffffffffffff
core   0: 0x0000000080004e32 (0x02b3403b) divw    zero, t1, a1
core   0: 1 0x0000000080004e32 (0x02b3403b)
core   0: 0x0000000080004e36 (0x8c00021b) addiw   tp, zero, -1856
core   0: 1 0x0000000080004e36 (0x8c00021b) x4  0xfffffffffffff8c0
core   0: 0x0000000080004e3a (0xd0327d53) fcvt.s.lu fs10, tp
core   0: 1 0x0000000080004e3a (0xd0327d53) c1_fflags 0x0000000000000011 f26 0xffffffff5f7fffff
core   0: 0x0000000080004e3e (0x012852bb) srlw    t0, a6, s2
core   0: 1 0x0000000080004e3e (0x012852bb) x5  0x0000000000000000
core   0: 0x0000000080004e42 (0x00097a13) andi    s4, s2, 0
core   0: 1 0x0000000080004e42 (0x00097a13) x20 0x0000000000000000
core   0: 0x0000000080004e46 (0x03aa5c3b) divuw   s8, s4, s10
core   0: 1 0x0000000080004e46 (0x03aa5c3b) x24 0xffffffffffffffff
core   0: 0x0000000080004e4a (0xfffa4b13) not     s6, s4
core   0: 1 0x0000000080004e4a (0xfffa4b13) x22 0xffffffffffffffff
core   0: 0x0000000080004e4e (0x0013d8bb) srlw    a7, t2, ra
core   0: 1 0x0000000080004e4e (0x0013d8bb) x17 0x0000000000000000
core   0: 0x0000000080004e52 (0x22f79f53) fsgnjn.d ft10, fa5, fa5
core   0: 1 0x0000000080004e52 (0x22f79f53) f30 0x7fffffff00000000
core   0: 0x0000000080004e56 (0x1b1ff153) fdiv.d  ft2, ft11, fa7
core   0: 1 0x0000000080004e56 (0x1b1ff153) f2  0x7ff8000000000000
core   0: 0x0000000080004e5a (0x77c8f593) andi    a1, a7, 1916
core   0: 1 0x0000000080004e5a (0x77c8f593) x11 0x0000000000000000
core   0: 0x0000000080004e5e (0x0103f3b3) and     t2, t2, a6
core   0: 1 0x0000000080004e5e (0x0103f3b3) x7  0x0000000000000000
core   0: 0x0000000080004e62 (0x4141d433) sra     s0, gp, s4
core   0: 1 0x0000000080004e62 (0x4141d433) x8  0x0000000000000ccf
core   0: 0x0000000080004e66 (0x225a82d3) fsgnj.d ft5, fs5, ft5
core   0: 1 0x0000000080004e66 (0x225a82d3) f5  0x7fffffff5f800000
core   0: 0x0000000080004e6a (0x01a17133) and     sp, sp, s10
core   0: 1 0x0000000080004e6a (0x01a17133) x2  0x0000000000000000
core   0: 0x0000000080004e6e (0x41560cb3) sub     s9, a2, s5
core   0: 1 0x0000000080004e6e (0x41560cb3) x25 0x8000000000000000
core   0: 0x0000000080004e72 (0x00ece7b3) or      a5, s9, a4
core   0: 1 0x0000000080004e72 (0x00ece7b3) x15 0x8000000000000000
core   0: 0x0000000080004e76 (0x03291333) mulh    t1, s2, s2
core   0: 1 0x0000000080004e76 (0x03291333) x6  0x0000000000000000
core   0: 0x0000000080004e7a (0xd035f053) fcvt.s.lu ft0, a1
core   0: 1 0x0000000080004e7a (0xd035f053) f0  0xffffffff00000000
core   0: 0x0000000080004e7e (0x23438a53) fsgnj.d fs4, ft7, fs4
core   0: 1 0x0000000080004e7e (0x23438a53) f20 0x0000000000000000
core   0: 0x0000000080004e82 (0x019c14b3) sll     s1, s8, s9
core   0: 1 0x0000000080004e82 (0x019c14b3) x9  0xffffffffffffffff
core   0: 0x0000000080004e86 (0x002d09b7) lui     s3, 0x2d0
core   0: 1 0x0000000080004e86 (0x002d09b7) x19 0x00000000002d0000
core   0: 0x0000000080004e8a (0xd779899b) addiw   s3, s3, -649
core   0: 1 0x0000000080004e8a (0xd779899b) x19 0x00000000002cfd77
core   0: 0x0000000080004e8e (0x000009be) c.slli  s3, 15
core   0: 1 0x0000000080004e8e (0x09be) x19 0x000000167ebb8000
core   0: 0x0000000080004e90 (0x35998993) addi    s3, s3, 857
core   0: 1 0x0000000080004e90 (0x35998993) x19 0x000000167ebb8359
core   0: 0x0000000080004e94 (0xc023f6d3) fcvt.l.s a3, ft7
core   0: 1 0x0000000080004e94 (0xc023f6d3) c1_fflags 0x0000000000000011 x13 0x7fffffffffffffff
core   0: 0x0000000080004e98 (0x12427353) fmul.d  ft6, ft4, ft4
core   0: 1 0x0000000080004e98 (0x12427353) f6  0x7ff8000000000000
core   0: 0x0000000080004e9c (0x0128fa33) and     s4, a7, s2
core   0: 1 0x0000000080004e9c (0x0128fa33) x20 0x0000000000000000
core   0: 0x0000000080004ea0 (0x420787d3) fcvt.d.s fa5, fa5
core   0: 1 0x0000000080004ea0 (0x420787d3) f15 0x0000000000000000
core   0: 0x0000000080004ea4 (0x02867433) remu    s0, a2, s0
core   0: 1 0x0000000080004ea4 (0x02867433) x8  0x00000000000000c6
core   0: 0x0000000080004ea8 (0xd035f253) fcvt.s.lu ft4, a1
core   0: 1 0x0000000080004ea8 (0xd035f253) f4  0xffffffff00000000
core   0: 0x0000000080004eac (0xc239f853) fcvt.lu.d a6, fs3
core   0: 1 0x0000000080004eac (0xc239f853) x16 0x000000007fffffff
core   0: 0x0000000080004eb0 (0x02216133) rem     sp, sp, sp
core   0: 1 0x0000000080004eb0 (0x02216133) x2  0x0000000000000000
core   0: 0x0000000080004eb4 (0x0062139b) slliw   t2, tp, 6
core   0: 1 0x0000000080004eb4 (0x0062139b) x7  0xfffffffffffe3000
core   0: 0x0000000080004eb8 (0x40d35433) sra     s0, t1, a3
core   0: 1 0x0000000080004eb8 (0x40d35433) x8  0x0000000000000000
core   0: 0x0000000080004ebc (0x00a3129b) slliw   t0, t1, 10
core   0: 1 0x0000000080004ebc (0x00a3129b) x5  0x0000000000000000
core   0: 0x0000000080004ec0 (0x414a553b) sraw    a0, s4, s4
core   0: 1 0x0000000080004ec0 (0x414a553b) x10 0x0000000000000000
core   0: 0x0000000080004ec4 (0x00000001) c.nop
core   0: 1 0x0000000080004ec4 (0x0001)
core   0: 0x0000000080004ec6 (0x5a0ef953) fsqrt.d fs2, ft9
core   0: 1 0x0000000080004ec6 (0x5a0ef953) f18 0x7ff8000000000000
core   0: 0x0000000080004eca (0x0198ab33) slt     s6, a7, s9
core   0: 1 0x0000000080004eca (0x0198ab33) x22 0x0000000000000000
core   0: 0x0000000080004ece (0x8e7a889b) addiw   a7, s5, -1817
core   0: 1 0x0000000080004ece (0x8e7a889b) x17 0xfffffffffffff8e6
core   0: 0x0000000080004ed2 (0x01c56333) or      t1, a0, t3
core   0: 1 0x0000000080004ed2 (0x01c56333) x6  0x0000000000000000
core   0: 0x0000000080004ed6 (0x0a5372d3) fsub.d  ft5, ft6, ft5
core   0: 1 0x0000000080004ed6 (0x0a5372d3) f5  0x7ff8000000000000
core   0: 0x0000000080004eda (0xb2f7f6c7) fmsub.d fa3, fa5, fa5, fs6
core   0: 1 0x0000000080004eda (0xb2f7f6c7) f13 0x7ff8000000000000
core   0: 0x0000000080004ede (0x23e79f53) fsgnjn.d ft10, fa5, ft10
core   0: 1 0x0000000080004ede (0x23e79f53) f30 0x8000000000000000
core   0: 0x0000000080004ee2 (0x01134d33) xor     s10, t1, a7
core   0: 1 0x0000000080004ee2 (0x01134d33) x26 0xfffffffffffff8e6
core   0: 0x0000000080004ee6 (0xc2327053) fcvt.lu.d zero, ft4
core   0: 1 0x0000000080004ee6 (0xc2327053) c1_fflags 0x0000000000000011
core   0: 0x0000000080004eea (0x00000001) c.nop
core   0: 1 0x0000000080004eea (0x0001)
core   0: 0x0000000080004eec (0xa3578453) fle.d   s0, fa5, fs5
core   0: 1 0x0000000080004eec (0xa3578453) c1_fflags 0x0000000000000011 x8  0x0000000000000000
core   0: 0x0000000080004ef0 (0x0247f0d3) fadd.d  ft1, fa5, ft4
core   0: 1 0x0000000080004ef0 (0x0247f0d3) f1  0x7ff8000000000000
core   0: 0x0000000080004ef4 (0x00000001) c.nop
core   0: 1 0x0000000080004ef4 (0x0001)
core   0: 0x0000000080004ef6 (0x00871c3b) sllw    s8, a4, s0
core   0: 1 0x0000000080004ef6 (0x00871c3b) x24 0x0000000000000000
core   0: 0x0000000080004efa (0x418855b3) sra     a1, a6, s8
core   0: 1 0x0000000080004efa (0x418855b3) x11 0x000000007fffffff
core   0: 0x0000000080004efe (0x0041833b) addw    t1, gp, tp
core   0: 1 0x0000000080004efe (0x0041833b) x6  0x000000000000058f
core   0: 0x0000000080004f02 (0x01c20c33) add     s8, tp, t3
core   0: 1 0x0000000080004f02 (0x01c20c33) x24 0xfffffffffffff8c0
core   0: 0x0000000080004f06 (0x038b8e3b) mulw    t3, s7, s8
core   0: 1 0x0000000080004f06 (0x038b8e3b) x28 0x0000000000000000
core   0: 0x0000000080004f0a (0x006c083b) addw    a6, s8, t1
core   0: 1 0x0000000080004f0a (0x006c083b) x16 0xfffffffffffffe4f
core   0: 0x0000000080004f0e (0xd23e7fd3) fcvt.d.lu ft11, t3
core   0: 1 0x0000000080004f0e (0xd23e7fd3) f31 0x0000000000000000
core   0: 0x0000000080004f12 (0x02aedeb3) divu    t4, t4, a0
core   0: 1 0x0000000080004f12 (0x02aedeb3) x29 0xffffffffffffffff
core   0: 0x0000000080004f16 (0x2b348853) fmin.d  fa6, fs1, fs3
core   0: 1 0x0000000080004f16 (0x2b348853) f16 0x41dfffffffc00000
core   0: 0x0000000080004f1a (0xd232f753) fcvt.d.lu fa4, t0
core   0: 1 0x0000000080004f1a (0xd232f753) f14 0x0000000000000000
core   0: 0x0000000080004f1e (0x43f55893) srai    a7, a0, 63
core   0: 1 0x0000000080004f1e (0x43f55893) x17 0x0000000000000000
core   0: 0x0000000080004f22 (0x035c4c3b) divw    s8, s8, s5
core   0: 1 0x0000000080004f22 (0x035c4c3b) x24 0x0000000000000740
core   0: 0x0000000080004f26 (0x0154973b) sllw    a4, s1, s5
core   0: 1 0x0000000080004f26 (0x0154973b) x14 0xffffffff80000000
core   0: 0x0000000080004f2a (0x023550bb) divuw   ra, a0, gp
core   0: 1 0x0000000080004f2a (0x023550bb) x1  0x0000000000000000
core   0: 0x0000000080004f2e (0x4016dc33) sra     s8, a3, ra
core   0: 1 0x0000000080004f2e (0x4016dc33) x24 0x7fffffffffffffff
core   0: 0x0000000080004f32 (0x021d5db3) divu    s11, s10, ra
core   0: 1 0x0000000080004f32 (0x021d5db3) x27 0xffffffffffffffff
core   0: 0x0000000080004f36 (0x0122da13) srli    s4, t0, 18
core   0: 1 0x0000000080004f36 (0x0122da13) x20 0x0000000000000000
core   0: 0x0000000080004f3a (0x027276bb) remuw   a3, tp, t2
core   0: 1 0x0000000080004f3a (0x027276bb) x13 0x000000000001c8c0
core   0: 0x0000000080004f3e (0x0082543b) srlw    s0, tp, s0
core   0: 1 0x0000000080004f3e (0x0082543b) x8  0xfffffffffffff8c0
core   0: 0x0000000080004f42 (0xc02673d3) fcvt.l.s t2, fa2
core   0: 1 0x0000000080004f42 (0xc02673d3) c1_fflags 0x0000000000000011 x7  0x7fffffffffffffff
core   0: 0x0000000080004f46 (0x4055d01b) sraiw   zero, a1, 5
core   0: 1 0x0000000080004f46 (0x4055d01b)
core   0: 0x0000000080004f4a (0xc23cf753) fcvt.lu.d a4, fs9
core   0: 1 0x0000000080004f4a (0xc23cf753) x14 0x0000000080004014
core   0: 0x0000000080004f4e (0x4105083b) subw    a6, a0, a6
core   0: 1 0x0000000080004f4e (0x4105083b) x16 0x00000000000001b1
core   0: 0x0000000080004f52 (0x021839b3) mulhu   s3, a6, ra
core   0: 1 0x0000000080004f52 (0x021839b3) x19 0x0000000000000000
core   0: 0x0000000080004f56 (0xf1521cf3) csrrw   s9, mconfigptr, tp
core   0: exception trap_illegal_instruction, epc 0x0000000080004f56
core   0:           tval 0x00000000f1521cf3
core   0: >>>>  $xrv64i2p1_m2p0_a2p1_f2p2_d2p2_zicsr2p0_zifencei2p0_zmmul1p0_zba1p0_zbb1p0_zbc1p0_zbs1p0
core   0: 0x0000000080004000 (0x0080006f) j       pc + 0x8
core   0: 3 0x0000000080004000 (0x0080006f)
core   0: >>>>  mmode_exception_handler
core   0: 0x0000000080004008 (0x00002c17) auipc   s8, 0x2
core   0: 3 0x0000000080004008 (0x00002c17) x24 0x0000000080006008
core   0: 0x000000008000400c (0x0f0c0c13) addi    s8, s8, 240
core   0: 3 0x000000008000400c (0x0f0c0c13) x24 0x00000000800060f8
core   0: 0x0000000080004010 (0x000c00e7) jalr    s8
core   0: 3 0x0000000080004010 (0x000c00e7) x1  0x0000000080004014
core   0: >>>>  any_handler
core   0: 0x00000000800060f8 (0x341027f3) csrrs   a5, mepc, zero
core   0: 3 0x00000000800060f8 (0x341027f3) x15 0x0000000080004f56
core   0: 0x00000000800060fc (0x34202773) csrrs   a4, mcause, zero
core   0: 3 0x00000000800060fc (0x34202773) x14 0x0000000000000002
core   0: 0x0000000080006100 (0x142026f3) csrrs   a3, scause, zero
core   0: 3 0x0000000080006100 (0x142026f3) x13 0x0000000000000000
core   0: 0x0000000080006104 (0x30402673) csrrs   a2, mie, zero
core   0: 3 0x0000000080006104 (0x30402673) x12 0x0000000000000a00
core   0: 0x0000000080006108 (0x344025f3) csrrs   a1, mip, zero
core   0: 3 0x0000000080006108 (0x344025f3) x11 0x0000000000000080
core   0: 0x000000008000610c (0x343025f3) csrrs   a1, mtval, zero
core   0: 3 0x000000008000610c (0x343025f3) x11 0x00000000f1521cf3
core   0: 0x0000000080006110 (0x14302573) csrrs   a0, stval, zero
core   0: 3 0x0000000080006110 (0x14302573) x10 0x0000000000000000
core   0: 0x0000000080006114 (0xb02024f3) csrrs   s1, minstret, zero
core   0: 3 0x0000000080006114 (0xb02024f3) x9  0x0000000000000d50
core   0: 0x0000000080006118 (0x0000a811) c.j     pc + 20
core   0: 3 0x0000000080006118 (0xa811)
core   0: >>>>  mepc_4
core   0: 0x000000008000612c (0x00000791) c.addi  a5, 4
core   0: 3 0x000000008000612c (0x0791) x15 0x0000000080004f5a
core   0: 0x000000008000612e (0x34179073) csrrw   zero, mepc, a5
core   0: 3 0x000000008000612e (0x34179073) c833_mepc 0x0000000080004f5a
core   0: 0x0000000080006132 (0x30200073) mret
core   0: 3 0x0000000080006132 (0x30200073) c768_mstatus 0x8000000a00106080
core   0: 0x0000000080004f5a (0x02a157b3) divu    a5, sp, a0
core   0: 1 0x0000000080004f5a (0x02a157b3) x15 0xffffffffffffffff
core   0: 0x0000000080004f5e (0x025ae2b3) rem     t0, s5, t0
core   0: 1 0x0000000080004f5e (0x025ae2b3) x5  0x7fffffffffffffff
core   0: 0x0000000080004f62 (0x10a07073) csrrci  zero, senvcfg, 0
core   0: 1 0x0000000080004f62 (0x10a07073)
core   0: 0x0000000080004f66 (0xc2327253) fcvt.lu.d tp, ft4
core   0: 1 0x0000000080004f66 (0xc2327253) c1_fflags 0x0000000000000011 x4  0xffffffffffffffff
core   0: 0x0000000080004f6a (0x0251d413) srli    s0, gp, 37
core   0: 1 0x0000000080004f6a (0x0251d413) x8  0x0000000000000000
core   0: 0x0000000080004f6e (0x00000001) c.nop
core   0: 1 0x0000000080004f6e (0x0001)
core   0: 0x0000000080004f70 (0x03307033) remu    zero, zero, s3
core   0: 1 0x0000000080004f70 (0x03307033)
core   0: 0x0000000080004f74 (0x0aa6fbd3) fsub.d  fs7, fa3, fa0
core   0: 1 0x0000000080004f74 (0x0aa6fbd3) f23 0x7ff8000000000000
core   0: 0x0000000080004f78 (0x01c97c33) and     s8, s2, t3
core   0: 1 0x0000000080004f78 (0x01c97c33) x24 0x0000000000000000
core   0: 0x0000000080004f7c (0x018c14b3) sll     s1, s8, s8
core   0: 1 0x0000000080004f7c (0x018c14b3) x9  0x0000000000000000
core   0: 0x0000000080004f80 (0x008467b3) or      a5, s0, s0
core   0: 1 0x0000000080004f80 (0x008467b3) x15 0x0000000000000000
core   0: 0x0000000080004f84 (0x039fffd3) fadd.d  ft11, ft11, fs9
core   0: 1 0x0000000080004f84 (0x039fffd3) f31 0x41e0000802800000
core   0: 0x0000000080004f88 (0xc221f8d3) fcvt.l.d a7, ft3
core   0: 1 0x0000000080004f88 (0xc221f8d3) c1_fflags 0x0000000000000011 x17 0x7fffffffffffffff
core   0: 0x0000000080004f8c (0x03da1a33) mulh    s4, s4, t4
core   0: 1 0x0000000080004f8c (0x03da1a33) x20 0x0000000000000000
core   0: 0x0000000080004f90 (0x00000001) c.nop
core   0: 1 0x0000000080004f90 (0x0001)
core   0: 0x0000000080004f92 (0x0073d133) srl     sp, t2, t2
core   0: 1 0x0000000080004f92 (0x0073d133) x2  0x0000000000000000
core   0: 0x0000000080004f96 (0x03cdadb3) mulhsu  s11, s11, t3
core   0: 1 0x0000000080004f96 (0x03cdadb3) x27 0x0000000000000000
core   0: 0x0000000080004f9a (0x401a7553) fcvt.s.d fa0, fs4
core   0: 1 0x0000000080004f9a (0x401a7553) f10 0xffffffff00000000
core   0: 0x0000000080004f9e (0xd2287653) fcvt.d.l fa2, a6
core   0: 1 0x0000000080004f9e (0xd2287653) f12 0x407b100000000000
core   0: 0x0000000080004fa2 (0x01b09813) slli    a6, ra, 27
core   0: 1 0x0000000080004fa2 (0x01b09813) x16 0x04000200a0000000
core   0: 0x0000000080004fa6 (0x43db5113) srai    sp, s6, 61
core   0: 1 0x0000000080004fa6 (0x43db5113) x2  0x0000000000000000
core   0: 0x0000000080004faa (0x0006161b) slliw   a2, a2, 0
core   0: 1 0x0000000080004faa (0x0006161b) x12 0x0000000000000a00
core   0: 0x0000000080004fae (0xc23574d3) fcvt.lu.d s1, fa0
core   0: 1 0x0000000080004fae (0xc23574d3) c1_fflags 0x0000000000000011 x9  0xffffffffffffffff
core   0: 0x0000000080004fb2 (0xa30383d3) fle.d   t2, ft7, fa6
core   0: 1 0x0000000080004fb2 (0xa30383d3) x7  0x0000000000000001
core   0: 0x0000000080004fb6 (0xc02dfa53) fcvt.l.s s4, fs11
core   0: 1 0x0000000080004fb6 (0xc02dfa53) x20 0x0000000000000000
core   0: 0x0000000080004fba (0xc2187253) fcvt.wu.d tp, fa6
core   0: 1 0x0000000080004fba (0xc2187253) x4  0x000000007fffffff
core   0: 0x0000000080004fbe (0xe2060dd3) fmv.x.d s11, fa2
core   0: 1 0x0000000080004fbe (0xe2060dd3) x27 0x407b100000000000
core   0: 0x0000000080004fc2 (0x03a5f03b) remuw   zero, a1, s10
core   0: 1 0x0000000080004fc2 (0x03a5f03b)
core   0: 0x0000000080004fc6 (0x400d05bb) subw    a1, s10, zero
core   0: 1 0x0000000080004fc6 (0x400d05bb) x11 0xfffffffffffff8e6
core   0: 0x0000000080004fca (0xf20e8d53) fmv.d.x fs10, t4
core   0: 1 0x0000000080004fca (0xf20e8d53) f26 0xffffffffffffffff
core   0: 0x0000000080004fce (0x034ef9bb) remuw   s3, t4, s4
core   0: 1 0x0000000080004fce (0x034ef9bb) x19 0xffffffffffffffff
core   0: 0x0000000080004fd2 (0x00141073) csrrw   zero, fflags, s0
core   0: 1 0x0000000080004fd2 (0x00141073) c1_fflags 0x0000000000000000
core   0: 0x0000000080004fd6 (0x000d4693) xori    a3, s10, 0
core   0: 1 0x0000000080004fd6 (0x000d4693) x13 0xfffffffffffff8e6
core   0: 0x0000000080004fda (0x006dfc37) lui     s8, 0x6df
core   0: 1 0x0000000080004fda (0x006dfc37) x24 0x00000000006df000
core   0: 0x0000000080004fde (0xa31c0c1b) addiw   s8, s8, -1487
core   0: 1 0x0000000080004fde (0xa31c0c1b) x24 0x00000000006dea31
core   0: 0x0000000080004fe2 (0x00000c36) c.slli  s8, 13
core   0: 1 0x0000000080004fe2 (0x0c36) x24 0x0000000dbd462000
core   0: 0x0000000080004fe4 (0x9c9c0c13) addi    s8, s8, -1591
core   0: 1 0x0000000080004fe4 (0x9c9c0c13) x24 0x0000000dbd4619c9
core   0: 0x0000000080004fe8 (0x2bad1953) fmax.d  fs2, fs10, fs10
core   0: 1 0x0000000080004fe8 (0x2bad1953) f18 0x7ff8000000000000
core   0: 0x0000000080004fec (0x039cacb3) mulhsu  s9, s9, s9
core   0: 1 0x0000000080004fec (0x039cacb3) x25 0xc000000000000000
core   0: 0x0000000080004ff0 (0xc2387e53) fcvt.lu.d t3, fa6
core   0: 1 0x0000000080004ff0 (0xc2387e53) x28 0x000000007fffffff
core   0: 0x0000000080004ff4 (0x0025a9b3) slt     s3, a1, sp
core   0: 1 0x0000000080004ff4 (0x0025a9b3) x19 0x0000000000000001
core   0: 0x0000000080004ff8 (0x01ad7933) and     s2, s10, s10
core   0: 1 0x0000000080004ff8 (0x01ad7933) x18 0xfffffffffffff8e6
core   0: 0x0000000080004ffc (0x400e5b1b) sraiw   s6, t3, 0
core   0: 1 0x0000000080004ffc (0x400e5b1b) x22 0x000000007fffffff
core   0: 0x0000000080005000 (0x037dedbb) remw    s11, s11, s7
core   0: 1 0x0000000080005000 (0x037dedbb) x27 0x0000000000000000
core   0: 0x0000000080005004 (0x01649b3b) sllw    s6, s1, s6
core   0: 1 0x0000000080005004 (0x01649b3b) x22 0xffffffff80000000
core   0: 0x0000000080005008 (0xd028f5d3) fcvt.s.l fa1, a7
core   0: 1 0x0000000080005008 (0xd028f5d3) c1_fflags 0x0000000000000001 f11 0xffffffff5effffff
core   0: 0x000000008000500c (0x133b7b4b) fnmsub.d fs6, fs6, fs3, ft2
core   0: 1 0x000000008000500c (0x133b7b4b) f22 0x7ff8000000000000
core   0: 0x0000000080005010 (0xd20a0353) fcvt.d.w ft6, s4
core   0: 1 0x0000000080005010 (0xd20a0353) f6  0x0000000000000000
core   0: 0x0000000080005014 (0x0390bcb3) mulhu   s9, ra, s9
core   0: 1 0x0000000080005014 (0x0390bcb3) x25 0x000000006000300f
core   0: 0x0000000080005018 (0x0030d833) srl     a6, ra, gp
core   0: 1 0x0000000080005018 (0x0030d833) x16 0x0000000000010000
core   0: 0x000000008000501c (0xfe9974b7) lui     s1, 0xfe997
core   0: 1 0x000000008000501c (0xfe9974b7) x9  0xfffffffffe997000
core   0: 0x0000000080005020 (0x0c54849b) addiw   s1, s1, 197
core   0: 1 0x0000000080005020 (0x0c54849b) x9  0xfffffffffe9970c5
core   0: 0x0000000080005024 (0x000004b6) c.slli  s1, 13
core   0: 1 0x0000000080005024 (0x04b6) x9  0xffffffd32e18a000
core   0: 0x0000000080005026 (0xc6a48493) addi    s1, s1, -918
core   0: 1 0x0000000080005026 (0xc6a48493) x9  0xffffffd32e189c6a
core   0: 0x000000008000502a (0x23f989d3) fsgnj.d fs3, fs3, ft11
core   0: 1 0x000000008000502a (0x23f989d3) f19 0x41dfffffffc00000
core   0: 0x000000008000502e (0x420506d3) fcvt.d.s fa3, fa0
core   0: 1 0x000000008000502e (0x420506d3) f13 0x0000000000000000
core   0: 0x0000000080005032 (0x006d1bbb) sllw    s7, s10, t1
core   0: 1 0x0000000080005032 (0x006d1bbb) x23 0xfffffffffc730000
core   0: 0x0000000080005036 (0xd21d0bd3) fcvt.d.wu fs7, s10
core   0: 1 0x0000000080005036 (0xd21d0bd3) f23 0x41efffff1cc00000
core   0: 0x000000008000503a (0x0003d11b) srliw   sp, t2, 0
core   0: 1 0x000000008000503a (0x0003d11b) x2  0x0000000000000001
core   0: 0x000000008000503e (0x00000001) c.nop
core   0: 1 0x000000008000503e (0x0001)
core   0: 0x0000000080005040 (0x00000001) c.nop
core   0: 1 0x0000000080005040 (0x0001)
core   0: 0x0000000080005042 (0xa2910e53) fle.d   t3, ft2, fs1
core   0: 1 0x0000000080005042 (0xa2910e53) c1_fflags 0x0000000000000011 x28 0x0000000000000000
core   0: 0x0000000080005046 (0x03b2e933) rem     s2, t0, s11
core   0: 1 0x0000000080005046 (0x03b2e933) x18 0x7fffffffffffffff
core   0: 0x000000008000504a (0x2a7301d3) fmin.d  ft3, ft6, ft7
core   0: 1 0x000000008000504a (0x2a7301d3) f3  0x0000000000000000
core   0: 0x000000008000504e (0x008e121b) slliw   tp, t3, 8
core   0: 1 0x000000008000504e (0x008e121b) x4  0x0000000000000000
core   0: 0x0000000080005052 (0x03cbecbb) remw    s9, s7, t3
core   0: 1 0x0000000080005052 (0x03cbecbb) x25 0xfffffffffc730000
core   0: 0x0000000080005056 (0x02b25dbb) divuw   s11, tp, a1
core   0: 1 0x0000000080005056 (0x02b25dbb) x27 0x0000000000000000
core   0: 0x000000008000505a (0x014912b3) sll     t0, s2, s4
core   0: 1 0x000000008000505a (0x014912b3) x5  0x7fffffffffffffff
core   0: 0x000000008000505e (0x02aa9c13) slli    s8, s5, 42
core   0: 1 0x000000008000505e (0x02aa9c13) x24 0xfffffc0000000000
core   0: 0x0000000080005062 (0x035a6cb3) rem     s9, s4, s5
core   0: 1 0x0000000080005062 (0x035a6cb3) x25 0x0000000000000000
core   0: 0x0000000080005066 (0x1261fc53) fmul.d  fs8, ft3, ft6
core   0: 1 0x0000000080005066 (0x1261fc53) f24 0x0000000000000000
core   0: 0x000000008000506a (0x1a61fa53) fdiv.d  fs4, ft3, ft6
core   0: 1 0x000000008000506a (0x1a61fa53) c1_fflags 0x0000000000000011 f20 0x7ff8000000000000
core   0: 0x000000008000506e (0x1408d773) csrrwi  a4, sscratch, 17
core   0: 1 0x000000008000506e (0x1408d773) x14 0x0000000000000000 c320_sscratch 0x0000000000000011
core   0: 0x0000000080005072 (0x026b45bb) divw    a1, s6, t1
core   0: 1 0x0000000080005072 (0x026b45bb) x11 0xffffffffffe8f8fc
core   0: 0x0000000080005076 (0x6d6ac913) xori    s2, s5, 1750
core   0: 1 0x0000000080005076 (0x6d6ac913) x18 0x7ffffffffffff929
core   0: 0x000000008000507a (0x00a5fc33) and     s8, a1, a0
core   0: 1 0x000000008000507a (0x00a5fc33) x24 0x0000000000000000
core   0: 0x000000008000507e (0x00006813) ori     a6, zero, 0
core   0: 1 0x000000008000507e (0x00006813) x16 0x0000000000000000
core   0: 0x0000000080005082 (0x0315a3b3) mulhsu  t2, a1, a7
core   0: 1 0x0000000080005082 (0x0315a3b3) x7  0xfffffffffff47c7e
core   0: 0x0000000080005086 (0xc02bfe53) fcvt.l.s t3, fs7
core   0: 1 0x0000000080005086 (0xc02bfe53) c1_fflags 0x0000000000000011 x28 0x7fffffffffffffff
core   0: 0x000000008000508a (0x2a9f0f53) fmin.d  ft10, ft10, fs1
core   0: 1 0x000000008000508a (0x2a9f0f53) f30 0x8000000000000000
core   0: 0x000000008000508e (0x23f093d3) fsgnjn.d ft7, ft1, ft11
core   0: 1 0x000000008000508e (0x23f093d3) f7  0xfff8000000000000
core   0: 0x0000000080005092 (0x4bfff4cf) fnmadd.d fs1, ft11, ft11, fs1
core   0: 1 0x0000000080005092 (0x4bfff4cf) f9  0x7ff8000000000000
core   0: 0x0000000080005096 (0x023dedb3) rem     s11, s11, gp
core   0: 1 0x0000000080005096 (0x023dedb3) x27 0x0000000000000000
core   0: 0x000000008000509a (0xd2178ed3) fcvt.d.wu ft9, a5
core   0: 1 0x000000008000509a (0xd2178ed3) f29 0x0000000000000000
core   0: 0x000000008000509e (0x029dde3b) divuw   t3, s11, s1
core   0: 1 0x000000008000509e (0x029dde3b) x28 0x0000000000000000
core   0: 0x00000000800050a2 (0x1abef553) fdiv.d  fa0, ft9, fa1
core   0: 1 0x00000000800050a2 (0x1abef553) f10 0x7ff8000000000000
core   0: 0x00000000800050a6 (0x2bf687d3) fmin.d  fa5, fa3, ft11
core   0: 1 0x00000000800050a6 (0x2bf687d3) f15 0x0000000000000000
core   0: 0x00000000800050aa (0xc23cf053) fcvt.lu.d zero, fs9
core   0: 1 0x00000000800050aa (0xc23cf053)
core   0: 0x00000000800050ae (0x3be7ff4f) fnmadd.d ft10, fa5, ft10, ft7
core   0: 1 0x00000000800050ae (0x3be7ff4f) f30 0x7ff8000000000000
core   0: 0x00000000800050b2 (0x00950c3b) addw    s8, a0, s1
core   0: 1 0x00000000800050b2 (0x00950c3b) x24 0x000000002e189c6a
core   0: 0x00000000800050b6 (0xc206fb53) fcvt.w.d s6, fa3
core   0: 1 0x00000000800050b6 (0xc206fb53) x22 0x0000000000000000
core   0: 0x00000000800050ba (0x0000935a) c.add   t1, s6
core   0: 1 0x00000000800050ba (0x935a) x6  0x000000000000058f
core   0: 0x00000000800050bc (0x415dd0b3) sra     ra, s11, s5
core   0: 1 0x00000000800050bc (0x415dd0b3) x1  0x0000000000000000
core   0: 0x00000000800050c0 (0x0a4df253) fsub.d  ft4, fs11, ft4
core   0: 1 0x00000000800050c0 (0x0a4df253) f4  0x7ff8000000000000
core   0: 0x00000000800050c4 (0x2bcb9e53) fmax.d  ft8, fs7, ft8
core   0: 1 0x00000000800050c4 (0x2bcb9e53) f28 0x41efffff1cc00000
core   0: 0x00000000800050c8 (0x00008cea) c.mv    s9, s10
core   0: 1 0x00000000800050c8 (0x8cea) x25 0xfffffffffffff8e6
core   0: 0x00000000800050ca (0xd0207353) fcvt.s.l ft6, zero
core   0: 1 0x00000000800050ca (0xd0207353) f6  0xffffffff00000000
core   0: 0x00000000800050ce (0x420484d3) fcvt.d.s fs1, fs1
core   0: 1 0x00000000800050ce (0x420484d3) f9  0x7ff8000000000000
core   0: 0x00000000800050d2 (0x00659d13) slli    s10, a1, 6
core   0: 1 0x00000000800050d2 (0x00659d13) x26 0xfffffffffa3e3f00
core   0: 0x00000000800050d6 (0x00b9f9b3) and     s3, s3, a1
core   0: 1 0x00000000800050d6 (0x00b9f9b3) x19 0x0000000000000000
core   0: 0x00000000800050da (0x4192d21b) sraiw   tp, t0, 25
core   0: 1 0x00000000800050da (0x4192d21b) x4  0xffffffffffffffff
core   0: 0x00000000800050de (0x00000001) c.nop
core   0: 1 0x00000000800050de (0x0001)
core   0: 0x00000000800050e0 (0x00498e33) add     t3, s3, tp
core   0: 1 0x00000000800050e0 (0x00498e33) x28 0xffffffffffffffff
core   0: 0x00000000800050e4 (0xffe7b1b7) lui     gp, 0xffe7b
core   0: 1 0x00000000800050e4 (0xffe7b1b7) x3  0xffffffffffe7b000
core   0: 0x00000000800050e8 (0x1271819b) addiw   gp, gp, 295
core   0: 1 0x00000000800050e8 (0x1271819b) x3  0xffffffffffe7b127
core   0: 0x00000000800050ec (0x000001c2) c.slli  gp, 16
core   0: 1 0x00000000800050ec (0x01c2) x3  0xffffffe7b1270000
core   0: 0x00000000800050ee (0xf4818193) addi    gp, gp, -184
core   0: 1 0x00000000800050ee (0xf4818193) x3  0xffffffe7b126ff48
core   0: 0x00000000800050f2 (0x58f7fd13) andi    s10, a5, 1423
core   0: 1 0x00000000800050f2 (0x58f7fd13) x26 0x0000000000000000
core   0: 0x00000000800050f6 (0x034a1113) slli    sp, s4, 52
core   0: 1 0x00000000800050f6 (0x034a1113) x2  0x0000000000000000
core   0: 0x00000000800050fa (0xba94f1c3) fmadd.d ft3, fs1, fs1, fs7
core   0: 1 0x00000000800050fa (0xba94f1c3) f3  0x7ff8000000000000
core   0: 0x00000000800050fe (0xb52a7c93) andi    s9, s4, -1198
core   0: 1 0x00000000800050fe (0xb52a7c93) x25 0x0000000000000000
core   0: 0x0000000080005102 (0x401cd49b) sraiw   s1, s9, 1
core   0: 1 0x0000000080005102 (0x401cd49b) x9  0x0000000000000000
core   0: 0x0000000080005106 (0x03f4d793) srli    a5, s1, 63
core   0: 1 0x0000000080005106 (0x03f4d793) x15 0x0000000000000000
core   0: 0x000000008000510a (0x0ff0000f) fence   iorw,iorw
core   0: 1 0x000000008000510a (0x0ff0000f)
core   0: 0x000000008000510e (0xe20485d3) fmv.x.d a1, fs1
core   0: 1 0x000000008000510e (0xe20485d3) x11 0x7ff8000000000000
core   0: 0x0000000080005112 (0x00120313) addi    t1, tp, 1
core   0: 1 0x0000000080005112 (0x00120313) x6  0x0000000000000000
core   0: 0x0000000080005116 (0x02c35a93) srli    s5, t1, 44
core   0: 1 0x0000000080005116 (0x02c35a93) x21 0x0000000000000000
core   0: 0x000000008000511a (0x01387eb3) and     t4, a6, s3
core   0: 1 0x000000008000511a (0x01387eb3) x29 0x0000000000000000
core   0: 0x000000008000511e (0x020ca0b3) mulhsu  ra, s9, zero
core   0: 1 0x000000008000511e (0x020ca0b3) x1  0x0000000000000000
core   0: 0x0000000080005122 (0x026a7e53) fadd.d  ft8, fs4, ft6
core   0: 1 0x0000000080005122 (0x026a7e53) f28 0x7ff8000000000000
core   0: 0x0000000080005126 (0x7fa70513) addi    a0, a4, 2042
core   0: 1 0x0000000080005126 (0x7fa70513) x10 0x00000000000007fa
core   0: 0x000000008000512a (0x0250823b) mulw    tp, ra, t0
core   0: 1 0x000000008000512a (0x0250823b) x4  0x0000000000000000
core   0: 0x000000008000512e (0xd220fc53) fcvt.d.l fs8, ra
core   0: 1 0x000000008000512e (0xd220fc53) f24 0x0000000000000000
core   0: 0x0000000080005132 (0x0129893b) addw    s2, s3, s2
core   0: 1 0x0000000080005132 (0x0129893b) x18 0xfffffffffffff929
core   0: 0x0000000080005136 (0x000343b3) xor     t2, t1, zero
core   0: 1 0x0000000080005136 (0x000343b3) x7  0x0000000000000000
core   0: 0x000000008000513a (0x01c3f5b3) and     a1, t2, t3
core   0: 1 0x000000008000513a (0x01c3f5b3) x11 0x0000000000000000
core   0: 0x000000008000513e (0x003985b7) lui     a1, 0x398
core   0: 1 0x000000008000513e (0x003985b7) x11 0x0000000000398000
core   0: 0x0000000080005142 (0xce75859b) addiw   a1, a1, -793
core   0: 1 0x0000000080005142 (0xce75859b) x11 0x0000000000397ce7
core   0: 0x0000000080005146 (0x000005c6) c.slli  a1, 17
core   0: 1 0x0000000080005146 (0x05c6) x11 0x00000072f9ce0000
core   0: 0x0000000080005148 (0xf2458593) addi    a1, a1, -220
core   0: 1 0x0000000080005148 (0xf2458593) x11 0x00000072f9cdff24
core   0: 0x000000008000514c (0x01e5149b) slliw   s1, a0, 30
core   0: 1 0x000000008000514c (0x01e5149b) x9  0xffffffff80000000
core   0: 0x0000000080005150 (0x003281bb) addw    gp, t0, gp
core   0: 1 0x0000000080005150 (0x003281bb) x3  0xffffffffb126ff47
core   0: 0x0000000080005154 (0x65e2889b) addiw   a7, t0, 1630
core   0: 1 0x0000000080005154 (0x65e2889b) x17 0x000000000000065d
core   0: 0x0000000080005158 (0x01da4a33) xor     s4, s4, t4
core   0: 1 0x0000000080005158 (0x01da4a33) x20 0x0000000000000000
core   0: 0x000000008000515c (0x2adc0c53) fmin.d  fs8, fs8, fa3
core   0: 1 0x000000008000515c (0x2adc0c53) f24 0x0000000000000000
core   0: 0x0000000080005160 (0x00010b9b) sext.w  s7, sp
core   0: 1 0x0000000080005160 (0x00010b9b) x23 0x0000000000000000
core   0: 0x0000000080005164 (0x13dc7753) fmul.d  fa4, fs8, ft9
core   0: 1 0x0000000080005164 (0x13dc7753) f14 0x0000000000000000
core   0: 0x0000000080005168 (0x00c59a1b) slliw   s4, a1, 12
core   0: 1 0x0000000080005168 (0x00c59a1b) x20 0xffffffffdff24000
core   0: 0x000000008000516c (0x4b5d7ec3) fmadd.d ft9, fs10, fs5, fs1
core   0: 1 0x000000008000516c (0x4b5d7ec3) f29 0x7ff8000000000000
core   0: 0x0000000080005170 (0xb318f343) fmadd.d ft6, fa7, fa7, fs6
core   0: 1 0x0000000080005170 (0xb318f343) f6  0x7ff8000000000000
core   0: 0x0000000080005174 (0x02b33d33) mulhu   s10, t1, a1
core   0: 1 0x0000000080005174 (0x02b33d33) x26 0x0000000000000000
core   0: 0x0000000080005178 (0x23e502d3) fsgnj.d ft5, fa0, ft10
core   0: 1 0x0000000080005178 (0x23e502d3) f5  0x7ff8000000000000
core   0: 0x000000008000517c (0xa3389353) flt.d   t1, fa7, fs3
core   0: 1 0x000000008000517c (0xa3389353) c1_fflags 0x0000000000000011 x6  0x0000000000000000
core   0: 0x0000000080005180 (0x02015693) srli    a3, sp, 32
core   0: 1 0x0000000080005180 (0x02015693) x13 0x0000000000000000
core   0: 0x0000000080005184 (0x000d081b) sext.w  a6, s10
core   0: 1 0x0000000080005184 (0x000d081b) x16 0x0000000000000000
core   0: 0x0000000080005188 (0x0215f0b3) remu    ra, a1, ra
core   0: 1 0x0000000080005188 (0x0215f0b3) x1  0x00000072f9cdff24
core   0: 0x000000008000518c (0x02dd18b7) lui     a7, 0x2dd1
core   0: 1 0x000000008000518c (0x02dd18b7) x17 0x0000000002dd1000
core   0: 0x0000000080005190 (0xc758889b) addiw   a7, a7, -907
core   0: 1 0x0000000080005190 (0xc758889b) x17 0x0000000002dd0c75
core   0: 0x0000000080005194 (0x000008b2) c.slli  a7, 12
core   0: 1 0x0000000080005194 (0x08b2) x17 0x0000002dd0c75000
core   0: 0x0000000080005196 (0x5e288893) addi    a7, a7, 1506
core   0: 1 0x0000000080005196 (0x5e288893) x17 0x0000002dd0c755e2
core   0: 0x000000008000519a (0xd1230097) auipc   ra, 0xd1230
core   0: 1 0x000000008000519a (0xd1230097) x1  0x000000005123519a
core   0: 0x000000008000519e (0x0010acb3) slt     s9, ra, ra
core   0: 1 0x000000008000519e (0x0010acb3) x25 0x0000000000000000
core   0: 0x00000000800051a2 (0xd21682d3) fcvt.d.wu ft5, a3
core   0: 1 0x00000000800051a2 (0xd21682d3) f5  0x0000000000000000
core   0: 0x00000000800051a6 (0x40d1d1b3) sra     gp, gp, a3
core   0: 1 0x00000000800051a6 (0x40d1d1b3) x3  0xffffffffb126ff47
core   0: 0x00000000800051aa (0x5a08f4d3) fsqrt.d fs1, fa7
core   0: 1 0x00000000800051aa (0x5a08f4d3) f9  0x7ff8000000000000
core   0: 0x00000000800051ae (0x01021c1b) slliw   s8, tp, 16
core   0: 1 0x00000000800051ae (0x01021c1b) x24 0x0000000000000000
core   0: 0x00000000800051b2 (0xc05050f3) csrrwi  ra, hpmcounter5, 0
core   0: exception trap_illegal_instruction, epc 0x00000000800051b2
core   0:           tval 0x00000000c05050f3
core   0: >>>>  $xrv64i2p1_m2p0_a2p1_f2p2_d2p2_zicsr2p0_zifencei2p0_zmmul1p0_zba1p0_zbb1p0_zbc1p0_zbs1p0
core   0: 0x0000000080004000 (0x0080006f) j       pc + 0x8
core   0: 3 0x0000000080004000 (0x0080006f)
core   0: >>>>  mmode_exception_handler
core   0: 0x0000000080004008 (0x00002c17) auipc   s8, 0x2
core   0: 3 0x0000000080004008 (0x00002c17) x24 0x0000000080006008
core   0: 0x000000008000400c (0x0f0c0c13) addi    s8, s8, 240
core   0: 3 0x000000008000400c (0x0f0c0c13) x24 0x00000000800060f8
core   0: 0x0000000080004010 (0x000c00e7) jalr    s8
core   0: 3 0x0000000080004010 (0x000c00e7) x1  0x0000000080004014
core   0: >>>>  any_handler
core   0: 0x00000000800060f8 (0x341027f3) csrrs   a5, mepc, zero
core   0: 3 0x00000000800060f8 (0x341027f3) x15 0x00000000800051b2
core   0: 0x00000000800060fc (0x34202773) csrrs   a4, mcause, zero
core   0: 3 0x00000000800060fc (0x34202773) x14 0x0000000000000002
core   0: 0x0000000080006100 (0x142026f3) csrrs   a3, scause, zero
core   0: 3 0x0000000080006100 (0x142026f3) x13 0x0000000000000000
core   0: 0x0000000080006104 (0x30402673) csrrs   a2, mie, zero
core   0: 3 0x0000000080006104 (0x30402673) x12 0x0000000000000a00
core   0: 0x0000000080006108 (0x344025f3) csrrs   a1, mip, zero
core   0: 3 0x0000000080006108 (0x344025f3) x11 0x0000000000000080
core   0: 0x000000008000610c (0x343025f3) csrrs   a1, mtval, zero
core   0: 3 0x000000008000610c (0x343025f3) x11 0x00000000c05050f3
core   0: 0x0000000080006110 (0x14302573) csrrs   a0, stval, zero
core   0: 3 0x0000000080006110 (0x14302573) x10 0x0000000000000000
core   0: 0x0000000080006114 (0xb02024f3) csrrs   s1, minstret, zero
core   0: 3 0x0000000080006114 (0xb02024f3) x9  0x0000000000000dfc
core   0: 0x0000000080006118 (0x0000a811) c.j     pc + 20
core   0: 3 0x0000000080006118 (0xa811)
core   0: >>>>  mepc_4
core   0: 0x000000008000612c (0x00000791) c.addi  a5, 4
core   0: 3 0x000000008000612c (0x0791) x15 0x00000000800051b6
core   0: 0x000000008000612e (0x34179073) csrrw   zero, mepc, a5
core   0: 3 0x000000008000612e (0x34179073) c833_mepc 0x00000000800051b6
core   0: 0x0000000080006132 (0x30200073) mret
core   0: 3 0x0000000080006132 (0x30200073) c768_mstatus 0x8000000a00106080
core   0: 0x00000000800051b6 (0xc22476d3) fcvt.l.d a3, fs0
core   0: 1 0x00000000800051b6 (0xc22476d3) c1_fflags 0x0000000000000011 x13 0x0000000000000000
core   0: 0x00000000800051ba (0x40975833) sra     a6, a4, s1
core   0: 1 0x00000000800051ba (0x40975833) x16 0x0000000000000000
core   0: 0x00000000800051be (0x407e8eb3) sub     t4, t4, t2
core   0: 1 0x00000000800051be (0x407e8eb3) x29 0x0000000000000000
core   0: 0x00000000800051c2 (0x00782cb3) slt     s9, a6, t2
core   0: 1 0x00000000800051c2 (0x00782cb3) x25 0x0000000000000000
core   0: 0x00000000800051c6 (0x43f7d293) srai    t0, a5, 63
core   0: 1 0x00000000800051c6 (0x43f7d293) x5  0x0000000000000000
core   0: 0x00000000800051ca (0x4007d693) srai    a3, a5, 0
core   0: 1 0x00000000800051ca (0x4007d693) x13 0x00000000800051b6
core   0: 0x00000000800051ce (0x02f3f033) remu    zero, t2, a5
core   0: 1 0x00000000800051ce (0x02f3f033)
core   0: 0x00000000800051d2 (0x02874433) div     s0, a4, s0
core   0: 1 0x00000000800051d2 (0x02874433) x8  0xffffffffffffffff
core   0: 0x00000000800051d6 (0x02c406b3) mul     a3, s0, a2
core   0: 1 0x00000000800051d6 (0x02c406b3) x13 0xfffffffffffff600
core   0: 0x00000000800051da (0xe20487d3) fmv.x.d a5, fs1
core   0: 1 0x00000000800051da (0xe20487d3) x15 0x7ff8000000000000
core   0: 0x00000000800051de (0x41a6d933) sra     s2, a3, s10
core   0: 1 0x00000000800051de (0x41a6d933) x18 0xfffffffffffff600
core   0: 0x00000000800051e2 (0x0ff0000f) fence   iorw,iorw
core   0: 1 0x00000000800051e2 (0x0ff0000f)
core   0: 0x00000000800051e6 (0x01235833) srl     a6, t1, s2
core   0: 1 0x00000000800051e6 (0x01235833) x16 0x0000000000000000
core   0: 0x00000000800051ea (0x2222aed3) fsgnjx.d ft9, ft5, ft2
core   0: 1 0x00000000800051ea (0x2222aed3) f29 0x0000000000000000
core   0: 0x00000000800051ee (0x6337ab93) slti    s7, a5, 1587
core   0: 1 0x00000000800051ee (0x6337ab93) x23 0x0000000000000000
core   0: 0x00000000800051f2 (0x2b49f04b) fnmsub.d ft0, fs3, fs4, ft5
core   0: 1 0x00000000800051f2 (0x2b49f04b) f0  0x7ff8000000000000
core   0: 0x00000000800051f6 (0x22f527d3) fsgnjx.d fa5, fa0, fa5
core   0: 1 0x00000000800051f6 (0x22f527d3) f15 0x7ff8000000000000
core   0: 0x00000000800051fa (0x00021193) slli    gp, tp, 0
core   0: 1 0x00000000800051fa (0x00021193) x3  0x0000000000000000
core   0: 0x00000000800051fe (0x022bb4b3) mulhu   s1, s7, sp
core   0: 1 0x00000000800051fe (0x022bb4b3) x9  0x0000000000000000
core   0: 0x0000000080005202 (0x23f795d3) fsgnjn.d fa1, fa5, ft11
core   0: 1 0x0000000080005202 (0x23f795d3) f11 0xfff8000000000000
core   0: 0x0000000080005206 (0x003c1413) slli    s0, s8, 3
core   0: 1 0x0000000080005206 (0x003c1413) x8  0x00000004000307c0
core   0: 0x000000008000520a (0x2220a753) fsgnjx.d fa4, ft1, ft2
core   0: 1 0x000000008000520a (0x2220a753) f14 0x7ff8000000000000
core   0: 0x000000008000520e (0x0241e833) rem     a6, gp, tp
core   0: 1 0x000000008000520e (0x0241e833) x16 0x0000000000000000
core   0: 0x0000000080005212 (0xaa6c7acb) fnmsub.d fs5, fs8, ft6, fs5
core   0: 1 0x0000000080005212 (0xaa6c7acb) f21 0x7ff8000000000000
core   0: 0x0000000080005216 (0x02130033) mul     zero, t1, ra
core   0: 1 0x0000000080005216 (0x02130033)
core   0: 0x000000008000521a (0x01c901bb) addw    gp, s2, t3
core   0: 1 0x000000008000521a (0x01c901bb) x3  0xfffffffffffff5ff
core   0: 0x000000008000521e (0x0040123b) sllw    tp, zero, tp
core   0: 1 0x000000008000521e (0x0040123b) x4  0x0000000000000000
core   0: 0x0000000080005222 (0x01c58e3b) addw    t3, a1, t3
core   0: 1 0x0000000080005222 (0x01c58e3b) x28 0xffffffffc05050f2
core   0: 0x0000000080005226 (0x43fe5413) srai    s0, t3, 63
core   0: 1 0x0000000080005226 (0x43fe5413) x8  0xffffffffffffffff
core   0: 0x000000008000522a (0x00000001) c.nop
core   0: 1 0x000000008000522a (0x0001)
core   0: 0x000000008000522c (0x00189973) csrrw   s2, fflags, a7
core   0: 1 0x000000008000522c (0x00189973) x18 0x0000000000000011 c1_fflags 0x0000000000000002
core   0: 0x0000000080005230 (0x00039413) slli    s0, t2, 0
core   0: 1 0x0000000080005230 (0x00039413) x8  0x0000000000000000
core   0: 0x0000000080005234 (0x01f45d1b) srliw   s10, s0, 31
core   0: 1 0x0000000080005234 (0x01f45d1b) x26 0x0000000000000000
core   0: 0x0000000080005238 (0x41bb5c9b) sraiw   s9, s6, 27
core   0: 1 0x0000000080005238 (0x41bb5c9b) x25 0x0000000000000000
core   0: 0x000000008000523c (0x222fa153) fsgnjx.d ft2, ft11, ft2
core   0: 1 0x000000008000523c (0x222fa153) f2  0x41e0000802800000
core   0: 0x0000000080005240 (0x00000001) c.nop
core   0: 1 0x0000000080005240 (0x0001)
core   0: 0x0000000080005242 (0x40ced63b) sraw    a2, t4, a2
core   0: 1 0x0000000080005242 (0x40ced63b) x12 0x0000000000000000
core   0: 0x0000000080005246 (0x009d023b) addw    tp, s10, s1
core   0: 1 0x0000000080005246 (0x009d023b) x4  0x0000000000000000
core   0: 0x000000008000524a (0x340fd373) csrrwi  t1, mscratch, 31
core   0: exception trap_illegal_instruction, epc 0x000000008000524a
core   0:           tval 0x00000000340fd373
core   0: >>>>  $xrv64i2p1_m2p0_a2p1_f2p2_d2p2_zicsr2p0_zifencei2p0_zmmul1p0_zba1p0_zbb1p0_zbc1p0_zbs1p0
core   0: 0x0000000080004000 (0x0080006f) j       pc + 0x8
core   0: 3 0x0000000080004000 (0x0080006f)
core   0: >>>>  mmode_exception_handler
core   0: 0x0000000080004008 (0x00002c17) auipc   s8, 0x2
core   0: 3 0x0000000080004008 (0x00002c17) x24 0x0000000080006008
core   0: 0x000000008000400c (0x0f0c0c13) addi    s8, s8, 240
core   0: 3 0x000000008000400c (0x0f0c0c13) x24 0x00000000800060f8
core   0: 0x0000000080004010 (0x000c00e7) jalr    s8
core   0: 3 0x0000000080004010 (0x000c00e7) x1  0x0000000080004014
core   0: >>>>  any_handler
core   0: 0x00000000800060f8 (0x341027f3) csrrs   a5, mepc, zero
core   0: 3 0x00000000800060f8 (0x341027f3) x15 0x000000008000524a
core   0: 0x00000000800060fc (0x34202773) csrrs   a4, mcause, zero
core   0: 3 0x00000000800060fc (0x34202773) x14 0x0000000000000002
core   0: 0x0000000080006100 (0x142026f3) csrrs   a3, scause, zero
core   0: 3 0x0000000080006100 (0x142026f3) x13 0x0000000000000000
core   0: 0x0000000080006104 (0x30402673) csrrs   a2, mie, zero
core   0: 3 0x0000000080006104 (0x30402673) x12 0x0000000000000a00
core   0: 0x0000000080006108 (0x344025f3) csrrs   a1, mip, zero
core   0: 3 0x0000000080006108 (0x344025f3) x11 0x0000000000000080
core   0: 0x000000008000610c (0x343025f3) csrrs   a1, mtval, zero
core   0: 3 0x000000008000610c (0x343025f3) x11 0x00000000340fd373
core   0: 0x0000000080006110 (0x14302573) csrrs   a0, stval, zero
core   0: 3 0x0000000080006110 (0x14302573) x10 0x0000000000000000
core   0: 0x0000000080006114 (0xb02024f3) csrrs   s1, minstret, zero
core   0: 3 0x0000000080006114 (0xb02024f3) x9  0x0000000000000e32
core   0: 0x0000000080006118 (0x0000a811) c.j     pc + 20
core   0: 3 0x0000000080006118 (0xa811)
core   0: >>>>  mepc_4
core   0: 0x000000008000612c (0x00000791) c.addi  a5, 4
core   0: 3 0x000000008000612c (0x0791) x15 0x000000008000524e
core   0: 0x000000008000612e (0x34179073) csrrw   zero, mepc, a5
core   0: 3 0x000000008000612e (0x34179073) c833_mepc 0x000000008000524e
core   0: 0x0000000080006132 (0x30200073) mret
core   0: 3 0x0000000080006132 (0x30200073) c768_mstatus 0x8000000a00106080
core   0: 0x000000008000524e (0x03f65793) srli    a5, a2, 63
core   0: 1 0x000000008000524e (0x03f65793) x15 0x0000000000000000
core   0: 0x0000000080005252 (0xd039fd53) fcvt.s.lu fs10, s3
core   0: 1 0x0000000080005252 (0xd039fd53) f26 0xffffffff00000000
core   0: 0x0000000080005256 (0x12aa7a53) fmul.d  fs4, fs4, fa0
core   0: 1 0x0000000080005256 (0x12aa7a53) f20 0x7ff8000000000000
core   0: 0x000000008000525a (0x00fb95b3) sll     a1, s7, a5
core   0: 1 0x000000008000525a (0x00fb95b3) x11 0x0000000000000000
core   0: 0x000000008000525e (0x038acd37) lui     s10, 0x38ac
core   0: 1 0x000000008000525e (0x038acd37) x26 0x00000000038ac000
core   0: 0x0000000080005262 (0x617d0d1b) addiw   s10, s10, 1559
core   0: 1 0x0000000080005262 (0x617d0d1b) x26 0x00000000038ac617
core   0: 0x0000000080005266 (0x00000d32) c.slli  s10, 12
core   0: 1 0x0000000080005266 (0x0d32) x26 0x00000038ac617000
core   0: 0x0000000080005268 (0xaa1d0d13) addi    s10, s10, -1375
core   0: 1 0x0000000080005268 (0xaa1d0d13) x26 0x00000038ac616aa1
core   0: 0x000000008000526c (0x3bdbfdcb) fnmsub.d fs11, fs7, ft9, ft7
core   0: 1 0x000000008000526c (0x3bdbfdcb) f27 0x7ff8000000000000
core   0: 0x0000000080005270 (0xc21ef2d3) fcvt.wu.d t0, ft9
core   0: 1 0x0000000080005270 (0xc21ef2d3) x5  0x0000000000000000
core   0: 0x0000000080005274 (0x03a22533) mulhsu  a0, tp, s10
core   0: 1 0x0000000080005274 (0x03a22533) x10 0x0000000000000000
core   0: 0x0000000080005278 (0x032bfbbb) remuw   s7, s7, s2
core   0: 1 0x0000000080005278 (0x032bfbbb) x23 0x0000000000000000
core   0: 0x000000008000527c (0x03991193) slli    gp, s2, 57
core   0: 1 0x000000008000527c (0x03991193) x3  0x2200000000000000
core   0: 0x0000000080005280 (0x00202373) csrrs   t1, frm, zero
core   0: 1 0x0000000080005280 (0x00202373) x6  0x0000000000000001
core   0: 0x0000000080005284 (0x40ac0533) sub     a0, s8, a0
core   0: 1 0x0000000080005284 (0x40ac0533) x10 0x00000000800060f8
core   0: 0x0000000080005288 (0x320716f3) csrrw   a3, mcountinhibit, a4
core   0: exception trap_illegal_instruction, epc 0x0000000080005288
core   0:           tval 0x00000000320716f3
core   0: >>>>  $xrv64i2p1_m2p0_a2p1_f2p2_d2p2_zicsr2p0_zifencei2p0_zmmul1p0_zba1p0_zbb1p0_zbc1p0_zbs1p0
core   0: 0x0000000080004000 (0x0080006f) j       pc + 0x8
core   0: 3 0x0000000080004000 (0x0080006f)
core   0: >>>>  mmode_exception_handler
core   0: 0x0000000080004008 (0x00002c17) auipc   s8, 0x2
core   0: 3 0x0000000080004008 (0x00002c17) x24 0x0000000080006008
core   0: 0x000000008000400c (0x0f0c0c13) addi    s8, s8, 240
core   0: 3 0x000000008000400c (0x0f0c0c13) x24 0x00000000800060f8
core   0: 0x0000000080004010 (0x000c00e7) jalr    s8
core   0: 3 0x0000000080004010 (0x000c00e7) x1  0x0000000080004014
core   0: >>>>  any_handler
core   0: 0x00000000800060f8 (0x341027f3) csrrs   a5, mepc, zero
core   0: 3 0x00000000800060f8 (0x341027f3) x15 0x0000000080005288
core   0: 0x00000000800060fc (0x34202773) csrrs   a4, mcause, zero
core   0: 3 0x00000000800060fc (0x34202773) x14 0x0000000000000002
core   0: 0x0000000080006100 (0x142026f3) csrrs   a3, scause, zero
core   0: 3 0x0000000080006100 (0x142026f3) x13 0x0000000000000000
core   0: 0x0000000080006104 (0x30402673) csrrs   a2, mie, zero
core   0: 3 0x0000000080006104 (0x30402673) x12 0x0000000000000a00
core   0: 0x0000000080006108 (0x344025f3) csrrs   a1, mip, zero
core   0: 3 0x0000000080006108 (0x344025f3) x11 0x0000000000000080
core   0: 0x000000008000610c (0x343025f3) csrrs   a1, mtval, zero
core   0: 3 0x000000008000610c (0x343025f3) x11 0x00000000320716f3
core   0: 0x0000000080006110 (0x14302573) csrrs   a0, stval, zero
core   0: 3 0x0000000080006110 (0x14302573) x10 0x0000000000000000
core   0: 0x0000000080006114 (0xb02024f3) csrrs   s1, minstret, zero
core   0: 3 0x0000000080006114 (0xb02024f3) x9  0x0000000000000e51
core   0: 0x0000000080006118 (0x0000a811) c.j     pc + 20
core   0: 3 0x0000000080006118 (0xa811)
core   0: >>>>  mepc_4
core   0: 0x000000008000612c (0x00000791) c.addi  a5, 4
core   0: 3 0x000000008000612c (0x0791) x15 0x000000008000528c
core   0: 0x000000008000612e (0x34179073) csrrw   zero, mepc, a5
core   0: 3 0x000000008000612e (0x34179073) c833_mepc 0x000000008000528c
core   0: 0x0000000080006132 (0x30200073) mret
core   0: 3 0x0000000080006132 (0x30200073) c768_mstatus 0x8000000a00106080
core   0: 0x000000008000528c (0x01dd1ebb) sllw    t4, s10, t4
core   0: 1 0x000000008000528c (0x01dd1ebb) x29 0xffffffffac616aa1
core   0: 0x0000000080005290 (0x0ff0000f) fence   iorw,iorw
core   0: 1 0x0000000080005290 (0x0ff0000f)
core   0: 0x0000000080005294 (0x30305d73) csrrwi  s10, mideleg, 0
core   0: exception trap_illegal_instruction, epc 0x0000000080005294
core   0:           tval 0x0000000030305d73
core   0: >>>>  $xrv64i2p1_m2p0_a2p1_f2p2_d2p2_zicsr2p0_zifencei2p0_zmmul1p0_zba1p0_zbb1p0_zbc1p0_zbs1p0
core   0: 0x0000000080004000 (0x0080006f) j       pc + 0x8
core   0: 3 0x0000000080004000 (0x0080006f)
core   0: >>>>  mmode_exception_handler
core   0: 0x0000000080004008 (0x00002c17) auipc   s8, 0x2
core   0: 3 0x0000000080004008 (0x00002c17) x24 0x0000000080006008
core   0: 0x000000008000400c (0x0f0c0c13) addi    s8, s8, 240
core   0: 3 0x000000008000400c (0x0f0c0c13) x24 0x00000000800060f8
core   0: 0x0000000080004010 (0x000c00e7) jalr    s8
core   0: 3 0x0000000080004010 (0x000c00e7) x1  0x0000000080004014
core   0: >>>>  any_handler
core   0: 0x00000000800060f8 (0x341027f3) csrrs   a5, mepc, zero
core   0: 3 0x00000000800060f8 (0x341027f3) x15 0x0000000080005294
core   0: 0x00000000800060fc (0x34202773) csrrs   a4, mcause, zero
core   0: 3 0x00000000800060fc (0x34202773) x14 0x0000000000000002
core   0: 0x0000000080006100 (0x142026f3) csrrs   a3, scause, zero
core   0: 3 0x0000000080006100 (0x142026f3) x13 0x0000000000000000
core   0: 0x0000000080006104 (0x30402673) csrrs   a2, mie, zero
core   0: 3 0x0000000080006104 (0x30402673) x12 0x0000000000000a00
core   0: 0x0000000080006108 (0x344025f3) csrrs   a1, mip, zero
core   0: 3 0x0000000080006108 (0x344025f3) x11 0x0000000000000080
core   0: 0x000000008000610c (0x343025f3) csrrs   a1, mtval, zero
core   0: 3 0x000000008000610c (0x343025f3) x11 0x0000000030305d73
core   0: 0x0000000080006110 (0x14302573) csrrs   a0, stval, zero
core   0: 3 0x0000000080006110 (0x14302573) x10 0x0000000000000000
core   0: 0x0000000080006114 (0xb02024f3) csrrs   s1, minstret, zero
core   0: 3 0x0000000080006114 (0xb02024f3) x9  0x0000000000000e63
core   0: 0x0000000080006118 (0x0000a811) c.j     pc + 20
core   0: 3 0x0000000080006118 (0xa811)
core   0: >>>>  mepc_4
core   0: 0x000000008000612c (0x00000791) c.addi  a5, 4
core   0: 3 0x000000008000612c (0x0791) x15 0x0000000080005298
core   0: 0x000000008000612e (0x34179073) csrrw   zero, mepc, a5
core   0: 3 0x000000008000612e (0x34179073) c833_mepc 0x0000000080005298
core   0: 0x0000000080006132 (0x30200073) mret
core   0: 3 0x0000000080006132 (0x30200073) c768_mstatus 0x8000000a00106080
core   0: 0x0000000080005298 (0xa3bb89d3) fle.d   s3, fs7, fs11
core   0: 1 0x0000000080005298 (0xa3bb89d3) c1_fflags 0x0000000000000012 x19 0x0000000000000000
core   0: 0x000000008000529c (0x00202c73) csrrs   s8, frm, zero
core   0: 1 0x000000008000529c (0x00202c73) x24 0x0000000000000001
core   0: 0x00000000800052a0 (0x03aaf23b) remuw   tp, s5, s10
core   0: 1 0x00000000800052a0 (0x03aaf23b) x4  0x0000000000000000
core   0: 0x00000000800052a4 (0x000d533b) srlw    t1, s10, zero
core   0: 1 0x00000000800052a4 (0x000d533b) x6  0xffffffffac616aa1
core   0: 0x00000000800052a8 (0x002d14b3) sll     s1, s10, sp
core   0: 1 0x00000000800052a8 (0x002d14b3) x9  0x00000038ac616aa1
core   0: 0x00000000800052ac (0x32fb4393) xori    t2, s6, 815
core   0: 1 0x00000000800052ac (0x32fb4393) x7  0x000000000000032f
core   0: 0x00000000800052b0 (0x02007bbb) remuw   s7, zero, zero
core   0: 1 0x00000000800052b0 (0x02007bbb) x23 0x0000000000000000
core   0: 0x00000000800052b4 (0x0117fd33) and     s10, a5, a7
core   0: 1 0x00000000800052b4 (0x0117fd33) x26 0x0000000080005080
core   0: 0x00000000800052b8 (0xf20d04d3) fmv.d.x fs1, s10
core   0: 1 0x00000000800052b8 (0xf20d04d3) f9  0x0000000080005080
core   0: 0x00000000800052bc (0xf20d0ed3) fmv.d.x ft9, s10
core   0: 1 0x00000000800052bc (0xf20d0ed3) f29 0x0000000080005080
core   0: 0x00000000800052c0 (0x024d41bb) divw    gp, s10, tp
core   0: 1 0x00000000800052c0 (0x024d41bb) x3  0xffffffffffffffff
core   0: 0x00000000800052c4 (0xfd3f80b7) lui     ra, 0xfd3f8
core   0: 1 0x00000000800052c4 (0xfd3f80b7) x1  0xfffffffffd3f8000
core   0: 0x00000000800052c8 (0x67f0809b) addiw   ra, ra, 1663
core   0: 1 0x00000000800052c8 (0x67f0809b) x1  0xfffffffffd3f867f
core   0: 0x00000000800052cc (0x000000b6) c.slli  ra, 13
core   0: 1 0x00000000800052cc (0x00b6) x1  0xffffffa7f0cfe000
core   0: 0x00000000800052ce (0x97708093) addi    ra, ra, -1673
core   0: 1 0x00000000800052ce (0x97708093) x1  0xffffffa7f0cfd977
core   0: 0x00000000800052d2 (0x00ae9233) sll     tp, t4, a0
core   0: 1 0x00000000800052d2 (0x00ae9233) x4  0xffffffffac616aa1
core   0: 0x00000000800052d6 (0x22c11fd3) fsgnjn.d ft11, ft2, fa2
core   0: 1 0x00000000800052d6 (0x22c11fd3) f31 0xc1e0000802800000
core   0: 0x00000000800052da (0x01636333) or      t1, t1, s6
core   0: 1 0x00000000800052da (0x01636333) x6  0xffffffffac616aa1
core   0: 0x00000000800052de (0x40abd633) sra     a2, s7, a0
core   0: 1 0x00000000800052de (0x40abd633) x12 0x0000000000000000
core   0: 0x00000000800052e2 (0xc02ff853) fcvt.l.s a6, ft11
core   0: 1 0x00000000800052e2 (0xc02ff853) c1_fflags 0x0000000000000012 x16 0x7fffffffffffffff
core   0: 0x00000000800052e6 (0x00021593) slli    a1, tp, 0
core   0: 1 0x00000000800052e6 (0x00021593) x11 0xffffffffac616aa1
core   0: 0x00000000800052ea (0x001290f3) csrrw   ra, fflags, t0
core   0: 1 0x00000000800052ea (0x001290f3) x1  0x0000000000000012 c1_fflags 0x0000000000000000
core   0: 0x00000000800052ee (0x12af7853) fmul.d  fa6, ft10, fa0
core   0: 1 0x00000000800052ee (0x12af7853) f16 0x7ff8000000000000
core   0: 0x00000000800052f2 (0x40b0d413) srai    s0, ra, 11
core   0: 1 0x00000000800052f2 (0x40b0d413) x8  0x0000000000000000
core   0: 0x00000000800052f6 (0xbaf78013) addi    zero, a5, -1105
core   0: 1 0x00000000800052f6 (0xbaf78013)
core   0: 0x00000000800052fa (0x34005c73) csrrwi  s8, mscratch, 0
core   0: exception trap_illegal_instruction, epc 0x00000000800052fa
core   0:           tval 0x0000000034005c73
core   0: >>>>  $xrv64i2p1_m2p0_a2p1_f2p2_d2p2_zicsr2p0_zifencei2p0_zmmul1p0_zba1p0_zbb1p0_zbc1p0_zbs1p0
core   0: 0x0000000080004000 (0x0080006f) j       pc + 0x8
core   0: 3 0x0000000080004000 (0x0080006f)
core   0: >>>>  mmode_exception_handler
core   0: 0x0000000080004008 (0x00002c17) auipc   s8, 0x2
core   0: 3 0x0000000080004008 (0x00002c17) x24 0x0000000080006008
core   0: 0x000000008000400c (0x0f0c0c13) addi    s8, s8, 240
core   0: 3 0x000000008000400c (0x0f0c0c13) x24 0x00000000800060f8
core   0: 0x0000000080004010 (0x000c00e7) jalr    s8
core   0: 3 0x0000000080004010 (0x000c00e7) x1  0x0000000080004014
core   0: >>>>  any_handler
core   0: 0x00000000800060f8 (0x341027f3) csrrs   a5, mepc, zero
core   0: 3 0x00000000800060f8 (0x341027f3) x15 0x00000000800052fa
core   0: 0x00000000800060fc (0x34202773) csrrs   a4, mcause, zero
core   0: 3 0x00000000800060fc (0x34202773) x14 0x0000000000000002
core   0: 0x0000000080006100 (0x142026f3) csrrs   a3, scause, zero
core   0: 3 0x0000000080006100 (0x142026f3) x13 0x0000000000000000
core   0: 0x0000000080006104 (0x30402673) csrrs   a2, mie, zero
core   0: 3 0x0000000080006104 (0x30402673) x12 0x0000000000000a00
core   0: 0x0000000080006108 (0x344025f3) csrrs   a1, mip, zero
core   0: 3 0x0000000080006108 (0x344025f3) x11 0x0000000000000080
core   0: 0x000000008000610c (0x343025f3) csrrs   a1, mtval, zero
core   0: 3 0x000000008000610c (0x343025f3) x11 0x0000000034005c73
core   0: 0x0000000080006110 (0x14302573) csrrs   a0, stval, zero
core   0: 3 0x0000000080006110 (0x14302573) x10 0x0000000000000000
core   0: 0x0000000080006114 (0xb02024f3) csrrs   s1, minstret, zero
core   0: 3 0x0000000080006114 (0xb02024f3) x9  0x0000000000000e8c
core   0: 0x0000000080006118 (0x0000a811) c.j     pc + 20
core   0: 3 0x0000000080006118 (0xa811)
core   0: >>>>  mepc_4
core   0: 0x000000008000612c (0x00000791) c.addi  a5, 4
core   0: 3 0x000000008000612c (0x0791) x15 0x00000000800052fe
core   0: 0x000000008000612e (0x34179073) csrrw   zero, mepc, a5
core   0: 3 0x000000008000612e (0x34179073) c833_mepc 0x00000000800052fe
core   0: 0x0000000080006132 (0x30200073) mret
core   0: 3 0x0000000080006132 (0x30200073) c768_mstatus 0x8000000a00106080
core   0: 0x00000000800052fe (0x1369f8d3) fmul.d  fa7, fs3, fs6
core   0: 1 0x00000000800052fe (0x1369f8d3) f17 0x7ff8000000000000
core   0: 0x0000000080005302 (0x4213d213) srai    tp, t2, 33
core   0: 1 0x0000000080005302 (0x4213d213) x4  0x0000000000000000
core   0: 0x0000000080005306 (0x00b67933) and     s2, a2, a1
core   0: 1 0x0000000080005306 (0x00b67933) x18 0x0000000000000800
core   0: 0x000000008000530a (0x0109d633) srl     a2, s3, a6
core   0: 1 0x000000008000530a (0x0109d633) x12 0x0000000000000000
core   0: 0x000000008000530e (0xd20b85d3) fcvt.d.w fa1, s7
core   0: 1 0x000000008000530e (0xd20b85d3) f11 0x0000000000000000
core   0: 0x0000000080005312 (0x0ac67a53) fsub.d  fs4, fa2, fa2
core   0: 1 0x0000000080005312 (0x0ac67a53) f20 0x0000000000000000
core   0: 0x0000000080005316 (0x40005293) srai    t0, zero, 0
core   0: 1 0x0000000080005316 (0x40005293) x5  0x0000000000000000
core   0: 0x000000008000531a (0x13f8a617) auipc   a2, 0x13f8a
core   0: 1 0x000000008000531a (0x13f8a617) x12 0x0000000093f8f31a
core   0: 0x000000008000531e (0xf2070d53) fmv.d.x fs10, a4
core   0: 1 0x000000008000531e (0xf2070d53) f26 0x0000000000000002
core   0: 0x0000000080005322 (0x0373ec33) rem     s8, t2, s7
core   0: 1 0x0000000080005322 (0x0373ec33) x24 0x000000000000032f
core   0: 0x0000000080005326 (0x419c8cb3) sub     s9, s9, s9
core   0: 1 0x0000000080005326 (0x419c8cb3) x25 0x0000000000000000
core   0: 0x000000008000532a (0x02989133) mulh    sp, a7, s1
core   0: 1 0x000000008000532a (0x02989133) x2  0x0000000000000000
core   0: 0x000000008000532e (0x000080c2) c.mv    ra, a6
core   0: 1 0x000000008000532e (0x80c2) x1  0x7fffffffffffffff
core   0: 0x0000000080005330 (0x41c70ebb) subw    t4, a4, t3
core   0: 1 0x0000000080005330 (0x41c70ebb) x29 0x000000003fafaf10
core   0: 0x0000000080005334 (0x001cfc93) andi    s9, s9, 1
core   0: 1 0x0000000080005334 (0x001cfc93) x25 0x0000000000000000
core   0: 0x0000000080005338 (0x418dd233) sra     tp, s11, s8
core   0: 1 0x0000000080005338 (0x418dd233) x4  0x0000000000000000
core   0: 0x000000008000533c (0x00000001) c.nop
core   0: 1 0x000000008000533c (0x0001)
core   0: 0x000000008000533e (0x0143103b) sllw    zero, t1, s4
core   0: 1 0x000000008000533e (0x0143103b)
core   0: 0x0000000080005342 (0x014d6e33) or      t3, s10, s4
core   0: 1 0x0000000080005342 (0x014d6e33) x28 0xffffffffdff25080
core   0: 0x0000000080005346 (0x22ea9553) fsgnjn.d fa0, fs5, fa4
core   0: 1 0x0000000080005346 (0x22ea9553) f10 0xfff8000000000000
core   0: 0x000000008000534a (0x00202573) csrrs   a0, frm, zero
core   0: 1 0x000000008000534a (0x00202573) x10 0x0000000000000001
core   0: 0x000000008000534e (0x023473d3) fadd.d  ft7, fs0, ft3
core   0: 1 0x000000008000534e (0x023473d3) f7  0x7ff8000000000000
core   0: 0x0000000080005352 (0x407850b3) sra     ra, a6, t2
core   0: 1 0x0000000080005352 (0x407850b3) x1  0x000000000000ffff
core   0: 0x0000000080005356 (0x03489a33) mulh    s4, a7, s4
core   0: 1 0x0000000080005356 (0x03489a33) x20 0xfffffffffffffffa
core   0: 0x000000008000535a (0xd2138dd3) fcvt.d.wu fs11, t2
core   0: 1 0x000000008000535a (0xd2138dd3) f27 0x4089780000000000
core   0: 0x000000008000535e (0x4080521b) sraiw   tp, zero, 8
core   0: 1 0x000000008000535e (0x4080521b) x4  0x0000000000000000
core   0: 0x0000000080005362 (0x012ca133) slt     sp, s9, s2
core   0: 1 0x0000000080005362 (0x012ca133) x2  0x0000000000000001
core   0: 0x0000000080005366 (0xd23275d3) fcvt.d.lu fa1, tp
core   0: 1 0x0000000080005366 (0xd23275d3) f11 0x0000000000000000
core   0: 0x000000008000536a (0x02cb023b) mulw    tp, s6, a2
core   0: 1 0x000000008000536a (0x02cb023b) x4  0x0000000000000000
core   0: 0x000000008000536e (0x00411533) sll     a0, sp, tp
core   0: 1 0x000000008000536e (0x00411533) x10 0x0000000000000001
core   0: 0x0000000080005372 (0x00102df3) csrrs   s11, fflags, zero
core   0: 1 0x0000000080005372 (0x00102df3) x27 0x0000000000000000
core   0: 0x0000000080005376 (0x02b9c53b) divw    a0, s3, a1
core   0: 1 0x0000000080005376 (0x02b9c53b) x10 0x0000000000000000
core   0: 0x000000008000537a (0x01198cbb) addw    s9, s3, a7
core   0: 1 0x000000008000537a (0x01198cbb) x25 0xffffffffd0c755e2
core   0: 0x000000008000537e (0xfbf5f7cf) fnmadd.d fa5, fa1, ft11, ft11
core   0: 1 0x000000008000537e (0xfbf5f7cf) f15 0x41e0000802800000
core   0: 0x0000000080005382 (0x000ced13) ori     s10, s9, 0
core   0: 1 0x0000000080005382 (0x000ced13) x26 0xffffffffd0c755e2
core   0: 0x0000000080005386 (0x40005d9b) sraiw   s11, zero, 0
core   0: 1 0x0000000080005386 (0x40005d9b) x27 0x0000000000000000
core   0: 0x000000008000538a (0x00ca961b) slliw   a2, s5, 12
core   0: 1 0x000000008000538a (0x00ca961b) x12 0x0000000000000000
core   0: 0x000000008000538e (0x830bfd13) andi    s10, s7, -2000
core   0: 1 0x000000008000538e (0x830bfd13) x26 0x0000000000000000
core   0: 0x0000000080005392 (0xc2287753) fcvt.l.d a4, fa6
core   0: 1 0x0000000080005392 (0xc2287753) c1_fflags 0x0000000000000010 x14 0x7fffffffffffffff
core   0: 0x0000000080005396 (0x23f5af53) fsgnjx.d ft10, fa1, ft11
core   0: 1 0x0000000080005396 (0x23f5af53) f30 0x8000000000000000
core   0: 0x000000008000539a (0x0047971b) slliw   a4, a5, 4
core   0: 1 0x000000008000539a (0x0047971b) x14 0x0000000000052fe0
core   0: 0x000000008000539e (0x41acd593) srai    a1, s9, 26
core   0: 1 0x000000008000539e (0x41acd593) x11 0xfffffffffffffff4
core   0: 0x00000000800053a2 (0x0304ea3b) remw    s4, s1, a6
core   0: 1 0x00000000800053a2 (0x0304ea3b) x20 0x0000000000000000
core   0: 0x00000000800053a6 (0x02d28333) mul     t1, t0, a3
core   0: 1 0x00000000800053a6 (0x02d28333) x6  0x0000000000000000
core   0: 0x00000000800053aa (0x419b89b3) sub     s3, s7, s9
core   0: 1 0x00000000800053aa (0x419b89b3) x19 0x000000002f38aa1e
core   0: 0x00000000800053ae (0xd2098dd3) fcvt.d.w fs11, s3
core   0: 1 0x00000000800053ae (0xd2098dd3) f27 0x41c79c550f000000
core   0: 0x00000000800053b2 (0x401ed913) srai    s2, t4, 1
core   0: 1 0x00000000800053b2 (0x401ed913) x18 0x000000001fd7d788
core   0: 0x00000000800053b6 (0x03a155b3) divu    a1, sp, s10
core   0: 1 0x00000000800053b6 (0x03a155b3) x11 0xffffffffffffffff
core   0: 0x00000000800053ba (0x0015e513) ori     a0, a1, 1
core   0: 1 0x00000000800053ba (0x0015e513) x10 0xffffffffffffffff
core   0: 0x00000000800053be (0x03d06ebb) remw    t4, zero, t4
core   0: 1 0x00000000800053be (0x03d06ebb) x29 0x0000000000000000
core   0: 0x00000000800053c2 (0x01a797b3) sll     a5, a5, s10
core   0: 1 0x00000000800053c2 (0x01a797b3) x15 0x00000000800052fe
core   0: 0x00000000800053c6 (0x003ad3b3) srl     t2, s5, gp
core   0: 1 0x00000000800053c6 (0x003ad3b3) x7  0x0000000000000000
core   0: 0x00000000800053ca (0x026ee633) rem     a2, t4, t1
core   0: 1 0x00000000800053ca (0x026ee633) x12 0x0000000000000000
core   0: 0x00000000800053ce (0x4137db33) sra     s6, a5, s3
core   0: 1 0x00000000800053ce (0x4137db33) x22 0x0000000000000002
core   0: 0x00000000800053d2 (0x001d1893) slli    a7, s10, 1
core   0: 1 0x00000000800053d2 (0x001d1893) x17 0x0000000000000000
core   0: 0x00000000800053d6 (0x02b4febb) remuw   t4, s1, a1
core   0: 1 0x00000000800053d6 (0x02b4febb) x29 0x0000000000000e8c
core   0: 0x00000000800053da (0x4102813b) subw    sp, t0, a6
core   0: 1 0x00000000800053da (0x4102813b) x2  0x0000000000000001
core   0: 0x00000000800053de (0xea687843) fmadd.d fa6, fa6, ft6, ft9
core   0: 1 0x00000000800053de (0xea687843) f16 0x7ff8000000000000
core   0: 0x00000000800053e2 (0x03ab7c33) remu    s8, s6, s10
core   0: 1 0x00000000800053e2 (0x03ab7c33) x24 0x0000000000000002
core   0: 0x00000000800053e6 (0x02836333) rem     t1, t1, s0
core   0: 1 0x00000000800053e6 (0x02836333) x6  0x0000000000000000
core   0: 0x00000000800053ea (0x00000001) c.nop
core   0: 1 0x00000000800053ea (0x0001)
core   0: 0x00000000800053ec (0x916d7593) andi    a1, s10, -1770
core   0: 1 0x00000000800053ec (0x916d7593) x11 0x0000000000000000
core   0: 0x00000000800053f0 (0xb02761f3) csrrsi  gp, minstret, 14
core   0: exception trap_illegal_instruction, epc 0x00000000800053f0
core   0:           tval 0x00000000b02761f3
core   0: >>>>  $xrv64i2p1_m2p0_a2p1_f2p2_d2p2_zicsr2p0_zifencei2p0_zmmul1p0_zba1p0_zbb1p0_zbc1p0_zbs1p0
core   0: 0x0000000080004000 (0x0080006f) j       pc + 0x8
core   0: 3 0x0000000080004000 (0x0080006f)
core   0: >>>>  mmode_exception_handler
core   0: 0x0000000080004008 (0x00002c17) auipc   s8, 0x2
core   0: 3 0x0000000080004008 (0x00002c17) x24 0x0000000080006008
core   0: 0x000000008000400c (0x0f0c0c13) addi    s8, s8, 240
core   0: 3 0x000000008000400c (0x0f0c0c13) x24 0x00000000800060f8
core   0: 0x0000000080004010 (0x000c00e7) jalr    s8
core   0: 3 0x0000000080004010 (0x000c00e7) x1  0x0000000080004014
core   0: >>>>  any_handler
core   0: 0x00000000800060f8 (0x341027f3) csrrs   a5, mepc, zero
core   0: 3 0x00000000800060f8 (0x341027f3) x15 0x00000000800053f0
core   0: 0x00000000800060fc (0x34202773) csrrs   a4, mcause, zero
core   0: 3 0x00000000800060fc (0x34202773) x14 0x0000000000000002
core   0: 0x0000000080006100 (0x142026f3) csrrs   a3, scause, zero
core   0: 3 0x0000000080006100 (0x142026f3) x13 0x0000000000000000
core   0: 0x0000000080006104 (0x30402673) csrrs   a2, mie, zero
core   0: 3 0x0000000080006104 (0x30402673) x12 0x0000000000000a00
core   0: 0x0000000080006108 (0x344025f3) csrrs   a1, mip, zero
core   0: 3 0x0000000080006108 (0x344025f3) x11 0x0000000000000080
core   0: 0x000000008000610c (0x343025f3) csrrs   a1, mtval, zero
core   0: 3 0x000000008000610c (0x343025f3) x11 0x00000000b02761f3
core   0: 0x0000000080006110 (0x14302573) csrrs   a0, stval, zero
core   0: 3 0x0000000080006110 (0x14302573) x10 0x0000000000000000
core   0: 0x0000000080006114 (0xb02024f3) csrrs   s1, minstret, zero
core   0: 3 0x0000000080006114 (0xb02024f3) x9  0x0000000000000eda
core   0: 0x0000000080006118 (0x0000a811) c.j     pc + 20
core   0: 3 0x0000000080006118 (0xa811)
core   0: >>>>  mepc_4
core   0: 0x000000008000612c (0x00000791) c.addi  a5, 4
core   0: 3 0x000000008000612c (0x0791) x15 0x00000000800053f4
core   0: 0x000000008000612e (0x34179073) csrrw   zero, mepc, a5
core   0: 3 0x000000008000612e (0x34179073) c833_mepc 0x00000000800053f4
core   0: 0x0000000080006132 (0x30200073) mret
core   0: 3 0x0000000080006132 (0x30200073) c768_mstatus 0x8000000a00106080
core   0: 0x00000000800053f4 (0x4017d693) srai    a3, a5, 1
core   0: 1 0x00000000800053f4 (0x4017d693) x13 0x00000000400029fa
core   0: 0x00000000800053f8 (0x0007841b) sext.w  s0, a5
core   0: 1 0x00000000800053f8 (0x0007841b) x8  0xffffffff800053f4
core   0: 0x00000000800053fc (0x00000001) c.nop
core   0: 1 0x00000000800053fc (0x0001)
core   0: 0x00000000800053fe (0x41140633) sub     a2, s0, a7
core   0: 1 0x00000000800053fe (0x41140633) x12 0xffffffff800053f4
core   0: 0x0000000080005402 (0x4109d0bb) sraw    ra, s3, a6
core   0: 1 0x0000000080005402 (0x4109d0bb) x1  0x0000000000000000
core   0: 0x0000000080005406 (0xc22ffbd3) fcvt.l.d s7, ft11
core   0: 1 0x0000000080005406 (0xc22ffbd3) x23 0xffffffff7fffbfec
core   0: 0x000000008000540a (0x02f7cd3b) divw    s10, a5, a5
core   0: 1 0x000000008000540a (0x02f7cd3b) x26 0x0000000000000001
core   0: 0x000000008000540e (0xd027fbd3) fcvt.s.l fs7, a5
core   0: 1 0x000000008000540e (0xd027fbd3) c1_fflags 0x0000000000000011 f23 0xffffffff4f000053
core   0: 0x0000000080005412 (0xe4cf9017) auipc   zero, 0xe4cf9
core   0: 1 0x0000000080005412 (0xe4cf9017)
core   0: 0x0000000080005416 (0x03288933) mul     s2, a7, s2
core   0: 1 0x0000000080005416 (0x03288933) x18 0x0000000000000000
core   0: 0x000000008000541a (0x002022f3) csrrs   t0, frm, zero
core   0: 1 0x000000008000541a (0x002022f3) x5  0x0000000000000001
core   0: 0x000000008000541e (0x001a1733) sll     a4, s4, ra
core   0: 1 0x000000008000541e (0x001a1733) x14 0x0000000000000000
core   0: 0x0000000080005422 (0x013c13b3) sll     t2, s8, s3
core   0: 1 0x0000000080005422 (0x013c13b3) x7  0x2000183e00000000
core   0: 0x0000000080005426 (0xfff2f193) andi    gp, t0, -1
core   0: 1 0x0000000080005426 (0xfff2f193) x3  0x0000000000000001
core   0: 0x000000008000542a (0xc228f3d3) fcvt.l.d t2, fa7
core   0: 1 0x000000008000542a (0xc228f3d3) c1_fflags 0x0000000000000011 x7  0x7fffffffffffffff
core   0: 0x000000008000542e (0x80076b13) ori     s6, a4, -2048
core   0: 1 0x000000008000542e (0x80076b13) x22 0xfffffffffffff800
core   0: 0x0000000080005432 (0xd2070ed3) fcvt.d.w ft9, a4
core   0: 1 0x0000000080005432 (0xd2070ed3) f29 0x0000000000000000
core   0: 0x0000000080005436 (0x00139cf3) csrrw   s9, fflags, t2
core   0: 1 0x0000000080005436 (0x00139cf3) x25 0x0000000000000011 c1_fflags 0x000000000000001f
core   0: 0x000000008000543a (0x4009561b) sraiw   a2, s2, 0
core   0: 1 0x000000008000543a (0x4009561b) x12 0x0000000000000000
core   0: 0x000000008000543e (0x019c89bb) addw    s3, s9, s9
core   0: 1 0x000000008000543e (0x019c89bb) x19 0x0000000000000022
core   0: 0x0000000080005442 (0x5a0274d3) fsqrt.d fs1, ft4
core   0: 1 0x0000000080005442 (0x5a0274d3) f9  0x7ff8000000000000
core   0: 0x0000000080005446 (0xa23a0a53) fle.d   s4, fs4, ft3
core   0: 1 0x0000000080005446 (0xa23a0a53) c1_fflags 0x000000000000001f x20 0x0000000000000000
core   0: 0x000000008000544a (0xd02a7ad3) fcvt.s.l fs5, s4
core   0: 1 0x000000008000544a (0xd02a7ad3) f21 0xffffffff00000000
core   0: 0x000000008000544e (0x224c9cd3) fsgnjn.d fs9, fs9, ft4
core   0: 1 0x000000008000544e (0x224c9cd3) f25 0xc1e0000802800000
core   0: 0x0000000080005452 (0x013ac4b3) xor     s1, s5, s3
core   0: 1 0x0000000080005452 (0x013ac4b3) x9  0x0000000000000022
core   0: 0x0000000080005456 (0x0b167dd3) fsub.d  fs11, fa2, fa7
core   0: 1 0x0000000080005456 (0x0b167dd3) f27 0x7ff8000000000000
core   0: 0x000000008000545a (0x3b96fac3) fmadd.d fs5, fa3, fs9, ft7
core   0: 1 0x000000008000545a (0x3b96fac3) f21 0x7ff8000000000000
core   0: 0x000000008000545e (0x02c87eb3) remu    t4, a6, a2
core   0: 1 0x000000008000545e (0x02c87eb3) x29 0x7fffffffffffffff
core   0: 0x0000000080005462 (0x03599533) mulh    a0, s3, s5
core   0: 1 0x0000000080005462 (0x03599533) x10 0x0000000000000000
core   0: 0x0000000080005466 (0x002615f3) csrrw   a1, frm, a2
core   0: 1 0x0000000080005466 (0x002615f3) x11 0x0000000000000001 c2_frm 0x0000000000000000
core   0: 0x000000008000546a (0xc02afed3) fcvt.l.s t4, fs5
core   0: 1 0x000000008000546a (0xc02afed3) c1_fflags 0x000000000000001f x29 0x7fffffffffffffff
core   0: 0x000000008000546e (0xc22af553) fcvt.l.d a0, fs5
core   0: 1 0x000000008000546e (0xc22af553) c1_fflags 0x000000000000001f x10 0x7fffffffffffffff
core   0: 0x0000000080005472 (0x00b39dbb) sllw    s11, t2, a1
core   0: 1 0x0000000080005472 (0x00b39dbb) x27 0xfffffffffffffffe
core   0: 0x0000000080005476 (0xd21589d3) fcvt.d.wu fs3, a1
core   0: 1 0x0000000080005476 (0xd21589d3) f19 0x3ff0000000000000
core   0: 0x000000008000547a (0x428dda13) srai    s4, s11, 40
core   0: 1 0x000000008000547a (0x428dda13) x20 0xffffffffffffffff
core   0: 0x000000008000547e (0x40dc8133) sub     sp, s9, a3
core   0: 1 0x000000008000547e (0x40dc8133) x2  0xffffffffbfffd617
core   0: 0x0000000080005482 (0x10466973) csrrsi  s2, sie, 12
core   0: 1 0x0000000080005482 (0x10466973) x18 0x0000000000000000 c772_mie 0x0000000000000a00
core   0: 0x0000000080005486 (0x41b7d3bb) sraw    t2, a5, s11
core   0: 1 0x0000000080005486 (0x41b7d3bb) x7  0xfffffffffffffffe
core   0: 0x000000008000548a (0xc02292f3) csrrw   t0, instret, t0
core   0: exception trap_illegal_instruction, epc 0x000000008000548a
core   0:           tval 0x00000000c02292f3
core   0: >>>>  $xrv64i2p1_m2p0_a2p1_f2p2_d2p2_zicsr2p0_zifencei2p0_zmmul1p0_zba1p0_zbb1p0_zbc1p0_zbs1p0
core   0: 0x0000000080004000 (0x0080006f) j       pc + 0x8
core   0: 3 0x0000000080004000 (0x0080006f)
core   0: >>>>  mmode_exception_handler
core   0: 0x0000000080004008 (0x00002c17) auipc   s8, 0x2
core   0: 3 0x0000000080004008 (0x00002c17) x24 0x0000000080006008
core   0: 0x000000008000400c (0x0f0c0c13) addi    s8, s8, 240
core   0: 3 0x000000008000400c (0x0f0c0c13) x24 0x00000000800060f8
core   0: 0x0000000080004010 (0x000c00e7) jalr    s8
core   0: 3 0x0000000080004010 (0x000c00e7) x1  0x0000000080004014
core   0: >>>>  any_handler
core   0: 0x00000000800060f8 (0x341027f3) csrrs   a5, mepc, zero
core   0: 3 0x00000000800060f8 (0x341027f3) x15 0x000000008000548a
core   0: 0x00000000800060fc (0x34202773) csrrs   a4, mcause, zero
core   0: 3 0x00000000800060fc (0x34202773) x14 0x0000000000000002
core   0: 0x0000000080006100 (0x142026f3) csrrs   a3, scause, zero
core   0: 3 0x0000000080006100 (0x142026f3) x13 0x0000000000000000
core   0: 0x0000000080006104 (0x30402673) csrrs   a2, mie, zero
core   0: 3 0x0000000080006104 (0x30402673) x12 0x0000000000000a00
core   0: 0x0000000080006108 (0x344025f3) csrrs   a1, mip, zero
core   0: 3 0x0000000080006108 (0x344025f3) x11 0x0000000000000080
core   0: 0x000000008000610c (0x343025f3) csrrs   a1, mtval, zero
core   0: 3 0x000000008000610c (0x343025f3) x11 0x00000000c02292f3
core   0: 0x0000000080006110 (0x14302573) csrrs   a0, stval, zero
core   0: 3 0x0000000080006110 (0x14302573) x10 0x0000000000000000
core   0: 0x0000000080006114 (0xb02024f3) csrrs   s1, minstret, zero
core   0: 3 0x0000000080006114 (0xb02024f3) x9  0x0000000000000f10
core   0: 0x0000000080006118 (0x0000a811) c.j     pc + 20
core   0: 3 0x0000000080006118 (0xa811)
core   0: >>>>  mepc_4
core   0: 0x000000008000612c (0x00000791) c.addi  a5, 4
core   0: 3 0x000000008000612c (0x0791) x15 0x000000008000548e
core   0: 0x000000008000612e (0x34179073) csrrw   zero, mepc, a5
core   0: 3 0x000000008000612e (0x34179073) c833_mepc 0x000000008000548e
core   0: 0x0000000080006132 (0x30200073) mret
core   0: 3 0x0000000080006132 (0x30200073) c768_mstatus 0x8000000a00106080
core   0: 0x000000008000548e (0xf1cee013) ori     zero, t4, -228
core   0: 1 0x000000008000548e (0xf1cee013)
core   0: 0x0000000080005492 (0xa3228353) fle.d   t1, ft5, fs2
core   0: 1 0x0000000080005492 (0xa3228353) c1_fflags 0x000000000000001f x6  0x0000000000000000
core   0: 0x0000000080005496 (0x225c0e53) fsgnj.d ft8, fs8, ft5
core   0: 1 0x0000000080005496 (0x225c0e53) f28 0x0000000000000000
core   0: 0x000000008000549a (0x00f7913b) sllw    sp, a5, a5
core   0: 1 0x000000008000549a (0x00f7913b) x2  0x0000000015238000
core   0: 0x000000008000549e (0x032de533) rem     a0, s11, s2
core   0: 1 0x000000008000549e (0x032de533) x10 0xfffffffffffffffe
core   0: 0x00000000800054a2 (0x4001dc93) srai    s9, gp, 0
core   0: 1 0x00000000800054a2 (0x4001dc93) x25 0x0000000000000001
core   0: 0x00000000800054a6 (0x488a0b93) addi    s7, s4, 1160
core   0: 1 0x00000000800054a6 (0x488a0b93) x23 0x0000000000000487
core   0: 0x00000000800054aa (0xd02bfb53) fcvt.s.l fs6, s7
core   0: 1 0x00000000800054aa (0xd02bfb53) f22 0xffffffff4490e000
core   0: 0x00000000800054ae (0x400ed39b) sraiw   t2, t4, 0
core   0: 1 0x00000000800054ae (0x400ed39b) x7  0xffffffffffffffff
core   0: 0x00000000800054b2 (0xcb61fccf) fnmadd.d fs9, ft3, fs6, fs9
core   0: 1 0x00000000800054b2 (0xcb61fccf) f25 0x7ff8000000000000
core   0: 0x00000000800054b6 (0x00202c73) csrrs   s8, frm, zero
core   0: 1 0x00000000800054b6 (0x00202c73) x24 0x0000000000000000
core   0: 0x00000000800054ba (0x006a9313) slli    t1, s5, 6
core   0: 1 0x00000000800054ba (0x006a9313) x6  0x0000000000000000
core   0: 0x00000000800054be (0xce8c851b) addiw   a0, s9, -792
core   0: 1 0x00000000800054be (0xce8c851b) x10 0xfffffffffffffce9
core   0: 0x00000000800054c2 (0x223da3d3) fsgnjx.d ft7, fs11, ft3
core   0: 1 0x00000000800054c2 (0x223da3d3) f7  0x7ff8000000000000
core   0: 0x00000000800054c6 (0xfeb96937) lui     s2, 0xfeb96
core   0: 1 0x00000000800054c6 (0xfeb96937) x18 0xfffffffffeb96000
core   0: 0x00000000800054ca (0x0018d51b) srliw   a0, a7, 1
core   0: 1 0x00000000800054ca (0x0018d51b) x10 0x0000000000000000
core   0: 0x00000000800054ce (0x02d649b7) lui     s3, 0x2d64
core   0: 1 0x00000000800054ce (0x02d649b7) x19 0x0000000002d64000
core   0: 0x00000000800054d2 (0x4f79899b) addiw   s3, s3, 1271
core   0: 1 0x00000000800054d2 (0x4f79899b) x19 0x0000000002d644f7
core   0: 0x00000000800054d6 (0x000009b6) c.slli  s3, 13
core   0: 1 0x00000000800054d6 (0x09b6) x19 0x0000005ac89ee000
core   0: 0x00000000800054d8 (0xfd898993) addi    s3, s3, -40
core   0: 1 0x00000000800054d8 (0xfd898993) x19 0x0000005ac89edfd8
core   0: 0x00000000800054dc (0x0337773b) remuw   a4, a4, s3
core   0: 1 0x00000000800054dc (0x0337773b) x14 0x0000000000000002
core   0: 0x00000000800054e0 (0x23482853) fsgnjx.d fa6, fa6, fs4
core   0: 1 0x00000000800054e0 (0x23482853) f16 0x7ff8000000000000
core   0: 0x00000000800054e4 (0x403ad833) sra     a6, s5, gp
core   0: 1 0x00000000800054e4 (0x403ad833) x16 0x0000000000000000
core   0: 0x00000000800054e8 (0x007c4b33) xor     s6, s8, t2
core   0: 1 0x00000000800054e8 (0x007c4b33) x22 0xffffffffffffffff
core   0: 0x00000000800054ec (0x19db4a13) xori    s4, s6, 413
core   0: 1 0x00000000800054ec (0x19db4a13) x20 0xfffffffffffffe62
core   0: 0x00000000800054f0 (0x887c6413) ori     s0, s8, -1913
core   0: 1 0x00000000800054f0 (0x887c6413) x8  0xfffffffffffff887
core   0: 0x00000000800054f4 (0x001b1273) csrrw   tp, fflags, s6
core   0: 1 0x00000000800054f4 (0x001b1273) x4  0x000000000000001f c1_fflags 0x000000000000001f
core   0: 0x00000000800054f8 (0x411b08bb) subw    a7, s6, a7
core   0: 1 0x00000000800054f8 (0x411b08bb) x17 0xffffffffffffffff
core   0: 0x00000000800054fc (0x0086563b) srlw    a2, a2, s0
core   0: 1 0x00000000800054fc (0x0086563b) x12 0x0000000000000014
core   0: 0x0000000080005500 (0xc22ff253) fcvt.l.d tp, ft11
core   0: 1 0x0000000080005500 (0xc22ff253) x4  0xffffffff7fffbfec
core   0: 0x0000000080005504 (0x0166563b) srlw    a2, a2, s6
core   0: 1 0x0000000080005504 (0x0166563b) x12 0x0000000000000000
core   0: 0x0000000080005508 (0x41fcd41b) sraiw   s0, s9, 31
core   0: 1 0x0000000080005508 (0x41fcd41b) x8  0x0000000000000000
core   0: 0x000000008000550c (0x1272f3d3) fmul.d  ft7, ft5, ft7
core   0: 1 0x000000008000550c (0x1272f3d3) f7  0x7ff8000000000000
core   0: 0x0000000080005510 (0xf3bbffcb) fnmsub.d ft11, fs7, fs11, ft10
core   0: 1 0x0000000080005510 (0xf3bbffcb) f31 0x7ff8000000000000
core   0: 0x0000000080005514 (0x0021fc33) and     s8, gp, sp
core   0: 1 0x0000000080005514 (0x0021fc33) x24 0x0000000000000000
core   0: 0x0000000080005518 (0x7ff67093) andi    ra, a2, 2047
core   0: 1 0x0000000080005518 (0x7ff67093) x1  0x0000000000000000
core   0: 0x000000008000551c (0x0326663b) remw    a2, a2, s2
core   0: 1 0x000000008000551c (0x0326663b) x12 0x0000000000000000
core   0: 0x0000000080005520 (0x40425433) sra     s0, tp, tp
core   0: 1 0x0000000080005520 (0x40425433) x8  0xffffffffffffffff
core   0: 0x0000000080005524 (0x00000001) c.nop
core   0: 1 0x0000000080005524 (0x0001)
core   0: 0x0000000080005526 (0xf3b3734f) fnmadd.d ft6, ft6, fs11, ft10
core   0: 1 0x0000000080005526 (0xf3b3734f) f6  0x7ff8000000000000
core   0: 0x000000008000552a (0xa3bf9653) flt.d   a2, ft11, fs11
core   0: 1 0x000000008000552a (0xa3bf9653) c1_fflags 0x000000000000001f x12 0x0000000000000000
core   0: 0x000000008000552e (0x400285b3) sub     a1, t0, zero
core   0: 1 0x000000008000552e (0x400285b3) x11 0x0000000000000001
core   0: 0x0000000080005532 (0x0ff0000f) fence   iorw,iorw
core   0: 1 0x0000000080005532 (0x0ff0000f)
core   0: 0x0000000080005536 (0x01d65393) srli    t2, a2, 29
core   0: 1 0x0000000080005536 (0x01d65393) x7  0x0000000000000000
core   0: 0x000000008000553a (0x0016511b) srliw   sp, a2, 1
core   0: 1 0x000000008000553a (0x0016511b) x2  0x0000000000000000
core   0: 0x000000008000553e (0x0269beb3) mulhu   t4, s3, t1
core   0: 1 0x000000008000553e (0x0269beb3) x29 0x0000000000000000
core   0: 0x0000000080005542 (0x013600bb) addw    ra, a2, s3
core   0: 1 0x0000000080005542 (0x013600bb) x1  0xffffffffc89edfd8
core   0: 0x0000000080005546 (0x00121a9b) slliw   s5, tp, 1
core   0: 1 0x0000000080005546 (0x00121a9b) x21 0xffffffffffff7fd8
core   0: 0x000000008000554a (0xd236ff53) fcvt.d.lu ft10, a3
core   0: 1 0x000000008000554a (0xd236ff53) f30 0x0000000000000000
core   0: 0x000000008000554e (0x12b1fc53) fmul.d  fs8, ft3, fa1
core   0: 1 0x000000008000554e (0x12b1fc53) f24 0x7ff8000000000000
core   0: 0x0000000080005552 (0x00000001) c.nop
core   0: 1 0x0000000080005552 (0x0001)
core   0: 0x0000000080005554 (0x01ad573b) srlw    a4, s10, s10
core   0: 1 0x0000000080005554 (0x01ad573b) x14 0x0000000000000000
core   0: 0x0000000080005558 (0x0399fe53) fadd.d  ft8, fs3, fs9
core   0: 1 0x0000000080005558 (0x0399fe53) f28 0x7ff8000000000000
core   0: 0x000000008000555c (0xd036f2d3) fcvt.s.lu ft5, a3
core   0: 1 0x000000008000555c (0xd036f2d3) f5  0xffffffff00000000
core   0: 0x0000000080005560 (0x02b9d5bb) divuw   a1, s3, a1
core   0: 1 0x0000000080005560 (0x02b9d5bb) x11 0xffffffffc89edfd8
core   0: 0x0000000080005564 (0x40c6d733) sra     a4, a3, a2
core   0: 1 0x0000000080005564 (0x40c6d733) x14 0x0000000000000000
core   0: 0x0000000080005568 (0x420a0ad3) fcvt.d.s fs5, fs4
core   0: 1 0x0000000080005568 (0x420a0ad3) f21 0x7ff8000000000000
core   0: 0x000000008000556c (0xc2317e53) fcvt.lu.d t3, ft2
core   0: 1 0x000000008000556c (0xc2317e53) x28 0x0000000080004014
core   0: 0x0000000080005570 (0x400c8033) sub     zero, s9, zero
core   0: 1 0x0000000080005570 (0x400c8033)
core   0: 0x0000000080005574 (0x40175c93) srai    s9, a4, 1
core   0: 1 0x0000000080005574 (0x40175c93) x25 0x0000000000000000
core   0: 0x0000000080005578 (0x04749537) lui     a0, 0x4749
core   0: 1 0x0000000080005578 (0x04749537) x10 0x0000000004749000
core   0: 0x000000008000557c (0x0000253d) c.addiw a0, 15
core   0: 1 0x000000008000557c (0x253d) x10 0x000000000474900f
core   0: 0x000000008000557e (0x00000532) c.slli  a0, 12
core   0: 1 0x000000008000557e (0x0532) x10 0x000000474900f000
core   0: 0x0000000080005580 (0xe2250513) addi    a0, a0, -478
core   0: 1 0x0000000080005580 (0xe2250513) x10 0x000000474900ee22
core   0: 0x0000000080005584 (0xc209fc53) fcvt.w.d s8, fs3
core   0: 1 0x0000000080005584 (0xc209fc53) x24 0x0000000000000001
core   0: 0x0000000080005588 (0xf20c0953) fmv.d.x fs2, s8
core   0: 1 0x0000000080005588 (0xf20c0953) f18 0x0000000000000001
core   0: 0x000000008000558c (0x03d79193) slli    gp, a5, 61
core   0: 1 0x000000008000558c (0x03d79193) x3  0xc000000000000000
core   0: 0x0000000080005590 (0x0009591b) srliw   s2, s2, 0
core   0: 1 0x0000000080005590 (0x0009591b) x18 0xfffffffffeb96000
core   0: 0x0000000080005594 (0x00f077b3) and     a5, zero, a5
core   0: 1 0x0000000080005594 (0x00f077b3) x15 0x0000000000000000
core   0: 0x0000000080005598 (0x8b86cb13) xori    s6, a3, -1864
core   0: 1 0x0000000080005598 (0x8b86cb13) x22 0xfffffffffffff8b8
core   0: 0x000000008000559c (0x035b6cb3) rem     s9, s6, s5
core   0: 1 0x000000008000559c (0x035b6cb3) x25 0xfffffffffffff8b8
core   0: 0x00000000800055a0 (0x0225f133) remu    sp, a1, sp
core   0: 1 0x00000000800055a0 (0x0225f133) x2  0xffffffffc89edfd8
core   0: 0x00000000800055a4 (0x00a999b3) sll     s3, s3, a0
core   0: 1 0x00000000800055a4 (0x00a999b3) x19 0x227b7f6000000000
core   0: 0x00000000800055a8 (0x2a589a53) fmax.d  fs4, fa7, ft5
core   0: 1 0x00000000800055a8 (0x2a589a53) f20 0x7ff8000000000000
core   0: 0x00000000800055ac (0x00801b3b) sllw    s6, zero, s0
core   0: 1 0x00000000800055ac (0x00801b3b) x22 0x0000000000000000
core   0: 0x00000000800055b0 (0x0113973b) sllw    a4, t2, a7
core   0: 1 0x00000000800055b0 (0x0113973b) x14 0x0000000000000000
core   0: 0x00000000800055b4 (0x02bd86bb) mulw    a3, s11, a1
core   0: 1 0x00000000800055b4 (0x02bd86bb) x13 0x000000006ec24050
core   0: 0x00000000800055b8 (0x4016f753) fcvt.s.d fa4, fa3
core   0: 1 0x00000000800055b8 (0x4016f753) f14 0xffffffff00000000
core   0: 0x00000000800055bc (0x2231a1d3) fsgnjx.d ft3, ft3, ft3
core   0: 1 0x00000000800055bc (0x2231a1d3) f3  0x7ff8000000000000
core   0: 0x00000000800055c0 (0xc039fdd3) fcvt.lu.s s11, fs3
core   0: 1 0x00000000800055c0 (0xc039fdd3) c1_fflags 0x000000000000001f x27 0xffffffffffffffff
core   0: 0x00000000800055c4 (0x43f8d393) srai    t2, a7, 63
core   0: 1 0x00000000800055c4 (0x43f8d393) x7  0xffffffffffffffff
core   0: 0x00000000800055c8 (0x12007753) fmul.d  fa4, ft0, ft0
core   0: 1 0x00000000800055c8 (0x12007753) f14 0x7ff8000000000000
core   0: 0x00000000800055cc (0xc22ffad3) fcvt.l.d s5, ft11
core   0: 1 0x00000000800055cc (0xc22ffad3) c1_fflags 0x000000000000001f x21 0x7fffffffffffffff
core   0: 0x00000000800055d0 (0x237f87d3) fsgnj.d fa5, ft11, fs7
core   0: 1 0x00000000800055d0 (0x237f87d3) f15 0xfff8000000000000
core   0: 0x00000000800055d4 (0x03dd35b3) mulhu   a1, s10, t4
core   0: 1 0x00000000800055d4 (0x03dd35b3) x11 0x0000000000000000
core   0: 0x00000000800055d8 (0x0167963b) sllw    a2, a5, s6
core   0: 1 0x00000000800055d8 (0x0167963b) x12 0x0000000000000000
core   0: 0x00000000800055dc (0x00202073) csrrs   zero, frm, zero
core   0: 1 0x00000000800055dc (0x00202073)
core   0: 0x00000000800055e0 (0x8001fa13) andi    s4, gp, -2048
core   0: 1 0x00000000800055e0 (0x8001fa13) x20 0xc000000000000000
core   0: 0x00000000800055e4 (0x0073d3bb) srlw    t2, t2, t2
core   0: 1 0x00000000800055e4 (0x0073d3bb) x7  0x0000000000000001
core   0: 0x00000000800055e8 (0x4188d6b3) sra     a3, a7, s8
core   0: 1 0x00000000800055e8 (0x4188d6b3) x13 0xffffffffffffffff
core   0: 0x00000000800055ec (0xd2080553) fcvt.d.w fa0, a6
core   0: 1 0x00000000800055ec (0xd2080553) f10 0x0000000000000000
core   0: 0x00000000800055f0 (0x01145bbb) srlw    s7, s0, a7
core   0: 1 0x00000000800055f0 (0x01145bbb) x23 0x0000000000000001
core   0: 0x00000000800055f4 (0xf50b8113) addi    sp, s7, -176
core   0: 1 0x00000000800055f4 (0xf50b8113) x2  0xffffffffffffff51
core   0: 0x00000000800055f8 (0xa35b83d3) fle.d   t2, fs7, fs5
core   0: 1 0x00000000800055f8 (0xa35b83d3) c1_fflags 0x000000000000001f x7  0x0000000000000000
core   0: 0x00000000800055fc (0x002787bb) addw    a5, a5, sp
core   0: 1 0x00000000800055fc (0x002787bb) x15 0xffffffffffffff51
core   0: 0x0000000080005600 (0x020572b3) remu    t0, a0, zero
core   0: 1 0x0000000080005600 (0x020572b3) x5  0x000000474900ee22
core   0: 0x0000000080005604 (0x0002843b) addw    s0, t0, zero
core   0: 1 0x0000000080005604 (0x0002843b) x8  0x000000004900ee22
core   0: 0x0000000080005608 (0x1ba7fd53) fdiv.d  fs10, fa5, fs10
core   0: 1 0x0000000080005608 (0x1ba7fd53) f26 0x7ff8000000000000
core   0: 0x000000008000560c (0x40b6d6bb) sraw    a3, a3, a1
core   0: 1 0x000000008000560c (0x40b6d6bb) x13 0xffffffffffffffff
core   0: 0x0000000080005610 (0xfff90893) addi    a7, s2, -1
core   0: 1 0x0000000080005610 (0xfff90893) x17 0xfffffffffeb95fff
core   0: 0x0000000080005614 (0x01131d33) sll     s10, t1, a7
core   0: 1 0x0000000080005614 (0x01131d33) x26 0x0000000000000000
core   0: 0x0000000080005618 (0x0191951b) slliw   a0, gp, 25
core   0: 1 0x0000000080005618 (0x0191951b) x10 0x0000000000000000
core   0: 0x000000008000561c (0x010874b3) and     s1, a6, a6
core   0: 1 0x000000008000561c (0x010874b3) x9  0x0000000000000000
core   0: 0x0000000080005620 (0x4da6cc13) xori    s8, a3, 1242
core   0: 1 0x0000000080005620 (0x4da6cc13) x24 0xfffffffffffffb25
core   0: 0x0000000080005624 (0x009c9713) slli    a4, s9, 9
core   0: 1 0x0000000080005624 (0x009c9713) x14 0xfffffffffff17000
core   0: 0x0000000080005628 (0x02e74ebb) divw    t4, a4, a4
core   0: 1 0x0000000080005628 (0x02e74ebb) x29 0x0000000000000001
core   0: 0x000000008000562c (0x0043d933) srl     s2, t2, tp
core   0: 1 0x000000008000562c (0x0043d933) x18 0x0000000000000000
core   0: 0x0000000080005630 (0x019d93bb) sllw    t2, s11, s9
core   0: 1 0x0000000080005630 (0x019d93bb) x7  0xffffffffff000000
core   0: 0x0000000080005634 (0x22a4a0d3) fsgnjx.d ft1, fs1, fa0
core   0: 1 0x0000000080005634 (0x22a4a0d3) f1  0x7ff8000000000000
core   0: 0x0000000080005638 (0xc02276d3) fcvt.l.s a3, ft4
core   0: 1 0x0000000080005638 (0xc02276d3) c1_fflags 0x000000000000001f x13 0x7fffffffffffffff
core   0: 0x000000008000563c (0x2eef2a17) auipc   s4, 0x2eef2
core   0: 1 0x000000008000563c (0x2eef2a17) x20 0x00000000aeef763c
core   0: 0x0000000080005640 (0x00d8e8b3) or      a7, a7, a3
core   0: 1 0x0000000080005640 (0x00d8e8b3) x17 0xffffffffffffffff
core   0: 0x0000000080005644 (0x0114c1b3) xor     gp, s1, a7
core   0: 1 0x0000000080005644 (0x0114c1b3) x3  0xffffffffffffffff
core   0: 0x0000000080005648 (0x0054aeb3) slt     t4, s1, t0
core   0: 1 0x0000000080005648 (0x0054aeb3) x29 0x0000000000000001
core   0: 0x000000008000564c (0x025cd13b) divuw   sp, s9, t0
core   0: 1 0x000000008000564c (0x025cd13b) x2  0x0000000000000003
core   0: 0x0000000080005650 (0x04dc7c13) andi    s8, s8, 77
core   0: 1 0x0000000080005650 (0x04dc7c13) x24 0x0000000000000005
core   0: 0x0000000080005654 (0x0251553b) divuw   a0, sp, t0
core   0: 1 0x0000000080005654 (0x0251553b) x10 0x0000000000000000
core   0: 0x0000000080005658 (0x23931cd3) fsgnjn.d fs9, ft6, fs9
core   0: 1 0x0000000080005658 (0x23931cd3) f25 0xfff8000000000000
core   0: 0x000000008000565c (0x4007581b) sraiw   a6, a4, 0
core   0: 1 0x000000008000565c (0x4007581b) x16 0xfffffffffff17000
core   0: 0x0000000080005660 (0x00f80cb3) add     s9, a6, a5
core   0: 1 0x0000000080005660 (0x00f80cb3) x25 0xfffffffffff16f51
core   0: 0x0000000080005664 (0x00c21033) sll     zero, tp, a2
core   0: 1 0x0000000080005664 (0x00c21033)
core   0: 0x0000000080005668 (0xd0267d53) fcvt.s.l fs10, a2
core   0: 1 0x0000000080005668 (0xd0267d53) f26 0xffffffff00000000
core   0: 0x000000008000566c (0x1bf1f34b) fnmsub.d ft6, ft3, ft11, ft3
core   0: 1 0x000000008000566c (0x1bf1f34b) f6  0x7ff8000000000000
core   0: 0x0000000080005670 (0x2b2919d3) fmax.d  fs3, fs2, fs2
core   0: 1 0x0000000080005670 (0x2b2919d3) f19 0x0000000000000001
core   0: 0x0000000080005674 (0x01c05e1b) srliw   t3, zero, 28
core   0: 1 0x0000000080005674 (0x01c05e1b) x28 0x0000000000000000
core   0: 0x0000000080005678 (0x020062b3) rem     t0, zero, zero
core   0: 1 0x0000000080005678 (0x020062b3) x5  0x0000000000000000
core   0: 0x000000008000567c (0x5a037453) fsqrt.d fs0, ft6
core   0: 1 0x000000008000567c (0x5a037453) f8  0x7ff8000000000000
core   0: 0x0000000080005680 (0x40137353) fcvt.s.d ft6, ft6
core   0: 1 0x0000000080005680 (0x40137353) f6  0xffffffff7fc00000
core   0: 0x0000000080005684 (0x001d81bb) addw    gp, s11, ra
core   0: 1 0x0000000080005684 (0x001d81bb) x3  0xffffffffc89edfd7
core   0: 0x0000000080005688 (0xc02efbd3) fcvt.l.s s7, ft9
core   0: 1 0x0000000080005688 (0xc02efbd3) c1_fflags 0x000000000000001f x23 0x7fffffffffffffff
core   0: 0x000000008000568c (0xa33887d3) fle.d   a5, fa7, fs3
core   0: 1 0x000000008000568c (0xa33887d3) c1_fflags 0x000000000000001f x15 0x0000000000000000
core   0: 0x0000000080005690 (0x01be90bb) sllw    ra, t4, s11
core   0: 1 0x0000000080005690 (0x01be90bb) x1  0xffffffff80000000
core   0: 0x0000000080005694 (0x22be9ad3) fsgnjn.d fs5, ft9, fa1
core   0: 1 0x0000000080005694 (0x22be9ad3) f21 0x8000000000000000
core   0: 0x0000000080005698 (0x13eefed3) fmul.d  ft9, ft9, ft10
core   0: 1 0x0000000080005698 (0x13eefed3) f29 0x0000000000000000
core   0: 0x000000008000569c (0x01a6d63b) srlw    a2, a3, s10
core   0: 1 0x000000008000569c (0x01a6d63b) x12 0xffffffffffffffff
core   0: 0x00000000800056a0 (0x5adef2c7) fmsub.d ft5, ft9, fa3, fa1
core   0: 1 0x00000000800056a0 (0x5adef2c7) f5  0x0000000000000000
core   0: 0x00000000800056a4 (0x0a8e7b53) fsub.d  fs6, ft8, fs0
core   0: 1 0x00000000800056a4 (0x0a8e7b53) f22 0x7ff8000000000000
core   0: 0x00000000800056a8 (0x01c19d3b) sllw    s10, gp, t3
core   0: 1 0x00000000800056a8 (0x01c19d3b) x26 0xffffffffc89edfd7
core   0: 0x00000000800056ac (0xc200f1d3) fcvt.w.d gp, ft1
core   0: 1 0x00000000800056ac (0xc200f1d3) c1_fflags 0x000000000000001f x3  0x000000007fffffff
core   0: 0x00000000800056b0 (0x00003cfd) c.addiw s9, -1
core   0: 1 0x00000000800056b0 (0x3cfd) x25 0xfffffffffff16f50
core   0: 0x00000000800056b2 (0xc03d7053) fcvt.lu.s zero, fs10
core   0: 1 0x00000000800056b2 (0xc03d7053)
core   0: 0x00000000800056b6 (0x0003879b) sext.w  a5, t2
core   0: 1 0x00000000800056b6 (0x0003879b) x15 0xffffffffff000000
core   0: 0x00000000800056ba (0x402adab3) sra     s5, s5, sp
core   0: 1 0x00000000800056ba (0x402adab3) x21 0x0fffffffffffffff
core   0: 0x00000000800056be (0x800acd93) xori    s11, s5, -2048
core   0: 1 0x00000000800056be (0x800acd93) x27 0xf0000000000007ff
core   0: 0x00000000800056c2 (0x41a05b3b) sraw    s6, zero, s10
core   0: 1 0x00000000800056c2 (0x41a05b3b) x22 0x0000000000000000
core   0: 0x00000000800056c6 (0x2a0d08d3) fmin.d  fa7, fs10, ft0
core   0: 1 0x00000000800056c6 (0x2a0d08d3) f17 0x7ff8000000000000
core   0: 0x00000000800056ca (0x0064a4b3) slt     s1, s1, t1
core   0: 1 0x00000000800056ca (0x0064a4b3) x9  0x0000000000000000
core   0: 0x00000000800056ce (0x406356b3) sra     a3, t1, t1
core   0: 1 0x00000000800056ce (0x406356b3) x13 0x0000000000000000
core   0: 0x00000000800056d2 (0x0088943b) sllw    s0, a7, s0
core   0: 1 0x00000000800056d2 (0x0088943b) x8  0xfffffffffffffffc
core   0: 0x00000000800056d6 (0x02b1da93) srli    s5, gp, 43
core   0: 1 0x00000000800056d6 (0x02b1da93) x21 0x0000000000000000
core   0: 0x00000000800056da (0x001a9d73) csrrw   s10, fflags, s5
core   0: 1 0x00000000800056da (0x001a9d73) x26 0x000000000000001f c1_fflags 0x0000000000000000
core   0: 0x00000000800056de (0x1344fa53) fmul.d  fs4, fs1, fs4
core   0: 1 0x00000000800056de (0x1344fa53) f20 0x7ff8000000000000
core   0: 0x00000000800056e2 (0x02dd503b) divuw   zero, s10, a3
core   0: 1 0x00000000800056e2 (0x02dd503b)
core   0: 0x00000000800056e6 (0x00ed4433) xor     s0, s10, a4
core   0: 1 0x00000000800056e6 (0x00ed4433) x8  0xfffffffffff1701f
core   0: 0x00000000800056ea (0x621a78cf) fnmadd.d fa7, fs4, ft1, fa2
core   0: 1 0x00000000800056ea (0x621a78cf) f17 0x7ff8000000000000
core   0: 0x00000000800056ee (0xa3c60cd3) fle.d   s9, fa2, ft8
core   0: 1 0x00000000800056ee (0xa3c60cd3) c1_fflags 0x0000000000000010 x25 0x0000000000000000
core   0: 0x00000000800056f2 (0x0049a9b3) slt     s3, s3, tp
core   0: 1 0x00000000800056f2 (0x0049a9b3) x19 0x0000000000000000
core   0: 0x00000000800056f6 (0x0139a4b3) slt     s1, s3, s3
core   0: 1 0x00000000800056f6 (0x0139a4b3) x9  0x0000000000000000
core   0: 0x00000000800056fa (0x40c1a537) lui     a0, 0x40c1a
core   0: 1 0x00000000800056fa (0x40c1a537) x10 0x0000000040c1a000
core   0: 0x00000000800056fe (0x01638b3b) addw    s6, t2, s6
core   0: 1 0x00000000800056fe (0x01638b3b) x22 0xffffffffff000000
core   0: 0x0000000080005702 (0x015af4b3) and     s1, s5, s5
core   0: 1 0x0000000080005702 (0x015af4b3) x9  0x0000000000000000
core   0: 0x0000000080005706 (0x40025293) srai    t0, tp, 0
core   0: 1 0x0000000080005706 (0x40025293) x5  0xffffffff7fffbfec
core   0: 0x000000008000570a (0x0002e393) ori     t2, t0, 0
core   0: 1 0x000000008000570a (0x0002e393) x7  0xffffffff7fffbfec
core   0: 0x000000008000570e (0x03f51693) slli    a3, a0, 63
core   0: 1 0x000000008000570e (0x03f51693) x13 0x0000000000000000
core   0: 0x0000000080005712 (0x03625113) srli    sp, tp, 54
core   0: 1 0x0000000080005712 (0x03625113) x2  0x00000000000003ff
core   0: 0x0000000080005716 (0x031cccb3) div     s9, s9, a7
core   0: 1 0x0000000080005716 (0x031cccb3) x25 0x0000000000000000
core   0: 0x000000008000571a (0xc200f9d3) fcvt.w.d s3, ft1
core   0: 1 0x000000008000571a (0xc200f9d3) c1_fflags 0x0000000000000010 x19 0x000000007fffffff
core   0: 0x000000008000571e (0xc21e74d3) fcvt.wu.d s1, ft8
core   0: 1 0x000000008000571e (0xc21e74d3) c1_fflags 0x0000000000000010 x9  0xffffffffffffffff
core   0: 0x0000000080005722 (0x420200d3) fcvt.d.s ft1, ft4
core   0: 1 0x0000000080005722 (0x420200d3) f1  0x7ff8000000000000
core   0: 0x0000000080005726 (0x00555d1b) srliw   s10, a0, 5
core   0: 1 0x0000000080005726 (0x00555d1b) x26 0x0000000002060d00
core   0: 0x000000008000572a (0x22ea8cd3) fsgnj.d fs9, fs5, fa4
core   0: 1 0x000000008000572a (0x22ea8cd3) f25 0x0000000000000000
core   0: 0x000000008000572e (0x00251bf3) csrrw   s7, frm, a0
core   0: 1 0x000000008000572e (0x00251bf3) x23 0x0000000000000000 c2_frm 0x0000000000000000
core   0: 0x0000000080005732 (0x4010fbd3) fcvt.s.d fs7, ft1
core   0: 1 0x0000000080005732 (0x4010fbd3) f23 0xffffffff7fc00000
core   0: 0x0000000080005736 (0x42058753) fcvt.d.s fa4, fa1
core   0: 1 0x0000000080005736 (0x42058753) f14 0x7ff8000000000000
core   0: 0x000000008000573a (0x5a1a7bc3) fmadd.d fs7, fs4, ft1, fa1
core   0: 1 0x000000008000573a (0x5a1a7bc3) f23 0x7ff8000000000000
core   0: 0x000000008000573e (0x401d023b) subw    tp, s10, ra
core   0: 1 0x000000008000573e (0x401d023b) x4  0xffffffff82060d00
core   0: 0x0000000080005742 (0x00475433) srl     s0, a4, tp
core   0: 1 0x0000000080005742 (0x00475433) x8  0xfffffffffff17000
core   0: 0x0000000080005746 (0x00091d13) slli    s10, s2, 0
core   0: 1 0x0000000080005746 (0x00091d13) x26 0x0000000000000000
core   0: 0x000000008000574a (0xe2008153) fmv.x.d sp, ft1
core   0: 1 0x000000008000574a (0xe2008153) x2  0x7ff8000000000000
core   0: 0x000000008000574e (0x00000001) c.nop
core   0: 1 0x000000008000574e (0x0001)
core   0: 0x0000000080005750 (0xc20a7953) fcvt.w.d s2, fs4
core   0: 1 0x0000000080005750 (0xc20a7953) c1_fflags 0x0000000000000010 x18 0x000000007fffffff
core   0: 0x0000000080005754 (0x03287e3b) remuw   t3, a6, s2
core   0: 1 0x0000000080005754 (0x03287e3b) x28 0x000000007ff17001
core   0: 0x0000000080005758 (0xd021f553) fcvt.s.l fa0, gp
core   0: 1 0x0000000080005758 (0xd021f553) c1_fflags 0x0000000000000011 f10 0xffffffff4f000000
core   0: 0x000000008000575c (0x0151f1b3) and     gp, gp, s5
core   0: 1 0x000000008000575c (0x0151f1b3) x3  0x0000000000000000
core   0: 0x0000000080005760 (0xc23bfb53) fcvt.lu.d s6, fs7
core   0: 1 0x0000000080005760 (0xc23bfb53) c1_fflags 0x0000000000000011 x22 0xffffffffffffffff
core   0: 0x0000000080005764 (0x001dec93) ori     s9, s11, 1
core   0: 1 0x0000000080005764 (0x001dec93) x25 0xf0000000000007ff
core   0: 0x0000000080005768 (0x023aedb3) rem     s11, s5, gp
core   0: 1 0x0000000080005768 (0x023aedb3) x27 0x0000000000000000
core   0: 0x000000008000576c (0x9afb85b7) lui     a1, 0x9afb8
core   0: 1 0x000000008000576c (0x9afb85b7) x11 0xffffffff9afb8000
core   0: 0x0000000080005770 (0xd03bfb53) fcvt.s.lu fs6, s7
core   0: 1 0x0000000080005770 (0xd03bfb53) f22 0xffffffff00000000
core   0: 0x0000000080005774 (0xf20c8953) fmv.d.x fs2, s9
core   0: 1 0x0000000080005774 (0xf20c8953) f18 0xf0000000000007ff
core   0: 0x0000000080005778 (0x00cafab3) and     s5, s5, a2
core   0: 1 0x0000000080005778 (0x00cafab3) x21 0x0000000000000000
core   0: 0x000000008000577c (0x7ff94913) xori    s2, s2, 2047
core   0: 1 0x000000008000577c (0x7ff94913) x18 0x000000007ffff800
core   0: 0x0000000080005780 (0x01215c33) srl     s8, sp, s2
core   0: 1 0x0000000080005780 (0x01215c33) x24 0x7ff8000000000000
core   0: 0x0000000080005784 (0x01daea33) or      s4, s5, t4
core   0: 1 0x0000000080005784 (0x01daea33) x20 0x0000000000000001
core   0: 0x0000000080005788 (0x8001c293) xori    t0, gp, -2048
core   0: 1 0x0000000080005788 (0x8001c293) x5  0xfffffffffffff800
core   0: 0x000000008000578c (0x0119599b) srliw   s3, s2, 17
core   0: 1 0x000000008000578c (0x0119599b) x19 0x0000000000003fff
core   0: 0x0000000080005790 (0x40195e1b) sraiw   t3, s2, 1
core   0: 1 0x0000000080005790 (0x40195e1b) x28 0x000000003ffffc00
core   0: 0x0000000080005794 (0x22e82653) fsgnjx.d fa2, fa6, fa4
core   0: 1 0x0000000080005794 (0x22e82653) f12 0x7ff8000000000000
core   0: 0x0000000080005798 (0xc03672d3) fcvt.lu.s t0, fa2
core   0: 1 0x0000000080005798 (0xc03672d3) c1_fflags 0x0000000000000011 x5  0xffffffffffffffff
core   0: 0x000000008000579c (0xd22273d3) fcvt.d.l ft7, tp
core   0: 1 0x000000008000579c (0xd22273d3) f7  0xc1df7e7cc0000000
core   0: 0x00000000800057a0 (0x0482cb13) xori    s6, t0, 72
core   0: 1 0x00000000800057a0 (0x0482cb13) x22 0xffffffffffffffb7
core   0: 0x00000000800057a4 (0xe20605d3) fmv.x.d a1, fa2
core   0: 1 0x00000000800057a4 (0xe20605d3) x11 0x7ff8000000000000
core   0: 0x00000000800057a8 (0x037226b3) mulhsu  a3, tp, s7
core   0: 1 0x00000000800057a8 (0x037226b3) x13 0x0000000000000000
core   0: 0x00000000800057ac (0xc22979d3) fcvt.l.d s3, fs2
core   0: 1 0x00000000800057ac (0xc22979d3) c1_fflags 0x0000000000000011 x19 0x8000000000000000
core   0: 0x00000000800057b0 (0x033e543b) divuw   s0, t3, s3
core   0: 1 0x00000000800057b0 (0x033e543b) x8  0xffffffffffffffff
core   0: 0x00000000800057b4 (0xfcfb37b7) lui     a5, 0xfcfb3
core   0: 1 0x00000000800057b4 (0xfcfb37b7) x15 0xfffffffffcfb3000
core   0: 0x00000000800057b8 (0xf7b7879b) addiw   a5, a5, -133
core   0: 1 0x00000000800057b8 (0xf7b7879b) x15 0xfffffffffcfb2f7b
core   0: 0x00000000800057bc (0x000007b6) c.slli  a5, 13
core   0: 1 0x00000000800057bc (0x07b6) x15 0xffffff9f65ef6000
core   0: 0x00000000800057be (0x69b78793) addi    a5, a5, 1691
core   0: 1 0x00000000800057be (0x69b78793) x15 0xffffff9f65ef669b
core   0: 0x00000000800057c2 (0x00000001) c.nop
core   0: 1 0x00000000800057c2 (0x0001)
core   0: 0x00000000800057c4 (0x0007909b) slliw   ra, a5, 0
core   0: 1 0x00000000800057c4 (0x0007909b) x1  0x0000000065ef669b
core   0: 0x00000000800057c8 (0xd024f653) fcvt.s.l fa2, s1
core   0: 1 0x00000000800057c8 (0xd024f653) f12 0xffffffffbf800000
core   0: 0x00000000800057cc (0x033f7f53) fadd.d  ft10, ft10, fs3
core   0: 1 0x00000000800057cc (0x033f7f53) f30 0x0000000000000001
core   0: 0x00000000800057d0 (0x00008e72) c.mv    t3, t3
core   0: 1 0x00000000800057d0 (0x8e72) x28 0x000000003ffffc00
core   0: 0x00000000800057d2 (0x01ac083b) addw    a6, s8, s10
core   0: 1 0x00000000800057d2 (0x01ac083b) x16 0x0000000000000000
core   0: 0x00000000800057d6 (0x02b56033) rem     zero, a0, a1
core   0: 1 0x00000000800057d6 (0x02b56033)
core   0: 0x00000000800057da (0x008c6433) or      s0, s8, s0
core   0: 1 0x00000000800057da (0x008c6433) x8  0xffffffffffffffff
core   0: 0x00000000800057de (0x22472253) fsgnjx.d ft4, fa4, ft4
core   0: 1 0x00000000800057de (0x22472253) f4  0x7ff8000000000000
core   0: 0x00000000800057e2 (0x2a411bd3) fmax.d  fs7, ft2, ft4
core   0: 1 0x00000000800057e2 (0x2a411bd3) f23 0x41e0000802800000
core   0: 0x00000000800057e6 (0xc0367053) fcvt.lu.s zero, fa2
core   0: 1 0x00000000800057e6 (0xc0367053) c1_fflags 0x0000000000000011
core   0: 0x00000000800057ea (0x40925233) sra     tp, tp, s1
core   0: 1 0x00000000800057ea (0x40925233) x4  0xffffffffffffffff
core   0: 0x00000000800057ee (0xf119bb73) csrrc   s6, mvendorid, s3
core   0: exception trap_illegal_instruction, epc 0x00000000800057ee
core   0:           tval 0x00000000f119bb73
core   0: >>>>  $xrv64i2p1_m2p0_a2p1_f2p2_d2p2_zicsr2p0_zifencei2p0_zmmul1p0_zba1p0_zbb1p0_zbc1p0_zbs1p0
core   0: 0x0000000080004000 (0x0080006f) j       pc + 0x8
core   0: 3 0x0000000080004000 (0x0080006f)
core   0: >>>>  mmode_exception_handler
core   0: 0x0000000080004008 (0x00002c17) auipc   s8, 0x2
core   0: 3 0x0000000080004008 (0x00002c17) x24 0x0000000080006008
core   0: 0x000000008000400c (0x0f0c0c13) addi    s8, s8, 240
core   0: 3 0x000000008000400c (0x0f0c0c13) x24 0x00000000800060f8
core   0: 0x0000000080004010 (0x000c00e7) jalr    s8
core   0: 3 0x0000000080004010 (0x000c00e7) x1  0x0000000080004014
core   0: >>>>  any_handler
core   0: 0x00000000800060f8 (0x341027f3) csrrs   a5, mepc, zero
core   0: 3 0x00000000800060f8 (0x341027f3) x15 0x00000000800057ee
core   0: 0x00000000800060fc (0x34202773) csrrs   a4, mcause, zero
core   0: 3 0x00000000800060fc (0x34202773) x14 0x0000000000000002
core   0: 0x0000000080006100 (0x142026f3) csrrs   a3, scause, zero
core   0: 3 0x0000000080006100 (0x142026f3) x13 0x0000000000000000
core   0: 0x0000000080006104 (0x30402673) csrrs   a2, mie, zero
core   0: 3 0x0000000080006104 (0x30402673) x12 0x0000000000000a00
core   0: 0x0000000080006108 (0x344025f3) csrrs   a1, mip, zero
core   0: 3 0x0000000080006108 (0x344025f3) x11 0x0000000000000080
core   0: 0x000000008000610c (0x343025f3) csrrs   a1, mtval, zero
core   0: 3 0x000000008000610c (0x343025f3) x11 0x00000000f119bb73
core   0: 0x0000000080006110 (0x14302573) csrrs   a0, stval, zero
core   0: 3 0x0000000080006110 (0x14302573) x10 0x0000000000000000
core   0: 0x0000000080006114 (0xb02024f3) csrrs   s1, minstret, zero
core   0: 3 0x0000000080006114 (0xb02024f3) x9  0x0000000000000ffd
core   0: 0x0000000080006118 (0x0000a811) c.j     pc + 20
core   0: 3 0x0000000080006118 (0xa811)
core   0: >>>>  mepc_4
core   0: 0x000000008000612c (0x00000791) c.addi  a5, 4
core   0: 3 0x000000008000612c (0x0791) x15 0x00000000800057f2
core   0: 0x000000008000612e (0x34179073) csrrw   zero, mepc, a5
core   0: 3 0x000000008000612e (0x34179073) c833_mepc 0x00000000800057f2
core   0: 0x0000000080006132 (0x30200073) mret
core   0: 3 0x0000000080006132 (0x30200073) c768_mstatus 0x8000000a00106080
core   0: 0x00000000800057f2 (0x020087b3) mul     a5, ra, zero
core   0: 1 0x00000000800057f2 (0x020087b3) x15 0x0000000000000000
core   0: 0x00000000800057f6 (0x014292b3) sll     t0, t0, s4
core   0: 1 0x00000000800057f6 (0x014292b3) x5  0xfffffffffffffffe
core   0: 0x00000000800057fa (0x01c2dc9b) srliw   s9, t0, 28
core   0: 1 0x00000000800057fa (0x01c2dc9b) x25 0x000000000000000f
core   0: 0x00000000800057fe (0x0a0cfad3) fsub.d  fs5, fs9, ft0
core   0: 1 0x00000000800057fe (0x0a0cfad3) f21 0x7ff8000000000000
core   0: 0x0000000080005802 (0x01bcd81b) srliw   a6, s9, 27
core   0: 1 0x0000000080005802 (0x01bcd81b) x16 0x0000000000000000
core   0: 0x0000000080005806 (0x43f1d913) srai    s2, gp, 63
core   0: 1 0x0000000080005806 (0x43f1d913) x18 0x0000000000000000
core   0: 0x000000008000580a (0x0365fb53) fadd.d  fs6, fa1, fs6
core   0: 1 0x000000008000580a (0x0365fb53) f22 0x7ff8000000000000
core   0: 0x000000008000580e (0x032964bb) remw    s1, s2, s2
core   0: 1 0x000000008000580e (0x032964bb) x9  0x0000000000000000
core   0: 0x0000000080005812 (0xc2107853) fcvt.wu.d a6, ft0
core   0: 1 0x0000000080005812 (0xc2107853) c1_fflags 0x0000000000000011 x16 0xffffffffffffffff
core   0: 0x0000000080005816 (0x00a6d53b) srlw    a0, a3, a0
core   0: 1 0x0000000080005816 (0x00a6d53b) x10 0x0000000000000000
core   0: 0x000000008000581a (0x001326b3) slt     a3, t1, ra
core   0: 1 0x000000008000581a (0x001326b3) x13 0x0000000000000001
core   0: 0x000000008000581e (0xf3ee7e4b) fnmsub.d ft8, ft8, ft10, ft10
core   0: 1 0x000000008000581e (0xf3ee7e4b) f28 0x7ff8000000000000
core   0: 0x0000000080005822 (0x0010fc33) and     s8, ra, ra
core   0: 1 0x0000000080005822 (0x0010fc33) x24 0x0000000080004014
core   0: 0x0000000080005826 (0x01cad43b) srlw    s0, s5, t3
core   0: 1 0x0000000080005826 (0x01cad43b) x8  0x0000000000000000
core   0: 0x000000008000582a (0x00009f8d) c.subw  a5, a1
core   0: 1 0x000000008000582a (0x9f8d) x15 0x000000000ee6448d
core   0: 0x000000008000582c (0x237a0a53) fsgnj.d fs4, fs4, fs7
core   0: 1 0x000000008000582c (0x237a0a53) f20 0x7ff8000000000000
core   0: 0x0000000080005830 (0x01164033) xor     zero, a2, a7
core   0: 1 0x0000000080005830 (0x01164033)
core   0: 0x0000000080005834 (0x016192b3) sll     t0, gp, s6
core   0: 1 0x0000000080005834 (0x016192b3) x5  0x0000000000000000
core   0: 0x0000000080005838 (0x0104f733) and     a4, s1, a6
core   0: 1 0x0000000080005838 (0x0104f733) x14 0x0000000000000000
core   0: 0x000000008000583c (0xd0357853) fcvt.s.lu fa6, a0
core   0: 1 0x000000008000583c (0xd0357853) f16 0xffffffff00000000
core   0: 0x0000000080005840 (0x01f55b9b) srliw   s7, a0, 31
core   0: 1 0x0000000080005840 (0x01f55b9b) x23 0x0000000000000000
core   0: 0x0000000080005844 (0x02d6e6bb) remw    a3, a3, a3
core   0: 1 0x0000000080005844 (0x02d6e6bb) x13 0x0000000000000000
core   0: 0x0000000080005848 (0x54a9bbb7) lui     s7, 0x54a9b
core   0: 1 0x0000000080005848 (0x54a9bbb7) x23 0x0000000054a9b000
core   0: 0x000000008000584c (0x00000001) c.nop
core   0: 1 0x000000008000584c (0x0001)
core   0: 0x000000008000584e (0xc207f1d3) fcvt.w.d gp, fa5
core   0: 1 0x000000008000584e (0xc207f1d3) c1_fflags 0x0000000000000011 x3  0x000000007fffffff
core   0: 0x0000000080005852 (0x539bfcc3) fmadd.d fs9, fs7, fs9, fa0
core   0: 1 0x0000000080005852 (0x539bfcc3) f25 0x7ff8000000000000
core   0: 0x0000000080005856 (0xd026fe53) fcvt.s.l ft8, a3
core   0: 1 0x0000000080005856 (0xd026fe53) f28 0xffffffff00000000
core   0: 0x000000008000585a (0x021dbdb3) mulhu   s11, s11, ra
core   0: 1 0x000000008000585a (0x021dbdb3) x27 0x0000000000000000
core   0: 0x000000008000585e (0x7b04b873) csrrc   a6, dcsr, s1
core   0: exception trap_illegal_instruction, epc 0x000000008000585e
core   0:           tval 0x000000007b04b873
core   0: >>>>  $xrv64i2p1_m2p0_a2p1_f2p2_d2p2_zicsr2p0_zifencei2p0_zmmul1p0_zba1p0_zbb1p0_zbc1p0_zbs1p0
core   0: 0x0000000080004000 (0x0080006f) j       pc + 0x8
core   0: 3 0x0000000080004000 (0x0080006f)
core   0: >>>>  mmode_exception_handler
core   0: 0x0000000080004008 (0x00002c17) auipc   s8, 0x2
core   0: 3 0x0000000080004008 (0x00002c17) x24 0x0000000080006008
core   0: 0x000000008000400c (0x0f0c0c13) addi    s8, s8, 240
core   0: 3 0x000000008000400c (0x0f0c0c13) x24 0x00000000800060f8
core   0: 0x0000000080004010 (0x000c00e7) jalr    s8
core   0: 3 0x0000000080004010 (0x000c00e7) x1  0x0000000080004014
core   0: >>>>  any_handler
core   0: 0x00000000800060f8 (0x341027f3) csrrs   a5, mepc, zero
core   0: 3 0x00000000800060f8 (0x341027f3) x15 0x000000008000585e
core   0: 0x00000000800060fc (0x34202773) csrrs   a4, mcause, zero
core   0: 3 0x00000000800060fc (0x34202773) x14 0x0000000000000002
core   0: 0x0000000080006100 (0x142026f3) csrrs   a3, scause, zero
core   0: 3 0x0000000080006100 (0x142026f3) x13 0x0000000000000000
core   0: 0x0000000080006104 (0x30402673) csrrs   a2, mie, zero
core   0: 3 0x0000000080006104 (0x30402673) x12 0x0000000000000a00
core   0: 0x0000000080006108 (0x344025f3) csrrs   a1, mip, zero
core   0: 3 0x0000000080006108 (0x344025f3) x11 0x0000000000000080
core   0: 0x000000008000610c (0x343025f3) csrrs   a1, mtval, zero
core   0: 3 0x000000008000610c (0x343025f3) x11 0x000000007b04b873
core   0: 0x0000000080006110 (0x14302573) csrrs   a0, stval, zero
core   0: 3 0x0000000080006110 (0x14302573) x10 0x0000000000000000
core   0: 0x0000000080006114 (0xb02024f3) csrrs   s1, minstret, zero
core   0: 3 0x0000000080006114 (0xb02024f3) x9  0x0000000000001029
core   0: 0x0000000080006118 (0x0000a811) c.j     pc + 20
core   0: 3 0x0000000080006118 (0xa811)
core   0: >>>>  mepc_4
core   0: 0x000000008000612c (0x00000791) c.addi  a5, 4
core   0: 3 0x000000008000612c (0x0791) x15 0x0000000080005862
core   0: 0x000000008000612e (0x34179073) csrrw   zero, mepc, a5
core   0: 3 0x000000008000612e (0x34179073) c833_mepc 0x0000000080005862
core   0: 0x0000000080006132 (0x30200073) mret
core   0: 3 0x0000000080006132 (0x30200073) c768_mstatus 0x8000000a00106080
core   0: 0x0000000080005862 (0x41728633) sub     a2, t0, s7
core   0: 1 0x0000000080005862 (0x41728633) x12 0xffffffffab565000
core   0: 0x0000000080005866 (0x10a56073) csrrsi  zero, senvcfg, 10
core   0: 1 0x0000000080005866 (0x10a56073) c266_senvcfg 0x0000000000000000
core   0: 0x000000008000586a (0xc20ef6d3) fcvt.w.d a3, ft9
core   0: 1 0x000000008000586a (0xc20ef6d3) x13 0x0000000000000000
core   0: 0x000000008000586e (0xc226fed3) fcvt.l.d t4, fa3
core   0: 1 0x000000008000586e (0xc226fed3) x29 0x0000000000000000
core   0: 0x0000000080005872 (0x03d1083b) mulw    a6, sp, t4
core   0: 1 0x0000000080005872 (0x03d1083b) x16 0x0000000000000000
core   0: 0x0000000080005876 (0x01849cbb) sllw    s9, s1, s8
core   0: 1 0x0000000080005876 (0x01849cbb) x25 0x0000000029000000
core   0: 0x000000008000587a (0x02751933) mulh    s2, a0, t2
core   0: 1 0x000000008000587a (0x02751933) x18 0x0000000000000000
core   0: 0x000000008000587e (0x000e9e93) slli    t4, t4, 0
core   0: 1 0x000000008000587e (0x000e9e93) x29 0x0000000000000000
core   0: 0x0000000080005882 (0x0293d593) srli    a1, t2, 41
core   0: 1 0x0000000080005882 (0x0293d593) x11 0x00000000007fffff
core   0: 0x0000000080005886 (0x000087be) c.mv    a5, a5
core   0: 1 0x0000000080005886 (0x87be) x15 0x0000000080005862
core   0: 0x0000000080005888 (0xd237f5d3) fcvt.d.lu fa1, a5
core   0: 1 0x0000000080005888 (0xd237f5d3) f11 0x41e0000b0c400000
core   0: 0x000000008000588c (0x5a73f7c3) fmadd.d fa5, ft7, ft7, fa1
core   0: 1 0x000000008000588c (0x5a73f7c3) c1_fflags 0x0000000000000011 f15 0x43ceff05ac8e54ac
core   0: 0x0000000080005890 (0xc037f8d3) fcvt.lu.s a7, fa5
core   0: 1 0x0000000080005890 (0xc037f8d3) c1_fflags 0x0000000000000011 x17 0xffffffffffffffff
core   0: 0x0000000080005894 (0x5a0179d3) fsqrt.d fs3, ft2
core   0: 1 0x0000000080005894 (0x5a0179d3) c1_fflags 0x0000000000000011 f19 0x40e6a0a4106aac56
core   0: 0x0000000080005898 (0xea44e393) ori     t2, s1, -348
core   0: 1 0x0000000080005898 (0xea44e393) x7  0xfffffffffffffead
core   0: 0x000000008000589c (0x03b3c1bb) divw    gp, t2, s11
core   0: 1 0x000000008000589c (0x03b3c1bb) x3  0xffffffffffffffff
core   0: 0x00000000800058a0 (0x00139273) csrrw   tp, fflags, t2
core   0: 1 0x00000000800058a0 (0x00139273) x4  0x0000000000000011 c1_fflags 0x000000000000000d
core   0: 0x00000000800058a4 (0xc02e7ad3) fcvt.l.s s5, ft8
core   0: 1 0x00000000800058a4 (0xc02e7ad3) x21 0x0000000000000000
core   0: 0x00000000800058a8 (0x0bb9f7d3) fsub.d  fa5, fs3, fs11
core   0: 1 0x00000000800058a8 (0x0bb9f7d3) f15 0x7ff8000000000000
core   0: 0x00000000800058ac (0x407a0e33) sub     t3, s4, t2
core   0: 1 0x00000000800058ac (0x407a0e33) x28 0x0000000000000154
core   0: 0x00000000800058b0 (0x001acc93) xori    s9, s5, 1
core   0: 1 0x00000000800058b0 (0x001acc93) x25 0x0000000000000001
core   0: 0x00000000800058b4 (0x00000001) c.nop
core   0: 1 0x00000000800058b4 (0x0001)
core   0: 0x00000000800058b6 (0x000d111b) slliw   sp, s10, 0
core   0: 1 0x00000000800058b6 (0x000d111b) x2  0x0000000000000000
core   0: 0x00000000800058ba (0x0337f153) fadd.d  ft2, fa5, fs3
core   0: 1 0x00000000800058ba (0x0337f153) f2  0x7ff8000000000000
core   0: 0x00000000800058be (0x02f856bb) divuw   a3, a6, a5
core   0: 1 0x00000000800058be (0x02f856bb) x13 0x0000000000000000
core   0: 0x00000000800058c2 (0xd2080ed3) fcvt.d.w ft9, a6
core   0: 1 0x00000000800058c2 (0xd2080ed3) f29 0x0000000000000000
core   0: 0x00000000800058c6 (0x03aa8b33) mul     s6, s5, s10
core   0: 1 0x00000000800058c6 (0x03aa8b33) x22 0x0000000000000000
core   0: 0x00000000800058ca (0x10615073) csrrwi  zero, scounteren, 2
core   0: 1 0x00000000800058ca (0x10615073) c262_scounteren 0x0000000000000000
core   0: 0x00000000800058ce (0x021d2d33) mulhsu  s10, s10, ra
core   0: 1 0x00000000800058ce (0x021d2d33) x26 0x0000000000000000
core   0: 0x00000000800058d2 (0x0012db9b) srliw   s7, t0, 1
core   0: 1 0x00000000800058d2 (0x0012db9b) x23 0x0000000000000000
core   0: 0x00000000800058d6 (0x00650c9b) addiw   s9, a0, 6
core   0: 1 0x00000000800058d6 (0x00650c9b) x25 0x0000000000000006
core   0: 0x00000000800058da (0xd03bf153) fcvt.s.lu ft2, s7
core   0: 1 0x00000000800058da (0xd03bf153) f2  0xffffffff00000000
core   0: 0x00000000800058de (0x41978533) sub     a0, a5, s9
core   0: 1 0x00000000800058de (0x41978533) x10 0x000000008000585c
core   0: 0x00000000800058e2 (0x00f7573b) srlw    a4, a4, a5
core   0: 1 0x00000000800058e2 (0x00f7573b) x14 0x0000000000000000
core   0: 0x00000000800058e6 (0x431b5a93) srai    s5, s6, 49
core   0: 1 0x00000000800058e6 (0x431b5a93) x21 0x0000000000000000
core   0: 0x00000000800058ea (0x002798f3) csrrw   a7, frm, a5
core   0: 1 0x00000000800058ea (0x002798f3) x17 0x0000000000000000 c2_frm 0x0000000000000002
core   0: 0x00000000800058ee (0x00002285) c.addiw t0, 1
core   0: 1 0x00000000800058ee (0x2285) x5  0x0000000000000001
core   0: 0x00000000800058f0 (0x41128dbb) subw    s11, t0, a7
core   0: 1 0x00000000800058f0 (0x41128dbb) x27 0x0000000000000001
core   0: 0x00000000800058f4 (0x7ff50d1b) addiw   s10, a0, 2047
core   0: 1 0x00000000800058f4 (0x7ff50d1b) x26 0xffffffff8000605b
core   0: 0x00000000800058f8 (0x4d8d0e1b) addiw   t3, s10, 1240
core   0: 1 0x00000000800058f8 (0x4d8d0e1b) x28 0xffffffff80006533
core   0: 0x00000000800058fc (0xd2128d53) fcvt.d.wu fs10, t0
core   0: 1 0x00000000800058fc (0xd2128d53) f26 0x3ff0000000000000
core   0: 0x0000000080005900 (0x0252c733) div     a4, t0, t0
core   0: 1 0x0000000080005900 (0x0252c733) x14 0x0000000000000001
core   0: 0x0000000080005904 (0x033d7bbb) remuw   s7, s10, s3
core   0: 1 0x0000000080005904 (0x033d7bbb) x23 0xffffffff8000605b
core   0: 0x0000000080005908 (0x01db2633) slt     a2, s6, t4
core   0: 1 0x0000000080005908 (0x01db2633) x12 0x0000000000000000
core   0: 0x000000008000590c (0x40da0bbb) subw    s7, s4, a3
core   0: 1 0x000000008000590c (0x40da0bbb) x23 0x0000000000000001
core   0: 0x0000000080005910 (0xd208f8c3) fmadd.d fa7, fa7, ft0, fs10
core   0: 1 0x0000000080005910 (0xd208f8c3) f17 0x7ff8000000000000
core   0: 0x0000000080005914 (0x0359fdbb) remuw   s11, s3, s5
core   0: 1 0x0000000080005914 (0x0359fdbb) x27 0x0000000000000000
core   0: 0x0000000080005918 (0xc03e7ad3) fcvt.lu.s s5, ft8
core   0: 1 0x0000000080005918 (0xc03e7ad3) x21 0x0000000000000000
core   0: 0x000000008000591c (0xf51d9c37) lui     s8, 0xf51d9
core   0: 1 0x000000008000591c (0xf51d9c37) x24 0xfffffffff51d9000
core   0: 0x0000000080005920 (0x03bc79b3) remu    s3, s8, s11
core   0: 1 0x0000000080005920 (0x03bc79b3) x19 0xfffffffff51d9000
core   0: 0x0000000080005924 (0x1430d973) csrrwi  s2, stval, 1
core   0: 1 0x0000000080005924 (0x1430d973) x18 0x0000000000000000 c323_stval 0x0000000000000001
core   0: 0x0000000080005928 (0xd026f053) fcvt.s.l ft0, a3
core   0: 1 0x0000000080005928 (0xd026f053) f0  0xffffffff00000000
core   0: 0x000000008000592c (0x405cde93) srai    t4, s9, 5
core   0: 1 0x000000008000592c (0x405cde93) x29 0x0000000000000000
core   0: 0x0000000080005930 (0x010b9bb3) sll     s7, s7, a6
core   0: 1 0x0000000080005930 (0x010b9bb3) x23 0x0000000000000001
core   0: 0x0000000080005934 (0x039ecc3b) divw    s8, t4, s9
core   0: 1 0x0000000080005934 (0x039ecc3b) x24 0x0000000000000000
core   0: 0x0000000080005938 (0x017bdcb3) srl     s9, s7, s7
core   0: 1 0x0000000080005938 (0x017bdcb3) x25 0x0000000000000000
core   0: 0x000000008000593c (0x018c28b3) slt     a7, s8, s8
core   0: 1 0x000000008000593c (0x018c28b3) x17 0x0000000000000000
core   0: 0x0000000080005940 (0x41135813) srai    a6, t1, 17
core   0: 1 0x0000000080005940 (0x41135813) x16 0x0000000000000000
core   0: 0x0000000080005944 (0xc0499173) csrrw   sp, hpmcounter4, s3
core   0: exception trap_illegal_instruction, epc 0x0000000080005944
core   0:           tval 0x00000000c0499173
core   0: >>>>  $xrv64i2p1_m2p0_a2p1_f2p2_d2p2_zicsr2p0_zifencei2p0_zmmul1p0_zba1p0_zbb1p0_zbc1p0_zbs1p0
core   0: 0x0000000080004000 (0x0080006f) j       pc + 0x8
core   0: 3 0x0000000080004000 (0x0080006f)
core   0: >>>>  mmode_exception_handler
core   0: 0x0000000080004008 (0x00002c17) auipc   s8, 0x2
core   0: 3 0x0000000080004008 (0x00002c17) x24 0x0000000080006008
core   0: 0x000000008000400c (0x0f0c0c13) addi    s8, s8, 240
core   0: 3 0x000000008000400c (0x0f0c0c13) x24 0x00000000800060f8
core   0: 0x0000000080004010 (0x000c00e7) jalr    s8
core   0: 3 0x0000000080004010 (0x000c00e7) x1  0x0000000080004014
core   0: >>>>  any_handler
core   0: 0x00000000800060f8 (0x341027f3) csrrs   a5, mepc, zero
core   0: 3 0x00000000800060f8 (0x341027f3) x15 0x0000000080005944
core   0: 0x00000000800060fc (0x34202773) csrrs   a4, mcause, zero
core   0: 3 0x00000000800060fc (0x34202773) x14 0x0000000000000002
core   0: 0x0000000080006100 (0x142026f3) csrrs   a3, scause, zero
core   0: 3 0x0000000080006100 (0x142026f3) x13 0x0000000000000000
core   0: 0x0000000080006104 (0x30402673) csrrs   a2, mie, zero
core   0: 3 0x0000000080006104 (0x30402673) x12 0x0000000000000a00
core   0: 0x0000000080006108 (0x344025f3) csrrs   a1, mip, zero
core   0: 3 0x0000000080006108 (0x344025f3) x11 0x0000000000000080
core   0: 0x000000008000610c (0x343025f3) csrrs   a1, mtval, zero
core   0: 3 0x000000008000610c (0x343025f3) x11 0x00000000c0499173
core   0: 0x0000000080006110 (0x14302573) csrrs   a0, stval, zero
core   0: 3 0x0000000080006110 (0x14302573) x10 0x0000000000000001
core   0: 0x0000000080006114 (0xb02024f3) csrrs   s1, minstret, zero
core   0: 3 0x0000000080006114 (0xb02024f3) x9  0x0000000000001073
core   0: 0x0000000080006118 (0x0000a811) c.j     pc + 20
core   0: 3 0x0000000080006118 (0xa811)
core   0: >>>>  mepc_4
core   0: 0x000000008000612c (0x00000791) c.addi  a5, 4
core   0: 3 0x000000008000612c (0x0791) x15 0x0000000080005948
core   0: 0x000000008000612e (0x34179073) csrrw   zero, mepc, a5
core   0: 3 0x000000008000612e (0x34179073) c833_mepc 0x0000000080005948
core   0: 0x0000000080006132 (0x30200073) mret
core   0: 3 0x0000000080006132 (0x30200073) c768_mstatus 0x8000000a00106080
core   0: 0x0000000080005948 (0x00102c73) csrrs   s8, fflags, zero
core   0: 1 0x0000000080005948 (0x00102c73) x24 0x000000000000000d
core   0: 0x000000008000594c (0x015a13b3) sll     t2, s4, s5
core   0: 1 0x000000008000594c (0x015a13b3) x7  0x0000000000000001
core   0: 0x0000000080005950 (0x0176143b) sllw    s0, a2, s7
core   0: 1 0x0000000080005950 (0x0176143b) x8  0x0000000000001400
core   0: 0x0000000080005954 (0x70fd049b) addiw   s1, s10, 1807
core   0: 1 0x0000000080005954 (0x70fd049b) x9  0xffffffff8000676a
core   0: 0x0000000080005958 (0x0a977f53) fsub.d  ft10, fa4, fs1
core   0: 1 0x0000000080005958 (0x0a977f53) f30 0x7ff8000000000000
core   0: 0x000000008000595c (0x0336d233) divu    tp, a3, s3
core   0: 1 0x000000008000595c (0x0336d233) x4  0x0000000000000000
core   0: 0x0000000080005960 (0x2a330d53) fmin.d  fs10, ft6, ft3
core   0: 1 0x0000000080005960 (0x2a330d53) f26 0x7ff8000000000000
core   0: 0x0000000080005964 (0xf1151bf3) csrrw   s7, mvendorid, a0
core   0: exception trap_illegal_instruction, epc 0x0000000080005964
core   0:           tval 0x00000000f1151bf3
core   0: >>>>  $xrv64i2p1_m2p0_a2p1_f2p2_d2p2_zicsr2p0_zifencei2p0_zmmul1p0_zba1p0_zbb1p0_zbc1p0_zbs1p0
core   0: 0x0000000080004000 (0x0080006f) j       pc + 0x8
core   0: 3 0x0000000080004000 (0x0080006f)
core   0: >>>>  mmode_exception_handler
core   0: 0x0000000080004008 (0x00002c17) auipc   s8, 0x2
core   0: 3 0x0000000080004008 (0x00002c17) x24 0x0000000080006008
core   0: 0x000000008000400c (0x0f0c0c13) addi    s8, s8, 240
core   0: 3 0x000000008000400c (0x0f0c0c13) x24 0x00000000800060f8
core   0: 0x0000000080004010 (0x000c00e7) jalr    s8
core   0: 3 0x0000000080004010 (0x000c00e7) x1  0x0000000080004014
core   0: >>>>  any_handler
core   0: 0x00000000800060f8 (0x341027f3) csrrs   a5, mepc, zero
core   0: 3 0x00000000800060f8 (0x341027f3) x15 0x0000000080005964
core   0: 0x00000000800060fc (0x34202773) csrrs   a4, mcause, zero
core   0: 3 0x00000000800060fc (0x34202773) x14 0x0000000000000002
core   0: 0x0000000080006100 (0x142026f3) csrrs   a3, scause, zero
core   0: 3 0x0000000080006100 (0x142026f3) x13 0x0000000000000000
core   0: 0x0000000080006104 (0x30402673) csrrs   a2, mie, zero
core   0: 3 0x0000000080006104 (0x30402673) x12 0x0000000000000a00
core   0: 0x0000000080006108 (0x344025f3) csrrs   a1, mip, zero
core   0: 3 0x0000000080006108 (0x344025f3) x11 0x0000000000000080
core   0: 0x000000008000610c (0x343025f3) csrrs   a1, mtval, zero
core   0: 3 0x000000008000610c (0x343025f3) x11 0x00000000f1151bf3
core   0: 0x0000000080006110 (0x14302573) csrrs   a0, stval, zero
core   0: 3 0x0000000080006110 (0x14302573) x10 0x0000000000000001
core   0: 0x0000000080006114 (0xb02024f3) csrrs   s1, minstret, zero
core   0: 3 0x0000000080006114 (0xb02024f3) x9  0x000000000000108a
core   0: 0x0000000080006118 (0x0000a811) c.j     pc + 20
core   0: 3 0x0000000080006118 (0xa811)
core   0: >>>>  mepc_4
core   0: 0x000000008000612c (0x00000791) c.addi  a5, 4
core   0: 3 0x000000008000612c (0x0791) x15 0x0000000080005968
core   0: 0x000000008000612e (0x34179073) csrrw   zero, mepc, a5
core   0: 3 0x000000008000612e (0x34179073) c833_mepc 0x0000000080005968
core   0: 0x0000000080006132 (0x30200073) mret
core   0: 3 0x0000000080006132 (0x30200073) c768_mstatus 0x8000000a00106080
core   0: 0x0000000080005968 (0x23ad22d3) fsgnjx.d ft5, fs10, fs10
core   0: 1 0x0000000080005968 (0x23ad22d3) f5  0x7ff8000000000000
core   0: 0x000000008000596c (0xd021fe53) fcvt.s.l ft8, gp
core   0: 1 0x000000008000596c (0xd021fe53) f28 0xffffffffbf800000
core   0: 0x0000000080005970 (0xe871859b) addiw   a1, gp, -377
core   0: 1 0x0000000080005970 (0xe871859b) x11 0xfffffffffffffe86
core   0: 0x0000000080005974 (0x02e5f1b3) remu    gp, a1, a4
core   0: 1 0x0000000080005974 (0x02e5f1b3) x3  0x0000000000000000
core   0: 0x0000000080005978 (0x02252bb3) mulhsu  s7, a0, sp
core   0: 1 0x0000000080005978 (0x02252bb3) x23 0x0000000000000000
core   0: 0x000000008000597c (0x420e0bd3) fcvt.d.s fs7, ft8
core   0: 1 0x000000008000597c (0x420e0bd3) f23 0xbff0000000000000
core   0: 0x0000000080005980 (0x0d1ece93) xori    t4, t4, 209
core   0: 1 0x0000000080005980 (0x0d1ece93) x29 0x00000000000000d1
core   0: 0x0000000080005984 (0x410c54b3) sra     s1, s8, a6
core   0: 1 0x0000000080005984 (0x410c54b3) x9  0x00000000800060f8
core   0: 0x0000000080005988 (0x00ad56b3) srl     a3, s10, a0
core   0: 1 0x0000000080005988 (0x00ad56b3) x13 0x7fffffffc000302d
core   0: 0x000000008000598c (0xc23bf3d3) fcvt.lu.d t2, fs7
core   0: 1 0x000000008000598c (0xc23bf3d3) c1_fflags 0x000000000000001d x7  0x0000000000000000
core   0: 0x0000000080005990 (0x0013dd1b) srliw   s10, t2, 1
core   0: 1 0x0000000080005990 (0x0013dd1b) x26 0x0000000000000000
core   0: 0x0000000080005994 (0xc23bfa53) fcvt.lu.d s4, fs7
core   0: 1 0x0000000080005994 (0xc23bfa53) c1_fflags 0x000000000000001d x20 0x0000000000000000
core   0: 0x0000000080005998 (0x0050a533) slt     a0, ra, t0
core   0: 1 0x0000000080005998 (0x0050a533) x10 0x0000000000000000
core   0: 0x000000008000599c (0x117c8713) addi    a4, s9, 279
core   0: 1 0x000000008000599c (0x117c8713) x14 0x0000000000000117
core   0: 0x00000000800059a0 (0x021097b3) mulh    a5, ra, ra
core   0: 1 0x00000000800059a0 (0x021097b3) x15 0x0000000000000000
core   0: 0x00000000800059a4 (0x0b7f7f53) fsub.d  ft10, ft10, fs7
core   0: 1 0x00000000800059a4 (0x0b7f7f53) f30 0x7ff8000000000000
core   0: 0x00000000800059a8 (0x405102bb) subw    t0, sp, t0
core   0: 1 0x00000000800059a8 (0x405102bb) x5  0xffffffffffffffff
core   0: 0x00000000800059ac (0x0234be33) mulhu   t3, s1, gp
core   0: 1 0x00000000800059ac (0x0234be33) x28 0x0000000000000000
core   0: 0x00000000800059b0 (0x017bebb3) or      s7, s7, s7
core   0: 1 0x00000000800059b0 (0x017bebb3) x23 0x0000000000000000
core   0: 0x00000000800059b4 (0x00a9d7b3) srl     a5, s3, a0
core   0: 1 0x00000000800059b4 (0x00a9d7b3) x15 0xfffffffff51d9000
core   0: 0x00000000800059b8 (0x0291b433) mulhu   s0, gp, s1
core   0: 1 0x00000000800059b8 (0x0291b433) x8  0x0000000000000000
core   0: 0x00000000800059bc (0x62ea4c17) auipc   s8, 0x62ea4
core   0: 1 0x00000000800059bc (0x62ea4c17) x24 0x00000000e2ea99bc
core   0: 0x00000000800059c0 (0xc0ce7b17) auipc   s6, 0xc0ce7
core   0: 1 0x00000000800059c0 (0xc0ce7b17) x22 0x0000000040cec9c0
core   0: 0x00000000800059c4 (0xef750517) auipc   a0, 0xef750
core   0: 1 0x00000000800059c4 (0xef750517) x10 0x000000006f7559c4
core   0: 0x00000000800059c8 (0x40b8d4bb) sraw    s1, a7, a1
core   0: 1 0x00000000800059c8 (0x40b8d4bb) x9  0x0000000000000000
core   0: 0x00000000800059cc (0x00fe9ebb) sllw    t4, t4, a5
core   0: 1 0x00000000800059cc (0x00fe9ebb) x29 0x00000000000000d1
core   0: 0x00000000800059d0 (0x0215e733) rem     a4, a1, ra
core   0: 1 0x00000000800059d0 (0x0215e733) x14 0xfffffffffffffe86
core   0: 0x00000000800059d4 (0x03b1c0bb) divw    ra, gp, s11
core   0: 1 0x00000000800059d4 (0x03b1c0bb) x1  0xffffffffffffffff
core   0: 0x00000000800059d8 (0x00dbc6b3) xor     a3, s7, a3
core   0: 1 0x00000000800059d8 (0x00dbc6b3) x13 0x7fffffffc000302d
core   0: 0x00000000800059dc (0x024260bb) remw    ra, tp, tp
core   0: 1 0x00000000800059dc (0x024260bb) x1  0x0000000000000000
core   0: 0x00000000800059e0 (0xd2030d53) fcvt.d.w fs10, t1
core   0: 1 0x00000000800059e0 (0xd2030d53) f26 0x0000000000000000
core   0: 0x00000000800059e4 (0x0ae2f353) fsub.d  ft6, ft5, fa4
core   0: 1 0x00000000800059e4 (0x0ae2f353) f6  0x7ff8000000000000
core   0: 0x00000000800059e8 (0xd03cfd53) fcvt.s.lu fs10, s9
core   0: 1 0x00000000800059e8 (0xd03cfd53) f26 0xffffffff00000000
core   0: 0x00000000800059ec (0x0ff0000f) fence   iorw,iorw
core   0: 1 0x00000000800059ec (0x0ff0000f)
core   0: 0x00000000800059f0 (0x001bebb3) or      s7, s7, ra
core   0: 1 0x00000000800059f0 (0x001bebb3) x23 0x0000000000000000
core   0: 0x00000000800059f4 (0x01f3561b) srliw   a2, t1, 31
core   0: 1 0x00000000800059f4 (0x01f3561b) x12 0x0000000000000000
core   0: 0x00000000800059f8 (0x36d9059b) addiw   a1, s2, 877
core   0: 1 0x00000000800059f8 (0x36d9059b) x11 0x000000000000036d
core   0: 0x00000000800059fc (0x8003ce13) xori    t3, t2, -2048
core   0: 1 0x00000000800059fc (0x8003ce13) x28 0xfffffffffffff800
core   0: 0x0000000080005a00 (0xc2237a53) fcvt.l.d s4, ft6
core   0: 1 0x0000000080005a00 (0xc2237a53) c1_fflags 0x000000000000001d x20 0x7fffffffffffffff
core   0: 0x0000000080005a04 (0x7ffa7e93) andi    t4, s4, 2047
core   0: 1 0x0000000080005a04 (0x7ffa7e93) x29 0x00000000000007ff
core   0: 0x0000000080005a08 (0x02aa513b) divuw   sp, s4, a0
core   0: 1 0x0000000080005a08 (0x02aa513b) x2  0x0000000000000002
core   0: 0x0000000080005a0c (0x41d95cbb) sraw    s9, s2, t4
core   0: 1 0x0000000080005a0c (0x41d95cbb) x25 0x0000000000000000
core   0: 0x0000000080005a10 (0x0052f2b3) and     t0, t0, t0
core   0: 1 0x0000000080005a10 (0x0052f2b3) x5  0xffffffffffffffff
core   0: 0x0000000080005a14 (0x408ada9b) sraiw   s5, s5, 8
core   0: 1 0x0000000080005a14 (0x408ada9b) x21 0x0000000000000000
core   0: 0x0000000080005a18 (0x725cff43) fmadd.d ft10, fs9, ft5, fa4
core   0: 1 0x0000000080005a18 (0x725cff43) f30 0x7ff8000000000000
core   0: 0x0000000080005a1c (0x0011549b) srliw   s1, sp, 1
core   0: 1 0x0000000080005a1c (0x0011549b) x9  0x0000000000000001
core   0: 0x0000000080005a20 (0x014c5e1b) srliw   t3, s8, 20
core   0: 1 0x0000000080005a20 (0x014c5e1b) x28 0x0000000000000e2e
core   0: 0x0000000080005a24 (0x038aacb3) mulhsu  s9, s5, s8
core   0: 1 0x0000000080005a24 (0x038aacb3) x25 0x0000000000000000
core   0: 0x0000000080005a28 (0xd22bf4d3) fcvt.d.l fs1, s7
core   0: 1 0x0000000080005a28 (0xd22bf4d3) f9  0x0000000000000000
core   0: 0x0000000080005a2c (0x43f25693) srai    a3, tp, 63
core   0: 1 0x0000000080005a2c (0x43f25693) x13 0x0000000000000000
core   0: 0x0000000080005a30 (0xa358fa4f) fnmadd.d fs4, fa7, fs5, fs4
core   0: 1 0x0000000080005a30 (0xa358fa4f) f20 0x7ff8000000000000
core   0: 0x0000000080005a34 (0xc22c7cd3) fcvt.l.d s9, fs8
core   0: 1 0x0000000080005a34 (0xc22c7cd3) c1_fflags 0x000000000000001d x25 0x7fffffffffffffff
core   0: 0x0000000080005a38 (0x93b37ecb) fnmsub.d ft9, ft6, fs11, fs2
core   0: 1 0x0000000080005a38 (0x93b37ecb) f29 0x7ff8000000000000
core   0: 0x0000000080005a3c (0xc20df253) fcvt.w.d tp, fs11
core   0: 1 0x0000000080005a3c (0xc20df253) c1_fflags 0x000000000000001d x4  0x000000007fffffff
core   0: 0x0000000080005a40 (0x002020f3) csrrs   ra, frm, zero
core   0: 1 0x0000000080005a40 (0x002020f3) x1  0x0000000000000002
core   0: 0x0000000080005a44 (0x032973b3) remu    t2, s2, s2
core   0: 1 0x0000000080005a44 (0x032973b3) x7  0x0000000000000000
core   0: 0x0000000080005a48 (0x80020b13) addi    s6, tp, -2048
core   0: 1 0x0000000080005a48 (0x80020b13) x22 0x000000007ffff7ff
core   0: 0x0000000080005a4c (0x00008be6) c.mv    s7, s9
core   0: 1 0x0000000080005a4c (0x8be6) x23 0x7fffffffffffffff
core   0: 0x0000000080005a4e (0x22ad02d3) fsgnj.d ft5, fs10, fa0
core   0: 1 0x0000000080005a4e (0x22ad02d3) f5  0xffffffff00000000
core   0: 0x0000000080005a52 (0x43f05a93) srai    s5, zero, 63
core   0: 1 0x0000000080005a52 (0x43f05a93) x21 0x0000000000000000
core   0: 0x0000000080005a56 (0x41565633) sra     a2, a2, s5
core   0: 1 0x0000000080005a56 (0x41565633) x12 0x0000000000000000
core   0: 0x0000000080005a5a (0x02235133) divu    sp, t1, sp
core   0: 1 0x0000000080005a5a (0x02235133) x2  0x0000000000000000
core   0: 0x0000000080005a5e (0xde8e7a13) andi    s4, t3, -536
core   0: 1 0x0000000080005a5e (0xde8e7a13) x20 0x0000000000000c28
core   0: 0x0000000080005a62 (0x8c6bec13) ori     s8, s7, -1850
core   0: 1 0x0000000080005a62 (0x8c6bec13) x24 0xffffffffffffffff
core   0: 0x0000000080005a66 (0xc21773d3) fcvt.wu.d t2, fa4
core   0: 1 0x0000000080005a66 (0xc21773d3) c1_fflags 0x000000000000001d x7  0xffffffffffffffff
core   0: 0x0000000080005a6a (0x018e4e33) xor     t3, t3, s8
core   0: 1 0x0000000080005a6a (0x018e4e33) x28 0xfffffffffffff1d1
core   0: 0x0000000080005a6e (0x800e0b13) addi    s6, t3, -2048
core   0: 1 0x0000000080005a6e (0x800e0b13) x22 0xffffffffffffe9d1
core   0: 0x0000000080005a72 (0x002e19f3) csrrw   s3, frm, t3
core   0: 1 0x0000000080005a72 (0x002e19f3) x19 0x0000000000000002 c2_frm 0x0000000000000001
core   0: 0x0000000080005a76 (0x410281bb) subw    gp, t0, a6
core   0: 1 0x0000000080005a76 (0x410281bb) x3  0xffffffffffffffff
core   0: 0x0000000080005a7a (0x23d50853) fsgnj.d fa6, fa0, ft9
core   0: 1 0x0000000080005a7a (0x23d50853) f16 0x7fffffff4f000000
core   0: 0x0000000080005a7e (0xe20d05d3) fmv.x.d a1, fs10
core   0: 1 0x0000000080005a7e (0xe20d05d3) x11 0xffffffff00000000
core   0: 0x0000000080005a82 (0x00202473) csrrs   s0, frm, zero
core   0: 1 0x0000000080005a82 (0x00202473) x8  0x0000000000000001
core   0: 0x0000000080005a86 (0x00c6073b) addw    a4, a2, a2
core   0: 1 0x0000000080005a86 (0x00c6073b) x14 0x0000000000000000
core   0: 0x0000000080005a8a (0x239b9bd3) fsgnjn.d fs7, fs7, fs9
core   0: 1 0x0000000080005a8a (0x239b9bd3) f23 0xbff0000000000000
core   0: 0x0000000080005a8e (0x00e0dd33) srl     s10, ra, a4
core   0: 1 0x0000000080005a8e (0x00e0dd33) x26 0x0000000000000002
core   0: 0x0000000080005a92 (0x584a2a13) slti    s4, s4, 1412
core   0: 1 0x0000000080005a92 (0x584a2a13) x20 0x0000000000000000
core   0: 0x0000000080005a96 (0x03ce1e33) mulh    t3, t3, t3
core   0: 1 0x0000000080005a96 (0x03ce1e33) x28 0x0000000000000000
core   0: 0x0000000080005a9a (0xd20703d3) fcvt.d.w ft7, a4
core   0: 1 0x0000000080005a9a (0xd20703d3) f7  0x0000000000000000
core   0: 0x0000000080005a9e (0xf1302973) csrrs   s2, mimpid, zero
core   0: exception trap_illegal_instruction, epc 0x0000000080005a9e
core   0:           tval 0x00000000f1302973
core   0: >>>>  $xrv64i2p1_m2p0_a2p1_f2p2_d2p2_zicsr2p0_zifencei2p0_zmmul1p0_zba1p0_zbb1p0_zbc1p0_zbs1p0
core   0: 0x0000000080004000 (0x0080006f) j       pc + 0x8
core   0: 3 0x0000000080004000 (0x0080006f)
core   0: >>>>  mmode_exception_handler
core   0: 0x0000000080004008 (0x00002c17) auipc   s8, 0x2
core   0: 3 0x0000000080004008 (0x00002c17) x24 0x0000000080006008
core   0: 0x000000008000400c (0x0f0c0c13) addi    s8, s8, 240
core   0: 3 0x000000008000400c (0x0f0c0c13) x24 0x00000000800060f8
core   0: 0x0000000080004010 (0x000c00e7) jalr    s8
core   0: 3 0x0000000080004010 (0x000c00e7) x1  0x0000000080004014
core   0: >>>>  any_handler
core   0: 0x00000000800060f8 (0x341027f3) csrrs   a5, mepc, zero
core   0: 3 0x00000000800060f8 (0x341027f3) x15 0x0000000080005a9e
core   0: 0x00000000800060fc (0x34202773) csrrs   a4, mcause, zero
core   0: 3 0x00000000800060fc (0x34202773) x14 0x0000000000000002
core   0: 0x0000000080006100 (0x142026f3) csrrs   a3, scause, zero
core   0: 3 0x0000000080006100 (0x142026f3) x13 0x0000000000000000
core   0: 0x0000000080006104 (0x30402673) csrrs   a2, mie, zero
core   0: 3 0x0000000080006104 (0x30402673) x12 0x0000000000000a00
core   0: 0x0000000080006108 (0x344025f3) csrrs   a1, mip, zero
core   0: 3 0x0000000080006108 (0x344025f3) x11 0x0000000000000080
core   0: 0x000000008000610c (0x343025f3) csrrs   a1, mtval, zero
core   0: 3 0x000000008000610c (0x343025f3) x11 0x00000000f1302973
core   0: 0x0000000080006110 (0x14302573) csrrs   a0, stval, zero
core   0: 3 0x0000000080006110 (0x14302573) x10 0x0000000000000001
core   0: 0x0000000080006114 (0xb02024f3) csrrs   s1, minstret, zero
core   0: 3 0x0000000080006114 (0xb02024f3) x9  0x00000000000010e8
core   0: 0x0000000080006118 (0x0000a811) c.j     pc + 20
core   0: 3 0x0000000080006118 (0xa811)
core   0: >>>>  mepc_4
core   0: 0x000000008000612c (0x00000791) c.addi  a5, 4
core   0: 3 0x000000008000612c (0x0791) x15 0x0000000080005aa2
core   0: 0x000000008000612e (0x34179073) csrrw   zero, mepc, a5
core   0: 3 0x000000008000612e (0x34179073) c833_mepc 0x0000000080005aa2
core   0: 0x0000000080006132 (0x30200073) mret
core   0: 3 0x0000000080006132 (0x30200073) c768_mstatus 0x8000000a00106080
core   0: 0x0000000080005aa2 (0xd04a9b17) auipc   s6, 0xd04a9
core   0: 1 0x0000000080005aa2 (0xd04a9b17) x22 0x00000000504aeaa2
core   0: 0x0000000080005aa6 (0x00000001) c.nop
core   0: 1 0x0000000080005aa6 (0x0001)
core   0: 0x0000000080005aa8 (0x00ede833) or      a6, s11, a4
core   0: 1 0x0000000080005aa8 (0x00ede833) x16 0x0000000000000002
core   0: 0x0000000080005aac (0x0b08ffd3) fsub.d  ft11, fa7, fa6
core   0: 1 0x0000000080005aac (0x0b08ffd3) f31 0x7ff8000000000000
core   0: 0x0000000080005ab0 (0x3a7df6cf) fnmadd.d fa3, fs11, ft7, ft7
core   0: 1 0x0000000080005ab0 (0x3a7df6cf) f13 0x7ff8000000000000
core   0: 0x0000000080005ab4 (0x41ead31b) sraiw   t1, s5, 30
core   0: 1 0x0000000080005ab4 (0x41ead31b) x6  0x0000000000000000
core   0: 0x0000000080005ab8 (0x021373b3) remu    t2, t1, ra
core   0: 1 0x0000000080005ab8 (0x021373b3) x7  0x0000000000000000
core   0: 0x0000000080005abc (0x001781bb) addw    gp, a5, ra
core   0: 1 0x0000000080005abc (0x001781bb) x3  0x0000000000009ab6
core   0: 0x0000000080005ac0 (0x0041d31b) srliw   t1, gp, 4
core   0: 1 0x0000000080005ac0 (0x0041d31b) x6  0x00000000000009ab
core   0: 0x0000000080005ac4 (0x0abff1d3) fsub.d  ft3, ft11, fa1
core   0: 1 0x0000000080005ac4 (0x0abff1d3) f3  0x7ff8000000000000
core   0: 0x0000000080005ac8 (0x42028153) fcvt.d.s ft2, ft5
core   0: 1 0x0000000080005ac8 (0x42028153) f2  0x0000000000000000
core   0: 0x0000000080005acc (0xc2377cd3) fcvt.lu.d s9, fa4
core   0: 1 0x0000000080005acc (0xc2377cd3) c1_fflags 0x000000000000001d x25 0xffffffffffffffff
core   0: 0x0000000080005ad0 (0x020888b3) mul     a7, a7, zero
core   0: 1 0x0000000080005ad0 (0x020888b3) x17 0x0000000000000000
core   0: 0x0000000080005ad4 (0x0008d61b) srliw   a2, a7, 0
core   0: 1 0x0000000080005ad4 (0x0008d61b) x12 0x0000000000000000
core   0: 0x0000000080005ad8 (0x5a007053) fsqrt.d ft0, ft0
core   0: 1 0x0000000080005ad8 (0x5a007053) f0  0x7ff8000000000000
core   0: 0x0000000080005adc (0x5a057553) fsqrt.d fa0, fa0
core   0: 1 0x0000000080005adc (0x5a057553) f10 0x7ff8000000000000
core   0: 0x0000000080005ae0 (0x41170733) sub     a4, a4, a7
core   0: 1 0x0000000080005ae0 (0x41170733) x14 0x0000000000000002
core   0: 0x0000000080005ae4 (0x7b0adc73) csrrwi  s8, dcsr, 21
core   0: exception trap_illegal_instruction, epc 0x0000000080005ae4
core   0:           tval 0x000000007b0adc73
core   0: >>>>  $xrv64i2p1_m2p0_a2p1_f2p2_d2p2_zicsr2p0_zifencei2p0_zmmul1p0_zba1p0_zbb1p0_zbc1p0_zbs1p0
core   0: 0x0000000080004000 (0x0080006f) j       pc + 0x8
core   0: 3 0x0000000080004000 (0x0080006f)
core   0: >>>>  mmode_exception_handler
core   0: 0x0000000080004008 (0x00002c17) auipc   s8, 0x2
core   0: 3 0x0000000080004008 (0x00002c17) x24 0x0000000080006008
core   0: 0x000000008000400c (0x0f0c0c13) addi    s8, s8, 240
core   0: 3 0x000000008000400c (0x0f0c0c13) x24 0x00000000800060f8
core   0: 0x0000000080004010 (0x000c00e7) jalr    s8
core   0: 3 0x0000000080004010 (0x000c00e7) x1  0x0000000080004014
core   0: >>>>  any_handler
core   0: 0x00000000800060f8 (0x341027f3) csrrs   a5, mepc, zero
core   0: 3 0x00000000800060f8 (0x341027f3) x15 0x0000000080005ae4
core   0: 0x00000000800060fc (0x34202773) csrrs   a4, mcause, zero
core   0: 3 0x00000000800060fc (0x34202773) x14 0x0000000000000002
core   0: 0x0000000080006100 (0x142026f3) csrrs   a3, scause, zero
core   0: 3 0x0000000080006100 (0x142026f3) x13 0x0000000000000000
core   0: 0x0000000080006104 (0x30402673) csrrs   a2, mie, zero
core   0: 3 0x0000000080006104 (0x30402673) x12 0x0000000000000a00
core   0: 0x0000000080006108 (0x344025f3) csrrs   a1, mip, zero
core   0: 3 0x0000000080006108 (0x344025f3) x11 0x0000000000000080
core   0: 0x000000008000610c (0x343025f3) csrrs   a1, mtval, zero
core   0: 3 0x000000008000610c (0x343025f3) x11 0x000000007b0adc73
core   0: 0x0000000080006110 (0x14302573) csrrs   a0, stval, zero
core   0: 3 0x0000000080006110 (0x14302573) x10 0x0000000000000001
core   0: 0x0000000080006114 (0xb02024f3) csrrs   s1, minstret, zero
core   0: 3 0x0000000080006114 (0xb02024f3) x9  0x0000000000001109
core   0: 0x0000000080006118 (0x0000a811) c.j     pc + 20
core   0: 3 0x0000000080006118 (0xa811)
core   0: >>>>  mepc_4
core   0: 0x000000008000612c (0x00000791) c.addi  a5, 4
core   0: 3 0x000000008000612c (0x0791) x15 0x0000000080005ae8
core   0: 0x000000008000612e (0x34179073) csrrw   zero, mepc, a5
core   0: 3 0x000000008000612e (0x34179073) c833_mepc 0x0000000080005ae8
core   0: 0x0000000080006132 (0x30200073) mret
core   0: 3 0x0000000080006132 (0x30200073) c768_mstatus 0x8000000a00106080
core   0: 0x0000000080005ae8 (0x002713f3) csrrw   t2, frm, a4
core   0: 1 0x0000000080005ae8 (0x002713f3) x7  0x0000000000000001 c2_frm 0x0000000000000002
core   0: 0x0000000080005aec (0x00102973) csrrs   s2, fflags, zero
core   0: 1 0x0000000080005aec (0x00102973) x18 0x000000000000001d
core   0: 0x0000000080005af0 (0x00c59633) sll     a2, a1, a2
core   0: 1 0x0000000080005af0 (0x00c59633) x12 0x000000007b0adc73
core   0: 0x0000000080005af4 (0x5933019b) addiw   gp, t1, 1427
core   0: 1 0x0000000080005af4 (0x5933019b) x3  0x0000000000000f3e
core   0: 0x0000000080005af8 (0x1275fed3) fmul.d  ft9, fa1, ft7
core   0: 1 0x0000000080005af8 (0x1275fed3) f29 0x0000000000000000
core   0: 0x0000000080005afc (0x02b1d9bb) divuw   s3, gp, a1
core   0: 1 0x0000000080005afc (0x02b1d9bb) x19 0x0000000000000000
core   0: 0x0000000080005b00 (0x02a2b2b3) mulhu   t0, t0, a0
core   0: 1 0x0000000080005b00 (0x02a2b2b3) x5  0x0000000000000000
core   0: 0x0000000080005b04 (0x12a77753) fmul.d  fa4, fa4, fa0
core   0: 1 0x0000000080005b04 (0x12a77753) f14 0x7ff8000000000000
core   0: 0x0000000080005b08 (0x0123d71b) srliw   a4, t2, 18
core   0: 1 0x0000000080005b08 (0x0123d71b) x14 0x0000000000000000
core   0: 0x0000000080005b0c (0xb43c4c17) auipc   s8, 0xb43c4
core   0: 1 0x0000000080005b0c (0xb43c4c17) x24 0x00000000343c9b0c
core   0: 0x0000000080005b10 (0xc8eeab97) auipc   s7, 0xc8eea
core   0: 1 0x0000000080005b10 (0xc8eeab97) x23 0x0000000048eefb10
core   0: 0x0000000080005b14 (0x017e9eb3) sll     t4, t4, s7
core   0: 1 0x0000000080005b14 (0x017e9eb3) x29 0x0000000007ff0000
core   0: 0x0000000080005b18 (0x40748133) sub     sp, s1, t2
core   0: 1 0x0000000080005b18 (0x40748133) x2  0x0000000000001108
core   0: 0x0000000080005b1c (0x02a519b3) mulh    s3, a0, a0
core   0: 1 0x0000000080005b1c (0x02a519b3) x19 0x0000000000000000
core   0: 0x0000000080005b20 (0x000d1d93) slli    s11, s10, 0
core   0: 1 0x0000000080005b20 (0x000d1d93) x27 0x0000000000000002
core   0: 0x0000000080005b24 (0x03bdf633) remu    a2, s11, s11
core   0: 1 0x0000000080005b24 (0x03bdf633) x12 0x0000000000000000
core   0: 0x0000000080005b28 (0x22772153) fsgnjx.d ft2, fa4, ft7
core   0: 1 0x0000000080005b28 (0x22772153) f2  0x7ff8000000000000
core   0: 0x0000000080005b2c (0x3421e973) csrrsi  s2, mcause, 3
core   0: exception trap_illegal_instruction, epc 0x0000000080005b2c
core   0:           tval 0x000000003421e973
core   0: >>>>  $xrv64i2p1_m2p0_a2p1_f2p2_d2p2_zicsr2p0_zifencei2p0_zmmul1p0_zba1p0_zbb1p0_zbc1p0_zbs1p0
core   0: 0x0000000080004000 (0x0080006f) j       pc + 0x8
core   0: 3 0x0000000080004000 (0x0080006f)
core   0: >>>>  mmode_exception_handler
core   0: 0x0000000080004008 (0x00002c17) auipc   s8, 0x2
core   0: 3 0x0000000080004008 (0x00002c17) x24 0x0000000080006008
core   0: 0x000000008000400c (0x0f0c0c13) addi    s8, s8, 240
core   0: 3 0x000000008000400c (0x0f0c0c13) x24 0x00000000800060f8
core   0: 0x0000000080004010 (0x000c00e7) jalr    s8
core   0: 3 0x0000000080004010 (0x000c00e7) x1  0x0000000080004014
core   0: >>>>  any_handler
core   0: 0x00000000800060f8 (0x341027f3) csrrs   a5, mepc, zero
core   0: 3 0x00000000800060f8 (0x341027f3) x15 0x0000000080005b2c
core   0: 0x00000000800060fc (0x34202773) csrrs   a4, mcause, zero
core   0: 3 0x00000000800060fc (0x34202773) x14 0x0000000000000002
core   0: 0x0000000080006100 (0x142026f3) csrrs   a3, scause, zero
core   0: 3 0x0000000080006100 (0x142026f3) x13 0x0000000000000000
core   0: 0x0000000080006104 (0x30402673) csrrs   a2, mie, zero
core   0: 3 0x0000000080006104 (0x30402673) x12 0x0000000000000a00
core   0: 0x0000000080006108 (0x344025f3) csrrs   a1, mip, zero
core   0: 3 0x0000000080006108 (0x344025f3) x11 0x0000000000000080
core   0: 0x000000008000610c (0x343025f3) csrrs   a1, mtval, zero
core   0: 3 0x000000008000610c (0x343025f3) x11 0x000000003421e973
core   0: 0x0000000080006110 (0x14302573) csrrs   a0, stval, zero
core   0: 3 0x0000000080006110 (0x14302573) x10 0x0000000000000001
core   0: 0x0000000080006114 (0xb02024f3) csrrs   s1, minstret, zero
core   0: 3 0x0000000080006114 (0xb02024f3) x9  0x000000000000112a
core   0: 0x0000000080006118 (0x0000a811) c.j     pc + 20
core   0: 3 0x0000000080006118 (0xa811)
core   0: >>>>  mepc_4
core   0: 0x000000008000612c (0x00000791) c.addi  a5, 4
core   0: 3 0x000000008000612c (0x0791) x15 0x0000000080005b30
core   0: 0x000000008000612e (0x34179073) csrrw   zero, mepc, a5
core   0: 3 0x000000008000612e (0x34179073) c833_mepc 0x0000000080005b30
core   0: 0x0000000080006132 (0x30200073) mret
core   0: 3 0x0000000080006132 (0x30200073) c768_mstatus 0x8000000a00106080
core   0: 0x0000000080005b30 (0x03fb9093) slli    ra, s7, 63
core   0: 1 0x0000000080005b30 (0x03fb9093) x1  0x0000000000000000
core   0: 0x0000000080005b34 (0x0013981b) slliw   a6, t2, 1
core   0: 1 0x0000000080005b34 (0x0013981b) x16 0x0000000000000002
core   0: 0x0000000080005b38 (0xd0257953) fcvt.s.l fs2, a0
core   0: 1 0x0000000080005b38 (0xd0257953) f18 0xffffffff3f800000
core   0: 0x0000000080005b3c (0x03ba1a33) mulh    s4, s4, s11
core   0: 1 0x0000000080005b3c (0x03ba1a33) x20 0x0000000000000000
core   0: 0x0000000080005b40 (0x002dd63b) srlw    a2, s11, sp
core   0: 1 0x0000000080005b40 (0x002dd63b) x12 0x0000000000000000
core   0: 0x0000000080005b44 (0xe2090ed3) fmv.x.d t4, fs2
core   0: 1 0x0000000080005b44 (0xe2090ed3) x29 0xffffffff3f800000
core   0: 0x0000000080005b48 (0x0117d8b3) srl     a7, a5, a7
core   0: 1 0x0000000080005b48 (0x0117d8b3) x17 0x0000000080005b30
core   0: 0x0000000080005b4c (0xa901bc13) sltiu   s8, gp, -1392
core   0: 1 0x0000000080005b4c (0xa901bc13) x24 0x0000000000000001
core   0: 0x0000000080005b50 (0x1436fe73) csrrci  t3, stval, 13
core   0: 1 0x0000000080005b50 (0x1436fe73) x28 0x0000000000000001 c323_stval 0x0000000000000000
core   0: 0x0000000080005b54 (0xfa847fcf) fnmadd.d ft11, fs0, fs0, ft11
core   0: 1 0x0000000080005b54 (0xfa847fcf) f31 0x7ff8000000000000
core   0: 0x0000000080005b58 (0xe2008dd3) fmv.x.d s11, ft1
core   0: 1 0x0000000080005b58 (0xe2008dd3) x27 0x7ff8000000000000
core   0: 0x0000000080005b5c (0x037ae63b) remw    a2, s5, s7
core   0: 1 0x0000000080005b5c (0x037ae63b) x12 0x0000000000000000
core   0: 0x0000000080005b60 (0x00c383bb) addw    t2, t2, a2
core   0: 1 0x0000000080005b60 (0x00c383bb) x7  0x0000000000000001
core   0: 0x0000000080005b64 (0x2a9a8653) fmin.d  fa2, fs5, fs1
core   0: 1 0x0000000080005b64 (0x2a9a8653) f12 0x0000000000000000
core   0: 0x0000000080005b68 (0xc233f0d3) fcvt.lu.d ra, ft7
core   0: 1 0x0000000080005b68 (0xc233f0d3) x1  0x0000000000000000
core   0: 0x0000000080005b6c (0x002022f3) csrrs   t0, frm, zero
core   0: 1 0x0000000080005b6c (0x002022f3) x5  0x0000000000000002
core   0: 0x0000000080005b70 (0x2a158cd3) fmin.d  fs9, fa1, ft1
core   0: 1 0x0000000080005b70 (0x2a158cd3) f25 0x41e0000b0c400000
core   0: 0x0000000080005b74 (0xc205f453) fcvt.w.d s0, fa1
core   0: 1 0x0000000080005b74 (0xc205f453) c1_fflags 0x000000000000001d x8  0x000000007fffffff
core   0: 0x0000000080005b78 (0x025411b3) mulh    gp, s0, t0
core   0: 1 0x0000000080005b78 (0x025411b3) x3  0x0000000000000000
core   0: 0x0000000080005b7c (0xd026f2d3) fcvt.s.l ft5, a3
core   0: 1 0x0000000080005b7c (0xd026f2d3) f5  0xffffffff00000000
core   0: 0x0000000080005b80 (0x00044513) xori    a0, s0, 0
core   0: 1 0x0000000080005b80 (0x00044513) x10 0x000000007fffffff
core   0: 0x0000000080005b84 (0x0294d1bb) divuw   gp, s1, s1
core   0: 1 0x0000000080005b84 (0x0294d1bb) x3  0x0000000000000001
core   0: 0x0000000080005b88 (0x01c165b3) or      a1, sp, t3
core   0: 1 0x0000000080005b88 (0x01c165b3) x11 0x0000000000001109
core   0: 0x0000000080005b8c (0x011588bb) addw    a7, a1, a7
core   0: 1 0x0000000080005b8c (0x011588bb) x17 0xffffffff80006c39
core   0: 0x0000000080005b90 (0x0010949b) slliw   s1, ra, 1
core   0: 1 0x0000000080005b90 (0x0010949b) x9  0x0000000000000000
core   0: 0x0000000080005b94 (0x000ade13) srli    t3, s5, 0
core   0: 1 0x0000000080005b94 (0x000ade13) x28 0x0000000000000000
core   0: 0x0000000080005b98 (0x00cd4533) xor     a0, s10, a2
core   0: 1 0x0000000080005b98 (0x00cd4533) x10 0x0000000000000002
core   0: 0x0000000080005b9c (0x0a7df053) fsub.d  ft0, fs11, ft7
core   0: 1 0x0000000080005b9c (0x0a7df053) f0  0x7ff8000000000000
core   0: 0x0000000080005ba0 (0xc022f653) fcvt.l.s a2, ft5
core   0: 1 0x0000000080005ba0 (0xc022f653) x12 0x0000000000000000
core   0: 0x0000000080005ba4 (0x232f8fd3) fsgnj.d ft11, ft11, fs2
core   0: 1 0x0000000080005ba4 (0x232f8fd3) f31 0xfff8000000000000
core   0: 0x0000000080005ba8 (0xabb7fb47) fmsub.d fs6, fa5, fs11, fs5
core   0: 1 0x0000000080005ba8 (0xabb7fb47) f22 0x7ff8000000000000
core   0: 0x0000000080005bac (0x01dd96b7) lui     a3, 0x1dd9
core   0: 1 0x0000000080005bac (0x01dd96b7) x13 0x0000000001dd9000
core   0: 0x0000000080005bb0 (0xaed6869b) addiw   a3, a3, -1299
core   0: 1 0x0000000080005bb0 (0xaed6869b) x13 0x0000000001dd8aed
core   0: 0x0000000080005bb4 (0x000006b6) c.slli  a3, 13
core   0: 1 0x0000000080005bb4 (0x06b6) x13 0x0000003bb15da000
core   0: 0x0000000080005bb6 (0x19968693) addi    a3, a3, 409
core   0: 1 0x0000000080005bb6 (0x19968693) x13 0x0000003bb15da199
core   0: 0x0000000080005bba (0x23478ed3) fsgnj.d ft9, fa5, fs4
core   0: 1 0x0000000080005bba (0x23478ed3) f29 0x7ff8000000000000
core   0: 0x0000000080005bbe (0xd2267dd3) fcvt.d.l fs11, a2
core   0: 1 0x0000000080005bbe (0xd2267dd3) f27 0x0000000000000000
core   0: 0x0000000080005bc2 (0x00285db3) srl     s11, a6, sp
core   0: 1 0x0000000080005bc2 (0x00285db3) x27 0x0000000000000000
core   0: 0x0000000080005bc6 (0x0009f993) andi    s3, s3, 0
core   0: 1 0x0000000080005bc6 (0x0009f993) x19 0x0000000000000000
core   0: 0x0000000080005bca (0x012a17b3) sll     a5, s4, s2
core   0: 1 0x0000000080005bca (0x012a17b3) x15 0x0000000000000000
core   0: 0x0000000080005bce (0xc03a78d3) fcvt.lu.s a7, fs4
core   0: 1 0x0000000080005bce (0xc03a78d3) c1_fflags 0x000000000000001d x17 0xffffffffffffffff
core   0: 0x0000000080005bd2 (0x01c2d2bb) srlw    t0, t0, t3
core   0: 1 0x0000000080005bd2 (0x01c2d2bb) x5  0x0000000000000002
core   0: 0x0000000080005bd6 (0x1bbdff53) fdiv.d  ft10, fs11, fs11
core   0: 1 0x0000000080005bd6 (0x1bbdff53) c1_fflags 0x000000000000001d f30 0x7ff8000000000000
core   0: 0x0000000080005bda (0x03cde5b3) rem     a1, s11, t3
core   0: 1 0x0000000080005bda (0x03cde5b3) x11 0x0000000000000000
core   0: 0x0000000080005bde (0x00bd9d3b) sllw    s10, s11, a1
core   0: 1 0x0000000080005bde (0x00bd9d3b) x26 0x0000000000000000
core   0: 0x0000000080005be2 (0xee5b4e93) xori    t4, s6, -283
core   0: 1 0x0000000080005be2 (0xee5b4e93) x29 0xffffffffafb51447
core   0: 0x0000000080005be6 (0x00180593) addi    a1, a6, 1
core   0: 1 0x0000000080005be6 (0x00180593) x11 0x0000000000000003
core   0: 0x0000000080005bea (0xc02df553) fcvt.l.s a0, fs11
core   0: 1 0x0000000080005bea (0xc02df553) c1_fflags 0x000000000000001d x10 0x7fffffffffffffff
core   0: 0x0000000080005bee (0x001026f3) csrrs   a3, fflags, zero
core   0: 1 0x0000000080005bee (0x001026f3) x13 0x000000000000001d
core   0: 0x0000000080005bf2 (0xc273fc4f) fnmadd.d fs8, ft7, ft7, fs8
core   0: 1 0x0000000080005bf2 (0xc273fc4f) f24 0x7ff8000000000000
core   0: 0x0000000080005bf6 (0xf13c5873) csrrwi  a6, mimpid, 24
core   0: exception trap_illegal_instruction, epc 0x0000000080005bf6
core   0:           tval 0x00000000f13c5873
core   0: >>>>  $xrv64i2p1_m2p0_a2p1_f2p2_d2p2_zicsr2p0_zifencei2p0_zmmul1p0_zba1p0_zbb1p0_zbc1p0_zbs1p0
core   0: 0x0000000080004000 (0x0080006f) j       pc + 0x8
core   0: 3 0x0000000080004000 (0x0080006f)
core   0: >>>>  mmode_exception_handler
core   0: 0x0000000080004008 (0x00002c17) auipc   s8, 0x2
core   0: 3 0x0000000080004008 (0x00002c17) x24 0x0000000080006008
core   0: 0x000000008000400c (0x0f0c0c13) addi    s8, s8, 240
core   0: 3 0x000000008000400c (0x0f0c0c13) x24 0x00000000800060f8
core   0: 0x0000000080004010 (0x000c00e7) jalr    s8
core   0: 3 0x0000000080004010 (0x000c00e7) x1  0x0000000080004014
core   0: >>>>  any_handler
core   0: 0x00000000800060f8 (0x341027f3) csrrs   a5, mepc, zero
core   0: 3 0x00000000800060f8 (0x341027f3) x15 0x0000000080005bf6
core   0: 0x00000000800060fc (0x34202773) csrrs   a4, mcause, zero
core   0: 3 0x00000000800060fc (0x34202773) x14 0x0000000000000002
core   0: 0x0000000080006100 (0x142026f3) csrrs   a3, scause, zero
core   0: 3 0x0000000080006100 (0x142026f3) x13 0x0000000000000000
core   0: 0x0000000080006104 (0x30402673) csrrs   a2, mie, zero
core   0: 3 0x0000000080006104 (0x30402673) x12 0x0000000000000a00
core   0: 0x0000000080006108 (0x344025f3) csrrs   a1, mip, zero
core   0: 3 0x0000000080006108 (0x344025f3) x11 0x0000000000000080
core   0: 0x000000008000610c (0x343025f3) csrrs   a1, mtval, zero
core   0: 3 0x000000008000610c (0x343025f3) x11 0x00000000f13c5873
core   0: 0x0000000080006110 (0x14302573) csrrs   a0, stval, zero
core   0: 3 0x0000000080006110 (0x14302573) x10 0x0000000000000000
core   0: 0x0000000080006114 (0xb02024f3) csrrs   s1, minstret, zero
core   0: 3 0x0000000080006114 (0xb02024f3) x9  0x000000000000116c
core   0: 0x0000000080006118 (0x0000a811) c.j     pc + 20
core   0: 3 0x0000000080006118 (0xa811)
core   0: >>>>  mepc_4
core   0: 0x000000008000612c (0x00000791) c.addi  a5, 4
core   0: 3 0x000000008000612c (0x0791) x15 0x0000000080005bfa
core   0: 0x000000008000612e (0x34179073) csrrw   zero, mepc, a5
core   0: 3 0x000000008000612e (0x34179073) c833_mepc 0x0000000080005bfa
core   0: 0x0000000080006132 (0x30200073) mret
core   0: 3 0x0000000080006132 (0x30200073) c768_mstatus 0x8000000a00106080
core   0: 0x0000000080005bfa (0xe2080b53) fmv.x.d s6, fa6
core   0: 1 0x0000000080005bfa (0xe2080b53) x22 0x7fffffff4f000000
core   0: 0x0000000080005bfe (0x5a05fed3) fsqrt.d ft9, fa1
core   0: 1 0x0000000080005bfe (0x5a05fed3) c1_fflags 0x000000000000001d f29 0x40e6a0a6365dd272
core   0: 0x0000000080005c02 (0x009eaeb3) slt     t4, t4, s1
core   0: 1 0x0000000080005c02 (0x009eaeb3) x29 0x0000000000000001
core   0: 0x0000000080005c06 (0xa38c01d3) fle.d   gp, fs8, fs8
core   0: 1 0x0000000080005c06 (0xa38c01d3) c1_fflags 0x000000000000001d x3  0x0000000000000000
core   0: 0x0000000080005c0a (0x03b6bdb3) mulhu   s11, a3, s11
core   0: 1 0x0000000080005c0a (0x03b6bdb3) x27 0x0000000000000000
core   0: 0x0000000080005c0e (0xf20d83d3) fmv.d.x ft7, s11
core   0: 1 0x0000000080005c0e (0xf20d83d3) f7  0x0000000000000000
core   0: 0x0000000080005c12 (0x03bbc13b) divw    sp, s7, s11
core   0: 1 0x0000000080005c12 (0x03bbc13b) x2  0xffffffffffffffff
core   0: 0x0000000080005c16 (0x22fc2253) fsgnjx.d ft4, fs8, fa5
core   0: 1 0x0000000080005c16 (0x22fc2253) f4  0x7ff8000000000000
core   0: 0x0000000080005c1a (0x02850433) mul     s0, a0, s0
core   0: 1 0x0000000080005c1a (0x02850433) x8  0x0000000000000000
core   0: 0x0000000080005c1e (0xd2118653) fcvt.d.wu fa2, gp
core   0: 1 0x0000000080005c1e (0xd2118653) f12 0x0000000000000000
core   0: 0x0000000080005c22 (0x2bee92d3) fmax.d  ft5, ft9, ft10
core   0: 1 0x0000000080005c22 (0x2bee92d3) f5  0x40e6a0a6365dd272
core   0: 0x0000000080005c26 (0x01761d1b) slliw   s10, a2, 23
core   0: 1 0x0000000080005c26 (0x01761d1b) x26 0x0000000000000000
core   0: 0x0000000080005c2a (0xc21c7e53) fcvt.wu.d t3, fs8
core   0: 1 0x0000000080005c2a (0xc21c7e53) c1_fflags 0x000000000000001d x28 0xffffffffffffffff
core   0: 0x0000000080005c2e (0x409cdcbb) sraw    s9, s9, s1
core   0: 1 0x0000000080005c2e (0x409cdcbb) x25 0xffffffffffffffff
core   0: 0x0000000080005c32 (0x00da1a3b) sllw    s4, s4, a3
core   0: 1 0x0000000080005c32 (0x00da1a3b) x20 0x0000000000000000
core   0: 0x0000000080005c36 (0x036250b3) divu    ra, tp, s6
core   0: 1 0x0000000080005c36 (0x036250b3) x1  0x0000000000000000
core   0: 0x0000000080005c3a (0xc22bf1d3) fcvt.l.d gp, fs7
core   0: 1 0x0000000080005c3a (0xc22bf1d3) x3  0xffffffffffffffff
core   0: 0x0000000080005c3e (0x00000001) c.nop
core   0: 1 0x0000000080005c3e (0x0001)
core   0: 0x0000000080005c40 (0x00008936) c.mv    s2, a3
core   0: 1 0x0000000080005c40 (0x8936) x18 0x0000000000000000
core   0: 0x0000000080005c42 (0x7f21fbb7) lui     s7, 0x7f21f
core   0: 1 0x0000000080005c42 (0x7f21fbb7) x23 0x000000007f21f000
core   0: 0x0000000080005c46 (0xe20e8dd3) fmv.x.d s11, ft9
core   0: 1 0x0000000080005c46 (0xe20e8dd3) x27 0x40e6a0a6365dd272
core   0: 0x0000000080005c4a (0x43fcdc93) srai    s9, s9, 63
core   0: 1 0x0000000080005c4a (0x43fcdc93) x25 0xffffffffffffffff
core   0: 0x0000000080005c4e (0x007d3133) sltu    sp, s10, t2
core   0: 1 0x0000000080005c4e (0x007d3133) x2  0x0000000000000001
core   0: 0x0000000080005c52 (0x007b1833) sll     a6, s6, t2
core   0: 1 0x0000000080005c52 (0x007b1833) x16 0xfffffffe9e000000
core   0: 0x0000000080005c56 (0xdb43f613) andi    a2, t2, -588
core   0: 1 0x0000000080005c56 (0xdb43f613) x12 0x0000000000000000
core   0: 0x0000000080005c5a (0x001a1b73) csrrw   s6, fflags, s4
core   0: 1 0x0000000080005c5a (0x001a1b73) x22 0x000000000000001d c1_fflags 0x0000000000000000
core   0: 0x0000000080005c5e (0x1232f1d3) fmul.d  ft3, ft5, ft3
core   0: 1 0x0000000080005c5e (0x1232f1d3) f3  0x7ff8000000000000
core   0: 0x0000000080005c62 (0xc216fa53) fcvt.wu.d s4, fa3
core   0: 1 0x0000000080005c62 (0xc216fa53) c1_fflags 0x0000000000000010 x20 0xffffffffffffffff
core   0: 0x0000000080005c66 (0x01dead33) slt     s10, t4, t4
core   0: 1 0x0000000080005c66 (0x01dead33) x26 0x0000000000000000
core   0: 0x0000000080005c6a (0x239d9cd3) fsgnjn.d fs9, fs11, fs9
core   0: 1 0x0000000080005c6a (0x239d9cd3) f25 0x8000000000000000
core   0: 0x0000000080005c6e (0x0ff0000f) fence   iorw,iorw
core   0: 1 0x0000000080005c6e (0x0ff0000f)
core   0: 0x0000000080005c72 (0x00000001) c.nop
core   0: 1 0x0000000080005c72 (0x0001)
core   0: 0x0000000080005c74 (0x03b2603b) remw    zero, tp, s11
core   0: 1 0x0000000080005c74 (0x03b2603b)
core   0: 0x0000000080005c78 (0x00a415bb) sllw    a1, s0, a0
core   0: 1 0x0000000080005c78 (0x00a415bb) x11 0x0000000000000000
core   0: 0x0000000080005c7c (0x03760837) lui     a6, 0x3760
core   0: 1 0x0000000080005c7c (0x03760837) x16 0x0000000003760000
core   0: 0x0000000080005c80 (0x1d58081b) addiw   a6, a6, 469
core   0: 1 0x0000000080005c80 (0x1d58081b) x16 0x00000000037601d5
core   0: 0x0000000080005c84 (0x00000836) c.slli  a6, 13
core   0: 1 0x0000000080005c84 (0x0836) x16 0x0000006ec03aa000
core   0: 0x0000000080005c86 (0x3e280813) addi    a6, a6, 994
core   0: 1 0x0000000080005c86 (0x3e280813) x16 0x0000006ec03aa3e2
core   0: 0x0000000080005c8a (0xfb5a5eb7) lui     t4, 0xfb5a5
core   0: 1 0x0000000080005c8a (0xfb5a5eb7) x29 0xfffffffffb5a5000
core   0: 0x0000000080005c8e (0x6dfe8e9b) addiw   t4, t4, 1759
core   0: 1 0x0000000080005c8e (0x6dfe8e9b) x29 0xfffffffffb5a56df
core   0: 0x0000000080005c92 (0x00000eb2) c.slli  t4, 12
core   0: 1 0x0000000080005c92 (0x0eb2) x29 0xffffffb5a56df000
core   0: 0x0000000080005c94 (0xb27e8e93) addi    t4, t4, -1241
core   0: 1 0x0000000080005c94 (0xb27e8e93) x29 0xffffffb5a56deb27
core   0: 0x0000000080005c98 (0x001e9773) csrrw   a4, fflags, t4
core   0: 1 0x0000000080005c98 (0x001e9773) x14 0x0000000000000010 c1_fflags 0x0000000000000007
core   0: 0x0000000080005c9c (0x00c676b3) and     a3, a2, a2
core   0: 1 0x0000000080005c9c (0x00c676b3) x13 0x0000000000000000
core   0: 0x0000000080005ca0 (0xa39cf847) fmsub.d fa6, fs9, fs9, fs4
core   0: 1 0x0000000080005ca0 (0xa39cf847) f16 0x7ff8000000000000
core   0: 0x0000000080005ca4 (0x20cd6413) ori     s0, s10, 524
core   0: 1 0x0000000080005ca4 (0x20cd6413) x8  0x000000000000020c
core   0: 0x0000000080005ca8 (0x005a073b) addw    a4, s4, t0
core   0: 1 0x0000000080005ca8 (0x005a073b) x14 0x0000000000000001
core   0: 0x0000000080005cac (0x5b47ff4f) fnmadd.d ft10, fa5, fs4, fa1
core   0: 1 0x0000000080005cac (0x5b47ff4f) f30 0x7ff8000000000000
core   0: 0x0000000080005cb0 (0x004e5b9b) srliw   s7, t3, 4
core   0: 1 0x0000000080005cb0 (0x004e5b9b) x23 0x000000000fffffff
core   0: 0x0000000080005cb4 (0x038ebab3) mulhu   s5, t4, s8
core   0: 1 0x0000000080005cb4 (0x038ebab3) x21 0x00000000800060d2
core   0: 0x0000000080005cb8 (0x010df6b3) and     a3, s11, a6
core   0: 1 0x0000000080005cb8 (0x010df6b3) x13 0x0000002600188262
core   0: 0x0000000080005cbc (0x412305bb) subw    a1, t1, s2
core   0: 1 0x0000000080005cbc (0x412305bb) x11 0x00000000000009ab
core   0: 0x0000000080005cc0 (0xa3b78c53) fle.d   s8, fa5, fs11
core   0: 1 0x0000000080005cc0 (0xa3b78c53) c1_fflags 0x0000000000000017 x24 0x0000000000000000
core   0: 0x0000000080005cc4 (0x412c0e33) sub     t3, s8, s2
core   0: 1 0x0000000080005cc4 (0x412c0e33) x28 0x0000000000000000
core   0: 0x0000000080005cc8 (0x571a4797) auipc   a5, 0x571a4
core   0: 1 0x0000000080005cc8 (0x571a4797) x15 0x00000000d71a9cc8
core   0: 0x0000000080005ccc (0x222707d3) fsgnj.d fa5, fa4, ft2
core   0: 1 0x0000000080005ccc (0x222707d3) f15 0x7ff8000000000000
core   0: 0x0000000080005cd0 (0x03da54b3) divu    s1, s4, t4
core   0: 1 0x0000000080005cd0 (0x03da54b3) x9  0x0000000000000001
core   0: 0x0000000080005cd4 (0x41dd5933) sra     s2, s10, t4
core   0: 1 0x0000000080005cd4 (0x41dd5933) x18 0x0000000000000000
core   0: 0x0000000080005cd8 (0x02cafabb) remuw   s5, s5, a2
core   0: 1 0x0000000080005cd8 (0x02cafabb) x21 0xffffffff800060d2
core   0: 0x0000000080005cdc (0x22daa2d3) fsgnjx.d ft5, fs5, fa3
core   0: 1 0x0000000080005cdc (0x22daa2d3) f5  0x7ff8000000000000
core   0: 0x0000000080005ce0 (0xc0406273) csrrsi  tp, hpmcounter4, 0
core   0: exception trap_illegal_instruction, epc 0x0000000080005ce0
core   0:           tval 0x00000000c0406273
core   0: >>>>  $xrv64i2p1_m2p0_a2p1_f2p2_d2p2_zicsr2p0_zifencei2p0_zmmul1p0_zba1p0_zbb1p0_zbc1p0_zbs1p0
core   0: 0x0000000080004000 (0x0080006f) j       pc + 0x8
core   0: 3 0x0000000080004000 (0x0080006f)
core   0: >>>>  mmode_exception_handler
core   0: 0x0000000080004008 (0x00002c17) auipc   s8, 0x2
core   0: 3 0x0000000080004008 (0x00002c17) x24 0x0000000080006008
core   0: 0x000000008000400c (0x0f0c0c13) addi    s8, s8, 240
core   0: 3 0x000000008000400c (0x0f0c0c13) x24 0x00000000800060f8
core   0: 0x0000000080004010 (0x000c00e7) jalr    s8
core   0: 3 0x0000000080004010 (0x000c00e7) x1  0x0000000080004014
core   0: >>>>  any_handler
core   0: 0x00000000800060f8 (0x341027f3) csrrs   a5, mepc, zero
core   0: 3 0x00000000800060f8 (0x341027f3) x15 0x0000000080005ce0
core   0: 0x00000000800060fc (0x34202773) csrrs   a4, mcause, zero
core   0: 3 0x00000000800060fc (0x34202773) x14 0x0000000000000002
core   0: 0x0000000080006100 (0x142026f3) csrrs   a3, scause, zero
core   0: 3 0x0000000080006100 (0x142026f3) x13 0x0000000000000000
core   0: 0x0000000080006104 (0x30402673) csrrs   a2, mie, zero
core   0: 3 0x0000000080006104 (0x30402673) x12 0x0000000000000a00
core   0: 0x0000000080006108 (0x344025f3) csrrs   a1, mip, zero
core   0: 3 0x0000000080006108 (0x344025f3) x11 0x0000000000000080
core   0: 0x000000008000610c (0x343025f3) csrrs   a1, mtval, zero
core   0: 3 0x000000008000610c (0x343025f3) x11 0x00000000c0406273
core   0: 0x0000000080006110 (0x14302573) csrrs   a0, stval, zero
core   0: 3 0x0000000080006110 (0x14302573) x10 0x0000000000000000
core   0: 0x0000000080006114 (0xb02024f3) csrrs   s1, minstret, zero
core   0: 3 0x0000000080006114 (0xb02024f3) x9  0x00000000000011b8
core   0: 0x0000000080006118 (0x0000a811) c.j     pc + 20
core   0: 3 0x0000000080006118 (0xa811)
core   0: >>>>  mepc_4
core   0: 0x000000008000612c (0x00000791) c.addi  a5, 4
core   0: 3 0x000000008000612c (0x0791) x15 0x0000000080005ce4
core   0: 0x000000008000612e (0x34179073) csrrw   zero, mepc, a5
core   0: 3 0x000000008000612e (0x34179073) c833_mepc 0x0000000080005ce4
core   0: 0x0000000080006132 (0x30200073) mret
core   0: 3 0x0000000080006132 (0x30200073) c768_mstatus 0x8000000a00106080
core   0: 0x0000000080005ce4 (0x5e28081b) addiw   a6, a6, 1506
core   0: 1 0x0000000080005ce4 (0x5e28081b) x16 0xffffffffc03aa9c4
core   0: 0x0000000080005ce8 (0x4017f1d3) fcvt.s.d ft3, fa5
core   0: 1 0x0000000080005ce8 (0x4017f1d3) f3  0xffffffff7fc00000
core   0: 0x0000000080005cec (0x001c6eb3) or      t4, s8, ra
core   0: 1 0x0000000080005cec (0x001c6eb3) x29 0x00000000800060fc
core   0: 0x0000000080005cf0 (0x22b090d3) fsgnjn.d ft1, ft1, fa1
core   0: 1 0x0000000080005cf0 (0x22b090d3) f1  0xfff8000000000000
core   0: 0x0000000080005cf4 (0x01b80a3b) addw    s4, a6, s11
core   0: 1 0x0000000080005cf4 (0x01b80a3b) x20 0xfffffffff6987c36
core   0: 0x0000000080005cf8 (0x02f5e4b3) rem     s1, a1, a5
core   0: 1 0x0000000080005cf8 (0x02f5e4b3) x9  0x000000004040058f
core   0: 0x0000000080005cfc (0x0b30f637) lui     a2, 0xb30f
core   0: 1 0x0000000080005cfc (0x0b30f637) x12 0x000000000b30f000
core   0: 0x0000000080005d00 (0xfff58d13) addi    s10, a1, -1
core   0: 1 0x0000000080005d00 (0xfff58d13) x26 0x00000000c0406272
core   0: 0x0000000080005d04 (0xff43bbb7) lui     s7, 0xff43b
core   0: 1 0x0000000080005d04 (0xff43bbb7) x23 0xffffffffff43b000
core   0: 0x0000000080005d08 (0x6bdb8b9b) addiw   s7, s7, 1725
core   0: 1 0x0000000080005d08 (0x6bdb8b9b) x23 0xffffffffff43b6bd
core   0: 0x0000000080005d0c (0x00000bb6) c.slli  s7, 13
core   0: 1 0x0000000080005d0c (0x0bb6) x23 0xffffffe876d7a000
core   0: 0x0000000080005d0e (0x740b8b93) addi    s7, s7, 1856
core   0: 1 0x0000000080005d0e (0x740b8b93) x23 0xffffffe876d7a740
core   0: 0x0000000080005d12 (0x00000001) c.nop
core   0: 1 0x0000000080005d12 (0x0001)
core   0: 0x0000000080005d14 (0x0ff0000f) fence   iorw,iorw
core   0: 1 0x0000000080005d14 (0x0ff0000f)
core   0: 0x0000000080005d18 (0x01c8a8b3) slt     a7, a7, t3
core   0: 1 0x0000000080005d18 (0x01c8a8b3) x17 0x0000000000000001
core   0: 0x0000000080005d1c (0x411209bb) subw    s3, tp, a7
core   0: 1 0x0000000080005d1c (0x411209bb) x19 0x000000007ffffffe
core   0: 0x0000000080005d20 (0x4011541b) sraiw   s0, sp, 1
core   0: 1 0x0000000080005d20 (0x4011541b) x8  0x0000000000000000
core   0: 0x0000000080005d24 (0x41340abb) subw    s5, s0, s3
core   0: 1 0x0000000080005d24 (0x41340abb) x21 0xffffffff80000002
core   0: 0x0000000080005d28 (0x0006d51b) srliw   a0, a3, 0
core   0: 1 0x0000000080005d28 (0x0006d51b) x10 0x0000000000000000
core   0: 0x0000000080005d2c (0x02d6e233) rem     tp, a3, a3
core   0: 1 0x0000000080005d2c (0x02d6e233) x4  0x0000000000000000
core   0: 0x0000000080005d30 (0xd036fed3) fcvt.s.lu ft9, a3
core   0: 1 0x0000000080005d30 (0xd036fed3) f29 0xffffffff00000000
core   0: 0x0000000080005d34 (0x01b98133) add     sp, s3, s11
core   0: 1 0x0000000080005d34 (0x01b98133) x2  0x40e6a0a6b65dd270
core   0: 0x0000000080005d38 (0x4065de93) srai    t4, a1, 6
core   0: 1 0x0000000080005d38 (0x4065de93) x29 0x0000000003010189
core   0: 0x0000000080005d3c (0x01461233) sll     tp, a2, s4
core   0: 1 0x0000000080005d3c (0x01461233) x4  0x0000000000000000
core   0: 0x0000000080005d40 (0xd329871b) addiw   a4, s3, -718
core   0: 1 0x0000000080005d40 (0xd329871b) x14 0x000000007ffffd30
core   0: 0x0000000080005d44 (0x02e9863b) mulw    a2, s3, a4
core   0: 1 0x0000000080005d44 (0x02e9863b) x12 0x00000000000005a0
core   0: 0x0000000080005d48 (0x51b873b7) lui     t2, 0x51b87
core   0: 1 0x0000000080005d48 (0x51b873b7) x7  0x0000000051b87000
core   0: 0x0000000080005d4c (0x00965a3b) srlw    s4, a2, s1
core   0: 1 0x0000000080005d4c (0x00965a3b) x20 0x0000000000000000
core   0: 0x0000000080005d50 (0x0142023b) addw    tp, tp, s4
core   0: 1 0x0000000080005d50 (0x0142023b) x4  0x0000000000000000
core   0: 0x0000000080005d54 (0x30342c73) csrrs   s8, mideleg, s0
core   0: exception trap_illegal_instruction, epc 0x0000000080005d54
core   0:           tval 0x0000000030342c73
core   0: >>>>  $xrv64i2p1_m2p0_a2p1_f2p2_d2p2_zicsr2p0_zifencei2p0_zmmul1p0_zba1p0_zbb1p0_zbc1p0_zbs1p0
core   0: 0x0000000080004000 (0x0080006f) j       pc + 0x8
core   0: 3 0x0000000080004000 (0x0080006f)
core   0: >>>>  mmode_exception_handler
core   0: 0x0000000080004008 (0x00002c17) auipc   s8, 0x2
core   0: 3 0x0000000080004008 (0x00002c17) x24 0x0000000080006008
core   0: 0x000000008000400c (0x0f0c0c13) addi    s8, s8, 240
core   0: 3 0x000000008000400c (0x0f0c0c13) x24 0x00000000800060f8
core   0: 0x0000000080004010 (0x000c00e7) jalr    s8
core   0: 3 0x0000000080004010 (0x000c00e7) x1  0x0000000080004014
core   0: >>>>  any_handler
core   0: 0x00000000800060f8 (0x341027f3) csrrs   a5, mepc, zero
core   0: 3 0x00000000800060f8 (0x341027f3) x15 0x0000000080005d54
core   0: 0x00000000800060fc (0x34202773) csrrs   a4, mcause, zero
core   0: 3 0x00000000800060fc (0x34202773) x14 0x0000000000000002
core   0: 0x0000000080006100 (0x142026f3) csrrs   a3, scause, zero
core   0: 3 0x0000000080006100 (0x142026f3) x13 0x0000000000000000
core   0: 0x0000000080006104 (0x30402673) csrrs   a2, mie, zero
core   0: 3 0x0000000080006104 (0x30402673) x12 0x0000000000000a00
core   0: 0x0000000080006108 (0x344025f3) csrrs   a1, mip, zero
core   0: 3 0x0000000080006108 (0x344025f3) x11 0x0000000000000080
core   0: 0x000000008000610c (0x343025f3) csrrs   a1, mtval, zero
core   0: 3 0x000000008000610c (0x343025f3) x11 0x0000000030342c73
core   0: 0x0000000080006110 (0x14302573) csrrs   a0, stval, zero
core   0: 3 0x0000000080006110 (0x14302573) x10 0x0000000000000000
core   0: 0x0000000080006114 (0xb02024f3) csrrs   s1, minstret, zero
core   0: 3 0x0000000080006114 (0xb02024f3) x9  0x00000000000011e5
core   0: 0x0000000080006118 (0x0000a811) c.j     pc + 20
core   0: 3 0x0000000080006118 (0xa811)
core   0: >>>>  mepc_4
core   0: 0x000000008000612c (0x00000791) c.addi  a5, 4
core   0: 3 0x000000008000612c (0x0791) x15 0x0000000080005d58
core   0: 0x000000008000612e (0x34179073) csrrw   zero, mepc, a5
core   0: 3 0x000000008000612e (0x34179073) c833_mepc 0x0000000080005d58
core   0: 0x0000000080006132 (0x30200073) mret
core   0: 3 0x0000000080006132 (0x30200073) c768_mstatus 0x8000000a00106080
core   0: 0x0000000080005d58 (0x40147153) fcvt.s.d ft2, fs0
core   0: 1 0x0000000080005d58 (0x40147153) f2  0xffffffff7fc00000
core   0: 0x0000000080005d5c (0xc038f0d3) fcvt.lu.s ra, fa7
core   0: 1 0x0000000080005d5c (0xc038f0d3) c1_fflags 0x0000000000000017 x1  0xffffffffffffffff
core   0: 0x0000000080005d60 (0x00000001) c.nop
core   0: 1 0x0000000080005d60 (0x0001)
core   0: 0x0000000080005d62 (0x01abeb37) lui     s6, 0x1abe
core   0: 1 0x0000000080005d62 (0x01abeb37) x22 0x0000000001abe000
core   0: 0x0000000080005d66 (0x205b0b1b) addiw   s6, s6, 517
core   0: 1 0x0000000080005d66 (0x205b0b1b) x22 0x0000000001abe205
core   0: 0x0000000080005d6a (0x00000b36) c.slli  s6, 13
core   0: 1 0x0000000080005d6a (0x0b36) x22 0x000000357c40a000
core   0: 0x0000000080005d6c (0x1d6b0b13) addi    s6, s6, 470
core   0: 1 0x0000000080005d6c (0x1d6b0b13) x22 0x000000357c40a1d6
core   0: 0x0000000080005d70 (0x53850513) addi    a0, a0, 1336
core   0: 1 0x0000000080005d70 (0x53850513) x10 0x0000000000000538
core   0: 0x0000000080005d74 (0x00ab7833) and     a6, s6, a0
core   0: 1 0x0000000080005d74 (0x00ab7833) x16 0x0000000000000110
core   0: 0x0000000080005d78 (0xea23f3c3) fmadd.d ft7, ft7, ft2, ft9
core   0: 1 0x0000000080005d78 (0xea23f3c3) f7  0x7ff8000000000000
core   0: 0x0000000080005d7c (0xd20b0fd3) fcvt.d.w ft11, s6
core   0: 1 0x0000000080005d7c (0xd20b0fd3) f31 0x41df102875800000
core   0: 0x0000000080005d80 (0x00102e73) csrrs   t3, fflags, zero
core   0: 1 0x0000000080005d80 (0x00102e73) x28 0x0000000000000017
core   0: 0x0000000080005d84 (0x40be0233) sub     tp, t3, a1
core   0: 1 0x0000000080005d84 (0x40be0233) x4  0xffffffffcfcbd3a4
core   0: 0x0000000080005d88 (0xf20c05d3) fmv.d.x fa1, s8
core   0: 1 0x0000000080005d88 (0xf20c05d3) f11 0x00000000800060f8
core   0: 0x0000000080005d8c (0x0184a7b3) slt     a5, s1, s8
core   0: 1 0x0000000080005d8c (0x0184a7b3) x15 0x0000000000000001
core   0: 0x0000000080005d90 (0x13da7a53) fmul.d  fs4, fs4, ft9
core   0: 1 0x0000000080005d90 (0x13da7a53) f20 0x7ff8000000000000
core   0: 0x0000000080005d94 (0x03692a33) mulhsu  s4, s2, s6
core   0: 1 0x0000000080005d94 (0x03692a33) x20 0x0000000000000000
core   0: 0x0000000080005d98 (0x2bd304d3) fmin.d  fs1, ft6, ft9
core   0: 1 0x0000000080005d98 (0x2bd304d3) f9  0x7ff8000000000000
core   0: 0x0000000080005d9c (0x1a0ef053) fdiv.d  ft0, ft9, ft0
core   0: 1 0x0000000080005d9c (0x1a0ef053) f0  0x7ff8000000000000
core   0: 0x0000000080005da0 (0xc02c7553) fcvt.l.s a0, fs8
core   0: 1 0x0000000080005da0 (0xc02c7553) c1_fflags 0x0000000000000017 x10 0x7fffffffffffffff
core   0: 0x0000000080005da4 (0xea0fffc3) fmadd.d ft11, ft11, ft0, ft9
core   0: 1 0x0000000080005da4 (0xea0fffc3) f31 0x7ff8000000000000
core   0: 0x0000000080005da8 (0x49ea7917) auipc   s2, 0x49ea7
core   0: 1 0x0000000080005da8 (0x49ea7917) x18 0x00000000c9eacda8
core   0: 0x0000000080005dac (0xe20809d3) fmv.x.d s3, fa6
core   0: 1 0x0000000080005dac (0xe20809d3) x19 0x7ff8000000000000
core   0: 0x0000000080005db0 (0x001023f3) csrrs   t2, fflags, zero
core   0: 1 0x0000000080005db0 (0x001023f3) x7  0x0000000000000017
core   0: 0x0000000080005db4 (0x00102bf3) csrrs   s7, fflags, zero
core   0: 1 0x0000000080005db4 (0x00102bf3) x23 0x0000000000000017
core   0: 0x0000000080005db8 (0x0202723b) remuw   tp, tp, zero
core   0: 1 0x0000000080005db8 (0x0202723b) x4  0xffffffffcfcbd3a4
core   0: 0x0000000080005dbc (0x003188b3) add     a7, gp, gp
core   0: 1 0x0000000080005dbc (0x003188b3) x17 0xfffffffffffffffe
core   0: 0x0000000080005dc0 (0x014a3eb7) lui     t4, 0x14a3
core   0: 1 0x0000000080005dc0 (0x014a3eb7) x29 0x00000000014a3000
core   0: 0x0000000080005dc4 (0x8f9e8e9b) addiw   t4, t4, -1799
core   0: 1 0x0000000080005dc4 (0x8f9e8e9b) x29 0x00000000014a28f9
core   0: 0x0000000080005dc8 (0x00000eba) c.slli  t4, 14
core   0: 1 0x0000000080005dc8 (0x0eba) x29 0x000000528a3e4000
core   0: 0x0000000080005dca (0x218e8e93) addi    t4, t4, 536
core   0: 1 0x0000000080005dca (0x218e8e93) x29 0x000000528a3e4218
core   0: 0x0000000080005dce (0x015e0333) add     t1, t3, s5
core   0: 1 0x0000000080005dce (0x015e0333) x6  0xffffffff80000019
core   0: 0x0000000080005dd2 (0x397dc913) xori    s2, s11, 919
core   0: 1 0x0000000080005dd2 (0x397dc913) x18 0x40e6a0a6365dd1e5
core   0: 0x0000000080005dd6 (0x2bf71753) fmax.d  fa4, fa4, ft11
core   0: 1 0x0000000080005dd6 (0x2bf71753) f14 0x7ff8000000000000
core   0: 0x0000000080005dda (0x039bfe33) remu    t3, s7, s9
core   0: 1 0x0000000080005dda (0x039bfe33) x28 0x0000000000000017
core   0: 0x0000000080005dde (0xf20e83d3) fmv.d.x ft7, t4
core   0: 1 0x0000000080005dde (0xf20e83d3) f7  0x000000528a3e4218
core   0: 0x0000000080005de2 (0xcb25f943) fmadd.d fs2, fa1, fs2, fs9
core   0: 1 0x0000000080005de2 (0xcb25f943) f18 0x7ff8000000000000
core   0: 0x0000000080005de6 (0x7ff37493) andi    s1, t1, 2047
core   0: 1 0x0000000080005de6 (0x7ff37493) x9  0x0000000000000019
core   0: 0x0000000080005dea (0x02997fd3) fadd.d  ft11, fs2, fs1
core   0: 1 0x0000000080005dea (0x02997fd3) f31 0x7ff8000000000000
core   0: 0x0000000080005dee (0x03c91b13) slli    s6, s2, 60
core   0: 1 0x0000000080005dee (0x03c91b13) x22 0x5000000000000000
core   0: 0x0000000080005df2 (0x93297bc3) fmadd.d fs7, fs2, fs2, fs2
core   0: 1 0x0000000080005df2 (0x93297bc3) f23 0x7ff8000000000000
core   0: 0x0000000080005df6 (0x035a45bb) divw    a1, s4, s5
core   0: 1 0x0000000080005df6 (0x035a45bb) x11 0x0000000000000000
core   0: 0x0000000080005dfa (0x026835b3) mulhu   a1, a6, t1
core   0: 1 0x0000000080005dfa (0x026835b3) x11 0x000000000000010f
core   0: 0x0000000080005dfe (0xc2007453) fcvt.w.d s0, ft0
core   0: 1 0x0000000080005dfe (0xc2007453) c1_fflags 0x0000000000000017 x8  0x000000007fffffff
core   0: 0x0000000080005e02 (0x02f350b3) divu    ra, t1, a5
core   0: 1 0x0000000080005e02 (0x02f350b3) x1  0xffffffff80000019
core   0: 0x0000000080005e06 (0x6b7bf24f) fnmadd.d ft4, fs7, fs7, fa3
core   0: 1 0x0000000080005e06 (0x6b7bf24f) f4  0x7ff8000000000000
core   0: 0x0000000080005e0a (0xd236fe53) fcvt.d.lu ft8, a3
core   0: 1 0x0000000080005e0a (0xd236fe53) f28 0x0000000000000000
core   0: 0x0000000080005e0e (0x001e9b73) csrrw   s6, fflags, t4
core   0: 1 0x0000000080005e0e (0x001e9b73) x22 0x0000000000000017 c1_fflags 0x0000000000000018
core   0: 0x0000000080005e12 (0x01397833) and     a6, s2, s3
core   0: 1 0x0000000080005e12 (0x01397833) x16 0x40e0000000000000
core   0: 0x0000000080005e16 (0x01f3141b) slliw   s0, t1, 31
core   0: 1 0x0000000080005e16 (0x01f3141b) x8  0xffffffff80000000
core   0: 0x0000000080005e1a (0x303432f3) csrrc   t0, mideleg, s0
core   0: exception trap_illegal_instruction, epc 0x0000000080005e1a
core   0:           tval 0x00000000303432f3
core   0: >>>>  $xrv64i2p1_m2p0_a2p1_f2p2_d2p2_zicsr2p0_zifencei2p0_zmmul1p0_zba1p0_zbb1p0_zbc1p0_zbs1p0
core   0: 0x0000000080004000 (0x0080006f) j       pc + 0x8
core   0: 3 0x0000000080004000 (0x0080006f)
core   0: >>>>  mmode_exception_handler
core   0: 0x0000000080004008 (0x00002c17) auipc   s8, 0x2
core   0: 3 0x0000000080004008 (0x00002c17) x24 0x0000000080006008
core   0: 0x000000008000400c (0x0f0c0c13) addi    s8, s8, 240
core   0: 3 0x000000008000400c (0x0f0c0c13) x24 0x00000000800060f8
core   0: 0x0000000080004010 (0x000c00e7) jalr    s8
core   0: 3 0x0000000080004010 (0x000c00e7) x1  0x0000000080004014
core   0: >>>>  any_handler
core   0: 0x00000000800060f8 (0x341027f3) csrrs   a5, mepc, zero
core   0: 3 0x00000000800060f8 (0x341027f3) x15 0x0000000080005e1a
core   0: 0x00000000800060fc (0x34202773) csrrs   a4, mcause, zero
core   0: 3 0x00000000800060fc (0x34202773) x14 0x0000000000000002
core   0: 0x0000000080006100 (0x142026f3) csrrs   a3, scause, zero
core   0: 3 0x0000000080006100 (0x142026f3) x13 0x0000000000000000
core   0: 0x0000000080006104 (0x30402673) csrrs   a2, mie, zero
core   0: 3 0x0000000080006104 (0x30402673) x12 0x0000000000000a00
core   0: 0x0000000080006108 (0x344025f3) csrrs   a1, mip, zero
core   0: 3 0x0000000080006108 (0x344025f3) x11 0x0000000000000080
core   0: 0x000000008000610c (0x343025f3) csrrs   a1, mtval, zero
core   0: 3 0x000000008000610c (0x343025f3) x11 0x00000000303432f3
core   0: 0x0000000080006110 (0x14302573) csrrs   a0, stval, zero
core   0: 3 0x0000000080006110 (0x14302573) x10 0x0000000000000000
core   0: 0x0000000080006114 (0xb02024f3) csrrs   s1, minstret, zero
core   0: 3 0x0000000080006114 (0xb02024f3) x9  0x0000000000001227
core   0: 0x0000000080006118 (0x0000a811) c.j     pc + 20
core   0: 3 0x0000000080006118 (0xa811)
core   0: >>>>  mepc_4
core   0: 0x000000008000612c (0x00000791) c.addi  a5, 4
core   0: 3 0x000000008000612c (0x0791) x15 0x0000000080005e1e
core   0: 0x000000008000612e (0x34179073) csrrw   zero, mepc, a5
core   0: 3 0x000000008000612e (0x34179073) c833_mepc 0x0000000080005e1e
core   0: 0x0000000080006132 (0x30200073) mret
core   0: 3 0x0000000080006132 (0x30200073) c768_mstatus 0x8000000a00106080
core   0: 0x0000000080005e1e (0x0031d91b) srliw   s2, gp, 3
core   0: 1 0x0000000080005e1e (0x0031d91b) x18 0x000000001fffffff
core   0: 0x0000000080005e22 (0xb0674a13) xori    s4, a4, -1274
core   0: 1 0x0000000080005e22 (0xb0674a13) x20 0xfffffffffffffb04
core   0: 0x0000000080005e26 (0x23f59fd3) fsgnjn.d ft11, fa1, ft11
core   0: 1 0x0000000080005e26 (0x23f59fd3) f31 0x80000000800060f8
core   0: 0x0000000080005e2a (0xc02273d3) fcvt.l.s t2, ft4
core   0: 1 0x0000000080005e2a (0xc02273d3) c1_fflags 0x0000000000000018 x7  0x7fffffffffffffff
core   0: 0x0000000080005e2e (0x40e700bb) subw    ra, a4, a4
core   0: 1 0x0000000080005e2e (0x40e700bb) x1  0x0000000000000000
core   0: 0x0000000080005e32 (0xe883e693) ori     a3, t2, -376
core   0: 1 0x0000000080005e32 (0xe883e693) x13 0xffffffffffffffff
core   0: 0x0000000080005e36 (0xd0297553) fcvt.s.l fa0, s2
core   0: 1 0x0000000080005e36 (0xd0297553) c1_fflags 0x0000000000000019 f10 0xffffffff4dffffff
core   0: 0x0000000080005e3a (0xa3ff89d3) fle.d   s3, ft11, ft11
core   0: 1 0x0000000080005e3a (0xa3ff89d3) x19 0x0000000000000001
core   0: 0x0000000080005e3e (0x0091921b) slliw   tp, gp, 9
core   0: 1 0x0000000080005e3e (0x0091921b) x4  0xfffffffffffffe00
core   0: 0x0000000080005e42 (0xd59bc993) xori    s3, s7, -679
core   0: 1 0x0000000080005e42 (0xd59bc993) x19 0xfffffffffffffd4e
core   0: 0x0000000080005e46 (0x0348d23b) divuw   tp, a7, s4
core   0: 1 0x0000000080005e46 (0x0348d23b) x4  0x0000000000000001
core   0: 0x0000000080005e4a (0x00202073) csrrs   zero, frm, zero
core   0: 1 0x0000000080005e4a (0x00202073)
core   0: 0x0000000080005e4e (0x02162633) mulhsu  a2, a2, ra
core   0: 1 0x0000000080005e4e (0x02162633) x12 0x0000000000000000
core   0: 0x0000000080005e52 (0x0342d813) srli    a6, t0, 52
core   0: 1 0x0000000080005e52 (0x0342d813) x16 0x0000000000000000
core   0: 0x0000000080005e56 (0xd2020153) fcvt.d.w ft2, tp
core   0: 1 0x0000000080005e56 (0xd2020153) f2  0x3ff0000000000000
core   0: 0x0000000080005e5a (0x51ce8797) auipc   a5, 0x51ce8
core   0: 1 0x0000000080005e5a (0x51ce8797) x15 0x00000000d1cede5a
core   0: 0x0000000080005e5e (0x23d52fd3) fsgnjx.d ft11, fa0, ft9
core   0: 1 0x0000000080005e5e (0x23d52fd3) f31 0x7fffffff4dffffff
core   0: 0x0000000080005e62 (0x34403cf3) csrrc   s9, mip, zero
core   0: exception trap_illegal_instruction, epc 0x0000000080005e62
core   0:           tval 0x0000000034403cf3
core   0: >>>>  $xrv64i2p1_m2p0_a2p1_f2p2_d2p2_zicsr2p0_zifencei2p0_zmmul1p0_zba1p0_zbb1p0_zbc1p0_zbs1p0
core   0: 0x0000000080004000 (0x0080006f) j       pc + 0x8
core   0: 3 0x0000000080004000 (0x0080006f)
core   0: >>>>  mmode_exception_handler
core   0: 0x0000000080004008 (0x00002c17) auipc   s8, 0x2
core   0: 3 0x0000000080004008 (0x00002c17) x24 0x0000000080006008
core   0: 0x000000008000400c (0x0f0c0c13) addi    s8, s8, 240
core   0: 3 0x000000008000400c (0x0f0c0c13) x24 0x00000000800060f8
core   0: 0x0000000080004010 (0x000c00e7) jalr    s8
core   0: 3 0x0000000080004010 (0x000c00e7) x1  0x0000000080004014
core   0: >>>>  any_handler
core   0: 0x00000000800060f8 (0x341027f3) csrrs   a5, mepc, zero
core   0: 3 0x00000000800060f8 (0x341027f3) x15 0x0000000080005e62
core   0: 0x00000000800060fc (0x34202773) csrrs   a4, mcause, zero
core   0: 3 0x00000000800060fc (0x34202773) x14 0x0000000000000002
core   0: 0x0000000080006100 (0x142026f3) csrrs   a3, scause, zero
core   0: 3 0x0000000080006100 (0x142026f3) x13 0x0000000000000000
core   0: 0x0000000080006104 (0x30402673) csrrs   a2, mie, zero
core   0: 3 0x0000000080006104 (0x30402673) x12 0x0000000000000a00
core   0: 0x0000000080006108 (0x344025f3) csrrs   a1, mip, zero
core   0: 3 0x0000000080006108 (0x344025f3) x11 0x0000000000000080
core   0: 0x000000008000610c (0x343025f3) csrrs   a1, mtval, zero
core   0: 3 0x000000008000610c (0x343025f3) x11 0x0000000034403cf3
core   0: 0x0000000080006110 (0x14302573) csrrs   a0, stval, zero
core   0: 3 0x0000000080006110 (0x14302573) x10 0x0000000000000000
core   0: 0x0000000080006114 (0xb02024f3) csrrs   s1, minstret, zero
core   0: 3 0x0000000080006114 (0xb02024f3) x9  0x0000000000001248
core   0: 0x0000000080006118 (0x0000a811) c.j     pc + 20
core   0: 3 0x0000000080006118 (0xa811)
core   0: >>>>  mepc_4
core   0: 0x000000008000612c (0x00000791) c.addi  a5, 4
core   0: 3 0x000000008000612c (0x0791) x15 0x0000000080005e66
core   0: 0x000000008000612e (0x34179073) csrrw   zero, mepc, a5
core   0: 3 0x000000008000612e (0x34179073) c833_mepc 0x0000000080005e66
core   0: 0x0000000080006132 (0x30200073) mret
core   0: 3 0x0000000080006132 (0x30200073) c768_mstatus 0x8000000a00106080
core   0: 0x0000000080005e66 (0xccf84c13) xori    s8, a6, -817
core   0: 1 0x0000000080005e66 (0xccf84c13) x24 0xfffffffffffffccf
core   0: 0x0000000080005e6a (0xfdaf98b7) lui     a7, 0xfdaf9
core   0: 1 0x0000000080005e6a (0xfdaf98b7) x17 0xfffffffffdaf9000
core   0: 0x0000000080005e6e (0x07f8889b) addiw   a7, a7, 127
core   0: 1 0x0000000080005e6e (0x07f8889b) x17 0xfffffffffdaf907f
core   0: 0x0000000080005e72 (0x000008b6) c.slli  a7, 13
core   0: 1 0x0000000080005e72 (0x08b6) x17 0xffffffb5f20fe000
core   0: 0x0000000080005e74 (0x03288893) addi    a7, a7, 50
core   0: 1 0x0000000080005e74 (0x03288893) x17 0xffffffb5f20fe032
core   0: 0x0000000080005e78 (0x001e9433) sll     s0, t4, ra
core   0: 1 0x0000000080005e78 (0x001e9433) x8  0x0528a3e421800000
core   0: 0x0000000080005e7c (0x02f313b3) mulh    t2, t1, a5
core   0: 1 0x0000000080005e7c (0x02f313b3) x7  0xffffffffffffffff
core   0: 0x0000000080005e80 (0x40ac0e33) sub     t3, s8, a0
core   0: 1 0x0000000080005e80 (0x40ac0e33) x28 0xfffffffffffffccf
core   0: 0x0000000080005e84 (0x00a62533) slt     a0, a2, a0
core   0: 1 0x0000000080005e84 (0x00a62533) x10 0x0000000000000000
core   0: 0x0000000080005e88 (0xc23e7853) fcvt.lu.d a6, ft8
core   0: 1 0x0000000080005e88 (0xc23e7853) x16 0x0000000000000000
core   0: 0x0000000080005e8c (0x030989bb) mulw    s3, s3, a6
core   0: 1 0x0000000080005e8c (0x030989bb) x19 0x0000000000000000
core   0: 0x0000000080005e90 (0xc03fe3f3) csrrsi  t2, hpmcounter3, 31
core   0: exception trap_illegal_instruction, epc 0x0000000080005e90
core   0:           tval 0x00000000c03fe3f3
core   0: >>>>  $xrv64i2p1_m2p0_a2p1_f2p2_d2p2_zicsr2p0_zifencei2p0_zmmul1p0_zba1p0_zbb1p0_zbc1p0_zbs1p0
core   0: 0x0000000080004000 (0x0080006f) j       pc + 0x8
core   0: 3 0x0000000080004000 (0x0080006f)
core   0: >>>>  mmode_exception_handler
core   0: 0x0000000080004008 (0x00002c17) auipc   s8, 0x2
core   0: 3 0x0000000080004008 (0x00002c17) x24 0x0000000080006008
core   0: 0x000000008000400c (0x0f0c0c13) addi    s8, s8, 240
core   0: 3 0x000000008000400c (0x0f0c0c13) x24 0x00000000800060f8
core   0: 0x0000000080004010 (0x000c00e7) jalr    s8
core   0: 3 0x0000000080004010 (0x000c00e7) x1  0x0000000080004014
core   0: >>>>  any_handler
core   0: 0x00000000800060f8 (0x341027f3) csrrs   a5, mepc, zero
core   0: 3 0x00000000800060f8 (0x341027f3) x15 0x0000000080005e90
core   0: 0x00000000800060fc (0x34202773) csrrs   a4, mcause, zero
core   0: 3 0x00000000800060fc (0x34202773) x14 0x0000000000000002
core   0: 0x0000000080006100 (0x142026f3) csrrs   a3, scause, zero
core   0: 3 0x0000000080006100 (0x142026f3) x13 0x0000000000000000
core   0: 0x0000000080006104 (0x30402673) csrrs   a2, mie, zero
core   0: 3 0x0000000080006104 (0x30402673) x12 0x0000000000000a00
core   0: 0x0000000080006108 (0x344025f3) csrrs   a1, mip, zero
core   0: 3 0x0000000080006108 (0x344025f3) x11 0x0000000000000080
core   0: 0x000000008000610c (0x343025f3) csrrs   a1, mtval, zero
core   0: 3 0x000000008000610c (0x343025f3) x11 0x00000000c03fe3f3
core   0: 0x0000000080006110 (0x14302573) csrrs   a0, stval, zero
core   0: 3 0x0000000080006110 (0x14302573) x10 0x0000000000000000
core   0: 0x0000000080006114 (0xb02024f3) csrrs   s1, minstret, zero
core   0: 3 0x0000000080006114 (0xb02024f3) x9  0x0000000000001263
core   0: 0x0000000080006118 (0x0000a811) c.j     pc + 20
core   0: 3 0x0000000080006118 (0xa811)
core   0: >>>>  mepc_4
core   0: 0x000000008000612c (0x00000791) c.addi  a5, 4
core   0: 3 0x000000008000612c (0x0791) x15 0x0000000080005e94
core   0: 0x000000008000612e (0x34179073) csrrw   zero, mepc, a5
core   0: 3 0x000000008000612e (0x34179073) c833_mepc 0x0000000080005e94
core   0: 0x0000000080006132 (0x30200073) mret
core   0: 3 0x0000000080006132 (0x30200073) c768_mstatus 0x8000000a00106080
core   0: 0x0000000080005e94 (0x0d39869b) addiw   a3, s3, 211
core   0: 1 0x0000000080005e94 (0x0d39869b) x13 0x00000000000000d3
core   0: 0x0000000080005e98 (0x0323fb3b) remuw   s6, t2, s2
core   0: 1 0x0000000080005e98 (0x0323fb3b) x22 0x0000000000000007
core   0: 0x0000000080005e9c (0x0261c3bb) divw    t2, gp, t1
core   0: 1 0x0000000080005e9c (0x0261c3bb) x7  0x0000000000000000
core   0: 0x0000000080005ea0 (0x019adb13) srli    s6, s5, 25
core   0: 1 0x0000000080005ea0 (0x019adb13) x22 0x0000007fffffffc0
core   0: 0x0000000080005ea4 (0x4123d993) srai    s3, t2, 18
core   0: 1 0x0000000080005ea4 (0x4123d993) x19 0x0000000000000000
core   0: 0x0000000080005ea8 (0x41380ab3) sub     s5, a6, s3
core   0: 1 0x0000000080005ea8 (0x41380ab3) x21 0x0000000000000000
core   0: 0x0000000080005eac (0x02cc33b7) lui     t2, 0x2cc3
core   0: 1 0x0000000080005eac (0x02cc33b7) x7  0x0000000002cc3000
core   0: 0x0000000080005eb0 (0xc7f3839b) addiw   t2, t2, -897
core   0: 1 0x0000000080005eb0 (0xc7f3839b) x7  0x0000000002cc2c7f
core   0: 0x0000000080005eb4 (0x000003b6) c.slli  t2, 13
core   0: 1 0x0000000080005eb4 (0x03b6) x7  0x00000059858fe000
core   0: 0x0000000080005eb6 (0x3db38393) addi    t2, t2, 987
core   0: 1 0x0000000080005eb6 (0x3db38393) x7  0x00000059858fe3db
core   0: 0x0000000080005eba (0x403d0933) sub     s2, s10, gp
core   0: 1 0x0000000080005eba (0x403d0933) x18 0x00000000c0406273
core   0: 0x0000000080005ebe (0xc22a7c53) fcvt.l.d s8, fs4
core   0: 1 0x0000000080005ebe (0xc22a7c53) c1_fflags 0x0000000000000019 x24 0x7fffffffffffffff
core   0: 0x0000000080005ec2 (0x001d1d73) csrrw   s10, fflags, s10
core   0: 1 0x0000000080005ec2 (0x001d1d73) x26 0x0000000000000019 c1_fflags 0x0000000000000012
core   0: 0x0000000080005ec6 (0xc03174d3) fcvt.lu.s s1, ft2
core   0: 1 0x0000000080005ec6 (0xc03174d3) c1_fflags 0x0000000000000012 x9  0xffffffffffffffff
core   0: 0x0000000080005eca (0x010b83bb) addw    t2, s7, a6
core   0: 1 0x0000000080005eca (0x010b83bb) x7  0x0000000000000017
core   0: 0x0000000080005ece (0xdbb1fdcf) fnmadd.d fs11, ft3, fs11, fs11
core   0: 1 0x0000000080005ece (0xdbb1fdcf) f27 0x7ff8000000000000
core   0: 0x0000000080005ed2 (0x03a2f2bb) remuw   t0, t0, s10
core   0: 1 0x0000000080005ed2 (0x03a2f2bb) x5  0x0000000000000002
core   0: 0x0000000080005ed6 (0x3c44ed93) ori     s11, s1, 964
core   0: 1 0x0000000080005ed6 (0x3c44ed93) x27 0xffffffffffffffff
core   0: 0x0000000080005eda (0x41cdd31b) sraiw   t1, s11, 28
core   0: 1 0x0000000080005eda (0x41cdd31b) x6  0xffffffffffffffff
core   0: 0x0000000080005ede (0x73c3001b) addiw   zero, t1, 1852
core   0: 1 0x0000000080005ede (0x73c3001b)
core   0: 0x0000000080005ee2 (0x012a1733) sll     a4, s4, s2
core   0: 1 0x0000000080005ee2 (0x012a1733) x14 0xd820000000000000
core   0: 0x0000000080005ee6 (0x00e01233) sll     tp, zero, a4
core   0: 1 0x0000000080005ee6 (0x00e01233) x4  0x0000000000000000
core   0: 0x0000000080005eea (0x016e0cb3) add     s9, t3, s6
core   0: 1 0x0000000080005eea (0x016e0cb3) x25 0x0000007ffffffc8f
core   0: 0x0000000080005eee (0x401ef653) fcvt.s.d fa2, ft9
core   0: 1 0x0000000080005eee (0x401ef653) f12 0xffffffff7fc00000
core   0: 0x0000000080005ef2 (0x000014b3) sll     s1, zero, zero
core   0: 1 0x0000000080005ef2 (0x000014b3) x9  0x0000000000000000
core   0: 0x0000000080005ef6 (0x686ef093) andi    ra, t4, 1670
core   0: 1 0x0000000080005ef6 (0x686ef093) x1  0x0000000000000200
core   0: 0x0000000080005efa (0x00c5d033) srl     zero, a1, a2
core   0: 1 0x0000000080005efa (0x00c5d033)
core   0: 0x0000000080005efe (0x338178cf) fnmadd.d fa7, ft2, fs8, ft6
core   0: 1 0x0000000080005efe (0x338178cf) f17 0x7ff8000000000000
core   0: 0x0000000080005f02 (0x0332fbb3) remu    s7, t0, s3
core   0: 1 0x0000000080005f02 (0x0332fbb3) x23 0x0000000000000002
core   0: 0x0000000080005f06 (0x143862f3) csrrsi  t0, stval, 16
core   0: 1 0x0000000080005f06 (0x143862f3) x5  0x0000000000000000 c323_stval 0x0000000000000010
core   0: 0x0000000080005f0a (0x00076513) ori     a0, a4, 0
core   0: 1 0x0000000080005f0a (0x00076513) x10 0xd820000000000000
core   0: 0x0000000080005f0e (0x00269a73) csrrw   s4, frm, a3
core   0: 1 0x0000000080005f0e (0x00269a73) x20 0x0000000000000002 c2_frm 0x0000000000000003
core   0: 0x0000000080005f12 (0x2b868cd3) fmin.d  fs9, fa3, fs8
core   0: 1 0x0000000080005f12 (0x2b868cd3) f25 0x7ff8000000000000
core   0: 0x0000000080005f16 (0xb20a091b) addiw   s2, s4, -1248
core   0: 1 0x0000000080005f16 (0xb20a091b) x18 0xfffffffffffffb22
core   0: 0x0000000080005f1a (0x00202473) csrrs   s0, frm, zero
core   0: 1 0x0000000080005f1a (0x00202473) x8  0x0000000000000003
core   0: 0x0000000080005f1e (0x6bd8fecf) fnmadd.d ft9, fa7, ft9, fa3
core   0: 1 0x0000000080005f1e (0x6bd8fecf) f29 0x7ff8000000000000
core   0: 0x0000000080005f22 (0xfeb63237) lui     tp, 0xfeb63
core   0: 1 0x0000000080005f22 (0xfeb63237) x4  0xfffffffffeb63000
core   0: 0x0000000080005f26 (0xa4d2021b) addiw   tp, tp, -1459
core   0: 1 0x0000000080005f26 (0xa4d2021b) x4  0xfffffffffeb62a4d
core   0: 0x0000000080005f2a (0x00000232) c.slli  tp, 12
core   0: 1 0x0000000080005f2a (0x0232) x4  0xffffffeb62a4d000
core   0: 0x0000000080005f2c (0x74420213) addi    tp, tp, 1860
core   0: 1 0x0000000080005f2c (0x74420213) x4  0xffffffeb62a4d744
core   0: 0x0000000080005f30 (0x01479b33) sll     s6, a5, s4
core   0: 1 0x0000000080005f30 (0x01479b33) x22 0x0000000200017a50
core   0: 0x0000000080005f34 (0x013b64b3) or      s1, s6, s3
core   0: 1 0x0000000080005f34 (0x013b64b3) x9  0x0000000200017a50
core   0: 0x0000000080005f38 (0x0037121b) slliw   tp, a4, 3
core   0: 1 0x0000000080005f38 (0x0037121b) x4  0x0000000000000000
core   0: 0x0000000080005f3c (0xc03efbd3) fcvt.lu.s s7, ft9
core   0: 1 0x0000000080005f3c (0xc03efbd3) c1_fflags 0x0000000000000012 x23 0xffffffffffffffff
core   0: 0x0000000080005f40 (0x002021f3) csrrs   gp, frm, zero
core   0: 1 0x0000000080005f40 (0x002021f3) x3  0x0000000000000003
core   0: 0x0000000080005f44 (0x141dd6f3) csrrwi  a3, sepc, 27
core   0: 1 0x0000000080005f44 (0x141dd6f3) x13 0x0000000000000016 c321_sepc 0x000000000000001a
core   0: 0x0000000080005f48 (0x022ee23b) remw    tp, t4, sp
core   0: 1 0x0000000080005f48 (0x022ee23b) x4  0xffffffffd3e06fa8
core   0: 0x0000000080005f4c (0xc221f9d3) fcvt.l.d s3, ft3
core   0: 1 0x0000000080005f4c (0xc221f9d3) c1_fflags 0x0000000000000012 x19 0x7fffffffffffffff
core   0: 0x0000000080005f50 (0x02d6deb3) divu    t4, a3, a3
core   0: 1 0x0000000080005f50 (0x02d6deb3) x29 0x0000000000000001
core   0: 0x0000000080005f54 (0x6aa6f64f) fnmadd.d fa2, fa3, fa0, fa3
core   0: 1 0x0000000080005f54 (0x6aa6f64f) f12 0x7ff8000000000000
core   0: 0x0000000080005f58 (0x0329563b) divuw   a2, s2, s2
core   0: 1 0x0000000080005f58 (0x0329563b) x12 0x0000000000000001
core   0: 0x0000000080005f5c (0x00029213) slli    tp, t0, 0
core   0: 1 0x0000000080005f5c (0x00029213) x4  0x0000000000000000
core   0: 0x0000000080005f60 (0x0394c4b3) div     s1, s1, s9
core   0: 1 0x0000000080005f60 (0x0394c4b3) x9  0x0000000000000000
core   0: 0x0000000080005f64 (0xc20578d3) fcvt.w.d a7, fa0
core   0: 1 0x0000000080005f64 (0xc20578d3) c1_fflags 0x0000000000000012 x17 0x000000007fffffff
core   0: 0x0000000080005f68 (0x002618f3) csrrw   a7, frm, a2
core   0: 1 0x0000000080005f68 (0x002618f3) x17 0x0000000000000003 c2_frm 0x0000000000000001
core   0: 0x0000000080005f6c (0x23d78a53) fsgnj.d fs4, fa5, ft9
core   0: 1 0x0000000080005f6c (0x23d78a53) f20 0x7ff8000000000000
core   0: 0x0000000080005f70 (0x01d54533) xor     a0, a0, t4
core   0: 1 0x0000000080005f70 (0x01d54533) x10 0xd820000000000001
core   0: 0x0000000080005f74 (0x019a81bb) addw    gp, s5, s9
core   0: 1 0x0000000080005f74 (0x019a81bb) x3  0xfffffffffffffc8f
core   0: 0x0000000080005f78 (0xa325a217) auipc   tp, 0xa325a
core   0: 1 0x0000000080005f78 (0xa325a217) x4  0x000000002325ff78
core   0: 0x0000000080005f7c (0x6274714f) fnmadd.d ft2, fs0, ft7, fa2
core   0: 1 0x0000000080005f7c (0x6274714f) f2  0x7ff8000000000000
core   0: 0x0000000080005f80 (0x00021993) slli    s3, tp, 0
core   0: 1 0x0000000080005f80 (0x00021993) x19 0x000000002325ff78
core   0: 0x0000000080005f84 (0xf2a5fbcf) fnmadd.d fs7, fa1, fa0, ft10
core   0: 1 0x0000000080005f84 (0xf2a5fbcf) f23 0x7ff8000000000000
core   0: 0x0000000080005f88 (0x7362fb4f) fnmadd.d fs6, ft5, fs6, fa4
core   0: 1 0x0000000080005f88 (0x7362fb4f) f22 0x7ff8000000000000
core   0: 0x0000000080005f8c (0x0193d333) srl     t1, t2, s9
core   0: 1 0x0000000080005f8c (0x0193d333) x6  0x0000000000000000
core   0: 0x0000000080005f90 (0xd21e0fd3) fcvt.d.wu ft11, t3
core   0: 1 0x0000000080005f90 (0xd21e0fd3) f31 0x41efffff99e00000
core   0: 0x0000000080005f94 (0x9a3cf1cf) fnmadd.d ft3, fs9, ft3, fs3
core   0: 1 0x0000000080005f94 (0x9a3cf1cf) f3  0x7ff8000000000000
core   0: 0x0000000080005f98 (0x0349493b) divw    s2, s2, s4
core   0: 1 0x0000000080005f98 (0x0349493b) x18 0xfffffffffffffd91
core   0: 0x0000000080005f9c (0x4031843b) subw    s0, gp, gp
core   0: 1 0x0000000080005f9c (0x4031843b) x8  0x0000000000000000
core   0: 0x0000000080005fa0 (0x40390433) sub     s0, s2, gp
core   0: 1 0x0000000080005fa0 (0x40390433) x8  0x0000000000000102
core   0: 0x0000000080005fa4 (0x420e86d3) fcvt.d.s fa3, ft9
core   0: 1 0x0000000080005fa4 (0x420e86d3) f13 0x7ff8000000000000
core   0: 0x0000000080005fa8 (0xd031f353) fcvt.s.lu ft6, gp
core   0: 1 0x0000000080005fa8 (0xd031f353) c1_fflags 0x0000000000000013 f6  0xffffffff5f7fffff
core   0: 0x0000000080005fac (0x5a04f4d3) fsqrt.d fs1, fs1
core   0: 1 0x0000000080005fac (0x5a04f4d3) f9  0x7ff8000000000000
core   0: 0x0000000080005fb0 (0x01db48b3) xor     a7, s6, t4
core   0: 1 0x0000000080005fb0 (0x01db48b3) x17 0x0000000200017a51
core   0: 0x0000000080005fb4 (0x00018a33) add     s4, gp, zero
core   0: 1 0x0000000080005fb4 (0x00018a33) x20 0xfffffffffffffc8f
core   0: 0x0000000080005fb8 (0x2bc58c53) fmin.d  fs8, fa1, ft8
core   0: 1 0x0000000080005fb8 (0x2bc58c53) f24 0x0000000000000000
core   0: 0x0000000080005fbc (0x0348d7b3) divu    a5, a7, s4
core   0: 1 0x0000000080005fbc (0x0348d7b3) x15 0x0000000000000000
core   0: 0x0000000080005fc0 (0x56d7c513) xori    a0, a5, 1389
core   0: 1 0x0000000080005fc0 (0x56d7c513) x10 0x000000000000056d
core   0: 0x0000000080005fc4 (0x40e8583b) sraw    a6, a6, a4
core   0: 1 0x0000000080005fc4 (0x40e8583b) x16 0x0000000000000000
core   0: 0x0000000080005fc8 (0xd21d04d3) fcvt.d.wu fs1, s10
core   0: 1 0x0000000080005fc8 (0xd21d04d3) f9  0x4039000000000000
core   0: 0x0000000080005fcc (0x4107d91b) sraiw   s2, a5, 16
core   0: 1 0x0000000080005fcc (0x4107d91b) x18 0x0000000000000000
core   0: 0x0000000080005fd0 (0x0004d49b) srliw   s1, s1, 0
core   0: 1 0x0000000080005fd0 (0x0004d49b) x9  0x0000000000000000
core   0: 0x0000000080005fd4 (0x00e81a3b) sllw    s4, a6, a4
core   0: 1 0x0000000080005fd4 (0x00e81a3b) x20 0x0000000000000000
core   0: 0x0000000080005fd8 (0x0100ae37) lui     t3, 0x100a
core   0: 1 0x0000000080005fd8 (0x0100ae37) x28 0x000000000100a000
core   0: 0x0000000080005fdc (0x2a3e0e1b) addiw   t3, t3, 675
core   0: 1 0x0000000080005fdc (0x2a3e0e1b) x28 0x000000000100a2a3
core   0: 0x0000000080005fe0 (0x00000e3a) c.slli  t3, 14
core   0: 1 0x0000000080005fe0 (0x0e3a) x28 0x0000004028a8c000
core   0: 0x0000000080005fe2 (0xacbe0e13) addi    t3, t3, -1333
core   0: 1 0x0000000080005fe2 (0xacbe0e13) x28 0x0000004028a8bacb
core   0: 0x0000000080005fe6 (0x034487b3) mul     a5, s1, s4
core   0: 1 0x0000000080005fe6 (0x034487b3) x15 0x0000000000000000
core   0: 0x0000000080005fea (0xd2168c53) fcvt.d.wu fs8, a3
core   0: 1 0x0000000080005fea (0xd2168c53) f24 0x4036000000000000
core   0: 0x0000000080005fee (0x034b05b3) mul     a1, s6, s4
core   0: 1 0x0000000080005fee (0x034b05b3) x11 0x0000000000000000
core   0: 0x0000000080005ff2 (0x4007d793) srai    a5, a5, 0
core   0: 1 0x0000000080005ff2 (0x4007d793) x15 0x0000000000000000
core   0: 0x0000000080005ff6 (0x41610d3b) subw    s10, sp, s6
core   0: 1 0x0000000080005ff6 (0x41610d3b) x26 0xffffffffb65c5820
core   0: 0x0000000080005ffa (0x1a38f553) fdiv.d  fa0, fa7, ft3
core   0: 1 0x0000000080005ffa (0x1a38f553) f10 0x7ff8000000000000
core   0: 0x0000000080005ffe (0x010105bb) addw    a1, sp, a6
core   0: 1 0x0000000080005ffe (0x010105bb) x11 0xffffffffb65dd270
core   0: 0x0000000080006002 (0x23250fd3) fsgnj.d ft11, fa0, fs2
core   0: 1 0x0000000080006002 (0x23250fd3) f31 0x7ff8000000000000
core   0: 0x0000000080006006 (0x005e523b) srlw    tp, t3, t0
core   0: 1 0x0000000080006006 (0x005e523b) x4  0x0000000028a8bacb
core   0: 0x000000008000600a (0x00229573) csrrw   a0, frm, t0
core   0: 1 0x000000008000600a (0x00229573) x10 0x0000000000000001 c2_frm 0x0000000000000000
core   0: 0x000000008000600e (0x0252d433) divu    s0, t0, t0
core   0: 1 0x000000008000600e (0x0252d433) x8  0xffffffffffffffff
core   0: 0x0000000080006012 (0x01455413) srli    s0, a0, 20
core   0: 1 0x0000000080006012 (0x01455413) x8  0x0000000000000000
core   0: 0x0000000080006016 (0x411688b3) sub     a7, a3, a7
core   0: 1 0x0000000080006016 (0x411688b3) x17 0xfffffffdfffe85c5
core   0: 0x000000008000601a (0x005e72b3) and     t0, t3, t0
core   0: 1 0x000000008000601a (0x005e72b3) x5  0x0000000000000000
core   0: 0x000000008000601e (0xd2188cd3) fcvt.d.wu fs9, a7
core   0: 1 0x000000008000601e (0xd2188cd3) f25 0x41efffd0b8a00000
core   0: 0x0000000080006022 (0x3a1476c3) fmadd.d fa3, fs0, ft1, ft7
core   0: 1 0x0000000080006022 (0x3a1476c3) f13 0x7ff8000000000000
core   0: 0x0000000080006026 (0x00029413) slli    s0, t0, 0
core   0: 1 0x0000000080006026 (0x00029413) x8  0x0000000000000000
core   0: 0x000000008000602a (0x00094093) xori    ra, s2, 0
core   0: 1 0x000000008000602a (0x00094093) x1  0x0000000000000000
core   0: 0x000000008000602e (0x00a79b3b) sllw    s6, a5, a0
core   0: 1 0x000000008000602e (0x00a79b3b) x22 0x0000000000000000
core   0: 0x0000000080006032 (0x22dffecb) fnmsub.d ft9, ft11, fa3, ft4
core   0: 1 0x0000000080006032 (0x22dffecb) f29 0x7ff8000000000000
core   0: 0x0000000080006036 (0x00dd0b33) add     s6, s10, a3
core   0: 1 0x0000000080006036 (0x00dd0b33) x22 0xffffffffb65c5836
core   0: 0x000000008000603a (0xd2237ed3) fcvt.d.l ft9, t1
core   0: 1 0x000000008000603a (0xd2237ed3) f29 0x0000000000000000
core   0: 0x000000008000603e (0x00e7573b) srlw    a4, a4, a4
core   0: 1 0x000000008000603e (0x00e7573b) x14 0x0000000000000000
core   0: 0x0000000080006042 (0x01f4521b) srliw   tp, s0, 31
core   0: 1 0x0000000080006042 (0x01f4521b) x4  0x0000000000000000
core   0: 0x0000000080006046 (0x323bbbf3) csrrc   s7, mhpmevent3, s7
core   0: exception trap_illegal_instruction, epc 0x0000000080006046
core   0:           tval 0x00000000323bbbf3
core   0: >>>>  $xrv64i2p1_m2p0_a2p1_f2p2_d2p2_zicsr2p0_zifencei2p0_zmmul1p0_zba1p0_zbb1p0_zbc1p0_zbs1p0
core   0: 0x0000000080004000 (0x0080006f) j       pc + 0x8
core   0: 3 0x0000000080004000 (0x0080006f)
core   0: >>>>  mmode_exception_handler
core   0: 0x0000000080004008 (0x00002c17) auipc   s8, 0x2
core   0: 3 0x0000000080004008 (0x00002c17) x24 0x0000000080006008
core   0: 0x000000008000400c (0x0f0c0c13) addi    s8, s8, 240
core   0: 3 0x000000008000400c (0x0f0c0c13) x24 0x00000000800060f8
core   0: 0x0000000080004010 (0x000c00e7) jalr    s8
core   0: 3 0x0000000080004010 (0x000c00e7) x1  0x0000000080004014
core   0: >>>>  any_handler
core   0: 0x00000000800060f8 (0x341027f3) csrrs   a5, mepc, zero
core   0: 3 0x00000000800060f8 (0x341027f3) x15 0x0000000080006046
core   0: 0x00000000800060fc (0x34202773) csrrs   a4, mcause, zero
core   0: 3 0x00000000800060fc (0x34202773) x14 0x0000000000000002
core   0: 0x0000000080006100 (0x142026f3) csrrs   a3, scause, zero
core   0: 3 0x0000000080006100 (0x142026f3) x13 0x0000000000000000
core   0: 0x0000000080006104 (0x30402673) csrrs   a2, mie, zero
core   0: 3 0x0000000080006104 (0x30402673) x12 0x0000000000000a00
core   0: 0x0000000080006108 (0x344025f3) csrrs   a1, mip, zero
core   0: 3 0x0000000080006108 (0x344025f3) x11 0x0000000000000080
core   0: 0x000000008000610c (0x343025f3) csrrs   a1, mtval, zero
core   0: 3 0x000000008000610c (0x343025f3) x11 0x00000000323bbbf3
core   0: 0x0000000080006110 (0x14302573) csrrs   a0, stval, zero
core   0: 3 0x0000000080006110 (0x14302573) x10 0x0000000000000010
core   0: 0x0000000080006114 (0xb02024f3) csrrs   s1, minstret, zero
core   0: 3 0x0000000080006114 (0xb02024f3) x9  0x00000000000012e1
core   0: 0x0000000080006118 (0x0000a811) c.j     pc + 20
core   0: 3 0x0000000080006118 (0xa811)
core   0: >>>>  mepc_4
core   0: 0x000000008000612c (0x00000791) c.addi  a5, 4
core   0: 3 0x000000008000612c (0x0791) x15 0x000000008000604a
core   0: 0x000000008000612e (0x34179073) csrrw   zero, mepc, a5
core   0: 3 0x000000008000612e (0x34179073) c833_mepc 0x000000008000604a
core   0: 0x0000000080006132 (0x30200073) mret
core   0: 3 0x0000000080006132 (0x30200073) c768_mstatus 0x8000000a00106080
core   0: 0x000000008000604a (0x7b27f4c7) fmsub.d fs1, fa5, fs2, fa5
core   0: 1 0x000000008000604a (0x7b27f4c7) f9  0x7ff8000000000000
core   0: 0x000000008000604e (0x4012569b) sraiw   a3, tp, 1
core   0: 1 0x000000008000604e (0x4012569b) x13 0x0000000000000000
core   0: 0x0000000080006052 (0x03cd1793) slli    a5, s10, 60
core   0: 1 0x0000000080006052 (0x03cd1793) x15 0x0000000000000000
core   0: 0x0000000080006056 (0x1a95f653) fdiv.d  fa2, fa1, fs1
core   0: 1 0x0000000080006056 (0x1a95f653) f12 0x7ff8000000000000
core   0: 0x000000008000605a (0x1355f5c7) fmsub.d fa1, fa1, fs5, ft2
core   0: 1 0x000000008000605a (0x1355f5c7) f11 0x7ff8000000000000
core   0: 0x000000008000605e (0x40b8d5bb) sraw    a1, a7, a1
core   0: 1 0x000000008000605e (0x40b8d5bb) x11 0xffffffffffffffff
core   0: 0x0000000080006062 (0x420a8c53) fcvt.d.s fs8, fs5
core   0: 1 0x0000000080006062 (0x420a8c53) f24 0x7ff8000000000000
core   0: 0x0000000080006066 (0x401c7cd3) fcvt.s.d fs9, fs8
core   0: 1 0x0000000080006066 (0x401c7cd3) f25 0xffffffff7fc00000
core   0: 0x000000008000606a (0x02b25213) srli    tp, tp, 43
core   0: 1 0x000000008000606a (0x02b25213) x4  0x0000000000000000
core   0: 0x000000008000606e (0x00008966) c.mv    s2, s9
core   0: 1 0x000000008000606e (0x8966) x18 0x0000007ffffffc8f
core   0: 0x0000000080006070 (0x01c3179b) slliw   a5, t1, 28
core   0: 1 0x0000000080006070 (0x01c3179b) x15 0x0000000000000000
core   0: 0x0000000080006074 (0x02c66533) rem     a0, a2, a2
core   0: 1 0x0000000080006074 (0x02c66533) x10 0x0000000000000000
core   0: 0x0000000080006078 (0xd2108f53) fcvt.d.wu ft10, ra
core   0: 1 0x0000000080006078 (0xd2108f53) f30 0x41e0000802800000
core   0: 0x000000008000607c (0x402708bb) subw    a7, a4, sp
core   0: 1 0x000000008000607c (0x402708bb) x17 0x0000000049a22d92
core   0: 0x0000000080006080 (0x02708d3b) mulw    s10, ra, t2
core   0: 1 0x0000000080006080 (0x02708d3b) x26 0xffffffff8005c1cc
core   0: 0x0000000080006084 (0x0301de33) divu    t3, gp, a6
core   0: 1 0x0000000080006084 (0x0301de33) x28 0xffffffffffffffff
core   0: 0x0000000080006088 (0xd23e7853) fcvt.d.lu fa6, t3
core   0: 1 0x0000000080006088 (0xd23e7853) c1_fflags 0x0000000000000013 f16 0x43f0000000000000
core   0: 0x000000008000608c (0x00000001) c.nop
core   0: 1 0x000000008000608c (0x0001)
core   0: 0x000000008000608e (0xc03ffb53) fcvt.lu.s s6, ft11
core   0: 1 0x000000008000608e (0xc03ffb53) c1_fflags 0x0000000000000013 x22 0xffffffffffffffff
core   0: 0x0000000080006092 (0xd23efbd3) fcvt.d.lu fs7, t4
core   0: 1 0x0000000080006092 (0xd23efbd3) f23 0x3ff0000000000000
core   0: 0x0000000080006096 (0xd2257553) fcvt.d.l fa0, a0
core   0: 1 0x0000000080006096 (0xd2257553) f10 0x0000000000000000
core   0: 0x000000008000609a (0x43f6db13) srai    s6, a3, 63
core   0: 1 0x000000008000609a (0x43f6db13) x22 0x0000000000000000
core   0: 0x000000008000609e (0x1b167d53) fdiv.d  fs10, fa2, fa7
core   0: 1 0x000000008000609e (0x1b167d53) f26 0x7ff8000000000000
core   0: 0x00000000800060a2 (0x40095913) srai    s2, s2, 0
core   0: 1 0x00000000800060a2 (0x40095913) x18 0x0000007ffffffc8f
core   0: 0x00000000800060a6 (0x001b9bf3) csrrw   s7, fflags, s7
core   0: 1 0x00000000800060a6 (0x001b9bf3) x23 0x0000000000000013 c1_fflags 0x000000000000001f
core   0: 0x00000000800060aa (0x644cca13) xori    s4, s9, 1604
core   0: 1 0x00000000800060aa (0x644cca13) x20 0x0000007ffffffacb
core   0: 0x00000000800060ae (0x5a08fb53) fsqrt.d fs6, fa7
core   0: 1 0x00000000800060ae (0x5a08fb53) f22 0x7ff8000000000000
core   0: 0x00000000800060b2 (0x025bacb3) mulhsu  s9, s7, t0
core   0: 1 0x00000000800060b2 (0x025bacb3) x25 0x0000000000000000
core   0: 0x00000000800060b6 (0xd03a7a53) fcvt.s.lu fs4, s4
core   0: 1 0x00000000800060b6 (0xd03a7a53) c1_fflags 0x000000000000001f f20 0xffffffff53000000
core   0: 0x00000000800060ba (0xd22bfe53) fcvt.d.l ft8, s7
core   0: 1 0x00000000800060ba (0xd22bfe53) f28 0x4033000000000000
core   0: 0x00000000800060be (0xa3460253) fle.d   tp, fa2, fs4
core   0: 1 0x00000000800060be (0xa3460253) c1_fflags 0x000000000000001f x4  0x0000000000000000
core   0: 0x00000000800060c2 (0x0ff0000f) fence   iorw,iorw
core   0: 1 0x00000000800060c2 (0x0ff0000f)
core   0: 0x00000000800060c6 (0x4014f353) fcvt.s.d ft6, fs1
core   0: 1 0x00000000800060c6 (0x4014f353) f6  0xffffffff7fc00000
core   0: 0x00000000800060ca (0x007c9b3b) sllw    s6, s9, t2
core   0: 1 0x00000000800060ca (0x007c9b3b) x22 0x0000000000000000
core   0: 0x00000000800060ce (0x01290b33) add     s6, s2, s2
core   0: 1 0x00000000800060ce (0x01290b33) x22 0x000000fffffff91e
core   0: 0x00000000800060d2 (0x00190c3b) addw    s8, s2, ra
core   0: 1 0x00000000800060d2 (0x00190c3b) x24 0xffffffff80003ca3
core   0: 0x00000000800060d6 (0x800c6e13) ori     t3, s8, -2048
core   0: 1 0x00000000800060d6 (0x800c6e13) x28 0xfffffffffffffca3
core   0: 0x00000000800060da (0xd21087d3) fcvt.d.wu fa5, ra
core   0: 1 0x00000000800060da (0xd21087d3) f15 0x41e0000802800000
core   0: 0x00000000800060de (0xdd9824b7) lui     s1, 0xdd982
core   0: 1 0x00000000800060de (0xdd9824b7) x9  0xffffffffdd982000
core   0: 0x00000000800060e2 (0x005e4333) xor     t1, t3, t0
core   0: 1 0x00000000800060e2 (0x005e4333) x6  0xfffffffffffffca3
core   0: 0x00000000800060e6 (0x02970133) mul     sp, a4, s1
core   0: 1 0x00000000800060e6 (0x02970133) x2  0xffffffffbb304000
core   0: 0x00000000800060ea (0x028a7853) fadd.d  fa6, fs4, fs0
core   0: 1 0x00000000800060ea (0x028a7853) f16 0x7ff8000000000000
core   0: 0x00000000800060ee (0xb9da67b7) lui     a5, 0xb9da6
core   0: 1 0x00000000800060ee (0xb9da67b7) x15 0xffffffffb9da6000
core   0: >>>>  write_tohost
core   0: 0x00000000800060f2 (0x8f2fa0ef) jal     pc - 0x5f0e
core   0: 1 0x00000000800060f2 (0x8f2fa0ef) x1  0x00000000800060f6
core   0: >>>>  _exit
core   0: 0x00000000800001e4 (0x00004505) c.li    a0, 1
core   0: 1 0x00000000800001e4 (0x4505) x10 0x0000000000000001
core   0: 0x00000000800001e6 (0x00001f17) auipc   t5, 0x1
core   0: 1 0x00000000800001e6 (0x00001f17) x30 0x00000000800011e6
core   0: 0x00000000800001ea (0xe0af2d23) sw      a0, -486(t5)
core   0: 1 0x00000000800001ea (0xe0af2d23) mem 0x0000000080001000 0x00000001
cp /home/server/RISCV/cva6/verif/sim/out/seed_1876/spike_sim/new_seeds_1876_.cv64a6_imafdc_sv39.log.iss /home/server/RISCV/cva6/verif/sim/out/seed_1876/spike_sim/new_seeds_1876_.cv64a6_imafdc_sv39.log
