Makefile:14: must set CVA6_REPO_DIR to point at the root of CVA6 sources and CVA6_TB_DIR to point here -- doing it for you...
LD_LIBRARY_PATH="$(realpath ../../tools/spike/lib):$LD_LIBRARY_PATH" \
	/home/server/RISCV/cva6/tools/spike/bin/spike --steps=2000000  --log-commits --isa=rv64gc_zba_zbb_zbs_zbc_zicsr_zifencei --priv=msu -l /home/server/RISCV/cva6/verif/sim/out/seed_1667/directed_asm_tests/new_seeds_1667_.o
[SPIKE] Max simulation steps: 2000000
[SPIKE] Proc 0 | ISA: rv64gc_zba_zbb_zbs_zbc_zicsr_zifencei PRIV: msu
[SPIKE] Initializing memories...
core   0: 0x0000000000010000 (0x00100413) li      s0, 1
core   0: 3 0x0000000000010000 (0x00100413) x8  0x0000000000000001
core   0: 0x0000000000010004 (0x01f41413) slli    s0, s0, 31
core   0: 3 0x0000000000010004 (0x01f41413) x8  0x0000000080000000
core   0: 0x0000000000010008 (0xf1402573) csrrs   a0, mhartid, zero
core   0: 3 0x0000000000010008 (0xf1402573) x10 0x0000000000000000
core   0: 0x000000000001000c (0x00000597) auipc   a1, 0x0
core   0: 3 0x000000000001000c (0x00000597) x11 0x000000000001000c
core   0: 0x0000000000010010 (0x07458593) addi    a1, a1, 116
core   0: 3 0x0000000000010010 (0x07458593) x11 0x0000000000010080
core   0: 0x0000000000010014 (0x00040067) jr      s0
core   0: 3 0x0000000000010014 (0x00040067)
core   0: >>>>  _start
core   0: 0x0000000080000000 (0x00004081) c.li    ra, 0
core   0: 3 0x0000000080000000 (0x4081) x1  0x0000000000000000
core   0: 0x0000000080000002 (0x00004101) c.li    sp, 0
core   0: 3 0x0000000080000002 (0x4101) x2  0x0000000000000000
core   0: 0x0000000080000004 (0x00004181) c.li    gp, 0
core   0: 3 0x0000000080000004 (0x4181) x3  0x0000000000000000
core   0: 0x0000000080000006 (0x00004201) c.li    tp, 0
core   0: 3 0x0000000080000006 (0x4201) x4  0x0000000000000000
core   0: 0x0000000080000008 (0x00004281) c.li    t0, 0
core   0: 3 0x0000000080000008 (0x4281) x5  0x0000000000000000
core   0: 0x000000008000000a (0x00004301) c.li    t1, 0
core   0: 3 0x000000008000000a (0x4301) x6  0x0000000000000000
core   0: 0x000000008000000c (0x00004381) c.li    t2, 0
core   0: 3 0x000000008000000c (0x4381) x7  0x0000000000000000
core   0: 0x000000008000000e (0x00004401) c.li    s0, 0
core   0: 3 0x000000008000000e (0x4401) x8  0x0000000000000000
core   0: 0x0000000080000010 (0x00004481) c.li    s1, 0
core   0: 3 0x0000000080000010 (0x4481) x9  0x0000000000000000
core   0: 0x0000000080000012 (0x00004501) c.li    a0, 0
core   0: 3 0x0000000080000012 (0x4501) x10 0x0000000000000000
core   0: 0x0000000080000014 (0x00004581) c.li    a1, 0
core   0: 3 0x0000000080000014 (0x4581) x11 0x0000000000000000
core   0: 0x0000000080000016 (0x00004601) c.li    a2, 0
core   0: 3 0x0000000080000016 (0x4601) x12 0x0000000000000000
core   0: 0x0000000080000018 (0x00004681) c.li    a3, 0
core   0: 3 0x0000000080000018 (0x4681) x13 0x0000000000000000
core   0: 0x000000008000001a (0x00004701) c.li    a4, 0
core   0: 3 0x000000008000001a (0x4701) x14 0x0000000000000000
core   0: 0x000000008000001c (0x00004781) c.li    a5, 0
core   0: 3 0x000000008000001c (0x4781) x15 0x0000000000000000
core   0: 0x000000008000001e (0x00004801) c.li    a6, 0
core   0: 3 0x000000008000001e (0x4801) x16 0x0000000000000000
core   0: 0x0000000080000020 (0x00004881) c.li    a7, 0
core   0: 3 0x0000000080000020 (0x4881) x17 0x0000000000000000
core   0: 0x0000000080000022 (0x00004901) c.li    s2, 0
core   0: 3 0x0000000080000022 (0x4901) x18 0x0000000000000000
core   0: 0x0000000080000024 (0x00004981) c.li    s3, 0
core   0: 3 0x0000000080000024 (0x4981) x19 0x0000000000000000
core   0: 0x0000000080000026 (0x00004a01) c.li    s4, 0
core   0: 3 0x0000000080000026 (0x4a01) x20 0x0000000000000000
core   0: 0x0000000080000028 (0x00004a81) c.li    s5, 0
core   0: 3 0x0000000080000028 (0x4a81) x21 0x0000000000000000
core   0: 0x000000008000002a (0x00004b01) c.li    s6, 0
core   0: 3 0x000000008000002a (0x4b01) x22 0x0000000000000000
core   0: 0x000000008000002c (0x00004b81) c.li    s7, 0
core   0: 3 0x000000008000002c (0x4b81) x23 0x0000000000000000
core   0: 0x000000008000002e (0x00004c01) c.li    s8, 0
core   0: 3 0x000000008000002e (0x4c01) x24 0x0000000000000000
core   0: 0x0000000080000030 (0x00004c81) c.li    s9, 0
core   0: 3 0x0000000080000030 (0x4c81) x25 0x0000000000000000
core   0: 0x0000000080000032 (0x00004d01) c.li    s10, 0
core   0: 3 0x0000000080000032 (0x4d01) x26 0x0000000000000000
core   0: 0x0000000080000034 (0x00004d81) c.li    s11, 0
core   0: 3 0x0000000080000034 (0x4d81) x27 0x0000000000000000
core   0: 0x0000000080000036 (0x00004e01) c.li    t3, 0
core   0: 3 0x0000000080000036 (0x4e01) x28 0x0000000000000000
core   0: 0x0000000080000038 (0x00004e81) c.li    t4, 0
core   0: 3 0x0000000080000038 (0x4e81) x29 0x0000000000000000
core   0: 0x000000008000003a (0x00004f01) c.li    t5, 0
core   0: 3 0x000000008000003a (0x4f01) x30 0x0000000000000000
core   0: 0x000000008000003c (0x00004f81) c.li    t6, 0
core   0: 3 0x000000008000003c (0x4f81) x31 0x0000000000000000
core   0: 0x000000008000003e (0x000062f9) c.lui   t0, 0x1e
core   0: 3 0x000000008000003e (0x62f9) x5  0x000000000001e000
core   0: 0x0000000080000040 (0x3002a073) csrrs   zero, mstatus, t0
core   0: 3 0x0000000080000040 (0x3002a073) c768_mstatus 0x8000000a00006000
core   0: 0x0000000080000044 (0x00004285) c.li    t0, 1
core   0: 3 0x0000000080000044 (0x4285) x5  0x0000000000000001
core   0: 0x0000000080000046 (0x000002fe) c.slli  t0, 31
core   0: 3 0x0000000080000046 (0x02fe) x5  0x0000000080000000
core   0: 0x0000000080000048 (0x0002d863) bge     t0, zero, pc + 16
core   0: 3 0x0000000080000048 (0x0002d863)
core   0: 0x0000000080000058 (0x00000297) auipc   t0, 0x0
core   0: 3 0x0000000080000058 (0x00000297) x5  0x0000000080000058
core   0: 0x000000008000005c (0x09028293) addi    t0, t0, 144
core   0: 3 0x000000008000005c (0x09028293) x5  0x00000000800000e8
core   0: 0x0000000080000060 (0x30529073) csrrw   zero, mtvec, t0
core   0: 3 0x0000000080000060 (0x30529073) c773_mtvec 0x00000000800000e8
core   0: 0x0000000080000064 (0x00301073) csrrw   zero, fcsr, zero
core   0: 3 0x0000000080000064 (0x00301073) c1_fflags 0x0000000000000000 c2_frm 0x0000000000000000
core   0: 0x0000000080000068 (0xf0000053) fmv.w.x ft0, zero
core   0: 3 0x0000000080000068 (0xf0000053) f0  0xffffffff00000000
core   0: 0x000000008000006c (0xf00000d3) fmv.w.x ft1, zero
core   0: 3 0x000000008000006c (0xf00000d3) f1  0xffffffff00000000
core   0: 0x0000000080000070 (0xf0000153) fmv.w.x ft2, zero
core   0: 3 0x0000000080000070 (0xf0000153) f2  0xffffffff00000000
core   0: 0x0000000080000074 (0xf00001d3) fmv.w.x ft3, zero
core   0: 3 0x0000000080000074 (0xf00001d3) f3  0xffffffff00000000
core   0: 0x0000000080000078 (0xf0000253) fmv.w.x ft4, zero
core   0: 3 0x0000000080000078 (0xf0000253) f4  0xffffffff00000000
core   0: 0x000000008000007c (0xf00002d3) fmv.w.x ft5, zero
core   0: 3 0x000000008000007c (0xf00002d3) f5  0xffffffff00000000
core   0: 0x0000000080000080 (0xf0000353) fmv.w.x ft6, zero
core   0: 3 0x0000000080000080 (0xf0000353) f6  0xffffffff00000000
core   0: 0x0000000080000084 (0xf00003d3) fmv.w.x ft7, zero
core   0: 3 0x0000000080000084 (0xf00003d3) f7  0xffffffff00000000
core   0: 0x0000000080000088 (0xf0000453) fmv.w.x fs0, zero
core   0: 3 0x0000000080000088 (0xf0000453) f8  0xffffffff00000000
core   0: 0x000000008000008c (0xf00004d3) fmv.w.x fs1, zero
core   0: 3 0x000000008000008c (0xf00004d3) f9  0xffffffff00000000
core   0: 0x0000000080000090 (0xf0000553) fmv.w.x fa0, zero
core   0: 3 0x0000000080000090 (0xf0000553) f10 0xffffffff00000000
core   0: 0x0000000080000094 (0xf00005d3) fmv.w.x fa1, zero
core   0: 3 0x0000000080000094 (0xf00005d3) f11 0xffffffff00000000
core   0: 0x0000000080000098 (0xf0000653) fmv.w.x fa2, zero
core   0: 3 0x0000000080000098 (0xf0000653) f12 0xffffffff00000000
core   0: 0x000000008000009c (0xf00006d3) fmv.w.x fa3, zero
core   0: 3 0x000000008000009c (0xf00006d3) f13 0xffffffff00000000
core   0: 0x00000000800000a0 (0xf0000753) fmv.w.x fa4, zero
core   0: 3 0x00000000800000a0 (0xf0000753) f14 0xffffffff00000000
core   0: 0x00000000800000a4 (0xf00007d3) fmv.w.x fa5, zero
core   0: 3 0x00000000800000a4 (0xf00007d3) f15 0xffffffff00000000
core   0: 0x00000000800000a8 (0xf0000853) fmv.w.x fa6, zero
core   0: 3 0x00000000800000a8 (0xf0000853) f16 0xffffffff00000000
core   0: 0x00000000800000ac (0xf00008d3) fmv.w.x fa7, zero
core   0: 3 0x00000000800000ac (0xf00008d3) f17 0xffffffff00000000
core   0: 0x00000000800000b0 (0xf0000953) fmv.w.x fs2, zero
core   0: 3 0x00000000800000b0 (0xf0000953) f18 0xffffffff00000000
core   0: 0x00000000800000b4 (0xf00009d3) fmv.w.x fs3, zero
core   0: 3 0x00000000800000b4 (0xf00009d3) f19 0xffffffff00000000
core   0: 0x00000000800000b8 (0xf0000a53) fmv.w.x fs4, zero
core   0: 3 0x00000000800000b8 (0xf0000a53) f20 0xffffffff00000000
core   0: 0x00000000800000bc (0xf0000ad3) fmv.w.x fs5, zero
core   0: 3 0x00000000800000bc (0xf0000ad3) f21 0xffffffff00000000
core   0: 0x00000000800000c0 (0xf0000b53) fmv.w.x fs6, zero
core   0: 3 0x00000000800000c0 (0xf0000b53) f22 0xffffffff00000000
core   0: 0x00000000800000c4 (0xf0000bd3) fmv.w.x fs7, zero
core   0: 3 0x00000000800000c4 (0xf0000bd3) f23 0xffffffff00000000
core   0: 0x00000000800000c8 (0xf0000c53) fmv.w.x fs8, zero
core   0: 3 0x00000000800000c8 (0xf0000c53) f24 0xffffffff00000000
core   0: 0x00000000800000cc (0xf0000cd3) fmv.w.x fs9, zero
core   0: 3 0x00000000800000cc (0xf0000cd3) f25 0xffffffff00000000
core   0: 0x00000000800000d0 (0xf0000d53) fmv.w.x fs10, zero
core   0: 3 0x00000000800000d0 (0xf0000d53) f26 0xffffffff00000000
core   0: 0x00000000800000d4 (0xf0000dd3) fmv.w.x fs11, zero
core   0: 3 0x00000000800000d4 (0xf0000dd3) f27 0xffffffff00000000
core   0: 0x00000000800000d8 (0xf0000e53) fmv.w.x ft8, zero
core   0: 3 0x00000000800000d8 (0xf0000e53) f28 0xffffffff00000000
core   0: 0x00000000800000dc (0xf0000ed3) fmv.w.x ft9, zero
core   0: 3 0x00000000800000dc (0xf0000ed3) f29 0xffffffff00000000
core   0: 0x00000000800000e0 (0xf0000f53) fmv.w.x ft10, zero
core   0: 3 0x00000000800000e0 (0xf0000f53) f30 0xffffffff00000000
core   0: 0x00000000800000e4 (0xf0000fd3) fmv.w.x ft11, zero
core   0: 3 0x00000000800000e4 (0xf0000fd3) f31 0xffffffff00000000
core   0: 0x00000000800000e8 (0x00000297) auipc   t0, 0x0
core   0: 3 0x00000000800000e8 (0x00000297) x5  0x00000000800000e8
core   0: 0x00000000800000ec (0x03c28293) addi    t0, t0, 60
core   0: 3 0x00000000800000ec (0x03c28293) x5  0x0000000080000124
core   0: 0x00000000800000f0 (0x30529073) csrrw   zero, mtvec, t0
core   0: 3 0x00000000800000f0 (0x30529073) c773_mtvec 0x0000000080000124
core   0: 0x00000000800000f4 (0x00012197) auipc   gp, 0x12
core   0: 3 0x00000000800000f4 (0x00012197) x3  0x00000000800120f4
core   0: 0x00000000800000f8 (0x73418193) addi    gp, gp, 1844
core   0: 3 0x00000000800000f8 (0x73418193) x3  0x0000000080012828
core   0: 0x00000000800000fc (0x00012217) auipc   tp, 0x12
core   0: 3 0x00000000800000fc (0x00012217) x4  0x00000000800120fc
core   0: 0x0000000080000100 (0xf8320213) addi    tp, tp, -125
core   0: 3 0x0000000080000100 (0xf8320213) x4  0x000000008001207f
core   0: 0x0000000080000104 (0xfc027213) andi    tp, tp, -64
core   0: 3 0x0000000080000104 (0xfc027213) x4  0x0000000080012040
core   0: 0x0000000080000108 (0xf1402573) csrrs   a0, mhartid, zero
core   0: 3 0x0000000080000108 (0xf1402573) x10 0x0000000000000000
core   0: 0x000000008000010c (0x00004585) c.li    a1, 1
core   0: 3 0x000000008000010c (0x4585) x11 0x0000000000000001
core   0: 0x000000008000010e (0x00b57063) bgeu    a0, a1, pc + 0
core   0: 3 0x000000008000010e (0x00b57063)
core   0: 0x0000000080000112 (0x00150113) addi    sp, a0, 1
core   0: 3 0x0000000080000112 (0x00150113) x2  0x0000000000000001
core   0: 0x0000000080000116 (0x00000146) c.slli  sp, 17
core   0: 3 0x0000000080000116 (0x0146) x2  0x0000000000020000
core   0: 0x0000000080000118 (0x00009112) c.add   sp, tp
core   0: 3 0x0000000080000118 (0x9112) x2  0x0000000080032040
core   0: 0x000000008000011a (0x01151613) slli    a2, a0, 17
core   0: 3 0x000000008000011a (0x01151613) x12 0x0000000000000000
core   0: 0x000000008000011e (0x00009232) c.add   tp, a2
core   0: 3 0x000000008000011e (0x9232) x4  0x0000000080012040
core   0: 0x0000000080000120 (0x35c0f06f) j       pc + 0xf35c
core   0: 3 0x0000000080000120 (0x35c0f06f)
core   0: >>>>  _init
core   0: 0x000000008000f47c (0x00007171) c.addi16sp sp, -176
core   0: 3 0x000000008000f47c (0x7171) x2  0x0000000080031f90
core   0: 0x000000008000f47e (0x0000f506) c.sdsp  ra, 168(sp)
core   0: 3 0x000000008000f47e (0xf506) mem 0x0000000080032038 0x0000000000000000
core   0: 0x000000008000f480 (0x0000f122) c.sdsp  s0, 160(sp)
core   0: 3 0x000000008000f480 (0xf122) mem 0x0000000080032030 0x0000000000000000
core   0: 0x000000008000f482 (0x0000ed26) c.sdsp  s1, 152(sp)
core   0: 3 0x000000008000f482 (0xed26) mem 0x0000000080032028 0x0000000000000000
core   0: 0x000000008000f484 (0x00001900) c.addi4spn s0, sp, 176
core   0: 3 0x000000008000f484 (0x1900) x8  0x0000000080032040
core   0: 0x000000008000f486 (0x000087aa) c.mv    a5, a0
core   0: 3 0x000000008000f486 (0x87aa) x15 0x0000000000000000
core   0: 0x000000008000f488 (0x0000872e) c.mv    a4, a1
core   0: 3 0x000000008000f488 (0x872e) x14 0x0000000000000001
core   0: 0x000000008000f48a (0xf4f42e23) sw      a5, -164(s0)
core   0: 3 0x000000008000f48a (0xf4f42e23) mem 0x0000000080031f9c 0x00000000
core   0: 0x000000008000f48e (0x000087ba) c.mv    a5, a4
core   0: 3 0x000000008000f48e (0x87ba) x15 0x0000000000000001
core   0: 0x000000008000f490 (0xf4f42c23) sw      a5, -168(s0)
core   0: 3 0x000000008000f490 (0xf4f42c23) mem 0x0000000080031f98 0x00000001
core   0: 0x000000008000f494 (0xfe040793) addi    a5, s0, -32
core   0: 3 0x000000008000f494 (0xfe040793) x15 0x0000000080032020
core   0: 0x000000008000f498 (0xf4f43823) sd      a5, -176(s0)
core   0: 3 0x000000008000f498 (0xf4f43823) mem 0x0000000080031f90 0x0000000080032020
core   0: 0x000000008000f49c (0xf5043783) ld      a5, -176(s0)
core   0: 3 0x000000008000f49c (0xf5043783) x15 0x0000000080032020 mem 0x0000000080031f90
core   0: 0x000000008000f4a0 (0xf8078793) addi    a5, a5, -128
core   0: 3 0x000000008000f4a0 (0xf8078793) x15 0x0000000080031fa0
core   0: 0x000000008000f4a4 (0x03f78793) addi    a5, a5, 63
core   0: 3 0x000000008000f4a4 (0x03f78793) x15 0x0000000080031fdf
core   0: 0x000000008000f4a8 (0x00008399) c.srli  a5, 6
core   0: 3 0x000000008000f4a8 (0x8399) x15 0x0000000002000c7f
core   0: 0x000000008000f4aa (0x00679493) slli    s1, a5, 6
core   0: 3 0x000000008000f4aa (0x00679493) x9  0x0000000080031fc0
core   0: 0x000000008000f4ae (0xf65ff0ef) jal     pc - 0x9c
core   0: 3 0x000000008000f4ae (0xf65ff0ef) x1  0x000000008000f4b2
core   0: >>>>  init_tls
core   0: 0x000000008000f412 (0x00001101) c.addi  sp, -32
core   0: 3 0x000000008000f412 (0x1101) x2  0x0000000080031f70
core   0: 0x000000008000f414 (0x0000ec06) c.sdsp  ra, 24(sp)
core   0: 3 0x000000008000f414 (0xec06) mem 0x0000000080031f88 0x000000008000f4b2
core   0: 0x000000008000f416 (0x0000e822) c.sdsp  s0, 16(sp)
core   0: 3 0x000000008000f416 (0xe822) mem 0x0000000080031f80 0x0000000080032040
core   0: 0x000000008000f418 (0x00001000) c.addi4spn s0, sp, 32
core   0: 3 0x000000008000f418 (0x1000) x8  0x0000000080031f90
core   0: 0x000000008000f41a (0x00003717) auipc   a4, 0x3
core   0: 3 0x000000008000f41a (0x00003717) x14 0x000000008001241a
core   0: 0x000000008000f41e (0xc0e70713) addi    a4, a4, -1010
core   0: 3 0x000000008000f41e (0xc0e70713) x14 0x0000000080012028
core   0: 0x000000008000f422 (0x00003797) auipc   a5, 0x3
core   0: 3 0x000000008000f422 (0x00003797) x15 0x0000000080012422
core   0: 0x000000008000f426 (0xc0678793) addi    a5, a5, -1018
core   0: 3 0x000000008000f426 (0xc0678793) x15 0x0000000080012028
core   0: 0x000000008000f42a (0x40f707b3) sub     a5, a4, a5
core   0: 3 0x000000008000f42a (0x40f707b3) x15 0x0000000000000000
core   0: 0x000000008000f42e (0xfef43423) sd      a5, -24(s0)
core   0: 3 0x000000008000f42e (0xfef43423) mem 0x0000000080031f78 0x0000000000000000
core   0: 0x000000008000f432 (0x00008792) c.mv    a5, tp
core   0: 3 0x000000008000f432 (0x8792) x15 0x0000000080012040
core   0: 0x000000008000f434 (0xfe843603) ld      a2, -24(s0)
core   0: 3 0x000000008000f434 (0xfe843603) x12 0x0000000000000000 mem 0x0000000080031f78
core   0: 0x000000008000f438 (0x00003597) auipc   a1, 0x3
core   0: 3 0x000000008000f438 (0x00003597) x11 0x0000000080012438
core   0: 0x000000008000f43c (0xbf058593) addi    a1, a1, -1040
core   0: 3 0x000000008000f43c (0xbf058593) x11 0x0000000080012028
core   0: 0x000000008000f440 (0x0000853e) c.mv    a0, a5
core   0: 3 0x000000008000f440 (0x853e) x10 0x0000000080012040
core   0: 0x000000008000f442 (0x0f9000ef) jal     pc + 0x8f8
core   0: 3 0x000000008000f442 (0x0f9000ef) x1  0x000000008000f446
core   0: >>>>  memcpy
core   0: 0x000000008000fd3a (0x0000715d) c.addi16sp sp, -80
core   0: 3 0x000000008000fd3a (0x715d) x2  0x0000000080031f20
core   0: 0x000000008000fd3c (0x0000e4a2) c.sdsp  s0, 72(sp)
core   0: 3 0x000000008000fd3c (0xe4a2) mem 0x0000000080031f68 0x0000000080031f90
core   0: 0x000000008000fd3e (0x00000880) c.addi4spn s0, sp, 80
core   0: 3 0x000000008000fd3e (0x0880) x8  0x0000000080031f70
core   0: 0x000000008000fd40 (0xfca43423) sd      a0, -56(s0)
core   0: 3 0x000000008000fd40 (0xfca43423) mem 0x0000000080031f38 0x0000000080012040
core   0: 0x000000008000fd44 (0xfcb43023) sd      a1, -64(s0)
core   0: 3 0x000000008000fd44 (0xfcb43023) mem 0x0000000080031f30 0x0000000080012028
core   0: 0x000000008000fd48 (0xfac43c23) sd      a2, -72(s0)
core   0: 3 0x000000008000fd48 (0xfac43c23) mem 0x0000000080031f28 0x0000000000000000
core   0: 0x000000008000fd4c (0xfc843703) ld      a4, -56(s0)
core   0: 3 0x000000008000fd4c (0xfc843703) x14 0x0000000080012040 mem 0x0000000080031f38
core   0: 0x000000008000fd50 (0xfc043783) ld      a5, -64(s0)
core   0: 3 0x000000008000fd50 (0xfc043783) x15 0x0000000080012028 mem 0x0000000080031f30
core   0: 0x000000008000fd54 (0x00008f5d) c.or    a4, a5
core   0: 3 0x000000008000fd54 (0x8f5d) x14 0x0000000080012068
core   0: 0x000000008000fd56 (0xfb843783) ld      a5, -72(s0)
core   0: 3 0x000000008000fd56 (0xfb843783) x15 0x0000000000000000 mem 0x0000000080031f28
core   0: 0x000000008000fd5a (0x00008fd9) c.or    a5, a4
core   0: 3 0x000000008000fd5a (0x8fd9) x15 0x0000000080012068
core   0: 0x000000008000fd5c (0x00008b9d) c.andi  a5, 7
core   0: 3 0x000000008000fd5c (0x8b9d) x15 0x0000000000000000
core   0: 0x000000008000fd5e (0x0000e3b1) c.bnez  a5, pc + 68
core   0: 3 0x000000008000fd5e (0xe3b1)
core   0: 0x000000008000fd60 (0xfc043783) ld      a5, -64(s0)
core   0: 3 0x000000008000fd60 (0xfc043783) x15 0x0000000080012028 mem 0x0000000080031f30
core   0: 0x000000008000fd64 (0xfef43423) sd      a5, -24(s0)
core   0: 3 0x000000008000fd64 (0xfef43423) mem 0x0000000080031f58 0x0000000080012028
core   0: 0x000000008000fd68 (0xfc843783) ld      a5, -56(s0)
core   0: 3 0x000000008000fd68 (0xfc843783) x15 0x0000000080012040 mem 0x0000000080031f38
core   0: 0x000000008000fd6c (0xfef43023) sd      a5, -32(s0)
core   0: 3 0x000000008000fd6c (0xfef43023) mem 0x0000000080031f50 0x0000000080012040
core   0: 0x000000008000fd70 (0x0000a839) c.j     pc + 30
core   0: 3 0x000000008000fd70 (0xa839)
core   0: 0x000000008000fd8e (0xfc843703) ld      a4, -56(s0)
core   0: 3 0x000000008000fd8e (0xfc843703) x14 0x0000000080012040 mem 0x0000000080031f38
core   0: 0x000000008000fd92 (0xfb843783) ld      a5, -72(s0)
core   0: 3 0x000000008000fd92 (0xfb843783) x15 0x0000000000000000 mem 0x0000000080031f28
core   0: 0x000000008000fd96 (0x000097ba) c.add   a5, a4
core   0: 3 0x000000008000fd96 (0x97ba) x15 0x0000000080012040
core   0: 0x000000008000fd98 (0xfe043703) ld      a4, -32(s0)
core   0: 3 0x000000008000fd98 (0xfe043703) x14 0x0000000080012040 mem 0x0000000080031f50
core   0: 0x000000008000fd9c (0xfcf76be3) bltu    a4, a5, pc - 42
core   0: 3 0x000000008000fd9c (0xfcf76be3)
core   0: 0x000000008000fda0 (0x0000a099) c.j     pc + 70
core   0: 3 0x000000008000fda0 (0xa099)
core   0: 0x000000008000fde6 (0xfc843783) ld      a5, -56(s0)
core   0: 3 0x000000008000fde6 (0xfc843783) x15 0x0000000080012040 mem 0x0000000080031f38
core   0: 0x000000008000fdea (0x0000853e) c.mv    a0, a5
core   0: 3 0x000000008000fdea (0x853e) x10 0x0000000080012040
core   0: 0x000000008000fdec (0x00006426) c.ldsp  s0, 72(sp)
core   0: 3 0x000000008000fdec (0x6426) x8  0x0000000080031f90 mem 0x0000000080031f68
core   0: 0x000000008000fdee (0x00006161) c.addi16sp sp, 80
core   0: 3 0x000000008000fdee (0x6161) x2  0x0000000080031f70
core   0: 0x000000008000fdf0 (0x00008082) ret
core   0: 3 0x000000008000fdf0 (0x8082)
core   0: 0x000000008000f446 (0x00003717) auipc   a4, 0x3
core   0: 3 0x000000008000f446 (0x00003717) x14 0x0000000080012446
core   0: 0x000000008000f44a (0xc7e70713) addi    a4, a4, -898
core   0: 3 0x000000008000f44a (0xc7e70713) x14 0x00000000800120c4
core   0: 0x000000008000f44e (0x00003797) auipc   a5, 0x3
core   0: 3 0x000000008000f44e (0x00003797) x15 0x000000008001244e
core   0: 0x000000008000f452 (0xbda78793) addi    a5, a5, -1062
core   0: 3 0x000000008000f452 (0xbda78793) x15 0x0000000080012028
core   0: 0x000000008000f456 (0x40f707b3) sub     a5, a4, a5
core   0: 3 0x000000008000f456 (0x40f707b3) x15 0x000000000000009c
core   0: 0x000000008000f45a (0xfef43023) sd      a5, -32(s0)
core   0: 3 0x000000008000f45a (0xfef43023) mem 0x0000000080031f70 0x000000000000009c
core   0: 0x000000008000f45e (0x00008712) c.mv    a4, tp
core   0: 3 0x000000008000f45e (0x8712) x14 0x0000000080012040
core   0: 0x000000008000f460 (0xfe843783) ld      a5, -24(s0)
core   0: 3 0x000000008000f460 (0xfe843783) x15 0x0000000000000000 mem 0x0000000080031f78
core   0: 0x000000008000f464 (0x000097ba) c.add   a5, a4
core   0: 3 0x000000008000f464 (0x97ba) x15 0x0000000080012040
core   0: 0x000000008000f466 (0xfe043603) ld      a2, -32(s0)
core   0: 3 0x000000008000f466 (0xfe043603) x12 0x000000000000009c mem 0x0000000080031f70
core   0: 0x000000008000f46a (0x00004581) c.li    a1, 0
core   0: 3 0x000000008000f46a (0x4581) x11 0x0000000000000000
core   0: 0x000000008000f46c (0x0000853e) c.mv    a0, a5
core   0: 3 0x000000008000f46c (0x853e) x10 0x0000000080012040
core   0: 0x000000008000f46e (0x185000ef) jal     pc + 0x984
core   0: 3 0x000000008000f46e (0x185000ef) x1  0x000000008000f472
core   0: >>>>  memset
core   0: 0x000000008000fdf2 (0x0000715d) c.addi16sp sp, -80
core   0: 3 0x000000008000fdf2 (0x715d) x2  0x0000000080031f20
core   0: 0x000000008000fdf4 (0x0000e4a2) c.sdsp  s0, 72(sp)
core   0: 3 0x000000008000fdf4 (0xe4a2) mem 0x0000000080031f68 0x0000000080031f90
core   0: 0x000000008000fdf6 (0x00000880) c.addi4spn s0, sp, 80
core   0: 3 0x000000008000fdf6 (0x0880) x8  0x0000000080031f70
core   0: 0x000000008000fdf8 (0xfca43423) sd      a0, -56(s0)
core   0: 3 0x000000008000fdf8 (0xfca43423) mem 0x0000000080031f38 0x0000000080012040
core   0: 0x000000008000fdfc (0x000087ae) c.mv    a5, a1
core   0: 3 0x000000008000fdfc (0x87ae) x15 0x0000000000000000
core   0: 0x000000008000fdfe (0xfac43c23) sd      a2, -72(s0)
core   0: 3 0x000000008000fdfe (0xfac43c23) mem 0x0000000080031f28 0x000000000000009c
core   0: 0x000000008000fe02 (0xfcf42223) sw      a5, -60(s0)
core   0: 3 0x000000008000fe02 (0xfcf42223) mem 0x0000000080031f34 0x00000000
core   0: 0x000000008000fe06 (0xfc843703) ld      a4, -56(s0)
core   0: 3 0x000000008000fe06 (0xfc843703) x14 0x0000000080012040 mem 0x0000000080031f38
core   0: 0x000000008000fe0a (0xfb843783) ld      a5, -72(s0)
core   0: 3 0x000000008000fe0a (0xfb843783) x15 0x000000000000009c mem 0x0000000080031f28
core   0: 0x000000008000fe0e (0x00008fd9) c.or    a5, a4
core   0: 3 0x000000008000fe0e (0x8fd9) x15 0x00000000800120dc
core   0: 0x000000008000fe10 (0x00008b9d) c.andi  a5, 7
core   0: 3 0x000000008000fe10 (0x8b9d) x15 0x0000000000000004
core   0: 0x000000008000fe12 (0x0000e7bd) c.bnez  a5, pc + 110
core   0: 3 0x000000008000fe12 (0xe7bd)
core   0: 0x000000008000fe80 (0xfc843783) ld      a5, -56(s0)
core   0: 3 0x000000008000fe80 (0xfc843783) x15 0x0000000080012040 mem 0x0000000080031f38
core   0: 0x000000008000fe84 (0xfef43023) sd      a5, -32(s0)
core   0: 3 0x000000008000fe84 (0xfef43023) mem 0x0000000080031f50 0x0000000080012040
core   0: 0x000000008000fe88 (0x0000a829) c.j     pc + 26
core   0: 3 0x000000008000fe88 (0xa829)
core   0: 0x000000008000fea2 (0xfc843703) ld      a4, -56(s0)
core   0: 3 0x000000008000fea2 (0xfc843703) x14 0x0000000080012040 mem 0x0000000080031f38
core   0: 0x000000008000fea6 (0xfb843783) ld      a5, -72(s0)
core   0: 3 0x000000008000fea6 (0xfb843783) x15 0x000000000000009c mem 0x0000000080031f28
core   0: 0x000000008000feaa (0x000097ba) c.add   a5, a4
core   0: 3 0x000000008000feaa (0x97ba) x15 0x00000000800120dc
core   0: 0x000000008000feac (0xfe043703) ld      a4, -32(s0)
core   0: 3 0x000000008000feac (0xfe043703) x14 0x0000000080012040 mem 0x0000000080031f50
core   0: 0x000000008000feb0 (0xfcf76de3) bltu    a4, a5, pc - 38
core   0: 3 0x000000008000feb0 (0xfcf76de3)
core   0: 0x000000008000fe8a (0xfe043783) ld      a5, -32(s0)
core   0: 3 0x000000008000fe8a (0xfe043783) x15 0x0000000080012040 mem 0x0000000080031f50
core   0: 0x000000008000fe8e (0x00178713) addi    a4, a5, 1
core   0: 3 0x000000008000fe8e (0x00178713) x14 0x0000000080012041
core   0: 0x000000008000fe92 (0xfee43023) sd      a4, -32(s0)
core   0: 3 0x000000008000fe92 (0xfee43023) mem 0x0000000080031f50 0x0000000080012041
core   0: 0x000000008000fe96 (0xfc442703) lw      a4, -60(s0)
core   0: 3 0x000000008000fe96 (0xfc442703) x14 0x0000000000000000 mem 0x0000000080031f34
core   0: 0x000000008000fe9a (0x0ff77713) andi    a4, a4, 255
core   0: 3 0x000000008000fe9a (0x0ff77713) x14 0x0000000000000000
core   0: 0x000000008000fe9e (0x00e78023) sb      a4, 0(a5)
core   0: 3 0x000000008000fe9e (0x00e78023) mem 0x0000000080012040 0x00
core   0: 0x000000008000fea2 (0xfc843703) ld      a4, -56(s0)
core   0: 3 0x000000008000fea2 (0xfc843703) x14 0x0000000080012040 mem 0x0000000080031f38
core   0: 0x000000008000fea6 (0xfb843783) ld      a5, -72(s0)
core   0: 3 0x000000008000fea6 (0xfb843783) x15 0x000000000000009c mem 0x0000000080031f28
core   0: 0x000000008000feaa (0x000097ba) c.add   a5, a4
core   0: 3 0x000000008000feaa (0x97ba) x15 0x00000000800120dc
core   0: 0x000000008000feac (0xfe043703) ld      a4, -32(s0)
core   0: 3 0x000000008000feac (0xfe043703) x14 0x0000000080012041 mem 0x0000000080031f50
core   0: 0x000000008000feb0 (0xfcf76de3) bltu    a4, a5, pc - 38
core   0: 3 0x000000008000feb0 (0xfcf76de3)
core   0: 0x000000008000fe8a (0xfe043783) ld      a5, -32(s0)
core   0: 3 0x000000008000fe8a (0xfe043783) x15 0x0000000080012041 mem 0x0000000080031f50
core   0: 0x000000008000fe8e (0x00178713) addi    a4, a5, 1
core   0: 3 0x000000008000fe8e (0x00178713) x14 0x0000000080012042
core   0: 0x000000008000fe92 (0xfee43023) sd      a4, -32(s0)
core   0: 3 0x000000008000fe92 (0xfee43023) mem 0x0000000080031f50 0x0000000080012042
core   0: 0x000000008000fe96 (0xfc442703) lw      a4, -60(s0)
core   0: 3 0x000000008000fe96 (0xfc442703) x14 0x0000000000000000 mem 0x0000000080031f34
core   0: 0x000000008000fe9a (0x0ff77713) andi    a4, a4, 255
core   0: 3 0x000000008000fe9a (0x0ff77713) x14 0x0000000000000000
core   0: 0x000000008000fe9e (0x00e78023) sb      a4, 0(a5)
core   0: 3 0x000000008000fe9e (0x00e78023) mem 0x0000000080012041 0x00
core   0: 0x000000008000fea2 (0xfc843703) ld      a4, -56(s0)
core   0: 3 0x000000008000fea2 (0xfc843703) x14 0x0000000080012040 mem 0x0000000080031f38
core   0: 0x000000008000fea6 (0xfb843783) ld      a5, -72(s0)
core   0: 3 0x000000008000fea6 (0xfb843783) x15 0x000000000000009c mem 0x0000000080031f28
core   0: 0x000000008000feaa (0x000097ba) c.add   a5, a4
core   0: 3 0x000000008000feaa (0x97ba) x15 0x00000000800120dc
core   0: 0x000000008000feac (0xfe043703) ld      a4, -32(s0)
core   0: 3 0x000000008000feac (0xfe043703) x14 0x0000000080012042 mem 0x0000000080031f50
core   0: 0x000000008000feb0 (0xfcf76de3) bltu    a4, a5, pc - 38
core   0: 3 0x000000008000feb0 (0xfcf76de3)
core   0: 0x000000008000fe8a (0xfe043783) ld      a5, -32(s0)
core   0: 3 0x000000008000fe8a (0xfe043783) x15 0x0000000080012042 mem 0x0000000080031f50
core   0: 0x000000008000fe8e (0x00178713) addi    a4, a5, 1
core   0: 3 0x000000008000fe8e (0x00178713) x14 0x0000000080012043
core   0: 0x000000008000fe92 (0xfee43023) sd      a4, -32(s0)
core   0: 3 0x000000008000fe92 (0xfee43023) mem 0x0000000080031f50 0x0000000080012043
core   0: 0x000000008000fe96 (0xfc442703) lw      a4, -60(s0)
core   0: 3 0x000000008000fe96 (0xfc442703) x14 0x0000000000000000 mem 0x0000000080031f34
core   0: 0x000000008000fe9a (0x0ff77713) andi    a4, a4, 255
core   0: 3 0x000000008000fe9a (0x0ff77713) x14 0x0000000000000000
core   0: 0x000000008000fe9e (0x00e78023) sb      a4, 0(a5)
core   0: 3 0x000000008000fe9e (0x00e78023) mem 0x0000000080012042 0x00
core   0: 0x000000008000fea2 (0xfc843703) ld      a4, -56(s0)
core   0: 3 0x000000008000fea2 (0xfc843703) x14 0x0000000080012040 mem 0x0000000080031f38
core   0: 0x000000008000fea6 (0xfb843783) ld      a5, -72(s0)
core   0: 3 0x000000008000fea6 (0xfb843783) x15 0x000000000000009c mem 0x0000000080031f28
core   0: 0x000000008000feaa (0x000097ba) c.add   a5, a4
core   0: 3 0x000000008000feaa (0x97ba) x15 0x00000000800120dc
core   0: 0x000000008000feac (0xfe043703) ld      a4, -32(s0)
core   0: 3 0x000000008000feac (0xfe043703) x14 0x0000000080012043 mem 0x0000000080031f50
core   0: 0x000000008000feb0 (0xfcf76de3) bltu    a4, a5, pc - 38
core   0: 3 0x000000008000feb0 (0xfcf76de3)
core   0: 0x000000008000fe8a (0xfe043783) ld      a5, -32(s0)
core   0: 3 0x000000008000fe8a (0xfe043783) x15 0x0000000080012043 mem 0x0000000080031f50
core   0: 0x000000008000fe8e (0x00178713) addi    a4, a5, 1
core   0: 3 0x000000008000fe8e (0x00178713) x14 0x0000000080012044
core   0: 0x000000008000fe92 (0xfee43023) sd      a4, -32(s0)
core   0: 3 0x000000008000fe92 (0xfee43023) mem 0x0000000080031f50 0x0000000080012044
core   0: 0x000000008000fe96 (0xfc442703) lw      a4, -60(s0)
core   0: 3 0x000000008000fe96 (0xfc442703) x14 0x0000000000000000 mem 0x0000000080031f34
core   0: 0x000000008000fe9a (0x0ff77713) andi    a4, a4, 255
core   0: 3 0x000000008000fe9a (0x0ff77713) x14 0x0000000000000000
core   0: 0x000000008000fe9e (0x00e78023) sb      a4, 0(a5)
core   0: 3 0x000000008000fe9e (0x00e78023) mem 0x0000000080012043 0x00
core   0: 0x000000008000fea2 (0xfc843703) ld      a4, -56(s0)
core   0: 3 0x000000008000fea2 (0xfc843703) x14 0x0000000080012040 mem 0x0000000080031f38
core   0: 0x000000008000fea6 (0xfb843783) ld      a5, -72(s0)
core   0: 3 0x000000008000fea6 (0xfb843783) x15 0x000000000000009c mem 0x0000000080031f28
core   0: 0x000000008000feaa (0x000097ba) c.add   a5, a4
core   0: 3 0x000000008000feaa (0x97ba) x15 0x00000000800120dc
core   0: 0x000000008000feac (0xfe043703) ld      a4, -32(s0)
core   0: 3 0x000000008000feac (0xfe043703) x14 0x0000000080012044 mem 0x0000000080031f50
core   0: 0x000000008000feb0 (0xfcf76de3) bltu    a4, a5, pc - 38
core   0: 3 0x000000008000feb0 (0xfcf76de3)
core   0: 0x000000008000fe8a (0xfe043783) ld      a5, -32(s0)
core   0: 3 0x000000008000fe8a (0xfe043783) x15 0x0000000080012044 mem 0x0000000080031f50
core   0: 0x000000008000fe8e (0x00178713) addi    a4, a5, 1
core   0: 3 0x000000008000fe8e (0x00178713) x14 0x0000000080012045
core   0: 0x000000008000fe92 (0xfee43023) sd      a4, -32(s0)
core   0: 3 0x000000008000fe92 (0xfee43023) mem 0x0000000080031f50 0x0000000080012045
core   0: 0x000000008000fe96 (0xfc442703) lw      a4, -60(s0)
core   0: 3 0x000000008000fe96 (0xfc442703) x14 0x0000000000000000 mem 0x0000000080031f34
core   0: 0x000000008000fe9a (0x0ff77713) andi    a4, a4, 255
core   0: 3 0x000000008000fe9a (0x0ff77713) x14 0x0000000000000000
core   0: 0x000000008000fe9e (0x00e78023) sb      a4, 0(a5)
core   0: 3 0x000000008000fe9e (0x00e78023) mem 0x0000000080012044 0x00
core   0: 0x000000008000fea2 (0xfc843703) ld      a4, -56(s0)
core   0: 3 0x000000008000fea2 (0xfc843703) x14 0x0000000080012040 mem 0x0000000080031f38
core   0: 0x000000008000fea6 (0xfb843783) ld      a5, -72(s0)
core   0: 3 0x000000008000fea6 (0xfb843783) x15 0x000000000000009c mem 0x0000000080031f28
core   0: 0x000000008000feaa (0x000097ba) c.add   a5, a4
core   0: 3 0x000000008000feaa (0x97ba) x15 0x00000000800120dc
core   0: 0x000000008000feac (0xfe043703) ld      a4, -32(s0)
core   0: 3 0x000000008000feac (0xfe043703) x14 0x0000000080012045 mem 0x0000000080031f50
core   0: 0x000000008000feb0 (0xfcf76de3) bltu    a4, a5, pc - 38
core   0: 3 0x000000008000feb0 (0xfcf76de3)
core   0: 0x000000008000fe8a (0xfe043783) ld      a5, -32(s0)
core   0: 3 0x000000008000fe8a (0xfe043783) x15 0x0000000080012045 mem 0x0000000080031f50
core   0: 0x000000008000fe8e (0x00178713) addi    a4, a5, 1
core   0: 3 0x000000008000fe8e (0x00178713) x14 0x0000000080012046
core   0: 0x000000008000fe92 (0xfee43023) sd      a4, -32(s0)
core   0: 3 0x000000008000fe92 (0xfee43023) mem 0x0000000080031f50 0x0000000080012046
core   0: 0x000000008000fe96 (0xfc442703) lw      a4, -60(s0)
core   0: 3 0x000000008000fe96 (0xfc442703) x14 0x0000000000000000 mem 0x0000000080031f34
core   0: 0x000000008000fe9a (0x0ff77713) andi    a4, a4, 255
core   0: 3 0x000000008000fe9a (0x0ff77713) x14 0x0000000000000000
core   0: 0x000000008000fe9e (0x00e78023) sb      a4, 0(a5)
core   0: 3 0x000000008000fe9e (0x00e78023) mem 0x0000000080012045 0x00
core   0: 0x000000008000fea2 (0xfc843703) ld      a4, -56(s0)
core   0: 3 0x000000008000fea2 (0xfc843703) x14 0x0000000080012040 mem 0x0000000080031f38
core   0: 0x000000008000fea6 (0xfb843783) ld      a5, -72(s0)
core   0: 3 0x000000008000fea6 (0xfb843783) x15 0x000000000000009c mem 0x0000000080031f28
core   0: 0x000000008000feaa (0x000097ba) c.add   a5, a4
core   0: 3 0x000000008000feaa (0x97ba) x15 0x00000000800120dc
core   0: 0x000000008000feac (0xfe043703) ld      a4, -32(s0)
core   0: 3 0x000000008000feac (0xfe043703) x14 0x0000000080012046 mem 0x0000000080031f50
core   0: 0x000000008000feb0 (0xfcf76de3) bltu    a4, a5, pc - 38
core   0: 3 0x000000008000feb0 (0xfcf76de3)
core   0: 0x000000008000fe8a (0xfe043783) ld      a5, -32(s0)
core   0: 3 0x000000008000fe8a (0xfe043783) x15 0x0000000080012046 mem 0x0000000080031f50
core   0: 0x000000008000fe8e (0x00178713) addi    a4, a5, 1
core   0: 3 0x000000008000fe8e (0x00178713) x14 0x0000000080012047
core   0: 0x000000008000fe92 (0xfee43023) sd      a4, -32(s0)
core   0: 3 0x000000008000fe92 (0xfee43023) mem 0x0000000080031f50 0x0000000080012047
core   0: 0x000000008000fe96 (0xfc442703) lw      a4, -60(s0)
core   0: 3 0x000000008000fe96 (0xfc442703) x14 0x0000000000000000 mem 0x0000000080031f34
core   0: 0x000000008000fe9a (0x0ff77713) andi    a4, a4, 255
core   0: 3 0x000000008000fe9a (0x0ff77713) x14 0x0000000000000000
core   0: 0x000000008000fe9e (0x00e78023) sb      a4, 0(a5)
core   0: 3 0x000000008000fe9e (0x00e78023) mem 0x0000000080012046 0x00
core   0: 0x000000008000fea2 (0xfc843703) ld      a4, -56(s0)
core   0: 3 0x000000008000fea2 (0xfc843703) x14 0x0000000080012040 mem 0x0000000080031f38
core   0: 0x000000008000fea6 (0xfb843783) ld      a5, -72(s0)
core   0: 3 0x000000008000fea6 (0xfb843783) x15 0x000000000000009c mem 0x0000000080031f28
core   0: 0x000000008000feaa (0x000097ba) c.add   a5, a4
core   0: 3 0x000000008000feaa (0x97ba) x15 0x00000000800120dc
core   0: 0x000000008000feac (0xfe043703) ld      a4, -32(s0)
core   0: 3 0x000000008000feac (0xfe043703) x14 0x0000000080012047 mem 0x0000000080031f50
core   0: 0x000000008000feb0 (0xfcf76de3) bltu    a4, a5, pc - 38
core   0: 3 0x000000008000feb0 (0xfcf76de3)
core   0: 0x000000008000fe8a (0xfe043783) ld      a5, -32(s0)
core   0: 3 0x000000008000fe8a (0xfe043783) x15 0x0000000080012047 mem 0x0000000080031f50
core   0: 0x000000008000fe8e (0x00178713) addi    a4, a5, 1
core   0: 3 0x000000008000fe8e (0x00178713) x14 0x0000000080012048
core   0: 0x000000008000fe92 (0xfee43023) sd      a4, -32(s0)
core   0: 3 0x000000008000fe92 (0xfee43023) mem 0x0000000080031f50 0x0000000080012048
core   0: 0x000000008000fe96 (0xfc442703) lw      a4, -60(s0)
core   0: 3 0x000000008000fe96 (0xfc442703) x14 0x0000000000000000 mem 0x0000000080031f34
core   0: 0x000000008000fe9a (0x0ff77713) andi    a4, a4, 255
core   0: 3 0x000000008000fe9a (0x0ff77713) x14 0x0000000000000000
core   0: 0x000000008000fe9e (0x00e78023) sb      a4, 0(a5)
core   0: 3 0x000000008000fe9e (0x00e78023) mem 0x0000000080012047 0x00
core   0: 0x000000008000fea2 (0xfc843703) ld      a4, -56(s0)
core   0: 3 0x000000008000fea2 (0xfc843703) x14 0x0000000080012040 mem 0x0000000080031f38
core   0: 0x000000008000fea6 (0xfb843783) ld      a5, -72(s0)
core   0: 3 0x000000008000fea6 (0xfb843783) x15 0x000000000000009c mem 0x0000000080031f28
core   0: 0x000000008000feaa (0x000097ba) c.add   a5, a4
core   0: 3 0x000000008000feaa (0x97ba) x15 0x00000000800120dc
core   0: 0x000000008000feac (0xfe043703) ld      a4, -32(s0)
core   0: 3 0x000000008000feac (0xfe043703) x14 0x0000000080012048 mem 0x0000000080031f50
core   0: 0x000000008000feb0 (0xfcf76de3) bltu    a4, a5, pc - 38
core   0: 3 0x000000008000feb0 (0xfcf76de3)
core   0: 0x000000008000fe8a (0xfe043783) ld      a5, -32(s0)
core   0: 3 0x000000008000fe8a (0xfe043783) x15 0x0000000080012048 mem 0x0000000080031f50
core   0: 0x000000008000fe8e (0x00178713) addi    a4, a5, 1
core   0: 3 0x000000008000fe8e (0x00178713) x14 0x0000000080012049
core   0: 0x000000008000fe92 (0xfee43023) sd      a4, -32(s0)
core   0: 3 0x000000008000fe92 (0xfee43023) mem 0x0000000080031f50 0x0000000080012049
core   0: 0x000000008000fe96 (0xfc442703) lw      a4, -60(s0)
core   0: 3 0x000000008000fe96 (0xfc442703) x14 0x0000000000000000 mem 0x0000000080031f34
core   0: 0x000000008000fe9a (0x0ff77713) andi    a4, a4, 255
core   0: 3 0x000000008000fe9a (0x0ff77713) x14 0x0000000000000000
core   0: 0x000000008000fe9e (0x00e78023) sb      a4, 0(a5)
core   0: 3 0x000000008000fe9e (0x00e78023) mem 0x0000000080012048 0x00
core   0: 0x000000008000fea2 (0xfc843703) ld      a4, -56(s0)
core   0: 3 0x000000008000fea2 (0xfc843703) x14 0x0000000080012040 mem 0x0000000080031f38
core   0: 0x000000008000fea6 (0xfb843783) ld      a5, -72(s0)
core   0: 3 0x000000008000fea6 (0xfb843783) x15 0x000000000000009c mem 0x0000000080031f28
core   0: 0x000000008000feaa (0x000097ba) c.add   a5, a4
core   0: 3 0x000000008000feaa (0x97ba) x15 0x00000000800120dc
core   0: 0x000000008000feac (0xfe043703) ld      a4, -32(s0)
core   0: 3 0x000000008000feac (0xfe043703) x14 0x0000000080012049 mem 0x0000000080031f50
core   0: 0x000000008000feb0 (0xfcf76de3) bltu    a4, a5, pc - 38
core   0: 3 0x000000008000feb0 (0xfcf76de3)
core   0: 0x000000008000fe8a (0xfe043783) ld      a5, -32(s0)
core   0: 3 0x000000008000fe8a (0xfe043783) x15 0x0000000080012049 mem 0x0000000080031f50
core   0: 0x000000008000fe8e (0x00178713) addi    a4, a5, 1
core   0: 3 0x000000008000fe8e (0x00178713) x14 0x000000008001204a
core   0: 0x000000008000fe92 (0xfee43023) sd      a4, -32(s0)
core   0: 3 0x000000008000fe92 (0xfee43023) mem 0x0000000080031f50 0x000000008001204a
core   0: 0x000000008000fe96 (0xfc442703) lw      a4, -60(s0)
core   0: 3 0x000000008000fe96 (0xfc442703) x14 0x0000000000000000 mem 0x0000000080031f34
core   0: 0x000000008000fe9a (0x0ff77713) andi    a4, a4, 255
core   0: 3 0x000000008000fe9a (0x0ff77713) x14 0x0000000000000000
core   0: 0x000000008000fe9e (0x00e78023) sb      a4, 0(a5)
core   0: 3 0x000000008000fe9e (0x00e78023) mem 0x0000000080012049 0x00
core   0: 0x000000008000fea2 (0xfc843703) ld      a4, -56(s0)
core   0: 3 0x000000008000fea2 (0xfc843703) x14 0x0000000080012040 mem 0x0000000080031f38
core   0: 0x000000008000fea6 (0xfb843783) ld      a5, -72(s0)
core   0: 3 0x000000008000fea6 (0xfb843783) x15 0x000000000000009c mem 0x0000000080031f28
core   0: 0x000000008000feaa (0x000097ba) c.add   a5, a4
core   0: 3 0x000000008000feaa (0x97ba) x15 0x00000000800120dc
core   0: 0x000000008000feac (0xfe043703) ld      a4, -32(s0)
core   0: 3 0x000000008000feac (0xfe043703) x14 0x000000008001204a mem 0x0000000080031f50
core   0: 0x000000008000feb0 (0xfcf76de3) bltu    a4, a5, pc - 38
core   0: 3 0x000000008000feb0 (0xfcf76de3)
core   0: 0x000000008000fe8a (0xfe043783) ld      a5, -32(s0)
core   0: 3 0x000000008000fe8a (0xfe043783) x15 0x000000008001204a mem 0x0000000080031f50
core   0: 0x000000008000fe8e (0x00178713) addi    a4, a5, 1
core   0: 3 0x000000008000fe8e (0x00178713) x14 0x000000008001204b
core   0: 0x000000008000fe92 (0xfee43023) sd      a4, -32(s0)
core   0: 3 0x000000008000fe92 (0xfee43023) mem 0x0000000080031f50 0x000000008001204b
core   0: 0x000000008000fe96 (0xfc442703) lw      a4, -60(s0)
core   0: 3 0x000000008000fe96 (0xfc442703) x14 0x0000000000000000 mem 0x0000000080031f34
core   0: 0x000000008000fe9a (0x0ff77713) andi    a4, a4, 255
core   0: 3 0x000000008000fe9a (0x0ff77713) x14 0x0000000000000000
core   0: 0x000000008000fe9e (0x00e78023) sb      a4, 0(a5)
core   0: 3 0x000000008000fe9e (0x00e78023) mem 0x000000008001204a 0x00
core   0: 0x000000008000fea2 (0xfc843703) ld      a4, -56(s0)
core   0: 3 0x000000008000fea2 (0xfc843703) x14 0x0000000080012040 mem 0x0000000080031f38
core   0: 0x000000008000fea6 (0xfb843783) ld      a5, -72(s0)
core   0: 3 0x000000008000fea6 (0xfb843783) x15 0x000000000000009c mem 0x0000000080031f28
core   0: 0x000000008000feaa (0x000097ba) c.add   a5, a4
core   0: 3 0x000000008000feaa (0x97ba) x15 0x00000000800120dc
core   0: 0x000000008000feac (0xfe043703) ld      a4, -32(s0)
core   0: 3 0x000000008000feac (0xfe043703) x14 0x000000008001204b mem 0x0000000080031f50
core   0: 0x000000008000feb0 (0xfcf76de3) bltu    a4, a5, pc - 38
core   0: 3 0x000000008000feb0 (0xfcf76de3)
core   0: 0x000000008000fe8a (0xfe043783) ld      a5, -32(s0)
core   0: 3 0x000000008000fe8a (0xfe043783) x15 0x000000008001204b mem 0x0000000080031f50
core   0: 0x000000008000fe8e (0x00178713) addi    a4, a5, 1
core   0: 3 0x000000008000fe8e (0x00178713) x14 0x000000008001204c
core   0: 0x000000008000fe92 (0xfee43023) sd      a4, -32(s0)
core   0: 3 0x000000008000fe92 (0xfee43023) mem 0x0000000080031f50 0x000000008001204c
core   0: 0x000000008000fe96 (0xfc442703) lw      a4, -60(s0)
core   0: 3 0x000000008000fe96 (0xfc442703) x14 0x0000000000000000 mem 0x0000000080031f34
core   0: 0x000000008000fe9a (0x0ff77713) andi    a4, a4, 255
core   0: 3 0x000000008000fe9a (0x0ff77713) x14 0x0000000000000000
core   0: 0x000000008000fe9e (0x00e78023) sb      a4, 0(a5)
core   0: 3 0x000000008000fe9e (0x00e78023) mem 0x000000008001204b 0x00
core   0: 0x000000008000fea2 (0xfc843703) ld      a4, -56(s0)
core   0: 3 0x000000008000fea2 (0xfc843703) x14 0x0000000080012040 mem 0x0000000080031f38
core   0: 0x000000008000fea6 (0xfb843783) ld      a5, -72(s0)
core   0: 3 0x000000008000fea6 (0xfb843783) x15 0x000000000000009c mem 0x0000000080031f28
core   0: 0x000000008000feaa (0x000097ba) c.add   a5, a4
core   0: 3 0x000000008000feaa (0x97ba) x15 0x00000000800120dc
core   0: 0x000000008000feac (0xfe043703) ld      a4, -32(s0)
core   0: 3 0x000000008000feac (0xfe043703) x14 0x000000008001204c mem 0x0000000080031f50
core   0: 0x000000008000feb0 (0xfcf76de3) bltu    a4, a5, pc - 38
core   0: 3 0x000000008000feb0 (0xfcf76de3)
core   0: 0x000000008000fe8a (0xfe043783) ld      a5, -32(s0)
core   0: 3 0x000000008000fe8a (0xfe043783) x15 0x000000008001204c mem 0x0000000080031f50
core   0: 0x000000008000fe8e (0x00178713) addi    a4, a5, 1
core   0: 3 0x000000008000fe8e (0x00178713) x14 0x000000008001204d
core   0: 0x000000008000fe92 (0xfee43023) sd      a4, -32(s0)
core   0: 3 0x000000008000fe92 (0xfee43023) mem 0x0000000080031f50 0x000000008001204d
core   0: 0x000000008000fe96 (0xfc442703) lw      a4, -60(s0)
core   0: 3 0x000000008000fe96 (0xfc442703) x14 0x0000000000000000 mem 0x0000000080031f34
core   0: 0x000000008000fe9a (0x0ff77713) andi    a4, a4, 255
core   0: 3 0x000000008000fe9a (0x0ff77713) x14 0x0000000000000000
core   0: 0x000000008000fe9e (0x00e78023) sb      a4, 0(a5)
core   0: 3 0x000000008000fe9e (0x00e78023) mem 0x000000008001204c 0x00
core   0: 0x000000008000fea2 (0xfc843703) ld      a4, -56(s0)
core   0: 3 0x000000008000fea2 (0xfc843703) x14 0x0000000080012040 mem 0x0000000080031f38
core   0: 0x000000008000fea6 (0xfb843783) ld      a5, -72(s0)
core   0: 3 0x000000008000fea6 (0xfb843783) x15 0x000000000000009c mem 0x0000000080031f28
core   0: 0x000000008000feaa (0x000097ba) c.add   a5, a4
core   0: 3 0x000000008000feaa (0x97ba) x15 0x00000000800120dc
core   0: 0x000000008000feac (0xfe043703) ld      a4, -32(s0)
core   0: 3 0x000000008000feac (0xfe043703) x14 0x000000008001204d mem 0x0000000080031f50
core   0: 0x000000008000feb0 (0xfcf76de3) bltu    a4, a5, pc - 38
core   0: 3 0x000000008000feb0 (0xfcf76de3)
core   0: 0x000000008000fe8a (0xfe043783) ld      a5, -32(s0)
core   0: 3 0x000000008000fe8a (0xfe043783) x15 0x000000008001204d mem 0x0000000080031f50
core   0: 0x000000008000fe8e (0x00178713) addi    a4, a5, 1
core   0: 3 0x000000008000fe8e (0x00178713) x14 0x000000008001204e
core   0: 0x000000008000fe92 (0xfee43023) sd      a4, -32(s0)
core   0: 3 0x000000008000fe92 (0xfee43023) mem 0x0000000080031f50 0x000000008001204e
core   0: 0x000000008000fe96 (0xfc442703) lw      a4, -60(s0)
core   0: 3 0x000000008000fe96 (0xfc442703) x14 0x0000000000000000 mem 0x0000000080031f34
core   0: 0x000000008000fe9a (0x0ff77713) andi    a4, a4, 255
core   0: 3 0x000000008000fe9a (0x0ff77713) x14 0x0000000000000000
core   0: 0x000000008000fe9e (0x00e78023) sb      a4, 0(a5)
core   0: 3 0x000000008000fe9e (0x00e78023) mem 0x000000008001204d 0x00
core   0: 0x000000008000fea2 (0xfc843703) ld      a4, -56(s0)
core   0: 3 0x000000008000fea2 (0xfc843703) x14 0x0000000080012040 mem 0x0000000080031f38
core   0: 0x000000008000fea6 (0xfb843783) ld      a5, -72(s0)
core   0: 3 0x000000008000fea6 (0xfb843783) x15 0x000000000000009c mem 0x0000000080031f28
core   0: 0x000000008000feaa (0x000097ba) c.add   a5, a4
core   0: 3 0x000000008000feaa (0x97ba) x15 0x00000000800120dc
core   0: 0x000000008000feac (0xfe043703) ld      a4, -32(s0)
core   0: 3 0x000000008000feac (0xfe043703) x14 0x000000008001204e mem 0x0000000080031f50
core   0: 0x000000008000feb0 (0xfcf76de3) bltu    a4, a5, pc - 38
core   0: 3 0x000000008000feb0 (0xfcf76de3)
core   0: 0x000000008000fe8a (0xfe043783) ld      a5, -32(s0)
core   0: 3 0x000000008000fe8a (0xfe043783) x15 0x000000008001204e mem 0x0000000080031f50
core   0: 0x000000008000fe8e (0x00178713) addi    a4, a5, 1
core   0: 3 0x000000008000fe8e (0x00178713) x14 0x000000008001204f
core   0: 0x000000008000fe92 (0xfee43023) sd      a4, -32(s0)
core   0: 3 0x000000008000fe92 (0xfee43023) mem 0x0000000080031f50 0x000000008001204f
core   0: 0x000000008000fe96 (0xfc442703) lw      a4, -60(s0)
core   0: 3 0x000000008000fe96 (0xfc442703) x14 0x0000000000000000 mem 0x0000000080031f34
core   0: 0x000000008000fe9a (0x0ff77713) andi    a4, a4, 255
core   0: 3 0x000000008000fe9a (0x0ff77713) x14 0x0000000000000000
core   0: 0x000000008000fe9e (0x00e78023) sb      a4, 0(a5)
core   0: 3 0x000000008000fe9e (0x00e78023) mem 0x000000008001204e 0x00
core   0: 0x000000008000fea2 (0xfc843703) ld      a4, -56(s0)
core   0: 3 0x000000008000fea2 (0xfc843703) x14 0x0000000080012040 mem 0x0000000080031f38
core   0: 0x000000008000fea6 (0xfb843783) ld      a5, -72(s0)
core   0: 3 0x000000008000fea6 (0xfb843783) x15 0x000000000000009c mem 0x0000000080031f28
core   0: 0x000000008000feaa (0x000097ba) c.add   a5, a4
core   0: 3 0x000000008000feaa (0x97ba) x15 0x00000000800120dc
core   0: 0x000000008000feac (0xfe043703) ld      a4, -32(s0)
core   0: 3 0x000000008000feac (0xfe043703) x14 0x000000008001204f mem 0x0000000080031f50
core   0: 0x000000008000feb0 (0xfcf76de3) bltu    a4, a5, pc - 38
core   0: 3 0x000000008000feb0 (0xfcf76de3)
core   0: 0x000000008000fe8a (0xfe043783) ld      a5, -32(s0)
core   0: 3 0x000000008000fe8a (0xfe043783) x15 0x000000008001204f mem 0x0000000080031f50
core   0: 0x000000008000fe8e (0x00178713) addi    a4, a5, 1
core   0: 3 0x000000008000fe8e (0x00178713) x14 0x0000000080012050
core   0: 0x000000008000fe92 (0xfee43023) sd      a4, -32(s0)
core   0: 3 0x000000008000fe92 (0xfee43023) mem 0x0000000080031f50 0x0000000080012050
core   0: 0x000000008000fe96 (0xfc442703) lw      a4, -60(s0)
core   0: 3 0x000000008000fe96 (0xfc442703) x14 0x0000000000000000 mem 0x0000000080031f34
core   0: 0x000000008000fe9a (0x0ff77713) andi    a4, a4, 255
core   0: 3 0x000000008000fe9a (0x0ff77713) x14 0x0000000000000000
core   0: 0x000000008000fe9e (0x00e78023) sb      a4, 0(a5)
core   0: 3 0x000000008000fe9e (0x00e78023) mem 0x000000008001204f 0x00
core   0: 0x000000008000fea2 (0xfc843703) ld      a4, -56(s0)
core   0: 3 0x000000008000fea2 (0xfc843703) x14 0x0000000080012040 mem 0x0000000080031f38
core   0: 0x000000008000fea6 (0xfb843783) ld      a5, -72(s0)
core   0: 3 0x000000008000fea6 (0xfb843783) x15 0x000000000000009c mem 0x0000000080031f28
core   0: 0x000000008000feaa (0x000097ba) c.add   a5, a4
core   0: 3 0x000000008000feaa (0x97ba) x15 0x00000000800120dc
core   0: 0x000000008000feac (0xfe043703) ld      a4, -32(s0)
core   0: 3 0x000000008000feac (0xfe043703) x14 0x0000000080012050 mem 0x0000000080031f50
core   0: 0x000000008000feb0 (0xfcf76de3) bltu    a4, a5, pc - 38
core   0: 3 0x000000008000feb0 (0xfcf76de3)
core   0: 0x000000008000fe8a (0xfe043783) ld      a5, -32(s0)
core   0: 3 0x000000008000fe8a (0xfe043783) x15 0x0000000080012050 mem 0x0000000080031f50
core   0: 0x000000008000fe8e (0x00178713) addi    a4, a5, 1
core   0: 3 0x000000008000fe8e (0x00178713) x14 0x0000000080012051
core   0: 0x000000008000fe92 (0xfee43023) sd      a4, -32(s0)
core   0: 3 0x000000008000fe92 (0xfee43023) mem 0x0000000080031f50 0x0000000080012051
core   0: 0x000000008000fe96 (0xfc442703) lw      a4, -60(s0)
core   0: 3 0x000000008000fe96 (0xfc442703) x14 0x0000000000000000 mem 0x0000000080031f34
core   0: 0x000000008000fe9a (0x0ff77713) andi    a4, a4, 255
core   0: 3 0x000000008000fe9a (0x0ff77713) x14 0x0000000000000000
core   0: 0x000000008000fe9e (0x00e78023) sb      a4, 0(a5)
core   0: 3 0x000000008000fe9e (0x00e78023) mem 0x0000000080012050 0x00
core   0: 0x000000008000fea2 (0xfc843703) ld      a4, -56(s0)
core   0: 3 0x000000008000fea2 (0xfc843703) x14 0x0000000080012040 mem 0x0000000080031f38
core   0: 0x000000008000fea6 (0xfb843783) ld      a5, -72(s0)
core   0: 3 0x000000008000fea6 (0xfb843783) x15 0x000000000000009c mem 0x0000000080031f28
core   0: 0x000000008000feaa (0x000097ba) c.add   a5, a4
core   0: 3 0x000000008000feaa (0x97ba) x15 0x00000000800120dc
core   0: 0x000000008000feac (0xfe043703) ld      a4, -32(s0)
core   0: 3 0x000000008000feac (0xfe043703) x14 0x0000000080012051 mem 0x0000000080031f50
core   0: 0x000000008000feb0 (0xfcf76de3) bltu    a4, a5, pc - 38
core   0: 3 0x000000008000feb0 (0xfcf76de3)
core   0: 0x000000008000fe8a (0xfe043783) ld      a5, -32(s0)
core   0: 3 0x000000008000fe8a (0xfe043783) x15 0x0000000080012051 mem 0x0000000080031f50
core   0: 0x000000008000fe8e (0x00178713) addi    a4, a5, 1
core   0: 3 0x000000008000fe8e (0x00178713) x14 0x0000000080012052
core   0: 0x000000008000fe92 (0xfee43023) sd      a4, -32(s0)
core   0: 3 0x000000008000fe92 (0xfee43023) mem 0x0000000080031f50 0x0000000080012052
core   0: 0x000000008000fe96 (0xfc442703) lw      a4, -60(s0)
core   0: 3 0x000000008000fe96 (0xfc442703) x14 0x0000000000000000 mem 0x0000000080031f34
core   0: 0x000000008000fe9a (0x0ff77713) andi    a4, a4, 255
core   0: 3 0x000000008000fe9a (0x0ff77713) x14 0x0000000000000000
core   0: 0x000000008000fe9e (0x00e78023) sb      a4, 0(a5)
core   0: 3 0x000000008000fe9e (0x00e78023) mem 0x0000000080012051 0x00
core   0: 0x000000008000fea2 (0xfc843703) ld      a4, -56(s0)
core   0: 3 0x000000008000fea2 (0xfc843703) x14 0x0000000080012040 mem 0x0000000080031f38
core   0: 0x000000008000fea6 (0xfb843783) ld      a5, -72(s0)
core   0: 3 0x000000008000fea6 (0xfb843783) x15 0x000000000000009c mem 0x0000000080031f28
core   0: 0x000000008000feaa (0x000097ba) c.add   a5, a4
core   0: 3 0x000000008000feaa (0x97ba) x15 0x00000000800120dc
core   0: 0x000000008000feac (0xfe043703) ld      a4, -32(s0)
core   0: 3 0x000000008000feac (0xfe043703) x14 0x0000000080012052 mem 0x0000000080031f50
core   0: 0x000000008000feb0 (0xfcf76de3) bltu    a4, a5, pc - 38
core   0: 3 0x000000008000feb0 (0xfcf76de3)
core   0: 0x000000008000fe8a (0xfe043783) ld      a5, -32(s0)
core   0: 3 0x000000008000fe8a (0xfe043783) x15 0x0000000080012052 mem 0x0000000080031f50
core   0: 0x000000008000fe8e (0x00178713) addi    a4, a5, 1
core   0: 3 0x000000008000fe8e (0x00178713) x14 0x0000000080012053
core   0: 0x000000008000fe92 (0xfee43023) sd      a4, -32(s0)
core   0: 3 0x000000008000fe92 (0xfee43023) mem 0x0000000080031f50 0x0000000080012053
core   0: 0x000000008000fe96 (0xfc442703) lw      a4, -60(s0)
core   0: 3 0x000000008000fe96 (0xfc442703) x14 0x0000000000000000 mem 0x0000000080031f34
core   0: 0x000000008000fe9a (0x0ff77713) andi    a4, a4, 255
core   0: 3 0x000000008000fe9a (0x0ff77713) x14 0x0000000000000000
core   0: 0x000000008000fe9e (0x00e78023) sb      a4, 0(a5)
core   0: 3 0x000000008000fe9e (0x00e78023) mem 0x0000000080012052 0x00
core   0: 0x000000008000fea2 (0xfc843703) ld      a4, -56(s0)
core   0: 3 0x000000008000fea2 (0xfc843703) x14 0x0000000080012040 mem 0x0000000080031f38
core   0: 0x000000008000fea6 (0xfb843783) ld      a5, -72(s0)
core   0: 3 0x000000008000fea6 (0xfb843783) x15 0x000000000000009c mem 0x0000000080031f28
core   0: 0x000000008000feaa (0x000097ba) c.add   a5, a4
core   0: 3 0x000000008000feaa (0x97ba) x15 0x00000000800120dc
core   0: 0x000000008000feac (0xfe043703) ld      a4, -32(s0)
core   0: 3 0x000000008000feac (0xfe043703) x14 0x0000000080012053 mem 0x0000000080031f50
core   0: 0x000000008000feb0 (0xfcf76de3) bltu    a4, a5, pc - 38
core   0: 3 0x000000008000feb0 (0xfcf76de3)
core   0: 0x000000008000fe8a (0xfe043783) ld      a5, -32(s0)
core   0: 3 0x000000008000fe8a (0xfe043783) x15 0x0000000080012053 mem 0x0000000080031f50
core   0: 0x000000008000fe8e (0x00178713) addi    a4, a5, 1
core   0: 3 0x000000008000fe8e (0x00178713) x14 0x0000000080012054
core   0: 0x000000008000fe92 (0xfee43023) sd      a4, -32(s0)
core   0: 3 0x000000008000fe92 (0xfee43023) mem 0x0000000080031f50 0x0000000080012054
core   0: 0x000000008000fe96 (0xfc442703) lw      a4, -60(s0)
core   0: 3 0x000000008000fe96 (0xfc442703) x14 0x0000000000000000 mem 0x0000000080031f34
core   0: 0x000000008000fe9a (0x0ff77713) andi    a4, a4, 255
core   0: 3 0x000000008000fe9a (0x0ff77713) x14 0x0000000000000000
core   0: 0x000000008000fe9e (0x00e78023) sb      a4, 0(a5)
core   0: 3 0x000000008000fe9e (0x00e78023) mem 0x0000000080012053 0x00
core   0: 0x000000008000fea2 (0xfc843703) ld      a4, -56(s0)
core   0: 3 0x000000008000fea2 (0xfc843703) x14 0x0000000080012040 mem 0x0000000080031f38
core   0: 0x000000008000fea6 (0xfb843783) ld      a5, -72(s0)
core   0: 3 0x000000008000fea6 (0xfb843783) x15 0x000000000000009c mem 0x0000000080031f28
core   0: 0x000000008000feaa (0x000097ba) c.add   a5, a4
core   0: 3 0x000000008000feaa (0x97ba) x15 0x00000000800120dc
core   0: 0x000000008000feac (0xfe043703) ld      a4, -32(s0)
core   0: 3 0x000000008000feac (0xfe043703) x14 0x0000000080012054 mem 0x0000000080031f50
core   0: 0x000000008000feb0 (0xfcf76de3) bltu    a4, a5, pc - 38
core   0: 3 0x000000008000feb0 (0xfcf76de3)
core   0: 0x000000008000fe8a (0xfe043783) ld      a5, -32(s0)
core   0: 3 0x000000008000fe8a (0xfe043783) x15 0x0000000080012054 mem 0x0000000080031f50
core   0: 0x000000008000fe8e (0x00178713) addi    a4, a5, 1
core   0: 3 0x000000008000fe8e (0x00178713) x14 0x0000000080012055
core   0: 0x000000008000fe92 (0xfee43023) sd      a4, -32(s0)
core   0: 3 0x000000008000fe92 (0xfee43023) mem 0x0000000080031f50 0x0000000080012055
core   0: 0x000000008000fe96 (0xfc442703) lw      a4, -60(s0)
core   0: 3 0x000000008000fe96 (0xfc442703) x14 0x0000000000000000 mem 0x0000000080031f34
core   0: 0x000000008000fe9a (0x0ff77713) andi    a4, a4, 255
core   0: 3 0x000000008000fe9a (0x0ff77713) x14 0x0000000000000000
core   0: 0x000000008000fe9e (0x00e78023) sb      a4, 0(a5)
core   0: 3 0x000000008000fe9e (0x00e78023) mem 0x0000000080012054 0x00
core   0: 0x000000008000fea2 (0xfc843703) ld      a4, -56(s0)
core   0: 3 0x000000008000fea2 (0xfc843703) x14 0x0000000080012040 mem 0x0000000080031f38
core   0: 0x000000008000fea6 (0xfb843783) ld      a5, -72(s0)
core   0: 3 0x000000008000fea6 (0xfb843783) x15 0x000000000000009c mem 0x0000000080031f28
core   0: 0x000000008000feaa (0x000097ba) c.add   a5, a4
core   0: 3 0x000000008000feaa (0x97ba) x15 0x00000000800120dc
core   0: 0x000000008000feac (0xfe043703) ld      a4, -32(s0)
core   0: 3 0x000000008000feac (0xfe043703) x14 0x0000000080012055 mem 0x0000000080031f50
core   0: 0x000000008000feb0 (0xfcf76de3) bltu    a4, a5, pc - 38
core   0: 3 0x000000008000feb0 (0xfcf76de3)
core   0: 0x000000008000fe8a (0xfe043783) ld      a5, -32(s0)
core   0: 3 0x000000008000fe8a (0xfe043783) x15 0x0000000080012055 mem 0x0000000080031f50
core   0: 0x000000008000fe8e (0x00178713) addi    a4, a5, 1
core   0: 3 0x000000008000fe8e (0x00178713) x14 0x0000000080012056
core   0: 0x000000008000fe92 (0xfee43023) sd      a4, -32(s0)
core   0: 3 0x000000008000fe92 (0xfee43023) mem 0x0000000080031f50 0x0000000080012056
core   0: 0x000000008000fe96 (0xfc442703) lw      a4, -60(s0)
core   0: 3 0x000000008000fe96 (0xfc442703) x14 0x0000000000000000 mem 0x0000000080031f34
core   0: 0x000000008000fe9a (0x0ff77713) andi    a4, a4, 255
core   0: 3 0x000000008000fe9a (0x0ff77713) x14 0x0000000000000000
core   0: 0x000000008000fe9e (0x00e78023) sb      a4, 0(a5)
core   0: 3 0x000000008000fe9e (0x00e78023) mem 0x0000000080012055 0x00
core   0: 0x000000008000fea2 (0xfc843703) ld      a4, -56(s0)
core   0: 3 0x000000008000fea2 (0xfc843703) x14 0x0000000080012040 mem 0x0000000080031f38
core   0: 0x000000008000fea6 (0xfb843783) ld      a5, -72(s0)
core   0: 3 0x000000008000fea6 (0xfb843783) x15 0x000000000000009c mem 0x0000000080031f28
core   0: 0x000000008000feaa (0x000097ba) c.add   a5, a4
core   0: 3 0x000000008000feaa (0x97ba) x15 0x00000000800120dc
core   0: 0x000000008000feac (0xfe043703) ld      a4, -32(s0)
core   0: 3 0x000000008000feac (0xfe043703) x14 0x0000000080012056 mem 0x0000000080031f50
core   0: 0x000000008000feb0 (0xfcf76de3) bltu    a4, a5, pc - 38
core   0: 3 0x000000008000feb0 (0xfcf76de3)
core   0: 0x000000008000fe8a (0xfe043783) ld      a5, -32(s0)
core   0: 3 0x000000008000fe8a (0xfe043783) x15 0x0000000080012056 mem 0x0000000080031f50
core   0: 0x000000008000fe8e (0x00178713) addi    a4, a5, 1
core   0: 3 0x000000008000fe8e (0x00178713) x14 0x0000000080012057
core   0: 0x000000008000fe92 (0xfee43023) sd      a4, -32(s0)
core   0: 3 0x000000008000fe92 (0xfee43023) mem 0x0000000080031f50 0x0000000080012057
core   0: 0x000000008000fe96 (0xfc442703) lw      a4, -60(s0)
core   0: 3 0x000000008000fe96 (0xfc442703) x14 0x0000000000000000 mem 0x0000000080031f34
core   0: 0x000000008000fe9a (0x0ff77713) andi    a4, a4, 255
core   0: 3 0x000000008000fe9a (0x0ff77713) x14 0x0000000000000000
core   0: 0x000000008000fe9e (0x00e78023) sb      a4, 0(a5)
core   0: 3 0x000000008000fe9e (0x00e78023) mem 0x0000000080012056 0x00
core   0: 0x000000008000fea2 (0xfc843703) ld      a4, -56(s0)
core   0: 3 0x000000008000fea2 (0xfc843703) x14 0x0000000080012040 mem 0x0000000080031f38
core   0: 0x000000008000fea6 (0xfb843783) ld      a5, -72(s0)
core   0: 3 0x000000008000fea6 (0xfb843783) x15 0x000000000000009c mem 0x0000000080031f28
core   0: 0x000000008000feaa (0x000097ba) c.add   a5, a4
core   0: 3 0x000000008000feaa (0x97ba) x15 0x00000000800120dc
core   0: 0x000000008000feac (0xfe043703) ld      a4, -32(s0)
core   0: 3 0x000000008000feac (0xfe043703) x14 0x0000000080012057 mem 0x0000000080031f50
core   0: 0x000000008000feb0 (0xfcf76de3) bltu    a4, a5, pc - 38
core   0: 3 0x000000008000feb0 (0xfcf76de3)
core   0: 0x000000008000fe8a (0xfe043783) ld      a5, -32(s0)
core   0: 3 0x000000008000fe8a (0xfe043783) x15 0x0000000080012057 mem 0x0000000080031f50
core   0: 0x000000008000fe8e (0x00178713) addi    a4, a5, 1
core   0: 3 0x000000008000fe8e (0x00178713) x14 0x0000000080012058
core   0: 0x000000008000fe92 (0xfee43023) sd      a4, -32(s0)
core   0: 3 0x000000008000fe92 (0xfee43023) mem 0x0000000080031f50 0x0000000080012058
core   0: 0x000000008000fe96 (0xfc442703) lw      a4, -60(s0)
core   0: 3 0x000000008000fe96 (0xfc442703) x14 0x0000000000000000 mem 0x0000000080031f34
core   0: 0x000000008000fe9a (0x0ff77713) andi    a4, a4, 255
core   0: 3 0x000000008000fe9a (0x0ff77713) x14 0x0000000000000000
core   0: 0x000000008000fe9e (0x00e78023) sb      a4, 0(a5)
core   0: 3 0x000000008000fe9e (0x00e78023) mem 0x0000000080012057 0x00
core   0: 0x000000008000fea2 (0xfc843703) ld      a4, -56(s0)
core   0: 3 0x000000008000fea2 (0xfc843703) x14 0x0000000080012040 mem 0x0000000080031f38
core   0: 0x000000008000fea6 (0xfb843783) ld      a5, -72(s0)
core   0: 3 0x000000008000fea6 (0xfb843783) x15 0x000000000000009c mem 0x0000000080031f28
core   0: 0x000000008000feaa (0x000097ba) c.add   a5, a4
core   0: 3 0x000000008000feaa (0x97ba) x15 0x00000000800120dc
core   0: 0x000000008000feac (0xfe043703) ld      a4, -32(s0)
core   0: 3 0x000000008000feac (0xfe043703) x14 0x0000000080012058 mem 0x0000000080031f50
core   0: 0x000000008000feb0 (0xfcf76de3) bltu    a4, a5, pc - 38
core   0: 3 0x000000008000feb0 (0xfcf76de3)
core   0: 0x000000008000fe8a (0xfe043783) ld      a5, -32(s0)
core   0: 3 0x000000008000fe8a (0xfe043783) x15 0x0000000080012058 mem 0x0000000080031f50
core   0: 0x000000008000fe8e (0x00178713) addi    a4, a5, 1
core   0: 3 0x000000008000fe8e (0x00178713) x14 0x0000000080012059
core   0: 0x000000008000fe92 (0xfee43023) sd      a4, -32(s0)
core   0: 3 0x000000008000fe92 (0xfee43023) mem 0x0000000080031f50 0x0000000080012059
core   0: 0x000000008000fe96 (0xfc442703) lw      a4, -60(s0)
core   0: 3 0x000000008000fe96 (0xfc442703) x14 0x0000000000000000 mem 0x0000000080031f34
core   0: 0x000000008000fe9a (0x0ff77713) andi    a4, a4, 255
core   0: 3 0x000000008000fe9a (0x0ff77713) x14 0x0000000000000000
core   0: 0x000000008000fe9e (0x00e78023) sb      a4, 0(a5)
core   0: 3 0x000000008000fe9e (0x00e78023) mem 0x0000000080012058 0x00
core   0: 0x000000008000fea2 (0xfc843703) ld      a4, -56(s0)
core   0: 3 0x000000008000fea2 (0xfc843703) x14 0x0000000080012040 mem 0x0000000080031f38
core   0: 0x000000008000fea6 (0xfb843783) ld      a5, -72(s0)
core   0: 3 0x000000008000fea6 (0xfb843783) x15 0x000000000000009c mem 0x0000000080031f28
core   0: 0x000000008000feaa (0x000097ba) c.add   a5, a4
core   0: 3 0x000000008000feaa (0x97ba) x15 0x00000000800120dc
core   0: 0x000000008000feac (0xfe043703) ld      a4, -32(s0)
core   0: 3 0x000000008000feac (0xfe043703) x14 0x0000000080012059 mem 0x0000000080031f50
core   0: 0x000000008000feb0 (0xfcf76de3) bltu    a4, a5, pc - 38
core   0: 3 0x000000008000feb0 (0xfcf76de3)
core   0: 0x000000008000fe8a (0xfe043783) ld      a5, -32(s0)
core   0: 3 0x000000008000fe8a (0xfe043783) x15 0x0000000080012059 mem 0x0000000080031f50
core   0: 0x000000008000fe8e (0x00178713) addi    a4, a5, 1
core   0: 3 0x000000008000fe8e (0x00178713) x14 0x000000008001205a
core   0: 0x000000008000fe92 (0xfee43023) sd      a4, -32(s0)
core   0: 3 0x000000008000fe92 (0xfee43023) mem 0x0000000080031f50 0x000000008001205a
core   0: 0x000000008000fe96 (0xfc442703) lw      a4, -60(s0)
core   0: 3 0x000000008000fe96 (0xfc442703) x14 0x0000000000000000 mem 0x0000000080031f34
core   0: 0x000000008000fe9a (0x0ff77713) andi    a4, a4, 255
core   0: 3 0x000000008000fe9a (0x0ff77713) x14 0x0000000000000000
core   0: 0x000000008000fe9e (0x00e78023) sb      a4, 0(a5)
core   0: 3 0x000000008000fe9e (0x00e78023) mem 0x0000000080012059 0x00
core   0: 0x000000008000fea2 (0xfc843703) ld      a4, -56(s0)
core   0: 3 0x000000008000fea2 (0xfc843703) x14 0x0000000080012040 mem 0x0000000080031f38
core   0: 0x000000008000fea6 (0xfb843783) ld      a5, -72(s0)
core   0: 3 0x000000008000fea6 (0xfb843783) x15 0x000000000000009c mem 0x0000000080031f28
core   0: 0x000000008000feaa (0x000097ba) c.add   a5, a4
core   0: 3 0x000000008000feaa (0x97ba) x15 0x00000000800120dc
core   0: 0x000000008000feac (0xfe043703) ld      a4, -32(s0)
core   0: 3 0x000000008000feac (0xfe043703) x14 0x000000008001205a mem 0x0000000080031f50
core   0: 0x000000008000feb0 (0xfcf76de3) bltu    a4, a5, pc - 38
core   0: 3 0x000000008000feb0 (0xfcf76de3)
core   0: 0x000000008000fe8a (0xfe043783) ld      a5, -32(s0)
core   0: 3 0x000000008000fe8a (0xfe043783) x15 0x000000008001205a mem 0x0000000080031f50
core   0: 0x000000008000fe8e (0x00178713) addi    a4, a5, 1
core   0: 3 0x000000008000fe8e (0x00178713) x14 0x000000008001205b
core   0: 0x000000008000fe92 (0xfee43023) sd      a4, -32(s0)
core   0: 3 0x000000008000fe92 (0xfee43023) mem 0x0000000080031f50 0x000000008001205b
core   0: 0x000000008000fe96 (0xfc442703) lw      a4, -60(s0)
core   0: 3 0x000000008000fe96 (0xfc442703) x14 0x0000000000000000 mem 0x0000000080031f34
core   0: 0x000000008000fe9a (0x0ff77713) andi    a4, a4, 255
core   0: 3 0x000000008000fe9a (0x0ff77713) x14 0x0000000000000000
core   0: 0x000000008000fe9e (0x00e78023) sb      a4, 0(a5)
core   0: 3 0x000000008000fe9e (0x00e78023) mem 0x000000008001205a 0x00
core   0: 0x000000008000fea2 (0xfc843703) ld      a4, -56(s0)
core   0: 3 0x000000008000fea2 (0xfc843703) x14 0x0000000080012040 mem 0x0000000080031f38
core   0: 0x000000008000fea6 (0xfb843783) ld      a5, -72(s0)
core   0: 3 0x000000008000fea6 (0xfb843783) x15 0x000000000000009c mem 0x0000000080031f28
core   0: 0x000000008000feaa (0x000097ba) c.add   a5, a4
core   0: 3 0x000000008000feaa (0x97ba) x15 0x00000000800120dc
core   0: 0x000000008000feac (0xfe043703) ld      a4, -32(s0)
core   0: 3 0x000000008000feac (0xfe043703) x14 0x000000008001205b mem 0x0000000080031f50
core   0: 0x000000008000feb0 (0xfcf76de3) bltu    a4, a5, pc - 38
core   0: 3 0x000000008000feb0 (0xfcf76de3)
core   0: 0x000000008000fe8a (0xfe043783) ld      a5, -32(s0)
core   0: 3 0x000000008000fe8a (0xfe043783) x15 0x000000008001205b mem 0x0000000080031f50
core   0: 0x000000008000fe8e (0x00178713) addi    a4, a5, 1
core   0: 3 0x000000008000fe8e (0x00178713) x14 0x000000008001205c
core   0: 0x000000008000fe92 (0xfee43023) sd      a4, -32(s0)
core   0: 3 0x000000008000fe92 (0xfee43023) mem 0x0000000080031f50 0x000000008001205c
core   0: 0x000000008000fe96 (0xfc442703) lw      a4, -60(s0)
core   0: 3 0x000000008000fe96 (0xfc442703) x14 0x0000000000000000 mem 0x0000000080031f34
core   0: 0x000000008000fe9a (0x0ff77713) andi    a4, a4, 255
core   0: 3 0x000000008000fe9a (0x0ff77713) x14 0x0000000000000000
core   0: 0x000000008000fe9e (0x00e78023) sb      a4, 0(a5)
core   0: 3 0x000000008000fe9e (0x00e78023) mem 0x000000008001205b 0x00
core   0: 0x000000008000fea2 (0xfc843703) ld      a4, -56(s0)
core   0: 3 0x000000008000fea2 (0xfc843703) x14 0x0000000080012040 mem 0x0000000080031f38
core   0: 0x000000008000fea6 (0xfb843783) ld      a5, -72(s0)
core   0: 3 0x000000008000fea6 (0xfb843783) x15 0x000000000000009c mem 0x0000000080031f28
core   0: 0x000000008000feaa (0x000097ba) c.add   a5, a4
core   0: 3 0x000000008000feaa (0x97ba) x15 0x00000000800120dc
core   0: 0x000000008000feac (0xfe043703) ld      a4, -32(s0)
core   0: 3 0x000000008000feac (0xfe043703) x14 0x000000008001205c mem 0x0000000080031f50
core   0: 0x000000008000feb0 (0xfcf76de3) bltu    a4, a5, pc - 38
core   0: 3 0x000000008000feb0 (0xfcf76de3)
core   0: 0x000000008000fe8a (0xfe043783) ld      a5, -32(s0)
core   0: 3 0x000000008000fe8a (0xfe043783) x15 0x000000008001205c mem 0x0000000080031f50
core   0: 0x000000008000fe8e (0x00178713) addi    a4, a5, 1
core   0: 3 0x000000008000fe8e (0x00178713) x14 0x000000008001205d
core   0: 0x000000008000fe92 (0xfee43023) sd      a4, -32(s0)
core   0: 3 0x000000008000fe92 (0xfee43023) mem 0x0000000080031f50 0x000000008001205d
core   0: 0x000000008000fe96 (0xfc442703) lw      a4, -60(s0)
core   0: 3 0x000000008000fe96 (0xfc442703) x14 0x0000000000000000 mem 0x0000000080031f34
core   0: 0x000000008000fe9a (0x0ff77713) andi    a4, a4, 255
core   0: 3 0x000000008000fe9a (0x0ff77713) x14 0x0000000000000000
core   0: 0x000000008000fe9e (0x00e78023) sb      a4, 0(a5)
core   0: 3 0x000000008000fe9e (0x00e78023) mem 0x000000008001205c 0x00
core   0: 0x000000008000fea2 (0xfc843703) ld      a4, -56(s0)
core   0: 3 0x000000008000fea2 (0xfc843703) x14 0x0000000080012040 mem 0x0000000080031f38
core   0: 0x000000008000fea6 (0xfb843783) ld      a5, -72(s0)
core   0: 3 0x000000008000fea6 (0xfb843783) x15 0x000000000000009c mem 0x0000000080031f28
core   0: 0x000000008000feaa (0x000097ba) c.add   a5, a4
core   0: 3 0x000000008000feaa (0x97ba) x15 0x00000000800120dc
core   0: 0x000000008000feac (0xfe043703) ld      a4, -32(s0)
core   0: 3 0x000000008000feac (0xfe043703) x14 0x000000008001205d mem 0x0000000080031f50
core   0: 0x000000008000feb0 (0xfcf76de3) bltu    a4, a5, pc - 38
core   0: 3 0x000000008000feb0 (0xfcf76de3)
core   0: 0x000000008000fe8a (0xfe043783) ld      a5, -32(s0)
core   0: 3 0x000000008000fe8a (0xfe043783) x15 0x000000008001205d mem 0x0000000080031f50
core   0: 0x000000008000fe8e (0x00178713) addi    a4, a5, 1
core   0: 3 0x000000008000fe8e (0x00178713) x14 0x000000008001205e
core   0: 0x000000008000fe92 (0xfee43023) sd      a4, -32(s0)
core   0: 3 0x000000008000fe92 (0xfee43023) mem 0x0000000080031f50 0x000000008001205e
core   0: 0x000000008000fe96 (0xfc442703) lw      a4, -60(s0)
core   0: 3 0x000000008000fe96 (0xfc442703) x14 0x0000000000000000 mem 0x0000000080031f34
core   0: 0x000000008000fe9a (0x0ff77713) andi    a4, a4, 255
core   0: 3 0x000000008000fe9a (0x0ff77713) x14 0x0000000000000000
core   0: 0x000000008000fe9e (0x00e78023) sb      a4, 0(a5)
core   0: 3 0x000000008000fe9e (0x00e78023) mem 0x000000008001205d 0x00
core   0: 0x000000008000fea2 (0xfc843703) ld      a4, -56(s0)
core   0: 3 0x000000008000fea2 (0xfc843703) x14 0x0000000080012040 mem 0x0000000080031f38
core   0: 0x000000008000fea6 (0xfb843783) ld      a5, -72(s0)
core   0: 3 0x000000008000fea6 (0xfb843783) x15 0x000000000000009c mem 0x0000000080031f28
core   0: 0x000000008000feaa (0x000097ba) c.add   a5, a4
core   0: 3 0x000000008000feaa (0x97ba) x15 0x00000000800120dc
core   0: 0x000000008000feac (0xfe043703) ld      a4, -32(s0)
core   0: 3 0x000000008000feac (0xfe043703) x14 0x000000008001205e mem 0x0000000080031f50
core   0: 0x000000008000feb0 (0xfcf76de3) bltu    a4, a5, pc - 38
core   0: 3 0x000000008000feb0 (0xfcf76de3)
core   0: 0x000000008000fe8a (0xfe043783) ld      a5, -32(s0)
core   0: 3 0x000000008000fe8a (0xfe043783) x15 0x000000008001205e mem 0x0000000080031f50
core   0: 0x000000008000fe8e (0x00178713) addi    a4, a5, 1
core   0: 3 0x000000008000fe8e (0x00178713) x14 0x000000008001205f
core   0: 0x000000008000fe92 (0xfee43023) sd      a4, -32(s0)
core   0: 3 0x000000008000fe92 (0xfee43023) mem 0x0000000080031f50 0x000000008001205f
core   0: 0x000000008000fe96 (0xfc442703) lw      a4, -60(s0)
core   0: 3 0x000000008000fe96 (0xfc442703) x14 0x0000000000000000 mem 0x0000000080031f34
core   0: 0x000000008000fe9a (0x0ff77713) andi    a4, a4, 255
core   0: 3 0x000000008000fe9a (0x0ff77713) x14 0x0000000000000000
core   0: 0x000000008000fe9e (0x00e78023) sb      a4, 0(a5)
core   0: 3 0x000000008000fe9e (0x00e78023) mem 0x000000008001205e 0x00
core   0: 0x000000008000fea2 (0xfc843703) ld      a4, -56(s0)
core   0: 3 0x000000008000fea2 (0xfc843703) x14 0x0000000080012040 mem 0x0000000080031f38
core   0: 0x000000008000fea6 (0xfb843783) ld      a5, -72(s0)
core   0: 3 0x000000008000fea6 (0xfb843783) x15 0x000000000000009c mem 0x0000000080031f28
core   0: 0x000000008000feaa (0x000097ba) c.add   a5, a4
core   0: 3 0x000000008000feaa (0x97ba) x15 0x00000000800120dc
core   0: 0x000000008000feac (0xfe043703) ld      a4, -32(s0)
core   0: 3 0x000000008000feac (0xfe043703) x14 0x000000008001205f mem 0x0000000080031f50
core   0: 0x000000008000feb0 (0xfcf76de3) bltu    a4, a5, pc - 38
core   0: 3 0x000000008000feb0 (0xfcf76de3)
core   0: 0x000000008000fe8a (0xfe043783) ld      a5, -32(s0)
core   0: 3 0x000000008000fe8a (0xfe043783) x15 0x000000008001205f mem 0x0000000080031f50
core   0: 0x000000008000fe8e (0x00178713) addi    a4, a5, 1
core   0: 3 0x000000008000fe8e (0x00178713) x14 0x0000000080012060
core   0: 0x000000008000fe92 (0xfee43023) sd      a4, -32(s0)
core   0: 3 0x000000008000fe92 (0xfee43023) mem 0x0000000080031f50 0x0000000080012060
core   0: 0x000000008000fe96 (0xfc442703) lw      a4, -60(s0)
core   0: 3 0x000000008000fe96 (0xfc442703) x14 0x0000000000000000 mem 0x0000000080031f34
core   0: 0x000000008000fe9a (0x0ff77713) andi    a4, a4, 255
core   0: 3 0x000000008000fe9a (0x0ff77713) x14 0x0000000000000000
core   0: 0x000000008000fe9e (0x00e78023) sb      a4, 0(a5)
core   0: 3 0x000000008000fe9e (0x00e78023) mem 0x000000008001205f 0x00
core   0: 0x000000008000fea2 (0xfc843703) ld      a4, -56(s0)
core   0: 3 0x000000008000fea2 (0xfc843703) x14 0x0000000080012040 mem 0x0000000080031f38
core   0: 0x000000008000fea6 (0xfb843783) ld      a5, -72(s0)
core   0: 3 0x000000008000fea6 (0xfb843783) x15 0x000000000000009c mem 0x0000000080031f28
core   0: 0x000000008000feaa (0x000097ba) c.add   a5, a4
core   0: 3 0x000000008000feaa (0x97ba) x15 0x00000000800120dc
core   0: 0x000000008000feac (0xfe043703) ld      a4, -32(s0)
core   0: 3 0x000000008000feac (0xfe043703) x14 0x0000000080012060 mem 0x0000000080031f50
core   0: 0x000000008000feb0 (0xfcf76de3) bltu    a4, a5, pc - 38
core   0: 3 0x000000008000feb0 (0xfcf76de3)
core   0: 0x000000008000fe8a (0xfe043783) ld      a5, -32(s0)
core   0: 3 0x000000008000fe8a (0xfe043783) x15 0x0000000080012060 mem 0x0000000080031f50
core   0: 0x000000008000fe8e (0x00178713) addi    a4, a5, 1
core   0: 3 0x000000008000fe8e (0x00178713) x14 0x0000000080012061
core   0: 0x000000008000fe92 (0xfee43023) sd      a4, -32(s0)
core   0: 3 0x000000008000fe92 (0xfee43023) mem 0x0000000080031f50 0x0000000080012061
core   0: 0x000000008000fe96 (0xfc442703) lw      a4, -60(s0)
core   0: 3 0x000000008000fe96 (0xfc442703) x14 0x0000000000000000 mem 0x0000000080031f34
core   0: 0x000000008000fe9a (0x0ff77713) andi    a4, a4, 255
core   0: 3 0x000000008000fe9a (0x0ff77713) x14 0x0000000000000000
core   0: 0x000000008000fe9e (0x00e78023) sb      a4, 0(a5)
core   0: 3 0x000000008000fe9e (0x00e78023) mem 0x0000000080012060 0x00
core   0: 0x000000008000fea2 (0xfc843703) ld      a4, -56(s0)
core   0: 3 0x000000008000fea2 (0xfc843703) x14 0x0000000080012040 mem 0x0000000080031f38
core   0: 0x000000008000fea6 (0xfb843783) ld      a5, -72(s0)
core   0: 3 0x000000008000fea6 (0xfb843783) x15 0x000000000000009c mem 0x0000000080031f28
core   0: 0x000000008000feaa (0x000097ba) c.add   a5, a4
core   0: 3 0x000000008000feaa (0x97ba) x15 0x00000000800120dc
core   0: 0x000000008000feac (0xfe043703) ld      a4, -32(s0)
core   0: 3 0x000000008000feac (0xfe043703) x14 0x0000000080012061 mem 0x0000000080031f50
core   0: 0x000000008000feb0 (0xfcf76de3) bltu    a4, a5, pc - 38
core   0: 3 0x000000008000feb0 (0xfcf76de3)
core   0: 0x000000008000fe8a (0xfe043783) ld      a5, -32(s0)
core   0: 3 0x000000008000fe8a (0xfe043783) x15 0x0000000080012061 mem 0x0000000080031f50
core   0: 0x000000008000fe8e (0x00178713) addi    a4, a5, 1
core   0: 3 0x000000008000fe8e (0x00178713) x14 0x0000000080012062
core   0: 0x000000008000fe92 (0xfee43023) sd      a4, -32(s0)
core   0: 3 0x000000008000fe92 (0xfee43023) mem 0x0000000080031f50 0x0000000080012062
core   0: 0x000000008000fe96 (0xfc442703) lw      a4, -60(s0)
core   0: 3 0x000000008000fe96 (0xfc442703) x14 0x0000000000000000 mem 0x0000000080031f34
core   0: 0x000000008000fe9a (0x0ff77713) andi    a4, a4, 255
core   0: 3 0x000000008000fe9a (0x0ff77713) x14 0x0000000000000000
core   0: 0x000000008000fe9e (0x00e78023) sb      a4, 0(a5)
core   0: 3 0x000000008000fe9e (0x00e78023) mem 0x0000000080012061 0x00
core   0: 0x000000008000fea2 (0xfc843703) ld      a4, -56(s0)
core   0: 3 0x000000008000fea2 (0xfc843703) x14 0x0000000080012040 mem 0x0000000080031f38
core   0: 0x000000008000fea6 (0xfb843783) ld      a5, -72(s0)
core   0: 3 0x000000008000fea6 (0xfb843783) x15 0x000000000000009c mem 0x0000000080031f28
core   0: 0x000000008000feaa (0x000097ba) c.add   a5, a4
core   0: 3 0x000000008000feaa (0x97ba) x15 0x00000000800120dc
core   0: 0x000000008000feac (0xfe043703) ld      a4, -32(s0)
core   0: 3 0x000000008000feac (0xfe043703) x14 0x0000000080012062 mem 0x0000000080031f50
core   0: 0x000000008000feb0 (0xfcf76de3) bltu    a4, a5, pc - 38
core   0: 3 0x000000008000feb0 (0xfcf76de3)
core   0: 0x000000008000fe8a (0xfe043783) ld      a5, -32(s0)
core   0: 3 0x000000008000fe8a (0xfe043783) x15 0x0000000080012062 mem 0x0000000080031f50
core   0: 0x000000008000fe8e (0x00178713) addi    a4, a5, 1
core   0: 3 0x000000008000fe8e (0x00178713) x14 0x0000000080012063
core   0: 0x000000008000fe92 (0xfee43023) sd      a4, -32(s0)
core   0: 3 0x000000008000fe92 (0xfee43023) mem 0x0000000080031f50 0x0000000080012063
core   0: 0x000000008000fe96 (0xfc442703) lw      a4, -60(s0)
core   0: 3 0x000000008000fe96 (0xfc442703) x14 0x0000000000000000 mem 0x0000000080031f34
core   0: 0x000000008000fe9a (0x0ff77713) andi    a4, a4, 255
core   0: 3 0x000000008000fe9a (0x0ff77713) x14 0x0000000000000000
core   0: 0x000000008000fe9e (0x00e78023) sb      a4, 0(a5)
core   0: 3 0x000000008000fe9e (0x00e78023) mem 0x0000000080012062 0x00
core   0: 0x000000008000fea2 (0xfc843703) ld      a4, -56(s0)
core   0: 3 0x000000008000fea2 (0xfc843703) x14 0x0000000080012040 mem 0x0000000080031f38
core   0: 0x000000008000fea6 (0xfb843783) ld      a5, -72(s0)
core   0: 3 0x000000008000fea6 (0xfb843783) x15 0x000000000000009c mem 0x0000000080031f28
core   0: 0x000000008000feaa (0x000097ba) c.add   a5, a4
core   0: 3 0x000000008000feaa (0x97ba) x15 0x00000000800120dc
core   0: 0x000000008000feac (0xfe043703) ld      a4, -32(s0)
core   0: 3 0x000000008000feac (0xfe043703) x14 0x0000000080012063 mem 0x0000000080031f50
core   0: 0x000000008000feb0 (0xfcf76de3) bltu    a4, a5, pc - 38
core   0: 3 0x000000008000feb0 (0xfcf76de3)
core   0: 0x000000008000fe8a (0xfe043783) ld      a5, -32(s0)
core   0: 3 0x000000008000fe8a (0xfe043783) x15 0x0000000080012063 mem 0x0000000080031f50
core   0: 0x000000008000fe8e (0x00178713) addi    a4, a5, 1
core   0: 3 0x000000008000fe8e (0x00178713) x14 0x0000000080012064
core   0: 0x000000008000fe92 (0xfee43023) sd      a4, -32(s0)
core   0: 3 0x000000008000fe92 (0xfee43023) mem 0x0000000080031f50 0x0000000080012064
core   0: 0x000000008000fe96 (0xfc442703) lw      a4, -60(s0)
core   0: 3 0x000000008000fe96 (0xfc442703) x14 0x0000000000000000 mem 0x0000000080031f34
core   0: 0x000000008000fe9a (0x0ff77713) andi    a4, a4, 255
core   0: 3 0x000000008000fe9a (0x0ff77713) x14 0x0000000000000000
core   0: 0x000000008000fe9e (0x00e78023) sb      a4, 0(a5)
core   0: 3 0x000000008000fe9e (0x00e78023) mem 0x0000000080012063 0x00
core   0: 0x000000008000fea2 (0xfc843703) ld      a4, -56(s0)
core   0: 3 0x000000008000fea2 (0xfc843703) x14 0x0000000080012040 mem 0x0000000080031f38
core   0: 0x000000008000fea6 (0xfb843783) ld      a5, -72(s0)
core   0: 3 0x000000008000fea6 (0xfb843783) x15 0x000000000000009c mem 0x0000000080031f28
core   0: 0x000000008000feaa (0x000097ba) c.add   a5, a4
core   0: 3 0x000000008000feaa (0x97ba) x15 0x00000000800120dc
core   0: 0x000000008000feac (0xfe043703) ld      a4, -32(s0)
core   0: 3 0x000000008000feac (0xfe043703) x14 0x0000000080012064 mem 0x0000000080031f50
core   0: 0x000000008000feb0 (0xfcf76de3) bltu    a4, a5, pc - 38
core   0: 3 0x000000008000feb0 (0xfcf76de3)
core   0: 0x000000008000fe8a (0xfe043783) ld      a5, -32(s0)
core   0: 3 0x000000008000fe8a (0xfe043783) x15 0x0000000080012064 mem 0x0000000080031f50
core   0: 0x000000008000fe8e (0x00178713) addi    a4, a5, 1
core   0: 3 0x000000008000fe8e (0x00178713) x14 0x0000000080012065
core   0: 0x000000008000fe92 (0xfee43023) sd      a4, -32(s0)
core   0: 3 0x000000008000fe92 (0xfee43023) mem 0x0000000080031f50 0x0000000080012065
core   0: 0x000000008000fe96 (0xfc442703) lw      a4, -60(s0)
core   0: 3 0x000000008000fe96 (0xfc442703) x14 0x0000000000000000 mem 0x0000000080031f34
core   0: 0x000000008000fe9a (0x0ff77713) andi    a4, a4, 255
core   0: 3 0x000000008000fe9a (0x0ff77713) x14 0x0000000000000000
core   0: 0x000000008000fe9e (0x00e78023) sb      a4, 0(a5)
core   0: 3 0x000000008000fe9e (0x00e78023) mem 0x0000000080012064 0x00
core   0: 0x000000008000fea2 (0xfc843703) ld      a4, -56(s0)
core   0: 3 0x000000008000fea2 (0xfc843703) x14 0x0000000080012040 mem 0x0000000080031f38
core   0: 0x000000008000fea6 (0xfb843783) ld      a5, -72(s0)
core   0: 3 0x000000008000fea6 (0xfb843783) x15 0x000000000000009c mem 0x0000000080031f28
core   0: 0x000000008000feaa (0x000097ba) c.add   a5, a4
core   0: 3 0x000000008000feaa (0x97ba) x15 0x00000000800120dc
core   0: 0x000000008000feac (0xfe043703) ld      a4, -32(s0)
core   0: 3 0x000000008000feac (0xfe043703) x14 0x0000000080012065 mem 0x0000000080031f50
core   0: 0x000000008000feb0 (0xfcf76de3) bltu    a4, a5, pc - 38
core   0: 3 0x000000008000feb0 (0xfcf76de3)
core   0: 0x000000008000fe8a (0xfe043783) ld      a5, -32(s0)
core   0: 3 0x000000008000fe8a (0xfe043783) x15 0x0000000080012065 mem 0x0000000080031f50
core   0: 0x000000008000fe8e (0x00178713) addi    a4, a5, 1
core   0: 3 0x000000008000fe8e (0x00178713) x14 0x0000000080012066
core   0: 0x000000008000fe92 (0xfee43023) sd      a4, -32(s0)
core   0: 3 0x000000008000fe92 (0xfee43023) mem 0x0000000080031f50 0x0000000080012066
core   0: 0x000000008000fe96 (0xfc442703) lw      a4, -60(s0)
core   0: 3 0x000000008000fe96 (0xfc442703) x14 0x0000000000000000 mem 0x0000000080031f34
core   0: 0x000000008000fe9a (0x0ff77713) andi    a4, a4, 255
core   0: 3 0x000000008000fe9a (0x0ff77713) x14 0x0000000000000000
core   0: 0x000000008000fe9e (0x00e78023) sb      a4, 0(a5)
core   0: 3 0x000000008000fe9e (0x00e78023) mem 0x0000000080012065 0x00
core   0: 0x000000008000fea2 (0xfc843703) ld      a4, -56(s0)
core   0: 3 0x000000008000fea2 (0xfc843703) x14 0x0000000080012040 mem 0x0000000080031f38
core   0: 0x000000008000fea6 (0xfb843783) ld      a5, -72(s0)
core   0: 3 0x000000008000fea6 (0xfb843783) x15 0x000000000000009c mem 0x0000000080031f28
core   0: 0x000000008000feaa (0x000097ba) c.add   a5, a4
core   0: 3 0x000000008000feaa (0x97ba) x15 0x00000000800120dc
core   0: 0x000000008000feac (0xfe043703) ld      a4, -32(s0)
core   0: 3 0x000000008000feac (0xfe043703) x14 0x0000000080012066 mem 0x0000000080031f50
core   0: 0x000000008000feb0 (0xfcf76de3) bltu    a4, a5, pc - 38
core   0: 3 0x000000008000feb0 (0xfcf76de3)
core   0: 0x000000008000fe8a (0xfe043783) ld      a5, -32(s0)
core   0: 3 0x000000008000fe8a (0xfe043783) x15 0x0000000080012066 mem 0x0000000080031f50
core   0: 0x000000008000fe8e (0x00178713) addi    a4, a5, 1
core   0: 3 0x000000008000fe8e (0x00178713) x14 0x0000000080012067
core   0: 0x000000008000fe92 (0xfee43023) sd      a4, -32(s0)
core   0: 3 0x000000008000fe92 (0xfee43023) mem 0x0000000080031f50 0x0000000080012067
core   0: 0x000000008000fe96 (0xfc442703) lw      a4, -60(s0)
core   0: 3 0x000000008000fe96 (0xfc442703) x14 0x0000000000000000 mem 0x0000000080031f34
core   0: 0x000000008000fe9a (0x0ff77713) andi    a4, a4, 255
core   0: 3 0x000000008000fe9a (0x0ff77713) x14 0x0000000000000000
core   0: 0x000000008000fe9e (0x00e78023) sb      a4, 0(a5)
core   0: 3 0x000000008000fe9e (0x00e78023) mem 0x0000000080012066 0x00
core   0: 0x000000008000fea2 (0xfc843703) ld      a4, -56(s0)
core   0: 3 0x000000008000fea2 (0xfc843703) x14 0x0000000080012040 mem 0x0000000080031f38
core   0: 0x000000008000fea6 (0xfb843783) ld      a5, -72(s0)
core   0: 3 0x000000008000fea6 (0xfb843783) x15 0x000000000000009c mem 0x0000000080031f28
core   0: 0x000000008000feaa (0x000097ba) c.add   a5, a4
core   0: 3 0x000000008000feaa (0x97ba) x15 0x00000000800120dc
core   0: 0x000000008000feac (0xfe043703) ld      a4, -32(s0)
core   0: 3 0x000000008000feac (0xfe043703) x14 0x0000000080012067 mem 0x0000000080031f50
core   0: 0x000000008000feb0 (0xfcf76de3) bltu    a4, a5, pc - 38
core   0: 3 0x000000008000feb0 (0xfcf76de3)
core   0: 0x000000008000fe8a (0xfe043783) ld      a5, -32(s0)
core   0: 3 0x000000008000fe8a (0xfe043783) x15 0x0000000080012067 mem 0x0000000080031f50
core   0: 0x000000008000fe8e (0x00178713) addi    a4, a5, 1
core   0: 3 0x000000008000fe8e (0x00178713) x14 0x0000000080012068
core   0: 0x000000008000fe92 (0xfee43023) sd      a4, -32(s0)
core   0: 3 0x000000008000fe92 (0xfee43023) mem 0x0000000080031f50 0x0000000080012068
core   0: 0x000000008000fe96 (0xfc442703) lw      a4, -60(s0)
core   0: 3 0x000000008000fe96 (0xfc442703) x14 0x0000000000000000 mem 0x0000000080031f34
core   0: 0x000000008000fe9a (0x0ff77713) andi    a4, a4, 255
core   0: 3 0x000000008000fe9a (0x0ff77713) x14 0x0000000000000000
core   0: 0x000000008000fe9e (0x00e78023) sb      a4, 0(a5)
core   0: 3 0x000000008000fe9e (0x00e78023) mem 0x0000000080012067 0x00
core   0: 0x000000008000fea2 (0xfc843703) ld      a4, -56(s0)
core   0: 3 0x000000008000fea2 (0xfc843703) x14 0x0000000080012040 mem 0x0000000080031f38
core   0: 0x000000008000fea6 (0xfb843783) ld      a5, -72(s0)
core   0: 3 0x000000008000fea6 (0xfb843783) x15 0x000000000000009c mem 0x0000000080031f28
core   0: 0x000000008000feaa (0x000097ba) c.add   a5, a4
core   0: 3 0x000000008000feaa (0x97ba) x15 0x00000000800120dc
core   0: 0x000000008000feac (0xfe043703) ld      a4, -32(s0)
core   0: 3 0x000000008000feac (0xfe043703) x14 0x0000000080012068 mem 0x0000000080031f50
core   0: 0x000000008000feb0 (0xfcf76de3) bltu    a4, a5, pc - 38
core   0: 3 0x000000008000feb0 (0xfcf76de3)
core   0: 0x000000008000fe8a (0xfe043783) ld      a5, -32(s0)
core   0: 3 0x000000008000fe8a (0xfe043783) x15 0x0000000080012068 mem 0x0000000080031f50
core   0: 0x000000008000fe8e (0x00178713) addi    a4, a5, 1
core   0: 3 0x000000008000fe8e (0x00178713) x14 0x0000000080012069
core   0: 0x000000008000fe92 (0xfee43023) sd      a4, -32(s0)
core   0: 3 0x000000008000fe92 (0xfee43023) mem 0x0000000080031f50 0x0000000080012069
core   0: 0x000000008000fe96 (0xfc442703) lw      a4, -60(s0)
core   0: 3 0x000000008000fe96 (0xfc442703) x14 0x0000000000000000 mem 0x0000000080031f34
core   0: 0x000000008000fe9a (0x0ff77713) andi    a4, a4, 255
core   0: 3 0x000000008000fe9a (0x0ff77713) x14 0x0000000000000000
core   0: 0x000000008000fe9e (0x00e78023) sb      a4, 0(a5)
core   0: 3 0x000000008000fe9e (0x00e78023) mem 0x0000000080012068 0x00
core   0: 0x000000008000fea2 (0xfc843703) ld      a4, -56(s0)
core   0: 3 0x000000008000fea2 (0xfc843703) x14 0x0000000080012040 mem 0x0000000080031f38
core   0: 0x000000008000fea6 (0xfb843783) ld      a5, -72(s0)
core   0: 3 0x000000008000fea6 (0xfb843783) x15 0x000000000000009c mem 0x0000000080031f28
core   0: 0x000000008000feaa (0x000097ba) c.add   a5, a4
core   0: 3 0x000000008000feaa (0x97ba) x15 0x00000000800120dc
core   0: 0x000000008000feac (0xfe043703) ld      a4, -32(s0)
core   0: 3 0x000000008000feac (0xfe043703) x14 0x0000000080012069 mem 0x0000000080031f50
core   0: 0x000000008000feb0 (0xfcf76de3) bltu    a4, a5, pc - 38
core   0: 3 0x000000008000feb0 (0xfcf76de3)
core   0: 0x000000008000fe8a (0xfe043783) ld      a5, -32(s0)
core   0: 3 0x000000008000fe8a (0xfe043783) x15 0x0000000080012069 mem 0x0000000080031f50
core   0: 0x000000008000fe8e (0x00178713) addi    a4, a5, 1
core   0: 3 0x000000008000fe8e (0x00178713) x14 0x000000008001206a
core   0: 0x000000008000fe92 (0xfee43023) sd      a4, -32(s0)
core   0: 3 0x000000008000fe92 (0xfee43023) mem 0x0000000080031f50 0x000000008001206a
core   0: 0x000000008000fe96 (0xfc442703) lw      a4, -60(s0)
core   0: 3 0x000000008000fe96 (0xfc442703) x14 0x0000000000000000 mem 0x0000000080031f34
core   0: 0x000000008000fe9a (0x0ff77713) andi    a4, a4, 255
core   0: 3 0x000000008000fe9a (0x0ff77713) x14 0x0000000000000000
core   0: 0x000000008000fe9e (0x00e78023) sb      a4, 0(a5)
core   0: 3 0x000000008000fe9e (0x00e78023) mem 0x0000000080012069 0x00
core   0: 0x000000008000fea2 (0xfc843703) ld      a4, -56(s0)
core   0: 3 0x000000008000fea2 (0xfc843703) x14 0x0000000080012040 mem 0x0000000080031f38
core   0: 0x000000008000fea6 (0xfb843783) ld      a5, -72(s0)
core   0: 3 0x000000008000fea6 (0xfb843783) x15 0x000000000000009c mem 0x0000000080031f28
core   0: 0x000000008000feaa (0x000097ba) c.add   a5, a4
core   0: 3 0x000000008000feaa (0x97ba) x15 0x00000000800120dc
core   0: 0x000000008000feac (0xfe043703) ld      a4, -32(s0)
core   0: 3 0x000000008000feac (0xfe043703) x14 0x000000008001206a mem 0x0000000080031f50
core   0: 0x000000008000feb0 (0xfcf76de3) bltu    a4, a5, pc - 38
core   0: 3 0x000000008000feb0 (0xfcf76de3)
core   0: 0x000000008000fe8a (0xfe043783) ld      a5, -32(s0)
core   0: 3 0x000000008000fe8a (0xfe043783) x15 0x000000008001206a mem 0x0000000080031f50
core   0: 0x000000008000fe8e (0x00178713) addi    a4, a5, 1
core   0: 3 0x000000008000fe8e (0x00178713) x14 0x000000008001206b
core   0: 0x000000008000fe92 (0xfee43023) sd      a4, -32(s0)
core   0: 3 0x000000008000fe92 (0xfee43023) mem 0x0000000080031f50 0x000000008001206b
core   0: 0x000000008000fe96 (0xfc442703) lw      a4, -60(s0)
core   0: 3 0x000000008000fe96 (0xfc442703) x14 0x0000000000000000 mem 0x0000000080031f34
core   0: 0x000000008000fe9a (0x0ff77713) andi    a4, a4, 255
core   0: 3 0x000000008000fe9a (0x0ff77713) x14 0x0000000000000000
core   0: 0x000000008000fe9e (0x00e78023) sb      a4, 0(a5)
core   0: 3 0x000000008000fe9e (0x00e78023) mem 0x000000008001206a 0x00
core   0: 0x000000008000fea2 (0xfc843703) ld      a4, -56(s0)
core   0: 3 0x000000008000fea2 (0xfc843703) x14 0x0000000080012040 mem 0x0000000080031f38
core   0: 0x000000008000fea6 (0xfb843783) ld      a5, -72(s0)
core   0: 3 0x000000008000fea6 (0xfb843783) x15 0x000000000000009c mem 0x0000000080031f28
core   0: 0x000000008000feaa (0x000097ba) c.add   a5, a4
core   0: 3 0x000000008000feaa (0x97ba) x15 0x00000000800120dc
core   0: 0x000000008000feac (0xfe043703) ld      a4, -32(s0)
core   0: 3 0x000000008000feac (0xfe043703) x14 0x000000008001206b mem 0x0000000080031f50
core   0: 0x000000008000feb0 (0xfcf76de3) bltu    a4, a5, pc - 38
core   0: 3 0x000000008000feb0 (0xfcf76de3)
core   0: 0x000000008000fe8a (0xfe043783) ld      a5, -32(s0)
core   0: 3 0x000000008000fe8a (0xfe043783) x15 0x000000008001206b mem 0x0000000080031f50
core   0: 0x000000008000fe8e (0x00178713) addi    a4, a5, 1
core   0: 3 0x000000008000fe8e (0x00178713) x14 0x000000008001206c
core   0: 0x000000008000fe92 (0xfee43023) sd      a4, -32(s0)
core   0: 3 0x000000008000fe92 (0xfee43023) mem 0x0000000080031f50 0x000000008001206c
core   0: 0x000000008000fe96 (0xfc442703) lw      a4, -60(s0)
core   0: 3 0x000000008000fe96 (0xfc442703) x14 0x0000000000000000 mem 0x0000000080031f34
core   0: 0x000000008000fe9a (0x0ff77713) andi    a4, a4, 255
core   0: 3 0x000000008000fe9a (0x0ff77713) x14 0x0000000000000000
core   0: 0x000000008000fe9e (0x00e78023) sb      a4, 0(a5)
core   0: 3 0x000000008000fe9e (0x00e78023) mem 0x000000008001206b 0x00
core   0: 0x000000008000fea2 (0xfc843703) ld      a4, -56(s0)
core   0: 3 0x000000008000fea2 (0xfc843703) x14 0x0000000080012040 mem 0x0000000080031f38
core   0: 0x000000008000fea6 (0xfb843783) ld      a5, -72(s0)
core   0: 3 0x000000008000fea6 (0xfb843783) x15 0x000000000000009c mem 0x0000000080031f28
core   0: 0x000000008000feaa (0x000097ba) c.add   a5, a4
core   0: 3 0x000000008000feaa (0x97ba) x15 0x00000000800120dc
core   0: 0x000000008000feac (0xfe043703) ld      a4, -32(s0)
core   0: 3 0x000000008000feac (0xfe043703) x14 0x000000008001206c mem 0x0000000080031f50
core   0: 0x000000008000feb0 (0xfcf76de3) bltu    a4, a5, pc - 38
core   0: 3 0x000000008000feb0 (0xfcf76de3)
core   0: 0x000000008000fe8a (0xfe043783) ld      a5, -32(s0)
core   0: 3 0x000000008000fe8a (0xfe043783) x15 0x000000008001206c mem 0x0000000080031f50
core   0: 0x000000008000fe8e (0x00178713) addi    a4, a5, 1
core   0: 3 0x000000008000fe8e (0x00178713) x14 0x000000008001206d
core   0: 0x000000008000fe92 (0xfee43023) sd      a4, -32(s0)
core   0: 3 0x000000008000fe92 (0xfee43023) mem 0x0000000080031f50 0x000000008001206d
core   0: 0x000000008000fe96 (0xfc442703) lw      a4, -60(s0)
core   0: 3 0x000000008000fe96 (0xfc442703) x14 0x0000000000000000 mem 0x0000000080031f34
core   0: 0x000000008000fe9a (0x0ff77713) andi    a4, a4, 255
core   0: 3 0x000000008000fe9a (0x0ff77713) x14 0x0000000000000000
core   0: 0x000000008000fe9e (0x00e78023) sb      a4, 0(a5)
core   0: 3 0x000000008000fe9e (0x00e78023) mem 0x000000008001206c 0x00
core   0: 0x000000008000fea2 (0xfc843703) ld      a4, -56(s0)
core   0: 3 0x000000008000fea2 (0xfc843703) x14 0x0000000080012040 mem 0x0000000080031f38
core   0: 0x000000008000fea6 (0xfb843783) ld      a5, -72(s0)
core   0: 3 0x000000008000fea6 (0xfb843783) x15 0x000000000000009c mem 0x0000000080031f28
core   0: 0x000000008000feaa (0x000097ba) c.add   a5, a4
core   0: 3 0x000000008000feaa (0x97ba) x15 0x00000000800120dc
core   0: 0x000000008000feac (0xfe043703) ld      a4, -32(s0)
core   0: 3 0x000000008000feac (0xfe043703) x14 0x000000008001206d mem 0x0000000080031f50
core   0: 0x000000008000feb0 (0xfcf76de3) bltu    a4, a5, pc - 38
core   0: 3 0x000000008000feb0 (0xfcf76de3)
core   0: 0x000000008000fe8a (0xfe043783) ld      a5, -32(s0)
core   0: 3 0x000000008000fe8a (0xfe043783) x15 0x000000008001206d mem 0x0000000080031f50
core   0: 0x000000008000fe8e (0x00178713) addi    a4, a5, 1
core   0: 3 0x000000008000fe8e (0x00178713) x14 0x000000008001206e
core   0: 0x000000008000fe92 (0xfee43023) sd      a4, -32(s0)
core   0: 3 0x000000008000fe92 (0xfee43023) mem 0x0000000080031f50 0x000000008001206e
core   0: 0x000000008000fe96 (0xfc442703) lw      a4, -60(s0)
core   0: 3 0x000000008000fe96 (0xfc442703) x14 0x0000000000000000 mem 0x0000000080031f34
core   0: 0x000000008000fe9a (0x0ff77713) andi    a4, a4, 255
core   0: 3 0x000000008000fe9a (0x0ff77713) x14 0x0000000000000000
core   0: 0x000000008000fe9e (0x00e78023) sb      a4, 0(a5)
core   0: 3 0x000000008000fe9e (0x00e78023) mem 0x000000008001206d 0x00
core   0: 0x000000008000fea2 (0xfc843703) ld      a4, -56(s0)
core   0: 3 0x000000008000fea2 (0xfc843703) x14 0x0000000080012040 mem 0x0000000080031f38
core   0: 0x000000008000fea6 (0xfb843783) ld      a5, -72(s0)
core   0: 3 0x000000008000fea6 (0xfb843783) x15 0x000000000000009c mem 0x0000000080031f28
core   0: 0x000000008000feaa (0x000097ba) c.add   a5, a4
core   0: 3 0x000000008000feaa (0x97ba) x15 0x00000000800120dc
core   0: 0x000000008000feac (0xfe043703) ld      a4, -32(s0)
core   0: 3 0x000000008000feac (0xfe043703) x14 0x000000008001206e mem 0x0000000080031f50
core   0: 0x000000008000feb0 (0xfcf76de3) bltu    a4, a5, pc - 38
core   0: 3 0x000000008000feb0 (0xfcf76de3)
core   0: 0x000000008000fe8a (0xfe043783) ld      a5, -32(s0)
core   0: 3 0x000000008000fe8a (0xfe043783) x15 0x000000008001206e mem 0x0000000080031f50
core   0: 0x000000008000fe8e (0x00178713) addi    a4, a5, 1
core   0: 3 0x000000008000fe8e (0x00178713) x14 0x000000008001206f
core   0: 0x000000008000fe92 (0xfee43023) sd      a4, -32(s0)
core   0: 3 0x000000008000fe92 (0xfee43023) mem 0x0000000080031f50 0x000000008001206f
core   0: 0x000000008000fe96 (0xfc442703) lw      a4, -60(s0)
core   0: 3 0x000000008000fe96 (0xfc442703) x14 0x0000000000000000 mem 0x0000000080031f34
core   0: 0x000000008000fe9a (0x0ff77713) andi    a4, a4, 255
core   0: 3 0x000000008000fe9a (0x0ff77713) x14 0x0000000000000000
core   0: 0x000000008000fe9e (0x00e78023) sb      a4, 0(a5)
core   0: 3 0x000000008000fe9e (0x00e78023) mem 0x000000008001206e 0x00
core   0: 0x000000008000fea2 (0xfc843703) ld      a4, -56(s0)
core   0: 3 0x000000008000fea2 (0xfc843703) x14 0x0000000080012040 mem 0x0000000080031f38
core   0: 0x000000008000fea6 (0xfb843783) ld      a5, -72(s0)
core   0: 3 0x000000008000fea6 (0xfb843783) x15 0x000000000000009c mem 0x0000000080031f28
core   0: 0x000000008000feaa (0x000097ba) c.add   a5, a4
core   0: 3 0x000000008000feaa (0x97ba) x15 0x00000000800120dc
core   0: 0x000000008000feac (0xfe043703) ld      a4, -32(s0)
core   0: 3 0x000000008000feac (0xfe043703) x14 0x000000008001206f mem 0x0000000080031f50
core   0: 0x000000008000feb0 (0xfcf76de3) bltu    a4, a5, pc - 38
core   0: 3 0x000000008000feb0 (0xfcf76de3)
core   0: 0x000000008000fe8a (0xfe043783) ld      a5, -32(s0)
core   0: 3 0x000000008000fe8a (0xfe043783) x15 0x000000008001206f mem 0x0000000080031f50
core   0: 0x000000008000fe8e (0x00178713) addi    a4, a5, 1
core   0: 3 0x000000008000fe8e (0x00178713) x14 0x0000000080012070
core   0: 0x000000008000fe92 (0xfee43023) sd      a4, -32(s0)
core   0: 3 0x000000008000fe92 (0xfee43023) mem 0x0000000080031f50 0x0000000080012070
core   0: 0x000000008000fe96 (0xfc442703) lw      a4, -60(s0)
core   0: 3 0x000000008000fe96 (0xfc442703) x14 0x0000000000000000 mem 0x0000000080031f34
core   0: 0x000000008000fe9a (0x0ff77713) andi    a4, a4, 255
core   0: 3 0x000000008000fe9a (0x0ff77713) x14 0x0000000000000000
core   0: 0x000000008000fe9e (0x00e78023) sb      a4, 0(a5)
core   0: 3 0x000000008000fe9e (0x00e78023) mem 0x000000008001206f 0x00
core   0: 0x000000008000fea2 (0xfc843703) ld      a4, -56(s0)
core   0: 3 0x000000008000fea2 (0xfc843703) x14 0x0000000080012040 mem 0x0000000080031f38
core   0: 0x000000008000fea6 (0xfb843783) ld      a5, -72(s0)
core   0: 3 0x000000008000fea6 (0xfb843783) x15 0x000000000000009c mem 0x0000000080031f28
core   0: 0x000000008000feaa (0x000097ba) c.add   a5, a4
core   0: 3 0x000000008000feaa (0x97ba) x15 0x00000000800120dc
core   0: 0x000000008000feac (0xfe043703) ld      a4, -32(s0)
core   0: 3 0x000000008000feac (0xfe043703) x14 0x0000000080012070 mem 0x0000000080031f50
core   0: 0x000000008000feb0 (0xfcf76de3) bltu    a4, a5, pc - 38
core   0: 3 0x000000008000feb0 (0xfcf76de3)
core   0: 0x000000008000fe8a (0xfe043783) ld      a5, -32(s0)
core   0: 3 0x000000008000fe8a (0xfe043783) x15 0x0000000080012070 mem 0x0000000080031f50
core   0: 0x000000008000fe8e (0x00178713) addi    a4, a5, 1
core   0: 3 0x000000008000fe8e (0x00178713) x14 0x0000000080012071
core   0: 0x000000008000fe92 (0xfee43023) sd      a4, -32(s0)
core   0: 3 0x000000008000fe92 (0xfee43023) mem 0x0000000080031f50 0x0000000080012071
core   0: 0x000000008000fe96 (0xfc442703) lw      a4, -60(s0)
core   0: 3 0x000000008000fe96 (0xfc442703) x14 0x0000000000000000 mem 0x0000000080031f34
core   0: 0x000000008000fe9a (0x0ff77713) andi    a4, a4, 255
core   0: 3 0x000000008000fe9a (0x0ff77713) x14 0x0000000000000000
core   0: 0x000000008000fe9e (0x00e78023) sb      a4, 0(a5)
core   0: 3 0x000000008000fe9e (0x00e78023) mem 0x0000000080012070 0x00
core   0: 0x000000008000fea2 (0xfc843703) ld      a4, -56(s0)
core   0: 3 0x000000008000fea2 (0xfc843703) x14 0x0000000080012040 mem 0x0000000080031f38
core   0: 0x000000008000fea6 (0xfb843783) ld      a5, -72(s0)
core   0: 3 0x000000008000fea6 (0xfb843783) x15 0x000000000000009c mem 0x0000000080031f28
core   0: 0x000000008000feaa (0x000097ba) c.add   a5, a4
core   0: 3 0x000000008000feaa (0x97ba) x15 0x00000000800120dc
core   0: 0x000000008000feac (0xfe043703) ld      a4, -32(s0)
core   0: 3 0x000000008000feac (0xfe043703) x14 0x0000000080012071 mem 0x0000000080031f50
core   0: 0x000000008000feb0 (0xfcf76de3) bltu    a4, a5, pc - 38
core   0: 3 0x000000008000feb0 (0xfcf76de3)
core   0: 0x000000008000fe8a (0xfe043783) ld      a5, -32(s0)
core   0: 3 0x000000008000fe8a (0xfe043783) x15 0x0000000080012071 mem 0x0000000080031f50
core   0: 0x000000008000fe8e (0x00178713) addi    a4, a5, 1
core   0: 3 0x000000008000fe8e (0x00178713) x14 0x0000000080012072
core   0: 0x000000008000fe92 (0xfee43023) sd      a4, -32(s0)
core   0: 3 0x000000008000fe92 (0xfee43023) mem 0x0000000080031f50 0x0000000080012072
core   0: 0x000000008000fe96 (0xfc442703) lw      a4, -60(s0)
core   0: 3 0x000000008000fe96 (0xfc442703) x14 0x0000000000000000 mem 0x0000000080031f34
core   0: 0x000000008000fe9a (0x0ff77713) andi    a4, a4, 255
core   0: 3 0x000000008000fe9a (0x0ff77713) x14 0x0000000000000000
core   0: 0x000000008000fe9e (0x00e78023) sb      a4, 0(a5)
core   0: 3 0x000000008000fe9e (0x00e78023) mem 0x0000000080012071 0x00
core   0: 0x000000008000fea2 (0xfc843703) ld      a4, -56(s0)
core   0: 3 0x000000008000fea2 (0xfc843703) x14 0x0000000080012040 mem 0x0000000080031f38
core   0: 0x000000008000fea6 (0xfb843783) ld      a5, -72(s0)
core   0: 3 0x000000008000fea6 (0xfb843783) x15 0x000000000000009c mem 0x0000000080031f28
core   0: 0x000000008000feaa (0x000097ba) c.add   a5, a4
core   0: 3 0x000000008000feaa (0x97ba) x15 0x00000000800120dc
core   0: 0x000000008000feac (0xfe043703) ld      a4, -32(s0)
core   0: 3 0x000000008000feac (0xfe043703) x14 0x0000000080012072 mem 0x0000000080031f50
core   0: 0x000000008000feb0 (0xfcf76de3) bltu    a4, a5, pc - 38
core   0: 3 0x000000008000feb0 (0xfcf76de3)
core   0: 0x000000008000fe8a (0xfe043783) ld      a5, -32(s0)
core   0: 3 0x000000008000fe8a (0xfe043783) x15 0x0000000080012072 mem 0x0000000080031f50
core   0: 0x000000008000fe8e (0x00178713) addi    a4, a5, 1
core   0: 3 0x000000008000fe8e (0x00178713) x14 0x0000000080012073
core   0: 0x000000008000fe92 (0xfee43023) sd      a4, -32(s0)
core   0: 3 0x000000008000fe92 (0xfee43023) mem 0x0000000080031f50 0x0000000080012073
core   0: 0x000000008000fe96 (0xfc442703) lw      a4, -60(s0)
core   0: 3 0x000000008000fe96 (0xfc442703) x14 0x0000000000000000 mem 0x0000000080031f34
core   0: 0x000000008000fe9a (0x0ff77713) andi    a4, a4, 255
core   0: 3 0x000000008000fe9a (0x0ff77713) x14 0x0000000000000000
core   0: 0x000000008000fe9e (0x00e78023) sb      a4, 0(a5)
core   0: 3 0x000000008000fe9e (0x00e78023) mem 0x0000000080012072 0x00
core   0: 0x000000008000fea2 (0xfc843703) ld      a4, -56(s0)
core   0: 3 0x000000008000fea2 (0xfc843703) x14 0x0000000080012040 mem 0x0000000080031f38
core   0: 0x000000008000fea6 (0xfb843783) ld      a5, -72(s0)
core   0: 3 0x000000008000fea6 (0xfb843783) x15 0x000000000000009c mem 0x0000000080031f28
core   0: 0x000000008000feaa (0x000097ba) c.add   a5, a4
core   0: 3 0x000000008000feaa (0x97ba) x15 0x00000000800120dc
core   0: 0x000000008000feac (0xfe043703) ld      a4, -32(s0)
core   0: 3 0x000000008000feac (0xfe043703) x14 0x0000000080012073 mem 0x0000000080031f50
core   0: 0x000000008000feb0 (0xfcf76de3) bltu    a4, a5, pc - 38
core   0: 3 0x000000008000feb0 (0xfcf76de3)
core   0: 0x000000008000fe8a (0xfe043783) ld      a5, -32(s0)
core   0: 3 0x000000008000fe8a (0xfe043783) x15 0x0000000080012073 mem 0x0000000080031f50
core   0: 0x000000008000fe8e (0x00178713) addi    a4, a5, 1
core   0: 3 0x000000008000fe8e (0x00178713) x14 0x0000000080012074
core   0: 0x000000008000fe92 (0xfee43023) sd      a4, -32(s0)
core   0: 3 0x000000008000fe92 (0xfee43023) mem 0x0000000080031f50 0x0000000080012074
core   0: 0x000000008000fe96 (0xfc442703) lw      a4, -60(s0)
core   0: 3 0x000000008000fe96 (0xfc442703) x14 0x0000000000000000 mem 0x0000000080031f34
core   0: 0x000000008000fe9a (0x0ff77713) andi    a4, a4, 255
core   0: 3 0x000000008000fe9a (0x0ff77713) x14 0x0000000000000000
core   0: 0x000000008000fe9e (0x00e78023) sb      a4, 0(a5)
core   0: 3 0x000000008000fe9e (0x00e78023) mem 0x0000000080012073 0x00
core   0: 0x000000008000fea2 (0xfc843703) ld      a4, -56(s0)
core   0: 3 0x000000008000fea2 (0xfc843703) x14 0x0000000080012040 mem 0x0000000080031f38
core   0: 0x000000008000fea6 (0xfb843783) ld      a5, -72(s0)
core   0: 3 0x000000008000fea6 (0xfb843783) x15 0x000000000000009c mem 0x0000000080031f28
core   0: 0x000000008000feaa (0x000097ba) c.add   a5, a4
core   0: 3 0x000000008000feaa (0x97ba) x15 0x00000000800120dc
core   0: 0x000000008000feac (0xfe043703) ld      a4, -32(s0)
core   0: 3 0x000000008000feac (0xfe043703) x14 0x0000000080012074 mem 0x0000000080031f50
core   0: 0x000000008000feb0 (0xfcf76de3) bltu    a4, a5, pc - 38
core   0: 3 0x000000008000feb0 (0xfcf76de3)
core   0: 0x000000008000fe8a (0xfe043783) ld      a5, -32(s0)
core   0: 3 0x000000008000fe8a (0xfe043783) x15 0x0000000080012074 mem 0x0000000080031f50
core   0: 0x000000008000fe8e (0x00178713) addi    a4, a5, 1
core   0: 3 0x000000008000fe8e (0x00178713) x14 0x0000000080012075
core   0: 0x000000008000fe92 (0xfee43023) sd      a4, -32(s0)
core   0: 3 0x000000008000fe92 (0xfee43023) mem 0x0000000080031f50 0x0000000080012075
core   0: 0x000000008000fe96 (0xfc442703) lw      a4, -60(s0)
core   0: 3 0x000000008000fe96 (0xfc442703) x14 0x0000000000000000 mem 0x0000000080031f34
core   0: 0x000000008000fe9a (0x0ff77713) andi    a4, a4, 255
core   0: 3 0x000000008000fe9a (0x0ff77713) x14 0x0000000000000000
core   0: 0x000000008000fe9e (0x00e78023) sb      a4, 0(a5)
core   0: 3 0x000000008000fe9e (0x00e78023) mem 0x0000000080012074 0x00
core   0: 0x000000008000fea2 (0xfc843703) ld      a4, -56(s0)
core   0: 3 0x000000008000fea2 (0xfc843703) x14 0x0000000080012040 mem 0x0000000080031f38
core   0: 0x000000008000fea6 (0xfb843783) ld      a5, -72(s0)
core   0: 3 0x000000008000fea6 (0xfb843783) x15 0x000000000000009c mem 0x0000000080031f28
core   0: 0x000000008000feaa (0x000097ba) c.add   a5, a4
core   0: 3 0x000000008000feaa (0x97ba) x15 0x00000000800120dc
core   0: 0x000000008000feac (0xfe043703) ld      a4, -32(s0)
core   0: 3 0x000000008000feac (0xfe043703) x14 0x0000000080012075 mem 0x0000000080031f50
core   0: 0x000000008000feb0 (0xfcf76de3) bltu    a4, a5, pc - 38
core   0: 3 0x000000008000feb0 (0xfcf76de3)
core   0: 0x000000008000fe8a (0xfe043783) ld      a5, -32(s0)
core   0: 3 0x000000008000fe8a (0xfe043783) x15 0x0000000080012075 mem 0x0000000080031f50
core   0: 0x000000008000fe8e (0x00178713) addi    a4, a5, 1
core   0: 3 0x000000008000fe8e (0x00178713) x14 0x0000000080012076
core   0: 0x000000008000fe92 (0xfee43023) sd      a4, -32(s0)
core   0: 3 0x000000008000fe92 (0xfee43023) mem 0x0000000080031f50 0x0000000080012076
core   0: 0x000000008000fe96 (0xfc442703) lw      a4, -60(s0)
core   0: 3 0x000000008000fe96 (0xfc442703) x14 0x0000000000000000 mem 0x0000000080031f34
core   0: 0x000000008000fe9a (0x0ff77713) andi    a4, a4, 255
core   0: 3 0x000000008000fe9a (0x0ff77713) x14 0x0000000000000000
core   0: 0x000000008000fe9e (0x00e78023) sb      a4, 0(a5)
core   0: 3 0x000000008000fe9e (0x00e78023) mem 0x0000000080012075 0x00
core   0: 0x000000008000fea2 (0xfc843703) ld      a4, -56(s0)
core   0: 3 0x000000008000fea2 (0xfc843703) x14 0x0000000080012040 mem 0x0000000080031f38
core   0: 0x000000008000fea6 (0xfb843783) ld      a5, -72(s0)
core   0: 3 0x000000008000fea6 (0xfb843783) x15 0x000000000000009c mem 0x0000000080031f28
core   0: 0x000000008000feaa (0x000097ba) c.add   a5, a4
core   0: 3 0x000000008000feaa (0x97ba) x15 0x00000000800120dc
core   0: 0x000000008000feac (0xfe043703) ld      a4, -32(s0)
core   0: 3 0x000000008000feac (0xfe043703) x14 0x0000000080012076 mem 0x0000000080031f50
core   0: 0x000000008000feb0 (0xfcf76de3) bltu    a4, a5, pc - 38
core   0: 3 0x000000008000feb0 (0xfcf76de3)
core   0: 0x000000008000fe8a (0xfe043783) ld      a5, -32(s0)
core   0: 3 0x000000008000fe8a (0xfe043783) x15 0x0000000080012076 mem 0x0000000080031f50
core   0: 0x000000008000fe8e (0x00178713) addi    a4, a5, 1
core   0: 3 0x000000008000fe8e (0x00178713) x14 0x0000000080012077
core   0: 0x000000008000fe92 (0xfee43023) sd      a4, -32(s0)
core   0: 3 0x000000008000fe92 (0xfee43023) mem 0x0000000080031f50 0x0000000080012077
core   0: 0x000000008000fe96 (0xfc442703) lw      a4, -60(s0)
core   0: 3 0x000000008000fe96 (0xfc442703) x14 0x0000000000000000 mem 0x0000000080031f34
core   0: 0x000000008000fe9a (0x0ff77713) andi    a4, a4, 255
core   0: 3 0x000000008000fe9a (0x0ff77713) x14 0x0000000000000000
core   0: 0x000000008000fe9e (0x00e78023) sb      a4, 0(a5)
core   0: 3 0x000000008000fe9e (0x00e78023) mem 0x0000000080012076 0x00
core   0: 0x000000008000fea2 (0xfc843703) ld      a4, -56(s0)
core   0: 3 0x000000008000fea2 (0xfc843703) x14 0x0000000080012040 mem 0x0000000080031f38
core   0: 0x000000008000fea6 (0xfb843783) ld      a5, -72(s0)
core   0: 3 0x000000008000fea6 (0xfb843783) x15 0x000000000000009c mem 0x0000000080031f28
core   0: 0x000000008000feaa (0x000097ba) c.add   a5, a4
core   0: 3 0x000000008000feaa (0x97ba) x15 0x00000000800120dc
core   0: 0x000000008000feac (0xfe043703) ld      a4, -32(s0)
core   0: 3 0x000000008000feac (0xfe043703) x14 0x0000000080012077 mem 0x0000000080031f50
core   0: 0x000000008000feb0 (0xfcf76de3) bltu    a4, a5, pc - 38
core   0: 3 0x000000008000feb0 (0xfcf76de3)
core   0: 0x000000008000fe8a (0xfe043783) ld      a5, -32(s0)
core   0: 3 0x000000008000fe8a (0xfe043783) x15 0x0000000080012077 mem 0x0000000080031f50
core   0: 0x000000008000fe8e (0x00178713) addi    a4, a5, 1
core   0: 3 0x000000008000fe8e (0x00178713) x14 0x0000000080012078
core   0: 0x000000008000fe92 (0xfee43023) sd      a4, -32(s0)
core   0: 3 0x000000008000fe92 (0xfee43023) mem 0x0000000080031f50 0x0000000080012078
core   0: 0x000000008000fe96 (0xfc442703) lw      a4, -60(s0)
core   0: 3 0x000000008000fe96 (0xfc442703) x14 0x0000000000000000 mem 0x0000000080031f34
core   0: 0x000000008000fe9a (0x0ff77713) andi    a4, a4, 255
core   0: 3 0x000000008000fe9a (0x0ff77713) x14 0x0000000000000000
core   0: 0x000000008000fe9e (0x00e78023) sb      a4, 0(a5)
core   0: 3 0x000000008000fe9e (0x00e78023) mem 0x0000000080012077 0x00
core   0: 0x000000008000fea2 (0xfc843703) ld      a4, -56(s0)
core   0: 3 0x000000008000fea2 (0xfc843703) x14 0x0000000080012040 mem 0x0000000080031f38
core   0: 0x000000008000fea6 (0xfb843783) ld      a5, -72(s0)
core   0: 3 0x000000008000fea6 (0xfb843783) x15 0x000000000000009c mem 0x0000000080031f28
core   0: 0x000000008000feaa (0x000097ba) c.add   a5, a4
core   0: 3 0x000000008000feaa (0x97ba) x15 0x00000000800120dc
core   0: 0x000000008000feac (0xfe043703) ld      a4, -32(s0)
core   0: 3 0x000000008000feac (0xfe043703) x14 0x0000000080012078 mem 0x0000000080031f50
core   0: 0x000000008000feb0 (0xfcf76de3) bltu    a4, a5, pc - 38
core   0: 3 0x000000008000feb0 (0xfcf76de3)
core   0: 0x000000008000fe8a (0xfe043783) ld      a5, -32(s0)
core   0: 3 0x000000008000fe8a (0xfe043783) x15 0x0000000080012078 mem 0x0000000080031f50
core   0: 0x000000008000fe8e (0x00178713) addi    a4, a5, 1
core   0: 3 0x000000008000fe8e (0x00178713) x14 0x0000000080012079
core   0: 0x000000008000fe92 (0xfee43023) sd      a4, -32(s0)
core   0: 3 0x000000008000fe92 (0xfee43023) mem 0x0000000080031f50 0x0000000080012079
core   0: 0x000000008000fe96 (0xfc442703) lw      a4, -60(s0)
core   0: 3 0x000000008000fe96 (0xfc442703) x14 0x0000000000000000 mem 0x0000000080031f34
core   0: 0x000000008000fe9a (0x0ff77713) andi    a4, a4, 255
core   0: 3 0x000000008000fe9a (0x0ff77713) x14 0x0000000000000000
core   0: 0x000000008000fe9e (0x00e78023) sb      a4, 0(a5)
core   0: 3 0x000000008000fe9e (0x00e78023) mem 0x0000000080012078 0x00
core   0: 0x000000008000fea2 (0xfc843703) ld      a4, -56(s0)
core   0: 3 0x000000008000fea2 (0xfc843703) x14 0x0000000080012040 mem 0x0000000080031f38
core   0: 0x000000008000fea6 (0xfb843783) ld      a5, -72(s0)
core   0: 3 0x000000008000fea6 (0xfb843783) x15 0x000000000000009c mem 0x0000000080031f28
core   0: 0x000000008000feaa (0x000097ba) c.add   a5, a4
core   0: 3 0x000000008000feaa (0x97ba) x15 0x00000000800120dc
core   0: 0x000000008000feac (0xfe043703) ld      a4, -32(s0)
core   0: 3 0x000000008000feac (0xfe043703) x14 0x0000000080012079 mem 0x0000000080031f50
core   0: 0x000000008000feb0 (0xfcf76de3) bltu    a4, a5, pc - 38
core   0: 3 0x000000008000feb0 (0xfcf76de3)
core   0: 0x000000008000fe8a (0xfe043783) ld      a5, -32(s0)
core   0: 3 0x000000008000fe8a (0xfe043783) x15 0x0000000080012079 mem 0x0000000080031f50
core   0: 0x000000008000fe8e (0x00178713) addi    a4, a5, 1
core   0: 3 0x000000008000fe8e (0x00178713) x14 0x000000008001207a
core   0: 0x000000008000fe92 (0xfee43023) sd      a4, -32(s0)
core   0: 3 0x000000008000fe92 (0xfee43023) mem 0x0000000080031f50 0x000000008001207a
core   0: 0x000000008000fe96 (0xfc442703) lw      a4, -60(s0)
core   0: 3 0x000000008000fe96 (0xfc442703) x14 0x0000000000000000 mem 0x0000000080031f34
core   0: 0x000000008000fe9a (0x0ff77713) andi    a4, a4, 255
core   0: 3 0x000000008000fe9a (0x0ff77713) x14 0x0000000000000000
core   0: 0x000000008000fe9e (0x00e78023) sb      a4, 0(a5)
core   0: 3 0x000000008000fe9e (0x00e78023) mem 0x0000000080012079 0x00
core   0: 0x000000008000fea2 (0xfc843703) ld      a4, -56(s0)
core   0: 3 0x000000008000fea2 (0xfc843703) x14 0x0000000080012040 mem 0x0000000080031f38
core   0: 0x000000008000fea6 (0xfb843783) ld      a5, -72(s0)
core   0: 3 0x000000008000fea6 (0xfb843783) x15 0x000000000000009c mem 0x0000000080031f28
core   0: 0x000000008000feaa (0x000097ba) c.add   a5, a4
core   0: 3 0x000000008000feaa (0x97ba) x15 0x00000000800120dc
core   0: 0x000000008000feac (0xfe043703) ld      a4, -32(s0)
core   0: 3 0x000000008000feac (0xfe043703) x14 0x000000008001207a mem 0x0000000080031f50
core   0: 0x000000008000feb0 (0xfcf76de3) bltu    a4, a5, pc - 38
core   0: 3 0x000000008000feb0 (0xfcf76de3)
core   0: 0x000000008000fe8a (0xfe043783) ld      a5, -32(s0)
core   0: 3 0x000000008000fe8a (0xfe043783) x15 0x000000008001207a mem 0x0000000080031f50
core   0: 0x000000008000fe8e (0x00178713) addi    a4, a5, 1
core   0: 3 0x000000008000fe8e (0x00178713) x14 0x000000008001207b
core   0: 0x000000008000fe92 (0xfee43023) sd      a4, -32(s0)
core   0: 3 0x000000008000fe92 (0xfee43023) mem 0x0000000080031f50 0x000000008001207b
core   0: 0x000000008000fe96 (0xfc442703) lw      a4, -60(s0)
core   0: 3 0x000000008000fe96 (0xfc442703) x14 0x0000000000000000 mem 0x0000000080031f34
core   0: 0x000000008000fe9a (0x0ff77713) andi    a4, a4, 255
core   0: 3 0x000000008000fe9a (0x0ff77713) x14 0x0000000000000000
core   0: 0x000000008000fe9e (0x00e78023) sb      a4, 0(a5)
core   0: 3 0x000000008000fe9e (0x00e78023) mem 0x000000008001207a 0x00
core   0: 0x000000008000fea2 (0xfc843703) ld      a4, -56(s0)
core   0: 3 0x000000008000fea2 (0xfc843703) x14 0x0000000080012040 mem 0x0000000080031f38
core   0: 0x000000008000fea6 (0xfb843783) ld      a5, -72(s0)
core   0: 3 0x000000008000fea6 (0xfb843783) x15 0x000000000000009c mem 0x0000000080031f28
core   0: 0x000000008000feaa (0x000097ba) c.add   a5, a4
core   0: 3 0x000000008000feaa (0x97ba) x15 0x00000000800120dc
core   0: 0x000000008000feac (0xfe043703) ld      a4, -32(s0)
core   0: 3 0x000000008000feac (0xfe043703) x14 0x000000008001207b mem 0x0000000080031f50
core   0: 0x000000008000feb0 (0xfcf76de3) bltu    a4, a5, pc - 38
core   0: 3 0x000000008000feb0 (0xfcf76de3)
core   0: 0x000000008000fe8a (0xfe043783) ld      a5, -32(s0)
core   0: 3 0x000000008000fe8a (0xfe043783) x15 0x000000008001207b mem 0x0000000080031f50
core   0: 0x000000008000fe8e (0x00178713) addi    a4, a5, 1
core   0: 3 0x000000008000fe8e (0x00178713) x14 0x000000008001207c
core   0: 0x000000008000fe92 (0xfee43023) sd      a4, -32(s0)
core   0: 3 0x000000008000fe92 (0xfee43023) mem 0x0000000080031f50 0x000000008001207c
core   0: 0x000000008000fe96 (0xfc442703) lw      a4, -60(s0)
core   0: 3 0x000000008000fe96 (0xfc442703) x14 0x0000000000000000 mem 0x0000000080031f34
core   0: 0x000000008000fe9a (0x0ff77713) andi    a4, a4, 255
core   0: 3 0x000000008000fe9a (0x0ff77713) x14 0x0000000000000000
core   0: 0x000000008000fe9e (0x00e78023) sb      a4, 0(a5)
core   0: 3 0x000000008000fe9e (0x00e78023) mem 0x000000008001207b 0x00
core   0: 0x000000008000fea2 (0xfc843703) ld      a4, -56(s0)
core   0: 3 0x000000008000fea2 (0xfc843703) x14 0x0000000080012040 mem 0x0000000080031f38
core   0: 0x000000008000fea6 (0xfb843783) ld      a5, -72(s0)
core   0: 3 0x000000008000fea6 (0xfb843783) x15 0x000000000000009c mem 0x0000000080031f28
core   0: 0x000000008000feaa (0x000097ba) c.add   a5, a4
core   0: 3 0x000000008000feaa (0x97ba) x15 0x00000000800120dc
core   0: 0x000000008000feac (0xfe043703) ld      a4, -32(s0)
core   0: 3 0x000000008000feac (0xfe043703) x14 0x000000008001207c mem 0x0000000080031f50
core   0: 0x000000008000feb0 (0xfcf76de3) bltu    a4, a5, pc - 38
core   0: 3 0x000000008000feb0 (0xfcf76de3)
core   0: 0x000000008000fe8a (0xfe043783) ld      a5, -32(s0)
core   0: 3 0x000000008000fe8a (0xfe043783) x15 0x000000008001207c mem 0x0000000080031f50
core   0: 0x000000008000fe8e (0x00178713) addi    a4, a5, 1
core   0: 3 0x000000008000fe8e (0x00178713) x14 0x000000008001207d
core   0: 0x000000008000fe92 (0xfee43023) sd      a4, -32(s0)
core   0: 3 0x000000008000fe92 (0xfee43023) mem 0x0000000080031f50 0x000000008001207d
core   0: 0x000000008000fe96 (0xfc442703) lw      a4, -60(s0)
core   0: 3 0x000000008000fe96 (0xfc442703) x14 0x0000000000000000 mem 0x0000000080031f34
core   0: 0x000000008000fe9a (0x0ff77713) andi    a4, a4, 255
core   0: 3 0x000000008000fe9a (0x0ff77713) x14 0x0000000000000000
core   0: 0x000000008000fe9e (0x00e78023) sb      a4, 0(a5)
core   0: 3 0x000000008000fe9e (0x00e78023) mem 0x000000008001207c 0x00
core   0: 0x000000008000fea2 (0xfc843703) ld      a4, -56(s0)
core   0: 3 0x000000008000fea2 (0xfc843703) x14 0x0000000080012040 mem 0x0000000080031f38
core   0: 0x000000008000fea6 (0xfb843783) ld      a5, -72(s0)
core   0: 3 0x000000008000fea6 (0xfb843783) x15 0x000000000000009c mem 0x0000000080031f28
core   0: 0x000000008000feaa (0x000097ba) c.add   a5, a4
core   0: 3 0x000000008000feaa (0x97ba) x15 0x00000000800120dc
core   0: 0x000000008000feac (0xfe043703) ld      a4, -32(s0)
core   0: 3 0x000000008000feac (0xfe043703) x14 0x000000008001207d mem 0x0000000080031f50
core   0: 0x000000008000feb0 (0xfcf76de3) bltu    a4, a5, pc - 38
core   0: 3 0x000000008000feb0 (0xfcf76de3)
core   0: 0x000000008000fe8a (0xfe043783) ld      a5, -32(s0)
core   0: 3 0x000000008000fe8a (0xfe043783) x15 0x000000008001207d mem 0x0000000080031f50
core   0: 0x000000008000fe8e (0x00178713) addi    a4, a5, 1
core   0: 3 0x000000008000fe8e (0x00178713) x14 0x000000008001207e
core   0: 0x000000008000fe92 (0xfee43023) sd      a4, -32(s0)
core   0: 3 0x000000008000fe92 (0xfee43023) mem 0x0000000080031f50 0x000000008001207e
core   0: 0x000000008000fe96 (0xfc442703) lw      a4, -60(s0)
core   0: 3 0x000000008000fe96 (0xfc442703) x14 0x0000000000000000 mem 0x0000000080031f34
core   0: 0x000000008000fe9a (0x0ff77713) andi    a4, a4, 255
core   0: 3 0x000000008000fe9a (0x0ff77713) x14 0x0000000000000000
core   0: 0x000000008000fe9e (0x00e78023) sb      a4, 0(a5)
core   0: 3 0x000000008000fe9e (0x00e78023) mem 0x000000008001207d 0x00
core   0: 0x000000008000fea2 (0xfc843703) ld      a4, -56(s0)
core   0: 3 0x000000008000fea2 (0xfc843703) x14 0x0000000080012040 mem 0x0000000080031f38
core   0: 0x000000008000fea6 (0xfb843783) ld      a5, -72(s0)
core   0: 3 0x000000008000fea6 (0xfb843783) x15 0x000000000000009c mem 0x0000000080031f28
core   0: 0x000000008000feaa (0x000097ba) c.add   a5, a4
core   0: 3 0x000000008000feaa (0x97ba) x15 0x00000000800120dc
core   0: 0x000000008000feac (0xfe043703) ld      a4, -32(s0)
core   0: 3 0x000000008000feac (0xfe043703) x14 0x000000008001207e mem 0x0000000080031f50
core   0: 0x000000008000feb0 (0xfcf76de3) bltu    a4, a5, pc - 38
core   0: 3 0x000000008000feb0 (0xfcf76de3)
core   0: 0x000000008000fe8a (0xfe043783) ld      a5, -32(s0)
core   0: 3 0x000000008000fe8a (0xfe043783) x15 0x000000008001207e mem 0x0000000080031f50
core   0: 0x000000008000fe8e (0x00178713) addi    a4, a5, 1
core   0: 3 0x000000008000fe8e (0x00178713) x14 0x000000008001207f
core   0: 0x000000008000fe92 (0xfee43023) sd      a4, -32(s0)
core   0: 3 0x000000008000fe92 (0xfee43023) mem 0x0000000080031f50 0x000000008001207f
core   0: 0x000000008000fe96 (0xfc442703) lw      a4, -60(s0)
core   0: 3 0x000000008000fe96 (0xfc442703) x14 0x0000000000000000 mem 0x0000000080031f34
core   0: 0x000000008000fe9a (0x0ff77713) andi    a4, a4, 255
core   0: 3 0x000000008000fe9a (0x0ff77713) x14 0x0000000000000000
core   0: 0x000000008000fe9e (0x00e78023) sb      a4, 0(a5)
core   0: 3 0x000000008000fe9e (0x00e78023) mem 0x000000008001207e 0x00
core   0: 0x000000008000fea2 (0xfc843703) ld      a4, -56(s0)
core   0: 3 0x000000008000fea2 (0xfc843703) x14 0x0000000080012040 mem 0x0000000080031f38
core   0: 0x000000008000fea6 (0xfb843783) ld      a5, -72(s0)
core   0: 3 0x000000008000fea6 (0xfb843783) x15 0x000000000000009c mem 0x0000000080031f28
core   0: 0x000000008000feaa (0x000097ba) c.add   a5, a4
core   0: 3 0x000000008000feaa (0x97ba) x15 0x00000000800120dc
core   0: 0x000000008000feac (0xfe043703) ld      a4, -32(s0)
core   0: 3 0x000000008000feac (0xfe043703) x14 0x000000008001207f mem 0x0000000080031f50
core   0: 0x000000008000feb0 (0xfcf76de3) bltu    a4, a5, pc - 38
core   0: 3 0x000000008000feb0 (0xfcf76de3)
core   0: 0x000000008000fe8a (0xfe043783) ld      a5, -32(s0)
core   0: 3 0x000000008000fe8a (0xfe043783) x15 0x000000008001207f mem 0x0000000080031f50
core   0: 0x000000008000fe8e (0x00178713) addi    a4, a5, 1
core   0: 3 0x000000008000fe8e (0x00178713) x14 0x0000000080012080
core   0: 0x000000008000fe92 (0xfee43023) sd      a4, -32(s0)
core   0: 3 0x000000008000fe92 (0xfee43023) mem 0x0000000080031f50 0x0000000080012080
core   0: 0x000000008000fe96 (0xfc442703) lw      a4, -60(s0)
core   0: 3 0x000000008000fe96 (0xfc442703) x14 0x0000000000000000 mem 0x0000000080031f34
core   0: 0x000000008000fe9a (0x0ff77713) andi    a4, a4, 255
core   0: 3 0x000000008000fe9a (0x0ff77713) x14 0x0000000000000000
core   0: 0x000000008000fe9e (0x00e78023) sb      a4, 0(a5)
core   0: 3 0x000000008000fe9e (0x00e78023) mem 0x000000008001207f 0x00
core   0: 0x000000008000fea2 (0xfc843703) ld      a4, -56(s0)
core   0: 3 0x000000008000fea2 (0xfc843703) x14 0x0000000080012040 mem 0x0000000080031f38
core   0: 0x000000008000fea6 (0xfb843783) ld      a5, -72(s0)
core   0: 3 0x000000008000fea6 (0xfb843783) x15 0x000000000000009c mem 0x0000000080031f28
core   0: 0x000000008000feaa (0x000097ba) c.add   a5, a4
core   0: 3 0x000000008000feaa (0x97ba) x15 0x00000000800120dc
core   0: 0x000000008000feac (0xfe043703) ld      a4, -32(s0)
core   0: 3 0x000000008000feac (0xfe043703) x14 0x0000000080012080 mem 0x0000000080031f50
core   0: 0x000000008000feb0 (0xfcf76de3) bltu    a4, a5, pc - 38
core   0: 3 0x000000008000feb0 (0xfcf76de3)
core   0: 0x000000008000fe8a (0xfe043783) ld      a5, -32(s0)
core   0: 3 0x000000008000fe8a (0xfe043783) x15 0x0000000080012080 mem 0x0000000080031f50
core   0: 0x000000008000fe8e (0x00178713) addi    a4, a5, 1
core   0: 3 0x000000008000fe8e (0x00178713) x14 0x0000000080012081
core   0: 0x000000008000fe92 (0xfee43023) sd      a4, -32(s0)
core   0: 3 0x000000008000fe92 (0xfee43023) mem 0x0000000080031f50 0x0000000080012081
core   0: 0x000000008000fe96 (0xfc442703) lw      a4, -60(s0)
core   0: 3 0x000000008000fe96 (0xfc442703) x14 0x0000000000000000 mem 0x0000000080031f34
core   0: 0x000000008000fe9a (0x0ff77713) andi    a4, a4, 255
core   0: 3 0x000000008000fe9a (0x0ff77713) x14 0x0000000000000000
core   0: 0x000000008000fe9e (0x00e78023) sb      a4, 0(a5)
core   0: 3 0x000000008000fe9e (0x00e78023) mem 0x0000000080012080 0x00
core   0: 0x000000008000fea2 (0xfc843703) ld      a4, -56(s0)
core   0: 3 0x000000008000fea2 (0xfc843703) x14 0x0000000080012040 mem 0x0000000080031f38
core   0: 0x000000008000fea6 (0xfb843783) ld      a5, -72(s0)
core   0: 3 0x000000008000fea6 (0xfb843783) x15 0x000000000000009c mem 0x0000000080031f28
core   0: 0x000000008000feaa (0x000097ba) c.add   a5, a4
core   0: 3 0x000000008000feaa (0x97ba) x15 0x00000000800120dc
core   0: 0x000000008000feac (0xfe043703) ld      a4, -32(s0)
core   0: 3 0x000000008000feac (0xfe043703) x14 0x0000000080012081 mem 0x0000000080031f50
core   0: 0x000000008000feb0 (0xfcf76de3) bltu    a4, a5, pc - 38
core   0: 3 0x000000008000feb0 (0xfcf76de3)
core   0: 0x000000008000fe8a (0xfe043783) ld      a5, -32(s0)
core   0: 3 0x000000008000fe8a (0xfe043783) x15 0x0000000080012081 mem 0x0000000080031f50
core   0: 0x000000008000fe8e (0x00178713) addi    a4, a5, 1
core   0: 3 0x000000008000fe8e (0x00178713) x14 0x0000000080012082
core   0: 0x000000008000fe92 (0xfee43023) sd      a4, -32(s0)
core   0: 3 0x000000008000fe92 (0xfee43023) mem 0x0000000080031f50 0x0000000080012082
core   0: 0x000000008000fe96 (0xfc442703) lw      a4, -60(s0)
core   0: 3 0x000000008000fe96 (0xfc442703) x14 0x0000000000000000 mem 0x0000000080031f34
core   0: 0x000000008000fe9a (0x0ff77713) andi    a4, a4, 255
core   0: 3 0x000000008000fe9a (0x0ff77713) x14 0x0000000000000000
core   0: 0x000000008000fe9e (0x00e78023) sb      a4, 0(a5)
core   0: 3 0x000000008000fe9e (0x00e78023) mem 0x0000000080012081 0x00
core   0: 0x000000008000fea2 (0xfc843703) ld      a4, -56(s0)
core   0: 3 0x000000008000fea2 (0xfc843703) x14 0x0000000080012040 mem 0x0000000080031f38
core   0: 0x000000008000fea6 (0xfb843783) ld      a5, -72(s0)
core   0: 3 0x000000008000fea6 (0xfb843783) x15 0x000000000000009c mem 0x0000000080031f28
core   0: 0x000000008000feaa (0x000097ba) c.add   a5, a4
core   0: 3 0x000000008000feaa (0x97ba) x15 0x00000000800120dc
core   0: 0x000000008000feac (0xfe043703) ld      a4, -32(s0)
core   0: 3 0x000000008000feac (0xfe043703) x14 0x0000000080012082 mem 0x0000000080031f50
core   0: 0x000000008000feb0 (0xfcf76de3) bltu    a4, a5, pc - 38
core   0: 3 0x000000008000feb0 (0xfcf76de3)
core   0: 0x000000008000fe8a (0xfe043783) ld      a5, -32(s0)
core   0: 3 0x000000008000fe8a (0xfe043783) x15 0x0000000080012082 mem 0x0000000080031f50
core   0: 0x000000008000fe8e (0x00178713) addi    a4, a5, 1
core   0: 3 0x000000008000fe8e (0x00178713) x14 0x0000000080012083
core   0: 0x000000008000fe92 (0xfee43023) sd      a4, -32(s0)
core   0: 3 0x000000008000fe92 (0xfee43023) mem 0x0000000080031f50 0x0000000080012083
core   0: 0x000000008000fe96 (0xfc442703) lw      a4, -60(s0)
core   0: 3 0x000000008000fe96 (0xfc442703) x14 0x0000000000000000 mem 0x0000000080031f34
core   0: 0x000000008000fe9a (0x0ff77713) andi    a4, a4, 255
core   0: 3 0x000000008000fe9a (0x0ff77713) x14 0x0000000000000000
core   0: 0x000000008000fe9e (0x00e78023) sb      a4, 0(a5)
core   0: 3 0x000000008000fe9e (0x00e78023) mem 0x0000000080012082 0x00
core   0: 0x000000008000fea2 (0xfc843703) ld      a4, -56(s0)
core   0: 3 0x000000008000fea2 (0xfc843703) x14 0x0000000080012040 mem 0x0000000080031f38
core   0: 0x000000008000fea6 (0xfb843783) ld      a5, -72(s0)
core   0: 3 0x000000008000fea6 (0xfb843783) x15 0x000000000000009c mem 0x0000000080031f28
core   0: 0x000000008000feaa (0x000097ba) c.add   a5, a4
core   0: 3 0x000000008000feaa (0x97ba) x15 0x00000000800120dc
core   0: 0x000000008000feac (0xfe043703) ld      a4, -32(s0)
core   0: 3 0x000000008000feac (0xfe043703) x14 0x0000000080012083 mem 0x0000000080031f50
core   0: 0x000000008000feb0 (0xfcf76de3) bltu    a4, a5, pc - 38
core   0: 3 0x000000008000feb0 (0xfcf76de3)
core   0: 0x000000008000fe8a (0xfe043783) ld      a5, -32(s0)
core   0: 3 0x000000008000fe8a (0xfe043783) x15 0x0000000080012083 mem 0x0000000080031f50
core   0: 0x000000008000fe8e (0x00178713) addi    a4, a5, 1
core   0: 3 0x000000008000fe8e (0x00178713) x14 0x0000000080012084
core   0: 0x000000008000fe92 (0xfee43023) sd      a4, -32(s0)
core   0: 3 0x000000008000fe92 (0xfee43023) mem 0x0000000080031f50 0x0000000080012084
core   0: 0x000000008000fe96 (0xfc442703) lw      a4, -60(s0)
core   0: 3 0x000000008000fe96 (0xfc442703) x14 0x0000000000000000 mem 0x0000000080031f34
core   0: 0x000000008000fe9a (0x0ff77713) andi    a4, a4, 255
core   0: 3 0x000000008000fe9a (0x0ff77713) x14 0x0000000000000000
core   0: 0x000000008000fe9e (0x00e78023) sb      a4, 0(a5)
core   0: 3 0x000000008000fe9e (0x00e78023) mem 0x0000000080012083 0x00
core   0: 0x000000008000fea2 (0xfc843703) ld      a4, -56(s0)
core   0: 3 0x000000008000fea2 (0xfc843703) x14 0x0000000080012040 mem 0x0000000080031f38
core   0: 0x000000008000fea6 (0xfb843783) ld      a5, -72(s0)
core   0: 3 0x000000008000fea6 (0xfb843783) x15 0x000000000000009c mem 0x0000000080031f28
core   0: 0x000000008000feaa (0x000097ba) c.add   a5, a4
core   0: 3 0x000000008000feaa (0x97ba) x15 0x00000000800120dc
core   0: 0x000000008000feac (0xfe043703) ld      a4, -32(s0)
core   0: 3 0x000000008000feac (0xfe043703) x14 0x0000000080012084 mem 0x0000000080031f50
core   0: 0x000000008000feb0 (0xfcf76de3) bltu    a4, a5, pc - 38
core   0: 3 0x000000008000feb0 (0xfcf76de3)
core   0: 0x000000008000fe8a (0xfe043783) ld      a5, -32(s0)
core   0: 3 0x000000008000fe8a (0xfe043783) x15 0x0000000080012084 mem 0x0000000080031f50
core   0: 0x000000008000fe8e (0x00178713) addi    a4, a5, 1
core   0: 3 0x000000008000fe8e (0x00178713) x14 0x0000000080012085
core   0: 0x000000008000fe92 (0xfee43023) sd      a4, -32(s0)
core   0: 3 0x000000008000fe92 (0xfee43023) mem 0x0000000080031f50 0x0000000080012085
core   0: 0x000000008000fe96 (0xfc442703) lw      a4, -60(s0)
core   0: 3 0x000000008000fe96 (0xfc442703) x14 0x0000000000000000 mem 0x0000000080031f34
core   0: 0x000000008000fe9a (0x0ff77713) andi    a4, a4, 255
core   0: 3 0x000000008000fe9a (0x0ff77713) x14 0x0000000000000000
core   0: 0x000000008000fe9e (0x00e78023) sb      a4, 0(a5)
core   0: 3 0x000000008000fe9e (0x00e78023) mem 0x0000000080012084 0x00
core   0: 0x000000008000fea2 (0xfc843703) ld      a4, -56(s0)
core   0: 3 0x000000008000fea2 (0xfc843703) x14 0x0000000080012040 mem 0x0000000080031f38
core   0: 0x000000008000fea6 (0xfb843783) ld      a5, -72(s0)
core   0: 3 0x000000008000fea6 (0xfb843783) x15 0x000000000000009c mem 0x0000000080031f28
core   0: 0x000000008000feaa (0x000097ba) c.add   a5, a4
core   0: 3 0x000000008000feaa (0x97ba) x15 0x00000000800120dc
core   0: 0x000000008000feac (0xfe043703) ld      a4, -32(s0)
core   0: 3 0x000000008000feac (0xfe043703) x14 0x0000000080012085 mem 0x0000000080031f50
core   0: 0x000000008000feb0 (0xfcf76de3) bltu    a4, a5, pc - 38
core   0: 3 0x000000008000feb0 (0xfcf76de3)
core   0: 0x000000008000fe8a (0xfe043783) ld      a5, -32(s0)
core   0: 3 0x000000008000fe8a (0xfe043783) x15 0x0000000080012085 mem 0x0000000080031f50
core   0: 0x000000008000fe8e (0x00178713) addi    a4, a5, 1
core   0: 3 0x000000008000fe8e (0x00178713) x14 0x0000000080012086
core   0: 0x000000008000fe92 (0xfee43023) sd      a4, -32(s0)
core   0: 3 0x000000008000fe92 (0xfee43023) mem 0x0000000080031f50 0x0000000080012086
core   0: 0x000000008000fe96 (0xfc442703) lw      a4, -60(s0)
core   0: 3 0x000000008000fe96 (0xfc442703) x14 0x0000000000000000 mem 0x0000000080031f34
core   0: 0x000000008000fe9a (0x0ff77713) andi    a4, a4, 255
core   0: 3 0x000000008000fe9a (0x0ff77713) x14 0x0000000000000000
core   0: 0x000000008000fe9e (0x00e78023) sb      a4, 0(a5)
core   0: 3 0x000000008000fe9e (0x00e78023) mem 0x0000000080012085 0x00
core   0: 0x000000008000fea2 (0xfc843703) ld      a4, -56(s0)
core   0: 3 0x000000008000fea2 (0xfc843703) x14 0x0000000080012040 mem 0x0000000080031f38
core   0: 0x000000008000fea6 (0xfb843783) ld      a5, -72(s0)
core   0: 3 0x000000008000fea6 (0xfb843783) x15 0x000000000000009c mem 0x0000000080031f28
core   0: 0x000000008000feaa (0x000097ba) c.add   a5, a4
core   0: 3 0x000000008000feaa (0x97ba) x15 0x00000000800120dc
core   0: 0x000000008000feac (0xfe043703) ld      a4, -32(s0)
core   0: 3 0x000000008000feac (0xfe043703) x14 0x0000000080012086 mem 0x0000000080031f50
core   0: 0x000000008000feb0 (0xfcf76de3) bltu    a4, a5, pc - 38
core   0: 3 0x000000008000feb0 (0xfcf76de3)
core   0: 0x000000008000fe8a (0xfe043783) ld      a5, -32(s0)
core   0: 3 0x000000008000fe8a (0xfe043783) x15 0x0000000080012086 mem 0x0000000080031f50
core   0: 0x000000008000fe8e (0x00178713) addi    a4, a5, 1
core   0: 3 0x000000008000fe8e (0x00178713) x14 0x0000000080012087
core   0: 0x000000008000fe92 (0xfee43023) sd      a4, -32(s0)
core   0: 3 0x000000008000fe92 (0xfee43023) mem 0x0000000080031f50 0x0000000080012087
core   0: 0x000000008000fe96 (0xfc442703) lw      a4, -60(s0)
core   0: 3 0x000000008000fe96 (0xfc442703) x14 0x0000000000000000 mem 0x0000000080031f34
core   0: 0x000000008000fe9a (0x0ff77713) andi    a4, a4, 255
core   0: 3 0x000000008000fe9a (0x0ff77713) x14 0x0000000000000000
core   0: 0x000000008000fe9e (0x00e78023) sb      a4, 0(a5)
core   0: 3 0x000000008000fe9e (0x00e78023) mem 0x0000000080012086 0x00
core   0: 0x000000008000fea2 (0xfc843703) ld      a4, -56(s0)
core   0: 3 0x000000008000fea2 (0xfc843703) x14 0x0000000080012040 mem 0x0000000080031f38
core   0: 0x000000008000fea6 (0xfb843783) ld      a5, -72(s0)
core   0: 3 0x000000008000fea6 (0xfb843783) x15 0x000000000000009c mem 0x0000000080031f28
core   0: 0x000000008000feaa (0x000097ba) c.add   a5, a4
core   0: 3 0x000000008000feaa (0x97ba) x15 0x00000000800120dc
core   0: 0x000000008000feac (0xfe043703) ld      a4, -32(s0)
core   0: 3 0x000000008000feac (0xfe043703) x14 0x0000000080012087 mem 0x0000000080031f50
core   0: 0x000000008000feb0 (0xfcf76de3) bltu    a4, a5, pc - 38
core   0: 3 0x000000008000feb0 (0xfcf76de3)
core   0: 0x000000008000fe8a (0xfe043783) ld      a5, -32(s0)
core   0: 3 0x000000008000fe8a (0xfe043783) x15 0x0000000080012087 mem 0x0000000080031f50
core   0: 0x000000008000fe8e (0x00178713) addi    a4, a5, 1
core   0: 3 0x000000008000fe8e (0x00178713) x14 0x0000000080012088
core   0: 0x000000008000fe92 (0xfee43023) sd      a4, -32(s0)
core   0: 3 0x000000008000fe92 (0xfee43023) mem 0x0000000080031f50 0x0000000080012088
core   0: 0x000000008000fe96 (0xfc442703) lw      a4, -60(s0)
core   0: 3 0x000000008000fe96 (0xfc442703) x14 0x0000000000000000 mem 0x0000000080031f34
core   0: 0x000000008000fe9a (0x0ff77713) andi    a4, a4, 255
core   0: 3 0x000000008000fe9a (0x0ff77713) x14 0x0000000000000000
core   0: 0x000000008000fe9e (0x00e78023) sb      a4, 0(a5)
core   0: 3 0x000000008000fe9e (0x00e78023) mem 0x0000000080012087 0x00
core   0: 0x000000008000fea2 (0xfc843703) ld      a4, -56(s0)
core   0: 3 0x000000008000fea2 (0xfc843703) x14 0x0000000080012040 mem 0x0000000080031f38
core   0: 0x000000008000fea6 (0xfb843783) ld      a5, -72(s0)
core   0: 3 0x000000008000fea6 (0xfb843783) x15 0x000000000000009c mem 0x0000000080031f28
core   0: 0x000000008000feaa (0x000097ba) c.add   a5, a4
core   0: 3 0x000000008000feaa (0x97ba) x15 0x00000000800120dc
core   0: 0x000000008000feac (0xfe043703) ld      a4, -32(s0)
core   0: 3 0x000000008000feac (0xfe043703) x14 0x0000000080012088 mem 0x0000000080031f50
core   0: 0x000000008000feb0 (0xfcf76de3) bltu    a4, a5, pc - 38
core   0: 3 0x000000008000feb0 (0xfcf76de3)
core   0: 0x000000008000fe8a (0xfe043783) ld      a5, -32(s0)
core   0: 3 0x000000008000fe8a (0xfe043783) x15 0x0000000080012088 mem 0x0000000080031f50
core   0: 0x000000008000fe8e (0x00178713) addi    a4, a5, 1
core   0: 3 0x000000008000fe8e (0x00178713) x14 0x0000000080012089
core   0: 0x000000008000fe92 (0xfee43023) sd      a4, -32(s0)
core   0: 3 0x000000008000fe92 (0xfee43023) mem 0x0000000080031f50 0x0000000080012089
core   0: 0x000000008000fe96 (0xfc442703) lw      a4, -60(s0)
core   0: 3 0x000000008000fe96 (0xfc442703) x14 0x0000000000000000 mem 0x0000000080031f34
core   0: 0x000000008000fe9a (0x0ff77713) andi    a4, a4, 255
core   0: 3 0x000000008000fe9a (0x0ff77713) x14 0x0000000000000000
core   0: 0x000000008000fe9e (0x00e78023) sb      a4, 0(a5)
core   0: 3 0x000000008000fe9e (0x00e78023) mem 0x0000000080012088 0x00
core   0: 0x000000008000fea2 (0xfc843703) ld      a4, -56(s0)
core   0: 3 0x000000008000fea2 (0xfc843703) x14 0x0000000080012040 mem 0x0000000080031f38
core   0: 0x000000008000fea6 (0xfb843783) ld      a5, -72(s0)
core   0: 3 0x000000008000fea6 (0xfb843783) x15 0x000000000000009c mem 0x0000000080031f28
core   0: 0x000000008000feaa (0x000097ba) c.add   a5, a4
core   0: 3 0x000000008000feaa (0x97ba) x15 0x00000000800120dc
core   0: 0x000000008000feac (0xfe043703) ld      a4, -32(s0)
core   0: 3 0x000000008000feac (0xfe043703) x14 0x0000000080012089 mem 0x0000000080031f50
core   0: 0x000000008000feb0 (0xfcf76de3) bltu    a4, a5, pc - 38
core   0: 3 0x000000008000feb0 (0xfcf76de3)
core   0: 0x000000008000fe8a (0xfe043783) ld      a5, -32(s0)
core   0: 3 0x000000008000fe8a (0xfe043783) x15 0x0000000080012089 mem 0x0000000080031f50
core   0: 0x000000008000fe8e (0x00178713) addi    a4, a5, 1
core   0: 3 0x000000008000fe8e (0x00178713) x14 0x000000008001208a
core   0: 0x000000008000fe92 (0xfee43023) sd      a4, -32(s0)
core   0: 3 0x000000008000fe92 (0xfee43023) mem 0x0000000080031f50 0x000000008001208a
core   0: 0x000000008000fe96 (0xfc442703) lw      a4, -60(s0)
core   0: 3 0x000000008000fe96 (0xfc442703) x14 0x0000000000000000 mem 0x0000000080031f34
core   0: 0x000000008000fe9a (0x0ff77713) andi    a4, a4, 255
core   0: 3 0x000000008000fe9a (0x0ff77713) x14 0x0000000000000000
core   0: 0x000000008000fe9e (0x00e78023) sb      a4, 0(a5)
core   0: 3 0x000000008000fe9e (0x00e78023) mem 0x0000000080012089 0x00
core   0: 0x000000008000fea2 (0xfc843703) ld      a4, -56(s0)
core   0: 3 0x000000008000fea2 (0xfc843703) x14 0x0000000080012040 mem 0x0000000080031f38
core   0: 0x000000008000fea6 (0xfb843783) ld      a5, -72(s0)
core   0: 3 0x000000008000fea6 (0xfb843783) x15 0x000000000000009c mem 0x0000000080031f28
core   0: 0x000000008000feaa (0x000097ba) c.add   a5, a4
core   0: 3 0x000000008000feaa (0x97ba) x15 0x00000000800120dc
core   0: 0x000000008000feac (0xfe043703) ld      a4, -32(s0)
core   0: 3 0x000000008000feac (0xfe043703) x14 0x000000008001208a mem 0x0000000080031f50
core   0: 0x000000008000feb0 (0xfcf76de3) bltu    a4, a5, pc - 38
core   0: 3 0x000000008000feb0 (0xfcf76de3)
core   0: 0x000000008000fe8a (0xfe043783) ld      a5, -32(s0)
core   0: 3 0x000000008000fe8a (0xfe043783) x15 0x000000008001208a mem 0x0000000080031f50
core   0: 0x000000008000fe8e (0x00178713) addi    a4, a5, 1
core   0: 3 0x000000008000fe8e (0x00178713) x14 0x000000008001208b
core   0: 0x000000008000fe92 (0xfee43023) sd      a4, -32(s0)
core   0: 3 0x000000008000fe92 (0xfee43023) mem 0x0000000080031f50 0x000000008001208b
core   0: 0x000000008000fe96 (0xfc442703) lw      a4, -60(s0)
core   0: 3 0x000000008000fe96 (0xfc442703) x14 0x0000000000000000 mem 0x0000000080031f34
core   0: 0x000000008000fe9a (0x0ff77713) andi    a4, a4, 255
core   0: 3 0x000000008000fe9a (0x0ff77713) x14 0x0000000000000000
core   0: 0x000000008000fe9e (0x00e78023) sb      a4, 0(a5)
core   0: 3 0x000000008000fe9e (0x00e78023) mem 0x000000008001208a 0x00
core   0: 0x000000008000fea2 (0xfc843703) ld      a4, -56(s0)
core   0: 3 0x000000008000fea2 (0xfc843703) x14 0x0000000080012040 mem 0x0000000080031f38
core   0: 0x000000008000fea6 (0xfb843783) ld      a5, -72(s0)
core   0: 3 0x000000008000fea6 (0xfb843783) x15 0x000000000000009c mem 0x0000000080031f28
core   0: 0x000000008000feaa (0x000097ba) c.add   a5, a4
core   0: 3 0x000000008000feaa (0x97ba) x15 0x00000000800120dc
core   0: 0x000000008000feac (0xfe043703) ld      a4, -32(s0)
core   0: 3 0x000000008000feac (0xfe043703) x14 0x000000008001208b mem 0x0000000080031f50
core   0: 0x000000008000feb0 (0xfcf76de3) bltu    a4, a5, pc - 38
core   0: 3 0x000000008000feb0 (0xfcf76de3)
core   0: 0x000000008000fe8a (0xfe043783) ld      a5, -32(s0)
core   0: 3 0x000000008000fe8a (0xfe043783) x15 0x000000008001208b mem 0x0000000080031f50
core   0: 0x000000008000fe8e (0x00178713) addi    a4, a5, 1
core   0: 3 0x000000008000fe8e (0x00178713) x14 0x000000008001208c
core   0: 0x000000008000fe92 (0xfee43023) sd      a4, -32(s0)
core   0: 3 0x000000008000fe92 (0xfee43023) mem 0x0000000080031f50 0x000000008001208c
core   0: 0x000000008000fe96 (0xfc442703) lw      a4, -60(s0)
core   0: 3 0x000000008000fe96 (0xfc442703) x14 0x0000000000000000 mem 0x0000000080031f34
core   0: 0x000000008000fe9a (0x0ff77713) andi    a4, a4, 255
core   0: 3 0x000000008000fe9a (0x0ff77713) x14 0x0000000000000000
core   0: 0x000000008000fe9e (0x00e78023) sb      a4, 0(a5)
core   0: 3 0x000000008000fe9e (0x00e78023) mem 0x000000008001208b 0x00
core   0: 0x000000008000fea2 (0xfc843703) ld      a4, -56(s0)
core   0: 3 0x000000008000fea2 (0xfc843703) x14 0x0000000080012040 mem 0x0000000080031f38
core   0: 0x000000008000fea6 (0xfb843783) ld      a5, -72(s0)
core   0: 3 0x000000008000fea6 (0xfb843783) x15 0x000000000000009c mem 0x0000000080031f28
core   0: 0x000000008000feaa (0x000097ba) c.add   a5, a4
core   0: 3 0x000000008000feaa (0x97ba) x15 0x00000000800120dc
core   0: 0x000000008000feac (0xfe043703) ld      a4, -32(s0)
core   0: 3 0x000000008000feac (0xfe043703) x14 0x000000008001208c mem 0x0000000080031f50
core   0: 0x000000008000feb0 (0xfcf76de3) bltu    a4, a5, pc - 38
core   0: 3 0x000000008000feb0 (0xfcf76de3)
core   0: 0x000000008000fe8a (0xfe043783) ld      a5, -32(s0)
core   0: 3 0x000000008000fe8a (0xfe043783) x15 0x000000008001208c mem 0x0000000080031f50
core   0: 0x000000008000fe8e (0x00178713) addi    a4, a5, 1
core   0: 3 0x000000008000fe8e (0x00178713) x14 0x000000008001208d
core   0: 0x000000008000fe92 (0xfee43023) sd      a4, -32(s0)
core   0: 3 0x000000008000fe92 (0xfee43023) mem 0x0000000080031f50 0x000000008001208d
core   0: 0x000000008000fe96 (0xfc442703) lw      a4, -60(s0)
core   0: 3 0x000000008000fe96 (0xfc442703) x14 0x0000000000000000 mem 0x0000000080031f34
core   0: 0x000000008000fe9a (0x0ff77713) andi    a4, a4, 255
core   0: 3 0x000000008000fe9a (0x0ff77713) x14 0x0000000000000000
core   0: 0x000000008000fe9e (0x00e78023) sb      a4, 0(a5)
core   0: 3 0x000000008000fe9e (0x00e78023) mem 0x000000008001208c 0x00
core   0: 0x000000008000fea2 (0xfc843703) ld      a4, -56(s0)
core   0: 3 0x000000008000fea2 (0xfc843703) x14 0x0000000080012040 mem 0x0000000080031f38
core   0: 0x000000008000fea6 (0xfb843783) ld      a5, -72(s0)
core   0: 3 0x000000008000fea6 (0xfb843783) x15 0x000000000000009c mem 0x0000000080031f28
core   0: 0x000000008000feaa (0x000097ba) c.add   a5, a4
core   0: 3 0x000000008000feaa (0x97ba) x15 0x00000000800120dc
core   0: 0x000000008000feac (0xfe043703) ld      a4, -32(s0)
core   0: 3 0x000000008000feac (0xfe043703) x14 0x000000008001208d mem 0x0000000080031f50
core   0: 0x000000008000feb0 (0xfcf76de3) bltu    a4, a5, pc - 38
core   0: 3 0x000000008000feb0 (0xfcf76de3)
core   0: 0x000000008000fe8a (0xfe043783) ld      a5, -32(s0)
core   0: 3 0x000000008000fe8a (0xfe043783) x15 0x000000008001208d mem 0x0000000080031f50
core   0: 0x000000008000fe8e (0x00178713) addi    a4, a5, 1
core   0: 3 0x000000008000fe8e (0x00178713) x14 0x000000008001208e
core   0: 0x000000008000fe92 (0xfee43023) sd      a4, -32(s0)
core   0: 3 0x000000008000fe92 (0xfee43023) mem 0x0000000080031f50 0x000000008001208e
core   0: 0x000000008000fe96 (0xfc442703) lw      a4, -60(s0)
core   0: 3 0x000000008000fe96 (0xfc442703) x14 0x0000000000000000 mem 0x0000000080031f34
core   0: 0x000000008000fe9a (0x0ff77713) andi    a4, a4, 255
core   0: 3 0x000000008000fe9a (0x0ff77713) x14 0x0000000000000000
core   0: 0x000000008000fe9e (0x00e78023) sb      a4, 0(a5)
core   0: 3 0x000000008000fe9e (0x00e78023) mem 0x000000008001208d 0x00
core   0: 0x000000008000fea2 (0xfc843703) ld      a4, -56(s0)
core   0: 3 0x000000008000fea2 (0xfc843703) x14 0x0000000080012040 mem 0x0000000080031f38
core   0: 0x000000008000fea6 (0xfb843783) ld      a5, -72(s0)
core   0: 3 0x000000008000fea6 (0xfb843783) x15 0x000000000000009c mem 0x0000000080031f28
core   0: 0x000000008000feaa (0x000097ba) c.add   a5, a4
core   0: 3 0x000000008000feaa (0x97ba) x15 0x00000000800120dc
core   0: 0x000000008000feac (0xfe043703) ld      a4, -32(s0)
core   0: 3 0x000000008000feac (0xfe043703) x14 0x000000008001208e mem 0x0000000080031f50
core   0: 0x000000008000feb0 (0xfcf76de3) bltu    a4, a5, pc - 38
core   0: 3 0x000000008000feb0 (0xfcf76de3)
core   0: 0x000000008000fe8a (0xfe043783) ld      a5, -32(s0)
core   0: 3 0x000000008000fe8a (0xfe043783) x15 0x000000008001208e mem 0x0000000080031f50
core   0: 0x000000008000fe8e (0x00178713) addi    a4, a5, 1
core   0: 3 0x000000008000fe8e (0x00178713) x14 0x000000008001208f
core   0: 0x000000008000fe92 (0xfee43023) sd      a4, -32(s0)
core   0: 3 0x000000008000fe92 (0xfee43023) mem 0x0000000080031f50 0x000000008001208f
core   0: 0x000000008000fe96 (0xfc442703) lw      a4, -60(s0)
core   0: 3 0x000000008000fe96 (0xfc442703) x14 0x0000000000000000 mem 0x0000000080031f34
core   0: 0x000000008000fe9a (0x0ff77713) andi    a4, a4, 255
core   0: 3 0x000000008000fe9a (0x0ff77713) x14 0x0000000000000000
core   0: 0x000000008000fe9e (0x00e78023) sb      a4, 0(a5)
core   0: 3 0x000000008000fe9e (0x00e78023) mem 0x000000008001208e 0x00
core   0: 0x000000008000fea2 (0xfc843703) ld      a4, -56(s0)
core   0: 3 0x000000008000fea2 (0xfc843703) x14 0x0000000080012040 mem 0x0000000080031f38
core   0: 0x000000008000fea6 (0xfb843783) ld      a5, -72(s0)
core   0: 3 0x000000008000fea6 (0xfb843783) x15 0x000000000000009c mem 0x0000000080031f28
core   0: 0x000000008000feaa (0x000097ba) c.add   a5, a4
core   0: 3 0x000000008000feaa (0x97ba) x15 0x00000000800120dc
core   0: 0x000000008000feac (0xfe043703) ld      a4, -32(s0)
core   0: 3 0x000000008000feac (0xfe043703) x14 0x000000008001208f mem 0x0000000080031f50
core   0: 0x000000008000feb0 (0xfcf76de3) bltu    a4, a5, pc - 38
core   0: 3 0x000000008000feb0 (0xfcf76de3)
core   0: 0x000000008000fe8a (0xfe043783) ld      a5, -32(s0)
core   0: 3 0x000000008000fe8a (0xfe043783) x15 0x000000008001208f mem 0x0000000080031f50
core   0: 0x000000008000fe8e (0x00178713) addi    a4, a5, 1
core   0: 3 0x000000008000fe8e (0x00178713) x14 0x0000000080012090
core   0: 0x000000008000fe92 (0xfee43023) sd      a4, -32(s0)
core   0: 3 0x000000008000fe92 (0xfee43023) mem 0x0000000080031f50 0x0000000080012090
core   0: 0x000000008000fe96 (0xfc442703) lw      a4, -60(s0)
core   0: 3 0x000000008000fe96 (0xfc442703) x14 0x0000000000000000 mem 0x0000000080031f34
core   0: 0x000000008000fe9a (0x0ff77713) andi    a4, a4, 255
core   0: 3 0x000000008000fe9a (0x0ff77713) x14 0x0000000000000000
core   0: 0x000000008000fe9e (0x00e78023) sb      a4, 0(a5)
core   0: 3 0x000000008000fe9e (0x00e78023) mem 0x000000008001208f 0x00
core   0: 0x000000008000fea2 (0xfc843703) ld      a4, -56(s0)
core   0: 3 0x000000008000fea2 (0xfc843703) x14 0x0000000080012040 mem 0x0000000080031f38
core   0: 0x000000008000fea6 (0xfb843783) ld      a5, -72(s0)
core   0: 3 0x000000008000fea6 (0xfb843783) x15 0x000000000000009c mem 0x0000000080031f28
core   0: 0x000000008000feaa (0x000097ba) c.add   a5, a4
core   0: 3 0x000000008000feaa (0x97ba) x15 0x00000000800120dc
core   0: 0x000000008000feac (0xfe043703) ld      a4, -32(s0)
core   0: 3 0x000000008000feac (0xfe043703) x14 0x0000000080012090 mem 0x0000000080031f50
core   0: 0x000000008000feb0 (0xfcf76de3) bltu    a4, a5, pc - 38
core   0: 3 0x000000008000feb0 (0xfcf76de3)
core   0: 0x000000008000fe8a (0xfe043783) ld      a5, -32(s0)
core   0: 3 0x000000008000fe8a (0xfe043783) x15 0x0000000080012090 mem 0x0000000080031f50
core   0: 0x000000008000fe8e (0x00178713) addi    a4, a5, 1
core   0: 3 0x000000008000fe8e (0x00178713) x14 0x0000000080012091
core   0: 0x000000008000fe92 (0xfee43023) sd      a4, -32(s0)
core   0: 3 0x000000008000fe92 (0xfee43023) mem 0x0000000080031f50 0x0000000080012091
core   0: 0x000000008000fe96 (0xfc442703) lw      a4, -60(s0)
core   0: 3 0x000000008000fe96 (0xfc442703) x14 0x0000000000000000 mem 0x0000000080031f34
core   0: 0x000000008000fe9a (0x0ff77713) andi    a4, a4, 255
core   0: 3 0x000000008000fe9a (0x0ff77713) x14 0x0000000000000000
core   0: 0x000000008000fe9e (0x00e78023) sb      a4, 0(a5)
core   0: 3 0x000000008000fe9e (0x00e78023) mem 0x0000000080012090 0x00
core   0: 0x000000008000fea2 (0xfc843703) ld      a4, -56(s0)
core   0: 3 0x000000008000fea2 (0xfc843703) x14 0x0000000080012040 mem 0x0000000080031f38
core   0: 0x000000008000fea6 (0xfb843783) ld      a5, -72(s0)
core   0: 3 0x000000008000fea6 (0xfb843783) x15 0x000000000000009c mem 0x0000000080031f28
core   0: 0x000000008000feaa (0x000097ba) c.add   a5, a4
core   0: 3 0x000000008000feaa (0x97ba) x15 0x00000000800120dc
core   0: 0x000000008000feac (0xfe043703) ld      a4, -32(s0)
core   0: 3 0x000000008000feac (0xfe043703) x14 0x0000000080012091 mem 0x0000000080031f50
core   0: 0x000000008000feb0 (0xfcf76de3) bltu    a4, a5, pc - 38
core   0: 3 0x000000008000feb0 (0xfcf76de3)
core   0: 0x000000008000fe8a (0xfe043783) ld      a5, -32(s0)
core   0: 3 0x000000008000fe8a (0xfe043783) x15 0x0000000080012091 mem 0x0000000080031f50
core   0: 0x000000008000fe8e (0x00178713) addi    a4, a5, 1
core   0: 3 0x000000008000fe8e (0x00178713) x14 0x0000000080012092
core   0: 0x000000008000fe92 (0xfee43023) sd      a4, -32(s0)
core   0: 3 0x000000008000fe92 (0xfee43023) mem 0x0000000080031f50 0x0000000080012092
core   0: 0x000000008000fe96 (0xfc442703) lw      a4, -60(s0)
core   0: 3 0x000000008000fe96 (0xfc442703) x14 0x0000000000000000 mem 0x0000000080031f34
core   0: 0x000000008000fe9a (0x0ff77713) andi    a4, a4, 255
core   0: 3 0x000000008000fe9a (0x0ff77713) x14 0x0000000000000000
core   0: 0x000000008000fe9e (0x00e78023) sb      a4, 0(a5)
core   0: 3 0x000000008000fe9e (0x00e78023) mem 0x0000000080012091 0x00
core   0: 0x000000008000fea2 (0xfc843703) ld      a4, -56(s0)
core   0: 3 0x000000008000fea2 (0xfc843703) x14 0x0000000080012040 mem 0x0000000080031f38
core   0: 0x000000008000fea6 (0xfb843783) ld      a5, -72(s0)
core   0: 3 0x000000008000fea6 (0xfb843783) x15 0x000000000000009c mem 0x0000000080031f28
core   0: 0x000000008000feaa (0x000097ba) c.add   a5, a4
core   0: 3 0x000000008000feaa (0x97ba) x15 0x00000000800120dc
core   0: 0x000000008000feac (0xfe043703) ld      a4, -32(s0)
core   0: 3 0x000000008000feac (0xfe043703) x14 0x0000000080012092 mem 0x0000000080031f50
core   0: 0x000000008000feb0 (0xfcf76de3) bltu    a4, a5, pc - 38
core   0: 3 0x000000008000feb0 (0xfcf76de3)
core   0: 0x000000008000fe8a (0xfe043783) ld      a5, -32(s0)
core   0: 3 0x000000008000fe8a (0xfe043783) x15 0x0000000080012092 mem 0x0000000080031f50
core   0: 0x000000008000fe8e (0x00178713) addi    a4, a5, 1
core   0: 3 0x000000008000fe8e (0x00178713) x14 0x0000000080012093
core   0: 0x000000008000fe92 (0xfee43023) sd      a4, -32(s0)
core   0: 3 0x000000008000fe92 (0xfee43023) mem 0x0000000080031f50 0x0000000080012093
core   0: 0x000000008000fe96 (0xfc442703) lw      a4, -60(s0)
core   0: 3 0x000000008000fe96 (0xfc442703) x14 0x0000000000000000 mem 0x0000000080031f34
core   0: 0x000000008000fe9a (0x0ff77713) andi    a4, a4, 255
core   0: 3 0x000000008000fe9a (0x0ff77713) x14 0x0000000000000000
core   0: 0x000000008000fe9e (0x00e78023) sb      a4, 0(a5)
core   0: 3 0x000000008000fe9e (0x00e78023) mem 0x0000000080012092 0x00
core   0: 0x000000008000fea2 (0xfc843703) ld      a4, -56(s0)
core   0: 3 0x000000008000fea2 (0xfc843703) x14 0x0000000080012040 mem 0x0000000080031f38
core   0: 0x000000008000fea6 (0xfb843783) ld      a5, -72(s0)
core   0: 3 0x000000008000fea6 (0xfb843783) x15 0x000000000000009c mem 0x0000000080031f28
core   0: 0x000000008000feaa (0x000097ba) c.add   a5, a4
core   0: 3 0x000000008000feaa (0x97ba) x15 0x00000000800120dc
core   0: 0x000000008000feac (0xfe043703) ld      a4, -32(s0)
core   0: 3 0x000000008000feac (0xfe043703) x14 0x0000000080012093 mem 0x0000000080031f50
core   0: 0x000000008000feb0 (0xfcf76de3) bltu    a4, a5, pc - 38
core   0: 3 0x000000008000feb0 (0xfcf76de3)
core   0: 0x000000008000fe8a (0xfe043783) ld      a5, -32(s0)
core   0: 3 0x000000008000fe8a (0xfe043783) x15 0x0000000080012093 mem 0x0000000080031f50
core   0: 0x000000008000fe8e (0x00178713) addi    a4, a5, 1
core   0: 3 0x000000008000fe8e (0x00178713) x14 0x0000000080012094
core   0: 0x000000008000fe92 (0xfee43023) sd      a4, -32(s0)
core   0: 3 0x000000008000fe92 (0xfee43023) mem 0x0000000080031f50 0x0000000080012094
core   0: 0x000000008000fe96 (0xfc442703) lw      a4, -60(s0)
core   0: 3 0x000000008000fe96 (0xfc442703) x14 0x0000000000000000 mem 0x0000000080031f34
core   0: 0x000000008000fe9a (0x0ff77713) andi    a4, a4, 255
core   0: 3 0x000000008000fe9a (0x0ff77713) x14 0x0000000000000000
core   0: 0x000000008000fe9e (0x00e78023) sb      a4, 0(a5)
core   0: 3 0x000000008000fe9e (0x00e78023) mem 0x0000000080012093 0x00
core   0: 0x000000008000fea2 (0xfc843703) ld      a4, -56(s0)
core   0: 3 0x000000008000fea2 (0xfc843703) x14 0x0000000080012040 mem 0x0000000080031f38
core   0: 0x000000008000fea6 (0xfb843783) ld      a5, -72(s0)
core   0: 3 0x000000008000fea6 (0xfb843783) x15 0x000000000000009c mem 0x0000000080031f28
core   0: 0x000000008000feaa (0x000097ba) c.add   a5, a4
core   0: 3 0x000000008000feaa (0x97ba) x15 0x00000000800120dc
core   0: 0x000000008000feac (0xfe043703) ld      a4, -32(s0)
core   0: 3 0x000000008000feac (0xfe043703) x14 0x0000000080012094 mem 0x0000000080031f50
core   0: 0x000000008000feb0 (0xfcf76de3) bltu    a4, a5, pc - 38
core   0: 3 0x000000008000feb0 (0xfcf76de3)
core   0: 0x000000008000fe8a (0xfe043783) ld      a5, -32(s0)
core   0: 3 0x000000008000fe8a (0xfe043783) x15 0x0000000080012094 mem 0x0000000080031f50
core   0: 0x000000008000fe8e (0x00178713) addi    a4, a5, 1
core   0: 3 0x000000008000fe8e (0x00178713) x14 0x0000000080012095
core   0: 0x000000008000fe92 (0xfee43023) sd      a4, -32(s0)
core   0: 3 0x000000008000fe92 (0xfee43023) mem 0x0000000080031f50 0x0000000080012095
core   0: 0x000000008000fe96 (0xfc442703) lw      a4, -60(s0)
core   0: 3 0x000000008000fe96 (0xfc442703) x14 0x0000000000000000 mem 0x0000000080031f34
core   0: 0x000000008000fe9a (0x0ff77713) andi    a4, a4, 255
core   0: 3 0x000000008000fe9a (0x0ff77713) x14 0x0000000000000000
core   0: 0x000000008000fe9e (0x00e78023) sb      a4, 0(a5)
core   0: 3 0x000000008000fe9e (0x00e78023) mem 0x0000000080012094 0x00
core   0: 0x000000008000fea2 (0xfc843703) ld      a4, -56(s0)
core   0: 3 0x000000008000fea2 (0xfc843703) x14 0x0000000080012040 mem 0x0000000080031f38
core   0: 0x000000008000fea6 (0xfb843783) ld      a5, -72(s0)
core   0: 3 0x000000008000fea6 (0xfb843783) x15 0x000000000000009c mem 0x0000000080031f28
core   0: 0x000000008000feaa (0x000097ba) c.add   a5, a4
core   0: 3 0x000000008000feaa (0x97ba) x15 0x00000000800120dc
core   0: 0x000000008000feac (0xfe043703) ld      a4, -32(s0)
core   0: 3 0x000000008000feac (0xfe043703) x14 0x0000000080012095 mem 0x0000000080031f50
core   0: 0x000000008000feb0 (0xfcf76de3) bltu    a4, a5, pc - 38
core   0: 3 0x000000008000feb0 (0xfcf76de3)
core   0: 0x000000008000fe8a (0xfe043783) ld      a5, -32(s0)
core   0: 3 0x000000008000fe8a (0xfe043783) x15 0x0000000080012095 mem 0x0000000080031f50
core   0: 0x000000008000fe8e (0x00178713) addi    a4, a5, 1
core   0: 3 0x000000008000fe8e (0x00178713) x14 0x0000000080012096
core   0: 0x000000008000fe92 (0xfee43023) sd      a4, -32(s0)
core   0: 3 0x000000008000fe92 (0xfee43023) mem 0x0000000080031f50 0x0000000080012096
core   0: 0x000000008000fe96 (0xfc442703) lw      a4, -60(s0)
core   0: 3 0x000000008000fe96 (0xfc442703) x14 0x0000000000000000 mem 0x0000000080031f34
core   0: 0x000000008000fe9a (0x0ff77713) andi    a4, a4, 255
core   0: 3 0x000000008000fe9a (0x0ff77713) x14 0x0000000000000000
core   0: 0x000000008000fe9e (0x00e78023) sb      a4, 0(a5)
core   0: 3 0x000000008000fe9e (0x00e78023) mem 0x0000000080012095 0x00
core   0: 0x000000008000fea2 (0xfc843703) ld      a4, -56(s0)
core   0: 3 0x000000008000fea2 (0xfc843703) x14 0x0000000080012040 mem 0x0000000080031f38
core   0: 0x000000008000fea6 (0xfb843783) ld      a5, -72(s0)
core   0: 3 0x000000008000fea6 (0xfb843783) x15 0x000000000000009c mem 0x0000000080031f28
core   0: 0x000000008000feaa (0x000097ba) c.add   a5, a4
core   0: 3 0x000000008000feaa (0x97ba) x15 0x00000000800120dc
core   0: 0x000000008000feac (0xfe043703) ld      a4, -32(s0)
core   0: 3 0x000000008000feac (0xfe043703) x14 0x0000000080012096 mem 0x0000000080031f50
core   0: 0x000000008000feb0 (0xfcf76de3) bltu    a4, a5, pc - 38
core   0: 3 0x000000008000feb0 (0xfcf76de3)
core   0: 0x000000008000fe8a (0xfe043783) ld      a5, -32(s0)
core   0: 3 0x000000008000fe8a (0xfe043783) x15 0x0000000080012096 mem 0x0000000080031f50
core   0: 0x000000008000fe8e (0x00178713) addi    a4, a5, 1
core   0: 3 0x000000008000fe8e (0x00178713) x14 0x0000000080012097
core   0: 0x000000008000fe92 (0xfee43023) sd      a4, -32(s0)
core   0: 3 0x000000008000fe92 (0xfee43023) mem 0x0000000080031f50 0x0000000080012097
core   0: 0x000000008000fe96 (0xfc442703) lw      a4, -60(s0)
core   0: 3 0x000000008000fe96 (0xfc442703) x14 0x0000000000000000 mem 0x0000000080031f34
core   0: 0x000000008000fe9a (0x0ff77713) andi    a4, a4, 255
core   0: 3 0x000000008000fe9a (0x0ff77713) x14 0x0000000000000000
core   0: 0x000000008000fe9e (0x00e78023) sb      a4, 0(a5)
core   0: 3 0x000000008000fe9e (0x00e78023) mem 0x0000000080012096 0x00
core   0: 0x000000008000fea2 (0xfc843703) ld      a4, -56(s0)
core   0: 3 0x000000008000fea2 (0xfc843703) x14 0x0000000080012040 mem 0x0000000080031f38
core   0: 0x000000008000fea6 (0xfb843783) ld      a5, -72(s0)
core   0: 3 0x000000008000fea6 (0xfb843783) x15 0x000000000000009c mem 0x0000000080031f28
core   0: 0x000000008000feaa (0x000097ba) c.add   a5, a4
core   0: 3 0x000000008000feaa (0x97ba) x15 0x00000000800120dc
core   0: 0x000000008000feac (0xfe043703) ld      a4, -32(s0)
core   0: 3 0x000000008000feac (0xfe043703) x14 0x0000000080012097 mem 0x0000000080031f50
core   0: 0x000000008000feb0 (0xfcf76de3) bltu    a4, a5, pc - 38
core   0: 3 0x000000008000feb0 (0xfcf76de3)
core   0: 0x000000008000fe8a (0xfe043783) ld      a5, -32(s0)
core   0: 3 0x000000008000fe8a (0xfe043783) x15 0x0000000080012097 mem 0x0000000080031f50
core   0: 0x000000008000fe8e (0x00178713) addi    a4, a5, 1
core   0: 3 0x000000008000fe8e (0x00178713) x14 0x0000000080012098
core   0: 0x000000008000fe92 (0xfee43023) sd      a4, -32(s0)
core   0: 3 0x000000008000fe92 (0xfee43023) mem 0x0000000080031f50 0x0000000080012098
core   0: 0x000000008000fe96 (0xfc442703) lw      a4, -60(s0)
core   0: 3 0x000000008000fe96 (0xfc442703) x14 0x0000000000000000 mem 0x0000000080031f34
core   0: 0x000000008000fe9a (0x0ff77713) andi    a4, a4, 255
core   0: 3 0x000000008000fe9a (0x0ff77713) x14 0x0000000000000000
core   0: 0x000000008000fe9e (0x00e78023) sb      a4, 0(a5)
core   0: 3 0x000000008000fe9e (0x00e78023) mem 0x0000000080012097 0x00
core   0: 0x000000008000fea2 (0xfc843703) ld      a4, -56(s0)
core   0: 3 0x000000008000fea2 (0xfc843703) x14 0x0000000080012040 mem 0x0000000080031f38
core   0: 0x000000008000fea6 (0xfb843783) ld      a5, -72(s0)
core   0: 3 0x000000008000fea6 (0xfb843783) x15 0x000000000000009c mem 0x0000000080031f28
core   0: 0x000000008000feaa (0x000097ba) c.add   a5, a4
core   0: 3 0x000000008000feaa (0x97ba) x15 0x00000000800120dc
core   0: 0x000000008000feac (0xfe043703) ld      a4, -32(s0)
core   0: 3 0x000000008000feac (0xfe043703) x14 0x0000000080012098 mem 0x0000000080031f50
core   0: 0x000000008000feb0 (0xfcf76de3) bltu    a4, a5, pc - 38
core   0: 3 0x000000008000feb0 (0xfcf76de3)
core   0: 0x000000008000fe8a (0xfe043783) ld      a5, -32(s0)
core   0: 3 0x000000008000fe8a (0xfe043783) x15 0x0000000080012098 mem 0x0000000080031f50
core   0: 0x000000008000fe8e (0x00178713) addi    a4, a5, 1
core   0: 3 0x000000008000fe8e (0x00178713) x14 0x0000000080012099
core   0: 0x000000008000fe92 (0xfee43023) sd      a4, -32(s0)
core   0: 3 0x000000008000fe92 (0xfee43023) mem 0x0000000080031f50 0x0000000080012099
core   0: 0x000000008000fe96 (0xfc442703) lw      a4, -60(s0)
core   0: 3 0x000000008000fe96 (0xfc442703) x14 0x0000000000000000 mem 0x0000000080031f34
core   0: 0x000000008000fe9a (0x0ff77713) andi    a4, a4, 255
core   0: 3 0x000000008000fe9a (0x0ff77713) x14 0x0000000000000000
core   0: 0x000000008000fe9e (0x00e78023) sb      a4, 0(a5)
core   0: 3 0x000000008000fe9e (0x00e78023) mem 0x0000000080012098 0x00
core   0: 0x000000008000fea2 (0xfc843703) ld      a4, -56(s0)
core   0: 3 0x000000008000fea2 (0xfc843703) x14 0x0000000080012040 mem 0x0000000080031f38
core   0: 0x000000008000fea6 (0xfb843783) ld      a5, -72(s0)
core   0: 3 0x000000008000fea6 (0xfb843783) x15 0x000000000000009c mem 0x0000000080031f28
core   0: 0x000000008000feaa (0x000097ba) c.add   a5, a4
core   0: 3 0x000000008000feaa (0x97ba) x15 0x00000000800120dc
core   0: 0x000000008000feac (0xfe043703) ld      a4, -32(s0)
core   0: 3 0x000000008000feac (0xfe043703) x14 0x0000000080012099 mem 0x0000000080031f50
core   0: 0x000000008000feb0 (0xfcf76de3) bltu    a4, a5, pc - 38
core   0: 3 0x000000008000feb0 (0xfcf76de3)
core   0: 0x000000008000fe8a (0xfe043783) ld      a5, -32(s0)
core   0: 3 0x000000008000fe8a (0xfe043783) x15 0x0000000080012099 mem 0x0000000080031f50
core   0: 0x000000008000fe8e (0x00178713) addi    a4, a5, 1
core   0: 3 0x000000008000fe8e (0x00178713) x14 0x000000008001209a
core   0: 0x000000008000fe92 (0xfee43023) sd      a4, -32(s0)
core   0: 3 0x000000008000fe92 (0xfee43023) mem 0x0000000080031f50 0x000000008001209a
core   0: 0x000000008000fe96 (0xfc442703) lw      a4, -60(s0)
core   0: 3 0x000000008000fe96 (0xfc442703) x14 0x0000000000000000 mem 0x0000000080031f34
core   0: 0x000000008000fe9a (0x0ff77713) andi    a4, a4, 255
core   0: 3 0x000000008000fe9a (0x0ff77713) x14 0x0000000000000000
core   0: 0x000000008000fe9e (0x00e78023) sb      a4, 0(a5)
core   0: 3 0x000000008000fe9e (0x00e78023) mem 0x0000000080012099 0x00
core   0: 0x000000008000fea2 (0xfc843703) ld      a4, -56(s0)
core   0: 3 0x000000008000fea2 (0xfc843703) x14 0x0000000080012040 mem 0x0000000080031f38
core   0: 0x000000008000fea6 (0xfb843783) ld      a5, -72(s0)
core   0: 3 0x000000008000fea6 (0xfb843783) x15 0x000000000000009c mem 0x0000000080031f28
core   0: 0x000000008000feaa (0x000097ba) c.add   a5, a4
core   0: 3 0x000000008000feaa (0x97ba) x15 0x00000000800120dc
core   0: 0x000000008000feac (0xfe043703) ld      a4, -32(s0)
core   0: 3 0x000000008000feac (0xfe043703) x14 0x000000008001209a mem 0x0000000080031f50
core   0: 0x000000008000feb0 (0xfcf76de3) bltu    a4, a5, pc - 38
core   0: 3 0x000000008000feb0 (0xfcf76de3)
core   0: 0x000000008000fe8a (0xfe043783) ld      a5, -32(s0)
core   0: 3 0x000000008000fe8a (0xfe043783) x15 0x000000008001209a mem 0x0000000080031f50
core   0: 0x000000008000fe8e (0x00178713) addi    a4, a5, 1
core   0: 3 0x000000008000fe8e (0x00178713) x14 0x000000008001209b
core   0: 0x000000008000fe92 (0xfee43023) sd      a4, -32(s0)
core   0: 3 0x000000008000fe92 (0xfee43023) mem 0x0000000080031f50 0x000000008001209b
core   0: 0x000000008000fe96 (0xfc442703) lw      a4, -60(s0)
core   0: 3 0x000000008000fe96 (0xfc442703) x14 0x0000000000000000 mem 0x0000000080031f34
core   0: 0x000000008000fe9a (0x0ff77713) andi    a4, a4, 255
core   0: 3 0x000000008000fe9a (0x0ff77713) x14 0x0000000000000000
core   0: 0x000000008000fe9e (0x00e78023) sb      a4, 0(a5)
core   0: 3 0x000000008000fe9e (0x00e78023) mem 0x000000008001209a 0x00
core   0: 0x000000008000fea2 (0xfc843703) ld      a4, -56(s0)
core   0: 3 0x000000008000fea2 (0xfc843703) x14 0x0000000080012040 mem 0x0000000080031f38
core   0: 0x000000008000fea6 (0xfb843783) ld      a5, -72(s0)
core   0: 3 0x000000008000fea6 (0xfb843783) x15 0x000000000000009c mem 0x0000000080031f28
core   0: 0x000000008000feaa (0x000097ba) c.add   a5, a4
core   0: 3 0x000000008000feaa (0x97ba) x15 0x00000000800120dc
core   0: 0x000000008000feac (0xfe043703) ld      a4, -32(s0)
core   0: 3 0x000000008000feac (0xfe043703) x14 0x000000008001209b mem 0x0000000080031f50
core   0: 0x000000008000feb0 (0xfcf76de3) bltu    a4, a5, pc - 38
core   0: 3 0x000000008000feb0 (0xfcf76de3)
core   0: 0x000000008000fe8a (0xfe043783) ld      a5, -32(s0)
core   0: 3 0x000000008000fe8a (0xfe043783) x15 0x000000008001209b mem 0x0000000080031f50
core   0: 0x000000008000fe8e (0x00178713) addi    a4, a5, 1
core   0: 3 0x000000008000fe8e (0x00178713) x14 0x000000008001209c
core   0: 0x000000008000fe92 (0xfee43023) sd      a4, -32(s0)
core   0: 3 0x000000008000fe92 (0xfee43023) mem 0x0000000080031f50 0x000000008001209c
core   0: 0x000000008000fe96 (0xfc442703) lw      a4, -60(s0)
core   0: 3 0x000000008000fe96 (0xfc442703) x14 0x0000000000000000 mem 0x0000000080031f34
core   0: 0x000000008000fe9a (0x0ff77713) andi    a4, a4, 255
core   0: 3 0x000000008000fe9a (0x0ff77713) x14 0x0000000000000000
core   0: 0x000000008000fe9e (0x00e78023) sb      a4, 0(a5)
core   0: 3 0x000000008000fe9e (0x00e78023) mem 0x000000008001209b 0x00
core   0: 0x000000008000fea2 (0xfc843703) ld      a4, -56(s0)
core   0: 3 0x000000008000fea2 (0xfc843703) x14 0x0000000080012040 mem 0x0000000080031f38
core   0: 0x000000008000fea6 (0xfb843783) ld      a5, -72(s0)
core   0: 3 0x000000008000fea6 (0xfb843783) x15 0x000000000000009c mem 0x0000000080031f28
core   0: 0x000000008000feaa (0x000097ba) c.add   a5, a4
core   0: 3 0x000000008000feaa (0x97ba) x15 0x00000000800120dc
core   0: 0x000000008000feac (0xfe043703) ld      a4, -32(s0)
core   0: 3 0x000000008000feac (0xfe043703) x14 0x000000008001209c mem 0x0000000080031f50
core   0: 0x000000008000feb0 (0xfcf76de3) bltu    a4, a5, pc - 38
core   0: 3 0x000000008000feb0 (0xfcf76de3)
core   0: 0x000000008000fe8a (0xfe043783) ld      a5, -32(s0)
core   0: 3 0x000000008000fe8a (0xfe043783) x15 0x000000008001209c mem 0x0000000080031f50
core   0: 0x000000008000fe8e (0x00178713) addi    a4, a5, 1
core   0: 3 0x000000008000fe8e (0x00178713) x14 0x000000008001209d
core   0: 0x000000008000fe92 (0xfee43023) sd      a4, -32(s0)
core   0: 3 0x000000008000fe92 (0xfee43023) mem 0x0000000080031f50 0x000000008001209d
core   0: 0x000000008000fe96 (0xfc442703) lw      a4, -60(s0)
core   0: 3 0x000000008000fe96 (0xfc442703) x14 0x0000000000000000 mem 0x0000000080031f34
core   0: 0x000000008000fe9a (0x0ff77713) andi    a4, a4, 255
core   0: 3 0x000000008000fe9a (0x0ff77713) x14 0x0000000000000000
core   0: 0x000000008000fe9e (0x00e78023) sb      a4, 0(a5)
core   0: 3 0x000000008000fe9e (0x00e78023) mem 0x000000008001209c 0x00
core   0: 0x000000008000fea2 (0xfc843703) ld      a4, -56(s0)
core   0: 3 0x000000008000fea2 (0xfc843703) x14 0x0000000080012040 mem 0x0000000080031f38
core   0: 0x000000008000fea6 (0xfb843783) ld      a5, -72(s0)
core   0: 3 0x000000008000fea6 (0xfb843783) x15 0x000000000000009c mem 0x0000000080031f28
core   0: 0x000000008000feaa (0x000097ba) c.add   a5, a4
core   0: 3 0x000000008000feaa (0x97ba) x15 0x00000000800120dc
core   0: 0x000000008000feac (0xfe043703) ld      a4, -32(s0)
core   0: 3 0x000000008000feac (0xfe043703) x14 0x000000008001209d mem 0x0000000080031f50
core   0: 0x000000008000feb0 (0xfcf76de3) bltu    a4, a5, pc - 38
core   0: 3 0x000000008000feb0 (0xfcf76de3)
core   0: 0x000000008000fe8a (0xfe043783) ld      a5, -32(s0)
core   0: 3 0x000000008000fe8a (0xfe043783) x15 0x000000008001209d mem 0x0000000080031f50
core   0: 0x000000008000fe8e (0x00178713) addi    a4, a5, 1
core   0: 3 0x000000008000fe8e (0x00178713) x14 0x000000008001209e
core   0: 0x000000008000fe92 (0xfee43023) sd      a4, -32(s0)
core   0: 3 0x000000008000fe92 (0xfee43023) mem 0x0000000080031f50 0x000000008001209e
core   0: 0x000000008000fe96 (0xfc442703) lw      a4, -60(s0)
core   0: 3 0x000000008000fe96 (0xfc442703) x14 0x0000000000000000 mem 0x0000000080031f34
core   0: 0x000000008000fe9a (0x0ff77713) andi    a4, a4, 255
core   0: 3 0x000000008000fe9a (0x0ff77713) x14 0x0000000000000000
core   0: 0x000000008000fe9e (0x00e78023) sb      a4, 0(a5)
core   0: 3 0x000000008000fe9e (0x00e78023) mem 0x000000008001209d 0x00
core   0: 0x000000008000fea2 (0xfc843703) ld      a4, -56(s0)
core   0: 3 0x000000008000fea2 (0xfc843703) x14 0x0000000080012040 mem 0x0000000080031f38
core   0: 0x000000008000fea6 (0xfb843783) ld      a5, -72(s0)
core   0: 3 0x000000008000fea6 (0xfb843783) x15 0x000000000000009c mem 0x0000000080031f28
core   0: 0x000000008000feaa (0x000097ba) c.add   a5, a4
core   0: 3 0x000000008000feaa (0x97ba) x15 0x00000000800120dc
core   0: 0x000000008000feac (0xfe043703) ld      a4, -32(s0)
core   0: 3 0x000000008000feac (0xfe043703) x14 0x000000008001209e mem 0x0000000080031f50
core   0: 0x000000008000feb0 (0xfcf76de3) bltu    a4, a5, pc - 38
core   0: 3 0x000000008000feb0 (0xfcf76de3)
core   0: 0x000000008000fe8a (0xfe043783) ld      a5, -32(s0)
core   0: 3 0x000000008000fe8a (0xfe043783) x15 0x000000008001209e mem 0x0000000080031f50
core   0: 0x000000008000fe8e (0x00178713) addi    a4, a5, 1
core   0: 3 0x000000008000fe8e (0x00178713) x14 0x000000008001209f
core   0: 0x000000008000fe92 (0xfee43023) sd      a4, -32(s0)
core   0: 3 0x000000008000fe92 (0xfee43023) mem 0x0000000080031f50 0x000000008001209f
core   0: 0x000000008000fe96 (0xfc442703) lw      a4, -60(s0)
core   0: 3 0x000000008000fe96 (0xfc442703) x14 0x0000000000000000 mem 0x0000000080031f34
core   0: 0x000000008000fe9a (0x0ff77713) andi    a4, a4, 255
core   0: 3 0x000000008000fe9a (0x0ff77713) x14 0x0000000000000000
core   0: 0x000000008000fe9e (0x00e78023) sb      a4, 0(a5)
core   0: 3 0x000000008000fe9e (0x00e78023) mem 0x000000008001209e 0x00
core   0: 0x000000008000fea2 (0xfc843703) ld      a4, -56(s0)
core   0: 3 0x000000008000fea2 (0xfc843703) x14 0x0000000080012040 mem 0x0000000080031f38
core   0: 0x000000008000fea6 (0xfb843783) ld      a5, -72(s0)
core   0: 3 0x000000008000fea6 (0xfb843783) x15 0x000000000000009c mem 0x0000000080031f28
core   0: 0x000000008000feaa (0x000097ba) c.add   a5, a4
core   0: 3 0x000000008000feaa (0x97ba) x15 0x00000000800120dc
core   0: 0x000000008000feac (0xfe043703) ld      a4, -32(s0)
core   0: 3 0x000000008000feac (0xfe043703) x14 0x000000008001209f mem 0x0000000080031f50
core   0: 0x000000008000feb0 (0xfcf76de3) bltu    a4, a5, pc - 38
core   0: 3 0x000000008000feb0 (0xfcf76de3)
core   0: 0x000000008000fe8a (0xfe043783) ld      a5, -32(s0)
core   0: 3 0x000000008000fe8a (0xfe043783) x15 0x000000008001209f mem 0x0000000080031f50
core   0: 0x000000008000fe8e (0x00178713) addi    a4, a5, 1
core   0: 3 0x000000008000fe8e (0x00178713) x14 0x00000000800120a0
core   0: 0x000000008000fe92 (0xfee43023) sd      a4, -32(s0)
core   0: 3 0x000000008000fe92 (0xfee43023) mem 0x0000000080031f50 0x00000000800120a0
core   0: 0x000000008000fe96 (0xfc442703) lw      a4, -60(s0)
core   0: 3 0x000000008000fe96 (0xfc442703) x14 0x0000000000000000 mem 0x0000000080031f34
core   0: 0x000000008000fe9a (0x0ff77713) andi    a4, a4, 255
core   0: 3 0x000000008000fe9a (0x0ff77713) x14 0x0000000000000000
core   0: 0x000000008000fe9e (0x00e78023) sb      a4, 0(a5)
core   0: 3 0x000000008000fe9e (0x00e78023) mem 0x000000008001209f 0x00
core   0: 0x000000008000fea2 (0xfc843703) ld      a4, -56(s0)
core   0: 3 0x000000008000fea2 (0xfc843703) x14 0x0000000080012040 mem 0x0000000080031f38
core   0: 0x000000008000fea6 (0xfb843783) ld      a5, -72(s0)
core   0: 3 0x000000008000fea6 (0xfb843783) x15 0x000000000000009c mem 0x0000000080031f28
core   0: 0x000000008000feaa (0x000097ba) c.add   a5, a4
core   0: 3 0x000000008000feaa (0x97ba) x15 0x00000000800120dc
core   0: 0x000000008000feac (0xfe043703) ld      a4, -32(s0)
core   0: 3 0x000000008000feac (0xfe043703) x14 0x00000000800120a0 mem 0x0000000080031f50
core   0: 0x000000008000feb0 (0xfcf76de3) bltu    a4, a5, pc - 38
core   0: 3 0x000000008000feb0 (0xfcf76de3)
core   0: 0x000000008000fe8a (0xfe043783) ld      a5, -32(s0)
core   0: 3 0x000000008000fe8a (0xfe043783) x15 0x00000000800120a0 mem 0x0000000080031f50
core   0: 0x000000008000fe8e (0x00178713) addi    a4, a5, 1
core   0: 3 0x000000008000fe8e (0x00178713) x14 0x00000000800120a1
core   0: 0x000000008000fe92 (0xfee43023) sd      a4, -32(s0)
core   0: 3 0x000000008000fe92 (0xfee43023) mem 0x0000000080031f50 0x00000000800120a1
core   0: 0x000000008000fe96 (0xfc442703) lw      a4, -60(s0)
core   0: 3 0x000000008000fe96 (0xfc442703) x14 0x0000000000000000 mem 0x0000000080031f34
core   0: 0x000000008000fe9a (0x0ff77713) andi    a4, a4, 255
core   0: 3 0x000000008000fe9a (0x0ff77713) x14 0x0000000000000000
core   0: 0x000000008000fe9e (0x00e78023) sb      a4, 0(a5)
core   0: 3 0x000000008000fe9e (0x00e78023) mem 0x00000000800120a0 0x00
core   0: 0x000000008000fea2 (0xfc843703) ld      a4, -56(s0)
core   0: 3 0x000000008000fea2 (0xfc843703) x14 0x0000000080012040 mem 0x0000000080031f38
core   0: 0x000000008000fea6 (0xfb843783) ld      a5, -72(s0)
core   0: 3 0x000000008000fea6 (0xfb843783) x15 0x000000000000009c mem 0x0000000080031f28
core   0: 0x000000008000feaa (0x000097ba) c.add   a5, a4
core   0: 3 0x000000008000feaa (0x97ba) x15 0x00000000800120dc
core   0: 0x000000008000feac (0xfe043703) ld      a4, -32(s0)
core   0: 3 0x000000008000feac (0xfe043703) x14 0x00000000800120a1 mem 0x0000000080031f50
core   0: 0x000000008000feb0 (0xfcf76de3) bltu    a4, a5, pc - 38
core   0: 3 0x000000008000feb0 (0xfcf76de3)
core   0: 0x000000008000fe8a (0xfe043783) ld      a5, -32(s0)
core   0: 3 0x000000008000fe8a (0xfe043783) x15 0x00000000800120a1 mem 0x0000000080031f50
core   0: 0x000000008000fe8e (0x00178713) addi    a4, a5, 1
core   0: 3 0x000000008000fe8e (0x00178713) x14 0x00000000800120a2
core   0: 0x000000008000fe92 (0xfee43023) sd      a4, -32(s0)
core   0: 3 0x000000008000fe92 (0xfee43023) mem 0x0000000080031f50 0x00000000800120a2
core   0: 0x000000008000fe96 (0xfc442703) lw      a4, -60(s0)
core   0: 3 0x000000008000fe96 (0xfc442703) x14 0x0000000000000000 mem 0x0000000080031f34
core   0: 0x000000008000fe9a (0x0ff77713) andi    a4, a4, 255
core   0: 3 0x000000008000fe9a (0x0ff77713) x14 0x0000000000000000
core   0: 0x000000008000fe9e (0x00e78023) sb      a4, 0(a5)
core   0: 3 0x000000008000fe9e (0x00e78023) mem 0x00000000800120a1 0x00
core   0: 0x000000008000fea2 (0xfc843703) ld      a4, -56(s0)
core   0: 3 0x000000008000fea2 (0xfc843703) x14 0x0000000080012040 mem 0x0000000080031f38
core   0: 0x000000008000fea6 (0xfb843783) ld      a5, -72(s0)
core   0: 3 0x000000008000fea6 (0xfb843783) x15 0x000000000000009c mem 0x0000000080031f28
core   0: 0x000000008000feaa (0x000097ba) c.add   a5, a4
core   0: 3 0x000000008000feaa (0x97ba) x15 0x00000000800120dc
core   0: 0x000000008000feac (0xfe043703) ld      a4, -32(s0)
core   0: 3 0x000000008000feac (0xfe043703) x14 0x00000000800120a2 mem 0x0000000080031f50
core   0: 0x000000008000feb0 (0xfcf76de3) bltu    a4, a5, pc - 38
core   0: 3 0x000000008000feb0 (0xfcf76de3)
core   0: 0x000000008000fe8a (0xfe043783) ld      a5, -32(s0)
core   0: 3 0x000000008000fe8a (0xfe043783) x15 0x00000000800120a2 mem 0x0000000080031f50
core   0: 0x000000008000fe8e (0x00178713) addi    a4, a5, 1
core   0: 3 0x000000008000fe8e (0x00178713) x14 0x00000000800120a3
core   0: 0x000000008000fe92 (0xfee43023) sd      a4, -32(s0)
core   0: 3 0x000000008000fe92 (0xfee43023) mem 0x0000000080031f50 0x00000000800120a3
core   0: 0x000000008000fe96 (0xfc442703) lw      a4, -60(s0)
core   0: 3 0x000000008000fe96 (0xfc442703) x14 0x0000000000000000 mem 0x0000000080031f34
core   0: 0x000000008000fe9a (0x0ff77713) andi    a4, a4, 255
core   0: 3 0x000000008000fe9a (0x0ff77713) x14 0x0000000000000000
core   0: 0x000000008000fe9e (0x00e78023) sb      a4, 0(a5)
core   0: 3 0x000000008000fe9e (0x00e78023) mem 0x00000000800120a2 0x00
core   0: 0x000000008000fea2 (0xfc843703) ld      a4, -56(s0)
core   0: 3 0x000000008000fea2 (0xfc843703) x14 0x0000000080012040 mem 0x0000000080031f38
core   0: 0x000000008000fea6 (0xfb843783) ld      a5, -72(s0)
core   0: 3 0x000000008000fea6 (0xfb843783) x15 0x000000000000009c mem 0x0000000080031f28
core   0: 0x000000008000feaa (0x000097ba) c.add   a5, a4
core   0: 3 0x000000008000feaa (0x97ba) x15 0x00000000800120dc
core   0: 0x000000008000feac (0xfe043703) ld      a4, -32(s0)
core   0: 3 0x000000008000feac (0xfe043703) x14 0x00000000800120a3 mem 0x0000000080031f50
core   0: 0x000000008000feb0 (0xfcf76de3) bltu    a4, a5, pc - 38
core   0: 3 0x000000008000feb0 (0xfcf76de3)
core   0: 0x000000008000fe8a (0xfe043783) ld      a5, -32(s0)
core   0: 3 0x000000008000fe8a (0xfe043783) x15 0x00000000800120a3 mem 0x0000000080031f50
core   0: 0x000000008000fe8e (0x00178713) addi    a4, a5, 1
core   0: 3 0x000000008000fe8e (0x00178713) x14 0x00000000800120a4
core   0: 0x000000008000fe92 (0xfee43023) sd      a4, -32(s0)
core   0: 3 0x000000008000fe92 (0xfee43023) mem 0x0000000080031f50 0x00000000800120a4
core   0: 0x000000008000fe96 (0xfc442703) lw      a4, -60(s0)
core   0: 3 0x000000008000fe96 (0xfc442703) x14 0x0000000000000000 mem 0x0000000080031f34
core   0: 0x000000008000fe9a (0x0ff77713) andi    a4, a4, 255
core   0: 3 0x000000008000fe9a (0x0ff77713) x14 0x0000000000000000
core   0: 0x000000008000fe9e (0x00e78023) sb      a4, 0(a5)
core   0: 3 0x000000008000fe9e (0x00e78023) mem 0x00000000800120a3 0x00
core   0: 0x000000008000fea2 (0xfc843703) ld      a4, -56(s0)
core   0: 3 0x000000008000fea2 (0xfc843703) x14 0x0000000080012040 mem 0x0000000080031f38
core   0: 0x000000008000fea6 (0xfb843783) ld      a5, -72(s0)
core   0: 3 0x000000008000fea6 (0xfb843783) x15 0x000000000000009c mem 0x0000000080031f28
core   0: 0x000000008000feaa (0x000097ba) c.add   a5, a4
core   0: 3 0x000000008000feaa (0x97ba) x15 0x00000000800120dc
core   0: 0x000000008000feac (0xfe043703) ld      a4, -32(s0)
core   0: 3 0x000000008000feac (0xfe043703) x14 0x00000000800120a4 mem 0x0000000080031f50
core   0: 0x000000008000feb0 (0xfcf76de3) bltu    a4, a5, pc - 38
core   0: 3 0x000000008000feb0 (0xfcf76de3)
core   0: 0x000000008000fe8a (0xfe043783) ld      a5, -32(s0)
core   0: 3 0x000000008000fe8a (0xfe043783) x15 0x00000000800120a4 mem 0x0000000080031f50
core   0: 0x000000008000fe8e (0x00178713) addi    a4, a5, 1
core   0: 3 0x000000008000fe8e (0x00178713) x14 0x00000000800120a5
core   0: 0x000000008000fe92 (0xfee43023) sd      a4, -32(s0)
core   0: 3 0x000000008000fe92 (0xfee43023) mem 0x0000000080031f50 0x00000000800120a5
core   0: 0x000000008000fe96 (0xfc442703) lw      a4, -60(s0)
core   0: 3 0x000000008000fe96 (0xfc442703) x14 0x0000000000000000 mem 0x0000000080031f34
core   0: 0x000000008000fe9a (0x0ff77713) andi    a4, a4, 255
core   0: 3 0x000000008000fe9a (0x0ff77713) x14 0x0000000000000000
core   0: 0x000000008000fe9e (0x00e78023) sb      a4, 0(a5)
core   0: 3 0x000000008000fe9e (0x00e78023) mem 0x00000000800120a4 0x00
core   0: 0x000000008000fea2 (0xfc843703) ld      a4, -56(s0)
core   0: 3 0x000000008000fea2 (0xfc843703) x14 0x0000000080012040 mem 0x0000000080031f38
core   0: 0x000000008000fea6 (0xfb843783) ld      a5, -72(s0)
core   0: 3 0x000000008000fea6 (0xfb843783) x15 0x000000000000009c mem 0x0000000080031f28
core   0: 0x000000008000feaa (0x000097ba) c.add   a5, a4
core   0: 3 0x000000008000feaa (0x97ba) x15 0x00000000800120dc
core   0: 0x000000008000feac (0xfe043703) ld      a4, -32(s0)
core   0: 3 0x000000008000feac (0xfe043703) x14 0x00000000800120a5 mem 0x0000000080031f50
core   0: 0x000000008000feb0 (0xfcf76de3) bltu    a4, a5, pc - 38
core   0: 3 0x000000008000feb0 (0xfcf76de3)
core   0: 0x000000008000fe8a (0xfe043783) ld      a5, -32(s0)
core   0: 3 0x000000008000fe8a (0xfe043783) x15 0x00000000800120a5 mem 0x0000000080031f50
core   0: 0x000000008000fe8e (0x00178713) addi    a4, a5, 1
core   0: 3 0x000000008000fe8e (0x00178713) x14 0x00000000800120a6
core   0: 0x000000008000fe92 (0xfee43023) sd      a4, -32(s0)
core   0: 3 0x000000008000fe92 (0xfee43023) mem 0x0000000080031f50 0x00000000800120a6
core   0: 0x000000008000fe96 (0xfc442703) lw      a4, -60(s0)
core   0: 3 0x000000008000fe96 (0xfc442703) x14 0x0000000000000000 mem 0x0000000080031f34
core   0: 0x000000008000fe9a (0x0ff77713) andi    a4, a4, 255
core   0: 3 0x000000008000fe9a (0x0ff77713) x14 0x0000000000000000
core   0: 0x000000008000fe9e (0x00e78023) sb      a4, 0(a5)
core   0: 3 0x000000008000fe9e (0x00e78023) mem 0x00000000800120a5 0x00
core   0: 0x000000008000fea2 (0xfc843703) ld      a4, -56(s0)
core   0: 3 0x000000008000fea2 (0xfc843703) x14 0x0000000080012040 mem 0x0000000080031f38
core   0: 0x000000008000fea6 (0xfb843783) ld      a5, -72(s0)
core   0: 3 0x000000008000fea6 (0xfb843783) x15 0x000000000000009c mem 0x0000000080031f28
core   0: 0x000000008000feaa (0x000097ba) c.add   a5, a4
core   0: 3 0x000000008000feaa (0x97ba) x15 0x00000000800120dc
core   0: 0x000000008000feac (0xfe043703) ld      a4, -32(s0)
core   0: 3 0x000000008000feac (0xfe043703) x14 0x00000000800120a6 mem 0x0000000080031f50
core   0: 0x000000008000feb0 (0xfcf76de3) bltu    a4, a5, pc - 38
core   0: 3 0x000000008000feb0 (0xfcf76de3)
core   0: 0x000000008000fe8a (0xfe043783) ld      a5, -32(s0)
core   0: 3 0x000000008000fe8a (0xfe043783) x15 0x00000000800120a6 mem 0x0000000080031f50
core   0: 0x000000008000fe8e (0x00178713) addi    a4, a5, 1
core   0: 3 0x000000008000fe8e (0x00178713) x14 0x00000000800120a7
core   0: 0x000000008000fe92 (0xfee43023) sd      a4, -32(s0)
core   0: 3 0x000000008000fe92 (0xfee43023) mem 0x0000000080031f50 0x00000000800120a7
core   0: 0x000000008000fe96 (0xfc442703) lw      a4, -60(s0)
core   0: 3 0x000000008000fe96 (0xfc442703) x14 0x0000000000000000 mem 0x0000000080031f34
core   0: 0x000000008000fe9a (0x0ff77713) andi    a4, a4, 255
core   0: 3 0x000000008000fe9a (0x0ff77713) x14 0x0000000000000000
core   0: 0x000000008000fe9e (0x00e78023) sb      a4, 0(a5)
core   0: 3 0x000000008000fe9e (0x00e78023) mem 0x00000000800120a6 0x00
core   0: 0x000000008000fea2 (0xfc843703) ld      a4, -56(s0)
core   0: 3 0x000000008000fea2 (0xfc843703) x14 0x0000000080012040 mem 0x0000000080031f38
core   0: 0x000000008000fea6 (0xfb843783) ld      a5, -72(s0)
core   0: 3 0x000000008000fea6 (0xfb843783) x15 0x000000000000009c mem 0x0000000080031f28
core   0: 0x000000008000feaa (0x000097ba) c.add   a5, a4
core   0: 3 0x000000008000feaa (0x97ba) x15 0x00000000800120dc
core   0: 0x000000008000feac (0xfe043703) ld      a4, -32(s0)
core   0: 3 0x000000008000feac (0xfe043703) x14 0x00000000800120a7 mem 0x0000000080031f50
core   0: 0x000000008000feb0 (0xfcf76de3) bltu    a4, a5, pc - 38
core   0: 3 0x000000008000feb0 (0xfcf76de3)
core   0: 0x000000008000fe8a (0xfe043783) ld      a5, -32(s0)
core   0: 3 0x000000008000fe8a (0xfe043783) x15 0x00000000800120a7 mem 0x0000000080031f50
core   0: 0x000000008000fe8e (0x00178713) addi    a4, a5, 1
core   0: 3 0x000000008000fe8e (0x00178713) x14 0x00000000800120a8
core   0: 0x000000008000fe92 (0xfee43023) sd      a4, -32(s0)
core   0: 3 0x000000008000fe92 (0xfee43023) mem 0x0000000080031f50 0x00000000800120a8
core   0: 0x000000008000fe96 (0xfc442703) lw      a4, -60(s0)
core   0: 3 0x000000008000fe96 (0xfc442703) x14 0x0000000000000000 mem 0x0000000080031f34
core   0: 0x000000008000fe9a (0x0ff77713) andi    a4, a4, 255
core   0: 3 0x000000008000fe9a (0x0ff77713) x14 0x0000000000000000
core   0: 0x000000008000fe9e (0x00e78023) sb      a4, 0(a5)
core   0: 3 0x000000008000fe9e (0x00e78023) mem 0x00000000800120a7 0x00
core   0: 0x000000008000fea2 (0xfc843703) ld      a4, -56(s0)
core   0: 3 0x000000008000fea2 (0xfc843703) x14 0x0000000080012040 mem 0x0000000080031f38
core   0: 0x000000008000fea6 (0xfb843783) ld      a5, -72(s0)
core   0: 3 0x000000008000fea6 (0xfb843783) x15 0x000000000000009c mem 0x0000000080031f28
core   0: 0x000000008000feaa (0x000097ba) c.add   a5, a4
core   0: 3 0x000000008000feaa (0x97ba) x15 0x00000000800120dc
core   0: 0x000000008000feac (0xfe043703) ld      a4, -32(s0)
core   0: 3 0x000000008000feac (0xfe043703) x14 0x00000000800120a8 mem 0x0000000080031f50
core   0: 0x000000008000feb0 (0xfcf76de3) bltu    a4, a5, pc - 38
core   0: 3 0x000000008000feb0 (0xfcf76de3)
core   0: 0x000000008000fe8a (0xfe043783) ld      a5, -32(s0)
core   0: 3 0x000000008000fe8a (0xfe043783) x15 0x00000000800120a8 mem 0x0000000080031f50
core   0: 0x000000008000fe8e (0x00178713) addi    a4, a5, 1
core   0: 3 0x000000008000fe8e (0x00178713) x14 0x00000000800120a9
core   0: 0x000000008000fe92 (0xfee43023) sd      a4, -32(s0)
core   0: 3 0x000000008000fe92 (0xfee43023) mem 0x0000000080031f50 0x00000000800120a9
core   0: 0x000000008000fe96 (0xfc442703) lw      a4, -60(s0)
core   0: 3 0x000000008000fe96 (0xfc442703) x14 0x0000000000000000 mem 0x0000000080031f34
core   0: 0x000000008000fe9a (0x0ff77713) andi    a4, a4, 255
core   0: 3 0x000000008000fe9a (0x0ff77713) x14 0x0000000000000000
core   0: 0x000000008000fe9e (0x00e78023) sb      a4, 0(a5)
core   0: 3 0x000000008000fe9e (0x00e78023) mem 0x00000000800120a8 0x00
core   0: 0x000000008000fea2 (0xfc843703) ld      a4, -56(s0)
core   0: 3 0x000000008000fea2 (0xfc843703) x14 0x0000000080012040 mem 0x0000000080031f38
core   0: 0x000000008000fea6 (0xfb843783) ld      a5, -72(s0)
core   0: 3 0x000000008000fea6 (0xfb843783) x15 0x000000000000009c mem 0x0000000080031f28
core   0: 0x000000008000feaa (0x000097ba) c.add   a5, a4
core   0: 3 0x000000008000feaa (0x97ba) x15 0x00000000800120dc
core   0: 0x000000008000feac (0xfe043703) ld      a4, -32(s0)
core   0: 3 0x000000008000feac (0xfe043703) x14 0x00000000800120a9 mem 0x0000000080031f50
core   0: 0x000000008000feb0 (0xfcf76de3) bltu    a4, a5, pc - 38
core   0: 3 0x000000008000feb0 (0xfcf76de3)
core   0: 0x000000008000fe8a (0xfe043783) ld      a5, -32(s0)
core   0: 3 0x000000008000fe8a (0xfe043783) x15 0x00000000800120a9 mem 0x0000000080031f50
core   0: 0x000000008000fe8e (0x00178713) addi    a4, a5, 1
core   0: 3 0x000000008000fe8e (0x00178713) x14 0x00000000800120aa
core   0: 0x000000008000fe92 (0xfee43023) sd      a4, -32(s0)
core   0: 3 0x000000008000fe92 (0xfee43023) mem 0x0000000080031f50 0x00000000800120aa
core   0: 0x000000008000fe96 (0xfc442703) lw      a4, -60(s0)
core   0: 3 0x000000008000fe96 (0xfc442703) x14 0x0000000000000000 mem 0x0000000080031f34
core   0: 0x000000008000fe9a (0x0ff77713) andi    a4, a4, 255
core   0: 3 0x000000008000fe9a (0x0ff77713) x14 0x0000000000000000
core   0: 0x000000008000fe9e (0x00e78023) sb      a4, 0(a5)
core   0: 3 0x000000008000fe9e (0x00e78023) mem 0x00000000800120a9 0x00
core   0: 0x000000008000fea2 (0xfc843703) ld      a4, -56(s0)
core   0: 3 0x000000008000fea2 (0xfc843703) x14 0x0000000080012040 mem 0x0000000080031f38
core   0: 0x000000008000fea6 (0xfb843783) ld      a5, -72(s0)
core   0: 3 0x000000008000fea6 (0xfb843783) x15 0x000000000000009c mem 0x0000000080031f28
core   0: 0x000000008000feaa (0x000097ba) c.add   a5, a4
core   0: 3 0x000000008000feaa (0x97ba) x15 0x00000000800120dc
core   0: 0x000000008000feac (0xfe043703) ld      a4, -32(s0)
core   0: 3 0x000000008000feac (0xfe043703) x14 0x00000000800120aa mem 0x0000000080031f50
core   0: 0x000000008000feb0 (0xfcf76de3) bltu    a4, a5, pc - 38
core   0: 3 0x000000008000feb0 (0xfcf76de3)
core   0: 0x000000008000fe8a (0xfe043783) ld      a5, -32(s0)
core   0: 3 0x000000008000fe8a (0xfe043783) x15 0x00000000800120aa mem 0x0000000080031f50
core   0: 0x000000008000fe8e (0x00178713) addi    a4, a5, 1
core   0: 3 0x000000008000fe8e (0x00178713) x14 0x00000000800120ab
core   0: 0x000000008000fe92 (0xfee43023) sd      a4, -32(s0)
core   0: 3 0x000000008000fe92 (0xfee43023) mem 0x0000000080031f50 0x00000000800120ab
core   0: 0x000000008000fe96 (0xfc442703) lw      a4, -60(s0)
core   0: 3 0x000000008000fe96 (0xfc442703) x14 0x0000000000000000 mem 0x0000000080031f34
core   0: 0x000000008000fe9a (0x0ff77713) andi    a4, a4, 255
core   0: 3 0x000000008000fe9a (0x0ff77713) x14 0x0000000000000000
core   0: 0x000000008000fe9e (0x00e78023) sb      a4, 0(a5)
core   0: 3 0x000000008000fe9e (0x00e78023) mem 0x00000000800120aa 0x00
core   0: 0x000000008000fea2 (0xfc843703) ld      a4, -56(s0)
core   0: 3 0x000000008000fea2 (0xfc843703) x14 0x0000000080012040 mem 0x0000000080031f38
core   0: 0x000000008000fea6 (0xfb843783) ld      a5, -72(s0)
core   0: 3 0x000000008000fea6 (0xfb843783) x15 0x000000000000009c mem 0x0000000080031f28
core   0: 0x000000008000feaa (0x000097ba) c.add   a5, a4
core   0: 3 0x000000008000feaa (0x97ba) x15 0x00000000800120dc
core   0: 0x000000008000feac (0xfe043703) ld      a4, -32(s0)
core   0: 3 0x000000008000feac (0xfe043703) x14 0x00000000800120ab mem 0x0000000080031f50
core   0: 0x000000008000feb0 (0xfcf76de3) bltu    a4, a5, pc - 38
core   0: 3 0x000000008000feb0 (0xfcf76de3)
core   0: 0x000000008000fe8a (0xfe043783) ld      a5, -32(s0)
core   0: 3 0x000000008000fe8a (0xfe043783) x15 0x00000000800120ab mem 0x0000000080031f50
core   0: 0x000000008000fe8e (0x00178713) addi    a4, a5, 1
core   0: 3 0x000000008000fe8e (0x00178713) x14 0x00000000800120ac
core   0: 0x000000008000fe92 (0xfee43023) sd      a4, -32(s0)
core   0: 3 0x000000008000fe92 (0xfee43023) mem 0x0000000080031f50 0x00000000800120ac
core   0: 0x000000008000fe96 (0xfc442703) lw      a4, -60(s0)
core   0: 3 0x000000008000fe96 (0xfc442703) x14 0x0000000000000000 mem 0x0000000080031f34
core   0: 0x000000008000fe9a (0x0ff77713) andi    a4, a4, 255
core   0: 3 0x000000008000fe9a (0x0ff77713) x14 0x0000000000000000
core   0: 0x000000008000fe9e (0x00e78023) sb      a4, 0(a5)
core   0: 3 0x000000008000fe9e (0x00e78023) mem 0x00000000800120ab 0x00
core   0: 0x000000008000fea2 (0xfc843703) ld      a4, -56(s0)
core   0: 3 0x000000008000fea2 (0xfc843703) x14 0x0000000080012040 mem 0x0000000080031f38
core   0: 0x000000008000fea6 (0xfb843783) ld      a5, -72(s0)
core   0: 3 0x000000008000fea6 (0xfb843783) x15 0x000000000000009c mem 0x0000000080031f28
core   0: 0x000000008000feaa (0x000097ba) c.add   a5, a4
core   0: 3 0x000000008000feaa (0x97ba) x15 0x00000000800120dc
core   0: 0x000000008000feac (0xfe043703) ld      a4, -32(s0)
core   0: 3 0x000000008000feac (0xfe043703) x14 0x00000000800120ac mem 0x0000000080031f50
core   0: 0x000000008000feb0 (0xfcf76de3) bltu    a4, a5, pc - 38
core   0: 3 0x000000008000feb0 (0xfcf76de3)
core   0: 0x000000008000fe8a (0xfe043783) ld      a5, -32(s0)
core   0: 3 0x000000008000fe8a (0xfe043783) x15 0x00000000800120ac mem 0x0000000080031f50
core   0: 0x000000008000fe8e (0x00178713) addi    a4, a5, 1
core   0: 3 0x000000008000fe8e (0x00178713) x14 0x00000000800120ad
core   0: 0x000000008000fe92 (0xfee43023) sd      a4, -32(s0)
core   0: 3 0x000000008000fe92 (0xfee43023) mem 0x0000000080031f50 0x00000000800120ad
core   0: 0x000000008000fe96 (0xfc442703) lw      a4, -60(s0)
core   0: 3 0x000000008000fe96 (0xfc442703) x14 0x0000000000000000 mem 0x0000000080031f34
core   0: 0x000000008000fe9a (0x0ff77713) andi    a4, a4, 255
core   0: 3 0x000000008000fe9a (0x0ff77713) x14 0x0000000000000000
core   0: 0x000000008000fe9e (0x00e78023) sb      a4, 0(a5)
core   0: 3 0x000000008000fe9e (0x00e78023) mem 0x00000000800120ac 0x00
core   0: 0x000000008000fea2 (0xfc843703) ld      a4, -56(s0)
core   0: 3 0x000000008000fea2 (0xfc843703) x14 0x0000000080012040 mem 0x0000000080031f38
core   0: 0x000000008000fea6 (0xfb843783) ld      a5, -72(s0)
core   0: 3 0x000000008000fea6 (0xfb843783) x15 0x000000000000009c mem 0x0000000080031f28
core   0: 0x000000008000feaa (0x000097ba) c.add   a5, a4
core   0: 3 0x000000008000feaa (0x97ba) x15 0x00000000800120dc
core   0: 0x000000008000feac (0xfe043703) ld      a4, -32(s0)
core   0: 3 0x000000008000feac (0xfe043703) x14 0x00000000800120ad mem 0x0000000080031f50
core   0: 0x000000008000feb0 (0xfcf76de3) bltu    a4, a5, pc - 38
core   0: 3 0x000000008000feb0 (0xfcf76de3)
core   0: 0x000000008000fe8a (0xfe043783) ld      a5, -32(s0)
core   0: 3 0x000000008000fe8a (0xfe043783) x15 0x00000000800120ad mem 0x0000000080031f50
core   0: 0x000000008000fe8e (0x00178713) addi    a4, a5, 1
core   0: 3 0x000000008000fe8e (0x00178713) x14 0x00000000800120ae
core   0: 0x000000008000fe92 (0xfee43023) sd      a4, -32(s0)
core   0: 3 0x000000008000fe92 (0xfee43023) mem 0x0000000080031f50 0x00000000800120ae
core   0: 0x000000008000fe96 (0xfc442703) lw      a4, -60(s0)
core   0: 3 0x000000008000fe96 (0xfc442703) x14 0x0000000000000000 mem 0x0000000080031f34
core   0: 0x000000008000fe9a (0x0ff77713) andi    a4, a4, 255
core   0: 3 0x000000008000fe9a (0x0ff77713) x14 0x0000000000000000
core   0: 0x000000008000fe9e (0x00e78023) sb      a4, 0(a5)
core   0: 3 0x000000008000fe9e (0x00e78023) mem 0x00000000800120ad 0x00
core   0: 0x000000008000fea2 (0xfc843703) ld      a4, -56(s0)
core   0: 3 0x000000008000fea2 (0xfc843703) x14 0x0000000080012040 mem 0x0000000080031f38
core   0: 0x000000008000fea6 (0xfb843783) ld      a5, -72(s0)
core   0: 3 0x000000008000fea6 (0xfb843783) x15 0x000000000000009c mem 0x0000000080031f28
core   0: 0x000000008000feaa (0x000097ba) c.add   a5, a4
core   0: 3 0x000000008000feaa (0x97ba) x15 0x00000000800120dc
core   0: 0x000000008000feac (0xfe043703) ld      a4, -32(s0)
core   0: 3 0x000000008000feac (0xfe043703) x14 0x00000000800120ae mem 0x0000000080031f50
core   0: 0x000000008000feb0 (0xfcf76de3) bltu    a4, a5, pc - 38
core   0: 3 0x000000008000feb0 (0xfcf76de3)
core   0: 0x000000008000fe8a (0xfe043783) ld      a5, -32(s0)
core   0: 3 0x000000008000fe8a (0xfe043783) x15 0x00000000800120ae mem 0x0000000080031f50
core   0: 0x000000008000fe8e (0x00178713) addi    a4, a5, 1
core   0: 3 0x000000008000fe8e (0x00178713) x14 0x00000000800120af
core   0: 0x000000008000fe92 (0xfee43023) sd      a4, -32(s0)
core   0: 3 0x000000008000fe92 (0xfee43023) mem 0x0000000080031f50 0x00000000800120af
core   0: 0x000000008000fe96 (0xfc442703) lw      a4, -60(s0)
core   0: 3 0x000000008000fe96 (0xfc442703) x14 0x0000000000000000 mem 0x0000000080031f34
core   0: 0x000000008000fe9a (0x0ff77713) andi    a4, a4, 255
core   0: 3 0x000000008000fe9a (0x0ff77713) x14 0x0000000000000000
core   0: 0x000000008000fe9e (0x00e78023) sb      a4, 0(a5)
core   0: 3 0x000000008000fe9e (0x00e78023) mem 0x00000000800120ae 0x00
core   0: 0x000000008000fea2 (0xfc843703) ld      a4, -56(s0)
core   0: 3 0x000000008000fea2 (0xfc843703) x14 0x0000000080012040 mem 0x0000000080031f38
core   0: 0x000000008000fea6 (0xfb843783) ld      a5, -72(s0)
core   0: 3 0x000000008000fea6 (0xfb843783) x15 0x000000000000009c mem 0x0000000080031f28
core   0: 0x000000008000feaa (0x000097ba) c.add   a5, a4
core   0: 3 0x000000008000feaa (0x97ba) x15 0x00000000800120dc
core   0: 0x000000008000feac (0xfe043703) ld      a4, -32(s0)
core   0: 3 0x000000008000feac (0xfe043703) x14 0x00000000800120af mem 0x0000000080031f50
core   0: 0x000000008000feb0 (0xfcf76de3) bltu    a4, a5, pc - 38
core   0: 3 0x000000008000feb0 (0xfcf76de3)
core   0: 0x000000008000fe8a (0xfe043783) ld      a5, -32(s0)
core   0: 3 0x000000008000fe8a (0xfe043783) x15 0x00000000800120af mem 0x0000000080031f50
core   0: 0x000000008000fe8e (0x00178713) addi    a4, a5, 1
core   0: 3 0x000000008000fe8e (0x00178713) x14 0x00000000800120b0
core   0: 0x000000008000fe92 (0xfee43023) sd      a4, -32(s0)
core   0: 3 0x000000008000fe92 (0xfee43023) mem 0x0000000080031f50 0x00000000800120b0
core   0: 0x000000008000fe96 (0xfc442703) lw      a4, -60(s0)
core   0: 3 0x000000008000fe96 (0xfc442703) x14 0x0000000000000000 mem 0x0000000080031f34
core   0: 0x000000008000fe9a (0x0ff77713) andi    a4, a4, 255
core   0: 3 0x000000008000fe9a (0x0ff77713) x14 0x0000000000000000
core   0: 0x000000008000fe9e (0x00e78023) sb      a4, 0(a5)
core   0: 3 0x000000008000fe9e (0x00e78023) mem 0x00000000800120af 0x00
core   0: 0x000000008000fea2 (0xfc843703) ld      a4, -56(s0)
core   0: 3 0x000000008000fea2 (0xfc843703) x14 0x0000000080012040 mem 0x0000000080031f38
core   0: 0x000000008000fea6 (0xfb843783) ld      a5, -72(s0)
core   0: 3 0x000000008000fea6 (0xfb843783) x15 0x000000000000009c mem 0x0000000080031f28
core   0: 0x000000008000feaa (0x000097ba) c.add   a5, a4
core   0: 3 0x000000008000feaa (0x97ba) x15 0x00000000800120dc
core   0: 0x000000008000feac (0xfe043703) ld      a4, -32(s0)
core   0: 3 0x000000008000feac (0xfe043703) x14 0x00000000800120b0 mem 0x0000000080031f50
core   0: 0x000000008000feb0 (0xfcf76de3) bltu    a4, a5, pc - 38
core   0: 3 0x000000008000feb0 (0xfcf76de3)
core   0: 0x000000008000fe8a (0xfe043783) ld      a5, -32(s0)
core   0: 3 0x000000008000fe8a (0xfe043783) x15 0x00000000800120b0 mem 0x0000000080031f50
core   0: 0x000000008000fe8e (0x00178713) addi    a4, a5, 1
core   0: 3 0x000000008000fe8e (0x00178713) x14 0x00000000800120b1
core   0: 0x000000008000fe92 (0xfee43023) sd      a4, -32(s0)
core   0: 3 0x000000008000fe92 (0xfee43023) mem 0x0000000080031f50 0x00000000800120b1
core   0: 0x000000008000fe96 (0xfc442703) lw      a4, -60(s0)
core   0: 3 0x000000008000fe96 (0xfc442703) x14 0x0000000000000000 mem 0x0000000080031f34
core   0: 0x000000008000fe9a (0x0ff77713) andi    a4, a4, 255
core   0: 3 0x000000008000fe9a (0x0ff77713) x14 0x0000000000000000
core   0: 0x000000008000fe9e (0x00e78023) sb      a4, 0(a5)
core   0: 3 0x000000008000fe9e (0x00e78023) mem 0x00000000800120b0 0x00
core   0: 0x000000008000fea2 (0xfc843703) ld      a4, -56(s0)
core   0: 3 0x000000008000fea2 (0xfc843703) x14 0x0000000080012040 mem 0x0000000080031f38
core   0: 0x000000008000fea6 (0xfb843783) ld      a5, -72(s0)
core   0: 3 0x000000008000fea6 (0xfb843783) x15 0x000000000000009c mem 0x0000000080031f28
core   0: 0x000000008000feaa (0x000097ba) c.add   a5, a4
core   0: 3 0x000000008000feaa (0x97ba) x15 0x00000000800120dc
core   0: 0x000000008000feac (0xfe043703) ld      a4, -32(s0)
core   0: 3 0x000000008000feac (0xfe043703) x14 0x00000000800120b1 mem 0x0000000080031f50
core   0: 0x000000008000feb0 (0xfcf76de3) bltu    a4, a5, pc - 38
core   0: 3 0x000000008000feb0 (0xfcf76de3)
core   0: 0x000000008000fe8a (0xfe043783) ld      a5, -32(s0)
core   0: 3 0x000000008000fe8a (0xfe043783) x15 0x00000000800120b1 mem 0x0000000080031f50
core   0: 0x000000008000fe8e (0x00178713) addi    a4, a5, 1
core   0: 3 0x000000008000fe8e (0x00178713) x14 0x00000000800120b2
core   0: 0x000000008000fe92 (0xfee43023) sd      a4, -32(s0)
core   0: 3 0x000000008000fe92 (0xfee43023) mem 0x0000000080031f50 0x00000000800120b2
core   0: 0x000000008000fe96 (0xfc442703) lw      a4, -60(s0)
core   0: 3 0x000000008000fe96 (0xfc442703) x14 0x0000000000000000 mem 0x0000000080031f34
core   0: 0x000000008000fe9a (0x0ff77713) andi    a4, a4, 255
core   0: 3 0x000000008000fe9a (0x0ff77713) x14 0x0000000000000000
core   0: 0x000000008000fe9e (0x00e78023) sb      a4, 0(a5)
core   0: 3 0x000000008000fe9e (0x00e78023) mem 0x00000000800120b1 0x00
core   0: 0x000000008000fea2 (0xfc843703) ld      a4, -56(s0)
core   0: 3 0x000000008000fea2 (0xfc843703) x14 0x0000000080012040 mem 0x0000000080031f38
core   0: 0x000000008000fea6 (0xfb843783) ld      a5, -72(s0)
core   0: 3 0x000000008000fea6 (0xfb843783) x15 0x000000000000009c mem 0x0000000080031f28
core   0: 0x000000008000feaa (0x000097ba) c.add   a5, a4
core   0: 3 0x000000008000feaa (0x97ba) x15 0x00000000800120dc
core   0: 0x000000008000feac (0xfe043703) ld      a4, -32(s0)
core   0: 3 0x000000008000feac (0xfe043703) x14 0x00000000800120b2 mem 0x0000000080031f50
core   0: 0x000000008000feb0 (0xfcf76de3) bltu    a4, a5, pc - 38
core   0: 3 0x000000008000feb0 (0xfcf76de3)
core   0: 0x000000008000fe8a (0xfe043783) ld      a5, -32(s0)
core   0: 3 0x000000008000fe8a (0xfe043783) x15 0x00000000800120b2 mem 0x0000000080031f50
core   0: 0x000000008000fe8e (0x00178713) addi    a4, a5, 1
core   0: 3 0x000000008000fe8e (0x00178713) x14 0x00000000800120b3
core   0: 0x000000008000fe92 (0xfee43023) sd      a4, -32(s0)
core   0: 3 0x000000008000fe92 (0xfee43023) mem 0x0000000080031f50 0x00000000800120b3
core   0: 0x000000008000fe96 (0xfc442703) lw      a4, -60(s0)
core   0: 3 0x000000008000fe96 (0xfc442703) x14 0x0000000000000000 mem 0x0000000080031f34
core   0: 0x000000008000fe9a (0x0ff77713) andi    a4, a4, 255
core   0: 3 0x000000008000fe9a (0x0ff77713) x14 0x0000000000000000
core   0: 0x000000008000fe9e (0x00e78023) sb      a4, 0(a5)
core   0: 3 0x000000008000fe9e (0x00e78023) mem 0x00000000800120b2 0x00
core   0: 0x000000008000fea2 (0xfc843703) ld      a4, -56(s0)
core   0: 3 0x000000008000fea2 (0xfc843703) x14 0x0000000080012040 mem 0x0000000080031f38
core   0: 0x000000008000fea6 (0xfb843783) ld      a5, -72(s0)
core   0: 3 0x000000008000fea6 (0xfb843783) x15 0x000000000000009c mem 0x0000000080031f28
core   0: 0x000000008000feaa (0x000097ba) c.add   a5, a4
core   0: 3 0x000000008000feaa (0x97ba) x15 0x00000000800120dc
core   0: 0x000000008000feac (0xfe043703) ld      a4, -32(s0)
core   0: 3 0x000000008000feac (0xfe043703) x14 0x00000000800120b3 mem 0x0000000080031f50
core   0: 0x000000008000feb0 (0xfcf76de3) bltu    a4, a5, pc - 38
core   0: 3 0x000000008000feb0 (0xfcf76de3)
core   0: 0x000000008000fe8a (0xfe043783) ld      a5, -32(s0)
core   0: 3 0x000000008000fe8a (0xfe043783) x15 0x00000000800120b3 mem 0x0000000080031f50
core   0: 0x000000008000fe8e (0x00178713) addi    a4, a5, 1
core   0: 3 0x000000008000fe8e (0x00178713) x14 0x00000000800120b4
core   0: 0x000000008000fe92 (0xfee43023) sd      a4, -32(s0)
core   0: 3 0x000000008000fe92 (0xfee43023) mem 0x0000000080031f50 0x00000000800120b4
core   0: 0x000000008000fe96 (0xfc442703) lw      a4, -60(s0)
core   0: 3 0x000000008000fe96 (0xfc442703) x14 0x0000000000000000 mem 0x0000000080031f34
core   0: 0x000000008000fe9a (0x0ff77713) andi    a4, a4, 255
core   0: 3 0x000000008000fe9a (0x0ff77713) x14 0x0000000000000000
core   0: 0x000000008000fe9e (0x00e78023) sb      a4, 0(a5)
core   0: 3 0x000000008000fe9e (0x00e78023) mem 0x00000000800120b3 0x00
core   0: 0x000000008000fea2 (0xfc843703) ld      a4, -56(s0)
core   0: 3 0x000000008000fea2 (0xfc843703) x14 0x0000000080012040 mem 0x0000000080031f38
core   0: 0x000000008000fea6 (0xfb843783) ld      a5, -72(s0)
core   0: 3 0x000000008000fea6 (0xfb843783) x15 0x000000000000009c mem 0x0000000080031f28
core   0: 0x000000008000feaa (0x000097ba) c.add   a5, a4
core   0: 3 0x000000008000feaa (0x97ba) x15 0x00000000800120dc
core   0: 0x000000008000feac (0xfe043703) ld      a4, -32(s0)
core   0: 3 0x000000008000feac (0xfe043703) x14 0x00000000800120b4 mem 0x0000000080031f50
core   0: 0x000000008000feb0 (0xfcf76de3) bltu    a4, a5, pc - 38
core   0: 3 0x000000008000feb0 (0xfcf76de3)
core   0: 0x000000008000fe8a (0xfe043783) ld      a5, -32(s0)
core   0: 3 0x000000008000fe8a (0xfe043783) x15 0x00000000800120b4 mem 0x0000000080031f50
core   0: 0x000000008000fe8e (0x00178713) addi    a4, a5, 1
core   0: 3 0x000000008000fe8e (0x00178713) x14 0x00000000800120b5
core   0: 0x000000008000fe92 (0xfee43023) sd      a4, -32(s0)
core   0: 3 0x000000008000fe92 (0xfee43023) mem 0x0000000080031f50 0x00000000800120b5
core   0: 0x000000008000fe96 (0xfc442703) lw      a4, -60(s0)
core   0: 3 0x000000008000fe96 (0xfc442703) x14 0x0000000000000000 mem 0x0000000080031f34
core   0: 0x000000008000fe9a (0x0ff77713) andi    a4, a4, 255
core   0: 3 0x000000008000fe9a (0x0ff77713) x14 0x0000000000000000
core   0: 0x000000008000fe9e (0x00e78023) sb      a4, 0(a5)
core   0: 3 0x000000008000fe9e (0x00e78023) mem 0x00000000800120b4 0x00
core   0: 0x000000008000fea2 (0xfc843703) ld      a4, -56(s0)
core   0: 3 0x000000008000fea2 (0xfc843703) x14 0x0000000080012040 mem 0x0000000080031f38
core   0: 0x000000008000fea6 (0xfb843783) ld      a5, -72(s0)
core   0: 3 0x000000008000fea6 (0xfb843783) x15 0x000000000000009c mem 0x0000000080031f28
core   0: 0x000000008000feaa (0x000097ba) c.add   a5, a4
core   0: 3 0x000000008000feaa (0x97ba) x15 0x00000000800120dc
core   0: 0x000000008000feac (0xfe043703) ld      a4, -32(s0)
core   0: 3 0x000000008000feac (0xfe043703) x14 0x00000000800120b5 mem 0x0000000080031f50
core   0: 0x000000008000feb0 (0xfcf76de3) bltu    a4, a5, pc - 38
core   0: 3 0x000000008000feb0 (0xfcf76de3)
core   0: 0x000000008000fe8a (0xfe043783) ld      a5, -32(s0)
core   0: 3 0x000000008000fe8a (0xfe043783) x15 0x00000000800120b5 mem 0x0000000080031f50
core   0: 0x000000008000fe8e (0x00178713) addi    a4, a5, 1
core   0: 3 0x000000008000fe8e (0x00178713) x14 0x00000000800120b6
core   0: 0x000000008000fe92 (0xfee43023) sd      a4, -32(s0)
core   0: 3 0x000000008000fe92 (0xfee43023) mem 0x0000000080031f50 0x00000000800120b6
core   0: 0x000000008000fe96 (0xfc442703) lw      a4, -60(s0)
core   0: 3 0x000000008000fe96 (0xfc442703) x14 0x0000000000000000 mem 0x0000000080031f34
core   0: 0x000000008000fe9a (0x0ff77713) andi    a4, a4, 255
core   0: 3 0x000000008000fe9a (0x0ff77713) x14 0x0000000000000000
core   0: 0x000000008000fe9e (0x00e78023) sb      a4, 0(a5)
core   0: 3 0x000000008000fe9e (0x00e78023) mem 0x00000000800120b5 0x00
core   0: 0x000000008000fea2 (0xfc843703) ld      a4, -56(s0)
core   0: 3 0x000000008000fea2 (0xfc843703) x14 0x0000000080012040 mem 0x0000000080031f38
core   0: 0x000000008000fea6 (0xfb843783) ld      a5, -72(s0)
core   0: 3 0x000000008000fea6 (0xfb843783) x15 0x000000000000009c mem 0x0000000080031f28
core   0: 0x000000008000feaa (0x000097ba) c.add   a5, a4
core   0: 3 0x000000008000feaa (0x97ba) x15 0x00000000800120dc
core   0: 0x000000008000feac (0xfe043703) ld      a4, -32(s0)
core   0: 3 0x000000008000feac (0xfe043703) x14 0x00000000800120b6 mem 0x0000000080031f50
core   0: 0x000000008000feb0 (0xfcf76de3) bltu    a4, a5, pc - 38
core   0: 3 0x000000008000feb0 (0xfcf76de3)
core   0: 0x000000008000fe8a (0xfe043783) ld      a5, -32(s0)
core   0: 3 0x000000008000fe8a (0xfe043783) x15 0x00000000800120b6 mem 0x0000000080031f50
core   0: 0x000000008000fe8e (0x00178713) addi    a4, a5, 1
core   0: 3 0x000000008000fe8e (0x00178713) x14 0x00000000800120b7
core   0: 0x000000008000fe92 (0xfee43023) sd      a4, -32(s0)
core   0: 3 0x000000008000fe92 (0xfee43023) mem 0x0000000080031f50 0x00000000800120b7
core   0: 0x000000008000fe96 (0xfc442703) lw      a4, -60(s0)
core   0: 3 0x000000008000fe96 (0xfc442703) x14 0x0000000000000000 mem 0x0000000080031f34
core   0: 0x000000008000fe9a (0x0ff77713) andi    a4, a4, 255
core   0: 3 0x000000008000fe9a (0x0ff77713) x14 0x0000000000000000
core   0: 0x000000008000fe9e (0x00e78023) sb      a4, 0(a5)
core   0: 3 0x000000008000fe9e (0x00e78023) mem 0x00000000800120b6 0x00
core   0: 0x000000008000fea2 (0xfc843703) ld      a4, -56(s0)
core   0: 3 0x000000008000fea2 (0xfc843703) x14 0x0000000080012040 mem 0x0000000080031f38
core   0: 0x000000008000fea6 (0xfb843783) ld      a5, -72(s0)
core   0: 3 0x000000008000fea6 (0xfb843783) x15 0x000000000000009c mem 0x0000000080031f28
core   0: 0x000000008000feaa (0x000097ba) c.add   a5, a4
core   0: 3 0x000000008000feaa (0x97ba) x15 0x00000000800120dc
core   0: 0x000000008000feac (0xfe043703) ld      a4, -32(s0)
core   0: 3 0x000000008000feac (0xfe043703) x14 0x00000000800120b7 mem 0x0000000080031f50
core   0: 0x000000008000feb0 (0xfcf76de3) bltu    a4, a5, pc - 38
core   0: 3 0x000000008000feb0 (0xfcf76de3)
core   0: 0x000000008000fe8a (0xfe043783) ld      a5, -32(s0)
core   0: 3 0x000000008000fe8a (0xfe043783) x15 0x00000000800120b7 mem 0x0000000080031f50
core   0: 0x000000008000fe8e (0x00178713) addi    a4, a5, 1
core   0: 3 0x000000008000fe8e (0x00178713) x14 0x00000000800120b8
core   0: 0x000000008000fe92 (0xfee43023) sd      a4, -32(s0)
core   0: 3 0x000000008000fe92 (0xfee43023) mem 0x0000000080031f50 0x00000000800120b8
core   0: 0x000000008000fe96 (0xfc442703) lw      a4, -60(s0)
core   0: 3 0x000000008000fe96 (0xfc442703) x14 0x0000000000000000 mem 0x0000000080031f34
core   0: 0x000000008000fe9a (0x0ff77713) andi    a4, a4, 255
core   0: 3 0x000000008000fe9a (0x0ff77713) x14 0x0000000000000000
core   0: 0x000000008000fe9e (0x00e78023) sb      a4, 0(a5)
core   0: 3 0x000000008000fe9e (0x00e78023) mem 0x00000000800120b7 0x00
core   0: 0x000000008000fea2 (0xfc843703) ld      a4, -56(s0)
core   0: 3 0x000000008000fea2 (0xfc843703) x14 0x0000000080012040 mem 0x0000000080031f38
core   0: 0x000000008000fea6 (0xfb843783) ld      a5, -72(s0)
core   0: 3 0x000000008000fea6 (0xfb843783) x15 0x000000000000009c mem 0x0000000080031f28
core   0: 0x000000008000feaa (0x000097ba) c.add   a5, a4
core   0: 3 0x000000008000feaa (0x97ba) x15 0x00000000800120dc
core   0: 0x000000008000feac (0xfe043703) ld      a4, -32(s0)
core   0: 3 0x000000008000feac (0xfe043703) x14 0x00000000800120b8 mem 0x0000000080031f50
core   0: 0x000000008000feb0 (0xfcf76de3) bltu    a4, a5, pc - 38
core   0: 3 0x000000008000feb0 (0xfcf76de3)
core   0: 0x000000008000fe8a (0xfe043783) ld      a5, -32(s0)
core   0: 3 0x000000008000fe8a (0xfe043783) x15 0x00000000800120b8 mem 0x0000000080031f50
core   0: 0x000000008000fe8e (0x00178713) addi    a4, a5, 1
core   0: 3 0x000000008000fe8e (0x00178713) x14 0x00000000800120b9
core   0: 0x000000008000fe92 (0xfee43023) sd      a4, -32(s0)
core   0: 3 0x000000008000fe92 (0xfee43023) mem 0x0000000080031f50 0x00000000800120b9
core   0: 0x000000008000fe96 (0xfc442703) lw      a4, -60(s0)
core   0: 3 0x000000008000fe96 (0xfc442703) x14 0x0000000000000000 mem 0x0000000080031f34
core   0: 0x000000008000fe9a (0x0ff77713) andi    a4, a4, 255
core   0: 3 0x000000008000fe9a (0x0ff77713) x14 0x0000000000000000
core   0: 0x000000008000fe9e (0x00e78023) sb      a4, 0(a5)
core   0: 3 0x000000008000fe9e (0x00e78023) mem 0x00000000800120b8 0x00
core   0: 0x000000008000fea2 (0xfc843703) ld      a4, -56(s0)
core   0: 3 0x000000008000fea2 (0xfc843703) x14 0x0000000080012040 mem 0x0000000080031f38
core   0: 0x000000008000fea6 (0xfb843783) ld      a5, -72(s0)
core   0: 3 0x000000008000fea6 (0xfb843783) x15 0x000000000000009c mem 0x0000000080031f28
core   0: 0x000000008000feaa (0x000097ba) c.add   a5, a4
core   0: 3 0x000000008000feaa (0x97ba) x15 0x00000000800120dc
core   0: 0x000000008000feac (0xfe043703) ld      a4, -32(s0)
core   0: 3 0x000000008000feac (0xfe043703) x14 0x00000000800120b9 mem 0x0000000080031f50
core   0: 0x000000008000feb0 (0xfcf76de3) bltu    a4, a5, pc - 38
core   0: 3 0x000000008000feb0 (0xfcf76de3)
core   0: 0x000000008000fe8a (0xfe043783) ld      a5, -32(s0)
core   0: 3 0x000000008000fe8a (0xfe043783) x15 0x00000000800120b9 mem 0x0000000080031f50
core   0: 0x000000008000fe8e (0x00178713) addi    a4, a5, 1
core   0: 3 0x000000008000fe8e (0x00178713) x14 0x00000000800120ba
core   0: 0x000000008000fe92 (0xfee43023) sd      a4, -32(s0)
core   0: 3 0x000000008000fe92 (0xfee43023) mem 0x0000000080031f50 0x00000000800120ba
core   0: 0x000000008000fe96 (0xfc442703) lw      a4, -60(s0)
core   0: 3 0x000000008000fe96 (0xfc442703) x14 0x0000000000000000 mem 0x0000000080031f34
core   0: 0x000000008000fe9a (0x0ff77713) andi    a4, a4, 255
core   0: 3 0x000000008000fe9a (0x0ff77713) x14 0x0000000000000000
core   0: 0x000000008000fe9e (0x00e78023) sb      a4, 0(a5)
core   0: 3 0x000000008000fe9e (0x00e78023) mem 0x00000000800120b9 0x00
core   0: 0x000000008000fea2 (0xfc843703) ld      a4, -56(s0)
core   0: 3 0x000000008000fea2 (0xfc843703) x14 0x0000000080012040 mem 0x0000000080031f38
core   0: 0x000000008000fea6 (0xfb843783) ld      a5, -72(s0)
core   0: 3 0x000000008000fea6 (0xfb843783) x15 0x000000000000009c mem 0x0000000080031f28
core   0: 0x000000008000feaa (0x000097ba) c.add   a5, a4
core   0: 3 0x000000008000feaa (0x97ba) x15 0x00000000800120dc
core   0: 0x000000008000feac (0xfe043703) ld      a4, -32(s0)
core   0: 3 0x000000008000feac (0xfe043703) x14 0x00000000800120ba mem 0x0000000080031f50
core   0: 0x000000008000feb0 (0xfcf76de3) bltu    a4, a5, pc - 38
core   0: 3 0x000000008000feb0 (0xfcf76de3)
core   0: 0x000000008000fe8a (0xfe043783) ld      a5, -32(s0)
core   0: 3 0x000000008000fe8a (0xfe043783) x15 0x00000000800120ba mem 0x0000000080031f50
core   0: 0x000000008000fe8e (0x00178713) addi    a4, a5, 1
core   0: 3 0x000000008000fe8e (0x00178713) x14 0x00000000800120bb
core   0: 0x000000008000fe92 (0xfee43023) sd      a4, -32(s0)
core   0: 3 0x000000008000fe92 (0xfee43023) mem 0x0000000080031f50 0x00000000800120bb
core   0: 0x000000008000fe96 (0xfc442703) lw      a4, -60(s0)
core   0: 3 0x000000008000fe96 (0xfc442703) x14 0x0000000000000000 mem 0x0000000080031f34
core   0: 0x000000008000fe9a (0x0ff77713) andi    a4, a4, 255
core   0: 3 0x000000008000fe9a (0x0ff77713) x14 0x0000000000000000
core   0: 0x000000008000fe9e (0x00e78023) sb      a4, 0(a5)
core   0: 3 0x000000008000fe9e (0x00e78023) mem 0x00000000800120ba 0x00
core   0: 0x000000008000fea2 (0xfc843703) ld      a4, -56(s0)
core   0: 3 0x000000008000fea2 (0xfc843703) x14 0x0000000080012040 mem 0x0000000080031f38
core   0: 0x000000008000fea6 (0xfb843783) ld      a5, -72(s0)
core   0: 3 0x000000008000fea6 (0xfb843783) x15 0x000000000000009c mem 0x0000000080031f28
core   0: 0x000000008000feaa (0x000097ba) c.add   a5, a4
core   0: 3 0x000000008000feaa (0x97ba) x15 0x00000000800120dc
core   0: 0x000000008000feac (0xfe043703) ld      a4, -32(s0)
core   0: 3 0x000000008000feac (0xfe043703) x14 0x00000000800120bb mem 0x0000000080031f50
core   0: 0x000000008000feb0 (0xfcf76de3) bltu    a4, a5, pc - 38
core   0: 3 0x000000008000feb0 (0xfcf76de3)
core   0: 0x000000008000fe8a (0xfe043783) ld      a5, -32(s0)
core   0: 3 0x000000008000fe8a (0xfe043783) x15 0x00000000800120bb mem 0x0000000080031f50
core   0: 0x000000008000fe8e (0x00178713) addi    a4, a5, 1
core   0: 3 0x000000008000fe8e (0x00178713) x14 0x00000000800120bc
core   0: 0x000000008000fe92 (0xfee43023) sd      a4, -32(s0)
core   0: 3 0x000000008000fe92 (0xfee43023) mem 0x0000000080031f50 0x00000000800120bc
core   0: 0x000000008000fe96 (0xfc442703) lw      a4, -60(s0)
core   0: 3 0x000000008000fe96 (0xfc442703) x14 0x0000000000000000 mem 0x0000000080031f34
core   0: 0x000000008000fe9a (0x0ff77713) andi    a4, a4, 255
core   0: 3 0x000000008000fe9a (0x0ff77713) x14 0x0000000000000000
core   0: 0x000000008000fe9e (0x00e78023) sb      a4, 0(a5)
core   0: 3 0x000000008000fe9e (0x00e78023) mem 0x00000000800120bb 0x00
core   0: 0x000000008000fea2 (0xfc843703) ld      a4, -56(s0)
core   0: 3 0x000000008000fea2 (0xfc843703) x14 0x0000000080012040 mem 0x0000000080031f38
core   0: 0x000000008000fea6 (0xfb843783) ld      a5, -72(s0)
core   0: 3 0x000000008000fea6 (0xfb843783) x15 0x000000000000009c mem 0x0000000080031f28
core   0: 0x000000008000feaa (0x000097ba) c.add   a5, a4
core   0: 3 0x000000008000feaa (0x97ba) x15 0x00000000800120dc
core   0: 0x000000008000feac (0xfe043703) ld      a4, -32(s0)
core   0: 3 0x000000008000feac (0xfe043703) x14 0x00000000800120bc mem 0x0000000080031f50
core   0: 0x000000008000feb0 (0xfcf76de3) bltu    a4, a5, pc - 38
core   0: 3 0x000000008000feb0 (0xfcf76de3)
core   0: 0x000000008000fe8a (0xfe043783) ld      a5, -32(s0)
core   0: 3 0x000000008000fe8a (0xfe043783) x15 0x00000000800120bc mem 0x0000000080031f50
core   0: 0x000000008000fe8e (0x00178713) addi    a4, a5, 1
core   0: 3 0x000000008000fe8e (0x00178713) x14 0x00000000800120bd
core   0: 0x000000008000fe92 (0xfee43023) sd      a4, -32(s0)
core   0: 3 0x000000008000fe92 (0xfee43023) mem 0x0000000080031f50 0x00000000800120bd
core   0: 0x000000008000fe96 (0xfc442703) lw      a4, -60(s0)
core   0: 3 0x000000008000fe96 (0xfc442703) x14 0x0000000000000000 mem 0x0000000080031f34
core   0: 0x000000008000fe9a (0x0ff77713) andi    a4, a4, 255
core   0: 3 0x000000008000fe9a (0x0ff77713) x14 0x0000000000000000
core   0: 0x000000008000fe9e (0x00e78023) sb      a4, 0(a5)
core   0: 3 0x000000008000fe9e (0x00e78023) mem 0x00000000800120bc 0x00
core   0: 0x000000008000fea2 (0xfc843703) ld      a4, -56(s0)
core   0: 3 0x000000008000fea2 (0xfc843703) x14 0x0000000080012040 mem 0x0000000080031f38
core   0: 0x000000008000fea6 (0xfb843783) ld      a5, -72(s0)
core   0: 3 0x000000008000fea6 (0xfb843783) x15 0x000000000000009c mem 0x0000000080031f28
core   0: 0x000000008000feaa (0x000097ba) c.add   a5, a4
core   0: 3 0x000000008000feaa (0x97ba) x15 0x00000000800120dc
core   0: 0x000000008000feac (0xfe043703) ld      a4, -32(s0)
core   0: 3 0x000000008000feac (0xfe043703) x14 0x00000000800120bd mem 0x0000000080031f50
core   0: 0x000000008000feb0 (0xfcf76de3) bltu    a4, a5, pc - 38
core   0: 3 0x000000008000feb0 (0xfcf76de3)
core   0: 0x000000008000fe8a (0xfe043783) ld      a5, -32(s0)
core   0: 3 0x000000008000fe8a (0xfe043783) x15 0x00000000800120bd mem 0x0000000080031f50
core   0: 0x000000008000fe8e (0x00178713) addi    a4, a5, 1
core   0: 3 0x000000008000fe8e (0x00178713) x14 0x00000000800120be
core   0: 0x000000008000fe92 (0xfee43023) sd      a4, -32(s0)
core   0: 3 0x000000008000fe92 (0xfee43023) mem 0x0000000080031f50 0x00000000800120be
core   0: 0x000000008000fe96 (0xfc442703) lw      a4, -60(s0)
core   0: 3 0x000000008000fe96 (0xfc442703) x14 0x0000000000000000 mem 0x0000000080031f34
core   0: 0x000000008000fe9a (0x0ff77713) andi    a4, a4, 255
core   0: 3 0x000000008000fe9a (0x0ff77713) x14 0x0000000000000000
core   0: 0x000000008000fe9e (0x00e78023) sb      a4, 0(a5)
core   0: 3 0x000000008000fe9e (0x00e78023) mem 0x00000000800120bd 0x00
core   0: 0x000000008000fea2 (0xfc843703) ld      a4, -56(s0)
core   0: 3 0x000000008000fea2 (0xfc843703) x14 0x0000000080012040 mem 0x0000000080031f38
core   0: 0x000000008000fea6 (0xfb843783) ld      a5, -72(s0)
core   0: 3 0x000000008000fea6 (0xfb843783) x15 0x000000000000009c mem 0x0000000080031f28
core   0: 0x000000008000feaa (0x000097ba) c.add   a5, a4
core   0: 3 0x000000008000feaa (0x97ba) x15 0x00000000800120dc
core   0: 0x000000008000feac (0xfe043703) ld      a4, -32(s0)
core   0: 3 0x000000008000feac (0xfe043703) x14 0x00000000800120be mem 0x0000000080031f50
core   0: 0x000000008000feb0 (0xfcf76de3) bltu    a4, a5, pc - 38
core   0: 3 0x000000008000feb0 (0xfcf76de3)
core   0: 0x000000008000fe8a (0xfe043783) ld      a5, -32(s0)
core   0: 3 0x000000008000fe8a (0xfe043783) x15 0x00000000800120be mem 0x0000000080031f50
core   0: 0x000000008000fe8e (0x00178713) addi    a4, a5, 1
core   0: 3 0x000000008000fe8e (0x00178713) x14 0x00000000800120bf
core   0: 0x000000008000fe92 (0xfee43023) sd      a4, -32(s0)
core   0: 3 0x000000008000fe92 (0xfee43023) mem 0x0000000080031f50 0x00000000800120bf
core   0: 0x000000008000fe96 (0xfc442703) lw      a4, -60(s0)
core   0: 3 0x000000008000fe96 (0xfc442703) x14 0x0000000000000000 mem 0x0000000080031f34
core   0: 0x000000008000fe9a (0x0ff77713) andi    a4, a4, 255
core   0: 3 0x000000008000fe9a (0x0ff77713) x14 0x0000000000000000
core   0: 0x000000008000fe9e (0x00e78023) sb      a4, 0(a5)
core   0: 3 0x000000008000fe9e (0x00e78023) mem 0x00000000800120be 0x00
core   0: 0x000000008000fea2 (0xfc843703) ld      a4, -56(s0)
core   0: 3 0x000000008000fea2 (0xfc843703) x14 0x0000000080012040 mem 0x0000000080031f38
core   0: 0x000000008000fea6 (0xfb843783) ld      a5, -72(s0)
core   0: 3 0x000000008000fea6 (0xfb843783) x15 0x000000000000009c mem 0x0000000080031f28
core   0: 0x000000008000feaa (0x000097ba) c.add   a5, a4
core   0: 3 0x000000008000feaa (0x97ba) x15 0x00000000800120dc
core   0: 0x000000008000feac (0xfe043703) ld      a4, -32(s0)
core   0: 3 0x000000008000feac (0xfe043703) x14 0x00000000800120bf mem 0x0000000080031f50
core   0: 0x000000008000feb0 (0xfcf76de3) bltu    a4, a5, pc - 38
core   0: 3 0x000000008000feb0 (0xfcf76de3)
core   0: 0x000000008000fe8a (0xfe043783) ld      a5, -32(s0)
core   0: 3 0x000000008000fe8a (0xfe043783) x15 0x00000000800120bf mem 0x0000000080031f50
core   0: 0x000000008000fe8e (0x00178713) addi    a4, a5, 1
core   0: 3 0x000000008000fe8e (0x00178713) x14 0x00000000800120c0
core   0: 0x000000008000fe92 (0xfee43023) sd      a4, -32(s0)
core   0: 3 0x000000008000fe92 (0xfee43023) mem 0x0000000080031f50 0x00000000800120c0
core   0: 0x000000008000fe96 (0xfc442703) lw      a4, -60(s0)
core   0: 3 0x000000008000fe96 (0xfc442703) x14 0x0000000000000000 mem 0x0000000080031f34
core   0: 0x000000008000fe9a (0x0ff77713) andi    a4, a4, 255
core   0: 3 0x000000008000fe9a (0x0ff77713) x14 0x0000000000000000
core   0: 0x000000008000fe9e (0x00e78023) sb      a4, 0(a5)
core   0: 3 0x000000008000fe9e (0x00e78023) mem 0x00000000800120bf 0x00
core   0: 0x000000008000fea2 (0xfc843703) ld      a4, -56(s0)
core   0: 3 0x000000008000fea2 (0xfc843703) x14 0x0000000080012040 mem 0x0000000080031f38
core   0: 0x000000008000fea6 (0xfb843783) ld      a5, -72(s0)
core   0: 3 0x000000008000fea6 (0xfb843783) x15 0x000000000000009c mem 0x0000000080031f28
core   0: 0x000000008000feaa (0x000097ba) c.add   a5, a4
core   0: 3 0x000000008000feaa (0x97ba) x15 0x00000000800120dc
core   0: 0x000000008000feac (0xfe043703) ld      a4, -32(s0)
core   0: 3 0x000000008000feac (0xfe043703) x14 0x00000000800120c0 mem 0x0000000080031f50
core   0: 0x000000008000feb0 (0xfcf76de3) bltu    a4, a5, pc - 38
core   0: 3 0x000000008000feb0 (0xfcf76de3)
core   0: 0x000000008000fe8a (0xfe043783) ld      a5, -32(s0)
core   0: 3 0x000000008000fe8a (0xfe043783) x15 0x00000000800120c0 mem 0x0000000080031f50
core   0: 0x000000008000fe8e (0x00178713) addi    a4, a5, 1
core   0: 3 0x000000008000fe8e (0x00178713) x14 0x00000000800120c1
core   0: 0x000000008000fe92 (0xfee43023) sd      a4, -32(s0)
core   0: 3 0x000000008000fe92 (0xfee43023) mem 0x0000000080031f50 0x00000000800120c1
core   0: 0x000000008000fe96 (0xfc442703) lw      a4, -60(s0)
core   0: 3 0x000000008000fe96 (0xfc442703) x14 0x0000000000000000 mem 0x0000000080031f34
core   0: 0x000000008000fe9a (0x0ff77713) andi    a4, a4, 255
core   0: 3 0x000000008000fe9a (0x0ff77713) x14 0x0000000000000000
core   0: 0x000000008000fe9e (0x00e78023) sb      a4, 0(a5)
core   0: 3 0x000000008000fe9e (0x00e78023) mem 0x00000000800120c0 0x00
core   0: 0x000000008000fea2 (0xfc843703) ld      a4, -56(s0)
core   0: 3 0x000000008000fea2 (0xfc843703) x14 0x0000000080012040 mem 0x0000000080031f38
core   0: 0x000000008000fea6 (0xfb843783) ld      a5, -72(s0)
core   0: 3 0x000000008000fea6 (0xfb843783) x15 0x000000000000009c mem 0x0000000080031f28
core   0: 0x000000008000feaa (0x000097ba) c.add   a5, a4
core   0: 3 0x000000008000feaa (0x97ba) x15 0x00000000800120dc
core   0: 0x000000008000feac (0xfe043703) ld      a4, -32(s0)
core   0: 3 0x000000008000feac (0xfe043703) x14 0x00000000800120c1 mem 0x0000000080031f50
core   0: 0x000000008000feb0 (0xfcf76de3) bltu    a4, a5, pc - 38
core   0: 3 0x000000008000feb0 (0xfcf76de3)
core   0: 0x000000008000fe8a (0xfe043783) ld      a5, -32(s0)
core   0: 3 0x000000008000fe8a (0xfe043783) x15 0x00000000800120c1 mem 0x0000000080031f50
core   0: 0x000000008000fe8e (0x00178713) addi    a4, a5, 1
core   0: 3 0x000000008000fe8e (0x00178713) x14 0x00000000800120c2
core   0: 0x000000008000fe92 (0xfee43023) sd      a4, -32(s0)
core   0: 3 0x000000008000fe92 (0xfee43023) mem 0x0000000080031f50 0x00000000800120c2
core   0: 0x000000008000fe96 (0xfc442703) lw      a4, -60(s0)
core   0: 3 0x000000008000fe96 (0xfc442703) x14 0x0000000000000000 mem 0x0000000080031f34
core   0: 0x000000008000fe9a (0x0ff77713) andi    a4, a4, 255
core   0: 3 0x000000008000fe9a (0x0ff77713) x14 0x0000000000000000
core   0: 0x000000008000fe9e (0x00e78023) sb      a4, 0(a5)
core   0: 3 0x000000008000fe9e (0x00e78023) mem 0x00000000800120c1 0x00
core   0: 0x000000008000fea2 (0xfc843703) ld      a4, -56(s0)
core   0: 3 0x000000008000fea2 (0xfc843703) x14 0x0000000080012040 mem 0x0000000080031f38
core   0: 0x000000008000fea6 (0xfb843783) ld      a5, -72(s0)
core   0: 3 0x000000008000fea6 (0xfb843783) x15 0x000000000000009c mem 0x0000000080031f28
core   0: 0x000000008000feaa (0x000097ba) c.add   a5, a4
core   0: 3 0x000000008000feaa (0x97ba) x15 0x00000000800120dc
core   0: 0x000000008000feac (0xfe043703) ld      a4, -32(s0)
core   0: 3 0x000000008000feac (0xfe043703) x14 0x00000000800120c2 mem 0x0000000080031f50
core   0: 0x000000008000feb0 (0xfcf76de3) bltu    a4, a5, pc - 38
core   0: 3 0x000000008000feb0 (0xfcf76de3)
core   0: 0x000000008000fe8a (0xfe043783) ld      a5, -32(s0)
core   0: 3 0x000000008000fe8a (0xfe043783) x15 0x00000000800120c2 mem 0x0000000080031f50
core   0: 0x000000008000fe8e (0x00178713) addi    a4, a5, 1
core   0: 3 0x000000008000fe8e (0x00178713) x14 0x00000000800120c3
core   0: 0x000000008000fe92 (0xfee43023) sd      a4, -32(s0)
core   0: 3 0x000000008000fe92 (0xfee43023) mem 0x0000000080031f50 0x00000000800120c3
core   0: 0x000000008000fe96 (0xfc442703) lw      a4, -60(s0)
core   0: 3 0x000000008000fe96 (0xfc442703) x14 0x0000000000000000 mem 0x0000000080031f34
core   0: 0x000000008000fe9a (0x0ff77713) andi    a4, a4, 255
core   0: 3 0x000000008000fe9a (0x0ff77713) x14 0x0000000000000000
core   0: 0x000000008000fe9e (0x00e78023) sb      a4, 0(a5)
core   0: 3 0x000000008000fe9e (0x00e78023) mem 0x00000000800120c2 0x00
core   0: 0x000000008000fea2 (0xfc843703) ld      a4, -56(s0)
core   0: 3 0x000000008000fea2 (0xfc843703) x14 0x0000000080012040 mem 0x0000000080031f38
core   0: 0x000000008000fea6 (0xfb843783) ld      a5, -72(s0)
core   0: 3 0x000000008000fea6 (0xfb843783) x15 0x000000000000009c mem 0x0000000080031f28
core   0: 0x000000008000feaa (0x000097ba) c.add   a5, a4
core   0: 3 0x000000008000feaa (0x97ba) x15 0x00000000800120dc
core   0: 0x000000008000feac (0xfe043703) ld      a4, -32(s0)
core   0: 3 0x000000008000feac (0xfe043703) x14 0x00000000800120c3 mem 0x0000000080031f50
core   0: 0x000000008000feb0 (0xfcf76de3) bltu    a4, a5, pc - 38
core   0: 3 0x000000008000feb0 (0xfcf76de3)
core   0: 0x000000008000fe8a (0xfe043783) ld      a5, -32(s0)
core   0: 3 0x000000008000fe8a (0xfe043783) x15 0x00000000800120c3 mem 0x0000000080031f50
core   0: 0x000000008000fe8e (0x00178713) addi    a4, a5, 1
core   0: 3 0x000000008000fe8e (0x00178713) x14 0x00000000800120c4
core   0: 0x000000008000fe92 (0xfee43023) sd      a4, -32(s0)
core   0: 3 0x000000008000fe92 (0xfee43023) mem 0x0000000080031f50 0x00000000800120c4
core   0: 0x000000008000fe96 (0xfc442703) lw      a4, -60(s0)
core   0: 3 0x000000008000fe96 (0xfc442703) x14 0x0000000000000000 mem 0x0000000080031f34
core   0: 0x000000008000fe9a (0x0ff77713) andi    a4, a4, 255
core   0: 3 0x000000008000fe9a (0x0ff77713) x14 0x0000000000000000
core   0: 0x000000008000fe9e (0x00e78023) sb      a4, 0(a5)
core   0: 3 0x000000008000fe9e (0x00e78023) mem 0x00000000800120c3 0x00
core   0: 0x000000008000fea2 (0xfc843703) ld      a4, -56(s0)
core   0: 3 0x000000008000fea2 (0xfc843703) x14 0x0000000080012040 mem 0x0000000080031f38
core   0: 0x000000008000fea6 (0xfb843783) ld      a5, -72(s0)
core   0: 3 0x000000008000fea6 (0xfb843783) x15 0x000000000000009c mem 0x0000000080031f28
core   0: 0x000000008000feaa (0x000097ba) c.add   a5, a4
core   0: 3 0x000000008000feaa (0x97ba) x15 0x00000000800120dc
core   0: 0x000000008000feac (0xfe043703) ld      a4, -32(s0)
core   0: 3 0x000000008000feac (0xfe043703) x14 0x00000000800120c4 mem 0x0000000080031f50
core   0: 0x000000008000feb0 (0xfcf76de3) bltu    a4, a5, pc - 38
core   0: 3 0x000000008000feb0 (0xfcf76de3)
core   0: 0x000000008000fe8a (0xfe043783) ld      a5, -32(s0)
core   0: 3 0x000000008000fe8a (0xfe043783) x15 0x00000000800120c4 mem 0x0000000080031f50
core   0: 0x000000008000fe8e (0x00178713) addi    a4, a5, 1
core   0: 3 0x000000008000fe8e (0x00178713) x14 0x00000000800120c5
core   0: 0x000000008000fe92 (0xfee43023) sd      a4, -32(s0)
core   0: 3 0x000000008000fe92 (0xfee43023) mem 0x0000000080031f50 0x00000000800120c5
core   0: 0x000000008000fe96 (0xfc442703) lw      a4, -60(s0)
core   0: 3 0x000000008000fe96 (0xfc442703) x14 0x0000000000000000 mem 0x0000000080031f34
core   0: 0x000000008000fe9a (0x0ff77713) andi    a4, a4, 255
core   0: 3 0x000000008000fe9a (0x0ff77713) x14 0x0000000000000000
core   0: 0x000000008000fe9e (0x00e78023) sb      a4, 0(a5)
core   0: 3 0x000000008000fe9e (0x00e78023) mem 0x00000000800120c4 0x00
core   0: 0x000000008000fea2 (0xfc843703) ld      a4, -56(s0)
core   0: 3 0x000000008000fea2 (0xfc843703) x14 0x0000000080012040 mem 0x0000000080031f38
core   0: 0x000000008000fea6 (0xfb843783) ld      a5, -72(s0)
core   0: 3 0x000000008000fea6 (0xfb843783) x15 0x000000000000009c mem 0x0000000080031f28
core   0: 0x000000008000feaa (0x000097ba) c.add   a5, a4
core   0: 3 0x000000008000feaa (0x97ba) x15 0x00000000800120dc
core   0: 0x000000008000feac (0xfe043703) ld      a4, -32(s0)
core   0: 3 0x000000008000feac (0xfe043703) x14 0x00000000800120c5 mem 0x0000000080031f50
core   0: 0x000000008000feb0 (0xfcf76de3) bltu    a4, a5, pc - 38
core   0: 3 0x000000008000feb0 (0xfcf76de3)
core   0: 0x000000008000fe8a (0xfe043783) ld      a5, -32(s0)
core   0: 3 0x000000008000fe8a (0xfe043783) x15 0x00000000800120c5 mem 0x0000000080031f50
core   0: 0x000000008000fe8e (0x00178713) addi    a4, a5, 1
core   0: 3 0x000000008000fe8e (0x00178713) x14 0x00000000800120c6
core   0: 0x000000008000fe92 (0xfee43023) sd      a4, -32(s0)
core   0: 3 0x000000008000fe92 (0xfee43023) mem 0x0000000080031f50 0x00000000800120c6
core   0: 0x000000008000fe96 (0xfc442703) lw      a4, -60(s0)
core   0: 3 0x000000008000fe96 (0xfc442703) x14 0x0000000000000000 mem 0x0000000080031f34
core   0: 0x000000008000fe9a (0x0ff77713) andi    a4, a4, 255
core   0: 3 0x000000008000fe9a (0x0ff77713) x14 0x0000000000000000
core   0: 0x000000008000fe9e (0x00e78023) sb      a4, 0(a5)
core   0: 3 0x000000008000fe9e (0x00e78023) mem 0x00000000800120c5 0x00
core   0: 0x000000008000fea2 (0xfc843703) ld      a4, -56(s0)
core   0: 3 0x000000008000fea2 (0xfc843703) x14 0x0000000080012040 mem 0x0000000080031f38
core   0: 0x000000008000fea6 (0xfb843783) ld      a5, -72(s0)
core   0: 3 0x000000008000fea6 (0xfb843783) x15 0x000000000000009c mem 0x0000000080031f28
core   0: 0x000000008000feaa (0x000097ba) c.add   a5, a4
core   0: 3 0x000000008000feaa (0x97ba) x15 0x00000000800120dc
core   0: 0x000000008000feac (0xfe043703) ld      a4, -32(s0)
core   0: 3 0x000000008000feac (0xfe043703) x14 0x00000000800120c6 mem 0x0000000080031f50
core   0: 0x000000008000feb0 (0xfcf76de3) bltu    a4, a5, pc - 38
core   0: 3 0x000000008000feb0 (0xfcf76de3)
core   0: 0x000000008000fe8a (0xfe043783) ld      a5, -32(s0)
core   0: 3 0x000000008000fe8a (0xfe043783) x15 0x00000000800120c6 mem 0x0000000080031f50
core   0: 0x000000008000fe8e (0x00178713) addi    a4, a5, 1
core   0: 3 0x000000008000fe8e (0x00178713) x14 0x00000000800120c7
core   0: 0x000000008000fe92 (0xfee43023) sd      a4, -32(s0)
core   0: 3 0x000000008000fe92 (0xfee43023) mem 0x0000000080031f50 0x00000000800120c7
core   0: 0x000000008000fe96 (0xfc442703) lw      a4, -60(s0)
core   0: 3 0x000000008000fe96 (0xfc442703) x14 0x0000000000000000 mem 0x0000000080031f34
core   0: 0x000000008000fe9a (0x0ff77713) andi    a4, a4, 255
core   0: 3 0x000000008000fe9a (0x0ff77713) x14 0x0000000000000000
core   0: 0x000000008000fe9e (0x00e78023) sb      a4, 0(a5)
core   0: 3 0x000000008000fe9e (0x00e78023) mem 0x00000000800120c6 0x00
core   0: 0x000000008000fea2 (0xfc843703) ld      a4, -56(s0)
core   0: 3 0x000000008000fea2 (0xfc843703) x14 0x0000000080012040 mem 0x0000000080031f38
core   0: 0x000000008000fea6 (0xfb843783) ld      a5, -72(s0)
core   0: 3 0x000000008000fea6 (0xfb843783) x15 0x000000000000009c mem 0x0000000080031f28
core   0: 0x000000008000feaa (0x000097ba) c.add   a5, a4
core   0: 3 0x000000008000feaa (0x97ba) x15 0x00000000800120dc
core   0: 0x000000008000feac (0xfe043703) ld      a4, -32(s0)
core   0: 3 0x000000008000feac (0xfe043703) x14 0x00000000800120c7 mem 0x0000000080031f50
core   0: 0x000000008000feb0 (0xfcf76de3) bltu    a4, a5, pc - 38
core   0: 3 0x000000008000feb0 (0xfcf76de3)
core   0: 0x000000008000fe8a (0xfe043783) ld      a5, -32(s0)
core   0: 3 0x000000008000fe8a (0xfe043783) x15 0x00000000800120c7 mem 0x0000000080031f50
core   0: 0x000000008000fe8e (0x00178713) addi    a4, a5, 1
core   0: 3 0x000000008000fe8e (0x00178713) x14 0x00000000800120c8
core   0: 0x000000008000fe92 (0xfee43023) sd      a4, -32(s0)
core   0: 3 0x000000008000fe92 (0xfee43023) mem 0x0000000080031f50 0x00000000800120c8
core   0: 0x000000008000fe96 (0xfc442703) lw      a4, -60(s0)
core   0: 3 0x000000008000fe96 (0xfc442703) x14 0x0000000000000000 mem 0x0000000080031f34
core   0: 0x000000008000fe9a (0x0ff77713) andi    a4, a4, 255
core   0: 3 0x000000008000fe9a (0x0ff77713) x14 0x0000000000000000
core   0: 0x000000008000fe9e (0x00e78023) sb      a4, 0(a5)
core   0: 3 0x000000008000fe9e (0x00e78023) mem 0x00000000800120c7 0x00
core   0: 0x000000008000fea2 (0xfc843703) ld      a4, -56(s0)
core   0: 3 0x000000008000fea2 (0xfc843703) x14 0x0000000080012040 mem 0x0000000080031f38
core   0: 0x000000008000fea6 (0xfb843783) ld      a5, -72(s0)
core   0: 3 0x000000008000fea6 (0xfb843783) x15 0x000000000000009c mem 0x0000000080031f28
core   0: 0x000000008000feaa (0x000097ba) c.add   a5, a4
core   0: 3 0x000000008000feaa (0x97ba) x15 0x00000000800120dc
core   0: 0x000000008000feac (0xfe043703) ld      a4, -32(s0)
core   0: 3 0x000000008000feac (0xfe043703) x14 0x00000000800120c8 mem 0x0000000080031f50
core   0: 0x000000008000feb0 (0xfcf76de3) bltu    a4, a5, pc - 38
core   0: 3 0x000000008000feb0 (0xfcf76de3)
core   0: 0x000000008000fe8a (0xfe043783) ld      a5, -32(s0)
core   0: 3 0x000000008000fe8a (0xfe043783) x15 0x00000000800120c8 mem 0x0000000080031f50
core   0: 0x000000008000fe8e (0x00178713) addi    a4, a5, 1
core   0: 3 0x000000008000fe8e (0x00178713) x14 0x00000000800120c9
core   0: 0x000000008000fe92 (0xfee43023) sd      a4, -32(s0)
core   0: 3 0x000000008000fe92 (0xfee43023) mem 0x0000000080031f50 0x00000000800120c9
core   0: 0x000000008000fe96 (0xfc442703) lw      a4, -60(s0)
core   0: 3 0x000000008000fe96 (0xfc442703) x14 0x0000000000000000 mem 0x0000000080031f34
core   0: 0x000000008000fe9a (0x0ff77713) andi    a4, a4, 255
core   0: 3 0x000000008000fe9a (0x0ff77713) x14 0x0000000000000000
core   0: 0x000000008000fe9e (0x00e78023) sb      a4, 0(a5)
core   0: 3 0x000000008000fe9e (0x00e78023) mem 0x00000000800120c8 0x00
core   0: 0x000000008000fea2 (0xfc843703) ld      a4, -56(s0)
core   0: 3 0x000000008000fea2 (0xfc843703) x14 0x0000000080012040 mem 0x0000000080031f38
core   0: 0x000000008000fea6 (0xfb843783) ld      a5, -72(s0)
core   0: 3 0x000000008000fea6 (0xfb843783) x15 0x000000000000009c mem 0x0000000080031f28
core   0: 0x000000008000feaa (0x000097ba) c.add   a5, a4
core   0: 3 0x000000008000feaa (0x97ba) x15 0x00000000800120dc
core   0: 0x000000008000feac (0xfe043703) ld      a4, -32(s0)
core   0: 3 0x000000008000feac (0xfe043703) x14 0x00000000800120c9 mem 0x0000000080031f50
core   0: 0x000000008000feb0 (0xfcf76de3) bltu    a4, a5, pc - 38
core   0: 3 0x000000008000feb0 (0xfcf76de3)
core   0: 0x000000008000fe8a (0xfe043783) ld      a5, -32(s0)
core   0: 3 0x000000008000fe8a (0xfe043783) x15 0x00000000800120c9 mem 0x0000000080031f50
core   0: 0x000000008000fe8e (0x00178713) addi    a4, a5, 1
core   0: 3 0x000000008000fe8e (0x00178713) x14 0x00000000800120ca
core   0: 0x000000008000fe92 (0xfee43023) sd      a4, -32(s0)
core   0: 3 0x000000008000fe92 (0xfee43023) mem 0x0000000080031f50 0x00000000800120ca
core   0: 0x000000008000fe96 (0xfc442703) lw      a4, -60(s0)
core   0: 3 0x000000008000fe96 (0xfc442703) x14 0x0000000000000000 mem 0x0000000080031f34
core   0: 0x000000008000fe9a (0x0ff77713) andi    a4, a4, 255
core   0: 3 0x000000008000fe9a (0x0ff77713) x14 0x0000000000000000
core   0: 0x000000008000fe9e (0x00e78023) sb      a4, 0(a5)
core   0: 3 0x000000008000fe9e (0x00e78023) mem 0x00000000800120c9 0x00
core   0: 0x000000008000fea2 (0xfc843703) ld      a4, -56(s0)
core   0: 3 0x000000008000fea2 (0xfc843703) x14 0x0000000080012040 mem 0x0000000080031f38
core   0: 0x000000008000fea6 (0xfb843783) ld      a5, -72(s0)
core   0: 3 0x000000008000fea6 (0xfb843783) x15 0x000000000000009c mem 0x0000000080031f28
core   0: 0x000000008000feaa (0x000097ba) c.add   a5, a4
core   0: 3 0x000000008000feaa (0x97ba) x15 0x00000000800120dc
core   0: 0x000000008000feac (0xfe043703) ld      a4, -32(s0)
core   0: 3 0x000000008000feac (0xfe043703) x14 0x00000000800120ca mem 0x0000000080031f50
core   0: 0x000000008000feb0 (0xfcf76de3) bltu    a4, a5, pc - 38
core   0: 3 0x000000008000feb0 (0xfcf76de3)
core   0: 0x000000008000fe8a (0xfe043783) ld      a5, -32(s0)
core   0: 3 0x000000008000fe8a (0xfe043783) x15 0x00000000800120ca mem 0x0000000080031f50
core   0: 0x000000008000fe8e (0x00178713) addi    a4, a5, 1
core   0: 3 0x000000008000fe8e (0x00178713) x14 0x00000000800120cb
core   0: 0x000000008000fe92 (0xfee43023) sd      a4, -32(s0)
core   0: 3 0x000000008000fe92 (0xfee43023) mem 0x0000000080031f50 0x00000000800120cb
core   0: 0x000000008000fe96 (0xfc442703) lw      a4, -60(s0)
core   0: 3 0x000000008000fe96 (0xfc442703) x14 0x0000000000000000 mem 0x0000000080031f34
core   0: 0x000000008000fe9a (0x0ff77713) andi    a4, a4, 255
core   0: 3 0x000000008000fe9a (0x0ff77713) x14 0x0000000000000000
core   0: 0x000000008000fe9e (0x00e78023) sb      a4, 0(a5)
core   0: 3 0x000000008000fe9e (0x00e78023) mem 0x00000000800120ca 0x00
core   0: 0x000000008000fea2 (0xfc843703) ld      a4, -56(s0)
core   0: 3 0x000000008000fea2 (0xfc843703) x14 0x0000000080012040 mem 0x0000000080031f38
core   0: 0x000000008000fea6 (0xfb843783) ld      a5, -72(s0)
core   0: 3 0x000000008000fea6 (0xfb843783) x15 0x000000000000009c mem 0x0000000080031f28
core   0: 0x000000008000feaa (0x000097ba) c.add   a5, a4
core   0: 3 0x000000008000feaa (0x97ba) x15 0x00000000800120dc
core   0: 0x000000008000feac (0xfe043703) ld      a4, -32(s0)
core   0: 3 0x000000008000feac (0xfe043703) x14 0x00000000800120cb mem 0x0000000080031f50
core   0: 0x000000008000feb0 (0xfcf76de3) bltu    a4, a5, pc - 38
core   0: 3 0x000000008000feb0 (0xfcf76de3)
core   0: 0x000000008000fe8a (0xfe043783) ld      a5, -32(s0)
core   0: 3 0x000000008000fe8a (0xfe043783) x15 0x00000000800120cb mem 0x0000000080031f50
core   0: 0x000000008000fe8e (0x00178713) addi    a4, a5, 1
core   0: 3 0x000000008000fe8e (0x00178713) x14 0x00000000800120cc
core   0: 0x000000008000fe92 (0xfee43023) sd      a4, -32(s0)
core   0: 3 0x000000008000fe92 (0xfee43023) mem 0x0000000080031f50 0x00000000800120cc
core   0: 0x000000008000fe96 (0xfc442703) lw      a4, -60(s0)
core   0: 3 0x000000008000fe96 (0xfc442703) x14 0x0000000000000000 mem 0x0000000080031f34
core   0: 0x000000008000fe9a (0x0ff77713) andi    a4, a4, 255
core   0: 3 0x000000008000fe9a (0x0ff77713) x14 0x0000000000000000
core   0: 0x000000008000fe9e (0x00e78023) sb      a4, 0(a5)
core   0: 3 0x000000008000fe9e (0x00e78023) mem 0x00000000800120cb 0x00
core   0: 0x000000008000fea2 (0xfc843703) ld      a4, -56(s0)
core   0: 3 0x000000008000fea2 (0xfc843703) x14 0x0000000080012040 mem 0x0000000080031f38
core   0: 0x000000008000fea6 (0xfb843783) ld      a5, -72(s0)
core   0: 3 0x000000008000fea6 (0xfb843783) x15 0x000000000000009c mem 0x0000000080031f28
core   0: 0x000000008000feaa (0x000097ba) c.add   a5, a4
core   0: 3 0x000000008000feaa (0x97ba) x15 0x00000000800120dc
core   0: 0x000000008000feac (0xfe043703) ld      a4, -32(s0)
core   0: 3 0x000000008000feac (0xfe043703) x14 0x00000000800120cc mem 0x0000000080031f50
core   0: 0x000000008000feb0 (0xfcf76de3) bltu    a4, a5, pc - 38
core   0: 3 0x000000008000feb0 (0xfcf76de3)
core   0: 0x000000008000fe8a (0xfe043783) ld      a5, -32(s0)
core   0: 3 0x000000008000fe8a (0xfe043783) x15 0x00000000800120cc mem 0x0000000080031f50
core   0: 0x000000008000fe8e (0x00178713) addi    a4, a5, 1
core   0: 3 0x000000008000fe8e (0x00178713) x14 0x00000000800120cd
core   0: 0x000000008000fe92 (0xfee43023) sd      a4, -32(s0)
core   0: 3 0x000000008000fe92 (0xfee43023) mem 0x0000000080031f50 0x00000000800120cd
core   0: 0x000000008000fe96 (0xfc442703) lw      a4, -60(s0)
core   0: 3 0x000000008000fe96 (0xfc442703) x14 0x0000000000000000 mem 0x0000000080031f34
core   0: 0x000000008000fe9a (0x0ff77713) andi    a4, a4, 255
core   0: 3 0x000000008000fe9a (0x0ff77713) x14 0x0000000000000000
core   0: 0x000000008000fe9e (0x00e78023) sb      a4, 0(a5)
core   0: 3 0x000000008000fe9e (0x00e78023) mem 0x00000000800120cc 0x00
core   0: 0x000000008000fea2 (0xfc843703) ld      a4, -56(s0)
core   0: 3 0x000000008000fea2 (0xfc843703) x14 0x0000000080012040 mem 0x0000000080031f38
core   0: 0x000000008000fea6 (0xfb843783) ld      a5, -72(s0)
core   0: 3 0x000000008000fea6 (0xfb843783) x15 0x000000000000009c mem 0x0000000080031f28
core   0: 0x000000008000feaa (0x000097ba) c.add   a5, a4
core   0: 3 0x000000008000feaa (0x97ba) x15 0x00000000800120dc
core   0: 0x000000008000feac (0xfe043703) ld      a4, -32(s0)
core   0: 3 0x000000008000feac (0xfe043703) x14 0x00000000800120cd mem 0x0000000080031f50
core   0: 0x000000008000feb0 (0xfcf76de3) bltu    a4, a5, pc - 38
core   0: 3 0x000000008000feb0 (0xfcf76de3)
core   0: 0x000000008000fe8a (0xfe043783) ld      a5, -32(s0)
core   0: 3 0x000000008000fe8a (0xfe043783) x15 0x00000000800120cd mem 0x0000000080031f50
core   0: 0x000000008000fe8e (0x00178713) addi    a4, a5, 1
core   0: 3 0x000000008000fe8e (0x00178713) x14 0x00000000800120ce
core   0: 0x000000008000fe92 (0xfee43023) sd      a4, -32(s0)
core   0: 3 0x000000008000fe92 (0xfee43023) mem 0x0000000080031f50 0x00000000800120ce
core   0: 0x000000008000fe96 (0xfc442703) lw      a4, -60(s0)
core   0: 3 0x000000008000fe96 (0xfc442703) x14 0x0000000000000000 mem 0x0000000080031f34
core   0: 0x000000008000fe9a (0x0ff77713) andi    a4, a4, 255
core   0: 3 0x000000008000fe9a (0x0ff77713) x14 0x0000000000000000
core   0: 0x000000008000fe9e (0x00e78023) sb      a4, 0(a5)
core   0: 3 0x000000008000fe9e (0x00e78023) mem 0x00000000800120cd 0x00
core   0: 0x000000008000fea2 (0xfc843703) ld      a4, -56(s0)
core   0: 3 0x000000008000fea2 (0xfc843703) x14 0x0000000080012040 mem 0x0000000080031f38
core   0: 0x000000008000fea6 (0xfb843783) ld      a5, -72(s0)
core   0: 3 0x000000008000fea6 (0xfb843783) x15 0x000000000000009c mem 0x0000000080031f28
core   0: 0x000000008000feaa (0x000097ba) c.add   a5, a4
core   0: 3 0x000000008000feaa (0x97ba) x15 0x00000000800120dc
core   0: 0x000000008000feac (0xfe043703) ld      a4, -32(s0)
core   0: 3 0x000000008000feac (0xfe043703) x14 0x00000000800120ce mem 0x0000000080031f50
core   0: 0x000000008000feb0 (0xfcf76de3) bltu    a4, a5, pc - 38
core   0: 3 0x000000008000feb0 (0xfcf76de3)
core   0: 0x000000008000fe8a (0xfe043783) ld      a5, -32(s0)
core   0: 3 0x000000008000fe8a (0xfe043783) x15 0x00000000800120ce mem 0x0000000080031f50
core   0: 0x000000008000fe8e (0x00178713) addi    a4, a5, 1
core   0: 3 0x000000008000fe8e (0x00178713) x14 0x00000000800120cf
core   0: 0x000000008000fe92 (0xfee43023) sd      a4, -32(s0)
core   0: 3 0x000000008000fe92 (0xfee43023) mem 0x0000000080031f50 0x00000000800120cf
core   0: 0x000000008000fe96 (0xfc442703) lw      a4, -60(s0)
core   0: 3 0x000000008000fe96 (0xfc442703) x14 0x0000000000000000 mem 0x0000000080031f34
core   0: 0x000000008000fe9a (0x0ff77713) andi    a4, a4, 255
core   0: 3 0x000000008000fe9a (0x0ff77713) x14 0x0000000000000000
core   0: 0x000000008000fe9e (0x00e78023) sb      a4, 0(a5)
core   0: 3 0x000000008000fe9e (0x00e78023) mem 0x00000000800120ce 0x00
core   0: 0x000000008000fea2 (0xfc843703) ld      a4, -56(s0)
core   0: 3 0x000000008000fea2 (0xfc843703) x14 0x0000000080012040 mem 0x0000000080031f38
core   0: 0x000000008000fea6 (0xfb843783) ld      a5, -72(s0)
core   0: 3 0x000000008000fea6 (0xfb843783) x15 0x000000000000009c mem 0x0000000080031f28
core   0: 0x000000008000feaa (0x000097ba) c.add   a5, a4
core   0: 3 0x000000008000feaa (0x97ba) x15 0x00000000800120dc
core   0: 0x000000008000feac (0xfe043703) ld      a4, -32(s0)
core   0: 3 0x000000008000feac (0xfe043703) x14 0x00000000800120cf mem 0x0000000080031f50
core   0: 0x000000008000feb0 (0xfcf76de3) bltu    a4, a5, pc - 38
core   0: 3 0x000000008000feb0 (0xfcf76de3)
core   0: 0x000000008000fe8a (0xfe043783) ld      a5, -32(s0)
core   0: 3 0x000000008000fe8a (0xfe043783) x15 0x00000000800120cf mem 0x0000000080031f50
core   0: 0x000000008000fe8e (0x00178713) addi    a4, a5, 1
core   0: 3 0x000000008000fe8e (0x00178713) x14 0x00000000800120d0
core   0: 0x000000008000fe92 (0xfee43023) sd      a4, -32(s0)
core   0: 3 0x000000008000fe92 (0xfee43023) mem 0x0000000080031f50 0x00000000800120d0
core   0: 0x000000008000fe96 (0xfc442703) lw      a4, -60(s0)
core   0: 3 0x000000008000fe96 (0xfc442703) x14 0x0000000000000000 mem 0x0000000080031f34
core   0: 0x000000008000fe9a (0x0ff77713) andi    a4, a4, 255
core   0: 3 0x000000008000fe9a (0x0ff77713) x14 0x0000000000000000
core   0: 0x000000008000fe9e (0x00e78023) sb      a4, 0(a5)
core   0: 3 0x000000008000fe9e (0x00e78023) mem 0x00000000800120cf 0x00
core   0: 0x000000008000fea2 (0xfc843703) ld      a4, -56(s0)
core   0: 3 0x000000008000fea2 (0xfc843703) x14 0x0000000080012040 mem 0x0000000080031f38
core   0: 0x000000008000fea6 (0xfb843783) ld      a5, -72(s0)
core   0: 3 0x000000008000fea6 (0xfb843783) x15 0x000000000000009c mem 0x0000000080031f28
core   0: 0x000000008000feaa (0x000097ba) c.add   a5, a4
core   0: 3 0x000000008000feaa (0x97ba) x15 0x00000000800120dc
core   0: 0x000000008000feac (0xfe043703) ld      a4, -32(s0)
core   0: 3 0x000000008000feac (0xfe043703) x14 0x00000000800120d0 mem 0x0000000080031f50
core   0: 0x000000008000feb0 (0xfcf76de3) bltu    a4, a5, pc - 38
core   0: 3 0x000000008000feb0 (0xfcf76de3)
core   0: 0x000000008000fe8a (0xfe043783) ld      a5, -32(s0)
core   0: 3 0x000000008000fe8a (0xfe043783) x15 0x00000000800120d0 mem 0x0000000080031f50
core   0: 0x000000008000fe8e (0x00178713) addi    a4, a5, 1
core   0: 3 0x000000008000fe8e (0x00178713) x14 0x00000000800120d1
core   0: 0x000000008000fe92 (0xfee43023) sd      a4, -32(s0)
core   0: 3 0x000000008000fe92 (0xfee43023) mem 0x0000000080031f50 0x00000000800120d1
core   0: 0x000000008000fe96 (0xfc442703) lw      a4, -60(s0)
core   0: 3 0x000000008000fe96 (0xfc442703) x14 0x0000000000000000 mem 0x0000000080031f34
core   0: 0x000000008000fe9a (0x0ff77713) andi    a4, a4, 255
core   0: 3 0x000000008000fe9a (0x0ff77713) x14 0x0000000000000000
core   0: 0x000000008000fe9e (0x00e78023) sb      a4, 0(a5)
core   0: 3 0x000000008000fe9e (0x00e78023) mem 0x00000000800120d0 0x00
core   0: 0x000000008000fea2 (0xfc843703) ld      a4, -56(s0)
core   0: 3 0x000000008000fea2 (0xfc843703) x14 0x0000000080012040 mem 0x0000000080031f38
core   0: 0x000000008000fea6 (0xfb843783) ld      a5, -72(s0)
core   0: 3 0x000000008000fea6 (0xfb843783) x15 0x000000000000009c mem 0x0000000080031f28
core   0: 0x000000008000feaa (0x000097ba) c.add   a5, a4
core   0: 3 0x000000008000feaa (0x97ba) x15 0x00000000800120dc
core   0: 0x000000008000feac (0xfe043703) ld      a4, -32(s0)
core   0: 3 0x000000008000feac (0xfe043703) x14 0x00000000800120d1 mem 0x0000000080031f50
core   0: 0x000000008000feb0 (0xfcf76de3) bltu    a4, a5, pc - 38
core   0: 3 0x000000008000feb0 (0xfcf76de3)
core   0: 0x000000008000fe8a (0xfe043783) ld      a5, -32(s0)
core   0: 3 0x000000008000fe8a (0xfe043783) x15 0x00000000800120d1 mem 0x0000000080031f50
core   0: 0x000000008000fe8e (0x00178713) addi    a4, a5, 1
core   0: 3 0x000000008000fe8e (0x00178713) x14 0x00000000800120d2
core   0: 0x000000008000fe92 (0xfee43023) sd      a4, -32(s0)
core   0: 3 0x000000008000fe92 (0xfee43023) mem 0x0000000080031f50 0x00000000800120d2
core   0: 0x000000008000fe96 (0xfc442703) lw      a4, -60(s0)
core   0: 3 0x000000008000fe96 (0xfc442703) x14 0x0000000000000000 mem 0x0000000080031f34
core   0: 0x000000008000fe9a (0x0ff77713) andi    a4, a4, 255
core   0: 3 0x000000008000fe9a (0x0ff77713) x14 0x0000000000000000
core   0: 0x000000008000fe9e (0x00e78023) sb      a4, 0(a5)
core   0: 3 0x000000008000fe9e (0x00e78023) mem 0x00000000800120d1 0x00
core   0: 0x000000008000fea2 (0xfc843703) ld      a4, -56(s0)
core   0: 3 0x000000008000fea2 (0xfc843703) x14 0x0000000080012040 mem 0x0000000080031f38
core   0: 0x000000008000fea6 (0xfb843783) ld      a5, -72(s0)
core   0: 3 0x000000008000fea6 (0xfb843783) x15 0x000000000000009c mem 0x0000000080031f28
core   0: 0x000000008000feaa (0x000097ba) c.add   a5, a4
core   0: 3 0x000000008000feaa (0x97ba) x15 0x00000000800120dc
core   0: 0x000000008000feac (0xfe043703) ld      a4, -32(s0)
core   0: 3 0x000000008000feac (0xfe043703) x14 0x00000000800120d2 mem 0x0000000080031f50
core   0: 0x000000008000feb0 (0xfcf76de3) bltu    a4, a5, pc - 38
core   0: 3 0x000000008000feb0 (0xfcf76de3)
core   0: 0x000000008000fe8a (0xfe043783) ld      a5, -32(s0)
core   0: 3 0x000000008000fe8a (0xfe043783) x15 0x00000000800120d2 mem 0x0000000080031f50
core   0: 0x000000008000fe8e (0x00178713) addi    a4, a5, 1
core   0: 3 0x000000008000fe8e (0x00178713) x14 0x00000000800120d3
core   0: 0x000000008000fe92 (0xfee43023) sd      a4, -32(s0)
core   0: 3 0x000000008000fe92 (0xfee43023) mem 0x0000000080031f50 0x00000000800120d3
core   0: 0x000000008000fe96 (0xfc442703) lw      a4, -60(s0)
core   0: 3 0x000000008000fe96 (0xfc442703) x14 0x0000000000000000 mem 0x0000000080031f34
core   0: 0x000000008000fe9a (0x0ff77713) andi    a4, a4, 255
core   0: 3 0x000000008000fe9a (0x0ff77713) x14 0x0000000000000000
core   0: 0x000000008000fe9e (0x00e78023) sb      a4, 0(a5)
core   0: 3 0x000000008000fe9e (0x00e78023) mem 0x00000000800120d2 0x00
core   0: 0x000000008000fea2 (0xfc843703) ld      a4, -56(s0)
core   0: 3 0x000000008000fea2 (0xfc843703) x14 0x0000000080012040 mem 0x0000000080031f38
core   0: 0x000000008000fea6 (0xfb843783) ld      a5, -72(s0)
core   0: 3 0x000000008000fea6 (0xfb843783) x15 0x000000000000009c mem 0x0000000080031f28
core   0: 0x000000008000feaa (0x000097ba) c.add   a5, a4
core   0: 3 0x000000008000feaa (0x97ba) x15 0x00000000800120dc
core   0: 0x000000008000feac (0xfe043703) ld      a4, -32(s0)
core   0: 3 0x000000008000feac (0xfe043703) x14 0x00000000800120d3 mem 0x0000000080031f50
core   0: 0x000000008000feb0 (0xfcf76de3) bltu    a4, a5, pc - 38
core   0: 3 0x000000008000feb0 (0xfcf76de3)
core   0: 0x000000008000fe8a (0xfe043783) ld      a5, -32(s0)
core   0: 3 0x000000008000fe8a (0xfe043783) x15 0x00000000800120d3 mem 0x0000000080031f50
core   0: 0x000000008000fe8e (0x00178713) addi    a4, a5, 1
core   0: 3 0x000000008000fe8e (0x00178713) x14 0x00000000800120d4
core   0: 0x000000008000fe92 (0xfee43023) sd      a4, -32(s0)
core   0: 3 0x000000008000fe92 (0xfee43023) mem 0x0000000080031f50 0x00000000800120d4
core   0: 0x000000008000fe96 (0xfc442703) lw      a4, -60(s0)
core   0: 3 0x000000008000fe96 (0xfc442703) x14 0x0000000000000000 mem 0x0000000080031f34
core   0: 0x000000008000fe9a (0x0ff77713) andi    a4, a4, 255
core   0: 3 0x000000008000fe9a (0x0ff77713) x14 0x0000000000000000
core   0: 0x000000008000fe9e (0x00e78023) sb      a4, 0(a5)
core   0: 3 0x000000008000fe9e (0x00e78023) mem 0x00000000800120d3 0x00
core   0: 0x000000008000fea2 (0xfc843703) ld      a4, -56(s0)
core   0: 3 0x000000008000fea2 (0xfc843703) x14 0x0000000080012040 mem 0x0000000080031f38
core   0: 0x000000008000fea6 (0xfb843783) ld      a5, -72(s0)
core   0: 3 0x000000008000fea6 (0xfb843783) x15 0x000000000000009c mem 0x0000000080031f28
core   0: 0x000000008000feaa (0x000097ba) c.add   a5, a4
core   0: 3 0x000000008000feaa (0x97ba) x15 0x00000000800120dc
core   0: 0x000000008000feac (0xfe043703) ld      a4, -32(s0)
core   0: 3 0x000000008000feac (0xfe043703) x14 0x00000000800120d4 mem 0x0000000080031f50
core   0: 0x000000008000feb0 (0xfcf76de3) bltu    a4, a5, pc - 38
core   0: 3 0x000000008000feb0 (0xfcf76de3)
core   0: 0x000000008000fe8a (0xfe043783) ld      a5, -32(s0)
core   0: 3 0x000000008000fe8a (0xfe043783) x15 0x00000000800120d4 mem 0x0000000080031f50
core   0: 0x000000008000fe8e (0x00178713) addi    a4, a5, 1
core   0: 3 0x000000008000fe8e (0x00178713) x14 0x00000000800120d5
core   0: 0x000000008000fe92 (0xfee43023) sd      a4, -32(s0)
core   0: 3 0x000000008000fe92 (0xfee43023) mem 0x0000000080031f50 0x00000000800120d5
core   0: 0x000000008000fe96 (0xfc442703) lw      a4, -60(s0)
core   0: 3 0x000000008000fe96 (0xfc442703) x14 0x0000000000000000 mem 0x0000000080031f34
core   0: 0x000000008000fe9a (0x0ff77713) andi    a4, a4, 255
core   0: 3 0x000000008000fe9a (0x0ff77713) x14 0x0000000000000000
core   0: 0x000000008000fe9e (0x00e78023) sb      a4, 0(a5)
core   0: 3 0x000000008000fe9e (0x00e78023) mem 0x00000000800120d4 0x00
core   0: 0x000000008000fea2 (0xfc843703) ld      a4, -56(s0)
core   0: 3 0x000000008000fea2 (0xfc843703) x14 0x0000000080012040 mem 0x0000000080031f38
core   0: 0x000000008000fea6 (0xfb843783) ld      a5, -72(s0)
core   0: 3 0x000000008000fea6 (0xfb843783) x15 0x000000000000009c mem 0x0000000080031f28
core   0: 0x000000008000feaa (0x000097ba) c.add   a5, a4
core   0: 3 0x000000008000feaa (0x97ba) x15 0x00000000800120dc
core   0: 0x000000008000feac (0xfe043703) ld      a4, -32(s0)
core   0: 3 0x000000008000feac (0xfe043703) x14 0x00000000800120d5 mem 0x0000000080031f50
core   0: 0x000000008000feb0 (0xfcf76de3) bltu    a4, a5, pc - 38
core   0: 3 0x000000008000feb0 (0xfcf76de3)
core   0: 0x000000008000fe8a (0xfe043783) ld      a5, -32(s0)
core   0: 3 0x000000008000fe8a (0xfe043783) x15 0x00000000800120d5 mem 0x0000000080031f50
core   0: 0x000000008000fe8e (0x00178713) addi    a4, a5, 1
core   0: 3 0x000000008000fe8e (0x00178713) x14 0x00000000800120d6
core   0: 0x000000008000fe92 (0xfee43023) sd      a4, -32(s0)
core   0: 3 0x000000008000fe92 (0xfee43023) mem 0x0000000080031f50 0x00000000800120d6
core   0: 0x000000008000fe96 (0xfc442703) lw      a4, -60(s0)
core   0: 3 0x000000008000fe96 (0xfc442703) x14 0x0000000000000000 mem 0x0000000080031f34
core   0: 0x000000008000fe9a (0x0ff77713) andi    a4, a4, 255
core   0: 3 0x000000008000fe9a (0x0ff77713) x14 0x0000000000000000
core   0: 0x000000008000fe9e (0x00e78023) sb      a4, 0(a5)
core   0: 3 0x000000008000fe9e (0x00e78023) mem 0x00000000800120d5 0x00
core   0: 0x000000008000fea2 (0xfc843703) ld      a4, -56(s0)
core   0: 3 0x000000008000fea2 (0xfc843703) x14 0x0000000080012040 mem 0x0000000080031f38
core   0: 0x000000008000fea6 (0xfb843783) ld      a5, -72(s0)
core   0: 3 0x000000008000fea6 (0xfb843783) x15 0x000000000000009c mem 0x0000000080031f28
core   0: 0x000000008000feaa (0x000097ba) c.add   a5, a4
core   0: 3 0x000000008000feaa (0x97ba) x15 0x00000000800120dc
core   0: 0x000000008000feac (0xfe043703) ld      a4, -32(s0)
core   0: 3 0x000000008000feac (0xfe043703) x14 0x00000000800120d6 mem 0x0000000080031f50
core   0: 0x000000008000feb0 (0xfcf76de3) bltu    a4, a5, pc - 38
core   0: 3 0x000000008000feb0 (0xfcf76de3)
core   0: 0x000000008000fe8a (0xfe043783) ld      a5, -32(s0)
core   0: 3 0x000000008000fe8a (0xfe043783) x15 0x00000000800120d6 mem 0x0000000080031f50
core   0: 0x000000008000fe8e (0x00178713) addi    a4, a5, 1
core   0: 3 0x000000008000fe8e (0x00178713) x14 0x00000000800120d7
core   0: 0x000000008000fe92 (0xfee43023) sd      a4, -32(s0)
core   0: 3 0x000000008000fe92 (0xfee43023) mem 0x0000000080031f50 0x00000000800120d7
core   0: 0x000000008000fe96 (0xfc442703) lw      a4, -60(s0)
core   0: 3 0x000000008000fe96 (0xfc442703) x14 0x0000000000000000 mem 0x0000000080031f34
core   0: 0x000000008000fe9a (0x0ff77713) andi    a4, a4, 255
core   0: 3 0x000000008000fe9a (0x0ff77713) x14 0x0000000000000000
core   0: 0x000000008000fe9e (0x00e78023) sb      a4, 0(a5)
core   0: 3 0x000000008000fe9e (0x00e78023) mem 0x00000000800120d6 0x00
core   0: 0x000000008000fea2 (0xfc843703) ld      a4, -56(s0)
core   0: 3 0x000000008000fea2 (0xfc843703) x14 0x0000000080012040 mem 0x0000000080031f38
core   0: 0x000000008000fea6 (0xfb843783) ld      a5, -72(s0)
core   0: 3 0x000000008000fea6 (0xfb843783) x15 0x000000000000009c mem 0x0000000080031f28
core   0: 0x000000008000feaa (0x000097ba) c.add   a5, a4
core   0: 3 0x000000008000feaa (0x97ba) x15 0x00000000800120dc
core   0: 0x000000008000feac (0xfe043703) ld      a4, -32(s0)
core   0: 3 0x000000008000feac (0xfe043703) x14 0x00000000800120d7 mem 0x0000000080031f50
core   0: 0x000000008000feb0 (0xfcf76de3) bltu    a4, a5, pc - 38
core   0: 3 0x000000008000feb0 (0xfcf76de3)
core   0: 0x000000008000fe8a (0xfe043783) ld      a5, -32(s0)
core   0: 3 0x000000008000fe8a (0xfe043783) x15 0x00000000800120d7 mem 0x0000000080031f50
core   0: 0x000000008000fe8e (0x00178713) addi    a4, a5, 1
core   0: 3 0x000000008000fe8e (0x00178713) x14 0x00000000800120d8
core   0: 0x000000008000fe92 (0xfee43023) sd      a4, -32(s0)
core   0: 3 0x000000008000fe92 (0xfee43023) mem 0x0000000080031f50 0x00000000800120d8
core   0: 0x000000008000fe96 (0xfc442703) lw      a4, -60(s0)
core   0: 3 0x000000008000fe96 (0xfc442703) x14 0x0000000000000000 mem 0x0000000080031f34
core   0: 0x000000008000fe9a (0x0ff77713) andi    a4, a4, 255
core   0: 3 0x000000008000fe9a (0x0ff77713) x14 0x0000000000000000
core   0: 0x000000008000fe9e (0x00e78023) sb      a4, 0(a5)
core   0: 3 0x000000008000fe9e (0x00e78023) mem 0x00000000800120d7 0x00
core   0: 0x000000008000fea2 (0xfc843703) ld      a4, -56(s0)
core   0: 3 0x000000008000fea2 (0xfc843703) x14 0x0000000080012040 mem 0x0000000080031f38
core   0: 0x000000008000fea6 (0xfb843783) ld      a5, -72(s0)
core   0: 3 0x000000008000fea6 (0xfb843783) x15 0x000000000000009c mem 0x0000000080031f28
core   0: 0x000000008000feaa (0x000097ba) c.add   a5, a4
core   0: 3 0x000000008000feaa (0x97ba) x15 0x00000000800120dc
core   0: 0x000000008000feac (0xfe043703) ld      a4, -32(s0)
core   0: 3 0x000000008000feac (0xfe043703) x14 0x00000000800120d8 mem 0x0000000080031f50
core   0: 0x000000008000feb0 (0xfcf76de3) bltu    a4, a5, pc - 38
core   0: 3 0x000000008000feb0 (0xfcf76de3)
core   0: 0x000000008000fe8a (0xfe043783) ld      a5, -32(s0)
core   0: 3 0x000000008000fe8a (0xfe043783) x15 0x00000000800120d8 mem 0x0000000080031f50
core   0: 0x000000008000fe8e (0x00178713) addi    a4, a5, 1
core   0: 3 0x000000008000fe8e (0x00178713) x14 0x00000000800120d9
core   0: 0x000000008000fe92 (0xfee43023) sd      a4, -32(s0)
core   0: 3 0x000000008000fe92 (0xfee43023) mem 0x0000000080031f50 0x00000000800120d9
core   0: 0x000000008000fe96 (0xfc442703) lw      a4, -60(s0)
core   0: 3 0x000000008000fe96 (0xfc442703) x14 0x0000000000000000 mem 0x0000000080031f34
core   0: 0x000000008000fe9a (0x0ff77713) andi    a4, a4, 255
core   0: 3 0x000000008000fe9a (0x0ff77713) x14 0x0000000000000000
core   0: 0x000000008000fe9e (0x00e78023) sb      a4, 0(a5)
core   0: 3 0x000000008000fe9e (0x00e78023) mem 0x00000000800120d8 0x00
core   0: 0x000000008000fea2 (0xfc843703) ld      a4, -56(s0)
core   0: 3 0x000000008000fea2 (0xfc843703) x14 0x0000000080012040 mem 0x0000000080031f38
core   0: 0x000000008000fea6 (0xfb843783) ld      a5, -72(s0)
core   0: 3 0x000000008000fea6 (0xfb843783) x15 0x000000000000009c mem 0x0000000080031f28
core   0: 0x000000008000feaa (0x000097ba) c.add   a5, a4
core   0: 3 0x000000008000feaa (0x97ba) x15 0x00000000800120dc
core   0: 0x000000008000feac (0xfe043703) ld      a4, -32(s0)
core   0: 3 0x000000008000feac (0xfe043703) x14 0x00000000800120d9 mem 0x0000000080031f50
core   0: 0x000000008000feb0 (0xfcf76de3) bltu    a4, a5, pc - 38
core   0: 3 0x000000008000feb0 (0xfcf76de3)
core   0: 0x000000008000fe8a (0xfe043783) ld      a5, -32(s0)
core   0: 3 0x000000008000fe8a (0xfe043783) x15 0x00000000800120d9 mem 0x0000000080031f50
core   0: 0x000000008000fe8e (0x00178713) addi    a4, a5, 1
core   0: 3 0x000000008000fe8e (0x00178713) x14 0x00000000800120da
core   0: 0x000000008000fe92 (0xfee43023) sd      a4, -32(s0)
core   0: 3 0x000000008000fe92 (0xfee43023) mem 0x0000000080031f50 0x00000000800120da
core   0: 0x000000008000fe96 (0xfc442703) lw      a4, -60(s0)
core   0: 3 0x000000008000fe96 (0xfc442703) x14 0x0000000000000000 mem 0x0000000080031f34
core   0: 0x000000008000fe9a (0x0ff77713) andi    a4, a4, 255
core   0: 3 0x000000008000fe9a (0x0ff77713) x14 0x0000000000000000
core   0: 0x000000008000fe9e (0x00e78023) sb      a4, 0(a5)
core   0: 3 0x000000008000fe9e (0x00e78023) mem 0x00000000800120d9 0x00
core   0: 0x000000008000fea2 (0xfc843703) ld      a4, -56(s0)
core   0: 3 0x000000008000fea2 (0xfc843703) x14 0x0000000080012040 mem 0x0000000080031f38
core   0: 0x000000008000fea6 (0xfb843783) ld      a5, -72(s0)
core   0: 3 0x000000008000fea6 (0xfb843783) x15 0x000000000000009c mem 0x0000000080031f28
core   0: 0x000000008000feaa (0x000097ba) c.add   a5, a4
core   0: 3 0x000000008000feaa (0x97ba) x15 0x00000000800120dc
core   0: 0x000000008000feac (0xfe043703) ld      a4, -32(s0)
core   0: 3 0x000000008000feac (0xfe043703) x14 0x00000000800120da mem 0x0000000080031f50
core   0: 0x000000008000feb0 (0xfcf76de3) bltu    a4, a5, pc - 38
core   0: 3 0x000000008000feb0 (0xfcf76de3)
core   0: 0x000000008000fe8a (0xfe043783) ld      a5, -32(s0)
core   0: 3 0x000000008000fe8a (0xfe043783) x15 0x00000000800120da mem 0x0000000080031f50
core   0: 0x000000008000fe8e (0x00178713) addi    a4, a5, 1
core   0: 3 0x000000008000fe8e (0x00178713) x14 0x00000000800120db
core   0: 0x000000008000fe92 (0xfee43023) sd      a4, -32(s0)
core   0: 3 0x000000008000fe92 (0xfee43023) mem 0x0000000080031f50 0x00000000800120db
core   0: 0x000000008000fe96 (0xfc442703) lw      a4, -60(s0)
core   0: 3 0x000000008000fe96 (0xfc442703) x14 0x0000000000000000 mem 0x0000000080031f34
core   0: 0x000000008000fe9a (0x0ff77713) andi    a4, a4, 255
core   0: 3 0x000000008000fe9a (0x0ff77713) x14 0x0000000000000000
core   0: 0x000000008000fe9e (0x00e78023) sb      a4, 0(a5)
core   0: 3 0x000000008000fe9e (0x00e78023) mem 0x00000000800120da 0x00
core   0: 0x000000008000fea2 (0xfc843703) ld      a4, -56(s0)
core   0: 3 0x000000008000fea2 (0xfc843703) x14 0x0000000080012040 mem 0x0000000080031f38
core   0: 0x000000008000fea6 (0xfb843783) ld      a5, -72(s0)
core   0: 3 0x000000008000fea6 (0xfb843783) x15 0x000000000000009c mem 0x0000000080031f28
core   0: 0x000000008000feaa (0x000097ba) c.add   a5, a4
core   0: 3 0x000000008000feaa (0x97ba) x15 0x00000000800120dc
core   0: 0x000000008000feac (0xfe043703) ld      a4, -32(s0)
core   0: 3 0x000000008000feac (0xfe043703) x14 0x00000000800120db mem 0x0000000080031f50
core   0: 0x000000008000feb0 (0xfcf76de3) bltu    a4, a5, pc - 38
core   0: 3 0x000000008000feb0 (0xfcf76de3)
core   0: 0x000000008000fe8a (0xfe043783) ld      a5, -32(s0)
core   0: 3 0x000000008000fe8a (0xfe043783) x15 0x00000000800120db mem 0x0000000080031f50
core   0: 0x000000008000fe8e (0x00178713) addi    a4, a5, 1
core   0: 3 0x000000008000fe8e (0x00178713) x14 0x00000000800120dc
core   0: 0x000000008000fe92 (0xfee43023) sd      a4, -32(s0)
core   0: 3 0x000000008000fe92 (0xfee43023) mem 0x0000000080031f50 0x00000000800120dc
core   0: 0x000000008000fe96 (0xfc442703) lw      a4, -60(s0)
core   0: 3 0x000000008000fe96 (0xfc442703) x14 0x0000000000000000 mem 0x0000000080031f34
core   0: 0x000000008000fe9a (0x0ff77713) andi    a4, a4, 255
core   0: 3 0x000000008000fe9a (0x0ff77713) x14 0x0000000000000000
core   0: 0x000000008000fe9e (0x00e78023) sb      a4, 0(a5)
core   0: 3 0x000000008000fe9e (0x00e78023) mem 0x00000000800120db 0x00
core   0: 0x000000008000fea2 (0xfc843703) ld      a4, -56(s0)
core   0: 3 0x000000008000fea2 (0xfc843703) x14 0x0000000080012040 mem 0x0000000080031f38
core   0: 0x000000008000fea6 (0xfb843783) ld      a5, -72(s0)
core   0: 3 0x000000008000fea6 (0xfb843783) x15 0x000000000000009c mem 0x0000000080031f28
core   0: 0x000000008000feaa (0x000097ba) c.add   a5, a4
core   0: 3 0x000000008000feaa (0x97ba) x15 0x00000000800120dc
core   0: 0x000000008000feac (0xfe043703) ld      a4, -32(s0)
core   0: 3 0x000000008000feac (0xfe043703) x14 0x00000000800120dc mem 0x0000000080031f50
core   0: 0x000000008000feb0 (0xfcf76de3) bltu    a4, a5, pc - 38
core   0: 3 0x000000008000feb0 (0xfcf76de3)
core   0: 0x000000008000feb4 (0xfc843783) ld      a5, -56(s0)
core   0: 3 0x000000008000feb4 (0xfc843783) x15 0x0000000080012040 mem 0x0000000080031f38
core   0: 0x000000008000feb8 (0x0000853e) c.mv    a0, a5
core   0: 3 0x000000008000feb8 (0x853e) x10 0x0000000080012040
core   0: 0x000000008000feba (0x00006426) c.ldsp  s0, 72(sp)
core   0: 3 0x000000008000feba (0x6426) x8  0x0000000080031f90 mem 0x0000000080031f68
core   0: 0x000000008000febc (0x00006161) c.addi16sp sp, 80
core   0: 3 0x000000008000febc (0x6161) x2  0x0000000080031f70
core   0: 0x000000008000febe (0x00008082) ret
core   0: 3 0x000000008000febe (0x8082)
core   0: 0x000000008000f472 (0x00000001) c.nop
core   0: 3 0x000000008000f472 (0x0001)
core   0: 0x000000008000f474 (0x000060e2) c.ldsp  ra, 24(sp)
core   0: 3 0x000000008000f474 (0x60e2) x1  0x000000008000f4b2 mem 0x0000000080031f88
core   0: 0x000000008000f476 (0x00006442) c.ldsp  s0, 16(sp)
core   0: 3 0x000000008000f476 (0x6442) x8  0x0000000080032040 mem 0x0000000080031f80
core   0: 0x000000008000f478 (0x00006105) c.addi16sp sp, 32
core   0: 3 0x000000008000f478 (0x6105) x2  0x0000000080031f90
core   0: 0x000000008000f47a (0x00008082) ret
core   0: 3 0x000000008000f47a (0x8082)
core   0: 0x000000008000f4b2 (0xf5842703) lw      a4, -168(s0)
core   0: 3 0x000000008000f4b2 (0xf5842703) x14 0x0000000000000001 mem 0x0000000080031f98
core   0: 0x000000008000f4b6 (0xf5c42783) lw      a5, -164(s0)
core   0: 3 0x000000008000f4b6 (0xf5c42783) x15 0x0000000000000000 mem 0x0000000080031f9c
core   0: 0x000000008000f4ba (0x000085ba) c.mv    a1, a4
core   0: 3 0x000000008000f4ba (0x85ba) x11 0x0000000000000001
core   0: 0x000000008000f4bc (0x0000853e) c.mv    a0, a5
core   0: 3 0x000000008000f4bc (0x853e) x10 0x0000000000000000
core   0: 0x000000008000f4be (0xf03ff0ef) jal     pc - 0xfe
core   0: 3 0x000000008000f4be (0xf03ff0ef) x1  0x000000008000f4c2
core   0: >>>>  thread_entry
core   0: 0x000000008000f3c0 (0x00001101) c.addi  sp, -32
core   0: 3 0x000000008000f3c0 (0x1101) x2  0x0000000080031f70
core   0: 0x000000008000f3c2 (0x0000ec22) c.sdsp  s0, 24(sp)
core   0: 3 0x000000008000f3c2 (0xec22) mem 0x0000000080031f88 0x0000000080032040
core   0: 0x000000008000f3c4 (0x00001000) c.addi4spn s0, sp, 32
core   0: 3 0x000000008000f3c4 (0x1000) x8  0x0000000080031f90
core   0: 0x000000008000f3c6 (0x000087aa) c.mv    a5, a0
core   0: 3 0x000000008000f3c6 (0x87aa) x15 0x0000000000000000
core   0: 0x000000008000f3c8 (0x0000872e) c.mv    a4, a1
core   0: 3 0x000000008000f3c8 (0x872e) x14 0x0000000000000001
core   0: 0x000000008000f3ca (0xfef42623) sw      a5, -20(s0)
core   0: 3 0x000000008000f3ca (0xfef42623) mem 0x0000000080031f7c 0x00000000
core   0: 0x000000008000f3ce (0x000087ba) c.mv    a5, a4
core   0: 3 0x000000008000f3ce (0x87ba) x15 0x0000000000000001
core   0: 0x000000008000f3d0 (0xfef42423) sw      a5, -24(s0)
core   0: 3 0x000000008000f3d0 (0xfef42423) mem 0x0000000080031f78 0x00000001
core   0: 0x000000008000f3d4 (0x00000001) c.nop
core   0: 3 0x000000008000f3d4 (0x0001)
core   0: 0x000000008000f3d6 (0xfec42783) lw      a5, -20(s0)
core   0: 3 0x000000008000f3d6 (0xfec42783) x15 0x0000000000000000 mem 0x0000000080031f7c
core   0: 0x000000008000f3da (0x00002781) c.addiw a5, 0
core   0: 3 0x000000008000f3da (0x2781) x15 0x0000000000000000
core   0: 0x000000008000f3dc (0x0000ffed) c.bnez  a5, pc - 6
core   0: 3 0x000000008000f3dc (0xffed)
core   0: 0x000000008000f3de (0x00000001) c.nop
core   0: 3 0x000000008000f3de (0x0001)
core   0: 0x000000008000f3e0 (0x00000001) c.nop
core   0: 3 0x000000008000f3e0 (0x0001)
core   0: 0x000000008000f3e2 (0x00006462) c.ldsp  s0, 24(sp)
core   0: 3 0x000000008000f3e2 (0x6462) x8  0x0000000080032040 mem 0x0000000080031f88
core   0: 0x000000008000f3e4 (0x00006105) c.addi16sp sp, 32
core   0: 3 0x000000008000f3e4 (0x6105) x2  0x0000000080031f90
core   0: 0x000000008000f3e6 (0x00008082) ret
core   0: 3 0x000000008000f3e6 (0x8082)
core   0: 0x000000008000f4c2 (0x00004581) c.li    a1, 0
core   0: 3 0x000000008000f4c2 (0x4581) x11 0x0000000000000000
core   0: 0x000000008000f4c4 (0x00004501) c.li    a0, 0
core   0: 3 0x000000008000f4c4 (0x4501) x10 0x0000000000000000
core   0: 0x000000008000f4c6 (0xb3bf20ef) jal     pc - 0xd4c6
core   0: 3 0x000000008000f4c6 (0xb3bf20ef) x1  0x000000008000f4ca
core   0: >>>>  main
core   0: 0x0000000080002000 (0x00000001) c.nop
core   0: 3 0x0000000080002000 (0x0001)
core   0: >>>>  trap_vec_init
core   0: 0x0000000080002002 (0x00002797) auipc   a5, 0x2
core   0: 3 0x0000000080002002 (0x00002797) x15 0x0000000080004002
core   0: 0x0000000080002006 (0xffe78793) addi    a5, a5, -2
core   0: 3 0x0000000080002006 (0xffe78793) x15 0x0000000080004000
core   0: 0x000000008000200a (0x30579073) csrrw   zero, mtvec, a5
core   0: 3 0x000000008000200a (0x30579073) c773_mtvec 0x0000000080004000
core   0: >>>>  pmp_setup
core   0: 0x000000008000200e (0x00002c17) auipc   s8, 0x2
core   0: 3 0x000000008000200e (0x00002c17) x24 0x000000008000400e
core   0: 0x0000000080002012 (0x022c0c13) addi    s8, s8, 34
core   0: 3 0x0000000080002012 (0x022c0c13) x24 0x0000000080004030
core   0: 0x0000000080002016 (0x00004781) c.li    a5, 0
core   0: 3 0x0000000080002016 (0x4781) x15 0x0000000000000000
core   0: 0x0000000080002018 (0x00009c3e) c.add   s8, a5
core   0: 3 0x0000000080002018 (0x9c3e) x24 0x0000000080004030
core   0: 0x000000008000201a (0x3b0c1073) csrrw   zero, pmpaddr0, s8
core   0: 3 0x000000008000201a (0x3b0c1073) c944_pmpaddr0 0x0000000080004030
core   0: 0x000000008000201e (0x00004c3d) c.li    s8, 15
core   0: 3 0x000000008000201e (0x4c3d) x24 0x000000000000000f
core   0: 0x0000000080002020 (0x3a0c1073) csrrw   zero, pmpcfg0, s8
core   0: 3 0x0000000080002020 (0x3a0c1073) c928_pmpcfg0 0x000000000000000f
core   0: 0x0000000080002024 (0x12000073) sfence.vma zero, zero
core   0: 3 0x0000000080002024 (0x12000073)
core   0: >>>>  mepc_setup
core   0: 0x0000000080002028 (0x00002797) auipc   a5, 0x2
core   0: 3 0x0000000080002028 (0x00002797) x15 0x0000000080004028
core   0: 0x000000008000202c (0x00878793) addi    a5, a5, 8
core   0: 3 0x000000008000202c (0x00878793) x15 0x0000000080004030
core   0: 0x0000000080002030 (0x34179073) csrrw   zero, mepc, a5
core   0: 3 0x0000000080002030 (0x34179073) c833_mepc 0x0000000080004030
core   0: >>>>  custom_csr_setup
core   0: 0x0000000080002034 (0x00100f9b) addiw   t6, zero, 1
core   0: 3 0x0000000080002034 (0x00100f9b) x31 0x0000000000000001
core   0: 0x0000000080002038 (0x00000ffe) c.slli  t6, 31
core   0: 3 0x0000000080002038 (0x0ffe) x31 0x0000000080000000
core   0: 0x000000008000203a (0x00000001) c.nop
core   0: 3 0x000000008000203a (0x0001)
core   0: >>>>  init_s_mode
core   0: 0x000000008000203c (0xfff0079b) addiw   a5, zero, -1
core   0: 3 0x000000008000203c (0xfff0079b) x15 0xffffffffffffffff
core   0: 0x0000000080002040 (0x000017fe) c.slli  a5, 63
core   0: 3 0x0000000080002040 (0x17fe) x15 0x8000000000000000
core   0: 0x0000000080002042 (0x18079073) csrrw   zero, satp, a5
core   0: 3 0x0000000080002042 (0x18079073) c384_satp 0x8000000000000000
core   0: 0x0000000080002046 (0x0000f797) auipc   a5, 0xf
core   0: 3 0x0000000080002046 (0x0000f797) x15 0x0000000080011046
core   0: 0x000000008000204a (0xfba78793) addi    a5, a5, -70
core   0: 3 0x000000008000204a (0xfba78793) x15 0x0000000080011000
core   0: 0x000000008000204e (0x000083b1) c.srli  a5, 12
core   0: 3 0x000000008000204e (0x83b1) x15 0x0000000000080011
core   0: 0x0000000080002050 (0x0010061b) addiw   a2, zero, 1
core   0: 3 0x0000000080002050 (0x0010061b) x12 0x0000000000000001
core   0: 0x0000000080002054 (0x00001632) c.slli  a2, 44
core   0: 3 0x0000000080002054 (0x1632) x12 0x0000100000000000
core   0: 0x0000000080002056 (0x0000167d) c.addi  a2, -1
core   0: 3 0x0000000080002056 (0x167d) x12 0x00000fffffffffff
core   0: 0x0000000080002058 (0x00008ff1) c.and   a5, a2
core   0: 3 0x0000000080002058 (0x8ff1) x15 0x0000000000080011
core   0: 0x000000008000205a (0x1807a073) csrrs   zero, satp, a5
core   0: 3 0x000000008000205a (0x1807a073) c384_satp 0x8000000000080011
core   0: 0x000000008000205e (0x00a005b7) lui     a1, 0xa00
core   0: 3 0x000000008000205e (0x00a005b7) x11 0x0000000000a00000
core   0: 0x0000000080002062 (0x10b5859b) addiw   a1, a1, 267
core   0: 3 0x0000000080002062 (0x10b5859b) x11 0x0000000000a0010b
core   0: 0x0000000080002066 (0x000005b2) c.slli  a1, 12
core   0: 3 0x0000000080002066 (0x05b2) x11 0x0000000a0010b000
core   0: 0x0000000080002068 (0xa0058593) addi    a1, a1, -1536
core   0: 3 0x0000000080002068 (0xa0058593) x11 0x0000000a0010aa00
core   0: 0x000000008000206c (0x30059073) csrrw   zero, mstatus, a1
core   0: 3 0x000000008000206c (0x30059073) c768_mstatus 0x0000000a00102800
core   0: 0x0000000080002070 (0x30459073) csrrw   zero, mie, a1
core   0: 3 0x0000000080002070 (0x30459073) c772_mie 0x0000000000000a00
core   0: 0x0000000080002074 (0x00a005b7) lui     a1, 0xa00
core   0: 3 0x0000000080002074 (0x00a005b7) x11 0x0000000000a00000
core   0: 0x0000000080002078 (0x10b5859b) addiw   a1, a1, 267
core   0: 3 0x0000000080002078 (0x10b5859b) x11 0x0000000000a0010b
core   0: 0x000000008000207c (0x000005b2) c.slli  a1, 12
core   0: 3 0x000000008000207c (0x05b2) x11 0x0000000a0010b000
core   0: 0x000000008000207e (0xa0058593) addi    a1, a1, -1536
core   0: 3 0x000000008000207e (0xa0058593) x11 0x0000000a0010aa00
core   0: 0x0000000080002082 (0x10059073) csrrw   zero, sstatus, a1
core   0: 3 0x0000000080002082 (0x10059073) c768_mstatus 0x0000000a00102800
core   0: 0x0000000080002086 (0x10459073) csrrw   zero, sie, a1
core   0: 3 0x0000000080002086 (0x10459073) c772_mie 0x0000000000000a00
core   0: 0x000000008000208a (0x30200073) mret
core   0: 3 0x000000008000208a (0x30200073) c768_mstatus 0x0000000a00102080
core   0: >>>>  main_g
core   0: 0x0000000080004030 (0x01175abb) srlw    s5, a4, a7
core   0: 1 0x0000000080004030 (0x01175abb) x21 0x0000000000000001
core   0: 0x0000000080004034 (0x0098f8b3) and     a7, a7, s1
core   0: 1 0x0000000080004034 (0x0098f8b3) x17 0x0000000000000000
core   0: 0x0000000080004038 (0x80074793) xori    a5, a4, -2048
core   0: 1 0x0000000080004038 (0x80074793) x15 0xfffffffffffff801
core   0: 0x000000008000403c (0x003d5c13) srli    s8, s10, 3
core   0: 1 0x000000008000403c (0x003d5c13) x24 0x0000000000000000
core   0: 0x0000000080004040 (0xd0287ad3) fcvt.s.l fs5, a6
core   0: 1 0x0000000080004040 (0xd0287ad3) c768_mstatus 0x8000000a00106080 f21 0xffffffff00000000
core   0: 0x0000000080004044 (0x00bad333) srl     t1, s5, a1
core   0: 1 0x0000000080004044 (0x00bad333) x6  0x0000000000000001
core   0: 0x0000000080004048 (0xc0643773) csrrc   a4, hpmcounter6, s0
core   0: exception trap_illegal_instruction, epc 0x0000000080004048
core   0:           tval 0x00000000c0643773
core   0: >>>>  $xrv64i2p1_m2p0_a2p1_f2p2_d2p2_zicsr2p0_zifencei2p0_zmmul1p0_zba1p0_zbb1p0_zbc1p0_zbs1p0
core   0: 0x0000000080004000 (0x0080006f) j       pc + 0x8
core   0: 3 0x0000000080004000 (0x0080006f)
core   0: >>>>  mmode_exception_handler
core   0: 0x0000000080004008 (0x00002c17) auipc   s8, 0x2
core   0: 3 0x0000000080004008 (0x00002c17) x24 0x0000000080006008
core   0: 0x000000008000400c (0x0c8c0c13) addi    s8, s8, 200
core   0: 3 0x000000008000400c (0x0c8c0c13) x24 0x00000000800060d0
core   0: 0x0000000080004010 (0x000c00e7) jalr    s8
core   0: 3 0x0000000080004010 (0x000c00e7) x1  0x0000000080004014
core   0: >>>>  any_handler
core   0: 0x00000000800060d0 (0x341027f3) csrrs   a5, mepc, zero
core   0: 3 0x00000000800060d0 (0x341027f3) x15 0x0000000080004048
core   0: 0x00000000800060d4 (0x34202773) csrrs   a4, mcause, zero
core   0: 3 0x00000000800060d4 (0x34202773) x14 0x0000000000000002
core   0: 0x00000000800060d8 (0x142026f3) csrrs   a3, scause, zero
core   0: 3 0x00000000800060d8 (0x142026f3) x13 0x0000000000000000
core   0: 0x00000000800060dc (0x30402673) csrrs   a2, mie, zero
core   0: 3 0x00000000800060dc (0x30402673) x12 0x0000000000000a00
core   0: 0x00000000800060e0 (0x344025f3) csrrs   a1, mip, zero
core   0: 3 0x00000000800060e0 (0x344025f3) x11 0x0000000000000080
core   0: 0x00000000800060e4 (0x343025f3) csrrs   a1, mtval, zero
core   0: 3 0x00000000800060e4 (0x343025f3) x11 0x00000000c0643773
core   0: 0x00000000800060e8 (0x14302573) csrrs   a0, stval, zero
core   0: 3 0x00000000800060e8 (0x14302573) x10 0x0000000000000000
core   0: 0x00000000800060ec (0xb02024f3) csrrs   s1, minstret, zero
core   0: 3 0x00000000800060ec (0xb02024f3) x9  0x00000000000007d1
core   0: 0x00000000800060f0 (0x0000a811) c.j     pc + 20
core   0: 3 0x00000000800060f0 (0xa811)
core   0: >>>>  mepc_4
core   0: 0x0000000080006104 (0x00000791) c.addi  a5, 4
core   0: 3 0x0000000080006104 (0x0791) x15 0x000000008000404c
core   0: 0x0000000080006106 (0x34179073) csrrw   zero, mepc, a5
core   0: 3 0x0000000080006106 (0x34179073) c833_mepc 0x000000008000404c
core   0: 0x000000008000610a (0x30200073) mret
core   0: 3 0x000000008000610a (0x30200073) c768_mstatus 0x8000000a00106080
core   0: 0x000000008000404c (0x0002eeb3) or      t4, t0, zero
core   0: 1 0x000000008000404c (0x0002eeb3) x29 0x0000000080000124
core   0: 0x0000000080004050 (0xc03afed3) fcvt.lu.s t4, fs5
core   0: 1 0x0000000080004050 (0xc03afed3) x29 0x0000000000000000
core   0: 0x0000000080004054 (0xc232fcd3) fcvt.lu.d s9, ft5
core   0: 1 0x0000000080004054 (0xc232fcd3) c1_fflags 0x0000000000000010 x25 0xffffffffffffffff
core   0: 0x0000000080004058 (0x02357ebb) remuw   t4, a0, gp
core   0: 1 0x0000000080004058 (0x02357ebb) x29 0x0000000000000000
core   0: 0x000000008000405c (0x0ff0000f) fence   iorw,iorw
core   0: 1 0x000000008000405c (0x0ff0000f)
core   0: 0x0000000080004060 (0x4163d313) srai    t1, t2, 22
core   0: 1 0x0000000080004060 (0x4163d313) x6  0x0000000000000000
core   0: 0x0000000080004064 (0x02987bd3) fadd.d  fs7, fa6, fs1
core   0: 1 0x0000000080004064 (0x02987bd3) f23 0x7ff8000000000000
core   0: 0x0000000080004068 (0x0b787c53) fsub.d  fs8, fa6, fs7
core   0: 1 0x0000000080004068 (0x0b787c53) f24 0x7ff8000000000000
core   0: 0x000000008000406c (0x00030b1b) sext.w  s6, t1
core   0: 1 0x000000008000406c (0x00030b1b) x22 0x0000000000000000
core   0: 0x0000000080004070 (0x40cbd693) srai    a3, s7, 12
core   0: 1 0x0000000080004070 (0x40cbd693) x13 0x0000000000000000
core   0: 0x0000000080004074 (0x5a0ff553) fsqrt.d fa0, ft11
core   0: 1 0x0000000080004074 (0x5a0ff553) f10 0x7ff8000000000000
core   0: 0x0000000080004078 (0x09c1cc93) xori    s9, gp, 156
core   0: 1 0x0000000080004078 (0x09c1cc93) x25 0x00000000800128b4
core   0: 0x000000008000407c (0x00ec8433) add     s0, s9, a4
core   0: 1 0x000000008000407c (0x00ec8433) x8  0x00000000800128b6
core   0: 0x0000000080004080 (0x40b755b3) sra     a1, a4, a1
core   0: 1 0x0000000080004080 (0x40b755b3) x11 0x0000000000000000
core   0: 0x0000000080004084 (0x01cc4cb3) xor     s9, s8, t3
core   0: 1 0x0000000080004084 (0x01cc4cb3) x25 0x00000000800060d0
core   0: 0x0000000080004088 (0x40fe053b) subw    a0, t3, a5
core   0: 1 0x0000000080004088 (0x40fe053b) x10 0x000000007fffbfb4
core   0: 0x000000008000408c (0x0ff0000f) fence   iorw,iorw
core   0: 1 0x000000008000408c (0x0ff0000f)
core   0: 0x0000000080004090 (0xfb64b897) auipc   a7, 0xfb64b
core   0: 1 0x0000000080004090 (0xfb64b897) x17 0x000000007b64f090
core   0: 0x0000000080004094 (0x1201f1d3) fmul.d  ft3, ft3, ft0
core   0: 1 0x0000000080004094 (0x1201f1d3) f3  0x7ff8000000000000
core   0: 0x0000000080004098 (0x123c7853) fmul.d  fa6, fs8, ft3
core   0: 1 0x0000000080004098 (0x123c7853) f16 0x7ff8000000000000
core   0: 0x000000008000409c (0x223e86d3) fsgnj.d fa3, ft9, ft3
core   0: 1 0x000000008000409c (0x223e86d3) f13 0x7fffffff00000000
core   0: 0x00000000800040a0 (0x011267b3) or      a5, tp, a7
core   0: 1 0x00000000800040a0 (0x011267b3) x15 0x00000000fb65f0d0
core   0: 0x00000000800040a4 (0x4061d193) srai    gp, gp, 6
core   0: 1 0x00000000800040a4 (0x4061d193) x3  0x00000000020004a0
core   0: 0x00000000800040a8 (0x418c09b3) sub     s3, s8, s8
core   0: 1 0x00000000800040a8 (0x418c09b3) x19 0x0000000000000000
core   0: 0x00000000800040ac (0x0009de13) srli    t3, s3, 0
core   0: 1 0x00000000800040ac (0x0009de13) x28 0x0000000000000000
core   0: 0x00000000800040b0 (0x833df9cf) fnmadd.d fs3, fs11, fs3, fa6
core   0: 1 0x00000000800040b0 (0x833df9cf) f19 0x7ff8000000000000
core   0: 0x00000000800040b4 (0x40fadab3) sra     s5, s5, a5
core   0: 1 0x00000000800040b4 (0x40fadab3) x21 0x0000000000000000
core   0: 0x00000000800040b8 (0x1a2c7153) fdiv.d  ft2, fs8, ft2
core   0: 1 0x00000000800040b8 (0x1a2c7153) f2  0x7ff8000000000000
core   0: 0x00000000800040bc (0x01bb29b3) slt     s3, s6, s11
core   0: 1 0x00000000800040bc (0x01bb29b3) x19 0x0000000000000000
core   0: 0x00000000800040c0 (0x5a09f053) fsqrt.d ft0, fs3
core   0: 1 0x00000000800040c0 (0x5a09f053) f0  0x7ff8000000000000
core   0: 0x00000000800040c4 (0xf3ff7e47) fmsub.d ft8, ft10, ft11, ft10
core   0: 1 0x00000000800040c4 (0xf3ff7e47) f28 0x7ff8000000000000
core   0: 0x00000000800040c8 (0x003edeb3) srl     t4, t4, gp
core   0: 1 0x00000000800040c8 (0x003edeb3) x29 0x0000000000000000
core   0: 0x00000000800040cc (0x02e487b3) mul     a5, s1, a4
core   0: 1 0x00000000800040cc (0x02e487b3) x15 0x0000000000000fa2
core   0: 0x00000000800040d0 (0x03b87db3) remu    s11, a6, s11
core   0: 1 0x00000000800040d0 (0x03b87db3) x27 0x0000000000000000
core   0: 0x00000000800040d4 (0x401e7353) fcvt.s.d ft6, ft8
core   0: 1 0x00000000800040d4 (0x401e7353) f6  0xffffffff7fc00000
core   0: 0x00000000800040d8 (0x0016db3b) srlw    s6, a3, ra
core   0: 1 0x00000000800040d8 (0x0016db3b) x22 0x0000000000000000
core   0: 0x00000000800040dc (0x7d880317) auipc   t1, 0x7d880
core   0: 1 0x00000000800040dc (0x7d880317) x6  0x00000000fd8840dc
core   0: 0x00000000800040e0 (0x028be8bb) remw    a7, s7, s0
core   0: 1 0x00000000800040e0 (0x028be8bb) x17 0x0000000000000000
core   0: 0x00000000800040e4 (0x00259573) csrrw   a0, frm, a1
core   0: 1 0x00000000800040e4 (0x00259573) x10 0x0000000000000000 c2_frm 0x0000000000000000
core   0: 0x00000000800040e8 (0x2ac601d3) fmin.d  ft3, fa2, fa2
core   0: 1 0x00000000800040e8 (0x2ac601d3) f3  0x7ff8000000000000
core   0: 0x00000000800040ec (0x405dddbb) sraw    s11, s11, t0
core   0: 1 0x00000000800040ec (0x405dddbb) x27 0x0000000000000000
core   0: 0x00000000800040f0 (0x4129593b) sraw    s2, s2, s2
core   0: 1 0x00000000800040f0 (0x4129593b) x18 0x0000000000000000
core   0: 0x00000000800040f4 (0x0bad7fd3) fsub.d  ft11, fs10, fs10
core   0: 1 0x00000000800040f4 (0x0bad7fd3) f31 0x7ff8000000000000
core   0: 0x00000000800040f8 (0x03084033) div     zero, a6, a6
core   0: 1 0x00000000800040f8 (0x03084033)
core   0: 0x00000000800040fc (0xd234f1d3) fcvt.d.lu ft3, s1
core   0: 1 0x00000000800040fc (0xd234f1d3) f3  0x409f440000000000
core   0: 0x0000000080004100 (0x412cdbb3) sra     s7, s9, s2
core   0: 1 0x0000000080004100 (0x412cdbb3) x23 0x00000000800060d0
core   0: 0x0000000080004104 (0x00bd5d3b) srlw    s10, s10, a1
core   0: 1 0x0000000080004104 (0x00bd5d3b) x26 0x0000000000000000
core   0: 0x0000000080004108 (0x001bdc9b) srliw   s9, s7, 1
core   0: 1 0x0000000080004108 (0x001bdc9b) x25 0x0000000040003068
core   0: 0x000000008000410c (0x0106161b) slliw   a2, a2, 16
core   0: 1 0x000000008000410c (0x0106161b) x12 0x000000000a000000
core   0: 0x0000000080004110 (0xd03672d3) fcvt.s.lu ft5, a2
core   0: 1 0x0000000080004110 (0xd03672d3) f5  0xffffffff4d200000
core   0: 0x0000000080004114 (0xd20c8c53) fcvt.d.w fs8, s9
core   0: 1 0x0000000080004114 (0xd20c8c53) f24 0x41d0000c1a000000
core   0: 0x0000000080004118 (0x400ed71b) sraiw   a4, t4, 0
core   0: 1 0x0000000080004118 (0x400ed71b) x14 0x0000000000000000
core   0: 0x000000008000411c (0xf20e8dd3) fmv.d.x fs11, t4
core   0: 1 0x000000008000411c (0xf20e8dd3) f27 0x0000000000000000
core   0: 0x0000000080004120 (0x001022f3) csrrs   t0, fflags, zero
core   0: 1 0x0000000080004120 (0x001022f3) x5  0x0000000000000010
core   0: 0x0000000080004124 (0x001d5cbb) srlw    s9, s10, ra
core   0: 1 0x0000000080004124 (0x001d5cbb) x25 0x0000000000000000
core   0: 0x0000000080004128 (0x2bb2fb4b) fnmsub.d fs6, ft5, fs11, ft5
core   0: 1 0x0000000080004128 (0x2bb2fb4b) f22 0x7ff8000000000000
core   0: 0x000000008000412c (0x8ba6a317) auipc   t1, 0x8ba6a
core   0: 1 0x000000008000412c (0x8ba6a317) x6  0x000000000ba6e12c
core   0: 0x0000000080004130 (0x22df9c53) fsgnjn.d fs8, ft11, fa3
core   0: 1 0x0000000080004130 (0x22df9c53) f24 0xfff8000000000000
core   0: 0x0000000080004134 (0x50030c1b) addiw   s8, t1, 1280
core   0: 1 0x0000000080004134 (0x50030c1b) x24 0x000000000ba6e62c
core   0: 0x0000000080004138 (0x001c829b) addiw   t0, s9, 1
core   0: 1 0x0000000080004138 (0x001c829b) x5  0x0000000000000001
core   0: 0x000000008000413c (0x0ff0000f) fence   iorw,iorw
core   0: 1 0x000000008000413c (0x0ff0000f)
core   0: 0x0000000080004140 (0x03c6e53b) remw    a0, a3, t3
core   0: 1 0x0000000080004140 (0x03c6e53b) x10 0x0000000000000000
core   0: 0x0000000080004144 (0x90557313) andi    t1, a0, -1787
core   0: 1 0x0000000080004144 (0x90557313) x6  0x0000000000000000
core   0: 0x0000000080004148 (0x321df947) fmsub.d fs2, fs11, ft1, ft6
core   0: 1 0x0000000080004148 (0x321df947) f18 0x7ff8000000000000
core   0: 0x000000008000414c (0xd22e7653) fcvt.d.l fa2, t3
core   0: 1 0x000000008000414c (0xd22e7653) f12 0x0000000000000000
core   0: 0x0000000080004150 (0x01370dbb) addw    s11, a4, s3
core   0: 1 0x0000000080004150 (0x01370dbb) x27 0x0000000000000000
core   0: 0x0000000080004154 (0x02091693) slli    a3, s2, 32
core   0: 1 0x0000000080004154 (0x02091693) x13 0x0000000000000000
core   0: 0x0000000080004158 (0x0000838d) c.srli  a5, 3
core   0: 1 0x0000000080004158 (0x838d) x15 0x00000000000001f4
core   0: 0x000000008000415a (0x01055bbb) srlw    s7, a0, a6
core   0: 1 0x000000008000415a (0x01055bbb) x23 0x0000000000000000
core   0: 0x000000008000415e (0x01ac83b3) add     t2, s9, s10
core   0: 1 0x000000008000415e (0x01ac83b3) x7  0x0000000000000000
core   0: 0x0000000080004162 (0x91fd7d93) andi    s11, s10, -1761
core   0: 1 0x0000000080004162 (0x91fd7d93) x27 0x0000000000000000
core   0: 0x0000000080004166 (0xc05da9f3) csrrs   s3, hpmcounter5, s11
core   0: exception trap_illegal_instruction, epc 0x0000000080004166
core   0:           tval 0x00000000c05da9f3
core   0: >>>>  $xrv64i2p1_m2p0_a2p1_f2p2_d2p2_zicsr2p0_zifencei2p0_zmmul1p0_zba1p0_zbb1p0_zbc1p0_zbs1p0
core   0: 0x0000000080004000 (0x0080006f) j       pc + 0x8
core   0: 3 0x0000000080004000 (0x0080006f)
core   0: >>>>  mmode_exception_handler
core   0: 0x0000000080004008 (0x00002c17) auipc   s8, 0x2
core   0: 3 0x0000000080004008 (0x00002c17) x24 0x0000000080006008
core   0: 0x000000008000400c (0x0c8c0c13) addi    s8, s8, 200
core   0: 3 0x000000008000400c (0x0c8c0c13) x24 0x00000000800060d0
core   0: 0x0000000080004010 (0x000c00e7) jalr    s8
core   0: 3 0x0000000080004010 (0x000c00e7) x1  0x0000000080004014
core   0: >>>>  any_handler
core   0: 0x00000000800060d0 (0x341027f3) csrrs   a5, mepc, zero
core   0: 3 0x00000000800060d0 (0x341027f3) x15 0x0000000080004166
core   0: 0x00000000800060d4 (0x34202773) csrrs   a4, mcause, zero
core   0: 3 0x00000000800060d4 (0x34202773) x14 0x0000000000000002
core   0: 0x00000000800060d8 (0x142026f3) csrrs   a3, scause, zero
core   0: 3 0x00000000800060d8 (0x142026f3) x13 0x0000000000000000
core   0: 0x00000000800060dc (0x30402673) csrrs   a2, mie, zero
core   0: 3 0x00000000800060dc (0x30402673) x12 0x0000000000000a00
core   0: 0x00000000800060e0 (0x344025f3) csrrs   a1, mip, zero
core   0: 3 0x00000000800060e0 (0x344025f3) x11 0x0000000000000080
core   0: 0x00000000800060e4 (0x343025f3) csrrs   a1, mtval, zero
core   0: 3 0x00000000800060e4 (0x343025f3) x11 0x00000000c05da9f3
core   0: 0x00000000800060e8 (0x14302573) csrrs   a0, stval, zero
core   0: 3 0x00000000800060e8 (0x14302573) x10 0x0000000000000000
core   0: 0x00000000800060ec (0xb02024f3) csrrs   s1, minstret, zero
core   0: 3 0x00000000800060ec (0xb02024f3) x9  0x0000000000000828
core   0: 0x00000000800060f0 (0x0000a811) c.j     pc + 20
core   0: 3 0x00000000800060f0 (0xa811)
core   0: >>>>  mepc_4
core   0: 0x0000000080006104 (0x00000791) c.addi  a5, 4
core   0: 3 0x0000000080006104 (0x0791) x15 0x000000008000416a
core   0: 0x0000000080006106 (0x34179073) csrrw   zero, mepc, a5
core   0: 3 0x0000000080006106 (0x34179073) c833_mepc 0x000000008000416a
core   0: 0x000000008000610a (0x30200073) mret
core   0: 3 0x000000008000610a (0x30200073) c768_mstatus 0x8000000a00106080
core   0: 0x000000008000416a (0x0b907053) fsub.d  ft0, ft0, fs9
core   0: 1 0x000000008000416a (0x0b907053) f0  0x7ff8000000000000
core   0: 0x000000008000416e (0x80016293) ori     t0, sp, -2048
core   0: 1 0x000000008000416e (0x80016293) x5  0xffffffffffffff90
core   0: 0x0000000080004172 (0x0009861b) sext.w  a2, s3
core   0: 1 0x0000000080004172 (0x0009861b) x12 0x0000000000000000
core   0: 0x0000000080004176 (0x40c6523b) sraw    tp, a2, a2
core   0: 1 0x0000000080004176 (0x40c6523b) x4  0x0000000000000000
core   0: 0x000000008000417a (0x02a7b033) mulhu   zero, a5, a0
core   0: 1 0x000000008000417a (0x02a7b033)
core   0: 0x000000008000417e (0x0167853b) addw    a0, a5, s6
core   0: 1 0x000000008000417e (0x0167853b) x10 0xffffffff8000416a
core   0: 0x0000000080004182 (0xaaf01d97) auipc   s11, 0xaaf01
core   0: 1 0x0000000080004182 (0xaaf01d97) x27 0x000000002af05182
core   0: 0x0000000080004186 (0x00102af3) csrrs   s5, fflags, zero
core   0: 1 0x0000000080004186 (0x00102af3) x21 0x0000000000000010
core   0: 0x000000008000418a (0x9a500b9b) addiw   s7, zero, -1627
core   0: 1 0x000000008000418a (0x9a500b9b) x23 0xfffffffffffff9a5
core   0: 0x000000008000418e (0x00c8d01b) srliw   zero, a7, 12
core   0: 1 0x000000008000418e (0x00c8d01b)
core   0: 0x0000000080004192 (0xc0257653) fcvt.l.s a2, fa0
core   0: 1 0x0000000080004192 (0xc0257653) c1_fflags 0x0000000000000010 x12 0x7fffffffffffffff
core   0: 0x0000000080004196 (0x02c6da33) divu    s4, a3, a2
core   0: 1 0x0000000080004196 (0x02c6da33) x20 0x0000000000000000
core   0: 0x000000008000419a (0x41fadd9b) sraiw   s11, s5, 31
core   0: 1 0x000000008000419a (0x41fadd9b) x27 0x0000000000000000
core   0: 0x000000008000419e (0xe058d397) auipc   t2, 0xe058d
core   0: 1 0x000000008000419e (0xe058d397) x7  0x000000006059119e
core   0: 0x00000000800041a2 (0xc204f153) fcvt.w.d sp, fs1
core   0: 1 0x00000000800041a2 (0xc204f153) c1_fflags 0x0000000000000010 x2  0x000000007fffffff
core   0: 0x00000000800041a6 (0x42020dd3) fcvt.d.s fs11, ft4
core   0: 1 0x00000000800041a6 (0x42020dd3) f27 0x0000000000000000
core   0: 0x00000000800041aa (0xc0317a53) fcvt.lu.s s4, ft2
core   0: 1 0x00000000800041aa (0xc0317a53) c1_fflags 0x0000000000000010 x20 0xffffffffffffffff
core   0: 0x00000000800041ae (0xd2178f53) fcvt.d.wu ft10, a5
core   0: 1 0x00000000800041ae (0xd2178f53) f30 0x41e000082d400000
core   0: 0x00000000800041b2 (0x5ad7849b) addiw   s1, a5, 1453
core   0: 1 0x00000000800041b2 (0x5ad7849b) x9  0xffffffff80004717
core   0: 0x00000000800041b6 (0x22bb15d3) fsgnjn.d fa1, fs6, fa1
core   0: 1 0x00000000800041b6 (0x22bb15d3) f11 0x7ff8000000000000
core   0: 0x00000000800041ba (0xc02b7653) fcvt.l.s a2, fs6
core   0: 1 0x00000000800041ba (0xc02b7653) c1_fflags 0x0000000000000010 x12 0x7fffffffffffffff
core   0: 0x00000000800041be (0x00a5d53b) srlw    a0, a1, a0
core   0: 1 0x00000000800041be (0x00a5d53b) x10 0x000000000030176a
core   0: 0x00000000800041c2 (0x12507dd3) fmul.d  fs11, ft0, ft5
core   0: 1 0x00000000800041c2 (0x12507dd3) f27 0x7ff8000000000000
core   0: 0x00000000800041c6 (0x2b979cd3) fmax.d  fs9, fa5, fs9
core   0: 1 0x00000000800041c6 (0x2b979cd3) f25 0x7ff8000000000000
core   0: 0x00000000800041ca (0xc21af3d3) fcvt.wu.d t2, fs5
core   0: 1 0x00000000800041ca (0xc21af3d3) c1_fflags 0x0000000000000010 x7  0xffffffffffffffff
core   0: 0x00000000800041ce (0x1363fd53) fmul.d  fs10, ft7, fs6
core   0: 1 0x00000000800041ce (0x1363fd53) f26 0x7ff8000000000000
core   0: 0x00000000800041d2 (0x02c154bb) divuw   s1, sp, a2
core   0: 1 0x00000000800041d2 (0x02c154bb) x9  0x0000000000000000
core   0: 0x00000000800041d6 (0xd030f1d3) fcvt.s.lu ft3, ra
core   0: 1 0x00000000800041d6 (0xd030f1d3) c1_fflags 0x0000000000000011 f3  0xffffffff4f000040
core   0: 0x00000000800041da (0xdadb0517) auipc   a0, 0xdadb0
core   0: 1 0x00000000800041da (0xdadb0517) x10 0x000000005adb41da
core   0: 0x00000000800041de (0xff3c6237) lui     tp, 0xff3c6
core   0: 1 0x00000000800041de (0xff3c6237) x4  0xffffffffff3c6000
core   0: 0x00000000800041e2 (0xf152021b) addiw   tp, tp, -235
core   0: 1 0x00000000800041e2 (0xf152021b) x4  0xffffffffff3c5f15
core   0: 0x00000000800041e6 (0x0000023a) c.slli  tp, 14
core   0: 1 0x00000000800041e6 (0x023a) x4  0xffffffcf17c54000
core   0: 0x00000000800041e8 (0xe9820213) addi    tp, tp, -360
core   0: 1 0x00000000800041e8 (0xe9820213) x4  0xffffffcf17c53e98
core   0: 0x00000000800041ec (0x400b8dbb) subw    s11, s7, zero
core   0: 1 0x00000000800041ec (0x400b8dbb) x27 0xfffffffffffff9a5
core   0: 0x00000000800041f0 (0x02e0073b) mulw    a4, zero, a4
core   0: 1 0x00000000800041f0 (0x02e0073b) x14 0x0000000000000000
core   0: 0x00000000800041f4 (0x00102173) csrrs   sp, fflags, zero
core   0: 1 0x00000000800041f4 (0x00102173) x2  0x0000000000000011
core   0: 0x00000000800041f8 (0x22f5ff4f) fnmadd.d ft10, fa1, fa5, ft4
core   0: 1 0x00000000800041f8 (0x22f5ff4f) f30 0x7ff8000000000000
core   0: 0x00000000800041fc (0x420408d3) fcvt.d.s fa7, fs0
core   0: 1 0x00000000800041fc (0x420408d3) f17 0x0000000000000000
core   0: 0x0000000080004200 (0xd23d78d3) fcvt.d.lu fa7, s10
core   0: 1 0x0000000080004200 (0xd23d78d3) f17 0x0000000000000000
core   0: 0x0000000080004204 (0x1bfa7a53) fdiv.d  fs4, fs4, ft11
core   0: 1 0x0000000080004204 (0x1bfa7a53) f20 0x7ff8000000000000
core   0: 0x0000000080004208 (0x03215db3) divu    s11, sp, s2
core   0: 1 0x0000000080004208 (0x03215db3) x27 0xffffffffffffffff
core   0: 0x000000008000420c (0xd31f18b7) lui     a7, 0xd31f1
core   0: 1 0x000000008000420c (0xd31f18b7) x17 0xffffffffd31f1000
core   0: 0x0000000080004210 (0x00102573) csrrs   a0, fflags, zero
core   0: 1 0x0000000080004210 (0x00102573) x10 0x0000000000000011
core   0: 0x0000000080004214 (0x40bedeb3) sra     t4, t4, a1
core   0: 1 0x0000000080004214 (0x40bedeb3) x29 0x0000000000000000
core   0: 0x0000000080004218 (0xc22a79d3) fcvt.l.d s3, fs4
core   0: 1 0x0000000080004218 (0xc22a79d3) c1_fflags 0x0000000000000011 x19 0x7fffffffffffffff
core   0: 0x000000008000421c (0x035a8abb) mulw    s5, s5, s5
core   0: 1 0x000000008000421c (0x035a8abb) x21 0x0000000000000100
core   0: 0x0000000080004220 (0x009b5393) srli    t2, s6, 9
core   0: 1 0x0000000080004220 (0x009b5393) x7  0x0000000000000000
core   0: 0x0000000080004224 (0xaf918037) lui     zero, 0xaf918
core   0: 1 0x0000000080004224 (0xaf918037)
core   0: 0x0000000080004228 (0x0ff0000f) fence   iorw,iorw
core   0: 1 0x0000000080004228 (0x0ff0000f)
core   0: 0x000000008000422c (0x000551bb) srlw    gp, a0, zero
core   0: 1 0x000000008000422c (0x000551bb) x3  0x0000000000000011
core   0: 0x0000000080004230 (0x41db8833) sub     a6, s7, t4
core   0: 1 0x0000000080004230 (0x41db8833) x16 0xfffffffffffff9a5
core   0: 0x0000000080004234 (0xc232fd53) fcvt.lu.d s10, ft5
core   0: 1 0x0000000080004234 (0xc232fd53) c1_fflags 0x0000000000000011 x26 0xffffffffffffffff
core   0: 0x0000000080004238 (0x230891d3) fsgnjn.d ft3, fa7, fa6
core   0: 1 0x0000000080004238 (0x230891d3) f3  0x8000000000000000
core   0: 0x000000008000423c (0xc034fc53) fcvt.lu.s s8, fs1
core   0: 1 0x000000008000423c (0xc034fc53) x24 0x0000000000000000
core   0: 0x0000000080004240 (0x014c8cbb) addw    s9, s9, s4
core   0: 1 0x0000000080004240 (0x014c8cbb) x25 0xffffffffffffffff
core   0: 0x0000000080004244 (0xd20c85d3) fcvt.d.w fa1, s9
core   0: 1 0x0000000080004244 (0xd20c85d3) f11 0xbff0000000000000
core   0: 0x0000000080004248 (0x03fcd213) srli    tp, s9, 63
core   0: 1 0x0000000080004248 (0x03fcd213) x4  0x0000000000000001
core   0: 0x000000008000424c (0x00809593) slli    a1, ra, 8
core   0: 1 0x000000008000424c (0x00809593) x11 0x0000008000401400
core   0: 0x0000000080004250 (0xe0a68693) addi    a3, a3, -502
core   0: 1 0x0000000080004250 (0xe0a68693) x13 0xfffffffffffffe0a
core   0: 0x0000000080004254 (0x02e3f753) fadd.d  fa4, ft7, fa4
core   0: 1 0x0000000080004254 (0x02e3f753) f14 0x7ff8000000000000
core   0: 0x0000000080004258 (0x1c430093) addi    ra, t1, 452
core   0: 1 0x0000000080004258 (0x1c430093) x1  0x00000000000001c4
core   0: 0x000000008000425c (0x7279fa43) fmadd.d fs4, fs3, ft7, fa4
core   0: 1 0x000000008000425c (0x7279fa43) f20 0x7ff8000000000000
core   0: 0x0000000080004260 (0x0014d013) srli    zero, s1, 1
core   0: 1 0x0000000080004260 (0x0014d013)
core   0: 0x0000000080004264 (0x03095c93) srli    s9, s2, 48
core   0: 1 0x0000000080004264 (0x03095c93) x25 0x0000000000000000
core   0: 0x0000000080004268 (0x400ad11b) sraiw   sp, s5, 0
core   0: 1 0x0000000080004268 (0x400ad11b) x2  0x0000000000000100
core   0: 0x000000008000426c (0x03f89a93) slli    s5, a7, 63
core   0: 1 0x000000008000426c (0x03f89a93) x21 0x0000000000000000
core   0: 0x0000000080004270 (0x0378fbbb) remuw   s7, a7, s7
core   0: 1 0x0000000080004270 (0x0378fbbb) x23 0xffffffffd31f1000
core   0: 0x0000000080004274 (0x02c3db3b) divuw   s6, t2, a2
core   0: 1 0x0000000080004274 (0x02c3db3b) x22 0x0000000000000000
core   0: 0x0000000080004278 (0x2a8a0053) fmin.d  ft0, fs4, fs0
core   0: 1 0x0000000080004278 (0x2a8a0053) f0  0x7ff8000000000000
core   0: 0x000000008000427c (0x41798933) sub     s2, s3, s7
core   0: 1 0x000000008000427c (0x41798933) x18 0x800000002ce0efff
core   0: 0x0000000080004280 (0x42000d53) fcvt.d.s fs10, ft0
core   0: 1 0x0000000080004280 (0x42000d53) f26 0x7ff8000000000000
core   0: 0x0000000080004284 (0x013c02bb) addw    t0, s8, s3
core   0: 1 0x0000000080004284 (0x013c02bb) x5  0xffffffffffffffff
core   0: 0x0000000080004288 (0x7ffdeb13) ori     s6, s11, 2047
core   0: 1 0x0000000080004288 (0x7ffdeb13) x22 0xffffffffffffffff
core   0: 0x000000008000428c (0x0ff0000f) fence   iorw,iorw
core   0: 1 0x000000008000428c (0x0ff0000f)
core   0: 0x0000000080004290 (0x018797b3) sll     a5, a5, s8
core   0: 1 0x0000000080004290 (0x018797b3) x15 0x000000008000416a
core   0: 0x0000000080004294 (0x00000001) c.nop
core   0: 1 0x0000000080004294 (0x0001)
core   0: 0x0000000080004296 (0x0061093b) addw    s2, sp, t1
core   0: 1 0x0000000080004296 (0x0061093b) x18 0x0000000000000100
core   0: 0x000000008000429a (0x01b79d13) slli    s10, a5, 27
core   0: 1 0x000000008000429a (0x01b79d13) x26 0x0400020b50000000
core   0: 0x000000008000429e (0x50e7fc93) andi    s9, a5, 1294
core   0: 1 0x000000008000429e (0x50e7fc93) x25 0x000000000000010a
core   0: 0x00000000800042a2 (0x03de883b) mulw    a6, t4, t4
core   0: 1 0x00000000800042a2 (0x03de883b) x16 0x0000000000000000
core   0: 0x00000000800042a6 (0x02440233) mul     tp, s0, tp
core   0: 1 0x00000000800042a6 (0x02440233) x4  0x00000000800128b6
core   0: 0x00000000800042aa (0x0b72f2d3) fsub.d  ft5, ft5, fs7
core   0: 1 0x00000000800042aa (0x0b72f2d3) f5  0x7ff8000000000000
core   0: 0x00000000800042ae (0x01adea33) or      s4, s11, s10
core   0: 1 0x00000000800042ae (0x01adea33) x20 0xffffffffffffffff
core   0: 0x00000000800042b2 (0x001b9173) csrrw   sp, fflags, s7
core   0: 1 0x00000000800042b2 (0x001b9173) x2  0x0000000000000011 c1_fflags 0x0000000000000000
core   0: 0x00000000800042b6 (0x0387673b) remw    a4, a4, s8
core   0: 1 0x00000000800042b6 (0x0387673b) x14 0x0000000000000000
core   0: 0x00000000800042ba (0x80056b13) ori     s6, a0, -2048
core   0: 1 0x00000000800042ba (0x80056b13) x22 0xfffffffffffff811
core   0: 0x00000000800042be (0x034d4ebb) divw    t4, s10, s4
core   0: 1 0x00000000800042be (0x034d4ebb) x29 0xffffffffb0000000
core   0: 0x00000000800042c2 (0x024ee23b) remw    tp, t4, tp
core   0: 1 0x00000000800042c2 (0x024ee23b) x4  0xffffffffb0000000
core   0: 0x00000000800042c6 (0x028cfcbb) remuw   s9, s9, s0
core   0: 1 0x00000000800042c6 (0x028cfcbb) x25 0x000000000000010a
core   0: 0x00000000800042ca (0x40448eb3) sub     t4, s1, tp
core   0: 1 0x00000000800042ca (0x40448eb3) x29 0x0000000050000000
core   0: 0x00000000800042ce (0x7ff10113) addi    sp, sp, 2047
core   0: 1 0x00000000800042ce (0x7ff10113) x2  0x0000000000000810
core   0: 0x00000000800042d2 (0x03dddb93) srli    s7, s11, 61
core   0: 1 0x00000000800042d2 (0x03dddb93) x23 0x0000000000000007
core   0: 0x00000000800042d6 (0x001026f3) csrrs   a3, fflags, zero
core   0: 1 0x00000000800042d6 (0x001026f3) x13 0x0000000000000000
core   0: 0x00000000800042da (0x00b569b3) or      s3, a0, a1
core   0: 1 0x00000000800042da (0x00b569b3) x19 0x0000008000401411
core   0: 0x00000000800042de (0x1bb4764b) fnmsub.d fa2, fs0, fs11, ft3
core   0: 1 0x00000000800042de (0x1bb4764b) f12 0x7ff8000000000000
core   0: 0x00000000800042e2 (0x02b45c93) srli    s9, s0, 43
core   0: 1 0x00000000800042e2 (0x02b45c93) x25 0x0000000000000000
core   0: 0x00000000800042e6 (0x00f7d33b) srlw    t1, a5, a5
core   0: 1 0x00000000800042e6 (0x00f7d33b) x6  0x0000000000200010
core   0: 0x00000000800042ea (0x0238dc93) srli    s9, a7, 35
core   0: 1 0x00000000800042ea (0x0238dc93) x25 0x000000001fffffff
core   0: 0x00000000800042ee (0x063ff637) lui     a2, 0x63ff
core   0: 1 0x00000000800042ee (0x063ff637) x12 0x00000000063ff000
core   0: 0x00000000800042f2 (0xdfd6061b) addiw   a2, a2, -515
core   0: 1 0x00000000800042f2 (0xdfd6061b) x12 0x00000000063fedfd
core   0: 0x00000000800042f6 (0x00000632) c.slli  a2, 12
core   0: 1 0x00000000800042f6 (0x0632) x12 0x00000063fedfd000
core   0: 0x00000000800042f8 (0xe7b60613) addi    a2, a2, -389
core   0: 1 0x00000000800042f8 (0xe7b60613) x12 0x00000063fedfce7b
core   0: 0x00000000800042fc (0x00105a93) srli    s5, zero, 1
core   0: 1 0x00000000800042fc (0x00105a93) x21 0x0000000000000000
core   0: 0x0000000080004300 (0x00202173) csrrs   sp, frm, zero
core   0: 1 0x0000000080004300 (0x00202173) x2  0x0000000000000000
core   0: 0x0000000080004304 (0xc212f953) fcvt.wu.d s2, ft5
core   0: 1 0x0000000080004304 (0xc212f953) c1_fflags 0x0000000000000010 x18 0xffffffffffffffff
core   0: 0x0000000080004308 (0xf2010c53) fmv.d.x fs8, sp
core   0: 1 0x0000000080004308 (0xf2010c53) f24 0x0000000000000000
core   0: 0x000000008000430c (0x00739e3b) sllw    t3, t2, t2
core   0: 1 0x000000008000430c (0x00739e3b) x28 0x0000000000000000
core   0: 0x0000000080004310 (0xb34e089b) addiw   a7, t3, -1228
core   0: 1 0x0000000080004310 (0xb34e089b) x17 0xfffffffffffffb34
core   0: 0x0000000080004314 (0x00095a93) srli    s5, s2, 0
core   0: 1 0x0000000080004314 (0x00095a93) x21 0xffffffffffffffff
core   0: 0x0000000080004318 (0x001a92f3) csrrw   t0, fflags, s5
core   0: 1 0x0000000080004318 (0x001a92f3) x5  0x0000000000000010 c1_fflags 0x000000000000001f
core   0: 0x000000008000431c (0x23e58b53) fsgnj.d fs6, fa1, ft10
core   0: 1 0x000000008000431c (0x23e58b53) f22 0x3ff0000000000000
core   0: 0x0000000080004320 (0x34fb0097) auipc   ra, 0x34fb0
core   0: 1 0x0000000080004320 (0x34fb0097) x1  0x00000000b4fb4320
core   0: 0x0000000080004324 (0x14433ef3) csrrc   t4, sip, t1
core   0: 1 0x0000000080004324 (0x14433ef3) x29 0x0000000000000000 c836_mip 0x0000000000000080
core   0: 0x0000000080004328 (0x41d1803b) subw    zero, gp, t4
core   0: 1 0x0000000080004328 (0x41d1803b)
core   0: 0x000000008000432c (0x16f8e297) auipc   t0, 0x16f8e
core   0: 1 0x000000008000432c (0x16f8e297) x5  0x0000000096f9232c
core   0: 0x0000000080004330 (0x00271af3) csrrw   s5, frm, a4
core   0: 1 0x0000000080004330 (0x00271af3) x21 0x0000000000000000 c2_frm 0x0000000000000000
core   0: 0x0000000080004334 (0x032e3333) mulhu   t1, t3, s2
core   0: 1 0x0000000080004334 (0x032e3333) x6  0x0000000000000000
core   0: 0x0000000080004338 (0x3e1e7113) andi    sp, t3, 993
core   0: 1 0x0000000080004338 (0x3e1e7113) x2  0x0000000000000000
core   0: 0x000000008000433c (0x41b25633) sra     a2, tp, s11
core   0: 1 0x000000008000433c (0x41b25633) x12 0xffffffffffffffff
core   0: 0x0000000080004340 (0x015cdcb3) srl     s9, s9, s5
core   0: 1 0x0000000080004340 (0x015cdcb3) x25 0x000000001fffffff
core   0: 0x0000000080004344 (0x028158bb) divuw   a7, sp, s0
core   0: 1 0x0000000080004344 (0x028158bb) x17 0x0000000000000000
core   0: 0x0000000080004348 (0x4105d1b3) sra     gp, a1, a6
core   0: 1 0x0000000080004348 (0x4105d1b3) x3  0x0000008000401400
core   0: 0x000000008000434c (0x0ff0000f) fence   iorw,iorw
core   0: 1 0x000000008000434c (0x0ff0000f)
core   0: 0x0000000080004350 (0x00000001) c.nop
core   0: 1 0x0000000080004350 (0x0001)
core   0: 0x0000000080004352 (0x027ee03b) remw    zero, t4, t2
core   0: 1 0x0000000080004352 (0x027ee03b)
core   0: 0x0000000080004356 (0x00606db3) or      s11, zero, t1
core   0: 1 0x0000000080004356 (0x00606db3) x27 0x0000000000000000
core   0: 0x000000008000435a (0xd02df5d3) fcvt.s.l fa1, s11
core   0: 1 0x000000008000435a (0xd02df5d3) f11 0xffffffff00000000
core   0: 0x000000008000435e (0x02be6a3b) remw    s4, t3, a1
core   0: 1 0x000000008000435e (0x02be6a3b) x20 0x0000000000000000
core   0: 0x0000000080004362 (0x00000001) c.nop
core   0: 1 0x0000000080004362 (0x0001)
core   0: 0x0000000080004364 (0x2af782d3) fmin.d  ft5, fa5, fa5
core   0: 1 0x0000000080004364 (0x2af782d3) f5  0x7ff8000000000000
core   0: 0x0000000080004368 (0xf2068b53) fmv.d.x fs6, a3
core   0: 1 0x0000000080004368 (0xf2068b53) f22 0x0000000000000000
core   0: 0x000000008000436c (0xf2030753) fmv.d.x fa4, t1
core   0: 1 0x000000008000436c (0xf2030753) f14 0x0000000000000000
core   0: 0x0000000080004370 (0x00145b13) srli    s6, s0, 1
core   0: 1 0x0000000080004370 (0x00145b13) x22 0x000000004000945b
core   0: 0x0000000080004374 (0x00105413) srli    s0, zero, 1
core   0: 1 0x0000000080004374 (0x00105413) x8  0x0000000000000000
core   0: 0x0000000080004378 (0xd0642137) lui     sp, 0xd0642
core   0: 1 0x0000000080004378 (0xd0642137) x2  0xffffffffd0642000
core   0: 0x000000008000437c (0x0175e6b3) or      a3, a1, s7
core   0: 1 0x000000008000437c (0x0175e6b3) x13 0x0000008000401407
core   0: 0x0000000080004380 (0xc045bd73) csrrc   s10, hpmcounter4, a1
core   0: exception trap_illegal_instruction, epc 0x0000000080004380
core   0:           tval 0x00000000c045bd73
core   0: >>>>  $xrv64i2p1_m2p0_a2p1_f2p2_d2p2_zicsr2p0_zifencei2p0_zmmul1p0_zba1p0_zbb1p0_zbc1p0_zbs1p0
core   0: 0x0000000080004000 (0x0080006f) j       pc + 0x8
core   0: 3 0x0000000080004000 (0x0080006f)
core   0: >>>>  mmode_exception_handler
core   0: 0x0000000080004008 (0x00002c17) auipc   s8, 0x2
core   0: 3 0x0000000080004008 (0x00002c17) x24 0x0000000080006008
core   0: 0x000000008000400c (0x0c8c0c13) addi    s8, s8, 200
core   0: 3 0x000000008000400c (0x0c8c0c13) x24 0x00000000800060d0
core   0: 0x0000000080004010 (0x000c00e7) jalr    s8
core   0: 3 0x0000000080004010 (0x000c00e7) x1  0x0000000080004014
core   0: >>>>  any_handler
core   0: 0x00000000800060d0 (0x341027f3) csrrs   a5, mepc, zero
core   0: 3 0x00000000800060d0 (0x341027f3) x15 0x0000000080004380
core   0: 0x00000000800060d4 (0x34202773) csrrs   a4, mcause, zero
core   0: 3 0x00000000800060d4 (0x34202773) x14 0x0000000000000002
core   0: 0x00000000800060d8 (0x142026f3) csrrs   a3, scause, zero
core   0: 3 0x00000000800060d8 (0x142026f3) x13 0x0000000000000000
core   0: 0x00000000800060dc (0x30402673) csrrs   a2, mie, zero
core   0: 3 0x00000000800060dc (0x30402673) x12 0x0000000000000a00
core   0: 0x00000000800060e0 (0x344025f3) csrrs   a1, mip, zero
core   0: 3 0x00000000800060e0 (0x344025f3) x11 0x0000000000000080
core   0: 0x00000000800060e4 (0x343025f3) csrrs   a1, mtval, zero
core   0: 3 0x00000000800060e4 (0x343025f3) x11 0x00000000c045bd73
core   0: 0x00000000800060e8 (0x14302573) csrrs   a0, stval, zero
core   0: 3 0x00000000800060e8 (0x14302573) x10 0x0000000000000000
core   0: 0x00000000800060ec (0xb02024f3) csrrs   s1, minstret, zero
core   0: 3 0x00000000800060ec (0xb02024f3) x9  0x00000000000008c0
core   0: 0x00000000800060f0 (0x0000a811) c.j     pc + 20
core   0: 3 0x00000000800060f0 (0xa811)
core   0: >>>>  mepc_4
core   0: 0x0000000080006104 (0x00000791) c.addi  a5, 4
core   0: 3 0x0000000080006104 (0x0791) x15 0x0000000080004384
core   0: 0x0000000080006106 (0x34179073) csrrw   zero, mepc, a5
core   0: 3 0x0000000080006106 (0x34179073) c833_mepc 0x0000000080004384
core   0: 0x000000008000610a (0x30200073) mret
core   0: 3 0x000000008000610a (0x30200073) c768_mstatus 0x8000000a00106080
core   0: 0x0000000080004384 (0xd0387153) fcvt.s.lu ft2, a6
core   0: 1 0x0000000080004384 (0xd0387153) f2  0xffffffff00000000
core   0: 0x0000000080004388 (0x7256764b) fnmsub.d fa2, fa2, ft5, fa4
core   0: 1 0x0000000080004388 (0x7256764b) f12 0x7ff8000000000000
core   0: 0x000000008000438c (0x0015f013) andi    zero, a1, 1
core   0: 1 0x000000008000438c (0x0015f013)
core   0: 0x0000000080004390 (0x4b24f5cb) fnmsub.d fa1, fs1, fs2, fs1
core   0: 1 0x0000000080004390 (0x4b24f5cb) f11 0x7ff8000000000000
core   0: 0x0000000080004394 (0xd20d0cd3) fcvt.d.w fs9, s10
core   0: 1 0x0000000080004394 (0xd20d0cd3) f25 0x41d4000000000000
core   0: 0x0000000080004398 (0x00156793) ori     a5, a0, 1
core   0: 1 0x0000000080004398 (0x00156793) x15 0x0000000000000001
core   0: 0x000000008000439c (0x224e1b53) fsgnjn.d fs6, ft8, ft4
core   0: 1 0x000000008000439c (0x224e1b53) f22 0x7ff8000000000000
core   0: 0x00000000800043a0 (0xd2120ed3) fcvt.d.wu ft9, tp
core   0: 1 0x00000000800043a0 (0xd2120ed3) f29 0x41e6000000000000
core   0: 0x00000000800043a4 (0x01327b33) and     s6, tp, s3
core   0: 1 0x00000000800043a4 (0x01327b33) x22 0x0000008000000000
core   0: 0x00000000800043a8 (0x02b4d4bb) divuw   s1, s1, a1
core   0: 1 0x00000000800043a8 (0x02b4d4bb) x9  0x0000000000000000
core   0: 0x00000000800043ac (0x018ed1b3) srl     gp, t4, s8
core   0: 1 0x00000000800043ac (0x018ed1b3) x3  0x0000000000000000
core   0: 0x00000000800043b0 (0x1b057753) fdiv.d  fa4, fa0, fa6
core   0: 1 0x00000000800043b0 (0x1b057753) f14 0x7ff8000000000000
core   0: 0x00000000800043b4 (0x00000001) c.nop
core   0: 1 0x00000000800043b4 (0x0001)
core   0: 0x00000000800043b6 (0x00102d73) csrrs   s10, fflags, zero
core   0: 1 0x00000000800043b6 (0x00102d73) x26 0x000000000000001f
core   0: 0x00000000800043ba (0x0bfffdd3) fsub.d  fs11, ft11, ft11
core   0: 1 0x00000000800043ba (0x0bfffdd3) f27 0x7ff8000000000000
core   0: 0x00000000800043be (0x01f3919b) slliw   gp, t2, 31
core   0: 1 0x00000000800043be (0x01f3919b) x3  0x0000000000000000
core   0: 0x00000000800043c2 (0x03c5e733) rem     a4, a1, t3
core   0: 1 0x00000000800043c2 (0x03c5e733) x14 0x00000000c045bd73
core   0: 0x00000000800043c6 (0x007a9ab3) sll     s5, s5, t2
core   0: 1 0x00000000800043c6 (0x007a9ab3) x21 0x0000000000000000
core   0: 0x00000000800043ca (0x1acd7953) fdiv.d  fs2, fs10, fa2
core   0: 1 0x00000000800043ca (0x1acd7953) f18 0x7ff8000000000000
core   0: 0x00000000800043ce (0x0017959b) slliw   a1, a5, 1
core   0: 1 0x00000000800043ce (0x0017959b) x11 0x0000000000000002
core   0: 0x00000000800043d2 (0x141dbbf3) csrrc   s7, sepc, s11
core   0: 1 0x00000000800043d2 (0x141dbbf3) x23 0x0000000000000000 c321_sepc 0x0000000000000000
core   0: 0x00000000800043d6 (0xd23df553) fcvt.d.lu fa0, s11
core   0: 1 0x00000000800043d6 (0xd23df553) f10 0x0000000000000000
core   0: 0x00000000800043da (0x007dc9b3) xor     s3, s11, t2
core   0: 1 0x00000000800043da (0x007dc9b3) x19 0x0000000000000000
core   0: 0x00000000800043de (0xa3bd09d3) fle.d   s3, fs10, fs11
core   0: 1 0x00000000800043de (0xa3bd09d3) c1_fflags 0x000000000000001f x19 0x0000000000000000
core   0: 0x00000000800043e2 (0x4139d7b3) sra     a5, s3, s3
core   0: 1 0x00000000800043e2 (0x4139d7b3) x15 0x0000000000000000
core   0: 0x00000000800043e6 (0xd2118653) fcvt.d.wu fa2, gp
core   0: 1 0x00000000800043e6 (0xd2118653) f12 0x0000000000000000
core   0: 0x00000000800043ea (0x400e599b) sraiw   s3, t3, 0
core   0: 1 0x00000000800043ea (0x400e599b) x19 0x0000000000000000
core   0: 0x00000000800043ee (0x00000001) c.nop
core   0: 1 0x00000000800043ee (0x0001)
core   0: 0x00000000800043f0 (0x00269073) csrrw   zero, frm, a3
core   0: 1 0x00000000800043f0 (0x00269073) c2_frm 0x0000000000000000
core   0: 0x00000000800043f4 (0x00c2ceb3) xor     t4, t0, a2
core   0: 1 0x00000000800043f4 (0x00c2ceb3) x29 0x0000000096f9292c
core   0: 0x00000000800043f8 (0x01be7db3) and     s11, t3, s11
core   0: 1 0x00000000800043f8 (0x01be7db3) x27 0x0000000000000000
core   0: 0x00000000800043fc (0xa3290d53) fle.d   s10, fs2, fs2
core   0: 1 0x00000000800043fc (0xa3290d53) c1_fflags 0x000000000000001f x26 0x0000000000000000
core   0: 0x0000000080004400 (0x039d7bb7) lui     s7, 0x39d7
core   0: 1 0x0000000080004400 (0x039d7bb7) x23 0x00000000039d7000
core   0: 0x0000000080004404 (0xa4fb8b9b) addiw   s7, s7, -1457
core   0: 1 0x0000000080004404 (0xa4fb8b9b) x23 0x00000000039d6a4f
core   0: 0x0000000080004408 (0x00000bb6) c.slli  s7, 13
core   0: 1 0x0000000080004408 (0x0bb6) x23 0x00000073ad49e000
core   0: 0x000000008000440a (0x15bb8b93) addi    s7, s7, 347
core   0: 1 0x000000008000440a (0x15bb8b93) x23 0x00000073ad49e15b
core   0: 0x000000008000440e (0x006e5333) srl     t1, t3, t1
core   0: 1 0x000000008000440e (0x006e5333) x6  0x0000000000000000
core   0: 0x0000000080004412 (0x03b66c33) rem     s8, a2, s11
core   0: 1 0x0000000080004412 (0x03b66c33) x24 0x0000000000000a00
core   0: 0x0000000080004416 (0x00109c3b) sllw    s8, ra, ra
core   0: 1 0x0000000080004416 (0x00109c3b) x24 0x0000000001400000
core   0: 0x000000008000441a (0xf1105af3) csrrwi  s5, mvendorid, 0
core   0: exception trap_illegal_instruction, epc 0x000000008000441a
core   0:           tval 0x00000000f1105af3
core   0: >>>>  $xrv64i2p1_m2p0_a2p1_f2p2_d2p2_zicsr2p0_zifencei2p0_zmmul1p0_zba1p0_zbb1p0_zbc1p0_zbs1p0
core   0: 0x0000000080004000 (0x0080006f) j       pc + 0x8
core   0: 3 0x0000000080004000 (0x0080006f)
core   0: >>>>  mmode_exception_handler
core   0: 0x0000000080004008 (0x00002c17) auipc   s8, 0x2
core   0: 3 0x0000000080004008 (0x00002c17) x24 0x0000000080006008
core   0: 0x000000008000400c (0x0c8c0c13) addi    s8, s8, 200
core   0: 3 0x000000008000400c (0x0c8c0c13) x24 0x00000000800060d0
core   0: 0x0000000080004010 (0x000c00e7) jalr    s8
core   0: 3 0x0000000080004010 (0x000c00e7) x1  0x0000000080004014
core   0: >>>>  any_handler
core   0: 0x00000000800060d0 (0x341027f3) csrrs   a5, mepc, zero
core   0: 3 0x00000000800060d0 (0x341027f3) x15 0x000000008000441a
core   0: 0x00000000800060d4 (0x34202773) csrrs   a4, mcause, zero
core   0: 3 0x00000000800060d4 (0x34202773) x14 0x0000000000000002
core   0: 0x00000000800060d8 (0x142026f3) csrrs   a3, scause, zero
core   0: 3 0x00000000800060d8 (0x142026f3) x13 0x0000000000000000
core   0: 0x00000000800060dc (0x30402673) csrrs   a2, mie, zero
core   0: 3 0x00000000800060dc (0x30402673) x12 0x0000000000000a00
core   0: 0x00000000800060e0 (0x344025f3) csrrs   a1, mip, zero
core   0: 3 0x00000000800060e0 (0x344025f3) x11 0x0000000000000080
core   0: 0x00000000800060e4 (0x343025f3) csrrs   a1, mtval, zero
core   0: 3 0x00000000800060e4 (0x343025f3) x11 0x00000000f1105af3
core   0: 0x00000000800060e8 (0x14302573) csrrs   a0, stval, zero
core   0: 3 0x00000000800060e8 (0x14302573) x10 0x0000000000000000
core   0: 0x00000000800060ec (0xb02024f3) csrrs   s1, minstret, zero
core   0: 3 0x00000000800060ec (0xb02024f3) x9  0x00000000000008f7
core   0: 0x00000000800060f0 (0x0000a811) c.j     pc + 20
core   0: 3 0x00000000800060f0 (0xa811)
core   0: >>>>  mepc_4
core   0: 0x0000000080006104 (0x00000791) c.addi  a5, 4
core   0: 3 0x0000000080006104 (0x0791) x15 0x000000008000441e
core   0: 0x0000000080006106 (0x34179073) csrrw   zero, mepc, a5
core   0: 3 0x0000000080006106 (0x34179073) c833_mepc 0x000000008000441e
core   0: 0x000000008000610a (0x30200073) mret
core   0: 3 0x000000008000610a (0x30200073) c768_mstatus 0x8000000a00106080
core   0: 0x000000008000441e (0x027d58b3) divu    a7, s10, t2
core   0: 1 0x000000008000441e (0x027d58b3) x17 0xffffffffffffffff
core   0: 0x0000000080004422 (0xfff38713) addi    a4, t2, -1
core   0: 1 0x0000000080004422 (0xfff38713) x14 0xffffffffffffffff
core   0: 0x0000000080004426 (0xc0397b53) fcvt.lu.s s6, fs2
core   0: 1 0x0000000080004426 (0xc0397b53) c1_fflags 0x000000000000001f x22 0xffffffffffffffff
core   0: 0x000000008000442a (0x004b563b) srlw    a2, s6, tp
core   0: 1 0x000000008000442a (0x004b563b) x12 0xffffffffffffffff
core   0: 0x000000008000442e (0x0162191b) slliw   s2, tp, 22
core   0: 1 0x000000008000442e (0x0162191b) x18 0x0000000000000000
core   0: 0x0000000080004432 (0x7ff64393) xori    t2, a2, 2047
core   0: 1 0x0000000080004432 (0x7ff64393) x7  0xfffffffffffff800
core   0: 0x0000000080004436 (0x43f1db93) srai    s7, gp, 63
core   0: 1 0x0000000080004436 (0x43f1db93) x23 0x0000000000000000
core   0: 0x000000008000443a (0xd221fcd3) fcvt.d.l fs9, gp
core   0: 1 0x000000008000443a (0xd221fcd3) f25 0x0000000000000000
core   0: 0x000000008000443e (0xc2167dd3) fcvt.wu.d s11, fa2
core   0: 1 0x000000008000443e (0xc2167dd3) x27 0x0000000000000000
core   0: 0x0000000080004442 (0x01259933) sll     s2, a1, s2
core   0: 1 0x0000000080004442 (0x01259933) x18 0x00000000f1105af3
core   0: 0x0000000080004446 (0x00b588bb) addw    a7, a1, a1
core   0: 1 0x0000000080004446 (0x00b588bb) x17 0xffffffffe220b5e6
core   0: 0x000000008000444a (0x012a2db3) slt     s11, s4, s2
core   0: 1 0x000000008000444a (0x012a2db3) x27 0x0000000000000001
core   0: 0x000000008000444e (0x017267b3) or      a5, tp, s7
core   0: 1 0x000000008000444e (0x017267b3) x15 0xffffffffb0000000
core   0: 0x0000000080004452 (0x02ee22b3) mulhsu  t0, t3, a4
core   0: 1 0x0000000080004452 (0x02ee22b3) x5  0x0000000000000000
core   0: 0x0000000080004456 (0xe7fd3837) lui     a6, 0xe7fd3
core   0: 1 0x0000000080004456 (0xe7fd3837) x16 0xffffffffe7fd3000
core   0: 0x000000008000445a (0xd23a7bd3) fcvt.d.lu fs7, s4
core   0: 1 0x000000008000445a (0xd23a7bd3) f23 0x0000000000000000
core   0: 0x000000008000445e (0x00217733) and     a4, sp, sp
core   0: 1 0x000000008000445e (0x00217733) x14 0xffffffffd0642000
core   0: 0x0000000080004462 (0x403a09b3) sub     s3, s4, gp
core   0: 1 0x0000000080004462 (0x403a09b3) x19 0x0000000000000000
core   0: 0x0000000080004466 (0xdf914813) xori    a6, sp, -519
core   0: 1 0x0000000080004466 (0xdf914813) x16 0x000000002f9bddf9
core   0: 0x000000008000446a (0xd030f1d3) fcvt.s.lu ft3, ra
core   0: 1 0x000000008000446a (0xd030f1d3) c1_fflags 0x000000000000001f f3  0xffffffff4f000040
core   0: 0x000000008000446e (0x41985593) srai    a1, a6, 25
core   0: 1 0x000000008000446e (0x41985593) x11 0x0000000000000017
core   0: 0x0000000080004472 (0x013ee8b3) or      a7, t4, s3
core   0: 1 0x0000000080004472 (0x013ee8b3) x17 0x0000000096f9292c
core   0: 0x0000000080004476 (0x0201f03b) remuw   zero, gp, zero
core   0: 1 0x0000000080004476 (0x0201f03b)
core   0: 0x000000008000447a (0xc2267953) fcvt.l.d s2, fa2
core   0: 1 0x000000008000447a (0xc2267953) x18 0x0000000000000000
core   0: 0x000000008000447e (0xf1377a73) csrrci  s4, mimpid, 14
core   0: exception trap_illegal_instruction, epc 0x000000008000447e
core   0:           tval 0x00000000f1377a73
core   0: >>>>  $xrv64i2p1_m2p0_a2p1_f2p2_d2p2_zicsr2p0_zifencei2p0_zmmul1p0_zba1p0_zbb1p0_zbc1p0_zbs1p0
core   0: 0x0000000080004000 (0x0080006f) j       pc + 0x8
core   0: 3 0x0000000080004000 (0x0080006f)
core   0: >>>>  mmode_exception_handler
core   0: 0x0000000080004008 (0x00002c17) auipc   s8, 0x2
core   0: 3 0x0000000080004008 (0x00002c17) x24 0x0000000080006008
core   0: 0x000000008000400c (0x0c8c0c13) addi    s8, s8, 200
core   0: 3 0x000000008000400c (0x0c8c0c13) x24 0x00000000800060d0
core   0: 0x0000000080004010 (0x000c00e7) jalr    s8
core   0: 3 0x0000000080004010 (0x000c00e7) x1  0x0000000080004014
core   0: >>>>  any_handler
core   0: 0x00000000800060d0 (0x341027f3) csrrs   a5, mepc, zero
core   0: 3 0x00000000800060d0 (0x341027f3) x15 0x000000008000447e
core   0: 0x00000000800060d4 (0x34202773) csrrs   a4, mcause, zero
core   0: 3 0x00000000800060d4 (0x34202773) x14 0x0000000000000002
core   0: 0x00000000800060d8 (0x142026f3) csrrs   a3, scause, zero
core   0: 3 0x00000000800060d8 (0x142026f3) x13 0x0000000000000000
core   0: 0x00000000800060dc (0x30402673) csrrs   a2, mie, zero
core   0: 3 0x00000000800060dc (0x30402673) x12 0x0000000000000a00
core   0: 0x00000000800060e0 (0x344025f3) csrrs   a1, mip, zero
core   0: 3 0x00000000800060e0 (0x344025f3) x11 0x0000000000000080
core   0: 0x00000000800060e4 (0x343025f3) csrrs   a1, mtval, zero
core   0: 3 0x00000000800060e4 (0x343025f3) x11 0x00000000f1377a73
core   0: 0x00000000800060e8 (0x14302573) csrrs   a0, stval, zero
core   0: 3 0x00000000800060e8 (0x14302573) x10 0x0000000000000000
core   0: 0x00000000800060ec (0xb02024f3) csrrs   s1, minstret, zero
core   0: 3 0x00000000800060ec (0xb02024f3) x9  0x000000000000091f
core   0: 0x00000000800060f0 (0x0000a811) c.j     pc + 20
core   0: 3 0x00000000800060f0 (0xa811)
core   0: >>>>  mepc_4
core   0: 0x0000000080006104 (0x00000791) c.addi  a5, 4
core   0: 3 0x0000000080006104 (0x0791) x15 0x0000000080004482
core   0: 0x0000000080006106 (0x34179073) csrrw   zero, mepc, a5
core   0: 3 0x0000000080006106 (0x34179073) c833_mepc 0x0000000080004482
core   0: 0x000000008000610a (0x30200073) mret
core   0: 3 0x000000008000610a (0x30200073) c768_mstatus 0x8000000a00106080
core   0: 0x0000000080004482 (0xe2018cd3) fmv.x.d s9, ft3
core   0: 1 0x0000000080004482 (0xe2018cd3) x25 0xffffffff4f000040
core   0: 0x0000000080004486 (0x001e1e73) csrrw   t3, fflags, t3
core   0: 1 0x0000000080004486 (0x001e1e73) x28 0x000000000000001f c1_fflags 0x0000000000000000
core   0: 0x000000008000448a (0xa31f09d3) fle.d   s3, ft10, fa7
core   0: 1 0x000000008000448a (0xa31f09d3) c1_fflags 0x0000000000000010 x19 0x0000000000000000
core   0: 0x000000008000448e (0x02d55ab3) divu    s5, a0, a3
core   0: 1 0x000000008000448e (0x02d55ab3) x21 0xffffffffffffffff
core   0: 0x0000000080004492 (0x002a1df3) csrrw   s11, frm, s4
core   0: 1 0x0000000080004492 (0x002a1df3) x27 0x0000000000000000 c2_frm 0x0000000000000000
core   0: 0x0000000080004496 (0x03bdd6bb) divuw   a3, s11, s11
core   0: 1 0x0000000080004496 (0x03bdd6bb) x13 0xffffffffffffffff
core   0: 0x000000008000449a (0xd2188b53) fcvt.d.wu fs6, a7
core   0: 1 0x000000008000449a (0xd2188b53) f22 0x41e2df2525800000
core   0: 0x000000008000449e (0xf24f7247) fmsub.d ft4, ft10, ft4, ft10
core   0: 1 0x000000008000449e (0xf24f7247) f4  0x7ff8000000000000
core   0: 0x00000000800044a2 (0xd02a78d3) fcvt.s.l fa7, s4
core   0: 1 0x00000000800044a2 (0xd02a78d3) f17 0xffffffff00000000
core   0: 0x00000000800044a6 (0x01f1131b) slliw   t1, sp, 31
core   0: 1 0x00000000800044a6 (0x01f1131b) x6  0x0000000000000000
core   0: 0x00000000800044aa (0x0bef7cd3) fsub.d  fs9, ft10, ft10
core   0: 1 0x00000000800044aa (0x0bef7cd3) f25 0x7ff8000000000000
core   0: 0x00000000800044ae (0xa24f0dd3) fle.d   s11, ft10, ft4
core   0: 1 0x00000000800044ae (0xa24f0dd3) c1_fflags 0x0000000000000010 x27 0x0000000000000000
core   0: 0x00000000800044b2 (0x023ec4bb) divw    s1, t4, gp
core   0: 1 0x00000000800044b2 (0x023ec4bb) x9  0xffffffffffffffff
core   0: 0x00000000800044b6 (0xc02f74d3) fcvt.l.s s1, ft10
core   0: 1 0x00000000800044b6 (0xc02f74d3) c1_fflags 0x0000000000000010 x9  0x7fffffffffffffff
core   0: 0x00000000800044ba (0x02c2523b) divuw   tp, tp, a2
core   0: 1 0x00000000800044ba (0x02c2523b) x4  0x0000000000119999
core   0: 0x00000000800044be (0x413103b3) sub     t2, sp, s3
core   0: 1 0x00000000800044be (0x413103b3) x7  0xffffffffd0642000
core   0: 0x00000000800044c2 (0x022e7e33) remu    t3, t3, sp
core   0: 1 0x00000000800044c2 (0x022e7e33) x28 0x000000000000001f
core   0: 0x00000000800044c6 (0x277a881b) addiw   a6, s5, 631
core   0: 1 0x00000000800044c6 (0x277a881b) x16 0x0000000000000276
core   0: 0x00000000800044ca (0x01005833) srl     a6, zero, a6
core   0: 1 0x00000000800044ca (0x01005833) x16 0x0000000000000000
core   0: 0x00000000800044ce (0x420401d3) fcvt.d.s ft3, fs0
core   0: 1 0x00000000800044ce (0x420401d3) f3  0x0000000000000000
core   0: 0x00000000800044d2 (0x00d688b3) add     a7, a3, a3
core   0: 1 0x00000000800044d2 (0x00d688b3) x17 0xfffffffffffffffe
core   0: 0x00000000800044d6 (0x408e84b3) sub     s1, t4, s0
core   0: 1 0x00000000800044d6 (0x408e84b3) x9  0x0000000096f9292c
core   0: 0x00000000800044da (0x0ff0000f) fence   iorw,iorw
core   0: 1 0x00000000800044da (0x0ff0000f)
core   0: 0x00000000800044de (0xf11312f3) csrrw   t0, mvendorid, t1
core   0: exception trap_illegal_instruction, epc 0x00000000800044de
core   0:           tval 0x00000000f11312f3
core   0: >>>>  $xrv64i2p1_m2p0_a2p1_f2p2_d2p2_zicsr2p0_zifencei2p0_zmmul1p0_zba1p0_zbb1p0_zbc1p0_zbs1p0
core   0: 0x0000000080004000 (0x0080006f) j       pc + 0x8
core   0: 3 0x0000000080004000 (0x0080006f)
core   0: >>>>  mmode_exception_handler
core   0: 0x0000000080004008 (0x00002c17) auipc   s8, 0x2
core   0: 3 0x0000000080004008 (0x00002c17) x24 0x0000000080006008
core   0: 0x000000008000400c (0x0c8c0c13) addi    s8, s8, 200
core   0: 3 0x000000008000400c (0x0c8c0c13) x24 0x00000000800060d0
core   0: 0x0000000080004010 (0x000c00e7) jalr    s8
core   0: 3 0x0000000080004010 (0x000c00e7) x1  0x0000000080004014
core   0: >>>>  any_handler
core   0: 0x00000000800060d0 (0x341027f3) csrrs   a5, mepc, zero
core   0: 3 0x00000000800060d0 (0x341027f3) x15 0x00000000800044de
core   0: 0x00000000800060d4 (0x34202773) csrrs   a4, mcause, zero
core   0: 3 0x00000000800060d4 (0x34202773) x14 0x0000000000000002
core   0: 0x00000000800060d8 (0x142026f3) csrrs   a3, scause, zero
core   0: 3 0x00000000800060d8 (0x142026f3) x13 0x0000000000000000
core   0: 0x00000000800060dc (0x30402673) csrrs   a2, mie, zero
core   0: 3 0x00000000800060dc (0x30402673) x12 0x0000000000000a00
core   0: 0x00000000800060e0 (0x344025f3) csrrs   a1, mip, zero
core   0: 3 0x00000000800060e0 (0x344025f3) x11 0x0000000000000080
core   0: 0x00000000800060e4 (0x343025f3) csrrs   a1, mtval, zero
core   0: 3 0x00000000800060e4 (0x343025f3) x11 0x00000000f11312f3
core   0: 0x00000000800060e8 (0x14302573) csrrs   a0, stval, zero
core   0: 3 0x00000000800060e8 (0x14302573) x10 0x0000000000000000
core   0: 0x00000000800060ec (0xb02024f3) csrrs   s1, minstret, zero
core   0: 3 0x00000000800060ec (0xb02024f3) x9  0x0000000000000946
core   0: 0x00000000800060f0 (0x0000a811) c.j     pc + 20
core   0: 3 0x00000000800060f0 (0xa811)
core   0: >>>>  mepc_4
core   0: 0x0000000080006104 (0x00000791) c.addi  a5, 4
core   0: 3 0x0000000080006104 (0x0791) x15 0x00000000800044e2
core   0: 0x0000000080006106 (0x34179073) csrrw   zero, mepc, a5
core   0: 3 0x0000000080006106 (0x34179073) c833_mepc 0x00000000800044e2
core   0: 0x000000008000610a (0x30200073) mret
core   0: 3 0x000000008000610a (0x30200073) c768_mstatus 0x8000000a00106080
core   0: 0x00000000800044e2 (0xd02effd3) fcvt.s.l ft11, t4
core   0: 1 0x00000000800044e2 (0xd02effd3) c1_fflags 0x0000000000000011 f31 0xffffffff4f16f929
core   0: 0x00000000800044e6 (0x22f621d3) fsgnjx.d ft3, fa2, fa5
core   0: 1 0x00000000800044e6 (0x22f621d3) f3  0x8000000000000000
core   0: 0x00000000800044ea (0xa2fa0053) fle.d   zero, fs4, fa5
core   0: 1 0x00000000800044ea (0xa2fa0053) c1_fflags 0x0000000000000011
core   0: 0x00000000800044ee (0x034503b3) mul     t2, a0, s4
core   0: 1 0x00000000800044ee (0x034503b3) x7  0x0000000000000000
core   0: 0x00000000800044f2 (0x418b0833) sub     a6, s6, s8
core   0: 1 0x00000000800044f2 (0x418b0833) x16 0xffffffff7fff9f2f
core   0: 0x00000000800044f6 (0x5a0bf1d3) fsqrt.d ft3, fs7
core   0: 1 0x00000000800044f6 (0x5a0bf1d3) f3  0x0000000000000000
core   0: 0x00000000800044fa (0x0ff0000f) fence   iorw,iorw
core   0: 1 0x00000000800044fa (0x0ff0000f)
core   0: 0x00000000800044fe (0x8006c493) xori    s1, a3, -2048
core   0: 1 0x00000000800044fe (0x8006c493) x9  0xfffffffffffff800
core   0: 0x0000000080004502 (0x12b9fe53) fmul.d  ft8, fs3, fa1
core   0: 1 0x0000000080004502 (0x12b9fe53) f28 0x7ff8000000000000
core   0: 0x0000000080004506 (0xa29c89d3) fle.d   s3, fs9, fs1
core   0: 1 0x0000000080004506 (0xa29c89d3) c1_fflags 0x0000000000000011 x19 0x0000000000000000
core   0: 0x000000008000450a (0x41120233) sub     tp, tp, a7
core   0: 1 0x000000008000450a (0x41120233) x4  0x000000000011999b
core   0: 0x000000008000450e (0xb021eaf3) csrrsi  s5, minstret, 3
core   0: exception trap_illegal_instruction, epc 0x000000008000450e
core   0:           tval 0x00000000b021eaf3
core   0: >>>>  $xrv64i2p1_m2p0_a2p1_f2p2_d2p2_zicsr2p0_zifencei2p0_zmmul1p0_zba1p0_zbb1p0_zbc1p0_zbs1p0
core   0: 0x0000000080004000 (0x0080006f) j       pc + 0x8
core   0: 3 0x0000000080004000 (0x0080006f)
core   0: >>>>  mmode_exception_handler
core   0: 0x0000000080004008 (0x00002c17) auipc   s8, 0x2
core   0: 3 0x0000000080004008 (0x00002c17) x24 0x0000000080006008
core   0: 0x000000008000400c (0x0c8c0c13) addi    s8, s8, 200
core   0: 3 0x000000008000400c (0x0c8c0c13) x24 0x00000000800060d0
core   0: 0x0000000080004010 (0x000c00e7) jalr    s8
core   0: 3 0x0000000080004010 (0x000c00e7) x1  0x0000000080004014
core   0: >>>>  any_handler
core   0: 0x00000000800060d0 (0x341027f3) csrrs   a5, mepc, zero
core   0: 3 0x00000000800060d0 (0x341027f3) x15 0x000000008000450e
core   0: 0x00000000800060d4 (0x34202773) csrrs   a4, mcause, zero
core   0: 3 0x00000000800060d4 (0x34202773) x14 0x0000000000000002
core   0: 0x00000000800060d8 (0x142026f3) csrrs   a3, scause, zero
core   0: 3 0x00000000800060d8 (0x142026f3) x13 0x0000000000000000
core   0: 0x00000000800060dc (0x30402673) csrrs   a2, mie, zero
core   0: 3 0x00000000800060dc (0x30402673) x12 0x0000000000000a00
core   0: 0x00000000800060e0 (0x344025f3) csrrs   a1, mip, zero
core   0: 3 0x00000000800060e0 (0x344025f3) x11 0x0000000000000080
core   0: 0x00000000800060e4 (0x343025f3) csrrs   a1, mtval, zero
core   0: 3 0x00000000800060e4 (0x343025f3) x11 0x00000000b021eaf3
core   0: 0x00000000800060e8 (0x14302573) csrrs   a0, stval, zero
core   0: 3 0x00000000800060e8 (0x14302573) x10 0x0000000000000000
core   0: 0x00000000800060ec (0xb02024f3) csrrs   s1, minstret, zero
core   0: 3 0x00000000800060ec (0xb02024f3) x9  0x0000000000000961
core   0: 0x00000000800060f0 (0x0000a811) c.j     pc + 20
core   0: 3 0x00000000800060f0 (0xa811)
core   0: >>>>  mepc_4
core   0: 0x0000000080006104 (0x00000791) c.addi  a5, 4
core   0: 3 0x0000000080006104 (0x0791) x15 0x0000000080004512
core   0: 0x0000000080006106 (0x34179073) csrrw   zero, mepc, a5
core   0: 3 0x0000000080006106 (0x34179073) c833_mepc 0x0000000080004512
core   0: 0x000000008000610a (0x30200073) mret
core   0: 3 0x000000008000610a (0x30200073) c768_mstatus 0x8000000a00106080
core   0: 0x0000000080004512 (0x01005d33) srl     s10, zero, a6
core   0: 1 0x0000000080004512 (0x01005d33) x26 0x0000000000000000
core   0: 0x0000000080004516 (0xd20d0d53) fcvt.d.w fs10, s10
core   0: 1 0x0000000080004516 (0xd20d0d53) f26 0x0000000000000000
core   0: 0x000000008000451a (0x0012951b) slliw   a0, t0, 1
core   0: 1 0x000000008000451a (0x0012951b) x10 0x0000000000000000
core   0: 0x000000008000451e (0x2b8c0c53) fmin.d  fs8, fs8, fs8
core   0: 1 0x000000008000451e (0x2b8c0c53) f24 0x0000000000000000
core   0: 0x0000000080004522 (0xc80e8713) addi    a4, t4, -896
core   0: 1 0x0000000080004522 (0xc80e8713) x14 0x0000000096f925ac
core   0: 0x0000000080004526 (0x02597333) remu    t1, s2, t0
core   0: 1 0x0000000080004526 (0x02597333) x6  0x0000000000000000
core   0: 0x000000008000452a (0x0154a9b3) slt     s3, s1, s5
core   0: 1 0x000000008000452a (0x0154a9b3) x19 0x0000000000000000
core   0: 0x000000008000452e (0x40600ab3) sub     s5, zero, t1
core   0: 1 0x000000008000452e (0x40600ab3) x21 0x0000000000000000
core   0: 0x0000000080004532 (0x02666733) rem     a4, a2, t1
core   0: 1 0x0000000080004532 (0x02666733) x14 0x0000000000000a00
core   0: 0x0000000080004536 (0x00e34eb3) xor     t4, t1, a4
core   0: 1 0x0000000080004536 (0x00e34eb3) x29 0x0000000000000a00
core   0: 0x000000008000453a (0x03dcacb3) mulhsu  s9, s9, t4
core   0: 1 0x000000008000453a (0x03dcacb3) x25 0xffffffffffffffff
core   0: 0x000000008000453e (0xc20471d3) fcvt.w.d gp, fs0
core   0: 1 0x000000008000453e (0xc20471d3) c1_fflags 0x0000000000000011 x3  0x000000007fffffff
core   0: 0x0000000080004542 (0x006c5c3b) srlw    s8, s8, t1
core   0: 1 0x0000000080004542 (0x006c5c3b) x24 0xffffffff800060d0
core   0: 0x0000000080004546 (0x0143523b) srlw    tp, t1, s4
core   0: 1 0x0000000080004546 (0x0143523b) x4  0x0000000000000000
core   0: 0x000000008000454a (0x00000001) c.nop
core   0: 1 0x000000008000454a (0x0001)
core   0: 0x000000008000454c (0x2ae217d3) fmax.d  fa5, ft4, fa4
core   0: 1 0x000000008000454c (0x2ae217d3) f15 0x7ff8000000000000
core   0: 0x0000000080004550 (0x00e5dbb3) srl     s7, a1, a4
core   0: 1 0x0000000080004550 (0x00e5dbb3) x23 0x00000000b021eaf3
core   0: 0x0000000080004554 (0x401cf653) fcvt.s.d fa2, fs9
core   0: 1 0x0000000080004554 (0x401cf653) f12 0xffffffff7fc00000
core   0: 0x0000000080004558 (0x2d9d6713) ori     a4, s10, 729
core   0: 1 0x0000000080004558 (0x2d9d6713) x14 0x00000000000002d9
core   0: 0x000000008000455c (0xc207f0d3) fcvt.w.d ra, fa5
core   0: 1 0x000000008000455c (0xc207f0d3) c1_fflags 0x0000000000000011 x1  0x000000007fffffff
core   0: 0x0000000080004560 (0x22d7a7d3) fsgnjx.d fa5, fa5, fa3
core   0: 1 0x0000000080004560 (0x22d7a7d3) f15 0x7ff8000000000000
core   0: 0x0000000080004564 (0x404252bb) sraw    t0, tp, tp
core   0: 1 0x0000000080004564 (0x404252bb) x5  0x0000000000000000
core   0: 0x0000000080004568 (0x0322f833) remu    a6, t0, s2
core   0: 1 0x0000000080004568 (0x0322f833) x16 0x0000000000000000
core   0: 0x000000008000456c (0x00425d33) srl     s10, tp, tp
core   0: 1 0x000000008000456c (0x00425d33) x26 0x0000000000000000
core   0: 0x0000000080004570 (0x12b87853) fmul.d  fa6, fa6, fa1
core   0: 1 0x0000000080004570 (0x12b87853) f16 0x7ff8000000000000
core   0: 0x0000000080004574 (0xc218f453) fcvt.wu.d s0, fa7
core   0: 1 0x0000000080004574 (0xc218f453) c1_fflags 0x0000000000000011 x8  0xffffffffffffffff
core   0: 0x0000000080004578 (0x42078dd3) fcvt.d.s fs11, fa5
core   0: 1 0x0000000080004578 (0x42078dd3) f27 0x7ff8000000000000
core   0: 0x000000008000457c (0x008d26b3) slt     a3, s10, s0
core   0: 1 0x000000008000457c (0x008d26b3) x13 0x0000000000000000
core   0: 0x0000000080004580 (0x0116e2b3) or      t0, a3, a7
core   0: 1 0x0000000080004580 (0x0116e2b3) x5  0xfffffffffffffffe
core   0: 0x0000000080004584 (0x5a017ad3) fsqrt.d fs5, ft2
core   0: 1 0x0000000080004584 (0x5a017ad3) f21 0x7ff8000000000000
core   0: 0x0000000080004588 (0x42030253) fcvt.d.s ft4, ft6
core   0: 1 0x0000000080004588 (0x42030253) f4  0x7ff8000000000000
core   0: 0x000000008000458c (0x02e70133) mul     sp, a4, a4
core   0: 1 0x000000008000458c (0x02e70133) x2  0x0000000000081bf1
core   0: 0x0000000080004590 (0x022586b3) mul     a3, a1, sp
core   0: 1 0x0000000080004590 (0x022586b3) x13 0x00059448bb4dcfc3
core   0: 0x0000000080004594 (0xd033fcd3) fcvt.s.lu fs9, t2
core   0: 1 0x0000000080004594 (0xd033fcd3) f25 0xffffffff00000000
core   0: 0x0000000080004598 (0x03869993) slli    s3, a3, 56
core   0: 1 0x0000000080004598 (0x03869993) x19 0xc300000000000000
core   0: 0x000000008000459c (0x012715bb) sllw    a1, a4, s2
core   0: 1 0x000000008000459c (0x012715bb) x11 0x00000000000002d9
core   0: 0x00000000800045a0 (0x40b758bb) sraw    a7, a4, a1
core   0: 1 0x00000000800045a0 (0x40b758bb) x17 0x0000000000000000
core   0: 0x00000000800045a4 (0x2b9696d3) fmax.d  fa3, fa3, fs9
core   0: 1 0x00000000800045a4 (0x2b9696d3) f13 0x7ff8000000000000
core   0: 0x00000000800045a8 (0x0021141b) slliw   s0, sp, 2
core   0: 1 0x00000000800045a8 (0x0021141b) x8  0x0000000000206fc4
core   0: 0x00000000800045ac (0xc036f2d3) fcvt.lu.s t0, fa3
core   0: 1 0x00000000800045ac (0xc036f2d3) c1_fflags 0x0000000000000011 x5  0xffffffffffffffff
core   0: 0x00000000800045b0 (0xdf3a7db7) lui     s11, 0xdf3a7
core   0: 1 0x00000000800045b0 (0xdf3a7db7) x27 0xffffffffdf3a7000
core   0: 0x00000000800045b4 (0x0ff0000f) fence   iorw,iorw
core   0: 1 0x00000000800045b4 (0x0ff0000f)
core   0: 0x00000000800045b8 (0x003c5c3b) srlw    s8, s8, gp
core   0: 1 0x00000000800045b8 (0x003c5c3b) x24 0x0000000000000001
core   0: 0x00000000800045bc (0x7ff5079b) addiw   a5, a0, 2047
core   0: 1 0x00000000800045bc (0x7ff5079b) x15 0x00000000000007ff
core   0: 0x00000000800045c0 (0x03858c33) mul     s8, a1, s8
core   0: 1 0x00000000800045c0 (0x03858c33) x24 0x00000000000002d9
core   0: 0x00000000800045c4 (0x00f888bb) addw    a7, a7, a5
core   0: 1 0x00000000800045c4 (0x00f888bb) x17 0x00000000000007ff
core   0: 0x00000000800045c8 (0x03c7e83b) remw    a6, a5, t3
core   0: 1 0x00000000800045c8 (0x03c7e83b) x16 0x0000000000000001
core   0: 0x00000000800045cc (0x12db7c53) fmul.d  fs8, fs6, fa3
core   0: 1 0x00000000800045cc (0x12db7c53) f24 0x7ff8000000000000
core   0: 0x00000000800045d0 (0x4104d5bb) sraw    a1, s1, a6
core   0: 1 0x00000000800045d0 (0x4104d5bb) x11 0x00000000000004b0
core   0: 0x00000000800045d4 (0x012989bb) addw    s3, s3, s2
core   0: 1 0x00000000800045d4 (0x012989bb) x19 0x0000000000000000
core   0: 0x00000000800045d8 (0x00000001) c.nop
core   0: 1 0x00000000800045d8 (0x0001)
core   0: 0x00000000800045da (0x4141d1b3) sra     gp, gp, s4
core   0: 1 0x00000000800045da (0x4141d1b3) x3  0x000000007fffffff
core   0: 0x00000000800045de (0x001311f3) csrrw   gp, fflags, t1
core   0: 1 0x00000000800045de (0x001311f3) x3  0x0000000000000011 c1_fflags 0x0000000000000000
core   0: 0x00000000800045e2 (0x001e1473) csrrw   s0, fflags, t3
core   0: 1 0x00000000800045e2 (0x001e1473) x8  0x0000000000000000 c1_fflags 0x000000000000001f
core   0: 0x00000000800045e6 (0xc22cfb53) fcvt.l.d s6, fs9
core   0: 1 0x00000000800045e6 (0xc22cfb53) c1_fflags 0x000000000000001f x22 0x7fffffffffffffff
core   0: 0x00000000800045ea (0x416ed83b) sraw    a6, t4, s6
core   0: 1 0x00000000800045ea (0x416ed83b) x16 0x0000000000000000
core   0: 0x00000000800045ee (0x017925b3) slt     a1, s2, s7
core   0: 1 0x00000000800045ee (0x017925b3) x11 0x0000000000000001
core   0: 0x00000000800045f2 (0x02b8eb3b) remw    s6, a7, a1
core   0: 1 0x00000000800045f2 (0x02b8eb3b) x22 0x0000000000000000
core   0: 0x00000000800045f6 (0xc02c7253) fcvt.l.s tp, fs8
core   0: 1 0x00000000800045f6 (0xc02c7253) c1_fflags 0x000000000000001f x4  0x7fffffffffffffff
core   0: 0x00000000800045fa (0xfe055e37) lui     t3, 0xfe055
core   0: 1 0x00000000800045fa (0xfe055e37) x28 0xfffffffffe055000
core   0: 0x00000000800045fe (0x2d3e0e1b) addiw   t3, t3, 723
core   0: 1 0x00000000800045fe (0x2d3e0e1b) x28 0xfffffffffe0552d3
core   0: 0x0000000080004602 (0x00000e3a) c.slli  t3, 14
core   0: 1 0x0000000080004602 (0x0e3a) x28 0xffffff8154b4c000
core   0: 0x0000000080004604 (0xb7de0e13) addi    t3, t3, -1155
core   0: 1 0x0000000080004604 (0xb7de0e13) x28 0xffffff8154b4bb7d
core   0: 0x0000000080004608 (0x411e0a3b) subw    s4, t3, a7
core   0: 1 0x0000000080004608 (0x411e0a3b) x20 0x0000000054b4b37e
core   0: 0x000000008000460c (0xc36cfacf) fnmadd.d fs5, fs9, fs6, fs8
core   0: 1 0x000000008000460c (0xc36cfacf) f21 0x7ff8000000000000
core   0: 0x0000000080004610 (0xfff04c13) not     s8, zero
core   0: 1 0x0000000080004610 (0xfff04c13) x24 0xffffffffffffffff
core   0: 0x0000000080004614 (0x40a90233) sub     tp, s2, a0
core   0: 1 0x0000000080004614 (0x40a90233) x4  0x0000000000000000
core   0: 0x0000000080004618 (0x00d11abb) sllw    s5, sp, a3
core   0: 1 0x0000000080004618 (0x00d11abb) x21 0x000000000040df88
core   0: 0x000000008000461c (0xc03c71d3) fcvt.lu.s gp, fs8
core   0: 1 0x000000008000461c (0xc03c71d3) c1_fflags 0x000000000000001f x3  0xffffffffffffffff
core   0: 0x0000000080004620 (0xd2128e53) fcvt.d.wu ft8, t0
core   0: 1 0x0000000080004620 (0xd2128e53) f28 0x41efffffffe00000
core   0: 0x0000000080004624 (0x419482bb) subw    t0, s1, s9
core   0: 1 0x0000000080004624 (0x419482bb) x5  0x0000000000000962
core   0: 0x0000000080004628 (0x00000001) c.nop
core   0: 1 0x0000000080004628 (0x0001)
core   0: 0x000000008000462a (0x2a0e10d3) fmax.d  ft1, ft8, ft0
core   0: 1 0x000000008000462a (0x2a0e10d3) f1  0x41efffffffe00000
core   0: 0x000000008000462e (0x4ff28413) addi    s0, t0, 1279
core   0: 1 0x000000008000462e (0x4ff28413) x8  0x0000000000000e61
core   0: 0x0000000080004632 (0x22598f53) fsgnj.d ft10, fs3, ft5
core   0: 1 0x0000000080004632 (0x22598f53) f30 0x7ff8000000000000
core   0: 0x0000000080004636 (0x3e86fb13) andi    s6, a3, 1000
core   0: 1 0x0000000080004636 (0x3e86fb13) x22 0x00000000000003c0
core   0: 0x000000008000463a (0xd0247e53) fcvt.s.l ft8, s0
core   0: 1 0x000000008000463a (0xd0247e53) f28 0xffffffff45661000
core   0: 0x000000008000463e (0x000d5e93) srli    t4, s10, 0
core   0: 1 0x000000008000463e (0x000d5e93) x29 0x0000000000000000
core   0: 0x0000000080004642 (0x03de8abb) mulw    s5, t4, t4
core   0: 1 0x0000000080004642 (0x03de8abb) x21 0x0000000000000000
core   0: 0x0000000080004646 (0x01dc6633) or      a2, s8, t4
core   0: 1 0x0000000080004646 (0x01dc6633) x12 0xffffffffffffffff
core   0: 0x000000008000464a (0x038add13) srli    s10, s5, 56
core   0: 1 0x000000008000464a (0x038add13) x26 0x0000000000000000
core   0: 0x000000008000464e (0x22b604d3) fsgnj.d fs1, fa2, fa1
core   0: 1 0x000000008000464e (0x22b604d3) f9  0x7fffffff7fc00000
core   0: 0x0000000080004652 (0xc21e72d3) fcvt.wu.d t0, ft8
core   0: 1 0x0000000080004652 (0xc21e72d3) c1_fflags 0x000000000000001f x5  0xffffffffffffffff
core   0: 0x0000000080004656 (0x01dcd89b) srliw   a7, s9, 29
core   0: 1 0x0000000080004656 (0x01dcd89b) x17 0x0000000000000007
core   0: 0x000000008000465a (0x0079591b) srliw   s2, s2, 7
core   0: 1 0x000000008000465a (0x0079591b) x18 0x0000000000000000
core   0: 0x000000008000465e (0xba19f5c3) fmadd.d fa1, fs3, ft1, fs7
core   0: 1 0x000000008000465e (0xba19f5c3) f11 0x7ff8000000000000
core   0: 0x0000000080004662 (0x027a6ebb) remw    t4, s4, t2
core   0: 1 0x0000000080004662 (0x027a6ebb) x29 0x0000000054b4b37e
core   0: 0x0000000080004666 (0x037d5bb3) divu    s7, s10, s7
core   0: 1 0x0000000080004666 (0x037d5bb3) x23 0x0000000000000000
core   0: 0x000000008000466a (0x01662633) slt     a2, a2, s6
core   0: 1 0x000000008000466a (0x01662633) x12 0x0000000000000001
core   0: 0x000000008000466e (0x5a08fdd3) fsqrt.d fs11, fa7
core   0: 1 0x000000008000466e (0x5a08fdd3) f27 0x7ff8000000000000
core   0: 0x0000000080004672 (0x40498233) sub     tp, s3, tp
core   0: 1 0x0000000080004672 (0x40498233) x4  0x0000000000000000
core   0: 0x0000000080004676 (0x0002131b) slliw   t1, tp, 0
core   0: 1 0x0000000080004676 (0x0002131b) x6  0x0000000000000000
core   0: 0x000000008000467a (0xf2078e53) fmv.d.x ft8, a5
core   0: 1 0x000000008000467a (0xf2078e53) f28 0x00000000000007ff
core   0: 0x000000008000467e (0x40c9d19b) sraiw   gp, s3, 12
core   0: 1 0x000000008000467e (0x40c9d19b) x3  0x0000000000000000
core   0: 0x0000000080004682 (0x23ba1153) fsgnjn.d ft2, fs4, fs11
core   0: 1 0x0000000080004682 (0x23ba1153) f2  0xfff8000000000000
core   0: 0x0000000080004686 (0x41c758bb) sraw    a7, a4, t3
core   0: 1 0x0000000080004686 (0x41c758bb) x17 0x0000000000000000
core   0: 0x000000008000468a (0x007e9b9b) slliw   s7, t4, 7
core   0: 1 0x000000008000468a (0x007e9b9b) x23 0x000000005a59bf00
core   0: 0x000000008000468e (0x00008985) c.andi  a1, 1
core   0: 1 0x000000008000468e (0x8985) x11 0x0000000000000001
core   0: 0x0000000080004690 (0x420f8f53) fcvt.d.s ft10, ft11
core   0: 1 0x0000000080004690 (0x420f8f53) f30 0x41e2df2520000000
core   0: 0x0000000080004694 (0x00000001) c.nop
core   0: 1 0x0000000080004694 (0x0001)
core   0: 0x0000000080004696 (0xc23077d3) fcvt.lu.d a5, ft0
core   0: 1 0x0000000080004696 (0xc23077d3) c1_fflags 0x000000000000001f x15 0xffffffffffffffff
core   0: 0x000000008000469a (0x00698833) add     a6, s3, t1
core   0: 1 0x000000008000469a (0x00698833) x16 0x0000000000000000
core   0: 0x000000008000469e (0xb7130213) addi    tp, t1, -1167
core   0: 1 0x000000008000469e (0xb7130213) x4  0xfffffffffffffb71
core   0: 0x00000000800046a2 (0xc02f79d3) fcvt.l.s s3, ft10
core   0: 1 0x00000000800046a2 (0xc02f79d3) c1_fflags 0x000000000000001f x19 0x7fffffffffffffff
core   0: 0x00000000800046a6 (0x400d571b) sraiw   a4, s10, 0
core   0: 1 0x00000000800046a6 (0x400d571b) x14 0x0000000000000000
core   0: 0x00000000800046aa (0xc20f7a53) fcvt.w.d s4, ft10
core   0: 1 0x00000000800046aa (0xc20f7a53) c1_fflags 0x000000000000001f x20 0x000000007fffffff
core   0: 0x00000000800046ae (0x013d533b) srlw    t1, s10, s3
core   0: 1 0x00000000800046ae (0x013d533b) x6  0x0000000000000000
core   0: 0x00000000800046b2 (0x00202c73) csrrs   s8, frm, zero
core   0: 1 0x00000000800046b2 (0x00202c73) x24 0x0000000000000000
core   0: 0x00000000800046b6 (0x42382397) auipc   t2, 0x42382
core   0: 1 0x00000000800046b6 (0x42382397) x7  0x00000000c23866b6
core   0: 0x00000000800046ba (0xf20d7fc3) fmadd.d ft11, fs10, ft0, ft10
core   0: 1 0x00000000800046ba (0xf20d7fc3) f31 0x7ff8000000000000
core   0: 0x00000000800046be (0x40ac561b) sraiw   a2, s8, 10
core   0: 1 0x00000000800046be (0x40ac561b) x12 0x0000000000000000
core   0: 0x00000000800046c2 (0x5ba8f743) fmadd.d fa4, fa7, fs10, fa1
core   0: 1 0x00000000800046c2 (0x5ba8f743) f14 0x7ff8000000000000
core   0: 0x00000000800046c6 (0x03cc57b3) divu    a5, s8, t3
core   0: 1 0x00000000800046c6 (0x03cc57b3) x15 0x0000000000000000
core   0: 0x00000000800046ca (0x00fb0b3b) addw    s6, s6, a5
core   0: 1 0x00000000800046ca (0x00fb0b3b) x22 0x00000000000003c0
core   0: 0x00000000800046ce (0x016b5d9b) srliw   s11, s6, 22
core   0: 1 0x00000000800046ce (0x016b5d9b) x27 0x0000000000000000
core   0: 0x00000000800046d2 (0x000d819b) sext.w  gp, s11
core   0: 1 0x00000000800046d2 (0x000d819b) x3  0x0000000000000000
core   0: 0x00000000800046d6 (0x02a8523b) divuw   tp, a6, a0
core   0: 1 0x00000000800046d6 (0x02a8523b) x4  0xffffffffffffffff
core   0: 0x00000000800046da (0x41c4dc9b) sraiw   s9, s1, 28
core   0: 1 0x00000000800046da (0x41c4dc9b) x25 0x0000000000000000
core   0: 0x00000000800046de (0xc2177ad3) fcvt.wu.d s5, fa4
core   0: 1 0x00000000800046de (0xc2177ad3) c1_fflags 0x000000000000001f x21 0xffffffffffffffff
core   0: 0x00000000800046e2 (0xb30d784f) fnmadd.d fa6, fs10, fa6, fs6
core   0: 1 0x00000000800046e2 (0xb30d784f) f16 0x7ff8000000000000
core   0: 0x00000000800046e6 (0x1a1b7d53) fdiv.d  fs10, fs6, ft1
core   0: 1 0x00000000800046e6 (0x1a1b7d53) c1_fflags 0x000000000000001f f26 0x3fe2df252592df25
core   0: 0x00000000800046ea (0x02f8e53b) remw    a0, a7, a5
core   0: 1 0x00000000800046ea (0x02f8e53b) x10 0x0000000000000000
core   0: 0x00000000800046ee (0x41c80a3b) subw    s4, a6, t3
core   0: 1 0x00000000800046ee (0x41c80a3b) x20 0xffffffffab4b4483
core   0: 0x00000000800046f2 (0x00194d93) xori    s11, s2, 1
core   0: 1 0x00000000800046f2 (0x00194d93) x27 0x0000000000000001
core   0: 0x00000000800046f6 (0xd036f253) fcvt.s.lu ft4, a3
core   0: 1 0x00000000800046f6 (0xd036f253) c1_fflags 0x000000000000001f f4  0xffffffff58b28917
core   0: 0x00000000800046fa (0x42070453) fcvt.d.s fs0, fa4
core   0: 1 0x00000000800046fa (0x42070453) f8  0x7ff8000000000000
core   0: 0x00000000800046fe (0x2a8f11d3) fmax.d  ft3, ft10, fs0
core   0: 1 0x00000000800046fe (0x2a8f11d3) f3  0x41e2df2520000000
core   0: 0x0000000080004702 (0x310238f3) csrrc   a7, mstatush, tp
core   0: exception trap_illegal_instruction, epc 0x0000000080004702
core   0:           tval 0x00000000310238f3
core   0: >>>>  $xrv64i2p1_m2p0_a2p1_f2p2_d2p2_zicsr2p0_zifencei2p0_zmmul1p0_zba1p0_zbb1p0_zbc1p0_zbs1p0
core   0: 0x0000000080004000 (0x0080006f) j       pc + 0x8
core   0: 3 0x0000000080004000 (0x0080006f)
core   0: >>>>  mmode_exception_handler
core   0: 0x0000000080004008 (0x00002c17) auipc   s8, 0x2
core   0: 3 0x0000000080004008 (0x00002c17) x24 0x0000000080006008
core   0: 0x000000008000400c (0x0c8c0c13) addi    s8, s8, 200
core   0: 3 0x000000008000400c (0x0c8c0c13) x24 0x00000000800060d0
core   0: 0x0000000080004010 (0x000c00e7) jalr    s8
core   0: 3 0x0000000080004010 (0x000c00e7) x1  0x0000000080004014
core   0: >>>>  any_handler
core   0: 0x00000000800060d0 (0x341027f3) csrrs   a5, mepc, zero
core   0: 3 0x00000000800060d0 (0x341027f3) x15 0x0000000080004702
core   0: 0x00000000800060d4 (0x34202773) csrrs   a4, mcause, zero
core   0: 3 0x00000000800060d4 (0x34202773) x14 0x0000000000000002
core   0: 0x00000000800060d8 (0x142026f3) csrrs   a3, scause, zero
core   0: 3 0x00000000800060d8 (0x142026f3) x13 0x0000000000000000
core   0: 0x00000000800060dc (0x30402673) csrrs   a2, mie, zero
core   0: 3 0x00000000800060dc (0x30402673) x12 0x0000000000000a00
core   0: 0x00000000800060e0 (0x344025f3) csrrs   a1, mip, zero
core   0: 3 0x00000000800060e0 (0x344025f3) x11 0x0000000000000080
core   0: 0x00000000800060e4 (0x343025f3) csrrs   a1, mtval, zero
core   0: 3 0x00000000800060e4 (0x343025f3) x11 0x00000000310238f3
core   0: 0x00000000800060e8 (0x14302573) csrrs   a0, stval, zero
core   0: 3 0x00000000800060e8 (0x14302573) x10 0x0000000000000000
core   0: 0x00000000800060ec (0xb02024f3) csrrs   s1, minstret, zero
core   0: 3 0x00000000800060ec (0xb02024f3) x9  0x00000000000009f0
core   0: 0x00000000800060f0 (0x0000a811) c.j     pc + 20
core   0: 3 0x00000000800060f0 (0xa811)
core   0: >>>>  mepc_4
core   0: 0x0000000080006104 (0x00000791) c.addi  a5, 4
core   0: 3 0x0000000080006104 (0x0791) x15 0x0000000080004706
core   0: 0x0000000080006106 (0x34179073) csrrw   zero, mepc, a5
core   0: 3 0x0000000080006106 (0x34179073) c833_mepc 0x0000000080004706
core   0: 0x000000008000610a (0x30200073) mret
core   0: 3 0x000000008000610a (0x30200073) c768_mstatus 0x8000000a00106080
core   0: 0x0000000080004706 (0x01b7f7b3) and     a5, a5, s11
core   0: 1 0x0000000080004706 (0x01b7f7b3) x15 0x0000000000000000
core   0: 0x000000008000470a (0x00202cf3) csrrs   s9, frm, zero
core   0: 1 0x000000008000470a (0x00202cf3) x25 0x0000000000000000
core   0: 0x000000008000470e (0x0b21f0cf) fnmadd.d ft1, ft3, fs2, ft1
core   0: 1 0x000000008000470e (0x0b21f0cf) f1  0x7ff8000000000000
core   0: 0x0000000080004712 (0xd02cfcd3) fcvt.s.l fs9, s9
core   0: 1 0x0000000080004712 (0xd02cfcd3) f25 0xffffffff00000000
core   0: 0x0000000080004716 (0x13ae7b53) fmul.d  fs6, ft8, fs10
core   0: 1 0x0000000080004716 (0x13ae7b53) c1_fflags 0x000000000000001f f22 0x00000000000004b7
core   0: 0x000000008000471a (0x03297d3b) remuw   s10, s2, s2
core   0: 1 0x000000008000471a (0x03297d3b) x26 0x0000000000000000
core   0: 0x000000008000471e (0x012e57bb) srlw    a5, t3, s2
core   0: 1 0x000000008000471e (0x012e57bb) x15 0x0000000054b4bb7d
core   0: 0x0000000080004722 (0x4047d23b) sraw    tp, a5, tp
core   0: 1 0x0000000080004722 (0x4047d23b) x4  0x0000000000000000
core   0: 0x0000000080004726 (0x420104d3) fcvt.d.s fs1, ft2
core   0: 1 0x0000000080004726 (0x420104d3) f9  0x7ff8000000000000
core   0: 0x000000008000472a (0x404c85b3) sub     a1, s9, tp
core   0: 1 0x000000008000472a (0x404c85b3) x11 0x0000000000000000
core   0: 0x000000008000472e (0xfbaf0b37) lui     s6, 0xfbaf0
core   0: 1 0x000000008000472e (0xfbaf0b37) x22 0xfffffffffbaf0000
core   0: 0x0000000080004732 (0xbf1b0b1b) addiw   s6, s6, -1039
core   0: 1 0x0000000080004732 (0xbf1b0b1b) x22 0xfffffffffbaefbf1
core   0: 0x0000000080004736 (0x00000b32) c.slli  s6, 12
core   0: 1 0x0000000080004736 (0x0b32) x22 0xffffffbaefbf1000
core   0: 0x0000000080004738 (0x9a8b0b13) addi    s6, s6, -1624
core   0: 1 0x0000000080004738 (0x9a8b0b13) x22 0xffffffbaefbf09a8
core   0: 0x000000008000473c (0xc02af953) fcvt.l.s s2, fs5
core   0: 1 0x000000008000473c (0xc02af953) c1_fflags 0x000000000000001f x18 0x7fffffffffffffff
core   0: 0x0000000080004740 (0x012d1ab3) sll     s5, s10, s2
core   0: 1 0x0000000080004740 (0x012d1ab3) x21 0x0000000000000000
core   0: 0x0000000080004744 (0x23f01053) fsgnjn.d ft0, ft0, ft11
core   0: 1 0x0000000080004744 (0x23f01053) f0  0xfff8000000000000
core   0: 0x0000000080004748 (0xc030f553) fcvt.lu.s a0, ft1
core   0: 1 0x0000000080004748 (0xc030f553) c1_fflags 0x000000000000001f x10 0xffffffffffffffff
core   0: 0x000000008000474c (0x02a5d4b3) divu    s1, a1, a0
core   0: 1 0x000000008000474c (0x02a5d4b3) x9  0x0000000000000000
core   0: 0x0000000080004750 (0x01654b33) xor     s6, a0, s6
core   0: 1 0x0000000080004750 (0x01654b33) x22 0x000000451040f657
core   0: 0x0000000080004754 (0x00202673) csrrs   a2, frm, zero
core   0: 1 0x0000000080004754 (0x00202673) x12 0x0000000000000000
core   0: 0x0000000080004758 (0xc234f5d3) fcvt.lu.d a1, fs1
core   0: 1 0x0000000080004758 (0xc234f5d3) c1_fflags 0x000000000000001f x11 0xffffffffffffffff
core   0: 0x000000008000475c (0x0005d29b) srliw   t0, a1, 0
core   0: 1 0x000000008000475c (0x0005d29b) x5  0xffffffffffffffff
core   0: 0x0000000080004760 (0x22d6ac53) fsgnjx.d fs8, fa3, fa3
core   0: 1 0x0000000080004760 (0x22d6ac53) f24 0x7ff8000000000000
core   0: 0x0000000080004764 (0xc23372d3) fcvt.lu.d t0, ft6
core   0: 1 0x0000000080004764 (0xc23372d3) c1_fflags 0x000000000000001f x5  0xffffffffffffffff
core   0: 0x0000000080004768 (0x420f80d3) fcvt.d.s ft1, ft11
core   0: 1 0x0000000080004768 (0x420f80d3) f1  0x7ff8000000000000
core   0: 0x000000008000476c (0x01fd169b) slliw   a3, s10, 31
core   0: 1 0x000000008000476c (0x01fd169b) x13 0x0000000000000000
core   0: 0x0000000080004770 (0x7ff7a793) slti    a5, a5, 2047
core   0: 1 0x0000000080004770 (0x7ff7a793) x15 0x0000000000000000
core   0: 0x0000000080004774 (0x40965e3b) sraw    t3, a2, s1
core   0: 1 0x0000000080004774 (0x40965e3b) x28 0x0000000000000000
core   0: 0x0000000080004778 (0x1a537dd3) fdiv.d  fs11, ft6, ft5
core   0: 1 0x0000000080004778 (0x1a537dd3) f27 0x7ff8000000000000
core   0: 0x000000008000477c (0x9a9f1637) lui     a2, 0x9a9f1
core   0: 1 0x000000008000477c (0x9a9f1637) x12 0xffffffff9a9f1000
core   0: 0x0000000080004780 (0xa3328253) fle.d   tp, ft5, fs3
core   0: 1 0x0000000080004780 (0xa3328253) c1_fflags 0x000000000000001f x4  0x0000000000000000
core   0: 0x0000000080004784 (0x030906b3) mul     a3, s2, a6
core   0: 1 0x0000000080004784 (0x030906b3) x13 0x0000000000000000
core   0: 0x0000000080004788 (0xd2e36db7) lui     s11, 0xd2e36
core   0: 1 0x0000000080004788 (0xd2e36db7) x27 0xffffffffd2e36000
core   0: 0x000000008000478c (0x027ca5b3) mulhsu  a1, s9, t2
core   0: 1 0x000000008000478c (0x027ca5b3) x11 0x0000000000000000
core   0: 0x0000000080004790 (0x5a057b53) fsqrt.d fs6, fa0
core   0: 1 0x0000000080004790 (0x5a057b53) f22 0x0000000000000000
core   0: 0x0000000080004794 (0x01fc569b) srliw   a3, s8, 31
core   0: 1 0x0000000080004794 (0x01fc569b) x13 0x0000000000000001
core   0: 0x0000000080004798 (0x8302f84b) fnmsub.d fa6, ft5, fa6, fa6
core   0: 1 0x0000000080004798 (0x8302f84b) f16 0x7ff8000000000000
core   0: 0x000000008000479c (0x0345e3b3) rem     t2, a1, s4
core   0: 1 0x000000008000479c (0x0345e3b3) x7  0x0000000000000000
core   0: 0x00000000800047a0 (0x0052109b) slliw   ra, tp, 5
core   0: 1 0x00000000800047a0 (0x0052109b) x1  0x0000000000000000
core   0: 0x00000000800047a4 (0x401bdbb3) sra     s7, s7, ra
core   0: 1 0x00000000800047a4 (0x401bdbb3) x23 0x000000005a59bf00
core   0: 0x00000000800047a8 (0xc2187953) fcvt.wu.d s2, fa6
core   0: 1 0x00000000800047a8 (0xc2187953) c1_fflags 0x000000000000001f x18 0xffffffffffffffff
core   0: 0x00000000800047ac (0x0331d5b3) divu    a1, gp, s3
core   0: 1 0x00000000800047ac (0x0331d5b3) x11 0x0000000000000000
core   0: 0x00000000800047b0 (0x01ce54bb) srlw    s1, t3, t3
core   0: 1 0x00000000800047b0 (0x01ce54bb) x9  0x0000000000000000
core   0: 0x00000000800047b4 (0x40117153) fcvt.s.d ft2, ft2
core   0: 1 0x00000000800047b4 (0x40117153) f2  0xffffffff7fc00000
core   0: 0x00000000800047b8 (0xc803a373) csrrs   t1, cycleh, t2
core   0: exception trap_illegal_instruction, epc 0x00000000800047b8
core   0:           tval 0x00000000c803a373
core   0: >>>>  $xrv64i2p1_m2p0_a2p1_f2p2_d2p2_zicsr2p0_zifencei2p0_zmmul1p0_zba1p0_zbb1p0_zbc1p0_zbs1p0
core   0: 0x0000000080004000 (0x0080006f) j       pc + 0x8
core   0: 3 0x0000000080004000 (0x0080006f)
core   0: >>>>  mmode_exception_handler
core   0: 0x0000000080004008 (0x00002c17) auipc   s8, 0x2
core   0: 3 0x0000000080004008 (0x00002c17) x24 0x0000000080006008
core   0: 0x000000008000400c (0x0c8c0c13) addi    s8, s8, 200
core   0: 3 0x000000008000400c (0x0c8c0c13) x24 0x00000000800060d0
core   0: 0x0000000080004010 (0x000c00e7) jalr    s8
core   0: 3 0x0000000080004010 (0x000c00e7) x1  0x0000000080004014
core   0: >>>>  any_handler
core   0: 0x00000000800060d0 (0x341027f3) csrrs   a5, mepc, zero
core   0: 3 0x00000000800060d0 (0x341027f3) x15 0x00000000800047b8
core   0: 0x00000000800060d4 (0x34202773) csrrs   a4, mcause, zero
core   0: 3 0x00000000800060d4 (0x34202773) x14 0x0000000000000002
core   0: 0x00000000800060d8 (0x142026f3) csrrs   a3, scause, zero
core   0: 3 0x00000000800060d8 (0x142026f3) x13 0x0000000000000000
core   0: 0x00000000800060dc (0x30402673) csrrs   a2, mie, zero
core   0: 3 0x00000000800060dc (0x30402673) x12 0x0000000000000a00
core   0: 0x00000000800060e0 (0x344025f3) csrrs   a1, mip, zero
core   0: 3 0x00000000800060e0 (0x344025f3) x11 0x0000000000000080
core   0: 0x00000000800060e4 (0x343025f3) csrrs   a1, mtval, zero
core   0: 3 0x00000000800060e4 (0x343025f3) x11 0x00000000c803a373
core   0: 0x00000000800060e8 (0x14302573) csrrs   a0, stval, zero
core   0: 3 0x00000000800060e8 (0x14302573) x10 0x0000000000000000
core   0: 0x00000000800060ec (0xb02024f3) csrrs   s1, minstret, zero
core   0: 3 0x00000000800060ec (0xb02024f3) x9  0x0000000000000a2d
core   0: 0x00000000800060f0 (0x0000a811) c.j     pc + 20
core   0: 3 0x00000000800060f0 (0xa811)
core   0: >>>>  mepc_4
core   0: 0x0000000080006104 (0x00000791) c.addi  a5, 4
core   0: 3 0x0000000080006104 (0x0791) x15 0x00000000800047bc
core   0: 0x0000000080006106 (0x34179073) csrrw   zero, mepc, a5
core   0: 3 0x0000000080006106 (0x34179073) c833_mepc 0x00000000800047bc
core   0: 0x000000008000610a (0x30200073) mret
core   0: 3 0x000000008000610a (0x30200073) c768_mstatus 0x8000000a00106080
core   0: 0x00000000800047bc (0x6be38613) addi    a2, t2, 1726
core   0: 1 0x00000000800047bc (0x6be38613) x12 0x00000000000006be
core   0: 0x00000000800047c0 (0x01f9511b) srliw   sp, s2, 31
core   0: 1 0x00000000800047c0 (0x01f9511b) x2  0x0000000000000001
core   0: 0x00000000800047c4 (0x425472c3) fmadd.d ft5, fs0, ft5, fs0
core   0: 1 0x00000000800047c4 (0x425472c3) f5  0x7ff8000000000000
core   0: 0x00000000800047c8 (0x05536797) auipc   a5, 0x5536
core   0: 1 0x00000000800047c8 (0x05536797) x15 0x000000008553a7c8
core   0: 0x00000000800047cc (0x401a5813) srai    a6, s4, 1
core   0: 1 0x00000000800047cc (0x401a5813) x16 0xffffffffd5a5a241
core   0: 0x00000000800047d0 (0x05b95137) lui     sp, 0x5b95
core   0: 1 0x00000000800047d0 (0x05b95137) x2  0x0000000005b95000
core   0: 0x00000000800047d4 (0x1751011b) addiw   sp, sp, 373
core   0: 1 0x00000000800047d4 (0x1751011b) x2  0x0000000005b95175
core   0: 0x00000000800047d8 (0x00000132) c.slli  sp, 12
core   0: 1 0x00000000800047d8 (0x0132) x2  0x0000005b95175000
core   0: 0x00000000800047da (0x46c10113) addi    sp, sp, 1132
core   0: 1 0x00000000800047da (0x46c10113) x2  0x0000005b9517546c
core   0: 0x00000000800047de (0xd23277d3) fcvt.d.lu fa5, tp
core   0: 1 0x00000000800047de (0xd23277d3) f15 0x0000000000000000
core   0: 0x00000000800047e2 (0xd2060353) fcvt.d.w ft6, a2
core   0: 1 0x00000000800047e2 (0xd2060353) f6  0x409af80000000000
core   0: 0x00000000800047e6 (0x01d105bb) addw    a1, sp, t4
core   0: 1 0x00000000800047e6 (0x01d105bb) x11 0xffffffffe9cc07ea
core   0: 0x00000000800047ea (0x00199d73) csrrw   s10, fflags, s3
core   0: 1 0x00000000800047ea (0x00199d73) x26 0x000000000000001f c1_fflags 0x000000000000001f
core   0: 0x00000000800047ee (0x3cf06897) auipc   a7, 0x3cf06
core   0: 1 0x00000000800047ee (0x3cf06897) x17 0x00000000bcf0a7ee
core   0: 0x00000000800047f2 (0x0276e833) rem     a6, a3, t2
core   0: 1 0x00000000800047f2 (0x0276e833) x16 0x0000000000000000
core   0: 0x00000000800047f6 (0x401a58bb) sraw    a7, s4, ra
core   0: 1 0x00000000800047f6 (0x401a58bb) x17 0xfffffffffffffab4
core   0: 0x00000000800047fa (0x02f8dd13) srli    s10, a7, 47
core   0: 1 0x00000000800047fa (0x02f8dd13) x26 0x000000000001ffff
core   0: 0x00000000800047fe (0x024aa9b3) mulhsu  s3, s5, tp
core   0: 1 0x00000000800047fe (0x024aa9b3) x19 0x0000000000000000
core   0: 0x0000000080004802 (0x9fee859b) addiw   a1, t4, -1538
core   0: 1 0x0000000080004802 (0x9fee859b) x11 0x0000000054b4ad7c
core   0: 0x0000000080004806 (0xc0237853) fcvt.l.s a6, ft6
core   0: 1 0x0000000080004806 (0xc0237853) c1_fflags 0x000000000000001f x16 0x7fffffffffffffff
core   0: 0x000000008000480a (0x031adeb3) divu    t4, s5, a7
core   0: 1 0x000000008000480a (0x031adeb3) x29 0x0000000000000000
core   0: 0x000000008000480e (0xf01ceb97) auipc   s7, 0xf01ce
core   0: 1 0x000000008000480e (0xf01ceb97) x23 0x00000000701d280e
core   0: 0x0000000080004812 (0x004d94bb) sllw    s1, s11, tp
core   0: 1 0x0000000080004812 (0x004d94bb) x9  0xffffffffd2e36000
core   0: 0x0000000080004816 (0xc02df0d3) fcvt.l.s ra, fs11
core   0: 1 0x0000000080004816 (0xc02df0d3) c1_fflags 0x000000000000001f x1  0x7fffffffffffffff
core   0: 0x000000008000481a (0xd023f8d3) fcvt.s.l fa7, t2
core   0: 1 0x000000008000481a (0xd023f8d3) f17 0xffffffff00000000
core   0: 0x000000008000481e (0xc0447e73) csrrci  t3, hpmcounter4, 8
core   0: exception trap_illegal_instruction, epc 0x000000008000481e
core   0:           tval 0x00000000c0447e73
core   0: >>>>  $xrv64i2p1_m2p0_a2p1_f2p2_d2p2_zicsr2p0_zifencei2p0_zmmul1p0_zba1p0_zbb1p0_zbc1p0_zbs1p0
core   0: 0x0000000080004000 (0x0080006f) j       pc + 0x8
core   0: 3 0x0000000080004000 (0x0080006f)
core   0: >>>>  mmode_exception_handler
core   0: 0x0000000080004008 (0x00002c17) auipc   s8, 0x2
core   0: 3 0x0000000080004008 (0x00002c17) x24 0x0000000080006008
core   0: 0x000000008000400c (0x0c8c0c13) addi    s8, s8, 200
core   0: 3 0x000000008000400c (0x0c8c0c13) x24 0x00000000800060d0
core   0: 0x0000000080004010 (0x000c00e7) jalr    s8
core   0: 3 0x0000000080004010 (0x000c00e7) x1  0x0000000080004014
core   0: >>>>  any_handler
core   0: 0x00000000800060d0 (0x341027f3) csrrs   a5, mepc, zero
core   0: 3 0x00000000800060d0 (0x341027f3) x15 0x000000008000481e
core   0: 0x00000000800060d4 (0x34202773) csrrs   a4, mcause, zero
core   0: 3 0x00000000800060d4 (0x34202773) x14 0x0000000000000002
core   0: 0x00000000800060d8 (0x142026f3) csrrs   a3, scause, zero
core   0: 3 0x00000000800060d8 (0x142026f3) x13 0x0000000000000000
core   0: 0x00000000800060dc (0x30402673) csrrs   a2, mie, zero
core   0: 3 0x00000000800060dc (0x30402673) x12 0x0000000000000a00
core   0: 0x00000000800060e0 (0x344025f3) csrrs   a1, mip, zero
core   0: 3 0x00000000800060e0 (0x344025f3) x11 0x0000000000000080
core   0: 0x00000000800060e4 (0x343025f3) csrrs   a1, mtval, zero
core   0: 3 0x00000000800060e4 (0x343025f3) x11 0x00000000c0447e73
core   0: 0x00000000800060e8 (0x14302573) csrrs   a0, stval, zero
core   0: 3 0x00000000800060e8 (0x14302573) x10 0x0000000000000000
core   0: 0x00000000800060ec (0xb02024f3) csrrs   s1, minstret, zero
core   0: 3 0x00000000800060ec (0xb02024f3) x9  0x0000000000000a56
core   0: 0x00000000800060f0 (0x0000a811) c.j     pc + 20
core   0: 3 0x00000000800060f0 (0xa811)
core   0: >>>>  mepc_4
core   0: 0x0000000080006104 (0x00000791) c.addi  a5, 4
core   0: 3 0x0000000080006104 (0x0791) x15 0x0000000080004822
core   0: 0x0000000080006106 (0x34179073) csrrw   zero, mepc, a5
core   0: 3 0x0000000080006106 (0x34179073) c833_mepc 0x0000000080004822
core   0: 0x000000008000610a (0x30200073) mret
core   0: 3 0x000000008000610a (0x30200073) c768_mstatus 0x8000000a00106080
core   0: 0x0000000080004822 (0x027e5313) srli    t1, t3, 39
core   0: 1 0x0000000080004822 (0x027e5313) x6  0x0000000000000000
core   0: 0x0000000080004826 (0xc03350f3) csrrwi  ra, hpmcounter3, 6
core   0: exception trap_illegal_instruction, epc 0x0000000080004826
core   0:           tval 0x00000000c03350f3
core   0: >>>>  $xrv64i2p1_m2p0_a2p1_f2p2_d2p2_zicsr2p0_zifencei2p0_zmmul1p0_zba1p0_zbb1p0_zbc1p0_zbs1p0
core   0: 0x0000000080004000 (0x0080006f) j       pc + 0x8
core   0: 3 0x0000000080004000 (0x0080006f)
core   0: >>>>  mmode_exception_handler
core   0: 0x0000000080004008 (0x00002c17) auipc   s8, 0x2
core   0: 3 0x0000000080004008 (0x00002c17) x24 0x0000000080006008
core   0: 0x000000008000400c (0x0c8c0c13) addi    s8, s8, 200
core   0: 3 0x000000008000400c (0x0c8c0c13) x24 0x00000000800060d0
core   0: 0x0000000080004010 (0x000c00e7) jalr    s8
core   0: 3 0x0000000080004010 (0x000c00e7) x1  0x0000000080004014
core   0: >>>>  any_handler
core   0: 0x00000000800060d0 (0x341027f3) csrrs   a5, mepc, zero
core   0: 3 0x00000000800060d0 (0x341027f3) x15 0x0000000080004826
core   0: 0x00000000800060d4 (0x34202773) csrrs   a4, mcause, zero
core   0: 3 0x00000000800060d4 (0x34202773) x14 0x0000000000000002
core   0: 0x00000000800060d8 (0x142026f3) csrrs   a3, scause, zero
core   0: 3 0x00000000800060d8 (0x142026f3) x13 0x0000000000000000
core   0: 0x00000000800060dc (0x30402673) csrrs   a2, mie, zero
core   0: 3 0x00000000800060dc (0x30402673) x12 0x0000000000000a00
core   0: 0x00000000800060e0 (0x344025f3) csrrs   a1, mip, zero
core   0: 3 0x00000000800060e0 (0x344025f3) x11 0x0000000000000080
core   0: 0x00000000800060e4 (0x343025f3) csrrs   a1, mtval, zero
core   0: 3 0x00000000800060e4 (0x343025f3) x11 0x00000000c03350f3
core   0: 0x00000000800060e8 (0x14302573) csrrs   a0, stval, zero
core   0: 3 0x00000000800060e8 (0x14302573) x10 0x0000000000000000
core   0: 0x00000000800060ec (0xb02024f3) csrrs   s1, minstret, zero
core   0: 3 0x00000000800060ec (0xb02024f3) x9  0x0000000000000a67
core   0: 0x00000000800060f0 (0x0000a811) c.j     pc + 20
core   0: 3 0x00000000800060f0 (0xa811)
core   0: >>>>  mepc_4
core   0: 0x0000000080006104 (0x00000791) c.addi  a5, 4
core   0: 3 0x0000000080006104 (0x0791) x15 0x000000008000482a
core   0: 0x0000000080006106 (0x34179073) csrrw   zero, mepc, a5
core   0: 3 0x0000000080006106 (0x34179073) c833_mepc 0x000000008000482a
core   0: 0x000000008000610a (0x30200073) mret
core   0: 3 0x000000008000610a (0x30200073) c768_mstatus 0x8000000a00106080
core   0: 0x000000008000482a (0x03bb58b3) divu    a7, s6, s11
core   0: 1 0x000000008000482a (0x03bb58b3) x17 0x0000000000000000
core   0: 0x000000008000482e (0x002895f3) csrrw   a1, frm, a7
core   0: 1 0x000000008000482e (0x002895f3) x11 0x0000000000000000 c2_frm 0x0000000000000000
core   0: 0x0000000080004832 (0xc0307ad3) fcvt.lu.s s5, ft0
core   0: 1 0x0000000080004832 (0xc0307ad3) c1_fflags 0x000000000000001f x21 0xffffffffffffffff
core   0: 0x0000000080004836 (0x02b6d6bb) divuw   a3, a3, a1
core   0: 1 0x0000000080004836 (0x02b6d6bb) x13 0xffffffffffffffff
core   0: 0x000000008000483a (0x00536333) or      t1, t1, t0
core   0: 1 0x000000008000483a (0x00536333) x6  0xffffffffffffffff
core   0: 0x000000008000483e (0xc218f0d3) fcvt.wu.d ra, fa7
core   0: 1 0x000000008000483e (0xc218f0d3) c1_fflags 0x000000000000001f x1  0xffffffffffffffff
core   0: 0x0000000080004842 (0x025a7c33) remu    s8, s4, t0
core   0: 1 0x0000000080004842 (0x025a7c33) x24 0xffffffffab4b4483
core   0: 0x0000000080004846 (0x424ddd93) srai    s11, s11, 36
core   0: 1 0x0000000080004846 (0x424ddd93) x27 0xffffffffffffffff
core   0: 0x000000008000484a (0x00102273) csrrs   tp, fflags, zero
core   0: 1 0x000000008000484a (0x00102273) x4  0x000000000000001f
core   0: 0x000000008000484e (0x0009d793) srli    a5, s3, 0
core   0: 1 0x000000008000484e (0x0009d793) x15 0x0000000000000000
core   0: 0x0000000080004852 (0x6649041b) addiw   s0, s2, 1636
core   0: 1 0x0000000080004852 (0x6649041b) x8  0x0000000000000663
core   0: 0x0000000080004856 (0x53b8f1cb) fnmsub.d ft3, fa7, fs11, fa0
core   0: 1 0x0000000080004856 (0x53b8f1cb) f3  0x7ff8000000000000
core   0: 0x000000008000485a (0xd21e8c53) fcvt.d.wu fs8, t4
core   0: 1 0x000000008000485a (0xd21e8c53) f24 0x0000000000000000
core   0: 0x000000008000485e (0x40ca5a33) sra     s4, s4, a2
core   0: 1 0x000000008000485e (0x40ca5a33) x20 0xffffffffab4b4483
core   0: 0x0000000080004862 (0x406104bb) subw    s1, sp, t1
core   0: 1 0x0000000080004862 (0x406104bb) x9  0xffffffff9517546d
core   0: 0x0000000080004866 (0x017600bb) addw    ra, a2, s7
core   0: 1 0x0000000080004866 (0x017600bb) x1  0x00000000701d320e
core   0: 0x000000008000486a (0x03d99033) mulh    zero, s3, t4
core   0: 1 0x000000008000486a (0x03d99033)
core   0: 0x000000008000486e (0x12187e53) fmul.d  ft8, fa6, ft1
core   0: 1 0x000000008000486e (0x12187e53) f28 0x7ff8000000000000
core   0: 0x0000000080004872 (0x0009d59b) srliw   a1, s3, 0
core   0: 1 0x0000000080004872 (0x0009d59b) x11 0x0000000000000000
core   0: 0x0000000080004876 (0xa633d0b7) lui     ra, 0xa633d
core   0: 1 0x0000000080004876 (0xa633d0b7) x1  0xffffffffa633d000
core   0: 0x000000008000487a (0x13eef853) fmul.d  fa6, ft9, ft10
core   0: 1 0x000000008000487a (0x13eef853) f16 0x43d9f2d30c000000
core   0: 0x000000008000487e (0x00000001) c.nop
core   0: 1 0x000000008000487e (0x0001)
core   0: 0x0000000080004880 (0x01315893) srli    a7, sp, 19
core   0: 1 0x0000000080004880 (0x01315893) x17 0x00000000000b72a2
core   0: 0x0000000080004884 (0x02d18bbb) mulw    s7, gp, a3
core   0: 1 0x0000000080004884 (0x02d18bbb) x23 0x0000000000000000
core   0: 0x0000000080004888 (0x003a80b3) add     ra, s5, gp
core   0: 1 0x0000000080004888 (0x003a80b3) x1  0xffffffffffffffff
core   0: 0x000000008000488c (0xc225fd53) fcvt.l.d s10, fa1
core   0: 1 0x000000008000488c (0xc225fd53) c1_fflags 0x000000000000001f x26 0x7fffffffffffffff
core   0: 0x0000000080004890 (0x0038d413) srli    s0, a7, 3
core   0: 1 0x0000000080004890 (0x0038d413) x8  0x0000000000016e54
core   0: 0x0000000080004894 (0x0166deb3) srl     t4, a3, s6
core   0: 1 0x0000000080004894 (0x0166deb3) x29 0x000001ffffffffff
core   0: 0x0000000080004898 (0x0003983b) sllw    a6, t2, zero
core   0: 1 0x0000000080004898 (0x0003983b) x16 0x0000000000000000
core   0: 0x000000008000489c (0x020562b3) rem     t0, a0, zero
core   0: 1 0x000000008000489c (0x020562b3) x5  0x0000000000000000
core   0: 0x00000000800048a0 (0x82e42113) slti    sp, s0, -2002
core   0: 1 0x00000000800048a0 (0x82e42113) x2  0x0000000000000000
core   0: 0x00000000800048a4 (0x00778db3) add     s11, a5, t2
core   0: 1 0x00000000800048a4 (0x00778db3) x27 0x0000000000000000
core   0: 0x00000000800048a8 (0xb2cf1897) auipc   a7, 0xb2cf1
core   0: 1 0x00000000800048a8 (0xb2cf1897) x17 0x0000000032cf58a8
core   0: 0x00000000800048ac (0xd2028d53) fcvt.d.w fs10, t0
core   0: 1 0x00000000800048ac (0xd2028d53) f26 0x0000000000000000
core   0: 0x00000000800048b0 (0x0272753b) remuw   a0, tp, t2
core   0: 1 0x00000000800048b0 (0x0272753b) x10 0x000000000000001f
core   0: 0x00000000800048b4 (0x410b0b3b) subw    s6, s6, a6
core   0: 1 0x00000000800048b4 (0x410b0b3b) x22 0x000000001040f657
core   0: 0x00000000800048b8 (0x00037213) andi    tp, t1, 0
core   0: 1 0x00000000800048b8 (0x00037213) x4  0x0000000000000000
core   0: 0x00000000800048bc (0x00035eb3) srl     t4, t1, zero
core   0: 1 0x00000000800048bc (0x00035eb3) x29 0xffffffffffffffff
core   0: 0x00000000800048c0 (0xab7d76c3) fmadd.d fa3, fs10, fs7, fs5
core   0: 1 0x00000000800048c0 (0xab7d76c3) f13 0x7ff8000000000000
core   0: 0x00000000800048c4 (0x03d754b3) divu    s1, a4, t4
core   0: 1 0x00000000800048c4 (0x03d754b3) x9  0x0000000000000000
core   0: 0x00000000800048c8 (0x323ff673) csrrci  a2, mhpmevent3, 31
core   0: exception trap_illegal_instruction, epc 0x00000000800048c8
core   0:           tval 0x00000000323ff673
core   0: >>>>  $xrv64i2p1_m2p0_a2p1_f2p2_d2p2_zicsr2p0_zifencei2p0_zmmul1p0_zba1p0_zbb1p0_zbc1p0_zbs1p0
core   0: 0x0000000080004000 (0x0080006f) j       pc + 0x8
core   0: 3 0x0000000080004000 (0x0080006f)
core   0: >>>>  mmode_exception_handler
core   0: 0x0000000080004008 (0x00002c17) auipc   s8, 0x2
core   0: 3 0x0000000080004008 (0x00002c17) x24 0x0000000080006008
core   0: 0x000000008000400c (0x0c8c0c13) addi    s8, s8, 200
core   0: 3 0x000000008000400c (0x0c8c0c13) x24 0x00000000800060d0
core   0: 0x0000000080004010 (0x000c00e7) jalr    s8
core   0: 3 0x0000000080004010 (0x000c00e7) x1  0x0000000080004014
core   0: >>>>  any_handler
core   0: 0x00000000800060d0 (0x341027f3) csrrs   a5, mepc, zero
core   0: 3 0x00000000800060d0 (0x341027f3) x15 0x00000000800048c8
core   0: 0x00000000800060d4 (0x34202773) csrrs   a4, mcause, zero
core   0: 3 0x00000000800060d4 (0x34202773) x14 0x0000000000000002
core   0: 0x00000000800060d8 (0x142026f3) csrrs   a3, scause, zero
core   0: 3 0x00000000800060d8 (0x142026f3) x13 0x0000000000000000
core   0: 0x00000000800060dc (0x30402673) csrrs   a2, mie, zero
core   0: 3 0x00000000800060dc (0x30402673) x12 0x0000000000000a00
core   0: 0x00000000800060e0 (0x344025f3) csrrs   a1, mip, zero
core   0: 3 0x00000000800060e0 (0x344025f3) x11 0x0000000000000080
core   0: 0x00000000800060e4 (0x343025f3) csrrs   a1, mtval, zero
core   0: 3 0x00000000800060e4 (0x343025f3) x11 0x00000000323ff673
core   0: 0x00000000800060e8 (0x14302573) csrrs   a0, stval, zero
core   0: 3 0x00000000800060e8 (0x14302573) x10 0x0000000000000000
core   0: 0x00000000800060ec (0xb02024f3) csrrs   s1, minstret, zero
core   0: 3 0x00000000800060ec (0xb02024f3) x9  0x0000000000000a9f
core   0: 0x00000000800060f0 (0x0000a811) c.j     pc + 20
core   0: 3 0x00000000800060f0 (0xa811)
core   0: >>>>  mepc_4
core   0: 0x0000000080006104 (0x00000791) c.addi  a5, 4
core   0: 3 0x0000000080006104 (0x0791) x15 0x00000000800048cc
core   0: 0x0000000080006106 (0x34179073) csrrw   zero, mepc, a5
core   0: 3 0x0000000080006106 (0x34179073) c833_mepc 0x00000000800048cc
core   0: 0x000000008000610a (0x30200073) mret
core   0: 3 0x000000008000610a (0x30200073) c768_mstatus 0x8000000a00106080
core   0: 0x00000000800048cc (0x80034c13) xori    s8, t1, -2048
core   0: 1 0x00000000800048cc (0x80034c13) x24 0x00000000000007ff
core   0: 0x00000000800048d0 (0xb46106b7) lui     a3, 0xb4610
core   0: 1 0x00000000800048d0 (0xb46106b7) x13 0xffffffffb4610000
core   0: 0x00000000800048d4 (0x40cb0b3b) subw    s6, s6, a2
core   0: 1 0x00000000800048d4 (0x40cb0b3b) x22 0x000000001040ec57
core   0: 0x00000000800048d8 (0x22b5a5d3) fsgnjx.d fa1, fa1, fa1
core   0: 1 0x00000000800048d8 (0x22b5a5d3) f11 0x7ff8000000000000
core   0: 0x00000000800048dc (0x00000001) c.nop
core   0: 1 0x00000000800048dc (0x0001)
core   0: 0x00000000800048de (0xd22c7ed3) fcvt.d.l ft9, s8
core   0: 1 0x00000000800048de (0xd22c7ed3) f29 0x409ffc0000000000
core   0: 0x00000000800048e2 (0x41cbdbb3) sra     s7, s7, t3
core   0: 1 0x00000000800048e2 (0x41cbdbb3) x23 0x0000000000000000
core   0: 0x00000000800048e6 (0xa33e89d3) fle.d   s3, ft9, fs3
core   0: 1 0x00000000800048e6 (0xa33e89d3) c1_fflags 0x000000000000001f x19 0x0000000000000000
core   0: 0x00000000800048ea (0x412d5793) srai    a5, s10, 18
core   0: 1 0x00000000800048ea (0x412d5793) x15 0x00001fffffffffff
core   0: 0x00000000800048ee (0x022cfcd3) fadd.d  fs9, fs9, ft2
core   0: 1 0x00000000800048ee (0x022cfcd3) f25 0x7ff8000000000000
core   0: 0x00000000800048f2 (0x01bcfeb3) and     t4, s9, s11
core   0: 1 0x00000000800048f2 (0x01bcfeb3) x29 0x0000000000000000
core   0: 0x00000000800048f6 (0x92f0ffcf) fnmadd.d ft11, ft1, fa5, fs2
core   0: 1 0x00000000800048f6 (0x92f0ffcf) f31 0x7ff8000000000000
core   0: 0x00000000800048fa (0x03d5cc33) div     s8, a1, t4
core   0: 1 0x00000000800048fa (0x03d5cc33) x24 0xffffffffffffffff
core   0: 0x00000000800048fe (0xc0297ad3) fcvt.l.s s5, fs2
core   0: 1 0x00000000800048fe (0xc0297ad3) c1_fflags 0x000000000000001f x21 0x7fffffffffffffff
core   0: 0x0000000080004902 (0x01359d13) slli    s10, a1, 19
core   0: 1 0x0000000080004902 (0x01359d13) x26 0x000191ffb3980000
core   0: 0x0000000080004906 (0x00f1ac37) lui     s8, 0xf1a
core   0: 1 0x0000000080004906 (0x00f1ac37) x24 0x0000000000f1a000
core   0: 0x000000008000490a (0xd99c0c1b) addiw   s8, s8, -615
core   0: 1 0x000000008000490a (0xd99c0c1b) x24 0x0000000000f19d99
core   0: 0x000000008000490e (0x00000c36) c.slli  s8, 13
core   0: 1 0x000000008000490e (0x0c36) x24 0x0000001e33b32000
core   0: 0x0000000080004910 (0x224c0c13) addi    s8, s8, 548
core   0: 1 0x0000000080004910 (0x224c0c13) x24 0x0000001e33b32224
core   0: 0x0000000080004914 (0x40875d3b) sraw    s10, a4, s0
core   0: 1 0x0000000080004914 (0x40875d3b) x26 0x0000000000000000
core   0: 0x0000000080004918 (0x02e7643b) remw    s0, a4, a4
core   0: 1 0x0000000080004918 (0x02e7643b) x8  0x0000000000000000
core   0: 0x000000008000491c (0x0bc11197) auipc   gp, 0xbc11
core   0: 1 0x000000008000491c (0x0bc11197) x3  0x000000008bc1591c
core   0: 0x0000000080004920 (0x00000001) c.nop
core   0: 1 0x0000000080004920 (0x0001)
core   0: 0x0000000080004922 (0x008106b3) add     a3, sp, s0
core   0: 1 0x0000000080004922 (0x008106b3) x13 0x0000000000000000
core   0: 0x0000000080004926 (0xb021b573) csrrc   a0, minstret, gp
core   0: exception trap_illegal_instruction, epc 0x0000000080004926
core   0:           tval 0x00000000b021b573
core   0: >>>>  $xrv64i2p1_m2p0_a2p1_f2p2_d2p2_zicsr2p0_zifencei2p0_zmmul1p0_zba1p0_zbb1p0_zbc1p0_zbs1p0
core   0: 0x0000000080004000 (0x0080006f) j       pc + 0x8
core   0: 3 0x0000000080004000 (0x0080006f)
core   0: >>>>  mmode_exception_handler
core   0: 0x0000000080004008 (0x00002c17) auipc   s8, 0x2
core   0: 3 0x0000000080004008 (0x00002c17) x24 0x0000000080006008
core   0: 0x000000008000400c (0x0c8c0c13) addi    s8, s8, 200
core   0: 3 0x000000008000400c (0x0c8c0c13) x24 0x00000000800060d0
core   0: 0x0000000080004010 (0x000c00e7) jalr    s8
core   0: 3 0x0000000080004010 (0x000c00e7) x1  0x0000000080004014
core   0: >>>>  any_handler
core   0: 0x00000000800060d0 (0x341027f3) csrrs   a5, mepc, zero
core   0: 3 0x00000000800060d0 (0x341027f3) x15 0x0000000080004926
core   0: 0x00000000800060d4 (0x34202773) csrrs   a4, mcause, zero
core   0: 3 0x00000000800060d4 (0x34202773) x14 0x0000000000000002
core   0: 0x00000000800060d8 (0x142026f3) csrrs   a3, scause, zero
core   0: 3 0x00000000800060d8 (0x142026f3) x13 0x0000000000000000
core   0: 0x00000000800060dc (0x30402673) csrrs   a2, mie, zero
core   0: 3 0x00000000800060dc (0x30402673) x12 0x0000000000000a00
core   0: 0x00000000800060e0 (0x344025f3) csrrs   a1, mip, zero
core   0: 3 0x00000000800060e0 (0x344025f3) x11 0x0000000000000080
core   0: 0x00000000800060e4 (0x343025f3) csrrs   a1, mtval, zero
core   0: 3 0x00000000800060e4 (0x343025f3) x11 0x00000000b021b573
core   0: 0x00000000800060e8 (0x14302573) csrrs   a0, stval, zero
core   0: 3 0x00000000800060e8 (0x14302573) x10 0x0000000000000000
core   0: 0x00000000800060ec (0xb02024f3) csrrs   s1, minstret, zero
core   0: 3 0x00000000800060ec (0xb02024f3) x9  0x0000000000000ac7
core   0: 0x00000000800060f0 (0x0000a811) c.j     pc + 20
core   0: 3 0x00000000800060f0 (0xa811)
core   0: >>>>  mepc_4
core   0: 0x0000000080006104 (0x00000791) c.addi  a5, 4
core   0: 3 0x0000000080006104 (0x0791) x15 0x000000008000492a
core   0: 0x0000000080006106 (0x34179073) csrrw   zero, mepc, a5
core   0: 3 0x0000000080006106 (0x34179073) c833_mepc 0x000000008000492a
core   0: 0x000000008000610a (0x30200073) mret
core   0: 3 0x000000008000610a (0x30200073) c768_mstatus 0x8000000a00106080
core   0: 0x000000008000492a (0x03408cb3) mul     s9, ra, s4
core   0: 1 0x000000008000492a (0x03408cb3) x25 0xd5a58d0db3021a3c
core   0: 0x000000008000492e (0xd572deb7) lui     t4, 0xd572d
core   0: 1 0x000000008000492e (0xd572deb7) x29 0xffffffffd572d000
core   0: 0x0000000080004932 (0xf2000c53) fmv.d.x fs8, zero
core   0: 1 0x0000000080004932 (0xf2000c53) f24 0x0000000000000000
core   0: 0x0000000080004936 (0xc04ff9f3) csrrci  s3, hpmcounter4, 31
core   0: exception trap_illegal_instruction, epc 0x0000000080004936
core   0:           tval 0x00000000c04ff9f3
core   0: >>>>  $xrv64i2p1_m2p0_a2p1_f2p2_d2p2_zicsr2p0_zifencei2p0_zmmul1p0_zba1p0_zbb1p0_zbc1p0_zbs1p0
core   0: 0x0000000080004000 (0x0080006f) j       pc + 0x8
core   0: 3 0x0000000080004000 (0x0080006f)
core   0: >>>>  mmode_exception_handler
core   0: 0x0000000080004008 (0x00002c17) auipc   s8, 0x2
core   0: 3 0x0000000080004008 (0x00002c17) x24 0x0000000080006008
core   0: 0x000000008000400c (0x0c8c0c13) addi    s8, s8, 200
core   0: 3 0x000000008000400c (0x0c8c0c13) x24 0x00000000800060d0
core   0: 0x0000000080004010 (0x000c00e7) jalr    s8
core   0: 3 0x0000000080004010 (0x000c00e7) x1  0x0000000080004014
core   0: >>>>  any_handler
core   0: 0x00000000800060d0 (0x341027f3) csrrs   a5, mepc, zero
core   0: 3 0x00000000800060d0 (0x341027f3) x15 0x0000000080004936
core   0: 0x00000000800060d4 (0x34202773) csrrs   a4, mcause, zero
core   0: 3 0x00000000800060d4 (0x34202773) x14 0x0000000000000002
core   0: 0x00000000800060d8 (0x142026f3) csrrs   a3, scause, zero
core   0: 3 0x00000000800060d8 (0x142026f3) x13 0x0000000000000000
core   0: 0x00000000800060dc (0x30402673) csrrs   a2, mie, zero
core   0: 3 0x00000000800060dc (0x30402673) x12 0x0000000000000a00
core   0: 0x00000000800060e0 (0x344025f3) csrrs   a1, mip, zero
core   0: 3 0x00000000800060e0 (0x344025f3) x11 0x0000000000000080
core   0: 0x00000000800060e4 (0x343025f3) csrrs   a1, mtval, zero
core   0: 3 0x00000000800060e4 (0x343025f3) x11 0x00000000c04ff9f3
core   0: 0x00000000800060e8 (0x14302573) csrrs   a0, stval, zero
core   0: 3 0x00000000800060e8 (0x14302573) x10 0x0000000000000000
core   0: 0x00000000800060ec (0xb02024f3) csrrs   s1, minstret, zero
core   0: 3 0x00000000800060ec (0xb02024f3) x9  0x0000000000000ada
core   0: 0x00000000800060f0 (0x0000a811) c.j     pc + 20
core   0: 3 0x00000000800060f0 (0xa811)
core   0: >>>>  mepc_4
core   0: 0x0000000080006104 (0x00000791) c.addi  a5, 4
core   0: 3 0x0000000080006104 (0x0791) x15 0x000000008000493a
core   0: 0x0000000080006106 (0x34179073) csrrw   zero, mepc, a5
core   0: 3 0x0000000080006106 (0x34179073) c833_mepc 0x000000008000493a
core   0: 0x000000008000610a (0x30200073) mret
core   0: 3 0x000000008000610a (0x30200073) c768_mstatus 0x8000000a00106080
core   0: 0x000000008000493a (0x0354e93b) remw    s2, s1, s5
core   0: 1 0x000000008000493a (0x0354e93b) x18 0x0000000000000000
core   0: 0x000000008000493e (0x00e5e6b3) or      a3, a1, a4
core   0: 1 0x000000008000493e (0x00e5e6b3) x13 0x00000000c04ff9f3
core   0: 0x0000000080004942 (0x400e539b) sraiw   t2, t3, 0
core   0: 1 0x0000000080004942 (0x400e539b) x7  0x0000000000000000
core   0: 0x0000000080004946 (0x012d9a93) slli    s5, s11, 18
core   0: 1 0x0000000080004946 (0x012d9a93) x21 0x0000000000000000
core   0: 0x000000008000494a (0x40105393) srai    t2, zero, 1
core   0: 1 0x000000008000494a (0x40105393) x7  0x0000000000000000
core   0: 0x000000008000494e (0x42030353) fcvt.d.s ft6, ft6
core   0: 1 0x000000008000494e (0x42030353) f6  0x7ff8000000000000
core   0: 0x0000000080004952 (0x41535db3) sra     s11, t1, s5
core   0: 1 0x0000000080004952 (0x41535db3) x27 0xffffffffffffffff
core   0: 0x0000000080004956 (0x0000327d) c.addiw tp, -1
core   0: 1 0x0000000080004956 (0x327d) x4  0xffffffffffffffff
core   0: 0x0000000080004958 (0xc235f5d3) fcvt.lu.d a1, fa1
core   0: 1 0x0000000080004958 (0xc235f5d3) c1_fflags 0x000000000000001f x11 0xffffffffffffffff
core   0: 0x000000008000495c (0x0025d933) srl     s2, a1, sp
core   0: 1 0x000000008000495c (0x0025d933) x18 0xffffffffffffffff
core   0: 0x0000000080004960 (0x420b0b53) fcvt.d.s fs6, fs6
core   0: 1 0x0000000080004960 (0x420b0b53) f22 0x7ff8000000000000
core   0: 0x0000000080004964 (0x41a80bb3) sub     s7, a6, s10
core   0: 1 0x0000000080004964 (0x41a80bb3) x23 0x0000000000000000
core   0: 0x0000000080004968 (0xc03371d3) fcvt.lu.s gp, ft6
core   0: 1 0x0000000080004968 (0xc03371d3) c1_fflags 0x000000000000001f x3  0xffffffffffffffff
core   0: 0x000000008000496c (0x02b37ed3) fadd.d  ft9, ft6, fa1
core   0: 1 0x000000008000496c (0x02b37ed3) f29 0x7ff8000000000000
core   0: 0x0000000080004970 (0x01304c33) xor     s8, zero, s3
core   0: 1 0x0000000080004970 (0x01304c33) x24 0x0000000000000000
core   0: 0x0000000080004974 (0x40c90abb) subw    s5, s2, a2
core   0: 1 0x0000000080004974 (0x40c90abb) x21 0xfffffffffffff5ff
core   0: 0x0000000080004978 (0x00202c73) csrrs   s8, frm, zero
core   0: 1 0x0000000080004978 (0x00202c73) x24 0x0000000000000000
core   0: 0x000000008000497c (0x2b339ad3) fmax.d  fs5, ft7, fs3
core   0: 1 0x000000008000497c (0x2b339ad3) f21 0x7ff8000000000000
core   0: 0x0000000080004980 (0xd23ef853) fcvt.d.lu fa6, t4
core   0: 1 0x0000000080004980 (0xd23ef853) f16 0x43effffffffaae5a
core   0: 0x0000000080004984 (0x0ff0000f) fence   iorw,iorw
core   0: 1 0x0000000080004984 (0x0ff0000f)
core   0: 0x0000000080004988 (0x02cb863b) mulw    a2, s7, a2
core   0: 1 0x0000000080004988 (0x02cb863b) x12 0x0000000000000000
core   0: 0x000000008000498c (0x0ff0000f) fence   iorw,iorw
core   0: 1 0x000000008000498c (0x0ff0000f)
core   0: 0x0000000080004990 (0x00a0d0b3) srl     ra, ra, a0
core   0: 1 0x0000000080004990 (0x00a0d0b3) x1  0x0000000080004014
core   0: 0x0000000080004994 (0x0134adb3) slt     s11, s1, s3
core   0: 1 0x0000000080004994 (0x0134adb3) x27 0x0000000000000000
core   0: 0x0000000080004998 (0x7ff80913) addi    s2, a6, 2047
core   0: 1 0x0000000080004998 (0x7ff80913) x18 0x00000000000007ff
core   0: 0x000000008000499c (0x009191bb) sllw    gp, gp, s1
core   0: 1 0x000000008000499c (0x009191bb) x3  0xfffffffffc000000
core   0: 0x00000000800049a0 (0xe2058053) fmv.x.d zero, fa1
core   0: 1 0x00000000800049a0 (0xe2058053)
core   0: 0x00000000800049a4 (0x001013f3) csrrw   t2, fflags, zero
core   0: 1 0x00000000800049a4 (0x001013f3) x7  0x000000000000001f c1_fflags 0x0000000000000000
core   0: 0x00000000800049a8 (0xc23875d3) fcvt.lu.d a1, fa6
core   0: 1 0x00000000800049a8 (0xc23875d3) x11 0xffffffffd572d000
core   0: 0x00000000800049ac (0x000ecab3) xor     s5, t4, zero
core   0: 1 0x00000000800049ac (0x000ecab3) x21 0xffffffffd572d000
core   0: 0x00000000800049b0 (0xf2058353) fmv.d.x ft6, a1
core   0: 1 0x00000000800049b0 (0xf2058353) f6  0xffffffffd572d000
core   0: 0x00000000800049b4 (0xb272f893) andi    a7, t0, -1241
core   0: 1 0x00000000800049b4 (0xb272f893) x17 0x0000000000000000
core   0: 0x00000000800049b8 (0xee9a861b) addiw   a2, s5, -279
core   0: 1 0x00000000800049b8 (0xee9a861b) x12 0xffffffffd572cee9
core   0: 0x00000000800049bc (0x41a1013b) subw    sp, sp, s10
core   0: 1 0x00000000800049bc (0x41a1013b) x2  0x0000000000000000
core   0: 0x00000000800049c0 (0x02f736b3) mulhu   a3, a4, a5
core   0: 1 0x00000000800049c0 (0x02f736b3) x13 0x0000000000000000
core   0: 0x00000000800049c4 (0xa316849b) addiw   s1, a3, -1487
core   0: 1 0x00000000800049c4 (0xa316849b) x9  0xfffffffffffffa31
core   0: 0x00000000800049c8 (0x6a6cfcc7) fmsub.d fs9, fs9, ft6, fa3
core   0: 1 0x00000000800049c8 (0x6a6cfcc7) f25 0x7ff8000000000000
core   0: 0x00000000800049cc (0x435bdb93) srai    s7, s7, 53
core   0: 1 0x00000000800049cc (0x435bdb93) x23 0x0000000000000000
core   0: 0x00000000800049d0 (0x0b83c893) xori    a7, t2, 184
core   0: 1 0x00000000800049d0 (0x0b83c893) x17 0x00000000000000a7
core   0: 0x00000000800049d4 (0x40ced29b) sraiw   t0, t4, 12
core   0: 1 0x00000000800049d4 (0x40ced29b) x5  0xfffffffffffd572d
core   0: 0x00000000800049d8 (0x92b374c3) fmadd.d fs1, ft6, fa1, fs2
core   0: 1 0x00000000800049d8 (0x92b374c3) f9  0x7ff8000000000000
core   0: 0x00000000800049dc (0x023772b3) remu    t0, a4, gp
core   0: 1 0x00000000800049dc (0x023772b3) x5  0x0000000000000002
core   0: 0x00000000800049e0 (0x230508d3) fsgnj.d fa7, fa0, fa6
core   0: 1 0x00000000800049e0 (0x230508d3) f17 0x0000000000000000
core   0: 0x00000000800049e4 (0x00202d33) slt     s10, zero, sp
core   0: 1 0x00000000800049e4 (0x00202d33) x26 0x0000000000000000
core   0: 0x00000000800049e8 (0x00000001) c.nop
core   0: 1 0x00000000800049e8 (0x0001)
core   0: 0x00000000800049ea (0x7ff2091b) addiw   s2, tp, 2047
core   0: 1 0x00000000800049ea (0x7ff2091b) x18 0x00000000000007fe
core   0: 0x00000000800049ee (0x320d10f3) csrrw   ra, mcountinhibit, s10
core   0: exception trap_illegal_instruction, epc 0x00000000800049ee
core   0:           tval 0x00000000320d10f3
core   0: >>>>  $xrv64i2p1_m2p0_a2p1_f2p2_d2p2_zicsr2p0_zifencei2p0_zmmul1p0_zba1p0_zbb1p0_zbc1p0_zbs1p0
core   0: 0x0000000080004000 (0x0080006f) j       pc + 0x8
core   0: 3 0x0000000080004000 (0x0080006f)
core   0: >>>>  mmode_exception_handler
core   0: 0x0000000080004008 (0x00002c17) auipc   s8, 0x2
core   0: 3 0x0000000080004008 (0x00002c17) x24 0x0000000080006008
core   0: 0x000000008000400c (0x0c8c0c13) addi    s8, s8, 200
core   0: 3 0x000000008000400c (0x0c8c0c13) x24 0x00000000800060d0
core   0: 0x0000000080004010 (0x000c00e7) jalr    s8
core   0: 3 0x0000000080004010 (0x000c00e7) x1  0x0000000080004014
core   0: >>>>  any_handler
core   0: 0x00000000800060d0 (0x341027f3) csrrs   a5, mepc, zero
core   0: 3 0x00000000800060d0 (0x341027f3) x15 0x00000000800049ee
core   0: 0x00000000800060d4 (0x34202773) csrrs   a4, mcause, zero
core   0: 3 0x00000000800060d4 (0x34202773) x14 0x0000000000000002
core   0: 0x00000000800060d8 (0x142026f3) csrrs   a3, scause, zero
core   0: 3 0x00000000800060d8 (0x142026f3) x13 0x0000000000000000
core   0: 0x00000000800060dc (0x30402673) csrrs   a2, mie, zero
core   0: 3 0x00000000800060dc (0x30402673) x12 0x0000000000000a00
core   0: 0x00000000800060e0 (0x344025f3) csrrs   a1, mip, zero
core   0: 3 0x00000000800060e0 (0x344025f3) x11 0x0000000000000080
core   0: 0x00000000800060e4 (0x343025f3) csrrs   a1, mtval, zero
core   0: 3 0x00000000800060e4 (0x343025f3) x11 0x00000000320d10f3
core   0: 0x00000000800060e8 (0x14302573) csrrs   a0, stval, zero
core   0: 3 0x00000000800060e8 (0x14302573) x10 0x0000000000000000
core   0: 0x00000000800060ec (0xb02024f3) csrrs   s1, minstret, zero
core   0: 3 0x00000000800060ec (0xb02024f3) x9  0x0000000000000b18
core   0: 0x00000000800060f0 (0x0000a811) c.j     pc + 20
core   0: 3 0x00000000800060f0 (0xa811)
core   0: >>>>  mepc_4
core   0: 0x0000000080006104 (0x00000791) c.addi  a5, 4
core   0: 3 0x0000000080006104 (0x0791) x15 0x00000000800049f2
core   0: 0x0000000080006106 (0x34179073) csrrw   zero, mepc, a5
core   0: 3 0x0000000080006106 (0x34179073) c833_mepc 0x00000000800049f2
core   0: 0x000000008000610a (0x30200073) mret
core   0: 3 0x000000008000610a (0x30200073) c768_mstatus 0x8000000a00106080
core   0: 0x00000000800049f2 (0x00000166) c.slli  sp, 25
core   0: 1 0x00000000800049f2 (0x0166) x2  0x0000000000000000
core   0: 0x00000000800049f4 (0x0ba07053) fsub.d  ft0, ft0, fs10
core   0: 1 0x00000000800049f4 (0x0ba07053) f0  0x7ff8000000000000
core   0: 0x00000000800049f8 (0x0237f533) remu    a0, a5, gp
core   0: 1 0x00000000800049f8 (0x0237f533) x10 0x00000000800049f2
core   0: 0x00000000800049fc (0xf121dd73) csrrwi  s10, marchid, 3
core   0: exception trap_illegal_instruction, epc 0x00000000800049fc
core   0:           tval 0x00000000f121dd73
core   0: >>>>  $xrv64i2p1_m2p0_a2p1_f2p2_d2p2_zicsr2p0_zifencei2p0_zmmul1p0_zba1p0_zbb1p0_zbc1p0_zbs1p0
core   0: 0x0000000080004000 (0x0080006f) j       pc + 0x8
core   0: 3 0x0000000080004000 (0x0080006f)
core   0: >>>>  mmode_exception_handler
core   0: 0x0000000080004008 (0x00002c17) auipc   s8, 0x2
core   0: 3 0x0000000080004008 (0x00002c17) x24 0x0000000080006008
core   0: 0x000000008000400c (0x0c8c0c13) addi    s8, s8, 200
core   0: 3 0x000000008000400c (0x0c8c0c13) x24 0x00000000800060d0
core   0: 0x0000000080004010 (0x000c00e7) jalr    s8
core   0: 3 0x0000000080004010 (0x000c00e7) x1  0x0000000080004014
core   0: >>>>  any_handler
core   0: 0x00000000800060d0 (0x341027f3) csrrs   a5, mepc, zero
core   0: 3 0x00000000800060d0 (0x341027f3) x15 0x00000000800049fc
core   0: 0x00000000800060d4 (0x34202773) csrrs   a4, mcause, zero
core   0: 3 0x00000000800060d4 (0x34202773) x14 0x0000000000000002
core   0: 0x00000000800060d8 (0x142026f3) csrrs   a3, scause, zero
core   0: 3 0x00000000800060d8 (0x142026f3) x13 0x0000000000000000
core   0: 0x00000000800060dc (0x30402673) csrrs   a2, mie, zero
core   0: 3 0x00000000800060dc (0x30402673) x12 0x0000000000000a00
core   0: 0x00000000800060e0 (0x344025f3) csrrs   a1, mip, zero
core   0: 3 0x00000000800060e0 (0x344025f3) x11 0x0000000000000080
core   0: 0x00000000800060e4 (0x343025f3) csrrs   a1, mtval, zero
core   0: 3 0x00000000800060e4 (0x343025f3) x11 0x00000000f121dd73
core   0: 0x00000000800060e8 (0x14302573) csrrs   a0, stval, zero
core   0: 3 0x00000000800060e8 (0x14302573) x10 0x0000000000000000
core   0: 0x00000000800060ec (0xb02024f3) csrrs   s1, minstret, zero
core   0: 3 0x00000000800060ec (0xb02024f3) x9  0x0000000000000b2b
core   0: 0x00000000800060f0 (0x0000a811) c.j     pc + 20
core   0: 3 0x00000000800060f0 (0xa811)
core   0: >>>>  mepc_4
core   0: 0x0000000080006104 (0x00000791) c.addi  a5, 4
core   0: 3 0x0000000080006104 (0x0791) x15 0x0000000080004a00
core   0: 0x0000000080006106 (0x34179073) csrrw   zero, mepc, a5
core   0: 3 0x0000000080006106 (0x34179073) c833_mepc 0x0000000080004a00
core   0: 0x000000008000610a (0x30200073) mret
core   0: 3 0x000000008000610a (0x30200073) c768_mstatus 0x8000000a00106080
core   0: 0x0000000080004a00 (0x01c09eb3) sll     t4, ra, t3
core   0: 1 0x0000000080004a00 (0x01c09eb3) x29 0x0000000080004014
core   0: 0x0000000080004a04 (0x320197f3) csrrw   a5, mcountinhibit, gp
core   0: exception trap_illegal_instruction, epc 0x0000000080004a04
core   0:           tval 0x00000000320197f3
core   0: >>>>  $xrv64i2p1_m2p0_a2p1_f2p2_d2p2_zicsr2p0_zifencei2p0_zmmul1p0_zba1p0_zbb1p0_zbc1p0_zbs1p0
core   0: 0x0000000080004000 (0x0080006f) j       pc + 0x8
core   0: 3 0x0000000080004000 (0x0080006f)
core   0: >>>>  mmode_exception_handler
core   0: 0x0000000080004008 (0x00002c17) auipc   s8, 0x2
core   0: 3 0x0000000080004008 (0x00002c17) x24 0x0000000080006008
core   0: 0x000000008000400c (0x0c8c0c13) addi    s8, s8, 200
core   0: 3 0x000000008000400c (0x0c8c0c13) x24 0x00000000800060d0
core   0: 0x0000000080004010 (0x000c00e7) jalr    s8
core   0: 3 0x0000000080004010 (0x000c00e7) x1  0x0000000080004014
core   0: >>>>  any_handler
core   0: 0x00000000800060d0 (0x341027f3) csrrs   a5, mepc, zero
core   0: 3 0x00000000800060d0 (0x341027f3) x15 0x0000000080004a04
core   0: 0x00000000800060d4 (0x34202773) csrrs   a4, mcause, zero
core   0: 3 0x00000000800060d4 (0x34202773) x14 0x0000000000000002
core   0: 0x00000000800060d8 (0x142026f3) csrrs   a3, scause, zero
core   0: 3 0x00000000800060d8 (0x142026f3) x13 0x0000000000000000
core   0: 0x00000000800060dc (0x30402673) csrrs   a2, mie, zero
core   0: 3 0x00000000800060dc (0x30402673) x12 0x0000000000000a00
core   0: 0x00000000800060e0 (0x344025f3) csrrs   a1, mip, zero
core   0: 3 0x00000000800060e0 (0x344025f3) x11 0x0000000000000080
core   0: 0x00000000800060e4 (0x343025f3) csrrs   a1, mtval, zero
core   0: 3 0x00000000800060e4 (0x343025f3) x11 0x00000000320197f3
core   0: 0x00000000800060e8 (0x14302573) csrrs   a0, stval, zero
core   0: 3 0x00000000800060e8 (0x14302573) x10 0x0000000000000000
core   0: 0x00000000800060ec (0xb02024f3) csrrs   s1, minstret, zero
core   0: 3 0x00000000800060ec (0xb02024f3) x9  0x0000000000000b3c
core   0: 0x00000000800060f0 (0x0000a811) c.j     pc + 20
core   0: 3 0x00000000800060f0 (0xa811)
core   0: >>>>  mepc_4
core   0: 0x0000000080006104 (0x00000791) c.addi  a5, 4
core   0: 3 0x0000000080006104 (0x0791) x15 0x0000000080004a08
core   0: 0x0000000080006106 (0x34179073) csrrw   zero, mepc, a5
core   0: 3 0x0000000080006106 (0x34179073) c833_mepc 0x0000000080004a08
core   0: 0x000000008000610a (0x30200073) mret
core   0: 3 0x000000008000610a (0x30200073) c768_mstatus 0x8000000a00106080
core   0: 0x0000000080004a08 (0x0250cdb3) div     s11, ra, t0
core   0: 1 0x0000000080004a08 (0x0250cdb3) x27 0x000000004000200a
core   0: 0x0000000080004a0c (0x430ddc13) srai    s8, s11, 48
core   0: 1 0x0000000080004a0c (0x430ddc13) x24 0x0000000000000000
core   0: 0x0000000080004a10 (0x2bd187d3) fmin.d  fa5, ft3, ft9
core   0: 1 0x0000000080004a10 (0x2bd187d3) f15 0x7ff8000000000000
core   0: 0x0000000080004a14 (0x036d1b33) mulh    s6, s10, s6
core   0: 1 0x0000000080004a14 (0x036d1b33) x22 0x0000000000000000
core   0: 0x0000000080004a18 (0x73b7f04f) fnmadd.d ft0, fa5, fs11, fa4
core   0: 1 0x0000000080004a18 (0x73b7f04f) f0  0x7ff8000000000000
core   0: 0x0000000080004a1c (0x124efed3) fmul.d  ft9, ft9, ft4
core   0: 1 0x0000000080004a1c (0x124efed3) f29 0x7ff8000000000000
core   0: 0x0000000080004a20 (0xd0307453) fcvt.s.lu fs0, zero
core   0: 1 0x0000000080004a20 (0xd0307453) f8  0xffffffff00000000
core   0: 0x0000000080004a24 (0x00061993) slli    s3, a2, 0
core   0: 1 0x0000000080004a24 (0x00061993) x19 0x0000000000000a00
core   0: 0x0000000080004a28 (0x03547653) fadd.d  fa2, fs0, fs5
core   0: 1 0x0000000080004a28 (0x03547653) f12 0x7ff8000000000000
core   0: 0x0000000080004a2c (0x032d9db3) mulh    s11, s11, s2
core   0: 1 0x0000000080004a2c (0x032d9db3) x27 0x0000000000000000
core   0: 0x0000000080004a30 (0x0bb90913) addi    s2, s2, 187
core   0: 1 0x0000000080004a30 (0x0bb90913) x18 0x00000000000008b9
core   0: 0x0000000080004a34 (0x02c940b3) div     ra, s2, a2
core   0: 1 0x0000000080004a34 (0x02c940b3) x1  0x0000000000000000
core   0: 0x0000000080004a38 (0x401a7f53) fcvt.s.d ft10, fs4
core   0: 1 0x0000000080004a38 (0x401a7f53) f30 0xffffffff7fc00000
core   0: 0x0000000080004a3c (0x5a077cd3) fsqrt.d fs9, fa4
core   0: 1 0x0000000080004a3c (0x5a077cd3) f25 0x7ff8000000000000
core   0: 0x0000000080004a40 (0x14307473) csrrci  s0, stval, 0
core   0: 1 0x0000000080004a40 (0x14307473) x8  0x0000000000000000
core   0: 0x0000000080004a44 (0x80bb6713) ori     a4, s6, -2037
core   0: 1 0x0000000080004a44 (0x80bb6713) x14 0xfffffffffffff80b
core   0: 0x0000000080004a48 (0x0026d233) srl     tp, a3, sp
core   0: 1 0x0000000080004a48 (0x0026d233) x4  0x0000000000000000
core   0: 0x0000000080004a4c (0xc23f7853) fcvt.lu.d a6, ft10
core   0: 1 0x0000000080004a4c (0xc23f7853) c1_fflags 0x0000000000000010 x16 0xffffffffffffffff
core   0: 0x0000000080004a50 (0x22e407d3) fsgnj.d fa5, fs0, fa4
core   0: 1 0x0000000080004a50 (0x22e407d3) f15 0x7fffffff00000000
core   0: 0x0000000080004a54 (0x128cf9d3) fmul.d  fs3, fs9, fs0
core   0: 1 0x0000000080004a54 (0x128cf9d3) f19 0x7ff8000000000000
core   0: 0x0000000080004a58 (0x0386f6bb) remuw   a3, a3, s8
core   0: 1 0x0000000080004a58 (0x0386f6bb) x13 0x0000000000000000
core   0: 0x0000000080004a5c (0x02d2583b) divuw   a6, tp, a3
core   0: 1 0x0000000080004a5c (0x02d2583b) x16 0xffffffffffffffff
core   0: 0x0000000080004a60 (0x4030d1bb) sraw    gp, ra, gp
core   0: 1 0x0000000080004a60 (0x4030d1bb) x3  0x0000000000000000
core   0: 0x0000000080004a64 (0x80096013) prefetch.i -2048(s2)
core   0: 1 0x0000000080004a64 (0x80096013)
core   0: 0x0000000080004a68 (0xd0317ed3) fcvt.s.lu ft9, sp
core   0: 1 0x0000000080004a68 (0xd0317ed3) f29 0xffffffff00000000
core   0: 0x0000000080004a6c (0x1b3a73d3) fdiv.d  ft7, fs4, fs3
core   0: 1 0x0000000080004a6c (0x1b3a73d3) f7  0x7ff8000000000000
core   0: 0x0000000080004a70 (0x00000001) c.nop
core   0: 1 0x0000000080004a70 (0x0001)
core   0: 0x0000000080004a72 (0x2a760cd3) fmin.d  fs9, fa2, ft7
core   0: 1 0x0000000080004a72 (0x2a760cd3) f25 0x7ff8000000000000
core   0: 0x0000000080004a76 (0xd39c7147) fmsub.d ft2, fs8, fs9, fs10
core   0: 1 0x0000000080004a76 (0xd39c7147) f2  0x7ff8000000000000
core   0: 0x0000000080004a7a (0x0124dc3b) srlw    s8, s1, s2
core   0: 1 0x0000000080004a7a (0x0124dc3b) x24 0x0000000000000000
core   0: 0x0000000080004a7e (0xcbb7f84b) fnmsub.d fa6, fa5, fs11, fs9
core   0: 1 0x0000000080004a7e (0xcbb7f84b) f16 0x7ff8000000000000
core   0: 0x0000000080004a82 (0x039c7233) remu    tp, s8, s9
core   0: 1 0x0000000080004a82 (0x039c7233) x4  0x0000000000000000
core   0: 0x0000000080004a86 (0x020c2033) mulhsu  zero, s8, zero
core   0: 1 0x0000000080004a86 (0x020c2033)
core   0: 0x0000000080004a8a (0xc0217cd3) fcvt.l.s s9, ft2
core   0: 1 0x0000000080004a8a (0xc0217cd3) c1_fflags 0x0000000000000010 x25 0x7fffffffffffffff
core   0: 0x0000000080004a8e (0x22211cd3) fsgnjn.d fs9, ft2, ft2
core   0: 1 0x0000000080004a8e (0x22211cd3) f25 0xfff8000000000000
core   0: 0x0000000080004a92 (0x034ef333) remu    t1, t4, s4
core   0: 1 0x0000000080004a92 (0x034ef333) x6  0x0000000080004014
core   0: 0x0000000080004a96 (0x03b4bdb3) mulhu   s11, s1, s11
core   0: 1 0x0000000080004a96 (0x03b4bdb3) x27 0x0000000000000000
core   0: 0x0000000080004a9a (0x022bf2b3) remu    t0, s7, sp
core   0: 1 0x0000000080004a9a (0x022bf2b3) x5  0x0000000000000000
core   0: 0x0000000080004a9e (0x014889bb) addw    s3, a7, s4
core   0: 1 0x0000000080004a9e (0x014889bb) x19 0xffffffffab4b452a
core   0: 0x0000000080004aa2 (0x009e5a93) srli    s5, t3, 9
core   0: 1 0x0000000080004aa2 (0x009e5a93) x21 0x0000000000000000
core   0: 0x0000000080004aa6 (0xaaab74cf) fnmadd.d fs1, fs6, fa0, fs5
core   0: 1 0x0000000080004aa6 (0xaaab74cf) f9  0x7ff8000000000000
core   0: 0x0000000080004aaa (0xd21407d3) fcvt.d.wu fa5, s0
core   0: 1 0x0000000080004aaa (0xd21407d3) f15 0x0000000000000000
core   0: 0x0000000080004aae (0x00cb5d9b) srliw   s11, s6, 12
core   0: 1 0x0000000080004aae (0x00cb5d9b) x27 0x0000000000000000
core   0: 0x0000000080004ab2 (0x5a08fa53) fsqrt.d fs4, fa7
core   0: 1 0x0000000080004ab2 (0x5a08fa53) f20 0x0000000000000000
core   0: 0x0000000080004ab6 (0x0393b133) mulhu   sp, t2, s9
core   0: 1 0x0000000080004ab6 (0x0393b133) x2  0x000000000000000f
core   0: 0x0000000080004aba (0x13def3d3) fmul.d  ft7, ft9, ft9
core   0: 1 0x0000000080004aba (0x13def3d3) f7  0x7ff8000000000000
core   0: 0x0000000080004abe (0x5453f393) andi    t2, t2, 1349
core   0: 1 0x0000000080004abe (0x5453f393) x7  0x0000000000000005
core   0: 0x0000000080004ac2 (0x002b17f3) csrrw   a5, frm, s6
core   0: 1 0x0000000080004ac2 (0x002b17f3) x15 0x0000000000000000 c2_frm 0x0000000000000000
core   0: 0x0000000080004ac6 (0x000011fa) c.slli  gp, 62
core   0: 1 0x0000000080004ac6 (0x11fa) x3  0x0000000000000000
core   0: 0x0000000080004ac8 (0x7ff06a13) ori     s4, zero, 2047
core   0: 1 0x0000000080004ac8 (0x7ff06a13) x20 0x00000000000007ff
core   0: 0x0000000080004acc (0x2272a6d3) fsgnjx.d fa3, ft5, ft7
core   0: 1 0x0000000080004acc (0x2272a6d3) f13 0x7ff8000000000000
core   0: 0x0000000080004ad0 (0xbf826213) ori     tp, tp, -1032
core   0: 1 0x0000000080004ad0 (0xbf826213) x4  0xfffffffffffffbf8
core   0: 0x0000000080004ad4 (0x95a9d097) auipc   ra, 0x95a9d
core   0: 1 0x0000000080004ad4 (0x95a9d097) x1  0x0000000015aa1ad4
core   0: 0x0000000080004ad8 (0x02108db3) mul     s11, ra, ra
core   0: 1 0x0000000080004ad8 (0x02108db3) x27 0x01d5596e6c5fbf90
core   0: 0x0000000080004adc (0x9ab17c13) andi    s8, sp, -1621
core   0: 1 0x0000000080004adc (0x9ab17c13) x24 0x000000000000000b
core   0: 0x0000000080004ae0 (0xfcee6db7) lui     s11, 0xfcee6
core   0: 1 0x0000000080004ae0 (0xfcee6db7) x27 0xfffffffffcee6000
core   0: 0x0000000080004ae4 (0xc71d8d9b) addiw   s11, s11, -911
core   0: 1 0x0000000080004ae4 (0xc71d8d9b) x27 0xfffffffffcee5c71
core   0: 0x0000000080004ae8 (0x00000db2) c.slli  s11, 12
core   0: 1 0x0000000080004ae8 (0x0db2) x27 0xffffffcee5c71000
core   0: 0x0000000080004aea (0x264d8d93) addi    s11, s11, 612
core   0: 1 0x0000000080004aea (0x264d8d93) x27 0xffffffcee5c71264
core   0: 0x0000000080004aee (0x4000d79b) sraiw   a5, ra, 0
core   0: 1 0x0000000080004aee (0x4000d79b) x15 0x0000000015aa1ad4
core   0: 0x0000000080004af2 (0x026a1a33) mulh    s4, s4, t1
core   0: 1 0x0000000080004af2 (0x026a1a33) x20 0x0000000000000000
core   0: 0x0000000080004af6 (0xf113b3f3) csrrc   t2, mvendorid, t2
core   0: exception trap_illegal_instruction, epc 0x0000000080004af6
core   0:           tval 0x00000000f113b3f3
core   0: >>>>  $xrv64i2p1_m2p0_a2p1_f2p2_d2p2_zicsr2p0_zifencei2p0_zmmul1p0_zba1p0_zbb1p0_zbc1p0_zbs1p0
core   0: 0x0000000080004000 (0x0080006f) j       pc + 0x8
core   0: 3 0x0000000080004000 (0x0080006f)
core   0: >>>>  mmode_exception_handler
core   0: 0x0000000080004008 (0x00002c17) auipc   s8, 0x2
core   0: 3 0x0000000080004008 (0x00002c17) x24 0x0000000080006008
core   0: 0x000000008000400c (0x0c8c0c13) addi    s8, s8, 200
core   0: 3 0x000000008000400c (0x0c8c0c13) x24 0x00000000800060d0
core   0: 0x0000000080004010 (0x000c00e7) jalr    s8
core   0: 3 0x0000000080004010 (0x000c00e7) x1  0x0000000080004014
core   0: >>>>  any_handler
core   0: 0x00000000800060d0 (0x341027f3) csrrs   a5, mepc, zero
core   0: 3 0x00000000800060d0 (0x341027f3) x15 0x0000000080004af6
core   0: 0x00000000800060d4 (0x34202773) csrrs   a4, mcause, zero
core   0: 3 0x00000000800060d4 (0x34202773) x14 0x0000000000000002
core   0: 0x00000000800060d8 (0x142026f3) csrrs   a3, scause, zero
core   0: 3 0x00000000800060d8 (0x142026f3) x13 0x0000000000000000
core   0: 0x00000000800060dc (0x30402673) csrrs   a2, mie, zero
core   0: 3 0x00000000800060dc (0x30402673) x12 0x0000000000000a00
core   0: 0x00000000800060e0 (0x344025f3) csrrs   a1, mip, zero
core   0: 3 0x00000000800060e0 (0x344025f3) x11 0x0000000000000080
core   0: 0x00000000800060e4 (0x343025f3) csrrs   a1, mtval, zero
core   0: 3 0x00000000800060e4 (0x343025f3) x11 0x00000000f113b3f3
core   0: 0x00000000800060e8 (0x14302573) csrrs   a0, stval, zero
core   0: 3 0x00000000800060e8 (0x14302573) x10 0x0000000000000000
core   0: 0x00000000800060ec (0xb02024f3) csrrs   s1, minstret, zero
core   0: 3 0x00000000800060ec (0xb02024f3) x9  0x0000000000000b89
core   0: 0x00000000800060f0 (0x0000a811) c.j     pc + 20
core   0: 3 0x00000000800060f0 (0xa811)
core   0: >>>>  mepc_4
core   0: 0x0000000080006104 (0x00000791) c.addi  a5, 4
core   0: 3 0x0000000080006104 (0x0791) x15 0x0000000080004afa
core   0: 0x0000000080006106 (0x34179073) csrrw   zero, mepc, a5
core   0: 3 0x0000000080006106 (0x34179073) c833_mepc 0x0000000080004afa
core   0: 0x000000008000610a (0x30200073) mret
core   0: 3 0x000000008000610a (0x30200073) c768_mstatus 0x8000000a00106080
core   0: 0x0000000080004afa (0x038c553b) divuw   a0, s8, s8
core   0: 1 0x0000000080004afa (0x038c553b) x10 0x0000000000000001
core   0: 0x0000000080004afe (0x001c119b) slliw   gp, s8, 1
core   0: 1 0x0000000080004afe (0x001c119b) x3  0x000000000000c1a0
core   0: 0x0000000080004b02 (0x0ad271cf) fnmadd.d ft3, ft4, fa3, ft1
core   0: 1 0x0000000080004b02 (0x0ad271cf) f3  0x7ff8000000000000
core   0: 0x0000000080004b06 (0x0254c63b) divw    a2, s1, t0
core   0: 1 0x0000000080004b06 (0x0254c63b) x12 0xffffffffffffffff
core   0: 0x0000000080004b0a (0x0ff0000f) fence   iorw,iorw
core   0: 1 0x0000000080004b0a (0x0ff0000f)
core   0: 0x0000000080004b0e (0x03e82ab7) lui     s5, 0x3e82
core   0: 1 0x0000000080004b0e (0x03e82ab7) x21 0x0000000003e82000
core   0: 0x0000000080004b12 (0xcf7a8a9b) addiw   s5, s5, -777
core   0: 1 0x0000000080004b12 (0xcf7a8a9b) x21 0x0000000003e81cf7
core   0: 0x0000000080004b16 (0x00000ab6) c.slli  s5, 13
core   0: 1 0x0000000080004b16 (0x0ab6) x21 0x0000007d039ee000
core   0: 0x0000000080004b18 (0xd52a8a93) addi    s5, s5, -686
core   0: 1 0x0000000080004b18 (0xd52a8a93) x21 0x0000007d039edd52
core   0: 0x0000000080004b1c (0x0104d83b) srlw    a6, s1, a6
core   0: 1 0x0000000080004b1c (0x0104d83b) x16 0x0000000000000000
core   0: 0x0000000080004b20 (0x2b8a9653) fmax.d  fa2, fs5, fs8
core   0: 1 0x0000000080004b20 (0x2b8a9653) f12 0x0000000000000000
core   0: 0x0000000080004b24 (0x137bf153) fmul.d  ft2, fs7, fs7
core   0: 1 0x0000000080004b24 (0x137bf153) f2  0x0000000000000000
core   0: 0x0000000080004b28 (0x413700b3) sub     ra, a4, s3
core   0: 1 0x0000000080004b28 (0x413700b3) x1  0x0000000054b4bad8
core   0: 0x0000000080004b2c (0x40e75933) sra     s2, a4, a4
core   0: 1 0x0000000080004b2c (0x40e75933) x18 0x0000000000000000
core   0: 0x0000000080004b30 (0x000bd39b) srliw   t2, s7, 0
core   0: 1 0x0000000080004b30 (0x000bd39b) x7  0x0000000000000000
core   0: 0x0000000080004b34 (0xf20787d3) fmv.d.x fa5, a5
core   0: 1 0x0000000080004b34 (0xf20787d3) f15 0x0000000080004afa
core   0: 0x0000000080004b38 (0x03b39b33) mulh    s6, t2, s11
core   0: 1 0x0000000080004b38 (0x03b39b33) x22 0x0000000000000000
core   0: 0x0000000080004b3c (0x03aded3b) remw    s10, s11, s10
core   0: 1 0x0000000080004b3c (0x03aded3b) x26 0xffffffffe5c71264
core   0: 0x0000000080004b40 (0xa2808053) fle.d   zero, ft1, fs0
core   0: 1 0x0000000080004b40 (0xa2808053) c1_fflags 0x0000000000000010
core   0: 0x0000000080004b44 (0xc034fe53) fcvt.lu.s t3, fs1
core   0: 1 0x0000000080004b44 (0xc034fe53) c1_fflags 0x0000000000000010 x28 0xffffffffffffffff
core   0: 0x0000000080004b48 (0xc049bb73) csrrc   s6, hpmcounter4, s3
core   0: exception trap_illegal_instruction, epc 0x0000000080004b48
core   0:           tval 0x00000000c049bb73
core   0: >>>>  $xrv64i2p1_m2p0_a2p1_f2p2_d2p2_zicsr2p0_zifencei2p0_zmmul1p0_zba1p0_zbb1p0_zbc1p0_zbs1p0
core   0: 0x0000000080004000 (0x0080006f) j       pc + 0x8
core   0: 3 0x0000000080004000 (0x0080006f)
core   0: >>>>  mmode_exception_handler
core   0: 0x0000000080004008 (0x00002c17) auipc   s8, 0x2
core   0: 3 0x0000000080004008 (0x00002c17) x24 0x0000000080006008
core   0: 0x000000008000400c (0x0c8c0c13) addi    s8, s8, 200
core   0: 3 0x000000008000400c (0x0c8c0c13) x24 0x00000000800060d0
core   0: 0x0000000080004010 (0x000c00e7) jalr    s8
core   0: 3 0x0000000080004010 (0x000c00e7) x1  0x0000000080004014
core   0: >>>>  any_handler
core   0: 0x00000000800060d0 (0x341027f3) csrrs   a5, mepc, zero
core   0: 3 0x00000000800060d0 (0x341027f3) x15 0x0000000080004b48
core   0: 0x00000000800060d4 (0x34202773) csrrs   a4, mcause, zero
core   0: 3 0x00000000800060d4 (0x34202773) x14 0x0000000000000002
core   0: 0x00000000800060d8 (0x142026f3) csrrs   a3, scause, zero
core   0: 3 0x00000000800060d8 (0x142026f3) x13 0x0000000000000000
core   0: 0x00000000800060dc (0x30402673) csrrs   a2, mie, zero
core   0: 3 0x00000000800060dc (0x30402673) x12 0x0000000000000a00
core   0: 0x00000000800060e0 (0x344025f3) csrrs   a1, mip, zero
core   0: 3 0x00000000800060e0 (0x344025f3) x11 0x0000000000000080
core   0: 0x00000000800060e4 (0x343025f3) csrrs   a1, mtval, zero
core   0: 3 0x00000000800060e4 (0x343025f3) x11 0x00000000c049bb73
core   0: 0x00000000800060e8 (0x14302573) csrrs   a0, stval, zero
core   0: 3 0x00000000800060e8 (0x14302573) x10 0x0000000000000000
core   0: 0x00000000800060ec (0xb02024f3) csrrs   s1, minstret, zero
core   0: 3 0x00000000800060ec (0xb02024f3) x9  0x0000000000000bad
core   0: 0x00000000800060f0 (0x0000a811) c.j     pc + 20
core   0: 3 0x00000000800060f0 (0xa811)
core   0: >>>>  mepc_4
core   0: 0x0000000080006104 (0x00000791) c.addi  a5, 4
core   0: 3 0x0000000080006104 (0x0791) x15 0x0000000080004b4c
core   0: 0x0000000080006106 (0x34179073) csrrw   zero, mepc, a5
core   0: 3 0x0000000080006106 (0x34179073) c833_mepc 0x0000000080004b4c
core   0: 0x000000008000610a (0x30200073) mret
core   0: 3 0x000000008000610a (0x30200073) c768_mstatus 0x8000000a00106080
core   0: 0x0000000080004b4c (0xbfa7071b) addiw   a4, a4, -1030
core   0: 1 0x0000000080004b4c (0xbfa7071b) x14 0xfffffffffffffbfc
core   0: 0x0000000080004b50 (0x0103149b) slliw   s1, t1, 16
core   0: 1 0x0000000080004b50 (0x0103149b) x9  0x0000000040140000
core   0: 0x0000000080004b54 (0x0b04fdd3) fsub.d  fs11, fs1, fa6
core   0: 1 0x0000000080004b54 (0x0b04fdd3) f27 0x7ff8000000000000
core   0: 0x0000000080004b58 (0x01363ab3) sltu    s5, a2, s3
core   0: 1 0x0000000080004b58 (0x01363ab3) x21 0x0000000000000001
core   0: 0x0000000080004b5c (0xc034fb53) fcvt.lu.s s6, fs1
core   0: 1 0x0000000080004b5c (0xc034fb53) c1_fflags 0x0000000000000010 x22 0xffffffffffffffff
core   0: 0x0000000080004b60 (0x4054d63b) sraw    a2, s1, t0
core   0: 1 0x0000000080004b60 (0x4054d63b) x12 0x0000000040140000
core   0: 0x0000000080004b64 (0xc208fad3) fcvt.w.d s5, fa7
core   0: 1 0x0000000080004b64 (0xc208fad3) x21 0x0000000000000000
core   0: 0x0000000080004b68 (0xa89b0913) addi    s2, s6, -1399
core   0: 1 0x0000000080004b68 (0xa89b0913) x18 0xfffffffffffffa88
core   0: 0x0000000080004b6c (0x00d6d2bb) srlw    t0, a3, a3
core   0: 1 0x0000000080004b6c (0x00d6d2bb) x5  0x0000000000000000
core   0: 0x0000000080004b70 (0x9ba17e4f) fnmadd.d ft8, ft2, fs10, fs3
core   0: 1 0x0000000080004b70 (0x9ba17e4f) f28 0x7ff8000000000000
core   0: 0x0000000080004b74 (0xd2128953) fcvt.d.wu fs2, t0
core   0: 1 0x0000000080004b74 (0xd2128953) f18 0x0000000000000000
core   0: 0x0000000080004b78 (0x2ad599d3) fmax.d  fs3, fa1, fa3
core   0: 1 0x0000000080004b78 (0x2ad599d3) f19 0x7ff8000000000000
core   0: 0x0000000080004b7c (0x0ff0000f) fence   iorw,iorw
core   0: 1 0x0000000080004b7c (0x0ff0000f)
core   0: 0x0000000080004b80 (0x6103019b) addiw   gp, t1, 1552
core   0: 1 0x0000000080004b80 (0x6103019b) x3  0xffffffff80004624
core   0: 0x0000000080004b84 (0x00111c93) slli    s9, sp, 1
core   0: 1 0x0000000080004b84 (0x00111c93) x25 0x000000000000001e
core   0: 0x0000000080004b88 (0x213e8e17) auipc   t3, 0x213e8
core   0: 1 0x0000000080004b88 (0x213e8e17) x28 0x00000000a13ecb88
core   0: 0x0000000080004b8c (0xfe660137) lui     sp, 0xfe660
core   0: 1 0x0000000080004b8c (0xfe660137) x2  0xfffffffffe660000
core   0: 0x0000000080004b90 (0x10d1011b) addiw   sp, sp, 269
core   0: 1 0x0000000080004b90 (0x10d1011b) x2  0xfffffffffe66010d
core   0: 0x0000000080004b94 (0x0000013a) c.slli  sp, 14
core   0: 1 0x0000000080004b94 (0x013a) x2  0xffffff9980434000
core   0: 0x0000000080004b96 (0xf3210113) addi    sp, sp, -206
core   0: 1 0x0000000080004b96 (0xf3210113) x2  0xffffff9980433f32
core   0: 0x0000000080004b9a (0xfff94313) not     t1, s2
core   0: 1 0x0000000080004b9a (0xfff94313) x6  0x0000000000000577
core   0: 0x0000000080004b9e (0x00000001) c.nop
core   0: 1 0x0000000080004b9e (0x0001)
core   0: 0x0000000080004ba0 (0x0ff0000f) fence   iorw,iorw
core   0: 1 0x0000000080004ba0 (0x0ff0000f)
core   0: 0x0000000080004ba4 (0xd2128353) fcvt.d.wu ft6, t0
core   0: 1 0x0000000080004ba4 (0xd2128353) f6  0x0000000000000000
core   0: 0x0000000080004ba8 (0x016180b3) add     ra, gp, s6
core   0: 1 0x0000000080004ba8 (0x016180b3) x1  0xffffffff80004623
core   0: 0x0000000080004bac (0x00409b1b) slliw   s6, ra, 4
core   0: 1 0x0000000080004bac (0x00409b1b) x22 0x0000000000046230
core   0: 0x0000000080004bb0 (0x0392c033) div     zero, t0, s9
core   0: 1 0x0000000080004bb0 (0x0392c033)
core   0: 0x0000000080004bb4 (0xd03ef0d3) fcvt.s.lu ft1, t4
core   0: 1 0x0000000080004bb4 (0xd03ef0d3) c1_fflags 0x0000000000000011 f1  0xffffffff4f000040
core   0: 0x0000000080004bb8 (0x01506d33) or      s10, zero, s5
core   0: 1 0x0000000080004bb8 (0x01506d33) x26 0x0000000000000000
core   0: 0x0000000080004bbc (0x02bd2ab3) mulhsu  s5, s10, a1
core   0: 1 0x0000000080004bbc (0x02bd2ab3) x21 0x0000000000000000
core   0: 0x0000000080004bc0 (0x01fbd41b) srliw   s0, s7, 31
core   0: 1 0x0000000080004bc0 (0x01fbd41b) x8  0x0000000000000000
core   0: 0x0000000080004bc4 (0x0a346793) ori     a5, s0, 163
core   0: 1 0x0000000080004bc4 (0x0a346793) x15 0x00000000000000a3
core   0: 0x0000000080004bc8 (0xd22e7c53) fcvt.d.l fs8, t3
core   0: 1 0x0000000080004bc8 (0xd22e7c53) f24 0x41e427d971000000
core   0: 0x0000000080004bcc (0x4094539b) sraiw   t2, s0, 9
core   0: 1 0x0000000080004bcc (0x4094539b) x7  0x0000000000000000
core   0: 0x0000000080004bd0 (0x0128883b) addw    a6, a7, s2
core   0: 1 0x0000000080004bd0 (0x0128883b) x16 0xfffffffffffffb2f
core   0: 0x0000000080004bd4 (0xd21787d3) fcvt.d.wu fa5, a5
core   0: 1 0x0000000080004bd4 (0xd21787d3) f15 0x4064600000000000
core   0: 0x0000000080004bd8 (0x420e0dd3) fcvt.d.s fs11, ft8
core   0: 1 0x0000000080004bd8 (0x420e0dd3) f27 0x7ff8000000000000
core   0: 0x0000000080004bdc (0xfff76eb7) lui     t4, 0xfff76
core   0: 1 0x0000000080004bdc (0xfff76eb7) x29 0xfffffffffff76000
core   0: 0x0000000080004be0 (0xbb7e8e9b) addiw   t4, t4, -1097
core   0: 1 0x0000000080004be0 (0xbb7e8e9b) x29 0xfffffffffff75bb7
core   0: 0x0000000080004be4 (0x00000ebe) c.slli  t4, 15
core   0: 1 0x0000000080004be4 (0x0ebe) x29 0xfffffffbaddb8000
core   0: 0x0000000080004be6 (0x73de8e93) addi    t4, t4, 1853
core   0: 1 0x0000000080004be6 (0x73de8e93) x29 0xfffffffbaddb873d
core   0: 0x0000000080004bea (0x2a2a9dd3) fmax.d  fs11, fs5, ft2
core   0: 1 0x0000000080004bea (0x2a2a9dd3) f27 0x0000000000000000
core   0: 0x0000000080004bee (0xd02efb53) fcvt.s.l fs6, t4
core   0: 1 0x0000000080004bee (0xd02efb53) c1_fflags 0x0000000000000011 f22 0xffffffffd08a448f
core   0: 0x0000000080004bf2 (0x0b00f853) fsub.d  fa6, ft1, fa6
core   0: 1 0x0000000080004bf2 (0x0b00f853) f16 0x7ff8000000000000
core   0: 0x0000000080004bf6 (0x03d9d7b3) divu    a5, s3, t4
core   0: 1 0x0000000080004bf6 (0x03d9d7b3) x15 0x0000000000000001
core   0: 0x0000000080004bfa (0xc21af753) fcvt.wu.d a4, fs5
core   0: 1 0x0000000080004bfa (0xc21af753) c1_fflags 0x0000000000000011 x14 0xffffffffffffffff
core   0: 0x0000000080004bfe (0x42080d53) fcvt.d.s fs10, fa6
core   0: 1 0x0000000080004bfe (0x42080d53) f26 0x7ff8000000000000
core   0: 0x0000000080004c02 (0x03c75ebb) divuw   t4, a4, t3
core   0: 1 0x0000000080004c02 (0x03c75ebb) x29 0x0000000000000001
core   0: 0x0000000080004c06 (0x2b500053) fmin.d  ft0, ft0, fs5
core   0: 1 0x0000000080004c06 (0x2b500053) f0  0x7ff8000000000000
core   0: 0x0000000080004c0a (0x004792bb) sllw    t0, a5, tp
core   0: 1 0x0000000080004c0a (0x004792bb) x5  0x0000000001000000
core   0: 0x0000000080004c0e (0x00000001) c.nop
core   0: 1 0x0000000080004c0e (0x0001)
core   0: 0x0000000080004c10 (0x01261e3b) sllw    t3, a2, s2
core   0: 1 0x0000000080004c10 (0x01261e3b) x28 0x0000000014000000
core   0: 0x0000000080004c14 (0x02b4c33b) divw    t1, s1, a1
core   0: 1 0x0000000080004c14 (0x02b4c33b) x6  0xffffffffffffffff
core   0: 0x0000000080004c18 (0xf00dca13) xori    s4, s11, -256
core   0: 1 0x0000000080004c18 (0xf00dca13) x20 0x000000311a38ed64
core   0: 0x0000000080004c1c (0x00026e93) ori     t4, tp, 0
core   0: 1 0x0000000080004c1c (0x00026e93) x29 0xfffffffffffffbf8
core   0: 0x0000000080004c20 (0x2afdf3cb) fnmsub.d ft7, fs11, fa5, ft5
core   0: 1 0x0000000080004c20 (0x2afdf3cb) f7  0x7ff8000000000000
core   0: 0x0000000080004c24 (0x007c9433) sll     s0, s9, t2
core   0: 1 0x0000000080004c24 (0x007c9433) x8  0x000000000000001e
core   0: 0x0000000080004c28 (0x00355193) srli    gp, a0, 3
core   0: 1 0x0000000080004c28 (0x00355193) x3  0x0000000000000000
core   0: 0x0000000080004c2c (0xd225f953) fcvt.d.l fs2, a1
core   0: 1 0x0000000080004c2c (0xd225f953) f18 0x41e809376e600000
core   0: 0x0000000080004c30 (0x0ff0000f) fence   iorw,iorw
core   0: 1 0x0000000080004c30 (0x0ff0000f)
core   0: 0x0000000080004c34 (0x2bd39bd3) fmax.d  fs7, ft7, ft9
core   0: 1 0x0000000080004c34 (0x2bd39bd3) f23 0x7ff8000000000000
core   0: 0x0000000080004c38 (0x0176cbb3) xor     s7, a3, s7
core   0: 1 0x0000000080004c38 (0x0176cbb3) x23 0x0000000000000000
core   0: 0x0000000080004c3c (0x0353e1bb) remw    gp, t2, s5
core   0: 1 0x0000000080004c3c (0x0353e1bb) x3  0x0000000000000000
core   0: 0x0000000080004c40 (0x0168153b) sllw    a0, a6, s6
core   0: 1 0x0000000080004c40 (0x0168153b) x10 0xfffffffffb2f0000
core   0: 0x0000000080004c44 (0xd21a8653) fcvt.d.wu fa2, s5
core   0: 1 0x0000000080004c44 (0xd21a8653) f12 0x0000000000000000
core   0: 0x0000000080004c48 (0x02a1ecbb) remw    s9, gp, a0
core   0: 1 0x0000000080004c48 (0x02a1ecbb) x25 0x0000000000000000
core   0: 0x0000000080004c4c (0xd2357553) fcvt.d.lu fa0, a0
core   0: 1 0x0000000080004c4c (0xd2357553) f10 0x43efffffffff65e0
core   0: 0x0000000080004c50 (0x4132523b) sraw    tp, tp, s3
core   0: 1 0x0000000080004c50 (0x4132523b) x4  0xfffffffffffffffe
core   0: 0x0000000080004c54 (0x400dda1b) sraiw   s4, s11, 0
core   0: 1 0x0000000080004c54 (0x400dda1b) x20 0xffffffffe5c71264
core   0: 0x0000000080004c58 (0xd2108b53) fcvt.d.wu fs6, ra
core   0: 1 0x0000000080004c58 (0xd2108b53) f22 0x41e00008c4600000
core   0: 0x0000000080004c5c (0x8000891b) addiw   s2, ra, -2048
core   0: 1 0x0000000080004c5c (0x8000891b) x18 0xffffffff80003e23
core   0: 0x0000000080004c60 (0x018453bb) srlw    t2, s0, s8
core   0: 1 0x0000000080004c60 (0x018453bb) x7  0x0000000000000000
core   0: 0x0000000080004c64 (0xd23d7153) fcvt.d.lu ft2, s10
core   0: 1 0x0000000080004c64 (0xd23d7153) f2  0x0000000000000000
core   0: 0x0000000080004c68 (0x0384e4b3) rem     s1, s1, s8
core   0: 1 0x0000000080004c68 (0x0384e4b3) x9  0x0000000040140000
core   0: 0x0000000080004c6c (0x0140d53b) srlw    a0, ra, s4
core   0: 1 0x0000000080004c6c (0x0140d53b) x10 0x0000000008000462
core   0: 0x0000000080004c70 (0xc2317653) fcvt.lu.d a2, ft2
core   0: 1 0x0000000080004c70 (0xc2317653) x12 0x0000000000000000
core   0: 0x0000000080004c74 (0x02ab493b) divw    s2, s6, a0
core   0: 1 0x0000000080004c74 (0x02ab493b) x18 0x0000000000000000
core   0: 0x0000000080004c78 (0x408c52bb) sraw    t0, s8, s0
core   0: 1 0x0000000080004c78 (0x408c52bb) x5  0xfffffffffffffffe
core   0: 0x0000000080004c7c (0x30606173) csrrsi  sp, mcounteren, 0
core   0: exception trap_illegal_instruction, epc 0x0000000080004c7c
core   0:           tval 0x0000000030606173
core   0: >>>>  $xrv64i2p1_m2p0_a2p1_f2p2_d2p2_zicsr2p0_zifencei2p0_zmmul1p0_zba1p0_zbb1p0_zbc1p0_zbs1p0
core   0: 0x0000000080004000 (0x0080006f) j       pc + 0x8
core   0: 3 0x0000000080004000 (0x0080006f)
core   0: >>>>  mmode_exception_handler
core   0: 0x0000000080004008 (0x00002c17) auipc   s8, 0x2
core   0: 3 0x0000000080004008 (0x00002c17) x24 0x0000000080006008
core   0: 0x000000008000400c (0x0c8c0c13) addi    s8, s8, 200
core   0: 3 0x000000008000400c (0x0c8c0c13) x24 0x00000000800060d0
core   0: 0x0000000080004010 (0x000c00e7) jalr    s8
core   0: 3 0x0000000080004010 (0x000c00e7) x1  0x0000000080004014
core   0: >>>>  any_handler
core   0: 0x00000000800060d0 (0x341027f3) csrrs   a5, mepc, zero
core   0: 3 0x00000000800060d0 (0x341027f3) x15 0x0000000080004c7c
core   0: 0x00000000800060d4 (0x34202773) csrrs   a4, mcause, zero
core   0: 3 0x00000000800060d4 (0x34202773) x14 0x0000000000000002
core   0: 0x00000000800060d8 (0x142026f3) csrrs   a3, scause, zero
core   0: 3 0x00000000800060d8 (0x142026f3) x13 0x0000000000000000
core   0: 0x00000000800060dc (0x30402673) csrrs   a2, mie, zero
core   0: 3 0x00000000800060dc (0x30402673) x12 0x0000000000000a00
core   0: 0x00000000800060e0 (0x344025f3) csrrs   a1, mip, zero
core   0: 3 0x00000000800060e0 (0x344025f3) x11 0x0000000000000080
core   0: 0x00000000800060e4 (0x343025f3) csrrs   a1, mtval, zero
core   0: 3 0x00000000800060e4 (0x343025f3) x11 0x0000000030606173
core   0: 0x00000000800060e8 (0x14302573) csrrs   a0, stval, zero
core   0: 3 0x00000000800060e8 (0x14302573) x10 0x0000000000000000
core   0: 0x00000000800060ec (0xb02024f3) csrrs   s1, minstret, zero
core   0: 3 0x00000000800060ec (0xb02024f3) x9  0x0000000000000c0b
core   0: 0x00000000800060f0 (0x0000a811) c.j     pc + 20
core   0: 3 0x00000000800060f0 (0xa811)
core   0: >>>>  mepc_4
core   0: 0x0000000080006104 (0x00000791) c.addi  a5, 4
core   0: 3 0x0000000080006104 (0x0791) x15 0x0000000080004c80
core   0: 0x0000000080006106 (0x34179073) csrrw   zero, mepc, a5
core   0: 3 0x0000000080006106 (0x34179073) c833_mepc 0x0000000080004c80
core   0: 0x000000008000610a (0x30200073) mret
core   0: 3 0x000000008000610a (0x30200073) c768_mstatus 0x8000000a00106080
core   0: 0x0000000080004c80 (0x00000001) c.nop
core   0: 1 0x0000000080004c80 (0x0001)
core   0: 0x0000000080004c82 (0x03dbd33b) divuw   t1, s7, t4
core   0: 1 0x0000000080004c82 (0x03dbd33b) x6  0x0000000000000000
core   0: 0x0000000080004c86 (0x0ab778d3) fsub.d  fa7, fa4, fa1
core   0: 1 0x0000000080004c86 (0x0ab778d3) f17 0x7ff8000000000000
core   0: 0x0000000080004c8a (0x0068f633) and     a2, a7, t1
core   0: 1 0x0000000080004c8a (0x0068f633) x12 0x0000000000000000
core   0: 0x0000000080004c8e (0x9f403a97) auipc   s5, 0x9f403
core   0: 1 0x0000000080004c8e (0x9f403a97) x21 0x000000001f407c8e
core   0: 0x0000000080004c92 (0x026797b3) mulh    a5, a5, t1
core   0: 1 0x0000000080004c92 (0x026797b3) x15 0x0000000000000000
core   0: 0x0000000080004c96 (0x0328883b) mulw    a6, a7, s2
core   0: 1 0x0000000080004c96 (0x0328883b) x16 0x0000000000000000
core   0: 0x0000000080004c9a (0xee540297) auipc   t0, 0xee540
core   0: 1 0x0000000080004c9a (0xee540297) x5  0x000000006e544c9a
core   0: 0x0000000080004c9e (0x417bd0bb) sraw    ra, s7, s7
core   0: 1 0x0000000080004c9e (0x417bd0bb) x1  0x0000000000000000
core   0: 0x0000000080004ca2 (0xd02bf353) fcvt.s.l ft6, s7
core   0: 1 0x0000000080004ca2 (0xd02bf353) f6  0xffffffff00000000
core   0: 0x0000000080004ca6 (0x139373d3) fmul.d  ft7, ft6, fs9
core   0: 1 0x0000000080004ca6 (0x139373d3) f7  0x7ff8000000000000
core   0: 0x0000000080004caa (0x0213f93b) remuw   s2, t2, ra
core   0: 1 0x0000000080004caa (0x0213f93b) x18 0x0000000000000000
core   0: 0x0000000080004cae (0x005c7c33) and     s8, s8, t0
core   0: 1 0x0000000080004cae (0x005c7c33) x24 0x0000000000004090
core   0: 0x0000000080004cb2 (0xf2028fd3) fmv.d.x ft11, t0
core   0: 1 0x0000000080004cb2 (0xf2028fd3) f31 0x000000006e544c9a
core   0: 0x0000000080004cb6 (0x2b9c8a53) fmin.d  fs4, fs9, fs9
core   0: 1 0x0000000080004cb6 (0x2b9c8a53) f20 0x7ff8000000000000
core   0: 0x0000000080004cba (0xd5b08a1b) addiw   s4, ra, -677
core   0: 1 0x0000000080004cba (0xd5b08a1b) x20 0xfffffffffffffd5b
core   0: 0x0000000080004cbe (0x2bcf1053) fmax.d  ft0, ft10, ft8
core   0: 1 0x0000000080004cbe (0x2bcf1053) f0  0x7ff8000000000000
core   0: 0x0000000080004cc2 (0x03bb5293) srli    t0, s6, 59
core   0: 1 0x0000000080004cc2 (0x03bb5293) x5  0x0000000000000000
core   0: 0x0000000080004cc6 (0xe2e0fe43) fmadd.d ft8, ft1, fa4, ft8
core   0: 1 0x0000000080004cc6 (0xe2e0fe43) f28 0x7ff8000000000000
core   0: 0x0000000080004cca (0x0089a433) slt     s0, s3, s0
core   0: 1 0x0000000080004cca (0x0089a433) x8  0x0000000000000001
core   0: 0x0000000080004cce (0x41fd5d1b) sraiw   s10, s10, 31
core   0: 1 0x0000000080004cce (0x41fd5d1b) x26 0x0000000000000000
core   0: 0x0000000080004cd2 (0x001d6113) ori     sp, s10, 1
core   0: 1 0x0000000080004cd2 (0x001d6113) x2  0x0000000000000001
core   0: 0x0000000080004cd6 (0x023b83bb) mulw    t2, s7, gp
core   0: 1 0x0000000080004cd6 (0x023b83bb) x7  0x0000000000000000
core   0: 0x0000000080004cda (0x5a0e78d3) fsqrt.d fa7, ft8
core   0: 1 0x0000000080004cda (0x5a0e78d3) f17 0x7ff8000000000000
core   0: 0x0000000080004cde (0xd7b4d537) lui     a0, 0xd7b4d
core   0: 1 0x0000000080004cde (0xd7b4d537) x10 0xffffffffd7b4d000
core   0: 0x0000000080004ce2 (0x0011071b) addiw   a4, sp, 1
core   0: 1 0x0000000080004ce2 (0x0011071b) x14 0x0000000000000002
core   0: 0x0000000080004ce6 (0x02a50abb) mulw    s5, a0, a0
core   0: 1 0x0000000080004ce6 (0x02a50abb) x21 0x0000000029000000
core   0: 0x0000000080004cea (0x00004d33) xor     s10, zero, zero
core   0: 1 0x0000000080004cea (0x00004d33) x26 0x0000000000000000
core   0: 0x0000000080004cee (0x01c81833) sll     a6, a6, t3
core   0: 1 0x0000000080004cee (0x01c81833) x16 0x0000000000000000
core   0: 0x0000000080004cf2 (0x03a970bb) remuw   ra, s2, s10
core   0: 1 0x0000000080004cf2 (0x03a970bb) x1  0x0000000000000000
core   0: 0x0000000080004cf6 (0x01ad7d33) and     s10, s10, s10
core   0: 1 0x0000000080004cf6 (0x01ad7d33) x26 0x0000000000000000
core   0: 0x0000000080004cfa (0x039e8eb3) mul     t4, t4, s9
core   0: 1 0x0000000080004cfa (0x039e8eb3) x29 0x0000000000000000
core   0: 0x0000000080004cfe (0x03d4023b) mulw    tp, s0, t4
core   0: 1 0x0000000080004cfe (0x03d4023b) x4  0x0000000000000000
core   0: 0x0000000080004d02 (0x0ff0000f) fence   iorw,iorw
core   0: 1 0x0000000080004d02 (0x0ff0000f)
core   0: 0x0000000080004d06 (0xc23678d3) fcvt.lu.d a7, fa2
core   0: 1 0x0000000080004d06 (0xc23678d3) x17 0x0000000000000000
core   0: 0x0000000080004d0a (0x002c9113) slli    sp, s9, 2
core   0: 1 0x0000000080004d0a (0x002c9113) x2  0x0000000000000000
core   0: 0x0000000080004d0e (0x015a95bb) sllw    a1, s5, s5
core   0: 1 0x0000000080004d0e (0x015a95bb) x11 0x0000000029000000
core   0: 0x0000000080004d12 (0x00102cf3) csrrs   s9, fflags, zero
core   0: 1 0x0000000080004d12 (0x00102cf3) x25 0x0000000000000011
core   0: 0x0000000080004d16 (0x8bcff643) fmadd.d fa2, ft11, ft8, fa7
core   0: 1 0x0000000080004d16 (0x8bcff643) f12 0x7ff8000000000000
core   0: 0x0000000080004d1a (0x00fd1e33) sll     t3, s10, a5
core   0: 1 0x0000000080004d1a (0x00fd1e33) x28 0x0000000000000000
core   0: 0x0000000080004d1e (0xd037f053) fcvt.s.lu ft0, a5
core   0: 1 0x0000000080004d1e (0xd037f053) f0  0xffffffff00000000
core   0: 0x0000000080004d22 (0x00009126) c.add   sp, s1
core   0: 1 0x0000000080004d22 (0x9126) x2  0x0000000000000c0b
core   0: 0x0000000080004d24 (0x42060053) fcvt.d.s ft0, fa2
core   0: 1 0x0000000080004d24 (0x42060053) f0  0x7ff8000000000000
core   0: 0x0000000080004d28 (0x038585bb) mulw    a1, a1, s8
core   0: 1 0x0000000080004d28 (0x038585bb) x11 0x0000000010000000
core   0: 0x0000000080004d2c (0x002020f3) csrrs   ra, frm, zero
core   0: 1 0x0000000080004d2c (0x002020f3) x1  0x0000000000000000
core   0: 0x0000000080004d30 (0xd0237ed3) fcvt.s.l ft9, t1
core   0: 1 0x0000000080004d30 (0xd0237ed3) f29 0xffffffff00000000
core   0: 0x0000000080004d34 (0x01658b3b) addw    s6, a1, s6
core   0: 1 0x0000000080004d34 (0x01658b3b) x22 0x0000000010046230
core   0: 0x0000000080004d38 (0x0074d0bb) srlw    ra, s1, t2
core   0: 1 0x0000000080004d38 (0x0074d0bb) x1  0x0000000000000c0b
core   0: 0x0000000080004d3c (0x03b4753b) remuw   a0, s0, s11
core   0: 1 0x0000000080004d3c (0x03b4753b) x10 0x0000000000000001
core   0: 0x0000000080004d40 (0x00a54cb3) xor     s9, a0, a0
core   0: 1 0x0000000080004d40 (0x00a54cb3) x25 0x0000000000000000
core   0: 0x0000000080004d44 (0x000b9d33) sll     s10, s7, zero
core   0: 1 0x0000000080004d44 (0x000b9d33) x26 0x0000000000000000
core   0: 0x0000000080004d48 (0x2b821253) fmax.d  ft4, ft4, fs8
core   0: 1 0x0000000080004d48 (0x2b821253) f4  0x41e427d971000000
core   0: 0x0000000080004d4c (0x024642b3) div     t0, a2, tp
core   0: 1 0x0000000080004d4c (0x024642b3) x5  0xffffffffffffffff
core   0: 0x0000000080004d50 (0x04a47ab7) lui     s5, 0x4a47
core   0: 1 0x0000000080004d50 (0x04a47ab7) x21 0x0000000004a47000
core   0: 0x0000000080004d54 (0x00dcd0bb) srlw    ra, s9, a3
core   0: 1 0x0000000080004d54 (0x00dcd0bb) x1  0x0000000000000000
core   0: 0x0000000080004d58 (0x00000001) c.nop
core   0: 1 0x0000000080004d58 (0x0001)
core   0: 0x0000000080004d5a (0x03286533) rem     a0, a6, s2
core   0: 1 0x0000000080004d5a (0x03286533) x10 0x0000000000000000
core   0: 0x0000000080004d5e (0xfff17e93) andi    t4, sp, -1
core   0: 1 0x0000000080004d5e (0xfff17e93) x29 0x0000000000000c0b
core   0: 0x0000000080004d62 (0x80986b93) ori     s7, a6, -2039
core   0: 1 0x0000000080004d62 (0x80986b93) x23 0xfffffffffffff809
core   0: 0x0000000080004d66 (0x00195313) srli    t1, s2, 1
core   0: 1 0x0000000080004d66 (0x00195313) x6  0x0000000000000000
core   0: 0x0000000080004d6a (0x00102b73) csrrs   s6, fflags, zero
core   0: 1 0x0000000080004d6a (0x00102b73) x22 0x0000000000000011
core   0: 0x0000000080004d6e (0x002a513b) srlw    sp, s4, sp
core   0: 1 0x0000000080004d6e (0x002a513b) x2  0x00000000001fffff
core   0: 0x0000000080004d72 (0xc029fc53) fcvt.l.s s8, fs3
core   0: 1 0x0000000080004d72 (0xc029fc53) c1_fflags 0x0000000000000011 x24 0x7fffffffffffffff
core   0: 0x0000000080004d76 (0x0123823b) addw    tp, t2, s2
core   0: 1 0x0000000080004d76 (0x0123823b) x4  0x0000000000000000
core   0: 0x0000000080004d7a (0x00128c1b) addiw   s8, t0, 1
core   0: 1 0x0000000080004d7a (0x00128c1b) x24 0x0000000000000000
core   0: 0x0000000080004d7e (0xab87fc93) andi    s9, a5, -1352
core   0: 1 0x0000000080004d7e (0xab87fc93) x25 0x0000000000000000
core   0: 0x0000000080004d82 (0xa2e77a4b) fnmsub.d fs4, fa4, fa4, fs4
core   0: 1 0x0000000080004d82 (0xa2e77a4b) f20 0x7ff8000000000000
core   0: 0x0000000080004d86 (0x00202373) csrrs   t1, frm, zero
core   0: 1 0x0000000080004d86 (0x00202373) x6  0x0000000000000000
core   0: 0x0000000080004d8a (0x8dc0b0b7) lui     ra, 0x8dc0b
core   0: 1 0x0000000080004d8a (0x8dc0b0b7) x1  0xffffffff8dc0b000
core   0: 0x0000000080004d8e (0x41de8cbb) subw    s9, t4, t4
core   0: 1 0x0000000080004d8e (0x41de8cbb) x25 0x0000000000000000
core   0: 0x0000000080004d92 (0x400e5493) srai    s1, t3, 0
core   0: 1 0x0000000080004d92 (0x400e5493) x9  0x0000000000000000
core   0: 0x0000000080004d96 (0xc209f753) fcvt.w.d a4, fs3
core   0: 1 0x0000000080004d96 (0xc209f753) c1_fflags 0x0000000000000011 x14 0x000000007fffffff
core   0: 0x0000000080004d9a (0x00f81bbb) sllw    s7, a6, a5
core   0: 1 0x0000000080004d9a (0x00f81bbb) x23 0x0000000000000000
core   0: 0x0000000080004d9e (0x4137d6b3) sra     a3, a5, s3
core   0: 1 0x0000000080004d9e (0x4137d6b3) x13 0x0000000000000000
core   0: 0x0000000080004da2 (0x40d683bb) subw    t2, a3, a3
core   0: 1 0x0000000080004da2 (0x40d683bb) x7  0x0000000000000000
core   0: 0x0000000080004da6 (0x034bca3b) divw    s4, s7, s4
core   0: 1 0x0000000080004da6 (0x034bca3b) x20 0x0000000000000000
core   0: 0x0000000080004daa (0x029eeeb3) rem     t4, t4, s1
core   0: 1 0x0000000080004daa (0x029eeeb3) x29 0x0000000000000c0b
core   0: 0x0000000080004dae (0xf7764613) xori    a2, a2, -137
core   0: 1 0x0000000080004dae (0xf7764613) x12 0xffffffffffffff77
core   0: 0x0000000080004db2 (0x4005d413) srai    s0, a1, 0
core   0: 1 0x0000000080004db2 (0x4005d413) x8  0x0000000010000000
core   0: 0x0000000080004db6 (0x0384aab3) mulhsu  s5, s1, s8
core   0: 1 0x0000000080004db6 (0x0384aab3) x21 0x0000000000000000
core   0: 0x0000000080004dba (0x030b1333) mulh    t1, s6, a6
core   0: 1 0x0000000080004dba (0x030b1333) x6  0x0000000000000000
core   0: 0x0000000080004dbe (0x401efe53) fcvt.s.d ft8, ft9
core   0: 1 0x0000000080004dbe (0x401efe53) f28 0xffffffff7fc00000
core   0: 0x0000000080004dc2 (0x4114d4b3) sra     s1, s1, a7
core   0: 1 0x0000000080004dc2 (0x4114d4b3) x9  0x0000000000000000
core   0: 0x0000000080004dc6 (0xa2b78d53) fle.d   s10, fa5, fa1
core   0: 1 0x0000000080004dc6 (0xa2b78d53) c1_fflags 0x0000000000000011 x26 0x0000000000000000
core   0: 0x0000000080004dca (0x005c83b3) add     t2, s9, t0
core   0: 1 0x0000000080004dca (0x005c83b3) x7  0xffffffffffffffff
core   0: 0x0000000080004dce (0x0206b833) mulhu   a6, a3, zero
core   0: 1 0x0000000080004dce (0x0206b833) x16 0x0000000000000000
core   0: 0x0000000080004dd2 (0x0387e7bb) remw    a5, a5, s8
core   0: 1 0x0000000080004dd2 (0x0387e7bb) x15 0x0000000000000000
core   0: 0x0000000080004dd6 (0x02c6d63b) divuw   a2, a3, a2
core   0: 1 0x0000000080004dd6 (0x02c6d63b) x12 0x0000000000000000
core   0: 0x0000000080004dda (0x16dec613) xori    a2, t4, 365
core   0: 1 0x0000000080004dda (0x16dec613) x12 0x0000000000000d66
core   0: 0x0000000080004dde (0x00000001) c.nop
core   0: 1 0x0000000080004dde (0x0001)
core   0: 0x0000000080004de0 (0xbd77c297) auipc   t0, 0xbd77c
core   0: 1 0x0000000080004de0 (0xbd77c297) x5  0x000000003d780de0
core   0: 0x0000000080004de4 (0x4002d893) srai    a7, t0, 0
core   0: 1 0x0000000080004de4 (0x4002d893) x17 0x000000003d780de0
core   0: 0x0000000080004de8 (0x0017c4b3) xor     s1, a5, ra
core   0: 1 0x0000000080004de8 (0x0017c4b3) x9  0xffffffff8dc0b000
core   0: 0x0000000080004dec (0xd034fed3) fcvt.s.lu ft9, s1
core   0: 1 0x0000000080004dec (0xd034fed3) c1_fflags 0x0000000000000011 f29 0xffffffff5f800000
core   0: 0x0000000080004df0 (0xa3de85d3) fle.d   a1, ft9, ft9
core   0: 1 0x0000000080004df0 (0xa3de85d3) c1_fflags 0x0000000000000011 x11 0x0000000000000000
core   0: 0x0000000080004df4 (0x1a6ff353) fdiv.d  ft6, ft11, ft6
core   0: 1 0x0000000080004df4 (0x1a6ff353) f6  0x7ff8000000000000
core   0: 0x0000000080004df8 (0xd21b81d3) fcvt.d.wu ft3, s7
core   0: 1 0x0000000080004df8 (0xd21b81d3) f3  0x0000000000000000
core   0: 0x0000000080004dfc (0x123275d3) fmul.d  fa1, ft4, ft3
core   0: 1 0x0000000080004dfc (0x123275d3) f11 0x0000000000000000
core   0: 0x0000000080004e00 (0xc031f3d3) fcvt.lu.s t2, ft3
core   0: 1 0x0000000080004e00 (0xc031f3d3) c1_fflags 0x0000000000000011 x7  0xffffffffffffffff
core   0: 0x0000000080004e04 (0x020e0cb3) mul     s9, t3, zero
core   0: 1 0x0000000080004e04 (0x020e0cb3) x25 0x0000000000000000
core   0: 0x0000000080004e08 (0x02f91b93) slli    s7, s2, 47
core   0: 1 0x0000000080004e08 (0x02f91b93) x23 0x0000000000000000
core   0: 0x0000000080004e0c (0x40c1023b) subw    tp, sp, a2
core   0: 1 0x0000000080004e0c (0x40c1023b) x4  0x00000000001ff299
core   0: 0x0000000080004e10 (0xd02476d3) fcvt.s.l fa3, s0
core   0: 1 0x0000000080004e10 (0xd02476d3) f13 0xffffffff4d800000
core   0: 0x0000000080004e14 (0x017d51b3) srl     gp, s10, s7
core   0: 1 0x0000000080004e14 (0x017d51b3) x3  0x0000000000000000
core   0: 0x0000000080004e18 (0xe2000d53) fmv.x.d s10, ft0
core   0: 1 0x0000000080004e18 (0xe2000d53) x26 0x7ff8000000000000
core   0: 0x0000000080004e1c (0x00000001) c.nop
core   0: 1 0x0000000080004e1c (0x0001)
core   0: 0x0000000080004e1e (0x00000001) c.nop
core   0: 1 0x0000000080004e1e (0x0001)
core   0: 0x0000000080004e20 (0x3294f4cb) fnmsub.d fs1, fs1, fs1, ft6
core   0: 1 0x0000000080004e20 (0x3294f4cb) f9  0x7ff8000000000000
core   0: 0x0000000080004e24 (0x1b89f653) fdiv.d  fa2, fs3, fs8
core   0: 1 0x0000000080004e24 (0x1b89f653) f12 0x7ff8000000000000
core   0: 0x0000000080004e28 (0xb8d96793) ori     a5, s2, -1139
core   0: 1 0x0000000080004e28 (0xb8d96793) x15 0xfffffffffffffb8d
core   0: 0x0000000080004e2c (0xf20382d3) fmv.d.x ft5, t2
core   0: 1 0x0000000080004e2c (0xf20382d3) f5  0xffffffffffffffff
core   0: 0x0000000080004e30 (0x40bb593b) sraw    s2, s6, a1
core   0: 1 0x0000000080004e30 (0x40bb593b) x18 0x0000000000000011
core   0: 0x0000000080004e34 (0x01295eb3) srl     t4, s2, s2
core   0: 1 0x0000000080004e34 (0x01295eb3) x29 0x0000000000000000
core   0: 0x0000000080004e38 (0x00cc9e3b) sllw    t3, s9, a2
core   0: 1 0x0000000080004e38 (0x00cc9e3b) x28 0x0000000000000000
core   0: 0x0000000080004e3c (0x013c6b33) or      s6, s8, s3
core   0: 1 0x0000000080004e3c (0x013c6b33) x22 0xffffffffab4b452a
core   0: 0x0000000080004e40 (0x800a0193) addi    gp, s4, -2048
core   0: 1 0x0000000080004e40 (0x800a0193) x3  0xfffffffffffff800
core   0: 0x0000000080004e44 (0x0a50fad3) fsub.d  fs5, ft1, ft5
core   0: 1 0x0000000080004e44 (0x0a50fad3) f21 0x7ff8000000000000
core   0: 0x0000000080004e48 (0x00877537) lui     a0, 0x877
core   0: 1 0x0000000080004e48 (0x00877537) x10 0x0000000000877000
core   0: 0x0000000080004e4c (0xb8b5051b) addiw   a0, a0, -1141
core   0: 1 0x0000000080004e4c (0xb8b5051b) x10 0x0000000000876b8b
core   0: 0x0000000080004e50 (0x0000053e) c.slli  a0, 15
core   0: 1 0x0000000080004e50 (0x053e) x10 0x00000043b5c58000
core   0: 0x0000000080004e52 (0xd7e50513) addi    a0, a0, -642
core   0: 1 0x0000000080004e52 (0xd7e50513) x10 0x00000043b5c57d7e
core   0: 0x0000000080004e56 (0x405683b3) sub     t2, a3, t0
core   0: 1 0x0000000080004e56 (0x405683b3) x7  0xffffffffc287f220
core   0: 0x0000000080004e5a (0x235673c3) fmadd.d ft7, fa2, fs5, ft4
core   0: 1 0x0000000080004e5a (0x235673c3) f7  0x7ff8000000000000
core   0: 0x0000000080004e5e (0xc065fef3) csrrci  t4, hpmcounter6, 11
core   0: exception trap_illegal_instruction, epc 0x0000000080004e5e
core   0:           tval 0x00000000c065fef3
core   0: >>>>  $xrv64i2p1_m2p0_a2p1_f2p2_d2p2_zicsr2p0_zifencei2p0_zmmul1p0_zba1p0_zbb1p0_zbc1p0_zbs1p0
core   0: 0x0000000080004000 (0x0080006f) j       pc + 0x8
core   0: 3 0x0000000080004000 (0x0080006f)
core   0: >>>>  mmode_exception_handler
core   0: 0x0000000080004008 (0x00002c17) auipc   s8, 0x2
core   0: 3 0x0000000080004008 (0x00002c17) x24 0x0000000080006008
core   0: 0x000000008000400c (0x0c8c0c13) addi    s8, s8, 200
core   0: 3 0x000000008000400c (0x0c8c0c13) x24 0x00000000800060d0
core   0: 0x0000000080004010 (0x000c00e7) jalr    s8
core   0: 3 0x0000000080004010 (0x000c00e7) x1  0x0000000080004014
core   0: >>>>  any_handler
core   0: 0x00000000800060d0 (0x341027f3) csrrs   a5, mepc, zero
core   0: 3 0x00000000800060d0 (0x341027f3) x15 0x0000000080004e5e
core   0: 0x00000000800060d4 (0x34202773) csrrs   a4, mcause, zero
core   0: 3 0x00000000800060d4 (0x34202773) x14 0x0000000000000002
core   0: 0x00000000800060d8 (0x142026f3) csrrs   a3, scause, zero
core   0: 3 0x00000000800060d8 (0x142026f3) x13 0x0000000000000000
core   0: 0x00000000800060dc (0x30402673) csrrs   a2, mie, zero
core   0: 3 0x00000000800060dc (0x30402673) x12 0x0000000000000a00
core   0: 0x00000000800060e0 (0x344025f3) csrrs   a1, mip, zero
core   0: 3 0x00000000800060e0 (0x344025f3) x11 0x0000000000000080
core   0: 0x00000000800060e4 (0x343025f3) csrrs   a1, mtval, zero
core   0: 3 0x00000000800060e4 (0x343025f3) x11 0x00000000c065fef3
core   0: 0x00000000800060e8 (0x14302573) csrrs   a0, stval, zero
core   0: 3 0x00000000800060e8 (0x14302573) x10 0x0000000000000000
core   0: 0x00000000800060ec (0xb02024f3) csrrs   s1, minstret, zero
core   0: 3 0x00000000800060ec (0xb02024f3) x9  0x0000000000000c96
core   0: 0x00000000800060f0 (0x0000a811) c.j     pc + 20
core   0: 3 0x00000000800060f0 (0xa811)
core   0: >>>>  mepc_4
core   0: 0x0000000080006104 (0x00000791) c.addi  a5, 4
core   0: 3 0x0000000080006104 (0x0791) x15 0x0000000080004e62
core   0: 0x0000000080006106 (0x34179073) csrrw   zero, mepc, a5
core   0: 3 0x0000000080006106 (0x34179073) c833_mepc 0x0000000080004e62
core   0: 0x000000008000610a (0x30200073) mret
core   0: 3 0x000000008000610a (0x30200073) c768_mstatus 0x8000000a00106080
core   0: 0x0000000080004e62 (0x40055a93) srai    s5, a0, 0
core   0: 1 0x0000000080004e62 (0x40055a93) x21 0x0000000000000000
core   0: 0x0000000080004e66 (0x0141013b) addw    sp, sp, s4
core   0: 1 0x0000000080004e66 (0x0141013b) x2  0x00000000001fffff
core   0: 0x0000000080004e6a (0x02bc563b) divuw   a2, s8, a1
core   0: 1 0x0000000080004e6a (0x02bc563b) x12 0x0000000000000000
core   0: 0x0000000080004e6e (0x01320a33) add     s4, tp, s3
core   0: 1 0x0000000080004e6e (0x01320a33) x20 0xffffffffab6b37c3
core   0: 0x0000000080004e72 (0x02e10733) mul     a4, sp, a4
core   0: 1 0x0000000080004e72 (0x02e10733) x14 0x00000000003ffffe
core   0: 0x0000000080004e76 (0xfc790d37) lui     s10, 0xfc790
core   0: 1 0x0000000080004e76 (0xfc790d37) x26 0xfffffffffc790000
core   0: 0x0000000080004e7a (0xd22d72d3) fcvt.d.l ft5, s10
core   0: 1 0x0000000080004e7a (0xd22d72d3) f5  0xc18c380000000000
core   0: 0x0000000080004e7e (0x017bdb13) srli    s6, s7, 23
core   0: 1 0x0000000080004e7e (0x017bdb13) x22 0x0000000000000000
core   0: 0x0000000080004e82 (0x016b80bb) addw    ra, s7, s6
core   0: 1 0x0000000080004e82 (0x016b80bb) x1  0x0000000000000000
core   0: 0x0000000080004e86 (0x00210733) add     a4, sp, sp
core   0: 1 0x0000000080004e86 (0x00210733) x14 0x00000000003ffffe
core   0: 0x0000000080004e8a (0x033727b3) mulhsu  a5, a4, s3
core   0: 1 0x0000000080004e8a (0x033727b3) x15 0x00000000003ffffd
core   0: 0x0000000080004e8e (0x001aeb93) ori     s7, s5, 1
core   0: 1 0x0000000080004e8e (0x001aeb93) x23 0x0000000000000001
core   0: 0x0000000080004e92 (0x02fefe3b) remuw   t3, t4, a5
core   0: 1 0x0000000080004e92 (0x02fefe3b) x28 0x0000000000000000
core   0: 0x0000000080004e96 (0x412b82b3) sub     t0, s7, s2
core   0: 1 0x0000000080004e96 (0x412b82b3) x5  0xfffffffffffffff0
core   0: 0x0000000080004e9a (0x409d5d1b) sraiw   s10, s10, 9
core   0: 1 0x0000000080004e9a (0x409d5d1b) x26 0xfffffffffffe3c80
core   0: 0x0000000080004e9e (0x48896d93) ori     s11, s2, 1160
core   0: 1 0x0000000080004e9e (0x48896d93) x27 0x0000000000000499
core   0: 0x0000000080004ea2 (0x03425893) srli    a7, tp, 52
core   0: 1 0x0000000080004ea2 (0x03425893) x17 0x0000000000000000
core   0: 0x0000000080004ea6 (0x00055d9b) srliw   s11, a0, 0
core   0: 1 0x0000000080004ea6 (0x00055d9b) x27 0x0000000000000000
core   0: 0x0000000080004eaa (0x020b9033) mulh    zero, s7, zero
core   0: 1 0x0000000080004eaa (0x020b9033)
core   0: 0x0000000080004eae (0x7ffa0913) addi    s2, s4, 2047
core   0: 1 0x0000000080004eae (0x7ffa0913) x18 0xffffffffab6b3fc2
core   0: 0x0000000080004eb2 (0xa39c8a53) fle.d   s4, fs9, fs9
core   0: 1 0x0000000080004eb2 (0xa39c8a53) c1_fflags 0x0000000000000011 x20 0x0000000000000000
core   0: 0x0000000080004eb6 (0x030a483b) divw    a6, s4, a6
core   0: 1 0x0000000080004eb6 (0x030a483b) x16 0xffffffffffffffff
core   0: 0x0000000080004eba (0x01800c3b) addw    s8, zero, s8
core   0: 1 0x0000000080004eba (0x01800c3b) x24 0xffffffff800060d0
core   0: 0x0000000080004ebe (0x00202173) csrrs   sp, frm, zero
core   0: 1 0x0000000080004ebe (0x00202173) x2  0x0000000000000000
core   0: 0x0000000080004ec2 (0x418b043b) subw    s0, s6, s8
core   0: 1 0x0000000080004ec2 (0x418b043b) x8  0x000000007fff9f30
core   0: 0x0000000080004ec6 (0x016471b3) and     gp, s0, s6
core   0: 1 0x0000000080004ec6 (0x016471b3) x3  0x0000000000000000
core   0: 0x0000000080004eca (0x0370503b) divuw   zero, zero, s7
core   0: 1 0x0000000080004eca (0x0370503b)
core   0: 0x0000000080004ece (0x7bf02c17) auipc   s8, 0x7bf02
core   0: 1 0x0000000080004ece (0x7bf02c17) x24 0x00000000fbf06ece
core   0: 0x0000000080004ed2 (0xd23771d3) fcvt.d.lu ft3, a4
core   0: 1 0x0000000080004ed2 (0xd23771d3) f3  0x414fffff00000000
core   0: 0x0000000080004ed6 (0x01b792b3) sll     t0, a5, s11
core   0: 1 0x0000000080004ed6 (0x01b792b3) x5  0x00000000003ffffd
core   0: 0x0000000080004eda (0x236e9ed3) fsgnjn.d ft9, ft9, fs6
core   0: 1 0x0000000080004eda (0x236e9ed3) f29 0xffffffff5f800000
core   0: 0x0000000080004ede (0xc2327ad3) fcvt.lu.d s5, ft4
core   0: 1 0x0000000080004ede (0xc2327ad3) x21 0x00000000a13ecb88
core   0: 0x0000000080004ee2 (0x03cc5513) srli    a0, s8, 60
core   0: 1 0x0000000080004ee2 (0x03cc5513) x10 0x0000000000000000
core   0: 0x0000000080004ee6 (0x403b8abb) subw    s5, s7, gp
core   0: 1 0x0000000080004ee6 (0x403b8abb) x21 0x0000000000000001
core   0: 0x0000000080004eea (0x3b64744f) fnmadd.d fs0, fs0, fs6, ft7
core   0: 1 0x0000000080004eea (0x3b64744f) f8  0x7ff8000000000000
core   0: 0x0000000080004eee (0x028ac33b) divw    t1, s5, s0
core   0: 1 0x0000000080004eee (0x028ac33b) x6  0x0000000000000000
core   0: 0x0000000080004ef2 (0x06963937) lui     s2, 0x6963
core   0: 1 0x0000000080004ef2 (0x06963937) x18 0x0000000006963000
core   0: 0x0000000080004ef6 (0x2ad9091b) addiw   s2, s2, 685
core   0: 1 0x0000000080004ef6 (0x2ad9091b) x18 0x00000000069632ad
core   0: 0x0000000080004efa (0x00000932) c.slli  s2, 12
core   0: 1 0x0000000080004efa (0x0932) x18 0x00000069632ad000
core   0: 0x0000000080004efc (0xe3890913) addi    s2, s2, -456
core   0: 1 0x0000000080004efc (0xe3890913) x18 0x00000069632ace38
core   0: 0x0000000080004f00 (0x42040cd3) fcvt.d.s fs9, fs0
core   0: 1 0x0000000080004f00 (0x42040cd3) f25 0x7ff8000000000000
core   0: 0x0000000080004f04 (0xd23e7353) fcvt.d.lu ft6, t3
core   0: 1 0x0000000080004f04 (0xd23e7353) f6  0x0000000000000000
core   0: 0x0000000080004f08 (0x00031513) slli    a0, t1, 0
core   0: 1 0x0000000080004f08 (0x00031513) x10 0x0000000000000000
core   0: 0x0000000080004f0c (0x022379d3) fadd.d  fs3, ft6, ft2
core   0: 1 0x0000000080004f0c (0x022379d3) f19 0x0000000000000000
core   0: 0x0000000080004f10 (0x03219033) mulh    zero, gp, s2
core   0: 1 0x0000000080004f10 (0x03219033)
core   0: 0x0000000080004f14 (0xd2028453) fcvt.d.w fs0, t0
core   0: 1 0x0000000080004f14 (0xd2028453) f8  0x414ffffe80000000
core   0: 0x0000000080004f18 (0x02093bb3) mulhu   s7, s2, zero
core   0: 1 0x0000000080004f18 (0x02093bb3) x23 0x0000000000000000
core   0: 0x0000000080004f1c (0x000b1713) slli    a4, s6, 0
core   0: 1 0x0000000080004f1c (0x000b1713) x14 0x0000000000000000
core   0: 0x0000000080004f20 (0x00b0d0bb) srlw    ra, ra, a1
core   0: 1 0x0000000080004f20 (0x00b0d0bb) x1  0x0000000000000000
core   0: 0x0000000080004f24 (0xb7d61d97) auipc   s11, 0xb7d61
core   0: 1 0x0000000080004f24 (0xb7d61d97) x27 0x0000000037d65f24
core   0: 0x0000000080004f28 (0xa39a0353) fle.d   t1, fs4, fs9
core   0: 1 0x0000000080004f28 (0xa39a0353) c1_fflags 0x0000000000000011 x6  0x0000000000000000
core   0: 0x0000000080004f2c (0xc2357bc7) fmsub.d fs7, fa0, ft3, fs8
core   0: 1 0x0000000080004f2c (0xc2357bc7) c1_fflags 0x0000000000000011 f23 0x454ffffeffff65e0
core   0: 0x0000000080004f30 (0x001bda33) srl     s4, s7, ra
core   0: 1 0x0000000080004f30 (0x001bda33) x20 0x0000000000000000
core   0: 0x0000000080004f34 (0x03a06d33) rem     s10, zero, s10
core   0: 1 0x0000000080004f34 (0x03a06d33) x26 0x0000000000000000
core   0: 0x0000000080004f38 (0x00130233) add     tp, t1, ra
core   0: 1 0x0000000080004f38 (0x00130233) x4  0x0000000000000000
core   0: 0x0000000080004f3c (0x033154bb) divuw   s1, sp, s3
core   0: 1 0x0000000080004f3c (0x033154bb) x9  0x0000000000000000
core   0: 0x0000000080004f40 (0x01677233) and     tp, a4, s6
core   0: 1 0x0000000080004f40 (0x01677233) x4  0x0000000000000000
core   0: 0x0000000080004f44 (0xd02b7e53) fcvt.s.l ft8, s6
core   0: 1 0x0000000080004f44 (0xd02b7e53) f28 0xffffffff00000000
core   0: 0x0000000080004f48 (0xc02b7753) fcvt.l.s a4, fs6
core   0: 1 0x0000000080004f48 (0xc02b7753) c1_fflags 0x0000000000000011 x14 0x7fffffffffffffff
core   0: 0x0000000080004f4c (0xfaf5bdb7) lui     s11, 0xfaf5b
core   0: 1 0x0000000080004f4c (0xfaf5bdb7) x27 0xfffffffffaf5b000
core   0: 0x0000000080004f50 (0xebfd8d9b) addiw   s11, s11, -321
core   0: 1 0x0000000080004f50 (0xebfd8d9b) x27 0xfffffffffaf5aebf
core   0: 0x0000000080004f54 (0x00000db2) c.slli  s11, 12
core   0: 1 0x0000000080004f54 (0x0db2) x27 0xffffffaf5aebf000
core   0: 0x0000000080004f56 (0xd3dd8d93) addi    s11, s11, -707
core   0: 1 0x0000000080004f56 (0xd3dd8d93) x27 0xffffffaf5aebed3d
core   0: 0x0000000080004f5a (0x2b720f53) fmin.d  ft10, ft4, fs7
core   0: 1 0x0000000080004f5a (0x2b720f53) f30 0x41e427d971000000
core   0: 0x0000000080004f5e (0x73bebb37) lui     s6, 0x73beb
core   0: 1 0x0000000080004f5e (0x73bebb37) x22 0x0000000073beb000
core   0: 0x0000000080004f62 (0x02edbdb3) mulhu   s11, s11, a4
core   0: 1 0x0000000080004f62 (0x02edbdb3) x27 0x7fffffd7ad75f69d
core   0: 0x0000000080004f66 (0x0078d3bb) srlw    t2, a7, t2
core   0: 1 0x0000000080004f66 (0x0078d3bb) x7  0x0000000000000000
core   0: 0x0000000080004f6a (0x4043dd1b) sraiw   s10, t2, 4
core   0: 1 0x0000000080004f6a (0x4043dd1b) x26 0x0000000000000000
core   0: 0x0000000080004f6e (0x02e7463b) divw    a2, a4, a4
core   0: 1 0x0000000080004f6e (0x02e7463b) x12 0x0000000000000001
core   0: 0x0000000080004f72 (0x000ed31b) srliw   t1, t4, 0
core   0: 1 0x0000000080004f72 (0x000ed31b) x6  0x0000000000000000
core   0: 0x0000000080004f76 (0xf20988d3) fmv.d.x fa7, s3
core   0: 1 0x0000000080004f76 (0xf20988d3) f17 0xffffffffab4b452a
core   0: 0x0000000080004f7a (0x002020f3) csrrs   ra, frm, zero
core   0: 1 0x0000000080004f7a (0x002020f3) x1  0x0000000000000000
core   0: 0x0000000080004f7e (0x5319f543) fmadd.d fa0, fs3, fa7, fa0
core   0: 1 0x0000000080004f7e (0x5319f543) f10 0x7ff8000000000000
core   0: 0x0000000080004f82 (0x000d9e1b) slliw   t3, s11, 0
core   0: 1 0x0000000080004f82 (0x000d9e1b) x28 0xffffffffad75f69d
core   0: 0x0000000080004f86 (0x03ce5dbb) divuw   s11, t3, t3
core   0: 1 0x0000000080004f86 (0x03ce5dbb) x27 0x0000000000000001
core   0: 0x0000000080004f8a (0x00ad8d33) add     s10, s11, a0
core   0: 1 0x0000000080004f8a (0x00ad8d33) x26 0x0000000000000001
core   0: 0x0000000080004f8e (0x40137f53) fcvt.s.d ft10, ft6
core   0: 1 0x0000000080004f8e (0x40137f53) f30 0xffffffff00000000
core   0: 0x0000000080004f92 (0x00cd4733) xor     a4, s10, a2
core   0: 1 0x0000000080004f92 (0x00cd4733) x14 0x0000000000000000
core   0: 0x0000000080004f96 (0x001fbbb7) lui     s7, 0x1fb
core   0: 1 0x0000000080004f96 (0x001fbbb7) x23 0x00000000001fb000
core   0: 0x0000000080004f9a (0x4bfb8b9b) addiw   s7, s7, 1215
core   0: 1 0x0000000080004f9a (0x4bfb8b9b) x23 0x00000000001fb4bf
core   0: 0x0000000080004f9e (0x00000bc2) c.slli  s7, 16
core   0: 1 0x0000000080004f9e (0x0bc2) x23 0x0000001fb4bf0000
core   0: 0x0000000080004fa0 (0x79fb8b93) addi    s7, s7, 1951
core   0: 1 0x0000000080004fa0 (0x79fb8b93) x23 0x0000001fb4bf079f
core   0: 0x0000000080004fa4 (0x22fd8653) fsgnj.d fa2, fs11, fa5
core   0: 1 0x0000000080004fa4 (0x22fd8653) f12 0x0000000000000000
core   0: 0x0000000080004fa8 (0x0379c1b3) div     gp, s3, s7
core   0: 1 0x0000000080004fa8 (0x0379c1b3) x3  0x0000000000000000
core   0: 0x0000000080004fac (0x403b85b3) sub     a1, s7, gp
core   0: 1 0x0000000080004fac (0x403b85b3) x11 0x0000001fb4bf079f
core   0: 0x0000000080004fb0 (0x00802e33) slt     t3, zero, s0
core   0: 1 0x0000000080004fb0 (0x00802e33) x28 0x0000000000000001
core   0: 0x0000000080004fb4 (0xa3218ed3) fle.d   t4, ft3, fs2
core   0: 1 0x0000000080004fb4 (0xa3218ed3) x29 0x0000000000000001
core   0: 0x0000000080004fb8 (0x4102da9b) sraiw   s5, t0, 16
core   0: 1 0x0000000080004fb8 (0x4102da9b) x21 0x000000000000003f
core   0: 0x0000000080004fbc (0x1000f073) csrrci  zero, sstatus, 1
core   0: 1 0x0000000080004fbc (0x1000f073) c768_mstatus 0x8000000a00106080
core   0: 0x0000000080004fc0 (0xb5506793) ori     a5, zero, -1195
core   0: 1 0x0000000080004fc0 (0xb5506793) x15 0xfffffffffffffb55
core   0: 0x0000000080004fc4 (0x03d88eb3) mul     t4, a7, t4
core   0: 1 0x0000000080004fc4 (0x03d88eb3) x29 0x0000000000000000
core   0: 0x0000000080004fc8 (0xd2217153) fcvt.d.l ft2, sp
core   0: 1 0x0000000080004fc8 (0xd2217153) f2  0x0000000000000000
core   0: 0x0000000080004fcc (0x41acdcb3) sra     s9, s9, s10
core   0: 1 0x0000000080004fcc (0x41acdcb3) x25 0x0000000000000000
core   0: 0x0000000080004fd0 (0x00202073) csrrs   zero, frm, zero
core   0: 1 0x0000000080004fd0 (0x00202073)
core   0: 0x0000000080004fd4 (0x03551893) slli    a7, a0, 53
core   0: 1 0x0000000080004fd4 (0x03551893) x17 0x0000000000000000
core   0: 0x0000000080004fd8 (0x03fb5393) srli    t2, s6, 63
core   0: 1 0x0000000080004fd8 (0x03fb5393) x7  0x0000000000000000
core   0: 0x0000000080004fdc (0x00ca5737) lui     a4, 0xca5
core   0: 1 0x0000000080004fdc (0x00ca5737) x14 0x0000000000ca5000
core   0: 0x0000000080004fe0 (0x27b7071b) addiw   a4, a4, 635
core   0: 1 0x0000000080004fe0 (0x27b7071b) x14 0x0000000000ca527b
core   0: 0x0000000080004fe4 (0x0000073e) c.slli  a4, 15
core   0: 1 0x0000000080004fe4 (0x073e) x14 0x00000065293d8000
core   0: 0x0000000080004fe6 (0x91f70713) addi    a4, a4, -1761
core   0: 1 0x0000000080004fe6 (0x91f70713) x14 0x00000065293d791f
core   0: 0x0000000080004fea (0x01085833) srl     a6, a6, a6
core   0: 1 0x0000000080004fea (0x01085833) x16 0x0000000000000001
core   0: 0x0000000080004fee (0xc03f7953) fcvt.lu.s s2, ft10
core   0: 1 0x0000000080004fee (0xc03f7953) x18 0x0000000000000000
core   0: 0x0000000080004ff2 (0xd02df553) fcvt.s.l fa0, s11
core   0: 1 0x0000000080004ff2 (0xd02df553) f10 0xffffffff3f800000
core   0: 0x0000000080004ff6 (0x02a86e33) rem     t3, a6, a0
core   0: 1 0x0000000080004ff6 (0x02a86e33) x28 0x0000000000000001
core   0: 0x0000000080004ffa (0x00009a3a) c.add   s4, a4
core   0: 1 0x0000000080004ffa (0x9a3a) x20 0x00000065293d791f
core   0: 0x0000000080004ffc (0x41dbd99b) sraiw   s3, s7, 29
core   0: 1 0x0000000080004ffc (0x41dbd99b) x19 0xfffffffffffffffd
core   0: 0x0000000080005000 (0x420b0e53) fcvt.d.s ft8, fs6
core   0: 1 0x0000000080005000 (0x420b0e53) f28 0x7ff8000000000000
core   0: 0x0000000080005004 (0x03f09913) slli    s2, ra, 63
core   0: 1 0x0000000080005004 (0x03f09913) x18 0x0000000000000000
core   0: 0x0000000080005008 (0x001027f3) csrrs   a5, fflags, zero
core   0: 1 0x0000000080005008 (0x001027f3) x15 0x0000000000000011
core   0: 0x000000008000500c (0x366c4193) xori    gp, s8, 870
core   0: 1 0x000000008000500c (0x366c4193) x3  0x00000000fbf06da8
core   0: 0x0000000080005010 (0x417cda33) sra     s4, s9, s7
core   0: 1 0x0000000080005010 (0x417cda33) x20 0x0000000000000000
core   0: 0x0000000080005014 (0x22222cd3) fsgnjx.d fs9, ft4, ft2
core   0: 1 0x0000000080005014 (0x22222cd3) f25 0x41e427d971000000
core   0: 0x0000000080005018 (0x03fa5b13) srli    s6, s4, 63
core   0: 1 0x0000000080005018 (0x03fa5b13) x22 0x0000000000000000
core   0: 0x000000008000501c (0x410c5a9b) sraiw   s5, s8, 16
core   0: 1 0x000000008000501c (0x410c5a9b) x21 0xfffffffffffffbf0
core   0: 0x0000000080005020 (0x00ec8dbb) addw    s11, s9, a4
core   0: 1 0x0000000080005020 (0x00ec8dbb) x27 0x00000000293d791f
core   0: 0x0000000080005024 (0x5798f893) andi    a7, a7, 1401
core   0: 1 0x0000000080005024 (0x5798f893) x17 0x0000000000000000
core   0: 0x0000000080005028 (0x02f157b3) divu    a5, sp, a5
core   0: 1 0x0000000080005028 (0x02f157b3) x15 0x0000000000000000
core   0: 0x000000008000502c (0x2b9c9753) fmax.d  fa4, fs9, fs9
core   0: 1 0x000000008000502c (0x2b9c9753) f14 0x41e427d971000000
core   0: 0x0000000080005030 (0x0000883e) c.mv    a6, a5
core   0: 1 0x0000000080005030 (0x883e) x16 0x0000000000000000
core   0: 0x0000000080005032 (0x409d5d1b) sraiw   s10, s10, 9
core   0: 1 0x0000000080005032 (0x409d5d1b) x26 0x0000000000000000
core   0: 0x0000000080005036 (0xd23b7553) fcvt.d.lu fa0, s6
core   0: 1 0x0000000080005036 (0xd23b7553) f10 0x0000000000000000
core   0: 0x000000008000503a (0x5a02f853) fsqrt.d fa6, ft5
core   0: 1 0x000000008000503a (0x5a02f853) c1_fflags 0x0000000000000011 f16 0x7ff8000000000000
core   0: 0x000000008000503e (0x2b079d53) fmax.d  fs10, fa5, fa6
core   0: 1 0x000000008000503e (0x2b079d53) f26 0x4064600000000000
core   0: 0x0000000080005042 (0x00000001) c.nop
core   0: 1 0x0000000080005042 (0x0001)
core   0: 0x0000000080005044 (0xc032fe53) fcvt.lu.s t3, ft5
core   0: 1 0x0000000080005044 (0xc032fe53) c1_fflags 0x0000000000000011 x28 0xffffffffffffffff
core   0: 0x0000000080005048 (0x0119dcbb) srlw    s9, s3, a7
core   0: 1 0x0000000080005048 (0x0119dcbb) x25 0xfffffffffffffffd
core   0: 0x000000008000504c (0x00444933) xor     s2, s0, tp
core   0: 1 0x000000008000504c (0x00444933) x18 0x000000007fff9f30
core   0: 0x0000000080005050 (0x2af48dd3) fmin.d  fs11, fs1, fa5
core   0: 1 0x0000000080005050 (0x2af48dd3) f27 0x4064600000000000
core   0: 0x0000000080005054 (0x400405b3) sub     a1, s0, zero
core   0: 1 0x0000000080005054 (0x400405b3) x11 0x000000007fff9f30
core   0: 0x0000000080005058 (0x8d490a9b) addiw   s5, s2, -1836
core   0: 1 0x0000000080005058 (0x8d490a9b) x21 0x000000007fff9804
core   0: 0x000000008000505c (0x0139c733) xor     a4, s3, s3
core   0: 1 0x000000008000505c (0x0139c733) x14 0x0000000000000000
core   0: 0x0000000080005060 (0x40bc53bb) sraw    t2, s8, a1
core   0: 1 0x0000000080005060 (0x40bc53bb) x7  0xfffffffffffffbf0
core   0: 0x0000000080005064 (0xd22c7153) fcvt.d.l ft2, s8
core   0: 1 0x0000000080005064 (0xd22c7153) f2  0x41ef7e0dd9c00000
core   0: 0x0000000080005068 (0x009a6ab3) or      s5, s4, s1
core   0: 1 0x0000000080005068 (0x009a6ab3) x21 0x0000000000000000
core   0: 0x000000008000506c (0x025ad3bb) divuw   t2, s5, t0
core   0: 1 0x000000008000506c (0x025ad3bb) x7  0x0000000000000000
core   0: 0x0000000080005070 (0xa35d0353) fle.d   t1, fs10, fs5
core   0: 1 0x0000000080005070 (0xa35d0353) c1_fflags 0x0000000000000011 x6  0x0000000000000000
core   0: 0x0000000080005074 (0x4073013b) subw    sp, t1, t2
core   0: 1 0x0000000080005074 (0x4073013b) x2  0x0000000000000000
core   0: 0x0000000080005078 (0x02743433) mulhu   s0, s0, t2
core   0: 1 0x0000000080005078 (0x02743433) x8  0x0000000000000000
core   0: 0x000000008000507c (0xc23dfcd3) fcvt.lu.d s9, fs11
core   0: 1 0x000000008000507c (0xc23dfcd3) x25 0x00000000000000a3
core   0: 0x0000000080005080 (0x01252cb3) slt     s9, a0, s2
core   0: 1 0x0000000080005080 (0x01252cb3) x25 0x0000000000000001
core   0: 0x0000000080005084 (0xd20d8d53) fcvt.d.w fs10, s11
core   0: 1 0x0000000080005084 (0xd20d8d53) f26 0x41c49ebc8f800000
core   0: 0x0000000080005088 (0x01b95c3b) srlw    s8, s2, s11
core   0: 1 0x0000000080005088 (0x01b95c3b) x24 0x0000000000000000
core   0: 0x000000008000508c (0x00059693) slli    a3, a1, 0
core   0: 1 0x000000008000508c (0x00059693) x13 0x000000007fff9f30
core   0: 0x0000000080005090 (0x016410bb) sllw    ra, s0, s6
core   0: 1 0x0000000080005090 (0x016410bb) x1  0x0000000000000000
core   0: 0x0000000080005094 (0x41ce5093) srai    ra, t3, 28
core   0: 1 0x0000000080005094 (0x41ce5093) x1  0xffffffffffffffff
core   0: 0x0000000080005098 (0xccb04013) xori    zero, zero, -821
core   0: 1 0x0000000080005098 (0xccb04013)
core   0: 0x000000008000509c (0x40098533) sub     a0, s3, zero
core   0: 1 0x000000008000509c (0x40098533) x10 0xfffffffffffffffd
core   0: 0x00000000800050a0 (0x420c0a53) fcvt.d.s fs4, fs8
core   0: 1 0x00000000800050a0 (0x420c0a53) f20 0x7ff8000000000000
core   0: 0x00000000800050a4 (0x00202b73) csrrs   s6, frm, zero
core   0: 1 0x00000000800050a4 (0x00202b73) x22 0x0000000000000000
core   0: 0x00000000800050a8 (0x001ad393) srli    t2, s5, 1
core   0: 1 0x00000000800050a8 (0x001ad393) x7  0x0000000000000000
core   0: 0x00000000800050ac (0x32333773) csrrc   a4, mhpmevent3, t1
core   0: exception trap_illegal_instruction, epc 0x00000000800050ac
core   0:           tval 0x0000000032333773
core   0: >>>>  $xrv64i2p1_m2p0_a2p1_f2p2_d2p2_zicsr2p0_zifencei2p0_zmmul1p0_zba1p0_zbb1p0_zbc1p0_zbs1p0
core   0: 0x0000000080004000 (0x0080006f) j       pc + 0x8
core   0: 3 0x0000000080004000 (0x0080006f)
core   0: >>>>  mmode_exception_handler
core   0: 0x0000000080004008 (0x00002c17) auipc   s8, 0x2
core   0: 3 0x0000000080004008 (0x00002c17) x24 0x0000000080006008
core   0: 0x000000008000400c (0x0c8c0c13) addi    s8, s8, 200
core   0: 3 0x000000008000400c (0x0c8c0c13) x24 0x00000000800060d0
core   0: 0x0000000080004010 (0x000c00e7) jalr    s8
core   0: 3 0x0000000080004010 (0x000c00e7) x1  0x0000000080004014
core   0: >>>>  any_handler
core   0: 0x00000000800060d0 (0x341027f3) csrrs   a5, mepc, zero
core   0: 3 0x00000000800060d0 (0x341027f3) x15 0x00000000800050ac
core   0: 0x00000000800060d4 (0x34202773) csrrs   a4, mcause, zero
core   0: 3 0x00000000800060d4 (0x34202773) x14 0x0000000000000002
core   0: 0x00000000800060d8 (0x142026f3) csrrs   a3, scause, zero
core   0: 3 0x00000000800060d8 (0x142026f3) x13 0x0000000000000000
core   0: 0x00000000800060dc (0x30402673) csrrs   a2, mie, zero
core   0: 3 0x00000000800060dc (0x30402673) x12 0x0000000000000a00
core   0: 0x00000000800060e0 (0x344025f3) csrrs   a1, mip, zero
core   0: 3 0x00000000800060e0 (0x344025f3) x11 0x0000000000000080
core   0: 0x00000000800060e4 (0x343025f3) csrrs   a1, mtval, zero
core   0: 3 0x00000000800060e4 (0x343025f3) x11 0x0000000032333773
core   0: 0x00000000800060e8 (0x14302573) csrrs   a0, stval, zero
core   0: 3 0x00000000800060e8 (0x14302573) x10 0x0000000000000000
core   0: 0x00000000800060ec (0xb02024f3) csrrs   s1, minstret, zero
core   0: 3 0x00000000800060ec (0xb02024f3) x9  0x0000000000000d3c
core   0: 0x00000000800060f0 (0x0000a811) c.j     pc + 20
core   0: 3 0x00000000800060f0 (0xa811)
core   0: >>>>  mepc_4
core   0: 0x0000000080006104 (0x00000791) c.addi  a5, 4
core   0: 3 0x0000000080006104 (0x0791) x15 0x00000000800050b0
core   0: 0x0000000080006106 (0x34179073) csrrw   zero, mepc, a5
core   0: 3 0x0000000080006106 (0x34179073) c833_mepc 0x00000000800050b0
core   0: 0x000000008000610a (0x30200073) mret
core   0: 3 0x000000008000610a (0x30200073) c768_mstatus 0x8000000a00106080
core   0: 0x00000000800050b0 (0x02277a33) remu    s4, a4, sp
core   0: 1 0x00000000800050b0 (0x02277a33) x20 0x0000000000000002
core   0: 0x00000000800050b4 (0x011889b3) add     s3, a7, a7
core   0: 1 0x00000000800050b4 (0x011889b3) x19 0x0000000000000000
core   0: 0x00000000800050b8 (0x4019fb53) fcvt.s.d fs6, fs3
core   0: 1 0x00000000800050b8 (0x4019fb53) f22 0xffffffff00000000
core   0: 0x00000000800050bc (0x41bbdb9b) sraiw   s7, s7, 27
core   0: 1 0x00000000800050bc (0x41bbdb9b) x23 0xfffffffffffffff6
core   0: 0x00000000800050c0 (0x407d89b3) sub     s3, s11, t2
core   0: 1 0x00000000800050c0 (0x407d89b3) x19 0x00000000293d791f
core   0: 0x00000000800050c4 (0x0204643b) remw    s0, s0, zero
core   0: 1 0x00000000800050c4 (0x0204643b) x8  0x0000000000000000
core   0: 0x00000000800050c8 (0x0b3b7f53) fsub.d  ft10, fs6, fs3
core   0: 1 0x00000000800050c8 (0x0b3b7f53) f30 0x7ff8000000000000
core   0: 0x00000000800050cc (0x010800b3) add     ra, a6, a6
core   0: 1 0x00000000800050cc (0x010800b3) x1  0x0000000000000000
core   0: 0x00000000800050d0 (0x0217673b) remw    a4, a4, ra
core   0: 1 0x00000000800050d0 (0x0217673b) x14 0x0000000000000002
core   0: 0x00000000800050d4 (0x00137833) and     a6, t1, ra
core   0: 1 0x00000000800050d4 (0x00137833) x16 0x0000000000000000
core   0: 0x00000000800050d8 (0x014dfdb3) and     s11, s11, s4
core   0: 1 0x00000000800050d8 (0x014dfdb3) x27 0x0000000000000002
core   0: 0x00000000800050dc (0x41d386b3) sub     a3, t2, t4
core   0: 1 0x00000000800050dc (0x41d386b3) x13 0x0000000000000000
core   0: 0x00000000800050e0 (0x1a88f5d3) fdiv.d  fa1, fa7, fs0
core   0: 1 0x00000000800050e0 (0x1a88f5d3) f11 0x7ff8000000000000
core   0: 0x00000000800050e4 (0xb2217bc3) fmadd.d fs7, ft2, ft2, fs6
core   0: 1 0x00000000800050e4 (0xb2217bc3) f23 0x7ff8000000000000
core   0: 0x00000000800050e8 (0x031058bb) divuw   a7, zero, a7
core   0: 1 0x00000000800050e8 (0x031058bb) x17 0xffffffffffffffff
core   0: 0x00000000800050ec (0x01b01a33) sll     s4, zero, s11
core   0: 1 0x00000000800050ec (0x01b01a33) x20 0x0000000000000000
core   0: 0x00000000800050f0 (0x02108bb3) mul     s7, ra, ra
core   0: 1 0x00000000800050f0 (0x02108bb3) x23 0x0000000000000000
core   0: 0x00000000800050f4 (0x12e771d3) fmul.d  ft3, fa4, fa4
core   0: 1 0x00000000800050f4 (0x12e771d3) c1_fflags 0x0000000000000011 f3  0x43d96402da11ec3e
core   0: 0x00000000800050f8 (0xf2048d53) fmv.d.x fs10, s1
core   0: 1 0x00000000800050f8 (0xf2048d53) f26 0x0000000000000d3c
core   0: 0x00000000800050fc (0x00e058b3) srl     a7, zero, a4
core   0: 1 0x00000000800050fc (0x00e058b3) x17 0x0000000000000000
core   0: 0x0000000080005100 (0x4069591b) sraiw   s2, s2, 6
core   0: 1 0x0000000080005100 (0x4069591b) x18 0x0000000001fffe7c
core   0: 0x0000000080005104 (0x40f45c1b) sraiw   s8, s0, 15
core   0: 1 0x0000000080005104 (0x40f45c1b) x24 0x0000000000000000
core   0: 0x0000000080005108 (0x23578ad3) fsgnj.d fs5, fa5, fs5
core   0: 1 0x0000000080005108 (0x23578ad3) f21 0x4064600000000000
core   0: 0x000000008000510c (0xaa227f4b) fnmsub.d ft10, ft4, ft2, fs5
core   0: 1 0x000000008000510c (0xaa227f4b) c1_fflags 0x0000000000000011 f30 0xc3e3d60046fc6f87
core   0: 0x0000000080005110 (0x0318e0bb) remw    ra, a7, a7
core   0: 1 0x0000000080005110 (0x0318e0bb) x1  0x0000000000000000
core   0: 0x0000000080005114 (0x009101b3) add     gp, sp, s1
core   0: 1 0x0000000080005114 (0x009101b3) x3  0x0000000000000d3c
core   0: 0x0000000080005118 (0x017bdbbb) srlw    s7, s7, s7
core   0: 1 0x0000000080005118 (0x017bdbbb) x23 0x0000000000000000
core   0: 0x000000008000511c (0x012a073b) addw    a4, s4, s2
core   0: 1 0x000000008000511c (0x012a073b) x14 0x0000000001fffe7c
core   0: 0x0000000080005120 (0xf2088cd3) fmv.d.x fs9, a7
core   0: 1 0x0000000080005120 (0xf2088cd3) f25 0x0000000000000000
core   0: 0x0000000080005124 (0xfff07813) andi    a6, zero, -1
core   0: 1 0x0000000080005124 (0xfff07813) x16 0x0000000000000000
core   0: 0x0000000080005128 (0xd2100ad3) fcvt.d.wu fs5, zero
core   0: 1 0x0000000080005128 (0xd2100ad3) f21 0x0000000000000000
core   0: 0x000000008000512c (0x00000001) c.nop
core   0: 1 0x000000008000512c (0x0001)
core   0: 0x000000008000512e (0x23aa9f53) fsgnjn.d ft10, fs5, fs10
core   0: 1 0x000000008000512e (0x23aa9f53) f30 0x8000000000000000
core   0: 0x0000000080005132 (0x02bb75d3) fadd.d  fa1, fs6, fa1
core   0: 1 0x0000000080005132 (0x02bb75d3) f11 0x7ff8000000000000
core   0: 0x0000000080005136 (0x0061151b) slliw   a0, sp, 6
core   0: 1 0x0000000080005136 (0x0061151b) x10 0x0000000000000000
core   0: 0x000000008000513a (0xc21b7a53) fcvt.wu.d s4, fs6
core   0: 1 0x000000008000513a (0xc21b7a53) c1_fflags 0x0000000000000011 x20 0xffffffffffffffff
core   0: 0x000000008000513e (0x0066e6b3) or      a3, a3, t1
core   0: 1 0x000000008000513e (0x0066e6b3) x13 0x0000000000000000
core   0: 0x0000000080005142 (0x02d6d2b3) divu    t0, a3, a3
core   0: 1 0x0000000080005142 (0x02d6d2b3) x5  0xffffffffffffffff
core   0: 0x0000000080005146 (0xc21bfed3) fcvt.wu.d t4, fs7
core   0: 1 0x0000000080005146 (0xc21bfed3) c1_fflags 0x0000000000000011 x29 0xffffffffffffffff
core   0: 0x000000008000514a (0x800d6d13) ori     s10, s10, -2048
core   0: 1 0x000000008000514a (0x800d6d13) x26 0xfffffffffffff800
core   0: 0x000000008000514e (0x0ad0f6d3) fsub.d  fa3, ft1, fa3
core   0: 1 0x000000008000514e (0x0ad0f6d3) f13 0x7ff8000000000000
core   0: 0x0000000080005152 (0x41aed633) sra     a2, t4, s10
core   0: 1 0x0000000080005152 (0x41aed633) x12 0xffffffffffffffff
core   0: 0x0000000080005156 (0x00170813) addi    a6, a4, 1
core   0: 1 0x0000000080005156 (0x00170813) x16 0x0000000001fffe7d
core   0: 0x000000008000515a (0xd20a08d3) fcvt.d.w fa7, s4
core   0: 1 0x000000008000515a (0xd20a08d3) f17 0xbff0000000000000
core   0: 0x000000008000515e (0x0052ce33) xor     t3, t0, t0
core   0: 1 0x000000008000515e (0x0052ce33) x28 0x0000000000000000
core   0: 0x0000000080005162 (0x03c484bb) mulw    s1, s1, t3
core   0: 1 0x0000000080005162 (0x03c484bb) x9  0x0000000000000000
core   0: 0x0000000080005166 (0x00000001) c.nop
core   0: 1 0x0000000080005166 (0x0001)
core   0: 0x0000000080005168 (0x4d3e4613) xori    a2, t3, 1235
core   0: 1 0x0000000080005168 (0x4d3e4613) x12 0x00000000000004d3
core   0: 0x000000008000516c (0x02ca3db3) mulhu   s11, s4, a2
core   0: 1 0x000000008000516c (0x02ca3db3) x27 0x00000000000004d2
core   0: 0x0000000080005170 (0xa31185d3) fle.d   a1, ft3, fa7
core   0: 1 0x0000000080005170 (0xa31185d3) x11 0x0000000000000000
core   0: 0x0000000080005174 (0x1b2b7353) fdiv.d  ft6, fs6, fs2
core   0: 1 0x0000000080005174 (0x1b2b7353) f6  0x7ff8000000000000
core   0: 0x0000000080005178 (0xd03d7053) fcvt.s.lu ft0, s10
core   0: 1 0x0000000080005178 (0xd03d7053) c1_fflags 0x0000000000000011 f0  0xffffffff5f800000
core   0: 0x000000008000517c (0x4a9ff4cf) fnmadd.d fs1, ft11, fs1, fs1
core   0: 1 0x000000008000517c (0x4a9ff4cf) f9  0x7ff8000000000000
core   0: 0x0000000080005180 (0x2bc313d3) fmax.d  ft7, ft6, ft8
core   0: 1 0x0000000080005180 (0x2bc313d3) f7  0x7ff8000000000000
core   0: 0x0000000080005184 (0x41d00bbb) subw    s7, zero, t4
core   0: 1 0x0000000080005184 (0x41d00bbb) x23 0x0000000000000001
core   0: 0x0000000080005188 (0x0088c833) xor     a6, a7, s0
core   0: 1 0x0000000080005188 (0x0088c833) x16 0x0000000000000000
core   0: 0x000000008000518c (0xc220f9d3) fcvt.l.d s3, ft1
core   0: 1 0x000000008000518c (0xc220f9d3) c1_fflags 0x0000000000000011 x19 0x7fffffffffffffff
core   0: 0x0000000080005190 (0x035d5cb3) divu    s9, s10, s5
core   0: 1 0x0000000080005190 (0x035d5cb3) x25 0xffffffffffffffff
core   0: 0x0000000080005194 (0xc22e7ad3) fcvt.l.d s5, ft8
core   0: 1 0x0000000080005194 (0xc22e7ad3) c1_fflags 0x0000000000000011 x21 0x7fffffffffffffff
core   0: 0x0000000080005198 (0x0058e2b3) or      t0, a7, t0
core   0: 1 0x0000000080005198 (0x0058e2b3) x5  0xffffffffffffffff
core   0: 0x000000008000519c (0x413386b3) sub     a3, t2, s3
core   0: 1 0x000000008000519c (0x413386b3) x13 0x8000000000000001
core   0: 0x00000000800051a0 (0xd2070ed3) fcvt.d.w ft9, a4
core   0: 1 0x00000000800051a0 (0xd2070ed3) f29 0x417fffe7c0000000
core   0: 0x00000000800051a4 (0x00149b73) csrrw   s6, fflags, s1
core   0: 1 0x00000000800051a4 (0x00149b73) x22 0x0000000000000011 c1_fflags 0x0000000000000000
core   0: 0x00000000800051a8 (0x416b093b) subw    s2, s6, s6
core   0: 1 0x00000000800051a8 (0x416b093b) x18 0x0000000000000000
core   0: 0x00000000800051ac (0x0004d09b) srliw   ra, s1, 0
core   0: 1 0x00000000800051ac (0x0004d09b) x1  0x0000000000000000
core   0: 0x00000000800051b0 (0x026b50bb) divuw   ra, s6, t1
core   0: 1 0x00000000800051b0 (0x026b50bb) x1  0xffffffffffffffff
core   0: 0x00000000800051b4 (0x001ade13) srli    t3, s5, 1
core   0: 1 0x00000000800051b4 (0x001ade13) x28 0x3fffffffffffffff
core   0: 0x00000000800051b8 (0x000de033) or      zero, s11, zero
core   0: 1 0x00000000800051b8 (0x000de033)
core   0: 0x00000000800051bc (0x40a0d5bb) sraw    a1, ra, a0
core   0: 1 0x00000000800051bc (0x40a0d5bb) x11 0xffffffffffffffff
core   0: 0x00000000800051c0 (0x03f59713) slli    a4, a1, 63
core   0: 1 0x00000000800051c0 (0x03f59713) x14 0x8000000000000000
core   0: 0x00000000800051c4 (0xc22a71d3) fcvt.l.d gp, fs4
core   0: 1 0x00000000800051c4 (0xc22a71d3) c1_fflags 0x0000000000000010 x3  0x7fffffffffffffff
core   0: 0x00000000800051c8 (0x017a97b3) sll     a5, s5, s7
core   0: 1 0x00000000800051c8 (0x017a97b3) x15 0xfffffffffffffffe
core   0: 0x00000000800051cc (0x03f81b13) slli    s6, a6, 63
core   0: 1 0x00000000800051cc (0x03f81b13) x22 0x0000000000000000
core   0: 0x00000000800051d0 (0x00102c73) csrrs   s8, fflags, zero
core   0: 1 0x00000000800051d0 (0x00102c73) x24 0x0000000000000010
core   0: 0x00000000800051d4 (0xa26282d3) fle.d   t0, ft5, ft6
core   0: 1 0x00000000800051d4 (0xa26282d3) c1_fflags 0x0000000000000010 x5  0x0000000000000000
core   0: 0x00000000800051d8 (0xc219f453) fcvt.wu.d s0, fs3
core   0: 1 0x00000000800051d8 (0xc219f453) x8  0x0000000000000000
core   0: 0x00000000800051dc (0x001d9ef3) csrrw   t4, fflags, s11
core   0: 1 0x00000000800051dc (0x001d9ef3) x29 0x0000000000000010 c1_fflags 0x0000000000000012
core   0: 0x00000000800051e0 (0x3434d073) csrrwi  zero, mtval, 9
core   0: exception trap_illegal_instruction, epc 0x00000000800051e0
core   0:           tval 0x000000003434d073
core   0: >>>>  $xrv64i2p1_m2p0_a2p1_f2p2_d2p2_zicsr2p0_zifencei2p0_zmmul1p0_zba1p0_zbb1p0_zbc1p0_zbs1p0
core   0: 0x0000000080004000 (0x0080006f) j       pc + 0x8
core   0: 3 0x0000000080004000 (0x0080006f)
core   0: >>>>  mmode_exception_handler
core   0: 0x0000000080004008 (0x00002c17) auipc   s8, 0x2
core   0: 3 0x0000000080004008 (0x00002c17) x24 0x0000000080006008
core   0: 0x000000008000400c (0x0c8c0c13) addi    s8, s8, 200
core   0: 3 0x000000008000400c (0x0c8c0c13) x24 0x00000000800060d0
core   0: 0x0000000080004010 (0x000c00e7) jalr    s8
core   0: 3 0x0000000080004010 (0x000c00e7) x1  0x0000000080004014
core   0: >>>>  any_handler
core   0: 0x00000000800060d0 (0x341027f3) csrrs   a5, mepc, zero
core   0: 3 0x00000000800060d0 (0x341027f3) x15 0x00000000800051e0
core   0: 0x00000000800060d4 (0x34202773) csrrs   a4, mcause, zero
core   0: 3 0x00000000800060d4 (0x34202773) x14 0x0000000000000002
core   0: 0x00000000800060d8 (0x142026f3) csrrs   a3, scause, zero
core   0: 3 0x00000000800060d8 (0x142026f3) x13 0x0000000000000000
core   0: 0x00000000800060dc (0x30402673) csrrs   a2, mie, zero
core   0: 3 0x00000000800060dc (0x30402673) x12 0x0000000000000a00
core   0: 0x00000000800060e0 (0x344025f3) csrrs   a1, mip, zero
core   0: 3 0x00000000800060e0 (0x344025f3) x11 0x0000000000000080
core   0: 0x00000000800060e4 (0x343025f3) csrrs   a1, mtval, zero
core   0: 3 0x00000000800060e4 (0x343025f3) x11 0x000000003434d073
core   0: 0x00000000800060e8 (0x14302573) csrrs   a0, stval, zero
core   0: 3 0x00000000800060e8 (0x14302573) x10 0x0000000000000000
core   0: 0x00000000800060ec (0xb02024f3) csrrs   s1, minstret, zero
core   0: 3 0x00000000800060ec (0xb02024f3) x9  0x0000000000000d99
core   0: 0x00000000800060f0 (0x0000a811) c.j     pc + 20
core   0: 3 0x00000000800060f0 (0xa811)
core   0: >>>>  mepc_4
core   0: 0x0000000080006104 (0x00000791) c.addi  a5, 4
core   0: 3 0x0000000080006104 (0x0791) x15 0x00000000800051e4
core   0: 0x0000000080006106 (0x34179073) csrrw   zero, mepc, a5
core   0: 3 0x0000000080006106 (0x34179073) c833_mepc 0x00000000800051e4
core   0: 0x000000008000610a (0x30200073) mret
core   0: 3 0x000000008000610a (0x30200073) c768_mstatus 0x8000000a00106080
core   0: 0x00000000800051e4 (0x028624b3) mulhsu  s1, a2, s0
core   0: 1 0x00000000800051e4 (0x028624b3) x9  0x0000000000000000
core   0: 0x00000000800051e8 (0x141ab073) csrrc   zero, sepc, s5
core   0: 1 0x00000000800051e8 (0x141ab073) c321_sepc 0x0000000000000000
core   0: 0x00000000800051ec (0xa7fd3317) auipc   t1, 0xa7fd3
core   0: 1 0x00000000800051ec (0xa7fd3317) x6  0x0000000027fd81ec
core   0: 0x00000000800051f0 (0x1bd3fcc3) fmadd.d fs9, ft7, ft9, ft3
core   0: 1 0x00000000800051f0 (0x1bd3fcc3) f25 0x7ff8000000000000
core   0: 0x00000000800051f4 (0x80030693) addi    a3, t1, -2048
core   0: 1 0x00000000800051f4 (0x80030693) x13 0x0000000027fd79ec
core   0: 0x00000000800051f8 (0xd2337653) fcvt.d.lu fa2, t1
core   0: 1 0x00000000800051f8 (0xd2337653) f12 0x41c3fec0f6000000
core   0: 0x00000000800051fc (0x010d179b) slliw   a5, s10, 16
core   0: 1 0x00000000800051fc (0x010d179b) x15 0xfffffffff8000000
core   0: 0x0000000080005200 (0x03825d93) srli    s11, tp, 56
core   0: 1 0x0000000080005200 (0x03825d93) x27 0x0000000000000000
core   0: 0x0000000080005204 (0x008e09bb) addw    s3, t3, s0
core   0: 1 0x0000000080005204 (0x008e09bb) x19 0xffffffffffffffff
core   0: 0x0000000080005208 (0xc033f7d3) fcvt.lu.s a5, ft7
core   0: 1 0x0000000080005208 (0xc033f7d3) c1_fflags 0x0000000000000012 x15 0xffffffffffffffff
core   0: 0x000000008000520c (0x00102573) csrrs   a0, fflags, zero
core   0: 1 0x000000008000520c (0x00102573) x10 0x0000000000000012
core   0: 0x0000000080005210 (0x01a57ab3) and     s5, a0, s10
core   0: 1 0x0000000080005210 (0x01a57ab3) x21 0x0000000000000000
core   0: 0x0000000080005214 (0x00202573) csrrs   a0, frm, zero
core   0: 1 0x0000000080005214 (0x00202573) x10 0x0000000000000000
core   0: 0x0000000080005218 (0x03b35a33) divu    s4, t1, s11
core   0: 1 0x0000000080005218 (0x03b35a33) x20 0xffffffffffffffff
core   0: 0x000000008000521c (0x001029f3) csrrs   s3, fflags, zero
core   0: 1 0x000000008000521c (0x001029f3) x19 0x0000000000000012
core   0: 0x0000000080005220 (0x0040d1bb) srlw    gp, ra, tp
core   0: 1 0x0000000080005220 (0x0040d1bb) x3  0xffffffff80004014
core   0: 0x0000000080005224 (0xd2120953) fcvt.d.wu fs2, tp
core   0: 1 0x0000000080005224 (0xd2120953) f18 0x0000000000000000
core   0: 0x0000000080005228 (0x2a6b0c53) fmin.d  fs8, fs6, ft6
core   0: 1 0x0000000080005228 (0x2a6b0c53) f24 0x7ff8000000000000
core   0: 0x000000008000522c (0x026f7f53) fadd.d  ft10, ft10, ft6
core   0: 1 0x000000008000522c (0x026f7f53) f30 0x7ff8000000000000
core   0: 0x0000000080005230 (0x0009999b) slliw   s3, s3, 0
core   0: 1 0x0000000080005230 (0x0009999b) x19 0x0000000000000012
core   0: 0x0000000080005234 (0x53563b97) auipc   s7, 0x53563
core   0: 1 0x0000000080005234 (0x53563b97) x23 0x00000000d3568234
core   0: 0x0000000080005238 (0x41b98633) sub     a2, s3, s11
core   0: 1 0x0000000080005238 (0x41b98633) x12 0x0000000000000012
core   0: 0x000000008000523c (0x034678b3) remu    a7, a2, s4
core   0: 1 0x000000008000523c (0x034678b3) x17 0x0000000000000012
core   0: 0x0000000080005240 (0x416ad2bb) sraw    t0, s5, s6
core   0: 1 0x0000000080005240 (0x416ad2bb) x5  0x0000000000000000
core   0: 0x0000000080005244 (0x415a573b) sraw    a4, s4, s5
core   0: 1 0x0000000080005244 (0x415a573b) x14 0xffffffffffffffff
core   0: 0x0000000080005248 (0x0208f053) fadd.d  ft0, fa7, ft0
core   0: 1 0x0000000080005248 (0x0208f053) f0  0x7ff8000000000000
core   0: 0x000000008000524c (0xfffecd13) not     s10, t4
core   0: 1 0x000000008000524c (0xfffecd13) x26 0xffffffffffffffef
core   0: 0x0000000080005250 (0x01a708bb) addw    a7, a4, s10
core   0: 1 0x0000000080005250 (0x01a708bb) x17 0xffffffffffffffee
core   0: 0x0000000080005254 (0x00000001) c.nop
core   0: 1 0x0000000080005254 (0x0001)
core   0: 0x0000000080005256 (0x0369c7bb) divw    a5, s3, s6
core   0: 1 0x0000000080005256 (0x0369c7bb) x15 0xffffffffffffffff
core   0: 0x000000008000525a (0x00d8e5b3) or      a1, a7, a3
core   0: 1 0x000000008000525a (0x00d8e5b3) x11 0xffffffffffffffee
core   0: 0x000000008000525e (0xc238fcd3) fcvt.lu.d s9, fa7
core   0: 1 0x000000008000525e (0xc238fcd3) c1_fflags 0x0000000000000012 x25 0x0000000000000000
core   0: 0x0000000080005262 (0x03801193) slli    gp, zero, 56
core   0: 1 0x0000000080005262 (0x03801193) x3  0x0000000000000000
core   0: 0x0000000080005266 (0x0011571b) srliw   a4, sp, 1
core   0: 1 0x0000000080005266 (0x0011571b) x14 0x0000000000000000
core   0: 0x000000008000526a (0xd0327753) fcvt.s.lu fa4, tp
core   0: 1 0x000000008000526a (0xd0327753) f14 0xffffffff00000000
core   0: 0x000000008000526e (0x02abb533) mulhu   a0, s7, a0
core   0: 1 0x000000008000526e (0x02abb533) x10 0x0000000000000000
core   0: 0x0000000080005272 (0xa23c8453) fle.d   s0, fs9, ft3
core   0: 1 0x0000000080005272 (0xa23c8453) c1_fflags 0x0000000000000012 x8  0x0000000000000000
core   0: 0x0000000080005276 (0x00000001) c.nop
core   0: 1 0x0000000080005276 (0x0001)
core   0: 0x0000000080005278 (0xd20b02d3) fcvt.d.w ft5, s6
core   0: 1 0x0000000080005278 (0xd20b02d3) f5  0x0000000000000000
core   0: 0x000000008000527c (0x00a20c3b) addw    s8, tp, a0
core   0: 1 0x000000008000527c (0x00a20c3b) x24 0x0000000000000000
core   0: 0x0000000080005280 (0x00425d3b) srlw    s10, tp, tp
core   0: 1 0x0000000080005280 (0x00425d3b) x26 0x0000000000000000
core   0: 0x0000000080005284 (0x00b3d133) srl     sp, t2, a1
core   0: 1 0x0000000080005284 (0x00b3d133) x2  0x0000000000000000
core   0: 0x0000000080005288 (0x035151b3) divu    gp, sp, s5
core   0: 1 0x0000000080005288 (0x035151b3) x3  0xffffffffffffffff
core   0: 0x000000008000528c (0xc05b3773) csrrc   a4, hpmcounter5, s6
core   0: exception trap_illegal_instruction, epc 0x000000008000528c
core   0:           tval 0x00000000c05b3773
core   0: >>>>  $xrv64i2p1_m2p0_a2p1_f2p2_d2p2_zicsr2p0_zifencei2p0_zmmul1p0_zba1p0_zbb1p0_zbc1p0_zbs1p0
core   0: 0x0000000080004000 (0x0080006f) j       pc + 0x8
core   0: 3 0x0000000080004000 (0x0080006f)
core   0: >>>>  mmode_exception_handler
core   0: 0x0000000080004008 (0x00002c17) auipc   s8, 0x2
core   0: 3 0x0000000080004008 (0x00002c17) x24 0x0000000080006008
core   0: 0x000000008000400c (0x0c8c0c13) addi    s8, s8, 200
core   0: 3 0x000000008000400c (0x0c8c0c13) x24 0x00000000800060d0
core   0: 0x0000000080004010 (0x000c00e7) jalr    s8
core   0: 3 0x0000000080004010 (0x000c00e7) x1  0x0000000080004014
core   0: >>>>  any_handler
core   0: 0x00000000800060d0 (0x341027f3) csrrs   a5, mepc, zero
core   0: 3 0x00000000800060d0 (0x341027f3) x15 0x000000008000528c
core   0: 0x00000000800060d4 (0x34202773) csrrs   a4, mcause, zero
core   0: 3 0x00000000800060d4 (0x34202773) x14 0x0000000000000002
core   0: 0x00000000800060d8 (0x142026f3) csrrs   a3, scause, zero
core   0: 3 0x00000000800060d8 (0x142026f3) x13 0x0000000000000000
core   0: 0x00000000800060dc (0x30402673) csrrs   a2, mie, zero
core   0: 3 0x00000000800060dc (0x30402673) x12 0x0000000000000a00
core   0: 0x00000000800060e0 (0x344025f3) csrrs   a1, mip, zero
core   0: 3 0x00000000800060e0 (0x344025f3) x11 0x0000000000000080
core   0: 0x00000000800060e4 (0x343025f3) csrrs   a1, mtval, zero
core   0: 3 0x00000000800060e4 (0x343025f3) x11 0x00000000c05b3773
core   0: 0x00000000800060e8 (0x14302573) csrrs   a0, stval, zero
core   0: 3 0x00000000800060e8 (0x14302573) x10 0x0000000000000000
core   0: 0x00000000800060ec (0xb02024f3) csrrs   s1, minstret, zero
core   0: 3 0x00000000800060ec (0xb02024f3) x9  0x0000000000000dd4
core   0: 0x00000000800060f0 (0x0000a811) c.j     pc + 20
core   0: 3 0x00000000800060f0 (0xa811)
core   0: >>>>  mepc_4
core   0: 0x0000000080006104 (0x00000791) c.addi  a5, 4
core   0: 3 0x0000000080006104 (0x0791) x15 0x0000000080005290
core   0: 0x0000000080006106 (0x34179073) csrrw   zero, mepc, a5
core   0: 3 0x0000000080006106 (0x34179073) c833_mepc 0x0000000080005290
core   0: 0x000000008000610a (0x30200073) mret
core   0: 3 0x000000008000610a (0x30200073) c768_mstatus 0x8000000a00106080
core   0: 0x0000000080005290 (0x00eafab3) and     s5, s5, a4
core   0: 1 0x0000000080005290 (0x00eafab3) x21 0x0000000000000000
core   0: 0x0000000080005294 (0x03045433) divu    s0, s0, a6
core   0: 1 0x0000000080005294 (0x03045433) x8  0xffffffffffffffff
core   0: 0x0000000080005298 (0x29cf4137) lui     sp, 0x29cf4
core   0: 1 0x0000000080005298 (0x29cf4137) x2  0x0000000029cf4000
core   0: 0x000000008000529c (0x420f0f53) fcvt.d.s ft10, ft10
core   0: 1 0x000000008000529c (0x420f0f53) f30 0x7ff8000000000000
core   0: 0x00000000800052a0 (0x2b77724f) fnmadd.d ft4, fa4, fs7, ft5
core   0: 1 0x00000000800052a0 (0x2b77724f) f4  0x7ff8000000000000
core   0: 0x00000000800052a4 (0x416ddd9b) sraiw   s11, s11, 22
core   0: 1 0x00000000800052a4 (0x416ddd9b) x27 0x0000000000000000
core   0: 0x00000000800052a8 (0x028888b3) mul     a7, a7, s0
core   0: 1 0x00000000800052a8 (0x028888b3) x17 0x0000000000000012
core   0: 0x00000000800052ac (0x5a0f7053) fsqrt.d ft0, ft10
core   0: 1 0x00000000800052ac (0x5a0f7053) f0  0x7ff8000000000000
core   0: 0x00000000800052b0 (0xc2137ed3) fcvt.wu.d t4, ft6
core   0: 1 0x00000000800052b0 (0xc2137ed3) c1_fflags 0x0000000000000012 x29 0xffffffffffffffff
core   0: 0x00000000800052b4 (0x03d5e83b) remw    a6, a1, t4
core   0: 1 0x00000000800052b4 (0x03d5e83b) x16 0x0000000000000000
core   0: 0x00000000800052b8 (0x02fa813b) mulw    sp, s5, a5
core   0: 1 0x00000000800052b8 (0x02fa813b) x2  0x0000000000000000
core   0: 0x00000000800052bc (0x03e24db7) lui     s11, 0x3e24
core   0: 1 0x00000000800052bc (0x03e24db7) x27 0x0000000003e24000
core   0: 0x00000000800052c0 (0x841d8d9b) addiw   s11, s11, -1983
core   0: 1 0x00000000800052c0 (0x841d8d9b) x27 0x0000000003e23841
core   0: 0x00000000800052c4 (0x00000db2) c.slli  s11, 12
core   0: 1 0x00000000800052c4 (0x0db2) x27 0x0000003e23841000
core   0: 0x00000000800052c6 (0xd28d8d93) addi    s11, s11, -728
core   0: 1 0x00000000800052c6 (0xd28d8d93) x27 0x0000003e23840d28
core   0: 0x00000000800052ca (0x018440b3) xor     ra, s0, s8
core   0: 1 0x00000000800052ca (0x018440b3) x1  0xffffffff7fff9f2f
core   0: 0x00000000800052ce (0x400dda93) srai    s5, s11, 0
core   0: 1 0x00000000800052ce (0x400dda93) x21 0x0000003e23840d28
core   0: 0x00000000800052d2 (0x0153f033) and     zero, t2, s5
core   0: 1 0x00000000800052d2 (0x0153f033)
core   0: 0x00000000800052d6 (0xd223f7d3) fcvt.d.l fa5, t2
core   0: 1 0x00000000800052d6 (0xd223f7d3) f15 0x0000000000000000
core   0: 0x00000000800052da (0xc02276d3) fcvt.l.s a3, ft4
core   0: 1 0x00000000800052da (0xc02276d3) c1_fflags 0x0000000000000012 x13 0x7fffffffffffffff
core   0: 0x00000000800052de (0x01beb4b7) lui     s1, 0x1beb
core   0: 1 0x00000000800052de (0x01beb4b7) x9  0x0000000001beb000
core   0: 0x00000000800052e2 (0xc0307d53) fcvt.lu.s s10, ft0
core   0: 1 0x00000000800052e2 (0xc0307d53) c1_fflags 0x0000000000000012 x26 0xffffffffffffffff
core   0: 0x00000000800052e6 (0xd2188ad3) fcvt.d.wu fs5, a7
core   0: 1 0x00000000800052e6 (0xd2188ad3) f21 0x4032000000000000
core   0: 0x00000000800052ea (0x03557cd3) fadd.d  fs9, fa0, fs5
core   0: 1 0x00000000800052ea (0x03557cd3) f25 0x4032000000000000
core   0: 0x00000000800052ee (0xc9fdd317) auipc   t1, 0xc9fdd
core   0: 1 0x00000000800052ee (0xc9fdd317) x6  0x0000000049fe22ee
core   0: 0x00000000800052f2 (0x00289773) csrrw   a4, frm, a7
core   0: 1 0x00000000800052f2 (0x00289773) x14 0x0000000000000000 c2_frm 0x0000000000000002
core   0: 0x00000000800052f6 (0x4064d21b) sraiw   tp, s1, 6
core   0: 1 0x00000000800052f6 (0x4064d21b) x4  0x000000000006fac0
core   0: 0x00000000800052fa (0xb7cd4a13) xori    s4, s10, -1156
core   0: 1 0x00000000800052fa (0xb7cd4a13) x20 0x0000000000000483
core   0: 0x00000000800052fe (0xd229fe53) fcvt.d.l ft8, s3
core   0: 1 0x00000000800052fe (0xd229fe53) f28 0x4032000000000000
core   0: 0x0000000080005302 (0xca2c7c4f) fnmadd.d fs8, fs8, ft2, fs9
core   0: 1 0x0000000080005302 (0xca2c7c4f) f24 0x7ff8000000000000
core   0: 0x0000000080005306 (0x001026f3) csrrs   a3, fflags, zero
core   0: 1 0x0000000080005306 (0x001026f3) x13 0x0000000000000012
core   0: 0x000000008000530a (0x2a069953) fmax.d  fs2, fa3, ft0
core   0: 1 0x000000008000530a (0x2a069953) f18 0x7ff8000000000000
core   0: 0x000000008000530e (0xfc7925b7) lui     a1, 0xfc792
core   0: 1 0x000000008000530e (0xfc7925b7) x11 0xfffffffffc792000
core   0: 0x0000000080005312 (0xa075859b) addiw   a1, a1, -1529
core   0: 1 0x0000000080005312 (0xa075859b) x11 0xfffffffffc791a07
core   0: 0x0000000080005316 (0x000005b6) c.slli  a1, 13
core   0: 1 0x0000000080005316 (0x05b6) x11 0xffffff8f2340e000
core   0: 0x0000000080005318 (0x81458593) addi    a1, a1, -2028
core   0: 1 0x0000000080005318 (0x81458593) x11 0xffffff8f2340d814
core   0: 0x000000008000531c (0x400e579b) sraiw   a5, t3, 0
core   0: 1 0x000000008000531c (0x400e579b) x15 0xffffffffffffffff
core   0: 0x0000000080005320 (0x3435d9f3) csrrwi  s3, mtval, 11
core   0: exception trap_illegal_instruction, epc 0x0000000080005320
core   0:           tval 0x000000003435d9f3
core   0: >>>>  $xrv64i2p1_m2p0_a2p1_f2p2_d2p2_zicsr2p0_zifencei2p0_zmmul1p0_zba1p0_zbb1p0_zbc1p0_zbs1p0
core   0: 0x0000000080004000 (0x0080006f) j       pc + 0x8
core   0: 3 0x0000000080004000 (0x0080006f)
core   0: >>>>  mmode_exception_handler
core   0: 0x0000000080004008 (0x00002c17) auipc   s8, 0x2
core   0: 3 0x0000000080004008 (0x00002c17) x24 0x0000000080006008
core   0: 0x000000008000400c (0x0c8c0c13) addi    s8, s8, 200
core   0: 3 0x000000008000400c (0x0c8c0c13) x24 0x00000000800060d0
core   0: 0x0000000080004010 (0x000c00e7) jalr    s8
core   0: 3 0x0000000080004010 (0x000c00e7) x1  0x0000000080004014
core   0: >>>>  any_handler
core   0: 0x00000000800060d0 (0x341027f3) csrrs   a5, mepc, zero
core   0: 3 0x00000000800060d0 (0x341027f3) x15 0x0000000080005320
core   0: 0x00000000800060d4 (0x34202773) csrrs   a4, mcause, zero
core   0: 3 0x00000000800060d4 (0x34202773) x14 0x0000000000000002
core   0: 0x00000000800060d8 (0x142026f3) csrrs   a3, scause, zero
core   0: 3 0x00000000800060d8 (0x142026f3) x13 0x0000000000000000
core   0: 0x00000000800060dc (0x30402673) csrrs   a2, mie, zero
core   0: 3 0x00000000800060dc (0x30402673) x12 0x0000000000000a00
core   0: 0x00000000800060e0 (0x344025f3) csrrs   a1, mip, zero
core   0: 3 0x00000000800060e0 (0x344025f3) x11 0x0000000000000080
core   0: 0x00000000800060e4 (0x343025f3) csrrs   a1, mtval, zero
core   0: 3 0x00000000800060e4 (0x343025f3) x11 0x000000003435d9f3
core   0: 0x00000000800060e8 (0x14302573) csrrs   a0, stval, zero
core   0: 3 0x00000000800060e8 (0x14302573) x10 0x0000000000000000
core   0: 0x00000000800060ec (0xb02024f3) csrrs   s1, minstret, zero
core   0: 3 0x00000000800060ec (0xb02024f3) x9  0x0000000000000e09
core   0: 0x00000000800060f0 (0x0000a811) c.j     pc + 20
core   0: 3 0x00000000800060f0 (0xa811)
core   0: >>>>  mepc_4
core   0: 0x0000000080006104 (0x00000791) c.addi  a5, 4
core   0: 3 0x0000000080006104 (0x0791) x15 0x0000000080005324
core   0: 0x0000000080006106 (0x34179073) csrrw   zero, mepc, a5
core   0: 3 0x0000000080006106 (0x34179073) c833_mepc 0x0000000080005324
core   0: 0x000000008000610a (0x30200073) mret
core   0: 3 0x000000008000610a (0x30200073) c768_mstatus 0x8000000a00106080
core   0: 0x0000000080005324 (0x5a0cf8d3) fsqrt.d fa7, fs9
core   0: 1 0x0000000080005324 (0x5a0cf8d3) c1_fflags 0x0000000000000013 f17 0x4010f876ccdf6cd9
core   0: 0x0000000080005328 (0x000a5293) srli    t0, s4, 0
core   0: 1 0x0000000080005328 (0x000a5293) x5  0x0000000000000483
core   0: 0x000000008000532c (0x03347abb) remuw   s5, s0, s3
core   0: 1 0x000000008000532c (0x03347abb) x21 0x0000000000000003
core   0: 0x0000000080005330 (0x142bd673) csrrwi  a2, scause, 23
core   0: 1 0x0000000080005330 (0x142bd673) x12 0x0000000000000000 c322_scause 0x0000000000000017
core   0: 0x0000000080005334 (0x020cdcb3) divu    s9, s9, zero
core   0: 1 0x0000000080005334 (0x020cdcb3) x25 0xffffffffffffffff
core   0: 0x0000000080005338 (0x7ab97147) fmsub.d ft2, fs2, fa1, fa5
core   0: 1 0x0000000080005338 (0x7ab97147) f2  0x7ff8000000000000
core   0: 0x000000008000533c (0x03cc82b3) mul     t0, s9, t3
core   0: 1 0x000000008000533c (0x03cc82b3) x5  0xc000000000000001
core   0: 0x0000000080005340 (0x03985b93) srli    s7, a6, 57
core   0: 1 0x0000000080005340 (0x03985b93) x23 0x0000000000000000
core   0: 0x0000000080005344 (0x1b26fdd3) fdiv.d  fs11, fa3, fs2
core   0: 1 0x0000000080005344 (0x1b26fdd3) f27 0x7ff8000000000000
core   0: 0x0000000080005348 (0x03dc4c3b) divw    s8, s8, t4
core   0: 1 0x0000000080005348 (0x03dc4c3b) x24 0x000000007fff9f30
core   0: 0x000000008000534c (0x001898f3) csrrw   a7, fflags, a7
core   0: 1 0x000000008000534c (0x001898f3) x17 0x0000000000000013 c1_fflags 0x0000000000000012
core   0: 0x0000000080005350 (0x017a10bb) sllw    ra, s4, s7
core   0: 1 0x0000000080005350 (0x017a10bb) x1  0x0000000000000483
core   0: 0x0000000080005354 (0xc236f8d3) fcvt.lu.d a7, fa3
core   0: 1 0x0000000080005354 (0xc236f8d3) c1_fflags 0x0000000000000012 x17 0xffffffffffffffff
core   0: 0x0000000080005358 (0xdbb8f0cf) fnmadd.d ft1, fa7, fs11, fs11
core   0: 1 0x0000000080005358 (0xdbb8f0cf) f1  0x7ff8000000000000
core   0: 0x000000008000535c (0x038e7a3b) remuw   s4, t3, s8
core   0: 1 0x000000008000535c (0x038e7a3b) x20 0x000000000000c19f
core   0: 0x0000000080005360 (0xf20c0e53) fmv.d.x ft8, s8
core   0: 1 0x0000000080005360 (0xf20c0e53) f28 0x000000007fff9f30
core   0: 0x0000000080005364 (0x42058753) fcvt.d.s fa4, fa1
core   0: 1 0x0000000080005364 (0x42058753) f14 0x7ff8000000000000
core   0: 0x0000000080005368 (0x01a606bb) addw    a3, a2, s10
core   0: 1 0x0000000080005368 (0x01a606bb) x13 0xffffffffffffffff
core   0: 0x000000008000536c (0x0ff0000f) fence   iorw,iorw
core   0: 1 0x000000008000536c (0x0ff0000f)
core   0: 0x0000000080005370 (0x000e961b) slliw   a2, t4, 0
core   0: 1 0x0000000080005370 (0x000e961b) x12 0xffffffffffffffff
core   0: 0x0000000080005374 (0x00145113) srli    sp, s0, 1
core   0: 1 0x0000000080005374 (0x00145113) x2  0x7fffffffffffffff
core   0: 0x0000000080005378 (0x010c9c9b) slliw   s9, s9, 16
core   0: 1 0x0000000080005378 (0x010c9c9b) x25 0xffffffffffff0000
core   0: 0x000000008000537c (0xbafdf047) fmsub.d ft0, fs11, fa5, fs7
core   0: 1 0x000000008000537c (0xbafdf047) f0  0x7ff8000000000000
core   0: 0x0000000080005380 (0x434cdd13) srai    s10, s9, 52
core   0: 1 0x0000000080005380 (0x434cdd13) x26 0xffffffffffffffff
core   0: 0x0000000080005384 (0xc2207753) fcvt.l.d a4, ft0
core   0: 1 0x0000000080005384 (0xc2207753) c1_fflags 0x0000000000000012 x14 0x7fffffffffffffff
core   0: 0x0000000080005388 (0xc20a7153) fcvt.w.d sp, fs4
core   0: 1 0x0000000080005388 (0xc20a7153) c1_fflags 0x0000000000000012 x2  0x000000007fffffff
core   0: 0x000000008000538c (0x8008ee93) ori     t4, a7, -2048
core   0: 1 0x000000008000538c (0x8008ee93) x29 0xffffffffffffffff
core   0: 0x0000000080005390 (0xfff88913) addi    s2, a7, -1
core   0: 1 0x0000000080005390 (0xfff88913) x18 0xfffffffffffffffe
core   0: 0x0000000080005394 (0x00202af3) csrrs   s5, frm, zero
core   0: 1 0x0000000080005394 (0x00202af3) x21 0x0000000000000002
core   0: 0x0000000080005398 (0x0008109b) slliw   ra, a6, 0
core   0: 1 0x0000000080005398 (0x0008109b) x1  0x0000000000000000
core   0: 0x000000008000539c (0xd23afb53) fcvt.d.lu fs6, s5
core   0: 1 0x000000008000539c (0xd23afb53) f22 0x4000000000000000
core   0: 0x00000000800053a0 (0xe20c0853) fmv.x.d a6, fs8
core   0: 1 0x00000000800053a0 (0xe20c0853) x16 0x7ff8000000000000
core   0: 0x00000000800053a4 (0x41d85433) sra     s0, a6, t4
core   0: 1 0x00000000800053a4 (0x41d85433) x8  0x0000000000000000
core   0: 0x00000000800053a8 (0x00102773) csrrs   a4, fflags, zero
core   0: 1 0x00000000800053a8 (0x00102773) x14 0x0000000000000012
core   0: 0x00000000800053ac (0x0184561b) srliw   a2, s0, 24
core   0: 1 0x00000000800053ac (0x0184561b) x12 0x0000000000000000
core   0: 0x00000000800053b0 (0x010081b3) add     gp, ra, a6
core   0: 1 0x00000000800053b0 (0x010081b3) x3  0x7ff8000000000000
core   0: 0x00000000800053b4 (0x017d7eb3) and     t4, s10, s7
core   0: 1 0x00000000800053b4 (0x017d7eb3) x29 0x0000000000000000
core   0: 0x00000000800053b8 (0x01a25233) srl     tp, tp, s10
core   0: 1 0x00000000800053b8 (0x01a25233) x4  0x0000000000000000
core   0: 0x00000000800053bc (0x4042513b) sraw    sp, tp, tp
core   0: 1 0x00000000800053bc (0x4042513b) x2  0x0000000000000000
core   0: 0x00000000800053c0 (0x037d1d93) slli    s11, s10, 55
core   0: 1 0x00000000800053c0 (0x037d1d93) x27 0xff80000000000000
core   0: 0x00000000800053c4 (0xc034f253) fcvt.lu.s tp, fs1
core   0: 1 0x00000000800053c4 (0xc034f253) c1_fflags 0x0000000000000012 x4  0xffffffffffffffff
core   0: 0x00000000800053c8 (0x001de513) ori     a0, s11, 1
core   0: 1 0x00000000800053c8 (0x001de513) x10 0xff80000000000001
core   0: 0x00000000800053cc (0x03406033) rem     zero, zero, s4
core   0: 1 0x00000000800053cc (0x03406033)
core   0: 0x00000000800053d0 (0xd03d7553) fcvt.s.lu fa0, s10
core   0: 1 0x00000000800053d0 (0xd03d7553) c1_fflags 0x0000000000000013 f10 0xffffffff5f7fffff
core   0: 0x00000000800053d4 (0xd0307253) fcvt.s.lu ft4, zero
core   0: 1 0x00000000800053d4 (0xd0307253) f4  0xffffffff00000000
core   0: 0x00000000800053d8 (0x79118b1b) addiw   s6, gp, 1937
core   0: 1 0x00000000800053d8 (0x79118b1b) x22 0x0000000000000791
core   0: 0x00000000800053dc (0x0ff0000f) fence   iorw,iorw
core   0: 1 0x00000000800053dc (0x0ff0000f)
core   0: 0x00000000800053e0 (0x0ff0000f) fence   iorw,iorw
core   0: 1 0x00000000800053e0 (0x0ff0000f)
core   0: 0x00000000800053e4 (0xfef86293) ori     t0, a6, -17
core   0: 1 0x00000000800053e4 (0xfef86293) x5  0xffffffffffffffef
core   0: 0x00000000800053e8 (0x00102bf3) csrrs   s7, fflags, zero
core   0: 1 0x00000000800053e8 (0x00102bf3) x23 0x0000000000000013
core   0: 0x00000000800053ec (0xf2088053) fmv.d.x ft0, a7
core   0: 1 0x00000000800053ec (0xf2088053) f0  0xffffffffffffffff
core   0: 0x00000000800053f0 (0xc069a473) csrrs   s0, hpmcounter6, s3
core   0: exception trap_illegal_instruction, epc 0x00000000800053f0
core   0:           tval 0x00000000c069a473
core   0: >>>>  $xrv64i2p1_m2p0_a2p1_f2p2_d2p2_zicsr2p0_zifencei2p0_zmmul1p0_zba1p0_zbb1p0_zbc1p0_zbs1p0
core   0: 0x0000000080004000 (0x0080006f) j       pc + 0x8
core   0: 3 0x0000000080004000 (0x0080006f)
core   0: >>>>  mmode_exception_handler
core   0: 0x0000000080004008 (0x00002c17) auipc   s8, 0x2
core   0: 3 0x0000000080004008 (0x00002c17) x24 0x0000000080006008
core   0: 0x000000008000400c (0x0c8c0c13) addi    s8, s8, 200
core   0: 3 0x000000008000400c (0x0c8c0c13) x24 0x00000000800060d0
core   0: 0x0000000080004010 (0x000c00e7) jalr    s8
core   0: 3 0x0000000080004010 (0x000c00e7) x1  0x0000000080004014
core   0: >>>>  any_handler
core   0: 0x00000000800060d0 (0x341027f3) csrrs   a5, mepc, zero
core   0: 3 0x00000000800060d0 (0x341027f3) x15 0x00000000800053f0
core   0: 0x00000000800060d4 (0x34202773) csrrs   a4, mcause, zero
core   0: 3 0x00000000800060d4 (0x34202773) x14 0x0000000000000002
core   0: 0x00000000800060d8 (0x142026f3) csrrs   a3, scause, zero
core   0: 3 0x00000000800060d8 (0x142026f3) x13 0x0000000000000017
core   0: 0x00000000800060dc (0x30402673) csrrs   a2, mie, zero
core   0: 3 0x00000000800060dc (0x30402673) x12 0x0000000000000a00
core   0: 0x00000000800060e0 (0x344025f3) csrrs   a1, mip, zero
core   0: 3 0x00000000800060e0 (0x344025f3) x11 0x0000000000000080
core   0: 0x00000000800060e4 (0x343025f3) csrrs   a1, mtval, zero
core   0: 3 0x00000000800060e4 (0x343025f3) x11 0x00000000c069a473
core   0: 0x00000000800060e8 (0x14302573) csrrs   a0, stval, zero
core   0: 3 0x00000000800060e8 (0x14302573) x10 0x0000000000000000
core   0: 0x00000000800060ec (0xb02024f3) csrrs   s1, minstret, zero
core   0: 3 0x00000000800060ec (0xb02024f3) x9  0x0000000000000e4c
core   0: 0x00000000800060f0 (0x0000a811) c.j     pc + 20
core   0: 3 0x00000000800060f0 (0xa811)
core   0: >>>>  mepc_4
core   0: 0x0000000080006104 (0x00000791) c.addi  a5, 4
core   0: 3 0x0000000080006104 (0x0791) x15 0x00000000800053f4
core   0: 0x0000000080006106 (0x34179073) csrrw   zero, mepc, a5
core   0: 3 0x0000000080006106 (0x34179073) c833_mepc 0x00000000800053f4
core   0: 0x000000008000610a (0x30200073) mret
core   0: 3 0x000000008000610a (0x30200073) c768_mstatus 0x8000000a00106080
core   0: 0x00000000800053f4 (0x00102bf3) csrrs   s7, fflags, zero
core   0: 1 0x00000000800053f4 (0x00102bf3) x23 0x0000000000000013
core   0: 0x00000000800053f8 (0xd2050f53) fcvt.d.w ft10, a0
core   0: 1 0x00000000800053f8 (0xd2050f53) f30 0x0000000000000000
core   0: 0x00000000800053fc (0x000012b2) c.slli  t0, 44
core   0: 1 0x00000000800053fc (0x12b2) x5  0xfffef00000000000
core   0: 0x00000000800053fe (0x22e0a4d3) fsgnjx.d fs1, ft1, fa4
core   0: 1 0x00000000800053fe (0x22e0a4d3) f9  0x7ff8000000000000
core   0: 0x0000000080005402 (0x0250c9b3) div     s3, ra, t0
core   0: 1 0x0000000080005402 (0x0250c9b3) x19 0x0000000000000000
core   0: 0x0000000080005406 (0x0139edb3) or      s11, s3, s3
core   0: 1 0x0000000080005406 (0x0139edb3) x27 0x0000000000000000
core   0: 0x000000008000540a (0x420c0dd3) fcvt.d.s fs11, fs8
core   0: 1 0x000000008000540a (0x420c0dd3) f27 0x7ff8000000000000
core   0: 0x000000008000540e (0xa32a82d3) fle.d   t0, fs5, fs2
core   0: 1 0x000000008000540e (0xa32a82d3) c1_fflags 0x0000000000000013 x5  0x0000000000000000
core   0: 0x0000000080005412 (0x01bdc833) xor     a6, s11, s11
core   0: 1 0x0000000080005412 (0x01bdc833) x16 0x0000000000000000
core   0: 0x0000000080005416 (0x00000001) c.nop
core   0: 1 0x0000000080005416 (0x0001)
core   0: 0x0000000080005418 (0x40b3063b) subw    a2, t1, a1
core   0: 1 0x0000000080005418 (0x40b3063b) x12 0xffffffff89947e7b
core   0: 0x000000008000541c (0x002673b3) and     t2, a2, sp
core   0: 1 0x000000008000541c (0x002673b3) x7  0x0000000000000000
core   0: 0x0000000080005420 (0x0ff0000f) fence   iorw,iorw
core   0: 1 0x0000000080005420 (0x0ff0000f)
core   0: 0x0000000080005424 (0x00000001) c.nop
core   0: 1 0x0000000080005424 (0x0001)
core   0: 0x0000000080005426 (0xc20afb53) fcvt.w.d s6, fs5
core   0: 1 0x0000000080005426 (0xc20afb53) x22 0x0000000000000012
core   0: 0x000000008000542a (0x00bcdd1b) srliw   s10, s9, 11
core   0: 1 0x000000008000542a (0x00bcdd1b) x26 0x00000000001fffe0
core   0: 0x000000008000542e (0x000d1a3b) sllw    s4, s10, zero
core   0: 1 0x000000008000542e (0x000d1a3b) x20 0x00000000001fffe0
core   0: 0x0000000080005432 (0x03f05a93) srli    s5, zero, 63
core   0: 1 0x0000000080005432 (0x03f05a93) x21 0x0000000000000000
core   0: 0x0000000080005436 (0x23292fd3) fsgnjx.d ft11, fs2, fs2
core   0: 1 0x0000000080005436 (0x23292fd3) f31 0x7ff8000000000000
core   0: 0x000000008000543a (0x0072e537) lui     a0, 0x72e
core   0: 1 0x000000008000543a (0x0072e537) x10 0x000000000072e000
core   0: 0x000000008000543e (0xb155051b) addiw   a0, a0, -1259
core   0: 1 0x000000008000543e (0xb155051b) x10 0x000000000072db15
core   0: 0x0000000080005442 (0x0000053a) c.slli  a0, 14
core   0: 1 0x0000000080005442 (0x053a) x10 0x0000001cb6c54000
core   0: 0x0000000080005444 (0x68b50513) addi    a0, a0, 1675
core   0: 1 0x0000000080005444 (0x68b50513) x10 0x0000001cb6c5468b
core   0: 0x0000000080005448 (0x00851b9b) slliw   s7, a0, 8
core   0: 1 0x0000000080005448 (0x00851b9b) x23 0xffffffffc5468b00
core   0: 0x000000008000544c (0x224f8ed3) fsgnj.d ft9, ft11, ft4
core   0: 1 0x000000008000544c (0x224f8ed3) f29 0xfff8000000000000
core   0: 0x0000000080005450 (0x0ff0000f) fence   iorw,iorw
core   0: 1 0x0000000080005450 (0x0ff0000f)
core   0: 0x0000000080005454 (0x2d028293) addi    t0, t0, 720
core   0: 1 0x0000000080005454 (0x2d028293) x5  0x00000000000002d0
core   0: 0x0000000080005458 (0x00086113) ori     sp, a6, 0
core   0: 1 0x0000000080005458 (0x00086113) x2  0x0000000000000000
core   0: 0x000000008000545c (0x001a8a13) addi    s4, s5, 1
core   0: 1 0x000000008000545c (0x001a8a13) x20 0x0000000000000001
core   0: 0x0000000080005460 (0x1247f153) fmul.d  ft2, fa5, ft4
core   0: 1 0x0000000080005460 (0x1247f153) f2  0x7ff8000000000000
core   0: 0x0000000080005464 (0xc02efd53) fcvt.l.s s10, ft9
core   0: 1 0x0000000080005464 (0xc02efd53) c1_fflags 0x0000000000000013 x26 0x7fffffffffffffff
core   0: 0x0000000080005468 (0x0031dc1b) srliw   s8, gp, 3
core   0: 1 0x0000000080005468 (0x0031dc1b) x24 0x0000000000000000
core   0: 0x000000008000546c (0x428e5e13) srai    t3, t3, 40
core   0: 1 0x000000008000546c (0x428e5e13) x28 0x00000000003fffff
core   0: 0x0000000080005470 (0x03c6da3b) divuw   s4, a3, t3
core   0: 1 0x0000000080005470 (0x03c6da3b) x20 0x0000000000000000
core   0: 0x0000000080005474 (0xd2327553) fcvt.d.lu fa0, tp
core   0: 1 0x0000000080005474 (0xd2327553) c1_fflags 0x0000000000000013 f10 0x43efffffffffffff
core   0: 0x0000000080005478 (0x001a151b) slliw   a0, s4, 1
core   0: 1 0x0000000080005478 (0x001a151b) x10 0x0000000000000000
core   0: 0x000000008000547c (0x0147553b) srlw    a0, a4, s4
core   0: 1 0x000000008000547c (0x0147553b) x10 0x0000000000000002
core   0: 0x0000000080005480 (0x001b90f3) csrrw   ra, fflags, s7
core   0: 1 0x0000000080005480 (0x001b90f3) x1  0x0000000000000013 c1_fflags 0x0000000000000000
core   0: 0x0000000080005484 (0x00202df3) csrrs   s11, frm, zero
core   0: 1 0x0000000080005484 (0x00202df3) x27 0x0000000000000002
core   0: 0x0000000080005488 (0xfe2627b7) lui     a5, 0xfe262
core   0: 1 0x0000000080005488 (0xfe2627b7) x15 0xfffffffffe262000
core   0: 0x000000008000548c (0x8077879b) addiw   a5, a5, -2041
core   0: 1 0x000000008000548c (0x8077879b) x15 0xfffffffffe261807
core   0: 0x0000000080005490 (0x000007ba) c.slli  a5, 14
core   0: 1 0x0000000080005490 (0x07ba) x15 0xffffff898601c000
core   0: 0x0000000080005492 (0x96078793) addi    a5, a5, -1696
core   0: 1 0x0000000080005492 (0x96078793) x15 0xffffff898601b960
core   0: 0x0000000080005496 (0x00156993) ori     s3, a0, 1
core   0: 1 0x0000000080005496 (0x00156993) x19 0x0000000000000003
core   0: 0x000000008000549a (0x43fed793) srai    a5, t4, 63
core   0: 1 0x000000008000549a (0x43fed793) x15 0x0000000000000000
core   0: 0x000000008000549e (0x40cede93) srai    t4, t4, 12
core   0: 1 0x000000008000549e (0x40cede93) x29 0x0000000000000000
core   0: 0x00000000800054a2 (0x8a6a7a4f) fnmadd.d fs4, fs4, ft6, fa7
core   0: 1 0x00000000800054a2 (0x8a6a7a4f) f20 0x7ff8000000000000
core   0: 0x00000000800054a6 (0x011658b3) srl     a7, a2, a7
core   0: 1 0x00000000800054a6 (0x011658b3) x17 0x0000000000000001
core   0: 0x00000000800054aa (0xd0387053) fcvt.s.lu ft0, a6
core   0: 1 0x00000000800054aa (0xd0387053) f0  0xffffffff00000000
core   0: 0x00000000800054ae (0x038c4c3b) divw    s8, s8, s8
core   0: 1 0x00000000800054ae (0x038c4c3b) x24 0xffffffffffffffff
core   0: 0x00000000800054b2 (0x0139dcbb) srlw    s9, s3, s3
core   0: 1 0x00000000800054b2 (0x0139dcbb) x25 0x0000000000000000
core   0: 0x00000000800054b6 (0x00069293) slli    t0, a3, 0
core   0: 1 0x00000000800054b6 (0x00069293) x5  0x0000000000000017
core   0: 0x00000000800054ba (0x00c5d6b3) srl     a3, a1, a2
core   0: 1 0x00000000800054ba (0x00c5d6b3) x13 0x0000000000000000
core   0: 0x00000000800054be (0x106a2073) csrrs   zero, scounteren, s4
core   0: 1 0x00000000800054be (0x106a2073) c262_scounteren 0x0000000000000000
core   0: 0x00000000800054c2 (0x03d0b5b3) mulhu   a1, ra, t4
core   0: 1 0x00000000800054c2 (0x03d0b5b3) x11 0x0000000000000000
core   0: 0x00000000800054c6 (0xc2147ad3) fcvt.wu.d s5, fs0
core   0: 1 0x00000000800054c6 (0xc2147ad3) x21 0x00000000003ffffd
core   0: 0x00000000800054ca (0x029902b3) mul     t0, s2, s1
core   0: 1 0x00000000800054ca (0x029902b3) x5  0xffffffffffffe368
core   0: 0x00000000800054ce (0x015d92bb) sllw    t0, s11, s5
core   0: 1 0x00000000800054ce (0x015d92bb) x5  0x0000000040000000
core   0: 0x00000000800054d2 (0x030c3833) mulhu   a6, s8, a6
core   0: 1 0x00000000800054d2 (0x030c3833) x16 0x0000000000000000
core   0: 0x00000000800054d6 (0x41065a93) srai    s5, a2, 16
core   0: 1 0x00000000800054d6 (0x41065a93) x21 0xffffffffffff8994
core   0: 0x00000000800054da (0xa2a68c53) fle.d   s8, fa3, fa0
core   0: 1 0x00000000800054da (0xa2a68c53) c1_fflags 0x0000000000000010 x24 0x0000000000000000
core   0: 0x00000000800054de (0xc01ab5f3) csrrc   a1, time, s5
core   0: exception trap_illegal_instruction, epc 0x00000000800054de
core   0:           tval 0x00000000c01ab5f3
core   0: >>>>  $xrv64i2p1_m2p0_a2p1_f2p2_d2p2_zicsr2p0_zifencei2p0_zmmul1p0_zba1p0_zbb1p0_zbc1p0_zbs1p0
core   0: 0x0000000080004000 (0x0080006f) j       pc + 0x8
core   0: 3 0x0000000080004000 (0x0080006f)
core   0: >>>>  mmode_exception_handler
core   0: 0x0000000080004008 (0x00002c17) auipc   s8, 0x2
core   0: 3 0x0000000080004008 (0x00002c17) x24 0x0000000080006008
core   0: 0x000000008000400c (0x0c8c0c13) addi    s8, s8, 200
core   0: 3 0x000000008000400c (0x0c8c0c13) x24 0x00000000800060d0
core   0: 0x0000000080004010 (0x000c00e7) jalr    s8
core   0: 3 0x0000000080004010 (0x000c00e7) x1  0x0000000080004014
core   0: >>>>  any_handler
core   0: 0x00000000800060d0 (0x341027f3) csrrs   a5, mepc, zero
core   0: 3 0x00000000800060d0 (0x341027f3) x15 0x00000000800054de
core   0: 0x00000000800060d4 (0x34202773) csrrs   a4, mcause, zero
core   0: 3 0x00000000800060d4 (0x34202773) x14 0x0000000000000002
core   0: 0x00000000800060d8 (0x142026f3) csrrs   a3, scause, zero
core   0: 3 0x00000000800060d8 (0x142026f3) x13 0x0000000000000017
core   0: 0x00000000800060dc (0x30402673) csrrs   a2, mie, zero
core   0: 3 0x00000000800060dc (0x30402673) x12 0x0000000000000a00
core   0: 0x00000000800060e0 (0x344025f3) csrrs   a1, mip, zero
core   0: 3 0x00000000800060e0 (0x344025f3) x11 0x0000000000000080
core   0: 0x00000000800060e4 (0x343025f3) csrrs   a1, mtval, zero
core   0: 3 0x00000000800060e4 (0x343025f3) x11 0x00000000c01ab5f3
core   0: 0x00000000800060e8 (0x14302573) csrrs   a0, stval, zero
core   0: 3 0x00000000800060e8 (0x14302573) x10 0x0000000000000000
core   0: 0x00000000800060ec (0xb02024f3) csrrs   s1, minstret, zero
core   0: 3 0x00000000800060ec (0xb02024f3) x9  0x0000000000000e99
core   0: 0x00000000800060f0 (0x0000a811) c.j     pc + 20
core   0: 3 0x00000000800060f0 (0xa811)
core   0: >>>>  mepc_4
core   0: 0x0000000080006104 (0x00000791) c.addi  a5, 4
core   0: 3 0x0000000080006104 (0x0791) x15 0x00000000800054e2
core   0: 0x0000000080006106 (0x34179073) csrrw   zero, mepc, a5
core   0: 3 0x0000000080006106 (0x34179073) c833_mepc 0x00000000800054e2
core   0: 0x000000008000610a (0x30200073) mret
core   0: 3 0x000000008000610a (0x30200073) c768_mstatus 0x8000000a00106080
core   0: 0x00000000800054e2 (0x7dfdfb93) andi    s7, s11, 2015
core   0: 1 0x00000000800054e2 (0x7dfdfb93) x23 0x0000000000000002
core   0: 0x00000000800054e6 (0x3430d4f3) csrrwi  s1, mtval, 1
core   0: exception trap_illegal_instruction, epc 0x00000000800054e6
core   0:           tval 0x000000003430d4f3
core   0: >>>>  $xrv64i2p1_m2p0_a2p1_f2p2_d2p2_zicsr2p0_zifencei2p0_zmmul1p0_zba1p0_zbb1p0_zbc1p0_zbs1p0
core   0: 0x0000000080004000 (0x0080006f) j       pc + 0x8
core   0: 3 0x0000000080004000 (0x0080006f)
core   0: >>>>  mmode_exception_handler
core   0: 0x0000000080004008 (0x00002c17) auipc   s8, 0x2
core   0: 3 0x0000000080004008 (0x00002c17) x24 0x0000000080006008
core   0: 0x000000008000400c (0x0c8c0c13) addi    s8, s8, 200
core   0: 3 0x000000008000400c (0x0c8c0c13) x24 0x00000000800060d0
core   0: 0x0000000080004010 (0x000c00e7) jalr    s8
core   0: 3 0x0000000080004010 (0x000c00e7) x1  0x0000000080004014
core   0: >>>>  any_handler
core   0: 0x00000000800060d0 (0x341027f3) csrrs   a5, mepc, zero
core   0: 3 0x00000000800060d0 (0x341027f3) x15 0x00000000800054e6
core   0: 0x00000000800060d4 (0x34202773) csrrs   a4, mcause, zero
core   0: 3 0x00000000800060d4 (0x34202773) x14 0x0000000000000002
core   0: 0x00000000800060d8 (0x142026f3) csrrs   a3, scause, zero
core   0: 3 0x00000000800060d8 (0x142026f3) x13 0x0000000000000017
core   0: 0x00000000800060dc (0x30402673) csrrs   a2, mie, zero
core   0: 3 0x00000000800060dc (0x30402673) x12 0x0000000000000a00
core   0: 0x00000000800060e0 (0x344025f3) csrrs   a1, mip, zero
core   0: 3 0x00000000800060e0 (0x344025f3) x11 0x0000000000000080
core   0: 0x00000000800060e4 (0x343025f3) csrrs   a1, mtval, zero
core   0: 3 0x00000000800060e4 (0x343025f3) x11 0x000000003430d4f3
core   0: 0x00000000800060e8 (0x14302573) csrrs   a0, stval, zero
core   0: 3 0x00000000800060e8 (0x14302573) x10 0x0000000000000000
core   0: 0x00000000800060ec (0xb02024f3) csrrs   s1, minstret, zero
core   0: 3 0x00000000800060ec (0xb02024f3) x9  0x0000000000000eaa
core   0: 0x00000000800060f0 (0x0000a811) c.j     pc + 20
core   0: 3 0x00000000800060f0 (0xa811)
core   0: >>>>  mepc_4
core   0: 0x0000000080006104 (0x00000791) c.addi  a5, 4
core   0: 3 0x0000000080006104 (0x0791) x15 0x00000000800054ea
core   0: 0x0000000080006106 (0x34179073) csrrw   zero, mepc, a5
core   0: 3 0x0000000080006106 (0x34179073) c833_mepc 0x00000000800054ea
core   0: 0x000000008000610a (0x30200073) mret
core   0: 3 0x000000008000610a (0x30200073) c768_mstatus 0x8000000a00106080
core   0: 0x00000000800054ea (0x00465337) lui     t1, 0x465
core   0: 1 0x00000000800054ea (0x00465337) x6  0x0000000000465000
core   0: 0x00000000800054ee (0x8d73031b) addiw   t1, t1, -1833
core   0: 1 0x00000000800054ee (0x8d73031b) x6  0x00000000004648d7
core   0: 0x00000000800054f2 (0x00000336) c.slli  t1, 13
core   0: 1 0x00000000800054f2 (0x0336) x6  0x00000008c91ae000
core   0: 0x00000000800054f4 (0x93d30313) addi    t1, t1, -1731
core   0: 1 0x00000000800054f4 (0x93d30313) x6  0x00000008c91ad93d
core   0: 0x00000000800054f8 (0x0063c4b3) xor     s1, t2, t1
core   0: 1 0x00000000800054f8 (0x0063c4b3) x9  0x00000008c91ad93d
core   0: 0x00000000800054fc (0xe20a1e53) fclass.d t3, fs4
core   0: 1 0x00000000800054fc (0xe20a1e53) x28 0x0000000000000200
core   0: 0x0000000080005500 (0x001021f3) csrrs   gp, fflags, zero
core   0: 1 0x0000000080005500 (0x001021f3) x3  0x0000000000000010
core   0: 0x0000000080005504 (0x00000001) c.nop
core   0: 1 0x0000000080005504 (0x0001)
core   0: 0x0000000080005506 (0x40930bbb) subw    s7, t1, s1
core   0: 1 0x0000000080005506 (0x40930bbb) x23 0x0000000000000000
core   0: 0x000000008000550a (0x01616b33) or      s6, sp, s6
core   0: 1 0x000000008000550a (0x01616b33) x22 0x0000000000000012
core   0: 0x000000008000550e (0x00165c13) srli    s8, a2, 1
core   0: 1 0x000000008000550e (0x00165c13) x24 0x0000000000000500
core   0: 0x0000000080005512 (0x220c0253) fsgnj.d ft4, fs8, ft0
core   0: 1 0x0000000080005512 (0x220c0253) f4  0xfff8000000000000
core   0: 0x0000000080005516 (0x018178b3) and     a7, sp, s8
core   0: 1 0x0000000080005516 (0x018178b3) x17 0x0000000000000000
core   0: 0x000000008000551a (0x031c09b3) mul     s3, s8, a7
core   0: 1 0x000000008000551a (0x031c09b3) x19 0x0000000000000000
core   0: 0x000000008000551e (0x000e1993) slli    s3, t3, 0
core   0: 1 0x000000008000551e (0x000e1993) x19 0x0000000000000200
core   0: 0x0000000080005522 (0x120af353) fmul.d  ft6, fs5, ft0
core   0: 1 0x0000000080005522 (0x120af353) f6  0x7ff8000000000000
core   0: 0x0000000080005526 (0x02b273c7) fmsub.d ft7, ft4, fa1, ft0
core   0: 1 0x0000000080005526 (0x02b273c7) f7  0x7ff8000000000000
core   0: 0x000000008000552a (0x006bd1b3) srl     gp, s7, t1
core   0: 1 0x000000008000552a (0x006bd1b3) x3  0x0000000000000000
core   0: 0x000000008000552e (0x40f25513) srai    a0, tp, 15
core   0: 1 0x000000008000552e (0x40f25513) x10 0xffffffffffffffff
core   0: 0x0000000080005532 (0x8085089b) addiw   a7, a0, -2040
core   0: 1 0x0000000080005532 (0x8085089b) x17 0xfffffffffffff807
core   0: 0x0000000080005536 (0x01085833) srl     a6, a6, a6
core   0: 1 0x0000000080005536 (0x01085833) x16 0x0000000000000000
core   0: 0x000000008000553a (0xa2b68553) fle.d   a0, fa3, fa1
core   0: 1 0x000000008000553a (0xa2b68553) c1_fflags 0x0000000000000010 x10 0x0000000000000000
core   0: 0x000000008000553e (0x403a5c3b) sraw    s8, s4, gp
core   0: 1 0x000000008000553e (0x403a5c3b) x24 0x0000000000000000
core   0: 0x0000000080005542 (0x03533533) mulhu   a0, t1, s5
core   0: 1 0x0000000080005542 (0x03533533) x10 0x00000008c91ad93c
core   0: 0x0000000080005546 (0x42010353) fcvt.d.s ft6, ft2
core   0: 1 0x0000000080005546 (0x42010353) f6  0x7ff8000000000000
core   0: 0x000000008000554a (0x00000001) c.nop
core   0: 1 0x000000008000554a (0x0001)
core   0: 0x000000008000554c (0x01b69e9b) slliw   t4, a3, 27
core   0: 1 0x000000008000554c (0x01b69e9b) x29 0xffffffffb8000000
core   0: 0x0000000080005550 (0x00059a93) slli    s5, a1, 0
core   0: 1 0x0000000080005550 (0x00059a93) x21 0x000000003430d4f3
core   0: 0x0000000080005554 (0x0250abb3) mulhsu  s7, ra, t0
core   0: 1 0x0000000080005554 (0x0250abb3) x23 0x0000000000000000
core   0: 0x0000000080005558 (0x01e0d59b) srliw   a1, ra, 30
core   0: 1 0x0000000080005558 (0x01e0d59b) x11 0x0000000000000002
core   0: 0x000000008000555c (0xa7c40113) addi    sp, s0, -1412
core   0: 1 0x000000008000555c (0xa7c40113) x2  0xfffffffffffffa7c
core   0: 0x0000000080005560 (0x3239f9cf) fnmadd.d fs3, fs3, ft3, ft6
core   0: 1 0x0000000080005560 (0x3239f9cf) f19 0x7ff8000000000000
core   0: 0x0000000080005564 (0x6379889b) addiw   a7, s3, 1591
core   0: 1 0x0000000080005564 (0x6379889b) x17 0x0000000000000837
core   0: 0x0000000080005568 (0x40a88933) sub     s2, a7, a0
core   0: 1 0x0000000080005568 (0x40a88933) x18 0xfffffff736e52efb
core   0: 0x000000008000556c (0xc209f5d3) fcvt.w.d a1, fs3
core   0: 1 0x000000008000556c (0xc209f5d3) c1_fflags 0x0000000000000010 x11 0x000000007fffffff
core   0: 0x0000000080005570 (0xc0237b53) fcvt.l.s s6, ft6
core   0: 1 0x0000000080005570 (0xc0237b53) c1_fflags 0x0000000000000010 x22 0x7fffffffffffffff
core   0: 0x0000000080005574 (0x0372e1b3) rem     gp, t0, s7
core   0: 1 0x0000000080005574 (0x0372e1b3) x3  0x0000000040000000
core   0: 0x0000000080005578 (0xc343831b) addiw   t1, t2, -972
core   0: 1 0x0000000080005578 (0xc343831b) x6  0xfffffffffffffc34
core   0: 0x000000008000557c (0x03936cb3) rem     s9, t1, s9
core   0: 1 0x000000008000557c (0x03936cb3) x25 0xfffffffffffffc34
core   0: 0x0000000080005580 (0x001899f3) csrrw   s3, fflags, a7
core   0: 1 0x0000000080005580 (0x001899f3) x19 0x0000000000000010 c1_fflags 0x0000000000000017
core   0: 0x0000000080005584 (0x03327ab3) remu    s5, tp, s3
core   0: 1 0x0000000080005584 (0x03327ab3) x21 0x000000000000000f
core   0: 0x0000000080005588 (0x415cd7b3) sra     a5, s9, s5
core   0: 1 0x0000000080005588 (0x415cd7b3) x15 0xffffffffffffffff
core   0: 0x000000008000558c (0x412ad933) sra     s2, s5, s2
core   0: 1 0x000000008000558c (0x412ad933) x18 0x0000000000000000
core   0: 0x0000000080005590 (0xc2f777cf) fnmadd.d fa5, fa4, fa5, fs8
core   0: 1 0x0000000080005590 (0xc2f777cf) f15 0x7ff8000000000000
core   0: 0x0000000080005594 (0x01f0de1b) srliw   t3, ra, 31
core   0: 1 0x0000000080005594 (0x01f0de1b) x28 0x0000000000000001
core   0: 0x0000000080005598 (0x420d8f53) fcvt.d.s ft10, fs11
core   0: 1 0x0000000080005598 (0x420d8f53) f30 0x7ff8000000000000
core   0: 0x000000008000559c (0x0397073b) mulw    a4, a4, s9
core   0: 1 0x000000008000559c (0x0397073b) x14 0xfffffffffffff868
core   0: 0x00000000800055a0 (0x41158c3b) subw    s8, a1, a7
core   0: 1 0x00000000800055a0 (0x41158c3b) x24 0x000000007ffff7c8
core   0: 0x00000000800055a4 (0xd20c01d3) fcvt.d.w ft3, s8
core   0: 1 0x00000000800055a4 (0xd20c01d3) f3  0x41dffffdf2000000
core   0: 0x00000000800055a8 (0xa4647513) andi    a0, s0, -1466
core   0: 1 0x00000000800055a8 (0xa4647513) x10 0x0000000000000000
core   0: 0x00000000800055ac (0x00dc6733) or      a4, s8, a3
core   0: 1 0x00000000800055ac (0x00dc6733) x14 0x000000007ffff7df
core   0: 0x00000000800055b0 (0x42010b53) fcvt.d.s fs6, ft2
core   0: 1 0x00000000800055b0 (0x42010b53) f22 0x7ff8000000000000
core   0: 0x00000000800055b4 (0x2b0d0953) fmin.d  fs2, fs10, fa6
core   0: 1 0x00000000800055b4 (0x2b0d0953) f18 0x0000000000000d3c
core   0: 0x00000000800055b8 (0x0aca8193) addi    gp, s5, 172
core   0: 1 0x00000000800055b8 (0x0aca8193) x3  0x00000000000000bb
core   0: 0x00000000800055bc (0xbb6bf5c3) fmadd.d fa1, fs7, fs6, fs7
core   0: 1 0x00000000800055bc (0xbb6bf5c3) f11 0x7ff8000000000000
core   0: 0x00000000800055c0 (0xc028f0d3) fcvt.l.s ra, fa7
core   0: 1 0x00000000800055c0 (0xc028f0d3) c1_fflags 0x0000000000000017 x1  0x7fffffffffffffff
core   0: 0x00000000800055c4 (0x42725313) srai    t1, tp, 39
core   0: 1 0x00000000800055c4 (0x42725313) x6  0xffffffffffffffff
core   0: 0x00000000800055c8 (0x03375733) divu    a4, a4, s3
core   0: 1 0x00000000800055c8 (0x03375733) x14 0x0000000007ffff7d
core   0: 0x00000000800055cc (0x03a56533) rem     a0, a0, s10
core   0: 1 0x00000000800055cc (0x03a56533) x10 0x0000000000000000
core   0: 0x00000000800055d0 (0x00009e1a) c.add   t3, t1
core   0: 1 0x00000000800055d0 (0x9e1a) x28 0x0000000000000000
core   0: 0x00000000800055d2 (0xc216f553) fcvt.wu.d a0, fa3
core   0: 1 0x00000000800055d2 (0xc216f553) c1_fflags 0x0000000000000017 x10 0xffffffffffffffff
core   0: 0x00000000800055d6 (0xd2257853) fcvt.d.l fa6, a0
core   0: 1 0x00000000800055d6 (0xd2257853) f16 0xbff0000000000000
core   0: 0x00000000800055da (0x235b9953) fsgnjn.d fs2, fs7, fs5
core   0: 1 0x00000000800055da (0x235b9953) f18 0xfff8000000000000
core   0: 0x00000000800055de (0xe89a4a17) auipc   s4, 0xe89a4
core   0: 1 0x00000000800055de (0xe89a4a17) x20 0x00000000689a95de
core   0: 0x00000000800055e2 (0x40697c93) andi    s9, s2, 1030
core   0: 1 0x00000000800055e2 (0x40697c93) x25 0x0000000000000000
core   0: 0x00000000800055e6 (0x420100d3) fcvt.d.s ft1, ft2
core   0: 1 0x00000000800055e6 (0x420100d3) f1  0x7ff8000000000000
core   0: 0x00000000800055ea (0x01a6ea33) or      s4, a3, s10
core   0: 1 0x00000000800055ea (0x01a6ea33) x20 0x7fffffffffffffff
core   0: 0x00000000800055ee (0x400cd31b) sraiw   t1, s9, 0
core   0: 1 0x00000000800055ee (0x400cd31b) x6  0x0000000000000000
core   0: 0x00000000800055f2 (0x001027f3) csrrs   a5, fflags, zero
core   0: 1 0x00000000800055f2 (0x001027f3) x15 0x0000000000000017
core   0: 0x00000000800055f6 (0x0244eab3) rem     s5, s1, tp
core   0: 1 0x00000000800055f6 (0x0244eab3) x21 0x0000000000000000
core   0: 0x00000000800055fa (0xc02479d3) fcvt.l.s s3, fs0
core   0: 1 0x00000000800055fa (0xc02479d3) c1_fflags 0x0000000000000017 x19 0x7fffffffffffffff
core   0: 0x00000000800055fe (0x0398aa33) mulhsu  s4, a7, s9
core   0: 1 0x00000000800055fe (0x0398aa33) x20 0x0000000000000000
core   0: 0x0000000080005602 (0xd022fad3) fcvt.s.l fs5, t0
core   0: 1 0x0000000080005602 (0xd022fad3) f21 0xffffffff4e800000
core   0: 0x0000000080005606 (0xbefa051b) addiw   a0, s4, -1041
core   0: 1 0x0000000080005606 (0xbefa051b) x10 0xfffffffffffffbef
core   0: 0x000000008000560a (0xc02577d3) fcvt.l.s a5, fa0
core   0: 1 0x000000008000560a (0xc02577d3) c1_fflags 0x0000000000000017 x15 0x7fffffffffffffff
core   0: 0x000000008000560e (0x40fada93) srai    s5, s5, 15
core   0: 1 0x000000008000560e (0x40fada93) x21 0x0000000000000000
core   0: 0x0000000080005612 (0x038b013b) mulw    sp, s6, s8
core   0: 1 0x0000000080005612 (0x038b013b) x2  0xffffffff80000838
core   0: 0x0000000080005616 (0x00000001) c.nop
core   0: 1 0x0000000080005616 (0x0001)
core   0: 0x0000000080005618 (0x00e9dbbb) srlw    s7, s3, a4
core   0: 1 0x0000000080005618 (0x00e9dbbb) x23 0x0000000000000007
core   0: 0x000000008000561c (0x00db9cb3) sll     s9, s7, a3
core   0: 1 0x000000008000561c (0x00db9cb3) x25 0x0000000003800000
core   0: 0x0000000080005620 (0x5a0b73d3) fsqrt.d ft7, fs6
core   0: 1 0x0000000080005620 (0x5a0b73d3) f7  0x7ff8000000000000
core   0: 0x0000000080005624 (0x0133d49b) srliw   s1, t2, 19
core   0: 1 0x0000000080005624 (0x0133d49b) x9  0x0000000000000000
core   0: 0x0000000080005628 (0xd03cf9d3) fcvt.s.lu fs3, s9
core   0: 1 0x0000000080005628 (0xd03cf9d3) f19 0xffffffff4c600000
core   0: 0x000000008000562c (0x011afab3) and     s5, s5, a7
core   0: 1 0x000000008000562c (0x011afab3) x21 0x0000000000000000
core   0: 0x0000000080005630 (0x0015dc13) srli    s8, a1, 1
core   0: 1 0x0000000080005630 (0x0015dc13) x24 0x000000003fffffff
core   0: 0x0000000080005634 (0x40b3543b) sraw    s0, t1, a1
core   0: 1 0x0000000080005634 (0x40b3543b) x8  0x0000000000000000
core   0: 0x0000000080005638 (0x02076bb3) rem     s7, a4, zero
core   0: 1 0x0000000080005638 (0x02076bb3) x23 0x0000000007ffff7d
core   0: 0x000000008000563c (0x000a5a3b) srlw    s4, s4, zero
core   0: 1 0x000000008000563c (0x000a5a3b) x20 0x0000000000000000
core   0: 0x0000000080005640 (0x41408bb3) sub     s7, ra, s4
core   0: 1 0x0000000080005640 (0x41408bb3) x23 0x7fffffffffffffff
core   0: 0x0000000080005644 (0xf11ffaf3) csrrci  s5, mvendorid, 31
core   0: exception trap_illegal_instruction, epc 0x0000000080005644
core   0:           tval 0x00000000f11ffaf3
core   0: >>>>  $xrv64i2p1_m2p0_a2p1_f2p2_d2p2_zicsr2p0_zifencei2p0_zmmul1p0_zba1p0_zbb1p0_zbc1p0_zbs1p0
core   0: 0x0000000080004000 (0x0080006f) j       pc + 0x8
core   0: 3 0x0000000080004000 (0x0080006f)
core   0: >>>>  mmode_exception_handler
core   0: 0x0000000080004008 (0x00002c17) auipc   s8, 0x2
core   0: 3 0x0000000080004008 (0x00002c17) x24 0x0000000080006008
core   0: 0x000000008000400c (0x0c8c0c13) addi    s8, s8, 200
core   0: 3 0x000000008000400c (0x0c8c0c13) x24 0x00000000800060d0
core   0: 0x0000000080004010 (0x000c00e7) jalr    s8
core   0: 3 0x0000000080004010 (0x000c00e7) x1  0x0000000080004014
core   0: >>>>  any_handler
core   0: 0x00000000800060d0 (0x341027f3) csrrs   a5, mepc, zero
core   0: 3 0x00000000800060d0 (0x341027f3) x15 0x0000000080005644
core   0: 0x00000000800060d4 (0x34202773) csrrs   a4, mcause, zero
core   0: 3 0x00000000800060d4 (0x34202773) x14 0x0000000000000002
core   0: 0x00000000800060d8 (0x142026f3) csrrs   a3, scause, zero
core   0: 3 0x00000000800060d8 (0x142026f3) x13 0x0000000000000017
core   0: 0x00000000800060dc (0x30402673) csrrs   a2, mie, zero
core   0: 3 0x00000000800060dc (0x30402673) x12 0x0000000000000a00
core   0: 0x00000000800060e0 (0x344025f3) csrrs   a1, mip, zero
core   0: 3 0x00000000800060e0 (0x344025f3) x11 0x0000000000000080
core   0: 0x00000000800060e4 (0x343025f3) csrrs   a1, mtval, zero
core   0: 3 0x00000000800060e4 (0x343025f3) x11 0x00000000f11ffaf3
core   0: 0x00000000800060e8 (0x14302573) csrrs   a0, stval, zero
core   0: 3 0x00000000800060e8 (0x14302573) x10 0x0000000000000000
core   0: 0x00000000800060ec (0xb02024f3) csrrs   s1, minstret, zero
core   0: 3 0x00000000800060ec (0xb02024f3) x9  0x0000000000000f13
core   0: 0x00000000800060f0 (0x0000a811) c.j     pc + 20
core   0: 3 0x00000000800060f0 (0xa811)
core   0: >>>>  mepc_4
core   0: 0x0000000080006104 (0x00000791) c.addi  a5, 4
core   0: 3 0x0000000080006104 (0x0791) x15 0x0000000080005648
core   0: 0x0000000080006106 (0x34179073) csrrw   zero, mepc, a5
core   0: 3 0x0000000080006106 (0x34179073) c833_mepc 0x0000000080005648
core   0: 0x000000008000610a (0x30200073) mret
core   0: 3 0x000000008000610a (0x30200073) c768_mstatus 0x8000000a00106080
core   0: 0x0000000080005648 (0xd22d77d3) fcvt.d.l fa5, s10
core   0: 1 0x0000000080005648 (0xd22d77d3) c1_fflags 0x0000000000000017 f15 0x43dfffffffffffff
core   0: 0x000000008000564c (0x0288f1d3) fadd.d  ft3, fa7, fs0
core   0: 1 0x000000008000564c (0x0288f1d3) c1_fflags 0x0000000000000017 f3  0x415000004f876ccd
core   0: 0x0000000080005650 (0x7ffcf713) andi    a4, s9, 2047
core   0: 1 0x0000000080005650 (0x7ffcf713) x14 0x0000000000000000
core   0: 0x0000000080005654 (0x0298f333) remu    t1, a7, s1
core   0: 1 0x0000000080005654 (0x0298f333) x6  0x0000000000000837
core   0: 0x0000000080005658 (0x001020f3) csrrs   ra, fflags, zero
core   0: 1 0x0000000080005658 (0x001020f3) x1  0x0000000000000017
core   0: 0x000000008000565c (0x00000001) c.nop
core   0: 1 0x000000008000565c (0x0001)
core   0: 0x000000008000565e (0x00169873) csrrw   a6, fflags, a3
core   0: 1 0x000000008000565e (0x00169873) x16 0x0000000000000017 c1_fflags 0x0000000000000017
core   0: 0x0000000080005662 (0x01a75d33) srl     s10, a4, s10
core   0: 1 0x0000000080005662 (0x01a75d33) x26 0x0000000000000000
core   0: 0x0000000080005666 (0x14007073) csrrci  zero, sscratch, 0
core   0: 1 0x0000000080005666 (0x14007073)
core   0: 0x000000008000566a (0xc0247253) fcvt.l.s tp, fs0
core   0: 1 0x000000008000566a (0xc0247253) c1_fflags 0x0000000000000017 x4  0x7fffffffffffffff
core   0: 0x000000008000566e (0x02a51b33) mulh    s6, a0, a0
core   0: 1 0x000000008000566e (0x02a51b33) x22 0x0000000000000000
core   0: 0x0000000080005672 (0xd2207cd3) fcvt.d.l fs9, zero
core   0: 1 0x0000000080005672 (0xd2207cd3) f25 0x0000000000000000
core   0: 0x0000000080005676 (0xc01b35f3) csrrc   a1, time, s6
core   0: exception trap_illegal_instruction, epc 0x0000000080005676
core   0:           tval 0x00000000c01b35f3
core   0: >>>>  $xrv64i2p1_m2p0_a2p1_f2p2_d2p2_zicsr2p0_zifencei2p0_zmmul1p0_zba1p0_zbb1p0_zbc1p0_zbs1p0
core   0: 0x0000000080004000 (0x0080006f) j       pc + 0x8
core   0: 3 0x0000000080004000 (0x0080006f)
core   0: >>>>  mmode_exception_handler
core   0: 0x0000000080004008 (0x00002c17) auipc   s8, 0x2
core   0: 3 0x0000000080004008 (0x00002c17) x24 0x0000000080006008
core   0: 0x000000008000400c (0x0c8c0c13) addi    s8, s8, 200
core   0: 3 0x000000008000400c (0x0c8c0c13) x24 0x00000000800060d0
core   0: 0x0000000080004010 (0x000c00e7) jalr    s8
core   0: 3 0x0000000080004010 (0x000c00e7) x1  0x0000000080004014
core   0: >>>>  any_handler
core   0: 0x00000000800060d0 (0x341027f3) csrrs   a5, mepc, zero
core   0: 3 0x00000000800060d0 (0x341027f3) x15 0x0000000080005676
core   0: 0x00000000800060d4 (0x34202773) csrrs   a4, mcause, zero
core   0: 3 0x00000000800060d4 (0x34202773) x14 0x0000000000000002
core   0: 0x00000000800060d8 (0x142026f3) csrrs   a3, scause, zero
core   0: 3 0x00000000800060d8 (0x142026f3) x13 0x0000000000000017
core   0: 0x00000000800060dc (0x30402673) csrrs   a2, mie, zero
core   0: 3 0x00000000800060dc (0x30402673) x12 0x0000000000000a00
core   0: 0x00000000800060e0 (0x344025f3) csrrs   a1, mip, zero
core   0: 3 0x00000000800060e0 (0x344025f3) x11 0x0000000000000080
core   0: 0x00000000800060e4 (0x343025f3) csrrs   a1, mtval, zero
core   0: 3 0x00000000800060e4 (0x343025f3) x11 0x00000000c01b35f3
core   0: 0x00000000800060e8 (0x14302573) csrrs   a0, stval, zero
core   0: 3 0x00000000800060e8 (0x14302573) x10 0x0000000000000000
core   0: 0x00000000800060ec (0xb02024f3) csrrs   s1, minstret, zero
core   0: 3 0x00000000800060ec (0xb02024f3) x9  0x0000000000000f2f
core   0: 0x00000000800060f0 (0x0000a811) c.j     pc + 20
core   0: 3 0x00000000800060f0 (0xa811)
core   0: >>>>  mepc_4
core   0: 0x0000000080006104 (0x00000791) c.addi  a5, 4
core   0: 3 0x0000000080006104 (0x0791) x15 0x000000008000567a
core   0: 0x0000000080006106 (0x34179073) csrrw   zero, mepc, a5
core   0: 3 0x0000000080006106 (0x34179073) c833_mepc 0x000000008000567a
core   0: 0x000000008000610a (0x30200073) mret
core   0: 3 0x000000008000610a (0x30200073) c768_mstatus 0x8000000a00106080
core   0: 0x000000008000567a (0x00102973) csrrs   s2, fflags, zero
core   0: 1 0x000000008000567a (0x00102973) x18 0x0000000000000017
core   0: 0x000000008000567e (0xe20c8bd3) fmv.x.d s7, fs9
core   0: 1 0x000000008000567e (0xe20c8bd3) x23 0x0000000000000000
core   0: 0x0000000080005682 (0x40025c13) srai    s8, tp, 0
core   0: 1 0x0000000080005682 (0x40025c13) x24 0x7fffffffffffffff
core   0: 0x0000000080005686 (0x1369f3d3) fmul.d  ft7, fs3, fs6
core   0: 1 0x0000000080005686 (0x1369f3d3) f7  0x7ff8000000000000
core   0: 0x000000008000568a (0x03dc483b) divw    a6, s8, t4
core   0: 1 0x000000008000568a (0x03dc483b) x16 0x0000000000000000
core   0: 0x000000008000568e (0xd21608d3) fcvt.d.wu fa7, a2
core   0: 1 0x000000008000568e (0xd21608d3) f17 0x40a4000000000000
core   0: 0x0000000080005692 (0x00009f95) c.subw  a5, a3
core   0: 1 0x0000000080005692 (0x9f95) x15 0xffffffff80005663
core   0: 0x0000000080005694 (0x0ff0000f) fence   iorw,iorw
core   0: 1 0x0000000080005694 (0x0ff0000f)
core   0: 0x0000000080005698 (0x01b0111b) slliw   sp, zero, 27
core   0: 1 0x0000000080005698 (0x01b0111b) x2  0x0000000000000000
core   0: 0x000000008000569c (0x401ef653) fcvt.s.d fa2, ft9
core   0: 1 0x000000008000569c (0x401ef653) f12 0xffffffff7fc00000
core   0: 0x00000000800056a0 (0x0227673b) remw    a4, a4, sp
core   0: 1 0x00000000800056a0 (0x0227673b) x14 0x0000000000000002
core   0: 0x00000000800056a4 (0xd2277a53) fcvt.d.l fs4, a4
core   0: 1 0x00000000800056a4 (0xd2277a53) f20 0x4000000000000000
core   0: 0x00000000800056a8 (0xfba2891b) addiw   s2, t0, -70
core   0: 1 0x00000000800056a8 (0xfba2891b) x18 0x000000003fffffba
core   0: 0x00000000800056ac (0x0b41fe53) fsub.d  ft8, ft3, fs4
core   0: 1 0x00000000800056ac (0x0b41fe53) f28 0x414fffff9f0ed99a
core   0: 0x00000000800056b0 (0x03a4e4bb) remw    s1, s1, s10
core   0: 1 0x00000000800056b0 (0x03a4e4bb) x9  0x0000000000000f2f
core   0: 0x00000000800056b4 (0x00000001) c.nop
core   0: 1 0x00000000800056b4 (0x0001)
core   0: 0x00000000800056b6 (0x223c0cd3) fsgnj.d fs9, fs8, ft3
core   0: 1 0x00000000800056b6 (0x223c0cd3) f25 0x7ff8000000000000
core   0: 0x00000000800056ba (0x4078d893) srai    a7, a7, 7
core   0: 1 0x00000000800056ba (0x4078d893) x17 0x0000000000000010
core   0: 0x00000000800056be (0x93384e97) auipc   t4, 0x93384
core   0: 1 0x00000000800056be (0x93384e97) x29 0x00000000133896be
core   0: 0x00000000800056c2 (0x011eccb3) xor     s9, t4, a7
core   0: 1 0x00000000800056c2 (0x011eccb3) x25 0x00000000133896ae
core   0: 0x00000000800056c6 (0x7ff24313) xori    t1, tp, 2047
core   0: 1 0x00000000800056c6 (0x7ff24313) x6  0x7ffffffffffff800
core   0: 0x00000000800056ca (0xc0347153) fcvt.lu.s sp, fs0
core   0: 1 0x00000000800056ca (0xc0347153) c1_fflags 0x0000000000000017 x2  0xffffffffffffffff
core   0: 0x00000000800056ce (0x229988d3) fsgnj.d fa7, fs3, fs1
core   0: 1 0x00000000800056ce (0x229988d3) f17 0x7fffffff4c600000
core   0: 0x00000000800056d2 (0x0243e613) ori     a2, t2, 36
core   0: 1 0x00000000800056d2 (0x0243e613) x12 0x0000000000000024
core   0: 0x00000000800056d6 (0x00199c13) slli    s8, s3, 1
core   0: 1 0x00000000800056d6 (0x00199c13) x24 0xfffffffffffffffe
core   0: 0x00000000800056da (0x4018f553) fcvt.s.d fa0, fa7
core   0: 1 0x00000000800056da (0x4018f553) f10 0xffffffff7fc00000
core   0: 0x00000000800056de (0x02e77833) remu    a6, a4, a4
core   0: 1 0x00000000800056de (0x02e77833) x16 0x0000000000000000
core   0: 0x00000000800056e2 (0x001c0413) addi    s0, s8, 1
core   0: 1 0x00000000800056e2 (0x001c0413) x8  0xffffffffffffffff
core   0: 0x00000000800056e6 (0xd02470d3) fcvt.s.l ft1, s0
core   0: 1 0x00000000800056e6 (0xd02470d3) f1  0xffffffffbf800000
core   0: 0x00000000800056ea (0x400c5993) srai    s3, s8, 0
core   0: 1 0x00000000800056ea (0x400c5993) x19 0xfffffffffffffffe
core   0: 0x00000000800056ee (0xc21df053) fcvt.wu.d zero, fs11
core   0: 1 0x00000000800056ee (0xc21df053) c1_fflags 0x0000000000000017
core   0: 0x00000000800056f2 (0xc0257953) fcvt.l.s s2, fa0
core   0: 1 0x00000000800056f2 (0xc0257953) c1_fflags 0x0000000000000017 x18 0x7fffffffffffffff
core   0: 0x00000000800056f6 (0x01555a1b) srliw   s4, a0, 21
core   0: 1 0x00000000800056f6 (0x01555a1b) x20 0x0000000000000000
core   0: 0x00000000800056fa (0x2b1e14d3) fmax.d  fs1, ft8, fa7
core   0: 1 0x00000000800056fa (0x2b1e14d3) f9  0x414fffff9f0ed99a
core   0: 0x00000000800056fe (0xab9cfccb) fnmsub.d fs9, fs9, fs9, fs5
core   0: 1 0x00000000800056fe (0xab9cfccb) f25 0x7ff8000000000000
core   0: 0x0000000080005702 (0x00151873) csrrw   a6, fflags, a0
core   0: 1 0x0000000080005702 (0x00151873) x16 0x0000000000000017 c1_fflags 0x0000000000000000
core   0: 0x0000000080005706 (0x013255bb) srlw    a1, tp, s3
core   0: 1 0x0000000080005706 (0x013255bb) x11 0x0000000000000003
core   0: 0x000000008000570a (0x02020333) mul     t1, tp, zero
core   0: 1 0x000000008000570a (0x02020333) x6  0x0000000000000000
core   0: 0x000000008000570e (0x42070ed3) fcvt.d.s ft9, fa4
core   0: 1 0x000000008000570e (0x42070ed3) f29 0x7ff8000000000000
core   0: 0x0000000080005712 (0x416b5a33) sra     s4, s6, s6
core   0: 1 0x0000000080005712 (0x416b5a33) x20 0x0000000000000000
core   0: 0x0000000080005716 (0x02daf053) fadd.d  ft0, fs5, fa3
core   0: 1 0x0000000080005716 (0x02daf053) f0  0x7ff8000000000000
core   0: 0x000000008000571a (0x1ad17453) fdiv.d  fs0, ft2, fa3
core   0: 1 0x000000008000571a (0x1ad17453) f8  0x7ff8000000000000
core   0: 0x000000008000571e (0x024a7453) fadd.d  fs0, fs4, ft4
core   0: 1 0x000000008000571e (0x024a7453) f8  0x7ff8000000000000
core   0: 0x0000000080005722 (0x02f8a8b3) mulhsu  a7, a7, a5
core   0: 1 0x0000000080005722 (0x02f8a8b3) x17 0x000000000000000f
core   0: 0x0000000080005726 (0x002714f3) csrrw   s1, frm, a4
core   0: 1 0x0000000080005726 (0x002714f3) x9  0x0000000000000002 c2_frm 0x0000000000000002
core   0: 0x000000008000572a (0x0114c7b3) xor     a5, s1, a7
core   0: 1 0x000000008000572a (0x0114c7b3) x15 0x000000000000000d
core   0: 0x000000008000572e (0x00161873) csrrw   a6, fflags, a2
core   0: 1 0x000000008000572e (0x00161873) x16 0x0000000000000000 c1_fflags 0x0000000000000004
core   0: 0x0000000080005732 (0xc8143293) sltiu   t0, s0, -895
core   0: 1 0x0000000080005732 (0xc8143293) x5  0x0000000000000000
core   0: 0x0000000080005736 (0x001c1c73) csrrw   s8, fflags, s8
core   0: 1 0x0000000080005736 (0x001c1c73) x24 0x0000000000000004 c1_fflags 0x000000000000001e
core   0: 0x000000008000573a (0x03826233) rem     tp, tp, s8
core   0: 1 0x000000008000573a (0x03826233) x4  0x0000000000000003
core   0: 0x000000008000573e (0x30a03297) auipc   t0, 0x30a03
core   0: 1 0x000000008000573e (0x30a03297) x5  0x00000000b0a0873e
core   0: 0x0000000080005742 (0x00001013) slli    zero, zero, 0
core   0: 1 0x0000000080005742 (0x00001013)
core   0: 0x0000000080005746 (0x4012f2d3) fcvt.s.d ft5, ft5
core   0: 1 0x0000000080005746 (0x4012f2d3) f5  0xffffffff00000000
core   0: 0x000000008000574a (0x0094d8bb) srlw    a7, s1, s1
core   0: 1 0x000000008000574a (0x0094d8bb) x17 0x0000000000000000
core   0: 0x000000008000574e (0x132bfbd3) fmul.d  fs7, fs7, fs2
core   0: 1 0x000000008000574e (0x132bfbd3) f23 0x7ff8000000000000
core   0: 0x0000000080005752 (0x01f19a1b) slliw   s4, gp, 31
core   0: 1 0x0000000080005752 (0x01f19a1b) x20 0xffffffff80000000
core   0: 0x0000000080005756 (0x00e97733) and     a4, s2, a4
core   0: 1 0x0000000080005756 (0x00e97733) x14 0x0000000000000002
core   0: 0x000000008000575a (0x8cb10393) addi    t2, sp, -1845
core   0: 1 0x000000008000575a (0x8cb10393) x7  0xfffffffffffff8ca
core   0: 0x000000008000575e (0x002896f3) csrrw   a3, frm, a7
core   0: 1 0x000000008000575e (0x002896f3) x13 0x0000000000000002 c2_frm 0x0000000000000000
core   0: 0x0000000080005762 (0x13e27f53) fmul.d  ft10, ft4, ft10
core   0: 1 0x0000000080005762 (0x13e27f53) f30 0x7ff8000000000000
core   0: 0x0000000080005766 (0x41ac84bb) subw    s1, s9, s10
core   0: 1 0x0000000080005766 (0x41ac84bb) x9  0x00000000133896ae
core   0: 0x000000008000576a (0xe91a059b) addiw   a1, s4, -367
core   0: 1 0x000000008000576a (0xe91a059b) x11 0x000000007ffffe91
core   0: 0x000000008000576e (0x034c6a33) rem     s4, s8, s4
core   0: 1 0x000000008000576e (0x034c6a33) x20 0x0000000000000004
core   0: 0x0000000080005772 (0x40127a53) fcvt.s.d fs4, ft4
core   0: 1 0x0000000080005772 (0x40127a53) f20 0xffffffff7fc00000
core   0: 0x0000000080005776 (0xccea6913) ori     s2, s4, -818
core   0: 1 0x0000000080005776 (0xccea6913) x18 0xfffffffffffffcce
core   0: 0x000000008000577a (0x0ff0000f) fence   iorw,iorw
core   0: 1 0x000000008000577a (0x0ff0000f)
core   0: 0x000000008000577e (0x00000001) c.nop
core   0: 1 0x000000008000577e (0x0001)
core   0: 0x0000000080005780 (0x01f85e9b) srliw   t4, a6, 31
core   0: 1 0x0000000080005780 (0x01f85e9b) x29 0x0000000000000000
core   0: 0x0000000080005784 (0xd226fcd3) fcvt.d.l fs9, a3
core   0: 1 0x0000000080005784 (0xd226fcd3) f25 0x4000000000000000
core   0: 0x0000000080005788 (0x8a3af8c7) fmsub.d fa7, fs5, ft3, fa7
core   0: 1 0x0000000080005788 (0x8a3af8c7) f17 0x7ff8000000000000
core   0: 0x000000008000578c (0x00202173) csrrs   sp, frm, zero
core   0: 1 0x000000008000578c (0x00202173) x2  0x0000000000000000
core   0: 0x0000000080005790 (0x43f85713) srai    a4, a6, 63
core   0: 1 0x0000000080005790 (0x43f85713) x14 0x0000000000000000
core   0: 0x0000000080005794 (0x40065d1b) sraiw   s10, a2, 0
core   0: 1 0x0000000080005794 (0x40065d1b) x26 0x0000000000000024
core   0: 0x0000000080005798 (0x00bdc633) xor     a2, s11, a1
core   0: 1 0x0000000080005798 (0x00bdc633) x12 0x000000007ffffe93
core   0: 0x000000008000579c (0x033568bb) remw    a7, a0, s3
core   0: 1 0x000000008000579c (0x033568bb) x17 0x0000000000000000
core   0: 0x00000000800057a0 (0x5a04f5d3) fsqrt.d fa1, fs1
core   0: 1 0x00000000800057a0 (0x5a04f5d3) c1_fflags 0x000000000000001f f11 0x409fffffcf876ca8
core   0: 0x00000000800057a4 (0x4118ddb3) sra     s11, a7, a7
core   0: 1 0x00000000800057a4 (0x4118ddb3) x27 0x0000000000000000
core   0: 0x00000000800057a8 (0x00008325) c.srli  a4, 9
core   0: 1 0x00000000800057a8 (0x8325) x14 0x0000000000000000
core   0: 0x00000000800057aa (0x009d69b3) or      s3, s10, s1
core   0: 1 0x00000000800057aa (0x009d69b3) x19 0x00000000133896ae
core   0: 0x00000000800057ae (0xfa6a5517) auipc   a0, 0xfa6a5
core   0: 1 0x00000000800057ae (0xfa6a5517) x10 0x000000007a6aa7ae
core   0: 0x00000000800057b2 (0x342632f3) csrrc   t0, mcause, a2
core   0: exception trap_illegal_instruction, epc 0x00000000800057b2
core   0:           tval 0x00000000342632f3
core   0: >>>>  $xrv64i2p1_m2p0_a2p1_f2p2_d2p2_zicsr2p0_zifencei2p0_zmmul1p0_zba1p0_zbb1p0_zbc1p0_zbs1p0
core   0: 0x0000000080004000 (0x0080006f) j       pc + 0x8
core   0: 3 0x0000000080004000 (0x0080006f)
core   0: >>>>  mmode_exception_handler
core   0: 0x0000000080004008 (0x00002c17) auipc   s8, 0x2
core   0: 3 0x0000000080004008 (0x00002c17) x24 0x0000000080006008
core   0: 0x000000008000400c (0x0c8c0c13) addi    s8, s8, 200
core   0: 3 0x000000008000400c (0x0c8c0c13) x24 0x00000000800060d0
core   0: 0x0000000080004010 (0x000c00e7) jalr    s8
core   0: 3 0x0000000080004010 (0x000c00e7) x1  0x0000000080004014
core   0: >>>>  any_handler
core   0: 0x00000000800060d0 (0x341027f3) csrrs   a5, mepc, zero
core   0: 3 0x00000000800060d0 (0x341027f3) x15 0x00000000800057b2
core   0: 0x00000000800060d4 (0x34202773) csrrs   a4, mcause, zero
core   0: 3 0x00000000800060d4 (0x34202773) x14 0x0000000000000002
core   0: 0x00000000800060d8 (0x142026f3) csrrs   a3, scause, zero
core   0: 3 0x00000000800060d8 (0x142026f3) x13 0x0000000000000017
core   0: 0x00000000800060dc (0x30402673) csrrs   a2, mie, zero
core   0: 3 0x00000000800060dc (0x30402673) x12 0x0000000000000a00
core   0: 0x00000000800060e0 (0x344025f3) csrrs   a1, mip, zero
core   0: 3 0x00000000800060e0 (0x344025f3) x11 0x0000000000000080
core   0: 0x00000000800060e4 (0x343025f3) csrrs   a1, mtval, zero
core   0: 3 0x00000000800060e4 (0x343025f3) x11 0x00000000342632f3
core   0: 0x00000000800060e8 (0x14302573) csrrs   a0, stval, zero
core   0: 3 0x00000000800060e8 (0x14302573) x10 0x0000000000000000
core   0: 0x00000000800060ec (0xb02024f3) csrrs   s1, minstret, zero
core   0: 3 0x00000000800060ec (0xb02024f3) x9  0x0000000000000f8f
core   0: 0x00000000800060f0 (0x0000a811) c.j     pc + 20
core   0: 3 0x00000000800060f0 (0xa811)
core   0: >>>>  mepc_4
core   0: 0x0000000080006104 (0x00000791) c.addi  a5, 4
core   0: 3 0x0000000080006104 (0x0791) x15 0x00000000800057b6
core   0: 0x0000000080006106 (0x34179073) csrrw   zero, mepc, a5
core   0: 3 0x0000000080006106 (0x34179073) c833_mepc 0x00000000800057b6
core   0: 0x000000008000610a (0x30200073) mret
core   0: 3 0x000000008000610a (0x30200073) c768_mstatus 0x8000000a00106080
core   0: 0x00000000800057b6 (0x43900617) auipc   a2, 0x43900
core   0: 1 0x00000000800057b6 (0x43900617) x12 0x00000000c39057b6
core   0: 0x00000000800057ba (0x1bf27553) fdiv.d  fa0, ft4, ft11
core   0: 1 0x00000000800057ba (0x1bf27553) f10 0x7ff8000000000000
core   0: 0x00000000800057be (0x0052973b) sllw    a4, t0, t0
core   0: 1 0x00000000800057be (0x0052973b) x14 0xffffffff80000000
core   0: 0x00000000800057c2 (0x01a310bb) sllw    ra, t1, s10
core   0: 1 0x00000000800057c2 (0x01a310bb) x1  0x0000000000000000
core   0: 0x00000000800057c6 (0xc238f353) fcvt.lu.d t1, fa7
core   0: 1 0x00000000800057c6 (0xc238f353) c1_fflags 0x000000000000001f x6  0xffffffffffffffff
core   0: 0x00000000800057ca (0x42050853) fcvt.d.s fa6, fa0
core   0: 1 0x00000000800057ca (0x42050853) f16 0x7ff8000000000000
core   0: 0x00000000800057ce (0x00000001) c.nop
core   0: 1 0x00000000800057ce (0x0001)
core   0: 0x00000000800057d0 (0x000b4493) xori    s1, s6, 0
core   0: 1 0x00000000800057d0 (0x000b4493) x9  0x0000000000000000
core   0: 0x00000000800057d4 (0x02b4aab3) mulhsu  s5, s1, a1
core   0: 1 0x00000000800057d4 (0x02b4aab3) x21 0x0000000000000000
core   0: 0x00000000800057d8 (0x02b5fb3b) remuw   s6, a1, a1
core   0: 1 0x00000000800057d8 (0x02b5fb3b) x22 0x0000000000000000
core   0: 0x00000000800057dc (0x02f36cb3) rem     s9, t1, a5
core   0: 1 0x00000000800057dc (0x02f36cb3) x25 0xffffffffffffffff
core   0: 0x00000000800057e0 (0x01731bb3) sll     s7, t1, s7
core   0: 1 0x00000000800057e0 (0x01731bb3) x23 0xffffffffffffffff
core   0: 0x00000000800057e4 (0x0b6771d3) fsub.d  ft3, fa4, fs6
core   0: 1 0x00000000800057e4 (0x0b6771d3) f3  0x7ff8000000000000
core   0: 0x00000000800057e8 (0x00ba5833) srl     a6, s4, a1
core   0: 1 0x00000000800057e8 (0x00ba5833) x16 0x0000000000000000
core   0: 0x00000000800057ec (0x69fbc913) xori    s2, s7, 1695
core   0: 1 0x00000000800057ec (0x69fbc913) x18 0xfffffffffffff960
core   0: 0x00000000800057f0 (0x001417f3) csrrw   a5, fflags, s0
core   0: 1 0x00000000800057f0 (0x001417f3) x15 0x000000000000001f c1_fflags 0x000000000000001f
core   0: 0x00000000800057f4 (0x2a818453) fmin.d  fs0, ft3, fs0
core   0: 1 0x00000000800057f4 (0x2a818453) f8  0x7ff8000000000000
core   0: 0x00000000800057f8 (0x01608933) add     s2, ra, s6
core   0: 1 0x00000000800057f8 (0x01608933) x18 0x0000000000000000
core   0: 0x00000000800057fc (0x002d2e33) slt     t3, s10, sp
core   0: 1 0x00000000800057fc (0x002d2e33) x28 0x0000000000000000
core   0: 0x0000000080005800 (0x005756b3) srl     a3, a4, t0
core   0: 1 0x0000000080005800 (0x005756b3) x13 0x0000000000000003
core   0: 0x0000000080005804 (0x00259b73) csrrw   s6, frm, a1
core   0: 1 0x0000000080005804 (0x00259b73) x22 0x0000000000000000 c2_frm 0x0000000000000003
core   0: 0x0000000080005808 (0xe2038553) fmv.x.d a0, ft7
core   0: 1 0x0000000080005808 (0xe2038553) x10 0x7ff8000000000000
core   0: 0x000000008000580c (0x00d68733) add     a4, a3, a3
core   0: 1 0x000000008000580c (0x00d68733) x14 0x0000000000000006
core   0: 0x0000000080005810 (0xa6677993) andi    s3, a4, -1434
core   0: 1 0x0000000080005810 (0xa6677993) x19 0x0000000000000006
core   0: 0x0000000080005814 (0x022884b3) mul     s1, a7, sp
core   0: 1 0x0000000080005814 (0x022884b3) x9  0x0000000000000000
core   0: 0x0000000080005818 (0x8007029b) addiw   t0, a4, -2048
core   0: 1 0x0000000080005818 (0x8007029b) x5  0xfffffffffffff806
core   0: 0x000000008000581c (0x00102a73) csrrs   s4, fflags, zero
core   0: 1 0x000000008000581c (0x00102a73) x20 0x000000000000001f
core   0: 0x0000000080005820 (0x01250c3b) addw    s8, a0, s2
core   0: 1 0x0000000080005820 (0x01250c3b) x24 0x0000000000000000
core   0: 0x0000000080005824 (0x41168bbb) subw    s7, a3, a7
core   0: 1 0x0000000080005824 (0x41168bbb) x23 0x0000000000000003
core   0: 0x0000000080005828 (0x1b25f343) fmadd.d ft6, fa1, fs2, ft3
core   0: 1 0x0000000080005828 (0x1b25f343) f6  0x7ff8000000000000
core   0: 0x000000008000582c (0x037a1233) mulh    tp, s4, s7
core   0: 1 0x000000008000582c (0x037a1233) x4  0x0000000000000000
core   0: 0x0000000080005830 (0x7ff26413) ori     s0, tp, 2047
core   0: 1 0x0000000080005830 (0x7ff26413) x8  0x00000000000007ff
core   0: 0x0000000080005834 (0x203e9c37) lui     s8, 0x203e9
core   0: 1 0x0000000080005834 (0x203e9c37) x24 0x00000000203e9000
core   0: 0x0000000080005838 (0x4bb89b97) auipc   s7, 0x4bb89
core   0: 1 0x0000000080005838 (0x4bb89b97) x23 0x00000000cbb8e838
core   0: 0x000000008000583c (0x008bdbb3) srl     s7, s7, s0
core   0: 1 0x000000008000583c (0x008bdbb3) x23 0x0000000000000000
core   0: 0x0000000080005840 (0x02d41633) mulh    a2, s0, a3
core   0: 1 0x0000000080005840 (0x02d41633) x12 0x0000000000000000
core   0: 0x0000000080005844 (0x4002d71b) sraiw   a4, t0, 0
core   0: 1 0x0000000080005844 (0x4002d71b) x14 0xfffffffffffff806
core   0: 0x0000000080005848 (0x02e739b3) mulhu   s3, a4, a4
core   0: 1 0x0000000080005848 (0x02e739b3) x19 0xfffffffffffff00c
core   0: 0x000000008000584c (0x023cd893) srli    a7, s9, 35
core   0: 1 0x000000008000584c (0x023cd893) x17 0x000000001fffffff
core   0: 0x0000000080005850 (0x02d6743b) remuw   s0, a2, a3
core   0: 1 0x0000000080005850 (0x02d6743b) x8  0x0000000000000000
core   0: 0x0000000080005854 (0x0124591b) srliw   s2, s0, 18
core   0: 1 0x0000000080005854 (0x0124591b) x18 0x0000000000000000
core   0: 0x0000000080005858 (0xc03d7c53) fcvt.lu.s s8, fs10
core   0: 1 0x0000000080005858 (0xc03d7c53) c1_fflags 0x000000000000001f x24 0xffffffffffffffff
core   0: 0x000000008000585c (0x60b60b93) addi    s7, a2, 1547
core   0: 1 0x000000008000585c (0x60b60b93) x23 0x000000000000060b
core   0: 0x0000000080005860 (0xa2bd10d3) flt.d   ra, fs10, fa1
core   0: 1 0x0000000080005860 (0xa2bd10d3) x1  0x0000000000000001
core   0: 0x0000000080005864 (0x0262c7bb) divw    a5, t0, t1
core   0: 1 0x0000000080005864 (0x0262c7bb) x15 0x00000000000007fa
core   0: 0x0000000080005868 (0xd023fa53) fcvt.s.l fs4, t2
core   0: 1 0x0000000080005868 (0xd023fa53) f20 0xffffffffc4e6c000
core   0: 0x000000008000586c (0x40b9dc9b) sraiw   s9, s3, 11
core   0: 1 0x000000008000586c (0x40b9dc9b) x25 0xfffffffffffffffe
core   0: 0x0000000080005870 (0x400eda13) srai    s4, t4, 0
core   0: 1 0x0000000080005870 (0x400eda13) x20 0x0000000000000000
core   0: 0x0000000080005874 (0x8008a193) slti    gp, a7, -2048
core   0: 1 0x0000000080005874 (0x8008a193) x3  0x0000000000000000
core   0: 0x0000000080005878 (0x1069a073) csrrs   zero, scounteren, s3
core   0: 1 0x0000000080005878 (0x1069a073) c262_scounteren 0x0000000000000000
core   0: 0x000000008000587c (0x00ed1b9b) slliw   s7, s10, 14
core   0: 1 0x000000008000587c (0x00ed1b9b) x23 0x0000000000090000
core   0: 0x0000000080005880 (0x9b45831b) addiw   t1, a1, -1612
core   0: 1 0x0000000080005880 (0x9b45831b) x6  0x0000000034262ca7
core   0: 0x0000000080005884 (0x0339fab3) remu    s5, s3, s3
core   0: 1 0x0000000080005884 (0x0339fab3) x21 0x0000000000000000
core   0: 0x0000000080005888 (0x03575cb3) divu    s9, a4, s5
core   0: 1 0x0000000080005888 (0x03575cb3) x25 0xffffffffffffffff
core   0: 0x000000008000588c (0x01046233) or      tp, s0, a6
core   0: 1 0x000000008000588c (0x01046233) x4  0x0000000000000000
core   0: 0x0000000080005890 (0x0208fecb) fnmsub.d ft9, fa7, ft0, ft0
core   0: 1 0x0000000080005890 (0x0208fecb) f29 0x7ff8000000000000
core   0: 0x0000000080005894 (0xd2327c53) fcvt.d.lu fs8, tp
core   0: 1 0x0000000080005894 (0xd2327c53) f24 0x0000000000000000
core   0: 0x0000000080005898 (0x13c472d3) fmul.d  ft5, fs0, ft8
core   0: 1 0x0000000080005898 (0x13c472d3) f5  0x7ff8000000000000
core   0: 0x000000008000589c (0x596cc713) xori    a4, s9, 1430
core   0: 1 0x000000008000589c (0x596cc713) x14 0xfffffffffffffa69
core   0: 0x00000000800058a0 (0x00005293) srli    t0, zero, 0
core   0: 1 0x00000000800058a0 (0x00005293) x5  0x0000000000000000
core   0: 0x00000000800058a4 (0xf2008f53) fmv.d.x ft10, ra
core   0: 1 0x00000000800058a4 (0xf2008f53) f30 0x0000000000000001
core   0: 0x00000000800058a8 (0x032776b3) remu    a3, a4, s2
core   0: 1 0x00000000800058a8 (0x032776b3) x13 0xfffffffffffffa69
core   0: 0x00000000800058ac (0x8002831b) addiw   t1, t0, -2048
core   0: 1 0x00000000800058ac (0x8002831b) x6  0xfffffffffffff800
core   0: 0x00000000800058b0 (0x03265eb3) divu    t4, a2, s2
core   0: 1 0x00000000800058b0 (0x03265eb3) x29 0xffffffffffffffff
core   0: 0x00000000800058b4 (0x2b92fcc3) fmadd.d fs9, ft5, fs9, ft5
core   0: 1 0x00000000800058b4 (0x2b92fcc3) f25 0x7ff8000000000000
core   0: 0x00000000800058b8 (0x407e5193) srai    gp, t3, 7
core   0: 1 0x00000000800058b8 (0x407e5193) x3  0x0000000000000000
core   0: 0x00000000800058bc (0x22b5a5d3) fsgnjx.d fa1, fa1, fa1
core   0: 1 0x00000000800058bc (0x22b5a5d3) f11 0x409fffffcf876ca8
core   0: 0x00000000800058c0 (0xfff4e493) ori     s1, s1, -1
core   0: 1 0x00000000800058c0 (0xfff4e493) x9  0xffffffffffffffff
core   0: 0x00000000800058c4 (0xd230f453) fcvt.d.lu fs0, ra
core   0: 1 0x00000000800058c4 (0xd230f453) f8  0x3ff0000000000000
core   0: 0x00000000800058c8 (0x00007033) and     zero, zero, zero
core   0: 1 0x00000000800058c8 (0x00007033)
core   0: 0x00000000800058cc (0x66c1b1b7) lui     gp, 0x66c1b
core   0: 1 0x00000000800058cc (0x66c1b1b7) x3  0x0000000066c1b000
core   0: 0x00000000800058d0 (0x009315b7) lui     a1, 0x931
core   0: 1 0x00000000800058d0 (0x009315b7) x11 0x0000000000931000
core   0: 0x00000000800058d4 (0x62b5859b) addiw   a1, a1, 1579
core   0: 1 0x00000000800058d4 (0x62b5859b) x11 0x000000000093162b
core   0: 0x00000000800058d8 (0x000005b2) c.slli  a1, 12
core   0: 1 0x00000000800058d8 (0x05b2) x11 0x000000093162b000
core   0: 0x00000000800058da (0x45d58593) addi    a1, a1, 1117
core   0: 1 0x00000000800058da (0x45d58593) x11 0x000000093162b45d
core   0: 0x00000000800058de (0x0011511b) srliw   sp, sp, 1
core   0: 1 0x00000000800058de (0x0011511b) x2  0x0000000000000000
core   0: 0x00000000800058e2 (0x01a8e8b3) or      a7, a7, s10
core   0: 1 0x00000000800058e2 (0x01a8e8b3) x17 0x000000001fffffff
core   0: 0x00000000800058e6 (0xfaf6cd13) xori    s10, a3, -81
core   0: 1 0x00000000800058e6 (0xfaf6cd13) x26 0x00000000000005c6
core   0: 0x00000000800058ea (0xd2170c53) fcvt.d.wu fs8, a4
core   0: 1 0x00000000800058ea (0xd2170c53) f24 0x41efffff4d200000
core   0: 0x00000000800058ee (0x7ffd0913) addi    s2, s10, 2047
core   0: 1 0x00000000800058ee (0x7ffd0913) x18 0x0000000000000dc5
core   0: 0x00000000800058f2 (0x40ac0c3b) subw    s8, s8, a0
core   0: 1 0x00000000800058f2 (0x40ac0c3b) x24 0xffffffffffffffff
core   0: 0x00000000800058f6 (0x001c179b) slliw   a5, s8, 1
core   0: 1 0x00000000800058f6 (0x001c179b) x15 0xfffffffffffffffe
core   0: 0x00000000800058fa (0x0227813b) mulw    sp, a5, sp
core   0: 1 0x00000000800058fa (0x0227813b) x2  0x0000000000000000
core   0: 0x00000000800058fe (0x012d143b) sllw    s0, s10, s2
core   0: 1 0x00000000800058fe (0x012d143b) x8  0x000000000000b8c0
core   0: 0x0000000080005902 (0x40f4539b) sraiw   t2, s0, 15
core   0: 1 0x0000000080005902 (0x40f4539b) x7  0x0000000000000001
core   0: 0x0000000080005906 (0x40abdbbb) sraw    s7, s7, a0
core   0: 1 0x0000000080005906 (0x40abdbbb) x23 0x0000000000090000
core   0: 0x000000008000590a (0x00801033) sll     zero, zero, s0
core   0: 1 0x000000008000590a (0x00801033)
core   0: 0x000000008000590e (0x00011393) slli    t2, sp, 0
core   0: 1 0x000000008000590e (0x00011393) x7  0x0000000000000000
core   0: 0x0000000080005912 (0xc1c10c93) addi    s9, sp, -996
core   0: 1 0x0000000080005912 (0xc1c10c93) x25 0xfffffffffffffc1c
core   0: 0x0000000080005916 (0x40185c1b) sraiw   s8, a6, 1
core   0: 1 0x0000000080005916 (0x40185c1b) x24 0x0000000000000000
core   0: 0x000000008000591a (0x038cc93b) divw    s2, s9, s8
core   0: 1 0x000000008000591a (0x038cc93b) x18 0xffffffffffffffff
core   0: 0x000000008000591e (0x00e7193b) sllw    s2, a4, a4
core   0: 1 0x000000008000591e (0x00e7193b) x18 0xfffffffffff4d200
core   0: 0x0000000080005922 (0xb82519f3) csrrw   s3, minstreth, a0
core   0: exception trap_illegal_instruction, epc 0x0000000080005922
core   0:           tval 0x00000000b82519f3
core   0: >>>>  $xrv64i2p1_m2p0_a2p1_f2p2_d2p2_zicsr2p0_zifencei2p0_zmmul1p0_zba1p0_zbb1p0_zbc1p0_zbs1p0
core   0: 0x0000000080004000 (0x0080006f) j       pc + 0x8
core   0: 3 0x0000000080004000 (0x0080006f)
core   0: >>>>  mmode_exception_handler
core   0: 0x0000000080004008 (0x00002c17) auipc   s8, 0x2
core   0: 3 0x0000000080004008 (0x00002c17) x24 0x0000000080006008
core   0: 0x000000008000400c (0x0c8c0c13) addi    s8, s8, 200
core   0: 3 0x000000008000400c (0x0c8c0c13) x24 0x00000000800060d0
core   0: 0x0000000080004010 (0x000c00e7) jalr    s8
core   0: 3 0x0000000080004010 (0x000c00e7) x1  0x0000000080004014
core   0: >>>>  any_handler
core   0: 0x00000000800060d0 (0x341027f3) csrrs   a5, mepc, zero
core   0: 3 0x00000000800060d0 (0x341027f3) x15 0x0000000080005922
core   0: 0x00000000800060d4 (0x34202773) csrrs   a4, mcause, zero
core   0: 3 0x00000000800060d4 (0x34202773) x14 0x0000000000000002
core   0: 0x00000000800060d8 (0x142026f3) csrrs   a3, scause, zero
core   0: 3 0x00000000800060d8 (0x142026f3) x13 0x0000000000000017
core   0: 0x00000000800060dc (0x30402673) csrrs   a2, mie, zero
core   0: 3 0x00000000800060dc (0x30402673) x12 0x0000000000000a00
core   0: 0x00000000800060e0 (0x344025f3) csrrs   a1, mip, zero
core   0: 3 0x00000000800060e0 (0x344025f3) x11 0x0000000000000080
core   0: 0x00000000800060e4 (0x343025f3) csrrs   a1, mtval, zero
core   0: 3 0x00000000800060e4 (0x343025f3) x11 0x00000000b82519f3
core   0: 0x00000000800060e8 (0x14302573) csrrs   a0, stval, zero
core   0: 3 0x00000000800060e8 (0x14302573) x10 0x0000000000000000
core   0: 0x00000000800060ec (0xb02024f3) csrrs   s1, minstret, zero
core   0: 3 0x00000000800060ec (0xb02024f3) x9  0x0000000000000ffb
core   0: 0x00000000800060f0 (0x0000a811) c.j     pc + 20
core   0: 3 0x00000000800060f0 (0xa811)
core   0: >>>>  mepc_4
core   0: 0x0000000080006104 (0x00000791) c.addi  a5, 4
core   0: 3 0x0000000080006104 (0x0791) x15 0x0000000080005926
core   0: 0x0000000080006106 (0x34179073) csrrw   zero, mepc, a5
core   0: 3 0x0000000080006106 (0x34179073) c833_mepc 0x0000000080005926
core   0: 0x000000008000610a (0x30200073) mret
core   0: 3 0x000000008000610a (0x30200073) c768_mstatus 0x8000000a00106080
core   0: 0x0000000080005926 (0x417383bb) subw    t2, t2, s7
core   0: 1 0x0000000080005926 (0x417383bb) x7  0xfffffffffff70000
core   0: 0x000000008000592a (0x1389f9d3) fmul.d  fs3, fs3, fs8
core   0: 1 0x000000008000592a (0x1389f9d3) f19 0x7ff8000000000000
core   0: 0x000000008000592e (0x0ff0000f) fence   iorw,iorw
core   0: 1 0x000000008000592e (0x0ff0000f)
core   0: 0x0000000080005932 (0xc23ffad3) fcvt.lu.d s5, ft11
core   0: 1 0x0000000080005932 (0xc23ffad3) c1_fflags 0x000000000000001f x21 0xffffffffffffffff
core   0: 0x0000000080005936 (0x8059c313) xori    t1, s3, -2043
core   0: 1 0x0000000080005936 (0x8059c313) x6  0x0000000000000809
core   0: 0x000000008000593a (0x00189df3) csrrw   s11, fflags, a7
core   0: 1 0x000000008000593a (0x00189df3) x27 0x000000000000001f c1_fflags 0x000000000000001f
core   0: 0x000000008000593e (0xd02df5d3) fcvt.s.l fa1, s11
core   0: 1 0x000000008000593e (0xd02df5d3) f11 0xffffffff41f80000
core   0: 0x0000000080005942 (0x1343e513) ori     a0, t2, 308
core   0: 1 0x0000000080005942 (0x1343e513) x10 0xfffffffffff70134
core   0: 0x0000000080005946 (0xcb9afe4f) fnmadd.d ft8, fs5, fs9, fs9
core   0: 1 0x0000000080005946 (0xcb9afe4f) f28 0x7ff8000000000000
core   0: 0x000000008000594a (0x006ddc1b) srliw   s8, s11, 6
core   0: 1 0x000000008000594a (0x006ddc1b) x24 0x0000000000000000
core   0: 0x000000008000594e (0x01821c9b) slliw   s9, tp, 24
core   0: 1 0x000000008000594e (0x01821c9b) x25 0x0000000000000000
core   0: 0x0000000080005952 (0x23ec23d3) fsgnjx.d ft7, fs8, ft10
core   0: 1 0x0000000080005952 (0x23ec23d3) f7  0x41efffff4d200000
core   0: 0x0000000080005956 (0x00631c3b) sllw    s8, t1, t1
core   0: 1 0x0000000080005956 (0x00631c3b) x24 0x0000000000101200
core   0: 0x000000008000595a (0x01f2121b) slliw   tp, tp, 31
core   0: 1 0x000000008000595a (0x01f2121b) x4  0x0000000000000000
core   0: 0x000000008000595e (0x001021f3) csrrs   gp, fflags, zero
core   0: 1 0x000000008000595e (0x001021f3) x3  0x000000000000001f
core   0: 0x0000000080005962 (0x42020753) fcvt.d.s fa4, ft4
core   0: 1 0x0000000080005962 (0x42020753) f14 0x7ff8000000000000
core   0: 0x0000000080005966 (0x501f7a97) auipc   s5, 0x501f7
core   0: 1 0x0000000080005966 (0x501f7a97) x21 0x00000000d01fc966
core   0: 0x000000008000596a (0xc49c7393) andi    t2, s8, -951
core   0: 1 0x000000008000596a (0xc49c7393) x7  0x0000000000101000
core   0: 0x000000008000596e (0x00b95933) srl     s2, s2, a1
core   0: 1 0x000000008000596e (0x00b95933) x18 0x0000000000001fff
core   0: 0x0000000080005972 (0x00f224b3) slt     s1, tp, a5
core   0: 1 0x0000000080005972 (0x00f224b3) x9  0x0000000000000001
core   0: 0x0000000080005976 (0x011ddd93) srli    s11, s11, 17
core   0: 1 0x0000000080005976 (0x011ddd93) x27 0x0000000000000000
core   0: 0x000000008000597a (0x43fdd393) srai    t2, s11, 63
core   0: 1 0x000000008000597a (0x43fdd393) x7  0x0000000000000000
core   0: 0x000000008000597e (0x035a8cbb) mulw    s9, s5, s5
core   0: 1 0x000000008000597e (0x035a8cbb) x25 0x00000000252554a4
core   0: 0x0000000080005982 (0x039390b3) mulh    ra, t2, s9
core   0: 1 0x0000000080005982 (0x039390b3) x1  0x0000000000000000
core   0: 0x0000000080005986 (0xa2e70ed3) fle.d   t4, fa4, fa4
core   0: 1 0x0000000080005986 (0xa2e70ed3) c1_fflags 0x000000000000001f x29 0x0000000000000000
core   0: 0x000000008000598a (0xaea0c797) auipc   a5, 0xaea0c
core   0: 1 0x000000008000598a (0xaea0c797) x15 0x000000002ea1198a
core   0: 0x000000008000598e (0x5a077d53) fsqrt.d fs10, fa4
core   0: 1 0x000000008000598e (0x5a077d53) f26 0x7ff8000000000000
core   0: 0x0000000080005992 (0x420181d3) fcvt.d.s ft3, ft3
core   0: 1 0x0000000080005992 (0x420181d3) f3  0x7ff8000000000000
core   0: 0x0000000080005996 (0x02ad59b3) divu    s3, s10, a0
core   0: 1 0x0000000080005996 (0x02ad59b3) x19 0x0000000000000000
core   0: 0x000000008000599a (0x008c19bb) sllw    s3, s8, s0
core   0: 1 0x000000008000599a (0x008c19bb) x19 0x0000000000101200
core   0: 0x000000008000599e (0xd220f053) fcvt.d.l ft0, ra
core   0: 1 0x000000008000599e (0xd220f053) f0  0x0000000000000000
core   0: 0x00000000800059a2 (0x105858f3) csrrwi  a7, stvec, 16
core   0: 1 0x00000000800059a2 (0x105858f3) x17 0x0000000000000000 c261_stvec 0x0000000000000010
core   0: 0x00000000800059a6 (0xc228f5d3) fcvt.l.d a1, fa7
core   0: 1 0x00000000800059a6 (0xc228f5d3) c1_fflags 0x000000000000001f x11 0x7fffffffffffffff
core   0: 0x00000000800059aa (0x007e9d33) sll     s10, t4, t2
core   0: 1 0x00000000800059aa (0x007e9d33) x26 0x0000000000000000
core   0: 0x00000000800059ae (0x00ab949b) slliw   s1, s7, 10
core   0: 1 0x00000000800059ae (0x00ab949b) x9  0x0000000024000000
core   0: 0x00000000800059b2 (0x1b5d72d3) fdiv.d  ft5, fs10, fs5
core   0: 1 0x00000000800059b2 (0x1b5d72d3) f5  0x7ff8000000000000
core   0: 0x00000000800059b6 (0x0093163b) sllw    a2, t1, s1
core   0: 1 0x00000000800059b6 (0x0093163b) x12 0x0000000000000809
core   0: 0x00000000800059ba (0x01162933) slt     s2, a2, a7
core   0: 1 0x00000000800059ba (0x01162933) x18 0x0000000000000000
core   0: 0x00000000800059be (0x362efd13) andi    s10, t4, 866
core   0: 1 0x00000000800059be (0x362efd13) x26 0x0000000000000000
core   0: 0x00000000800059c2 (0xc22d71d3) fcvt.l.d gp, fs10
core   0: 1 0x00000000800059c2 (0xc22d71d3) c1_fflags 0x000000000000001f x3  0x7fffffffffffffff
core   0: 0x00000000800059c6 (0x4239d993) srai    s3, s3, 35
core   0: 1 0x00000000800059c6 (0x4239d993) x19 0x0000000000000000
core   0: 0x00000000800059ca (0x800a6e13) ori     t3, s4, -2048
core   0: 1 0x00000000800059ca (0x800a6e13) x28 0xfffffffffffff800
core   0: 0x00000000800059ce (0xc211f9d3) fcvt.wu.d s3, ft3
core   0: 1 0x00000000800059ce (0xc211f9d3) c1_fflags 0x000000000000001f x19 0xffffffffffffffff
core   0: 0x00000000800059d2 (0x03dc23b3) mulhsu  t2, s8, t4
core   0: 1 0x00000000800059d2 (0x03dc23b3) x7  0x0000000000000000
core   0: 0x00000000800059d6 (0x01f9999b) slliw   s3, s3, 31
core   0: 1 0x00000000800059d6 (0x01f9999b) x19 0xffffffff80000000
core   0: 0x00000000800059da (0x0046d6b3) srl     a3, a3, tp
core   0: 1 0x00000000800059da (0x0046d6b3) x13 0x0000000000000017
core   0: 0x00000000800059de (0x00102873) csrrs   a6, fflags, zero
core   0: 1 0x00000000800059de (0x00102873) x16 0x000000000000001f
core   0: 0x00000000800059e2 (0xc23af553) fcvt.lu.d a0, fs5
core   0: 1 0x00000000800059e2 (0xc23af553) c1_fflags 0x000000000000001f x10 0xffffffffffffffff
core   0: 0x00000000800059e6 (0x00039393) slli    t2, t2, 0
core   0: 1 0x00000000800059e6 (0x00039393) x7  0x0000000000000000
core   0: 0x00000000800059ea (0xd2078b53) fcvt.d.w fs6, a5
core   0: 1 0x00000000800059ea (0xd2078b53) f22 0x41c7508cc5000000
core   0: 0x00000000800059ee (0x229314d3) fsgnjn.d fs1, ft6, fs1
core   0: 1 0x00000000800059ee (0x229314d3) f9  0xfff8000000000000
core   0: 0x00000000800059f2 (0xa39f1353) flt.d   t1, ft10, fs9
core   0: 1 0x00000000800059f2 (0xa39f1353) c1_fflags 0x000000000000001f x6  0x0000000000000000
core   0: 0x00000000800059f6 (0x0098119b) slliw   gp, a6, 9
core   0: 1 0x00000000800059f6 (0x0098119b) x3  0x0000000000003e00
core   0: 0x00000000800059fa (0x417e08b3) sub     a7, t3, s7
core   0: 1 0x00000000800059fa (0x417e08b3) x17 0xfffffffffff6f800
core   0: 0x00000000800059fe (0x0002999b) slliw   s3, t0, 0
core   0: 1 0x00000000800059fe (0x0002999b) x19 0x0000000000000000
core   0: 0x0000000080005a02 (0x236da153) fsgnjx.d ft2, fs11, fs6
core   0: 1 0x0000000080005a02 (0x236da153) f2  0x7ff8000000000000
core   0: 0x0000000080005a06 (0x00251b9b) slliw   s7, a0, 2
core   0: 1 0x0000000080005a06 (0x00251b9b) x23 0xfffffffffffffffc
core   0: 0x0000000080005a0a (0x23e5af53) fsgnjx.d ft10, fa1, ft10
core   0: 1 0x0000000080005a0a (0x23e5af53) f30 0xffffffff41f80000
core   0: 0x0000000080005a0e (0xe20f83d3) fmv.x.d t2, ft11
core   0: 1 0x0000000080005a0e (0xe20f83d3) x7  0x7ff8000000000000
core   0: 0x0000000080005a12 (0x00dbd633) srl     a2, s7, a3
core   0: 1 0x0000000080005a12 (0x00dbd633) x12 0x000001ffffffffff
core   0: 0x0000000080005a16 (0xa4055e97) auipc   t4, 0xa4055
core   0: 1 0x0000000080005a16 (0xa4055e97) x29 0x000000002405aa16
core   0: 0x0000000080005a1a (0x0340ea3b) remw    s4, ra, s4
core   0: 1 0x0000000080005a1a (0x0340ea3b) x20 0x0000000000000000
core   0: 0x0000000080005a1e (0x00ba15b3) sll     a1, s4, a1
core   0: 1 0x0000000080005a1e (0x00ba15b3) x11 0x0000000000000000
core   0: 0x0000000080005a22 (0xd228f553) fcvt.d.l fa0, a7
core   0: 1 0x0000000080005a22 (0xd228f553) f10 0xc122100000000000
core   0: 0x0000000080005a26 (0x401ff353) fcvt.s.d ft6, ft11
core   0: 1 0x0000000080005a26 (0x401ff353) f6  0xffffffff7fc00000
core   0: 0x0000000080005a2a (0x00d6c333) xor     t1, a3, a3
core   0: 1 0x0000000080005a2a (0x00d6c333) x6  0x0000000000000000
core   0: 0x0000000080005a2e (0x002c14f3) csrrw   s1, frm, s8
core   0: 1 0x0000000080005a2e (0x002c14f3) x9  0x0000000000000003 c2_frm 0x0000000000000000
core   0: 0x0000000080005a32 (0xef730393) addi    t2, t1, -265
core   0: 1 0x0000000080005a32 (0xef730393) x7  0xfffffffffffffef7
core   0: 0x0000000080005a36 (0x0173971b) slliw   a4, t2, 23
core   0: 1 0x0000000080005a36 (0x0173971b) x14 0x000000007b800000
core   0: 0x0000000080005a3a (0x020738b3) mulhu   a7, a4, zero
core   0: 1 0x0000000080005a3a (0x020738b3) x17 0x0000000000000000
core   0: 0x0000000080005a3e (0xd2188a53) fcvt.d.wu fs4, a7
core   0: 1 0x0000000080005a3e (0xd2188a53) f20 0x0000000000000000
core   0: 0x0000000080005a42 (0x00e3ddb3) srl     s11, t2, a4
core   0: 1 0x0000000080005a42 (0x00e3ddb3) x27 0xfffffffffffffef7
core   0: 0x0000000080005a46 (0x0036813b) addw    sp, a3, gp
core   0: 1 0x0000000080005a46 (0x0036813b) x2  0x0000000000003e17
core   0: 0x0000000080005a4a (0xd2217c53) fcvt.d.l fs8, sp
core   0: 1 0x0000000080005a4a (0xd2217c53) f24 0x40cf0b8000000000
core   0: 0x0000000080005a4e (0xc2007953) fcvt.w.d s2, ft0
core   0: 1 0x0000000080005a4e (0xc2007953) x18 0x0000000000000000
core   0: 0x0000000080005a52 (0x12d5f8d3) fmul.d  fa7, fa1, fa3
core   0: 1 0x0000000080005a52 (0x12d5f8d3) f17 0x7ff8000000000000
core   0: 0x0000000080005a56 (0x038812b3) mulh    t0, a6, s8
core   0: 1 0x0000000080005a56 (0x038812b3) x5  0x0000000000000000
core   0: 0x0000000080005a5a (0x00f7d8b3) srl     a7, a5, a5
core   0: 1 0x0000000080005a5a (0x00f7d8b3) x17 0x00000000000ba846
core   0: 0x0000000080005a5e (0xe2088153) fmv.x.d sp, fa7
core   0: 1 0x0000000080005a5e (0xe2088153) x2  0x7ff8000000000000
core   0: 0x0000000080005a62 (0xd227fcd3) fcvt.d.l fs9, a5
core   0: 1 0x0000000080005a62 (0xd227fcd3) f25 0x41c7508cc5000000
core   0: 0x0000000080005a66 (0x0498a9b7) lui     s3, 0x498a
core   0: 1 0x0000000080005a66 (0x0498a9b7) x19 0x000000000498a000
core   0: 0x0000000080005a6a (0x000029e5) c.addiw s3, 25
core   0: 1 0x0000000080005a6a (0x29e5) x19 0x000000000498a019
core   0: 0x0000000080005a6c (0x000009b2) c.slli  s3, 12
core   0: 1 0x0000000080005a6c (0x09b2) x19 0x000000498a019000
core   0: 0x0000000080005a6e (0x1e098993) addi    s3, s3, 480
core   0: 1 0x0000000080005a6e (0x1e098993) x19 0x000000498a0191e0
core   0: 0x0000000080005a72 (0x00b1e5b3) or      a1, gp, a1
core   0: 1 0x0000000080005a72 (0x00b1e5b3) x11 0x0000000000003e00
core   0: 0x0000000080005a76 (0x0107539b) srliw   t2, a4, 16
core   0: 1 0x0000000080005a76 (0x0107539b) x7  0x0000000000007b80
core   0: 0x0000000080005a7a (0xd2028753) fcvt.d.w fa4, t0
core   0: 1 0x0000000080005a7a (0xd2028753) f14 0x0000000000000000
core   0: 0x0000000080005a7e (0x62e08e93) addi    t4, ra, 1582
core   0: 1 0x0000000080005a7e (0x62e08e93) x29 0x000000000000062e
core   0: 0x0000000080005a82 (0x00a99a9b) slliw   s5, s3, 10
core   0: 1 0x0000000080005a82 (0x00a99a9b) x21 0x0000000006478000
core   0: 0x0000000080005a86 (0x0015571b) srliw   a4, a0, 1
core   0: 1 0x0000000080005a86 (0x0015571b) x14 0x000000007fffffff
core   0: 0x0000000080005a8a (0x00201cf3) csrrw   s9, frm, zero
core   0: 1 0x0000000080005a8a (0x00201cf3) x25 0x0000000000000000 c2_frm 0x0000000000000000
core   0: 0x0000000080005a8e (0x2b768fd3) fmin.d  ft11, fa3, fs7
core   0: 1 0x0000000080005a8e (0x2b768fd3) f31 0x7ff8000000000000
core   0: 0x0000000080005a92 (0xcae3794f) fnmadd.d fs2, ft6, fa4, fs9
core   0: 1 0x0000000080005a92 (0xcae3794f) f18 0x7ff8000000000000
core   0: 0x0000000080005a96 (0x00c612bb) sllw    t0, a2, a2
core   0: 1 0x0000000080005a96 (0x00c612bb) x5  0xffffffff80000000
core   0: 0x0000000080005a9a (0x00102d73) csrrs   s10, fflags, zero
core   0: 1 0x0000000080005a9a (0x00102d73) x26 0x000000000000001f
core   0: 0x0000000080005a9e (0x001d40b3) xor     ra, s10, ra
core   0: 1 0x0000000080005a9e (0x001d40b3) x1  0x000000000000001f
core   0: 0x0000000080005aa2 (0xc22773d3) fcvt.l.d t2, fa4
core   0: 1 0x0000000080005aa2 (0xc22773d3) x7  0x0000000000000000
core   0: 0x0000000080005aa6 (0xfbe770cb) fnmsub.d ft1, fa4, ft10, ft11
core   0: 1 0x0000000080005aa6 (0xfbe770cb) f1  0x7ff8000000000000
core   0: 0x0000000080005aaa (0x0003d13b) srlw    sp, t2, zero
core   0: 1 0x0000000080005aaa (0x0003d13b) x2  0x0000000000000000
core   0: 0x0000000080005aae (0x40280a3b) subw    s4, a6, sp
core   0: 1 0x0000000080005aae (0x40280a3b) x20 0x000000000000001f
core   0: 0x0000000080005ab2 (0x6dc64093) xori    ra, a2, 1756
core   0: 1 0x0000000080005ab2 (0x6dc64093) x1  0x000001fffffff923
core   0: 0x0000000080005ab6 (0x02387833) remu    a6, a6, gp
core   0: 1 0x0000000080005ab6 (0x02387833) x16 0x000000000000001f
core   0: 0x0000000080005aba (0x22cf9653) fsgnjn.d fa2, ft11, fa2
core   0: 1 0x0000000080005aba (0x22cf9653) f12 0x7ff8000000000000
core   0: 0x0000000080005abe (0x00008a8e) c.mv    s5, gp
core   0: 1 0x0000000080005abe (0x8a8e) x21 0x0000000000003e00
core   0: 0x0000000080005ac0 (0x00005193) srli    gp, zero, 0
core   0: 1 0x0000000080005ac0 (0x00005193) x3  0x0000000000000000
core   0: 0x0000000080005ac4 (0xe20f8bd3) fmv.x.d s7, ft11
core   0: 1 0x0000000080005ac4 (0xe20f8bd3) x23 0x7ff8000000000000
core   0: 0x0000000080005ac8 (0x00768abb) addw    s5, a3, t2
core   0: 1 0x0000000080005ac8 (0x00768abb) x21 0x0000000000000017
core   0: 0x0000000080005acc (0xc0397cd3) fcvt.lu.s s9, fs2
core   0: 1 0x0000000080005acc (0xc0397cd3) c1_fflags 0x000000000000001f x25 0xffffffffffffffff
core   0: 0x0000000080005ad0 (0xd0287353) fcvt.s.l ft6, a6
core   0: 1 0x0000000080005ad0 (0xd0287353) f6  0xffffffff41f80000
core   0: 0x0000000080005ad4 (0x00102b73) csrrs   s6, fflags, zero
core   0: 1 0x0000000080005ad4 (0x00102b73) x22 0x000000000000001f
core   0: 0x0000000080005ad8 (0x00109713) slli    a4, ra, 1
core   0: 1 0x0000000080005ad8 (0x00109713) x14 0x000003fffffff246
core   0: 0x0000000080005adc (0xc2037453) fcvt.w.d s0, ft6
core   0: 1 0x0000000080005adc (0xc2037453) c1_fflags 0x000000000000001f x8  0x000000007fffffff
core   0: 0x0000000080005ae0 (0x2b2391d3) fmax.d  ft3, ft7, fs2
core   0: 1 0x0000000080005ae0 (0x2b2391d3) f3  0x41efffff4d200000
core   0: 0x0000000080005ae4 (0xa2331c53) flt.d   s8, ft6, ft3
core   0: 1 0x0000000080005ae4 (0xa2331c53) c1_fflags 0x000000000000001f x24 0x0000000000000000
core   0: 0x0000000080005ae8 (0x03b10d33) mul     s10, sp, s11
core   0: 1 0x0000000080005ae8 (0x03b10d33) x26 0x0000000000000000
core   0: 0x0000000080005aec (0xd02dfdd3) fcvt.s.l fs11, s11
core   0: 1 0x0000000080005aec (0xd02dfdd3) f27 0xffffffffc3848000
core   0: 0x0000000080005af0 (0x2bb40653) fmin.d  fa2, fs0, fs11
core   0: 1 0x0000000080005af0 (0x2bb40653) f12 0x3ff0000000000000
core   0: 0x0000000080005af4 (0xe20607d3) fmv.x.d a5, fa2
core   0: 1 0x0000000080005af4 (0xe20607d3) x15 0x3ff0000000000000
core   0: 0x0000000080005af8 (0x323d7873) csrrci  a6, mhpmevent3, 26
core   0: exception trap_illegal_instruction, epc 0x0000000080005af8
core   0:           tval 0x00000000323d7873
core   0: >>>>  $xrv64i2p1_m2p0_a2p1_f2p2_d2p2_zicsr2p0_zifencei2p0_zmmul1p0_zba1p0_zbb1p0_zbc1p0_zbs1p0
core   0: 0x0000000080004000 (0x0080006f) j       pc + 0x8
core   0: 3 0x0000000080004000 (0x0080006f)
core   0: >>>>  mmode_exception_handler
core   0: 0x0000000080004008 (0x00002c17) auipc   s8, 0x2
core   0: 3 0x0000000080004008 (0x00002c17) x24 0x0000000080006008
core   0: 0x000000008000400c (0x0c8c0c13) addi    s8, s8, 200
core   0: 3 0x000000008000400c (0x0c8c0c13) x24 0x00000000800060d0
core   0: 0x0000000080004010 (0x000c00e7) jalr    s8
core   0: 3 0x0000000080004010 (0x000c00e7) x1  0x0000000080004014
core   0: >>>>  any_handler
core   0: 0x00000000800060d0 (0x341027f3) csrrs   a5, mepc, zero
core   0: 3 0x00000000800060d0 (0x341027f3) x15 0x0000000080005af8
core   0: 0x00000000800060d4 (0x34202773) csrrs   a4, mcause, zero
core   0: 3 0x00000000800060d4 (0x34202773) x14 0x0000000000000002
core   0: 0x00000000800060d8 (0x142026f3) csrrs   a3, scause, zero
core   0: 3 0x00000000800060d8 (0x142026f3) x13 0x0000000000000017
core   0: 0x00000000800060dc (0x30402673) csrrs   a2, mie, zero
core   0: 3 0x00000000800060dc (0x30402673) x12 0x0000000000000a00
core   0: 0x00000000800060e0 (0x344025f3) csrrs   a1, mip, zero
core   0: 3 0x00000000800060e0 (0x344025f3) x11 0x0000000000000080
core   0: 0x00000000800060e4 (0x343025f3) csrrs   a1, mtval, zero
core   0: 3 0x00000000800060e4 (0x343025f3) x11 0x00000000323d7873
core   0: 0x00000000800060e8 (0x14302573) csrrs   a0, stval, zero
core   0: 3 0x00000000800060e8 (0x14302573) x10 0x0000000000000000
core   0: 0x00000000800060ec (0xb02024f3) csrrs   s1, minstret, zero
core   0: 3 0x00000000800060ec (0xb02024f3) x9  0x0000000000001081
core   0: 0x00000000800060f0 (0x0000a811) c.j     pc + 20
core   0: 3 0x00000000800060f0 (0xa811)
core   0: >>>>  mepc_4
core   0: 0x0000000080006104 (0x00000791) c.addi  a5, 4
core   0: 3 0x0000000080006104 (0x0791) x15 0x0000000080005afc
core   0: 0x0000000080006106 (0x34179073) csrrw   zero, mepc, a5
core   0: 3 0x0000000080006106 (0x34179073) c833_mepc 0x0000000080005afc
core   0: 0x000000008000610a (0x30200073) mret
core   0: 3 0x000000008000610a (0x30200073) c768_mstatus 0x8000000a00106080
core   0: 0x0000000080005afc (0xc2387a53) fcvt.lu.d s4, fa6
core   0: 1 0x0000000080005afc (0xc2387a53) c1_fflags 0x000000000000001f x20 0xffffffffffffffff
core   0: 0x0000000080005b00 (0x1a637dd3) fdiv.d  fs11, ft6, ft6
core   0: 1 0x0000000080005b00 (0x1a637dd3) f27 0x7ff8000000000000
core   0: 0x0000000080005b04 (0x001bf233) and     tp, s7, ra
core   0: 1 0x0000000080005b04 (0x001bf233) x4  0x0000000000000000
core   0: 0x0000000080005b08 (0x23b97d13) andi    s10, s2, 571
core   0: 1 0x0000000080005b08 (0x23b97d13) x26 0x0000000000000000
core   0: 0x0000000080005b0c (0x00000762) c.slli  a4, 24
core   0: 1 0x0000000080005b0c (0x0762) x14 0x0000000002000000
core   0: 0x0000000080005b0e (0x9b80f9cf) fnmadd.d fs3, ft1, fs8, fs3
core   0: 1 0x0000000080005b0e (0x9b80f9cf) f19 0x7ff8000000000000
core   0: 0x0000000080005b12 (0x00a3aa33) slt     s4, t2, a0
core   0: 1 0x0000000080005b12 (0x00a3aa33) x20 0x0000000000000000
core   0: 0x0000000080005b16 (0x2b608d53) fmin.d  fs10, ft1, fs6
core   0: 1 0x0000000080005b16 (0x2b608d53) f26 0x41c7508cc5000000
core   0: 0x0000000080005b1a (0x00875393) srli    t2, a4, 8
core   0: 1 0x0000000080005b1a (0x00875393) x7  0x0000000000020000
core   0: 0x0000000080005b1e (0x00202373) csrrs   t1, frm, zero
core   0: 1 0x0000000080005b1e (0x00202373) x6  0x0000000000000000
core   0: 0x0000000080005b22 (0x017e183b) sllw    a6, t3, s7
core   0: 1 0x0000000080005b22 (0x017e183b) x16 0xfffffffffffff800
core   0: 0x0000000080005b26 (0x409d08bb) subw    a7, s10, s1
core   0: 1 0x0000000080005b26 (0x409d08bb) x17 0xffffffffffffef7f
core   0: 0x0000000080005b2a (0x42060dd3) fcvt.d.s fs11, fa2
core   0: 1 0x0000000080005b2a (0x42060dd3) f27 0x7ff8000000000000
core   0: 0x0000000080005b2e (0x008a9e33) sll     t3, s5, s0
core   0: 1 0x0000000080005b2e (0x008a9e33) x28 0x8000000000000000
core   0: 0x0000000080005b32 (0x00fe503b) srlw    zero, t3, a5
core   0: 1 0x0000000080005b32 (0x00fe503b)
core   0: 0x0000000080005b36 (0xf12ffaf3) csrrci  s5, marchid, 31
core   0: exception trap_illegal_instruction, epc 0x0000000080005b36
core   0:           tval 0x00000000f12ffaf3
core   0: >>>>  $xrv64i2p1_m2p0_a2p1_f2p2_d2p2_zicsr2p0_zifencei2p0_zmmul1p0_zba1p0_zbb1p0_zbc1p0_zbs1p0
core   0: 0x0000000080004000 (0x0080006f) j       pc + 0x8
core   0: 3 0x0000000080004000 (0x0080006f)
core   0: >>>>  mmode_exception_handler
core   0: 0x0000000080004008 (0x00002c17) auipc   s8, 0x2
core   0: 3 0x0000000080004008 (0x00002c17) x24 0x0000000080006008
core   0: 0x000000008000400c (0x0c8c0c13) addi    s8, s8, 200
core   0: 3 0x000000008000400c (0x0c8c0c13) x24 0x00000000800060d0
core   0: 0x0000000080004010 (0x000c00e7) jalr    s8
core   0: 3 0x0000000080004010 (0x000c00e7) x1  0x0000000080004014
core   0: >>>>  any_handler
core   0: 0x00000000800060d0 (0x341027f3) csrrs   a5, mepc, zero
core   0: 3 0x00000000800060d0 (0x341027f3) x15 0x0000000080005b36
core   0: 0x00000000800060d4 (0x34202773) csrrs   a4, mcause, zero
core   0: 3 0x00000000800060d4 (0x34202773) x14 0x0000000000000002
core   0: 0x00000000800060d8 (0x142026f3) csrrs   a3, scause, zero
core   0: 3 0x00000000800060d8 (0x142026f3) x13 0x0000000000000017
core   0: 0x00000000800060dc (0x30402673) csrrs   a2, mie, zero
core   0: 3 0x00000000800060dc (0x30402673) x12 0x0000000000000a00
core   0: 0x00000000800060e0 (0x344025f3) csrrs   a1, mip, zero
core   0: 3 0x00000000800060e0 (0x344025f3) x11 0x0000000000000080
core   0: 0x00000000800060e4 (0x343025f3) csrrs   a1, mtval, zero
core   0: 3 0x00000000800060e4 (0x343025f3) x11 0x00000000f12ffaf3
core   0: 0x00000000800060e8 (0x14302573) csrrs   a0, stval, zero
core   0: 3 0x00000000800060e8 (0x14302573) x10 0x0000000000000000
core   0: 0x00000000800060ec (0xb02024f3) csrrs   s1, minstret, zero
core   0: 3 0x00000000800060ec (0xb02024f3) x9  0x00000000000010a0
core   0: 0x00000000800060f0 (0x0000a811) c.j     pc + 20
core   0: 3 0x00000000800060f0 (0xa811)
core   0: >>>>  mepc_4
core   0: 0x0000000080006104 (0x00000791) c.addi  a5, 4
core   0: 3 0x0000000080006104 (0x0791) x15 0x0000000080005b3a
core   0: 0x0000000080006106 (0x34179073) csrrw   zero, mepc, a5
core   0: 3 0x0000000080006106 (0x34179073) c833_mepc 0x0000000080005b3a
core   0: 0x000000008000610a (0x30200073) mret
core   0: 3 0x000000008000610a (0x30200073) c768_mstatus 0x8000000a00106080
core   0: 0x0000000080005b3a (0x4018de9b) sraiw   t4, a7, 1
core   0: 1 0x0000000080005b3a (0x4018de9b) x29 0xfffffffffffff7bf
core   0: 0x0000000080005b3e (0x01c7f633) and     a2, a5, t3
core   0: 1 0x0000000080005b3e (0x01c7f633) x12 0x0000000000000000
core   0: 0x0000000080005b42 (0x002028f3) csrrs   a7, frm, zero
core   0: 1 0x0000000080005b42 (0x002028f3) x17 0x0000000000000000
core   0: 0x0000000080005b46 (0x2bb880d3) fmin.d  ft1, fa7, fs11
core   0: 1 0x0000000080005b46 (0x2bb880d3) f1  0x7ff8000000000000
core   0: 0x0000000080005b4a (0x0117ccb3) xor     s9, a5, a7
core   0: 1 0x0000000080005b4a (0x0117ccb3) x25 0x0000000080005b3a
core   0: 0x0000000080005b4e (0xd03b7c53) fcvt.s.lu fs8, s6
core   0: 1 0x0000000080005b4e (0xd03b7c53) f24 0xffffffff41f80000
core   0: 0x0000000080005b52 (0x00094913) xori    s2, s2, 0
core   0: 1 0x0000000080005b52 (0x00094913) x18 0x0000000000000000
core   0: 0x0000000080005b56 (0xc228f8d3) fcvt.l.d a7, fa7
core   0: 1 0x0000000080005b56 (0xc228f8d3) c1_fflags 0x000000000000001f x17 0x7fffffffffffffff
core   0: 0x0000000080005b5a (0xd2188dd3) fcvt.d.wu fs11, a7
core   0: 1 0x0000000080005b5a (0xd2188dd3) f27 0x41efffffffe00000
core   0: 0x0000000080005b5e (0x0078e733) or      a4, a7, t2
core   0: 1 0x0000000080005b5e (0x0078e733) x14 0x7fffffffffffffff
core   0: 0x0000000080005b62 (0x23011153) fsgnjn.d ft2, ft2, fa6
core   0: 1 0x0000000080005b62 (0x23011153) f2  0xfff8000000000000
core   0: 0x0000000080005b66 (0x9b0e4e93) xori    t4, t3, -1616
core   0: 1 0x0000000080005b66 (0x9b0e4e93) x29 0x7ffffffffffff9b0
core   0: 0x0000000080005b6a (0x00741733) sll     a4, s0, t2
core   0: 1 0x0000000080005b6a (0x00741733) x14 0x000000007fffffff
core   0: 0x0000000080005b6e (0x00f11bbb) sllw    s7, sp, a5
core   0: 1 0x0000000080005b6e (0x00f11bbb) x23 0x0000000000000000
core   0: 0x0000000080005b72 (0xd2118c53) fcvt.d.wu fs8, gp
core   0: 1 0x0000000080005b72 (0xd2118c53) f24 0x0000000000000000
core   0: 0x0000000080005b76 (0x09084013) xori    zero, a6, 144
core   0: 1 0x0000000080005b76 (0x09084013)
core   0: 0x0000000080005b7a (0xd2000ed3) fcvt.d.w ft9, zero
core   0: 1 0x0000000080005b7a (0xd2000ed3) f29 0x0000000000000000
core   0: 0x0000000080005b7e (0x2a5199d3) fmax.d  fs3, ft3, ft5
core   0: 1 0x0000000080005b7e (0x2a5199d3) f19 0x41efffff4d200000
core   0: 0x0000000080005b82 (0x002021f3) csrrs   gp, frm, zero
core   0: 1 0x0000000080005b82 (0x002021f3) x3  0x0000000000000000
core   0: 0x0000000080005b86 (0x000e5013) srli    zero, t3, 0
core   0: 1 0x0000000080005b86 (0x000e5013)
core   0: 0x0000000080005b8a (0x0052d1bb) srlw    gp, t0, t0
core   0: 1 0x0000000080005b8a (0x0052d1bb) x3  0xffffffff80000000
core   0: 0x0000000080005b8e (0x4122da9b) sraiw   s5, t0, 18
core   0: 1 0x0000000080005b8e (0x4122da9b) x21 0xffffffffffffe000
core   0: 0x0000000080005b92 (0x02e729b3) mulhsu  s3, a4, a4
core   0: 1 0x0000000080005b92 (0x02e729b3) x19 0x0000000000000000
core   0: 0x0000000080005b96 (0x8309f7c3) fmadd.d fa5, fs3, fa6, fa6
core   0: 1 0x0000000080005b96 (0x8309f7c3) f15 0x7ff8000000000000
core   0: 0x0000000080005b9a (0xa3080cd3) fle.d   s9, fa6, fa6
core   0: 1 0x0000000080005b9a (0xa3080cd3) c1_fflags 0x000000000000001f x25 0x0000000000000000
core   0: 0x0000000080005b9e (0xd21584d3) fcvt.d.wu fs1, a1
core   0: 1 0x0000000080005b9e (0xd21584d3) f9  0x41ee25ff5e600000
core   0: 0x0000000080005ba2 (0x01901833) sll     a6, zero, s9
core   0: 1 0x0000000080005ba2 (0x01901833) x16 0x0000000000000000
core   0: 0x0000000080005ba6 (0x1a397753) fdiv.d  fa4, fs2, ft3
core   0: 1 0x0000000080005ba6 (0x1a397753) f14 0x7ff8000000000000
core   0: 0x0000000080005baa (0xd0207ad3) fcvt.s.l fs5, zero
core   0: 1 0x0000000080005baa (0xd0207ad3) f21 0xffffffff00000000
core   0: 0x0000000080005bae (0x0388f9bb) remuw   s3, a7, s8
core   0: 1 0x0000000080005bae (0x0388f9bb) x19 0x000000007fff9f2f
core   0: 0x0000000080005bb2 (0xc20af653) fcvt.w.d a2, fs5
core   0: 1 0x0000000080005bb2 (0xc20af653) c1_fflags 0x000000000000001f x12 0x000000007fffffff
core   0: 0x0000000080005bb6 (0x00202cf3) csrrs   s9, frm, zero
core   0: 1 0x0000000080005bb6 (0x00202cf3) x25 0x0000000000000000
core   0: 0x0000000080005bba (0x2a838553) fmin.d  fa0, ft7, fs0
core   0: 1 0x0000000080005bba (0x2a838553) f10 0x3ff0000000000000
core   0: 0x0000000080005bbe (0x02a110b3) mulh    ra, sp, a0
core   0: 1 0x0000000080005bbe (0x02a110b3) x1  0x0000000000000000
core   0: 0x0000000080005bc2 (0x00c61a3b) sllw    s4, a2, a2
core   0: 1 0x0000000080005bc2 (0x00c61a3b) x20 0xffffffff80000000
core   0: 0x0000000080005bc6 (0x00697db3) and     s11, s2, t1
core   0: 1 0x0000000080005bc6 (0x00697db3) x27 0x0000000000000000
core   0: 0x0000000080005bca (0x03a1deb3) divu    t4, gp, s10
core   0: 1 0x0000000080005bca (0x03a1deb3) x29 0xffffffffffffffff
core   0: 0x0000000080005bce (0x018002b7) lui     t0, 0x1800
core   0: 1 0x0000000080005bce (0x018002b7) x5  0x0000000001800000
core   0: 0x0000000080005bd2 (0x3f92829b) addiw   t0, t0, 1017
core   0: 1 0x0000000080005bd2 (0x3f92829b) x5  0x00000000018003f9
core   0: 0x0000000080005bd6 (0x000002ba) c.slli  t0, 14
core   0: 1 0x0000000080005bd6 (0x02ba) x5  0x0000006000fe4000
core   0: 0x0000000080005bd8 (0x3e728293) addi    t0, t0, 999
core   0: 1 0x0000000080005bd8 (0x3e728293) x5  0x0000006000fe43e7
core   0: 0x0000000080005bdc (0x2ac50bd3) fmin.d  fs7, fa0, fa2
core   0: 1 0x0000000080005bdc (0x2ac50bd3) f23 0x3ff0000000000000
core   0: 0x0000000080005be0 (0x5a0670d3) fsqrt.d ft1, fa2
core   0: 1 0x0000000080005be0 (0x5a0670d3) f1  0x3ff0000000000000
core   0: 0x0000000080005be4 (0x001d8333) add     t1, s11, ra
core   0: 1 0x0000000080005be4 (0x001d8333) x6  0x0000000000000000
core   0: 0x0000000080005be8 (0x2342e293) ori     t0, t0, 564
core   0: 1 0x0000000080005be8 (0x2342e293) x5  0x0000006000fe43f7
core   0: 0x0000000080005bec (0x02ebfd53) fadd.d  fs10, fs7, fa4
core   0: 1 0x0000000080005bec (0x02ebfd53) f26 0x7ff8000000000000
core   0: 0x0000000080005bf0 (0xd2150c53) fcvt.d.wu fs8, a0
core   0: 1 0x0000000080005bf0 (0xd2150c53) f24 0x0000000000000000
core   0: 0x0000000080005bf4 (0x0301f3d3) fadd.d  ft7, ft3, fa6
core   0: 1 0x0000000080005bf4 (0x0301f3d3) f7  0x7ff8000000000000
core   0: 0x0000000080005bf8 (0x00000001) c.nop
core   0: 1 0x0000000080005bf8 (0x0001)
core   0: 0x0000000080005bfa (0x025971d3) fadd.d  ft3, fs2, ft5
core   0: 1 0x0000000080005bfa (0x025971d3) f3  0x7ff8000000000000
core   0: 0x0000000080005bfe (0x00962db3) slt     s11, a2, s1
core   0: 1 0x0000000080005bfe (0x00962db3) x27 0x0000000000000000
core   0: 0x0000000080005c02 (0xf20707d3) fmv.d.x fa5, a4
core   0: 1 0x0000000080005c02 (0xf20707d3) f15 0x000000007fffffff
core   0: 0x0000000080005c06 (0x23f02fd3) fsgnjx.d ft11, ft0, ft11
core   0: 1 0x0000000080005c06 (0x23f02fd3) f31 0x0000000000000000
core   0: 0x0000000080005c0a (0x6b26fd43) fmadd.d fs10, fa3, fs2, fa3
core   0: 1 0x0000000080005c0a (0x6b26fd43) f26 0x7ff8000000000000
core   0: 0x0000000080005c0e (0xfff28493) addi    s1, t0, -1
core   0: 1 0x0000000080005c0e (0xfff28493) x9  0x0000006000fe43f6
core   0: 0x0000000080005c12 (0x027e6ebb) remw    t4, t3, t2
core   0: 1 0x0000000080005c12 (0x027e6ebb) x29 0x0000000000000000
core   0: 0x0000000080005c16 (0x00d87433) and     s0, a6, a3
core   0: 1 0x0000000080005c16 (0x00d87433) x8  0x0000000000000000
core   0: 0x0000000080005c1a (0x2b3285d3) fmin.d  fa1, ft5, fs3
core   0: 1 0x0000000080005c1a (0x2b3285d3) f11 0x41efffff4d200000
core   0: 0x0000000080005c1e (0x0137e1b3) or      gp, a5, s3
core   0: 1 0x0000000080005c1e (0x0137e1b3) x3  0x00000000ffffdf3f
core   0: 0x0000000080005c22 (0x0190d53b) srlw    a0, ra, s9
core   0: 1 0x0000000080005c22 (0x0190d53b) x10 0x0000000000000000
core   0: 0x0000000080005c26 (0x01b08033) add     zero, ra, s11
core   0: 1 0x0000000080005c26 (0x01b08033)
core   0: 0x0000000080005c2a (0x03101693) slli    a3, zero, 49
core   0: 1 0x0000000080005c2a (0x03101693) x13 0x0000000000000000
core   0: 0x0000000080005c2e (0x420f09d3) fcvt.d.s fs3, ft10
core   0: 1 0x0000000080005c2e (0x420f09d3) f19 0x403f000000000000
core   0: 0x0000000080005c32 (0x03725433) divu    s0, tp, s7
core   0: 1 0x0000000080005c32 (0x03725433) x8  0xffffffffffffffff
core   0: 0x0000000080005c36 (0x43fd5213) srai    tp, s10, 63
core   0: 1 0x0000000080005c36 (0x43fd5213) x4  0x0000000000000000
core   0: 0x0000000080005c3a (0x013e909b) slliw   ra, t4, 19
core   0: 1 0x0000000080005c3a (0x013e909b) x1  0x0000000000000000
core   0: 0x0000000080005c3e (0x411a8db3) sub     s11, s5, a7
core   0: 1 0x0000000080005c3e (0x411a8db3) x27 0x7fffffffffffe001
core   0: 0x0000000080005c42 (0x0ff0000f) fence   iorw,iorw
core   0: 1 0x0000000080005c42 (0x0ff0000f)
core   0: 0x0000000080005c46 (0xfbcf3937) lui     s2, 0xfbcf3
core   0: 1 0x0000000080005c46 (0xfbcf3937) x18 0xfffffffffbcf3000
core   0: 0x0000000080005c4a (0x73d9091b) addiw   s2, s2, 1853
core   0: 1 0x0000000080005c4a (0x73d9091b) x18 0xfffffffffbcf373d
core   0: 0x0000000080005c4e (0x00000932) c.slli  s2, 12
core   0: 1 0x0000000080005c4e (0x0932) x18 0xffffffbcf373d000
core   0: 0x0000000080005c50 (0x46d90913) addi    s2, s2, 1133
core   0: 1 0x0000000080005c50 (0x46d90913) x18 0xffffffbcf373d46d
core   0: 0x0000000080005c54 (0x43d95593) srai    a1, s2, 61
core   0: 1 0x0000000080005c54 (0x43d95593) x11 0xffffffffffffffff
core   0: 0x0000000080005c58 (0x00e8173b) sllw    a4, a6, a4
core   0: 1 0x0000000080005c58 (0x00e8173b) x14 0x0000000000000000
core   0: 0x0000000080005c5c (0x03467833) remu    a6, a2, s4
core   0: 1 0x0000000080005c5c (0x03467833) x16 0x000000007fffffff
core   0: 0x0000000080005c60 (0x22278b93) addi    s7, a5, 546
core   0: 1 0x0000000080005c60 (0x22278b93) x23 0x0000000080005d5c
core   0: 0x0000000080005c64 (0x01a7f2b3) and     t0, a5, s10
core   0: 1 0x0000000080005c64 (0x01a7f2b3) x5  0x0000000000000000
core   0: 0x0000000080005c68 (0x015607b3) add     a5, a2, s5
core   0: 1 0x0000000080005c68 (0x015607b3) x15 0x000000007fffdfff
core   0: 0x0000000080005c6c (0x0010149b) slliw   s1, zero, 1
core   0: 1 0x0000000080005c6c (0x0010149b) x9  0x0000000000000000
core   0: 0x0000000080005c70 (0x002020f3) csrrs   ra, frm, zero
core   0: 1 0x0000000080005c70 (0x002020f3) x1  0x0000000000000000
core   0: 0x0000000080005c74 (0x40120b3b) subw    s6, tp, ra
core   0: 1 0x0000000080005c74 (0x40120b3b) x22 0x0000000000000000
core   0: 0x0000000080005c78 (0x28b7e493) ori     s1, a5, 651
core   0: 1 0x0000000080005c78 (0x28b7e493) x9  0x000000007fffdfff
core   0: 0x0000000080005c7c (0x016a8d3b) addw    s10, s5, s6
core   0: 1 0x0000000080005c7c (0x016a8d3b) x26 0xffffffffffffe000
core   0: 0x0000000080005c80 (0x4280f8cf) fnmadd.d fa7, ft1, fs0, fs0
core   0: 1 0x0000000080005c80 (0x4280f8cf) f17 0xc000000000000000
core   0: 0x0000000080005c84 (0x2310a3d3) fsgnjx.d ft7, ft1, fa7
core   0: 1 0x0000000080005c84 (0x2310a3d3) f7  0xbff0000000000000
core   0: 0x0000000080005c88 (0x0366793b) remuw   s2, a2, s6
core   0: 1 0x0000000080005c88 (0x0366793b) x18 0x000000007fffffff
core   0: 0x0000000080005c8c (0xd20d0853) fcvt.d.w fa6, s10
core   0: 1 0x0000000080005c8c (0xd20d0853) f16 0xc0c0000000000000
core   0: 0x0000000080005c90 (0x12d8f3d3) fmul.d  ft7, fa7, fa3
core   0: 1 0x0000000080005c90 (0x12d8f3d3) f7  0x7ff8000000000000
core   0: 0x0000000080005c94 (0x2b629c53) fmax.d  fs8, ft5, fs6
core   0: 1 0x0000000080005c94 (0x2b629c53) f24 0x41c7508cc5000000
core   0: 0x0000000080005c98 (0xc03112f3) csrrw   t0, hpmcounter3, sp
core   0: exception trap_illegal_instruction, epc 0x0000000080005c98
core   0:           tval 0x00000000c03112f3
core   0: >>>>  $xrv64i2p1_m2p0_a2p1_f2p2_d2p2_zicsr2p0_zifencei2p0_zmmul1p0_zba1p0_zbb1p0_zbc1p0_zbs1p0
core   0: 0x0000000080004000 (0x0080006f) j       pc + 0x8
core   0: 3 0x0000000080004000 (0x0080006f)
core   0: >>>>  mmode_exception_handler
core   0: 0x0000000080004008 (0x00002c17) auipc   s8, 0x2
core   0: 3 0x0000000080004008 (0x00002c17) x24 0x0000000080006008
core   0: 0x000000008000400c (0x0c8c0c13) addi    s8, s8, 200
core   0: 3 0x000000008000400c (0x0c8c0c13) x24 0x00000000800060d0
core   0: 0x0000000080004010 (0x000c00e7) jalr    s8
core   0: 3 0x0000000080004010 (0x000c00e7) x1  0x0000000080004014
core   0: >>>>  any_handler
core   0: 0x00000000800060d0 (0x341027f3) csrrs   a5, mepc, zero
core   0: 3 0x00000000800060d0 (0x341027f3) x15 0x0000000080005c98
core   0: 0x00000000800060d4 (0x34202773) csrrs   a4, mcause, zero
core   0: 3 0x00000000800060d4 (0x34202773) x14 0x0000000000000002
core   0: 0x00000000800060d8 (0x142026f3) csrrs   a3, scause, zero
core   0: 3 0x00000000800060d8 (0x142026f3) x13 0x0000000000000017
core   0: 0x00000000800060dc (0x30402673) csrrs   a2, mie, zero
core   0: 3 0x00000000800060dc (0x30402673) x12 0x0000000000000a00
core   0: 0x00000000800060e0 (0x344025f3) csrrs   a1, mip, zero
core   0: 3 0x00000000800060e0 (0x344025f3) x11 0x0000000000000080
core   0: 0x00000000800060e4 (0x343025f3) csrrs   a1, mtval, zero
core   0: 3 0x00000000800060e4 (0x343025f3) x11 0x00000000c03112f3
core   0: 0x00000000800060e8 (0x14302573) csrrs   a0, stval, zero
core   0: 3 0x00000000800060e8 (0x14302573) x10 0x0000000000000000
core   0: 0x00000000800060ec (0xb02024f3) csrrs   s1, minstret, zero
core   0: 3 0x00000000800060ec (0xb02024f3) x9  0x0000000000001109
core   0: 0x00000000800060f0 (0x0000a811) c.j     pc + 20
core   0: 3 0x00000000800060f0 (0xa811)
core   0: >>>>  mepc_4
core   0: 0x0000000080006104 (0x00000791) c.addi  a5, 4
core   0: 3 0x0000000080006104 (0x0791) x15 0x0000000080005c9c
core   0: 0x0000000080006106 (0x34179073) csrrw   zero, mepc, a5
core   0: 3 0x0000000080006106 (0x34179073) c833_mepc 0x0000000080005c9c
core   0: 0x000000008000610a (0x30200073) mret
core   0: 3 0x000000008000610a (0x30200073) c768_mstatus 0x8000000a00106080
core   0: 0x0000000080005c9c (0x41e5581b) sraiw   a6, a0, 30
core   0: 1 0x0000000080005c9c (0x41e5581b) x16 0x0000000000000000
core   0: 0x0000000080005ca0 (0x23c629d3) fsgnjx.d fs3, fa2, ft8
core   0: 1 0x0000000080005ca0 (0x23c629d3) f19 0x3ff0000000000000
core   0: 0x0000000080005ca4 (0x02a7f0bb) remuw   ra, a5, a0
core   0: 1 0x0000000080005ca4 (0x02a7f0bb) x1  0xffffffff80005c9c
core   0: 0x0000000080005ca8 (0x02fc8ebb) mulw    t4, s9, a5
core   0: 1 0x0000000080005ca8 (0x02fc8ebb) x29 0x0000000000000000
core   0: 0x0000000080005cac (0x418ad79b) sraiw   a5, s5, 24
core   0: 1 0x0000000080005cac (0x418ad79b) x15 0xffffffffffffffff
core   0: 0x0000000080005cb0 (0xc209f353) fcvt.w.d t1, fs3
core   0: 1 0x0000000080005cb0 (0xc209f353) x6  0x0000000000000001
core   0: 0x0000000080005cb4 (0x800c049b) addiw   s1, s8, -2048
core   0: 1 0x0000000080005cb4 (0x800c049b) x9  0xffffffff800058d0
core   0: 0x0000000080005cb8 (0xfa1c744b) fnmsub.d fs0, fs8, ft1, ft11
core   0: 1 0x0000000080005cb8 (0xfa1c744b) f8  0xc1c7508cc5000000
core   0: 0x0000000080005cbc (0xd034fcd3) fcvt.s.lu fs9, s1
core   0: 1 0x0000000080005cbc (0xd034fcd3) c1_fflags 0x000000000000001f f25 0xffffffff5f800000
core   0: 0x0000000080005cc0 (0x401071d3) fcvt.s.d ft3, ft0
core   0: 1 0x0000000080005cc0 (0x401071d3) f3  0xffffffff00000000
core   0: 0x0000000080005cc4 (0x03731593) slli    a1, t1, 55
core   0: 1 0x0000000080005cc4 (0x03731593) x11 0x0080000000000000
core   0: 0x0000000080005cc8 (0x4e6cdd97) auipc   s11, 0x4e6cd
core   0: 1 0x0000000080005cc8 (0x4e6cdd97) x27 0x00000000ce6d2cc8
core   0: 0x0000000080005ccc (0x0ff0000f) fence   iorw,iorw
core   0: 1 0x0000000080005ccc (0x0ff0000f)
core   0: 0x0000000080005cd0 (0xf144a0f3) csrrs   ra, mhartid, s1
core   0: exception trap_illegal_instruction, epc 0x0000000080005cd0
core   0:           tval 0x00000000f144a0f3
core   0: >>>>  $xrv64i2p1_m2p0_a2p1_f2p2_d2p2_zicsr2p0_zifencei2p0_zmmul1p0_zba1p0_zbb1p0_zbc1p0_zbs1p0
core   0: 0x0000000080004000 (0x0080006f) j       pc + 0x8
core   0: 3 0x0000000080004000 (0x0080006f)
core   0: >>>>  mmode_exception_handler
core   0: 0x0000000080004008 (0x00002c17) auipc   s8, 0x2
core   0: 3 0x0000000080004008 (0x00002c17) x24 0x0000000080006008
core   0: 0x000000008000400c (0x0c8c0c13) addi    s8, s8, 200
core   0: 3 0x000000008000400c (0x0c8c0c13) x24 0x00000000800060d0
core   0: 0x0000000080004010 (0x000c00e7) jalr    s8
core   0: 3 0x0000000080004010 (0x000c00e7) x1  0x0000000080004014
core   0: >>>>  any_handler
core   0: 0x00000000800060d0 (0x341027f3) csrrs   a5, mepc, zero
core   0: 3 0x00000000800060d0 (0x341027f3) x15 0x0000000080005cd0
core   0: 0x00000000800060d4 (0x34202773) csrrs   a4, mcause, zero
core   0: 3 0x00000000800060d4 (0x34202773) x14 0x0000000000000002
core   0: 0x00000000800060d8 (0x142026f3) csrrs   a3, scause, zero
core   0: 3 0x00000000800060d8 (0x142026f3) x13 0x0000000000000017
core   0: 0x00000000800060dc (0x30402673) csrrs   a2, mie, zero
core   0: 3 0x00000000800060dc (0x30402673) x12 0x0000000000000a00
core   0: 0x00000000800060e0 (0x344025f3) csrrs   a1, mip, zero
core   0: 3 0x00000000800060e0 (0x344025f3) x11 0x0000000000000080
core   0: 0x00000000800060e4 (0x343025f3) csrrs   a1, mtval, zero
core   0: 3 0x00000000800060e4 (0x343025f3) x11 0x00000000f144a0f3
core   0: 0x00000000800060e8 (0x14302573) csrrs   a0, stval, zero
core   0: 3 0x00000000800060e8 (0x14302573) x10 0x0000000000000000
core   0: 0x00000000800060ec (0xb02024f3) csrrs   s1, minstret, zero
core   0: 3 0x00000000800060ec (0xb02024f3) x9  0x0000000000001126
core   0: 0x00000000800060f0 (0x0000a811) c.j     pc + 20
core   0: 3 0x00000000800060f0 (0xa811)
core   0: >>>>  mepc_4
core   0: 0x0000000080006104 (0x00000791) c.addi  a5, 4
core   0: 3 0x0000000080006104 (0x0791) x15 0x0000000080005cd4
core   0: 0x0000000080006106 (0x34179073) csrrw   zero, mepc, a5
core   0: 3 0x0000000080006106 (0x34179073) c833_mepc 0x0000000080005cd4
core   0: 0x000000008000610a (0x30200073) mret
core   0: 3 0x000000008000610a (0x30200073) c768_mstatus 0x8000000a00106080
core   0: 0x0000000080005cd4 (0xc0387cd3) fcvt.lu.s s9, fa6
core   0: 1 0x0000000080005cd4 (0xc0387cd3) c1_fflags 0x000000000000001f x25 0xffffffffffffffff
core   0: 0x0000000080005cd8 (0x00000001) c.nop
core   0: 1 0x0000000080005cd8 (0x0001)
core   0: 0x0000000080005cda (0xf20403d3) fmv.d.x ft7, s0
core   0: 1 0x0000000080005cda (0xf20403d3) f7  0xffffffffffffffff
core   0: 0x0000000080005cde (0x5a0df453) fsqrt.d fs0, fs11
core   0: 1 0x0000000080005cde (0x5a0df453) c1_fflags 0x000000000000001f f8  0x40effffffff00000
core   0: 0x0000000080005ce2 (0xd0247853) fcvt.s.l fa6, s0
core   0: 1 0x0000000080005ce2 (0xd0247853) f16 0xffffffffbf800000
core   0: 0x0000000080005ce6 (0x233426d3) fsgnjx.d fa3, fs0, fs3
core   0: 1 0x0000000080005ce6 (0x233426d3) f13 0x40effffffff00000
core   0: 0x0000000080005cea (0x002022f3) csrrs   t0, frm, zero
core   0: 1 0x0000000080005cea (0x002022f3) x5  0x0000000000000000
core   0: 0x0000000080005cee (0x0174e9b3) or      s3, s1, s7
core   0: 1 0x0000000080005cee (0x0174e9b3) x19 0x0000000080005d7e
core   0: 0x0000000080005cf2 (0x129dfb53) fmul.d  fs6, fs11, fs1
core   0: 1 0x0000000080005cf2 (0x129dfb53) c1_fflags 0x000000000000001f f22 0x43ee25ff5e41da01
core   0: 0x0000000080005cf6 (0x021a10b3) mulh    ra, s4, ra
core   0: 1 0x0000000080005cf6 (0x021a10b3) x1  0xffffffffffffffff
core   0: 0x0000000080005cfa (0xff6dee93) ori     t4, s11, -10
core   0: 1 0x0000000080005cfa (0xff6dee93) x29 0xfffffffffffffffe
core   0: 0x0000000080005cfe (0x038345bb) divw    a1, t1, s8
core   0: 1 0x0000000080005cfe (0x038345bb) x11 0x0000000000000000
core   0: 0x0000000080005d02 (0x00102273) csrrs   tp, fflags, zero
core   0: 1 0x0000000080005d02 (0x00102273) x4  0x000000000000001f
core   0: 0x0000000080005d06 (0x401bfbd3) fcvt.s.d fs7, fs7
core   0: 1 0x0000000080005d06 (0x401bfbd3) f23 0xffffffff3f800000
core   0: 0x0000000080005d0a (0x41c208b3) sub     a7, tp, t3
core   0: 1 0x0000000080005d0a (0x41c208b3) x17 0x800000000000001f
core   0: 0x0000000080005d0e (0x002021f3) csrrs   gp, frm, zero
core   0: 1 0x0000000080005d0e (0x002021f3) x3  0x0000000000000000
core   0: 0x0000000080005d12 (0x00202cf3) csrrs   s9, frm, zero
core   0: 1 0x0000000080005d12 (0x00202cf3) x25 0x0000000000000000
core   0: 0x0000000080005d16 (0x000e0b3b) addw    s6, t3, zero
core   0: 1 0x0000000080005d16 (0x000e0b3b) x22 0x0000000000000000
core   0: 0x0000000080005d1a (0x23368c53) fsgnj.d fs8, fa3, fs3
core   0: 1 0x0000000080005d1a (0x23368c53) f24 0x40effffffff00000
core   0: 0x0000000080005d1e (0x0025949b) slliw   s1, a1, 2
core   0: 1 0x0000000080005d1e (0x0025949b) x9  0x0000000000000000
core   0: 0x0000000080005d22 (0x03d85813) srli    a6, a6, 61
core   0: 1 0x0000000080005d22 (0x03d85813) x16 0x0000000000000000
core   0: 0x0000000080005d26 (0xe2000453) fmv.x.d s0, ft0
core   0: 1 0x0000000080005d26 (0xe2000453) x8  0x0000000000000000
core   0: 0x0000000080005d2a (0x00000001) c.nop
core   0: 1 0x0000000080005d2a (0x0001)
core   0: 0x0000000080005d2c (0x02f05dbb) divuw   s11, zero, a5
core   0: 1 0x0000000080005d2c (0x02f05dbb) x27 0x0000000000000000
core   0: 0x0000000080005d30 (0xc12a029b) addiw   t0, s4, -1006
core   0: 1 0x0000000080005d30 (0xc12a029b) x5  0x000000007ffffc12
core   0: 0x0000000080005d34 (0x02829d93) slli    s11, t0, 40
core   0: 1 0x0000000080005d34 (0x02829d93) x27 0xfffc120000000000
core   0: 0x0000000080005d38 (0x0053113b) sllw    sp, t1, t0
core   0: 1 0x0000000080005d38 (0x0053113b) x2  0x0000000000040000
core   0: 0x0000000080005d3c (0x003181bb) addw    gp, gp, gp
core   0: 1 0x0000000080005d3c (0x003181bb) x3  0x0000000000000000
core   0: 0x0000000080005d40 (0x017bea33) or      s4, s7, s7
core   0: 1 0x0000000080005d40 (0x017bea33) x20 0x0000000080005d5c
core   0: 0x0000000080005d44 (0x6bd5fbcf) fnmadd.d fs7, fa1, ft9, fa3
core   0: 1 0x0000000080005d44 (0x6bd5fbcf) f23 0xc0effffffff00000
core   0: 0x0000000080005d48 (0xd225f4d3) fcvt.d.l fs1, a1
core   0: 1 0x0000000080005d48 (0xd225f4d3) f9  0x0000000000000000
core   0: 0x0000000080005d4c (0x414585bb) subw    a1, a1, s4
core   0: 1 0x0000000080005d4c (0x414585bb) x11 0x000000007fffa2a4
core   0: 0x0000000080005d50 (0x42088d53) fcvt.d.s fs10, fa7
core   0: 1 0x0000000080005d50 (0x42088d53) f26 0x7ff8000000000000
core   0: 0x0000000080005d54 (0xc2097e53) fcvt.w.d t3, fs2
core   0: 1 0x0000000080005d54 (0xc2097e53) c1_fflags 0x000000000000001f x28 0x000000007fffffff
core   0: 0x0000000080005d58 (0x5fce4793) xori    a5, t3, 1532
core   0: 1 0x0000000080005d58 (0x5fce4793) x15 0x000000007ffffa03
core   0: 0x0000000080005d5c (0x228a8bd3) fsgnj.d fs7, fs5, fs0
core   0: 1 0x0000000080005d5c (0x228a8bd3) f23 0x7fffffff00000000
core   0: 0x0000000080005d60 (0x020a003b) mulw    zero, s4, zero
core   0: 1 0x0000000080005d60 (0x020a003b)
core   0: 0x0000000080005d64 (0x4111d7bb) sraw    a5, gp, a7
core   0: 1 0x0000000080005d64 (0x4111d7bb) x15 0x0000000000000000
core   0: 0x0000000080005d68 (0x0148f1b3) and     gp, a7, s4
core   0: 1 0x0000000080005d68 (0x0148f1b3) x3  0x000000000000001c
core   0: 0x0000000080005d6c (0x80000293) li      t0, -2048
core   0: 1 0x0000000080005d6c (0x80000293) x5  0xfffffffffffff800
core   0: 0x0000000080005d70 (0xba3ff8c7) fmsub.d fa7, ft11, ft3, fs7
core   0: 1 0x0000000080005d70 (0xba3ff8c7) f17 0x7ff8000000000000
core   0: 0x0000000080005d74 (0x42068453) fcvt.d.s fs0, fa3
core   0: 1 0x0000000080005d74 (0x42068453) f8  0x7ff8000000000000
core   0: 0x0000000080005d78 (0x03a930b3) mulhu   ra, s2, s10
core   0: 1 0x0000000080005d78 (0x03a930b3) x1  0x000000007ffffffe
core   0: 0x0000000080005d7c (0x1ae9fed3) fdiv.d  ft9, fs3, fa4
core   0: 1 0x0000000080005d7c (0x1ae9fed3) f29 0x7ff8000000000000
core   0: 0x0000000080005d80 (0xc023fed3) fcvt.l.s t4, ft7
core   0: 1 0x0000000080005d80 (0xc023fed3) c1_fflags 0x000000000000001f x29 0x7fffffffffffffff
core   0: 0x0000000080005d84 (0x80078593) addi    a1, a5, -2048
core   0: 1 0x0000000080005d84 (0x80078593) x11 0xfffffffffffff800
core   0: 0x0000000080005d88 (0x40b5d033) sra     zero, a1, a1
core   0: 1 0x0000000080005d88 (0x40b5d033)
core   0: 0x0000000080005d8c (0x01ae1e1b) slliw   t3, t3, 26
core   0: 1 0x0000000080005d8c (0x01ae1e1b) x28 0xfffffffffc000000
core   0: 0x0000000080005d90 (0x410509b3) sub     s3, a0, a6
core   0: 1 0x0000000080005d90 (0x410509b3) x19 0x0000000000000000
core   0: 0x0000000080005d94 (0x0ff0000f) fence   iorw,iorw
core   0: 1 0x0000000080005d94 (0x0ff0000f)
core   0: 0x0000000080005d98 (0xf143bdf3) csrrc   s11, mhartid, t2
core   0: exception trap_illegal_instruction, epc 0x0000000080005d98
core   0:           tval 0x00000000f143bdf3
core   0: >>>>  $xrv64i2p1_m2p0_a2p1_f2p2_d2p2_zicsr2p0_zifencei2p0_zmmul1p0_zba1p0_zbb1p0_zbc1p0_zbs1p0
core   0: 0x0000000080004000 (0x0080006f) j       pc + 0x8
core   0: 3 0x0000000080004000 (0x0080006f)
core   0: >>>>  mmode_exception_handler
core   0: 0x0000000080004008 (0x00002c17) auipc   s8, 0x2
core   0: 3 0x0000000080004008 (0x00002c17) x24 0x0000000080006008
core   0: 0x000000008000400c (0x0c8c0c13) addi    s8, s8, 200
core   0: 3 0x000000008000400c (0x0c8c0c13) x24 0x00000000800060d0
core   0: 0x0000000080004010 (0x000c00e7) jalr    s8
core   0: 3 0x0000000080004010 (0x000c00e7) x1  0x0000000080004014
core   0: >>>>  any_handler
core   0: 0x00000000800060d0 (0x341027f3) csrrs   a5, mepc, zero
core   0: 3 0x00000000800060d0 (0x341027f3) x15 0x0000000080005d98
core   0: 0x00000000800060d4 (0x34202773) csrrs   a4, mcause, zero
core   0: 3 0x00000000800060d4 (0x34202773) x14 0x0000000000000002
core   0: 0x00000000800060d8 (0x142026f3) csrrs   a3, scause, zero
core   0: 3 0x00000000800060d8 (0x142026f3) x13 0x0000000000000017
core   0: 0x00000000800060dc (0x30402673) csrrs   a2, mie, zero
core   0: 3 0x00000000800060dc (0x30402673) x12 0x0000000000000a00
core   0: 0x00000000800060e0 (0x344025f3) csrrs   a1, mip, zero
core   0: 3 0x00000000800060e0 (0x344025f3) x11 0x0000000000000080
core   0: 0x00000000800060e4 (0x343025f3) csrrs   a1, mtval, zero
core   0: 3 0x00000000800060e4 (0x343025f3) x11 0x00000000f143bdf3
core   0: 0x00000000800060e8 (0x14302573) csrrs   a0, stval, zero
core   0: 3 0x00000000800060e8 (0x14302573) x10 0x0000000000000000
core   0: 0x00000000800060ec (0xb02024f3) csrrs   s1, minstret, zero
core   0: 3 0x00000000800060ec (0xb02024f3) x9  0x0000000000001168
core   0: 0x00000000800060f0 (0x0000a811) c.j     pc + 20
core   0: 3 0x00000000800060f0 (0xa811)
core   0: >>>>  mepc_4
core   0: 0x0000000080006104 (0x00000791) c.addi  a5, 4
core   0: 3 0x0000000080006104 (0x0791) x15 0x0000000080005d9c
core   0: 0x0000000080006106 (0x34179073) csrrw   zero, mepc, a5
core   0: 3 0x0000000080006106 (0x34179073) c833_mepc 0x0000000080005d9c
core   0: 0x000000008000610a (0x30200073) mret
core   0: 3 0x000000008000610a (0x30200073) c768_mstatus 0x8000000a00106080
core   0: 0x0000000080005d9c (0x4cf325b7) lui     a1, 0x4cf32
core   0: 1 0x0000000080005d9c (0x4cf325b7) x11 0x000000004cf32000
core   0: 0x0000000080005da0 (0xa36389d3) fle.d   s3, ft7, fs6
core   0: 1 0x0000000080005da0 (0xa36389d3) c1_fflags 0x000000000000001f x19 0x0000000000000000
core   0: 0x0000000080005da4 (0x010e583b) srlw    a6, t3, a6
core   0: 1 0x0000000080005da4 (0x010e583b) x16 0xfffffffffc000000
core   0: 0x0000000080005da8 (0x400b0bb3) sub     s7, s6, zero
core   0: 1 0x0000000080005da8 (0x400b0bb3) x23 0x0000000000000000
core   0: 0x0000000080005dac (0x7a2b8a93) addi    s5, s7, 1954
core   0: 1 0x0000000080005dac (0x7a2b8a93) x21 0x00000000000007a2
core   0: 0x0000000080005db0 (0x02ec81bb) mulw    gp, s9, a4
core   0: 1 0x0000000080005db0 (0x02ec81bb) x3  0x0000000000000000
core   0: 0x0000000080005db4 (0x001028f3) csrrs   a7, fflags, zero
core   0: 1 0x0000000080005db4 (0x001028f3) x17 0x000000000000001f
core   0: 0x0000000080005db8 (0xc23dfc53) fcvt.lu.d s8, fs11
core   0: 1 0x0000000080005db8 (0xc23dfc53) x24 0x00000000ffffffff
core   0: 0x0000000080005dbc (0x00055033) srl     zero, a0, zero
core   0: 1 0x0000000080005dbc (0x00055033)
core   0: 0x0000000080005dc0 (0x23341853) fsgnjn.d fa6, fs0, fs3
core   0: 1 0x0000000080005dc0 (0x23341853) f16 0xfff8000000000000
core   0: 0x0000000080005dc4 (0xc239f453) fcvt.lu.d s0, fs3
core   0: 1 0x0000000080005dc4 (0xc239f453) x8  0x0000000000000001
core   0: 0x0000000080005dc8 (0xa2c10153) fle.d   sp, ft2, fa2
core   0: 1 0x0000000080005dc8 (0xa2c10153) c1_fflags 0x000000000000001f x2  0x0000000000000000
core   0: 0x0000000080005dcc (0x00c7ebb3) or      s7, a5, a2
core   0: 1 0x0000000080005dcc (0x00c7ebb3) x23 0x0000000080005f9c
core   0: 0x0000000080005dd0 (0x00000001) c.nop
core   0: 1 0x0000000080005dd0 (0x0001)
core   0: 0x0000000080005dd2 (0x00018c1b) sext.w  s8, gp
core   0: 1 0x0000000080005dd2 (0x00018c1b) x24 0x0000000000000000
core   0: 0x0000000080005dd6 (0xd23ef7d3) fcvt.d.lu fa5, t4
core   0: 1 0x0000000080005dd6 (0xd23ef7d3) c1_fflags 0x000000000000001f f15 0x43e0000000000000
core   0: 0x0000000080005dda (0x41d789bb) subw    s3, a5, t4
core   0: 1 0x0000000080005dda (0x41d789bb) x19 0xffffffff80005d9d
core   0: 0x0000000080005dde (0xc2067ad3) fcvt.w.d s5, fa2
core   0: 1 0x0000000080005dde (0xc2067ad3) x21 0x0000000000000001
core   0: 0x0000000080005de2 (0x000a551b) srliw   a0, s4, 0
core   0: 1 0x0000000080005de2 (0x000a551b) x10 0xffffffff80005d5c
core   0: 0x0000000080005de6 (0x22fb8bd3) fsgnj.d fs7, fs7, fa5
core   0: 1 0x0000000080005de6 (0x22fb8bd3) f23 0x7fffffff00000000
core   0: 0x0000000080005dea (0x03f55d93) srli    s11, a0, 63
core   0: 1 0x0000000080005dea (0x03f55d93) x27 0x0000000000000001
core   0: 0x0000000080005dee (0x82bb4c37) lui     s8, 0x82bb4
core   0: 1 0x0000000080005dee (0x82bb4c37) x24 0xffffffff82bb4000
core   0: 0x0000000080005df2 (0xc20ff753) fcvt.w.d a4, ft11
core   0: 1 0x0000000080005df2 (0xc20ff753) x14 0x0000000000000000
core   0: 0x0000000080005df6 (0x00f455bb) srlw    a1, s0, a5
core   0: 1 0x0000000080005df6 (0x00f455bb) x11 0x0000000000000000
core   0: 0x0000000080005dfa (0x0018f893) andi    a7, a7, 1
core   0: 1 0x0000000080005dfa (0x0018f893) x17 0x0000000000000001
core   0: 0x0000000080005dfe (0x424ede93) srai    t4, t4, 36
core   0: 1 0x0000000080005dfe (0x424ede93) x29 0x0000000007ffffff
core   0: 0x0000000080005e02 (0xd23af7d3) fcvt.d.lu fa5, s5
core   0: 1 0x0000000080005e02 (0xd23af7d3) f15 0x3ff0000000000000
core   0: 0x0000000080005e06 (0x8006f813) andi    a6, a3, -2048
core   0: 1 0x0000000080005e06 (0x8006f813) x16 0x0000000000000000
core   0: 0x0000000080005e0a (0x3c408713) addi    a4, ra, 964
core   0: 1 0x0000000080005e0a (0x3c408713) x14 0x00000000800043d8
core   0: 0x0000000080005e0e (0xce180613) addi    a2, a6, -799
core   0: 1 0x0000000080005e0e (0xce180613) x12 0xfffffffffffffce1
core   0: 0x0000000080005e12 (0x30353173) csrrc   sp, mideleg, a0
core   0: exception trap_illegal_instruction, epc 0x0000000080005e12
core   0:           tval 0x0000000030353173
core   0: >>>>  $xrv64i2p1_m2p0_a2p1_f2p2_d2p2_zicsr2p0_zifencei2p0_zmmul1p0_zba1p0_zbb1p0_zbc1p0_zbs1p0
core   0: 0x0000000080004000 (0x0080006f) j       pc + 0x8
core   0: 3 0x0000000080004000 (0x0080006f)
core   0: >>>>  mmode_exception_handler
core   0: 0x0000000080004008 (0x00002c17) auipc   s8, 0x2
core   0: 3 0x0000000080004008 (0x00002c17) x24 0x0000000080006008
core   0: 0x000000008000400c (0x0c8c0c13) addi    s8, s8, 200
core   0: 3 0x000000008000400c (0x0c8c0c13) x24 0x00000000800060d0
core   0: 0x0000000080004010 (0x000c00e7) jalr    s8
core   0: 3 0x0000000080004010 (0x000c00e7) x1  0x0000000080004014
core   0: >>>>  any_handler
core   0: 0x00000000800060d0 (0x341027f3) csrrs   a5, mepc, zero
core   0: 3 0x00000000800060d0 (0x341027f3) x15 0x0000000080005e12
core   0: 0x00000000800060d4 (0x34202773) csrrs   a4, mcause, zero
core   0: 3 0x00000000800060d4 (0x34202773) x14 0x0000000000000002
core   0: 0x00000000800060d8 (0x142026f3) csrrs   a3, scause, zero
core   0: 3 0x00000000800060d8 (0x142026f3) x13 0x0000000000000017
core   0: 0x00000000800060dc (0x30402673) csrrs   a2, mie, zero
core   0: 3 0x00000000800060dc (0x30402673) x12 0x0000000000000a00
core   0: 0x00000000800060e0 (0x344025f3) csrrs   a1, mip, zero
core   0: 3 0x00000000800060e0 (0x344025f3) x11 0x0000000000000080
core   0: 0x00000000800060e4 (0x343025f3) csrrs   a1, mtval, zero
core   0: 3 0x00000000800060e4 (0x343025f3) x11 0x0000000030353173
core   0: 0x00000000800060e8 (0x14302573) csrrs   a0, stval, zero
core   0: 3 0x00000000800060e8 (0x14302573) x10 0x0000000000000000
core   0: 0x00000000800060ec (0xb02024f3) csrrs   s1, minstret, zero
core   0: 3 0x00000000800060ec (0xb02024f3) x9  0x0000000000001196
core   0: 0x00000000800060f0 (0x0000a811) c.j     pc + 20
core   0: 3 0x00000000800060f0 (0xa811)
core   0: >>>>  mepc_4
core   0: 0x0000000080006104 (0x00000791) c.addi  a5, 4
core   0: 3 0x0000000080006104 (0x0791) x15 0x0000000080005e16
core   0: 0x0000000080006106 (0x34179073) csrrw   zero, mepc, a5
core   0: 3 0x0000000080006106 (0x34179073) c833_mepc 0x0000000080005e16
core   0: 0x000000008000610a (0x30200073) mret
core   0: 3 0x000000008000610a (0x30200073) c768_mstatus 0x8000000a00106080
core   0: 0x0000000080005e16 (0x01414a33) xor     s4, sp, s4
core   0: 1 0x0000000080005e16 (0x01414a33) x20 0x0000000080005d5c
core   0: 0x0000000080005e1a (0x1f227613) andi    a2, tp, 498
core   0: 1 0x0000000080005e1a (0x1f227613) x12 0x0000000000000012
core   0: 0x0000000080005e1e (0x41bd8a33) sub     s4, s11, s11
core   0: 1 0x0000000080005e1e (0x41bd8a33) x20 0x0000000000000000
core   0: 0x0000000080005e22 (0x6501ec13) ori     s8, gp, 1616
core   0: 1 0x0000000080005e22 (0x6501ec13) x24 0x0000000000000650
core   0: 0x0000000080005e26 (0xefed8e13) addi    t3, s11, -258
core   0: 1 0x0000000080005e26 (0xefed8e13) x28 0xfffffffffffffeff
core   0: 0x0000000080005e2a (0x000ad79b) srliw   a5, s5, 0
core   0: 1 0x0000000080005e2a (0x000ad79b) x15 0x0000000000000001
core   0: 0x0000000080005e2e (0x6355ffcb) fnmsub.d ft11, fa1, fs5, fa2
core   0: 1 0x0000000080005e2e (0x6355ffcb) f31 0x7ff8000000000000
core   0: 0x0000000080005e32 (0x1a9afc53) fdiv.d  fs8, fs5, fs1
core   0: 1 0x0000000080005e32 (0x1a9afc53) f24 0x7ff8000000000000
core   0: 0x0000000080005e36 (0x4a8479c7) fmsub.d fs3, fs0, fs0, fs1
core   0: 1 0x0000000080005e36 (0x4a8479c7) f19 0x7ff8000000000000
core   0: 0x0000000080005e3a (0x00000001) c.nop
core   0: 1 0x0000000080005e3a (0x0001)
core   0: 0x0000000080005e3c (0xa338764b) fnmsub.d fa2, fa6, fs3, fs4
core   0: 1 0x0000000080005e3c (0xa338764b) f12 0x7ff8000000000000
core   0: 0x0000000080005e40 (0x1a0cf8d3) fdiv.d  fa7, fs9, ft0
core   0: 1 0x0000000080005e40 (0x1a0cf8d3) f17 0x7ff8000000000000
core   0: 0x0000000080005e44 (0x034ac1bb) divw    gp, s5, s4
core   0: 1 0x0000000080005e44 (0x034ac1bb) x3  0xffffffffffffffff
core   0: 0x0000000080005e48 (0x00202873) csrrs   a6, frm, zero
core   0: 1 0x0000000080005e48 (0x00202873) x16 0x0000000000000000
core   0: 0x0000000080005e4c (0x02840cbb) mulw    s9, s0, s0
core   0: 1 0x0000000080005e4c (0x02840cbb) x25 0x0000000000000001
core   0: 0x0000000080005e50 (0x0021513b) srlw    sp, sp, sp
core   0: 1 0x0000000080005e50 (0x0021513b) x2  0x0000000000000000
core   0: 0x0000000080005e54 (0x002411f3) csrrw   gp, frm, s0
core   0: 1 0x0000000080005e54 (0x002411f3) x3  0x0000000000000000 c2_frm 0x0000000000000001
core   0: 0x0000000080005e58 (0x027597b3) mulh    a5, a1, t2
core   0: 1 0x0000000080005e58 (0x027597b3) x15 0x0000000000000000
core   0: 0x0000000080005e5c (0xd0287653) fcvt.s.l fa2, a6
core   0: 1 0x0000000080005e5c (0xd0287653) f12 0xffffffff00000000
core   0: 0x0000000080005e60 (0xd02073d3) fcvt.s.l ft7, zero
core   0: 1 0x0000000080005e60 (0xd02073d3) f7  0xffffffff00000000
core   0: 0x0000000080005e64 (0x2a7b8ad3) fmin.d  fs5, fs7, ft7
core   0: 1 0x0000000080005e64 (0x2a7b8ad3) f21 0x7ff8000000000000
core   0: 0x0000000080005e68 (0x011a5d9b) srliw   s11, s4, 17
core   0: 1 0x0000000080005e68 (0x011a5d9b) x27 0x0000000000000000
core   0: 0x0000000080005e6c (0x00000001) c.nop
core   0: 1 0x0000000080005e6c (0x0001)
core   0: 0x0000000080005e6e (0xc05190f3) csrrw   ra, hpmcounter5, gp
core   0: exception trap_illegal_instruction, epc 0x0000000080005e6e
core   0:           tval 0x00000000c05190f3
core   0: >>>>  $xrv64i2p1_m2p0_a2p1_f2p2_d2p2_zicsr2p0_zifencei2p0_zmmul1p0_zba1p0_zbb1p0_zbc1p0_zbs1p0
core   0: 0x0000000080004000 (0x0080006f) j       pc + 0x8
core   0: 3 0x0000000080004000 (0x0080006f)
core   0: >>>>  mmode_exception_handler
core   0: 0x0000000080004008 (0x00002c17) auipc   s8, 0x2
core   0: 3 0x0000000080004008 (0x00002c17) x24 0x0000000080006008
core   0: 0x000000008000400c (0x0c8c0c13) addi    s8, s8, 200
core   0: 3 0x000000008000400c (0x0c8c0c13) x24 0x00000000800060d0
core   0: 0x0000000080004010 (0x000c00e7) jalr    s8
core   0: 3 0x0000000080004010 (0x000c00e7) x1  0x0000000080004014
core   0: >>>>  any_handler
core   0: 0x00000000800060d0 (0x341027f3) csrrs   a5, mepc, zero
core   0: 3 0x00000000800060d0 (0x341027f3) x15 0x0000000080005e6e
core   0: 0x00000000800060d4 (0x34202773) csrrs   a4, mcause, zero
core   0: 3 0x00000000800060d4 (0x34202773) x14 0x0000000000000002
core   0: 0x00000000800060d8 (0x142026f3) csrrs   a3, scause, zero
core   0: 3 0x00000000800060d8 (0x142026f3) x13 0x0000000000000017
core   0: 0x00000000800060dc (0x30402673) csrrs   a2, mie, zero
core   0: 3 0x00000000800060dc (0x30402673) x12 0x0000000000000a00
core   0: 0x00000000800060e0 (0x344025f3) csrrs   a1, mip, zero
core   0: 3 0x00000000800060e0 (0x344025f3) x11 0x0000000000000080
core   0: 0x00000000800060e4 (0x343025f3) csrrs   a1, mtval, zero
core   0: 3 0x00000000800060e4 (0x343025f3) x11 0x00000000c05190f3
core   0: 0x00000000800060e8 (0x14302573) csrrs   a0, stval, zero
core   0: 3 0x00000000800060e8 (0x14302573) x10 0x0000000000000000
core   0: 0x00000000800060ec (0xb02024f3) csrrs   s1, minstret, zero
core   0: 3 0x00000000800060ec (0xb02024f3) x9  0x00000000000011bd
core   0: 0x00000000800060f0 (0x0000a811) c.j     pc + 20
core   0: 3 0x00000000800060f0 (0xa811)
core   0: >>>>  mepc_4
core   0: 0x0000000080006104 (0x00000791) c.addi  a5, 4
core   0: 3 0x0000000080006104 (0x0791) x15 0x0000000080005e72
core   0: 0x0000000080006106 (0x34179073) csrrw   zero, mepc, a5
core   0: 3 0x0000000080006106 (0x34179073) c833_mepc 0x0000000080005e72
core   0: 0x000000008000610a (0x30200073) mret
core   0: 3 0x000000008000610a (0x30200073) c768_mstatus 0x8000000a00106080
core   0: 0x0000000080005e72 (0xa3ff85d3) fle.d   a1, ft11, ft11
core   0: 1 0x0000000080005e72 (0xa3ff85d3) c1_fflags 0x000000000000001f x11 0x0000000000000000
core   0: 0x0000000080005e76 (0xa232a653) feq.d   a2, ft5, ft3
core   0: 1 0x0000000080005e76 (0xa232a653) x12 0x0000000000000000
core   0: 0x0000000080005e7a (0xc203f4d3) fcvt.w.d s1, ft7
core   0: 1 0x0000000080005e7a (0xc203f4d3) c1_fflags 0x000000000000001f x9  0x000000007fffffff
core   0: 0x0000000080005e7e (0xc02623f3) csrrs   t2, instret, a2
core   0: exception trap_illegal_instruction, epc 0x0000000080005e7e
core   0:           tval 0x00000000c02623f3
core   0: >>>>  $xrv64i2p1_m2p0_a2p1_f2p2_d2p2_zicsr2p0_zifencei2p0_zmmul1p0_zba1p0_zbb1p0_zbc1p0_zbs1p0
core   0: 0x0000000080004000 (0x0080006f) j       pc + 0x8
core   0: 3 0x0000000080004000 (0x0080006f)
core   0: >>>>  mmode_exception_handler
core   0: 0x0000000080004008 (0x00002c17) auipc   s8, 0x2
core   0: 3 0x0000000080004008 (0x00002c17) x24 0x0000000080006008
core   0: 0x000000008000400c (0x0c8c0c13) addi    s8, s8, 200
core   0: 3 0x000000008000400c (0x0c8c0c13) x24 0x00000000800060d0
core   0: 0x0000000080004010 (0x000c00e7) jalr    s8
core   0: 3 0x0000000080004010 (0x000c00e7) x1  0x0000000080004014
core   0: >>>>  any_handler
core   0: 0x00000000800060d0 (0x341027f3) csrrs   a5, mepc, zero
core   0: 3 0x00000000800060d0 (0x341027f3) x15 0x0000000080005e7e
core   0: 0x00000000800060d4 (0x34202773) csrrs   a4, mcause, zero
core   0: 3 0x00000000800060d4 (0x34202773) x14 0x0000000000000002
core   0: 0x00000000800060d8 (0x142026f3) csrrs   a3, scause, zero
core   0: 3 0x00000000800060d8 (0x142026f3) x13 0x0000000000000017
core   0: 0x00000000800060dc (0x30402673) csrrs   a2, mie, zero
core   0: 3 0x00000000800060dc (0x30402673) x12 0x0000000000000a00
core   0: 0x00000000800060e0 (0x344025f3) csrrs   a1, mip, zero
core   0: 3 0x00000000800060e0 (0x344025f3) x11 0x0000000000000080
core   0: 0x00000000800060e4 (0x343025f3) csrrs   a1, mtval, zero
core   0: 3 0x00000000800060e4 (0x343025f3) x11 0x00000000c02623f3
core   0: 0x00000000800060e8 (0x14302573) csrrs   a0, stval, zero
core   0: 3 0x00000000800060e8 (0x14302573) x10 0x0000000000000000
core   0: 0x00000000800060ec (0xb02024f3) csrrs   s1, minstret, zero
core   0: 3 0x00000000800060ec (0xb02024f3) x9  0x00000000000011d0
core   0: 0x00000000800060f0 (0x0000a811) c.j     pc + 20
core   0: 3 0x00000000800060f0 (0xa811)
core   0: >>>>  mepc_4
core   0: 0x0000000080006104 (0x00000791) c.addi  a5, 4
core   0: 3 0x0000000080006104 (0x0791) x15 0x0000000080005e82
core   0: 0x0000000080006106 (0x34179073) csrrw   zero, mepc, a5
core   0: 3 0x0000000080006106 (0x34179073) c833_mepc 0x0000000080005e82
core   0: 0x000000008000610a (0x30200073) mret
core   0: 3 0x000000008000610a (0x30200073) c768_mstatus 0x8000000a00106080
core   0: 0x0000000080005e82 (0x407a0a3b) subw    s4, s4, t2
core   0: 1 0x0000000080005e82 (0x407a0a3b) x20 0xfffffffffffe0000
core   0: 0x0000000080005e86 (0x5b477a4f) fnmadd.d fs4, fa4, fs4, fa1
core   0: 1 0x0000000080005e86 (0x5b477a4f) f20 0x7ff8000000000000
core   0: 0x0000000080005e8a (0x7752fc13) andi    s8, t0, 1909
core   0: 1 0x0000000080005e8a (0x7752fc13) x24 0x0000000000000000
core   0: 0x0000000080005e8e (0x00000001) c.nop
core   0: 1 0x0000000080005e8e (0x0001)
core   0: 0x0000000080005e90 (0x002d1473) csrrw   s0, frm, s10
core   0: 1 0x0000000080005e90 (0x002d1473) x8  0x0000000000000001 c2_frm 0x0000000000000000
core   0: 0x0000000080005e94 (0x00c2a833) slt     a6, t0, a2
core   0: 1 0x0000000080005e94 (0x00c2a833) x16 0x0000000000000001
core   0: 0x0000000080005e98 (0x000c7e93) andi    t4, s8, 0
core   0: 1 0x0000000080005e98 (0x000c7e93) x29 0x0000000000000000
core   0: 0x0000000080005e9c (0x9cdffa97) auipc   s5, 0x9cdff
core   0: 1 0x0000000080005e9c (0x9cdffa97) x21 0x000000001ce04e9c
core   0: 0x0000000080005ea0 (0x008ac1b3) xor     gp, s5, s0
core   0: 1 0x0000000080005ea0 (0x008ac1b3) x3  0x000000001ce04e9d
core   0: 0x0000000080005ea4 (0x0ff0000f) fence   iorw,iorw
core   0: 1 0x0000000080005ea4 (0x0ff0000f)
core   0: 0x0000000080005ea8 (0x401dff53) fcvt.s.d ft10, fs11
core   0: 1 0x0000000080005ea8 (0x401dff53) c1_fflags 0x000000000000001f f30 0xffffffff4f800000
core   0: 0x0000000080005eac (0x0084a533) slt     a0, s1, s0
core   0: 1 0x0000000080005eac (0x0084a533) x10 0x0000000000000000
core   0: 0x0000000080005eb0 (0x0006561b) srliw   a2, a2, 0
core   0: 1 0x0000000080005eb0 (0x0006561b) x12 0x0000000000000a00
core   0: 0x0000000080005eb4 (0x4010f0d3) fcvt.s.d ft1, ft1
core   0: 1 0x0000000080005eb4 (0x4010f0d3) f1  0xffffffff3f800000
core   0: 0x0000000080005eb8 (0xc2097b53) fcvt.w.d s6, fs2
core   0: 1 0x0000000080005eb8 (0xc2097b53) c1_fflags 0x000000000000001f x22 0x000000007fffffff
core   0: 0x0000000080005ebc (0x02fb0bb3) mul     s7, s6, a5
core   0: 1 0x0000000080005ebc (0x02fb0bb3) x23 0x40002f407fffa17e
core   0: 0x0000000080005ec0 (0x00215db3) srl     s11, sp, sp
core   0: 1 0x0000000080005ec0 (0x00215db3) x27 0x0000000000000000
core   0: 0x0000000080005ec4 (0x0368e4bb) remw    s1, a7, s6
core   0: 1 0x0000000080005ec4 (0x0368e4bb) x9  0x0000000000000001
core   0: 0x0000000080005ec8 (0x0ff0000f) fence   iorw,iorw
core   0: 1 0x0000000080005ec8 (0x0ff0000f)
core   0: 0x0000000080005ecc (0x22842bd3) fsgnjx.d fs7, fs0, fs0
core   0: 1 0x0000000080005ecc (0x22842bd3) f23 0x7ff8000000000000
core   0: 0x0000000080005ed0 (0xd23870d3) fcvt.d.lu ft1, a6
core   0: 1 0x0000000080005ed0 (0xd23870d3) f1  0x3ff0000000000000
core   0: 0x0000000080005ed4 (0x2b2a9bd3) fmax.d  fs7, fs5, fs2
core   0: 1 0x0000000080005ed4 (0x2b2a9bd3) f23 0x7ff8000000000000
core   0: 0x0000000080005ed8 (0x41f2d19b) sraiw   gp, t0, 31
core   0: 1 0x0000000080005ed8 (0x41f2d19b) x3  0xffffffffffffffff
core   0: 0x0000000080005edc (0x00acc6b3) xor     a3, s9, a0
core   0: 1 0x0000000080005edc (0x00acc6b3) x13 0x0000000000000001
core   0: 0x0000000080005ee0 (0x227329d3) fsgnjx.d fs3, ft6, ft7
core   0: 1 0x0000000080005ee0 (0x227329d3) f19 0x7fffffff41f80000
core   0: 0x0000000080005ee4 (0x34312873) csrrs   a6, mtval, sp
core   0: exception trap_illegal_instruction, epc 0x0000000080005ee4
core   0:           tval 0x0000000034312873
core   0: >>>>  $xrv64i2p1_m2p0_a2p1_f2p2_d2p2_zicsr2p0_zifencei2p0_zmmul1p0_zba1p0_zbb1p0_zbc1p0_zbs1p0
core   0: 0x0000000080004000 (0x0080006f) j       pc + 0x8
core   0: 3 0x0000000080004000 (0x0080006f)
core   0: >>>>  mmode_exception_handler
core   0: 0x0000000080004008 (0x00002c17) auipc   s8, 0x2
core   0: 3 0x0000000080004008 (0x00002c17) x24 0x0000000080006008
core   0: 0x000000008000400c (0x0c8c0c13) addi    s8, s8, 200
core   0: 3 0x000000008000400c (0x0c8c0c13) x24 0x00000000800060d0
core   0: 0x0000000080004010 (0x000c00e7) jalr    s8
core   0: 3 0x0000000080004010 (0x000c00e7) x1  0x0000000080004014
core   0: >>>>  any_handler
core   0: 0x00000000800060d0 (0x341027f3) csrrs   a5, mepc, zero
core   0: 3 0x00000000800060d0 (0x341027f3) x15 0x0000000080005ee4
core   0: 0x00000000800060d4 (0x34202773) csrrs   a4, mcause, zero
core   0: 3 0x00000000800060d4 (0x34202773) x14 0x0000000000000002
core   0: 0x00000000800060d8 (0x142026f3) csrrs   a3, scause, zero
core   0: 3 0x00000000800060d8 (0x142026f3) x13 0x0000000000000017
core   0: 0x00000000800060dc (0x30402673) csrrs   a2, mie, zero
core   0: 3 0x00000000800060dc (0x30402673) x12 0x0000000000000a00
core   0: 0x00000000800060e0 (0x344025f3) csrrs   a1, mip, zero
core   0: 3 0x00000000800060e0 (0x344025f3) x11 0x0000000000000080
core   0: 0x00000000800060e4 (0x343025f3) csrrs   a1, mtval, zero
core   0: 3 0x00000000800060e4 (0x343025f3) x11 0x0000000034312873
core   0: 0x00000000800060e8 (0x14302573) csrrs   a0, stval, zero
core   0: 3 0x00000000800060e8 (0x14302573) x10 0x0000000000000000
core   0: 0x00000000800060ec (0xb02024f3) csrrs   s1, minstret, zero
core   0: 3 0x00000000800060ec (0xb02024f3) x9  0x00000000000011f9
core   0: 0x00000000800060f0 (0x0000a811) c.j     pc + 20
core   0: 3 0x00000000800060f0 (0xa811)
core   0: >>>>  mepc_4
core   0: 0x0000000080006104 (0x00000791) c.addi  a5, 4
core   0: 3 0x0000000080006104 (0x0791) x15 0x0000000080005ee8
core   0: 0x0000000080006106 (0x34179073) csrrw   zero, mepc, a5
core   0: 3 0x0000000080006106 (0x34179073) c833_mepc 0x0000000080005ee8
core   0: 0x000000008000610a (0x30200073) mret
core   0: 3 0x000000008000610a (0x30200073) c768_mstatus 0x8000000a00106080
core   0: 0x0000000080005ee8 (0x1b7f7643) fmadd.d fa2, ft10, fs7, ft3
core   0: 1 0x0000000080005ee8 (0x1b7f7643) f12 0x7ff8000000000000
core   0: 0x0000000080005eec (0x014693b3) sll     t2, a3, s4
core   0: 1 0x0000000080005eec (0x014693b3) x7  0x0000000000000017
core   0: 0x0000000080005ef0 (0x225d9dd3) fsgnjn.d fs11, fs11, ft5
core   0: 1 0x0000000080005ef0 (0x225d9dd3) f27 0xc1efffffffe00000
core   0: 0x0000000080005ef4 (0xc2397ad3) fcvt.lu.d s5, fs2
core   0: 1 0x0000000080005ef4 (0xc2397ad3) c1_fflags 0x000000000000001f x21 0xffffffffffffffff
core   0: 0x0000000080005ef8 (0x0a9379d3) fsub.d  fs3, ft6, fs1
core   0: 1 0x0000000080005ef8 (0x0a9379d3) f19 0x7ff8000000000000
core   0: 0x0000000080005efc (0x00008ddd) c.or    a1, a5
core   0: 1 0x0000000080005efc (0x8ddd) x11 0x00000000b4317efb
core   0: 0x0000000080005efe (0xfff66993) ori     s3, a2, -1
core   0: 1 0x0000000080005efe (0xfff66993) x19 0xffffffffffffffff
core   0: 0x0000000080005f02 (0x024e9913) slli    s2, t4, 36
core   0: 1 0x0000000080005f02 (0x024e9913) x18 0x0000000000000000
core   0: 0x0000000080005f06 (0x0ff0000f) fence   iorw,iorw
core   0: 1 0x0000000080005f06 (0x0ff0000f)
core   0: 0x0000000080005f0a (0xc03579d3) fcvt.lu.s s3, fa0
core   0: 1 0x0000000080005f0a (0xc03579d3) c1_fflags 0x000000000000001f x19 0xffffffffffffffff
core   0: 0x0000000080005f0e (0x22b204d3) fsgnj.d fs1, ft4, fa1
core   0: 1 0x0000000080005f0e (0x22b204d3) f9  0x7ff8000000000000
core   0: 0x0000000080005f12 (0x009115b3) sll     a1, sp, s1
core   0: 1 0x0000000080005f12 (0x009115b3) x11 0x0000000000000000
core   0: 0x0000000080005f16 (0x401e7553) fcvt.s.d fa0, ft8
core   0: 1 0x0000000080005f16 (0x401e7553) f10 0xffffffff7fc00000
core   0: 0x0000000080005f1a (0x0121dd9b) srliw   s11, gp, 18
core   0: 1 0x0000000080005f1a (0x0121dd9b) x27 0x0000000000003fff
core   0: 0x0000000080005f1e (0xd22c7f53) fcvt.d.l ft10, s8
core   0: 1 0x0000000080005f1e (0xd22c7f53) f30 0x41e0000c1a000000
core   0: 0x0000000080005f22 (0x017d1eb3) sll     t4, s10, s7
core   0: 1 0x0000000080005f22 (0x017d1eb3) x29 0x0000000000000000
core   0: 0x0000000080005f26 (0x22b90fd3) fsgnj.d ft11, fs2, fa1
core   0: 1 0x0000000080005f26 (0x22b90fd3) f31 0x7ff8000000000000
core   0: 0x0000000080005f2a (0x82fcccb7) lui     s9, 0x82fcc
core   0: 1 0x0000000080005f2a (0x82fcccb7) x25 0xffffffff82fcc000
core   0: 0x0000000080005f2e (0x00000001) c.nop
core   0: 1 0x0000000080005f2e (0x0001)
core   0: 0x0000000080005f30 (0x0138da33) srl     s4, a7, s3
core   0: 1 0x0000000080005f30 (0x0138da33) x20 0x0000000000000000
core   0: 0x0000000080005f34 (0xa3e006d3) fle.d   a3, ft0, ft10
core   0: 1 0x0000000080005f34 (0xa3e006d3) x13 0x0000000000000001
core   0: 0x0000000080005f38 (0xc22ffad3) fcvt.l.d s5, ft11
core   0: 1 0x0000000080005f38 (0xc22ffad3) c1_fflags 0x000000000000001f x21 0x7fffffffffffffff
core   0: 0x0000000080005f3c (0xc230f253) fcvt.lu.d tp, ft1
core   0: 1 0x0000000080005f3c (0xc230f253) x4  0x0000000000000001
core   0: 0x0000000080005f40 (0xfb4e1a37) lui     s4, 0xfb4e1
core   0: 1 0x0000000080005f40 (0xfb4e1a37) x20 0xfffffffffb4e1000
core   0: 0x0000000080005f44 (0x821a0a1b) addiw   s4, s4, -2015
core   0: 1 0x0000000080005f44 (0x821a0a1b) x20 0xfffffffffb4e0821
core   0: 0x0000000080005f48 (0x00000a32) c.slli  s4, 12
core   0: 1 0x0000000080005f48 (0x0a32) x20 0xffffffb4e0821000
core   0: 0x0000000080005f4a (0xc23a0a13) addi    s4, s4, -989
core   0: 1 0x0000000080005f4a (0xc23a0a13) x20 0xffffffb4e0820c23
core   0: 0x0000000080005f4e (0x01a940b3) xor     ra, s2, s10
core   0: 1 0x0000000080005f4e (0x01a940b3) x1  0xffffffffffffe000
core   0: 0x0000000080005f52 (0xd03bfbd3) fcvt.s.lu fs7, s7
core   0: 1 0x0000000080005f52 (0xd03bfbd3) c1_fflags 0x000000000000001f f23 0xffffffff5e80005f
core   0: 0x0000000080005f56 (0x034509b3) mul     s3, a0, s4
core   0: 1 0x0000000080005f56 (0x034509b3) x19 0x0000000000000000
core   0: 0x0000000080005f5a (0x02f90bb3) mul     s7, s2, a5
core   0: 1 0x0000000080005f5a (0x02f90bb3) x23 0x0000000000000000
core   0: 0x0000000080005f5e (0x2a9a8753) fmin.d  fa4, fs5, fs1
core   0: 1 0x0000000080005f5e (0x2a9a8753) f14 0x7ff8000000000000
core   0: 0x0000000080005f62 (0x83b70617) auipc   a2, 0x83b70
core   0: 1 0x0000000080005f62 (0x83b70617) x12 0x0000000003b75f62
core   0: 0x0000000080005f66 (0xc23773d3) fcvt.lu.d t2, fa4
core   0: 1 0x0000000080005f66 (0xc23773d3) c1_fflags 0x000000000000001f x7  0xffffffffffffffff
core   0: 0x0000000080005f6a (0x4043d69b) sraiw   a3, t2, 4
core   0: 1 0x0000000080005f6a (0x4043d69b) x13 0xffffffffffffffff
core   0: 0x0000000080005f6e (0x2bd00ed3) fmin.d  ft9, ft0, ft9
core   0: 1 0x0000000080005f6e (0x2bd00ed3) f29 0x0000000000000000
core   0: 0x0000000080005f72 (0x22cef1c3) fmadd.d ft3, ft9, fa2, ft4
core   0: 1 0x0000000080005f72 (0x22cef1c3) f3  0x7ff8000000000000
core   0: 0x0000000080005f76 (0x01855d9b) srliw   s11, a0, 24
core   0: 1 0x0000000080005f76 (0x01855d9b) x27 0x0000000000000000
core   0: 0x0000000080005f7a (0x023aa833) mulhsu  a6, s5, gp
core   0: 1 0x0000000080005f7a (0x023aa833) x16 0x7ffffffffffffffe
core   0: 0x0000000080005f7e (0xc845fcb7) lui     s9, 0xc845f
core   0: 1 0x0000000080005f7e (0xc845fcb7) x25 0xffffffffc845f000
core   0: 0x0000000080005f82 (0xc227f853) fcvt.l.d a6, fa5
core   0: 1 0x0000000080005f82 (0xc227f853) x16 0x0000000000000001
core   0: 0x0000000080005f86 (0x0ff0000f) fence   iorw,iorw
core   0: 1 0x0000000080005f86 (0x0ff0000f)
core   0: 0x0000000080005f8a (0xd228fcd3) fcvt.d.l fs9, a7
core   0: 1 0x0000000080005f8a (0xd228fcd3) f25 0x3ff0000000000000
core   0: 0x0000000080005f8e (0x01a106bb) addw    a3, sp, s10
core   0: 1 0x0000000080005f8e (0x01a106bb) x13 0xffffffffffffe000
core   0: 0x0000000080005f92 (0xc2037ad3) fcvt.w.d s5, ft6
core   0: 1 0x0000000080005f92 (0xc2037ad3) c1_fflags 0x000000000000001f x21 0x000000007fffffff
core   0: 0x0000000080005f96 (0x8000809b) addiw   ra, ra, -2048
core   0: 1 0x0000000080005f96 (0x8000809b) x1  0xffffffffffffd800
core   0: 0x0000000080005f9a (0x0170a133) slt     sp, ra, s7
core   0: 1 0x0000000080005f9a (0x0170a133) x2  0x0000000000000001
core   0: 0x0000000080005f9e (0x415d57bb) sraw    a5, s10, s5
core   0: 1 0x0000000080005f9e (0x415d57bb) x15 0xffffffffffffffff
core   0: 0x0000000080005fa2 (0x00129073) csrrw   zero, fflags, t0
core   0: 1 0x0000000080005fa2 (0x00129073) c1_fflags 0x0000000000000000
core   0: 0x0000000080005fa6 (0x001024f3) csrrs   s1, fflags, zero
core   0: 1 0x0000000080005fa6 (0x001024f3) x9  0x0000000000000000
core   0: 0x0000000080005faa (0xd20d01d3) fcvt.d.w ft3, s10
core   0: 1 0x0000000080005faa (0xd20d01d3) f3  0xc0c0000000000000
core   0: 0x0000000080005fae (0x00009e1e) c.add   t3, t2
core   0: 1 0x0000000080005fae (0x9e1e) x28 0xfffffffffffffefe
core   0: 0x0000000080005fb0 (0x5a0cfe53) fsqrt.d ft8, fs9
core   0: 1 0x0000000080005fb0 (0x5a0cfe53) f28 0x3ff0000000000000
core   0: 0x0000000080005fb4 (0x00cc11b3) sll     gp, s8, a2
core   0: 1 0x0000000080005fb4 (0x00cc11b3) x3  0x0001834000000000
core   0: 0x0000000080005fb8 (0xe2010bd3) fmv.x.d s7, ft2
core   0: 1 0x0000000080005fb8 (0xe2010bd3) x23 0xfff8000000000000
core   0: 0x0000000080005fbc (0x00119af3) csrrw   s5, fflags, gp
core   0: 1 0x0000000080005fbc (0x00119af3) x21 0x0000000000000000 c1_fflags 0x0000000000000000
core   0: 0x0000000080005fc0 (0x015a91b3) sll     gp, s5, s5
core   0: 1 0x0000000080005fc0 (0x015a91b3) x3  0x0000000000000000
core   0: 0x0000000080005fc4 (0xc20875d3) fcvt.w.d a1, fa6
core   0: 1 0x0000000080005fc4 (0xc20875d3) c1_fflags 0x0000000000000010 x11 0x000000007fffffff
core   0: 0x0000000080005fc8 (0x00000001) c.nop
core   0: 1 0x0000000080005fc8 (0x0001)
core   0: 0x0000000080005fca (0x02c70bbb) mulw    s7, a4, a2
core   0: 1 0x0000000080005fca (0x02c70bbb) x23 0x00000000076ebec4
core   0: 0x0000000080005fce (0x00e3ea33) or      s4, t2, a4
core   0: 1 0x0000000080005fce (0x00e3ea33) x20 0xffffffffffffffff
core   0: 0x0000000080005fd2 (0x00c4e3b3) or      t2, s1, a2
core   0: 1 0x0000000080005fd2 (0x00c4e3b3) x7  0x0000000003b75f62
core   0: 0x0000000080005fd6 (0x00002401) c.addiw s0, 0
core   0: 1 0x0000000080005fd6 (0x2401) x8  0x0000000000000001
core   0: 0x0000000080005fd8 (0x006427b3) slt     a5, s0, t1
core   0: 1 0x0000000080005fd8 (0x006427b3) x15 0x0000000000000000
core   0: 0x0000000080005fdc (0x02554e3b) divw    t3, a0, t0
core   0: 1 0x0000000080005fdc (0x02554e3b) x28 0x0000000000000000
core   0: 0x0000000080005fe0 (0x1bc8fe53) fdiv.d  ft8, fa7, ft8
core   0: 1 0x0000000080005fe0 (0x1bc8fe53) f28 0x7ff8000000000000
core   0: 0x0000000080005fe4 (0x1b9cf0c3) fmadd.d ft1, fs9, fs9, ft3
core   0: 1 0x0000000080005fe4 (0x1b9cf0c3) f1  0xc0bfff0000000000
core   0: 0x0000000080005fe8 (0x02de8eb3) mul     t4, t4, a3
core   0: 1 0x0000000080005fe8 (0x02de8eb3) x29 0x0000000000000000
core   0: 0x0000000080005fec (0xcb6fa737) lui     a4, 0xcb6fa
core   0: 1 0x0000000080005fec (0xcb6fa737) x14 0xffffffffcb6fa000
core   0: 0x0000000080005ff0 (0x004754bb) srlw    s1, a4, tp
core   0: 1 0x0000000080005ff0 (0x004754bb) x9  0x0000000065b7d000
core   0: 0x0000000080005ff4 (0x030bc8b3) div     a7, s7, a6
core   0: 1 0x0000000080005ff4 (0x030bc8b3) x17 0x00000000076ebec4
core   0: 0x0000000080005ff8 (0x000093a5) c.srli  a5, 41
core   0: 1 0x0000000080005ff8 (0x93a5) x15 0x0000000000000000
core   0: 0x0000000080005ffa (0x0001149b) slliw   s1, sp, 0
core   0: 1 0x0000000080005ffa (0x0001149b) x9  0x0000000000000001
core   0: 0x0000000080005ffe (0x01fbe313) ori     t1, s7, 31
core   0: 1 0x0000000080005ffe (0x01fbe313) x6  0x00000000076ebedf
core   0: 0x0000000080006002 (0xbdba8697) auipc   a3, 0xbdba8
core   0: 1 0x0000000080006002 (0xbdba8697) x13 0x000000003dbae002
core   0: 0x0000000080006006 (0x68a6861b) addiw   a2, a3, 1674
core   0: 1 0x0000000080006006 (0x68a6861b) x12 0x000000003dbae68c
core   0: 0x000000008000600a (0x4083531b) sraiw   t1, t1, 8
core   0: 1 0x000000008000600a (0x4083531b) x6  0x0000000000076ebe
core   0: 0x000000008000600e (0xd0227253) fcvt.s.l ft4, tp
core   0: 1 0x000000008000600e (0xd0227253) f4  0xffffffff3f800000
core   0: 0x0000000080006012 (0x402e05bb) subw    a1, t3, sp
core   0: 1 0x0000000080006012 (0x402e05bb) x11 0xffffffffffffffff
core   0: 0x0000000080006016 (0x23080a53) fsgnj.d fs4, fa6, fa6
core   0: 1 0x0000000080006016 (0x23080a53) f20 0xfff8000000000000
core   0: 0x000000008000601a (0x4011d193) srai    gp, gp, 1
core   0: 1 0x000000008000601a (0x4011d193) x3  0x0000000000000000
core   0: 0x000000008000601e (0x003dddbb) srlw    s11, s11, gp
core   0: 1 0x000000008000601e (0x003dddbb) x27 0x0000000000000000
core   0: 0x0000000080006022 (0xf146a773) csrrs   a4, mhartid, a3
core   0: exception trap_illegal_instruction, epc 0x0000000080006022
core   0:           tval 0x00000000f146a773
core   0: >>>>  $xrv64i2p1_m2p0_a2p1_f2p2_d2p2_zicsr2p0_zifencei2p0_zmmul1p0_zba1p0_zbb1p0_zbc1p0_zbs1p0
core   0: 0x0000000080004000 (0x0080006f) j       pc + 0x8
core   0: 3 0x0000000080004000 (0x0080006f)
core   0: >>>>  mmode_exception_handler
core   0: 0x0000000080004008 (0x00002c17) auipc   s8, 0x2
core   0: 3 0x0000000080004008 (0x00002c17) x24 0x0000000080006008
core   0: 0x000000008000400c (0x0c8c0c13) addi    s8, s8, 200
core   0: 3 0x000000008000400c (0x0c8c0c13) x24 0x00000000800060d0
core   0: 0x0000000080004010 (0x000c00e7) jalr    s8
core   0: 3 0x0000000080004010 (0x000c00e7) x1  0x0000000080004014
core   0: >>>>  any_handler
core   0: 0x00000000800060d0 (0x341027f3) csrrs   a5, mepc, zero
core   0: 3 0x00000000800060d0 (0x341027f3) x15 0x0000000080006022
core   0: 0x00000000800060d4 (0x34202773) csrrs   a4, mcause, zero
core   0: 3 0x00000000800060d4 (0x34202773) x14 0x0000000000000002
core   0: 0x00000000800060d8 (0x142026f3) csrrs   a3, scause, zero
core   0: 3 0x00000000800060d8 (0x142026f3) x13 0x0000000000000017
core   0: 0x00000000800060dc (0x30402673) csrrs   a2, mie, zero
core   0: 3 0x00000000800060dc (0x30402673) x12 0x0000000000000a00
core   0: 0x00000000800060e0 (0x344025f3) csrrs   a1, mip, zero
core   0: 3 0x00000000800060e0 (0x344025f3) x11 0x0000000000000080
core   0: 0x00000000800060e4 (0x343025f3) csrrs   a1, mtval, zero
core   0: 3 0x00000000800060e4 (0x343025f3) x11 0x00000000f146a773
core   0: 0x00000000800060e8 (0x14302573) csrrs   a0, stval, zero
core   0: 3 0x00000000800060e8 (0x14302573) x10 0x0000000000000000
core   0: 0x00000000800060ec (0xb02024f3) csrrs   s1, minstret, zero
core   0: 3 0x00000000800060ec (0xb02024f3) x9  0x000000000000125b
core   0: 0x00000000800060f0 (0x0000a811) c.j     pc + 20
core   0: 3 0x00000000800060f0 (0xa811)
core   0: >>>>  mepc_4
core   0: 0x0000000080006104 (0x00000791) c.addi  a5, 4
core   0: 3 0x0000000080006104 (0x0791) x15 0x0000000080006026
core   0: 0x0000000080006106 (0x34179073) csrrw   zero, mepc, a5
core   0: 3 0x0000000080006106 (0x34179073) c833_mepc 0x0000000080006026
core   0: 0x000000008000610a (0x30200073) mret
core   0: 3 0x000000008000610a (0x30200073) c768_mstatus 0x8000000a00106080
core   0: 0x0000000080006026 (0x0ff0000f) fence   iorw,iorw
core   0: 1 0x0000000080006026 (0x0ff0000f)
core   0: 0x000000008000602a (0xf20689d3) fmv.d.x fs3, a3
core   0: 1 0x000000008000602a (0xf20689d3) f19 0x0000000000000017
core   0: 0x000000008000602e (0x00102873) csrrs   a6, fflags, zero
core   0: 1 0x000000008000602e (0x00102873) x16 0x0000000000000010
core   0: 0x0000000080006032 (0xd2170853) fcvt.d.wu fa6, a4
core   0: 1 0x0000000080006032 (0xd2170853) f16 0x4000000000000000
core   0: 0x0000000080006036 (0x412686bb) subw    a3, a3, s2
core   0: 1 0x0000000080006036 (0x412686bb) x13 0x0000000000000017
core   0: 0x000000008000603a (0x0056d2bb) srlw    t0, a3, t0
core   0: 1 0x000000008000603a (0x0056d2bb) x5  0x0000000000000017
core   0: 0x000000008000603e (0x42098ad3) fcvt.d.s fs5, fs3
core   0: 1 0x000000008000603e (0x42098ad3) f21 0x7ff8000000000000
core   0: 0x0000000080006042 (0xf1105c73) csrrwi  s8, mvendorid, 0
core   0: exception trap_illegal_instruction, epc 0x0000000080006042
core   0:           tval 0x00000000f1105c73
core   0: >>>>  $xrv64i2p1_m2p0_a2p1_f2p2_d2p2_zicsr2p0_zifencei2p0_zmmul1p0_zba1p0_zbb1p0_zbc1p0_zbs1p0
core   0: 0x0000000080004000 (0x0080006f) j       pc + 0x8
core   0: 3 0x0000000080004000 (0x0080006f)
core   0: >>>>  mmode_exception_handler
core   0: 0x0000000080004008 (0x00002c17) auipc   s8, 0x2
core   0: 3 0x0000000080004008 (0x00002c17) x24 0x0000000080006008
core   0: 0x000000008000400c (0x0c8c0c13) addi    s8, s8, 200
core   0: 3 0x000000008000400c (0x0c8c0c13) x24 0x00000000800060d0
core   0: 0x0000000080004010 (0x000c00e7) jalr    s8
core   0: 3 0x0000000080004010 (0x000c00e7) x1  0x0000000080004014
core   0: >>>>  any_handler
core   0: 0x00000000800060d0 (0x341027f3) csrrs   a5, mepc, zero
core   0: 3 0x00000000800060d0 (0x341027f3) x15 0x0000000080006042
core   0: 0x00000000800060d4 (0x34202773) csrrs   a4, mcause, zero
core   0: 3 0x00000000800060d4 (0x34202773) x14 0x0000000000000002
core   0: 0x00000000800060d8 (0x142026f3) csrrs   a3, scause, zero
core   0: 3 0x00000000800060d8 (0x142026f3) x13 0x0000000000000017
core   0: 0x00000000800060dc (0x30402673) csrrs   a2, mie, zero
core   0: 3 0x00000000800060dc (0x30402673) x12 0x0000000000000a00
core   0: 0x00000000800060e0 (0x344025f3) csrrs   a1, mip, zero
core   0: 3 0x00000000800060e0 (0x344025f3) x11 0x0000000000000080
core   0: 0x00000000800060e4 (0x343025f3) csrrs   a1, mtval, zero
core   0: 3 0x00000000800060e4 (0x343025f3) x11 0x00000000f1105c73
core   0: 0x00000000800060e8 (0x14302573) csrrs   a0, stval, zero
core   0: 3 0x00000000800060e8 (0x14302573) x10 0x0000000000000000
core   0: 0x00000000800060ec (0xb02024f3) csrrs   s1, minstret, zero
core   0: 3 0x00000000800060ec (0xb02024f3) x9  0x0000000000001272
core   0: 0x00000000800060f0 (0x0000a811) c.j     pc + 20
core   0: 3 0x00000000800060f0 (0xa811)
core   0: >>>>  mepc_4
core   0: 0x0000000080006104 (0x00000791) c.addi  a5, 4
core   0: 3 0x0000000080006104 (0x0791) x15 0x0000000080006046
core   0: 0x0000000080006106 (0x34179073) csrrw   zero, mepc, a5
core   0: 3 0x0000000080006106 (0x34179073) c833_mepc 0x0000000080006046
core   0: 0x000000008000610a (0x30200073) mret
core   0: 3 0x000000008000610a (0x30200073) c768_mstatus 0x8000000a00106080
core   0: 0x0000000080006046 (0x01829033) sll     zero, t0, s8
core   0: 1 0x0000000080006046 (0x01829033)
core   0: 0x000000008000604a (0x800c021b) addiw   tp, s8, -2048
core   0: 1 0x000000008000604a (0x800c021b) x4  0xffffffff800058d0
core   0: 0x000000008000604e (0x0ff0000f) fence   iorw,iorw
core   0: 1 0x000000008000604e (0x0ff0000f)
core   0: 0x0000000080006052 (0xd2307bd3) fcvt.d.lu fs7, zero
core   0: 1 0x0000000080006052 (0xd2307bd3) f23 0x0000000000000000
core   0: 0x0000000080006056 (0x5a0cf953) fsqrt.d fs2, fs9
core   0: 1 0x0000000080006056 (0x5a0cf953) f18 0x3ff0000000000000
core   0: 0x000000008000605a (0x03826c3b) remw    s8, tp, s8
core   0: 1 0x000000008000605a (0x03826c3b) x24 0xfffffffffffff800
core   0: 0x000000008000605e (0x00aa7433) and     s0, s4, a0
core   0: 1 0x000000008000605e (0x00aa7433) x8  0x0000000000000000
core   0: 0x0000000080006062 (0x2b308f53) fmin.d  ft10, ft1, fs3
core   0: 1 0x0000000080006062 (0x2b308f53) f30 0xc0bfff0000000000
core   0: 0x0000000080006066 (0xd229f353) fcvt.d.l ft6, s3
core   0: 1 0x0000000080006066 (0xd229f353) f6  0x0000000000000000
core   0: 0x000000008000606a (0x40045c13) srai    s8, s0, 0
core   0: 1 0x000000008000606a (0x40045c13) x24 0x0000000000000000
core   0: 0x000000008000606e (0x014c949b) slliw   s1, s9, 20
core   0: 1 0x000000008000606e (0x014c949b) x9  0x0000000000000000
core   0: 0x0000000080006072 (0x010c11bb) sllw    gp, s8, a6
core   0: 1 0x0000000080006072 (0x010c11bb) x3  0x0000000000000000
core   0: 0x0000000080006076 (0x03761933) mulh    s2, a2, s7
core   0: 1 0x0000000080006076 (0x03761933) x18 0x0000000000000000
core   0: 0x000000008000607a (0x0123f3b3) and     t2, t2, s2
core   0: 1 0x000000008000607a (0x0123f3b3) x7  0x0000000000000000
core   0: 0x000000008000607e (0xa26906d3) fle.d   a3, fs2, ft6
core   0: 1 0x000000008000607e (0xa26906d3) x13 0x0000000000000000
core   0: 0x0000000080006082 (0x1b9ef1cf) fnmadd.d ft3, ft9, fs9, ft3
core   0: 1 0x0000000080006082 (0x1b9ef1cf) f3  0x40c0000000000000
core   0: 0x0000000080006086 (0x000087ae) c.mv    a5, a1
core   0: 1 0x0000000080006086 (0x87ae) x15 0x00000000f1105c73
core   0: 0x0000000080006088 (0x406258b3) sra     a7, tp, t1
core   0: 1 0x0000000080006088 (0x406258b3) x17 0xffffffffffffffff
core   0: 0x000000008000608c (0x0018de13) srli    t3, a7, 1
core   0: 1 0x000000008000608c (0x0018de13) x28 0x7fffffffffffffff
core   0: 0x0000000080006090 (0x00008ee2) c.mv    t4, s8
core   0: 1 0x0000000080006090 (0x8ee2) x29 0x0000000000000000
core   0: 0x0000000080006092 (0x001396f3) csrrw   a3, fflags, t2
core   0: 1 0x0000000080006092 (0x001396f3) x13 0x0000000000000010 c1_fflags 0x0000000000000000
core   0: 0x0000000080006096 (0xf2038cd3) fmv.d.x fs9, t2
core   0: 1 0x0000000080006096 (0xf2038cd3) f25 0x0000000000000000
core   0: 0x000000008000609a (0x001028f3) csrrs   a7, fflags, zero
core   0: 1 0x000000008000609a (0x001028f3) x17 0x0000000000000000
core   0: 0x000000008000609e (0x001c9d73) csrrw   s10, fflags, s9
core   0: 1 0x000000008000609e (0x001c9d73) x26 0x0000000000000000 c1_fflags 0x0000000000000000
core   0: 0x00000000800060a2 (0x4b5f7acf) fnmadd.d fs5, ft10, fs5, fs1
core   0: 1 0x00000000800060a2 (0x4b5f7acf) f21 0x7ff8000000000000
core   0: 0x00000000800060a6 (0x800d6e93) ori     t4, s10, -2048
core   0: 1 0x00000000800060a6 (0x800d6e93) x29 0xfffffffffffff800
core   0: 0x00000000800060aa (0x0227e133) rem     sp, a5, sp
core   0: 1 0x00000000800060aa (0x0227e133) x2  0x0000000000000000
core   0: 0x00000000800060ae (0x00000001) c.nop
core   0: 1 0x00000000800060ae (0x0001)
core   0: 0x00000000800060b0 (0x000a101b) slliw   zero, s4, 0
core   0: 1 0x00000000800060b0 (0x000a101b)
core   0: 0x00000000800060b4 (0x00000001) c.nop
core   0: 1 0x00000000800060b4 (0x0001)
core   0: 0x00000000800060b6 (0x0354f453) fadd.d  fs0, fs1, fs5
core   0: 1 0x00000000800060b6 (0x0354f453) f8  0x7ff8000000000000
core   0: 0x00000000800060ba (0x401a7753) fcvt.s.d fa4, fs4
core   0: 1 0x00000000800060ba (0x401a7753) f14 0xffffffff7fc00000
core   0: 0x00000000800060be (0xe20e8553) fmv.x.d a0, ft9
core   0: 1 0x00000000800060be (0xe20e8553) x10 0x0000000000000000
core   0: 0x00000000800060c2 (0x000c9c9b) slliw   s9, s9, 0
core   0: 1 0x00000000800060c2 (0x000c9c9b) x25 0xffffffffc845f000
core   0: 0x00000000800060c6 (0x0ff0000f) fence   iorw,iorw
core   0: 1 0x00000000800060c6 (0x0ff0000f)
core   0: >>>>  write_tohost
core   0: 0x00000000800060ca (0x91afa0ef) jal     pc - 0x5ee6
core   0: 1 0x00000000800060ca (0x91afa0ef) x1  0x00000000800060ce
core   0: >>>>  _exit
core   0: 0x00000000800001e4 (0x00004505) c.li    a0, 1
core   0: 1 0x00000000800001e4 (0x4505) x10 0x0000000000000001
core   0: 0x00000000800001e6 (0x00001f17) auipc   t5, 0x1
core   0: 1 0x00000000800001e6 (0x00001f17) x30 0x00000000800011e6
core   0: 0x00000000800001ea (0xe0af2d23) sw      a0, -486(t5)
core   0: 1 0x00000000800001ea (0xe0af2d23) mem 0x0000000080001000 0x00000001
cp /home/server/RISCV/cva6/verif/sim/out/seed_1667/spike_sim/new_seeds_1667_.cv64a6_imafdc_sv39.log.iss /home/server/RISCV/cva6/verif/sim/out/seed_1667/spike_sim/new_seeds_1667_.cv64a6_imafdc_sv39.log
