Makefile:14: must set CVA6_REPO_DIR to point at the root of CVA6 sources and CVA6_TB_DIR to point here -- doing it for you...
LD_LIBRARY_PATH="$(realpath ../../tools/spike/lib):$LD_LIBRARY_PATH" \
	/home/server/RISCV/cva6/tools/spike/bin/spike --steps=2000000  --log-commits --isa=rv64gc_zba_zbb_zbs_zbc_zicsr_zifencei --priv=msu -l /home/server/RISCV/cva6/verif/sim/out/seed_1198/directed_asm_tests/new_seeds_1198_.o
[SPIKE] Max simulation steps: 2000000
[SPIKE] Proc 0 | ISA: rv64gc_zba_zbb_zbs_zbc_zicsr_zifencei PRIV: msu
[SPIKE] Initializing memories...
core   0: 0x0000000000010000 (0x00100413) li      s0, 1
core   0: 3 0x0000000000010000 (0x00100413) x8  0x0000000000000001
core   0: 0x0000000000010004 (0x01f41413) slli    s0, s0, 31
core   0: 3 0x0000000000010004 (0x01f41413) x8  0x0000000080000000
core   0: 0x0000000000010008 (0xf1402573) csrrs   a0, mhartid, zero
core   0: 3 0x0000000000010008 (0xf1402573) x10 0x0000000000000000
core   0: 0x000000000001000c (0x00000597) auipc   a1, 0x0
core   0: 3 0x000000000001000c (0x00000597) x11 0x000000000001000c
core   0: 0x0000000000010010 (0x07458593) addi    a1, a1, 116
core   0: 3 0x0000000000010010 (0x07458593) x11 0x0000000000010080
core   0: 0x0000000000010014 (0x00040067) jr      s0
core   0: 3 0x0000000000010014 (0x00040067)
core   0: >>>>  _start
core   0: 0x0000000080000000 (0x00004081) c.li    ra, 0
core   0: 3 0x0000000080000000 (0x4081) x1  0x0000000000000000
core   0: 0x0000000080000002 (0x00004101) c.li    sp, 0
core   0: 3 0x0000000080000002 (0x4101) x2  0x0000000000000000
core   0: 0x0000000080000004 (0x00004181) c.li    gp, 0
core   0: 3 0x0000000080000004 (0x4181) x3  0x0000000000000000
core   0: 0x0000000080000006 (0x00004201) c.li    tp, 0
core   0: 3 0x0000000080000006 (0x4201) x4  0x0000000000000000
core   0: 0x0000000080000008 (0x00004281) c.li    t0, 0
core   0: 3 0x0000000080000008 (0x4281) x5  0x0000000000000000
core   0: 0x000000008000000a (0x00004301) c.li    t1, 0
core   0: 3 0x000000008000000a (0x4301) x6  0x0000000000000000
core   0: 0x000000008000000c (0x00004381) c.li    t2, 0
core   0: 3 0x000000008000000c (0x4381) x7  0x0000000000000000
core   0: 0x000000008000000e (0x00004401) c.li    s0, 0
core   0: 3 0x000000008000000e (0x4401) x8  0x0000000000000000
core   0: 0x0000000080000010 (0x00004481) c.li    s1, 0
core   0: 3 0x0000000080000010 (0x4481) x9  0x0000000000000000
core   0: 0x0000000080000012 (0x00004501) c.li    a0, 0
core   0: 3 0x0000000080000012 (0x4501) x10 0x0000000000000000
core   0: 0x0000000080000014 (0x00004581) c.li    a1, 0
core   0: 3 0x0000000080000014 (0x4581) x11 0x0000000000000000
core   0: 0x0000000080000016 (0x00004601) c.li    a2, 0
core   0: 3 0x0000000080000016 (0x4601) x12 0x0000000000000000
core   0: 0x0000000080000018 (0x00004681) c.li    a3, 0
core   0: 3 0x0000000080000018 (0x4681) x13 0x0000000000000000
core   0: 0x000000008000001a (0x00004701) c.li    a4, 0
core   0: 3 0x000000008000001a (0x4701) x14 0x0000000000000000
core   0: 0x000000008000001c (0x00004781) c.li    a5, 0
core   0: 3 0x000000008000001c (0x4781) x15 0x0000000000000000
core   0: 0x000000008000001e (0x00004801) c.li    a6, 0
core   0: 3 0x000000008000001e (0x4801) x16 0x0000000000000000
core   0: 0x0000000080000020 (0x00004881) c.li    a7, 0
core   0: 3 0x0000000080000020 (0x4881) x17 0x0000000000000000
core   0: 0x0000000080000022 (0x00004901) c.li    s2, 0
core   0: 3 0x0000000080000022 (0x4901) x18 0x0000000000000000
core   0: 0x0000000080000024 (0x00004981) c.li    s3, 0
core   0: 3 0x0000000080000024 (0x4981) x19 0x0000000000000000
core   0: 0x0000000080000026 (0x00004a01) c.li    s4, 0
core   0: 3 0x0000000080000026 (0x4a01) x20 0x0000000000000000
core   0: 0x0000000080000028 (0x00004a81) c.li    s5, 0
core   0: 3 0x0000000080000028 (0x4a81) x21 0x0000000000000000
core   0: 0x000000008000002a (0x00004b01) c.li    s6, 0
core   0: 3 0x000000008000002a (0x4b01) x22 0x0000000000000000
core   0: 0x000000008000002c (0x00004b81) c.li    s7, 0
core   0: 3 0x000000008000002c (0x4b81) x23 0x0000000000000000
core   0: 0x000000008000002e (0x00004c01) c.li    s8, 0
core   0: 3 0x000000008000002e (0x4c01) x24 0x0000000000000000
core   0: 0x0000000080000030 (0x00004c81) c.li    s9, 0
core   0: 3 0x0000000080000030 (0x4c81) x25 0x0000000000000000
core   0: 0x0000000080000032 (0x00004d01) c.li    s10, 0
core   0: 3 0x0000000080000032 (0x4d01) x26 0x0000000000000000
core   0: 0x0000000080000034 (0x00004d81) c.li    s11, 0
core   0: 3 0x0000000080000034 (0x4d81) x27 0x0000000000000000
core   0: 0x0000000080000036 (0x00004e01) c.li    t3, 0
core   0: 3 0x0000000080000036 (0x4e01) x28 0x0000000000000000
core   0: 0x0000000080000038 (0x00004e81) c.li    t4, 0
core   0: 3 0x0000000080000038 (0x4e81) x29 0x0000000000000000
core   0: 0x000000008000003a (0x00004f01) c.li    t5, 0
core   0: 3 0x000000008000003a (0x4f01) x30 0x0000000000000000
core   0: 0x000000008000003c (0x00004f81) c.li    t6, 0
core   0: 3 0x000000008000003c (0x4f81) x31 0x0000000000000000
core   0: 0x000000008000003e (0x000062f9) c.lui   t0, 0x1e
core   0: 3 0x000000008000003e (0x62f9) x5  0x000000000001e000
core   0: 0x0000000080000040 (0x3002a073) csrrs   zero, mstatus, t0
core   0: 3 0x0000000080000040 (0x3002a073) c768_mstatus 0x8000000a00006000
core   0: 0x0000000080000044 (0x00004285) c.li    t0, 1
core   0: 3 0x0000000080000044 (0x4285) x5  0x0000000000000001
core   0: 0x0000000080000046 (0x000002fe) c.slli  t0, 31
core   0: 3 0x0000000080000046 (0x02fe) x5  0x0000000080000000
core   0: 0x0000000080000048 (0x0002d863) bge     t0, zero, pc + 16
core   0: 3 0x0000000080000048 (0x0002d863)
core   0: 0x0000000080000058 (0x00000297) auipc   t0, 0x0
core   0: 3 0x0000000080000058 (0x00000297) x5  0x0000000080000058
core   0: 0x000000008000005c (0x09028293) addi    t0, t0, 144
core   0: 3 0x000000008000005c (0x09028293) x5  0x00000000800000e8
core   0: 0x0000000080000060 (0x30529073) csrrw   zero, mtvec, t0
core   0: 3 0x0000000080000060 (0x30529073) c773_mtvec 0x00000000800000e8
core   0: 0x0000000080000064 (0x00301073) csrrw   zero, fcsr, zero
core   0: 3 0x0000000080000064 (0x00301073) c1_fflags 0x0000000000000000 c2_frm 0x0000000000000000
core   0: 0x0000000080000068 (0xf0000053) fmv.w.x ft0, zero
core   0: 3 0x0000000080000068 (0xf0000053) f0  0xffffffff00000000
core   0: 0x000000008000006c (0xf00000d3) fmv.w.x ft1, zero
core   0: 3 0x000000008000006c (0xf00000d3) f1  0xffffffff00000000
core   0: 0x0000000080000070 (0xf0000153) fmv.w.x ft2, zero
core   0: 3 0x0000000080000070 (0xf0000153) f2  0xffffffff00000000
core   0: 0x0000000080000074 (0xf00001d3) fmv.w.x ft3, zero
core   0: 3 0x0000000080000074 (0xf00001d3) f3  0xffffffff00000000
core   0: 0x0000000080000078 (0xf0000253) fmv.w.x ft4, zero
core   0: 3 0x0000000080000078 (0xf0000253) f4  0xffffffff00000000
core   0: 0x000000008000007c (0xf00002d3) fmv.w.x ft5, zero
core   0: 3 0x000000008000007c (0xf00002d3) f5  0xffffffff00000000
core   0: 0x0000000080000080 (0xf0000353) fmv.w.x ft6, zero
core   0: 3 0x0000000080000080 (0xf0000353) f6  0xffffffff00000000
core   0: 0x0000000080000084 (0xf00003d3) fmv.w.x ft7, zero
core   0: 3 0x0000000080000084 (0xf00003d3) f7  0xffffffff00000000
core   0: 0x0000000080000088 (0xf0000453) fmv.w.x fs0, zero
core   0: 3 0x0000000080000088 (0xf0000453) f8  0xffffffff00000000
core   0: 0x000000008000008c (0xf00004d3) fmv.w.x fs1, zero
core   0: 3 0x000000008000008c (0xf00004d3) f9  0xffffffff00000000
core   0: 0x0000000080000090 (0xf0000553) fmv.w.x fa0, zero
core   0: 3 0x0000000080000090 (0xf0000553) f10 0xffffffff00000000
core   0: 0x0000000080000094 (0xf00005d3) fmv.w.x fa1, zero
core   0: 3 0x0000000080000094 (0xf00005d3) f11 0xffffffff00000000
core   0: 0x0000000080000098 (0xf0000653) fmv.w.x fa2, zero
core   0: 3 0x0000000080000098 (0xf0000653) f12 0xffffffff00000000
core   0: 0x000000008000009c (0xf00006d3) fmv.w.x fa3, zero
core   0: 3 0x000000008000009c (0xf00006d3) f13 0xffffffff00000000
core   0: 0x00000000800000a0 (0xf0000753) fmv.w.x fa4, zero
core   0: 3 0x00000000800000a0 (0xf0000753) f14 0xffffffff00000000
core   0: 0x00000000800000a4 (0xf00007d3) fmv.w.x fa5, zero
core   0: 3 0x00000000800000a4 (0xf00007d3) f15 0xffffffff00000000
core   0: 0x00000000800000a8 (0xf0000853) fmv.w.x fa6, zero
core   0: 3 0x00000000800000a8 (0xf0000853) f16 0xffffffff00000000
core   0: 0x00000000800000ac (0xf00008d3) fmv.w.x fa7, zero
core   0: 3 0x00000000800000ac (0xf00008d3) f17 0xffffffff00000000
core   0: 0x00000000800000b0 (0xf0000953) fmv.w.x fs2, zero
core   0: 3 0x00000000800000b0 (0xf0000953) f18 0xffffffff00000000
core   0: 0x00000000800000b4 (0xf00009d3) fmv.w.x fs3, zero
core   0: 3 0x00000000800000b4 (0xf00009d3) f19 0xffffffff00000000
core   0: 0x00000000800000b8 (0xf0000a53) fmv.w.x fs4, zero
core   0: 3 0x00000000800000b8 (0xf0000a53) f20 0xffffffff00000000
core   0: 0x00000000800000bc (0xf0000ad3) fmv.w.x fs5, zero
core   0: 3 0x00000000800000bc (0xf0000ad3) f21 0xffffffff00000000
core   0: 0x00000000800000c0 (0xf0000b53) fmv.w.x fs6, zero
core   0: 3 0x00000000800000c0 (0xf0000b53) f22 0xffffffff00000000
core   0: 0x00000000800000c4 (0xf0000bd3) fmv.w.x fs7, zero
core   0: 3 0x00000000800000c4 (0xf0000bd3) f23 0xffffffff00000000
core   0: 0x00000000800000c8 (0xf0000c53) fmv.w.x fs8, zero
core   0: 3 0x00000000800000c8 (0xf0000c53) f24 0xffffffff00000000
core   0: 0x00000000800000cc (0xf0000cd3) fmv.w.x fs9, zero
core   0: 3 0x00000000800000cc (0xf0000cd3) f25 0xffffffff00000000
core   0: 0x00000000800000d0 (0xf0000d53) fmv.w.x fs10, zero
core   0: 3 0x00000000800000d0 (0xf0000d53) f26 0xffffffff00000000
core   0: 0x00000000800000d4 (0xf0000dd3) fmv.w.x fs11, zero
core   0: 3 0x00000000800000d4 (0xf0000dd3) f27 0xffffffff00000000
core   0: 0x00000000800000d8 (0xf0000e53) fmv.w.x ft8, zero
core   0: 3 0x00000000800000d8 (0xf0000e53) f28 0xffffffff00000000
core   0: 0x00000000800000dc (0xf0000ed3) fmv.w.x ft9, zero
core   0: 3 0x00000000800000dc (0xf0000ed3) f29 0xffffffff00000000
core   0: 0x00000000800000e0 (0xf0000f53) fmv.w.x ft10, zero
core   0: 3 0x00000000800000e0 (0xf0000f53) f30 0xffffffff00000000
core   0: 0x00000000800000e4 (0xf0000fd3) fmv.w.x ft11, zero
core   0: 3 0x00000000800000e4 (0xf0000fd3) f31 0xffffffff00000000
core   0: 0x00000000800000e8 (0x00000297) auipc   t0, 0x0
core   0: 3 0x00000000800000e8 (0x00000297) x5  0x00000000800000e8
core   0: 0x00000000800000ec (0x03c28293) addi    t0, t0, 60
core   0: 3 0x00000000800000ec (0x03c28293) x5  0x0000000080000124
core   0: 0x00000000800000f0 (0x30529073) csrrw   zero, mtvec, t0
core   0: 3 0x00000000800000f0 (0x30529073) c773_mtvec 0x0000000080000124
core   0: 0x00000000800000f4 (0x00012197) auipc   gp, 0x12
core   0: 3 0x00000000800000f4 (0x00012197) x3  0x00000000800120f4
core   0: 0x00000000800000f8 (0x73418193) addi    gp, gp, 1844
core   0: 3 0x00000000800000f8 (0x73418193) x3  0x0000000080012828
core   0: 0x00000000800000fc (0x00012217) auipc   tp, 0x12
core   0: 3 0x00000000800000fc (0x00012217) x4  0x00000000800120fc
core   0: 0x0000000080000100 (0xf8320213) addi    tp, tp, -125
core   0: 3 0x0000000080000100 (0xf8320213) x4  0x000000008001207f
core   0: 0x0000000080000104 (0xfc027213) andi    tp, tp, -64
core   0: 3 0x0000000080000104 (0xfc027213) x4  0x0000000080012040
core   0: 0x0000000080000108 (0xf1402573) csrrs   a0, mhartid, zero
core   0: 3 0x0000000080000108 (0xf1402573) x10 0x0000000000000000
core   0: 0x000000008000010c (0x00004585) c.li    a1, 1
core   0: 3 0x000000008000010c (0x4585) x11 0x0000000000000001
core   0: 0x000000008000010e (0x00b57063) bgeu    a0, a1, pc + 0
core   0: 3 0x000000008000010e (0x00b57063)
core   0: 0x0000000080000112 (0x00150113) addi    sp, a0, 1
core   0: 3 0x0000000080000112 (0x00150113) x2  0x0000000000000001
core   0: 0x0000000080000116 (0x00000146) c.slli  sp, 17
core   0: 3 0x0000000080000116 (0x0146) x2  0x0000000000020000
core   0: 0x0000000080000118 (0x00009112) c.add   sp, tp
core   0: 3 0x0000000080000118 (0x9112) x2  0x0000000080032040
core   0: 0x000000008000011a (0x01151613) slli    a2, a0, 17
core   0: 3 0x000000008000011a (0x01151613) x12 0x0000000000000000
core   0: 0x000000008000011e (0x00009232) c.add   tp, a2
core   0: 3 0x000000008000011e (0x9232) x4  0x0000000080012040
core   0: 0x0000000080000120 (0x34e0f06f) j       pc + 0xf34e
core   0: 3 0x0000000080000120 (0x34e0f06f)
core   0: >>>>  _init
core   0: 0x000000008000f46e (0x00007171) c.addi16sp sp, -176
core   0: 3 0x000000008000f46e (0x7171) x2  0x0000000080031f90
core   0: 0x000000008000f470 (0x0000f506) c.sdsp  ra, 168(sp)
core   0: 3 0x000000008000f470 (0xf506) mem 0x0000000080032038 0x0000000000000000
core   0: 0x000000008000f472 (0x0000f122) c.sdsp  s0, 160(sp)
core   0: 3 0x000000008000f472 (0xf122) mem 0x0000000080032030 0x0000000000000000
core   0: 0x000000008000f474 (0x0000ed26) c.sdsp  s1, 152(sp)
core   0: 3 0x000000008000f474 (0xed26) mem 0x0000000080032028 0x0000000000000000
core   0: 0x000000008000f476 (0x00001900) c.addi4spn s0, sp, 176
core   0: 3 0x000000008000f476 (0x1900) x8  0x0000000080032040
core   0: 0x000000008000f478 (0x000087aa) c.mv    a5, a0
core   0: 3 0x000000008000f478 (0x87aa) x15 0x0000000000000000
core   0: 0x000000008000f47a (0x0000872e) c.mv    a4, a1
core   0: 3 0x000000008000f47a (0x872e) x14 0x0000000000000001
core   0: 0x000000008000f47c (0xf4f42e23) sw      a5, -164(s0)
core   0: 3 0x000000008000f47c (0xf4f42e23) mem 0x0000000080031f9c 0x00000000
core   0: 0x000000008000f480 (0x000087ba) c.mv    a5, a4
core   0: 3 0x000000008000f480 (0x87ba) x15 0x0000000000000001
core   0: 0x000000008000f482 (0xf4f42c23) sw      a5, -168(s0)
core   0: 3 0x000000008000f482 (0xf4f42c23) mem 0x0000000080031f98 0x00000001
core   0: 0x000000008000f486 (0xfe040793) addi    a5, s0, -32
core   0: 3 0x000000008000f486 (0xfe040793) x15 0x0000000080032020
core   0: 0x000000008000f48a (0xf4f43823) sd      a5, -176(s0)
core   0: 3 0x000000008000f48a (0xf4f43823) mem 0x0000000080031f90 0x0000000080032020
core   0: 0x000000008000f48e (0xf5043783) ld      a5, -176(s0)
core   0: 3 0x000000008000f48e (0xf5043783) x15 0x0000000080032020 mem 0x0000000080031f90
core   0: 0x000000008000f492 (0xf8078793) addi    a5, a5, -128
core   0: 3 0x000000008000f492 (0xf8078793) x15 0x0000000080031fa0
core   0: 0x000000008000f496 (0x03f78793) addi    a5, a5, 63
core   0: 3 0x000000008000f496 (0x03f78793) x15 0x0000000080031fdf
core   0: 0x000000008000f49a (0x00008399) c.srli  a5, 6
core   0: 3 0x000000008000f49a (0x8399) x15 0x0000000002000c7f
core   0: 0x000000008000f49c (0x00679493) slli    s1, a5, 6
core   0: 3 0x000000008000f49c (0x00679493) x9  0x0000000080031fc0
core   0: 0x000000008000f4a0 (0xf65ff0ef) jal     pc - 0x9c
core   0: 3 0x000000008000f4a0 (0xf65ff0ef) x1  0x000000008000f4a4
core   0: >>>>  init_tls
core   0: 0x000000008000f404 (0x00001101) c.addi  sp, -32
core   0: 3 0x000000008000f404 (0x1101) x2  0x0000000080031f70
core   0: 0x000000008000f406 (0x0000ec06) c.sdsp  ra, 24(sp)
core   0: 3 0x000000008000f406 (0xec06) mem 0x0000000080031f88 0x000000008000f4a4
core   0: 0x000000008000f408 (0x0000e822) c.sdsp  s0, 16(sp)
core   0: 3 0x000000008000f408 (0xe822) mem 0x0000000080031f80 0x0000000080032040
core   0: 0x000000008000f40a (0x00001000) c.addi4spn s0, sp, 32
core   0: 3 0x000000008000f40a (0x1000) x8  0x0000000080031f90
core   0: 0x000000008000f40c (0x00003717) auipc   a4, 0x3
core   0: 3 0x000000008000f40c (0x00003717) x14 0x000000008001240c
core   0: 0x000000008000f410 (0xc1c70713) addi    a4, a4, -996
core   0: 3 0x000000008000f410 (0xc1c70713) x14 0x0000000080012028
core   0: 0x000000008000f414 (0x00003797) auipc   a5, 0x3
core   0: 3 0x000000008000f414 (0x00003797) x15 0x0000000080012414
core   0: 0x000000008000f418 (0xc1478793) addi    a5, a5, -1004
core   0: 3 0x000000008000f418 (0xc1478793) x15 0x0000000080012028
core   0: 0x000000008000f41c (0x40f707b3) sub     a5, a4, a5
core   0: 3 0x000000008000f41c (0x40f707b3) x15 0x0000000000000000
core   0: 0x000000008000f420 (0xfef43423) sd      a5, -24(s0)
core   0: 3 0x000000008000f420 (0xfef43423) mem 0x0000000080031f78 0x0000000000000000
core   0: 0x000000008000f424 (0x00008792) c.mv    a5, tp
core   0: 3 0x000000008000f424 (0x8792) x15 0x0000000080012040
core   0: 0x000000008000f426 (0xfe843603) ld      a2, -24(s0)
core   0: 3 0x000000008000f426 (0xfe843603) x12 0x0000000000000000 mem 0x0000000080031f78
core   0: 0x000000008000f42a (0x00003597) auipc   a1, 0x3
core   0: 3 0x000000008000f42a (0x00003597) x11 0x000000008001242a
core   0: 0x000000008000f42e (0xbfe58593) addi    a1, a1, -1026
core   0: 3 0x000000008000f42e (0xbfe58593) x11 0x0000000080012028
core   0: 0x000000008000f432 (0x0000853e) c.mv    a0, a5
core   0: 3 0x000000008000f432 (0x853e) x10 0x0000000080012040
core   0: 0x000000008000f434 (0x0f9000ef) jal     pc + 0x8f8
core   0: 3 0x000000008000f434 (0x0f9000ef) x1  0x000000008000f438
core   0: >>>>  memcpy
core   0: 0x000000008000fd2c (0x0000715d) c.addi16sp sp, -80
core   0: 3 0x000000008000fd2c (0x715d) x2  0x0000000080031f20
core   0: 0x000000008000fd2e (0x0000e4a2) c.sdsp  s0, 72(sp)
core   0: 3 0x000000008000fd2e (0xe4a2) mem 0x0000000080031f68 0x0000000080031f90
core   0: 0x000000008000fd30 (0x00000880) c.addi4spn s0, sp, 80
core   0: 3 0x000000008000fd30 (0x0880) x8  0x0000000080031f70
core   0: 0x000000008000fd32 (0xfca43423) sd      a0, -56(s0)
core   0: 3 0x000000008000fd32 (0xfca43423) mem 0x0000000080031f38 0x0000000080012040
core   0: 0x000000008000fd36 (0xfcb43023) sd      a1, -64(s0)
core   0: 3 0x000000008000fd36 (0xfcb43023) mem 0x0000000080031f30 0x0000000080012028
core   0: 0x000000008000fd3a (0xfac43c23) sd      a2, -72(s0)
core   0: 3 0x000000008000fd3a (0xfac43c23) mem 0x0000000080031f28 0x0000000000000000
core   0: 0x000000008000fd3e (0xfc843703) ld      a4, -56(s0)
core   0: 3 0x000000008000fd3e (0xfc843703) x14 0x0000000080012040 mem 0x0000000080031f38
core   0: 0x000000008000fd42 (0xfc043783) ld      a5, -64(s0)
core   0: 3 0x000000008000fd42 (0xfc043783) x15 0x0000000080012028 mem 0x0000000080031f30
core   0: 0x000000008000fd46 (0x00008f5d) c.or    a4, a5
core   0: 3 0x000000008000fd46 (0x8f5d) x14 0x0000000080012068
core   0: 0x000000008000fd48 (0xfb843783) ld      a5, -72(s0)
core   0: 3 0x000000008000fd48 (0xfb843783) x15 0x0000000000000000 mem 0x0000000080031f28
core   0: 0x000000008000fd4c (0x00008fd9) c.or    a5, a4
core   0: 3 0x000000008000fd4c (0x8fd9) x15 0x0000000080012068
core   0: 0x000000008000fd4e (0x00008b9d) c.andi  a5, 7
core   0: 3 0x000000008000fd4e (0x8b9d) x15 0x0000000000000000
core   0: 0x000000008000fd50 (0x0000e3b1) c.bnez  a5, pc + 68
core   0: 3 0x000000008000fd50 (0xe3b1)
core   0: 0x000000008000fd52 (0xfc043783) ld      a5, -64(s0)
core   0: 3 0x000000008000fd52 (0xfc043783) x15 0x0000000080012028 mem 0x0000000080031f30
core   0: 0x000000008000fd56 (0xfef43423) sd      a5, -24(s0)
core   0: 3 0x000000008000fd56 (0xfef43423) mem 0x0000000080031f58 0x0000000080012028
core   0: 0x000000008000fd5a (0xfc843783) ld      a5, -56(s0)
core   0: 3 0x000000008000fd5a (0xfc843783) x15 0x0000000080012040 mem 0x0000000080031f38
core   0: 0x000000008000fd5e (0xfef43023) sd      a5, -32(s0)
core   0: 3 0x000000008000fd5e (0xfef43023) mem 0x0000000080031f50 0x0000000080012040
core   0: 0x000000008000fd62 (0x0000a839) c.j     pc + 30
core   0: 3 0x000000008000fd62 (0xa839)
core   0: 0x000000008000fd80 (0xfc843703) ld      a4, -56(s0)
core   0: 3 0x000000008000fd80 (0xfc843703) x14 0x0000000080012040 mem 0x0000000080031f38
core   0: 0x000000008000fd84 (0xfb843783) ld      a5, -72(s0)
core   0: 3 0x000000008000fd84 (0xfb843783) x15 0x0000000000000000 mem 0x0000000080031f28
core   0: 0x000000008000fd88 (0x000097ba) c.add   a5, a4
core   0: 3 0x000000008000fd88 (0x97ba) x15 0x0000000080012040
core   0: 0x000000008000fd8a (0xfe043703) ld      a4, -32(s0)
core   0: 3 0x000000008000fd8a (0xfe043703) x14 0x0000000080012040 mem 0x0000000080031f50
core   0: 0x000000008000fd8e (0xfcf76be3) bltu    a4, a5, pc - 42
core   0: 3 0x000000008000fd8e (0xfcf76be3)
core   0: 0x000000008000fd92 (0x0000a099) c.j     pc + 70
core   0: 3 0x000000008000fd92 (0xa099)
core   0: 0x000000008000fdd8 (0xfc843783) ld      a5, -56(s0)
core   0: 3 0x000000008000fdd8 (0xfc843783) x15 0x0000000080012040 mem 0x0000000080031f38
core   0: 0x000000008000fddc (0x0000853e) c.mv    a0, a5
core   0: 3 0x000000008000fddc (0x853e) x10 0x0000000080012040
core   0: 0x000000008000fdde (0x00006426) c.ldsp  s0, 72(sp)
core   0: 3 0x000000008000fdde (0x6426) x8  0x0000000080031f90 mem 0x0000000080031f68
core   0: 0x000000008000fde0 (0x00006161) c.addi16sp sp, 80
core   0: 3 0x000000008000fde0 (0x6161) x2  0x0000000080031f70
core   0: 0x000000008000fde2 (0x00008082) ret
core   0: 3 0x000000008000fde2 (0x8082)
core   0: 0x000000008000f438 (0x00003717) auipc   a4, 0x3
core   0: 3 0x000000008000f438 (0x00003717) x14 0x0000000080012438
core   0: 0x000000008000f43c (0xc8c70713) addi    a4, a4, -884
core   0: 3 0x000000008000f43c (0xc8c70713) x14 0x00000000800120c4
core   0: 0x000000008000f440 (0x00003797) auipc   a5, 0x3
core   0: 3 0x000000008000f440 (0x00003797) x15 0x0000000080012440
core   0: 0x000000008000f444 (0xbe878793) addi    a5, a5, -1048
core   0: 3 0x000000008000f444 (0xbe878793) x15 0x0000000080012028
core   0: 0x000000008000f448 (0x40f707b3) sub     a5, a4, a5
core   0: 3 0x000000008000f448 (0x40f707b3) x15 0x000000000000009c
core   0: 0x000000008000f44c (0xfef43023) sd      a5, -32(s0)
core   0: 3 0x000000008000f44c (0xfef43023) mem 0x0000000080031f70 0x000000000000009c
core   0: 0x000000008000f450 (0x00008712) c.mv    a4, tp
core   0: 3 0x000000008000f450 (0x8712) x14 0x0000000080012040
core   0: 0x000000008000f452 (0xfe843783) ld      a5, -24(s0)
core   0: 3 0x000000008000f452 (0xfe843783) x15 0x0000000000000000 mem 0x0000000080031f78
core   0: 0x000000008000f456 (0x000097ba) c.add   a5, a4
core   0: 3 0x000000008000f456 (0x97ba) x15 0x0000000080012040
core   0: 0x000000008000f458 (0xfe043603) ld      a2, -32(s0)
core   0: 3 0x000000008000f458 (0xfe043603) x12 0x000000000000009c mem 0x0000000080031f70
core   0: 0x000000008000f45c (0x00004581) c.li    a1, 0
core   0: 3 0x000000008000f45c (0x4581) x11 0x0000000000000000
core   0: 0x000000008000f45e (0x0000853e) c.mv    a0, a5
core   0: 3 0x000000008000f45e (0x853e) x10 0x0000000080012040
core   0: 0x000000008000f460 (0x185000ef) jal     pc + 0x984
core   0: 3 0x000000008000f460 (0x185000ef) x1  0x000000008000f464
core   0: >>>>  memset
core   0: 0x000000008000fde4 (0x0000715d) c.addi16sp sp, -80
core   0: 3 0x000000008000fde4 (0x715d) x2  0x0000000080031f20
core   0: 0x000000008000fde6 (0x0000e4a2) c.sdsp  s0, 72(sp)
core   0: 3 0x000000008000fde6 (0xe4a2) mem 0x0000000080031f68 0x0000000080031f90
core   0: 0x000000008000fde8 (0x00000880) c.addi4spn s0, sp, 80
core   0: 3 0x000000008000fde8 (0x0880) x8  0x0000000080031f70
core   0: 0x000000008000fdea (0xfca43423) sd      a0, -56(s0)
core   0: 3 0x000000008000fdea (0xfca43423) mem 0x0000000080031f38 0x0000000080012040
core   0: 0x000000008000fdee (0x000087ae) c.mv    a5, a1
core   0: 3 0x000000008000fdee (0x87ae) x15 0x0000000000000000
core   0: 0x000000008000fdf0 (0xfac43c23) sd      a2, -72(s0)
core   0: 3 0x000000008000fdf0 (0xfac43c23) mem 0x0000000080031f28 0x000000000000009c
core   0: 0x000000008000fdf4 (0xfcf42223) sw      a5, -60(s0)
core   0: 3 0x000000008000fdf4 (0xfcf42223) mem 0x0000000080031f34 0x00000000
core   0: 0x000000008000fdf8 (0xfc843703) ld      a4, -56(s0)
core   0: 3 0x000000008000fdf8 (0xfc843703) x14 0x0000000080012040 mem 0x0000000080031f38
core   0: 0x000000008000fdfc (0xfb843783) ld      a5, -72(s0)
core   0: 3 0x000000008000fdfc (0xfb843783) x15 0x000000000000009c mem 0x0000000080031f28
core   0: 0x000000008000fe00 (0x00008fd9) c.or    a5, a4
core   0: 3 0x000000008000fe00 (0x8fd9) x15 0x00000000800120dc
core   0: 0x000000008000fe02 (0x00008b9d) c.andi  a5, 7
core   0: 3 0x000000008000fe02 (0x8b9d) x15 0x0000000000000004
core   0: 0x000000008000fe04 (0x0000e7bd) c.bnez  a5, pc + 110
core   0: 3 0x000000008000fe04 (0xe7bd)
core   0: 0x000000008000fe72 (0xfc843783) ld      a5, -56(s0)
core   0: 3 0x000000008000fe72 (0xfc843783) x15 0x0000000080012040 mem 0x0000000080031f38
core   0: 0x000000008000fe76 (0xfef43023) sd      a5, -32(s0)
core   0: 3 0x000000008000fe76 (0xfef43023) mem 0x0000000080031f50 0x0000000080012040
core   0: 0x000000008000fe7a (0x0000a829) c.j     pc + 26
core   0: 3 0x000000008000fe7a (0xa829)
core   0: 0x000000008000fe94 (0xfc843703) ld      a4, -56(s0)
core   0: 3 0x000000008000fe94 (0xfc843703) x14 0x0000000080012040 mem 0x0000000080031f38
core   0: 0x000000008000fe98 (0xfb843783) ld      a5, -72(s0)
core   0: 3 0x000000008000fe98 (0xfb843783) x15 0x000000000000009c mem 0x0000000080031f28
core   0: 0x000000008000fe9c (0x000097ba) c.add   a5, a4
core   0: 3 0x000000008000fe9c (0x97ba) x15 0x00000000800120dc
core   0: 0x000000008000fe9e (0xfe043703) ld      a4, -32(s0)
core   0: 3 0x000000008000fe9e (0xfe043703) x14 0x0000000080012040 mem 0x0000000080031f50
core   0: 0x000000008000fea2 (0xfcf76de3) bltu    a4, a5, pc - 38
core   0: 3 0x000000008000fea2 (0xfcf76de3)
core   0: 0x000000008000fe7c (0xfe043783) ld      a5, -32(s0)
core   0: 3 0x000000008000fe7c (0xfe043783) x15 0x0000000080012040 mem 0x0000000080031f50
core   0: 0x000000008000fe80 (0x00178713) addi    a4, a5, 1
core   0: 3 0x000000008000fe80 (0x00178713) x14 0x0000000080012041
core   0: 0x000000008000fe84 (0xfee43023) sd      a4, -32(s0)
core   0: 3 0x000000008000fe84 (0xfee43023) mem 0x0000000080031f50 0x0000000080012041
core   0: 0x000000008000fe88 (0xfc442703) lw      a4, -60(s0)
core   0: 3 0x000000008000fe88 (0xfc442703) x14 0x0000000000000000 mem 0x0000000080031f34
core   0: 0x000000008000fe8c (0x0ff77713) andi    a4, a4, 255
core   0: 3 0x000000008000fe8c (0x0ff77713) x14 0x0000000000000000
core   0: 0x000000008000fe90 (0x00e78023) sb      a4, 0(a5)
core   0: 3 0x000000008000fe90 (0x00e78023) mem 0x0000000080012040 0x00
core   0: 0x000000008000fe94 (0xfc843703) ld      a4, -56(s0)
core   0: 3 0x000000008000fe94 (0xfc843703) x14 0x0000000080012040 mem 0x0000000080031f38
core   0: 0x000000008000fe98 (0xfb843783) ld      a5, -72(s0)
core   0: 3 0x000000008000fe98 (0xfb843783) x15 0x000000000000009c mem 0x0000000080031f28
core   0: 0x000000008000fe9c (0x000097ba) c.add   a5, a4
core   0: 3 0x000000008000fe9c (0x97ba) x15 0x00000000800120dc
core   0: 0x000000008000fe9e (0xfe043703) ld      a4, -32(s0)
core   0: 3 0x000000008000fe9e (0xfe043703) x14 0x0000000080012041 mem 0x0000000080031f50
core   0: 0x000000008000fea2 (0xfcf76de3) bltu    a4, a5, pc - 38
core   0: 3 0x000000008000fea2 (0xfcf76de3)
core   0: 0x000000008000fe7c (0xfe043783) ld      a5, -32(s0)
core   0: 3 0x000000008000fe7c (0xfe043783) x15 0x0000000080012041 mem 0x0000000080031f50
core   0: 0x000000008000fe80 (0x00178713) addi    a4, a5, 1
core   0: 3 0x000000008000fe80 (0x00178713) x14 0x0000000080012042
core   0: 0x000000008000fe84 (0xfee43023) sd      a4, -32(s0)
core   0: 3 0x000000008000fe84 (0xfee43023) mem 0x0000000080031f50 0x0000000080012042
core   0: 0x000000008000fe88 (0xfc442703) lw      a4, -60(s0)
core   0: 3 0x000000008000fe88 (0xfc442703) x14 0x0000000000000000 mem 0x0000000080031f34
core   0: 0x000000008000fe8c (0x0ff77713) andi    a4, a4, 255
core   0: 3 0x000000008000fe8c (0x0ff77713) x14 0x0000000000000000
core   0: 0x000000008000fe90 (0x00e78023) sb      a4, 0(a5)
core   0: 3 0x000000008000fe90 (0x00e78023) mem 0x0000000080012041 0x00
core   0: 0x000000008000fe94 (0xfc843703) ld      a4, -56(s0)
core   0: 3 0x000000008000fe94 (0xfc843703) x14 0x0000000080012040 mem 0x0000000080031f38
core   0: 0x000000008000fe98 (0xfb843783) ld      a5, -72(s0)
core   0: 3 0x000000008000fe98 (0xfb843783) x15 0x000000000000009c mem 0x0000000080031f28
core   0: 0x000000008000fe9c (0x000097ba) c.add   a5, a4
core   0: 3 0x000000008000fe9c (0x97ba) x15 0x00000000800120dc
core   0: 0x000000008000fe9e (0xfe043703) ld      a4, -32(s0)
core   0: 3 0x000000008000fe9e (0xfe043703) x14 0x0000000080012042 mem 0x0000000080031f50
core   0: 0x000000008000fea2 (0xfcf76de3) bltu    a4, a5, pc - 38
core   0: 3 0x000000008000fea2 (0xfcf76de3)
core   0: 0x000000008000fe7c (0xfe043783) ld      a5, -32(s0)
core   0: 3 0x000000008000fe7c (0xfe043783) x15 0x0000000080012042 mem 0x0000000080031f50
core   0: 0x000000008000fe80 (0x00178713) addi    a4, a5, 1
core   0: 3 0x000000008000fe80 (0x00178713) x14 0x0000000080012043
core   0: 0x000000008000fe84 (0xfee43023) sd      a4, -32(s0)
core   0: 3 0x000000008000fe84 (0xfee43023) mem 0x0000000080031f50 0x0000000080012043
core   0: 0x000000008000fe88 (0xfc442703) lw      a4, -60(s0)
core   0: 3 0x000000008000fe88 (0xfc442703) x14 0x0000000000000000 mem 0x0000000080031f34
core   0: 0x000000008000fe8c (0x0ff77713) andi    a4, a4, 255
core   0: 3 0x000000008000fe8c (0x0ff77713) x14 0x0000000000000000
core   0: 0x000000008000fe90 (0x00e78023) sb      a4, 0(a5)
core   0: 3 0x000000008000fe90 (0x00e78023) mem 0x0000000080012042 0x00
core   0: 0x000000008000fe94 (0xfc843703) ld      a4, -56(s0)
core   0: 3 0x000000008000fe94 (0xfc843703) x14 0x0000000080012040 mem 0x0000000080031f38
core   0: 0x000000008000fe98 (0xfb843783) ld      a5, -72(s0)
core   0: 3 0x000000008000fe98 (0xfb843783) x15 0x000000000000009c mem 0x0000000080031f28
core   0: 0x000000008000fe9c (0x000097ba) c.add   a5, a4
core   0: 3 0x000000008000fe9c (0x97ba) x15 0x00000000800120dc
core   0: 0x000000008000fe9e (0xfe043703) ld      a4, -32(s0)
core   0: 3 0x000000008000fe9e (0xfe043703) x14 0x0000000080012043 mem 0x0000000080031f50
core   0: 0x000000008000fea2 (0xfcf76de3) bltu    a4, a5, pc - 38
core   0: 3 0x000000008000fea2 (0xfcf76de3)
core   0: 0x000000008000fe7c (0xfe043783) ld      a5, -32(s0)
core   0: 3 0x000000008000fe7c (0xfe043783) x15 0x0000000080012043 mem 0x0000000080031f50
core   0: 0x000000008000fe80 (0x00178713) addi    a4, a5, 1
core   0: 3 0x000000008000fe80 (0x00178713) x14 0x0000000080012044
core   0: 0x000000008000fe84 (0xfee43023) sd      a4, -32(s0)
core   0: 3 0x000000008000fe84 (0xfee43023) mem 0x0000000080031f50 0x0000000080012044
core   0: 0x000000008000fe88 (0xfc442703) lw      a4, -60(s0)
core   0: 3 0x000000008000fe88 (0xfc442703) x14 0x0000000000000000 mem 0x0000000080031f34
core   0: 0x000000008000fe8c (0x0ff77713) andi    a4, a4, 255
core   0: 3 0x000000008000fe8c (0x0ff77713) x14 0x0000000000000000
core   0: 0x000000008000fe90 (0x00e78023) sb      a4, 0(a5)
core   0: 3 0x000000008000fe90 (0x00e78023) mem 0x0000000080012043 0x00
core   0: 0x000000008000fe94 (0xfc843703) ld      a4, -56(s0)
core   0: 3 0x000000008000fe94 (0xfc843703) x14 0x0000000080012040 mem 0x0000000080031f38
core   0: 0x000000008000fe98 (0xfb843783) ld      a5, -72(s0)
core   0: 3 0x000000008000fe98 (0xfb843783) x15 0x000000000000009c mem 0x0000000080031f28
core   0: 0x000000008000fe9c (0x000097ba) c.add   a5, a4
core   0: 3 0x000000008000fe9c (0x97ba) x15 0x00000000800120dc
core   0: 0x000000008000fe9e (0xfe043703) ld      a4, -32(s0)
core   0: 3 0x000000008000fe9e (0xfe043703) x14 0x0000000080012044 mem 0x0000000080031f50
core   0: 0x000000008000fea2 (0xfcf76de3) bltu    a4, a5, pc - 38
core   0: 3 0x000000008000fea2 (0xfcf76de3)
core   0: 0x000000008000fe7c (0xfe043783) ld      a5, -32(s0)
core   0: 3 0x000000008000fe7c (0xfe043783) x15 0x0000000080012044 mem 0x0000000080031f50
core   0: 0x000000008000fe80 (0x00178713) addi    a4, a5, 1
core   0: 3 0x000000008000fe80 (0x00178713) x14 0x0000000080012045
core   0: 0x000000008000fe84 (0xfee43023) sd      a4, -32(s0)
core   0: 3 0x000000008000fe84 (0xfee43023) mem 0x0000000080031f50 0x0000000080012045
core   0: 0x000000008000fe88 (0xfc442703) lw      a4, -60(s0)
core   0: 3 0x000000008000fe88 (0xfc442703) x14 0x0000000000000000 mem 0x0000000080031f34
core   0: 0x000000008000fe8c (0x0ff77713) andi    a4, a4, 255
core   0: 3 0x000000008000fe8c (0x0ff77713) x14 0x0000000000000000
core   0: 0x000000008000fe90 (0x00e78023) sb      a4, 0(a5)
core   0: 3 0x000000008000fe90 (0x00e78023) mem 0x0000000080012044 0x00
core   0: 0x000000008000fe94 (0xfc843703) ld      a4, -56(s0)
core   0: 3 0x000000008000fe94 (0xfc843703) x14 0x0000000080012040 mem 0x0000000080031f38
core   0: 0x000000008000fe98 (0xfb843783) ld      a5, -72(s0)
core   0: 3 0x000000008000fe98 (0xfb843783) x15 0x000000000000009c mem 0x0000000080031f28
core   0: 0x000000008000fe9c (0x000097ba) c.add   a5, a4
core   0: 3 0x000000008000fe9c (0x97ba) x15 0x00000000800120dc
core   0: 0x000000008000fe9e (0xfe043703) ld      a4, -32(s0)
core   0: 3 0x000000008000fe9e (0xfe043703) x14 0x0000000080012045 mem 0x0000000080031f50
core   0: 0x000000008000fea2 (0xfcf76de3) bltu    a4, a5, pc - 38
core   0: 3 0x000000008000fea2 (0xfcf76de3)
core   0: 0x000000008000fe7c (0xfe043783) ld      a5, -32(s0)
core   0: 3 0x000000008000fe7c (0xfe043783) x15 0x0000000080012045 mem 0x0000000080031f50
core   0: 0x000000008000fe80 (0x00178713) addi    a4, a5, 1
core   0: 3 0x000000008000fe80 (0x00178713) x14 0x0000000080012046
core   0: 0x000000008000fe84 (0xfee43023) sd      a4, -32(s0)
core   0: 3 0x000000008000fe84 (0xfee43023) mem 0x0000000080031f50 0x0000000080012046
core   0: 0x000000008000fe88 (0xfc442703) lw      a4, -60(s0)
core   0: 3 0x000000008000fe88 (0xfc442703) x14 0x0000000000000000 mem 0x0000000080031f34
core   0: 0x000000008000fe8c (0x0ff77713) andi    a4, a4, 255
core   0: 3 0x000000008000fe8c (0x0ff77713) x14 0x0000000000000000
core   0: 0x000000008000fe90 (0x00e78023) sb      a4, 0(a5)
core   0: 3 0x000000008000fe90 (0x00e78023) mem 0x0000000080012045 0x00
core   0: 0x000000008000fe94 (0xfc843703) ld      a4, -56(s0)
core   0: 3 0x000000008000fe94 (0xfc843703) x14 0x0000000080012040 mem 0x0000000080031f38
core   0: 0x000000008000fe98 (0xfb843783) ld      a5, -72(s0)
core   0: 3 0x000000008000fe98 (0xfb843783) x15 0x000000000000009c mem 0x0000000080031f28
core   0: 0x000000008000fe9c (0x000097ba) c.add   a5, a4
core   0: 3 0x000000008000fe9c (0x97ba) x15 0x00000000800120dc
core   0: 0x000000008000fe9e (0xfe043703) ld      a4, -32(s0)
core   0: 3 0x000000008000fe9e (0xfe043703) x14 0x0000000080012046 mem 0x0000000080031f50
core   0: 0x000000008000fea2 (0xfcf76de3) bltu    a4, a5, pc - 38
core   0: 3 0x000000008000fea2 (0xfcf76de3)
core   0: 0x000000008000fe7c (0xfe043783) ld      a5, -32(s0)
core   0: 3 0x000000008000fe7c (0xfe043783) x15 0x0000000080012046 mem 0x0000000080031f50
core   0: 0x000000008000fe80 (0x00178713) addi    a4, a5, 1
core   0: 3 0x000000008000fe80 (0x00178713) x14 0x0000000080012047
core   0: 0x000000008000fe84 (0xfee43023) sd      a4, -32(s0)
core   0: 3 0x000000008000fe84 (0xfee43023) mem 0x0000000080031f50 0x0000000080012047
core   0: 0x000000008000fe88 (0xfc442703) lw      a4, -60(s0)
core   0: 3 0x000000008000fe88 (0xfc442703) x14 0x0000000000000000 mem 0x0000000080031f34
core   0: 0x000000008000fe8c (0x0ff77713) andi    a4, a4, 255
core   0: 3 0x000000008000fe8c (0x0ff77713) x14 0x0000000000000000
core   0: 0x000000008000fe90 (0x00e78023) sb      a4, 0(a5)
core   0: 3 0x000000008000fe90 (0x00e78023) mem 0x0000000080012046 0x00
core   0: 0x000000008000fe94 (0xfc843703) ld      a4, -56(s0)
core   0: 3 0x000000008000fe94 (0xfc843703) x14 0x0000000080012040 mem 0x0000000080031f38
core   0: 0x000000008000fe98 (0xfb843783) ld      a5, -72(s0)
core   0: 3 0x000000008000fe98 (0xfb843783) x15 0x000000000000009c mem 0x0000000080031f28
core   0: 0x000000008000fe9c (0x000097ba) c.add   a5, a4
core   0: 3 0x000000008000fe9c (0x97ba) x15 0x00000000800120dc
core   0: 0x000000008000fe9e (0xfe043703) ld      a4, -32(s0)
core   0: 3 0x000000008000fe9e (0xfe043703) x14 0x0000000080012047 mem 0x0000000080031f50
core   0: 0x000000008000fea2 (0xfcf76de3) bltu    a4, a5, pc - 38
core   0: 3 0x000000008000fea2 (0xfcf76de3)
core   0: 0x000000008000fe7c (0xfe043783) ld      a5, -32(s0)
core   0: 3 0x000000008000fe7c (0xfe043783) x15 0x0000000080012047 mem 0x0000000080031f50
core   0: 0x000000008000fe80 (0x00178713) addi    a4, a5, 1
core   0: 3 0x000000008000fe80 (0x00178713) x14 0x0000000080012048
core   0: 0x000000008000fe84 (0xfee43023) sd      a4, -32(s0)
core   0: 3 0x000000008000fe84 (0xfee43023) mem 0x0000000080031f50 0x0000000080012048
core   0: 0x000000008000fe88 (0xfc442703) lw      a4, -60(s0)
core   0: 3 0x000000008000fe88 (0xfc442703) x14 0x0000000000000000 mem 0x0000000080031f34
core   0: 0x000000008000fe8c (0x0ff77713) andi    a4, a4, 255
core   0: 3 0x000000008000fe8c (0x0ff77713) x14 0x0000000000000000
core   0: 0x000000008000fe90 (0x00e78023) sb      a4, 0(a5)
core   0: 3 0x000000008000fe90 (0x00e78023) mem 0x0000000080012047 0x00
core   0: 0x000000008000fe94 (0xfc843703) ld      a4, -56(s0)
core   0: 3 0x000000008000fe94 (0xfc843703) x14 0x0000000080012040 mem 0x0000000080031f38
core   0: 0x000000008000fe98 (0xfb843783) ld      a5, -72(s0)
core   0: 3 0x000000008000fe98 (0xfb843783) x15 0x000000000000009c mem 0x0000000080031f28
core   0: 0x000000008000fe9c (0x000097ba) c.add   a5, a4
core   0: 3 0x000000008000fe9c (0x97ba) x15 0x00000000800120dc
core   0: 0x000000008000fe9e (0xfe043703) ld      a4, -32(s0)
core   0: 3 0x000000008000fe9e (0xfe043703) x14 0x0000000080012048 mem 0x0000000080031f50
core   0: 0x000000008000fea2 (0xfcf76de3) bltu    a4, a5, pc - 38
core   0: 3 0x000000008000fea2 (0xfcf76de3)
core   0: 0x000000008000fe7c (0xfe043783) ld      a5, -32(s0)
core   0: 3 0x000000008000fe7c (0xfe043783) x15 0x0000000080012048 mem 0x0000000080031f50
core   0: 0x000000008000fe80 (0x00178713) addi    a4, a5, 1
core   0: 3 0x000000008000fe80 (0x00178713) x14 0x0000000080012049
core   0: 0x000000008000fe84 (0xfee43023) sd      a4, -32(s0)
core   0: 3 0x000000008000fe84 (0xfee43023) mem 0x0000000080031f50 0x0000000080012049
core   0: 0x000000008000fe88 (0xfc442703) lw      a4, -60(s0)
core   0: 3 0x000000008000fe88 (0xfc442703) x14 0x0000000000000000 mem 0x0000000080031f34
core   0: 0x000000008000fe8c (0x0ff77713) andi    a4, a4, 255
core   0: 3 0x000000008000fe8c (0x0ff77713) x14 0x0000000000000000
core   0: 0x000000008000fe90 (0x00e78023) sb      a4, 0(a5)
core   0: 3 0x000000008000fe90 (0x00e78023) mem 0x0000000080012048 0x00
core   0: 0x000000008000fe94 (0xfc843703) ld      a4, -56(s0)
core   0: 3 0x000000008000fe94 (0xfc843703) x14 0x0000000080012040 mem 0x0000000080031f38
core   0: 0x000000008000fe98 (0xfb843783) ld      a5, -72(s0)
core   0: 3 0x000000008000fe98 (0xfb843783) x15 0x000000000000009c mem 0x0000000080031f28
core   0: 0x000000008000fe9c (0x000097ba) c.add   a5, a4
core   0: 3 0x000000008000fe9c (0x97ba) x15 0x00000000800120dc
core   0: 0x000000008000fe9e (0xfe043703) ld      a4, -32(s0)
core   0: 3 0x000000008000fe9e (0xfe043703) x14 0x0000000080012049 mem 0x0000000080031f50
core   0: 0x000000008000fea2 (0xfcf76de3) bltu    a4, a5, pc - 38
core   0: 3 0x000000008000fea2 (0xfcf76de3)
core   0: 0x000000008000fe7c (0xfe043783) ld      a5, -32(s0)
core   0: 3 0x000000008000fe7c (0xfe043783) x15 0x0000000080012049 mem 0x0000000080031f50
core   0: 0x000000008000fe80 (0x00178713) addi    a4, a5, 1
core   0: 3 0x000000008000fe80 (0x00178713) x14 0x000000008001204a
core   0: 0x000000008000fe84 (0xfee43023) sd      a4, -32(s0)
core   0: 3 0x000000008000fe84 (0xfee43023) mem 0x0000000080031f50 0x000000008001204a
core   0: 0x000000008000fe88 (0xfc442703) lw      a4, -60(s0)
core   0: 3 0x000000008000fe88 (0xfc442703) x14 0x0000000000000000 mem 0x0000000080031f34
core   0: 0x000000008000fe8c (0x0ff77713) andi    a4, a4, 255
core   0: 3 0x000000008000fe8c (0x0ff77713) x14 0x0000000000000000
core   0: 0x000000008000fe90 (0x00e78023) sb      a4, 0(a5)
core   0: 3 0x000000008000fe90 (0x00e78023) mem 0x0000000080012049 0x00
core   0: 0x000000008000fe94 (0xfc843703) ld      a4, -56(s0)
core   0: 3 0x000000008000fe94 (0xfc843703) x14 0x0000000080012040 mem 0x0000000080031f38
core   0: 0x000000008000fe98 (0xfb843783) ld      a5, -72(s0)
core   0: 3 0x000000008000fe98 (0xfb843783) x15 0x000000000000009c mem 0x0000000080031f28
core   0: 0x000000008000fe9c (0x000097ba) c.add   a5, a4
core   0: 3 0x000000008000fe9c (0x97ba) x15 0x00000000800120dc
core   0: 0x000000008000fe9e (0xfe043703) ld      a4, -32(s0)
core   0: 3 0x000000008000fe9e (0xfe043703) x14 0x000000008001204a mem 0x0000000080031f50
core   0: 0x000000008000fea2 (0xfcf76de3) bltu    a4, a5, pc - 38
core   0: 3 0x000000008000fea2 (0xfcf76de3)
core   0: 0x000000008000fe7c (0xfe043783) ld      a5, -32(s0)
core   0: 3 0x000000008000fe7c (0xfe043783) x15 0x000000008001204a mem 0x0000000080031f50
core   0: 0x000000008000fe80 (0x00178713) addi    a4, a5, 1
core   0: 3 0x000000008000fe80 (0x00178713) x14 0x000000008001204b
core   0: 0x000000008000fe84 (0xfee43023) sd      a4, -32(s0)
core   0: 3 0x000000008000fe84 (0xfee43023) mem 0x0000000080031f50 0x000000008001204b
core   0: 0x000000008000fe88 (0xfc442703) lw      a4, -60(s0)
core   0: 3 0x000000008000fe88 (0xfc442703) x14 0x0000000000000000 mem 0x0000000080031f34
core   0: 0x000000008000fe8c (0x0ff77713) andi    a4, a4, 255
core   0: 3 0x000000008000fe8c (0x0ff77713) x14 0x0000000000000000
core   0: 0x000000008000fe90 (0x00e78023) sb      a4, 0(a5)
core   0: 3 0x000000008000fe90 (0x00e78023) mem 0x000000008001204a 0x00
core   0: 0x000000008000fe94 (0xfc843703) ld      a4, -56(s0)
core   0: 3 0x000000008000fe94 (0xfc843703) x14 0x0000000080012040 mem 0x0000000080031f38
core   0: 0x000000008000fe98 (0xfb843783) ld      a5, -72(s0)
core   0: 3 0x000000008000fe98 (0xfb843783) x15 0x000000000000009c mem 0x0000000080031f28
core   0: 0x000000008000fe9c (0x000097ba) c.add   a5, a4
core   0: 3 0x000000008000fe9c (0x97ba) x15 0x00000000800120dc
core   0: 0x000000008000fe9e (0xfe043703) ld      a4, -32(s0)
core   0: 3 0x000000008000fe9e (0xfe043703) x14 0x000000008001204b mem 0x0000000080031f50
core   0: 0x000000008000fea2 (0xfcf76de3) bltu    a4, a5, pc - 38
core   0: 3 0x000000008000fea2 (0xfcf76de3)
core   0: 0x000000008000fe7c (0xfe043783) ld      a5, -32(s0)
core   0: 3 0x000000008000fe7c (0xfe043783) x15 0x000000008001204b mem 0x0000000080031f50
core   0: 0x000000008000fe80 (0x00178713) addi    a4, a5, 1
core   0: 3 0x000000008000fe80 (0x00178713) x14 0x000000008001204c
core   0: 0x000000008000fe84 (0xfee43023) sd      a4, -32(s0)
core   0: 3 0x000000008000fe84 (0xfee43023) mem 0x0000000080031f50 0x000000008001204c
core   0: 0x000000008000fe88 (0xfc442703) lw      a4, -60(s0)
core   0: 3 0x000000008000fe88 (0xfc442703) x14 0x0000000000000000 mem 0x0000000080031f34
core   0: 0x000000008000fe8c (0x0ff77713) andi    a4, a4, 255
core   0: 3 0x000000008000fe8c (0x0ff77713) x14 0x0000000000000000
core   0: 0x000000008000fe90 (0x00e78023) sb      a4, 0(a5)
core   0: 3 0x000000008000fe90 (0x00e78023) mem 0x000000008001204b 0x00
core   0: 0x000000008000fe94 (0xfc843703) ld      a4, -56(s0)
core   0: 3 0x000000008000fe94 (0xfc843703) x14 0x0000000080012040 mem 0x0000000080031f38
core   0: 0x000000008000fe98 (0xfb843783) ld      a5, -72(s0)
core   0: 3 0x000000008000fe98 (0xfb843783) x15 0x000000000000009c mem 0x0000000080031f28
core   0: 0x000000008000fe9c (0x000097ba) c.add   a5, a4
core   0: 3 0x000000008000fe9c (0x97ba) x15 0x00000000800120dc
core   0: 0x000000008000fe9e (0xfe043703) ld      a4, -32(s0)
core   0: 3 0x000000008000fe9e (0xfe043703) x14 0x000000008001204c mem 0x0000000080031f50
core   0: 0x000000008000fea2 (0xfcf76de3) bltu    a4, a5, pc - 38
core   0: 3 0x000000008000fea2 (0xfcf76de3)
core   0: 0x000000008000fe7c (0xfe043783) ld      a5, -32(s0)
core   0: 3 0x000000008000fe7c (0xfe043783) x15 0x000000008001204c mem 0x0000000080031f50
core   0: 0x000000008000fe80 (0x00178713) addi    a4, a5, 1
core   0: 3 0x000000008000fe80 (0x00178713) x14 0x000000008001204d
core   0: 0x000000008000fe84 (0xfee43023) sd      a4, -32(s0)
core   0: 3 0x000000008000fe84 (0xfee43023) mem 0x0000000080031f50 0x000000008001204d
core   0: 0x000000008000fe88 (0xfc442703) lw      a4, -60(s0)
core   0: 3 0x000000008000fe88 (0xfc442703) x14 0x0000000000000000 mem 0x0000000080031f34
core   0: 0x000000008000fe8c (0x0ff77713) andi    a4, a4, 255
core   0: 3 0x000000008000fe8c (0x0ff77713) x14 0x0000000000000000
core   0: 0x000000008000fe90 (0x00e78023) sb      a4, 0(a5)
core   0: 3 0x000000008000fe90 (0x00e78023) mem 0x000000008001204c 0x00
core   0: 0x000000008000fe94 (0xfc843703) ld      a4, -56(s0)
core   0: 3 0x000000008000fe94 (0xfc843703) x14 0x0000000080012040 mem 0x0000000080031f38
core   0: 0x000000008000fe98 (0xfb843783) ld      a5, -72(s0)
core   0: 3 0x000000008000fe98 (0xfb843783) x15 0x000000000000009c mem 0x0000000080031f28
core   0: 0x000000008000fe9c (0x000097ba) c.add   a5, a4
core   0: 3 0x000000008000fe9c (0x97ba) x15 0x00000000800120dc
core   0: 0x000000008000fe9e (0xfe043703) ld      a4, -32(s0)
core   0: 3 0x000000008000fe9e (0xfe043703) x14 0x000000008001204d mem 0x0000000080031f50
core   0: 0x000000008000fea2 (0xfcf76de3) bltu    a4, a5, pc - 38
core   0: 3 0x000000008000fea2 (0xfcf76de3)
core   0: 0x000000008000fe7c (0xfe043783) ld      a5, -32(s0)
core   0: 3 0x000000008000fe7c (0xfe043783) x15 0x000000008001204d mem 0x0000000080031f50
core   0: 0x000000008000fe80 (0x00178713) addi    a4, a5, 1
core   0: 3 0x000000008000fe80 (0x00178713) x14 0x000000008001204e
core   0: 0x000000008000fe84 (0xfee43023) sd      a4, -32(s0)
core   0: 3 0x000000008000fe84 (0xfee43023) mem 0x0000000080031f50 0x000000008001204e
core   0: 0x000000008000fe88 (0xfc442703) lw      a4, -60(s0)
core   0: 3 0x000000008000fe88 (0xfc442703) x14 0x0000000000000000 mem 0x0000000080031f34
core   0: 0x000000008000fe8c (0x0ff77713) andi    a4, a4, 255
core   0: 3 0x000000008000fe8c (0x0ff77713) x14 0x0000000000000000
core   0: 0x000000008000fe90 (0x00e78023) sb      a4, 0(a5)
core   0: 3 0x000000008000fe90 (0x00e78023) mem 0x000000008001204d 0x00
core   0: 0x000000008000fe94 (0xfc843703) ld      a4, -56(s0)
core   0: 3 0x000000008000fe94 (0xfc843703) x14 0x0000000080012040 mem 0x0000000080031f38
core   0: 0x000000008000fe98 (0xfb843783) ld      a5, -72(s0)
core   0: 3 0x000000008000fe98 (0xfb843783) x15 0x000000000000009c mem 0x0000000080031f28
core   0: 0x000000008000fe9c (0x000097ba) c.add   a5, a4
core   0: 3 0x000000008000fe9c (0x97ba) x15 0x00000000800120dc
core   0: 0x000000008000fe9e (0xfe043703) ld      a4, -32(s0)
core   0: 3 0x000000008000fe9e (0xfe043703) x14 0x000000008001204e mem 0x0000000080031f50
core   0: 0x000000008000fea2 (0xfcf76de3) bltu    a4, a5, pc - 38
core   0: 3 0x000000008000fea2 (0xfcf76de3)
core   0: 0x000000008000fe7c (0xfe043783) ld      a5, -32(s0)
core   0: 3 0x000000008000fe7c (0xfe043783) x15 0x000000008001204e mem 0x0000000080031f50
core   0: 0x000000008000fe80 (0x00178713) addi    a4, a5, 1
core   0: 3 0x000000008000fe80 (0x00178713) x14 0x000000008001204f
core   0: 0x000000008000fe84 (0xfee43023) sd      a4, -32(s0)
core   0: 3 0x000000008000fe84 (0xfee43023) mem 0x0000000080031f50 0x000000008001204f
core   0: 0x000000008000fe88 (0xfc442703) lw      a4, -60(s0)
core   0: 3 0x000000008000fe88 (0xfc442703) x14 0x0000000000000000 mem 0x0000000080031f34
core   0: 0x000000008000fe8c (0x0ff77713) andi    a4, a4, 255
core   0: 3 0x000000008000fe8c (0x0ff77713) x14 0x0000000000000000
core   0: 0x000000008000fe90 (0x00e78023) sb      a4, 0(a5)
core   0: 3 0x000000008000fe90 (0x00e78023) mem 0x000000008001204e 0x00
core   0: 0x000000008000fe94 (0xfc843703) ld      a4, -56(s0)
core   0: 3 0x000000008000fe94 (0xfc843703) x14 0x0000000080012040 mem 0x0000000080031f38
core   0: 0x000000008000fe98 (0xfb843783) ld      a5, -72(s0)
core   0: 3 0x000000008000fe98 (0xfb843783) x15 0x000000000000009c mem 0x0000000080031f28
core   0: 0x000000008000fe9c (0x000097ba) c.add   a5, a4
core   0: 3 0x000000008000fe9c (0x97ba) x15 0x00000000800120dc
core   0: 0x000000008000fe9e (0xfe043703) ld      a4, -32(s0)
core   0: 3 0x000000008000fe9e (0xfe043703) x14 0x000000008001204f mem 0x0000000080031f50
core   0: 0x000000008000fea2 (0xfcf76de3) bltu    a4, a5, pc - 38
core   0: 3 0x000000008000fea2 (0xfcf76de3)
core   0: 0x000000008000fe7c (0xfe043783) ld      a5, -32(s0)
core   0: 3 0x000000008000fe7c (0xfe043783) x15 0x000000008001204f mem 0x0000000080031f50
core   0: 0x000000008000fe80 (0x00178713) addi    a4, a5, 1
core   0: 3 0x000000008000fe80 (0x00178713) x14 0x0000000080012050
core   0: 0x000000008000fe84 (0xfee43023) sd      a4, -32(s0)
core   0: 3 0x000000008000fe84 (0xfee43023) mem 0x0000000080031f50 0x0000000080012050
core   0: 0x000000008000fe88 (0xfc442703) lw      a4, -60(s0)
core   0: 3 0x000000008000fe88 (0xfc442703) x14 0x0000000000000000 mem 0x0000000080031f34
core   0: 0x000000008000fe8c (0x0ff77713) andi    a4, a4, 255
core   0: 3 0x000000008000fe8c (0x0ff77713) x14 0x0000000000000000
core   0: 0x000000008000fe90 (0x00e78023) sb      a4, 0(a5)
core   0: 3 0x000000008000fe90 (0x00e78023) mem 0x000000008001204f 0x00
core   0: 0x000000008000fe94 (0xfc843703) ld      a4, -56(s0)
core   0: 3 0x000000008000fe94 (0xfc843703) x14 0x0000000080012040 mem 0x0000000080031f38
core   0: 0x000000008000fe98 (0xfb843783) ld      a5, -72(s0)
core   0: 3 0x000000008000fe98 (0xfb843783) x15 0x000000000000009c mem 0x0000000080031f28
core   0: 0x000000008000fe9c (0x000097ba) c.add   a5, a4
core   0: 3 0x000000008000fe9c (0x97ba) x15 0x00000000800120dc
core   0: 0x000000008000fe9e (0xfe043703) ld      a4, -32(s0)
core   0: 3 0x000000008000fe9e (0xfe043703) x14 0x0000000080012050 mem 0x0000000080031f50
core   0: 0x000000008000fea2 (0xfcf76de3) bltu    a4, a5, pc - 38
core   0: 3 0x000000008000fea2 (0xfcf76de3)
core   0: 0x000000008000fe7c (0xfe043783) ld      a5, -32(s0)
core   0: 3 0x000000008000fe7c (0xfe043783) x15 0x0000000080012050 mem 0x0000000080031f50
core   0: 0x000000008000fe80 (0x00178713) addi    a4, a5, 1
core   0: 3 0x000000008000fe80 (0x00178713) x14 0x0000000080012051
core   0: 0x000000008000fe84 (0xfee43023) sd      a4, -32(s0)
core   0: 3 0x000000008000fe84 (0xfee43023) mem 0x0000000080031f50 0x0000000080012051
core   0: 0x000000008000fe88 (0xfc442703) lw      a4, -60(s0)
core   0: 3 0x000000008000fe88 (0xfc442703) x14 0x0000000000000000 mem 0x0000000080031f34
core   0: 0x000000008000fe8c (0x0ff77713) andi    a4, a4, 255
core   0: 3 0x000000008000fe8c (0x0ff77713) x14 0x0000000000000000
core   0: 0x000000008000fe90 (0x00e78023) sb      a4, 0(a5)
core   0: 3 0x000000008000fe90 (0x00e78023) mem 0x0000000080012050 0x00
core   0: 0x000000008000fe94 (0xfc843703) ld      a4, -56(s0)
core   0: 3 0x000000008000fe94 (0xfc843703) x14 0x0000000080012040 mem 0x0000000080031f38
core   0: 0x000000008000fe98 (0xfb843783) ld      a5, -72(s0)
core   0: 3 0x000000008000fe98 (0xfb843783) x15 0x000000000000009c mem 0x0000000080031f28
core   0: 0x000000008000fe9c (0x000097ba) c.add   a5, a4
core   0: 3 0x000000008000fe9c (0x97ba) x15 0x00000000800120dc
core   0: 0x000000008000fe9e (0xfe043703) ld      a4, -32(s0)
core   0: 3 0x000000008000fe9e (0xfe043703) x14 0x0000000080012051 mem 0x0000000080031f50
core   0: 0x000000008000fea2 (0xfcf76de3) bltu    a4, a5, pc - 38
core   0: 3 0x000000008000fea2 (0xfcf76de3)
core   0: 0x000000008000fe7c (0xfe043783) ld      a5, -32(s0)
core   0: 3 0x000000008000fe7c (0xfe043783) x15 0x0000000080012051 mem 0x0000000080031f50
core   0: 0x000000008000fe80 (0x00178713) addi    a4, a5, 1
core   0: 3 0x000000008000fe80 (0x00178713) x14 0x0000000080012052
core   0: 0x000000008000fe84 (0xfee43023) sd      a4, -32(s0)
core   0: 3 0x000000008000fe84 (0xfee43023) mem 0x0000000080031f50 0x0000000080012052
core   0: 0x000000008000fe88 (0xfc442703) lw      a4, -60(s0)
core   0: 3 0x000000008000fe88 (0xfc442703) x14 0x0000000000000000 mem 0x0000000080031f34
core   0: 0x000000008000fe8c (0x0ff77713) andi    a4, a4, 255
core   0: 3 0x000000008000fe8c (0x0ff77713) x14 0x0000000000000000
core   0: 0x000000008000fe90 (0x00e78023) sb      a4, 0(a5)
core   0: 3 0x000000008000fe90 (0x00e78023) mem 0x0000000080012051 0x00
core   0: 0x000000008000fe94 (0xfc843703) ld      a4, -56(s0)
core   0: 3 0x000000008000fe94 (0xfc843703) x14 0x0000000080012040 mem 0x0000000080031f38
core   0: 0x000000008000fe98 (0xfb843783) ld      a5, -72(s0)
core   0: 3 0x000000008000fe98 (0xfb843783) x15 0x000000000000009c mem 0x0000000080031f28
core   0: 0x000000008000fe9c (0x000097ba) c.add   a5, a4
core   0: 3 0x000000008000fe9c (0x97ba) x15 0x00000000800120dc
core   0: 0x000000008000fe9e (0xfe043703) ld      a4, -32(s0)
core   0: 3 0x000000008000fe9e (0xfe043703) x14 0x0000000080012052 mem 0x0000000080031f50
core   0: 0x000000008000fea2 (0xfcf76de3) bltu    a4, a5, pc - 38
core   0: 3 0x000000008000fea2 (0xfcf76de3)
core   0: 0x000000008000fe7c (0xfe043783) ld      a5, -32(s0)
core   0: 3 0x000000008000fe7c (0xfe043783) x15 0x0000000080012052 mem 0x0000000080031f50
core   0: 0x000000008000fe80 (0x00178713) addi    a4, a5, 1
core   0: 3 0x000000008000fe80 (0x00178713) x14 0x0000000080012053
core   0: 0x000000008000fe84 (0xfee43023) sd      a4, -32(s0)
core   0: 3 0x000000008000fe84 (0xfee43023) mem 0x0000000080031f50 0x0000000080012053
core   0: 0x000000008000fe88 (0xfc442703) lw      a4, -60(s0)
core   0: 3 0x000000008000fe88 (0xfc442703) x14 0x0000000000000000 mem 0x0000000080031f34
core   0: 0x000000008000fe8c (0x0ff77713) andi    a4, a4, 255
core   0: 3 0x000000008000fe8c (0x0ff77713) x14 0x0000000000000000
core   0: 0x000000008000fe90 (0x00e78023) sb      a4, 0(a5)
core   0: 3 0x000000008000fe90 (0x00e78023) mem 0x0000000080012052 0x00
core   0: 0x000000008000fe94 (0xfc843703) ld      a4, -56(s0)
core   0: 3 0x000000008000fe94 (0xfc843703) x14 0x0000000080012040 mem 0x0000000080031f38
core   0: 0x000000008000fe98 (0xfb843783) ld      a5, -72(s0)
core   0: 3 0x000000008000fe98 (0xfb843783) x15 0x000000000000009c mem 0x0000000080031f28
core   0: 0x000000008000fe9c (0x000097ba) c.add   a5, a4
core   0: 3 0x000000008000fe9c (0x97ba) x15 0x00000000800120dc
core   0: 0x000000008000fe9e (0xfe043703) ld      a4, -32(s0)
core   0: 3 0x000000008000fe9e (0xfe043703) x14 0x0000000080012053 mem 0x0000000080031f50
core   0: 0x000000008000fea2 (0xfcf76de3) bltu    a4, a5, pc - 38
core   0: 3 0x000000008000fea2 (0xfcf76de3)
core   0: 0x000000008000fe7c (0xfe043783) ld      a5, -32(s0)
core   0: 3 0x000000008000fe7c (0xfe043783) x15 0x0000000080012053 mem 0x0000000080031f50
core   0: 0x000000008000fe80 (0x00178713) addi    a4, a5, 1
core   0: 3 0x000000008000fe80 (0x00178713) x14 0x0000000080012054
core   0: 0x000000008000fe84 (0xfee43023) sd      a4, -32(s0)
core   0: 3 0x000000008000fe84 (0xfee43023) mem 0x0000000080031f50 0x0000000080012054
core   0: 0x000000008000fe88 (0xfc442703) lw      a4, -60(s0)
core   0: 3 0x000000008000fe88 (0xfc442703) x14 0x0000000000000000 mem 0x0000000080031f34
core   0: 0x000000008000fe8c (0x0ff77713) andi    a4, a4, 255
core   0: 3 0x000000008000fe8c (0x0ff77713) x14 0x0000000000000000
core   0: 0x000000008000fe90 (0x00e78023) sb      a4, 0(a5)
core   0: 3 0x000000008000fe90 (0x00e78023) mem 0x0000000080012053 0x00
core   0: 0x000000008000fe94 (0xfc843703) ld      a4, -56(s0)
core   0: 3 0x000000008000fe94 (0xfc843703) x14 0x0000000080012040 mem 0x0000000080031f38
core   0: 0x000000008000fe98 (0xfb843783) ld      a5, -72(s0)
core   0: 3 0x000000008000fe98 (0xfb843783) x15 0x000000000000009c mem 0x0000000080031f28
core   0: 0x000000008000fe9c (0x000097ba) c.add   a5, a4
core   0: 3 0x000000008000fe9c (0x97ba) x15 0x00000000800120dc
core   0: 0x000000008000fe9e (0xfe043703) ld      a4, -32(s0)
core   0: 3 0x000000008000fe9e (0xfe043703) x14 0x0000000080012054 mem 0x0000000080031f50
core   0: 0x000000008000fea2 (0xfcf76de3) bltu    a4, a5, pc - 38
core   0: 3 0x000000008000fea2 (0xfcf76de3)
core   0: 0x000000008000fe7c (0xfe043783) ld      a5, -32(s0)
core   0: 3 0x000000008000fe7c (0xfe043783) x15 0x0000000080012054 mem 0x0000000080031f50
core   0: 0x000000008000fe80 (0x00178713) addi    a4, a5, 1
core   0: 3 0x000000008000fe80 (0x00178713) x14 0x0000000080012055
core   0: 0x000000008000fe84 (0xfee43023) sd      a4, -32(s0)
core   0: 3 0x000000008000fe84 (0xfee43023) mem 0x0000000080031f50 0x0000000080012055
core   0: 0x000000008000fe88 (0xfc442703) lw      a4, -60(s0)
core   0: 3 0x000000008000fe88 (0xfc442703) x14 0x0000000000000000 mem 0x0000000080031f34
core   0: 0x000000008000fe8c (0x0ff77713) andi    a4, a4, 255
core   0: 3 0x000000008000fe8c (0x0ff77713) x14 0x0000000000000000
core   0: 0x000000008000fe90 (0x00e78023) sb      a4, 0(a5)
core   0: 3 0x000000008000fe90 (0x00e78023) mem 0x0000000080012054 0x00
core   0: 0x000000008000fe94 (0xfc843703) ld      a4, -56(s0)
core   0: 3 0x000000008000fe94 (0xfc843703) x14 0x0000000080012040 mem 0x0000000080031f38
core   0: 0x000000008000fe98 (0xfb843783) ld      a5, -72(s0)
core   0: 3 0x000000008000fe98 (0xfb843783) x15 0x000000000000009c mem 0x0000000080031f28
core   0: 0x000000008000fe9c (0x000097ba) c.add   a5, a4
core   0: 3 0x000000008000fe9c (0x97ba) x15 0x00000000800120dc
core   0: 0x000000008000fe9e (0xfe043703) ld      a4, -32(s0)
core   0: 3 0x000000008000fe9e (0xfe043703) x14 0x0000000080012055 mem 0x0000000080031f50
core   0: 0x000000008000fea2 (0xfcf76de3) bltu    a4, a5, pc - 38
core   0: 3 0x000000008000fea2 (0xfcf76de3)
core   0: 0x000000008000fe7c (0xfe043783) ld      a5, -32(s0)
core   0: 3 0x000000008000fe7c (0xfe043783) x15 0x0000000080012055 mem 0x0000000080031f50
core   0: 0x000000008000fe80 (0x00178713) addi    a4, a5, 1
core   0: 3 0x000000008000fe80 (0x00178713) x14 0x0000000080012056
core   0: 0x000000008000fe84 (0xfee43023) sd      a4, -32(s0)
core   0: 3 0x000000008000fe84 (0xfee43023) mem 0x0000000080031f50 0x0000000080012056
core   0: 0x000000008000fe88 (0xfc442703) lw      a4, -60(s0)
core   0: 3 0x000000008000fe88 (0xfc442703) x14 0x0000000000000000 mem 0x0000000080031f34
core   0: 0x000000008000fe8c (0x0ff77713) andi    a4, a4, 255
core   0: 3 0x000000008000fe8c (0x0ff77713) x14 0x0000000000000000
core   0: 0x000000008000fe90 (0x00e78023) sb      a4, 0(a5)
core   0: 3 0x000000008000fe90 (0x00e78023) mem 0x0000000080012055 0x00
core   0: 0x000000008000fe94 (0xfc843703) ld      a4, -56(s0)
core   0: 3 0x000000008000fe94 (0xfc843703) x14 0x0000000080012040 mem 0x0000000080031f38
core   0: 0x000000008000fe98 (0xfb843783) ld      a5, -72(s0)
core   0: 3 0x000000008000fe98 (0xfb843783) x15 0x000000000000009c mem 0x0000000080031f28
core   0: 0x000000008000fe9c (0x000097ba) c.add   a5, a4
core   0: 3 0x000000008000fe9c (0x97ba) x15 0x00000000800120dc
core   0: 0x000000008000fe9e (0xfe043703) ld      a4, -32(s0)
core   0: 3 0x000000008000fe9e (0xfe043703) x14 0x0000000080012056 mem 0x0000000080031f50
core   0: 0x000000008000fea2 (0xfcf76de3) bltu    a4, a5, pc - 38
core   0: 3 0x000000008000fea2 (0xfcf76de3)
core   0: 0x000000008000fe7c (0xfe043783) ld      a5, -32(s0)
core   0: 3 0x000000008000fe7c (0xfe043783) x15 0x0000000080012056 mem 0x0000000080031f50
core   0: 0x000000008000fe80 (0x00178713) addi    a4, a5, 1
core   0: 3 0x000000008000fe80 (0x00178713) x14 0x0000000080012057
core   0: 0x000000008000fe84 (0xfee43023) sd      a4, -32(s0)
core   0: 3 0x000000008000fe84 (0xfee43023) mem 0x0000000080031f50 0x0000000080012057
core   0: 0x000000008000fe88 (0xfc442703) lw      a4, -60(s0)
core   0: 3 0x000000008000fe88 (0xfc442703) x14 0x0000000000000000 mem 0x0000000080031f34
core   0: 0x000000008000fe8c (0x0ff77713) andi    a4, a4, 255
core   0: 3 0x000000008000fe8c (0x0ff77713) x14 0x0000000000000000
core   0: 0x000000008000fe90 (0x00e78023) sb      a4, 0(a5)
core   0: 3 0x000000008000fe90 (0x00e78023) mem 0x0000000080012056 0x00
core   0: 0x000000008000fe94 (0xfc843703) ld      a4, -56(s0)
core   0: 3 0x000000008000fe94 (0xfc843703) x14 0x0000000080012040 mem 0x0000000080031f38
core   0: 0x000000008000fe98 (0xfb843783) ld      a5, -72(s0)
core   0: 3 0x000000008000fe98 (0xfb843783) x15 0x000000000000009c mem 0x0000000080031f28
core   0: 0x000000008000fe9c (0x000097ba) c.add   a5, a4
core   0: 3 0x000000008000fe9c (0x97ba) x15 0x00000000800120dc
core   0: 0x000000008000fe9e (0xfe043703) ld      a4, -32(s0)
core   0: 3 0x000000008000fe9e (0xfe043703) x14 0x0000000080012057 mem 0x0000000080031f50
core   0: 0x000000008000fea2 (0xfcf76de3) bltu    a4, a5, pc - 38
core   0: 3 0x000000008000fea2 (0xfcf76de3)
core   0: 0x000000008000fe7c (0xfe043783) ld      a5, -32(s0)
core   0: 3 0x000000008000fe7c (0xfe043783) x15 0x0000000080012057 mem 0x0000000080031f50
core   0: 0x000000008000fe80 (0x00178713) addi    a4, a5, 1
core   0: 3 0x000000008000fe80 (0x00178713) x14 0x0000000080012058
core   0: 0x000000008000fe84 (0xfee43023) sd      a4, -32(s0)
core   0: 3 0x000000008000fe84 (0xfee43023) mem 0x0000000080031f50 0x0000000080012058
core   0: 0x000000008000fe88 (0xfc442703) lw      a4, -60(s0)
core   0: 3 0x000000008000fe88 (0xfc442703) x14 0x0000000000000000 mem 0x0000000080031f34
core   0: 0x000000008000fe8c (0x0ff77713) andi    a4, a4, 255
core   0: 3 0x000000008000fe8c (0x0ff77713) x14 0x0000000000000000
core   0: 0x000000008000fe90 (0x00e78023) sb      a4, 0(a5)
core   0: 3 0x000000008000fe90 (0x00e78023) mem 0x0000000080012057 0x00
core   0: 0x000000008000fe94 (0xfc843703) ld      a4, -56(s0)
core   0: 3 0x000000008000fe94 (0xfc843703) x14 0x0000000080012040 mem 0x0000000080031f38
core   0: 0x000000008000fe98 (0xfb843783) ld      a5, -72(s0)
core   0: 3 0x000000008000fe98 (0xfb843783) x15 0x000000000000009c mem 0x0000000080031f28
core   0: 0x000000008000fe9c (0x000097ba) c.add   a5, a4
core   0: 3 0x000000008000fe9c (0x97ba) x15 0x00000000800120dc
core   0: 0x000000008000fe9e (0xfe043703) ld      a4, -32(s0)
core   0: 3 0x000000008000fe9e (0xfe043703) x14 0x0000000080012058 mem 0x0000000080031f50
core   0: 0x000000008000fea2 (0xfcf76de3) bltu    a4, a5, pc - 38
core   0: 3 0x000000008000fea2 (0xfcf76de3)
core   0: 0x000000008000fe7c (0xfe043783) ld      a5, -32(s0)
core   0: 3 0x000000008000fe7c (0xfe043783) x15 0x0000000080012058 mem 0x0000000080031f50
core   0: 0x000000008000fe80 (0x00178713) addi    a4, a5, 1
core   0: 3 0x000000008000fe80 (0x00178713) x14 0x0000000080012059
core   0: 0x000000008000fe84 (0xfee43023) sd      a4, -32(s0)
core   0: 3 0x000000008000fe84 (0xfee43023) mem 0x0000000080031f50 0x0000000080012059
core   0: 0x000000008000fe88 (0xfc442703) lw      a4, -60(s0)
core   0: 3 0x000000008000fe88 (0xfc442703) x14 0x0000000000000000 mem 0x0000000080031f34
core   0: 0x000000008000fe8c (0x0ff77713) andi    a4, a4, 255
core   0: 3 0x000000008000fe8c (0x0ff77713) x14 0x0000000000000000
core   0: 0x000000008000fe90 (0x00e78023) sb      a4, 0(a5)
core   0: 3 0x000000008000fe90 (0x00e78023) mem 0x0000000080012058 0x00
core   0: 0x000000008000fe94 (0xfc843703) ld      a4, -56(s0)
core   0: 3 0x000000008000fe94 (0xfc843703) x14 0x0000000080012040 mem 0x0000000080031f38
core   0: 0x000000008000fe98 (0xfb843783) ld      a5, -72(s0)
core   0: 3 0x000000008000fe98 (0xfb843783) x15 0x000000000000009c mem 0x0000000080031f28
core   0: 0x000000008000fe9c (0x000097ba) c.add   a5, a4
core   0: 3 0x000000008000fe9c (0x97ba) x15 0x00000000800120dc
core   0: 0x000000008000fe9e (0xfe043703) ld      a4, -32(s0)
core   0: 3 0x000000008000fe9e (0xfe043703) x14 0x0000000080012059 mem 0x0000000080031f50
core   0: 0x000000008000fea2 (0xfcf76de3) bltu    a4, a5, pc - 38
core   0: 3 0x000000008000fea2 (0xfcf76de3)
core   0: 0x000000008000fe7c (0xfe043783) ld      a5, -32(s0)
core   0: 3 0x000000008000fe7c (0xfe043783) x15 0x0000000080012059 mem 0x0000000080031f50
core   0: 0x000000008000fe80 (0x00178713) addi    a4, a5, 1
core   0: 3 0x000000008000fe80 (0x00178713) x14 0x000000008001205a
core   0: 0x000000008000fe84 (0xfee43023) sd      a4, -32(s0)
core   0: 3 0x000000008000fe84 (0xfee43023) mem 0x0000000080031f50 0x000000008001205a
core   0: 0x000000008000fe88 (0xfc442703) lw      a4, -60(s0)
core   0: 3 0x000000008000fe88 (0xfc442703) x14 0x0000000000000000 mem 0x0000000080031f34
core   0: 0x000000008000fe8c (0x0ff77713) andi    a4, a4, 255
core   0: 3 0x000000008000fe8c (0x0ff77713) x14 0x0000000000000000
core   0: 0x000000008000fe90 (0x00e78023) sb      a4, 0(a5)
core   0: 3 0x000000008000fe90 (0x00e78023) mem 0x0000000080012059 0x00
core   0: 0x000000008000fe94 (0xfc843703) ld      a4, -56(s0)
core   0: 3 0x000000008000fe94 (0xfc843703) x14 0x0000000080012040 mem 0x0000000080031f38
core   0: 0x000000008000fe98 (0xfb843783) ld      a5, -72(s0)
core   0: 3 0x000000008000fe98 (0xfb843783) x15 0x000000000000009c mem 0x0000000080031f28
core   0: 0x000000008000fe9c (0x000097ba) c.add   a5, a4
core   0: 3 0x000000008000fe9c (0x97ba) x15 0x00000000800120dc
core   0: 0x000000008000fe9e (0xfe043703) ld      a4, -32(s0)
core   0: 3 0x000000008000fe9e (0xfe043703) x14 0x000000008001205a mem 0x0000000080031f50
core   0: 0x000000008000fea2 (0xfcf76de3) bltu    a4, a5, pc - 38
core   0: 3 0x000000008000fea2 (0xfcf76de3)
core   0: 0x000000008000fe7c (0xfe043783) ld      a5, -32(s0)
core   0: 3 0x000000008000fe7c (0xfe043783) x15 0x000000008001205a mem 0x0000000080031f50
core   0: 0x000000008000fe80 (0x00178713) addi    a4, a5, 1
core   0: 3 0x000000008000fe80 (0x00178713) x14 0x000000008001205b
core   0: 0x000000008000fe84 (0xfee43023) sd      a4, -32(s0)
core   0: 3 0x000000008000fe84 (0xfee43023) mem 0x0000000080031f50 0x000000008001205b
core   0: 0x000000008000fe88 (0xfc442703) lw      a4, -60(s0)
core   0: 3 0x000000008000fe88 (0xfc442703) x14 0x0000000000000000 mem 0x0000000080031f34
core   0: 0x000000008000fe8c (0x0ff77713) andi    a4, a4, 255
core   0: 3 0x000000008000fe8c (0x0ff77713) x14 0x0000000000000000
core   0: 0x000000008000fe90 (0x00e78023) sb      a4, 0(a5)
core   0: 3 0x000000008000fe90 (0x00e78023) mem 0x000000008001205a 0x00
core   0: 0x000000008000fe94 (0xfc843703) ld      a4, -56(s0)
core   0: 3 0x000000008000fe94 (0xfc843703) x14 0x0000000080012040 mem 0x0000000080031f38
core   0: 0x000000008000fe98 (0xfb843783) ld      a5, -72(s0)
core   0: 3 0x000000008000fe98 (0xfb843783) x15 0x000000000000009c mem 0x0000000080031f28
core   0: 0x000000008000fe9c (0x000097ba) c.add   a5, a4
core   0: 3 0x000000008000fe9c (0x97ba) x15 0x00000000800120dc
core   0: 0x000000008000fe9e (0xfe043703) ld      a4, -32(s0)
core   0: 3 0x000000008000fe9e (0xfe043703) x14 0x000000008001205b mem 0x0000000080031f50
core   0: 0x000000008000fea2 (0xfcf76de3) bltu    a4, a5, pc - 38
core   0: 3 0x000000008000fea2 (0xfcf76de3)
core   0: 0x000000008000fe7c (0xfe043783) ld      a5, -32(s0)
core   0: 3 0x000000008000fe7c (0xfe043783) x15 0x000000008001205b mem 0x0000000080031f50
core   0: 0x000000008000fe80 (0x00178713) addi    a4, a5, 1
core   0: 3 0x000000008000fe80 (0x00178713) x14 0x000000008001205c
core   0: 0x000000008000fe84 (0xfee43023) sd      a4, -32(s0)
core   0: 3 0x000000008000fe84 (0xfee43023) mem 0x0000000080031f50 0x000000008001205c
core   0: 0x000000008000fe88 (0xfc442703) lw      a4, -60(s0)
core   0: 3 0x000000008000fe88 (0xfc442703) x14 0x0000000000000000 mem 0x0000000080031f34
core   0: 0x000000008000fe8c (0x0ff77713) andi    a4, a4, 255
core   0: 3 0x000000008000fe8c (0x0ff77713) x14 0x0000000000000000
core   0: 0x000000008000fe90 (0x00e78023) sb      a4, 0(a5)
core   0: 3 0x000000008000fe90 (0x00e78023) mem 0x000000008001205b 0x00
core   0: 0x000000008000fe94 (0xfc843703) ld      a4, -56(s0)
core   0: 3 0x000000008000fe94 (0xfc843703) x14 0x0000000080012040 mem 0x0000000080031f38
core   0: 0x000000008000fe98 (0xfb843783) ld      a5, -72(s0)
core   0: 3 0x000000008000fe98 (0xfb843783) x15 0x000000000000009c mem 0x0000000080031f28
core   0: 0x000000008000fe9c (0x000097ba) c.add   a5, a4
core   0: 3 0x000000008000fe9c (0x97ba) x15 0x00000000800120dc
core   0: 0x000000008000fe9e (0xfe043703) ld      a4, -32(s0)
core   0: 3 0x000000008000fe9e (0xfe043703) x14 0x000000008001205c mem 0x0000000080031f50
core   0: 0x000000008000fea2 (0xfcf76de3) bltu    a4, a5, pc - 38
core   0: 3 0x000000008000fea2 (0xfcf76de3)
core   0: 0x000000008000fe7c (0xfe043783) ld      a5, -32(s0)
core   0: 3 0x000000008000fe7c (0xfe043783) x15 0x000000008001205c mem 0x0000000080031f50
core   0: 0x000000008000fe80 (0x00178713) addi    a4, a5, 1
core   0: 3 0x000000008000fe80 (0x00178713) x14 0x000000008001205d
core   0: 0x000000008000fe84 (0xfee43023) sd      a4, -32(s0)
core   0: 3 0x000000008000fe84 (0xfee43023) mem 0x0000000080031f50 0x000000008001205d
core   0: 0x000000008000fe88 (0xfc442703) lw      a4, -60(s0)
core   0: 3 0x000000008000fe88 (0xfc442703) x14 0x0000000000000000 mem 0x0000000080031f34
core   0: 0x000000008000fe8c (0x0ff77713) andi    a4, a4, 255
core   0: 3 0x000000008000fe8c (0x0ff77713) x14 0x0000000000000000
core   0: 0x000000008000fe90 (0x00e78023) sb      a4, 0(a5)
core   0: 3 0x000000008000fe90 (0x00e78023) mem 0x000000008001205c 0x00
core   0: 0x000000008000fe94 (0xfc843703) ld      a4, -56(s0)
core   0: 3 0x000000008000fe94 (0xfc843703) x14 0x0000000080012040 mem 0x0000000080031f38
core   0: 0x000000008000fe98 (0xfb843783) ld      a5, -72(s0)
core   0: 3 0x000000008000fe98 (0xfb843783) x15 0x000000000000009c mem 0x0000000080031f28
core   0: 0x000000008000fe9c (0x000097ba) c.add   a5, a4
core   0: 3 0x000000008000fe9c (0x97ba) x15 0x00000000800120dc
core   0: 0x000000008000fe9e (0xfe043703) ld      a4, -32(s0)
core   0: 3 0x000000008000fe9e (0xfe043703) x14 0x000000008001205d mem 0x0000000080031f50
core   0: 0x000000008000fea2 (0xfcf76de3) bltu    a4, a5, pc - 38
core   0: 3 0x000000008000fea2 (0xfcf76de3)
core   0: 0x000000008000fe7c (0xfe043783) ld      a5, -32(s0)
core   0: 3 0x000000008000fe7c (0xfe043783) x15 0x000000008001205d mem 0x0000000080031f50
core   0: 0x000000008000fe80 (0x00178713) addi    a4, a5, 1
core   0: 3 0x000000008000fe80 (0x00178713) x14 0x000000008001205e
core   0: 0x000000008000fe84 (0xfee43023) sd      a4, -32(s0)
core   0: 3 0x000000008000fe84 (0xfee43023) mem 0x0000000080031f50 0x000000008001205e
core   0: 0x000000008000fe88 (0xfc442703) lw      a4, -60(s0)
core   0: 3 0x000000008000fe88 (0xfc442703) x14 0x0000000000000000 mem 0x0000000080031f34
core   0: 0x000000008000fe8c (0x0ff77713) andi    a4, a4, 255
core   0: 3 0x000000008000fe8c (0x0ff77713) x14 0x0000000000000000
core   0: 0x000000008000fe90 (0x00e78023) sb      a4, 0(a5)
core   0: 3 0x000000008000fe90 (0x00e78023) mem 0x000000008001205d 0x00
core   0: 0x000000008000fe94 (0xfc843703) ld      a4, -56(s0)
core   0: 3 0x000000008000fe94 (0xfc843703) x14 0x0000000080012040 mem 0x0000000080031f38
core   0: 0x000000008000fe98 (0xfb843783) ld      a5, -72(s0)
core   0: 3 0x000000008000fe98 (0xfb843783) x15 0x000000000000009c mem 0x0000000080031f28
core   0: 0x000000008000fe9c (0x000097ba) c.add   a5, a4
core   0: 3 0x000000008000fe9c (0x97ba) x15 0x00000000800120dc
core   0: 0x000000008000fe9e (0xfe043703) ld      a4, -32(s0)
core   0: 3 0x000000008000fe9e (0xfe043703) x14 0x000000008001205e mem 0x0000000080031f50
core   0: 0x000000008000fea2 (0xfcf76de3) bltu    a4, a5, pc - 38
core   0: 3 0x000000008000fea2 (0xfcf76de3)
core   0: 0x000000008000fe7c (0xfe043783) ld      a5, -32(s0)
core   0: 3 0x000000008000fe7c (0xfe043783) x15 0x000000008001205e mem 0x0000000080031f50
core   0: 0x000000008000fe80 (0x00178713) addi    a4, a5, 1
core   0: 3 0x000000008000fe80 (0x00178713) x14 0x000000008001205f
core   0: 0x000000008000fe84 (0xfee43023) sd      a4, -32(s0)
core   0: 3 0x000000008000fe84 (0xfee43023) mem 0x0000000080031f50 0x000000008001205f
core   0: 0x000000008000fe88 (0xfc442703) lw      a4, -60(s0)
core   0: 3 0x000000008000fe88 (0xfc442703) x14 0x0000000000000000 mem 0x0000000080031f34
core   0: 0x000000008000fe8c (0x0ff77713) andi    a4, a4, 255
core   0: 3 0x000000008000fe8c (0x0ff77713) x14 0x0000000000000000
core   0: 0x000000008000fe90 (0x00e78023) sb      a4, 0(a5)
core   0: 3 0x000000008000fe90 (0x00e78023) mem 0x000000008001205e 0x00
core   0: 0x000000008000fe94 (0xfc843703) ld      a4, -56(s0)
core   0: 3 0x000000008000fe94 (0xfc843703) x14 0x0000000080012040 mem 0x0000000080031f38
core   0: 0x000000008000fe98 (0xfb843783) ld      a5, -72(s0)
core   0: 3 0x000000008000fe98 (0xfb843783) x15 0x000000000000009c mem 0x0000000080031f28
core   0: 0x000000008000fe9c (0x000097ba) c.add   a5, a4
core   0: 3 0x000000008000fe9c (0x97ba) x15 0x00000000800120dc
core   0: 0x000000008000fe9e (0xfe043703) ld      a4, -32(s0)
core   0: 3 0x000000008000fe9e (0xfe043703) x14 0x000000008001205f mem 0x0000000080031f50
core   0: 0x000000008000fea2 (0xfcf76de3) bltu    a4, a5, pc - 38
core   0: 3 0x000000008000fea2 (0xfcf76de3)
core   0: 0x000000008000fe7c (0xfe043783) ld      a5, -32(s0)
core   0: 3 0x000000008000fe7c (0xfe043783) x15 0x000000008001205f mem 0x0000000080031f50
core   0: 0x000000008000fe80 (0x00178713) addi    a4, a5, 1
core   0: 3 0x000000008000fe80 (0x00178713) x14 0x0000000080012060
core   0: 0x000000008000fe84 (0xfee43023) sd      a4, -32(s0)
core   0: 3 0x000000008000fe84 (0xfee43023) mem 0x0000000080031f50 0x0000000080012060
core   0: 0x000000008000fe88 (0xfc442703) lw      a4, -60(s0)
core   0: 3 0x000000008000fe88 (0xfc442703) x14 0x0000000000000000 mem 0x0000000080031f34
core   0: 0x000000008000fe8c (0x0ff77713) andi    a4, a4, 255
core   0: 3 0x000000008000fe8c (0x0ff77713) x14 0x0000000000000000
core   0: 0x000000008000fe90 (0x00e78023) sb      a4, 0(a5)
core   0: 3 0x000000008000fe90 (0x00e78023) mem 0x000000008001205f 0x00
core   0: 0x000000008000fe94 (0xfc843703) ld      a4, -56(s0)
core   0: 3 0x000000008000fe94 (0xfc843703) x14 0x0000000080012040 mem 0x0000000080031f38
core   0: 0x000000008000fe98 (0xfb843783) ld      a5, -72(s0)
core   0: 3 0x000000008000fe98 (0xfb843783) x15 0x000000000000009c mem 0x0000000080031f28
core   0: 0x000000008000fe9c (0x000097ba) c.add   a5, a4
core   0: 3 0x000000008000fe9c (0x97ba) x15 0x00000000800120dc
core   0: 0x000000008000fe9e (0xfe043703) ld      a4, -32(s0)
core   0: 3 0x000000008000fe9e (0xfe043703) x14 0x0000000080012060 mem 0x0000000080031f50
core   0: 0x000000008000fea2 (0xfcf76de3) bltu    a4, a5, pc - 38
core   0: 3 0x000000008000fea2 (0xfcf76de3)
core   0: 0x000000008000fe7c (0xfe043783) ld      a5, -32(s0)
core   0: 3 0x000000008000fe7c (0xfe043783) x15 0x0000000080012060 mem 0x0000000080031f50
core   0: 0x000000008000fe80 (0x00178713) addi    a4, a5, 1
core   0: 3 0x000000008000fe80 (0x00178713) x14 0x0000000080012061
core   0: 0x000000008000fe84 (0xfee43023) sd      a4, -32(s0)
core   0: 3 0x000000008000fe84 (0xfee43023) mem 0x0000000080031f50 0x0000000080012061
core   0: 0x000000008000fe88 (0xfc442703) lw      a4, -60(s0)
core   0: 3 0x000000008000fe88 (0xfc442703) x14 0x0000000000000000 mem 0x0000000080031f34
core   0: 0x000000008000fe8c (0x0ff77713) andi    a4, a4, 255
core   0: 3 0x000000008000fe8c (0x0ff77713) x14 0x0000000000000000
core   0: 0x000000008000fe90 (0x00e78023) sb      a4, 0(a5)
core   0: 3 0x000000008000fe90 (0x00e78023) mem 0x0000000080012060 0x00
core   0: 0x000000008000fe94 (0xfc843703) ld      a4, -56(s0)
core   0: 3 0x000000008000fe94 (0xfc843703) x14 0x0000000080012040 mem 0x0000000080031f38
core   0: 0x000000008000fe98 (0xfb843783) ld      a5, -72(s0)
core   0: 3 0x000000008000fe98 (0xfb843783) x15 0x000000000000009c mem 0x0000000080031f28
core   0: 0x000000008000fe9c (0x000097ba) c.add   a5, a4
core   0: 3 0x000000008000fe9c (0x97ba) x15 0x00000000800120dc
core   0: 0x000000008000fe9e (0xfe043703) ld      a4, -32(s0)
core   0: 3 0x000000008000fe9e (0xfe043703) x14 0x0000000080012061 mem 0x0000000080031f50
core   0: 0x000000008000fea2 (0xfcf76de3) bltu    a4, a5, pc - 38
core   0: 3 0x000000008000fea2 (0xfcf76de3)
core   0: 0x000000008000fe7c (0xfe043783) ld      a5, -32(s0)
core   0: 3 0x000000008000fe7c (0xfe043783) x15 0x0000000080012061 mem 0x0000000080031f50
core   0: 0x000000008000fe80 (0x00178713) addi    a4, a5, 1
core   0: 3 0x000000008000fe80 (0x00178713) x14 0x0000000080012062
core   0: 0x000000008000fe84 (0xfee43023) sd      a4, -32(s0)
core   0: 3 0x000000008000fe84 (0xfee43023) mem 0x0000000080031f50 0x0000000080012062
core   0: 0x000000008000fe88 (0xfc442703) lw      a4, -60(s0)
core   0: 3 0x000000008000fe88 (0xfc442703) x14 0x0000000000000000 mem 0x0000000080031f34
core   0: 0x000000008000fe8c (0x0ff77713) andi    a4, a4, 255
core   0: 3 0x000000008000fe8c (0x0ff77713) x14 0x0000000000000000
core   0: 0x000000008000fe90 (0x00e78023) sb      a4, 0(a5)
core   0: 3 0x000000008000fe90 (0x00e78023) mem 0x0000000080012061 0x00
core   0: 0x000000008000fe94 (0xfc843703) ld      a4, -56(s0)
core   0: 3 0x000000008000fe94 (0xfc843703) x14 0x0000000080012040 mem 0x0000000080031f38
core   0: 0x000000008000fe98 (0xfb843783) ld      a5, -72(s0)
core   0: 3 0x000000008000fe98 (0xfb843783) x15 0x000000000000009c mem 0x0000000080031f28
core   0: 0x000000008000fe9c (0x000097ba) c.add   a5, a4
core   0: 3 0x000000008000fe9c (0x97ba) x15 0x00000000800120dc
core   0: 0x000000008000fe9e (0xfe043703) ld      a4, -32(s0)
core   0: 3 0x000000008000fe9e (0xfe043703) x14 0x0000000080012062 mem 0x0000000080031f50
core   0: 0x000000008000fea2 (0xfcf76de3) bltu    a4, a5, pc - 38
core   0: 3 0x000000008000fea2 (0xfcf76de3)
core   0: 0x000000008000fe7c (0xfe043783) ld      a5, -32(s0)
core   0: 3 0x000000008000fe7c (0xfe043783) x15 0x0000000080012062 mem 0x0000000080031f50
core   0: 0x000000008000fe80 (0x00178713) addi    a4, a5, 1
core   0: 3 0x000000008000fe80 (0x00178713) x14 0x0000000080012063
core   0: 0x000000008000fe84 (0xfee43023) sd      a4, -32(s0)
core   0: 3 0x000000008000fe84 (0xfee43023) mem 0x0000000080031f50 0x0000000080012063
core   0: 0x000000008000fe88 (0xfc442703) lw      a4, -60(s0)
core   0: 3 0x000000008000fe88 (0xfc442703) x14 0x0000000000000000 mem 0x0000000080031f34
core   0: 0x000000008000fe8c (0x0ff77713) andi    a4, a4, 255
core   0: 3 0x000000008000fe8c (0x0ff77713) x14 0x0000000000000000
core   0: 0x000000008000fe90 (0x00e78023) sb      a4, 0(a5)
core   0: 3 0x000000008000fe90 (0x00e78023) mem 0x0000000080012062 0x00
core   0: 0x000000008000fe94 (0xfc843703) ld      a4, -56(s0)
core   0: 3 0x000000008000fe94 (0xfc843703) x14 0x0000000080012040 mem 0x0000000080031f38
core   0: 0x000000008000fe98 (0xfb843783) ld      a5, -72(s0)
core   0: 3 0x000000008000fe98 (0xfb843783) x15 0x000000000000009c mem 0x0000000080031f28
core   0: 0x000000008000fe9c (0x000097ba) c.add   a5, a4
core   0: 3 0x000000008000fe9c (0x97ba) x15 0x00000000800120dc
core   0: 0x000000008000fe9e (0xfe043703) ld      a4, -32(s0)
core   0: 3 0x000000008000fe9e (0xfe043703) x14 0x0000000080012063 mem 0x0000000080031f50
core   0: 0x000000008000fea2 (0xfcf76de3) bltu    a4, a5, pc - 38
core   0: 3 0x000000008000fea2 (0xfcf76de3)
core   0: 0x000000008000fe7c (0xfe043783) ld      a5, -32(s0)
core   0: 3 0x000000008000fe7c (0xfe043783) x15 0x0000000080012063 mem 0x0000000080031f50
core   0: 0x000000008000fe80 (0x00178713) addi    a4, a5, 1
core   0: 3 0x000000008000fe80 (0x00178713) x14 0x0000000080012064
core   0: 0x000000008000fe84 (0xfee43023) sd      a4, -32(s0)
core   0: 3 0x000000008000fe84 (0xfee43023) mem 0x0000000080031f50 0x0000000080012064
core   0: 0x000000008000fe88 (0xfc442703) lw      a4, -60(s0)
core   0: 3 0x000000008000fe88 (0xfc442703) x14 0x0000000000000000 mem 0x0000000080031f34
core   0: 0x000000008000fe8c (0x0ff77713) andi    a4, a4, 255
core   0: 3 0x000000008000fe8c (0x0ff77713) x14 0x0000000000000000
core   0: 0x000000008000fe90 (0x00e78023) sb      a4, 0(a5)
core   0: 3 0x000000008000fe90 (0x00e78023) mem 0x0000000080012063 0x00
core   0: 0x000000008000fe94 (0xfc843703) ld      a4, -56(s0)
core   0: 3 0x000000008000fe94 (0xfc843703) x14 0x0000000080012040 mem 0x0000000080031f38
core   0: 0x000000008000fe98 (0xfb843783) ld      a5, -72(s0)
core   0: 3 0x000000008000fe98 (0xfb843783) x15 0x000000000000009c mem 0x0000000080031f28
core   0: 0x000000008000fe9c (0x000097ba) c.add   a5, a4
core   0: 3 0x000000008000fe9c (0x97ba) x15 0x00000000800120dc
core   0: 0x000000008000fe9e (0xfe043703) ld      a4, -32(s0)
core   0: 3 0x000000008000fe9e (0xfe043703) x14 0x0000000080012064 mem 0x0000000080031f50
core   0: 0x000000008000fea2 (0xfcf76de3) bltu    a4, a5, pc - 38
core   0: 3 0x000000008000fea2 (0xfcf76de3)
core   0: 0x000000008000fe7c (0xfe043783) ld      a5, -32(s0)
core   0: 3 0x000000008000fe7c (0xfe043783) x15 0x0000000080012064 mem 0x0000000080031f50
core   0: 0x000000008000fe80 (0x00178713) addi    a4, a5, 1
core   0: 3 0x000000008000fe80 (0x00178713) x14 0x0000000080012065
core   0: 0x000000008000fe84 (0xfee43023) sd      a4, -32(s0)
core   0: 3 0x000000008000fe84 (0xfee43023) mem 0x0000000080031f50 0x0000000080012065
core   0: 0x000000008000fe88 (0xfc442703) lw      a4, -60(s0)
core   0: 3 0x000000008000fe88 (0xfc442703) x14 0x0000000000000000 mem 0x0000000080031f34
core   0: 0x000000008000fe8c (0x0ff77713) andi    a4, a4, 255
core   0: 3 0x000000008000fe8c (0x0ff77713) x14 0x0000000000000000
core   0: 0x000000008000fe90 (0x00e78023) sb      a4, 0(a5)
core   0: 3 0x000000008000fe90 (0x00e78023) mem 0x0000000080012064 0x00
core   0: 0x000000008000fe94 (0xfc843703) ld      a4, -56(s0)
core   0: 3 0x000000008000fe94 (0xfc843703) x14 0x0000000080012040 mem 0x0000000080031f38
core   0: 0x000000008000fe98 (0xfb843783) ld      a5, -72(s0)
core   0: 3 0x000000008000fe98 (0xfb843783) x15 0x000000000000009c mem 0x0000000080031f28
core   0: 0x000000008000fe9c (0x000097ba) c.add   a5, a4
core   0: 3 0x000000008000fe9c (0x97ba) x15 0x00000000800120dc
core   0: 0x000000008000fe9e (0xfe043703) ld      a4, -32(s0)
core   0: 3 0x000000008000fe9e (0xfe043703) x14 0x0000000080012065 mem 0x0000000080031f50
core   0: 0x000000008000fea2 (0xfcf76de3) bltu    a4, a5, pc - 38
core   0: 3 0x000000008000fea2 (0xfcf76de3)
core   0: 0x000000008000fe7c (0xfe043783) ld      a5, -32(s0)
core   0: 3 0x000000008000fe7c (0xfe043783) x15 0x0000000080012065 mem 0x0000000080031f50
core   0: 0x000000008000fe80 (0x00178713) addi    a4, a5, 1
core   0: 3 0x000000008000fe80 (0x00178713) x14 0x0000000080012066
core   0: 0x000000008000fe84 (0xfee43023) sd      a4, -32(s0)
core   0: 3 0x000000008000fe84 (0xfee43023) mem 0x0000000080031f50 0x0000000080012066
core   0: 0x000000008000fe88 (0xfc442703) lw      a4, -60(s0)
core   0: 3 0x000000008000fe88 (0xfc442703) x14 0x0000000000000000 mem 0x0000000080031f34
core   0: 0x000000008000fe8c (0x0ff77713) andi    a4, a4, 255
core   0: 3 0x000000008000fe8c (0x0ff77713) x14 0x0000000000000000
core   0: 0x000000008000fe90 (0x00e78023) sb      a4, 0(a5)
core   0: 3 0x000000008000fe90 (0x00e78023) mem 0x0000000080012065 0x00
core   0: 0x000000008000fe94 (0xfc843703) ld      a4, -56(s0)
core   0: 3 0x000000008000fe94 (0xfc843703) x14 0x0000000080012040 mem 0x0000000080031f38
core   0: 0x000000008000fe98 (0xfb843783) ld      a5, -72(s0)
core   0: 3 0x000000008000fe98 (0xfb843783) x15 0x000000000000009c mem 0x0000000080031f28
core   0: 0x000000008000fe9c (0x000097ba) c.add   a5, a4
core   0: 3 0x000000008000fe9c (0x97ba) x15 0x00000000800120dc
core   0: 0x000000008000fe9e (0xfe043703) ld      a4, -32(s0)
core   0: 3 0x000000008000fe9e (0xfe043703) x14 0x0000000080012066 mem 0x0000000080031f50
core   0: 0x000000008000fea2 (0xfcf76de3) bltu    a4, a5, pc - 38
core   0: 3 0x000000008000fea2 (0xfcf76de3)
core   0: 0x000000008000fe7c (0xfe043783) ld      a5, -32(s0)
core   0: 3 0x000000008000fe7c (0xfe043783) x15 0x0000000080012066 mem 0x0000000080031f50
core   0: 0x000000008000fe80 (0x00178713) addi    a4, a5, 1
core   0: 3 0x000000008000fe80 (0x00178713) x14 0x0000000080012067
core   0: 0x000000008000fe84 (0xfee43023) sd      a4, -32(s0)
core   0: 3 0x000000008000fe84 (0xfee43023) mem 0x0000000080031f50 0x0000000080012067
core   0: 0x000000008000fe88 (0xfc442703) lw      a4, -60(s0)
core   0: 3 0x000000008000fe88 (0xfc442703) x14 0x0000000000000000 mem 0x0000000080031f34
core   0: 0x000000008000fe8c (0x0ff77713) andi    a4, a4, 255
core   0: 3 0x000000008000fe8c (0x0ff77713) x14 0x0000000000000000
core   0: 0x000000008000fe90 (0x00e78023) sb      a4, 0(a5)
core   0: 3 0x000000008000fe90 (0x00e78023) mem 0x0000000080012066 0x00
core   0: 0x000000008000fe94 (0xfc843703) ld      a4, -56(s0)
core   0: 3 0x000000008000fe94 (0xfc843703) x14 0x0000000080012040 mem 0x0000000080031f38
core   0: 0x000000008000fe98 (0xfb843783) ld      a5, -72(s0)
core   0: 3 0x000000008000fe98 (0xfb843783) x15 0x000000000000009c mem 0x0000000080031f28
core   0: 0x000000008000fe9c (0x000097ba) c.add   a5, a4
core   0: 3 0x000000008000fe9c (0x97ba) x15 0x00000000800120dc
core   0: 0x000000008000fe9e (0xfe043703) ld      a4, -32(s0)
core   0: 3 0x000000008000fe9e (0xfe043703) x14 0x0000000080012067 mem 0x0000000080031f50
core   0: 0x000000008000fea2 (0xfcf76de3) bltu    a4, a5, pc - 38
core   0: 3 0x000000008000fea2 (0xfcf76de3)
core   0: 0x000000008000fe7c (0xfe043783) ld      a5, -32(s0)
core   0: 3 0x000000008000fe7c (0xfe043783) x15 0x0000000080012067 mem 0x0000000080031f50
core   0: 0x000000008000fe80 (0x00178713) addi    a4, a5, 1
core   0: 3 0x000000008000fe80 (0x00178713) x14 0x0000000080012068
core   0: 0x000000008000fe84 (0xfee43023) sd      a4, -32(s0)
core   0: 3 0x000000008000fe84 (0xfee43023) mem 0x0000000080031f50 0x0000000080012068
core   0: 0x000000008000fe88 (0xfc442703) lw      a4, -60(s0)
core   0: 3 0x000000008000fe88 (0xfc442703) x14 0x0000000000000000 mem 0x0000000080031f34
core   0: 0x000000008000fe8c (0x0ff77713) andi    a4, a4, 255
core   0: 3 0x000000008000fe8c (0x0ff77713) x14 0x0000000000000000
core   0: 0x000000008000fe90 (0x00e78023) sb      a4, 0(a5)
core   0: 3 0x000000008000fe90 (0x00e78023) mem 0x0000000080012067 0x00
core   0: 0x000000008000fe94 (0xfc843703) ld      a4, -56(s0)
core   0: 3 0x000000008000fe94 (0xfc843703) x14 0x0000000080012040 mem 0x0000000080031f38
core   0: 0x000000008000fe98 (0xfb843783) ld      a5, -72(s0)
core   0: 3 0x000000008000fe98 (0xfb843783) x15 0x000000000000009c mem 0x0000000080031f28
core   0: 0x000000008000fe9c (0x000097ba) c.add   a5, a4
core   0: 3 0x000000008000fe9c (0x97ba) x15 0x00000000800120dc
core   0: 0x000000008000fe9e (0xfe043703) ld      a4, -32(s0)
core   0: 3 0x000000008000fe9e (0xfe043703) x14 0x0000000080012068 mem 0x0000000080031f50
core   0: 0x000000008000fea2 (0xfcf76de3) bltu    a4, a5, pc - 38
core   0: 3 0x000000008000fea2 (0xfcf76de3)
core   0: 0x000000008000fe7c (0xfe043783) ld      a5, -32(s0)
core   0: 3 0x000000008000fe7c (0xfe043783) x15 0x0000000080012068 mem 0x0000000080031f50
core   0: 0x000000008000fe80 (0x00178713) addi    a4, a5, 1
core   0: 3 0x000000008000fe80 (0x00178713) x14 0x0000000080012069
core   0: 0x000000008000fe84 (0xfee43023) sd      a4, -32(s0)
core   0: 3 0x000000008000fe84 (0xfee43023) mem 0x0000000080031f50 0x0000000080012069
core   0: 0x000000008000fe88 (0xfc442703) lw      a4, -60(s0)
core   0: 3 0x000000008000fe88 (0xfc442703) x14 0x0000000000000000 mem 0x0000000080031f34
core   0: 0x000000008000fe8c (0x0ff77713) andi    a4, a4, 255
core   0: 3 0x000000008000fe8c (0x0ff77713) x14 0x0000000000000000
core   0: 0x000000008000fe90 (0x00e78023) sb      a4, 0(a5)
core   0: 3 0x000000008000fe90 (0x00e78023) mem 0x0000000080012068 0x00
core   0: 0x000000008000fe94 (0xfc843703) ld      a4, -56(s0)
core   0: 3 0x000000008000fe94 (0xfc843703) x14 0x0000000080012040 mem 0x0000000080031f38
core   0: 0x000000008000fe98 (0xfb843783) ld      a5, -72(s0)
core   0: 3 0x000000008000fe98 (0xfb843783) x15 0x000000000000009c mem 0x0000000080031f28
core   0: 0x000000008000fe9c (0x000097ba) c.add   a5, a4
core   0: 3 0x000000008000fe9c (0x97ba) x15 0x00000000800120dc
core   0: 0x000000008000fe9e (0xfe043703) ld      a4, -32(s0)
core   0: 3 0x000000008000fe9e (0xfe043703) x14 0x0000000080012069 mem 0x0000000080031f50
core   0: 0x000000008000fea2 (0xfcf76de3) bltu    a4, a5, pc - 38
core   0: 3 0x000000008000fea2 (0xfcf76de3)
core   0: 0x000000008000fe7c (0xfe043783) ld      a5, -32(s0)
core   0: 3 0x000000008000fe7c (0xfe043783) x15 0x0000000080012069 mem 0x0000000080031f50
core   0: 0x000000008000fe80 (0x00178713) addi    a4, a5, 1
core   0: 3 0x000000008000fe80 (0x00178713) x14 0x000000008001206a
core   0: 0x000000008000fe84 (0xfee43023) sd      a4, -32(s0)
core   0: 3 0x000000008000fe84 (0xfee43023) mem 0x0000000080031f50 0x000000008001206a
core   0: 0x000000008000fe88 (0xfc442703) lw      a4, -60(s0)
core   0: 3 0x000000008000fe88 (0xfc442703) x14 0x0000000000000000 mem 0x0000000080031f34
core   0: 0x000000008000fe8c (0x0ff77713) andi    a4, a4, 255
core   0: 3 0x000000008000fe8c (0x0ff77713) x14 0x0000000000000000
core   0: 0x000000008000fe90 (0x00e78023) sb      a4, 0(a5)
core   0: 3 0x000000008000fe90 (0x00e78023) mem 0x0000000080012069 0x00
core   0: 0x000000008000fe94 (0xfc843703) ld      a4, -56(s0)
core   0: 3 0x000000008000fe94 (0xfc843703) x14 0x0000000080012040 mem 0x0000000080031f38
core   0: 0x000000008000fe98 (0xfb843783) ld      a5, -72(s0)
core   0: 3 0x000000008000fe98 (0xfb843783) x15 0x000000000000009c mem 0x0000000080031f28
core   0: 0x000000008000fe9c (0x000097ba) c.add   a5, a4
core   0: 3 0x000000008000fe9c (0x97ba) x15 0x00000000800120dc
core   0: 0x000000008000fe9e (0xfe043703) ld      a4, -32(s0)
core   0: 3 0x000000008000fe9e (0xfe043703) x14 0x000000008001206a mem 0x0000000080031f50
core   0: 0x000000008000fea2 (0xfcf76de3) bltu    a4, a5, pc - 38
core   0: 3 0x000000008000fea2 (0xfcf76de3)
core   0: 0x000000008000fe7c (0xfe043783) ld      a5, -32(s0)
core   0: 3 0x000000008000fe7c (0xfe043783) x15 0x000000008001206a mem 0x0000000080031f50
core   0: 0x000000008000fe80 (0x00178713) addi    a4, a5, 1
core   0: 3 0x000000008000fe80 (0x00178713) x14 0x000000008001206b
core   0: 0x000000008000fe84 (0xfee43023) sd      a4, -32(s0)
core   0: 3 0x000000008000fe84 (0xfee43023) mem 0x0000000080031f50 0x000000008001206b
core   0: 0x000000008000fe88 (0xfc442703) lw      a4, -60(s0)
core   0: 3 0x000000008000fe88 (0xfc442703) x14 0x0000000000000000 mem 0x0000000080031f34
core   0: 0x000000008000fe8c (0x0ff77713) andi    a4, a4, 255
core   0: 3 0x000000008000fe8c (0x0ff77713) x14 0x0000000000000000
core   0: 0x000000008000fe90 (0x00e78023) sb      a4, 0(a5)
core   0: 3 0x000000008000fe90 (0x00e78023) mem 0x000000008001206a 0x00
core   0: 0x000000008000fe94 (0xfc843703) ld      a4, -56(s0)
core   0: 3 0x000000008000fe94 (0xfc843703) x14 0x0000000080012040 mem 0x0000000080031f38
core   0: 0x000000008000fe98 (0xfb843783) ld      a5, -72(s0)
core   0: 3 0x000000008000fe98 (0xfb843783) x15 0x000000000000009c mem 0x0000000080031f28
core   0: 0x000000008000fe9c (0x000097ba) c.add   a5, a4
core   0: 3 0x000000008000fe9c (0x97ba) x15 0x00000000800120dc
core   0: 0x000000008000fe9e (0xfe043703) ld      a4, -32(s0)
core   0: 3 0x000000008000fe9e (0xfe043703) x14 0x000000008001206b mem 0x0000000080031f50
core   0: 0x000000008000fea2 (0xfcf76de3) bltu    a4, a5, pc - 38
core   0: 3 0x000000008000fea2 (0xfcf76de3)
core   0: 0x000000008000fe7c (0xfe043783) ld      a5, -32(s0)
core   0: 3 0x000000008000fe7c (0xfe043783) x15 0x000000008001206b mem 0x0000000080031f50
core   0: 0x000000008000fe80 (0x00178713) addi    a4, a5, 1
core   0: 3 0x000000008000fe80 (0x00178713) x14 0x000000008001206c
core   0: 0x000000008000fe84 (0xfee43023) sd      a4, -32(s0)
core   0: 3 0x000000008000fe84 (0xfee43023) mem 0x0000000080031f50 0x000000008001206c
core   0: 0x000000008000fe88 (0xfc442703) lw      a4, -60(s0)
core   0: 3 0x000000008000fe88 (0xfc442703) x14 0x0000000000000000 mem 0x0000000080031f34
core   0: 0x000000008000fe8c (0x0ff77713) andi    a4, a4, 255
core   0: 3 0x000000008000fe8c (0x0ff77713) x14 0x0000000000000000
core   0: 0x000000008000fe90 (0x00e78023) sb      a4, 0(a5)
core   0: 3 0x000000008000fe90 (0x00e78023) mem 0x000000008001206b 0x00
core   0: 0x000000008000fe94 (0xfc843703) ld      a4, -56(s0)
core   0: 3 0x000000008000fe94 (0xfc843703) x14 0x0000000080012040 mem 0x0000000080031f38
core   0: 0x000000008000fe98 (0xfb843783) ld      a5, -72(s0)
core   0: 3 0x000000008000fe98 (0xfb843783) x15 0x000000000000009c mem 0x0000000080031f28
core   0: 0x000000008000fe9c (0x000097ba) c.add   a5, a4
core   0: 3 0x000000008000fe9c (0x97ba) x15 0x00000000800120dc
core   0: 0x000000008000fe9e (0xfe043703) ld      a4, -32(s0)
core   0: 3 0x000000008000fe9e (0xfe043703) x14 0x000000008001206c mem 0x0000000080031f50
core   0: 0x000000008000fea2 (0xfcf76de3) bltu    a4, a5, pc - 38
core   0: 3 0x000000008000fea2 (0xfcf76de3)
core   0: 0x000000008000fe7c (0xfe043783) ld      a5, -32(s0)
core   0: 3 0x000000008000fe7c (0xfe043783) x15 0x000000008001206c mem 0x0000000080031f50
core   0: 0x000000008000fe80 (0x00178713) addi    a4, a5, 1
core   0: 3 0x000000008000fe80 (0x00178713) x14 0x000000008001206d
core   0: 0x000000008000fe84 (0xfee43023) sd      a4, -32(s0)
core   0: 3 0x000000008000fe84 (0xfee43023) mem 0x0000000080031f50 0x000000008001206d
core   0: 0x000000008000fe88 (0xfc442703) lw      a4, -60(s0)
core   0: 3 0x000000008000fe88 (0xfc442703) x14 0x0000000000000000 mem 0x0000000080031f34
core   0: 0x000000008000fe8c (0x0ff77713) andi    a4, a4, 255
core   0: 3 0x000000008000fe8c (0x0ff77713) x14 0x0000000000000000
core   0: 0x000000008000fe90 (0x00e78023) sb      a4, 0(a5)
core   0: 3 0x000000008000fe90 (0x00e78023) mem 0x000000008001206c 0x00
core   0: 0x000000008000fe94 (0xfc843703) ld      a4, -56(s0)
core   0: 3 0x000000008000fe94 (0xfc843703) x14 0x0000000080012040 mem 0x0000000080031f38
core   0: 0x000000008000fe98 (0xfb843783) ld      a5, -72(s0)
core   0: 3 0x000000008000fe98 (0xfb843783) x15 0x000000000000009c mem 0x0000000080031f28
core   0: 0x000000008000fe9c (0x000097ba) c.add   a5, a4
core   0: 3 0x000000008000fe9c (0x97ba) x15 0x00000000800120dc
core   0: 0x000000008000fe9e (0xfe043703) ld      a4, -32(s0)
core   0: 3 0x000000008000fe9e (0xfe043703) x14 0x000000008001206d mem 0x0000000080031f50
core   0: 0x000000008000fea2 (0xfcf76de3) bltu    a4, a5, pc - 38
core   0: 3 0x000000008000fea2 (0xfcf76de3)
core   0: 0x000000008000fe7c (0xfe043783) ld      a5, -32(s0)
core   0: 3 0x000000008000fe7c (0xfe043783) x15 0x000000008001206d mem 0x0000000080031f50
core   0: 0x000000008000fe80 (0x00178713) addi    a4, a5, 1
core   0: 3 0x000000008000fe80 (0x00178713) x14 0x000000008001206e
core   0: 0x000000008000fe84 (0xfee43023) sd      a4, -32(s0)
core   0: 3 0x000000008000fe84 (0xfee43023) mem 0x0000000080031f50 0x000000008001206e
core   0: 0x000000008000fe88 (0xfc442703) lw      a4, -60(s0)
core   0: 3 0x000000008000fe88 (0xfc442703) x14 0x0000000000000000 mem 0x0000000080031f34
core   0: 0x000000008000fe8c (0x0ff77713) andi    a4, a4, 255
core   0: 3 0x000000008000fe8c (0x0ff77713) x14 0x0000000000000000
core   0: 0x000000008000fe90 (0x00e78023) sb      a4, 0(a5)
core   0: 3 0x000000008000fe90 (0x00e78023) mem 0x000000008001206d 0x00
core   0: 0x000000008000fe94 (0xfc843703) ld      a4, -56(s0)
core   0: 3 0x000000008000fe94 (0xfc843703) x14 0x0000000080012040 mem 0x0000000080031f38
core   0: 0x000000008000fe98 (0xfb843783) ld      a5, -72(s0)
core   0: 3 0x000000008000fe98 (0xfb843783) x15 0x000000000000009c mem 0x0000000080031f28
core   0: 0x000000008000fe9c (0x000097ba) c.add   a5, a4
core   0: 3 0x000000008000fe9c (0x97ba) x15 0x00000000800120dc
core   0: 0x000000008000fe9e (0xfe043703) ld      a4, -32(s0)
core   0: 3 0x000000008000fe9e (0xfe043703) x14 0x000000008001206e mem 0x0000000080031f50
core   0: 0x000000008000fea2 (0xfcf76de3) bltu    a4, a5, pc - 38
core   0: 3 0x000000008000fea2 (0xfcf76de3)
core   0: 0x000000008000fe7c (0xfe043783) ld      a5, -32(s0)
core   0: 3 0x000000008000fe7c (0xfe043783) x15 0x000000008001206e mem 0x0000000080031f50
core   0: 0x000000008000fe80 (0x00178713) addi    a4, a5, 1
core   0: 3 0x000000008000fe80 (0x00178713) x14 0x000000008001206f
core   0: 0x000000008000fe84 (0xfee43023) sd      a4, -32(s0)
core   0: 3 0x000000008000fe84 (0xfee43023) mem 0x0000000080031f50 0x000000008001206f
core   0: 0x000000008000fe88 (0xfc442703) lw      a4, -60(s0)
core   0: 3 0x000000008000fe88 (0xfc442703) x14 0x0000000000000000 mem 0x0000000080031f34
core   0: 0x000000008000fe8c (0x0ff77713) andi    a4, a4, 255
core   0: 3 0x000000008000fe8c (0x0ff77713) x14 0x0000000000000000
core   0: 0x000000008000fe90 (0x00e78023) sb      a4, 0(a5)
core   0: 3 0x000000008000fe90 (0x00e78023) mem 0x000000008001206e 0x00
core   0: 0x000000008000fe94 (0xfc843703) ld      a4, -56(s0)
core   0: 3 0x000000008000fe94 (0xfc843703) x14 0x0000000080012040 mem 0x0000000080031f38
core   0: 0x000000008000fe98 (0xfb843783) ld      a5, -72(s0)
core   0: 3 0x000000008000fe98 (0xfb843783) x15 0x000000000000009c mem 0x0000000080031f28
core   0: 0x000000008000fe9c (0x000097ba) c.add   a5, a4
core   0: 3 0x000000008000fe9c (0x97ba) x15 0x00000000800120dc
core   0: 0x000000008000fe9e (0xfe043703) ld      a4, -32(s0)
core   0: 3 0x000000008000fe9e (0xfe043703) x14 0x000000008001206f mem 0x0000000080031f50
core   0: 0x000000008000fea2 (0xfcf76de3) bltu    a4, a5, pc - 38
core   0: 3 0x000000008000fea2 (0xfcf76de3)
core   0: 0x000000008000fe7c (0xfe043783) ld      a5, -32(s0)
core   0: 3 0x000000008000fe7c (0xfe043783) x15 0x000000008001206f mem 0x0000000080031f50
core   0: 0x000000008000fe80 (0x00178713) addi    a4, a5, 1
core   0: 3 0x000000008000fe80 (0x00178713) x14 0x0000000080012070
core   0: 0x000000008000fe84 (0xfee43023) sd      a4, -32(s0)
core   0: 3 0x000000008000fe84 (0xfee43023) mem 0x0000000080031f50 0x0000000080012070
core   0: 0x000000008000fe88 (0xfc442703) lw      a4, -60(s0)
core   0: 3 0x000000008000fe88 (0xfc442703) x14 0x0000000000000000 mem 0x0000000080031f34
core   0: 0x000000008000fe8c (0x0ff77713) andi    a4, a4, 255
core   0: 3 0x000000008000fe8c (0x0ff77713) x14 0x0000000000000000
core   0: 0x000000008000fe90 (0x00e78023) sb      a4, 0(a5)
core   0: 3 0x000000008000fe90 (0x00e78023) mem 0x000000008001206f 0x00
core   0: 0x000000008000fe94 (0xfc843703) ld      a4, -56(s0)
core   0: 3 0x000000008000fe94 (0xfc843703) x14 0x0000000080012040 mem 0x0000000080031f38
core   0: 0x000000008000fe98 (0xfb843783) ld      a5, -72(s0)
core   0: 3 0x000000008000fe98 (0xfb843783) x15 0x000000000000009c mem 0x0000000080031f28
core   0: 0x000000008000fe9c (0x000097ba) c.add   a5, a4
core   0: 3 0x000000008000fe9c (0x97ba) x15 0x00000000800120dc
core   0: 0x000000008000fe9e (0xfe043703) ld      a4, -32(s0)
core   0: 3 0x000000008000fe9e (0xfe043703) x14 0x0000000080012070 mem 0x0000000080031f50
core   0: 0x000000008000fea2 (0xfcf76de3) bltu    a4, a5, pc - 38
core   0: 3 0x000000008000fea2 (0xfcf76de3)
core   0: 0x000000008000fe7c (0xfe043783) ld      a5, -32(s0)
core   0: 3 0x000000008000fe7c (0xfe043783) x15 0x0000000080012070 mem 0x0000000080031f50
core   0: 0x000000008000fe80 (0x00178713) addi    a4, a5, 1
core   0: 3 0x000000008000fe80 (0x00178713) x14 0x0000000080012071
core   0: 0x000000008000fe84 (0xfee43023) sd      a4, -32(s0)
core   0: 3 0x000000008000fe84 (0xfee43023) mem 0x0000000080031f50 0x0000000080012071
core   0: 0x000000008000fe88 (0xfc442703) lw      a4, -60(s0)
core   0: 3 0x000000008000fe88 (0xfc442703) x14 0x0000000000000000 mem 0x0000000080031f34
core   0: 0x000000008000fe8c (0x0ff77713) andi    a4, a4, 255
core   0: 3 0x000000008000fe8c (0x0ff77713) x14 0x0000000000000000
core   0: 0x000000008000fe90 (0x00e78023) sb      a4, 0(a5)
core   0: 3 0x000000008000fe90 (0x00e78023) mem 0x0000000080012070 0x00
core   0: 0x000000008000fe94 (0xfc843703) ld      a4, -56(s0)
core   0: 3 0x000000008000fe94 (0xfc843703) x14 0x0000000080012040 mem 0x0000000080031f38
core   0: 0x000000008000fe98 (0xfb843783) ld      a5, -72(s0)
core   0: 3 0x000000008000fe98 (0xfb843783) x15 0x000000000000009c mem 0x0000000080031f28
core   0: 0x000000008000fe9c (0x000097ba) c.add   a5, a4
core   0: 3 0x000000008000fe9c (0x97ba) x15 0x00000000800120dc
core   0: 0x000000008000fe9e (0xfe043703) ld      a4, -32(s0)
core   0: 3 0x000000008000fe9e (0xfe043703) x14 0x0000000080012071 mem 0x0000000080031f50
core   0: 0x000000008000fea2 (0xfcf76de3) bltu    a4, a5, pc - 38
core   0: 3 0x000000008000fea2 (0xfcf76de3)
core   0: 0x000000008000fe7c (0xfe043783) ld      a5, -32(s0)
core   0: 3 0x000000008000fe7c (0xfe043783) x15 0x0000000080012071 mem 0x0000000080031f50
core   0: 0x000000008000fe80 (0x00178713) addi    a4, a5, 1
core   0: 3 0x000000008000fe80 (0x00178713) x14 0x0000000080012072
core   0: 0x000000008000fe84 (0xfee43023) sd      a4, -32(s0)
core   0: 3 0x000000008000fe84 (0xfee43023) mem 0x0000000080031f50 0x0000000080012072
core   0: 0x000000008000fe88 (0xfc442703) lw      a4, -60(s0)
core   0: 3 0x000000008000fe88 (0xfc442703) x14 0x0000000000000000 mem 0x0000000080031f34
core   0: 0x000000008000fe8c (0x0ff77713) andi    a4, a4, 255
core   0: 3 0x000000008000fe8c (0x0ff77713) x14 0x0000000000000000
core   0: 0x000000008000fe90 (0x00e78023) sb      a4, 0(a5)
core   0: 3 0x000000008000fe90 (0x00e78023) mem 0x0000000080012071 0x00
core   0: 0x000000008000fe94 (0xfc843703) ld      a4, -56(s0)
core   0: 3 0x000000008000fe94 (0xfc843703) x14 0x0000000080012040 mem 0x0000000080031f38
core   0: 0x000000008000fe98 (0xfb843783) ld      a5, -72(s0)
core   0: 3 0x000000008000fe98 (0xfb843783) x15 0x000000000000009c mem 0x0000000080031f28
core   0: 0x000000008000fe9c (0x000097ba) c.add   a5, a4
core   0: 3 0x000000008000fe9c (0x97ba) x15 0x00000000800120dc
core   0: 0x000000008000fe9e (0xfe043703) ld      a4, -32(s0)
core   0: 3 0x000000008000fe9e (0xfe043703) x14 0x0000000080012072 mem 0x0000000080031f50
core   0: 0x000000008000fea2 (0xfcf76de3) bltu    a4, a5, pc - 38
core   0: 3 0x000000008000fea2 (0xfcf76de3)
core   0: 0x000000008000fe7c (0xfe043783) ld      a5, -32(s0)
core   0: 3 0x000000008000fe7c (0xfe043783) x15 0x0000000080012072 mem 0x0000000080031f50
core   0: 0x000000008000fe80 (0x00178713) addi    a4, a5, 1
core   0: 3 0x000000008000fe80 (0x00178713) x14 0x0000000080012073
core   0: 0x000000008000fe84 (0xfee43023) sd      a4, -32(s0)
core   0: 3 0x000000008000fe84 (0xfee43023) mem 0x0000000080031f50 0x0000000080012073
core   0: 0x000000008000fe88 (0xfc442703) lw      a4, -60(s0)
core   0: 3 0x000000008000fe88 (0xfc442703) x14 0x0000000000000000 mem 0x0000000080031f34
core   0: 0x000000008000fe8c (0x0ff77713) andi    a4, a4, 255
core   0: 3 0x000000008000fe8c (0x0ff77713) x14 0x0000000000000000
core   0: 0x000000008000fe90 (0x00e78023) sb      a4, 0(a5)
core   0: 3 0x000000008000fe90 (0x00e78023) mem 0x0000000080012072 0x00
core   0: 0x000000008000fe94 (0xfc843703) ld      a4, -56(s0)
core   0: 3 0x000000008000fe94 (0xfc843703) x14 0x0000000080012040 mem 0x0000000080031f38
core   0: 0x000000008000fe98 (0xfb843783) ld      a5, -72(s0)
core   0: 3 0x000000008000fe98 (0xfb843783) x15 0x000000000000009c mem 0x0000000080031f28
core   0: 0x000000008000fe9c (0x000097ba) c.add   a5, a4
core   0: 3 0x000000008000fe9c (0x97ba) x15 0x00000000800120dc
core   0: 0x000000008000fe9e (0xfe043703) ld      a4, -32(s0)
core   0: 3 0x000000008000fe9e (0xfe043703) x14 0x0000000080012073 mem 0x0000000080031f50
core   0: 0x000000008000fea2 (0xfcf76de3) bltu    a4, a5, pc - 38
core   0: 3 0x000000008000fea2 (0xfcf76de3)
core   0: 0x000000008000fe7c (0xfe043783) ld      a5, -32(s0)
core   0: 3 0x000000008000fe7c (0xfe043783) x15 0x0000000080012073 mem 0x0000000080031f50
core   0: 0x000000008000fe80 (0x00178713) addi    a4, a5, 1
core   0: 3 0x000000008000fe80 (0x00178713) x14 0x0000000080012074
core   0: 0x000000008000fe84 (0xfee43023) sd      a4, -32(s0)
core   0: 3 0x000000008000fe84 (0xfee43023) mem 0x0000000080031f50 0x0000000080012074
core   0: 0x000000008000fe88 (0xfc442703) lw      a4, -60(s0)
core   0: 3 0x000000008000fe88 (0xfc442703) x14 0x0000000000000000 mem 0x0000000080031f34
core   0: 0x000000008000fe8c (0x0ff77713) andi    a4, a4, 255
core   0: 3 0x000000008000fe8c (0x0ff77713) x14 0x0000000000000000
core   0: 0x000000008000fe90 (0x00e78023) sb      a4, 0(a5)
core   0: 3 0x000000008000fe90 (0x00e78023) mem 0x0000000080012073 0x00
core   0: 0x000000008000fe94 (0xfc843703) ld      a4, -56(s0)
core   0: 3 0x000000008000fe94 (0xfc843703) x14 0x0000000080012040 mem 0x0000000080031f38
core   0: 0x000000008000fe98 (0xfb843783) ld      a5, -72(s0)
core   0: 3 0x000000008000fe98 (0xfb843783) x15 0x000000000000009c mem 0x0000000080031f28
core   0: 0x000000008000fe9c (0x000097ba) c.add   a5, a4
core   0: 3 0x000000008000fe9c (0x97ba) x15 0x00000000800120dc
core   0: 0x000000008000fe9e (0xfe043703) ld      a4, -32(s0)
core   0: 3 0x000000008000fe9e (0xfe043703) x14 0x0000000080012074 mem 0x0000000080031f50
core   0: 0x000000008000fea2 (0xfcf76de3) bltu    a4, a5, pc - 38
core   0: 3 0x000000008000fea2 (0xfcf76de3)
core   0: 0x000000008000fe7c (0xfe043783) ld      a5, -32(s0)
core   0: 3 0x000000008000fe7c (0xfe043783) x15 0x0000000080012074 mem 0x0000000080031f50
core   0: 0x000000008000fe80 (0x00178713) addi    a4, a5, 1
core   0: 3 0x000000008000fe80 (0x00178713) x14 0x0000000080012075
core   0: 0x000000008000fe84 (0xfee43023) sd      a4, -32(s0)
core   0: 3 0x000000008000fe84 (0xfee43023) mem 0x0000000080031f50 0x0000000080012075
core   0: 0x000000008000fe88 (0xfc442703) lw      a4, -60(s0)
core   0: 3 0x000000008000fe88 (0xfc442703) x14 0x0000000000000000 mem 0x0000000080031f34
core   0: 0x000000008000fe8c (0x0ff77713) andi    a4, a4, 255
core   0: 3 0x000000008000fe8c (0x0ff77713) x14 0x0000000000000000
core   0: 0x000000008000fe90 (0x00e78023) sb      a4, 0(a5)
core   0: 3 0x000000008000fe90 (0x00e78023) mem 0x0000000080012074 0x00
core   0: 0x000000008000fe94 (0xfc843703) ld      a4, -56(s0)
core   0: 3 0x000000008000fe94 (0xfc843703) x14 0x0000000080012040 mem 0x0000000080031f38
core   0: 0x000000008000fe98 (0xfb843783) ld      a5, -72(s0)
core   0: 3 0x000000008000fe98 (0xfb843783) x15 0x000000000000009c mem 0x0000000080031f28
core   0: 0x000000008000fe9c (0x000097ba) c.add   a5, a4
core   0: 3 0x000000008000fe9c (0x97ba) x15 0x00000000800120dc
core   0: 0x000000008000fe9e (0xfe043703) ld      a4, -32(s0)
core   0: 3 0x000000008000fe9e (0xfe043703) x14 0x0000000080012075 mem 0x0000000080031f50
core   0: 0x000000008000fea2 (0xfcf76de3) bltu    a4, a5, pc - 38
core   0: 3 0x000000008000fea2 (0xfcf76de3)
core   0: 0x000000008000fe7c (0xfe043783) ld      a5, -32(s0)
core   0: 3 0x000000008000fe7c (0xfe043783) x15 0x0000000080012075 mem 0x0000000080031f50
core   0: 0x000000008000fe80 (0x00178713) addi    a4, a5, 1
core   0: 3 0x000000008000fe80 (0x00178713) x14 0x0000000080012076
core   0: 0x000000008000fe84 (0xfee43023) sd      a4, -32(s0)
core   0: 3 0x000000008000fe84 (0xfee43023) mem 0x0000000080031f50 0x0000000080012076
core   0: 0x000000008000fe88 (0xfc442703) lw      a4, -60(s0)
core   0: 3 0x000000008000fe88 (0xfc442703) x14 0x0000000000000000 mem 0x0000000080031f34
core   0: 0x000000008000fe8c (0x0ff77713) andi    a4, a4, 255
core   0: 3 0x000000008000fe8c (0x0ff77713) x14 0x0000000000000000
core   0: 0x000000008000fe90 (0x00e78023) sb      a4, 0(a5)
core   0: 3 0x000000008000fe90 (0x00e78023) mem 0x0000000080012075 0x00
core   0: 0x000000008000fe94 (0xfc843703) ld      a4, -56(s0)
core   0: 3 0x000000008000fe94 (0xfc843703) x14 0x0000000080012040 mem 0x0000000080031f38
core   0: 0x000000008000fe98 (0xfb843783) ld      a5, -72(s0)
core   0: 3 0x000000008000fe98 (0xfb843783) x15 0x000000000000009c mem 0x0000000080031f28
core   0: 0x000000008000fe9c (0x000097ba) c.add   a5, a4
core   0: 3 0x000000008000fe9c (0x97ba) x15 0x00000000800120dc
core   0: 0x000000008000fe9e (0xfe043703) ld      a4, -32(s0)
core   0: 3 0x000000008000fe9e (0xfe043703) x14 0x0000000080012076 mem 0x0000000080031f50
core   0: 0x000000008000fea2 (0xfcf76de3) bltu    a4, a5, pc - 38
core   0: 3 0x000000008000fea2 (0xfcf76de3)
core   0: 0x000000008000fe7c (0xfe043783) ld      a5, -32(s0)
core   0: 3 0x000000008000fe7c (0xfe043783) x15 0x0000000080012076 mem 0x0000000080031f50
core   0: 0x000000008000fe80 (0x00178713) addi    a4, a5, 1
core   0: 3 0x000000008000fe80 (0x00178713) x14 0x0000000080012077
core   0: 0x000000008000fe84 (0xfee43023) sd      a4, -32(s0)
core   0: 3 0x000000008000fe84 (0xfee43023) mem 0x0000000080031f50 0x0000000080012077
core   0: 0x000000008000fe88 (0xfc442703) lw      a4, -60(s0)
core   0: 3 0x000000008000fe88 (0xfc442703) x14 0x0000000000000000 mem 0x0000000080031f34
core   0: 0x000000008000fe8c (0x0ff77713) andi    a4, a4, 255
core   0: 3 0x000000008000fe8c (0x0ff77713) x14 0x0000000000000000
core   0: 0x000000008000fe90 (0x00e78023) sb      a4, 0(a5)
core   0: 3 0x000000008000fe90 (0x00e78023) mem 0x0000000080012076 0x00
core   0: 0x000000008000fe94 (0xfc843703) ld      a4, -56(s0)
core   0: 3 0x000000008000fe94 (0xfc843703) x14 0x0000000080012040 mem 0x0000000080031f38
core   0: 0x000000008000fe98 (0xfb843783) ld      a5, -72(s0)
core   0: 3 0x000000008000fe98 (0xfb843783) x15 0x000000000000009c mem 0x0000000080031f28
core   0: 0x000000008000fe9c (0x000097ba) c.add   a5, a4
core   0: 3 0x000000008000fe9c (0x97ba) x15 0x00000000800120dc
core   0: 0x000000008000fe9e (0xfe043703) ld      a4, -32(s0)
core   0: 3 0x000000008000fe9e (0xfe043703) x14 0x0000000080012077 mem 0x0000000080031f50
core   0: 0x000000008000fea2 (0xfcf76de3) bltu    a4, a5, pc - 38
core   0: 3 0x000000008000fea2 (0xfcf76de3)
core   0: 0x000000008000fe7c (0xfe043783) ld      a5, -32(s0)
core   0: 3 0x000000008000fe7c (0xfe043783) x15 0x0000000080012077 mem 0x0000000080031f50
core   0: 0x000000008000fe80 (0x00178713) addi    a4, a5, 1
core   0: 3 0x000000008000fe80 (0x00178713) x14 0x0000000080012078
core   0: 0x000000008000fe84 (0xfee43023) sd      a4, -32(s0)
core   0: 3 0x000000008000fe84 (0xfee43023) mem 0x0000000080031f50 0x0000000080012078
core   0: 0x000000008000fe88 (0xfc442703) lw      a4, -60(s0)
core   0: 3 0x000000008000fe88 (0xfc442703) x14 0x0000000000000000 mem 0x0000000080031f34
core   0: 0x000000008000fe8c (0x0ff77713) andi    a4, a4, 255
core   0: 3 0x000000008000fe8c (0x0ff77713) x14 0x0000000000000000
core   0: 0x000000008000fe90 (0x00e78023) sb      a4, 0(a5)
core   0: 3 0x000000008000fe90 (0x00e78023) mem 0x0000000080012077 0x00
core   0: 0x000000008000fe94 (0xfc843703) ld      a4, -56(s0)
core   0: 3 0x000000008000fe94 (0xfc843703) x14 0x0000000080012040 mem 0x0000000080031f38
core   0: 0x000000008000fe98 (0xfb843783) ld      a5, -72(s0)
core   0: 3 0x000000008000fe98 (0xfb843783) x15 0x000000000000009c mem 0x0000000080031f28
core   0: 0x000000008000fe9c (0x000097ba) c.add   a5, a4
core   0: 3 0x000000008000fe9c (0x97ba) x15 0x00000000800120dc
core   0: 0x000000008000fe9e (0xfe043703) ld      a4, -32(s0)
core   0: 3 0x000000008000fe9e (0xfe043703) x14 0x0000000080012078 mem 0x0000000080031f50
core   0: 0x000000008000fea2 (0xfcf76de3) bltu    a4, a5, pc - 38
core   0: 3 0x000000008000fea2 (0xfcf76de3)
core   0: 0x000000008000fe7c (0xfe043783) ld      a5, -32(s0)
core   0: 3 0x000000008000fe7c (0xfe043783) x15 0x0000000080012078 mem 0x0000000080031f50
core   0: 0x000000008000fe80 (0x00178713) addi    a4, a5, 1
core   0: 3 0x000000008000fe80 (0x00178713) x14 0x0000000080012079
core   0: 0x000000008000fe84 (0xfee43023) sd      a4, -32(s0)
core   0: 3 0x000000008000fe84 (0xfee43023) mem 0x0000000080031f50 0x0000000080012079
core   0: 0x000000008000fe88 (0xfc442703) lw      a4, -60(s0)
core   0: 3 0x000000008000fe88 (0xfc442703) x14 0x0000000000000000 mem 0x0000000080031f34
core   0: 0x000000008000fe8c (0x0ff77713) andi    a4, a4, 255
core   0: 3 0x000000008000fe8c (0x0ff77713) x14 0x0000000000000000
core   0: 0x000000008000fe90 (0x00e78023) sb      a4, 0(a5)
core   0: 3 0x000000008000fe90 (0x00e78023) mem 0x0000000080012078 0x00
core   0: 0x000000008000fe94 (0xfc843703) ld      a4, -56(s0)
core   0: 3 0x000000008000fe94 (0xfc843703) x14 0x0000000080012040 mem 0x0000000080031f38
core   0: 0x000000008000fe98 (0xfb843783) ld      a5, -72(s0)
core   0: 3 0x000000008000fe98 (0xfb843783) x15 0x000000000000009c mem 0x0000000080031f28
core   0: 0x000000008000fe9c (0x000097ba) c.add   a5, a4
core   0: 3 0x000000008000fe9c (0x97ba) x15 0x00000000800120dc
core   0: 0x000000008000fe9e (0xfe043703) ld      a4, -32(s0)
core   0: 3 0x000000008000fe9e (0xfe043703) x14 0x0000000080012079 mem 0x0000000080031f50
core   0: 0x000000008000fea2 (0xfcf76de3) bltu    a4, a5, pc - 38
core   0: 3 0x000000008000fea2 (0xfcf76de3)
core   0: 0x000000008000fe7c (0xfe043783) ld      a5, -32(s0)
core   0: 3 0x000000008000fe7c (0xfe043783) x15 0x0000000080012079 mem 0x0000000080031f50
core   0: 0x000000008000fe80 (0x00178713) addi    a4, a5, 1
core   0: 3 0x000000008000fe80 (0x00178713) x14 0x000000008001207a
core   0: 0x000000008000fe84 (0xfee43023) sd      a4, -32(s0)
core   0: 3 0x000000008000fe84 (0xfee43023) mem 0x0000000080031f50 0x000000008001207a
core   0: 0x000000008000fe88 (0xfc442703) lw      a4, -60(s0)
core   0: 3 0x000000008000fe88 (0xfc442703) x14 0x0000000000000000 mem 0x0000000080031f34
core   0: 0x000000008000fe8c (0x0ff77713) andi    a4, a4, 255
core   0: 3 0x000000008000fe8c (0x0ff77713) x14 0x0000000000000000
core   0: 0x000000008000fe90 (0x00e78023) sb      a4, 0(a5)
core   0: 3 0x000000008000fe90 (0x00e78023) mem 0x0000000080012079 0x00
core   0: 0x000000008000fe94 (0xfc843703) ld      a4, -56(s0)
core   0: 3 0x000000008000fe94 (0xfc843703) x14 0x0000000080012040 mem 0x0000000080031f38
core   0: 0x000000008000fe98 (0xfb843783) ld      a5, -72(s0)
core   0: 3 0x000000008000fe98 (0xfb843783) x15 0x000000000000009c mem 0x0000000080031f28
core   0: 0x000000008000fe9c (0x000097ba) c.add   a5, a4
core   0: 3 0x000000008000fe9c (0x97ba) x15 0x00000000800120dc
core   0: 0x000000008000fe9e (0xfe043703) ld      a4, -32(s0)
core   0: 3 0x000000008000fe9e (0xfe043703) x14 0x000000008001207a mem 0x0000000080031f50
core   0: 0x000000008000fea2 (0xfcf76de3) bltu    a4, a5, pc - 38
core   0: 3 0x000000008000fea2 (0xfcf76de3)
core   0: 0x000000008000fe7c (0xfe043783) ld      a5, -32(s0)
core   0: 3 0x000000008000fe7c (0xfe043783) x15 0x000000008001207a mem 0x0000000080031f50
core   0: 0x000000008000fe80 (0x00178713) addi    a4, a5, 1
core   0: 3 0x000000008000fe80 (0x00178713) x14 0x000000008001207b
core   0: 0x000000008000fe84 (0xfee43023) sd      a4, -32(s0)
core   0: 3 0x000000008000fe84 (0xfee43023) mem 0x0000000080031f50 0x000000008001207b
core   0: 0x000000008000fe88 (0xfc442703) lw      a4, -60(s0)
core   0: 3 0x000000008000fe88 (0xfc442703) x14 0x0000000000000000 mem 0x0000000080031f34
core   0: 0x000000008000fe8c (0x0ff77713) andi    a4, a4, 255
core   0: 3 0x000000008000fe8c (0x0ff77713) x14 0x0000000000000000
core   0: 0x000000008000fe90 (0x00e78023) sb      a4, 0(a5)
core   0: 3 0x000000008000fe90 (0x00e78023) mem 0x000000008001207a 0x00
core   0: 0x000000008000fe94 (0xfc843703) ld      a4, -56(s0)
core   0: 3 0x000000008000fe94 (0xfc843703) x14 0x0000000080012040 mem 0x0000000080031f38
core   0: 0x000000008000fe98 (0xfb843783) ld      a5, -72(s0)
core   0: 3 0x000000008000fe98 (0xfb843783) x15 0x000000000000009c mem 0x0000000080031f28
core   0: 0x000000008000fe9c (0x000097ba) c.add   a5, a4
core   0: 3 0x000000008000fe9c (0x97ba) x15 0x00000000800120dc
core   0: 0x000000008000fe9e (0xfe043703) ld      a4, -32(s0)
core   0: 3 0x000000008000fe9e (0xfe043703) x14 0x000000008001207b mem 0x0000000080031f50
core   0: 0x000000008000fea2 (0xfcf76de3) bltu    a4, a5, pc - 38
core   0: 3 0x000000008000fea2 (0xfcf76de3)
core   0: 0x000000008000fe7c (0xfe043783) ld      a5, -32(s0)
core   0: 3 0x000000008000fe7c (0xfe043783) x15 0x000000008001207b mem 0x0000000080031f50
core   0: 0x000000008000fe80 (0x00178713) addi    a4, a5, 1
core   0: 3 0x000000008000fe80 (0x00178713) x14 0x000000008001207c
core   0: 0x000000008000fe84 (0xfee43023) sd      a4, -32(s0)
core   0: 3 0x000000008000fe84 (0xfee43023) mem 0x0000000080031f50 0x000000008001207c
core   0: 0x000000008000fe88 (0xfc442703) lw      a4, -60(s0)
core   0: 3 0x000000008000fe88 (0xfc442703) x14 0x0000000000000000 mem 0x0000000080031f34
core   0: 0x000000008000fe8c (0x0ff77713) andi    a4, a4, 255
core   0: 3 0x000000008000fe8c (0x0ff77713) x14 0x0000000000000000
core   0: 0x000000008000fe90 (0x00e78023) sb      a4, 0(a5)
core   0: 3 0x000000008000fe90 (0x00e78023) mem 0x000000008001207b 0x00
core   0: 0x000000008000fe94 (0xfc843703) ld      a4, -56(s0)
core   0: 3 0x000000008000fe94 (0xfc843703) x14 0x0000000080012040 mem 0x0000000080031f38
core   0: 0x000000008000fe98 (0xfb843783) ld      a5, -72(s0)
core   0: 3 0x000000008000fe98 (0xfb843783) x15 0x000000000000009c mem 0x0000000080031f28
core   0: 0x000000008000fe9c (0x000097ba) c.add   a5, a4
core   0: 3 0x000000008000fe9c (0x97ba) x15 0x00000000800120dc
core   0: 0x000000008000fe9e (0xfe043703) ld      a4, -32(s0)
core   0: 3 0x000000008000fe9e (0xfe043703) x14 0x000000008001207c mem 0x0000000080031f50
core   0: 0x000000008000fea2 (0xfcf76de3) bltu    a4, a5, pc - 38
core   0: 3 0x000000008000fea2 (0xfcf76de3)
core   0: 0x000000008000fe7c (0xfe043783) ld      a5, -32(s0)
core   0: 3 0x000000008000fe7c (0xfe043783) x15 0x000000008001207c mem 0x0000000080031f50
core   0: 0x000000008000fe80 (0x00178713) addi    a4, a5, 1
core   0: 3 0x000000008000fe80 (0x00178713) x14 0x000000008001207d
core   0: 0x000000008000fe84 (0xfee43023) sd      a4, -32(s0)
core   0: 3 0x000000008000fe84 (0xfee43023) mem 0x0000000080031f50 0x000000008001207d
core   0: 0x000000008000fe88 (0xfc442703) lw      a4, -60(s0)
core   0: 3 0x000000008000fe88 (0xfc442703) x14 0x0000000000000000 mem 0x0000000080031f34
core   0: 0x000000008000fe8c (0x0ff77713) andi    a4, a4, 255
core   0: 3 0x000000008000fe8c (0x0ff77713) x14 0x0000000000000000
core   0: 0x000000008000fe90 (0x00e78023) sb      a4, 0(a5)
core   0: 3 0x000000008000fe90 (0x00e78023) mem 0x000000008001207c 0x00
core   0: 0x000000008000fe94 (0xfc843703) ld      a4, -56(s0)
core   0: 3 0x000000008000fe94 (0xfc843703) x14 0x0000000080012040 mem 0x0000000080031f38
core   0: 0x000000008000fe98 (0xfb843783) ld      a5, -72(s0)
core   0: 3 0x000000008000fe98 (0xfb843783) x15 0x000000000000009c mem 0x0000000080031f28
core   0: 0x000000008000fe9c (0x000097ba) c.add   a5, a4
core   0: 3 0x000000008000fe9c (0x97ba) x15 0x00000000800120dc
core   0: 0x000000008000fe9e (0xfe043703) ld      a4, -32(s0)
core   0: 3 0x000000008000fe9e (0xfe043703) x14 0x000000008001207d mem 0x0000000080031f50
core   0: 0x000000008000fea2 (0xfcf76de3) bltu    a4, a5, pc - 38
core   0: 3 0x000000008000fea2 (0xfcf76de3)
core   0: 0x000000008000fe7c (0xfe043783) ld      a5, -32(s0)
core   0: 3 0x000000008000fe7c (0xfe043783) x15 0x000000008001207d mem 0x0000000080031f50
core   0: 0x000000008000fe80 (0x00178713) addi    a4, a5, 1
core   0: 3 0x000000008000fe80 (0x00178713) x14 0x000000008001207e
core   0: 0x000000008000fe84 (0xfee43023) sd      a4, -32(s0)
core   0: 3 0x000000008000fe84 (0xfee43023) mem 0x0000000080031f50 0x000000008001207e
core   0: 0x000000008000fe88 (0xfc442703) lw      a4, -60(s0)
core   0: 3 0x000000008000fe88 (0xfc442703) x14 0x0000000000000000 mem 0x0000000080031f34
core   0: 0x000000008000fe8c (0x0ff77713) andi    a4, a4, 255
core   0: 3 0x000000008000fe8c (0x0ff77713) x14 0x0000000000000000
core   0: 0x000000008000fe90 (0x00e78023) sb      a4, 0(a5)
core   0: 3 0x000000008000fe90 (0x00e78023) mem 0x000000008001207d 0x00
core   0: 0x000000008000fe94 (0xfc843703) ld      a4, -56(s0)
core   0: 3 0x000000008000fe94 (0xfc843703) x14 0x0000000080012040 mem 0x0000000080031f38
core   0: 0x000000008000fe98 (0xfb843783) ld      a5, -72(s0)
core   0: 3 0x000000008000fe98 (0xfb843783) x15 0x000000000000009c mem 0x0000000080031f28
core   0: 0x000000008000fe9c (0x000097ba) c.add   a5, a4
core   0: 3 0x000000008000fe9c (0x97ba) x15 0x00000000800120dc
core   0: 0x000000008000fe9e (0xfe043703) ld      a4, -32(s0)
core   0: 3 0x000000008000fe9e (0xfe043703) x14 0x000000008001207e mem 0x0000000080031f50
core   0: 0x000000008000fea2 (0xfcf76de3) bltu    a4, a5, pc - 38
core   0: 3 0x000000008000fea2 (0xfcf76de3)
core   0: 0x000000008000fe7c (0xfe043783) ld      a5, -32(s0)
core   0: 3 0x000000008000fe7c (0xfe043783) x15 0x000000008001207e mem 0x0000000080031f50
core   0: 0x000000008000fe80 (0x00178713) addi    a4, a5, 1
core   0: 3 0x000000008000fe80 (0x00178713) x14 0x000000008001207f
core   0: 0x000000008000fe84 (0xfee43023) sd      a4, -32(s0)
core   0: 3 0x000000008000fe84 (0xfee43023) mem 0x0000000080031f50 0x000000008001207f
core   0: 0x000000008000fe88 (0xfc442703) lw      a4, -60(s0)
core   0: 3 0x000000008000fe88 (0xfc442703) x14 0x0000000000000000 mem 0x0000000080031f34
core   0: 0x000000008000fe8c (0x0ff77713) andi    a4, a4, 255
core   0: 3 0x000000008000fe8c (0x0ff77713) x14 0x0000000000000000
core   0: 0x000000008000fe90 (0x00e78023) sb      a4, 0(a5)
core   0: 3 0x000000008000fe90 (0x00e78023) mem 0x000000008001207e 0x00
core   0: 0x000000008000fe94 (0xfc843703) ld      a4, -56(s0)
core   0: 3 0x000000008000fe94 (0xfc843703) x14 0x0000000080012040 mem 0x0000000080031f38
core   0: 0x000000008000fe98 (0xfb843783) ld      a5, -72(s0)
core   0: 3 0x000000008000fe98 (0xfb843783) x15 0x000000000000009c mem 0x0000000080031f28
core   0: 0x000000008000fe9c (0x000097ba) c.add   a5, a4
core   0: 3 0x000000008000fe9c (0x97ba) x15 0x00000000800120dc
core   0: 0x000000008000fe9e (0xfe043703) ld      a4, -32(s0)
core   0: 3 0x000000008000fe9e (0xfe043703) x14 0x000000008001207f mem 0x0000000080031f50
core   0: 0x000000008000fea2 (0xfcf76de3) bltu    a4, a5, pc - 38
core   0: 3 0x000000008000fea2 (0xfcf76de3)
core   0: 0x000000008000fe7c (0xfe043783) ld      a5, -32(s0)
core   0: 3 0x000000008000fe7c (0xfe043783) x15 0x000000008001207f mem 0x0000000080031f50
core   0: 0x000000008000fe80 (0x00178713) addi    a4, a5, 1
core   0: 3 0x000000008000fe80 (0x00178713) x14 0x0000000080012080
core   0: 0x000000008000fe84 (0xfee43023) sd      a4, -32(s0)
core   0: 3 0x000000008000fe84 (0xfee43023) mem 0x0000000080031f50 0x0000000080012080
core   0: 0x000000008000fe88 (0xfc442703) lw      a4, -60(s0)
core   0: 3 0x000000008000fe88 (0xfc442703) x14 0x0000000000000000 mem 0x0000000080031f34
core   0: 0x000000008000fe8c (0x0ff77713) andi    a4, a4, 255
core   0: 3 0x000000008000fe8c (0x0ff77713) x14 0x0000000000000000
core   0: 0x000000008000fe90 (0x00e78023) sb      a4, 0(a5)
core   0: 3 0x000000008000fe90 (0x00e78023) mem 0x000000008001207f 0x00
core   0: 0x000000008000fe94 (0xfc843703) ld      a4, -56(s0)
core   0: 3 0x000000008000fe94 (0xfc843703) x14 0x0000000080012040 mem 0x0000000080031f38
core   0: 0x000000008000fe98 (0xfb843783) ld      a5, -72(s0)
core   0: 3 0x000000008000fe98 (0xfb843783) x15 0x000000000000009c mem 0x0000000080031f28
core   0: 0x000000008000fe9c (0x000097ba) c.add   a5, a4
core   0: 3 0x000000008000fe9c (0x97ba) x15 0x00000000800120dc
core   0: 0x000000008000fe9e (0xfe043703) ld      a4, -32(s0)
core   0: 3 0x000000008000fe9e (0xfe043703) x14 0x0000000080012080 mem 0x0000000080031f50
core   0: 0x000000008000fea2 (0xfcf76de3) bltu    a4, a5, pc - 38
core   0: 3 0x000000008000fea2 (0xfcf76de3)
core   0: 0x000000008000fe7c (0xfe043783) ld      a5, -32(s0)
core   0: 3 0x000000008000fe7c (0xfe043783) x15 0x0000000080012080 mem 0x0000000080031f50
core   0: 0x000000008000fe80 (0x00178713) addi    a4, a5, 1
core   0: 3 0x000000008000fe80 (0x00178713) x14 0x0000000080012081
core   0: 0x000000008000fe84 (0xfee43023) sd      a4, -32(s0)
core   0: 3 0x000000008000fe84 (0xfee43023) mem 0x0000000080031f50 0x0000000080012081
core   0: 0x000000008000fe88 (0xfc442703) lw      a4, -60(s0)
core   0: 3 0x000000008000fe88 (0xfc442703) x14 0x0000000000000000 mem 0x0000000080031f34
core   0: 0x000000008000fe8c (0x0ff77713) andi    a4, a4, 255
core   0: 3 0x000000008000fe8c (0x0ff77713) x14 0x0000000000000000
core   0: 0x000000008000fe90 (0x00e78023) sb      a4, 0(a5)
core   0: 3 0x000000008000fe90 (0x00e78023) mem 0x0000000080012080 0x00
core   0: 0x000000008000fe94 (0xfc843703) ld      a4, -56(s0)
core   0: 3 0x000000008000fe94 (0xfc843703) x14 0x0000000080012040 mem 0x0000000080031f38
core   0: 0x000000008000fe98 (0xfb843783) ld      a5, -72(s0)
core   0: 3 0x000000008000fe98 (0xfb843783) x15 0x000000000000009c mem 0x0000000080031f28
core   0: 0x000000008000fe9c (0x000097ba) c.add   a5, a4
core   0: 3 0x000000008000fe9c (0x97ba) x15 0x00000000800120dc
core   0: 0x000000008000fe9e (0xfe043703) ld      a4, -32(s0)
core   0: 3 0x000000008000fe9e (0xfe043703) x14 0x0000000080012081 mem 0x0000000080031f50
core   0: 0x000000008000fea2 (0xfcf76de3) bltu    a4, a5, pc - 38
core   0: 3 0x000000008000fea2 (0xfcf76de3)
core   0: 0x000000008000fe7c (0xfe043783) ld      a5, -32(s0)
core   0: 3 0x000000008000fe7c (0xfe043783) x15 0x0000000080012081 mem 0x0000000080031f50
core   0: 0x000000008000fe80 (0x00178713) addi    a4, a5, 1
core   0: 3 0x000000008000fe80 (0x00178713) x14 0x0000000080012082
core   0: 0x000000008000fe84 (0xfee43023) sd      a4, -32(s0)
core   0: 3 0x000000008000fe84 (0xfee43023) mem 0x0000000080031f50 0x0000000080012082
core   0: 0x000000008000fe88 (0xfc442703) lw      a4, -60(s0)
core   0: 3 0x000000008000fe88 (0xfc442703) x14 0x0000000000000000 mem 0x0000000080031f34
core   0: 0x000000008000fe8c (0x0ff77713) andi    a4, a4, 255
core   0: 3 0x000000008000fe8c (0x0ff77713) x14 0x0000000000000000
core   0: 0x000000008000fe90 (0x00e78023) sb      a4, 0(a5)
core   0: 3 0x000000008000fe90 (0x00e78023) mem 0x0000000080012081 0x00
core   0: 0x000000008000fe94 (0xfc843703) ld      a4, -56(s0)
core   0: 3 0x000000008000fe94 (0xfc843703) x14 0x0000000080012040 mem 0x0000000080031f38
core   0: 0x000000008000fe98 (0xfb843783) ld      a5, -72(s0)
core   0: 3 0x000000008000fe98 (0xfb843783) x15 0x000000000000009c mem 0x0000000080031f28
core   0: 0x000000008000fe9c (0x000097ba) c.add   a5, a4
core   0: 3 0x000000008000fe9c (0x97ba) x15 0x00000000800120dc
core   0: 0x000000008000fe9e (0xfe043703) ld      a4, -32(s0)
core   0: 3 0x000000008000fe9e (0xfe043703) x14 0x0000000080012082 mem 0x0000000080031f50
core   0: 0x000000008000fea2 (0xfcf76de3) bltu    a4, a5, pc - 38
core   0: 3 0x000000008000fea2 (0xfcf76de3)
core   0: 0x000000008000fe7c (0xfe043783) ld      a5, -32(s0)
core   0: 3 0x000000008000fe7c (0xfe043783) x15 0x0000000080012082 mem 0x0000000080031f50
core   0: 0x000000008000fe80 (0x00178713) addi    a4, a5, 1
core   0: 3 0x000000008000fe80 (0x00178713) x14 0x0000000080012083
core   0: 0x000000008000fe84 (0xfee43023) sd      a4, -32(s0)
core   0: 3 0x000000008000fe84 (0xfee43023) mem 0x0000000080031f50 0x0000000080012083
core   0: 0x000000008000fe88 (0xfc442703) lw      a4, -60(s0)
core   0: 3 0x000000008000fe88 (0xfc442703) x14 0x0000000000000000 mem 0x0000000080031f34
core   0: 0x000000008000fe8c (0x0ff77713) andi    a4, a4, 255
core   0: 3 0x000000008000fe8c (0x0ff77713) x14 0x0000000000000000
core   0: 0x000000008000fe90 (0x00e78023) sb      a4, 0(a5)
core   0: 3 0x000000008000fe90 (0x00e78023) mem 0x0000000080012082 0x00
core   0: 0x000000008000fe94 (0xfc843703) ld      a4, -56(s0)
core   0: 3 0x000000008000fe94 (0xfc843703) x14 0x0000000080012040 mem 0x0000000080031f38
core   0: 0x000000008000fe98 (0xfb843783) ld      a5, -72(s0)
core   0: 3 0x000000008000fe98 (0xfb843783) x15 0x000000000000009c mem 0x0000000080031f28
core   0: 0x000000008000fe9c (0x000097ba) c.add   a5, a4
core   0: 3 0x000000008000fe9c (0x97ba) x15 0x00000000800120dc
core   0: 0x000000008000fe9e (0xfe043703) ld      a4, -32(s0)
core   0: 3 0x000000008000fe9e (0xfe043703) x14 0x0000000080012083 mem 0x0000000080031f50
core   0: 0x000000008000fea2 (0xfcf76de3) bltu    a4, a5, pc - 38
core   0: 3 0x000000008000fea2 (0xfcf76de3)
core   0: 0x000000008000fe7c (0xfe043783) ld      a5, -32(s0)
core   0: 3 0x000000008000fe7c (0xfe043783) x15 0x0000000080012083 mem 0x0000000080031f50
core   0: 0x000000008000fe80 (0x00178713) addi    a4, a5, 1
core   0: 3 0x000000008000fe80 (0x00178713) x14 0x0000000080012084
core   0: 0x000000008000fe84 (0xfee43023) sd      a4, -32(s0)
core   0: 3 0x000000008000fe84 (0xfee43023) mem 0x0000000080031f50 0x0000000080012084
core   0: 0x000000008000fe88 (0xfc442703) lw      a4, -60(s0)
core   0: 3 0x000000008000fe88 (0xfc442703) x14 0x0000000000000000 mem 0x0000000080031f34
core   0: 0x000000008000fe8c (0x0ff77713) andi    a4, a4, 255
core   0: 3 0x000000008000fe8c (0x0ff77713) x14 0x0000000000000000
core   0: 0x000000008000fe90 (0x00e78023) sb      a4, 0(a5)
core   0: 3 0x000000008000fe90 (0x00e78023) mem 0x0000000080012083 0x00
core   0: 0x000000008000fe94 (0xfc843703) ld      a4, -56(s0)
core   0: 3 0x000000008000fe94 (0xfc843703) x14 0x0000000080012040 mem 0x0000000080031f38
core   0: 0x000000008000fe98 (0xfb843783) ld      a5, -72(s0)
core   0: 3 0x000000008000fe98 (0xfb843783) x15 0x000000000000009c mem 0x0000000080031f28
core   0: 0x000000008000fe9c (0x000097ba) c.add   a5, a4
core   0: 3 0x000000008000fe9c (0x97ba) x15 0x00000000800120dc
core   0: 0x000000008000fe9e (0xfe043703) ld      a4, -32(s0)
core   0: 3 0x000000008000fe9e (0xfe043703) x14 0x0000000080012084 mem 0x0000000080031f50
core   0: 0x000000008000fea2 (0xfcf76de3) bltu    a4, a5, pc - 38
core   0: 3 0x000000008000fea2 (0xfcf76de3)
core   0: 0x000000008000fe7c (0xfe043783) ld      a5, -32(s0)
core   0: 3 0x000000008000fe7c (0xfe043783) x15 0x0000000080012084 mem 0x0000000080031f50
core   0: 0x000000008000fe80 (0x00178713) addi    a4, a5, 1
core   0: 3 0x000000008000fe80 (0x00178713) x14 0x0000000080012085
core   0: 0x000000008000fe84 (0xfee43023) sd      a4, -32(s0)
core   0: 3 0x000000008000fe84 (0xfee43023) mem 0x0000000080031f50 0x0000000080012085
core   0: 0x000000008000fe88 (0xfc442703) lw      a4, -60(s0)
core   0: 3 0x000000008000fe88 (0xfc442703) x14 0x0000000000000000 mem 0x0000000080031f34
core   0: 0x000000008000fe8c (0x0ff77713) andi    a4, a4, 255
core   0: 3 0x000000008000fe8c (0x0ff77713) x14 0x0000000000000000
core   0: 0x000000008000fe90 (0x00e78023) sb      a4, 0(a5)
core   0: 3 0x000000008000fe90 (0x00e78023) mem 0x0000000080012084 0x00
core   0: 0x000000008000fe94 (0xfc843703) ld      a4, -56(s0)
core   0: 3 0x000000008000fe94 (0xfc843703) x14 0x0000000080012040 mem 0x0000000080031f38
core   0: 0x000000008000fe98 (0xfb843783) ld      a5, -72(s0)
core   0: 3 0x000000008000fe98 (0xfb843783) x15 0x000000000000009c mem 0x0000000080031f28
core   0: 0x000000008000fe9c (0x000097ba) c.add   a5, a4
core   0: 3 0x000000008000fe9c (0x97ba) x15 0x00000000800120dc
core   0: 0x000000008000fe9e (0xfe043703) ld      a4, -32(s0)
core   0: 3 0x000000008000fe9e (0xfe043703) x14 0x0000000080012085 mem 0x0000000080031f50
core   0: 0x000000008000fea2 (0xfcf76de3) bltu    a4, a5, pc - 38
core   0: 3 0x000000008000fea2 (0xfcf76de3)
core   0: 0x000000008000fe7c (0xfe043783) ld      a5, -32(s0)
core   0: 3 0x000000008000fe7c (0xfe043783) x15 0x0000000080012085 mem 0x0000000080031f50
core   0: 0x000000008000fe80 (0x00178713) addi    a4, a5, 1
core   0: 3 0x000000008000fe80 (0x00178713) x14 0x0000000080012086
core   0: 0x000000008000fe84 (0xfee43023) sd      a4, -32(s0)
core   0: 3 0x000000008000fe84 (0xfee43023) mem 0x0000000080031f50 0x0000000080012086
core   0: 0x000000008000fe88 (0xfc442703) lw      a4, -60(s0)
core   0: 3 0x000000008000fe88 (0xfc442703) x14 0x0000000000000000 mem 0x0000000080031f34
core   0: 0x000000008000fe8c (0x0ff77713) andi    a4, a4, 255
core   0: 3 0x000000008000fe8c (0x0ff77713) x14 0x0000000000000000
core   0: 0x000000008000fe90 (0x00e78023) sb      a4, 0(a5)
core   0: 3 0x000000008000fe90 (0x00e78023) mem 0x0000000080012085 0x00
core   0: 0x000000008000fe94 (0xfc843703) ld      a4, -56(s0)
core   0: 3 0x000000008000fe94 (0xfc843703) x14 0x0000000080012040 mem 0x0000000080031f38
core   0: 0x000000008000fe98 (0xfb843783) ld      a5, -72(s0)
core   0: 3 0x000000008000fe98 (0xfb843783) x15 0x000000000000009c mem 0x0000000080031f28
core   0: 0x000000008000fe9c (0x000097ba) c.add   a5, a4
core   0: 3 0x000000008000fe9c (0x97ba) x15 0x00000000800120dc
core   0: 0x000000008000fe9e (0xfe043703) ld      a4, -32(s0)
core   0: 3 0x000000008000fe9e (0xfe043703) x14 0x0000000080012086 mem 0x0000000080031f50
core   0: 0x000000008000fea2 (0xfcf76de3) bltu    a4, a5, pc - 38
core   0: 3 0x000000008000fea2 (0xfcf76de3)
core   0: 0x000000008000fe7c (0xfe043783) ld      a5, -32(s0)
core   0: 3 0x000000008000fe7c (0xfe043783) x15 0x0000000080012086 mem 0x0000000080031f50
core   0: 0x000000008000fe80 (0x00178713) addi    a4, a5, 1
core   0: 3 0x000000008000fe80 (0x00178713) x14 0x0000000080012087
core   0: 0x000000008000fe84 (0xfee43023) sd      a4, -32(s0)
core   0: 3 0x000000008000fe84 (0xfee43023) mem 0x0000000080031f50 0x0000000080012087
core   0: 0x000000008000fe88 (0xfc442703) lw      a4, -60(s0)
core   0: 3 0x000000008000fe88 (0xfc442703) x14 0x0000000000000000 mem 0x0000000080031f34
core   0: 0x000000008000fe8c (0x0ff77713) andi    a4, a4, 255
core   0: 3 0x000000008000fe8c (0x0ff77713) x14 0x0000000000000000
core   0: 0x000000008000fe90 (0x00e78023) sb      a4, 0(a5)
core   0: 3 0x000000008000fe90 (0x00e78023) mem 0x0000000080012086 0x00
core   0: 0x000000008000fe94 (0xfc843703) ld      a4, -56(s0)
core   0: 3 0x000000008000fe94 (0xfc843703) x14 0x0000000080012040 mem 0x0000000080031f38
core   0: 0x000000008000fe98 (0xfb843783) ld      a5, -72(s0)
core   0: 3 0x000000008000fe98 (0xfb843783) x15 0x000000000000009c mem 0x0000000080031f28
core   0: 0x000000008000fe9c (0x000097ba) c.add   a5, a4
core   0: 3 0x000000008000fe9c (0x97ba) x15 0x00000000800120dc
core   0: 0x000000008000fe9e (0xfe043703) ld      a4, -32(s0)
core   0: 3 0x000000008000fe9e (0xfe043703) x14 0x0000000080012087 mem 0x0000000080031f50
core   0: 0x000000008000fea2 (0xfcf76de3) bltu    a4, a5, pc - 38
core   0: 3 0x000000008000fea2 (0xfcf76de3)
core   0: 0x000000008000fe7c (0xfe043783) ld      a5, -32(s0)
core   0: 3 0x000000008000fe7c (0xfe043783) x15 0x0000000080012087 mem 0x0000000080031f50
core   0: 0x000000008000fe80 (0x00178713) addi    a4, a5, 1
core   0: 3 0x000000008000fe80 (0x00178713) x14 0x0000000080012088
core   0: 0x000000008000fe84 (0xfee43023) sd      a4, -32(s0)
core   0: 3 0x000000008000fe84 (0xfee43023) mem 0x0000000080031f50 0x0000000080012088
core   0: 0x000000008000fe88 (0xfc442703) lw      a4, -60(s0)
core   0: 3 0x000000008000fe88 (0xfc442703) x14 0x0000000000000000 mem 0x0000000080031f34
core   0: 0x000000008000fe8c (0x0ff77713) andi    a4, a4, 255
core   0: 3 0x000000008000fe8c (0x0ff77713) x14 0x0000000000000000
core   0: 0x000000008000fe90 (0x00e78023) sb      a4, 0(a5)
core   0: 3 0x000000008000fe90 (0x00e78023) mem 0x0000000080012087 0x00
core   0: 0x000000008000fe94 (0xfc843703) ld      a4, -56(s0)
core   0: 3 0x000000008000fe94 (0xfc843703) x14 0x0000000080012040 mem 0x0000000080031f38
core   0: 0x000000008000fe98 (0xfb843783) ld      a5, -72(s0)
core   0: 3 0x000000008000fe98 (0xfb843783) x15 0x000000000000009c mem 0x0000000080031f28
core   0: 0x000000008000fe9c (0x000097ba) c.add   a5, a4
core   0: 3 0x000000008000fe9c (0x97ba) x15 0x00000000800120dc
core   0: 0x000000008000fe9e (0xfe043703) ld      a4, -32(s0)
core   0: 3 0x000000008000fe9e (0xfe043703) x14 0x0000000080012088 mem 0x0000000080031f50
core   0: 0x000000008000fea2 (0xfcf76de3) bltu    a4, a5, pc - 38
core   0: 3 0x000000008000fea2 (0xfcf76de3)
core   0: 0x000000008000fe7c (0xfe043783) ld      a5, -32(s0)
core   0: 3 0x000000008000fe7c (0xfe043783) x15 0x0000000080012088 mem 0x0000000080031f50
core   0: 0x000000008000fe80 (0x00178713) addi    a4, a5, 1
core   0: 3 0x000000008000fe80 (0x00178713) x14 0x0000000080012089
core   0: 0x000000008000fe84 (0xfee43023) sd      a4, -32(s0)
core   0: 3 0x000000008000fe84 (0xfee43023) mem 0x0000000080031f50 0x0000000080012089
core   0: 0x000000008000fe88 (0xfc442703) lw      a4, -60(s0)
core   0: 3 0x000000008000fe88 (0xfc442703) x14 0x0000000000000000 mem 0x0000000080031f34
core   0: 0x000000008000fe8c (0x0ff77713) andi    a4, a4, 255
core   0: 3 0x000000008000fe8c (0x0ff77713) x14 0x0000000000000000
core   0: 0x000000008000fe90 (0x00e78023) sb      a4, 0(a5)
core   0: 3 0x000000008000fe90 (0x00e78023) mem 0x0000000080012088 0x00
core   0: 0x000000008000fe94 (0xfc843703) ld      a4, -56(s0)
core   0: 3 0x000000008000fe94 (0xfc843703) x14 0x0000000080012040 mem 0x0000000080031f38
core   0: 0x000000008000fe98 (0xfb843783) ld      a5, -72(s0)
core   0: 3 0x000000008000fe98 (0xfb843783) x15 0x000000000000009c mem 0x0000000080031f28
core   0: 0x000000008000fe9c (0x000097ba) c.add   a5, a4
core   0: 3 0x000000008000fe9c (0x97ba) x15 0x00000000800120dc
core   0: 0x000000008000fe9e (0xfe043703) ld      a4, -32(s0)
core   0: 3 0x000000008000fe9e (0xfe043703) x14 0x0000000080012089 mem 0x0000000080031f50
core   0: 0x000000008000fea2 (0xfcf76de3) bltu    a4, a5, pc - 38
core   0: 3 0x000000008000fea2 (0xfcf76de3)
core   0: 0x000000008000fe7c (0xfe043783) ld      a5, -32(s0)
core   0: 3 0x000000008000fe7c (0xfe043783) x15 0x0000000080012089 mem 0x0000000080031f50
core   0: 0x000000008000fe80 (0x00178713) addi    a4, a5, 1
core   0: 3 0x000000008000fe80 (0x00178713) x14 0x000000008001208a
core   0: 0x000000008000fe84 (0xfee43023) sd      a4, -32(s0)
core   0: 3 0x000000008000fe84 (0xfee43023) mem 0x0000000080031f50 0x000000008001208a
core   0: 0x000000008000fe88 (0xfc442703) lw      a4, -60(s0)
core   0: 3 0x000000008000fe88 (0xfc442703) x14 0x0000000000000000 mem 0x0000000080031f34
core   0: 0x000000008000fe8c (0x0ff77713) andi    a4, a4, 255
core   0: 3 0x000000008000fe8c (0x0ff77713) x14 0x0000000000000000
core   0: 0x000000008000fe90 (0x00e78023) sb      a4, 0(a5)
core   0: 3 0x000000008000fe90 (0x00e78023) mem 0x0000000080012089 0x00
core   0: 0x000000008000fe94 (0xfc843703) ld      a4, -56(s0)
core   0: 3 0x000000008000fe94 (0xfc843703) x14 0x0000000080012040 mem 0x0000000080031f38
core   0: 0x000000008000fe98 (0xfb843783) ld      a5, -72(s0)
core   0: 3 0x000000008000fe98 (0xfb843783) x15 0x000000000000009c mem 0x0000000080031f28
core   0: 0x000000008000fe9c (0x000097ba) c.add   a5, a4
core   0: 3 0x000000008000fe9c (0x97ba) x15 0x00000000800120dc
core   0: 0x000000008000fe9e (0xfe043703) ld      a4, -32(s0)
core   0: 3 0x000000008000fe9e (0xfe043703) x14 0x000000008001208a mem 0x0000000080031f50
core   0: 0x000000008000fea2 (0xfcf76de3) bltu    a4, a5, pc - 38
core   0: 3 0x000000008000fea2 (0xfcf76de3)
core   0: 0x000000008000fe7c (0xfe043783) ld      a5, -32(s0)
core   0: 3 0x000000008000fe7c (0xfe043783) x15 0x000000008001208a mem 0x0000000080031f50
core   0: 0x000000008000fe80 (0x00178713) addi    a4, a5, 1
core   0: 3 0x000000008000fe80 (0x00178713) x14 0x000000008001208b
core   0: 0x000000008000fe84 (0xfee43023) sd      a4, -32(s0)
core   0: 3 0x000000008000fe84 (0xfee43023) mem 0x0000000080031f50 0x000000008001208b
core   0: 0x000000008000fe88 (0xfc442703) lw      a4, -60(s0)
core   0: 3 0x000000008000fe88 (0xfc442703) x14 0x0000000000000000 mem 0x0000000080031f34
core   0: 0x000000008000fe8c (0x0ff77713) andi    a4, a4, 255
core   0: 3 0x000000008000fe8c (0x0ff77713) x14 0x0000000000000000
core   0: 0x000000008000fe90 (0x00e78023) sb      a4, 0(a5)
core   0: 3 0x000000008000fe90 (0x00e78023) mem 0x000000008001208a 0x00
core   0: 0x000000008000fe94 (0xfc843703) ld      a4, -56(s0)
core   0: 3 0x000000008000fe94 (0xfc843703) x14 0x0000000080012040 mem 0x0000000080031f38
core   0: 0x000000008000fe98 (0xfb843783) ld      a5, -72(s0)
core   0: 3 0x000000008000fe98 (0xfb843783) x15 0x000000000000009c mem 0x0000000080031f28
core   0: 0x000000008000fe9c (0x000097ba) c.add   a5, a4
core   0: 3 0x000000008000fe9c (0x97ba) x15 0x00000000800120dc
core   0: 0x000000008000fe9e (0xfe043703) ld      a4, -32(s0)
core   0: 3 0x000000008000fe9e (0xfe043703) x14 0x000000008001208b mem 0x0000000080031f50
core   0: 0x000000008000fea2 (0xfcf76de3) bltu    a4, a5, pc - 38
core   0: 3 0x000000008000fea2 (0xfcf76de3)
core   0: 0x000000008000fe7c (0xfe043783) ld      a5, -32(s0)
core   0: 3 0x000000008000fe7c (0xfe043783) x15 0x000000008001208b mem 0x0000000080031f50
core   0: 0x000000008000fe80 (0x00178713) addi    a4, a5, 1
core   0: 3 0x000000008000fe80 (0x00178713) x14 0x000000008001208c
core   0: 0x000000008000fe84 (0xfee43023) sd      a4, -32(s0)
core   0: 3 0x000000008000fe84 (0xfee43023) mem 0x0000000080031f50 0x000000008001208c
core   0: 0x000000008000fe88 (0xfc442703) lw      a4, -60(s0)
core   0: 3 0x000000008000fe88 (0xfc442703) x14 0x0000000000000000 mem 0x0000000080031f34
core   0: 0x000000008000fe8c (0x0ff77713) andi    a4, a4, 255
core   0: 3 0x000000008000fe8c (0x0ff77713) x14 0x0000000000000000
core   0: 0x000000008000fe90 (0x00e78023) sb      a4, 0(a5)
core   0: 3 0x000000008000fe90 (0x00e78023) mem 0x000000008001208b 0x00
core   0: 0x000000008000fe94 (0xfc843703) ld      a4, -56(s0)
core   0: 3 0x000000008000fe94 (0xfc843703) x14 0x0000000080012040 mem 0x0000000080031f38
core   0: 0x000000008000fe98 (0xfb843783) ld      a5, -72(s0)
core   0: 3 0x000000008000fe98 (0xfb843783) x15 0x000000000000009c mem 0x0000000080031f28
core   0: 0x000000008000fe9c (0x000097ba) c.add   a5, a4
core   0: 3 0x000000008000fe9c (0x97ba) x15 0x00000000800120dc
core   0: 0x000000008000fe9e (0xfe043703) ld      a4, -32(s0)
core   0: 3 0x000000008000fe9e (0xfe043703) x14 0x000000008001208c mem 0x0000000080031f50
core   0: 0x000000008000fea2 (0xfcf76de3) bltu    a4, a5, pc - 38
core   0: 3 0x000000008000fea2 (0xfcf76de3)
core   0: 0x000000008000fe7c (0xfe043783) ld      a5, -32(s0)
core   0: 3 0x000000008000fe7c (0xfe043783) x15 0x000000008001208c mem 0x0000000080031f50
core   0: 0x000000008000fe80 (0x00178713) addi    a4, a5, 1
core   0: 3 0x000000008000fe80 (0x00178713) x14 0x000000008001208d
core   0: 0x000000008000fe84 (0xfee43023) sd      a4, -32(s0)
core   0: 3 0x000000008000fe84 (0xfee43023) mem 0x0000000080031f50 0x000000008001208d
core   0: 0x000000008000fe88 (0xfc442703) lw      a4, -60(s0)
core   0: 3 0x000000008000fe88 (0xfc442703) x14 0x0000000000000000 mem 0x0000000080031f34
core   0: 0x000000008000fe8c (0x0ff77713) andi    a4, a4, 255
core   0: 3 0x000000008000fe8c (0x0ff77713) x14 0x0000000000000000
core   0: 0x000000008000fe90 (0x00e78023) sb      a4, 0(a5)
core   0: 3 0x000000008000fe90 (0x00e78023) mem 0x000000008001208c 0x00
core   0: 0x000000008000fe94 (0xfc843703) ld      a4, -56(s0)
core   0: 3 0x000000008000fe94 (0xfc843703) x14 0x0000000080012040 mem 0x0000000080031f38
core   0: 0x000000008000fe98 (0xfb843783) ld      a5, -72(s0)
core   0: 3 0x000000008000fe98 (0xfb843783) x15 0x000000000000009c mem 0x0000000080031f28
core   0: 0x000000008000fe9c (0x000097ba) c.add   a5, a4
core   0: 3 0x000000008000fe9c (0x97ba) x15 0x00000000800120dc
core   0: 0x000000008000fe9e (0xfe043703) ld      a4, -32(s0)
core   0: 3 0x000000008000fe9e (0xfe043703) x14 0x000000008001208d mem 0x0000000080031f50
core   0: 0x000000008000fea2 (0xfcf76de3) bltu    a4, a5, pc - 38
core   0: 3 0x000000008000fea2 (0xfcf76de3)
core   0: 0x000000008000fe7c (0xfe043783) ld      a5, -32(s0)
core   0: 3 0x000000008000fe7c (0xfe043783) x15 0x000000008001208d mem 0x0000000080031f50
core   0: 0x000000008000fe80 (0x00178713) addi    a4, a5, 1
core   0: 3 0x000000008000fe80 (0x00178713) x14 0x000000008001208e
core   0: 0x000000008000fe84 (0xfee43023) sd      a4, -32(s0)
core   0: 3 0x000000008000fe84 (0xfee43023) mem 0x0000000080031f50 0x000000008001208e
core   0: 0x000000008000fe88 (0xfc442703) lw      a4, -60(s0)
core   0: 3 0x000000008000fe88 (0xfc442703) x14 0x0000000000000000 mem 0x0000000080031f34
core   0: 0x000000008000fe8c (0x0ff77713) andi    a4, a4, 255
core   0: 3 0x000000008000fe8c (0x0ff77713) x14 0x0000000000000000
core   0: 0x000000008000fe90 (0x00e78023) sb      a4, 0(a5)
core   0: 3 0x000000008000fe90 (0x00e78023) mem 0x000000008001208d 0x00
core   0: 0x000000008000fe94 (0xfc843703) ld      a4, -56(s0)
core   0: 3 0x000000008000fe94 (0xfc843703) x14 0x0000000080012040 mem 0x0000000080031f38
core   0: 0x000000008000fe98 (0xfb843783) ld      a5, -72(s0)
core   0: 3 0x000000008000fe98 (0xfb843783) x15 0x000000000000009c mem 0x0000000080031f28
core   0: 0x000000008000fe9c (0x000097ba) c.add   a5, a4
core   0: 3 0x000000008000fe9c (0x97ba) x15 0x00000000800120dc
core   0: 0x000000008000fe9e (0xfe043703) ld      a4, -32(s0)
core   0: 3 0x000000008000fe9e (0xfe043703) x14 0x000000008001208e mem 0x0000000080031f50
core   0: 0x000000008000fea2 (0xfcf76de3) bltu    a4, a5, pc - 38
core   0: 3 0x000000008000fea2 (0xfcf76de3)
core   0: 0x000000008000fe7c (0xfe043783) ld      a5, -32(s0)
core   0: 3 0x000000008000fe7c (0xfe043783) x15 0x000000008001208e mem 0x0000000080031f50
core   0: 0x000000008000fe80 (0x00178713) addi    a4, a5, 1
core   0: 3 0x000000008000fe80 (0x00178713) x14 0x000000008001208f
core   0: 0x000000008000fe84 (0xfee43023) sd      a4, -32(s0)
core   0: 3 0x000000008000fe84 (0xfee43023) mem 0x0000000080031f50 0x000000008001208f
core   0: 0x000000008000fe88 (0xfc442703) lw      a4, -60(s0)
core   0: 3 0x000000008000fe88 (0xfc442703) x14 0x0000000000000000 mem 0x0000000080031f34
core   0: 0x000000008000fe8c (0x0ff77713) andi    a4, a4, 255
core   0: 3 0x000000008000fe8c (0x0ff77713) x14 0x0000000000000000
core   0: 0x000000008000fe90 (0x00e78023) sb      a4, 0(a5)
core   0: 3 0x000000008000fe90 (0x00e78023) mem 0x000000008001208e 0x00
core   0: 0x000000008000fe94 (0xfc843703) ld      a4, -56(s0)
core   0: 3 0x000000008000fe94 (0xfc843703) x14 0x0000000080012040 mem 0x0000000080031f38
core   0: 0x000000008000fe98 (0xfb843783) ld      a5, -72(s0)
core   0: 3 0x000000008000fe98 (0xfb843783) x15 0x000000000000009c mem 0x0000000080031f28
core   0: 0x000000008000fe9c (0x000097ba) c.add   a5, a4
core   0: 3 0x000000008000fe9c (0x97ba) x15 0x00000000800120dc
core   0: 0x000000008000fe9e (0xfe043703) ld      a4, -32(s0)
core   0: 3 0x000000008000fe9e (0xfe043703) x14 0x000000008001208f mem 0x0000000080031f50
core   0: 0x000000008000fea2 (0xfcf76de3) bltu    a4, a5, pc - 38
core   0: 3 0x000000008000fea2 (0xfcf76de3)
core   0: 0x000000008000fe7c (0xfe043783) ld      a5, -32(s0)
core   0: 3 0x000000008000fe7c (0xfe043783) x15 0x000000008001208f mem 0x0000000080031f50
core   0: 0x000000008000fe80 (0x00178713) addi    a4, a5, 1
core   0: 3 0x000000008000fe80 (0x00178713) x14 0x0000000080012090
core   0: 0x000000008000fe84 (0xfee43023) sd      a4, -32(s0)
core   0: 3 0x000000008000fe84 (0xfee43023) mem 0x0000000080031f50 0x0000000080012090
core   0: 0x000000008000fe88 (0xfc442703) lw      a4, -60(s0)
core   0: 3 0x000000008000fe88 (0xfc442703) x14 0x0000000000000000 mem 0x0000000080031f34
core   0: 0x000000008000fe8c (0x0ff77713) andi    a4, a4, 255
core   0: 3 0x000000008000fe8c (0x0ff77713) x14 0x0000000000000000
core   0: 0x000000008000fe90 (0x00e78023) sb      a4, 0(a5)
core   0: 3 0x000000008000fe90 (0x00e78023) mem 0x000000008001208f 0x00
core   0: 0x000000008000fe94 (0xfc843703) ld      a4, -56(s0)
core   0: 3 0x000000008000fe94 (0xfc843703) x14 0x0000000080012040 mem 0x0000000080031f38
core   0: 0x000000008000fe98 (0xfb843783) ld      a5, -72(s0)
core   0: 3 0x000000008000fe98 (0xfb843783) x15 0x000000000000009c mem 0x0000000080031f28
core   0: 0x000000008000fe9c (0x000097ba) c.add   a5, a4
core   0: 3 0x000000008000fe9c (0x97ba) x15 0x00000000800120dc
core   0: 0x000000008000fe9e (0xfe043703) ld      a4, -32(s0)
core   0: 3 0x000000008000fe9e (0xfe043703) x14 0x0000000080012090 mem 0x0000000080031f50
core   0: 0x000000008000fea2 (0xfcf76de3) bltu    a4, a5, pc - 38
core   0: 3 0x000000008000fea2 (0xfcf76de3)
core   0: 0x000000008000fe7c (0xfe043783) ld      a5, -32(s0)
core   0: 3 0x000000008000fe7c (0xfe043783) x15 0x0000000080012090 mem 0x0000000080031f50
core   0: 0x000000008000fe80 (0x00178713) addi    a4, a5, 1
core   0: 3 0x000000008000fe80 (0x00178713) x14 0x0000000080012091
core   0: 0x000000008000fe84 (0xfee43023) sd      a4, -32(s0)
core   0: 3 0x000000008000fe84 (0xfee43023) mem 0x0000000080031f50 0x0000000080012091
core   0: 0x000000008000fe88 (0xfc442703) lw      a4, -60(s0)
core   0: 3 0x000000008000fe88 (0xfc442703) x14 0x0000000000000000 mem 0x0000000080031f34
core   0: 0x000000008000fe8c (0x0ff77713) andi    a4, a4, 255
core   0: 3 0x000000008000fe8c (0x0ff77713) x14 0x0000000000000000
core   0: 0x000000008000fe90 (0x00e78023) sb      a4, 0(a5)
core   0: 3 0x000000008000fe90 (0x00e78023) mem 0x0000000080012090 0x00
core   0: 0x000000008000fe94 (0xfc843703) ld      a4, -56(s0)
core   0: 3 0x000000008000fe94 (0xfc843703) x14 0x0000000080012040 mem 0x0000000080031f38
core   0: 0x000000008000fe98 (0xfb843783) ld      a5, -72(s0)
core   0: 3 0x000000008000fe98 (0xfb843783) x15 0x000000000000009c mem 0x0000000080031f28
core   0: 0x000000008000fe9c (0x000097ba) c.add   a5, a4
core   0: 3 0x000000008000fe9c (0x97ba) x15 0x00000000800120dc
core   0: 0x000000008000fe9e (0xfe043703) ld      a4, -32(s0)
core   0: 3 0x000000008000fe9e (0xfe043703) x14 0x0000000080012091 mem 0x0000000080031f50
core   0: 0x000000008000fea2 (0xfcf76de3) bltu    a4, a5, pc - 38
core   0: 3 0x000000008000fea2 (0xfcf76de3)
core   0: 0x000000008000fe7c (0xfe043783) ld      a5, -32(s0)
core   0: 3 0x000000008000fe7c (0xfe043783) x15 0x0000000080012091 mem 0x0000000080031f50
core   0: 0x000000008000fe80 (0x00178713) addi    a4, a5, 1
core   0: 3 0x000000008000fe80 (0x00178713) x14 0x0000000080012092
core   0: 0x000000008000fe84 (0xfee43023) sd      a4, -32(s0)
core   0: 3 0x000000008000fe84 (0xfee43023) mem 0x0000000080031f50 0x0000000080012092
core   0: 0x000000008000fe88 (0xfc442703) lw      a4, -60(s0)
core   0: 3 0x000000008000fe88 (0xfc442703) x14 0x0000000000000000 mem 0x0000000080031f34
core   0: 0x000000008000fe8c (0x0ff77713) andi    a4, a4, 255
core   0: 3 0x000000008000fe8c (0x0ff77713) x14 0x0000000000000000
core   0: 0x000000008000fe90 (0x00e78023) sb      a4, 0(a5)
core   0: 3 0x000000008000fe90 (0x00e78023) mem 0x0000000080012091 0x00
core   0: 0x000000008000fe94 (0xfc843703) ld      a4, -56(s0)
core   0: 3 0x000000008000fe94 (0xfc843703) x14 0x0000000080012040 mem 0x0000000080031f38
core   0: 0x000000008000fe98 (0xfb843783) ld      a5, -72(s0)
core   0: 3 0x000000008000fe98 (0xfb843783) x15 0x000000000000009c mem 0x0000000080031f28
core   0: 0x000000008000fe9c (0x000097ba) c.add   a5, a4
core   0: 3 0x000000008000fe9c (0x97ba) x15 0x00000000800120dc
core   0: 0x000000008000fe9e (0xfe043703) ld      a4, -32(s0)
core   0: 3 0x000000008000fe9e (0xfe043703) x14 0x0000000080012092 mem 0x0000000080031f50
core   0: 0x000000008000fea2 (0xfcf76de3) bltu    a4, a5, pc - 38
core   0: 3 0x000000008000fea2 (0xfcf76de3)
core   0: 0x000000008000fe7c (0xfe043783) ld      a5, -32(s0)
core   0: 3 0x000000008000fe7c (0xfe043783) x15 0x0000000080012092 mem 0x0000000080031f50
core   0: 0x000000008000fe80 (0x00178713) addi    a4, a5, 1
core   0: 3 0x000000008000fe80 (0x00178713) x14 0x0000000080012093
core   0: 0x000000008000fe84 (0xfee43023) sd      a4, -32(s0)
core   0: 3 0x000000008000fe84 (0xfee43023) mem 0x0000000080031f50 0x0000000080012093
core   0: 0x000000008000fe88 (0xfc442703) lw      a4, -60(s0)
core   0: 3 0x000000008000fe88 (0xfc442703) x14 0x0000000000000000 mem 0x0000000080031f34
core   0: 0x000000008000fe8c (0x0ff77713) andi    a4, a4, 255
core   0: 3 0x000000008000fe8c (0x0ff77713) x14 0x0000000000000000
core   0: 0x000000008000fe90 (0x00e78023) sb      a4, 0(a5)
core   0: 3 0x000000008000fe90 (0x00e78023) mem 0x0000000080012092 0x00
core   0: 0x000000008000fe94 (0xfc843703) ld      a4, -56(s0)
core   0: 3 0x000000008000fe94 (0xfc843703) x14 0x0000000080012040 mem 0x0000000080031f38
core   0: 0x000000008000fe98 (0xfb843783) ld      a5, -72(s0)
core   0: 3 0x000000008000fe98 (0xfb843783) x15 0x000000000000009c mem 0x0000000080031f28
core   0: 0x000000008000fe9c (0x000097ba) c.add   a5, a4
core   0: 3 0x000000008000fe9c (0x97ba) x15 0x00000000800120dc
core   0: 0x000000008000fe9e (0xfe043703) ld      a4, -32(s0)
core   0: 3 0x000000008000fe9e (0xfe043703) x14 0x0000000080012093 mem 0x0000000080031f50
core   0: 0x000000008000fea2 (0xfcf76de3) bltu    a4, a5, pc - 38
core   0: 3 0x000000008000fea2 (0xfcf76de3)
core   0: 0x000000008000fe7c (0xfe043783) ld      a5, -32(s0)
core   0: 3 0x000000008000fe7c (0xfe043783) x15 0x0000000080012093 mem 0x0000000080031f50
core   0: 0x000000008000fe80 (0x00178713) addi    a4, a5, 1
core   0: 3 0x000000008000fe80 (0x00178713) x14 0x0000000080012094
core   0: 0x000000008000fe84 (0xfee43023) sd      a4, -32(s0)
core   0: 3 0x000000008000fe84 (0xfee43023) mem 0x0000000080031f50 0x0000000080012094
core   0: 0x000000008000fe88 (0xfc442703) lw      a4, -60(s0)
core   0: 3 0x000000008000fe88 (0xfc442703) x14 0x0000000000000000 mem 0x0000000080031f34
core   0: 0x000000008000fe8c (0x0ff77713) andi    a4, a4, 255
core   0: 3 0x000000008000fe8c (0x0ff77713) x14 0x0000000000000000
core   0: 0x000000008000fe90 (0x00e78023) sb      a4, 0(a5)
core   0: 3 0x000000008000fe90 (0x00e78023) mem 0x0000000080012093 0x00
core   0: 0x000000008000fe94 (0xfc843703) ld      a4, -56(s0)
core   0: 3 0x000000008000fe94 (0xfc843703) x14 0x0000000080012040 mem 0x0000000080031f38
core   0: 0x000000008000fe98 (0xfb843783) ld      a5, -72(s0)
core   0: 3 0x000000008000fe98 (0xfb843783) x15 0x000000000000009c mem 0x0000000080031f28
core   0: 0x000000008000fe9c (0x000097ba) c.add   a5, a4
core   0: 3 0x000000008000fe9c (0x97ba) x15 0x00000000800120dc
core   0: 0x000000008000fe9e (0xfe043703) ld      a4, -32(s0)
core   0: 3 0x000000008000fe9e (0xfe043703) x14 0x0000000080012094 mem 0x0000000080031f50
core   0: 0x000000008000fea2 (0xfcf76de3) bltu    a4, a5, pc - 38
core   0: 3 0x000000008000fea2 (0xfcf76de3)
core   0: 0x000000008000fe7c (0xfe043783) ld      a5, -32(s0)
core   0: 3 0x000000008000fe7c (0xfe043783) x15 0x0000000080012094 mem 0x0000000080031f50
core   0: 0x000000008000fe80 (0x00178713) addi    a4, a5, 1
core   0: 3 0x000000008000fe80 (0x00178713) x14 0x0000000080012095
core   0: 0x000000008000fe84 (0xfee43023) sd      a4, -32(s0)
core   0: 3 0x000000008000fe84 (0xfee43023) mem 0x0000000080031f50 0x0000000080012095
core   0: 0x000000008000fe88 (0xfc442703) lw      a4, -60(s0)
core   0: 3 0x000000008000fe88 (0xfc442703) x14 0x0000000000000000 mem 0x0000000080031f34
core   0: 0x000000008000fe8c (0x0ff77713) andi    a4, a4, 255
core   0: 3 0x000000008000fe8c (0x0ff77713) x14 0x0000000000000000
core   0: 0x000000008000fe90 (0x00e78023) sb      a4, 0(a5)
core   0: 3 0x000000008000fe90 (0x00e78023) mem 0x0000000080012094 0x00
core   0: 0x000000008000fe94 (0xfc843703) ld      a4, -56(s0)
core   0: 3 0x000000008000fe94 (0xfc843703) x14 0x0000000080012040 mem 0x0000000080031f38
core   0: 0x000000008000fe98 (0xfb843783) ld      a5, -72(s0)
core   0: 3 0x000000008000fe98 (0xfb843783) x15 0x000000000000009c mem 0x0000000080031f28
core   0: 0x000000008000fe9c (0x000097ba) c.add   a5, a4
core   0: 3 0x000000008000fe9c (0x97ba) x15 0x00000000800120dc
core   0: 0x000000008000fe9e (0xfe043703) ld      a4, -32(s0)
core   0: 3 0x000000008000fe9e (0xfe043703) x14 0x0000000080012095 mem 0x0000000080031f50
core   0: 0x000000008000fea2 (0xfcf76de3) bltu    a4, a5, pc - 38
core   0: 3 0x000000008000fea2 (0xfcf76de3)
core   0: 0x000000008000fe7c (0xfe043783) ld      a5, -32(s0)
core   0: 3 0x000000008000fe7c (0xfe043783) x15 0x0000000080012095 mem 0x0000000080031f50
core   0: 0x000000008000fe80 (0x00178713) addi    a4, a5, 1
core   0: 3 0x000000008000fe80 (0x00178713) x14 0x0000000080012096
core   0: 0x000000008000fe84 (0xfee43023) sd      a4, -32(s0)
core   0: 3 0x000000008000fe84 (0xfee43023) mem 0x0000000080031f50 0x0000000080012096
core   0: 0x000000008000fe88 (0xfc442703) lw      a4, -60(s0)
core   0: 3 0x000000008000fe88 (0xfc442703) x14 0x0000000000000000 mem 0x0000000080031f34
core   0: 0x000000008000fe8c (0x0ff77713) andi    a4, a4, 255
core   0: 3 0x000000008000fe8c (0x0ff77713) x14 0x0000000000000000
core   0: 0x000000008000fe90 (0x00e78023) sb      a4, 0(a5)
core   0: 3 0x000000008000fe90 (0x00e78023) mem 0x0000000080012095 0x00
core   0: 0x000000008000fe94 (0xfc843703) ld      a4, -56(s0)
core   0: 3 0x000000008000fe94 (0xfc843703) x14 0x0000000080012040 mem 0x0000000080031f38
core   0: 0x000000008000fe98 (0xfb843783) ld      a5, -72(s0)
core   0: 3 0x000000008000fe98 (0xfb843783) x15 0x000000000000009c mem 0x0000000080031f28
core   0: 0x000000008000fe9c (0x000097ba) c.add   a5, a4
core   0: 3 0x000000008000fe9c (0x97ba) x15 0x00000000800120dc
core   0: 0x000000008000fe9e (0xfe043703) ld      a4, -32(s0)
core   0: 3 0x000000008000fe9e (0xfe043703) x14 0x0000000080012096 mem 0x0000000080031f50
core   0: 0x000000008000fea2 (0xfcf76de3) bltu    a4, a5, pc - 38
core   0: 3 0x000000008000fea2 (0xfcf76de3)
core   0: 0x000000008000fe7c (0xfe043783) ld      a5, -32(s0)
core   0: 3 0x000000008000fe7c (0xfe043783) x15 0x0000000080012096 mem 0x0000000080031f50
core   0: 0x000000008000fe80 (0x00178713) addi    a4, a5, 1
core   0: 3 0x000000008000fe80 (0x00178713) x14 0x0000000080012097
core   0: 0x000000008000fe84 (0xfee43023) sd      a4, -32(s0)
core   0: 3 0x000000008000fe84 (0xfee43023) mem 0x0000000080031f50 0x0000000080012097
core   0: 0x000000008000fe88 (0xfc442703) lw      a4, -60(s0)
core   0: 3 0x000000008000fe88 (0xfc442703) x14 0x0000000000000000 mem 0x0000000080031f34
core   0: 0x000000008000fe8c (0x0ff77713) andi    a4, a4, 255
core   0: 3 0x000000008000fe8c (0x0ff77713) x14 0x0000000000000000
core   0: 0x000000008000fe90 (0x00e78023) sb      a4, 0(a5)
core   0: 3 0x000000008000fe90 (0x00e78023) mem 0x0000000080012096 0x00
core   0: 0x000000008000fe94 (0xfc843703) ld      a4, -56(s0)
core   0: 3 0x000000008000fe94 (0xfc843703) x14 0x0000000080012040 mem 0x0000000080031f38
core   0: 0x000000008000fe98 (0xfb843783) ld      a5, -72(s0)
core   0: 3 0x000000008000fe98 (0xfb843783) x15 0x000000000000009c mem 0x0000000080031f28
core   0: 0x000000008000fe9c (0x000097ba) c.add   a5, a4
core   0: 3 0x000000008000fe9c (0x97ba) x15 0x00000000800120dc
core   0: 0x000000008000fe9e (0xfe043703) ld      a4, -32(s0)
core   0: 3 0x000000008000fe9e (0xfe043703) x14 0x0000000080012097 mem 0x0000000080031f50
core   0: 0x000000008000fea2 (0xfcf76de3) bltu    a4, a5, pc - 38
core   0: 3 0x000000008000fea2 (0xfcf76de3)
core   0: 0x000000008000fe7c (0xfe043783) ld      a5, -32(s0)
core   0: 3 0x000000008000fe7c (0xfe043783) x15 0x0000000080012097 mem 0x0000000080031f50
core   0: 0x000000008000fe80 (0x00178713) addi    a4, a5, 1
core   0: 3 0x000000008000fe80 (0x00178713) x14 0x0000000080012098
core   0: 0x000000008000fe84 (0xfee43023) sd      a4, -32(s0)
core   0: 3 0x000000008000fe84 (0xfee43023) mem 0x0000000080031f50 0x0000000080012098
core   0: 0x000000008000fe88 (0xfc442703) lw      a4, -60(s0)
core   0: 3 0x000000008000fe88 (0xfc442703) x14 0x0000000000000000 mem 0x0000000080031f34
core   0: 0x000000008000fe8c (0x0ff77713) andi    a4, a4, 255
core   0: 3 0x000000008000fe8c (0x0ff77713) x14 0x0000000000000000
core   0: 0x000000008000fe90 (0x00e78023) sb      a4, 0(a5)
core   0: 3 0x000000008000fe90 (0x00e78023) mem 0x0000000080012097 0x00
core   0: 0x000000008000fe94 (0xfc843703) ld      a4, -56(s0)
core   0: 3 0x000000008000fe94 (0xfc843703) x14 0x0000000080012040 mem 0x0000000080031f38
core   0: 0x000000008000fe98 (0xfb843783) ld      a5, -72(s0)
core   0: 3 0x000000008000fe98 (0xfb843783) x15 0x000000000000009c mem 0x0000000080031f28
core   0: 0x000000008000fe9c (0x000097ba) c.add   a5, a4
core   0: 3 0x000000008000fe9c (0x97ba) x15 0x00000000800120dc
core   0: 0x000000008000fe9e (0xfe043703) ld      a4, -32(s0)
core   0: 3 0x000000008000fe9e (0xfe043703) x14 0x0000000080012098 mem 0x0000000080031f50
core   0: 0x000000008000fea2 (0xfcf76de3) bltu    a4, a5, pc - 38
core   0: 3 0x000000008000fea2 (0xfcf76de3)
core   0: 0x000000008000fe7c (0xfe043783) ld      a5, -32(s0)
core   0: 3 0x000000008000fe7c (0xfe043783) x15 0x0000000080012098 mem 0x0000000080031f50
core   0: 0x000000008000fe80 (0x00178713) addi    a4, a5, 1
core   0: 3 0x000000008000fe80 (0x00178713) x14 0x0000000080012099
core   0: 0x000000008000fe84 (0xfee43023) sd      a4, -32(s0)
core   0: 3 0x000000008000fe84 (0xfee43023) mem 0x0000000080031f50 0x0000000080012099
core   0: 0x000000008000fe88 (0xfc442703) lw      a4, -60(s0)
core   0: 3 0x000000008000fe88 (0xfc442703) x14 0x0000000000000000 mem 0x0000000080031f34
core   0: 0x000000008000fe8c (0x0ff77713) andi    a4, a4, 255
core   0: 3 0x000000008000fe8c (0x0ff77713) x14 0x0000000000000000
core   0: 0x000000008000fe90 (0x00e78023) sb      a4, 0(a5)
core   0: 3 0x000000008000fe90 (0x00e78023) mem 0x0000000080012098 0x00
core   0: 0x000000008000fe94 (0xfc843703) ld      a4, -56(s0)
core   0: 3 0x000000008000fe94 (0xfc843703) x14 0x0000000080012040 mem 0x0000000080031f38
core   0: 0x000000008000fe98 (0xfb843783) ld      a5, -72(s0)
core   0: 3 0x000000008000fe98 (0xfb843783) x15 0x000000000000009c mem 0x0000000080031f28
core   0: 0x000000008000fe9c (0x000097ba) c.add   a5, a4
core   0: 3 0x000000008000fe9c (0x97ba) x15 0x00000000800120dc
core   0: 0x000000008000fe9e (0xfe043703) ld      a4, -32(s0)
core   0: 3 0x000000008000fe9e (0xfe043703) x14 0x0000000080012099 mem 0x0000000080031f50
core   0: 0x000000008000fea2 (0xfcf76de3) bltu    a4, a5, pc - 38
core   0: 3 0x000000008000fea2 (0xfcf76de3)
core   0: 0x000000008000fe7c (0xfe043783) ld      a5, -32(s0)
core   0: 3 0x000000008000fe7c (0xfe043783) x15 0x0000000080012099 mem 0x0000000080031f50
core   0: 0x000000008000fe80 (0x00178713) addi    a4, a5, 1
core   0: 3 0x000000008000fe80 (0x00178713) x14 0x000000008001209a
core   0: 0x000000008000fe84 (0xfee43023) sd      a4, -32(s0)
core   0: 3 0x000000008000fe84 (0xfee43023) mem 0x0000000080031f50 0x000000008001209a
core   0: 0x000000008000fe88 (0xfc442703) lw      a4, -60(s0)
core   0: 3 0x000000008000fe88 (0xfc442703) x14 0x0000000000000000 mem 0x0000000080031f34
core   0: 0x000000008000fe8c (0x0ff77713) andi    a4, a4, 255
core   0: 3 0x000000008000fe8c (0x0ff77713) x14 0x0000000000000000
core   0: 0x000000008000fe90 (0x00e78023) sb      a4, 0(a5)
core   0: 3 0x000000008000fe90 (0x00e78023) mem 0x0000000080012099 0x00
core   0: 0x000000008000fe94 (0xfc843703) ld      a4, -56(s0)
core   0: 3 0x000000008000fe94 (0xfc843703) x14 0x0000000080012040 mem 0x0000000080031f38
core   0: 0x000000008000fe98 (0xfb843783) ld      a5, -72(s0)
core   0: 3 0x000000008000fe98 (0xfb843783) x15 0x000000000000009c mem 0x0000000080031f28
core   0: 0x000000008000fe9c (0x000097ba) c.add   a5, a4
core   0: 3 0x000000008000fe9c (0x97ba) x15 0x00000000800120dc
core   0: 0x000000008000fe9e (0xfe043703) ld      a4, -32(s0)
core   0: 3 0x000000008000fe9e (0xfe043703) x14 0x000000008001209a mem 0x0000000080031f50
core   0: 0x000000008000fea2 (0xfcf76de3) bltu    a4, a5, pc - 38
core   0: 3 0x000000008000fea2 (0xfcf76de3)
core   0: 0x000000008000fe7c (0xfe043783) ld      a5, -32(s0)
core   0: 3 0x000000008000fe7c (0xfe043783) x15 0x000000008001209a mem 0x0000000080031f50
core   0: 0x000000008000fe80 (0x00178713) addi    a4, a5, 1
core   0: 3 0x000000008000fe80 (0x00178713) x14 0x000000008001209b
core   0: 0x000000008000fe84 (0xfee43023) sd      a4, -32(s0)
core   0: 3 0x000000008000fe84 (0xfee43023) mem 0x0000000080031f50 0x000000008001209b
core   0: 0x000000008000fe88 (0xfc442703) lw      a4, -60(s0)
core   0: 3 0x000000008000fe88 (0xfc442703) x14 0x0000000000000000 mem 0x0000000080031f34
core   0: 0x000000008000fe8c (0x0ff77713) andi    a4, a4, 255
core   0: 3 0x000000008000fe8c (0x0ff77713) x14 0x0000000000000000
core   0: 0x000000008000fe90 (0x00e78023) sb      a4, 0(a5)
core   0: 3 0x000000008000fe90 (0x00e78023) mem 0x000000008001209a 0x00
core   0: 0x000000008000fe94 (0xfc843703) ld      a4, -56(s0)
core   0: 3 0x000000008000fe94 (0xfc843703) x14 0x0000000080012040 mem 0x0000000080031f38
core   0: 0x000000008000fe98 (0xfb843783) ld      a5, -72(s0)
core   0: 3 0x000000008000fe98 (0xfb843783) x15 0x000000000000009c mem 0x0000000080031f28
core   0: 0x000000008000fe9c (0x000097ba) c.add   a5, a4
core   0: 3 0x000000008000fe9c (0x97ba) x15 0x00000000800120dc
core   0: 0x000000008000fe9e (0xfe043703) ld      a4, -32(s0)
core   0: 3 0x000000008000fe9e (0xfe043703) x14 0x000000008001209b mem 0x0000000080031f50
core   0: 0x000000008000fea2 (0xfcf76de3) bltu    a4, a5, pc - 38
core   0: 3 0x000000008000fea2 (0xfcf76de3)
core   0: 0x000000008000fe7c (0xfe043783) ld      a5, -32(s0)
core   0: 3 0x000000008000fe7c (0xfe043783) x15 0x000000008001209b mem 0x0000000080031f50
core   0: 0x000000008000fe80 (0x00178713) addi    a4, a5, 1
core   0: 3 0x000000008000fe80 (0x00178713) x14 0x000000008001209c
core   0: 0x000000008000fe84 (0xfee43023) sd      a4, -32(s0)
core   0: 3 0x000000008000fe84 (0xfee43023) mem 0x0000000080031f50 0x000000008001209c
core   0: 0x000000008000fe88 (0xfc442703) lw      a4, -60(s0)
core   0: 3 0x000000008000fe88 (0xfc442703) x14 0x0000000000000000 mem 0x0000000080031f34
core   0: 0x000000008000fe8c (0x0ff77713) andi    a4, a4, 255
core   0: 3 0x000000008000fe8c (0x0ff77713) x14 0x0000000000000000
core   0: 0x000000008000fe90 (0x00e78023) sb      a4, 0(a5)
core   0: 3 0x000000008000fe90 (0x00e78023) mem 0x000000008001209b 0x00
core   0: 0x000000008000fe94 (0xfc843703) ld      a4, -56(s0)
core   0: 3 0x000000008000fe94 (0xfc843703) x14 0x0000000080012040 mem 0x0000000080031f38
core   0: 0x000000008000fe98 (0xfb843783) ld      a5, -72(s0)
core   0: 3 0x000000008000fe98 (0xfb843783) x15 0x000000000000009c mem 0x0000000080031f28
core   0: 0x000000008000fe9c (0x000097ba) c.add   a5, a4
core   0: 3 0x000000008000fe9c (0x97ba) x15 0x00000000800120dc
core   0: 0x000000008000fe9e (0xfe043703) ld      a4, -32(s0)
core   0: 3 0x000000008000fe9e (0xfe043703) x14 0x000000008001209c mem 0x0000000080031f50
core   0: 0x000000008000fea2 (0xfcf76de3) bltu    a4, a5, pc - 38
core   0: 3 0x000000008000fea2 (0xfcf76de3)
core   0: 0x000000008000fe7c (0xfe043783) ld      a5, -32(s0)
core   0: 3 0x000000008000fe7c (0xfe043783) x15 0x000000008001209c mem 0x0000000080031f50
core   0: 0x000000008000fe80 (0x00178713) addi    a4, a5, 1
core   0: 3 0x000000008000fe80 (0x00178713) x14 0x000000008001209d
core   0: 0x000000008000fe84 (0xfee43023) sd      a4, -32(s0)
core   0: 3 0x000000008000fe84 (0xfee43023) mem 0x0000000080031f50 0x000000008001209d
core   0: 0x000000008000fe88 (0xfc442703) lw      a4, -60(s0)
core   0: 3 0x000000008000fe88 (0xfc442703) x14 0x0000000000000000 mem 0x0000000080031f34
core   0: 0x000000008000fe8c (0x0ff77713) andi    a4, a4, 255
core   0: 3 0x000000008000fe8c (0x0ff77713) x14 0x0000000000000000
core   0: 0x000000008000fe90 (0x00e78023) sb      a4, 0(a5)
core   0: 3 0x000000008000fe90 (0x00e78023) mem 0x000000008001209c 0x00
core   0: 0x000000008000fe94 (0xfc843703) ld      a4, -56(s0)
core   0: 3 0x000000008000fe94 (0xfc843703) x14 0x0000000080012040 mem 0x0000000080031f38
core   0: 0x000000008000fe98 (0xfb843783) ld      a5, -72(s0)
core   0: 3 0x000000008000fe98 (0xfb843783) x15 0x000000000000009c mem 0x0000000080031f28
core   0: 0x000000008000fe9c (0x000097ba) c.add   a5, a4
core   0: 3 0x000000008000fe9c (0x97ba) x15 0x00000000800120dc
core   0: 0x000000008000fe9e (0xfe043703) ld      a4, -32(s0)
core   0: 3 0x000000008000fe9e (0xfe043703) x14 0x000000008001209d mem 0x0000000080031f50
core   0: 0x000000008000fea2 (0xfcf76de3) bltu    a4, a5, pc - 38
core   0: 3 0x000000008000fea2 (0xfcf76de3)
core   0: 0x000000008000fe7c (0xfe043783) ld      a5, -32(s0)
core   0: 3 0x000000008000fe7c (0xfe043783) x15 0x000000008001209d mem 0x0000000080031f50
core   0: 0x000000008000fe80 (0x00178713) addi    a4, a5, 1
core   0: 3 0x000000008000fe80 (0x00178713) x14 0x000000008001209e
core   0: 0x000000008000fe84 (0xfee43023) sd      a4, -32(s0)
core   0: 3 0x000000008000fe84 (0xfee43023) mem 0x0000000080031f50 0x000000008001209e
core   0: 0x000000008000fe88 (0xfc442703) lw      a4, -60(s0)
core   0: 3 0x000000008000fe88 (0xfc442703) x14 0x0000000000000000 mem 0x0000000080031f34
core   0: 0x000000008000fe8c (0x0ff77713) andi    a4, a4, 255
core   0: 3 0x000000008000fe8c (0x0ff77713) x14 0x0000000000000000
core   0: 0x000000008000fe90 (0x00e78023) sb      a4, 0(a5)
core   0: 3 0x000000008000fe90 (0x00e78023) mem 0x000000008001209d 0x00
core   0: 0x000000008000fe94 (0xfc843703) ld      a4, -56(s0)
core   0: 3 0x000000008000fe94 (0xfc843703) x14 0x0000000080012040 mem 0x0000000080031f38
core   0: 0x000000008000fe98 (0xfb843783) ld      a5, -72(s0)
core   0: 3 0x000000008000fe98 (0xfb843783) x15 0x000000000000009c mem 0x0000000080031f28
core   0: 0x000000008000fe9c (0x000097ba) c.add   a5, a4
core   0: 3 0x000000008000fe9c (0x97ba) x15 0x00000000800120dc
core   0: 0x000000008000fe9e (0xfe043703) ld      a4, -32(s0)
core   0: 3 0x000000008000fe9e (0xfe043703) x14 0x000000008001209e mem 0x0000000080031f50
core   0: 0x000000008000fea2 (0xfcf76de3) bltu    a4, a5, pc - 38
core   0: 3 0x000000008000fea2 (0xfcf76de3)
core   0: 0x000000008000fe7c (0xfe043783) ld      a5, -32(s0)
core   0: 3 0x000000008000fe7c (0xfe043783) x15 0x000000008001209e mem 0x0000000080031f50
core   0: 0x000000008000fe80 (0x00178713) addi    a4, a5, 1
core   0: 3 0x000000008000fe80 (0x00178713) x14 0x000000008001209f
core   0: 0x000000008000fe84 (0xfee43023) sd      a4, -32(s0)
core   0: 3 0x000000008000fe84 (0xfee43023) mem 0x0000000080031f50 0x000000008001209f
core   0: 0x000000008000fe88 (0xfc442703) lw      a4, -60(s0)
core   0: 3 0x000000008000fe88 (0xfc442703) x14 0x0000000000000000 mem 0x0000000080031f34
core   0: 0x000000008000fe8c (0x0ff77713) andi    a4, a4, 255
core   0: 3 0x000000008000fe8c (0x0ff77713) x14 0x0000000000000000
core   0: 0x000000008000fe90 (0x00e78023) sb      a4, 0(a5)
core   0: 3 0x000000008000fe90 (0x00e78023) mem 0x000000008001209e 0x00
core   0: 0x000000008000fe94 (0xfc843703) ld      a4, -56(s0)
core   0: 3 0x000000008000fe94 (0xfc843703) x14 0x0000000080012040 mem 0x0000000080031f38
core   0: 0x000000008000fe98 (0xfb843783) ld      a5, -72(s0)
core   0: 3 0x000000008000fe98 (0xfb843783) x15 0x000000000000009c mem 0x0000000080031f28
core   0: 0x000000008000fe9c (0x000097ba) c.add   a5, a4
core   0: 3 0x000000008000fe9c (0x97ba) x15 0x00000000800120dc
core   0: 0x000000008000fe9e (0xfe043703) ld      a4, -32(s0)
core   0: 3 0x000000008000fe9e (0xfe043703) x14 0x000000008001209f mem 0x0000000080031f50
core   0: 0x000000008000fea2 (0xfcf76de3) bltu    a4, a5, pc - 38
core   0: 3 0x000000008000fea2 (0xfcf76de3)
core   0: 0x000000008000fe7c (0xfe043783) ld      a5, -32(s0)
core   0: 3 0x000000008000fe7c (0xfe043783) x15 0x000000008001209f mem 0x0000000080031f50
core   0: 0x000000008000fe80 (0x00178713) addi    a4, a5, 1
core   0: 3 0x000000008000fe80 (0x00178713) x14 0x00000000800120a0
core   0: 0x000000008000fe84 (0xfee43023) sd      a4, -32(s0)
core   0: 3 0x000000008000fe84 (0xfee43023) mem 0x0000000080031f50 0x00000000800120a0
core   0: 0x000000008000fe88 (0xfc442703) lw      a4, -60(s0)
core   0: 3 0x000000008000fe88 (0xfc442703) x14 0x0000000000000000 mem 0x0000000080031f34
core   0: 0x000000008000fe8c (0x0ff77713) andi    a4, a4, 255
core   0: 3 0x000000008000fe8c (0x0ff77713) x14 0x0000000000000000
core   0: 0x000000008000fe90 (0x00e78023) sb      a4, 0(a5)
core   0: 3 0x000000008000fe90 (0x00e78023) mem 0x000000008001209f 0x00
core   0: 0x000000008000fe94 (0xfc843703) ld      a4, -56(s0)
core   0: 3 0x000000008000fe94 (0xfc843703) x14 0x0000000080012040 mem 0x0000000080031f38
core   0: 0x000000008000fe98 (0xfb843783) ld      a5, -72(s0)
core   0: 3 0x000000008000fe98 (0xfb843783) x15 0x000000000000009c mem 0x0000000080031f28
core   0: 0x000000008000fe9c (0x000097ba) c.add   a5, a4
core   0: 3 0x000000008000fe9c (0x97ba) x15 0x00000000800120dc
core   0: 0x000000008000fe9e (0xfe043703) ld      a4, -32(s0)
core   0: 3 0x000000008000fe9e (0xfe043703) x14 0x00000000800120a0 mem 0x0000000080031f50
core   0: 0x000000008000fea2 (0xfcf76de3) bltu    a4, a5, pc - 38
core   0: 3 0x000000008000fea2 (0xfcf76de3)
core   0: 0x000000008000fe7c (0xfe043783) ld      a5, -32(s0)
core   0: 3 0x000000008000fe7c (0xfe043783) x15 0x00000000800120a0 mem 0x0000000080031f50
core   0: 0x000000008000fe80 (0x00178713) addi    a4, a5, 1
core   0: 3 0x000000008000fe80 (0x00178713) x14 0x00000000800120a1
core   0: 0x000000008000fe84 (0xfee43023) sd      a4, -32(s0)
core   0: 3 0x000000008000fe84 (0xfee43023) mem 0x0000000080031f50 0x00000000800120a1
core   0: 0x000000008000fe88 (0xfc442703) lw      a4, -60(s0)
core   0: 3 0x000000008000fe88 (0xfc442703) x14 0x0000000000000000 mem 0x0000000080031f34
core   0: 0x000000008000fe8c (0x0ff77713) andi    a4, a4, 255
core   0: 3 0x000000008000fe8c (0x0ff77713) x14 0x0000000000000000
core   0: 0x000000008000fe90 (0x00e78023) sb      a4, 0(a5)
core   0: 3 0x000000008000fe90 (0x00e78023) mem 0x00000000800120a0 0x00
core   0: 0x000000008000fe94 (0xfc843703) ld      a4, -56(s0)
core   0: 3 0x000000008000fe94 (0xfc843703) x14 0x0000000080012040 mem 0x0000000080031f38
core   0: 0x000000008000fe98 (0xfb843783) ld      a5, -72(s0)
core   0: 3 0x000000008000fe98 (0xfb843783) x15 0x000000000000009c mem 0x0000000080031f28
core   0: 0x000000008000fe9c (0x000097ba) c.add   a5, a4
core   0: 3 0x000000008000fe9c (0x97ba) x15 0x00000000800120dc
core   0: 0x000000008000fe9e (0xfe043703) ld      a4, -32(s0)
core   0: 3 0x000000008000fe9e (0xfe043703) x14 0x00000000800120a1 mem 0x0000000080031f50
core   0: 0x000000008000fea2 (0xfcf76de3) bltu    a4, a5, pc - 38
core   0: 3 0x000000008000fea2 (0xfcf76de3)
core   0: 0x000000008000fe7c (0xfe043783) ld      a5, -32(s0)
core   0: 3 0x000000008000fe7c (0xfe043783) x15 0x00000000800120a1 mem 0x0000000080031f50
core   0: 0x000000008000fe80 (0x00178713) addi    a4, a5, 1
core   0: 3 0x000000008000fe80 (0x00178713) x14 0x00000000800120a2
core   0: 0x000000008000fe84 (0xfee43023) sd      a4, -32(s0)
core   0: 3 0x000000008000fe84 (0xfee43023) mem 0x0000000080031f50 0x00000000800120a2
core   0: 0x000000008000fe88 (0xfc442703) lw      a4, -60(s0)
core   0: 3 0x000000008000fe88 (0xfc442703) x14 0x0000000000000000 mem 0x0000000080031f34
core   0: 0x000000008000fe8c (0x0ff77713) andi    a4, a4, 255
core   0: 3 0x000000008000fe8c (0x0ff77713) x14 0x0000000000000000
core   0: 0x000000008000fe90 (0x00e78023) sb      a4, 0(a5)
core   0: 3 0x000000008000fe90 (0x00e78023) mem 0x00000000800120a1 0x00
core   0: 0x000000008000fe94 (0xfc843703) ld      a4, -56(s0)
core   0: 3 0x000000008000fe94 (0xfc843703) x14 0x0000000080012040 mem 0x0000000080031f38
core   0: 0x000000008000fe98 (0xfb843783) ld      a5, -72(s0)
core   0: 3 0x000000008000fe98 (0xfb843783) x15 0x000000000000009c mem 0x0000000080031f28
core   0: 0x000000008000fe9c (0x000097ba) c.add   a5, a4
core   0: 3 0x000000008000fe9c (0x97ba) x15 0x00000000800120dc
core   0: 0x000000008000fe9e (0xfe043703) ld      a4, -32(s0)
core   0: 3 0x000000008000fe9e (0xfe043703) x14 0x00000000800120a2 mem 0x0000000080031f50
core   0: 0x000000008000fea2 (0xfcf76de3) bltu    a4, a5, pc - 38
core   0: 3 0x000000008000fea2 (0xfcf76de3)
core   0: 0x000000008000fe7c (0xfe043783) ld      a5, -32(s0)
core   0: 3 0x000000008000fe7c (0xfe043783) x15 0x00000000800120a2 mem 0x0000000080031f50
core   0: 0x000000008000fe80 (0x00178713) addi    a4, a5, 1
core   0: 3 0x000000008000fe80 (0x00178713) x14 0x00000000800120a3
core   0: 0x000000008000fe84 (0xfee43023) sd      a4, -32(s0)
core   0: 3 0x000000008000fe84 (0xfee43023) mem 0x0000000080031f50 0x00000000800120a3
core   0: 0x000000008000fe88 (0xfc442703) lw      a4, -60(s0)
core   0: 3 0x000000008000fe88 (0xfc442703) x14 0x0000000000000000 mem 0x0000000080031f34
core   0: 0x000000008000fe8c (0x0ff77713) andi    a4, a4, 255
core   0: 3 0x000000008000fe8c (0x0ff77713) x14 0x0000000000000000
core   0: 0x000000008000fe90 (0x00e78023) sb      a4, 0(a5)
core   0: 3 0x000000008000fe90 (0x00e78023) mem 0x00000000800120a2 0x00
core   0: 0x000000008000fe94 (0xfc843703) ld      a4, -56(s0)
core   0: 3 0x000000008000fe94 (0xfc843703) x14 0x0000000080012040 mem 0x0000000080031f38
core   0: 0x000000008000fe98 (0xfb843783) ld      a5, -72(s0)
core   0: 3 0x000000008000fe98 (0xfb843783) x15 0x000000000000009c mem 0x0000000080031f28
core   0: 0x000000008000fe9c (0x000097ba) c.add   a5, a4
core   0: 3 0x000000008000fe9c (0x97ba) x15 0x00000000800120dc
core   0: 0x000000008000fe9e (0xfe043703) ld      a4, -32(s0)
core   0: 3 0x000000008000fe9e (0xfe043703) x14 0x00000000800120a3 mem 0x0000000080031f50
core   0: 0x000000008000fea2 (0xfcf76de3) bltu    a4, a5, pc - 38
core   0: 3 0x000000008000fea2 (0xfcf76de3)
core   0: 0x000000008000fe7c (0xfe043783) ld      a5, -32(s0)
core   0: 3 0x000000008000fe7c (0xfe043783) x15 0x00000000800120a3 mem 0x0000000080031f50
core   0: 0x000000008000fe80 (0x00178713) addi    a4, a5, 1
core   0: 3 0x000000008000fe80 (0x00178713) x14 0x00000000800120a4
core   0: 0x000000008000fe84 (0xfee43023) sd      a4, -32(s0)
core   0: 3 0x000000008000fe84 (0xfee43023) mem 0x0000000080031f50 0x00000000800120a4
core   0: 0x000000008000fe88 (0xfc442703) lw      a4, -60(s0)
core   0: 3 0x000000008000fe88 (0xfc442703) x14 0x0000000000000000 mem 0x0000000080031f34
core   0: 0x000000008000fe8c (0x0ff77713) andi    a4, a4, 255
core   0: 3 0x000000008000fe8c (0x0ff77713) x14 0x0000000000000000
core   0: 0x000000008000fe90 (0x00e78023) sb      a4, 0(a5)
core   0: 3 0x000000008000fe90 (0x00e78023) mem 0x00000000800120a3 0x00
core   0: 0x000000008000fe94 (0xfc843703) ld      a4, -56(s0)
core   0: 3 0x000000008000fe94 (0xfc843703) x14 0x0000000080012040 mem 0x0000000080031f38
core   0: 0x000000008000fe98 (0xfb843783) ld      a5, -72(s0)
core   0: 3 0x000000008000fe98 (0xfb843783) x15 0x000000000000009c mem 0x0000000080031f28
core   0: 0x000000008000fe9c (0x000097ba) c.add   a5, a4
core   0: 3 0x000000008000fe9c (0x97ba) x15 0x00000000800120dc
core   0: 0x000000008000fe9e (0xfe043703) ld      a4, -32(s0)
core   0: 3 0x000000008000fe9e (0xfe043703) x14 0x00000000800120a4 mem 0x0000000080031f50
core   0: 0x000000008000fea2 (0xfcf76de3) bltu    a4, a5, pc - 38
core   0: 3 0x000000008000fea2 (0xfcf76de3)
core   0: 0x000000008000fe7c (0xfe043783) ld      a5, -32(s0)
core   0: 3 0x000000008000fe7c (0xfe043783) x15 0x00000000800120a4 mem 0x0000000080031f50
core   0: 0x000000008000fe80 (0x00178713) addi    a4, a5, 1
core   0: 3 0x000000008000fe80 (0x00178713) x14 0x00000000800120a5
core   0: 0x000000008000fe84 (0xfee43023) sd      a4, -32(s0)
core   0: 3 0x000000008000fe84 (0xfee43023) mem 0x0000000080031f50 0x00000000800120a5
core   0: 0x000000008000fe88 (0xfc442703) lw      a4, -60(s0)
core   0: 3 0x000000008000fe88 (0xfc442703) x14 0x0000000000000000 mem 0x0000000080031f34
core   0: 0x000000008000fe8c (0x0ff77713) andi    a4, a4, 255
core   0: 3 0x000000008000fe8c (0x0ff77713) x14 0x0000000000000000
core   0: 0x000000008000fe90 (0x00e78023) sb      a4, 0(a5)
core   0: 3 0x000000008000fe90 (0x00e78023) mem 0x00000000800120a4 0x00
core   0: 0x000000008000fe94 (0xfc843703) ld      a4, -56(s0)
core   0: 3 0x000000008000fe94 (0xfc843703) x14 0x0000000080012040 mem 0x0000000080031f38
core   0: 0x000000008000fe98 (0xfb843783) ld      a5, -72(s0)
core   0: 3 0x000000008000fe98 (0xfb843783) x15 0x000000000000009c mem 0x0000000080031f28
core   0: 0x000000008000fe9c (0x000097ba) c.add   a5, a4
core   0: 3 0x000000008000fe9c (0x97ba) x15 0x00000000800120dc
core   0: 0x000000008000fe9e (0xfe043703) ld      a4, -32(s0)
core   0: 3 0x000000008000fe9e (0xfe043703) x14 0x00000000800120a5 mem 0x0000000080031f50
core   0: 0x000000008000fea2 (0xfcf76de3) bltu    a4, a5, pc - 38
core   0: 3 0x000000008000fea2 (0xfcf76de3)
core   0: 0x000000008000fe7c (0xfe043783) ld      a5, -32(s0)
core   0: 3 0x000000008000fe7c (0xfe043783) x15 0x00000000800120a5 mem 0x0000000080031f50
core   0: 0x000000008000fe80 (0x00178713) addi    a4, a5, 1
core   0: 3 0x000000008000fe80 (0x00178713) x14 0x00000000800120a6
core   0: 0x000000008000fe84 (0xfee43023) sd      a4, -32(s0)
core   0: 3 0x000000008000fe84 (0xfee43023) mem 0x0000000080031f50 0x00000000800120a6
core   0: 0x000000008000fe88 (0xfc442703) lw      a4, -60(s0)
core   0: 3 0x000000008000fe88 (0xfc442703) x14 0x0000000000000000 mem 0x0000000080031f34
core   0: 0x000000008000fe8c (0x0ff77713) andi    a4, a4, 255
core   0: 3 0x000000008000fe8c (0x0ff77713) x14 0x0000000000000000
core   0: 0x000000008000fe90 (0x00e78023) sb      a4, 0(a5)
core   0: 3 0x000000008000fe90 (0x00e78023) mem 0x00000000800120a5 0x00
core   0: 0x000000008000fe94 (0xfc843703) ld      a4, -56(s0)
core   0: 3 0x000000008000fe94 (0xfc843703) x14 0x0000000080012040 mem 0x0000000080031f38
core   0: 0x000000008000fe98 (0xfb843783) ld      a5, -72(s0)
core   0: 3 0x000000008000fe98 (0xfb843783) x15 0x000000000000009c mem 0x0000000080031f28
core   0: 0x000000008000fe9c (0x000097ba) c.add   a5, a4
core   0: 3 0x000000008000fe9c (0x97ba) x15 0x00000000800120dc
core   0: 0x000000008000fe9e (0xfe043703) ld      a4, -32(s0)
core   0: 3 0x000000008000fe9e (0xfe043703) x14 0x00000000800120a6 mem 0x0000000080031f50
core   0: 0x000000008000fea2 (0xfcf76de3) bltu    a4, a5, pc - 38
core   0: 3 0x000000008000fea2 (0xfcf76de3)
core   0: 0x000000008000fe7c (0xfe043783) ld      a5, -32(s0)
core   0: 3 0x000000008000fe7c (0xfe043783) x15 0x00000000800120a6 mem 0x0000000080031f50
core   0: 0x000000008000fe80 (0x00178713) addi    a4, a5, 1
core   0: 3 0x000000008000fe80 (0x00178713) x14 0x00000000800120a7
core   0: 0x000000008000fe84 (0xfee43023) sd      a4, -32(s0)
core   0: 3 0x000000008000fe84 (0xfee43023) mem 0x0000000080031f50 0x00000000800120a7
core   0: 0x000000008000fe88 (0xfc442703) lw      a4, -60(s0)
core   0: 3 0x000000008000fe88 (0xfc442703) x14 0x0000000000000000 mem 0x0000000080031f34
core   0: 0x000000008000fe8c (0x0ff77713) andi    a4, a4, 255
core   0: 3 0x000000008000fe8c (0x0ff77713) x14 0x0000000000000000
core   0: 0x000000008000fe90 (0x00e78023) sb      a4, 0(a5)
core   0: 3 0x000000008000fe90 (0x00e78023) mem 0x00000000800120a6 0x00
core   0: 0x000000008000fe94 (0xfc843703) ld      a4, -56(s0)
core   0: 3 0x000000008000fe94 (0xfc843703) x14 0x0000000080012040 mem 0x0000000080031f38
core   0: 0x000000008000fe98 (0xfb843783) ld      a5, -72(s0)
core   0: 3 0x000000008000fe98 (0xfb843783) x15 0x000000000000009c mem 0x0000000080031f28
core   0: 0x000000008000fe9c (0x000097ba) c.add   a5, a4
core   0: 3 0x000000008000fe9c (0x97ba) x15 0x00000000800120dc
core   0: 0x000000008000fe9e (0xfe043703) ld      a4, -32(s0)
core   0: 3 0x000000008000fe9e (0xfe043703) x14 0x00000000800120a7 mem 0x0000000080031f50
core   0: 0x000000008000fea2 (0xfcf76de3) bltu    a4, a5, pc - 38
core   0: 3 0x000000008000fea2 (0xfcf76de3)
core   0: 0x000000008000fe7c (0xfe043783) ld      a5, -32(s0)
core   0: 3 0x000000008000fe7c (0xfe043783) x15 0x00000000800120a7 mem 0x0000000080031f50
core   0: 0x000000008000fe80 (0x00178713) addi    a4, a5, 1
core   0: 3 0x000000008000fe80 (0x00178713) x14 0x00000000800120a8
core   0: 0x000000008000fe84 (0xfee43023) sd      a4, -32(s0)
core   0: 3 0x000000008000fe84 (0xfee43023) mem 0x0000000080031f50 0x00000000800120a8
core   0: 0x000000008000fe88 (0xfc442703) lw      a4, -60(s0)
core   0: 3 0x000000008000fe88 (0xfc442703) x14 0x0000000000000000 mem 0x0000000080031f34
core   0: 0x000000008000fe8c (0x0ff77713) andi    a4, a4, 255
core   0: 3 0x000000008000fe8c (0x0ff77713) x14 0x0000000000000000
core   0: 0x000000008000fe90 (0x00e78023) sb      a4, 0(a5)
core   0: 3 0x000000008000fe90 (0x00e78023) mem 0x00000000800120a7 0x00
core   0: 0x000000008000fe94 (0xfc843703) ld      a4, -56(s0)
core   0: 3 0x000000008000fe94 (0xfc843703) x14 0x0000000080012040 mem 0x0000000080031f38
core   0: 0x000000008000fe98 (0xfb843783) ld      a5, -72(s0)
core   0: 3 0x000000008000fe98 (0xfb843783) x15 0x000000000000009c mem 0x0000000080031f28
core   0: 0x000000008000fe9c (0x000097ba) c.add   a5, a4
core   0: 3 0x000000008000fe9c (0x97ba) x15 0x00000000800120dc
core   0: 0x000000008000fe9e (0xfe043703) ld      a4, -32(s0)
core   0: 3 0x000000008000fe9e (0xfe043703) x14 0x00000000800120a8 mem 0x0000000080031f50
core   0: 0x000000008000fea2 (0xfcf76de3) bltu    a4, a5, pc - 38
core   0: 3 0x000000008000fea2 (0xfcf76de3)
core   0: 0x000000008000fe7c (0xfe043783) ld      a5, -32(s0)
core   0: 3 0x000000008000fe7c (0xfe043783) x15 0x00000000800120a8 mem 0x0000000080031f50
core   0: 0x000000008000fe80 (0x00178713) addi    a4, a5, 1
core   0: 3 0x000000008000fe80 (0x00178713) x14 0x00000000800120a9
core   0: 0x000000008000fe84 (0xfee43023) sd      a4, -32(s0)
core   0: 3 0x000000008000fe84 (0xfee43023) mem 0x0000000080031f50 0x00000000800120a9
core   0: 0x000000008000fe88 (0xfc442703) lw      a4, -60(s0)
core   0: 3 0x000000008000fe88 (0xfc442703) x14 0x0000000000000000 mem 0x0000000080031f34
core   0: 0x000000008000fe8c (0x0ff77713) andi    a4, a4, 255
core   0: 3 0x000000008000fe8c (0x0ff77713) x14 0x0000000000000000
core   0: 0x000000008000fe90 (0x00e78023) sb      a4, 0(a5)
core   0: 3 0x000000008000fe90 (0x00e78023) mem 0x00000000800120a8 0x00
core   0: 0x000000008000fe94 (0xfc843703) ld      a4, -56(s0)
core   0: 3 0x000000008000fe94 (0xfc843703) x14 0x0000000080012040 mem 0x0000000080031f38
core   0: 0x000000008000fe98 (0xfb843783) ld      a5, -72(s0)
core   0: 3 0x000000008000fe98 (0xfb843783) x15 0x000000000000009c mem 0x0000000080031f28
core   0: 0x000000008000fe9c (0x000097ba) c.add   a5, a4
core   0: 3 0x000000008000fe9c (0x97ba) x15 0x00000000800120dc
core   0: 0x000000008000fe9e (0xfe043703) ld      a4, -32(s0)
core   0: 3 0x000000008000fe9e (0xfe043703) x14 0x00000000800120a9 mem 0x0000000080031f50
core   0: 0x000000008000fea2 (0xfcf76de3) bltu    a4, a5, pc - 38
core   0: 3 0x000000008000fea2 (0xfcf76de3)
core   0: 0x000000008000fe7c (0xfe043783) ld      a5, -32(s0)
core   0: 3 0x000000008000fe7c (0xfe043783) x15 0x00000000800120a9 mem 0x0000000080031f50
core   0: 0x000000008000fe80 (0x00178713) addi    a4, a5, 1
core   0: 3 0x000000008000fe80 (0x00178713) x14 0x00000000800120aa
core   0: 0x000000008000fe84 (0xfee43023) sd      a4, -32(s0)
core   0: 3 0x000000008000fe84 (0xfee43023) mem 0x0000000080031f50 0x00000000800120aa
core   0: 0x000000008000fe88 (0xfc442703) lw      a4, -60(s0)
core   0: 3 0x000000008000fe88 (0xfc442703) x14 0x0000000000000000 mem 0x0000000080031f34
core   0: 0x000000008000fe8c (0x0ff77713) andi    a4, a4, 255
core   0: 3 0x000000008000fe8c (0x0ff77713) x14 0x0000000000000000
core   0: 0x000000008000fe90 (0x00e78023) sb      a4, 0(a5)
core   0: 3 0x000000008000fe90 (0x00e78023) mem 0x00000000800120a9 0x00
core   0: 0x000000008000fe94 (0xfc843703) ld      a4, -56(s0)
core   0: 3 0x000000008000fe94 (0xfc843703) x14 0x0000000080012040 mem 0x0000000080031f38
core   0: 0x000000008000fe98 (0xfb843783) ld      a5, -72(s0)
core   0: 3 0x000000008000fe98 (0xfb843783) x15 0x000000000000009c mem 0x0000000080031f28
core   0: 0x000000008000fe9c (0x000097ba) c.add   a5, a4
core   0: 3 0x000000008000fe9c (0x97ba) x15 0x00000000800120dc
core   0: 0x000000008000fe9e (0xfe043703) ld      a4, -32(s0)
core   0: 3 0x000000008000fe9e (0xfe043703) x14 0x00000000800120aa mem 0x0000000080031f50
core   0: 0x000000008000fea2 (0xfcf76de3) bltu    a4, a5, pc - 38
core   0: 3 0x000000008000fea2 (0xfcf76de3)
core   0: 0x000000008000fe7c (0xfe043783) ld      a5, -32(s0)
core   0: 3 0x000000008000fe7c (0xfe043783) x15 0x00000000800120aa mem 0x0000000080031f50
core   0: 0x000000008000fe80 (0x00178713) addi    a4, a5, 1
core   0: 3 0x000000008000fe80 (0x00178713) x14 0x00000000800120ab
core   0: 0x000000008000fe84 (0xfee43023) sd      a4, -32(s0)
core   0: 3 0x000000008000fe84 (0xfee43023) mem 0x0000000080031f50 0x00000000800120ab
core   0: 0x000000008000fe88 (0xfc442703) lw      a4, -60(s0)
core   0: 3 0x000000008000fe88 (0xfc442703) x14 0x0000000000000000 mem 0x0000000080031f34
core   0: 0x000000008000fe8c (0x0ff77713) andi    a4, a4, 255
core   0: 3 0x000000008000fe8c (0x0ff77713) x14 0x0000000000000000
core   0: 0x000000008000fe90 (0x00e78023) sb      a4, 0(a5)
core   0: 3 0x000000008000fe90 (0x00e78023) mem 0x00000000800120aa 0x00
core   0: 0x000000008000fe94 (0xfc843703) ld      a4, -56(s0)
core   0: 3 0x000000008000fe94 (0xfc843703) x14 0x0000000080012040 mem 0x0000000080031f38
core   0: 0x000000008000fe98 (0xfb843783) ld      a5, -72(s0)
core   0: 3 0x000000008000fe98 (0xfb843783) x15 0x000000000000009c mem 0x0000000080031f28
core   0: 0x000000008000fe9c (0x000097ba) c.add   a5, a4
core   0: 3 0x000000008000fe9c (0x97ba) x15 0x00000000800120dc
core   0: 0x000000008000fe9e (0xfe043703) ld      a4, -32(s0)
core   0: 3 0x000000008000fe9e (0xfe043703) x14 0x00000000800120ab mem 0x0000000080031f50
core   0: 0x000000008000fea2 (0xfcf76de3) bltu    a4, a5, pc - 38
core   0: 3 0x000000008000fea2 (0xfcf76de3)
core   0: 0x000000008000fe7c (0xfe043783) ld      a5, -32(s0)
core   0: 3 0x000000008000fe7c (0xfe043783) x15 0x00000000800120ab mem 0x0000000080031f50
core   0: 0x000000008000fe80 (0x00178713) addi    a4, a5, 1
core   0: 3 0x000000008000fe80 (0x00178713) x14 0x00000000800120ac
core   0: 0x000000008000fe84 (0xfee43023) sd      a4, -32(s0)
core   0: 3 0x000000008000fe84 (0xfee43023) mem 0x0000000080031f50 0x00000000800120ac
core   0: 0x000000008000fe88 (0xfc442703) lw      a4, -60(s0)
core   0: 3 0x000000008000fe88 (0xfc442703) x14 0x0000000000000000 mem 0x0000000080031f34
core   0: 0x000000008000fe8c (0x0ff77713) andi    a4, a4, 255
core   0: 3 0x000000008000fe8c (0x0ff77713) x14 0x0000000000000000
core   0: 0x000000008000fe90 (0x00e78023) sb      a4, 0(a5)
core   0: 3 0x000000008000fe90 (0x00e78023) mem 0x00000000800120ab 0x00
core   0: 0x000000008000fe94 (0xfc843703) ld      a4, -56(s0)
core   0: 3 0x000000008000fe94 (0xfc843703) x14 0x0000000080012040 mem 0x0000000080031f38
core   0: 0x000000008000fe98 (0xfb843783) ld      a5, -72(s0)
core   0: 3 0x000000008000fe98 (0xfb843783) x15 0x000000000000009c mem 0x0000000080031f28
core   0: 0x000000008000fe9c (0x000097ba) c.add   a5, a4
core   0: 3 0x000000008000fe9c (0x97ba) x15 0x00000000800120dc
core   0: 0x000000008000fe9e (0xfe043703) ld      a4, -32(s0)
core   0: 3 0x000000008000fe9e (0xfe043703) x14 0x00000000800120ac mem 0x0000000080031f50
core   0: 0x000000008000fea2 (0xfcf76de3) bltu    a4, a5, pc - 38
core   0: 3 0x000000008000fea2 (0xfcf76de3)
core   0: 0x000000008000fe7c (0xfe043783) ld      a5, -32(s0)
core   0: 3 0x000000008000fe7c (0xfe043783) x15 0x00000000800120ac mem 0x0000000080031f50
core   0: 0x000000008000fe80 (0x00178713) addi    a4, a5, 1
core   0: 3 0x000000008000fe80 (0x00178713) x14 0x00000000800120ad
core   0: 0x000000008000fe84 (0xfee43023) sd      a4, -32(s0)
core   0: 3 0x000000008000fe84 (0xfee43023) mem 0x0000000080031f50 0x00000000800120ad
core   0: 0x000000008000fe88 (0xfc442703) lw      a4, -60(s0)
core   0: 3 0x000000008000fe88 (0xfc442703) x14 0x0000000000000000 mem 0x0000000080031f34
core   0: 0x000000008000fe8c (0x0ff77713) andi    a4, a4, 255
core   0: 3 0x000000008000fe8c (0x0ff77713) x14 0x0000000000000000
core   0: 0x000000008000fe90 (0x00e78023) sb      a4, 0(a5)
core   0: 3 0x000000008000fe90 (0x00e78023) mem 0x00000000800120ac 0x00
core   0: 0x000000008000fe94 (0xfc843703) ld      a4, -56(s0)
core   0: 3 0x000000008000fe94 (0xfc843703) x14 0x0000000080012040 mem 0x0000000080031f38
core   0: 0x000000008000fe98 (0xfb843783) ld      a5, -72(s0)
core   0: 3 0x000000008000fe98 (0xfb843783) x15 0x000000000000009c mem 0x0000000080031f28
core   0: 0x000000008000fe9c (0x000097ba) c.add   a5, a4
core   0: 3 0x000000008000fe9c (0x97ba) x15 0x00000000800120dc
core   0: 0x000000008000fe9e (0xfe043703) ld      a4, -32(s0)
core   0: 3 0x000000008000fe9e (0xfe043703) x14 0x00000000800120ad mem 0x0000000080031f50
core   0: 0x000000008000fea2 (0xfcf76de3) bltu    a4, a5, pc - 38
core   0: 3 0x000000008000fea2 (0xfcf76de3)
core   0: 0x000000008000fe7c (0xfe043783) ld      a5, -32(s0)
core   0: 3 0x000000008000fe7c (0xfe043783) x15 0x00000000800120ad mem 0x0000000080031f50
core   0: 0x000000008000fe80 (0x00178713) addi    a4, a5, 1
core   0: 3 0x000000008000fe80 (0x00178713) x14 0x00000000800120ae
core   0: 0x000000008000fe84 (0xfee43023) sd      a4, -32(s0)
core   0: 3 0x000000008000fe84 (0xfee43023) mem 0x0000000080031f50 0x00000000800120ae
core   0: 0x000000008000fe88 (0xfc442703) lw      a4, -60(s0)
core   0: 3 0x000000008000fe88 (0xfc442703) x14 0x0000000000000000 mem 0x0000000080031f34
core   0: 0x000000008000fe8c (0x0ff77713) andi    a4, a4, 255
core   0: 3 0x000000008000fe8c (0x0ff77713) x14 0x0000000000000000
core   0: 0x000000008000fe90 (0x00e78023) sb      a4, 0(a5)
core   0: 3 0x000000008000fe90 (0x00e78023) mem 0x00000000800120ad 0x00
core   0: 0x000000008000fe94 (0xfc843703) ld      a4, -56(s0)
core   0: 3 0x000000008000fe94 (0xfc843703) x14 0x0000000080012040 mem 0x0000000080031f38
core   0: 0x000000008000fe98 (0xfb843783) ld      a5, -72(s0)
core   0: 3 0x000000008000fe98 (0xfb843783) x15 0x000000000000009c mem 0x0000000080031f28
core   0: 0x000000008000fe9c (0x000097ba) c.add   a5, a4
core   0: 3 0x000000008000fe9c (0x97ba) x15 0x00000000800120dc
core   0: 0x000000008000fe9e (0xfe043703) ld      a4, -32(s0)
core   0: 3 0x000000008000fe9e (0xfe043703) x14 0x00000000800120ae mem 0x0000000080031f50
core   0: 0x000000008000fea2 (0xfcf76de3) bltu    a4, a5, pc - 38
core   0: 3 0x000000008000fea2 (0xfcf76de3)
core   0: 0x000000008000fe7c (0xfe043783) ld      a5, -32(s0)
core   0: 3 0x000000008000fe7c (0xfe043783) x15 0x00000000800120ae mem 0x0000000080031f50
core   0: 0x000000008000fe80 (0x00178713) addi    a4, a5, 1
core   0: 3 0x000000008000fe80 (0x00178713) x14 0x00000000800120af
core   0: 0x000000008000fe84 (0xfee43023) sd      a4, -32(s0)
core   0: 3 0x000000008000fe84 (0xfee43023) mem 0x0000000080031f50 0x00000000800120af
core   0: 0x000000008000fe88 (0xfc442703) lw      a4, -60(s0)
core   0: 3 0x000000008000fe88 (0xfc442703) x14 0x0000000000000000 mem 0x0000000080031f34
core   0: 0x000000008000fe8c (0x0ff77713) andi    a4, a4, 255
core   0: 3 0x000000008000fe8c (0x0ff77713) x14 0x0000000000000000
core   0: 0x000000008000fe90 (0x00e78023) sb      a4, 0(a5)
core   0: 3 0x000000008000fe90 (0x00e78023) mem 0x00000000800120ae 0x00
core   0: 0x000000008000fe94 (0xfc843703) ld      a4, -56(s0)
core   0: 3 0x000000008000fe94 (0xfc843703) x14 0x0000000080012040 mem 0x0000000080031f38
core   0: 0x000000008000fe98 (0xfb843783) ld      a5, -72(s0)
core   0: 3 0x000000008000fe98 (0xfb843783) x15 0x000000000000009c mem 0x0000000080031f28
core   0: 0x000000008000fe9c (0x000097ba) c.add   a5, a4
core   0: 3 0x000000008000fe9c (0x97ba) x15 0x00000000800120dc
core   0: 0x000000008000fe9e (0xfe043703) ld      a4, -32(s0)
core   0: 3 0x000000008000fe9e (0xfe043703) x14 0x00000000800120af mem 0x0000000080031f50
core   0: 0x000000008000fea2 (0xfcf76de3) bltu    a4, a5, pc - 38
core   0: 3 0x000000008000fea2 (0xfcf76de3)
core   0: 0x000000008000fe7c (0xfe043783) ld      a5, -32(s0)
core   0: 3 0x000000008000fe7c (0xfe043783) x15 0x00000000800120af mem 0x0000000080031f50
core   0: 0x000000008000fe80 (0x00178713) addi    a4, a5, 1
core   0: 3 0x000000008000fe80 (0x00178713) x14 0x00000000800120b0
core   0: 0x000000008000fe84 (0xfee43023) sd      a4, -32(s0)
core   0: 3 0x000000008000fe84 (0xfee43023) mem 0x0000000080031f50 0x00000000800120b0
core   0: 0x000000008000fe88 (0xfc442703) lw      a4, -60(s0)
core   0: 3 0x000000008000fe88 (0xfc442703) x14 0x0000000000000000 mem 0x0000000080031f34
core   0: 0x000000008000fe8c (0x0ff77713) andi    a4, a4, 255
core   0: 3 0x000000008000fe8c (0x0ff77713) x14 0x0000000000000000
core   0: 0x000000008000fe90 (0x00e78023) sb      a4, 0(a5)
core   0: 3 0x000000008000fe90 (0x00e78023) mem 0x00000000800120af 0x00
core   0: 0x000000008000fe94 (0xfc843703) ld      a4, -56(s0)
core   0: 3 0x000000008000fe94 (0xfc843703) x14 0x0000000080012040 mem 0x0000000080031f38
core   0: 0x000000008000fe98 (0xfb843783) ld      a5, -72(s0)
core   0: 3 0x000000008000fe98 (0xfb843783) x15 0x000000000000009c mem 0x0000000080031f28
core   0: 0x000000008000fe9c (0x000097ba) c.add   a5, a4
core   0: 3 0x000000008000fe9c (0x97ba) x15 0x00000000800120dc
core   0: 0x000000008000fe9e (0xfe043703) ld      a4, -32(s0)
core   0: 3 0x000000008000fe9e (0xfe043703) x14 0x00000000800120b0 mem 0x0000000080031f50
core   0: 0x000000008000fea2 (0xfcf76de3) bltu    a4, a5, pc - 38
core   0: 3 0x000000008000fea2 (0xfcf76de3)
core   0: 0x000000008000fe7c (0xfe043783) ld      a5, -32(s0)
core   0: 3 0x000000008000fe7c (0xfe043783) x15 0x00000000800120b0 mem 0x0000000080031f50
core   0: 0x000000008000fe80 (0x00178713) addi    a4, a5, 1
core   0: 3 0x000000008000fe80 (0x00178713) x14 0x00000000800120b1
core   0: 0x000000008000fe84 (0xfee43023) sd      a4, -32(s0)
core   0: 3 0x000000008000fe84 (0xfee43023) mem 0x0000000080031f50 0x00000000800120b1
core   0: 0x000000008000fe88 (0xfc442703) lw      a4, -60(s0)
core   0: 3 0x000000008000fe88 (0xfc442703) x14 0x0000000000000000 mem 0x0000000080031f34
core   0: 0x000000008000fe8c (0x0ff77713) andi    a4, a4, 255
core   0: 3 0x000000008000fe8c (0x0ff77713) x14 0x0000000000000000
core   0: 0x000000008000fe90 (0x00e78023) sb      a4, 0(a5)
core   0: 3 0x000000008000fe90 (0x00e78023) mem 0x00000000800120b0 0x00
core   0: 0x000000008000fe94 (0xfc843703) ld      a4, -56(s0)
core   0: 3 0x000000008000fe94 (0xfc843703) x14 0x0000000080012040 mem 0x0000000080031f38
core   0: 0x000000008000fe98 (0xfb843783) ld      a5, -72(s0)
core   0: 3 0x000000008000fe98 (0xfb843783) x15 0x000000000000009c mem 0x0000000080031f28
core   0: 0x000000008000fe9c (0x000097ba) c.add   a5, a4
core   0: 3 0x000000008000fe9c (0x97ba) x15 0x00000000800120dc
core   0: 0x000000008000fe9e (0xfe043703) ld      a4, -32(s0)
core   0: 3 0x000000008000fe9e (0xfe043703) x14 0x00000000800120b1 mem 0x0000000080031f50
core   0: 0x000000008000fea2 (0xfcf76de3) bltu    a4, a5, pc - 38
core   0: 3 0x000000008000fea2 (0xfcf76de3)
core   0: 0x000000008000fe7c (0xfe043783) ld      a5, -32(s0)
core   0: 3 0x000000008000fe7c (0xfe043783) x15 0x00000000800120b1 mem 0x0000000080031f50
core   0: 0x000000008000fe80 (0x00178713) addi    a4, a5, 1
core   0: 3 0x000000008000fe80 (0x00178713) x14 0x00000000800120b2
core   0: 0x000000008000fe84 (0xfee43023) sd      a4, -32(s0)
core   0: 3 0x000000008000fe84 (0xfee43023) mem 0x0000000080031f50 0x00000000800120b2
core   0: 0x000000008000fe88 (0xfc442703) lw      a4, -60(s0)
core   0: 3 0x000000008000fe88 (0xfc442703) x14 0x0000000000000000 mem 0x0000000080031f34
core   0: 0x000000008000fe8c (0x0ff77713) andi    a4, a4, 255
core   0: 3 0x000000008000fe8c (0x0ff77713) x14 0x0000000000000000
core   0: 0x000000008000fe90 (0x00e78023) sb      a4, 0(a5)
core   0: 3 0x000000008000fe90 (0x00e78023) mem 0x00000000800120b1 0x00
core   0: 0x000000008000fe94 (0xfc843703) ld      a4, -56(s0)
core   0: 3 0x000000008000fe94 (0xfc843703) x14 0x0000000080012040 mem 0x0000000080031f38
core   0: 0x000000008000fe98 (0xfb843783) ld      a5, -72(s0)
core   0: 3 0x000000008000fe98 (0xfb843783) x15 0x000000000000009c mem 0x0000000080031f28
core   0: 0x000000008000fe9c (0x000097ba) c.add   a5, a4
core   0: 3 0x000000008000fe9c (0x97ba) x15 0x00000000800120dc
core   0: 0x000000008000fe9e (0xfe043703) ld      a4, -32(s0)
core   0: 3 0x000000008000fe9e (0xfe043703) x14 0x00000000800120b2 mem 0x0000000080031f50
core   0: 0x000000008000fea2 (0xfcf76de3) bltu    a4, a5, pc - 38
core   0: 3 0x000000008000fea2 (0xfcf76de3)
core   0: 0x000000008000fe7c (0xfe043783) ld      a5, -32(s0)
core   0: 3 0x000000008000fe7c (0xfe043783) x15 0x00000000800120b2 mem 0x0000000080031f50
core   0: 0x000000008000fe80 (0x00178713) addi    a4, a5, 1
core   0: 3 0x000000008000fe80 (0x00178713) x14 0x00000000800120b3
core   0: 0x000000008000fe84 (0xfee43023) sd      a4, -32(s0)
core   0: 3 0x000000008000fe84 (0xfee43023) mem 0x0000000080031f50 0x00000000800120b3
core   0: 0x000000008000fe88 (0xfc442703) lw      a4, -60(s0)
core   0: 3 0x000000008000fe88 (0xfc442703) x14 0x0000000000000000 mem 0x0000000080031f34
core   0: 0x000000008000fe8c (0x0ff77713) andi    a4, a4, 255
core   0: 3 0x000000008000fe8c (0x0ff77713) x14 0x0000000000000000
core   0: 0x000000008000fe90 (0x00e78023) sb      a4, 0(a5)
core   0: 3 0x000000008000fe90 (0x00e78023) mem 0x00000000800120b2 0x00
core   0: 0x000000008000fe94 (0xfc843703) ld      a4, -56(s0)
core   0: 3 0x000000008000fe94 (0xfc843703) x14 0x0000000080012040 mem 0x0000000080031f38
core   0: 0x000000008000fe98 (0xfb843783) ld      a5, -72(s0)
core   0: 3 0x000000008000fe98 (0xfb843783) x15 0x000000000000009c mem 0x0000000080031f28
core   0: 0x000000008000fe9c (0x000097ba) c.add   a5, a4
core   0: 3 0x000000008000fe9c (0x97ba) x15 0x00000000800120dc
core   0: 0x000000008000fe9e (0xfe043703) ld      a4, -32(s0)
core   0: 3 0x000000008000fe9e (0xfe043703) x14 0x00000000800120b3 mem 0x0000000080031f50
core   0: 0x000000008000fea2 (0xfcf76de3) bltu    a4, a5, pc - 38
core   0: 3 0x000000008000fea2 (0xfcf76de3)
core   0: 0x000000008000fe7c (0xfe043783) ld      a5, -32(s0)
core   0: 3 0x000000008000fe7c (0xfe043783) x15 0x00000000800120b3 mem 0x0000000080031f50
core   0: 0x000000008000fe80 (0x00178713) addi    a4, a5, 1
core   0: 3 0x000000008000fe80 (0x00178713) x14 0x00000000800120b4
core   0: 0x000000008000fe84 (0xfee43023) sd      a4, -32(s0)
core   0: 3 0x000000008000fe84 (0xfee43023) mem 0x0000000080031f50 0x00000000800120b4
core   0: 0x000000008000fe88 (0xfc442703) lw      a4, -60(s0)
core   0: 3 0x000000008000fe88 (0xfc442703) x14 0x0000000000000000 mem 0x0000000080031f34
core   0: 0x000000008000fe8c (0x0ff77713) andi    a4, a4, 255
core   0: 3 0x000000008000fe8c (0x0ff77713) x14 0x0000000000000000
core   0: 0x000000008000fe90 (0x00e78023) sb      a4, 0(a5)
core   0: 3 0x000000008000fe90 (0x00e78023) mem 0x00000000800120b3 0x00
core   0: 0x000000008000fe94 (0xfc843703) ld      a4, -56(s0)
core   0: 3 0x000000008000fe94 (0xfc843703) x14 0x0000000080012040 mem 0x0000000080031f38
core   0: 0x000000008000fe98 (0xfb843783) ld      a5, -72(s0)
core   0: 3 0x000000008000fe98 (0xfb843783) x15 0x000000000000009c mem 0x0000000080031f28
core   0: 0x000000008000fe9c (0x000097ba) c.add   a5, a4
core   0: 3 0x000000008000fe9c (0x97ba) x15 0x00000000800120dc
core   0: 0x000000008000fe9e (0xfe043703) ld      a4, -32(s0)
core   0: 3 0x000000008000fe9e (0xfe043703) x14 0x00000000800120b4 mem 0x0000000080031f50
core   0: 0x000000008000fea2 (0xfcf76de3) bltu    a4, a5, pc - 38
core   0: 3 0x000000008000fea2 (0xfcf76de3)
core   0: 0x000000008000fe7c (0xfe043783) ld      a5, -32(s0)
core   0: 3 0x000000008000fe7c (0xfe043783) x15 0x00000000800120b4 mem 0x0000000080031f50
core   0: 0x000000008000fe80 (0x00178713) addi    a4, a5, 1
core   0: 3 0x000000008000fe80 (0x00178713) x14 0x00000000800120b5
core   0: 0x000000008000fe84 (0xfee43023) sd      a4, -32(s0)
core   0: 3 0x000000008000fe84 (0xfee43023) mem 0x0000000080031f50 0x00000000800120b5
core   0: 0x000000008000fe88 (0xfc442703) lw      a4, -60(s0)
core   0: 3 0x000000008000fe88 (0xfc442703) x14 0x0000000000000000 mem 0x0000000080031f34
core   0: 0x000000008000fe8c (0x0ff77713) andi    a4, a4, 255
core   0: 3 0x000000008000fe8c (0x0ff77713) x14 0x0000000000000000
core   0: 0x000000008000fe90 (0x00e78023) sb      a4, 0(a5)
core   0: 3 0x000000008000fe90 (0x00e78023) mem 0x00000000800120b4 0x00
core   0: 0x000000008000fe94 (0xfc843703) ld      a4, -56(s0)
core   0: 3 0x000000008000fe94 (0xfc843703) x14 0x0000000080012040 mem 0x0000000080031f38
core   0: 0x000000008000fe98 (0xfb843783) ld      a5, -72(s0)
core   0: 3 0x000000008000fe98 (0xfb843783) x15 0x000000000000009c mem 0x0000000080031f28
core   0: 0x000000008000fe9c (0x000097ba) c.add   a5, a4
core   0: 3 0x000000008000fe9c (0x97ba) x15 0x00000000800120dc
core   0: 0x000000008000fe9e (0xfe043703) ld      a4, -32(s0)
core   0: 3 0x000000008000fe9e (0xfe043703) x14 0x00000000800120b5 mem 0x0000000080031f50
core   0: 0x000000008000fea2 (0xfcf76de3) bltu    a4, a5, pc - 38
core   0: 3 0x000000008000fea2 (0xfcf76de3)
core   0: 0x000000008000fe7c (0xfe043783) ld      a5, -32(s0)
core   0: 3 0x000000008000fe7c (0xfe043783) x15 0x00000000800120b5 mem 0x0000000080031f50
core   0: 0x000000008000fe80 (0x00178713) addi    a4, a5, 1
core   0: 3 0x000000008000fe80 (0x00178713) x14 0x00000000800120b6
core   0: 0x000000008000fe84 (0xfee43023) sd      a4, -32(s0)
core   0: 3 0x000000008000fe84 (0xfee43023) mem 0x0000000080031f50 0x00000000800120b6
core   0: 0x000000008000fe88 (0xfc442703) lw      a4, -60(s0)
core   0: 3 0x000000008000fe88 (0xfc442703) x14 0x0000000000000000 mem 0x0000000080031f34
core   0: 0x000000008000fe8c (0x0ff77713) andi    a4, a4, 255
core   0: 3 0x000000008000fe8c (0x0ff77713) x14 0x0000000000000000
core   0: 0x000000008000fe90 (0x00e78023) sb      a4, 0(a5)
core   0: 3 0x000000008000fe90 (0x00e78023) mem 0x00000000800120b5 0x00
core   0: 0x000000008000fe94 (0xfc843703) ld      a4, -56(s0)
core   0: 3 0x000000008000fe94 (0xfc843703) x14 0x0000000080012040 mem 0x0000000080031f38
core   0: 0x000000008000fe98 (0xfb843783) ld      a5, -72(s0)
core   0: 3 0x000000008000fe98 (0xfb843783) x15 0x000000000000009c mem 0x0000000080031f28
core   0: 0x000000008000fe9c (0x000097ba) c.add   a5, a4
core   0: 3 0x000000008000fe9c (0x97ba) x15 0x00000000800120dc
core   0: 0x000000008000fe9e (0xfe043703) ld      a4, -32(s0)
core   0: 3 0x000000008000fe9e (0xfe043703) x14 0x00000000800120b6 mem 0x0000000080031f50
core   0: 0x000000008000fea2 (0xfcf76de3) bltu    a4, a5, pc - 38
core   0: 3 0x000000008000fea2 (0xfcf76de3)
core   0: 0x000000008000fe7c (0xfe043783) ld      a5, -32(s0)
core   0: 3 0x000000008000fe7c (0xfe043783) x15 0x00000000800120b6 mem 0x0000000080031f50
core   0: 0x000000008000fe80 (0x00178713) addi    a4, a5, 1
core   0: 3 0x000000008000fe80 (0x00178713) x14 0x00000000800120b7
core   0: 0x000000008000fe84 (0xfee43023) sd      a4, -32(s0)
core   0: 3 0x000000008000fe84 (0xfee43023) mem 0x0000000080031f50 0x00000000800120b7
core   0: 0x000000008000fe88 (0xfc442703) lw      a4, -60(s0)
core   0: 3 0x000000008000fe88 (0xfc442703) x14 0x0000000000000000 mem 0x0000000080031f34
core   0: 0x000000008000fe8c (0x0ff77713) andi    a4, a4, 255
core   0: 3 0x000000008000fe8c (0x0ff77713) x14 0x0000000000000000
core   0: 0x000000008000fe90 (0x00e78023) sb      a4, 0(a5)
core   0: 3 0x000000008000fe90 (0x00e78023) mem 0x00000000800120b6 0x00
core   0: 0x000000008000fe94 (0xfc843703) ld      a4, -56(s0)
core   0: 3 0x000000008000fe94 (0xfc843703) x14 0x0000000080012040 mem 0x0000000080031f38
core   0: 0x000000008000fe98 (0xfb843783) ld      a5, -72(s0)
core   0: 3 0x000000008000fe98 (0xfb843783) x15 0x000000000000009c mem 0x0000000080031f28
core   0: 0x000000008000fe9c (0x000097ba) c.add   a5, a4
core   0: 3 0x000000008000fe9c (0x97ba) x15 0x00000000800120dc
core   0: 0x000000008000fe9e (0xfe043703) ld      a4, -32(s0)
core   0: 3 0x000000008000fe9e (0xfe043703) x14 0x00000000800120b7 mem 0x0000000080031f50
core   0: 0x000000008000fea2 (0xfcf76de3) bltu    a4, a5, pc - 38
core   0: 3 0x000000008000fea2 (0xfcf76de3)
core   0: 0x000000008000fe7c (0xfe043783) ld      a5, -32(s0)
core   0: 3 0x000000008000fe7c (0xfe043783) x15 0x00000000800120b7 mem 0x0000000080031f50
core   0: 0x000000008000fe80 (0x00178713) addi    a4, a5, 1
core   0: 3 0x000000008000fe80 (0x00178713) x14 0x00000000800120b8
core   0: 0x000000008000fe84 (0xfee43023) sd      a4, -32(s0)
core   0: 3 0x000000008000fe84 (0xfee43023) mem 0x0000000080031f50 0x00000000800120b8
core   0: 0x000000008000fe88 (0xfc442703) lw      a4, -60(s0)
core   0: 3 0x000000008000fe88 (0xfc442703) x14 0x0000000000000000 mem 0x0000000080031f34
core   0: 0x000000008000fe8c (0x0ff77713) andi    a4, a4, 255
core   0: 3 0x000000008000fe8c (0x0ff77713) x14 0x0000000000000000
core   0: 0x000000008000fe90 (0x00e78023) sb      a4, 0(a5)
core   0: 3 0x000000008000fe90 (0x00e78023) mem 0x00000000800120b7 0x00
core   0: 0x000000008000fe94 (0xfc843703) ld      a4, -56(s0)
core   0: 3 0x000000008000fe94 (0xfc843703) x14 0x0000000080012040 mem 0x0000000080031f38
core   0: 0x000000008000fe98 (0xfb843783) ld      a5, -72(s0)
core   0: 3 0x000000008000fe98 (0xfb843783) x15 0x000000000000009c mem 0x0000000080031f28
core   0: 0x000000008000fe9c (0x000097ba) c.add   a5, a4
core   0: 3 0x000000008000fe9c (0x97ba) x15 0x00000000800120dc
core   0: 0x000000008000fe9e (0xfe043703) ld      a4, -32(s0)
core   0: 3 0x000000008000fe9e (0xfe043703) x14 0x00000000800120b8 mem 0x0000000080031f50
core   0: 0x000000008000fea2 (0xfcf76de3) bltu    a4, a5, pc - 38
core   0: 3 0x000000008000fea2 (0xfcf76de3)
core   0: 0x000000008000fe7c (0xfe043783) ld      a5, -32(s0)
core   0: 3 0x000000008000fe7c (0xfe043783) x15 0x00000000800120b8 mem 0x0000000080031f50
core   0: 0x000000008000fe80 (0x00178713) addi    a4, a5, 1
core   0: 3 0x000000008000fe80 (0x00178713) x14 0x00000000800120b9
core   0: 0x000000008000fe84 (0xfee43023) sd      a4, -32(s0)
core   0: 3 0x000000008000fe84 (0xfee43023) mem 0x0000000080031f50 0x00000000800120b9
core   0: 0x000000008000fe88 (0xfc442703) lw      a4, -60(s0)
core   0: 3 0x000000008000fe88 (0xfc442703) x14 0x0000000000000000 mem 0x0000000080031f34
core   0: 0x000000008000fe8c (0x0ff77713) andi    a4, a4, 255
core   0: 3 0x000000008000fe8c (0x0ff77713) x14 0x0000000000000000
core   0: 0x000000008000fe90 (0x00e78023) sb      a4, 0(a5)
core   0: 3 0x000000008000fe90 (0x00e78023) mem 0x00000000800120b8 0x00
core   0: 0x000000008000fe94 (0xfc843703) ld      a4, -56(s0)
core   0: 3 0x000000008000fe94 (0xfc843703) x14 0x0000000080012040 mem 0x0000000080031f38
core   0: 0x000000008000fe98 (0xfb843783) ld      a5, -72(s0)
core   0: 3 0x000000008000fe98 (0xfb843783) x15 0x000000000000009c mem 0x0000000080031f28
core   0: 0x000000008000fe9c (0x000097ba) c.add   a5, a4
core   0: 3 0x000000008000fe9c (0x97ba) x15 0x00000000800120dc
core   0: 0x000000008000fe9e (0xfe043703) ld      a4, -32(s0)
core   0: 3 0x000000008000fe9e (0xfe043703) x14 0x00000000800120b9 mem 0x0000000080031f50
core   0: 0x000000008000fea2 (0xfcf76de3) bltu    a4, a5, pc - 38
core   0: 3 0x000000008000fea2 (0xfcf76de3)
core   0: 0x000000008000fe7c (0xfe043783) ld      a5, -32(s0)
core   0: 3 0x000000008000fe7c (0xfe043783) x15 0x00000000800120b9 mem 0x0000000080031f50
core   0: 0x000000008000fe80 (0x00178713) addi    a4, a5, 1
core   0: 3 0x000000008000fe80 (0x00178713) x14 0x00000000800120ba
core   0: 0x000000008000fe84 (0xfee43023) sd      a4, -32(s0)
core   0: 3 0x000000008000fe84 (0xfee43023) mem 0x0000000080031f50 0x00000000800120ba
core   0: 0x000000008000fe88 (0xfc442703) lw      a4, -60(s0)
core   0: 3 0x000000008000fe88 (0xfc442703) x14 0x0000000000000000 mem 0x0000000080031f34
core   0: 0x000000008000fe8c (0x0ff77713) andi    a4, a4, 255
core   0: 3 0x000000008000fe8c (0x0ff77713) x14 0x0000000000000000
core   0: 0x000000008000fe90 (0x00e78023) sb      a4, 0(a5)
core   0: 3 0x000000008000fe90 (0x00e78023) mem 0x00000000800120b9 0x00
core   0: 0x000000008000fe94 (0xfc843703) ld      a4, -56(s0)
core   0: 3 0x000000008000fe94 (0xfc843703) x14 0x0000000080012040 mem 0x0000000080031f38
core   0: 0x000000008000fe98 (0xfb843783) ld      a5, -72(s0)
core   0: 3 0x000000008000fe98 (0xfb843783) x15 0x000000000000009c mem 0x0000000080031f28
core   0: 0x000000008000fe9c (0x000097ba) c.add   a5, a4
core   0: 3 0x000000008000fe9c (0x97ba) x15 0x00000000800120dc
core   0: 0x000000008000fe9e (0xfe043703) ld      a4, -32(s0)
core   0: 3 0x000000008000fe9e (0xfe043703) x14 0x00000000800120ba mem 0x0000000080031f50
core   0: 0x000000008000fea2 (0xfcf76de3) bltu    a4, a5, pc - 38
core   0: 3 0x000000008000fea2 (0xfcf76de3)
core   0: 0x000000008000fe7c (0xfe043783) ld      a5, -32(s0)
core   0: 3 0x000000008000fe7c (0xfe043783) x15 0x00000000800120ba mem 0x0000000080031f50
core   0: 0x000000008000fe80 (0x00178713) addi    a4, a5, 1
core   0: 3 0x000000008000fe80 (0x00178713) x14 0x00000000800120bb
core   0: 0x000000008000fe84 (0xfee43023) sd      a4, -32(s0)
core   0: 3 0x000000008000fe84 (0xfee43023) mem 0x0000000080031f50 0x00000000800120bb
core   0: 0x000000008000fe88 (0xfc442703) lw      a4, -60(s0)
core   0: 3 0x000000008000fe88 (0xfc442703) x14 0x0000000000000000 mem 0x0000000080031f34
core   0: 0x000000008000fe8c (0x0ff77713) andi    a4, a4, 255
core   0: 3 0x000000008000fe8c (0x0ff77713) x14 0x0000000000000000
core   0: 0x000000008000fe90 (0x00e78023) sb      a4, 0(a5)
core   0: 3 0x000000008000fe90 (0x00e78023) mem 0x00000000800120ba 0x00
core   0: 0x000000008000fe94 (0xfc843703) ld      a4, -56(s0)
core   0: 3 0x000000008000fe94 (0xfc843703) x14 0x0000000080012040 mem 0x0000000080031f38
core   0: 0x000000008000fe98 (0xfb843783) ld      a5, -72(s0)
core   0: 3 0x000000008000fe98 (0xfb843783) x15 0x000000000000009c mem 0x0000000080031f28
core   0: 0x000000008000fe9c (0x000097ba) c.add   a5, a4
core   0: 3 0x000000008000fe9c (0x97ba) x15 0x00000000800120dc
core   0: 0x000000008000fe9e (0xfe043703) ld      a4, -32(s0)
core   0: 3 0x000000008000fe9e (0xfe043703) x14 0x00000000800120bb mem 0x0000000080031f50
core   0: 0x000000008000fea2 (0xfcf76de3) bltu    a4, a5, pc - 38
core   0: 3 0x000000008000fea2 (0xfcf76de3)
core   0: 0x000000008000fe7c (0xfe043783) ld      a5, -32(s0)
core   0: 3 0x000000008000fe7c (0xfe043783) x15 0x00000000800120bb mem 0x0000000080031f50
core   0: 0x000000008000fe80 (0x00178713) addi    a4, a5, 1
core   0: 3 0x000000008000fe80 (0x00178713) x14 0x00000000800120bc
core   0: 0x000000008000fe84 (0xfee43023) sd      a4, -32(s0)
core   0: 3 0x000000008000fe84 (0xfee43023) mem 0x0000000080031f50 0x00000000800120bc
core   0: 0x000000008000fe88 (0xfc442703) lw      a4, -60(s0)
core   0: 3 0x000000008000fe88 (0xfc442703) x14 0x0000000000000000 mem 0x0000000080031f34
core   0: 0x000000008000fe8c (0x0ff77713) andi    a4, a4, 255
core   0: 3 0x000000008000fe8c (0x0ff77713) x14 0x0000000000000000
core   0: 0x000000008000fe90 (0x00e78023) sb      a4, 0(a5)
core   0: 3 0x000000008000fe90 (0x00e78023) mem 0x00000000800120bb 0x00
core   0: 0x000000008000fe94 (0xfc843703) ld      a4, -56(s0)
core   0: 3 0x000000008000fe94 (0xfc843703) x14 0x0000000080012040 mem 0x0000000080031f38
core   0: 0x000000008000fe98 (0xfb843783) ld      a5, -72(s0)
core   0: 3 0x000000008000fe98 (0xfb843783) x15 0x000000000000009c mem 0x0000000080031f28
core   0: 0x000000008000fe9c (0x000097ba) c.add   a5, a4
core   0: 3 0x000000008000fe9c (0x97ba) x15 0x00000000800120dc
core   0: 0x000000008000fe9e (0xfe043703) ld      a4, -32(s0)
core   0: 3 0x000000008000fe9e (0xfe043703) x14 0x00000000800120bc mem 0x0000000080031f50
core   0: 0x000000008000fea2 (0xfcf76de3) bltu    a4, a5, pc - 38
core   0: 3 0x000000008000fea2 (0xfcf76de3)
core   0: 0x000000008000fe7c (0xfe043783) ld      a5, -32(s0)
core   0: 3 0x000000008000fe7c (0xfe043783) x15 0x00000000800120bc mem 0x0000000080031f50
core   0: 0x000000008000fe80 (0x00178713) addi    a4, a5, 1
core   0: 3 0x000000008000fe80 (0x00178713) x14 0x00000000800120bd
core   0: 0x000000008000fe84 (0xfee43023) sd      a4, -32(s0)
core   0: 3 0x000000008000fe84 (0xfee43023) mem 0x0000000080031f50 0x00000000800120bd
core   0: 0x000000008000fe88 (0xfc442703) lw      a4, -60(s0)
core   0: 3 0x000000008000fe88 (0xfc442703) x14 0x0000000000000000 mem 0x0000000080031f34
core   0: 0x000000008000fe8c (0x0ff77713) andi    a4, a4, 255
core   0: 3 0x000000008000fe8c (0x0ff77713) x14 0x0000000000000000
core   0: 0x000000008000fe90 (0x00e78023) sb      a4, 0(a5)
core   0: 3 0x000000008000fe90 (0x00e78023) mem 0x00000000800120bc 0x00
core   0: 0x000000008000fe94 (0xfc843703) ld      a4, -56(s0)
core   0: 3 0x000000008000fe94 (0xfc843703) x14 0x0000000080012040 mem 0x0000000080031f38
core   0: 0x000000008000fe98 (0xfb843783) ld      a5, -72(s0)
core   0: 3 0x000000008000fe98 (0xfb843783) x15 0x000000000000009c mem 0x0000000080031f28
core   0: 0x000000008000fe9c (0x000097ba) c.add   a5, a4
core   0: 3 0x000000008000fe9c (0x97ba) x15 0x00000000800120dc
core   0: 0x000000008000fe9e (0xfe043703) ld      a4, -32(s0)
core   0: 3 0x000000008000fe9e (0xfe043703) x14 0x00000000800120bd mem 0x0000000080031f50
core   0: 0x000000008000fea2 (0xfcf76de3) bltu    a4, a5, pc - 38
core   0: 3 0x000000008000fea2 (0xfcf76de3)
core   0: 0x000000008000fe7c (0xfe043783) ld      a5, -32(s0)
core   0: 3 0x000000008000fe7c (0xfe043783) x15 0x00000000800120bd mem 0x0000000080031f50
core   0: 0x000000008000fe80 (0x00178713) addi    a4, a5, 1
core   0: 3 0x000000008000fe80 (0x00178713) x14 0x00000000800120be
core   0: 0x000000008000fe84 (0xfee43023) sd      a4, -32(s0)
core   0: 3 0x000000008000fe84 (0xfee43023) mem 0x0000000080031f50 0x00000000800120be
core   0: 0x000000008000fe88 (0xfc442703) lw      a4, -60(s0)
core   0: 3 0x000000008000fe88 (0xfc442703) x14 0x0000000000000000 mem 0x0000000080031f34
core   0: 0x000000008000fe8c (0x0ff77713) andi    a4, a4, 255
core   0: 3 0x000000008000fe8c (0x0ff77713) x14 0x0000000000000000
core   0: 0x000000008000fe90 (0x00e78023) sb      a4, 0(a5)
core   0: 3 0x000000008000fe90 (0x00e78023) mem 0x00000000800120bd 0x00
core   0: 0x000000008000fe94 (0xfc843703) ld      a4, -56(s0)
core   0: 3 0x000000008000fe94 (0xfc843703) x14 0x0000000080012040 mem 0x0000000080031f38
core   0: 0x000000008000fe98 (0xfb843783) ld      a5, -72(s0)
core   0: 3 0x000000008000fe98 (0xfb843783) x15 0x000000000000009c mem 0x0000000080031f28
core   0: 0x000000008000fe9c (0x000097ba) c.add   a5, a4
core   0: 3 0x000000008000fe9c (0x97ba) x15 0x00000000800120dc
core   0: 0x000000008000fe9e (0xfe043703) ld      a4, -32(s0)
core   0: 3 0x000000008000fe9e (0xfe043703) x14 0x00000000800120be mem 0x0000000080031f50
core   0: 0x000000008000fea2 (0xfcf76de3) bltu    a4, a5, pc - 38
core   0: 3 0x000000008000fea2 (0xfcf76de3)
core   0: 0x000000008000fe7c (0xfe043783) ld      a5, -32(s0)
core   0: 3 0x000000008000fe7c (0xfe043783) x15 0x00000000800120be mem 0x0000000080031f50
core   0: 0x000000008000fe80 (0x00178713) addi    a4, a5, 1
core   0: 3 0x000000008000fe80 (0x00178713) x14 0x00000000800120bf
core   0: 0x000000008000fe84 (0xfee43023) sd      a4, -32(s0)
core   0: 3 0x000000008000fe84 (0xfee43023) mem 0x0000000080031f50 0x00000000800120bf
core   0: 0x000000008000fe88 (0xfc442703) lw      a4, -60(s0)
core   0: 3 0x000000008000fe88 (0xfc442703) x14 0x0000000000000000 mem 0x0000000080031f34
core   0: 0x000000008000fe8c (0x0ff77713) andi    a4, a4, 255
core   0: 3 0x000000008000fe8c (0x0ff77713) x14 0x0000000000000000
core   0: 0x000000008000fe90 (0x00e78023) sb      a4, 0(a5)
core   0: 3 0x000000008000fe90 (0x00e78023) mem 0x00000000800120be 0x00
core   0: 0x000000008000fe94 (0xfc843703) ld      a4, -56(s0)
core   0: 3 0x000000008000fe94 (0xfc843703) x14 0x0000000080012040 mem 0x0000000080031f38
core   0: 0x000000008000fe98 (0xfb843783) ld      a5, -72(s0)
core   0: 3 0x000000008000fe98 (0xfb843783) x15 0x000000000000009c mem 0x0000000080031f28
core   0: 0x000000008000fe9c (0x000097ba) c.add   a5, a4
core   0: 3 0x000000008000fe9c (0x97ba) x15 0x00000000800120dc
core   0: 0x000000008000fe9e (0xfe043703) ld      a4, -32(s0)
core   0: 3 0x000000008000fe9e (0xfe043703) x14 0x00000000800120bf mem 0x0000000080031f50
core   0: 0x000000008000fea2 (0xfcf76de3) bltu    a4, a5, pc - 38
core   0: 3 0x000000008000fea2 (0xfcf76de3)
core   0: 0x000000008000fe7c (0xfe043783) ld      a5, -32(s0)
core   0: 3 0x000000008000fe7c (0xfe043783) x15 0x00000000800120bf mem 0x0000000080031f50
core   0: 0x000000008000fe80 (0x00178713) addi    a4, a5, 1
core   0: 3 0x000000008000fe80 (0x00178713) x14 0x00000000800120c0
core   0: 0x000000008000fe84 (0xfee43023) sd      a4, -32(s0)
core   0: 3 0x000000008000fe84 (0xfee43023) mem 0x0000000080031f50 0x00000000800120c0
core   0: 0x000000008000fe88 (0xfc442703) lw      a4, -60(s0)
core   0: 3 0x000000008000fe88 (0xfc442703) x14 0x0000000000000000 mem 0x0000000080031f34
core   0: 0x000000008000fe8c (0x0ff77713) andi    a4, a4, 255
core   0: 3 0x000000008000fe8c (0x0ff77713) x14 0x0000000000000000
core   0: 0x000000008000fe90 (0x00e78023) sb      a4, 0(a5)
core   0: 3 0x000000008000fe90 (0x00e78023) mem 0x00000000800120bf 0x00
core   0: 0x000000008000fe94 (0xfc843703) ld      a4, -56(s0)
core   0: 3 0x000000008000fe94 (0xfc843703) x14 0x0000000080012040 mem 0x0000000080031f38
core   0: 0x000000008000fe98 (0xfb843783) ld      a5, -72(s0)
core   0: 3 0x000000008000fe98 (0xfb843783) x15 0x000000000000009c mem 0x0000000080031f28
core   0: 0x000000008000fe9c (0x000097ba) c.add   a5, a4
core   0: 3 0x000000008000fe9c (0x97ba) x15 0x00000000800120dc
core   0: 0x000000008000fe9e (0xfe043703) ld      a4, -32(s0)
core   0: 3 0x000000008000fe9e (0xfe043703) x14 0x00000000800120c0 mem 0x0000000080031f50
core   0: 0x000000008000fea2 (0xfcf76de3) bltu    a4, a5, pc - 38
core   0: 3 0x000000008000fea2 (0xfcf76de3)
core   0: 0x000000008000fe7c (0xfe043783) ld      a5, -32(s0)
core   0: 3 0x000000008000fe7c (0xfe043783) x15 0x00000000800120c0 mem 0x0000000080031f50
core   0: 0x000000008000fe80 (0x00178713) addi    a4, a5, 1
core   0: 3 0x000000008000fe80 (0x00178713) x14 0x00000000800120c1
core   0: 0x000000008000fe84 (0xfee43023) sd      a4, -32(s0)
core   0: 3 0x000000008000fe84 (0xfee43023) mem 0x0000000080031f50 0x00000000800120c1
core   0: 0x000000008000fe88 (0xfc442703) lw      a4, -60(s0)
core   0: 3 0x000000008000fe88 (0xfc442703) x14 0x0000000000000000 mem 0x0000000080031f34
core   0: 0x000000008000fe8c (0x0ff77713) andi    a4, a4, 255
core   0: 3 0x000000008000fe8c (0x0ff77713) x14 0x0000000000000000
core   0: 0x000000008000fe90 (0x00e78023) sb      a4, 0(a5)
core   0: 3 0x000000008000fe90 (0x00e78023) mem 0x00000000800120c0 0x00
core   0: 0x000000008000fe94 (0xfc843703) ld      a4, -56(s0)
core   0: 3 0x000000008000fe94 (0xfc843703) x14 0x0000000080012040 mem 0x0000000080031f38
core   0: 0x000000008000fe98 (0xfb843783) ld      a5, -72(s0)
core   0: 3 0x000000008000fe98 (0xfb843783) x15 0x000000000000009c mem 0x0000000080031f28
core   0: 0x000000008000fe9c (0x000097ba) c.add   a5, a4
core   0: 3 0x000000008000fe9c (0x97ba) x15 0x00000000800120dc
core   0: 0x000000008000fe9e (0xfe043703) ld      a4, -32(s0)
core   0: 3 0x000000008000fe9e (0xfe043703) x14 0x00000000800120c1 mem 0x0000000080031f50
core   0: 0x000000008000fea2 (0xfcf76de3) bltu    a4, a5, pc - 38
core   0: 3 0x000000008000fea2 (0xfcf76de3)
core   0: 0x000000008000fe7c (0xfe043783) ld      a5, -32(s0)
core   0: 3 0x000000008000fe7c (0xfe043783) x15 0x00000000800120c1 mem 0x0000000080031f50
core   0: 0x000000008000fe80 (0x00178713) addi    a4, a5, 1
core   0: 3 0x000000008000fe80 (0x00178713) x14 0x00000000800120c2
core   0: 0x000000008000fe84 (0xfee43023) sd      a4, -32(s0)
core   0: 3 0x000000008000fe84 (0xfee43023) mem 0x0000000080031f50 0x00000000800120c2
core   0: 0x000000008000fe88 (0xfc442703) lw      a4, -60(s0)
core   0: 3 0x000000008000fe88 (0xfc442703) x14 0x0000000000000000 mem 0x0000000080031f34
core   0: 0x000000008000fe8c (0x0ff77713) andi    a4, a4, 255
core   0: 3 0x000000008000fe8c (0x0ff77713) x14 0x0000000000000000
core   0: 0x000000008000fe90 (0x00e78023) sb      a4, 0(a5)
core   0: 3 0x000000008000fe90 (0x00e78023) mem 0x00000000800120c1 0x00
core   0: 0x000000008000fe94 (0xfc843703) ld      a4, -56(s0)
core   0: 3 0x000000008000fe94 (0xfc843703) x14 0x0000000080012040 mem 0x0000000080031f38
core   0: 0x000000008000fe98 (0xfb843783) ld      a5, -72(s0)
core   0: 3 0x000000008000fe98 (0xfb843783) x15 0x000000000000009c mem 0x0000000080031f28
core   0: 0x000000008000fe9c (0x000097ba) c.add   a5, a4
core   0: 3 0x000000008000fe9c (0x97ba) x15 0x00000000800120dc
core   0: 0x000000008000fe9e (0xfe043703) ld      a4, -32(s0)
core   0: 3 0x000000008000fe9e (0xfe043703) x14 0x00000000800120c2 mem 0x0000000080031f50
core   0: 0x000000008000fea2 (0xfcf76de3) bltu    a4, a5, pc - 38
core   0: 3 0x000000008000fea2 (0xfcf76de3)
core   0: 0x000000008000fe7c (0xfe043783) ld      a5, -32(s0)
core   0: 3 0x000000008000fe7c (0xfe043783) x15 0x00000000800120c2 mem 0x0000000080031f50
core   0: 0x000000008000fe80 (0x00178713) addi    a4, a5, 1
core   0: 3 0x000000008000fe80 (0x00178713) x14 0x00000000800120c3
core   0: 0x000000008000fe84 (0xfee43023) sd      a4, -32(s0)
core   0: 3 0x000000008000fe84 (0xfee43023) mem 0x0000000080031f50 0x00000000800120c3
core   0: 0x000000008000fe88 (0xfc442703) lw      a4, -60(s0)
core   0: 3 0x000000008000fe88 (0xfc442703) x14 0x0000000000000000 mem 0x0000000080031f34
core   0: 0x000000008000fe8c (0x0ff77713) andi    a4, a4, 255
core   0: 3 0x000000008000fe8c (0x0ff77713) x14 0x0000000000000000
core   0: 0x000000008000fe90 (0x00e78023) sb      a4, 0(a5)
core   0: 3 0x000000008000fe90 (0x00e78023) mem 0x00000000800120c2 0x00
core   0: 0x000000008000fe94 (0xfc843703) ld      a4, -56(s0)
core   0: 3 0x000000008000fe94 (0xfc843703) x14 0x0000000080012040 mem 0x0000000080031f38
core   0: 0x000000008000fe98 (0xfb843783) ld      a5, -72(s0)
core   0: 3 0x000000008000fe98 (0xfb843783) x15 0x000000000000009c mem 0x0000000080031f28
core   0: 0x000000008000fe9c (0x000097ba) c.add   a5, a4
core   0: 3 0x000000008000fe9c (0x97ba) x15 0x00000000800120dc
core   0: 0x000000008000fe9e (0xfe043703) ld      a4, -32(s0)
core   0: 3 0x000000008000fe9e (0xfe043703) x14 0x00000000800120c3 mem 0x0000000080031f50
core   0: 0x000000008000fea2 (0xfcf76de3) bltu    a4, a5, pc - 38
core   0: 3 0x000000008000fea2 (0xfcf76de3)
core   0: 0x000000008000fe7c (0xfe043783) ld      a5, -32(s0)
core   0: 3 0x000000008000fe7c (0xfe043783) x15 0x00000000800120c3 mem 0x0000000080031f50
core   0: 0x000000008000fe80 (0x00178713) addi    a4, a5, 1
core   0: 3 0x000000008000fe80 (0x00178713) x14 0x00000000800120c4
core   0: 0x000000008000fe84 (0xfee43023) sd      a4, -32(s0)
core   0: 3 0x000000008000fe84 (0xfee43023) mem 0x0000000080031f50 0x00000000800120c4
core   0: 0x000000008000fe88 (0xfc442703) lw      a4, -60(s0)
core   0: 3 0x000000008000fe88 (0xfc442703) x14 0x0000000000000000 mem 0x0000000080031f34
core   0: 0x000000008000fe8c (0x0ff77713) andi    a4, a4, 255
core   0: 3 0x000000008000fe8c (0x0ff77713) x14 0x0000000000000000
core   0: 0x000000008000fe90 (0x00e78023) sb      a4, 0(a5)
core   0: 3 0x000000008000fe90 (0x00e78023) mem 0x00000000800120c3 0x00
core   0: 0x000000008000fe94 (0xfc843703) ld      a4, -56(s0)
core   0: 3 0x000000008000fe94 (0xfc843703) x14 0x0000000080012040 mem 0x0000000080031f38
core   0: 0x000000008000fe98 (0xfb843783) ld      a5, -72(s0)
core   0: 3 0x000000008000fe98 (0xfb843783) x15 0x000000000000009c mem 0x0000000080031f28
core   0: 0x000000008000fe9c (0x000097ba) c.add   a5, a4
core   0: 3 0x000000008000fe9c (0x97ba) x15 0x00000000800120dc
core   0: 0x000000008000fe9e (0xfe043703) ld      a4, -32(s0)
core   0: 3 0x000000008000fe9e (0xfe043703) x14 0x00000000800120c4 mem 0x0000000080031f50
core   0: 0x000000008000fea2 (0xfcf76de3) bltu    a4, a5, pc - 38
core   0: 3 0x000000008000fea2 (0xfcf76de3)
core   0: 0x000000008000fe7c (0xfe043783) ld      a5, -32(s0)
core   0: 3 0x000000008000fe7c (0xfe043783) x15 0x00000000800120c4 mem 0x0000000080031f50
core   0: 0x000000008000fe80 (0x00178713) addi    a4, a5, 1
core   0: 3 0x000000008000fe80 (0x00178713) x14 0x00000000800120c5
core   0: 0x000000008000fe84 (0xfee43023) sd      a4, -32(s0)
core   0: 3 0x000000008000fe84 (0xfee43023) mem 0x0000000080031f50 0x00000000800120c5
core   0: 0x000000008000fe88 (0xfc442703) lw      a4, -60(s0)
core   0: 3 0x000000008000fe88 (0xfc442703) x14 0x0000000000000000 mem 0x0000000080031f34
core   0: 0x000000008000fe8c (0x0ff77713) andi    a4, a4, 255
core   0: 3 0x000000008000fe8c (0x0ff77713) x14 0x0000000000000000
core   0: 0x000000008000fe90 (0x00e78023) sb      a4, 0(a5)
core   0: 3 0x000000008000fe90 (0x00e78023) mem 0x00000000800120c4 0x00
core   0: 0x000000008000fe94 (0xfc843703) ld      a4, -56(s0)
core   0: 3 0x000000008000fe94 (0xfc843703) x14 0x0000000080012040 mem 0x0000000080031f38
core   0: 0x000000008000fe98 (0xfb843783) ld      a5, -72(s0)
core   0: 3 0x000000008000fe98 (0xfb843783) x15 0x000000000000009c mem 0x0000000080031f28
core   0: 0x000000008000fe9c (0x000097ba) c.add   a5, a4
core   0: 3 0x000000008000fe9c (0x97ba) x15 0x00000000800120dc
core   0: 0x000000008000fe9e (0xfe043703) ld      a4, -32(s0)
core   0: 3 0x000000008000fe9e (0xfe043703) x14 0x00000000800120c5 mem 0x0000000080031f50
core   0: 0x000000008000fea2 (0xfcf76de3) bltu    a4, a5, pc - 38
core   0: 3 0x000000008000fea2 (0xfcf76de3)
core   0: 0x000000008000fe7c (0xfe043783) ld      a5, -32(s0)
core   0: 3 0x000000008000fe7c (0xfe043783) x15 0x00000000800120c5 mem 0x0000000080031f50
core   0: 0x000000008000fe80 (0x00178713) addi    a4, a5, 1
core   0: 3 0x000000008000fe80 (0x00178713) x14 0x00000000800120c6
core   0: 0x000000008000fe84 (0xfee43023) sd      a4, -32(s0)
core   0: 3 0x000000008000fe84 (0xfee43023) mem 0x0000000080031f50 0x00000000800120c6
core   0: 0x000000008000fe88 (0xfc442703) lw      a4, -60(s0)
core   0: 3 0x000000008000fe88 (0xfc442703) x14 0x0000000000000000 mem 0x0000000080031f34
core   0: 0x000000008000fe8c (0x0ff77713) andi    a4, a4, 255
core   0: 3 0x000000008000fe8c (0x0ff77713) x14 0x0000000000000000
core   0: 0x000000008000fe90 (0x00e78023) sb      a4, 0(a5)
core   0: 3 0x000000008000fe90 (0x00e78023) mem 0x00000000800120c5 0x00
core   0: 0x000000008000fe94 (0xfc843703) ld      a4, -56(s0)
core   0: 3 0x000000008000fe94 (0xfc843703) x14 0x0000000080012040 mem 0x0000000080031f38
core   0: 0x000000008000fe98 (0xfb843783) ld      a5, -72(s0)
core   0: 3 0x000000008000fe98 (0xfb843783) x15 0x000000000000009c mem 0x0000000080031f28
core   0: 0x000000008000fe9c (0x000097ba) c.add   a5, a4
core   0: 3 0x000000008000fe9c (0x97ba) x15 0x00000000800120dc
core   0: 0x000000008000fe9e (0xfe043703) ld      a4, -32(s0)
core   0: 3 0x000000008000fe9e (0xfe043703) x14 0x00000000800120c6 mem 0x0000000080031f50
core   0: 0x000000008000fea2 (0xfcf76de3) bltu    a4, a5, pc - 38
core   0: 3 0x000000008000fea2 (0xfcf76de3)
core   0: 0x000000008000fe7c (0xfe043783) ld      a5, -32(s0)
core   0: 3 0x000000008000fe7c (0xfe043783) x15 0x00000000800120c6 mem 0x0000000080031f50
core   0: 0x000000008000fe80 (0x00178713) addi    a4, a5, 1
core   0: 3 0x000000008000fe80 (0x00178713) x14 0x00000000800120c7
core   0: 0x000000008000fe84 (0xfee43023) sd      a4, -32(s0)
core   0: 3 0x000000008000fe84 (0xfee43023) mem 0x0000000080031f50 0x00000000800120c7
core   0: 0x000000008000fe88 (0xfc442703) lw      a4, -60(s0)
core   0: 3 0x000000008000fe88 (0xfc442703) x14 0x0000000000000000 mem 0x0000000080031f34
core   0: 0x000000008000fe8c (0x0ff77713) andi    a4, a4, 255
core   0: 3 0x000000008000fe8c (0x0ff77713) x14 0x0000000000000000
core   0: 0x000000008000fe90 (0x00e78023) sb      a4, 0(a5)
core   0: 3 0x000000008000fe90 (0x00e78023) mem 0x00000000800120c6 0x00
core   0: 0x000000008000fe94 (0xfc843703) ld      a4, -56(s0)
core   0: 3 0x000000008000fe94 (0xfc843703) x14 0x0000000080012040 mem 0x0000000080031f38
core   0: 0x000000008000fe98 (0xfb843783) ld      a5, -72(s0)
core   0: 3 0x000000008000fe98 (0xfb843783) x15 0x000000000000009c mem 0x0000000080031f28
core   0: 0x000000008000fe9c (0x000097ba) c.add   a5, a4
core   0: 3 0x000000008000fe9c (0x97ba) x15 0x00000000800120dc
core   0: 0x000000008000fe9e (0xfe043703) ld      a4, -32(s0)
core   0: 3 0x000000008000fe9e (0xfe043703) x14 0x00000000800120c7 mem 0x0000000080031f50
core   0: 0x000000008000fea2 (0xfcf76de3) bltu    a4, a5, pc - 38
core   0: 3 0x000000008000fea2 (0xfcf76de3)
core   0: 0x000000008000fe7c (0xfe043783) ld      a5, -32(s0)
core   0: 3 0x000000008000fe7c (0xfe043783) x15 0x00000000800120c7 mem 0x0000000080031f50
core   0: 0x000000008000fe80 (0x00178713) addi    a4, a5, 1
core   0: 3 0x000000008000fe80 (0x00178713) x14 0x00000000800120c8
core   0: 0x000000008000fe84 (0xfee43023) sd      a4, -32(s0)
core   0: 3 0x000000008000fe84 (0xfee43023) mem 0x0000000080031f50 0x00000000800120c8
core   0: 0x000000008000fe88 (0xfc442703) lw      a4, -60(s0)
core   0: 3 0x000000008000fe88 (0xfc442703) x14 0x0000000000000000 mem 0x0000000080031f34
core   0: 0x000000008000fe8c (0x0ff77713) andi    a4, a4, 255
core   0: 3 0x000000008000fe8c (0x0ff77713) x14 0x0000000000000000
core   0: 0x000000008000fe90 (0x00e78023) sb      a4, 0(a5)
core   0: 3 0x000000008000fe90 (0x00e78023) mem 0x00000000800120c7 0x00
core   0: 0x000000008000fe94 (0xfc843703) ld      a4, -56(s0)
core   0: 3 0x000000008000fe94 (0xfc843703) x14 0x0000000080012040 mem 0x0000000080031f38
core   0: 0x000000008000fe98 (0xfb843783) ld      a5, -72(s0)
core   0: 3 0x000000008000fe98 (0xfb843783) x15 0x000000000000009c mem 0x0000000080031f28
core   0: 0x000000008000fe9c (0x000097ba) c.add   a5, a4
core   0: 3 0x000000008000fe9c (0x97ba) x15 0x00000000800120dc
core   0: 0x000000008000fe9e (0xfe043703) ld      a4, -32(s0)
core   0: 3 0x000000008000fe9e (0xfe043703) x14 0x00000000800120c8 mem 0x0000000080031f50
core   0: 0x000000008000fea2 (0xfcf76de3) bltu    a4, a5, pc - 38
core   0: 3 0x000000008000fea2 (0xfcf76de3)
core   0: 0x000000008000fe7c (0xfe043783) ld      a5, -32(s0)
core   0: 3 0x000000008000fe7c (0xfe043783) x15 0x00000000800120c8 mem 0x0000000080031f50
core   0: 0x000000008000fe80 (0x00178713) addi    a4, a5, 1
core   0: 3 0x000000008000fe80 (0x00178713) x14 0x00000000800120c9
core   0: 0x000000008000fe84 (0xfee43023) sd      a4, -32(s0)
core   0: 3 0x000000008000fe84 (0xfee43023) mem 0x0000000080031f50 0x00000000800120c9
core   0: 0x000000008000fe88 (0xfc442703) lw      a4, -60(s0)
core   0: 3 0x000000008000fe88 (0xfc442703) x14 0x0000000000000000 mem 0x0000000080031f34
core   0: 0x000000008000fe8c (0x0ff77713) andi    a4, a4, 255
core   0: 3 0x000000008000fe8c (0x0ff77713) x14 0x0000000000000000
core   0: 0x000000008000fe90 (0x00e78023) sb      a4, 0(a5)
core   0: 3 0x000000008000fe90 (0x00e78023) mem 0x00000000800120c8 0x00
core   0: 0x000000008000fe94 (0xfc843703) ld      a4, -56(s0)
core   0: 3 0x000000008000fe94 (0xfc843703) x14 0x0000000080012040 mem 0x0000000080031f38
core   0: 0x000000008000fe98 (0xfb843783) ld      a5, -72(s0)
core   0: 3 0x000000008000fe98 (0xfb843783) x15 0x000000000000009c mem 0x0000000080031f28
core   0: 0x000000008000fe9c (0x000097ba) c.add   a5, a4
core   0: 3 0x000000008000fe9c (0x97ba) x15 0x00000000800120dc
core   0: 0x000000008000fe9e (0xfe043703) ld      a4, -32(s0)
core   0: 3 0x000000008000fe9e (0xfe043703) x14 0x00000000800120c9 mem 0x0000000080031f50
core   0: 0x000000008000fea2 (0xfcf76de3) bltu    a4, a5, pc - 38
core   0: 3 0x000000008000fea2 (0xfcf76de3)
core   0: 0x000000008000fe7c (0xfe043783) ld      a5, -32(s0)
core   0: 3 0x000000008000fe7c (0xfe043783) x15 0x00000000800120c9 mem 0x0000000080031f50
core   0: 0x000000008000fe80 (0x00178713) addi    a4, a5, 1
core   0: 3 0x000000008000fe80 (0x00178713) x14 0x00000000800120ca
core   0: 0x000000008000fe84 (0xfee43023) sd      a4, -32(s0)
core   0: 3 0x000000008000fe84 (0xfee43023) mem 0x0000000080031f50 0x00000000800120ca
core   0: 0x000000008000fe88 (0xfc442703) lw      a4, -60(s0)
core   0: 3 0x000000008000fe88 (0xfc442703) x14 0x0000000000000000 mem 0x0000000080031f34
core   0: 0x000000008000fe8c (0x0ff77713) andi    a4, a4, 255
core   0: 3 0x000000008000fe8c (0x0ff77713) x14 0x0000000000000000
core   0: 0x000000008000fe90 (0x00e78023) sb      a4, 0(a5)
core   0: 3 0x000000008000fe90 (0x00e78023) mem 0x00000000800120c9 0x00
core   0: 0x000000008000fe94 (0xfc843703) ld      a4, -56(s0)
core   0: 3 0x000000008000fe94 (0xfc843703) x14 0x0000000080012040 mem 0x0000000080031f38
core   0: 0x000000008000fe98 (0xfb843783) ld      a5, -72(s0)
core   0: 3 0x000000008000fe98 (0xfb843783) x15 0x000000000000009c mem 0x0000000080031f28
core   0: 0x000000008000fe9c (0x000097ba) c.add   a5, a4
core   0: 3 0x000000008000fe9c (0x97ba) x15 0x00000000800120dc
core   0: 0x000000008000fe9e (0xfe043703) ld      a4, -32(s0)
core   0: 3 0x000000008000fe9e (0xfe043703) x14 0x00000000800120ca mem 0x0000000080031f50
core   0: 0x000000008000fea2 (0xfcf76de3) bltu    a4, a5, pc - 38
core   0: 3 0x000000008000fea2 (0xfcf76de3)
core   0: 0x000000008000fe7c (0xfe043783) ld      a5, -32(s0)
core   0: 3 0x000000008000fe7c (0xfe043783) x15 0x00000000800120ca mem 0x0000000080031f50
core   0: 0x000000008000fe80 (0x00178713) addi    a4, a5, 1
core   0: 3 0x000000008000fe80 (0x00178713) x14 0x00000000800120cb
core   0: 0x000000008000fe84 (0xfee43023) sd      a4, -32(s0)
core   0: 3 0x000000008000fe84 (0xfee43023) mem 0x0000000080031f50 0x00000000800120cb
core   0: 0x000000008000fe88 (0xfc442703) lw      a4, -60(s0)
core   0: 3 0x000000008000fe88 (0xfc442703) x14 0x0000000000000000 mem 0x0000000080031f34
core   0: 0x000000008000fe8c (0x0ff77713) andi    a4, a4, 255
core   0: 3 0x000000008000fe8c (0x0ff77713) x14 0x0000000000000000
core   0: 0x000000008000fe90 (0x00e78023) sb      a4, 0(a5)
core   0: 3 0x000000008000fe90 (0x00e78023) mem 0x00000000800120ca 0x00
core   0: 0x000000008000fe94 (0xfc843703) ld      a4, -56(s0)
core   0: 3 0x000000008000fe94 (0xfc843703) x14 0x0000000080012040 mem 0x0000000080031f38
core   0: 0x000000008000fe98 (0xfb843783) ld      a5, -72(s0)
core   0: 3 0x000000008000fe98 (0xfb843783) x15 0x000000000000009c mem 0x0000000080031f28
core   0: 0x000000008000fe9c (0x000097ba) c.add   a5, a4
core   0: 3 0x000000008000fe9c (0x97ba) x15 0x00000000800120dc
core   0: 0x000000008000fe9e (0xfe043703) ld      a4, -32(s0)
core   0: 3 0x000000008000fe9e (0xfe043703) x14 0x00000000800120cb mem 0x0000000080031f50
core   0: 0x000000008000fea2 (0xfcf76de3) bltu    a4, a5, pc - 38
core   0: 3 0x000000008000fea2 (0xfcf76de3)
core   0: 0x000000008000fe7c (0xfe043783) ld      a5, -32(s0)
core   0: 3 0x000000008000fe7c (0xfe043783) x15 0x00000000800120cb mem 0x0000000080031f50
core   0: 0x000000008000fe80 (0x00178713) addi    a4, a5, 1
core   0: 3 0x000000008000fe80 (0x00178713) x14 0x00000000800120cc
core   0: 0x000000008000fe84 (0xfee43023) sd      a4, -32(s0)
core   0: 3 0x000000008000fe84 (0xfee43023) mem 0x0000000080031f50 0x00000000800120cc
core   0: 0x000000008000fe88 (0xfc442703) lw      a4, -60(s0)
core   0: 3 0x000000008000fe88 (0xfc442703) x14 0x0000000000000000 mem 0x0000000080031f34
core   0: 0x000000008000fe8c (0x0ff77713) andi    a4, a4, 255
core   0: 3 0x000000008000fe8c (0x0ff77713) x14 0x0000000000000000
core   0: 0x000000008000fe90 (0x00e78023) sb      a4, 0(a5)
core   0: 3 0x000000008000fe90 (0x00e78023) mem 0x00000000800120cb 0x00
core   0: 0x000000008000fe94 (0xfc843703) ld      a4, -56(s0)
core   0: 3 0x000000008000fe94 (0xfc843703) x14 0x0000000080012040 mem 0x0000000080031f38
core   0: 0x000000008000fe98 (0xfb843783) ld      a5, -72(s0)
core   0: 3 0x000000008000fe98 (0xfb843783) x15 0x000000000000009c mem 0x0000000080031f28
core   0: 0x000000008000fe9c (0x000097ba) c.add   a5, a4
core   0: 3 0x000000008000fe9c (0x97ba) x15 0x00000000800120dc
core   0: 0x000000008000fe9e (0xfe043703) ld      a4, -32(s0)
core   0: 3 0x000000008000fe9e (0xfe043703) x14 0x00000000800120cc mem 0x0000000080031f50
core   0: 0x000000008000fea2 (0xfcf76de3) bltu    a4, a5, pc - 38
core   0: 3 0x000000008000fea2 (0xfcf76de3)
core   0: 0x000000008000fe7c (0xfe043783) ld      a5, -32(s0)
core   0: 3 0x000000008000fe7c (0xfe043783) x15 0x00000000800120cc mem 0x0000000080031f50
core   0: 0x000000008000fe80 (0x00178713) addi    a4, a5, 1
core   0: 3 0x000000008000fe80 (0x00178713) x14 0x00000000800120cd
core   0: 0x000000008000fe84 (0xfee43023) sd      a4, -32(s0)
core   0: 3 0x000000008000fe84 (0xfee43023) mem 0x0000000080031f50 0x00000000800120cd
core   0: 0x000000008000fe88 (0xfc442703) lw      a4, -60(s0)
core   0: 3 0x000000008000fe88 (0xfc442703) x14 0x0000000000000000 mem 0x0000000080031f34
core   0: 0x000000008000fe8c (0x0ff77713) andi    a4, a4, 255
core   0: 3 0x000000008000fe8c (0x0ff77713) x14 0x0000000000000000
core   0: 0x000000008000fe90 (0x00e78023) sb      a4, 0(a5)
core   0: 3 0x000000008000fe90 (0x00e78023) mem 0x00000000800120cc 0x00
core   0: 0x000000008000fe94 (0xfc843703) ld      a4, -56(s0)
core   0: 3 0x000000008000fe94 (0xfc843703) x14 0x0000000080012040 mem 0x0000000080031f38
core   0: 0x000000008000fe98 (0xfb843783) ld      a5, -72(s0)
core   0: 3 0x000000008000fe98 (0xfb843783) x15 0x000000000000009c mem 0x0000000080031f28
core   0: 0x000000008000fe9c (0x000097ba) c.add   a5, a4
core   0: 3 0x000000008000fe9c (0x97ba) x15 0x00000000800120dc
core   0: 0x000000008000fe9e (0xfe043703) ld      a4, -32(s0)
core   0: 3 0x000000008000fe9e (0xfe043703) x14 0x00000000800120cd mem 0x0000000080031f50
core   0: 0x000000008000fea2 (0xfcf76de3) bltu    a4, a5, pc - 38
core   0: 3 0x000000008000fea2 (0xfcf76de3)
core   0: 0x000000008000fe7c (0xfe043783) ld      a5, -32(s0)
core   0: 3 0x000000008000fe7c (0xfe043783) x15 0x00000000800120cd mem 0x0000000080031f50
core   0: 0x000000008000fe80 (0x00178713) addi    a4, a5, 1
core   0: 3 0x000000008000fe80 (0x00178713) x14 0x00000000800120ce
core   0: 0x000000008000fe84 (0xfee43023) sd      a4, -32(s0)
core   0: 3 0x000000008000fe84 (0xfee43023) mem 0x0000000080031f50 0x00000000800120ce
core   0: 0x000000008000fe88 (0xfc442703) lw      a4, -60(s0)
core   0: 3 0x000000008000fe88 (0xfc442703) x14 0x0000000000000000 mem 0x0000000080031f34
core   0: 0x000000008000fe8c (0x0ff77713) andi    a4, a4, 255
core   0: 3 0x000000008000fe8c (0x0ff77713) x14 0x0000000000000000
core   0: 0x000000008000fe90 (0x00e78023) sb      a4, 0(a5)
core   0: 3 0x000000008000fe90 (0x00e78023) mem 0x00000000800120cd 0x00
core   0: 0x000000008000fe94 (0xfc843703) ld      a4, -56(s0)
core   0: 3 0x000000008000fe94 (0xfc843703) x14 0x0000000080012040 mem 0x0000000080031f38
core   0: 0x000000008000fe98 (0xfb843783) ld      a5, -72(s0)
core   0: 3 0x000000008000fe98 (0xfb843783) x15 0x000000000000009c mem 0x0000000080031f28
core   0: 0x000000008000fe9c (0x000097ba) c.add   a5, a4
core   0: 3 0x000000008000fe9c (0x97ba) x15 0x00000000800120dc
core   0: 0x000000008000fe9e (0xfe043703) ld      a4, -32(s0)
core   0: 3 0x000000008000fe9e (0xfe043703) x14 0x00000000800120ce mem 0x0000000080031f50
core   0: 0x000000008000fea2 (0xfcf76de3) bltu    a4, a5, pc - 38
core   0: 3 0x000000008000fea2 (0xfcf76de3)
core   0: 0x000000008000fe7c (0xfe043783) ld      a5, -32(s0)
core   0: 3 0x000000008000fe7c (0xfe043783) x15 0x00000000800120ce mem 0x0000000080031f50
core   0: 0x000000008000fe80 (0x00178713) addi    a4, a5, 1
core   0: 3 0x000000008000fe80 (0x00178713) x14 0x00000000800120cf
core   0: 0x000000008000fe84 (0xfee43023) sd      a4, -32(s0)
core   0: 3 0x000000008000fe84 (0xfee43023) mem 0x0000000080031f50 0x00000000800120cf
core   0: 0x000000008000fe88 (0xfc442703) lw      a4, -60(s0)
core   0: 3 0x000000008000fe88 (0xfc442703) x14 0x0000000000000000 mem 0x0000000080031f34
core   0: 0x000000008000fe8c (0x0ff77713) andi    a4, a4, 255
core   0: 3 0x000000008000fe8c (0x0ff77713) x14 0x0000000000000000
core   0: 0x000000008000fe90 (0x00e78023) sb      a4, 0(a5)
core   0: 3 0x000000008000fe90 (0x00e78023) mem 0x00000000800120ce 0x00
core   0: 0x000000008000fe94 (0xfc843703) ld      a4, -56(s0)
core   0: 3 0x000000008000fe94 (0xfc843703) x14 0x0000000080012040 mem 0x0000000080031f38
core   0: 0x000000008000fe98 (0xfb843783) ld      a5, -72(s0)
core   0: 3 0x000000008000fe98 (0xfb843783) x15 0x000000000000009c mem 0x0000000080031f28
core   0: 0x000000008000fe9c (0x000097ba) c.add   a5, a4
core   0: 3 0x000000008000fe9c (0x97ba) x15 0x00000000800120dc
core   0: 0x000000008000fe9e (0xfe043703) ld      a4, -32(s0)
core   0: 3 0x000000008000fe9e (0xfe043703) x14 0x00000000800120cf mem 0x0000000080031f50
core   0: 0x000000008000fea2 (0xfcf76de3) bltu    a4, a5, pc - 38
core   0: 3 0x000000008000fea2 (0xfcf76de3)
core   0: 0x000000008000fe7c (0xfe043783) ld      a5, -32(s0)
core   0: 3 0x000000008000fe7c (0xfe043783) x15 0x00000000800120cf mem 0x0000000080031f50
core   0: 0x000000008000fe80 (0x00178713) addi    a4, a5, 1
core   0: 3 0x000000008000fe80 (0x00178713) x14 0x00000000800120d0
core   0: 0x000000008000fe84 (0xfee43023) sd      a4, -32(s0)
core   0: 3 0x000000008000fe84 (0xfee43023) mem 0x0000000080031f50 0x00000000800120d0
core   0: 0x000000008000fe88 (0xfc442703) lw      a4, -60(s0)
core   0: 3 0x000000008000fe88 (0xfc442703) x14 0x0000000000000000 mem 0x0000000080031f34
core   0: 0x000000008000fe8c (0x0ff77713) andi    a4, a4, 255
core   0: 3 0x000000008000fe8c (0x0ff77713) x14 0x0000000000000000
core   0: 0x000000008000fe90 (0x00e78023) sb      a4, 0(a5)
core   0: 3 0x000000008000fe90 (0x00e78023) mem 0x00000000800120cf 0x00
core   0: 0x000000008000fe94 (0xfc843703) ld      a4, -56(s0)
core   0: 3 0x000000008000fe94 (0xfc843703) x14 0x0000000080012040 mem 0x0000000080031f38
core   0: 0x000000008000fe98 (0xfb843783) ld      a5, -72(s0)
core   0: 3 0x000000008000fe98 (0xfb843783) x15 0x000000000000009c mem 0x0000000080031f28
core   0: 0x000000008000fe9c (0x000097ba) c.add   a5, a4
core   0: 3 0x000000008000fe9c (0x97ba) x15 0x00000000800120dc
core   0: 0x000000008000fe9e (0xfe043703) ld      a4, -32(s0)
core   0: 3 0x000000008000fe9e (0xfe043703) x14 0x00000000800120d0 mem 0x0000000080031f50
core   0: 0x000000008000fea2 (0xfcf76de3) bltu    a4, a5, pc - 38
core   0: 3 0x000000008000fea2 (0xfcf76de3)
core   0: 0x000000008000fe7c (0xfe043783) ld      a5, -32(s0)
core   0: 3 0x000000008000fe7c (0xfe043783) x15 0x00000000800120d0 mem 0x0000000080031f50
core   0: 0x000000008000fe80 (0x00178713) addi    a4, a5, 1
core   0: 3 0x000000008000fe80 (0x00178713) x14 0x00000000800120d1
core   0: 0x000000008000fe84 (0xfee43023) sd      a4, -32(s0)
core   0: 3 0x000000008000fe84 (0xfee43023) mem 0x0000000080031f50 0x00000000800120d1
core   0: 0x000000008000fe88 (0xfc442703) lw      a4, -60(s0)
core   0: 3 0x000000008000fe88 (0xfc442703) x14 0x0000000000000000 mem 0x0000000080031f34
core   0: 0x000000008000fe8c (0x0ff77713) andi    a4, a4, 255
core   0: 3 0x000000008000fe8c (0x0ff77713) x14 0x0000000000000000
core   0: 0x000000008000fe90 (0x00e78023) sb      a4, 0(a5)
core   0: 3 0x000000008000fe90 (0x00e78023) mem 0x00000000800120d0 0x00
core   0: 0x000000008000fe94 (0xfc843703) ld      a4, -56(s0)
core   0: 3 0x000000008000fe94 (0xfc843703) x14 0x0000000080012040 mem 0x0000000080031f38
core   0: 0x000000008000fe98 (0xfb843783) ld      a5, -72(s0)
core   0: 3 0x000000008000fe98 (0xfb843783) x15 0x000000000000009c mem 0x0000000080031f28
core   0: 0x000000008000fe9c (0x000097ba) c.add   a5, a4
core   0: 3 0x000000008000fe9c (0x97ba) x15 0x00000000800120dc
core   0: 0x000000008000fe9e (0xfe043703) ld      a4, -32(s0)
core   0: 3 0x000000008000fe9e (0xfe043703) x14 0x00000000800120d1 mem 0x0000000080031f50
core   0: 0x000000008000fea2 (0xfcf76de3) bltu    a4, a5, pc - 38
core   0: 3 0x000000008000fea2 (0xfcf76de3)
core   0: 0x000000008000fe7c (0xfe043783) ld      a5, -32(s0)
core   0: 3 0x000000008000fe7c (0xfe043783) x15 0x00000000800120d1 mem 0x0000000080031f50
core   0: 0x000000008000fe80 (0x00178713) addi    a4, a5, 1
core   0: 3 0x000000008000fe80 (0x00178713) x14 0x00000000800120d2
core   0: 0x000000008000fe84 (0xfee43023) sd      a4, -32(s0)
core   0: 3 0x000000008000fe84 (0xfee43023) mem 0x0000000080031f50 0x00000000800120d2
core   0: 0x000000008000fe88 (0xfc442703) lw      a4, -60(s0)
core   0: 3 0x000000008000fe88 (0xfc442703) x14 0x0000000000000000 mem 0x0000000080031f34
core   0: 0x000000008000fe8c (0x0ff77713) andi    a4, a4, 255
core   0: 3 0x000000008000fe8c (0x0ff77713) x14 0x0000000000000000
core   0: 0x000000008000fe90 (0x00e78023) sb      a4, 0(a5)
core   0: 3 0x000000008000fe90 (0x00e78023) mem 0x00000000800120d1 0x00
core   0: 0x000000008000fe94 (0xfc843703) ld      a4, -56(s0)
core   0: 3 0x000000008000fe94 (0xfc843703) x14 0x0000000080012040 mem 0x0000000080031f38
core   0: 0x000000008000fe98 (0xfb843783) ld      a5, -72(s0)
core   0: 3 0x000000008000fe98 (0xfb843783) x15 0x000000000000009c mem 0x0000000080031f28
core   0: 0x000000008000fe9c (0x000097ba) c.add   a5, a4
core   0: 3 0x000000008000fe9c (0x97ba) x15 0x00000000800120dc
core   0: 0x000000008000fe9e (0xfe043703) ld      a4, -32(s0)
core   0: 3 0x000000008000fe9e (0xfe043703) x14 0x00000000800120d2 mem 0x0000000080031f50
core   0: 0x000000008000fea2 (0xfcf76de3) bltu    a4, a5, pc - 38
core   0: 3 0x000000008000fea2 (0xfcf76de3)
core   0: 0x000000008000fe7c (0xfe043783) ld      a5, -32(s0)
core   0: 3 0x000000008000fe7c (0xfe043783) x15 0x00000000800120d2 mem 0x0000000080031f50
core   0: 0x000000008000fe80 (0x00178713) addi    a4, a5, 1
core   0: 3 0x000000008000fe80 (0x00178713) x14 0x00000000800120d3
core   0: 0x000000008000fe84 (0xfee43023) sd      a4, -32(s0)
core   0: 3 0x000000008000fe84 (0xfee43023) mem 0x0000000080031f50 0x00000000800120d3
core   0: 0x000000008000fe88 (0xfc442703) lw      a4, -60(s0)
core   0: 3 0x000000008000fe88 (0xfc442703) x14 0x0000000000000000 mem 0x0000000080031f34
core   0: 0x000000008000fe8c (0x0ff77713) andi    a4, a4, 255
core   0: 3 0x000000008000fe8c (0x0ff77713) x14 0x0000000000000000
core   0: 0x000000008000fe90 (0x00e78023) sb      a4, 0(a5)
core   0: 3 0x000000008000fe90 (0x00e78023) mem 0x00000000800120d2 0x00
core   0: 0x000000008000fe94 (0xfc843703) ld      a4, -56(s0)
core   0: 3 0x000000008000fe94 (0xfc843703) x14 0x0000000080012040 mem 0x0000000080031f38
core   0: 0x000000008000fe98 (0xfb843783) ld      a5, -72(s0)
core   0: 3 0x000000008000fe98 (0xfb843783) x15 0x000000000000009c mem 0x0000000080031f28
core   0: 0x000000008000fe9c (0x000097ba) c.add   a5, a4
core   0: 3 0x000000008000fe9c (0x97ba) x15 0x00000000800120dc
core   0: 0x000000008000fe9e (0xfe043703) ld      a4, -32(s0)
core   0: 3 0x000000008000fe9e (0xfe043703) x14 0x00000000800120d3 mem 0x0000000080031f50
core   0: 0x000000008000fea2 (0xfcf76de3) bltu    a4, a5, pc - 38
core   0: 3 0x000000008000fea2 (0xfcf76de3)
core   0: 0x000000008000fe7c (0xfe043783) ld      a5, -32(s0)
core   0: 3 0x000000008000fe7c (0xfe043783) x15 0x00000000800120d3 mem 0x0000000080031f50
core   0: 0x000000008000fe80 (0x00178713) addi    a4, a5, 1
core   0: 3 0x000000008000fe80 (0x00178713) x14 0x00000000800120d4
core   0: 0x000000008000fe84 (0xfee43023) sd      a4, -32(s0)
core   0: 3 0x000000008000fe84 (0xfee43023) mem 0x0000000080031f50 0x00000000800120d4
core   0: 0x000000008000fe88 (0xfc442703) lw      a4, -60(s0)
core   0: 3 0x000000008000fe88 (0xfc442703) x14 0x0000000000000000 mem 0x0000000080031f34
core   0: 0x000000008000fe8c (0x0ff77713) andi    a4, a4, 255
core   0: 3 0x000000008000fe8c (0x0ff77713) x14 0x0000000000000000
core   0: 0x000000008000fe90 (0x00e78023) sb      a4, 0(a5)
core   0: 3 0x000000008000fe90 (0x00e78023) mem 0x00000000800120d3 0x00
core   0: 0x000000008000fe94 (0xfc843703) ld      a4, -56(s0)
core   0: 3 0x000000008000fe94 (0xfc843703) x14 0x0000000080012040 mem 0x0000000080031f38
core   0: 0x000000008000fe98 (0xfb843783) ld      a5, -72(s0)
core   0: 3 0x000000008000fe98 (0xfb843783) x15 0x000000000000009c mem 0x0000000080031f28
core   0: 0x000000008000fe9c (0x000097ba) c.add   a5, a4
core   0: 3 0x000000008000fe9c (0x97ba) x15 0x00000000800120dc
core   0: 0x000000008000fe9e (0xfe043703) ld      a4, -32(s0)
core   0: 3 0x000000008000fe9e (0xfe043703) x14 0x00000000800120d4 mem 0x0000000080031f50
core   0: 0x000000008000fea2 (0xfcf76de3) bltu    a4, a5, pc - 38
core   0: 3 0x000000008000fea2 (0xfcf76de3)
core   0: 0x000000008000fe7c (0xfe043783) ld      a5, -32(s0)
core   0: 3 0x000000008000fe7c (0xfe043783) x15 0x00000000800120d4 mem 0x0000000080031f50
core   0: 0x000000008000fe80 (0x00178713) addi    a4, a5, 1
core   0: 3 0x000000008000fe80 (0x00178713) x14 0x00000000800120d5
core   0: 0x000000008000fe84 (0xfee43023) sd      a4, -32(s0)
core   0: 3 0x000000008000fe84 (0xfee43023) mem 0x0000000080031f50 0x00000000800120d5
core   0: 0x000000008000fe88 (0xfc442703) lw      a4, -60(s0)
core   0: 3 0x000000008000fe88 (0xfc442703) x14 0x0000000000000000 mem 0x0000000080031f34
core   0: 0x000000008000fe8c (0x0ff77713) andi    a4, a4, 255
core   0: 3 0x000000008000fe8c (0x0ff77713) x14 0x0000000000000000
core   0: 0x000000008000fe90 (0x00e78023) sb      a4, 0(a5)
core   0: 3 0x000000008000fe90 (0x00e78023) mem 0x00000000800120d4 0x00
core   0: 0x000000008000fe94 (0xfc843703) ld      a4, -56(s0)
core   0: 3 0x000000008000fe94 (0xfc843703) x14 0x0000000080012040 mem 0x0000000080031f38
core   0: 0x000000008000fe98 (0xfb843783) ld      a5, -72(s0)
core   0: 3 0x000000008000fe98 (0xfb843783) x15 0x000000000000009c mem 0x0000000080031f28
core   0: 0x000000008000fe9c (0x000097ba) c.add   a5, a4
core   0: 3 0x000000008000fe9c (0x97ba) x15 0x00000000800120dc
core   0: 0x000000008000fe9e (0xfe043703) ld      a4, -32(s0)
core   0: 3 0x000000008000fe9e (0xfe043703) x14 0x00000000800120d5 mem 0x0000000080031f50
core   0: 0x000000008000fea2 (0xfcf76de3) bltu    a4, a5, pc - 38
core   0: 3 0x000000008000fea2 (0xfcf76de3)
core   0: 0x000000008000fe7c (0xfe043783) ld      a5, -32(s0)
core   0: 3 0x000000008000fe7c (0xfe043783) x15 0x00000000800120d5 mem 0x0000000080031f50
core   0: 0x000000008000fe80 (0x00178713) addi    a4, a5, 1
core   0: 3 0x000000008000fe80 (0x00178713) x14 0x00000000800120d6
core   0: 0x000000008000fe84 (0xfee43023) sd      a4, -32(s0)
core   0: 3 0x000000008000fe84 (0xfee43023) mem 0x0000000080031f50 0x00000000800120d6
core   0: 0x000000008000fe88 (0xfc442703) lw      a4, -60(s0)
core   0: 3 0x000000008000fe88 (0xfc442703) x14 0x0000000000000000 mem 0x0000000080031f34
core   0: 0x000000008000fe8c (0x0ff77713) andi    a4, a4, 255
core   0: 3 0x000000008000fe8c (0x0ff77713) x14 0x0000000000000000
core   0: 0x000000008000fe90 (0x00e78023) sb      a4, 0(a5)
core   0: 3 0x000000008000fe90 (0x00e78023) mem 0x00000000800120d5 0x00
core   0: 0x000000008000fe94 (0xfc843703) ld      a4, -56(s0)
core   0: 3 0x000000008000fe94 (0xfc843703) x14 0x0000000080012040 mem 0x0000000080031f38
core   0: 0x000000008000fe98 (0xfb843783) ld      a5, -72(s0)
core   0: 3 0x000000008000fe98 (0xfb843783) x15 0x000000000000009c mem 0x0000000080031f28
core   0: 0x000000008000fe9c (0x000097ba) c.add   a5, a4
core   0: 3 0x000000008000fe9c (0x97ba) x15 0x00000000800120dc
core   0: 0x000000008000fe9e (0xfe043703) ld      a4, -32(s0)
core   0: 3 0x000000008000fe9e (0xfe043703) x14 0x00000000800120d6 mem 0x0000000080031f50
core   0: 0x000000008000fea2 (0xfcf76de3) bltu    a4, a5, pc - 38
core   0: 3 0x000000008000fea2 (0xfcf76de3)
core   0: 0x000000008000fe7c (0xfe043783) ld      a5, -32(s0)
core   0: 3 0x000000008000fe7c (0xfe043783) x15 0x00000000800120d6 mem 0x0000000080031f50
core   0: 0x000000008000fe80 (0x00178713) addi    a4, a5, 1
core   0: 3 0x000000008000fe80 (0x00178713) x14 0x00000000800120d7
core   0: 0x000000008000fe84 (0xfee43023) sd      a4, -32(s0)
core   0: 3 0x000000008000fe84 (0xfee43023) mem 0x0000000080031f50 0x00000000800120d7
core   0: 0x000000008000fe88 (0xfc442703) lw      a4, -60(s0)
core   0: 3 0x000000008000fe88 (0xfc442703) x14 0x0000000000000000 mem 0x0000000080031f34
core   0: 0x000000008000fe8c (0x0ff77713) andi    a4, a4, 255
core   0: 3 0x000000008000fe8c (0x0ff77713) x14 0x0000000000000000
core   0: 0x000000008000fe90 (0x00e78023) sb      a4, 0(a5)
core   0: 3 0x000000008000fe90 (0x00e78023) mem 0x00000000800120d6 0x00
core   0: 0x000000008000fe94 (0xfc843703) ld      a4, -56(s0)
core   0: 3 0x000000008000fe94 (0xfc843703) x14 0x0000000080012040 mem 0x0000000080031f38
core   0: 0x000000008000fe98 (0xfb843783) ld      a5, -72(s0)
core   0: 3 0x000000008000fe98 (0xfb843783) x15 0x000000000000009c mem 0x0000000080031f28
core   0: 0x000000008000fe9c (0x000097ba) c.add   a5, a4
core   0: 3 0x000000008000fe9c (0x97ba) x15 0x00000000800120dc
core   0: 0x000000008000fe9e (0xfe043703) ld      a4, -32(s0)
core   0: 3 0x000000008000fe9e (0xfe043703) x14 0x00000000800120d7 mem 0x0000000080031f50
core   0: 0x000000008000fea2 (0xfcf76de3) bltu    a4, a5, pc - 38
core   0: 3 0x000000008000fea2 (0xfcf76de3)
core   0: 0x000000008000fe7c (0xfe043783) ld      a5, -32(s0)
core   0: 3 0x000000008000fe7c (0xfe043783) x15 0x00000000800120d7 mem 0x0000000080031f50
core   0: 0x000000008000fe80 (0x00178713) addi    a4, a5, 1
core   0: 3 0x000000008000fe80 (0x00178713) x14 0x00000000800120d8
core   0: 0x000000008000fe84 (0xfee43023) sd      a4, -32(s0)
core   0: 3 0x000000008000fe84 (0xfee43023) mem 0x0000000080031f50 0x00000000800120d8
core   0: 0x000000008000fe88 (0xfc442703) lw      a4, -60(s0)
core   0: 3 0x000000008000fe88 (0xfc442703) x14 0x0000000000000000 mem 0x0000000080031f34
core   0: 0x000000008000fe8c (0x0ff77713) andi    a4, a4, 255
core   0: 3 0x000000008000fe8c (0x0ff77713) x14 0x0000000000000000
core   0: 0x000000008000fe90 (0x00e78023) sb      a4, 0(a5)
core   0: 3 0x000000008000fe90 (0x00e78023) mem 0x00000000800120d7 0x00
core   0: 0x000000008000fe94 (0xfc843703) ld      a4, -56(s0)
core   0: 3 0x000000008000fe94 (0xfc843703) x14 0x0000000080012040 mem 0x0000000080031f38
core   0: 0x000000008000fe98 (0xfb843783) ld      a5, -72(s0)
core   0: 3 0x000000008000fe98 (0xfb843783) x15 0x000000000000009c mem 0x0000000080031f28
core   0: 0x000000008000fe9c (0x000097ba) c.add   a5, a4
core   0: 3 0x000000008000fe9c (0x97ba) x15 0x00000000800120dc
core   0: 0x000000008000fe9e (0xfe043703) ld      a4, -32(s0)
core   0: 3 0x000000008000fe9e (0xfe043703) x14 0x00000000800120d8 mem 0x0000000080031f50
core   0: 0x000000008000fea2 (0xfcf76de3) bltu    a4, a5, pc - 38
core   0: 3 0x000000008000fea2 (0xfcf76de3)
core   0: 0x000000008000fe7c (0xfe043783) ld      a5, -32(s0)
core   0: 3 0x000000008000fe7c (0xfe043783) x15 0x00000000800120d8 mem 0x0000000080031f50
core   0: 0x000000008000fe80 (0x00178713) addi    a4, a5, 1
core   0: 3 0x000000008000fe80 (0x00178713) x14 0x00000000800120d9
core   0: 0x000000008000fe84 (0xfee43023) sd      a4, -32(s0)
core   0: 3 0x000000008000fe84 (0xfee43023) mem 0x0000000080031f50 0x00000000800120d9
core   0: 0x000000008000fe88 (0xfc442703) lw      a4, -60(s0)
core   0: 3 0x000000008000fe88 (0xfc442703) x14 0x0000000000000000 mem 0x0000000080031f34
core   0: 0x000000008000fe8c (0x0ff77713) andi    a4, a4, 255
core   0: 3 0x000000008000fe8c (0x0ff77713) x14 0x0000000000000000
core   0: 0x000000008000fe90 (0x00e78023) sb      a4, 0(a5)
core   0: 3 0x000000008000fe90 (0x00e78023) mem 0x00000000800120d8 0x00
core   0: 0x000000008000fe94 (0xfc843703) ld      a4, -56(s0)
core   0: 3 0x000000008000fe94 (0xfc843703) x14 0x0000000080012040 mem 0x0000000080031f38
core   0: 0x000000008000fe98 (0xfb843783) ld      a5, -72(s0)
core   0: 3 0x000000008000fe98 (0xfb843783) x15 0x000000000000009c mem 0x0000000080031f28
core   0: 0x000000008000fe9c (0x000097ba) c.add   a5, a4
core   0: 3 0x000000008000fe9c (0x97ba) x15 0x00000000800120dc
core   0: 0x000000008000fe9e (0xfe043703) ld      a4, -32(s0)
core   0: 3 0x000000008000fe9e (0xfe043703) x14 0x00000000800120d9 mem 0x0000000080031f50
core   0: 0x000000008000fea2 (0xfcf76de3) bltu    a4, a5, pc - 38
core   0: 3 0x000000008000fea2 (0xfcf76de3)
core   0: 0x000000008000fe7c (0xfe043783) ld      a5, -32(s0)
core   0: 3 0x000000008000fe7c (0xfe043783) x15 0x00000000800120d9 mem 0x0000000080031f50
core   0: 0x000000008000fe80 (0x00178713) addi    a4, a5, 1
core   0: 3 0x000000008000fe80 (0x00178713) x14 0x00000000800120da
core   0: 0x000000008000fe84 (0xfee43023) sd      a4, -32(s0)
core   0: 3 0x000000008000fe84 (0xfee43023) mem 0x0000000080031f50 0x00000000800120da
core   0: 0x000000008000fe88 (0xfc442703) lw      a4, -60(s0)
core   0: 3 0x000000008000fe88 (0xfc442703) x14 0x0000000000000000 mem 0x0000000080031f34
core   0: 0x000000008000fe8c (0x0ff77713) andi    a4, a4, 255
core   0: 3 0x000000008000fe8c (0x0ff77713) x14 0x0000000000000000
core   0: 0x000000008000fe90 (0x00e78023) sb      a4, 0(a5)
core   0: 3 0x000000008000fe90 (0x00e78023) mem 0x00000000800120d9 0x00
core   0: 0x000000008000fe94 (0xfc843703) ld      a4, -56(s0)
core   0: 3 0x000000008000fe94 (0xfc843703) x14 0x0000000080012040 mem 0x0000000080031f38
core   0: 0x000000008000fe98 (0xfb843783) ld      a5, -72(s0)
core   0: 3 0x000000008000fe98 (0xfb843783) x15 0x000000000000009c mem 0x0000000080031f28
core   0: 0x000000008000fe9c (0x000097ba) c.add   a5, a4
core   0: 3 0x000000008000fe9c (0x97ba) x15 0x00000000800120dc
core   0: 0x000000008000fe9e (0xfe043703) ld      a4, -32(s0)
core   0: 3 0x000000008000fe9e (0xfe043703) x14 0x00000000800120da mem 0x0000000080031f50
core   0: 0x000000008000fea2 (0xfcf76de3) bltu    a4, a5, pc - 38
core   0: 3 0x000000008000fea2 (0xfcf76de3)
core   0: 0x000000008000fe7c (0xfe043783) ld      a5, -32(s0)
core   0: 3 0x000000008000fe7c (0xfe043783) x15 0x00000000800120da mem 0x0000000080031f50
core   0: 0x000000008000fe80 (0x00178713) addi    a4, a5, 1
core   0: 3 0x000000008000fe80 (0x00178713) x14 0x00000000800120db
core   0: 0x000000008000fe84 (0xfee43023) sd      a4, -32(s0)
core   0: 3 0x000000008000fe84 (0xfee43023) mem 0x0000000080031f50 0x00000000800120db
core   0: 0x000000008000fe88 (0xfc442703) lw      a4, -60(s0)
core   0: 3 0x000000008000fe88 (0xfc442703) x14 0x0000000000000000 mem 0x0000000080031f34
core   0: 0x000000008000fe8c (0x0ff77713) andi    a4, a4, 255
core   0: 3 0x000000008000fe8c (0x0ff77713) x14 0x0000000000000000
core   0: 0x000000008000fe90 (0x00e78023) sb      a4, 0(a5)
core   0: 3 0x000000008000fe90 (0x00e78023) mem 0x00000000800120da 0x00
core   0: 0x000000008000fe94 (0xfc843703) ld      a4, -56(s0)
core   0: 3 0x000000008000fe94 (0xfc843703) x14 0x0000000080012040 mem 0x0000000080031f38
core   0: 0x000000008000fe98 (0xfb843783) ld      a5, -72(s0)
core   0: 3 0x000000008000fe98 (0xfb843783) x15 0x000000000000009c mem 0x0000000080031f28
core   0: 0x000000008000fe9c (0x000097ba) c.add   a5, a4
core   0: 3 0x000000008000fe9c (0x97ba) x15 0x00000000800120dc
core   0: 0x000000008000fe9e (0xfe043703) ld      a4, -32(s0)
core   0: 3 0x000000008000fe9e (0xfe043703) x14 0x00000000800120db mem 0x0000000080031f50
core   0: 0x000000008000fea2 (0xfcf76de3) bltu    a4, a5, pc - 38
core   0: 3 0x000000008000fea2 (0xfcf76de3)
core   0: 0x000000008000fe7c (0xfe043783) ld      a5, -32(s0)
core   0: 3 0x000000008000fe7c (0xfe043783) x15 0x00000000800120db mem 0x0000000080031f50
core   0: 0x000000008000fe80 (0x00178713) addi    a4, a5, 1
core   0: 3 0x000000008000fe80 (0x00178713) x14 0x00000000800120dc
core   0: 0x000000008000fe84 (0xfee43023) sd      a4, -32(s0)
core   0: 3 0x000000008000fe84 (0xfee43023) mem 0x0000000080031f50 0x00000000800120dc
core   0: 0x000000008000fe88 (0xfc442703) lw      a4, -60(s0)
core   0: 3 0x000000008000fe88 (0xfc442703) x14 0x0000000000000000 mem 0x0000000080031f34
core   0: 0x000000008000fe8c (0x0ff77713) andi    a4, a4, 255
core   0: 3 0x000000008000fe8c (0x0ff77713) x14 0x0000000000000000
core   0: 0x000000008000fe90 (0x00e78023) sb      a4, 0(a5)
core   0: 3 0x000000008000fe90 (0x00e78023) mem 0x00000000800120db 0x00
core   0: 0x000000008000fe94 (0xfc843703) ld      a4, -56(s0)
core   0: 3 0x000000008000fe94 (0xfc843703) x14 0x0000000080012040 mem 0x0000000080031f38
core   0: 0x000000008000fe98 (0xfb843783) ld      a5, -72(s0)
core   0: 3 0x000000008000fe98 (0xfb843783) x15 0x000000000000009c mem 0x0000000080031f28
core   0: 0x000000008000fe9c (0x000097ba) c.add   a5, a4
core   0: 3 0x000000008000fe9c (0x97ba) x15 0x00000000800120dc
core   0: 0x000000008000fe9e (0xfe043703) ld      a4, -32(s0)
core   0: 3 0x000000008000fe9e (0xfe043703) x14 0x00000000800120dc mem 0x0000000080031f50
core   0: 0x000000008000fea2 (0xfcf76de3) bltu    a4, a5, pc - 38
core   0: 3 0x000000008000fea2 (0xfcf76de3)
core   0: 0x000000008000fea6 (0xfc843783) ld      a5, -56(s0)
core   0: 3 0x000000008000fea6 (0xfc843783) x15 0x0000000080012040 mem 0x0000000080031f38
core   0: 0x000000008000feaa (0x0000853e) c.mv    a0, a5
core   0: 3 0x000000008000feaa (0x853e) x10 0x0000000080012040
core   0: 0x000000008000feac (0x00006426) c.ldsp  s0, 72(sp)
core   0: 3 0x000000008000feac (0x6426) x8  0x0000000080031f90 mem 0x0000000080031f68
core   0: 0x000000008000feae (0x00006161) c.addi16sp sp, 80
core   0: 3 0x000000008000feae (0x6161) x2  0x0000000080031f70
core   0: 0x000000008000feb0 (0x00008082) ret
core   0: 3 0x000000008000feb0 (0x8082)
core   0: 0x000000008000f464 (0x00000001) c.nop
core   0: 3 0x000000008000f464 (0x0001)
core   0: 0x000000008000f466 (0x000060e2) c.ldsp  ra, 24(sp)
core   0: 3 0x000000008000f466 (0x60e2) x1  0x000000008000f4a4 mem 0x0000000080031f88
core   0: 0x000000008000f468 (0x00006442) c.ldsp  s0, 16(sp)
core   0: 3 0x000000008000f468 (0x6442) x8  0x0000000080032040 mem 0x0000000080031f80
core   0: 0x000000008000f46a (0x00006105) c.addi16sp sp, 32
core   0: 3 0x000000008000f46a (0x6105) x2  0x0000000080031f90
core   0: 0x000000008000f46c (0x00008082) ret
core   0: 3 0x000000008000f46c (0x8082)
core   0: 0x000000008000f4a4 (0xf5842703) lw      a4, -168(s0)
core   0: 3 0x000000008000f4a4 (0xf5842703) x14 0x0000000000000001 mem 0x0000000080031f98
core   0: 0x000000008000f4a8 (0xf5c42783) lw      a5, -164(s0)
core   0: 3 0x000000008000f4a8 (0xf5c42783) x15 0x0000000000000000 mem 0x0000000080031f9c
core   0: 0x000000008000f4ac (0x000085ba) c.mv    a1, a4
core   0: 3 0x000000008000f4ac (0x85ba) x11 0x0000000000000001
core   0: 0x000000008000f4ae (0x0000853e) c.mv    a0, a5
core   0: 3 0x000000008000f4ae (0x853e) x10 0x0000000000000000
core   0: 0x000000008000f4b0 (0xf03ff0ef) jal     pc - 0xfe
core   0: 3 0x000000008000f4b0 (0xf03ff0ef) x1  0x000000008000f4b4
core   0: >>>>  thread_entry
core   0: 0x000000008000f3b2 (0x00001101) c.addi  sp, -32
core   0: 3 0x000000008000f3b2 (0x1101) x2  0x0000000080031f70
core   0: 0x000000008000f3b4 (0x0000ec22) c.sdsp  s0, 24(sp)
core   0: 3 0x000000008000f3b4 (0xec22) mem 0x0000000080031f88 0x0000000080032040
core   0: 0x000000008000f3b6 (0x00001000) c.addi4spn s0, sp, 32
core   0: 3 0x000000008000f3b6 (0x1000) x8  0x0000000080031f90
core   0: 0x000000008000f3b8 (0x000087aa) c.mv    a5, a0
core   0: 3 0x000000008000f3b8 (0x87aa) x15 0x0000000000000000
core   0: 0x000000008000f3ba (0x0000872e) c.mv    a4, a1
core   0: 3 0x000000008000f3ba (0x872e) x14 0x0000000000000001
core   0: 0x000000008000f3bc (0xfef42623) sw      a5, -20(s0)
core   0: 3 0x000000008000f3bc (0xfef42623) mem 0x0000000080031f7c 0x00000000
core   0: 0x000000008000f3c0 (0x000087ba) c.mv    a5, a4
core   0: 3 0x000000008000f3c0 (0x87ba) x15 0x0000000000000001
core   0: 0x000000008000f3c2 (0xfef42423) sw      a5, -24(s0)
core   0: 3 0x000000008000f3c2 (0xfef42423) mem 0x0000000080031f78 0x00000001
core   0: 0x000000008000f3c6 (0x00000001) c.nop
core   0: 3 0x000000008000f3c6 (0x0001)
core   0: 0x000000008000f3c8 (0xfec42783) lw      a5, -20(s0)
core   0: 3 0x000000008000f3c8 (0xfec42783) x15 0x0000000000000000 mem 0x0000000080031f7c
core   0: 0x000000008000f3cc (0x00002781) c.addiw a5, 0
core   0: 3 0x000000008000f3cc (0x2781) x15 0x0000000000000000
core   0: 0x000000008000f3ce (0x0000ffed) c.bnez  a5, pc - 6
core   0: 3 0x000000008000f3ce (0xffed)
core   0: 0x000000008000f3d0 (0x00000001) c.nop
core   0: 3 0x000000008000f3d0 (0x0001)
core   0: 0x000000008000f3d2 (0x00000001) c.nop
core   0: 3 0x000000008000f3d2 (0x0001)
core   0: 0x000000008000f3d4 (0x00006462) c.ldsp  s0, 24(sp)
core   0: 3 0x000000008000f3d4 (0x6462) x8  0x0000000080032040 mem 0x0000000080031f88
core   0: 0x000000008000f3d6 (0x00006105) c.addi16sp sp, 32
core   0: 3 0x000000008000f3d6 (0x6105) x2  0x0000000080031f90
core   0: 0x000000008000f3d8 (0x00008082) ret
core   0: 3 0x000000008000f3d8 (0x8082)
core   0: 0x000000008000f4b4 (0x00004581) c.li    a1, 0
core   0: 3 0x000000008000f4b4 (0x4581) x11 0x0000000000000000
core   0: 0x000000008000f4b6 (0x00004501) c.li    a0, 0
core   0: 3 0x000000008000f4b6 (0x4501) x10 0x0000000000000000
core   0: 0x000000008000f4b8 (0xb49f20ef) jal     pc - 0xd4b8
core   0: 3 0x000000008000f4b8 (0xb49f20ef) x1  0x000000008000f4bc
core   0: >>>>  main
core   0: 0x0000000080002000 (0x00000001) c.nop
core   0: 3 0x0000000080002000 (0x0001)
core   0: >>>>  trap_vec_init
core   0: 0x0000000080002002 (0x00002797) auipc   a5, 0x2
core   0: 3 0x0000000080002002 (0x00002797) x15 0x0000000080004002
core   0: 0x0000000080002006 (0xffe78793) addi    a5, a5, -2
core   0: 3 0x0000000080002006 (0xffe78793) x15 0x0000000080004000
core   0: 0x000000008000200a (0x30579073) csrrw   zero, mtvec, a5
core   0: 3 0x000000008000200a (0x30579073) c773_mtvec 0x0000000080004000
core   0: >>>>  pmp_setup
core   0: 0x000000008000200e (0x00002c17) auipc   s8, 0x2
core   0: 3 0x000000008000200e (0x00002c17) x24 0x000000008000400e
core   0: 0x0000000080002012 (0x022c0c13) addi    s8, s8, 34
core   0: 3 0x0000000080002012 (0x022c0c13) x24 0x0000000080004030
core   0: 0x0000000080002016 (0x00004781) c.li    a5, 0
core   0: 3 0x0000000080002016 (0x4781) x15 0x0000000000000000
core   0: 0x0000000080002018 (0x00009c3e) c.add   s8, a5
core   0: 3 0x0000000080002018 (0x9c3e) x24 0x0000000080004030
core   0: 0x000000008000201a (0x3b0c1073) csrrw   zero, pmpaddr0, s8
core   0: 3 0x000000008000201a (0x3b0c1073) c944_pmpaddr0 0x0000000080004030
core   0: 0x000000008000201e (0x00004c3d) c.li    s8, 15
core   0: 3 0x000000008000201e (0x4c3d) x24 0x000000000000000f
core   0: 0x0000000080002020 (0x3a0c1073) csrrw   zero, pmpcfg0, s8
core   0: 3 0x0000000080002020 (0x3a0c1073) c928_pmpcfg0 0x000000000000000f
core   0: 0x0000000080002024 (0x12000073) sfence.vma zero, zero
core   0: 3 0x0000000080002024 (0x12000073)
core   0: >>>>  mepc_setup
core   0: 0x0000000080002028 (0x00002797) auipc   a5, 0x2
core   0: 3 0x0000000080002028 (0x00002797) x15 0x0000000080004028
core   0: 0x000000008000202c (0x00878793) addi    a5, a5, 8
core   0: 3 0x000000008000202c (0x00878793) x15 0x0000000080004030
core   0: 0x0000000080002030 (0x34179073) csrrw   zero, mepc, a5
core   0: 3 0x0000000080002030 (0x34179073) c833_mepc 0x0000000080004030
core   0: >>>>  custom_csr_setup
core   0: 0x0000000080002034 (0x00100f9b) addiw   t6, zero, 1
core   0: 3 0x0000000080002034 (0x00100f9b) x31 0x0000000000000001
core   0: 0x0000000080002038 (0x00000ffe) c.slli  t6, 31
core   0: 3 0x0000000080002038 (0x0ffe) x31 0x0000000080000000
core   0: 0x000000008000203a (0x00000001) c.nop
core   0: 3 0x000000008000203a (0x0001)
core   0: >>>>  init_s_mode
core   0: 0x000000008000203c (0xfff0079b) addiw   a5, zero, -1
core   0: 3 0x000000008000203c (0xfff0079b) x15 0xffffffffffffffff
core   0: 0x0000000080002040 (0x000017fe) c.slli  a5, 63
core   0: 3 0x0000000080002040 (0x17fe) x15 0x8000000000000000
core   0: 0x0000000080002042 (0x18079073) csrrw   zero, satp, a5
core   0: 3 0x0000000080002042 (0x18079073) c384_satp 0x8000000000000000
core   0: 0x0000000080002046 (0x0000f797) auipc   a5, 0xf
core   0: 3 0x0000000080002046 (0x0000f797) x15 0x0000000080011046
core   0: 0x000000008000204a (0xfba78793) addi    a5, a5, -70
core   0: 3 0x000000008000204a (0xfba78793) x15 0x0000000080011000
core   0: 0x000000008000204e (0x000083b1) c.srli  a5, 12
core   0: 3 0x000000008000204e (0x83b1) x15 0x0000000000080011
core   0: 0x0000000080002050 (0x0010061b) addiw   a2, zero, 1
core   0: 3 0x0000000080002050 (0x0010061b) x12 0x0000000000000001
core   0: 0x0000000080002054 (0x00001632) c.slli  a2, 44
core   0: 3 0x0000000080002054 (0x1632) x12 0x0000100000000000
core   0: 0x0000000080002056 (0x0000167d) c.addi  a2, -1
core   0: 3 0x0000000080002056 (0x167d) x12 0x00000fffffffffff
core   0: 0x0000000080002058 (0x00008ff1) c.and   a5, a2
core   0: 3 0x0000000080002058 (0x8ff1) x15 0x0000000000080011
core   0: 0x000000008000205a (0x1807a073) csrrs   zero, satp, a5
core   0: 3 0x000000008000205a (0x1807a073) c384_satp 0x8000000000080011
core   0: 0x000000008000205e (0x00a005b7) lui     a1, 0xa00
core   0: 3 0x000000008000205e (0x00a005b7) x11 0x0000000000a00000
core   0: 0x0000000080002062 (0x10b5859b) addiw   a1, a1, 267
core   0: 3 0x0000000080002062 (0x10b5859b) x11 0x0000000000a0010b
core   0: 0x0000000080002066 (0x000005b2) c.slli  a1, 12
core   0: 3 0x0000000080002066 (0x05b2) x11 0x0000000a0010b000
core   0: 0x0000000080002068 (0xa0058593) addi    a1, a1, -1536
core   0: 3 0x0000000080002068 (0xa0058593) x11 0x0000000a0010aa00
core   0: 0x000000008000206c (0x30059073) csrrw   zero, mstatus, a1
core   0: 3 0x000000008000206c (0x30059073) c768_mstatus 0x0000000a00102800
core   0: 0x0000000080002070 (0x30459073) csrrw   zero, mie, a1
core   0: 3 0x0000000080002070 (0x30459073) c772_mie 0x0000000000000a00
core   0: 0x0000000080002074 (0x00a005b7) lui     a1, 0xa00
core   0: 3 0x0000000080002074 (0x00a005b7) x11 0x0000000000a00000
core   0: 0x0000000080002078 (0x10b5859b) addiw   a1, a1, 267
core   0: 3 0x0000000080002078 (0x10b5859b) x11 0x0000000000a0010b
core   0: 0x000000008000207c (0x000005b2) c.slli  a1, 12
core   0: 3 0x000000008000207c (0x05b2) x11 0x0000000a0010b000
core   0: 0x000000008000207e (0xa0058593) addi    a1, a1, -1536
core   0: 3 0x000000008000207e (0xa0058593) x11 0x0000000a0010aa00
core   0: 0x0000000080002082 (0x10059073) csrrw   zero, sstatus, a1
core   0: 3 0x0000000080002082 (0x10059073) c768_mstatus 0x0000000a00102800
core   0: 0x0000000080002086 (0x10459073) csrrw   zero, sie, a1
core   0: 3 0x0000000080002086 (0x10459073) c772_mie 0x0000000000000a00
core   0: 0x000000008000208a (0x30200073) mret
core   0: 3 0x000000008000208a (0x30200073) c768_mstatus 0x0000000a00102080
core   0: >>>>  main_g
core   0: 0x0000000080004030 (0x02238333) mul     t1, t2, sp
core   0: 1 0x0000000080004030 (0x02238333) x6  0x0000000000000000
core   0: 0x0000000080004034 (0x01535033) srl     zero, t1, s5
core   0: 1 0x0000000080004034 (0x01535033)
core   0: 0x0000000080004038 (0x00279973) csrrw   s2, frm, a5
core   0: 1 0x0000000080004038 (0x00279973) x18 0x0000000000000000 c2_frm 0x0000000000000001 c768_mstatus 0x8000000a00106080
core   0: 0x000000008000403c (0x104a1a73) csrrw   s4, sie, s4
core   0: 1 0x000000008000403c (0x104a1a73) x20 0x0000000000000000 c772_mie 0x0000000000000a00
core   0: 0x0000000080004040 (0xe20300d3) fmv.x.d ra, ft6
core   0: 1 0x0000000080004040 (0xe20300d3) x1  0xffffffff00000000
core   0: 0x0000000080004044 (0x0177003b) addw    zero, a4, s7
core   0: 1 0x0000000080004044 (0x0177003b)
core   0: 0x0000000080004048 (0x00000001) c.nop
core   0: 1 0x0000000080004048 (0x0001)
core   0: 0x000000008000404a (0xc20d7353) fcvt.w.d t1, fs10
core   0: 1 0x000000008000404a (0xc20d7353) c1_fflags 0x0000000000000010 x6  0x000000007fffffff
core   0: 0x000000008000404e (0x5a0b7b53) fsqrt.d fs6, fs6
core   0: 1 0x000000008000404e (0x5a0b7b53) f22 0x7ff8000000000000
core   0: 0x0000000080004052 (0x13d5fc53) fmul.d  fs8, fa1, ft9
core   0: 1 0x0000000080004052 (0x13d5fc53) f24 0x7ff8000000000000
core   0: 0x0000000080004056 (0x2bdc0153) fmin.d  ft2, fs8, ft9
core   0: 1 0x0000000080004056 (0x2bdc0153) f2  0x7ff8000000000000
core   0: 0x000000008000405a (0xd0237653) fcvt.s.l fa2, t1
core   0: 1 0x000000008000405a (0xd0237653) c1_fflags 0x0000000000000011 f12 0xffffffff4effffff
core   0: 0x000000008000405e (0xf149bb73) csrrc   s6, mhartid, s3
core   0: exception trap_illegal_instruction, epc 0x000000008000405e
core   0:           tval 0x00000000f149bb73
core   0: >>>>  $xrv64i2p1_m2p0_a2p1_f2p2_d2p2_zicsr2p0_zifencei2p0_zmmul1p0_zba1p0_zbb1p0_zbc1p0_zbs1p0
core   0: 0x0000000080004000 (0x0080006f) j       pc + 0x8
core   0: 3 0x0000000080004000 (0x0080006f)
core   0: >>>>  mmode_exception_handler
core   0: 0x0000000080004008 (0x00002c17) auipc   s8, 0x2
core   0: 3 0x0000000080004008 (0x00002c17) x24 0x0000000080006008
core   0: 0x000000008000400c (0x0d6c0c13) addi    s8, s8, 214
core   0: 3 0x000000008000400c (0x0d6c0c13) x24 0x00000000800060de
core   0: 0x0000000080004010 (0x000c00e7) jalr    s8
core   0: 3 0x0000000080004010 (0x000c00e7) x1  0x0000000080004014
core   0: >>>>  any_handler
core   0: 0x00000000800060de (0x341027f3) csrrs   a5, mepc, zero
core   0: 3 0x00000000800060de (0x341027f3) x15 0x000000008000405e
core   0: 0x00000000800060e2 (0x34202773) csrrs   a4, mcause, zero
core   0: 3 0x00000000800060e2 (0x34202773) x14 0x0000000000000002
core   0: 0x00000000800060e6 (0x142026f3) csrrs   a3, scause, zero
core   0: 3 0x00000000800060e6 (0x142026f3) x13 0x0000000000000000
core   0: 0x00000000800060ea (0x30402673) csrrs   a2, mie, zero
core   0: 3 0x00000000800060ea (0x30402673) x12 0x0000000000000a00
core   0: 0x00000000800060ee (0x344025f3) csrrs   a1, mip, zero
core   0: 3 0x00000000800060ee (0x344025f3) x11 0x0000000000000080
core   0: 0x00000000800060f2 (0x343025f3) csrrs   a1, mtval, zero
core   0: 3 0x00000000800060f2 (0x343025f3) x11 0x00000000f149bb73
core   0: 0x00000000800060f6 (0x14302573) csrrs   a0, stval, zero
core   0: 3 0x00000000800060f6 (0x14302573) x10 0x0000000000000000
core   0: 0x00000000800060fa (0xb02024f3) csrrs   s1, minstret, zero
core   0: 3 0x00000000800060fa (0xb02024f3) x9  0x00000000000007d7
core   0: 0x00000000800060fe (0x0000a811) c.j     pc + 20
core   0: 3 0x00000000800060fe (0xa811)
core   0: >>>>  mepc_4
core   0: 0x0000000080006112 (0x00000791) c.addi  a5, 4
core   0: 3 0x0000000080006112 (0x0791) x15 0x0000000080004062
core   0: 0x0000000080006114 (0x34179073) csrrw   zero, mepc, a5
core   0: 3 0x0000000080006114 (0x34179073) c833_mepc 0x0000000080004062
core   0: 0x0000000080006118 (0x30200073) mret
core   0: 3 0x0000000080006118 (0x30200073) c768_mstatus 0x8000000a00106080
core   0: 0x0000000080004062 (0x021108bb) mulw    a7, sp, ra
core   0: 1 0x0000000080004062 (0x021108bb) x17 0xffffffffc8227740
core   0: 0x0000000080004066 (0x414bdeb3) sra     t4, s7, s4
core   0: 1 0x0000000080004066 (0x414bdeb3) x29 0x0000000000000000
core   0: 0x000000008000406a (0x01aed493) srli    s1, t4, 26
core   0: 1 0x000000008000406a (0x01aed493) x9  0x0000000000000000
core   0: 0x000000008000406e (0x4040d2bb) sraw    t0, ra, tp
core   0: 1 0x000000008000406e (0x4040d2bb) x5  0xffffffff80004014
core   0: 0x0000000080004072 (0xa3718c53) fle.d   s8, ft3, fs7
core   0: 1 0x0000000080004072 (0xa3718c53) c1_fflags 0x0000000000000011 x24 0x0000000000000000
core   0: 0x0000000080004076 (0xd21e8953) fcvt.d.wu fs2, t4
core   0: 1 0x0000000080004076 (0xd21e8953) f18 0x0000000000000000
core   0: 0x000000008000407a (0x41888dbb) subw    s11, a7, s8
core   0: 1 0x000000008000407a (0x41888dbb) x27 0xffffffffc8227740
core   0: 0x000000008000407e (0x407cdcbb) sraw    s9, s9, t2
core   0: 1 0x000000008000407e (0x407cdcbb) x25 0x0000000000000000
core   0: 0x0000000080004082 (0x01bcd633) srl     a2, s9, s11
core   0: 1 0x0000000080004082 (0x01bcd633) x12 0x0000000000000000
core   0: 0x0000000080004086 (0x0024013b) addw    sp, s0, sp
core   0: 1 0x0000000080004086 (0x0024013b) x2  0x0000000000063fd0
core   0: 0x000000008000408a (0x0356623b) remw    tp, a2, s5
core   0: 1 0x000000008000408a (0x0356623b) x4  0x0000000000000000
core   0: 0x000000008000408e (0xc20e72d3) fcvt.w.d t0, ft8
core   0: 1 0x000000008000408e (0xc20e72d3) c1_fflags 0x0000000000000011 x5  0x000000007fffffff
core   0: 0x0000000080004092 (0x5a027b53) fsqrt.d fs6, ft4
core   0: 1 0x0000000080004092 (0x5a027b53) f22 0x7ff8000000000000
core   0: 0x0000000080004096 (0x41a1581b) sraiw   a6, sp, 26
core   0: 1 0x0000000080004096 (0x41a1581b) x16 0x0000000000000000
core   0: 0x000000008000409a (0x22c217d3) fsgnjn.d fa5, ft4, fa2
core   0: 1 0x000000008000409a (0x22c217d3) f15 0x7fffffff00000000
core   0: 0x000000008000409e (0x0004d49b) srliw   s1, s1, 0
core   0: 1 0x000000008000409e (0x0004d49b) x9  0x0000000000000000
core   0: 0x00000000800040a2 (0x02e72633) mulhsu  a2, a4, a4
core   0: 1 0x00000000800040a2 (0x02e72633) x12 0x0000000000000000
core   0: 0x00000000800040a6 (0x40165413) srai    s0, a2, 1
core   0: 1 0x00000000800040a6 (0x40165413) x8  0x0000000000000000
core   0: 0x00000000800040aa (0x01640a3b) addw    s4, s0, s6
core   0: 1 0x00000000800040aa (0x01640a3b) x20 0x0000000000000000
core   0: 0x00000000800040ae (0x00000001) c.nop
core   0: 1 0x00000000800040ae (0x0001)
core   0: 0x00000000800040b0 (0x00202d73) csrrs   s10, frm, zero
core   0: 1 0x00000000800040b0 (0x00202d73) x26 0x0000000000000001
core   0: 0x00000000800040b4 (0xd21d0b53) fcvt.d.wu fs6, s10
core   0: 1 0x00000000800040b4 (0xd21d0b53) f22 0x3ff0000000000000
core   0: 0x00000000800040b8 (0x00f7d893) srli    a7, a5, 15
core   0: 1 0x00000000800040b8 (0x00f7d893) x17 0x0000000000010000
core   0: 0x00000000800040bc (0xc3d60b1b) addiw   s6, a2, -963
core   0: 1 0x00000000800040bc (0xc3d60b1b) x22 0xfffffffffffffc3d
core   0: 0x00000000800040c0 (0x00289273) csrrw   tp, frm, a7
core   0: 1 0x00000000800040c0 (0x00289273) x4  0x0000000000000001 c2_frm 0x0000000000000000
core   0: 0x00000000800040c4 (0xe40e6e13) ori     t3, t3, -448
core   0: 1 0x00000000800040c4 (0xe40e6e13) x28 0xfffffffffffffe40
core   0: 0x00000000800040c8 (0x0bdffcd3) fsub.d  fs9, ft11, ft9
core   0: 1 0x00000000800040c8 (0x0bdffcd3) f25 0x7ff8000000000000
core   0: 0x00000000800040cc (0x00211cb3) sll     s9, sp, sp
core   0: 1 0x00000000800040cc (0x00211cb3) x25 0x000000063fd00000
core   0: 0x00000000800040d0 (0x5a0ef453) fsqrt.d fs0, ft9
core   0: 1 0x00000000800040d0 (0x5a0ef453) f8  0x7ff8000000000000
core   0: 0x00000000800040d4 (0x011478b3) and     a7, s0, a7
core   0: 1 0x00000000800040d4 (0x011478b3) x17 0x0000000000000000
core   0: 0x00000000800040d8 (0x013d6b33) or      s6, s10, s3
core   0: 1 0x00000000800040d8 (0x013d6b33) x22 0x0000000000000001
core   0: 0x00000000800040dc (0xd2098953) fcvt.d.w fs2, s3
core   0: 1 0x00000000800040dc (0xd2098953) f18 0x0000000000000000
core   0: 0x00000000800040e0 (0xe20d1953) fclass.d s2, fs10
core   0: 1 0x00000000800040e0 (0xe20d1953) x18 0x0000000000000200
core   0: 0x00000000800040e4 (0x01aad133) srl     sp, s5, s10
core   0: 1 0x00000000800040e4 (0x01aad133) x2  0x0000000000000000
core   0: 0x00000000800040e8 (0xd20a8e53) fcvt.d.w ft8, s5
core   0: 1 0x00000000800040e8 (0xd20a8e53) f28 0x0000000000000000
core   0: 0x00000000800040ec (0x033d6cb3) rem     s9, s10, s3
core   0: 1 0x00000000800040ec (0x033d6cb3) x25 0x0000000000000001
core   0: 0x00000000800040f0 (0x238916d3) fsgnjn.d fa3, fs2, fs8
core   0: 1 0x00000000800040f0 (0x238916d3) f13 0x8000000000000000
core   0: 0x00000000800040f4 (0x00d89ebb) sllw    t4, a7, a3
core   0: 1 0x00000000800040f4 (0x00d89ebb) x29 0x0000000000000000
core   0: 0x00000000800040f8 (0x41ced81b) sraiw   a6, t4, 28
core   0: 1 0x00000000800040f8 (0x41ced81b) x16 0x0000000000000000
core   0: 0x00000000800040fc (0x7ff86113) ori     sp, a6, 2047
core   0: 1 0x00000000800040fc (0x7ff86113) x2  0x00000000000007ff
core   0: 0x0000000080004100 (0x0169d81b) srliw   a6, s3, 22
core   0: 1 0x0000000080004100 (0x0169d81b) x16 0x0000000000000000
core   0: 0x0000000080004104 (0x1ba67d93) andi    s11, a2, 442
core   0: 1 0x0000000080004104 (0x1ba67d93) x27 0x0000000000000000
core   0: 0x0000000080004108 (0x417c5133) sra     sp, s8, s7
core   0: 1 0x0000000080004108 (0x417c5133) x2  0x0000000000000000
core   0: 0x000000008000410c (0xd23bf253) fcvt.d.lu ft4, s7
core   0: 1 0x000000008000410c (0xd23bf253) f4  0x0000000000000000
core   0: 0x0000000080004110 (0x027a7ad3) fadd.d  fs5, fs4, ft7
core   0: 1 0x0000000080004110 (0x027a7ad3) f21 0x7ff8000000000000
core   0: 0x0000000080004114 (0x236d09d3) fsgnj.d fs3, fs10, fs6
core   0: 1 0x0000000080004114 (0x236d09d3) f19 0x7fffffff00000000
core   0: 0x0000000080004118 (0x01178c3b) addw    s8, a5, a7
core   0: 1 0x0000000080004118 (0x01178c3b) x24 0xffffffff80004062
core   0: 0x000000008000411c (0x00202773) csrrs   a4, frm, zero
core   0: 1 0x000000008000411c (0x00202773) x14 0x0000000000000000
core   0: 0x0000000080004120 (0xbda68693) addi    a3, a3, -1062
core   0: 1 0x0000000080004120 (0xbda68693) x13 0xfffffffffffffbda
core   0: 0x0000000080004124 (0x01539933) sll     s2, t2, s5
core   0: 1 0x0000000080004124 (0x01539933) x18 0x0000000000000000
core   0: 0x0000000080004128 (0x4118d9b3) sra     s3, a7, a7
core   0: 1 0x0000000080004128 (0x4118d9b3) x19 0x0000000000000000
core   0: 0x000000008000412c (0x4007d23b) sraw    tp, a5, zero
core   0: 1 0x000000008000412c (0x4007d23b) x4  0xffffffff80004062
core   0: 0x0000000080004130 (0x0173dbb3) srl     s7, t2, s7
core   0: 1 0x0000000080004130 (0x0173dbb3) x23 0x0000000000000000
core   0: 0x0000000080004134 (0x0210e133) rem     sp, ra, ra
core   0: 1 0x0000000080004134 (0x0210e133) x2  0x0000000000000000
core   0: 0x0000000080004138 (0xd02bff53) fcvt.s.l ft10, s7
core   0: 1 0x0000000080004138 (0xd02bff53) f30 0xffffffff00000000
core   0: 0x000000008000413c (0x13e3f053) fmul.d  ft0, ft7, ft10
core   0: 1 0x000000008000413c (0x13e3f053) f0  0x7ff8000000000000
core   0: 0x0000000080004140 (0x00102573) csrrs   a0, fflags, zero
core   0: 1 0x0000000080004140 (0x00102573) x10 0x0000000000000011
core   0: 0x0000000080004144 (0x03a1ad33) mulhsu  s10, gp, s10
core   0: 1 0x0000000080004144 (0x03a1ad33) x26 0x0000000000000000
core   0: 0x0000000080004148 (0x00bc6833) or      a6, s8, a1
core   0: 1 0x0000000080004148 (0x00bc6833) x16 0xfffffffff149fb73
core   0: 0x000000008000414c (0x4019d79b) sraiw   a5, s3, 1
core   0: 1 0x000000008000414c (0x4019d79b) x15 0x0000000000000000
core   0: 0x0000000080004150 (0x41988cb3) sub     s9, a7, s9
core   0: 1 0x0000000080004150 (0x41988cb3) x25 0xffffffffffffffff
core   0: 0x0000000080004154 (0xfd869c37) lui     s8, 0xfd869
core   0: 1 0x0000000080004154 (0xfd869c37) x24 0xfffffffffd869000
core   0: 0x0000000080004158 (0x2b5c0c1b) addiw   s8, s8, 693
core   0: 1 0x0000000080004158 (0x2b5c0c1b) x24 0xfffffffffd8692b5
core   0: 0x000000008000415c (0x00000c36) c.slli  s8, 13
core   0: 1 0x000000008000415c (0x0c36) x24 0xffffffb0d256a000
core   0: 0x000000008000415e (0x60bc0c13) addi    s8, s8, 1547
core   0: 1 0x000000008000415e (0x60bc0c13) x24 0xffffffb0d256a60b
core   0: 0x0000000080004162 (0x00261973) csrrw   s2, frm, a2
core   0: 1 0x0000000080004162 (0x00261973) x18 0x0000000000000000 c2_frm 0x0000000000000000
core   0: 0x0000000080004166 (0x402bde13) srai    t3, s7, 2
core   0: 1 0x0000000080004166 (0x402bde13) x28 0x0000000000000000
core   0: 0x000000008000416a (0x40e9591b) sraiw   s2, s2, 14
core   0: 1 0x000000008000416a (0x40e9591b) x18 0x0000000000000000
core   0: 0x000000008000416e (0x01331cb3) sll     s9, t1, s3
core   0: 1 0x000000008000416e (0x01331cb3) x25 0x000000007fffffff
core   0: 0x0000000080004172 (0x019b5dbb) srlw    s11, s6, s9
core   0: 1 0x0000000080004172 (0x019b5dbb) x27 0x0000000000000000
core   0: 0x0000000080004176 (0x01411a93) slli    s5, sp, 20
core   0: 1 0x0000000080004176 (0x01411a93) x21 0x0000000000000000
core   0: 0x000000008000417a (0x140ebef3) csrrc   t4, sscratch, t4
core   0: 1 0x000000008000417a (0x140ebef3) x29 0x0000000000000000 c320_sscratch 0x0000000000000000
core   0: 0x000000008000417e (0xd02dfc53) fcvt.s.l fs8, s11
core   0: 1 0x000000008000417e (0xd02dfc53) f24 0xffffffff00000000
core   0: 0x0000000080004182 (0x03c57e53) fadd.d  ft8, fa0, ft8
core   0: 1 0x0000000080004182 (0x03c57e53) f28 0x7ff8000000000000
core   0: 0x0000000080004186 (0x01c91933) sll     s2, s2, t3
core   0: 1 0x0000000080004186 (0x01c91933) x18 0x0000000000000000
core   0: 0x000000008000418a (0x00225ab3) srl     s5, tp, sp
core   0: 1 0x000000008000418a (0x00225ab3) x21 0xffffffff80004062
core   0: 0x000000008000418e (0x43695a13) srai    s4, s2, 54
core   0: 1 0x000000008000418e (0x43695a13) x20 0x0000000000000000
core   0: 0x0000000080004192 (0xd2188053) fcvt.d.wu ft0, a7
core   0: 1 0x0000000080004192 (0xd2188053) f0  0x0000000000000000
core   0: 0x0000000080004196 (0x730e3537) lui     a0, 0x730e3
core   0: 1 0x0000000080004196 (0x730e3537) x10 0x00000000730e3000
core   0: 0x000000008000419a (0x0127f7b3) and     a5, a5, s2
core   0: 1 0x000000008000419a (0x0127f7b3) x15 0x0000000000000000
core   0: 0x000000008000419e (0x1b29fecf) fnmadd.d ft9, fs3, fs2, ft3
core   0: 1 0x000000008000419e (0x1b29fecf) f29 0x7ff8000000000000
core   0: 0x00000000800041a2 (0x00f999bb) sllw    s3, s3, a5
core   0: 1 0x00000000800041a2 (0x00f999bb) x19 0x0000000000000000
core   0: 0x00000000800041a6 (0x00199df3) csrrw   s11, fflags, s3
core   0: 1 0x00000000800041a6 (0x00199df3) x27 0x0000000000000011 c1_fflags 0x0000000000000000
core   0: 0x00000000800041aa (0x1ac7fd53) fdiv.d  fs10, fa5, fa2
core   0: 1 0x00000000800041aa (0x1ac7fd53) f26 0x7ff8000000000000
core   0: 0x00000000800041ae (0xd22cfed3) fcvt.d.l ft9, s9
core   0: 1 0x00000000800041ae (0xd22cfed3) f29 0x41dfffffffc00000
core   0: 0x00000000800041b2 (0xc03ef553) fcvt.lu.s a0, ft9
core   0: 1 0x00000000800041b2 (0xc03ef553) c1_fflags 0x0000000000000010 x10 0xffffffffffffffff
core   0: 0x00000000800041b6 (0x025e11b3) mulh    gp, t3, t0
core   0: 1 0x00000000800041b6 (0x025e11b3) x3  0x0000000000000000
core   0: 0x00000000800041ba (0x02bbaab3) mulhsu  s5, s7, a1
core   0: 1 0x00000000800041ba (0x02bbaab3) x21 0x0000000000000000
core   0: 0x00000000800041be (0x7ff70413) addi    s0, a4, 2047
core   0: 1 0x00000000800041be (0x7ff70413) x8  0x00000000000007ff
core   0: 0x00000000800041c2 (0xc81cf473) csrrci  s0, timeh, 25
core   0: exception trap_illegal_instruction, epc 0x00000000800041c2
core   0:           tval 0x00000000c81cf473
core   0: >>>>  $xrv64i2p1_m2p0_a2p1_f2p2_d2p2_zicsr2p0_zifencei2p0_zmmul1p0_zba1p0_zbb1p0_zbc1p0_zbs1p0
core   0: 0x0000000080004000 (0x0080006f) j       pc + 0x8
core   0: 3 0x0000000080004000 (0x0080006f)
core   0: >>>>  mmode_exception_handler
core   0: 0x0000000080004008 (0x00002c17) auipc   s8, 0x2
core   0: 3 0x0000000080004008 (0x00002c17) x24 0x0000000080006008
core   0: 0x000000008000400c (0x0d6c0c13) addi    s8, s8, 214
core   0: 3 0x000000008000400c (0x0d6c0c13) x24 0x00000000800060de
core   0: 0x0000000080004010 (0x000c00e7) jalr    s8
core   0: 3 0x0000000080004010 (0x000c00e7) x1  0x0000000080004014
core   0: >>>>  any_handler
core   0: 0x00000000800060de (0x341027f3) csrrs   a5, mepc, zero
core   0: 3 0x00000000800060de (0x341027f3) x15 0x00000000800041c2
core   0: 0x00000000800060e2 (0x34202773) csrrs   a4, mcause, zero
core   0: 3 0x00000000800060e2 (0x34202773) x14 0x0000000000000002
core   0: 0x00000000800060e6 (0x142026f3) csrrs   a3, scause, zero
core   0: 3 0x00000000800060e6 (0x142026f3) x13 0x0000000000000000
core   0: 0x00000000800060ea (0x30402673) csrrs   a2, mie, zero
core   0: 3 0x00000000800060ea (0x30402673) x12 0x0000000000000a00
core   0: 0x00000000800060ee (0x344025f3) csrrs   a1, mip, zero
core   0: 3 0x00000000800060ee (0x344025f3) x11 0x0000000000000080
core   0: 0x00000000800060f2 (0x343025f3) csrrs   a1, mtval, zero
core   0: 3 0x00000000800060f2 (0x343025f3) x11 0x00000000c81cf473
core   0: 0x00000000800060f6 (0x14302573) csrrs   a0, stval, zero
core   0: 3 0x00000000800060f6 (0x14302573) x10 0x0000000000000000
core   0: 0x00000000800060fa (0xb02024f3) csrrs   s1, minstret, zero
core   0: 3 0x00000000800060fa (0xb02024f3) x9  0x0000000000000840
core   0: 0x00000000800060fe (0x0000a811) c.j     pc + 20
core   0: 3 0x00000000800060fe (0xa811)
core   0: >>>>  mepc_4
core   0: 0x0000000080006112 (0x00000791) c.addi  a5, 4
core   0: 3 0x0000000080006112 (0x0791) x15 0x00000000800041c6
core   0: 0x0000000080006114 (0x34179073) csrrw   zero, mepc, a5
core   0: 3 0x0000000080006114 (0x34179073) c833_mepc 0x00000000800041c6
core   0: 0x0000000080006118 (0x30200073) mret
core   0: 3 0x0000000080006118 (0x30200073) c768_mstatus 0x8000000a00106080
core   0: 0x00000000800041c6 (0xc208f3d3) fcvt.w.d t2, fa7
core   0: 1 0x00000000800041c6 (0xc208f3d3) c1_fflags 0x0000000000000010 x7  0x000000007fffffff
core   0: 0x00000000800041ca (0x401578d3) fcvt.s.d fa7, fa0
core   0: 1 0x00000000800041ca (0x401578d3) f17 0xffffffff7fc00000
core   0: 0x00000000800041ce (0x238090d3) fsgnjn.d ft1, ft1, fs8
core   0: 1 0x00000000800041ce (0x238090d3) f1  0x7fffffff00000000
core   0: 0x00000000800041d2 (0xca12f2c3) fmadd.d ft5, ft5, ft1, fs9
core   0: 1 0x00000000800041d2 (0xca12f2c3) f5  0x7ff8000000000000
core   0: 0x00000000800041d6 (0x02231a37) lui     s4, 0x2231
core   0: 1 0x00000000800041d6 (0x02231a37) x20 0x0000000002231000
core   0: 0x00000000800041da (0x91fa0a1b) addiw   s4, s4, -1761
core   0: 1 0x00000000800041da (0x91fa0a1b) x20 0x000000000223091f
core   0: 0x00000000800041de (0x00000a36) c.slli  s4, 13
core   0: 1 0x00000000800041de (0x0a36) x20 0x000000446123e000
core   0: 0x00000000800041e0 (0x5e0a0a13) addi    s4, s4, 1504
core   0: 1 0x00000000800041e0 (0x5e0a0a13) x20 0x000000446123e5e0
core   0: 0x00000000800041e4 (0xe2008953) fmv.x.d s2, ft1
core   0: 1 0x00000000800041e4 (0xe2008953) x18 0x7fffffff00000000
core   0: 0x00000000800041e8 (0x40ad5733) sra     a4, s10, a0
core   0: 1 0x00000000800041e8 (0x40ad5733) x14 0x0000000000000000
core   0: 0x00000000800041ec (0x02b40233) mul     tp, s0, a1
core   0: 1 0x00000000800041ec (0x02b40233) x4  0x000006401f86a38d
core   0: 0x00000000800041f0 (0x00f251bb) srlw    gp, tp, a5
core   0: 1 0x00000000800041f0 (0x00f251bb) x3  0x00000000007e1a8e
core   0: 0x00000000800041f4 (0xfff26493) ori     s1, tp, -1
core   0: 1 0x00000000800041f4 (0xfff26493) x9  0xffffffffffffffff
core   0: 0x00000000800041f8 (0x109cc697) auipc   a3, 0x109cc
core   0: 1 0x00000000800041f8 (0x109cc697) x13 0x00000000909d01f8
core   0: 0x00000000800041fc (0x0000103b) sllw    zero, zero, zero
core   0: 1 0x00000000800041fc (0x0000103b)
core   0: 0x0000000080004200 (0x40ae5e3b) sraw    t3, t3, a0
core   0: 1 0x0000000080004200 (0x40ae5e3b) x28 0x0000000000000000
core   0: 0x0000000080004204 (0x01cb97bb) sllw    a5, s7, t3
core   0: 1 0x0000000080004204 (0x01cb97bb) x15 0x0000000000000000
core   0: 0x0000000080004208 (0xc038f0d3) fcvt.lu.s ra, fa7
core   0: 1 0x0000000080004208 (0xc038f0d3) c1_fflags 0x0000000000000010 x1  0xffffffffffffffff
core   0: 0x000000008000420c (0xfbd45cb7) lui     s9, 0xfbd45
core   0: 1 0x000000008000420c (0xfbd45cb7) x25 0xfffffffffbd45000
core   0: 0x0000000080004210 (0x977c8c9b) addiw   s9, s9, -1673
core   0: 1 0x0000000080004210 (0x977c8c9b) x25 0xfffffffffbd44977
core   0: 0x0000000080004214 (0x00000cb2) c.slli  s9, 12
core   0: 1 0x0000000080004214 (0x0cb2) x25 0xffffffbd44977000
core   0: 0x0000000080004216 (0xf40c8c93) addi    s9, s9, -192
core   0: 1 0x0000000080004216 (0xf40c8c93) x25 0xffffffbd44976f40
core   0: 0x000000008000421a (0x01cd51b3) srl     gp, s10, t3
core   0: 1 0x000000008000421a (0x01cd51b3) x3  0x0000000000000000
core   0: 0x000000008000421e (0x02138b33) mul     s6, t2, ra
core   0: 1 0x000000008000421e (0x02138b33) x22 0xffffffff80000001
core   0: 0x0000000080004222 (0xf20e0653) fmv.d.x fa2, t3
core   0: 1 0x0000000080004222 (0xf20e0653) f12 0x0000000000000000
core   0: 0x0000000080004226 (0x2bb29997) auipc   s3, 0x2bb29
core   0: 1 0x0000000080004226 (0x2bb29997) x19 0x00000000abb2d226
core   0: 0x000000008000422a (0xd20b0ed3) fcvt.d.w ft9, s6
core   0: 1 0x000000008000422a (0xd20b0ed3) f29 0xc1dfffffffc00000
core   0: 0x000000008000422e (0x01d3c833) xor     a6, t2, t4
core   0: 1 0x000000008000422e (0x01d3c833) x16 0x000000007fffffff
core   0: 0x0000000080004232 (0x42765813) srai    a6, a2, 39
core   0: 1 0x0000000080004232 (0x42765813) x16 0x0000000000000000
core   0: 0x0000000080004236 (0xc22ef753) fcvt.l.d a4, ft9
core   0: 1 0x0000000080004236 (0xc22ef753) x14 0xffffffff80000001
core   0: 0x000000008000423a (0xc03efdd3) fcvt.lu.s s11, ft9
core   0: 1 0x000000008000423a (0xc03efdd3) c1_fflags 0x0000000000000010 x27 0xffffffffffffffff
core   0: 0x000000008000423e (0xd02efdd3) fcvt.s.l fs11, t4
core   0: 1 0x000000008000423e (0xd02efdd3) f27 0xffffffff00000000
core   0: 0x0000000080004242 (0xc22ef453) fcvt.l.d s0, ft9
core   0: 1 0x0000000080004242 (0xc22ef453) x8  0xffffffff80000001
core   0: 0x0000000080004246 (0x400ed513) srai    a0, t4, 0
core   0: 1 0x0000000080004246 (0x400ed513) x10 0x0000000000000000
core   0: 0x000000008000424a (0x0386ccb3) div     s9, a3, s8
core   0: 1 0x000000008000424a (0x0386ccb3) x25 0x0000000000000001
core   0: 0x000000008000424e (0x00102673) csrrs   a2, fflags, zero
core   0: 1 0x000000008000424e (0x00102673) x12 0x0000000000000010
core   0: 0x0000000080004252 (0x0180cc33) xor     s8, ra, s8
core   0: 1 0x0000000080004252 (0x0180cc33) x24 0xffffffff7fff9f21
core   0: 0x0000000080004256 (0x40d68dbb) subw    s11, a3, a3
core   0: 1 0x0000000080004256 (0x40d68dbb) x27 0x0000000000000000
core   0: 0x000000008000425a (0x002a1773) csrrw   a4, frm, s4
core   0: 1 0x000000008000425a (0x002a1773) x14 0x0000000000000000 c2_frm 0x0000000000000000
core   0: 0x000000008000425e (0x00dde2b3) or      t0, s11, a3
core   0: 1 0x000000008000425e (0x00dde2b3) x5  0x00000000909d01f8
core   0: 0x0000000080004262 (0x00095b13) srli    s6, s2, 0
core   0: 1 0x0000000080004262 (0x00095b13) x22 0x7fffffff00000000
core   0: 0x0000000080004266 (0x1bbdfe53) fdiv.d  ft8, fs11, fs11
core   0: 1 0x0000000080004266 (0x1bbdfe53) f28 0x7ff8000000000000
core   0: 0x000000008000426a (0x42038c53) fcvt.d.s fs8, ft7
core   0: 1 0x000000008000426a (0x42038c53) f24 0x0000000000000000
core   0: 0x000000008000426e (0x01fbd99b) srliw   s3, s7, 31
core   0: 1 0x000000008000426e (0x01fbd99b) x19 0x0000000000000000
core   0: 0x0000000080004272 (0x038b1093) slli    ra, s6, 56
core   0: 1 0x0000000080004272 (0x038b1093) x1  0x0000000000000000
core   0: 0x0000000080004276 (0x0328493b) divw    s2, a6, s2
core   0: 1 0x0000000080004276 (0x0328493b) x18 0xffffffffffffffff
core   0: 0x000000008000427a (0x0209e5bb) remw    a1, s3, zero
core   0: 1 0x000000008000427a (0x0209e5bb) x11 0x0000000000000000
core   0: 0x000000008000427e (0xd2347453) fcvt.d.lu fs0, s0
core   0: 1 0x000000008000427e (0xd2347453) c1_fflags 0x0000000000000011 f8  0x43effffffff00000
core   0: 0x0000000080004282 (0x00159373) csrrw   t1, fflags, a1
core   0: 1 0x0000000080004282 (0x00159373) x6  0x0000000000000011 c1_fflags 0x0000000000000000
core   0: 0x0000000080004286 (0x0314e2bb) remw    t0, s1, a7
core   0: 1 0x0000000080004286 (0x0314e2bb) x5  0xffffffffffffffff
core   0: 0x000000008000428a (0x41f55a1b) sraiw   s4, a0, 31
core   0: 1 0x000000008000428a (0x41f55a1b) x20 0x0000000000000000
core   0: 0x000000008000428e (0x59ba4a93) xori    s5, s4, 1435
core   0: 1 0x000000008000428e (0x59ba4a93) x21 0x000000000000059b
core   0: 0x0000000080004292 (0x0364623b) remw    tp, s0, s6
core   0: 1 0x0000000080004292 (0x0364623b) x4  0xffffffff80000001
core   0: 0x0000000080004296 (0x00dc98bb) sllw    a7, s9, a3
core   0: 1 0x0000000080004296 (0x00dc98bb) x17 0x0000000001000000
core   0: 0x000000008000429a (0xd02cfdd3) fcvt.s.l fs11, s9
core   0: 1 0x000000008000429a (0xd02cfdd3) f27 0xffffffff3f800000
core   0: 0x000000008000429e (0xc020f953) fcvt.l.s s2, ft1
core   0: 1 0x000000008000429e (0xc020f953) c1_fflags 0x0000000000000010 x18 0x7fffffffffffffff
core   0: 0x00000000800042a2 (0xc20a7cd3) fcvt.w.d s9, fs4
core   0: 1 0x00000000800042a2 (0xc20a7cd3) c1_fflags 0x0000000000000010 x25 0x000000007fffffff
core   0: 0x00000000800042a6 (0x028ba433) mulhsu  s0, s7, s0
core   0: 1 0x00000000800042a6 (0x028ba433) x8  0x0000000000000000
core   0: 0x00000000800042aa (0xbcd5859b) addiw   a1, a1, -1075
core   0: 1 0x00000000800042aa (0xbcd5859b) x11 0xfffffffffffffbcd
core   0: 0x00000000800042ae (0xf20b8b53) fmv.d.x fs6, s7
core   0: 1 0x00000000800042ae (0xf20b8b53) f22 0x0000000000000000
core   0: 0x00000000800042b2 (0xe5e0891b) addiw   s2, ra, -418
core   0: 1 0x00000000800042b2 (0xe5e0891b) x18 0xfffffffffffffe5e
core   0: 0x00000000800042b6 (0x22eb0053) fsgnj.d ft0, fs6, fa4
core   0: 1 0x00000000800042b6 (0x22eb0053) f0  0x8000000000000000
core   0: 0x00000000800042ba (0xd20d8753) fcvt.d.w fa4, s11
core   0: 1 0x00000000800042ba (0xd20d8753) f14 0x0000000000000000
core   0: 0x00000000800042be (0x0b607c53) fsub.d  fs8, ft0, fs6
core   0: 1 0x00000000800042be (0x0b607c53) f24 0x8000000000000000
core   0: 0x00000000800042c2 (0x0109533b) srlw    t1, s2, a6
core   0: 1 0x00000000800042c2 (0x0109533b) x6  0xfffffffffffffe5e
core   0: 0x00000000800042c6 (0xc238f3d3) fcvt.lu.d t2, fa7
core   0: 1 0x00000000800042c6 (0xc238f3d3) c1_fflags 0x0000000000000010 x7  0xffffffffffffffff
core   0: 0x00000000800042ca (0x00148c93) addi    s9, s1, 1
core   0: 1 0x00000000800042ca (0x00148c93) x25 0x0000000000000000
core   0: 0x00000000800042ce (0x02a1ff53) fadd.d  ft10, ft3, fa0
core   0: 1 0x00000000800042ce (0x02a1ff53) f30 0x7ff8000000000000
core   0: 0x00000000800042d2 (0x5a5c9617) auipc   a2, 0x5a5c9
core   0: 1 0x00000000800042d2 (0x5a5c9617) x12 0x00000000da5cd2d2
core   0: 0x00000000800042d6 (0x038e2133) mulhsu  sp, t3, s8
core   0: 1 0x00000000800042d6 (0x038e2133) x2  0x0000000000000000
core   0: 0x00000000800042da (0xd023f153) fcvt.s.l ft2, t2
core   0: 1 0x00000000800042da (0xd023f153) f2  0xffffffffbf800000
core   0: 0x00000000800042de (0x01d57db3) and     s11, a0, t4
core   0: 1 0x00000000800042de (0x01d57db3) x27 0x0000000000000000
core   0: 0x00000000800042e2 (0x40185813) srai    a6, a6, 1
core   0: 1 0x00000000800042e2 (0x40185813) x16 0x0000000000000000
core   0: 0x00000000800042e6 (0x22860ad3) fsgnj.d fs5, fa2, fs0
core   0: 1 0x00000000800042e6 (0x22860ad3) f21 0x0000000000000000
core   0: 0x00000000800042ea (0xc2067153) fcvt.w.d sp, fa2
core   0: 1 0x00000000800042ea (0xc2067153) x2  0x0000000000000000
core   0: 0x00000000800042ee (0x7b09a973) csrrs   s2, dcsr, s3
core   0: exception trap_illegal_instruction, epc 0x00000000800042ee
core   0:           tval 0x000000007b09a973
core   0: >>>>  $xrv64i2p1_m2p0_a2p1_f2p2_d2p2_zicsr2p0_zifencei2p0_zmmul1p0_zba1p0_zbb1p0_zbc1p0_zbs1p0
core   0: 0x0000000080004000 (0x0080006f) j       pc + 0x8
core   0: 3 0x0000000080004000 (0x0080006f)
core   0: >>>>  mmode_exception_handler
core   0: 0x0000000080004008 (0x00002c17) auipc   s8, 0x2
core   0: 3 0x0000000080004008 (0x00002c17) x24 0x0000000080006008
core   0: 0x000000008000400c (0x0d6c0c13) addi    s8, s8, 214
core   0: 3 0x000000008000400c (0x0d6c0c13) x24 0x00000000800060de
core   0: 0x0000000080004010 (0x000c00e7) jalr    s8
core   0: 3 0x0000000080004010 (0x000c00e7) x1  0x0000000080004014
core   0: >>>>  any_handler
core   0: 0x00000000800060de (0x341027f3) csrrs   a5, mepc, zero
core   0: 3 0x00000000800060de (0x341027f3) x15 0x00000000800042ee
core   0: 0x00000000800060e2 (0x34202773) csrrs   a4, mcause, zero
core   0: 3 0x00000000800060e2 (0x34202773) x14 0x0000000000000002
core   0: 0x00000000800060e6 (0x142026f3) csrrs   a3, scause, zero
core   0: 3 0x00000000800060e6 (0x142026f3) x13 0x0000000000000000
core   0: 0x00000000800060ea (0x30402673) csrrs   a2, mie, zero
core   0: 3 0x00000000800060ea (0x30402673) x12 0x0000000000000a00
core   0: 0x00000000800060ee (0x344025f3) csrrs   a1, mip, zero
core   0: 3 0x00000000800060ee (0x344025f3) x11 0x0000000000000080
core   0: 0x00000000800060f2 (0x343025f3) csrrs   a1, mtval, zero
core   0: 3 0x00000000800060f2 (0x343025f3) x11 0x000000007b09a973
core   0: 0x00000000800060f6 (0x14302573) csrrs   a0, stval, zero
core   0: 3 0x00000000800060f6 (0x14302573) x10 0x0000000000000000
core   0: 0x00000000800060fa (0xb02024f3) csrrs   s1, minstret, zero
core   0: 3 0x00000000800060fa (0xb02024f3) x9  0x000000000000089b
core   0: 0x00000000800060fe (0x0000a811) c.j     pc + 20
core   0: 3 0x00000000800060fe (0xa811)
core   0: >>>>  mepc_4
core   0: 0x0000000080006112 (0x00000791) c.addi  a5, 4
core   0: 3 0x0000000080006112 (0x0791) x15 0x00000000800042f2
core   0: 0x0000000080006114 (0x34179073) csrrw   zero, mepc, a5
core   0: 3 0x0000000080006114 (0x34179073) c833_mepc 0x00000000800042f2
core   0: 0x0000000080006118 (0x30200073) mret
core   0: 3 0x0000000080006118 (0x30200073) c768_mstatus 0x8000000a00106080
core   0: 0x00000000800042f2 (0x23b08fd3) fsgnj.d ft11, ft1, fs11
core   0: 1 0x00000000800042f2 (0x23b08fd3) f31 0xffffffff00000000
core   0: 0x00000000800042f6 (0x026352b3) divu    t0, t1, t1
core   0: 1 0x00000000800042f6 (0x026352b3) x5  0x0000000000000001
core   0: 0x00000000800042fa (0xf3cf74c7) fmsub.d fs1, ft10, ft8, ft10
core   0: 1 0x00000000800042fa (0xf3cf74c7) f9  0x7ff8000000000000
core   0: 0x00000000800042fe (0x5a037c53) fsqrt.d fs8, ft6
core   0: 1 0x00000000800042fe (0x5a037c53) f24 0x7ff8000000000000
core   0: 0x0000000080004302 (0xd222f453) fcvt.d.l fs0, t0
core   0: 1 0x0000000080004302 (0xd222f453) f8  0x3ff0000000000000
core   0: 0x0000000080004306 (0x00102ef3) csrrs   t4, fflags, zero
core   0: 1 0x0000000080004306 (0x00102ef3) x29 0x0000000000000010
core   0: 0x000000008000430a (0x00e9973b) sllw    a4, s3, a4
core   0: 1 0x000000008000430a (0x00e9973b) x14 0x0000000000000000
core   0: 0x000000008000430e (0x00d682bb) addw    t0, a3, a3
core   0: 1 0x000000008000430e (0x00d682bb) x5  0x0000000000000000
core   0: 0x0000000080004312 (0x41addb1b) sraiw   s6, s11, 26
core   0: 1 0x0000000080004312 (0x41addb1b) x22 0x0000000000000000
core   0: 0x0000000080004316 (0xf20d8f53) fmv.d.x ft10, s11
core   0: 1 0x0000000080004316 (0xf20d8f53) f30 0x0000000000000000
core   0: 0x000000008000431a (0x405dd4bb) sraw    s1, s11, t0
core   0: 1 0x000000008000431a (0x405dd4bb) x9  0x0000000000000000
core   0: 0x000000008000431e (0x136b7b53) fmul.d  fs6, fs6, fs6
core   0: 1 0x000000008000431e (0x136b7b53) f22 0x0000000000000000
core   0: 0x0000000080004322 (0xfff7fd13) andi    s10, a5, -1
core   0: 1 0x0000000080004322 (0xfff7fd13) x26 0x00000000800042f2
core   0: 0x0000000080004326 (0x0090951b) slliw   a0, ra, 9
core   0: 1 0x0000000080004326 (0x0090951b) x10 0x0000000000802800
core   0: 0x000000008000432a (0x0162eb33) or      s6, t0, s6
core   0: 1 0x000000008000432a (0x0162eb33) x22 0x0000000000000000
core   0: 0x000000008000432e (0x419cd39b) sraiw   t2, s9, 25
core   0: 1 0x000000008000432e (0x419cd39b) x7  0x0000000000000000
core   0: 0x0000000080004332 (0x03a8eabb) remw    s5, a7, s10
core   0: 1 0x0000000080004332 (0x03a8eabb) x21 0x0000000001000000
core   0: 0x0000000080004336 (0x73e3f74f) fnmadd.d fa4, ft7, ft10, fa4
core   0: 1 0x0000000080004336 (0x73e3f74f) f14 0x7ff8000000000000
core   0: 0x000000008000433a (0xc21b75d3) fcvt.wu.d a1, fs6
core   0: 1 0x000000008000433a (0xc21b75d3) x11 0x0000000000000000
core   0: 0x000000008000433e (0x02192233) mulhsu  tp, s2, ra
core   0: 1 0x000000008000433e (0x02192233) x4  0xffffffffffffffff
core   0: 0x0000000080004342 (0x13777e53) fmul.d  ft8, fa4, fs7
core   0: 1 0x0000000080004342 (0x13777e53) f28 0x7ff8000000000000
core   0: 0x0000000080004346 (0xfe6e78b7) lui     a7, 0xfe6e7
core   0: 1 0x0000000080004346 (0xfe6e78b7) x17 0xfffffffffe6e7000
core   0: 0x000000008000434a (0x8fd8889b) addiw   a7, a7, -1795
core   0: 1 0x000000008000434a (0x8fd8889b) x17 0xfffffffffe6e68fd
core   0: 0x000000008000434e (0x000008b2) c.slli  a7, 12
core   0: 1 0x000000008000434e (0x08b2) x17 0xffffffe6e68fd000
core   0: 0x0000000080004350 (0x9ef88893) addi    a7, a7, -1553
core   0: 1 0x0000000080004350 (0x9ef88893) x17 0xffffffe6e68fc9ef
core   0: 0x0000000080004354 (0x00000001) c.nop
core   0: 1 0x0000000080004354 (0x0001)
core   0: 0x0000000080004356 (0x4174d49b) sraiw   s1, s1, 23
core   0: 1 0x0000000080004356 (0x4174d49b) x9  0x0000000000000000
core   0: 0x000000008000435a (0xdbc48137) lui     sp, 0xdbc48
core   0: 1 0x000000008000435a (0xdbc48137) x2  0xffffffffdbc48000
core   0: 0x000000008000435e (0xfffb0293) addi    t0, s6, -1
core   0: 1 0x000000008000435e (0xfffb0293) x5  0xffffffffffffffff
core   0: 0x0000000080004362 (0x02fb8033) mul     zero, s7, a5
core   0: 1 0x0000000080004362 (0x02fb8033)
core   0: 0x0000000080004366 (0x00769e37) lui     t3, 0x769
core   0: 1 0x0000000080004366 (0x00769e37) x28 0x0000000000769000
core   0: 0x000000008000436a (0x40fe0e1b) addiw   t3, t3, 1039
core   0: 1 0x000000008000436a (0x40fe0e1b) x28 0x000000000076940f
core   0: 0x000000008000436e (0x00000e32) c.slli  t3, 12
core   0: 1 0x000000008000436e (0x0e32) x28 0x000000076940f000
core   0: 0x0000000080004370 (0x0a1e0e13) addi    t3, t3, 161
core   0: 1 0x0000000080004370 (0x0a1e0e13) x28 0x000000076940f0a1
core   0: 0x0000000080004374 (0x42060fd3) fcvt.d.s ft11, fa2
core   0: 1 0x0000000080004374 (0x42060fd3) f31 0x7ff8000000000000
core   0: 0x0000000080004378 (0x01ce02b3) add     t0, t3, t3
core   0: 1 0x0000000080004378 (0x01ce02b3) x5  0x0000000ed281e142
core   0: 0x000000008000437c (0x0262c73b) divw    a4, t0, t1
core   0: 1 0x000000008000437c (0x0262c73b) x14 0x00000000001bdc8d
core   0: 0x0000000080004380 (0x033d4ebb) divw    t4, s10, s3
core   0: 1 0x0000000080004380 (0x033d4ebb) x29 0xffffffffffffffff
core   0: 0x0000000080004384 (0x41de0e3b) subw    t3, t3, t4
core   0: 1 0x0000000080004384 (0x41de0e3b) x28 0x000000006940f0a2
core   0: 0x0000000080004388 (0x03084833) div     a6, a6, a6
core   0: 1 0x0000000080004388 (0x03084833) x16 0xffffffffffffffff
core   0: 0x000000008000438c (0x80077793) andi    a5, a4, -2048
core   0: 1 0x000000008000438c (0x80077793) x15 0x00000000001bd800
core   0: 0x0000000080004390 (0x340e1bf3) csrrw   s7, mscratch, t3
core   0: exception trap_illegal_instruction, epc 0x0000000080004390
core   0:           tval 0x00000000340e1bf3
core   0: >>>>  $xrv64i2p1_m2p0_a2p1_f2p2_d2p2_zicsr2p0_zifencei2p0_zmmul1p0_zba1p0_zbb1p0_zbc1p0_zbs1p0
core   0: 0x0000000080004000 (0x0080006f) j       pc + 0x8
core   0: 3 0x0000000080004000 (0x0080006f)
core   0: >>>>  mmode_exception_handler
core   0: 0x0000000080004008 (0x00002c17) auipc   s8, 0x2
core   0: 3 0x0000000080004008 (0x00002c17) x24 0x0000000080006008
core   0: 0x000000008000400c (0x0d6c0c13) addi    s8, s8, 214
core   0: 3 0x000000008000400c (0x0d6c0c13) x24 0x00000000800060de
core   0: 0x0000000080004010 (0x000c00e7) jalr    s8
core   0: 3 0x0000000080004010 (0x000c00e7) x1  0x0000000080004014
core   0: >>>>  any_handler
core   0: 0x00000000800060de (0x341027f3) csrrs   a5, mepc, zero
core   0: 3 0x00000000800060de (0x341027f3) x15 0x0000000080004390
core   0: 0x00000000800060e2 (0x34202773) csrrs   a4, mcause, zero
core   0: 3 0x00000000800060e2 (0x34202773) x14 0x0000000000000002
core   0: 0x00000000800060e6 (0x142026f3) csrrs   a3, scause, zero
core   0: 3 0x00000000800060e6 (0x142026f3) x13 0x0000000000000000
core   0: 0x00000000800060ea (0x30402673) csrrs   a2, mie, zero
core   0: 3 0x00000000800060ea (0x30402673) x12 0x0000000000000a00
core   0: 0x00000000800060ee (0x344025f3) csrrs   a1, mip, zero
core   0: 3 0x00000000800060ee (0x344025f3) x11 0x0000000000000080
core   0: 0x00000000800060f2 (0x343025f3) csrrs   a1, mtval, zero
core   0: 3 0x00000000800060f2 (0x343025f3) x11 0x00000000340e1bf3
core   0: 0x00000000800060f6 (0x14302573) csrrs   a0, stval, zero
core   0: 3 0x00000000800060f6 (0x14302573) x10 0x0000000000000000
core   0: 0x00000000800060fa (0xb02024f3) csrrs   s1, minstret, zero
core   0: 3 0x00000000800060fa (0xb02024f3) x9  0x00000000000008d4
core   0: 0x00000000800060fe (0x0000a811) c.j     pc + 20
core   0: 3 0x00000000800060fe (0xa811)
core   0: >>>>  mepc_4
core   0: 0x0000000080006112 (0x00000791) c.addi  a5, 4
core   0: 3 0x0000000080006112 (0x0791) x15 0x0000000080004394
core   0: 0x0000000080006114 (0x34179073) csrrw   zero, mepc, a5
core   0: 3 0x0000000080006114 (0x34179073) c833_mepc 0x0000000080004394
core   0: 0x0000000080006118 (0x30200073) mret
core   0: 3 0x0000000080006118 (0x30200073) c768_mstatus 0x8000000a00106080
core   0: 0x0000000080004394 (0x40088dbb) subw    s11, a7, zero
core   0: 1 0x0000000080004394 (0x40088dbb) x27 0xffffffffe68fc9ef
core   0: 0x0000000080004398 (0x03bbccbb) divw    s9, s7, s11
core   0: 1 0x0000000080004398 (0x03bbccbb) x25 0x0000000000000000
core   0: 0x000000008000439c (0x0293733b) remuw   t1, t1, s1
core   0: 1 0x000000008000439c (0x0293733b) x6  0x0000000000000742
core   0: 0x00000000800043a0 (0xd03dfd53) fcvt.s.lu fs10, s11
core   0: 1 0x00000000800043a0 (0xd03dfd53) c1_fflags 0x0000000000000011 f26 0xffffffff5f800000
core   0: 0x00000000800043a4 (0x3429faf3) csrrci  s5, mcause, 19
core   0: exception trap_illegal_instruction, epc 0x00000000800043a4
core   0:           tval 0x000000003429faf3
core   0: >>>>  $xrv64i2p1_m2p0_a2p1_f2p2_d2p2_zicsr2p0_zifencei2p0_zmmul1p0_zba1p0_zbb1p0_zbc1p0_zbs1p0
core   0: 0x0000000080004000 (0x0080006f) j       pc + 0x8
core   0: 3 0x0000000080004000 (0x0080006f)
core   0: >>>>  mmode_exception_handler
core   0: 0x0000000080004008 (0x00002c17) auipc   s8, 0x2
core   0: 3 0x0000000080004008 (0x00002c17) x24 0x0000000080006008
core   0: 0x000000008000400c (0x0d6c0c13) addi    s8, s8, 214
core   0: 3 0x000000008000400c (0x0d6c0c13) x24 0x00000000800060de
core   0: 0x0000000080004010 (0x000c00e7) jalr    s8
core   0: 3 0x0000000080004010 (0x000c00e7) x1  0x0000000080004014
core   0: >>>>  any_handler
core   0: 0x00000000800060de (0x341027f3) csrrs   a5, mepc, zero
core   0: 3 0x00000000800060de (0x341027f3) x15 0x00000000800043a4
core   0: 0x00000000800060e2 (0x34202773) csrrs   a4, mcause, zero
core   0: 3 0x00000000800060e2 (0x34202773) x14 0x0000000000000002
core   0: 0x00000000800060e6 (0x142026f3) csrrs   a3, scause, zero
core   0: 3 0x00000000800060e6 (0x142026f3) x13 0x0000000000000000
core   0: 0x00000000800060ea (0x30402673) csrrs   a2, mie, zero
core   0: 3 0x00000000800060ea (0x30402673) x12 0x0000000000000a00
core   0: 0x00000000800060ee (0x344025f3) csrrs   a1, mip, zero
core   0: 3 0x00000000800060ee (0x344025f3) x11 0x0000000000000080
core   0: 0x00000000800060f2 (0x343025f3) csrrs   a1, mtval, zero
core   0: 3 0x00000000800060f2 (0x343025f3) x11 0x000000003429faf3
core   0: 0x00000000800060f6 (0x14302573) csrrs   a0, stval, zero
core   0: 3 0x00000000800060f6 (0x14302573) x10 0x0000000000000000
core   0: 0x00000000800060fa (0xb02024f3) csrrs   s1, minstret, zero
core   0: 3 0x00000000800060fa (0xb02024f3) x9  0x00000000000008e8
core   0: 0x00000000800060fe (0x0000a811) c.j     pc + 20
core   0: 3 0x00000000800060fe (0xa811)
core   0: >>>>  mepc_4
core   0: 0x0000000080006112 (0x00000791) c.addi  a5, 4
core   0: 3 0x0000000080006112 (0x0791) x15 0x00000000800043a8
core   0: 0x0000000080006114 (0x34179073) csrrw   zero, mepc, a5
core   0: 3 0x0000000080006114 (0x34179073) c833_mepc 0x00000000800043a8
core   0: 0x0000000080006118 (0x30200073) mret
core   0: 3 0x0000000080006118 (0x30200073) c768_mstatus 0x8000000a00106080
core   0: 0x00000000800043a8 (0x238d8f53) fsgnj.d ft10, fs11, fs8
core   0: 1 0x00000000800043a8 (0x238d8f53) f30 0x7fffffff3f800000
core   0: 0x00000000800043ac (0x8b0d78cb) fnmsub.d fa7, fs10, fa6, fa7
core   0: 1 0x00000000800043ac (0x8b0d78cb) f17 0x7ff8000000000000
core   0: 0x00000000800043b0 (0x40e30cbb) subw    s9, t1, a4
core   0: 1 0x00000000800043b0 (0x40e30cbb) x25 0x0000000000000740
core   0: 0x00000000800043b4 (0x401c581b) sraiw   a6, s8, 1
core   0: 1 0x00000000800043b4 (0x401c581b) x16 0xffffffffc000306f
core   0: 0x00000000800043b8 (0x038bdbb3) divu    s7, s7, s8
core   0: 1 0x00000000800043b8 (0x038bdbb3) x23 0x0000000000000000
core   0: 0x00000000800043bc (0x00b6d5b3) srl     a1, a3, a1
core   0: 1 0x00000000800043bc (0x00b6d5b3) x11 0x0000000000000000
core   0: 0x00000000800043c0 (0x0ff0000f) fence   iorw,iorw
core   0: 1 0x00000000800043c0 (0x0ff0000f)
core   0: 0x00000000800043c4 (0x82b5fac3) fmadd.d fs5, fa1, fa1, fa6
core   0: 1 0x00000000800043c4 (0x82b5fac3) f21 0x7ff8000000000000
core   0: 0x00000000800043c8 (0x00b5c2b3) xor     t0, a1, a1
core   0: 1 0x00000000800043c8 (0x00b5c2b3) x5  0x0000000000000000
core   0: 0x00000000800043cc (0x017b143b) sllw    s0, s6, s7
core   0: 1 0x00000000800043cc (0x017b143b) x8  0x0000000000000000
core   0: 0x00000000800043d0 (0x00e225b3) slt     a1, tp, a4
core   0: 1 0x00000000800043d0 (0x00e225b3) x11 0x0000000000000001
core   0: 0x00000000800043d4 (0x02b1d733) divu    a4, gp, a1
core   0: 1 0x00000000800043d4 (0x02b1d733) x14 0x0000000000000000
core   0: 0x00000000800043d8 (0x8b16f74f) fnmadd.d fa4, fa3, fa7, fa7
core   0: 1 0x00000000800043d8 (0x8b16f74f) f14 0x7ff8000000000000
core   0: 0x00000000800043dc (0x00269673) csrrw   a2, frm, a3
core   0: 1 0x00000000800043dc (0x00269673) x12 0x0000000000000000 c2_frm 0x0000000000000000
core   0: 0x00000000800043e0 (0x01ab1333) sll     t1, s6, s10
core   0: 1 0x00000000800043e0 (0x01ab1333) x6  0x0000000000000000
core   0: 0x00000000800043e4 (0xc031fdd3) fcvt.lu.s s11, ft3
core   0: 1 0x00000000800043e4 (0xc031fdd3) x27 0x0000000000000000
core   0: 0x00000000800043e8 (0x02d13433) mulhu   s0, sp, a3
core   0: 1 0x00000000800043e8 (0x02d13433) x8  0x0000000000000000
core   0: 0x00000000800043ec (0x4167d7bb) sraw    a5, a5, s6
core   0: 1 0x00000000800043ec (0x4167d7bb) x15 0xffffffff800043a8
core   0: 0x00000000800043f0 (0x00b67333) and     t1, a2, a1
core   0: 1 0x00000000800043f0 (0x00b67333) x6  0x0000000000000000
core   0: 0x00000000800043f4 (0x007cc3b3) xor     t2, s9, t2
core   0: 1 0x00000000800043f4 (0x007cc3b3) x7  0x0000000000000740
core   0: 0x00000000800043f8 (0xc23770d3) fcvt.lu.d ra, fa4
core   0: 1 0x00000000800043f8 (0xc23770d3) c1_fflags 0x0000000000000011 x1  0xffffffffffffffff
core   0: 0x00000000800043fc (0xc5ae9437) lui     s0, 0xc5ae9
core   0: 1 0x00000000800043fc (0xc5ae9437) x8  0xffffffffc5ae9000
core   0: 0x0000000080004400 (0x1a7afd47) fmsub.d fs10, fs5, ft7, ft3
core   0: 1 0x0000000080004400 (0x1a7afd47) f26 0x7ff8000000000000
core   0: 0x0000000080004404 (0x0031511b) srliw   sp, sp, 3
core   0: 1 0x0000000080004404 (0x0031511b) x2  0x000000001b789000
core   0: 0x0000000080004408 (0x41815c33) sra     s8, sp, s8
core   0: 1 0x0000000080004408 (0x41815c33) x24 0x0000000000000000
core   0: 0x000000008000440c (0x034c5013) srli    zero, s8, 52
core   0: 1 0x000000008000440c (0x034c5013)
core   0: 0x0000000080004410 (0x02cb94b3) mulh    s1, s7, a2
core   0: 1 0x0000000080004410 (0x02cb94b3) x9  0x0000000000000000
core   0: 0x0000000080004414 (0x16837513) andi    a0, t1, 360
core   0: 1 0x0000000080004414 (0x16837513) x10 0x0000000000000000
core   0: 0x0000000080004418 (0xd22d764b) fnmsub.d fa2, fs10, ft2, fs10
core   0: 1 0x0000000080004418 (0xd22d764b) f12 0x7ff8000000000000
core   0: 0x000000008000441c (0x40c05d3b) sraw    s10, zero, a2
core   0: 1 0x000000008000441c (0x40c05d3b) x26 0x0000000000000000
core   0: 0x0000000080004420 (0x038d4eb3) div     t4, s10, s8
core   0: 1 0x0000000080004420 (0x038d4eb3) x29 0xffffffffffffffff
core   0: 0x0000000080004424 (0x133ffbd3) fmul.d  fs7, ft11, fs3
core   0: 1 0x0000000080004424 (0x133ffbd3) f23 0x7ff8000000000000
core   0: 0x0000000080004428 (0x03fc7c4b) fnmsub.d fs8, fs8, ft11, ft0
core   0: 1 0x0000000080004428 (0x03fc7c4b) f24 0x7ff8000000000000
core   0: 0x000000008000442c (0x01a792bb) sllw    t0, a5, s10
core   0: 1 0x000000008000442c (0x01a792bb) x5  0xffffffff800043a8
core   0: 0x0000000080004430 (0x42010153) fcvt.d.s ft2, ft2
core   0: 1 0x0000000080004430 (0x42010153) f2  0xbff0000000000000
core   0: 0x0000000080004434 (0x0025d59b) srliw   a1, a1, 2
core   0: 1 0x0000000080004434 (0x0025d59b) x11 0x0000000000000000
core   0: 0x0000000080004438 (0x002026f3) csrrs   a3, frm, zero
core   0: 1 0x0000000080004438 (0x002026f3) x13 0x0000000000000000
core   0: 0x000000008000443c (0x005a5893) srli    a7, s4, 5
core   0: 1 0x000000008000443c (0x005a5893) x17 0x0000000000000000
core   0: 0x0000000080004440 (0xd2068ed3) fcvt.d.w ft9, a3
core   0: 1 0x0000000080004440 (0xd2068ed3) f29 0x0000000000000000
core   0: 0x0000000080004444 (0x0210cbb3) div     s7, ra, ra
core   0: 1 0x0000000080004444 (0x0210cbb3) x23 0x0000000000000001
core   0: 0x0000000080004448 (0xd22bf053) fcvt.d.l ft0, s7
core   0: 1 0x0000000080004448 (0xd22bf053) f0  0x3ff0000000000000
core   0: 0x000000008000444c (0x002496f3) csrrw   a3, frm, s1
core   0: 1 0x000000008000444c (0x002496f3) x13 0x0000000000000000 c2_frm 0x0000000000000000
core   0: 0x0000000080004450 (0x00f49c9b) slliw   s9, s1, 15
core   0: 1 0x0000000080004450 (0x00f49c9b) x25 0x0000000000000000
core   0: 0x0000000080004454 (0xf0532d37) lui     s10, 0xf0532
core   0: 1 0x0000000080004454 (0xf0532d37) x26 0xfffffffff0532000
core   0: 0x0000000080004458 (0x40e904bb) subw    s1, s2, a4
core   0: 1 0x0000000080004458 (0x40e904bb) x9  0xfffffffffffffe5e
core   0: 0x000000008000445c (0x03a8e5b3) rem     a1, a7, s10
core   0: 1 0x000000008000445c (0x03a8e5b3) x11 0x0000000000000000
core   0: 0x0000000080004460 (0x0017559b) srliw   a1, a4, 1
core   0: 1 0x0000000080004460 (0x0017559b) x11 0x0000000000000000
core   0: 0x0000000080004464 (0xabeafe4f) fnmadd.d ft8, fs5, ft10, fs5
core   0: 1 0x0000000080004464 (0xabeafe4f) f28 0x7ff8000000000000
core   0: 0x0000000080004468 (0x2b6492d3) fmax.d  ft5, fs1, fs6
core   0: 1 0x0000000080004468 (0x2b6492d3) f5  0x0000000000000000
core   0: 0x000000008000446c (0x014807b3) add     a5, a6, s4
core   0: 1 0x000000008000446c (0x014807b3) x15 0xffffffffc000306f
core   0: 0x0000000080004470 (0x42060253) fcvt.d.s ft4, fa2
core   0: 1 0x0000000080004470 (0x42060253) f4  0x7ff8000000000000
core   0: 0x0000000080004474 (0x6a26f4c3) fmadd.d fs1, fa3, ft2, fa3
core   0: 1 0x0000000080004474 (0x6a26f4c3) f9  0x0000000000000000
core   0: 0x0000000080004478 (0x42078e53) fcvt.d.s ft8, fa5
core   0: 1 0x0000000080004478 (0x42078e53) f28 0x7ff8000000000000
core   0: 0x000000008000447c (0xa3278553) fle.d   a0, fa5, fs2
core   0: 1 0x000000008000447c (0xa3278553) c1_fflags 0x0000000000000011 x10 0x0000000000000000
core   0: 0x0000000080004480 (0x030d26b3) mulhsu  a3, s10, a6
core   0: 1 0x0000000080004480 (0x030d26b3) x13 0xfffffffff0532000
core   0: 0x0000000080004484 (0x40a7571b) sraiw   a4, a4, 10
core   0: 1 0x0000000080004484 (0x40a7571b) x14 0x0000000000000000
core   0: 0x0000000080004488 (0x5a0cfcd3) fsqrt.d fs9, fs9
core   0: 1 0x0000000080004488 (0x5a0cfcd3) f25 0x7ff8000000000000
core   0: 0x000000008000448c (0xe20618d3) fclass.d a7, fa2
core   0: 1 0x000000008000448c (0xe20618d3) x17 0x0000000000000200
core   0: 0x0000000080004490 (0x001697f3) csrrw   a5, fflags, a3
core   0: 1 0x0000000080004490 (0x001697f3) x15 0x0000000000000011 c1_fflags 0x0000000000000000
core   0: 0x0000000080004494 (0x00201bf3) csrrw   s7, frm, zero
core   0: 1 0x0000000080004494 (0x00201bf3) x23 0x0000000000000000 c2_frm 0x0000000000000000
core   0: 0x0000000080004498 (0x40d68db3) sub     s11, a3, a3
core   0: 1 0x0000000080004498 (0x40d68db3) x27 0x0000000000000000
core   0: 0x000000008000449c (0xc222f1d3) fcvt.l.d gp, ft5
core   0: 1 0x000000008000449c (0xc222f1d3) x3  0x0000000000000000
core   0: 0x00000000800044a0 (0x5a097453) fsqrt.d fs0, fs2
core   0: 1 0x00000000800044a0 (0x5a097453) f8  0x0000000000000000
core   0: 0x00000000800044a4 (0x02267153) fadd.d  ft2, fa2, ft2
core   0: 1 0x00000000800044a4 (0x02267153) f2  0x7ff8000000000000
core   0: 0x00000000800044a8 (0x005b98bb) sllw    a7, s7, t0
core   0: 1 0x00000000800044a8 (0x005b98bb) x17 0x0000000000000000
core   0: 0x00000000800044ac (0x03ca67b3) rem     a5, s4, t3
core   0: 1 0x00000000800044ac (0x03ca67b3) x15 0x0000000000000000
core   0: 0x00000000800044b0 (0xe9be8913) addi    s2, t4, -357
core   0: 1 0x00000000800044b0 (0xe9be8913) x18 0xfffffffffffffe9a
core   0: 0x00000000800044b4 (0x0296c23b) divw    tp, a3, s1
core   0: 1 0x00000000800044b4 (0x0296c23b) x4  0x00000000000999a5
core   0: 0x00000000800044b8 (0x344c56f3) csrrwi  a3, mip, 24
core   0: exception trap_illegal_instruction, epc 0x00000000800044b8
core   0:           tval 0x00000000344c56f3
core   0: >>>>  $xrv64i2p1_m2p0_a2p1_f2p2_d2p2_zicsr2p0_zifencei2p0_zmmul1p0_zba1p0_zbb1p0_zbc1p0_zbs1p0
core   0: 0x0000000080004000 (0x0080006f) j       pc + 0x8
core   0: 3 0x0000000080004000 (0x0080006f)
core   0: >>>>  mmode_exception_handler
core   0: 0x0000000080004008 (0x00002c17) auipc   s8, 0x2
core   0: 3 0x0000000080004008 (0x00002c17) x24 0x0000000080006008
core   0: 0x000000008000400c (0x0d6c0c13) addi    s8, s8, 214
core   0: 3 0x000000008000400c (0x0d6c0c13) x24 0x00000000800060de
core   0: 0x0000000080004010 (0x000c00e7) jalr    s8
core   0: 3 0x0000000080004010 (0x000c00e7) x1  0x0000000080004014
core   0: >>>>  any_handler
core   0: 0x00000000800060de (0x341027f3) csrrs   a5, mepc, zero
core   0: 3 0x00000000800060de (0x341027f3) x15 0x00000000800044b8
core   0: 0x00000000800060e2 (0x34202773) csrrs   a4, mcause, zero
core   0: 3 0x00000000800060e2 (0x34202773) x14 0x0000000000000002
core   0: 0x00000000800060e6 (0x142026f3) csrrs   a3, scause, zero
core   0: 3 0x00000000800060e6 (0x142026f3) x13 0x0000000000000000
core   0: 0x00000000800060ea (0x30402673) csrrs   a2, mie, zero
core   0: 3 0x00000000800060ea (0x30402673) x12 0x0000000000000a00
core   0: 0x00000000800060ee (0x344025f3) csrrs   a1, mip, zero
core   0: 3 0x00000000800060ee (0x344025f3) x11 0x0000000000000080
core   0: 0x00000000800060f2 (0x343025f3) csrrs   a1, mtval, zero
core   0: 3 0x00000000800060f2 (0x343025f3) x11 0x00000000344c56f3
core   0: 0x00000000800060f6 (0x14302573) csrrs   a0, stval, zero
core   0: 3 0x00000000800060f6 (0x14302573) x10 0x0000000000000000
core   0: 0x00000000800060fa (0xb02024f3) csrrs   s1, minstret, zero
core   0: 3 0x00000000800060fa (0xb02024f3) x9  0x000000000000093c
core   0: 0x00000000800060fe (0x0000a811) c.j     pc + 20
core   0: 3 0x00000000800060fe (0xa811)
core   0: >>>>  mepc_4
core   0: 0x0000000080006112 (0x00000791) c.addi  a5, 4
core   0: 3 0x0000000080006112 (0x0791) x15 0x00000000800044bc
core   0: 0x0000000080006114 (0x34179073) csrrw   zero, mepc, a5
core   0: 3 0x0000000080006114 (0x34179073) c833_mepc 0x00000000800044bc
core   0: 0x0000000080006118 (0x30200073) mret
core   0: 3 0x0000000080006118 (0x30200073) c768_mstatus 0x8000000a00106080
core   0: 0x00000000800044bc (0x0a5cf2d3) fsub.d  ft5, fs9, ft5
core   0: 1 0x00000000800044bc (0x0a5cf2d3) f5  0x7ff8000000000000
core   0: 0x00000000800044c0 (0x00102d73) csrrs   s10, fflags, zero
core   0: 1 0x00000000800044c0 (0x00102d73) x26 0x0000000000000000
core   0: 0x00000000800044c4 (0x0222fad3) fadd.d  fs5, ft5, ft2
core   0: 1 0x00000000800044c4 (0x0222fad3) f21 0x7ff8000000000000
core   0: 0x00000000800044c8 (0x01bb78b3) and     a7, s6, s11
core   0: 1 0x00000000800044c8 (0x01bb78b3) x17 0x0000000000000000
core   0: 0x00000000800044cc (0x0ff0000f) fence   iorw,iorw
core   0: 1 0x00000000800044cc (0x0ff0000f)
core   0: 0x00000000800044d0 (0x800b7a13) andi    s4, s6, -2048
core   0: 1 0x00000000800044d0 (0x800b7a13) x20 0x0000000000000000
core   0: 0x00000000800044d4 (0x0ff0000f) fence   iorw,iorw
core   0: 1 0x00000000800044d4 (0x0ff0000f)
core   0: 0x00000000800044d8 (0xf1325d73) csrrwi  s10, mimpid, 4
core   0: exception trap_illegal_instruction, epc 0x00000000800044d8
core   0:           tval 0x00000000f1325d73
core   0: >>>>  $xrv64i2p1_m2p0_a2p1_f2p2_d2p2_zicsr2p0_zifencei2p0_zmmul1p0_zba1p0_zbb1p0_zbc1p0_zbs1p0
core   0: 0x0000000080004000 (0x0080006f) j       pc + 0x8
core   0: 3 0x0000000080004000 (0x0080006f)
core   0: >>>>  mmode_exception_handler
core   0: 0x0000000080004008 (0x00002c17) auipc   s8, 0x2
core   0: 3 0x0000000080004008 (0x00002c17) x24 0x0000000080006008
core   0: 0x000000008000400c (0x0d6c0c13) addi    s8, s8, 214
core   0: 3 0x000000008000400c (0x0d6c0c13) x24 0x00000000800060de
core   0: 0x0000000080004010 (0x000c00e7) jalr    s8
core   0: 3 0x0000000080004010 (0x000c00e7) x1  0x0000000080004014
core   0: >>>>  any_handler
core   0: 0x00000000800060de (0x341027f3) csrrs   a5, mepc, zero
core   0: 3 0x00000000800060de (0x341027f3) x15 0x00000000800044d8
core   0: 0x00000000800060e2 (0x34202773) csrrs   a4, mcause, zero
core   0: 3 0x00000000800060e2 (0x34202773) x14 0x0000000000000002
core   0: 0x00000000800060e6 (0x142026f3) csrrs   a3, scause, zero
core   0: 3 0x00000000800060e6 (0x142026f3) x13 0x0000000000000000
core   0: 0x00000000800060ea (0x30402673) csrrs   a2, mie, zero
core   0: 3 0x00000000800060ea (0x30402673) x12 0x0000000000000a00
core   0: 0x00000000800060ee (0x344025f3) csrrs   a1, mip, zero
core   0: 3 0x00000000800060ee (0x344025f3) x11 0x0000000000000080
core   0: 0x00000000800060f2 (0x343025f3) csrrs   a1, mtval, zero
core   0: 3 0x00000000800060f2 (0x343025f3) x11 0x00000000f1325d73
core   0: 0x00000000800060f6 (0x14302573) csrrs   a0, stval, zero
core   0: 3 0x00000000800060f6 (0x14302573) x10 0x0000000000000000
core   0: 0x00000000800060fa (0xb02024f3) csrrs   s1, minstret, zero
core   0: 3 0x00000000800060fa (0xb02024f3) x9  0x0000000000000953
core   0: 0x00000000800060fe (0x0000a811) c.j     pc + 20
core   0: 3 0x00000000800060fe (0xa811)
core   0: >>>>  mepc_4
core   0: 0x0000000080006112 (0x00000791) c.addi  a5, 4
core   0: 3 0x0000000080006112 (0x0791) x15 0x00000000800044dc
core   0: 0x0000000080006114 (0x34179073) csrrw   zero, mepc, a5
core   0: 3 0x0000000080006114 (0x34179073) c833_mepc 0x00000000800044dc
core   0: 0x0000000080006118 (0x30200073) mret
core   0: 3 0x0000000080006118 (0x30200073) c768_mstatus 0x8000000a00106080
core   0: 0x00000000800044dc (0x02a74033) div     zero, a4, a0
core   0: 1 0x00000000800044dc (0x02a74033)
core   0: 0x00000000800044e0 (0xc02b7953) fcvt.l.s s2, fs6
core   0: 1 0x00000000800044e0 (0xc02b7953) c1_fflags 0x0000000000000010 x18 0x7fffffffffffffff
core   0: 0x00000000800044e4 (0xc2017b53) fcvt.w.d s6, ft2
core   0: 1 0x00000000800044e4 (0xc2017b53) c1_fflags 0x0000000000000010 x22 0x000000007fffffff
core   0: 0x00000000800044e8 (0xd20c0cd3) fcvt.d.w fs9, s8
core   0: 1 0x00000000800044e8 (0xd20c0cd3) f25 0xc1dfffe7c8800000
core   0: 0x00000000800044ec (0x00008f1d) c.sub   a4, a5
core   0: 1 0x00000000800044ec (0x8f1d) x14 0xffffffff7fffbb26
core   0: 0x00000000800044ee (0x01605033) srl     zero, zero, s6
core   0: 1 0x00000000800044ee (0x01605033)
core   0: 0x00000000800044f2 (0x0368acb3) mulhsu  s9, a7, s6
core   0: 1 0x00000000800044f2 (0x0368acb3) x25 0x0000000000000000
core   0: 0x00000000800044f6 (0x13efff53) fmul.d  ft10, ft11, ft10
core   0: 1 0x00000000800044f6 (0x13efff53) f30 0x7ff8000000000000
core   0: 0x00000000800044fa (0x0148da3b) srlw    s4, a7, s4
core   0: 1 0x00000000800044fa (0x0148da3b) x20 0x0000000000000000
core   0: 0x00000000800044fe (0x0ff0000f) fence   iorw,iorw
core   0: 1 0x00000000800044fe (0x0ff0000f)
core   0: 0x0000000080004502 (0x00000001) c.nop
core   0: 1 0x0000000080004502 (0x0001)
core   0: 0x0000000080004504 (0xfa38c1b7) lui     gp, 0xfa38c
core   0: 1 0x0000000080004504 (0xfa38c1b7) x3  0xfffffffffa38c000
core   0: 0x0000000080004508 (0x406bd6b3) sra     a3, s7, t1
core   0: 1 0x0000000080004508 (0x406bd6b3) x13 0x0000000000000000
core   0: 0x000000008000450c (0x02e710b3) mulh    ra, a4, a4
core   0: 1 0x000000008000450c (0x02e710b3) x1  0x0000000000000000
core   0: 0x0000000080004510 (0xf29f7947) fmsub.d fs2, ft10, fs1, ft10
core   0: 1 0x0000000080004510 (0xf29f7947) f18 0x7ff8000000000000
core   0: 0x0000000080004514 (0x002d24b3) slt     s1, s10, sp
core   0: 1 0x0000000080004514 (0x002d24b3) x9  0x0000000000000001
core   0: 0x0000000080004518 (0x0ff0000f) fence   iorw,iorw
core   0: 1 0x0000000080004518 (0x0ff0000f)
core   0: 0x000000008000451c (0x019956bb) srlw    a3, s2, s9
core   0: 1 0x000000008000451c (0x019956bb) x13 0xffffffffffffffff
core   0: 0x0000000080004520 (0x2be1f2cf) fnmadd.d ft5, ft3, ft10, ft5
core   0: 1 0x0000000080004520 (0x2be1f2cf) f5  0x7ff8000000000000
core   0: 0x0000000080004524 (0x40e055bb) sraw    a1, zero, a4
core   0: 1 0x0000000080004524 (0x40e055bb) x11 0x0000000000000000
core   0: 0x0000000080004528 (0x001c141b) slliw   s0, s8, 1
core   0: 1 0x0000000080004528 (0x001c141b) x8  0x000000000000c1bc
core   0: 0x000000008000452c (0xd2168a53) fcvt.d.wu fs4, a3
core   0: 1 0x000000008000452c (0xd2168a53) f20 0x41efffffffe00000
core   0: 0x0000000080004530 (0x41c88cb3) sub     s9, a7, t3
core   0: 1 0x0000000080004530 (0x41c88cb3) x25 0xffffffff96bf0f5e
core   0: 0x0000000080004534 (0x02f5b533) mulhu   a0, a1, a5
core   0: 1 0x0000000080004534 (0x02f5b533) x10 0x0000000000000000
core   0: 0x0000000080004538 (0xd21688d3) fcvt.d.wu fa7, a3
core   0: 1 0x0000000080004538 (0xd21688d3) f17 0x41efffffffe00000
core   0: 0x000000008000453c (0x003511bb) sllw    gp, a0, gp
core   0: 1 0x000000008000453c (0x003511bb) x3  0x0000000000000000
core   0: 0x0000000080004540 (0x00009f9d) c.subw  a5, a5
core   0: 1 0x0000000080004540 (0x9f9d) x15 0x0000000000000000
core   0: 0x0000000080004542 (0x0043abb3) slt     s7, t2, tp
core   0: 1 0x0000000080004542 (0x0043abb3) x23 0x0000000000000001
core   0: 0x0000000080004546 (0x01539d1b) slliw   s10, t2, 21
core   0: 1 0x0000000080004546 (0x01539d1b) x26 0xffffffffe8000000
core   0: 0x000000008000454a (0x000b9213) slli    tp, s7, 0
core   0: 1 0x000000008000454a (0x000b9213) x4  0x0000000000000001
core   0: 0x000000008000454e (0x010bdd93) srli    s11, s7, 16
core   0: 1 0x000000008000454e (0x010bdd93) x27 0x0000000000000000
core   0: 0x0000000080004552 (0xd02c7453) fcvt.s.l fs0, s8
core   0: 1 0x0000000080004552 (0xd02c7453) c1_fflags 0x0000000000000011 f8  0xffffffff4f000061
core   0: 0x0000000080004556 (0x015d9193) slli    gp, s11, 21
core   0: 1 0x0000000080004556 (0x015d9193) x3  0x0000000000000000
core   0: 0x000000008000455a (0xd2277653) fcvt.d.l fa2, a4
core   0: 1 0x000000008000455a (0xd2277653) f12 0xc1e000089b400000
core   0: 0x000000008000455e (0xc0217ad3) fcvt.l.s s5, ft2
core   0: 1 0x000000008000455e (0xc0217ad3) c1_fflags 0x0000000000000011 x21 0x7fffffffffffffff
core   0: 0x0000000080004562 (0x029b41b3) div     gp, s6, s1
core   0: 1 0x0000000080004562 (0x029b41b3) x3  0x000000007fffffff
core   0: 0x0000000080004566 (0x43565793) srai    a5, a2, 53
core   0: 1 0x0000000080004566 (0x43565793) x15 0x0000000000000000
core   0: 0x000000008000456a (0x41d7dab3) sra     s5, a5, t4
core   0: 1 0x000000008000456a (0x41d7dab3) x21 0x0000000000000000
core   0: 0x000000008000456e (0x012af933) and     s2, s5, s2
core   0: 1 0x000000008000456e (0x012af933) x18 0x0000000000000000
core   0: 0x0000000080004572 (0x01c28ebb) addw    t4, t0, t3
core   0: 1 0x0000000080004572 (0x01c28ebb) x29 0xffffffffe941344a
core   0: 0x0000000080004576 (0x2abf9fd3) fmax.d  ft11, ft11, fa1
core   0: 1 0x0000000080004576 (0x2abf9fd3) f31 0x7ff8000000000000
core   0: 0x000000008000457a (0xd2000153) fcvt.d.w ft2, zero
core   0: 1 0x000000008000457a (0xd2000153) f2  0x0000000000000000
core   0: 0x000000008000457e (0xc22cf9d3) fcvt.l.d s3, fs9
core   0: 1 0x000000008000457e (0xc22cf9d3) x19 0xffffffff800060de
core   0: 0x0000000080004582 (0xe2427ec7) fmsub.d ft9, ft4, ft4, ft8
core   0: 1 0x0000000080004582 (0xe2427ec7) f29 0x7ff8000000000000
core   0: 0x0000000080004586 (0x419a0cbb) subw    s9, s4, s9
core   0: 1 0x0000000080004586 (0x419a0cbb) x25 0x000000006940f0a2
core   0: 0x000000008000458a (0x00202e73) csrrs   t3, frm, zero
core   0: 1 0x000000008000458a (0x00202e73) x28 0x0000000000000000
core   0: 0x000000008000458e (0xc2027553) fcvt.w.d a0, ft4
core   0: 1 0x000000008000458e (0xc2027553) c1_fflags 0x0000000000000011 x10 0x000000007fffffff
core   0: 0x0000000080004592 (0x0ff0000f) fence   iorw,iorw
core   0: 1 0x0000000080004592 (0x0ff0000f)
core   0: 0x0000000080004596 (0x00009d1d) c.subw  a0, a5
core   0: 1 0x0000000080004596 (0x9d1d) x10 0x000000007fffffff
core   0: 0x0000000080004598 (0x1415f5f3) csrrci  a1, sepc, 11
core   0: 1 0x0000000080004598 (0x1415f5f3) x11 0x0000000000000000 c321_sepc 0x0000000000000000
core   0: 0x000000008000459c (0x00000001) c.nop
core   0: 1 0x000000008000459c (0x0001)
core   0: 0x000000008000459e (0xe75c7b93) andi    s7, s8, -395
core   0: 1 0x000000008000459e (0xe75c7b93) x23 0x0000000080006054
core   0: 0x00000000800045a2 (0x62cbf647) fmsub.d fa2, fs7, fa2, fa2
core   0: 1 0x00000000800045a2 (0x62cbf647) f12 0x7ff8000000000000
core   0: 0x00000000800045a6 (0x85b8f693) andi    a3, a7, -1957
core   0: 1 0x00000000800045a6 (0x85b8f693) x13 0x0000000000000000
core   0: 0x00000000800045aa (0x0100181b) slliw   a6, zero, 16
core   0: 1 0x00000000800045aa (0x0100181b) x16 0x0000000000000000
core   0: 0x00000000800045ae (0x00102df3) csrrs   s11, fflags, zero
core   0: 1 0x00000000800045ae (0x00102df3) x27 0x0000000000000011
core   0: 0x00000000800045b2 (0x026257b3) divu    a5, tp, t1
core   0: 1 0x00000000800045b2 (0x026257b3) x15 0xffffffffffffffff
core   0: 0x00000000800045b6 (0x22c802d3) fsgnj.d ft5, fa6, fa2
core   0: 1 0x00000000800045b6 (0x22c802d3) f5  0x7fffffff00000000
core   0: 0x00000000800045ba (0x0312e8b3) rem     a7, t0, a7
core   0: 1 0x00000000800045ba (0x0312e8b3) x17 0xffffffff800043a8
core   0: 0x00000000800045be (0xff867637) lui     a2, 0xff867
core   0: 1 0x00000000800045be (0xff867637) x12 0xffffffffff867000
core   0: 0x00000000800045c2 (0x0936061b) addiw   a2, a2, 147
core   0: 1 0x00000000800045c2 (0x0936061b) x12 0xffffffffff867093
core   0: 0x00000000800045c6 (0x0000063a) c.slli  a2, 14
core   0: 1 0x00000000800045c6 (0x063a) x12 0xffffffe19c24c000
core   0: 0x00000000800045c8 (0x54a60613) addi    a2, a2, 1354
core   0: 1 0x00000000800045c8 (0x54a60613) x12 0xffffffe19c24c54a
core   0: 0x00000000800045cc (0x01189b9b) slliw   s7, a7, 17
core   0: 1 0x00000000800045cc (0x01189b9b) x23 0xffffffff87500000
core   0: 0x00000000800045d0 (0x01849133) sll     sp, s1, s8
core   0: 1 0x00000000800045d0 (0x01849133) x2  0x0000000040000000
core   0: 0x00000000800045d4 (0x12f274d3) fmul.d  fs1, ft4, fa5
core   0: 1 0x00000000800045d4 (0x12f274d3) f9  0x7ff8000000000000
core   0: 0x00000000800045d8 (0x018c50bb) srlw    ra, s8, s8
core   0: 1 0x00000000800045d8 (0x018c50bb) x1  0x0000000000000002
core   0: 0x00000000800045dc (0x03a15813) srli    a6, sp, 58
core   0: 1 0x00000000800045dc (0x03a15813) x16 0x0000000000000000
core   0: 0x00000000800045e0 (0x0370a6b3) mulhsu  a3, ra, s7
core   0: 1 0x00000000800045e0 (0x0370a6b3) x13 0x0000000000000001
core   0: 0x00000000800045e4 (0x1402d4f3) csrrwi  s1, sscratch, 5
core   0: 1 0x00000000800045e4 (0x1402d4f3) x9  0x0000000000000000 c320_sscratch 0x0000000000000005
core   0: 0x00000000800045e8 (0x0079951b) slliw   a0, s3, 7
core   0: 1 0x00000000800045e8 (0x0079951b) x10 0x0000000000306f00
core   0: 0x00000000800045ec (0x0269a1b3) mulhsu  gp, s3, t1
core   0: 1 0x00000000800045ec (0x0269a1b3) x3  0x0000000000000000
core   0: 0x00000000800045f0 (0xd2130cd3) fcvt.d.wu fs9, t1
core   0: 1 0x00000000800045f0 (0xd2130cd3) f25 0x0000000000000000
core   0: 0x00000000800045f4 (0x12f5bb17) auipc   s6, 0x12f5b
core   0: 1 0x00000000800045f4 (0x12f5bb17) x22 0x0000000092f5f5f4
core   0: 0x00000000800045f8 (0xc2327653) fcvt.lu.d a2, ft4
core   0: 1 0x00000000800045f8 (0xc2327653) c1_fflags 0x0000000000000011 x12 0xffffffffffffffff
core   0: 0x00000000800045fc (0x0ee430b7) lui     ra, 0xee43
core   0: 1 0x00000000800045fc (0x0ee430b7) x1  0x000000000ee43000
core   0: 0x0000000080004600 (0x01de8abb) addw    s5, t4, t4
core   0: 1 0x0000000080004600 (0x01de8abb) x21 0xffffffffd2826894
core   0: 0x0000000080004604 (0x4c8e75b7) lui     a1, 0x4c8e7
core   0: 1 0x0000000080004604 (0x4c8e75b7) x11 0x000000004c8e7000
core   0: 0x0000000080004608 (0xd030f6d3) fcvt.s.lu fa3, ra
core   0: 1 0x0000000080004608 (0xd030f6d3) f13 0xffffffff4d6e4300
core   0: 0x000000008000460c (0x001e183b) sllw    a6, t3, ra
core   0: 1 0x000000008000460c (0x001e183b) x16 0x0000000000000000
core   0: 0x0000000080004610 (0x0ff0000f) fence   iorw,iorw
core   0: 1 0x0000000080004610 (0x0ff0000f)
core   0: 0x0000000080004614 (0xc8007ef3) csrrci  t4, cycleh, 0
core   0: exception trap_illegal_instruction, epc 0x0000000080004614
core   0:           tval 0x00000000c8007ef3
core   0: >>>>  $xrv64i2p1_m2p0_a2p1_f2p2_d2p2_zicsr2p0_zifencei2p0_zmmul1p0_zba1p0_zbb1p0_zbc1p0_zbs1p0
core   0: 0x0000000080004000 (0x0080006f) j       pc + 0x8
core   0: 3 0x0000000080004000 (0x0080006f)
core   0: >>>>  mmode_exception_handler
core   0: 0x0000000080004008 (0x00002c17) auipc   s8, 0x2
core   0: 3 0x0000000080004008 (0x00002c17) x24 0x0000000080006008
core   0: 0x000000008000400c (0x0d6c0c13) addi    s8, s8, 214
core   0: 3 0x000000008000400c (0x0d6c0c13) x24 0x00000000800060de
core   0: 0x0000000080004010 (0x000c00e7) jalr    s8
core   0: 3 0x0000000080004010 (0x000c00e7) x1  0x0000000080004014
core   0: >>>>  any_handler
core   0: 0x00000000800060de (0x341027f3) csrrs   a5, mepc, zero
core   0: 3 0x00000000800060de (0x341027f3) x15 0x0000000080004614
core   0: 0x00000000800060e2 (0x34202773) csrrs   a4, mcause, zero
core   0: 3 0x00000000800060e2 (0x34202773) x14 0x0000000000000002
core   0: 0x00000000800060e6 (0x142026f3) csrrs   a3, scause, zero
core   0: 3 0x00000000800060e6 (0x142026f3) x13 0x0000000000000000
core   0: 0x00000000800060ea (0x30402673) csrrs   a2, mie, zero
core   0: 3 0x00000000800060ea (0x30402673) x12 0x0000000000000a00
core   0: 0x00000000800060ee (0x344025f3) csrrs   a1, mip, zero
core   0: 3 0x00000000800060ee (0x344025f3) x11 0x0000000000000080
core   0: 0x00000000800060f2 (0x343025f3) csrrs   a1, mtval, zero
core   0: 3 0x00000000800060f2 (0x343025f3) x11 0x00000000c8007ef3
core   0: 0x00000000800060f6 (0x14302573) csrrs   a0, stval, zero
core   0: 3 0x00000000800060f6 (0x14302573) x10 0x0000000000000000
core   0: 0x00000000800060fa (0xb02024f3) csrrs   s1, minstret, zero
core   0: 3 0x00000000800060fa (0xb02024f3) x9  0x00000000000009b4
core   0: 0x00000000800060fe (0x0000a811) c.j     pc + 20
core   0: 3 0x00000000800060fe (0xa811)
core   0: >>>>  mepc_4
core   0: 0x0000000080006112 (0x00000791) c.addi  a5, 4
core   0: 3 0x0000000080006112 (0x0791) x15 0x0000000080004618
core   0: 0x0000000080006114 (0x34179073) csrrw   zero, mepc, a5
core   0: 3 0x0000000080006114 (0x34179073) c833_mepc 0x0000000080004618
core   0: 0x0000000080006118 (0x30200073) mret
core   0: 3 0x0000000080006118 (0x30200073) c768_mstatus 0x8000000a00106080
core   0: 0x0000000080004618 (0xf3531797) auipc   a5, 0xf3531
core   0: 1 0x0000000080004618 (0xf3531797) x15 0x0000000073535618
core   0: 0x000000008000461c (0xd038f4d3) fcvt.s.lu fs1, a7
core   0: 1 0x000000008000461c (0xd038f4d3) c1_fflags 0x0000000000000011 f9  0xffffffff5f800000
core   0: 0x0000000080004620 (0xc687831b) addiw   t1, a5, -920
core   0: 1 0x0000000080004620 (0xc687831b) x6  0x0000000073535280
core   0: 0x0000000080004624 (0x2afb8bd3) fmin.d  fs7, fs7, fa5
core   0: 1 0x0000000080004624 (0x2afb8bd3) f23 0x7ff8000000000000
core   0: 0x0000000080004628 (0x41968e3b) subw    t3, a3, s9
core   0: 1 0x0000000080004628 (0x41968e3b) x28 0xffffffff96bf0f5e
core   0: 0x000000008000462c (0x41a207b3) sub     a5, tp, s10
core   0: 1 0x000000008000462c (0x41a207b3) x15 0x0000000018000001
core   0: 0x0000000080004630 (0x40b7dd1b) sraiw   s10, a5, 11
core   0: 1 0x0000000080004630 (0x40b7dd1b) x26 0x0000000000030000
core   0: 0x0000000080004634 (0x2b800b53) fmin.d  fs6, ft0, fs8
core   0: 1 0x0000000080004634 (0x2b800b53) f22 0x3ff0000000000000
core   0: 0x0000000080004638 (0x001b8933) add     s2, s7, ra
core   0: 1 0x0000000080004638 (0x001b8933) x18 0x0000000007504014
core   0: 0x000000008000463c (0xd20b8fd3) fcvt.d.w ft11, s7
core   0: 1 0x000000008000463c (0xd20b8fd3) f31 0xc1de2c0000000000
core   0: 0x0000000080004640 (0x5a0afdd3) fsqrt.d fs11, fs5
core   0: 1 0x0000000080004640 (0x5a0afdd3) f27 0x7ff8000000000000
core   0: 0x0000000080004644 (0x013009bb) addw    s3, zero, s3
core   0: 1 0x0000000080004644 (0x013009bb) x19 0xffffffff800060de
core   0: 0x0000000080004648 (0xc21d78d3) fcvt.wu.d a7, fs10
core   0: 1 0x0000000080004648 (0xc21d78d3) c1_fflags 0x0000000000000011 x17 0xffffffffffffffff
core   0: 0x000000008000464c (0x1ad3f353) fdiv.d  ft6, ft7, fa3
core   0: 1 0x000000008000464c (0x1ad3f353) f6  0x7ff8000000000000
core   0: 0x0000000080004650 (0x4138deb3) sra     t4, a7, s3
core   0: 1 0x0000000080004650 (0x4138deb3) x29 0xffffffffffffffff
core   0: 0x0000000080004654 (0x8007f793) andi    a5, a5, -2048
core   0: 1 0x0000000080004654 (0x8007f793) x15 0x0000000018000000
core   0: 0x0000000080004658 (0x324a7747) fmsub.d fa4, fs4, ft4, ft6
core   0: 1 0x0000000080004658 (0x324a7747) f14 0x7ff8000000000000
core   0: 0x000000008000465c (0x4114d33b) sraw    t1, s1, a7
core   0: 1 0x000000008000465c (0x4114d33b) x6  0x0000000000000000
core   0: 0x0000000080004660 (0x0007e393) ori     t2, a5, 0
core   0: 1 0x0000000080004660 (0x0007e393) x7  0x0000000018000000
core   0: 0x0000000080004664 (0x0000970d) c.srai  a4, 35
core   0: 1 0x0000000080004664 (0x970d) x14 0x0000000000000000
core   0: 0x0000000080004666 (0xa34701d3) fle.d   gp, fa4, fs4
core   0: 1 0x0000000080004666 (0xa34701d3) c1_fflags 0x0000000000000011 x3  0x0000000000000000
core   0: 0x000000008000466a (0x023bebb3) rem     s7, s7, gp
core   0: 1 0x000000008000466a (0x023bebb3) x23 0xffffffff87500000
core   0: 0x000000008000466e (0x12217953) fmul.d  fs2, ft2, ft2
core   0: 1 0x000000008000466e (0x12217953) f18 0x0000000000000000
core   0: 0x0000000080004672 (0xc2097453) fcvt.w.d s0, fs2
core   0: 1 0x0000000080004672 (0xc2097453) x8  0x0000000000000000
core   0: 0x0000000080004676 (0xc20272d3) fcvt.w.d t0, ft4
core   0: 1 0x0000000080004676 (0xc20272d3) c1_fflags 0x0000000000000011 x5  0x000000007fffffff
core   0: 0x000000008000467a (0x0a39f1d3) fsub.d  ft3, fs3, ft3
core   0: 1 0x000000008000467a (0x0a39f1d3) f3  0x7ff8000000000000
core   0: 0x000000008000467e (0x40ca8c33) sub     s8, s5, a2
core   0: 1 0x000000008000467e (0x40ca8c33) x24 0xffffffffd2825e94
core   0: 0x0000000080004682 (0x9b717bcf) fnmadd.d fs7, ft2, fs7, fs3
core   0: 1 0x0000000080004682 (0x9b717bcf) f23 0x7ff8000000000000
core   0: 0x0000000080004686 (0x409d84b3) sub     s1, s11, s1
core   0: 1 0x0000000080004686 (0x409d84b3) x9  0xfffffffffffff65d
core   0: 0x000000008000468a (0x0003003b) addw    zero, t1, zero
core   0: 1 0x000000008000468a (0x0003003b)
core   0: 0x000000008000468e (0x41a20eb3) sub     t4, tp, s10
core   0: 1 0x000000008000468e (0x41a20eb3) x29 0xfffffffffffd0001
core   0: 0x0000000080004692 (0x795f1517) auipc   a0, 0x795f1
core   0: 1 0x0000000080004692 (0x795f1517) x10 0x00000000f95f5692
core   0: 0x0000000080004696 (0x416388b3) sub     a7, t2, s6
core   0: 1 0x0000000080004696 (0x416388b3) x17 0xffffffff850a0a0c
core   0: 0x000000008000469a (0x00fc5bbb) srlw    s7, s8, a5
core   0: 1 0x000000008000469a (0x00fc5bbb) x23 0xffffffffd2825e94
core   0: 0x000000008000469e (0x031759bb) divuw   s3, a4, a7
core   0: 1 0x000000008000469e (0x031759bb) x19 0x0000000000000000
core   0: 0x00000000800046a2 (0x00231773) csrrw   a4, frm, t1
core   0: 1 0x00000000800046a2 (0x00231773) x14 0x0000000000000000 c2_frm 0x0000000000000000
core   0: 0x00000000800046a6 (0xa2cd8053) fle.d   zero, fs11, fa2
core   0: 1 0x00000000800046a6 (0xa2cd8053) c1_fflags 0x0000000000000011
core   0: 0x00000000800046aa (0xe2018ed3) fmv.x.d t4, ft3
core   0: 1 0x00000000800046aa (0xe2018ed3) x29 0x7ff8000000000000
core   0: 0x00000000800046ae (0x00102273) csrrs   tp, fflags, zero
core   0: 1 0x00000000800046ae (0x00102273) x4  0x0000000000000011
core   0: 0x00000000800046b2 (0x2b970753) fmin.d  fa4, fa4, fs9
core   0: 1 0x00000000800046b2 (0x2b970753) f14 0x0000000000000000
core   0: 0x00000000800046b6 (0xf2040ed3) fmv.d.x ft9, s0
core   0: 1 0x00000000800046b6 (0xf2040ed3) f29 0x0000000000000000
core   0: 0x00000000800046ba (0x00009e36) c.add   t3, a3
core   0: 1 0x00000000800046ba (0x9e36) x28 0xffffffff96bf0f5e
core   0: 0x00000000800046bc (0x1bfff7d3) fdiv.d  fa5, ft11, ft11
core   0: 1 0x00000000800046bc (0x1bfff7d3) f15 0x3ff0000000000000
core   0: 0x00000000800046c0 (0x00202df3) csrrs   s11, frm, zero
core   0: 1 0x00000000800046c0 (0x00202df3) x27 0x0000000000000000
core   0: 0x00000000800046c4 (0x5f665337) lui     t1, 0x5f665
core   0: 1 0x00000000800046c4 (0x5f665337) x6  0x000000005f665000
core   0: 0x00000000800046c8 (0x001022f3) csrrs   t0, fflags, zero
core   0: 1 0x00000000800046c8 (0x001022f3) x5  0x0000000000000011
core   0: 0x00000000800046cc (0x02633633) mulhu   a2, t1, t1
core   0: 1 0x00000000800046cc (0x02633633) x12 0x0000000000000000
core   0: 0x00000000800046d0 (0xd2357953) fcvt.d.lu fs2, a0
core   0: 1 0x00000000800046d0 (0xd2357953) f18 0x41ef2bead2400000
core   0: 0x00000000800046d4 (0x164c3c13) sltiu   s8, s8, 356
core   0: 1 0x00000000800046d4 (0x164c3c13) x24 0x0000000000000000
core   0: 0x00000000800046d8 (0x025d6433) rem     s0, s10, t0
core   0: 1 0x00000000800046d8 (0x025d6433) x8  0x0000000000000003
core   0: 0x00000000800046dc (0x132cf4d3) fmul.d  fs1, fs9, fs2
core   0: 1 0x00000000800046dc (0x132cf4d3) f9  0x0000000000000000
core   0: 0x00000000800046e0 (0x418d5ab3) sra     s5, s10, s8
core   0: 1 0x00000000800046e0 (0x418d5ab3) x21 0x0000000000030000
core   0: 0x00000000800046e4 (0x0133939b) slliw   t2, t2, 19
core   0: 1 0x00000000800046e4 (0x0133939b) x7  0x0000000000000000
core   0: 0x00000000800046e8 (0x5a447513) andi    a0, s0, 1444
core   0: 1 0x00000000800046e8 (0x5a447513) x10 0x0000000000000000
core   0: 0x00000000800046ec (0x224cf24b) fnmsub.d ft4, fs9, ft4, ft4
core   0: 1 0x00000000800046ec (0x224cf24b) f4  0x7ff8000000000000
core   0: 0x00000000800046f0 (0x02251133) mulh    sp, a0, sp
core   0: 1 0x00000000800046f0 (0x02251133) x2  0x0000000000000000
core   0: 0x00000000800046f4 (0x00a62633) slt     a2, a2, a0
core   0: 1 0x00000000800046f4 (0x00a62633) x12 0x0000000000000000
core   0: 0x00000000800046f8 (0x00de04b3) add     s1, t3, a3
core   0: 1 0x00000000800046f8 (0x00de04b3) x9  0xffffffff96bf0f5e
core   0: 0x00000000800046fc (0x0273c233) div     tp, t2, t2
core   0: 1 0x00000000800046fc (0x0273c233) x4  0xffffffffffffffff
core   0: 0x0000000080004700 (0x00000001) c.nop
core   0: 1 0x0000000080004700 (0x0001)
core   0: 0x0000000080004702 (0xe2048453) fmv.x.d s0, fs1
core   0: 1 0x0000000080004702 (0xe2048453) x8  0x0000000000000000
core   0: 0x0000000080004706 (0x41398eb3) sub     t4, s3, s3
core   0: 1 0x0000000080004706 (0x41398eb3) x29 0x0000000000000000
core   0: 0x000000008000470a (0x4ae074c3) fmadd.d fs1, ft0, fa4, fs1
core   0: 1 0x000000008000470a (0x4ae074c3) f9  0x0000000000000000
core   0: 0x000000008000470e (0xb33a7b4f) fnmadd.d fs6, fs4, fs3, fs6
core   0: 1 0x000000008000470e (0xb33a7b4f) f22 0x7ff8000000000000
core   0: 0x0000000080004712 (0x1701e213) ori     tp, gp, 368
core   0: 1 0x0000000080004712 (0x1701e213) x4  0x0000000000000170
core   0: 0x0000000080004716 (0x4010d093) srai    ra, ra, 1
core   0: 1 0x0000000080004716 (0x4010d093) x1  0x000000004000200a
core   0: 0x000000008000471a (0x013c5c33) srl     s8, s8, s3
core   0: 1 0x000000008000471a (0x013c5c33) x24 0x0000000000000000
core   0: 0x000000008000471e (0x41a783b3) sub     t2, a5, s10
core   0: 1 0x000000008000471e (0x41a783b3) x7  0x0000000017fd0000
core   0: 0x0000000080004722 (0x40b584bb) subw    s1, a1, a1
core   0: 1 0x0000000080004722 (0x40b584bb) x9  0x0000000000000000
core   0: 0x0000000080004726 (0x2b1698d3) fmax.d  fa7, fa3, fa7
core   0: 1 0x0000000080004726 (0x2b1698d3) f17 0x41efffffffe00000
core   0: 0x000000008000472a (0x02de8eb3) mul     t4, t4, a3
core   0: 1 0x000000008000472a (0x02de8eb3) x29 0x0000000000000000
core   0: 0x000000008000472e (0x001c8d9b) addiw   s11, s9, 1
core   0: 1 0x000000008000472e (0x001c8d9b) x27 0x000000006940f0a3
core   0: 0x0000000080004732 (0x01bdc133) xor     sp, s11, s11
core   0: 1 0x0000000080004732 (0x01bdc133) x2  0x0000000000000000
core   0: 0x0000000080004736 (0x00654b33) xor     s6, a0, t1
core   0: 1 0x0000000080004736 (0x00654b33) x22 0x000000005f665000
core   0: 0x000000008000473a (0x62c8f243) fmadd.d ft4, fa7, fa2, fa2
core   0: 1 0x000000008000473a (0x62c8f243) f4  0x7ff8000000000000
core   0: 0x000000008000473e (0x00638a33) add     s4, t2, t1
core   0: 1 0x000000008000473e (0x00638a33) x20 0x0000000077635000
core   0: 0x0000000080004742 (0xe2088ed3) fmv.x.d t4, fa7
core   0: 1 0x0000000080004742 (0xe2088ed3) x29 0x41efffffffe00000
core   0: 0x0000000080004746 (0x41ea5093) srai    ra, s4, 30
core   0: 1 0x0000000080004746 (0x41ea5093) x1  0x0000000000000001
core   0: 0x000000008000474a (0x23282dd3) fsgnjx.d fs11, fa6, fs2
core   0: 1 0x000000008000474a (0x23282dd3) f27 0xffffffff00000000
core   0: 0x000000008000474e (0x0140973b) sllw    a4, ra, s4
core   0: 1 0x000000008000474e (0x0140973b) x14 0x0000000000000001
core   0: 0x0000000080004752 (0x01561ab3) sll     s5, a2, s5
core   0: 1 0x0000000080004752 (0x01561ab3) x21 0x0000000000000000
core   0: 0x0000000080004756 (0x01a299bb) sllw    s3, t0, s10
core   0: 1 0x0000000080004756 (0x01a299bb) x19 0x0000000000000011
core   0: 0x000000008000475a (0x0156f6b3) and     a3, a3, s5
core   0: 1 0x000000008000475a (0x0156f6b3) x13 0x0000000000000000
core   0: 0x000000008000475e (0x00100e1b) addiw   t3, zero, 1
core   0: 1 0x000000008000475e (0x00100e1b) x28 0x0000000000000001
core   0: 0x0000000080004762 (0x01b90c33) add     s8, s2, s11
core   0: 1 0x0000000080004762 (0x01b90c33) x24 0x00000000709130b7
core   0: 0x0000000080004766 (0x142076f3) csrrci  a3, scause, 0
core   0: 1 0x0000000080004766 (0x142076f3) x13 0x0000000000000000
core   0: 0x000000008000476a (0x0006801b) sext.w  zero, a3
core   0: 1 0x000000008000476a (0x0006801b)
core   0: 0x000000008000476e (0x0251713b) remuw   sp, sp, t0
core   0: 1 0x000000008000476e (0x0251713b) x2  0x0000000000000000
core   0: 0x0000000080004772 (0x0ff0000f) fence   iorw,iorw
core   0: 1 0x0000000080004772 (0x0ff0000f)
core   0: 0x0000000080004776 (0x02f7a0b3) mulhsu  ra, a5, a5
core   0: 1 0x0000000080004776 (0x02f7a0b3) x1  0x0000000000000000
core   0: 0x000000008000477a (0xc20f75d3) fcvt.w.d a1, ft10
core   0: 1 0x000000008000477a (0xc20f75d3) c1_fflags 0x0000000000000011 x11 0x000000007fffffff
core   0: 0x000000008000477e (0x01b2121b) slliw   tp, tp, 27
core   0: 1 0x000000008000477e (0x01b2121b) x4  0xffffffff80000000
core   0: 0x0000000080004782 (0x0310d7b3) divu    a5, ra, a7
core   0: 1 0x0000000080004782 (0x0310d7b3) x15 0x0000000000000000
core   0: 0x0000000080004786 (0x01ea929b) slliw   t0, s5, 30
core   0: 1 0x0000000080004786 (0x01ea929b) x5  0x0000000000000000
core   0: 0x000000008000478a (0x41085bbb) sraw    s7, a6, a6
core   0: 1 0x000000008000478a (0x41085bbb) x23 0x0000000000000000
core   0: 0x000000008000478e (0x00031313) slli    t1, t1, 0
core   0: 1 0x000000008000478e (0x00031313) x6  0x000000005f665000
core   0: 0x0000000080004792 (0xcfc6be97) auipc   t4, 0xcfc6b
core   0: 1 0x0000000080004792 (0xcfc6be97) x29 0x000000004fc6f792
core   0: 0x0000000080004796 (0x42090953) fcvt.d.s fs2, fs2
core   0: 1 0x0000000080004796 (0x42090953) f18 0x7ff8000000000000
core   0: 0x000000008000479a (0x001e8b33) add     s6, t4, ra
core   0: 1 0x000000008000479a (0x001e8b33) x22 0x000000004fc6f792
core   0: 0x000000008000479e (0x420e0b53) fcvt.d.s fs6, ft8
core   0: 1 0x000000008000479e (0x420e0b53) f22 0x7ff8000000000000
core   0: 0x00000000800047a2 (0x2a53f2cf) fnmadd.d ft5, ft7, ft5, ft5
core   0: 1 0x00000000800047a2 (0x2a53f2cf) f5  0x7ff8000000000000
core   0: 0x00000000800047a6 (0xe2090dd3) fmv.x.d s11, fs2
core   0: 1 0x00000000800047a6 (0xe2090dd3) x27 0x7ff8000000000000
core   0: 0x00000000800047aa (0x02507fc3) fmadd.d ft11, ft0, ft5, ft0
core   0: 1 0x00000000800047aa (0x02507fc3) f31 0x7ff8000000000000
core   0: 0x00000000800047ae (0x00102bf3) csrrs   s7, fflags, zero
core   0: 1 0x00000000800047ae (0x00102bf3) x23 0x0000000000000011
core   0: 0x00000000800047b2 (0x5abaf4c3) fmadd.d fs1, fs5, fa1, fa1
core   0: 1 0x00000000800047b2 (0x5abaf4c3) f9  0x7ff8000000000000
core   0: 0x00000000800047b6 (0x01ad9933) sll     s2, s11, s10
core   0: 1 0x00000000800047b6 (0x01ad9933) x18 0x7ff8000000000000
core   0: 0x00000000800047ba (0x01bb003b) addw    zero, s6, s11
core   0: 1 0x00000000800047ba (0x01bb003b)
core   0: 0x00000000800047be (0x00000001) c.nop
core   0: 1 0x00000000800047be (0x0001)
core   0: 0x00000000800047c0 (0xfff07593) andi    a1, zero, -1
core   0: 1 0x00000000800047c0 (0xfff07593) x11 0x0000000000000000
core   0: 0x00000000800047c4 (0x41315133) sra     sp, sp, s3
core   0: 1 0x00000000800047c4 (0x41315133) x2  0x0000000000000000
core   0: 0x00000000800047c8 (0x024434b7) lui     s1, 0x2443
core   0: 1 0x00000000800047c8 (0x024434b7) x9  0x0000000002443000
core   0: 0x00000000800047cc (0xcd14849b) addiw   s1, s1, -815
core   0: 1 0x00000000800047cc (0xcd14849b) x9  0x0000000002442cd1
core   0: 0x00000000800047d0 (0x000004b2) c.slli  s1, 12
core   0: 1 0x00000000800047d0 (0x04b2) x9  0x0000002442cd1000
core   0: 0x00000000800047d2 (0x88348493) addi    s1, s1, -1917
core   0: 1 0x00000000800047d2 (0x88348493) x9  0x0000002442cd0883
core   0: 0x00000000800047d6 (0x024f7f53) fadd.d  ft10, ft10, ft4
core   0: 1 0x00000000800047d6 (0x024f7f53) f30 0x7ff8000000000000
core   0: 0x00000000800047da (0x014e1e1b) slliw   t3, t3, 20
core   0: 1 0x00000000800047da (0x014e1e1b) x28 0x0000000000100000
core   0: 0x00000000800047de (0x01cb46b3) xor     a3, s6, t3
core   0: 1 0x00000000800047de (0x01cb46b3) x13 0x000000004fd6f792
core   0: 0x00000000800047e2 (0x01429d1b) slliw   s10, t0, 20
core   0: 1 0x00000000800047e2 (0x01429d1b) x26 0x0000000000000000
core   0: 0x00000000800047e6 (0x0067833b) addw    t1, a5, t1
core   0: 1 0x00000000800047e6 (0x0067833b) x6  0x000000005f665000
core   0: 0x00000000800047ea (0x01446a33) or      s4, s0, s4
core   0: 1 0x00000000800047ea (0x01446a33) x20 0x0000000077635000
core   0: 0x00000000800047ee (0x02e39cb3) mulh    s9, t2, a4
core   0: 1 0x00000000800047ee (0x02e39cb3) x25 0x0000000000000000
core   0: 0x00000000800047f2 (0x4071d5bb) sraw    a1, gp, t2
core   0: 1 0x00000000800047f2 (0x4071d5bb) x11 0x0000000000000000
core   0: 0x00000000800047f6 (0xd03a78d3) fcvt.s.lu fa7, s4
core   0: 1 0x00000000800047f6 (0xd03a78d3) f17 0xffffffff4eeec6a0
core   0: 0x00000000800047fa (0x00ba06b3) add     a3, s4, a1
core   0: 1 0x00000000800047fa (0x00ba06b3) x13 0x0000000077635000
core   0: 0x00000000800047fe (0x41b00033) sub     zero, zero, s11
core   0: 1 0x00000000800047fe (0x41b00033)
core   0: 0x0000000080004802 (0x2ae91e53) fmax.d  ft8, fs2, fa4
core   0: 1 0x0000000080004802 (0x2ae91e53) f28 0x0000000000000000
core   0: 0x0000000080004806 (0xa3c48153) fle.d   sp, fs1, ft8
core   0: 1 0x0000000080004806 (0xa3c48153) c1_fflags 0x0000000000000011 x2  0x0000000000000000
core   0: 0x000000008000480a (0x0165883b) addw    a6, a1, s6
core   0: 1 0x000000008000480a (0x0165883b) x16 0x000000004fc6f792
core   0: 0x000000008000480e (0x00002381) c.addiw t2, 0
core   0: 1 0x000000008000480e (0x2381) x7  0x0000000017fd0000
core   0: 0x0000000080004810 (0x007c52bb) srlw    t0, s8, t2
core   0: 1 0x0000000080004810 (0x007c52bb) x5  0x00000000709130b7
core   0: 0x0000000080004814 (0x018c1993) slli    s3, s8, 24
core   0: 1 0x0000000080004814 (0x018c1993) x19 0x00709130b7000000
core   0: 0x0000000080004818 (0x23e21c53) fsgnjn.d fs8, ft4, ft10
core   0: 1 0x0000000080004818 (0x23e21c53) f24 0xfff8000000000000
core   0: 0x000000008000481c (0x0ce98213) addi    tp, s3, 206
core   0: 1 0x000000008000481c (0x0ce98213) x4  0x00709130b70000ce
core   0: 0x0000000080004820 (0x0042043b) addw    s0, tp, tp
core   0: 1 0x0000000080004820 (0x0042043b) x8  0x000000006e00019c
core   0: 0x0000000080004824 (0x00f76933) or      s2, a4, a5
core   0: 1 0x0000000080004824 (0x00f76933) x18 0x0000000000000001
core   0: 0x0000000080004828 (0xd02474d3) fcvt.s.l fs1, s0
core   0: 1 0x0000000080004828 (0xd02474d3) c1_fflags 0x0000000000000011 f9  0xffffffff4edc0003
core   0: 0x000000008000482c (0x2a9f12d3) fmax.d  ft5, ft10, fs1
core   0: 1 0x000000008000482c (0x2a9f12d3) f5  0x7ff8000000000000
core   0: 0x0000000080004830 (0x4000d09b) sraiw   ra, ra, 0
core   0: 1 0x0000000080004830 (0x4000d09b) x1  0x0000000000000000
core   0: 0x0000000080004834 (0xc020f2f3) csrrci  t0, instret, 1
core   0: exception trap_illegal_instruction, epc 0x0000000080004834
core   0:           tval 0x00000000c020f2f3
core   0: >>>>  $xrv64i2p1_m2p0_a2p1_f2p2_d2p2_zicsr2p0_zifencei2p0_zmmul1p0_zba1p0_zbb1p0_zbc1p0_zbs1p0
core   0: 0x0000000080004000 (0x0080006f) j       pc + 0x8
core   0: 3 0x0000000080004000 (0x0080006f)
core   0: >>>>  mmode_exception_handler
core   0: 0x0000000080004008 (0x00002c17) auipc   s8, 0x2
core   0: 3 0x0000000080004008 (0x00002c17) x24 0x0000000080006008
core   0: 0x000000008000400c (0x0d6c0c13) addi    s8, s8, 214
core   0: 3 0x000000008000400c (0x0d6c0c13) x24 0x00000000800060de
core   0: 0x0000000080004010 (0x000c00e7) jalr    s8
core   0: 3 0x0000000080004010 (0x000c00e7) x1  0x0000000080004014
core   0: >>>>  any_handler
core   0: 0x00000000800060de (0x341027f3) csrrs   a5, mepc, zero
core   0: 3 0x00000000800060de (0x341027f3) x15 0x0000000080004834
core   0: 0x00000000800060e2 (0x34202773) csrrs   a4, mcause, zero
core   0: 3 0x00000000800060e2 (0x34202773) x14 0x0000000000000002
core   0: 0x00000000800060e6 (0x142026f3) csrrs   a3, scause, zero
core   0: 3 0x00000000800060e6 (0x142026f3) x13 0x0000000000000000
core   0: 0x00000000800060ea (0x30402673) csrrs   a2, mie, zero
core   0: 3 0x00000000800060ea (0x30402673) x12 0x0000000000000a00
core   0: 0x00000000800060ee (0x344025f3) csrrs   a1, mip, zero
core   0: 3 0x00000000800060ee (0x344025f3) x11 0x0000000000000080
core   0: 0x00000000800060f2 (0x343025f3) csrrs   a1, mtval, zero
core   0: 3 0x00000000800060f2 (0x343025f3) x11 0x00000000c020f2f3
core   0: 0x00000000800060f6 (0x14302573) csrrs   a0, stval, zero
core   0: 3 0x00000000800060f6 (0x14302573) x10 0x0000000000000000
core   0: 0x00000000800060fa (0xb02024f3) csrrs   s1, minstret, zero
core   0: 3 0x00000000800060fa (0xb02024f3) x9  0x0000000000000a4e
core   0: 0x00000000800060fe (0x0000a811) c.j     pc + 20
core   0: 3 0x00000000800060fe (0xa811)
core   0: >>>>  mepc_4
core   0: 0x0000000080006112 (0x00000791) c.addi  a5, 4
core   0: 3 0x0000000080006112 (0x0791) x15 0x0000000080004838
core   0: 0x0000000080006114 (0x34179073) csrrw   zero, mepc, a5
core   0: 3 0x0000000080006114 (0x34179073) c833_mepc 0x0000000080004838
core   0: 0x0000000080006118 (0x30200073) mret
core   0: 3 0x0000000080006118 (0x30200073) c768_mstatus 0x8000000a00106080
core   0: 0x0000000080004838 (0x40a551b3) sra     gp, a0, a0
core   0: 1 0x0000000080004838 (0x40a551b3) x3  0x0000000000000000
core   0: 0x000000008000483c (0x0ff0000f) fence   iorw,iorw
core   0: 1 0x000000008000483c (0x0ff0000f)
core   0: 0x0000000080004840 (0x43f35993) srai    s3, t1, 63
core   0: 1 0x0000000080004840 (0x43f35993) x19 0x0000000000000000
core   0: 0x0000000080004844 (0x01f1d11b) srliw   sp, gp, 31
core   0: 1 0x0000000080004844 (0x01f1d11b) x2  0x0000000000000000
core   0: 0x0000000080004848 (0x0072943b) sllw    s0, t0, t2
core   0: 1 0x0000000080004848 (0x0072943b) x8  0x00000000709130b7
core   0: 0x000000008000484c (0x03f7f7d3) fadd.d  fa5, fa5, ft11
core   0: 1 0x000000008000484c (0x03f7f7d3) f15 0x7ff8000000000000
core   0: 0x0000000080004850 (0x43b3d293) srai    t0, t2, 59
core   0: 1 0x0000000080004850 (0x43b3d293) x5  0x0000000000000000
core   0: 0x0000000080004854 (0x0147d51b) srliw   a0, a5, 20
core   0: 1 0x0000000080004854 (0x0147d51b) x10 0x0000000000000800
core   0: 0x0000000080004858 (0x02555ab3) divu    s5, a0, t0
core   0: 1 0x0000000080004858 (0x02555ab3) x21 0xffffffffffffffff
core   0: 0x000000008000485c (0x9edc10b7) lui     ra, 0x9edc1
core   0: 1 0x000000008000485c (0x9edc10b7) x1  0xffffffff9edc1000
core   0: 0x0000000080004860 (0x02f077bb) remuw   a5, zero, a5
core   0: 1 0x0000000080004860 (0x02f077bb) x15 0x0000000000000000
core   0: 0x0000000080004864 (0xd21089d3) fcvt.d.wu fs3, ra
core   0: 1 0x0000000080004864 (0xd21089d3) f19 0x41e3db8200000000
core   0: 0x0000000080004868 (0xd22978d3) fcvt.d.l fa7, s2
core   0: 1 0x0000000080004868 (0xd22978d3) f17 0x3ff0000000000000
core   0: 0x000000008000486c (0x033ed533) divu    a0, t4, s3
core   0: 1 0x000000008000486c (0x033ed533) x10 0xffffffffffffffff
core   0: 0x0000000080004870 (0x0109fb33) and     s6, s3, a6
core   0: 1 0x0000000080004870 (0x0109fb33) x22 0x0000000000000000
core   0: 0x0000000080004874 (0x1bf8fe53) fdiv.d  ft8, fa7, ft11
core   0: 1 0x0000000080004874 (0x1bf8fe53) f28 0x7ff8000000000000
core   0: 0x0000000080004878 (0x0183531b) srliw   t1, t1, 24
core   0: 1 0x0000000080004878 (0x0183531b) x6  0x000000000000005f
core   0: 0x000000008000487c (0xff9f46b7) lui     a3, 0xff9f4
core   0: 1 0x000000008000487c (0xff9f46b7) x13 0xffffffffff9f4000
core   0: 0x0000000080004880 (0xd156869b) addiw   a3, a3, -747
core   0: 1 0x0000000080004880 (0xd156869b) x13 0xffffffffff9f3d15
core   0: 0x0000000080004884 (0x000006be) c.slli  a3, 15
core   0: 1 0x0000000080004884 (0x06be) x13 0xffffffcf9e8a8000
core   0: 0x0000000080004886 (0x90268693) addi    a3, a3, -1790
core   0: 1 0x0000000080004886 (0x90268693) x13 0xffffffcf9e8a7902
core   0: 0x000000008000488a (0x020073c7) fmsub.d ft7, ft0, ft0, ft0
core   0: 1 0x000000008000488a (0x020073c7) f7  0x0000000000000000
core   0: 0x000000008000488e (0x932a71cb) fnmsub.d ft3, fs4, fs2, fs2
core   0: 1 0x000000008000488e (0x932a71cb) f3  0x7ff8000000000000
core   0: 0x0000000080004892 (0x401878d3) fcvt.s.d fa7, fa6
core   0: 1 0x0000000080004892 (0x401878d3) f17 0xffffffff7fc00000
core   0: 0x0000000080004896 (0x002024f3) csrrs   s1, frm, zero
core   0: 1 0x0000000080004896 (0x002024f3) x9  0x0000000000000000
core   0: 0x000000008000489a (0x00008ba6) c.mv    s7, s1
core   0: 1 0x000000008000489a (0x8ba6) x23 0x0000000000000000
core   0: 0x000000008000489c (0x404a853b) subw    a0, s5, tp
core   0: 1 0x000000008000489c (0x404a853b) x10 0x0000000048ffff31
core   0: 0x00000000800048a0 (0x2ac61bd3) fmax.d  fs7, fa2, fa2
core   0: 1 0x00000000800048a0 (0x2ac61bd3) f23 0x7ff8000000000000
core   0: 0x00000000800048a4 (0x7ffc6b93) ori     s7, s8, 2047
core   0: 1 0x00000000800048a4 (0x7ffc6b93) x23 0x00000000800067ff
core   0: 0x00000000800048a8 (0x00000001) c.nop
core   0: 1 0x00000000800048a8 (0x0001)
core   0: 0x00000000800048aa (0xd02bf553) fcvt.s.l fa0, s7
core   0: 1 0x00000000800048aa (0xd02bf553) c1_fflags 0x0000000000000011 f10 0xffffffff4f000068
core   0: 0x00000000800048ae (0x42080753) fcvt.d.s fa4, fa6
core   0: 1 0x00000000800048ae (0x42080753) f14 0x0000000000000000
core   0: 0x00000000800048b2 (0x401e7e53) fcvt.s.d ft8, ft8
core   0: 1 0x00000000800048b2 (0x401e7e53) f28 0xffffffff7fc00000
core   0: 0x00000000800048b6 (0x031cc733) div     a4, s9, a7
core   0: 1 0x00000000800048b6 (0x031cc733) x14 0x0000000000000000
core   0: 0x00000000800048ba (0x5a0cfbd3) fsqrt.d fs7, fs9
core   0: 1 0x00000000800048ba (0x5a0cfbd3) f23 0x0000000000000000
core   0: 0x00000000800048be (0xc2177053) fcvt.wu.d zero, fa4
core   0: 1 0x00000000800048be (0xc2177053)
core   0: 0x00000000800048c2 (0xc20bf553) fcvt.w.d a0, fs7
core   0: 1 0x00000000800048c2 (0xc20bf553) x10 0x0000000000000000
core   0: 0x00000000800048c6 (0xf2020ad3) fmv.d.x fs5, tp
core   0: 1 0x00000000800048c6 (0xf2020ad3) f21 0x00709130b70000ce
core   0: 0x00000000800048ca (0x4130d89b) sraiw   a7, ra, 19
core   0: 1 0x00000000800048ca (0x4130d89b) x17 0xfffffffffffff3db
core   0: 0x00000000800048ce (0x2b530153) fmin.d  ft2, ft6, fs5
core   0: 1 0x00000000800048ce (0x2b530153) f2  0x00709130b70000ce
core   0: 0x00000000800048d2 (0x017d5a33) srl     s4, s10, s7
core   0: 1 0x00000000800048d2 (0x017d5a33) x20 0x0000000000000000
core   0: 0x00000000800048d6 (0x403bd733) sra     a4, s7, gp
core   0: 1 0x00000000800048d6 (0x403bd733) x14 0x00000000800067ff
core   0: 0x00000000800048da (0x03419b33) mulh    s6, gp, s4
core   0: 1 0x00000000800048da (0x03419b33) x22 0x0000000000000000
core   0: 0x00000000800048de (0x030cf5bb) remuw   a1, s9, a6
core   0: 1 0x00000000800048de (0x030cf5bb) x11 0x0000000000000000
core   0: 0x00000000800048e2 (0x00009605) c.srai  a2, 33
core   0: 1 0x00000000800048e2 (0x9605) x12 0x0000000000000000
core   0: 0x00000000800048e4 (0x1b9fffd3) fdiv.d  ft11, ft11, fs9
core   0: 1 0x00000000800048e4 (0x1b9fffd3) f31 0x7ff8000000000000
core   0: 0x00000000800048e8 (0x03c90c33) mul     s8, s2, t3
core   0: 1 0x00000000800048e8 (0x03c90c33) x24 0x0000000000100000
core   0: 0x00000000800048ec (0x41bc52b3) sra     t0, s8, s11
core   0: 1 0x00000000800048ec (0x41bc52b3) x5  0x0000000000100000
core   0: 0x00000000800048f0 (0xf668f313) andi    t1, a7, -154
core   0: 1 0x00000000800048f0 (0xf668f313) x6  0xfffffffffffff342
core   0: 0x00000000800048f4 (0x02fefebb) remuw   t4, t4, a5
core   0: 1 0x00000000800048f4 (0x02fefebb) x29 0x000000004fc6f792
core   0: 0x00000000800048f8 (0x000c1213) slli    tp, s8, 0
core   0: 1 0x00000000800048f8 (0x000c1213) x4  0x0000000000100000
core   0: 0x00000000800048fc (0x004ceab3) or      s5, s9, tp
core   0: 1 0x00000000800048fc (0x004ceab3) x21 0x0000000000100000
core   0: 0x0000000080004900 (0x4179893b) subw    s2, s3, s7
core   0: 1 0x0000000080004900 (0x4179893b) x18 0x000000007fff9801
core   0: 0x0000000080004904 (0x40d00033) sub     zero, zero, a3
core   0: 1 0x0000000080004904 (0x40d00033)
core   0: 0x0000000080004908 (0xfb9ff9cb) fnmsub.d fs3, ft11, fs9, ft11
core   0: 1 0x0000000080004908 (0xfb9ff9cb) f19 0x7ff8000000000000
core   0: 0x000000008000490c (0xd2078e53) fcvt.d.w ft8, a5
core   0: 1 0x000000008000490c (0xd2078e53) f28 0x0000000000000000
core   0: 0x0000000080004910 (0x014cd8bb) srlw    a7, s9, s4
core   0: 1 0x0000000080004910 (0x014cd8bb) x17 0x0000000000000000
core   0: 0x0000000080004914 (0x5ac87c4f) fnmadd.d fs8, fa6, fa2, fa1
core   0: 1 0x0000000080004914 (0x5ac87c4f) f24 0x7ff8000000000000
core   0: 0x0000000080004918 (0x001616f3) csrrw   a3, fflags, a2
core   0: 1 0x0000000080004918 (0x001616f3) x13 0x0000000000000011 c1_fflags 0x0000000000000000
core   0: 0x000000008000491c (0xa2b70653) fle.d   a2, fa4, fa1
core   0: 1 0x000000008000491c (0xa2b70653) c1_fflags 0x0000000000000010 x12 0x0000000000000000
core   0: 0x0000000080004920 (0x02c51393) slli    t2, a0, 44
core   0: 1 0x0000000080004920 (0x02c51393) x7  0x0000000000000000
core   0: 0x0000000080004924 (0xd020f853) fcvt.s.l fa6, ra
core   0: 1 0x0000000080004924 (0xd020f853) f16 0xffffffffcec247e0
core   0: 0x0000000080004928 (0x00261873) csrrw   a6, frm, a2
core   0: 1 0x0000000080004928 (0x00261873) x16 0x0000000000000000 c2_frm 0x0000000000000000
core   0: 0x000000008000492c (0x0036d69b) srliw   a3, a3, 3
core   0: 1 0x000000008000492c (0x0036d69b) x13 0x0000000000000002
core   0: 0x0000000080004930 (0xd2138b53) fcvt.d.wu fs6, t2
core   0: 1 0x0000000080004930 (0xd2138b53) f22 0x0000000000000000
core   0: 0x0000000080004934 (0x5a00f7d3) fsqrt.d fa5, ft1
core   0: 1 0x0000000080004934 (0x5a00f7d3) f15 0x7ff8000000000000
core   0: 0x0000000080004938 (0x41510a33) sub     s4, sp, s5
core   0: 1 0x0000000080004938 (0x41510a33) x20 0xfffffffffff00000
core   0: 0x000000008000493c (0x414d50b3) sra     ra, s10, s4
core   0: 1 0x000000008000493c (0x414d50b3) x1  0x0000000000000000
core   0: 0x0000000080004940 (0x000b7e93) andi    t4, s6, 0
core   0: 1 0x0000000080004940 (0x000b7e93) x29 0x0000000000000000
core   0: 0x0000000080004944 (0xd02a7653) fcvt.s.l fa2, s4
core   0: 1 0x0000000080004944 (0xd02a7653) f12 0xffffffffc9800000
core   0: 0x0000000080004948 (0x0ff0000f) fence   iorw,iorw
core   0: 1 0x0000000080004948 (0x0ff0000f)
core   0: 0x000000008000494c (0x00e959bb) srlw    s3, s2, a4
core   0: 1 0x000000008000494c (0x00e959bb) x19 0x0000000000000000
core   0: 0x0000000080004950 (0x4019de13) srai    t3, s3, 1
core   0: 1 0x0000000080004950 (0x4019de13) x28 0x0000000000000000
core   0: 0x0000000080004954 (0x00099033) sll     zero, s3, zero
core   0: 1 0x0000000080004954 (0x00099033)
core   0: 0x0000000080004958 (0x006ad33b) srlw    t1, s5, t1
core   0: 1 0x0000000080004958 (0x006ad33b) x6  0x0000000000040000
core   0: 0x000000008000495c (0x00202973) csrrs   s2, frm, zero
core   0: 1 0x000000008000495c (0x00202973) x18 0x0000000000000000
core   0: 0x0000000080004960 (0x5a0673d3) fsqrt.d ft7, fa2
core   0: 1 0x0000000080004960 (0x5a0673d3) f7  0x7ff8000000000000
core   0: 0x0000000080004964 (0xa801019b) addiw   gp, sp, -1408
core   0: 1 0x0000000080004964 (0xa801019b) x3  0xfffffffffffffa80
core   0: 0x0000000080004968 (0x00341ab3) sll     s5, s0, gp
core   0: 1 0x0000000080004968 (0x00341ab3) x21 0x00000000709130b7
core   0: 0x000000008000496c (0x4121863b) subw    a2, gp, s2
core   0: 1 0x000000008000496c (0x4121863b) x12 0xfffffffffffffa80
core   0: 0x0000000080004970 (0x0158d793) srli    a5, a7, 21
core   0: 1 0x0000000080004970 (0x0158d793) x15 0x0000000000000000
core   0: 0x0000000080004974 (0x40f554bb) sraw    s1, a0, a5
core   0: 1 0x0000000080004974 (0x40f554bb) x9  0x0000000000000000
core   0: 0x0000000080004978 (0xc033f5d3) fcvt.lu.s a1, ft7
core   0: 1 0x0000000080004978 (0xc033f5d3) c1_fflags 0x0000000000000010 x11 0xffffffffffffffff
core   0: 0x000000008000497c (0xc20a7053) fcvt.w.d zero, fs4
core   0: 1 0x000000008000497c (0xc20a7053) c1_fflags 0x0000000000000010
core   0: 0x0000000080004980 (0x4019d51b) sraiw   a0, s3, 1
core   0: 1 0x0000000080004980 (0x4019d51b) x10 0x0000000000000000
core   0: 0x0000000080004984 (0xc2267953) fcvt.l.d s2, fa2
core   0: 1 0x0000000080004984 (0xc2267953) c1_fflags 0x0000000000000010 x18 0x7fffffffffffffff
core   0: 0x0000000080004988 (0x420d0d53) fcvt.d.s fs10, fs10
core   0: 1 0x0000000080004988 (0x420d0d53) f26 0x7ff8000000000000
core   0: 0x000000008000498c (0x018807b3) add     a5, a6, s8
core   0: 1 0x000000008000498c (0x018807b3) x15 0x0000000000100000
core   0: 0x0000000080004990 (0x03fd1713) slli    a4, s10, 63
core   0: 1 0x0000000080004990 (0x03fd1713) x14 0x0000000000000000
core   0: 0x0000000080004994 (0x0ff0000f) fence   iorw,iorw
core   0: 1 0x0000000080004994 (0x0ff0000f)
core   0: 0x0000000080004998 (0x41655b13) srai    s6, a0, 22
core   0: 1 0x0000000080004998 (0x41655b13) x22 0x0000000000000000
core   0: 0x000000008000499c (0x420f88d3) fcvt.d.s fa7, ft11
core   0: 1 0x000000008000499c (0x420f88d3) f17 0x7ff8000000000000
core   0: 0x00000000800049a0 (0x026e633b) remw    t1, t3, t1
core   0: 1 0x00000000800049a0 (0x026e633b) x6  0x0000000000000000
core   0: 0x00000000800049a4 (0x01b350b3) srl     ra, t1, s11
core   0: 1 0x00000000800049a4 (0x01b350b3) x1  0x0000000000000000
core   0: 0x00000000800049a8 (0x01d0f133) and     sp, ra, t4
core   0: 1 0x00000000800049a8 (0x01d0f133) x2  0x0000000000000000
core   0: 0x00000000800049ac (0xe6a60637) lui     a2, 0xe6a60
core   0: 1 0x00000000800049ac (0xe6a60637) x12 0xffffffffe6a60000
core   0: 0x00000000800049b0 (0x000b541b) srliw   s0, s6, 0
core   0: 1 0x00000000800049b0 (0x000b541b) x8  0x0000000000000000
core   0: 0x00000000800049b4 (0x000cdcb3) srl     s9, s9, zero
core   0: 1 0x00000000800049b4 (0x000cdcb3) x25 0x0000000000000000
core   0: 0x00000000800049b8 (0x00000001) c.nop
core   0: 1 0x00000000800049b8 (0x0001)
core   0: 0x00000000800049ba (0x002028f3) csrrs   a7, frm, zero
core   0: 1 0x00000000800049ba (0x002028f3) x17 0x0000000000000000
core   0: 0x00000000800049be (0xc0207353) fcvt.l.s t1, ft0
core   0: 1 0x00000000800049be (0xc0207353) c1_fflags 0x0000000000000010 x6  0x7fffffffffffffff
core   0: 0x00000000800049c2 (0x2ab88153) fmin.d  ft2, fa7, fa1
core   0: 1 0x00000000800049c2 (0x2ab88153) f2  0x7ff8000000000000
core   0: 0x00000000800049c6 (0x747cfd73) csrrci  s10, mseccfg, 25
core   0: exception trap_illegal_instruction, epc 0x00000000800049c6
core   0:           tval 0x00000000747cfd73
core   0: >>>>  $xrv64i2p1_m2p0_a2p1_f2p2_d2p2_zicsr2p0_zifencei2p0_zmmul1p0_zba1p0_zbb1p0_zbc1p0_zbs1p0
core   0: 0x0000000080004000 (0x0080006f) j       pc + 0x8
core   0: 3 0x0000000080004000 (0x0080006f)
core   0: >>>>  mmode_exception_handler
core   0: 0x0000000080004008 (0x00002c17) auipc   s8, 0x2
core   0: 3 0x0000000080004008 (0x00002c17) x24 0x0000000080006008
core   0: 0x000000008000400c (0x0d6c0c13) addi    s8, s8, 214
core   0: 3 0x000000008000400c (0x0d6c0c13) x24 0x00000000800060de
core   0: 0x0000000080004010 (0x000c00e7) jalr    s8
core   0: 3 0x0000000080004010 (0x000c00e7) x1  0x0000000080004014
core   0: >>>>  any_handler
core   0: 0x00000000800060de (0x341027f3) csrrs   a5, mepc, zero
core   0: 3 0x00000000800060de (0x341027f3) x15 0x00000000800049c6
core   0: 0x00000000800060e2 (0x34202773) csrrs   a4, mcause, zero
core   0: 3 0x00000000800060e2 (0x34202773) x14 0x0000000000000002
core   0: 0x00000000800060e6 (0x142026f3) csrrs   a3, scause, zero
core   0: 3 0x00000000800060e6 (0x142026f3) x13 0x0000000000000000
core   0: 0x00000000800060ea (0x30402673) csrrs   a2, mie, zero
core   0: 3 0x00000000800060ea (0x30402673) x12 0x0000000000000a00
core   0: 0x00000000800060ee (0x344025f3) csrrs   a1, mip, zero
core   0: 3 0x00000000800060ee (0x344025f3) x11 0x0000000000000080
core   0: 0x00000000800060f2 (0x343025f3) csrrs   a1, mtval, zero
core   0: 3 0x00000000800060f2 (0x343025f3) x11 0x00000000747cfd73
core   0: 0x00000000800060f6 (0x14302573) csrrs   a0, stval, zero
core   0: 3 0x00000000800060f6 (0x14302573) x10 0x0000000000000000
core   0: 0x00000000800060fa (0xb02024f3) csrrs   s1, minstret, zero
core   0: 3 0x00000000800060fa (0xb02024f3) x9  0x0000000000000ac4
core   0: 0x00000000800060fe (0x0000a811) c.j     pc + 20
core   0: 3 0x00000000800060fe (0xa811)
core   0: >>>>  mepc_4
core   0: 0x0000000080006112 (0x00000791) c.addi  a5, 4
core   0: 3 0x0000000080006112 (0x0791) x15 0x00000000800049ca
core   0: 0x0000000080006114 (0x34179073) csrrw   zero, mepc, a5
core   0: 3 0x0000000080006114 (0x34179073) c833_mepc 0x00000000800049ca
core   0: 0x0000000080006118 (0x30200073) mret
core   0: 3 0x0000000080006118 (0x30200073) c768_mstatus 0x8000000a00106080
core   0: 0x00000000800049ca (0x00cbdbbb) srlw    s7, s7, a2
core   0: 1 0x00000000800049ca (0x00cbdbbb) x23 0xffffffff800067ff
core   0: 0x00000000800049ce (0x411ad2b3) sra     t0, s5, a7
core   0: 1 0x00000000800049ce (0x411ad2b3) x5  0x00000000709130b7
core   0: 0x00000000800049d2 (0x0382ac33) mulhsu  s8, t0, s8
core   0: 1 0x00000000800049d2 (0x0382ac33) x24 0x0000000000000000
core   0: 0x00000000800049d6 (0x0aa17553) fsub.d  fa0, ft2, fa0
core   0: 1 0x00000000800049d6 (0x0aa17553) f10 0x7ff8000000000000
core   0: 0x00000000800049da (0x000095fd) c.srai  a1, 63
core   0: 1 0x00000000800049da (0x95fd) x11 0x0000000000000000
core   0: 0x00000000800049dc (0x03bd2233) mulhsu  tp, s10, s11
core   0: 1 0x00000000800049dc (0x03bd2233) x4  0x0000000000000000
core   0: 0x00000000800049e0 (0x00002285) c.addiw t0, 1
core   0: 1 0x00000000800049e0 (0x2285) x5  0x00000000709130b8
core   0: 0x00000000800049e2 (0x9de9e317) auipc   t1, 0x9de9e
core   0: 1 0x00000000800049e2 (0x9de9e317) x6  0x000000001dea29e2
core   0: 0x00000000800049e6 (0x2ad680d3) fmin.d  ft1, fa3, fa3
core   0: 1 0x00000000800049e6 (0x2ad680d3) f1  0x7ff8000000000000
core   0: 0x00000000800049ea (0x039d4d33) div     s10, s10, s9
core   0: 1 0x00000000800049ea (0x039d4d33) x26 0xffffffffffffffff
core   0: 0x00000000800049ee (0xd23df3d3) fcvt.d.lu ft7, s11
core   0: 1 0x00000000800049ee (0xd23df3d3) f7  0x43dffe0000000000
core   0: 0x00000000800049f2 (0x00289333) sll     t1, a7, sp
core   0: 1 0x00000000800049f2 (0x00289333) x6  0x0000000000000000
core   0: 0x00000000800049f6 (0x038de0bb) remw    ra, s11, s8
core   0: 1 0x00000000800049f6 (0x038de0bb) x1  0x0000000000000000
core   0: 0x00000000800049fa (0xd21802d3) fcvt.d.wu ft5, a6
core   0: 1 0x00000000800049fa (0xd21802d3) f5  0x0000000000000000
core   0: 0x00000000800049fe (0x002d5bbb) srlw    s7, s10, sp
core   0: 1 0x00000000800049fe (0x002d5bbb) x23 0xffffffffffffffff
core   0: 0x0000000080004a02 (0x40000b3b) subw    s6, zero, zero
core   0: 1 0x0000000080004a02 (0x40000b3b) x22 0x0000000000000000
core   0: 0x0000000080004a06 (0x01601c9b) slliw   s9, zero, 22
core   0: 1 0x0000000080004a06 (0x01601c9b) x25 0x0000000000000000
core   0: 0x0000000080004a0a (0xc2147253) fcvt.wu.d tp, fs0
core   0: 1 0x0000000080004a0a (0xc2147253) c1_fflags 0x0000000000000010 x4  0xffffffffffffffff
core   0: 0x0000000080004a0e (0x004269b3) or      s3, tp, tp
core   0: 1 0x0000000080004a0e (0x004269b3) x19 0xffffffffffffffff
core   0: 0x0000000080004a12 (0x0257d033) divu    zero, a5, t0
core   0: 1 0x0000000080004a12 (0x0257d033)
core   0: 0x0000000080004a16 (0x4094d4bb) sraw    s1, s1, s1
core   0: 1 0x0000000080004a16 (0x4094d4bb) x9  0x00000000000000ac
core   0: 0x0000000080004a1a (0x0281d43b) divuw   s0, gp, s0
core   0: 1 0x0000000080004a1a (0x0281d43b) x8  0xffffffffffffffff
core   0: 0x0000000080004a1e (0x0273b3b3) mulhu   t2, t2, t2
core   0: 1 0x0000000080004a1e (0x0273b3b3) x7  0x0000000000000000
core   0: 0x0000000080004a22 (0x00738e3b) addw    t3, t2, t2
core   0: 1 0x0000000080004a22 (0x00738e3b) x28 0x0000000000000000
core   0: 0x0000000080004a26 (0x0717b117) auipc   sp, 0x717b
core   0: 1 0x0000000080004a26 (0x0717b117) x2  0x000000008717fa26
core   0: 0x0000000080004a2a (0x40de5e33) sra     t3, t3, a3
core   0: 1 0x0000000080004a2a (0x40de5e33) x28 0x0000000000000000
core   0: 0x0000000080004a2e (0x02eef1bb) remuw   gp, t4, a4
core   0: 1 0x0000000080004a2e (0x02eef1bb) x3  0x0000000000000000
core   0: 0x0000000080004a32 (0x021bebbb) remw    s7, s7, ra
core   0: 1 0x0000000080004a32 (0x021bebbb) x23 0xffffffffffffffff
core   0: 0x0000000080004a36 (0x01aa2a33) slt     s4, s4, s10
core   0: 1 0x0000000080004a36 (0x01aa2a33) x20 0x0000000000000001
core   0: 0x0000000080004a3a (0xc2127453) fcvt.wu.d s0, ft4
core   0: 1 0x0000000080004a3a (0xc2127453) c1_fflags 0x0000000000000010 x8  0xffffffffffffffff
core   0: 0x0000000080004a3e (0x00139713) slli    a4, t2, 1
core   0: 1 0x0000000080004a3e (0x00139713) x14 0x0000000000000000
core   0: 0x0000000080004a42 (0x400c853b) subw    a0, s9, zero
core   0: 1 0x0000000080004a42 (0x400c853b) x10 0x0000000000000000
core   0: 0x0000000080004a46 (0x00102bf3) csrrs   s7, fflags, zero
core   0: 1 0x0000000080004a46 (0x00102bf3) x23 0x0000000000000010
core   0: 0x0000000080004a4a (0x028bc5bb) divw    a1, s7, s0
core   0: 1 0x0000000080004a4a (0x028bc5bb) x11 0xfffffffffffffff0
core   0: 0x0000000080004a4e (0xf1107af3) csrrci  s5, mvendorid, 0
core   0: exception trap_illegal_instruction, epc 0x0000000080004a4e
core   0:           tval 0x00000000f1107af3
core   0: >>>>  $xrv64i2p1_m2p0_a2p1_f2p2_d2p2_zicsr2p0_zifencei2p0_zmmul1p0_zba1p0_zbb1p0_zbc1p0_zbs1p0
core   0: 0x0000000080004000 (0x0080006f) j       pc + 0x8
core   0: 3 0x0000000080004000 (0x0080006f)
core   0: >>>>  mmode_exception_handler
core   0: 0x0000000080004008 (0x00002c17) auipc   s8, 0x2
core   0: 3 0x0000000080004008 (0x00002c17) x24 0x0000000080006008
core   0: 0x000000008000400c (0x0d6c0c13) addi    s8, s8, 214
core   0: 3 0x000000008000400c (0x0d6c0c13) x24 0x00000000800060de
core   0: 0x0000000080004010 (0x000c00e7) jalr    s8
core   0: 3 0x0000000080004010 (0x000c00e7) x1  0x0000000080004014
core   0: >>>>  any_handler
core   0: 0x00000000800060de (0x341027f3) csrrs   a5, mepc, zero
core   0: 3 0x00000000800060de (0x341027f3) x15 0x0000000080004a4e
core   0: 0x00000000800060e2 (0x34202773) csrrs   a4, mcause, zero
core   0: 3 0x00000000800060e2 (0x34202773) x14 0x0000000000000002
core   0: 0x00000000800060e6 (0x142026f3) csrrs   a3, scause, zero
core   0: 3 0x00000000800060e6 (0x142026f3) x13 0x0000000000000000
core   0: 0x00000000800060ea (0x30402673) csrrs   a2, mie, zero
core   0: 3 0x00000000800060ea (0x30402673) x12 0x0000000000000a00
core   0: 0x00000000800060ee (0x344025f3) csrrs   a1, mip, zero
core   0: 3 0x00000000800060ee (0x344025f3) x11 0x0000000000000080
core   0: 0x00000000800060f2 (0x343025f3) csrrs   a1, mtval, zero
core   0: 3 0x00000000800060f2 (0x343025f3) x11 0x00000000f1107af3
core   0: 0x00000000800060f6 (0x14302573) csrrs   a0, stval, zero
core   0: 3 0x00000000800060f6 (0x14302573) x10 0x0000000000000000
core   0: 0x00000000800060fa (0xb02024f3) csrrs   s1, minstret, zero
core   0: 3 0x00000000800060fa (0xb02024f3) x9  0x0000000000000af6
core   0: 0x00000000800060fe (0x0000a811) c.j     pc + 20
core   0: 3 0x00000000800060fe (0xa811)
core   0: >>>>  mepc_4
core   0: 0x0000000080006112 (0x00000791) c.addi  a5, 4
core   0: 3 0x0000000080006112 (0x0791) x15 0x0000000080004a52
core   0: 0x0000000080006114 (0x34179073) csrrw   zero, mepc, a5
core   0: 3 0x0000000080006114 (0x34179073) c833_mepc 0x0000000080004a52
core   0: 0x0000000080006118 (0x30200073) mret
core   0: 3 0x0000000080006118 (0x30200073) c768_mstatus 0x8000000a00106080
core   0: 0x0000000080004a52 (0x03b05713) srli    a4, zero, 59
core   0: 1 0x0000000080004a52 (0x03b05713) x14 0x0000000000000000
core   0: 0x0000000080004a56 (0x00e1873b) addw    a4, gp, a4
core   0: 1 0x0000000080004a56 (0x00e1873b) x14 0x0000000000000000
core   0: 0x0000000080004a5a (0x027ae133) rem     sp, s5, t2
core   0: 1 0x0000000080004a5a (0x027ae133) x2  0x00000000709130b7
core   0: 0x0000000080004a5e (0x00000001) c.nop
core   0: 1 0x0000000080004a5e (0x0001)
core   0: 0x0000000080004a60 (0x0275f0bb) remuw   ra, a1, t2
core   0: 1 0x0000000080004a60 (0x0275f0bb) x1  0xfffffffff1107af3
core   0: 0x0000000080004a64 (0x001ee593) ori     a1, t4, 1
core   0: 1 0x0000000080004a64 (0x001ee593) x11 0x0000000000000001
core   0: 0x0000000080004a68 (0xd030fe53) fcvt.s.lu ft8, ra
core   0: 1 0x0000000080004a68 (0xd030fe53) c1_fflags 0x0000000000000011 f28 0xffffffff5f800000
core   0: 0x0000000080004a6c (0x0017ddbb) srlw    s11, a5, ra
core   0: 1 0x0000000080004a6c (0x0017ddbb) x27 0x0000000000001000
core   0: 0x0000000080004a70 (0x0324a4b3) mulhsu  s1, s1, s2
core   0: 1 0x0000000080004a70 (0x0324a4b3) x9  0x000000000000057a
core   0: 0x0000000080004a74 (0x23c494d3) fsgnjn.d fs1, fs1, ft8
core   0: 1 0x0000000080004a74 (0x23c494d3) f9  0x7fffffff4edc0003
core   0: 0x0000000080004a78 (0x0ff0000f) fence   iorw,iorw
core   0: 1 0x0000000080004a78 (0x0ff0000f)
core   0: 0x0000000080004a7c (0x036df13b) remuw   sp, s11, s6
core   0: 1 0x0000000080004a7c (0x036df13b) x2  0x0000000000001000
core   0: 0x0000000080004a80 (0xc038f353) fcvt.lu.s t1, fa7
core   0: 1 0x0000000080004a80 (0xc038f353) c1_fflags 0x0000000000000011 x6  0xffffffffffffffff
core   0: 0x0000000080004a84 (0x0003109b) slliw   ra, t1, 0
core   0: 1 0x0000000080004a84 (0x0003109b) x1  0xffffffffffffffff
core   0: 0x0000000080004a88 (0xcaa97747) fmsub.d fa4, fs2, fa0, fs9
core   0: 1 0x0000000080004a88 (0xcaa97747) f14 0x7ff8000000000000
core   0: 0x0000000080004a8c (0x83f87fc7) fmsub.d ft11, fa6, ft11, fa6
core   0: 1 0x0000000080004a8c (0x83f87fc7) f31 0x7ff8000000000000
core   0: 0x0000000080004a90 (0x16a2c113) xori    sp, t0, 362
core   0: 1 0x0000000080004a90 (0x16a2c113) x2  0x00000000709131d2
core   0: 0x0000000080004a94 (0xfff60e1b) addiw   t3, a2, -1
core   0: 1 0x0000000080004a94 (0xfff60e1b) x28 0x00000000000009ff
core   0: 0x0000000080004a98 (0x01c1823b) addw    tp, gp, t3
core   0: 1 0x0000000080004a98 (0x01c1823b) x4  0x00000000000009ff
core   0: 0x0000000080004a9c (0x09936793) ori     a5, t1, 153
core   0: 1 0x0000000080004a9c (0x09936793) x15 0xffffffffffffffff
core   0: 0x0000000080004aa0 (0xd02e7b53) fcvt.s.l fs6, t3
core   0: 1 0x0000000080004aa0 (0xd02e7b53) f22 0xffffffff451ff000
core   0: 0x0000000080004aa4 (0x2b080ed3) fmin.d  ft9, fa6, fa6
core   0: 1 0x0000000080004aa4 (0x2b080ed3) f29 0x7ff8000000000000
core   0: 0x0000000080004aa8 (0xd2020653) fcvt.d.w fa2, tp
core   0: 1 0x0000000080004aa8 (0xd2020653) f12 0x40a3fe0000000000
core   0: 0x0000000080004aac (0x00c67333) and     t1, a2, a2
core   0: 1 0x0000000080004aac (0x00c67333) x6  0x0000000000000a00
core   0: 0x0000000080004ab0 (0x00b5813b) addw    sp, a1, a1
core   0: 1 0x0000000080004ab0 (0x00b5813b) x2  0x0000000000000002
core   0: 0x0000000080004ab4 (0x5a0b7bd3) fsqrt.d fs7, fs6
core   0: 1 0x0000000080004ab4 (0x5a0b7bd3) f23 0x7ff8000000000000
core   0: 0x0000000080004ab8 (0x000a5493) srli    s1, s4, 0
core   0: 1 0x0000000080004ab8 (0x000a5493) x9  0x0000000000000001
core   0: 0x0000000080004abc (0xf20a7613) andi    a2, s4, -224
core   0: 1 0x0000000080004abc (0xf20a7613) x12 0x0000000000000000
core   0: 0x0000000080004ac0 (0x02136933) rem     s2, t1, ra
core   0: 1 0x0000000080004ac0 (0x02136933) x18 0x0000000000000000
core   0: 0x0000000080004ac4 (0x03fe5d13) srli    s10, t3, 63
core   0: 1 0x0000000080004ac4 (0x03fe5d13) x26 0x0000000000000000
core   0: 0x0000000080004ac8 (0x00bd79b3) and     s3, s10, a1
core   0: 1 0x0000000080004ac8 (0x00bd79b3) x19 0x0000000000000000
core   0: 0x0000000080004acc (0xf20b04d3) fmv.d.x fs1, s6
core   0: 1 0x0000000080004acc (0xf20b04d3) f9  0x0000000000000000
core   0: 0x0000000080004ad0 (0x0031833b) addw    t1, gp, gp
core   0: 1 0x0000000080004ad0 (0x0031833b) x6  0x0000000000000000
core   0: 0x0000000080004ad4 (0x40590833) sub     a6, s2, t0
core   0: 1 0x0000000080004ad4 (0x40590833) x16 0xffffffff8f6ecf48
core   0: 0x0000000080004ad8 (0x403850b3) sra     ra, a6, gp
core   0: 1 0x0000000080004ad8 (0x403850b3) x1  0xffffffff8f6ecf48
core   0: 0x0000000080004adc (0x34db4b13) xori    s6, s6, 845
core   0: 1 0x0000000080004adc (0x34db4b13) x22 0x000000000000034d
core   0: 0x0000000080004ae0 (0x01b3ddb3) srl     s11, t2, s11
core   0: 1 0x0000000080004ae0 (0x01b3ddb3) x27 0x0000000000000000
core   0: 0x0000000080004ae4 (0x000cd793) srli    a5, s9, 0
core   0: 1 0x0000000080004ae4 (0x000cd793) x15 0x0000000000000000
core   0: 0x0000000080004ae8 (0x3201b673) csrrc   a2, mcountinhibit, gp
core   0: exception trap_illegal_instruction, epc 0x0000000080004ae8
core   0:           tval 0x000000003201b673
core   0: >>>>  $xrv64i2p1_m2p0_a2p1_f2p2_d2p2_zicsr2p0_zifencei2p0_zmmul1p0_zba1p0_zbb1p0_zbc1p0_zbs1p0
core   0: 0x0000000080004000 (0x0080006f) j       pc + 0x8
core   0: 3 0x0000000080004000 (0x0080006f)
core   0: >>>>  mmode_exception_handler
core   0: 0x0000000080004008 (0x00002c17) auipc   s8, 0x2
core   0: 3 0x0000000080004008 (0x00002c17) x24 0x0000000080006008
core   0: 0x000000008000400c (0x0d6c0c13) addi    s8, s8, 214
core   0: 3 0x000000008000400c (0x0d6c0c13) x24 0x00000000800060de
core   0: 0x0000000080004010 (0x000c00e7) jalr    s8
core   0: 3 0x0000000080004010 (0x000c00e7) x1  0x0000000080004014
core   0: >>>>  any_handler
core   0: 0x00000000800060de (0x341027f3) csrrs   a5, mepc, zero
core   0: 3 0x00000000800060de (0x341027f3) x15 0x0000000080004ae8
core   0: 0x00000000800060e2 (0x34202773) csrrs   a4, mcause, zero
core   0: 3 0x00000000800060e2 (0x34202773) x14 0x0000000000000002
core   0: 0x00000000800060e6 (0x142026f3) csrrs   a3, scause, zero
core   0: 3 0x00000000800060e6 (0x142026f3) x13 0x0000000000000000
core   0: 0x00000000800060ea (0x30402673) csrrs   a2, mie, zero
core   0: 3 0x00000000800060ea (0x30402673) x12 0x0000000000000a00
core   0: 0x00000000800060ee (0x344025f3) csrrs   a1, mip, zero
core   0: 3 0x00000000800060ee (0x344025f3) x11 0x0000000000000080
core   0: 0x00000000800060f2 (0x343025f3) csrrs   a1, mtval, zero
core   0: 3 0x00000000800060f2 (0x343025f3) x11 0x000000003201b673
core   0: 0x00000000800060f6 (0x14302573) csrrs   a0, stval, zero
core   0: 3 0x00000000800060f6 (0x14302573) x10 0x0000000000000000
core   0: 0x00000000800060fa (0xb02024f3) csrrs   s1, minstret, zero
core   0: 3 0x00000000800060fa (0xb02024f3) x9  0x0000000000000b2c
core   0: 0x00000000800060fe (0x0000a811) c.j     pc + 20
core   0: 3 0x00000000800060fe (0xa811)
core   0: >>>>  mepc_4
core   0: 0x0000000080006112 (0x00000791) c.addi  a5, 4
core   0: 3 0x0000000080006112 (0x0791) x15 0x0000000080004aec
core   0: 0x0000000080006114 (0x34179073) csrrw   zero, mepc, a5
core   0: 3 0x0000000080006114 (0x34179073) c833_mepc 0x0000000080004aec
core   0: 0x0000000080006118 (0x30200073) mret
core   0: 3 0x0000000080006118 (0x30200073) c768_mstatus 0x8000000a00106080
core   0: 0x0000000080004aec (0xd02c78d3) fcvt.s.l fa7, s8
core   0: 1 0x0000000080004aec (0xd02c78d3) c1_fflags 0x0000000000000011 f17 0xffffffff4f000061
core   0: 0x0000000080004af0 (0x0101129b) slliw   t0, sp, 16
core   0: 1 0x0000000080004af0 (0x0101129b) x5  0x0000000000020000
core   0: 0x0000000080004af4 (0x8a74744f) fnmadd.d fs0, fs0, ft7, fa7
core   0: 1 0x0000000080004af4 (0x8a74744f) f8  0x7ff8000000000000
core   0: 0x0000000080004af8 (0xc200fad3) fcvt.w.d s5, ft1
core   0: 1 0x0000000080004af8 (0xc200fad3) c1_fflags 0x0000000000000011 x21 0x000000007fffffff
core   0: 0x0000000080004afc (0xc209fed3) fcvt.w.d t4, fs3
core   0: 1 0x0000000080004afc (0xc209fed3) c1_fflags 0x0000000000000011 x29 0x000000007fffffff
core   0: 0x0000000080004b00 (0xff613bb7) lui     s7, 0xff613
core   0: 1 0x0000000080004b00 (0xff613bb7) x23 0xffffffffff613000
core   0: 0x0000000080004b04 (0x98bb8b9b) addiw   s7, s7, -1653
core   0: 1 0x0000000080004b04 (0x98bb8b9b) x23 0xffffffffff61298b
core   0: 0x0000000080004b08 (0x00000bba) c.slli  s7, 14
core   0: 1 0x0000000080004b08 (0x0bba) x23 0xffffffd84a62c000
core   0: 0x0000000080004b0a (0x97ab8b93) addi    s7, s7, -1670
core   0: 1 0x0000000080004b0a (0x97ab8b93) x23 0xffffffd84a62b97a
core   0: 0x0000000080004b0e (0x01c3939b) slliw   t2, t2, 28
core   0: 1 0x0000000080004b0e (0x01c3939b) x7  0x0000000000000000
core   0: 0x0000000080004b12 (0x409057b3) sra     a5, zero, s1
core   0: 1 0x0000000080004b12 (0x409057b3) x15 0x0000000000000000
core   0: 0x0000000080004b16 (0x03d01393) slli    t2, zero, 61
core   0: 1 0x0000000080004b16 (0x03d01393) x7  0x0000000000000000
core   0: 0x0000000080004b1a (0x41bd8933) sub     s2, s11, s11
core   0: 1 0x0000000080004b1a (0x41bd8933) x18 0x0000000000000000
core   0: 0x0000000080004b1e (0x19fdfd13) andi    s10, s11, 415
core   0: 1 0x0000000080004b1e (0x19fdfd13) x26 0x0000000000000000
core   0: 0x0000000080004b22 (0x22a89d53) fsgnjn.d fs10, fa7, fa0
core   0: 1 0x0000000080004b22 (0x22a89d53) f26 0xffffffff4f000061
core   0: 0x0000000080004b26 (0x23da0a53) fsgnj.d fs4, fs4, ft9
core   0: 1 0x0000000080004b26 (0x23da0a53) f20 0x41efffffffe00000
core   0: 0x0000000080004b2a (0x0097583b) srlw    a6, a4, s1
core   0: 1 0x0000000080004b2a (0x0097583b) x16 0x0000000000000000
core   0: 0x0000000080004b2e (0x4028dc33) sra     s8, a7, sp
core   0: 1 0x0000000080004b2e (0x4028dc33) x24 0x0000000000000000
core   0: 0x0000000080004b32 (0xc02f77d3) fcvt.l.s a5, ft10
core   0: 1 0x0000000080004b32 (0xc02f77d3) c1_fflags 0x0000000000000011 x15 0x7fffffffffffffff
core   0: 0x0000000080004b36 (0x43f8d893) srai    a7, a7, 63
core   0: 1 0x0000000080004b36 (0x43f8d893) x17 0x0000000000000000
core   0: 0x0000000080004b3a (0x02dcfcc3) fmadd.d fs9, fs9, fa3, ft0
core   0: 1 0x0000000080004b3a (0x02dcfcc3) f25 0x7ff8000000000000
core   0: 0x0000000080004b3e (0x03088833) mul     a6, a7, a6
core   0: 1 0x0000000080004b3e (0x03088833) x16 0x0000000000000000
core   0: 0x0000000080004b42 (0x029d3ab3) mulhu   s5, s10, s1
core   0: 1 0x0000000080004b42 (0x029d3ab3) x21 0x0000000000000000
core   0: 0x0000000080004b46 (0x0252b2b3) mulhu   t0, t0, t0
core   0: 1 0x0000000080004b46 (0x0252b2b3) x5  0x0000000000000000
core   0: 0x0000000080004b4a (0x0b9a7153) fsub.d  ft2, fs4, fs9
core   0: 1 0x0000000080004b4a (0x0b9a7153) f2  0x7ff8000000000000
core   0: 0x0000000080004b4e (0x0160181b) slliw   a6, zero, 22
core   0: 1 0x0000000080004b4e (0x0160181b) x16 0x0000000000000000
core   0: 0x0000000080004b52 (0x001e5713) srli    a4, t3, 1
core   0: 1 0x0000000080004b52 (0x001e5713) x14 0x00000000000004ff
core   0: 0x0000000080004b56 (0xc02cfa53) fcvt.l.s s4, fs9
core   0: 1 0x0000000080004b56 (0xc02cfa53) c1_fflags 0x0000000000000011 x20 0x7fffffffffffffff
core   0: 0x0000000080004b5a (0x0091d01b) srliw   zero, gp, 9
core   0: 1 0x0000000080004b5a (0x0091d01b)
core   0: 0x0000000080004b5e (0x002022f3) csrrs   t0, frm, zero
core   0: 1 0x0000000080004b5e (0x002022f3) x5  0x0000000000000000
core   0: 0x0000000080004b62 (0x1af8f6d3) fdiv.d  fa3, fa7, fa5
core   0: 1 0x0000000080004b62 (0x1af8f6d3) f13 0x7ff8000000000000
core   0: 0x0000000080004b66 (0x0a01f053) fsub.d  ft0, ft3, ft0
core   0: 1 0x0000000080004b66 (0x0a01f053) f0  0x7ff8000000000000
core   0: 0x0000000080004b6a (0x0002a7b3) slt     a5, t0, zero
core   0: 1 0x0000000080004b6a (0x0002a7b3) x15 0x0000000000000000
core   0: 0x0000000080004b6e (0x4006d81b) sraiw   a6, a3, 0
core   0: 1 0x0000000080004b6e (0x4006d81b) x16 0x0000000000000000
core   0: 0x0000000080004b72 (0x0073983b) sllw    a6, t2, t2
core   0: 1 0x0000000080004b72 (0x0073983b) x16 0x0000000000000000
core   0: 0x0000000080004b76 (0x0002123b) sllw    tp, tp, zero
core   0: 1 0x0000000080004b76 (0x0002123b) x4  0x00000000000009ff
core   0: 0x0000000080004b7a (0xfffa0093) addi    ra, s4, -1
core   0: 1 0x0000000080004b7a (0xfffa0093) x1  0x7ffffffffffffffe
core   0: 0x0000000080004b7e (0x027ac3b3) div     t2, s5, t2
core   0: 1 0x0000000080004b7e (0x027ac3b3) x7  0xffffffffffffffff
core   0: 0x0000000080004b82 (0xa3780e53) fle.d   t3, fa6, fs7
core   0: 1 0x0000000080004b82 (0xa3780e53) c1_fflags 0x0000000000000011 x28 0x0000000000000000
core   0: 0x0000000080004b86 (0x0323aa33) mulhsu  s4, t2, s2
core   0: 1 0x0000000080004b86 (0x0323aa33) x20 0x0000000000000000
core   0: 0x0000000080004b8a (0x02b2e733) rem     a4, t0, a1
core   0: 1 0x0000000080004b8a (0x02b2e733) x14 0x0000000000000000
core   0: 0x0000000080004b8e (0x035d9113) slli    sp, s11, 53
core   0: 1 0x0000000080004b8e (0x035d9113) x2  0x0000000000000000
core   0: 0x0000000080004b92 (0x0072de33) srl     t3, t0, t2
core   0: 1 0x0000000080004b92 (0x0072de33) x28 0x0000000000000000
core   0: 0x0000000080004b96 (0x41f9591b) sraiw   s2, s2, 31
core   0: 1 0x0000000080004b96 (0x41f9591b) x18 0x0000000000000000
core   0: 0x0000000080004b9a (0x005c51bb) srlw    gp, s8, t0
core   0: 1 0x0000000080004b9a (0x005c51bb) x3  0x0000000000000000
core   0: 0x0000000080004b9e (0x00115d1b) srliw   s10, sp, 1
core   0: 1 0x0000000080004b9e (0x00115d1b) x26 0x0000000000000000
core   0: 0x0000000080004ba2 (0x2af51553) fmax.d  fa0, fa0, fa5
core   0: 1 0x0000000080004ba2 (0x2af51553) f10 0x7ff8000000000000
core   0: 0x0000000080004ba6 (0x006d1b9b) slliw   s7, s10, 6
core   0: 1 0x0000000080004ba6 (0x006d1b9b) x23 0x0000000000000000
core   0: 0x0000000080004baa (0x0193d613) srli    a2, t2, 25
core   0: 1 0x0000000080004baa (0x0193d613) x12 0x0000007fffffffff
core   0: 0x0000000080004bae (0xc2367253) fcvt.lu.d tp, fa2
core   0: 1 0x0000000080004bae (0xc2367253) x4  0x00000000000009ff
core   0: 0x0000000080004bb2 (0xc23bf9d3) fcvt.lu.d s3, fs7
core   0: 1 0x0000000080004bb2 (0xc23bf9d3) c1_fflags 0x0000000000000011 x19 0xffffffffffffffff
core   0: 0x0000000080004bb6 (0x00e8581b) srliw   a6, a6, 14
core   0: 1 0x0000000080004bb6 (0x00e8581b) x16 0x0000000000000000
core   0: 0x0000000080004bba (0xd2387753) fcvt.d.lu fa4, a6
core   0: 1 0x0000000080004bba (0xd2387753) f14 0x0000000000000000
core   0: 0x0000000080004bbe (0x00000001) c.nop
core   0: 1 0x0000000080004bbe (0x0001)
core   0: 0x0000000080004bc0 (0x03fed113) srli    sp, t4, 63
core   0: 1 0x0000000080004bc0 (0x03fed113) x2  0x0000000000000000
core   0: 0x0000000080004bc4 (0x0ff0000f) fence   iorw,iorw
core   0: 1 0x0000000080004bc4 (0x0ff0000f)
core   0: 0x0000000080004bc8 (0x0a0cfcd3) fsub.d  fs9, fs9, ft0
core   0: 1 0x0000000080004bc8 (0x0a0cfcd3) f25 0x7ff8000000000000
core   0: 0x0000000080004bcc (0x41b2d533) sra     a0, t0, s11
core   0: 1 0x0000000080004bcc (0x41b2d533) x10 0x0000000000000000
core   0: 0x0000000080004bd0 (0xd02177d3) fcvt.s.l fa5, sp
core   0: 1 0x0000000080004bd0 (0xd02177d3) f15 0xffffffff00000000
core   0: 0x0000000080004bd4 (0x1a537353) fdiv.d  ft6, ft6, ft5
core   0: 1 0x0000000080004bd4 (0x1a537353) f6  0x7ff8000000000000
core   0: 0x0000000080004bd8 (0xf118b9f3) csrrc   s3, mvendorid, a7
core   0: exception trap_illegal_instruction, epc 0x0000000080004bd8
core   0:           tval 0x00000000f118b9f3
core   0: >>>>  $xrv64i2p1_m2p0_a2p1_f2p2_d2p2_zicsr2p0_zifencei2p0_zmmul1p0_zba1p0_zbb1p0_zbc1p0_zbs1p0
core   0: 0x0000000080004000 (0x0080006f) j       pc + 0x8
core   0: 3 0x0000000080004000 (0x0080006f)
core   0: >>>>  mmode_exception_handler
core   0: 0x0000000080004008 (0x00002c17) auipc   s8, 0x2
core   0: 3 0x0000000080004008 (0x00002c17) x24 0x0000000080006008
core   0: 0x000000008000400c (0x0d6c0c13) addi    s8, s8, 214
core   0: 3 0x000000008000400c (0x0d6c0c13) x24 0x00000000800060de
core   0: 0x0000000080004010 (0x000c00e7) jalr    s8
core   0: 3 0x0000000080004010 (0x000c00e7) x1  0x0000000080004014
core   0: >>>>  any_handler
core   0: 0x00000000800060de (0x341027f3) csrrs   a5, mepc, zero
core   0: 3 0x00000000800060de (0x341027f3) x15 0x0000000080004bd8
core   0: 0x00000000800060e2 (0x34202773) csrrs   a4, mcause, zero
core   0: 3 0x00000000800060e2 (0x34202773) x14 0x0000000000000002
core   0: 0x00000000800060e6 (0x142026f3) csrrs   a3, scause, zero
core   0: 3 0x00000000800060e6 (0x142026f3) x13 0x0000000000000000
core   0: 0x00000000800060ea (0x30402673) csrrs   a2, mie, zero
core   0: 3 0x00000000800060ea (0x30402673) x12 0x0000000000000a00
core   0: 0x00000000800060ee (0x344025f3) csrrs   a1, mip, zero
core   0: 3 0x00000000800060ee (0x344025f3) x11 0x0000000000000080
core   0: 0x00000000800060f2 (0x343025f3) csrrs   a1, mtval, zero
core   0: 3 0x00000000800060f2 (0x343025f3) x11 0x00000000f118b9f3
core   0: 0x00000000800060f6 (0x14302573) csrrs   a0, stval, zero
core   0: 3 0x00000000800060f6 (0x14302573) x10 0x0000000000000000
core   0: 0x00000000800060fa (0xb02024f3) csrrs   s1, minstret, zero
core   0: 3 0x00000000800060fa (0xb02024f3) x9  0x0000000000000b78
core   0: 0x00000000800060fe (0x0000a811) c.j     pc + 20
core   0: 3 0x00000000800060fe (0xa811)
core   0: >>>>  mepc_4
core   0: 0x0000000080006112 (0x00000791) c.addi  a5, 4
core   0: 3 0x0000000080006112 (0x0791) x15 0x0000000080004bdc
core   0: 0x0000000080006114 (0x34179073) csrrw   zero, mepc, a5
core   0: 3 0x0000000080006114 (0x34179073) c833_mepc 0x0000000080004bdc
core   0: 0x0000000080006118 (0x30200073) mret
core   0: 3 0x0000000080006118 (0x30200073) c768_mstatus 0x8000000a00106080
core   0: 0x0000000080004bdc (0xc209f7d3) fcvt.w.d a5, fs3
core   0: 1 0x0000000080004bdc (0xc209f7d3) c1_fflags 0x0000000000000011 x15 0x000000007fffffff
core   0: 0x0000000080004be0 (0x5ca2a617) auipc   a2, 0x5ca2a
core   0: 1 0x0000000080004be0 (0x5ca2a617) x12 0x00000000dca2ebe0
core   0: 0x0000000080004be4 (0xd6470493) addi    s1, a4, -668
core   0: 1 0x0000000080004be4 (0xd6470493) x9  0xfffffffffffffd66
core   0: 0x0000000080004be8 (0x13427cd3) fmul.d  fs9, ft4, fs4
core   0: 1 0x0000000080004be8 (0x13427cd3) f25 0x7ff8000000000000
core   0: 0x0000000080004bec (0x0093533b) srlw    t1, t1, s1
core   0: 1 0x0000000080004bec (0x0093533b) x6  0x0000000000000000
core   0: 0x0000000080004bf0 (0x00102bf3) csrrs   s7, fflags, zero
core   0: 1 0x0000000080004bf0 (0x00102bf3) x23 0x0000000000000011
core   0: 0x0000000080004bf4 (0xd20583d3) fcvt.d.w ft7, a1
core   0: 1 0x0000000080004bf4 (0xd20583d3) f7  0xc1adce8c1a000000
core   0: 0x0000000080004bf8 (0xd023f0d3) fcvt.s.l ft1, t2
core   0: 1 0x0000000080004bf8 (0xd023f0d3) f1  0xffffffffbf800000
core   0: 0x0000000080004bfc (0x00002633) slt     a2, zero, zero
core   0: 1 0x0000000080004bfc (0x00002633) x12 0x0000000000000000
core   0: 0x0000000080004c00 (0xc219f7d3) fcvt.wu.d a5, fs3
core   0: 1 0x0000000080004c00 (0xc219f7d3) c1_fflags 0x0000000000000011 x15 0xffffffffffffffff
core   0: 0x0000000080004c04 (0x1ab778d3) fdiv.d  fa7, fa4, fa1
core   0: 1 0x0000000080004c04 (0x1ab778d3) f17 0x7ff8000000000000
core   0: 0x0000000080004c08 (0xc2227553) fcvt.l.d a0, ft4
core   0: 1 0x0000000080004c08 (0xc2227553) c1_fflags 0x0000000000000011 x10 0x7fffffffffffffff
core   0: 0x0000000080004c0c (0x31a83d73) csrrc   s10, menvcfgh, a6
core   0: exception trap_illegal_instruction, epc 0x0000000080004c0c
core   0:           tval 0x0000000031a83d73
core   0: >>>>  $xrv64i2p1_m2p0_a2p1_f2p2_d2p2_zicsr2p0_zifencei2p0_zmmul1p0_zba1p0_zbb1p0_zbc1p0_zbs1p0
core   0: 0x0000000080004000 (0x0080006f) j       pc + 0x8
core   0: 3 0x0000000080004000 (0x0080006f)
core   0: >>>>  mmode_exception_handler
core   0: 0x0000000080004008 (0x00002c17) auipc   s8, 0x2
core   0: 3 0x0000000080004008 (0x00002c17) x24 0x0000000080006008
core   0: 0x000000008000400c (0x0d6c0c13) addi    s8, s8, 214
core   0: 3 0x000000008000400c (0x0d6c0c13) x24 0x00000000800060de
core   0: 0x0000000080004010 (0x000c00e7) jalr    s8
core   0: 3 0x0000000080004010 (0x000c00e7) x1  0x0000000080004014
core   0: >>>>  any_handler
core   0: 0x00000000800060de (0x341027f3) csrrs   a5, mepc, zero
core   0: 3 0x00000000800060de (0x341027f3) x15 0x0000000080004c0c
core   0: 0x00000000800060e2 (0x34202773) csrrs   a4, mcause, zero
core   0: 3 0x00000000800060e2 (0x34202773) x14 0x0000000000000002
core   0: 0x00000000800060e6 (0x142026f3) csrrs   a3, scause, zero
core   0: 3 0x00000000800060e6 (0x142026f3) x13 0x0000000000000000
core   0: 0x00000000800060ea (0x30402673) csrrs   a2, mie, zero
core   0: 3 0x00000000800060ea (0x30402673) x12 0x0000000000000a00
core   0: 0x00000000800060ee (0x344025f3) csrrs   a1, mip, zero
core   0: 3 0x00000000800060ee (0x344025f3) x11 0x0000000000000080
core   0: 0x00000000800060f2 (0x343025f3) csrrs   a1, mtval, zero
core   0: 3 0x00000000800060f2 (0x343025f3) x11 0x0000000031a83d73
core   0: 0x00000000800060f6 (0x14302573) csrrs   a0, stval, zero
core   0: 3 0x00000000800060f6 (0x14302573) x10 0x0000000000000000
core   0: 0x00000000800060fa (0xb02024f3) csrrs   s1, minstret, zero
core   0: 3 0x00000000800060fa (0xb02024f3) x9  0x0000000000000b94
core   0: 0x00000000800060fe (0x0000a811) c.j     pc + 20
core   0: 3 0x00000000800060fe (0xa811)
core   0: >>>>  mepc_4
core   0: 0x0000000080006112 (0x00000791) c.addi  a5, 4
core   0: 3 0x0000000080006112 (0x0791) x15 0x0000000080004c10
core   0: 0x0000000080006114 (0x34179073) csrrw   zero, mepc, a5
core   0: 3 0x0000000080006114 (0x34179073) c833_mepc 0x0000000080004c10
core   0: 0x0000000080006118 (0x30200073) mret
core   0: 3 0x0000000080006118 (0x30200073) c768_mstatus 0x8000000a00106080
core   0: 0x0000000080004c10 (0xc03bf453) fcvt.lu.s s0, fs7
core   0: 1 0x0000000080004c10 (0xc03bf453) c1_fflags 0x0000000000000011 x8  0xffffffffffffffff
core   0: 0x0000000080004c14 (0x22b5a2d3) fsgnjx.d ft5, fa1, fa1
core   0: 1 0x0000000080004c14 (0x22b5a2d3) f5  0x7fffffff00000000
core   0: 0x0000000080004c18 (0x02dd0bb3) mul     s7, s10, a3
core   0: 1 0x0000000080004c18 (0x02dd0bb3) x23 0x0000000000000000
core   0: 0x0000000080004c1c (0xe20b0cd3) fmv.x.d s9, fs6
core   0: 1 0x0000000080004c1c (0xe20b0cd3) x25 0xffffffff451ff000
core   0: 0x0000000080004c20 (0xd222f953) fcvt.d.l fs2, t0
core   0: 1 0x0000000080004c20 (0xd222f953) f18 0x0000000000000000
core   0: 0x0000000080004c24 (0x002494f3) csrrw   s1, frm, s1
core   0: 1 0x0000000080004c24 (0x002494f3) x9  0x0000000000000000 c2_frm 0x0000000000000004
core   0: 0x0000000080004c28 (0x7ff4809b) addiw   ra, s1, 2047
core   0: 1 0x0000000080004c28 (0x7ff4809b) x1  0x00000000000007ff
core   0: 0x0000000080004c2c (0xa2790653) fle.d   a2, fs2, ft7
core   0: 1 0x0000000080004c2c (0xa2790653) x12 0x0000000000000000
core   0: 0x0000000080004c30 (0xd2018353) fcvt.d.w ft6, gp
core   0: 1 0x0000000080004c30 (0xd2018353) f6  0x0000000000000000
core   0: 0x0000000080004c34 (0x03bd86b3) mul     a3, s11, s11
core   0: 1 0x0000000080004c34 (0x03bd86b3) x13 0x0000000000000000
core   0: 0x0000000080004c38 (0x418ed7bb) sraw    a5, t4, s8
core   0: 1 0x0000000080004c38 (0x418ed7bb) x15 0x0000000000000001
core   0: 0x0000000080004c3c (0x0001171b) slliw   a4, sp, 0
core   0: 1 0x0000000080004c3c (0x0001171b) x14 0x0000000000000000
core   0: 0x0000000080004c40 (0x01ad41b3) xor     gp, s10, s10
core   0: 1 0x0000000080004c40 (0x01ad41b3) x3  0x0000000000000000
core   0: 0x0000000080004c44 (0x0329fa33) remu    s4, s3, s2
core   0: 1 0x0000000080004c44 (0x0329fa33) x20 0xffffffffffffffff
core   0: 0x0000000080004c48 (0x40187853) fcvt.s.d fa6, fa6
core   0: 1 0x0000000080004c48 (0x40187853) f16 0xffffffff7fc00000
core   0: 0x0000000080004c4c (0x026b2737) lui     a4, 0x26b2
core   0: 1 0x0000000080004c4c (0x026b2737) x14 0x00000000026b2000
core   0: 0x0000000080004c50 (0x2e17071b) addiw   a4, a4, 737
core   0: 1 0x0000000080004c50 (0x2e17071b) x14 0x00000000026b22e1
core   0: 0x0000000080004c54 (0x00000732) c.slli  a4, 12
core   0: 1 0x0000000080004c54 (0x0732) x14 0x00000026b22e1000
core   0: 0x0000000080004c56 (0xdc970713) addi    a4, a4, -567
core   0: 1 0x0000000080004c56 (0xdc970713) x14 0x00000026b22e0dc9
core   0: 0x0000000080004c5a (0x80008a9b) addiw   s5, ra, -2048
core   0: 1 0x0000000080004c5a (0x80008a9b) x21 0xffffffffffffffff
core   0: 0x0000000080004c5e (0x03605013) srli    zero, zero, 54
core   0: 1 0x0000000080004c5e (0x03605013)
core   0: 0x0000000080004c62 (0x0063fc33) and     s8, t2, t1
core   0: 1 0x0000000080004c62 (0x0063fc33) x24 0x0000000000000000
core   0: 0x0000000080004c66 (0x5311fa43) fmadd.d fs4, ft3, fa7, fa0
core   0: 1 0x0000000080004c66 (0x5311fa43) f20 0x7ff8000000000000
core   0: 0x0000000080004c6a (0x4281744f) fnmadd.d fs0, ft2, fs0, fs0
core   0: 1 0x0000000080004c6a (0x4281744f) f8  0x7ff8000000000000
core   0: 0x0000000080004c6e (0x00000001) c.nop
core   0: 1 0x0000000080004c6e (0x0001)
core   0: 0x0000000080004c70 (0x40d1d733) sra     a4, gp, a3
core   0: 1 0x0000000080004c70 (0x40d1d733) x14 0x0000000000000000
core   0: 0x0000000080004c74 (0xc21970d3) fcvt.wu.d ra, fs2
core   0: 1 0x0000000080004c74 (0xc21970d3) x1  0x0000000000000000
core   0: 0x0000000080004c78 (0x0b8f78d3) fsub.d  fa7, ft10, fs8
core   0: 1 0x0000000080004c78 (0x0b8f78d3) f17 0x7ff8000000000000
core   0: 0x0000000080004c7c (0xc213fed3) fcvt.wu.d t4, ft7
core   0: 1 0x0000000080004c7c (0xc213fed3) c1_fflags 0x0000000000000011 x29 0x0000000000000000
core   0: 0x0000000080004c80 (0xd23ef2d3) fcvt.d.lu ft5, t4
core   0: 1 0x0000000080004c80 (0xd23ef2d3) f5  0x0000000000000000
core   0: 0x0000000080004c84 (0x00147a13) andi    s4, s0, 1
core   0: 1 0x0000000080004c84 (0x00147a13) x20 0x0000000000000001
core   0: 0x0000000080004c88 (0x00000001) c.nop
core   0: 1 0x0000000080004c88 (0x0001)
core   0: 0x0000000080004c8a (0x1b6a70d3) fdiv.d  ft1, fs4, fs6
core   0: 1 0x0000000080004c8a (0x1b6a70d3) f1  0x7ff8000000000000
core   0: 0x0000000080004c8e (0xd2247553) fcvt.d.l fa0, s0
core   0: 1 0x0000000080004c8e (0xd2247553) f10 0xbff0000000000000
core   0: 0x0000000080004c92 (0x4399dc93) srai    s9, s3, 57
core   0: 1 0x0000000080004c92 (0x4399dc93) x25 0xffffffffffffffff
core   0: 0x0000000080004c96 (0x00c106bb) addw    a3, sp, a2
core   0: 1 0x0000000080004c96 (0x00c106bb) x13 0x0000000000000000
core   0: 0x0000000080004c9a (0x018d5c3b) srlw    s8, s10, s8
core   0: 1 0x0000000080004c9a (0x018d5c3b) x24 0x0000000000000000
core   0: 0x0000000080004c9e (0x40f7d63b) sraw    a2, a5, a5
core   0: 1 0x0000000080004c9e (0x40f7d63b) x12 0x0000000000000000
core   0: 0x0000000080004ca2 (0x01878dbb) addw    s11, a5, s8
core   0: 1 0x0000000080004ca2 (0x01878dbb) x27 0x0000000000000001
core   0: 0x0000000080004ca6 (0x0185521b) srliw   tp, a0, 24
core   0: 1 0x0000000080004ca6 (0x0185521b) x4  0x0000000000000000
core   0: 0x0000000080004caa (0x41670733) sub     a4, a4, s6
core   0: 1 0x0000000080004caa (0x41670733) x14 0xfffffffffffffcb3
core   0: 0x0000000080004cae (0x40540db3) sub     s11, s0, t0
core   0: 1 0x0000000080004cae (0x40540db3) x27 0xffffffffffffffff
core   0: 0x0000000080004cb2 (0xd21e8c53) fcvt.d.wu fs8, t4
core   0: 1 0x0000000080004cb2 (0xd21e8c53) f24 0x0000000000000000
core   0: 0x0000000080004cb6 (0x00202e73) csrrs   t3, frm, zero
core   0: 1 0x0000000080004cb6 (0x00202e73) x28 0x0000000000000004
core   0: 0x0000000080004cba (0x026797b3) mulh    a5, a5, t1
core   0: 1 0x0000000080004cba (0x026797b3) x15 0x0000000000000000
core   0: 0x0000000080004cbe (0x2a52f6cf) fnmadd.d fa3, ft5, ft5, ft5
core   0: 1 0x0000000080004cbe (0x2a52f6cf) f13 0x8000000000000000
core   0: 0x0000000080004cc2 (0x02e71593) slli    a1, a4, 46
core   0: 1 0x0000000080004cc2 (0x02e71593) x11 0xff2cc00000000000
core   0: 0x0000000080004cc6 (0xc025f2d3) fcvt.l.s t0, fa1
core   0: 1 0x0000000080004cc6 (0xc025f2d3) x5  0x0000000000000000
core   0: 0x0000000080004cca (0x13ad7fd3) fmul.d  ft11, fs10, fs10
core   0: 1 0x0000000080004cca (0x13ad7fd3) f31 0x7ff8000000000000
core   0: 0x0000000080004cce (0x226e89d3) fsgnj.d fs3, ft9, ft6
core   0: 1 0x0000000080004cce (0x226e89d3) f19 0x7ff8000000000000
core   0: 0x0000000080004cd2 (0x01059e1b) slliw   t3, a1, 16
core   0: 1 0x0000000080004cd2 (0x01059e1b) x28 0x0000000000000000
core   0: 0x0000000080004cd6 (0xd02e78d3) fcvt.s.l fa7, t3
core   0: 1 0x0000000080004cd6 (0xd02e78d3) f17 0xffffffff00000000
core   0: 0x0000000080004cda (0xc026b173) csrrc   sp, instret, a3
core   0: exception trap_illegal_instruction, epc 0x0000000080004cda
core   0:           tval 0x00000000c026b173
core   0: >>>>  $xrv64i2p1_m2p0_a2p1_f2p2_d2p2_zicsr2p0_zifencei2p0_zmmul1p0_zba1p0_zbb1p0_zbc1p0_zbs1p0
core   0: 0x0000000080004000 (0x0080006f) j       pc + 0x8
core   0: 3 0x0000000080004000 (0x0080006f)
core   0: >>>>  mmode_exception_handler
core   0: 0x0000000080004008 (0x00002c17) auipc   s8, 0x2
core   0: 3 0x0000000080004008 (0x00002c17) x24 0x0000000080006008
core   0: 0x000000008000400c (0x0d6c0c13) addi    s8, s8, 214
core   0: 3 0x000000008000400c (0x0d6c0c13) x24 0x00000000800060de
core   0: 0x0000000080004010 (0x000c00e7) jalr    s8
core   0: 3 0x0000000080004010 (0x000c00e7) x1  0x0000000080004014
core   0: >>>>  any_handler
core   0: 0x00000000800060de (0x341027f3) csrrs   a5, mepc, zero
core   0: 3 0x00000000800060de (0x341027f3) x15 0x0000000080004cda
core   0: 0x00000000800060e2 (0x34202773) csrrs   a4, mcause, zero
core   0: 3 0x00000000800060e2 (0x34202773) x14 0x0000000000000002
core   0: 0x00000000800060e6 (0x142026f3) csrrs   a3, scause, zero
core   0: 3 0x00000000800060e6 (0x142026f3) x13 0x0000000000000000
core   0: 0x00000000800060ea (0x30402673) csrrs   a2, mie, zero
core   0: 3 0x00000000800060ea (0x30402673) x12 0x0000000000000a00
core   0: 0x00000000800060ee (0x344025f3) csrrs   a1, mip, zero
core   0: 3 0x00000000800060ee (0x344025f3) x11 0x0000000000000080
core   0: 0x00000000800060f2 (0x343025f3) csrrs   a1, mtval, zero
core   0: 3 0x00000000800060f2 (0x343025f3) x11 0x00000000c026b173
core   0: 0x00000000800060f6 (0x14302573) csrrs   a0, stval, zero
core   0: 3 0x00000000800060f6 (0x14302573) x10 0x0000000000000000
core   0: 0x00000000800060fa (0xb02024f3) csrrs   s1, minstret, zero
core   0: 3 0x00000000800060fa (0xb02024f3) x9  0x0000000000000bd8
core   0: 0x00000000800060fe (0x0000a811) c.j     pc + 20
core   0: 3 0x00000000800060fe (0xa811)
core   0: >>>>  mepc_4
core   0: 0x0000000080006112 (0x00000791) c.addi  a5, 4
core   0: 3 0x0000000080006112 (0x0791) x15 0x0000000080004cde
core   0: 0x0000000080006114 (0x34179073) csrrw   zero, mepc, a5
core   0: 3 0x0000000080006114 (0x34179073) c833_mepc 0x0000000080004cde
core   0: 0x0000000080006118 (0x30200073) mret
core   0: 3 0x0000000080006118 (0x30200073) c768_mstatus 0x8000000a00106080
core   0: 0x0000000080004cde (0xc02076d3) fcvt.l.s a3, ft0
core   0: 1 0x0000000080004cde (0xc02076d3) c1_fflags 0x0000000000000011 x13 0x7fffffffffffffff
core   0: 0x0000000080004ce2 (0x002c9373) csrrw   t1, frm, s9
core   0: 1 0x0000000080004ce2 (0x002c9373) x6  0x0000000000000004 c2_frm 0x0000000000000007
core   0: 0x0000000080004ce6 (0x02902bb3) mulhsu  s7, zero, s1
core   0: 1 0x0000000080004ce6 (0x02902bb3) x23 0x0000000000000000
core   0: 0x0000000080004cea (0xc0217b53) fcvt.l.s s6, ft2
core   0: exception trap_illegal_instruction, epc 0x0000000080004cea
core   0:           tval 0x00000000c0217b53
core   0: >>>>  $xrv64i2p1_m2p0_a2p1_f2p2_d2p2_zicsr2p0_zifencei2p0_zmmul1p0_zba1p0_zbb1p0_zbc1p0_zbs1p0
core   0: 0x0000000080004000 (0x0080006f) j       pc + 0x8
core   0: 3 0x0000000080004000 (0x0080006f)
core   0: >>>>  mmode_exception_handler
core   0: 0x0000000080004008 (0x00002c17) auipc   s8, 0x2
core   0: 3 0x0000000080004008 (0x00002c17) x24 0x0000000080006008
core   0: 0x000000008000400c (0x0d6c0c13) addi    s8, s8, 214
core   0: 3 0x000000008000400c (0x0d6c0c13) x24 0x00000000800060de
core   0: 0x0000000080004010 (0x000c00e7) jalr    s8
core   0: 3 0x0000000080004010 (0x000c00e7) x1  0x0000000080004014
core   0: >>>>  any_handler
core   0: 0x00000000800060de (0x341027f3) csrrs   a5, mepc, zero
core   0: 3 0x00000000800060de (0x341027f3) x15 0x0000000080004cea
core   0: 0x00000000800060e2 (0x34202773) csrrs   a4, mcause, zero
core   0: 3 0x00000000800060e2 (0x34202773) x14 0x0000000000000002
core   0: 0x00000000800060e6 (0x142026f3) csrrs   a3, scause, zero
core   0: 3 0x00000000800060e6 (0x142026f3) x13 0x0000000000000000
core   0: 0x00000000800060ea (0x30402673) csrrs   a2, mie, zero
core   0: 3 0x00000000800060ea (0x30402673) x12 0x0000000000000a00
core   0: 0x00000000800060ee (0x344025f3) csrrs   a1, mip, zero
core   0: 3 0x00000000800060ee (0x344025f3) x11 0x0000000000000080
core   0: 0x00000000800060f2 (0x343025f3) csrrs   a1, mtval, zero
core   0: 3 0x00000000800060f2 (0x343025f3) x11 0x00000000c0217b53
core   0: 0x00000000800060f6 (0x14302573) csrrs   a0, stval, zero
core   0: 3 0x00000000800060f6 (0x14302573) x10 0x0000000000000000
core   0: 0x00000000800060fa (0xb02024f3) csrrs   s1, minstret, zero
core   0: 3 0x00000000800060fa (0xb02024f3) x9  0x0000000000000beb
core   0: 0x00000000800060fe (0x0000a811) c.j     pc + 20
core   0: 3 0x00000000800060fe (0xa811)
core   0: >>>>  mepc_4
core   0: 0x0000000080006112 (0x00000791) c.addi  a5, 4
core   0: 3 0x0000000080006112 (0x0791) x15 0x0000000080004cee
core   0: 0x0000000080006114 (0x34179073) csrrw   zero, mepc, a5
core   0: 3 0x0000000080006114 (0x34179073) c833_mepc 0x0000000080004cee
core   0: 0x0000000080006118 (0x30200073) mret
core   0: 3 0x0000000080006118 (0x30200073) c768_mstatus 0x8000000a00106080
core   0: 0x0000000080004cee (0xc228f3d3) fcvt.l.d t2, fa7
core   0: exception trap_illegal_instruction, epc 0x0000000080004cee
core   0:           tval 0x00000000c228f3d3
core   0: >>>>  $xrv64i2p1_m2p0_a2p1_f2p2_d2p2_zicsr2p0_zifencei2p0_zmmul1p0_zba1p0_zbb1p0_zbc1p0_zbs1p0
core   0: 0x0000000080004000 (0x0080006f) j       pc + 0x8
core   0: 3 0x0000000080004000 (0x0080006f)
core   0: >>>>  mmode_exception_handler
core   0: 0x0000000080004008 (0x00002c17) auipc   s8, 0x2
core   0: 3 0x0000000080004008 (0x00002c17) x24 0x0000000080006008
core   0: 0x000000008000400c (0x0d6c0c13) addi    s8, s8, 214
core   0: 3 0x000000008000400c (0x0d6c0c13) x24 0x00000000800060de
core   0: 0x0000000080004010 (0x000c00e7) jalr    s8
core   0: 3 0x0000000080004010 (0x000c00e7) x1  0x0000000080004014
core   0: >>>>  any_handler
core   0: 0x00000000800060de (0x341027f3) csrrs   a5, mepc, zero
core   0: 3 0x00000000800060de (0x341027f3) x15 0x0000000080004cee
core   0: 0x00000000800060e2 (0x34202773) csrrs   a4, mcause, zero
core   0: 3 0x00000000800060e2 (0x34202773) x14 0x0000000000000002
core   0: 0x00000000800060e6 (0x142026f3) csrrs   a3, scause, zero
core   0: 3 0x00000000800060e6 (0x142026f3) x13 0x0000000000000000
core   0: 0x00000000800060ea (0x30402673) csrrs   a2, mie, zero
core   0: 3 0x00000000800060ea (0x30402673) x12 0x0000000000000a00
core   0: 0x00000000800060ee (0x344025f3) csrrs   a1, mip, zero
core   0: 3 0x00000000800060ee (0x344025f3) x11 0x0000000000000080
core   0: 0x00000000800060f2 (0x343025f3) csrrs   a1, mtval, zero
core   0: 3 0x00000000800060f2 (0x343025f3) x11 0x00000000c228f3d3
core   0: 0x00000000800060f6 (0x14302573) csrrs   a0, stval, zero
core   0: 3 0x00000000800060f6 (0x14302573) x10 0x0000000000000000
core   0: 0x00000000800060fa (0xb02024f3) csrrs   s1, minstret, zero
core   0: 3 0x00000000800060fa (0xb02024f3) x9  0x0000000000000bfb
core   0: 0x00000000800060fe (0x0000a811) c.j     pc + 20
core   0: 3 0x00000000800060fe (0xa811)
core   0: >>>>  mepc_4
core   0: 0x0000000080006112 (0x00000791) c.addi  a5, 4
core   0: 3 0x0000000080006112 (0x0791) x15 0x0000000080004cf2
core   0: 0x0000000080006114 (0x34179073) csrrw   zero, mepc, a5
core   0: 3 0x0000000080006114 (0x34179073) c833_mepc 0x0000000080004cf2
core   0: 0x0000000080006118 (0x30200073) mret
core   0: 3 0x0000000080006118 (0x30200073) c768_mstatus 0x8000000a00106080
core   0: 0x0000000080004cf2 (0x000749b7) lui     s3, 0x74
core   0: 1 0x0000000080004cf2 (0x000749b7) x19 0x0000000000074000
core   0: 0x0000000080004cf6 (0x2b59899b) addiw   s3, s3, 693
core   0: 1 0x0000000080004cf6 (0x2b59899b) x19 0x00000000000742b5
core   0: 0x0000000080004cfa (0x000009d2) c.slli  s3, 20
core   0: 1 0x0000000080004cfa (0x09d2) x19 0x000000742b500000
core   0: 0x0000000080004cfc (0xfb498993) addi    s3, s3, -76
core   0: 1 0x0000000080004cfc (0xfb498993) x19 0x000000742b4fffb4
core   0: 0x0000000080004d00 (0x00747333) and     t1, s0, t2
core   0: 1 0x0000000080004d00 (0x00747333) x6  0xffffffffffffffff
core   0: 0x0000000080004d04 (0x0ff0000f) fence   iorw,iorw
core   0: 1 0x0000000080004d04 (0x0ff0000f)
core   0: 0x0000000080004d08 (0x010b46b3) xor     a3, s6, a6
core   0: 1 0x0000000080004d08 (0x010b46b3) x13 0x000000000000034d
core   0: 0x0000000080004d0c (0x6de68a1b) addiw   s4, a3, 1758
core   0: 1 0x0000000080004d0c (0x6de68a1b) x20 0x0000000000000a2b
core   0: 0x0000000080004d10 (0x001a2033) slt     zero, s4, ra
core   0: 1 0x0000000080004d10 (0x001a2033)
core   0: 0x0000000080004d14 (0xd2088fd3) fcvt.d.w ft11, a7
core   0: 1 0x0000000080004d14 (0xd2088fd3) f31 0x0000000000000000
core   0: 0x0000000080004d18 (0x2bbd88d3) fmin.d  fa7, fs11, fs11
core   0: 1 0x0000000080004d18 (0x2bbd88d3) f17 0x7ff8000000000000
core   0: 0x0000000080004d1c (0x0ff0000f) fence   iorw,iorw
core   0: 1 0x0000000080004d1c (0x0ff0000f)
core   0: 0x0000000080004d20 (0xd21d05d3) fcvt.d.wu fa1, s10
core   0: 1 0x0000000080004d20 (0xd21d05d3) f11 0x0000000000000000
core   0: 0x0000000080004d24 (0xf20a04d3) fmv.d.x fs1, s4
core   0: 1 0x0000000080004d24 (0xf20a04d3) f9  0x0000000000000a2b
core   0: 0x0000000080004d28 (0x40b053bb) sraw    t2, zero, a1
core   0: 1 0x0000000080004d28 (0x40b053bb) x7  0x0000000000000000
core   0: 0x0000000080004d2c (0x00000001) c.nop
core   0: 1 0x0000000080004d2c (0x0001)
core   0: 0x0000000080004d2e (0x34019cf3) csrrw   s9, mscratch, gp
core   0: exception trap_illegal_instruction, epc 0x0000000080004d2e
core   0:           tval 0x0000000034019cf3
core   0: >>>>  $xrv64i2p1_m2p0_a2p1_f2p2_d2p2_zicsr2p0_zifencei2p0_zmmul1p0_zba1p0_zbb1p0_zbc1p0_zbs1p0
core   0: 0x0000000080004000 (0x0080006f) j       pc + 0x8
core   0: 3 0x0000000080004000 (0x0080006f)
core   0: >>>>  mmode_exception_handler
core   0: 0x0000000080004008 (0x00002c17) auipc   s8, 0x2
core   0: 3 0x0000000080004008 (0x00002c17) x24 0x0000000080006008
core   0: 0x000000008000400c (0x0d6c0c13) addi    s8, s8, 214
core   0: 3 0x000000008000400c (0x0d6c0c13) x24 0x00000000800060de
core   0: 0x0000000080004010 (0x000c00e7) jalr    s8
core   0: 3 0x0000000080004010 (0x000c00e7) x1  0x0000000080004014
core   0: >>>>  any_handler
core   0: 0x00000000800060de (0x341027f3) csrrs   a5, mepc, zero
core   0: 3 0x00000000800060de (0x341027f3) x15 0x0000000080004d2e
core   0: 0x00000000800060e2 (0x34202773) csrrs   a4, mcause, zero
core   0: 3 0x00000000800060e2 (0x34202773) x14 0x0000000000000002
core   0: 0x00000000800060e6 (0x142026f3) csrrs   a3, scause, zero
core   0: 3 0x00000000800060e6 (0x142026f3) x13 0x0000000000000000
core   0: 0x00000000800060ea (0x30402673) csrrs   a2, mie, zero
core   0: 3 0x00000000800060ea (0x30402673) x12 0x0000000000000a00
core   0: 0x00000000800060ee (0x344025f3) csrrs   a1, mip, zero
core   0: 3 0x00000000800060ee (0x344025f3) x11 0x0000000000000080
core   0: 0x00000000800060f2 (0x343025f3) csrrs   a1, mtval, zero
core   0: 3 0x00000000800060f2 (0x343025f3) x11 0x0000000034019cf3
core   0: 0x00000000800060f6 (0x14302573) csrrs   a0, stval, zero
core   0: 3 0x00000000800060f6 (0x14302573) x10 0x0000000000000000
core   0: 0x00000000800060fa (0xb02024f3) csrrs   s1, minstret, zero
core   0: 3 0x00000000800060fa (0xb02024f3) x9  0x0000000000000c1b
core   0: 0x00000000800060fe (0x0000a811) c.j     pc + 20
core   0: 3 0x00000000800060fe (0xa811)
core   0: >>>>  mepc_4
core   0: 0x0000000080006112 (0x00000791) c.addi  a5, 4
core   0: 3 0x0000000080006112 (0x0791) x15 0x0000000080004d32
core   0: 0x0000000080006114 (0x34179073) csrrw   zero, mepc, a5
core   0: 3 0x0000000080006114 (0x34179073) c833_mepc 0x0000000080004d32
core   0: 0x0000000080006118 (0x30200073) mret
core   0: 3 0x0000000080006118 (0x30200073) c768_mstatus 0x8000000a00106080
core   0: 0x0000000080004d32 (0x00f78eb3) add     t4, a5, a5
core   0: 1 0x0000000080004d32 (0x00f78eb3) x29 0x0000000100009a64
core   0: 0x0000000080004d36 (0x01985b33) srl     s6, a6, s9
core   0: 1 0x0000000080004d36 (0x01985b33) x22 0x0000000000000000
core   0: 0x0000000080004d3a (0x40045a93) srai    s5, s0, 0
core   0: 1 0x0000000080004d3a (0x40045a93) x21 0xffffffffffffffff
core   0: 0x0000000080004d3e (0x012d2033) slt     zero, s10, s2
core   0: 1 0x0000000080004d3e (0x012d2033)
core   0: 0x0000000080004d42 (0x42098bd3) fcvt.d.s fs7, fs3
core   0: 1 0x0000000080004d42 (0x42098bd3) f23 0x7ff8000000000000
core   0: 0x0000000080004d46 (0x405684bb) subw    s1, a3, t0
core   0: 1 0x0000000080004d46 (0x405684bb) x9  0x0000000000000000
core   0: 0x0000000080004d4a (0x01db85bb) addw    a1, s7, t4
core   0: 1 0x0000000080004d4a (0x01db85bb) x11 0x0000000000009a64
core   0: 0x0000000080004d4e (0x40f18c3b) subw    s8, gp, a5
core   0: 1 0x0000000080004d4e (0x40f18c3b) x24 0x000000007fffb2ce
core   0: 0x0000000080004d52 (0xa3750a53) fle.d   s4, fa0, fs7
core   0: 1 0x0000000080004d52 (0xa3750a53) c1_fflags 0x0000000000000011 x20 0x0000000000000000
core   0: 0x0000000080004d56 (0xd031fb53) fcvt.s.lu fs6, gp
core   0: exception trap_illegal_instruction, epc 0x0000000080004d56
core   0:           tval 0x00000000d031fb53
core   0: >>>>  $xrv64i2p1_m2p0_a2p1_f2p2_d2p2_zicsr2p0_zifencei2p0_zmmul1p0_zba1p0_zbb1p0_zbc1p0_zbs1p0
core   0: 0x0000000080004000 (0x0080006f) j       pc + 0x8
core   0: 3 0x0000000080004000 (0x0080006f)
core   0: >>>>  mmode_exception_handler
core   0: 0x0000000080004008 (0x00002c17) auipc   s8, 0x2
core   0: 3 0x0000000080004008 (0x00002c17) x24 0x0000000080006008
core   0: 0x000000008000400c (0x0d6c0c13) addi    s8, s8, 214
core   0: 3 0x000000008000400c (0x0d6c0c13) x24 0x00000000800060de
core   0: 0x0000000080004010 (0x000c00e7) jalr    s8
core   0: 3 0x0000000080004010 (0x000c00e7) x1  0x0000000080004014
core   0: >>>>  any_handler
core   0: 0x00000000800060de (0x341027f3) csrrs   a5, mepc, zero
core   0: 3 0x00000000800060de (0x341027f3) x15 0x0000000080004d56
core   0: 0x00000000800060e2 (0x34202773) csrrs   a4, mcause, zero
core   0: 3 0x00000000800060e2 (0x34202773) x14 0x0000000000000002
core   0: 0x00000000800060e6 (0x142026f3) csrrs   a3, scause, zero
core   0: 3 0x00000000800060e6 (0x142026f3) x13 0x0000000000000000
core   0: 0x00000000800060ea (0x30402673) csrrs   a2, mie, zero
core   0: 3 0x00000000800060ea (0x30402673) x12 0x0000000000000a00
core   0: 0x00000000800060ee (0x344025f3) csrrs   a1, mip, zero
core   0: 3 0x00000000800060ee (0x344025f3) x11 0x0000000000000080
core   0: 0x00000000800060f2 (0x343025f3) csrrs   a1, mtval, zero
core   0: 3 0x00000000800060f2 (0x343025f3) x11 0x00000000d031fb53
core   0: 0x00000000800060f6 (0x14302573) csrrs   a0, stval, zero
core   0: 3 0x00000000800060f6 (0x14302573) x10 0x0000000000000000
core   0: 0x00000000800060fa (0xb02024f3) csrrs   s1, minstret, zero
core   0: 3 0x00000000800060fa (0xb02024f3) x9  0x0000000000000c34
core   0: 0x00000000800060fe (0x0000a811) c.j     pc + 20
core   0: 3 0x00000000800060fe (0xa811)
core   0: >>>>  mepc_4
core   0: 0x0000000080006112 (0x00000791) c.addi  a5, 4
core   0: 3 0x0000000080006112 (0x0791) x15 0x0000000080004d5a
core   0: 0x0000000080006114 (0x34179073) csrrw   zero, mepc, a5
core   0: 3 0x0000000080006114 (0x34179073) c833_mepc 0x0000000080004d5a
core   0: 0x0000000080006118 (0x30200073) mret
core   0: 3 0x0000000080006118 (0x30200073) c768_mstatus 0x8000000a00106080
core   0: 0x0000000080004d5a (0xd03a7b53) fcvt.s.lu fs6, s4
core   0: exception trap_illegal_instruction, epc 0x0000000080004d5a
core   0:           tval 0x00000000d03a7b53
core   0: >>>>  $xrv64i2p1_m2p0_a2p1_f2p2_d2p2_zicsr2p0_zifencei2p0_zmmul1p0_zba1p0_zbb1p0_zbc1p0_zbs1p0
core   0: 0x0000000080004000 (0x0080006f) j       pc + 0x8
core   0: 3 0x0000000080004000 (0x0080006f)
core   0: >>>>  mmode_exception_handler
core   0: 0x0000000080004008 (0x00002c17) auipc   s8, 0x2
core   0: 3 0x0000000080004008 (0x00002c17) x24 0x0000000080006008
core   0: 0x000000008000400c (0x0d6c0c13) addi    s8, s8, 214
core   0: 3 0x000000008000400c (0x0d6c0c13) x24 0x00000000800060de
core   0: 0x0000000080004010 (0x000c00e7) jalr    s8
core   0: 3 0x0000000080004010 (0x000c00e7) x1  0x0000000080004014
core   0: >>>>  any_handler
core   0: 0x00000000800060de (0x341027f3) csrrs   a5, mepc, zero
core   0: 3 0x00000000800060de (0x341027f3) x15 0x0000000080004d5a
core   0: 0x00000000800060e2 (0x34202773) csrrs   a4, mcause, zero
core   0: 3 0x00000000800060e2 (0x34202773) x14 0x0000000000000002
core   0: 0x00000000800060e6 (0x142026f3) csrrs   a3, scause, zero
core   0: 3 0x00000000800060e6 (0x142026f3) x13 0x0000000000000000
core   0: 0x00000000800060ea (0x30402673) csrrs   a2, mie, zero
core   0: 3 0x00000000800060ea (0x30402673) x12 0x0000000000000a00
core   0: 0x00000000800060ee (0x344025f3) csrrs   a1, mip, zero
core   0: 3 0x00000000800060ee (0x344025f3) x11 0x0000000000000080
core   0: 0x00000000800060f2 (0x343025f3) csrrs   a1, mtval, zero
core   0: 3 0x00000000800060f2 (0x343025f3) x11 0x00000000d03a7b53
core   0: 0x00000000800060f6 (0x14302573) csrrs   a0, stval, zero
core   0: 3 0x00000000800060f6 (0x14302573) x10 0x0000000000000000
core   0: 0x00000000800060fa (0xb02024f3) csrrs   s1, minstret, zero
core   0: 3 0x00000000800060fa (0xb02024f3) x9  0x0000000000000c44
core   0: 0x00000000800060fe (0x0000a811) c.j     pc + 20
core   0: 3 0x00000000800060fe (0xa811)
core   0: >>>>  mepc_4
core   0: 0x0000000080006112 (0x00000791) c.addi  a5, 4
core   0: 3 0x0000000080006112 (0x0791) x15 0x0000000080004d5e
core   0: 0x0000000080006114 (0x34179073) csrrw   zero, mepc, a5
core   0: 3 0x0000000080006114 (0x34179073) c833_mepc 0x0000000080004d5e
core   0: 0x0000000080006118 (0x30200073) mret
core   0: 3 0x0000000080006118 (0x30200073) c768_mstatus 0x8000000a00106080
core   0: 0x0000000080004d5e (0x032d7953) fadd.d  fs2, fs10, fs2
core   0: exception trap_illegal_instruction, epc 0x0000000080004d5e
core   0:           tval 0x00000000032d7953
core   0: >>>>  $xrv64i2p1_m2p0_a2p1_f2p2_d2p2_zicsr2p0_zifencei2p0_zmmul1p0_zba1p0_zbb1p0_zbc1p0_zbs1p0
core   0: 0x0000000080004000 (0x0080006f) j       pc + 0x8
core   0: 3 0x0000000080004000 (0x0080006f)
core   0: >>>>  mmode_exception_handler
core   0: 0x0000000080004008 (0x00002c17) auipc   s8, 0x2
core   0: 3 0x0000000080004008 (0x00002c17) x24 0x0000000080006008
core   0: 0x000000008000400c (0x0d6c0c13) addi    s8, s8, 214
core   0: 3 0x000000008000400c (0x0d6c0c13) x24 0x00000000800060de
core   0: 0x0000000080004010 (0x000c00e7) jalr    s8
core   0: 3 0x0000000080004010 (0x000c00e7) x1  0x0000000080004014
core   0: >>>>  any_handler
core   0: 0x00000000800060de (0x341027f3) csrrs   a5, mepc, zero
core   0: 3 0x00000000800060de (0x341027f3) x15 0x0000000080004d5e
core   0: 0x00000000800060e2 (0x34202773) csrrs   a4, mcause, zero
core   0: 3 0x00000000800060e2 (0x34202773) x14 0x0000000000000002
core   0: 0x00000000800060e6 (0x142026f3) csrrs   a3, scause, zero
core   0: 3 0x00000000800060e6 (0x142026f3) x13 0x0000000000000000
core   0: 0x00000000800060ea (0x30402673) csrrs   a2, mie, zero
core   0: 3 0x00000000800060ea (0x30402673) x12 0x0000000000000a00
core   0: 0x00000000800060ee (0x344025f3) csrrs   a1, mip, zero
core   0: 3 0x00000000800060ee (0x344025f3) x11 0x0000000000000080
core   0: 0x00000000800060f2 (0x343025f3) csrrs   a1, mtval, zero
core   0: 3 0x00000000800060f2 (0x343025f3) x11 0x00000000032d7953
core   0: 0x00000000800060f6 (0x14302573) csrrs   a0, stval, zero
core   0: 3 0x00000000800060f6 (0x14302573) x10 0x0000000000000000
core   0: 0x00000000800060fa (0xb02024f3) csrrs   s1, minstret, zero
core   0: 3 0x00000000800060fa (0xb02024f3) x9  0x0000000000000c54
core   0: 0x00000000800060fe (0x0000a811) c.j     pc + 20
core   0: 3 0x00000000800060fe (0xa811)
core   0: >>>>  mepc_4
core   0: 0x0000000080006112 (0x00000791) c.addi  a5, 4
core   0: 3 0x0000000080006112 (0x0791) x15 0x0000000080004d62
core   0: 0x0000000080006114 (0x34179073) csrrw   zero, mepc, a5
core   0: 3 0x0000000080006114 (0x34179073) c833_mepc 0x0000000080004d62
core   0: 0x0000000080006118 (0x30200073) mret
core   0: 3 0x0000000080006118 (0x30200073) c768_mstatus 0x8000000a00106080
core   0: 0x0000000080004d62 (0x002b10f3) csrrw   ra, frm, s6
core   0: 1 0x0000000080004d62 (0x002b10f3) x1  0x0000000000000007 c2_frm 0x0000000000000000
core   0: 0x0000000080004d66 (0x0152a433) slt     s0, t0, s5
core   0: 1 0x0000000080004d66 (0x0152a433) x8  0x0000000000000000
core   0: 0x0000000080004d6a (0x035b9ab3) mulh    s5, s7, s5
core   0: 1 0x0000000080004d6a (0x035b9ab3) x21 0x0000000000000000
core   0: 0x0000000080004d6e (0x00032533) slt     a0, t1, zero
core   0: 1 0x0000000080004d6e (0x00032533) x10 0x0000000000000001
core   0: 0x0000000080004d72 (0x00ec823b) addw    tp, s9, a4
core   0: 1 0x0000000080004d72 (0x00ec823b) x4  0x0000000000000001
core   0: 0x0000000080004d76 (0x00261a73) csrrw   s4, frm, a2
core   0: 1 0x0000000080004d76 (0x00261a73) x20 0x0000000000000000 c2_frm 0x0000000000000000
core   0: 0x0000000080004d7a (0x40d40233) sub     tp, s0, a3
core   0: 1 0x0000000080004d7a (0x40d40233) x4  0x0000000000000000
core   0: 0x0000000080004d7e (0x00821a9b) slliw   s5, tp, 8
core   0: 1 0x0000000080004d7e (0x00821a9b) x21 0x0000000000000000
core   0: 0x0000000080004d82 (0x402ad39b) sraiw   t2, s5, 2
core   0: 1 0x0000000080004d82 (0x402ad39b) x7  0x0000000000000000
core   0: 0x0000000080004d86 (0x60b3c393) xori    t2, t2, 1547
core   0: 1 0x0000000080004d86 (0x60b3c393) x7  0x000000000000060b
core   0: 0x0000000080004d8a (0xa2190553) fle.d   a0, fs2, ft1
core   0: 1 0x0000000080004d8a (0xa2190553) c1_fflags 0x0000000000000011 x10 0x0000000000000000
core   0: 0x0000000080004d8e (0x344e98f3) csrrw   a7, mip, t4
core   0: exception trap_illegal_instruction, epc 0x0000000080004d8e
core   0:           tval 0x00000000344e98f3
core   0: >>>>  $xrv64i2p1_m2p0_a2p1_f2p2_d2p2_zicsr2p0_zifencei2p0_zmmul1p0_zba1p0_zbb1p0_zbc1p0_zbs1p0
core   0: 0x0000000080004000 (0x0080006f) j       pc + 0x8
core   0: 3 0x0000000080004000 (0x0080006f)
core   0: >>>>  mmode_exception_handler
core   0: 0x0000000080004008 (0x00002c17) auipc   s8, 0x2
core   0: 3 0x0000000080004008 (0x00002c17) x24 0x0000000080006008
core   0: 0x000000008000400c (0x0d6c0c13) addi    s8, s8, 214
core   0: 3 0x000000008000400c (0x0d6c0c13) x24 0x00000000800060de
core   0: 0x0000000080004010 (0x000c00e7) jalr    s8
core   0: 3 0x0000000080004010 (0x000c00e7) x1  0x0000000080004014
core   0: >>>>  any_handler
core   0: 0x00000000800060de (0x341027f3) csrrs   a5, mepc, zero
core   0: 3 0x00000000800060de (0x341027f3) x15 0x0000000080004d8e
core   0: 0x00000000800060e2 (0x34202773) csrrs   a4, mcause, zero
core   0: 3 0x00000000800060e2 (0x34202773) x14 0x0000000000000002
core   0: 0x00000000800060e6 (0x142026f3) csrrs   a3, scause, zero
core   0: 3 0x00000000800060e6 (0x142026f3) x13 0x0000000000000000
core   0: 0x00000000800060ea (0x30402673) csrrs   a2, mie, zero
core   0: 3 0x00000000800060ea (0x30402673) x12 0x0000000000000a00
core   0: 0x00000000800060ee (0x344025f3) csrrs   a1, mip, zero
core   0: 3 0x00000000800060ee (0x344025f3) x11 0x0000000000000080
core   0: 0x00000000800060f2 (0x343025f3) csrrs   a1, mtval, zero
core   0: 3 0x00000000800060f2 (0x343025f3) x11 0x00000000344e98f3
core   0: 0x00000000800060f6 (0x14302573) csrrs   a0, stval, zero
core   0: 3 0x00000000800060f6 (0x14302573) x10 0x0000000000000000
core   0: 0x00000000800060fa (0xb02024f3) csrrs   s1, minstret, zero
core   0: 3 0x00000000800060fa (0xb02024f3) x9  0x0000000000000c6f
core   0: 0x00000000800060fe (0x0000a811) c.j     pc + 20
core   0: 3 0x00000000800060fe (0xa811)
core   0: >>>>  mepc_4
core   0: 0x0000000080006112 (0x00000791) c.addi  a5, 4
core   0: 3 0x0000000080006112 (0x0791) x15 0x0000000080004d92
core   0: 0x0000000080006114 (0x34179073) csrrw   zero, mepc, a5
core   0: 3 0x0000000080006114 (0x34179073) c833_mepc 0x0000000080004d92
core   0: 0x0000000080006118 (0x30200073) mret
core   0: 3 0x0000000080006118 (0x30200073) c768_mstatus 0x8000000a00106080
core   0: 0x0000000080004d92 (0x007ee3b3) or      t2, t4, t2
core   0: 1 0x0000000080004d92 (0x007ee3b3) x7  0x0000000100009e6f
core   0: 0x0000000080004d96 (0x0118edb3) or      s11, a7, a7
core   0: 1 0x0000000080004d96 (0x0118edb3) x27 0x0000000000000000
core   0: 0x0000000080004d9a (0x001df393) andi    t2, s11, 1
core   0: 1 0x0000000080004d9a (0x001df393) x7  0x0000000000000000
core   0: 0x0000000080004d9e (0x0068951b) slliw   a0, a7, 6
core   0: 1 0x0000000080004d9e (0x0068951b) x10 0x0000000000000000
core   0: 0x0000000080004da2 (0x003dd6b3) srl     a3, s11, gp
core   0: 1 0x0000000080004da2 (0x003dd6b3) x13 0x0000000000000000
core   0: 0x0000000080004da6 (0xc80d1673) csrrw   a2, cycleh, s10
core   0: exception trap_illegal_instruction, epc 0x0000000080004da6
core   0:           tval 0x00000000c80d1673
core   0: >>>>  $xrv64i2p1_m2p0_a2p1_f2p2_d2p2_zicsr2p0_zifencei2p0_zmmul1p0_zba1p0_zbb1p0_zbc1p0_zbs1p0
core   0: 0x0000000080004000 (0x0080006f) j       pc + 0x8
core   0: 3 0x0000000080004000 (0x0080006f)
core   0: >>>>  mmode_exception_handler
core   0: 0x0000000080004008 (0x00002c17) auipc   s8, 0x2
core   0: 3 0x0000000080004008 (0x00002c17) x24 0x0000000080006008
core   0: 0x000000008000400c (0x0d6c0c13) addi    s8, s8, 214
core   0: 3 0x000000008000400c (0x0d6c0c13) x24 0x00000000800060de
core   0: 0x0000000080004010 (0x000c00e7) jalr    s8
core   0: 3 0x0000000080004010 (0x000c00e7) x1  0x0000000080004014
core   0: >>>>  any_handler
core   0: 0x00000000800060de (0x341027f3) csrrs   a5, mepc, zero
core   0: 3 0x00000000800060de (0x341027f3) x15 0x0000000080004da6
core   0: 0x00000000800060e2 (0x34202773) csrrs   a4, mcause, zero
core   0: 3 0x00000000800060e2 (0x34202773) x14 0x0000000000000002
core   0: 0x00000000800060e6 (0x142026f3) csrrs   a3, scause, zero
core   0: 3 0x00000000800060e6 (0x142026f3) x13 0x0000000000000000
core   0: 0x00000000800060ea (0x30402673) csrrs   a2, mie, zero
core   0: 3 0x00000000800060ea (0x30402673) x12 0x0000000000000a00
core   0: 0x00000000800060ee (0x344025f3) csrrs   a1, mip, zero
core   0: 3 0x00000000800060ee (0x344025f3) x11 0x0000000000000080
core   0: 0x00000000800060f2 (0x343025f3) csrrs   a1, mtval, zero
core   0: 3 0x00000000800060f2 (0x343025f3) x11 0x00000000c80d1673
core   0: 0x00000000800060f6 (0x14302573) csrrs   a0, stval, zero
core   0: 3 0x00000000800060f6 (0x14302573) x10 0x0000000000000000
core   0: 0x00000000800060fa (0xb02024f3) csrrs   s1, minstret, zero
core   0: 3 0x00000000800060fa (0xb02024f3) x9  0x0000000000000c84
core   0: 0x00000000800060fe (0x0000a811) c.j     pc + 20
core   0: 3 0x00000000800060fe (0xa811)
core   0: >>>>  mepc_4
core   0: 0x0000000080006112 (0x00000791) c.addi  a5, 4
core   0: 3 0x0000000080006112 (0x0791) x15 0x0000000080004daa
core   0: 0x0000000080006114 (0x34179073) csrrw   zero, mepc, a5
core   0: 3 0x0000000080006114 (0x34179073) c833_mepc 0x0000000080004daa
core   0: 0x0000000080006118 (0x30200073) mret
core   0: 3 0x0000000080006118 (0x30200073) c768_mstatus 0x8000000a00106080
core   0: 0x0000000080004daa (0x41ad8d3b) subw    s10, s11, s10
core   0: 1 0x0000000080004daa (0x41ad8d3b) x26 0x0000000000000000
core   0: 0x0000000080004dae (0x00c60b33) add     s6, a2, a2
core   0: 1 0x0000000080004dae (0x00c60b33) x22 0x0000000000001400
core   0: 0x0000000080004db2 (0x002b13f3) csrrw   t2, frm, s6
core   0: 1 0x0000000080004db2 (0x002b13f3) x7  0x0000000000000000 c2_frm 0x0000000000000000
core   0: 0x0000000080004db6 (0x4082523b) sraw    tp, tp, s0
core   0: 1 0x0000000080004db6 (0x4082523b) x4  0x0000000000000000
core   0: 0x0000000080004dba (0x02e72033) mulhsu  zero, a4, a4
core   0: 1 0x0000000080004dba (0x02e72033)
core   0: 0x0000000080004dbe (0x024bdb93) srli    s7, s7, 36
core   0: 1 0x0000000080004dbe (0x024bdb93) x23 0x0000000000000000
core   0: 0x0000000080004dc2 (0xd0397ed3) fcvt.s.lu ft9, s2
core   0: 1 0x0000000080004dc2 (0xd0397ed3) f29 0xffffffff00000000
core   0: 0x0000000080004dc6 (0x0119c8b3) xor     a7, s3, a7
core   0: 1 0x0000000080004dc6 (0x0119c8b3) x17 0x000000742b4fffb4
core   0: 0x0000000080004dca (0xd239f653) fcvt.d.lu fa2, s3
core   0: 1 0x0000000080004dca (0xd239f653) f12 0x425d0ad3ffed0000
core   0: 0x0000000080004dce (0x40a70cbb) subw    s9, a4, a0
core   0: 1 0x0000000080004dce (0x40a70cbb) x25 0x0000000000000002
core   0: 0x0000000080004dd2 (0xc2d8f8cb) fnmsub.d fa7, fa7, fa3, fs8
core   0: 1 0x0000000080004dd2 (0xc2d8f8cb) f17 0x7ff8000000000000
core   0: 0x0000000080004dd6 (0xfac393b7) lui     t2, 0xfac39
core   0: 1 0x0000000080004dd6 (0xfac393b7) x7  0xfffffffffac39000
core   0: 0x0000000080004dda (0x0cb3839b) addiw   t2, t2, 203
core   0: 1 0x0000000080004dda (0x0cb3839b) x7  0xfffffffffac390cb
core   0: 0x0000000080004dde (0x000003b2) c.slli  t2, 12
core   0: 1 0x0000000080004dde (0x03b2) x7  0xffffffac390cb000
core   0: 0x0000000080004de0 (0x4fb38393) addi    t2, t2, 1275
core   0: 1 0x0000000080004de0 (0x4fb38393) x7  0xffffffac390cb4fb
core   0: 0x0000000080004de4 (0xd22df053) fcvt.d.l ft0, s11
core   0: 1 0x0000000080004de4 (0xd22df053) f0  0x0000000000000000
core   0: 0x0000000080004de8 (0x03964633) div     a2, a2, s9
core   0: 1 0x0000000080004de8 (0x03964633) x12 0x0000000000000500
core   0: 0x0000000080004dec (0xc23f7353) fcvt.lu.d t1, ft10
core   0: 1 0x0000000080004dec (0xc23f7353) c1_fflags 0x0000000000000011 x6  0xffffffffffffffff
core   0: 0x0000000080004df0 (0x0164169b) slliw   a3, s0, 22
core   0: 1 0x0000000080004df0 (0x0164169b) x13 0x0000000000000000
core   0: 0x0000000080004df4 (0x013d82b3) add     t0, s11, s3
core   0: 1 0x0000000080004df4 (0x013d82b3) x5  0x000000742b4fffb4
core   0: 0x0000000080004df8 (0x23b02dd3) fsgnjx.d fs11, ft0, fs11
core   0: 1 0x0000000080004df8 (0x23b02dd3) f27 0x8000000000000000
core   0: 0x0000000080004dfc (0xe2060953) fmv.x.d s2, fa2
core   0: 1 0x0000000080004dfc (0xe2060953) x18 0x425d0ad3ffed0000
core   0: 0x0000000080004e00 (0x0269db3b) divuw   s6, s3, t1
core   0: 1 0x0000000080004e00 (0x0269db3b) x22 0x0000000000000000
core   0: 0x0000000080004e04 (0x009d14b3) sll     s1, s10, s1
core   0: 1 0x0000000080004e04 (0x009d14b3) x9  0x0000000000000000
core   0: 0x0000000080004e08 (0x0387673b) remw    a4, a4, s8
core   0: 1 0x0000000080004e08 (0x0387673b) x14 0x0000000000000002
core   0: 0x0000000080004e0c (0x00129d1b) slliw   s10, t0, 1
core   0: 1 0x0000000080004e0c (0x00129d1b) x26 0x00000000569fff68
core   0: 0x0000000080004e10 (0x00000001) c.nop
core   0: 1 0x0000000080004e10 (0x0001)
core   0: 0x0000000080004e12 (0x63516893) ori     a7, sp, 1589
core   0: 1 0x0000000080004e12 (0x63516893) x17 0x0000000000000635
core   0: 0x0000000080004e16 (0xc03a7153) fcvt.lu.s sp, fs4
core   0: 1 0x0000000080004e16 (0xc03a7153) c1_fflags 0x0000000000000011 x2  0xffffffffffffffff
core   0: 0x0000000080004e1a (0x022253b3) divu    t2, tp, sp
core   0: 1 0x0000000080004e1a (0x022253b3) x7  0x0000000000000000
core   0: 0x0000000080004e1e (0x4098db1b) sraiw   s6, a7, 9
core   0: 1 0x0000000080004e1e (0x4098db1b) x22 0x0000000000000003
core   0: 0x0000000080004e22 (0xe20a8453) fmv.x.d s0, fs5
core   0: 1 0x0000000080004e22 (0xe20a8453) x8  0x00709130b70000ce
core   0: 0x0000000080004e26 (0x42ba5113) srai    sp, s4, 43
core   0: 1 0x0000000080004e26 (0x42ba5113) x2  0x0000000000000000
core   0: 0x0000000080004e2a (0x00a5c833) xor     a6, a1, a0
core   0: 1 0x0000000080004e2a (0x00a5c833) x16 0x00000000c80d1673
core   0: 0x0000000080004e2e (0xa30a8753) fle.d   a4, fs5, fa6
core   0: 1 0x0000000080004e2e (0xa30a8753) c1_fflags 0x0000000000000011 x14 0x0000000000000000
core   0: 0x0000000080004e32 (0xb3eb7f4b) fnmsub.d ft10, fs6, ft10, fs6
core   0: 1 0x0000000080004e32 (0xb3eb7f4b) f30 0x7ff8000000000000
core   0: 0x0000000080004e36 (0x63780813) addi    a6, a6, 1591
core   0: 1 0x0000000080004e36 (0x63780813) x16 0x00000000c80d1caa
core   0: 0x0000000080004e3a (0x00180d13) addi    s10, a6, 1
core   0: 1 0x0000000080004e3a (0x00180d13) x26 0x00000000c80d1cab
core   0: 0x0000000080004e3e (0xc201f7d3) fcvt.w.d a5, ft3
core   0: 1 0x0000000080004e3e (0xc201f7d3) c1_fflags 0x0000000000000011 x15 0x000000007fffffff
core   0: 0x0000000080004e42 (0x018dfa33) and     s4, s11, s8
core   0: 1 0x0000000080004e42 (0x018dfa33) x20 0x0000000000000000
core   0: 0x0000000080004e46 (0xc001b1f3) csrrc   gp, cycle, gp
core   0: exception trap_illegal_instruction, epc 0x0000000080004e46
core   0:           tval 0x00000000c001b1f3
core   0: >>>>  $xrv64i2p1_m2p0_a2p1_f2p2_d2p2_zicsr2p0_zifencei2p0_zmmul1p0_zba1p0_zbb1p0_zbc1p0_zbs1p0
core   0: 0x0000000080004000 (0x0080006f) j       pc + 0x8
core   0: 3 0x0000000080004000 (0x0080006f)
core   0: >>>>  mmode_exception_handler
core   0: 0x0000000080004008 (0x00002c17) auipc   s8, 0x2
core   0: 3 0x0000000080004008 (0x00002c17) x24 0x0000000080006008
core   0: 0x000000008000400c (0x0d6c0c13) addi    s8, s8, 214
core   0: 3 0x000000008000400c (0x0d6c0c13) x24 0x00000000800060de
core   0: 0x0000000080004010 (0x000c00e7) jalr    s8
core   0: 3 0x0000000080004010 (0x000c00e7) x1  0x0000000080004014
core   0: >>>>  any_handler
core   0: 0x00000000800060de (0x341027f3) csrrs   a5, mepc, zero
core   0: 3 0x00000000800060de (0x341027f3) x15 0x0000000080004e46
core   0: 0x00000000800060e2 (0x34202773) csrrs   a4, mcause, zero
core   0: 3 0x00000000800060e2 (0x34202773) x14 0x0000000000000002
core   0: 0x00000000800060e6 (0x142026f3) csrrs   a3, scause, zero
core   0: 3 0x00000000800060e6 (0x142026f3) x13 0x0000000000000000
core   0: 0x00000000800060ea (0x30402673) csrrs   a2, mie, zero
core   0: 3 0x00000000800060ea (0x30402673) x12 0x0000000000000a00
core   0: 0x00000000800060ee (0x344025f3) csrrs   a1, mip, zero
core   0: 3 0x00000000800060ee (0x344025f3) x11 0x0000000000000080
core   0: 0x00000000800060f2 (0x343025f3) csrrs   a1, mtval, zero
core   0: 3 0x00000000800060f2 (0x343025f3) x11 0x00000000c001b1f3
core   0: 0x00000000800060f6 (0x14302573) csrrs   a0, stval, zero
core   0: 3 0x00000000800060f6 (0x14302573) x10 0x0000000000000000
core   0: 0x00000000800060fa (0xb02024f3) csrrs   s1, minstret, zero
core   0: 3 0x00000000800060fa (0xb02024f3) x9  0x0000000000000cbc
core   0: 0x00000000800060fe (0x0000a811) c.j     pc + 20
core   0: 3 0x00000000800060fe (0xa811)
core   0: >>>>  mepc_4
core   0: 0x0000000080006112 (0x00000791) c.addi  a5, 4
core   0: 3 0x0000000080006112 (0x0791) x15 0x0000000080004e4a
core   0: 0x0000000080006114 (0x34179073) csrrw   zero, mepc, a5
core   0: 3 0x0000000080006114 (0x34179073) c833_mepc 0x0000000080004e4a
core   0: 0x0000000080006118 (0x30200073) mret
core   0: 3 0x0000000080006118 (0x30200073) c768_mstatus 0x8000000a00106080
core   0: 0x0000000080004e4a (0x0b657553) fsub.d  fa0, fa0, fs6
core   0: 1 0x0000000080004e4a (0x0b657553) f10 0x7ff8000000000000
core   0: 0x0000000080004e4e (0xd0cb9e17) auipc   t3, 0xd0cb9
core   0: 1 0x0000000080004e4e (0xd0cb9e17) x28 0x0000000050cbde4e
core   0: 0x0000000080004e52 (0xf13126f3) csrrs   a3, mimpid, sp
core   0: exception trap_illegal_instruction, epc 0x0000000080004e52
core   0:           tval 0x00000000f13126f3
core   0: >>>>  $xrv64i2p1_m2p0_a2p1_f2p2_d2p2_zicsr2p0_zifencei2p0_zmmul1p0_zba1p0_zbb1p0_zbc1p0_zbs1p0
core   0: 0x0000000080004000 (0x0080006f) j       pc + 0x8
core   0: 3 0x0000000080004000 (0x0080006f)
core   0: >>>>  mmode_exception_handler
core   0: 0x0000000080004008 (0x00002c17) auipc   s8, 0x2
core   0: 3 0x0000000080004008 (0x00002c17) x24 0x0000000080006008
core   0: 0x000000008000400c (0x0d6c0c13) addi    s8, s8, 214
core   0: 3 0x000000008000400c (0x0d6c0c13) x24 0x00000000800060de
core   0: 0x0000000080004010 (0x000c00e7) jalr    s8
core   0: 3 0x0000000080004010 (0x000c00e7) x1  0x0000000080004014
core   0: >>>>  any_handler
core   0: 0x00000000800060de (0x341027f3) csrrs   a5, mepc, zero
core   0: 3 0x00000000800060de (0x341027f3) x15 0x0000000080004e52
core   0: 0x00000000800060e2 (0x34202773) csrrs   a4, mcause, zero
core   0: 3 0x00000000800060e2 (0x34202773) x14 0x0000000000000002
core   0: 0x00000000800060e6 (0x142026f3) csrrs   a3, scause, zero
core   0: 3 0x00000000800060e6 (0x142026f3) x13 0x0000000000000000
core   0: 0x00000000800060ea (0x30402673) csrrs   a2, mie, zero
core   0: 3 0x00000000800060ea (0x30402673) x12 0x0000000000000a00
core   0: 0x00000000800060ee (0x344025f3) csrrs   a1, mip, zero
core   0: 3 0x00000000800060ee (0x344025f3) x11 0x0000000000000080
core   0: 0x00000000800060f2 (0x343025f3) csrrs   a1, mtval, zero
core   0: 3 0x00000000800060f2 (0x343025f3) x11 0x00000000f13126f3
core   0: 0x00000000800060f6 (0x14302573) csrrs   a0, stval, zero
core   0: 3 0x00000000800060f6 (0x14302573) x10 0x0000000000000000
core   0: 0x00000000800060fa (0xb02024f3) csrrs   s1, minstret, zero
core   0: 3 0x00000000800060fa (0xb02024f3) x9  0x0000000000000cce
core   0: 0x00000000800060fe (0x0000a811) c.j     pc + 20
core   0: 3 0x00000000800060fe (0xa811)
core   0: >>>>  mepc_4
core   0: 0x0000000080006112 (0x00000791) c.addi  a5, 4
core   0: 3 0x0000000080006112 (0x0791) x15 0x0000000080004e56
core   0: 0x0000000080006114 (0x34179073) csrrw   zero, mepc, a5
core   0: 3 0x0000000080006114 (0x34179073) c833_mepc 0x0000000080004e56
core   0: 0x0000000080006118 (0x30200073) mret
core   0: 3 0x0000000080006118 (0x30200073) c768_mstatus 0x8000000a00106080
core   0: 0x0000000080004e56 (0x031e0a33) mul     s4, t3, a7
core   0: 1 0x0000000080004e56 (0x031e0a33) x20 0x000001f5816ada26
core   0: 0x0000000080004e5a (0xe16a8e93) addi    t4, s5, -490
core   0: 1 0x0000000080004e5a (0xe16a8e93) x29 0xfffffffffffffe16
core   0: 0x0000000080004e5e (0xd028fa53) fcvt.s.l fs4, a7
core   0: 1 0x0000000080004e5e (0xd028fa53) f20 0xffffffff44c6a000
core   0: 0x0000000080004e62 (0x019548b3) xor     a7, a0, s9
core   0: 1 0x0000000080004e62 (0x019548b3) x17 0x0000000000000002
core   0: 0x0000000080004e66 (0x415e8d33) sub     s10, t4, s5
core   0: 1 0x0000000080004e66 (0x415e8d33) x26 0xfffffffffffffe16
core   0: 0x0000000080004e6a (0x002e923b) sllw    tp, t4, sp
core   0: 1 0x0000000080004e6a (0x002e923b) x4  0xfffffffffffffe16
core   0: 0x0000000080004e6e (0x00711a3b) sllw    s4, sp, t2
core   0: 1 0x0000000080004e6e (0x00711a3b) x20 0x0000000000000000
core   0: 0x0000000080004e72 (0x40770633) sub     a2, a4, t2
core   0: 1 0x0000000080004e72 (0x40770633) x12 0x0000000000000002
core   0: 0x0000000080004e76 (0xf2080cd3) fmv.d.x fs9, a6
core   0: 1 0x0000000080004e76 (0xf2080cd3) f25 0x00000000c80d1caa
core   0: 0x0000000080004e7a (0x223612d3) fsgnjn.d ft5, fa2, ft3
core   0: 1 0x0000000080004e7a (0x223612d3) f5  0xc25d0ad3ffed0000
core   0: 0x0000000080004e7e (0x0ff0000f) fence   iorw,iorw
core   0: 1 0x0000000080004e7e (0x0ff0000f)
core   0: 0x0000000080004e82 (0x1b667f53) fdiv.d  ft10, fa2, fs6
core   0: 1 0x0000000080004e82 (0x1b667f53) f30 0x7ff8000000000000
core   0: 0x0000000080004e86 (0x0ff0000f) fence   iorw,iorw
core   0: 1 0x0000000080004e86 (0x0ff0000f)
core   0: 0x0000000080004e8a (0x0030fa33) and     s4, ra, gp
core   0: 1 0x0000000080004e8a (0x0030fa33) x20 0x0000000000000000
core   0: 0x0000000080004e8e (0x22d79bd3) fsgnjn.d fs7, fa5, fa3
core   0: 1 0x0000000080004e8e (0x22d79bd3) f23 0x7fffffff00000000
core   0: 0x0000000080004e92 (0x421ada93) srai    s5, s5, 33
core   0: 1 0x0000000080004e92 (0x421ada93) x21 0x0000000000000000
core   0: 0x0000000080004e96 (0x4307d713) srai    a4, a5, 48
core   0: 1 0x0000000080004e96 (0x4307d713) x14 0x0000000000000000
core   0: 0x0000000080004e9a (0x0201e2b3) rem     t0, gp, zero
core   0: 1 0x0000000080004e9a (0x0201e2b3) x5  0x0000000000000000
core   0: 0x0000000080004e9e (0x00218b33) add     s6, gp, sp
core   0: 1 0x0000000080004e9e (0x00218b33) x22 0x0000000000000000
core   0: 0x0000000080004ea2 (0x00202bf3) csrrs   s7, frm, zero
core   0: 1 0x0000000080004ea2 (0x00202bf3) x23 0x0000000000000000
core   0: 0x0000000080004ea6 (0x013fd0b7) lui     ra, 0x13fd
core   0: 1 0x0000000080004ea6 (0x013fd0b7) x1  0x00000000013fd000
core   0: 0x0000000080004eaa (0x2570809b) addiw   ra, ra, 599
core   0: 1 0x0000000080004eaa (0x2570809b) x1  0x00000000013fd257
core   0: 0x0000000080004eae (0x000000ba) c.slli  ra, 14
core   0: 1 0x0000000080004eae (0x00ba) x1  0x0000004ff495c000
core   0: 0x0000000080004eb0 (0xcdc08093) addi    ra, ra, -804
core   0: 1 0x0000000080004eb0 (0xcdc08093) x1  0x0000004ff495bcdc
core   0: 0x0000000080004eb4 (0x01b107b3) add     a5, sp, s11
core   0: 1 0x0000000080004eb4 (0x01b107b3) x15 0x0000000000000000
core   0: 0x0000000080004eb8 (0x03c785b3) mul     a1, a5, t3
core   0: 1 0x0000000080004eb8 (0x03c785b3) x11 0x0000000000000000
core   0: 0x0000000080004ebc (0x00739333) sll     t1, t2, t2
core   0: 1 0x0000000080004ebc (0x00739333) x6  0x0000000000000000
core   0: 0x0000000080004ec0 (0x405d893b) subw    s2, s11, t0
core   0: 1 0x0000000080004ec0 (0x405d893b) x18 0x0000000000000000
core   0: 0x0000000080004ec4 (0xe20784d3) fmv.x.d s1, fa5
core   0: 1 0x0000000080004ec4 (0xe20784d3) x9  0xffffffff00000000
core   0: 0x0000000080004ec8 (0x0b457553) fsub.d  fa0, fa0, fs4
core   0: 1 0x0000000080004ec8 (0x0b457553) f10 0x7ff8000000000000
core   0: 0x0000000080004ecc (0xd224fb53) fcvt.d.l fs6, s1
core   0: 1 0x0000000080004ecc (0xd224fb53) f22 0xc1f0000000000000
core   0: 0x0000000080004ed0 (0x01592833) slt     a6, s2, s5
core   0: 1 0x0000000080004ed0 (0x01592833) x16 0x0000000000000000
core   0: 0x0000000080004ed4 (0xfb0d73cb) fnmsub.d ft7, fs10, fa6, ft11
core   0: 1 0x0000000080004ed4 (0xfb0d73cb) f7  0x7ff8000000000000
core   0: 0x0000000080004ed8 (0x001e7893) andi    a7, t3, 1
core   0: 1 0x0000000080004ed8 (0x001e7893) x17 0x0000000000000000
core   0: 0x0000000080004edc (0x027e6633) rem     a2, t3, t2
core   0: 1 0x0000000080004edc (0x027e6633) x12 0x0000000050cbde4e
core   0: 0x0000000080004ee0 (0x229a94d3) fsgnjn.d fs1, fs5, fs1
core   0: 1 0x0000000080004ee0 (0x229a94d3) f9  0x80709130b70000ce
core   0: 0x0000000080004ee4 (0x402b5b9b) sraiw   s7, s6, 2
core   0: 1 0x0000000080004ee4 (0x402b5b9b) x23 0x0000000000000000
core   0: 0x0000000080004ee8 (0x0387de33) divu    t3, a5, s8
core   0: 1 0x0000000080004ee8 (0x0387de33) x28 0x0000000000000000
core   0: 0x0000000080004eec (0x34336bf3) csrrsi  s7, mtval, 6
core   0: exception trap_illegal_instruction, epc 0x0000000080004eec
core   0:           tval 0x0000000034336bf3
core   0: >>>>  $xrv64i2p1_m2p0_a2p1_f2p2_d2p2_zicsr2p0_zifencei2p0_zmmul1p0_zba1p0_zbb1p0_zbc1p0_zbs1p0
core   0: 0x0000000080004000 (0x0080006f) j       pc + 0x8
core   0: 3 0x0000000080004000 (0x0080006f)
core   0: >>>>  mmode_exception_handler
core   0: 0x0000000080004008 (0x00002c17) auipc   s8, 0x2
core   0: 3 0x0000000080004008 (0x00002c17) x24 0x0000000080006008
core   0: 0x000000008000400c (0x0d6c0c13) addi    s8, s8, 214
core   0: 3 0x000000008000400c (0x0d6c0c13) x24 0x00000000800060de
core   0: 0x0000000080004010 (0x000c00e7) jalr    s8
core   0: 3 0x0000000080004010 (0x000c00e7) x1  0x0000000080004014
core   0: >>>>  any_handler
core   0: 0x00000000800060de (0x341027f3) csrrs   a5, mepc, zero
core   0: 3 0x00000000800060de (0x341027f3) x15 0x0000000080004eec
core   0: 0x00000000800060e2 (0x34202773) csrrs   a4, mcause, zero
core   0: 3 0x00000000800060e2 (0x34202773) x14 0x0000000000000002
core   0: 0x00000000800060e6 (0x142026f3) csrrs   a3, scause, zero
core   0: 3 0x00000000800060e6 (0x142026f3) x13 0x0000000000000000
core   0: 0x00000000800060ea (0x30402673) csrrs   a2, mie, zero
core   0: 3 0x00000000800060ea (0x30402673) x12 0x0000000000000a00
core   0: 0x00000000800060ee (0x344025f3) csrrs   a1, mip, zero
core   0: 3 0x00000000800060ee (0x344025f3) x11 0x0000000000000080
core   0: 0x00000000800060f2 (0x343025f3) csrrs   a1, mtval, zero
core   0: 3 0x00000000800060f2 (0x343025f3) x11 0x0000000034336bf3
core   0: 0x00000000800060f6 (0x14302573) csrrs   a0, stval, zero
core   0: 3 0x00000000800060f6 (0x14302573) x10 0x0000000000000000
core   0: 0x00000000800060fa (0xb02024f3) csrrs   s1, minstret, zero
core   0: 3 0x00000000800060fa (0xb02024f3) x9  0x0000000000000d04
core   0: 0x00000000800060fe (0x0000a811) c.j     pc + 20
core   0: 3 0x00000000800060fe (0xa811)
core   0: >>>>  mepc_4
core   0: 0x0000000080006112 (0x00000791) c.addi  a5, 4
core   0: 3 0x0000000080006112 (0x0791) x15 0x0000000080004ef0
core   0: 0x0000000080006114 (0x34179073) csrrw   zero, mepc, a5
core   0: 3 0x0000000080006114 (0x34179073) c833_mepc 0x0000000080004ef0
core   0: 0x0000000080006118 (0x30200073) mret
core   0: 3 0x0000000080006118 (0x30200073) c768_mstatus 0x8000000a00106080
core   0: 0x0000000080004ef0 (0x1a027053) fdiv.d  ft0, ft4, ft0
core   0: 1 0x0000000080004ef0 (0x1a027053) f0  0x7ff8000000000000
core   0: 0x0000000080004ef4 (0x03c5b933) mulhu   s2, a1, t3
core   0: 1 0x0000000080004ef4 (0x03c5b933) x18 0x0000000000000000
core   0: 0x0000000080004ef8 (0x00102473) csrrs   s0, fflags, zero
core   0: 1 0x0000000080004ef8 (0x00102473) x8  0x0000000000000011
core   0: 0x0000000080004efc (0x0005de1b) srliw   t3, a1, 0
core   0: 1 0x0000000080004efc (0x0005de1b) x28 0x0000000034336bf3
core   0: 0x0000000080004f00 (0xbb75f44b) fnmsub.d fs0, fa1, fs7, fs7
core   0: 1 0x0000000080004f00 (0xbb75f44b) f8  0x7ff8000000000000
core   0: 0x0000000080004f04 (0xc22bfc53) fcvt.l.d s8, fs7
core   0: 1 0x0000000080004f04 (0xc22bfc53) c1_fflags 0x0000000000000011 x24 0x7fffffffffffffff
core   0: 0x0000000080004f08 (0x237d0a53) fsgnj.d fs4, fs10, fs7
core   0: 1 0x0000000080004f08 (0x237d0a53) f20 0x7fffffff4f000061
core   0: 0x0000000080004f0c (0x41c2533b) sraw    t1, tp, t3
core   0: 1 0x0000000080004f0c (0x41c2533b) x6  0xffffffffffffffff
core   0: 0x0000000080004f10 (0x037bc3b3) div     t2, s7, s7
core   0: 1 0x0000000080004f10 (0x037bc3b3) x7  0xffffffffffffffff
core   0: 0x0000000080004f14 (0xc0347cd3) fcvt.lu.s s9, fs0
core   0: 1 0x0000000080004f14 (0xc0347cd3) c1_fflags 0x0000000000000011 x25 0xffffffffffffffff
core   0: 0x0000000080004f18 (0x40280c3b) subw    s8, a6, sp
core   0: 1 0x0000000080004f18 (0x40280c3b) x24 0x0000000000000000
core   0: 0x0000000080004f1c (0x0b4d7653) fsub.d  fa2, fs10, fs4
core   0: 1 0x0000000080004f1c (0x0b4d7653) f12 0x7ff8000000000000
core   0: 0x0000000080004f20 (0xc02a7253) fcvt.l.s tp, fs4
core   0: 1 0x0000000080004f20 (0xc02a7253) c1_fflags 0x0000000000000011 x4  0x7fffffffffffffff
core   0: 0x0000000080004f24 (0x0048b4b3) sltu    s1, a7, tp
core   0: 1 0x0000000080004f24 (0x0048b4b3) x9  0x0000000000000001
core   0: 0x0000000080004f28 (0x58417813) andi    a6, sp, 1412
core   0: 1 0x0000000080004f28 (0x58417813) x16 0x0000000000000000
core   0: 0x0000000080004f2c (0xe20b03d3) fmv.x.d t2, fs6
core   0: 1 0x0000000080004f2c (0xe20b03d3) x7  0xc1f0000000000000
core   0: 0x0000000080004f30 (0x02c0c6b3) div     a3, ra, a2
core   0: 1 0x0000000080004f30 (0x02c0c6b3) x13 0x00000000000cccd3
core   0: 0x0000000080004f34 (0x0ff0000f) fence   iorw,iorw
core   0: 1 0x0000000080004f34 (0x0ff0000f)
core   0: 0x0000000080004f38 (0x013b863b) addw    a2, s7, s3
core   0: 1 0x0000000080004f38 (0x013b863b) x12 0x000000002b4fffb4
core   0: 0x0000000080004f3c (0x5a0afad3) fsqrt.d fs5, fs5
core   0: 1 0x0000000080004f3c (0x5a0afad3) c1_fflags 0x0000000000000011 f21 0x203047f686219ad1
core   0: 0x0000000080004f40 (0x00000001) c.nop
core   0: 1 0x0000000080004f40 (0x0001)
core   0: 0x0000000080004f42 (0x40c60c3b) subw    s8, a2, a2
core   0: 1 0x0000000080004f42 (0x40c60c3b) x24 0x0000000000000000
core   0: 0x0000000080004f46 (0xd22c7353) fcvt.d.l ft6, s8
core   0: 1 0x0000000080004f46 (0xd22c7353) f6  0x0000000000000000
core   0: 0x0000000080004f4a (0x00b49cbb) sllw    s9, s1, a1
core   0: 1 0x0000000080004f4a (0x00b49cbb) x25 0x0000000000080000
core   0: 0x0000000080004f4e (0x0259f2bb) remuw   t0, s3, t0
core   0: 1 0x0000000080004f4e (0x0259f2bb) x5  0x000000002b4fffb4
core   0: 0x0000000080004f52 (0x00201473) csrrw   s0, frm, zero
core   0: 1 0x0000000080004f52 (0x00201473) x8  0x0000000000000000 c2_frm 0x0000000000000000
core   0: 0x0000000080004f56 (0x4018f5d3) fcvt.s.d fa1, fa7
core   0: 1 0x0000000080004f56 (0x4018f5d3) f11 0xffffffff7fc00000
core   0: 0x0000000080004f5a (0x12bc7c53) fmul.d  fs8, fs8, fa1
core   0: 1 0x0000000080004f5a (0x12bc7c53) f24 0x7ff8000000000000
core   0: 0x0000000080004f5e (0xc23ff053) fcvt.lu.d zero, ft11
core   0: 1 0x0000000080004f5e (0xc23ff053)
core   0: 0x0000000080004f62 (0xd02df653) fcvt.s.l fa2, s11
core   0: 1 0x0000000080004f62 (0xd02df653) f12 0xffffffff00000000
core   0: 0x0000000080004f66 (0x405ad0bb) sraw    ra, s5, t0
core   0: 1 0x0000000080004f66 (0x405ad0bb) x1  0x0000000000000000
core   0: 0x0000000080004f6a (0xc02d7653) fcvt.l.s a2, fs10
core   0: 1 0x0000000080004f6a (0xc02d7653) x12 0x0000000080006100
core   0: 0x0000000080004f6e (0x5a0bfad3) fsqrt.d fs5, fs7
core   0: 1 0x0000000080004f6e (0x5a0bfad3) f21 0x7ff8000000000000
core   0: 0x0000000080004f72 (0xc8071a73) csrrw   s4, cycleh, a4
core   0: exception trap_illegal_instruction, epc 0x0000000080004f72
core   0:           tval 0x00000000c8071a73
core   0: >>>>  $xrv64i2p1_m2p0_a2p1_f2p2_d2p2_zicsr2p0_zifencei2p0_zmmul1p0_zba1p0_zbb1p0_zbc1p0_zbs1p0
core   0: 0x0000000080004000 (0x0080006f) j       pc + 0x8
core   0: 3 0x0000000080004000 (0x0080006f)
core   0: >>>>  mmode_exception_handler
core   0: 0x0000000080004008 (0x00002c17) auipc   s8, 0x2
core   0: 3 0x0000000080004008 (0x00002c17) x24 0x0000000080006008
core   0: 0x000000008000400c (0x0d6c0c13) addi    s8, s8, 214
core   0: 3 0x000000008000400c (0x0d6c0c13) x24 0x00000000800060de
core   0: 0x0000000080004010 (0x000c00e7) jalr    s8
core   0: 3 0x0000000080004010 (0x000c00e7) x1  0x0000000080004014
core   0: >>>>  any_handler
core   0: 0x00000000800060de (0x341027f3) csrrs   a5, mepc, zero
core   0: 3 0x00000000800060de (0x341027f3) x15 0x0000000080004f72
core   0: 0x00000000800060e2 (0x34202773) csrrs   a4, mcause, zero
core   0: 3 0x00000000800060e2 (0x34202773) x14 0x0000000000000002
core   0: 0x00000000800060e6 (0x142026f3) csrrs   a3, scause, zero
core   0: 3 0x00000000800060e6 (0x142026f3) x13 0x0000000000000000
core   0: 0x00000000800060ea (0x30402673) csrrs   a2, mie, zero
core   0: 3 0x00000000800060ea (0x30402673) x12 0x0000000000000a00
core   0: 0x00000000800060ee (0x344025f3) csrrs   a1, mip, zero
core   0: 3 0x00000000800060ee (0x344025f3) x11 0x0000000000000080
core   0: 0x00000000800060f2 (0x343025f3) csrrs   a1, mtval, zero
core   0: 3 0x00000000800060f2 (0x343025f3) x11 0x00000000c8071a73
core   0: 0x00000000800060f6 (0x14302573) csrrs   a0, stval, zero
core   0: 3 0x00000000800060f6 (0x14302573) x10 0x0000000000000000
core   0: 0x00000000800060fa (0xb02024f3) csrrs   s1, minstret, zero
core   0: 3 0x00000000800060fa (0xb02024f3) x9  0x0000000000000d35
core   0: 0x00000000800060fe (0x0000a811) c.j     pc + 20
core   0: 3 0x00000000800060fe (0xa811)
core   0: >>>>  mepc_4
core   0: 0x0000000080006112 (0x00000791) c.addi  a5, 4
core   0: 3 0x0000000080006112 (0x0791) x15 0x0000000080004f76
core   0: 0x0000000080006114 (0x34179073) csrrw   zero, mepc, a5
core   0: 3 0x0000000080006114 (0x34179073) c833_mepc 0x0000000080004f76
core   0: 0x0000000080006118 (0x30200073) mret
core   0: 3 0x0000000080006118 (0x30200073) c768_mstatus 0x8000000a00106080
core   0: 0x0000000080004f76 (0x00089413) slli    s0, a7, 0
core   0: 1 0x0000000080004f76 (0x00089413) x8  0x0000000000000000
core   0: 0x0000000080004f7a (0x408152bb) sraw    t0, sp, s0
core   0: 1 0x0000000080004f7a (0x408152bb) x5  0x0000000000000000
core   0: 0x0000000080004f7e (0x03defc53) fadd.d  fs8, ft9, ft9
core   0: 1 0x0000000080004f7e (0x03defc53) f24 0x7ff8000000000000
core   0: 0x0000000080004f82 (0xd2287c53) fcvt.d.l fs8, a6
core   0: 1 0x0000000080004f82 (0xd2287c53) f24 0x0000000000000000
core   0: 0x0000000080004f86 (0x026ccdbb) divw    s11, s9, t1
core   0: 1 0x0000000080004f86 (0x026ccdbb) x27 0xfffffffffff80000
core   0: 0x0000000080004f8a (0x4116deb3) sra     t4, a3, a7
core   0: 1 0x0000000080004f8a (0x4116deb3) x29 0x0000000000000000
core   0: 0x0000000080004f8e (0x001e54bb) srlw    s1, t3, ra
core   0: 1 0x0000000080004f8e (0x001e54bb) x9  0x0000000000000343
core   0: 0x0000000080004f92 (0x43f25013) srai    zero, tp, 63
core   0: 1 0x0000000080004f92 (0x43f25013)
core   0: 0x0000000080004f96 (0xc3e9f1cf) fnmadd.d ft3, fs3, ft10, fs8
core   0: 1 0x0000000080004f96 (0xc3e9f1cf) f3  0x7ff8000000000000
core   0: 0x0000000080004f9a (0x005772b3) and     t0, a4, t0
core   0: 1 0x0000000080004f9a (0x005772b3) x5  0x0000000000000000
core   0: 0x0000000080004f9e (0x41d5d5b3) sra     a1, a1, t4
core   0: 1 0x0000000080004f9e (0x41d5d5b3) x11 0x00000000c8071a73
core   0: 0x0000000080004fa2 (0x420f0853) fcvt.d.s fa6, ft10
core   0: 1 0x0000000080004fa2 (0x420f0853) f16 0x7ff8000000000000
core   0: 0x0000000080004fa6 (0x4021da9b) sraiw   s5, gp, 2
core   0: 1 0x0000000080004fa6 (0x4021da9b) x21 0x0000000000000000
core   0: 0x0000000080004faa (0x0bb2f2d3) fsub.d  ft5, ft5, fs11
core   0: 1 0x0000000080004faa (0x0bb2f2d3) f5  0xc25d0ad3ffed0000
core   0: 0x0000000080004fae (0x415edeb3) sra     t4, t4, s5
core   0: 1 0x0000000080004fae (0x415edeb3) x29 0x0000000000000000
core   0: 0x0000000080004fb2 (0x7ff66d13) ori     s10, a2, 2047
core   0: 1 0x0000000080004fb2 (0x7ff66d13) x26 0x0000000000000fff
core   0: 0x0000000080004fb6 (0x2a4d0d53) fmin.d  fs10, fs10, ft4
core   0: 1 0x0000000080004fb6 (0x2a4d0d53) f26 0x7ff8000000000000
core   0: 0x0000000080004fba (0x41ad59b3) sra     s3, s10, s10
core   0: 1 0x0000000080004fba (0x41ad59b3) x19 0x0000000000000000
core   0: 0x0000000080004fbe (0x5a09f7d3) fsqrt.d fa5, fs3
core   0: 1 0x0000000080004fbe (0x5a09f7d3) f15 0x7ff8000000000000
core   0: 0x0000000080004fc2 (0x02e0d93b) divuw   s2, ra, a4
core   0: 1 0x0000000080004fc2 (0x02e0d93b) x18 0x000000004000200a
core   0: 0x0000000080004fc6 (0xf149b073) csrrc   zero, mhartid, s3
core   0: exception trap_illegal_instruction, epc 0x0000000080004fc6
core   0:           tval 0x00000000f149b073
core   0: >>>>  $xrv64i2p1_m2p0_a2p1_f2p2_d2p2_zicsr2p0_zifencei2p0_zmmul1p0_zba1p0_zbb1p0_zbc1p0_zbs1p0
core   0: 0x0000000080004000 (0x0080006f) j       pc + 0x8
core   0: 3 0x0000000080004000 (0x0080006f)
core   0: >>>>  mmode_exception_handler
core   0: 0x0000000080004008 (0x00002c17) auipc   s8, 0x2
core   0: 3 0x0000000080004008 (0x00002c17) x24 0x0000000080006008
core   0: 0x000000008000400c (0x0d6c0c13) addi    s8, s8, 214
core   0: 3 0x000000008000400c (0x0d6c0c13) x24 0x00000000800060de
core   0: 0x0000000080004010 (0x000c00e7) jalr    s8
core   0: 3 0x0000000080004010 (0x000c00e7) x1  0x0000000080004014
core   0: >>>>  any_handler
core   0: 0x00000000800060de (0x341027f3) csrrs   a5, mepc, zero
core   0: 3 0x00000000800060de (0x341027f3) x15 0x0000000080004fc6
core   0: 0x00000000800060e2 (0x34202773) csrrs   a4, mcause, zero
core   0: 3 0x00000000800060e2 (0x34202773) x14 0x0000000000000002
core   0: 0x00000000800060e6 (0x142026f3) csrrs   a3, scause, zero
core   0: 3 0x00000000800060e6 (0x142026f3) x13 0x0000000000000000
core   0: 0x00000000800060ea (0x30402673) csrrs   a2, mie, zero
core   0: 3 0x00000000800060ea (0x30402673) x12 0x0000000000000a00
core   0: 0x00000000800060ee (0x344025f3) csrrs   a1, mip, zero
core   0: 3 0x00000000800060ee (0x344025f3) x11 0x0000000000000080
core   0: 0x00000000800060f2 (0x343025f3) csrrs   a1, mtval, zero
core   0: 3 0x00000000800060f2 (0x343025f3) x11 0x00000000f149b073
core   0: 0x00000000800060f6 (0x14302573) csrrs   a0, stval, zero
core   0: 3 0x00000000800060f6 (0x14302573) x10 0x0000000000000000
core   0: 0x00000000800060fa (0xb02024f3) csrrs   s1, minstret, zero
core   0: 3 0x00000000800060fa (0xb02024f3) x9  0x0000000000000d59
core   0: 0x00000000800060fe (0x0000a811) c.j     pc + 20
core   0: 3 0x00000000800060fe (0xa811)
core   0: >>>>  mepc_4
core   0: 0x0000000080006112 (0x00000791) c.addi  a5, 4
core   0: 3 0x0000000080006112 (0x0791) x15 0x0000000080004fca
core   0: 0x0000000080006114 (0x34179073) csrrw   zero, mepc, a5
core   0: 3 0x0000000080006114 (0x34179073) c833_mepc 0x0000000080004fca
core   0: 0x0000000080006118 (0x30200073) mret
core   0: 3 0x0000000080006118 (0x30200073) c768_mstatus 0x8000000a00106080
core   0: 0x0000000080004fca (0x036b1b33) mulh    s6, s6, s6
core   0: 1 0x0000000080004fca (0x036b1b33) x22 0x0000000000000000
core   0: 0x0000000080004fce (0xc25d7ecf) fnmadd.d ft9, fs10, ft5, fs8
core   0: 1 0x0000000080004fce (0xc25d7ecf) f29 0x7ff8000000000000
core   0: 0x0000000080004fd2 (0xe20c18d3) fclass.d a7, fs8
core   0: 1 0x0000000080004fd2 (0xe20c18d3) x17 0x0000000000000010
core   0: 0x0000000080004fd6 (0x55d8cc13) xori    s8, a7, 1373
core   0: 1 0x0000000080004fd6 (0x55d8cc13) x24 0x000000000000054d
core   0: 0x0000000080004fda (0x31adb273) csrrc   tp, menvcfgh, s11
core   0: exception trap_illegal_instruction, epc 0x0000000080004fda
core   0:           tval 0x0000000031adb273
core   0: >>>>  $xrv64i2p1_m2p0_a2p1_f2p2_d2p2_zicsr2p0_zifencei2p0_zmmul1p0_zba1p0_zbb1p0_zbc1p0_zbs1p0
core   0: 0x0000000080004000 (0x0080006f) j       pc + 0x8
core   0: 3 0x0000000080004000 (0x0080006f)
core   0: >>>>  mmode_exception_handler
core   0: 0x0000000080004008 (0x00002c17) auipc   s8, 0x2
core   0: 3 0x0000000080004008 (0x00002c17) x24 0x0000000080006008
core   0: 0x000000008000400c (0x0d6c0c13) addi    s8, s8, 214
core   0: 3 0x000000008000400c (0x0d6c0c13) x24 0x00000000800060de
core   0: 0x0000000080004010 (0x000c00e7) jalr    s8
core   0: 3 0x0000000080004010 (0x000c00e7) x1  0x0000000080004014
core   0: >>>>  any_handler
core   0: 0x00000000800060de (0x341027f3) csrrs   a5, mepc, zero
core   0: 3 0x00000000800060de (0x341027f3) x15 0x0000000080004fda
core   0: 0x00000000800060e2 (0x34202773) csrrs   a4, mcause, zero
core   0: 3 0x00000000800060e2 (0x34202773) x14 0x0000000000000002
core   0: 0x00000000800060e6 (0x142026f3) csrrs   a3, scause, zero
core   0: 3 0x00000000800060e6 (0x142026f3) x13 0x0000000000000000
core   0: 0x00000000800060ea (0x30402673) csrrs   a2, mie, zero
core   0: 3 0x00000000800060ea (0x30402673) x12 0x0000000000000a00
core   0: 0x00000000800060ee (0x344025f3) csrrs   a1, mip, zero
core   0: 3 0x00000000800060ee (0x344025f3) x11 0x0000000000000080
core   0: 0x00000000800060f2 (0x343025f3) csrrs   a1, mtval, zero
core   0: 3 0x00000000800060f2 (0x343025f3) x11 0x0000000031adb273
core   0: 0x00000000800060f6 (0x14302573) csrrs   a0, stval, zero
core   0: 3 0x00000000800060f6 (0x14302573) x10 0x0000000000000000
core   0: 0x00000000800060fa (0xb02024f3) csrrs   s1, minstret, zero
core   0: 3 0x00000000800060fa (0xb02024f3) x9  0x0000000000000d6d
core   0: 0x00000000800060fe (0x0000a811) c.j     pc + 20
core   0: 3 0x00000000800060fe (0xa811)
core   0: >>>>  mepc_4
core   0: 0x0000000080006112 (0x00000791) c.addi  a5, 4
core   0: 3 0x0000000080006112 (0x0791) x15 0x0000000080004fde
core   0: 0x0000000080006114 (0x34179073) csrrw   zero, mepc, a5
core   0: 3 0x0000000080006114 (0x34179073) c833_mepc 0x0000000080004fde
core   0: 0x0000000080006118 (0x30200073) mret
core   0: 3 0x0000000080006118 (0x30200073) c768_mstatus 0x8000000a00106080
core   0: 0x0000000080004fde (0xc030a173) csrrs   sp, hpmcounter3, ra
core   0: exception trap_illegal_instruction, epc 0x0000000080004fde
core   0:           tval 0x00000000c030a173
core   0: >>>>  $xrv64i2p1_m2p0_a2p1_f2p2_d2p2_zicsr2p0_zifencei2p0_zmmul1p0_zba1p0_zbb1p0_zbc1p0_zbs1p0
core   0: 0x0000000080004000 (0x0080006f) j       pc + 0x8
core   0: 3 0x0000000080004000 (0x0080006f)
core   0: >>>>  mmode_exception_handler
core   0: 0x0000000080004008 (0x00002c17) auipc   s8, 0x2
core   0: 3 0x0000000080004008 (0x00002c17) x24 0x0000000080006008
core   0: 0x000000008000400c (0x0d6c0c13) addi    s8, s8, 214
core   0: 3 0x000000008000400c (0x0d6c0c13) x24 0x00000000800060de
core   0: 0x0000000080004010 (0x000c00e7) jalr    s8
core   0: 3 0x0000000080004010 (0x000c00e7) x1  0x0000000080004014
core   0: >>>>  any_handler
core   0: 0x00000000800060de (0x341027f3) csrrs   a5, mepc, zero
core   0: 3 0x00000000800060de (0x341027f3) x15 0x0000000080004fde
core   0: 0x00000000800060e2 (0x34202773) csrrs   a4, mcause, zero
core   0: 3 0x00000000800060e2 (0x34202773) x14 0x0000000000000002
core   0: 0x00000000800060e6 (0x142026f3) csrrs   a3, scause, zero
core   0: 3 0x00000000800060e6 (0x142026f3) x13 0x0000000000000000
core   0: 0x00000000800060ea (0x30402673) csrrs   a2, mie, zero
core   0: 3 0x00000000800060ea (0x30402673) x12 0x0000000000000a00
core   0: 0x00000000800060ee (0x344025f3) csrrs   a1, mip, zero
core   0: 3 0x00000000800060ee (0x344025f3) x11 0x0000000000000080
core   0: 0x00000000800060f2 (0x343025f3) csrrs   a1, mtval, zero
core   0: 3 0x00000000800060f2 (0x343025f3) x11 0x00000000c030a173
core   0: 0x00000000800060f6 (0x14302573) csrrs   a0, stval, zero
core   0: 3 0x00000000800060f6 (0x14302573) x10 0x0000000000000000
core   0: 0x00000000800060fa (0xb02024f3) csrrs   s1, minstret, zero
core   0: 3 0x00000000800060fa (0xb02024f3) x9  0x0000000000000d7d
core   0: 0x00000000800060fe (0x0000a811) c.j     pc + 20
core   0: 3 0x00000000800060fe (0xa811)
core   0: >>>>  mepc_4
core   0: 0x0000000080006112 (0x00000791) c.addi  a5, 4
core   0: 3 0x0000000080006112 (0x0791) x15 0x0000000080004fe2
core   0: 0x0000000080006114 (0x34179073) csrrw   zero, mepc, a5
core   0: 3 0x0000000080006114 (0x34179073) c833_mepc 0x0000000080004fe2
core   0: 0x0000000080006118 (0x30200073) mret
core   0: 3 0x0000000080006118 (0x30200073) c768_mstatus 0x8000000a00106080
core   0: 0x0000000080004fe2 (0x334ee497) auipc   s1, 0x334ee
core   0: 1 0x0000000080004fe2 (0x334ee497) x9  0x00000000b34f2fe2
core   0: 0x0000000080004fe6 (0x0ff0000f) fence   iorw,iorw
core   0: 1 0x0000000080004fe6 (0x0ff0000f)
core   0: 0x0000000080004fea (0x320ffe73) csrrci  t3, mcountinhibit, 31
core   0: exception trap_illegal_instruction, epc 0x0000000080004fea
core   0:           tval 0x00000000320ffe73
core   0: >>>>  $xrv64i2p1_m2p0_a2p1_f2p2_d2p2_zicsr2p0_zifencei2p0_zmmul1p0_zba1p0_zbb1p0_zbc1p0_zbs1p0
core   0: 0x0000000080004000 (0x0080006f) j       pc + 0x8
core   0: 3 0x0000000080004000 (0x0080006f)
core   0: >>>>  mmode_exception_handler
core   0: 0x0000000080004008 (0x00002c17) auipc   s8, 0x2
core   0: 3 0x0000000080004008 (0x00002c17) x24 0x0000000080006008
core   0: 0x000000008000400c (0x0d6c0c13) addi    s8, s8, 214
core   0: 3 0x000000008000400c (0x0d6c0c13) x24 0x00000000800060de
core   0: 0x0000000080004010 (0x000c00e7) jalr    s8
core   0: 3 0x0000000080004010 (0x000c00e7) x1  0x0000000080004014
core   0: >>>>  any_handler
core   0: 0x00000000800060de (0x341027f3) csrrs   a5, mepc, zero
core   0: 3 0x00000000800060de (0x341027f3) x15 0x0000000080004fea
core   0: 0x00000000800060e2 (0x34202773) csrrs   a4, mcause, zero
core   0: 3 0x00000000800060e2 (0x34202773) x14 0x0000000000000002
core   0: 0x00000000800060e6 (0x142026f3) csrrs   a3, scause, zero
core   0: 3 0x00000000800060e6 (0x142026f3) x13 0x0000000000000000
core   0: 0x00000000800060ea (0x30402673) csrrs   a2, mie, zero
core   0: 3 0x00000000800060ea (0x30402673) x12 0x0000000000000a00
core   0: 0x00000000800060ee (0x344025f3) csrrs   a1, mip, zero
core   0: 3 0x00000000800060ee (0x344025f3) x11 0x0000000000000080
core   0: 0x00000000800060f2 (0x343025f3) csrrs   a1, mtval, zero
core   0: 3 0x00000000800060f2 (0x343025f3) x11 0x00000000320ffe73
core   0: 0x00000000800060f6 (0x14302573) csrrs   a0, stval, zero
core   0: 3 0x00000000800060f6 (0x14302573) x10 0x0000000000000000
core   0: 0x00000000800060fa (0xb02024f3) csrrs   s1, minstret, zero
core   0: 3 0x00000000800060fa (0xb02024f3) x9  0x0000000000000d8f
core   0: 0x00000000800060fe (0x0000a811) c.j     pc + 20
core   0: 3 0x00000000800060fe (0xa811)
core   0: >>>>  mepc_4
core   0: 0x0000000080006112 (0x00000791) c.addi  a5, 4
core   0: 3 0x0000000080006112 (0x0791) x15 0x0000000080004fee
core   0: 0x0000000080006114 (0x34179073) csrrw   zero, mepc, a5
core   0: 3 0x0000000080006114 (0x34179073) c833_mepc 0x0000000080004fee
core   0: 0x0000000080006118 (0x30200073) mret
core   0: 3 0x0000000080006118 (0x30200073) c768_mstatus 0x8000000a00106080
core   0: 0x0000000080004fee (0x0ff0000f) fence   iorw,iorw
core   0: 1 0x0000000080004fee (0x0ff0000f)
core   0: 0x0000000080004ff2 (0x01c4fa33) and     s4, s1, t3
core   0: 1 0x0000000080004ff2 (0x01c4fa33) x20 0x0000000000000983
core   0: 0x0000000080004ff6 (0x00009f09) c.subw  a4, a0
core   0: 1 0x0000000080004ff6 (0x9f09) x14 0x0000000000000002
core   0: 0x0000000080004ff8 (0xd20686d3) fcvt.d.w fa3, a3
core   0: 1 0x0000000080004ff8 (0xd20686d3) f13 0x0000000000000000
core   0: 0x0000000080004ffc (0x001e8bbb) addw    s7, t4, ra
core   0: 1 0x0000000080004ffc (0x001e8bbb) x23 0xffffffff80004014
core   0: 0x0000000080005000 (0x011d5d33) srl     s10, s10, a7
core   0: 1 0x0000000080005000 (0x011d5d33) x26 0x0000000000000000
core   0: 0x0000000080005004 (0x001aa933) slt     s2, s5, ra
core   0: 1 0x0000000080005004 (0x001aa933) x18 0x0000000000000001
core   0: 0x0000000080005008 (0x400ed713) srai    a4, t4, 0
core   0: 1 0x0000000080005008 (0x400ed713) x14 0x0000000000000000
core   0: 0x000000008000500c (0x41590333) sub     t1, s2, s5
core   0: 1 0x000000008000500c (0x41590333) x6  0x0000000000000001
core   0: 0x0000000080005010 (0xea557e4f) fnmadd.d ft8, fa0, ft5, ft9
core   0: 1 0x0000000080005010 (0xea557e4f) f28 0x7ff8000000000000
core   0: 0x0000000080005014 (0x7ff36393) ori     t2, t1, 2047
core   0: 1 0x0000000080005014 (0x7ff36393) x7  0x00000000000007ff
core   0: 0x0000000080005018 (0x0099d9bb) srlw    s3, s3, s1
core   0: 1 0x0000000080005018 (0x0099d9bb) x19 0x0000000000000000
core   0: 0x000000008000501c (0x00111bf3) csrrw   s7, fflags, sp
core   0: 1 0x000000008000501c (0x00111bf3) x23 0x0000000000000011 c1_fflags 0x0000000000000000
core   0: 0x0000000080005020 (0x0116523b) srlw    tp, a2, a7
core   0: 1 0x0000000080005020 (0x0116523b) x4  0x0000000000000000
core   0: 0x0000000080005024 (0xc22b7dd3) fcvt.l.d s11, fs6
core   0: 1 0x0000000080005024 (0xc22b7dd3) x27 0xffffffff00000000
core   0: 0x0000000080005028 (0xa2d98653) fle.d   a2, fs3, fa3
core   0: 1 0x0000000080005028 (0xa2d98653) c1_fflags 0x0000000000000010 x12 0x0000000000000000
core   0: 0x000000008000502c (0x4b482597) auipc   a1, 0x4b482
core   0: 1 0x000000008000502c (0x4b482597) x11 0x00000000cb48702c
core   0: 0x0000000080005030 (0x00102173) csrrs   sp, fflags, zero
core   0: 1 0x0000000080005030 (0x00102173) x2  0x0000000000000010
core   0: 0x0000000080005034 (0x030782bb) mulw    t0, a5, a6
core   0: 1 0x0000000080005034 (0x030782bb) x5  0x0000000000000000
core   0: 0x0000000080005038 (0x800a891b) addiw   s2, s5, -2048
core   0: 1 0x0000000080005038 (0x800a891b) x18 0xfffffffffffff800
core   0: 0x000000008000503c (0x0ff0000f) fence   iorw,iorw
core   0: 1 0x000000008000503c (0x0ff0000f)
core   0: 0x0000000080005040 (0x00202573) csrrs   a0, frm, zero
core   0: 1 0x0000000080005040 (0x00202573) x10 0x0000000000000000
core   0: 0x0000000080005044 (0x4b66fd4f) fnmadd.d fs10, fa3, fs6, fs1
core   0: 1 0x0000000080005044 (0x4b66fd4f) f26 0x00709130b70000ce
core   0: 0x0000000080005048 (0x0362e73b) remw    a4, t0, s6
core   0: 1 0x0000000080005048 (0x0362e73b) x14 0x0000000000000000
core   0: 0x000000008000504c (0x002e6ab3) or      s5, t3, sp
core   0: 1 0x000000008000504c (0x002e6ab3) x21 0x0000000034336bf3
core   0: 0x0000000080005050 (0x0b6dfad3) fsub.d  fs5, fs11, fs6
core   0: 1 0x0000000080005050 (0x0b6dfad3) f21 0x41f0000000000000
core   0: 0x0000000080005054 (0xd2010f53) fcvt.d.w ft10, sp
core   0: 1 0x0000000080005054 (0xd2010f53) f30 0x4030000000000000
core   0: 0x0000000080005058 (0x00000001) c.nop
core   0: 1 0x0000000080005058 (0x0001)
core   0: 0x000000008000505a (0x01ce6e33) or      t3, t3, t3
core   0: 1 0x000000008000505a (0x01ce6e33) x28 0x0000000034336bf3
core   0: 0x000000008000505e (0x0019e713) ori     a4, s3, 1
core   0: 1 0x000000008000505e (0x0019e713) x14 0x0000000000000001
core   0: 0x0000000080005062 (0x0013d093) srli    ra, t2, 1
core   0: 1 0x0000000080005062 (0x0013d093) x1  0x00000000000003ff
core   0: 0x0000000080005066 (0x40685a1b) sraiw   s4, a6, 6
core   0: 1 0x0000000080005066 (0x40685a1b) x20 0x0000000000000000
core   0: 0x000000008000506a (0x0059093b) addw    s2, s2, t0
core   0: 1 0x000000008000506a (0x0059093b) x18 0xfffffffffffff800
core   0: 0x000000008000506e (0xc03f79d3) fcvt.lu.s s3, ft10
core   0: 1 0x000000008000506e (0xc03f79d3) c1_fflags 0x0000000000000010 x19 0xffffffffffffffff
core   0: 0x0000000080005072 (0x00f4d733) srl     a4, s1, a5
core   0: 1 0x0000000080005072 (0x00f4d733) x14 0x0000000000000000
core   0: 0x0000000080005076 (0x401f74d3) fcvt.s.d fs1, ft10
core   0: 1 0x0000000080005076 (0x401f74d3) f9  0xffffffff41800000
core   0: 0x000000008000507a (0x017456b3) srl     a3, s0, s7
core   0: 1 0x000000008000507a (0x017456b3) x13 0x0000000000000000
core   0: 0x000000008000507e (0xd21c8ed3) fcvt.d.wu ft9, s9
core   0: 1 0x000000008000507e (0xd21c8ed3) f29 0x4120000000000000
core   0: 0x0000000080005082 (0xc039f953) fcvt.lu.s s2, fs3
core   0: 1 0x0000000080005082 (0xc039f953) c1_fflags 0x0000000000000010 x18 0xffffffffffffffff
core   0: 0x0000000080005086 (0x40590633) sub     a2, s2, t0
core   0: 1 0x0000000080005086 (0x40590633) x12 0xffffffffffffffff
core   0: 0x000000008000508a (0x2a6806d3) fmin.d  fa3, fa6, ft6
core   0: 1 0x000000008000508a (0x2a6806d3) f13 0x0000000000000000
core   0: 0x000000008000508e (0x13e6f7d3) fmul.d  fa5, fa3, ft10
core   0: 1 0x000000008000508e (0x13e6f7d3) f15 0x0000000000000000
core   0: 0x0000000080005092 (0x01b113b3) sll     t2, sp, s11
core   0: 1 0x0000000080005092 (0x01b113b3) x7  0x0000000000000010
core   0: 0x0000000080005096 (0x02d10eb3) mul     t4, sp, a3
core   0: 1 0x0000000080005096 (0x02d10eb3) x29 0x0000000000000000
core   0: 0x000000008000509a (0xd20686d3) fcvt.d.w fa3, a3
core   0: 1 0x000000008000509a (0xd20686d3) f13 0x0000000000000000
core   0: 0x000000008000509e (0xd22cf3d3) fcvt.d.l ft7, s9
core   0: 1 0x000000008000509e (0xd22cf3d3) f7  0x4120000000000000
core   0: 0x00000000800050a2 (0x4a827c43) fmadd.d fs8, ft4, fs0, fs1
core   0: 1 0x00000000800050a2 (0x4a827c43) f24 0x7ff8000000000000
core   0: 0x00000000800050a6 (0x4113599b) sraiw   s3, t1, 17
core   0: 1 0x00000000800050a6 (0x4113599b) x19 0x0000000000000000
core   0: 0x00000000800050aa (0x001bdb93) srli    s7, s7, 1
core   0: 1 0x00000000800050aa (0x001bdb93) x23 0x0000000000000008
core   0: 0x00000000800050ae (0xe2078e53) fmv.x.d t3, fa5
core   0: 1 0x00000000800050ae (0xe2078e53) x28 0x0000000000000000
core   0: 0x00000000800050b2 (0x00949d33) sll     s10, s1, s1
core   0: 1 0x00000000800050b2 (0x00949d33) x26 0x0000000006c78000
core   0: 0x00000000800050b6 (0x41468733) sub     a4, a3, s4
core   0: 1 0x00000000800050b6 (0x41468733) x14 0x0000000000000000
core   0: 0x00000000800050ba (0x40030d33) sub     s10, t1, zero
core   0: 1 0x00000000800050ba (0x40030d33) x26 0x0000000000000001
core   0: 0x00000000800050be (0x800e839b) addiw   t2, t4, -2048
core   0: 1 0x00000000800050be (0x800e839b) x7  0xfffffffffffff800
core   0: 0x00000000800050c2 (0xf20e8d53) fmv.d.x fs10, t4
core   0: 1 0x00000000800050c2 (0xf20e8d53) f26 0x0000000000000000
core   0: 0x00000000800050c6 (0x8d4a4a13) xori    s4, s4, -1836
core   0: 1 0x00000000800050c6 (0x8d4a4a13) x20 0xfffffffffffff8d4
core   0: 0x00000000800050ca (0x02e3c7b3) div     a5, t2, a4
core   0: 1 0x00000000800050ca (0x02e3c7b3) x15 0xffffffffffffffff
core   0: 0x00000000800050ce (0x02259b93) slli    s7, a1, 34
core   0: 1 0x00000000800050ce (0x02259b93) x23 0x2d21c0b000000000
core   0: 0x00000000800050d2 (0x013551bb) srlw    gp, a0, s3
core   0: 1 0x00000000800050d2 (0x013551bb) x3  0x0000000000000000
core   0: 0x00000000800050d6 (0x0192139b) slliw   t2, tp, 25
core   0: 1 0x00000000800050d6 (0x0192139b) x7  0x0000000000000000
core   0: 0x00000000800050da (0xc238f353) fcvt.lu.d t1, fa7
core   0: 1 0x00000000800050da (0xc238f353) c1_fflags 0x0000000000000010 x6  0xffffffffffffffff
core   0: 0x00000000800050de (0x0b0d7dd3) fsub.d  fs11, fs10, fa6
core   0: 1 0x00000000800050de (0x0b0d7dd3) f27 0x7ff8000000000000
core   0: 0x00000000800050e2 (0x1335f4d3) fmul.d  fs1, fa1, fs3
core   0: 1 0x00000000800050e2 (0x1335f4d3) f9  0x7ff8000000000000
core   0: 0x00000000800050e6 (0x2b1218d3) fmax.d  fa7, ft4, fa7
core   0: 1 0x00000000800050e6 (0x2b1218d3) f17 0x7ff8000000000000
core   0: 0x00000000800050ea (0xe5d80693) addi    a3, a6, -419
core   0: 1 0x00000000800050ea (0xe5d80693) x13 0xfffffffffffffe5d
core   0: 0x00000000800050ee (0xc033f2d3) fcvt.lu.s t0, ft7
core   0: 1 0x00000000800050ee (0xc033f2d3) c1_fflags 0x0000000000000010 x5  0xffffffffffffffff
core   0: 0x00000000800050f2 (0x00102773) csrrs   a4, fflags, zero
core   0: 1 0x00000000800050f2 (0x00102773) x14 0x0000000000000010
core   0: 0x00000000800050f6 (0x93e3eb13) ori     s6, t2, -1730
core   0: 1 0x00000000800050f6 (0x93e3eb13) x22 0xfffffffffffff93e
core   0: 0x00000000800050fa (0x03c73e33) mulhu   t3, a4, t3
core   0: 1 0x00000000800050fa (0x03c73e33) x28 0x0000000000000000
core   0: 0x00000000800050fe (0x0a58fed3) fsub.d  ft9, fa7, ft5
core   0: 1 0x00000000800050fe (0x0a58fed3) f29 0x7ff8000000000000
core   0: 0x0000000080005102 (0x02aef043) fmadd.d ft0, ft9, fa0, ft0
core   0: 1 0x0000000080005102 (0x02aef043) f0  0x7ff8000000000000
core   0: 0x0000000080005106 (0x03a02d33) mulhsu  s10, zero, s10
core   0: 1 0x0000000080005106 (0x03a02d33) x26 0x0000000000000000
core   0: 0x000000008000510a (0x4005d393) srai    t2, a1, 0
core   0: 1 0x000000008000510a (0x4005d393) x7  0x00000000cb48702c
core   0: 0x000000008000510e (0xe20e8bd3) fmv.x.d s7, ft9
core   0: 1 0x000000008000510e (0xe20e8bd3) x23 0x7ff8000000000000
core   0: 0x0000000080005112 (0x0139debb) srlw    t4, s3, s3
core   0: 1 0x0000000080005112 (0x0139debb) x29 0x0000000000000000
core   0: 0x0000000080005116 (0x2e156413) ori     s0, a0, 737
core   0: 1 0x0000000080005116 (0x2e156413) x8  0x00000000000002e1
core   0: 0x000000008000511a (0x2372afd3) fsgnjx.d ft11, ft5, fs7
core   0: 1 0x000000008000511a (0x2372afd3) f31 0xc25d0ad3ffed0000
core   0: 0x000000008000511e (0x012a5393) srli    t2, s4, 18
core   0: 1 0x000000008000511e (0x012a5393) x7  0x00003fffffffffff
core   0: 0x0000000080005122 (0x00a1953b) sllw    a0, gp, a0
core   0: 1 0x0000000080005122 (0x00a1953b) x10 0x0000000000000000
core   0: 0x0000000080005126 (0xfe0918b7) lui     a7, 0xfe091
core   0: 1 0x0000000080005126 (0xfe0918b7) x17 0xfffffffffe091000
core   0: 0x000000008000512a (0x68d8889b) addiw   a7, a7, 1677
core   0: 1 0x000000008000512a (0x68d8889b) x17 0xfffffffffe09168d
core   0: 0x000000008000512e (0x000008b2) c.slli  a7, 12
core   0: 1 0x000000008000512e (0x08b2) x17 0xffffffe09168d000
core   0: 0x0000000080005130 (0x68b88893) addi    a7, a7, 1675
core   0: 1 0x0000000080005130 (0x68b88893) x17 0xffffffe09168d68b
core   0: 0x0000000080005134 (0x2b429553) fmax.d  fa0, ft5, fs4
core   0: 1 0x0000000080005134 (0x2b429553) f10 0xc25d0ad3ffed0000
core   0: 0x0000000080005138 (0xc03a70d3) fcvt.lu.s ra, fs4
core   0: 1 0x0000000080005138 (0xc03a70d3) c1_fflags 0x0000000000000010 x1  0xffffffffffffffff
core   0: 0x000000008000513c (0x037e763b) remuw   a2, t3, s7
core   0: 1 0x000000008000513c (0x037e763b) x12 0x0000000000000000
core   0: 0x0000000080005140 (0x01be54b3) srl     s1, t3, s11
core   0: 1 0x0000000080005140 (0x01be54b3) x9  0x0000000000000000
core   0: 0x0000000080005144 (0xda73ffc3) fmadd.d ft11, ft7, ft7, fs11
core   0: 1 0x0000000080005144 (0xda73ffc3) f31 0x7ff8000000000000
core   0: 0x0000000080005148 (0x42060653) fcvt.d.s fa2, fa2
core   0: 1 0x0000000080005148 (0x42060653) f12 0x0000000000000000
core   0: 0x000000008000514c (0x4014d73b) sraw    a4, s1, ra
core   0: 1 0x000000008000514c (0x4014d73b) x14 0x0000000000000000
core   0: 0x0000000080005150 (0x03c888bb) mulw    a7, a7, t3
core   0: 1 0x0000000080005150 (0x03c888bb) x17 0x0000000000000000
core   0: 0x0000000080005154 (0x7ff3029b) addiw   t0, t1, 2047
core   0: 1 0x0000000080005154 (0x7ff3029b) x5  0x00000000000007fe
core   0: 0x0000000080005158 (0xc21dfb53) fcvt.wu.d s6, fs11
core   0: 1 0x0000000080005158 (0xc21dfb53) c1_fflags 0x0000000000000010 x22 0xffffffffffffffff
core   0: 0x000000008000515c (0xe751e517) auipc   a0, 0xe751e
core   0: 1 0x000000008000515c (0xe751e517) x10 0x000000006752315c
core   0: 0x0000000080005160 (0x0015e313) ori     t1, a1, 1
core   0: 1 0x0000000080005160 (0x0015e313) x6  0x00000000cb48702d
core   0: 0x0000000080005164 (0x22c419d3) fsgnjn.d fs3, fs0, fa2
core   0: 1 0x0000000080005164 (0x22c419d3) f19 0xfff8000000000000
core   0: 0x0000000080005168 (0x5a03f3d3) fsqrt.d ft7, ft7
core   0: 1 0x0000000080005168 (0x5a03f3d3) c1_fflags 0x0000000000000011 f7  0x4086a09e667f3bcd
core   0: 0x000000008000516c (0x4004893b) subw    s2, s1, zero
core   0: 1 0x000000008000516c (0x4004893b) x18 0x0000000000000000
core   0: 0x0000000080005170 (0x021272b3) remu    t0, tp, ra
core   0: 1 0x0000000080005170 (0x021272b3) x5  0x0000000000000000
core   0: 0x0000000080005174 (0x41fcdc9b) sraiw   s9, s9, 31
core   0: 1 0x0000000080005174 (0x41fcdc9b) x25 0x0000000000000000
core   0: 0x0000000080005178 (0x01bc9d9b) slliw   s11, s9, 27
core   0: 1 0x0000000080005178 (0x01bc9d9b) x27 0x0000000000000000
core   0: 0x000000008000517c (0x0b6471d3) fsub.d  ft3, fs0, fs6
core   0: 1 0x000000008000517c (0x0b6471d3) f3  0x7ff8000000000000
core   0: 0x0000000080005180 (0xd02cfed3) fcvt.s.l ft9, s9
core   0: 1 0x0000000080005180 (0xd02cfed3) f29 0xffffffff00000000
core   0: 0x0000000080005184 (0x018e28b3) slt     a7, t3, s8
core   0: 1 0x0000000080005184 (0x018e28b3) x17 0x0000000000000001
core   0: 0x0000000080005188 (0x01a2073b) addw    a4, tp, s10
core   0: 1 0x0000000080005188 (0x01a2073b) x14 0x0000000000000000
core   0: 0x000000008000518c (0x012a4933) xor     s2, s4, s2
core   0: 1 0x000000008000518c (0x012a4933) x18 0xfffffffffffff8d4
core   0: 0x0000000080005190 (0x4011d413) srai    s0, gp, 1
core   0: 1 0x0000000080005190 (0x4011d413) x8  0x0000000000000000
core   0: 0x0000000080005194 (0x03c5753b) remuw   a0, a0, t3
core   0: 1 0x0000000080005194 (0x03c5753b) x10 0x000000006752315c
core   0: 0x0000000080005198 (0x80080813) addi    a6, a6, -2048
core   0: 1 0x0000000080005198 (0x80080813) x16 0xfffffffffffff800
core   0: 0x000000008000519c (0xc04ff1f3) csrrci  gp, hpmcounter4, 31
core   0: exception trap_illegal_instruction, epc 0x000000008000519c
core   0:           tval 0x00000000c04ff1f3
core   0: >>>>  $xrv64i2p1_m2p0_a2p1_f2p2_d2p2_zicsr2p0_zifencei2p0_zmmul1p0_zba1p0_zbb1p0_zbc1p0_zbs1p0
core   0: 0x0000000080004000 (0x0080006f) j       pc + 0x8
core   0: 3 0x0000000080004000 (0x0080006f)
core   0: >>>>  mmode_exception_handler
core   0: 0x0000000080004008 (0x00002c17) auipc   s8, 0x2
core   0: 3 0x0000000080004008 (0x00002c17) x24 0x0000000080006008
core   0: 0x000000008000400c (0x0d6c0c13) addi    s8, s8, 214
core   0: 3 0x000000008000400c (0x0d6c0c13) x24 0x00000000800060de
core   0: 0x0000000080004010 (0x000c00e7) jalr    s8
core   0: 3 0x0000000080004010 (0x000c00e7) x1  0x0000000080004014
core   0: >>>>  any_handler
core   0: 0x00000000800060de (0x341027f3) csrrs   a5, mepc, zero
core   0: 3 0x00000000800060de (0x341027f3) x15 0x000000008000519c
core   0: 0x00000000800060e2 (0x34202773) csrrs   a4, mcause, zero
core   0: 3 0x00000000800060e2 (0x34202773) x14 0x0000000000000002
core   0: 0x00000000800060e6 (0x142026f3) csrrs   a3, scause, zero
core   0: 3 0x00000000800060e6 (0x142026f3) x13 0x0000000000000000
core   0: 0x00000000800060ea (0x30402673) csrrs   a2, mie, zero
core   0: 3 0x00000000800060ea (0x30402673) x12 0x0000000000000a00
core   0: 0x00000000800060ee (0x344025f3) csrrs   a1, mip, zero
core   0: 3 0x00000000800060ee (0x344025f3) x11 0x0000000000000080
core   0: 0x00000000800060f2 (0x343025f3) csrrs   a1, mtval, zero
core   0: 3 0x00000000800060f2 (0x343025f3) x11 0x00000000c04ff1f3
core   0: 0x00000000800060f6 (0x14302573) csrrs   a0, stval, zero
core   0: 3 0x00000000800060f6 (0x14302573) x10 0x0000000000000000
core   0: 0x00000000800060fa (0xb02024f3) csrrs   s1, minstret, zero
core   0: 3 0x00000000800060fa (0xb02024f3) x9  0x0000000000000e0c
core   0: 0x00000000800060fe (0x0000a811) c.j     pc + 20
core   0: 3 0x00000000800060fe (0xa811)
core   0: >>>>  mepc_4
core   0: 0x0000000080006112 (0x00000791) c.addi  a5, 4
core   0: 3 0x0000000080006112 (0x0791) x15 0x00000000800051a0
core   0: 0x0000000080006114 (0x34179073) csrrw   zero, mepc, a5
core   0: 3 0x0000000080006114 (0x34179073) c833_mepc 0x00000000800051a0
core   0: 0x0000000080006118 (0x30200073) mret
core   0: 3 0x0000000080006118 (0x30200073) c768_mstatus 0x8000000a00106080
core   0: 0x00000000800051a0 (0x01087ab3) and     s5, a6, a6
core   0: 1 0x00000000800051a0 (0x01087ab3) x21 0xfffffffffffff800
core   0: 0x00000000800051a4 (0x01ccde1b) srliw   t3, s9, 28
core   0: 1 0x00000000800051a4 (0x01ccde1b) x28 0x0000000000000000
core   0: 0x00000000800051a8 (0xd89e8613) addi    a2, t4, -631
core   0: 1 0x00000000800051a8 (0xd89e8613) x12 0xfffffffffffffd89
core   0: 0x00000000800051ac (0x00a70cbb) addw    s9, a4, a0
core   0: 1 0x00000000800051ac (0x00a70cbb) x25 0x0000000000000002
core   0: 0x00000000800051b0 (0x0ff0000f) fence   iorw,iorw
core   0: 1 0x00000000800051b0 (0x0ff0000f)
core   0: 0x00000000800051b4 (0x001025f3) csrrs   a1, fflags, zero
core   0: 1 0x00000000800051b4 (0x001025f3) x11 0x0000000000000011
core   0: 0x00000000800051b8 (0x0257b037) lui     zero, 0x257b
core   0: 1 0x00000000800051b8 (0x0257b037)
core   0: 0x00000000800051bc (0x1a30001b) addiw   zero, zero, 419
core   0: 1 0x00000000800051bc (0x1a30001b)
core   0: 0x00000000800051c0 (0x00c01013) slli    zero, zero, 12
core   0: 1 0x00000000800051c0 (0x00c01013)
core   0: 0x00000000800051c4 (0xd6b00013) li      zero, -661
core   0: 1 0x00000000800051c4 (0xd6b00013)
core   0: 0x00000000800051c8 (0xf12b2b73) csrrs   s6, marchid, s6
core   0: exception trap_illegal_instruction, epc 0x00000000800051c8
core   0:           tval 0x00000000f12b2b73
core   0: >>>>  $xrv64i2p1_m2p0_a2p1_f2p2_d2p2_zicsr2p0_zifencei2p0_zmmul1p0_zba1p0_zbb1p0_zbc1p0_zbs1p0
core   0: 0x0000000080004000 (0x0080006f) j       pc + 0x8
core   0: 3 0x0000000080004000 (0x0080006f)
core   0: >>>>  mmode_exception_handler
core   0: 0x0000000080004008 (0x00002c17) auipc   s8, 0x2
core   0: 3 0x0000000080004008 (0x00002c17) x24 0x0000000080006008
core   0: 0x000000008000400c (0x0d6c0c13) addi    s8, s8, 214
core   0: 3 0x000000008000400c (0x0d6c0c13) x24 0x00000000800060de
core   0: 0x0000000080004010 (0x000c00e7) jalr    s8
core   0: 3 0x0000000080004010 (0x000c00e7) x1  0x0000000080004014
core   0: >>>>  any_handler
core   0: 0x00000000800060de (0x341027f3) csrrs   a5, mepc, zero
core   0: 3 0x00000000800060de (0x341027f3) x15 0x00000000800051c8
core   0: 0x00000000800060e2 (0x34202773) csrrs   a4, mcause, zero
core   0: 3 0x00000000800060e2 (0x34202773) x14 0x0000000000000002
core   0: 0x00000000800060e6 (0x142026f3) csrrs   a3, scause, zero
core   0: 3 0x00000000800060e6 (0x142026f3) x13 0x0000000000000000
core   0: 0x00000000800060ea (0x30402673) csrrs   a2, mie, zero
core   0: 3 0x00000000800060ea (0x30402673) x12 0x0000000000000a00
core   0: 0x00000000800060ee (0x344025f3) csrrs   a1, mip, zero
core   0: 3 0x00000000800060ee (0x344025f3) x11 0x0000000000000080
core   0: 0x00000000800060f2 (0x343025f3) csrrs   a1, mtval, zero
core   0: 3 0x00000000800060f2 (0x343025f3) x11 0x00000000f12b2b73
core   0: 0x00000000800060f6 (0x14302573) csrrs   a0, stval, zero
core   0: 3 0x00000000800060f6 (0x14302573) x10 0x0000000000000000
core   0: 0x00000000800060fa (0xb02024f3) csrrs   s1, minstret, zero
core   0: 3 0x00000000800060fa (0xb02024f3) x9  0x0000000000000e26
core   0: 0x00000000800060fe (0x0000a811) c.j     pc + 20
core   0: 3 0x00000000800060fe (0xa811)
core   0: >>>>  mepc_4
core   0: 0x0000000080006112 (0x00000791) c.addi  a5, 4
core   0: 3 0x0000000080006112 (0x0791) x15 0x00000000800051cc
core   0: 0x0000000080006114 (0x34179073) csrrw   zero, mepc, a5
core   0: 3 0x0000000080006114 (0x34179073) c833_mepc 0x00000000800051cc
core   0: 0x0000000080006118 (0x30200073) mret
core   0: 3 0x0000000080006118 (0x30200073) c768_mstatus 0x8000000a00106080
core   0: 0x00000000800051cc (0xf87ca913) slti    s2, s9, -121
core   0: 1 0x00000000800051cc (0xf87ca913) x18 0x0000000000000000
core   0: 0x00000000800051d0 (0x07d28a37) lui     s4, 0x7d28
core   0: 1 0x00000000800051d0 (0x07d28a37) x20 0x0000000007d28000
core   0: 0x00000000800051d4 (0x026b72bb) remuw   t0, s6, t1
core   0: 1 0x00000000800051d4 (0x026b72bb) x5  0x0000000034b78fd2
core   0: 0x00000000800051d8 (0xc03c7ed3) fcvt.lu.s t4, fs8
core   0: 1 0x00000000800051d8 (0xc03c7ed3) c1_fflags 0x0000000000000011 x29 0xffffffffffffffff
core   0: 0x00000000800051dc (0x0003961b) slliw   a2, t2, 0
core   0: 1 0x00000000800051dc (0x0003961b) x12 0xffffffffffffffff
core   0: 0x00000000800051e0 (0x42090853) fcvt.d.s fa6, fs2
core   0: 1 0x00000000800051e0 (0x42090853) f16 0x7ff8000000000000
core   0: 0x00000000800051e4 (0x034cf2d3) fadd.d  ft5, fs9, fs4
core   0: 1 0x00000000800051e4 (0x034cf2d3) f5  0x7ff8000000000000
core   0: 0x00000000800051e8 (0x008a0a3b) addw    s4, s4, s0
core   0: 1 0x00000000800051e8 (0x008a0a3b) x20 0x0000000007d28000
core   0: 0x00000000800051ec (0xc21a7853) fcvt.wu.d a6, fs4
core   0: 1 0x00000000800051ec (0xc21a7853) c1_fflags 0x0000000000000011 x16 0xffffffffffffffff
core   0: 0x00000000800051f0 (0x01a31e13) slli    t3, t1, 26
core   0: 1 0x00000000800051f0 (0x01a31e13) x28 0x032d21c0b4000000
core   0: 0x00000000800051f4 (0x02dd7153) fadd.d  ft2, fs10, fa3
core   0: 1 0x00000000800051f4 (0x02dd7153) f2  0x0000000000000000
core   0: 0x00000000800051f8 (0x01035cb3) srl     s9, t1, a6
core   0: 1 0x00000000800051f8 (0x01035cb3) x25 0x0000000000000000
core   0: 0x00000000800051fc (0x009821b3) slt     gp, a6, s1
core   0: 1 0x00000000800051fc (0x009821b3) x3  0x0000000000000001
core   0: 0x0000000080005200 (0x411ed6bb) sraw    a3, t4, a7
core   0: 1 0x0000000080005200 (0x411ed6bb) x13 0xffffffffffffffff
core   0: 0x0000000080005204 (0x02caadb3) mulhsu  s11, s5, a2
core   0: 1 0x0000000080005204 (0x02caadb3) x27 0xfffffffffffff800
core   0: 0x0000000080005208 (0x00e65793) srli    a5, a2, 14
core   0: 1 0x0000000080005208 (0x00e65793) x15 0x0003ffffffffffff
core   0: 0x000000008000520c (0xf20ff64b) fnmsub.d fa2, ft11, ft0, ft10
core   0: 1 0x000000008000520c (0xf20ff64b) f12 0x7ff8000000000000
core   0: 0x0000000080005210 (0x00e5fa33) and     s4, a1, a4
core   0: 1 0x0000000080005210 (0x00e5fa33) x20 0x0000000000000002
core   0: 0x0000000080005214 (0x58f77093) andi    ra, a4, 1423
core   0: 1 0x0000000080005214 (0x58f77093) x1  0x0000000000000002
core   0: 0x0000000080005218 (0x014e9abb) sllw    s5, t4, s4
core   0: 1 0x0000000080005218 (0x014e9abb) x21 0xfffffffffffffffc
core   0: 0x000000008000521c (0x0a057ed3) fsub.d  ft9, fa0, ft0
core   0: 1 0x000000008000521c (0x0a057ed3) f29 0x7ff8000000000000
core   0: 0x0000000080005220 (0x03f5d393) srli    t2, a1, 63
core   0: 1 0x0000000080005220 (0x03f5d393) x7  0x0000000000000000
core   0: 0x0000000080005224 (0xfff3ec13) ori     s8, t2, -1
core   0: 1 0x0000000080005224 (0xfff3ec13) x24 0xffffffffffffffff
core   0: 0x0000000080005228 (0xf13baa73) csrrs   s4, mimpid, s7
core   0: exception trap_illegal_instruction, epc 0x0000000080005228
core   0:           tval 0x00000000f13baa73
core   0: >>>>  $xrv64i2p1_m2p0_a2p1_f2p2_d2p2_zicsr2p0_zifencei2p0_zmmul1p0_zba1p0_zbb1p0_zbc1p0_zbs1p0
core   0: 0x0000000080004000 (0x0080006f) j       pc + 0x8
core   0: 3 0x0000000080004000 (0x0080006f)
core   0: >>>>  mmode_exception_handler
core   0: 0x0000000080004008 (0x00002c17) auipc   s8, 0x2
core   0: 3 0x0000000080004008 (0x00002c17) x24 0x0000000080006008
core   0: 0x000000008000400c (0x0d6c0c13) addi    s8, s8, 214
core   0: 3 0x000000008000400c (0x0d6c0c13) x24 0x00000000800060de
core   0: 0x0000000080004010 (0x000c00e7) jalr    s8
core   0: 3 0x0000000080004010 (0x000c00e7) x1  0x0000000080004014
core   0: >>>>  any_handler
core   0: 0x00000000800060de (0x341027f3) csrrs   a5, mepc, zero
core   0: 3 0x00000000800060de (0x341027f3) x15 0x0000000080005228
core   0: 0x00000000800060e2 (0x34202773) csrrs   a4, mcause, zero
core   0: 3 0x00000000800060e2 (0x34202773) x14 0x0000000000000002
core   0: 0x00000000800060e6 (0x142026f3) csrrs   a3, scause, zero
core   0: 3 0x00000000800060e6 (0x142026f3) x13 0x0000000000000000
core   0: 0x00000000800060ea (0x30402673) csrrs   a2, mie, zero
core   0: 3 0x00000000800060ea (0x30402673) x12 0x0000000000000a00
core   0: 0x00000000800060ee (0x344025f3) csrrs   a1, mip, zero
core   0: 3 0x00000000800060ee (0x344025f3) x11 0x0000000000000080
core   0: 0x00000000800060f2 (0x343025f3) csrrs   a1, mtval, zero
core   0: 3 0x00000000800060f2 (0x343025f3) x11 0x00000000f13baa73
core   0: 0x00000000800060f6 (0x14302573) csrrs   a0, stval, zero
core   0: 3 0x00000000800060f6 (0x14302573) x10 0x0000000000000000
core   0: 0x00000000800060fa (0xb02024f3) csrrs   s1, minstret, zero
core   0: 3 0x00000000800060fa (0xb02024f3) x9  0x0000000000000e4d
core   0: 0x00000000800060fe (0x0000a811) c.j     pc + 20
core   0: 3 0x00000000800060fe (0xa811)
core   0: >>>>  mepc_4
core   0: 0x0000000080006112 (0x00000791) c.addi  a5, 4
core   0: 3 0x0000000080006112 (0x0791) x15 0x000000008000522c
core   0: 0x0000000080006114 (0x34179073) csrrw   zero, mepc, a5
core   0: 3 0x0000000080006114 (0x34179073) c833_mepc 0x000000008000522c
core   0: 0x0000000080006118 (0x30200073) mret
core   0: 3 0x0000000080006118 (0x30200073) c768_mstatus 0x8000000a00106080
core   0: 0x000000008000522c (0x5b26b097) auipc   ra, 0x5b26b
core   0: 1 0x000000008000522c (0x5b26b097) x1  0x00000000db27022c
core   0: 0x0000000080005230 (0xeb217943) fmadd.d fs2, ft2, fs2, ft9
core   0: 1 0x0000000080005230 (0xeb217943) f18 0x7ff8000000000000
core   0: 0x0000000080005234 (0x00102173) csrrs   sp, fflags, zero
core   0: 1 0x0000000080005234 (0x00102173) x2  0x0000000000000011
core   0: 0x0000000080005238 (0x632876c3) fmadd.d fa3, fa6, fs2, fa2
core   0: 1 0x0000000080005238 (0x632876c3) f13 0x7ff8000000000000
core   0: 0x000000008000523c (0x00b5c1b3) xor     gp, a1, a1
core   0: 1 0x000000008000523c (0x00b5c1b3) x3  0x0000000000000000
core   0: 0x0000000080005240 (0x001e5a9b) srliw   s5, t3, 1
core   0: 1 0x0000000080005240 (0x001e5a9b) x21 0x000000005a000000
core   0: 0x0000000080005244 (0xc20efad3) fcvt.w.d s5, ft9
core   0: 1 0x0000000080005244 (0xc20efad3) c1_fflags 0x0000000000000011 x21 0x000000007fffffff
core   0: 0x0000000080005248 (0x0016eb33) or      s6, a3, ra
core   0: 1 0x0000000080005248 (0x0016eb33) x22 0x00000000db27022c
core   0: 0x000000008000524c (0x22dc0353) fsgnj.d ft6, fs8, fa3
core   0: 1 0x000000008000524c (0x22dc0353) f6  0x7ff8000000000000
core   0: 0x0000000080005250 (0x00202ef3) csrrs   t4, frm, zero
core   0: 1 0x0000000080005250 (0x00202ef3) x29 0x0000000000000000
core   0: 0x0000000080005254 (0xc02f7853) fcvt.l.s a6, ft10
core   0: 1 0x0000000080005254 (0xc02f7853) c1_fflags 0x0000000000000011 x16 0x7fffffffffffffff
core   0: 0x0000000080005258 (0x03b80db3) mul     s11, a6, s11
core   0: 1 0x0000000080005258 (0x03b80db3) x27 0x0000000000000800
core   0: 0x000000008000525c (0x4073d0bb) sraw    ra, t2, t2
core   0: 1 0x000000008000525c (0x4073d0bb) x1  0x0000000000000000
core   0: 0x0000000080005260 (0xd20183d3) fcvt.d.w ft7, gp
core   0: 1 0x0000000080005260 (0xd20183d3) f7  0x0000000000000000
core   0: 0x0000000080005264 (0x12747cd3) fmul.d  fs9, fs0, ft7
core   0: 1 0x0000000080005264 (0x12747cd3) f25 0x7ff8000000000000
core   0: 0x0000000080005268 (0x7ff2fb13) andi    s6, t0, 2047
core   0: 1 0x0000000080005268 (0x7ff2fb13) x22 0x00000000000007d2
core   0: 0x000000008000526c (0x0011f833) and     a6, gp, ra
core   0: 1 0x000000008000526c (0x0011f833) x16 0x0000000000000000
core   0: 0x0000000080005270 (0x024859bb) divuw   s3, a6, tp
core   0: 1 0x0000000080005270 (0x024859bb) x19 0xffffffffffffffff
core   0: 0x0000000080005274 (0xeb277a47) fmsub.d fs4, fa4, fs2, ft9
core   0: 1 0x0000000080005274 (0xeb277a47) f20 0x7ff8000000000000
core   0: 0x0000000080005278 (0xc213f053) fcvt.wu.d zero, ft7
core   0: 1 0x0000000080005278 (0xc213f053)
core   0: 0x000000008000527c (0x41ca813b) subw    sp, s5, t3
core   0: 1 0x000000008000527c (0x41ca813b) x2  0xffffffffcbffffff
core   0: 0x0000000080005280 (0x0000093b) addw    s2, zero, zero
core   0: 1 0x0000000080005280 (0x0000093b) x18 0x0000000000000000
core   0: 0x0000000080005284 (0xa36882d3) fle.d   t0, fa7, fs6
core   0: 1 0x0000000080005284 (0xa36882d3) c1_fflags 0x0000000000000011 x5  0x0000000000000000
core   0: 0x0000000080005288 (0xcb9a74c3) fmadd.d fs1, fs4, fs9, fs9
core   0: 1 0x0000000080005288 (0xcb9a74c3) f9  0x7ff8000000000000
core   0: 0x000000008000528c (0xc204fc53) fcvt.w.d s8, fs1
core   0: 1 0x000000008000528c (0xc204fc53) c1_fflags 0x0000000000000011 x24 0x000000007fffffff
core   0: 0x0000000080005290 (0x03561733) mulh    a4, a2, s5
core   0: 1 0x0000000080005290 (0x03561733) x14 0x0000000000000000
core   0: 0x0000000080005294 (0x7a7a0817) auipc   a6, 0x7a7a0
core   0: 1 0x0000000080005294 (0x7a7a0817) x16 0x00000000fa7a5294
core   0: 0x0000000080005298 (0x0204f4cb) fnmsub.d fs1, fs1, ft0, ft0
core   0: 1 0x0000000080005298 (0x0204f4cb) f9  0x7ff8000000000000
core   0: 0x000000008000529c (0x03584533) div     a0, a6, s5
core   0: 1 0x000000008000529c (0x03584533) x10 0x0000000000000001
core   0: 0x00000000800052a0 (0x00009261) c.srli  a2, 56
core   0: 1 0x00000000800052a0 (0x9261) x12 0x0000000000000000
core   0: 0x00000000800052a2 (0xd2150cd3) fcvt.d.wu fs9, a0
core   0: 1 0x00000000800052a2 (0xd2150cd3) f25 0x3ff0000000000000
core   0: 0x00000000800052a6 (0xdc558593) addi    a1, a1, -571
core   0: 1 0x00000000800052a6 (0xdc558593) x11 0x00000000f13ba838
core   0: 0x00000000800052aa (0x010cdc3b) srlw    s8, s9, a6
core   0: 1 0x00000000800052aa (0x010cdc3b) x24 0x0000000000000000
core   0: 0x00000000800052ae (0x0005551b) srliw   a0, a0, 0
core   0: 1 0x00000000800052ae (0x0005551b) x10 0x0000000000000001
core   0: 0x00000000800052b2 (0x0205673b) remw    a4, a0, zero
core   0: 1 0x00000000800052b2 (0x0205673b) x14 0x0000000000000001
core   0: 0x00000000800052b6 (0x01695a1b) srliw   s4, s2, 22
core   0: 1 0x00000000800052b6 (0x01695a1b) x20 0x0000000000000000
core   0: 0x00000000800052ba (0x03690b3b) mulw    s6, s2, s6
core   0: 1 0x00000000800052ba (0x03690b3b) x22 0x0000000000000000
core   0: 0x00000000800052be (0x00b8d033) srl     zero, a7, a1
core   0: 1 0x00000000800052be (0x00b8d033)
core   0: 0x00000000800052c2 (0x80036093) ori     ra, t1, -2048
core   0: 1 0x00000000800052c2 (0x80036093) x1  0xfffffffffffff82d
core   0: 0x00000000800052c6 (0x8b29794f) fnmadd.d fs2, fs2, fs2, fa7
core   0: 1 0x00000000800052c6 (0x8b29794f) f18 0x7ff8000000000000
core   0: 0x00000000800052ca (0xc02cbb73) csrrc   s6, instret, s9
core   0: exception trap_illegal_instruction, epc 0x00000000800052ca
core   0:           tval 0x00000000c02cbb73
core   0: >>>>  $xrv64i2p1_m2p0_a2p1_f2p2_d2p2_zicsr2p0_zifencei2p0_zmmul1p0_zba1p0_zbb1p0_zbc1p0_zbs1p0
core   0: 0x0000000080004000 (0x0080006f) j       pc + 0x8
core   0: 3 0x0000000080004000 (0x0080006f)
core   0: >>>>  mmode_exception_handler
core   0: 0x0000000080004008 (0x00002c17) auipc   s8, 0x2
core   0: 3 0x0000000080004008 (0x00002c17) x24 0x0000000080006008
core   0: 0x000000008000400c (0x0d6c0c13) addi    s8, s8, 214
core   0: 3 0x000000008000400c (0x0d6c0c13) x24 0x00000000800060de
core   0: 0x0000000080004010 (0x000c00e7) jalr    s8
core   0: 3 0x0000000080004010 (0x000c00e7) x1  0x0000000080004014
core   0: >>>>  any_handler
core   0: 0x00000000800060de (0x341027f3) csrrs   a5, mepc, zero
core   0: 3 0x00000000800060de (0x341027f3) x15 0x00000000800052ca
core   0: 0x00000000800060e2 (0x34202773) csrrs   a4, mcause, zero
core   0: 3 0x00000000800060e2 (0x34202773) x14 0x0000000000000002
core   0: 0x00000000800060e6 (0x142026f3) csrrs   a3, scause, zero
core   0: 3 0x00000000800060e6 (0x142026f3) x13 0x0000000000000000
core   0: 0x00000000800060ea (0x30402673) csrrs   a2, mie, zero
core   0: 3 0x00000000800060ea (0x30402673) x12 0x0000000000000a00
core   0: 0x00000000800060ee (0x344025f3) csrrs   a1, mip, zero
core   0: 3 0x00000000800060ee (0x344025f3) x11 0x0000000000000080
core   0: 0x00000000800060f2 (0x343025f3) csrrs   a1, mtval, zero
core   0: 3 0x00000000800060f2 (0x343025f3) x11 0x00000000c02cbb73
core   0: 0x00000000800060f6 (0x14302573) csrrs   a0, stval, zero
core   0: 3 0x00000000800060f6 (0x14302573) x10 0x0000000000000000
core   0: 0x00000000800060fa (0xb02024f3) csrrs   s1, minstret, zero
core   0: 3 0x00000000800060fa (0xb02024f3) x9  0x0000000000000e85
core   0: 0x00000000800060fe (0x0000a811) c.j     pc + 20
core   0: 3 0x00000000800060fe (0xa811)
core   0: >>>>  mepc_4
core   0: 0x0000000080006112 (0x00000791) c.addi  a5, 4
core   0: 3 0x0000000080006112 (0x0791) x15 0x00000000800052ce
core   0: 0x0000000080006114 (0x34179073) csrrw   zero, mepc, a5
core   0: 3 0x0000000080006114 (0x34179073) c833_mepc 0x00000000800052ce
core   0: 0x0000000080006118 (0x30200073) mret
core   0: 3 0x0000000080006118 (0x30200073) c768_mstatus 0x8000000a00106080
core   0: 0x00000000800052ce (0x00d3583b) srlw    a6, t1, a3
core   0: 1 0x00000000800052ce (0x00d3583b) x16 0xffffffffcb48702d
core   0: 0x00000000800052d2 (0x00202c73) csrrs   s8, frm, zero
core   0: 1 0x00000000800052d2 (0x00202c73) x24 0x0000000000000000
core   0: 0x00000000800052d6 (0x022c4333) div     t1, s8, sp
core   0: 1 0x00000000800052d6 (0x022c4333) x6  0x0000000000000000
core   0: 0x00000000800052da (0xc20cf153) fcvt.w.d sp, fs9
core   0: 1 0x00000000800052da (0xc20cf153) x2  0x0000000000000001
core   0: 0x00000000800052de (0x02503eb3) mulhu   t4, zero, t0
core   0: 1 0x00000000800052de (0x02503eb3) x29 0x0000000000000000
core   0: 0x00000000800052e2 (0x016e87bb) addw    a5, t4, s6
core   0: 1 0x00000000800052e2 (0x016e87bb) x15 0x0000000000000000
core   0: 0x00000000800052e6 (0x0229b9b3) mulhu   s3, s3, sp
core   0: 1 0x00000000800052e6 (0x0229b9b3) x19 0x0000000000000000
core   0: 0x00000000800052ea (0xa29d724b) fnmsub.d ft4, fs10, fs1, fs4
core   0: 1 0x00000000800052ea (0xa29d724b) f4  0x7ff8000000000000
core   0: 0x00000000800052ee (0x401cfd53) fcvt.s.d fs10, fs9
core   0: 1 0x00000000800052ee (0x401cfd53) f26 0xffffffff3f800000
core   0: 0x00000000800052f2 (0x003451bb) srlw    gp, s0, gp
core   0: 1 0x00000000800052f2 (0x003451bb) x3  0x0000000000000000
core   0: 0x00000000800052f6 (0x41320a3b) subw    s4, tp, s3
core   0: 1 0x00000000800052f6 (0x41320a3b) x20 0x0000000000000000
core   0: 0x00000000800052fa (0x401ef053) fcvt.s.d ft0, ft9
core   0: 1 0x00000000800052fa (0x401ef053) f0  0xffffffff7fc00000
core   0: 0x00000000800052fe (0x8002061b) addiw   a2, tp, -2048
core   0: 1 0x00000000800052fe (0x8002061b) x12 0xfffffffffffff800
core   0: 0x0000000080005302 (0x00015b93) srli    s7, sp, 0
core   0: 1 0x0000000080005302 (0x00015b93) x23 0x0000000000000001
core   0: 0x0000000080005306 (0x4015d59b) sraiw   a1, a1, 1
core   0: 1 0x0000000080005306 (0x4015d59b) x11 0xffffffffe0165db9
core   0: 0x000000008000530a (0x80014c93) xori    s9, sp, -2048
core   0: 1 0x000000008000530a (0x80014c93) x25 0xfffffffffffff801
core   0: 0x000000008000530e (0x00000001) c.nop
core   0: 1 0x000000008000530e (0x0001)
core   0: 0x0000000080005310 (0x037a01bb) mulw    gp, s4, s7
core   0: 1 0x0000000080005310 (0x037a01bb) x3  0x0000000000000000
core   0: 0x0000000080005314 (0x00000001) c.nop
core   0: 1 0x0000000080005314 (0x0001)
core   0: 0x0000000080005316 (0x03cdbe33) mulhu   t3, s11, t3
core   0: 1 0x0000000080005316 (0x03cdbe33) x28 0x0000000000000019
core   0: 0x000000008000531a (0x23c00553) fsgnj.d fa0, ft0, ft8
core   0: 1 0x000000008000531a (0x23c00553) f10 0x7fffffff7fc00000
core   0: 0x000000008000531e (0x023e06bb) mulw    a3, t3, gp
core   0: 1 0x000000008000531e (0x023e06bb) x13 0x0000000000000000
core   0: 0x0000000080005322 (0x01945833) srl     a6, s0, s9
core   0: 1 0x0000000080005322 (0x01945833) x16 0x0000000000000000
core   0: 0x0000000080005326 (0x012ea6b3) slt     a3, t4, s2
core   0: 1 0x0000000080005326 (0x012ea6b3) x13 0x0000000000000000
core   0: 0x000000008000532a (0x0068f033) and     zero, a7, t1
core   0: 1 0x000000008000532a (0x0068f033)
core   0: 0x000000008000532e (0xd2188653) fcvt.d.wu fa2, a7
core   0: 1 0x000000008000532e (0xd2188653) f12 0x3ff0000000000000
core   0: 0x0000000080005332 (0x416bd49b) sraiw   s1, s7, 22
core   0: 1 0x0000000080005332 (0x416bd49b) x9  0x0000000000000000
core   0: 0x0000000080005336 (0x0109999b) slliw   s3, s3, 16
core   0: 1 0x0000000080005336 (0x0109999b) x19 0x0000000000000000
core   0: 0x000000008000533a (0x0197dcb3) srl     s9, a5, s9
core   0: 1 0x000000008000533a (0x0197dcb3) x25 0x0000000000000000
core   0: 0x000000008000533e (0x00000001) c.nop
core   0: 1 0x000000008000533e (0x0001)
core   0: 0x0000000080005340 (0x018b5dbb) srlw    s11, s6, s8
core   0: 1 0x0000000080005340 (0x018b5dbb) x27 0x0000000000000000
core   0: 0x0000000080005344 (0x001c1cf3) csrrw   s9, fflags, s8
core   0: 1 0x0000000080005344 (0x001c1cf3) x25 0x0000000000000011 c1_fflags 0x0000000000000000
core   0: 0x0000000080005348 (0x413484b3) sub     s1, s1, s3
core   0: 1 0x0000000080005348 (0x413484b3) x9  0x0000000000000000
core   0: 0x000000008000534c (0x0ff0000f) fence   iorw,iorw
core   0: 1 0x000000008000534c (0x0ff0000f)
core   0: 0x0000000080005350 (0xc23679d3) fcvt.lu.d s3, fa2
core   0: 1 0x0000000080005350 (0xc23679d3) x19 0x0000000000000001
core   0: 0x0000000080005354 (0x013c7033) and     zero, s8, s3
core   0: 1 0x0000000080005354 (0x013c7033)
core   0: 0x0000000080005358 (0x001090f3) csrrw   ra, fflags, ra
core   0: 1 0x0000000080005358 (0x001090f3) x1  0x0000000000000000 c1_fflags 0x0000000000000014
core   0: 0x000000008000535c (0x4ab8859b) addiw   a1, a7, 1195
core   0: 1 0x000000008000535c (0x4ab8859b) x11 0x00000000000004ac
core   0: 0x0000000080005360 (0xd03cf1d3) fcvt.s.lu ft3, s9
core   0: 1 0x0000000080005360 (0xd03cf1d3) f3  0xffffffff41880000
core   0: 0x0000000080005364 (0xc0309df3) csrrw   s11, hpmcounter3, ra
core   0: exception trap_illegal_instruction, epc 0x0000000080005364
core   0:           tval 0x00000000c0309df3
core   0: >>>>  $xrv64i2p1_m2p0_a2p1_f2p2_d2p2_zicsr2p0_zifencei2p0_zmmul1p0_zba1p0_zbb1p0_zbc1p0_zbs1p0
core   0: 0x0000000080004000 (0x0080006f) j       pc + 0x8
core   0: 3 0x0000000080004000 (0x0080006f)
core   0: >>>>  mmode_exception_handler
core   0: 0x0000000080004008 (0x00002c17) auipc   s8, 0x2
core   0: 3 0x0000000080004008 (0x00002c17) x24 0x0000000080006008
core   0: 0x000000008000400c (0x0d6c0c13) addi    s8, s8, 214
core   0: 3 0x000000008000400c (0x0d6c0c13) x24 0x00000000800060de
core   0: 0x0000000080004010 (0x000c00e7) jalr    s8
core   0: 3 0x0000000080004010 (0x000c00e7) x1  0x0000000080004014
core   0: >>>>  any_handler
core   0: 0x00000000800060de (0x341027f3) csrrs   a5, mepc, zero
core   0: 3 0x00000000800060de (0x341027f3) x15 0x0000000080005364
core   0: 0x00000000800060e2 (0x34202773) csrrs   a4, mcause, zero
core   0: 3 0x00000000800060e2 (0x34202773) x14 0x0000000000000002
core   0: 0x00000000800060e6 (0x142026f3) csrrs   a3, scause, zero
core   0: 3 0x00000000800060e6 (0x142026f3) x13 0x0000000000000000
core   0: 0x00000000800060ea (0x30402673) csrrs   a2, mie, zero
core   0: 3 0x00000000800060ea (0x30402673) x12 0x0000000000000a00
core   0: 0x00000000800060ee (0x344025f3) csrrs   a1, mip, zero
core   0: 3 0x00000000800060ee (0x344025f3) x11 0x0000000000000080
core   0: 0x00000000800060f2 (0x343025f3) csrrs   a1, mtval, zero
core   0: 3 0x00000000800060f2 (0x343025f3) x11 0x00000000c0309df3
core   0: 0x00000000800060f6 (0x14302573) csrrs   a0, stval, zero
core   0: 3 0x00000000800060f6 (0x14302573) x10 0x0000000000000000
core   0: 0x00000000800060fa (0xb02024f3) csrrs   s1, minstret, zero
core   0: 3 0x00000000800060fa (0xb02024f3) x9  0x0000000000000ebc
core   0: 0x00000000800060fe (0x0000a811) c.j     pc + 20
core   0: 3 0x00000000800060fe (0xa811)
core   0: >>>>  mepc_4
core   0: 0x0000000080006112 (0x00000791) c.addi  a5, 4
core   0: 3 0x0000000080006112 (0x0791) x15 0x0000000080005368
core   0: 0x0000000080006114 (0x34179073) csrrw   zero, mepc, a5
core   0: 3 0x0000000080006114 (0x34179073) c833_mepc 0x0000000080005368
core   0: 0x0000000080006118 (0x30200073) mret
core   0: 3 0x0000000080006118 (0x30200073) c768_mstatus 0x8000000a00106080
core   0: 0x0000000080005368 (0x4161de33) sra     t3, gp, s6
core   0: 1 0x0000000080005368 (0x4161de33) x28 0x0000000000000000
core   0: 0x000000008000536c (0x401dfdd3) fcvt.s.d fs11, fs11
core   0: 1 0x000000008000536c (0x401dfdd3) f27 0xffffffff7fc00000
core   0: 0x0000000080005370 (0x1ad6f6d3) fdiv.d  fa3, fa3, fa3
core   0: 1 0x0000000080005370 (0x1ad6f6d3) f13 0x7ff8000000000000
core   0: 0x0000000080005374 (0x9afdf7cf) fnmadd.d fa5, fs11, fa5, fs3
core   0: 1 0x0000000080005374 (0x9afdf7cf) f15 0x7ff8000000000000
core   0: 0x0000000080005378 (0x0266633b) remw    t1, a2, t1
core   0: 1 0x0000000080005378 (0x0266633b) x6  0x0000000000000a00
core   0: 0x000000008000537c (0x2bda0ed3) fmin.d  ft9, fs4, ft9
core   0: 1 0x000000008000537c (0x2bda0ed3) f29 0x7ff8000000000000
core   0: 0x0000000080005380 (0x01250033) add     zero, a0, s2
core   0: 1 0x0000000080005380 (0x01250033)
core   0: 0x0000000080005384 (0x02040433) mul     s0, s0, zero
core   0: 1 0x0000000080005384 (0x02040433) x8  0x0000000000000000
core   0: 0x0000000080005388 (0x43a9f9cf) fnmadd.d fs3, fs3, fs10, fs0
core   0: 1 0x0000000080005388 (0x43a9f9cf) f19 0x7ff8000000000000
core   0: 0x000000008000538c (0x12aef553) fmul.d  fa0, ft9, fa0
core   0: 1 0x000000008000538c (0x12aef553) f10 0x7ff8000000000000
core   0: 0x0000000080005390 (0x0ff0000f) fence   iorw,iorw
core   0: 1 0x0000000080005390 (0x0ff0000f)
core   0: 0x0000000080005394 (0x00655d13) srli    s10, a0, 6
core   0: 1 0x0000000080005394 (0x00655d13) x26 0x0000000000000000
core   0: 0x0000000080005398 (0x0101fbb3) and     s7, gp, a6
core   0: 1 0x0000000080005398 (0x0101fbb3) x23 0x0000000000000000
core   0: 0x000000008000539c (0xa3c68353) fle.d   t1, fa3, ft8
core   0: 1 0x000000008000539c (0xa3c68353) c1_fflags 0x0000000000000014 x6  0x0000000000000000
core   0: 0x00000000800053a0 (0x80078e9b) addiw   t4, a5, -2048
core   0: 1 0x00000000800053a0 (0x80078e9b) x29 0xffffffff80004b68
core   0: 0x00000000800053a4 (0x0ff0000f) fence   iorw,iorw
core   0: 1 0x00000000800053a4 (0x0ff0000f)
core   0: 0x00000000800053a8 (0xc0195bf3) csrrwi  s7, time, 18
core   0: exception trap_illegal_instruction, epc 0x00000000800053a8
core   0:           tval 0x00000000c0195bf3
core   0: >>>>  $xrv64i2p1_m2p0_a2p1_f2p2_d2p2_zicsr2p0_zifencei2p0_zmmul1p0_zba1p0_zbb1p0_zbc1p0_zbs1p0
core   0: 0x0000000080004000 (0x0080006f) j       pc + 0x8
core   0: 3 0x0000000080004000 (0x0080006f)
core   0: >>>>  mmode_exception_handler
core   0: 0x0000000080004008 (0x00002c17) auipc   s8, 0x2
core   0: 3 0x0000000080004008 (0x00002c17) x24 0x0000000080006008
core   0: 0x000000008000400c (0x0d6c0c13) addi    s8, s8, 214
core   0: 3 0x000000008000400c (0x0d6c0c13) x24 0x00000000800060de
core   0: 0x0000000080004010 (0x000c00e7) jalr    s8
core   0: 3 0x0000000080004010 (0x000c00e7) x1  0x0000000080004014
core   0: >>>>  any_handler
core   0: 0x00000000800060de (0x341027f3) csrrs   a5, mepc, zero
core   0: 3 0x00000000800060de (0x341027f3) x15 0x00000000800053a8
core   0: 0x00000000800060e2 (0x34202773) csrrs   a4, mcause, zero
core   0: 3 0x00000000800060e2 (0x34202773) x14 0x0000000000000002
core   0: 0x00000000800060e6 (0x142026f3) csrrs   a3, scause, zero
core   0: 3 0x00000000800060e6 (0x142026f3) x13 0x0000000000000000
core   0: 0x00000000800060ea (0x30402673) csrrs   a2, mie, zero
core   0: 3 0x00000000800060ea (0x30402673) x12 0x0000000000000a00
core   0: 0x00000000800060ee (0x344025f3) csrrs   a1, mip, zero
core   0: 3 0x00000000800060ee (0x344025f3) x11 0x0000000000000080
core   0: 0x00000000800060f2 (0x343025f3) csrrs   a1, mtval, zero
core   0: 3 0x00000000800060f2 (0x343025f3) x11 0x00000000c0195bf3
core   0: 0x00000000800060f6 (0x14302573) csrrs   a0, stval, zero
core   0: 3 0x00000000800060f6 (0x14302573) x10 0x0000000000000000
core   0: 0x00000000800060fa (0xb02024f3) csrrs   s1, minstret, zero
core   0: 3 0x00000000800060fa (0xb02024f3) x9  0x0000000000000edc
core   0: 0x00000000800060fe (0x0000a811) c.j     pc + 20
core   0: 3 0x00000000800060fe (0xa811)
core   0: >>>>  mepc_4
core   0: 0x0000000080006112 (0x00000791) c.addi  a5, 4
core   0: 3 0x0000000080006112 (0x0791) x15 0x00000000800053ac
core   0: 0x0000000080006114 (0x34179073) csrrw   zero, mepc, a5
core   0: 3 0x0000000080006114 (0x34179073) c833_mepc 0x00000000800053ac
core   0: 0x0000000080006118 (0x30200073) mret
core   0: 3 0x0000000080006118 (0x30200073) c768_mstatus 0x8000000a00106080
core   0: 0x00000000800053ac (0xc0257ed3) fcvt.l.s t4, fa0
core   0: 1 0x00000000800053ac (0xc0257ed3) c1_fflags 0x0000000000000014 x29 0x7fffffffffffffff
core   0: 0x00000000800053b0 (0x00000001) c.nop
core   0: 1 0x00000000800053b0 (0x0001)
core   0: 0x00000000800053b2 (0x0341d0bb) divuw   ra, gp, s4
core   0: 1 0x00000000800053b2 (0x0341d0bb) x1  0xffffffffffffffff
core   0: 0x00000000800053b6 (0x0041ddbb) srlw    s11, gp, tp
core   0: 1 0x00000000800053b6 (0x0041ddbb) x27 0x0000000000000000
core   0: 0x00000000800053ba (0x4139ddb3) sra     s11, s3, s3
core   0: 1 0x00000000800053ba (0x4139ddb3) x27 0x0000000000000000
core   0: 0x00000000800053be (0x001420b3) slt     ra, s0, ra
core   0: 1 0x00000000800053be (0x001420b3) x1  0x0000000000000000
core   0: 0x00000000800053c2 (0x8017c793) xori    a5, a5, -2047
core   0: 1 0x00000000800053c2 (0x8017c793) x15 0xffffffff7fffabad
core   0: 0x00000000800053c6 (0x00124c13) xori    s8, tp, 1
core   0: 1 0x00000000800053c6 (0x00124c13) x24 0x0000000000000001
core   0: 0x00000000800053ca (0x018d5c13) srli    s8, s10, 24
core   0: 1 0x00000000800053ca (0x018d5c13) x24 0x0000000000000000
core   0: 0x00000000800053ce (0x037dbdb3) mulhu   s11, s11, s7
core   0: 1 0x00000000800053ce (0x037dbdb3) x27 0x0000000000000000
core   0: 0x00000000800053d2 (0x0ff0000f) fence   iorw,iorw
core   0: 1 0x00000000800053d2 (0x0ff0000f)
core   0: 0x00000000800053d6 (0x013815b3) sll     a1, a6, s3
core   0: 1 0x00000000800053d6 (0x013815b3) x11 0x0000000000000000
core   0: 0x00000000800053da (0xea057547) fmsub.d fa0, fa0, ft0, ft9
core   0: 1 0x00000000800053da (0xea057547) f10 0x7ff8000000000000
core   0: 0x00000000800053de (0xe20002d3) fmv.x.d t0, ft0
core   0: 1 0x00000000800053de (0xe20002d3) x5  0xffffffff7fc00000
core   0: 0x00000000800053e2 (0x4008581b) sraiw   a6, a6, 0
core   0: 1 0x00000000800053e2 (0x4008581b) x16 0x0000000000000000
core   0: 0x00000000800053e6 (0x00008ff9) c.and   a5, a4
core   0: 1 0x00000000800053e6 (0x8ff9) x15 0x0000000000000000
core   0: 0x00000000800053e8 (0x01115d33) srl     s10, sp, a7
core   0: 1 0x00000000800053e8 (0x01115d33) x26 0x0000000000000000
core   0: 0x00000000800053ec (0x232282d3) fsgnj.d ft5, ft5, fs2
core   0: 1 0x00000000800053ec (0x232282d3) f5  0x7ff8000000000000
core   0: 0x00000000800053f0 (0x02843eb3) mulhu   t4, s0, s0
core   0: 1 0x00000000800053f0 (0x02843eb3) x29 0x0000000000000000
core   0: 0x00000000800053f4 (0x00517d33) and     s10, sp, t0
core   0: 1 0x00000000800053f4 (0x00517d33) x26 0x0000000000000000
core   0: 0x00000000800053f8 (0x40045d13) srai    s10, s0, 0
core   0: 1 0x00000000800053f8 (0x40045d13) x26 0x0000000000000000
core   0: 0x00000000800053fc (0x4b4474c7) fmsub.d fs1, fs0, fs4, fs1
core   0: 1 0x00000000800053fc (0x4b4474c7) f9  0x7ff8000000000000
core   0: 0x0000000080005400 (0x23821953) fsgnjn.d fs2, ft4, fs8
core   0: 1 0x0000000080005400 (0x23821953) f18 0xfff8000000000000
core   0: 0x0000000080005404 (0xc02274d3) fcvt.l.s s1, ft4
core   0: 1 0x0000000080005404 (0xc02274d3) c1_fflags 0x0000000000000014 x9  0x7fffffffffffffff
core   0: 0x0000000080005408 (0x024243bb) divw    t2, tp, tp
core   0: 1 0x0000000080005408 (0x024243bb) x7  0xffffffffffffffff
core   0: 0x000000008000540c (0x1b297a53) fdiv.d  fs4, fs2, fs2
core   0: 1 0x000000008000540c (0x1b297a53) f20 0x7ff8000000000000
core   0: 0x0000000080005410 (0xc02c7d53) fcvt.l.s s10, fs8
core   0: 1 0x0000000080005410 (0xc02c7d53) c1_fflags 0x0000000000000014 x26 0x7fffffffffffffff
core   0: 0x0000000080005414 (0x028459b3) divu    s3, s0, s0
core   0: 1 0x0000000080005414 (0x028459b3) x19 0xffffffffffffffff
core   0: 0x0000000080005418 (0x00dc8d33) add     s10, s9, a3
core   0: 1 0x0000000080005418 (0x00dc8d33) x26 0x0000000000000011
core   0: 0x000000008000541c (0x00669113) slli    sp, a3, 6
core   0: 1 0x000000008000541c (0x00669113) x2  0x0000000000000000
core   0: 0x0000000080005420 (0x832d794f) fnmadd.d fs2, fs10, fs2, fa6
core   0: 1 0x0000000080005420 (0x832d794f) f18 0x7ff8000000000000
core   0: 0x0000000080005424 (0x001d9213) slli    tp, s11, 1
core   0: 1 0x0000000080005424 (0x001d9213) x4  0x0000000000000000
core   0: 0x0000000080005428 (0x800d091b) addiw   s2, s10, -2048
core   0: 1 0x0000000080005428 (0x800d091b) x18 0xfffffffffffff811
core   0: 0x000000008000542c (0x02c3fa3b) remuw   s4, t2, a2
core   0: 1 0x000000008000542c (0x02c3fa3b) x20 0x00000000000005ff
core   0: 0x0000000080005430 (0x00000001) c.nop
core   0: 1 0x0000000080005430 (0x0001)
core   0: 0x0000000080005432 (0x401979d3) fcvt.s.d fs3, fs2
core   0: 1 0x0000000080005432 (0x401979d3) f19 0xffffffff7fc00000
core   0: 0x0000000080005436 (0x0102163b) sllw    a2, tp, a6
core   0: 1 0x0000000080005436 (0x0102163b) x12 0x0000000000000000
core   0: 0x000000008000543a (0x00115693) srli    a3, sp, 1
core   0: 1 0x000000008000543a (0x00115693) x13 0x0000000000000000
core   0: 0x000000008000543e (0x4018f853) fcvt.s.d fa6, fa7
core   0: 1 0x000000008000543e (0x4018f853) f16 0xffffffff7fc00000
core   0: 0x0000000080005442 (0x40e10e3b) subw    t3, sp, a4
core   0: 1 0x0000000080005442 (0x40e10e3b) x28 0xfffffffffffffffe
core   0: 0x0000000080005446 (0x834371c7) fmsub.d ft3, ft6, fs4, fa6
core   0: 1 0x0000000080005446 (0x834371c7) f3  0x7ff8000000000000
core   0: 0x000000008000544a (0x418388b3) sub     a7, t2, s8
core   0: 1 0x000000008000544a (0x418388b3) x17 0xffffffffffffffff
core   0: 0x000000008000544e (0x00631bb3) sll     s7, t1, t1
core   0: 1 0x000000008000544e (0x00631bb3) x23 0x0000000000000000
core   0: 0x0000000080005452 (0x00b5dcbb) srlw    s9, a1, a1
core   0: 1 0x0000000080005452 (0x00b5dcbb) x25 0x0000000000000000
core   0: 0x0000000080005456 (0x024d1cb3) mulh    s9, s10, tp
core   0: 1 0x0000000080005456 (0x024d1cb3) x25 0x0000000000000000
core   0: 0x000000008000545a (0x00000001) c.nop
core   0: 1 0x000000008000545a (0x0001)
core   0: 0x000000008000545c (0x01441313) slli    t1, s0, 20
core   0: 1 0x000000008000545c (0x01441313) x6  0x0000000000000000
core   0: 0x0000000080005460 (0xfedd02b7) lui     t0, 0xfedd0
core   0: 1 0x0000000080005460 (0xfedd02b7) x5  0xfffffffffedd0000
core   0: 0x0000000080005464 (0xebf2829b) addiw   t0, t0, -321
core   0: 1 0x0000000080005464 (0xebf2829b) x5  0xfffffffffedcfebf
core   0: 0x0000000080005468 (0x000002b6) c.slli  t0, 13
core   0: 1 0x0000000080005468 (0x02b6) x5  0xffffffdb9fd7e000
core   0: 0x000000008000546a (0x72f28293) addi    t0, t0, 1839
core   0: 1 0x000000008000546a (0x72f28293) x5  0xffffffdb9fd7e72f
core   0: 0x000000008000546e (0xdeb48213) addi    tp, s1, -533
core   0: 1 0x000000008000546e (0xdeb48213) x4  0x7ffffffffffffdea
core   0: 0x0000000080005472 (0x967a6017) auipc   zero, 0x967a6
core   0: 1 0x0000000080005472 (0x967a6017)
core   0: 0x0000000080005476 (0x1beefb4f) fnmadd.d fs6, ft9, ft10, ft3
core   0: 1 0x0000000080005476 (0x1beefb4f) f22 0x7ff8000000000000
core   0: 0x000000008000547a (0x03c5de33) divu    t3, a1, t3
core   0: 1 0x000000008000547a (0x03c5de33) x28 0x0000000000000000
core   0: 0x000000008000547e (0x03f9fdd3) fadd.d  fs11, fs3, ft11
core   0: 1 0x000000008000547e (0x03f9fdd3) f27 0x7ff8000000000000
core   0: 0x0000000080005482 (0x03151c13) slli    s8, a0, 49
core   0: 1 0x0000000080005482 (0x03151c13) x24 0x0000000000000000
core   0: 0x0000000080005486 (0x12cef44b) fnmsub.d fs0, ft9, fa2, ft2
core   0: 1 0x0000000080005486 (0x12cef44b) f8  0x7ff8000000000000
core   0: 0x000000008000548a (0x000df693) andi    a3, s11, 0
core   0: 1 0x000000008000548a (0x000df693) x13 0x0000000000000000
core   0: 0x000000008000548e (0x41868e3b) subw    t3, a3, s8
core   0: 1 0x000000008000548e (0x41868e3b) x28 0x0000000000000000
core   0: 0x0000000080005492 (0xd231fe53) fcvt.d.lu ft8, gp
core   0: 1 0x0000000080005492 (0xd231fe53) f28 0x0000000000000000
core   0: 0x0000000080005496 (0x039aa7b3) mulhsu  a5, s5, s9
core   0: 1 0x0000000080005496 (0x039aa7b3) x15 0x0000000000000000
core   0: 0x000000008000549a (0x0189a9b3) slt     s3, s3, s8
core   0: 1 0x000000008000549a (0x0189a9b3) x19 0x0000000000000001
core   0: 0x000000008000549e (0x0ff0000f) fence   iorw,iorw
core   0: 1 0x000000008000549e (0x0ff0000f)
core   0: 0x00000000800054a2 (0x00caf633) and     a2, s5, a2
core   0: 1 0x00000000800054a2 (0x00caf633) x12 0x0000000000000000
core   0: 0x00000000800054a6 (0xa3e30553) fle.d   a0, ft6, ft10
core   0: 1 0x00000000800054a6 (0xa3e30553) c1_fflags 0x0000000000000014 x10 0x0000000000000000
core   0: 0x00000000800054aa (0x0ff0000f) fence   iorw,iorw
core   0: 1 0x00000000800054aa (0x0ff0000f)
core   0: 0x00000000800054ae (0x002381b3) add     gp, t2, sp
core   0: 1 0x00000000800054ae (0x002381b3) x3  0xffffffffffffffff
core   0: 0x00000000800054b2 (0x419580b3) sub     ra, a1, s9
core   0: 1 0x00000000800054b2 (0x419580b3) x1  0x0000000000000000
core   0: 0x00000000800054b6 (0x000003c2) c.slli  t2, 16
core   0: 1 0x00000000800054b6 (0x03c2) x7  0xffffffffffff0000
core   0: 0x00000000800054b8 (0xd23d7553) fcvt.d.lu fa0, s10
core   0: 1 0x00000000800054b8 (0xd23d7553) f10 0x4031000000000000
core   0: 0x00000000800054bc (0x01a72537) lui     a0, 0x1a72
core   0: 1 0x00000000800054bc (0x01a72537) x10 0x0000000001a72000
core   0: 0x00000000800054c0 (0x7b95051b) addiw   a0, a0, 1977
core   0: 1 0x00000000800054c0 (0x7b95051b) x10 0x0000000001a727b9
core   0: 0x00000000800054c4 (0x00000536) c.slli  a0, 13
core   0: 1 0x00000000800054c4 (0x0536) x10 0x00000034e4f72000
core   0: 0x00000000800054c6 (0xdde50513) addi    a0, a0, -546
core   0: 1 0x00000000800054c6 (0xdde50513) x10 0x00000034e4f71dde
core   0: 0x00000000800054ca (0xd233f953) fcvt.d.lu fs2, t2
core   0: 1 0x00000000800054ca (0xd233f953) f18 0x43efffffffffffe0
core   0: 0x00000000800054ce (0x03aaf9bb) remuw   s3, s5, s10
core   0: 1 0x00000000800054ce (0x03aaf9bb) x19 0x0000000000000008
core   0: 0x00000000800054d2 (0x01fb559b) srliw   a1, s6, 31
core   0: 1 0x00000000800054d2 (0x01fb559b) x11 0x0000000000000000
core   0: 0x00000000800054d6 (0x014b5633) srl     a2, s6, s4
core   0: 1 0x00000000800054d6 (0x014b5633) x12 0x0000000000000000
core   0: 0x00000000800054da (0xbbd82297) auipc   t0, 0xbbd82
core   0: 1 0x00000000800054da (0xbbd82297) x5  0x000000003bd874da
core   0: 0x00000000800054de (0xd235f4d3) fcvt.d.lu fs1, a1
core   0: 1 0x00000000800054de (0xd235f4d3) f9  0x0000000000000000
core   0: 0x00000000800054e2 (0x22697043) fmadd.d ft0, fs2, ft6, ft4
core   0: 1 0x00000000800054e2 (0x22697043) f0  0x7ff8000000000000
core   0: 0x00000000800054e6 (0x41b2d69b) sraiw   a3, t0, 27
core   0: 1 0x00000000800054e6 (0x41b2d69b) x13 0x0000000000000007
core   0: 0x00000000800054ea (0x00000001) c.nop
core   0: 1 0x00000000800054ea (0x0001)
core   0: 0x00000000800054ec (0x229882d3) fsgnj.d ft5, fa7, fs1
core   0: 1 0x00000000800054ec (0x229882d3) f5  0x7ff8000000000000
core   0: 0x00000000800054f0 (0x4028da3b) sraw    s4, a7, sp
core   0: 1 0x00000000800054f0 (0x4028da3b) x20 0xffffffffffffffff
core   0: 0x00000000800054f4 (0x5a007c53) fsqrt.d fs8, ft0
core   0: 1 0x00000000800054f4 (0x5a007c53) f24 0x7ff8000000000000
core   0: 0x00000000800054f8 (0x00091d93) slli    s11, s2, 0
core   0: 1 0x00000000800054f8 (0x00091d93) x27 0xfffffffffffff811
core   0: 0x00000000800054fc (0xc238fcd3) fcvt.lu.d s9, fa7
core   0: 1 0x00000000800054fc (0xc238fcd3) c1_fflags 0x0000000000000014 x25 0xffffffffffffffff
core   0: 0x0000000080005500 (0x4004d993) srai    s3, s1, 0
core   0: 1 0x0000000080005500 (0x4004d993) x19 0x7fffffffffffffff
core   0: 0x0000000080005504 (0x01a686bb) addw    a3, a3, s10
core   0: 1 0x0000000080005504 (0x01a686bb) x13 0x0000000000000018
core   0: 0x0000000080005508 (0x401c7cd3) fcvt.s.d fs9, fs8
core   0: 1 0x0000000080005508 (0x401c7cd3) f25 0xffffffff7fc00000
core   0: 0x000000008000550c (0x0317f433) remu    s0, a5, a7
core   0: 1 0x000000008000550c (0x0317f433) x8  0x0000000000000000
core   0: 0x0000000080005510 (0x8e0c7393) andi    t2, s8, -1824
core   0: 1 0x0000000080005510 (0x8e0c7393) x7  0x0000000000000000
core   0: 0x0000000080005514 (0x224b2253) fsgnjx.d ft4, fs6, ft4
core   0: 1 0x0000000080005514 (0x224b2253) f4  0x7ff8000000000000
core   0: 0x0000000080005518 (0x0007d313) srli    t1, a5, 0
core   0: 1 0x0000000080005518 (0x0007d313) x6  0x0000000000000000
core   0: 0x000000008000551c (0x03632733) mulhsu  a4, t1, s6
core   0: 1 0x000000008000551c (0x03632733) x14 0x0000000000000000
core   0: 0x0000000080005520 (0x038482bb) mulw    t0, s1, s8
core   0: 1 0x0000000080005520 (0x038482bb) x5  0x0000000000000000
core   0: 0x0000000080005524 (0x023afacf) fnmadd.d fs5, fs5, ft3, ft0
core   0: 1 0x0000000080005524 (0x023afacf) f21 0x7ff8000000000000
core   0: 0x0000000080005528 (0x0ff0000f) fence   iorw,iorw
core   0: 1 0x0000000080005528 (0x0ff0000f)
core   0: 0x000000008000552c (0x02e92333) mulhsu  t1, s2, a4
core   0: 1 0x000000008000552c (0x02e92333) x6  0x0000000000000000
core   0: 0x0000000080005530 (0xc03d7253) fcvt.lu.s tp, fs10
core   0: 1 0x0000000080005530 (0xc03d7253) x4  0x0000000000000001
core   0: 0x0000000080005534 (0xd0337153) fcvt.s.lu ft2, t1
core   0: 1 0x0000000080005534 (0xd0337153) f2  0xffffffff00000000
core   0: 0x0000000080005538 (0xf112da73) csrrwi  s4, mvendorid, 5
core   0: exception trap_illegal_instruction, epc 0x0000000080005538
core   0:           tval 0x00000000f112da73
core   0: >>>>  $xrv64i2p1_m2p0_a2p1_f2p2_d2p2_zicsr2p0_zifencei2p0_zmmul1p0_zba1p0_zbb1p0_zbc1p0_zbs1p0
core   0: 0x0000000080004000 (0x0080006f) j       pc + 0x8
core   0: 3 0x0000000080004000 (0x0080006f)
core   0: >>>>  mmode_exception_handler
core   0: 0x0000000080004008 (0x00002c17) auipc   s8, 0x2
core   0: 3 0x0000000080004008 (0x00002c17) x24 0x0000000080006008
core   0: 0x000000008000400c (0x0d6c0c13) addi    s8, s8, 214
core   0: 3 0x000000008000400c (0x0d6c0c13) x24 0x00000000800060de
core   0: 0x0000000080004010 (0x000c00e7) jalr    s8
core   0: 3 0x0000000080004010 (0x000c00e7) x1  0x0000000080004014
core   0: >>>>  any_handler
core   0: 0x00000000800060de (0x341027f3) csrrs   a5, mepc, zero
core   0: 3 0x00000000800060de (0x341027f3) x15 0x0000000080005538
core   0: 0x00000000800060e2 (0x34202773) csrrs   a4, mcause, zero
core   0: 3 0x00000000800060e2 (0x34202773) x14 0x0000000000000002
core   0: 0x00000000800060e6 (0x142026f3) csrrs   a3, scause, zero
core   0: 3 0x00000000800060e6 (0x142026f3) x13 0x0000000000000000
core   0: 0x00000000800060ea (0x30402673) csrrs   a2, mie, zero
core   0: 3 0x00000000800060ea (0x30402673) x12 0x0000000000000a00
core   0: 0x00000000800060ee (0x344025f3) csrrs   a1, mip, zero
core   0: 3 0x00000000800060ee (0x344025f3) x11 0x0000000000000080
core   0: 0x00000000800060f2 (0x343025f3) csrrs   a1, mtval, zero
core   0: 3 0x00000000800060f2 (0x343025f3) x11 0x00000000f112da73
core   0: 0x00000000800060f6 (0x14302573) csrrs   a0, stval, zero
core   0: 3 0x00000000800060f6 (0x14302573) x10 0x0000000000000000
core   0: 0x00000000800060fa (0xb02024f3) csrrs   s1, minstret, zero
core   0: 3 0x00000000800060fa (0xb02024f3) x9  0x0000000000000f53
core   0: 0x00000000800060fe (0x0000a811) c.j     pc + 20
core   0: 3 0x00000000800060fe (0xa811)
core   0: >>>>  mepc_4
core   0: 0x0000000080006112 (0x00000791) c.addi  a5, 4
core   0: 3 0x0000000080006112 (0x0791) x15 0x000000008000553c
core   0: 0x0000000080006114 (0x34179073) csrrw   zero, mepc, a5
core   0: 3 0x0000000080006114 (0x34179073) c833_mepc 0x000000008000553c
core   0: 0x0000000080006118 (0x30200073) mret
core   0: 3 0x0000000080006118 (0x30200073) c768_mstatus 0x8000000a00106080
core   0: 0x000000008000553c (0x401ad61b) sraiw   a2, s5, 1
core   0: 1 0x000000008000553c (0x401ad61b) x12 0x000000003fffffff
core   0: 0x0000000080005540 (0xb2927b47) fmsub.d fs6, ft4, fs1, fs6
core   0: 1 0x0000000080005540 (0xb2927b47) f22 0x7ff8000000000000
core   0: 0x0000000080005544 (0xdc88b197) auipc   gp, 0xdc88b
core   0: 1 0x0000000080005544 (0xdc88b197) x3  0x000000005c890544
core   0: 0x0000000080005548 (0x00000001) c.nop
core   0: 1 0x0000000080005548 (0x0001)
core   0: 0x000000008000554a (0x234a0953) fsgnj.d fs2, fs4, fs4
core   0: 1 0x000000008000554a (0x234a0953) f18 0x7ff8000000000000
core   0: 0x000000008000554e (0x0a7f6897) auipc   a7, 0xa7f6
core   0: 1 0x000000008000554e (0x0a7f6897) x17 0x000000008a7fb54e
core   0: 0x0000000080005552 (0x02c1e5b3) rem     a1, gp, a2
core   0: 1 0x0000000080005552 (0x02c1e5b3) x11 0x000000001c890545
core   0: 0x0000000080005556 (0xf2058ed3) fmv.d.x ft9, a1
core   0: 1 0x0000000080005556 (0xf2058ed3) f29 0x000000001c890545
core   0: 0x000000008000555a (0x01229833) sll     a6, t0, s2
core   0: 1 0x000000008000555a (0x01229833) x16 0x0000000000000000
core   0: 0x000000008000555e (0xf20d0b53) fmv.d.x fs6, s10
core   0: 1 0x000000008000555e (0xf20d0b53) f22 0x0000000000000011
core   0: 0x0000000080005562 (0x00a3d613) srli    a2, t2, 10
core   0: 1 0x0000000080005562 (0x00a3d613) x12 0x0000000000000000
core   0: 0x0000000080005566 (0xa3d6a353) feq.d   t1, fa3, ft9
core   0: 1 0x0000000080005566 (0xa3d6a353) x6  0x0000000000000000
core   0: 0x000000008000556a (0x026606b3) mul     a3, a2, t1
core   0: 1 0x000000008000556a (0x026606b3) x13 0x0000000000000000
core   0: 0x000000008000556e (0xd2247053) fcvt.d.l ft0, s0
core   0: 1 0x000000008000556e (0xd2247053) f0  0x0000000000000000
core   0: 0x0000000080005572 (0x022c59bb) divuw   s3, s8, sp
core   0: 1 0x0000000080005572 (0x022c59bb) x19 0xffffffffffffffff
core   0: 0x0000000080005576 (0x01b25613) srli    a2, tp, 27
core   0: 1 0x0000000080005576 (0x01b25613) x12 0x0000000000000000
core   0: 0x000000008000557a (0x00bdf5b3) and     a1, s11, a1
core   0: 1 0x000000008000557a (0x00bdf5b3) x11 0x000000001c890001
core   0: 0x000000008000557e (0xc2207053) fcvt.l.d zero, ft0
core   0: 1 0x000000008000557e (0xc2207053)
core   0: 0x0000000080005582 (0x40da5e3b) sraw    t3, s4, a3
core   0: 1 0x0000000080005582 (0x40da5e3b) x28 0xffffffffffffffff
core   0: 0x0000000080005586 (0x03c049b3) div     s3, zero, t3
core   0: 1 0x0000000080005586 (0x03c049b3) x19 0x0000000000000000
core   0: 0x000000008000558a (0x4179d1b3) sra     gp, s3, s7
core   0: 1 0x000000008000558a (0x4179d1b3) x3  0x0000000000000000
core   0: 0x000000008000558e (0xa2400053) fle.d   zero, ft0, ft4
core   0: 1 0x000000008000558e (0xa2400053) c1_fflags 0x0000000000000014
core   0: 0x0000000080005592 (0x024b7b53) fadd.d  fs6, fs6, ft4
core   0: 1 0x0000000080005592 (0x024b7b53) f22 0x7ff8000000000000
core   0: 0x0000000080005596 (0x00101413) slli    s0, zero, 1
core   0: 1 0x0000000080005596 (0x00101413) x8  0x0000000000000000
core   0: 0x000000008000559a (0x226fa653) fsgnjx.d fa2, ft11, ft6
core   0: 1 0x000000008000559a (0x226fa653) f12 0x7ff8000000000000
core   0: 0x000000008000559e (0xe7438b9b) addiw   s7, t2, -396
core   0: 1 0x000000008000559e (0xe7438b9b) x23 0xfffffffffffffe74
core   0: 0x00000000800055a2 (0x037219b3) mulh    s3, tp, s7
core   0: 1 0x00000000800055a2 (0x037219b3) x19 0xffffffffffffffff
core   0: 0x00000000800055a6 (0x41c6debb) sraw    t4, a3, t3
core   0: 1 0x00000000800055a6 (0x41c6debb) x29 0x0000000000000000
core   0: 0x00000000800055aa (0x5a0b71d3) fsqrt.d ft3, fs6
core   0: 1 0x00000000800055aa (0x5a0b71d3) f3  0x7ff8000000000000
core   0: 0x00000000800055ae (0x006017b3) sll     a5, zero, t1
core   0: 1 0x00000000800055ae (0x006017b3) x15 0x0000000000000000
core   0: 0x00000000800055b2 (0x9a59f047) fmsub.d ft0, fs3, ft5, fs3
core   0: 1 0x00000000800055b2 (0x9a59f047) f0  0x7ff8000000000000
core   0: 0x00000000800055b6 (0xa2ea8153) fle.d   sp, fs5, fa4
core   0: 1 0x00000000800055b6 (0xa2ea8153) c1_fflags 0x0000000000000014 x2  0x0000000000000000
core   0: 0x00000000800055ba (0x0128ca33) xor     s4, a7, s2
core   0: 1 0x00000000800055ba (0x0128ca33) x20 0xffffffff75804d5f
core   0: 0x00000000800055be (0x22730553) fsgnj.d fa0, ft6, ft7
core   0: 1 0x00000000800055be (0x22730553) f10 0x7ff8000000000000
core   0: 0x00000000800055c2 (0x0006973b) sllw    a4, a3, zero
core   0: 1 0x00000000800055c2 (0x0006973b) x14 0x0000000000000000
core   0: 0x00000000800055c6 (0x4000db33) sra     s6, ra, zero
core   0: 1 0x00000000800055c6 (0x4000db33) x22 0x0000000080004014
core   0: 0x00000000800055ca (0x03bb5e33) divu    t3, s6, s11
core   0: 1 0x00000000800055ca (0x03bb5e33) x28 0x0000000000000000
core   0: 0x00000000800055ce (0x0161ee33) or      t3, gp, s6
core   0: 1 0x00000000800055ce (0x0161ee33) x28 0x0000000080004014
core   0: 0x00000000800055d2 (0x02245e13) srli    t3, s0, 34
core   0: 1 0x00000000800055d2 (0x02245e13) x28 0x0000000000000000
core   0: 0x00000000800055d6 (0x2b8090d3) fmax.d  ft1, ft1, fs8
core   0: 1 0x00000000800055d6 (0x2b8090d3) f1  0x7ff8000000000000
core   0: 0x00000000800055da (0x23a12953) fsgnjx.d fs2, ft2, fs10
core   0: 1 0x00000000800055da (0x23a12953) f18 0x7fffffff00000000
core   0: 0x00000000800055de (0x034b2333) mulhsu  t1, s6, s4
core   0: 1 0x00000000800055de (0x034b2333) x6  0x0000000080004013
core   0: 0x00000000800055e2 (0x0064993b) sllw    s2, s1, t1
core   0: 1 0x00000000800055e2 (0x0064993b) x18 0x000000007a980000
core   0: 0x00000000800055e6 (0xa8ab9b37) lui     s6, 0xa8ab9
core   0: 1 0x00000000800055e6 (0xa8ab9b37) x22 0xffffffffa8ab9000
core   0: 0x00000000800055ea (0x410988b3) sub     a7, s3, a6
core   0: 1 0x00000000800055ea (0x410988b3) x17 0xffffffffffffffff
core   0: 0x00000000800055ee (0xc2157753) fcvt.wu.d a4, fa0
core   0: 1 0x00000000800055ee (0xc2157753) c1_fflags 0x0000000000000014 x14 0xffffffffffffffff
core   0: 0x00000000800055f2 (0x1b7a77d3) fdiv.d  fa5, fs4, fs7
core   0: 1 0x00000000800055f2 (0x1b7a77d3) f15 0x7ff8000000000000
core   0: 0x00000000800055f6 (0x8a42794b) fnmsub.d fs2, ft4, ft4, fa7
core   0: 1 0x00000000800055f6 (0x8a42794b) f18 0x7ff8000000000000
core   0: 0x00000000800055fa (0x000c5c13) srli    s8, s8, 0
core   0: 1 0x00000000800055fa (0x000c5c13) x24 0x00000000800060de
core   0: 0x00000000800055fe (0x13c8f553) fmul.d  fa0, fa7, ft8
core   0: 1 0x00000000800055fe (0x13c8f553) f10 0x7ff8000000000000
core   0: 0x0000000080005602 (0x00000001) c.nop
core   0: 1 0x0000000080005602 (0x0001)
core   0: 0x0000000080005604 (0x02237d3b) remuw   s10, t1, sp
core   0: 1 0x0000000080005604 (0x02237d3b) x26 0xffffffff80004013
core   0: 0x0000000080005608 (0x400a5993) srai    s3, s4, 0
core   0: 1 0x0000000080005608 (0x400a5993) x19 0xffffffff75804d5f
core   0: 0x000000008000560c (0x225222d3) fsgnjx.d ft5, ft4, ft5
core   0: 1 0x000000008000560c (0x225222d3) f5  0x7ff8000000000000
core   0: 0x0000000080005610 (0x0033d1b3) srl     gp, t2, gp
core   0: 1 0x0000000080005610 (0x0033d1b3) x3  0x0000000000000000
core   0: 0x0000000080005614 (0x414c5c3b) sraw    s8, s8, s4
core   0: 1 0x0000000080005614 (0x414c5c3b) x24 0xffffffffffffffff
core   0: 0x0000000080005618 (0x005a52bb) srlw    t0, s4, t0
core   0: 1 0x0000000080005618 (0x005a52bb) x5  0x0000000075804d5f
core   0: 0x000000008000561c (0x4017f9d3) fcvt.s.d fs3, fa5
core   0: 1 0x000000008000561c (0x4017f9d3) f19 0xffffffff7fc00000
core   0: 0x0000000080005620 (0x79c98393) addi    t2, s3, 1948
core   0: 1 0x0000000080005620 (0x79c98393) x7  0xffffffff758054fb
core   0: 0x0000000080005624 (0x0196a6b3) slt     a3, a3, s9
core   0: 1 0x0000000080005624 (0x0196a6b3) x13 0x0000000000000000
core   0: 0x0000000080005628 (0x006d5d1b) srliw   s10, s10, 6
core   0: 1 0x0000000080005628 (0x006d5d1b) x26 0x0000000002000100
core   0: 0x000000008000562c (0x010898bb) sllw    a7, a7, a6
core   0: 1 0x000000008000562c (0x010898bb) x17 0xffffffffffffffff
core   0: 0x0000000080005630 (0x7ff00d9b) addiw   s11, zero, 2047
core   0: 1 0x0000000080005630 (0x7ff00d9b) x27 0x00000000000007ff
core   0: 0x0000000080005634 (0x03ced83b) divuw   a6, t4, t3
core   0: 1 0x0000000080005634 (0x03ced83b) x16 0xffffffffffffffff
core   0: 0x0000000080005638 (0x001318f3) csrrw   a7, fflags, t1
core   0: 1 0x0000000080005638 (0x001318f3) x17 0x0000000000000014 c1_fflags 0x0000000000000013
core   0: 0x000000008000563c (0x009506bb) addw    a3, a0, s1
core   0: 1 0x000000008000563c (0x009506bb) x13 0x0000000000000f53
core   0: 0x0000000080005640 (0x420a0a53) fcvt.d.s fs4, fs4
core   0: 1 0x0000000080005640 (0x420a0a53) f20 0x7ff8000000000000
core   0: 0x0000000080005644 (0xc2087253) fcvt.w.d tp, fa6
core   0: 1 0x0000000080005644 (0xc2087253) c1_fflags 0x0000000000000013 x4  0x000000007fffffff
core   0: 0x0000000080005648 (0x8d9d6ab7) lui     s5, 0x8d9d6
core   0: 1 0x0000000080005648 (0x8d9d6ab7) x21 0xffffffff8d9d6000
core   0: 0x000000008000564c (0x0002083b) addw    a6, tp, zero
core   0: 1 0x000000008000564c (0x0002083b) x16 0x000000007fffffff
core   0: 0x0000000080005650 (0x64b07517) auipc   a0, 0x64b07
core   0: 1 0x0000000080005650 (0x64b07517) x10 0x00000000e4b0c650
core   0: 0x0000000080005654 (0x420088d3) fcvt.d.s fa7, ft1
core   0: 1 0x0000000080005654 (0x420088d3) f17 0x7ff8000000000000
core   0: 0x0000000080005658 (0x00000001) c.nop
core   0: 1 0x0000000080005658 (0x0001)
core   0: 0x000000008000565a (0xf11867f3) csrrsi  a5, mvendorid, 16
core   0: exception trap_illegal_instruction, epc 0x000000008000565a
core   0:           tval 0x00000000f11867f3
core   0: >>>>  $xrv64i2p1_m2p0_a2p1_f2p2_d2p2_zicsr2p0_zifencei2p0_zmmul1p0_zba1p0_zbb1p0_zbc1p0_zbs1p0
core   0: 0x0000000080004000 (0x0080006f) j       pc + 0x8
core   0: 3 0x0000000080004000 (0x0080006f)
core   0: >>>>  mmode_exception_handler
core   0: 0x0000000080004008 (0x00002c17) auipc   s8, 0x2
core   0: 3 0x0000000080004008 (0x00002c17) x24 0x0000000080006008
core   0: 0x000000008000400c (0x0d6c0c13) addi    s8, s8, 214
core   0: 3 0x000000008000400c (0x0d6c0c13) x24 0x00000000800060de
core   0: 0x0000000080004010 (0x000c00e7) jalr    s8
core   0: 3 0x0000000080004010 (0x000c00e7) x1  0x0000000080004014
core   0: >>>>  any_handler
core   0: 0x00000000800060de (0x341027f3) csrrs   a5, mepc, zero
core   0: 3 0x00000000800060de (0x341027f3) x15 0x000000008000565a
core   0: 0x00000000800060e2 (0x34202773) csrrs   a4, mcause, zero
core   0: 3 0x00000000800060e2 (0x34202773) x14 0x0000000000000002
core   0: 0x00000000800060e6 (0x142026f3) csrrs   a3, scause, zero
core   0: 3 0x00000000800060e6 (0x142026f3) x13 0x0000000000000000
core   0: 0x00000000800060ea (0x30402673) csrrs   a2, mie, zero
core   0: 3 0x00000000800060ea (0x30402673) x12 0x0000000000000a00
core   0: 0x00000000800060ee (0x344025f3) csrrs   a1, mip, zero
core   0: 3 0x00000000800060ee (0x344025f3) x11 0x0000000000000080
core   0: 0x00000000800060f2 (0x343025f3) csrrs   a1, mtval, zero
core   0: 3 0x00000000800060f2 (0x343025f3) x11 0x00000000f11867f3
core   0: 0x00000000800060f6 (0x14302573) csrrs   a0, stval, zero
core   0: 3 0x00000000800060f6 (0x14302573) x10 0x0000000000000000
core   0: 0x00000000800060fa (0xb02024f3) csrrs   s1, minstret, zero
core   0: 3 0x00000000800060fa (0xb02024f3) x9  0x0000000000000fac
core   0: 0x00000000800060fe (0x0000a811) c.j     pc + 20
core   0: 3 0x00000000800060fe (0xa811)
core   0: >>>>  mepc_4
core   0: 0x0000000080006112 (0x00000791) c.addi  a5, 4
core   0: 3 0x0000000080006112 (0x0791) x15 0x000000008000565e
core   0: 0x0000000080006114 (0x34179073) csrrw   zero, mepc, a5
core   0: 3 0x0000000080006114 (0x34179073) c833_mepc 0x000000008000565e
core   0: 0x0000000080006118 (0x30200073) mret
core   0: 3 0x0000000080006118 (0x30200073) c768_mstatus 0x8000000a00106080
core   0: 0x000000008000565e (0x03522133) mulhsu  sp, tp, s5
core   0: 1 0x000000008000565e (0x03522133) x2  0x000000007ffffffe
core   0: 0x0000000080005662 (0xc038f3d3) fcvt.lu.s t2, fa7
core   0: 1 0x0000000080005662 (0xc038f3d3) c1_fflags 0x0000000000000013 x7  0xffffffffffffffff
core   0: 0x0000000080005666 (0x08e4041b) addiw   s0, s0, 142
core   0: 1 0x0000000080005666 (0x08e4041b) x8  0x000000000000008e
core   0: 0x000000008000566a (0x417e5bbb) sraw    s7, t3, s7
core   0: 1 0x000000008000566a (0x417e5bbb) x23 0x0000000000000000
core   0: 0x000000008000566e (0x000032fd) c.addiw t0, -1
core   0: 1 0x000000008000566e (0x32fd) x5  0x0000000075804d5e
core   0: 0x0000000080005670 (0x40565e33) sra     t3, a2, t0
core   0: 1 0x0000000080005670 (0x40565e33) x28 0x0000000000000000
core   0: 0x0000000080005674 (0x0209b2b3) mulhu   t0, s3, zero
core   0: 1 0x0000000080005674 (0x0209b2b3) x5  0x0000000000000000
core   0: 0x0000000080005678 (0x00000001) c.nop
core   0: 1 0x0000000080005678 (0x0001)
core   0: 0x000000008000567a (0x034d3a33) mulhu   s4, s10, s4
core   0: 1 0x000000008000567a (0x034d3a33) x20 0x00000000020000ff
core   0: 0x000000008000567e (0x00761dbb) sllw    s11, a2, t2
core   0: 1 0x000000008000567e (0x00761dbb) x27 0x0000000000000000
core   0: 0x0000000080005682 (0xd2048b53) fcvt.d.w fs6, s1
core   0: 1 0x0000000080005682 (0xd2048b53) f22 0x40af580000000000
core   0: 0x0000000080005686 (0xb2a67bcf) fnmadd.d fs7, fa2, fa0, fs6
core   0: 1 0x0000000080005686 (0xb2a67bcf) f23 0x7ff8000000000000
core   0: 0x000000008000568a (0x13cbf3d3) fmul.d  ft7, fs7, ft8
core   0: 1 0x000000008000568a (0x13cbf3d3) f7  0x7ff8000000000000
core   0: 0x000000008000568e (0x42050f53) fcvt.d.s ft10, fa0
core   0: 1 0x000000008000568e (0x42050f53) f30 0x7ff8000000000000
core   0: 0x0000000080005692 (0x0148943b) sllw    s0, a7, s4
core   0: 1 0x0000000080005692 (0x0148943b) x8  0x0000000000000000
core   0: 0x0000000080005696 (0x40618a33) sub     s4, gp, t1
core   0: 1 0x0000000080005696 (0x40618a33) x20 0xffffffff7fffbfed
core   0: 0x000000008000569a (0xc233f1d3) fcvt.lu.d gp, ft7
core   0: 1 0x000000008000569a (0xc233f1d3) c1_fflags 0x0000000000000013 x3  0xffffffffffffffff
core   0: 0x000000008000569e (0x2a061053) fmax.d  ft0, fa2, ft0
core   0: 1 0x000000008000569e (0x2a061053) f0  0x7ff8000000000000
core   0: 0x00000000800056a2 (0x0236c6bb) divw    a3, a3, gp
core   0: 1 0x00000000800056a2 (0x0236c6bb) x13 0x0000000000000000
core   0: 0x00000000800056a6 (0x00009c21) c.addw  s0, s0
core   0: 1 0x00000000800056a6 (0x9c21) x8  0x0000000000000000
core   0: 0x00000000800056a8 (0xded47493) andi    s1, s0, -531
core   0: 1 0x00000000800056a8 (0xded47493) x9  0x0000000000000000
core   0: 0x00000000800056ac (0x404d513b) sraw    sp, s10, tp
core   0: 1 0x00000000800056ac (0x404d513b) x2  0x0000000000000000
core   0: 0x00000000800056b0 (0xc222fb53) fcvt.l.d s6, ft5
core   0: 1 0x00000000800056b0 (0xc222fb53) c1_fflags 0x0000000000000013 x22 0x7fffffffffffffff
core   0: 0x00000000800056b4 (0x00000001) c.nop
core   0: 1 0x00000000800056b4 (0x0001)
core   0: 0x00000000800056b6 (0xc02a78d3) fcvt.l.s a7, fs4
core   0: 1 0x00000000800056b6 (0xc02a78d3) c1_fflags 0x0000000000000013 x17 0x7fffffffffffffff
core   0: 0x00000000800056ba (0xa2c68bd3) fle.d   s7, fa3, fa2
core   0: 1 0x00000000800056ba (0xa2c68bd3) c1_fflags 0x0000000000000013 x23 0x0000000000000000
core   0: 0x00000000800056be (0x002b9af3) csrrw   s5, frm, s7
core   0: 1 0x00000000800056be (0x002b9af3) x21 0x0000000000000000 c2_frm 0x0000000000000000
core   0: 0x00000000800056c2 (0x006a971b) slliw   a4, s5, 6
core   0: 1 0x00000000800056c2 (0x006a971b) x14 0x0000000000000000
core   0: 0x00000000800056c6 (0x0005109b) slliw   ra, a0, 0
core   0: 1 0x00000000800056c6 (0x0005109b) x1  0x0000000000000000
core   0: 0x00000000800056ca (0xd2070853) fcvt.d.w fa6, a4
core   0: 1 0x00000000800056ca (0xd2070853) f16 0x0000000000000000
core   0: 0x00000000800056ce (0x002c9b33) sll     s6, s9, sp
core   0: 1 0x00000000800056ce (0x002c9b33) x22 0xffffffffffffffff
core   0: 0x00000000800056d2 (0x000ddc9b) srliw   s9, s11, 0
core   0: 1 0x00000000800056d2 (0x000ddc9b) x25 0x0000000000000000
core   0: 0x00000000800056d6 (0xd2397c53) fcvt.d.lu fs8, s2
core   0: 1 0x00000000800056d6 (0xd2397c53) f24 0x41dea60000000000
core   0: 0x00000000800056da (0x0ff0000f) fence   iorw,iorw
core   0: 1 0x00000000800056da (0x0ff0000f)
core   0: 0x00000000800056de (0x017d9bb3) sll     s7, s11, s7
core   0: 1 0x00000000800056de (0x017d9bb3) x23 0x0000000000000000
core   0: 0x00000000800056e2 (0xb1410b37) lui     s6, 0xb1410
core   0: 1 0x00000000800056e2 (0xb1410b37) x22 0xffffffffb1410000
core   0: 0x00000000800056e6 (0x9e126237) lui     tp, 0x9e126
core   0: 1 0x00000000800056e6 (0x9e126237) x4  0xffffffff9e126000
core   0: 0x00000000800056ea (0x2a210a53) fmin.d  fs4, ft2, ft2
core   0: 1 0x00000000800056ea (0x2a210a53) f20 0x7ff8000000000000
core   0: 0x00000000800056ee (0x022c9b33) mulh    s6, s9, sp
core   0: 1 0x00000000800056ee (0x022c9b33) x22 0x0000000000000000
core   0: 0x00000000800056f2 (0x9e427d13) andi    s10, tp, -1564
core   0: 1 0x00000000800056f2 (0x9e427d13) x26 0xffffffff9e126000
core   0: 0x00000000800056f6 (0x8005059b) addiw   a1, a0, -2048
core   0: 1 0x00000000800056f6 (0x8005059b) x11 0xfffffffffffff800
core   0: 0x00000000800056fa (0x02d3ee3b) remw    t3, t2, a3
core   0: 1 0x00000000800056fa (0x02d3ee3b) x28 0xffffffffffffffff
core   0: 0x00000000800056fe (0xd0357ad3) fcvt.s.lu fs5, a0
core   0: 1 0x00000000800056fe (0xd0357ad3) f21 0xffffffff00000000
core   0: 0x0000000080005702 (0x9ae9fccf) fnmadd.d fs9, fs3, fa4, fs3
core   0: 1 0x0000000080005702 (0x9ae9fccf) f25 0x7ff8000000000000
core   0: 0x0000000080005706 (0x41c15533) sra     a0, sp, t3
core   0: 1 0x0000000080005706 (0x41c15533) x10 0x0000000000000000
core   0: 0x000000008000570a (0x2b588d53) fmin.d  fs10, fa7, fs5
core   0: 1 0x000000008000570a (0x2b588d53) f26 0x7ff8000000000000
core   0: 0x000000008000570e (0xc204f653) fcvt.w.d a2, fs1
core   0: 1 0x000000008000570e (0xc204f653) x12 0x0000000000000000
core   0: 0x0000000080005712 (0x72cb8813) addi    a6, s7, 1836
core   0: 1 0x0000000080005712 (0x72cb8813) x16 0x000000000000072c
core   0: 0x0000000080005716 (0x00175bb3) srl     s7, a4, ra
core   0: 1 0x0000000080005716 (0x00175bb3) x23 0x0000000000000000
core   0: 0x000000008000571a (0x13587cd3) fmul.d  fs9, fa6, fs5
core   0: 1 0x000000008000571a (0x13587cd3) f25 0x7ff8000000000000
core   0: 0x000000008000571e (0x01ba1093) slli    ra, s4, 27
core   0: 1 0x000000008000571e (0x01ba1093) x1  0xfbfffdff68000000
core   0: 0x0000000080005722 (0xd20305d3) fcvt.d.w fa1, t1
core   0: 1 0x0000000080005722 (0xd20305d3) f11 0xc1dfffeffb400000
core   0: 0x0000000080005726 (0x0036a1b3) slt     gp, a3, gp
core   0: 1 0x0000000080005726 (0x0036a1b3) x3  0x0000000000000000
core   0: 0x000000008000572a (0x22e71753) fsgnjn.d fa4, fa4, fa4
core   0: 1 0x000000008000572a (0x22e71753) f14 0x8000000000000000
core   0: 0x000000008000572e (0x03e77a4b) fnmsub.d fs4, fa4, ft10, ft0
core   0: 1 0x000000008000572e (0x03e77a4b) f20 0x7ff8000000000000
core   0: 0x0000000080005732 (0x0294fabb) remuw   s5, s1, s1
core   0: 1 0x0000000080005732 (0x0294fabb) x21 0x0000000000000000
core   0: 0x0000000080005736 (0x02bd88bb) mulw    a7, s11, a1
core   0: 1 0x0000000080005736 (0x02bd88bb) x17 0x0000000000000000
core   0: 0x000000008000573a (0x00008c21) c.xor   s0, s0
core   0: 1 0x000000008000573a (0x8c21) x8  0x0000000000000000
core   0: 0x000000008000573c (0x40aed09b) sraiw   ra, t4, 10
core   0: 1 0x000000008000573c (0x40aed09b) x1  0x0000000000000000
core   0: 0x0000000080005740 (0x8000f693) andi    a3, ra, -2048
core   0: 1 0x0000000080005740 (0x8000f693) x13 0x0000000000000000
core   0: 0x0000000080005744 (0x32d6f5c7) fmsub.d fa1, fa3, fa3, ft6
core   0: 1 0x0000000080005744 (0x32d6f5c7) f11 0x7ff8000000000000
core   0: 0x0000000080005748 (0x4019da33) sra     s4, s3, ra
core   0: 1 0x0000000080005748 (0x4019da33) x20 0xffffffff75804d5f
core   0: 0x000000008000574c (0xdaa20493) addi    s1, tp, -598
core   0: 1 0x000000008000574c (0xdaa20493) x9  0xffffffff9e125daa
core   0: 0x0000000080005750 (0x1206f04f) fnmadd.d ft0, fa3, ft0, ft2
core   0: 1 0x0000000080005750 (0x1206f04f) f0  0x7ff8000000000000
core   0: 0x0000000080005754 (0x004e193b) sllw    s2, t3, tp
core   0: 1 0x0000000080005754 (0x004e193b) x18 0xffffffffffffffff
core   0: 0x0000000080005758 (0x320263f3) csrrsi  t2, mcountinhibit, 4
core   0: exception trap_illegal_instruction, epc 0x0000000080005758
core   0:           tval 0x00000000320263f3
core   0: >>>>  $xrv64i2p1_m2p0_a2p1_f2p2_d2p2_zicsr2p0_zifencei2p0_zmmul1p0_zba1p0_zbb1p0_zbc1p0_zbs1p0
core   0: 0x0000000080004000 (0x0080006f) j       pc + 0x8
core   0: 3 0x0000000080004000 (0x0080006f)
core   0: >>>>  mmode_exception_handler
core   0: 0x0000000080004008 (0x00002c17) auipc   s8, 0x2
core   0: 3 0x0000000080004008 (0x00002c17) x24 0x0000000080006008
core   0: 0x000000008000400c (0x0d6c0c13) addi    s8, s8, 214
core   0: 3 0x000000008000400c (0x0d6c0c13) x24 0x00000000800060de
core   0: 0x0000000080004010 (0x000c00e7) jalr    s8
core   0: 3 0x0000000080004010 (0x000c00e7) x1  0x0000000080004014
core   0: >>>>  any_handler
core   0: 0x00000000800060de (0x341027f3) csrrs   a5, mepc, zero
core   0: 3 0x00000000800060de (0x341027f3) x15 0x0000000080005758
core   0: 0x00000000800060e2 (0x34202773) csrrs   a4, mcause, zero
core   0: 3 0x00000000800060e2 (0x34202773) x14 0x0000000000000002
core   0: 0x00000000800060e6 (0x142026f3) csrrs   a3, scause, zero
core   0: 3 0x00000000800060e6 (0x142026f3) x13 0x0000000000000000
core   0: 0x00000000800060ea (0x30402673) csrrs   a2, mie, zero
core   0: 3 0x00000000800060ea (0x30402673) x12 0x0000000000000a00
core   0: 0x00000000800060ee (0x344025f3) csrrs   a1, mip, zero
core   0: 3 0x00000000800060ee (0x344025f3) x11 0x0000000000000080
core   0: 0x00000000800060f2 (0x343025f3) csrrs   a1, mtval, zero
core   0: 3 0x00000000800060f2 (0x343025f3) x11 0x00000000320263f3
core   0: 0x00000000800060f6 (0x14302573) csrrs   a0, stval, zero
core   0: 3 0x00000000800060f6 (0x14302573) x10 0x0000000000000000
core   0: 0x00000000800060fa (0xb02024f3) csrrs   s1, minstret, zero
core   0: 3 0x00000000800060fa (0xb02024f3) x9  0x0000000000000ffd
core   0: 0x00000000800060fe (0x0000a811) c.j     pc + 20
core   0: 3 0x00000000800060fe (0xa811)
core   0: >>>>  mepc_4
core   0: 0x0000000080006112 (0x00000791) c.addi  a5, 4
core   0: 3 0x0000000080006112 (0x0791) x15 0x000000008000575c
core   0: 0x0000000080006114 (0x34179073) csrrw   zero, mepc, a5
core   0: 3 0x0000000080006114 (0x34179073) c833_mepc 0x000000008000575c
core   0: 0x0000000080006118 (0x30200073) mret
core   0: 3 0x0000000080006118 (0x30200073) c768_mstatus 0x8000000a00106080
core   0: 0x000000008000575c (0x40005bbb) sraw    s7, zero, zero
core   0: 1 0x000000008000575c (0x40005bbb) x23 0x0000000000000000
core   0: 0x0000000080005760 (0xf2038553) fmv.d.x fa0, t2
core   0: 1 0x0000000080005760 (0xf2038553) f10 0xffffffffffffffff
core   0: 0x0000000080005764 (0x03c7fe53) fadd.d  ft8, fa5, ft8
core   0: 1 0x0000000080005764 (0x03c7fe53) f28 0x7ff8000000000000
core   0: 0x0000000080005768 (0xf20d8053) fmv.d.x ft0, s11
core   0: 1 0x0000000080005768 (0xf20d8053) f0  0x0000000000000000
core   0: 0x000000008000576c (0x41780ab3) sub     s5, a6, s7
core   0: 1 0x000000008000576c (0x41780ab3) x21 0x000000000000072c
core   0: 0x0000000080005770 (0xfffcec93) ori     s9, s9, -1
core   0: 1 0x0000000080005770 (0xfffcec93) x25 0xffffffffffffffff
core   0: 0x0000000080005774 (0xa25572c3) fmadd.d ft5, fa0, ft5, fs4
core   0: 1 0x0000000080005774 (0xa25572c3) f5  0x7ff8000000000000
core   0: 0x0000000080005778 (0x0221f63b) remuw   a2, gp, sp
core   0: 1 0x0000000080005778 (0x0221f63b) x12 0x0000000000000000
core   0: 0x000000008000577c (0x401c76d3) fcvt.s.d fa3, fs8
core   0: 1 0x000000008000577c (0x401c76d3) f13 0xffffffff4ef53000
core   0: 0x0000000080005780 (0x02b4f5bb) remuw   a1, s1, a1
core   0: 1 0x0000000080005780 (0x02b4f5bb) x11 0x0000000000000ffd
core   0: 0x0000000080005784 (0x3c750897) auipc   a7, 0x3c750
core   0: 1 0x0000000080005784 (0x3c750897) x17 0x00000000bc755784
core   0: 0x0000000080005788 (0x033889bb) mulw    s3, a7, s3
core   0: 1 0x0000000080005788 (0x033889bb) x19 0x0000000050de2dfc
core   0: 0x000000008000578c (0x03a141bb) divw    gp, sp, s10
core   0: 1 0x000000008000578c (0x03a141bb) x3  0x0000000000000000
core   0: 0x0000000080005790 (0x0014901b) slliw   zero, s1, 1
core   0: 1 0x0000000080005790 (0x0014901b)
core   0: 0x0000000080005794 (0x037b7833) remu    a6, s6, s7
core   0: 1 0x0000000080005794 (0x037b7833) x16 0x0000000000000000
core   0: 0x0000000080005798 (0xfff36093) ori     ra, t1, -1
core   0: 1 0x0000000080005798 (0xfff36093) x1  0xffffffffffffffff
core   0: 0x000000008000579c (0x4100d8bb) sraw    a7, ra, a6
core   0: 1 0x000000008000579c (0x4100d8bb) x17 0xffffffffffffffff
core   0: 0x00000000800057a0 (0x00c62db3) slt     s11, a2, a2
core   0: 1 0x00000000800057a0 (0x00c62db3) x27 0x0000000000000000
core   0: 0x00000000800057a4 (0xf5d50b9b) addiw   s7, a0, -163
core   0: 1 0x00000000800057a4 (0xf5d50b9b) x23 0xffffffffffffff5d
core   0: 0x00000000800057a8 (0x230693d3) fsgnjn.d ft7, fa3, fa6
core   0: 1 0x00000000800057a8 (0x230693d3) f7  0xffffffff4ef53000
core   0: 0x00000000800057ac (0x413c5693) srai    a3, s8, 19
core   0: 1 0x00000000800057ac (0x413c5693) x13 0x0000000000001000
core   0: 0x00000000800057b0 (0x4135803b) subw    zero, a1, s3
core   0: 1 0x00000000800057b0 (0x4135803b)
core   0: 0x00000000800057b4 (0xc0237753) fcvt.l.s a4, ft6
core   0: 1 0x00000000800057b4 (0xc0237753) c1_fflags 0x0000000000000013 x14 0x7fffffffffffffff
core   0: 0x00000000800057b8 (0x414657b3) sra     a5, a2, s4
core   0: 1 0x00000000800057b8 (0x414657b3) x15 0x0000000000000000
core   0: 0x00000000800057bc (0x40015993) srai    s3, sp, 0
core   0: 1 0x00000000800057bc (0x40015993) x19 0x0000000000000000
core   0: 0x00000000800057c0 (0xc22cf053) fcvt.l.d zero, fs9
core   0: 1 0x00000000800057c0 (0xc22cf053) c1_fflags 0x0000000000000013
core   0: 0x00000000800057c4 (0x01799633) sll     a2, s3, s7
core   0: 1 0x00000000800057c4 (0x01799633) x12 0x0000000000000000
core   0: 0x00000000800057c8 (0x424cd293) srai    t0, s9, 36
core   0: 1 0x00000000800057c8 (0x424cd293) x5  0xffffffffffffffff
core   0: 0x00000000800057cc (0x0019579b) srliw   a5, s2, 1
core   0: 1 0x00000000800057cc (0x0019579b) x15 0x000000007fffffff
core   0: 0x00000000800057d0 (0xc80152f3) csrrwi  t0, cycleh, 2
core   0: exception trap_illegal_instruction, epc 0x00000000800057d0
core   0:           tval 0x00000000c80152f3
core   0: >>>>  $xrv64i2p1_m2p0_a2p1_f2p2_d2p2_zicsr2p0_zifencei2p0_zmmul1p0_zba1p0_zbb1p0_zbc1p0_zbs1p0
core   0: 0x0000000080004000 (0x0080006f) j       pc + 0x8
core   0: 3 0x0000000080004000 (0x0080006f)
core   0: >>>>  mmode_exception_handler
core   0: 0x0000000080004008 (0x00002c17) auipc   s8, 0x2
core   0: 3 0x0000000080004008 (0x00002c17) x24 0x0000000080006008
core   0: 0x000000008000400c (0x0d6c0c13) addi    s8, s8, 214
core   0: 3 0x000000008000400c (0x0d6c0c13) x24 0x00000000800060de
core   0: 0x0000000080004010 (0x000c00e7) jalr    s8
core   0: 3 0x0000000080004010 (0x000c00e7) x1  0x0000000080004014
core   0: >>>>  any_handler
core   0: 0x00000000800060de (0x341027f3) csrrs   a5, mepc, zero
core   0: 3 0x00000000800060de (0x341027f3) x15 0x00000000800057d0
core   0: 0x00000000800060e2 (0x34202773) csrrs   a4, mcause, zero
core   0: 3 0x00000000800060e2 (0x34202773) x14 0x0000000000000002
core   0: 0x00000000800060e6 (0x142026f3) csrrs   a3, scause, zero
core   0: 3 0x00000000800060e6 (0x142026f3) x13 0x0000000000000000
core   0: 0x00000000800060ea (0x30402673) csrrs   a2, mie, zero
core   0: 3 0x00000000800060ea (0x30402673) x12 0x0000000000000a00
core   0: 0x00000000800060ee (0x344025f3) csrrs   a1, mip, zero
core   0: 3 0x00000000800060ee (0x344025f3) x11 0x0000000000000080
core   0: 0x00000000800060f2 (0x343025f3) csrrs   a1, mtval, zero
core   0: 3 0x00000000800060f2 (0x343025f3) x11 0x00000000c80152f3
core   0: 0x00000000800060f6 (0x14302573) csrrs   a0, stval, zero
core   0: 3 0x00000000800060f6 (0x14302573) x10 0x0000000000000000
core   0: 0x00000000800060fa (0xb02024f3) csrrs   s1, minstret, zero
core   0: 3 0x00000000800060fa (0xb02024f3) x9  0x000000000000102a
core   0: 0x00000000800060fe (0x0000a811) c.j     pc + 20
core   0: 3 0x00000000800060fe (0xa811)
core   0: >>>>  mepc_4
core   0: 0x0000000080006112 (0x00000791) c.addi  a5, 4
core   0: 3 0x0000000080006112 (0x0791) x15 0x00000000800057d4
core   0: 0x0000000080006114 (0x34179073) csrrw   zero, mepc, a5
core   0: 3 0x0000000080006114 (0x34179073) c833_mepc 0x00000000800057d4
core   0: 0x0000000080006118 (0x30200073) mret
core   0: 3 0x0000000080006118 (0x30200073) c768_mstatus 0x8000000a00106080
core   0: 0x00000000800057d4 (0xcaa6f747) fmsub.d fa4, fa3, fa0, fs9
core   0: 1 0x00000000800057d4 (0xcaa6f747) f14 0x7ff8000000000000
core   0: 0x00000000800057d8 (0x80036593) ori     a1, t1, -2048
core   0: 1 0x00000000800057d8 (0x80036593) x11 0xfffffffffffff813
core   0: 0x00000000800057dc (0xa27a7a4f) fnmadd.d fs4, fs4, ft7, fs4
core   0: 1 0x00000000800057dc (0xa27a7a4f) f20 0x7ff8000000000000
core   0: 0x00000000800057e0 (0x002b1af3) csrrw   s5, frm, s6
core   0: 1 0x00000000800057e0 (0x002b1af3) x21 0x0000000000000000 c2_frm 0x0000000000000000
core   0: 0x00000000800057e4 (0x42070553) fcvt.d.s fa0, fa4
core   0: 1 0x00000000800057e4 (0x42070553) f10 0x7ff8000000000000
core   0: 0x00000000800057e8 (0x0ff0000f) fence   iorw,iorw
core   0: 1 0x00000000800057e8 (0x0ff0000f)
core   0: 0x00000000800057ec (0x01f8909b) slliw   ra, a7, 31
core   0: 1 0x00000000800057ec (0x01f8909b) x1  0xffffffff80000000
core   0: 0x00000000800057f0 (0x0ff0000f) fence   iorw,iorw
core   0: 1 0x00000000800057f0 (0x0ff0000f)
core   0: 0x00000000800057f4 (0x03948cbb) mulw    s9, s1, s9
core   0: 1 0x00000000800057f4 (0x03948cbb) x25 0xffffffffffffefd6
core   0: 0x00000000800057f8 (0x5a07f3d3) fsqrt.d ft7, fa5
core   0: 1 0x00000000800057f8 (0x5a07f3d3) f7  0x7ff8000000000000
core   0: 0x00000000800057fc (0x03b4cdb3) div     s11, s1, s11
core   0: 1 0x00000000800057fc (0x03b4cdb3) x27 0xffffffffffffffff
core   0: 0x0000000080005800 (0x00102d73) csrrs   s10, fflags, zero
core   0: 1 0x0000000080005800 (0x00102d73) x26 0x0000000000000013
core   0: 0x0000000080005804 (0xab8c75cf) fnmadd.d fa1, fs8, fs8, fs5
core   0: 1 0x0000000080005804 (0xab8c75cf) f11 0x7ff8000000000000
core   0: 0x0000000080005808 (0xa38c9253) flt.d   tp, fs9, fs8
core   0: 1 0x0000000080005808 (0xa38c9253) c1_fflags 0x0000000000000013 x4  0x0000000000000000
core   0: 0x000000008000580c (0x036c7c53) fadd.d  fs8, fs8, fs6
core   0: 1 0x000000008000580c (0x036c7c53) f24 0x41dea603eb000000
core   0: 0x0000000080005810 (0x0af67ed3) fsub.d  ft9, fa2, fa5
core   0: 1 0x0000000080005810 (0x0af67ed3) f29 0x7ff8000000000000
core   0: 0x0000000080005814 (0xeb43fa47) fmsub.d fs4, ft7, fs4, ft9
core   0: 1 0x0000000080005814 (0xeb43fa47) f20 0x7ff8000000000000
core   0: 0x0000000080005818 (0x03959c33) mulh    s8, a1, s9
core   0: 1 0x0000000080005818 (0x03959c33) x24 0x0000000000000000
core   0: 0x000000008000581c (0xa3908c9b) addiw   s9, ra, -1479
core   0: 1 0x000000008000581c (0xa3908c9b) x25 0x000000007ffffa39
core   0: 0x0000000080005820 (0x400c559b) sraiw   a1, s8, 0
core   0: 1 0x0000000080005820 (0x400c559b) x11 0x0000000000000000
core   0: 0x0000000080005824 (0xc02f7253) fcvt.l.s tp, ft10
core   0: 1 0x0000000080005824 (0xc02f7253) c1_fflags 0x0000000000000013 x4  0x7fffffffffffffff
core   0: 0x0000000080005828 (0x9048801b) addiw   zero, a7, -1788
core   0: 1 0x0000000080005828 (0x9048801b)
core   0: 0x000000008000582c (0x02647db3) remu    s11, s0, t1
core   0: 1 0x000000008000582c (0x02647db3) x27 0x0000000000000000
core   0: 0x0000000080005830 (0x00000001) c.nop
core   0: 1 0x0000000080005830 (0x0001)
core   0: 0x0000000080005832 (0x224d9853) fsgnjn.d fa6, fs11, ft4
core   0: 1 0x0000000080005832 (0x224d9853) f16 0xfff8000000000000
core   0: 0x0000000080005836 (0x012dccb3) xor     s9, s11, s2
core   0: 1 0x0000000080005836 (0x012dccb3) x25 0xffffffffffffffff
core   0: 0x000000008000583a (0x03fcdc93) srli    s9, s9, 63
core   0: 1 0x000000008000583a (0x03fcdc93) x25 0x0000000000000001
core   0: 0x000000008000583e (0x0346b833) mulhu   a6, a3, s4
core   0: 1 0x000000008000583e (0x0346b833) x16 0x0000000000000000
core   0: 0x0000000080005842 (0x0294e9bb) remw    s3, s1, s1
core   0: 1 0x0000000080005842 (0x0294e9bb) x19 0x0000000000000000
core   0: 0x0000000080005846 (0x00e4dc1b) srliw   s8, s1, 14
core   0: 1 0x0000000080005846 (0x00e4dc1b) x24 0x0000000000000000
core   0: 0x000000008000584a (0x413a8cbb) subw    s9, s5, s3
core   0: 1 0x000000008000584a (0x413a8cbb) x25 0x0000000000000000
core   0: 0x000000008000584e (0x0161951b) slliw   a0, gp, 22
core   0: 1 0x000000008000584e (0x0161951b) x10 0x0000000000000000
core   0: 0x0000000080005852 (0x033d1a33) mulh    s4, s10, s3
core   0: 1 0x0000000080005852 (0x033d1a33) x20 0x0000000000000000
core   0: 0x0000000080005856 (0x01a34b33) xor     s6, t1, s10
core   0: 1 0x0000000080005856 (0x01a34b33) x22 0x0000000080004000
core   0: 0x000000008000585a (0x0000357d) c.addiw a0, -1
core   0: 1 0x000000008000585a (0x357d) x10 0xffffffffffffffff
core   0: 0x000000008000585c (0x02787c53) fadd.d  fs8, fa6, ft7
core   0: 1 0x000000008000585c (0x02787c53) f24 0x7ff8000000000000
core   0: 0x0000000080005860 (0xe2080453) fmv.x.d s0, fa6
core   0: 1 0x0000000080005860 (0xe2080453) x8  0xfff8000000000000
core   0: 0x0000000080005864 (0x23d79353) fsgnjn.d ft6, fa5, ft9
core   0: 1 0x0000000080005864 (0x23d79353) f6  0xfff8000000000000
core   0: 0x0000000080005868 (0x00000001) c.nop
core   0: 1 0x0000000080005868 (0x0001)
core   0: 0x000000008000586a (0xc20ff553) fcvt.w.d a0, ft11
core   0: 1 0x000000008000586a (0xc20ff553) c1_fflags 0x0000000000000013 x10 0x000000007fffffff
core   0: 0x000000008000586e (0x00102b73) csrrs   s6, fflags, zero
core   0: 1 0x000000008000586e (0x00102b73) x22 0x0000000000000013
core   0: 0x0000000080005872 (0xd21b0fd3) fcvt.d.wu ft11, s6
core   0: 1 0x0000000080005872 (0xd21b0fd3) f31 0x4033000000000000
core   0: 0x0000000080005876 (0x03ad1213) slli    tp, s10, 58
core   0: 1 0x0000000080005876 (0x03ad1213) x4  0x4c00000000000000
core   0: 0x000000008000587a (0x0b4a7cd3) fsub.d  fs9, fs4, fs4
core   0: 1 0x000000008000587a (0x0b4a7cd3) f25 0x7ff8000000000000
core   0: 0x000000008000587e (0x0247c5b3) div     a1, a5, tp
core   0: 1 0x000000008000587e (0x0247c5b3) x11 0x0000000000000000
core   0: 0x0000000080005882 (0xc03a7cd3) fcvt.lu.s s9, fs4
core   0: 1 0x0000000080005882 (0xc03a7cd3) c1_fflags 0x0000000000000013 x25 0xffffffffffffffff
core   0: 0x0000000080005886 (0x14406ef3) csrrsi  t4, sip, 0
core   0: 1 0x0000000080005886 (0x14406ef3) x29 0x0000000000000000
core   0: 0x000000008000588a (0x035a97b3) mulh    a5, s5, s5
core   0: 1 0x000000008000588a (0x035a97b3) x15 0x0000000000000000
core   0: 0x000000008000588e (0x000cd71b) srliw   a4, s9, 0
core   0: 1 0x000000008000588e (0x000cd71b) x14 0xffffffffffffffff
core   0: 0x0000000080005892 (0x00000001) c.nop
core   0: 1 0x0000000080005892 (0x0001)
core   0: 0x0000000080005894 (0x222c2f53) fsgnjx.d ft10, fs8, ft2
core   0: 1 0x0000000080005894 (0x222c2f53) f30 0xfff8000000000000
core   0: 0x0000000080005898 (0x03d559b3) divu    s3, a0, t4
core   0: 1 0x0000000080005898 (0x03d559b3) x19 0xffffffffffffffff
core   0: 0x000000008000589c (0x002020f3) csrrs   ra, frm, zero
core   0: 1 0x000000008000589c (0x002020f3) x1  0x0000000000000000
core   0: 0x00000000800058a0 (0x5a0bf0d3) fsqrt.d ft1, fs7
core   0: 1 0x00000000800058a0 (0x5a0bf0d3) f1  0x7ff8000000000000
core   0: 0x00000000800058a4 (0x000094a6) c.add   s1, s1
core   0: 1 0x00000000800058a4 (0x94a6) x9  0x0000000000002054
core   0: 0x00000000800058a6 (0x0296c633) div     a2, a3, s1
core   0: 1 0x00000000800058a6 (0x0296c633) x12 0x0000000000000000
core   0: 0x00000000800058aa (0x009894b3) sll     s1, a7, s1
core   0: 1 0x00000000800058aa (0x009894b3) x9  0xfffffffffff00000
core   0: 0x00000000800058ae (0xd223fa53) fcvt.d.l fs4, t2
core   0: 1 0x00000000800058ae (0xd223fa53) f20 0xbff0000000000000
core   0: 0x00000000800058b2 (0xf3ebff4f) fnmadd.d ft10, fs7, ft10, ft10
core   0: 1 0x00000000800058b2 (0xf3ebff4f) f30 0x7ff8000000000000
core   0: 0x00000000800058b6 (0x00a64db3) xor     s11, a2, a0
core   0: 1 0x00000000800058b6 (0x00a64db3) x27 0x000000007fffffff
core   0: 0x00000000800058ba (0x41d658b3) sra     a7, a2, t4
core   0: 1 0x00000000800058ba (0x41d658b3) x17 0x0000000000000000
core   0: 0x00000000800058be (0x0172d2bb) srlw    t0, t0, s7
core   0: 1 0x00000000800058be (0x0172d2bb) x5  0x0000000000000007
core   0: 0x00000000800058c2 (0x420e0653) fcvt.d.s fa2, ft8
core   0: 1 0x00000000800058c2 (0x420e0653) f12 0x7ff8000000000000
core   0: 0x00000000800058c6 (0xc2277cd3) fcvt.l.d s9, fa4
core   0: 1 0x00000000800058c6 (0xc2277cd3) c1_fflags 0x0000000000000013 x25 0x7fffffffffffffff
core   0: 0x00000000800058ca (0x00008f39) c.xor   a4, a4
core   0: 1 0x00000000800058ca (0x8f39) x14 0x0000000000000000
core   0: 0x00000000800058cc (0x8cb17013) andi    zero, sp, -1845
core   0: 1 0x00000000800058cc (0x8cb17013)
core   0: 0x00000000800058d0 (0x2ac080d3) fmin.d  ft1, ft1, fa2
core   0: 1 0x00000000800058d0 (0x2ac080d3) f1  0x7ff8000000000000
core   0: 0x00000000800058d4 (0xd036fdd3) fcvt.s.lu fs11, a3
core   0: 1 0x00000000800058d4 (0xd036fdd3) f27 0xffffffff00000000
core   0: 0x00000000800058d8 (0x01369e3b) sllw    t3, a3, s3
core   0: 1 0x00000000800058d8 (0x01369e3b) x28 0x0000000000000000
core   0: 0x00000000800058dc (0x01c671b3) and     gp, a2, t3
core   0: 1 0x00000000800058dc (0x01c671b3) x3  0x0000000000000000
core   0: 0x00000000800058e0 (0x002a1973) csrrw   s2, frm, s4
core   0: 1 0x00000000800058e0 (0x002a1973) x18 0x0000000000000000 c2_frm 0x0000000000000000
core   0: 0x00000000800058e4 (0x420a0353) fcvt.d.s ft6, fs4
core   0: 1 0x00000000800058e4 (0x420a0353) f6  0x7ff8000000000000
core   0: 0x00000000800058e8 (0x00eea8b3) slt     a7, t4, a4
core   0: 1 0x00000000800058e8 (0x00eea8b3) x17 0x0000000000000000
core   0: 0x00000000800058ec (0x13cf79d3) fmul.d  fs3, ft10, ft8
core   0: 1 0x00000000800058ec (0x13cf79d3) f19 0x7ff8000000000000
core   0: 0x00000000800058f0 (0xc2197053) fcvt.wu.d zero, fs2
core   0: 1 0x00000000800058f0 (0xc2197053) c1_fflags 0x0000000000000013
core   0: 0x00000000800058f4 (0x41115b3b) sraw    s6, sp, a7
core   0: 1 0x00000000800058f4 (0x41115b3b) x22 0x0000000000000000
core   0: 0x00000000800058f8 (0x004c823b) addw    tp, s9, tp
core   0: 1 0x00000000800058f8 (0x004c823b) x4  0xffffffffffffffff
core   0: 0x00000000800058fc (0x5a09f653) fsqrt.d fa2, fs3
core   0: 1 0x00000000800058fc (0x5a09f653) f12 0x7ff8000000000000
core   0: 0x0000000080005900 (0x41460a3b) subw    s4, a2, s4
core   0: 1 0x0000000080005900 (0x41460a3b) x20 0x0000000000000000
core   0: 0x0000000080005904 (0xc229f853) fcvt.l.d a6, fs3
core   0: 1 0x0000000080005904 (0xc229f853) c1_fflags 0x0000000000000013 x16 0x7fffffffffffffff
core   0: 0x0000000080005908 (0x405d51bb) sraw    gp, s10, t0
core   0: 1 0x0000000080005908 (0x405d51bb) x3  0x0000000000000000
core   0: 0x000000008000590c (0x03199c13) slli    s8, s3, 49
core   0: 1 0x000000008000590c (0x03199c13) x24 0xfffe000000000000
core   0: 0x0000000080005910 (0x01375733) srl     a4, a4, s3
core   0: 1 0x0000000080005910 (0x01375733) x14 0x0000000000000000
core   0: 0x0000000080005914 (0xc02070d3) fcvt.l.s ra, ft0
core   0: 1 0x0000000080005914 (0xc02070d3) c1_fflags 0x0000000000000013 x1  0x7fffffffffffffff
core   0: 0x0000000080005918 (0xce48e9b7) lui     s3, 0xce48e
core   0: 1 0x0000000080005918 (0xce48e9b7) x19 0xffffffffce48e000
core   0: 0x000000008000591c (0xd029f153) fcvt.s.l ft2, s3
core   0: 1 0x000000008000591c (0xd029f153) f2  0xffffffffce46dc80
core   0: 0x0000000080005920 (0x00309c13) slli    s8, ra, 3
core   0: 1 0x0000000080005920 (0x00309c13) x24 0xfffffffffffffff8
core   0: 0x0000000080005924 (0xe20c0353) fmv.x.d t1, fs8
core   0: 1 0x0000000080005924 (0xe20c0353) x6  0x7ff8000000000000
core   0: 0x0000000080005928 (0x02f85833) divu    a6, a6, a5
core   0: 1 0x0000000080005928 (0x02f85833) x16 0xffffffffffffffff
core   0: 0x000000008000592c (0x00c18cbb) addw    s9, gp, a2
core   0: 1 0x000000008000592c (0x00c18cbb) x25 0x0000000000000000
core   0: 0x0000000080005930 (0x001b1b73) csrrw   s6, fflags, s6
core   0: 1 0x0000000080005930 (0x001b1b73) x22 0x0000000000000013 c1_fflags 0x0000000000000000
core   0: 0x0000000080005934 (0xc2157ad3) fcvt.wu.d s5, fa0
core   0: 1 0x0000000080005934 (0xc2157ad3) c1_fflags 0x0000000000000010 x21 0xffffffffffffffff
core   0: 0x0000000080005938 (0x7ffa8b13) addi    s6, s5, 2047
core   0: 1 0x0000000080005938 (0x7ffa8b13) x22 0x00000000000007fe
core   0: 0x000000008000593c (0x004be233) or      tp, s7, tp
core   0: 1 0x000000008000593c (0x004be233) x4  0xffffffffffffffff
core   0: 0x0000000080005940 (0xf2038ad3) fmv.d.x fs5, t2
core   0: 1 0x0000000080005940 (0xf2038ad3) f21 0xffffffffffffffff
core   0: 0x0000000080005944 (0x00000001) c.nop
core   0: 1 0x0000000080005944 (0x0001)
core   0: 0x0000000080005946 (0x03d48eb3) mul     t4, s1, t4
core   0: 1 0x0000000080005946 (0x03d48eb3) x29 0x0000000000000000
core   0: 0x000000008000594a (0x0b63fed3) fsub.d  ft9, ft7, fs6
core   0: 1 0x000000008000594a (0x0b63fed3) f29 0x7ff8000000000000
core   0: 0x000000008000594e (0xc203f453) fcvt.w.d s0, ft7
core   0: 1 0x000000008000594e (0xc203f453) c1_fflags 0x0000000000000010 x8  0x000000007fffffff
core   0: 0x0000000080005952 (0xd21d8c53) fcvt.d.wu fs8, s11
core   0: 1 0x0000000080005952 (0xd21d8c53) f24 0x41dfffffffc00000
core   0: 0x0000000080005956 (0xc20bfe53) fcvt.w.d t3, fs7
core   0: 1 0x0000000080005956 (0xc20bfe53) c1_fflags 0x0000000000000010 x28 0x000000007fffffff
core   0: 0x000000008000595a (0x22c2724f) fnmadd.d ft4, ft4, fa2, ft4
core   0: 1 0x000000008000595a (0x22c2724f) f4  0x7ff8000000000000
core   0: 0x000000008000595e (0x00fac433) xor     s0, s5, a5
core   0: 1 0x000000008000595e (0x00fac433) x8  0xffffffffffffffff
core   0: 0x0000000080005962 (0xd330c693) xori    a3, ra, -717
core   0: 1 0x0000000080005962 (0xd330c693) x13 0x80000000000002cc
core   0: 0x0000000080005966 (0x00d9563b) srlw    a2, s2, a3
core   0: 1 0x0000000080005966 (0x00d9563b) x12 0x0000000000000000
core   0: 0x000000008000596a (0x0009531b) srliw   t1, s2, 0
core   0: 1 0x000000008000596a (0x0009531b) x6  0x0000000000000000
core   0: 0x000000008000596e (0x006259b3) srl     s3, tp, t1
core   0: 1 0x000000008000596e (0x006259b3) x19 0xffffffffffffffff
core   0: 0x0000000080005972 (0x40f0003b) subw    zero, zero, a5
core   0: 1 0x0000000080005972 (0x40f0003b)
core   0: 0x0000000080005976 (0x0298c63b) divw    a2, a7, s1
core   0: 1 0x0000000080005976 (0x0298c63b) x12 0x0000000000000000
core   0: 0x000000008000597a (0xd20209d3) fcvt.d.w fs3, tp
core   0: 1 0x000000008000597a (0xd20209d3) f19 0xbff0000000000000
core   0: 0x000000008000597e (0x03c250b3) divu    ra, tp, t3
core   0: 1 0x000000008000597e (0x03c250b3) x1  0x0000000200000004
core   0: 0x0000000080005982 (0x002c6713) ori     a4, s8, 2
core   0: 1 0x0000000080005982 (0x002c6713) x14 0xfffffffffffffffa
core   0: 0x0000000080005986 (0x9039ee93) ori     t4, s3, -1789
core   0: 1 0x0000000080005986 (0x9039ee93) x29 0xffffffffffffffff
core   0: 0x000000008000598a (0xa3a20453) fle.d   s0, ft4, fs10
core   0: 1 0x000000008000598a (0xa3a20453) c1_fflags 0x0000000000000010 x8  0x0000000000000000
core   0: 0x000000008000598e (0x4197d33b) sraw    t1, a5, s9
core   0: 1 0x000000008000598e (0x4197d33b) x6  0x0000000000000000
core   0: 0x0000000080005992 (0x000e1113) slli    sp, t3, 0
core   0: 1 0x0000000080005992 (0x000e1113) x2  0x000000007fffffff
core   0: 0x0000000080005996 (0x02690e33) mul     t3, s2, t1
core   0: 1 0x0000000080005996 (0x02690e33) x28 0x0000000000000000
core   0: 0x000000008000599a (0x021cf933) remu    s2, s9, ra
core   0: 1 0x000000008000599a (0x021cf933) x18 0x0000000000000000
core   0: 0x000000008000599e (0xa0b08c93) addi    s9, ra, -1525
core   0: 1 0x000000008000599e (0xa0b08c93) x25 0x00000001fffffa0f
core   0: 0x00000000800059a2 (0x01d1933b) sllw    t1, gp, t4
core   0: 1 0x00000000800059a2 (0x01d1933b) x6  0x0000000000000000
core   0: 0x00000000800059a6 (0xd229f3d3) fcvt.d.l ft7, s3
core   0: 1 0x00000000800059a6 (0xd229f3d3) f7  0xbff0000000000000
core   0: 0x00000000800059aa (0x005362b3) or      t0, t1, t0
core   0: 1 0x00000000800059aa (0x005362b3) x5  0x0000000000000007
core   0: 0x00000000800059ae (0x23292ad3) fsgnjx.d fs5, fs2, fs2
core   0: 1 0x00000000800059ae (0x23292ad3) f21 0x7ff8000000000000
core   0: 0x00000000800059b2 (0x01aa1a93) slli    s5, s4, 26
core   0: 1 0x00000000800059b2 (0x01aa1a93) x21 0x0000000000000000
core   0: 0x00000000800059b6 (0x03dc013b) mulw    sp, s8, t4
core   0: 1 0x00000000800059b6 (0x03dc013b) x2  0x0000000000000008
core   0: 0x00000000800059ba (0x42020353) fcvt.d.s ft6, ft4
core   0: 1 0x00000000800059ba (0x42020353) f6  0x7ff8000000000000
core   0: 0x00000000800059be (0x4021013b) subw    sp, sp, sp
core   0: 1 0x00000000800059be (0x4021013b) x2  0x0000000000000000
core   0: 0x00000000800059c2 (0x22912e53) fsgnjx.d ft8, ft2, fs1
core   0: 1 0x00000000800059c2 (0x22912e53) f28 0xffffffffce46dc80
core   0: 0x00000000800059c6 (0x583c7637) lui     a2, 0x583c7
core   0: 1 0x00000000800059c6 (0x583c7637) x12 0x00000000583c7000
core   0: 0x00000000800059ca (0x03d7b5b3) mulhu   a1, a5, t4
core   0: 1 0x00000000800059ca (0x03d7b5b3) x11 0x0000000000000000
core   0: 0x00000000800059ce (0x00374a33) xor     s4, a4, gp
core   0: 1 0x00000000800059ce (0x00374a33) x20 0xfffffffffffffffa
core   0: 0x00000000800059d2 (0x4006d693) srai    a3, a3, 0
core   0: 1 0x00000000800059d2 (0x4006d693) x13 0x80000000000002cc
core   0: 0x00000000800059d6 (0x0008ee13) ori     t3, a7, 0
core   0: 1 0x00000000800059d6 (0x0008ee13) x28 0x0000000000000000
core   0: 0x00000000800059da (0xede0859b) addiw   a1, ra, -290
core   0: 1 0x00000000800059da (0xede0859b) x11 0xfffffffffffffee2
core   0: 0x00000000800059de (0x1b6378d3) fdiv.d  fa7, ft6, fs6
core   0: 1 0x00000000800059de (0x1b6378d3) f17 0x7ff8000000000000
core   0: 0x00000000800059e2 (0x418257bb) sraw    a5, tp, s8
core   0: 1 0x00000000800059e2 (0x418257bb) x15 0xffffffffffffffff
core   0: 0x00000000800059e6 (0x001c7c13) andi    s8, s8, 1
core   0: 1 0x00000000800059e6 (0x001c7c13) x24 0x0000000000000000
core   0: 0x00000000800059ea (0x40aad9bb) sraw    s3, s5, a0
core   0: 1 0x00000000800059ea (0x40aad9bb) x19 0x0000000000000000
core   0: 0x00000000800059ee (0x40765ab3) sra     s5, a2, t2
core   0: 1 0x00000000800059ee (0x40765ab3) x21 0x0000000000000000
core   0: 0x00000000800059f2 (0xe20889d3) fmv.x.d s3, fa7
core   0: 1 0x00000000800059f2 (0xe20889d3) x19 0x7ff8000000000000
core   0: 0x00000000800059f6 (0x410984b3) sub     s1, s3, a6
core   0: 1 0x00000000800059f6 (0x410984b3) x9  0x7ff8000000000001
core   0: 0x00000000800059fa (0x0240d233) divu    tp, ra, tp
core   0: 1 0x00000000800059fa (0x0240d233) x4  0x0000000000000000
core   0: 0x00000000800059fe (0x01b6163b) sllw    a2, a2, s11
core   0: 1 0x00000000800059fe (0x01b6163b) x12 0x0000000000000000
core   0: 0x0000000080005a02 (0x0312f6d3) fadd.d  fa3, ft5, fa7
core   0: 1 0x0000000080005a02 (0x0312f6d3) f13 0x7ff8000000000000
core   0: 0x0000000080005a06 (0x1a557553) fdiv.d  fa0, fa0, ft5
core   0: 1 0x0000000080005a06 (0x1a557553) f10 0x7ff8000000000000
core   0: 0x0000000080005a0a (0x401d7a53) fcvt.s.d fs4, fs10
core   0: 1 0x0000000080005a0a (0x401d7a53) f20 0xffffffff7fc00000
core   0: 0x0000000080005a0e (0x1318ffd3) fmul.d  ft11, fa7, fa7
core   0: 1 0x0000000080005a0e (0x1318ffd3) f31 0x7ff8000000000000
core   0: 0x0000000080005a12 (0xc0206e73) csrrsi  t3, instret, 0
core   0: exception trap_illegal_instruction, epc 0x0000000080005a12
core   0:           tval 0x00000000c0206e73
core   0: >>>>  $xrv64i2p1_m2p0_a2p1_f2p2_d2p2_zicsr2p0_zifencei2p0_zmmul1p0_zba1p0_zbb1p0_zbc1p0_zbs1p0
core   0: 0x0000000080004000 (0x0080006f) j       pc + 0x8
core   0: 3 0x0000000080004000 (0x0080006f)
core   0: >>>>  mmode_exception_handler
core   0: 0x0000000080004008 (0x00002c17) auipc   s8, 0x2
core   0: 3 0x0000000080004008 (0x00002c17) x24 0x0000000080006008
core   0: 0x000000008000400c (0x0d6c0c13) addi    s8, s8, 214
core   0: 3 0x000000008000400c (0x0d6c0c13) x24 0x00000000800060de
core   0: 0x0000000080004010 (0x000c00e7) jalr    s8
core   0: 3 0x0000000080004010 (0x000c00e7) x1  0x0000000080004014
core   0: >>>>  any_handler
core   0: 0x00000000800060de (0x341027f3) csrrs   a5, mepc, zero
core   0: 3 0x00000000800060de (0x341027f3) x15 0x0000000080005a12
core   0: 0x00000000800060e2 (0x34202773) csrrs   a4, mcause, zero
core   0: 3 0x00000000800060e2 (0x34202773) x14 0x0000000000000002
core   0: 0x00000000800060e6 (0x142026f3) csrrs   a3, scause, zero
core   0: 3 0x00000000800060e6 (0x142026f3) x13 0x0000000000000000
core   0: 0x00000000800060ea (0x30402673) csrrs   a2, mie, zero
core   0: 3 0x00000000800060ea (0x30402673) x12 0x0000000000000a00
core   0: 0x00000000800060ee (0x344025f3) csrrs   a1, mip, zero
core   0: 3 0x00000000800060ee (0x344025f3) x11 0x0000000000000080
core   0: 0x00000000800060f2 (0x343025f3) csrrs   a1, mtval, zero
core   0: 3 0x00000000800060f2 (0x343025f3) x11 0x00000000c0206e73
core   0: 0x00000000800060f6 (0x14302573) csrrs   a0, stval, zero
core   0: 3 0x00000000800060f6 (0x14302573) x10 0x0000000000000000
core   0: 0x00000000800060fa (0xb02024f3) csrrs   s1, minstret, zero
core   0: 3 0x00000000800060fa (0xb02024f3) x9  0x00000000000010cd
core   0: 0x00000000800060fe (0x0000a811) c.j     pc + 20
core   0: 3 0x00000000800060fe (0xa811)
core   0: >>>>  mepc_4
core   0: 0x0000000080006112 (0x00000791) c.addi  a5, 4
core   0: 3 0x0000000080006112 (0x0791) x15 0x0000000080005a16
core   0: 0x0000000080006114 (0x34179073) csrrw   zero, mepc, a5
core   0: 3 0x0000000080006114 (0x34179073) c833_mepc 0x0000000080005a16
core   0: 0x0000000080006118 (0x30200073) mret
core   0: 3 0x0000000080006118 (0x30200073) c768_mstatus 0x8000000a00106080
core   0: 0x0000000080005a16 (0x00179573) csrrw   a0, fflags, a5
core   0: 1 0x0000000080005a16 (0x00179573) x10 0x0000000000000010 c1_fflags 0x0000000000000016
core   0: 0x0000000080005a1a (0x00008656) c.mv    a2, s5
core   0: 1 0x0000000080005a1a (0x8656) x12 0x0000000000000000
core   0: 0x0000000080005a1c (0x00c7d993) srli    s3, a5, 12
core   0: 1 0x0000000080005a1c (0x00c7d993) x19 0x0000000000080005
core   0: 0x0000000080005a20 (0x03f95e13) srli    t3, s2, 63
core   0: 1 0x0000000080005a20 (0x03f95e13) x28 0x0000000000000000
core   0: 0x0000000080005a24 (0xd231f453) fcvt.d.lu fs0, gp
core   0: 1 0x0000000080005a24 (0xd231f453) f8  0x0000000000000000
core   0: 0x0000000080005a28 (0x00001013) slli    zero, zero, 0
core   0: 1 0x0000000080005a28 (0x00001013)
core   0: 0x0000000080005a2c (0xd22bf4d3) fcvt.d.l fs1, s7
core   0: 1 0x0000000080005a2c (0xd22bf4d3) f9  0xc064600000000000
core   0: 0x0000000080005a30 (0x41d9569b) sraiw   a3, s2, 29
core   0: 1 0x0000000080005a30 (0x41d9569b) x13 0x0000000000000000
core   0: 0x0000000080005a34 (0xab2478c3) fmadd.d fa7, fs0, fs2, fs5
core   0: 1 0x0000000080005a34 (0xab2478c3) f17 0x7ff8000000000000
core   0: 0x0000000080005a38 (0x00005a1b) srliw   s4, zero, 0
core   0: 1 0x0000000080005a38 (0x00005a1b) x20 0x0000000000000000
core   0: 0x0000000080005a3c (0x800b7d93) andi    s11, s6, -2048
core   0: 1 0x0000000080005a3c (0x800b7d93) x27 0x0000000000000000
core   0: 0x0000000080005a40 (0x00000001) c.nop
core   0: 1 0x0000000080005a40 (0x0001)
core   0: 0x0000000080005a42 (0xc238f9d3) fcvt.lu.d s3, fa7
core   0: 1 0x0000000080005a42 (0xc238f9d3) c1_fflags 0x0000000000000016 x19 0xffffffffffffffff
core   0: 0x0000000080005a46 (0x0306a6b3) mulhsu  a3, a3, a6
core   0: 1 0x0000000080005a46 (0x0306a6b3) x13 0x0000000000000000
core   0: 0x0000000080005a4a (0x22c9abd3) fsgnjx.d fs7, fs3, fa2
core   0: 1 0x0000000080005a4a (0x22c9abd3) f23 0xbff0000000000000
core   0: 0x0000000080005a4e (0x43f25613) srai    a2, tp, 63
core   0: 1 0x0000000080005a4e (0x43f25613) x12 0x0000000000000000
core   0: 0x0000000080005a52 (0x00000001) c.nop
core   0: 1 0x0000000080005a52 (0x0001)
core   0: 0x0000000080005a54 (0x03f7d893) srli    a7, a5, 63
core   0: 1 0x0000000080005a54 (0x03f7d893) x17 0x0000000000000000
core   0: 0x0000000080005a58 (0x000e1c1b) slliw   s8, t3, 0
core   0: 1 0x0000000080005a58 (0x000e1c1b) x24 0x0000000000000000
core   0: 0x0000000080005a5c (0x42028253) fcvt.d.s ft4, ft5
core   0: 1 0x0000000080005a5c (0x42028253) f4  0x7ff8000000000000
core   0: 0x0000000080005a60 (0x4128d3bb) sraw    t2, a7, s2
core   0: 1 0x0000000080005a60 (0x4128d3bb) x7  0x0000000000000000
core   0: 0x0000000080005a64 (0x80016c93) ori     s9, sp, -2048
core   0: 1 0x0000000080005a64 (0x80016c93) x25 0xfffffffffffff800
core   0: 0x0000000080005a68 (0x4014f2d3) fcvt.s.d ft5, fs1
core   0: 1 0x0000000080005a68 (0x4014f2d3) f5  0xffffffffc3230000
core   0: 0x0000000080005a6c (0x1a5aff53) fdiv.d  ft10, fs5, ft5
core   0: 1 0x0000000080005a6c (0x1a5aff53) f30 0x7ff8000000000000
core   0: 0x0000000080005a70 (0xf2060fd3) fmv.d.x ft11, a2
core   0: 1 0x0000000080005a70 (0xf2060fd3) f31 0x0000000000000000
core   0: 0x0000000080005a74 (0x413889bb) subw    s3, a7, s3
core   0: 1 0x0000000080005a74 (0x413889bb) x19 0x0000000000000001
core   0: 0x0000000080005a78 (0x01ddeb33) or      s6, s11, t4
core   0: 1 0x0000000080005a78 (0x01ddeb33) x22 0xffffffffffffffff
core   0: 0x0000000080005a7c (0x016b1433) sll     s0, s6, s6
core   0: 1 0x0000000080005a7c (0x016b1433) x8  0x8000000000000000
core   0: 0x0000000080005a80 (0x4124023b) subw    tp, s0, s2
core   0: 1 0x0000000080005a80 (0x4124023b) x4  0x0000000000000000
core   0: 0x0000000080005a84 (0x0ff0000f) fence   iorw,iorw
core   0: 1 0x0000000080005a84 (0x0ff0000f)
core   0: 0x0000000080005a88 (0x002e5e33) srl     t3, t3, sp
core   0: 1 0x0000000080005a88 (0x002e5e33) x28 0x0000000000000000
core   0: 0x0000000080005a8c (0x014ade9b) srliw   t4, s5, 20
core   0: 1 0x0000000080005a8c (0x014ade9b) x29 0x0000000000000000
core   0: 0x0000000080005a90 (0xc0397653) fcvt.lu.s a2, fs2
core   0: 1 0x0000000080005a90 (0xc0397653) c1_fflags 0x0000000000000016 x12 0xffffffffffffffff
core   0: 0x0000000080005a94 (0x005be2b3) or      t0, s7, t0
core   0: 1 0x0000000080005a94 (0x005be2b3) x5  0xffffffffffffff5f
core   0: 0x0000000080005a98 (0xc02ff8d3) fcvt.l.s a7, ft11
core   0: 1 0x0000000080005a98 (0xc02ff8d3) c1_fflags 0x0000000000000016 x17 0x7fffffffffffffff
core   0: 0x0000000080005a9c (0x4189d9bb) sraw    s3, s3, s8
core   0: 1 0x0000000080005a9c (0x4189d9bb) x19 0x0000000000000001
core   0: 0x0000000080005aa0 (0x0246fbbb) remuw   s7, a3, tp
core   0: 1 0x0000000080005aa0 (0x0246fbbb) x23 0x0000000000000000
core   0: 0x0000000080005aa4 (0x00101473) csrrw   s0, fflags, zero
core   0: 1 0x0000000080005aa4 (0x00101473) x8  0x0000000000000016 c1_fflags 0x0000000000000000
core   0: 0x0000000080005aa8 (0xcb6cf1c7) fmsub.d ft3, fs9, fs6, fs9
core   0: 1 0x0000000080005aa8 (0xcb6cf1c7) f3  0x7ff8000000000000
core   0: 0x0000000080005aac (0x0101d79b) srliw   a5, gp, 16
core   0: 1 0x0000000080005aac (0x0101d79b) x15 0x0000000000000000
core   0: 0x0000000080005ab0 (0x03009513) slli    a0, ra, 48
core   0: 1 0x0000000080005ab0 (0x03009513) x10 0x4014000000000000
core   0: 0x0000000080005ab4 (0x02f7fdb3) remu    s11, a5, a5
core   0: 1 0x0000000080005ab4 (0x02f7fdb3) x27 0x0000000000000000
core   0: 0x0000000080005ab8 (0xbaaa0a9b) addiw   s5, s4, -1110
core   0: 1 0x0000000080005ab8 (0xbaaa0a9b) x21 0xfffffffffffffbaa
core   0: 0x0000000080005abc (0x40575b33) sra     s6, a4, t0
core   0: 1 0x0000000080005abc (0x40575b33) x22 0x0000000000000000
core   0: 0x0000000080005ac0 (0x01f11c9b) slliw   s9, sp, 31
core   0: 1 0x0000000080005ac0 (0x01f11c9b) x25 0x0000000000000000
core   0: 0x0000000080005ac4 (0x00008296) c.mv    t0, t0
core   0: 1 0x0000000080005ac4 (0x8296) x5  0xffffffffffffff5f
core   0: 0x0000000080005ac6 (0x494e071b) addiw   a4, t3, 1172
core   0: 1 0x0000000080005ac6 (0x494e071b) x14 0x0000000000000494
core   0: 0x0000000080005aca (0x00181113) slli    sp, a6, 1
core   0: 1 0x0000000080005aca (0x00181113) x2  0xfffffffffffffffe
core   0: 0x0000000080005ace (0x62f5754b) fnmsub.d fa0, fa0, fa5, fa2
core   0: 1 0x0000000080005ace (0x62f5754b) f10 0x7ff8000000000000
core   0: 0x0000000080005ad2 (0x01e4911b) slliw   sp, s1, 30
core   0: 1 0x0000000080005ad2 (0x01e4911b) x2  0x0000000040000000
core   0: 0x0000000080005ad6 (0x00a1d91b) srliw   s2, gp, 10
core   0: 1 0x0000000080005ad6 (0x00a1d91b) x18 0x0000000000000000
core   0: 0x0000000080005ada (0x03fed413) srli    s0, t4, 63
core   0: 1 0x0000000080005ada (0x03fed413) x8  0x0000000000000000
core   0: 0x0000000080005ade (0x0201e8bb) remw    a7, gp, zero
core   0: 1 0x0000000080005ade (0x0201e8bb) x17 0x0000000000000000
core   0: 0x0000000080005ae2 (0x29f88213) addi    tp, a7, 671
core   0: 1 0x0000000080005ae2 (0x29f88213) x4  0x000000000000029f
core   0: 0x0000000080005ae6 (0x4094d7bb) sraw    a5, s1, s1
core   0: 1 0x0000000080005ae6 (0x4094d7bb) x15 0x0000000000000000
core   0: 0x0000000080005aea (0x02a2523b) divuw   tp, tp, a0
core   0: 1 0x0000000080005aea (0x02a2523b) x4  0xffffffffffffffff
core   0: 0x0000000080005aee (0x00427bb3) and     s7, tp, tp
core   0: 1 0x0000000080005aee (0x00427bb3) x23 0xffffffffffffffff
core   0: 0x0000000080005af2 (0x00000001) c.nop
core   0: 1 0x0000000080005af2 (0x0001)
core   0: 0x0000000080005af4 (0x402bd5b3) sra     a1, s7, sp
core   0: 1 0x0000000080005af4 (0x402bd5b3) x11 0xffffffffffffffff
core   0: 0x0000000080005af8 (0x000b529b) srliw   t0, s6, 0
core   0: 1 0x0000000080005af8 (0x000b529b) x5  0x0000000000000000
core   0: 0x0000000080005afc (0x00202773) csrrs   a4, frm, zero
core   0: 1 0x0000000080005afc (0x00202773) x14 0x0000000000000000
core   0: 0x0000000080005b00 (0x407e599b) sraiw   s3, t3, 7
core   0: 1 0x0000000080005b00 (0x407e599b) x19 0x0000000000000000
core   0: 0x0000000080005b04 (0xe81fe7b7) lui     a5, 0xe81fe
core   0: 1 0x0000000080005b04 (0xe81fe7b7) x15 0xffffffffe81fe000
core   0: 0x0000000080005b08 (0xd20c0753) fcvt.d.w fa4, s8
core   0: 1 0x0000000080005b08 (0xd20c0753) f14 0x0000000000000000
core   0: 0x0000000080005b0c (0x0298a8b3) mulhsu  a7, a7, s1
core   0: 1 0x0000000080005b0c (0x0298a8b3) x17 0x0000000000000000
core   0: 0x0000000080005b10 (0x420f04d3) fcvt.d.s fs1, ft10
core   0: 1 0x0000000080005b10 (0x420f04d3) f9  0x7ff8000000000000
core   0: 0x0000000080005b14 (0x01095a33) srl     s4, s2, a6
core   0: 1 0x0000000080005b14 (0x01095a33) x20 0x0000000000000000
core   0: 0x0000000080005b18 (0x0184a833) slt     a6, s1, s8
core   0: 1 0x0000000080005b18 (0x0184a833) x16 0x0000000000000000
core   0: 0x0000000080005b1c (0x01baa3b3) slt     t2, s5, s11
core   0: 1 0x0000000080005b1c (0x01baa3b3) x7  0x0000000000000001
core   0: 0x0000000080005b20 (0x023bd793) srli    a5, s7, 35
core   0: 1 0x0000000080005b20 (0x023bd793) x15 0x000000001fffffff
core   0: 0x0000000080005b24 (0x0006dd1b) srliw   s10, a3, 0
core   0: 1 0x0000000080005b24 (0x0006dd1b) x26 0x0000000000000000
core   0: 0x0000000080005b28 (0x03a1d933) divu    s2, gp, s10
core   0: 1 0x0000000080005b28 (0x03a1d933) x18 0xffffffffffffffff
core   0: 0x0000000080005b2c (0x41248233) sub     tp, s1, s2
core   0: 1 0x0000000080005b2c (0x41248233) x4  0x00000000000010ce
core   0: 0x0000000080005b30 (0x03b27153) fadd.d  ft2, ft4, fs11
core   0: 1 0x0000000080005b30 (0x03b27153) f2  0x7ff8000000000000
core   0: 0x0000000080005b34 (0x404a559b) sraiw   a1, s4, 4
core   0: 1 0x0000000080005b34 (0x404a559b) x11 0x0000000000000000
core   0: 0x0000000080005b38 (0x001022f3) csrrs   t0, fflags, zero
core   0: 1 0x0000000080005b38 (0x001022f3) x5  0x0000000000000000
core   0: 0x0000000080005b3c (0x00000001) c.nop
core   0: 1 0x0000000080005b3c (0x0001)
core   0: 0x0000000080005b3e (0xd02bfad3) fcvt.s.l fs5, s7
core   0: 1 0x0000000080005b3e (0xd02bfad3) f21 0xffffffffbf800000
core   0: 0x0000000080005b42 (0xa288a2d3) feq.d   t0, fa7, fs0
core   0: 1 0x0000000080005b42 (0xa288a2d3) x5  0x0000000000000000
core   0: 0x0000000080005b46 (0x40d1dd3b) sraw    s10, gp, a3
core   0: 1 0x0000000080005b46 (0x40d1dd3b) x26 0x0000000000000000
core   0: 0x0000000080005b4a (0xfff28893) addi    a7, t0, -1
core   0: 1 0x0000000080005b4a (0xfff28893) x17 0xffffffffffffffff
core   0: 0x0000000080005b4e (0x411b833b) subw    t1, s7, a7
core   0: 1 0x0000000080005b4e (0x411b833b) x6  0x0000000000000000
core   0: 0x0000000080005b52 (0x02363033) mulhu   zero, a2, gp
core   0: 1 0x0000000080005b52 (0x02363033)
core   0: 0x0000000080005b56 (0x5b33f0cf) fnmadd.d ft1, ft7, fs3, fa1
core   0: 1 0x0000000080005b56 (0x5b33f0cf) f1  0x7ff8000000000000
core   0: 0x0000000080005b5a (0x00061913) slli    s2, a2, 0
core   0: 1 0x0000000080005b5a (0x00061913) x18 0xffffffffffffffff
core   0: 0x0000000080005b5e (0x0031dc3b) srlw    s8, gp, gp
core   0: 1 0x0000000080005b5e (0x0031dc3b) x24 0x0000000000000000
core   0: 0x0000000080005b62 (0xd221f353) fcvt.d.l ft6, gp
core   0: 1 0x0000000080005b62 (0xd221f353) f6  0x0000000000000000
core   0: 0x0000000080005b66 (0x12557553) fmul.d  fa0, fa0, ft5
core   0: 1 0x0000000080005b66 (0x12557553) f10 0x7ff8000000000000
core   0: 0x0000000080005b6a (0x001021f3) csrrs   gp, fflags, zero
core   0: 1 0x0000000080005b6a (0x001021f3) x3  0x0000000000000000
core   0: 0x0000000080005b6e (0x031696b3) mulh    a3, a3, a7
core   0: 1 0x0000000080005b6e (0x031696b3) x13 0x0000000000000000
core   0: 0x0000000080005b72 (0x039dd83b) divuw   a6, s11, s9
core   0: 1 0x0000000080005b72 (0x039dd83b) x16 0xffffffffffffffff
core   0: 0x0000000080005b76 (0x40470133) sub     sp, a4, tp
core   0: 1 0x0000000080005b76 (0x40470133) x2  0xffffffffffffef32
core   0: 0x0000000080005b7a (0x23b9add3) fsgnjx.d fs11, fs3, fs11
core   0: 1 0x0000000080005b7a (0x23b9add3) f27 0x3ff0000000000000
core   0: 0x0000000080005b7e (0x0bb472d3) fsub.d  ft5, fs0, fs11
core   0: 1 0x0000000080005b7e (0x0bb472d3) f5  0xbff0000000000000
core   0: 0x0000000080005b82 (0x01c22a33) slt     s4, tp, t3
core   0: 1 0x0000000080005b82 (0x01c22a33) x20 0x0000000000000000
core   0: 0x0000000080005b86 (0x18e78693) addi    a3, a5, 398
core   0: 1 0x0000000080005b86 (0x18e78693) x13 0x000000002000018d
core   0: 0x0000000080005b8a (0x0277d213) srli    tp, a5, 39
core   0: 1 0x0000000080005b8a (0x0277d213) x4  0x0000000000000000
core   0: 0x0000000080005b8e (0x0256c3b3) div     t2, a3, t0
core   0: 1 0x0000000080005b8e (0x0256c3b3) x7  0xffffffffffffffff
core   0: 0x0000000080005b92 (0xc0257453) fcvt.l.s s0, fa0
core   0: 1 0x0000000080005b92 (0xc0257453) c1_fflags 0x0000000000000010 x8  0x7fffffffffffffff
core   0: 0x0000000080005b96 (0x00000001) c.nop
core   0: 1 0x0000000080005b96 (0x0001)
core   0: 0x0000000080005b98 (0x2bb393d3) fmax.d  ft7, ft7, fs11
core   0: 1 0x0000000080005b98 (0x2bb393d3) f7  0x3ff0000000000000
core   0: 0x0000000080005b9c (0x5a0c72d3) fsqrt.d ft5, fs8
core   0: 1 0x0000000080005b9c (0x5a0c72d3) c1_fflags 0x0000000000000011 f5  0x40e6a09e66689b2e
core   0: 0x0000000080005ba0 (0xcb2af943) fmadd.d fs2, fs5, fs2, fs9
core   0: 1 0x0000000080005ba0 (0xcb2af943) f18 0x7ff8000000000000
core   0: 0x0000000080005ba4 (0xd2010fd3) fcvt.d.w ft11, sp
core   0: 1 0x0000000080005ba4 (0xd2010fd3) f31 0xc0b0ce0000000000
core   0: 0x0000000080005ba8 (0x03a47453) fadd.d  fs0, fs0, fs10
core   0: 1 0x0000000080005ba8 (0x03a47453) f8  0x7ff8000000000000
core   0: 0x0000000080005bac (0x1a6976d3) fdiv.d  fa3, fs2, ft6
core   0: 1 0x0000000080005bac (0x1a6976d3) f13 0x7ff8000000000000
core   0: 0x0000000080005bb0 (0xf5aa8d37) lui     s10, 0xf5aa8
core   0: 1 0x0000000080005bb0 (0xf5aa8d37) x26 0xfffffffff5aa8000
core   0: 0x0000000080005bb4 (0x00db5ebb) srlw    t4, s6, a3
core   0: 1 0x0000000080005bb4 (0x00db5ebb) x29 0x0000000000000000
core   0: 0x0000000080005bb8 (0x62c67647) fmsub.d fa2, fa2, fa2, fa2
core   0: 1 0x0000000080005bb8 (0x62c67647) f12 0x7ff8000000000000
core   0: 0x0000000080005bbc (0x00f39213) slli    tp, t2, 15
core   0: 1 0x0000000080005bbc (0x00f39213) x4  0xffffffffffff8000
core   0: 0x0000000080005bc0 (0xe3467b4b) fnmsub.d fs6, fa2, fs4, ft8
core   0: 1 0x0000000080005bc0 (0xe3467b4b) f22 0x7ff8000000000000
core   0: 0x0000000080005bc4 (0x2b8590d3) fmax.d  ft1, fa1, fs8
core   0: 1 0x0000000080005bc4 (0x2b8590d3) f1  0x41dfffffffc00000
core   0: 0x0000000080005bc8 (0x001998f3) csrrw   a7, fflags, s3
core   0: 1 0x0000000080005bc8 (0x001998f3) x17 0x0000000000000011 c1_fflags 0x0000000000000000
core   0: 0x0000000080005bcc (0x03c6d713) srli    a4, a3, 60
core   0: 1 0x0000000080005bcc (0x03c6d713) x14 0x0000000000000000
core   0: 0x0000000080005bd0 (0x013d12bb) sllw    t0, s10, s3
core   0: 1 0x0000000080005bd0 (0x013d12bb) x5  0xfffffffff5aa8000
core   0: 0x0000000080005bd4 (0x4077db93) srai    s7, a5, 7
core   0: 1 0x0000000080005bd4 (0x4077db93) x23 0x00000000003fffff
core   0: 0x0000000080005bd8 (0x72d776cf) fnmadd.d fa3, fa4, fa3, fa4
core   0: 1 0x0000000080005bd8 (0x72d776cf) f13 0x7ff8000000000000
core   0: 0x0000000080005bdc (0x00000e12) c.slli  t3, 4
core   0: 1 0x0000000080005bdc (0x0e12) x28 0x0000000000000000
core   0: 0x0000000080005bde (0x02c4f833) remu    a6, s1, a2
core   0: 1 0x0000000080005bde (0x02c4f833) x16 0x00000000000010cd
core   0: 0x0000000080005be2 (0x01f42937) lui     s2, 0x1f42
core   0: 1 0x0000000080005be2 (0x01f42937) x18 0x0000000001f42000
core   0: 0x0000000080005be6 (0x99d9091b) addiw   s2, s2, -1635
core   0: 1 0x0000000080005be6 (0x99d9091b) x18 0x0000000001f4199d
core   0: 0x0000000080005bea (0x00000932) c.slli  s2, 12
core   0: 1 0x0000000080005bea (0x0932) x18 0x0000001f4199d000
core   0: 0x0000000080005bec (0xa6590913) addi    s2, s2, -1435
core   0: 1 0x0000000080005bec (0xa6590913) x18 0x0000001f4199ca65
core   0: 0x0000000080005bf0 (0x0005d993) srli    s3, a1, 0
core   0: 1 0x0000000080005bf0 (0x0005d993) x19 0x0000000000000000
core   0: 0x0000000080005bf4 (0x02c70b3b) mulw    s6, a4, a2
core   0: 1 0x0000000080005bf4 (0x02c70b3b) x22 0x0000000000000000
core   0: 0x0000000080005bf8 (0x41c98e33) sub     t3, s3, t3
core   0: 1 0x0000000080005bf8 (0x41c98e33) x28 0x0000000000000000
core   0: 0x0000000080005bfc (0x40d650b3) sra     ra, a2, a3
core   0: 1 0x0000000080005bfc (0x40d650b3) x1  0xffffffffffffffff
core   0: 0x0000000080005c00 (0x0a70f443) fmadd.d fs0, ft1, ft7, ft1
core   0: 1 0x0000000080005c00 (0x0a70f443) f8  0x41efffffffc00000
core   0: 0x0000000080005c04 (0x00102073) csrrs   zero, fflags, zero
core   0: 1 0x0000000080005c04 (0x00102073)
core   0: 0x0000000080005c08 (0xd238f8d3) fcvt.d.lu fa7, a7
core   0: 1 0x0000000080005c08 (0xd238f8d3) f17 0x4031000000000000
core   0: 0x0000000080005c0c (0x00005133) srl     sp, zero, zero
core   0: 1 0x0000000080005c0c (0x00005133) x2  0x0000000000000000
core   0: 0x0000000080005c10 (0x03166633) rem     a2, a2, a7
core   0: 1 0x0000000080005c10 (0x03166633) x12 0xffffffffffffffff
core   0: 0x0000000080005c14 (0xd20101d3) fcvt.d.w ft3, sp
core   0: 1 0x0000000080005c14 (0xd20101d3) f3  0x0000000000000000
core   0: 0x0000000080005c18 (0x4086543b) sraw    s0, a2, s0
core   0: 1 0x0000000080005c18 (0x4086543b) x8  0xffffffffffffffff
core   0: 0x0000000080005c1c (0xf7490a13) addi    s4, s2, -140
core   0: 1 0x0000000080005c1c (0xf7490a13) x20 0x0000001f4199c9d9
core   0: 0x0000000080005c20 (0x02857533) remu    a0, a0, s0
core   0: 1 0x0000000080005c20 (0x02857533) x10 0x4014000000000000
core   0: 0x0000000080005c24 (0xb4cc0d1b) addiw   s10, s8, -1204
core   0: 1 0x0000000080005c24 (0xb4cc0d1b) x26 0xfffffffffffffb4c
core   0: 0x0000000080005c28 (0x1aacfd53) fdiv.d  fs10, fs9, fa0
core   0: 1 0x0000000080005c28 (0x1aacfd53) f26 0x7ff8000000000000
core   0: 0x0000000080005c2c (0x038c4c3b) divw    s8, s8, s8
core   0: 1 0x0000000080005c2c (0x038c4c3b) x24 0xffffffffffffffff
core   0: 0x0000000080005c30 (0x034e1b93) slli    s7, t3, 52
core   0: 1 0x0000000080005c30 (0x034e1b93) x23 0x0000000000000000
core   0: 0x0000000080005c34 (0x01d0013b) addw    sp, zero, t4
core   0: 1 0x0000000080005c34 (0x01d0013b) x2  0x0000000000000000
core   0: 0x0000000080005c38 (0x003050b3) srl     ra, zero, gp
core   0: 1 0x0000000080005c38 (0x003050b3) x1  0x0000000000000000
core   0: 0x0000000080005c3c (0x1b757653) fdiv.d  fa2, fa0, fs7
core   0: 1 0x0000000080005c3c (0x1b757653) f12 0x7ff8000000000000
core   0: 0x0000000080005c40 (0x03abed33) rem     s10, s7, s10
core   0: 1 0x0000000080005c40 (0x03abed33) x26 0x0000000000000000
core   0: 0x0000000080005c44 (0x027b6533) rem     a0, s6, t2
core   0: 1 0x0000000080005c44 (0x027b6533) x10 0x0000000000000000
core   0: 0x0000000080005c48 (0x04d0f093) andi    ra, ra, 77
core   0: 1 0x0000000080005c48 (0x04d0f093) x1  0x0000000000000000
core   0: 0x0000000080005c4c (0x02fe573b) divuw   a4, t3, a5
core   0: 1 0x0000000080005c4c (0x02fe573b) x14 0x0000000000000000
core   0: 0x0000000080005c50 (0xa3f88713) addi    a4, a7, -1473
core   0: 1 0x0000000080005c50 (0xa3f88713) x14 0xfffffffffffffa50
core   0: 0x0000000080005c54 (0x0397e033) rem     zero, a5, s9
core   0: 1 0x0000000080005c54 (0x0397e033)
core   0: 0x0000000080005c58 (0x7e8ce193) ori     gp, s9, 2024
core   0: 1 0x0000000080005c58 (0x7e8ce193) x3  0x00000000000007e8
core   0: 0x0000000080005c5c (0x01c34db3) xor     s11, t1, t3
core   0: 1 0x0000000080005c5c (0x01c34db3) x27 0x0000000000000000
core   0: 0x0000000080005c60 (0xc22676d3) fcvt.l.d a3, fa2
core   0: 1 0x0000000080005c60 (0xc22676d3) c1_fflags 0x0000000000000010 x13 0x7fffffffffffffff
core   0: 0x0000000080005c64 (0xc237fe53) fcvt.lu.d t3, fa5
core   0: 1 0x0000000080005c64 (0xc237fe53) c1_fflags 0x0000000000000010 x28 0xffffffffffffffff
core   0: 0x0000000080005c68 (0x00000001) c.nop
core   0: 1 0x0000000080005c68 (0x0001)
core   0: 0x0000000080005c6a (0x639f74cb) fnmsub.d fs1, ft10, fs9, fa2
core   0: 1 0x0000000080005c6a (0x639f74cb) f9  0x7ff8000000000000
core   0: 0x0000000080005c6e (0xa3b48453) fle.d   s0, fs1, fs11
core   0: 1 0x0000000080005c6e (0xa3b48453) c1_fflags 0x0000000000000010 x8  0x0000000000000000
core   0: 0x0000000080005c72 (0x0210e0bb) remw    ra, ra, ra
core   0: 1 0x0000000080005c72 (0x0210e0bb) x1  0x0000000000000000
core   0: 0x0000000080005c76 (0x4007d213) srai    tp, a5, 0
core   0: 1 0x0000000080005c76 (0x4007d213) x4  0x000000001fffffff
core   0: 0x0000000080005c7a (0x2a3f0153) fmin.d  ft2, ft10, ft3
core   0: 1 0x0000000080005c7a (0x2a3f0153) f2  0x0000000000000000
core   0: 0x0000000080005c7e (0x02b39cb3) mulh    s9, t2, a1
core   0: 1 0x0000000080005c7e (0x02b39cb3) x25 0x0000000000000000
core   0: 0x0000000080005c82 (0x401cfcd3) fcvt.s.d fs9, fs9
core   0: 1 0x0000000080005c82 (0x401cfcd3) f25 0xffffffff7fc00000
core   0: 0x0000000080005c86 (0x25b4b897) auipc   a7, 0x25b4b
core   0: 1 0x0000000080005c86 (0x25b4b897) x17 0x00000000a5b50c86
core   0: 0x0000000080005c8a (0xc201f7d3) fcvt.w.d a5, ft3
core   0: 1 0x0000000080005c8a (0xc201f7d3) x15 0x0000000000000000
core   0: 0x0000000080005c8e (0x011b933b) sllw    t1, s7, a7
core   0: 1 0x0000000080005c8e (0x011b933b) x6  0x0000000000000000
core   0: 0x0000000080005c92 (0x00000001) c.nop
core   0: 1 0x0000000080005c92 (0x0001)
core   0: 0x0000000080005c94 (0x2b369453) fmax.d  fs0, fa3, fs3
core   0: 1 0x0000000080005c94 (0x2b369453) f8  0xbff0000000000000
core   0: 0x0000000080005c98 (0x032765bb) remw    a1, a4, s2
core   0: 1 0x0000000080005c98 (0x032765bb) x11 0xfffffffffffffa50
core   0: 0x0000000080005c9c (0x5a057c53) fsqrt.d fs8, fa0
core   0: 1 0x0000000080005c9c (0x5a057c53) f24 0x7ff8000000000000
core   0: 0x0000000080005ca0 (0x404707bb) subw    a5, a4, tp
core   0: 1 0x0000000080005ca0 (0x404707bb) x15 0xffffffffdffffa51
core   0: 0x0000000080005ca4 (0x00000001) c.nop
core   0: 1 0x0000000080005ca4 (0x0001)
core   0: 0x0000000080005ca6 (0x017a033b) addw    t1, s4, s7
core   0: 1 0x0000000080005ca6 (0x017a033b) x6  0x000000004199c9d9
core   0: 0x0000000080005caa (0xd227fb53) fcvt.d.l fs6, a5
core   0: 1 0x0000000080005caa (0xd227fb53) f22 0xc1c00002d7800000
core   0: 0x0000000080005cae (0x00000001) c.nop
core   0: 1 0x0000000080005cae (0x0001)
core   0: 0x0000000080005cb0 (0x00102cf3) csrrs   s9, fflags, zero
core   0: 1 0x0000000080005cb0 (0x00102cf3) x25 0x0000000000000010
core   0: 0x0000000080005cb4 (0x01845c33) srl     s8, s0, s8
core   0: 1 0x0000000080005cb4 (0x01845c33) x24 0x0000000000000000
core   0: 0x0000000080005cb8 (0xc22dfad3) fcvt.l.d s5, fs11
core   0: 1 0x0000000080005cb8 (0xc22dfad3) x21 0x0000000000000001
core   0: 0x0000000080005cbc (0x018a5a3b) srlw    s4, s4, s8
core   0: 1 0x0000000080005cbc (0x018a5a3b) x20 0x000000004199c9d9
core   0: 0x0000000080005cc0 (0x236e2e53) fsgnjx.d ft8, ft8, fs6
core   0: 1 0x0000000080005cc0 (0x236e2e53) f28 0x7fffffffce46dc80
core   0: 0x0000000080005cc4 (0x4189debb) sraw    t4, s3, s8
core   0: 1 0x0000000080005cc4 (0x4189debb) x29 0x0000000000000000
core   0: 0x0000000080005cc8 (0x8bbe8393) addi    t2, t4, -1861
core   0: 1 0x0000000080005cc8 (0x8bbe8393) x7  0xfffffffffffff8bb
core   0: 0x0000000080005ccc (0x788a6e93) ori     t4, s4, 1928
core   0: 1 0x0000000080005ccc (0x788a6e93) x29 0x000000004199cfd9
core   0: 0x0000000080005cd0 (0x011140b3) xor     ra, sp, a7
core   0: 1 0x0000000080005cd0 (0x011140b3) x1  0x00000000a5b50c86
core   0: 0x0000000080005cd4 (0x4086dbbb) sraw    s7, a3, s0
core   0: 1 0x0000000080005cd4 (0x4086dbbb) x23 0xffffffffffffffff
core   0: 0x0000000080005cd8 (0x005b919b) slliw   gp, s7, 5
core   0: 1 0x0000000080005cd8 (0x005b919b) x3  0xffffffffffffffe0
core   0: 0x0000000080005cdc (0xd2138553) fcvt.d.wu fa0, t2
core   0: 1 0x0000000080005cdc (0xd2138553) f10 0x41efffff17600000
core   0: 0x0000000080005ce0 (0x406d853b) subw    a0, s11, t1
core   0: 1 0x0000000080005ce0 (0x406d853b) x10 0xffffffffbe663627
core   0: 0x0000000080005ce4 (0x01545ab3) srl     s5, s0, s5
core   0: 1 0x0000000080005ce4 (0x01545ab3) x21 0x0000000000000000
core   0: 0x0000000080005ce8 (0x00450e9b) addiw   t4, a0, 4
core   0: 1 0x0000000080005ce8 (0x00450e9b) x29 0xffffffffbe66362b
core   0: 0x0000000080005cec (0xc21e7ad3) fcvt.wu.d s5, ft8
core   0: 1 0x0000000080005cec (0xc21e7ad3) c1_fflags 0x0000000000000010 x21 0xffffffffffffffff
core   0: 0x0000000080005cf0 (0x40157953) fcvt.s.d fs2, fa0
core   0: 1 0x0000000080005cf0 (0x40157953) c1_fflags 0x0000000000000011 f18 0xffffffff4f7ffff9
core   0: 0x0000000080005cf4 (0xc00a9bf3) csrrw   s7, cycle, s5
core   0: exception trap_illegal_instruction, epc 0x0000000080005cf4
core   0:           tval 0x00000000c00a9bf3
core   0: >>>>  $xrv64i2p1_m2p0_a2p1_f2p2_d2p2_zicsr2p0_zifencei2p0_zmmul1p0_zba1p0_zbb1p0_zbc1p0_zbs1p0
core   0: 0x0000000080004000 (0x0080006f) j       pc + 0x8
core   0: 3 0x0000000080004000 (0x0080006f)
core   0: >>>>  mmode_exception_handler
core   0: 0x0000000080004008 (0x00002c17) auipc   s8, 0x2
core   0: 3 0x0000000080004008 (0x00002c17) x24 0x0000000080006008
core   0: 0x000000008000400c (0x0d6c0c13) addi    s8, s8, 214
core   0: 3 0x000000008000400c (0x0d6c0c13) x24 0x00000000800060de
core   0: 0x0000000080004010 (0x000c00e7) jalr    s8
core   0: 3 0x0000000080004010 (0x000c00e7) x1  0x0000000080004014
core   0: >>>>  any_handler
core   0: 0x00000000800060de (0x341027f3) csrrs   a5, mepc, zero
core   0: 3 0x00000000800060de (0x341027f3) x15 0x0000000080005cf4
core   0: 0x00000000800060e2 (0x34202773) csrrs   a4, mcause, zero
core   0: 3 0x00000000800060e2 (0x34202773) x14 0x0000000000000002
core   0: 0x00000000800060e6 (0x142026f3) csrrs   a3, scause, zero
core   0: 3 0x00000000800060e6 (0x142026f3) x13 0x0000000000000000
core   0: 0x00000000800060ea (0x30402673) csrrs   a2, mie, zero
core   0: 3 0x00000000800060ea (0x30402673) x12 0x0000000000000a00
core   0: 0x00000000800060ee (0x344025f3) csrrs   a1, mip, zero
core   0: 3 0x00000000800060ee (0x344025f3) x11 0x0000000000000080
core   0: 0x00000000800060f2 (0x343025f3) csrrs   a1, mtval, zero
core   0: 3 0x00000000800060f2 (0x343025f3) x11 0x00000000c00a9bf3
core   0: 0x00000000800060f6 (0x14302573) csrrs   a0, stval, zero
core   0: 3 0x00000000800060f6 (0x14302573) x10 0x0000000000000000
core   0: 0x00000000800060fa (0xb02024f3) csrrs   s1, minstret, zero
core   0: 3 0x00000000800060fa (0xb02024f3) x9  0x000000000000119b
core   0: 0x00000000800060fe (0x0000a811) c.j     pc + 20
core   0: 3 0x00000000800060fe (0xa811)
core   0: >>>>  mepc_4
core   0: 0x0000000080006112 (0x00000791) c.addi  a5, 4
core   0: 3 0x0000000080006112 (0x0791) x15 0x0000000080005cf8
core   0: 0x0000000080006114 (0x34179073) csrrw   zero, mepc, a5
core   0: 3 0x0000000080006114 (0x34179073) c833_mepc 0x0000000080005cf8
core   0: 0x0000000080006118 (0x30200073) mret
core   0: 3 0x0000000080006118 (0x30200073) c768_mstatus 0x8000000a00106080
core   0: 0x0000000080005cf8 (0xd0307453) fcvt.s.lu fs0, zero
core   0: 1 0x0000000080005cf8 (0xd0307453) f8  0xffffffff00000000
core   0: 0x0000000080005cfc (0x004c7233) and     tp, s8, tp
core   0: 1 0x0000000080005cfc (0x004c7233) x4  0x00000000000060de
core   0: 0x0000000080005d00 (0x000c1693) slli    a3, s8, 0
core   0: 1 0x0000000080005d00 (0x000c1693) x13 0x00000000800060de
core   0: 0x0000000080005d04 (0x007253bb) srlw    t2, tp, t2
core   0: 1 0x0000000080005d04 (0x007253bb) x7  0x0000000000000000
core   0: 0x0000000080005d08 (0x007d9dbb) sllw    s11, s11, t2
core   0: 1 0x0000000080005d08 (0x007d9dbb) x27 0x0000000000000000
core   0: 0x0000000080005d0c (0x4113d99b) sraiw   s3, t2, 17
core   0: 1 0x0000000080005d0c (0x4113d99b) x19 0x0000000000000000
core   0: 0x0000000080005d10 (0x0ff0000f) fence   iorw,iorw
core   0: 1 0x0000000080005d10 (0x0ff0000f)
core   0: 0x0000000080005d14 (0x0269c93b) divw    s2, s3, t1
core   0: 1 0x0000000080005d14 (0x0269c93b) x18 0x0000000000000000
core   0: 0x0000000080005d18 (0x001898f3) csrrw   a7, fflags, a7
core   0: 1 0x0000000080005d18 (0x001898f3) x17 0x0000000000000011 c1_fflags 0x0000000000000006
core   0: 0x0000000080005d1c (0xc027f9d3) fcvt.l.s s3, fa5
core   0: 1 0x0000000080005d1c (0xc027f9d3) c1_fflags 0x0000000000000016 x19 0x7fffffffffffffff
core   0: 0x0000000080005d20 (0x0b6d7d53) fsub.d  fs10, fs10, fs6
core   0: 1 0x0000000080005d20 (0x0b6d7d53) f26 0x7ff8000000000000
core   0: 0x0000000080005d24 (0xf13b6c73) csrrsi  s8, mimpid, 22
core   0: exception trap_illegal_instruction, epc 0x0000000080005d24
core   0:           tval 0x00000000f13b6c73
core   0: >>>>  $xrv64i2p1_m2p0_a2p1_f2p2_d2p2_zicsr2p0_zifencei2p0_zmmul1p0_zba1p0_zbb1p0_zbc1p0_zbs1p0
core   0: 0x0000000080004000 (0x0080006f) j       pc + 0x8
core   0: 3 0x0000000080004000 (0x0080006f)
core   0: >>>>  mmode_exception_handler
core   0: 0x0000000080004008 (0x00002c17) auipc   s8, 0x2
core   0: 3 0x0000000080004008 (0x00002c17) x24 0x0000000080006008
core   0: 0x000000008000400c (0x0d6c0c13) addi    s8, s8, 214
core   0: 3 0x000000008000400c (0x0d6c0c13) x24 0x00000000800060de
core   0: 0x0000000080004010 (0x000c00e7) jalr    s8
core   0: 3 0x0000000080004010 (0x000c00e7) x1  0x0000000080004014
core   0: >>>>  any_handler
core   0: 0x00000000800060de (0x341027f3) csrrs   a5, mepc, zero
core   0: 3 0x00000000800060de (0x341027f3) x15 0x0000000080005d24
core   0: 0x00000000800060e2 (0x34202773) csrrs   a4, mcause, zero
core   0: 3 0x00000000800060e2 (0x34202773) x14 0x0000000000000002
core   0: 0x00000000800060e6 (0x142026f3) csrrs   a3, scause, zero
core   0: 3 0x00000000800060e6 (0x142026f3) x13 0x0000000000000000
core   0: 0x00000000800060ea (0x30402673) csrrs   a2, mie, zero
core   0: 3 0x00000000800060ea (0x30402673) x12 0x0000000000000a00
core   0: 0x00000000800060ee (0x344025f3) csrrs   a1, mip, zero
core   0: 3 0x00000000800060ee (0x344025f3) x11 0x0000000000000080
core   0: 0x00000000800060f2 (0x343025f3) csrrs   a1, mtval, zero
core   0: 3 0x00000000800060f2 (0x343025f3) x11 0x00000000f13b6c73
core   0: 0x00000000800060f6 (0x14302573) csrrs   a0, stval, zero
core   0: 3 0x00000000800060f6 (0x14302573) x10 0x0000000000000000
core   0: 0x00000000800060fa (0xb02024f3) csrrs   s1, minstret, zero
core   0: 3 0x00000000800060fa (0xb02024f3) x9  0x00000000000011b6
core   0: 0x00000000800060fe (0x0000a811) c.j     pc + 20
core   0: 3 0x00000000800060fe (0xa811)
core   0: >>>>  mepc_4
core   0: 0x0000000080006112 (0x00000791) c.addi  a5, 4
core   0: 3 0x0000000080006112 (0x0791) x15 0x0000000080005d28
core   0: 0x0000000080006114 (0x34179073) csrrw   zero, mepc, a5
core   0: 3 0x0000000080006114 (0x34179073) c833_mepc 0x0000000080005d28
core   0: 0x0000000080006118 (0x30200073) mret
core   0: 3 0x0000000080006118 (0x30200073) c768_mstatus 0x8000000a00106080
core   0: 0x0000000080005d28 (0x00fb553b) srlw    a0, s6, a5
core   0: 1 0x0000000080005d28 (0x00fb553b) x10 0x0000000000000000
core   0: 0x0000000080005d2c (0x4226d293) srai    t0, a3, 34
core   0: 1 0x0000000080005d2c (0x4226d293) x5  0x0000000000000000
core   0: 0x0000000080005d30 (0x03687653) fadd.d  fa2, fa6, fs6
core   0: 1 0x0000000080005d30 (0x03687653) f12 0x7ff8000000000000
core   0: 0x0000000080005d34 (0x01da1eb3) sll     t4, s4, t4
core   0: 1 0x0000000080005d34 (0x01da1eb3) x29 0xce4ec80000000000
core   0: 0x0000000080005d38 (0x0ff0000f) fence   iorw,iorw
core   0: 1 0x0000000080005d38 (0x0ff0000f)
core   0: 0x0000000080005d3c (0x34347073) csrrci  zero, mtval, 8
core   0: exception trap_illegal_instruction, epc 0x0000000080005d3c
core   0:           tval 0x0000000034347073
core   0: >>>>  $xrv64i2p1_m2p0_a2p1_f2p2_d2p2_zicsr2p0_zifencei2p0_zmmul1p0_zba1p0_zbb1p0_zbc1p0_zbs1p0
core   0: 0x0000000080004000 (0x0080006f) j       pc + 0x8
core   0: 3 0x0000000080004000 (0x0080006f)
core   0: >>>>  mmode_exception_handler
core   0: 0x0000000080004008 (0x00002c17) auipc   s8, 0x2
core   0: 3 0x0000000080004008 (0x00002c17) x24 0x0000000080006008
core   0: 0x000000008000400c (0x0d6c0c13) addi    s8, s8, 214
core   0: 3 0x000000008000400c (0x0d6c0c13) x24 0x00000000800060de
core   0: 0x0000000080004010 (0x000c00e7) jalr    s8
core   0: 3 0x0000000080004010 (0x000c00e7) x1  0x0000000080004014
core   0: >>>>  any_handler
core   0: 0x00000000800060de (0x341027f3) csrrs   a5, mepc, zero
core   0: 3 0x00000000800060de (0x341027f3) x15 0x0000000080005d3c
core   0: 0x00000000800060e2 (0x34202773) csrrs   a4, mcause, zero
core   0: 3 0x00000000800060e2 (0x34202773) x14 0x0000000000000002
core   0: 0x00000000800060e6 (0x142026f3) csrrs   a3, scause, zero
core   0: 3 0x00000000800060e6 (0x142026f3) x13 0x0000000000000000
core   0: 0x00000000800060ea (0x30402673) csrrs   a2, mie, zero
core   0: 3 0x00000000800060ea (0x30402673) x12 0x0000000000000a00
core   0: 0x00000000800060ee (0x344025f3) csrrs   a1, mip, zero
core   0: 3 0x00000000800060ee (0x344025f3) x11 0x0000000000000080
core   0: 0x00000000800060f2 (0x343025f3) csrrs   a1, mtval, zero
core   0: 3 0x00000000800060f2 (0x343025f3) x11 0x0000000034347073
core   0: 0x00000000800060f6 (0x14302573) csrrs   a0, stval, zero
core   0: 3 0x00000000800060f6 (0x14302573) x10 0x0000000000000000
core   0: 0x00000000800060fa (0xb02024f3) csrrs   s1, minstret, zero
core   0: 3 0x00000000800060fa (0xb02024f3) x9  0x00000000000011cb
core   0: 0x00000000800060fe (0x0000a811) c.j     pc + 20
core   0: 3 0x00000000800060fe (0xa811)
core   0: >>>>  mepc_4
core   0: 0x0000000080006112 (0x00000791) c.addi  a5, 4
core   0: 3 0x0000000080006112 (0x0791) x15 0x0000000080005d40
core   0: 0x0000000080006114 (0x34179073) csrrw   zero, mepc, a5
core   0: 3 0x0000000080006114 (0x34179073) c833_mepc 0x0000000080005d40
core   0: 0x0000000080006118 (0x30200073) mret
core   0: 3 0x0000000080006118 (0x30200073) c768_mstatus 0x8000000a00106080
core   0: 0x0000000080005d40 (0xd2190953) fcvt.d.wu fs2, s2
core   0: 1 0x0000000080005d40 (0xd2190953) f18 0x0000000000000000
core   0: 0x0000000080005d44 (0x46b98993) addi    s3, s3, 1131
core   0: 1 0x0000000080005d44 (0x46b98993) x19 0x800000000000046a
core   0: 0x0000000080005d48 (0x0151c9b3) xor     s3, gp, s5
core   0: 1 0x0000000080005d48 (0x0151c9b3) x19 0x000000000000001f
core   0: 0x0000000080005d4c (0x019ddcbb) srlw    s9, s11, s9
core   0: 1 0x0000000080005d4c (0x019ddcbb) x25 0x0000000000000000
core   0: 0x0000000080005d50 (0xf20d8753) fmv.d.x fa4, s11
core   0: 1 0x0000000080005d50 (0xf20d8753) f14 0x0000000000000000
core   0: 0x0000000080005d54 (0x0003d99b) srliw   s3, t2, 0
core   0: 1 0x0000000080005d54 (0x0003d99b) x19 0x0000000000000000
core   0: 0x0000000080005d58 (0x420c0053) fcvt.d.s ft0, fs8
core   0: 1 0x0000000080005d58 (0x420c0053) f0  0x7ff8000000000000
core   0: 0x0000000080005d5c (0x413dd4b3) sra     s1, s11, s3
core   0: 1 0x0000000080005d5c (0x413dd4b3) x9  0x0000000000000000
core   0: 0x0000000080005d60 (0xe3b2f5cb) fnmsub.d fa1, ft5, fs11, ft8
core   0: 1 0x0000000080005d60 (0xe3b2f5cb) f11 0x7ff8000000000000
core   0: 0x0000000080005d64 (0x027723b3) mulhsu  t2, a4, t2
core   0: 1 0x0000000080005d64 (0x027723b3) x7  0x0000000000000000
core   0: 0x0000000080005d68 (0x03d3ddbb) divuw   s11, t2, t4
core   0: 1 0x0000000080005d68 (0x03d3ddbb) x27 0xffffffffffffffff
core   0: 0x0000000080005d6c (0xd03df3d3) fcvt.s.lu ft7, s11
core   0: 1 0x0000000080005d6c (0xd03df3d3) c1_fflags 0x0000000000000017 f7  0xffffffff5f800000
core   0: 0x0000000080005d70 (0x42048c53) fcvt.d.s fs8, fs1
core   0: 1 0x0000000080005d70 (0x42048c53) f24 0x7ff8000000000000
core   0: 0x0000000080005d74 (0xd02d7953) fcvt.s.l fs2, s10
core   0: 1 0x0000000080005d74 (0xd02d7953) f18 0xffffffff00000000
core   0: 0x0000000080005d78 (0x01bec633) xor     a2, t4, s11
core   0: 1 0x0000000080005d78 (0x01bec633) x12 0x31b137ffffffffff
core   0: 0x0000000080005d7c (0xa2d902d3) fle.d   t0, fs2, fa3
core   0: 1 0x0000000080005d7c (0xa2d902d3) c1_fflags 0x0000000000000017 x5  0x0000000000000000
core   0: 0x0000000080005d80 (0x416ad8b3) sra     a7, s5, s6
core   0: 1 0x0000000080005d80 (0x416ad8b3) x17 0xffffffffffffffff
core   0: 0x0000000080005d84 (0x0315d5b3) divu    a1, a1, a7
core   0: 1 0x0000000080005d84 (0x0315d5b3) x11 0x0000000000000000
core   0: 0x0000000080005d88 (0x4109d71b) sraiw   a4, s3, 16
core   0: 1 0x0000000080005d88 (0x4109d71b) x14 0x0000000000000000
core   0: 0x0000000080005d8c (0x0ff0000f) fence   iorw,iorw
core   0: 1 0x0000000080005d8c (0x0ff0000f)
core   0: 0x0000000080005d90 (0xaa97f3c7) fmsub.d ft7, fa5, fs1, fs5
core   0: 1 0x0000000080005d90 (0xaa97f3c7) f7  0x7ff8000000000000
core   0: 0x0000000080005d94 (0x34341d73) csrrw   s10, mtval, s0
core   0: exception trap_illegal_instruction, epc 0x0000000080005d94
core   0:           tval 0x0000000034341d73
core   0: >>>>  $xrv64i2p1_m2p0_a2p1_f2p2_d2p2_zicsr2p0_zifencei2p0_zmmul1p0_zba1p0_zbb1p0_zbc1p0_zbs1p0
core   0: 0x0000000080004000 (0x0080006f) j       pc + 0x8
core   0: 3 0x0000000080004000 (0x0080006f)
core   0: >>>>  mmode_exception_handler
core   0: 0x0000000080004008 (0x00002c17) auipc   s8, 0x2
core   0: 3 0x0000000080004008 (0x00002c17) x24 0x0000000080006008
core   0: 0x000000008000400c (0x0d6c0c13) addi    s8, s8, 214
core   0: 3 0x000000008000400c (0x0d6c0c13) x24 0x00000000800060de
core   0: 0x0000000080004010 (0x000c00e7) jalr    s8
core   0: 3 0x0000000080004010 (0x000c00e7) x1  0x0000000080004014
core   0: >>>>  any_handler
core   0: 0x00000000800060de (0x341027f3) csrrs   a5, mepc, zero
core   0: 3 0x00000000800060de (0x341027f3) x15 0x0000000080005d94
core   0: 0x00000000800060e2 (0x34202773) csrrs   a4, mcause, zero
core   0: 3 0x00000000800060e2 (0x34202773) x14 0x0000000000000002
core   0: 0x00000000800060e6 (0x142026f3) csrrs   a3, scause, zero
core   0: 3 0x00000000800060e6 (0x142026f3) x13 0x0000000000000000
core   0: 0x00000000800060ea (0x30402673) csrrs   a2, mie, zero
core   0: 3 0x00000000800060ea (0x30402673) x12 0x0000000000000a00
core   0: 0x00000000800060ee (0x344025f3) csrrs   a1, mip, zero
core   0: 3 0x00000000800060ee (0x344025f3) x11 0x0000000000000080
core   0: 0x00000000800060f2 (0x343025f3) csrrs   a1, mtval, zero
core   0: 3 0x00000000800060f2 (0x343025f3) x11 0x0000000034341d73
core   0: 0x00000000800060f6 (0x14302573) csrrs   a0, stval, zero
core   0: 3 0x00000000800060f6 (0x14302573) x10 0x0000000000000000
core   0: 0x00000000800060fa (0xb02024f3) csrrs   s1, minstret, zero
core   0: 3 0x00000000800060fa (0xb02024f3) x9  0x00000000000011f0
core   0: 0x00000000800060fe (0x0000a811) c.j     pc + 20
core   0: 3 0x00000000800060fe (0xa811)
core   0: >>>>  mepc_4
core   0: 0x0000000080006112 (0x00000791) c.addi  a5, 4
core   0: 3 0x0000000080006112 (0x0791) x15 0x0000000080005d98
core   0: 0x0000000080006114 (0x34179073) csrrw   zero, mepc, a5
core   0: 3 0x0000000080006114 (0x34179073) c833_mepc 0x0000000080005d98
core   0: 0x0000000080006118 (0x30200073) mret
core   0: 3 0x0000000080006118 (0x30200073) c768_mstatus 0x8000000a00106080
core   0: 0x0000000080005d98 (0x023ca133) mulhsu  sp, s9, gp
core   0: 1 0x0000000080005d98 (0x023ca133) x2  0x0000000000000000
core   0: 0x0000000080005d9c (0xf20c8553) fmv.d.x fa0, s9
core   0: 1 0x0000000080005d9c (0xf20c8553) f10 0x0000000000000000
core   0: 0x0000000080005da0 (0x018b9c33) sll     s8, s7, s8
core   0: 1 0x0000000080005da0 (0x018b9c33) x24 0xffffffffc0000000
core   0: 0x0000000080005da4 (0x035596b3) mulh    a3, a1, s5
core   0: 1 0x0000000080005da4 (0x035596b3) x13 0xffffffffffffffff
core   0: 0x0000000080005da8 (0x016989bb) addw    s3, s3, s6
core   0: 1 0x0000000080005da8 (0x016989bb) x19 0x0000000000000000
core   0: 0x0000000080005dac (0x01398abb) addw    s5, s3, s3
core   0: 1 0x0000000080005dac (0x01398abb) x21 0x0000000000000000
core   0: 0x0000000080005db0 (0x0019de1b) srliw   t3, s3, 1
core   0: 1 0x0000000080005db0 (0x0019de1b) x28 0x0000000000000000
core   0: 0x0000000080005db4 (0x02a1e533) rem     a0, gp, a0
core   0: 1 0x0000000080005db4 (0x02a1e533) x10 0xffffffffffffffe0
core   0: 0x0000000080005db8 (0x41608b3b) subw    s6, ra, s6
core   0: 1 0x0000000080005db8 (0x41608b3b) x22 0xffffffff80004014
core   0: 0x0000000080005dbc (0x2aac95d3) fmax.d  fa1, fs9, fa0
core   0: 1 0x0000000080005dbc (0x2aac95d3) f11 0x0000000000000000
core   0: 0x0000000080005dc0 (0x7ffb031b) addiw   t1, s6, 2047
core   0: 1 0x0000000080005dc0 (0x7ffb031b) x6  0xffffffff80004813
core   0: 0x0000000080005dc4 (0x0219493b) divw    s2, s2, ra
core   0: 1 0x0000000080005dc4 (0x0219493b) x18 0x0000000000000000
core   0: 0x0000000080005dc8 (0xb4119b97) auipc   s7, 0xb4119
core   0: 1 0x0000000080005dc8 (0xb4119b97) x23 0x000000003411edc8
core   0: 0x0000000080005dcc (0x22a08813) addi    a6, ra, 554
core   0: 1 0x0000000080005dcc (0x22a08813) x16 0x000000008000423e
core   0: 0x0000000080005dd0 (0x013bc533) xor     a0, s7, s3
core   0: 1 0x0000000080005dd0 (0x013bc533) x10 0x000000003411edc8
core   0: 0x0000000080005dd4 (0x0334643b) remw    s0, s0, s3
core   0: 1 0x0000000080005dd4 (0x0334643b) x8  0x0000000000000000
core   0: 0x0000000080005dd8 (0xd20e0553) fcvt.d.w fa0, t3
core   0: 1 0x0000000080005dd8 (0xd20e0553) f10 0x0000000000000000
core   0: 0x0000000080005ddc (0x0142f2b3) and     t0, t0, s4
core   0: 1 0x0000000080005ddc (0x0142f2b3) x5  0x0000000000000000
core   0: 0x0000000080005de0 (0x342430f3) csrrc   ra, mcause, s0
core   0: exception trap_illegal_instruction, epc 0x0000000080005de0
core   0:           tval 0x00000000342430f3
core   0: >>>>  $xrv64i2p1_m2p0_a2p1_f2p2_d2p2_zicsr2p0_zifencei2p0_zmmul1p0_zba1p0_zbb1p0_zbc1p0_zbs1p0
core   0: 0x0000000080004000 (0x0080006f) j       pc + 0x8
core   0: 3 0x0000000080004000 (0x0080006f)
core   0: >>>>  mmode_exception_handler
core   0: 0x0000000080004008 (0x00002c17) auipc   s8, 0x2
core   0: 3 0x0000000080004008 (0x00002c17) x24 0x0000000080006008
core   0: 0x000000008000400c (0x0d6c0c13) addi    s8, s8, 214
core   0: 3 0x000000008000400c (0x0d6c0c13) x24 0x00000000800060de
core   0: 0x0000000080004010 (0x000c00e7) jalr    s8
core   0: 3 0x0000000080004010 (0x000c00e7) x1  0x0000000080004014
core   0: >>>>  any_handler
core   0: 0x00000000800060de (0x341027f3) csrrs   a5, mepc, zero
core   0: 3 0x00000000800060de (0x341027f3) x15 0x0000000080005de0
core   0: 0x00000000800060e2 (0x34202773) csrrs   a4, mcause, zero
core   0: 3 0x00000000800060e2 (0x34202773) x14 0x0000000000000002
core   0: 0x00000000800060e6 (0x142026f3) csrrs   a3, scause, zero
core   0: 3 0x00000000800060e6 (0x142026f3) x13 0x0000000000000000
core   0: 0x00000000800060ea (0x30402673) csrrs   a2, mie, zero
core   0: 3 0x00000000800060ea (0x30402673) x12 0x0000000000000a00
core   0: 0x00000000800060ee (0x344025f3) csrrs   a1, mip, zero
core   0: 3 0x00000000800060ee (0x344025f3) x11 0x0000000000000080
core   0: 0x00000000800060f2 (0x343025f3) csrrs   a1, mtval, zero
core   0: 3 0x00000000800060f2 (0x343025f3) x11 0x00000000342430f3
core   0: 0x00000000800060f6 (0x14302573) csrrs   a0, stval, zero
core   0: 3 0x00000000800060f6 (0x14302573) x10 0x0000000000000000
core   0: 0x00000000800060fa (0xb02024f3) csrrs   s1, minstret, zero
core   0: 3 0x00000000800060fa (0xb02024f3) x9  0x0000000000001212
core   0: 0x00000000800060fe (0x0000a811) c.j     pc + 20
core   0: 3 0x00000000800060fe (0xa811)
core   0: >>>>  mepc_4
core   0: 0x0000000080006112 (0x00000791) c.addi  a5, 4
core   0: 3 0x0000000080006112 (0x0791) x15 0x0000000080005de4
core   0: 0x0000000080006114 (0x34179073) csrrw   zero, mepc, a5
core   0: 3 0x0000000080006114 (0x34179073) c833_mepc 0x0000000080005de4
core   0: 0x0000000080006118 (0x30200073) mret
core   0: 3 0x0000000080006118 (0x30200073) c768_mstatus 0x8000000a00106080
core   0: 0x0000000080005de4 (0xd22d7f53) fcvt.d.l ft10, s10
core   0: 1 0x0000000080005de4 (0xd22d7f53) f30 0x0000000000000000
core   0: 0x0000000080005de8 (0xd228f2d3) fcvt.d.l ft5, a7
core   0: 1 0x0000000080005de8 (0xd228f2d3) f5  0xbff0000000000000
core   0: 0x0000000080005dec (0x41ecd91b) sraiw   s2, s9, 30
core   0: 1 0x0000000080005dec (0x41ecd91b) x18 0x0000000000000000
core   0: 0x0000000080005df0 (0xd20a88d3) fcvt.d.w fa7, s5
core   0: 1 0x0000000080005df0 (0xd20a88d3) f17 0x0000000000000000
core   0: 0x0000000080005df4 (0x03217e3b) remuw   t3, sp, s2
core   0: 1 0x0000000080005df4 (0x03217e3b) x28 0x0000000000000000
core   0: 0x0000000080005df8 (0x6258f64f) fnmadd.d fa2, fa7, ft5, fa2
core   0: 1 0x0000000080005df8 (0x6258f64f) f12 0x7ff8000000000000
core   0: 0x0000000080005dfc (0x00000001) c.nop
core   0: 1 0x0000000080005dfc (0x0001)
core   0: 0x0000000080005dfe (0x01c3f8b3) and     a7, t2, t3
core   0: 1 0x0000000080005dfe (0x01c3f8b3) x17 0x0000000000000000
core   0: 0x0000000080005e02 (0x00000001) c.nop
core   0: 1 0x0000000080005e02 (0x0001)
core   0: 0x0000000080005e04 (0xd2038ed3) fcvt.d.w ft9, t2
core   0: 1 0x0000000080005e04 (0xd2038ed3) f29 0x0000000000000000
core   0: 0x0000000080005e08 (0x00d951b3) srl     gp, s2, a3
core   0: 1 0x0000000080005e08 (0x00d951b3) x3  0x0000000000000000
core   0: 0x0000000080005e0c (0x226282d3) fsgnj.d ft5, ft5, ft6
core   0: 1 0x0000000080005e0c (0x226282d3) f5  0x3ff0000000000000
core   0: 0x0000000080005e10 (0x01975dbb) srlw    s11, a4, s9
core   0: 1 0x0000000080005e10 (0x01975dbb) x27 0x0000000000000002
core   0: 0x0000000080005e14 (0x00000001) c.nop
core   0: 1 0x0000000080005e14 (0x0001)
core   0: 0x0000000080005e16 (0x013d969b) slliw   a3, s11, 19
core   0: 1 0x0000000080005e16 (0x013d969b) x13 0x0000000000100000
core   0: 0x0000000080005e1a (0x026347b3) div     a5, t1, t1
core   0: 1 0x0000000080005e1a (0x026347b3) x15 0x0000000000000001
core   0: 0x0000000080005e1e (0x40b1509b) sraiw   ra, sp, 11
core   0: 1 0x0000000080005e1e (0x40b1509b) x1  0x0000000000000000
core   0: 0x0000000080005e22 (0x1313f553) fmul.d  fa0, ft7, fa7
core   0: 1 0x0000000080005e22 (0x1313f553) f10 0x7ff8000000000000
core   0: 0x0000000080005e26 (0xd2178653) fcvt.d.wu fa2, a5
core   0: 1 0x0000000080005e26 (0xd2178653) f12 0x3ff0000000000000
core   0: 0x0000000080005e2a (0x00092bb7) lui     s7, 0x92
core   0: 1 0x0000000080005e2a (0x00092bb7) x23 0x0000000000092000
core   0: 0x0000000080005e2e (0x181b8b9b) addiw   s7, s7, 385
core   0: 1 0x0000000080005e2e (0x181b8b9b) x23 0x0000000000092181
core   0: 0x0000000080005e32 (0x00000bce) c.slli  s7, 19
core   0: 1 0x0000000080005e32 (0x0bce) x23 0x000000490c080000
core   0: 0x0000000080005e34 (0x8aeb8b93) addi    s7, s7, -1874
core   0: 1 0x0000000080005e34 (0x8aeb8b93) x23 0x000000490c07f8ae
core   0: 0x0000000080005e38 (0x233a97d3) fsgnjn.d fa5, fs5, fs3
core   0: 1 0x0000000080005e38 (0x233a97d3) f15 0x7fffffffbf800000
core   0: 0x0000000080005e3c (0xc03d7653) fcvt.lu.s a2, fs10
core   0: 1 0x0000000080005e3c (0xc03d7653) c1_fflags 0x0000000000000017 x12 0xffffffffffffffff
core   0: 0x0000000080005e40 (0xd22bff53) fcvt.d.l ft10, s7
core   0: 1 0x0000000080005e40 (0xd22bff53) f30 0x42524301fe2b8000
core   0: 0x0000000080005e44 (0x420d8653) fcvt.d.s fa2, fs11
core   0: 1 0x0000000080005e44 (0x420d8653) f12 0x7ff8000000000000
core   0: 0x0000000080005e48 (0x01c413bb) sllw    t2, s0, t3
core   0: 1 0x0000000080005e48 (0x01c413bb) x7  0x0000000000000000
core   0: 0x0000000080005e4c (0xc02f79d3) fcvt.l.s s3, ft10
core   0: 1 0x0000000080005e4c (0xc02f79d3) c1_fflags 0x0000000000000017 x19 0x7fffffffffffffff
core   0: 0x0000000080005e50 (0xad426513) ori     a0, tp, -1324
core   0: 1 0x0000000080005e50 (0xad426513) x10 0xfffffffffffffade
core   0: 0x0000000080005e54 (0x00f50bbb) addw    s7, a0, a5
core   0: 1 0x0000000080005e54 (0x00f50bbb) x23 0xfffffffffffffadf
core   0: 0x0000000080005e58 (0x23bd14d3) fsgnjn.d fs1, fs10, fs11
core   0: 1 0x0000000080005e58 (0x23bd14d3) f9  0xfff8000000000000
core   0: 0x0000000080005e5c (0xd239f9d3) fcvt.d.lu fs3, s3
core   0: 1 0x0000000080005e5c (0xd239f9d3) c1_fflags 0x0000000000000017 f19 0x43e0000000000000
core   0: 0x0000000080005e60 (0x02cbb633) mulhu   a2, s7, a2
core   0: 1 0x0000000080005e60 (0x02cbb633) x12 0xfffffffffffffade
core   0: 0x0000000080005e64 (0x1299f1d3) fmul.d  ft3, fs3, fs1
core   0: 1 0x0000000080005e64 (0x1299f1d3) f3  0x7ff8000000000000
core   0: 0x0000000080005e68 (0x13e67a53) fmul.d  fs4, fa2, ft10
core   0: 1 0x0000000080005e68 (0x13e67a53) f20 0x7ff8000000000000
core   0: 0x0000000080005e6c (0x4015f7d3) fcvt.s.d fa5, fa1
core   0: 1 0x0000000080005e6c (0x4015f7d3) f15 0xffffffff00000000
core   0: 0x0000000080005e70 (0x02f7e13b) remw    sp, a5, a5
core   0: 1 0x0000000080005e70 (0x02f7e13b) x2  0x0000000000000000
core   0: 0x0000000080005e74 (0x022947b3) div     a5, s2, sp
core   0: 1 0x0000000080005e74 (0x022947b3) x15 0xffffffffffffffff
core   0: 0x0000000080005e78 (0x02fdc13b) divw    sp, s11, a5
core   0: 1 0x0000000080005e78 (0x02fdc13b) x2  0xfffffffffffffffe
core   0: 0x0000000080005e7c (0xd02cfc53) fcvt.s.l fs8, s9
core   0: 1 0x0000000080005e7c (0xd02cfc53) f24 0xffffffff00000000
core   0: 0x0000000080005e80 (0x031b1593) slli    a1, s6, 49
core   0: 1 0x0000000080005e80 (0x031b1593) x11 0x8028000000000000
core   0: 0x0000000080005e84 (0xd20e0353) fcvt.d.w ft6, t3
core   0: 1 0x0000000080005e84 (0xd20e0353) f6  0x0000000000000000
core   0: 0x0000000080005e88 (0x0ff0000f) fence   iorw,iorw
core   0: 1 0x0000000080005e88 (0x0ff0000f)
core   0: 0x0000000080005e8c (0x14051a73) csrrw   s4, sscratch, a0
core   0: 1 0x0000000080005e8c (0x14051a73) x20 0x0000000000000005 c320_sscratch 0xfffffffffffffade
core   0: 0x0000000080005e90 (0x03c71733) mulh    a4, a4, t3
core   0: 1 0x0000000080005e90 (0x03c71733) x14 0x0000000000000000
core   0: 0x0000000080005e94 (0x00ba1993) slli    s3, s4, 11
core   0: 1 0x0000000080005e94 (0x00ba1993) x19 0x0000000000002800
core   0: 0x0000000080005e98 (0x6259fb4b) fnmsub.d fs6, fs3, ft5, fa2
core   0: 1 0x0000000080005e98 (0x6259fb4b) f22 0x7ff8000000000000
core   0: 0x0000000080005e9c (0x22f52553) fsgnjx.d fa0, fa0, fa5
core   0: 1 0x0000000080005e9c (0x22f52553) f10 0xfff8000000000000
core   0: 0x0000000080005ea0 (0x03b95793) srli    a5, s2, 59
core   0: 1 0x0000000080005ea0 (0x03b95793) x15 0x0000000000000000
core   0: 0x0000000080005ea4 (0x00948333) add     t1, s1, s1
core   0: 1 0x0000000080005ea4 (0x00948333) x6  0x0000000000002424
core   0: 0x0000000080005ea8 (0x40cc5ebb) sraw    t4, s8, a2
core   0: 1 0x0000000080005ea8 (0x40cc5ebb) x29 0xfffffffffffffffe
core   0: 0x0000000080005eac (0xd21004d3) fcvt.d.wu fs1, zero
core   0: 1 0x0000000080005eac (0xd21004d3) f9  0x0000000000000000
core   0: 0x0000000080005eb0 (0x001a1af3) csrrw   s5, fflags, s4
core   0: 1 0x0000000080005eb0 (0x001a1af3) x21 0x0000000000000017 c1_fflags 0x0000000000000005
core   0: 0x0000000080005eb4 (0x02fd1d33) mulh    s10, s10, a5
core   0: 1 0x0000000080005eb4 (0x02fd1d33) x26 0x0000000000000000
core   0: 0x0000000080005eb8 (0x0013121b) slliw   tp, t1, 1
core   0: 1 0x0000000080005eb8 (0x0013121b) x4  0x0000000000004848
core   0: 0x0000000080005ebc (0x001b7933) and     s2, s6, ra
core   0: 1 0x0000000080005ebc (0x001b7933) x18 0x0000000000000000
core   0: 0x0000000080005ec0 (0x40280833) sub     a6, a6, sp
core   0: 1 0x0000000080005ec0 (0x40280833) x16 0x0000000080004240
core   0: 0x0000000080005ec4 (0xc224fbd3) fcvt.l.d s7, fs1
core   0: 1 0x0000000080005ec4 (0xc224fbd3) x23 0x0000000000000000
core   0: 0x0000000080005ec8 (0x001d91f3) csrrw   gp, fflags, s11
core   0: 1 0x0000000080005ec8 (0x001d91f3) x3  0x0000000000000005 c1_fflags 0x0000000000000002
core   0: 0x0000000080005ecc (0x23ad97d3) fsgnjn.d fa5, fs11, fs10
core   0: 1 0x0000000080005ecc (0x23ad97d3) f15 0xbff0000000000000
core   0: 0x0000000080005ed0 (0xc034fb53) fcvt.lu.s s6, fs1
core   0: 1 0x0000000080005ed0 (0xc034fb53) c1_fflags 0x0000000000000012 x22 0xffffffffffffffff
core   0: 0x0000000080005ed4 (0x00202bf3) csrrs   s7, frm, zero
core   0: 1 0x0000000080005ed4 (0x00202bf3) x23 0x0000000000000000
core   0: 0x0000000080005ed8 (0x017b513b) srlw    sp, s6, s7
core   0: 1 0x0000000080005ed8 (0x017b513b) x2  0xffffffffffffffff
core   0: 0x0000000080005edc (0x0371673b) remw    a4, sp, s7
core   0: 1 0x0000000080005edc (0x0371673b) x14 0xffffffffffffffff
core   0: 0x0000000080005ee0 (0x00842d33) slt     s10, s0, s0
core   0: 1 0x0000000080005ee0 (0x00842d33) x26 0x0000000000000000
core   0: 0x0000000080005ee4 (0x41bd5dbb) sraw    s11, s10, s11
core   0: 1 0x0000000080005ee4 (0x41bd5dbb) x27 0x0000000000000000
core   0: 0x0000000080005ee8 (0x408958b3) sra     a7, s2, s0
core   0: 1 0x0000000080005ee8 (0x408958b3) x17 0x0000000000000000
core   0: 0x0000000080005eec (0x0ad4f353) fsub.d  ft6, fs1, fa3
core   0: 1 0x0000000080005eec (0x0ad4f353) f6  0x7ff8000000000000
core   0: 0x0000000080005ef0 (0x01495193) srli    gp, s2, 20
core   0: 1 0x0000000080005ef0 (0x01495193) x3  0x0000000000000000
core   0: 0x0000000080005ef4 (0x22130953) fsgnj.d fs2, ft6, ft1
core   0: 1 0x0000000080005ef4 (0x22130953) f18 0x7ff8000000000000
core   0: 0x0000000080005ef8 (0x0ff0000f) fence   iorw,iorw
core   0: 1 0x0000000080005ef8 (0x0ff0000f)
core   0: 0x0000000080005efc (0x0384ddb3) divu    s11, s1, s8
core   0: 1 0x0000000080005efc (0x0384ddb3) x27 0x0000000000000000
core   0: 0x0000000080005f00 (0xc20477d3) fcvt.w.d a5, fs0
core   0: 1 0x0000000080005f00 (0xc20477d3) c1_fflags 0x0000000000000012 x15 0x000000007fffffff
core   0: 0x0000000080005f04 (0x8007c113) xori    sp, a5, -2048
core   0: 1 0x0000000080005f04 (0x8007c113) x2  0xffffffff800007ff
core   0: 0x0000000080005f08 (0x4077dc13) srai    s8, a5, 7
core   0: 1 0x0000000080005f08 (0x4077dc13) x24 0x0000000000ffffff
core   0: 0x0000000080005f0c (0x00002085) c.addiw ra, 1
core   0: 1 0x0000000080005f0c (0x2085) x1  0x0000000000000001
core   0: 0x0000000080005f0e (0x406c5e33) sra     t3, s8, t1
core   0: 1 0x0000000080005f0e (0x406c5e33) x28 0x0000000000000000
core   0: 0x0000000080005f12 (0x132df6d3) fmul.d  fa3, fs11, fs2
core   0: 1 0x0000000080005f12 (0x132df6d3) f13 0x7ff8000000000000
core   0: 0x0000000080005f16 (0x415c0233) sub     tp, s8, s5
core   0: 1 0x0000000080005f16 (0x415c0233) x4  0x0000000000ffffe8
core   0: 0x0000000080005f1a (0x01c255bb) srlw    a1, tp, t3
core   0: 1 0x0000000080005f1a (0x01c255bb) x11 0x0000000000ffffe8
core   0: 0x0000000080005f1e (0x03cede33) divu    t3, t4, t3
core   0: 1 0x0000000080005f1e (0x03cede33) x28 0xffffffffffffffff
core   0: 0x0000000080005f22 (0x00735913) srli    s2, t1, 7
core   0: 1 0x0000000080005f22 (0x00735913) x18 0x0000000000000048
core   0: 0x0000000080005f26 (0x865f65b7) lui     a1, 0x865f6
core   0: 1 0x0000000080005f26 (0x865f65b7) x11 0xffffffff865f6000
core   0: 0x0000000080005f2a (0xfff9099b) addiw   s3, s2, -1
core   0: 1 0x0000000080005f2a (0xfff9099b) x19 0x0000000000000047
core   0: 0x0000000080005f2e (0x5b2d7fc3) fmadd.d ft11, fs10, fs2, fa1
core   0: 1 0x0000000080005f2e (0x5b2d7fc3) f31 0x7ff8000000000000
core   0: 0x0000000080005f32 (0x40195713) srai    a4, s2, 1
core   0: 1 0x0000000080005f32 (0x40195713) x14 0x0000000000000024
core   0: 0x0000000080005f36 (0xd2130bd3) fcvt.d.wu fs7, t1
core   0: 1 0x0000000080005f36 (0xd2130bd3) f23 0x40c2120000000000
core   0: 0x0000000080005f3a (0xd2090dd3) fcvt.d.w fs11, s2
core   0: 1 0x0000000080005f3a (0xd2090dd3) f27 0x4052000000000000
core   0: 0x0000000080005f3e (0x0075f3b3) and     t2, a1, t2
core   0: 1 0x0000000080005f3e (0x0075f3b3) x7  0x0000000000000000
core   0: 0x0000000080005f42 (0x41560eb3) sub     t4, a2, s5
core   0: 1 0x0000000080005f42 (0x41560eb3) x29 0xfffffffffffffac7
core   0: 0x0000000080005f46 (0xa26405d3) fle.d   a1, fs0, ft6
core   0: 1 0x0000000080005f46 (0xa26405d3) c1_fflags 0x0000000000000012 x11 0x0000000000000000
core   0: 0x0000000080005f4a (0x01be9533) sll     a0, t4, s11
core   0: 1 0x0000000080005f4a (0x01be9533) x10 0xfffffffffffffac7
core   0: 0x0000000080005f4e (0x0ff0000f) fence   iorw,iorw
core   0: 1 0x0000000080005f4e (0x0ff0000f)
core   0: 0x0000000080005f52 (0xd03478d3) fcvt.s.lu fa7, s0
core   0: 1 0x0000000080005f52 (0xd03478d3) f17 0xffffffff00000000
core   0: 0x0000000080005f56 (0xfffdeb93) ori     s7, s11, -1
core   0: 1 0x0000000080005f56 (0xfffdeb93) x23 0xffffffffffffffff
core   0: 0x0000000080005f5a (0x22588153) fsgnj.d ft2, fa7, ft5
core   0: 1 0x0000000080005f5a (0x22588153) f2  0x7fffffff00000000
core   0: 0x0000000080005f5e (0x225610d3) fsgnjn.d ft1, fa2, ft5
core   0: 1 0x0000000080005f5e (0x225610d3) f1  0xfff8000000000000
core   0: 0x0000000080005f62 (0x34402e73) csrrs   t3, mip, zero
core   0: exception trap_illegal_instruction, epc 0x0000000080005f62
core   0:           tval 0x0000000034402e73
core   0: >>>>  $xrv64i2p1_m2p0_a2p1_f2p2_d2p2_zicsr2p0_zifencei2p0_zmmul1p0_zba1p0_zbb1p0_zbc1p0_zbs1p0
core   0: 0x0000000080004000 (0x0080006f) j       pc + 0x8
core   0: 3 0x0000000080004000 (0x0080006f)
core   0: >>>>  mmode_exception_handler
core   0: 0x0000000080004008 (0x00002c17) auipc   s8, 0x2
core   0: 3 0x0000000080004008 (0x00002c17) x24 0x0000000080006008
core   0: 0x000000008000400c (0x0d6c0c13) addi    s8, s8, 214
core   0: 3 0x000000008000400c (0x0d6c0c13) x24 0x00000000800060de
core   0: 0x0000000080004010 (0x000c00e7) jalr    s8
core   0: 3 0x0000000080004010 (0x000c00e7) x1  0x0000000080004014
core   0: >>>>  any_handler
core   0: 0x00000000800060de (0x341027f3) csrrs   a5, mepc, zero
core   0: 3 0x00000000800060de (0x341027f3) x15 0x0000000080005f62
core   0: 0x00000000800060e2 (0x34202773) csrrs   a4, mcause, zero
core   0: 3 0x00000000800060e2 (0x34202773) x14 0x0000000000000002
core   0: 0x00000000800060e6 (0x142026f3) csrrs   a3, scause, zero
core   0: 3 0x00000000800060e6 (0x142026f3) x13 0x0000000000000000
core   0: 0x00000000800060ea (0x30402673) csrrs   a2, mie, zero
core   0: 3 0x00000000800060ea (0x30402673) x12 0x0000000000000a00
core   0: 0x00000000800060ee (0x344025f3) csrrs   a1, mip, zero
core   0: 3 0x00000000800060ee (0x344025f3) x11 0x0000000000000080
core   0: 0x00000000800060f2 (0x343025f3) csrrs   a1, mtval, zero
core   0: 3 0x00000000800060f2 (0x343025f3) x11 0x0000000034402e73
core   0: 0x00000000800060f6 (0x14302573) csrrs   a0, stval, zero
core   0: 3 0x00000000800060f6 (0x14302573) x10 0x0000000000000000
core   0: 0x00000000800060fa (0xb02024f3) csrrs   s1, minstret, zero
core   0: 3 0x00000000800060fa (0xb02024f3) x9  0x0000000000001284
core   0: 0x00000000800060fe (0x0000a811) c.j     pc + 20
core   0: 3 0x00000000800060fe (0xa811)
core   0: >>>>  mepc_4
core   0: 0x0000000080006112 (0x00000791) c.addi  a5, 4
core   0: 3 0x0000000080006112 (0x0791) x15 0x0000000080005f66
core   0: 0x0000000080006114 (0x34179073) csrrw   zero, mepc, a5
core   0: 3 0x0000000080006114 (0x34179073) c833_mepc 0x0000000080005f66
core   0: 0x0000000080006118 (0x30200073) mret
core   0: 3 0x0000000080006118 (0x30200073) c768_mstatus 0x8000000a00106080
core   0: 0x0000000080005f66 (0x40f25993) srai    s3, tp, 15
core   0: 1 0x0000000080005f66 (0x40f25993) x19 0x00000000000001ff
core   0: 0x0000000080005f6a (0xd23172d3) fcvt.d.lu ft5, sp
core   0: 1 0x0000000080005f6a (0xd23172d3) c1_fflags 0x0000000000000013 f5  0x43effffffff00001
core   0: 0x0000000080005f6e (0xfb12a3b7) lui     t2, 0xfb12a
core   0: 1 0x0000000080005f6e (0xfb12a3b7) x7  0xfffffffffb12a000
core   0: 0x0000000080005f72 (0x000033dd) c.addiw t2, -9
core   0: 1 0x0000000080005f72 (0x33dd) x7  0xfffffffffb129ff7
core   0: 0x0000000080005f74 (0x000003b2) c.slli  t2, 12
core   0: 1 0x0000000080005f74 (0x03b2) x7  0xffffffb129ff7000
core   0: 0x0000000080005f76 (0x05938393) addi    t2, t2, 89
core   0: 1 0x0000000080005f76 (0x05938393) x7  0xffffffb129ff7059
core   0: 0x0000000080005f7a (0x00a3f0b3) and     ra, t2, a0
core   0: 1 0x0000000080005f7a (0x00a3f0b3) x1  0x0000000000000000
core   0: 0x0000000080005f7e (0x00000001) c.nop
core   0: 1 0x0000000080005f7e (0x0001)
core   0: 0x0000000080005f80 (0x03184833) div     a6, a6, a7
core   0: 1 0x0000000080005f80 (0x03184833) x16 0xffffffffffffffff
core   0: 0x0000000080005f84 (0x54a8899b) addiw   s3, a7, 1354
core   0: 1 0x0000000080005f84 (0x54a8899b) x19 0x000000000000054a
core   0: 0x0000000080005f88 (0x0333ccb3) div     s9, t2, s3
core   0: 1 0x0000000080005f88 (0x0333ccb3) x25 0xfffffffff1183353
core   0: 0x0000000080005f8c (0x001d891b) addiw   s2, s11, 1
core   0: 1 0x0000000080005f8c (0x001d891b) x18 0x0000000000000001
core   0: 0x0000000080005f90 (0x0ff0000f) fence   iorw,iorw
core   0: 1 0x0000000080005f90 (0x0ff0000f)
core   0: 0x0000000080005f94 (0xe20a81d3) fmv.x.d gp, fs5
core   0: 1 0x0000000080005f94 (0xe20a81d3) x3  0xffffffffbf800000
core   0: 0x0000000080005f98 (0xc039f153) fcvt.lu.s sp, fs3
core   0: 1 0x0000000080005f98 (0xc039f153) c1_fflags 0x0000000000000013 x2  0xffffffffffffffff
core   0: 0x0000000080005f9c (0x034902bb) mulw    t0, s2, s4
core   0: 1 0x0000000080005f9c (0x034902bb) x5  0x0000000000000005
core   0: 0x0000000080005fa0 (0xf9b559b7) lui     s3, 0xf9b55
core   0: 1 0x0000000080005fa0 (0xf9b559b7) x19 0xfffffffff9b55000
core   0: 0x0000000080005fa4 (0x2b439a53) fmax.d  fs4, ft7, fs4
core   0: 1 0x0000000080005fa4 (0x2b439a53) f20 0x7ff8000000000000
core   0: 0x0000000080005fa8 (0x020053b3) divu    t2, zero, zero
core   0: 1 0x0000000080005fa8 (0x020053b3) x7  0xffffffffffffffff
core   0: 0x0000000080005fac (0x405c0a33) sub     s4, s8, t0
core   0: 1 0x0000000080005fac (0x405c0a33) x20 0x00000000800060d9
core   0: 0x0000000080005fb0 (0x001e911b) slliw   sp, t4, 1
core   0: 1 0x0000000080005fb0 (0x001e911b) x2  0xfffffffffffff58e
core   0: 0x0000000080005fb4 (0x41815b9b) sraiw   s7, sp, 24
core   0: 1 0x0000000080005fb4 (0x41815b9b) x23 0xffffffffffffffff
core   0: 0x0000000080005fb8 (0x009b8ebb) addw    t4, s7, s1
core   0: 1 0x0000000080005fb8 (0x009b8ebb) x29 0x0000000000001283
core   0: 0x0000000080005fbc (0x001027f3) csrrs   a5, fflags, zero
core   0: 1 0x0000000080005fbc (0x001027f3) x15 0x0000000000000013
core   0: 0x0000000080005fc0 (0x03dc8cb3) mul     s9, s9, t4
core   0: 1 0x0000000080005fc0 (0x03dc8cb3) x25 0xfffffeec12fe1979
core   0: 0x0000000080005fc4 (0x0009803b) addw    zero, s3, zero
core   0: 1 0x0000000080005fc4 (0x0009803b)
core   0: 0x0000000080005fc8 (0x005c5c1b) srliw   s8, s8, 5
core   0: 1 0x0000000080005fc8 (0x005c5c1b) x24 0x0000000004000306
core   0: 0x0000000080005fcc (0xb0b26893) ori     a7, tp, -1269
core   0: 1 0x0000000080005fcc (0xb0b26893) x17 0xffffffffffffffeb
core   0: 0x0000000080005fd0 (0x419c0bb3) sub     s7, s8, s9
core   0: 1 0x0000000080005fd0 (0x419c0bb3) x23 0x00000113f101e98d
core   0: 0x0000000080005fd4 (0xfa4fda37) lui     s4, 0xfa4fd
core   0: 1 0x0000000080005fd4 (0xfa4fda37) x20 0xfffffffffa4fd000
core   0: 0x0000000080005fd8 (0x6a9a0a1b) addiw   s4, s4, 1705
core   0: 1 0x0000000080005fd8 (0x6a9a0a1b) x20 0xfffffffffa4fd6a9
core   0: 0x0000000080005fdc (0x00000a32) c.slli  s4, 12
core   0: 1 0x0000000080005fdc (0x0a32) x20 0xffffffa4fd6a9000
core   0: 0x0000000080005fde (0x2daa0a13) addi    s4, s4, 730
core   0: 1 0x0000000080005fde (0x2daa0a13) x20 0xffffffa4fd6a92da
core   0: 0x0000000080005fe2 (0xc22678d3) fcvt.l.d a7, fa2
core   0: 1 0x0000000080005fe2 (0xc22678d3) c1_fflags 0x0000000000000013 x17 0x7fffffffffffffff
core   0: 0x0000000080005fe6 (0x0008d99b) srliw   s3, a7, 0
core   0: 1 0x0000000080005fe6 (0x0008d99b) x19 0xffffffffffffffff
core   0: 0x0000000080005fea (0x0019d79b) srliw   a5, s3, 1
core   0: 1 0x0000000080005fea (0x0019d79b) x15 0x000000007fffffff
core   0: 0x0000000080005fee (0xc058def3) csrrwi  t4, hpmcounter5, 17
core   0: exception trap_illegal_instruction, epc 0x0000000080005fee
core   0:           tval 0x00000000c058def3
core   0: >>>>  $xrv64i2p1_m2p0_a2p1_f2p2_d2p2_zicsr2p0_zifencei2p0_zmmul1p0_zba1p0_zbb1p0_zbc1p0_zbs1p0
core   0: 0x0000000080004000 (0x0080006f) j       pc + 0x8
core   0: 3 0x0000000080004000 (0x0080006f)
core   0: >>>>  mmode_exception_handler
core   0: 0x0000000080004008 (0x00002c17) auipc   s8, 0x2
core   0: 3 0x0000000080004008 (0x00002c17) x24 0x0000000080006008
core   0: 0x000000008000400c (0x0d6c0c13) addi    s8, s8, 214
core   0: 3 0x000000008000400c (0x0d6c0c13) x24 0x00000000800060de
core   0: 0x0000000080004010 (0x000c00e7) jalr    s8
core   0: 3 0x0000000080004010 (0x000c00e7) x1  0x0000000080004014
core   0: >>>>  any_handler
core   0: 0x00000000800060de (0x341027f3) csrrs   a5, mepc, zero
core   0: 3 0x00000000800060de (0x341027f3) x15 0x0000000080005fee
core   0: 0x00000000800060e2 (0x34202773) csrrs   a4, mcause, zero
core   0: 3 0x00000000800060e2 (0x34202773) x14 0x0000000000000002
core   0: 0x00000000800060e6 (0x142026f3) csrrs   a3, scause, zero
core   0: 3 0x00000000800060e6 (0x142026f3) x13 0x0000000000000000
core   0: 0x00000000800060ea (0x30402673) csrrs   a2, mie, zero
core   0: 3 0x00000000800060ea (0x30402673) x12 0x0000000000000a00
core   0: 0x00000000800060ee (0x344025f3) csrrs   a1, mip, zero
core   0: 3 0x00000000800060ee (0x344025f3) x11 0x0000000000000080
core   0: 0x00000000800060f2 (0x343025f3) csrrs   a1, mtval, zero
core   0: 3 0x00000000800060f2 (0x343025f3) x11 0x00000000c058def3
core   0: 0x00000000800060f6 (0x14302573) csrrs   a0, stval, zero
core   0: 3 0x00000000800060f6 (0x14302573) x10 0x0000000000000000
core   0: 0x00000000800060fa (0xb02024f3) csrrs   s1, minstret, zero
core   0: 3 0x00000000800060fa (0xb02024f3) x9  0x00000000000012b8
core   0: 0x00000000800060fe (0x0000a811) c.j     pc + 20
core   0: 3 0x00000000800060fe (0xa811)
core   0: >>>>  mepc_4
core   0: 0x0000000080006112 (0x00000791) c.addi  a5, 4
core   0: 3 0x0000000080006112 (0x0791) x15 0x0000000080005ff2
core   0: 0x0000000080006114 (0x34179073) csrrw   zero, mepc, a5
core   0: 3 0x0000000080006114 (0x34179073) c833_mepc 0x0000000080005ff2
core   0: 0x0000000080006118 (0x30200073) mret
core   0: 3 0x0000000080006118 (0x30200073) c768_mstatus 0x8000000a00106080
core   0: 0x0000000080005ff2 (0x00102273) csrrs   tp, fflags, zero
core   0: 1 0x0000000080005ff2 (0x00102273) x4  0x0000000000000013
core   0: 0x0000000080005ff6 (0xaea98993) addi    s3, s3, -1302
core   0: 1 0x0000000080005ff6 (0xaea98993) x19 0xfffffffffffffae9
core   0: 0x0000000080005ffa (0x3420e073) csrrsi  zero, mcause, 1
core   0: exception trap_illegal_instruction, epc 0x0000000080005ffa
core   0:           tval 0x000000003420e073
core   0: >>>>  $xrv64i2p1_m2p0_a2p1_f2p2_d2p2_zicsr2p0_zifencei2p0_zmmul1p0_zba1p0_zbb1p0_zbc1p0_zbs1p0
core   0: 0x0000000080004000 (0x0080006f) j       pc + 0x8
core   0: 3 0x0000000080004000 (0x0080006f)
core   0: >>>>  mmode_exception_handler
core   0: 0x0000000080004008 (0x00002c17) auipc   s8, 0x2
core   0: 3 0x0000000080004008 (0x00002c17) x24 0x0000000080006008
core   0: 0x000000008000400c (0x0d6c0c13) addi    s8, s8, 214
core   0: 3 0x000000008000400c (0x0d6c0c13) x24 0x00000000800060de
core   0: 0x0000000080004010 (0x000c00e7) jalr    s8
core   0: 3 0x0000000080004010 (0x000c00e7) x1  0x0000000080004014
core   0: >>>>  any_handler
core   0: 0x00000000800060de (0x341027f3) csrrs   a5, mepc, zero
core   0: 3 0x00000000800060de (0x341027f3) x15 0x0000000080005ffa
core   0: 0x00000000800060e2 (0x34202773) csrrs   a4, mcause, zero
core   0: 3 0x00000000800060e2 (0x34202773) x14 0x0000000000000002
core   0: 0x00000000800060e6 (0x142026f3) csrrs   a3, scause, zero
core   0: 3 0x00000000800060e6 (0x142026f3) x13 0x0000000000000000
core   0: 0x00000000800060ea (0x30402673) csrrs   a2, mie, zero
core   0: 3 0x00000000800060ea (0x30402673) x12 0x0000000000000a00
core   0: 0x00000000800060ee (0x344025f3) csrrs   a1, mip, zero
core   0: 3 0x00000000800060ee (0x344025f3) x11 0x0000000000000080
core   0: 0x00000000800060f2 (0x343025f3) csrrs   a1, mtval, zero
core   0: 3 0x00000000800060f2 (0x343025f3) x11 0x000000003420e073
core   0: 0x00000000800060f6 (0x14302573) csrrs   a0, stval, zero
core   0: 3 0x00000000800060f6 (0x14302573) x10 0x0000000000000000
core   0: 0x00000000800060fa (0xb02024f3) csrrs   s1, minstret, zero
core   0: 3 0x00000000800060fa (0xb02024f3) x9  0x00000000000012ca
core   0: 0x00000000800060fe (0x0000a811) c.j     pc + 20
core   0: 3 0x00000000800060fe (0xa811)
core   0: >>>>  mepc_4
core   0: 0x0000000080006112 (0x00000791) c.addi  a5, 4
core   0: 3 0x0000000080006112 (0x0791) x15 0x0000000080005ffe
core   0: 0x0000000080006114 (0x34179073) csrrw   zero, mepc, a5
core   0: 3 0x0000000080006114 (0x34179073) c833_mepc 0x0000000080005ffe
core   0: 0x0000000080006118 (0x30200073) mret
core   0: 3 0x0000000080006118 (0x30200073) c768_mstatus 0x8000000a00106080
core   0: 0x0000000080005ffe (0x00000686) c.slli  a3, 1
core   0: 1 0x0000000080005ffe (0x0686) x13 0x0000000000000000
core   0: 0x0000000080006000 (0x00004405) c.li    s0, 1
core   0: 1 0x0000000080006000 (0x4405) x8  0x0000000000000001
core   0: 0x0000000080006002 (0x020d603b) remw    zero, s10, zero
core   0: 1 0x0000000080006002 (0x020d603b)
core   0: 0x0000000080006006 (0x1b40ff53) fdiv.d  ft10, ft1, fs4
core   0: 1 0x0000000080006006 (0x1b40ff53) f30 0x7ff8000000000000
core   0: 0x000000008000600a (0x400d083b) subw    a6, s10, zero
core   0: 1 0x000000008000600a (0x400d083b) x16 0x0000000000000000
core   0: 0x000000008000600e (0x00136a93) ori     s5, t1, 1
core   0: 1 0x000000008000600e (0x00136a93) x21 0x0000000000002425
core   0: 0x0000000080006012 (0x40058cb3) sub     s9, a1, zero
core   0: 1 0x0000000080006012 (0x40058cb3) x25 0x000000003420e073
core   0: 0x0000000080006016 (0x01d00e3b) addw    t3, zero, t4
core   0: 1 0x0000000080006016 (0x01d00e3b) x28 0x0000000000001283
core   0: 0x000000008000601a (0x401ed89b) sraiw   a7, t4, 1
core   0: 1 0x000000008000601a (0x401ed89b) x17 0x0000000000000941
core   0: 0x000000008000601e (0x72227747) fmsub.d fa4, ft4, ft2, fa4
core   0: 1 0x000000008000601e (0x72227747) f14 0x7ff8000000000000
core   0: 0x0000000080006022 (0x02aa663b) remw    a2, s4, a0
core   0: 1 0x0000000080006022 (0x02aa663b) x12 0xfffffffffd6a92da
core   0: 0x0000000080006026 (0x03c41e13) slli    t3, s0, 60
core   0: 1 0x0000000080006026 (0x03c41e13) x28 0x1000000000000000
core   0: 0x000000008000602a (0x026e9233) mulh    tp, t4, t1
core   0: 1 0x000000008000602a (0x026e9233) x4  0x0000000000000000
core   0: 0x000000008000602e (0xc0297853) fcvt.l.s a6, fs2
core   0: 1 0x000000008000602e (0xc0297853) c1_fflags 0x0000000000000013 x16 0x7fffffffffffffff
core   0: 0x0000000080006032 (0x3400d773) csrrwi  a4, mscratch, 1
core   0: exception trap_illegal_instruction, epc 0x0000000080006032
core   0:           tval 0x000000003400d773
core   0: >>>>  $xrv64i2p1_m2p0_a2p1_f2p2_d2p2_zicsr2p0_zifencei2p0_zmmul1p0_zba1p0_zbb1p0_zbc1p0_zbs1p0
core   0: 0x0000000080004000 (0x0080006f) j       pc + 0x8
core   0: 3 0x0000000080004000 (0x0080006f)
core   0: >>>>  mmode_exception_handler
core   0: 0x0000000080004008 (0x00002c17) auipc   s8, 0x2
core   0: 3 0x0000000080004008 (0x00002c17) x24 0x0000000080006008
core   0: 0x000000008000400c (0x0d6c0c13) addi    s8, s8, 214
core   0: 3 0x000000008000400c (0x0d6c0c13) x24 0x00000000800060de
core   0: 0x0000000080004010 (0x000c00e7) jalr    s8
core   0: 3 0x0000000080004010 (0x000c00e7) x1  0x0000000080004014
core   0: >>>>  any_handler
core   0: 0x00000000800060de (0x341027f3) csrrs   a5, mepc, zero
core   0: 3 0x00000000800060de (0x341027f3) x15 0x0000000080006032
core   0: 0x00000000800060e2 (0x34202773) csrrs   a4, mcause, zero
core   0: 3 0x00000000800060e2 (0x34202773) x14 0x0000000000000002
core   0: 0x00000000800060e6 (0x142026f3) csrrs   a3, scause, zero
core   0: 3 0x00000000800060e6 (0x142026f3) x13 0x0000000000000000
core   0: 0x00000000800060ea (0x30402673) csrrs   a2, mie, zero
core   0: 3 0x00000000800060ea (0x30402673) x12 0x0000000000000a00
core   0: 0x00000000800060ee (0x344025f3) csrrs   a1, mip, zero
core   0: 3 0x00000000800060ee (0x344025f3) x11 0x0000000000000080
core   0: 0x00000000800060f2 (0x343025f3) csrrs   a1, mtval, zero
core   0: 3 0x00000000800060f2 (0x343025f3) x11 0x000000003400d773
core   0: 0x00000000800060f6 (0x14302573) csrrs   a0, stval, zero
core   0: 3 0x00000000800060f6 (0x14302573) x10 0x0000000000000000
core   0: 0x00000000800060fa (0xb02024f3) csrrs   s1, minstret, zero
core   0: 3 0x00000000800060fa (0xb02024f3) x9  0x00000000000012e8
core   0: 0x00000000800060fe (0x0000a811) c.j     pc + 20
core   0: 3 0x00000000800060fe (0xa811)
core   0: >>>>  mepc_4
core   0: 0x0000000080006112 (0x00000791) c.addi  a5, 4
core   0: 3 0x0000000080006112 (0x0791) x15 0x0000000080006036
core   0: 0x0000000080006114 (0x34179073) csrrw   zero, mepc, a5
core   0: 3 0x0000000080006114 (0x34179073) c833_mepc 0x0000000080006036
core   0: 0x0000000080006118 (0x30200073) mret
core   0: 3 0x0000000080006118 (0x30200073) c768_mstatus 0x8000000a00106080
core   0: 0x0000000080006036 (0x0ff0000f) fence   iorw,iorw
core   0: 1 0x0000000080006036 (0x0ff0000f)
core   0: 0x000000008000603a (0x2b481a53) fmax.d  fs4, fa6, fs4
core   0: 1 0x000000008000603a (0x2b481a53) f20 0x7ff8000000000000
core   0: 0x000000008000603e (0x032417b3) mulh    a5, s0, s2
core   0: 1 0x000000008000603e (0x032417b3) x15 0x0000000000000000
core   0: 0x0000000080006042 (0xfa783437) lui     s0, 0xfa783
core   0: 1 0x0000000080006042 (0xfa783437) x8  0xfffffffffa783000
core   0: 0x0000000080006046 (0x38d4041b) addiw   s0, s0, 909
core   0: 1 0x0000000080006046 (0x38d4041b) x8  0xfffffffffa78338d
core   0: 0x000000008000604a (0x00000432) c.slli  s0, 12
core   0: 1 0x000000008000604a (0x0432) x8  0xffffffa78338d000
core   0: 0x000000008000604c (0xe3540413) addi    s0, s0, -459
core   0: 1 0x000000008000604c (0xe3540413) x8  0xffffffa78338ce35
core   0: 0x0000000080006050 (0xc231f053) fcvt.lu.d zero, ft3
core   0: 1 0x0000000080006050 (0xc231f053) c1_fflags 0x0000000000000013
core   0: 0x0000000080006054 (0x00e72933) slt     s2, a4, a4
core   0: 1 0x0000000080006054 (0x00e72933) x18 0x0000000000000000
core   0: 0x0000000080006058 (0xf20a0153) fmv.d.x ft2, s4
core   0: 1 0x0000000080006058 (0xf20a0153) f2  0xffffffa4fd6a92da
core   0: 0x000000008000605c (0x9ae17b43) fmadd.d fs6, ft2, fa4, fs3
core   0: 1 0x000000008000605c (0x9ae17b43) f22 0x7ff8000000000000
core   0: 0x0000000080006060 (0x4124d4b3) sra     s1, s1, s2
core   0: 1 0x0000000080006060 (0x4124d4b3) x9  0x00000000000012e8
core   0: 0x0000000080006064 (0x00102bf3) csrrs   s7, fflags, zero
core   0: 1 0x0000000080006064 (0x00102bf3) x23 0x0000000000000013
core   0: 0x0000000080006068 (0xc03cf653) fcvt.lu.s a2, fs9
core   0: 1 0x0000000080006068 (0xc03cf653) c1_fflags 0x0000000000000013 x12 0xffffffffffffffff
core   0: 0x000000008000606c (0x001d8437) lui     s0, 0x1d8
core   0: 1 0x000000008000606c (0x001d8437) x8  0x00000000001d8000
core   0: 0x0000000080006070 (0xe4d4041b) addiw   s0, s0, -435
core   0: 1 0x0000000080006070 (0xe4d4041b) x8  0x00000000001d7e4d
core   0: 0x0000000080006074 (0x0000043a) c.slli  s0, 14
core   0: 1 0x0000000080006074 (0x043a) x8  0x000000075f934000
core   0: 0x0000000080006076 (0x48040413) addi    s0, s0, 1152
core   0: 1 0x0000000080006076 (0x48040413) x8  0x000000075f934480
core   0: 0x000000008000607a (0x023241bb) divw    gp, tp, gp
core   0: 1 0x000000008000607a (0x023241bb) x3  0x0000000000000000
core   0: 0x000000008000607e (0x001b189b) slliw   a7, s6, 1
core   0: 1 0x000000008000607e (0x001b189b) x17 0xfffffffffffffffe
core   0: 0x0000000080006082 (0x03a14c3b) divw    s8, sp, s10
core   0: 1 0x0000000080006082 (0x03a14c3b) x24 0xffffffffffffffff
core   0: 0x0000000080006086 (0x024c6c3b) remw    s8, s8, tp
core   0: 1 0x0000000080006086 (0x024c6c3b) x24 0xffffffffffffffff
core   0: 0x000000008000608a (0x2b2a06d3) fmin.d  fa3, fs4, fs2
core   0: 1 0x000000008000608a (0x2b2a06d3) f13 0x7ff8000000000000
core   0: 0x000000008000608e (0x03801633) mulh    a2, zero, s8
core   0: 1 0x000000008000608e (0x03801633) x12 0x0000000000000000
core   0: 0x0000000080006092 (0xd24c5d17) auipc   s10, 0xd24c5
core   0: 1 0x0000000080006092 (0xd24c5d17) x26 0x00000000524cb092
core   0: 0x0000000080006096 (0x000d5513) srli    a0, s10, 0
core   0: 1 0x0000000080006096 (0x000d5513) x10 0x00000000524cb092
core   0: 0x000000008000609a (0x000995bb) sllw    a1, s3, zero
core   0: 1 0x000000008000609a (0x000995bb) x11 0xfffffffffffffae9
core   0: 0x000000008000609e (0x142250f3) csrrwi  ra, scause, 4
core   0: 1 0x000000008000609e (0x142250f3) x1  0x0000000000000000 c322_scause 0x0000000000000004
core   0: 0x00000000800060a2 (0xc03f72d3) fcvt.lu.s t0, ft10
core   0: 1 0x00000000800060a2 (0xc03f72d3) c1_fflags 0x0000000000000013 x5  0xffffffffffffffff
core   0: 0x00000000800060a6 (0x0050ae33) slt     t3, ra, t0
core   0: 1 0x00000000800060a6 (0x0050ae33) x28 0x0000000000000000
core   0: 0x00000000800060aa (0x001901bb) addw    gp, s2, ra
core   0: 1 0x00000000800060aa (0x001901bb) x3  0x0000000000000000
core   0: 0x00000000800060ae (0x2b121ad3) fmax.d  fs5, ft4, fa7
core   0: 1 0x00000000800060ae (0x2b121ad3) f21 0x7ff8000000000000
core   0: 0x00000000800060b2 (0x40c6d933) sra     s2, a3, a2
core   0: 1 0x00000000800060b2 (0x40c6d933) x18 0x0000000000000000
core   0: 0x00000000800060b6 (0x1236f7d3) fmul.d  fa5, fa3, ft3
core   0: 1 0x00000000800060b6 (0x1236f7d3) f15 0x7ff8000000000000
core   0: 0x00000000800060ba (0xc201f353) fcvt.w.d t1, ft3
core   0: 1 0x00000000800060ba (0xc201f353) c1_fflags 0x0000000000000013 x6  0x000000007fffffff
core   0: 0x00000000800060be (0x03b336b3) mulhu   a3, t1, s11
core   0: 1 0x00000000800060be (0x03b336b3) x13 0x0000000000000000
core   0: 0x00000000800060c2 (0xc4640413) addi    s0, s0, -954
core   0: 1 0x00000000800060c2 (0xc4640413) x8  0x000000075f9340c6
core   0: 0x00000000800060c6 (0x00000001) c.nop
core   0: 1 0x00000000800060c6 (0x0001)
core   0: 0x00000000800060c8 (0xc22af7d3) fcvt.l.d a5, fs5
core   0: 1 0x00000000800060c8 (0xc22af7d3) c1_fflags 0x0000000000000013 x15 0x7fffffffffffffff
core   0: 0x00000000800060cc (0xd03afad3) fcvt.s.lu fs5, s5
core   0: 1 0x00000000800060cc (0xd03afad3) f21 0xffffffff46109400
core   0: 0x00000000800060d0 (0x02cce23b) remw    tp, s9, a2
core   0: 1 0x00000000800060d0 (0x02cce23b) x4  0x000000003420e073
core   0: 0x00000000800060d4 (0x01d39a3b) sllw    s4, t2, t4
core   0: 1 0x00000000800060d4 (0x01d39a3b) x20 0xfffffffffffffff8
core   0: >>>>  write_tohost
core   0: 0x00000000800060d8 (0x90cfa0ef) jal     pc - 0x5ef4
core   0: 1 0x00000000800060d8 (0x90cfa0ef) x1  0x00000000800060dc
core   0: >>>>  _exit
core   0: 0x00000000800001e4 (0x00004505) c.li    a0, 1
core   0: 1 0x00000000800001e4 (0x4505) x10 0x0000000000000001
core   0: 0x00000000800001e6 (0x00001f17) auipc   t5, 0x1
core   0: 1 0x00000000800001e6 (0x00001f17) x30 0x00000000800011e6
core   0: 0x00000000800001ea (0xe0af2d23) sw      a0, -486(t5)
core   0: 1 0x00000000800001ea (0xe0af2d23) mem 0x0000000080001000 0x00000001
cp /home/server/RISCV/cva6/verif/sim/out/seed_1198/spike_sim/new_seeds_1198_.cv64a6_imafdc_sv39.log.iss /home/server/RISCV/cva6/verif/sim/out/seed_1198/spike_sim/new_seeds_1198_.cv64a6_imafdc_sv39.log
